core   0: 0x00001000 (0x00000297) auipc   t0, 0x0
core   0: 3 0x00001000 (0x00000297) x 5 0x00001000
core   0: 0x00001004 (0x02028593) addi    a1, t0, 32
core   0: 3 0x00001004 (0x02028593) x11 0x00001020
core   0: 0x00001008 (0xf1402573) csrr    a0, mhartid
core   0: 3 0x00001008 (0xf1402573) x10 0x00000000
core   0: 0x0000100c (0x0182a283) lw      t0, 24(t0)
core   0: 3 0x0000100c (0x0182a283) x 5 0x80000000 mem 0x00001018
core   0: 0x00001010 (0x00028067) jr      t0
core   0: 3 0x00001010 (0x00028067)
core   0: 0x80000000 (0xf14022f3) csrr    t0, mhartid
core   0: 3 0x80000000 (0xf14022f3) x 5 0x00000000
core   0: 0x80000004 (0x00004301) c.li    t1, 0
core   0: 3 0x80000004 (0x4301) x 6 0x00000000
core   0: 0x80000006 (0x00628263) beq     t0, t1, pc + 4
core   0: 3 0x80000006 (0x00628263)
core   0: 0x8000000a (0x00000117) auipc   sp, 0x0
core   0: 3 0x8000000a (0x00000117) x 2 0x8000000a
core   0: 0x8000000e (0x00c10113) addi    sp, sp, 12
core   0: 3 0x8000000e (0x00c10113) x 2 0x80000016
core   0: 0x80000012 (0x00010067) jr      sp
core   0: 3 0x80000012 (0x00010067)
core   0: 0x80000016 (0x40001c37) lui     s8, 0x40001
core   0: 3 0x80000016 (0x40001c37) x24 0x40001000
core   0: 0x8000001a (0x104c0c13) addi    s8, s8, 260
core   0: 3 0x8000001a (0x104c0c13) x24 0x40001104
core   0: 0x8000001e (0x301c1073) csrw    misa, s8
core   0: 3 0x8000001e (0x301c1073) c769_misa 0x40141104
core   0: 0x80000022 (0x00027217) auipc   tp, 0x27
core   0: 3 0x80000022 (0x00027217) x 4 0x80027022
core   0: 0x80000026 (0xcc220213) addi    tp, tp, -830
core   0: 3 0x80000026 (0xcc220213) x 4 0x80026ce4
core   0: 0x8000002a (0x0000cc17) auipc   s8, 0xc
core   0: 3 0x8000002a (0x0000cc17) x24 0x8000c02a
core   0: 0x8000002e (0x046c0c13) addi    s8, s8, 70
core   0: 3 0x8000002e (0x046c0c13) x24 0x8000c070
core   0: 0x80000032 (0x001c6c13) ori     s8, s8, 1
core   0: 3 0x80000032 (0x001c6c13) x24 0x8000c071
core   0: 0x80000036 (0x305c1073) csrw    mtvec, s8
core   0: 3 0x80000036 (0x305c1073) c773_mtvec 0x8000c071
core   0: 0x8000003a (0x00000c17) auipc   s8, 0x0
core   0: 3 0x8000003a (0x00000c17) x24 0x8000003a
core   0: 0x8000003e (0x024c0c13) addi    s8, s8, 36
core   0: 3 0x8000003e (0x024c0c13) x24 0x8000005e
core   0: 0x80000042 (0x341c1073) csrw    mepc, s8
core   0: 3 0x80000042 (0x341c1073) c833_mepc 0x8000005e
core   0: 0x80000046 (0x00000001) c.nop
core   0: 3 0x80000046 (0x0001)
core   0: 0x80000048 (0x00002c37) lui     s8, 0x2
core   0: 3 0x80000048 (0x00002c37) x24 0x00002000
core   0: 0x8000004c (0x800c0c13) addi    s8, s8, -2048
core   0: 3 0x8000004c (0x800c0c13) x24 0x00001800
core   0: 0x80000050 (0x300c1073) csrw    mstatus, s8
core   0: 3 0x80000050 (0x300c1073) c768_mstatus 0x00001800
core   0: 0x80000054 (0x00004c01) c.li    s8, 0
core   0: 3 0x80000054 (0x4c01) x24 0x00000000
core   0: 0x80000056 (0x304c1073) csrw    mie, s8
core   0: 3 0x80000056 (0x304c1073) c772_mie 0x00000000
core   0: 0x8000005a (0x30200073) mret
core   0: 3 0x8000005a (0x30200073) c768_mstatus 0x00000080
core   0: >>>>  init
core   0: 0x8000005e (0x0dc90037) lui     zero, 0xdc90
core   0: 3 0x8000005e (0x0dc90037)
core   0: 0x80000062 (0x11b00013) li      zero, 283
core   0: 3 0x80000062 (0x11b00013)
core   0: 0x80000066 (0xfe0570b7) lui     ra, 0xfe057
core   0: 3 0x80000066 (0xfe0570b7) x 1 0xfe057000
core   0: 0x8000006a (0xfbc08093) addi    ra, ra, -68
core   0: 3 0x8000006a (0xfbc08093) x 1 0xfe056fbc
core   0: 0x8000006e (0x00004131) c.li    sp, 12
core   0: 3 0x8000006e (0x4131) x 2 0x0000000c
core   0: 0x80000070 (0x0000418d) c.li    gp, 3
core   0: 3 0x80000070 (0x418d) x 3 0x00000003
core   0: 0x80000072 (0x80000337) lui     t1, 0x80000
core   0: 3 0x80000072 (0x80000337) x 6 0x80000000
core   0: 0x80000076 (0xf56243b7) lui     t2, 0xf5624
core   0: 3 0x80000076 (0xf56243b7) x 7 0xf5624000
core   0: 0x8000007a (0x18a38393) addi    t2, t2, 394
core   0: 3 0x8000007a (0x18a38393) x 7 0xf562418a
core   0: 0x8000007e (0x00004401) c.li    s0, 0
core   0: 3 0x8000007e (0x4401) x 8 0x00000000
core   0: 0x80000080 (0x800004b7) lui     s1, 0x80000
core   0: 3 0x80000080 (0x800004b7) x 9 0x80000000
core   0: 0x80000084 (0x80000537) lui     a0, 0x80000
core   0: 3 0x80000084 (0x80000537) x10 0x80000000
core   0: 0x80000088 (0xf92975b7) lui     a1, 0xf9297
core   0: 3 0x80000088 (0xf92975b7) x11 0xf9297000
core   0: 0x8000008c (0xe5258593) addi    a1, a1, -430
core   0: 3 0x8000008c (0xe5258593) x11 0xf9296e52
core   0: 0x80000090 (0x00004601) c.li    a2, 0
core   0: 3 0x80000090 (0x4601) x12 0x00000000
core   0: 0x80000092 (0xf21096b7) lui     a3, 0xf2109
core   0: 3 0x80000092 (0xf21096b7) x13 0xf2109000
core   0: 0x80000096 (0xb4468693) addi    a3, a3, -1212
core   0: 3 0x80000096 (0xb4468693) x13 0xf2108b44
core   0: 0x8000009a (0xfae3f737) lui     a4, 0xfae3f
core   0: 3 0x8000009a (0xfae3f737) x14 0xfae3f000
core   0: 0x8000009e (0xf3570713) addi    a4, a4, -203
core   0: 3 0x8000009e (0xf3570713) x14 0xfae3ef35
core   0: 0x800000a2 (0xfa3887b7) lui     a5, 0xfa388
core   0: 3 0x800000a2 (0xfa3887b7) x15 0xfa388000
core   0: 0x800000a6 (0x8d478793) addi    a5, a5, -1836
core   0: 3 0x800000a6 (0x8d478793) x15 0xfa3878d4
core   0: 0x800000aa (0x00004821) c.li    a6, 8
core   0: 3 0x800000aa (0x4821) x16 0x00000008
core   0: 0x800000ac (0x5d2b08b7) lui     a7, 0x5d2b0
core   0: 3 0x800000ac (0x5d2b08b7) x17 0x5d2b0000
core   0: 0x800000b0 (0xdca88893) addi    a7, a7, -566
core   0: 3 0x800000b0 (0xdca88893) x17 0x5d2afdca
core   0: 0x800000b4 (0x09caf937) lui     s2, 0x9caf
core   0: 3 0x800000b4 (0x09caf937) x18 0x09caf000
core   0: 0x800000b8 (0x51390913) addi    s2, s2, 1299
core   0: 3 0x800000b8 (0x51390913) x18 0x09caf513
core   0: 0x800000bc (0x800009b7) lui     s3, 0x80000
core   0: 3 0x800000bc (0x800009b7) x19 0x80000000
core   0: 0x800000c0 (0x80000a37) lui     s4, 0x80000
core   0: 3 0x800000c0 (0x80000a37) x20 0x80000000
core   0: 0x800000c4 (0x80000ab7) lui     s5, 0x80000
core   0: 3 0x800000c4 (0x80000ab7) x21 0x80000000
core   0: 0x800000c8 (0xfee34b37) lui     s6, 0xfee34
core   0: 3 0x800000c8 (0xfee34b37) x22 0xfee34000
core   0: 0x800000cc (0xc9db0b13) addi    s6, s6, -867
core   0: 3 0x800000cc (0xc9db0b13) x22 0xfee33c9d
core   0: 0x800000d0 (0x00004b99) c.li    s7, 6
core   0: 3 0x800000d0 (0x4b99) x23 0x00000006
core   0: 0x800000d2 (0xf3fe0c37) lui     s8, 0xf3fe0
core   0: 3 0x800000d2 (0xf3fe0c37) x24 0xf3fe0000
core   0: 0x800000d6 (0x1e7c0c13) addi    s8, s8, 487
core   0: 3 0x800000d6 (0x1e7c0c13) x24 0xf3fe01e7
core   0: 0x800000da (0x00004c81) c.li    s9, 0
core   0: 3 0x800000da (0x4c81) x25 0x00000000
core   0: 0x800000dc (0x00004d3d) c.li    s10, 15
core   0: 3 0x800000dc (0x4d3d) x26 0x0000000f
core   0: 0x800000de (0x80000db7) lui     s11, 0x80000
core   0: 3 0x800000de (0x80000db7) x27 0x80000000
core   0: 0x800000e2 (0x83fd6e37) lui     t3, 0x83fd6
core   0: 3 0x800000e2 (0x83fd6e37) x28 0x83fd6000
core   0: 0x800000e6 (0x817e0e13) addi    t3, t3, -2025
core   0: 3 0x800000e6 (0x817e0e13) x28 0x83fd5817
core   0: 0x800000ea (0x80000eb7) lui     t4, 0x80000
core   0: 3 0x800000ea (0x80000eb7) x29 0x80000000
core   0: 0x800000ee (0xf2fa5f37) lui     t5, 0xf2fa5
core   0: 3 0x800000ee (0xf2fa5f37) x30 0xf2fa5000
core   0: 0x800000f2 (0xa05f0f13) addi    t5, t5, -1531
core   0: 3 0x800000f2 (0xa05f0f13) x30 0xf2fa4a05
core   0: 0x800000f6 (0xf6931fb7) lui     t6, 0xf6931
core   0: 3 0x800000f6 (0xf6931fb7) x31 0xf6931000
core   0: 0x800000fa (0xeadf8f93) addi    t6, t6, -339
core   0: 3 0x800000fa (0xeadf8f93) x31 0xf6930ead
core   0: 0x800000fe (0x00023297) auipc   t0, 0x23
core   0: 3 0x800000fe (0x00023297) x 5 0x800230fe
core   0: 0x80000102 (0xd6628293) addi    t0, t0, -666
core   0: 3 0x80000102 (0xd6628293) x 5 0x80022e64
core   0: 0x80000106 (0x534cef93) ori     t6, s9, 1332
core   0: 3 0x80000106 (0x534cef93) x31 0x00000534
core   0: 0x8000010a (0x0000ae97) auipc   t4, 0xa
core   0: 3 0x8000010a (0x0000ae97) x29 0x8000a10a
core   0: 0x8000010e (0xac6e8e93) addi    t4, t4, -1338
core   0: 3 0x8000010e (0xac6e8e93) x29 0x80009bd0
core   0: 0x80000112 (0x007d9e33) sll     t3, s11, t2
core   0: 3 0x80000112 (0x007d9e33) x28 0x00000000
core   0: 0x80000116 (0xf81e8e93) addi    t4, t4, -127
core   0: 3 0x80000116 (0xf81e8e93) x29 0x80009b51
core   0: 0x8000011a (0x0000100f) fence.i
core   0: 3 0x8000011a (0x0000100f)
core   0: 0x8000011e (0x0ff0000f) fence   iorw,iorw
core   0: 3 0x8000011e (0x0ff0000f)
core   0: 0x80000122 (0x01130433) add     s0, t1, a7
core   0: 3 0x80000122 (0x01130433) x 8 0xdd2afdca
core   0: 0x80000126 (0x00008ded) c.and   a1, a1
core   0: 3 0x80000126 (0x8ded) x11 0xf9296e52
core   0: 0x80000128 (0x001ec863) blt     t4, ra, pc + 16
core   0: 3 0x80000128 (0x001ec863)
core   0: 0x80000138 (0x080e8ce7) jalr    s9, t4, 128
core   0: 3 0x80000138 (0x080e8ce7) x25 0x8000013c
core   0: 0x80009bd0 (0x00daf363) bgeu    s5, a3, pc + 6
core   0: 3 0x80009bd0 (0x00daf363)
core   0: 0x80009bd4 (0x00008c01) c.sub   s0, s0
core   0: 3 0x80009bd4 (0x8c01) x 8 0x00000000
core   0: 0x80009bd6 (0x000012d1) c.addi  t0, -12
core   0: 3 0x80009bd6 (0x12d1) x 5 0x80022e58
core   0: 0x80009bd8 (0x02f11a33) mulh    s4, sp, a5
core   0: 3 0x80009bd8 (0x02f11a33) x20 0xffffffff
core   0: 0x80009bdc (0x000043e9) c.li    t2, 26
core   0: 3 0x80009bdc (0x43e9) x 7 0x0000001a
core   0: 0x80009bde (0x023b17b3) mulh    a5, s6, gp
core   0: 3 0x80009bde (0x023b17b3) x15 0xffffffff
core   0: 0x80009be2 (0x0192a223) sw      s9, 4(t0)
core   0: 3 0x80009be2 (0x0192a223) mem 0x80022e5c 0x8000013c
core   0: 0x80009be6 (0x00008cd5) c.or    s1, a3
core   0: 3 0x80009be6 (0x8cd5) x 9 0xf2108b44
core   0: 0x80009be8 (0x000051fd) c.li    gp, -1
core   0: 3 0x80009be8 (0x51fd) x 3 0xffffffff
core   0: 0x80009bea (0x40555f33) sra     t5, a0, t0
core   0: 3 0x80009bea (0x40555f33) x30 0xffffff80
core   0: 0x80009bee (0xb9f12893) slti    a7, sp, -1121
core   0: 3 0x80009bee (0xb9f12893) x17 0x00000000
core   0: 0x80009bf2 (0x00008da5) c.xor   a1, s1
core   0: 3 0x80009bf2 (0x8da5) x11 0x0b39e516
core   0: 0x80009bf4 (0x00000a17) auipc   s4, 0x0
core   0: 3 0x80009bf4 (0x00000a17) x20 0x80009bf4
core   0: 0x80009bf8 (0x3c8a0a13) addi    s4, s4, 968
core   0: 3 0x80009bf8 (0x3c8a0a13) x20 0x80009fbc
core   0: 0x80009bfc (0xfd7a0a13) addi    s4, s4, -41
core   0: 3 0x80009bfc (0xfd7a0a13) x20 0x80009f93
core   0: 0x80009c00 (0x03cc7ab3) remu    s5, s8, t3
core   0: 3 0x80009c00 (0x03cc7ab3) x21 0xf3fe01e7
core   0: 0x80009c04 (0x018c8863) beq     s9, s8, pc + 16
core   0: 3 0x80009c04 (0x018c8863)
core   0: 0x80009c08 (0x01077533) and     a0, a4, a6
core   0: 3 0x80009c08 (0x01077533) x10 0x00000000
core   0: 0x80009c0c (0x288fe193) ori     gp, t6, 648
core   0: 3 0x80009c0c (0x288fe193) x 3 0x000007bc
core   0: 0x80009c10 (0xbe747b93) andi    s7, s0, -1049
core   0: 3 0x80009c10 (0xbe747b93) x23 0x00000000
core   0: 0x80009c14 (0x029a0ce7) jalr    s9, s4, 41
core   0: 3 0x80009c14 (0x029a0ce7) x25 0x80009c18
core   0: 0x80009fbc (0x0000c199) c.beqz  a1, pc + 6
core   0: 3 0x80009fbc (0xc199)
core   0: 0x80009fbe (0x07d21f97) auipc   t6, 0x7d21
core   0: 3 0x80009fbe (0x07d21f97) x31 0x87d2afbe
core   0: 0x80009fc2 (0x000012e1) c.addi  t0, -8
core   0: 3 0x80009fc2 (0x12e1) x 5 0x80022e50
core   0: 0x80009fc4 (0x03d91ab3) mulh    s5, s2, t4
core   0: 3 0x80009fc4 (0x03d91ab3) x21 0xfb1a8b67
core   0: 0x80009fc8 (0x4023d493) srai    s1, t2, 2
core   0: 3 0x80009fc8 (0x4023d493) x 9 0x00000006
core   0: 0x80009fcc (0x0192a223) sw      s9, 4(t0)
core   0: 3 0x80009fcc (0x0192a223) mem 0x80022e54 0x80009c18
core   0: 0x80009fd0 (0x026237b3) mulhu   a5, tp, t1
core   0: 3 0x80009fd0 (0x026237b3) x15 0x40013672
core   0: 0x80009fd4 (0x0204c633) div     a2, s1, zero
core   0: 3 0x80009fd4 (0x0204c633) x12 0xffffffff
core   0: 0x80009fd8 (0x00000001) c.nop
core   0: 3 0x80009fd8 (0x0001)
core   0: 0x80009fda (0x00000336) c.slli  t1, 13
core   0: 3 0x80009fda (0x0336) x 6 0x00000000
core   0: 0x80009fdc (0x038febb3) rem     s7, t6, s8
core   0: 3 0x80009fdc (0x038febb3) x23 0xffe69cb8
core   0: 0x80009fe0 (0x00000001) c.nop
core   0: 3 0x80009fe0 (0x0001)
core   0: 0x80009fe2 (0x00000a22) c.slli  s4, 8
core   0: 3 0x80009fe2 (0x0a22) x20 0x009f9300
core   0: 0x80009fe4 (0xfcafccef) jal     s9, pc - 0x3836
core   0: 3 0x80009fe4 (0xfcafccef) x25 0x80009fe8
core   0: 0x800067ae (0x01a89563) bne     a7, s10, pc + 10
core   0: 3 0x800067ae (0x01a89563)
core   0: 0x800067b8 (0xfc028293) addi    t0, t0, -64
core   0: 3 0x800067b8 (0xfc028293) x 5 0x80022e10
core   0: 0x800067bc (0x033a71b3) remu    gp, s4, s3
core   0: 3 0x800067bc (0x033a71b3) x 3 0x009f9300
core   0: 0x800067c0 (0x022a2eb3) mulhsu  t4, s4, sp
core   0: 3 0x800067c0 (0x022a2eb3) x29 0x00000000
core   0: 0x800067c4 (0x00008d8d) c.sub   a1, a1
core   0: 3 0x800067c4 (0x8d8d) x11 0x00000000
core   0: 0x800067c6 (0x00008ee9) c.and   a3, a0
core   0: 3 0x800067c6 (0x8ee9) x13 0x00000000
core   0: 0x800067c8 (0x01fea9b3) slt     s3, t4, t6
core   0: 3 0x800067c8 (0x01fea9b3) x19 0x00000000
core   0: 0x800067cc (0x0192a223) sw      s9, 4(t0)
core   0: 3 0x800067cc (0x0192a223) mem 0x80022e14 0x80009fe8
core   0: 0x800067d0 (0x0000671d) c.lui   a4, 0x7
core   0: 3 0x800067d0 (0x671d) x14 0x00007000
core   0: 0x800067d2 (0x00007717) auipc   a4, 0x7
core   0: 3 0x800067d2 (0x00007717) x14 0x8000d7d2
core   0: 0x800067d6 (0x1cd70713) addi    a4, a4, 461
core   0: 3 0x800067d6 (0x1cd70713) x14 0x8000d99f
core   0: 0x800067da (0xf2575a83) lhu     s5, -219(a4)
core   0: 3 0x800067da (0xf2575a83) x21 0x0000db36 mem 0x8000d8c4
core   0: 0x800067de (0x01070da3) sb      a6, 27(a4)
core   0: 3 0x800067de (0x01070da3) mem 0x8000d9ba 0x8
core   0: 0x800067e2 (0xef9b4c13) xori    s8, s6, -263
core   0: 3 0x800067e2 (0xef9b4c13) x24 0x011cc264
core   0: 0x800067e6 (0xc7f42193) slti    gp, s0, -897
core   0: 3 0x800067e6 (0xc7f42193) x 3 0x00000000
core   0: 0x800067ea (0x03134b33) div     s6, t1, a7
core   0: 3 0x800067ea (0x03134b33) x22 0xffffffff
core   0: 0x800067ee (0x08474403) lbu     s0, 132(a4)
core   0: 3 0x800067ee (0x08474403) x 8 0x000000f5 mem 0x8000da23
core   0: 0x800067f2 (0x00008e11) c.sub   a2, a2
core   0: 3 0x800067f2 (0x8e11) x12 0x00000000
core   0: 0x800067f4 (0x02b0b933) mulhu   s2, ra, a1
core   0: 3 0x800067f4 (0x02b0b933) x18 0x00000000
core   0: 0x800067f8 (0x024d7033) remu    zero, s10, tp
core   0: 3 0x800067f8 (0x024d7033)
core   0: 0x800067fc (0x00008cd9) c.or    s1, a4
core   0: 3 0x800067fc (0x8cd9) x 9 0x8000d99f
core   0: 0x800067fe (0x04d9cb13) xori    s6, s3, 77
core   0: 3 0x800067fe (0x04d9cb13) x22 0x0000004d
core   0: 0x80006802 (0x1ff26b93) ori     s7, tp, 511
core   0: 3 0x80006802 (0x1ff26b93) x23 0x80026dff
core   0: 0x80006806 (0x54f7cf17) auipc   t5, 0x54f7c
core   0: 3 0x80006806 (0x54f7cf17) x30 0xd4f82806
core   0: 0x8000680a (0x000069d5) c.lui   s3, 0x15
core   0: 3 0x8000680a (0x69d5) x19 0x00015000
core   0: 0x8000680c (0x09c70b23) sb      t3, 150(a4)
core   0: 3 0x8000680c (0x09c70b23) mem 0x8000da35 0x0
core   0: 0x80006810 (0x003ff1b3) and     gp, t6, gp
core   0: 3 0x80006810 (0x003ff1b3) x 3 0x00000000
core   0: 0x80006814 (0x0db703a3) sb      s11, 199(a4)
core   0: 3 0x80006814 (0x0db703a3) mem 0x8000da66 0x0
core   0: 0x80006818 (0x015179b3) and     s3, sp, s5
core   0: 3 0x80006818 (0x015179b3) x19 0x00000004
core   0: 0x8000681c (0x008a7033) and     zero, s4, s0
core   0: 3 0x8000681c (0x008a7033)
core   0: 0x80006820 (0xfc170e23) sb      ra, -36(a4)
core   0: 3 0x80006820 (0xfc170e23) mem 0x8000d97b 0xbc
core   0: 0x80006824 (0x03c89d33) mulh    s10, a7, t3
core   0: 3 0x80006824 (0x03c89d33) x26 0x00000000
core   0: 0x80006828 (0x00008f9d) c.sub   a5, a5
core   0: 3 0x80006828 (0x8f9d) x15 0x00000000
core   0: 0x8000682a (0xf6370603) lb      a2, -157(a4)
core   0: 3 0x8000682a (0xf6370603) x12 0xfffffff8 mem 0x8000d902
core   0: 0x8000682e (0xfe672aa3) sw      t1, -11(a4)
core   0: 3 0x8000682e (0xfe672aa3) mem 0x8000d994 0x00000000
core   0: 0x80006832 (0x000001d2) c.slli  gp, 20
core   0: 3 0x80006832 (0x01d2) x 3 0x00000000
core   0: 0x80006834 (0x0ff0000f) fence   iorw,iorw
core   0: 3 0x80006834 (0x0ff0000f)
core   0: 0x80006838 (0xf1e70723) sb      t5, -242(a4)
core   0: 3 0x80006838 (0xf1e70723) mem 0x8000d8ad 0x6
core   0: 0x8000683c (0x01eb86b3) add     a3, s7, t5
core   0: 3 0x8000683c (0x01eb86b3) x13 0x54fa9605
core   0: 0x80006840 (0x06b70723) sb      a1, 110(a4)
core   0: 3 0x80006840 (0x06b70723) mem 0x8000da0d 0x0
core   0: 0x80006844 (0x00008c49) c.or    s0, a0
core   0: 3 0x80006844 (0x8c49) x 8 0x000000f5
core   0: 0x80006846 (0xfec74383) lbu     t2, -20(a4)
core   0: 3 0x80006846 (0xfec74383) x 7 0x000000cc mem 0x8000d98b
core   0: 0x8000684a (0x0000100f) fence.i
core   0: 3 0x8000684a (0x0000100f)
core   0: 0x8000684e (0x00000001) c.nop
core   0: 3 0x8000684e (0x0001)
core   0: 0x80006850 (0x02370123) sb      gp, 34(a4)
core   0: 3 0x80006850 (0x02370123) mem 0x8000d9c1 0x0
core   0: 0x80006854 (0xf6d709a3) sb      a3, -141(a4)
core   0: 3 0x80006854 (0xf6d709a3) mem 0x8000d912 0x5
core   0: 0x80006858 (0xf3974a03) lbu     s4, -199(a4)
core   0: 3 0x80006858 (0xf3974a03) x20 0x000000bc mem 0x8000d8d8
core   0: 0x8000685c (0x0d970c23) sb      s9, 216(a4)
core   0: 3 0x8000685c (0x0d970c23) mem 0x8000da77 0xe8
core   0: 0x80006860 (0x02486c33) rem     s8, a6, tp
core   0: 3 0x80006860 (0x02486c33) x24 0x00000008
core   0: 0x80006864 (0x0ff0000f) fence   iorw,iorw
core   0: 3 0x80006864 (0x0ff0000f)
core   0: 0x80006868 (0xfc1701a3) sb      ra, -61(a4)
core   0: 3 0x80006868 (0xfc1701a3) mem 0x8000d962 0xbc
core   0: 0x8000686c (0xf4b75f83) lhu     t6, -181(a4)
core   0: 3 0x8000686c (0xf4b75f83) x31 0x00007974 mem 0x8000d8ea
core   0: 0x80006870 (0x0048c0b3) xor     ra, a7, tp
core   0: 3 0x80006870 (0x0048c0b3) x 1 0x80026ce4
core   0: 0x80006874 (0x00000001) c.nop
core   0: 3 0x80006874 (0x0001)
core   0: 0x80006876 (0x01ee79b3) and     s3, t3, t5
core   0: 3 0x80006876 (0x01ee79b3) x19 0x00000000
core   0: 0x8000687a (0x00aafd33) and     s10, s5, a0
core   0: 3 0x8000687a (0x00aafd33) x26 0x00000000
core   0: 0x8000687e (0x06970723) sb      s1, 110(a4)
core   0: 3 0x8000687e (0x06970723) mem 0x8000da0d 0x9f
core   0: 0x80006882 (0x00014f17) auipc   t5, 0x14
core   0: 3 0x80006882 (0x00014f17) x30 0x8001a882
core   0: 0x80006886 (0x9a8f0f13) addi    t5, t5, -1624
core   0: 3 0x80006886 (0x9a8f0f13) x30 0x8001a22a
core   0: 0x8000688a (0x26a33693) sltiu   a3, t1, 618
core   0: 3 0x8000688a (0x26a33693) x13 0x00000001
core   0: 0x8000688e (0x00008055) c.srli  s0, 21
core   0: 3 0x8000688e (0x8055) x 8 0x00000000
core   0: 0x80006890 (0x0000097d) c.addi  s2, 31
core   0: 3 0x80006890 (0x097d) x18 0x0000001f
core   0: 0x80006892 (0x0fbf06a3) sb      s11, 237(t5)
core   0: 3 0x80006892 (0x0fbf06a3) mem 0x8001a317 0x0
core   0: 0x80006896 (0xf7cf07a3) sb      t3, -145(t5)
core   0: 3 0x80006896 (0xf7cf07a3) mem 0x8001a199 0x0
core   0: 0x8000689a (0x07ff0783) lb      a5, 127(t5)
core   0: 3 0x8000689a (0x07ff0783) x15 0x0000007d mem 0x8001a2a9
core   0: 0x8000689e (0x000067ed) c.lui   a5, 0x1b
core   0: 3 0x8000689e (0x67ed) x15 0x0001b000
core   0: 0x800068a0 (0x000004a9) c.addi  s1, 10
core   0: 3 0x800068a0 (0x04a9) x 9 0x8000d9a9
core   0: 0x800068a2 (0x00c8cd33) xor     s10, a7, a2
core   0: 3 0x800068a2 (0x00c8cd33) x26 0xfffffff8
core   0: 0x800068a6 (0x00000001) c.nop
core   0: 3 0x800068a6 (0x0001)
core   0: 0x800068a8 (0x00e68ab3) add     s5, a3, a4
core   0: 3 0x800068a8 (0x00e68ab3) x21 0x8000d9a0
core   0: 0x800068ac (0x015f69b3) or      s3, t5, s5
core   0: 3 0x800068ac (0x015f69b3) x19 0x8001fbaa
core   0: 0x800068b0 (0x093f0503) lb      a0, 147(t5)
core   0: 3 0x800068b0 (0x093f0503) x10 0xffffffd3 mem 0x8001a2bd
core   0: 0x800068b4 (0x01371333) sll     t1, a4, s3
core   0: 3 0x800068b4 (0x01371333) x 6 0x03667c00
core   0: 0x800068b8 (0x00008439) c.srai  s0, 14
core   0: 3 0x800068b8 (0x8439) x 8 0x00000000
core   0: 0x800068ba (0x01491ab3) sll     s5, s2, s4
core   0: 3 0x800068ba (0x01491ab3) x21 0xf0000000
core   0: 0x800068be (0xf1ff0b03) lb      s6, -225(t5)
core   0: 3 0x800068be (0xf1ff0b03) x22 0x00000063 mem 0x8001a149
core   0: 0x800068c2 (0xf06f4e03) lbu     t3, -250(t5)
core   0: 3 0x800068c2 (0xf06f4e03) x28 0x00000010 mem 0x8001a130
core   0: 0x800068c6 (0x00008529) c.srai  a0, 10
core   0: 3 0x800068c6 (0x8529) x10 0xffffffff
core   0: 0x800068c8 (0x0c2f0703) lb      a4, 194(t5)
core   0: 3 0x800068c8 (0x0c2f0703) x14 0xffffffaf mem 0x8001a2ec
core   0: 0x800068cc (0x0d1f0303) lb      t1, 209(t5)
core   0: 3 0x800068cc (0x0d1f0303) x 6 0x0000007f mem 0x8001a2fb
core   0: 0x800068d0 (0x00000001) c.nop
core   0: 3 0x800068d0 (0x0001)
core   0: 0x800068d2 (0x8815b693) sltiu   a3, a1, -1919
core   0: 3 0x800068d2 (0x8815b693) x13 0x00000001
core   0: 0x800068d6 (0x083f4903) lbu     s2, 131(t5)
core   0: 3 0x800068d6 (0x083f4903) x18 0x00000075 mem 0x8001a2ad
core   0: 0x800068da (0x03a77db3) remu    s11, a4, s10
core   0: 3 0x800068da (0x03a77db3) x27 0xffffffaf
core   0: 0x800068de (0x08cf0703) lb      a4, 140(t5)
core   0: 3 0x800068de (0x08cf0703) x14 0xffffffd6 mem 0x8001a2b6
core   0: 0x800068e2 (0xfd9f09a3) sb      s9, -45(t5)
core   0: 3 0x800068e2 (0xfd9f09a3) mem 0x8001a1fd 0xe8
core   0: 0x800068e6 (0x44fb4813) xori    a6, s6, 1103
core   0: 3 0x800068e6 (0x44fb4813) x16 0x0000042c
core   0: 0x800068ea (0x025541b3) div     gp, a0, t0
core   0: 3 0x800068ea (0x025541b3) x 3 0x00000000
core   0: 0x800068ee (0xfaef5403) lhu     s0, -82(t5)
core   0: 3 0x800068ee (0xfaef5403) x 8 0x000060cd mem 0x8001a1d8
core   0: 0x800068f2 (0x00009aaa) c.add   s5, a0
core   0: 3 0x800068f2 (0x9aaa) x21 0xefffffff
core   0: 0x800068f4 (0x409a0433) sub     s0, s4, s1
core   0: 3 0x800068f4 (0x409a0433) x 8 0x7fff2713
core   0: 0x800068f8 (0xabdeba13) sltiu   s4, t4, -1347
core   0: 3 0x800068f8 (0xabdeba13) x20 0x00000001
core   0: 0x800068fc (0xf41f0c03) lb      s8, -191(t5)
core   0: 3 0x800068fc (0xf41f0c03) x24 0x0000003b mem 0x8001a16b
core   0: 0x80006900 (0x03edda33) divu    s4, s11, t5
core   0: 3 0x80006900 (0x03edda33) x20 0x00000001
core   0: 0x80006904 (0xa40ff317) auipc   t1, 0xa40ff
core   0: 3 0x80006904 (0xa40ff317) x 6 0x24105904
core   0: 0x80006908 (0x03840e33) mul     t3, s0, s8
core   0: 3 0x80006908 (0x03840e33) x28 0x7fce0161
core   0: 0x8000690c (0x01b20933) add     s2, tp, s11
core   0: 3 0x8000690c (0x01b20933) x18 0x80026c93
core   0: 0x80006910 (0x00008e89) c.sub   a3, a0
core   0: 3 0x80006910 (0x8e89) x13 0x00000002
core   0: 0x80006912 (0x0045dc33) srl     s8, a1, tp
core   0: 3 0x80006912 (0x0045dc33) x24 0x00000000
core   0: 0x80006916 (0x00d1c733) xor     a4, gp, a3
core   0: 3 0x80006916 (0x00d1c733) x14 0x00000002
core   0: 0x8000691a (0x0a1f0903) lb      s2, 161(t5)
core   0: 3 0x8000691a (0x0a1f0903) x18 0xffffffde mem 0x8001a2cb
core   0: 0x8000691e (0x0ff0000f) fence   iorw,iorw
core   0: 3 0x8000691e (0x0ff0000f)
core   0: 0x80006922 (0x00d6c733) xor     a4, a3, a3
core   0: 3 0x80006922 (0x00d6c733) x14 0x00000000
core   0: 0x80006926 (0x083f4903) lbu     s2, 131(t5)
core   0: 3 0x80006926 (0x083f4903) x18 0x00000075 mem 0x8001a2ad
core   0: 0x8000692a (0x0d7f09a3) sb      s7, 211(t5)
core   0: 3 0x8000692a (0x0d7f09a3) mem 0x8001a2fd 0xff
core   0: 0x8000692e (0xfeef2003) lw      zero, -18(t5)
core   0: 3 0x8000692e (0xfeef2003) mem 0x8001a218
core   0: 0x80006932 (0xfaff01a3) sb      a5, -93(t5)
core   0: 3 0x80006932 (0xfaff01a3) mem 0x8001a1cd 0x0
core   0: 0x80006936 (0x00007317) auipc   t1, 0x7
core   0: 3 0x80006936 (0x00007317) x 6 0x8000d936
core   0: 0x8000693a (0x4d230313) addi    t1, t1, 1234
core   0: 3 0x8000693a (0x4d230313) x 6 0x8000de08
core   0: 0x8000693e (0x40f2d713) srai    a4, t0, 15
core   0: 3 0x8000693e (0x40f2d713) x14 0xffff0004
core   0: 0x80006942 (0x99734603) lbu     a2, -1641(t1)
core   0: 3 0x80006942 (0x99734603) x12 0x00000002 mem 0x8000d79f
core   0: 0x80006946 (0xd3231003) lh      zero, -718(t1)
core   0: 3 0x80006946 (0xd3231003) mem 0x8000db3a
core   0: 0x8000694a (0xae031a23) sh      zero, -1292(t1)
core   0: 3 0x8000694a (0xae031a23) mem 0x8000d8fc 0x0000
core   0: 0x8000694e (0x0ff0000f) fence   iorw,iorw
core   0: 3 0x8000694e (0x0ff0000f)
core   0: 0x80006952 (0x1cb30703) lb      a4, 459(t1)
core   0: 3 0x80006952 (0x1cb30703) x14 0xffffffda mem 0x8000dfd3
core   0: 0x80006956 (0x12231b23) sh      sp, 310(t1)
core   0: 3 0x80006956 (0x12231b23) mem 0x8000df3e 0x000c
core   0: 0x8000695a (0x00008d15) c.sub   a0, a3
core   0: 3 0x8000695a (0x8d15) x10 0xfffffffd
core   0: 0x8000695c (0xc9631003) lh      zero, -874(t1)
core   0: 3 0x8000695c (0xc9631003) mem 0x8000da9e
core   0: 0x80006960 (0x0b1302a3) sb      a7, 165(t1)
core   0: 3 0x80006960 (0x0b1302a3) mem 0x8000dead 0x0
core   0: 0x80006964 (0xbcc30da3) sb      a2, -1061(t1)
core   0: 3 0x80006964 (0xbcc30da3) mem 0x8000d9e3 0x2
core   0: 0x80006968 (0x029ac733) div     a4, s5, s1
core   0: 3 0x80006968 (0x029ac733) x14 0x00000000
core   0: 0x8000696c (0x000085f9) c.srai  a1, 30
core   0: 3 0x8000696c (0x85f9) x11 0x00000000
core   0: 0x8000696e (0x0ff0000f) fence   iorw,iorw
core   0: 3 0x8000696e (0x0ff0000f)
core   0: 0x80006972 (0xd0f31923) sh      a5, -750(t1)
core   0: 3 0x80006972 (0xd0f31923) mem 0x8000db1a 0xb000
core   0: 0x80006976 (0x419980b3) sub     ra, s3, s9
core   0: 3 0x80006976 (0x419980b3) x 1 0x00015bc2
core   0: 0x8000697a (0xf8e31683) lh      a3, -114(t1)
core   0: 3 0x8000697a (0xf8e31683) x13 0x000012d7 mem 0x8000dd96
core   0: 0x8000697e (0x01695a93) srli    s5, s2, 22
core   0: 3 0x8000697e (0x01695a93) x21 0x00000000
core   0: 0x80006982 (0x20334003) lbu     zero, 515(t1)
core   0: 3 0x80006982 (0x20334003) mem 0x8000e00b
core   0: 0x80006986 (0x86134603) lbu     a2, -1951(t1)
core   0: 3 0x80006986 (0x86134603) x12 0x00000081 mem 0x8000d669
core   0: 0x8000698a (0x0000997d) c.andi  a0, -1
core   0: 3 0x8000698a (0x997d) x10 0xfffffffd
core   0: 0x8000698c (0xbd431783) lh      a5, -1068(t1)
core   0: 3 0x8000698c (0xbd431783) x15 0x00000242 mem 0x8000d9dc
core   0: 0x80006990 (0x027bb3b3) mulhu   t2, s7, t2
core   0: 3 0x80006990 (0x027bb3b3) x 7 0x00000066
core   0: 0x80006994 (0xeab302a3) sb      a1, -347(t1)
core   0: 3 0x80006994 (0xeab302a3) mem 0x8000dcad 0x0
core   0: 0x80006998 (0x987301a3) sb      t2, -1661(t1)
core   0: 3 0x80006998 (0x987301a3) mem 0x8000d78b 0x66
core   0: 0x8000699c (0xde331123) sh      gp, -542(t1)
core   0: 3 0x8000699c (0xde331123) mem 0x8000dbea 0x0000
core   0: 0x800069a0 (0xa5230a83) lb      s5, -1454(t1)
core   0: 3 0x800069a0 (0xa5230a83) x21 0x0000004f mem 0x8000d85a
core   0: 0x800069a4 (0x02431503) lh      a0, 36(t1)
core   0: 3 0x800069a4 (0x02431503) x10 0x0000459a mem 0x8000de2c
core   0: 0x800069a8 (0x00008ccd) c.or    s1, a1
core   0: 3 0x800069a8 (0x8ccd) x 9 0x8000d9a9
core   0: 0x800069aa (0xa7c30f03) lb      t5, -1412(t1)
core   0: 3 0x800069aa (0xa7c30f03) x30 0xffffff84 mem 0x8000d884
core   0: 0x800069ae (0xb4f30603) lb      a2, -1201(t1)
core   0: 3 0x800069ae (0xb4f30603) x12 0x0000007b mem 0x8000d957
core   0: 0x800069b2 (0xd1a303a3) sb      s10, -761(t1)
core   0: 3 0x800069b2 (0xd1a303a3) mem 0x8000db0f 0xf8
core   0: 0x800069b6 (0x1af30ca3) sb      a5, 441(t1)
core   0: 3 0x800069b6 (0x1af30ca3) mem 0x8000dfc1 0x42
core   0: 0x800069ba (0x00000569) c.addi  a0, 26
core   0: 3 0x800069ba (0x0569) x10 0x000045b4
core   0: 0x800069bc (0xcb534503) lbu     a0, -843(t1)
core   0: 3 0x800069bc (0xcb534503) x10 0x00000057 mem 0x8000dabd
core   0: 0x800069c0 (0x00007b97) auipc   s7, 0x7
core   0: 3 0x800069c0 (0x00007b97) x23 0x8000d9c0
core   0: 0x800069c4 (0x73ab8b93) addi    s7, s7, 1850
core   0: 3 0x800069c4 (0x73ab8b93) x23 0x8000e0fa
core   0: 0x800069c8 (0xffcbd703) lhu     a4, -4(s7)
core   0: 3 0x800069c8 (0xffcbd703) x14 0x00008371 mem 0x8000e0f6
core   0: 0x800069cc (0x000056fd) c.li    a3, -1
core   0: 3 0x800069cc (0x56fd) x13 0xffffffff
core   0: 0x800069ce (0xff8bc783) lbu     a5, -8(s7)
core   0: 3 0x800069ce (0xff8bc783) x15 0x0000004d mem 0x8000e0f2
core   0: 0x800069d2 (0x005bcf83) lbu     t6, 5(s7)
core   0: 3 0x800069d2 (0x005bcf83) x31 0x00000062 mem 0x8000e0ff
core   0: 0x800069d6 (0xff7b9f23) sh      s7, -2(s7)
core   0: 3 0x800069d6 (0xff7b9f23) mem 0x8000e0f8 0xe0fa
core   0: 0x800069da (0xffdbc683) lbu     a3, -3(s7)
core   0: 3 0x800069da (0xffdbc683) x13 0x00000083 mem 0x8000e0f7
core   0: 0x800069de (0xb6e4cf93) xori    t6, s1, -1170
core   0: 3 0x800069de (0xb6e4cf93) x31 0x7fff22c7
core   0: 0x800069e2 (0x00008ee1) c.and   a3, s0
core   0: 3 0x800069e2 (0x8ee1) x13 0x00000003
core   0: 0x800069e4 (0xffcbdc83) lhu     s9, -4(s7)
core   0: 3 0x800069e4 (0xffcbdc83) x25 0x00008371 mem 0x8000e0f6
core   0: 0x800069e8 (0x05f2a313) slti    t1, t0, 95
core   0: 3 0x800069e8 (0x05f2a313) x 6 0x00000001
core   0: 0x800069ec (0xfe2b8aa3) sb      sp, -11(s7)
core   0: 3 0x800069ec (0xfe2b8aa3) mem 0x8000e0ef 0xc
core   0: 0x800069f0 (0x00008ea9) c.xor   a3, a0
core   0: 3 0x800069f0 (0x8ea9) x13 0x00000054
core   0: 0x800069f2 (0x029493b3) mulh    t2, s1, s1
core   0: 3 0x800069f2 (0x029493b3) x 7 0x3fff2657
core   0: 0x800069f6 (0xfeabab23) sw      a0, -10(s7)
core   0: 3 0x800069f6 (0xfeabab23) mem 0x8000e0f0 0x00000057
core   0: 0x800069fa (0xfefb9a23) sh      a5, -12(s7)
core   0: 3 0x800069fa (0xfefb9a23) mem 0x8000e0ee 0x004d
core   0: 0x800069fe (0xff6b9503) lh      a0, -10(s7)
core   0: 3 0x800069fe (0xff6b9503) x10 0x00000057 mem 0x8000e0f0
core   0: 0x80006a02 (0x0ff0000f) fence   iorw,iorw
core   0: 3 0x80006a02 (0x0ff0000f)
core   0: 0x80006a06 (0x00008eb9) c.xor   a3, a4
core   0: 3 0x80006a06 (0x8eb9) x13 0x00008325
core   0: 0x80006a08 (0x012b8523) sb      s2, 10(s7)
core   0: 3 0x80006a08 (0x012b8523) mem 0x8000e104 0x75
core   0: 0x80006a0c (0x008d3933) sltu    s2, s10, s0
core   0: 3 0x80006a0c (0x008d3933) x18 0x00000000
core   0: 0x80006a10 (0x00db1633) sll     a2, s6, a3
core   0: 3 0x80006a10 (0x00db1633) x12 0x00000c60
core   0: 0x80006a14 (0x005b8703) lb      a4, 5(s7)
core   0: 3 0x80006a14 (0x005b8703) x14 0x00000062 mem 0x8000e0ff
core   0: 0x80006a18 (0x000bd883) lhu     a7, 0(s7)
core   0: 3 0x80006a18 (0x000bd883) x17 0x0000a6e3 mem 0x8000e0fa
core   0: 0x80006a1c (0x00008125) c.srli  a0, 9
core   0: 3 0x80006a1c (0x8125) x10 0x00000000
core   0: 0x80006a1e (0x01a21cb3) sll     s9, tp, s10
core   0: 3 0x80006a1e (0x01a21cb3) x25 0xe4000000
core   0: 0x80006a22 (0x03b88833) mul     a6, a7, s11
core   0: 3 0x80006a22 (0x03b88833) x16 0xffcb322d
core   0: 0x80006a26 (0x01d0d733) srl     a4, ra, t4
core   0: 3 0x80006a26 (0x01d0d733) x14 0x00015bc2
core   0: 0x80006a2a (0x54c20517) auipc   a0, 0x54c20
core   0: 3 0x80006a2a (0x54c20517) x10 0xd4c26a2a
core   0: 0x80006a2e (0xfa470cb7) lui     s9, 0xfa470
core   0: 3 0x80006a2e (0xfa470cb7) x25 0xfa470000
core   0: 0x80006a32 (0xff9b8ea3) sb      s9, -3(s7)
core   0: 3 0x80006a32 (0xff9b8ea3) mem 0x8000e0f7 0x0
core   0: 0x80006a36 (0x001bca03) lbu     s4, 1(s7)
core   0: 3 0x80006a36 (0x001bca03) x20 0x000000a6 mem 0x8000e0fb
core   0: 0x80006a3a (0x000083aa) c.mv    t2, a0
core   0: 3 0x80006a3a (0x83aa) x 7 0xd4c26a2a
core   0: 0x80006a3c (0x017a2533) slt     a0, s4, s7
core   0: 3 0x80006a3c (0x017a2533) x10 0x00000000
core   0: 0x80006a40 (0x0ff0000f) fence   iorw,iorw
core   0: 3 0x80006a40 (0x0ff0000f)
core   0: 0x80006a44 (0xe1dd9317) auipc   t1, 0xe1dd9
core   0: 3 0x80006a44 (0xe1dd9317) x 6 0x61ddfa44
core   0: 0x80006a48 (0xff1b8da3) sb      a7, -5(s7)
core   0: 3 0x80006a48 (0xff1b8da3) mem 0x8000e0f5 0xe3
core   0: 0x80006a4c (0x00008531) c.srai  a0, 12
core   0: 3 0x80006a4c (0x8531) x10 0x00000000
core   0: 0x80006a4e (0x033660b3) rem     ra, a2, s3
core   0: 3 0x80006a4e (0x033660b3) x 1 0x00000c60
core   0: 0x80006a52 (0x40be0733) sub     a4, t3, a1
core   0: 3 0x80006a52 (0x40be0733) x14 0x7fce0161
core   0: 0x80006a56 (0x00008115) c.srli  a0, 5
core   0: 3 0x80006a56 (0x8115) x10 0x00000000
core   0: 0x80006a58 (0xff8b8603) lb      a2, -8(s7)
core   0: 3 0x80006a58 (0xff8b8603) x12 0x00000000 mem 0x8000e0f2
core   0: 0x80006a5c (0x00cbc083) lbu     ra, 12(s7)
core   0: 3 0x80006a5c (0x00cbc083) x 1 0x0000006b mem 0x8000e106
core   0: 0x80006a60 (0x00007a17) auipc   s4, 0x7
core   0: 3 0x80006a60 (0x00007a17) x20 0x8000da60
core   0: 0x80006a64 (0x948a0a13) addi    s4, s4, -1720
core   0: 3 0x80006a64 (0x948a0a13) x20 0x8000d3a8
core   0: 0x80006a68 (0x01253ab3) sltu    s5, a0, s2
core   0: 3 0x80006a68 (0x01253ab3) x21 0x00000000
core   0: 0x80006a6c (0x033a0183) lb      gp, 51(s4)
core   0: 3 0x80006a6c (0x033a0183) x 3 0x00000026 mem 0x8000d3db
core   0: 0x80006a70 (0xf15a0e23) sb      s5, -228(s4)
core   0: 3 0x80006a70 (0xf15a0e23) mem 0x8000d2c4 0x0
core   0: 0x80006a74 (0x000080ea) c.mv    ra, s10
core   0: 3 0x80006a74 (0x80ea) x 1 0xfffffff8
core   0: 0x80006a76 (0x0292e333) rem     t1, t0, s1
core   0: 3 0x80006a76 (0x0292e333) x 6 0x80022e10
core   0: 0x80006a7a (0xfd2a5b03) lhu     s6, -46(s4)
core   0: 3 0x80006a7a (0xfd2a5b03) x22 0x00002d6d mem 0x8000d37a
core   0: 0x80006a7e (0x07aa0ea3) sb      s10, 125(s4)
core   0: 3 0x80006a7e (0x07aa0ea3) mem 0x8000d425 0xf8
core   0: 0x80006a82 (0xf6ca2a83) lw      s5, -148(s4)
core   0: 3 0x80006a82 (0xf6ca2a83) x21 0x6a96cad9 mem 0x8000d314
core   0: 0x80006a86 (0x84973737) lui     a4, 0x84973
core   0: 3 0x80006a86 (0x84973737) x14 0x84973000
core   0: 0x80006a8a (0xf12a5003) lhu     zero, -238(s4)
core   0: 3 0x80006a8a (0xf12a5003) mem 0x8000d2ba
core   0: 0x80006a8e (0x06ea0583) lb      a1, 110(s4)
core   0: 3 0x80006a8e (0x06ea0583) x11 0xfffffffd mem 0x8000d416
core   0: 0x80006a92 (0x0ff0000f) fence   iorw,iorw
core   0: 3 0x80006a92 (0x0ff0000f)
core   0: 0x80006a96 (0xf9fa0403) lb      s0, -97(s4)
core   0: 3 0x80006a96 (0xf9fa0403) x 8 0xffffff9e mem 0x8000d347
core   0: 0x80006a9a (0x00008d11) c.sub   a0, a2
core   0: 3 0x80006a9a (0x8d11) x10 0x00000000
core   0: 0x80006a9c (0x036d4b33) div     s6, s10, s6
core   0: 3 0x80006a9c (0x036d4b33) x22 0x00000000
core   0: 0x80006aa0 (0x02fa0423) sb      a5, 40(s4)
core   0: 3 0x80006aa0 (0x02fa0423) mem 0x8000d3d0 0x4d
core   0: 0x80006aa4 (0xf3fa4983) lbu     s3, -193(s4)
core   0: 3 0x80006aa4 (0xf3fa4983) x19 0x00000080 mem 0x8000d2e7
core   0: 0x80006aa8 (0x0b5a4003) lbu     zero, 181(s4)
core   0: 3 0x80006aa8 (0x0b5a4003) mem 0x8000d45d
core   0: 0x80006aac (0x08fa1723) sh      a5, 142(s4)
core   0: 3 0x80006aac (0x08fa1723) mem 0x8000d436 0x004d
core   0: 0x80006ab0 (0x0f2a0fa3) sb      s2, 255(s4)
core   0: 3 0x80006ab0 (0x0f2a0fa3) mem 0x8000d4a7 0x0
core   0: 0x80006ab4 (0x03c39ab3) mulh    s5, t2, t3
core   0: 3 0x80006ab4 (0x03c39ab3) x21 0xea69a6e0
core   0: 0x80006ab8 (0x035d9c33) mulh    s8, s11, s5
core   0: 3 0x80006ab8 (0x035d9c33) x24 0x00000006
core   0: 0x80006abc (0xf0ba0b83) lb      s7, -245(s4)
core   0: 3 0x80006abc (0xf0ba0b83) x23 0xffffffc1 mem 0x8000d2b3
core   0: 0x80006ac0 (0x0e1a0003) lb      zero, 225(s4)
core   0: 3 0x80006ac0 (0x0e1a0003) mem 0x8000d489
core   0: 0x80006ac4 (0x0ff0000f) fence   iorw,iorw
core   0: 3 0x80006ac4 (0x0ff0000f)
core   0: 0x80006ac8 (0xf33a0aa3) sb      s3, -203(s4)
core   0: 3 0x80006ac8 (0xf33a0aa3) mem 0x8000d2dd 0x80
core   0: 0x80006acc (0x002a0d03) lb      s10, 2(s4)
core   0: 3 0x80006acc (0x002a0d03) x26 0x0000002f mem 0x8000d3aa
core   0: 0x80006ad0 (0x00000001) c.nop
core   0: 3 0x80006ad0 (0x0001)
core   0: 0x80006ad2 (0x02ca0383) lb      t2, 44(s4)
core   0: 3 0x80006ad2 (0x02ca0383) x 7 0x00000057 mem 0x8000d3d4
core   0: 0x80006ad6 (0x00008fb5) c.xor   a5, a3
core   0: 3 0x80006ad6 (0x8fb5) x15 0x00008368
core   0: 0x80006ad8 (0x00008e5d) c.or    a2, a5
core   0: 3 0x80006ad8 (0x8e5d) x12 0x00008368
core   0: 0x80006ada (0x097a0383) lb      t2, 151(s4)
core   0: 3 0x80006ada (0x097a0383) x 7 0xffffffd4 mem 0x8000d43f
core   0: 0x80006ade (0xf82a4003) lbu     zero, -126(s4)
core   0: 3 0x80006ade (0xf82a4003) mem 0x8000d32a
core   0: 0x80006ae2 (0x078a5803) lhu     a6, 120(s4)
core   0: 3 0x80006ae2 (0x078a5803) x16 0x00005a39 mem 0x8000d420
core   0: 0x80006ae6 (0x0091a1b3) slt     gp, gp, s1
core   0: 3 0x80006ae6 (0x0091a1b3) x 3 0x00000000
core   0: 0x80006aea (0x059a00a3) sb      s9, 65(s4)
core   0: 3 0x80006aea (0x059a00a3) mem 0x8000d3e9 0x0
core   0: 0x80006aee (0x35f34537) lui     a0, 0x35f34
core   0: 3 0x80006aee (0x35f34537) x10 0x35f34000
core   0: 0x80006af2 (0xfd5a0b83) lb      s7, -43(s4)
core   0: 3 0x80006af2 (0xfd5a0b83) x23 0x00000029 mem 0x8000d37d
core   0: 0x80006af6 (0xf0ca2d83) lw      s11, -244(s4)
core   0: 3 0x80006af6 (0xf0ca2d83) x27 0xaaaab870 mem 0x8000d2b4
core   0: 0x80006afa (0x058a4303) lbu     t1, 88(s4)
core   0: 3 0x80006afa (0x058a4303) x 6 0x000000f9 mem 0x8000d400
core   0: 0x80006afe (0xf81a0903) lb      s2, -127(s4)
core   0: 3 0x80006afe (0xf81a0903) x18 0xfffffffb mem 0x8000d329
core   0: 0x80006b02 (0xfd2a1e23) sh      s2, -36(s4)
core   0: 3 0x80006b02 (0xfd2a1e23) mem 0x8000d384 0xfffb
core   0: 0x80006b06 (0xff5a4483) lbu     s1, -11(s4)
core   0: 3 0x80006b06 (0xff5a4483) x 9 0x0000005a mem 0x8000d39d
core   0: 0x80006b0a (0xf9ea0883) lb      a7, -98(s4)
core   0: 3 0x80006b0a (0xf9ea0883) x17 0xffffff8e mem 0x8000d346
core   0: 0x80006b0e (0x1c6c2813) slti    a6, s8, 454
core   0: 3 0x80006b0e (0x1c6c2813) x16 0x00000001
core   0: 0x80006b12 (0x41b059b3) sra     s3, zero, s11
core   0: 3 0x80006b12 (0x41b059b3) x19 0x00000000
core   0: 0x80006b16 (0x01801833) sll     a6, zero, s8
core   0: 3 0x80006b16 (0x01801833) x16 0x00000000
core   0: 0x80006b1a (0x419bdc33) sra     s8, s7, s9
core   0: 3 0x80006b1a (0x419bdc33) x24 0x00000029
core   0: 0x80006b1e (0x0ff0000f) fence   iorw,iorw
core   0: 3 0x80006b1e (0x0ff0000f)
core   0: 0x80006b22 (0x03ea8933) mul     s2, s5, t5
core   0: 3 0x80006b22 (0x03ea8933) x18 0x74d32b80
core   0: 0x80006b26 (0x8e576393) ori     t2, a4, -1819
core   0: 3 0x80006b26 (0x8e576393) x 7 0xfffff8e5
core   0: 0x80006b2a (0x406ad913) srai    s2, s5, 6
core   0: 3 0x80006b2a (0x406ad913) x18 0xffa9a69b
core   0: 0x80006b2e (0x40335593) srai    a1, t1, 3
core   0: 3 0x80006b2e (0x40335593) x11 0x0000001f
core   0: 0x80006b32 (0x9483fb13) andi    s6, t2, -1720
core   0: 3 0x80006b32 (0x9483fb13) x22 0xfffff840
core   0: 0x80006b36 (0x408308b3) sub     a7, t1, s0
core   0: 3 0x80006b36 (0x408308b3) x17 0x0000015b
core   0: 0x80006b3a (0x0339e033) rem     zero, s3, s3
core   0: 3 0x80006b3a (0x0339e033)
core   0: 0x80006b3e (0x0000c395) c.beqz  a5, pc + 36
core   0: 3 0x80006b3e (0xc395)
core   0: 0x80006b40 (0x00000001) c.nop
core   0: 3 0x80006b40 (0x0001)
core   0: 0x80006b42 (0x01deb7b3) sltu    a5, t4, t4
core   0: 3 0x80006b42 (0x01deb7b3) x15 0x00000000
core   0: 0x80006b46 (0x01e288b3) add     a7, t0, t5
core   0: 3 0x80006b46 (0x01e288b3) x17 0x80022d94
core   0: 0x80006b4a (0x00a901b3) add     gp, s2, a0
core   0: 3 0x80006b4a (0x00a901b3) x 3 0x359ce69b
core   0: 0x80006b4e (0x05e70563) beq     a4, t5, pc + 74
core   0: 3 0x80006b4e (0x05e70563)
core   0: 0x80006b52 (0x5a80b613) sltiu   a2, ra, 1448
core   0: 3 0x80006b52 (0x5a80b613) x12 0x00000000
core   0: 0x80006b56 (0x00008739) c.srai  a4, 14
core   0: 3 0x80006b56 (0x8739) x14 0xfffe125c
core   0: 0x80006b58 (0x02de4e33) div     t3, t3, a3
core   0: 3 0x80006b58 (0x02de4e33) x28 0x0000f97b
core   0: 0x80006b5c (0x0000c689) c.beqz  a3, pc + 10
core   0: 3 0x80006b5c (0xc689)
core   0: 0x80006b5e (0x0000987d) c.andi  s0, -1
core   0: 3 0x80006b5e (0x987d) x 8 0xffffff9e
core   0: 0x80006b60 (0x0000c5a9) c.beqz  a1, pc + 74
core   0: 3 0x80006b60 (0xc5a9)
core   0: 0x80006b62 (0x00008ec1) c.or    a3, s0
core   0: 3 0x80006b62 (0x8ec1) x13 0xffffffbf
core   0: 0x80006b64 (0x00000fba) c.slli  t6, 14
core   0: 3 0x80006b64 (0x0fba) x31 0xc8b1c000
core   0: 0x80006b66 (0x0000100f) fence.i
core   0: 3 0x80006b66 (0x0000100f)
core   0: 0x80006b6a (0x017a6933) or      s2, s4, s7
core   0: 3 0x80006b6a (0x017a6933) x18 0x8000d3a9
core   0: 0x80006b6e (0x02cfa833) mulhsu  a6, t6, a2
core   0: 3 0x80006b6e (0x02cfa833) x16 0x00000000
core   0: 0x80006b72 (0x00000811) c.addi  a6, 4
core   0: 3 0x80006b72 (0x0811) x16 0x00000004
core   0: 0x80006b74 (0x001d8fb3) add     t6, s11, ra
core   0: 3 0x80006b74 (0x001d8fb3) x31 0xaaaab868
core   0: 0x80006b78 (0x00a890b3) sll     ra, a7, a0
core   0: 3 0x80006b78 (0x00a890b3) x 1 0x80022d94
core   0: 0x80006b7c (0x02cd1d33) mulh    s10, s10, a2
core   0: 3 0x80006b7c (0x02cd1d33) x26 0x00000000
core   0: 0x80006b80 (0x697a0f93) addi    t6, s4, 1687
core   0: 3 0x80006b80 (0x697a0f93) x31 0x8000da3f
core   0: 0x80006b84 (0x82bfdcef) jal     s9, pc - 0x27d6
core   0: 3 0x80006b84 (0x82bfdcef) x25 0x80006b88
core   0: 0x800043ae (0x00008865) c.andi  s0, 25
core   0: 3 0x800043ae (0x8865) x 8 0x00000018
core   0: 0x800043b0 (0xfc028293) addi    t0, t0, -64
core   0: 3 0x800043b0 (0xfc028293) x 5 0x80022dd0
core   0: 0x800043b4 (0x00000001) c.nop
core   0: 3 0x800043b4 (0x0001)
core   0: 0x800043b6 (0x01702393) slti    t2, zero, 23
core   0: 3 0x800043b6 (0x01702393) x 7 0x00000001
core   0: 0x800043ba (0x00004875) c.li    a6, 29
core   0: 3 0x800043ba (0x4875) x16 0x0000001d
core   0: 0x800043bc (0x000089fa) c.mv    s3, t5
core   0: 3 0x800043bc (0x89fa) x19 0xffffff84
core   0: 0x800043be (0x02e1c033) div     zero, gp, a4
core   0: 3 0x800043be (0x02e1c033)
core   0: 0x800043c2 (0x008e47b3) xor     a5, t3, s0
core   0: 3 0x800043c2 (0x008e47b3) x15 0x0000f963
core   0: 0x800043c6 (0x01c51433) sll     s0, a0, t3
core   0: 3 0x800043c6 (0x01c51433) x 8 0x00000000
core   0: 0x800043ca (0x0192a223) sw      s9, 4(t0)
core   0: 3 0x800043ca (0x0192a223) mem 0x80022dd4 0x80006b88
core   0: 0x800043ce (0xe3530493) addi    s1, t1, -459
core   0: 3 0x800043ce (0xe3530493) x 9 0xffffff2e
core   0: 0x800043d2 (0x00000001) c.nop
core   0: 3 0x800043d2 (0x0001)
core   0: 0x800043d4 (0x00019e17) auipc   t3, 0x19
core   0: 3 0x800043d4 (0x00019e17) x28 0x8001d3d4
core   0: 0x800043d8 (0xa04e0e13) addi    t3, t3, -1532
core   0: 3 0x800043d8 (0xa04e0e13) x28 0x8001cdd8
core   0: 0x800043dc (0x00739f93) slli    t6, t2, 7
core   0: 3 0x800043dc (0x00739f93) x31 0x00000080
core   0: 0x800043e0 (0xfe9e1d23) sh      s1, -6(t3)
core   0: 3 0x800043e0 (0xfe9e1d23) mem 0x8001cdd2 0xff2e
core   0: 0x800043e4 (0x01de60b3) or      ra, t3, t4
core   0: 3 0x800043e4 (0x01de60b3) x 1 0x8001cdd8
core   0: 0x800043e8 (0x004e1123) sh      tp, 2(t3)
core   0: 3 0x800043e8 (0x004e1123) mem 0x8001cdda 0x6ce4
core   0: 0x800043ec (0xfe9e1923) sh      s1, -14(t3)
core   0: 3 0x800043ec (0xfe9e1923) mem 0x8001cdca 0xff2e
core   0: 0x800043f0 (0x014e1323) sh      s4, 6(t3)
core   0: 3 0x800043f0 (0x014e1323) mem 0x8001cdde 0xd3a8
core   0: 0x800043f4 (0x00673633) sltu    a2, a4, t1
core   0: 3 0x800043f4 (0x00673633) x12 0x00000000
core   0: 0x800043f8 (0x00de4183) lbu     gp, 13(t3)
core   0: 3 0x800043f8 (0x00de4183) x 3 0x00000057 mem 0x8001cde5
core   0: 0x800043fc (0x0053e633) or      a2, t2, t0
core   0: 3 0x800043fc (0x0053e633) x12 0x80022dd1
core   0: 0x80004400 (0xffce0da3) sb      t3, -5(t3)
core   0: 3 0x80004400 (0xffce0da3) mem 0x8001cdd3 0xd8
core   0: 0x80004404 (0x00008f8d) c.sub   a5, a1
core   0: 3 0x80004404 (0x8f8d) x15 0x0000f944
core   0: 0x80004406 (0xfe5e1b23) sh      t0, -10(t3)
core   0: 3 0x80004406 (0xfe5e1b23) mem 0x8001cdce 0x2dd0
core   0: 0x8000440a (0xff0e2183) lw      gp, -16(t3)
core   0: 3 0x8000440a (0xff0e2183) x 3 0xff2e7530 mem 0x8001cdc8
core   0: 0x8000440e (0x009e4d83) lbu     s11, 9(t3)
core   0: 3 0x8000440e (0x009e4d83) x27 0x00000044 mem 0x8001cde1
core   0: 0x80004412 (0x2252e993) ori     s3, t0, 549
core   0: 3 0x80004412 (0x2252e993) x19 0x80022ff5
core   0: 0x80004416 (0x00be4583) lbu     a1, 11(t3)
core   0: 3 0x80004416 (0x00be4583) x11 0x000000ed mem 0x8001cde3
core   0: 0x8000441a (0xff6e1383) lh      t2, -10(t3)
core   0: 3 0x8000441a (0xff6e1383) x 7 0x00002dd0 mem 0x8001cdce
core   0: 0x8000441e (0x827d0b13) addi    s6, s10, -2009
core   0: 3 0x8000441e (0x827d0b13) x22 0xfffff827
core   0: 0x80004422 (0x039923b3) mulhsu  t2, s2, s9
core   0: 3 0x80004422 (0x039923b3) x 7 0xc0003410
core   0: 0x80004426 (0x0ff0000f) fence   iorw,iorw
core   0: 3 0x80004426 (0x0ff0000f)
core   0: 0x8000442a (0x012c61b3) or      gp, s8, s2
core   0: 3 0x8000442a (0x012c61b3) x 3 0x8000d3a9
core   0: 0x8000442e (0x00000001) c.nop
core   0: 3 0x8000442e (0x0001)
core   0: 0x80004430 (0x010e1a83) lh      s5, 16(t3)
core   0: 3 0x80004430 (0x010e1a83) x21 0x000056f8 mem 0x8001cde8
core   0: 0x80004434 (0xffce4303) lbu     t1, -4(t3)
core   0: 3 0x80004434 (0xffce4303) x 6 0x00000044 mem 0x8001cdd4
core   0: 0x80004438 (0x01be0023) sb      s11, 0(t3)
core   0: 3 0x80004438 (0x01be0023) mem 0x8001cdd8 0x44
core   0: 0x8000443c (0xff7e4303) lbu     t1, -9(t3)
core   0: 3 0x8000443c (0xff7e4303) x 6 0x0000002d mem 0x8001cdcf
core   0: 0x80004440 (0x5ca83913) sltiu   s2, a6, 1482
core   0: 3 0x80004440 (0x5ca83913) x18 0x00000001
core   0: 0x80004444 (0x000e2503) lw      a0, 0(t3)
core   0: 3 0x80004444 (0x000e2503) x10 0x6ce4a844 mem 0x8001cdd8
core   0: 0x80004448 (0x00013597) auipc   a1, 0x13
core   0: 3 0x80004448 (0x00013597) x11 0x80017448
core   0: 0x8000444c (0x3e958593) addi    a1, a1, 1001
core   0: 3 0x8000444c (0x3e958593) x11 0x80017831
core   0: 0x80004450 (0x030806b3) mul     a3, a6, a6
core   0: 3 0x80004450 (0x030806b3) x13 0x00000349
core   0: 0x80004454 (0x86ee0193) addi    gp, t3, -1938
core   0: 3 0x80004454 (0x86ee0193) x 3 0x8001c646
core   0: 0x80004458 (0xd1e16097) auipc   ra, 0xd1e16
core   0: 3 0x80004458 (0xd1e16097) x 1 0x51e1a458
core   0: 0x8000445c (0x00b73b33) sltu    s6, a4, a1
core   0: 3 0x8000445c (0x00b73b33) x22 0x00000000
core   0: 0x80004460 (0x0045c403) lbu     s0, 4(a1)
core   0: 3 0x80004460 (0x0045c403) x 8 0x0000004c mem 0x80017835
core   0: 0x80004464 (0x01858523) sb      s8, 10(a1)
core   0: 3 0x80004464 (0x01858523) mem 0x8001783b 0x29
core   0: 0x80004468 (0xff958923) sb      s9, -14(a1)
core   0: 3 0x80004468 (0xff958923) mem 0x80017823 0x88
core   0: 0x8000446c (0x000086d1) c.srai  a3, 20
core   0: 3 0x8000446c (0x86d1) x13 0x00000000
core   0: 0x8000446e (0x00d58603) lb      a2, 13(a1)
core   0: 3 0x8000446e (0x00d58603) x12 0x00000003 mem 0x8001783e
core   0: 0x80004472 (0x037981b3) mul     gp, s3, s7
core   0: 3 0x80004472 (0x037981b3) x 3 0x8059ae3d
core   0: 0x80004476 (0x01ce5833) srl     a6, t3, t3
core   0: 3 0x80004476 (0x01ce5833) x16 0x00000080
core   0: 0x8000447a (0x03b807b3) mul     a5, a6, s11
core   0: 3 0x8000447a (0x03b807b3) x15 0x00002200
core   0: 0x8000447e (0x0261deb3) divu    t4, gp, t1
core   0: 3 0x8000447e (0x0261deb3) x29 0x02da2bb1
core   0: 0x80004482 (0xffb5c503) lbu     a0, -5(a1)
core   0: 3 0x80004482 (0xffb5c503) x10 0x00000016 mem 0x8001782c
core   0: 0x80004486 (0x004580a3) sb      tp, 1(a1)
core   0: 3 0x80004486 (0x004580a3) mem 0x80017832 0xe4
core   0: 0x8000448a (0x00b58223) sb      a1, 4(a1)
core   0: 3 0x8000448a (0x00b58223) mem 0x80017835 0x31
core   0: 0x8000448e (0x00858603) lb      a2, 8(a1)
core   0: 3 0x8000448e (0x00858603) x12 0xffffffaf mem 0x80017839
core   0: 0x80004492 (0x018b6e33) or      t3, s6, s8
core   0: 3 0x80004492 (0x018b6e33) x28 0x00000029
core   0: 0x80004496 (0x4ce27eb7) lui     t4, 0x4ce27
core   0: 3 0x80004496 (0x4ce27eb7) x29 0x4ce27000
core   0: 0x8000449a (0x01a58823) sb      s10, 16(a1)
core   0: 3 0x8000449a (0x01a58823) mem 0x80017841 0x0
core   0: 0x8000449e (0x00f58803) lb      a6, 15(a1)
core   0: 3 0x8000449e (0x00f58803) x16 0x0000005c mem 0x80017840
core   0: 0x800044a2 (0x0000100f) fence.i
core   0: 3 0x800044a2 (0x0000100f)
core   0: 0x800044a6 (0x4178de13) srai    t3, a7, 23
core   0: 3 0x800044a6 (0x4178de13) x28 0xffffff00
core   0: 0x800044aa (0x01758023) sb      s7, 0(a1)
core   0: 3 0x800044aa (0x01758023) mem 0x80017831 0x29
core   0: 0x800044ae (0x00afb033) sltu    zero, t6, a0
core   0: 3 0x800044ae (0x00afb033)
core   0: 0x800044b2 (0xfe759ba3) sh      t2, -9(a1)
core   0: 3 0x800044b2 (0xfe759ba3) mem 0x80017828 0x3410
core   0: 0x800044b6 (0x02d9c8b3) div     a7, s3, a3
core   0: 3 0x800044b6 (0x02d9c8b3) x17 0xffffffff
core   0: 0x800044ba (0x01f69b93) slli    s7, a3, 31
core   0: 3 0x800044ba (0x01f69b93) x23 0x00000000
core   0: 0x800044be (0xff159683) lh      a3, -15(a1)
core   0: 3 0x800044be (0xff159683) x13 0xffff883a mem 0x80017822
core   0: 0x800044c2 (0x00000ab6) c.slli  s5, 13
core   0: 3 0x800044c2 (0x0ab6) x21 0x0adf0000
core   0: 0x800044c4 (0x90804313) xori    t1, zero, -1784
core   0: 3 0x800044c4 (0x90804313) x 6 0xfffff908
core   0: 0x800044c8 (0x0035c183) lbu     gp, 3(a1)
core   0: 3 0x800044c8 (0x0035c183) x 3 0x00000074 mem 0x80017834
core   0: 0x800044cc (0x021aa333) mulhsu  t1, s5, ra
core   0: 3 0x800044cc (0x021aa333) x 6 0x037a23f9
core   0: 0x800044d0 (0xffa5ca03) lbu     s4, -6(a1)
core   0: 3 0x800044d0 (0xffa5ca03) x20 0x0000004f mem 0x8001782b
core   0: 0x800044d4 (0x00008725) c.srai  a4, 9
core   0: 3 0x800044d4 (0x8725) x14 0xffffff09
core   0: 0x800044d6 (0x00000001) c.nop
core   0: 3 0x800044d6 (0x0001)
core   0: 0x800044d8 (0xffa58903) lb      s2, -6(a1)
core   0: 3 0x800044d8 (0xffa58903) x18 0x0000004f mem 0x8001782b
core   0: 0x800044dc (0x03be9db3) mulh    s11, t4, s11
core   0: 3 0x800044dc (0x03be9db3) x27 0x00000014
core   0: 0x800044e0 (0x000081b2) c.mv    gp, a2
core   0: 3 0x800044e0 (0x81b2) x 3 0xffffffaf
core   0: 0x800044e2 (0xfe258c23) sb      sp, -8(a1)
core   0: 3 0x800044e2 (0xfe258c23) mem 0x80017829 0xc
core   0: 0x800044e6 (0x00000001) c.nop
core   0: 3 0x800044e6 (0x0001)
core   0: 0x800044e8 (0x008d11b3) sll     gp, s10, s0
core   0: 3 0x800044e8 (0x008d11b3) x 3 0x00000000
core   0: 0x800044ec (0x00858183) lb      gp, 8(a1)
core   0: 3 0x800044ec (0x00858183) x 3 0xffffffaf mem 0x80017839
core   0: 0x800044f0 (0x0762d0b7) lui     ra, 0x762d
core   0: 3 0x800044f0 (0x0762d0b7) x 1 0x0762d000
core   0: 0x800044f4 (0xff558823) sb      s5, -16(a1)
core   0: 3 0x800044f4 (0xff558823) mem 0x80017821 0x0
core   0: 0x800044f8 (0xff858803) lb      a6, -8(a1)
core   0: 3 0x800044f8 (0xff858803) x16 0x0000000c mem 0x80017829
core   0: 0x800044fc (0x00008e4d) c.or    a2, a1
core   0: 3 0x800044fc (0x8e4d) x12 0xffffffbf
core   0: 0x800044fe (0x00008ae6) c.mv    s5, s9
core   0: 3 0x800044fe (0x8ae6) x21 0x80006b88
core   0: 0x80004500 (0x0015c503) lbu     a0, 1(a1)
core   0: 3 0x80004500 (0x0015c503) x10 0x000000e4 mem 0x80017832
core   0: 0x80004504 (0x33263717) auipc   a4, 0x33263
core   0: 3 0x80004504 (0x33263717) x14 0xb3267504
core   0: 0x80004508 (0x0035cf83) lbu     t6, 3(a1)
core   0: 3 0x80004508 (0x0035cf83) x31 0x00000074 mem 0x80017834
core   0: 0x8000450c (0x01e584a3) sb      t5, 9(a1)
core   0: 3 0x8000450c (0x01e584a3) mem 0x8001783a 0x84
core   0: 0x80004510 (0x01558023) sb      s5, 0(a1)
core   0: 3 0x80004510 (0x01558023) mem 0x80017831 0x88
core   0: 0x80004514 (0x00558b03) lb      s6, 5(a1)
core   0: 3 0x80004514 (0x00558b03) x22 0xffffff9f mem 0x80017836
core   0: 0x80004518 (0x01e596a3) sh      t5, 13(a1)
core   0: 3 0x80004518 (0x01e596a3) mem 0x8001783e 0xff84
core   0: 0x8000451c (0x00e58223) sb      a4, 4(a1)
core   0: 3 0x8000451c (0x00e58223) mem 0x80017835 0x4
core   0: 0x80004520 (0x0000dc97) auipc   s9, 0xd
core   0: 3 0x80004520 (0x0000dc97) x25 0x80011520
core   0: 0x80004524 (0x3a6c8c93) addi    s9, s9, 934
core   0: 3 0x80004524 (0x3a6c8c93) x25 0x800118c6
core   0: 0x80004528 (0xff5cc003) lbu     zero, -11(s9)
core   0: 3 0x80004528 (0xff5cc003) mem 0x800118bb
core   0: 0x8000452c (0x2044c713) xori    a4, s1, 516
core   0: 3 0x8000452c (0x2044c713) x14 0xfffffd2a
core   0: 0x80004530 (0xfe9caf23) sw      s1, -2(s9)
core   0: 3 0x80004530 (0xfe9caf23) mem 0x800118c4 0xffffff2e
core   0: 0x80004534 (0x00008f91) c.sub   a5, a2
core   0: 3 0x80004534 (0x8f91) x15 0x00002241
core   0: 0x80004536 (0x00006625) c.lui   a2, 0x9
core   0: 3 0x80004536 (0x6625) x12 0x00009000
core   0: 0x80004538 (0xff6c9083) lh      ra, -10(s9)
core   0: 3 0x80004538 (0xff6c9083) x 1 0x000054f2 mem 0x800118bc
core   0: 0x8000453c (0x01afe933) or      s2, t6, s10
core   0: 3 0x8000453c (0x01afe933) x18 0x00000074
core   0: 0x80004540 (0x00000819) c.addi  a6, 6
core   0: 3 0x80004540 (0x0819) x16 0x00000012
core   0: 0x80004542 (0x0035b033) sltu    zero, a1, gp
core   0: 3 0x80004542 (0x0035b033)
core   0: 0x80004546 (0x00fca323) sw      a5, 6(s9)
core   0: 3 0x80004546 (0x00fca323) mem 0x800118cc 0x00002241
core   0: 0x8000454a (0xffac8603) lb      a2, -6(s9)
core   0: 3 0x8000454a (0xffac8603) x12 0xffffff92 mem 0x800118c0
core   0: 0x8000454e (0x60abe8b7) lui     a7, 0x60abe
core   0: 3 0x8000454e (0x60abe8b7) x17 0x60abe000
core   0: 0x80004552 (0x0ff0000f) fence   iorw,iorw
core   0: 3 0x80004552 (0x0ff0000f)
core   0: 0x80004556 (0x4c0cec17) auipc   s8, 0x4c0ce
core   0: 3 0x80004556 (0x4c0cec17) x24 0xcc0d2556
core   0: 0x8000455a (0x25697093) andi    ra, s2, 598
core   0: 3 0x8000455a (0x25697093) x 1 0x00000054
core   0: 0x8000455e (0x00000001) c.nop
core   0: 3 0x8000455e (0x0001)
core   0: 0x80004560 (0x01896b33) or      s6, s2, s8
core   0: 3 0x80004560 (0x01896b33) x22 0xcc0d2576
core   0: 0x80004564 (0x000050fd) c.li    ra, -1
core   0: 3 0x80004564 (0x50fd) x 1 0xffffffff
core   0: 0x80004566 (0x00fccc03) lbu     s8, 15(s9)
core   0: 3 0x80004566 (0x00fccc03) x24 0x000000fd mem 0x800118d5
core   0: 0x8000456a (0x0ff0000f) fence   iorw,iorw
core   0: 3 0x8000456a (0x0ff0000f)
core   0: 0x8000456e (0xffac9703) lh      a4, -6(s9)
core   0: 3 0x8000456e (0xffac9703) x14 0xffff9092 mem 0x800118c0
core   0: 0x80004572 (0xff8c8e83) lb      t4, -8(s9)
core   0: 3 0x80004572 (0xff8c8e83) x29 0xffffffe3 mem 0x800118be
core   0: 0x80004576 (0x00008c25) c.xor   s0, s1
core   0: 3 0x80004576 (0x8c25) x 8 0xffffff62
core   0: 0x80004578 (0xd4738513) addi    a0, t2, -697
core   0: 3 0x80004578 (0xd4738513) x10 0xc0003157
core   0: 0x8000457c (0xff7c8603) lb      a2, -9(s9)
core   0: 3 0x8000457c (0xff7c8603) x12 0x00000054 mem 0x800118bd
core   0: 0x80004580 (0x00acc003) lbu     zero, 10(s9)
core   0: 3 0x80004580 (0x00acc003) mem 0x800118d0
core   0: 0x80004584 (0x00008231) c.srli  a2, 12
core   0: 3 0x80004584 (0x8231) x12 0x00000000
core   0: 0x80004586 (0xf323ea13) ori     s4, t2, -206
core   0: 3 0x80004586 (0xf323ea13) x20 0xffffff32
core   0: 0x8000458a (0xff0cdd83) lhu     s11, -16(s9)
core   0: 3 0x8000458a (0xff0cdd83) x27 0x00005431 mem 0x800118b6
core   0: 0x8000458e (0x0160dbb3) srl     s7, ra, s6
core   0: 3 0x8000458e (0x0160dbb3) x23 0x000003ff
core   0: 0x80004592 (0x0ff0000f) fence   iorw,iorw
core   0: 3 0x80004592 (0x0ff0000f)
core   0: 0x80004596 (0x00e813b3) sll     t2, a6, a4
core   0: 3 0x80004596 (0x00e813b3) x 7 0x00480000
core   0: 0x8000459a (0x00000a62) c.slli  s4, 24
core   0: 3 0x8000459a (0x0a62) x20 0x32000000
core   0: 0x8000459c (0x004cc083) lbu     ra, 4(s9)
core   0: 3 0x8000459c (0x004cc083) x 1 0x00000080 mem 0x800118ca
core   0: 0x800045a0 (0x00e591b3) sll     gp, a1, a4
core   0: 3 0x800045a0 (0x00e591b3) x 3 0xe0c40000
core   0: 0x800045a4 (0x00cc9d83) lh      s11, 12(s9)
core   0: 3 0x800045a4 (0x00cc9d83) x27 0x00002ed2 mem 0x800118d2
core   0: 0x800045a8 (0xae91ab93) slti    s7, gp, -1303
core   0: 3 0x800045a8 (0xae91ab93) x23 0x00000001
core   0: 0x800045ac (0xff2cca03) lbu     s4, -14(s9)
core   0: 3 0x800045ac (0xff2cca03) x20 0x000000fc mem 0x800118b8
core   0: 0x800045b0 (0x00009097) auipc   ra, 0x9
core   0: 3 0x800045b0 (0x00009097) x 1 0x8000d5b0
core   0: 0x800045b4 (0x20108093) addi    ra, ra, 513
core   0: 3 0x800045b4 (0x20108093) x 1 0x8000d7b1
core   0: 0x800045b8 (0x000018fd) c.addi  a7, -1
core   0: 3 0x800045b8 (0x18fd) x17 0x60abdfff
core   0: 0x800045ba (0x0087fb33) and     s6, a5, s0
core   0: 3 0x800045ba (0x0087fb33) x22 0x00002240
core   0: 0x800045be (0x7ba0cc03) lbu     s8, 1978(ra)
core   0: 3 0x800045be (0x7ba0cc03) x24 0x00000000 mem 0x8000df6b
core   0: 0x800045c2 (0x5a10d383) lhu     t2, 1441(ra)
core   0: 3 0x800045c2 (0x5a10d383) x 7 0x0000a476 mem 0x8000dd52
core   0: 0x800045c6 (0x0ff0000f) fence   iorw,iorw
core   0: 3 0x800045c6 (0x0ff0000f)
core   0: 0x800045ca (0x00008ca9) c.xor   s1, a0
core   0: 3 0x800045ca (0x8ca9) x 9 0x3fffce79
core   0: 0x800045cc (0x0000100f) fence.i
core   0: 3 0x800045cc (0x0000100f)
core   0: 0x800045d0 (0xb950d383) lhu     t2, -1131(ra)
core   0: 3 0x800045d0 (0xb950d383) x 7 0x00009e8e mem 0x8000d346
core   0: 0x800045d4 (0x00008c89) c.sub   s1, a0
core   0: 3 0x800045d4 (0x8c89) x 9 0x7fff9d22
core   0: 0x800045d6 (0x00008fcd) c.or    a5, a1
core   0: 3 0x800045d6 (0x8fcd) x15 0x80017a71
core   0: 0x800045d8 (0x00903ab3) snez    s5, s1
core   0: 3 0x800045d8 (0x00903ab3) x21 0x00000001
core   0: 0x800045dc (0x9d60a9a3) sw      s6, -1581(ra)
core   0: 3 0x800045dc (0x9d60a9a3) mem 0x8000d184 0x00002240
core   0: 0x800045e0 (0x46b9bc13) sltiu   s8, s3, 1131
core   0: 3 0x800045e0 (0x46b9bc13) x24 0x00000000
core   0: 0x800045e4 (0x78308403) lb      s0, 1923(ra)
core   0: 3 0x800045e4 (0x78308403) x 8 0xffffffea mem 0x8000df34
core   0: 0x800045e8 (0xbfc085a3) sb      t3, -1045(ra)
core   0: 3 0x800045e8 (0xbfc085a3) mem 0x8000d39c 0x0
core   0: 0x800045ec (0x7910ce03) lbu     t3, 1937(ra)
core   0: 3 0x800045ec (0x7910ce03) x28 0x000000f5 mem 0x8000df42
core   0: 0x800045f0 (0x47f08c23) sb      t6, 1144(ra)
core   0: 3 0x800045f0 (0x47f08c23) mem 0x8000dc29 0x74
core   0: 0x800045f4 (0x02eb3033) mulhu   zero, s6, a4
core   0: 3 0x800045f4 (0x02eb3033)
core   0: 0x800045f8 (0x4fa08683) lb      a3, 1274(ra)
core   0: 3 0x800045f8 (0x4fa08683) x13 0xffffff83 mem 0x8000dcab
core   0: 0x800045fc (0x0ff0000f) fence   iorw,iorw
core   0: 3 0x800045fc (0x0ff0000f)
core   0: 0x80004600 (0x999096a3) sh      s9, -1651(ra)
core   0: 3 0x80004600 (0x999096a3) mem 0x8000d13e 0x18c6
core   0: 0x80004604 (0x00008ac6) c.mv    s5, a7
core   0: 3 0x80004604 (0x8ac6) x21 0x60abdfff
core   0: 0x80004606 (0x29608403) lb      s0, 662(ra)
core   0: 3 0x80004606 (0x29608403) x 8 0xffffffef mem 0x8000da47
core   0: 0x8000460a (0x02455ab3) divu    s5, a0, tp
core   0: 3 0x8000460a (0x02455ab3) x21 0x00000001
core   0: 0x8000460e (0xb9208923) sb      s2, -1134(ra)
core   0: 3 0x8000460e (0xb9208923) mem 0x8000d343 0x74
core   0: 0x80004612 (0x000006a2) c.slli  a3, 8
core   0: 3 0x80004612 (0x06a2) x13 0xffff8300
core   0: 0x80004614 (0x0ff0000f) fence   iorw,iorw
core   0: 3 0x80004614 (0x0ff0000f)
core   0: 0x80004618 (0x40df0db3) sub     s11, t5, a3
core   0: 3 0x80004618 (0x40df0db3) x27 0x00007c84
core   0: 0x8000461c (0xdce0c783) lbu     a5, -562(ra)
core   0: 3 0x8000461c (0xdce0c783) x15 0x0000005a mem 0x8000d57f
core   0: 0x80004620 (0x00008395) c.srli  a5, 5
core   0: 3 0x80004620 (0x8395) x15 0x00000002
core   0: 0x80004622 (0x003e44b3) xor     s1, t3, gp
core   0: 3 0x80004622 (0x003e44b3) x 9 0xe0c400f5
core   0: 0x80004626 (0xf840c883) lbu     a7, -124(ra)
core   0: 3 0x80004626 (0xf840c883) x17 0x000000bf mem 0x8000d735
core   0: 0x8000462a (0x6da08823) sb      s10, 1744(ra)
core   0: 3 0x8000462a (0x6da08823) mem 0x8000de81 0x0
core   0: 0x8000462e (0x01e02333) slt     t1, zero, t5
core   0: 3 0x8000462e (0x01e02333) x 6 0x00000000
core   0: 0x80004632 (0x01651333) sll     t1, a0, s6
core   0: 3 0x80004632 (0x01651333) x 6 0xc0003157
core   0: 0x80004636 (0x00008ec5) c.or    a3, s1
core   0: 3 0x80004636 (0x8ec5) x13 0xffff83f5
core   0: 0x80004638 (0x7f4bf993) andi    s3, s7, 2036
core   0: 3 0x80004638 (0x7f4bf993) x19 0x00000000
core   0: 0x8000463c (0x4f90db83) lhu     s7, 1273(ra)
core   0: 3 0x8000463c (0x4f90db83) x23 0x0000836f mem 0x8000dcaa
core   0: 0x80004640 (0xaeb0a703) lw      a4, -1301(ra)
core   0: 3 0x80004640 (0xaeb0a703) x14 0x60c2ea10 mem 0x8000d29c
core   0: 0x80004644 (0x249086a3) sb      s1, 589(ra)
core   0: 3 0x80004644 (0x249086a3) mem 0x8000d9fe 0xf5
core   0: 0x80004648 (0x03df07b3) mul     a5, t5, t4
core   0: 3 0x80004648 (0x03df07b3) x15 0x00000e0c
core   0: 0x8000464c (0x00008c7d) c.and   s0, a5
core   0: 3 0x8000464c (0x8c7d) x 8 0x00000e0c
core   0: 0x8000464e (0x0147eab3) or      s5, a5, s4
core   0: 3 0x8000464e (0x0147eab3) x21 0x00000efc
core   0: 0x80004652 (0x03d328b3) mulhsu  a7, t1, t4
core   0: 3 0x80004652 (0x03d328b3) x17 0xc000315e
core   0: 0x80004656 (0x0000557d) c.li    a0, -1
core   0: 3 0x80004656 (0x557d) x10 0xffffffff
core   0: 0x80004658 (0x01f62b33) slt     s6, a2, t6
core   0: 3 0x80004658 (0x01f62b33) x22 0x00000001
core   0: 0x8000465c (0xdfe083a3) sb      t5, -537(ra)
core   0: 3 0x8000465c (0xdfe083a3) mem 0x8000d598 0x84
core   0: 0x80004660 (0xdae09ea3) sh      a4, -579(ra)
core   0: 3 0x80004660 (0xdae09ea3) mem 0x8000d56e 0xea10
core   0: 0x80004664 (0x00008bfa) c.mv    s7, t5
core   0: 3 0x80004664 (0x8bfa) x23 0xffffff84
core   0: 0x80004666 (0x00000001) c.nop
core   0: 3 0x80004666 (0x0001)
core   0: 0x80004668 (0x001ddf33) srl     t5, s11, ra
core   0: 3 0x80004668 (0x001ddf33) x30 0x00000000
core   0: 0x8000466c (0x0048d0b3) srl     ra, a7, tp
core   0: 3 0x8000466c (0x0048d0b3) x 1 0x0c000315
core   0: 0x80004670 (0x1b6bdeb7) lui     t4, 0x1b6bd
core   0: 3 0x80004670 (0x1b6bdeb7) x29 0x1b6bd000
core   0: 0x80004674 (0x00009817) auipc   a6, 0x9
core   0: 3 0x80004674 (0x00009817) x16 0x8000d674
core   0: 0x80004678 (0x71980813) addi    a6, a6, 1817
core   0: 3 0x80004678 (0x71980813) x16 0x8000dd8d
core   0: 0x8000467c (0x01980523) sb      s9, 10(a6)
core   0: 3 0x8000467c (0x01980523) mem 0x8000dd97 0xc6
core   0: 0x80004680 (0x00008cb5) c.xor   s1, a3
core   0: 3 0x80004680 (0x8cb5) x 9 0x1f3b8300
core   0: 0x80004682 (0x0000100f) fence.i
core   0: 3 0x80004682 (0x0000100f)
core   0: 0x80004686 (0x00780783) lb      a5, 7(a6)
core   0: 3 0x80004686 (0x00780783) x15 0xffffffec mem 0x8000dd94
core   0: 0x8000468a (0x40b75d13) srai    s10, a4, 11
core   0: 3 0x8000468a (0x40b75d13) x26 0x000c185d
core   0: 0x8000468e (0x00d81503) lh      a0, 13(a6)
core   0: 3 0x8000468e (0x00d81503) x10 0xffffa9c6 mem 0x8000dd9a
core   0: 0x80004692 (0x00980623) sb      s1, 12(a6)
core   0: 3 0x80004692 (0x00980623) mem 0x8000dd99 0x0
core   0: 0x80004696 (0x00e6dcb3) srl     s9, a3, a4
core   0: 3 0x80004696 (0x00e6dcb3) x25 0x0000ffff
core   0: 0x8000469a (0xffe80e03) lb      t3, -2(a6)
core   0: 3 0x8000469a (0xffe80e03) x28 0xffffffe0 mem 0x8000dd8b
core   0: 0x8000469e (0xff380883) lb      a7, -13(a6)
core   0: 3 0x8000469e (0xff380883) x17 0x00000023 mem 0x8000dd80
core   0: 0x800046a2 (0x00284d83) lbu     s11, 2(a6)
core   0: 3 0x800046a2 (0x00284d83) x27 0x000000d0 mem 0x8000dd8f
core   0: 0x800046a6 (0x00184403) lbu     s0, 1(a6)
core   0: 3 0x800046a6 (0x00184403) x 8 0x00000058 mem 0x8000dd8e
core   0: 0x800046aa (0x00000966) c.slli  s2, 25
core   0: 3 0x800046aa (0x0966) x18 0xe8000000
core   0: 0x800046ac (0x00080903) lb      s2, 0(a6)
core   0: 3 0x800046ac (0x00080903) x18 0x00000072 mem 0x8000dd8d
core   0: 0x800046b0 (0xfed80f23) sb      a3, -2(a6)
core   0: 3 0x800046b0 (0xfed80f23) mem 0x8000dd8b 0xf5
core   0: 0x800046b4 (0x00c89993) slli    s3, a7, 12
core   0: 3 0x800046b4 (0x00c89993) x19 0x00023000
core   0: 0x800046b8 (0xfea80ea3) sb      a0, -3(a6)
core   0: 3 0x800046b8 (0xfea80ea3) mem 0x8000dd8a 0xc6
core   0: 0x800046bc (0xff184003) lbu     zero, -15(a6)
core   0: 3 0x800046bc (0xff184003) mem 0x8000dd7e
core   0: 0x800046c0 (0xff280383) lb      t2, -14(a6)
core   0: 3 0x800046c0 (0xff280383) x 7 0xffffffab mem 0x8000dd7f
core   0: 0x800046c4 (0x00000001) c.nop
core   0: 3 0x800046c4 (0x0001)
core   0: 0x800046c6 (0xfeb80823) sb      a1, -16(a6)
core   0: 3 0x800046c6 (0xfeb80823) mem 0x8000dd7d 0x31
core   0: 0x800046ca (0x03aa7033) remu    zero, s4, s10
core   0: 3 0x800046ca (0x03aa7033)
core   0: 0x800046ce (0xffe84503) lbu     a0, -2(a6)
core   0: 3 0x800046ce (0xffe84503) x10 0x000000f5 mem 0x8000dd8b
core   0: 0x800046d2 (0x00e821a3) sw      a4, 3(a6)
core   0: 3 0x800046d2 (0x00e821a3) mem 0x8000dd90 0x60c2ea10
core   0: 0x800046d6 (0x01080023) sb      a6, 0(a6)
core   0: 3 0x800046d6 (0x01080023) mem 0x8000dd8d 0x8d
core   0: 0x800046da (0xfe081aa3) sh      zero, -11(a6)
core   0: 3 0x800046da (0xfe081aa3) mem 0x8000dd82 0x0000
core   0: 0x800046de (0x00c84d83) lbu     s11, 12(a6)
core   0: 3 0x800046de (0x00c84d83) x27 0x00000000 mem 0x8000dd99
core   0: 0x800046e2 (0x00884c83) lbu     s9, 8(a6)
core   0: 3 0x800046e2 (0x00884c83) x25 0x00000031 mem 0x8000dd95
core   0: 0x800046e6 (0x01d810a3) sh      t4, 1(a6)
core   0: 3 0x800046e6 (0x01d810a3) mem 0x8000dd8e 0xd000
core   0: 0x800046ea (0xffd84b03) lbu     s6, -3(a6)
core   0: 3 0x800046ea (0xffd84b03) x22 0x000000c6 mem 0x8000dd8a
core   0: 0x800046ee (0x00008df5) c.and   a1, a3
core   0: 3 0x800046ee (0x8df5) x11 0x80010031
core   0: 0x800046f0 (0x01ff6533) or      a0, t5, t6
core   0: 3 0x800046f0 (0x01ff6533) x10 0x00000074
core   0: 0x800046f4 (0xffc80903) lb      s2, -4(a6)
core   0: 3 0x800046f4 (0xffc80903) x18 0x0000000c mem 0x8000dd89
core   0: 0x800046f8 (0xfe080fa3) sb      zero, -1(a6)
core   0: 3 0x800046f8 (0xfe080fa3) mem 0x8000dd8c 0x0
core   0: 0x800046fc (0x8597cb93) xori    s7, a5, -1959
core   0: 3 0x800046fc (0x8597cb93) x23 0x000007b5
core   0: 0x80004700 (0x00009a4a) c.add   s4, s2
core   0: 3 0x80004700 (0x9a4a) x20 0x00000108
core   0: 0x80004702 (0x00b815a3) sh      a1, 11(a6)
core   0: 3 0x80004702 (0x00b815a3) mem 0x8000dd98 0x0031
core   0: 0x80004706 (0x00f57333) and     t1, a0, a5
core   0: 3 0x80004706 (0x00f57333) x 6 0x00000064
core   0: 0x8000470a (0x01980723) sb      s9, 14(a6)
core   0: 3 0x8000470a (0x01980723) mem 0x8000dd9b 0x31
core   0: 0x8000470e (0x010d71b3) and     gp, s10, a6
core   0: 3 0x8000470e (0x010d71b3) x 3 0x0000180d
core   0: 0x80004712 (0x23d02d13) slti    s10, zero, 573
core   0: 3 0x80004712 (0x23d02d13) x26 0x00000001
core   0: 0x80004716 (0x00b85383) lhu     t2, 11(a6)
core   0: 3 0x80004716 (0x00b85383) x 7 0x00000031 mem 0x8000dd98
core   0: 0x8000471a (0xfed808a3) sb      a3, -15(a6)
core   0: 3 0x8000471a (0xfed808a3) mem 0x8000dd7e 0xf5
core   0: 0x8000471e (0x01280523) sb      s2, 10(a6)
core   0: 3 0x8000471e (0x01280523) mem 0x8000dd97 0xc
core   0: 0x80004722 (0x00561b93) slli    s7, a2, 5
core   0: 3 0x80004722 (0x00561b93) x23 0x00000000
core   0: 0x80004726 (0xea574f13) xori    t5, a4, -347
core   0: 3 0x80004726 (0xea574f13) x30 0x9f3d14b5
core   0: 0x8000472a (0x41698eb3) sub     t4, s3, s6
core   0: 3 0x8000472a (0x41698eb3) x29 0x00022f3a
core   0: 0x8000472e (0x00454333) xor     t1, a0, tp
core   0: 3 0x8000472e (0x00454333) x 6 0x80026c90
core   0: 0x80004732 (0x1faf4b93) xori    s7, t5, 506
core   0: 3 0x80004732 (0x1faf4b93) x23 0x9f3d154f
core   0: 0x80004736 (0x012a3db3) sltu    s11, s4, s2
core   0: 3 0x80004736 (0x012a3db3) x27 0x00000000
core   0: 0x8000473a (0x03fe9f33) mulh    t5, t4, t6
core   0: 3 0x8000473a (0x03fe9f33) x30 0x00000000
core   0: 0x8000473e (0x00006d35) c.lui   s10, 0xd
core   0: 3 0x8000473e (0x6d35) x26 0x0000d000
core   0: 0x80004740 (0x9d240a13) addi    s4, s0, -1582
core   0: 3 0x80004740 (0x9d240a13) x20 0xfffffa2a
core   0: 0x80004744 (0x013dd813) srli    a6, s11, 19
core   0: 3 0x80004744 (0x013dd813) x16 0x00000000
core   0: 0x80004748 (0x0000057e) c.slli  a0, 31
core   0: 3 0x80004748 (0x057e) x10 0x00000000
core   0: 0x8000474a (0x40d05333) sra     t1, zero, a3
core   0: 3 0x8000474a (0x40d05333) x 6 0x00000000
core   0: 0x8000474e (0x022c4c63) blt     s8, sp, pc + 56
core   0: 3 0x8000474e (0x022c4c63)
core   0: 0x80004786 (0x00c8a9b3) slt     s3, a7, a2
core   0: 3 0x80004786 (0x00c8a9b3) x19 0x00000000
core   0: 0x8000478a (0x00000192) c.slli  gp, 4
core   0: 3 0x8000478a (0x0192) x 3 0x000180d0
core   0: 0x8000478c (0x017053b3) srl     t2, zero, s7
core   0: 3 0x8000478c (0x017053b3) x 7 0x00000000
core   0: 0x80004790 (0x020a6333) rem     t1, s4, zero
core   0: 3 0x80004790 (0x020a6333) x 6 0xfffffa2a
core   0: 0x80004794 (0x41535613) srai    a2, t1, 21
core   0: 3 0x80004794 (0x41535613) x12 0xffffffff
core   0: 0x80004798 (0x67e1c493) xori    s1, gp, 1662
core   0: 3 0x80004798 (0x67e1c493) x 9 0x000186ae
core   0: 0x8000479c (0x03b8c6b3) div     a3, a7, s11
core   0: 3 0x8000479c (0x03b8c6b3) x13 0xffffffff
core   0: 0x800047a0 (0x0033f4b3) and     s1, t2, gp
core   0: 3 0x800047a0 (0x0033f4b3) x 9 0x00000000
core   0: 0x800047a4 (0x3fd4b513) sltiu   a0, s1, 1021
core   0: 3 0x800047a4 (0x3fd4b513) x10 0x00000001
core   0: 0x800047a8 (0x01ce8033) add     zero, t4, t3
core   0: 3 0x800047a8 (0x01ce8033)
core   0: 0x800047ac (0x00009ace) c.add   s5, s3
core   0: 3 0x800047ac (0x9ace) x21 0x00000efc
core   0: 0x800047ae (0x02336633) rem     a2, t1, gp
core   0: 3 0x800047ae (0x02336633) x12 0xfffffa2a
core   0: 0x800047b2 (0x000087c5) c.srai  a5, 17
core   0: 3 0x800047b2 (0x87c5) x15 0xffffffff
core   0: 0x800047b4 (0x00983a13) sltiu   s4, a6, 9
core   0: 3 0x800047b4 (0x00983a13) x20 0x00000001
core   0: 0x800047b8 (0x039beb63) bltu    s7, s9, pc + 54
core   0: 3 0x800047b8 (0x039beb63)
core   0: 0x800047bc (0x05dd4163) blt     s10, t4, pc + 66
core   0: 3 0x800047bc (0x05dd4163)
core   0: 0x800047fe (0x00251b13) slli    s6, a0, 2
core   0: 3 0x800047fe (0x00251b13) x22 0x00000004
core   0: 0x80004802 (0x00009bfd) c.andi  a5, -1
core   0: 3 0x80004802 (0x9bfd) x15 0xffffffff
core   0: 0x80004804 (0x00008c75) c.and   s0, a3
core   0: 3 0x80004804 (0x8c75) x 8 0x00000058
core   0: 0x80004806 (0x00008e95) c.sub   a3, a3
core   0: 3 0x80004806 (0x8e95) x13 0x00000000
core   0: 0x80004808 (0x021e2517) auipc   a0, 0x21e2
core   0: 3 0x80004808 (0x021e2517) x10 0x821e6808
core   0: 0x8000480c (0x0133eb63) bltu    t2, s3, pc + 22
core   0: 3 0x8000480c (0x0133eb63)
core   0: 0x80004810 (0x03cb6833) rem     a6, s6, t3
core   0: 3 0x80004810 (0x03cb6833) x16 0x00000004
core   0: 0x80004814 (0x01af0a33) add     s4, t5, s10
core   0: 3 0x80004814 (0x01af0a33) x20 0x0000d000
core   0: 0x80004818 (0x00008fad) c.xor   a5, a1
core   0: 3 0x80004818 (0x8fad) x15 0x7ffeffce
core   0: 0x8000481a (0x034a6a63) bltu    s4, s4, pc + 52
core   0: 3 0x8000481a (0x034a6a63)
core   0: 0x8000481e (0x02dee1b3) rem     gp, t4, a3
core   0: 3 0x8000481e (0x02dee1b3) x 3 0x00022f3a
core   0: 0x80004822 (0xd4eab817) auipc   a6, 0xd4eab
core   0: 3 0x80004822 (0xd4eab817) x16 0x54eaf822
core   0: 0x80004826 (0x0359e763) bltu    s3, s5, pc + 46
core   0: 3 0x80004826 (0x0359e763)
core   0: 0x80004854 (0x744fba93) sltiu   s5, t6, 1860
core   0: 3 0x80004854 (0x744fba93) x21 0x00000001
core   0: 0x80004858 (0x4107d333) sra     t1, a5, a6
core   0: 3 0x80004858 (0x4107d333) x 6 0x1fffbff3
core   0: 0x8000485c (0xdedf0e93) addi    t4, t5, -531
core   0: 3 0x8000485c (0xdedf0e93) x29 0xfffffded
core   0: 0x80004860 (0x02f52333) mulhsu  t1, a0, a5
core   0: 3 0x80004860 (0x02f52333) x 6 0xc10fb1fe
core   0: 0x80004864 (0x00361e93) slli    t4, a2, 3
core   0: 3 0x80004864 (0x00361e93) x29 0xffffd150
core   0: 0x80004868 (0x000085e5) c.srai  a1, 25
core   0: 3 0x80004868 (0x85e5) x11 0xffffffc0
core   0: 0x8000486a (0x02833933) mulhu   s2, t1, s0
core   0: 3 0x8000486a (0x02833933) x18 0x00000042
core   0: 0x8000486e (0xf15eec17) auipc   s8, 0xf15ee
core   0: 3 0x8000486e (0xf15eec17) x24 0x715f286e
core   0: 0x80004872 (0x02a7e463) bltu    a5, a0, pc + 40
core   0: 3 0x80004872 (0x02a7e463)
core   0: 0x8000489a (0x0000e119) c.bnez  a0, pc + 6
core   0: 3 0x8000489a (0xe119)
core   0: 0x800048a0 (0xf6e8e093) ori     ra, a7, -146
core   0: 3 0x800048a0 (0xf6e8e093) x 1 0xffffff6f
core   0: 0x800048a4 (0x03458863) beq     a1, s4, pc + 48
core   0: 3 0x800048a4 (0x03458863)
core   0: 0x800048a8 (0x012e4f33) xor     t5, t3, s2
core   0: 3 0x800048a8 (0x012e4f33) x30 0xffffffa2
core   0: 0x800048ac (0x0000046a) c.slli  s0, 26
core   0: 3 0x800048ac (0x046a) x 8 0x60000000
core   0: 0x800048ae (0x00225db3) srl     s11, tp, sp
core   0: 3 0x800048ae (0x00225db3) x27 0x00080026
core   0: 0x800048b2 (0x000089d2) c.mv    s3, s4
core   0: 3 0x800048b2 (0x89d2) x19 0x0000d000
core   0: 0x800048b4 (0x00008d99) c.sub   a1, a4
core   0: 3 0x800048b4 (0x8d99) x11 0x9f3d15b0
core   0: 0x800048b6 (0x03401d63) bne     zero, s4, pc + 58
core   0: 3 0x800048b6 (0x03401d63)
core   0: 0x800048f0 (0x00000001) c.nop
core   0: 3 0x800048f0 (0x0001)
core   0: 0x800048f2 (0x0112af33) slt     t5, t0, a7
core   0: 3 0x800048f2 (0x0112af33) x30 0x00000001
core   0: 0x800048f6 (0x00c1f197) auipc   gp, 0xc1f
core   0: 3 0x800048f6 (0x00c1f197) x 3 0x80c238f6
core   0: 0x800048fa (0x011b6f63) bltu    s6, a7, pc + 30
core   0: 3 0x800048fa (0x011b6f63)
core   0: 0x80004918 (0x0ff0000f) fence   iorw,iorw
core   0: 3 0x80004918 (0x0ff0000f)
core   0: 0x8000491c (0x02f29cb3) mulh    s9, t0, a5
core   0: 3 0x8000491c (0x02f29cb3) x25 0xc00196fe
core   0: 0x80004920 (0x02809963) bne     ra, s0, pc + 50
core   0: 3 0x80004920 (0x02809963)
core   0: 0x80004952 (0x014e1c33) sll     s8, t3, s4
core   0: 3 0x80004952 (0x014e1c33) x24 0xffffffe0
core   0: 0x80004956 (0x41490e33) sub     t3, s2, s4
core   0: 3 0x80004956 (0x41490e33) x28 0xffff3042
core   0: 0x8000495a (0x030c2e33) mulhsu  t3, s8, a6
core   0: 3 0x8000495a (0x030c2e33) x28 0xfffffff5
core   0: 0x8000495e (0x0171d363) bge     gp, s7, pc + 6
core   0: 3 0x8000495e (0x0171d363)
core   0: 0x80004962 (0x00000001) c.nop
core   0: 3 0x80004962 (0x0001)
core   0: 0x80004964 (0x00008f99) c.sub   a5, a4
core   0: 3 0x80004964 (0x8f99) x15 0x1f3c15be
core   0: 0x80004966 (0x01244363) blt     s0, s2, pc + 6
core   0: 3 0x80004966 (0x01244363)
core   0: 0x8000496a (0x0000050d) c.addi  a0, 3
core   0: 3 0x8000496a (0x050d) x10 0x821e680b
core   0: 0x8000496c (0x0000867d) c.srai  a2, 31
core   0: 3 0x8000496c (0x867d) x12 0xffffffff
core   0: 0x8000496e (0xf72fec93) ori     s9, t6, -142
core   0: 3 0x8000496e (0xf72fec93) x25 0xffffff76
core   0: 0x80004972 (0x5ea58513) addi    a0, a1, 1514
core   0: 3 0x80004972 (0x5ea58513) x10 0x9f3d1b9a
core   0: 0x80004976 (0x0000ed0d) c.bnez  a0, pc + 58
core   0: 3 0x80004976 (0xed0d)
core   0: 0x800049b0 (0x000081b9) c.srli  a1, 14
core   0: 3 0x800049b0 (0x81b9) x11 0x00027cf4
core   0: 0x800049b2 (0x02754633) div     a2, a0, t2
core   0: 3 0x800049b2 (0x02754633) x12 0xffffffff
core   0: 0x800049b6 (0x7fedaeb7) lui     t4, 0x7feda
core   0: 3 0x800049b6 (0x7fedaeb7) x29 0x7feda000
core   0: 0x800049ba (0x02171db3) mulh    s11, a4, ra
core   0: 3 0x800049ba (0x02171db3) x27 0xffffffc9
core   0: 0x800049be (0x00008cc9) c.or    s1, a0
core   0: 3 0x800049be (0x8cc9) x 9 0x9f3d1b9a
core   0: 0x800049c0 (0x00008eb9) c.xor   a3, a4
core   0: 3 0x800049c0 (0x8eb9) x13 0x60c2ea10
core   0: 0x800049c2 (0x40150db3) sub     s11, a0, ra
core   0: 3 0x800049c2 (0x40150db3) x27 0x9f3d1c2b
core   0: 0x800049c6 (0xde477f37) lui     t5, 0xde477
core   0: 3 0x800049c6 (0xde477f37) x30 0xde477000
core   0: 0x800049ca (0x025b81b3) mul     gp, s7, t0
core   0: 3 0x800049ca (0x025b81b3) x 3 0xc8fe3330
core   0: 0x800049ce (0x40b75933) sra     s2, a4, a1
core   0: 3 0x800049ce (0x40b75933) x18 0x0000060c
core   0: 0x800049d2 (0x00008309) c.srli  a4, 2
core   0: 3 0x800049d2 (0x8309) x14 0x1830ba84
core   0: 0x800049d4 (0x00009bfd) c.andi  a5, -1
core   0: 3 0x800049d4 (0x9bfd) x15 0x1f3c15be
core   0: 0x800049d6 (0x00008392) c.mv    t2, tp
core   0: 3 0x800049d6 (0x8392) x 7 0x80026ce4
core   0: 0x800049d8 (0x0000100f) fence.i
core   0: 3 0x800049d8 (0x0000100f)
core   0: 0x800049dc (0x6ef62e13) slti    t3, a2, 1775
core   0: 3 0x800049dc (0x6ef62e13) x28 0x00000001
core   0: 0x800049e0 (0x0394c433) div     s0, s1, s9
core   0: 3 0x800049e0 (0x0394c433) x 8 0x00b37fcc
core   0: 0x800049e4 (0x41438033) sub     zero, t2, s4
core   0: 3 0x800049e4 (0x41438033)
core   0: 0x800049e8 (0x6057d3b7) lui     t2, 0x6057d
core   0: 3 0x800049e8 (0x6057d3b7) x 7 0x6057d000
core   0: 0x800049ec (0x01881c33) sll     s8, a6, s8
core   0: 3 0x800049ec (0x01881c33) x24 0x54eaf822
core   0: 0x800049f0 (0x417b07b3) sub     a5, s6, s7
core   0: 3 0x800049f0 (0x417b07b3) x15 0x60c2eab5
core   0: 0x800049f4 (0x000089ba) c.mv    s3, a4
core   0: 3 0x800049f4 (0x89ba) x19 0x1830ba84
core   0: 0x800049f6 (0x02246833) rem     a6, s0, sp
core   0: 3 0x800049f6 (0x02246833) x16 0x00000000
core   0: 0x800049fa (0x31fa2313) slti    t1, s4, 799
core   0: 3 0x800049fa (0x31fa2313) x 6 0x00000000
core   0: 0x800049fe (0x8256e613) ori     a2, a3, -2011
core   0: 3 0x800049fe (0x8256e613) x12 0xfffffa35
core   0: 0x80004a02 (0xea0ee093) ori     ra, t4, -352
core   0: 3 0x80004a02 (0xea0ee093) x 1 0xfffffea0
core   0: 0x80004a06 (0x10adfc13) andi    s8, s11, 266
core   0: 3 0x80004a06 (0x10adfc13) x24 0x0000000a
core   0: 0x80004a0a (0x0000e901) c.bnez  a0, pc + 16
core   0: 3 0x80004a0a (0xe901)
core   0: 0x80004a1a (0x01d82333) slt     t1, a6, t4
core   0: 3 0x80004a1a (0x01d82333) x 6 0x00000001
core   0: 0x80004a1e (0x00006d41) c.lui   s10, 0x10
core   0: 3 0x80004a1e (0x6d41) x26 0x00010000
core   0: 0x80004a20 (0x7229ff93) andi    t6, s3, 1826
core   0: 3 0x80004a20 (0x7229ff93) x31 0x00000200
core   0: 0x80004a24 (0x02bb0433) mul     s0, s6, a1
core   0: 3 0x80004a24 (0x02bb0433) x 8 0x0009f3d0
core   0: 0x80004a28 (0x03b6d4b3) divu    s1, a3, s11
core   0: 3 0x80004a28 (0x03b6d4b3) x 9 0x00000000
core   0: 0x80004a2c (0x00064463) bltz    a2, pc + 8
core   0: 3 0x80004a2c (0x00064463)
core   0: 0x80004a34 (0x001b2db3) slt     s11, s6, ra
core   0: 3 0x80004a34 (0x001b2db3) x27 0x00000000
core   0: 0x80004a38 (0x0280dcb3) divu    s9, ra, s0
core   0: 3 0x80004a38 (0x0280dcb3) x25 0x000019b8
core   0: 0x80004a3c (0x03cfd363) bge     t6, t3, pc + 38
core   0: 3 0x80004a3c (0x03cfd363)
core   0: 0x80004a62 (0x01bf95b3) sll     a1, t6, s11
core   0: 3 0x80004a62 (0x01bf95b3) x11 0x00000200
core   0: 0x80004a66 (0x413bd633) sra     a2, s7, s3
core   0: 3 0x80004a66 (0x413bd633) x12 0xf9f3d154
core   0: 0x80004a6a (0x00f3eeb3) or      t4, t2, a5
core   0: 3 0x80004a6a (0x00f3eeb3) x29 0x60d7fab5
core   0: 0x80004a6e (0x012c27b3) slt     a5, s8, s2
core   0: 3 0x80004a6e (0x012c27b3) x15 0x00000001
core   0: 0x80004a72 (0x000054fd) c.li    s1, -1
core   0: 3 0x80004a72 (0x54fd) x 9 0xffffffff
core   0: 0x80004a74 (0x011947b3) xor     a5, s2, a7
core   0: 3 0x80004a74 (0x011947b3) x15 0x0000062f
core   0: 0x80004a78 (0x01453a33) sltu    s4, a0, s4
core   0: 3 0x80004a78 (0x01453a33) x20 0x00000000
core   0: 0x80004a7c (0x00e7d313) srli    t1, a5, 14
core   0: 3 0x80004a7c (0x00e7d313) x 6 0x00000000
core   0: 0x80004a80 (0x407fd8b3) sra     a7, t6, t2
core   0: 3 0x80004a80 (0x407fd8b3) x17 0x00000200
core   0: 0x80004a84 (0x92450093) addi    ra, a0, -1756
core   0: 3 0x80004a84 (0x92450093) x 1 0x9f3d14be
core   0: 0x80004a88 (0x3532c193) xori    gp, t0, 851
core   0: 3 0x80004a88 (0x3532c193) x 3 0x80022e83
core   0: 0x80004a8c (0x1b524593) xori    a1, tp, 437
core   0: 3 0x80004a8c (0x1b524593) x11 0x80026d51
core   0: 0x80004a90 (0x00008d01) c.sub   a0, s0
core   0: 3 0x80004a90 (0x8d01) x10 0x9f3327ca
core   0: 0x80004a92 (0x00008ddd) c.or    a1, a5
core   0: 3 0x80004a92 (0x8ddd) x11 0x80026f7f
core   0: 0x80004a94 (0x01e14333) xor     t1, sp, t5
core   0: 3 0x80004a94 (0x01e14333) x 6 0xde47700c
core   0: 0x80004a98 (0x00a06c33) or      s8, zero, a0
core   0: 3 0x80004a98 (0x00a06c33) x24 0x9f3327ca
core   0: 0x80004a9c (0x00008f31) c.xor   a4, a2
core   0: 3 0x80004a9c (0x8f31) x14 0xe1c36bd0
core   0: 0x80004a9e (0x03bf64b3) rem     s1, t5, s11
core   0: 3 0x80004a9e (0x03bf64b3) x 9 0xde477000
core   0: 0x80004aa2 (0x0000889d) c.andi  s1, 7
core   0: 3 0x80004aa2 (0x889d) x 9 0x00000000
core   0: 0x80004aa4 (0x0000100f) fence.i
core   0: 3 0x80004aa4 (0x0000100f)
core   0: 0x80004aa8 (0x03f3e863) bltu    t2, t6, pc + 48
core   0: 3 0x80004aa8 (0x03f3e863)
core   0: 0x80004aac (0x0000696d) c.lui   s2, 0x1b
core   0: 3 0x80004aac (0x696d) x18 0x0001b000
core   0: 0x80004aae (0x0151d9b3) srl     s3, gp, s5
core   0: 3 0x80004aae (0x0151d9b3) x19 0x40011741
core   0: 0x80004ab2 (0xafd47f93) andi    t6, s0, -1283
core   0: 3 0x80004ab2 (0xafd47f93) x31 0x0009f2d0
core   0: 0x80004ab6 (0x413dd093) srai    ra, s11, 19
core   0: 3 0x80004ab6 (0x413dd093) x 1 0x00000000
core   0: 0x80004aba (0x03076263) bltu    a4, a6, pc + 36
core   0: 3 0x80004aba (0x03076263)
core   0: 0x80004abe (0x03e2cbb3) div     s7, t0, t5
core   0: 3 0x80004abe (0x03e2cbb3) x23 0x00000003
core   0: 0x80004ac2 (0x02c10863) beq     sp, a2, pc + 48
core   0: 3 0x80004ac2 (0x02c10863)
core   0: 0x80004ac6 (0x4b076e93) ori     t4, a4, 1200
core   0: 3 0x80004ac6 (0x4b076e93) x29 0xe1c36ff0
core   0: 0x80004aca (0x01141e33) sll     t3, s0, a7
core   0: 3 0x80004aca (0x01141e33) x28 0x0009f3d0
core   0: 0x80004ace (0x00000001) c.nop
core   0: 3 0x80004ace (0x0001)
core   0: 0x80004ad0 (0x41ebd1b3) sra     gp, s7, t5
core   0: 3 0x80004ad0 (0x41ebd1b3) x 3 0x00000003
core   0: 0x80004ad4 (0x00133833) sltu    a6, t1, ra
core   0: 3 0x80004ad4 (0x00133833) x16 0x00000000
core   0: 0x80004ad8 (0x4aa20813) addi    a6, tp, 1194
core   0: 3 0x80004ad8 (0x4aa20813) x16 0x8002718e
core   0: 0x80004adc (0x000061fd) c.lui   gp, 0x1f
core   0: 3 0x80004adc (0x61fd) x 3 0x0001f000
core   0: 0x80004ade (0x01f34fb3) xor     t6, t1, t6
core   0: 3 0x80004ade (0x01f34fb3) x31 0xde4e82dc
core   0: 0x80004ae2 (0x01f630b3) sltu    ra, a2, t6
core   0: 3 0x80004ae2 (0x01f630b3) x 1 0x00000000
core   0: 0x80004ae6 (0x02eb55b3) divu    a1, s6, a4
core   0: 3 0x80004ae6 (0x02eb55b3) x11 0x00000000
core   0: 0x80004aea (0x01b77333) and     t1, a4, s11
core   0: 3 0x80004aea (0x01b77333) x 6 0x00000000
core   0: 0x80004aee (0x01473d33) sltu    s10, a4, s4
core   0: 3 0x80004aee (0x01473d33) x26 0x00000000
core   0: 0x80004af2 (0x01075a93) srli    s5, a4, 16
core   0: 3 0x80004af2 (0x01075a93) x21 0x0000e1c3
core   0: 0x80004af6 (0x012640b3) xor     ra, a2, s2
core   0: 3 0x80004af6 (0x012640b3) x 1 0xf9f26154
core   0: 0x80004afa (0x00a10e33) add     t3, sp, a0
core   0: 3 0x80004afa (0x00a10e33) x28 0x9f3327d6
core   0: 0x80004afe (0x0000ca8d) c.beqz  a3, pc + 50
core   0: 3 0x80004afe (0xca8d)
core   0: 0x80004b00 (0x00de0833) add     a6, t3, a3
core   0: 3 0x80004b00 (0x00de0833) x16 0xfff611e6
core   0: 0x80004b04 (0x00000fe6) c.slli  t6, 25
core   0: 3 0x80004b04 (0x0fe6) x31 0xb8000000
core   0: 0x80004b06 (0x41915b13) srai    s6, sp, 25
core   0: 3 0x80004b06 (0x41915b13) x22 0x00000000
core   0: 0x80004b0a (0x01af5cb3) srl     s9, t5, s10
core   0: 3 0x80004b0a (0x01af5cb3) x25 0xde477000
core   0: 0x80004b0e (0x002e8463) beq     t4, sp, pc + 8
core   0: 3 0x80004b0e (0x002e8463)
core   0: 0x80004b12 (0x005e1193) slli    gp, t3, 5
core   0: 3 0x80004b12 (0x005e1193) x 3 0xe664fac0
core   0: 0x80004b16 (0x02f948b3) div     a7, s2, a5
core   0: 3 0x80004b16 (0x02f948b3) x17 0x00000045
core   0: 0x80004b1a (0x01d08f63) beq     ra, t4, pc + 30
core   0: 3 0x80004b1a (0x01d08f63)
core   0: 0x80004b1e (0x000053fd) c.li    t2, -1
core   0: 3 0x80004b1e (0x53fd) x 7 0xffffffff
core   0: 0x80004b20 (0x01d5bbb3) sltu    s7, a1, t4
core   0: 3 0x80004b20 (0x01d5bbb3) x23 0x00000001
core   0: 0x80004b24 (0x02d5b933) mulhu   s2, a1, a3
core   0: 3 0x80004b24 (0x02d5b933) x18 0x00000000
core   0: 0x80004b28 (0xaf05f693) andi    a3, a1, -1296
core   0: 3 0x80004b28 (0xaf05f693) x13 0x00000000
core   0: 0x80004b2c (0x02f81763) bne     a6, a5, pc + 46
core   0: 3 0x80004b2c (0x02f81763)
core   0: 0x80004b5a (0x035c4cb3) div     s9, s8, s5
core   0: 3 0x80004b5a (0x035c4cb3) x25 0xffff923d
core   0: 0x80004b5e (0x8d098893) addi    a7, s3, -1840
core   0: 3 0x80004b5e (0x8d098893) x17 0x40011011
core   0: 0x80004b62 (0x00008545) c.srai  a0, 17
core   0: 3 0x80004b62 (0x8545) x10 0xffffcf99
core   0: 0x80004b64 (0x4158d6b3) sra     a3, a7, s5
core   0: 3 0x80004b64 (0x4158d6b3) x13 0x08002202
core   0: 0x80004b68 (0xff40a0b7) lui     ra, 0xff40a
core   0: 3 0x80004b68 (0xff40a0b7) x 1 0xff40a000
core   0: 0x80004b6c (0x007f5513) srli    a0, t5, 7
core   0: 3 0x80004b6c (0x007f5513) x10 0x01bc8ee0
core   0: 0x80004b70 (0x00008fa5) c.xor   a5, s1
core   0: 3 0x80004b70 (0x8fa5) x15 0x0000062f
core   0: 0x80004b72 (0x00006921) c.lui   s2, 0x8
core   0: 3 0x80004b72 (0x6921) x18 0x00008000
core   0: 0x80004b74 (0x00008e85) c.sub   a3, s1
core   0: 3 0x80004b74 (0x8e85) x13 0x08002202
core   0: 0x80004b76 (0x4da4c013) xori    zero, s1, 1242
core   0: 3 0x80004b76 (0x4da4c013)
core   0: 0x80004b7a (0x035ed263) bge     t4, s5, pc + 36
core   0: 3 0x80004b7a (0x035ed263)
core   0: 0x80004b7e (0x6fdc8a13) addi    s4, s9, 1789
core   0: 3 0x80004b7e (0x6fdc8a13) x20 0xffff993a
core   0: 0x80004b82 (0x6db7a493) slti    s1, a5, 1755
core   0: 3 0x80004b82 (0x6db7a493) x 9 0x00000001
core   0: 0x80004b86 (0x02225363) bge     tp, sp, pc + 38
core   0: 3 0x80004b86 (0x02225363)
core   0: 0x80004b8a (0x00008d79) c.and   a0, a4
core   0: 3 0x80004b8a (0x8d79) x10 0x01800ac0
core   0: 0x80004b8c (0x00004b69) c.li    s6, 26
core   0: 3 0x80004b8c (0x4b69) x22 0x0000001a
core   0: 0x80004b8e (0x00a41793) slli    a5, s0, 10
core   0: 3 0x80004b8e (0x00a41793) x15 0x27cf4000
core   0: 0x80004b92 (0x01965663) bge     a2, s9, pc + 12
core   0: 3 0x80004b92 (0x01965663)
core   0: 0x80004b96 (0x0058e633) or      a2, a7, t0
core   0: 3 0x80004b96 (0x0058e633) x12 0xc0033dd1
core   0: 0x80004b9a (0x0ff0000f) fence   iorw,iorw
core   0: 3 0x80004b9a (0x0ff0000f)
core   0: 0x80004b9e (0xf027ef13) ori     t5, a5, -254
core   0: 3 0x80004b9e (0xf027ef13) x30 0xffffff02
core   0: 0x80004ba2 (0x004c2833) slt     a6, s8, tp
core   0: 3 0x80004ba2 (0x004c2833) x16 0x00000000
core   0: 0x80004ba6 (0x41f95033) sra     zero, s2, t6
core   0: 3 0x80004ba6 (0x41f95033)
core   0: 0x80004baa (0x00008ca5) c.xor   s1, s1
core   0: 3 0x80004baa (0x8ca5) x 9 0x00000000
core   0: 0x80004bac (0x00008c41) c.or    s0, s0
core   0: 3 0x80004bac (0x8c41) x 8 0x0009f3d0
core   0: 0x80004bae (0x41c5dcb3) sra     s9, a1, t3
core   0: 3 0x80004bae (0x41c5dcb3) x25 0x00000000
core   0: 0x80004bb2 (0x00008f19) c.sub   a4, a4
core   0: 3 0x80004bb2 (0x8f19) x14 0x00000000
core   0: 0x80004bb4 (0x00000001) c.nop
core   0: 3 0x80004bb4 (0x0001)
core   0: 0x80004bb6 (0x00008f85) c.sub   a5, s1
core   0: 3 0x80004bb6 (0x8f85) x15 0x27cf4000
core   0: 0x80004bb8 (0x7896fd93) andi    s11, a3, 1929
core   0: 3 0x80004bb8 (0x7896fd93) x27 0x00000200
core   0: 0x80004bbc (0x41178433) sub     s0, a5, a7
core   0: 3 0x80004bbc (0x41178433) x 8 0xe7ce2fef
core   0: 0x80004bc0 (0x00a1d633) srl     a2, gp, a0
core   0: 3 0x80004bc0 (0x00a1d633) x12 0xe664fac0
core   0: 0x80004bc4 (0x033975b3) remu    a1, s2, s3
core   0: 3 0x80004bc4 (0x033975b3) x11 0x00008000
core   0: 0x80004bc8 (0x02f31c63) bne     t1, a5, pc + 56
core   0: 3 0x80004bc8 (0x02f31c63)
core   0: 0x80004c00 (0x00e8f463) bgeu    a7, a4, pc + 8
core   0: 3 0x80004c00 (0x00e8f463)
core   0: 0x80004c08 (0x002167b3) or      a5, sp, sp
core   0: 3 0x80004c08 (0x002167b3) x15 0x0000000c
core   0: 0x80004c0c (0x00008fc1) c.or    a5, s0
core   0: 3 0x80004c0c (0x8fc1) x15 0xe7ce2fef
core   0: 0x80004c0e (0x400fdcb3) sra     s9, t6, zero
core   0: 3 0x80004c0e (0x400fdcb3) x25 0xb8000000
core   0: 0x80004c12 (0x0000e60d) c.bnez  a2, pc + 42
core   0: 3 0x80004c12 (0xe60d)
core   0: 0x80004c3c (0x0073d3b3) srl     t2, t2, t2
core   0: 3 0x80004c3c (0x0073d3b3) x 7 0x00000001
core   0: 0x80004c40 (0x003b50b3) srl     ra, s6, gp
core   0: 3 0x80004c40 (0x003b50b3) x 1 0x0000001a
core   0: 0x80004c44 (0x406a5b13) srai    s6, s4, 6
core   0: 3 0x80004c44 (0x406a5b13) x22 0xfffffe64
core   0: 0x80004c48 (0x01281613) slli    a2, a6, 18
core   0: 3 0x80004c48 (0x01281613) x12 0x00000000
core   0: 0x80004c4c (0x02d0c663) blt     ra, a3, pc + 44
core   0: 3 0x80004c4c (0x02d0c663)
core   0: 0x80004c78 (0x001475b3) and     a1, s0, ra
core   0: 3 0x80004c78 (0x001475b3) x11 0x0000000a
core   0: 0x80004c7c (0x037113b3) mulh    t2, sp, s7
core   0: 3 0x80004c7c (0x037113b3) x 7 0x00000000
core   0: 0x80004c80 (0x034c8c33) mul     s8, s9, s4
core   0: 3 0x80004c80 (0x034c8c33) x24 0xb0000000
core   0: 0x80004c84 (0x00000001) c.nop
core   0: 3 0x80004c84 (0x0001)
core   0: 0x80004c86 (0x00ea5b63) bge     s4, a4, pc + 22
core   0: 3 0x80004c86 (0x00ea5b63)
core   0: 0x80004c8a (0x7bc22d93) slti    s11, tp, 1980
core   0: 3 0x80004c8a (0x7bc22d93) x27 0x00000001
core   0: 0x80004c8e (0x0230fe33) remu    t3, ra, gp
core   0: 3 0x80004c8e (0x0230fe33) x28 0x0000001a
core   0: 0x80004c92 (0x010915b3) sll     a1, s2, a6
core   0: 3 0x80004c92 (0x010915b3) x11 0x00008000
core   0: 0x80004c96 (0x41a60933) sub     s2, a2, s10
core   0: 3 0x80004c96 (0x41a60933) x18 0x00000000
core   0: 0x80004c9a (0x000050fd) c.li    ra, -1
core   0: 3 0x80004c9a (0x50fd) x 1 0xffffffff
core   0: 0x80004c9c (0x05af4063) blt     t5, s10, pc + 64
core   0: 3 0x80004c9c (0x05af4063)
core   0: 0x80004cdc (0x02b80933) mul     s2, a6, a1
core   0: 3 0x80004cdc (0x02b80933) x18 0x00000000
core   0: 0x80004ce0 (0x018b1893) slli    a7, s6, 24
core   0: 3 0x80004ce0 (0x018b1893) x17 0x64000000
core   0: 0x80004ce4 (0x89afef13) ori     t5, t6, -1894
core   0: 3 0x80004ce4 (0x89afef13) x30 0xfffff89a
core   0: 0x80004ce8 (0x00006925) c.lui   s2, 0x9
core   0: 3 0x80004ce8 (0x6925) x18 0x00009000
core   0: 0x80004cea (0x407ad033) sra     zero, s5, t2
core   0: 3 0x80004cea (0x407ad033)
core   0: 0x80004cee (0x000063a9) c.lui   t2, 0xa
core   0: 3 0x80004cee (0x63a9) x 7 0x0000a000
core   0: 0x80004cf0 (0x0139e933) or      s2, s3, s3
core   0: 3 0x80004cf0 (0x0139e933) x18 0x40011741
core   0: 0x80004cf4 (0x000095e2) c.add   a1, s8
core   0: 3 0x80004cf4 (0x95e2) x11 0xb0008000
core   0: 0x80004cf6 (0x031afa63) bgeu    s5, a7, pc + 52
core   0: 3 0x80004cf6 (0x031afa63)
core   0: 0x80004cfa (0x0ff0000f) fence   iorw,iorw
core   0: 3 0x80004cfa (0x0ff0000f)
core   0: 0x80004cfe (0xa0257d93) andi    s11, a0, -1534
core   0: 3 0x80004cfe (0xa0257d93) x27 0x01800a00
core   0: 0x80004d02 (0x0ff0000f) fence   iorw,iorw
core   0: 3 0x80004d02 (0x0ff0000f)
core   0: 0x80004d06 (0x00008591) c.srai  a1, 4
core   0: 3 0x80004d06 (0x8591) x11 0xfb000800
core   0: 0x80004d08 (0x00008679) c.srai  a2, 30
core   0: 3 0x80004d08 (0x8679) x12 0x00000000
core   0: 0x80004d0a (0x00006719) c.lui   a4, 0x6
core   0: 3 0x80004d0a (0x6719) x14 0x00006000
core   0: 0x80004d0c (0xc4fd7193) andi    gp, s10, -945
core   0: 3 0x80004d0c (0xc4fd7193) x 3 0x00000000
core   0: 0x80004d10 (0x00008d36) c.mv    s10, a3
core   0: 3 0x80004d10 (0x8d36) x26 0x08002202
core   0: 0x80004d12 (0x00000001) c.nop
core   0: 3 0x80004d12 (0x0001)
core   0: 0x80004d14 (0x02203733) mulhu   a4, zero, sp
core   0: 3 0x80004d14 (0x02203733) x14 0x00000000
core   0: 0x80004d18 (0x000099fd) c.andi  a1, -1
core   0: 3 0x80004d18 (0x99fd) x11 0xfb000800
core   0: 0x80004d1a (0x027ae563) bltu    s5, t2, pc + 42
core   0: 3 0x80004d1a (0x027ae563)
core   0: 0x80004d1e (0x01c4edb3) or      s11, s1, t3
core   0: 3 0x80004d1e (0x01c4edb3) x27 0x0000001a
core   0: 0x80004d22 (0x00000ed6) c.slli  t4, 21
core   0: 3 0x80004d22 (0x0ed6) x29 0xfe000000
core   0: 0x80004d24 (0x00006319) c.lui   t1, 0x6
core   0: 3 0x80004d24 (0x6319) x 6 0x00006000
core   0: 0x80004d26 (0x00b41433) sll     s0, s0, a1
core   0: 3 0x80004d26 (0x00b41433) x 8 0xe7ce2fef
core   0: 0x80004d2a (0x00008dc5) c.or    a1, s1
core   0: 3 0x80004d2a (0x8dc5) x11 0xfb000800
core   0: 0x80004d2c (0x00300463) beq     zero, gp, pc + 8
core   0: 3 0x80004d2c (0x00300463)
core   0: 0x80004d34 (0xa65f3d93) sltiu   s11, t5, -1435
core   0: 3 0x80004d34 (0xa65f3d93) x27 0x00000001
core   0: 0x80004d38 (0x00008fbd) c.xor   a5, a5
core   0: 3 0x80004d38 (0x8fbd) x15 0x00000000
core   0: 0x80004d3a (0x00519bb3) sll     s7, gp, t0
core   0: 3 0x80004d3a (0x00519bb3) x23 0x00000000
core   0: 0x80004d3e (0x00006511) c.lui   a0, 0x4
core   0: 3 0x80004d3e (0x6511) x10 0x00004000
core   0: 0x80004d40 (0x01ef41b3) xor     gp, t5, t5
core   0: 3 0x80004d40 (0x01ef41b3) x 3 0x00000000
core   0: 0x80004d44 (0x52a5a093) slti    ra, a1, 1322
core   0: 3 0x80004d44 (0x52a5a093) x 1 0x00000001
core   0: 0x80004d48 (0x00004fb3) xor     t6, zero, zero
core   0: 3 0x80004d48 (0x00004fb3) x31 0x00000000
core   0: 0x80004d4c (0x020d6263) bltu    s10, zero, pc + 36
core   0: 3 0x80004d4c (0x020d6263)
core   0: 0x80004d50 (0x4105d313) srai    t1, a1, 16
core   0: 3 0x80004d50 (0x4105d313) x 6 0xfffffb00
core   0: 0x80004d54 (0x41bb5013) srai    zero, s6, 27
core   0: 3 0x80004d54 (0x41bb5013)
core   0: 0x80004d58 (0x0000867e) c.mv    a2, t6
core   0: 3 0x80004d58 (0x867e) x12 0x00000000
core   0: 0x80004d5a (0x0110d633) srl     a2, ra, a7
core   0: 3 0x80004d5a (0x0110d633) x12 0x00000001
core   0: 0x80004d5e (0x0000100f) fence.i
core   0: 3 0x80004d5e (0x0000100f)
core   0: 0x80004d62 (0x5e2bda17) auipc   s4, 0x5e2bd
core   0: 3 0x80004d62 (0x5e2bda17) x20 0xde2c1d62
core   0: 0x80004d66 (0x21feac93) slti    s9, t4, 543
core   0: 3 0x80004d66 (0x21feac93) x25 0x00000001
core   0: 0x80004d6a (0x41098eb3) sub     t4, s3, a6
core   0: 3 0x80004d6a (0x41098eb3) x29 0x40011741
core   0: 0x80004d6e (0x00008fb1) c.xor   a5, a2
core   0: 3 0x80004d6e (0x8fb1) x15 0x00000001
core   0: 0x80004d70 (0x01fb3d33) sltu    s10, s6, t6
core   0: 3 0x80004d70 (0x01fb3d33) x26 0x00000000
core   0: 0x80004d74 (0x408353b3) sra     t2, t1, s0
core   0: 3 0x80004d74 (0x408353b3) x 7 0xffffffff
core   0: 0x80004d78 (0x01229463) bne     t0, s2, pc + 8
core   0: 3 0x80004d78 (0x01229463)
core   0: 0x80004d80 (0x025b0163) beq     s6, t0, pc + 34
core   0: 3 0x80004d80 (0x025b0163)
core   0: 0x80004d84 (0x005b1933) sll     s2, s6, t0
core   0: 3 0x80004d84 (0x005b1933) x18 0xfe640000
core   0: 0x80004d88 (0x1115ed93) ori     s11, a1, 273
core   0: 3 0x80004d88 (0x1115ed93) x27 0xfb000911
core   0: 0x80004d8c (0x00009ed6) c.add   t4, s5
core   0: 3 0x80004d8c (0x9ed6) x29 0x4001f904
core   0: 0x80004d8e (0x00000001) c.nop
core   0: 3 0x80004d8e (0x0001)
core   0: 0x80004d90 (0x00dbb733) sltu    a4, s7, a3
core   0: 3 0x80004d90 (0x00dbb733) x14 0x00000001
core   0: 0x80004d94 (0x0ff0000f) fence   iorw,iorw
core   0: 3 0x80004d94 (0x0ff0000f)
core   0: 0x80004d98 (0x00008dc5) c.or    a1, s1
core   0: 3 0x80004d98 (0x8dc5) x11 0xfb000800
core   0: 0x80004d9a (0xd464ca93) xori    s5, s1, -698
core   0: 3 0x80004d9a (0xd464ca93) x21 0xfffffd46
core   0: 0x80004d9e (0x676ac513) xori    a0, s5, 1654
core   0: 3 0x80004d9e (0x676ac513) x10 0xfffffb30
core   0: 0x80004da2 (0x0198c663) blt     a7, s9, pc + 12
core   0: 3 0x80004da2 (0x0198c663)
core   0: 0x80004da6 (0x02abb033) mulhu   zero, s7, a0
core   0: 3 0x80004da6 (0x02abb033)
core   0: 0x80004daa (0x0340dc33) divu    s8, ra, s4
core   0: 3 0x80004daa (0x0340dc33) x24 0x00000000
core   0: 0x80004dae (0x00000d86) c.slli  s11, 1
core   0: 3 0x80004dae (0x0d86) x27 0xf6001222
core   0: 0x80004db0 (0x023f0633) mul     a2, t5, gp
core   0: 3 0x80004db0 (0x023f0633) x12 0x00000000
core   0: 0x80004db4 (0x0ba56963) bltu    a0, s10, pc + 178
core   0: 3 0x80004db4 (0x0ba56963)
core   0: 0x80004db8 (0x00008d01) c.sub   a0, s0
core   0: 3 0x80004db8 (0x8d01) x10 0x1831cb41
core   0: 0x80004dba (0x01130e33) add     t3, t1, a7
core   0: 3 0x80004dba (0x01130e33) x28 0x63fffb00
core   0: 0x80004dbe (0x00008e6e) c.mv    t3, s11
core   0: 3 0x80004dbe (0x8e6e) x28 0xf6001222
core   0: 0x80004dc0 (0x00006329) c.lui   t1, 0xa
core   0: 3 0x80004dc0 (0x6329) x 6 0x0000a000
core   0: 0x80004dc2 (0x00009a7d) c.andi  a2, -1
core   0: 3 0x80004dc2 (0x9a7d) x12 0x00000000
core   0: 0x80004dc4 (0x0391de33) divu    t3, gp, s9
core   0: 3 0x80004dc4 (0x0391de33) x28 0x00000000
core   0: 0x80004dc8 (0x00008fc5) c.or    a5, s1
core   0: 3 0x80004dc8 (0x8fc5) x15 0x00000001
core   0: 0x80004dca (0x00008cf5) c.and   s1, a3
core   0: 3 0x80004dca (0x8cf5) x 9 0x00000000
core   0: 0x80004dcc (0x00000001) c.nop
core   0: 3 0x80004dcc (0x0001)
core   0: 0x80004dce (0x00018917) auipc   s2, 0x18
core   0: 3 0x80004dce (0x00018917) x18 0x8001cdce
core   0: 0x80004dd2 (0x32c90913) addi    s2, s2, 812
core   0: 3 0x80004dd2 (0x32c90913) x18 0x8001d0fa
core   0: 0x80004dd6 (0x41b25713) srai    a4, tp, 27
core   0: 3 0x80004dd6 (0x41b25713) x14 0xfffffff0
core   0: 0x80004dda (0x9c691b23) sh      t1, -1578(s2)
core   0: 3 0x80004dda (0x9c691b23) mem 0x8001cad0 0xa000
core   0: 0x80004dde (0x00008dad) c.xor   a1, a1
core   0: 3 0x80004dde (0x8dad) x11 0x00000000
core   0: 0x80004de0 (0x00000001) c.nop
core   0: 3 0x80004de0 (0x0001)
core   0: 0x80004de2 (0x03ef41b3) div     gp, t5, t5
core   0: 3 0x80004de2 (0x03ef41b3) x 3 0x00000001
core   0: 0x80004de6 (0xcf0b5417) auipc   s0, 0xcf0b5
core   0: 3 0x80004de6 (0xcf0b5417) x 8 0x4f0b9de6
core   0: 0x80004dea (0x0127da93) srli    s5, a5, 18
core   0: 3 0x80004dea (0x0127da93) x21 0x00000000
core   0: 0x80004dee (0x54891703) lh      a4, 1352(s2)
core   0: 3 0x80004dee (0x54891703) x14 0xffffb57f mem 0x8001d642
core   0: 0x80004df2 (0xd4258013) addi    zero, a1, -702
core   0: 3 0x80004df2 (0xd4258013)
core   0: 0x80004df6 (0x0077de13) srli    t3, a5, 7
core   0: 3 0x80004df6 (0x0077de13) x28 0x00000000
core   0: 0x80004dfa (0x029f2833) mulhsu  a6, t5, s1
core   0: 3 0x80004dfa (0x029f2833) x16 0x00000000
core   0: 0x80004dfe (0x013f2eb3) slt     t4, t5, s3
core   0: 3 0x80004dfe (0x013f2eb3) x29 0x00000001
core   0: 0x80004e02 (0x00000001) c.nop
core   0: 3 0x80004e02 (0x0001)
core   0: 0x80004e04 (0x023e3fb3) mulhu   t6, t3, gp
core   0: 3 0x80004e04 (0x023e3fb3) x31 0x00000000
core   0: 0x80004e08 (0x06b94e03) lbu     t3, 107(s2)
core   0: 3 0x80004e08 (0x06b94e03) x28 0x000000a1 mem 0x8001d165
core   0: 0x80004e0c (0x38b90703) lb      a4, 907(s2)
core   0: 3 0x80004e0c (0x38b90703) x14 0xffffffbf mem 0x8001d485
core   0: 0x80004e10 (0x0ff0000f) fence   iorw,iorw
core   0: 3 0x80004e10 (0x0ff0000f)
core   0: 0x80004e14 (0xc5095783) lhu     a5, -944(s2)
core   0: 3 0x80004e14 (0xc5095783) x15 0x0000a510 mem 0x8001cd4a
core   0: 0x80004e18 (0x01303bb3) snez    s7, s3
core   0: 3 0x80004e18 (0x01303bb3) x23 0x00000001
core   0: 0x80004e1c (0x3c390683) lb      a3, 963(s2)
core   0: 3 0x80004e1c (0x3c390683) x13 0xffffffec mem 0x8001d4bd
core   0: 0x80004e20 (0x00000b9d) c.addi  s7, 7
core   0: 3 0x80004e20 (0x0b9d) x23 0x00000008
core   0: 0x80004e22 (0x00a61813) slli    a6, a2, 10
core   0: 3 0x80004e22 (0x00a61813) x16 0x00000000
core   0: 0x80004e26 (0x00008e31) c.xor   a2, a2
core   0: 3 0x80004e26 (0x8e31) x12 0x00000000
core   0: 0x80004e28 (0x41865333) sra     t1, a2, s8
core   0: 3 0x80004e28 (0x41865333) x 6 0x00000000
core   0: 0x80004e2c (0x01f5c533) xor     a0, a1, t6
core   0: 3 0x80004e2c (0x01f5c533) x10 0x00000000
core   0: 0x80004e30 (0x07f902a3) sb      t6, 101(s2)
core   0: 3 0x80004e30 (0x07f902a3) mem 0x8001d15f 0x0
core   0: 0x80004e34 (0x0000100f) fence.i
core   0: 3 0x80004e34 (0x0000100f)
core   0: 0x80004e38 (0x40f75e33) sra     t3, a4, a5
core   0: 3 0x80004e38 (0x40f75e33) x28 0xffffffff
core   0: 0x80004e3c (0x20690223) sb      t1, 516(s2)
core   0: 3 0x80004e3c (0x20690223) mem 0x8001d2fe 0x0
core   0: 0x80004e40 (0x03e0ab33) mulhsu  s6, ra, t5
core   0: 3 0x80004e40 (0x03e0ab33) x22 0x00000000
core   0: 0x80004e44 (0xf9695683) lhu     a3, -106(s2)
core   0: 3 0x80004e44 (0xf9695683) x13 0x0000dfcc mem 0x8001d090
core   0: 0x80004e48 (0x01e16a33) or      s4, sp, t5
core   0: 3 0x80004e48 (0x01e16a33) x20 0xfffff89e
core   0: 0x80004e4c (0x00001a7d) c.addi  s4, -1
core   0: 3 0x80004e4c (0x1a7d) x20 0xfffff89d
core   0: 0x80004e4e (0x00008fc5) c.or    a5, s1
core   0: 3 0x80004e4e (0x8fc5) x15 0x0000a510
core   0: 0x80004e50 (0x02cda3b3) mulhsu  t2, s11, a2
core   0: 3 0x80004e50 (0x02cda3b3) x 7 0x00000000
core   0: 0x80004e54 (0x02c8eab3) rem     s5, a7, a2
core   0: 3 0x80004e54 (0x02c8eab3) x21 0x64000000
core   0: 0x80004e58 (0x0000100f) fence.i
core   0: 3 0x80004e58 (0x0000100f)
core   0: 0x80004e5c (0x8d791123) sh      s7, -1854(s2)
core   0: 3 0x80004e5c (0x8d791123) mem 0x8001c9bc 0x0008
core   0: 0x80004e60 (0xfab90b23) sb      a1, -74(s2)
core   0: 3 0x80004e60 (0xfab90b23) mem 0x8001d0b0 0x0
core   0: 0x80004e64 (0x00006849) c.lui   a6, 0x12
core   0: 3 0x80004e64 (0x6849) x16 0x00012000
core   0: 0x80004e66 (0x00008069) c.srli  s0, 26
core   0: 3 0x80004e66 (0x8069) x 8 0x00000013
core   0: 0x80004e68 (0x00be73b3) and     t2, t3, a1
core   0: 3 0x80004e68 (0x00be73b3) x 7 0x00000000
core   0: 0x80004e6c (0x02516163) bltu    sp, t0, pc + 34
core   0: 3 0x80004e6c (0x02516163)
core   0: 0x80004e8e (0x0ff0000f) fence   iorw,iorw
core   0: 3 0x80004e8e (0x0ff0000f)
core   0: 0x80004e92 (0x00e6c333) xor     t1, a3, a4
core   0: 3 0x80004e92 (0x00e6c333) x 6 0xffff2073
core   0: 0x80004e96 (0x533c0913) addi    s2, s8, 1331
core   0: 3 0x80004e96 (0x533c0913) x18 0x00000533
core   0: 0x80004e9a (0x3da1d5b7) lui     a1, 0x3da1d
core   0: 3 0x80004e9a (0x3da1d5b7) x11 0x3da1d000
core   0: 0x80004e9e (0x01d19693) slli    a3, gp, 29
core   0: 3 0x80004e9e (0x01d19693) x13 0x20000000
core   0: 0x80004ea2 (0x00008e89) c.sub   a3, a0
core   0: 3 0x80004ea2 (0x8e89) x13 0x20000000
core   0: 0x80004ea4 (0x0130b733) sltu    a4, ra, s3
core   0: 3 0x80004ea4 (0x0130b733) x14 0x00000001
core   0: 0x80004ea8 (0x03ebb4b3) mulhu   s1, s7, t5
core   0: 3 0x80004ea8 (0x03ebb4b3) x 9 0x00000007
core   0: 0x80004eac (0x00008f01) c.sub   a4, s0
core   0: 3 0x80004eac (0x8f01) x14 0xffffffee
core   0: 0x80004eae (0x00008c91) c.sub   s1, a2
core   0: 3 0x80004eae (0x8c91) x 9 0x00000007
core   0: 0x80004eb0 (0x02491963) bne     s2, tp, pc + 50
core   0: 3 0x80004eb0 (0x02491963)
core   0: 0x80004ee2 (0x00441893) slli    a7, s0, 4
core   0: 3 0x80004ee2 (0x00441893) x17 0x00000130
core   0: 0x80004ee6 (0x00008339) c.srli  a4, 14
core   0: 3 0x80004ee6 (0x8339) x14 0x0003ffff
core   0: 0x80004ee8 (0x03f48d63) beq     s1, t6, pc + 58
core   0: 3 0x80004ee8 (0x03f48d63)
core   0: 0x80004eec (0x005f5d93) srli    s11, t5, 5
core   0: 3 0x80004eec (0x005f5d93) x27 0x07ffffc4
core   0: 0x80004ef0 (0xd3c06eb7) lui     t4, 0xd3c06
core   0: 3 0x80004ef0 (0xd3c06eb7) x29 0xd3c06000
core   0: 0x80004ef4 (0x002b0533) add     a0, s6, sp
core   0: 3 0x80004ef4 (0x002b0533) x10 0x0000000c
core   0: 0x80004ef8 (0x0076e263) bltu    a3, t2, pc + 4
core   0: 3 0x80004ef8 (0x0076e263)
core   0: 0x80004efc (0xee168493) addi    s1, a3, -287
core   0: 3 0x80004efc (0xee168493) x 9 0x1ffffee1
core   0: 0x80004f00 (0x03752633) mulhsu  a2, a0, s7
core   0: 3 0x80004f00 (0x03752633) x12 0x00000000
core   0: 0x80004f04 (0x00f835b3) sltu    a1, a6, a5
core   0: 3 0x80004f04 (0x00f835b3) x11 0x00000000
core   0: 0x80004f08 (0x00008419) c.srai  s0, 6
core   0: 3 0x80004f08 (0x8419) x 8 0x00000000
core   0: 0x80004f0a (0x02f28533) mul     a0, t0, a5
core   0: 3 0x80004f0a (0x02f28533) x10 0x67a9ed00
core   0: 0x80004f0e (0x006b4db3) xor     s11, s6, t1
core   0: 3 0x80004f0e (0x006b4db3) x27 0xffff2073
core   0: 0x80004f12 (0x4191ddb3) sra     s11, gp, s9
core   0: 3 0x80004f12 (0x4191ddb3) x27 0x00000000
core   0: 0x80004f16 (0x02b1d8b3) divu    a7, gp, a1
core   0: 3 0x80004f16 (0x02b1d8b3) x17 0xffffffff
core   0: 0x80004f1a (0x0142cc63) blt     t0, s4, pc + 24
core   0: 3 0x80004f1a (0x0142cc63)
core   0: 0x80004f32 (0x0107ccb3) xor     s9, a5, a6
core   0: 3 0x80004f32 (0x0107ccb3) x25 0x00018510
core   0: 0x80004f36 (0x00008d1d) c.sub   a0, a5
core   0: 3 0x80004f36 (0x8d1d) x10 0x67a947f0
core   0: 0x80004f38 (0x01f96563) bltu    s2, t6, pc + 10
core   0: 3 0x80004f38 (0x01f96563)
core   0: 0x80004f3c (0x039f4a63) blt     t5, s9, pc + 52
core   0: 3 0x80004f3c (0x039f4a63)
core   0: 0x80004f70 (0x00976363) bltu    a4, s1, pc + 6
core   0: 3 0x80004f70 (0x00976363)
core   0: 0x80004f76 (0x0338e163) bltu    a7, s3, pc + 34
core   0: 3 0x80004f76 (0x0338e163)
core   0: 0x80004f7a (0x0203afb3) mulhsu  t6, t2, zero
core   0: 3 0x80004f7a (0x0203afb3) x31 0x00000000
core   0: 0x80004f7e (0x000098b6) c.add   a7, a3
core   0: 3 0x80004f7e (0x98b6) x17 0x1fffffff
core   0: 0x80004f80 (0x401f5e93) srai    t4, t5, 1
core   0: 3 0x80004f80 (0x401f5e93) x29 0xfffffc4d
core   0: 0x80004f84 (0x00000001) c.nop
core   0: 3 0x80004f84 (0x0001)
core   0: 0x80004f86 (0x03536633) rem     a2, t1, s5
core   0: 3 0x80004f86 (0x03536633) x12 0xffff2073
core   0: 0x80004f8a (0x015f9413) slli    s0, t6, 21
core   0: 3 0x80004f8a (0x015f9413) x 8 0x00000000
core   0: 0x80004f8e (0x0000c111) c.beqz  a0, pc + 4
core   0: 3 0x80004f8e (0xc111)
core   0: 0x80004f90 (0x0000cb15) c.beqz  a4, pc + 52
core   0: 3 0x80004f90 (0xcb15)
core   0: 0x80004f92 (0x0287a433) mulhsu  s0, a5, s0
core   0: 3 0x80004f92 (0x0287a433) x 8 0x00000000
core   0: 0x80004f96 (0x00008ce5) c.and   s1, s1
core   0: 3 0x80004f96 (0x8ce5) x 9 0x1ffffee1
core   0: 0x80004f98 (0x0ff0000f) fence   iorw,iorw
core   0: 3 0x80004f98 (0x0ff0000f)
core   0: 0x80004f9c (0x02420863) beq     tp, tp, pc + 48
core   0: 3 0x80004f9c (0x02420863)
core   0: 0x80004fcc (0x01ec1013) slli    zero, s8, 30
core   0: 3 0x80004fcc (0x01ec1013)
core   0: 0x80004fd0 (0x00008c11) c.sub   s0, a2
core   0: 3 0x80004fd0 (0x8c11) x 8 0x0000df8d
core   0: 0x80004fd2 (0xafe1b317) auipc   t1, 0xafe1b
core   0: 3 0x80004fd2 (0xafe1b317) x 6 0x2fe1ffd2
core   0: 0x80004fd6 (0x0000c111) c.beqz  a0, pc + 4
core   0: 3 0x80004fd6 (0xc111)
core   0: 0x80004fd8 (0x00008db1) c.xor   a1, a2
core   0: 3 0x80004fd8 (0x8db1) x11 0xffff2073
core   0: 0x80004fda (0x0107ddb3) srl     s11, a5, a6
core   0: 3 0x80004fda (0x0107ddb3) x27 0x0000a510
core   0: 0x80004fde (0x000080ad) c.srli  s1, 11
core   0: 3 0x80004fde (0x80ad) x 9 0x0003ffff
core   0: 0x80004fe0 (0x0ff0000f) fence   iorw,iorw
core   0: 3 0x80004fe0 (0x0ff0000f)
core   0: 0x80004fe4 (0x00008031) c.srli  s0, 12
core   0: 3 0x80004fe4 (0x8031) x 8 0x0000000d
core   0: 0x80004fe6 (0x01ea5663) bge     s4, t5, pc + 12
core   0: 3 0x80004fe6 (0x01ea5663)
core   0: 0x80004ff2 (0x4112d5b3) sra     a1, t0, a7
core   0: 3 0x80004ff2 (0x4112d5b3) x11 0xffffffff
core   0: 0x80004ff6 (0x02dc8d63) beq     s9, a3, pc + 58
core   0: 3 0x80004ff6 (0x02dc8d63)
core   0: 0x80004ffa (0x0ff0000f) fence   iorw,iorw
core   0: 3 0x80004ffa (0x0ff0000f)
core   0: 0x80004ffe (0x00008ced) c.and   s1, a1
core   0: 3 0x80004ffe (0x8ced) x 9 0x0003ffff
core   0: 0x80005000 (0x01adeb33) or      s6, s11, s10
core   0: 3 0x80005000 (0x01adeb33) x22 0x0000a510
core   0: 0x80005004 (0x00008ea1) c.xor   a3, s0
core   0: 3 0x80005004 (0x8ea1) x13 0x2000000d
core   0: 0x80005006 (0x00008edd) c.or    a3, a5
core   0: 3 0x80005006 (0x8edd) x13 0x2000a51d
core   0: 0x80005008 (0x037127b3) mulhsu  a5, sp, s7
core   0: 3 0x80005008 (0x037127b3) x15 0x00000000
core   0: 0x8000500c (0x0000066d) c.addi  a2, 27
core   0: 3 0x8000500c (0x066d) x12 0xffff208e
core   0: 0x8000500e (0x419708b3) sub     a7, a4, s9
core   0: 3 0x8000500e (0x419708b3) x17 0x00027aef
core   0: 0x80005012 (0x00000dd5) c.addi  s11, 21
core   0: 3 0x80005012 (0x0dd5) x27 0x0000a525
core   0: 0x80005014 (0x01f151b3) srl     gp, sp, t6
core   0: 3 0x80005014 (0x01f151b3) x 3 0x0000000c
core   0: 0x80005018 (0x00000001) c.nop
core   0: 3 0x80005018 (0x0001)
core   0: 0x8000501a (0x03e34663) blt     t1, t5, pc + 44
core   0: 3 0x8000501a (0x03e34663)
core   0: 0x8000501e (0x0199f033) and     zero, s3, s9
core   0: 3 0x8000501e (0x0199f033)
core   0: 0x80005022 (0x000095ee) c.add   a1, s11
core   0: 3 0x80005022 (0x95ee) x11 0x0000a524
core   0: 0x80005024 (0x00008fe9) c.and   a5, a0
core   0: 3 0x80005024 (0x8fe9) x15 0x00000000
core   0: 0x80005026 (0x6ecbfc93) andi    s9, s7, 1772
core   0: 3 0x80005026 (0x6ecbfc93) x25 0x00000008
core   0: 0x8000502a (0x00000001) c.nop
core   0: 3 0x8000502a (0x0001)
core   0: 0x8000502c (0x41b881b3) sub     gp, a7, s11
core   0: 3 0x8000502c (0x41b881b3) x 3 0x0001d5ca
core   0: 0x80005030 (0x008be6b3) or      a3, s7, s0
core   0: 3 0x80005030 (0x008be6b3) x13 0x0000000d
core   0: 0x80005034 (0x80f3ff93) andi    t6, t2, -2033
core   0: 3 0x80005034 (0x80f3ff93) x31 0x00000000
core   0: 0x80005038 (0x00005efd) c.li    t4, -1
core   0: 3 0x80005038 (0x5efd) x29 0xffffffff
core   0: 0x8000503a (0x0000ca1d) c.beqz  a2, pc + 54
core   0: 3 0x8000503a (0xca1d)
core   0: 0x8000503c (0x40315413) srai    s0, sp, 3
core   0: 3 0x8000503c (0x40315413) x 8 0x00000001
core   0: 0x80005040 (0xb9690c13) addi    s8, s2, -1130
core   0: 3 0x80005040 (0xb9690c13) x24 0x000000c9
core   0: 0x80005044 (0x00009742) c.add   a4, a6
core   0: 3 0x80005044 (0x9742) x14 0x00051fff
core   0: 0x80005046 (0x03304363) blt     zero, s3, pc + 38
core   0: 3 0x80005046 (0x03304363)
core   0: 0x8000506c (0x0000453d) c.li    a0, 15
core   0: 3 0x8000506c (0x453d) x10 0x0000000f
core   0: 0x8000506e (0x00000001) c.nop
core   0: 3 0x8000506e (0x0001)
core   0: 0x80005070 (0x01df13b3) sll     t2, t5, t4
core   0: 3 0x80005070 (0x01df13b3) x 7 0x00000000
core   0: 0x80005074 (0x0a468613) addi    a2, a3, 164
core   0: 3 0x80005074 (0x0a468613) x12 0x000000b1
core   0: 0x80005078 (0x06efe313) ori     t1, t6, 110
core   0: 3 0x80005078 (0x06efe313) x 6 0x0000006e
core   0: 0x8000507c (0x000080e5) c.srli  s1, 25
core   0: 3 0x8000507c (0x80e5) x 9 0x00000000
core   0: 0x8000507e (0x011665b3) or      a1, a2, a7
core   0: 3 0x8000507e (0x011665b3) x11 0x00027aff
core   0: 0x80005082 (0x00008f55) c.or    a4, a3
core   0: 3 0x80005082 (0x8f55) x14 0x00051fff
core   0: 0x80005084 (0x00ba06b3) add     a3, s4, a1
core   0: 3 0x80005084 (0x00ba06b3) x13 0x0002739c
core   0: 0x80005088 (0x03277063) bgeu    a4, s2, pc + 32
core   0: 3 0x80005088 (0x03277063)
core   0: 0x800050a8 (0xef7c7c97) auipc   s9, 0xef7c7
core   0: 3 0x800050a8 (0xef7c7c97) x25 0x6f7cc0a8
core   0: 0x800050ac (0x0ff0000f) fence   iorw,iorw
core   0: 3 0x800050ac (0x0ff0000f)
core   0: 0x800050b0 (0x00000001) c.nop
core   0: 3 0x800050b0 (0x0001)
core   0: 0x800050b2 (0x00001e7d) c.addi  t3, -1
core   0: 3 0x800050b2 (0x1e7d) x28 0xfffffffe
core   0: 0x800050b4 (0x015b9f13) slli    t5, s7, 21
core   0: 3 0x800050b4 (0x015b9f13) x30 0x01000000
core   0: 0x800050b8 (0x00008fa5) c.xor   a5, s1
core   0: 3 0x800050b8 (0x8fa5) x15 0x00000000
core   0: 0x800050ba (0x00008f5a) c.mv    t5, s6
core   0: 3 0x800050ba (0x8f5a) x30 0x0000a510
core   0: 0x800050bc (0x00d885b3) add     a1, a7, a3
core   0: 3 0x800050bc (0x00d885b3) x11 0x0004ee8b
core   0: 0x800050c0 (0x01750863) beq     a0, s7, pc + 16
core   0: 3 0x800050c0 (0x01750863)
core   0: 0x800050c4 (0x0ff0000f) fence   iorw,iorw
core   0: 3 0x800050c4 (0x0ff0000f)
core   0: 0x800050c8 (0x01fa2433) slt     s0, s4, t6
core   0: 3 0x800050c8 (0x01fa2433) x 8 0x00000001
core   0: 0x800050cc (0x038574b3) remu    s1, a0, s8
core   0: 3 0x800050cc (0x038574b3) x 9 0x0000000f
core   0: 0x800050d0 (0x00008faa) c.mv    t6, a0
core   0: 3 0x800050d0 (0x8faa) x31 0x0000000f
core   0: 0x800050d2 (0x004347b3) xor     a5, t1, tp
core   0: 3 0x800050d2 (0x004347b3) x15 0x80026c8a
core   0: 0x800050d6 (0x00008f01) c.sub   a4, s0
core   0: 3 0x800050d6 (0x8f01) x14 0x00051ffe
core   0: 0x800050d8 (0x0000039e) c.slli  t2, 7
core   0: 3 0x800050d8 (0x039e) x 7 0x00000000
core   0: 0x800050da (0x03c61033) mulh    zero, a2, t3
core   0: 3 0x800050da (0x03c61033)
core   0: 0x800050de (0xf1ba3b97) auipc   s7, 0xf1ba3
core   0: 3 0x800050de (0xf1ba3b97) x23 0x71ba80de
core   0: 0x800050e2 (0x009ad4b3) srl     s1, s5, s1
core   0: 3 0x800050e2 (0x009ad4b3) x 9 0x0000c800
core   0: 0x800050e6 (0x00077433) and     s0, a4, zero
core   0: 3 0x800050e6 (0x00077433) x 8 0x00000000
core   0: 0x800050ea (0x03acc5b3) div     a1, s9, s10
core   0: 3 0x800050ea (0x03acc5b3) x11 0xffffffff
core   0: 0x800050ee (0x00009a7d) c.andi  a2, -1
core   0: 3 0x800050ee (0x9a7d) x12 0x000000b1
core   0: 0x800050f0 (0x05d6c363) blt     a3, t4, pc + 70
core   0: 3 0x800050f0 (0x05d6c363)
core   0: 0x800050f4 (0x41010ab3) sub     s5, sp, a6
core   0: 3 0x800050f4 (0x41010ab3) x21 0xfffee00c
core   0: 0x800050f8 (0x059d7763) bgeu    s10, s9, pc + 78
core   0: 3 0x800050f8 (0x059d7763)
core   0: 0x800050fc (0x00008ce1) c.and   s1, s0
core   0: 3 0x800050fc (0x8ce1) x 9 0x00000000
core   0: 0x800050fe (0x00006ea5) c.lui   t4, 0x9
core   0: 3 0x800050fe (0x6ea5) x29 0x00009000
core   0: 0x80005100 (0xfffff517) auipc   a0, 0xfffff
core   0: 3 0x80005100 (0xfffff517) x10 0x80004100
core   0: 0x80005104 (0x14450513) addi    a0, a0, 324
core   0: 3 0x80005104 (0x14450513) x10 0x80004244
core   0: 0x80005108 (0x028b56b3) divu    a3, s6, s0
core   0: 3 0x80005108 (0x028b56b3) x13 0xffffffff
core   0: 0x8000510c (0x00000dcd) c.addi  s11, 19
core   0: 3 0x8000510c (0x0dcd) x27 0x0000a538
core   0: 0x8000510e (0x00008c49) c.or    s0, a0
core   0: 3 0x8000510e (0x8c49) x 8 0x80004244
core   0: 0x80005110 (0x0000100f) fence.i
core   0: 3 0x80005110 (0x0000100f)
core   0: 0x80005114 (0x27350513) addi    a0, a0, 627
core   0: 3 0x80005114 (0x27350513) x10 0x800044b7
core   0: 0x80005118 (0x0ff0000f) fence   iorw,iorw
core   0: 3 0x80005118 (0x0ff0000f)
core   0: 0x8000511c (0x00001f7d) c.addi  t5, -1
core   0: 3 0x8000511c (0x1f7d) x30 0x0000a50f
core   0: 0x8000511e (0xd8e50ce7) jalr    s9, a0, -626
core   0: 3 0x8000511e (0xd8e50ce7) x25 0x80005122
core   0: 0x80004244 (0x72bd7717) auipc   a4, 0x72bd7
core   0: 3 0x80004244 (0x72bd7717) x14 0xf2bdb244
core   0: 0x80004248 (0x01716563) bltu    sp, s7, pc + 10
core   0: 3 0x80004248 (0x01716563)
core   0: 0x80004252 (0x00001291) c.addi  t0, -28
core   0: 3 0x80004252 (0x1291) x 5 0x80022db4
core   0: 0x80004254 (0x417180b3) sub     ra, gp, s7
core   0: 3 0x80004254 (0x417180b3) x 1 0x8e4754ec
core   0: 0x80004258 (0x00281f33) sll     t5, a6, sp
core   0: 3 0x80004258 (0x00281f33) x30 0x12000000
core   0: 0x8000425c (0x02ba4633) div     a2, s4, a1
core   0: 3 0x8000425c (0x02ba4633) x12 0x00000763
core   0: 0x80004260 (0x0000858d) c.srai  a1, 3
core   0: 3 0x80004260 (0x858d) x11 0xffffffff
core   0: 0x80004262 (0x0192a223) sw      s9, 4(t0)
core   0: 3 0x80004262 (0x0192a223) mem 0x80022db8 0x80005122
core   0: 0x80004266 (0x41135393) srai    t2, t1, 17
core   0: 3 0x80004266 (0x41135393) x 7 0x00000000
core   0: 0x8000426a (0x57bc6d93) ori     s11, s8, 1403
core   0: 3 0x8000426a (0x57bc6d93) x27 0x000005fb
core   0: 0x8000426e (0x41e95fb3) sra     t6, s2, t5
core   0: 3 0x8000426e (0x41e95fb3) x31 0x00000533
core   0: 0x80004272 (0x0ff0000f) fence   iorw,iorw
core   0: 3 0x80004272 (0x0ff0000f)
core   0: 0x80004276 (0x00001e7d) c.addi  t3, -1
core   0: 3 0x80004276 (0x1e7d) x28 0xfffffffd
core   0: 0x80004278 (0xbc542b13) slti    s6, s0, -1083
core   0: 3 0x80004278 (0xbc542b13) x22 0x00000001
core   0: 0x8000427c (0x0354fdb3) remu    s11, s1, s5
core   0: 3 0x8000427c (0x0354fdb3) x27 0x00000000
core   0: 0x80004280 (0x02b304b3) mul     s1, t1, a1
core   0: 3 0x80004280 (0x02b304b3) x 9 0xffffff92
core   0: 0x80004284 (0x0f967513) andi    a0, a2, 249
core   0: 3 0x80004284 (0x0f967513) x10 0x00000061
core   0: 0x80004288 (0x416f0f33) sub     t5, t5, s6
core   0: 3 0x80004288 (0x416f0f33) x30 0x11ffffff
core   0: 0x8000428c (0x00728263) beq     t0, t2, pc + 4
core   0: 3 0x8000428c (0x00728263)
core   0: 0x80004290 (0x0000c099) c.beqz  s1, pc + 6
core   0: 3 0x80004290 (0xc099)
core   0: 0x80004292 (0x007b5963) bge     s6, t2, pc + 18
core   0: 3 0x80004292 (0x007b5963)
core   0: 0x800042a4 (0x0000008a) c.slli  ra, 2
core   0: 3 0x800042a4 (0x008a) x 1 0x391d53b0
core   0: 0x800042a6 (0x00008611) c.srai  a2, 4
core   0: 3 0x800042a6 (0x8611) x12 0x00000076
core   0: 0x800042a8 (0x02d7e5b3) rem     a1, a5, a3
core   0: 3 0x800042a8 (0x02d7e5b3) x11 0x00000000
core   0: 0x800042ac (0x000082f1) c.srli  a3, 28
core   0: 3 0x800042ac (0x82f1) x13 0x0000000f
core   0: 0x800042ae (0x00001d7d) c.addi  s10, -1
core   0: 3 0x800042ae (0x1d7d) x26 0xffffffff
core   0: 0x800042b0 (0x0390f1b3) remu    gp, ra, s9
core   0: 3 0x800042b0 (0x0390f1b3) x 3 0x391d53b0
core   0: 0x800042b4 (0x0048b033) sltu    zero, a7, tp
core   0: 3 0x800042b4 (0x0048b033)
core   0: 0x800042b8 (0x30253f93) sltiu   t6, a0, 770
core   0: 3 0x800042b8 (0x30253f93) x31 0x00000001
core   0: 0x800042bc (0x0397c033) div     zero, a5, s9
core   0: 3 0x800042bc (0x0397c033)
core   0: 0x800042c0 (0x41a45333) sra     t1, s0, s10
core   0: 3 0x800042c0 (0x41a45333) x 6 0xffffffff
core   0: 0x800042c4 (0x023eebb3) rem     s7, t4, gp
core   0: 3 0x800042c4 (0x023eebb3) x23 0x00009000
core   0: 0x800042c8 (0x0354fc33) remu    s8, s1, s5
core   0: 3 0x800042c8 (0x0354fc33) x24 0x00011f86
core   0: 0x800042cc (0x00000c9d) c.addi  s9, 7
core   0: 3 0x800042cc (0x0c9d) x25 0x80005129
core   0: 0x800042ce (0x4fc54f13) xori    t5, a0, 1276
core   0: 3 0x800042ce (0x4fc54f13) x30 0x0000049d
core   0: 0x800042d2 (0x014a7a33) and     s4, s4, s4
core   0: 3 0x800042d2 (0x014a7a33) x20 0xfffff89d
core   0: 0x800042d6 (0x02ba1863) bne     s4, a1, pc + 48
core   0: 3 0x800042d6 (0x02ba1863)
core   0: 0x80004306 (0x40980733) sub     a4, a6, s1
core   0: 3 0x80004306 (0x40980733) x14 0x0001206e
core   0: 0x8000430a (0x000014fd) c.addi  s1, -1
core   0: 3 0x8000430a (0x14fd) x 9 0xffffff91
core   0: 0x8000430c (0x0140e963) bltu    ra, s4, pc + 18
core   0: 3 0x8000430c (0x0140e963)
core   0: 0x8000431e (0x02887733) remu    a4, a6, s0
core   0: 3 0x8000431e (0x02887733) x14 0x00012000
core   0: 0x80004322 (0x0000100f) fence.i
core   0: 3 0x80004322 (0x0000100f)
core   0: 0x80004326 (0x01e6f433) and     s0, a3, t5
core   0: 3 0x80004326 (0x01e6f433) x 8 0x0000000d
core   0: 0x8000432a (0x000090fa) c.add   ra, t5
core   0: 3 0x8000432a (0x90fa) x 1 0x391d584d
core   0: 0x8000432c (0x41a6d613) srai    a2, a3, 26
core   0: 3 0x8000432c (0x41a6d613) x12 0x00000000
core   0: 0x80004330 (0x012a4d63) blt     s4, s2, pc + 26
core   0: 3 0x80004330 (0x012a4d63)
core   0: 0x8000434a (0x00008c95) c.sub   s1, a3
core   0: 3 0x8000434a (0x8c95) x 9 0xffffff82
core   0: 0x8000434c (0xeea78613) addi    a2, a5, -278
core   0: 3 0x8000434c (0xeea78613) x12 0x80026b74
core   0: 0x80004350 (0x01f2ff33) and     t5, t0, t6
core   0: 3 0x80004350 (0x01f2ff33) x30 0x00000000
core   0: 0x80004354 (0x03e094b3) mulh    s1, ra, t5
core   0: 3 0x80004354 (0x03e094b3) x 9 0x00000000
core   0: 0x80004358 (0xfc059eb7) lui     t4, 0xfc059
core   0: 3 0x80004358 (0xfc059eb7) x29 0xfc059000
core   0: 0x8000435c (0x40405b93) srai    s7, zero, 4
core   0: 3 0x8000435c (0x40405b93) x23 0x00000000
core   0: 0x80004360 (0x000087fd) c.srai  a5, 31
core   0: 3 0x80004360 (0x87fd) x15 0xffffffff
core   0: 0x80004362 (0x017de8b3) or      a7, s11, s7
core   0: 3 0x80004362 (0x017de8b3) x17 0x00000000
core   0: 0x80004366 (0x030bdcb3) divu    s9, s7, a6
core   0: 3 0x80004366 (0x030bdcb3) x25 0x00000000
core   0: 0x8000436a (0x004cba33) sltu    s4, s9, tp
core   0: 3 0x8000436a (0x004cba33) x20 0x00000001
core   0: 0x8000436e (0x0315a5b3) mulhsu  a1, a1, a7
core   0: 3 0x8000436e (0x0315a5b3) x11 0x00000000
core   0: 0x80004372 (0x0ff0000f) fence   iorw,iorw
core   0: 3 0x80004372 (0x0ff0000f)
core   0: 0x80004376 (0x039086b3) mul     a3, ra, s9
core   0: 3 0x80004376 (0x039086b3) x13 0x00000000
core   0: 0x8000437a (0x00000001) c.nop
core   0: 3 0x8000437a (0x0001)
core   0: 0x8000437c (0x00009e12) c.add   t3, tp
core   0: 3 0x8000437c (0x9e12) x28 0x80026ce1
core   0: 0x8000437e (0x0000045d) c.addi  s0, 23
core   0: 3 0x8000437e (0x045d) x 8 0x00000024
core   0: 0x80004380 (0x19f4b837) lui     a6, 0x19f4b
core   0: 3 0x80004380 (0x19f4b837) x16 0x19f4b000
core   0: 0x80004384 (0x00009432) c.add   s0, a2
core   0: 3 0x80004384 (0x9432) x 8 0x80026b98
core   0: 0x80004386 (0x002e7263) bgeu    t3, sp, pc + 4
core   0: 3 0x80004386 (0x002e7263)
core   0: 0x8000438a (0x026ad433) divu    s0, s5, t1
core   0: 3 0x8000438a (0x026ad433) x 8 0x00000000
core   0: 0x8000438e (0x00789e13) slli    t3, a7, 7
core   0: 3 0x8000438e (0x00789e13) x28 0x00000000
core   0: 0x80004392 (0x025c0433) mul     s0, s8, t0
core   0: 3 0x80004392 (0x025c0433) x 8 0x7260b838
core   0: 0x80004396 (0x0042ac83) lw      s9, 4(t0)
core   0: 3 0x80004396 (0x0042ac83) x25 0x80005122 mem 0x80022db8
core   0: 0x8000439a (0x00008ee9) c.and   a3, a0
core   0: 3 0x8000439a (0x8ee9) x13 0x00000000
core   0: 0x8000439c (0x000002f1) c.addi  t0, 28
core   0: 3 0x8000439c (0x02f1) x 5 0x80022dd0
core   0: 0x8000439e (0x020b5eb3) divu    t4, s6, zero
core   0: 3 0x8000439e (0x020b5eb3) x29 0xffffffff
core   0: 0x800043a2 (0x000044f5) c.li    s1, 29
core   0: 3 0x800043a2 (0x44f5) x 9 0x0000001d
core   0: 0x800043a4 (0x0279c8b3) div     a7, s3, t2
core   0: 3 0x800043a4 (0x0279c8b3) x17 0xffffffff
core   0: 0x800043a8 (0x001c8413) addi    s0, s9, 1
core   0: 3 0x800043a8 (0x001c8413) x 8 0x80005123
core   0: 0x800043ac (0x00008402) c.jr    s0
core   0: 3 0x800043ac (0x8402)
core   0: 0x80005122 (0x00000001) c.nop
core   0: 3 0x80005122 (0x0001)
core   0: 0x80005124 (0x017be033) or      zero, s7, s7
core   0: 3 0x80005124 (0x017be033)
core   0: 0x80005128 (0x3db28a93) addi    s5, t0, 987
core   0: 3 0x80005128 (0x3db28a93) x21 0x800231ab
core   0: 0x8000512c (0x00008e8d) c.sub   a3, a1
core   0: 3 0x8000512c (0x8e8d) x13 0x00000000
core   0: 0x8000512e (0x0129e9b3) or      s3, s3, s2
core   0: 3 0x8000512e (0x0129e9b3) x19 0x40011773
core   0: 0x80005132 (0x023ad7b3) divu    a5, s5, gp
core   0: 3 0x80005132 (0x023ad7b3) x15 0x00000002
core   0: 0x80005136 (0x01c06bb3) or      s7, zero, t3
core   0: 3 0x80005136 (0x01c06bb3) x23 0x00000000
core   0: 0x8000513a (0x03838bb3) mul     s7, t2, s8
core   0: 3 0x8000513a (0x03838bb3) x23 0x00000000
core   0: 0x8000513e (0x0000cd05) c.beqz  a0, pc + 56
core   0: 3 0x8000513e (0xcd05)
core   0: 0x80005140 (0x0ff0000f) fence   iorw,iorw
core   0: 3 0x80005140 (0x0ff0000f)
core   0: 0x80005144 (0x0000c389) c.beqz  a5, pc + 2
core   0: 3 0x80005144 (0xc389)
core   0: 0x80005146 (0x0245ea63) bltu    a1, tp, pc + 52
core   0: 3 0x80005146 (0x0245ea63)
core   0: 0x8000517a (0x41bdda13) srai    s4, s11, 27
core   0: 3 0x8000517a (0x41bdda13) x20 0x00000000
core   0: 0x8000517e (0x0000c205) c.beqz  a2, pc + 32
core   0: 3 0x8000517e (0xc205)
core   0: 0x80005180 (0x00005e7d) c.li    t3, -1
core   0: 3 0x80005180 (0x5e7d) x28 0xffffffff
core   0: 0x80005182 (0x03497ab3) remu    s5, s2, s4
core   0: 3 0x80005182 (0x03497ab3) x21 0x00000533
core   0: 0x80005186 (0x035159b3) divu    s3, sp, s5
core   0: 3 0x80005186 (0x035159b3) x19 0x00000000
core   0: 0x8000518a (0x027d2e33) mulhsu  t3, s10, t2
core   0: 3 0x8000518a (0x027d2e33) x28 0x00000000
core   0: 0x8000518e (0x016aa733) slt     a4, s5, s6
core   0: 3 0x8000518e (0x016aa733) x14 0x00000000
core   0: 0x80005192 (0x00008c45) c.or    s0, s1
core   0: 3 0x80005192 (0x8c45) x 8 0x8000513f
core   0: 0x80005194 (0x000040e9) c.li    ra, 26
core   0: 3 0x80005194 (0x40e9) x 1 0x0000001a
core   0: 0x80005196 (0x001ce463) bltu    s9, ra, pc + 8
core   0: 3 0x80005196 (0x001ce463)
core   0: 0x8000519a (0x03dac6b3) div     a3, s5, t4
core   0: 3 0x8000519a (0x03dac6b3) x13 0xfffffacd
core   0: 0x8000519e (0x00001cfd) c.addi  s9, -1
core   0: 3 0x8000519e (0x1cfd) x25 0x80005121
core   0: 0x800051a0 (0x00cc9313) slli    t1, s9, 12
core   0: 3 0x800051a0 (0x00cc9313) x 6 0x05121000
core   0: 0x800051a4 (0x005c91b3) sll     gp, s9, t0
core   0: 3 0x800051a4 (0x005c91b3) x 3 0x51210000
core   0: 0x800051a8 (0x03ff27b3) mulhsu  a5, t5, t6
core   0: 3 0x800051a8 (0x03ff27b3) x15 0x00000000
core   0: 0x800051ac (0xc3cbaa97) auipc   s5, 0xc3cba
core   0: 3 0x800051ac (0xc3cbaa97) x21 0x43cbf1ac
core   0: 0x800051b0 (0x033a48b3) div     a7, s4, s3
core   0: 3 0x800051b0 (0x033a48b3) x17 0xffffffff
core   0: 0x800051b4 (0x0000862d) c.srai  a2, 11
core   0: 3 0x800051b4 (0x862d) x12 0xfff0004d
core   0: 0x800051b6 (0x4a018f93) addi    t6, gp, 1184
core   0: 3 0x800051b6 (0x4a018f93) x31 0x512104a0
core   0: 0x800051ba (0x400089b3) sub     s3, ra, zero
core   0: 3 0x800051ba (0x400089b3) x19 0x0000001a
core   0: 0x800051be (0x41a15613) srai    a2, sp, 26
core   0: 3 0x800051be (0x41a15613) x12 0x00000000
core   0: 0x800051c2 (0x63da0013) addi    zero, s4, 1597
core   0: 3 0x800051c2 (0x63da0013)
core   0: 0x800051c6 (0x00000001) c.nop
core   0: 3 0x800051c6 (0x0001)
core   0: 0x800051c8 (0x0067c1b3) xor     gp, a5, t1
core   0: 3 0x800051c8 (0x0067c1b3) x 3 0x05121000
core   0: 0x800051cc (0x4157ddb3) sra     s11, a5, s5
core   0: 3 0x800051cc (0x4157ddb3) x27 0x00000000
core   0: 0x800051d0 (0x01e8f463) bgeu    a7, t5, pc + 8
core   0: 3 0x800051d0 (0x01e8f463)
core   0: 0x800051d8 (0x00008e69) c.and   a2, a0
core   0: 3 0x800051d8 (0x8e69) x12 0x00000000
core   0: 0x800051da (0x17d4f793) andi    a5, s1, 381
core   0: 3 0x800051da (0x17d4f793) x15 0x0000001d
core   0: 0x800051de (0x034c6863) bltu    s8, s4, pc + 48
core   0: 3 0x800051de (0x034c6863)
core   0: 0x800051e2 (0x0259e663) bltu    s3, t0, pc + 44
core   0: 3 0x800051e2 (0x0259e663)
core   0: 0x8000520e (0x02742533) mulhsu  a0, s0, t2
core   0: 3 0x8000520e (0x02742533) x10 0x00000000
core   0: 0x80005212 (0x02245eb3) divu    t4, s0, sp
core   0: 3 0x80005212 (0x02245eb3) x29 0x0aaab16f
core   0: 0x80005216 (0xfe0e7d13) andi    s10, t3, -32
core   0: 3 0x80005216 (0xfe0e7d13) x26 0x00000000
core   0: 0x8000521a (0x0042ac83) lw      s9, 4(t0)
core   0: 3 0x8000521a (0x0042ac83) x25 0x80006b88 mem 0x80022dd4
core   0: 0x8000521e (0x4012d933) sra     s2, t0, ra
core   0: 3 0x8000521e (0x4012d933) x18 0xffffffe0
core   0: 0x80005222 (0x03f99933) mulh    s2, s3, t6
core   0: 3 0x80005222 (0x03f99933) x18 0x00000008
core   0: 0x80005226 (0x03d50d33) mul     s10, a0, t4
core   0: 3 0x80005226 (0x03d50d33) x26 0x00000000
core   0: 0x8000522a (0xd230e613) ori     a2, ra, -733
core   0: 3 0x8000522a (0xd230e613) x12 0xfffffd3b
core   0: 0x8000522e (0x04028293) addi    t0, t0, 64
core   0: 3 0x8000522e (0x04028293) x 5 0x80022e10
core   0: 0x80005232 (0x00000001) c.nop
core   0: 3 0x80005232 (0x0001)
core   0: 0x80005234 (0x373f9937) lui     s2, 0x373f9
core   0: 3 0x80005234 (0x373f9937) x18 0x373f9000
core   0: 0x80005238 (0x002a46b3) xor     a3, s4, sp
core   0: 3 0x80005238 (0x002a46b3) x13 0x0000000c
core   0: 0x8000523c (0x000009ea) c.slli  s3, 26
core   0: 3 0x8000523c (0x09ea) x19 0x68000000
core   0: 0x8000523e (0x000c8a13) mv      s4, s9
core   0: 3 0x8000523e (0x000c8a13) x20 0x80006b88
core   0: 0x80005242 (0x000a0a67) jalr    s4, s4, 0
core   0: 3 0x80005242 (0x000a0a67) x20 0x80005246
core   0: 0x80006b88 (0x7c553713) sltiu   a4, a0, 1989
core   0: 3 0x80006b88 (0x7c553713) x14 0x00000001
core   0: 0x80006b8c (0x001b5a13) srli    s4, s6, 1
core   0: 3 0x80006b8c (0x001b5a13) x20 0x00000000
core   0: 0x80006b90 (0xf41cc613) xori    a2, s9, -191
core   0: 3 0x80006b90 (0xf41cc613) x12 0x7fff94c9
core   0: 0x80006b94 (0x727bae97) auipc   t4, 0x727ba
core   0: 3 0x80006b94 (0x727bae97) x29 0xf27c0b94
core   0: 0x80006b98 (0x03c338b3) mulhu   a7, t1, t3
core   0: 3 0x80006b98 (0x03c338b3) x17 0x00000000
core   0: 0x80006b9c (0x028583b3) mul     t2, a1, s0
core   0: 3 0x80006b9c (0x028583b3) x 7 0x00000000
core   0: 0x80006ba0 (0x0000c911) c.beqz  a0, pc + 20
core   0: 3 0x80006ba0 (0xc911)
core   0: 0x80006bb4 (0x8b1f7d97) auipc   s11, 0x8b1f7
core   0: 3 0x80006bb4 (0x8b1f7d97) x27 0x0b1fdbb4
core   0: 0x80006bb8 (0x0000c485) c.beqz  s1, pc + 40
core   0: 3 0x80006bb8 (0xc485)
core   0: 0x80006bba (0x0000100f) fence.i
core   0: 3 0x80006bba (0x0000100f)
core   0: 0x80006bbe (0x00008ed2) c.mv    t4, s4
core   0: 3 0x80006bbe (0x8ed2) x29 0x00000000
core   0: 0x80006bc0 (0x00001f7d) c.addi  t5, -1
core   0: 3 0x80006bc0 (0x1f7d) x30 0xffffffff
core   0: 0x80006bc2 (0x00fa8b33) add     s6, s5, a5
core   0: 3 0x80006bc2 (0x00fa8b33) x22 0x43cbf1c9
core   0: 0x80006bc6 (0x414b5d13) srai    s10, s6, 20
core   0: 3 0x80006bc6 (0x414b5d13) x26 0x0000043c
core   0: 0x80006bca (0xc4973a13) sltiu   s4, a4, -951
core   0: 3 0x80006bca (0xc4973a13) x20 0x00000001
core   0: 0x80006bce (0x45406b13) ori     s6, zero, 1108
core   0: 3 0x80006bce (0x45406b13) x22 0x00000454
core   0: 0x80006bd2 (0x08cad563) bge     s5, a2, pc + 138
core   0: 3 0x80006bd2 (0x08cad563)
core   0: 0x80006bd6 (0x00008889) c.andi  s1, 2
core   0: 3 0x80006bd6 (0x8889) x 9 0x00000000
core   0: 0x80006bd8 (0x00009dc6) c.add   s11, a7
core   0: 3 0x80006bd8 (0x9dc6) x27 0x0b1fdbb4
core   0: 0x80006bda (0x0077a833) slt     a6, a5, t2
core   0: 3 0x80006bda (0x0077a833) x16 0x00000000
core   0: 0x80006bde (0x000085f9) c.srai  a1, 30
core   0: 3 0x80006bde (0x85f9) x11 0x00000000
core   0: 0x80006be0 (0x00009e06) c.add   t3, ra
core   0: 3 0x80006be0 (0x9e06) x28 0x0000001a
core   0: 0x80006be2 (0x00006397) auipc   t2, 0x6
core   0: 3 0x80006be2 (0x00006397) x 7 0x8000cbe2
core   0: 0x80006be6 (0x4c838393) addi    t2, t2, 1224
core   0: 3 0x80006be6 (0x4c838393) x 7 0x8000d0aa
core   0: 0x80006bea (0x0000677d) c.lui   a4, 0x1f
core   0: 3 0x80006bea (0x677d) x14 0x0001f000
core   0: 0x80006bec (0x004510b3) sll     ra, a0, tp
core   0: 3 0x80006bec (0x004510b3) x 1 0x00000000
core   0: 0x80006bf0 (0x003ad633) srl     a2, s5, gp
core   0: 3 0x80006bf0 (0x003ad633) x12 0x43cbf1ac
core   0: 0x80006bf4 (0x40dfd033) sra     zero, t6, a3
core   0: 3 0x80006bf4 (0x40dfd033)
core   0: 0x80006bf8 (0x0073c503) lbu     a0, 7(t2)
core   0: 3 0x80006bf8 (0x0073c503) x10 0x000000ee mem 0x8000d0b1
core   0: 0x80006bfc (0x00000001) c.nop
core   0: 3 0x80006bfc (0x0001)
core   0: 0x80006bfe (0x0160fc33) and     s8, ra, s6
core   0: 3 0x80006bfe (0x0160fc33) x24 0x00000000
core   0: 0x80006c02 (0xff0388a3) sb      a6, -15(t2)
core   0: 3 0x80006c02 (0xff0388a3) mem 0x8000d09b 0x0
core   0: 0x80006c06 (0xfe339a23) sh      gp, -12(t2)
core   0: 3 0x80006c06 (0xfe339a23) mem 0x8000d09e 0x1000
core   0: 0x80006c0a (0x01851693) slli    a3, a0, 24
core   0: 3 0x80006c0a (0x01851693) x13 0xee000000
core   0: 0x80006c0e (0xff138823) sb      a7, -16(t2)
core   0: 3 0x80006c0e (0xff138823) mem 0x8000d09a 0x0
core   0: 0x80006c12 (0x00a3a523) sw      a0, 10(t2)
core   0: 3 0x80006c12 (0x00a3a523) mem 0x8000d0b4 0x000000ee
core   0: 0x80006c16 (0xff73c303) lbu     t1, -9(t2)
core   0: 3 0x80006c16 (0xff73c303) x 6 0x0000003a mem 0x8000d0a1
core   0: 0x80006c1a (0x000082bd) c.srli  a3, 15
core   0: 3 0x80006c1a (0x82bd) x13 0x0001dc00
core   0: 0x80006c1c (0x0003df03) lhu     t5, 0(t2)
core   0: 3 0x80006c1c (0x0003df03) x30 0x0000567a mem 0x8000d0aa
core   0: 0x80006c20 (0x02b5ceb3) div     t4, a1, a1
core   0: 3 0x80006c20 (0x02b5ceb3) x29 0xffffffff
core   0: 0x80006c24 (0xfe938c23) sb      s1, -8(t2)
core   0: 3 0x80006c24 (0xfe938c23) mem 0x8000d0a2 0x0
core   0: 0x80006c28 (0x0ff0000f) fence   iorw,iorw
core   0: 3 0x80006c28 (0x0ff0000f)
core   0: 0x80006c2c (0xff83d503) lhu     a0, -8(t2)
core   0: 3 0x80006c2c (0xff83d503) x10 0x00006600 mem 0x8000d0a2
core   0: 0x80006c30 (0x00008fe5) c.and   a5, s1
core   0: 3 0x80006c30 (0x8fe5) x15 0x00000000
core   0: 0x80006c32 (0x006386a3) sb      t1, 13(t2)
core   0: 3 0x80006c32 (0x006386a3) mem 0x8000d0b7 0x3a
core   0: 0x80006c36 (0x00005a7d) c.li    s4, -1
core   0: 3 0x80006c36 (0x5a7d) x20 0xffffffff
core   0: 0x80006c38 (0xfea38fa3) sb      a0, -1(t2)
core   0: 3 0x80006c38 (0xfea38fa3) mem 0x8000d0a9 0x0
core   0: 0x80006c3c (0x01d9dab3) srl     s5, s3, t4
core   0: 3 0x80006c3c (0x01d9dab3) x21 0x00000000
core   0: 0x80006c40 (0x00004e25) c.li    t3, 9
core   0: 3 0x80006c40 (0x4e25) x28 0x00000009
core   0: 0x80006c42 (0x00d387a3) sb      a3, 15(t2)
core   0: 3 0x80006c42 (0x00d387a3) mem 0x8000d0b9 0x0
core   0: 0x80006c46 (0x0000855a) c.mv    a0, s6
core   0: 3 0x80006c46 (0x855a) x10 0x00000454
core   0: 0x80006c48 (0x00004641) c.li    a2, 16
core   0: 3 0x80006c48 (0x4641) x12 0x00000010
core   0: 0x80006c4a (0x40b7d893) srai    a7, a5, 11
core   0: 3 0x80006c4a (0x40b7d893) x17 0x00000000
core   0: 0x80006c4e (0x00008f1d) c.sub   a4, a5
core   0: 3 0x80006c4e (0x8f1d) x14 0x0001f000
core   0: 0x80006c50 (0x01195813) srli    a6, s2, 17
core   0: 3 0x80006c50 (0x01195813) x16 0x00001b9f
core   0: 0x80006c54 (0x01f006b3) add     a3, zero, t6
core   0: 3 0x80006c54 (0x01f006b3) x13 0x512104a0
core   0: 0x80006c58 (0x00008412) c.mv    s0, tp
core   0: 3 0x80006c58 (0x8412) x 8 0x80026ce4
core   0: 0x80006c5a (0x00008fb9) c.xor   a5, a4
core   0: 3 0x80006c5a (0x8fb9) x15 0x0001f000
core   0: 0x80006c5c (0x03f7ff63) bgeu    a5, t6, pc + 62
core   0: 3 0x80006c5c (0x03f7ff63)
core   0: 0x80006c60 (0x41f5c593) xori    a1, a1, 1055
core   0: 3 0x80006c60 (0x41f5c593) x11 0x0000041f
core   0: 0x80006c64 (0x0000e811) c.bnez  s0, pc + 20
core   0: 3 0x80006c64 (0xe811)
core   0: 0x80006c78 (0x02c876b3) remu    a3, a6, a2
core   0: 3 0x80006c78 (0x02c876b3) x13 0x0000000f
core   0: 0x80006c7c (0x000086b1) c.srai  a3, 12
core   0: 3 0x80006c7c (0x86b1) x13 0x00000000
core   0: 0x80006c7e (0x03738733) mul     a4, t2, s7
core   0: 3 0x80006c7e (0x03738733) x14 0x00000000
core   0: 0x80006c82 (0x0000177d) c.addi  a4, -1
core   0: 3 0x80006c82 (0x177d) x14 0xffffffff
core   0: 0x80006c84 (0x0300d763) bge     ra, a6, pc + 46
core   0: 3 0x80006c84 (0x0300d763)
core   0: 0x80006c88 (0x02d25f63) bge     tp, a3, pc + 62
core   0: 3 0x80006c88 (0x02d25f63)
core   0: 0x80006c8c (0x03257bb3) remu    s7, a0, s2
core   0: 3 0x80006c8c (0x03257bb3) x23 0x00000454
core   0: 0x80006c90 (0x008e5f13) srli    t5, t3, 8
core   0: 3 0x80006c90 (0x008e5f13) x30 0x00000000
core   0: 0x80006c94 (0x00009c1a) c.add   s8, t1
core   0: 3 0x80006c94 (0x9c1a) x24 0x0000003a
core   0: 0x80006c96 (0xd9d110b7) lui     ra, 0xd9d11
core   0: 3 0x80006c96 (0xd9d110b7) x 1 0xd9d11000
core   0: 0x80006c9a (0x00008e05) c.sub   a2, s1
core   0: 3 0x80006c9a (0x8e05) x12 0x00000010
core   0: 0x80006c9c (0x02a56533) rem     a0, a0, a0
core   0: 3 0x80006c9c (0x02a56533) x10 0x00000000
core   0: 0x80006ca0 (0x026dd4b3) divu    s1, s11, t1
core   0: 3 0x80006ca0 (0x026dd4b3) x 9 0x003119db
core   0: 0x80006ca4 (0x00008151) c.srli  a0, 20
core   0: 3 0x80006ca4 (0x8151) x10 0x00000000
core   0: 0x80006ca6 (0x40835593) srai    a1, t1, 8
core   0: 3 0x80006ca6 (0x40835593) x11 0x00000000
core   0: 0x80006caa (0x407d00b3) sub     ra, s10, t2
core   0: 3 0x80006caa (0x407d00b3) x 1 0x7fff3392
core   0: 0x80006cae (0x07914563) blt     sp, s9, pc + 106
core   0: 3 0x80006cae (0x07914563)
core   0: 0x80006cb2 (0x675a0837) lui     a6, 0x675a0
core   0: 3 0x80006cb2 (0x675a0837) x16 0x675a0000
core   0: 0x80006cb6 (0x00008d61) c.and   a0, s0
core   0: 3 0x80006cb6 (0x8d61) x10 0x00000000
core   0: 0x80006cb8 (0x000085ea) c.mv    a1, s10
core   0: 3 0x80006cb8 (0x85ea) x11 0x0000043c
core   0: 0x80006cba (0x016238b3) sltu    a7, tp, s6
core   0: 3 0x80006cba (0x016238b3) x17 0x00000000
core   0: 0x80006cbe (0x07877563) bgeu    a4, s8, pc + 106
core   0: 3 0x80006cbe (0x07877563)
core   0: 0x80006d28 (0x0000100f) fence.i
core   0: 3 0x80006d28 (0x0000100f)
core   0: 0x80006d2c (0x01ee8833) add     a6, t4, t5
core   0: 3 0x80006d2c (0x01ee8833) x16 0xffffffff
core   0: 0x80006d30 (0x41275ab3) sra     s5, a4, s2
core   0: 3 0x80006d30 (0x41275ab3) x21 0xffffffff
core   0: 0x80006d34 (0x03641933) mulh    s2, s0, s6
core   0: 3 0x80006d34 (0x03641933) x18 0xfffffdd6
core   0: 0x80006d38 (0xae222593) slti    a1, tp, -1310
core   0: 3 0x80006d38 (0xae222593) x11 0x00000001
core   0: 0x80006d3c (0x0000100f) fence.i
core   0: 3 0x80006d3c (0x0000100f)
core   0: 0x80006d40 (0x0000ec85) c.bnez  s1, pc + 56
core   0: 3 0x80006d40 (0xec85)
core   0: 0x80006d78 (0x0365d7b3) divu    a5, a1, s6
core   0: 3 0x80006d78 (0x0365d7b3) x15 0x00000000
core   0: 0x80006d7c (0x0000e90d) c.bnez  a0, pc + 50
core   0: 3 0x80006d7c (0xe90d)
core   0: 0x80006d7e (0x02e6b733) mulhu   a4, a3, a4
core   0: 3 0x80006d7e (0x02e6b733) x14 0x00000000
core   0: 0x80006d82 (0xa7871eb7) lui     t4, 0xa7871
core   0: 3 0x80006d82 (0xa7871eb7) x29 0xa7871000
core   0: 0x80006d86 (0x01259863) bne     a1, s2, pc + 16
core   0: 3 0x80006d86 (0x01259863)
core   0: 0x80006d96 (0x0000ef11) c.bnez  a4, pc + 28
core   0: 3 0x80006d96 (0xef11)
core   0: 0x80006d98 (0xb98eccb7) lui     s9, 0xb98ec
core   0: 3 0x80006d98 (0xb98eccb7) x25 0xb98ec000
core   0: 0x80006d9c (0x000044e5) c.li    s1, 25
core   0: 3 0x80006d9c (0x44e5) x 9 0x00000019
core   0: 0x80006d9e (0x00008e51) c.or    a2, a2
core   0: 3 0x80006d9e (0x8e51) x12 0x00000010
core   0: 0x80006da0 (0x41295933) sra     s2, s2, s2
core   0: 3 0x80006da0 (0x41295933) x18 0xffffffff
core   0: 0x80006da4 (0x018785b3) add     a1, a5, s8
core   0: 3 0x80006da4 (0x018785b3) x11 0x0000003a
core   0: 0x80006da8 (0x039aea63) bltu    s5, s9, pc + 52
core   0: 3 0x80006da8 (0x039aea63)
core   0: 0x80006dac (0x00008e09) c.sub   a2, a0
core   0: 3 0x80006dac (0x8e09) x12 0x00000010
core   0: 0x80006dae (0x03766763) bltu    a2, s7, pc + 46
core   0: 3 0x80006dae (0x03766763)
core   0: 0x80006ddc (0x02fd73b3) remu    t2, s10, a5
core   0: 3 0x80006ddc (0x02fd73b3) x 7 0x0000043c
core   0: 0x80006de0 (0xd2b90a37) lui     s4, 0xd2b90
core   0: 3 0x80006de0 (0xd2b90a37) x20 0xd2b90000
core   0: 0x80006de4 (0x024655b3) divu    a1, a2, tp
core   0: 3 0x80006de4 (0x024655b3) x11 0x00000000
core   0: 0x80006de8 (0x0000100f) fence.i
core   0: 3 0x80006de8 (0x0000100f)
core   0: 0x80006dec (0x0000cb91) c.beqz  a5, pc + 20
core   0: 3 0x80006dec (0xcb91)
core   0: 0x80006e00 (0x00008ce1) c.and   s1, s0
core   0: 3 0x80006e00 (0x8ce1) x 9 0x00000000
core   0: 0x80006e02 (0x00699f33) sll     t5, s3, t1
core   0: 3 0x80006e02 (0x00699f33) x30 0x00000000
core   0: 0x80006e06 (0x41ad5333) sra     t1, s10, s10
core   0: 3 0x80006e06 (0x41ad5333) x 6 0x00000000
core   0: 0x80006e0a (0x000066ed) c.lui   a3, 0x1b
core   0: 3 0x80006e0a (0x66ed) x13 0x0001b000
core   0: 0x80006e0c (0x4175de93) srai    t4, a1, 23
core   0: 3 0x80006e0c (0x4175de93) x29 0x00000000
core   0: 0x80006e10 (0xccb06593) ori     a1, zero, -821
core   0: 3 0x80006e10 (0xccb06593) x11 0xfffffccb
core   0: 0x80006e14 (0x03673833) mulhu   a6, a4, s6
core   0: 3 0x80006e14 (0x03673833) x16 0x00000000
core   0: 0x80006e18 (0x56580313) addi    t1, a6, 1381
core   0: 3 0x80006e18 (0x56580313) x 6 0x00000565
core   0: 0x80006e1c (0xee560e13) addi    t3, a2, -283
core   0: 3 0x80006e1c (0xee560e13) x28 0xfffffef5
core   0: 0x80006e20 (0xe5b14337) lui     t1, 0xe5b14
core   0: 3 0x80006e20 (0xe5b14337) x 6 0xe5b14000
core   0: 0x80006e24 (0x02a6e063) bltu    a3, a0, pc + 32
core   0: 3 0x80006e24 (0x02a6e063)
core   0: 0x80006e28 (0x026cedb3) rem     s11, s9, t1
core   0: 3 0x80006e28 (0x026cedb3) x27 0xee2c4000
core   0: 0x80006e2c (0x0347e063) bltu    a5, s4, pc + 32
core   0: 3 0x80006e2c (0x0347e063)
core   0: 0x80006e4c (0x0000100f) fence.i
core   0: 3 0x80006e4c (0x0000100f)
core   0: 0x80006e50 (0x018a2733) slt     a4, s4, s8
core   0: 3 0x80006e50 (0x018a2733) x14 0x00000001
core   0: 0x80006e54 (0xf1065737) lui     a4, 0xf1065
core   0: 3 0x80006e54 (0xf1065737) x14 0xf1065000
core   0: 0x80006e58 (0x00000cfe) c.slli  s9, 31
core   0: 3 0x80006e58 (0x0cfe) x25 0x00000000
core   0: 0x80006e5a (0x00257763) bgeu    a0, sp, pc + 14
core   0: 3 0x80006e5a (0x00257763)
core   0: 0x80006e5e (0x024f2fb3) mulhsu  t6, t5, tp
core   0: 3 0x80006e5e (0x024f2fb3) x31 0x00000000
core   0: 0x80006e62 (0x0000cc85) c.beqz  s1, pc + 56
core   0: 3 0x80006e62 (0xcc85)
core   0: 0x80006e9a (0x00425393) srli    t2, tp, 4
core   0: 3 0x80006e9a (0x00425393) x 7 0x080026ce
core   0: 0x80006e9e (0x023afa63) bgeu    s5, gp, pc + 52
core   0: 3 0x80006e9e (0x023afa63)
core   0: 0x80006ed2 (0x4196d3b3) sra     t2, a3, s9
core   0: 3 0x80006ed2 (0x4196d3b3) x 7 0x0001b000
core   0: 0x80006ed6 (0x3433b013) sltiu   zero, t2, 835
core   0: 3 0x80006ed6 (0x3433b013)
core   0: 0x80006eda (0x00e61033) sll     zero, a2, a4
core   0: 3 0x80006eda (0x00e61033)
core   0: 0x80006ede (0x01e938b3) sltu    a7, s2, t5
core   0: 3 0x80006ede (0x01e938b3) x17 0x00000000
core   0: 0x80006ee2 (0x02b7fd63) bgeu    a5, a1, pc + 58
core   0: 3 0x80006ee2 (0x02b7fd63)
core   0: 0x80006ee6 (0x00008dcd) c.or    a1, a1
core   0: 3 0x80006ee6 (0x8dcd) x11 0xfffffccb
core   0: 0x80006ee8 (0x018e7733) and     a4, t3, s8
core   0: 3 0x80006ee8 (0x018e7733) x14 0x00000030
core   0: 0x80006eec (0x00b7da33) srl     s4, a5, a1
core   0: 3 0x80006eec (0x00b7da33) x20 0x00000000
core   0: 0x80006ef0 (0x021e9633) mulh    a2, t4, ra
core   0: 3 0x80006ef0 (0x021e9633) x12 0x00000000
core   0: 0x80006ef4 (0x00008c15) c.sub   s0, a3
core   0: 3 0x80006ef4 (0x8c15) x 8 0x8000bce4
core   0: 0x80006ef6 (0x0000ef85) c.bnez  a5, pc + 56
core   0: 3 0x80006ef6 (0xef85)
core   0: 0x80006ef8 (0x00000bae) c.slli  s7, 11
core   0: 3 0x80006ef8 (0x0bae) x23 0x0022a000
core   0: 0x80006efa (0x000085f5) c.srai  a1, 29
core   0: 3 0x80006efa (0x85f5) x11 0xffffffff
core   0: 0x80006efc (0x94b64893) xori    a7, a2, -1717
core   0: 3 0x80006efc (0x94b64893) x17 0xfffff94b
core   0: 0x80006f00 (0xa28d0613) addi    a2, s10, -1496
core   0: 3 0x80006f00 (0xa28d0613) x12 0xfffffe64
core   0: 0x80006f04 (0x027ebc33) mulhu   s8, t4, t2
core   0: 3 0x80006f04 (0x027ebc33) x24 0x00000000
core   0: 0x80006f08 (0x00a81433) sll     s0, a6, a0
core   0: 3 0x80006f08 (0x00a81433) x 8 0x00000000
core   0: 0x80006f0c (0x000087e5) c.srai  a5, 25
core   0: 3 0x80006f0c (0x87e5) x15 0x00000000
core   0: 0x80006f0e (0x03770bb3) mul     s7, a4, s7
core   0: 3 0x80006f0e (0x03770bb3) x23 0x067e0000
core   0: 0x80006f12 (0x02b754b3) divu    s1, a4, a1
core   0: 3 0x80006f12 (0x02b754b3) x 9 0x00000000
core   0: 0x80006f16 (0x0000069a) c.slli  a3, 6
core   0: 3 0x80006f16 (0x069a) x13 0x006c0000
core   0: 0x80006f18 (0x02794eb3) div     t4, s2, t2
core   0: 3 0x80006f18 (0x02794eb3) x29 0x00000000
core   0: 0x80006f1c (0x00008521) c.srai  a0, 8
core   0: 3 0x80006f1c (0x8521) x10 0x00000000
core   0: 0x80006f1e (0x03e23f33) mulhu   t5, tp, t5
core   0: 3 0x80006f1e (0x03e23f33) x30 0x00000000
core   0: 0x80006f22 (0x0376da63) bge     a3, s7, pc + 52
core   0: 3 0x80006f22 (0x0376da63)
core   0: 0x80006f26 (0x036458b3) divu    a7, s0, s6
core   0: 3 0x80006f26 (0x036458b3) x17 0x00000000
core   0: 0x80006f2a (0x02c8b733) mulhu   a4, a7, a2
core   0: 3 0x80006f2a (0x02c8b733) x14 0x00000000
core   0: 0x80006f2e (0x000003f6) c.slli  t2, 29
core   0: 3 0x80006f2e (0x03f6) x 7 0x00000000
core   0: 0x80006f30 (0x000081b9) c.srli  a1, 14
core   0: 3 0x80006f30 (0x81b9) x11 0x0003ffff
core   0: 0x80006f32 (0x41f05993) srai    s3, zero, 31
core   0: 3 0x80006f32 (0x41f05993) x19 0x00000000
core   0: 0x80006f36 (0x03244763) blt     s0, s2, pc + 46
core   0: 3 0x80006f36 (0x03244763)
core   0: 0x80006f3a (0x00000001) c.nop
core   0: 3 0x80006f3a (0x0001)
core   0: 0x80006f3c (0x00008109) c.srli  a0, 2
core   0: 3 0x80006f3c (0x8109) x10 0x00000000
core   0: 0x80006f3e (0x370b5b97) auipc   s7, 0x370b5
core   0: 3 0x80006f3e (0x370b5b97) x23 0xb70bbf3e
core   0: 0x80006f42 (0x00008741) c.srai  a4, 16
core   0: 3 0x80006f42 (0x8741) x14 0x00000000
core   0: 0x80006f44 (0x000e0633) add     a2, t3, zero
core   0: 3 0x80006f44 (0x000e0633) x12 0xfffffef5
core   0: 0x80006f48 (0x46d92413) slti    s0, s2, 1133
core   0: 3 0x80006f48 (0x46d92413) x 8 0x00000001
core   0: 0x80006f4c (0x020b0663) beqz    s6, pc + 44
core   0: 3 0x80006f4c (0x020b0663)
core   0: 0x80006f50 (0x41e5d893) srai    a7, a1, 30
core   0: 3 0x80006f50 (0x41e5d893) x17 0x00000000
core   0: 0x80006f54 (0x00008ee1) c.and   a3, s0
core   0: 3 0x80006f54 (0x8ee1) x13 0x00000000
core   0: 0x80006f56 (0x0013c263) blt     t2, ra, pc + 4
core   0: 3 0x80006f56 (0x0013c263)
core   0: 0x80006f5a (0x00a914b3) sll     s1, s2, a0
core   0: 3 0x80006f5a (0x00a914b3) x 9 0xffffffff
core   0: 0x80006f5e (0x028d7663) bgeu    s10, s0, pc + 44
core   0: 3 0x80006f5e (0x028d7663)
core   0: 0x80006f8a (0x02d74d63) blt     a4, a3, pc + 58
core   0: 3 0x80006f8a (0x02d74d63)
core   0: 0x80006f8e (0x02978033) mul     zero, a5, s1
core   0: 3 0x80006f8e (0x02978033)
core   0: 0x80006f92 (0xca8f6693) ori     a3, t5, -856
core   0: 3 0x80006f92 (0xca8f6693) x13 0xfffffca8
core   0: 0x80006f96 (0x00f59633) sll     a2, a1, a5
core   0: 3 0x80006f96 (0x00f59633) x12 0x0003ffff
core   0: 0x80006f9a (0x00004e65) c.li    t3, 25
core   0: 3 0x80006f9a (0x4e65) x28 0x00000019
core   0: 0x80006f9c (0x004b9e63) bne     s7, tp, pc + 28
core   0: 3 0x80006f9c (0x004b9e63)
core   0: 0x80006fb8 (0x0102c333) xor     t1, t0, a6
core   0: 3 0x80006fb8 (0x0102c333) x 6 0x80022e10
core   0: 0x80006fbc (0x41e15933) sra     s2, sp, t5
core   0: 3 0x80006fbc (0x41e15933) x18 0x0000000c
core   0: 0x80006fc0 (0x02ffd833) divu    a6, t6, a5
core   0: 3 0x80006fc0 (0x02ffd833) x16 0xffffffff
core   0: 0x80006fc4 (0x03fc06b3) mul     a3, s8, t6
core   0: 3 0x80006fc4 (0x03fc06b3) x13 0x00000000
core   0: 0x80006fc8 (0x00008de1) c.and   a1, s0
core   0: 3 0x80006fc8 (0x8de1) x11 0x00000001
core   0: 0x80006fca (0x008b05b3) add     a1, s6, s0
core   0: 3 0x80006fca (0x008b05b3) x11 0x00000455
core   0: 0x80006fce (0x01c99913) slli    s2, s3, 28
core   0: 3 0x80006fce (0x01c99913) x18 0x00000000
core   0: 0x80006fd2 (0x0000ec0d) c.bnez  s0, pc + 58
core   0: 3 0x80006fd2 (0xec0d)
core   0: 0x8000700c (0x03036b63) bltu    t1, a6, pc + 54
core   0: 3 0x8000700c (0x03036b63)
core   0: 0x80007042 (0x02830c63) beq     t1, s0, pc + 56
core   0: 3 0x80007042 (0x02830c63)
core   0: 0x80007046 (0x00006359) c.lui   t1, 0x16
core   0: 3 0x80007046 (0x6359) x 6 0x00016000
core   0: 0x80007048 (0x00009cf6) c.add   s9, t4
core   0: 3 0x80007048 (0x9cf6) x25 0x00000000
core   0: 0x8000704a (0xba0bb617) auipc   a2, 0xba0bb
core   0: 3 0x8000704a (0xba0bb617) x12 0x3a0c204a
core   0: 0x8000704e (0x4100dcb3) sra     s9, ra, a6
core   0: 3 0x8000704e (0x4100dcb3) x25 0x00000000
core   0: 0x80007052 (0x04bb1163) bne     s6, a1, pc + 66
core   0: 3 0x80007052 (0x04bb1163)
core   0: 0x80007094 (0x006cd963) bge     s9, t1, pc + 18
core   0: 3 0x80007094 (0x006cd963)
core   0: 0x80007098 (0x00000f75) c.addi  t5, 29
core   0: 3 0x80007098 (0x0f75) x30 0x0000001d
core   0: 0x8000709a (0x8c612793) slti    a5, sp, -1850
core   0: 3 0x8000709a (0x8c612793) x15 0x00000000
core   0: 0x8000709e (0x02f18b33) mul     s6, gp, a5
core   0: 3 0x8000709e (0x02f18b33) x22 0x00000000
core   0: 0x800070a2 (0x021f0663) beq     t5, ra, pc + 44
core   0: 3 0x800070a2 (0x021f0663)
core   0: 0x800070a6 (0x0390d6b3) divu    a3, ra, s9
core   0: 3 0x800070a6 (0x0390d6b3) x13 0xffffffff
core   0: 0x800070aa (0x000088e6) c.mv    a7, s9
core   0: 3 0x800070aa (0x88e6) x17 0x00000000
core   0: 0x800070ac (0x000082d1) c.srli  a3, 20
core   0: 3 0x800070ac (0x82d1) x13 0x00000fff
core   0: 0x800070ae (0x40aa06b3) sub     a3, s4, a0
core   0: 3 0x800070ae (0x40aa06b3) x13 0x00000000
core   0: 0x800070b2 (0xdb8eb013) sltiu   zero, t4, -584
core   0: 3 0x800070b2 (0xdb8eb013)
core   0: 0x800070b6 (0xfdacb513) sltiu   a0, s9, -38
core   0: 3 0x800070b6 (0xfdacb513) x10 0x00000001
core   0: 0x800070ba (0x00386333) or      t1, a6, gp
core   0: 3 0x800070ba (0x00386333) x 6 0xffffffff
core   0: 0x800070be (0x000080fd) c.srli  s1, 31
core   0: 3 0x800070be (0x80fd) x 9 0x00000001
core   0: 0x800070c0 (0x02edc6b3) div     a3, s11, a4
core   0: 3 0x800070c0 (0x02edc6b3) x13 0xffffffff
core   0: 0x800070c4 (0x00009a9e) c.add   s5, t2
core   0: 3 0x800070c4 (0x9a9e) x21 0xffffffff
core   0: 0x800070c6 (0x0ff0000f) fence   iorw,iorw
core   0: 3 0x800070c6 (0x0ff0000f)
core   0: 0x800070ca (0x400c5833) sra     a6, s8, zero
core   0: 3 0x800070ca (0x400c5833) x16 0x00000000
core   0: 0x800070ce (0xebb3c813) xori    a6, t2, -325
core   0: 3 0x800070ce (0xebb3c813) x16 0xfffffebb
core   0: 0x800070d2 (0xae072d37) lui     s10, 0xae072
core   0: 3 0x800070d2 (0xae072d37) x26 0xae072000
core   0: 0x800070d6 (0xcdcd0d13) addi    s10, s10, -804
core   0: 3 0x800070d6 (0xcdcd0d13) x26 0xae071cdc
core   0: 0x800070da (0x00043db3) sltu    s11, s0, zero
core   0: 3 0x800070da (0x00043db3) x27 0x00000000
core   0: 0x800070de (0x0109ec63) bltu    s3, a6, pc + 24
core   0: 3 0x800070de (0x0109ec63)
core   0: 0x800070f6 (0x01cbca63) blt     s7, t3, pc + 20
core   0: 3 0x800070f6 (0x01cbca63)
core   0: 0x8000710a (0x03990833) mul     a6, s2, s9
core   0: 3 0x8000710a (0x03990833) x16 0x00000000
core   0: 0x8000710e (0x03df6a63) bltu    t5, t4, pc + 52
core   0: 3 0x8000710e (0x03df6a63)
core   0: 0x80007112 (0xce5fbb13) sltiu   s6, t6, -795
core   0: 3 0x80007112 (0xce5fbb13) x22 0x00000001
core   0: 0x80007116 (0x02c08663) beq     ra, a2, pc + 44
core   0: 3 0x80007116 (0x02c08663)
core   0: 0x8000711a (0x50f88413) addi    s0, a7, 1295
core   0: 3 0x8000711a (0x50f88413) x 8 0x0000050f
core   0: 0x8000711e (0x0000cf85) c.beqz  a5, pc + 56
core   0: 3 0x8000711e (0xcf85)
core   0: 0x80007156 (0x00624f63) blt     tp, t1, pc + 30
core   0: 3 0x80007156 (0x00624f63)
core   0: 0x80007174 (0x010a3cb3) sltu    s9, s4, a6
core   0: 3 0x80007174 (0x010a3cb3) x25 0x00000000
core   0: 0x80007178 (0x02b38863) beq     t2, a1, pc + 48
core   0: 3 0x80007178 (0x02b38863)
core   0: 0x8000717c (0x00b5dc63) bge     a1, a1, pc + 24
core   0: 3 0x8000717c (0x00b5dc63)
core   0: 0x80007194 (0x00008e3d) c.xor   a2, a5
core   0: 3 0x80007194 (0x8e3d) x12 0x3a0c204a
core   0: 0x80007196 (0x00f3b1b3) sltu    gp, t2, a5
core   0: 3 0x80007196 (0x00f3b1b3) x 3 0x00000000
core   0: 0x8000719a (0x02183a33) mulhu   s4, a6, ra
core   0: 3 0x8000719a (0x02183a33) x20 0x00000000
core   0: 0x8000719e (0x0349d333) divu    t1, s3, s4
core   0: 3 0x8000719e (0x0349d333) x 6 0xffffffff
core   0: 0x800071a2 (0x0000848d) c.srai  s1, 3
core   0: 3 0x800071a2 (0x848d) x 9 0x00000000
core   0: 0x800071a4 (0x00008a26) c.mv    s4, s1
core   0: 3 0x800071a4 (0x8a26) x20 0x00000000
core   0: 0x800071a6 (0x0000cb81) c.beqz  a5, pc + 16
core   0: 3 0x800071a6 (0xcb81)
core   0: 0x800071b6 (0x0000852d) c.srai  a0, 11
core   0: 3 0x800071b6 (0x852d) x10 0x00000000
core   0: 0x800071b8 (0x02481963) bne     a6, tp, pc + 50
core   0: 3 0x800071b8 (0x02481963)
core   0: 0x800071ea (0x0000e41d) c.bnez  s0, pc + 46
core   0: 3 0x800071ea (0xe41d)
core   0: 0x80007218 (0x00004a25) c.li    s4, 9
core   0: 3 0x80007218 (0x4a25) x20 0x00000009
core   0: 0x8000721a (0x012c5c13) srli    s8, s8, 18
core   0: 3 0x8000721a (0x012c5c13) x24 0x00000000
core   0: 0x8000721e (0x00008a96) c.mv    s5, t0
core   0: 3 0x8000721e (0x8a96) x21 0x80022e10
core   0: 0x80007220 (0x016b7c63) bgeu    s6, s6, pc + 24
core   0: 3 0x80007220 (0x016b7c63)
core   0: 0x80007238 (0x031ca1b3) mulhsu  gp, s9, a7
core   0: 3 0x80007238 (0x031ca1b3) x 3 0x00000000
core   0: 0x8000723c (0x0000ef05) c.bnez  a4, pc + 56
core   0: 3 0x8000723c (0xef05)
core   0: 0x8000723e (0x037b5633) divu    a2, s6, s7
core   0: 3 0x8000723e (0x037b5633) x12 0x00000000
core   0: 0x80007242 (0x020e89b3) mul     s3, t4, zero
core   0: 3 0x80007242 (0x020e89b3) x19 0x00000000
core   0: 0x80007246 (0x00d161b3) or      gp, sp, a3
core   0: 3 0x80007246 (0x00d161b3) x 3 0xffffffff
core   0: 0x8000724a (0x586e3413) sltiu   s0, t3, 1414
core   0: 3 0x8000724a (0x586e3413) x 8 0x00000001
core   0: 0x8000724e (0x00431963) bne     t1, tp, pc + 18
core   0: 3 0x8000724e (0x00431963)
core   0: 0x80007260 (0x00008ee5) c.and   a3, s1
core   0: 3 0x80007260 (0x8ee5) x13 0x00000000
core   0: 0x80007262 (0x01ff9933) sll     s2, t6, t6
core   0: 3 0x80007262 (0x01ff9933) x18 0x00000000
core   0: 0x80007266 (0x034bdc63) bge     s7, s4, pc + 56
core   0: 3 0x80007266 (0x034bdc63)
core   0: 0x8000726a (0x017ad033) srl     zero, s5, s7
core   0: 3 0x8000726a (0x017ad033)
core   0: 0x8000726e (0x001cc333) xor     t1, s9, ra
core   0: 3 0x8000726e (0x001cc333) x 6 0x7fff3392
core   0: 0x80007272 (0x0000434d) c.li    t1, 19
core   0: 3 0x80007272 (0x434d) x 6 0x00000013
core   0: 0x80007274 (0x3857c5b7) lui     a1, 0x3857c
core   0: 3 0x80007274 (0x3857c5b7) x11 0x3857c000
core   0: 0x80007278 (0x0159a333) slt     t1, s3, s5
core   0: 3 0x80007278 (0x0159a333) x 6 0x00000000
core   0: 0x8000727c (0x0000ea81) c.bnez  a3, pc + 16
core   0: 3 0x8000727c (0xea81)
core   0: 0x8000727e (0x01f6d5b3) srl     a1, a3, t6
core   0: 3 0x8000727e (0x01f6d5b3) x11 0x00000000
core   0: 0x80007282 (0x00008dd5) c.or    a1, a3
core   0: 3 0x80007282 (0x8dd5) x11 0x00000000
core   0: 0x80007284 (0x0ff0000f) fence   iorw,iorw
core   0: 3 0x80007284 (0x0ff0000f)
core   0: 0x80007288 (0x8483aa93) slti    s5, t2, -1976
core   0: 3 0x80007288 (0x8483aa93) x21 0x00000000
core   0: 0x8000728c (0x0000881d) c.andi  s0, 7
core   0: 3 0x8000728c (0x881d) x 8 0x00000001
core   0: 0x8000728e (0x501e2693) slti    a3, t3, 1281
core   0: 3 0x8000728e (0x501e2693) x13 0x00000001
core   0: 0x80007292 (0x00008561) c.srai  a0, 24
core   0: 3 0x80007292 (0x8561) x10 0x00000000
core   0: 0x80007294 (0x00000001) c.nop
core   0: 3 0x80007294 (0x0001)
core   0: 0x80007296 (0x00008c7d) c.and   s0, a5
core   0: 3 0x80007296 (0x8c7d) x 8 0x00000000
core   0: 0x80007298 (0x000c5f33) srl     t5, s8, zero
core   0: 3 0x80007298 (0x000c5f33) x30 0x00000000
core   0: 0x8000729c (0x000082fd) c.srli  a3, 31
core   0: 3 0x8000729c (0x82fd) x13 0x00000000
core   0: 0x8000729e (0x000081c2) c.mv    gp, a6
core   0: 3 0x8000729e (0x81c2) x 3 0x00000000
core   0: 0x800072a0 (0x010b05b3) add     a1, s6, a6
core   0: 3 0x800072a0 (0x010b05b3) x11 0x00000001
core   0: 0x800072a4 (0x008693b3) sll     t2, a3, s0
core   0: 3 0x800072a4 (0x008693b3) x 7 0x00000000
core   0: 0x800072a8 (0x0000084d) c.addi  a6, 19
core   0: 3 0x800072a8 (0x084d) x16 0x00000013
core   0: 0x800072aa (0x017a1c13) slli    s8, s4, 23
core   0: 3 0x800072aa (0x017a1c13) x24 0x04800000
core   0: 0x800072ae (0x033c93b3) mulh    t2, s9, s3
core   0: 3 0x800072ae (0x033c93b3) x 7 0x00000000
core   0: 0x800072b2 (0x000087b9) c.srai  a5, 14
core   0: 3 0x800072b2 (0x87b9) x15 0x00000000
core   0: 0x800072b4 (0x01494eb3) xor     t4, s2, s4
core   0: 3 0x800072b4 (0x01494eb3) x29 0x00000009
core   0: 0x800072b8 (0x441d7913) andi    s2, s10, 1089
core   0: 3 0x800072b8 (0x441d7913) x18 0x00000440
core   0: 0x800072bc (0x0231afb3) mulhsu  t6, gp, gp
core   0: 3 0x800072bc (0x0231afb3) x31 0x00000000
core   0: 0x800072c0 (0x40d08333) sub     t1, ra, a3
core   0: 3 0x800072c0 (0x40d08333) x 6 0x7fff3392
core   0: 0x800072c4 (0x00008679) c.srai  a2, 30
core   0: 3 0x800072c4 (0x8679) x12 0x00000000
core   0: 0x800072c6 (0x00008d8d) c.sub   a1, a1
core   0: 3 0x800072c6 (0x8d8d) x11 0x00000000
core   0: 0x800072c8 (0x000088e9) c.andi  s1, 26
core   0: 3 0x800072c8 (0x88e9) x 9 0x00000000
core   0: 0x800072ca (0x01335513) srli    a0, t1, 19
core   0: 3 0x800072ca (0x01335513) x10 0x00000fff
core   0: 0x800072ce (0x776da913) slti    s2, s11, 1910
core   0: 3 0x800072ce (0x776da913) x18 0x00000001
core   0: 0x800072d2 (0x00000001) c.nop
core   0: 3 0x800072d2 (0x0001)
core   0: 0x800072d4 (0x52f4e513) ori     a0, s1, 1327
core   0: 3 0x800072d4 (0x52f4e513) x10 0x0000052f
core   0: 0x800072d8 (0x00008709) c.srai  a4, 2
core   0: 3 0x800072d8 (0x8709) x14 0x00000000
core   0: 0x800072da (0x000003ee) c.slli  t2, 27
core   0: 3 0x800072da (0x03ee) x 7 0x00000000
core   0: 0x800072dc (0x00e17333) and     t1, sp, a4
core   0: 3 0x800072dc (0x00e17333) x 6 0x00000000
core   0: 0x800072e0 (0x0114ea63) bltu    s1, a7, pc + 20
core   0: 3 0x800072e0 (0x0114ea63)
core   0: 0x800072e4 (0x000087d1) c.srai  a5, 20
core   0: 3 0x800072e4 (0x87d1) x15 0x00000000
core   0: 0x800072e6 (0x00008d79) c.and   a0, a4
core   0: 3 0x800072e6 (0x8d79) x10 0x00000000
core   0: 0x800072e8 (0x03603bb3) mulhu   s7, zero, s6
core   0: 3 0x800072e8 (0x03603bb3) x23 0x00000000
core   0: 0x800072ec (0x00c790b3) sll     ra, a5, a2
core   0: 3 0x800072ec (0x00c790b3) x 1 0x00000000
core   0: 0x800072f0 (0x034f2633) mulhsu  a2, t5, s4
core   0: 3 0x800072f0 (0x034f2633) x12 0x00000000
core   0: 0x800072f4 (0x03da1d33) mulh    s10, s4, t4
core   0: 3 0x800072f4 (0x03da1d33) x26 0x00000000
core   0: 0x800072f8 (0x01c6a9b3) slt     s3, a3, t3
core   0: 3 0x800072f8 (0x01c6a9b3) x19 0x00000001
core   0: 0x800072fc (0x41185533) sra     a0, a6, a7
core   0: 3 0x800072fc (0x41185533) x10 0x00000013
core   0: 0x80007300 (0xeaf63a97) auipc   s5, 0xeaf63
core   0: 3 0x80007300 (0xeaf63a97) x21 0x6af6a300
core   0: 0x80007304 (0x00339493) slli    s1, t2, 3
core   0: 3 0x80007304 (0x00339493) x 9 0x00000000
core   0: 0x80007308 (0x01569d33) sll     s10, a3, s5
core   0: 3 0x80007308 (0x01569d33) x26 0x00000000
core   0: 0x8000730c (0x032ec3b3) div     t2, t4, s2
core   0: 3 0x8000730c (0x032ec3b3) x 7 0x00000009
core   0: 0x80007310 (0x03feb4b3) mulhu   s1, t4, t6
core   0: 3 0x80007310 (0x03feb4b3) x 9 0x00000000
core   0: 0x80007314 (0x024453b3) divu    t2, s0, tp
core   0: 3 0x80007314 (0x024453b3) x 7 0x00000000
core   0: 0x80007318 (0x00000001) c.nop
core   0: 3 0x80007318 (0x0001)
core   0: 0x8000731a (0x000000ba) c.slli  ra, 14
core   0: 3 0x8000731a (0x00ba) x 1 0x00000000
core   0: 0x8000731c (0x024e54b3) divu    s1, t3, tp
core   0: 3 0x8000731c (0x024e54b3) x 9 0x00000000
core   0: 0x80007320 (0x00009e7e) c.add   t3, t6
core   0: 3 0x80007320 (0x9e7e) x28 0x00000019
core   0: 0x80007322 (0x00a200b3) add     ra, tp, a0
core   0: 3 0x80007322 (0x00a200b3) x 1 0x80026cf7
core   0: 0x80007326 (0x00000f4e) c.slli  t5, 19
core   0: 3 0x80007326 (0x0f4e) x30 0x00000000
core   0: 0x80007328 (0x00008f15) c.sub   a4, a3
core   0: 3 0x80007328 (0x8f15) x14 0x00000000
core   0: 0x8000732a (0x00a09593) slli    a1, ra, 10
core   0: 3 0x8000732a (0x00a09593) x11 0x09b3dc00
core   0: 0x8000732e (0x0ff0000f) fence   iorw,iorw
core   0: 3 0x8000732e (0x0ff0000f)
core   0: 0x80007332 (0xa11dfc93) andi    s9, s11, -1519
core   0: 3 0x80007332 (0xa11dfc93) x25 0x00000000
core   0: 0x80007336 (0x0000100f) fence.i
core   0: 3 0x80007336 (0x0000100f)
core   0: 0x8000733a (0x03c3fcb3) remu    s9, t2, t3
core   0: 3 0x8000733a (0x03c3fcb3) x25 0x00000000
core   0: 0x8000733e (0x02cfcb33) div     s6, t6, a2
core   0: 3 0x8000733e (0x02cfcb33) x22 0xffffffff
core   0: 0x80007342 (0x23e0e793) ori     a5, ra, 574
core   0: 3 0x80007342 (0x23e0e793) x15 0x80026eff
core   0: 0x80007346 (0x00008789) c.srai  a5, 2
core   0: 3 0x80007346 (0x8789) x15 0xe0009bbf
core   0: 0x80007348 (0x00008d21) c.xor   a0, s0
core   0: 3 0x80007348 (0x8d21) x10 0x00000013
core   0: 0x8000734a (0x00001ffd) c.addi  t6, -1
core   0: 3 0x8000734a (0x1ffd) x31 0xffffffff
core   0: 0x8000734c (0x0000e795) c.bnez  a5, pc + 44
core   0: 3 0x8000734c (0xe795)
core   0: 0x80007378 (0x00000001) c.nop
core   0: 3 0x80007378 (0x0001)
core   0: 0x8000737a (0x03e5a1b3) mulhsu  gp, a1, t5
core   0: 3 0x8000737a (0x03e5a1b3) x 3 0x00000000
core   0: 0x8000737e (0x02b82733) mulhsu  a4, a6, a1
core   0: 3 0x8000737e (0x02b82733) x14 0x00000000
core   0: 0x80007382 (0x01f79313) slli    t1, a5, 31
core   0: 3 0x80007382 (0x01f79313) x 6 0x80000000
core   0: 0x80007386 (0x0000e119) c.bnez  a0, pc + 6
core   0: 3 0x80007386 (0xe119)
core   0: 0x8000738c (0x02a76d33) rem     s10, a4, a0
core   0: 3 0x8000738c (0x02a76d33) x26 0x00000000
core   0: 0x80007390 (0x01ccc9b3) xor     s3, s9, t3
core   0: 3 0x80007390 (0x01ccc9b3) x19 0x00000019
core   0: 0x80007394 (0xfd3b0413) addi    s0, s6, -45
core   0: 3 0x80007394 (0xfd3b0413) x 8 0xffffffd2
core   0: 0x80007398 (0x02de2cb3) mulhsu  s9, t3, a3
core   0: 3 0x80007398 (0x02de2cb3) x25 0x00000000
core   0: 0x8000739c (0x00004491) c.li    s1, 4
core   0: 3 0x8000739c (0x4491) x 9 0x00000004
core   0: 0x8000739e (0x04997063) bgeu    s2, s1, pc + 64
core   0: 3 0x8000739e (0x04997063)
core   0: 0x800073a2 (0x30754493) xori    s1, a0, 775
core   0: 3 0x800073a2 (0x30754493) x 9 0x00000314
core   0: 0x800073a6 (0x6478a313) slti    t1, a7, 1607
core   0: 3 0x800073a6 (0x6478a313) x 6 0x00000001
core   0: 0x800073aa (0x92bbbb13) sltiu   s6, s7, -1749
core   0: 3 0x800073aa (0x92bbbb13) x22 0x00000001
core   0: 0x800073ae (0xe6b06193) ori     gp, zero, -405
core   0: 3 0x800073ae (0xe6b06193) x 3 0xfffffe6b
core   0: 0x800073b2 (0x00005efd) c.li    t4, -1
core   0: 3 0x800073b2 (0x5efd) x29 0xffffffff
core   0: 0x800073b4 (0x0000c91d) c.beqz  a0, pc + 54
core   0: 3 0x800073b4 (0xc91d)
core   0: 0x800073b6 (0x01413f33) sltu    t5, sp, s4
core   0: 3 0x800073b6 (0x01413f33) x30 0x00000000
core   0: 0x800073ba (0x90ea9e97) auipc   t4, 0x90ea9
core   0: 3 0x800073ba (0x90ea9e97) x29 0x10eb03ba
core   0: 0x800073be (0x00f57263) bgeu    a0, a5, pc + 4
core   0: 3 0x800073be (0x00f57263)
core   0: 0x800073c2 (0x49920b17) auipc   s6, 0x49920
core   0: 3 0x800073c2 (0x49920b17) x22 0xc99273c2
core   0: 0x800073c6 (0x00008451) c.srai  s0, 20
core   0: 3 0x800073c6 (0x8451) x 8 0xffffffff
core   0: 0x800073c8 (0x0364a933) mulhsu  s2, s1, s6
core   0: 3 0x800073c8 (0x0364a933) x18 0x0000026c
core   0: 0x800073cc (0x001294b3) sll     s1, t0, ra
core   0: 3 0x800073cc (0x001294b3) x 9 0x08000000
core   0: 0x800073d0 (0x01fc9f63) bne     s9, t6, pc + 30
core   0: 3 0x800073d0 (0x01fc9f63)
core   0: 0x800073ee (0x01ee9b63) bne     t4, t5, pc + 22
core   0: 3 0x800073ee (0x01ee9b63)
core   0: 0x80007404 (0x000093ee) c.add   t2, s11
core   0: 3 0x80007404 (0x93ee) x 7 0x00000000
core   0: 0x80007406 (0xcf7bfa93) andi    s5, s7, -777
core   0: 3 0x80007406 (0xcf7bfa93) x21 0x00000000
core   0: 0x8000740a (0x027c3633) mulhu   a2, s8, t2
core   0: 3 0x8000740a (0x027c3633) x12 0x00000000
core   0: 0x8000740e (0x03a3ef33) rem     t5, t2, s10
core   0: 3 0x8000740e (0x03a3ef33) x30 0x00000000
core   0: 0x80007412 (0x00475763) bge     a4, tp, pc + 14
core   0: 3 0x80007412 (0x00475763)
core   0: 0x80007420 (0xfc6aeeb7) lui     t4, 0xfc6ae
core   0: 3 0x80007420 (0xfc6aeeb7) x29 0xfc6ae000
core   0: 0x80007424 (0x02ca0e63) beq     s4, a2, pc + 60
core   0: 3 0x80007424 (0x02ca0e63)
core   0: 0x80007428 (0x018db3b3) sltu    t2, s11, s8
core   0: 3 0x80007428 (0x018db3b3) x 7 0x00000001
core   0: 0x8000742c (0x408a0eb3) sub     t4, s4, s0
core   0: 3 0x8000742c (0x408a0eb3) x29 0x0000000a
core   0: 0x80007430 (0x00000001) c.nop
core   0: 3 0x80007430 (0x0001)
core   0: 0x80007432 (0x9227b993) sltiu   s3, a5, -1758
core   0: 3 0x80007432 (0x9227b993) x19 0x00000001
core   0: 0x80007436 (0x018f71b3) and     gp, t5, s8
core   0: 3 0x80007436 (0x018f71b3) x 3 0x00000000
core   0: 0x8000743a (0x00008799) c.srai  a5, 6
core   0: 3 0x8000743a (0x8799) x15 0xff80026e
core   0: 0x8000743c (0x40735f33) sra     t5, t1, t2
core   0: 3 0x8000743c (0x40735f33) x30 0x00000000
core   0: 0x80007440 (0x02986633) rem     a2, a6, s1
core   0: 3 0x80007440 (0x02986633) x12 0x00000013
core   0: 0x80007444 (0x0110dd13) srli    s10, ra, 17
core   0: 3 0x80007444 (0x0110dd13) x26 0x00004001
core   0: 0x80007448 (0x000018fd) c.addi  a7, -1
core   0: 3 0x80007448 (0x18fd) x17 0xffffffff
core   0: 0x8000744a (0x03be9bb3) mulh    s7, t4, s11
core   0: 3 0x8000744a (0x03be9bb3) x23 0x00000000
core   0: 0x8000744e (0x0000956a) c.add   a0, s10
core   0: 3 0x8000744e (0x956a) x10 0x00004014
core   0: 0x80007450 (0x1799e713) ori     a4, s3, 377
core   0: 3 0x80007450 (0x1799e713) x14 0x00000179
core   0: 0x80007454 (0x00765c93) srli    s9, a2, 7
core   0: 3 0x80007454 (0x00765c93) x25 0x00000000
core   0: 0x80007458 (0x00da4833) xor     a6, s4, a3
core   0: 3 0x80007458 (0x00da4833) x16 0x00000009
core   0: 0x8000745c (0x028f4263) blt     t5, s0, pc + 36
core   0: 3 0x8000745c (0x028f4263)
core   0: 0x80007460 (0x51c94693) xori    a3, s2, 1308
core   0: 3 0x80007460 (0x51c94693) x13 0x00000770
core   0: 0x80007464 (0x034a9c63) bne     s5, s4, pc + 56
core   0: 3 0x80007464 (0x034a9c63)
core   0: 0x8000749c (0x00000001) c.nop
core   0: 3 0x8000749c (0x0001)
core   0: 0x8000749e (0x00000852) c.slli  a6, 20
core   0: 3 0x8000749e (0x0852) x16 0x00900000
core   0: 0x800074a0 (0x03d4dc33) divu    s8, s1, t4
core   0: 3 0x800074a0 (0x03d4dc33) x24 0x00cccccc
core   0: 0x800074a4 (0x01345933) srl     s2, s0, s3
core   0: 3 0x800074a4 (0x01345933) x18 0x7fffffff
core   0: 0x800074a8 (0x02a57d33) remu    s10, a0, a0
core   0: 3 0x800074a8 (0x02a57d33) x26 0x00000000
core   0: 0x800074ac (0x000088b1) c.andi  s1, 12
core   0: 3 0x800074ac (0x88b1) x 9 0x00000000
core   0: 0x800074ae (0x0000cf9d) c.beqz  a5, pc + 62
core   0: 3 0x800074ae (0xcf9d)
core   0: 0x800074b0 (0x00008079) c.srli  s0, 30
core   0: 3 0x800074b0 (0x8079) x 8 0x00000003
core   0: 0x800074b2 (0x6fa1ea93) ori     s5, gp, 1786
core   0: 3 0x800074b2 (0x6fa1ea93) x21 0x000006fa
core   0: 0x800074b6 (0x00008295) c.srli  a3, 5
core   0: 3 0x800074b6 (0x8295) x13 0x0000003b
core   0: 0x800074b8 (0x00f633b3) sltu    t2, a2, a5
core   0: 3 0x800074b8 (0x00f633b3) x 7 0x00000001
core   0: 0x800074bc (0x0204ffb3) remu    t6, s1, zero
core   0: 3 0x800074bc (0x0204ffb3) x31 0x00000000
core   0: 0x800074c0 (0x00d26eb3) or      t4, tp, a3
core   0: 3 0x800074c0 (0x00d26eb3) x29 0x80026cff
core   0: 0x800074c4 (0x0000ce05) c.beqz  a2, pc + 56
core   0: 3 0x800074c4 (0xce05)
core   0: 0x800074c6 (0x95fd4613) xori    a2, s10, -1697
core   0: 3 0x800074c6 (0x95fd4613) x12 0xfffff95f
core   0: 0x800074ca (0x000087d1) c.srai  a5, 20
core   0: 3 0x800074ca (0x87d1) x15 0xfffffff8
core   0: 0x800074cc (0x028aedb3) rem     s11, s5, s0
core   0: 3 0x800074cc (0x028aedb3) x27 0x00000001
core   0: 0x800074d0 (0x04bbd163) bge     s7, a1, pc + 66
core   0: 3 0x800074d0 (0x04bbd163)
core   0: 0x800074d4 (0x0016af33) slt     t5, a3, ra
core   0: 3 0x800074d4 (0x0016af33) x30 0x00000000
core   0: 0x800074d8 (0x015273b3) and     t2, tp, s5
core   0: 3 0x800074d8 (0x015273b3) x 7 0x000004e0
core   0: 0x800074dc (0x0ff0000f) fence   iorw,iorw
core   0: 3 0x800074dc (0x0ff0000f)
core   0: 0x800074e0 (0xf9cb8f93) addi    t6, s7, -100
core   0: 3 0x800074e0 (0xf9cb8f93) x31 0xffffff9c
core   0: 0x800074e4 (0x01ee8a63) beq     t4, t5, pc + 20
core   0: 3 0x800074e4 (0x01ee8a63)
core   0: 0x800074e8 (0x02360863) beq     a2, gp, pc + 48
core   0: 3 0x800074e8 (0x02360863)
core   0: 0x800074ec (0xf7d54013) xori    zero, a0, -131
core   0: 3 0x800074ec (0xf7d54013)
core   0: 0x800074f0 (0x1a462e13) slti    t3, a2, 420
core   0: 3 0x800074f0 (0x1a462e13) x28 0x00000001
core   0: 0x800074f4 (0x00008c91) c.sub   s1, a2
core   0: 3 0x800074f4 (0x8c91) x 9 0x000006a1
core   0: 0x800074f6 (0x00008299) c.srli  a3, 6
core   0: 3 0x800074f6 (0x8299) x13 0x00000000
core   0: 0x800074f8 (0x030b6bb3) rem     s7, s6, a6
core   0: 3 0x800074f8 (0x030b6bb3) x23 0xff9273c2
core   0: 0x800074fc (0x008fc663) blt     t6, s0, pc + 12
core   0: 3 0x800074fc (0x008fc663)
core   0: 0x80007508 (0x025244b3) div     s1, tp, t0
core   0: 3 0x80007508 (0x025244b3) x 9 0x00000000
core   0: 0x8000750c (0x4108d313) srai    t1, a7, 16
core   0: 3 0x8000750c (0x4108d313) x 6 0xffffffff
core   0: 0x80007510 (0x0000840d) c.srai  s0, 3
core   0: 3 0x80007510 (0x840d) x 8 0x00000000
core   0: 0x80007512 (0x02df4333) div     t1, t5, a3
core   0: 3 0x80007512 (0x02df4333) x 6 0xffffffff
core   0: 0x80007516 (0x00008e51) c.or    a2, a2
core   0: 3 0x80007516 (0x8e51) x12 0xfffff95f
core   0: 0x80007518 (0x007d67b3) or      a5, s10, t2
core   0: 3 0x80007518 (0x007d67b3) x15 0x000004e0
core   0: 0x8000751c (0x000019fd) c.addi  s3, -1
core   0: 3 0x8000751c (0x19fd) x19 0x00000000
core   0: 0x8000751e (0x00008d29) c.xor   a0, a0
core   0: 3 0x8000751e (0x8d29) x10 0x00000000
core   0: 0x80007520 (0x03c54fb3) div     t6, a0, t3
core   0: 3 0x80007520 (0x03c54fb3) x31 0x00000000
core   0: 0x80007524 (0x00008585) c.srai  a1, 1
core   0: 3 0x80007524 (0x8585) x11 0x04d9ee00
core   0: 0x80007526 (0x00008dc1) c.or    a1, s0
core   0: 3 0x80007526 (0x8dc1) x11 0x04d9ee00
core   0: 0x80007528 (0x012d5633) srl     a2, s10, s2
core   0: 3 0x80007528 (0x012d5633) x12 0x00000000
core   0: 0x8000752c (0x026d9063) bne     s11, t1, pc + 32
core   0: 3 0x8000752c (0x026d9063)
core   0: 0x8000754c (0xbbba6613) ori     a2, s4, -1093
core   0: 3 0x8000754c (0xbbba6613) x12 0xfffffbbb
core   0: 0x80007550 (0x00000b6a) c.slli  s6, 26
core   0: 3 0x80007550 (0x0b6a) x22 0x08000000
core   0: 0x80007552 (0x53f23b93) sltiu   s7, tp, 1343
core   0: 3 0x80007552 (0x53f23b93) x23 0x00000000
core   0: 0x80007556 (0x41165513) srai    a0, a2, 17
core   0: 3 0x80007556 (0x41165513) x10 0xffffffff
core   0: 0x8000755a (0x03a30833) mul     a6, t1, s10
core   0: 3 0x8000755a (0x03a30833) x16 0x00000000
core   0: 0x8000755e (0x00004a41) c.li    s4, 16
core   0: 3 0x8000755e (0x4a41) x20 0x00000010
core   0: 0x80007560 (0x00008f7d) c.and   a4, a5
core   0: 3 0x80007560 (0x8f7d) x14 0x00000060
core   0: 0x80007562 (0x000095ea) c.add   a1, s10
core   0: 3 0x80007562 (0x95ea) x11 0x04d9ee00
core   0: 0x80007564 (0x00c517b3) sll     a5, a0, a2
core   0: 3 0x80007564 (0x00c517b3) x15 0xf8000000
core   0: 0x80007568 (0x002d4633) xor     a2, s10, sp
core   0: 3 0x80007568 (0x002d4633) x12 0x0000000c
core   0: 0x8000756c (0x027dfe33) remu    t3, s11, t2
core   0: 3 0x8000756c (0x027dfe33) x28 0x00000001
core   0: 0x80007570 (0x00008bf9) c.andi  a5, 30
core   0: 3 0x80007570 (0x8bf9) x15 0x00000000
core   0: 0x80007572 (0x01d667b3) or      a5, a2, t4
core   0: 3 0x80007572 (0x01d667b3) x15 0x80026cff
core   0: 0x80007576 (0x01a471b3) and     gp, s0, s10
core   0: 3 0x80007576 (0x01a471b3) x 3 0x00000000
core   0: 0x8000757a (0x01974533) xor     a0, a4, s9
core   0: 3 0x8000757a (0x01974533) x10 0x00000060
core   0: 0x8000757e (0x000089a6) c.mv    s3, s1
core   0: 3 0x8000757e (0x89a6) x19 0x00000000
core   0: 0x80007580 (0x0241a6b3) mulhsu  a3, gp, tp
core   0: 3 0x80007580 (0x0241a6b3) x13 0x00000000
core   0: 0x80007584 (0x02b09a33) mulh    s4, ra, a1
core   0: 3 0x80007584 (0x02b09a33) x20 0xfd9314c4
core   0: 0x80007588 (0x000098da) c.add   a7, s6
core   0: 3 0x80007588 (0x98da) x17 0x07ffffff
core   0: 0x8000758a (0x03b71663) bne     a4, s11, pc + 44
core   0: 3 0x8000758a (0x03b71663)
core   0: 0x800075b6 (0x0000cb91) c.beqz  a5, pc + 20
core   0: 3 0x800075b6 (0xcb91)
core   0: 0x800075b8 (0x156a0a37) lui     s4, 0x156a0
core   0: 3 0x800075b8 (0x156a0a37) x20 0x156a0000
core   0: 0x800075bc (0x00e08533) add     a0, ra, a4
core   0: 3 0x800075bc (0x00e08533) x10 0x80026d57
core   0: 0x800075c0 (0x02acbb33) mulhu   s6, s9, a0
core   0: 3 0x800075c0 (0x02acbb33) x22 0x00000000
core   0: 0x800075c4 (0x40155793) srai    a5, a0, 1
core   0: 3 0x800075c4 (0x40155793) x15 0xc00136ab
core   0: 0x800075c8 (0x00008f25) c.xor   a4, s1
core   0: 3 0x800075c8 (0x8f25) x14 0x00000060
core   0: 0x800075ca (0x007c1613) slli    a2, s8, 7
core   0: 3 0x800075ca (0x007c1613) x12 0x66666600
core   0: 0x800075ce (0x03294063) blt     s2, s2, pc + 32
core   0: 3 0x800075ce (0x03294063)
core   0: 0x800075d2 (0x02e1c033) div     zero, gp, a4
core   0: 3 0x800075d2 (0x02e1c033)
core   0: 0x800075d6 (0x014adf33) srl     t5, s5, s4
core   0: 3 0x800075d6 (0x014adf33) x30 0x000006fa
core   0: 0x800075da (0x03b2d263) bge     t0, s11, pc + 36
core   0: 3 0x800075da (0x03b2d263)
core   0: 0x800075de (0x02771463) bne     a4, t2, pc + 40
core   0: 3 0x800075de (0x02771463)
core   0: 0x80007606 (0x0396edb7) lui     s11, 0x396e
core   0: 3 0x80007606 (0x0396edb7) x27 0x0396e000
core   0: 0x8000760a (0x0042ac83) lw      s9, 4(t0)
core   0: 3 0x8000760a (0x0042ac83) x25 0x80009fe8 mem 0x80022e14
core   0: 0x8000760e (0x02b85433) divu    s0, a6, a1
core   0: 3 0x8000760e (0x02b85433) x 8 0x00000000
core   0: 0x80007612 (0x000001d9) c.addi  gp, 22
core   0: 3 0x80007612 (0x01d9) x 3 0x00000016
core   0: 0x80007614 (0x04028293) addi    t0, t0, 64
core   0: 3 0x80007614 (0x04028293) x 5 0x80022e50
core   0: 0x80007618 (0x40b35b13) srai    s6, t1, 11
core   0: 3 0x80007618 (0x40b35b13) x22 0xffffffff
core   0: 0x8000761c (0xcbc12f93) slti    t6, sp, -836
core   0: 3 0x8000761c (0xcbc12f93) x31 0x00000000
core   0: 0x80007620 (0x000c8893) mv      a7, s9
core   0: 3 0x80007620 (0x000c8893) x17 0x80009fe8
core   0: 0x80007624 (0x00008882) c.jr    a7
core   0: 3 0x80007624 (0x8882)
core   0: 0x80009fe8 (0x0000c109) c.beqz  a0, pc + 2
core   0: 3 0x80009fe8 (0xc109)
core   0: 0x80009fea (0x0000100f) fence.i
core   0: 3 0x80009fea (0x0000100f)
core   0: 0x80009fee (0x00008d5d) c.or    a0, a5
core   0: 3 0x80009fee (0x8d5d) x10 0xc0037fff
core   0: 0x80009ff0 (0x00005f7d) c.li    t5, -1
core   0: 3 0x80009ff0 (0x5f7d) x30 0xffffffff
core   0: 0x80009ff2 (0xa43795b7) lui     a1, 0xa4379
core   0: 3 0x80009ff2 (0xa43795b7) x11 0xa4379000
core   0: 0x80009ff6 (0x02218263) beq     gp, sp, pc + 36
core   0: 3 0x80009ff6 (0x02218263)
core   0: 0x80009ffa (0x01b659b3) srl     s3, a2, s11
core   0: 3 0x80009ffa (0x01b659b3) x19 0x66666600
core   0: 0x80009ffe (0x0000c58d) c.beqz  a1, pc + 42
core   0: 3 0x80009ffe (0xc58d)
core   0: 0x8000a000 (0x015dd693) srli    a3, s11, 21
core   0: 3 0x8000a000 (0x015dd693) x13 0x0000001c
core   0: 0x8000a004 (0x00a00f63) beq     zero, a0, pc + 30
core   0: 3 0x8000a004 (0x00a00f63)
core   0: 0x8000a008 (0x40bd8bb3) sub     s7, s11, a1
core   0: 3 0x8000a008 (0x40bd8bb3) x23 0x5f5f5000
core   0: 0x8000a00c (0x000357b3) srl     a5, t1, zero
core   0: 3 0x8000a00c (0x000357b3) x15 0xffffffff
core   0: 0x8000a010 (0x00f8b433) sltu    s0, a7, a5
core   0: 3 0x8000a010 (0x00f8b433) x 8 0x00000001
core   0: 0x8000a014 (0x0000860d) c.srai  a2, 3
core   0: 3 0x8000a014 (0x860d) x12 0x0cccccc0
core   0: 0x8000a016 (0x00545cb3) srl     s9, s0, t0
core   0: 3 0x8000a016 (0x00545cb3) x25 0x00000000
core   0: 0x8000a01a (0x00008e8d) c.sub   a3, a1
core   0: 3 0x8000a01a (0x8e8d) x13 0x5bc8701c
core   0: 0x8000a01c (0x00007963) bgeu    zero, zero, pc + 18
core   0: 3 0x8000a01c (0x00007963)
core   0: 0x8000a02e (0x0000e79d) c.bnez  a5, pc + 46
core   0: 3 0x8000a02e (0xe79d)
core   0: 0x8000a05c (0x52e60b13) addi    s6, a2, 1326
core   0: 3 0x8000a05c (0x52e60b13) x22 0x0cccd1ee
core   0: 0x8000a060 (0x00000691) c.addi  a3, 4
core   0: 3 0x8000a060 (0x0691) x13 0x5bc87020
core   0: 0x8000a062 (0x008f26b3) slt     a3, t5, s0
core   0: 3 0x8000a062 (0x008f26b3) x13 0x00000001
core   0: 0x8000a066 (0x03dd45b3) div     a1, s10, t4
core   0: 3 0x8000a066 (0x03dd45b3) x11 0x00000000
core   0: 0x8000a06a (0x0042ac83) lw      s9, 4(t0)
core   0: 3 0x8000a06a (0x0042ac83) x25 0x80009c18 mem 0x80022e54
core   0: 0x8000a06e (0x03b8c433) div     s0, a7, s11
core   0: 3 0x8000a06e (0x03b8c433) x 8 0xffffffdd
core   0: 0x8000a072 (0x000002a1) c.addi  t0, 8
core   0: 3 0x8000a072 (0x02a1) x 5 0x80022e58
core   0: 0x8000a074 (0x03a81f33) mulh    t5, a6, s10
core   0: 3 0x8000a074 (0x03a81f33) x30 0x00000000
core   0: 0x8000a078 (0x00000c85) c.addi  s9, 1
core   0: 3 0x8000a078 (0x0c85) x25 0x80009c19
core   0: 0x8000a07a (0x00009c82) c.jalr  s9
core   0: 3 0x8000a07a (0x9c82) x 1 0x8000a07c
core   0: 0x80009c18 (0xffffbc17) auipc   s8, 0xffffb
core   0: 3 0x80009c18 (0xffffbc17) x24 0x80004c18
core   0: 0x80009c1c (0x62ec0c13) addi    s8, s8, 1582
core   0: 3 0x80009c1c (0x62ec0c13) x24 0x80005246
core   0: 0x80009c20 (0x02e7bcb3) mulhu   s9, a5, a4
core   0: 3 0x80009c20 (0x02e7bcb3) x25 0x0000005f
core   0: 0x80009c24 (0x11bc0c13) addi    s8, s8, 283
core   0: 3 0x80009c24 (0x11bc0c13) x24 0x80005361
core   0: 0x80009c28 (0x00004b39) c.li    s6, 14
core   0: 3 0x80009c28 (0x4b39) x22 0x0000000e
core   0: 0x80009c2a (0x15ad7d93) andi    s11, s10, 346
core   0: 3 0x80009c2a (0x15ad7d93) x27 0x00000000
core   0: 0x80009c2e (0x00000001) c.nop
core   0: 3 0x80009c2e (0x0001)
core   0: 0x80009c30 (0x03ca2533) mulhsu  a0, s4, t3
core   0: 3 0x80009c30 (0x03ca2533) x10 0x00000000
core   0: 0x80009c34 (0x0000987d) c.andi  s0, -1
core   0: 3 0x80009c34 (0x987d) x 8 0xffffffdd
core   0: 0x80009c36 (0xee5c0ce7) jalr    s9, s8, -283
core   0: 3 0x80009c36 (0xee5c0ce7) x25 0x80009c3a
core   0: 0x80005246 (0xfdc28293) addi    t0, t0, -36
core   0: 3 0x80005246 (0xfdc28293) x 5 0x80022e34
core   0: 0x8000524a (0x000096ce) c.add   a3, s3
core   0: 3 0x8000524a (0x96ce) x13 0x66666601
core   0: 0x8000524c (0x0192a223) sw      s9, 4(t0)
core   0: 3 0x8000524c (0x0192a223) mem 0x80022e38 0x80009c3a
core   0: 0x80005250 (0x00c523b3) slt     t2, a0, a2
core   0: 3 0x80005250 (0x00c523b3) x 7 0x00000001
core   0: 0x80005254 (0x012f0b33) add     s6, t5, s2
core   0: 3 0x80005254 (0x012f0b33) x22 0x7fffffff
core   0: 0x80005258 (0x0134dd93) srli    s11, s1, 19
core   0: 3 0x80005258 (0x0134dd93) x27 0x00000000
core   0: 0x8000525c (0x00009c36) c.add   s8, a3
core   0: 3 0x8000525c (0x9c36) x24 0xe666b962
core   0: 0x8000525e (0x0000a817) auipc   a6, 0xa
core   0: 3 0x8000525e (0x0000a817) x16 0x8000f25e
core   0: 0x80005262 (0x86280813) addi    a6, a6, -1950
core   0: 3 0x80005262 (0x86280813) x16 0x8000eac0
core   0: 0x80005266 (0xff082e03) lw      t3, -16(a6)
core   0: 3 0x80005266 (0xff082e03) x28 0x8d3bd7f6 mem 0x8000eab0
core   0: 0x8000526a (0x41f188b3) sub     a7, gp, t6
core   0: 3 0x8000526a (0x41f188b3) x17 0x00000016
core   0: 0x8000526e (0xff984703) lbu     a4, -7(a6)
core   0: 3 0x8000526e (0xff984703) x14 0x000000bf mem 0x8000eab9
core   0: 0x80005272 (0x40718bb3) sub     s7, gp, t2
core   0: 3 0x80005272 (0x40718bb3) x23 0x00000015
core   0: 0x80005276 (0xff482583) lw      a1, -12(a6)
core   0: 3 0x80005276 (0xff482583) x11 0xf36c5dba mem 0x8000eab4
core   0: 0x8000527a (0x004d7e33) and     t3, s10, tp
core   0: 3 0x8000527a (0x004d7e33) x28 0x00000000
core   0: 0x8000527e (0x01681623) sh      s6, 12(a6)
core   0: 3 0x8000527e (0x01681623) mem 0x8000eacc 0xffff
core   0: 0x80005282 (0xff481b83) lh      s7, -12(a6)
core   0: 3 0x80005282 (0xff481b83) x23 0x00005dba mem 0x8000eab4
core   0: 0x80005286 (0x00f82623) sw      a5, 12(a6)
core   0: 3 0x80005286 (0x00f82623) mem 0x8000eacc 0xffffffff
core   0: 0x8000528a (0xfe280823) sb      sp, -16(a6)
core   0: 3 0x8000528a (0xfe280823) mem 0x8000eab0 0xc
core   0: 0x8000528e (0x2bd4e613) ori     a2, s1, 701
core   0: 3 0x8000528e (0x2bd4e613) x12 0x000002bd
core   0: 0x80005292 (0x00008e95) c.sub   a3, a3
core   0: 3 0x80005292 (0x8e95) x13 0x00000000
core   0: 0x80005294 (0x009800a3) sb      s1, 1(a6)
core   0: 3 0x80005294 (0x009800a3) mem 0x8000eac1 0x0
core   0: 0x80005298 (0x12eecd13) xori    s10, t4, 302
core   0: 3 0x80005298 (0x12eecd13) x26 0x80026dd1
core   0: 0x8000529c (0xff580e83) lb      t4, -11(a6)
core   0: 3 0x8000529c (0xff580e83) x29 0x0000005d mem 0x8000eab5
core   0: 0x800052a0 (0x00008f55) c.or    a4, a3
core   0: 3 0x800052a0 (0x8f55) x14 0x000000bf
core   0: 0x800052a2 (0x00584f03) lbu     t5, 5(a6)
core   0: 3 0x800052a2 (0x00584f03) x30 0x000000bf mem 0x8000eac5
core   0: 0x800052a6 (0x000804a3) sb      zero, 9(a6)
core   0: 3 0x800052a6 (0x000804a3) mem 0x8000eac9 0x0
core   0: 0x800052aa (0xffd84083) lbu     ra, -3(a6)
core   0: 3 0x800052aa (0xffd84083) x 1 0x00000034 mem 0x8000eabd
core   0: 0x800052ae (0x411b8bb3) sub     s7, s7, a7
core   0: 3 0x800052ae (0x411b8bb3) x23 0x00005da4
core   0: 0x800052b2 (0xff482783) lw      a5, -12(a6)
core   0: 3 0x800052b2 (0xff482783) x15 0xf36c5dba mem 0x8000eab4
core   0: 0x800052b6 (0xff084c83) lbu     s9, -16(a6)
core   0: 3 0x800052b6 (0xff084c83) x25 0x0000000c mem 0x8000eab0
core   0: 0x800052ba (0xffe81f03) lh      t5, -2(a6)
core   0: 3 0x800052ba (0xffe81f03) x30 0x00003b47 mem 0x8000eabe
core   0: 0x800052be (0x00009fa6) c.add   t6, s1
core   0: 3 0x800052be (0x9fa6) x31 0x00000000
core   0: 0x800052c0 (0xff980d03) lb      s10, -7(a6)
core   0: 3 0x800052c0 (0xff980d03) x26 0xffffffbf mem 0x8000eab9
core   0: 0x800052c4 (0x00f84083) lbu     ra, 15(a6)
core   0: 3 0x800052c4 (0x00f84083) x 1 0x000000ff mem 0x8000eacf
core   0: 0x800052c8 (0x018801a3) sb      s8, 3(a6)
core   0: 3 0x800052c8 (0x018801a3) mem 0x8000eac3 0x62
core   0: 0x800052cc (0x01a801a3) sb      s10, 3(a6)
core   0: 3 0x800052cc (0x01a801a3) mem 0x8000eac3 0xbf
core   0: 0x800052d0 (0x009803a3) sb      s1, 7(a6)
core   0: 3 0x800052d0 (0x009803a3) mem 0x8000eac7 0x0
core   0: 0x800052d4 (0x00184683) lbu     a3, 1(a6)
core   0: 3 0x800052d4 (0x00184683) x13 0x00000000 mem 0x8000eac1
core   0: 0x800052d8 (0xfff80903) lb      s2, -1(a6)
core   0: 3 0x800052d8 (0xfff80903) x18 0x0000003b mem 0x8000eabf
core   0: 0x800052dc (0x00183933) sltu    s2, a6, ra
core   0: 3 0x800052dc (0x00183933) x18 0x00000000
core   0: 0x800052e0 (0xff980903) lb      s2, -7(a6)
core   0: 3 0x800052e0 (0xff980903) x18 0xffffffbf mem 0x8000eab9
core   0: 0x800052e4 (0x000098fd) c.andi  s1, -1
core   0: 3 0x800052e4 (0x98fd) x 9 0x00000000
core   0: 0x800052e6 (0x00781223) sh      t2, 4(a6)
core   0: 3 0x800052e6 (0x00781223) mem 0x8000eac4 0x0001
core   0: 0x800052ea (0x00984003) lbu     zero, 9(a6)
core   0: 3 0x800052ea (0x00984003) mem 0x8000eac9
core   0: 0x800052ee (0xfeb80b23) sb      a1, -10(a6)
core   0: 3 0x800052ee (0xfeb80b23) mem 0x8000eab6 0xba
core   0: 0x800052f2 (0x00008e17) auipc   t3, 0x8
core   0: 3 0x800052f2 (0x00008e17) x28 0x8000d2f2
core   0: 0x800052f6 (0x438e0e13) addi    t3, t3, 1080
core   0: 3 0x800052f6 (0x438e0e13) x28 0x8000d72a
core   0: 0x800052fa (0xe3ce1c23) sh      t3, -456(t3)
core   0: 3 0x800052fa (0xe3ce1c23) mem 0x8000d562 0xd72a
core   0: 0x800052fe (0xb3fe0fa3) sb      t6, -1217(t3)
core   0: 3 0x800052fe (0xb3fe0fa3) mem 0x8000d269 0x0
core   0: 0x80005302 (0xa2602f93) slti    t6, zero, -1498
core   0: 3 0x80005302 (0xa2602f93) x31 0x00000000
core   0: 0x80005306 (0xee65c913) xori    s2, a1, -282
core   0: 3 0x80005306 (0xee65c913) x18 0x0c93a35c
core   0: 0x8000530a (0x4d6e0ba3) sb      s6, 1239(t3)
core   0: 3 0x8000530a (0x4d6e0ba3) mem 0x8000dc01 0xff
core   0: 0x8000530e (0x41de0983) lb      s3, 1053(t3)
core   0: 3 0x8000530e (0x41de0983) x19 0xffffff83 mem 0x8000db47
core   0: 0x80005312 (0x00000001) c.nop
core   0: 3 0x80005312 (0x0001)
core   0: 0x80005314 (0x00874a33) xor     s4, a4, s0
core   0: 3 0x80005314 (0x00874a33) x20 0xffffff62
core   0: 0x80005318 (0xf05e0603) lb      a2, -251(t3)
core   0: 3 0x80005318 (0xf05e0603) x12 0x00000036 mem 0x8000d62f
core   0: 0x8000531c (0xa02e05a3) sb      sp, -1525(t3)
core   0: 3 0x8000531c (0xa02e05a3) mem 0x8000d135 0xc
core   0: 0x80005320 (0x09ee4e83) lbu     t4, 158(t3)
core   0: 3 0x80005320 (0x09ee4e83) x29 0x00000094 mem 0x8000d7c8
core   0: 0x80005324 (0x022a2a33) mulhsu  s4, s4, sp
core   0: 3 0x80005324 (0x022a2a33) x20 0xffffffff
core   0: 0x80005328 (0x113e0a83) lb      s5, 275(t3)
core   0: 3 0x80005328 (0x113e0a83) x21 0xffffff90 mem 0x8000d83d
core   0: 0x8000532c (0xa85e0003) lb      zero, -1403(t3)
core   0: 3 0x8000532c (0xa85e0003) mem 0x8000d1af
core   0: 0x80005330 (0x405fdbb3) sra     s7, t6, t0
core   0: 3 0x80005330 (0x405fdbb3) x23 0x00000000
core   0: 0x80005334 (0x41f95c93) srai    s9, s2, 31
core   0: 3 0x80005334 (0x41f95c93) x25 0x00000000
core   0: 0x80005338 (0xe5ce0683) lb      a3, -420(t3)
core   0: 3 0x80005338 (0xe5ce0683) x13 0x00000078 mem 0x8000d586
core   0: 0x8000533c (0xd97e4783) lbu     a5, -617(t3)
core   0: 3 0x8000533c (0xd97e4783) x15 0x000000b9 mem 0x8000d4c1
core   0: 0x80005340 (0x00000001) c.nop
core   0: 3 0x80005340 (0x0001)
core   0: 0x80005342 (0x4cbe0aa3) sb      a1, 1237(t3)
core   0: 3 0x80005342 (0x4cbe0aa3) mem 0x8000dbff 0xba
core   0: 0x80005346 (0x6a5fa593) slti    a1, t6, 1701
core   0: 3 0x80005346 (0x6a5fa593) x11 0x00000001
core   0: 0x8000534a (0xabae0a03) lb      s4, -1350(t3)
core   0: 3 0x8000534a (0xabae0a03) x20 0x00000042 mem 0x8000d1e4
core   0: 0x8000534e (0xd50e4503) lbu     a0, -688(t3)
core   0: 3 0x8000534e (0xd50e4503) x10 0x00000067 mem 0x8000d47a
core   0: 0x80005352 (0x216e1823) sh      s6, 528(t3)
core   0: 3 0x80005352 (0x216e1823) mem 0x8000d93a 0xffff
core   0: 0x80005356 (0x00008729) c.srai  a4, 10
core   0: 3 0x80005356 (0x8729) x14 0x00000000
core   0: 0x80005358 (0x44be0e83) lb      t4, 1099(t3)
core   0: 3 0x80005358 (0x44be0e83) x29 0xffffff86 mem 0x8000db75
core   0: 0x8000535c (0x524e5b83) lhu     s7, 1316(t3)
core   0: 3 0x8000535c (0x524e5b83) x23 0x000002e3 mem 0x8000dc4e
core   0: 0x80005360 (0x0b8e1003) lh      zero, 184(t3)
core   0: 3 0x80005360 (0x0b8e1003) mem 0x8000d7e2
core   0: 0x80005364 (0x00008db1) c.xor   a1, a2
core   0: 3 0x80005364 (0x8db1) x11 0x00000037
core   0: 0x80005366 (0x084e2d23) sw      tp, 154(t3)
core   0: 3 0x80005366 (0x084e2d23) mem 0x8000d7c4 0x80026ce4
core   0: 0x8000536a (0xa04e4d03) lbu     s10, -1532(t3)
core   0: 3 0x8000536a (0xa04e4d03) x26 0x000000d6 mem 0x8000d12e
core   0: 0x8000536e (0x0023e633) or      a2, t2, sp
core   0: 3 0x8000536e (0x0023e633) x12 0x0000000d
core   0: 0x80005372 (0xf0de03a3) sb      a3, -249(t3)
core   0: 3 0x80005372 (0xf0de03a3) mem 0x8000d631 0x78
core   0: 0x80005376 (0x6b0e1223) sh      a6, 1700(t3)
core   0: 3 0x80005376 (0x6b0e1223) mem 0x8000ddce 0xeac0
core   0: 0x8000537a (0x5a4e1e83) lh      t4, 1444(t3)
core   0: 3 0x8000537a (0x5a4e1e83) x29 0xfffff7e6 mem 0x8000dcce
core   0: 0x8000537e (0x73be0123) sb      s11, 1826(t3)
core   0: 3 0x8000537e (0x73be0123) mem 0x8000de4c 0x0
core   0: 0x80005382 (0x4cbe4603) lbu     a2, 1227(t3)
core   0: 3 0x80005382 (0x4cbe4603) x12 0x00000019 mem 0x8000dbf5
core   0: 0x80005386 (0xe22e5b83) lhu     s7, -478(t3)
core   0: 3 0x80005386 (0xe22e5b83) x23 0x00004a21 mem 0x8000d54c
core   0: 0x8000538a (0x9a9e4303) lbu     t1, -1623(t3)
core   0: 3 0x8000538a (0x9a9e4303) x 6 0x00000010 mem 0x8000d0d3
core   0: 0x8000538e (0x00008fc1) c.or    a5, s0
core   0: 3 0x8000538e (0x8fc1) x15 0xfffffffd
core   0: 0x80005390 (0x177e0583) lb      a1, 375(t3)
core   0: 3 0x80005390 (0x177e0583) x11 0x00000044 mem 0x8000d8a1
core   0: 0x80005394 (0x114e4883) lbu     a7, 276(t3)
core   0: 3 0x80005394 (0x114e4883) x17 0x00000076 mem 0x8000d83e
core   0: 0x80005398 (0xfbfe06a3) sb      t6, -83(t3)
core   0: 3 0x80005398 (0xfbfe06a3) mem 0x8000d6d7 0x0
core   0: 0x8000539c (0x00014d97) auipc   s11, 0x14
core   0: 3 0x8000539c (0x00014d97) x27 0x8001939c
core   0: 0x800053a0 (0x92dd8d93) addi    s11, s11, -1747
core   0: 3 0x800053a0 (0x92dd8d93) x27 0x80018cc9
core   0: 0x800053a4 (0x01b8cd33) xor     s10, a7, s11
core   0: 3 0x800053a4 (0x01b8cd33) x26 0x80018cbf
core   0: 0x800053a8 (0x15bda183) lw      gp, 347(s11)
core   0: 3 0x800053a8 (0x15bda183) x 3 0x1b054a1f mem 0x80018e24
core   0: 0x800053ac (0x036179b3) remu    s3, sp, s6
core   0: 3 0x800053ac (0x036179b3) x19 0x0000000c
core   0: 0x800053b0 (0x9e7d9083) lh      ra, -1561(s11)
core   0: 3 0x800053b0 (0x9e7d9083) x 1 0xffff990c mem 0x800186b0
core   0: 0x800053b4 (0x00ff2933) slt     s2, t5, a5
core   0: 3 0x800053b4 (0x00ff2933) x18 0x00000000
core   0: 0x800053b8 (0x0247b1b3) mulhu   gp, a5, tp
core   0: 3 0x800053b8 (0x0247b1b3) x 3 0x80026ce2
core   0: 0x800053bc (0x7f5d8f23) sb      s5, 2046(s11)
core   0: 3 0x800053bc (0x7f5d8f23) mem 0x800194c7 0x90
core   0: 0x800053c0 (0x316dc483) lbu     s1, 790(s11)
core   0: 3 0x800053c0 (0x316dc483) x 9 0x0000004f mem 0x80018fdf
core   0: 0x800053c4 (0x111d8623) sb      a7, 268(s11)
core   0: 3 0x800053c4 (0x111d8623) mem 0x80018dd5 0x76
core   0: 0x800053c8 (0x918d8c03) lb      s8, -1768(s11)
core   0: 3 0x800053c8 (0x918d8c03) x24 0xffffffd5 mem 0x800185e1
core   0: 0x800053cc (0xae7d90a3) sh      t2, -1311(s11)
core   0: 3 0x800053cc (0xae7d90a3) mem 0x800187aa 0x0001
core   0: 0x800053d0 (0xfe1d85a3) sb      ra, -21(s11)
core   0: 3 0x800053d0 (0xfe1d85a3) mem 0x80018cb4 0xc
core   0: 0x800053d4 (0x00008e25) c.xor   a2, s1
core   0: 3 0x800053d4 (0x8e25) x12 0x00000056
core   0: 0x800053d6 (0x00008d05) c.sub   a0, s1
core   0: 3 0x800053d6 (0x8d05) x10 0x00000018
core   0: 0x800053d8 (0x44ad8923) sb      a0, 1106(s11)
core   0: 3 0x800053d8 (0x44ad8923) mem 0x8001911b 0x18
core   0: 0x800053dc (0x02966eb3) rem     t4, a2, s1
core   0: 3 0x800053dc (0x02966eb3) x29 0x00000007
core   0: 0x800053e0 (0x01eb9893) slli    a7, s7, 30
core   0: 3 0x800053e0 (0x01eb9893) x17 0x40000000
core   0: 0x800053e4 (0xadbdd983) lhu     s3, -1317(s11)
core   0: 3 0x800053e4 (0xadbdd983) x19 0x0000ad7c mem 0x800187a4
core   0: 0x800053e8 (0x0fda4613) xori    a2, s4, 253
core   0: 3 0x800053e8 (0x0fda4613) x12 0x000000bf
core   0: 0x800053ec (0x471dd583) lhu     a1, 1137(s11)
core   0: 3 0x800053ec (0x471dd583) x11 0x00008cfb mem 0x8001913a
core   0: 0x800053f0 (0xd655a717) auipc   a4, 0xd655a
core   0: 3 0x800053f0 (0xd655a717) x14 0x5655f3f0
core   0: 0x800053f4 (0x000084fe) c.mv    s1, t6
core   0: 3 0x800053f4 (0x84fe) x 9 0x00000000
core   0: 0x800053f6 (0x52fd8083) lb      ra, 1327(s11)
core   0: 3 0x800053f6 (0x52fd8083) x 1 0xfffffff9 mem 0x800191f8
core   0: 0x800053fa (0xc91d9903) lh      s2, -879(s11)
core   0: 3 0x800053fa (0xc91d9903) x18 0xffffe7a4 mem 0x8001895a
core   0: 0x800053fe (0x5be16c93) ori     s9, sp, 1470
core   0: 3 0x800053fe (0x5be16c93) x25 0x000005be
core   0: 0x80005402 (0x413786b3) sub     a3, a5, s3
core   0: 3 0x80005402 (0x413786b3) x13 0xffff5281
core   0: 0x80005406 (0x00d0ceb3) xor     t4, ra, a3
core   0: 3 0x80005406 (0x00d0ceb3) x29 0x0000ad78
core   0: 0x8000540a (0x00000a69) c.addi  s4, 26
core   0: 3 0x8000540a (0x0a69) x20 0x0000005c
core   0: 0x8000540c (0x02ec3733) mulhu   a4, s8, a4
core   0: 3 0x8000540c (0x02ec3733) x14 0x5655f3e1
core   0: 0x80005410 (0x00173a33) sltu    s4, a4, ra
core   0: 3 0x80005410 (0x00173a33) x20 0x00000001
core   0: 0x80005414 (0x780dcd03) lbu     s10, 1920(s11)
core   0: 3 0x80005414 (0x780dcd03) x26 0x000000c4 mem 0x80019449
core   0: 0x80005418 (0x40115a13) srai    s4, sp, 1
core   0: 3 0x80005418 (0x40115a13) x20 0x00000006
core   0: 0x8000541c (0xb4fdd003) lhu     zero, -1201(s11)
core   0: 3 0x8000541c (0xb4fdd003) mem 0x80018818
core   0: 0x80005420 (0x0ff0000f) fence   iorw,iorw
core   0: 3 0x80005420 (0x0ff0000f)
core   0: 0x80005424 (0x79fd8c23) sb      t6, 1944(s11)
core   0: 3 0x80005424 (0x79fd8c23) mem 0x80019461 0x0
core   0: 0x80005428 (0x247dac83) lw      s9, 583(s11)
core   0: 3 0x80005428 (0x247dac83) x25 0x18eaa82f mem 0x80018f10
core   0: 0x8000542c (0x00008fb9) c.xor   a5, a4
core   0: 3 0x8000542c (0x8fb9) x15 0xa9aa0c1c
core   0: 0x8000542e (0xdd9dc983) lbu     s3, -551(s11)
core   0: 3 0x8000542e (0xdd9dc983) x19 0x0000009b mem 0x80018aa2
core   0: 0x80005432 (0x101dd003) lhu     zero, 257(s11)
core   0: 3 0x80005432 (0x101dd003) mem 0x80018dca
core   0: 0x80005436 (0x948d8083) lb      ra, -1720(s11)
core   0: 3 0x80005436 (0x948d8083) x 1 0x0000002f mem 0x80018611
core   0: 0x8000543a (0x0000597d) c.li    s2, -1
core   0: 3 0x8000543a (0x597d) x18 0xffffffff
core   0: 0x8000543c (0xdead8aa3) sb      a0, -523(s11)
core   0: 3 0x8000543c (0xdead8aa3) mem 0x80018abe 0x18
core   0: 0x80005440 (0x02a25433) divu    s0, tp, a0
core   0: 3 0x80005440 (0x02a25433) x 8 0x05556f34
core   0: 0x80005444 (0x343d8883) lb      a7, 835(s11)
core   0: 3 0x80005444 (0x343d8883) x17 0xffffffad mem 0x8001900c
core   0: 0x80005448 (0x9eedc903) lbu     s2, -1554(s11)
core   0: 3 0x80005448 (0x9eedc903) x18 0x000000f9 mem 0x800186b7
core   0: 0x8000544c (0x00008617) auipc   a2, 0x8
core   0: 3 0x8000544c (0x00008617) x12 0x8000d44c
core   0: 0x80005450 (0x48b60613) addi    a2, a2, 1163
core   0: 3 0x80005450 (0x48b60613) x12 0x8000d8d7
core   0: 0x80005454 (0x02e61aa3) sh      a4, 53(a2)
core   0: 3 0x80005454 (0x02e61aa3) mem 0x8000d90c 0xf3e1
core   0: 0x80005458 (0x02e64783) lbu     a5, 46(a2)
core   0: 3 0x80005458 (0x02e64783) x15 0x000000b1 mem 0x8000d905
core   0: 0x8000545c (0xfc160e23) sb      ra, -36(a2)
core   0: 3 0x8000545c (0xfc160e23) mem 0x8000d8b3 0x2f
core   0: 0x80005460 (0x000081ed) c.srli  a1, 27
core   0: 3 0x80005460 (0x81ed) x11 0x00000000
core   0: 0x80005462 (0x01778533) add     a0, a5, s7
core   0: 3 0x80005462 (0x01778533) x10 0x00004ad2
core   0: 0x80005466 (0x01b00f33) add     t5, zero, s11
core   0: 3 0x80005466 (0x01b00f33) x30 0x80018cc9
core   0: 0x8000546a (0x00064c83) lbu     s9, 0(a2)
core   0: 3 0x8000546a (0x00064c83) x25 0x00000005 mem 0x8000d8d7
core   0: 0x8000546e (0x02364983) lbu     s3, 35(a2)
core   0: 3 0x8000546e (0x02364983) x19 0x00000095 mem 0x8000d8fa
core   0: 0x80005472 (0x00009a16) c.add   s4, t0
core   0: 3 0x80005472 (0x9a16) x20 0x80022e3a
core   0: 0x80005474 (0x00d60b03) lb      s6, 13(a2)
core   0: 3 0x80005474 (0x00d60b03) x22 0x00000041 mem 0x8000d8e4
core   0: 0x80005478 (0xfe664e03) lbu     t3, -26(a2)
core   0: 3 0x80005478 (0xfe664e03) x28 0x0000004c mem 0x8000d8bd
core   0: 0x8000547c (0xfec60083) lb      ra, -20(a2)
core   0: 3 0x8000547c (0xfec60083) x 1 0xfffffff3 mem 0x8000d8c3
core   0: 0x80005480 (0x00008ded) c.and   a1, a1
core   0: 3 0x80005480 (0x8ded) x11 0x00000000
core   0: 0x80005482 (0x00001d7d) c.addi  s10, -1
core   0: 3 0x80005482 (0x1d7d) x26 0x000000c3
core   0: 0x80005484 (0xfde610a3) sh      t5, -63(a2)
core   0: 3 0x80005484 (0xfde610a3) mem 0x8000d898 0x8cc9
core   0: 0x80005488 (0xff664583) lbu     a1, -10(a2)
core   0: 3 0x80005488 (0xff664583) x11 0x000000a5 mem 0x8000d8cd
core   0: 0x8000548c (0x000096ae) c.add   a3, a1
core   0: 3 0x8000548c (0x96ae) x13 0xffff5326
core   0: 0x8000548e (0x014b1093) slli    ra, s6, 20
core   0: 3 0x8000548e (0x014b1093) x 1 0x04100000
core   0: 0x80005492 (0xfde64783) lbu     a5, -34(a2)
core   0: 3 0x80005492 (0xfde64783) x15 0x000000da mem 0x8000d8b5
core   0: 0x80005496 (0x03864f83) lbu     t6, 56(a2)
core   0: 3 0x80005496 (0x03864f83) x31 0x0000008e mem 0x8000d90f
core   0: 0x8000549a (0x01f65e03) lhu     t3, 31(a2)
core   0: 3 0x8000549a (0x01f65e03) x28 0x00002d12 mem 0x8000d8f6
core   0: 0x8000549e (0xfdf60423) sb      t6, -56(a2)
core   0: 3 0x8000549e (0xfdf60423) mem 0x8000d89f 0x8e
core   0: 0x800054a2 (0x0243fab3) remu    s5, t2, tp
core   0: 3 0x800054a2 (0x0243fab3) x21 0x00000001
core   0: 0x800054a6 (0x0000691d) c.lui   s2, 0x7
core   0: 3 0x800054a6 (0x691d) x18 0x00007000
core   0: 0x800054a8 (0x036cf033) remu    zero, s9, s6
core   0: 3 0x800054a8 (0x036cf033)
core   0: 0x800054ac (0xfea64c83) lbu     s9, -22(a2)
core   0: 3 0x800054ac (0xfea64c83) x25 0x00000033 mem 0x8000d8c1
core   0: 0x800054b0 (0x01cb25b3) slt     a1, s6, t3
core   0: 3 0x800054b0 (0x01cb25b3) x11 0x00000001
core   0: 0x800054b4 (0x00360883) lb      a7, 3(a2)
core   0: 3 0x800054b4 (0x00360883) x17 0x00000076 mem 0x8000d8da
core   0: 0x800054b8 (0x00ea5893) srli    a7, s4, 14
core   0: 3 0x800054b8 (0x00ea5893) x17 0x00020008
core   0: 0x800054bc (0x00e61ca3) sh      a4, 25(a2)
core   0: 3 0x800054bc (0x00e61ca3) mem 0x8000d8f0 0xf3e1
core   0: 0x800054c0 (0x02a60703) lb      a4, 42(a2)
core   0: 3 0x800054c0 (0x02a60703) x14 0xffffffe1 mem 0x8000d901
core   0: 0x800054c4 (0x00008df9) c.and   a1, a4
core   0: 3 0x800054c4 (0x8df9) x11 0x00000001
core   0: 0x800054c6 (0x01b06eb3) or      t4, zero, s11
core   0: 3 0x800054c6 (0x01b06eb3) x29 0x80018cc9
core   0: 0x800054ca (0x00009b7d) c.andi  a4, -1
core   0: 3 0x800054ca (0x9b7d) x14 0xffffffe1
core   0: 0x800054cc (0x01c64883) lbu     a7, 28(a2)
core   0: 3 0x800054cc (0x01c64883) x17 0x000000a3 mem 0x8000d8f3
core   0: 0x800054d0 (0x0000100f) fence.i
core   0: 3 0x800054d0 (0x0000100f)
core   0: 0x800054d4 (0x03760c23) sb      s7, 56(a2)
core   0: 3 0x800054d4 (0x03760c23) mem 0x8000d90f 0x21
core   0: 0x800054d8 (0x00008ee5) c.and   a3, s1
core   0: 3 0x800054d8 (0x8ee5) x13 0x00000000
core   0: 0x800054da (0x02060703) lb      a4, 32(a2)
core   0: 3 0x800054da (0x02060703) x14 0x0000002d mem 0x8000d8f7
core   0: 0x800054de (0x03c601a3) sb      t3, 35(a2)
core   0: 3 0x800054de (0x03c601a3) mem 0x8000d8fa 0x12
core   0: 0x800054e2 (0xfc161ba3) sh      ra, -41(a2)
core   0: 3 0x800054e2 (0xfc161ba3) mem 0x8000d8ae 0x0000
core   0: 0x800054e6 (0x029915b3) mulh    a1, s2, s1
core   0: 3 0x800054e6 (0x029915b3) x11 0x00000000
core   0: 0x800054ea (0x00d62303) lw      t1, 13(a2)
core   0: 3 0x800054ea (0x00d62303) x 6 0x5b126741 mem 0x8000d8e4
core   0: 0x800054ee (0x00000001) c.nop
core   0: 3 0x800054ee (0x0001)
core   0: 0x800054f0 (0x02c60f83) lb      t6, 44(a2)
core   0: 3 0x800054f0 (0x02c60f83) x31 0x0000006f mem 0x8000d903
core   0: 0x800054f4 (0x0200dbb3) divu    s7, ra, zero
core   0: 3 0x800054f4 (0x0200dbb3) x23 0xffffffff
core   0: 0x800054f8 (0x03e64783) lbu     a5, 62(a2)
core   0: 3 0x800054f8 (0x03e64783) x15 0x00000066 mem 0x8000d915
core   0: 0x800054fc (0x02203333) mulhu   t1, zero, sp
core   0: 3 0x800054fc (0x02203333) x 6 0x00000000
core   0: 0x80005500 (0x02061da3) sh      zero, 59(a2)
core   0: 3 0x80005500 (0x02061da3) mem 0x8000d912 0x0000
core   0: 0x80005504 (0x00008fd1) c.or    a5, a2
core   0: 3 0x80005504 (0x8fd1) x15 0x8000d8f7
core   0: 0x80005506 (0x00a60303) lb      t1, 10(a2)
core   0: 3 0x80005506 (0x00a60303) x 6 0x00000077 mem 0x8000d8e1
core   0: 0x8000550a (0x41075b13) srai    s6, a4, 16
core   0: 3 0x8000550a (0x41075b13) x22 0x00000000
core   0: 0x8000550e (0x0000100f) fence.i
core   0: 3 0x8000550e (0x0000100f)
core   0: 0x80005512 (0x015628a3) sw      s5, 17(a2)
core   0: 3 0x80005512 (0x015628a3) mem 0x8000d8e8 0x00000001
core   0: 0x80005516 (0x0000b517) auipc   a0, 0xb
core   0: 3 0x80005516 (0x0000b517) x10 0x80010516
core   0: 0x8000551a (0x4fc50513) addi    a0, a0, 1276
core   0: 3 0x8000551a (0x4fc50513) x10 0x80010a12
core   0: 0x8000551e (0x01554e83) lbu     t4, 21(a0)
core   0: 3 0x8000551e (0x01554e83) x29 0x0000003a mem 0x80010a27
core   0: 0x80005522 (0xfcb504a3) sb      a1, -55(a0)
core   0: 3 0x80005522 (0xfcb504a3) mem 0x800109db 0x0
core   0: 0x80005526 (0x01e54e03) lbu     t3, 30(a0)
core   0: 3 0x80005526 (0x01e54e03) x28 0x000000d7 mem 0x80010a30
core   0: 0x8000552a (0x01acfdb3) and     s11, s9, s10
core   0: 3 0x8000552a (0x01acfdb3) x27 0x00000003
core   0: 0x8000552e (0x01ee9913) slli    s2, t4, 30
core   0: 3 0x8000552e (0x01ee9913) x18 0x80000000
core   0: 0x80005532 (0xfe350423) sb      gp, -24(a0)
core   0: 3 0x80005532 (0xfe350423) mem 0x800109fa 0xe2
core   0: 0x80005536 (0x4103db13) srai    s6, t2, 16
core   0: 3 0x80005536 (0x4103db13) x22 0x00000000
core   0: 0x8000553a (0x01250c23) sb      s2, 24(a0)
core   0: 3 0x8000553a (0x01250c23) mem 0x80010a2a 0x0
core   0: 0x8000553e (0x00750303) lb      t1, 7(a0)
core   0: 3 0x8000553e (0x00750303) x 6 0xffffffc5 mem 0x80010a19
core   0: 0x80005542 (0x03f50983) lb      s3, 63(a0)
core   0: 3 0x80005542 (0x03f50983) x19 0xffffffd6 mem 0x80010a51
core   0: 0x80005546 (0x02b50903) lb      s2, 43(a0)
core   0: 3 0x80005546 (0x02b50903) x18 0xffffffd3 mem 0x80010a3d
core   0: 0x8000554a (0x000086e1) c.srai  a3, 24
core   0: 3 0x8000554a (0x86e1) x13 0x00000000
core   0: 0x8000554c (0x15da2013) slti    zero, s4, 349
core   0: 3 0x8000554c (0x15da2013)
core   0: 0x80005550 (0x029286b3) mul     a3, t0, s1
core   0: 3 0x80005550 (0x029286b3) x13 0x00000000
core   0: 0x80005554 (0x0000100f) fence.i
core   0: 3 0x80005554 (0x0000100f)
core   0: 0x80005558 (0x01051423) sh      a6, 8(a0)
core   0: 3 0x80005558 (0x01051423) mem 0x80010a1a 0xeac0
core   0: 0x8000555c (0x01350903) lb      s2, 19(a0)
core   0: 3 0x8000555c (0x01350903) x18 0xfffffffb mem 0x80010a25
core   0: 0x80005560 (0xff850a03) lb      s4, -8(a0)
core   0: 3 0x80005560 (0xff850a03) x20 0x00000027 mem 0x80010a0a
core   0: 0x80005564 (0x492a6793) ori     a5, s4, 1170
core   0: 3 0x80005564 (0x492a6793) x15 0x000004b7
core   0: 0x80005568 (0x01fe0433) add     s0, t3, t6
core   0: 3 0x80005568 (0x01fe0433) x 8 0x00000146
core   0: 0x8000556c (0xfeb50403) lb      s0, -21(a0)
core   0: 3 0x8000556c (0xfeb50403) x 8 0x00000001 mem 0x800109fd
core   0: 0x80005570 (0x00000001) c.nop
core   0: 3 0x80005570 (0x0001)
core   0: 0x80005572 (0x00009b1a) c.add   s6, t1
core   0: 3 0x80005572 (0x9b1a) x22 0xffffffc5
core   0: 0x80005574 (0x02455a83) lhu     s5, 36(a0)
core   0: 3 0x80005574 (0x02455a83) x21 0x00006615 mem 0x80010a36
core   0: 0x80005578 (0x037503a3) sb      s7, 39(a0)
core   0: 3 0x80005578 (0x037503a3) mem 0x80010a39 0xff
core   0: 0x8000557c (0xfca51683) lh      a3, -54(a0)
core   0: 3 0x8000557c (0xfca51683) x13 0xffffd950 mem 0x800109dc
core   0: 0x80005580 (0x00008717) auipc   a4, 0x8
core   0: 3 0x80005580 (0x00008717) x14 0x8000d580
core   0: 0x80005584 (0x61570713) addi    a4, a4, 1557
core   0: 3 0x80005584 (0x61570713) x14 0x8000db95
core   0: 0x80005588 (0x0ff0000f) fence   iorw,iorw
core   0: 3 0x80005588 (0x0ff0000f)
core   0: 0x8000558c (0x5c94f617) auipc   a2, 0x5c94f
core   0: 3 0x8000558c (0x5c94f617) x12 0xdc95458c
core   0: 0x80005590 (0x09d71783) lh      a5, 157(a4)
core   0: 3 0x80005590 (0x09d71783) x15 0xffffc401 mem 0x8000dc32
core   0: 0x80005594 (0xf5270d83) lb      s11, -174(a4)
core   0: 3 0x80005594 (0xf5270d83) x27 0xffffff8f mem 0x8000dae7
core   0: 0x80005598 (0x030b31b3) mulhu   gp, s6, a6
core   0: 3 0x80005598 (0x030b31b3) x 3 0x8000eaa2
core   0: 0x8000559c (0x02274c03) lbu     s8, 34(a4)
core   0: 3 0x8000559c (0x02274c03) x24 0x00000069 mem 0x8000dbb7
core   0: 0x800055a0 (0x03383533) mulhu   a0, a6, s3
core   0: 3 0x800055a0 (0x03383533) x10 0x8000eaaa
core   0: 0x800055a4 (0x0000835a) c.mv    t1, s6
core   0: 3 0x800055a4 (0x835a) x 6 0xffffffc5
core   0: 0x800055a6 (0xf7170f23) sb      a7, -130(a4)
core   0: 3 0x800055a6 (0xf7170f23) mem 0x8000db13 0xa3
core   0: 0x800055aa (0x03029533) mulh    a0, t0, a6
core   0: 3 0x800055aa (0x03029533) x10 0x3ffe7387
core   0: 0x800055ae (0x00008419) c.srai  s0, 6
core   0: 3 0x800055ae (0x8419) x 8 0x00000000
core   0: 0x800055b0 (0x018f8e33) add     t3, t6, s8
core   0: 3 0x800055b0 (0x018f8e33) x28 0x000000d8
core   0: 0x800055b4 (0xfa674c83) lbu     s9, -90(a4)
core   0: 3 0x800055b4 (0xfa674c83) x25 0x0000002e mem 0x8000db3b
core   0: 0x800055b8 (0x0e270303) lb      t1, 226(a4)
core   0: 3 0x800055b8 (0x0e270303) x 6 0xfffffffb mem 0x8000dc77
core   0: 0x800055bc (0xf9f704a3) sb      t6, -119(a4)
core   0: 3 0x800055bc (0xf9f704a3) mem 0x8000db1e 0x6f
core   0: 0x800055c0 (0x0db72083) lw      ra, 219(a4)
core   0: 3 0x800055c0 (0x0db72083) x 1 0xcf83a6e2 mem 0x8000dc70
core   0: 0x800055c4 (0x0293d0b3) divu    ra, t2, s1
core   0: 3 0x800055c4 (0x0293d0b3) x 1 0xffffffff
core   0: 0x800055c8 (0xfef74003) lbu     zero, -17(a4)
core   0: 3 0x800055c8 (0xfef74003) mem 0x8000db84
core   0: 0x800055cc (0x08770123) sb      t2, 130(a4)
core   0: 3 0x800055cc (0x08770123) mem 0x8000dc17 0x1
core   0: 0x800055d0 (0x02c17b33) remu    s6, sp, a2
core   0: 3 0x800055d0 (0x02c17b33) x22 0x0000000c
core   0: 0x800055d4 (0x0000100f) fence.i
core   0: 3 0x800055d4 (0x0000100f)
core   0: 0x800055d8 (0x1c34ce93) xori    t4, s1, 451
core   0: 3 0x800055d8 (0x1c34ce93) x29 0x000001c3
core   0: 0x800055dc (0x0299c0b3) div     ra, s3, s1
core   0: 3 0x800055dc (0x0299c0b3) x 1 0xffffffff
core   0: 0x800055e0 (0xfae71ca3) sh      a4, -71(a4)
core   0: 3 0x800055e0 (0xfae71ca3) mem 0x8000db4e 0xdb95
core   0: 0x800055e4 (0x00000001) c.nop
core   0: 3 0x800055e4 (0x0001)
core   0: 0x800055e6 (0x000081fd) c.srli  a1, 31
core   0: 3 0x800055e6 (0x81fd) x11 0x00000000
core   0: 0x800055e8 (0xf2f72483) lw      s1, -209(a4)
core   0: 3 0x800055e8 (0xf2f72483) x 9 0xda0084ed mem 0x8000dac4
core   0: 0x800055ec (0x06e709a3) sb      a4, 115(a4)
core   0: 3 0x800055ec (0x06e709a3) mem 0x8000dc08 0x95
core   0: 0x800055f0 (0x031743b3) div     t2, a4, a7
core   0: 3 0x800055f0 (0x031743b3) x 7 0xff36f97f
core   0: 0x800055f4 (0x06c70423) sb      a2, 104(a4)
core   0: 3 0x800055f4 (0x06c70423) mem 0x8000dbfd 0x8c
core   0: 0x800055f8 (0x9c1e4437) lui     s0, 0x9c1e4
core   0: 3 0x800055f8 (0x9c1e4437) x 8 0x9c1e4000
core   0: 0x800055fc (0x0f470483) lb      s1, 244(a4)
core   0: 3 0x800055fc (0x0f470483) x 9 0x00000067 mem 0x8000dc89
core   0: 0x80005600 (0x0e170303) lb      t1, 225(a4)
core   0: 3 0x80005600 (0x0e170303) x 6 0x00000055 mem 0x8000dc76
core   0: 0x80005604 (0x01971083) lh      ra, 25(a4)
core   0: 3 0x80005604 (0x01971083) x 1 0x000024cd mem 0x8000dbae
core   0: 0x80005608 (0xf4470c83) lb      s9, -188(a4)
core   0: 3 0x80005608 (0xf4470c83) x25 0xffffff8c mem 0x8000dad9
core   0: 0x8000560c (0x00be2bb3) slt     s7, t3, a1
core   0: 3 0x8000560c (0x00be2bb3) x23 0x00000000
core   0: 0x80005610 (0xf0d74583) lbu     a1, -243(a4)
core   0: 3 0x80005610 (0xf0d74583) x11 0x000000fb mem 0x8000daa2
core   0: 0x80005614 (0x073713a3) sh      s3, 103(a4)
core   0: 3 0x80005614 (0x073713a3) mem 0x8000dbfc 0xffd6
core   0: 0x80005618 (0xf0470603) lb      a2, -252(a4)
core   0: 3 0x80005618 (0xf0470603) x12 0x0000001c mem 0x8000da99
core   0: 0x8000561c (0x00000fe5) c.addi  t6, 25
core   0: 3 0x8000561c (0x0fe5) x31 0x00000088
core   0: 0x8000561e (0x0380a6b3) mulhsu  a3, ra, s8
core   0: 3 0x8000561e (0x0380a6b3) x13 0x00000000
core   0: 0x80005622 (0x5d8a6e13) ori     t3, s4, 1496
core   0: 3 0x80005622 (0x5d8a6e13) x28 0x000005ff
core   0: 0x80005626 (0x06470b03) lb      s6, 100(a4)
core   0: 3 0x80005626 (0x06470b03) x22 0xffffffe1 mem 0x8000dbf9
core   0: 0x8000562a (0x8ecfeab7) lui     s5, 0x8ecfe
core   0: 3 0x8000562a (0x8ecfeab7) x21 0x8ecfe000
core   0: 0x8000562e (0x00c6bc33) sltu    s8, a3, a2
core   0: 3 0x8000562e (0x00c6bc33) x24 0x00000001
core   0: 0x80005632 (0x000083de) c.mv    t2, s7
core   0: 3 0x80005632 (0x83de) x 7 0x00000000
core   0: 0x80005634 (0x02fe65b3) rem     a1, t3, a5
core   0: 3 0x80005634 (0x02fe65b3) x11 0x000005ff
core   0: 0x80005638 (0x0fa70a23) sb      s10, 244(a4)
core   0: 3 0x80005638 (0x0fa70a23) mem 0x8000dc89 0xc3
core   0: 0x8000563c (0x01874ab3) xor     s5, a4, s8
core   0: 3 0x8000563c (0x01874ab3) x21 0x8000db94
core   0: 0x80005640 (0x031dccb3) div     s9, s11, a7
core   0: 3 0x80005640 (0x031dccb3) x25 0x00000000
core   0: 0x80005644 (0xffa70823) sb      s10, -16(a4)
core   0: 3 0x80005644 (0xffa70823) mem 0x8000db85 0xc3
core   0: 0x80005648 (0x0c970a03) lb      s4, 201(a4)
core   0: 3 0x80005648 (0x0c970a03) x20 0x00000066 mem 0x8000dc5e
core   0: 0x8000564c (0x009448b3) xor     a7, s0, s1
core   0: 3 0x8000564c (0x009448b3) x17 0x9c1e4067
core   0: 0x80005650 (0xf8771403) lh      s0, -121(a4)
core   0: 3 0x80005650 (0xf8771403) x 8 0xffffda21 mem 0x8000db1c
core   0: 0x80005654 (0x0d474303) lbu     t1, 212(a4)
core   0: 3 0x80005654 (0x0d474303) x 6 0x00000048 mem 0x8000dc69
core   0: 0x80005658 (0x005d2333) slt     t1, s10, t0
core   0: 3 0x80005658 (0x005d2333) x 6 0x00000000
core   0: 0x8000565c (0x000087cd) c.srai  a5, 19
core   0: 3 0x8000565c (0x87cd) x15 0xffffffff
core   0: 0x8000565e (0xf7874883) lbu     a7, -136(a4)
core   0: 3 0x8000565e (0xf7874883) x17 0x000000b3 mem 0x8000db0d
core   0: 0x80005662 (0x06772e83) lw      t4, 103(a4)
core   0: 3 0x80005662 (0x06772e83) x29 0xbac4ffd6 mem 0x8000dbfc
core   0: 0x80005666 (0x00009d17) auipc   s10, 0x9
core   0: 3 0x80005666 (0x00009d17) x26 0x8000e666
core   0: 0x8000566a (0x889d0d13) addi    s10, s10, -1911
core   0: 3 0x8000566a (0x889d0d13) x26 0x8000deef
core   0: 0x8000566e (0x03557fb3) remu    t6, a0, s5
core   0: 3 0x8000566e (0x03557fb3) x31 0x3ffe7387
core   0: 0x80005672 (0xfe7d0703) lb      a4, -25(s10)
core   0: 3 0x80005672 (0xfe7d0703) x14 0x00000074 mem 0x8000ded6
core   0: 0x80005676 (0x00f9b8b3) sltu    a7, s3, a5
core   0: 3 0x80005676 (0x00f9b8b3) x17 0x00000001
core   0: 0x8000567a (0x002d4583) lbu     a1, 2(s10)
core   0: 3 0x8000567a (0x002d4583) x11 0x000000ea mem 0x8000def1
core   0: 0x8000567e (0x40b6d0b3) sra     ra, a3, a1
core   0: 3 0x8000567e (0x40b6d0b3) x 1 0x00000000
core   0: 0x80005682 (0x00000001) c.nop
core   0: 3 0x80005682 (0x0001)
core   0: 0x80005684 (0x00008f15) c.sub   a4, a3
core   0: 3 0x80005684 (0x8f15) x14 0x00000074
core   0: 0x80005686 (0x03fd15a3) sh      t6, 43(s10)
core   0: 3 0x80005686 (0x03fd15a3) mem 0x8000df1a 0x7387
core   0: 0x8000568a (0x0008edb3) or      s11, a7, zero
core   0: 3 0x8000568a (0x0008edb3) x27 0x00000001
core   0: 0x8000568e (0x01bd1083) lh      ra, 27(s10)
core   0: 3 0x8000568e (0x01bd1083) x 1 0x0000612b mem 0x8000df0a
core   0: 0x80005692 (0x015d0f23) sb      s5, 30(s10)
core   0: 3 0x80005692 (0x015d0f23) mem 0x8000df0d 0x94
core   0: 0x80005696 (0x02e104b3) mul     s1, sp, a4
core   0: 3 0x80005696 (0x02e104b3) x 9 0x00000570
core   0: 0x8000569a (0x40d0df13) srai    t5, ra, 13
core   0: 3 0x8000569a (0x40d0df13) x30 0x00000003
core   0: 0x8000569e (0xb912f693) andi    a3, t0, -1135
core   0: 3 0x8000569e (0xb912f693) x13 0x80022a10
core   0: 0x800056a2 (0xfe2d0ba3) sb      sp, -9(s10)
core   0: 3 0x800056a2 (0xfe2d0ba3) mem 0x8000dee6 0xc
core   0: 0x800056a6 (0x000009b6) c.slli  s3, 13
core   0: 3 0x800056a6 (0x09b6) x19 0xfffac000
core   0: 0x800056a8 (0x000080d5) c.srli  s1, 21
core   0: 3 0x800056a8 (0x80d5) x 9 0x00000000
core   0: 0x800056aa (0xffed4483) lbu     s1, -2(s10)
core   0: 3 0x800056aa (0xffed4483) x 9 0x0000008a mem 0x8000deed
core   0: 0x800056ae (0x00008d49) c.or    a0, a0
core   0: 3 0x800056ae (0x8d49) x10 0x3ffe7387
core   0: 0x800056b0 (0x03578a33) mul     s4, a5, s5
core   0: 3 0x800056b0 (0x03578a33) x20 0x7fff246c
core   0: 0x800056b4 (0xfd5d4383) lbu     t2, -43(s10)
core   0: 3 0x800056b4 (0xfd5d4383) x 7 0x00000091 mem 0x8000dec4
core   0: 0x800056b8 (0x02c3f9b3) remu    s3, t2, a2
core   0: 3 0x800056b8 (0x02c3f9b3) x19 0x00000005
core   0: 0x800056bc (0xfecd20a3) sw      a2, -31(s10)
core   0: 3 0x800056bc (0xfecd20a3) mem 0x8000ded0 0x0000001c
core   0: 0x800056c0 (0x00008b51) c.andi  a4, 20
core   0: 3 0x800056c0 (0x8b51) x14 0x00000014
core   0: 0x800056c2 (0x000085ed) c.srai  a1, 27
core   0: 3 0x800056c2 (0x85ed) x11 0x00000000
core   0: 0x800056c4 (0xfd6d4b03) lbu     s6, -42(s10)
core   0: 3 0x800056c4 (0xfd6d4b03) x22 0x000000bf mem 0x8000dec5
core   0: 0x800056c8 (0x00008717) auipc   a4, 0x8
core   0: 3 0x800056c8 (0x00008717) x14 0x8000d6c8
core   0: 0x800056cc (0x1a870713) addi    a4, a4, 424
core   0: 3 0x800056cc (0x1a870713) x14 0x8000d870
core   0: 0x800056d0 (0xfd9f3613) sltiu   a2, t5, -39
core   0: 3 0x800056d0 (0xfd9f3613) x12 0x00000001
core   0: 0x800056d4 (0xffe71503) lh      a0, -2(a4)
core   0: 3 0x800056d4 (0xffe71503) x10 0x00003347 mem 0x8000d86e
core   0: 0x800056d8 (0xfcb70e83) lb      t4, -53(a4)
core   0: 3 0x800056d8 (0xfcb70e83) x29 0x0000007e mem 0x8000d83b
core   0: 0x800056dc (0x412a5b13) srai    s6, s4, 18
core   0: 3 0x800056dc (0x412a5b13) x22 0x00001fff
core   0: 0x800056e0 (0x03c2b033) mulhu   zero, t0, t3
core   0: 3 0x800056e0 (0x03c2b033)
core   0: 0x800056e4 (0x0323d333) divu    t1, t2, s2
core   0: 3 0x800056e4 (0x0323d333) x 6 0x00000000
core   0: 0x800056e8 (0x00008ffd) c.and   a5, a5
core   0: 3 0x800056e8 (0x8ffd) x15 0xffffffff
core   0: 0x800056ea (0x0178dc33) srl     s8, a7, s7
core   0: 3 0x800056ea (0x0178dc33) x24 0x00000001
core   0: 0x800056ee (0xcb1275b7) lui     a1, 0xcb127
core   0: 3 0x800056ee (0xcb1275b7) x11 0xcb127000
core   0: 0x800056f2 (0x00008c15) c.sub   s0, a3
core   0: 3 0x800056f2 (0x8c15) x 8 0x7ffdb011
core   0: 0x800056f4 (0x00008ff5) c.and   a5, a3
core   0: 3 0x800056f4 (0x8ff5) x15 0x80022a10
core   0: 0x800056f6 (0xfcf70083) lb      ra, -49(a4)
core   0: 3 0x800056f6 (0xfcf70083) x 1 0x00000004 mem 0x8000d83f
core   0: 0x800056fa (0x01370a23) sb      s3, 20(a4)
core   0: 3 0x800056fa (0x01370a23) mem 0x8000d884 0x5
core   0: 0x800056fe (0x00008e76) c.mv    t3, t4
core   0: 3 0x800056fe (0x8e76) x28 0x0000007e
core   0: 0x80005700 (0x005703a3) sb      t0, 7(a4)
core   0: 3 0x80005700 (0x005703a3) mem 0x8000d877 0x34
core   0: 0x80005704 (0x00774603) lbu     a2, 7(a4)
core   0: 3 0x80005704 (0x00774603) x12 0x00000034 mem 0x8000d877
core   0: 0x80005708 (0x031274b3) remu    s1, tp, a7
core   0: 3 0x80005708 (0x031274b3) x 9 0x00000000
core   0: 0x8000570c (0x00006f49) c.lui   t5, 0x12
core   0: 3 0x8000570c (0x6f49) x30 0x00012000
core   0: 0x8000570e (0x02edfc33) remu    s8, s11, a4
core   0: 3 0x8000570e (0x02edfc33) x24 0x00000001
core   0: 0x80005712 (0xc8518d13) addi    s10, gp, -891
core   0: 3 0x80005712 (0xc8518d13) x26 0x8000e727
core   0: 0x80005716 (0x00e46ab3) or      s5, s0, a4
core   0: 3 0x80005716 (0x00e46ab3) x21 0xfffdf871
core   0: 0x8000571a (0x03bf4fb3) div     t6, t5, s11
core   0: 3 0x8000571a (0x03bf4fb3) x31 0x00012000
core   0: 0x8000571e (0x01f74a03) lbu     s4, 31(a4)
core   0: 3 0x8000571e (0x01f74a03) x20 0x00000094 mem 0x8000d88f
core   0: 0x80005722 (0x00770c83) lb      s9, 7(a4)
core   0: 3 0x80005722 (0x00770c83) x25 0x00000034 mem 0x8000d877
core   0: 0x80005726 (0x00008d61) c.and   a0, s0
core   0: 3 0x80005726 (0x8d61) x10 0x00003001
core   0: 0x80005728 (0x03370903) lb      s2, 51(a4)
core   0: 3 0x80005728 (0x03370903) x18 0x00000022 mem 0x8000d8a3
core   0: 0x8000572c (0x03070023) sb      a6, 32(a4)
core   0: 3 0x8000572c (0x03070023) mem 0x8000d890 0xc0
core   0: 0x80005730 (0xfcf705a3) sb      a5, -53(a4)
core   0: 3 0x80005730 (0xfcf705a3) mem 0x8000d83b 0x10
core   0: 0x80005734 (0x00874d83) lbu     s11, 8(a4)
core   0: 3 0x80005734 (0x00874d83) x27 0x00000032 mem 0x8000d878
core   0: 0x80005738 (0x003706a3) sb      gp, 13(a4)
core   0: 3 0x80005738 (0x003706a3) mem 0x8000d87d 0xa2
core   0: 0x8000573c (0x0173e433) or      s0, t2, s7
core   0: 3 0x8000573c (0x0173e433) x 8 0x00000091
core   0: 0x80005740 (0x01870383) lb      t2, 24(a4)
core   0: 3 0x80005740 (0x01870383) x 7 0xfffffff9 mem 0x8000d888
core   0: 0x80005744 (0xfd770aa3) sb      s7, -43(a4)
core   0: 3 0x80005744 (0xfd770aa3) mem 0x8000d845 0x0
core   0: 0x80005748 (0xfe370523) sb      gp, -22(a4)
core   0: 3 0x80005748 (0xfe370523) mem 0x8000d85a 0xa2
core   0: 0x8000574c (0xfe2709a3) sb      sp, -13(a4)
core   0: 3 0x8000574c (0xfe2709a3) mem 0x8000d863 0xc
core   0: 0x80005750 (0x00000001) c.nop
core   0: 3 0x80005750 (0x0001)
core   0: 0x80005752 (0x00eebdb3) sltu    s11, t4, a4
core   0: 3 0x80005752 (0x00eebdb3) x27 0x00000001
core   0: 0x80005756 (0x019701a3) sb      s9, 3(a4)
core   0: 3 0x80005756 (0x019701a3) mem 0x8000d873 0x34
core   0: 0x8000575a (0x00000001) c.nop
core   0: 3 0x8000575a (0x0001)
core   0: 0x8000575c (0x019706a3) sb      s9, 13(a4)
core   0: 3 0x8000575c (0x019706a3) mem 0x8000d87d 0x34
core   0: 0x80005760 (0xdb96aa13) slti    s4, a3, -583
core   0: 3 0x80005760 (0xdb96aa13) x20 0x00000001
core   0: 0x80005764 (0x0000df08) c.sw    a0, 56(a4)
core   0: 3 0x80005764 (0xdf08) mem 0x8000d8a8 0x00003001
core   0: 0x80005766 (0x03874b03) lbu     s6, 56(a4)
core   0: 3 0x80005766 (0x03874b03) x22 0x00000001 mem 0x8000d8a8
core   0: 0x8000576a (0x01671123) sh      s6, 2(a4)
core   0: 3 0x8000576a (0x01671123) mem 0x8000d872 0x0001
core   0: 0x8000576e (0x00f13733) sltu    a4, sp, a5
core   0: 3 0x8000576e (0x00f13733) x14 0x00000001
core   0: 0x80005772 (0xbc8d39b7) lui     s3, 0xbc8d3
core   0: 3 0x80005772 (0xbc8d39b7) x19 0xbc8d3000
core   0: 0x80005776 (0x018f4933) xor     s2, t5, s8
core   0: 3 0x80005776 (0x018f4933) x18 0x00012001
core   0: 0x8000577a (0x41ef0e33) sub     t3, t5, t5
core   0: 3 0x8000577a (0x41ef0e33) x28 0x00000000
core   0: 0x8000577e (0x27fa7e93) andi    t4, s4, 639
core   0: 3 0x8000577e (0x27fa7e93) x29 0x00000001
core   0: 0x80005782 (0x40cf8d33) sub     s10, t6, a2
core   0: 3 0x80005782 (0x40cf8d33) x26 0x00011fcc
core   0: 0x80005786 (0x99a2f993) andi    s3, t0, -1638
core   0: 3 0x80005786 (0x99a2f993) x19 0x80022810
core   0: 0x8000578a (0x00008e09) c.sub   a2, a0
core   0: 3 0x8000578a (0x8e09) x12 0xffffd033
core   0: 0x8000578c (0x03f76a63) bltu    a4, t6, pc + 52
core   0: 3 0x8000578c (0x03f76a63)
core   0: 0x800057c0 (0x0000e389) c.bnez  a5, pc + 2
core   0: 3 0x800057c0 (0xe389)
core   0: 0x800057c2 (0x0000ed1d) c.bnez  a0, pc + 62
core   0: 3 0x800057c2 (0xed1d)
core   0: 0x80005800 (0x0ff0000f) fence   iorw,iorw
core   0: 3 0x80005800 (0x0ff0000f)
core   0: 0x80005804 (0x0ff0000f) fence   iorw,iorw
core   0: 3 0x80005804 (0x0ff0000f)
core   0: 0x80005808 (0x5977e093) ori     ra, a5, 1431
core   0: 3 0x80005808 (0x5977e093) x 1 0x80022f97
core   0: 0x8000580c (0x00008dde) c.mv    s11, s7
core   0: 3 0x8000580c (0x8dde) x27 0x00000000
core   0: 0x8000580e (0x03309163) bne     ra, s3, pc + 34
core   0: 3 0x8000580e (0x03309163)
core   0: 0x80005830 (0x40350f33) sub     t5, a0, gp
core   0: 3 0x80005830 (0x40350f33) x30 0x7fff455f
core   0: 0x80005834 (0x01e3f463) bgeu    t2, t5, pc + 8
core   0: 3 0x80005834 (0x01e3f463)
core   0: 0x8000583c (0x00008661) c.srai  a2, 24
core   0: 3 0x8000583c (0x8661) x12 0xffffffff
core   0: 0x8000583e (0x10510593) addi    a1, sp, 261
core   0: 3 0x8000583e (0x10510593) x11 0x00000111
core   0: 0x80005842 (0xef403793) sltiu   a5, zero, -268
core   0: 3 0x80005842 (0xef403793) x15 0x00000001
core   0: 0x80005846 (0x00004b09) c.li    s6, 2
core   0: 3 0x80005846 (0x4b09) x22 0x00000002
core   0: 0x80005848 (0x40125313) srai    t1, tp, 1
core   0: 3 0x80005848 (0x40125313) x 6 0xc0013672
core   0: 0x8000584c (0x00008b1e) c.mv    s6, t2
core   0: 3 0x8000584c (0x8b1e) x22 0xfffffff9
core   0: 0x8000584e (0x00de14b3) sll     s1, t3, a3
core   0: 3 0x8000584e (0x00de14b3) x 9 0x00000000
core   0: 0x80005852 (0x0000861d) c.srai  a2, 7
core   0: 3 0x80005852 (0x861d) x12 0xffffffff
core   0: 0x80005854 (0x00316463) bltu    sp, gp, pc + 8
core   0: 3 0x80005854 (0x00316463)
core   0: 0x8000585c (0x0000058a) c.slli  a1, 2
core   0: 3 0x8000585c (0x058a) x11 0x00000444
core   0: 0x8000585e (0x82d50513) addi    a0, a0, -2003
core   0: 3 0x8000585e (0x82d50513) x10 0x0000282e
core   0: 0x80005862 (0x03ad5c63) bge     s10, s10, pc + 56
core   0: 3 0x80005862 (0x03ad5c63)
core   0: 0x8000589a (0x00009afd) c.andi  a3, -1
core   0: 3 0x8000589a (0x9afd) x13 0x80022a10
core   0: 0x8000589c (0x00c7dfb3) srl     t6, a5, a2
core   0: 3 0x8000589c (0x00c7dfb3) x31 0x00000000
core   0: 0x800058a0 (0x00008e41) c.or    a2, s0
core   0: 3 0x800058a0 (0x8e41) x12 0xffffffff
core   0: 0x800058a2 (0x015e5f63) bge     t3, s5, pc + 30
core   0: 3 0x800058a2 (0x015e5f63)
core   0: 0x800058c0 (0x00008ef5) c.and   a3, a3
core   0: 3 0x800058c0 (0x8ef5) x13 0x80022a10
core   0: 0x800058c2 (0x000087cd) c.srai  a5, 19
core   0: 3 0x800058c2 (0x87cd) x15 0x00000000
core   0: 0x800058c4 (0x00008dc5) c.or    a1, s1
core   0: 3 0x800058c4 (0x8dc5) x11 0x00000444
core   0: 0x800058c6 (0x963aec93) ori     s9, s5, -1693
core   0: 3 0x800058c6 (0x963aec93) x25 0xfffff973
core   0: 0x800058ca (0x0000cb09) c.beqz  a4, pc + 18
core   0: 3 0x800058ca (0xcb09)
core   0: 0x800058cc (0x57cca313) slti    t1, s9, 1404
core   0: 3 0x800058cc (0x57cca313) x 6 0x00000001
core   0: 0x800058d0 (0x020bbf33) mulhu   t5, s7, zero
core   0: 3 0x800058d0 (0x020bbf33) x30 0x00000000
core   0: 0x800058d4 (0x01dabeb3) sltu    t4, s5, t4
core   0: 3 0x800058d4 (0x01dabeb3) x29 0x00000000
core   0: 0x800058d8 (0x0ff0000f) fence   iorw,iorw
core   0: 3 0x800058d8 (0x0ff0000f)
core   0: 0x800058dc (0x00691d63) bne     s2, t1, pc + 26
core   0: 3 0x800058dc (0x00691d63)
core   0: 0x800058f6 (0x02e19f63) bne     gp, a4, pc + 62
core   0: 3 0x800058f6 (0x02e19f63)
core   0: 0x80005934 (0x00000df1) c.addi  s11, 28
core   0: 3 0x80005934 (0x0df1) x27 0x0000001c
core   0: 0x80005936 (0x02f49ab3) mulh    s5, s1, a5
core   0: 3 0x80005936 (0x02f49ab3) x21 0x00000000
core   0: 0x8000593a (0x0000100f) fence.i
core   0: 3 0x8000593a (0x0000100f)
core   0: 0x8000593e (0x40b609b3) sub     s3, a2, a1
core   0: 3 0x8000593e (0x40b609b3) x19 0xfffffbbb
core   0: 0x80005942 (0x3323ab93) slti    s7, t2, 818
core   0: 3 0x80005942 (0x3323ab93) x23 0x00000001
core   0: 0x80005946 (0x00b297b3) sll     a5, t0, a1
core   0: 3 0x80005946 (0x00b297b3) x15 0x0022e340
core   0: 0x8000594a (0x00004bdd) c.li    s7, 23
core   0: 3 0x8000594a (0x4bdd) x23 0x00000017
core   0: 0x8000594c (0x0318d9b3) divu    s3, a7, a7
core   0: 3 0x8000594c (0x0318d9b3) x19 0x00000001
core   0: 0x80005950 (0x01812d33) slt     s10, sp, s8
core   0: 3 0x80005950 (0x01812d33) x26 0x00000000
core   0: 0x80005954 (0x000085fa) c.mv    a1, t5
core   0: 3 0x80005954 (0x85fa) x11 0x00000000
core   0: 0x80005956 (0xb1d57813) andi    a6, a0, -1251
core   0: 3 0x80005956 (0xb1d57813) x16 0x0000280c
core   0: 0x8000595a (0x0020fc63) bgeu    ra, sp, pc + 24
core   0: 3 0x8000595a (0x0020fc63)
core   0: 0x80005972 (0x88a5b513) sltiu   a0, a1, -1910
core   0: 3 0x80005972 (0x88a5b513) x10 0x00000001
core   0: 0x80005976 (0x00000001) c.nop
core   0: 3 0x80005976 (0x0001)
core   0: 0x80005978 (0x0000c889) c.beqz  s1, pc + 18
core   0: 3 0x80005978 (0xc889)
core   0: 0x8000598a (0x52fd4f17) auipc   t5, 0x52fd4
core   0: 3 0x8000598a (0x52fd4f17) x30 0xd2fd998a
core   0: 0x8000598e (0x0000100f) fence.i
core   0: 3 0x8000598e (0x0000100f)
core   0: 0x80005992 (0x00000001) c.nop
core   0: 3 0x80005992 (0x0001)
core   0: 0x80005994 (0x01ea1013) slli    zero, s4, 30
core   0: 3 0x80005994 (0x01ea1013)
core   0: 0x80005998 (0x00849b33) sll     s6, s1, s0
core   0: 3 0x80005998 (0x00849b33) x22 0x00000000
core   0: 0x8000599c (0x00009852) c.add   a6, s4
core   0: 3 0x8000599c (0x9852) x16 0x0000280d
core   0: 0x8000599e (0x030d63b3) rem     t2, s10, a6
core   0: 3 0x8000599e (0x030d63b3) x 7 0x00000000
core   0: 0x800059a2 (0x0000ce81) c.beqz  a3, pc + 24
core   0: 3 0x800059a2 (0xce81)
core   0: 0x800059a4 (0x00008d41) c.or    a0, s0
core   0: 3 0x800059a4 (0x8d41) x10 0x00000091
core   0: 0x800059a6 (0x41f20e33) sub     t3, tp, t6
core   0: 3 0x800059a6 (0x41f20e33) x28 0x80026ce4
core   0: 0x800059aa (0x000099fd) c.andi  a1, -1
core   0: 3 0x800059aa (0x99fd) x11 0x00000000
core   0: 0x800059ac (0x00000001) c.nop
core   0: 3 0x800059ac (0x0001)
core   0: 0x800059ae (0x02ae31b3) mulhu   gp, t3, a0
core   0: 3 0x800059ae (0x02ae31b3) x 3 0x00000048
core   0: 0x800059b2 (0x01312d33) slt     s10, sp, s3
core   0: 3 0x800059b2 (0x01312d33) x26 0x00000000
core   0: 0x800059b6 (0x01999a63) bne     s3, s9, pc + 20
core   0: 3 0x800059b6 (0x01999a63)
core   0: 0x800059ca (0x01dfc863) blt     t6, t4, pc + 16
core   0: 3 0x800059ca (0x01dfc863)
core   0: 0x800059ce (0x000081c9) c.srli  a1, 18
core   0: 3 0x800059ce (0x81c9) x11 0x00000000
core   0: 0x800059d0 (0x6af7ae13) slti    t3, a5, 1711
core   0: 3 0x800059d0 (0x6af7ae13) x28 0x00000000
core   0: 0x800059d4 (0x4034dc33) sra     s8, s1, gp
core   0: 3 0x800059d4 (0x4034dc33) x24 0x00000000
core   0: 0x800059d8 (0x00008d41) c.or    a0, s0
core   0: 3 0x800059d8 (0x8d41) x10 0x00000091
core   0: 0x800059da (0x88cc0813) addi    a6, s8, -1908
core   0: 3 0x800059da (0x88cc0813) x16 0xfffff88c
core   0: 0x800059de (0x00484ab3) xor     s5, a6, tp
core   0: 3 0x800059de (0x00484ab3) x21 0x7ffd9468
core   0: 0x800059e2 (0x02ab26b3) mulhsu  a3, s6, a0
core   0: 3 0x800059e2 (0x02ab26b3) x13 0x00000000
core   0: 0x800059e6 (0x00006379) c.lui   t1, 0x1e
core   0: 3 0x800059e6 (0x6379) x 6 0x0001e000
core   0: 0x800059e8 (0x00db41b3) xor     gp, s6, a3
core   0: 3 0x800059e8 (0x00db41b3) x 3 0x00000000
core   0: 0x800059ec (0x0239c033) div     zero, s3, gp
core   0: 3 0x800059ec (0x0239c033)
core   0: 0x800059f0 (0x40815713) srai    a4, sp, 8
core   0: 3 0x800059f0 (0x40815713) x14 0x00000000
core   0: 0x800059f4 (0x014e5e33) srl     t3, t3, s4
core   0: 3 0x800059f4 (0x014e5e33) x28 0x00000000
core   0: 0x800059f8 (0x00d2e663) bltu    t0, a3, pc + 12
core   0: 3 0x800059f8 (0x00d2e663)
core   0: 0x800059fc (0x00260263) beq     a2, sp, pc + 4
core   0: 3 0x800059fc (0x00260263)
core   0: 0x80005a00 (0x0413ee13) ori     t3, t2, 65
core   0: 3 0x80005a00 (0x0413ee13) x28 0x00000041
core   0: 0x80005a04 (0x01200333) add     t1, zero, s2
core   0: 3 0x80005a04 (0x01200333) x 6 0x00012001
core   0: 0x80005a08 (0x404b5533) sra     a0, s6, tp
core   0: 3 0x80005a08 (0x404b5533) x10 0x00000000
core   0: 0x80005a0c (0x00006ec9) c.lui   t4, 0x12
core   0: 3 0x80005a0c (0x6ec9) x29 0x00012000
core   0: 0x80005a0e (0x004c0a63) beq     s8, tp, pc + 20
core   0: 3 0x80005a0e (0x004c0a63)
core   0: 0x80005a12 (0x0000e899) c.bnez  s1, pc + 22
core   0: 3 0x80005a12 (0xe899)
core   0: 0x80005a14 (0xe5d2e793) ori     a5, t0, -419
core   0: 3 0x80005a14 (0xe5d2e793) x15 0xfffffe7d
core   0: 0x80005a18 (0x039c2f33) mulhsu  t5, s8, s9
core   0: 3 0x80005a18 (0x039c2f33) x30 0x00000000
core   0: 0x80005a1c (0x00009d56) c.add   s10, s5
core   0: 3 0x80005a1c (0x9d56) x26 0x7ffd9468
core   0: 0x80005a1e (0xbf762613) slti    a2, a2, -1033
core   0: 3 0x80005a1e (0xbf762613) x12 0x00000000
core   0: 0x80005a22 (0x02fb0c33) mul     s8, s6, a5
core   0: 3 0x80005a22 (0x02fb0c33) x24 0x00000000
core   0: 0x80005a26 (0x0000819d) c.srli  a1, 7
core   0: 3 0x80005a26 (0x819d) x11 0x00000000
core   0: 0x80005a28 (0x00dace63) blt     s5, a3, pc + 28
core   0: 3 0x80005a28 (0x00dace63)
core   0: 0x80005a2c (0x010d3e33) sltu    t3, s10, a6
core   0: 3 0x80005a2c (0x010d3e33) x28 0x00000001
core   0: 0x80005a30 (0x028b6db3) rem     s11, s6, s0
core   0: 3 0x80005a30 (0x028b6db3) x27 0x00000000
core   0: 0x80005a34 (0x0537f263) bgeu    a5, s3, pc + 68
core   0: 3 0x80005a34 (0x0537f263)
core   0: 0x80005a78 (0x0ff0000f) fence   iorw,iorw
core   0: 3 0x80005a78 (0x0ff0000f)
core   0: 0x80005a7c (0x00b637b3) sltu    a5, a2, a1
core   0: 3 0x80005a7c (0x00b637b3) x15 0x00000000
core   0: 0x80005a80 (0x00000726) c.slli  a4, 9
core   0: 3 0x80005a80 (0x0726) x14 0x00000000
core   0: 0x80005a82 (0x00008efd) c.and   a3, a5
core   0: 3 0x80005a82 (0x8efd) x13 0x00000000
core   0: 0x80005a84 (0xabf8fa93) andi    s5, a7, -1345
core   0: 3 0x80005a84 (0xabf8fa93) x21 0x00000001
core   0: 0x80005a88 (0x000081ed) c.srli  a1, 27
core   0: 3 0x80005a88 (0x81ed) x11 0x00000000
core   0: 0x80005a8a (0x0026d833) srl     a6, a3, sp
core   0: 3 0x80005a8a (0x0026d833) x16 0x00000000
core   0: 0x80005a8e (0x83fbca93) xori    s5, s7, -1985
core   0: 3 0x80005a8e (0x83fbca93) x21 0xfffff828
core   0: 0x80005a92 (0x0ff0000f) fence   iorw,iorw
core   0: 3 0x80005a92 (0x0ff0000f)
core   0: 0x80005a96 (0x01560663) beq     a2, s5, pc + 12
core   0: 3 0x80005a96 (0x01560663)
core   0: 0x80005a9a (0x022e7563) bgeu    t3, sp, pc + 42
core   0: 3 0x80005a9a (0x022e7563)
core   0: 0x80005a9e (0x03d75633) divu    a2, a4, t4
core   0: 3 0x80005a9e (0x03d75633) x12 0x00000000
core   0: 0x80005aa2 (0x0000086a) c.slli  a6, 26
core   0: 3 0x80005aa2 (0x086a) x16 0x00000000
core   0: 0x80005aa4 (0x000095f6) c.add   a1, t4
core   0: 3 0x80005aa4 (0x95f6) x11 0x00012000
core   0: 0x80005aa6 (0x02389333) mulh    t1, a7, gp
core   0: 3 0x80005aa6 (0x02389333) x 6 0x00000000
core   0: 0x80005aaa (0x00000001) c.nop
core   0: 3 0x80005aaa (0x0001)
core   0: 0x80005aac (0x00f2dc33) srl     s8, t0, a5
core   0: 3 0x80005aac (0x00f2dc33) x24 0x80022e34
core   0: 0x80005ab0 (0x000008e1) c.addi  a7, 24
core   0: 3 0x80005ab0 (0x08e1) x17 0x00000019
core   0: 0x80005ab2 (0x74844e13) xori    t3, s0, 1864
core   0: 3 0x80005ab2 (0x74844e13) x28 0x000007d9
core   0: 0x80005ab6 (0x029cd5b3) divu    a1, s9, s1
core   0: 3 0x80005ab6 (0x029cd5b3) x11 0xffffffff
core   0: 0x80005aba (0x0000100f) fence.i
core   0: 3 0x80005aba (0x0000100f)
core   0: 0x80005abe (0x577eae37) lui     t3, 0x577ea
core   0: 3 0x80005abe (0x577eae37) x28 0x577ea000
core   0: 0x80005ac2 (0x00008fc1) c.or    a5, s0
core   0: 3 0x80005ac2 (0x8fc1) x15 0x00000091
core   0: 0x80005ac4 (0x00001cfd) c.addi  s9, -1
core   0: 3 0x80005ac4 (0x1cfd) x25 0xfffff972
core   0: 0x80005ac6 (0x039325b3) mulhsu  a1, t1, s9
core   0: 3 0x80005ac6 (0x039325b3) x11 0x00000000
core   0: 0x80005aca (0x00008ec1) c.or    a3, s0
core   0: 3 0x80005aca (0x8ec1) x13 0x00000091
core   0: 0x80005acc (0x00008fe9) c.and   a5, a0
core   0: 3 0x80005acc (0x8fe9) x15 0x00000000
core   0: 0x80005ace (0x007be5b3) or      a1, s7, t2
core   0: 3 0x80005ace (0x007be5b3) x11 0x00000017
core   0: 0x80005ad2 (0x012a5033) srl     zero, s4, s2
core   0: 3 0x80005ad2 (0x012a5033)
core   0: 0x80005ad6 (0x00008d39) c.xor   a0, a4
core   0: 3 0x80005ad6 (0x8d39) x10 0x00000000
core   0: 0x80005ad8 (0xe4cc3a17) auipc   s4, 0xe4cc3
core   0: 3 0x80005ad8 (0xe4cc3a17) x20 0x64cc8ad8
core   0: 0x80005adc (0x00d31413) slli    s0, t1, 13
core   0: 3 0x80005adc (0x00d31413) x 8 0x00000000
core   0: 0x80005ae0 (0x0292d0b3) divu    ra, t0, s1
core   0: 3 0x80005ae0 (0x0292d0b3) x 1 0xffffffff
core   0: 0x80005ae4 (0x010930b3) sltu    ra, s2, a6
core   0: 3 0x80005ae4 (0x010930b3) x 1 0x00000000
core   0: 0x80005ae8 (0x00004f85) c.li    t6, 1
core   0: 3 0x80005ae8 (0x4f85) x31 0x00000001
core   0: 0x80005aea (0x00000001) c.nop
core   0: 3 0x80005aea (0x0001)
core   0: 0x80005aec (0x418b08b3) sub     a7, s6, s8
core   0: 3 0x80005aec (0x418b08b3) x17 0x7ffdd1cc
core   0: 0x80005af0 (0x00ec1593) slli    a1, s8, 14
core   0: 3 0x80005af0 (0x00ec1593) x11 0x8b8d0000
core   0: 0x80005af4 (0x62f40013) addi    zero, s0, 1583
core   0: 3 0x80005af4 (0x62f40013)
core   0: 0x80005af8 (0x011d4463) blt     s10, a7, pc + 8
core   0: 3 0x80005af8 (0x011d4463)
core   0: 0x80005b00 (0x02d547b3) div     a5, a0, a3
core   0: 3 0x80005b00 (0x02d547b3) x15 0x00000000
core   0: 0x80005b04 (0x02fa4363) blt     s4, a5, pc + 38
core   0: 3 0x80005b04 (0x02fa4363)
core   0: 0x80005b08 (0x03197d63) bgeu    s2, a7, pc + 58
core   0: 3 0x80005b08 (0x03197d63)
core   0: 0x80005b0c (0x01f36963) bltu    t1, t6, pc + 18
core   0: 3 0x80005b0c (0x01f36963)
core   0: 0x80005b1e (0x00004cf9) c.li    s9, 30
core   0: 3 0x80005b1e (0x4cf9) x25 0x0000001e
core   0: 0x80005b20 (0x047a6063) bltu    s4, t2, pc + 64
core   0: 3 0x80005b20 (0x047a6063)
core   0: 0x80005b24 (0x00008bfe) c.mv    s7, t6
core   0: 3 0x80005b24 (0x8bfe) x23 0x00000001
core   0: 0x80005b26 (0x411bc793) xori    a5, s7, 1041
core   0: 3 0x80005b26 (0x411bc793) x15 0x00000410
core   0: 0x80005b2a (0x6d7ff313) andi    t1, t6, 1751
core   0: 3 0x80005b2a (0x6d7ff313) x 6 0x00000001
core   0: 0x80005b2e (0x00008de5) c.and   a1, s1
core   0: 3 0x80005b2e (0x8de5) x11 0x00000000
core   0: 0x80005b30 (0x7d2f05b7) lui     a1, 0x7d2f0
core   0: 3 0x80005b30 (0x7d2f05b7) x11 0x7d2f0000
core   0: 0x80005b34 (0x00006f09) c.lui   t5, 0x2
core   0: 3 0x80005b34 (0x6f09) x30 0x00002000
core   0: 0x80005b36 (0x00000001) c.nop
core   0: 3 0x80005b36 (0x0001)
core   0: 0x80005b38 (0x00269a33) sll     s4, a3, sp
core   0: 3 0x80005b38 (0x00269a33) x20 0x00091000
core   0: 0x80005b3c (0x00006a5d) c.lui   s4, 0x17
core   0: 3 0x80005b3c (0x6a5d) x20 0x00017000
core   0: 0x80005b3e (0x001c38b3) sltu    a7, s8, ra
core   0: 3 0x80005b3e (0x001c38b3) x17 0x00000000
core   0: 0x80005b42 (0x40115d33) sra     s10, sp, ra
core   0: 3 0x80005b42 (0x40115d33) x26 0x0000000c
core   0: 0x80005b46 (0x00008269) c.srli  a2, 26
core   0: 3 0x80005b46 (0x8269) x12 0x00000000
core   0: 0x80005b48 (0x33737193) andi    gp, t1, 823
core   0: 3 0x80005b48 (0x33737193) x 3 0x00000001
core   0: 0x80005b4c (0x029cfbb3) remu    s7, s9, s1
core   0: 3 0x80005b4c (0x029cfbb3) x23 0x0000001e
core   0: 0x80005b50 (0xe6347e13) andi    t3, s0, -413
core   0: 3 0x80005b50 (0xe6347e13) x28 0x00000000
core   0: 0x80005b54 (0x01893d33) sltu    s10, s2, s8
core   0: 3 0x80005b54 (0x01893d33) x26 0x00000001
core   0: 0x80005b58 (0x01899c13) slli    s8, s3, 24
core   0: 3 0x80005b58 (0x01899c13) x24 0x01000000
core   0: 0x80005b5c (0x4aae8013) addi    zero, t4, 1194
core   0: 3 0x80005b5c (0x4aae8013)
core   0: 0x80005b60 (0x5340fe13) andi    t3, ra, 1332
core   0: 3 0x80005b60 (0x5340fe13) x28 0x00000000
core   0: 0x80005b64 (0x02a835b3) mulhu   a1, a6, a0
core   0: 3 0x80005b64 (0x02a835b3) x11 0x00000000
core   0: 0x80005b68 (0x0036a0b3) slt     ra, a3, gp
core   0: 3 0x80005b68 (0x0036a0b3) x 1 0x00000000
core   0: 0x80005b6c (0x007c41b3) xor     gp, s8, t2
core   0: 3 0x80005b6c (0x007c41b3) x 3 0x01000000
core   0: 0x80005b70 (0x00008725) c.srai  a4, 9
core   0: 3 0x80005b70 (0x8725) x14 0x00000000
core   0: 0x80005b72 (0x015e7e33) and     t3, t3, s5
core   0: 3 0x80005b72 (0x015e7e33) x28 0x00000000
core   0: 0x80005b76 (0x025eae33) mulhsu  t3, t4, t0
core   0: 3 0x80005b76 (0x025eae33) x28 0x00009002
core   0: 0x80005b7a (0xdd128593) addi    a1, t0, -559
core   0: 3 0x80005b7a (0xdd128593) x11 0x80022c05
core   0: 0x80005b7e (0x00f95493) srli    s1, s2, 15
core   0: 3 0x80005b7e (0x00f95493) x 9 0x00000002
core   0: 0x80005b82 (0x032359b3) divu    s3, t1, s2
core   0: 3 0x80005b82 (0x032359b3) x19 0x00000000
core   0: 0x80005b86 (0x01c6cab3) xor     s5, a3, t3
core   0: 3 0x80005b86 (0x01c6cab3) x21 0x00009093
core   0: 0x80005b8a (0x002e54b3) srl     s1, t3, sp
core   0: 3 0x80005b8a (0x002e54b3) x 9 0x00000009
core   0: 0x80005b8e (0x02046663) bltu    s0, zero, pc + 44
core   0: 3 0x80005b8e (0x02046663)
core   0: 0x80005b92 (0x0141feb3) and     t4, gp, s4
core   0: 3 0x80005b92 (0x0141feb3) x29 0x00000000
core   0: 0x80005b96 (0x00008ee5) c.and   a3, s1
core   0: 3 0x80005b96 (0x8ee5) x13 0x00000001
core   0: 0x80005b98 (0x00008b42) c.mv    s6, a6
core   0: 3 0x80005b98 (0x8b42) x22 0x00000000
core   0: 0x80005b9a (0x00008b91) c.andi  a5, 4
core   0: 3 0x80005b9a (0x8b91) x15 0x00000000
core   0: 0x80005b9c (0x40c65b33) sra     s6, a2, a2
core   0: 3 0x80005b9c (0x40c65b33) x22 0x00000000
core   0: 0x80005ba0 (0xc20690b7) lui     ra, 0xc2069
core   0: 3 0x80005ba0 (0xc20690b7) x 1 0xc2069000
core   0: 0x80005ba4 (0x01a18433) add     s0, gp, s10
core   0: 3 0x80005ba4 (0x01a18433) x 8 0x01000001
core   0: 0x80005ba8 (0x408d5c93) srai    s9, s10, 8
core   0: 3 0x80005ba8 (0x408d5c93) x25 0x00000000
core   0: 0x80005bac (0x0000cc89) c.beqz  s1, pc + 26
core   0: 3 0x80005bac (0xcc89)
core   0: 0x80005bae (0x01248d63) beq     s1, s2, pc + 26
core   0: 3 0x80005bae (0x01248d63)
core   0: 0x80005bb2 (0x02deea63) bltu    t4, a3, pc + 52
core   0: 3 0x80005bb2 (0x02deea63)
core   0: 0x80005be6 (0x013ec963) blt     t4, s3, pc + 18
core   0: 3 0x80005be6 (0x013ec963)
core   0: 0x80005bea (0x0000147d) c.addi  s0, -1
core   0: 3 0x80005bea (0x147d) x 8 0x01000000
core   0: 0x80005bec (0x40f7d333) sra     t1, a5, a5
core   0: 3 0x80005bec (0x40f7d333) x 6 0x00000000
core   0: 0x80005bf0 (0x03e18663) beq     gp, t5, pc + 44
core   0: 3 0x80005bf0 (0x03e18663)
core   0: 0x80005bf4 (0x00f99f13) slli    t5, s3, 15
core   0: 3 0x80005bf4 (0x00f99f13) x30 0x00000000
core   0: 0x80005bf8 (0x7c616013) ori     zero, sp, 1990
core   0: 3 0x80005bf8 (0x7c616013)
core   0: 0x80005bfc (0x01395813) srli    a6, s2, 19
core   0: 3 0x80005bfc (0x01395813) x16 0x00000000
core   0: 0x80005c00 (0xd172fb13) andi    s6, t0, -745
core   0: 3 0x80005c00 (0xd172fb13) x22 0x80022c14
core   0: 0x80005c04 (0x00008c89) c.sub   s1, a0
core   0: 3 0x80005c04 (0x8c89) x 9 0x00000009
core   0: 0x80005c06 (0x94d3e493) ori     s1, t2, -1715
core   0: 3 0x80005c06 (0x94d3e493) x 9 0xfffff94d
core   0: 0x80005c0a (0x00000001) c.nop
core   0: 3 0x80005c0a (0x0001)
core   0: 0x80005c0c (0x00004ac5) c.li    s5, 17
core   0: 3 0x80005c0c (0x4ac5) x21 0x00000011
core   0: 0x80005c0e (0xa188e693) ori     a3, a7, -1512
core   0: 3 0x80005c0e (0xa188e693) x13 0xfffffa18
core   0: 0x80005c12 (0x0000c40d) c.beqz  s0, pc + 42
core   0: 3 0x80005c12 (0xc40d)
core   0: 0x80005c14 (0x02e2d563) bge     t0, a4, pc + 42
core   0: 3 0x80005c14 (0x02e2d563)
core   0: 0x80005c18 (0x00008cc5) c.or    s1, s1
core   0: 3 0x80005c18 (0x8cc5) x 9 0xfffff94d
core   0: 0x80005c1a (0x00000001) c.nop
core   0: 3 0x80005c1a (0x0001)
core   0: 0x80005c1c (0x82c26193) ori     gp, tp, -2004
core   0: 3 0x80005c1c (0x82c26193) x 3 0xfffffcec
core   0: 0x80005c20 (0x0097e263) bltu    a5, s1, pc + 4
core   0: 3 0x80005c20 (0x0097e263)
core   0: 0x80005c24 (0x17983013) sltiu   zero, a6, 377
core   0: 3 0x80005c24 (0x17983013)
core   0: 0x80005c28 (0x036dda63) bge     s11, s6, pc + 52
core   0: 3 0x80005c28 (0x036dda63)
core   0: 0x80005c5c (0x02f22e33) mulhsu  t3, tp, a5
core   0: 3 0x80005c5c (0x02f22e33) x28 0x00000000
core   0: 0x80005c60 (0x0000098e) c.slli  s3, 3
core   0: 3 0x80005c60 (0x098e) x19 0x00000000
core   0: 0x80005c62 (0x018be633) or      a2, s7, s8
core   0: 3 0x80005c62 (0x018be633) x12 0x0100001e
core   0: 0x80005c66 (0x04f61063) bne     a2, a5, pc + 64
core   0: 3 0x80005c66 (0x04f61063)
core   0: 0x80005ca6 (0x40ed5633) sra     a2, s10, a4
core   0: 3 0x80005ca6 (0x40ed5633) x12 0x00000001
core   0: 0x80005caa (0x279e4e93) xori    t4, t3, 633
core   0: 3 0x80005caa (0x279e4e93) x29 0x00000279
core   0: 0x80005cae (0x00000001) c.nop
core   0: 3 0x80005cae (0x0001)
core   0: 0x80005cb0 (0x0125c463) blt     a1, s2, pc + 8
core   0: 3 0x80005cb0 (0x0125c463)
core   0: 0x80005cb8 (0x00008a59) c.andi  a2, 22
core   0: 3 0x80005cb8 (0x8a59) x12 0x00000000
core   0: 0x80005cba (0x0ff0000f) fence   iorw,iorw
core   0: 3 0x80005cba (0x0ff0000f)
core   0: 0x80005cbe (0x01659933) sll     s2, a1, s6
core   0: 3 0x80005cbe (0x01659933) x18 0xc0500000
core   0: 0x80005cc2 (0x00051b13) slli    s6, a0, 0
core   0: 3 0x80005cc2 (0x00051b13) x22 0x00000000
core   0: 0x80005cc6 (0x00008c59) c.or    s0, a4
core   0: 3 0x80005cc6 (0x8c59) x 8 0x01000000
core   0: 0x80005cc8 (0x03f759b3) divu    s3, a4, t6
core   0: 3 0x80005cc8 (0x03f759b3) x19 0x00000000
core   0: 0x80005ccc (0x0329fc13) andi    s8, s3, 50
core   0: 3 0x80005ccc (0x0329fc13) x24 0x00000000
core   0: 0x80005cd0 (0x03d74633) div     a2, a4, t4
core   0: 3 0x80005cd0 (0x03d74633) x12 0x00000000
core   0: 0x80005cd4 (0x008e1a33) sll     s4, t3, s0
core   0: 3 0x80005cd4 (0x008e1a33) x20 0x00000000
core   0: 0x80005cd8 (0x4085dab3) sra     s5, a1, s0
core   0: 3 0x80005cd8 (0x4085dab3) x21 0x80022c05
core   0: 0x80005cdc (0x01429263) bne     t0, s4, pc + 4
core   0: 3 0x80005cdc (0x01429263)
core   0: 0x80005ce0 (0x03ec4ab3) div     s5, s8, t5
core   0: 3 0x80005ce0 (0x03ec4ab3) x21 0xffffffff
core   0: 0x80005ce4 (0x016bbe33) sltu    t3, s7, s6
core   0: 3 0x80005ce4 (0x016bbe33) x28 0x00000000
core   0: 0x80005ce8 (0x03b4e633) rem     a2, s1, s11
core   0: 3 0x80005ce8 (0x03b4e633) x12 0xfffff94d
core   0: 0x80005cec (0x00008e26) c.mv    t3, s1
core   0: 3 0x80005cec (0x8e26) x28 0xfffff94d
core   0: 0x80005cee (0x00819333) sll     t1, gp, s0
core   0: 3 0x80005cee (0x00819333) x 6 0xfffffcec
core   0: 0x80005cf2 (0xdabbfb37) lui     s6, 0xdabbf
core   0: 3 0x80005cf2 (0xdabbfb37) x22 0xdabbf000
core   0: 0x80005cf6 (0x0192fb63) bgeu    t0, s9, pc + 22
core   0: 3 0x80005cf6 (0x0192fb63)
core   0: 0x80005d0c (0x000066e5) c.lui   a3, 0x19
core   0: 3 0x80005d0c (0x66e5) x13 0x00019000
core   0: 0x80005d0e (0x00001c7d) c.addi  s8, -1
core   0: 3 0x80005d0e (0x1c7d) x24 0xffffffff
core   0: 0x80005d10 (0x01fbdd33) srl     s10, s7, t6
core   0: 3 0x80005d10 (0x01fbdd33) x26 0x0000000f
core   0: 0x80005d14 (0x03000f63) beq     zero, a6, pc + 62
core   0: 3 0x80005d14 (0x03000f63)
core   0: 0x80005d52 (0x97575937) lui     s2, 0x97575
core   0: 3 0x80005d52 (0x97575937) x18 0x97575000
core   0: 0x80005d56 (0x03e13e33) mulhu   t3, sp, t5
core   0: 3 0x80005d56 (0x03e13e33) x28 0x00000000
core   0: 0x80005d5a (0x0107ff33) and     t5, a5, a6
core   0: 3 0x80005d5a (0x0107ff33) x30 0x00000000
core   0: 0x80005d5e (0x0000c401) c.beqz  s0, pc + 8
core   0: 3 0x80005d5e (0xc401)
core   0: 0x80005d60 (0x000019fd) c.addi  s3, -1
core   0: 3 0x80005d60 (0x19fd) x19 0xffffffff
core   0: 0x80005d62 (0xb595ef13) ori     t5, a1, -1191
core   0: 3 0x80005d62 (0xb595ef13) x30 0xffffff5d
core   0: 0x80005d66 (0x012d1c33) sll     s8, s10, s2
core   0: 3 0x80005d66 (0x012d1c33) x24 0x0000000f
core   0: 0x80005d6a (0x00379cb3) sll     s9, a5, gp
core   0: 3 0x80005d6a (0x00379cb3) x25 0x00000000
core   0: 0x80005d6e (0x00000001) c.nop
core   0: 3 0x80005d6e (0x0001)
core   0: 0x80005d70 (0x00d6c263) blt     a3, a3, pc + 4
core   0: 3 0x80005d70 (0x00d6c263)
core   0: 0x80005d74 (0x000083cd) c.srli  a5, 19
core   0: 3 0x80005d74 (0x83cd) x15 0x00000000
core   0: 0x80005d76 (0x00000bee) c.slli  s7, 27
core   0: 3 0x80005d76 (0x0bee) x23 0xf0000000
core   0: 0x80005d78 (0x03b17933) remu    s2, sp, s11
core   0: 3 0x80005d78 (0x03b17933) x18 0x0000000c
core   0: 0x80005d7c (0x01f36263) bltu    t1, t6, pc + 4
core   0: 3 0x80005d7c (0x01f36263)
core   0: 0x80005d80 (0x0179fcb3) and     s9, s3, s7
core   0: 3 0x80005d80 (0x0179fcb3) x25 0xf0000000
core   0: 0x80005d84 (0x000087e5) c.srai  a5, 25
core   0: 3 0x80005d84 (0x87e5) x15 0x00000000
core   0: 0x80005d86 (0x01eddbb3) srl     s7, s11, t5
core   0: 3 0x80005d86 (0x01eddbb3) x23 0x00000000
core   0: 0x80005d8a (0x00000001) c.nop
core   0: 3 0x80005d8a (0x0001)
core   0: 0x80005d8c (0x00007497) auipc   s1, 0x7
core   0: 3 0x80005d8c (0x00007497) x 9 0x8000cd8c
core   0: 0x80005d90 (0x30c48493) addi    s1, s1, 780
core   0: 3 0x80005d90 (0x30c48493) x 9 0x8000d098
core   0: 0x80005d94 (0x0ac4a383) lw      t2, 172(s1)
core   0: 3 0x80005d94 (0x0ac4a383) x 7 0x684631f6 mem 0x8000d144
core   0: 0x80005d98 (0x41b20ab3) sub     s5, tp, s11
core   0: 3 0x80005d98 (0x41b20ab3) x21 0x80026ce4
core   0: 0x80005d9c (0x03c4c903) lbu     s2, 60(s1)
core   0: 3 0x80005d9c (0x03c4c903) x18 0x000000e3 mem 0x8000d0d4
core   0: 0x80005da0 (0x00009d32) c.add   s10, a2
core   0: 3 0x80005da0 (0x9d32) x26 0xfffff95c
core   0: 0x80005da2 (0x05d49a23) sh      t4, 84(s1)
core   0: 3 0x80005da2 (0x05d49a23) mem 0x8000d0ec 0x0279
core   0: 0x80005da6 (0x0834cc83) lbu     s9, 131(s1)
core   0: 3 0x80005da6 (0x0834cc83) x25 0x0000003a mem 0x8000d11b
core   0: 0x80005daa (0x08a4d783) lhu     a5, 138(s1)
core   0: 3 0x80005daa (0x08a4d783) x15 0x0000893e mem 0x8000d122
core   0: 0x80005dae (0x0273c5b3) div     a1, t2, t2
core   0: 3 0x80005dae (0x0273c5b3) x11 0x00000001
core   0: 0x80005db2 (0x00009692) c.add   a3, tp
core   0: 3 0x80005db2 (0x9692) x13 0x8003fce4
core   0: 0x80005db4 (0x0a9487a3) sb      s1, 175(s1)
core   0: 3 0x80005db4 (0x0a9487a3) mem 0x8000d147 0x98
core   0: 0x80005db8 (0x8ce6da97) auipc   s5, 0x8ce6d
core   0: 3 0x80005db8 (0x8ce6da97) x21 0x0ce72db8
core   0: 0x80005dbc (0x04348383) lb      t2, 67(s1)
core   0: 3 0x80005dbc (0x04348383) x 7 0xffffffd8 mem 0x8000d0db
core   0: 0x80005dc0 (0x03f13733) mulhu   a4, sp, t6
core   0: 3 0x80005dc0 (0x03f13733) x14 0x00000000
core   0: 0x80005dc4 (0xfce4c603) lbu     a2, -50(s1)
core   0: 3 0x80005dc4 (0xfce4c603) x12 0x00000049 mem 0x8000d066
core   0: 0x80005dc8 (0x07449f23) sh      s4, 126(s1)
core   0: 3 0x80005dc8 (0x07449f23) mem 0x8000d116 0x0000
core   0: 0x80005dcc (0x05148603) lb      a2, 81(s1)
core   0: 3 0x80005dcc (0x05148603) x12 0x00000028 mem 0x8000d0e9
core   0: 0x80005dd0 (0xfbf48803) lb      a6, -65(s1)
core   0: 3 0x80005dd0 (0xfbf48803) x16 0xffffffc6 mem 0x8000d057
core   0: 0x80005dd4 (0x03b056b3) divu    a3, zero, s11
core   0: 3 0x80005dd4 (0x03b056b3) x13 0xffffffff
core   0: 0x80005dd8 (0x03940033) mul     zero, s0, s9
core   0: 3 0x80005dd8 (0x03940033)
core   0: 0x80005ddc (0x07e48c83) lb      s9, 126(s1)
core   0: 3 0x80005ddc (0x07e48c83) x25 0x00000000 mem 0x8000d116
core   0: 0x80005de0 (0xff948b03) lb      s6, -7(s1)
core   0: 3 0x80005de0 (0xff948b03) x22 0x0000003c mem 0x8000d091
core   0: 0x80005de4 (0xfd849603) lh      a2, -40(s1)
core   0: 3 0x80005de4 (0xfd849603) x12 0xffff99b2 mem 0x8000d070
core   0: 0x80005de8 (0x41b55e13) srai    t3, a0, 27
core   0: 3 0x80005de8 (0x41b55e13) x28 0x00000000
core   0: 0x80005dec (0x00b4c183) lbu     gp, 11(s1)
core   0: 3 0x80005dec (0x00b4c183) x 3 0x00000066 mem 0x8000d0a3
core   0: 0x80005df0 (0xffd48503) lb      a0, -3(s1)
core   0: 3 0x80005df0 (0xffd48503) x10 0xffffffdf mem 0x8000d095
core   0: 0x80005df4 (0xc1e8c813) xori    a6, a7, -994
core   0: 3 0x80005df4 (0xc1e8c813) x16 0xfffffc1e
core   0: 0x80005df8 (0x0ee48aa3) sb      a4, 245(s1)
core   0: 3 0x80005df8 (0x0ee48aa3) mem 0x8000d18d 0x0
core   0: 0x80005dfc (0xfd249423) sh      s2, -56(s1)
core   0: 3 0x80005dfc (0xfd249423) mem 0x8000d060 0x00e3
core   0: 0x80005e00 (0x00ff2a33) slt     s4, t5, a5
core   0: 3 0x80005e00 (0x00ff2a33) x20 0x00000001
core   0: 0x80005e04 (0x0b04ac03) lw      s8, 176(s1)
core   0: 3 0x80005e04 (0x0b04ac03) x24 0xff1682db mem 0x8000d148
core   0: 0x80005e08 (0x006e5993) srli    s3, t3, 6
core   0: 3 0x80005e08 (0x006e5993) x19 0x00000000
core   0: 0x80005e0c (0x0b44a703) lw      a4, 180(s1)
core   0: 3 0x80005e0c (0x0b44a703) x14 0x2e4373a8 mem 0x8000d14c
core   0: 0x80005e10 (0x04948883) lb      a7, 73(s1)
core   0: 3 0x80005e10 (0x04948883) x17 0x0000001c mem 0x8000d0e1
core   0: 0x80005e14 (0x0128da33) srl     s4, a7, s2
core   0: 3 0x80005e14 (0x0128da33) x20 0x00000003
core   0: 0x80005e18 (0x01635093) srli    ra, t1, 22
core   0: 3 0x80005e18 (0x01635093) x 1 0x000003ff
core   0: 0x80005e1c (0x026ec9b3) div     s3, t4, t1
core   0: 3 0x80005e1c (0x026ec9b3) x19 0x00000000
core   0: 0x80005e20 (0x00c4cc63) blt     s1, a2, pc + 24
core   0: 3 0x80005e20 (0x00c4cc63)
core   0: 0x80005e38 (0x41b4d0b3) sra     ra, s1, s11
core   0: 3 0x80005e38 (0x41b4d0b3) x 1 0x8000d098
core   0: 0x80005e3c (0x00008526) c.mv    a0, s1
core   0: 3 0x80005e3c (0x8526) x10 0x8000d098
core   0: 0x80005e3e (0x00008fe5) c.and   a5, s1
core   0: 3 0x80005e3e (0x8fe5) x15 0x00008018
core   0: 0x80005e40 (0x00008ee1) c.and   a3, s0
core   0: 3 0x80005e40 (0x8ee1) x13 0x01000000
core   0: 0x80005e42 (0x00008065) c.srli  s0, 25
core   0: 3 0x80005e42 (0x8065) x 8 0x00000000
core   0: 0x80005e44 (0x02f20033) mul     zero, tp, a5
core   0: 3 0x80005e44 (0x02f20033)
core   0: 0x80005e48 (0x0000ef19) c.bnez  a4, pc + 30
core   0: 3 0x80005e48 (0xef19)
core   0: 0x80005e66 (0x8954f493) andi    s1, s1, -1899
core   0: 3 0x80005e66 (0x8954f493) x 9 0x8000d090
core   0: 0x80005e6a (0x029c09b3) mul     s3, s8, s1
core   0: 3 0x80005e6a (0x029c09b3) x19 0x46fb8b30
core   0: 0x80005e6e (0x0000187d) c.addi  a6, -1
core   0: 3 0x80005e6e (0x187d) x16 0xfffffc1d
core   0: 0x80005e70 (0x00000001) c.nop
core   0: 3 0x80005e70 (0x0001)
core   0: 0x80005e72 (0x01e83e33) sltu    t3, a6, t5
core   0: 3 0x80005e72 (0x01e83e33) x28 0x00000001
core   0: 0x80005e76 (0x03e8c7b3) div     a5, a7, t5
core   0: 3 0x80005e76 (0x03e8c7b3) x15 0x00000000
core   0: 0x80005e7a (0x000086b1) c.srai  a3, 12
core   0: 3 0x80005e7a (0x86b1) x13 0x00001000
core   0: 0x80005e7c (0x016eccb3) xor     s9, t4, s6
core   0: 3 0x80005e7c (0x016eccb3) x25 0x00000245
core   0: 0x80005e80 (0x00000001) c.nop
core   0: 3 0x80005e80 (0x0001)
core   0: 0x80005e82 (0x000083d6) c.mv    t2, s5
core   0: 3 0x80005e82 (0x83d6) x 7 0x0ce72db8
core   0: 0x80005e84 (0x00000001) c.nop
core   0: 3 0x80005e84 (0x0001)
core   0: 0x80005e86 (0x036243b3) div     t2, tp, s6
core   0: 3 0x80005e86 (0x036243b3) x 7 0xfddde837
core   0: 0x80005e8a (0x00535f33) srl     t5, t1, t0
core   0: 3 0x80005e8a (0x00535f33) x30 0x00000fff
core   0: 0x80005e8e (0xab06ec37) lui     s8, 0xab06e
core   0: 3 0x80005e8e (0xab06ec37) x24 0xab06e000
core   0: 0x80005e92 (0x02c72833) mulhsu  a6, a4, a2
core   0: 3 0x80005e92 (0x02c72833) x16 0x2e43612b
core   0: 0x80005e96 (0x038bbc33) mulhu   s8, s7, s8
core   0: 3 0x80005e96 (0x038bbc33) x24 0x00000000
core   0: 0x80005e9a (0x40c05313) srai    t1, zero, 12
core   0: 3 0x80005e9a (0x40c05313) x 6 0x00000000
core   0: 0x80005e9e (0x029de163) bltu    s11, s1, pc + 34
core   0: 3 0x80005e9e (0x029de163)
core   0: 0x80005ec0 (0x68cff717) auipc   a4, 0x68cff
core   0: 3 0x80005ec0 (0x68cff717) x14 0xe8d04ec0
core   0: 0x80005ec4 (0x3455ec93) ori     s9, a1, 837
core   0: 3 0x80005ec4 (0x3455ec93) x25 0x00000345
core   0: 0x80005ec8 (0xff3de013) ori     zero, s11, -13
core   0: 3 0x80005ec8 (0xff3de013)
core   0: 0x80005ecc (0x00001b7d) c.addi  s6, -1
core   0: 3 0x80005ecc (0x1b7d) x22 0x0000003b
core   0: 0x80005ece (0x0000100f) fence.i
core   0: 3 0x80005ece (0x0000100f)
core   0: 0x80005ed2 (0x02c079b3) remu    s3, zero, a2
core   0: 3 0x80005ed2 (0x02c079b3) x19 0x00000000
core   0: 0x80005ed6 (0x400fdb93) srai    s7, t6, 0
core   0: 3 0x80005ed6 (0x400fdb93) x23 0x00000001
core   0: 0x80005eda (0x05179363) bne     a5, a7, pc + 70
core   0: 3 0x80005eda (0x05179363)
core   0: 0x80005f20 (0xd015ac93) slti    s9, a1, -767
core   0: 3 0x80005f20 (0xd015ac93) x25 0x00000000
core   0: 0x80005f24 (0x00b09d63) bne     ra, a1, pc + 26
core   0: 3 0x80005f24 (0x00b09d63)
core   0: 0x80005f3e (0x00008f35) c.xor   a4, a3
core   0: 3 0x80005f3e (0x8f35) x14 0xe8d05ec0
core   0: 0x80005f40 (0x00008e6d) c.and   a2, a1
core   0: 3 0x80005f40 (0x8e6d) x12 0x00000000
core   0: 0x80005f42 (0x009093b3) sll     t2, ra, s1
core   0: 3 0x80005f42 (0x009093b3) x 7 0xd0980000
core   0: 0x80005f46 (0x02dc9433) mulh    s0, s9, a3
core   0: 3 0x80005f46 (0x02dc9433) x 8 0x00000000
core   0: 0x80005f4a (0x41f2dd13) srai    s10, t0, 31
core   0: 3 0x80005f4a (0x41f2dd13) x26 0xffffffff
core   0: 0x80005f4e (0x02f736b3) mulhu   a3, a4, a5
core   0: 3 0x80005f4e (0x02f736b3) x13 0x00000000
core   0: 0x80005f52 (0x01185513) srli    a0, a6, 17
core   0: 3 0x80005f52 (0x01185513) x10 0x00001721
core   0: 0x80005f56 (0x000eea33) or      s4, t4, zero
core   0: 3 0x80005f56 (0x000eea33) x20 0x00000279
core   0: 0x80005f5a (0x00000001) c.nop
core   0: 3 0x80005f5a (0x0001)
core   0: 0x80005f5c (0x011df563) bgeu    s11, a7, pc + 10
core   0: 3 0x80005f5c (0x011df563)
core   0: 0x80005f60 (0x013dc263) blt     s11, s3, pc + 4
core   0: 3 0x80005f60 (0x013dc263)
core   0: 0x80005f64 (0x000006b2) c.slli  a3, 12
core   0: 3 0x80005f64 (0x06b2) x13 0x00000000
core   0: 0x80005f66 (0x01493333) sltu    t1, s2, s4
core   0: 3 0x80005f66 (0x01493333) x 6 0x00000001
core   0: 0x80005f6a (0x00000001) c.nop
core   0: 3 0x80005f6a (0x0001)
core   0: 0x80005f6c (0x03c7c9b3) div     s3, a5, t3
core   0: 3 0x80005f6c (0x03c7c9b3) x19 0x00000000
core   0: 0x80005f70 (0x022e9c63) bne     t4, sp, pc + 56
core   0: 3 0x80005f70 (0x022e9c63)
core   0: 0x80005fa8 (0x00aed513) srli    a0, t4, 10
core   0: 3 0x80005fa8 (0x00aed513) x10 0x00000000
core   0: 0x80005fac (0x0000c881) c.beqz  s1, pc + 16
core   0: 3 0x80005fac (0xc881)
core   0: 0x80005fae (0x037ede33) divu    t3, t4, s7
core   0: 3 0x80005fae (0x037ede33) x28 0x00000279
core   0: 0x80005fb2 (0x03068933) mul     s2, a3, a6
core   0: 3 0x80005fb2 (0x03068933) x18 0x00000000
core   0: 0x80005fb6 (0x00000001) c.nop
core   0: 3 0x80005fb6 (0x0001)
core   0: 0x80005fb8 (0x00e16cb3) or      s9, sp, a4
core   0: 3 0x80005fb8 (0x00e16cb3) x25 0xe8d05ecc
core   0: 0x80005fbc (0x02e746b3) div     a3, a4, a4
core   0: 3 0x80005fbc (0x02e746b3) x13 0x00000001
core   0: 0x80005fc0 (0x03ca5eb3) divu    t4, s4, t3
core   0: 3 0x80005fc0 (0x03ca5eb3) x29 0x00000001
core   0: 0x80005fc4 (0x00000586) c.slli  a1, 1
core   0: 3 0x80005fc4 (0x0586) x11 0x00000002
core   0: 0x80005fc6 (0x036dba33) mulhu   s4, s11, s6
core   0: 3 0x80005fc6 (0x036dba33) x20 0x00000000
core   0: 0x80005fca (0xf6459737) lui     a4, 0xf6459
core   0: 3 0x80005fca (0xf6459737) x14 0xf6459000
core   0: 0x80005fce (0x0130ccb3) xor     s9, ra, s3
core   0: 3 0x80005fce (0x0130ccb3) x25 0x8000d098
core   0: 0x80005fd2 (0x0000c399) c.beqz  a5, pc + 6
core   0: 3 0x80005fd2 (0xc399)
core   0: 0x80005fd8 (0x00cb5db3) srl     s11, s6, a2
core   0: 3 0x80005fd8 (0x00cb5db3) x27 0x0000003b
core   0: 0x80005fdc (0x0000c809) c.beqz  s0, pc + 18
core   0: 3 0x80005fdc (0xc809)
core   0: 0x80005fee (0x44e8fa93) andi    s5, a7, 1102
core   0: 3 0x80005fee (0x44e8fa93) x21 0x0000000c
core   0: 0x80005ff2 (0x8b5ffd93) andi    s11, t6, -1867
core   0: 3 0x80005ff2 (0x8b5ffd93) x27 0x00000001
core   0: 0x80005ff6 (0x00549033) sll     zero, s1, t0
core   0: 3 0x80005ff6 (0x00549033)
core   0: 0x80005ffa (0x41408933) sub     s2, ra, s4
core   0: 3 0x80005ffa (0x41408933) x18 0x8000d098
core   0: 0x80005ffe (0x00008b69) c.andi  a4, 26
core   0: 3 0x80005ffe (0x8b69) x14 0x00000000
core   0: 0x80006000 (0x00008dcd) c.or    a1, a1
core   0: 3 0x80006000 (0x8dcd) x11 0x00000002
core   0: 0x80006002 (0xb683a093) slti    ra, t2, -1176
core   0: 3 0x80006002 (0xb683a093) x 1 0x00000001
core   0: 0x80006006 (0x0000e701) c.bnez  a4, pc + 8
core   0: 3 0x80006006 (0xe701)
core   0: 0x80006008 (0x00000001) c.nop
core   0: 3 0x80006008 (0x0001)
core   0: 0x8000600a (0x40b95f93) srai    t6, s2, 11
core   0: 3 0x8000600a (0x40b95f93) x31 0xfff0001a
core   0: 0x8000600e (0x00aa7633) and     a2, s4, a0
core   0: 3 0x8000600e (0x00aa7633) x12 0x00000000
core   0: 0x80006012 (0x00008f21) c.xor   a4, s0
core   0: 3 0x80006012 (0x8f21) x14 0x00000000
core   0: 0x80006014 (0x01616ab3) or      s5, sp, s6
core   0: 3 0x80006014 (0x01616ab3) x21 0x0000003f
core   0: 0x80006018 (0x000016fd) c.addi  a3, -1
core   0: 3 0x80006018 (0x16fd) x13 0x00000000
core   0: 0x8000601a (0x01091513) slli    a0, s2, 16
core   0: 3 0x8000601a (0x01091513) x10 0xd0980000
core   0: 0x8000601e (0x00edc733) xor     a4, s11, a4
core   0: 3 0x8000601e (0x00edc733) x14 0x00000001
core   0: 0x80006022 (0x413e05b3) sub     a1, t3, s3
core   0: 3 0x80006022 (0x413e05b3) x11 0x00000279
core   0: 0x80006026 (0x41c65893) srai    a7, a2, 28
core   0: 3 0x80006026 (0x41c65893) x17 0x00000000
core   0: 0x8000602a (0xc601a7b7) lui     a5, 0xc601a
core   0: 3 0x8000602a (0xc601a7b7) x15 0xc601a000
core   0: 0x8000602e (0x00c440b3) xor     ra, s0, a2
core   0: 3 0x8000602e (0x00c440b3) x 1 0x00000000
core   0: 0x80006032 (0x033168b3) rem     a7, sp, s3
core   0: 3 0x80006032 (0x033168b3) x17 0x0000000c
core   0: 0x80006036 (0x0000099d) c.addi  s3, 7
core   0: 3 0x80006036 (0x099d) x19 0x00000007
core   0: 0x80006038 (0x03c1fd33) remu    s10, gp, t3
core   0: 3 0x80006038 (0x03c1fd33) x26 0x00000066
core   0: 0x8000603c (0x00571093) slli    ra, a4, 5
core   0: 3 0x8000603c (0x00571093) x 1 0x00000020
core   0: 0x80006040 (0x02419f63) bne     gp, tp, pc + 62
core   0: 3 0x80006040 (0x02419f63)
core   0: 0x8000607e (0x01dcc263) blt     s9, t4, pc + 4
core   0: 3 0x8000607e (0x01dcc263)
core   0: 0x80006082 (0x38ac0e13) addi    t3, s8, 906
core   0: 3 0x80006082 (0x38ac0e13) x28 0x0000038a
core   0: 0x80006086 (0x00281433) sll     s0, a6, sp
core   0: 3 0x80006086 (0x00281433) x 8 0x3612b000
core   0: 0x8000608a (0x05b1c263) blt     gp, s11, pc + 68
core   0: 3 0x8000608a (0x05b1c263)
core   0: 0x8000608e (0xfc058993) addi    s3, a1, -64
core   0: 3 0x8000608e (0xfc058993) x19 0x00000239
core   0: 0x80006092 (0x000001c5) c.addi  gp, 17
core   0: 3 0x80006092 (0x01c5) x 3 0x00000077
core   0: 0x80006094 (0x02cd8cb3) mul     s9, s11, a2
core   0: 3 0x80006094 (0x02cd8cb3) x25 0x00000000
core   0: 0x80006098 (0x01e38d63) beq     t2, t5, pc + 26
core   0: 3 0x80006098 (0x01e38d63)
core   0: 0x8000609c (0x00229013) slli    zero, t0, 2
core   0: 3 0x8000609c (0x00229013)
core   0: 0x800060a0 (0x9cdb7f17) auipc   t5, 0x9cdb7
core   0: 3 0x800060a0 (0x9cdb7f17) x30 0x1cdbd0a0
core   0: 0x800060a4 (0x00008f85) c.sub   a5, s1
core   0: 3 0x800060a4 (0x8f85) x15 0x4600cf70
core   0: 0x800060a6 (0x0ff0000f) fence   iorw,iorw
core   0: 3 0x800060a6 (0x0ff0000f)
core   0: 0x800060aa (0x03d7eeb3) rem     t4, a5, t4
core   0: 3 0x800060aa (0x03d7eeb3) x29 0x00000000
core   0: 0x800060ae (0x030dec63) bltu    s11, a6, pc + 56
core   0: 3 0x800060ae (0x030dec63)
core   0: 0x800060e6 (0x00008a2d) c.andi  a2, 11
core   0: 3 0x800060e6 (0x8a2d) x12 0x00000000
core   0: 0x800060e8 (0x00008ef9) c.and   a3, a4
core   0: 3 0x800060e8 (0x8ef9) x13 0x00000000
core   0: 0x800060ea (0x39c7ad17) auipc   s10, 0x39c7a
core   0: 3 0x800060ea (0x39c7ad17) x26 0xb9c800ea
core   0: 0x800060ee (0x0347ffb3) remu    t6, a5, s4
core   0: 3 0x800060ee (0x0347ffb3) x31 0x4600cf70
core   0: 0x800060f2 (0x01ee5263) bge     t3, t5, pc + 4
core   0: 3 0x800060f2 (0x01ee5263)
core   0: 0x800060f6 (0x00b19a33) sll     s4, gp, a1
core   0: 3 0x800060f6 (0x00b19a33) x20 0xee000000
core   0: 0x800060fa (0x02958633) mul     a2, a1, s1
core   0: 3 0x800060fa (0x02958633) x12 0x8203b410
core   0: 0x800060fe (0x03875d33) divu    s10, a4, s8
core   0: 3 0x800060fe (0x03875d33) x26 0xffffffff
core   0: 0x80006102 (0x007ab333) sltu    t1, s5, t2
core   0: 3 0x80006102 (0x007ab333) x 6 0x00000001
core   0: 0x80006106 (0x003df463) bgeu    s11, gp, pc + 8
core   0: 3 0x80006106 (0x003df463)
core   0: 0x8000610a (0x021d90b3) mulh    ra, s11, ra
core   0: 3 0x8000610a (0x021d90b3) x 1 0x00000000
core   0: 0x8000610e (0x00824033) xor     zero, tp, s0
core   0: 3 0x8000610e (0x00824033)
core   0: 0x80006112 (0x028119b3) mulh    s3, sp, s0
core   0: 3 0x80006112 (0x028119b3) x19 0x00000002
core   0: 0x80006116 (0x0069c363) blt     s3, t1, pc + 6
core   0: 3 0x80006116 (0x0069c363)
core   0: 0x8000611a (0x00008ee1) c.and   a3, s0
core   0: 3 0x8000611a (0x8ee1) x13 0x00000000
core   0: 0x8000611c (0x0000960e) c.add   a2, gp
core   0: 3 0x8000611c (0x960e) x12 0x8203b487
core   0: 0x8000611e (0xa7033493) sltiu   s1, t1, -1424
core   0: 3 0x8000611e (0xa7033493) x 9 0x00000001
core   0: 0x80006122 (0x0055e263) bltu    a1, t0, pc + 4
core   0: 3 0x80006122 (0x0055e263)
core   0: 0x80006126 (0x00000001) c.nop
core   0: 3 0x80006126 (0x0001)
core   0: 0x80006128 (0x026901b3) mul     gp, s2, t1
core   0: 3 0x80006128 (0x026901b3) x 3 0x8000d098
core   0: 0x8000612c (0x02951333) mulh    t1, a0, s1
core   0: 3 0x8000612c (0x02951333) x 6 0xffffffff
core   0: 0x80006130 (0x0000cf8d) c.beqz  a5, pc + 58
core   0: 3 0x80006130 (0xcf8d)
core   0: 0x80006132 (0x02cdce33) div     t3, s11, a2
core   0: 3 0x80006132 (0x02cdce33) x28 0x00000000
core   0: 0x80006136 (0x00583c33) sltu    s8, a6, t0
core   0: 3 0x80006136 (0x00583c33) x24 0x00000001
core   0: 0x8000613a (0x00006d2d) c.lui   s10, 0xb
core   0: 3 0x8000613a (0x6d2d) x26 0x0000b000
core   0: 0x8000613c (0x02208933) mul     s2, ra, sp
core   0: 3 0x8000613c (0x02208933) x18 0x00000000
core   0: 0x80006140 (0x03bd2cb3) mulhsu  s9, s10, s11
core   0: 3 0x80006140 (0x03bd2cb3) x25 0x00000000
core   0: 0x80006144 (0x00006875) c.lui   a6, 0x1d
core   0: 3 0x80006144 (0x6875) x16 0x0001d000
core   0: 0x80006146 (0x01931833) sll     a6, t1, s9
core   0: 3 0x80006146 (0x01931833) x16 0xffffffff
core   0: 0x8000614a (0x01defab3) and     s5, t4, t4
core   0: 3 0x8000614a (0x01defab3) x21 0x00000000
core   0: 0x8000614e (0x00008d35) c.xor   a0, a3
core   0: 3 0x8000614e (0x8d35) x10 0xd0980000
core   0: 0x80006150 (0xc6328393) addi    t2, t0, -925
core   0: 3 0x80006150 (0xc6328393) x 7 0x80022a97
core   0: 0x80006154 (0x0ff0000f) fence   iorw,iorw
core   0: 3 0x80006154 (0x0ff0000f)
core   0: 0x80006158 (0x000d0d63) beqz    s10, pc + 26
core   0: 3 0x80006158 (0x000d0d63)
core   0: 0x8000615c (0x00008111) c.srli  a0, 4
core   0: 3 0x8000615c (0x8111) x10 0x0d098000
core   0: 0x8000615e (0x00006655) c.lui   a2, 0x15
core   0: 3 0x8000615e (0x6655) x12 0x00015000
core   0: 0x80006160 (0x00006d55) c.lui   s10, 0x15
core   0: 3 0x80006160 (0x6d55) x26 0x00015000
core   0: 0x80006162 (0x023f6663) bltu    t5, gp, pc + 44
core   0: 3 0x80006162 (0x023f6663)
core   0: 0x8000618e (0x000087c5) c.srai  a5, 17
core   0: 3 0x8000618e (0x87c5) x15 0x00002300
core   0: 0x80006190 (0x01174c33) xor     s8, a4, a7
core   0: 3 0x80006190 (0x01174c33) x24 0x0000000d
core   0: 0x80006194 (0x009454b3) srl     s1, s0, s1
core   0: 3 0x80006194 (0x009454b3) x 9 0x1b095800
core   0: 0x80006198 (0x00008321) c.srli  a4, 8
core   0: 3 0x80006198 (0x8321) x14 0x00000000
core   0: 0x8000619a (0x015b4a33) xor     s4, s6, s5
core   0: 3 0x8000619a (0x015b4a33) x20 0x0000003b
core   0: 0x8000619e (0x01188ab3) add     s5, a7, a7
core   0: 3 0x8000619e (0x01188ab3) x21 0x00000018
core   0: 0x800061a2 (0x025d1463) bne     s10, t0, pc + 40
core   0: 3 0x800061a2 (0x025d1463)
core   0: 0x800061ca (0x01408e33) add     t3, ra, s4
core   0: 3 0x800061ca (0x01408e33) x28 0x0000003b
core   0: 0x800061ce (0x00009696) c.add   a3, t0
core   0: 3 0x800061ce (0x9696) x13 0x80022e34
core   0: 0x800061d0 (0x0000c211) c.beqz  a2, pc + 4
core   0: 3 0x800061d0 (0xc211)
core   0: 0x800061d2 (0x000086c5) c.srai  a3, 17
core   0: 3 0x800061d2 (0x86c5) x13 0xffffc001
core   0: 0x800061d4 (0x40d2de33) sra     t3, t0, a3
core   0: 3 0x800061d4 (0x40d2de33) x28 0xc001171a
core   0: 0x800061d8 (0x015a1bb3) sll     s7, s4, s5
core   0: 3 0x800061d8 (0x015a1bb3) x23 0x3b000000
core   0: 0x800061dc (0x000080e1) c.srli  s1, 24
core   0: 3 0x800061dc (0x80e1) x 9 0x0000001b
core   0: 0x800061de (0x0000100f) fence.i
core   0: 3 0x800061de (0x0000100f)
core   0: 0x800061e2 (0x05ed6163) bltu    s10, t5, pc + 66
core   0: 3 0x800061e2 (0x05ed6163)
core   0: 0x80006224 (0x9df01a97) auipc   s5, 0x9df01
core   0: 3 0x80006224 (0x9df01a97) x21 0x1df07224
core   0: 0x80006228 (0x0000ed81) c.bnez  a1, pc + 24
core   0: 3 0x80006228 (0xed81)
core   0: 0x80006240 (0x03b8c7b3) div     a5, a7, s11
core   0: 3 0x80006240 (0x03b8c7b3) x15 0x0000000c
core   0: 0x80006244 (0x000093c6) c.add   t2, a7
core   0: 3 0x80006244 (0x93c6) x 7 0x80022aa3
core   0: 0x80006246 (0x039050b3) divu    ra, zero, s9
core   0: 3 0x80006246 (0x039050b3) x 1 0xffffffff
core   0: 0x8000624a (0x0221e6b3) rem     a3, gp, sp
core   0: 3 0x8000624a (0x0221e6b3) x13 0xfffffff8
core   0: 0x8000624e (0x007e7663) bgeu    t3, t2, pc + 12
core   0: 3 0x8000624e (0x007e7663)
core   0: 0x8000625a (0xc9c5ca13) xori    s4, a1, -868
core   0: 3 0x8000625a (0xc9c5ca13) x20 0xfffffee5
core   0: 0x8000625e (0x01262fb3) slt     t6, a2, s2
core   0: 3 0x8000625e (0x01262fb3) x31 0x00000000
core   0: 0x80006262 (0x01979ab3) sll     s5, a5, s9
core   0: 3 0x80006262 (0x01979ab3) x21 0x0000000c
core   0: 0x80006266 (0x0000c405) c.beqz  s0, pc + 40
core   0: 3 0x80006266 (0xc405)
core   0: 0x80006268 (0x00031c93) slli    s9, t1, 0
core   0: 3 0x80006268 (0x00031c93) x25 0xffffffff
core   0: 0x8000626c (0x001c79b3) and     s3, s8, ra
core   0: 3 0x8000626c (0x001c79b3) x19 0x0000000d
core   0: 0x80006270 (0x0000100f) fence.i
core   0: 3 0x80006270 (0x0000100f)
core   0: 0x80006274 (0x053e9063) bne     t4, s3, pc + 64
core   0: 3 0x80006274 (0x053e9063)
core   0: 0x800062b4 (0xf2178413) addi    s0, a5, -223
core   0: 3 0x800062b4 (0xf2178413) x 8 0xffffff2d
core   0: 0x800062b8 (0x0135d9b3) srl     s3, a1, s3
core   0: 3 0x800062b8 (0x0135d9b3) x19 0x00000000
core   0: 0x800062bc (0x0078d663) bge     a7, t2, pc + 12
core   0: 3 0x800062bc (0x0078d663)
core   0: 0x800062c8 (0x4014d433) sra     s0, s1, ra
core   0: 3 0x800062c8 (0x4014d433) x 8 0x00000000
core   0: 0x800062cc (0x01d255b3) srl     a1, tp, t4
core   0: 3 0x800062cc (0x01d255b3) x11 0x80026ce4
core   0: 0x800062d0 (0x016eca63) blt     t4, s6, pc + 20
core   0: 3 0x800062d0 (0x016eca63)
core   0: 0x800062e4 (0xa53a3b97) auipc   s7, 0xa53a3
core   0: 3 0x800062e4 (0xa53a3b97) x23 0x253a92e4
core   0: 0x800062e8 (0x85f83b93) sltiu   s7, a6, -1953
core   0: 3 0x800062e8 (0x85f83b93) x23 0x00000000
core   0: 0x800062ec (0x02816163) bltu    sp, s0, pc + 34
core   0: 3 0x800062ec (0x02816163)
core   0: 0x800062f0 (0x404b5cb3) sra     s9, s6, tp
core   0: 3 0x800062f0 (0x404b5cb3) x25 0x00000003
core   0: 0x800062f4 (0x009ae463) bltu    s5, s1, pc + 8
core   0: 3 0x800062f4 (0x009ae463)
core   0: 0x800062fc (0x00000001) c.nop
core   0: 3 0x800062fc (0x0001)
core   0: 0x800062fe (0x0a1b7613) andi    a2, s6, 161
core   0: 3 0x800062fe (0x0a1b7613) x12 0x00000021
core   0: 0x80006302 (0x023911b3) mulh    gp, s2, gp
core   0: 3 0x80006302 (0x023911b3) x 3 0x00000000
core   0: 0x80006306 (0x41b08b33) sub     s6, ra, s11
core   0: 3 0x80006306 (0x41b08b33) x22 0xfffffffe
core   0: 0x8000630a (0x03937863) bgeu    t1, s9, pc + 48
core   0: 3 0x8000630a (0x03937863)
core   0: 0x8000633a (0x0000100f) fence.i
core   0: 3 0x8000633a (0x0000100f)
core   0: 0x8000633e (0x00008f1d) c.sub   a4, a5
core   0: 3 0x8000633e (0x8f1d) x14 0xfffffff4
core   0: 0x80006340 (0x00008715) c.srai  a4, 5
core   0: 3 0x80006340 (0x8715) x14 0xffffffff
core   0: 0x80006342 (0x02f77533) remu    a0, a4, a5
core   0: 3 0x80006342 (0x02f77533) x10 0x00000003
core   0: 0x80006346 (0x0000100f) fence.i
core   0: 3 0x80006346 (0x0000100f)
core   0: 0x8000634a (0x0000e111) c.bnez  a0, pc + 4
core   0: 3 0x8000634a (0xe111)
core   0: 0x8000634e (0x00bb8d63) beq     s7, a1, pc + 26
core   0: 3 0x8000634e (0x00bb8d63)
core   0: 0x80006352 (0x000010fd) c.addi  ra, -1
core   0: 3 0x80006352 (0x10fd) x 1 0xfffffffe
core   0: 0x80006354 (0x03384533) div     a0, a6, s3
core   0: 3 0x80006354 (0x03384533) x10 0xffffffff
core   0: 0x80006358 (0x03751a33) mulh    s4, a0, s7
core   0: 3 0x80006358 (0x03751a33) x20 0x00000000
core   0: 0x8000635c (0xb0356693) ori     a3, a0, -1277
core   0: 3 0x8000635c (0xb0356693) x13 0xffffffff
core   0: 0x80006360 (0x7fd1e193) ori     gp, gp, 2045
core   0: 3 0x80006360 (0x7fd1e193) x 3 0x000007fd
core   0: 0x80006364 (0x0081e3b3) or      t2, gp, s0
core   0: 3 0x80006364 (0x0081e3b3) x 7 0x000007fd
core   0: 0x80006368 (0xe1d3d437) lui     s0, 0xe1d3d
core   0: 3 0x80006368 (0xe1d3d437) x 8 0xe1d3d000
core   0: 0x8000636c (0x41d55933) sra     s2, a0, t4
core   0: 3 0x8000636c (0x41d55933) x18 0xffffffff
core   0: 0x80006370 (0x00000ed9) c.addi  t4, 22
core   0: 3 0x80006370 (0x0ed9) x29 0x00000016
core   0: 0x80006372 (0x00008c39) c.xor   s0, a4
core   0: 3 0x80006372 (0x8c39) x 8 0x1e2c2fff
core   0: 0x80006374 (0x001aa933) slt     s2, s5, ra
core   0: 3 0x80006374 (0x001aa933) x18 0x00000000
core   0: 0x80006378 (0x01478e63) beq     a5, s4, pc + 28
core   0: 3 0x80006378 (0x01478e63)
core   0: 0x8000637c (0x04b88363) beq     a7, a1, pc + 70
core   0: 3 0x8000637c (0x04b88363)
core   0: 0x80006380 (0x409cdab3) sra     s5, s9, s1
core   0: 3 0x80006380 (0x409cdab3) x21 0x00000000
core   0: 0x80006384 (0x01de2333) slt     t1, t3, t4
core   0: 3 0x80006384 (0x01de2333) x 6 0x00000001
core   0: 0x80006388 (0x046d8263) beq     s11, t1, pc + 68
core   0: 3 0x80006388 (0x046d8263)
core   0: 0x800063cc (0x00009942) c.add   s2, a6
core   0: 3 0x800063cc (0x9942) x18 0xffffffff
core   0: 0x800063ce (0xe8ec0f93) addi    t6, s8, -370
core   0: 3 0x800063ce (0xe8ec0f93) x31 0xfffffe9b
core   0: 0x800063d2 (0x00fa6033) or      zero, s4, a5
core   0: 3 0x800063d2 (0x00fa6033)
core   0: 0x800063d6 (0x0000841a) c.mv    s0, t1
core   0: 3 0x800063d6 (0x841a) x 8 0x00000001
core   0: 0x800063d8 (0x40215ab3) sra     s5, sp, sp
core   0: 3 0x800063d8 (0x40215ab3) x21 0x00000000
core   0: 0x800063dc (0x000086a9) c.srai  a3, 10
core   0: 3 0x800063dc (0x86a9) x13 0xffffffff
core   0: 0x800063de (0x00009afd) c.andi  a3, -1
core   0: 3 0x800063de (0x9afd) x13 0xffffffff
core   0: 0x800063e0 (0x49b0a913) slti    s2, ra, 1179
core   0: 3 0x800063e0 (0x49b0a913) x18 0x00000001
core   0: 0x800063e4 (0x00000a5e) c.slli  s4, 23
core   0: 3 0x800063e4 (0x0a5e) x20 0x00000000
core   0: 0x800063e6 (0x00008ec1) c.or    a3, s0
core   0: 3 0x800063e6 (0x8ec1) x13 0xffffffff
core   0: 0x800063e8 (0x00009afd) c.andi  a3, -1
core   0: 3 0x800063e8 (0x9afd) x13 0xffffffff
core   0: 0x800063ea (0x00d2cf63) blt     t0, a3, pc + 30
core   0: 3 0x800063ea (0x00d2cf63)
core   0: 0x80006408 (0x017c5f13) srli    t5, s8, 23
core   0: 3 0x80006408 (0x017c5f13) x30 0x00000000
core   0: 0x8000640c (0x00006da9) c.lui   s11, 0xa
core   0: 3 0x8000640c (0x6da9) x27 0x0000a000
core   0: 0x8000640e (0x00009afd) c.andi  a3, -1
core   0: 3 0x8000640e (0x9afd) x13 0xffffffff
core   0: 0x80006410 (0x00181993) slli    s3, a6, 1
core   0: 3 0x80006410 (0x00181993) x19 0xfffffffe
core   0: 0x80006414 (0x036f8a33) mul     s4, t6, s6
core   0: 3 0x80006414 (0x036f8a33) x20 0x000002ca
core   0: 0x80006418 (0x00bf9533) sll     a0, t6, a1
core   0: 3 0x80006418 (0x00bf9533) x10 0xffffe9b0
core   0: 0x8000641c (0x00008e45) c.or    a2, s1
core   0: 3 0x8000641c (0x8e45) x12 0x0000003b
core   0: 0x8000641e (0x407b81b3) sub     gp, s7, t2
core   0: 3 0x8000641e (0x407b81b3) x 3 0xfffff803
core   0: 0x80006422 (0x00008ead) c.xor   a3, a1
core   0: 3 0x80006422 (0x8ead) x13 0x7ffd931b
core   0: 0x80006424 (0x000003e2) c.slli  t2, 24
core   0: 3 0x80006424 (0x03e2) x 7 0xfd000000
core   0: 0x80006426 (0x4606bf13) sltiu   t5, a3, 1120
core   0: 3 0x80006426 (0x4606bf13) x30 0x00000000
core   0: 0x8000642a (0x03f25863) bge     tp, t6, pc + 48
core   0: 3 0x8000642a (0x03f25863)
core   0: 0x8000642e (0x011b4563) blt     s6, a7, pc + 10
core   0: 3 0x8000642e (0x011b4563)
core   0: 0x80006438 (0x007320b3) slt     ra, t1, t2
core   0: 3 0x80006438 (0x007320b3) x 1 0x00000000
core   0: 0x8000643c (0x00d2a7b3) slt     a5, t0, a3
core   0: 3 0x8000643c (0x00d2a7b3) x15 0x00000001
core   0: 0x80006440 (0x83c82f93) slti    t6, a6, -1988
core   0: 3 0x80006440 (0x83c82f93) x31 0x00000000
core   0: 0x80006444 (0x0000957e) c.add   a0, t6
core   0: 3 0x80006444 (0x957e) x10 0xffffe9b0
core   0: 0x80006446 (0x02dbe833) rem     a6, s7, a3
core   0: 3 0x80006446 (0x02dbe833) x16 0x00000000
core   0: 0x8000644a (0x00e124b3) slt     s1, sp, a4
core   0: 3 0x8000644a (0x00e124b3) x 9 0x00000000
core   0: 0x8000644e (0xbbcf1737) lui     a4, 0xbbcf1
core   0: 3 0x8000644e (0xbbcf1737) x14 0xbbcf1000
core   0: 0x80006452 (0x0106aa33) slt     s4, a3, a6
core   0: 3 0x80006452 (0x0106aa33) x20 0x00000000
core   0: 0x80006456 (0x130bef13) ori     t5, s7, 304
core   0: 3 0x80006456 (0x130bef13) x30 0x00000130
core   0: 0x8000645a (0x00000001) c.nop
core   0: 3 0x8000645a (0x0001)
core   0: 0x8000645c (0x010de363) bltu    s11, a6, pc + 6
core   0: 3 0x8000645c (0x010de363)
core   0: 0x80006460 (0x000086d1) c.srai  a3, 20
core   0: 3 0x80006460 (0x86d1) x13 0x000007ff
core   0: 0x80006462 (0x4d901817) auipc   a6, 0x4d901
core   0: 3 0x80006462 (0x4d901817) x16 0xcd907462
core   0: 0x80006466 (0x01e85393) srli    t2, a6, 30
core   0: 3 0x80006466 (0x01e85393) x 7 0x00000003
core   0: 0x8000646a (0x0000e909) c.bnez  a0, pc + 18
core   0: 3 0x8000646a (0xe909)
core   0: 0x8000647c (0x01c0da93) srli    s5, ra, 28
core   0: 3 0x8000647c (0x01c0da93) x21 0x00000000
core   0: 0x80006480 (0x00008fe9) c.and   a5, a0
core   0: 3 0x80006480 (0x8fe9) x15 0x00000000
core   0: 0x80006482 (0x00a75263) bge     a4, a0, pc + 4
core   0: 3 0x80006482 (0x00a75263)
core   0: 0x80006486 (0x416e8db3) sub     s11, t4, s6
core   0: 3 0x80006486 (0x416e8db3) x27 0x00000018
core   0: 0x8000648a (0x000f8d33) add     s10, t6, zero
core   0: 3 0x8000648a (0x000f8d33) x26 0x00000000
core   0: 0x8000648e (0x0000100f) fence.i
core   0: 3 0x8000648e (0x0000100f)
core   0: 0x80006492 (0x014b6963) bltu    s6, s4, pc + 18
core   0: 3 0x80006492 (0x014b6963)
core   0: 0x80006496 (0x004cd313) srli    t1, s9, 4
core   0: 3 0x80006496 (0x004cd313) x 6 0x00000000
core   0: 0x8000649a (0x00009b7d) c.andi  a4, -1
core   0: 3 0x8000649a (0x9b7d) x14 0xbbcf1000
core   0: 0x8000649c (0xcbbfe597) auipc   a1, 0xcbbfe
core   0: 3 0x8000649c (0xcbbfe597) x11 0x4bc0449c
core   0: 0x800064a0 (0x004e7b33) and     s6, t3, tp
core   0: 3 0x800064a0 (0x004e7b33) x22 0x80000400
core   0: 0x800064a4 (0x00006625) c.lui   a2, 0x9
core   0: 3 0x800064a4 (0x6625) x12 0x00009000
core   0: 0x800064a6 (0x00008865) c.andi  s0, 25
core   0: 3 0x800064a6 (0x8865) x 8 0x00000001
core   0: 0x800064a8 (0xa2a56093) ori     ra, a0, -1494
core   0: 3 0x800064a8 (0xa2a56093) x 1 0xfffffbba
core   0: 0x800064ac (0x00009a9e) c.add   s5, t2
core   0: 3 0x800064ac (0x9a9e) x21 0x00000003
core   0: 0x800064ae (0x028e7fb3) remu    t6, t3, s0
core   0: 3 0x800064ae (0x028e7fb3) x31 0x00000000
core   0: 0x800064b2 (0x0000645d) c.lui   s0, 0x17
core   0: 3 0x800064b2 (0x645d) x 8 0x00017000
core   0: 0x800064b4 (0x0ff0000f) fence   iorw,iorw
core   0: 3 0x800064b4 (0x0ff0000f)
core   0: 0x800064b8 (0x00974ab3) xor     s5, a4, s1
core   0: 3 0x800064b8 (0x00974ab3) x21 0xbbcf1000
core   0: 0x800064bc (0x00c10433) add     s0, sp, a2
core   0: 3 0x800064bc (0x00c10433) x 8 0x0000900c
core   0: 0x800064c0 (0x0000452d) c.li    a0, 11
core   0: 3 0x800064c0 (0x452d) x10 0x0000000b
core   0: 0x800064c2 (0xb1afb513) sltiu   a0, t6, -1254
core   0: 3 0x800064c2 (0xb1afb513) x10 0x00000001
core   0: 0x800064c6 (0x00464933) xor     s2, a2, tp
core   0: 3 0x800064c6 (0x00464933) x18 0x8002fce4
core   0: 0x800064ca (0x001a6c33) or      s8, s4, ra
core   0: 3 0x800064ca (0x001a6c33) x24 0xfffffbba
core   0: 0x800064ce (0x01a27b33) and     s6, tp, s10
core   0: 3 0x800064ce (0x01a27b33) x22 0x00000000
core   0: 0x800064d2 (0x00000001) c.nop
core   0: 3 0x800064d2 (0x0001)
core   0: 0x800064d4 (0x038f60b3) rem     ra, t5, s8
core   0: 3 0x800064d4 (0x038f60b3) x 1 0x00000130
core   0: 0x800064d8 (0x142d2013) slti    zero, s10, 322
core   0: 3 0x800064d8 (0x142d2013)
core   0: 0x800064dc (0x40f55f93) srai    t6, a0, 15
core   0: 3 0x800064dc (0x40f55f93) x31 0x00000000
core   0: 0x800064e0 (0x00029613) slli    a2, t0, 0
core   0: 3 0x800064e0 (0x00029613) x12 0x80022e34
core   0: 0x800064e4 (0x01426733) or      a4, tp, s4
core   0: 3 0x800064e4 (0x01426733) x14 0x80026ce4
core   0: 0x800064e8 (0x00006cd9) c.lui   s9, 0x16
core   0: 3 0x800064e8 (0x6cd9) x25 0x00016000
core   0: 0x800064ea (0x00000001) c.nop
core   0: 3 0x800064ea (0x0001)
core   0: 0x800064ec (0x032e09b3) mul     s3, t3, s2
core   0: 3 0x800064ec (0x032e09b3) x19 0x41ea2b28
core   0: 0x800064f0 (0x000003ca) c.slli  t2, 18
core   0: 3 0x800064f0 (0x03ca) x 7 0x000c0000
core   0: 0x800064f2 (0x0000ce81) c.beqz  a3, pc + 24
core   0: 3 0x800064f2 (0xce81)
core   0: 0x800064f4 (0x3eff3f37) lui     t5, 0x3eff3
core   0: 3 0x800064f4 (0x3eff3f37) x30 0x3eff3000
core   0: 0x800064f8 (0x003c3ab3) sltu    s5, s8, gp
core   0: 3 0x800064f8 (0x003c3ab3) x21 0x00000000
core   0: 0x800064fc (0x033325b3) mulhsu  a1, t1, s3
core   0: 3 0x800064fc (0x033325b3) x11 0x00000000
core   0: 0x80006500 (0xb5cc7e13) andi    t3, s8, -1188
core   0: 3 0x80006500 (0xb5cc7e13) x28 0xfffffb18
core   0: 0x80006504 (0x0000890d) c.andi  a0, 3
core   0: 3 0x80006504 (0x890d) x10 0x00000001
core   0: 0x80006506 (0x0097dcb3) srl     s9, a5, s1
core   0: 3 0x80006506 (0x0097dcb3) x25 0x00000000
core   0: 0x8000650a (0x02e0f9b3) remu    s3, ra, a4
core   0: 3 0x8000650a (0x02e0f9b3) x19 0x00000130
core   0: 0x8000650e (0x006e19b3) sll     s3, t3, t1
core   0: 3 0x8000650e (0x006e19b3) x19 0xfffffb18
core   0: 0x80006512 (0x00000001) c.nop
core   0: 3 0x80006512 (0x0001)
core   0: 0x80006514 (0x00008661) c.srai  a2, 24
core   0: 3 0x80006514 (0x8661) x12 0xffffff80
core   0: 0x80006516 (0x019f9093) slli    ra, t6, 25
core   0: 3 0x80006516 (0x019f9093) x 1 0x00000000
core   0: 0x8000651a (0x0276e1b3) rem     gp, a3, t2
core   0: 3 0x8000651a (0x0276e1b3) x 3 0x000007ff
core   0: 0x8000651e (0x00005f7d) c.li    t5, -1
core   0: 3 0x8000651e (0x5f7d) x30 0xffffffff
core   0: 0x80006520 (0x01daa3b3) slt     t2, s5, t4
core   0: 3 0x80006520 (0x01daa3b3) x 7 0x00000001
core   0: 0x80006524 (0x034e5cb3) divu    s9, t3, s4
core   0: 3 0x80006524 (0x034e5cb3) x25 0xffffffff
core   0: 0x80006528 (0x00005e7d) c.li    t3, -1
core   0: 3 0x80006528 (0x5e7d) x28 0xffffffff
core   0: 0x8000652a (0x00e756b3) srl     a3, a4, a4
core   0: 3 0x8000652a (0x00e756b3) x13 0x080026ce
core   0: 0x8000652e (0x020aab33) mulhsu  s6, s5, zero
core   0: 3 0x8000652e (0x020aab33) x22 0x00000000
core   0: 0x80006532 (0x0140bbb3) sltu    s7, ra, s4
core   0: 3 0x80006532 (0x0140bbb3) x23 0x00000000
core   0: 0x80006536 (0x037f0d63) beq     t5, s7, pc + 58
core   0: 3 0x80006536 (0x037f0d63)
core   0: 0x8000653a (0x00000475) c.addi  s0, 29
core   0: 3 0x8000653a (0x0475) x 8 0x00009029
core   0: 0x8000653c (0x3d4f0693) addi    a3, t5, 980
core   0: 3 0x8000653c (0x3d4f0693) x13 0x000003d3
core   0: 0x80006540 (0x000067ad) c.lui   a5, 0xb
core   0: 3 0x80006540 (0x67ad) x15 0x0000b000
core   0: 0x80006542 (0x026af933) remu    s2, s5, t1
core   0: 3 0x80006542 (0x026af933) x18 0x00000000
core   0: 0x80006546 (0x01dd7bb3) and     s7, s10, t4
core   0: 3 0x80006546 (0x01dd7bb3) x23 0x00000000
core   0: 0x8000654a (0x005c1bb3) sll     s7, s8, t0
core   0: 3 0x8000654a (0x005c1bb3) x23 0xbba00000
core   0: 0x8000654e (0x01059333) sll     t1, a1, a6
core   0: 3 0x8000654e (0x01059333) x 6 0x00000000
core   0: 0x80006552 (0x00008f1d) c.sub   a4, a5
core   0: 3 0x80006552 (0x8f1d) x14 0x8001bce4
core   0: 0x80006554 (0x03d1c163) blt     gp, t4, pc + 34
core   0: 3 0x80006554 (0x03d1c163)
core   0: 0x80006558 (0x00d8a9b3) slt     s3, a7, a3
core   0: 3 0x80006558 (0x00d8a9b3) x19 0x00000001
core   0: 0x8000655c (0x00000ff5) c.addi  t6, 29
core   0: 3 0x8000655c (0x0ff5) x31 0x0000001d
core   0: 0x8000655e (0x00009fae) c.add   t6, a1
core   0: 3 0x8000655e (0x9fae) x31 0x0000001d
core   0: 0x80006560 (0x020ed733) divu    a4, t4, zero
core   0: 3 0x80006560 (0x020ed733) x14 0xffffffff
core   0: 0x80006564 (0x0000890a) c.mv    s2, sp
core   0: 3 0x80006564 (0x890a) x18 0x0000000c
core   0: 0x80006566 (0x01c4b533) sltu    a0, s1, t3
core   0: 3 0x80006566 (0x01c4b533) x10 0x00000001
core   0: 0x8000656a (0x00008d01) c.sub   a0, s0
core   0: 3 0x8000656a (0x8d01) x10 0xffff6fd8
core   0: 0x8000656c (0xcc453317) auipc   t1, 0xcc453
core   0: 3 0x8000656c (0xcc453317) x 6 0x4c45956c
core   0: 0x80006570 (0x00006e35) c.lui   t3, 0xd
core   0: 3 0x80006570 (0x6e35) x28 0x0000d000
core   0: 0x80006572 (0xa758e493) ori     s1, a7, -1419
core   0: 3 0x80006572 (0xa758e493) x 9 0xfffffa7d
core   0: 0x80006576 (0x0340e3b3) rem     t2, ra, s4
core   0: 3 0x80006576 (0x0340e3b3) x 7 0x00000000
core   0: 0x8000657a (0x0000567d) c.li    a2, -1
core   0: 3 0x8000657a (0x567d) x12 0xffffffff
core   0: 0x8000657c (0xdd1aaa93) slti    s5, s5, -559
core   0: 3 0x8000657c (0xdd1aaa93) x21 0x00000000
core   0: 0x80006580 (0x01788963) beq     a7, s7, pc + 18
core   0: 3 0x80006580 (0x01788963)
core   0: 0x80006584 (0x0000997d) c.andi  a0, -1
core   0: 3 0x80006584 (0x997d) x10 0xffff6fd8
core   0: 0x80006586 (0xa3d8f013) andi    zero, a7, -1475
core   0: 3 0x80006586 (0xa3d8f013)
core   0: 0x8000658a (0x0ff0000f) fence   iorw,iorw
core   0: 3 0x8000658a (0x0ff0000f)
core   0: 0x8000658e (0x3a242313) slti    t1, s0, 930
core   0: 3 0x8000658e (0x3a242313) x 6 0x00000000
core   0: 0x80006592 (0xdcdc1417) auipc   s0, 0xdcdc1
core   0: 3 0x80006592 (0xdcdc1417) x 8 0x5cdc7592
core   0: 0x80006596 (0x000060cd) c.lui   ra, 0x13
core   0: 3 0x80006596 (0x60cd) x 1 0x00013000
core   0: 0x80006598 (0x00008d71) c.and   a0, a2
core   0: 3 0x80006598 (0x8d71) x10 0xffff6fd8
core   0: 0x8000659a (0x06cd0993) addi    s3, s10, 108
core   0: 3 0x8000659a (0x06cd0993) x19 0x0000006c
core   0: 0x8000659e (0xb63faa93) slti    s5, t6, -1181
core   0: 3 0x8000659e (0xb63faa93) x21 0x00000000
core   0: 0x800065a2 (0x000082ad) c.srli  a3, 11
core   0: 3 0x800065a2 (0x82ad) x13 0x00000000
core   0: 0x800065a4 (0x014fafb3) slt     t6, t6, s4
core   0: 3 0x800065a4 (0x014fafb3) x31 0x00000000
core   0: 0x800065a8 (0x4113d7b3) sra     a5, t2, a7
core   0: 3 0x800065a8 (0x4113d7b3) x15 0x00000000
core   0: 0x800065ac (0x0137dd63) bge     a5, s3, pc + 26
core   0: 3 0x800065ac (0x0137dd63)
core   0: 0x800065b0 (0x0000896a) c.mv    s2, s10
core   0: 3 0x800065b0 (0x896a) x18 0x00000000
core   0: 0x800065b2 (0x03065b33) divu    s6, a2, a6
core   0: 3 0x800065b2 (0x03065b33) x22 0x00000001
core   0: 0x800065b6 (0x00005e7d) c.li    t3, -1
core   0: 3 0x800065b6 (0x5e7d) x28 0xffffffff
core   0: 0x800065b8 (0x038d0933) mul     s2, s10, s8
core   0: 3 0x800065b8 (0x038d0933) x18 0x00000000
core   0: 0x800065bc (0x000094c6) c.add   s1, a7
core   0: 3 0x800065bc (0x94c6) x 9 0xfffffa89
core   0: 0x800065be (0x3bb8a793) slti    a5, a7, 955
core   0: 3 0x800065be (0x3bb8a793) x15 0x00000001
core   0: 0x800065c2 (0x000082a5) c.srli  a3, 9
core   0: 3 0x800065c2 (0x82a5) x13 0x00000000
core   0: 0x800065c4 (0x000006fd) c.addi  a3, 31
core   0: 3 0x800065c4 (0x06fd) x13 0x0000001f
core   0: 0x800065c6 (0x03a4b4b3) mulhu   s1, s1, s10
core   0: 3 0x800065c6 (0x03a4b4b3) x 9 0x00000000
core   0: 0x800065ca (0x00a196b3) sll     a3, gp, a0
core   0: 3 0x800065ca (0x00a196b3) x13 0xff000000
core   0: 0x800065ce (0x013b9333) sll     t1, s7, s3
core   0: 3 0x800065ce (0x013b9333) x 6 0x00000000
core   0: 0x800065d2 (0x00008db9) c.xor   a1, a4
core   0: 3 0x800065d2 (0x8db9) x11 0xffffffff
core   0: 0x800065d4 (0x03581fb3) mulh    t6, a6, s5
core   0: 3 0x800065d4 (0x03581fb3) x31 0x00000000
core   0: 0x800065d8 (0x00d6a5b3) slt     a1, a3, a3
core   0: 3 0x800065d8 (0x00d6a5b3) x11 0x00000000
core   0: 0x800065dc (0x01f74fb3) xor     t6, a4, t6
core   0: 3 0x800065dc (0x01f74fb3) x31 0xffffffff
core   0: 0x800065e0 (0x00008f1d) c.sub   a4, a5
core   0: 3 0x800065e0 (0x8f1d) x14 0xfffffffe
core   0: 0x800065e2 (0x0000975e) c.add   a4, s7
core   0: 3 0x800065e2 (0x975e) x14 0xbb9ffffe
core   0: 0x800065e4 (0x037c6a33) rem     s4, s8, s7
core   0: 3 0x800065e4 (0x037c6a33) x20 0xfffffbba
core   0: 0x800065e8 (0x0000567d) c.li    a2, -1
core   0: 3 0x800065e8 (0x567d) x12 0xffffffff
core   0: 0x800065ea (0x0309f5b3) remu    a1, s3, a6
core   0: 3 0x800065ea (0x0309f5b3) x11 0x0000006c
core   0: 0x800065ee (0x0000c715) c.beqz  a4, pc + 44
core   0: 3 0x800065ee (0xc715)
core   0: 0x800065f0 (0x3068b793) sltiu   a5, a7, 774
core   0: 3 0x800065f0 (0x3068b793) x15 0x00000001
core   0: 0x800065f4 (0x00000001) c.nop
core   0: 3 0x800065f4 (0x0001)
core   0: 0x800065f6 (0x01c30cb3) add     s9, t1, t3
core   0: 3 0x800065f6 (0x01c30cb3) x25 0xffffffff
core   0: 0x800065fa (0x00145033) srl     zero, s0, ra
core   0: 3 0x800065fa (0x00145033)
core   0: 0x800065fe (0x00008ca9) c.xor   s1, a0
core   0: 3 0x800065fe (0x8ca9) x 9 0xffff6fd8
core   0: 0x80006600 (0x004a57b3) srl     a5, s4, tp
core   0: 3 0x80006600 (0x004a57b3) x15 0x0fffffbb
core   0: 0x80006604 (0x0ff0000f) fence   iorw,iorw
core   0: 3 0x80006604 (0x0ff0000f)
core   0: 0x80006608 (0x00a5d513) srli    a0, a1, 10
core   0: 3 0x80006608 (0x00a5d513) x10 0x00000000
core   0: 0x8000660c (0x60d1e413) ori     s0, gp, 1549
core   0: 3 0x8000660c (0x60d1e413) x 8 0x000007ff
core   0: 0x80006610 (0x02d3e163) bltu    t2, a3, pc + 34
core   0: 3 0x80006610 (0x02d3e163)
core   0: 0x80006632 (0x03d7d533) divu    a0, a5, t4
core   0: 3 0x80006632 (0x03d7d533) x10 0x00ba2e88
core   0: 0x80006636 (0x0000082a) c.slli  a6, 10
core   0: 3 0x80006636 (0x082a) x16 0x41d18800
core   0: 0x80006638 (0x41a209b3) sub     s3, tp, s10
core   0: 3 0x80006638 (0x41a209b3) x19 0x80026ce4
core   0: 0x8000663c (0x00008d81) c.sub   a1, s0
core   0: 3 0x8000663c (0x8d81) x11 0xfffff86d
core   0: 0x8000663e (0x40448c33) sub     s8, s1, tp
core   0: 3 0x8000663e (0x40448c33) x24 0x7ffd02f4
core   0: 0x80006642 (0x000056fd) c.li    a3, -1
core   0: 3 0x80006642 (0x56fd) x13 0xffffffff
core   0: 0x80006644 (0x5fcc6493) ori     s1, s8, 1532
core   0: 3 0x80006644 (0x5fcc6493) x 9 0x7ffd07fc
core   0: 0x80006648 (0x02659b63) bne     a1, t1, pc + 54
core   0: 3 0x80006648 (0x02659b63)
core   0: 0x8000667e (0x019597b3) sll     a5, a1, s9
core   0: 3 0x8000667e (0x019597b3) x15 0x80000000
core   0: 0x80006682 (0x960a8693) addi    a3, s5, -1696
core   0: 3 0x80006682 (0x960a8693) x13 0xfffff960
core   0: 0x80006686 (0x00006af9) c.lui   s5, 0x1e
core   0: 3 0x80006686 (0x6af9) x21 0x0001e000
core   0: 0x80006688 (0x043b8463) beq     s7, gp, pc + 72
core   0: 3 0x80006688 (0x043b8463)
core   0: 0x8000668c (0x034466b3) rem     a3, s0, s4
core   0: 3 0x8000668c (0x034466b3) x13 0x000003b9
core   0: 0x80006690 (0x00000001) c.nop
core   0: 3 0x80006690 (0x0001)
core   0: 0x80006692 (0x01b35f93) srli    t6, t1, 27
core   0: 3 0x80006692 (0x01b35f93) x31 0x00000000
core   0: 0x80006696 (0x03c97eb3) remu    t4, s2, t3
core   0: 3 0x80006696 (0x03c97eb3) x29 0x00000000
core   0: 0x8000669a (0x01dc1263) bne     s8, t4, pc + 4
core   0: 3 0x8000669a (0x01dc1263)
core   0: 0x8000669e (0x03e95bb3) divu    s7, s2, t5
core   0: 3 0x8000669e (0x03e95bb3) x23 0x00000000
core   0: 0x800066a2 (0x00ea1793) slli    a5, s4, 14
core   0: 3 0x800066a2 (0x00ea1793) x15 0xfeee8000
core   0: 0x800066a6 (0x01500cb3) add     s9, zero, s5
core   0: 3 0x800066a6 (0x01500cb3) x25 0x0001e000
core   0: 0x800066aa (0x1b31cb37) lui     s6, 0x1b31c
core   0: 3 0x800066aa (0x1b31cb37) x22 0x1b31c000
core   0: 0x800066ae (0x0000100f) fence.i
core   0: 3 0x800066ae (0x0000100f)
core   0: 0x800066b2 (0x00009712) c.add   a4, tp
core   0: 3 0x800066b2 (0x9712) x14 0x3ba26ce2
core   0: 0x800066b4 (0x07f87493) andi    s1, a6, 127
core   0: 3 0x800066b4 (0x07f87493) x 9 0x00000000
core   0: 0x800066b8 (0x01107263) bgeu    zero, a7, pc + 4
core   0: 3 0x800066b8 (0x01107263)
core   0: 0x800066bc (0x7c946513) ori     a0, s0, 1993
core   0: 3 0x800066bc (0x7c946513) x10 0x000007ff
core   0: 0x800066c0 (0x00009a1a) c.add   s4, t1
core   0: 3 0x800066c0 (0x9a1a) x20 0xfffffbba
core   0: 0x800066c2 (0x02279433) mulh    s0, a5, sp
core   0: 3 0x800066c2 (0x02279433) x 8 0xffffffff
core   0: 0x800066c6 (0x023de533) rem     a0, s11, gp
core   0: 3 0x800066c6 (0x023de533) x10 0x00000018
core   0: 0x800066ca (0x4e31e393) ori     t2, gp, 1251
core   0: 3 0x800066ca (0x4e31e393) x 7 0x000007ff
core   0: 0x800066ce (0x00008a95) c.andi  a3, 5
core   0: 3 0x800066ce (0x8a95) x13 0x00000001
core   0: 0x800066d0 (0x02086533) rem     a0, a6, zero
core   0: 3 0x800066d0 (0x02086533) x10 0x41d18800
core   0: 0x800066d4 (0x01f3ca63) blt     t2, t6, pc + 20
core   0: 3 0x800066d4 (0x01f3ca63)
core   0: 0x800066d8 (0x000007fd) c.addi  a5, 31
core   0: 3 0x800066d8 (0x07fd) x15 0xfeee801f
core   0: 0x800066da (0x00004e4d) c.li    t3, 19
core   0: 3 0x800066da (0x4e4d) x28 0x00000013
core   0: 0x800066dc (0x0000ce15) c.beqz  a2, pc + 60
core   0: 3 0x800066dc (0xce15)
core   0: 0x800066de (0x0ff0000f) fence   iorw,iorw
core   0: 3 0x800066de (0x0ff0000f)
core   0: 0x800066e2 (0x00d4a9b3) slt     s3, s1, a3
core   0: 3 0x800066e2 (0x00d4a9b3) x19 0x00000001
core   0: 0x800066e6 (0x00008909) c.andi  a0, 2
core   0: 3 0x800066e6 (0x8909) x10 0x00000000
core   0: 0x800066e8 (0x000082d9) c.srli  a3, 22
core   0: 3 0x800066e8 (0x82d9) x13 0x00000000
core   0: 0x800066ea (0x00009e46) c.add   t3, a7
core   0: 3 0x800066ea (0x9e46) x28 0x0000001f
core   0: 0x800066ec (0x000087a9) c.srai  a5, 10
core   0: 3 0x800066ec (0x87a9) x15 0xffffbba0
core   0: 0x800066ee (0x00d57e63) bgeu    a0, a3, pc + 28
core   0: 3 0x800066ee (0x00d57e63)
core   0: 0x8000670a (0x0000eb8d) c.bnez  a5, pc + 50
core   0: 3 0x8000670a (0xeb8d)
core   0: 0x8000673c (0x57ac3f93) sltiu   t6, s8, 1402
core   0: 3 0x8000673c (0x57ac3f93) x31 0x00000000
core   0: 0x80006740 (0xcb848413) addi    s0, s1, -840
core   0: 3 0x80006740 (0xcb848413) x 8 0xfffffcb8
core   0: 0x80006744 (0x00008dd1) c.or    a1, a2
core   0: 3 0x80006744 (0x8dd1) x11 0xffffffff
core   0: 0x80006746 (0x00a1d633) srl     a2, gp, a0
core   0: 3 0x80006746 (0x00a1d633) x12 0x000007ff
core   0: 0x8000674a (0x00301463) bne     zero, gp, pc + 8
core   0: 3 0x8000674a (0x00301463)
core   0: 0x80006752 (0x032964b3) rem     s1, s2, s2
core   0: 3 0x80006752 (0x032964b3) x 9 0x00000000
core   0: 0x80006756 (0x006858b3) srl     a7, a6, t1
core   0: 3 0x80006756 (0x006858b3) x17 0x41d18800
core   0: 0x8000675a (0x01a2c463) blt     t0, s10, pc + 8
core   0: 3 0x8000675a (0x01a2c463)
core   0: 0x80006762 (0x03e48a33) mul     s4, s1, t5
core   0: 3 0x80006762 (0x03e48a33) x20 0x00000000
core   0: 0x80006766 (0x01c706b3) add     a3, a4, t3
core   0: 3 0x80006766 (0x01c706b3) x13 0x3ba26d01
core   0: 0x8000676a (0xb2dc2e13) slti    t3, s8, -1235
core   0: 3 0x8000676a (0xb2dc2e13) x28 0x00000000
core   0: 0x8000676e (0x020f3633) mulhu   a2, t5, zero
core   0: 3 0x8000676e (0x020f3633) x12 0x00000000
core   0: 0x80006772 (0x00008f99) c.sub   a5, a4
core   0: 3 0x80006772 (0x8f99) x15 0xc45d4ebe
core   0: 0x80006774 (0x40545b13) srai    s6, s0, 5
core   0: 3 0x80006774 (0x40545b13) x22 0xffffffe5
core   0: 0x80006778 (0x4f45a513) slti    a0, a1, 1268
core   0: 3 0x80006778 (0x4f45a513) x10 0x00000001
core   0: 0x8000677c (0x000082f9) c.srli  a3, 30
core   0: 3 0x8000677c (0x82f9) x13 0x00000000
core   0: 0x8000677e (0x01c5da33) srl     s4, a1, t3
core   0: 3 0x8000677e (0x01c5da33) x20 0xffffffff
core   0: 0x80006782 (0x00005c7d) c.li    s8, -1
core   0: 3 0x80006782 (0x5c7d) x24 0xffffffff
core   0: 0x80006784 (0x02c68d33) mul     s10, a3, a2
core   0: 3 0x80006784 (0x02c68d33) x26 0x00000000
core   0: 0x80006788 (0x03590b33) mul     s6, s2, s5
core   0: 3 0x80006788 (0x03590b33) x22 0x00000000
core   0: 0x8000678c (0x41f601b3) sub     gp, a2, t6
core   0: 3 0x8000678c (0x41f601b3) x 3 0x00000000
core   0: 0x80006790 (0x00008fa5) c.xor   a5, s1
core   0: 3 0x80006790 (0x8fa5) x15 0xc45d4ebe
core   0: 0x80006792 (0x0042ac83) lw      s9, 4(t0)
core   0: 3 0x80006792 (0x0042ac83) x25 0x80009c3a mem 0x80022e38
core   0: 0x80006796 (0x00006a59) c.lui   s4, 0x16
core   0: 3 0x80006796 (0x6a59) x20 0x00016000
core   0: 0x80006798 (0x02428293) addi    t0, t0, 36
core   0: 3 0x80006798 (0x02428293) x 5 0x80022e58
core   0: 0x8000679c (0x84852517) auipc   a0, 0x84852
core   0: 3 0x8000679c (0x84852517) x10 0x0485879c
core   0: 0x800067a0 (0x40315a93) srai    s5, sp, 3
core   0: 3 0x800067a0 (0x40315a93) x21 0x00000001
core   0: 0x800067a4 (0x012b7b33) and     s6, s6, s2
core   0: 3 0x800067a4 (0x012b7b33) x22 0x00000000
core   0: 0x800067a8 (0x000c8b13) mv      s6, s9
core   0: 3 0x800067a8 (0x000c8b13) x22 0x80009c3a
core   0: 0x800067ac (0x00008b02) c.jr    s6
core   0: 3 0x800067ac (0x8b02)
core   0: 0x80009c3a (0x00000d97) auipc   s11, 0x0
core   0: 3 0x80009c3a (0x00000d97) x27 0x80009c3a
core   0: 0x80009c3e (0x442d8d93) addi    s11, s11, 1090
core   0: 3 0x80009c3e (0x442d8d93) x27 0x8000a07c
core   0: 0x80009c42 (0x00000001) c.nop
core   0: 3 0x80009c42 (0x0001)
core   0: 0x80009c44 (0x00000001) c.nop
core   0: 3 0x80009c44 (0x0001)
core   0: 0x80009c46 (0x00004661) c.li    a2, 24
core   0: 3 0x80009c46 (0x4661) x12 0x00000018
core   0: 0x80009c48 (0x00008f6d) c.and   a4, a1
core   0: 3 0x80009c48 (0x8f6d) x14 0x3ba26ce2
core   0: 0x80009c4a (0xdf2d8d93) addi    s11, s11, -526
core   0: 3 0x80009c4a (0xdf2d8d93) x27 0x80009e6e
core   0: 0x80009c4e (0x01519c33) sll     s8, gp, s5
core   0: 3 0x80009c4e (0x01519c33) x24 0x00000000
core   0: 0x80009c52 (0x54272313) slti    t1, a4, 1346
core   0: 3 0x80009c52 (0x54272313) x 6 0x00000000
core   0: 0x80009c56 (0x20ed8ce7) jalr    s9, s11, 526
core   0: 3 0x80009c56 (0x20ed8ce7) x25 0x80009c5a
core   0: 0x8000a07c (0x02b44033) div     zero, s0, a1
core   0: 3 0x8000a07c (0x02b44033)
core   0: 0x8000a080 (0x5c97ff13) andi    t5, a5, 1481
core   0: 3 0x8000a080 (0x5c97ff13) x30 0x00000488
core   0: 0x8000a084 (0x41fe5013) srai    zero, t3, 31
core   0: 3 0x8000a084 (0x41fe5013)
core   0: 0x8000a088 (0x2d58aa37) lui     s4, 0x2d58a
core   0: 3 0x8000a088 (0x2d58aa37) x20 0x2d58a000
core   0: 0x8000a08c (0x00001291) c.addi  t0, -28
core   0: 3 0x8000a08c (0x1291) x 5 0x80022e3c
core   0: 0x8000a08e (0x015edd33) srl     s10, t4, s5
core   0: 3 0x8000a08e (0x015edd33) x26 0x00000000
core   0: 0x8000a092 (0x01f78c33) add     s8, a5, t6
core   0: 3 0x8000a092 (0x01f78c33) x24 0xc45d4ebe
core   0: 0x8000a096 (0x03bb6f33) rem     t5, s6, s11
core   0: 3 0x8000a096 (0x03bb6f33) x30 0xfffffdcc
core   0: 0x8000a09a (0x0192a223) sw      s9, 4(t0)
core   0: 3 0x8000a09a (0x0192a223) mem 0x80022e40 0x80009c5a
core   0: 0x8000a09e (0x00000001) c.nop
core   0: 3 0x8000a09e (0x0001)
core   0: 0x8000a0a0 (0x005b75b3) and     a1, s6, t0
core   0: 3 0x8000a0a0 (0x005b75b3) x11 0x80000c38
core   0: 0x8000a0a4 (0x00009d97) auipc   s11, 0x9
core   0: 3 0x8000a0a4 (0x00009d97) x27 0x800130a4
core   0: 0x8000a0a8 (0x79ad8d93) addi    s11, s11, 1946
core   0: 3 0x8000a0a8 (0x79ad8d93) x27 0x8001383e
core   0: 0x8000a0ac (0x401e8eb3) sub     t4, t4, ra
core   0: 3 0x8000a0ac (0x401e8eb3) x29 0xfffed000
core   0: 0x8000a0b0 (0x00000001) c.nop
core   0: 3 0x8000a0b0 (0x0001)
core   0: 0x8000a0b2 (0xfe5d8c83) lb      s9, -27(s11)
core   0: 3 0x8000a0b2 (0xfe5d8c83) x25 0xffffffb2 mem 0x80013823
core   0: 0x8000a0b6 (0x41858f33) sub     t5, a1, s8
core   0: 3 0x8000a0b6 (0x41858f33) x30 0xbba2bd7a
core   0: 0x8000a0ba (0x050dd183) lhu     gp, 80(s11)
core   0: 3 0x8000a0ba (0x050dd183) x 3 0x0000463b mem 0x8001388e
core   0: 0x8000a0be (0x01adce03) lbu     t3, 26(s11)
core   0: 3 0x8000a0be (0x01adce03) x28 0x00000086 mem 0x80013858
core   0: 0x8000a0c2 (0x0205b633) mulhu   a2, a1, zero
core   0: 3 0x8000a0c2 (0x0205b633) x12 0x00000000
core   0: 0x8000a0c6 (0x0000100f) fence.i
core   0: 3 0x8000a0c6 (0x0000100f)
core   0: 0x8000a0ca (0xf5adcc03) lbu     s8, -166(s11)
core   0: 3 0x8000a0ca (0xf5adcc03) x24 0x0000009e mem 0x80013798
core   0: 0x8000a0ce (0x02f0d0b3) divu    ra, ra, a5
core   0: 3 0x8000a0ce (0x02f0d0b3) x 1 0x00000000
core   0: 0x8000a0d2 (0x00051393) slli    t2, a0, 0
core   0: 3 0x8000a0d2 (0x00051393) x 7 0x0485879c
core   0: 0x8000a0d6 (0x076dc803) lbu     a6, 118(s11)
core   0: 3 0x8000a0d6 (0x076dc803) x16 0x0000003a mem 0x800138b4
core   0: 0x8000a0da (0x41c65513) srai    a0, a2, 28
core   0: 3 0x8000a0da (0x41c65513) x10 0x00000000
core   0: 0x8000a0de (0xfdad8ea3) sb      s10, -35(s11)
core   0: 3 0x8000a0de (0xfdad8ea3) mem 0x8001381b 0x0
core   0: 0x8000a0e2 (0xd114b737) lui     a4, 0xd114b
core   0: 3 0x8000a0e2 (0xd114b737) x14 0xd114b000
core   0: 0x8000a0e6 (0xe0e77593) andi    a1, a4, -498
core   0: 3 0x8000a0e6 (0xe0e77593) x11 0xd114b000
core   0: 0x8000a0ea (0x003c8933) add     s2, s9, gp
core   0: 3 0x8000a0ea (0x003c8933) x18 0x000045ed
core   0: 0x8000a0ee (0x0a0d8603) lb      a2, 160(s11)
core   0: 3 0x8000a0ee (0x0a0d8603) x12 0xffffff86 mem 0x800138de
core   0: 0x8000a0f2 (0xf1cd8ea3) sb      t3, -227(s11)
core   0: 3 0x8000a0f2 (0xf1cd8ea3) mem 0x8001375b 0x86
core   0: 0x8000a0f6 (0x01cd8223) sb      t3, 4(s11)
core   0: 3 0x8000a0f6 (0x01cd8223) mem 0x80013842 0x86
core   0: 0x8000a0fa (0x0ff0000f) fence   iorw,iorw
core   0: 3 0x8000a0fa (0x0ff0000f)
core   0: 0x8000a0fe (0x41ac0b33) sub     s6, s8, s10
core   0: 3 0x8000a0fe (0x41ac0b33) x22 0x0000009e
core   0: 0x8000a102 (0xf43dca03) lbu     s4, -189(s11)
core   0: 3 0x8000a102 (0xf43dca03) x20 0x000000b2 mem 0x80013781
core   0: 0x8000a106 (0x01ccf7b3) and     a5, s9, t3
core   0: 3 0x8000a106 (0x01ccf7b3) x15 0x00000082
core   0: 0x8000a10a (0x03b07eb3) remu    t4, zero, s11
core   0: 3 0x8000a10a (0x03b07eb3) x29 0x00000000
core   0: 0x8000a10e (0x01bd8f23) sb      s11, 30(s11)
core   0: 3 0x8000a10e (0x01bd8f23) mem 0x8001385c 0x3e
core   0: 0x8000a112 (0xf94d89a3) sb      s4, -109(s11)
core   0: 3 0x8000a112 (0xf94d89a3) mem 0x800137d1 0xb2
core   0: 0x8000a116 (0x00003a97) auipc   s5, 0x3
core   0: 3 0x8000a116 (0x00003a97) x21 0x8000d116
core   0: 0x8000a11a (0x6f4a8a93) addi    s5, s5, 1780
core   0: 3 0x8000a11a (0x6f4a8a93) x21 0x8000d80a
core   0: 0x8000a11e (0x020239b3) mulhu   s3, tp, zero
core   0: 3 0x8000a11e (0x020239b3) x19 0x00000000
core   0: 0x8000a122 (0x0efa87a3) sb      a5, 239(s5)
core   0: 3 0x8000a122 (0x0efa87a3) mem 0x8000d8f9 0x82
core   0: 0x8000a126 (0x40b95613) srai    a2, s2, 11
core   0: 3 0x8000a126 (0x40b95613) x12 0x00000008
core   0: 0x8000a12a (0x023c0733) mul     a4, s8, gp
core   0: 3 0x8000a12a (0x023c0733) x14 0x002b586a
core   0: 0x8000a12e (0xfbba9c23) sh      s11, -72(s5)
core   0: 3 0x8000a12e (0xfbba9c23) mem 0x8000d7c2 0x383e
core   0: 0x8000a132 (0x0bda89a3) sb      t4, 179(s5)
core   0: 3 0x8000a132 (0x0bda89a3) mem 0x8000d8bd 0x0
core   0: 0x8000a136 (0x007faeb3) slt     t4, t6, t2
core   0: 3 0x8000a136 (0x007faeb3) x29 0x00000001
core   0: 0x8000a13a (0x8fab3c93) sltiu   s9, s6, -1798
core   0: 3 0x8000a13a (0x8fab3c93) x25 0x00000001
core   0: 0x8000a13e (0x00000001) c.nop
core   0: 3 0x8000a13e (0x0001)
core   0: 0x8000a140 (0xff1f0793) addi    a5, t5, -15
core   0: 3 0x8000a140 (0xff1f0793) x15 0xbba2bd6b
core   0: 0x8000a144 (0xf91acc83) lbu     s9, -111(s5)
core   0: 3 0x8000a144 (0xf91acc83) x25 0x000000fe mem 0x8000d79b
core   0: 0x8000a148 (0x00000001) c.nop
core   0: 3 0x8000a148 (0x0001)
core   0: 0x8000a14a (0x00000001) c.nop
core   0: 3 0x8000a14a (0x0001)
core   0: 0x8000a14c (0xf08ac483) lbu     s1, -248(s5)
core   0: 3 0x8000a14c (0xf08ac483) x 9 0x00000063 mem 0x8000d712
core   0: 0x8000a150 (0x1a6be593) ori     a1, s7, 422
core   0: 3 0x8000a150 (0x1a6be593) x11 0x000001a6
core   0: 0x8000a154 (0x00008e39) c.xor   a2, a4
core   0: 3 0x8000a154 (0x8e39) x12 0x002b5862
core   0: 0x8000a156 (0x8d8e4f93) xori    t6, t3, -1832
core   0: 3 0x8000a156 (0x8d8e4f93) x31 0xfffff85e
core   0: 0x8000a15a (0x0dea8e23) sb      t5, 220(s5)
core   0: 3 0x8000a15a (0x0dea8e23) mem 0x8000d8e6 0x7a
core   0: 0x8000a15e (0x410cde33) sra     t3, s9, a6
core   0: 3 0x8000a15e (0x410cde33) x28 0x00000000
core   0: 0x8000a162 (0x00d443b3) xor     t2, s0, a3
core   0: 3 0x8000a162 (0x00d443b3) x 7 0xfffffcb8
core   0: 0x8000a166 (0x02ee4633) div     a2, t3, a4
core   0: 3 0x8000a166 (0x02ee4633) x12 0x00000000
core   0: 0x8000a16a (0xf17a8b83) lb      s7, -233(s5)
core   0: 3 0x8000a16a (0xf17a8b83) x23 0xffffffae mem 0x8000d721
core   0: 0x8000a16e (0x004ba5b3) slt     a1, s7, tp
core   0: 3 0x8000a16e (0x004ba5b3) x11 0x00000000
core   0: 0x8000a172 (0x04dacc83) lbu     s9, 77(s5)
core   0: 3 0x8000a172 (0x04dacc83) x25 0x00000069 mem 0x8000d857
core   0: 0x8000a176 (0x00000cf1) c.addi  s9, 28
core   0: 3 0x8000a176 (0x0cf1) x25 0x00000085
core   0: 0x8000a178 (0xf8da8fa3) sb      a3, -97(s5)
core   0: 3 0x8000a178 (0xf8da8fa3) mem 0x8000d7a9 0x0
core   0: 0x8000a17c (0x0c7ac703) lbu     a4, 199(s5)
core   0: 3 0x8000a17c (0x0c7ac703) x14 0x00000065 mem 0x8000d8d1
core   0: 0x8000a180 (0x038dc7b3) div     a5, s11, s8
core   0: 3 0x8000a180 (0x038dc7b3) x15 0xff309d86
core   0: 0x8000a184 (0xf01a8303) lb      t1, -255(s5)
core   0: 3 0x8000a184 (0xf01a8303) x 6 0xffffffb2 mem 0x8000d70b
core   0: 0x8000a188 (0xd1fc2c93) slti    s9, s8, -737
core   0: 3 0x8000a188 (0xd1fc2c93) x25 0x00000000
core   0: 0x8000a18c (0x09dace83) lbu     t4, 157(s5)
core   0: 3 0x8000a18c (0x09dace83) x29 0x000000f2 mem 0x8000d8a7
core   0: 0x8000a190 (0x00008316) c.mv    t1, t0
core   0: 3 0x8000a190 (0x8316) x 6 0x80022e3c
core   0: 0x8000a192 (0x03eaaf23) sw      t5, 62(s5)
core   0: 3 0x8000a192 (0x03eaaf23) mem 0x8000d848 0xbba2bd7a
core   0: 0x8000a196 (0x0000ca17) auipc   s4, 0xc
core   0: 3 0x8000a196 (0x0000ca17) x20 0x80016196
core   0: 0x8000a19a (0x8ffa0a13) addi    s4, s4, -1793
core   0: 3 0x8000a19a (0x8ffa0a13) x20 0x80015a95
core   0: 0x8000a19e (0x7c7a0223) sb      t2, 1988(s4)
core   0: 3 0x8000a19e (0x7c7a0223) mem 0x80016259 0xb8
core   0: 0x8000a1a2 (0x327a5e83) lhu     t4, 807(s4)
core   0: 3 0x8000a1a2 (0x327a5e83) x29 0x0000be6a mem 0x80015dbc
core   0: 0x8000a1a6 (0x20984013) xori    zero, a6, 521
core   0: 3 0x8000a1a6 (0x20984013)
core   0: 0x8000a1aa (0x053a5503) lhu     a0, 83(s4)
core   0: 3 0x8000a1aa (0x053a5503) x10 0x00008cbf mem 0x80015ae8
core   0: 0x8000a1ae (0x5e7a5183) lhu     gp, 1511(s4)
core   0: 3 0x8000a1ae (0x5e7a5183) x 3 0x00006d0a mem 0x8001607c
core   0: 0x8000a1b2 (0xc39a0d23) sb      s9, -966(s4)
core   0: 3 0x8000a1b2 (0xc39a0d23) mem 0x800156cf 0x0
core   0: 0x8000a1b6 (0x0000100f) fence.i
core   0: 3 0x8000a1b6 (0x0000100f)
core   0: 0x8000a1ba (0xedaa0083) lb      ra, -294(s4)
core   0: 3 0x8000a1ba (0xedaa0083) x 1 0x0000000f mem 0x8001596f
core   0: 0x8000a1be (0x2b4a4083) lbu     ra, 692(s4)
core   0: 3 0x8000a1be (0x2b4a4083) x 1 0x00000015 mem 0x80015d49
core   0: 0x8000a1c2 (0xfb9a0123) sb      s9, -94(s4)
core   0: 3 0x8000a1c2 (0xfb9a0123) mem 0x80015a37 0x0
core   0: 0x8000a1c6 (0x8c2a0b23) sb      sp, -1834(s4)
core   0: 3 0x8000a1c6 (0x8c2a0b23) mem 0x8001536b 0xc
core   0: 0x8000a1ca (0x00002e33) slt     t3, zero, zero
core   0: 3 0x8000a1ca (0x00002e33) x28 0x00000000
core   0: 0x8000a1ce (0x44da18a3) sh      a3, 1105(s4)
core   0: 3 0x8000a1ce (0x44da18a3) mem 0x80015ee6 0x0000
core   0: 0x8000a1d2 (0x000088d1) c.andi  s1, 20
core   0: 3 0x8000a1d2 (0x88d1) x 9 0x00000000
core   0: 0x8000a1d4 (0x00008fb9) c.xor   a5, a4
core   0: 3 0x8000a1d4 (0x8fb9) x15 0xff309de3
core   0: 0x8000a1d6 (0x00350b33) add     s6, a0, gp
core   0: 3 0x8000a1d6 (0x00350b33) x22 0x0000f9c9
core   0: 0x8000a1da (0x40d055b3) sra     a1, zero, a3
core   0: 3 0x8000a1da (0x40d055b3) x11 0x00000000
core   0: 0x8000a1de (0x4e2a0d03) lb      s10, 1250(s4)
core   0: 3 0x8000a1de (0x4e2a0d03) x26 0x00000014 mem 0x80015f77
core   0: 0x8000a1e2 (0xcfca4e03) lbu     t3, -772(s4)
core   0: 3 0x8000a1e2 (0xcfca4e03) x28 0x000000a4 mem 0x80015791
core   0: 0x8000a1e6 (0x00009afd) c.andi  a3, -1
core   0: 3 0x8000a1e6 (0x9afd) x13 0x00000000
core   0: 0x8000a1e8 (0xa63a14a3) sh      gp, -1431(s4)
core   0: 3 0x8000a1e8 (0xa63a14a3) mem 0x800154fe 0x6d0a
core   0: 0x8000a1ec (0x03b31f33) mulh    t5, t1, s11
core   0: 3 0x8000a1ec (0x03b31f33) x30 0x3ffe4cc5
core   0: 0x8000a1f0 (0x757a0223) sb      s7, 1860(s4)
core   0: 3 0x8000a1f0 (0x757a0223) mem 0x800161d9 0xae
core   0: 0x8000a1f4 (0x2eaa4383) lbu     t2, 746(s4)
core   0: 3 0x8000a1f4 (0x2eaa4383) x 7 0x0000002e mem 0x80015d7f
core   0: 0x8000a1f8 (0xaf2a00a3) sb      s2, -1311(s4)
core   0: 3 0x8000a1f8 (0xaf2a00a3) mem 0x80015576 0xed
core   0: 0x8000a1fc (0x0000567d) c.li    a2, -1
core   0: 3 0x8000a1fc (0x567d) x12 0xffffffff
core   0: 0x8000a1fe (0x00bed033) srl     zero, t4, a1
core   0: 3 0x8000a1fe (0x00bed033)
core   0: 0x8000a202 (0x039b3cb3) mulhu   s9, s6, s9
core   0: 3 0x8000a202 (0x039b3cb3) x25 0x00000000
core   0: 0x8000a206 (0x2983f513) andi    a0, t2, 664
core   0: 3 0x8000a206 (0x2983f513) x10 0x00000008
core   0: 0x8000a20a (0x4dfa1703) lh      a4, 1247(s4)
core   0: 3 0x8000a20a (0x4dfa1703) x14 0x00002e2e mem 0x80015f74
core   0: 0x8000a20e (0xc94a0083) lb      ra, -876(s4)
core   0: 3 0x8000a20e (0xc94a0083) x 1 0x00000061 mem 0x80015729
core   0: 0x8000a212 (0xaeba19a3) sh      a1, -1293(s4)
core   0: 3 0x8000a212 (0xaeba19a3) mem 0x80015588 0x0000
core   0: 0x8000a216 (0x00008ec5) c.or    a3, s1
core   0: 3 0x8000a216 (0x8ec5) x13 0x00000000
core   0: 0x8000a218 (0x000003f2) c.slli  t2, 28
core   0: 3 0x8000a218 (0x03f2) x 7 0xe0000000
core   0: 0x8000a21a (0x8a102d93) slti    s11, zero, -1887
core   0: 3 0x8000a21a (0x8a102d93) x27 0x00000000
core   0: 0x8000a21e (0x84ca4c83) lbu     s9, -1972(s4)
core   0: 3 0x8000a21e (0x84ca4c83) x25 0x0000004b mem 0x800152e1
core   0: 0x8000a222 (0x745a5c83) lhu     s9, 1861(s4)
core   0: 3 0x8000a222 (0x745a5c83) x25 0x0000b95d mem 0x800161da
core   0: 0x8000a226 (0x00006e17) auipc   t3, 0x6
core   0: 3 0x8000a226 (0x00006e17) x28 0x80010226
core   0: 0x8000a22a (0x8a1e0e13) addi    t3, t3, -1887
core   0: 3 0x8000a22a (0x8a1e0e13) x28 0x8000fac7
core   0: 0x8000a22e (0xffbe1b03) lh      s6, -5(t3)
core   0: 3 0x8000a22e (0xffbe1b03) x22 0x000043d7 mem 0x8000fac2
core   0: 0x8000a232 (0xdb0878b7) lui     a7, 0xdb087
core   0: 3 0x8000a232 (0xdb0878b7) x17 0xdb087000
core   0: 0x8000a236 (0x0000100f) fence.i
core   0: 3 0x8000a236 (0x0000100f)
core   0: 0x8000a23a (0x00008f35) c.xor   a4, a3
core   0: 3 0x8000a23a (0x8f35) x14 0x00002e2e
core   0: 0x8000a23c (0x00000001) c.nop
core   0: 3 0x8000a23c (0x0001)
core   0: 0x8000a23e (0x0000100f) fence.i
core   0: 3 0x8000a23e (0x0000100f)
core   0: 0x8000a242 (0x031a4633) div     a2, s4, a7
core   0: 3 0x8000a242 (0x031a4633) x12 0x00000003
core   0: 0x8000a246 (0xfffe1503) lh      a0, -1(t3)
core   0: 3 0x8000a246 (0xfffe1503) x10 0x00004f98 mem 0x8000fac6
core   0: 0x8000a24a (0x00731913) slli    s2, t1, 7
core   0: 3 0x8000a24a (0x00731913) x18 0x01171e00
core   0: 0x8000a24e (0x01ae0523) sb      s10, 10(t3)
core   0: 3 0x8000a24e (0x01ae0523) mem 0x8000fad1 0x14
core   0: 0x8000a252 (0x001e0903) lb      s2, 1(t3)
core   0: 3 0x8000a252 (0x001e0903) x18 0xffffff88 mem 0x8000fac8
core   0: 0x8000a256 (0xff3e5383) lhu     t2, -13(t3)
core   0: 3 0x8000a256 (0xff3e5383) x 7 0x0000cf8a mem 0x8000faba
core   0: 0x8000a25a (0x011027b3) slt     a5, zero, a7
core   0: 3 0x8000a25a (0x011027b3) x15 0x00000000
core   0: 0x8000a25e (0xfffe1e83) lh      t4, -1(t3)
core   0: 3 0x8000a25e (0xfffe1e83) x29 0x00004f98 mem 0x8000fac6
core   0: 0x8000a262 (0x567c0eb7) lui     t4, 0x567c0
core   0: 3 0x8000a262 (0x567c0eb7) x29 0x567c0000
core   0: 0x8000a266 (0x0000100f) fence.i
core   0: 3 0x8000a266 (0x0000100f)
core   0: 0x8000a26a (0x011c25b3) slt     a1, s8, a7
core   0: 3 0x8000a26a (0x011c25b3) x11 0x00000000
core   0: 0x8000a26e (0x006e0703) lb      a4, 6(t3)
core   0: 3 0x8000a26e (0x006e0703) x14 0xffffff81 mem 0x8000facd
core   0: 0x8000a272 (0x000e0c83) lb      s9, 0(t3)
core   0: 3 0x8000a272 (0x000e0c83) x25 0x0000004f mem 0x8000fac7
core   0: 0x8000a276 (0x4122d533) sra     a0, t0, s2
core   0: 3 0x8000a276 (0x4122d533) x10 0xff80022e
core   0: 0x8000a27a (0x000090c2) c.add   ra, a6
core   0: 3 0x8000a27a (0x90c2) x 1 0x0000009b
core   0: 0x8000a27c (0x00de4a03) lbu     s4, 13(t3)
core   0: 3 0x8000a27c (0x00de4a03) x20 0x000000b5 mem 0x8000fad4
core   0: 0x8000a280 (0x00be0003) lb      zero, 11(t3)
core   0: 3 0x8000a280 (0x00be0003) mem 0x8000fad2
core   0: 0x8000a284 (0x025cb933) mulhu   s2, s9, t0
core   0: 3 0x8000a284 (0x025cb933) x18 0x00000027
core   0: 0x8000a288 (0x03557f33) remu    t5, a0, s5
core   0: 3 0x8000a288 (0x03557f33) x30 0x7f7f2a24
core   0: 0x8000a28c (0x00008721) c.srai  a4, 8
core   0: 3 0x8000a28c (0x8721) x14 0xffffffff
core   0: 0x8000a28e (0x9fc3bcb7) lui     s9, 0x9fc3b
core   0: 3 0x8000a28e (0x9fc3bcb7) x25 0x9fc3b000
core   0: 0x8000a292 (0x0178a533) slt     a0, a7, s7
core   0: 3 0x8000a292 (0x0178a533) x10 0x00000001
core   0: 0x8000a296 (0x01a1cbb3) xor     s7, gp, s10
core   0: 3 0x8000a296 (0x01a1cbb3) x23 0x00006d1e
core   0: 0x8000a29a (0x007e4a03) lbu     s4, 7(t3)
core   0: 3 0x8000a29a (0x007e4a03) x20 0x0000004e mem 0x8000face
core   0: 0x8000a29e (0x03b94b33) div     s6, s2, s11
core   0: 3 0x8000a29e (0x03b94b33) x22 0xffffffff
core   0: 0x8000a2a2 (0x00fe0023) sb      a5, 0(t3)
core   0: 3 0x8000a2a2 (0x00fe0023) mem 0x8000fac7 0x0
core   0: 0x8000a2a6 (0x0000100f) fence.i
core   0: 3 0x8000a2a6 (0x0000100f)
core   0: 0x8000a2aa (0x00de4f03) lbu     t5, 13(t3)
core   0: 3 0x8000a2aa (0x00de4f03) x30 0x000000b5 mem 0x8000fad4
core   0: 0x8000a2ae (0x01f21fb3) sll     t6, tp, t6
core   0: 3 0x8000a2ae (0x01f21fb3) x31 0x00000000
core   0: 0x8000a2b2 (0x02ef3333) mulhu   t1, t5, a4
core   0: 3 0x8000a2b2 (0x02ef3333) x 6 0x000000b4
core   0: 0x8000a2b6 (0x0000100f) fence.i
core   0: 3 0x8000a2b6 (0x0000100f)
core   0: 0x8000a2ba (0x01eebcb3) sltu    s9, t4, t5
core   0: 3 0x8000a2ba (0x01eebcb3) x25 0x00000000
core   0: 0x8000a2be (0x0000547d) c.li    s0, -1
core   0: 3 0x8000a2be (0x547d) x 8 0xffffffff
core   0: 0x8000a2c0 (0x199c3937) lui     s2, 0x199c3
core   0: 3 0x8000a2c0 (0x199c3937) x18 0x199c3000
core   0: 0x8000a2c4 (0x0ff0000f) fence   iorw,iorw
core   0: 3 0x8000a2c4 (0x0ff0000f)
core   0: 0x8000a2c8 (0xfe3e0f23) sb      gp, -2(t3)
core   0: 3 0x8000a2c8 (0xfe3e0f23) mem 0x8000fac5 0xa
core   0: 0x8000a2cc (0x00003597) auipc   a1, 0x3
core   0: 3 0x8000a2cc (0x00003597) x11 0x8000d2cc
core   0: 0x8000a2d0 (0x24258593) addi    a1, a1, 578
core   0: 3 0x8000a2d0 (0x24258593) x11 0x8000d50e
core   0: 0x8000a2d4 (0xb705c003) lbu     zero, -1168(a1)
core   0: 3 0x8000a2d4 (0xb705c003) mem 0x8000d07e
core   0: 0x8000a2d8 (0x000081aa) c.mv    gp, a0
core   0: 3 0x8000a2d8 (0x81aa) x 3 0x00000001
core   0: 0x8000a2da (0x08258523) sb      sp, 138(a1)
core   0: 3 0x8000a2da (0x08258523) mem 0x8000d598 0xc
core   0: 0x8000a2de (0x029f2b33) mulhsu  s6, t5, s1
core   0: 3 0x8000a2de (0x029f2b33) x22 0x00000000
core   0: 0x8000a2e2 (0x3995c403) lbu     s0, 921(a1)
core   0: 3 0x8000a2e2 (0x3995c403) x 8 0x000000f2 mem 0x8000d8a7
core   0: 0x8000a2e6 (0x0000197d) c.addi  s2, -1
core   0: 3 0x8000a2e6 (0x197d) x18 0x199c2fff
core   0: 0x8000a2e8 (0x3785c603) lbu     a2, 888(a1)
core   0: 3 0x8000a2e8 (0x3785c603) x12 0x000000ba mem 0x8000d886
core   0: 0x8000a2ec (0xf6758003) lb      zero, -153(a1)
core   0: 3 0x8000a2ec (0xf6758003) mem 0x8000d475
core   0: 0x8000a2f0 (0x02e59903) lh      s2, 46(a1)
core   0: 3 0x8000a2f0 (0x02e59903) x18 0x00003cca mem 0x8000d53c
core   0: 0x8000a2f4 (0x02425033) divu    zero, tp, tp
core   0: 3 0x8000a2f4 (0x02425033)
core   0: 0x8000a2f8 (0x73c58823) sb      t3, 1840(a1)
core   0: 3 0x8000a2f8 (0x73c58823) mem 0x8000dc3e 0xc7
core   0: 0x8000a2fc (0x29658483) lb      s1, 662(a1)
core   0: 3 0x8000a2fc (0x29658483) x 9 0x0000004c mem 0x8000d7a4
core   0: 0x8000a300 (0x40bd5613) srai    a2, s10, 11
core   0: 3 0x8000a300 (0x40bd5613) x12 0x00000000
core   0: 0x8000a304 (0x1f882517) auipc   a0, 0x1f882
core   0: 3 0x8000a304 (0x1f882517) x10 0x9f88c304
core   0: 0x8000a308 (0x4755a323) sw      s5, 1126(a1)
core   0: 3 0x8000a308 (0x4755a323) mem 0x8000d974 0x8000d80a
core   0: 0x8000a30c (0x40acd893) srai    a7, s9, 10
core   0: 3 0x8000a30c (0x40acd893) x17 0x00000000
core   0: 0x8000a310 (0x037d0033) mul     zero, s10, s7
core   0: 3 0x8000a310 (0x037d0033)
core   0: 0x8000a314 (0x00edd793) srli    a5, s11, 14
core   0: 3 0x8000a314 (0x00edd793) x15 0x00000000
core   0: 0x8000a318 (0x01782833) slt     a6, a6, s7
core   0: 3 0x8000a318 (0x01782833) x16 0x00000001
core   0: 0x8000a31c (0x0ff0000f) fence   iorw,iorw
core   0: 3 0x8000a31c (0x0ff0000f)
core   0: 0x8000a320 (0xf815af23) sw      ra, -98(a1)
core   0: 3 0x8000a320 (0xf815af23) mem 0x8000d4ac 0x0000009b
core   0: 0x8000a324 (0x77c44c93) xori    s9, s0, 1916
core   0: 3 0x8000a324 (0x77c44c93) x25 0x0000078e
core   0: 0x8000a328 (0x0000100f) fence.i
core   0: 3 0x8000a328 (0x0000100f)
core   0: 0x8000a32c (0x58958a03) lb      s4, 1417(a1)
core   0: 3 0x8000a32c (0x58958a03) x20 0xffffffba mem 0x8000da97
core   0: 0x8000a330 (0x6345c983) lbu     s3, 1588(a1)
core   0: 3 0x8000a330 (0x6345c983) x19 0x00000019 mem 0x8000db42
core   0: 0x8000a334 (0x01f98bb3) add     s7, s3, t6
core   0: 3 0x8000a334 (0x01f98bb3) x23 0x00000019
core   0: 0x8000a338 (0x0a05ce03) lbu     t3, 160(a1)
core   0: 3 0x8000a338 (0x0a05ce03) x28 0x00000079 mem 0x8000d5ae
core   0: 0x8000a33c (0x08a5ad03) lw      s10, 138(a1)
core   0: 3 0x8000a33c (0x08a5ad03) x26 0xe65e110c mem 0x8000d598
core   0: 0x8000a340 (0x677588a3) sb      s7, 1649(a1)
core   0: 3 0x8000a340 (0x677588a3) mem 0x8000db7f 0x19
core   0: 0x8000a344 (0xa5759bb7) lui     s7, 0xa5759
core   0: 3 0x8000a344 (0xa5759bb7) x23 0xa5759000
core   0: 0x8000a348 (0x5c9582a3) sb      s1, 1477(a1)
core   0: 3 0x8000a348 (0x5c9582a3) mem 0x8000dad3 0x4c
core   0: 0x8000a34c (0x03899bb3) mulh    s7, s3, s8
core   0: 3 0x8000a34c (0x03899bb3) x23 0x00000000
core   0: 0x8000a350 (0xd0158503) lb      a0, -767(a1)
core   0: 3 0x8000a350 (0xd0158503) x10 0xffffffe7 mem 0x8000d20f
core   0: 0x8000a354 (0x09558b03) lb      s6, 149(a1)
core   0: 3 0x8000a354 (0x09558b03) x22 0x00000040 mem 0x8000d5a3
core   0: 0x8000a358 (0x00000001) c.nop
core   0: 3 0x8000a358 (0x0001)
core   0: 0x8000a35a (0x6994ae13) slti    t3, s1, 1689
core   0: 3 0x8000a35a (0x6994ae13) x28 0x00000001
core   0: 0x8000a35e (0x00008fa1) c.xor   a5, s0
core   0: 3 0x8000a35e (0x8fa1) x15 0x000000f2
core   0: 0x8000a360 (0x7b859823) sh      s8, 1968(a1)
core   0: 3 0x8000a360 (0x7b859823) mem 0x8000dcbe 0x009e
core   0: 0x8000a364 (0x057584a3) sb      s7, 73(a1)
core   0: 3 0x8000a364 (0x057584a3) mem 0x8000d557 0x0
core   0: 0x8000a368 (0x00008491) c.srai  s1, 4
core   0: 3 0x8000a368 (0x8491) x 9 0x00000004
core   0: 0x8000a36a (0xd5858b03) lb      s6, -680(a1)
core   0: 3 0x8000a36a (0xd5858b03) x22 0xffffffba mem 0x8000d266
core   0: 0x8000a36e (0x6d158683) lb      a3, 1745(a1)
core   0: 3 0x8000a36e (0x6d158683) x13 0xfffffff9 mem 0x8000dbdf
core   0: 0x8000a372 (0x02b597b3) mulh    a5, a1, a1
core   0: 3 0x8000a372 (0x02b597b3) x15 0x3fff2af2
core   0: 0x8000a376 (0x75058b23) sb      a6, 1878(a1)
core   0: 3 0x8000a376 (0x75058b23) mem 0x8000dc64 0x1
core   0: 0x8000a37a (0x3c55c603) lbu     a2, 965(a1)
core   0: 3 0x8000a37a (0x3c55c603) x12 0x00000014 mem 0x8000d8d3
core   0: 0x8000a37e (0x00009afd) c.andi  a3, -1
core   0: 3 0x8000a37e (0x9afd) x13 0xfffffff9
core   0: 0x8000a380 (0x0137bdb3) sltu    s11, a5, s3
core   0: 3 0x8000a380 (0x0137bdb3) x27 0x00000000
core   0: 0x8000a384 (0x0d458083) lb      ra, 212(a1)
core   0: 3 0x8000a384 (0x0d458083) x 1 0x00000000 mem 0x8000d5e2
core   0: 0x8000a388 (0x03a7e4b3) rem     s1, a5, s10
core   0: 3 0x8000a388 (0x03a7e4b3) x 9 0x0cbb4d0a
core   0: 0x8000a38c (0xeec5df03) lhu     t5, -276(a1)
core   0: 3 0x8000a38c (0xeec5df03) x30 0x000067ce mem 0x8000d3fa
core   0: 0x8000a390 (0x008e0db3) add     s11, t3, s0
core   0: 3 0x8000a390 (0x008e0db3) x27 0x000000f3
core   0: 0x8000a394 (0xb8363813) sltiu   a6, a2, -1149
core   0: 3 0x8000a394 (0xb8363813) x16 0x00000001
core   0: 0x8000a398 (0x403cd393) srai    t2, s9, 3
core   0: 3 0x8000a398 (0x403cd393) x 7 0x000000f1
core   0: 0x8000a39c (0x000006cd) c.addi  a3, 19
core   0: 3 0x8000a39c (0x06cd) x13 0x0000000c
core   0: 0x8000a39e (0xcb15a123) sw      a7, -862(a1)
core   0: 3 0x8000a39e (0xcb15a123) mem 0x8000d1b0 0x00000000
core   0: 0x8000a3a2 (0x3d658c23) sb      s6, 984(a1)
core   0: 3 0x8000a3a2 (0x3d658c23) mem 0x8000d8e6 0xba
core   0: 0x8000a3a6 (0x1825a123) sw      sp, 386(a1)
core   0: 3 0x8000a3a6 (0x1825a123) mem 0x8000d690 0x0000000c
core   0: 0x8000a3aa (0x130580a3) sb      a6, 289(a1)
core   0: 3 0x8000a3aa (0x130580a3) mem 0x8000d62f 0x1
core   0: 0x8000a3ae (0x01b05e33) srl     t3, zero, s11
core   0: 3 0x8000a3ae (0x01b05e33) x28 0x00000000
core   0: 0x8000a3b2 (0xafb68993) addi    s3, a3, -1285
core   0: 3 0x8000a3b2 (0xafb68993) x19 0xfffffb07
core   0: 0x8000a3b6 (0x036c57b3) divu    a5, s8, s6
core   0: 3 0x8000a3b6 (0x036c57b3) x15 0x00000000
core   0: 0x8000a3ba (0x005fc033) xor     zero, t6, t0
core   0: 3 0x8000a3ba (0x005fc033)
core   0: 0x8000a3be (0x9cdba313) slti    t1, s7, -1587
core   0: 3 0x8000a3be (0x9cdba313) x 6 0x00000000
core   0: 0x8000a3c2 (0x01f3efb3) or      t6, t2, t6
core   0: 3 0x8000a3c2 (0x01f3efb3) x31 0x000000f1
core   0: 0x8000a3c6 (0x01fdbc33) sltu    s8, s11, t6
core   0: 3 0x8000a3c6 (0x01fdbc33) x24 0x00000000
core   0: 0x8000a3ca (0x00008fa1) c.xor   a5, s0
core   0: 3 0x8000a3ca (0x8fa1) x15 0x000000f2
core   0: 0x8000a3cc (0x03d473b3) remu    t2, s0, t4
core   0: 3 0x8000a3cc (0x03d473b3) x 7 0x000000f2
core   0: 0x8000a3d0 (0x7585e693) ori     a3, a1, 1880
core   0: 3 0x8000a3d0 (0x7585e693) x13 0x8000d75e
core   0: 0x8000a3d4 (0x019f0633) add     a2, t5, s9
core   0: 3 0x8000a3d4 (0x019f0633) x12 0x00006f5c
core   0: 0x8000a3d8 (0x033b9963) bne     s7, s3, pc + 50
core   0: 3 0x8000a3d8 (0x033b9963)
core   0: 0x8000a40a (0x03e5de63) bge     a1, t5, pc + 60
core   0: 3 0x8000a40a (0x03e5de63)
core   0: 0x8000a40e (0x01ced393) srli    t2, t4, 28
core   0: 3 0x8000a40e (0x01ced393) x 7 0x00000005
core   0: 0x8000a412 (0x000047b1) c.li    a5, 12
core   0: 3 0x8000a412 (0x47b1) x15 0x0000000c
core   0: 0x8000a414 (0x0000c009) c.beqz  s0, pc + 2
core   0: 3 0x8000a414 (0xc009)
core   0: 0x8000a416 (0x004554b3) srl     s1, a0, tp
core   0: 3 0x8000a416 (0x004554b3) x 9 0x0ffffffe
core   0: 0x8000a41a (0x0000e605) c.bnez  a2, pc + 40
core   0: 3 0x8000a41a (0xe605)
core   0: 0x8000a442 (0x023cdc63) bge     s9, gp, pc + 56
core   0: 3 0x8000a442 (0x023cdc63)
core   0: 0x8000a47a (0x72d7bf13) sltiu   t5, a5, 1837
core   0: 3 0x8000a47a (0x72d7bf13) x30 0x00000001
core   0: 0x8000a47e (0x00d66663) bltu    a2, a3, pc + 12
core   0: 3 0x8000a47e (0x00d66663)
core   0: 0x8000a48a (0x032dfb33) remu    s6, s11, s2
core   0: 3 0x8000a48a (0x032dfb33) x22 0x000000f3
core   0: 0x8000a48e (0x00ff7533) and     a0, t5, a5
core   0: 3 0x8000a48e (0x00ff7533) x10 0x00000000
core   0: 0x8000a492 (0x96672a13) slti    s4, a4, -1690
core   0: 3 0x8000a492 (0x96672a13) x20 0x00000000
core   0: 0x8000a496 (0x00008dc5) c.or    a1, s1
core   0: 3 0x8000a496 (0x8dc5) x11 0x8ffffffe
core   0: 0x8000a498 (0x02b99f63) bne     s3, a1, pc + 62
core   0: 3 0x8000a498 (0x02b99f63)
core   0: 0x8000a4d6 (0x02d3cf63) blt     t2, a3, pc + 62
core   0: 3 0x8000a4d6 (0x02d3cf63)
core   0: 0x8000a4da (0x02bfa7b3) mulhsu  a5, t6, a1
core   0: 3 0x8000a4da (0x02bfa7b3) x15 0x00000087
core   0: 0x8000a4de (0x000086a5) c.srai  a3, 9
core   0: 3 0x8000a4de (0x86a5) x13 0xffc0006b
core   0: 0x8000a4e0 (0x000068a1) c.lui   a7, 0x8
core   0: 3 0x8000a4e0 (0x68a1) x17 0x00008000
core   0: 0x8000a4e2 (0x000084b9) c.srai  s1, 14
core   0: 3 0x8000a4e2 (0x84b9) x 9 0x00003fff
core   0: 0x8000a4e4 (0x00008cdd) c.or    s1, a5
core   0: 3 0x8000a4e4 (0x8cdd) x 9 0x00003fff
core   0: 0x8000a4e6 (0x00008df9) c.and   a1, a4
core   0: 3 0x8000a4e6 (0x8df9) x11 0x8ffffffe
core   0: 0x8000a4e8 (0x5e820e13) addi    t3, tp, 1512
core   0: 3 0x8000a4e8 (0x5e820e13) x28 0x800272cc
core   0: 0x8000a4ec (0x02fcf163) bgeu    s9, a5, pc + 34
core   0: 3 0x8000a4ec (0x02fcf163)
core   0: 0x8000a50e (0x00008ecd) c.or    a3, a1
core   0: 3 0x8000a50e (0x8ecd) x13 0xffffffff
core   0: 0x8000a510 (0x00000001) c.nop
core   0: 3 0x8000a510 (0x0001)
core   0: 0x8000a512 (0x000050fd) c.li    ra, -1
core   0: 3 0x8000a512 (0x50fd) x 1 0xffffffff
core   0: 0x8000a514 (0xb569eb13) ori     s6, s3, -1194
core   0: 3 0x8000a514 (0xb569eb13) x22 0xfffffb57
core   0: 0x8000a518 (0x0000c195) c.beqz  a1, pc + 36
core   0: 3 0x8000a518 (0xc195)
core   0: 0x8000a51a (0x02268e33) mul     t3, a3, sp
core   0: 3 0x8000a51a (0x02268e33) x28 0xfffffff4
core   0: 0x8000a51e (0x0000ed09) c.bnez  a0, pc + 26
core   0: 3 0x8000a51e (0xed09)
core   0: 0x8000a520 (0x022f51b3) divu    gp, t5, sp
core   0: 3 0x8000a520 (0x022f51b3) x 3 0x00000000
core   0: 0x8000a524 (0x000087e1) c.srai  a5, 24
core   0: 3 0x8000a524 (0x87e1) x15 0x00000000
core   0: 0x8000a526 (0x00000001) c.nop
core   0: 3 0x8000a526 (0x0001)
core   0: 0x8000a528 (0x00004651) c.li    a2, 20
core   0: 3 0x8000a528 (0x4651) x12 0x00000014
core   0: 0x8000a52a (0x0000934a) c.add   t1, s2
core   0: 3 0x8000a52a (0x934a) x 6 0x00003cca
core   0: 0x8000a52c (0x4b55eb13) ori     s6, a1, 1205
core   0: 3 0x8000a52c (0x4b55eb13) x22 0x8fffffff
core   0: 0x8000a530 (0x23903393) sltiu   t2, zero, 569
core   0: 3 0x8000a530 (0x23903393) x 7 0x00000001
core   0: 0x8000a534 (0x01a02d33) slt     s10, zero, s10
core   0: 3 0x8000a534 (0x01a02d33) x26 0x00000000
core   0: 0x8000a538 (0x01973d33) sltu    s10, a4, s9
core   0: 3 0x8000a538 (0x01973d33) x26 0x00000000
core   0: 0x8000a53c (0x00b55eb3) srl     t4, a0, a1
core   0: 3 0x8000a53c (0x00b55eb3) x29 0x00000000
core   0: 0x8000a540 (0x03520ab3) mul     s5, tp, s5
core   0: 3 0x8000a540 (0x03520ab3) x21 0x0bf8a0e8
core   0: 0x8000a544 (0x00000b7e) c.slli  s6, 31
core   0: 3 0x8000a544 (0x0b7e) x22 0x80000000
core   0: 0x8000a546 (0x02df2fb3) mulhsu  t6, t5, a3
core   0: 3 0x8000a546 (0x02df2fb3) x31 0x00000000
core   0: 0x8000a54a (0x00d435b3) sltu    a1, s0, a3
core   0: 3 0x8000a54a (0x00d435b3) x11 0x00000001
core   0: 0x8000a54e (0x0059ff33) and     t5, s3, t0
core   0: 3 0x8000a54e (0x0059ff33) x30 0x80022a04
core   0: 0x8000a552 (0x02d85e63) bge     a6, a3, pc + 60
core   0: 3 0x8000a552 (0x02d85e63)
core   0: 0x8000a58e (0x0b58a637) lui     a2, 0xb58a
core   0: 3 0x8000a58e (0x0b58a637) x12 0x0b58a000
core   0: 0x8000a592 (0x0391b933) mulhu   s2, gp, s9
core   0: 3 0x8000a592 (0x0391b933) x18 0x00000000
core   0: 0x8000a596 (0x01656333) or      t1, a0, s6
core   0: 3 0x8000a596 (0x01656333) x 6 0x80000000
core   0: 0x8000a59a (0x000008b6) c.slli  a7, 13
core   0: 3 0x8000a59a (0x08b6) x17 0x10000000
core   0: 0x8000a59c (0x4163dcb3) sra     s9, t2, s6
core   0: 3 0x8000a59c (0x4163dcb3) x25 0x00000001
core   0: 0x8000a5a0 (0x0000c61d) c.beqz  a2, pc + 46
core   0: 3 0x8000a5a0 (0xc61d)
core   0: 0x8000a5a2 (0x40b78333) sub     t1, a5, a1
core   0: 3 0x8000a5a2 (0x40b78333) x 6 0xffffffff
core   0: 0x8000a5a6 (0x40bb5db3) sra     s11, s6, a1
core   0: 3 0x8000a5a6 (0x40bb5db3) x27 0xc0000000
core   0: 0x8000a5aa (0x00a64c33) xor     s8, a2, a0
core   0: 3 0x8000a5aa (0x00a64c33) x24 0x0b58a000
core   0: 0x8000a5ae (0x01e33ab3) sltu    s5, t1, t5
core   0: 3 0x8000a5ae (0x01e33ab3) x21 0x00000000
core   0: 0x8000a5b2 (0x0000100f) fence.i
core   0: 3 0x8000a5b2 (0x0000100f)
core   0: 0x8000a5b6 (0x0000e291) c.bnez  a3, pc + 4
core   0: 3 0x8000a5b6 (0xe291)
core   0: 0x8000a5ba (0x00000001) c.nop
core   0: 3 0x8000a5ba (0x0001)
core   0: 0x8000a5bc (0x02dcd633) divu    a2, s9, a3
core   0: 3 0x8000a5bc (0x02dcd633) x12 0x00000000
core   0: 0x8000a5c0 (0x00d65f93) srli    t6, a2, 13
core   0: 3 0x8000a5c0 (0x00d65f93) x31 0x00000000
core   0: 0x8000a5c4 (0x000016fd) c.addi  a3, -1
core   0: 3 0x8000a5c4 (0x16fd) x13 0xfffffffe
core   0: 0x8000a5c6 (0x72e9e493) ori     s1, s3, 1838
core   0: 3 0x8000a5c6 (0x72e9e493) x 9 0xffffff2f
core   0: 0x8000a5ca (0x00009646) c.add   a2, a7
core   0: 3 0x8000a5ca (0x9646) x12 0x10000000
core   0: 0x8000a5cc (0x0000e3a1) c.bnez  a5, pc + 64
core   0: 3 0x8000a5cc (0xe3a1)
core   0: 0x8000a5ce (0x022bb533) mulhu   a0, s7, sp
core   0: 3 0x8000a5ce (0x022bb533) x10 0x00000000
core   0: 0x8000a5d2 (0x02dad4b3) divu    s1, s5, a3
core   0: 3 0x8000a5d2 (0x02dad4b3) x 9 0x00000000
core   0: 0x8000a5d6 (0x01cedf93) srli    t6, t4, 28
core   0: 3 0x8000a5d6 (0x01cedf93) x31 0x00000000
core   0: 0x8000a5da (0x30d44913) xori    s2, s0, 781
core   0: 3 0x8000a5da (0x30d44913) x18 0x000003ff
core   0: 0x8000a5de (0x00008d4d) c.or    a0, a1
core   0: 3 0x8000a5de (0x8d4d) x10 0x00000001
core   0: 0x8000a5e0 (0x00008bd5) c.andi  a5, 21
core   0: 3 0x8000a5e0 (0x8bd5) x15 0x00000000
core   0: 0x8000a5e2 (0x00458f33) add     t5, a1, tp
core   0: 3 0x8000a5e2 (0x00458f33) x30 0x80026ce5
core   0: 0x8000a5e6 (0x4174d3b3) sra     t2, s1, s7
core   0: 3 0x8000a5e6 (0x4174d3b3) x 7 0x00000000
core   0: 0x8000a5ea (0x40d0da93) srai    s5, ra, 13
core   0: 3 0x8000a5ea (0x40d0da93) x21 0xffffffff
core   0: 0x8000a5ee (0x01f26933) or      s2, tp, t6
core   0: 3 0x8000a5ee (0x01f26933) x18 0x80026ce4
core   0: 0x8000a5f2 (0x00008365) c.srli  a4, 25
core   0: 3 0x8000a5f2 (0x8365) x14 0x0000007f
core   0: 0x8000a5f4 (0x02e5bc33) mulhu   s8, a1, a4
core   0: 3 0x8000a5f4 (0x02e5bc33) x24 0x00000000
core   0: 0x8000a5f8 (0x00604033) xor     zero, zero, t1
core   0: 3 0x8000a5f8 (0x00604033)
core   0: 0x8000a5fc (0x0328c9b3) div     s3, a7, s2
core   0: 3 0x8000a5fc (0x0328c9b3) x19 0x00000000
core   0: 0x8000a600 (0x41c75033) sra     zero, a4, t3
core   0: 3 0x8000a600 (0x41c75033)
core   0: 0x8000a604 (0x00006ced) c.lui   s9, 0x1b
core   0: 3 0x8000a604 (0x6ced) x25 0x0001b000
core   0: 0x8000a606 (0x0000100f) fence.i
core   0: 3 0x8000a606 (0x0000100f)
core   0: 0x8000a60a (0x00008ead) c.xor   a3, a1
core   0: 3 0x8000a60a (0x8ead) x13 0xffffffff
core   0: 0x8000a60c (0x00005c7d) c.li    s8, -1
core   0: 3 0x8000a60c (0x5c7d) x24 0xffffffff
core   0: 0x8000a60e (0x0220d033) divu    zero, ra, sp
core   0: 3 0x8000a60e (0x0220d033)
core   0: 0x8000a612 (0x01c4ac33) slt     s8, s1, t3
core   0: 3 0x8000a612 (0x01c4ac33) x24 0x00000000
core   0: 0x8000a616 (0x01e15a13) srli    s4, sp, 30
core   0: 3 0x8000a616 (0x01e15a13) x20 0x00000000
core   0: 0x8000a61a (0x00ddb8b3) sltu    a7, s11, a3
core   0: 3 0x8000a61a (0x00ddb8b3) x17 0x00000001
core   0: 0x8000a61e (0x00005dfd) c.li    s11, -1
core   0: 3 0x8000a61e (0x5dfd) x27 0xffffffff
core   0: 0x8000a620 (0x01032fb3) slt     t6, t1, a6
core   0: 3 0x8000a620 (0x01032fb3) x31 0x00000001
core   0: 0x8000a624 (0x00791033) sll     zero, s2, t2
core   0: 3 0x8000a624 (0x00791033)
core   0: 0x8000a628 (0x00898c63) beq     s3, s0, pc + 24
core   0: 3 0x8000a628 (0x00898c63)
core   0: 0x8000a62c (0x00008591) c.srai  a1, 4
core   0: 3 0x8000a62c (0x8591) x11 0x00000000
core   0: 0x8000a62e (0x035be033) rem     zero, s7, s5
core   0: 3 0x8000a62e (0x035be033)
core   0: 0x8000a632 (0x00001cfd) c.addi  s9, -1
core   0: 3 0x8000a632 (0x1cfd) x25 0x0001afff
core   0: 0x8000a634 (0x000005ea) c.slli  a1, 26
core   0: 3 0x8000a634 (0x05ea) x11 0x00000000
core   0: 0x8000a636 (0x00008b75) c.andi  a4, 29
core   0: 3 0x8000a636 (0x8b75) x14 0x0000001d
core   0: 0x8000a638 (0x02211033) mulh    zero, sp, sp
core   0: 3 0x8000a638 (0x02211033)
core   0: 0x8000a63c (0x41545813) srai    a6, s0, 21
core   0: 3 0x8000a63c (0x41545813) x16 0x00000000
core   0: 0x8000a640 (0xd12a5537) lui     a0, 0xd12a5
core   0: 3 0x8000a640 (0xd12a5537) x10 0xd12a5000
core   0: 0x8000a644 (0x03acd4b3) divu    s1, s9, s10
core   0: 3 0x8000a644 (0x03acd4b3) x 9 0xffffffff
core   0: 0x8000a648 (0x00004fad) c.li    t6, 11
core   0: 3 0x8000a648 (0x4fad) x31 0x0000000b
core   0: 0x8000a64a (0x02302bb3) mulhsu  s7, zero, gp
core   0: 3 0x8000a64a (0x02302bb3) x23 0x00000000
core   0: 0x8000a64e (0x000082bd) c.srli  a3, 15
core   0: 3 0x8000a64e (0x82bd) x13 0x0001ffff
core   0: 0x8000a650 (0x23c6cd93) xori    s11, a3, 572
core   0: 3 0x8000a650 (0x23c6cd93) x27 0x0001fdc3
core   0: 0x8000a654 (0x1e987993) andi    s3, a6, 489
core   0: 3 0x8000a654 (0x1e987993) x19 0x00000000
core   0: 0x8000a658 (0x9c22b793) sltiu   a5, t0, -1598
core   0: 3 0x8000a658 (0x9c22b793) x15 0x00000001
core   0: 0x8000a65c (0x0164cfb3) xor     t6, s1, s6
core   0: 3 0x8000a65c (0x0164cfb3) x31 0x7fffffff
core   0: 0x8000a660 (0x00000001) c.nop
core   0: 3 0x8000a660 (0x0001)
core   0: 0x8000a662 (0x01f7cab3) xor     s5, a5, t6
core   0: 3 0x8000a662 (0x01f7cab3) x21 0x7ffffffe
core   0: 0x8000a666 (0x00c7ed63) bltu    a5, a2, pc + 26
core   0: 3 0x8000a666 (0x00c7ed63)
core   0: 0x8000a680 (0x40c38fb3) sub     t6, t2, a2
core   0: 3 0x8000a680 (0x40c38fb3) x31 0xf0000000
core   0: 0x8000a684 (0x030ee3b3) rem     t2, t4, a6
core   0: 3 0x8000a684 (0x030ee3b3) x 7 0x00000000
core   0: 0x8000a688 (0x033fbab3) mulhu   s5, t6, s3
core   0: 3 0x8000a688 (0x033fbab3) x21 0x00000000
core   0: 0x8000a68c (0x0349f033) remu    zero, s3, s4
core   0: 3 0x8000a68c (0x0349f033)
core   0: 0x8000a690 (0x006739b3) sltu    s3, a4, t1
core   0: 3 0x8000a690 (0x006739b3) x19 0x00000001
core   0: 0x8000a694 (0x000081e5) c.srli  a1, 25
core   0: 3 0x8000a694 (0x81e5) x11 0x00000000
core   0: 0x8000a696 (0x1166bc93) sltiu   s9, a3, 278
core   0: 3 0x8000a696 (0x1166bc93) x25 0x00000000
core   0: 0x8000a69a (0xaedda593) slti    a1, s11, -1299
core   0: 3 0x8000a69a (0xaedda593) x11 0x00000000
core   0: 0x8000a69e (0x0000e50d) c.bnez  a0, pc + 42
core   0: 3 0x8000a69e (0xe50d)
core   0: 0x8000a6c8 (0xbc32f993) andi    s3, t0, -1085
core   0: 3 0x8000a6c8 (0xbc32f993) x19 0x80022a00
core   0: 0x8000a6cc (0x0000597d) c.li    s2, -1
core   0: 3 0x8000a6cc (0x597d) x18 0xffffffff
core   0: 0x8000a6ce (0x000060e1) c.lui   ra, 0x18
core   0: 3 0x8000a6ce (0x60e1) x 1 0x00018000
core   0: 0x8000a6d0 (0xfcd53d93) sltiu   s11, a0, -51
core   0: 3 0x8000a6d0 (0xfcd53d93) x27 0x00000001
core   0: 0x8000a6d4 (0x03439963) bne     t2, s4, pc + 50
core   0: 3 0x8000a6d4 (0x03439963)
core   0: 0x8000a6d8 (0x0108ebb3) or      s7, a7, a6
core   0: 3 0x8000a6d8 (0x0108ebb3) x23 0x00000001
core   0: 0x8000a6dc (0x01403333) snez    t1, s4
core   0: 3 0x8000a6dc (0x01403333) x 6 0x00000000
core   0: 0x8000a6e0 (0x4096d613) srai    a2, a3, 9
core   0: 3 0x8000a6e0 (0x4096d613) x12 0x000000ff
core   0: 0x8000a6e4 (0x01120a33) add     s4, tp, a7
core   0: 3 0x8000a6e4 (0x01120a33) x20 0x80026ce5
core   0: 0x8000a6e8 (0x000b0a33) add     s4, s6, zero
core   0: 3 0x8000a6e8 (0x000b0a33) x20 0x80000000
core   0: 0x8000a6ec (0x21142493) slti    s1, s0, 529
core   0: 3 0x8000a6ec (0x21142493) x 9 0x00000001
core   0: 0x8000a6f0 (0x00ed9b13) slli    s6, s11, 14
core   0: 3 0x8000a6f0 (0x00ed9b13) x22 0x00004000
core   0: 0x8000a6f4 (0x00bb5763) bge     s6, a1, pc + 14
core   0: 3 0x8000a6f4 (0x00bb5763)
core   0: 0x8000a702 (0x020efab3) remu    s5, t4, zero
core   0: 3 0x8000a702 (0x020efab3) x21 0x00000000
core   0: 0x8000a706 (0x03556063) bltu    a0, s5, pc + 32
core   0: 3 0x8000a706 (0x03556063)
core   0: 0x8000a70a (0x01c8d833) srl     a6, a7, t3
core   0: 3 0x8000a70a (0x01c8d833) x16 0x00000000
core   0: 0x8000a70e (0x00ded613) srli    a2, t4, 13
core   0: 3 0x8000a70e (0x00ded613) x12 0x00000000
core   0: 0x8000a712 (0x03375733) divu    a4, a4, s3
core   0: 3 0x8000a712 (0x03375733) x14 0x00000000
core   0: 0x8000a716 (0x0128af33) slt     t5, a7, s2
core   0: 3 0x8000a716 (0x0128af33) x30 0x00000000
core   0: 0x8000a71a (0x00008e6d) c.and   a2, a1
core   0: 3 0x8000a71a (0x8e6d) x12 0x00000000
core   0: 0x8000a71c (0x012871b3) and     gp, a6, s2
core   0: 3 0x8000a71c (0x012871b3) x 3 0x00000000
core   0: 0x8000a720 (0x00008ada) c.mv    s5, s6
core   0: 3 0x8000a720 (0x8ada) x21 0x00004000
core   0: 0x8000a722 (0x00d65b93) srli    s7, a2, 13
core   0: 3 0x8000a722 (0x00d65b93) x23 0x00000000
core   0: 0x8000a726 (0x014ee933) or      s2, t4, s4
core   0: 3 0x8000a726 (0x014ee933) x18 0x80000000
core   0: 0x8000a72a (0x018381b3) add     gp, t2, s8
core   0: 3 0x8000a72a (0x018381b3) x 3 0x00000000
core   0: 0x8000a72e (0x0101c263) blt     gp, a6, pc + 4
core   0: 3 0x8000a72e (0x0101c263)
core   0: 0x8000a732 (0x03684d63) blt     a6, s6, pc + 58
core   0: 3 0x8000a732 (0x03684d63)
core   0: 0x8000a76c (0x4992ef93) ori     t6, t0, 1177
core   0: 3 0x8000a76c (0x4992ef93) x31 0x80022ebd
core   0: 0x8000a770 (0x000ae733) or      a4, s5, zero
core   0: 3 0x8000a770 (0x000ae733) x14 0x00004000
core   0: 0x8000a774 (0x00441cb3) sll     s9, s0, tp
core   0: 3 0x8000a774 (0x00441cb3) x25 0x00000f20
core   0: 0x8000a778 (0x00000da6) c.slli  s11, 9
core   0: 3 0x8000a778 (0x0da6) x27 0x00000200
core   0: 0x8000a77a (0x0131d3b3) srl     t2, gp, s3
core   0: 3 0x8000a77a (0x0131d3b3) x 7 0x00000000
core   0: 0x8000a77e (0x035f8f33) mul     t5, t6, s5
core   0: 3 0x8000a77e (0x035f8f33) x30 0x8baf4000
core   0: 0x8000a782 (0x964d0f13) addi    t5, s10, -1692
core   0: 3 0x8000a782 (0x964d0f13) x30 0xfffff964
core   0: 0x8000a786 (0x0000e289) c.bnez  a3, pc + 2
core   0: 3 0x8000a786 (0xe289)
core   0: 0x8000a788 (0x0000c099) c.beqz  s1, pc + 6
core   0: 3 0x8000a788 (0xc099)
core   0: 0x8000a78a (0x00008afe) c.mv    s5, t6
core   0: 3 0x8000a78a (0x8afe) x21 0x80022ebd
core   0: 0x8000a78c (0x000064e1) c.lui   s1, 0x18
core   0: 3 0x8000a78c (0x64e1) x 9 0x00018000
core   0: 0x8000a78e (0x003ab333) sltu    t1, s5, gp
core   0: 3 0x8000a78e (0x003ab333) x 6 0x00000000
core   0: 0x8000a792 (0x56e27493) andi    s1, tp, 1390
core   0: 3 0x8000a792 (0x56e27493) x 9 0x00000464
core   0: 0x8000a796 (0x4059d413) srai    s0, s3, 5
core   0: 3 0x8000a796 (0x4059d413) x 8 0xfc001150
core   0: 0x8000a79a (0x0007e263) bltu    a5, zero, pc + 4
core   0: 3 0x8000a79a (0x0007e263)
core   0: 0x8000a79e (0x5f960f93) addi    t6, a2, 1529
core   0: 3 0x8000a79e (0x5f960f93) x31 0x000005f9
core   0: 0x8000a7a2 (0x00000001) c.nop
core   0: 3 0x8000a7a2 (0x0001)
core   0: 0x8000a7a4 (0x035146b3) div     a3, sp, s5
core   0: 3 0x8000a7a4 (0x035146b3) x13 0x00000000
core   0: 0x8000a7a8 (0x03ced933) divu    s2, t4, t3
core   0: 3 0x8000a7a8 (0x03ced933) x18 0x00000000
core   0: 0x8000a7ac (0x0000cf09) c.beqz  a4, pc + 26
core   0: 3 0x8000a7ac (0xcf09)
core   0: 0x8000a7ae (0x014bcb63) blt     s7, s4, pc + 22
core   0: 3 0x8000a7ae (0x014bcb63)
core   0: 0x8000a7b2 (0x03dbdc63) bge     s7, t4, pc + 56
core   0: 3 0x8000a7b2 (0x03dbdc63)
core   0: 0x8000a7ea (0x009bbbb3) sltu    s7, s7, s1
core   0: 3 0x8000a7ea (0x009bbbb3) x23 0x00000001
core   0: 0x8000a7ee (0x02311863) bne     sp, gp, pc + 48
core   0: 3 0x8000a7ee (0x02311863)
core   0: 0x8000a81e (0x0000081e) c.slli  a6, 7
core   0: 3 0x8000a81e (0x081e) x16 0x00000000
core   0: 0x8000a820 (0x41488733) sub     a4, a7, s4
core   0: 3 0x8000a820 (0x41488733) x14 0x80000001
core   0: 0x8000a824 (0x00008ec1) c.or    a3, s0
core   0: 3 0x8000a824 (0x8ec1) x13 0xfc001150
core   0: 0x8000a826 (0x0000878e) c.mv    a5, gp
core   0: 3 0x8000a826 (0x878e) x15 0x00000000
core   0: 0x8000a828 (0x5d348d93) addi    s11, s1, 1491
core   0: 3 0x8000a828 (0x5d348d93) x27 0x00000a37
core   0: 0x8000a82c (0x000081a9) c.srli  a1, 10
core   0: 3 0x8000a82c (0x81a9) x11 0x00000000
core   0: 0x8000a82e (0x02fcea33) rem     s4, s9, a5
core   0: 3 0x8000a82e (0x02fcea33) x20 0x00000f20
core   0: 0x8000a832 (0x00844ab3) xor     s5, s0, s0
core   0: 3 0x8000a832 (0x00844ab3) x21 0x00000000
core   0: 0x8000a836 (0x4172de33) sra     t3, t0, s7
core   0: 3 0x8000a836 (0x4172de33) x28 0xc001171e
core   0: 0x8000a83a (0x00008c2e) c.mv    s8, a1
core   0: 3 0x8000a83a (0x8c2e) x24 0x00000000
core   0: 0x8000a83c (0x000084e9) c.srai  s1, 26
core   0: 3 0x8000a83c (0x84e9) x 9 0x00000000
core   0: 0x8000a83e (0x0196dcb3) srl     s9, a3, s9
core   0: 3 0x8000a83e (0x0196dcb3) x25 0xfc001150
core   0: 0x8000a842 (0x00008e75) c.and   a2, a3
core   0: 3 0x8000a842 (0x8e75) x12 0x00000000
core   0: 0x8000a844 (0x15b8b093) sltiu   ra, a7, 347
core   0: 3 0x8000a844 (0x15b8b093) x 1 0x00000001
core   0: 0x8000a848 (0x0ff0000f) fence   iorw,iorw
core   0: 3 0x8000a848 (0x0ff0000f)
core   0: 0x8000a84c (0x0027dbb3) srl     s7, a5, sp
core   0: 3 0x8000a84c (0x0027dbb3) x23 0x00000000
core   0: 0x8000a850 (0x00118eb3) add     t4, gp, ra
core   0: 3 0x8000a850 (0x00118eb3) x29 0x00000001
core   0: 0x8000a854 (0x005af663) bgeu    s5, t0, pc + 12
core   0: 3 0x8000a854 (0x005af663)
core   0: 0x8000a858 (0xb97efc93) andi    s9, t4, -1129
core   0: 3 0x8000a858 (0xb97efc93) x25 0x00000001
core   0: 0x8000a85c (0x777b2613) slti    a2, s6, 1911
core   0: 3 0x8000a85c (0x777b2613) x12 0x00000000
core   0: 0x8000a860 (0x038925b3) mulhsu  a1, s2, s8
core   0: 3 0x8000a860 (0x038925b3) x11 0x00000000
core   0: 0x8000a864 (0x00008f89) c.sub   a5, a0
core   0: 3 0x8000a864 (0x8f89) x15 0x2ed5b000
core   0: 0x8000a866 (0x000d7693) andi    a3, s10, 0
core   0: 3 0x8000a866 (0x000d7693) x13 0x00000000
core   0: 0x8000a86a (0x00008f9e) c.mv    t6, t2
core   0: 3 0x8000a86a (0x8f9e) x31 0x00000000
core   0: 0x8000a86c (0x00609cb3) sll     s9, ra, t1
core   0: 3 0x8000a86c (0x00609cb3) x25 0x00000001
core   0: 0x8000a870 (0x00009ed6) c.add   t4, s5
core   0: 3 0x8000a870 (0x9ed6) x29 0x00000001
core   0: 0x8000a872 (0x012665b3) or      a1, a2, s2
core   0: 3 0x8000a872 (0x012665b3) x11 0x00000000
core   0: 0x8000a876 (0x0000cd0d) c.beqz  a0, pc + 58
core   0: 3 0x8000a876 (0xcd0d)
core   0: 0x8000a878 (0x0000100f) fence.i
core   0: 3 0x8000a878 (0x0000100f)
core   0: 0x8000a87c (0x00000001) c.nop
core   0: 3 0x8000a87c (0x0001)
core   0: 0x8000a87e (0x40218bb3) sub     s7, gp, sp
core   0: 3 0x8000a87e (0x40218bb3) x23 0xfffffff4
core   0: 0x8000a882 (0x000064d1) c.lui   s1, 0x14
core   0: 3 0x8000a882 (0x64d1) x 9 0x00014000
core   0: 0x8000a884 (0x006d9513) slli    a0, s11, 6
core   0: 3 0x8000a884 (0x006d9513) x10 0x00028dc0
core   0: 0x8000a888 (0xce0c8813) addi    a6, s9, -800
core   0: 3 0x8000a888 (0xce0c8813) x16 0xfffffce1
core   0: 0x8000a88c (0x0000100f) fence.i
core   0: 3 0x8000a88c (0x0000100f)
core   0: 0x8000a890 (0x03f438b3) mulhu   a7, s0, t6
core   0: 3 0x8000a890 (0x03f438b3) x17 0x00000000
core   0: 0x8000a894 (0x00000001) c.nop
core   0: 3 0x8000a894 (0x0001)
core   0: 0x8000a896 (0x00008139) c.srli  a0, 14
core   0: 3 0x8000a896 (0x8139) x10 0x0000000a
core   0: 0x8000a898 (0x03c95663) bge     s2, t3, pc + 44
core   0: 3 0x8000a898 (0x03c95663)
core   0: 0x8000a8c4 (0x03458163) beq     a1, s4, pc + 34
core   0: 3 0x8000a8c4 (0x03458163)
core   0: 0x8000a8c8 (0x00008a65) c.andi  a2, 25
core   0: 3 0x8000a8c8 (0x8a65) x12 0x00000000
core   0: 0x8000a8ca (0x039900b3) mul     ra, s2, s9
core   0: 3 0x8000a8ca (0x039900b3) x 1 0x00000000
core   0: 0x8000a8ce (0x00000f65) c.addi  t5, 25
core   0: 3 0x8000a8ce (0x0f65) x30 0xfffff97d
core   0: 0x8000a8d0 (0x00008b91) c.andi  a5, 4
core   0: 3 0x8000a8d0 (0x8b91) x15 0x00000000
core   0: 0x8000a8d2 (0x00009a7d) c.andi  a2, -1
core   0: 3 0x8000a8d2 (0x9a7d) x12 0x00000000
core   0: 0x8000a8d4 (0x41e70e33) sub     t3, a4, t5
core   0: 3 0x8000a8d4 (0x41e70e33) x28 0x80000684
core   0: 0x8000a8d8 (0x02b423b3) mulhsu  t2, s0, a1
core   0: 3 0x8000a8d8 (0x02b423b3) x 7 0x00000000
core   0: 0x8000a8dc (0x000082c5) c.srli  a3, 17
core   0: 3 0x8000a8dc (0x82c5) x13 0x00000000
core   0: 0x8000a8de (0x03b57a63) bgeu    a0, s11, pc + 52
core   0: 3 0x8000a8de (0x03b57a63)
core   0: 0x8000a8e2 (0x6f54cd93) xori    s11, s1, 1781
core   0: 3 0x8000a8e2 (0x6f54cd93) x27 0x000146f5
core   0: 0x8000a8e6 (0x0000100f) fence.i
core   0: 3 0x8000a8e6 (0x0000100f)
core   0: 0x8000a8ea (0x0000e121) c.bnez  a0, pc + 64
core   0: 3 0x8000a8ea (0xe121)
core   0: 0x8000a92a (0x031fc0b3) div     ra, t6, a7
core   0: 3 0x8000a92a (0x031fc0b3) x 1 0xffffffff
core   0: 0x8000a92e (0x02310863) beq     sp, gp, pc + 48
core   0: 3 0x8000a92e (0x02310863)
core   0: 0x8000a932 (0x026ff833) remu    a6, t6, t1
core   0: 3 0x8000a932 (0x026ff833) x16 0x00000000
core   0: 0x8000a936 (0x00008f49) c.or    a4, a0
core   0: 3 0x8000a936 (0x8f49) x14 0x8000000b
core   0: 0x8000a938 (0x0339b433) mulhu   s0, s3, s3
core   0: 3 0x8000a938 (0x0339b433) x 8 0x40022a04
core   0: 0x8000a93c (0x000053fd) c.li    t2, -1
core   0: 3 0x8000a93c (0x53fd) x 7 0xffffffff
core   0: 0x8000a93e (0x7b8d4893) xori    a7, s10, 1976
core   0: 3 0x8000a93e (0x7b8d4893) x17 0x000007b8
core   0: 0x8000a942 (0x02922b33) mulhsu  s6, tp, s1
core   0: 3 0x8000a942 (0x02922b33) x22 0xffff6003
core   0: 0x8000a946 (0x0000082e) c.slli  a6, 11
core   0: 3 0x8000a946 (0x082e) x16 0x00000000
core   0: 0x8000a948 (0x000067dd) c.lui   a5, 0x17
core   0: 3 0x8000a948 (0x67dd) x15 0x00017000
core   0: 0x8000a94a (0x01cea3b3) slt     t2, t4, t3
core   0: 3 0x8000a94a (0x01cea3b3) x 7 0x00000000
core   0: 0x8000a94e (0x01f04533) xor     a0, zero, t6
core   0: 3 0x8000a94e (0x01f04533) x10 0x00000000
core   0: 0x8000a952 (0x0000997d) c.andi  a0, -1
core   0: 3 0x8000a952 (0x997d) x10 0x00000000
core   0: 0x8000a954 (0x00006bd1) c.lui   s7, 0x14
core   0: 3 0x8000a954 (0x6bd1) x23 0x00014000
core   0: 0x8000a956 (0x02a36433) rem     s0, t1, a0
core   0: 3 0x8000a956 (0x02a36433) x 8 0x00000000
core   0: 0x8000a95a (0x03dced33) rem     s10, s9, t4
core   0: 3 0x8000a95a (0x03dced33) x26 0x00000000
core   0: 0x8000a95e (0x03490633) mul     a2, s2, s4
core   0: 3 0x8000a95e (0x03490633) x12 0x00000000
core   0: 0x8000a962 (0xe908b393) sltiu   t2, a7, -368
core   0: 3 0x8000a962 (0xe908b393) x 7 0x00000001
core   0: 0x8000a966 (0x02b2fd63) bgeu    t0, a1, pc + 58
core   0: 3 0x8000a966 (0x02b2fd63)
core   0: 0x8000a9a0 (0xb4d20493) addi    s1, tp, -1203
core   0: 3 0x8000a9a0 (0xb4d20493) x 9 0x80026831
core   0: 0x8000a9a4 (0x0000987d) c.andi  s0, -1
core   0: 3 0x8000a9a4 (0x987d) x 8 0x00000000
core   0: 0x8000a9a6 (0x00008d61) c.and   a0, s0
core   0: 3 0x8000a9a6 (0x8d61) x10 0x00000000
core   0: 0x8000a9a8 (0x3cb12193) slti    gp, sp, 971
core   0: 3 0x8000a9a8 (0x3cb12193) x 3 0x00000001
core   0: 0x8000a9ac (0xfa8de613) ori     a2, s11, -88
core   0: 3 0x8000a9ac (0xfa8de613) x12 0xfffffffd
core   0: 0x8000a9b0 (0x016f1663) bne     t5, s6, pc + 12
core   0: 3 0x8000a9b0 (0x016f1663)
core   0: 0x8000a9bc (0xdcf08d13) addi    s10, ra, -561
core   0: 3 0x8000a9bc (0xdcf08d13) x26 0xfffffdce
core   0: 0x8000a9c0 (0x9d8a6593) ori     a1, s4, -1576
core   0: 3 0x8000a9c0 (0x9d8a6593) x11 0xfffffff8
core   0: 0x8000a9c4 (0x40b00733) sub     a4, zero, a1
core   0: 3 0x8000a9c4 (0x40b00733) x14 0x00000008
core   0: 0x8000a9c8 (0x0245b5b3) mulhu   a1, a1, tp
core   0: 3 0x8000a9c8 (0x0245b5b3) x11 0x80026cdf
core   0: 0x8000a9cc (0x4154d413) srai    s0, s1, 21
core   0: 3 0x8000a9cc (0x4154d413) x 8 0xfffffc00
core   0: 0x8000a9d0 (0x03b49563) bne     s1, s11, pc + 42
core   0: 3 0x8000a9d0 (0x03b49563)
core   0: 0x8000a9fa (0x00008fbd) c.xor   a5, a5
core   0: 3 0x8000a9fa (0x8fbd) x15 0x00000000
core   0: 0x8000a9fc (0x00006a19) c.lui   s4, 0x6
core   0: 3 0x8000a9fc (0x6a19) x20 0x00006000
core   0: 0x8000a9fe (0x40638833) sub     a6, t2, t1
core   0: 3 0x8000a9fe (0x40638833) x16 0x00000001
core   0: 0x8000aa02 (0x02e62ab3) mulhsu  s5, a2, a4
core   0: 3 0x8000aa02 (0x02e62ab3) x21 0xffffffff
core   0: 0x8000aa06 (0x03df4033) div     zero, t5, t4
core   0: 3 0x8000aa06 (0x03df4033)
core   0: 0x8000aa0a (0x03349633) mulh    a2, s1, s3
core   0: 3 0x8000aa0a (0x03349633) x12 0x3ffdb6ec
core   0: 0x8000aa0e (0x414d0cb3) sub     s9, s10, s4
core   0: 3 0x8000aa0e (0x414d0cb3) x25 0xffff9dce
core   0: 0x8000aa12 (0x006b23b3) slt     t2, s6, t1
core   0: 3 0x8000aa12 (0x006b23b3) x 7 0x00000001
core   0: 0x8000aa16 (0x039dc9b3) div     s3, s11, s9
core   0: 3 0x8000aa16 (0x039dc9b3) x19 0xfffffffd
core   0: 0x8000aa1a (0x00000001) c.nop
core   0: 3 0x8000aa1a (0x0001)
core   0: 0x8000aa1c (0x000084b1) c.srai  s1, 12
core   0: 3 0x8000aa1c (0x84b1) x 9 0xfff80026
core   0: 0x8000aa1e (0x0000c289) c.beqz  a3, pc + 2
core   0: 3 0x8000aa1e (0xc289)
core   0: 0x8000aa20 (0x02440b63) beq     s0, tp, pc + 54
core   0: 3 0x8000aa20 (0x02440b63)
core   0: 0x8000aa24 (0x016953b3) srl     t2, s2, s6
core   0: 3 0x8000aa24 (0x016953b3) x 7 0x00000000
core   0: 0x8000aa28 (0x01817db3) and     s11, sp, s8
core   0: 3 0x8000aa28 (0x01817db3) x27 0x00000000
core   0: 0x8000aa2c (0x0000824d) c.srli  a2, 19
core   0: 3 0x8000aa2c (0x824d) x12 0x000007ff
core   0: 0x8000aa2e (0x402b59b3) sra     s3, s6, sp
core   0: 3 0x8000aa2e (0x402b59b3) x19 0xfffffff6
core   0: 0x8000aa32 (0x03cdeb33) rem     s6, s11, t3
core   0: 3 0x8000aa32 (0x03cdeb33) x22 0x00000000
core   0: 0x8000aa36 (0x0000e119) c.bnez  a0, pc + 6
core   0: 3 0x8000aa36 (0xe119)
core   0: 0x8000aa38 (0x00f255b3) srl     a1, tp, a5
core   0: 3 0x8000aa38 (0x00f255b3) x11 0x80026ce4
core   0: 0x8000aa3c (0x01390eb3) add     t4, s2, s3
core   0: 3 0x8000aa3c (0x01390eb3) x29 0xfffffff6
core   0: 0x8000aa40 (0x033fdb33) divu    s6, t6, s3
core   0: 3 0x8000aa40 (0x033fdb33) x22 0x00000000
core   0: 0x8000aa44 (0x00176263) bltu    a4, ra, pc + 4
core   0: 3 0x8000aa44 (0x00176263)
core   0: 0x8000aa48 (0x0000100f) fence.i
core   0: 3 0x8000aa48 (0x0000100f)
core   0: 0x8000aa4c (0x02afa7b3) mulhsu  a5, t6, a0
core   0: 3 0x8000aa4c (0x02afa7b3) x15 0x00000000
core   0: 0x8000aa50 (0x00000001) c.nop
core   0: 3 0x8000aa50 (0x0001)
core   0: 0x8000aa52 (0x0055e463) bltu    a1, t0, pc + 8
core   0: 3 0x8000aa52 (0x0055e463)
core   0: 0x8000aa56 (0x01510c33) add     s8, sp, s5
core   0: 3 0x8000aa56 (0x01510c33) x24 0x0000000b
core   0: 0x8000aa5a (0x0244c733) div     a4, s1, tp
core   0: 3 0x8000aa5a (0x0244c733) x14 0x00000000
core   0: 0x8000aa5e (0x0ff0000f) fence   iorw,iorw
core   0: 3 0x8000aa5e (0x0ff0000f)
core   0: 0x8000aa62 (0x0000e689) c.bnez  a3, pc + 10
core   0: 3 0x8000aa62 (0xe689)
core   0: 0x8000aa64 (0x16442013) slti    zero, s0, 356
core   0: 3 0x8000aa64 (0x16442013)
core   0: 0x8000aa68 (0x411008b3) sub     a7, zero, a7
core   0: 3 0x8000aa68 (0x411008b3) x17 0xfffff848
core   0: 0x8000aa6c (0x0211e733) rem     a4, gp, ra
core   0: 3 0x8000aa6c (0x0211e733) x14 0x00000000
core   0: 0x8000aa70 (0x00008d55) c.or    a0, a3
core   0: 3 0x8000aa70 (0x8d55) x10 0x00000000
core   0: 0x8000aa72 (0x0027d833) srl     a6, a5, sp
core   0: 3 0x8000aa72 (0x0027d833) x16 0x00000000
core   0: 0x8000aa76 (0x40475493) srai    s1, a4, 4
core   0: 3 0x8000aa76 (0x40475493) x 9 0x00000000
core   0: 0x8000aa7a (0x0534f263) bgeu    s1, s3, pc + 68
core   0: 3 0x8000aa7a (0x0534f263)
core   0: 0x8000aa7e (0x02197063) bgeu    s2, ra, pc + 32
core   0: 3 0x8000aa7e (0x02197063)
core   0: 0x8000aa82 (0x45d53b17) auipc   s6, 0x45d53
core   0: 3 0x8000aa82 (0x45d53b17) x22 0xc5d5da82
core   0: 0x8000aa86 (0x03265c63) bge     a2, s2, pc + 56
core   0: 3 0x8000aa86 (0x03265c63)
core   0: 0x8000aabe (0x00008c05) c.sub   s0, s1
core   0: 3 0x8000aabe (0x8c05) x 8 0xfffffc00
core   0: 0x8000aac0 (0x00008b31) c.andi  a4, 12
core   0: 3 0x8000aac0 (0x8b31) x14 0x00000000
core   0: 0x8000aac2 (0x01b40533) add     a0, s0, s11
core   0: 3 0x8000aac2 (0x01b40533) x10 0xfffffc00
core   0: 0x8000aac6 (0x008959b3) srl     s3, s2, s0
core   0: 3 0x8000aac6 (0x008959b3) x19 0x00000000
core   0: 0x8000aaca (0x415e0fb3) sub     t6, t3, s5
core   0: 3 0x8000aaca (0x415e0fb3) x31 0x80000685
core   0: 0x8000aace (0x0000997d) c.andi  a0, -1
core   0: 3 0x8000aace (0x997d) x10 0xfffffc00
core   0: 0x8000aad0 (0x01bac263) blt     s5, s11, pc + 4
core   0: 3 0x8000aad0 (0x01bac263)
core   0: 0x8000aad4 (0x0ff0000f) fence   iorw,iorw
core   0: 3 0x8000aad4 (0x0ff0000f)
core   0: 0x8000aad8 (0x03d48a63) beq     s1, t4, pc + 52
core   0: 3 0x8000aad8 (0x03d48a63)
core   0: 0x8000aadc (0x02d50733) mul     a4, a0, a3
core   0: 3 0x8000aadc (0x02d50733) x14 0x00000000
core   0: 0x8000aae0 (0x0223f7b3) remu    a5, t2, sp
core   0: 3 0x8000aae0 (0x0223f7b3) x15 0x00000000
core   0: 0x8000aae4 (0x41445393) srai    t2, s0, 20
core   0: 3 0x8000aae4 (0x41445393) x 7 0xffffffff
core   0: 0x8000aae8 (0x40ed5bb3) sra     s7, s10, a4
core   0: 3 0x8000aae8 (0x40ed5bb3) x23 0xfffffdce
core   0: 0x8000aaec (0x000089e1) c.andi  a1, 24
core   0: 3 0x8000aaec (0x89e1) x11 0x00000000
core   0: 0x8000aaee (0x00008f89) c.sub   a5, a0
core   0: 3 0x8000aaee (0x8f89) x15 0x00000400
core   0: 0x8000aaf0 (0x00000001) c.nop
core   0: 3 0x8000aaf0 (0x0001)
core   0: 0x8000aaf2 (0x804b8b17) auipc   s6, 0x804b8
core   0: 3 0x8000aaf2 (0x804b8b17) x22 0x004c2af2
core   0: 0x8000aaf6 (0xab51edb7) lui     s11, 0xab51e
core   0: 3 0x8000aaf6 (0xab51edb7) x27 0xab51e000
core   0: 0x8000aafa (0x00629a13) slli    s4, t0, 6
core   0: 3 0x8000aafa (0x00629a13) x20 0x008b8f00
core   0: 0x8000aafe (0x00000001) c.nop
core   0: 3 0x8000aafe (0x0001)
core   0: 0x8000ab00 (0x1b367c93) andi    s9, a2, 435
core   0: 3 0x8000ab00 (0x1b367c93) x25 0x000001b3
core   0: 0x8000ab04 (0x163f0863) beq     t5, gp, pc + 368
core   0: 3 0x8000ab04 (0x163f0863)
core   0: 0x8000ab08 (0x005eaa33) slt     s4, t4, t0
core   0: 3 0x8000ab08 (0x005eaa33) x20 0x00000000
core   0: 0x8000ab0c (0x00008fed) c.and   a5, a1
core   0: 3 0x8000ab0c (0x8fed) x15 0x00000000
core   0: 0x8000ab0e (0x11b1a613) slti    a2, gp, 283
core   0: 3 0x8000ab0e (0x11b1a613) x12 0x00000001
core   0: 0x8000ab12 (0x03dc9f33) mulh    t5, s9, t4
core   0: 3 0x8000ab12 (0x03dc9f33) x30 0xffffffff
core   0: 0x8000ab16 (0x00007417) auipc   s0, 0x7
core   0: 3 0x8000ab16 (0x00007417) x 8 0x80011b16
core   0: 0x8000ab1a (0x15e40413) addi    s0, s0, 350
core   0: 3 0x8000ab1a (0x15e40413) x 8 0x80011c74
core   0: 0x8000ab1e (0x00ae7033) and     zero, t3, a0
core   0: 3 0x8000ab1e (0x00ae7033)
core   0: 0x8000ab22 (0x00000001) c.nop
core   0: 3 0x8000ab22 (0x0001)
core   0: 0x8000ab24 (0x40485a13) srai    s4, a6, 4
core   0: 3 0x8000ab24 (0x40485a13) x20 0x00000000
core   0: 0x8000ab28 (0x03bb8333) mul     t1, s7, s11
core   0: 3 0x8000ab28 (0x03bb8333) x 6 0xe6424000
core   0: 0x8000ab2c (0xffc44e03) lbu     t3, -4(s0)
core   0: 3 0x8000ab2c (0xffc44e03) x28 0x0000005b mem 0x80011c70
core   0: 0x8000ab30 (0x02d447b3) div     a5, s0, a3
core   0: 3 0x8000ab30 (0x02d447b3) x15 0xffffffff
core   0: 0x8000ab34 (0x032a14b3) mulh    s1, s4, s2
core   0: 3 0x8000ab34 (0x032a14b3) x 9 0x00000000
core   0: 0x8000ab38 (0x423a0e93) addi    t4, s4, 1059
core   0: 3 0x8000ab38 (0x423a0e93) x29 0x00000423
core   0: 0x8000ab3c (0x00008e55) c.or    a2, a3
core   0: 3 0x8000ab3c (0x8e55) x12 0x00000001
core   0: 0x8000ab3e (0xfe840a23) sb      s0, -12(s0)
core   0: 3 0x8000ab3e (0xfe840a23) mem 0x80011c68 0x74
core   0: 0x8000ab42 (0x00944803) lbu     a6, 9(s0)
core   0: 3 0x8000ab42 (0x00944803) x16 0x0000000d mem 0x80011c7d
core   0: 0x8000ab46 (0x112bb813) sltiu   a6, s7, 274
core   0: 3 0x8000ab46 (0x112bb813) x16 0x00000000
core   0: 0x8000ab4a (0xfe840d23) sb      s0, -6(s0)
core   0: 3 0x8000ab4a (0xfe840d23) mem 0x80011c6e 0x74
core   0: 0x8000ab4e (0x000096da) c.add   a3, s6
core   0: 3 0x8000ab4e (0x96da) x13 0x004c2af2
core   0: 0x8000ab50 (0x05a70393) addi    t2, a4, 90
core   0: 3 0x8000ab50 (0x05a70393) x 7 0x0000005a
core   0: 0x8000ab54 (0x005d4cb3) xor     s9, s10, t0
core   0: 3 0x8000ab54 (0x005d4cb3) x25 0x7ffdd3f2
core   0: 0x8000ab58 (0x019d6033) or      zero, s10, s9
core   0: 3 0x8000ab58 (0x019d6033)
core   0: 0x8000ab5c (0x54f03313) sltiu   t1, zero, 1359
core   0: 3 0x8000ab5c (0x54f03313) x 6 0x00000001
core   0: 0x8000ab60 (0xfff40e03) lb      t3, -1(s0)
core   0: 3 0x8000ab60 (0xfff40e03) x28 0xffffff94 mem 0x80011c73
core   0: 0x8000ab64 (0x00008f5a) c.mv    t5, s6
core   0: 3 0x8000ab64 (0x8f5a) x30 0x004c2af2
core   0: 0x8000ab66 (0xffa40f03) lb      t5, -6(s0)
core   0: 3 0x8000ab66 (0xffa40f03) x30 0x00000074 mem 0x80011c6e
core   0: 0x8000ab6a (0x033b8633) mul     a2, s7, s3
core   0: 3 0x8000ab6a (0x033b8633) x12 0x00000000
core   0: 0x8000ab6e (0xff940e23) sb      s9, -4(s0)
core   0: 3 0x8000ab6e (0xff940e23) mem 0x80011c70 0xf2
core   0: 0x8000ab72 (0x0000869a) c.mv    a3, t1
core   0: 3 0x8000ab72 (0x869a) x13 0x00000001
core   0: 0x8000ab74 (0xeb363993) sltiu   s3, a2, -333
core   0: 3 0x8000ab74 (0xeb363993) x19 0x00000001
core   0: 0x8000ab78 (0x001593b3) sll     t2, a1, ra
core   0: 3 0x8000ab78 (0x001593b3) x 7 0x00000000
core   0: 0x8000ab7c (0x00344083) lbu     ra, 3(s0)
core   0: 3 0x8000ab7c (0x00344083) x 1 0x00000056 mem 0x80011c77
core   0: 0x8000ab80 (0xffb44f03) lbu     t5, -5(s0)
core   0: 3 0x8000ab80 (0xffb44f03) x30 0x00000074 mem 0x80011c6f
core   0: 0x8000ab84 (0x0ff0000f) fence   iorw,iorw
core   0: 3 0x8000ab84 (0x0ff0000f)
core   0: 0x8000ab88 (0x01fa5bb3) srl     s7, s4, t6
core   0: 3 0x8000ab88 (0x01fa5bb3) x23 0x00000000
core   0: 0x8000ab8c (0x11e5f837) lui     a6, 0x11e5f
core   0: 3 0x8000ab8c (0x11e5f837) x16 0x11e5f000
core   0: 0x8000ab90 (0x0000100f) fence.i
core   0: 3 0x8000ab90 (0x0000100f)
core   0: 0x8000ab94 (0x00004014) c.lw    a3, 0(s0)
core   0: 3 0x8000ab94 (0x4014) x13 0x56a22e83 mem 0x80011c74
core   0: 0x8000ab96 (0x0dfb9963) bne     s7, t6, pc + 210
core   0: 3 0x8000ab96 (0x0dfb9963)
core   0: 0x8000ac68 (0x00000bce) c.slli  s7, 19
core   0: 3 0x8000ac68 (0x0bce) x23 0x00000000
core   0: 0x8000ac6a (0x02064e33) div     t3, a2, zero
core   0: 3 0x8000ac6a (0x02064e33) x28 0xffffffff
core   0: 0x8000ac6e (0x0000557d) c.li    a0, -1
core   0: 3 0x8000ac6e (0x557d) x10 0xffffffff
core   0: 0x8000ac70 (0x012a4763) blt     s4, s2, pc + 14
core   0: 3 0x8000ac70 (0x012a4763)
core   0: 0x8000ac74 (0x403e0f33) sub     t5, t3, gp
core   0: 3 0x8000ac74 (0x403e0f33) x30 0xfffffffe
core   0: 0x8000ac78 (0x00000001) c.nop
core   0: 3 0x8000ac78 (0x0001)
core   0: 0x8000ac7a (0x010f6433) or      s0, t5, a6
core   0: 3 0x8000ac7a (0x010f6433) x 8 0xfffffffe
core   0: 0x8000ac7e (0x014b4833) xor     a6, s6, s4
core   0: 3 0x8000ac7e (0x014b4833) x16 0x004c2af2
core   0: 0x8000ac82 (0x00008e65) c.and   a2, s1
core   0: 3 0x8000ac82 (0x8e65) x12 0x00000000
core   0: 0x8000ac84 (0x0050e1b3) or      gp, ra, t0
core   0: 3 0x8000ac84 (0x0050e1b3) x 3 0x80022e7e
core   0: 0x8000ac88 (0x0218d333) divu    t1, a7, ra
core   0: 3 0x8000ac88 (0x0218d333) x 6 0x02fa0bd1
core   0: 0x8000ac8c (0x03f551b3) divu    gp, a0, t6
core   0: 3 0x8000ac8c (0x03f551b3) x 3 0x00000001
core   0: 0x8000ac90 (0x01899693) slli    a3, s3, 24
core   0: 3 0x8000ac90 (0x01899693) x13 0x01000000
core   0: 0x8000ac94 (0xc2e1f793) andi    a5, gp, -978
core   0: 3 0x8000ac94 (0xc2e1f793) x15 0x00000000
core   0: 0x8000ac98 (0x02a64463) blt     a2, a0, pc + 40
core   0: 3 0x8000ac98 (0x02a64463)
core   0: 0x8000ac9c (0x00008ec9) c.or    a3, a0
core   0: 3 0x8000ac9c (0x8ec9) x13 0xffffffff
core   0: 0x8000ac9e (0x0081ec33) or      s8, gp, s0
core   0: 3 0x8000ac9e (0x0081ec33) x24 0xffffffff
core   0: 0x8000aca2 (0x40810e33) sub     t3, sp, s0
core   0: 3 0x8000aca2 (0x40810e33) x28 0x0000000e
core   0: 0x8000aca6 (0x000050fd) c.li    ra, -1
core   0: 3 0x8000aca6 (0x50fd) x 1 0xffffffff
core   0: 0x8000aca8 (0x00008d29) c.xor   a0, a0
core   0: 3 0x8000aca8 (0x8d29) x10 0x00000000
core   0: 0x8000acaa (0x00000001) c.nop
core   0: 3 0x8000acaa (0x0001)
core   0: 0x8000acac (0x40fbdbb3) sra     s7, s7, a5
core   0: 3 0x8000acac (0x40fbdbb3) x23 0x00000000
core   0: 0x8000acb0 (0xa9132493) slti    s1, t1, -1391
core   0: 3 0x8000acb0 (0xa9132493) x 9 0x00000000
core   0: 0x8000acb4 (0xf3be0793) addi    a5, t3, -197
core   0: 3 0x8000acb4 (0xf3be0793) x15 0xffffff49
core   0: 0x8000acb8 (0x00008f69) c.and   a4, a0
core   0: 3 0x8000acb8 (0x8f69) x14 0x00000000
core   0: 0x8000acba (0xe942ff13) andi    t5, t0, -364
core   0: 3 0x8000acba (0xe942ff13) x30 0x80022e14
core   0: 0x8000acbe (0x00008ec1) c.or    a3, s0
core   0: 3 0x8000acbe (0x8ec1) x13 0xffffffff
core   0: 0x8000acc0 (0xefb8ad13) slti    s10, a7, -261
core   0: 3 0x8000acc0 (0xefb8ad13) x26 0x00000001
core   0: 0x8000acc4 (0x00008f45) c.or    a4, s1
core   0: 3 0x8000acc4 (0x8f45) x14 0x00000000
core   0: 0x8000acc6 (0x01195cb3) srl     s9, s2, a7
core   0: 3 0x8000acc6 (0x01195cb3) x25 0x00000000
core   0: 0x8000acca (0x00289013) slli    zero, a7, 2
core   0: 3 0x8000acca (0x00289013)
core   0: 0x8000acce (0x0101dd93) srli    s11, gp, 16
core   0: 3 0x8000acce (0x0101dd93) x27 0x00000000
core   0: 0x8000acd2 (0x40d7d813) srai    a6, a5, 13
core   0: 3 0x8000acd2 (0x40d7d813) x16 0xffffffff
core   0: 0x8000acd6 (0x004011b3) sll     gp, zero, tp
core   0: 3 0x8000acd6 (0x004011b3) x 3 0x00000000
core   0: 0x8000acda (0x0023cbb3) xor     s7, t2, sp
core   0: 3 0x8000acda (0x0023cbb3) x23 0x0000000c
core   0: 0x8000acde (0x00006845) c.lui   a6, 0x11
core   0: 3 0x8000acde (0x6845) x16 0x00011000
core   0: 0x8000ace0 (0x4189d833) sra     a6, s3, s8
core   0: 3 0x8000ace0 (0x4189d833) x16 0x00000000
core   0: 0x8000ace4 (0x40638533) sub     a0, t2, t1
core   0: 3 0x8000ace4 (0x40638533) x10 0xfd05f42f
core   0: 0x8000ace8 (0x01123e33) sltu    t3, tp, a7
core   0: 3 0x8000ace8 (0x01123e33) x28 0x00000001
core   0: 0x8000acec (0x028276b3) remu    a3, tp, s0
core   0: 3 0x8000acec (0x028276b3) x13 0x80026ce4
core   0: 0x8000acf0 (0x02cb54b3) divu    s1, s6, a2
core   0: 3 0x8000acf0 (0x02cb54b3) x 9 0xffffffff
core   0: 0x8000acf4 (0x950436b7) lui     a3, 0x95043
core   0: 3 0x8000acf4 (0x950436b7) x13 0x95043000
core   0: 0x8000acf8 (0x00008c85) c.sub   s1, s1
core   0: 3 0x8000acf8 (0x8c85) x 9 0x00000000
core   0: 0x8000acfa (0x000063e1) c.lui   t2, 0x18
core   0: 3 0x8000acfa (0x63e1) x 7 0x00018000
core   0: 0x8000acfc (0x02c88463) beq     a7, a2, pc + 40
core   0: 3 0x8000acfc (0x02c88463)
core   0: 0x8000ad00 (0x000001e9) c.addi  gp, 26
core   0: 3 0x8000ad00 (0x01e9) x 3 0x0000001a
core   0: 0x8000ad02 (0x00008d11) c.sub   a0, a2
core   0: 3 0x8000ad02 (0x8d11) x10 0xfd05f42f
core   0: 0x8000ad04 (0x2e55a897) auipc   a7, 0x2e55a
core   0: 3 0x8000ad04 (0x2e55a897) x17 0xae564d04
core   0: 0x8000ad08 (0x000084c1) c.srai  s1, 16
core   0: 3 0x8000ad08 (0x84c1) x 9 0x00000000
core   0: 0x8000ad0a (0x02399563) bne     s3, gp, pc + 42
core   0: 3 0x8000ad0a (0x02399563)
core   0: 0x8000ad34 (0x0000e711) c.bnez  a4, pc + 12
core   0: 3 0x8000ad34 (0xe711)
core   0: 0x8000ad36 (0x64fef437) lui     s0, 0x64fef
core   0: 3 0x8000ad36 (0x64fef437) x 8 0x64fef000
core   0: 0x8000ad3a (0x00006cd5) c.lui   s9, 0x15
core   0: 3 0x8000ad3a (0x6cd5) x25 0x00015000
core   0: 0x8000ad3c (0x02504ab3) div     s5, zero, t0
core   0: 3 0x8000ad3c (0x02504ab3) x21 0x00000000
core   0: 0x8000ad40 (0x41bf84b3) sub     s1, t6, s11
core   0: 3 0x8000ad40 (0x41bf84b3) x 9 0x80000685
core   0: 0x8000ad44 (0x0171abb3) slt     s7, gp, s7
core   0: 3 0x8000ad44 (0x0171abb3) x23 0x00000000
core   0: 0x8000ad48 (0x00666c63) bltu    a2, t1, pc + 24
core   0: 3 0x8000ad48 (0x00666c63)
core   0: 0x8000ad60 (0xb63e7893) andi    a7, t3, -1181
core   0: 3 0x8000ad60 (0xb63e7893) x17 0x00000001
core   0: 0x8000ad64 (0x00000731) c.addi  a4, 12
core   0: 3 0x8000ad64 (0x0731) x14 0x0000000c
core   0: 0x8000ad66 (0x0085cc33) xor     s8, a1, s0
core   0: 3 0x8000ad66 (0x0085cc33) x24 0x64fef000
core   0: 0x8000ad6a (0x0000100f) fence.i
core   0: 3 0x8000ad6a (0x0000100f)
core   0: 0x8000ad6e (0x00008d3d) c.xor   a0, a5
core   0: 3 0x8000ad6e (0x8d3d) x10 0x02fa0b66
core   0: 0x8000ad70 (0x7f7d4f93) xori    t6, s10, 2039
core   0: 3 0x8000ad70 (0x7f7d4f93) x31 0x000007f6
core   0: 0x8000ad74 (0x32e52393) slti    t2, a0, 814
core   0: 3 0x8000ad74 (0x32e52393) x 7 0x00000000
core   0: 0x8000ad78 (0x00009496) c.add   s1, t0
core   0: 3 0x8000ad78 (0x9496) x 9 0x000234c1
core   0: 0x8000ad7a (0x00555333) srl     t1, a0, t0
core   0: 3 0x8000ad7a (0x00555333) x 6 0x00000000
core   0: 0x8000ad7e (0x00000001) c.nop
core   0: 3 0x8000ad7e (0x0001)
core   0: 0x8000ad80 (0x022d7833) remu    a6, s10, sp
core   0: 3 0x8000ad80 (0x022d7833) x16 0x00000001
core   0: 0x8000ad84 (0x00005afd) c.li    s5, -1
core   0: 3 0x8000ad84 (0x5afd) x21 0xffffffff
core   0: 0x8000ad86 (0x0000100f) fence.i
core   0: 3 0x8000ad86 (0x0000100f)
core   0: 0x8000ad8a (0x00dbf6b3) and     a3, s7, a3
core   0: 3 0x8000ad8a (0x00dbf6b3) x13 0x00000000
core   0: 0x8000ad8e (0x00008e61) c.and   a2, s0
core   0: 3 0x8000ad8e (0x8e61) x12 0x00000000
core   0: 0x8000ad90 (0xba2c8013) addi    zero, s9, -1118
core   0: 3 0x8000ad90 (0xba2c8013)
core   0: 0x8000ad94 (0x00008e21) c.xor   a2, s0
core   0: 3 0x8000ad94 (0x8e21) x12 0x64fef000
core   0: 0x8000ad96 (0x03002533) mulhsu  a0, zero, a6
core   0: 3 0x8000ad96 (0x03002533) x10 0x00000000
core   0: 0x8000ad9a (0x52aa8793) addi    a5, s5, 1322
core   0: 3 0x8000ad9a (0x52aa8793) x15 0x00000529
core   0: 0x8000ad9e (0x0000cd89) c.beqz  a1, pc + 26
core   0: 3 0x8000ad9e (0xcd89)
core   0: 0x8000adb8 (0x0000100f) fence.i
core   0: 3 0x8000adb8 (0x0000100f)
core   0: 0x8000adbc (0x838ff313) andi    t1, t6, -1992
core   0: 3 0x8000adbc (0x838ff313) x 6 0x00000030
core   0: 0x8000adc0 (0x0000cb9d) c.beqz  a5, pc + 54
core   0: 3 0x8000adc0 (0xcb9d)
core   0: 0x8000adc2 (0xff060013) addi    zero, a2, -16
core   0: 3 0x8000adc2 (0xff060013)
core   0: 0x8000adc6 (0xacbff713) andi    a4, t6, -1333
core   0: 3 0x8000adc6 (0xacbff713) x14 0x000002c2
core   0: 0x8000adca (0x018ce1b3) or      gp, s9, s8
core   0: 3 0x8000adca (0x018ce1b3) x 3 0x64fff000
core   0: 0x8000adce (0x00008972) c.mv    s2, t3
core   0: 3 0x8000adce (0x8972) x18 0x00000001
core   0: 0x8000add0 (0x78978513) addi    a0, a5, 1929
core   0: 3 0x8000add0 (0x78978513) x10 0x00000cb2
core   0: 0x8000add4 (0x0209d333) divu    t1, s3, zero
core   0: 3 0x8000add4 (0x0209d333) x 6 0xffffffff
core   0: 0x8000add8 (0x03e0a9b3) mulhsu  s3, ra, t5
core   0: 3 0x8000add8 (0x03e0a9b3) x19 0xffffffff
core   0: 0x8000addc (0x00b3ff33) and     t5, t2, a1
core   0: 3 0x8000addc (0x00b3ff33) x30 0x00000000
core   0: 0x8000ade0 (0x037425b3) mulhsu  a1, s0, s7
core   0: 3 0x8000ade0 (0x037425b3) x11 0x00000000
core   0: 0x8000ade4 (0x417cd093) srai    ra, s9, 23
core   0: 3 0x8000ade4 (0x417cd093) x 1 0x00000000
core   0: 0x8000ade8 (0x001b1733) sll     a4, s6, ra
core   0: 3 0x8000ade8 (0x001b1733) x14 0x004c2af2
core   0: 0x8000adec (0x00000506) c.slli  a0, 1
core   0: 3 0x8000adec (0x0506) x10 0x00001964
core   0: 0x8000adee (0x031b37b3) mulhu   a5, s6, a7
core   0: 3 0x8000adee (0x031b37b3) x15 0x00000000
core   0: 0x8000adf2 (0x8318b413) sltiu   s0, a7, -1999
core   0: 3 0x8000adf2 (0x8318b413) x 8 0x00000001
core   0: 0x8000adf6 (0x02f8e0b3) rem     ra, a7, a5
core   0: 3 0x8000adf6 (0x02f8e0b3) x 1 0x00000001
core   0: 0x8000adfa (0x03e513b3) mulh    t2, a0, t5
core   0: 3 0x8000adfa (0x03e513b3) x 7 0x00000000
core   0: 0x8000adfe (0x41655bb3) sra     s7, a0, s6
core   0: 3 0x8000adfe (0x41655bb3) x23 0x00000000
core   0: 0x8000ae02 (0x000054fd) c.li    s1, -1
core   0: 3 0x8000ae02 (0x54fd) x 9 0xffffffff
core   0: 0x8000ae04 (0x0000664d) c.lui   a2, 0x13
core   0: 3 0x8000ae04 (0x664d) x12 0x00013000
core   0: 0x8000ae06 (0x002b7263) bgeu    s6, sp, pc + 4
core   0: 3 0x8000ae06 (0x002b7263)
core   0: 0x8000ae0a (0x003359b3) srl     s3, t1, gp
core   0: 3 0x8000ae0a (0x003359b3) x19 0xffffffff
core   0: 0x8000ae0e (0x00008e79) c.and   a2, a4
core   0: 3 0x8000ae0e (0x8e79) x12 0x00002000
core   0: 0x8000ae10 (0x00006945) c.lui   s2, 0x11
core   0: 3 0x8000ae10 (0x6945) x18 0x00011000
core   0: 0x8000ae12 (0xc21a3097) auipc   ra, 0xc21a3
core   0: 3 0x8000ae12 (0xc21a3097) x 1 0x421ade12
core   0: 0x8000ae16 (0x000083b1) c.srli  a5, 12
core   0: 3 0x8000ae16 (0x83b1) x15 0x00000000
core   0: 0x8000ae18 (0x00ad5c33) srl     s8, s10, a0
core   0: 3 0x8000ae18 (0x00ad5c33) x24 0x00000000
core   0: 0x8000ae1c (0x00008309) c.srli  a4, 2
core   0: 3 0x8000ae1c (0x8309) x14 0x00130abc
core   0: 0x8000ae1e (0x02799163) bne     s3, t2, pc + 34
core   0: 3 0x8000ae1e (0x02799163)
core   0: 0x8000ae40 (0x009577b3) and     a5, a0, s1
core   0: 3 0x8000ae40 (0x009577b3) x15 0x00001964
core   0: 0x8000ae44 (0x00008589) c.srai  a1, 2
core   0: 3 0x8000ae44 (0x8589) x11 0x00000000
core   0: 0x8000ae46 (0x000016fd) c.addi  a3, -1
core   0: 3 0x8000ae46 (0x16fd) x13 0xffffffff
core   0: 0x8000ae48 (0x009007b3) add     a5, zero, s1
core   0: 3 0x8000ae48 (0x009007b3) x15 0xffffffff
core   0: 0x8000ae4c (0xf7cae913) ori     s2, s5, -132
core   0: 3 0x8000ae4c (0xf7cae913) x18 0xffffffff
core   0: 0x8000ae50 (0x0000045e) c.slli  s0, 23
core   0: 3 0x8000ae50 (0x045e) x 8 0x00800000
core   0: 0x8000ae52 (0x017f6a63) bltu    t5, s7, pc + 20
core   0: 3 0x8000ae52 (0x017f6a63)
core   0: 0x8000ae56 (0x2598be13) sltiu   t3, a7, 601
core   0: 3 0x8000ae56 (0x2598be13) x28 0x00000001
core   0: 0x8000ae5a (0x021e9333) mulh    t1, t4, ra
core   0: 3 0x8000ae5a (0x021e9333) x 6 0x00000111
core   0: 0x8000ae5e (0x0000893d) c.andi  a0, 15
core   0: 3 0x8000ae5e (0x893d) x10 0x00000004
core   0: 0x8000ae60 (0x00008d7d) c.and   a0, a5
core   0: 3 0x8000ae60 (0x8d7d) x10 0x00000004
core   0: 0x8000ae62 (0x0302d4b3) divu    s1, t0, a6
core   0: 3 0x8000ae62 (0x0302d4b3) x 9 0x80022e3c
core   0: 0x8000ae66 (0x00000329) c.addi  t1, 10
core   0: 3 0x8000ae66 (0x0329) x 6 0x0000011b
core   0: 0x8000ae68 (0x00f4af33) slt     t5, s1, a5
core   0: 3 0x8000ae68 (0x00f4af33) x30 0x00000001
core   0: 0x8000ae6c (0x11dbba13) sltiu   s4, s7, 285
core   0: 3 0x8000ae6c (0x11dbba13) x20 0x00000001
core   0: 0x8000ae70 (0x00ad93b3) sll     t2, s11, a0
core   0: 3 0x8000ae70 (0x00ad93b3) x 7 0x00000000
core   0: 0x8000ae74 (0x013eda13) srli    s4, t4, 19
core   0: 3 0x8000ae74 (0x013eda13) x20 0x00000000
core   0: 0x8000ae78 (0x02d7c333) div     t1, a5, a3
core   0: 3 0x8000ae78 (0x02d7c333) x 6 0x00000001
core   0: 0x8000ae7c (0x05257363) bgeu    a0, s2, pc + 70
core   0: 3 0x8000ae7c (0x05257363)
core   0: 0x8000ae80 (0x0048dfb3) srl     t6, a7, tp
core   0: 3 0x8000ae80 (0x0048dfb3) x31 0x00000000
core   0: 0x8000ae84 (0x7a6b6593) ori     a1, s6, 1958
core   0: 3 0x8000ae84 (0x7a6b6593) x11 0x004c2ff6
core   0: 0x8000ae88 (0x01760333) add     t1, a2, s7
core   0: 3 0x8000ae88 (0x01760333) x 6 0x00002000
core   0: 0x8000ae8c (0xbadd7493) andi    s1, s10, -1107
core   0: 3 0x8000ae8c (0xbadd7493) x 9 0x00000001
core   0: 0x8000ae90 (0x40a303b3) sub     t2, t1, a0
core   0: 3 0x8000ae90 (0x40a303b3) x 7 0x00001ffc
core   0: 0x8000ae94 (0xee957393) andi    t2, a0, -279
core   0: 3 0x8000ae94 (0xee957393) x 7 0x00000000
core   0: 0x8000ae98 (0x03ff9ab3) mulh    s5, t6, t6
core   0: 3 0x8000ae98 (0x03ff9ab3) x21 0x00000000
core   0: 0x8000ae9c (0x0005f1b3) and     gp, a1, zero
core   0: 3 0x8000ae9c (0x0005f1b3) x 3 0x00000000
core   0: 0x8000aea0 (0x031ae163) bltu    s5, a7, pc + 34
core   0: 3 0x8000aea0 (0x031ae163)
core   0: 0x8000aec2 (0x00008dc2) c.mv    s11, a6
core   0: 3 0x8000aec2 (0x8dc2) x27 0x00000001
core   0: 0x8000aec4 (0x002f36b3) sltu    a3, t5, sp
core   0: 3 0x8000aec4 (0x002f36b3) x13 0x00000001
core   0: 0x8000aec8 (0x0000c589) c.beqz  a1, pc + 10
core   0: 3 0x8000aec8 (0xc589)
core   0: 0x8000aeca (0x0265d763) bge     a1, t1, pc + 46
core   0: 3 0x8000aeca (0x0265d763)
core   0: 0x8000aef8 (0x03781533) mulh    a0, a6, s7
core   0: 3 0x8000aef8 (0x03781533) x10 0x00000000
core   0: 0x8000aefc (0x014ad5b3) srl     a1, s5, s4
core   0: 3 0x8000aefc (0x014ad5b3) x11 0x00000000
core   0: 0x8000af00 (0xb586e393) ori     t2, a3, -1192
core   0: 3 0x8000af00 (0xb586e393) x 7 0xfffffb59
core   0: 0x8000af04 (0x01f27f33) and     t5, tp, t6
core   0: 3 0x8000af04 (0x01f27f33) x30 0x00000000
core   0: 0x8000af08 (0x0000991a) c.add   s2, t1
core   0: 3 0x8000af08 (0x991a) x18 0x00001fff
core   0: 0x8000af0a (0x41a25e13) srai    t3, tp, 26
core   0: 3 0x8000af0a (0x41a25e13) x28 0xffffffe0
core   0: 0x8000af0e (0x0000597d) c.li    s2, -1
core   0: 3 0x8000af0e (0x597d) x18 0xffffffff
core   0: 0x8000af10 (0x414b5813) srai    a6, s6, 20
core   0: 3 0x8000af10 (0x414b5813) x16 0x00000004
core   0: 0x8000af14 (0x00008f91) c.sub   a5, a2
core   0: 3 0x8000af14 (0x8f91) x15 0xffffdfff
core   0: 0x8000af16 (0x000059fd) c.li    s3, -1
core   0: 3 0x8000af16 (0x59fd) x19 0xffffffff
core   0: 0x8000af18 (0x41f10933) sub     s2, sp, t6
core   0: 3 0x8000af18 (0x41f10933) x18 0x0000000c
core   0: 0x8000af1c (0x00d419b3) sll     s3, s0, a3
core   0: 3 0x8000af1c (0x00d419b3) x19 0x01000000
core   0: 0x8000af20 (0x048f7063) bgeu    t5, s0, pc + 64
core   0: 3 0x8000af20 (0x048f7063)
core   0: 0x8000af24 (0x0000999a) c.add   s3, t1
core   0: 3 0x8000af24 (0x999a) x19 0x01002000
core   0: 0x8000af26 (0xe5b98813) addi    a6, s3, -421
core   0: 3 0x8000af26 (0xe5b98813) x16 0x01001e5b
core   0: 0x8000af2a (0x03b91063) bne     s2, s11, pc + 32
core   0: 3 0x8000af2a (0x03b91063)
core   0: 0x8000af4a (0x0117f263) bgeu    a5, a7, pc + 4
core   0: 3 0x8000af4a (0x0117f263)
core   0: 0x8000af4e (0x00008c29) c.xor   s0, a0
core   0: 3 0x8000af4e (0x8c29) x 8 0x00800000
core   0: 0x8000af50 (0x0000ed15) c.bnez  a0, pc + 60
core   0: 3 0x8000af50 (0xed15)
core   0: 0x8000af52 (0x00000001) c.nop
core   0: 3 0x8000af52 (0x0001)
core   0: 0x8000af54 (0x01ccdc13) srli    s8, s9, 28
core   0: 3 0x8000af54 (0x01ccdc13) x24 0x00000000
core   0: 0x8000af58 (0x0190d5b3) srl     a1, ra, s9
core   0: 3 0x8000af58 (0x0190d5b3) x11 0x421ade12
core   0: 0x8000af5c (0xf1d29d17) auipc   s10, 0xf1d29
core   0: 3 0x8000af5c (0xf1d29d17) x26 0x71d33f5c
core   0: 0x8000af60 (0x7fec4093) xori    ra, s8, 2046
core   0: 3 0x8000af60 (0x7fec4093) x 1 0x000007fe
core   0: 0x8000af64 (0x00004c95) c.li    s9, 5
core   0: 3 0x8000af64 (0x4c95) x25 0x00000005
core   0: 0x8000af66 (0x026e2833) mulhsu  a6, t3, t1
core   0: 3 0x8000af66 (0x026e2833) x16 0xffffffff
core   0: 0x8000af6a (0x0000100f) fence.i
core   0: 3 0x8000af6a (0x0000100f)
core   0: 0x8000af6e (0x000338b3) sltu    a7, t1, zero
core   0: 3 0x8000af6e (0x000338b3) x17 0x00000000
core   0: 0x8000af72 (0xed60fe93) andi    t4, ra, -298
core   0: 3 0x8000af72 (0xed60fe93) x29 0x000006d6
core   0: 0x8000af76 (0x03e60833) mul     a6, a2, t5
core   0: 3 0x8000af76 (0x03e60833) x16 0x00000000
core   0: 0x8000af7a (0x0139c7b3) xor     a5, s3, s3
core   0: 3 0x8000af7a (0x0139c7b3) x15 0x00000000
core   0: 0x8000af7e (0x0000100f) fence.i
core   0: 3 0x8000af7e (0x0000100f)
core   0: 0x8000af82 (0x000080e5) c.srli  s1, 25
core   0: 3 0x8000af82 (0x80e5) x 9 0x00000000
core   0: 0x8000af84 (0x002c1f13) slli    t5, s8, 2
core   0: 3 0x8000af84 (0x002c1f13) x30 0x00000000
core   0: 0x8000af88 (0x02b4cb63) blt     s1, a1, pc + 54
core   0: 3 0x8000af88 (0x02b4cb63)
core   0: 0x8000afbe (0x00885093) srli    ra, a6, 8
core   0: 3 0x8000afbe (0x00885093) x 1 0x00000000
core   0: 0x8000afc2 (0x00000001) c.nop
core   0: 3 0x8000afc2 (0x0001)
core   0: 0x8000afc4 (0x000098fd) c.andi  s1, -1
core   0: 3 0x8000afc4 (0x98fd) x 9 0x00000000
core   0: 0x8000afc6 (0xaab6f997) auipc   s3, 0xaab6f
core   0: 3 0x8000afc6 (0xaab6f997) x19 0x2ab79fc6
core   0: 0x8000afca (0x00008c3d) c.xor   s0, a5
core   0: 3 0x8000afca (0x8c3d) x 8 0x00800000
core   0: 0x8000afcc (0x41760db3) sub     s11, a2, s7
core   0: 3 0x8000afcc (0x41760db3) x27 0x00002000
core   0: 0x8000afd0 (0x02c62ab3) mulhsu  s5, a2, a2
core   0: 3 0x8000afd0 (0x02c62ab3) x21 0x00000000
core   0: 0x8000afd4 (0x0377f1b3) remu    gp, a5, s7
core   0: 3 0x8000afd4 (0x0377f1b3) x 3 0x00000000
core   0: 0x8000afd8 (0x02308833) mul     a6, ra, gp
core   0: 3 0x8000afd8 (0x02308833) x16 0x00000000
core   0: 0x8000afdc (0xe017a713) slti    a4, a5, -511
core   0: 3 0x8000afdc (0xe017a713) x14 0x00000000
core   0: 0x8000afe0 (0x0000c709) c.beqz  a4, pc + 10
core   0: 3 0x8000afe0 (0xc709)
core   0: 0x8000afea (0x0000557d) c.li    a0, -1
core   0: 3 0x8000afea (0x557d) x10 0xffffffff
core   0: 0x8000afec (0x00008a86) c.mv    s5, ra
core   0: 3 0x8000afec (0x8a86) x21 0x00000000
core   0: 0x8000afee (0x00008d66) c.mv    s10, s9
core   0: 3 0x8000afee (0x8d66) x26 0x00000005
core   0: 0x8000aff0 (0x002fd1b3) srl     gp, t6, sp
core   0: 3 0x8000aff0 (0x002fd1b3) x 3 0x00000000
core   0: 0x8000aff4 (0xe6227e93) andi    t4, tp, -414
core   0: 3 0x8000aff4 (0xe6227e93) x29 0x80026c60
core   0: 0x8000aff8 (0x0ff0000f) fence   iorw,iorw
core   0: 3 0x8000aff8 (0x0ff0000f)
core   0: 0x8000affc (0x0159d433) srl     s0, s3, s5
core   0: 3 0x8000affc (0x0159d433) x 8 0x2ab79fc6
core   0: 0x8000b000 (0x00008dd1) c.or    a1, a2
core   0: 3 0x8000b000 (0x8dd1) x11 0x421afe12
core   0: 0x8000b002 (0x03285933) divu    s2, a6, s2
core   0: 3 0x8000b002 (0x03285933) x18 0x00000000
core   0: 0x8000b006 (0x650b6513) ori     a0, s6, 1616
core   0: 3 0x8000b006 (0x650b6513) x10 0x004c2ef2
core   0: 0x8000b00a (0x02220533) mul     a0, tp, sp
core   0: 3 0x8000b00a (0x02220533) x10 0x001d1ab0
core   0: 0x8000b00e (0x01e151b3) srl     gp, sp, t5
core   0: 3 0x8000b00e (0x01e151b3) x 3 0x0000000c
core   0: 0x8000b012 (0xee2cb013) sltiu   zero, s9, -286
core   0: 3 0x8000b012 (0xee2cb013)
core   0: 0x8000b016 (0x00000001) c.nop
core   0: 3 0x8000b016 (0x0001)
core   0: 0x8000b018 (0xfc893393) sltiu   t2, s2, -56
core   0: 3 0x8000b018 (0xfc893393) x 7 0x00000001
core   0: 0x8000b01c (0x000016fd) c.addi  a3, -1
core   0: 3 0x8000b01c (0x16fd) x13 0x00000000
core   0: 0x8000b01e (0x0c8b7163) bgeu    s6, s0, pc + 194
core   0: 3 0x8000b01e (0x0c8b7163)
core   0: 0x8000b022 (0x0ff0000f) fence   iorw,iorw
core   0: 3 0x8000b022 (0x0ff0000f)
core   0: 0x8000b026 (0x00008d6d) c.and   a0, a1
core   0: 3 0x8000b026 (0x8d6d) x10 0x00181a10
core   0: 0x8000b028 (0x0b854863) blt     a0, s8, pc + 176
core   0: 3 0x8000b028 (0x0b854863)
core   0: 0x8000b02c (0x026d1633) mulh    a2, s10, t1
core   0: 3 0x8000b02c (0x026d1633) x12 0x00000000
core   0: 0x8000b030 (0x8be4a637) lui     a2, 0x8be4a
core   0: 3 0x8000b030 (0x8be4a637) x12 0x8be4a000
core   0: 0x8000b034 (0x0000eec5) c.bnez  a3, pc + 184
core   0: 3 0x8000b034 (0xeec5)
core   0: 0x8000b036 (0x02325b33) divu    s6, tp, gp
core   0: 3 0x8000b036 (0x02325b33) x22 0x0aaade68
core   0: 0x8000b03a (0x719bea93) ori     s5, s7, 1817
core   0: 3 0x8000b03a (0x719bea93) x21 0x00000719
core   0: 0x8000b03e (0x4096dc33) sra     s8, a3, s1
core   0: 3 0x8000b03e (0x4096dc33) x24 0x00000000
core   0: 0x8000b042 (0x000088bd) c.andi  s1, 15
core   0: 3 0x8000b042 (0x88bd) x 9 0x00000000
core   0: 0x8000b044 (0x00008e9d) c.sub   a3, a5
core   0: 3 0x8000b044 (0x8e9d) x13 0x00000000
core   0: 0x8000b046 (0x00008ffd) c.and   a5, a5
core   0: 3 0x8000b046 (0x8ffd) x15 0x00000000
core   0: 0x8000b048 (0x011cd463) bge     s9, a7, pc + 8
core   0: 3 0x8000b048 (0x011cd463)
core   0: 0x8000b050 (0x0000c4c1) c.beqz  s1, pc + 136
core   0: 3 0x8000b050 (0xc4c1)
core   0: 0x8000b0d8 (0x01beda13) srli    s4, t4, 27
core   0: 3 0x8000b0d8 (0x01beda13) x20 0x00000010
core   0: 0x8000b0dc (0x00335913) srli    s2, t1, 3
core   0: 3 0x8000b0dc (0x00335913) x18 0x00000400
core   0: 0x8000b0e0 (0x0391b7b3) mulhu   a5, gp, s9
core   0: 3 0x8000b0e0 (0x0391b7b3) x15 0x00000000
core   0: 0x8000b0e4 (0x00000fcd) c.addi  t6, 19
core   0: 3 0x8000b0e4 (0x0fcd) x31 0x00000013
core   0: 0x8000b0e6 (0x0000cd05) c.beqz  a0, pc + 56
core   0: 3 0x8000b0e6 (0xcd05)
core   0: 0x8000b0e8 (0x02c4e063) bltu    s1, a2, pc + 32
core   0: 3 0x8000b0e8 (0x02c4e063)
core   0: 0x8000b108 (0x03cb7033) remu    zero, s6, t3
core   0: 3 0x8000b108 (0x03cb7033)
core   0: 0x8000b10c (0x00000001) c.nop
core   0: 3 0x8000b10c (0x0001)
core   0: 0x8000b10e (0x00000b66) c.slli  s6, 25
core   0: 3 0x8000b10e (0x0b66) x22 0xd0000000
core   0: 0x8000b110 (0x0000c08d) c.beqz  s1, pc + 34
core   0: 3 0x8000b110 (0xc08d)
core   0: 0x8000b132 (0x000066e9) c.lui   a3, 0x1a
core   0: 3 0x8000b132 (0x66e9) x13 0x0001a000
core   0: 0x8000b134 (0x892ee693) ori     a3, t4, -1902
core   0: 3 0x8000b134 (0x892ee693) x13 0xfffffcf2
core   0: 0x8000b138 (0x00ed5813) srli    a6, s10, 14
core   0: 3 0x8000b138 (0x00ed5813) x16 0x00000000
core   0: 0x8000b13c (0x01a7d6b3) srl     a3, a5, s10
core   0: 3 0x8000b13c (0x01a7d6b3) x13 0x00000000
core   0: 0x8000b140 (0x8ea43397) auipc   t2, 0x8ea43
core   0: 3 0x8000b140 (0x8ea43397) x 7 0x0ea4e140
core   0: 0x8000b144 (0x407ba693) slti    a3, s7, 1031
core   0: 3 0x8000b144 (0x407ba693) x13 0x00000001
core   0: 0x8000b148 (0x41feb313) sltiu   t1, t4, 1055
core   0: 3 0x8000b148 (0x41feb313) x 6 0x00000000
core   0: 0x8000b14c (0x4051df13) srai    t5, gp, 5
core   0: 3 0x8000b14c (0x4051df13) x30 0x00000000
core   0: 0x8000b150 (0x00006665) c.lui   a2, 0x19
core   0: 3 0x8000b150 (0x6665) x12 0x00019000
core   0: 0x8000b152 (0x017d0733) add     a4, s10, s7
core   0: 3 0x8000b152 (0x017d0733) x14 0x00000005
core   0: 0x8000b156 (0x411e5c93) srai    s9, t3, 17
core   0: 3 0x8000b156 (0x411e5c93) x25 0xffffffff
core   0: 0x8000b15a (0x40d10fb3) sub     t6, sp, a3
core   0: 3 0x8000b15a (0x40d10fb3) x31 0x0000000b
core   0: 0x8000b15e (0x03b45a33) divu    s4, s0, s11
core   0: 3 0x8000b15e (0x03b45a33) x20 0x000155bc
core   0: 0x8000b162 (0x000080b2) c.mv    ra, a2
core   0: 3 0x8000b162 (0x80b2) x 1 0x00019000
core   0: 0x8000b164 (0x00008ef5) c.and   a3, a3
core   0: 3 0x8000b164 (0x8ef5) x13 0x00000001
core   0: 0x8000b166 (0x00000001) c.nop
core   0: 3 0x8000b166 (0x0001)
core   0: 0x8000b168 (0x00008159) c.srli  a0, 22
core   0: 3 0x8000b168 (0x8159) x10 0x00000000
core   0: 0x8000b16a (0xc3126f93) ori     t6, tp, -975
core   0: 3 0x8000b16a (0xc3126f93) x31 0xfffffcf5
core   0: 0x8000b16e (0x03893bb3) mulhu   s7, s2, s8
core   0: 3 0x8000b16e (0x03893bb3) x23 0x00000000
core   0: 0x8000b172 (0x00008c2d) c.xor   s0, a1
core   0: 3 0x8000b172 (0x8c2d) x 8 0x68ad61d4
core   0: 0x8000b174 (0x000063f1) c.lui   t2, 0x1c
core   0: 3 0x8000b174 (0x63f1) x 7 0x0001c000
core   0: 0x8000b176 (0x6e003593) sltiu   a1, zero, 1760
core   0: 3 0x8000b176 (0x6e003593) x11 0x00000001
core   0: 0x8000b17a (0x41b95eb3) sra     t4, s2, s11
core   0: 3 0x8000b17a (0x41b95eb3) x29 0x00000400
core   0: 0x8000b17e (0x0000ee01) c.bnez  a2, pc + 24
core   0: 3 0x8000b17e (0xee01)
core   0: 0x8000b196 (0x0000987d) c.andi  s0, -1
core   0: 3 0x8000b196 (0x987d) x 8 0x68ad61d4
core   0: 0x8000b198 (0x41df0633) sub     a2, t5, t4
core   0: 3 0x8000b198 (0x41df0633) x12 0xfffffc00
core   0: 0x8000b19c (0xb53e10b7) lui     ra, 0xb53e1
core   0: 3 0x8000b19c (0xb53e10b7) x 1 0xb53e1000
core   0: 0x8000b1a0 (0x02a227b3) mulhsu  a5, tp, a0
core   0: 3 0x8000b1a0 (0x02a227b3) x15 0x00000000
core   0: 0x8000b1a4 (0x0000878d) c.srai  a5, 3
core   0: 3 0x8000b1a4 (0x878d) x15 0x00000000
core   0: 0x8000b1a6 (0x033579b3) remu    s3, a0, s3
core   0: 3 0x8000b1a6 (0x033579b3) x19 0x00000000
core   0: 0x8000b1aa (0x00000001) c.nop
core   0: 3 0x8000b1aa (0x0001)
core   0: 0x8000b1ac (0x0000100f) fence.i
core   0: 3 0x8000b1ac (0x0000100f)
core   0: 0x8000b1b0 (0x03653a33) mulhu   s4, a0, s6
core   0: 3 0x8000b1b0 (0x03653a33) x20 0x00000000
core   0: 0x8000b1b4 (0x0179e833) or      a6, s3, s7
core   0: 3 0x8000b1b4 (0x0179e833) x16 0x00000000
core   0: 0x8000b1b8 (0x0000937e) c.add   t1, t6
core   0: 3 0x8000b1b8 (0x937e) x 6 0xfffffcf5
core   0: 0x8000b1ba (0x000084dd) c.srai  s1, 23
core   0: 3 0x8000b1ba (0x84dd) x 9 0x00000000
core   0: 0x8000b1bc (0x006a8b33) add     s6, s5, t1
core   0: 3 0x8000b1bc (0x006a8b33) x22 0x0000040e
core   0: 0x8000b1c0 (0x00001afd) c.addi  s5, -1
core   0: 3 0x8000b1c0 (0x1afd) x21 0x00000718
core   0: 0x8000b1c2 (0x40fad3b3) sra     t2, s5, a5
core   0: 3 0x8000b1c2 (0x40fad3b3) x 7 0x00000718
core   0: 0x8000b1c6 (0x03d53033) mulhu   zero, a0, t4
core   0: 3 0x8000b1c6 (0x03d53033)
core   0: 0x8000b1ca (0x00f5b9b3) sltu    s3, a1, a5
core   0: 3 0x8000b1ca (0x00f5b9b3) x19 0x00000000
core   0: 0x8000b1ce (0x00000a3e) c.slli  s4, 15
core   0: 3 0x8000b1ce (0x0a3e) x20 0x00000000
core   0: 0x8000b1d0 (0x033653b3) divu    t2, a2, s3
core   0: 3 0x8000b1d0 (0x033653b3) x 7 0xffffffff
core   0: 0x8000b1d4 (0x0000100f) fence.i
core   0: 3 0x8000b1d4 (0x0000100f)
core   0: 0x8000b1d8 (0x02593933) mulhu   s2, s2, t0
core   0: 3 0x8000b1d8 (0x02593933) x18 0x00000200
core   0: 0x8000b1dc (0x0000c389) c.beqz  a5, pc + 2
core   0: 3 0x8000b1dc (0xc389)
core   0: 0x8000b1de (0x022be733) rem     a4, s7, sp
core   0: 3 0x8000b1de (0x022be733) x14 0x00000000
core   0: 0x8000b1e2 (0x000081e9) c.srli  a1, 26
core   0: 3 0x8000b1e2 (0x81e9) x11 0x00000000
core   0: 0x8000b1e4 (0x77f2d797) auipc   a5, 0x77f2d
core   0: 3 0x8000b1e4 (0x77f2d797) x15 0xf7f381e4
core   0: 0x8000b1e8 (0x00008c42) c.mv    s8, a6
core   0: 3 0x8000b1e8 (0x8c42) x24 0x00000000
core   0: 0x8000b1ea (0x7972e393) ori     t2, t0, 1943
core   0: 3 0x8000b1ea (0x7972e393) x 7 0x80022fbf
core   0: 0x8000b1ee (0x033055b3) divu    a1, zero, s3
core   0: 3 0x8000b1ee (0x033055b3) x11 0xffffffff
core   0: 0x8000b1f2 (0x02a2aa33) mulhsu  s4, t0, a0
core   0: 3 0x8000b1f2 (0x02a2aa33) x20 0x00000000
core   0: 0x8000b1f6 (0x0000100f) fence.i
core   0: 3 0x8000b1f6 (0x0000100f)
core   0: 0x8000b1fa (0x0249ec63) bltu    s3, tp, pc + 56
core   0: 3 0x8000b1fa (0x0249ec63)
core   0: 0x8000b232 (0x00008df1) c.and   a1, a2
core   0: 3 0x8000b232 (0x8df1) x11 0xfffffc00
core   0: 0x8000b234 (0x09c35317) auipc   t1, 0x9c35
core   0: 3 0x8000b234 (0x09c35317) x 6 0x89c40234
core   0: 0x8000b238 (0x000013fd) c.addi  t2, -1
core   0: 3 0x8000b238 (0x13fd) x 7 0x80022fbe
core   0: 0x8000b23a (0xc2c730b7) lui     ra, 0xc2c73
core   0: 3 0x8000b23a (0xc2c730b7) x 1 0xc2c73000
core   0: 0x8000b23e (0x00d22a33) slt     s4, tp, a3
core   0: 3 0x8000b23e (0x00d22a33) x20 0x00000001
core   0: 0x8000b242 (0x63b69a37) lui     s4, 0x63b69
core   0: 3 0x8000b242 (0x63b69a37) x20 0x63b69000
core   0: 0x8000b246 (0x03fd18b3) mulh    a7, s10, t6
core   0: 3 0x8000b246 (0x03fd18b3) x17 0xffffffff
core   0: 0x8000b24a (0x40b05d93) srai    s11, zero, 11
core   0: 3 0x8000b24a (0x40b05d93) x27 0x00000000
core   0: 0x8000b24e (0x0273f4b3) remu    s1, t2, t2
core   0: 3 0x8000b24e (0x0273f4b3) x 9 0x00000000
core   0: 0x8000b252 (0x00000aba) c.slli  s5, 14
core   0: 3 0x8000b252 (0x0aba) x21 0x01c60000
core   0: 0x8000b254 (0x000061f9) c.lui   gp, 0x1e
core   0: 3 0x8000b254 (0x61f9) x 3 0x0001e000
core   0: 0x8000b256 (0x009e9093) slli    ra, t4, 9
core   0: 3 0x8000b256 (0x009e9093) x 1 0x00080000
core   0: 0x8000b25a (0x0000e699) c.bnez  a3, pc + 14
core   0: 3 0x8000b25a (0xe699)
core   0: 0x8000b268 (0x01e05513) srli    a0, zero, 30
core   0: 3 0x8000b268 (0x01e05513) x10 0x00000000
core   0: 0x8000b26c (0x03c14763) blt     sp, t3, pc + 46
core   0: 3 0x8000b26c (0x03c14763)
core   0: 0x8000b270 (0x407185b3) sub     a1, gp, t2
core   0: 3 0x8000b270 (0x407185b3) x11 0x7fffb042
core   0: 0x8000b274 (0x01ae8ab3) add     s5, t4, s10
core   0: 3 0x8000b274 (0x01ae8ab3) x21 0x00000405
core   0: 0x8000b278 (0x0112d1b3) srl     gp, t0, a7
core   0: 3 0x8000b278 (0x0112d1b3) x 3 0x00000001
core   0: 0x8000b27c (0x01941e13) slli    t3, s0, 25
core   0: 3 0x8000b27c (0x01941e13) x28 0xa8000000
core   0: 0x8000b280 (0x41ead633) sra     a2, s5, t5
core   0: 3 0x8000b280 (0x41ead633) x12 0x00000405
core   0: 0x8000b284 (0x02610363) beq     sp, t1, pc + 38
core   0: 3 0x8000b284 (0x02610363)
core   0: 0x8000b288 (0x00008d25) c.xor   a0, s1
core   0: 3 0x8000b288 (0x8d25) x10 0x00000000
core   0: 0x8000b28a (0x00008c91) c.sub   s1, a2
core   0: 3 0x8000b28a (0x8c91) x 9 0xfffffbfb
core   0: 0x8000b28c (0x00000001) c.nop
core   0: 3 0x8000b28c (0x0001)
core   0: 0x8000b28e (0x00000001) c.nop
core   0: 3 0x8000b28e (0x0001)
core   0: 0x8000b290 (0x000066d9) c.lui   a3, 0x16
core   0: 3 0x8000b290 (0x66d9) x13 0x00016000
core   0: 0x8000b292 (0x006e6863) bltu    t3, t1, pc + 16
core   0: 3 0x8000b292 (0x006e6863)
core   0: 0x8000b296 (0x01d02ab3) slt     s5, zero, t4
core   0: 3 0x8000b296 (0x01d02ab3) x21 0x00000001
core   0: 0x8000b29a (0xe8b19417) auipc   s0, 0xe8b19
core   0: 3 0x8000b29a (0xe8b19417) x 8 0x68b2429a
core   0: 0x8000b29e (0x025a43b3) div     t2, s4, t0
core   0: 3 0x8000b29e (0x025a43b3) x 7 0x00000000
core   0: 0x8000b2a2 (0x0036c333) xor     t1, a3, gp
core   0: 3 0x8000b2a2 (0x0036c333) x 6 0x00016001
core   0: 0x8000b2a6 (0x452f8e13) addi    t3, t6, 1106
core   0: 3 0x8000b2a6 (0x452f8e13) x28 0x00000147
core   0: 0x8000b2aa (0x00006a21) c.lui   s4, 0x8
core   0: 3 0x8000b2aa (0x6a21) x20 0x00008000
core   0: 0x8000b2ac (0x03fc7e33) remu    t3, s8, t6
core   0: 3 0x8000b2ac (0x03fc7e33) x28 0x00000000
core   0: 0x8000b2b0 (0x0ff0000f) fence   iorw,iorw
core   0: 3 0x8000b2b0 (0x0ff0000f)
core   0: 0x8000b2b4 (0x035029b3) mulhsu  s3, zero, s5
core   0: 3 0x8000b2b4 (0x035029b3) x19 0x00000000
core   0: 0x8000b2b8 (0x0000987d) c.andi  s0, -1
core   0: 3 0x8000b2b8 (0x987d) x 8 0x68b2429a
core   0: 0x8000b2ba (0x000017fd) c.addi  a5, -1
core   0: 3 0x8000b2ba (0x17fd) x15 0xf7f381e3
core   0: 0x8000b2bc (0x02215663) bge     sp, sp, pc + 44
core   0: 3 0x8000b2bc (0x02215663)
core   0: 0x8000b2e8 (0x54464d93) xori    s11, a2, 1348
core   0: 3 0x8000b2e8 (0x54464d93) x27 0x00000141
core   0: 0x8000b2ec (0x00008fb1) c.xor   a5, a2
core   0: 3 0x8000b2ec (0x8fb1) x15 0xf7f385e6
core   0: 0x8000b2ee (0x41a0d333) sra     t1, ra, s10
core   0: 3 0x8000b2ee (0x41a0d333) x 6 0x00004000
core   0: 0x8000b2f2 (0x023d5ab3) divu    s5, s10, gp
core   0: 3 0x8000b2f2 (0x023d5ab3) x21 0x00000005
core   0: 0x8000b2f6 (0x00011d97) auipc   s11, 0x11
core   0: 3 0x8000b2f6 (0x00011d97) x27 0x8001c2f6
core   0: 0x8000b2fa (0xa67d8d93) addi    s11, s11, -1433
core   0: 3 0x8000b2fa (0xa67d8d93) x27 0x8001bd5d
core   0: 0x8000b2fe (0xd016fb93) andi    s7, a3, -767
core   0: 3 0x8000b2fe (0xd016fb93) x23 0x00016000
core   0: 0x8000b302 (0x00264c33) xor     s8, a2, sp
core   0: 3 0x8000b302 (0x00264c33) x24 0x00000409
core   0: 0x8000b306 (0xcb8d8183) lb      gp, -840(s11)
core   0: 3 0x8000b306 (0xcb8d8183) x 3 0x0000006f mem 0x8001ba15
core   0: 0x8000b30a (0xa6bda983) lw      s3, -1429(s11)
core   0: 3 0x8000b30a (0xa6bda983) x19 0xa970299e mem 0x8001b7c8
core   0: 0x8000b30e (0x83bead13) slti    s10, t4, -1989
core   0: 3 0x8000b30e (0x83bead13) x26 0x00000000
core   0: 0x8000b312 (0x40885e33) sra     t3, a6, s0
core   0: 3 0x8000b312 (0x40885e33) x28 0x00000000
core   0: 0x8000b316 (0xb11dc483) lbu     s1, -1263(s11)
core   0: 3 0x8000b316 (0xb11dc483) x 9 0x000000ea mem 0x8001b86e
core   0: 0x8000b31a (0x0000100f) fence.i
core   0: 3 0x8000b31a (0x0000100f)
core   0: 0x8000b31e (0x000083ed) c.srli  a5, 27
core   0: 3 0x8000b31e (0x83ed) x15 0x0000001e
core   0: 0x8000b320 (0x539d9483) lh      s1, 1337(s11)
core   0: 3 0x8000b320 (0x539d9483) x 9 0xffffaa11 mem 0x8001c296
core   0: 0x8000b324 (0x00008909) c.andi  a0, 2
core   0: 3 0x8000b324 (0x8909) x10 0x00000000
core   0: 0x8000b326 (0xfdbdd683) lhu     a3, -37(s11)
core   0: 3 0x8000b326 (0xfdbdd683) x13 0x00004f1e mem 0x8001bd38
core   0: 0x8000b32a (0x00008f19) c.sub   a4, a4
core   0: 3 0x8000b32a (0x8f19) x14 0x00000000
core   0: 0x8000b32c (0x001afa33) and     s4, s5, ra
core   0: 3 0x8000b32c (0x001afa33) x20 0x00000000
core   0: 0x8000b330 (0xc1fd8f03) lb      t5, -993(s11)
core   0: 3 0x8000b330 (0xc1fd8f03) x30 0xffffffa6 mem 0x8001b97c
core   0: 0x8000b334 (0x13cef713) andi    a4, t4, 316
core   0: 3 0x8000b334 (0x13cef713) x14 0x00000000
core   0: 0x8000b338 (0x464dcf03) lbu     t5, 1124(s11)
core   0: 3 0x8000b338 (0x464dcf03) x30 0x0000000c mem 0x8001c1c1
core   0: 0x8000b33c (0x984dcc03) lbu     s8, -1660(s11)
core   0: 3 0x8000b33c (0x984dcc03) x24 0x00000011 mem 0x8001b6e1
core   0: 0x8000b340 (0x01ed64b3) or      s1, s10, t5
core   0: 3 0x8000b340 (0x01ed64b3) x 9 0x0000000c
core   0: 0x8000b344 (0x0000845d) c.srai  s0, 23
core   0: 3 0x8000b344 (0x845d) x 8 0x000000d1
core   0: 0x8000b346 (0xa55d8523) sb      s5, -1462(s11)
core   0: 3 0x8000b346 (0xa55d8523) mem 0x8001b7a7 0x5
core   0: 0x8000b34a (0xe89d8223) sb      s1, -380(s11)
core   0: 3 0x8000b34a (0xe89d8223) mem 0x8001bbe1 0xc
core   0: 0x8000b34e (0x000097ea) c.add   a5, s10
core   0: 3 0x8000b34e (0x97ea) x15 0x0000001e
core   0: 0x8000b350 (0xc1968b93) addi    s7, a3, -999
core   0: 3 0x8000b350 (0xc1968b93) x23 0x00004b37
core   0: 0x8000b354 (0x0000187d) c.addi  a6, -1
core   0: 3 0x8000b354 (0x187d) x16 0xffffffff
core   0: 0x8000b356 (0x02d520b3) mulhsu  ra, a0, a3
core   0: 3 0x8000b356 (0x02d520b3) x 1 0x00000000
core   0: 0x8000b35a (0x1f257693) andi    a3, a0, 498
core   0: 3 0x8000b35a (0x1f257693) x13 0x00000000
core   0: 0x8000b35e (0x00008cdd) c.or    s1, a5
core   0: 3 0x8000b35e (0x8cdd) x 9 0x0000001e
core   0: 0x8000b360 (0x0000100f) fence.i
core   0: 3 0x8000b360 (0x0000100f)
core   0: 0x8000b364 (0x00008f59) c.or    a4, a4
core   0: 3 0x8000b364 (0x8f59) x14 0x00000000
core   0: 0x8000b366 (0x098d8c93) addi    s9, s11, 152
core   0: 3 0x8000b366 (0x098d8c93) x25 0x8001bdf5
core   0: 0x8000b36a (0x00008fd2) c.mv    t6, s4
core   0: 3 0x8000b36a (0x8fd2) x31 0x00000000
core   0: 0x8000b36c (0x0008f633) and     a2, a7, zero
core   0: 3 0x8000b36c (0x0008f633) x12 0x00000000
core   0: 0x8000b370 (0x031206b3) mul     a3, tp, a7
core   0: 3 0x8000b370 (0x031206b3) x13 0x7ffd931c
core   0: 0x8000b374 (0x0000100f) fence.i
core   0: 3 0x8000b374 (0x0000100f)
core   0: 0x8000b378 (0x0113da13) srli    s4, t2, 17
core   0: 3 0x8000b378 (0x0113da13) x20 0x00000000
core   0: 0x8000b37c (0x40dada33) sra     s4, s5, a3
core   0: 3 0x8000b37c (0x40dada33) x20 0x00000000
core   0: 0x8000b380 (0x03851633) mulh    a2, a0, s8
core   0: 3 0x8000b380 (0x03851633) x12 0x00000000
core   0: 0x8000b384 (0x0243f0b3) remu    ra, t2, tp
core   0: 3 0x8000b384 (0x0243f0b3) x 1 0x00000000
core   0: 0x8000b388 (0x0321a333) mulhsu  t1, gp, s2
core   0: 3 0x8000b388 (0x0321a333) x 6 0x00000000
core   0: 0x8000b38c (0x0326bdb3) mulhu   s11, a3, s2
core   0: 3 0x8000b38c (0x0326bdb3) x27 0x000000ff
core   0: 0x8000b390 (0x0ff0000f) fence   iorw,iorw
core   0: 3 0x8000b390 (0x0ff0000f)
core   0: 0x8000b394 (0x036a7c63) bgeu    s4, s6, pc + 56
core   0: 3 0x8000b394 (0x036a7c63)
core   0: 0x8000b398 (0x03bbe963) bltu    s7, s11, pc + 50
core   0: 3 0x8000b398 (0x03bbe963)
core   0: 0x8000b39c (0x00001e7d) c.addi  t3, -1
core   0: 3 0x8000b39c (0x1e7d) x28 0xffffffff
core   0: 0x8000b39e (0x01b2ce33) xor     t3, t0, s11
core   0: 3 0x8000b39e (0x01b2ce33) x28 0x80022ec3
core   0: 0x8000b3a2 (0x00edeeb3) or      t4, s11, a4
core   0: 3 0x8000b3a2 (0x00edeeb3) x29 0x000000ff
core   0: 0x8000b3a6 (0x0000055a) c.slli  a0, 22
core   0: 3 0x8000b3a6 (0x055a) x10 0x00000000
core   0: 0x8000b3a8 (0x00008669) c.srai  a2, 26
core   0: 3 0x8000b3a8 (0x8669) x12 0x00000000
core   0: 0x8000b3aa (0x00000792) c.slli  a5, 4
core   0: 3 0x8000b3aa (0x0792) x15 0x000001e0
core   0: 0x8000b3ac (0x018ac263) blt     s5, s8, pc + 4
core   0: 3 0x8000b3ac (0x018ac263)
core   0: 0x8000b3b0 (0x01de7333) and     t1, t3, t4
core   0: 3 0x8000b3b0 (0x01de7333) x 6 0x000000c3
core   0: 0x8000b3b4 (0xa5c9bc13) sltiu   s8, s3, -1444
core   0: 3 0x8000b3b4 (0xa5c9bc13) x24 0x00000001
core   0: 0x8000b3b8 (0x0ff0000f) fence   iorw,iorw
core   0: 3 0x8000b3b8 (0x0ff0000f)
core   0: 0x8000b3bc (0x0094e263) bltu    s1, s1, pc + 4
core   0: 3 0x8000b3bc (0x0094e263)
core   0: 0x8000b3c0 (0x3fcd5937) lui     s2, 0x3fcd5
core   0: 3 0x8000b3c0 (0x3fcd5937) x18 0x3fcd5000
core   0: 0x8000b3c4 (0x039686b3) mul     a3, a3, s9
core   0: 3 0x8000b3c4 (0x039686b3) x13 0x466575cc
core   0: 0x8000b3c8 (0x00000001) c.nop
core   0: 3 0x8000b3c8 (0x0001)
core   0: 0x8000b3ca (0x0000662d) c.lui   a2, 0xb
core   0: 3 0x8000b3ca (0x662d) x12 0x0000b000
core   0: 0x8000b3cc (0x011371b3) and     gp, t1, a7
core   0: 3 0x8000b3cc (0x011371b3) x 3 0x000000c3
core   0: 0x8000b3d0 (0x65c1f017) auipc   zero, 0x65c1f
core   0: 3 0x8000b3d0 (0x65c1f017)
core   0: 0x8000b3d4 (0x000005c6) c.slli  a1, 17
core   0: 3 0x8000b3d4 (0x05c6) x11 0x60840000
core   0: 0x8000b3d6 (0x0306d633) divu    a2, a3, a6
core   0: 3 0x8000b3d6 (0x0306d633) x12 0x00000000
core   0: 0x8000b3da (0x40aa5433) sra     s0, s4, a0
core   0: 3 0x8000b3da (0x40aa5433) x 8 0x00000000
core   0: 0x8000b3de (0xf42ac193) xori    gp, s5, -190
core   0: 3 0x8000b3de (0xf42ac193) x 3 0xffffff47
core   0: 0x8000b3e2 (0x00008251) c.srli  a2, 20
core   0: 3 0x8000b3e2 (0x8251) x12 0x00000000
core   0: 0x8000b3e4 (0x000041d9) c.li    gp, 22
core   0: 3 0x8000b3e4 (0x41d9) x 3 0x00000016
core   0: 0x8000b3e6 (0x00008f55) c.or    a4, a3
core   0: 3 0x8000b3e6 (0x8f55) x14 0x466575cc
core   0: 0x8000b3e8 (0x00000a66) c.slli  s4, 25
core   0: 3 0x8000b3e8 (0x0a66) x20 0x00000000
core   0: 0x8000b3ea (0x0000c10d) c.beqz  a0, pc + 34
core   0: 3 0x8000b3ea (0xc10d)
core   0: 0x8000b40c (0x00008b4a) c.mv    s6, s2
core   0: 3 0x8000b40c (0x8b4a) x22 0x3fcd5000
core   0: 0x8000b40e (0x00000f92) c.slli  t6, 4
core   0: 3 0x8000b40e (0x0f92) x31 0x00000000
core   0: 0x8000b410 (0x0e9bb093) sltiu   ra, s7, 233
core   0: 3 0x8000b410 (0x0e9bb093) x 1 0x00000000
core   0: 0x8000b414 (0x01fae3b3) or      t2, s5, t6
core   0: 3 0x8000b414 (0x01fae3b3) x 7 0x00000005
core   0: 0x8000b418 (0x0314c333) div     t1, s1, a7
core   0: 3 0x8000b418 (0x0314c333) x 6 0xffffffe2
core   0: 0x8000b41c (0x000069dd) c.lui   s3, 0x17
core   0: 3 0x8000b41c (0x69dd) x19 0x00017000
core   0: 0x8000b41e (0x00ad6f63) bltu    s10, a0, pc + 30
core   0: 3 0x8000b41e (0x00ad6f63)
core   0: 0x8000b422 (0x0184ae33) slt     t3, s1, s8
core   0: 3 0x8000b422 (0x0184ae33) x28 0x00000000
core   0: 0x8000b426 (0x41cd0733) sub     a4, s10, t3
core   0: 3 0x8000b426 (0x41cd0733) x14 0x00000000
core   0: 0x8000b42a (0x00871463) bne     a4, s0, pc + 8
core   0: 3 0x8000b42a (0x00871463)
core   0: 0x8000b42e (0x03cb21b3) mulhsu  gp, s6, t3
core   0: 3 0x8000b42e (0x03cb21b3) x 3 0x00000000
core   0: 0x8000b432 (0x000083e1) c.srli  a5, 24
core   0: 3 0x8000b432 (0x83e1) x15 0x00000000
core   0: 0x8000b434 (0x029beab3) rem     s5, s7, s1
core   0: 3 0x8000b434 (0x029beab3) x21 0x00000019
core   0: 0x8000b438 (0x01aa1663) bne     s4, s10, pc + 12
core   0: 3 0x8000b438 (0x01aa1663)
core   0: 0x8000b43c (0x02488c63) beq     a7, tp, pc + 56
core   0: 3 0x8000b43c (0x02488c63)
core   0: 0x8000b440 (0x0087d833) srl     a6, a5, s0
core   0: 3 0x8000b440 (0x0087d833) x16 0x00000000
core   0: 0x8000b444 (0x03e96563) bltu    s2, t5, pc + 42
core   0: 3 0x8000b444 (0x03e96563)
core   0: 0x8000b448 (0x03324a33) div     s4, tp, s3
core   0: 3 0x8000b448 (0x03324a33) x20 0xffffa6f7
core   0: 0x8000b44c (0x033acbb3) div     s7, s5, s3
core   0: 3 0x8000b44c (0x033acbb3) x23 0x00000000
core   0: 0x8000b450 (0x00008351) c.srli  a4, 20
core   0: 3 0x8000b450 (0x8351) x14 0x00000000
core   0: 0x8000b452 (0x03b09863) bne     ra, s11, pc + 48
core   0: 3 0x8000b452 (0x03b09863)
core   0: 0x8000b482 (0x40aed313) srai    t1, t4, 10
core   0: 3 0x8000b482 (0x40aed313) x 6 0x00000000
core   0: 0x8000b486 (0x03e1ec63) bltu    gp, t5, pc + 56
core   0: 3 0x8000b486 (0x03e1ec63)
core   0: 0x8000b4be (0x037b0d33) mul     s10, s6, s7
core   0: 3 0x8000b4be (0x037b0d33) x26 0x00000000
core   0: 0x8000b4c2 (0x00000001) c.nop
core   0: 3 0x8000b4c2 (0x0001)
core   0: 0x8000b4c4 (0x00fa6b33) or      s6, s4, a5
core   0: 3 0x8000b4c4 (0x00fa6b33) x22 0xffffa6f7
core   0: 0x8000b4c8 (0x036657b3) divu    a5, a2, s6
core   0: 3 0x8000b4c8 (0x036657b3) x15 0x00000000
core   0: 0x8000b4cc (0x553e1717) auipc   a4, 0x553e1
core   0: 3 0x8000b4cc (0x553e1717) x14 0xd53ec4cc
core   0: 0x8000b4d0 (0x000080d9) c.srli  s1, 22
core   0: 3 0x8000b4d0 (0x80d9) x 9 0x00000000
core   0: 0x8000b4d2 (0x031fdb33) divu    s6, t6, a7
core   0: 3 0x8000b4d2 (0x031fdb33) x22 0x00000000
core   0: 0x8000b4d6 (0x01ebd6b3) srl     a3, s7, t5
core   0: 3 0x8000b4d6 (0x01ebd6b3) x13 0x00000000
core   0: 0x8000b4da (0xcd890b93) addi    s7, s2, -808
core   0: 3 0x8000b4da (0xcd890b93) x23 0x3fcd4cd8
core   0: 0x8000b4de (0x031cdfb3) divu    t6, s9, a7
core   0: 3 0x8000b4de (0x031cdfb3) x31 0x00000000
core   0: 0x8000b4e2 (0xc908af13) slti    t5, a7, -880
core   0: 3 0x8000b4e2 (0xc908af13) x30 0x00000000
core   0: 0x8000b4e6 (0x01d47733) and     a4, s0, t4
core   0: 3 0x8000b4e6 (0x01d47733) x14 0x00000000
core   0: 0x8000b4ea (0x55f8ac13) slti    s8, a7, 1375
core   0: 3 0x8000b4ea (0x55f8ac13) x24 0x00000001
core   0: 0x8000b4ee (0x00bfb7b3) sltu    a5, t6, a1
core   0: 3 0x8000b4ee (0x00bfb7b3) x15 0x00000001
core   0: 0x8000b4f2 (0x02d58063) beq     a1, a3, pc + 32
core   0: 3 0x8000b4f2 (0x02d58063)
core   0: 0x8000b4f6 (0x011a9013) slli    zero, s5, 17
core   0: 3 0x8000b4f6 (0x011a9013)
core   0: 0x8000b4fa (0x00000acd) c.addi  s5, 19
core   0: 3 0x8000b4fa (0x0acd) x21 0x0000002c
core   0: 0x8000b4fc (0x00000001) c.nop
core   0: 3 0x8000b4fc (0x0001)
core   0: 0x8000b4fe (0x00fecbb3) xor     s7, t4, a5
core   0: 3 0x8000b4fe (0x00fecbb3) x23 0x000000fe
core   0: 0x8000b502 (0x01691863) bne     s2, s6, pc + 16
core   0: 3 0x8000b502 (0x01691863)
core   0: 0x8000b512 (0x4000d733) sra     a4, ra, zero
core   0: 3 0x8000b512 (0x4000d733) x14 0x00000000
core   0: 0x8000b516 (0x00008e8d) c.sub   a3, a1
core   0: 3 0x8000b516 (0x8e8d) x13 0x9f7c0000
core   0: 0x8000b518 (0x41ed5d33) sra     s10, s10, t5
core   0: 3 0x8000b518 (0x41ed5d33) x26 0x00000000
core   0: 0x8000b51c (0x02262033) mulhsu  zero, a2, sp
core   0: 3 0x8000b51c (0x02262033)
core   0: 0x8000b520 (0x0216e033) rem     zero, a3, ra
core   0: 3 0x8000b520 (0x0216e033)
core   0: 0x8000b524 (0x00005b7d) c.li    s6, -1
core   0: 3 0x8000b524 (0x5b7d) x22 0xffffffff
core   0: 0x8000b526 (0x000084dd) c.srai  s1, 23
core   0: 3 0x8000b526 (0x84dd) x 9 0x00000000
core   0: 0x8000b528 (0x01dcdd33) srl     s10, s9, t4
core   0: 3 0x8000b528 (0x01dcdd33) x26 0x00000001
core   0: 0x8000b52c (0x018bd413) srli    s0, s7, 24
core   0: 3 0x8000b52c (0x018bd413) x 8 0x00000000
core   0: 0x8000b530 (0x000067c5) c.lui   a5, 0x11
core   0: 3 0x8000b530 (0x67c5) x15 0x00011000
core   0: 0x8000b532 (0x0000e999) c.bnez  a1, pc + 22
core   0: 3 0x8000b532 (0xe999)
core   0: 0x8000b548 (0x029b6563) bltu    s6, s1, pc + 42
core   0: 3 0x8000b548 (0x029b6563)
core   0: 0x8000b54c (0x00008bb9) c.andi  a5, 14
core   0: 3 0x8000b54c (0x8bb9) x15 0x00000000
core   0: 0x8000b54e (0x02685b63) bge     a6, t1, pc + 54
core   0: 3 0x8000b54e (0x02685b63)
core   0: 0x8000b584 (0x01025433) srl     s0, tp, a6
core   0: 3 0x8000b584 (0x01025433) x 8 0x80026ce4
core   0: 0x8000b588 (0x00667263) bgeu    a2, t1, pc + 4
core   0: 3 0x8000b588 (0x00667263)
core   0: 0x8000b58c (0x29d70e17) auipc   t3, 0x29d70
core   0: 3 0x8000b58c (0x29d70e17) x28 0xa9d7b58c
core   0: 0x8000b590 (0x0381a533) mulhsu  a0, gp, s8
core   0: 3 0x8000b590 (0x0381a533) x10 0x00000000
core   0: 0x8000b594 (0x00006531) c.lui   a0, 0xc
core   0: 3 0x8000b594 (0x6531) x10 0x0000c000
core   0: 0x8000b596 (0x026415b3) mulh    a1, s0, t1
core   0: 3 0x8000b596 (0x026415b3) x11 0x00000000
core   0: 0x8000b59a (0x40e75893) srai    a7, a4, 14
core   0: 3 0x8000b59a (0x40e75893) x17 0x00000000
core   0: 0x8000b59e (0x04f50163) beq     a0, a5, pc + 66
core   0: 3 0x8000b59e (0x04f50163)
core   0: 0x8000b5a2 (0x02f36d33) rem     s10, t1, a5
core   0: 3 0x8000b5a2 (0x02f36d33) x26 0x00000000
core   0: 0x8000b5a6 (0x00008d35) c.xor   a0, a3
core   0: 3 0x8000b5a6 (0x8d35) x10 0x9f7cc000
core   0: 0x8000b5a8 (0x008fe6b3) or      a3, t6, s0
core   0: 3 0x8000b5a8 (0x008fe6b3) x13 0x80026ce4
core   0: 0x8000b5ac (0x00008d22) c.mv    s10, s0
core   0: 3 0x8000b5ac (0x8d22) x26 0x80026ce4
core   0: 0x8000b5ae (0x0ff0000f) fence   iorw,iorw
core   0: 3 0x8000b5ae (0x0ff0000f)
core   0: 0x8000b5b2 (0x000007c6) c.slli  a5, 17
core   0: 3 0x8000b5b2 (0x07c6) x15 0x00000000
core   0: 0x8000b5b4 (0x00009326) c.add   t1, s1
core   0: 3 0x8000b5b4 (0x9326) x 6 0x00000000
core   0: 0x8000b5b6 (0x01a70433) add     s0, a4, s10
core   0: 3 0x8000b5b6 (0x01a70433) x 8 0x80026ce4
core   0: 0x8000b5ba (0x00aa4263) blt     s4, a0, pc + 4
core   0: 3 0x8000b5ba (0x00aa4263)
core   0: 0x8000b5be (0x04827063) bgeu    tp, s0, pc + 64
core   0: 3 0x8000b5be (0x04827063)
core   0: 0x8000b5fe (0x5da17613) andi    a2, sp, 1498
core   0: 3 0x8000b5fe (0x5da17613) x12 0x00000008
core   0: 0x8000b602 (0x03127763) bgeu    tp, a7, pc + 46
core   0: 3 0x8000b602 (0x03127763)
core   0: 0x8000b630 (0x009d7a63) bgeu    s10, s1, pc + 20
core   0: 3 0x8000b630 (0x009d7a63)
core   0: 0x8000b644 (0x0322fc33) remu    s8, t0, s2
core   0: 3 0x8000b644 (0x0322fc33) x24 0x00678e3c
core   0: 0x8000b648 (0x889cc637) lui     a2, 0x889cc
core   0: 3 0x8000b648 (0x889cc637) x12 0x889cc000
core   0: 0x8000b64c (0x00008789) c.srai  a5, 2
core   0: 3 0x8000b64c (0x8789) x15 0x00000000
core   0: 0x8000b64e (0x00d2aeb3) slt     t4, t0, a3
core   0: 3 0x8000b64e (0x00d2aeb3) x29 0x00000001
core   0: 0x8000b652 (0x7efd7d93) andi    s11, s10, 2031
core   0: 3 0x8000b652 (0x7efd7d93) x27 0x000004e4
core   0: 0x8000b656 (0x0042ac83) lw      s9, 4(t0)
core   0: 3 0x8000b656 (0x0042ac83) x25 0x80009c5a mem 0x80022e40
core   0: 0x8000b65a (0x00000d0e) c.slli  s10, 3
core   0: 3 0x8000b65a (0x0d0e) x26 0x00136720
core   0: 0x8000b65c (0x000002f1) c.addi  t0, 28
core   0: 3 0x8000b65c (0x02f1) x 5 0x80022e58
core   0: 0x8000b65e (0x00008091) c.srli  s1, 4
core   0: 3 0x8000b65e (0x8091) x 9 0x00000000
core   0: 0x8000b660 (0x02eb11b3) mulh    gp, s6, a4
core   0: 3 0x8000b660 (0x02eb11b3) x 3 0x00000000
core   0: 0x8000b664 (0x015148b3) xor     a7, sp, s5
core   0: 3 0x8000b664 (0x015148b3) x17 0x00000020
core   0: 0x8000b668 (0x0000987d) c.andi  s0, -1
core   0: 3 0x8000b668 (0x987d) x 8 0x80026ce4
core   0: 0x8000b66a (0x4181deb3) sra     t4, gp, s8
core   0: 3 0x8000b66a (0x4181deb3) x29 0x00000000
core   0: 0x8000b66e (0x000c8093) mv      ra, s9
core   0: 3 0x8000b66e (0x000c8093) x 1 0x80009c5a
core   0: 0x8000b672 (0x000080e7) jalr    ra
core   0: 3 0x8000b672 (0x000080e7) x 1 0x8000b676
core   0: 0x80009c5a (0x00004717) auipc   a4, 0x4
core   0: 3 0x80009c5a (0x00004717) x14 0x8000dc5a
core   0: 0x80009c5e (0xfda70713) addi    a4, a4, -38
core   0: 3 0x80009c5e (0xfda70713) x14 0x8000dc34
core   0: 0x80009c62 (0x04870b03) lb      s6, 72(a4)
core   0: 3 0x80009c62 (0x04870b03) x22 0xffffff9b mem 0x8000dc7c
core   0: 0x80009c66 (0x06e70fa3) sb      a4, 127(a4)
core   0: 3 0x80009c66 (0x06e70fa3) mem 0x8000dcb3 0x34
core   0: 0x80009c6a (0xfe370903) lb      s2, -29(a4)
core   0: 3 0x80009c6a (0xfe370903) x18 0x00000001 mem 0x8000dc17
core   0: 0x80009c6e (0xfec70123) sb      a2, -30(a4)
core   0: 3 0x80009c6e (0xfec70123) mem 0x8000dc16 0x0
core   0: 0x80009c72 (0x07d70903) lb      s2, 125(a4)
core   0: 3 0x80009c72 (0x07d70903) x18 0x00000046 mem 0x8000dcb1
core   0: 0x80009c76 (0x7134be93) sltiu   t4, s1, 1811
core   0: 3 0x80009c76 (0x7134be93) x29 0x00000001
core   0: 0x80009c7a (0x0b974603) lbu     a2, 185(a4)
core   0: 3 0x80009c7a (0x0b974603) x12 0x0000008f mem 0x8000dced
core   0: 0x80009c7e (0x00008fa1) c.xor   a5, s0
core   0: 3 0x80009c7e (0x8fa1) x15 0x80026ce4
core   0: 0x80009c80 (0x00000001) c.nop
core   0: 3 0x80009c80 (0x0001)
core   0: 0x80009c82 (0x09370123) sb      s3, 130(a4)
core   0: 3 0x80009c82 (0x09370123) mem 0x8000dcb6 0x0
core   0: 0x80009c86 (0x0000100f) fence.i
core   0: 3 0x80009c86 (0x0000100f)
core   0: 0x80009c8a (0xbbd32bb7) lui     s7, 0xbbd32
core   0: 3 0x80009c8a (0xbbd32bb7) x23 0xbbd32000
core   0: 0x80009c8e (0x00008986) c.mv    s3, ra
core   0: 3 0x80009c8e (0x8986) x19 0x8000b676
core   0: 0x80009c90 (0x0df705a3) sb      t6, 203(a4)
core   0: 3 0x80009c90 (0x0df705a3) mem 0x8000dcff 0x0
core   0: 0x80009c94 (0x000f5013) srli    zero, t5, 0
core   0: 3 0x80009c94 (0x000f5013)
core   0: 0x80009c98 (0x013973b3) and     t2, s2, s3
core   0: 3 0x80009c98 (0x013973b3) x 7 0x00000046
core   0: 0x80009c9c (0xf66709a3) sb      t1, -141(a4)
core   0: 3 0x80009c9c (0xf66709a3) mem 0x8000dba7 0x0
core   0: 0x80009ca0 (0x00008cc9) c.or    s1, a0
core   0: 3 0x80009ca0 (0x8cc9) x 9 0x9f7cc000
core   0: 0x80009ca2 (0x09174783) lbu     a5, 145(a4)
core   0: 3 0x80009ca2 (0x09174783) x15 0x0000007a mem 0x8000dcc5
core   0: 0x80009ca6 (0xf8f74c03) lbu     s8, -113(a4)
core   0: 3 0x80009ca6 (0xf8f74c03) x24 0x00000049 mem 0x8000dbc3
core   0: 0x80009caa (0xf1e75883) lhu     a7, -226(a4)
core   0: 3 0x80009caa (0xf1e75883) x17 0x0000fc09 mem 0x8000db52
core   0: 0x80009cae (0xfa570903) lb      s2, -91(a4)
core   0: 3 0x80009cae (0xfa570903) x18 0x00000000 mem 0x8000dbd9
core   0: 0x80009cb2 (0x11b71023) sh      s11, 256(a4)
core   0: 3 0x80009cb2 (0x11b71023) mem 0x8000dd34 0x04e4
core   0: 0x80009cb6 (0x00000001) c.nop
core   0: 3 0x80009cb6 (0x0001)
core   0: 0x80009cb8 (0x0107b6b3) sltu    a3, a5, a6
core   0: 3 0x80009cb8 (0x0107b6b3) x13 0x00000000
core   0: 0x80009cbc (0x0000100f) fence.i
core   0: 3 0x80009cbc (0x0000100f)
core   0: 0x80009cc0 (0x401b5913) srai    s2, s6, 1
core   0: 3 0x80009cc0 (0x401b5913) x18 0xffffffcd
core   0: 0x80009cc4 (0xf57706a3) sb      s7, -179(a4)
core   0: 3 0x80009cc4 (0xf57706a3) mem 0x8000db81 0x0
core   0: 0x80009cc8 (0x9d540893) addi    a7, s0, -1579
core   0: 3 0x80009cc8 (0x9d540893) x17 0x800266b9
core   0: 0x80009ccc (0x049703a3) sb      s1, 71(a4)
core   0: 3 0x80009ccc (0x049703a3) mem 0x8000dc7b 0x0
core   0: 0x80009cd0 (0xf86702a3) sb      t1, -123(a4)
core   0: 3 0x80009cd0 (0xf86702a3) mem 0x8000dbb9 0x0
core   0: 0x80009cd4 (0x005bee33) or      t3, s7, t0
core   0: 3 0x80009cd4 (0x005bee33) x28 0xbbd32e58
core   0: 0x80009cd8 (0x0b974603) lbu     a2, 185(a4)
core   0: 3 0x80009cd8 (0x0b974603) x12 0x0000008f mem 0x8000dced
core   0: 0x80009cdc (0x00000001) c.nop
core   0: 3 0x80009cdc (0x0001)
core   0: 0x80009cde (0x04e74f03) lbu     t5, 78(a4)
core   0: 3 0x80009cde (0x04e74f03) x30 0x000000fb mem 0x8000dc82
core   0: 0x80009ce2 (0xf5e74d83) lbu     s11, -162(a4)
core   0: 3 0x80009ce2 (0xf5e74d83) x27 0x00000033 mem 0x8000db92
core   0: 0x80009ce6 (0xfd574883) lbu     a7, -43(a4)
core   0: 3 0x80009ce6 (0xfd574883) x17 0x000000e3 mem 0x8000dc09
core   0: 0x80009cea (0xf5774f03) lbu     t5, -169(a4)
core   0: 3 0x80009cea (0xf5774f03) x30 0x000000aa mem 0x8000db8b
core   0: 0x80009cee (0x00008a52) c.mv    s4, s4
core   0: 3 0x80009cee (0x8a52) x20 0xffffa6f7
core   0: 0x80009cf0 (0x000001d2) c.slli  gp, 20
core   0: 3 0x80009cf0 (0x01d2) x 3 0x00000000
core   0: 0x80009cf2 (0x277c0e93) addi    t4, s8, 631
core   0: 3 0x80009cf2 (0x277c0e93) x29 0x000002c0
core   0: 0x80009cf6 (0x00008e09) c.sub   a2, a0
core   0: 3 0x80009cf6 (0x8e09) x12 0x6083408f
core   0: 0x80009cf8 (0x0ac70403) lb      s0, 172(a4)
core   0: 3 0x80009cf8 (0x0ac70403) x 8 0x00000012 mem 0x8000dce0
core   0: 0x80009cfc (0x00008c11) c.sub   s0, a2
core   0: 3 0x80009cfc (0x8c11) x 8 0x9f7cbf83
core   0: 0x80009cfe (0x0000100f) fence.i
core   0: 3 0x80009cfe (0x0000100f)
core   0: 0x80009d02 (0x044b3db7) lui     s11, 0x44b3
core   0: 3 0x80009d02 (0x044b3db7) x27 0x044b3000
core   0: 0x80009d06 (0x0000e899) c.bnez  s1, pc + 22
core   0: 3 0x80009d06 (0xe899)
core   0: 0x80009d1c (0x01d79cb3) sll     s9, a5, t4
core   0: 3 0x80009d1c (0x01d79cb3) x25 0x0000007a
core   0: 0x80009d20 (0x004aa0b3) slt     ra, s5, tp
core   0: 3 0x80009d20 (0x004aa0b3) x 1 0x00000000
core   0: 0x80009d24 (0x039e76b3) remu    a3, t3, s9
core   0: 3 0x80009d24 (0x039e76b3) x13 0x00000074
core   0: 0x80009d28 (0x00f40eb3) add     t4, s0, a5
core   0: 3 0x80009d28 (0x00f40eb3) x29 0x9f7cbffd
core   0: 0x80009d2c (0x00a205b3) add     a1, tp, a0
core   0: 3 0x80009d2c (0x00a205b3) x11 0x1f7f2ce4
core   0: 0x80009d30 (0x0000100f) fence.i
core   0: 3 0x80009d30 (0x0000100f)
core   0: 0x80009d34 (0x40aa07b3) sub     a5, s4, a0
core   0: 3 0x80009d34 (0x40aa07b3) x15 0x6082e6f7
core   0: 0x80009d38 (0xe7bab093) sltiu   ra, s5, -389
core   0: 3 0x80009d38 (0xe7bab093) x 1 0x00000001
core   0: 0x80009d3c (0x01ca0f33) add     t5, s4, t3
core   0: 3 0x80009d3c (0x01ca0f33) x30 0xbbd2d54f
core   0: 0x80009d40 (0x02397763) bgeu    s2, gp, pc + 46
core   0: 3 0x80009d40 (0x02397763)
core   0: 0x80009d6e (0xc13f4f93) xori    t6, t5, -1005
core   0: 3 0x80009d6e (0xc13f4f93) x31 0x442d295c
core   0: 0x80009d72 (0x03bce563) bltu    s9, s11, pc + 42
core   0: 3 0x80009d72 (0x03bce563)
core   0: 0x80009d9c (0xc9f50d13) addi    s10, a0, -865
core   0: 3 0x80009d9c (0xc9f50d13) x26 0x9f7cbc9f
core   0: 0x80009da0 (0x039ae333) rem     t1, s5, s9
core   0: 3 0x80009da0 (0x039ae333) x 6 0x0000002c
core   0: 0x80009da4 (0x0307fe63) bgeu    a5, a6, pc + 60
core   0: 3 0x80009da4 (0x0307fe63)
core   0: 0x80009de0 (0x016d7ab3) and     s5, s10, s6
core   0: 3 0x80009de0 (0x016d7ab3) x21 0x9f7cbc9b
core   0: 0x80009de4 (0x00008376) c.mv    t1, t4
core   0: 3 0x80009de4 (0x8376) x 6 0x9f7cbffd
core   0: 0x80009de6 (0xf2a88713) addi    a4, a7, -214
core   0: 3 0x80009de6 (0xf2a88713) x14 0x0000000d
core   0: 0x80009dea (0xe047b013) sltiu   zero, a5, -508
core   0: 3 0x80009dea (0xe047b013)
core   0: 0x80009dee (0x000060f5) c.lui   ra, 0x1d
core   0: 3 0x80009dee (0x60f5) x 1 0x0001d000
core   0: 0x80009df0 (0x4076d193) srai    gp, a3, 7
core   0: 3 0x80009df0 (0x4076d193) x 3 0x00000000
core   0: 0x80009df4 (0x03b19c63) bne     gp, s11, pc + 56
core   0: 3 0x80009df4 (0x03b19c63)
core   0: 0x80009e2c (0x1cde6d93) ori     s11, t3, 461
core   0: 3 0x80009e2c (0x1cde6d93) x27 0xbbd32fdd
core   0: 0x80009e30 (0x000089fa) c.mv    s3, t5
core   0: 3 0x80009e30 (0x89fa) x19 0xbbd2d54f
core   0: 0x80009e32 (0x40970db3) sub     s11, a4, s1
core   0: 3 0x80009e32 (0x40970db3) x27 0x6083400d
core   0: 0x80009e36 (0x01389033) sll     zero, a7, s3
core   0: 3 0x80009e36 (0x01389033)
core   0: 0x80009e3a (0x41705d13) srai    s10, zero, 23
core   0: 3 0x80009e3a (0x41705d13) x26 0x00000000
core   0: 0x80009e3e (0x00008c1d) c.sub   s0, a5
core   0: 3 0x80009e3e (0x8c1d) x 8 0x3ef9d88c
core   0: 0x80009e40 (0xdff17413) andi    s0, sp, -513
core   0: 3 0x80009e40 (0xdff17413) x 8 0x0000000c
core   0: 0x80009e44 (0x975cc837) lui     a6, 0x975cc
core   0: 3 0x80009e44 (0x975cc837) x16 0x975cc000
core   0: 0x80009e48 (0x0000ef05) c.bnez  a4, pc + 56
core   0: 3 0x80009e48 (0xef05)
core   0: 0x80009e80 (0x00008c25) c.xor   s0, s1
core   0: 3 0x80009e80 (0x8c25) x 8 0x9f7cc00c
core   0: 0x80009e82 (0x0000100f) fence.i
core   0: 3 0x80009e82 (0x0000100f)
core   0: 0x80009e86 (0x010eceb3) xor     t4, t4, a6
core   0: 3 0x80009e86 (0x010eceb3) x29 0x08207ffd
core   0: 0x80009e8a (0x00000001) c.nop
core   0: 3 0x80009e8a (0x0001)
core   0: 0x80009e8c (0x000043e5) c.li    t2, 25
core   0: 3 0x80009e8c (0x43e5) x 7 0x00000019
core   0: 0x80009e8e (0x02510063) beq     sp, t0, pc + 32
core   0: 3 0x80009e8e (0x02510063)
core   0: 0x80009e92 (0x00d7a3b3) slt     t2, a5, a3
core   0: 3 0x80009e92 (0x00d7a3b3) x 7 0x00000000
core   0: 0x80009e96 (0x00008e89) c.sub   a3, a0
core   0: 3 0x80009e96 (0x8e89) x13 0x60834074
core   0: 0x80009e98 (0x02260ab3) mul     s5, a2, sp
core   0: 3 0x80009e98 (0x02260ab3) x21 0x862706b4
core   0: 0x80009e9c (0x413a8733) sub     a4, s5, s3
core   0: 3 0x80009e9c (0x413a8733) x14 0xca543165
core   0: 0x80009ea0 (0x01ff6733) or      a4, t5, t6
core   0: 3 0x80009ea0 (0x01ff6733) x14 0xfffffd5f
core   0: 0x80009ea4 (0x0000e299) c.bnez  a3, pc + 6
core   0: 3 0x80009ea4 (0xe299)
core   0: 0x80009eaa (0x00008c46) c.mv    s8, a7
core   0: 3 0x80009eaa (0x8c46) x24 0x000000e3
core   0: 0x80009eac (0x0000e685) c.bnez  a3, pc + 40
core   0: 3 0x80009eac (0xe685)
core   0: 0x80009ed4 (0x0095d493) srli    s1, a1, 9
core   0: 3 0x80009ed4 (0x0095d493) x 9 0x000fbf96
core   0: 0x80009ed8 (0x0225ddb3) divu    s11, a1, sp
core   0: 3 0x80009ed8 (0x0225ddb3) x27 0x029fee68
core   0: 0x80009edc (0x000670b3) and     ra, a2, zero
core   0: 3 0x80009edc (0x000670b3) x 1 0x00000000
core   0: 0x80009ee0 (0x0040eeb3) or      t4, ra, tp
core   0: 3 0x80009ee0 (0x0040eeb3) x29 0x80026ce4
core   0: 0x80009ee4 (0x0372efb3) rem     t6, t0, s7
core   0: 3 0x80009ee4 (0x0372efb3) x31 0xc42f0e58
core   0: 0x80009ee8 (0x00008e15) c.sub   a2, a3
core   0: 3 0x80009ee8 (0x8e15) x12 0x0000001b
core   0: 0x80009eea (0x05caf163) bgeu    s5, t3, pc + 66
core   0: 3 0x80009eea (0x05caf163)
core   0: 0x80009eee (0x0000cc9d) c.beqz  s1, pc + 62
core   0: 3 0x80009eee (0xcc9d)
core   0: 0x80009ef0 (0x00008ccd) c.or    s1, a1
core   0: 3 0x80009ef0 (0x8ccd) x 9 0x1f7fbff6
core   0: 0x80009ef2 (0xa3abec13) ori     s8, s7, -1478
core   0: 3 0x80009ef2 (0xa3abec13) x24 0xfffffa3a
core   0: 0x80009ef6 (0x00008051) c.srli  s0, 20
core   0: 3 0x80009ef6 (0x8051) x 8 0x000009f7
core   0: 0x80009ef8 (0x0106eab3) or      s5, a3, a6
core   0: 3 0x80009ef8 (0x0106eab3) x21 0xf7dfc074
core   0: 0x80009efc (0x02db8bb3) mul     s7, s7, a3
core   0: 3 0x80009efc (0x02db8bb3) x23 0x43aa8000
core   0: 0x80009f00 (0x021778b3) remu    a7, a4, ra
core   0: 3 0x80009f00 (0x021778b3) x17 0xfffffd5f
core   0: 0x80009f04 (0x01369fb3) sll     t6, a3, s3
core   0: 3 0x80009f04 (0x01369fb3) x31 0xa03a0000
core   0: 0x80009f08 (0xc1813393) sltiu   t2, sp, -1000
core   0: 3 0x80009f08 (0xc1813393) x 7 0x00000001
core   0: 0x80009f0c (0x0241f333) remu    t1, gp, tp
core   0: 3 0x80009f0c (0x0241f333) x 6 0x00000000
core   0: 0x80009f10 (0x00008716) c.mv    a4, t0
core   0: 3 0x80009f10 (0x8716) x14 0x80022e58
core   0: 0x80009f12 (0x439aa013) slti    zero, s5, 1081
core   0: 3 0x80009f12 (0x439aa013)
core   0: 0x80009f16 (0x0000ed09) c.bnez  a0, pc + 26
core   0: 3 0x80009f16 (0xed09)
core   0: 0x80009f30 (0xc3c3c593) xori    a1, t2, -964
core   0: 3 0x80009f30 (0xc3c3c593) x11 0xfffffc3d
core   0: 0x80009f34 (0x0193cf33) xor     t5, t2, s9
core   0: 3 0x80009f34 (0x0193cf33) x30 0x0000007b
core   0: 0x80009f38 (0x03938d63) beq     t2, s9, pc + 58
core   0: 3 0x80009f38 (0x03938d63)
core   0: 0x80009f3c (0x01e71d93) slli    s11, a4, 30
core   0: 3 0x80009f3c (0x01e71d93) x27 0x00000000
core   0: 0x80009f40 (0x0000e581) c.bnez  a1, pc + 8
core   0: 3 0x80009f40 (0xe581)
core   0: 0x80009f48 (0x002daf33) slt     t5, s11, sp
core   0: 3 0x80009f48 (0x002daf33) x30 0x00000001
core   0: 0x80009f4c (0x85f2ba93) sltiu   s5, t0, -1953
core   0: 3 0x80009f4c (0x85f2ba93) x21 0x00000001
core   0: 0x80009f50 (0x101d6413) ori     s0, s10, 257
core   0: 3 0x80009f50 (0x101d6413) x 8 0x00000101
core   0: 0x80009f54 (0x40f5d8b3) sra     a7, a1, a5
core   0: 3 0x80009f54 (0x40f5d8b3) x17 0xffffffff
core   0: 0x80009f58 (0x03d0a1b3) mulhsu  gp, ra, t4
core   0: 3 0x80009f58 (0x03d0a1b3) x 3 0x00000000
core   0: 0x80009f5c (0x00008899) c.andi  s1, 6
core   0: 3 0x80009f5c (0x8899) x 9 0x00000006
core   0: 0x80009f5e (0x00000001) c.nop
core   0: 3 0x80009f5e (0x0001)
core   0: 0x80009f60 (0x00050db3) add     s11, a0, zero
core   0: 3 0x80009f60 (0x00050db3) x27 0x9f7cc000
core   0: 0x80009f64 (0x03c4ae33) mulhsu  t3, s1, t3
core   0: 3 0x80009f64 (0x03c4ae33) x28 0x00000004
core   0: 0x80009f68 (0x00008f61) c.and   a4, s0
core   0: 3 0x80009f68 (0x8f61) x14 0x00000000
core   0: 0x80009f6a (0x0000100f) fence.i
core   0: 3 0x80009f6a (0x0000100f)
core   0: 0x80009f6e (0x0000e309) c.bnez  a4, pc + 2
core   0: 3 0x80009f6e (0xe309)
core   0: 0x80009f70 (0x0000eb8d) c.bnez  a5, pc + 50
core   0: 3 0x80009f70 (0xeb8d)
core   0: 0x80009fa2 (0x01e3d0b3) srl     ra, t2, t5
core   0: 3 0x80009fa2 (0x01e3d0b3) x 1 0x00000000
core   0: 0x80009fa6 (0xc0442f97) auipc   t6, 0xc0442
core   0: 3 0x80009fa6 (0xc0442f97) x31 0x4044bfa6
core   0: 0x80009faa (0x0042ac83) lw      s9, 4(t0)
core   0: 3 0x80009faa (0x0042ac83) x25 0x8000013c mem 0x80022e5c
core   0: 0x80009fae (0x01499c13) slli    s8, s3, 20
core   0: 3 0x80009fae (0x01499c13) x24 0x54f00000
core   0: 0x80009fb2 (0x000002b1) c.addi  t0, 12
core   0: 3 0x80009fb2 (0x02b1) x 5 0x80022e64
core   0: 0x80009fb4 (0x00008191) c.srli  a1, 4
core   0: 3 0x80009fb4 (0x8191) x11 0x0fffffc3
core   0: 0x80009fb6 (0x000c8d93) mv      s11, s9
core   0: 3 0x80009fb6 (0x000c8d93) x27 0x8000013c
core   0: 0x80009fba (0x00009d82) c.jalr  s11
core   0: 3 0x80009fba (0x9d82) x 1 0x80009fbc
core   0: 0x8000013c (0x0000d917) auipc   s2, 0xd
core   0: 3 0x8000013c (0x0000d917) x18 0x8000d13c
core   0: 0x80000140 (0x20990913) addi    s2, s2, 521
core   0: 3 0x80000140 (0x20990913) x18 0x8000d345
core   0: 0x80000144 (0x00a90803) lb      a6, 10(s2)
core   0: 3 0x80000144 (0x00a90803) x16 0x00000033 mem 0x8000d34f
core   0: 0x80000148 (0xff094e03) lbu     t3, -16(s2)
core   0: 3 0x80000148 (0xff094e03) x28 0x00000079 mem 0x8000d335
core   0: 0x8000014c (0xfe591ca3) sh      t0, -7(s2)
core   0: 3 0x8000014c (0xfe591ca3) mem 0x8000d33e 0x2e64
core   0: 0x80000150 (0x036b13b3) mulh    t2, s6, s6
core   0: 3 0x80000150 (0x036b13b3) x 7 0x00000000
core   0: 0x80000154 (0x00694703) lbu     a4, 6(s2)
core   0: 3 0x80000154 (0x00694703) x14 0x0000008c mem 0x8000d34b
core   0: 0x80000158 (0xff995303) lhu     t1, -7(s2)
core   0: 3 0x80000158 (0xff995303) x 6 0x00002e64 mem 0x8000d33e
core   0: 0x8000015c (0x01f900a3) sb      t6, 1(s2)
core   0: 3 0x8000015c (0x01f900a3) mem 0x8000d346 0xa6
core   0: 0x80000160 (0x01250eb3) add     t4, a0, s2
core   0: 3 0x80000160 (0x01250eb3) x29 0x1f7d9345
core   0: 0x80000164 (0x00994303) lbu     t1, 9(s2)
core   0: 3 0x80000164 (0x00994303) x 6 0x000000b7 mem 0x8000d34e
core   0: 0x80000168 (0x00008db1) c.xor   a1, a2
core   0: 3 0x80000168 (0x8db1) x11 0x0fffffd8
core   0: 0x8000016a (0xffa94083) lbu     ra, -6(s2)
core   0: 3 0x8000016a (0xffa94083) x 1 0x0000002e mem 0x8000d33f
core   0: 0x8000016e (0x408fd033) sra     zero, t6, s0
core   0: 3 0x8000016e (0x408fd033)
core   0: 0x80000172 (0x005905a3) sb      t0, 11(s2)
core   0: 3 0x80000172 (0x005905a3) mem 0x8000d350 0x64
core   0: 0x80000176 (0xff395d83) lhu     s11, -13(s2)
core   0: 3 0x80000176 (0xff395d83) x27 0x00009ab5 mem 0x8000d338
core   0: 0x8000017a (0x03c95633) divu    a2, s2, t3
core   0: 3 0x8000017a (0x03c95633) x12 0x010ed115
core   0: 0x8000017e (0x00008b01) c.andi  a4, 0
core   0: 3 0x8000017e (0x8b01) x14 0x00000000
core   0: 0x80000180 (0xffb92003) lw      zero, -5(s2)
core   0: 3 0x80000180 (0xffb92003) mem 0x8000d340
core   0: 0x80000184 (0x016f5033) srl     zero, t5, s6
core   0: 3 0x80000184 (0x016f5033)
core   0: 0x80000188 (0x00008619) c.srai  a2, 6
core   0: 3 0x80000188 (0x8619) x12 0x00043b44
core   0: 0x8000018a (0xb3998793) addi    a5, s3, -1223
core   0: 3 0x8000018a (0xb3998793) x15 0xbbd2d088
core   0: 0x8000018e (0xffe90923) sb      t5, -14(s2)
core   0: 3 0x8000018e (0xffe90923) mem 0x8000d337 0x1
core   0: 0x80000192 (0x02379fb3) mulh    t6, a5, gp
core   0: 3 0x80000192 (0x02379fb3) x31 0x00000000
core   0: 0x80000196 (0x0000976e) c.add   a4, s11
core   0: 3 0x80000196 (0x976e) x14 0x00009ab5
core   0: 0x80000198 (0xffb92a83) lw      s5, -5(s2)
core   0: 3 0x80000198 (0xffb92a83) x21 0x745a82d9 mem 0x8000d340
core   0: 0x8000019c (0x00190123) sb      ra, 2(s2)
core   0: 3 0x8000019c (0x00190123) mem 0x8000d347 0x2e
core   0: 0x800001a0 (0x01fa35b3) sltu    a1, s4, t6
core   0: 3 0x800001a0 (0x01fa35b3) x11 0x00000000
core   0: 0x800001a4 (0xff494383) lbu     t2, -12(s2)
core   0: 3 0x800001a4 (0xff494383) x 7 0x0000009a mem 0x8000d339
core   0: 0x800001a8 (0x02ceefb3) rem     t6, t4, a2
core   0: 3 0x800001a8 (0x02ceefb3) x31 0x00008e41
core   0: 0x800001ac (0x011912a3) sh      a7, 5(s2)
core   0: 3 0x800001ac (0x011912a3) mem 0x8000d34a 0xffff
core   0: 0x800001b0 (0x00008511) c.srai  a0, 4
core   0: 3 0x800001b0 (0x8511) x10 0xf9f7cc00
core   0: 0x800001b2 (0xffd90f23) sb      t4, -2(s2)
core   0: 3 0x800001b2 (0xffd90f23) mem 0x8000d343 0x45
core   0: 0x800001b6 (0x00f94603) lbu     a2, 15(s2)
core   0: 3 0x800001b6 (0x00f94603) x12 0x0000008c mem 0x8000d354
core   0: 0x800001ba (0x00294003) lbu     zero, 2(s2)
core   0: 3 0x800001ba (0x00294003) mem 0x8000d347
core   0: 0x800001be (0xff595783) lhu     a5, -11(s2)
core   0: 3 0x800001be (0xff595783) x15 0x00001dc7 mem 0x8000d33a
core   0: 0x800001c2 (0x495db3b7) lui     t2, 0x495db
core   0: 3 0x800001c2 (0x495db3b7) x 7 0x495db000
core   0: 0x800001c6 (0xfe690a23) sb      t1, -12(s2)
core   0: 3 0x800001c6 (0xfe690a23) mem 0x8000d339 0xb7
core   0: 0x800001ca (0x017915a3) sh      s7, 11(s2)
core   0: 3 0x800001ca (0x017915a3) mem 0x8000d350 0x8000
core   0: 0x800001ce (0x019923a3) sw      s9, 7(s2)
core   0: 3 0x800001ce (0x019923a3) mem 0x8000d34c 0x8000013c
core   0: 0x800001d2 (0x015927a3) sw      s5, 15(s2)
core   0: 3 0x800001d2 (0x015927a3) mem 0x8000d354 0x745a82d9
core   0: 0x800001d6 (0x0000d497) auipc   s1, 0xd
core   0: 3 0x800001d6 (0x0000d497) x 9 0x8000d1d6
core   0: 0x800001da (0x49148493) addi    s1, s1, 1169
core   0: 3 0x800001da (0x49148493) x 9 0x8000d667
core   0: 0x800001de (0x0114efb3) or      t6, s1, a7
core   0: 3 0x800001de (0x0114efb3) x31 0xffffffff
core   0: 0x800001e2 (0x02ee90b3) mulh    ra, t4, a4
core   0: 3 0x800001e2 (0x02ee90b3) x 1 0x00001307
core   0: 0x800001e6 (0x40278c33) sub     s8, a5, sp
core   0: 3 0x800001e6 (0x40278c33) x24 0x00001dbb
core   0: 0x800001ea (0x03b16733) rem     a4, sp, s11
core   0: 3 0x800001ea (0x03b16733) x14 0x0000000c
core   0: 0x800001ee (0x01cb6433) or      s0, s6, t3
core   0: 3 0x800001ee (0x01cb6433) x 8 0xfffffffb
core   0: 0x800001f2 (0x00008c4e) c.mv    s8, s3
core   0: 3 0x800001f2 (0x8c4e) x24 0xbbd2d54f
core   0: 0x800001f4 (0x00008d3d) c.xor   a0, a5
core   0: 3 0x800001f4 (0x8d3d) x10 0xf9f7d1c7
core   0: 0x800001f6 (0x00a49e93) slli    t4, s1, 10
core   0: 3 0x800001f6 (0x00a49e93) x29 0x03599c00
core   0: 0x800001fa (0x00006835) c.lui   a6, 0xd
core   0: 3 0x800001fa (0x6835) x16 0x0000d000
core   0: 0x800001fc (0x02bbea33) rem     s4, s7, a1
core   0: 3 0x800001fc (0x02bbea33) x20 0x43aa8000
core   0: 0x80000200 (0x00000312) c.slli  t1, 4
core   0: 3 0x80000200 (0x0312) x 6 0x00000b70
core   0: 0x80000202 (0x00562fb3) slt     t6, a2, t0
core   0: 3 0x80000202 (0x00562fb3) x31 0x00000000
core   0: 0x80000206 (0xb164aaa3) sw      s6, -1259(s1)
core   0: 3 0x80000206 (0xb164aaa3) mem 0x8000d17c 0xffffff9b
core   0: 0x8000020a (0x00ae1d93) slli    s11, t3, 10
core   0: 3 0x8000020a (0x00ae1d93) x27 0x0001e400
core   0: 0x8000020e (0x71848683) lb      a3, 1816(s1)
core   0: 3 0x8000020e (0x71848683) x13 0xffffffab mem 0x8000dd7f
core   0: 0x80000212 (0xbf64c583) lbu     a1, -1034(s1)
core   0: 3 0x80000212 (0xbf64c583) x11 0x00000015 mem 0x8000d25d
core   0: 0x80000216 (0x00008f11) c.sub   a4, a2
core   0: 3 0x80000216 (0x8f11) x14 0xffffff80
core   0: 0x80000218 (0x010d4333) xor     t1, s10, a6
core   0: 3 0x80000218 (0x010d4333) x 6 0x0000d000
core   0: 0x8000021c (0x01447f33) and     t5, s0, s4
core   0: 3 0x8000021c (0x01447f33) x30 0x43aa8000
core   0: 0x80000220 (0x322d3a93) sltiu   s5, s10, 802
core   0: 3 0x80000220 (0x322d3a93) x21 0x00000001
core   0: 0x80000224 (0x02cfdab3) divu    s5, t6, a2
core   0: 3 0x80000224 (0x02cfdab3) x21 0x00000000
core   0: 0x80000228 (0x00747bb3) and     s7, s0, t2
core   0: 3 0x80000228 (0x00747bb3) x23 0x495db000
core   0: 0x8000022c (0x003f3333) sltu    t1, t5, gp
core   0: 3 0x8000022c (0x003f3333) x 6 0x00000000
core   0: 0x80000230 (0x025d9e33) mulh    t3, s11, t0
core   0: 3 0x80000230 (0x025d9e33) x28 0xffff0e04
core   0: 0x80000234 (0x41195593) srai    a1, s2, 17
core   0: 3 0x80000234 (0x41195593) x11 0xffffc000
core   0: 0x80000238 (0x0106ed33) or      s10, a3, a6
core   0: 3 0x80000238 (0x0106ed33) x26 0xffffffab
core   0: 0x8000023c (0x5bd488a3) sb      t4, 1457(s1)
core   0: 3 0x8000023c (0x5bd488a3) mem 0x8000dc18 0x0
core   0: 0x80000240 (0xbc648a03) lb      s4, -1082(s1)
core   0: 3 0x80000240 (0xbc648a03) x20 0x00000073 mem 0x8000d22d
core   0: 0x80000244 (0x7cac3913) sltiu   s2, s8, 1994
core   0: 3 0x80000244 (0x7cac3913) x18 0x00000000
core   0: 0x80000248 (0x01a1af33) slt     t5, gp, s10
core   0: 3 0x80000248 (0x01a1af33) x30 0x00000000
core   0: 0x8000024c (0x27448883) lb      a7, 628(s1)
core   0: 3 0x8000024c (0x27448883) x17 0x00000032 mem 0x8000d8db
core   0: 0x80000250 (0x2db49303) lh      t1, 731(s1)
core   0: 3 0x80000250 (0x2db49303) x 6 0x0000512a mem 0x8000d942
core   0: 0x80000254 (0x33048523) sb      a6, 810(s1)
core   0: 3 0x80000254 (0x33048523) mem 0x8000d991 0x0
core   0: 0x80000258 (0x5c54a403) lw      s0, 1477(s1)
core   0: 3 0x80000258 (0x5c54a403) x 8 0x0eeb22f7 mem 0x8000dc2c
core   0: 0x8000025c (0x03ac0513) addi    a0, s8, 58
core   0: 3 0x8000025c (0x03ac0513) x10 0xbbd2d589
core   0: 0x80000260 (0xae448d83) lb      s11, -1308(s1)
core   0: 3 0x80000260 (0xae448d83) x27 0xffffffff mem 0x8000d14b
core   0: 0x80000264 (0x74348b03) lb      s6, 1859(s1)
core   0: 3 0x80000264 (0x74348b03) x22 0xffffff9a mem 0x8000ddaa
core   0: 0x80000268 (0x2a848d83) lb      s11, 680(s1)
core   0: 3 0x80000268 (0x2a848d83) x27 0x00000021 mem 0x8000d90f
core   0: 0x8000026c (0xae048a23) sb      zero, -1292(s1)
core   0: 3 0x8000026c (0xae048a23) mem 0x8000d15b 0x0
core   0: 0x80000270 (0x27548323) sb      s5, 614(s1)
core   0: 3 0x80000270 (0x27548323) mem 0x8000d8cd 0x0
core   0: 0x80000274 (0x5ca48883) lb      a7, 1482(s1)
core   0: 3 0x80000274 (0x5ca48883) x17 0xffffff8a mem 0x8000dc31
core   0: 0x80000278 (0x00006459) c.lui   s0, 0x16
core   0: 3 0x80000278 (0x6459) x 8 0x00016000
core   0: 0x8000027a (0x0047b0b3) sltu    ra, a5, tp
core   0: 3 0x8000027a (0x0047b0b3) x 1 0x00000001
core   0: 0x8000027e (0xb59489a3) sb      s9, -1197(s1)
core   0: 3 0x8000027e (0xb59489a3) mem 0x8000d1ba 0x3c
core   0: 0x80000282 (0x0000ec97) auipc   s9, 0xe
core   0: 3 0x80000282 (0x0000ec97) x25 0x8000e282
core   0: 0x80000286 (0xa45c8c93) addi    s9, s9, -1467
core   0: 3 0x80000286 (0xa45c8c93) x25 0x8000dcc7
core   0: 0x8000028a (0xd84c8883) lb      a7, -636(s9)
core   0: 3 0x8000028a (0xd84c8883) x17 0xffffffa1 mem 0x8000da4b
core   0: 0x8000028e (0x00001dfd) c.addi  s11, -1
core   0: 3 0x8000028e (0x1dfd) x27 0x00000020
core   0: 0x80000290 (0xd67c8d23) sb      t2, -646(s9)
core   0: 3 0x80000290 (0xd67c8d23) mem 0x8000da41 0x0
core   0: 0x80000294 (0x00008cdd) c.or    s1, a5
core   0: 3 0x80000294 (0x8cdd) x 9 0x8000dfe7
core   0: 0x80000296 (0x37ac8e83) lb      t4, 890(s9)
core   0: 3 0x80000296 (0x37ac8e83) x29 0x0000007a mem 0x8000e041
core   0: 0x8000029a (0xcaac8883) lb      a7, -854(s9)
core   0: 3 0x8000029a (0xcaac8883) x17 0x00000050 mem 0x8000d971
core   0: 0x8000029e (0x40aadf93) srai    t6, s5, 10
core   0: 3 0x8000029e (0x40aadf93) x31 0x00000000
core   0: 0x800002a2 (0x2f3ca0a3) sw      s3, 737(s9)
core   0: 3 0x800002a2 (0x2f3ca0a3) mem 0x8000dfa8 0xbbd2d54f
core   0: 0x800002a6 (0x000098fd) c.andi  s1, -1
core   0: 3 0x800002a6 (0x98fd) x 9 0x8000dfe7
core   0: 0x800002a8 (0x00008512) c.mv    a0, tp
core   0: 3 0x800002a8 (0x8512) x10 0x80026ce4
core   0: 0x800002aa (0x27d5ee93) ori     t4, a1, 637
core   0: 3 0x800002aa (0x27d5ee93) x29 0xffffc27d
core   0: 0x800002ae (0xb9c4f393) andi    t2, s1, -1124
core   0: 3 0x800002ae (0xb9c4f393) x 7 0x8000db84
core   0: 0x800002b2 (0x0000036e) c.slli  t1, 27
core   0: 3 0x800002b2 (0x036e) x 6 0x50000000
core   0: 0x800002b4 (0x03c879b3) remu    s3, a6, t3
core   0: 3 0x800002b4 (0x03c879b3) x19 0x0000d000
core   0: 0x800002b8 (0x413ff793) andi    a5, t6, 1043
core   0: 3 0x800002b8 (0x413ff793) x15 0x00000000
core   0: 0x800002bc (0x03d7de33) divu    t3, a5, t4
core   0: 3 0x800002bc (0x03d7de33) x28 0x00000000
core   0: 0x800002c0 (0x0c5c9903) lh      s2, 197(s9)
core   0: 3 0x800002c0 (0x0c5c9903) x18 0xffff8d00 mem 0x8000dd8c
core   0: 0x800002c4 (0x00112bb3) slt     s7, sp, ra
core   0: 3 0x800002c4 (0x00112bb3) x23 0x00000000
core   0: 0x800002c8 (0x40fd0033) sub     zero, s10, a5
core   0: 3 0x800002c8 (0x40fd0033)
core   0: 0x800002cc (0xf2fcca83) lbu     s5, -209(s9)
core   0: 3 0x800002cc (0xf2fcca83) x21 0x00000041 mem 0x8000dbf6
core   0: 0x800002d0 (0x01ddf833) and     a6, s11, t4
core   0: 3 0x800002d0 (0x01ddf833) x16 0x00000020
core   0: 0x800002d4 (0x0ff0000f) fence   iorw,iorw
core   0: 3 0x800002d4 (0x0ff0000f)
core   0: 0x800002d8 (0x1bfc8003) lb      zero, 447(s9)
core   0: 3 0x800002d8 (0x1bfc8003) mem 0x8000de86
core   0: 0x800002dc (0x02aaffb3) remu    t6, s5, a0
core   0: 3 0x800002dc (0x02aaffb3) x31 0x00000041
core   0: 0x800002e0 (0x64daee97) auipc   t4, 0x64dae
core   0: 3 0x800002e0 (0x64daee97) x29 0xe4dae2e0
core   0: 0x800002e4 (0x00009b66) c.add   s6, s9
core   0: 3 0x800002e4 (0x9b66) x22 0x8000dc61
core   0: 0x800002e6 (0x80ac9ba3) sh      a0, -2025(s9)
core   0: 3 0x800002e6 (0x80ac9ba3) mem 0x8000d4de 0x6ce4
core   0: 0x800002ea (0x00000442) c.slli  s0, 16
core   0: 3 0x800002ea (0x0442) x 8 0x60000000
core   0: 0x800002ec (0xf12c8883) lb      a7, -238(s9)
core   0: 3 0x800002ec (0xf12c8883) x17 0x00000000 mem 0x8000dbd9
core   0: 0x800002f0 (0x00010c97) auipc   s9, 0x10
core   0: 3 0x800002f0 (0x00010c97) x25 0x800102f0
core   0: 0x800002f4 (0x1fac8c93) addi    s9, s9, 506
core   0: 3 0x800002f4 (0x1fac8c93) x25 0x800104ea
core   0: 0x800002f8 (0x3f0c9323) sh      a6, 998(s9)
core   0: 3 0x800002f8 (0x3f0c9323) mem 0x800108d0 0x0020
core   0: 0x800002fc (0x02f27bb3) remu    s7, tp, a5
core   0: 3 0x800002fc (0x02f27bb3) x23 0x80026ce4
core   0: 0x80000300 (0x0120d893) srli    a7, ra, 18
core   0: 3 0x80000300 (0x0120d893) x17 0x00000000
core   0: 0x80000304 (0x403883b3) sub     t2, a7, gp
core   0: 3 0x80000304 (0x403883b3) x 7 0x00000000
core   0: 0x80000308 (0x9cb74e93) xori    t4, a4, -1589
core   0: 3 0x80000308 (0x9cb74e93) x29 0x0000064b
core   0: 0x8000030c (0x00008469) c.srai  s0, 26
core   0: 3 0x8000030c (0x8469) x 8 0x00000018
core   0: 0x8000030e (0x03dcfd33) remu    s10, s9, t4
core   0: 3 0x8000030e (0x03dcfd33) x26 0x000001c0
core   0: 0x80000312 (0x00160033) add     zero, a2, ra
core   0: 3 0x80000312 (0x00160033)
core   0: 0x80000316 (0x8daa2a13) slti    s4, s4, -1830
core   0: 3 0x80000316 (0x8daa2a13) x20 0x00000000
core   0: 0x8000031a (0x00008c35) c.xor   s0, a3
core   0: 3 0x8000031a (0x8c35) x 8 0xffffffb3
core   0: 0x8000031c (0xc15c9b23) sh      s5, -1002(s9)
core   0: 3 0x8000031c (0xc15c9b23) mem 0x80010100 0x0041
core   0: 0x80000320 (0x8c7c81a3) sb      t2, -1853(s9)
core   0: 3 0x80000320 (0x8c7c81a3) mem 0x8000fdad 0x0
core   0: 0x80000324 (0x843bee93) ori     t4, s7, -1981
core   0: 3 0x80000324 (0x843bee93) x29 0xfffffce7
core   0: 0x80000328 (0x02828533) mul     a0, t0, s0
core   0: 3 0x80000328 (0x02828533) x10 0x7f580bec
core   0: 0x8000032c (0xfb0c9083) lh      ra, -80(s9)
core   0: 3 0x8000032c (0xfb0c9083) x 1 0x00001946 mem 0x8001049a
core   0: 0x80000330 (0x6bcc89a3) sb      t3, 1715(s9)
core   0: 3 0x80000330 (0x6bcc89a3) mem 0x80010b9d 0x0
core   0: 0x80000334 (0x003954b3) srl     s1, s2, gp
core   0: 3 0x80000334 (0x003954b3) x 9 0xffff8d00
core   0: 0x80000338 (0x40d904b3) sub     s1, s2, a3
core   0: 3 0x80000338 (0x40d904b3) x 9 0xffff8d55
core   0: 0x8000033c (0xd59e3e37) lui     t3, 0xd59e3
core   0: 3 0x8000033c (0xd59e3e37) x28 0xd59e3000
core   0: 0x80000340 (0x31c87413) andi    s0, a6, 796
core   0: 3 0x80000340 (0x31c87413) x 8 0x00000000
core   0: 0x80000344 (0x1e454013) xori    zero, a0, 484
core   0: 3 0x80000344 (0x1e454013)
core   0: 0x80000348 (0x01f5adb3) slt     s11, a1, t6
core   0: 3 0x80000348 (0x01f5adb3) x27 0x00000001
core   0: 0x8000034c (0x1e9cc383) lbu     t2, 489(s9)
core   0: 3 0x8000034c (0x1e9cc383) x 7 0x0000007e mem 0x800106d3
core   0: 0x80000350 (0x00005f7d) c.li    t5, -1
core   0: 3 0x80000350 (0x5f7d) x30 0xffffffff
core   0: 0x80000352 (0xe6cc8fa3) sb      a2, -385(s9)
core   0: 3 0x80000352 (0xe6cc8fa3) mem 0x80010369 0x8c
core   0: 0x80000356 (0xe32ca083) lw      ra, -462(s9)
core   0: 3 0x80000356 (0xe32ca083) x 1 0x9e263c6b mem 0x8001031c
core   0: 0x8000035a (0x0196d313) srli    t1, a3, 25
core   0: 3 0x8000035a (0x0196d313) x 6 0x0000007f
core   0: 0x8000035e (0x00008f09) c.sub   a4, a0
core   0: 3 0x8000035e (0x8f09) x14 0x80a7f394
core   0: 0x80000360 (0x00389493) slli    s1, a7, 3
core   0: 3 0x80000360 (0x00389493) x 9 0x00000000
core   0: 0x80000364 (0xac5cc403) lbu     s0, -1339(s9)
core   0: 3 0x80000364 (0xac5cc403) x 8 0x000000b9 mem 0x8000ffaf
core   0: 0x80000368 (0x2da30e93) addi    t4, t1, 730
core   0: 3 0x80000368 (0x2da30e93) x29 0x00000359
core   0: 0x8000036c (0xe4ec8003) lb      zero, -434(s9)
core   0: 3 0x8000036c (0xe4ec8003) mem 0x80010338
core   0: 0x80000370 (0x0283e1b3) rem     gp, t2, s0
core   0: 3 0x80000370 (0x0283e1b3) x 3 0x0000007e
core   0: 0x80000374 (0xb3bcc303) lbu     t1, -1221(s9)
core   0: 3 0x80000374 (0xb3bcc303) x 6 0x00000061 mem 0x80010025
core   0: 0x80000378 (0x023a5333) divu    t1, s4, gp
core   0: 3 0x80000378 (0x023a5333) x 6 0x00000000
core   0: 0x8000037c (0xe29c7017) auipc   zero, 0xe29c7
core   0: 3 0x8000037c (0xe29c7017)
core   0: 0x80000380 (0x018470b3) and     ra, s0, s8
core   0: 3 0x80000380 (0x018470b3) x 1 0x00000009
core   0: 0x80000384 (0xedbc8503) lb      a0, -293(s9)
core   0: 3 0x80000384 (0xedbc8503) x10 0x00000005 mem 0x800103c5
core   0: 0x80000388 (0x3eec8823) sb      a4, 1008(s9)
core   0: 3 0x80000388 (0x3eec8823) mem 0x800108da 0x94
core   0: 0x8000038c (0x41d35c33) sra     s8, t1, t4
core   0: 3 0x8000038c (0x41d35c33) x24 0x00000000
core   0: 0x80000390 (0x02da9333) mulh    t1, s5, a3
core   0: 3 0x80000390 (0x02da9333) x 6 0xffffffff
core   0: 0x80000394 (0x00a007b3) add     a5, zero, a0
core   0: 3 0x80000394 (0x00a007b3) x15 0x00000005
core   0: 0x80000398 (0xbc5c8383) lb      t2, -1083(s9)
core   0: 3 0x80000398 (0xbc5c8383) x 7 0xffffffef mem 0x800100af
core   0: 0x8000039c (0x0000d697) auipc   a3, 0xd
core   0: 3 0x8000039c (0x0000d697) x13 0x8000d39c
core   0: 0x800003a0 (0x52a68693) addi    a3, a3, 1322
core   0: 3 0x800003a0 (0x52a68693) x13 0x8000d8c6
core   0: 0x800003a4 (0x0356c903) lbu     s2, 53(a3)
core   0: 3 0x800003a4 (0x0356c903) x18 0x000000f3 mem 0x8000d8fb
core   0: 0x800003a8 (0xfc1683a3) sb      ra, -57(a3)
core   0: 3 0x800003a8 (0xfc1683a3) mem 0x8000d88d 0x9
core   0: 0x800003ac (0x00000001) c.nop
core   0: 3 0x800003ac (0x0001)
core   0: 0x800003ae (0x03e6d403) lhu     s0, 62(a3)
core   0: 3 0x800003ae (0x03e6d403) x 8 0x0000b1db mem 0x8000d904
core   0: 0x800003b2 (0x15d6d5b7) lui     a1, 0x15d6d
core   0: 3 0x800003b2 (0x15d6d5b7) x11 0x15d6d000
core   0: 0x800003b6 (0x00000619) c.addi  a2, 6
core   0: 3 0x800003b6 (0x0619) x12 0x00000092
core   0: 0x800003b8 (0x00068ca3) sb      zero, 25(a3)
core   0: 3 0x800003b8 (0x00068ca3) mem 0x8000d8df 0x0
core   0: 0x800003bc (0x1d0eee97) auipc   t4, 0x1d0ee
core   0: 3 0x800003bc (0x1d0eee97) x29 0x9d0ee3bc
core   0: 0x800003c0 (0x0ff0000f) fence   iorw,iorw
core   0: 3 0x800003c0 (0x0ff0000f)
core   0: 0x800003c4 (0x408980b3) sub     ra, s3, s0
core   0: 3 0x800003c4 (0x408980b3) x 1 0x00001e25
core   0: 0x800003c8 (0xfc26c903) lbu     s2, -62(a3)
core   0: 3 0x800003c8 (0xfc26c903) x18 0x000000f9 mem 0x8000d888
core   0: 0x800003cc (0x022685a3) sb      sp, 43(a3)
core   0: 3 0x800003cc (0x022685a3) mem 0x8000d8f1 0xc
core   0: 0x800003d0 (0x00000672) c.slli  a2, 28
core   0: 3 0x800003d0 (0x0672) x12 0x20000000
core   0: 0x800003d2 (0x02e68603) lb      a2, 46(a3)
core   0: 3 0x800003d2 (0x02e68603) x12 0xffffffc4 mem 0x8000d8f4
core   0: 0x800003d6 (0x02cc9433) mulh    s0, s9, a2
core   0: 3 0x800003d6 (0x02cc9433) x 8 0x0000001d
core   0: 0x800003da (0x027a5833) divu    a6, s4, t2
core   0: 3 0x800003da (0x027a5833) x16 0x00000000
core   0: 0x800003de (0x00f6cc83) lbu     s9, 15(a3)
core   0: 3 0x800003de (0x00f6cc83) x25 0x00000073 mem 0x8000d8d5
core   0: 0x800003e2 (0x000087ed) c.srai  a5, 27
core   0: 3 0x800003e2 (0x87ed) x15 0x00000000
core   0: 0x800003e4 (0xff669883) lh      a7, -10(a3)
core   0: 3 0x800003e4 (0xff669883) x17 0x000000c6 mem 0x8000d8bc
core   0: 0x800003e8 (0x3eff0a93) addi    s5, t5, 1007
core   0: 3 0x800003e8 (0x3eff0a93) x21 0x000003ee
core   0: 0x800003ec (0x00a68ba3) sb      a0, 23(a3)
core   0: 3 0x800003ec (0x00a68ba3) mem 0x8000d8dd 0x5
core   0: 0x800003f0 (0x014b1493) slli    s1, s6, 20
core   0: 3 0x800003f0 (0x014b1493) x 9 0xc6100000
core   0: 0x800003f4 (0x000019fd) c.addi  s3, -1
core   0: 3 0x800003f4 (0x19fd) x19 0x0000cfff
core   0: 0x800003f6 (0xfe468ca3) sb      tp, -7(a3)
core   0: 3 0x800003f6 (0xfe468ca3) mem 0x8000d8bf 0xe4
core   0: 0x800003fa (0x00008f7d) c.and   a4, a5
core   0: 3 0x800003fa (0x8f7d) x14 0x00000000
core   0: 0x800003fc (0xfc268aa3) sb      sp, -43(a3)
core   0: 3 0x800003fc (0xfc268aa3) mem 0x8000d89b 0xc
core   0: 0x80000400 (0x00000001) c.nop
core   0: 3 0x80000400 (0x0001)
core   0: 0x80000402 (0x000003da) c.slli  t2, 22
core   0: 3 0x80000402 (0x03da) x 7 0xfbc00000
core   0: 0x80000404 (0x1d397c13) andi    s8, s2, 467
core   0: 3 0x80000404 (0x1d397c13) x24 0x000000d1
core   0: 0x80000408 (0x1bf1fc13) andi    s8, gp, 447
core   0: 3 0x80000408 (0x1bf1fc13) x24 0x0000003e
core   0: 0x8000040c (0xfd96cf03) lbu     t5, -39(a3)
core   0: 3 0x8000040c (0xfd96cf03) x30 0x0000008e mem 0x8000d89f
core   0: 0x80000410 (0xfcf68023) sb      a5, -64(a3)
core   0: 3 0x80000410 (0xfcf68023) mem 0x8000d886 0x0
core   0: 0x80000414 (0x0176c183) lbu     gp, 23(a3)
core   0: 3 0x80000414 (0x0176c183) x 3 0x00000005 mem 0x8000d8dd
core   0: 0x80000418 (0x00368c83) lb      s9, 3(a3)
core   0: 3 0x80000418 (0x00368c83) x25 0xffffffc7 mem 0x8000d8c9
core   0: 0x8000041c (0x0216c903) lbu     s2, 33(a3)
core   0: 3 0x8000041c (0x0216c903) x18 0x0000005b mem 0x8000d8e7
core   0: 0x80000420 (0x00091a13) slli    s4, s2, 0
core   0: 3 0x80000420 (0x00091a13) x20 0x0000005b
core   0: 0x80000424 (0x00008c0d) c.sub   s0, a1
core   0: 3 0x80000424 (0x8c0d) x 8 0xea29301d
core   0: 0x80000426 (0xfcd6cb03) lbu     s6, -51(a3)
core   0: 3 0x80000426 (0xfcd6cb03) x22 0x000000a8 mem 0x8000d893
core   0: 0x8000042a (0x00f68903) lb      s2, 15(a3)
core   0: 3 0x8000042a (0x00f68903) x18 0x00000073 mem 0x8000d8d5
core   0: 0x8000042e (0x01e6cd03) lbu     s10, 30(a3)
core   0: 3 0x8000042e (0x01e6cd03) x26 0x00000041 mem 0x8000d8e4
core   0: 0x80000432 (0xd6033993) sltiu   s3, t1, -672
core   0: 3 0x80000432 (0xd6033993) x19 0x00000000
core   0: 0x80000436 (0x03b6c183) lbu     gp, 59(a3)
core   0: 3 0x80000436 (0x03b6c183) x 3 0x000000e1 mem 0x8000d901
core   0: 0x8000043a (0x00008d85) c.sub   a1, s1
core   0: 3 0x8000043a (0x8d85) x11 0x4fc6d000
core   0: 0x8000043c (0x0063bdb3) sltu    s11, t2, t1
core   0: 3 0x8000043c (0x0063bdb3) x27 0x00000001
core   0: 0x80000440 (0x03469483) lh      s1, 52(a3)
core   0: 3 0x80000440 (0x03469483) x 9 0xfffff312 mem 0x8000d8fa
core   0: 0x80000444 (0x00aaf333) and     t1, s5, a0
core   0: 3 0x80000444 (0x00aaf333) x 6 0x00000004
core   0: 0x80000448 (0x01368a23) sb      s3, 20(a3)
core   0: 3 0x80000448 (0x01368a23) mem 0x8000d8da 0x0
core   0: 0x8000044c (0x00268623) sb      sp, 12(a3)
core   0: 3 0x8000044c (0x00268623) mem 0x8000d8d2 0xc
core   0: 0x80000450 (0x000008ed) c.addi  a7, 27
core   0: 3 0x80000450 (0x08ed) x17 0x000000e1
core   0: 0x80000452 (0x8c734f13) xori    t5, t1, -1849
core   0: 3 0x80000452 (0x8c734f13) x30 0xfffff8c3
core   0: 0x80000456 (0xfe768f03) lb      t5, -25(a3)
core   0: 3 0x80000456 (0xfe768f03) x30 0x00000006 mem 0x8000d8ad
core   0: 0x8000045a (0x0246c383) lbu     t2, 36(a3)
core   0: 3 0x8000045a (0x0246c383) x 7 0x00000000 mem 0x8000d8ea
core   0: 0x8000045e (0x00015e97) auipc   t4, 0x15
core   0: 3 0x8000045e (0x00015e97) x29 0x8001545e
core   0: 0x80000462 (0x145e8e93) addi    t4, t4, 325
core   0: 3 0x80000462 (0x145e8e93) x29 0x800155a3
core   0: 0x80000466 (0x037da733) mulhsu  a4, s11, s7
core   0: 3 0x80000466 (0x037da733) x14 0x00000000
core   0: 0x8000046a (0xfe5e8fa3) sb      t0, -1(t4)
core   0: 3 0x8000046a (0xfe5e8fa3) mem 0x800155a2 0x64
core   0: 0x8000046e (0x11375617) auipc   a2, 0x11375
core   0: 3 0x8000046e (0x11375617) x12 0x9137546e
core   0: 0x80000472 (0x004e8783) lb      a5, 4(t4)
core   0: 3 0x80000472 (0x004e8783) x15 0x00000029 mem 0x800155a7
core   0: 0x80000476 (0x032ed0b3) divu    ra, t4, s2
core   0: 3 0x80000476 (0x032ed0b3) x 1 0x011cf363
core   0: 0x8000047a (0x404fd793) srai    a5, t6, 4
core   0: 3 0x8000047a (0x404fd793) x15 0x00000004
core   0: 0x8000047e (0xfe9e89a3) sb      s1, -13(t4)
core   0: 3 0x8000047e (0xfe9e89a3) mem 0x80015596 0x12
core   0: 0x80000482 (0x02ddd733) divu    a4, s11, a3
core   0: 3 0x80000482 (0x02ddd733) x14 0x00000000
core   0: 0x80000486 (0xffee99a3) sh      t5, -13(t4)
core   0: 3 0x80000486 (0xffee99a3) mem 0x80015596 0x0006
core   0: 0x8000048a (0xff8ece03) lbu     t3, -8(t4)
core   0: 3 0x8000048a (0xff8ece03) x28 0x000000a2 mem 0x8001559b
core   0: 0x8000048e (0x0000587d) c.li    a6, -1
core   0: 3 0x8000048e (0x587d) x16 0xffffffff
core   0: 0x80000490 (0xff4ec403) lbu     s0, -12(t4)
core   0: 3 0x80000490 (0xff4ec403) x 8 0x00000000 mem 0x80015597
core   0: 0x80000494 (0x00f99633) sll     a2, s3, a5
core   0: 3 0x80000494 (0x00f99633) x12 0x00000000
core   0: 0x80000498 (0xc2c22393) slti    t2, tp, -980
core   0: 3 0x80000498 (0xc2c22393) x 7 0x00000001
core   0: 0x8000049c (0x002e8d83) lb      s11, 2(t4)
core   0: 3 0x8000049c (0x002e8d83) x27 0x0000000a mem 0x800155a5
core   0: 0x800004a0 (0xff1ea603) lw      a2, -15(t4)
core   0: 3 0x800004a0 (0xff1ea603) x12 0x0006a8f0 mem 0x80015594
core   0: 0x800004a4 (0xff7e8483) lb      s1, -9(t4)
core   0: 3 0x800004a4 (0xff7e8483) x 9 0x00000037 mem 0x8001559a
core   0: 0x800004a8 (0x0325c6b3) div     a3, a1, s2
core   0: 3 0x800004a8 (0x0325c6b3) x13 0x00b196f4
core   0: 0x800004ac (0x022f9933) mulh    s2, t6, sp
core   0: 3 0x800004ac (0x022f9933) x18 0x00000000
core   0: 0x800004b0 (0xfe1e8d23) sb      ra, -6(t4)
core   0: 3 0x800004b0 (0xfe1e8d23) mem 0x8001559d 0x63
core   0: 0x800004b4 (0xff6ece03) lbu     t3, -10(t4)
core   0: 3 0x800004b4 (0xff6ece03) x28 0x00000004 mem 0x80015599
core   0: 0x800004b8 (0xff3e8b23) sb      s3, -10(t4)
core   0: 3 0x800004b8 (0xff3e8b23) mem 0x80015599 0x0
core   0: 0x800004bc (0xff0ecc03) lbu     s8, -16(t4)
core   0: 3 0x800004bc (0xff0ecc03) x24 0x0000001a mem 0x80015593
core   0: 0x800004c0 (0x00008d99) c.sub   a1, a4
core   0: 3 0x800004c0 (0x8d99) x11 0x4fc6d000
core   0: 0x800004c2 (0x00008139) c.srli  a0, 14
core   0: 3 0x800004c2 (0x8139) x10 0x00000000
core   0: 0x800004c4 (0x00006321) c.lui   t1, 0x8
core   0: 3 0x800004c4 (0x6321) x 6 0x00008000
core   0: 0x800004c6 (0x000ec883) lbu     a7, 0(t4)
core   0: 3 0x800004c6 (0x000ec883) x17 0x0000009a mem 0x800155a3
core   0: 0x800004ca (0x02744033) div     zero, s0, t2
core   0: 3 0x800004ca (0x02744033)
core   0: 0x800004ce (0xfe7e8c23) sb      t2, -8(t4)
core   0: 3 0x800004ce (0xfe7e8c23) mem 0x8001559b 0x1
core   0: 0x800004d2 (0x03973db3) mulhu   s11, a4, s9
core   0: 3 0x800004d2 (0x03973db3) x27 0x00000000
core   0: 0x800004d6 (0x005fba33) sltu    s4, t6, t0
core   0: 3 0x800004d6 (0x005fba33) x20 0x00000001
core   0: 0x800004da (0x41fc5333) sra     t1, s8, t6
core   0: 3 0x800004da (0x41fc5333) x 6 0x0000000d
core   0: 0x800004de (0xfffedf83) lhu     t6, -1(t4)
core   0: 3 0x800004de (0xfffedf83) x31 0x00009a64 mem 0x800155a2
core   0: 0x800004e2 (0xfe1e9fa3) sh      ra, -1(t4)
core   0: 3 0x800004e2 (0xfe1e9fa3) mem 0x800155a2 0xf363
core   0: 0x800004e6 (0xfece8ea3) sb      a2, -3(t4)
core   0: 3 0x800004e6 (0xfece8ea3) mem 0x800155a0 0xf0
core   0: 0x800004ea (0x40905333) sra     t1, zero, s1
core   0: 3 0x800004ea (0x40905333) x 6 0x00000000
core   0: 0x800004ee (0xd399bf93) sltiu   t6, s3, -711
core   0: 3 0x800004ee (0xd399bf93) x31 0x00000001
core   0: 0x800004f2 (0x000019fd) c.addi  s3, -1
core   0: 3 0x800004f2 (0x19fd) x19 0xffffffff
core   0: 0x800004f4 (0xff7ed803) lhu     a6, -9(t4)
core   0: 3 0x800004f4 (0xff7ed803) x16 0x00000137 mem 0x8001559a
core   0: 0x800004f8 (0x00006d89) c.lui   s11, 0x2
core   0: 3 0x800004f8 (0x6d89) x27 0x00002000
core   0: 0x800004fa (0x00ce8e03) lb      t3, 12(t4)
core   0: 3 0x800004fa (0x00ce8e03) x28 0x0000004e mem 0x800155af
core   0: 0x800004fe (0x008e8123) sb      s0, 2(t4)
core   0: 3 0x800004fe (0x008e8123) mem 0x800155a5 0x0
core   0: 0x80000502 (0x00008dd5) c.or    a1, a3
core   0: 3 0x80000502 (0x8dd5) x11 0x4ff7d6f4
core   0: 0x80000504 (0x000050fd) c.li    ra, -1
core   0: 3 0x80000504 (0x50fd) x 1 0xffffffff
core   0: 0x80000506 (0xffce8603) lb      a2, -4(t4)
core   0: 3 0x80000506 (0xffce8603) x12 0x00000012 mem 0x8001559f
core   0: 0x8000050a (0x002e81a3) sb      sp, 3(t4)
core   0: 3 0x8000050a (0x002e81a3) mem 0x800155a6 0xc
core   0: 0x8000050e (0x007e8803) lb      a6, 7(t4)
core   0: 3 0x8000050e (0x007e8803) x16 0xffffffdf mem 0x800155aa
core   0: 0x80000512 (0x00019897) auipc   a7, 0x19
core   0: 3 0x80000512 (0x00019897) x17 0x80019512
core   0: 0x80000516 (0x67488893) addi    a7, a7, 1652
core   0: 3 0x80000516 (0x67488893) x17 0x80019b86
core   0: 0x8000051a (0xfd08dc03) lhu     s8, -48(a7)
core   0: 3 0x8000051a (0xfd08dc03) x24 0x0000c386 mem 0x80019b56
core   0: 0x8000051e (0x00000abd) c.addi  s5, 15
core   0: 3 0x8000051e (0x0abd) x21 0x000003fd
core   0: 0x80000520 (0xff689c03) lh      s8, -10(a7)
core   0: 3 0x80000520 (0xff689c03) x24 0x00006dbe mem 0x80019b7c
core   0: 0x80000524 (0x034cb3b3) mulhu   t2, s9, s4
core   0: 3 0x80000524 (0x034cb3b3) x 7 0x00000000
core   0: 0x80000528 (0x019f41b3) xor     gp, t5, s9
core   0: 3 0x80000528 (0x019f41b3) x 3 0xffffffc1
core   0: 0x8000052c (0xfcf8c903) lbu     s2, -49(a7)
core   0: 3 0x8000052c (0xfcf8c903) x18 0x00000022 mem 0x80019b55
core   0: 0x80000530 (0xb9494793) xori    a5, s2, -1132
core   0: 3 0x80000530 (0xb9494793) x15 0xfffffbb6
core   0: 0x80000534 (0x0308f413) andi    s0, a7, 48
core   0: 3 0x80000534 (0x0308f413) x 8 0x00000000
core   0: 0x80000538 (0x03ace0b3) rem     ra, s9, s10
core   0: 3 0x80000538 (0x03ace0b3) x 1 0xffffffc7
core   0: 0x8000053c (0x58d73013) sltiu   zero, a4, 1421
core   0: 3 0x8000053c (0x58d73013)
core   0: 0x80000540 (0x02a8c583) lbu     a1, 42(a7)
core   0: 3 0x80000540 (0x02a8c583) x11 0x00000052 mem 0x80019bb0
core   0: 0x80000544 (0x0000866d) c.srai  a2, 27
core   0: 3 0x80000544 (0x866d) x12 0x00000000
core   0: 0x80000546 (0x01d8c183) lbu     gp, 29(a7)
core   0: 3 0x80000546 (0x01d8c183) x 3 0x0000003d mem 0x80019ba3
core   0: 0x8000054a (0xfc2889a3) sb      sp, -45(a7)
core   0: 3 0x8000054a (0xfc2889a3) mem 0x80019b59 0xc
core   0: 0x8000054e (0xd83b3f13) sltiu   t5, s6, -637
core   0: 3 0x8000054e (0xd83b3f13) x30 0x00000001
core   0: 0x80000552 (0x0000100f) fence.i
core   0: 3 0x80000552 (0x0000100f)
core   0: 0x80000556 (0x02c8d083) lhu     ra, 44(a7)
core   0: 3 0x80000556 (0x02c8d083) x 1 0x0000ddc5 mem 0x80019bb2
core   0: 0x8000055a (0xff788623) sb      s7, -20(a7)
core   0: 3 0x8000055a (0xff788623) mem 0x80019b72 0xe4
core   0: 0x8000055e (0x00c5dc33) srl     s8, a1, a2
core   0: 3 0x8000055e (0x00c5dc33) x24 0x00000052
core   0: 0x80000562 (0x4467a513) slti    a0, a5, 1094
core   0: 3 0x80000562 (0x4467a513) x10 0x00000001
core   0: 0x80000566 (0x02788c23) sb      t2, 56(a7)
core   0: 3 0x80000566 (0x02788c23) mem 0x80019bbe 0x0
core   0: 0x8000056a (0x000f5333) srl     t1, t5, zero
core   0: 3 0x8000056a (0x000f5333) x 6 0x00000001
core   0: 0x8000056e (0xfd38c403) lbu     s0, -45(a7)
core   0: 3 0x8000056e (0xfd38c403) x 8 0x0000000c mem 0x80019b59
core   0: 0x80000572 (0xfce89523) sh      a4, -54(a7)
core   0: 3 0x80000572 (0xfce89523) mem 0x80019b50 0x0000
core   0: 0x80000576 (0x03588a83) lb      s5, 53(a7)
core   0: 3 0x80000576 (0x03588a83) x21 0xffffff85 mem 0x80019bbb
core   0: 0x8000057a (0x00788423) sb      t2, 8(a7)
core   0: 3 0x8000057a (0x00788423) mem 0x80019b8e 0x0
core   0: 0x8000057e (0xff3886a3) sb      s3, -19(a7)
core   0: 3 0x8000057e (0xff3886a3) mem 0x80019b73 0xff
core   0: 0x80000582 (0x02def0b3) remu    ra, t4, a3
core   0: 3 0x80000582 (0x02def0b3) x 1 0x005cd643
core   0: 0x80000586 (0x01e8c483) lbu     s1, 30(a7)
core   0: 3 0x80000586 (0x01e8c483) x 9 0x00000048 mem 0x80019ba4
core   0: 0x8000058a (0x0000d417) auipc   s0, 0xd
core   0: 3 0x8000058a (0x0000d417) x 8 0x8000d58a
core   0: 0x8000058e (0x62340413) addi    s0, s0, 1571
core   0: 3 0x8000058e (0x62340413) x 8 0x8000dbad
core   0: 0x80000592 (0x00c40303) lb      t1, 12(s0)
core   0: 3 0x80000592 (0x00c40303) x 6 0x00000000 mem 0x8000dbb9
core   0: 0x80000596 (0x03444803) lbu     a6, 52(s0)
core   0: 3 0x80000596 (0x03444803) x16 0x000000fa mem 0x8000dbe1
core   0: 0x8000059a (0x0fb50b13) addi    s6, a0, 251
core   0: 3 0x8000059a (0x0fb50b13) x22 0x000000fc
core   0: 0x8000059e (0xfdf403a3) sb      t6, -57(s0)
core   0: 3 0x8000059e (0xfdf403a3) mem 0x8000db74 0x1
core   0: 0x800005a2 (0xff844d83) lbu     s11, -8(s0)
core   0: 3 0x800005a2 (0xff844d83) x27 0x00000083 mem 0x8000dba5
core   0: 0x800005a6 (0xff941803) lh      a6, -7(s0)
core   0: 3 0x800005a6 (0xff941803) x16 0x00000082 mem 0x8000dba6
core   0: 0x800005aa (0xfe5413a3) sh      t0, -25(s0)
core   0: 3 0x800005aa (0xfe5413a3) mem 0x8000db94 0x2e64
core   0: 0x800005ae (0x02e40e83) lb      t4, 46(s0)
core   0: 3 0x800005ae (0x02e40e83) x29 0xffffffa6 mem 0x8000dbdb
core   0: 0x800005b2 (0x0342ebb3) rem     s7, t0, s4
core   0: 3 0x800005b2 (0x0342ebb3) x23 0x00000000
core   0: 0x800005b6 (0x0ff0000f) fence   iorw,iorw
core   0: 3 0x800005b6 (0x0ff0000f)
core   0: 0x800005ba (0x00f15c33) srl     s8, sp, a5
core   0: 3 0x800005ba (0x00f15c33) x24 0x00000000
core   0: 0x800005be (0x00f40003) lb      zero, 15(s0)
core   0: 3 0x800005be (0x00f40003) mem 0x8000dbbc
core   0: 0x800005c2 (0xfed40f83) lb      t6, -19(s0)
core   0: 3 0x800005c2 (0xfed40f83) x31 0xffffff97 mem 0x8000db9a
core   0: 0x800005c6 (0x02663c33) mulhu   s8, a2, t1
core   0: 3 0x800005c6 (0x02663c33) x24 0x00000000
core   0: 0x800005ca (0x03e44883) lbu     a7, 62(s0)
core   0: 3 0x800005ca (0x03e44883) x17 0x00000000 mem 0x8000dbeb
core   0: 0x800005ce (0xfce40803) lb      a6, -50(s0)
core   0: 3 0x800005ce (0xfce40803) x16 0xffffff96 mem 0x8000db7b
core   0: 0x800005d2 (0xfd340023) sb      s3, -64(s0)
core   0: 3 0x800005d2 (0xfd340023) mem 0x8000db6d 0xff
core   0: 0x800005d6 (0x00008f99) c.sub   a5, a4
core   0: 3 0x800005d6 (0x8f99) x15 0xfffffbb6
core   0: 0x800005d8 (0x00a37ab3) and     s5, t1, a0
core   0: 3 0x800005d8 (0x00a37ab3) x21 0x00000000
core   0: 0x800005dc (0x00520033) add     zero, tp, t0
core   0: 3 0x800005dc (0x00520033)
core   0: 0x800005e0 (0x006641b3) xor     gp, a2, t1
core   0: 3 0x800005e0 (0x006641b3) x 3 0x00000000
core   0: 0x800005e4 (0xfdd41803) lh      a6, -35(s0)
core   0: 3 0x800005e4 (0xfdd41803) x16 0xffffaa29 mem 0x8000db8a
core   0: 0x800005e8 (0xfcf45b03) lhu     s6, -49(s0)
core   0: 3 0x800005e8 (0xfcf45b03) x22 0x00005d87 mem 0x8000db7c
core   0: 0x800005ec (0x02c40ba3) sb      a2, 55(s0)
core   0: 3 0x800005ec (0x02c40ba3) mem 0x8000dbe4 0x0
core   0: 0x800005f0 (0x008415a3) sh      s0, 11(s0)
core   0: 3 0x800005f0 (0x008415a3) mem 0x8000dbb8 0xdbad
core   0: 0x800005f4 (0x03040603) lb      a2, 48(s0)
core   0: 3 0x800005f4 (0x03040603) x12 0x0000006a mem 0x8000dbdd
core   0: 0x800005f8 (0xb56c9b17) auipc   s6, 0xb56c9
core   0: 3 0x800005f8 (0xb56c9b17) x22 0x356c95f8
core   0: 0x800005fc (0x01911c33) sll     s8, sp, s9
core   0: 3 0x800005fc (0x01911c33) x24 0x00000600
core   0: 0x80000600 (0xfca44083) lbu     ra, -54(s0)
core   0: 3 0x80000600 (0xfca44083) x 1 0x0000002d mem 0x8000db77
core   0: 0x80000604 (0x00254f33) xor     t5, a0, sp
core   0: 3 0x80000604 (0x00254f33) x30 0x0000000d
core   0: 0x80000608 (0x031414a3) sh      a7, 41(s0)
core   0: 3 0x80000608 (0x031414a3) mem 0x8000dbd6 0x0000
core   0: 0x8000060c (0x0ff0000f) fence   iorw,iorw
core   0: 3 0x8000060c (0x0ff0000f)
core   0: 0x80000610 (0x013653b3) srl     t2, a2, s3
core   0: 3 0x80000610 (0x013653b3) x 7 0x00000000
core   0: 0x80000614 (0x00acb4b3) sltu    s1, s9, a0
core   0: 3 0x80000614 (0x00acb4b3) x 9 0x00000000
core   0: 0x80000618 (0x0033edb3) or      s11, t2, gp
core   0: 3 0x80000618 (0x0033edb3) x27 0x00000000
core   0: 0x8000061c (0x65464393) xori    t2, a2, 1620
core   0: 3 0x8000061c (0x65464393) x 7 0x0000063e
core   0: 0x80000620 (0x03e44783) lbu     a5, 62(s0)
core   0: 3 0x80000620 (0x03e44783) x15 0x00000000 mem 0x8000dbeb
core   0: 0x80000624 (0xbaf30097) auipc   ra, 0xbaf30
core   0: 3 0x80000624 (0xbaf30097) x 1 0x3af30624
core   0: 0x80000628 (0x00008f0d) c.sub   a4, a1
core   0: 3 0x80000628 (0x8f0d) x14 0xffffffae
core   0: 0x8000062a (0x0372e8b3) rem     a7, t0, s7
core   0: 3 0x8000062a (0x0372e8b3) x17 0x80022e64
core   0: 0x8000062e (0xfc945b83) lhu     s7, -55(s0)
core   0: 3 0x8000062e (0xfc945b83) x23 0x00002d00 mem 0x8000db76
core   0: 0x80000632 (0x016f8733) add     a4, t6, s6
core   0: 3 0x80000632 (0x016f8733) x14 0x356c958f
core   0: 0x80000636 (0xffd405a3) sb      t4, -21(s0)
core   0: 3 0x80000636 (0xffd405a3) mem 0x8000db98 0xa6
core   0: 0x8000063a (0x00008c9d) c.sub   s1, a5
core   0: 3 0x8000063a (0x8c9d) x 9 0x00000000
core   0: 0x8000063c (0x025406a3) sb      t0, 45(s0)
core   0: 3 0x8000063c (0x025406a3) mem 0x8000dbda 0x64
core   0: 0x80000640 (0x0000d317) auipc   t1, 0xd
core   0: 3 0x80000640 (0x0000d317) x 6 0x8000d640
core   0: 0x80000644 (0xd6230313) addi    t1, t1, -670
core   0: 3 0x80000644 (0xd6230313) x 6 0x8000d3a2
core   0: 0x80000648 (0x06730f83) lb      t6, 103(t1)
core   0: 3 0x80000648 (0x06730f83) x31 0x00000037 mem 0x8000d409
core   0: 0x8000064c (0x08b34e83) lbu     t4, 139(t1)
core   0: 3 0x8000064c (0x08b34e83) x29 0x00000095 mem 0x8000d42d
core   0: 0x80000650 (0xb43db513) sltiu   a0, s11, -1213
core   0: 3 0x80000650 (0xb43db513) x10 0x00000001
core   0: 0x80000654 (0x020301a3) sb      zero, 35(t1)
core   0: 3 0x80000654 (0x020301a3) mem 0x8000d3c5 0x0
core   0: 0x80000658 (0xfcf34a83) lbu     s5, -49(t1)
core   0: 3 0x80000658 (0xfcf34a83) x21 0x0000006a mem 0x8000d371
core   0: 0x8000065c (0xf7431323) sh      s4, -154(t1)
core   0: 3 0x8000065c (0xf7431323) mem 0x8000d308 0x0001
core   0: 0x80000660 (0x00008d45) c.or    a0, s1
core   0: 3 0x80000660 (0x8d45) x10 0x00000001
core   0: 0x80000662 (0x0b134d83) lbu     s11, 177(t1)
core   0: 3 0x80000662 (0x0b134d83) x27 0x0000000f mem 0x8000d453
core   0: 0x80000666 (0xf4934a03) lbu     s4, -183(t1)
core   0: 3 0x80000666 (0xf4934a03) x20 0x000000da mem 0x8000d2eb
core   0: 0x8000066a (0x40d65fb3) sra     t6, a2, a3
core   0: 3 0x8000066a (0x40d65fb3) x31 0x00000000
core   0: 0x8000066e (0xfe434003) lbu     zero, -28(t1)
core   0: 3 0x8000066e (0xfe434003) mem 0x8000d386
core   0: 0x80000672 (0x037b9a33) mulh    s4, s7, s7
core   0: 3 0x80000672 (0x037b9a33) x20 0x00000000
core   0: 0x80000676 (0x01d0b533) sltu    a0, ra, t4
core   0: 3 0x80000676 (0x01d0b533) x10 0x00000000
core   0: 0x8000067a (0xfe530903) lb      s2, -27(t1)
core   0: 3 0x8000067a (0xfe530903) x18 0xffffffe9 mem 0x8000d387
core   0: 0x8000067e (0x00f82fb3) slt     t6, a6, a5
core   0: 3 0x8000067e (0x00f82fb3) x31 0x00000001
core   0: 0x80000682 (0x0c134403) lbu     s0, 193(t1)
core   0: 3 0x80000682 (0x0c134403) x 8 0x00000056 mem 0x8000d463
core   0: 0x80000686 (0xfe934503) lbu     a0, -23(t1)
core   0: 3 0x80000686 (0xfe934503) x10 0x00000049 mem 0x8000d38b
core   0: 0x8000068a (0x0317dab3) divu    s5, a5, a7
core   0: 3 0x8000068a (0x0317dab3) x21 0x00000000
core   0: 0x8000068e (0xf9f31623) sh      t6, -116(t1)
core   0: 3 0x8000068e (0xf9f31623) mem 0x8000d32e 0x0001
core   0: 0x80000692 (0x83d60b13) addi    s6, a2, -1987
core   0: 3 0x80000692 (0x83d60b13) x22 0xfffff8a7
core   0: 0x80000696 (0x018134b3) sltu    s1, sp, s8
core   0: 3 0x80000696 (0x018134b3) x 9 0x00000001
core   0: 0x8000069a (0x012ef833) and     a6, t4, s2
core   0: 3 0x8000069a (0x012ef833) x16 0x00000081
core   0: 0x8000069e (0x03282fb3) mulhsu  t6, a6, s2
core   0: 3 0x8000069e (0x03282fb3) x31 0x00000080
core   0: 0x800006a2 (0x00008d05) c.sub   a0, s1
core   0: 3 0x800006a2 (0x8d05) x10 0x00000048
core   0: 0x800006a4 (0x00008f75) c.and   a4, a3
core   0: 3 0x800006a4 (0x8f75) x14 0x00209484
core   0: 0x800006a6 (0x01d2ea33) or      s4, t0, t4
core   0: 3 0x800006a6 (0x01d2ea33) x20 0x80022ef5
core   0: 0x800006aa (0x78466897) auipc   a7, 0x78466
core   0: 3 0x800006aa (0x78466897) x17 0xf84666aa
core   0: 0x800006ae (0x070300a3) sb      a6, 97(t1)
core   0: 3 0x800006ae (0x070300a3) mem 0x8000d403 0x81
core   0: 0x800006b2 (0x8cc9f197) auipc   gp, 0x8cc9f
core   0: 3 0x800006b2 (0x8cc9f197) x 3 0x0cc9f6b2
core   0: 0x800006b6 (0x00719393) slli    t2, gp, 7
core   0: 3 0x800006b6 (0x00719393) x 7 0x64fb5900
core   0: 0x800006ba (0xfc630a83) lb      s5, -58(t1)
core   0: 3 0x800006ba (0xfc630a83) x21 0x00000021 mem 0x8000d368
core   0: 0x800006be (0x05b34b83) lbu     s7, 91(t1)
core   0: 3 0x800006be (0x05b34b83) x23 0x000000b9 mem 0x8000d3fd
core   0: 0x800006c2 (0x0001a797) auipc   a5, 0x1a
core   0: 3 0x800006c2 (0x0001a797) x15 0x8001a6c2
core   0: 0x800006c6 (0xae278793) addi    a5, a5, -1310
core   0: 3 0x800006c6 (0xae278793) x15 0x8001a1a4
core   0: 0x800006ca (0x88178aa3) sb      ra, -1899(a5)
core   0: 3 0x800006ca (0x88178aa3) mem 0x80019a39 0x24
core   0: 0x800006ce (0x91878903) lb      s2, -1768(a5)
core   0: 3 0x800006ce (0x91878903) x18 0x0000001a mem 0x80019abc
core   0: 0x800006d2 (0x01f363b3) or      t2, t1, t6
core   0: 3 0x800006d2 (0x01f363b3) x 7 0x8000d3a2
core   0: 0x800006d6 (0x4f2781a3) sb      s2, 1251(a5)
core   0: 3 0x800006d6 (0x4f2781a3) mem 0x8001a687 0x1a
core   0: 0x800006da (0xcd17cc83) lbu     s9, -815(a5)
core   0: 3 0x800006da (0xcd17cc83) x25 0x0000004b mem 0x80019e75
core   0: 0x800006de (0x03fc3f33) mulhu   t5, s8, t6
core   0: 3 0x800006de (0x03fc3f33) x30 0x00000000
core   0: 0x800006e2 (0x0265d333) divu    t1, a1, t1
core   0: 3 0x800006e2 (0x0265d333) x 6 0x00000000
core   0: 0x800006e6 (0xbc978183) lb      gp, -1079(a5)
core   0: 3 0x800006e6 (0xbc978183) x 3 0x00000004 mem 0x80019d6d
core   0: 0x800006ea (0xee97ca83) lbu     s5, -279(a5)
core   0: 3 0x800006ea (0xee97ca83) x21 0x0000008e mem 0x8001a08d
core   0: 0x800006ee (0x7aa7d083) lhu     ra, 1962(a5)
core   0: 3 0x800006ee (0x7aa7d083) x 1 0x0000ee1d mem 0x8001a94e
core   0: 0x800006f2 (0x73e78fa3) sb      t5, 1855(a5)
core   0: 3 0x800006f2 (0x73e78fa3) mem 0x8001a8e3 0x0
core   0: 0x800006f6 (0x000082d5) c.srli  a3, 21
core   0: 3 0x800006f6 (0x82d5) x13 0x00000005
core   0: 0x800006f8 (0x01247333) and     t1, s0, s2
core   0: 3 0x800006f8 (0x01247333) x 6 0x00000012
core   0: 0x800006fc (0x40d78683) lb      a3, 1037(a5)
core   0: 3 0x800006fc (0x40d78683) x13 0x00000071 mem 0x8001a5b1
core   0: 0x80000700 (0xeec787a3) sb      a2, -273(a5)
core   0: 3 0x80000700 (0xeec787a3) mem 0x8001a093 0x6a
core   0: 0x80000704 (0x00006c95) c.lui   s9, 0x5
core   0: 3 0x80000704 (0x6c95) x25 0x00005000
core   0: 0x80000706 (0xca7781a3) sb      t2, -861(a5)
core   0: 3 0x80000706 (0xca7781a3) mem 0x80019e47 0xa2
core   0: 0x8000070a (0xcbd78a83) lb      s5, -835(a5)
core   0: 3 0x8000070a (0xcbd78a83) x21 0xfffffffe mem 0x80019e61
core   0: 0x8000070e (0x0aa78ea3) sb      a0, 189(a5)
core   0: 3 0x8000070e (0x0aa78ea3) mem 0x8001a261 0x48
core   0: 0x80000712 (0x3ea7d983) lhu     s3, 1002(a5)
core   0: 3 0x80000712 (0x3ea7d983) x19 0x0000ada5 mem 0x8001a58e
core   0: 0x80000716 (0x116c8393) addi    t2, s9, 278
core   0: 3 0x80000716 (0x116c8393) x 7 0x00005116
core   0: 0x8000071a (0x00008c21) c.xor   s0, s0
core   0: 3 0x8000071a (0x8c21) x 8 0x00000000
core   0: 0x8000071c (0x34e82897) auipc   a7, 0x34e82
core   0: 3 0x8000071c (0x34e82897) x17 0xb4e8271c
core   0: 0x80000720 (0x54f78883) lb      a7, 1359(a5)
core   0: 3 0x80000720 (0x54f78883) x17 0xffffffad mem 0x8001a6f3
core   0: 0x80000724 (0x40e7a623) sw      a4, 1036(a5)
core   0: 3 0x80000724 (0x40e7a623) mem 0x8001a5b0 0x00209484
core   0: 0x80000728 (0x0387f4b3) remu    s1, a5, s8
core   0: 3 0x80000728 (0x0387f4b3) x 9 0x000005a4
core   0: 0x8000072c (0x000085e5) c.srai  a1, 25
core   0: 3 0x8000072c (0x85e5) x11 0x00000000
core   0: 0x8000072e (0x0006dc93) srli    s9, a3, 0
core   0: 3 0x8000072e (0x0006dc93) x25 0x00000071
core   0: 0x80000732 (0x010f3b33) sltu    s6, t5, a6
core   0: 3 0x80000732 (0x010f3b33) x22 0x00000001
core   0: 0x80000736 (0x9fb7c903) lbu     s2, -1541(a5)
core   0: 3 0x80000736 (0x9fb7c903) x18 0x000000c9 mem 0x80019b9f
core   0: 0x8000073a (0x00c3c633) xor     a2, t2, a2
core   0: 3 0x8000073a (0x00c3c633) x12 0x0000517c
core   0: 0x8000073e (0x652783a3) sb      s2, 1607(a5)
core   0: 3 0x8000073e (0x652783a3) mem 0x8001a7eb 0xc9
core   0: 0x80000742 (0x022c4a33) div     s4, s8, sp
core   0: 3 0x80000742 (0x022c4a33) x20 0x00000080
core   0: 0x80000746 (0x0000034a) c.slli  t1, 18
core   0: 3 0x80000746 (0x034a) x 6 0x00480000
core   0: 0x80000748 (0x40bad4b3) sra     s1, s5, a1
core   0: 3 0x80000748 (0x40bad4b3) x 9 0xfffffffe
core   0: 0x8000074c (0x43a78823) sb      s10, 1072(a5)
core   0: 3 0x8000074c (0x43a78823) mem 0x8001a5d4 0x41
core   0: 0x80000750 (0x00000511) c.addi  a0, 4
core   0: 3 0x80000750 (0x0511) x10 0x0000004c
core   0: 0x80000752 (0x41b55b13) srai    s6, a0, 27
core   0: 3 0x80000752 (0x41b55b13) x22 0x00000000
core   0: 0x80000756 (0xa001e313) ori     t1, gp, -1536
core   0: 3 0x80000756 (0xa001e313) x 6 0xfffffa04
core   0: 0x8000075a (0xc287c503) lbu     a0, -984(a5)
core   0: 3 0x8000075a (0xc287c503) x10 0x000000b0 mem 0x80019dcc
core   0: 0x8000075e (0x98c7a383) lw      t2, -1652(a5)
core   0: 3 0x8000075e (0x98c7a383) x 7 0xa6fc5dd7 mem 0x80019b30
core   0: 0x80000762 (0x3c778903) lb      s2, 967(a5)
core   0: 3 0x80000762 (0x3c778903) x18 0xffffffb9 mem 0x8001a56b
core   0: 0x80000766 (0xef078f93) addi    t6, a5, -272
core   0: 3 0x80000766 (0xef078f93) x31 0x8001a094
core   0: 0x8000076a (0x4de79f83) lh      t6, 1246(a5)
core   0: 3 0x8000076a (0x4de79f83) x31 0xffff89ca mem 0x8001a682
core   0: 0x8000076e (0x4148d5b3) sra     a1, a7, s4
core   0: 3 0x8000076e (0x4148d5b3) x11 0xffffffad
core   0: 0x80000772 (0xfeb62e93) slti    t4, a2, -21
core   0: 3 0x80000772 (0xfeb62e93) x29 0x00000000
core   0: 0x80000776 (0x84c780a3) sb      a2, -1983(a5)
core   0: 3 0x80000776 (0x84c780a3) mem 0x800199e5 0x7c
core   0: 0x8000077a (0x00010817) auipc   a6, 0x10
core   0: 3 0x8000077a (0x00010817) x16 0x8001077a
core   0: 0x8000077e (0x24480813) addi    a6, a6, 580
core   0: 3 0x8000077e (0x24480813) x16 0x800109be
core   0: 0x80000782 (0x00885483) lhu     s1, 8(a6)
core   0: 3 0x80000782 (0x00885483) x 9 0x0000e665 mem 0x800109c6
core   0: 0x80000786 (0xf60800a3) sb      zero, -159(a6)
core   0: 3 0x80000786 (0xf60800a3) mem 0x8001091f 0x0
core   0: 0x8000078a (0x38f8b613) sltiu   a2, a7, 911
core   0: 3 0x8000078a (0x38f8b613) x12 0x00000000
core   0: 0x8000078e (0x00008dbd) c.xor   a1, a5
core   0: 3 0x8000078e (0x8dbd) x11 0x7ffe5e09
core   0: 0x80000790 (0x0000100f) fence.i
core   0: 3 0x80000790 (0x0000100f)
core   0: 0x80000794 (0x00000001) c.nop
core   0: 3 0x80000794 (0x0001)
core   0: 0x80000796 (0xfab80223) sb      a1, -92(a6)
core   0: 3 0x80000796 (0xfab80223) mem 0x80010962 0x9
core   0: 0x8000079a (0x21ae3913) sltiu   s2, t3, 538
core   0: 3 0x8000079a (0x21ae3913) x18 0x00000001
core   0: 0x8000079e (0x0a380003) lb      zero, 163(a6)
core   0: 3 0x8000079e (0x0a380003) mem 0x80010a61
core   0: 0x800007a2 (0x0c884f83) lbu     t6, 200(a6)
core   0: 3 0x800007a2 (0x0c884f83) x31 0x0000008f mem 0x80010a86
core   0: 0x800007a6 (0x00580c03) lb      s8, 5(a6)
core   0: 3 0x800007a6 (0x00580c03) x24 0xfffffff8 mem 0x800109c3
core   0: 0x800007aa (0xf4681503) lh      a0, -186(a6)
core   0: 3 0x800007aa (0xf4681503) x10 0x000036ea mem 0x80010904
core   0: 0x800007ae (0xff980403) lb      s0, -7(a6)
core   0: 3 0x800007ae (0xff980403) x 8 0xffffffaa mem 0x800109b7
core   0: 0x800007b2 (0xf738c093) xori    ra, a7, -141
core   0: 3 0x800007b2 (0xf738c093) x 1 0x000000de
core   0: 0x800007b6 (0x00000dca) c.slli  s11, 18
core   0: 3 0x800007b6 (0x0dca) x27 0x003c0000
core   0: 0x800007b8 (0x00008ced) c.and   s1, a1
core   0: 3 0x800007b8 (0x8ced) x 9 0x00004601
core   0: 0x800007ba (0x0000100f) fence.i
core   0: 3 0x800007ba (0x0000100f)
core   0: 0x800007be (0x0d680623) sb      s6, 204(a6)
core   0: 3 0x800007be (0x0d680623) mem 0x80010a8a 0x0
core   0: 0x800007c2 (0x000055fd) c.li    a1, -1
core   0: 3 0x800007c2 (0x55fd) x11 0xffffffff
core   0: 0x800007c4 (0xfa484083) lbu     ra, -92(a6)
core   0: 3 0x800007c4 (0xfa484083) x 1 0x00000009 mem 0x80010962
core   0: 0x800007c8 (0xf5180303) lb      t1, -175(a6)
core   0: 3 0x800007c8 (0xf5180303) x 6 0x00000075 mem 0x8001090f
core   0: 0x800007cc (0x0f584a03) lbu     s4, 245(a6)
core   0: 3 0x800007cc (0x0f584a03) x20 0x0000008b mem 0x80010ab3
core   0: 0x800007d0 (0x02f7dfb3) divu    t6, a5, a5
core   0: 3 0x800007d0 (0x02f7dfb3) x31 0x00000001
core   0: 0x800007d4 (0x415981b3) sub     gp, s3, s5
core   0: 3 0x800007d4 (0x415981b3) x 3 0x0000ada7
core   0: 0x800007d8 (0xf0080623) sb      zero, -244(a6)
core   0: 3 0x800007d8 (0xf0080623) mem 0x800108ca 0x0
core   0: 0x800007dc (0x0398ca33) div     s4, a7, s9
core   0: 3 0x800007dc (0x0398ca33) x20 0x00000000
core   0: 0x800007e0 (0xf0885703) lhu     a4, -248(a6)
core   0: 3 0x800007e0 (0xf0885703) x14 0x0000c5eb mem 0x800108c6
core   0: 0x800007e4 (0x00c86633) or      a2, a6, a2
core   0: 3 0x800007e4 (0x00c86633) x12 0x800109be
core   0: 0x800007e8 (0x1c163c93) sltiu   s9, a2, 449
core   0: 3 0x800007e8 (0x1c163c93) x25 0x00000000
core   0: 0x800007ec (0x00c85903) lhu     s2, 12(a6)
core   0: 3 0x800007ec (0x00c85903) x18 0x00004a7d mem 0x800109ca
core   0: 0x800007f0 (0x033e3033) mulhu   zero, t3, s3
core   0: 3 0x800007f0 (0x033e3033)
core   0: 0x800007f4 (0xeb61be13) sltiu   t3, gp, -330
core   0: 3 0x800007f4 (0xeb61be13) x28 0x00000001
core   0: 0x800007f8 (0xf6b81d23) sh      a1, -134(a6)
core   0: 3 0x800007f8 (0xf6b81d23) mem 0x80010938 0xffff
core   0: 0x800007fc (0x08f80683) lb      a3, 143(a6)
core   0: 3 0x800007fc (0x08f80683) x13 0x0000002d mem 0x80010a4d
core   0: 0x80000800 (0x02682c03) lw      s8, 38(a6)
core   0: 3 0x80000800 (0x02682c03) x24 0x982ea1ef mem 0x800109e4
core   0: 0x80000804 (0x02784d83) lbu     s11, 39(a6)
core   0: 3 0x80000804 (0x02784d83) x27 0x000000a1 mem 0x800109e5
core   0: 0x80000808 (0x038294b3) mulh    s1, t0, s8
core   0: 3 0x80000808 (0x038294b3) x 9 0x33e7cc95
core   0: 0x8000080c (0x02c85e03) lhu     t3, 44(a6)
core   0: 3 0x8000080c (0x02c85e03) x28 0x0000f473 mem 0x800109ea
core   0: 0x80000810 (0x000009a1) c.addi  s3, 8
core   0: 3 0x80000810 (0x09a1) x19 0x0000adad
core   0: 0x80000812 (0x01d5f1b3) and     gp, a1, t4
core   0: 3 0x80000812 (0x01d5f1b3) x 3 0x00000000
core   0: 0x80000816 (0x04d800a3) sb      a3, 65(a6)
core   0: 3 0x80000816 (0x04d800a3) mem 0x800109ff 0x2d
core   0: 0x8000081a (0x06384383) lbu     t2, 99(a6)
core   0: 3 0x8000081a (0x06384383) x 7 0x000000f1 mem 0x80010a21
core   0: 0x8000081e (0x0a581d23) sh      t0, 186(a6)
core   0: 3 0x8000081e (0x0a581d23) mem 0x80010a78 0x2e64
core   0: 0x80000822 (0x0d884983) lbu     s3, 216(a6)
core   0: 3 0x80000822 (0x0d884983) x19 0x00000002 mem 0x80010a96
core   0: 0x80000826 (0xf8380fa3) sb      gp, -97(a6)
core   0: 3 0x80000826 (0xf8380fa3) mem 0x8001095d 0x0
core   0: 0x8000082a (0x02c81e83) lh      t4, 44(a6)
core   0: 3 0x8000082a (0x02c81e83) x29 0xfffff473 mem 0x800109ea
core   0: 0x8000082e (0x02580603) lb      a2, 37(a6)
core   0: 3 0x8000082e (0x02580603) x12 0xffffffc2 mem 0x800109e3
core   0: 0x80000832 (0xf35a3313) sltiu   t1, s4, -203
core   0: 3 0x80000832 (0xf35a3313) x 6 0x00000001
core   0: 0x80000836 (0x02075633) divu    a2, a4, zero
core   0: 3 0x80000836 (0x02075633) x12 0xffffffff
core   0: 0x8000083a (0x0303e033) rem     zero, t2, a6
core   0: 3 0x8000083a (0x0303e033)
core   0: 0x8000083e (0x00008fc5) c.or    a5, s1
core   0: 3 0x8000083e (0x8fc5) x15 0xb3e7edb5
core   0: 0x80000840 (0x032969b3) rem     s3, s2, s2
core   0: 3 0x80000840 (0x032969b3) x19 0x00000000
core   0: 0x80000844 (0xf9784e03) lbu     t3, -105(a6)
core   0: 3 0x80000844 (0xf9784e03) x28 0x00000017 mem 0x80010955
core   0: 0x80000848 (0x03584a03) lbu     s4, 53(a6)
core   0: 3 0x80000848 (0x03584a03) x20 0x000000f8 mem 0x800109f3
core   0: 0x8000084c (0x0000f917) auipc   s2, 0xf
core   0: 3 0x8000084c (0x0000f917) x18 0x8000f84c
core   0: 0x80000850 (0xe8590913) addi    s2, s2, -379
core   0: 3 0x80000850 (0xe8590913) x18 0x8000f6d1
core   0: 0x80000854 (0x1e372b97) auipc   s7, 0x1e372
core   0: 3 0x80000854 (0x1e372b97) x23 0x9e372854
core   0: 0x80000858 (0xfd395183) lhu     gp, -45(s2)
core   0: 3 0x80000858 (0xfd395183) x 3 0x00004912 mem 0x8000f6a4
core   0: 0x8000085c (0x00f90823) sb      a5, 16(s2)
core   0: 3 0x8000085c (0x00f90823) mem 0x8000f6e1 0xb5
core   0: 0x80000860 (0x0017d413) srli    s0, a5, 1
core   0: 3 0x80000860 (0x0017d413) x 8 0x59f3f6da
core   0: 0x80000864 (0x012be4b3) or      s1, s7, s2
core   0: 3 0x80000864 (0x012be4b3) x 9 0x9e37fed5
core   0: 0x80000868 (0x030429b3) mulhsu  s3, s0, a6
core   0: 3 0x80000868 (0x030429b3) x19 0x2cfa58cd
core   0: 0x8000086c (0x029cd3b3) divu    t2, s9, s1
core   0: 3 0x8000086c (0x029cd3b3) x 7 0x00000000
core   0: 0x80000870 (0x01a94f83) lbu     t6, 26(s2)
core   0: 3 0x80000870 (0x01a94f83) x31 0x0000001e mem 0x8000f6eb
core   0: 0x80000874 (0xfe290983) lb      s3, -30(s2)
core   0: 3 0x80000874 (0xfe290983) x19 0xffffffba mem 0x8000f6b3
core   0: 0x80000878 (0x01894a03) lbu     s4, 24(s2)
core   0: 3 0x80000878 (0x01894a03) x20 0x00000051 mem 0x8000f6e9
core   0: 0x8000087c (0x0000997d) c.andi  a0, -1
core   0: 3 0x8000087c (0x997d) x10 0x000036ea
core   0: 0x8000087e (0x03eb23b3) mulhsu  t2, s6, t5
core   0: 3 0x8000087e (0x03eb23b3) x 7 0x00000000
core   0: 0x80000882 (0x00006dd9) c.lui   s11, 0x16
core   0: 3 0x80000882 (0x6dd9) x27 0x00016000
core   0: 0x80000884 (0xbc4e0493) addi    s1, t3, -1084
core   0: 3 0x80000884 (0xbc4e0493) x 9 0xfffffbdb
core   0: 0x80000888 (0xfcc90123) sb      a2, -62(s2)
core   0: 3 0x80000888 (0xfcc90123) mem 0x8000f693 0xff
core   0: 0x8000088c (0x4004da93) srai    s5, s1, 0
core   0: 3 0x8000088c (0x4004da93) x21 0xfffffbdb
core   0: 0x80000890 (0x00f393b3) sll     t2, t2, a5
core   0: 3 0x80000890 (0x00f393b3) x 7 0x00000000
core   0: 0x80000894 (0xfdf94083) lbu     ra, -33(s2)
core   0: 3 0x80000894 (0xfdf94083) x 1 0x000000fe mem 0x8000f6b0
core   0: 0x80000898 (0xfd990a23) sb      s9, -44(s2)
core   0: 3 0x80000898 (0xfd990a23) mem 0x8000f6a5 0x0
core   0: 0x8000089c (0xfcb90603) lb      a2, -53(s2)
core   0: 3 0x8000089c (0xfcb90603) x12 0xffffff92 mem 0x8000f69c
core   0: 0x800008a0 (0x019918a3) sh      s9, 17(s2)
core   0: 3 0x800008a0 (0x019918a3) mem 0x8000f6e2 0x0000
core   0: 0x800008a4 (0x02b90e83) lb      t4, 43(s2)
core   0: 3 0x800008a4 (0x02b90e83) x29 0xffffffd3 mem 0x8000f6fc
core   0: 0x800008a8 (0x02e94983) lbu     s3, 46(s2)
core   0: 3 0x800008a8 (0x02e94983) x19 0x000000ff mem 0x8000f6ff
core   0: 0x800008ac (0x000015fd) c.addi  a1, -1
core   0: 3 0x800008ac (0x15fd) x11 0xfffffffe
core   0: 0x800008ae (0x02390483) lb      s1, 35(s2)
core   0: 3 0x800008ae (0x02390483) x 9 0x00000016 mem 0x8000f6f4
core   0: 0x800008b2 (0xf04eba93) sltiu   s5, t4, -252
core   0: 3 0x800008b2 (0xf04eba93) x21 0x00000000
core   0: 0x800008b6 (0xedd74093) xori    ra, a4, -291
core   0: 3 0x800008b6 (0xedd74093) x 1 0xffff3b36
core   0: 0x800008ba (0x02882d33) mulhsu  s10, a6, s0
core   0: 3 0x800008ba (0x02882d33) x26 0xd30661f3
core   0: 0x800008be (0xfde913a3) sh      t5, -57(s2)
core   0: 3 0x800008be (0xfde913a3) mem 0x8000f698 0x0000
core   0: 0x800008c2 (0x01991fa3) sh      s9, 31(s2)
core   0: 3 0x800008c2 (0x01991fa3) mem 0x8000f6f0 0x0000
core   0: 0x800008c6 (0x0130b633) sltu    a2, ra, s3
core   0: 3 0x800008c6 (0x0130b633) x12 0x00000000
core   0: 0x800008ca (0x00008acd) c.andi  a3, 19
core   0: 3 0x800008ca (0x8acd) x13 0x00000001
core   0: 0x800008cc (0x015547b3) xor     a5, a0, s5
core   0: 3 0x800008cc (0x015547b3) x15 0x000036ea
core   0: 0x800008d0 (0xff890983) lb      s3, -8(s2)
core   0: 3 0x800008d0 (0xff890983) x19 0xffffffad mem 0x8000f6c9
core   0: 0x800008d4 (0x02a52db3) mulhsu  s11, a0, a0
core   0: 3 0x800008d4 (0x02a52db3) x27 0x00000000
core   0: 0x800008d8 (0x01429533) sll     a0, t0, s4
core   0: 3 0x800008d8 (0x01429533) x10 0x5cc80000
core   0: 0x800008dc (0xfc194883) lbu     a7, -63(s2)
core   0: 3 0x800008dc (0xfc194883) x17 0x000000e7 mem 0x8000f692
core   0: 0x800008e0 (0x7f28b593) sltiu   a1, a7, 2034
core   0: 3 0x800008e0 (0x7f28b593) x11 0x00000001
core   0: 0x800008e4 (0x00283733) sltu    a4, a6, sp
core   0: 3 0x800008e4 (0x00283733) x14 0x00000000
core   0: 0x800008e8 (0x03191bb3) mulh    s7, s2, a7
core   0: 3 0x800008e8 (0x03191bb3) x23 0xffffff8c
core   0: 0x800008ec (0x00190303) lb      t1, 1(s2)
core   0: 3 0x800008ec (0x00190303) x 6 0xffffffc0 mem 0x8000f6d2
core   0: 0x800008f0 (0x00994883) lbu     a7, 9(s2)
core   0: 3 0x800008f0 (0x00994883) x17 0x00000005 mem 0x8000f6da
core   0: 0x800008f4 (0x00490983) lb      s3, 4(s2)
core   0: 3 0x800008f4 (0x00490983) x19 0xffffffb6 mem 0x8000f6d5
core   0: 0x800008f8 (0x01d94f03) lbu     t5, 29(s2)
core   0: 3 0x800008f8 (0x01d94f03) x30 0x000000c9 mem 0x8000f6ee
core   0: 0x800008fc (0xfd3904a3) sb      s3, -55(s2)
core   0: 3 0x800008fc (0xfd3904a3) mem 0x8000f69a 0xb6
core   0: 0x80000900 (0x00008c89) c.sub   s1, a0
core   0: 3 0x80000900 (0x8c89) x 9 0xa3380016
core   0: 0x80000902 (0x00008c29) c.xor   s0, a0
core   0: 3 0x80000902 (0x8c29) x 8 0x053bf6da
core   0: 0x80000904 (0x030188b3) mul     a7, gp, a6
core   0: 3 0x80000904 (0x030188b3) x17 0x4bd9dd5c
core   0: 0x80000908 (0xfeb92ba3) sw      a1, -9(s2)
core   0: 3 0x80000908 (0xfeb92ba3) mem 0x8000f6c8 0x00000001
core   0: 0x8000090c (0x00008c99) c.sub   s1, a4
core   0: 3 0x8000090c (0x8c99) x 9 0xa3380016
core   0: 0x8000090e (0x01e91ba3) sh      t5, 23(s2)
core   0: 3 0x8000090e (0x01e91ba3) mem 0x8000f6e8 0x00c9
core   0: 0x80000912 (0x5b30b6b7) lui     a3, 0x5b30b
core   0: 3 0x80000912 (0x5b30b6b7) x13 0x5b30b000
core   0: 0x80000916 (0x01994803) lbu     a6, 25(s2)
core   0: 3 0x80000916 (0x01994803) x16 0x000000e5 mem 0x8000f6ea
core   0: 0x8000091a (0x0000d997) auipc   s3, 0xd
core   0: 3 0x8000091a (0x0000d997) x19 0x8000d91a
core   0: 0x8000091e (0xfed98993) addi    s3, s3, -19
core   0: 3 0x8000091e (0xfed98993) x19 0x8000d907
core   0: 0x80000922 (0x0394a733) mulhsu  a4, s1, s9
core   0: 3 0x80000922 (0x0394a733) x14 0x00000000
core   0: 0x80000926 (0xffc9c403) lbu     s0, -4(s3)
core   0: 3 0x80000926 (0xffc9c403) x 8 0x0000006f mem 0x8000d903
core   0: 0x8000092a (0xf7f9de83) lhu     t4, -129(s3)
core   0: 3 0x8000092a (0xf7f9de83) x29 0x00009500 mem 0x8000d886
core   0: 0x8000092e (0xfe398003) lb      zero, -29(s3)
core   0: 3 0x8000092e (0xfe398003) mem 0x8000d8ea
core   0: 0x80000932 (0xf5198fa3) sb      a7, -161(s3)
core   0: 3 0x80000932 (0xf5198fa3) mem 0x8000d866 0x5c
core   0: 0x80000936 (0xe75bec93) ori     s9, s7, -395
core   0: 3 0x80000936 (0xe75bec93) x25 0xfffffffd
core   0: 0x8000093a (0x00295093) srli    ra, s2, 2
core   0: 3 0x8000093a (0x00295093) x 1 0x20003db4
core   0: 0x8000093e (0x00008f31) c.xor   a4, a2
core   0: 3 0x8000093e (0x8f31) x14 0x00000000
core   0: 0x80000940 (0xf8399003) lh      zero, -125(s3)
core   0: 3 0x80000940 (0xf8399003) mem 0x8000d88a
core   0: 0x80000944 (0xf489c183) lbu     gp, -184(s3)
core   0: 3 0x80000944 (0xf489c183) x 3 0x00000080 mem 0x8000d84f
core   0: 0x80000948 (0x0fb98383) lb      t2, 251(s3)
core   0: 3 0x80000948 (0x0fb98383) x 7 0xffffffdf mem 0x8000da02
core   0: 0x8000094c (0xfc39cb03) lbu     s6, -61(s3)
core   0: 3 0x8000094c (0xfc39cb03) x22 0x000000bb mem 0x8000d8ca
core   0: 0x80000950 (0x004a6db3) or      s11, s4, tp
core   0: 3 0x80000950 (0x004a6db3) x27 0x80026cf5
core   0: 0x80000954 (0x002d3f33) sltu    t5, s10, sp
core   0: 3 0x80000954 (0x002d3f33) x30 0x00000000
core   0: 0x80000958 (0x0319c783) lbu     a5, 49(s3)
core   0: 3 0x80000958 (0x0319c783) x15 0x00000065 mem 0x8000d938
core   0: 0x8000095c (0x019f9613) slli    a2, t6, 25
core   0: 3 0x8000095c (0x019f9613) x12 0x3c000000
core   0: 0x80000960 (0x0a398183) lb      gp, 163(s3)
core   0: 3 0x80000960 (0x0a398183) x 3 0xffffff8a mem 0x8000d9aa
core   0: 0x80000964 (0x01535693) srli    a3, t1, 21
core   0: 3 0x80000964 (0x01535693) x13 0x000007ff
core   0: 0x80000968 (0x014e5613) srli    a2, t3, 20
core   0: 3 0x80000968 (0x014e5613) x12 0x00000000
core   0: 0x8000096c (0x0809c003) lbu     zero, 128(s3)
core   0: 3 0x8000096c (0x0809c003) mem 0x8000d987
core   0: 0x80000970 (0xf6698e23) sb      t1, -132(s3)
core   0: 3 0x80000970 (0xf6698e23) mem 0x8000d883 0xc0
core   0: 0x80000974 (0x0f39dd83) lhu     s11, 243(s3)
core   0: 3 0x80000974 (0x0f39dd83) x27 0x000025da mem 0x8000d9fa
core   0: 0x80000978 (0x407ddab3) sra     s5, s11, t2
core   0: 3 0x80000978 (0x407ddab3) x21 0x00000000
core   0: 0x8000097c (0x08999b03) lh      s6, 137(s3)
core   0: 3 0x8000097c (0x08999b03) x22 0x00000033 mem 0x8000d990
core   0: 0x80000980 (0x0e498683) lb      a3, 228(s3)
core   0: 3 0x80000980 (0x0e498683) x13 0x0000005c mem 0x8000d9eb
core   0: 0x80000984 (0x01f12033) slt     zero, sp, t6
core   0: 3 0x80000984 (0x01f12033)
core   0: 0x80000988 (0x0ff0000f) fence   iorw,iorw
core   0: 3 0x80000988 (0x0ff0000f)
core   0: 0x8000098c (0x09b9d703) lhu     a4, 155(s3)
core   0: 3 0x8000098c (0x09b9d703) x14 0x000024bd mem 0x8000d9a2
core   0: 0x80000990 (0x05f98523) sb      t6, 74(s3)
core   0: 3 0x80000990 (0x05f98523) mem 0x8000d951 0x1e
core   0: 0x80000994 (0xfc098883) lb      a7, -64(s3)
core   0: 3 0x80000994 (0xfc098883) x17 0x00000007 mem 0x8000d8c7
core   0: 0x80000998 (0x03a8e833) rem     a6, a7, s10
core   0: 3 0x80000998 (0x03a8e833) x16 0x00000007
core   0: 0x8000099c (0x0f898703) lb      a4, 248(s3)
core   0: 3 0x8000099c (0x0f898703) x14 0xffffff96 mem 0x8000d9ff
core   0: 0x800009a0 (0xfdf98383) lb      t2, -33(s3)
core   0: 3 0x800009a0 (0xfdf98383) x 7 0xffffffba mem 0x8000d8e6
core   0: 0x800009a4 (0x00010397) auipc   t2, 0x10
core   0: 3 0x800009a4 (0x00010397) x 7 0x800109a4
core   0: 0x800009a8 (0x56438393) addi    t2, t2, 1380
core   0: 3 0x800009a8 (0x56438393) x 7 0x80010f08
core   0: 0x800009ac (0x0103d603) lhu     a2, 16(t2)
core   0: 3 0x800009ac (0x0103d603) x12 0x0000696e mem 0x80010f18
core   0: 0x800009b0 (0x0000867d) c.srai  a2, 31
core   0: 3 0x800009b0 (0x867d) x12 0x00000000
core   0: 0x800009b2 (0x03c109b3) mul     s3, sp, t3
core   0: 3 0x800009b2 (0x03c109b3) x19 0x00000114
core   0: 0x800009b6 (0x00638d83) lb      s11, 6(t2)
core   0: 3 0x800009b6 (0x00638d83) x27 0x00000014 mem 0x80010f0e
core   0: 0x800009ba (0x821aa593) slti    a1, s5, -2015
core   0: 3 0x800009ba (0x821aa593) x11 0x00000000
core   0: 0x800009be (0x00238423) sb      sp, 8(t2)
core   0: 3 0x800009be (0x00238423) mem 0x80010f10 0xc
core   0: 0x800009c2 (0x0001db93) srli    s7, gp, 0
core   0: 3 0x800009c2 (0x0001db93) x23 0xffffff8a
core   0: 0x800009c6 (0x003b30b3) sltu    ra, s6, gp
core   0: 3 0x800009c6 (0x003b30b3) x 1 0x00000001
core   0: 0x800009ca (0x01345e93) srli    t4, s0, 19
core   0: 3 0x800009ca (0x01345e93) x29 0x00000000
core   0: 0x800009ce (0x00538983) lb      s3, 5(t2)
core   0: 3 0x800009ce (0x00538983) x19 0x00000058 mem 0x80010f0d
core   0: 0x800009d2 (0x00008759) c.srai  a4, 22
core   0: 3 0x800009d2 (0x8759) x14 0xffffffff
core   0: 0x800009d4 (0x009fe033) or      zero, t6, s1
core   0: 3 0x800009d4 (0x009fe033)
core   0: 0x800009d8 (0x00008fc1) c.or    a5, s0
core   0: 3 0x800009d8 (0x8fc1) x15 0x0000006f
core   0: 0x800009da (0x0000100f) fence.i
core   0: 3 0x800009da (0x0000100f)
core   0: 0x800009de (0x01b6dbb3) srl     s7, a3, s11
core   0: 3 0x800009de (0x01b6dbb3) x23 0x00000000
core   0: 0x800009e2 (0x00138703) lb      a4, 1(t2)
core   0: 3 0x800009e2 (0x00138703) x14 0xffffffd1 mem 0x80010f09
core   0: 0x800009e6 (0x01f39223) sh      t6, 4(t2)
core   0: 3 0x800009e6 (0x01f39223) mem 0x80010f0c 0x001e
core   0: 0x800009ea (0x41c305b3) sub     a1, t1, t3
core   0: 3 0x800009ea (0x41c305b3) x11 0xffffffa9
core   0: 0x800009ee (0x0260b0b3) mulhu   ra, ra, t1
core   0: 3 0x800009ee (0x0260b0b3) x 1 0x00000000
core   0: 0x800009f2 (0x00b3cb83) lbu     s7, 11(t2)
core   0: 3 0x800009f2 (0x00b3cb83) x23 0x00000056 mem 0x80010f13
core   0: 0x800009f6 (0x01628e33) add     t3, t0, s6
core   0: 3 0x800009f6 (0x01628e33) x28 0x80022e97
core   0: 0x800009fa (0x015e1993) slli    s3, t3, 21
core   0: 3 0x800009fa (0x015e1993) x19 0xd2e00000
core   0: 0x800009fe (0x00008ced) c.and   s1, a1
core   0: 3 0x800009fe (0x8ced) x 9 0xa3380000
core   0: 0x80000a00 (0xfff38983) lb      s3, -1(t2)
core   0: 3 0x80000a00 (0xfff38983) x19 0x00000070 mem 0x80010f07
core   0: 0x80000a04 (0x00d384a3) sb      a3, 9(t2)
core   0: 3 0x80000a04 (0x00d384a3) mem 0x80010f11 0x5c
core   0: 0x80000a08 (0x0ff0000f) fence   iorw,iorw
core   0: 3 0x80000a08 (0x0ff0000f)
core   0: 0x80000a0c (0x0033c803) lbu     a6, 3(t2)
core   0: 3 0x80000a0c (0x0033c803) x16 0x0000001f mem 0x80010f0b
core   0: 0x80000a10 (0x00008c51) c.or    s0, a2
core   0: 3 0x80000a10 (0x8c51) x 8 0x0000006f
core   0: 0x80000a12 (0x02ae41b3) div     gp, t3, a0
core   0: 3 0x80000a12 (0x02ae41b3) x 3 0xffffffff
core   0: 0x80000a16 (0x00f38603) lb      a2, 15(t2)
core   0: 3 0x80000a16 (0x00f38603) x12 0xffffffae mem 0x80010f17
core   0: 0x80000a1a (0xffb38d83) lb      s11, -5(t2)
core   0: 3 0x80000a1a (0xffb38d83) x27 0xffffffe1 mem 0x80010f03
core   0: 0x80000a1e (0xfff39a23) sh      t6, -12(t2)
core   0: 3 0x80000a1e (0xfff39a23) mem 0x80010efc 0x001e
core   0: 0x80000a22 (0x3a18e993) ori     s3, a7, 929
core   0: 3 0x80000a22 (0x3a18e993) x19 0x000003a7
core   0: 0x80000a26 (0x02332d33) mulhsu  s10, t1, gp
core   0: 3 0x80000a26 (0x02332d33) x26 0xffffffc0
core   0: 0x80000a2a (0x00005d7d) c.li    s10, -1
core   0: 3 0x80000a2a (0x5d7d) x26 0xffffffff
core   0: 0x80000a2c (0x00f38083) lb      ra, 15(t2)
core   0: 3 0x80000a2c (0x00f38083) x 1 0xffffffae mem 0x80010f17
core   0: 0x80000a30 (0x70677817) auipc   a6, 0x70677
core   0: 3 0x80000a30 (0x70677817) x16 0xf0677a30
core   0: 0x80000a34 (0xffa3df03) lhu     t5, -6(t2)
core   0: 3 0x80000a34 (0xffa3df03) x30 0x0000e1b2 mem 0x80010f02
core   0: 0x80000a38 (0x00d39223) sh      a3, 4(t2)
core   0: 3 0x80000a38 (0x00d39223) mem 0x80010f0c 0x005c
core   0: 0x80000a3c (0x00ff6033) or      zero, t5, a5
core   0: 3 0x80000a3c (0x00ff6033)
core   0: 0x80000a40 (0x00006625) c.lui   a2, 0x9
core   0: 3 0x80000a40 (0x6625) x12 0x00009000
core   0: 0x80000a42 (0x0033cb83) lbu     s7, 3(t2)
core   0: 3 0x80000a42 (0x0033cb83) x23 0x0000001f mem 0x80010f0b
core   0: 0x80000a46 (0xff33c403) lbu     s0, -13(t2)
core   0: 3 0x80000a46 (0xff33c403) x 8 0x000000e8 mem 0x80010efb
core   0: 0x80000a4a (0x405ddf33) sra     t5, s11, t0
core   0: 3 0x80000a4a (0x405ddf33) x30 0xfffffffe
core   0: 0x80000a4e (0x000086b9) c.srai  a3, 14
core   0: 3 0x80000a4e (0x86b9) x13 0x00000000
core   0: 0x80000a50 (0xfef38fa3) sb      a5, -1(t2)
core   0: 3 0x80000a50 (0xfef38fa3) mem 0x80010f07 0x6f
core   0: 0x80000a54 (0x00539123) sh      t0, 2(t2)
core   0: 3 0x80000a54 (0x00539123) mem 0x80010f0a 0x2e64
core   0: 0x80000a58 (0x02c83f33) mulhu   t5, a6, a2
core   0: 3 0x80000a58 (0x02c83f33) x30 0x0000873a
core   0: 0x80000a5c (0xff639883) lh      a7, -10(t2)
core   0: 3 0x80000a5c (0xff639883) x17 0xffffda7b mem 0x80010efe
core   0: 0x80000a60 (0xff738903) lb      s2, -9(t2)
core   0: 3 0x80000a60 (0xff738903) x18 0xffffffda mem 0x80010eff
core   0: 0x80000a64 (0xff23ac23) sw      s2, -8(t2)
core   0: 3 0x80000a64 (0xff23ac23) mem 0x80010f00 0xffffffda
core   0: 0x80000a68 (0x013382a3) sb      s3, 5(t2)
core   0: 3 0x80000a68 (0x013382a3) mem 0x80010f0d 0xa7
core   0: 0x80000a6c (0x0093c083) lbu     ra, 9(t2)
core   0: 3 0x80000a6c (0x0093c083) x 1 0x0000005c mem 0x80010f11
core   0: 0x80000a70 (0x00b38783) lb      a5, 11(t2)
core   0: 3 0x80000a70 (0x00b38783) x15 0x00000056 mem 0x80010f13
core   0: 0x80000a74 (0x00008d99) c.sub   a1, a4
core   0: 3 0x80000a74 (0x8d99) x11 0xffffffd8
core   0: 0x80000a76 (0x00008bc9) c.andi  a5, 18
core   0: 3 0x80000a76 (0x8bc9) x15 0x00000012
core   0: 0x80000a78 (0x0013cd83) lbu     s11, 1(t2)
core   0: 3 0x80000a78 (0x0013cd83) x27 0x000000d1 mem 0x80010f09
core   0: 0x80000a7c (0xff23cf03) lbu     t5, -14(t2)
core   0: 3 0x80000a7c (0xff23cf03) x30 0x000000d0 mem 0x80010efa
core   0: 0x80000a80 (0x006385a3) sb      t1, 11(t2)
core   0: 3 0x80000a80 (0x006385a3) mem 0x80010f13 0xc0
core   0: 0x80000a84 (0x01a39723) sh      s10, 14(t2)
core   0: 3 0x80000a84 (0x01a39723) mem 0x80010f16 0xffff
core   0: 0x80000a88 (0x00019e17) auipc   t3, 0x19
core   0: 3 0x80000a88 (0x00019e17) x28 0x80019a88
core   0: 0x80000a8c (0xcc3e0e13) addi    t3, t3, -829
core   0: 3 0x80000a8c (0xcc3e0e13) x28 0x8001974b
core   0: 0x80000a90 (0x00008f95) c.sub   a5, a3
core   0: 3 0x80000a90 (0x8f95) x15 0x00000012
core   0: 0x80000a92 (0xfe5e0d23) sb      t0, -6(t3)
core   0: 3 0x80000a92 (0xfe5e0d23) mem 0x80019745 0x64
core   0: 0x80000a96 (0x407c8db3) sub     s11, s9, t2
core   0: 3 0x80000a96 (0x407c8db3) x27 0x7ffef0f5
core   0: 0x80000a9a (0xff0e0c23) sb      a6, -8(t3)
core   0: 3 0x80000a9a (0xff0e0c23) mem 0x80019743 0x30
core   0: 0x80000a9e (0x01323c33) sltu    s8, tp, s3
core   0: 3 0x80000a9e (0x01323c33) x24 0x00000000
core   0: 0x80000aa2 (0x004e4003) lbu     zero, 4(t3)
core   0: 3 0x80000aa2 (0x004e4003) mem 0x8001974f
core   0: 0x80000aa6 (0x7705af93) slti    t6, a1, 1904
core   0: 3 0x80000aa6 (0x7705af93) x31 0x00000001
core   0: 0x80000aaa (0x01941393) slli    t2, s0, 25
core   0: 3 0x80000aaa (0x01941393) x 7 0xd0000000
core   0: 0x80000aae (0x02ee3833) mulhu   a6, t3, a4
core   0: 3 0x80000aae (0x02ee3833) x16 0x80019733
core   0: 0x80000ab2 (0x00ae0003) lb      zero, 10(t3)
core   0: 3 0x80000ab2 (0x00ae0003) mem 0x80019755
core   0: 0x80000ab6 (0x00fc2db3) slt     s11, s8, a5
core   0: 3 0x80000ab6 (0x00fc2db3) x27 0x00000001
core   0: 0x80000aba (0x0295a1b3) mulhsu  gp, a1, s1
core   0: 3 0x80000aba (0x0295a1b3) x 3 0xffffffe6
core   0: 0x80000abe (0x0ff0000f) fence   iorw,iorw
core   0: 3 0x80000abe (0x0ff0000f)
core   0: 0x80000ac2 (0x00be0a03) lb      s4, 11(t3)
core   0: 3 0x80000ac2 (0x00be0a03) x20 0xffffffa0 mem 0x80019756
core   0: 0x80000ac6 (0x01be12a3) sh      s11, 5(t3)
core   0: 3 0x80000ac6 (0x01be12a3) mem 0x80019750 0x0001
core   0: 0x80000aca (0x00ce4f83) lbu     t6, 12(t3)
core   0: 3 0x80000aca (0x00ce4f83) x31 0x000000eb mem 0x80019757
core   0: 0x80000ace (0xff0e1aa3) sh      a6, -11(t3)
core   0: 3 0x80000ace (0xff0e1aa3) mem 0x80019740 0x9733
core   0: 0x80000ad2 (0xfeee0f23) sb      a4, -2(t3)
core   0: 3 0x80000ad2 (0xfeee0f23) mem 0x80019749 0xd1
core   0: 0x80000ad6 (0x007e0903) lb      s2, 7(t3)
core   0: 3 0x80000ad6 (0x007e0903) x18 0xffffffa1 mem 0x80019752
core   0: 0x80000ada (0x0ff0000f) fence   iorw,iorw
core   0: 3 0x80000ada (0x0ff0000f)
core   0: 0x80000ade (0x03b4dab3) divu    s5, s1, s11
core   0: 3 0x80000ade (0x03b4dab3) x21 0xa3380000
core   0: 0x80000ae2 (0x0000100f) fence.i
core   0: 3 0x80000ae2 (0x0000100f)
core   0: 0x80000ae6 (0xff7e4183) lbu     gp, -9(t3)
core   0: 3 0x80000ae6 (0xff7e4183) x 3 0x000000e6 mem 0x80019742
core   0: 0x80000aea (0x000064bd) c.lui   s1, 0xf
core   0: 3 0x80000aea (0x64bd) x 9 0x0000f000
core   0: 0x80000aec (0xffee0e23) sb      t5, -4(t3)
core   0: 3 0x80000aec (0xffee0e23) mem 0x80019747 0xd0
core   0: 0x80000af0 (0x004e4b03) lbu     s6, 4(t3)
core   0: 3 0x80000af0 (0x004e4b03) x22 0x0000000a mem 0x8001974f
core   0: 0x80000af4 (0x0ff0000f) fence   iorw,iorw
core   0: 3 0x80000af4 (0x0ff0000f)
core   0: 0x80000af8 (0xff3e4c83) lbu     s9, -13(t3)
core   0: 3 0x80000af8 (0xff3e4c83) x25 0x00000095 mem 0x8001973e
core   0: 0x80000afc (0xffde5083) lhu     ra, -3(t3)
core   0: 3 0x80000afc (0xffde5083) x 1 0x0000d190 mem 0x80019748
core   0: 0x80000b00 (0x00778933) add     s2, a5, t2
core   0: 3 0x80000b00 (0x00778933) x18 0xd0000012
core   0: 0x80000b04 (0x03fbba33) mulhu   s4, s7, t6
core   0: 3 0x80000b04 (0x03fbba33) x20 0x00000000
core   0: 0x80000b08 (0xff0e0a23) sb      a6, -12(t3)
core   0: 3 0x80000b08 (0xff0e0a23) mem 0x8001973f 0x33
core   0: 0x80000b0c (0x017e00a3) sb      s7, 1(t3)
core   0: 3 0x80000b0c (0x017e00a3) mem 0x8001974c 0x1f
core   0: 0x80000b10 (0xfade3313) sltiu   t1, t3, -83
core   0: 3 0x80000b10 (0xfade3313) x 6 0x00000001
core   0: 0x80000b14 (0xff3e5d03) lhu     s10, -13(t3)
core   0: 3 0x80000b14 (0xff3e5d03) x26 0x00003395 mem 0x8001973e
core   0: 0x80000b18 (0x012dd313) srli    t1, s11, 18
core   0: 3 0x80000b18 (0x012dd313) x 6 0x00000000
core   0: 0x80000b1c (0xff5e0883) lb      a7, -11(t3)
core   0: 3 0x80000b1c (0xff5e0883) x17 0x00000033 mem 0x80019740
core   0: 0x80000b20 (0x00012c17) auipc   s8, 0x12
core   0: 3 0x80000b20 (0x00012c17) x24 0x80012b20
core   0: 0x80000b24 (0x607c0c13) addi    s8, s8, 1543
core   0: 3 0x80000b24 (0x607c0c13) x24 0x80013127
core   0: 0x80000b28 (0x24068513) addi    a0, a3, 576
core   0: 3 0x80000b28 (0x24068513) x10 0x00000240
core   0: 0x80000b2c (0xfddc0603) lb      a2, -35(s8)
core   0: 3 0x80000b2c (0xfddc0603) x12 0xffffff90 mem 0x80013104
core   0: 0x80000b30 (0xf60c4003) lbu     zero, -160(s8)
core   0: 3 0x80000b30 (0xf60c4003) mem 0x80013087
core   0: 0x80000b34 (0x0a1c0723) sb      ra, 174(s8)
core   0: 3 0x80000b34 (0x0a1c0723) mem 0x800131d5 0x90
core   0: 0x80000b38 (0xf1dc0323) sb      t4, -250(s8)
core   0: 3 0x80000b38 (0xf1dc0323) mem 0x8001302d 0x0
core   0: 0x80000b3c (0x00001efd) c.addi  t4, -1
core   0: 3 0x80000b3c (0x1efd) x29 0xffffffff
core   0: 0x80000b3e (0x38c22d13) slti    s10, tp, 908
core   0: 3 0x80000b3e (0x38c22d13) x26 0x00000001
core   0: 0x80000b42 (0x0a2c0d83) lb      s11, 162(s8)
core   0: 3 0x80000b42 (0x0a2c0d83) x27 0xffffffda mem 0x800131c9
core   0: 0x80000b46 (0xf4ac2ca3) sw      a0, -167(s8)
core   0: 3 0x80000b46 (0xf4ac2ca3) mem 0x80013080 0x00000240
core   0: 0x80000b4a (0x41ddd6b3) sra     a3, s11, t4
core   0: 3 0x80000b4a (0x41ddd6b3) x13 0xffffffff
core   0: 0x80000b4e (0x01cedc93) srli    s9, t4, 28
core   0: 3 0x80000b4e (0x01cedc93) x25 0x0000000f
core   0: 0x80000b52 (0xff2c0523) sb      s2, -22(s8)
core   0: 3 0x80000b52 (0xff2c0523) mem 0x80013111 0x12
core   0: 0x80000b56 (0x0b9c0023) sb      s9, 160(s8)
core   0: 3 0x80000b56 (0x0b9c0023) mem 0x800131c7 0xf
core   0: 0x80000b5a (0x00008ecd) c.or    a3, a1
core   0: 3 0x80000b5a (0x8ecd) x13 0xffffffff
core   0: 0x80000b5c (0x00008f4d) c.or    a4, a1
core   0: 3 0x80000b5c (0x8f4d) x14 0xffffffd9
core   0: 0x80000b5e (0x000080c6) c.mv    ra, a7
core   0: 3 0x80000b5e (0x80c6) x 1 0x00000033
core   0: 0x80000b60 (0x0ffc4783) lbu     a5, 255(s8)
core   0: 3 0x80000b60 (0x0ffc4783) x15 0x00000088 mem 0x80013226
core   0: 0x80000b64 (0x00000001) c.nop
core   0: 3 0x80000b64 (0x0001)
core   0: 0x80000b66 (0xf36c0d03) lb      s10, -202(s8)
core   0: 3 0x80000b66 (0xf36c0d03) x26 0xffffffc9 mem 0x8001305d
core   0: 0x80000b6a (0x07dc0883) lb      a7, 125(s8)
core   0: 3 0x80000b6a (0x07dc0883) x17 0xffffff88 mem 0x800131a4
core   0: 0x80000b6e (0x37464a17) auipc   s4, 0x37464
core   0: 3 0x80000b6e (0x37464a17) x20 0xb7464b6e
core   0: 0x80000b72 (0xacbb8613) addi    a2, s7, -1333
core   0: 3 0x80000b72 (0xacbb8613) x12 0xfffffaea
core   0: 0x80000b76 (0xf43c0b03) lb      s6, -189(s8)
core   0: 3 0x80000b76 (0xf43c0b03) x22 0x00000032 mem 0x8001306a
core   0: 0x80000b7a (0x00009b8e) c.add   s7, gp
core   0: 3 0x80000b7a (0x9b8e) x23 0x00000105
core   0: 0x80000b7c (0x0f9c2d83) lw      s11, 249(s8)
core   0: 3 0x80000b7c (0x0f9c2d83) x27 0xcdea7928 mem 0x80013220
core   0: 0x80000b80 (0x51336cb7) lui     s9, 0x51336
core   0: 3 0x80000b80 (0x51336cb7) x25 0x51336000
core   0: 0x80000b84 (0x0abc4b83) lbu     s7, 171(s8)
core   0: 3 0x80000b84 (0x0abc4b83) x23 0x00000089 mem 0x800131d2
core   0: 0x80000b88 (0x02d24e33) div     t3, tp, a3
core   0: 3 0x80000b88 (0x02d24e33) x28 0x7ffd931c
core   0: 0x80000b8c (0xa7df7a13) andi    s4, t5, -1411
core   0: 3 0x80000b8c (0xa7df7a13) x20 0x00000050
core   0: 0x80000b90 (0xac160693) addi    a3, a2, -1343
core   0: 3 0x80000b90 (0xac160693) x13 0xfffff5ab
core   0: 0x80000b94 (0x029c0b83) lb      s7, 41(s8)
core   0: 3 0x80000b94 (0x029c0b83) x23 0x0000002c mem 0x80013150
core   0: 0x80000b98 (0x03ac2ea3) sw      s10, 61(s8)
core   0: 3 0x80000b98 (0x03ac2ea3) mem 0x80013164 0xffffffc9
core   0: 0x80000b9c (0x0000d497) auipc   s1, 0xd
core   0: 3 0x80000b9c (0x0000d497) x 9 0x8000db9c
core   0: 0x80000ba0 (0xc7248493) addi    s1, s1, -910
core   0: 3 0x80000ba0 (0xc7248493) x 9 0x8000d80e
core   0: 0x80000ba4 (0x00009a7d) c.andi  a2, -1
core   0: 3 0x80000ba4 (0x9a7d) x12 0xfffffaea
core   0: 0x80000ba6 (0x03538cb3) mul     s9, t2, s5
core   0: 3 0x80000ba6 (0x03538cb3) x25 0x00000000
core   0: 0x80000baa (0xfea48ca3) sb      a0, -7(s1)
core   0: 3 0x80000baa (0xfea48ca3) mem 0x8000d807 0x40
core   0: 0x80000bae (0x019480a3) sb      s9, 1(s1)
core   0: 3 0x80000bae (0x019480a3) mem 0x8000d80f 0x0
core   0: 0x80000bb2 (0x00006889) c.lui   a7, 0x2
core   0: 3 0x80000bb2 (0x6889) x17 0x00002000
core   0: 0x80000bb4 (0xff9488a3) sb      s9, -15(s1)
core   0: 3 0x80000bb4 (0xff9488a3) mem 0x8000d7ff 0x0
core   0: 0x80000bb8 (0x001f6cb3) or      s9, t5, ra
core   0: 3 0x80000bb8 (0x001f6cb3) x25 0x000000f3
core   0: 0x80000bbc (0x02ad48b3) div     a7, s10, a0
core   0: 3 0x80000bbc (0x02ad48b3) x17 0x00000000
core   0: 0x80000bc0 (0x00009afd) c.andi  a3, -1
core   0: 3 0x80000bc0 (0x9afd) x13 0xfffff5ab
core   0: 0x80000bc2 (0x00848503) lb      a0, 8(s1)
core   0: 3 0x80000bc2 (0x00848503) x10 0xffffffff mem 0x8000d816
core   0: 0x80000bc6 (0x00008975) c.andi  a0, 29
core   0: 3 0x80000bc6 (0x8975) x10 0x0000001d
core   0: 0x80000bc8 (0xfee49d23) sh      a4, -6(s1)
core   0: 3 0x80000bc8 (0xfee49d23) mem 0x8000d808 0xffd9
core   0: 0x80000bcc (0x2892eb93) ori     s7, t0, 649
core   0: 3 0x80000bcc (0x2892eb93) x23 0x80022eed
core   0: 0x80000bd0 (0x00008ed9) c.or    a3, a4
core   0: 3 0x80000bd0 (0x8ed9) x13 0xfffffffb
core   0: 0x80000bd2 (0x00c4c383) lbu     t2, 12(s1)
core   0: 3 0x80000bd2 (0x00c4c383) x 7 0x00000056 mem 0x8000d81a
core   0: 0x80000bd6 (0x007481a3) sb      t2, 3(s1)
core   0: 3 0x80000bd6 (0x007481a3) mem 0x8000d811 0x56
core   0: 0x80000bda (0xc9c2c193) xori    gp, t0, -868
core   0: 3 0x80000bda (0xc9c2c193) x 3 0x7ffdd2f8
core   0: 0x80000bde (0x01048003) lb      zero, 16(s1)
core   0: 3 0x80000bde (0x01048003) mem 0x8000d81e
core   0: 0x80000be2 (0x01905593) srli    a1, zero, 25
core   0: 3 0x80000be2 (0x01905593) x11 0x00000000
core   0: 0x80000be6 (0x019484a3) sb      s9, 9(s1)
core   0: 3 0x80000be6 (0x019484a3) mem 0x8000d817 0xf3
core   0: 0x80000bea (0x00008e9d) c.sub   a3, a5
core   0: 3 0x80000bea (0x8e9d) x13 0xffffff73
core   0: 0x80000bec (0xff548403) lb      s0, -11(s1)
core   0: 3 0x80000bec (0xff548403) x 8 0xffffff88 mem 0x8000d803
core   0: 0x80000bf0 (0xe1777f93) andi    t6, a4, -489
core   0: 3 0x80000bf0 (0xe1777f93) x31 0xfffffe11
core   0: 0x80000bf4 (0x00c481a3) sb      a2, 3(s1)
core   0: 3 0x80000bf4 (0x00c481a3) mem 0x8000d811 0xea
core   0: 0x80000bf8 (0xff64a383) lw      t2, -10(s1)
core   0: 3 0x80000bf8 (0xff64a383) x 7 0x4077f2f3 mem 0x8000d804
core   0: 0x80000bfc (0x9e46d0b7) lui     ra, 0x9e46d
core   0: 3 0x80000bfc (0x9e46d0b7) x 1 0x9e46d000
core   0: 0x80000c00 (0xff24a683) lw      a3, -14(s1)
core   0: 3 0x80000c00 (0xff24a683) x13 0x88f9aa86 mem 0x8000d800
core   0: 0x80000c04 (0x032b0933) mul     s2, s6, s2
core   0: 3 0x80000c04 (0x032b0933) x18 0xa0000384
core   0: 0x80000c08 (0xfeb49923) sh      a1, -14(s1)
core   0: 3 0x80000c08 (0xfeb49923) mem 0x8000d800 0x0000
core   0: 0x80000c0c (0x036aaab3) mulhsu  s5, s5, s6
core   0: 3 0x80000c0c (0x036aaab3) x21 0xffffffed
core   0: 0x80000c10 (0xff149e23) sh      a7, -4(s1)
core   0: 3 0x80000c10 (0xff149e23) mem 0x8000d80a 0x0000
core   0: 0x80000c14 (0x00948123) sb      s1, 2(s1)
core   0: 3 0x80000c14 (0x00948123) mem 0x8000d810 0xe
core   0: 0x80000c18 (0x0176d993) srli    s3, a3, 23
core   0: 3 0x80000c18 (0x0176d993) x19 0x00000111
core   0: 0x80000c1c (0xfeb48d23) sb      a1, -6(s1)
core   0: 3 0x80000c1c (0xfeb48d23) mem 0x8000d808 0x0
core   0: 0x80000c20 (0x002e1c13) slli    s8, t3, 2
core   0: 3 0x80000c20 (0x002e1c13) x24 0xfff64c70
core   0: 0x80000c24 (0xc6fe6593) ori     a1, t3, -913
core   0: 3 0x80000c24 (0xc6fe6593) x11 0xffffff7f
core   0: 0x80000c28 (0x000013fd) c.addi  t2, -1
core   0: 3 0x80000c28 (0x13fd) x 7 0x4077f2f2
core   0: 0x80000c2a (0x00004d29) c.li    s10, 10
core   0: 3 0x80000c2a (0x4d29) x26 0x0000000a
core   0: 0x80000c2c (0x41b7d593) srai    a1, a5, 27
core   0: 3 0x80000c2c (0x41b7d593) x11 0x00000000
core   0: 0x80000c30 (0xfec49d23) sh      a2, -6(s1)
core   0: 3 0x80000c30 (0xfec49d23) mem 0x8000d808 0xfaea
core   0: 0x80000c34 (0x00008fbd) c.xor   a5, a5
core   0: 3 0x80000c34 (0x8fbd) x15 0x00000000
core   0: 0x80000c36 (0x019d8e33) add     t3, s11, s9
core   0: 3 0x80000c36 (0x019d8e33) x28 0xcdea7a1b
core   0: 0x80000c3a (0xff448983) lb      s3, -12(s1)
core   0: 3 0x80000c3a (0xff448983) x19 0xfffffff9 mem 0x8000d802
core   0: 0x80000c3e (0x00a48b83) lb      s7, 10(s1)
core   0: 3 0x80000c3e (0x00a48b83) x23 0x0000004c mem 0x8000d818
core   0: 0x80000c42 (0xffb48303) lb      t1, -5(s1)
core   0: 3 0x80000c42 (0xffb48303) x 6 0xfffffffa mem 0x8000d809
core   0: 0x80000c46 (0x0ff0000f) fence   iorw,iorw
core   0: 3 0x80000c46 (0x0ff0000f)
core   0: 0x80000c4a (0xffb489a3) sb      s11, -13(s1)
core   0: 3 0x80000c4a (0xffb489a3) mem 0x8000d801 0x28
core   0: 0x80000c4e (0x00448f03) lb      t5, 4(s1)
core   0: 3 0x80000c4e (0x00448f03) x30 0xffffffa9 mem 0x8000d812
core   0: 0x80000c52 (0x03968533) mul     a0, a3, s9
core   0: 3 0x80000c52 (0x03968533) x10 0x04fcdd32
core   0: 0x80000c56 (0x01f2d393) srli    t2, t0, 31
core   0: 3 0x80000c56 (0x01f2d393) x 7 0x00000001
core   0: 0x80000c5a (0x00008919) c.andi  a0, 6
core   0: 3 0x80000c5a (0x8919) x10 0x00000002
core   0: 0x80000c5c (0x03df49b3) div     s3, t5, t4
core   0: 3 0x80000c5c (0x03df49b3) x19 0x00000057
core   0: 0x80000c60 (0x00006ce5) c.lui   s9, 0x19
core   0: 3 0x80000c60 (0x6ce5) x25 0x00019000
core   0: 0x80000c62 (0xff748303) lb      t1, -9(s1)
core   0: 3 0x80000c62 (0xff748303) x 6 0xfffffff2 mem 0x8000d805
core   0: 0x80000c66 (0x0000d517) auipc   a0, 0xd
core   0: 3 0x80000c66 (0x0000d517) x10 0x8000dc66
core   0: 0x80000c6a (0xf8350513) addi    a0, a0, -125
core   0: 3 0x80000c6a (0xf8350513) x10 0x8000dbe9
core   0: 0x80000c6e (0x06250903) lb      s2, 98(a0)
core   0: 3 0x80000c6e (0x06250903) x18 0x0000006d mem 0x8000dc4b
core   0: 0x80000c72 (0xf36512a3) sh      s6, -219(a0)
core   0: 3 0x80000c72 (0xf36512a3) mem 0x8000db0e 0x0032
core   0: 0x80000c76 (0x03b38e33) mul     t3, t2, s11
core   0: 3 0x80000c76 (0x03b38e33) x28 0xcdea7928
core   0: 0x80000c7a (0x00009196) c.add   gp, t0
core   0: 3 0x80000c7a (0x9196) x 3 0x0000015c
core   0: 0x80000c7c (0x097509a3) sb      s7, 147(a0)
core   0: 3 0x80000c7c (0x097509a3) mem 0x8000dc7c 0x4c
core   0: 0x80000c80 (0xf2355e03) lhu     t3, -221(a0)
core   0: 3 0x80000c80 (0xf2355e03) x28 0x0000b399 mem 0x8000db0c
core   0: 0x80000c84 (0x00000001) c.nop
core   0: 3 0x80000c84 (0x0001)
core   0: 0x80000c86 (0x0f450d23) sb      s4, 250(a0)
core   0: 3 0x80000c86 (0x0f450d23) mem 0x8000dce3 0x50
core   0: 0x80000c8a (0x05f504a3) sb      t6, 73(a0)
core   0: 3 0x80000c8a (0x05f504a3) mem 0x8000dc32 0x11
core   0: 0x80000c8e (0xf7754083) lbu     ra, -137(a0)
core   0: 3 0x80000c8e (0xf7754083) x 1 0x0000001a mem 0x8000db60
core   0: 0x80000c92 (0x000088c9) c.andi  s1, 18
core   0: 3 0x80000c92 (0x88c9) x 9 0x00000002
core   0: 0x80000c94 (0x411dd913) srai    s2, s11, 17
core   0: 3 0x80000c94 (0x411dd913) x18 0xffffe6f5
core   0: 0x80000c98 (0x000000b5) c.addi  ra, 13
core   0: 3 0x80000c98 (0x00b5) x 1 0x00000027
core   0: 0x80000c9a (0xfd350e23) sb      s3, -36(a0)
core   0: 3 0x80000c9a (0xfd350e23) mem 0x8000dbc5 0x57
core   0: 0x80000c9e (0x01563bb3) sltu    s7, a2, s5
core   0: 3 0x80000c9e (0x01563bb3) x23 0x00000001
core   0: 0x80000ca2 (0xf1151d03) lh      s10, -239(a0)
core   0: 3 0x80000ca2 (0xf1151d03) x26 0xffffce3c mem 0x8000dafa
core   0: 0x80000ca6 (0x00000001) c.nop
core   0: 3 0x80000ca6 (0x0001)
core   0: 0x80000ca8 (0x00000631) c.addi  a2, 12
core   0: 3 0x80000ca8 (0x0631) x12 0xfffffaf6
core   0: 0x80000caa (0xf2654583) lbu     a1, -218(a0)
core   0: 3 0x80000caa (0xf2654583) x11 0x00000000 mem 0x8000db0f
core   0: 0x80000cae (0x08654c83) lbu     s9, 134(a0)
core   0: 3 0x80000cae (0x08654c83) x25 0x000000e3 mem 0x8000dc6f
core   0: 0x80000cb2 (0x03b52a03) lw      s4, 59(a0)
core   0: 3 0x80000cb2 (0x03b52a03) x20 0x3dc5a839 mem 0x8000dc24
core   0: 0x80000cb6 (0x0fe50e23) sb      t5, 252(a0)
core   0: 3 0x80000cb6 (0x0fe50e23) mem 0x8000dce5 0xa9
core   0: 0x80000cba (0x01b55383) lhu     t2, 27(a0)
core   0: 3 0x80000cba (0x01b55383) x 7 0x0000b3bd mem 0x8000dc04
core   0: 0x80000cbe (0x032a4033) div     zero, s4, s2
core   0: 3 0x80000cbe (0x032a4033)
core   0: 0x80000cc2 (0xf0854d83) lbu     s11, -248(a0)
core   0: 3 0x80000cc2 (0xf0854d83) x27 0x0000008d mem 0x8000daf1
core   0: 0x80000cc6 (0xfb151ca3) sh      a7, -71(a0)
core   0: 3 0x80000cc6 (0xfb151ca3) mem 0x8000dba2 0x0000
core   0: 0x80000cca (0x08e50a03) lb      s4, 142(a0)
core   0: 3 0x80000cca (0x08e50a03) x20 0xfffffffb mem 0x8000dc77
core   0: 0x80000cce (0xf8a54003) lbu     zero, -118(a0)
core   0: 3 0x80000cce (0xf8a54003) mem 0x8000db73
core   0: 0x80000cd2 (0xf7550823) sb      s5, -144(a0)
core   0: 3 0x80000cd2 (0xf7550823) mem 0x8000db59 0xed
core   0: 0x80000cd6 (0x407ad793) srai    a5, s5, 7
core   0: 3 0x80000cd6 (0x407ad793) x15 0xffffffff
core   0: 0x80000cda (0x0000893e) c.mv    s2, a5
core   0: 3 0x80000cda (0x893e) x18 0xffffffff
core   0: 0x80000cdc (0x0000860d) c.srai  a2, 3
core   0: 3 0x80000cdc (0x860d) x12 0xffffff5e
core   0: 0x80000cde (0xf3554703) lbu     a4, -203(a0)
core   0: 3 0x80000cde (0xf3554703) x14 0x0000006f mem 0x8000db1e
core   0: 0x80000ce2 (0x03f4b033) mulhu   zero, s1, t6
core   0: 3 0x80000ce2 (0x03f4b033)
core   0: 0x80000ce6 (0x06955383) lhu     t2, 105(a0)
core   0: 3 0x80000ce6 (0x06955383) x 7 0x00008515 mem 0x8000dc52
core   0: 0x80000cea (0x06850903) lb      s2, 104(a0)
core   0: 3 0x80000cea (0x06850903) x18 0xffffff9e mem 0x8000dc51
core   0: 0x80000cee (0x01654683) lbu     a3, 22(a0)
core   0: 3 0x80000cee (0x01654683) x13 0x000000ba mem 0x8000dbff
core   0: 0x80000cf2 (0x00004689) c.li    a3, 2
core   0: 3 0x80000cf2 (0x4689) x13 0x00000002
core   0: 0x80000cf4 (0xf5450c03) lb      s8, -172(a0)
core   0: 3 0x80000cf4 (0xf5450c03) x24 0xffffffcd mem 0x8000db3d
core   0: 0x80000cf8 (0x01b50f23) sb      s11, 30(a0)
core   0: 3 0x80000cf8 (0x01b50f23) mem 0x8000dc07 0x8d
core   0: 0x80000cfc (0x607c1417) auipc   s0, 0x607c1
core   0: 3 0x80000cfc (0x607c1417) x 8 0xe07c1cfc
core   0: 0x80000d00 (0x01099033) sll     zero, s3, a6
core   0: 3 0x80000d00 (0x01099033)
core   0: 0x80000d04 (0x08a50523) sb      a0, 138(a0)
core   0: 3 0x80000d04 (0x08a50523) mem 0x8000dc73 0xe9
core   0: 0x80000d08 (0xfca54903) lbu     s2, -54(a0)
core   0: 3 0x80000d08 (0xfca54903) x18 0x0000007f mem 0x8000dbb3
core   0: 0x80000d0c (0xf8351003) lh      zero, -125(a0)
core   0: 3 0x80000d0c (0xf8351003) mem 0x8000db6c
core   0: 0x80000d10 (0x0115c633) xor     a2, a1, a7
core   0: 3 0x80000d10 (0x0115c633) x12 0x00000000
core   0: 0x80000d14 (0x0251f333) remu    t1, gp, t0
core   0: 3 0x80000d14 (0x0251f333) x 6 0x0000015c
core   0: 0x80000d18 (0xfab50f23) sb      a1, -66(a0)
core   0: 3 0x80000d18 (0xfab50f23) mem 0x8000dba7 0x0
core   0: 0x80000d1c (0x2f912b93) slti    s7, sp, 761
core   0: 3 0x80000d1c (0x2f912b93) x23 0x00000001
core   0: 0x80000d20 (0x03f9a6b3) mulhsu  a3, s3, t6
core   0: 3 0x80000d20 (0x03f9a6b3) x13 0x00000056
core   0: 0x80000d24 (0x01cc85b3) add     a1, s9, t3
core   0: 3 0x80000d24 (0x01cc85b3) x11 0x0000b47c
core   0: 0x80000d28 (0xa0a0f593) andi    a1, ra, -1526
core   0: 3 0x80000d28 (0xa0a0f593) x11 0x00000002
core   0: 0x80000d2c (0x2d2a2313) slti    t1, s4, 722
core   0: 3 0x80000d2c (0x2d2a2313) x 6 0x00000001
core   0: 0x80000d30 (0x0050c263) blt     ra, t0, pc + 4
core   0: 3 0x80000d30 (0x0050c263)
core   0: 0x80000d34 (0x00008c6d) c.and   s0, a1
core   0: 3 0x80000d34 (0x8c6d) x 8 0x00000000
core   0: 0x80000d36 (0x00008c59) c.or    s0, a4
core   0: 3 0x80000d36 (0x8c59) x 8 0x0000006f
core   0: 0x80000d38 (0xea18ebb7) lui     s7, 0xea18e
core   0: 3 0x80000d38 (0xea18ebb7) x23 0xea18e000
core   0: 0x80000d3c (0x03b288b3) mul     a7, t0, s11
core   0: 3 0x80000d3c (0x03b288b3) x17 0x81338d14
core   0: 0x80000d40 (0x005b91b3) sll     gp, s7, t0
core   0: 3 0x80000d40 (0x005b91b3) x 3 0xa18e0000
core   0: 0x80000d44 (0x0385afb3) mulhsu  t6, a1, s8
core   0: 3 0x80000d44 (0x0385afb3) x31 0x00000001
core   0: 0x80000d48 (0x01f11513) slli    a0, sp, 31
core   0: 3 0x80000d48 (0x01f11513) x10 0x00000000
core   0: 0x80000d4c (0x03f9a0b3) mulhsu  ra, s3, t6
core   0: 3 0x80000d4c (0x03f9a0b3) x 1 0x00000000
core   0: 0x80000d50 (0x00006a0d) c.lui   s4, 0x3
core   0: 3 0x80000d50 (0x6a0d) x20 0x00003000
core   0: 0x80000d52 (0x0ff0000f) fence   iorw,iorw
core   0: 3 0x80000d52 (0x0ff0000f)
core   0: 0x80000d56 (0x2209ec93) ori     s9, s3, 544
core   0: 3 0x80000d56 (0x2209ec93) x25 0x00000277
core   0: 0x80000d5a (0x0ff0000f) fence   iorw,iorw
core   0: 3 0x80000d5a (0x0ff0000f)
core   0: 0x80000d5e (0x0000cc89) c.beqz  s1, pc + 26
core   0: 3 0x80000d5e (0xcc89)
core   0: 0x80000d60 (0x026a48b3) div     a7, s4, t1
core   0: 3 0x80000d60 (0x026a48b3) x17 0x00003000
core   0: 0x80000d64 (0x008b8d33) add     s10, s7, s0
core   0: 3 0x80000d64 (0x008b8d33) x26 0xea18e06f
core   0: 0x80000d68 (0x00000aa6) c.slli  s5, 9
core   0: 3 0x80000d68 (0x0aa6) x21 0xffffda00
core   0: 0x80000d6a (0x00008c2d) c.xor   s0, a1
core   0: 3 0x80000d6a (0x8c2d) x 8 0x0000006d
core   0: 0x80000d6c (0x01a2a433) slt     s0, t0, s10
core   0: 3 0x80000d6c (0x01a2a433) x 8 0x00000001
core   0: 0x80000d70 (0x03f2c433) div     s0, t0, t6
core   0: 3 0x80000d70 (0x03f2c433) x 8 0x80022e64
core   0: 0x80000d74 (0x0ff0000f) fence   iorw,iorw
core   0: 3 0x80000d74 (0x0ff0000f)
core   0: 0x80000d78 (0x03c4c3b3) div     t2, s1, t3
core   0: 3 0x80000d78 (0x03c4c3b3) x 7 0x00000000
core   0: 0x80000d7c (0x00c307b3) add     a5, t1, a2
core   0: 3 0x80000d7c (0x00c307b3) x15 0x00000001
core   0: 0x80000d80 (0x0000100f) fence.i
core   0: 3 0x80000d80 (0x0000100f)
core   0: 0x80000d84 (0x00006e2d) c.lui   t3, 0xb
core   0: 3 0x80000d84 (0x6e2d) x28 0x0000b000
core   0: 0x80000d86 (0x022d2433) mulhsu  s0, s10, sp
core   0: 3 0x80000d86 (0x022d2433) x 8 0xfffffffe
core   0: 0x80000d8a (0x00000001) c.nop
core   0: 3 0x80000d8a (0x0001)
core   0: 0x80000d8c (0x00976e33) or      t3, a4, s1
core   0: 3 0x80000d8c (0x00976e33) x28 0x0000006f
core   0: 0x80000d90 (0x00dd3833) sltu    a6, s10, a3
core   0: 3 0x80000d90 (0x00dd3833) x16 0x00000000
core   0: 0x80000d94 (0x018e1c63) bne     t3, s8, pc + 24
core   0: 3 0x80000d94 (0x018e1c63)
core   0: 0x80000dac (0x0ff0000f) fence   iorw,iorw
core   0: 3 0x80000dac (0x0ff0000f)
core   0: 0x80000db0 (0x00008545) c.srai  a0, 17
core   0: 3 0x80000db0 (0x8545) x10 0x00000000
core   0: 0x80000db2 (0x00004349) c.li    t1, 18
core   0: 3 0x80000db2 (0x4349) x 6 0x00000012
core   0: 0x80000db4 (0x00008c41) c.or    s0, s0
core   0: 3 0x80000db4 (0x8c41) x 8 0xfffffffe
core   0: 0x80000db6 (0x03091033) mulh    zero, s2, a6
core   0: 3 0x80000db6 (0x03091033)
core   0: 0x80000dba (0x00008e9d) c.sub   a3, a5
core   0: 3 0x80000dba (0x8e9d) x13 0x00000055
core   0: 0x80000dbc (0x00000001) c.nop
core   0: 3 0x80000dbc (0x0001)
core   0: 0x80000dbe (0x02962eb3) mulhsu  t4, a2, s1
core   0: 3 0x80000dbe (0x02962eb3) x29 0x00000000
core   0: 0x80000dc2 (0x03fc1733) mulh    a4, s8, t6
core   0: 3 0x80000dc2 (0x03fc1733) x14 0xffffffff
core   0: 0x80000dc6 (0x0348d963) bge     a7, s4, pc + 50
core   0: 3 0x80000dc6 (0x0348d963)
core   0: 0x80000df8 (0x40768bb3) sub     s7, a3, t2
core   0: 3 0x80000df8 (0x40768bb3) x23 0x00000055
core   0: 0x80000dfc (0x0000dd97) auipc   s11, 0xd
core   0: 3 0x80000dfc (0x0000dd97) x27 0x8000ddfc
core   0: 0x80000e00 (0xf18d8d93) addi    s11, s11, -232
core   0: 3 0x80000e00 (0xf18d8d93) x27 0x8000dd14
core   0: 0x80000e04 (0xf44d83a3) sb      tp, -185(s11)
core   0: 3 0x80000e04 (0xf44d83a3) mem 0x8000dc5b 0xe4
core   0: 0x80000e08 (0x0ff0000f) fence   iorw,iorw
core   0: 3 0x80000e08 (0x0ff0000f)
core   0: 0x80000e0c (0x00006369) c.lui   t1, 0x1a
core   0: 3 0x80000e0c (0x6369) x 6 0x0001a000
core   0: 0x80000e0e (0x01a86f33) or      t5, a6, s10
core   0: 3 0x80000e0e (0x01a86f33) x30 0xea18e06f
core   0: 0x80000e12 (0x00008d89) c.sub   a1, a0
core   0: 3 0x80000e12 (0x8d89) x11 0x00000002
core   0: 0x80000e14 (0x00009c66) c.add   s8, s9
core   0: 3 0x80000e14 (0x9c66) x24 0x00000244
core   0: 0x80000e16 (0x294d8723) sb      s4, 654(s11)
core   0: 3 0x80000e16 (0x294d8723) mem 0x8000dfa2 0x0
core   0: 0x80000e1a (0x032c4a33) div     s4, s8, s2
core   0: 3 0x80000e1a (0x032c4a33) x20 0x00000004
core   0: 0x80000e1e (0x60ae3893) sltiu   a7, t3, 1546
core   0: 3 0x80000e1e (0x60ae3893) x17 0x00000001
core   0: 0x80000e22 (0x02571933) mulh    s2, a4, t0
core   0: 3 0x80000e22 (0x02571933) x18 0x00000000
core   0: 0x80000e26 (0x41845333) sra     t1, s0, s8
core   0: 3 0x80000e26 (0x41845333) x 6 0xffffffff
core   0: 0x80000e2a (0x01d78a33) add     s4, a5, t4
core   0: 3 0x80000e2a (0x01d78a33) x20 0x00000001
core   0: 0x80000e2e (0x01fcc1b3) xor     gp, s9, t6
core   0: 3 0x80000e2e (0x01fcc1b3) x 3 0x00000276
core   0: 0x80000e32 (0x03c0e333) rem     t1, ra, t3
core   0: 3 0x80000e32 (0x03c0e333) x 6 0x00000000
core   0: 0x80000e36 (0xda1d8fa3) sb      ra, -577(s11)
core   0: 3 0x80000e36 (0xda1d8fa3) mem 0x8000dad3 0x0
core   0: 0x80000e3a (0x1aed8c03) lb      s8, 430(s11)
core   0: 3 0x80000e3a (0x1aed8c03) x24 0xffffffc8 mem 0x8000dec2
core   0: 0x80000e3e (0x0000100f) fence.i
core   0: 3 0x80000e3e (0x0000100f)
core   0: 0x80000e42 (0xb99d84a3) sb      s9, -1143(s11)
core   0: 3 0x80000e42 (0xb99d84a3) mem 0x8000d89d 0x77
core   0: 0x80000e46 (0x000016fd) c.addi  a3, -1
core   0: 3 0x80000e46 (0x16fd) x13 0x00000054
core   0: 0x80000e48 (0xd6dd8c23) sb      a3, -648(s11)
core   0: 3 0x80000e48 (0xd6dd8c23) mem 0x8000da8c 0x54
core   0: 0x80000e4c (0x031ee633) rem     a2, t4, a7
core   0: 3 0x80000e4c (0x031ee633) x12 0x00000000
core   0: 0x80000e50 (0x016c51b3) srl     gp, s8, s6
core   0: 3 0x80000e50 (0x016c51b3) x 3 0x00003fff
core   0: 0x80000e54 (0x00008c3d) c.xor   s0, a5
core   0: 3 0x80000e54 (0x8c3d) x 8 0xffffffff
core   0: 0x80000e56 (0x000085ae) c.mv    a1, a1
core   0: 3 0x80000e56 (0x85ae) x11 0x00000002
core   0: 0x80000e58 (0x00000001) c.nop
core   0: 3 0x80000e58 (0x0001)
core   0: 0x80000e5a (0x000084ea) c.mv    s1, s10
core   0: 3 0x80000e5a (0x84ea) x 9 0xea18e06f
core   0: 0x80000e5c (0x854efd37) lui     s10, 0x854ef
core   0: 3 0x80000e5c (0x854efd37) x26 0x854ef000
core   0: 0x80000e60 (0x000044e5) c.li    s1, 25
core   0: 3 0x80000e60 (0x44e5) x 9 0x00000019
core   0: 0x80000e62 (0x03c947b3) div     a5, s2, t3
core   0: 3 0x80000e62 (0x03c947b3) x15 0x00000000
core   0: 0x80000e66 (0x25edc303) lbu     t1, 606(s11)
core   0: 3 0x80000e66 (0x25edc303) x 6 0x00000044 mem 0x8000df72
core   0: 0x80000e6a (0xdebd8603) lb      a2, -533(s11)
core   0: 3 0x80000e6a (0xdebd8603) x12 0xffffff9c mem 0x8000daff
core   0: 0x80000e6e (0x4f31c993) xori    s3, gp, 1267
core   0: 3 0x80000e6e (0x4f31c993) x19 0x00003b0c
core   0: 0x80000e72 (0x03bc6d33) rem     s10, s8, s11
core   0: 3 0x80000e72 (0x03bc6d33) x26 0xffffffc8
core   0: 0x80000e76 (0x868d9183) lh      gp, -1944(s11)
core   0: 3 0x80000e76 (0x868d9183) x 3 0xffff8b65 mem 0x8000d57c
core   0: 0x80000e7a (0xea1dc083) lbu     ra, -351(s11)
core   0: 3 0x80000e7a (0xea1dc083) x 1 0x0000002d mem 0x8000dbb5
core   0: 0x80000e7e (0x00008fd5) c.or    a5, a3
core   0: 3 0x80000e7e (0x8fd5) x15 0x00000054
core   0: 0x80000e80 (0x00000e8a) c.slli  t4, 2
core   0: 3 0x80000e80 (0x0e8a) x29 0x00000000
core   0: 0x80000e82 (0x4f51cb93) xori    s7, gp, 1269
core   0: 3 0x80000e82 (0x4f51cb93) x23 0xffff8f90
core   0: 0x80000e86 (0x023f36b3) mulhu   a3, t5, gp
core   0: 3 0x80000e86 (0x023f36b3) x13 0xea1875cd
core   0: 0x80000e8a (0x05575163) bge     a4, s5, pc + 66
core   0: 3 0x80000e8a (0x05575163)
core   0: 0x80000ecc (0x3e057593) andi    a1, a0, 992
core   0: 3 0x80000ecc (0x3e057593) x11 0x00000000
core   0: 0x80000ed0 (0x01d40e63) beq     s0, t4, pc + 28
core   0: 3 0x80000ed0 (0x01d40e63)
core   0: 0x80000ed4 (0x0ba40fb7) lui     t6, 0xba40
core   0: 3 0x80000ed4 (0x0ba40fb7) x31 0x0ba40000
core   0: 0x80000ed8 (0x043ae263) bltu    s5, gp, pc + 68
core   0: 3 0x80000ed8 (0x043ae263)
core   0: 0x80000edc (0x0106b033) sltu    zero, a3, a6
core   0: 3 0x80000edc (0x0106b033)
core   0: 0x80000ee0 (0x40755eb3) sra     t4, a0, t2
core   0: 3 0x80000ee0 (0x40755eb3) x29 0x00000000
core   0: 0x80000ee4 (0x0000100f) fence.i
core   0: 3 0x80000ee4 (0x0000100f)
core   0: 0x80000ee8 (0x0140df13) srli    t5, ra, 20
core   0: 3 0x80000ee8 (0x0140df13) x30 0x00000000
core   0: 0x80000eec (0x41305093) srai    ra, zero, 19
core   0: 3 0x80000eec (0x41305093) x 1 0x00000000
core   0: 0x80000ef0 (0x00229963) bne     t0, sp, pc + 18
core   0: 3 0x80000ef0 (0x00229963)
core   0: 0x80000f02 (0x034484b3) mul     s1, s1, s4
core   0: 3 0x80000f02 (0x034484b3) x 9 0x00000019
core   0: 0x80000f06 (0x4c414b93) xori    s7, sp, 1220
core   0: 3 0x80000f06 (0x4c414b93) x23 0x000004c8
core   0: 0x80000f0a (0x7ab87013) andi    zero, a6, 1963
core   0: 3 0x80000f0a (0x7ab87013)
core   0: 0x80000f0e (0x000016fd) c.addi  a3, -1
core   0: 3 0x80000f0e (0x16fd) x13 0xea1875cc
core   0: 0x80000f10 (0x038484b3) mul     s1, s1, s8
core   0: 3 0x80000f10 (0x038484b3) x 9 0xfffffa88
core   0: 0x80000f14 (0x0000100f) fence.i
core   0: 3 0x80000f14 (0x0000100f)
core   0: 0x80000f18 (0x0d054663) blt     a0, a6, pc + 204
core   0: 3 0x80000f18 (0x0d054663)
core   0: 0x80000f1c (0x36b37493) andi    s1, t1, 875
core   0: 3 0x80000f1c (0x36b37493) x 9 0x00000040
core   0: 0x80000f20 (0x0000c109) c.beqz  a0, pc + 2
core   0: 3 0x80000f20 (0xc109)
core   0: 0x80000f22 (0x0000c269) c.beqz  a2, pc + 194
core   0: 3 0x80000f22 (0xc269)
core   0: 0x80000f24 (0x025ca4b3) mulhsu  s1, s9, t0
core   0: 3 0x80000f24 (0x025ca4b3) x 9 0x0000013b
core   0: 0x80000f28 (0x02aeb833) mulhu   a6, t4, a0
core   0: 3 0x80000f28 (0x02aeb833) x16 0x00000000
core   0: 0x80000f2c (0x0d207963) bgeu    zero, s2, pc + 210
core   0: 3 0x80000f2c (0x0d207963)
core   0: 0x80000ffe (0x02633733) mulhu   a4, t1, t1
core   0: 3 0x80000ffe (0x02633733) x14 0x00000000
core   0: 0x80001002 (0x00d6f863) bgeu    a3, a3, pc + 16
core   0: 3 0x80001002 (0x00d6f863)
core   0: 0x80001012 (0x03f34633) div     a2, t1, t6
core   0: 3 0x80001012 (0x03f34633) x12 0x00000000
core   0: 0x80001016 (0x025c16b3) mulh    a3, s8, t0
core   0: 3 0x80001016 (0x025c16b3) x13 0x0000001b
core   0: 0x8000101a (0x0081bdb3) sltu    s11, gp, s0
core   0: 3 0x8000101a (0x0081bdb3) x27 0x00000001
core   0: 0x8000101e (0x0110fb63) bgeu    ra, a7, pc + 22
core   0: 3 0x8000101e (0x0110fb63)
core   0: 0x80001022 (0x00429f33) sll     t5, t0, tp
core   0: 3 0x80001022 (0x00429f33) x30 0x0022e640
core   0: 0x80001026 (0x00000001) c.nop
core   0: 3 0x80001026 (0x0001)
core   0: 0x80001028 (0x035d7eb3) remu    t4, s10, s5
core   0: 3 0x80001028 (0x035d7eb3) x29 0x000025c8
core   0: 0x8000102c (0x00681b33) sll     s6, a6, t1
core   0: 3 0x8000102c (0x00681b33) x22 0x00000000
core   0: 0x80001030 (0x01bbdf93) srli    t6, s7, 27
core   0: 3 0x80001030 (0x01bbdf93) x31 0x00000000
core   0: 0x80001034 (0x00008a59) c.andi  a2, 22
core   0: 3 0x80001034 (0x8a59) x12 0x00000000
core   0: 0x80001036 (0x02ed0833) mul     a6, s10, a4
core   0: 3 0x80001036 (0x02ed0833) x16 0x00000000
core   0: 0x8000103a (0x03798d63) beq     s3, s7, pc + 58
core   0: 3 0x8000103a (0x03798d63)
core   0: 0x8000103e (0x0000100f) fence.i
core   0: 3 0x8000103e (0x0000100f)
core   0: 0x80001042 (0x01926933) or      s2, tp, s9
core   0: 3 0x80001042 (0x01926933) x18 0x80026ef7
core   0: 0x80001046 (0x0000e329) c.bnez  a4, pc + 66
core   0: 3 0x80001046 (0xe329)
core   0: 0x80001048 (0x394bd817) auipc   a6, 0x394bd
core   0: 3 0x80001048 (0x394bd817) x16 0xb94be048
core   0: 0x8000104c (0x36cacf93) xori    t6, s5, 876
core   0: 3 0x8000104c (0x36cacf93) x31 0xffffd96c
core   0: 0x80001050 (0x8d6a1eb7) lui     t4, 0x8d6a1
core   0: 3 0x80001050 (0x8d6a1eb7) x29 0x8d6a1000
core   0: 0x80001054 (0x0115ed63) bltu    a1, a7, pc + 26
core   0: 3 0x80001054 (0x0115ed63)
core   0: 0x8000106e (0x00000096) c.slli  ra, 5
core   0: 3 0x8000106e (0x0096) x 1 0x00000000
core   0: 0x80001070 (0x01554b63) blt     a0, s5, pc + 22
core   0: 3 0x80001070 (0x01554b63)
core   0: 0x80001074 (0x00fcf333) and     t1, s9, a5
core   0: 3 0x80001074 (0x00fcf333) x 6 0x00000054
core   0: 0x80001078 (0x00004e69) c.li    t3, 26
core   0: 3 0x80001078 (0x4e69) x28 0x0000001a
core   0: 0x8000107a (0x023664b3) rem     s1, a2, gp
core   0: 3 0x8000107a (0x023664b3) x 9 0x00000000
core   0: 0x8000107e (0x5c996013) ori     zero, s2, 1481
core   0: 3 0x8000107e (0x5c996013)
core   0: 0x80001082 (0x0000100f) fence.i
core   0: 3 0x80001082 (0x0000100f)
core   0: 0x80001086 (0x00001ffd) c.addi  t6, -1
core   0: 3 0x80001086 (0x1ffd) x31 0xffffd96b
core   0: 0x80001088 (0x00008586) c.mv    a1, ra
core   0: 3 0x80001088 (0x8586) x11 0x00000000
core   0: 0x8000108a (0x00008e41) c.or    a2, s0
core   0: 3 0x8000108a (0x8e41) x12 0xffffffff
core   0: 0x8000108c (0x41e58933) sub     s2, a1, t5
core   0: 3 0x8000108c (0x41e58933) x18 0xffdd19c0
core   0: 0x80001090 (0x00e8d263) bge     a7, a4, pc + 4
core   0: 3 0x80001090 (0x00e8d263)
core   0: 0x80001094 (0x00acf763) bgeu    s9, a0, pc + 14
core   0: 3 0x80001094 (0x00acf763)
core   0: 0x800010a2 (0x034601b3) mul     gp, a2, s4
core   0: 3 0x800010a2 (0x034601b3) x 3 0xffffffff
core   0: 0x800010a6 (0x00000001) c.nop
core   0: 3 0x800010a6 (0x0001)
core   0: 0x800010a8 (0x0000cd8d) c.beqz  a1, pc + 58
core   0: 3 0x800010a8 (0xcd8d)
core   0: 0x800010e2 (0x00000001) c.nop
core   0: 3 0x800010e2 (0x0001)
core   0: 0x800010e4 (0x0000ef81) c.bnez  a5, pc + 24
core   0: 3 0x800010e4 (0xef81)
core   0: 0x800010fc (0x00008f39) c.xor   a4, a4
core   0: 3 0x800010fc (0x8f39) x14 0x00000000
core   0: 0x800010fe (0x01303333) snez    t1, s3
core   0: 3 0x800010fe (0x01303333) x 6 0x00000001
core   0: 0x80001102 (0xb1b46a37) lui     s4, 0xb1b46
core   0: 3 0x80001102 (0xb1b46a37) x20 0xb1b46000
core   0: 0x80001106 (0x03649e63) bne     s1, s6, pc + 60
core   0: 3 0x80001106 (0x03649e63)
core   0: 0x8000110a (0x03ba29b3) mulhsu  s3, s4, s11
core   0: 3 0x8000110a (0x03ba29b3) x19 0xffffffff
core   0: 0x8000110e (0x29a03093) sltiu   ra, zero, 666
core   0: 3 0x8000110e (0x29a03093) x 1 0x00000001
core   0: 0x80001112 (0x00000001) c.nop
core   0: 3 0x80001112 (0x0001)
core   0: 0x80001114 (0x009de633) or      a2, s11, s1
core   0: 3 0x80001114 (0x009de633) x12 0x00000001
core   0: 0x80001118 (0x1cb28913) addi    s2, t0, 459
core   0: 3 0x80001118 (0x1cb28913) x18 0x8002302f
core   0: 0x8000111c (0x00fc1813) slli    a6, s8, 15
core   0: 3 0x8000111c (0x00fc1813) x16 0xffe40000
core   0: 0x80001120 (0x00008835) c.andi  s0, 13
core   0: 3 0x80001120 (0x8835) x 8 0x0000000d
core   0: 0x80001122 (0x0325dbb3) divu    s7, a1, s2
core   0: 3 0x80001122 (0x0325dbb3) x23 0x00000000
core   0: 0x80001126 (0x01bdce33) xor     t3, s11, s11
core   0: 3 0x80001126 (0x01bdce33) x28 0x00000000
core   0: 0x8000112a (0x034cee33) rem     t3, s9, s4
core   0: 3 0x8000112a (0x034cee33) x28 0x00000277
core   0: 0x8000112e (0x0080ba33) sltu    s4, ra, s0
core   0: 3 0x8000112e (0x0080ba33) x20 0x00000001
core   0: 0x80001132 (0x02be6263) bltu    t3, a1, pc + 36
core   0: 3 0x80001132 (0x02be6263)
core   0: 0x80001136 (0x00e57763) bgeu    a0, a4, pc + 14
core   0: 3 0x80001136 (0x00e57763)
core   0: 0x80001144 (0x93befd13) andi    s10, t4, -1733
core   0: 3 0x80001144 (0x93befd13) x26 0x8d6a1000
core   0: 0x80001148 (0x40a78b33) sub     s6, a5, a0
core   0: 3 0x80001148 (0x40a78b33) x22 0x00000054
core   0: 0x8000114c (0x0349f0b3) remu    ra, s3, s4
core   0: 3 0x8000114c (0x0349f0b3) x 1 0x00000000
core   0: 0x80001150 (0x02fd86b3) mul     a3, s11, a5
core   0: 3 0x80001150 (0x02fd86b3) x13 0x00000054
core   0: 0x80001154 (0x00004671) c.li    a2, 28
core   0: 3 0x80001154 (0x4671) x12 0x0000001c
core   0: 0x80001156 (0x10d24913) xori    s2, tp, 269
core   0: 3 0x80001156 (0x10d24913) x18 0x80026de9
core   0: 0x8000115a (0x039fcc33) div     s8, t6, s9
core   0: 3 0x8000115a (0x039fcc33) x24 0xfffffff1
core   0: 0x8000115e (0x02cb5d33) divu    s10, s6, a2
core   0: 3 0x8000115e (0x02cb5d33) x26 0x00000003
core   0: 0x80001162 (0x02b4a433) mulhsu  s0, s1, a1
core   0: 3 0x80001162 (0x02b4a433) x 8 0x00000000
core   0: 0x80001166 (0x6787b893) sltiu   a7, a5, 1656
core   0: 3 0x80001166 (0x6787b893) x17 0x00000001
core   0: 0x8000116a (0x00008cf9) c.and   s1, a4
core   0: 3 0x8000116a (0x8cf9) x 9 0x00000000
core   0: 0x8000116c (0x02d1a733) mulhsu  a4, gp, a3
core   0: 3 0x8000116c (0x02d1a733) x14 0xffffffff
core   0: 0x80001170 (0x00006331) c.lui   t1, 0xc
core   0: 3 0x80001170 (0x6331) x 6 0x0000c000
core   0: 0x80001172 (0x0356f863) bgeu    a3, s5, pc + 48
core   0: 3 0x80001172 (0x0356f863)
core   0: 0x80001176 (0x000080d1) c.srli  s1, 20
core   0: 3 0x80001176 (0x80d1) x 9 0x00000000
core   0: 0x80001178 (0x000089e1) c.andi  a1, 24
core   0: 3 0x80001178 (0x89e1) x11 0x00000000
core   0: 0x8000117a (0x00a75c93) srli    s9, a4, 10
core   0: 3 0x8000117a (0x00a75c93) x25 0x003fffff
core   0: 0x8000117e (0x0000100f) fence.i
core   0: 3 0x8000117e (0x0000100f)
core   0: 0x80001182 (0x0240f963) bgeu    ra, tp, pc + 50
core   0: 3 0x80001182 (0x0240f963)
core   0: 0x80001186 (0x00008ee1) c.and   a3, s0
core   0: 3 0x80001186 (0x8ee1) x13 0x00000000
core   0: 0x80001188 (0x00c3dc63) bge     t2, a2, pc + 24
core   0: 3 0x80001188 (0x00c3dc63)
core   0: 0x8000118c (0x036a7863) bgeu    s4, s6, pc + 48
core   0: 3 0x8000118c (0x036a7863)
core   0: 0x80001190 (0x00008f4d) c.or    a4, a1
core   0: 3 0x80001190 (0x8f4d) x14 0xffffffff
core   0: 0x80001192 (0x00008039) c.srli  s0, 14
core   0: 3 0x80001192 (0x8039) x 8 0x00000000
core   0: 0x80001194 (0x00008f99) c.sub   a5, a4
core   0: 3 0x80001194 (0x8f99) x15 0x00000055
core   0: 0x80001196 (0xaffefe13) andi    t3, t4, -1281
core   0: 3 0x80001196 (0xaffefe13) x28 0x8d6a1000
core   0: 0x8000119a (0x00aa4833) xor     a6, s4, a0
core   0: 3 0x8000119a (0x00aa4833) x16 0x00000001
core   0: 0x8000119e (0x00008f69) c.and   a4, a0
core   0: 3 0x8000119e (0x8f69) x14 0x00000000
core   0: 0x800011a0 (0x000007e6) c.slli  a5, 25
core   0: 3 0x800011a0 (0x07e6) x15 0xaa000000
core   0: 0x800011a2 (0x055f0063) beq     t5, s5, pc + 64
core   0: 3 0x800011a2 (0x055f0063)
core   0: 0x800011a6 (0xf7c78193) addi    gp, a5, -132
core   0: 3 0x800011a6 (0xf7c78193) x 3 0xa9ffff7c
core   0: 0x800011aa (0x00008e19) c.sub   a2, a4
core   0: 3 0x800011aa (0x8e19) x12 0x0000001c
core   0: 0x800011ac (0x617c24b7) lui     s1, 0x617c2
core   0: 3 0x800011ac (0x617c24b7) x 9 0x617c2000
core   0: 0x800011b0 (0x5e1f8737) lui     a4, 0x5e1f8
core   0: 3 0x800011b0 (0x5e1f8737) x14 0x5e1f8000
core   0: 0x800011b4 (0x000082d1) c.srli  a3, 20
core   0: 3 0x800011b4 (0x82d1) x13 0x00000000
core   0: 0x800011b6 (0x0261d833) divu    a6, gp, t1
core   0: 3 0x800011b6 (0x0261d833) x16 0x0000e2aa
core   0: 0x800011ba (0x00005a7d) c.li    s4, -1
core   0: 3 0x800011ba (0x5a7d) x20 0xffffffff
core   0: 0x800011bc (0x17147e97) auipc   t4, 0x17147
core   0: 3 0x800011bc (0x17147e97) x29 0x971481bc
core   0: 0x800011c0 (0x02a637b3) mulhu   a5, a2, a0
core   0: 3 0x800011c0 (0x02a637b3) x15 0x00000000
core   0: 0x800011c4 (0x0000c88d) c.beqz  s1, pc + 50
core   0: 3 0x800011c4 (0xc88d)
core   0: 0x800011c6 (0x00008295) c.srli  a3, 5
core   0: 3 0x800011c6 (0x8295) x13 0x00000000
core   0: 0x800011c8 (0x0000100f) fence.i
core   0: 3 0x800011c8 (0x0000100f)
core   0: 0x800011cc (0x01d40a33) add     s4, s0, t4
core   0: 3 0x800011cc (0x01d40a33) x20 0x971481bc
core   0: 0x800011d0 (0x03241f63) bne     s0, s2, pc + 62
core   0: 3 0x800011d0 (0x03241f63)
core   0: 0x8000120e (0x01371393) slli    t2, a4, 19
core   0: 3 0x8000120e (0x01371393) x 7 0x00000000
core   0: 0x80001212 (0x00008e4d) c.or    a2, a1
core   0: 3 0x80001212 (0x8e4d) x12 0x0000001c
core   0: 0x80001214 (0x028c6b33) rem     s6, s8, s0
core   0: 3 0x80001214 (0x028c6b33) x22 0xfffffff1
core   0: 0x80001218 (0x026b6d33) rem     s10, s6, t1
core   0: 3 0x80001218 (0x026b6d33) x26 0xfffffff1
core   0: 0x8000121c (0x017d7333) and     t1, s10, s7
core   0: 3 0x8000121c (0x017d7333) x 6 0x00000000
core   0: 0x80001220 (0x036f8c33) mul     s8, t6, s6
core   0: 3 0x80001220 (0x036f8c33) x24 0x000242bb
core   0: 0x80001224 (0x000061c5) c.lui   gp, 0x11
core   0: 3 0x80001224 (0x61c5) x 3 0x00011000
core   0: 0x80001226 (0x005f9c13) slli    s8, t6, 5
core   0: 3 0x80001226 (0x005f9c13) x24 0xfffb2d60
core   0: 0x8000122a (0x045d0463) beq     s10, t0, pc + 72
core   0: 3 0x8000122a (0x045d0463)
core   0: 0x8000122e (0x015df963) bgeu    s11, s5, pc + 18
core   0: 3 0x8000122e (0x015df963)
core   0: 0x80001232 (0x01ce8333) add     t1, t4, t3
core   0: 3 0x80001232 (0x01ce8333) x 6 0x247e91bc
core   0: 0x80001236 (0x02600e63) beq     zero, t1, pc + 60
core   0: 3 0x80001236 (0x02600e63)
core   0: 0x8000123a (0x00008e31) c.xor   a2, a2
core   0: 3 0x8000123a (0x8e31) x12 0x00000000
core   0: 0x8000123c (0x0000100f) fence.i
core   0: 3 0x8000123c (0x0000100f)
core   0: 0x80001240 (0x410f06b3) sub     a3, t5, a6
core   0: 3 0x80001240 (0x410f06b3) x13 0x00220396
core   0: 0x80001244 (0x03e2c633) div     a2, t0, t5
core   0: 3 0x80001244 (0x03e2c633) x12 0xfffffc56
core   0: 0x80001248 (0x02c8f1b3) remu    gp, a7, a2
core   0: 3 0x80001248 (0x02c8f1b3) x 3 0x00000001
core   0: 0x8000124c (0x00926933) or      s2, tp, s1
core   0: 3 0x8000124c (0x00926933) x18 0xe17e6ce4
core   0: 0x80001250 (0x018c1b63) bne     s8, s8, pc + 22
core   0: 3 0x80001250 (0x018c1b63)
core   0: 0x80001254 (0x41ca89b3) sub     s3, s5, t3
core   0: 3 0x80001254 (0x41ca89b3) x19 0x7295ca00
core   0: 0x80001258 (0xcd53cb93) xori    s7, t2, -811
core   0: 3 0x80001258 (0xcd53cb93) x23 0xfffffcd5
core   0: 0x8000125c (0x41425c13) srai    s8, tp, 20
core   0: 3 0x8000125c (0x41425c13) x24 0xfffff800
core   0: 0x80001260 (0x11693793) sltiu   a5, s2, 278
core   0: 3 0x80001260 (0x11693793) x15 0x00000000
core   0: 0x80001264 (0x00006415) c.lui   s0, 0x5
core   0: 3 0x80001264 (0x6415) x 8 0x00005000
core   0: 0x80001266 (0xe079b993) sltiu   s3, s3, -505
core   0: 3 0x80001266 (0xe079b993) x19 0x00000001
core   0: 0x8000126a (0xd3a03913) sltiu   s2, zero, -710
core   0: 3 0x8000126a (0xd3a03913) x18 0x00000001
core   0: 0x8000126e (0x0114dd13) srli    s10, s1, 17
core   0: 3 0x8000126e (0x0114dd13) x26 0x000030be
core   0: 0x80001272 (0x02b751b3) divu    gp, a4, a1
core   0: 3 0x80001272 (0x02b751b3) x 3 0xffffffff
core   0: 0x80001276 (0x00005efd) c.li    t4, -1
core   0: 3 0x80001276 (0x5efd) x29 0xffffffff
core   0: 0x80001278 (0x00f459b3) srl     s3, s0, a5
core   0: 3 0x80001278 (0x00f459b3) x19 0x00005000
core   0: 0x8000127c (0x01195d13) srli    s10, s2, 17
core   0: 3 0x8000127c (0x01195d13) x26 0x00000000
core   0: 0x80001280 (0x40058f33) sub     t5, a1, zero
core   0: 3 0x80001280 (0x40058f33) x30 0x00000000
core   0: 0x80001284 (0x0000801d) c.srli  s0, 7
core   0: 3 0x80001284 (0x801d) x 8 0x000000a0
core   0: 0x80001286 (0x0aa76c13) ori     s8, a4, 170
core   0: 3 0x80001286 (0x0aa76c13) x24 0x5e1f80aa
core   0: 0x8000128a (0x0000100f) fence.i
core   0: 3 0x8000128a (0x0000100f)
core   0: 0x8000128e (0x04278263) beq     a5, sp, pc + 68
core   0: 3 0x8000128e (0x04278263)
core   0: 0x80001292 (0x01c6f263) bgeu    a3, t3, pc + 4
core   0: 3 0x80001292 (0x01c6f263)
core   0: 0x80001296 (0x0000e289) c.bnez  a3, pc + 2
core   0: 3 0x80001296 (0xe289)
core   0: 0x80001298 (0x010f7263) bgeu    t5, a6, pc + 4
core   0: 3 0x80001298 (0x010f7263)
core   0: 0x8000129c (0x01c508b3) add     a7, a0, t3
core   0: 3 0x8000129c (0x01c508b3) x17 0x8d6a1000
core   0: 0x800012a0 (0x0287c8b3) div     a7, a5, s0
core   0: 3 0x800012a0 (0x0287c8b3) x17 0x00000000
core   0: 0x800012a4 (0xb97be797) auipc   a5, 0xb97be
core   0: 3 0x800012a4 (0xb97be797) x15 0x397bf2a4
core   0: 0x800012a8 (0x0000100f) fence.i
core   0: 3 0x800012a8 (0x0000100f)
core   0: 0x800012ac (0x02e4c3b3) div     t2, s1, a4
core   0: 3 0x800012ac (0x02e4c3b3) x 7 0x00000001
core   0: 0x800012b0 (0x00008ff1) c.and   a5, a2
core   0: 3 0x800012b0 (0x8ff1) x15 0x397bf004
core   0: 0x800012b2 (0x2692e597) auipc   a1, 0x2692e
core   0: 3 0x800012b2 (0x2692e597) x11 0xa692f2b2
core   0: 0x800012b6 (0x02608a13) addi    s4, ra, 38
core   0: 3 0x800012b6 (0x02608a13) x20 0x00000026
core   0: 0x800012ba (0x0000849d) c.srai  s1, 7
core   0: 3 0x800012ba (0x849d) x 9 0x00c2f840
core   0: 0x800012bc (0x00008ca5) c.xor   s1, s1
core   0: 3 0x800012bc (0x8ca5) x 9 0x00000000
core   0: 0x800012be (0x402f86b3) sub     a3, t6, sp
core   0: 3 0x800012be (0x402f86b3) x13 0xffffd95f
core   0: 0x800012c2 (0x522e3013) sltiu   zero, t3, 1314
core   0: 3 0x800012c2 (0x522e3013)
core   0: 0x800012c6 (0x3672e693) ori     a3, t0, 871
core   0: 3 0x800012c6 (0x3672e693) x13 0x80022f67
core   0: 0x800012ca (0x0105cdb3) xor     s11, a1, a6
core   0: 3 0x800012ca (0x0105cdb3) x27 0xa6921018
core   0: 0x800012ce (0x02614463) blt     sp, t1, pc + 40
core   0: 3 0x800012ce (0x02614463)
core   0: 0x800012f6 (0x00e67e63) bgeu    a2, a4, pc + 28
core   0: 3 0x800012f6 (0x00e67e63)
core   0: 0x80001312 (0x01379bb3) sll     s7, a5, s3
core   0: 3 0x80001312 (0x01379bb3) x23 0x397bf004
core   0: 0x80001316 (0x00000001) c.nop
core   0: 3 0x80001316 (0x0001)
core   0: 0x80001318 (0x00009522) c.add   a0, s0
core   0: 3 0x80001318 (0x9522) x10 0x000000a0
core   0: 0x8000131a (0x41b3d413) srai    s0, t2, 27
core   0: 3 0x8000131a (0x41b3d413) x 8 0x00000000
core   0: 0x8000131e (0x00008fd9) c.or    a5, a4
core   0: 3 0x8000131e (0x8fd9) x15 0x7f7ff004
core   0: 0x80001320 (0x0ff0000f) fence   iorw,iorw
core   0: 3 0x80001320 (0x0ff0000f)
core   0: 0x80001324 (0x02ee66b3) rem     a3, t3, a4
core   0: 3 0x80001324 (0x02ee66b3) x13 0xeb899000
core   0: 0x80001328 (0x00000001) c.nop
core   0: 3 0x80001328 (0x0001)
core   0: 0x8000132a (0x00dffbb3) and     s7, t6, a3
core   0: 3 0x8000132a (0x00dffbb3) x23 0xeb899000
core   0: 0x8000132e (0x00009a7d) c.andi  a2, -1
core   0: 3 0x8000132e (0x9a7d) x12 0xfffffc56
core   0: 0x80001330 (0x0335fdb3) remu    s11, a1, s3
core   0: 3 0x80001330 (0x0335fdb3) x27 0x000022b2
core   0: 0x80001334 (0x012799b3) sll     s3, a5, s2
core   0: 3 0x80001334 (0x012799b3) x19 0xfeffe008
core   0: 0x80001338 (0x00006e91) c.lui   t4, 0x4
core   0: 3 0x80001338 (0x6e91) x29 0x00004000
core   0: 0x8000133a (0x0032dfb3) srl     t6, t0, gp
core   0: 3 0x8000133a (0x0032dfb3) x31 0x00000001
core   0: 0x8000133e (0x009b93b3) sll     t2, s7, s1
core   0: 3 0x8000133e (0x009b93b3) x 7 0xeb899000
core   0: 0x80001342 (0x000043fd) c.li    t2, 31
core   0: 3 0x80001342 (0x43fd) x 7 0x0000001f
core   0: 0x80001344 (0x00005b7d) c.li    s6, -1
core   0: 3 0x80001344 (0x5b7d) x22 0xffffffff
core   0: 0x80001346 (0x00a65933) srl     s2, a2, a0
core   0: 3 0x80001346 (0x00a65933) x18 0xfffffc56
core   0: 0x8000134a (0x005fba33) sltu    s4, t6, t0
core   0: 3 0x8000134a (0x005fba33) x20 0x00000001
core   0: 0x8000134e (0x00001b7d) c.addi  s6, -1
core   0: 3 0x8000134e (0x1b7d) x22 0xfffffffe
core   0: 0x80001350 (0x00000001) c.nop
core   0: 3 0x80001350 (0x0001)
core   0: 0x80001352 (0x6a517913) andi    s2, sp, 1701
core   0: 3 0x80001352 (0x6a517913) x18 0x00000004
core   0: 0x80001356 (0x00000001) c.nop
core   0: 3 0x80001356 (0x0001)
core   0: 0x80001358 (0x0000441d) c.li    s0, 7
core   0: 3 0x80001358 (0x441d) x 8 0x00000007
core   0: 0x8000135a (0xb106a397) auipc   t2, 0xb106a
core   0: 3 0x8000135a (0xb106a397) x 7 0x3106b35a
core   0: 0x8000135e (0x033661b3) rem     gp, a2, s3
core   0: 3 0x8000135e (0x033661b3) x 3 0xfffffc56
core   0: 0x80001362 (0x00008111) c.srli  a0, 4
core   0: 3 0x80001362 (0x8111) x10 0x0000000a
core   0: 0x80001364 (0x000064d5) c.lui   s1, 0x15
core   0: 3 0x80001364 (0x64d5) x 9 0x00015000
core   0: 0x80001366 (0x734acc37) lui     s8, 0x734ac
core   0: 3 0x80001366 (0x734acc37) x24 0x734ac000
core   0: 0x8000136a (0x017d5963) bge     s10, s7, pc + 18
core   0: 3 0x8000136a (0x017d5963)
core   0: 0x8000137c (0x035ee5b3) rem     a1, t4, s5
core   0: 3 0x8000137c (0x035ee5b3) x11 0x00001a00
core   0: 0x80001380 (0x0000100f) fence.i
core   0: 3 0x80001380 (0x0000100f)
core   0: 0x80001384 (0x7db06b13) ori     s6, zero, 2011
core   0: 3 0x80001384 (0x7db06b13) x22 0x000007db
core   0: 0x80001388 (0x000084bd) c.srai  s1, 15
core   0: 3 0x80001388 (0x84bd) x 9 0x00000002
core   0: 0x8000138a (0x0288bab3) mulhu   s5, a7, s0
core   0: 3 0x8000138a (0x0288bab3) x21 0x00000000
core   0: 0x8000138e (0x0000895d) c.andi  a0, 23
core   0: 3 0x8000138e (0x895d) x10 0x00000002
core   0: 0x80001390 (0x04d0c363) blt     ra, a3, pc + 70
core   0: 3 0x80001390 (0x04d0c363)
core   0: 0x80001394 (0x0000031e) c.slli  t1, 7
core   0: 3 0x80001394 (0x031e) x 6 0x3f48de00
core   0: 0x80001396 (0x007a5d63) bge     s4, t2, pc + 26
core   0: 3 0x80001396 (0x007a5d63)
core   0: 0x8000139a (0x000083c6) c.mv    t2, a7
core   0: 3 0x8000139a (0x83c6) x 7 0x00000000
core   0: 0x8000139c (0x6561a693) slti    a3, gp, 1622
core   0: 3 0x8000139c (0x6561a693) x13 0x00000001
core   0: 0x800013a0 (0x40505033) sra     zero, zero, t0
core   0: 3 0x800013a0 (0x40505033)
core   0: 0x800013a4 (0x02859633) mulh    a2, a1, s0
core   0: 3 0x800013a4 (0x02859633) x12 0x00000000
core   0: 0x800013a8 (0x00008659) c.srai  a2, 22
core   0: 3 0x800013a8 (0x8659) x12 0x00000000
core   0: 0x800013aa (0x009ad833) srl     a6, s5, s1
core   0: 3 0x800013aa (0x009ad833) x16 0x00000000
core   0: 0x800013ae (0x000056fd) c.li    a3, -1
core   0: 3 0x800013ae (0x56fd) x13 0xffffffff
core   0: 0x800013b0 (0x0000851d) c.srai  a0, 7
core   0: 3 0x800013b0 (0x851d) x10 0x00000000
core   0: 0x800013b2 (0x03a13833) mulhu   a6, sp, s10
core   0: 3 0x800013b2 (0x03a13833) x16 0x00000000
core   0: 0x800013b6 (0x13234b93) xori    s7, t1, 306
core   0: 3 0x800013b6 (0x13234b93) x23 0x3f48df32
core   0: 0x800013ba (0x020c0063) beqz    s8, pc + 32
core   0: 3 0x800013ba (0x020c0063)
core   0: 0x800013be (0x02396d63) bltu    s2, gp, pc + 58
core   0: 3 0x800013be (0x02396d63)
core   0: 0x800013f8 (0x8c162c93) slti    s9, a2, -1855
core   0: 3 0x800013f8 (0x8c162c93) x25 0x00000000
core   0: 0x800013fc (0x00008d5d) c.or    a0, a5
core   0: 3 0x800013fc (0x8d5d) x10 0x7f7ff004
core   0: 0x800013fe (0x40c35933) sra     s2, t1, a2
core   0: 3 0x800013fe (0x40c35933) x18 0x3f48de00
core   0: 0x80001402 (0x02f24bb3) div     s7, tp, a5
core   0: 3 0x80001402 (0x02f24bb3) x23 0xffffffff
core   0: 0x80001406 (0x00009afd) c.andi  a3, -1
core   0: 3 0x80001406 (0x9afd) x13 0xffffffff
core   0: 0x80001408 (0x00008db2) c.mv    s11, a2
core   0: 3 0x80001408 (0x8db2) x27 0x00000000
core   0: 0x8000140a (0x3ae4a513) slti    a0, s1, 942
core   0: 3 0x8000140a (0x3ae4a513) x10 0x00000001
core   0: 0x8000140e (0x00008ec9) c.or    a3, a0
core   0: 3 0x8000140e (0x8ec9) x13 0xffffffff
core   0: 0x80001410 (0x010260b3) or      ra, tp, a6
core   0: 3 0x80001410 (0x010260b3) x 1 0x80026ce4
core   0: 0x80001414 (0x01150863) beq     a0, a7, pc + 16
core   0: 3 0x80001414 (0x01150863)
core   0: 0x80001418 (0x02e52c33) mulhsu  s8, a0, a4
core   0: 3 0x80001418 (0x02e52c33) x24 0x00000000
core   0: 0x8000141c (0x00006c29) c.lui   s8, 0xa
core   0: 3 0x8000141c (0x6c29) x24 0x0000a000
core   0: 0x8000141e (0x00008856) c.mv    a6, s5
core   0: 3 0x8000141e (0x8856) x16 0x00000000
core   0: 0x80001420 (0x401edb13) srai    s6, t4, 1
core   0: 3 0x80001420 (0x401edb13) x22 0x00002000
core   0: 0x80001424 (0x00008d0d) c.sub   a0, a1
core   0: 3 0x80001424 (0x8d0d) x10 0xffffe601
core   0: 0x80001426 (0xbb748bb7) lui     s7, 0xbb748
core   0: 3 0x80001426 (0xbb748bb7) x23 0xbb748000
core   0: 0x8000142a (0x00009392) c.add   t2, tp
core   0: 3 0x8000142a (0x9392) x 7 0x80026ce4
core   0: 0x8000142c (0xebc93713) sltiu   a4, s2, -324
core   0: 3 0x8000142c (0xebc93713) x14 0x00000001
core   0: 0x80001430 (0xe76eea13) ori     s4, t4, -394
core   0: 3 0x80001430 (0xe76eea13) x20 0xfffffe76
core   0: 0x80001434 (0xac5ee313) ori     t1, t4, -1339
core   0: 3 0x80001434 (0xac5ee313) x 6 0xfffffac5
core   0: 0x80001438 (0x037e80b3) mul     ra, t4, s7
core   0: 3 0x80001438 (0x037e80b3) x 1 0x20000000
core   0: 0x8000143c (0x019ada13) srli    s4, s5, 25
core   0: 3 0x8000143c (0x019ada13) x20 0x00000000
core   0: 0x80001440 (0x00129733) sll     a4, t0, ra
core   0: 3 0x80001440 (0x00129733) x14 0x80022e64
core   0: 0x80001444 (0x025e5933) divu    s2, t3, t0
core   0: 3 0x80001444 (0x025e5933) x18 0x00000001
core   0: 0x80001448 (0x0000096d) c.addi  s2, 27
core   0: 3 0x80001448 (0x096d) x18 0x0000001c
core   0: 0x8000144a (0x00000001) c.nop
core   0: 3 0x8000144a (0x0001)
core   0: 0x8000144c (0x02490fb3) mul     t6, s2, tp
core   0: 3 0x8000144c (0x02490fb3) x31 0x0043e8f0
core   0: 0x80001450 (0x042d7063) bgeu    s10, sp, pc + 64
core   0: 3 0x80001450 (0x042d7063)
core   0: 0x80001454 (0x02c9ac33) mulhsu  s8, s3, a2
core   0: 3 0x80001454 (0x02c9ac33) x24 0x00000000
core   0: 0x80001458 (0xae20ca13) xori    s4, ra, -1310
core   0: 3 0x80001458 (0xae20ca13) x20 0xdffffae2
core   0: 0x8000145c (0x000057fd) c.li    a5, -1
core   0: 3 0x8000145c (0x57fd) x15 0xffffffff
core   0: 0x8000145e (0x00001cfd) c.addi  s9, -1
core   0: 3 0x8000145e (0x1cfd) x25 0xffffffff
core   0: 0x80001460 (0x00000001) c.nop
core   0: 3 0x80001460 (0x0001)
core   0: 0x80001462 (0x00008f75) c.and   a4, a3
core   0: 3 0x80001462 (0x8f75) x14 0x80022e64
core   0: 0x80001464 (0x00001f7d) c.addi  t5, -1
core   0: 3 0x80001464 (0x1f7d) x30 0xffffffff
core   0: 0x80001466 (0x03540433) mul     s0, s0, s5
core   0: 3 0x80001466 (0x03540433) x 8 0x00000000
core   0: 0x8000146a (0x01fed913) srli    s2, t4, 31
core   0: 3 0x8000146a (0x01fed913) x18 0x00000000
core   0: 0x8000146e (0x00008535) c.srai  a0, 13
core   0: 3 0x8000146e (0x8535) x10 0xffffffff
core   0: 0x80001470 (0x0000100f) fence.i
core   0: 3 0x80001470 (0x0000100f)
core   0: 0x80001474 (0x00757263) bgeu    a0, t2, pc + 4
core   0: 3 0x80001474 (0x00757263)
core   0: 0x80001478 (0x03b6fe33) remu    t3, a3, s11
core   0: 3 0x80001478 (0x03b6fe33) x28 0xffffffff
core   0: 0x8000147c (0x01879b93) slli    s7, a5, 24
core   0: 3 0x8000147c (0x01879b93) x23 0xff000000
core   0: 0x80001480 (0x00cccd33) xor     s10, s9, a2
core   0: 3 0x80001480 (0x00cccd33) x26 0xffffffff
core   0: 0x80001484 (0x01179d63) bne     a5, a7, pc + 26
core   0: 3 0x80001484 (0x01179d63)
core   0: 0x8000149e (0x02d8fc33) remu    s8, a7, a3
core   0: 3 0x8000149e (0x02d8fc33) x24 0x00000000
core   0: 0x800014a2 (0x00000832) c.slli  a6, 12
core   0: 3 0x800014a2 (0x0832) x16 0x00000000
core   0: 0x800014a4 (0x00000b06) c.slli  s6, 1
core   0: 3 0x800014a4 (0x0b06) x22 0x00004000
core   0: 0x800014a6 (0x00008ff5) c.and   a5, a3
core   0: 3 0x800014a6 (0x8ff5) x15 0xffffffff
core   0: 0x800014a8 (0x401ddc13) srai    s8, s11, 1
core   0: 3 0x800014a8 (0x401ddc13) x24 0x00000000
core   0: 0x800014ac (0x036683b3) mul     t2, a3, s6
core   0: 3 0x800014ac (0x036683b3) x 7 0xffffc000
core   0: 0x800014b0 (0x00877e63) bgeu    a4, s0, pc + 28
core   0: 3 0x800014b0 (0x00877e63)
core   0: 0x800014cc (0x0733b493) sltiu   s1, t2, 115
core   0: 3 0x800014cc (0x0733b493) x 9 0x00000000
core   0: 0x800014d0 (0xdb8c4393) xori    t2, s8, -584
core   0: 3 0x800014d0 (0xdb8c4393) x 7 0xfffffdb8
core   0: 0x800014d4 (0x00008d72) c.mv    s10, t3
core   0: 3 0x800014d4 (0x8d72) x26 0xffffffff
core   0: 0x800014d6 (0x00009bfd) c.andi  a5, -1
core   0: 3 0x800014d6 (0x9bfd) x15 0xffffffff
core   0: 0x800014d8 (0x00008e75) c.and   a2, a3
core   0: 3 0x800014d8 (0x8e75) x12 0x00000000
core   0: 0x800014da (0x000083e9) c.srli  a5, 26
core   0: 3 0x800014da (0x83e9) x15 0x0000003f
core   0: 0x800014dc (0x01d2b533) sltu    a0, t0, t4
core   0: 3 0x800014dc (0x01d2b533) x10 0x00000000
core   0: 0x800014e0 (0x00006819) c.lui   a6, 0x6
core   0: 3 0x800014e0 (0x6819) x16 0x00006000
core   0: 0x800014e2 (0x9779af13) slti    t5, s3, -1673
core   0: 3 0x800014e2 (0x9779af13) x30 0x00000001
core   0: 0x800014e6 (0x7cc7e513) ori     a0, a5, 1996
core   0: 3 0x800014e6 (0x7cc7e513) x10 0x000007ff
core   0: 0x800014ea (0x05a5c063) blt     a1, s10, pc + 64
core   0: 3 0x800014ea (0x05a5c063)
core   0: 0x800014ee (0x0000c21d) c.beqz  a2, pc + 38
core   0: 3 0x800014ee (0xc21d)
core   0: 0x80001514 (0x000061c1) c.lui   gp, 0x10
core   0: 3 0x80001514 (0x61c1) x 3 0x00010000
core   0: 0x80001516 (0x7d0b8e93) addi    t4, s7, 2000
core   0: 3 0x80001516 (0x7d0b8e93) x29 0xff0007d0
core   0: 0x8000151a (0x00008c19) c.sub   s0, a4
core   0: 3 0x8000151a (0x8c19) x 8 0x7ffdd19c
core   0: 0x8000151c (0x5f5813b7) lui     t2, 0x5f581
core   0: 3 0x8000151c (0x5f5813b7) x 7 0x5f581000
core   0: 0x80001520 (0x00008fd5) c.or    a5, a3
core   0: 3 0x80001520 (0x8fd5) x15 0xffffffff
core   0: 0x80001522 (0x41141e97) auipc   t4, 0x41141
core   0: 3 0x80001522 (0x41141e97) x29 0xc1142522
core   0: 0x80001526 (0x6007e693) ori     a3, a5, 1536
core   0: 3 0x80001526 (0x6007e693) x13 0xffffffff
core   0: 0x8000152a (0xfc2b4317) auipc   t1, 0xfc2b4
core   0: 3 0x8000152a (0xfc2b4317) x 6 0x7c2b552a
core   0: 0x8000152e (0x016851b3) srl     gp, a6, s6
core   0: 3 0x8000152e (0x016851b3) x 3 0x00006000
core   0: 0x80001532 (0x000089e6) c.mv    s3, s9
core   0: 3 0x80001532 (0x89e6) x19 0xffffffff
core   0: 0x80001534 (0xf3576913) ori     s2, a4, -203
core   0: 3 0x80001534 (0xf3576913) x18 0xffffff75
core   0: 0x80001538 (0x00008f95) c.sub   a5, a3
core   0: 3 0x80001538 (0x8f95) x15 0x00000000
core   0: 0x8000153a (0x03e1cc63) blt     gp, t5, pc + 56
core   0: 3 0x8000153a (0x03e1cc63)
core   0: 0x8000153e (0x01f45193) srli    gp, s0, 31
core   0: 3 0x8000153e (0x01f45193) x 3 0x00000000
core   0: 0x80001542 (0x01bec463) blt     t4, s11, pc + 8
core   0: 3 0x80001542 (0x01bec463)
core   0: 0x8000154a (0x0000e289) c.bnez  a3, pc + 2
core   0: 3 0x8000154a (0xe289)
core   0: 0x8000154c (0x0000cc85) c.beqz  s1, pc + 56
core   0: 3 0x8000154c (0xcc85)
core   0: 0x80001584 (0x405d8b33) sub     s6, s11, t0
core   0: 3 0x80001584 (0x405d8b33) x22 0x7ffdd19c
core   0: 0x80001588 (0x624e8e13) addi    t3, t4, 1572
core   0: 3 0x80001588 (0x624e8e13) x28 0xc1142b46
core   0: 0x8000158c (0x0ff0000f) fence   iorw,iorw
core   0: 3 0x8000158c (0x0ff0000f)
core   0: 0x80001590 (0x0000c88d) c.beqz  s1, pc + 50
core   0: 3 0x80001590 (0xc88d)
core   0: 0x800015c2 (0x004beb63) bltu    s7, tp, pc + 22
core   0: 3 0x800015c2 (0x004beb63)
core   0: 0x800015c6 (0x00c1e833) or      a6, gp, a2
core   0: 3 0x800015c6 (0x00c1e833) x16 0x00000000
core   0: 0x800015ca (0x0000987d) c.andi  s0, -1
core   0: 3 0x800015ca (0x987d) x 8 0x7ffdd19c
core   0: 0x800015cc (0x007ccbb3) xor     s7, s9, t2
core   0: 3 0x800015cc (0x007ccbb3) x23 0xa0a7efff
core   0: 0x800015d0 (0x4b82a613) slti    a2, t0, 1208
core   0: 3 0x800015d0 (0x4b82a613) x12 0x00000001
core   0: 0x800015d4 (0x72eea193) slti    gp, t4, 1838
core   0: 3 0x800015d4 (0x72eea193) x 3 0x00000001
core   0: 0x800015d8 (0x0ff0000f) fence   iorw,iorw
core   0: 3 0x800015d8 (0x0ff0000f)
core   0: 0x800015dc (0x00008e55) c.or    a2, a3
core   0: 3 0x800015dc (0x8e55) x12 0xffffffff
core   0: 0x800015de (0x00008f95) c.sub   a5, a3
core   0: 3 0x800015de (0x8f95) x15 0x00000001
core   0: 0x800015e0 (0xbd76ae13) slti    t3, a3, -1065
core   0: 3 0x800015e0 (0xbd76ae13) x28 0x00000000
core   0: 0x800015e4 (0x0055ed33) or      s10, a1, t0
core   0: 3 0x800015e4 (0x0055ed33) x26 0x80023e64
core   0: 0x800015e8 (0x9445a193) slti    gp, a1, -1724
core   0: 3 0x800015e8 (0x9445a193) x 3 0x00000000
core   0: 0x800015ec (0x001bccb3) xor     s9, s7, ra
core   0: 3 0x800015ec (0x001bccb3) x25 0x80a7efff
core   0: 0x800015f0 (0x0000860a) c.mv    a2, sp
core   0: 3 0x800015f0 (0x860a) x12 0x0000000c
core   0: 0x800015f2 (0x0000634d) c.lui   t1, 0x13
core   0: 3 0x800015f2 (0x634d) x 6 0x00013000
core   0: 0x800015f4 (0x00000a9e) c.slli  s5, 7
core   0: 3 0x800015f4 (0x0a9e) x21 0x00000000
core   0: 0x800015f6 (0x018396b3) sll     a3, t2, s8
core   0: 3 0x800015f6 (0x018396b3) x13 0x5f581000
core   0: 0x800015fa (0x00008c71) c.and   s0, a2
core   0: 3 0x800015fa (0x8c71) x 8 0x0000000c
core   0: 0x800015fc (0x0191e533) or      a0, gp, s9
core   0: 3 0x800015fc (0x0191e533) x10 0x80a7efff
core   0: 0x80001600 (0xdf347c13) andi    s8, s0, -525
core   0: 3 0x80001600 (0xdf347c13) x24 0x00000000
core   0: 0x80001604 (0x000089b1) c.andi  a1, 12
core   0: 3 0x80001604 (0x89b1) x11 0x00000000
core   0: 0x80001606 (0x02bf6fb3) rem     t6, t5, a1
core   0: 3 0x80001606 (0x02bf6fb3) x31 0x00000001
core   0: 0x8000160a (0xa97d7693) andi    a3, s10, -1385
core   0: 3 0x8000160a (0xa97d7693) x13 0x80023a04
core   0: 0x8000160e (0x46e01b97) auipc   s7, 0x46e01
core   0: 3 0x8000160e (0x46e01b97) x23 0xc6e0260e
core   0: 0x80001612 (0xe1f60493) addi    s1, a2, -481
core   0: 3 0x80001612 (0xe1f60493) x 9 0xfffffe2b
core   0: 0x80001616 (0x01fd0c63) beq     s10, t6, pc + 24
core   0: 3 0x80001616 (0x01fd0c63)
core   0: 0x8000161a (0x03f00433) mul     s0, zero, t6
core   0: 3 0x8000161a (0x03f00433) x 8 0x00000000
core   0: 0x8000161e (0x00000001) c.nop
core   0: 3 0x8000161e (0x0001)
core   0: 0x80001620 (0x0ff0000f) fence   iorw,iorw
core   0: 3 0x80001620 (0x0ff0000f)
core   0: 0x80001624 (0x16a88d93) addi    s11, a7, 362
core   0: 3 0x80001624 (0x16a88d93) x27 0x0000016a
core   0: 0x80001628 (0x000005fa) c.slli  a1, 30
core   0: 3 0x80001628 (0x05fa) x11 0x00000000
core   0: 0x8000162a (0x4855ca93) xori    s5, a1, 1157
core   0: 3 0x8000162a (0x4855ca93) x21 0x00000485
core   0: 0x8000162e (0x00008da9) c.xor   a1, a0
core   0: 3 0x8000162e (0x8da9) x11 0x80a7efff
core   0: 0x80001630 (0x000049a1) c.li    s3, 8
core   0: 3 0x80001630 (0x49a1) x19 0x00000008
core   0: 0x80001632 (0x00bf7e33) and     t3, t5, a1
core   0: 3 0x80001632 (0x00bf7e33) x28 0x00000001
core   0: 0x80001636 (0x0ff0000f) fence   iorw,iorw
core   0: 3 0x80001636 (0x0ff0000f)
core   0: 0x8000163a (0x00004961) c.li    s2, 24
core   0: 3 0x8000163a (0x4961) x18 0x00000018
core   0: 0x8000163c (0x015ef9b3) and     s3, t4, s5
core   0: 3 0x8000163c (0x015ef9b3) x19 0x00000400
core   0: 0x80001640 (0x02307e63) bgeu    zero, gp, pc + 60
core   0: 3 0x80001640 (0x02307e63)
core   0: 0x8000167c (0x0211a033) mulhsu  zero, gp, ra
core   0: 3 0x8000167c (0x0211a033)
core   0: 0x80001680 (0x036f3e33) mulhu   t3, t5, s6
core   0: 3 0x80001680 (0x036f3e33) x28 0x00000000
core   0: 0x80001684 (0xa9740493) addi    s1, s0, -1385
core   0: 3 0x80001684 (0xa9740493) x 9 0xfffffa97
core   0: 0x80001688 (0x0ff0000f) fence   iorw,iorw
core   0: 3 0x80001688 (0x0ff0000f)
core   0: 0x8000168c (0x02c7ef33) rem     t5, a5, a2
core   0: 3 0x8000168c (0x02c7ef33) x30 0x00000001
core   0: 0x80001690 (0x40d9db93) srai    s7, s3, 13
core   0: 3 0x80001690 (0x40d9db93) x23 0x00000000
core   0: 0x80001694 (0x0300f337) lui     t1, 0x300f
core   0: 3 0x80001694 (0x0300f337) x 6 0x0300f000
core   0: 0x80001698 (0x01771d63) bne     a4, s7, pc + 26
core   0: 3 0x80001698 (0x01771d63)
core   0: 0x800016b2 (0x033b23b3) mulhsu  t2, s6, s3
core   0: 3 0x800016b2 (0x033b23b3) x 7 0x000001ff
core   0: 0x800016b6 (0x00000001) c.nop
core   0: 3 0x800016b6 (0x0001)
core   0: 0x800016b8 (0x00006769) c.lui   a4, 0x1a
core   0: 3 0x800016b8 (0x6769) x14 0x0001a000
core   0: 0x800016ba (0x0198d033) srl     zero, a7, s9
core   0: 3 0x800016ba (0x0198d033)
core   0: 0x800016be (0x0332bcb3) mulhu   s9, t0, s3
core   0: 3 0x800016be (0x0332bcb3) x25 0x00000200
core   0: 0x800016c2 (0x0207d933) divu    s2, a5, zero
core   0: 3 0x800016c2 (0x0207d933) x18 0xffffffff
core   0: 0x800016c6 (0x0000e115) c.bnez  a0, pc + 36
core   0: 3 0x800016c6 (0xe115)
core   0: 0x800016ea (0x0000100f) fence.i
core   0: 3 0x800016ea (0x0000100f)
core   0: 0x800016ee (0x01c171b3) and     gp, sp, t3
core   0: 3 0x800016ee (0x01c171b3) x 3 0x00000000
core   0: 0x800016f2 (0x00006379) c.lui   t1, 0x1e
core   0: 3 0x800016f2 (0x6379) x 6 0x0001e000
core   0: 0x800016f4 (0x918fa013) slti    zero, t6, -1768
core   0: 3 0x800016f4 (0x918fa013)
core   0: 0x800016f8 (0x02f6e733) rem     a4, a3, a5
core   0: 3 0x800016f8 (0x02f6e733) x14 0x00000000
core   0: 0x800016fc (0x06490697) auipc   a3, 0x6490
core   0: 3 0x800016fc (0x06490697) x13 0x864916fc
core   0: 0x80001700 (0x009cd393) srli    t2, s9, 9
core   0: 3 0x80001700 (0x009cd393) x 7 0x00000001
core   0: 0x80001704 (0xe7ced9b7) lui     s3, 0xe7ced
core   0: 3 0x80001704 (0xe7ced9b7) x19 0xe7ced000
core   0: 0x80001708 (0x038f8b63) beq     t6, s8, pc + 54
core   0: 3 0x80001708 (0x038f8b63)
core   0: 0x8000170c (0x0302fb63) bgeu    t0, a6, pc + 54
core   0: 3 0x8000170c (0x0302fb63)
core   0: 0x80001742 (0x03e58e63) beq     a1, t5, pc + 60
core   0: 3 0x80001742 (0x03e58e63)
core   0: 0x80001746 (0x00009886) c.add   a7, ra
core   0: 3 0x80001746 (0x9886) x17 0x20000000
core   0: 0x80001748 (0x000065cd) c.lui   a1, 0x13
core   0: 3 0x80001748 (0x65cd) x11 0x00013000
core   0: 0x8000174a (0x00000001) c.nop
core   0: 3 0x8000174a (0x0001)
core   0: 0x8000174c (0x63764c13) xori    s8, a2, 1591
core   0: 3 0x8000174c (0x63764c13) x24 0x0000063b
core   0: 0x80001750 (0x412f8633) sub     a2, t6, s2
core   0: 3 0x80001750 (0x412f8633) x12 0x00000002
core   0: 0x80001754 (0x3f65f313) andi    t1, a1, 1014
core   0: 3 0x80001754 (0x3f65f313) x 6 0x00000000
core   0: 0x80001758 (0x00000001) c.nop
core   0: 3 0x80001758 (0x0001)
core   0: 0x8000175a (0x1728ad13) slti    s10, a7, 370
core   0: 3 0x8000175a (0x1728ad13) x26 0x00000000
core   0: 0x8000175e (0x000082d5) c.srli  a3, 21
core   0: 3 0x8000175e (0x82d5) x13 0x00000432
core   0: 0x80001760 (0x0079a9b3) slt     s3, s3, t2
core   0: 3 0x80001760 (0x0079a9b3) x19 0x00000001
core   0: 0x80001764 (0xcdecc013) xori    zero, s9, -802
core   0: 3 0x80001764 (0xcdecc013)
core   0: 0x80001768 (0x04c20063) beq     tp, a2, pc + 64
core   0: 3 0x80001768 (0x04c20063)
core   0: 0x8000176c (0x00008489) c.srai  s1, 2
core   0: 3 0x8000176c (0x8489) x 9 0xfffffea5
core   0: 0x8000176e (0x0000997d) c.andi  a0, -1
core   0: 3 0x8000176e (0x997d) x10 0x80a7efff
core   0: 0x80001770 (0x037615b3) mulh    a1, a2, s7
core   0: 3 0x80001770 (0x037615b3) x11 0x00000000
core   0: 0x80001774 (0x026d7fb3) remu    t6, s10, t1
core   0: 3 0x80001774 (0x026d7fb3) x31 0x00000000
core   0: 0x80001778 (0x00009afd) c.andi  a3, -1
core   0: 3 0x80001778 (0x9afd) x13 0x00000432
core   0: 0x8000177a (0xd327f393) andi    t2, a5, -718
core   0: 3 0x8000177a (0xd327f393) x 7 0x00000000
core   0: 0x8000177e (0x00000afd) c.addi  s5, 31
core   0: 3 0x8000177e (0x0afd) x21 0x000004a4
core   0: 0x80001780 (0x00008c65) c.and   s0, s1
core   0: 3 0x80001780 (0x8c65) x 8 0x00000000
core   0: 0x80001782 (0x023fabb3) mulhsu  s7, t6, gp
core   0: 3 0x80001782 (0x023fabb3) x23 0x00000000
core   0: 0x80001786 (0x0000976a) c.add   a4, s10
core   0: 3 0x80001786 (0x976a) x14 0x00000000
core   0: 0x80001788 (0x02bf9d63) bne     t6, a1, pc + 58
core   0: 3 0x80001788 (0x02bf9d63)
core   0: 0x8000178c (0x03990d33) mul     s10, s2, s9
core   0: 3 0x8000178c (0x03990d33) x26 0xfffffe00
core   0: 0x80001790 (0x0842e093) ori     ra, t0, 132
core   0: 3 0x80001790 (0x0842e093) x 1 0x80022ee4
core   0: 0x80001794 (0x416ad413) srai    s0, s5, 22
core   0: 3 0x80001794 (0x416ad413) x 8 0x00000000
core   0: 0x80001798 (0x00405fb3) srl     t6, zero, tp
core   0: 3 0x80001798 (0x00405fb3) x31 0x00000000
core   0: 0x8000179c (0x01ea9263) bne     s5, t5, pc + 4
core   0: 3 0x8000179c (0x01ea9263)
core   0: 0x800017a0 (0xda9b7693) andi    a3, s6, -599
core   0: 3 0x800017a0 (0xda9b7693) x13 0x7ffdd188
core   0: 0x800017a4 (0x3a79c797) auipc   a5, 0x3a79c
core   0: 3 0x800017a4 (0x3a79c797) x15 0xba79d7a4
core   0: 0x800017a8 (0x0000035e) c.slli  t1, 23
core   0: 3 0x800017a8 (0x035e) x 6 0x00000000
core   0: 0x800017aa (0x01a54e33) xor     t3, a0, s10
core   0: 3 0x800017aa (0x01a54e33) x28 0x7f5811ff
core   0: 0x800017ae (0x00000faa) c.slli  t6, 10
core   0: 3 0x800017ae (0x0faa) x31 0x00000000
core   0: 0x800017b0 (0x02142ab3) mulhsu  s5, s0, ra
core   0: 3 0x800017b0 (0x02142ab3) x21 0x00000000
core   0: 0x800017b4 (0x0000100f) fence.i
core   0: 3 0x800017b4 (0x0000100f)
core   0: 0x800017b8 (0x0199d813) srli    a6, s3, 25
core   0: 3 0x800017b8 (0x0199d813) x16 0x00000000
core   0: 0x800017bc (0x00008ff9) c.and   a5, a4
core   0: 3 0x800017bc (0x8ff9) x15 0x00000000
core   0: 0x800017be (0x014a9463) bne     s5, s4, pc + 8
core   0: 3 0x800017be (0x014a9463)
core   0: 0x800017c6 (0x00009366) c.add   t1, s9
core   0: 3 0x800017c6 (0x9366) x 6 0x00000200
core   0: 0x800017c8 (0x03cb0cb3) mul     s9, s6, t3
core   0: 3 0x800017c8 (0x03cb0cb3) x25 0xca5f2664
core   0: 0x800017cc (0x0299ad33) mulhsu  s10, s3, s1
core   0: 3 0x800017cc (0x0299ad33) x26 0x00000000
core   0: 0x800017d0 (0x0000810d) c.srli  a0, 3
core   0: 3 0x800017d0 (0x810d) x10 0x1014fdff
core   0: 0x800017d2 (0x410e5d13) srai    s10, t3, 16
core   0: 3 0x800017d2 (0x410e5d13) x26 0x00007f58
core   0: 0x800017d6 (0x00000001) c.nop
core   0: 3 0x800017d6 (0x0001)
core   0: 0x800017d8 (0x4ea40013) addi    zero, s0, 1258
core   0: 3 0x800017d8 (0x4ea40013)
core   0: 0x800017dc (0x40c5dcb3) sra     s9, a1, a2
core   0: 3 0x800017dc (0x40c5dcb3) x25 0x00000000
core   0: 0x800017e0 (0x0158dc33) srl     s8, a7, s5
core   0: 3 0x800017e0 (0x0158dc33) x24 0x20000000
core   0: 0x800017e4 (0x00124263) blt     tp, ra, pc + 4
core   0: 3 0x800017e4 (0x00124263)
core   0: 0x800017e8 (0x0000851d) c.srai  a0, 7
core   0: 3 0x800017e8 (0x851d) x10 0x002029fb
core   0: 0x800017ea (0x02dee7b3) rem     a5, t4, a3
core   0: 3 0x800017ea (0x02dee7b3) x15 0xc1142522
core   0: 0x800017ee (0x021c5cb3) divu    s9, s8, ra
core   0: 3 0x800017ee (0x021c5cb3) x25 0x00000000
core   0: 0x800017f2 (0x3df7c913) xori    s2, a5, 991
core   0: 3 0x800017f2 (0x3df7c913) x18 0xc11426fd
core   0: 0x800017f6 (0xb7f6b493) sltiu   s1, a3, -1153
core   0: 3 0x800017f6 (0xb7f6b493) x 9 0x00000001
core   0: 0x800017fa (0x419181b3) sub     gp, gp, s9
core   0: 3 0x800017fa (0x419181b3) x 3 0x00000000
core   0: 0x800017fe (0xa10e7517) auipc   a0, 0xa10e7
core   0: 3 0x800017fe (0xa10e7517) x10 0x210e87fe
core   0: 0x80001802 (0x00008e41) c.or    a2, s0
core   0: 3 0x80001802 (0x8e41) x12 0x00000002
core   0: 0x80001804 (0x01d97db3) and     s11, s2, t4
core   0: 3 0x80001804 (0x01d97db3) x27 0xc1142420
core   0: 0x80001808 (0x00008ced) c.and   s1, a1
core   0: 3 0x80001808 (0x8ced) x 9 0x00000000
core   0: 0x8000180a (0x00005ffd) c.li    t6, -1
core   0: 3 0x8000180a (0x5ffd) x31 0xffffffff
core   0: 0x8000180c (0x0ff0000f) fence   iorw,iorw
core   0: 3 0x8000180c (0x0ff0000f)
core   0: 0x80001810 (0xa20c8313) addi    t1, s9, -1504
core   0: 3 0x80001810 (0xa20c8313) x 6 0xfffffa20
core   0: 0x80001814 (0xeb99b013) sltiu   zero, s3, -327
core   0: 3 0x80001814 (0xeb99b013)
core   0: 0x80001818 (0x00004b71) c.li    s6, 28
core   0: 3 0x80001818 (0x4b71) x22 0x0000001c
core   0: 0x8000181a (0x00008551) c.srai  a0, 20
core   0: 3 0x8000181a (0x8551) x10 0x00000210
core   0: 0x8000181c (0x00000fb2) c.slli  t6, 12
core   0: 3 0x8000181c (0x0fb2) x31 0xfffff000
core   0: 0x8000181e (0x00006d19) c.lui   s10, 0x6
core   0: 3 0x8000181e (0x6d19) x26 0x00006000
core   0: 0x80001820 (0x00000e1a) c.slli  t3, 6
core   0: 3 0x80001820 (0x0e1a) x28 0xd6047fc0
core   0: 0x80001822 (0x00008eb1) c.xor   a3, a2
core   0: 3 0x80001822 (0x8eb1) x13 0x7ffdd18a
core   0: 0x80001824 (0x0391fa63) bgeu    gp, s9, pc + 52
core   0: 3 0x80001824 (0x0391fa63)
core   0: 0x80001858 (0x0276bbb3) mulhu   s7, a3, t2
core   0: 3 0x80001858 (0x0276bbb3) x23 0x00000000
core   0: 0x8000185c (0xcccd2e93) slti    t4, s10, -820
core   0: 3 0x8000185c (0xcccd2e93) x29 0x00000000
core   0: 0x80001860 (0x02f36d33) rem     s10, t1, a5
core   0: 3 0x80001860 (0x02f36d33) x26 0xfffffa20
core   0: 0x80001864 (0x0381bb33) mulhu   s6, gp, s8
core   0: 3 0x80001864 (0x0381bb33) x22 0x00000000
core   0: 0x80001868 (0x00008109) c.srli  a0, 2
core   0: 3 0x80001868 (0x8109) x10 0x00000084
core   0: 0x8000186a (0x0000cf01) c.beqz  a4, pc + 24
core   0: 3 0x8000186a (0xcf01)
core   0: 0x80001882 (0x00006a15) c.lui   s4, 0x5
core   0: 3 0x80001882 (0x6a15) x20 0x00005000
core   0: 0x80001884 (0x02c61b33) mulh    s6, a2, a2
core   0: 3 0x80001884 (0x02c61b33) x22 0x00000000
core   0: 0x80001888 (0xae9f7513) andi    a0, t5, -1303
core   0: 3 0x80001888 (0xae9f7513) x10 0x00000001
core   0: 0x8000188c (0x0000100f) fence.i
core   0: 3 0x8000188c (0x0000100f)
core   0: 0x80001890 (0x00008379) c.srli  a4, 30
core   0: 3 0x80001890 (0x8379) x14 0x00000000
core   0: 0x80001892 (0x0000033a) c.slli  t1, 14
core   0: 3 0x80001892 (0x033a) x 6 0xfe880000
core   0: 0x80001894 (0x00a40a63) beq     s0, a0, pc + 20
core   0: 3 0x80001894 (0x00a40a63)
core   0: 0x80001898 (0x00008d75) c.and   a0, a3
core   0: 3 0x80001898 (0x8d75) x10 0x00000000
core   0: 0x8000189a (0x2c39ac93) slti    s9, s3, 707
core   0: 3 0x8000189a (0x2c39ac93) x25 0x00000001
core   0: 0x8000189e (0x00000001) c.nop
core   0: 3 0x8000189e (0x0001)
core   0: 0x800018a0 (0x02d38f63) beq     t2, a3, pc + 62
core   0: 3 0x800018a0 (0x02d38f63)
core   0: 0x800018a4 (0x00fc6bb3) or      s7, s8, a5
core   0: 3 0x800018a4 (0x00fc6bb3) x23 0xe1142522
core   0: 0x800018a8 (0xecc1fb93) andi    s7, gp, -308
core   0: 3 0x800018a8 (0xecc1fb93) x23 0x00000000
core   0: 0x800018ac (0x00008f71) c.and   a4, a2
core   0: 3 0x800018ac (0x8f71) x14 0x00000000
core   0: 0x800018ae (0x00000af2) c.slli  s5, 28
core   0: 3 0x800018ae (0x0af2) x21 0x00000000
core   0: 0x800018b0 (0x01e5c333) xor     t1, a1, t5
core   0: 3 0x800018b0 (0x01e5c333) x 6 0x00000001
core   0: 0x800018b4 (0x6bf98a93) addi    s5, s3, 1727
core   0: 3 0x800018b4 (0x6bf98a93) x21 0x000006c0
core   0: 0x800018b8 (0x005b0833) add     a6, s6, t0
core   0: 3 0x800018b8 (0x005b0833) x16 0x80022e64
core   0: 0x800018bc (0x005338b3) sltu    a7, t1, t0
core   0: 3 0x800018bc (0x005338b3) x17 0x00000001
core   0: 0x800018c0 (0x00008951) c.andi  a0, 20
core   0: 3 0x800018c0 (0x8951) x10 0x00000000
core   0: 0x800018c2 (0x41905c33) sra     s8, zero, s9
core   0: 3 0x800018c2 (0x41905c33) x24 0x00000000
core   0: 0x800018c6 (0x4004d693) srai    a3, s1, 0
core   0: 3 0x800018c6 (0x4004d693) x13 0x00000000
core   0: 0x800018ca (0x00000001) c.nop
core   0: 3 0x800018ca (0x0001)
core   0: 0x800018cc (0x00286b63) bltu    a6, sp, pc + 22
core   0: 3 0x800018cc (0x00286b63)
core   0: 0x800018d0 (0x00008d8d) c.sub   a1, a1
core   0: 3 0x800018d0 (0x8d8d) x11 0x00000000
core   0: 0x800018d2 (0x0000894d) c.andi  a0, 19
core   0: 3 0x800018d2 (0x894d) x10 0x00000000
core   0: 0x800018d4 (0x00008e9d) c.sub   a3, a5
core   0: 3 0x800018d4 (0x8e9d) x13 0x3eebdade
core   0: 0x800018d6 (0x0000ce11) c.beqz  a2, pc + 28
core   0: 3 0x800018d6 (0xce11)
core   0: 0x800018d8 (0x00b33d33) sltu    s10, t1, a1
core   0: 3 0x800018d8 (0x00b33d33) x26 0x00000000
core   0: 0x800018dc (0x00001efd) c.addi  t4, -1
core   0: 3 0x800018dc (0x1efd) x29 0xffffffff
core   0: 0x800018de (0x01789eb3) sll     t4, a7, s7
core   0: 3 0x800018de (0x01789eb3) x29 0x00000001
core   0: 0x800018e2 (0x01db1263) bne     s6, t4, pc + 4
core   0: 3 0x800018e2 (0x01db1263)
core   0: 0x800018e6 (0xc95b7093) andi    ra, s6, -875
core   0: 3 0x800018e6 (0xc95b7093) x 1 0x00000000
core   0: 0x800018ea (0x03711533) mulh    a0, sp, s7
core   0: 3 0x800018ea (0x03711533) x10 0x00000000
core   0: 0x800018ee (0x40b70033) sub     zero, a4, a1
core   0: 3 0x800018ee (0x40b70033)
core   0: 0x800018f2 (0x001dff33) and     t5, s11, ra
core   0: 3 0x800018f2 (0x001dff33) x30 0x00000000
core   0: 0x800018f6 (0x41325d33) sra     s10, tp, s3
core   0: 3 0x800018f6 (0x41325d33) x26 0xc0013672
core   0: 0x800018fa (0x000055fd) c.li    a1, -1
core   0: 3 0x800018fa (0x55fd) x11 0xffffffff
core   0: 0x800018fc (0x00998e33) add     t3, s3, s1
core   0: 3 0x800018fc (0x00998e33) x28 0x00000001
core   0: 0x80001900 (0x00005afd) c.li    s5, -1
core   0: 3 0x80001900 (0x5afd) x21 0xffffffff
core   0: 0x80001902 (0x0000861a) c.mv    a2, t1
core   0: 3 0x80001902 (0x861a) x12 0x00000001
core   0: 0x80001904 (0x8d3bc817) auipc   a6, 0x8d3bc
core   0: 3 0x80001904 (0x8d3bc817) x16 0x0d3bd904
core   0: 0x80001908 (0x0000100f) fence.i
core   0: 3 0x80001908 (0x0000100f)
core   0: 0x8000190c (0x0354d433) divu    s0, s1, s5
core   0: 3 0x8000190c (0x0354d433) x 8 0x00000000
core   0: 0x80001910 (0x00000ae1) c.addi  s5, 24
core   0: 3 0x80001910 (0x0ae1) x21 0x00000017
core   0: 0x80001912 (0x00005c7d) c.li    s8, -1
core   0: 3 0x80001912 (0x5c7d) x24 0xffffffff
core   0: 0x80001914 (0x000099fd) c.andi  a1, -1
core   0: 3 0x80001914 (0x99fd) x11 0xffffffff
core   0: 0x80001916 (0xe15e6693) ori     a3, t3, -491
core   0: 3 0x80001916 (0xe15e6693) x13 0xfffffe15
core   0: 0x8000191a (0x000088a5) c.andi  s1, 9
core   0: 3 0x8000191a (0x88a5) x 9 0x00000000
core   0: 0x8000191c (0x40938433) sub     s0, t2, s1
core   0: 3 0x8000191c (0x40938433) x 8 0x00000000
core   0: 0x80001920 (0x7e5f2393) slti    t2, t5, 2021
core   0: 3 0x80001920 (0x7e5f2393) x 7 0x00000001
core   0: 0x80001924 (0x05580163) beq     a6, s5, pc + 66
core   0: 3 0x80001924 (0x05580163)
core   0: 0x80001928 (0x00bec5b3) xor     a1, t4, a1
core   0: 3 0x80001928 (0x00bec5b3) x11 0xfffffffe
core   0: 0x8000192c (0x03a38933) mul     s2, t2, s10
core   0: 3 0x8000192c (0x03a38933) x18 0xc0013672
core   0: 0x80001930 (0x01421a33) sll     s4, tp, s4
core   0: 3 0x80001930 (0x01421a33) x20 0x80026ce4
core   0: 0x80001934 (0x0184dc93) srli    s9, s1, 24
core   0: 3 0x80001934 (0x0184dc93) x25 0x00000000
core   0: 0x80001938 (0x03d965b3) rem     a1, s2, t4
core   0: 3 0x80001938 (0x03d965b3) x11 0x00000000
core   0: 0x8000193c (0x01b81e33) sll     t3, a6, s11
core   0: 3 0x8000193c (0x01b81e33) x28 0x0d3bd904
core   0: 0x80001940 (0x00008715) c.srai  a4, 5
core   0: 3 0x80001940 (0x8715) x14 0x00000000
core   0: 0x80001942 (0x762f3c37) lui     s8, 0x762f3
core   0: 3 0x80001942 (0x762f3c37) x24 0x762f3000
core   0: 0x80001946 (0x0000100f) fence.i
core   0: 3 0x80001946 (0x0000100f)
core   0: 0x8000194a (0x00006345) c.lui   t1, 0x11
core   0: 3 0x8000194a (0x6345) x 6 0x00011000
core   0: 0x8000194c (0x03439cb3) mulh    s9, t2, s4
core   0: 3 0x8000194c (0x03439cb3) x25 0xffffffff
core   0: 0x80001950 (0x412adcb3) sra     s9, s5, s2
core   0: 3 0x80001950 (0x412adcb3) x25 0x00000000
core   0: 0x80001954 (0x0000c989) c.beqz  a1, pc + 18
core   0: 3 0x80001954 (0xc989)
core   0: 0x80001966 (0xcbcf7e93) andi    t4, t5, -836
core   0: 3 0x80001966 (0xcbcf7e93) x29 0x00000000
core   0: 0x8000196a (0x01146e33) or      t3, s0, a7
core   0: 3 0x8000196a (0x01146e33) x28 0x00000001
core   0: 0x8000196e (0x00000001) c.nop
core   0: 3 0x8000196e (0x0001)
core   0: 0x80001970 (0x018cefb3) or      t6, s9, s8
core   0: 3 0x80001970 (0x018cefb3) x31 0x762f3000
core   0: 0x80001974 (0x3887ee93) ori     t4, a5, 904
core   0: 3 0x80001974 (0x3887ee93) x29 0xc11427aa
core   0: 0x80001978 (0x411e0a33) sub     s4, t3, a7
core   0: 3 0x80001978 (0x411e0a33) x20 0x00000000
core   0: 0x8000197c (0x00009b7d) c.andi  a4, -1
core   0: 3 0x8000197c (0x9b7d) x14 0x00000000
core   0: 0x8000197e (0x01a7acb3) slt     s9, a5, s10
core   0: 3 0x8000197e (0x01a7acb3) x25 0x00000000
core   0: 0x80001982 (0x9290c313) xori    t1, ra, -1751
core   0: 3 0x80001982 (0x9290c313) x 6 0xfffff929
core   0: 0x80001986 (0x11da0363) beq     s4, t4, pc + 262
core   0: 3 0x80001986 (0x11da0363)
core   0: 0x8000198a (0x00f44933) xor     s2, s0, a5
core   0: 3 0x8000198a (0x00f44933) x18 0xc1142522
core   0: 0x8000198e (0x0ff0000f) fence   iorw,iorw
core   0: 3 0x8000198e (0x0ff0000f)
core   0: 0x80001992 (0x03e943b3) div     t2, s2, t5
core   0: 3 0x80001992 (0x03e943b3) x 7 0xffffffff
core   0: 0x80001996 (0x00000001) c.nop
core   0: 3 0x80001996 (0x0001)
core   0: 0x80001998 (0x01f5d633) srl     a2, a1, t6
core   0: 3 0x80001998 (0x01f5d633) x12 0x00000000
core   0: 0x8000199c (0x0023a9b3) slt     s3, t2, sp
core   0: 3 0x8000199c (0x0023a9b3) x19 0x00000001
core   0: 0x800019a0 (0x0000e797) auipc   a5, 0xe
core   0: 3 0x800019a0 (0x0000e797) x15 0x8000f9a0
core   0: 0x800019a4 (0x7ba78793) addi    a5, a5, 1978
core   0: 3 0x800019a4 (0x7ba78793) x15 0x8001015a
core   0: 0x800019a8 (0xfe378fa3) sb      gp, -1(a5)
core   0: 3 0x800019a8 (0xfe378fa3) mem 0x80010159 0x0
core   0: 0x800019ac (0x03ff5333) divu    t1, t5, t6
core   0: 3 0x800019ac (0x03ff5333) x 6 0x00000000
core   0: 0x800019b0 (0xfff78a83) lb      s5, -1(a5)
core   0: 3 0x800019b0 (0xfff78a83) x21 0x00000000 mem 0x80010159
core   0: 0x800019b4 (0x00f7ca83) lbu     s5, 15(a5)
core   0: 3 0x800019b4 (0x00f7ca83) x21 0x00000006 mem 0x80010169
core   0: 0x800019b8 (0xffe7ce03) lbu     t3, -2(a5)
core   0: 3 0x800019b8 (0xffe7ce03) x28 0x00000034 mem 0x80010158
core   0: 0x800019bc (0x00279383) lh      t2, 2(a5)
core   0: 3 0x800019bc (0x00279383) x 7 0xffffb9fd mem 0x8001015c
core   0: 0x800019c0 (0xff07de03) lhu     t3, -16(a5)
core   0: 3 0x800019c0 (0xff07de03) x28 0x000085a6 mem 0x8001014a
core   0: 0x800019c4 (0x03350433) mul     s0, a0, s3
core   0: 3 0x800019c4 (0x03350433) x 8 0x00000000
core   0: 0x800019c8 (0x3be40313) addi    t1, s0, 958
core   0: 3 0x800019c8 (0x3be40313) x 6 0x000003be
core   0: 0x800019cc (0x00d7ca03) lbu     s4, 13(a5)
core   0: 3 0x800019cc (0x00d7ca03) x20 0x00000054 mem 0x80010167
core   0: 0x800019d0 (0x000006f6) c.slli  a3, 29
core   0: 3 0x800019d0 (0x06f6) x13 0xa0000000
core   0: 0x800019d2 (0x008546b3) xor     a3, a0, s0
core   0: 3 0x800019d2 (0x008546b3) x13 0x00000000
core   0: 0x800019d6 (0x009784a3) sb      s1, 9(a5)
core   0: 3 0x800019d6 (0x009784a3) mem 0x80010163 0x0
core   0: 0x800019da (0x01d79123) sh      t4, 2(a5)
core   0: 3 0x800019da (0x01d79123) mem 0x8001015c 0x27aa
core   0: 0x800019de (0xfe478da3) sb      tp, -5(a5)
core   0: 3 0x800019de (0xfe478da3) mem 0x80010155 0xe4
core   0: 0x800019e2 (0x00f7cc03) lbu     s8, 15(a5)
core   0: 3 0x800019e2 (0x00f7cc03) x24 0x00000006 mem 0x80010169
core   0: 0x800019e6 (0x0125db13) srli    s6, a1, 18
core   0: 3 0x800019e6 (0x0125db13) x22 0x00000000
core   0: 0x800019ea (0x0057cd83) lbu     s11, 5(a5)
core   0: 3 0x800019ea (0x0057cd83) x27 0x000000e1 mem 0x8001015f
core   0: 0x800019ee (0x000005ba) c.slli  a1, 14
core   0: 3 0x800019ee (0x05ba) x11 0x00000000
core   0: 0x800019f0 (0xff87ad23) sw      s8, -6(a5)
core   0: 3 0x800019f0 (0xff87ad23) mem 0x80010154 0x00000006
core   0: 0x800019f4 (0x01b79123) sh      s11, 2(a5)
core   0: 3 0x800019f4 (0x01b79123) mem 0x8001015c 0x00e1
core   0: 0x800019f8 (0x00378883) lb      a7, 3(a5)
core   0: 3 0x800019f8 (0x00378883) x17 0x00000000 mem 0x8001015d
core   0: 0x800019fc (0x0351d033) divu    zero, gp, s5
core   0: 3 0x800019fc (0x0351d033)
core   0: 0x80001a00 (0xff178f03) lb      t5, -15(a5)
core   0: 3 0x80001a00 (0xff178f03) x30 0xffffff85 mem 0x8001014b
core   0: 0x80001a04 (0xff978c83) lb      s9, -7(a5)
core   0: 3 0x80001a04 (0xff978c83) x25 0xffffff99 mem 0x80010153
core   0: 0x80001a08 (0x0120d693) srli    a3, ra, 18
core   0: 3 0x80001a08 (0x0120d693) x13 0x00000000
core   0: 0x80001a0c (0x039ac3b3) div     t2, s5, s9
core   0: 3 0x80001a0c (0x039ac3b3) x 7 0x00000000
core   0: 0x80001a10 (0xff57c003) lbu     zero, -11(a5)
core   0: 3 0x80001a10 (0xff57c003) mem 0x8001014f
core   0: 0x80001a14 (0x0000836d) c.srli  a4, 27
core   0: 3 0x80001a14 (0x836d) x14 0x00000000
core   0: 0x80001a16 (0x0017c403) lbu     s0, 1(a5)
core   0: 3 0x80001a16 (0x0017c403) x 8 0x00000004 mem 0x8001015b
core   0: 0x80001a1a (0x0000987d) c.andi  s0, -1
core   0: 3 0x80001a1a (0x987d) x 8 0x00000004
core   0: 0x80001a1c (0x016864b3) or      s1, a6, s6
core   0: 3 0x80001a1c (0x016864b3) x 9 0x0d3bd904
core   0: 0x80001a20 (0x019504b3) add     s1, a0, s9
core   0: 3 0x80001a20 (0x019504b3) x 9 0xffffff99
core   0: 0x80001a24 (0xff178403) lb      s0, -15(a5)
core   0: 3 0x80001a24 (0xff178403) x 8 0xffffff85 mem 0x8001014b
core   0: 0x80001a28 (0x01779223) sh      s7, 4(a5)
core   0: 3 0x80001a28 (0x01779223) mem 0x8001015e 0x0000
core   0: 0x80001a2c (0x03e29933) mulh    s2, t0, t5
core   0: 3 0x80001a2c (0x03e29933) x18 0x0000003d
core   0: 0x80001a30 (0xfe979a23) sh      s1, -12(a5)
core   0: 3 0x80001a30 (0xfe979a23) mem 0x8001014e 0xff99
core   0: 0x80001a34 (0x403a5833) sra     a6, s4, gp
core   0: 3 0x80001a34 (0x403a5833) x16 0x00000054
core   0: 0x80001a38 (0xfe378ea3) sb      gp, -3(a5)
core   0: 3 0x80001a38 (0xfe378ea3) mem 0x80010157 0x0
core   0: 0x80001a3c (0x171fe813) ori     a6, t6, 369
core   0: 3 0x80001a3c (0x171fe813) x16 0x762f3171
core   0: 0x80001a40 (0x0057c803) lbu     a6, 5(a5)
core   0: 3 0x80001a40 (0x0057c803) x16 0x00000000 mem 0x8001015f
core   0: 0x80001a44 (0x405cd813) srai    a6, s9, 5
core   0: 3 0x80001a44 (0x405cd813) x16 0xfffffffc
core   0: 0x80001a48 (0x01ecde93) srli    t4, s9, 30
core   0: 3 0x80001a48 (0x01ecde93) x29 0x00000003
core   0: 0x80001a4c (0xff178003) lb      zero, -15(a5)
core   0: 3 0x80001a4c (0xff178003) mem 0x8001014b
core   0: 0x80001a50 (0xff07d583) lhu     a1, -16(a5)
core   0: 3 0x80001a50 (0xff07d583) x11 0x000085a6 mem 0x8001014a
core   0: 0x80001a54 (0x41485bb3) sra     s7, a6, s4
core   0: 3 0x80001a54 (0x41485bb3) x23 0xffffffff
core   0: 0x80001a58 (0x400e0bb3) sub     s7, t3, zero
core   0: 3 0x80001a58 (0x400e0bb3) x23 0x000085a6
core   0: 0x80001a5c (0xff97c083) lbu     ra, -7(a5)
core   0: 3 0x80001a5c (0xff97c083) x 1 0x00000099 mem 0x80010153
core   0: 0x80001a60 (0xffc79403) lh      s0, -4(a5)
core   0: 3 0x80001a60 (0xffc79403) x 8 0x00000000 mem 0x80010156
core   0: 0x80001a64 (0x00a79703) lh      a4, 10(a5)
core   0: 3 0x80001a64 (0x00a79703) x14 0xffffea07 mem 0x80010164
core   0: 0x80001a68 (0x00ea9593) slli    a1, s5, 14
core   0: 3 0x80001a68 (0x00ea9593) x11 0x00018000
core   0: 0x80001a6c (0x00478b03) lb      s6, 4(a5)
core   0: 3 0x80001a6c (0x00478b03) x22 0x00000000 mem 0x8001015e
core   0: 0x80001a70 (0x0112d263) bge     t0, a7, pc + 4
core   0: 3 0x80001a70 (0x0112d263)
core   0: 0x80001a74 (0xa218ba13) sltiu   s4, a7, -1503
core   0: 3 0x80001a74 (0xa218ba13) x20 0x00000001
core   0: 0x80001a78 (0x00008739) c.srai  a4, 14
core   0: 3 0x80001a78 (0x8739) x14 0xffffffff
core   0: 0x80001a7a (0x0000ed89) c.bnez  a1, pc + 26
core   0: 3 0x80001a7a (0xed89)
core   0: 0x80001a94 (0x0000cd01) c.beqz  a0, pc + 24
core   0: 3 0x80001a94 (0xcd01)
core   0: 0x80001aac (0x3a3eab13) slti    s6, t4, 931
core   0: 3 0x80001aac (0x3a3eab13) x22 0x00000001
core   0: 0x80001ab0 (0x00004cc9) c.li    s9, 18
core   0: 3 0x80001ab0 (0x4cc9) x25 0x00000012
core   0: 0x80001ab2 (0x4e900513) li      a0, 1257
core   0: 3 0x80001ab2 (0x4e900513) x10 0x000004e9
core   0: 0x80001ab6 (0x00008e8d) c.sub   a3, a1
core   0: 3 0x80001ab6 (0x8e8d) x13 0xfffe8000
core   0: 0x80001ab8 (0x0000891e) c.mv    s2, t2
core   0: 3 0x80001ab8 (0x891e) x18 0x00000000
core   0: 0x80001aba (0x0116e263) bltu    a3, a7, pc + 4
core   0: 3 0x80001aba (0x0116e263)
core   0: 0x80001abe (0x00804a33) xor     s4, zero, s0
core   0: 3 0x80001abe (0x00804a33) x20 0x00000000
core   0: 0x80001ac2 (0x00008e29) c.xor   a2, a0
core   0: 3 0x80001ac2 (0x8e29) x12 0x000004e9
core   0: 0x80001ac4 (0x15fa4093) xori    ra, s4, 351
core   0: 3 0x80001ac4 (0x15fa4093) x 1 0x0000015f
core   0: 0x80001ac8 (0x0000537d) c.li    t1, -1
core   0: 3 0x80001ac8 (0x537d) x 6 0xffffffff
core   0: 0x80001aca (0x01bdddb3) srl     s11, s11, s11
core   0: 3 0x80001aca (0x01bdddb3) x27 0x00000070
core   0: 0x80001ace (0x41010bb3) sub     s7, sp, a6
core   0: 3 0x80001ace (0x41010bb3) x23 0x00000010
core   0: 0x80001ad2 (0x015f9c63) bne     t6, s5, pc + 24
core   0: 3 0x80001ad2 (0x015f9c63)
core   0: 0x80001aea (0x735f9637) lui     a2, 0x735f9
core   0: 3 0x80001aea (0x735f9637) x12 0x735f9000
core   0: 0x80001aee (0x000d0433) add     s0, s10, zero
core   0: 3 0x80001aee (0x000d0433) x 8 0xc0013672
core   0: 0x80001af2 (0xf1452617) auipc   a2, 0xf1452
core   0: 3 0x80001af2 (0xf1452617) x12 0x71453af2
core   0: 0x80001af6 (0x8eed9d97) auipc   s11, 0x8eed9
core   0: 3 0x80001af6 (0x8eed9d97) x27 0x0eedaaf6
core   0: 0x80001afa (0x0000c889) c.beqz  s1, pc + 18
core   0: 3 0x80001afa (0xc889)
core   0: 0x80001afc (0x0000ce9d) c.beqz  a3, pc + 62
core   0: 3 0x80001afc (0xce9d)
core   0: 0x80001afe (0x0196abb3) slt     s7, a3, s9
core   0: 3 0x80001afe (0x0196abb3) x23 0x00000001
core   0: 0x80001b02 (0x41605e13) srai    t3, zero, 22
core   0: 3 0x80001b02 (0x41605e13) x28 0x00000000
core   0: 0x80001b06 (0x00008a52) c.mv    s4, s4
core   0: 3 0x80001b06 (0x8a52) x20 0x00000000
core   0: 0x80001b08 (0x025587b3) mul     a5, a1, t0
core   0: 3 0x80001b08 (0x025587b3) x15 0x45960000
core   0: 0x80001b0c (0x410f58b3) sra     a7, t5, a6
core   0: 3 0x80001b0c (0x410f58b3) x17 0xffffffff
core   0: 0x80001b10 (0x003b1a33) sll     s4, s6, gp
core   0: 3 0x80001b10 (0x003b1a33) x20 0x00000001
core   0: 0x80001b14 (0x00008fd9) c.or    a5, a4
core   0: 3 0x80001b14 (0x8fd9) x15 0xffffffff
core   0: 0x80001b16 (0x02bb8a33) mul     s4, s7, a1
core   0: 3 0x80001b16 (0x02bb8a33) x20 0x00018000
core   0: 0x80001b1a (0x010e9093) slli    ra, t4, 16
core   0: 3 0x80001b1a (0x010e9093) x 1 0x00030000
core   0: 0x80001b1e (0x03050b63) beq     a0, a6, pc + 54
core   0: 3 0x80001b1e (0x03050b63)
core   0: 0x80001b22 (0x01830533) add     a0, t1, s8
core   0: 3 0x80001b22 (0x01830533) x10 0x00000005
core   0: 0x80001b26 (0x0000e291) c.bnez  a3, pc + 4
core   0: 3 0x80001b26 (0xe291)
core   0: 0x80001b2a (0x015fe333) or      t1, t6, s5
core   0: 3 0x80001b2a (0x015fe333) x 6 0x762f3006
core   0: 0x80001b2e (0x41e38333) sub     t1, t2, t5
core   0: 3 0x80001b2e (0x41e38333) x 6 0x0000007b
core   0: 0x80001b32 (0x4ac93c37) lui     s8, 0x4ac93
core   0: 3 0x80001b32 (0x4ac93c37) x24 0x4ac93000
core   0: 0x80001b36 (0x00000001) c.nop
core   0: 3 0x80001b36 (0x0001)
core   0: 0x80001b38 (0x00000001) c.nop
core   0: 3 0x80001b38 (0x0001)
core   0: 0x80001b3a (0x0ff0000f) fence   iorw,iorw
core   0: 3 0x80001b3a (0x0ff0000f)
core   0: 0x80001b3e (0x00000001) c.nop
core   0: 3 0x80001b3e (0x0001)
core   0: 0x80001b40 (0x03831e33) mulh    t3, t1, s8
core   0: 3 0x80001b40 (0x03831e33) x28 0x00000023
core   0: 0x80001b44 (0x003980b3) add     ra, s3, gp
core   0: 3 0x80001b44 (0x003980b3) x 1 0x00000001
core   0: 0x80001b48 (0xe9aaf313) andi    t1, s5, -358
core   0: 3 0x80001b48 (0xe9aaf313) x 6 0x00000002
core   0: 0x80001b4c (0x05127063) bgeu    tp, a7, pc + 64
core   0: 3 0x80001b4c (0x05127063)
core   0: 0x80001b50 (0x57416013) ori     zero, sp, 1396
core   0: 3 0x80001b50 (0x57416013)
core   0: 0x80001b54 (0x00000001) c.nop
core   0: 3 0x80001b54 (0x0001)
core   0: 0x80001b56 (0x1e49b793) sltiu   a5, s3, 484
core   0: 3 0x80001b56 (0x1e49b793) x15 0x00000001
core   0: 0x80001b5a (0x64f72f93) slti    t6, a4, 1615
core   0: 3 0x80001b5a (0x64f72f93) x31 0x00000001
core   0: 0x80001b5e (0x30907a93) andi    s5, zero, 777
core   0: 3 0x80001b5e (0x30907a93) x21 0x00000000
core   0: 0x80001b62 (0x000087fd) c.srai  a5, 31
core   0: 3 0x80001b62 (0x87fd) x15 0x00000000
core   0: 0x80001b64 (0x00005b7d) c.li    s6, -1
core   0: 3 0x80001b64 (0x5b7d) x22 0xffffffff
core   0: 0x80001b66 (0x01b8d1b3) srl     gp, a7, s11
core   0: 3 0x80001b66 (0x01b8d1b3) x 3 0x000003ff
core   0: 0x80001b6a (0x0000137d) c.addi  t1, -1
core   0: 3 0x80001b6a (0x137d) x 6 0x00000001
core   0: 0x80001b6c (0x41a65713) srai    a4, a2, 26
core   0: 3 0x80001b6c (0x41a65713) x14 0x0000001c
core   0: 0x80001b70 (0x031edfb3) divu    t6, t4, a7
core   0: 3 0x80001b70 (0x031edfb3) x31 0x00000000
core   0: 0x80001b74 (0x00004eb9) c.li    t4, 14
core   0: 3 0x80001b74 (0x4eb9) x29 0x0000000e
core   0: 0x80001b76 (0x03ff6c63) bltu    t5, t6, pc + 56
core   0: 3 0x80001b76 (0x03ff6c63)
core   0: 0x80001b7a (0x02ad9633) mulh    a2, s11, a0
core   0: 3 0x80001b7a (0x02ad9633) x12 0x00000000
core   0: 0x80001b7e (0x00008d66) c.mv    s10, s9
core   0: 3 0x80001b7e (0x8d66) x26 0x00000012
core   0: 0x80001b80 (0x01c3ccb3) xor     s9, t2, t3
core   0: 3 0x80001b80 (0x01c3ccb3) x25 0x00000023
core   0: 0x80001b84 (0xe982b513) sltiu   a0, t0, -360
core   0: 3 0x80001b84 (0xe982b513) x10 0x00000001
core   0: 0x80001b88 (0x03d66a33) rem     s4, a2, t4
core   0: 3 0x80001b88 (0x03d66a33) x20 0x00000000
core   0: 0x80001b8c (0x01b724b3) slt     s1, a4, s11
core   0: 3 0x80001b8c (0x01b724b3) x 9 0x00000001
core   0: 0x80001b90 (0x00000986) c.slli  s3, 1
core   0: 3 0x80001b90 (0x0986) x19 0x00000002
core   0: 0x80001b92 (0x2c307b93) andi    s7, zero, 707
core   0: 3 0x80001b92 (0x2c307b93) x23 0x00000000
core   0: 0x80001b96 (0x03545b63) bge     s0, s5, pc + 54
core   0: 3 0x80001b96 (0x03545b63)
core   0: 0x80001b9a (0x0000e60d) c.bnez  a2, pc + 42
core   0: 3 0x80001b9a (0xe60d)
core   0: 0x80001b9c (0x0ff0000f) fence   iorw,iorw
core   0: 3 0x80001b9c (0x0ff0000f)
core   0: 0x80001ba0 (0x02a1f333) remu    t1, gp, a0
core   0: 3 0x80001ba0 (0x02a1f333) x 6 0x00000000
core   0: 0x80001ba4 (0xb2c42913) slti    s2, s0, -1236
core   0: 3 0x80001ba4 (0xb2c42913) x18 0x00000001
core   0: 0x80001ba8 (0x02c865b3) rem     a1, a6, a2
core   0: 3 0x80001ba8 (0x02c865b3) x11 0xfffffffc
core   0: 0x80001bac (0x000098fd) c.andi  s1, -1
core   0: 3 0x80001bac (0x98fd) x 9 0x00000001
core   0: 0x80001bae (0x00008751) c.srai  a4, 20
core   0: 3 0x80001bae (0x8751) x14 0x00000000
core   0: 0x80001bb0 (0x038b3db3) mulhu   s11, s6, s8
core   0: 3 0x80001bb0 (0x038b3db3) x27 0x4ac92fff
core   0: 0x80001bb4 (0x500a3197) auipc   gp, 0x500a3
core   0: 3 0x80001bb4 (0x500a3197) x 3 0xd00a4bb4
core   0: 0x80001bb8 (0x0058b533) sltu    a0, a7, t0
core   0: 3 0x80001bb8 (0x0058b533) x10 0x00000000
core   0: 0x80001bbc (0x034506b3) mul     a3, a0, s4
core   0: 3 0x80001bbc (0x034506b3) x13 0x00000000
core   0: 0x80001bc0 (0x9f360c13) addi    s8, a2, -1549
core   0: 3 0x80001bc0 (0x9f360c13) x24 0xfffff9f3
core   0: 0x80001bc4 (0x00006545) c.lui   a0, 0x11
core   0: 3 0x80001bc4 (0x6545) x10 0x00011000
core   0: 0x80001bc6 (0x0000c189) c.beqz  a1, pc + 2
core   0: 3 0x80001bc6 (0xc189)
core   0: 0x80001bc8 (0x01c9d033) srl     zero, s3, t3
core   0: 3 0x80001bc8 (0x01c9d033)
core   0: 0x80001bcc (0x01844e33) xor     t3, s0, s8
core   0: 3 0x80001bcc (0x01844e33) x28 0x3ffecf81
core   0: 0x80001bd0 (0x502bc413) xori    s0, s7, 1282
core   0: 3 0x80001bd0 (0x502bc413) x 8 0x00000502
core   0: 0x80001bd4 (0x028386b3) mul     a3, t2, s0
core   0: 3 0x80001bd4 (0x028386b3) x13 0x00000000
core   0: 0x80001bd8 (0x0038e0b3) or      ra, a7, gp
core   0: 3 0x80001bd8 (0x0038e0b3) x 1 0xffffffff
core   0: 0x80001bdc (0x0000100f) fence.i
core   0: 3 0x80001bdc (0x0000100f)
core   0: 0x80001be0 (0xdd33e1b7) lui     gp, 0xdd33e
core   0: 3 0x80001be0 (0xdd33e1b7) x 3 0xdd33e000
core   0: 0x80001be4 (0x41ad5fb3) sra     t6, s10, s10
core   0: 3 0x80001be4 (0x41ad5fb3) x31 0x00000000
core   0: 0x80001be8 (0x02373933) mulhu   s2, a4, gp
core   0: 3 0x80001be8 (0x02373933) x18 0x00000000
core   0: 0x80001bec (0x0229d3b3) divu    t2, s3, sp
core   0: 3 0x80001bec (0x0229d3b3) x 7 0x00000000
core   0: 0x80001bf0 (0xec2fac13) slti    s8, t6, -318
core   0: 3 0x80001bf0 (0xec2fac13) x24 0x00000000
core   0: 0x80001bf4 (0x0000c991) c.beqz  a1, pc + 20
core   0: 3 0x80001bf4 (0xc991)
core   0: 0x80001bf6 (0x409e5913) srai    s2, t3, 9
core   0: 3 0x80001bf6 (0x409e5913) x18 0x001fff67
core   0: 0x80001bfa (0x81049c37) lui     s8, 0x81049
core   0: 3 0x80001bfa (0x81049c37) x24 0x81049000
core   0: 0x80001bfe (0x046cc263) blt     s9, t1, pc + 68
core   0: 3 0x80001bfe (0x046cc263)
core   0: 0x80001c02 (0x02c384b3) mul     s1, t2, a2
core   0: 3 0x80001c02 (0x02c384b3) x 9 0x00000000
core   0: 0x80001c06 (0x00000001) c.nop
core   0: 3 0x80001c06 (0x0001)
core   0: 0x80001c08 (0xa7706913) ori     s2, zero, -1417
core   0: 3 0x80001c08 (0xa7706913) x18 0xfffffa77
core   0: 0x80001c0c (0x00000001) c.nop
core   0: 3 0x80001c0c (0x0001)
core   0: 0x80001c0e (0x0330b4b3) mulhu   s1, ra, s3
core   0: 3 0x80001c0e (0x0330b4b3) x 9 0x00000001
core   0: 0x80001c12 (0x00008ce9) c.and   s1, a0
core   0: 3 0x80001c12 (0x8ce9) x 9 0x00000000
core   0: 0x80001c14 (0x0324ab33) mulhsu  s6, s1, s2
core   0: 3 0x80001c14 (0x0324ab33) x22 0x00000000
core   0: 0x80001c18 (0x4434b017) auipc   zero, 0x4434b
core   0: 3 0x80001c18 (0x4434b017)
core   0: 0x80001c1c (0x03a84c63) blt     a6, s10, pc + 56
core   0: 3 0x80001c1c (0x03a84c63)
core   0: 0x80001c54 (0x00b79893) slli    a7, a5, 11
core   0: 3 0x80001c54 (0x00b79893) x17 0x00000000
core   0: 0x80001c58 (0x03701833) mulh    a6, zero, s7
core   0: 3 0x80001c58 (0x03701833) x16 0x00000000
core   0: 0x80001c5c (0x0000cb09) c.beqz  a4, pc + 18
core   0: 3 0x80001c5c (0xcb09)
core   0: 0x80001c6e (0x9b836013) ori     zero, t1, -1608
core   0: 3 0x80001c6e (0x9b836013)
core   0: 0x80001c72 (0x01dbcf63) blt     s7, t4, pc + 30
core   0: 3 0x80001c72 (0x01dbcf63)
core   0: 0x80001c90 (0x000019fd) c.addi  s3, -1
core   0: 3 0x80001c90 (0x19fd) x19 0x00000001
core   0: 0x80001c92 (0x020ed8b3) divu    a7, t4, zero
core   0: 3 0x80001c92 (0x020ed8b3) x17 0xffffffff
core   0: 0x80001c96 (0x00000861) c.addi  a6, 24
core   0: 3 0x80001c96 (0x0861) x16 0x00000018
core   0: 0x80001c98 (0x0ff0000f) fence   iorw,iorw
core   0: 3 0x80001c98 (0x0ff0000f)
core   0: 0x80001c9c (0x00f748b3) xor     a7, a4, a5
core   0: 3 0x80001c9c (0x00f748b3) x17 0x00000000
core   0: 0x80001ca0 (0x01a2cb63) blt     t0, s10, pc + 22
core   0: 3 0x80001ca0 (0x01a2cb63)
core   0: 0x80001cb6 (0x00008ebd) c.xor   a3, a5
core   0: 3 0x80001cb6 (0x8ebd) x13 0x00000000
core   0: 0x80001cb8 (0x2446e937) lui     s2, 0x2446e
core   0: 3 0x80001cb8 (0x2446e937) x18 0x2446e000
core   0: 0x80001cbc (0x002ddf13) srli    t5, s11, 2
core   0: 3 0x80001cbc (0x002ddf13) x30 0x12b24bff
core   0: 0x80001cc0 (0x008fafb3) slt     t6, t6, s0
core   0: 3 0x80001cc0 (0x008fafb3) x31 0x00000001
core   0: 0x80001cc4 (0x01dc2333) slt     t1, s8, t4
core   0: 3 0x80001cc4 (0x01dc2333) x 6 0x00000001
core   0: 0x80001cc8 (0x40fad5b3) sra     a1, s5, a5
core   0: 3 0x80001cc8 (0x40fad5b3) x11 0x00000000
core   0: 0x80001ccc (0x0140b3b3) sltu    t2, ra, s4
core   0: 3 0x80001ccc (0x0140b3b3) x 7 0x00000000
core   0: 0x80001cd0 (0x000084c5) c.srai  s1, 17
core   0: 3 0x80001cd0 (0x84c5) x 9 0x00000000
core   0: 0x80001cd2 (0x0273cab3) div     s5, t2, t2
core   0: 3 0x80001cd2 (0x0273cab3) x21 0xffffffff
core   0: 0x80001cd6 (0x00c01813) slli    a6, zero, 12
core   0: 3 0x80001cd6 (0x00c01813) x16 0x00000000
core   0: 0x80001cda (0x000014fd) c.addi  s1, -1
core   0: 3 0x80001cda (0x14fd) x 9 0xffffffff
core   0: 0x80001cdc (0x0000ca99) c.beqz  a3, pc + 22
core   0: 3 0x80001cdc (0xca99)
core   0: 0x80001cf2 (0x027271b3) remu    gp, tp, t2
core   0: 3 0x80001cf2 (0x027271b3) x 3 0x80026ce4
core   0: 0x80001cf6 (0x000003e2) c.slli  t2, 24
core   0: 3 0x80001cf6 (0x03e2) x 7 0x00000000
core   0: 0x80001cf8 (0x01504733) xor     a4, zero, s5
core   0: 3 0x80001cf8 (0x01504733) x14 0xffffffff
core   0: 0x80001cfc (0x00000001) c.nop
core   0: 3 0x80001cfc (0x0001)
core   0: 0x80001cfe (0x022283b3) mul     t2, t0, sp
core   0: 3 0x80001cfe (0x022283b3) x 7 0x001a2cb0
core   0: 0x80001d02 (0x0000e019) c.bnez  s0, pc + 6
core   0: 3 0x80001d02 (0xe019)
core   0: 0x80001d08 (0x0117d613) srli    a2, a5, 17
core   0: 3 0x80001d08 (0x0117d613) x12 0x00000000
core   0: 0x80001d0c (0x41c85a33) sra     s4, a6, t3
core   0: 3 0x80001d0c (0x41c85a33) x20 0x00000000
core   0: 0x80001d10 (0x02dd2433) mulhsu  s0, s10, a3
core   0: 3 0x80001d10 (0x02dd2433) x 8 0x00000000
core   0: 0x80001d14 (0xc5502513) slti    a0, zero, -939
core   0: 3 0x80001d14 (0xc5502513) x10 0x00000000
core   0: 0x80001d18 (0x0393aab3) mulhsu  s5, t2, s9
core   0: 3 0x80001d18 (0x0393aab3) x21 0x00000000
core   0: 0x80001d1c (0x1d822593) slti    a1, tp, 472
core   0: 3 0x80001d1c (0x1d822593) x11 0x00000001
core   0: 0x80001d20 (0x00000eb6) c.slli  t4, 13
core   0: 3 0x80001d20 (0x0eb6) x29 0x0001c000
core   0: 0x80001d22 (0x03237763) bgeu    t1, s2, pc + 46
core   0: 3 0x80001d22 (0x03237763)
core   0: 0x80001d26 (0x03255663) bge     a0, s2, pc + 44
core   0: 3 0x80001d26 (0x03255663)
core   0: 0x80001d2a (0x00000001) c.nop
core   0: 3 0x80001d2a (0x0001)
core   0: 0x80001d2c (0x00000001) c.nop
core   0: 3 0x80001d2c (0x0001)
core   0: 0x80001d2e (0x02971763) bne     a4, s1, pc + 46
core   0: 3 0x80001d2e (0x02971763)
core   0: 0x80001d32 (0x00008e8d) c.sub   a3, a1
core   0: 3 0x80001d32 (0x8e8d) x13 0xffffffff
core   0: 0x80001d34 (0x0ff0000f) fence   iorw,iorw
core   0: 3 0x80001d34 (0x0ff0000f)
core   0: 0x80001d38 (0x00000001) c.nop
core   0: 3 0x80001d38 (0x0001)
core   0: 0x80001d3a (0xbe3c7493) andi    s1, s8, -1053
core   0: 3 0x80001d3a (0xbe3c7493) x 9 0x81049000
core   0: 0x80001d3e (0x4ed3a493) slti    s1, t2, 1261
core   0: 3 0x80001d3e (0x4ed3a493) x 9 0x00000000
core   0: 0x80001d42 (0x00ff4d33) xor     s10, t5, a5
core   0: 3 0x80001d42 (0x00ff4d33) x26 0x12b24bff
core   0: 0x80001d46 (0x00009686) c.add   a3, ra
core   0: 3 0x80001d46 (0x9686) x13 0xfffffffe
core   0: 0x80001d48 (0x000087a9) c.srai  a5, 10
core   0: 3 0x80001d48 (0x87a9) x15 0x00000000
core   0: 0x80001d4a (0x0000e715) c.bnez  a4, pc + 44
core   0: 3 0x80001d4a (0xe715)
core   0: 0x80001d76 (0x00000001) c.nop
core   0: 3 0x80001d76 (0x0001)
core   0: 0x80001d78 (0x00009b16) c.add   s6, t0
core   0: 3 0x80001d78 (0x9b16) x22 0x80022e64
core   0: 0x80001d7a (0x01a0d093) srli    ra, ra, 26
core   0: 3 0x80001d7a (0x01a0d093) x 1 0x0000003f
core   0: 0x80001d7e (0x2e449037) lui     zero, 0x2e449
core   0: 3 0x80001d7e (0x2e449037)
core   0: 0x80001d82 (0x03415333) divu    t1, sp, s4
core   0: 3 0x80001d82 (0x03415333) x 6 0xffffffff
core   0: 0x80001d86 (0x00008e65) c.and   a2, s1
core   0: 3 0x80001d86 (0x8e65) x12 0x00000000
core   0: 0x80001d88 (0x0091fb33) and     s6, gp, s1
core   0: 3 0x80001d88 (0x0091fb33) x22 0x00000000
core   0: 0x80001d8c (0x409056b3) sra     a3, zero, s1
core   0: 3 0x80001d8c (0x409056b3) x13 0x00000000
core   0: 0x80001d90 (0x02cbc7b3) div     a5, s7, a2
core   0: 3 0x80001d90 (0x02cbc7b3) x15 0xffffffff
core   0: 0x80001d94 (0x00000001) c.nop
core   0: 3 0x80001d94 (0x0001)
core   0: 0x80001d96 (0x021a6433) rem     s0, s4, ra
core   0: 3 0x80001d96 (0x021a6433) x 8 0x00000000
core   0: 0x80001d9a (0x908ce613) ori     a2, s9, -1784
core   0: 3 0x80001d9a (0x908ce613) x12 0xfffff92b
core   0: 0x80001d9e (0x6d8e7393) andi    t2, t3, 1752
core   0: 3 0x80001d9e (0x6d8e7393) x 7 0x00000680
core   0: 0x80001da2 (0x05286263) bltu    a6, s2, pc + 68
core   0: 3 0x80001da2 (0x05286263)
core   0: 0x80001de6 (0x00000d35) c.addi  s10, 13
core   0: 3 0x80001de6 (0x0d35) x26 0x12b24c0c
core   0: 0x80001de8 (0x0000ea99) c.bnez  a3, pc + 22
core   0: 3 0x80001de8 (0xea99)
core   0: 0x80001dea (0x04425063) bge     tp, tp, pc + 64
core   0: 3 0x80001dea (0x04425063)
core   0: 0x80001e2a (0x01454833) xor     a6, a0, s4
core   0: 3 0x80001e2a (0x01454833) x16 0x00000000
core   0: 0x80001e2e (0x02e1b9b3) mulhu   s3, gp, a4
core   0: 3 0x80001e2e (0x02e1b9b3) x19 0x80026ce3
core   0: 0x80001e32 (0x01d00263) beq     zero, t4, pc + 4
core   0: 3 0x80001e32 (0x01d00263)
core   0: 0x80001e36 (0x03c60333) mul     t1, a2, t3
core   0: 3 0x80001e36 (0x03c60333) x 6 0xc82053ab
core   0: 0x80001e3a (0x000007d9) c.addi  a5, 22
core   0: 3 0x80001e3a (0x07d9) x15 0x00000015
core   0: 0x80001e3c (0x01597a63) bgeu    s2, s5, pc + 20
core   0: 3 0x80001e3c (0x01597a63)
core   0: 0x80001e50 (0x34c17b17) auipc   s6, 0x34c17
core   0: 3 0x80001e50 (0x34c17b17) x22 0xb4c18e50
core   0: 0x80001e54 (0x0000100f) fence.i
core   0: 3 0x80001e54 (0x0000100f)
core   0: 0x80001e58 (0x000083b9) c.srli  a5, 14
core   0: 3 0x80001e58 (0x83b9) x15 0x00000000
core   0: 0x80001e5a (0x00009e72) c.add   t3, t3
core   0: 3 0x80001e5a (0x9e72) x28 0x7ffd9f02
core   0: 0x80001e5c (0x00000001) c.nop
core   0: 3 0x80001e5c (0x0001)
core   0: 0x80001e5e (0x02698f63) beq     s3, t1, pc + 62
core   0: 3 0x80001e5e (0x02698f63)
core   0: 0x80001e62 (0x00008aa6) c.mv    s5, s1
core   0: 3 0x80001e62 (0x8aa6) x21 0x00000000
core   0: 0x80001e64 (0x006acf63) blt     s5, t1, pc + 30
core   0: 3 0x80001e64 (0x006acf63)
core   0: 0x80001e68 (0x03819633) mulh    a2, gp, s8
core   0: 3 0x80001e68 (0x03819633) x12 0x3f7c8405
core   0: 0x80001e6c (0x00008cf5) c.and   s1, a3
core   0: 3 0x80001e6c (0x8cf5) x 9 0x00000000
core   0: 0x80001e6e (0x02b16933) rem     s2, sp, a1
core   0: 3 0x80001e6e (0x02b16933) x18 0x00000000
core   0: 0x80001e72 (0x015a1263) bne     s4, s5, pc + 4
core   0: 3 0x80001e72 (0x015a1263)
core   0: 0x80001e76 (0x01bae633) or      a2, s5, s11
core   0: 3 0x80001e76 (0x01bae633) x12 0x4ac92fff
core   0: 0x80001e7a (0xbb91c093) xori    ra, gp, -1095
core   0: 3 0x80001e7a (0xbb91c093) x 1 0x7ffd975d
core   0: 0x80001e7e (0x01754033) xor     zero, a0, s7
core   0: 3 0x80001e7e (0x01754033)
core   0: 0x80001e82 (0x4b32e937) lui     s2, 0x4b32e
core   0: 3 0x80001e82 (0x4b32e937) x18 0x4b32e000
core   0: 0x80001e86 (0x03299fb3) mulh    t6, s3, s2
core   0: 3 0x80001e86 (0x03299fb3) x31 0xda674661
core   0: 0x80001e8a (0x01af1b33) sll     s6, t5, s10
core   0: 3 0x80001e8a (0x01af1b33) x22 0x24bff000
core   0: 0x80001e8e (0x03e215b3) mulh    a1, tp, t5
core   0: 3 0x80001e8e (0x03e215b3) x11 0xf6a70758
core   0: 0x80001e92 (0x0328aeb3) mulhsu  t4, a7, s2
core   0: 3 0x80001e92 (0x0328aeb3) x29 0x00000000
core   0: 0x80001e96 (0x00431a93) slli    s5, t1, 4
core   0: 3 0x80001e96 (0x00431a93) x21 0x82053ab0
core   0: 0x80001e9a (0x00000001) c.nop
core   0: 3 0x80001e9a (0x0001)
core   0: 0x80001e9c (0x004ef433) and     s0, t4, tp
core   0: 3 0x80001e9c (0x004ef433) x 8 0x00000000
core   0: 0x80001ea0 (0x01ed63b3) or      t2, s10, t5
core   0: 3 0x80001ea0 (0x01ed63b3) x 7 0x12b24fff
core   0: 0x80001ea4 (0x0017de33) srl     t3, a5, ra
core   0: 3 0x80001ea4 (0x0017de33) x28 0x00000000
core   0: 0x80001ea8 (0x012775b3) and     a1, a4, s2
core   0: 3 0x80001ea8 (0x012775b3) x11 0x4b32e000
core   0: 0x80001eac (0x0135e433) or      s0, a1, s3
core   0: 3 0x80001eac (0x0135e433) x 8 0xcb32ece3
core   0: 0x80001eb0 (0x00008f91) c.sub   a5, a2
core   0: 3 0x80001eb0 (0x8f91) x15 0xb536d001
core   0: 0x80001eb2 (0x009feeb3) or      t4, t6, s1
core   0: 3 0x80001eb2 (0x009feeb3) x29 0xda674661
core   0: 0x80001eb6 (0x00008d99) c.sub   a1, a4
core   0: 3 0x80001eb6 (0x8d99) x11 0x4b32e001
core   0: 0x80001eb8 (0x000068d1) c.lui   a7, 0x14
core   0: 3 0x80001eb8 (0x68d1) x17 0x00014000
core   0: 0x80001eba (0x0379c8b3) div     a7, s3, s7
core   0: 3 0x80001eba (0x0379c8b3) x17 0xffffffff
core   0: 0x80001ebe (0x014d4b33) xor     s6, s10, s4
core   0: 3 0x80001ebe (0x014d4b33) x22 0x12b24c0c
core   0: 0x80001ec2 (0x00006885) c.lui   a7, 0x1
core   0: 3 0x80001ec2 (0x6885) x17 0x00001000
core   0: 0x80001ec4 (0x03ca8933) mul     s2, s5, t3
core   0: 3 0x80001ec4 (0x03ca8933) x18 0x00000000
core   0: 0x80001ec8 (0x0013ce63) blt     t2, ra, pc + 28
core   0: 3 0x80001ec8 (0x0013ce63)
core   0: 0x80001ee4 (0x00008f31) c.xor   a4, a2
core   0: 3 0x80001ee4 (0x8f31) x14 0xb536d000
core   0: 0x80001ee6 (0x035e85b3) mul     a1, t4, s5
core   0: 3 0x80001ee6 (0x035e85b3) x11 0x2ed75cb0
core   0: 0x80001eea (0x494c6513) ori     a0, s8, 1172
core   0: 3 0x80001eea (0x494c6513) x10 0x81049494
core   0: 0x80001eee (0x409e5593) srai    a1, t3, 9
core   0: 3 0x80001eee (0x409e5593) x11 0x00000000
core   0: 0x80001ef2 (0x01d1c4b3) xor     s1, gp, t4
core   0: 3 0x80001ef2 (0x01d1c4b3) x 9 0x5a652a85
core   0: 0x80001ef6 (0x035ef3b3) remu    t2, t4, s5
core   0: 3 0x80001ef6 (0x035ef3b3) x 7 0x58620bb1
core   0: 0x80001efa (0x26ae3e97) auipc   t4, 0x26ae3
core   0: 3 0x80001efa (0x26ae3e97) x29 0xa6ae4efa
core   0: 0x80001efe (0x0ff0000f) fence   iorw,iorw
core   0: 3 0x80001efe (0x0ff0000f)
core   0: 0x80001f02 (0x01359d13) slli    s10, a1, 19
core   0: 3 0x80001f02 (0x01359d13) x26 0x00000000
core   0: 0x80001f06 (0x02240033) mul     zero, s0, sp
core   0: 3 0x80001f06 (0x02240033)
core   0: 0x80001f0a (0x00008fb5) c.xor   a5, a3
core   0: 3 0x80001f0a (0x8fb5) x15 0xb536d001
core   0: 0x80001f0c (0x002749b3) xor     s3, a4, sp
core   0: 3 0x80001f0c (0x002749b3) x19 0xb536d00c
core   0: 0x80001f10 (0x030a6763) bltu    s4, a6, pc + 46
core   0: 3 0x80001f10 (0x030a6763)
core   0: 0x80001f14 (0x409e5313) srai    t1, t3, 9
core   0: 3 0x80001f14 (0x409e5313) x 6 0x00000000
core   0: 0x80001f18 (0x001b8ab3) add     s5, s7, ra
core   0: 3 0x80001f18 (0x001b8ab3) x21 0x7ffd975d
core   0: 0x80001f1c (0x00008f91) c.sub   a5, a2
core   0: 3 0x80001f1c (0x8f91) x15 0x6a6da002
core   0: 0x80001f1e (0x41a85d33) sra     s10, a6, s10
core   0: 3 0x80001f1e (0x41a85d33) x26 0x00000000
core   0: 0x80001f22 (0x41b2d0b3) sra     ra, t0, s11
core   0: 3 0x80001f22 (0x41b2d0b3) x 1 0xffffffff
core   0: 0x80001f26 (0x01848fb3) add     t6, s1, s8
core   0: 3 0x80001f26 (0x01848fb3) x31 0xdb69ba85
core   0: 0x80001f2a (0x0010b3b3) sltu    t2, ra, ra
core   0: 3 0x80001f2a (0x0010b3b3) x 7 0x00000000
core   0: 0x80001f2e (0x01625713) srli    a4, tp, 22
core   0: 3 0x80001f2e (0x01625713) x14 0x00000200
core   0: 0x80001f32 (0x0102ec63) bltu    t0, a6, pc + 24
core   0: 3 0x80001f32 (0x0102ec63)
core   0: 0x80001f36 (0xc9d82a13) slti    s4, a6, -867
core   0: 3 0x80001f36 (0xc9d82a13) x20 0x00000000
core   0: 0x80001f3a (0x01f61fb3) sll     t6, a2, t6
core   0: 3 0x80001f3a (0x01f61fb3) x31 0x5925ffe0
core   0: 0x80001f3e (0x0000100f) fence.i
core   0: 3 0x80001f3e (0x0000100f)
core   0: 0x80001f42 (0x022390b3) mulh    ra, t2, sp
core   0: 3 0x80001f42 (0x022390b3) x 1 0x00000000
core   0: 0x80001f46 (0x75057d97) auipc   s11, 0x75057
core   0: 3 0x80001f46 (0x75057d97) x27 0xf5058f46
core   0: 0x80001f4a (0x40d753b3) sra     t2, a4, a3
core   0: 3 0x80001f4a (0x40d753b3) x 7 0x00000200
core   0: 0x80001f4e (0x00000d76) c.slli  s10, 29
core   0: 3 0x80001f4e (0x0d76) x26 0x00000000
core   0: 0x80001f50 (0x0000c4a9) c.beqz  s1, pc + 74
core   0: 3 0x80001f50 (0xc4a9)
core   0: 0x80001f52 (0x017b21b3) slt     gp, s6, s7
core   0: 3 0x80001f52 (0x017b21b3) x 3 0x00000000
core   0: 0x80001f56 (0x0825af17) auipc   t5, 0x825a
core   0: 3 0x80001f56 (0x0825af17) x30 0x8825bf56
core   0: 0x80001f5a (0x0245f563) bgeu    a1, tp, pc + 42
core   0: 3 0x80001f5a (0x0245f563)
core   0: 0x80001f5e (0x0000951e) c.add   a0, t2
core   0: 3 0x80001f5e (0x951e) x10 0x81049694
core   0: 0x80001f60 (0x008c0eb3) add     t4, s8, s0
core   0: 3 0x80001f60 (0x008c0eb3) x29 0x4c377ce3
core   0: 0x80001f64 (0x0000100f) fence.i
core   0: 3 0x80001f64 (0x0000100f)
core   0: 0x80001f68 (0x054bd063) bge     s7, s4, pc + 64
core   0: 3 0x80001f68 (0x054bd063)
core   0: 0x80001fa8 (0x000084a5) c.srai  s1, 9
core   0: 3 0x80001fa8 (0x84a5) x 9 0x002d3295
core   0: 0x80001faa (0x00000001) c.nop
core   0: 3 0x80001faa (0x0001)
core   0: 0x80001fac (0x9e1f4393) xori    t2, t5, -1567
core   0: 3 0x80001fac (0x9e1f4393) x 7 0x77da46b7
core   0: 0x80001fb0 (0x037bdd63) bge     s7, s7, pc + 58
core   0: 3 0x80001fb0 (0x037bdd63)
core   0: 0x80001fea (0x0000100f) fence.i
core   0: 3 0x80001fea (0x0000100f)
core   0: 0x80001fee (0x0000c1a9) c.beqz  a1, pc + 66
core   0: 3 0x80001fee (0xc1a9)
core   0: 0x80002030 (0x00000886) c.slli  a7, 1
core   0: 3 0x80002030 (0x0886) x17 0x00002000
core   0: 0x80002032 (0x000080da) c.mv    ra, s6
core   0: 3 0x80002032 (0x80da) x 1 0x12b24c0c
core   0: 0x80002034 (0x02c68a33) mul     s4, a3, a2
core   0: 3 0x80002034 (0x02c68a33) x20 0x00000000
core   0: 0x80002038 (0x5e277d17) auipc   s10, 0x5e277
core   0: 3 0x80002038 (0x5e277d17) x26 0xde279038
core   0: 0x8000203c (0x03d15f33) divu    t5, sp, t4
core   0: 3 0x8000203c (0x03d15f33) x30 0x00000000
core   0: 0x80002040 (0x009c0733) add     a4, s8, s1
core   0: 3 0x80002040 (0x009c0733) x14 0x8131c295
core   0: 0x80002044 (0x01905b33) srl     s6, zero, s9
core   0: 3 0x80002044 (0x01905b33) x22 0x00000000
core   0: 0x80002048 (0x0000683d) c.lui   a6, 0xf
core   0: 3 0x80002048 (0x683d) x16 0x0000f000
core   0: 0x8000204a (0x00008c55) c.or    s0, a3
core   0: 3 0x8000204a (0x8c55) x 8 0xcb32ece3
core   0: 0x8000204c (0x00008de1) c.and   a1, s0
core   0: 3 0x8000204c (0x8de1) x11 0x00000000
core   0: 0x8000204e (0x417e0333) sub     t1, t3, s7
core   0: 3 0x8000204e (0x417e0333) x 6 0x00000000
core   0: 0x80002052 (0xb7752893) slti    a7, a0, -1161
core   0: 3 0x80002052 (0xb7752893) x17 0x00000001
core   0: 0x80002056 (0x02d4af33) mulhsu  t5, s1, a3
core   0: 3 0x80002056 (0x02d4af33) x30 0x00000000
core   0: 0x8000205a (0x00008ece) c.mv    t4, s3
core   0: 3 0x8000205a (0x8ece) x29 0xb536d00c
core   0: 0x8000205c (0x40aa5ab3) sra     s5, s4, a0
core   0: 3 0x8000205c (0x40aa5ab3) x21 0x00000000
core   0: 0x80002060 (0x00412733) slt     a4, sp, tp
core   0: 3 0x80002060 (0x00412733) x14 0x00000000
core   0: 0x80002064 (0x000084fd) c.srai  s1, 31
core   0: 3 0x80002064 (0x84fd) x 9 0x00000000
core   0: 0x80002066 (0x6434f613) andi    a2, s1, 1603
core   0: 3 0x80002066 (0x6434f613) x12 0x00000000
core   0: 0x8000206a (0xbe618613) addi    a2, gp, -1050
core   0: 3 0x8000206a (0xbe618613) x12 0xfffffbe6
core   0: 0x8000206e (0x0000c209) c.beqz  a2, pc + 2
core   0: 3 0x8000206e (0xc209)
core   0: 0x80002070 (0x008446b3) xor     a3, s0, s0
core   0: 3 0x80002070 (0x008446b3) x13 0x00000000
core   0: 0x80002074 (0x03560e33) mul     t3, a2, s5
core   0: 3 0x80002074 (0x03560e33) x28 0x00000000
core   0: 0x80002078 (0x02ed3633) mulhu   a2, s10, a4
core   0: 3 0x80002078 (0x02ed3633) x12 0x00000000
core   0: 0x8000207c (0x00008f39) c.xor   a4, a4
core   0: 3 0x8000207c (0x8f39) x14 0x00000000
core   0: 0x8000207e (0x0182ce63) blt     t0, s8, pc + 28
core   0: 3 0x8000207e (0x0182ce63)
core   0: 0x8000209a (0x01d51833) sll     a6, a0, t4
core   0: 3 0x8000209a (0x01d51833) x16 0x49694000
core   0: 0x8000209e (0x02f41d63) bne     s0, a5, pc + 58
core   0: 3 0x8000209e (0x02f41d63)
core   0: 0x800020d8 (0x011e5a63) bge     t3, a7, pc + 20
core   0: 3 0x800020d8 (0x011e5a63)
core   0: 0x800020dc (0x02220763) beq     tp, sp, pc + 46
core   0: 3 0x800020dc (0x02220763)
core   0: 0x800020e0 (0x00be4b33) xor     s6, t3, a1
core   0: 3 0x800020e0 (0x00be4b33) x22 0x00000000
core   0: 0x800020e4 (0x00004bbd) c.li    s7, 15
core   0: 3 0x800020e4 (0x4bbd) x23 0x0000000f
core   0: 0x800020e6 (0x00008e55) c.or    a2, a3
core   0: 3 0x800020e6 (0x8e55) x12 0x00000000
core   0: 0x800020e8 (0x41b55933) sra     s2, a0, s11
core   0: 3 0x800020e8 (0x41b55933) x18 0xfe04125a
core   0: 0x800020ec (0x00000001) c.nop
core   0: 3 0x800020ec (0x0001)
core   0: 0x800020ee (0x00008991) c.andi  a1, 4
core   0: 3 0x800020ee (0x8991) x11 0x00000000
core   0: 0x800020f0 (0x0000c419) c.beqz  s0, pc + 14
core   0: 3 0x800020f0 (0xc419)
core   0: 0x800020f2 (0x000004b9) c.addi  s1, 14
core   0: 3 0x800020f2 (0x04b9) x 9 0x0000000e
core   0: 0x800020f4 (0x0122a7b3) slt     a5, t0, s2
core   0: 3 0x800020f4 (0x0122a7b3) x15 0x00000001
core   0: 0x800020f8 (0x000081b9) c.srli  a1, 14
core   0: 3 0x800020f8 (0x81b9) x11 0x00000000
core   0: 0x800020fa (0x00000001) c.nop
core   0: 3 0x800020fa (0x0001)
core   0: 0x800020fc (0x000099ba) c.add   s3, a4
core   0: 3 0x800020fc (0x99ba) x19 0xb536d00c
core   0: 0x800020fe (0x417e8eb3) sub     t4, t4, s7
core   0: 3 0x800020fe (0x417e8eb3) x29 0xb536cffd
core   0: 0x80002102 (0x028f5bb3) divu    s7, t5, s0
core   0: 3 0x80002102 (0x028f5bb3) x23 0x00000000
core   0: 0x80002106 (0x007d5933) srl     s2, s10, t2
core   0: 3 0x80002106 (0x007d5933) x18 0x000001bc
core   0: 0x8000210a (0x0638c463) blt     a7, gp, pc + 104
core   0: 3 0x8000210a (0x0638c463)
core   0: 0x8000210e (0x02f35a33) divu    s4, t1, a5
core   0: 3 0x8000210e (0x02f35a33) x20 0x00000000
core   0: 0x80002112 (0x03bffdb3) remu    s11, t6, s11
core   0: 3 0x80002112 (0x03bffdb3) x27 0x5925ffe0
core   0: 0x80002116 (0x378dc493) xori    s1, s11, 888
core   0: 3 0x80002116 (0x378dc493) x 9 0x5925fc98
core   0: 0x8000211a (0xff33ef93) ori     t6, t2, -13
core   0: 3 0x8000211a (0xff33ef93) x31 0xfffffff7
core   0: 0x8000211e (0x00008717) auipc   a4, 0x8
core   0: 3 0x8000211e (0x00008717) x14 0x8000a11e
core   0: 0x80002122 (0xab270713) addi    a4, a4, -1358
core   0: 3 0x80002122 (0xab270713) x14 0x80009bd0
core   0: 0x80002126 (0x00008e45) c.or    a2, s1
core   0: 3 0x80002126 (0x8e45) x12 0x5925fc98
core   0: 0x80002128 (0x023c4db3) div     s11, s8, gp
core   0: 3 0x80002128 (0x023c4db3) x27 0xffffffff
core   0: 0x8000212c (0x33170713) addi    a4, a4, 817
core   0: 3 0x8000212c (0x33170713) x14 0x80009f01
core   0: 0x80002130 (0x00008d2d) c.xor   a0, a1
core   0: 3 0x80002130 (0x8d2d) x10 0x81049694
core   0: 0x80002132 (0xc4210913) addi    s2, sp, -958
core   0: 3 0x80002132 (0xc4210913) x18 0xfffffc4e
core   0: 0x80002136 (0xbf288b93) addi    s7, a7, -1038
core   0: 3 0x80002136 (0xbf288b93) x23 0xfffffbf3
core   0: 0x8000213a (0x00008ce5) c.and   s1, s1
core   0: 3 0x8000213a (0x8ce5) x 9 0x5925fc98
core   0: 0x8000213c (0x02840f93) addi    t6, s0, 40
core   0: 3 0x8000213c (0x02840f93) x31 0xcb32ed0b
core   0: 0x80002140 (0xcd070ce7) jalr    s9, a4, -816
core   0: 3 0x80002140 (0xcd070ce7) x25 0x80002144
core   0: 0x80009bd0 (0x00daf363) bgeu    s5, a3, pc + 6
core   0: 3 0x80009bd0 (0x00daf363)
core   0: 0x80009bd6 (0x000012d1) c.addi  t0, -12
core   0: 3 0x80009bd6 (0x12d1) x 5 0x80022e58
core   0: 0x80009bd8 (0x02f11a33) mulh    s4, sp, a5
core   0: 3 0x80009bd8 (0x02f11a33) x20 0x00000000
core   0: 0x80009bdc (0x000043e9) c.li    t2, 26
core   0: 3 0x80009bdc (0x43e9) x 7 0x0000001a
core   0: 0x80009bde (0x023b17b3) mulh    a5, s6, gp
core   0: 3 0x80009bde (0x023b17b3) x15 0x00000000
core   0: 0x80009be2 (0x0192a223) sw      s9, 4(t0)
core   0: 3 0x80009be2 (0x0192a223) mem 0x80022e5c 0x80002144
core   0: 0x80009be6 (0x00008cd5) c.or    s1, a3
core   0: 3 0x80009be6 (0x8cd5) x 9 0x5925fc98
core   0: 0x80009be8 (0x000051fd) c.li    gp, -1
core   0: 3 0x80009be8 (0x51fd) x 3 0xffffffff
core   0: 0x80009bea (0x40555f33) sra     t5, a0, t0
core   0: 3 0x80009bea (0x40555f33) x30 0xffffff81
core   0: 0x80009bee (0xb9f12893) slti    a7, sp, -1121
core   0: 3 0x80009bee (0xb9f12893) x17 0x00000000
core   0: 0x80009bf2 (0x00008da5) c.xor   a1, s1
core   0: 3 0x80009bf2 (0x8da5) x11 0x5925fc98
core   0: 0x80009bf4 (0x00000a17) auipc   s4, 0x0
core   0: 3 0x80009bf4 (0x00000a17) x20 0x80009bf4
core   0: 0x80009bf8 (0x3c8a0a13) addi    s4, s4, 968
core   0: 3 0x80009bf8 (0x3c8a0a13) x20 0x80009fbc
core   0: 0x80009bfc (0xfd7a0a13) addi    s4, s4, -41
core   0: 3 0x80009bfc (0xfd7a0a13) x20 0x80009f93
core   0: 0x80009c00 (0x03cc7ab3) remu    s5, s8, t3
core   0: 3 0x80009c00 (0x03cc7ab3) x21 0x81049000
core   0: 0x80009c04 (0x018c8863) beq     s9, s8, pc + 16
core   0: 3 0x80009c04 (0x018c8863)
core   0: 0x80009c08 (0x01077533) and     a0, a4, a6
core   0: 3 0x80009c08 (0x01077533) x10 0x00000000
core   0: 0x80009c0c (0x288fe193) ori     gp, t6, 648
core   0: 3 0x80009c0c (0x288fe193) x 3 0xcb32ef8b
core   0: 0x80009c10 (0xbe747b93) andi    s7, s0, -1049
core   0: 3 0x80009c10 (0xbe747b93) x23 0xcb32e8e3
core   0: 0x80009c14 (0x029a0ce7) jalr    s9, s4, 41
core   0: 3 0x80009c14 (0x029a0ce7) x25 0x80009c18
core   0: 0x80009fbc (0x0000c199) c.beqz  a1, pc + 6
core   0: 3 0x80009fbc (0xc199)
core   0: 0x80009fbe (0x07d21f97) auipc   t6, 0x7d21
core   0: 3 0x80009fbe (0x07d21f97) x31 0x87d2afbe
core   0: 0x80009fc2 (0x000012e1) c.addi  t0, -8
core   0: 3 0x80009fc2 (0x12e1) x 5 0x80022e50
core   0: 0x80009fc4 (0x03d91ab3) mulh    s5, s2, t4
core   0: 3 0x80009fc4 (0x03d91ab3) x21 0x00000114
core   0: 0x80009fc8 (0x4023d493) srai    s1, t2, 2
core   0: 3 0x80009fc8 (0x4023d493) x 9 0x00000006
core   0: 0x80009fcc (0x0192a223) sw      s9, 4(t0)
core   0: 3 0x80009fcc (0x0192a223) mem 0x80022e54 0x80009c18
core   0: 0x80009fd0 (0x026237b3) mulhu   a5, tp, t1
core   0: 3 0x80009fd0 (0x026237b3) x15 0x00000000
core   0: 0x80009fd4 (0x0204c633) div     a2, s1, zero
core   0: 3 0x80009fd4 (0x0204c633) x12 0xffffffff
core   0: 0x80009fd8 (0x00000001) c.nop
core   0: 3 0x80009fd8 (0x0001)
core   0: 0x80009fda (0x00000336) c.slli  t1, 13
core   0: 3 0x80009fda (0x0336) x 6 0x00000000
core   0: 0x80009fdc (0x038febb3) rem     s7, t6, s8
core   0: 3 0x80009fdc (0x038febb3) x23 0x87d2afbe
core   0: 0x80009fe0 (0x00000001) c.nop
core   0: 3 0x80009fe0 (0x0001)
core   0: 0x80009fe2 (0x00000a22) c.slli  s4, 8
core   0: 3 0x80009fe2 (0x0a22) x20 0x009f9300
core   0: 0x80009fe4 (0xfcafccef) jal     s9, pc - 0x3836
core   0: 3 0x80009fe4 (0xfcafccef) x25 0x80009fe8
core   0: 0x800067ae (0x01a89563) bne     a7, s10, pc + 10
core   0: 3 0x800067ae (0x01a89563)
core   0: 0x800067b8 (0xfc028293) addi    t0, t0, -64
core   0: 3 0x800067b8 (0xfc028293) x 5 0x80022e10
core   0: 0x800067bc (0x033a71b3) remu    gp, s4, s3
core   0: 3 0x800067bc (0x033a71b3) x 3 0x009f9300
core   0: 0x800067c0 (0x022a2eb3) mulhsu  t4, s4, sp
core   0: 3 0x800067c0 (0x022a2eb3) x29 0x00000000
core   0: 0x800067c4 (0x00008d8d) c.sub   a1, a1
core   0: 3 0x800067c4 (0x8d8d) x11 0x00000000
core   0: 0x800067c6 (0x00008ee9) c.and   a3, a0
core   0: 3 0x800067c6 (0x8ee9) x13 0x00000000
core   0: 0x800067c8 (0x01fea9b3) slt     s3, t4, t6
core   0: 3 0x800067c8 (0x01fea9b3) x19 0x00000000
core   0: 0x800067cc (0x0192a223) sw      s9, 4(t0)
core   0: 3 0x800067cc (0x0192a223) mem 0x80022e14 0x80009fe8
core   0: 0x800067d0 (0x0000671d) c.lui   a4, 0x7
core   0: 3 0x800067d0 (0x671d) x14 0x00007000
core   0: 0x800067d2 (0x00007717) auipc   a4, 0x7
core   0: 3 0x800067d2 (0x00007717) x14 0x8000d7d2
core   0: 0x800067d6 (0x1cd70713) addi    a4, a4, 461
core   0: 3 0x800067d6 (0x1cd70713) x14 0x8000d99f
core   0: 0x800067da (0xf2575a83) lhu     s5, -219(a4)
core   0: 3 0x800067da (0xf2575a83) x21 0x0000db36 mem 0x8000d8c4
core   0: 0x800067de (0x01070da3) sb      a6, 27(a4)
core   0: 3 0x800067de (0x01070da3) mem 0x8000d9ba 0x0
core   0: 0x800067e2 (0xef9b4c13) xori    s8, s6, -263
core   0: 3 0x800067e2 (0xef9b4c13) x24 0xfffffef9
core   0: 0x800067e6 (0xc7f42193) slti    gp, s0, -897
core   0: 3 0x800067e6 (0xc7f42193) x 3 0x00000001
core   0: 0x800067ea (0x03134b33) div     s6, t1, a7
core   0: 3 0x800067ea (0x03134b33) x22 0xffffffff
core   0: 0x800067ee (0x08474403) lbu     s0, 132(a4)
core   0: 3 0x800067ee (0x08474403) x 8 0x000000f5 mem 0x8000da23
core   0: 0x800067f2 (0x00008e11) c.sub   a2, a2
core   0: 3 0x800067f2 (0x8e11) x12 0x00000000
core   0: 0x800067f4 (0x02b0b933) mulhu   s2, ra, a1
core   0: 3 0x800067f4 (0x02b0b933) x18 0x00000000
core   0: 0x800067f8 (0x024d7033) remu    zero, s10, tp
core   0: 3 0x800067f8 (0x024d7033)
core   0: 0x800067fc (0x00008cd9) c.or    s1, a4
core   0: 3 0x800067fc (0x8cd9) x 9 0x8000d99f
core   0: 0x800067fe (0x04d9cb13) xori    s6, s3, 77
core   0: 3 0x800067fe (0x04d9cb13) x22 0x0000004d
core   0: 0x80006802 (0x1ff26b93) ori     s7, tp, 511
core   0: 3 0x80006802 (0x1ff26b93) x23 0x80026dff
core   0: 0x80006806 (0x54f7cf17) auipc   t5, 0x54f7c
core   0: 3 0x80006806 (0x54f7cf17) x30 0xd4f82806
core   0: 0x8000680a (0x000069d5) c.lui   s3, 0x15
core   0: 3 0x8000680a (0x69d5) x19 0x00015000
core   0: 0x8000680c (0x09c70b23) sb      t3, 150(a4)
core   0: 3 0x8000680c (0x09c70b23) mem 0x8000da35 0x0
core   0: 0x80006810 (0x003ff1b3) and     gp, t6, gp
core   0: 3 0x80006810 (0x003ff1b3) x 3 0x00000000
core   0: 0x80006814 (0x0db703a3) sb      s11, 199(a4)
core   0: 3 0x80006814 (0x0db703a3) mem 0x8000da66 0xff
core   0: 0x80006818 (0x015179b3) and     s3, sp, s5
core   0: 3 0x80006818 (0x015179b3) x19 0x00000004
core   0: 0x8000681c (0x008a7033) and     zero, s4, s0
core   0: 3 0x8000681c (0x008a7033)
core   0: 0x80006820 (0xfc170e23) sb      ra, -36(a4)
core   0: 3 0x80006820 (0xfc170e23) mem 0x8000d97b 0xc
core   0: 0x80006824 (0x03c89d33) mulh    s10, a7, t3
core   0: 3 0x80006824 (0x03c89d33) x26 0x00000000
core   0: 0x80006828 (0x00008f9d) c.sub   a5, a5
core   0: 3 0x80006828 (0x8f9d) x15 0x00000000
core   0: 0x8000682a (0xf6370603) lb      a2, -157(a4)
core   0: 3 0x8000682a (0xf6370603) x12 0xfffffff8 mem 0x8000d902
core   0: 0x8000682e (0xfe672aa3) sw      t1, -11(a4)
core   0: 3 0x8000682e (0xfe672aa3) mem 0x8000d994 0x00000000
core   0: 0x80006832 (0x000001d2) c.slli  gp, 20
core   0: 3 0x80006832 (0x01d2) x 3 0x00000000
core   0: 0x80006834 (0x0ff0000f) fence   iorw,iorw
core   0: 3 0x80006834 (0x0ff0000f)
core   0: 0x80006838 (0xf1e70723) sb      t5, -242(a4)
core   0: 3 0x80006838 (0xf1e70723) mem 0x8000d8ad 0x6
core   0: 0x8000683c (0x01eb86b3) add     a3, s7, t5
core   0: 3 0x8000683c (0x01eb86b3) x13 0x54fa9605
core   0: 0x80006840 (0x06b70723) sb      a1, 110(a4)
core   0: 3 0x80006840 (0x06b70723) mem 0x8000da0d 0x0
core   0: 0x80006844 (0x00008c49) c.or    s0, a0
core   0: 3 0x80006844 (0x8c49) x 8 0x000000f5
core   0: 0x80006846 (0xfec74383) lbu     t2, -20(a4)
core   0: 3 0x80006846 (0xfec74383) x 7 0x000000cc mem 0x8000d98b
core   0: 0x8000684a (0x0000100f) fence.i
core   0: 3 0x8000684a (0x0000100f)
core   0: 0x8000684e (0x00000001) c.nop
core   0: 3 0x8000684e (0x0001)
core   0: 0x80006850 (0x02370123) sb      gp, 34(a4)
core   0: 3 0x80006850 (0x02370123) mem 0x8000d9c1 0x0
core   0: 0x80006854 (0xf6d709a3) sb      a3, -141(a4)
core   0: 3 0x80006854 (0xf6d709a3) mem 0x8000d912 0x5
core   0: 0x80006858 (0xf3974a03) lbu     s4, -199(a4)
core   0: 3 0x80006858 (0xf3974a03) x20 0x000000bc mem 0x8000d8d8
core   0: 0x8000685c (0x0d970c23) sb      s9, 216(a4)
core   0: 3 0x8000685c (0x0d970c23) mem 0x8000da77 0xe8
core   0: 0x80006860 (0x02486c33) rem     s8, a6, tp
core   0: 3 0x80006860 (0x02486c33) x24 0x49694000
core   0: 0x80006864 (0x0ff0000f) fence   iorw,iorw
core   0: 3 0x80006864 (0x0ff0000f)
core   0: 0x80006868 (0xfc1701a3) sb      ra, -61(a4)
core   0: 3 0x80006868 (0xfc1701a3) mem 0x8000d962 0xc
core   0: 0x8000686c (0xf4b75f83) lhu     t6, -181(a4)
core   0: 3 0x8000686c (0xf4b75f83) x31 0x00000000 mem 0x8000d8ea
core   0: 0x80006870 (0x0048c0b3) xor     ra, a7, tp
core   0: 3 0x80006870 (0x0048c0b3) x 1 0x80026ce4
core   0: 0x80006874 (0x00000001) c.nop
core   0: 3 0x80006874 (0x0001)
core   0: 0x80006876 (0x01ee79b3) and     s3, t3, t5
core   0: 3 0x80006876 (0x01ee79b3) x19 0x00000000
core   0: 0x8000687a (0x00aafd33) and     s10, s5, a0
core   0: 3 0x8000687a (0x00aafd33) x26 0x00000000
core   0: 0x8000687e (0x06970723) sb      s1, 110(a4)
core   0: 3 0x8000687e (0x06970723) mem 0x8000da0d 0x9f
core   0: 0x80006882 (0x00014f17) auipc   t5, 0x14
core   0: 3 0x80006882 (0x00014f17) x30 0x8001a882
core   0: 0x80006886 (0x9a8f0f13) addi    t5, t5, -1624
core   0: 3 0x80006886 (0x9a8f0f13) x30 0x8001a22a
core   0: 0x8000688a (0x26a33693) sltiu   a3, t1, 618
core   0: 3 0x8000688a (0x26a33693) x13 0x00000001
core   0: 0x8000688e (0x00008055) c.srli  s0, 21
core   0: 3 0x8000688e (0x8055) x 8 0x00000000
core   0: 0x80006890 (0x0000097d) c.addi  s2, 31
core   0: 3 0x80006890 (0x097d) x18 0x0000001f
core   0: 0x80006892 (0x0fbf06a3) sb      s11, 237(t5)
core   0: 3 0x80006892 (0x0fbf06a3) mem 0x8001a317 0xff
core   0: 0x80006896 (0xf7cf07a3) sb      t3, -145(t5)
core   0: 3 0x80006896 (0xf7cf07a3) mem 0x8001a199 0x0
core   0: 0x8000689a (0x07ff0783) lb      a5, 127(t5)
core   0: 3 0x8000689a (0x07ff0783) x15 0x0000007d mem 0x8001a2a9
core   0: 0x8000689e (0x000067ed) c.lui   a5, 0x1b
core   0: 3 0x8000689e (0x67ed) x15 0x0001b000
core   0: 0x800068a0 (0x000004a9) c.addi  s1, 10
core   0: 3 0x800068a0 (0x04a9) x 9 0x8000d9a9
core   0: 0x800068a2 (0x00c8cd33) xor     s10, a7, a2
core   0: 3 0x800068a2 (0x00c8cd33) x26 0xfffffff8
core   0: 0x800068a6 (0x00000001) c.nop
core   0: 3 0x800068a6 (0x0001)
core   0: 0x800068a8 (0x00e68ab3) add     s5, a3, a4
core   0: 3 0x800068a8 (0x00e68ab3) x21 0x8000d9a0
core   0: 0x800068ac (0x015f69b3) or      s3, t5, s5
core   0: 3 0x800068ac (0x015f69b3) x19 0x8001fbaa
core   0: 0x800068b0 (0x093f0503) lb      a0, 147(t5)
core   0: 3 0x800068b0 (0x093f0503) x10 0xffffffd3 mem 0x8001a2bd
core   0: 0x800068b4 (0x01371333) sll     t1, a4, s3
core   0: 3 0x800068b4 (0x01371333) x 6 0x03667c00
core   0: 0x800068b8 (0x00008439) c.srai  s0, 14
core   0: 3 0x800068b8 (0x8439) x 8 0x00000000
core   0: 0x800068ba (0x01491ab3) sll     s5, s2, s4
core   0: 3 0x800068ba (0x01491ab3) x21 0xf0000000
core   0: 0x800068be (0xf1ff0b03) lb      s6, -225(t5)
core   0: 3 0x800068be (0xf1ff0b03) x22 0x00000063 mem 0x8001a149
core   0: 0x800068c2 (0xf06f4e03) lbu     t3, -250(t5)
core   0: 3 0x800068c2 (0xf06f4e03) x28 0x00000010 mem 0x8001a130
core   0: 0x800068c6 (0x00008529) c.srai  a0, 10
core   0: 3 0x800068c6 (0x8529) x10 0xffffffff
core   0: 0x800068c8 (0x0c2f0703) lb      a4, 194(t5)
core   0: 3 0x800068c8 (0x0c2f0703) x14 0xffffffaf mem 0x8001a2ec
core   0: 0x800068cc (0x0d1f0303) lb      t1, 209(t5)
core   0: 3 0x800068cc (0x0d1f0303) x 6 0x0000007f mem 0x8001a2fb
core   0: 0x800068d0 (0x00000001) c.nop
core   0: 3 0x800068d0 (0x0001)
core   0: 0x800068d2 (0x8815b693) sltiu   a3, a1, -1919
core   0: 3 0x800068d2 (0x8815b693) x13 0x00000001
core   0: 0x800068d6 (0x083f4903) lbu     s2, 131(t5)
core   0: 3 0x800068d6 (0x083f4903) x18 0x00000075 mem 0x8001a2ad
core   0: 0x800068da (0x03a77db3) remu    s11, a4, s10
core   0: 3 0x800068da (0x03a77db3) x27 0xffffffaf
core   0: 0x800068de (0x08cf0703) lb      a4, 140(t5)
core   0: 3 0x800068de (0x08cf0703) x14 0xffffffd6 mem 0x8001a2b6
core   0: 0x800068e2 (0xfd9f09a3) sb      s9, -45(t5)
core   0: 3 0x800068e2 (0xfd9f09a3) mem 0x8001a1fd 0xe8
core   0: 0x800068e6 (0x44fb4813) xori    a6, s6, 1103
core   0: 3 0x800068e6 (0x44fb4813) x16 0x0000042c
core   0: 0x800068ea (0x025541b3) div     gp, a0, t0
core   0: 3 0x800068ea (0x025541b3) x 3 0x00000000
core   0: 0x800068ee (0xfaef5403) lhu     s0, -82(t5)
core   0: 3 0x800068ee (0xfaef5403) x 8 0x000060cd mem 0x8001a1d8
core   0: 0x800068f2 (0x00009aaa) c.add   s5, a0
core   0: 3 0x800068f2 (0x9aaa) x21 0xefffffff
core   0: 0x800068f4 (0x409a0433) sub     s0, s4, s1
core   0: 3 0x800068f4 (0x409a0433) x 8 0x7fff2713
core   0: 0x800068f8 (0xabdeba13) sltiu   s4, t4, -1347
core   0: 3 0x800068f8 (0xabdeba13) x20 0x00000001
core   0: 0x800068fc (0xf41f0c03) lb      s8, -191(t5)
core   0: 3 0x800068fc (0xf41f0c03) x24 0x0000003b mem 0x8001a16b
core   0: 0x80006900 (0x03edda33) divu    s4, s11, t5
core   0: 3 0x80006900 (0x03edda33) x20 0x00000001
core   0: 0x80006904 (0xa40ff317) auipc   t1, 0xa40ff
core   0: 3 0x80006904 (0xa40ff317) x 6 0x24105904
core   0: 0x80006908 (0x03840e33) mul     t3, s0, s8
core   0: 3 0x80006908 (0x03840e33) x28 0x7fce0161
core   0: 0x8000690c (0x01b20933) add     s2, tp, s11
core   0: 3 0x8000690c (0x01b20933) x18 0x80026c93
core   0: 0x80006910 (0x00008e89) c.sub   a3, a0
core   0: 3 0x80006910 (0x8e89) x13 0x00000002
core   0: 0x80006912 (0x0045dc33) srl     s8, a1, tp
core   0: 3 0x80006912 (0x0045dc33) x24 0x00000000
core   0: 0x80006916 (0x00d1c733) xor     a4, gp, a3
core   0: 3 0x80006916 (0x00d1c733) x14 0x00000002
core   0: 0x8000691a (0x0a1f0903) lb      s2, 161(t5)
core   0: 3 0x8000691a (0x0a1f0903) x18 0xffffffde mem 0x8001a2cb
core   0: 0x8000691e (0x0ff0000f) fence   iorw,iorw
core   0: 3 0x8000691e (0x0ff0000f)
core   0: 0x80006922 (0x00d6c733) xor     a4, a3, a3
core   0: 3 0x80006922 (0x00d6c733) x14 0x00000000
core   0: 0x80006926 (0x083f4903) lbu     s2, 131(t5)
core   0: 3 0x80006926 (0x083f4903) x18 0x00000075 mem 0x8001a2ad
core   0: 0x8000692a (0x0d7f09a3) sb      s7, 211(t5)
core   0: 3 0x8000692a (0x0d7f09a3) mem 0x8001a2fd 0xff
core   0: 0x8000692e (0xfeef2003) lw      zero, -18(t5)
core   0: 3 0x8000692e (0xfeef2003) mem 0x8001a218
core   0: 0x80006932 (0xfaff01a3) sb      a5, -93(t5)
core   0: 3 0x80006932 (0xfaff01a3) mem 0x8001a1cd 0x0
core   0: 0x80006936 (0x00007317) auipc   t1, 0x7
core   0: 3 0x80006936 (0x00007317) x 6 0x8000d936
core   0: 0x8000693a (0x4d230313) addi    t1, t1, 1234
core   0: 3 0x8000693a (0x4d230313) x 6 0x8000de08
core   0: 0x8000693e (0x40f2d713) srai    a4, t0, 15
core   0: 3 0x8000693e (0x40f2d713) x14 0xffff0004
core   0: 0x80006942 (0x99734603) lbu     a2, -1641(t1)
core   0: 3 0x80006942 (0x99734603) x12 0x00000002 mem 0x8000d79f
core   0: 0x80006946 (0xd3231003) lh      zero, -718(t1)
core   0: 3 0x80006946 (0xd3231003) mem 0x8000db3a
core   0: 0x8000694a (0xae031a23) sh      zero, -1292(t1)
core   0: 3 0x8000694a (0xae031a23) mem 0x8000d8fc 0x0000
core   0: 0x8000694e (0x0ff0000f) fence   iorw,iorw
core   0: 3 0x8000694e (0x0ff0000f)
core   0: 0x80006952 (0x1cb30703) lb      a4, 459(t1)
core   0: 3 0x80006952 (0x1cb30703) x14 0xffffffda mem 0x8000dfd3
core   0: 0x80006956 (0x12231b23) sh      sp, 310(t1)
core   0: 3 0x80006956 (0x12231b23) mem 0x8000df3e 0x000c
core   0: 0x8000695a (0x00008d15) c.sub   a0, a3
core   0: 3 0x8000695a (0x8d15) x10 0xfffffffd
core   0: 0x8000695c (0xc9631003) lh      zero, -874(t1)
core   0: 3 0x8000695c (0xc9631003) mem 0x8000da9e
core   0: 0x80006960 (0x0b1302a3) sb      a7, 165(t1)
core   0: 3 0x80006960 (0x0b1302a3) mem 0x8000dead 0x0
core   0: 0x80006964 (0xbcc30da3) sb      a2, -1061(t1)
core   0: 3 0x80006964 (0xbcc30da3) mem 0x8000d9e3 0x2
core   0: 0x80006968 (0x029ac733) div     a4, s5, s1
core   0: 3 0x80006968 (0x029ac733) x14 0x00000000
core   0: 0x8000696c (0x000085f9) c.srai  a1, 30
core   0: 3 0x8000696c (0x85f9) x11 0x00000000
core   0: 0x8000696e (0x0ff0000f) fence   iorw,iorw
core   0: 3 0x8000696e (0x0ff0000f)
core   0: 0x80006972 (0xd0f31923) sh      a5, -750(t1)
core   0: 3 0x80006972 (0xd0f31923) mem 0x8000db1a 0xb000
core   0: 0x80006976 (0x419980b3) sub     ra, s3, s9
core   0: 3 0x80006976 (0x419980b3) x 1 0x00015bc2
core   0: 0x8000697a (0xf8e31683) lh      a3, -114(t1)
core   0: 3 0x8000697a (0xf8e31683) x13 0x00000cd7 mem 0x8000dd96
core   0: 0x8000697e (0x01695a93) srli    s5, s2, 22
core   0: 3 0x8000697e (0x01695a93) x21 0x00000000
core   0: 0x80006982 (0x20334003) lbu     zero, 515(t1)
core   0: 3 0x80006982 (0x20334003) mem 0x8000e00b
core   0: 0x80006986 (0x86134603) lbu     a2, -1951(t1)
core   0: 3 0x80006986 (0x86134603) x12 0x00000081 mem 0x8000d669
core   0: 0x8000698a (0x0000997d) c.andi  a0, -1
core   0: 3 0x8000698a (0x997d) x10 0xfffffffd
core   0: 0x8000698c (0xbd431783) lh      a5, -1068(t1)
core   0: 3 0x8000698c (0xbd431783) x15 0x00000242 mem 0x8000d9dc
core   0: 0x80006990 (0x027bb3b3) mulhu   t2, s7, t2
core   0: 3 0x80006990 (0x027bb3b3) x 7 0x00000066
core   0: 0x80006994 (0xeab302a3) sb      a1, -347(t1)
core   0: 3 0x80006994 (0xeab302a3) mem 0x8000dcad 0x0
core   0: 0x80006998 (0x987301a3) sb      t2, -1661(t1)
core   0: 3 0x80006998 (0x987301a3) mem 0x8000d78b 0x66
core   0: 0x8000699c (0xde331123) sh      gp, -542(t1)
core   0: 3 0x8000699c (0xde331123) mem 0x8000dbea 0x0000
core   0: 0x800069a0 (0xa5230a83) lb      s5, -1454(t1)
core   0: 3 0x800069a0 (0xa5230a83) x21 0xffffffa2 mem 0x8000d85a
core   0: 0x800069a4 (0x02431503) lh      a0, 36(t1)
core   0: 3 0x800069a4 (0x02431503) x10 0x0000459a mem 0x8000de2c
core   0: 0x800069a8 (0x00008ccd) c.or    s1, a1
core   0: 3 0x800069a8 (0x8ccd) x 9 0x8000d9a9
core   0: 0x800069aa (0xa7c30f03) lb      t5, -1412(t1)
core   0: 3 0x800069aa (0xa7c30f03) x30 0x00000005 mem 0x8000d884
core   0: 0x800069ae (0xb4f30603) lb      a2, -1201(t1)
core   0: 3 0x800069ae (0xb4f30603) x12 0x0000007b mem 0x8000d957
core   0: 0x800069b2 (0xd1a303a3) sb      s10, -761(t1)
core   0: 3 0x800069b2 (0xd1a303a3) mem 0x8000db0f 0xf8
core   0: 0x800069b6 (0x1af30ca3) sb      a5, 441(t1)
core   0: 3 0x800069b6 (0x1af30ca3) mem 0x8000dfc1 0x42
core   0: 0x800069ba (0x00000569) c.addi  a0, 26
core   0: 3 0x800069ba (0x0569) x10 0x000045b4
core   0: 0x800069bc (0xcb534503) lbu     a0, -843(t1)
core   0: 3 0x800069bc (0xcb534503) x10 0x00000057 mem 0x8000dabd
core   0: 0x800069c0 (0x00007b97) auipc   s7, 0x7
core   0: 3 0x800069c0 (0x00007b97) x23 0x8000d9c0
core   0: 0x800069c4 (0x73ab8b93) addi    s7, s7, 1850
core   0: 3 0x800069c4 (0x73ab8b93) x23 0x8000e0fa
core   0: 0x800069c8 (0xffcbd703) lhu     a4, -4(s7)
core   0: 3 0x800069c8 (0xffcbd703) x14 0x00000071 mem 0x8000e0f6
core   0: 0x800069cc (0x000056fd) c.li    a3, -1
core   0: 3 0x800069cc (0x56fd) x13 0xffffffff
core   0: 0x800069ce (0xff8bc783) lbu     a5, -8(s7)
core   0: 3 0x800069ce (0xff8bc783) x15 0x00000000 mem 0x8000e0f2
core   0: 0x800069d2 (0x005bcf83) lbu     t6, 5(s7)
core   0: 3 0x800069d2 (0x005bcf83) x31 0x00000062 mem 0x8000e0ff
core   0: 0x800069d6 (0xff7b9f23) sh      s7, -2(s7)
core   0: 3 0x800069d6 (0xff7b9f23) mem 0x8000e0f8 0xe0fa
core   0: 0x800069da (0xffdbc683) lbu     a3, -3(s7)
core   0: 3 0x800069da (0xffdbc683) x13 0x00000000 mem 0x8000e0f7
core   0: 0x800069de (0xb6e4cf93) xori    t6, s1, -1170
core   0: 3 0x800069de (0xb6e4cf93) x31 0x7fff22c7
core   0: 0x800069e2 (0x00008ee1) c.and   a3, s0
core   0: 3 0x800069e2 (0x8ee1) x13 0x00000000
core   0: 0x800069e4 (0xffcbdc83) lhu     s9, -4(s7)
core   0: 3 0x800069e4 (0xffcbdc83) x25 0x00000071 mem 0x8000e0f6
core   0: 0x800069e8 (0x05f2a313) slti    t1, t0, 95
core   0: 3 0x800069e8 (0x05f2a313) x 6 0x00000001
core   0: 0x800069ec (0xfe2b8aa3) sb      sp, -11(s7)
core   0: 3 0x800069ec (0xfe2b8aa3) mem 0x8000e0ef 0xc
core   0: 0x800069f0 (0x00008ea9) c.xor   a3, a0
core   0: 3 0x800069f0 (0x8ea9) x13 0x00000057
core   0: 0x800069f2 (0x029493b3) mulh    t2, s1, s1
core   0: 3 0x800069f2 (0x029493b3) x 7 0x3fff2657
core   0: 0x800069f6 (0xfeabab23) sw      a0, -10(s7)
core   0: 3 0x800069f6 (0xfeabab23) mem 0x8000e0f0 0x00000057
core   0: 0x800069fa (0xfefb9a23) sh      a5, -12(s7)
core   0: 3 0x800069fa (0xfefb9a23) mem 0x8000e0ee 0x0000
core   0: 0x800069fe (0xff6b9503) lh      a0, -10(s7)
core   0: 3 0x800069fe (0xff6b9503) x10 0x00000057 mem 0x8000e0f0
core   0: 0x80006a02 (0x0ff0000f) fence   iorw,iorw
core   0: 3 0x80006a02 (0x0ff0000f)
core   0: 0x80006a06 (0x00008eb9) c.xor   a3, a4
core   0: 3 0x80006a06 (0x8eb9) x13 0x00000026
core   0: 0x80006a08 (0x012b8523) sb      s2, 10(s7)
core   0: 3 0x80006a08 (0x012b8523) mem 0x8000e104 0x75
core   0: 0x80006a0c (0x008d3933) sltu    s2, s10, s0
core   0: 3 0x80006a0c (0x008d3933) x18 0x00000000
core   0: 0x80006a10 (0x00db1633) sll     a2, s6, a3
core   0: 3 0x80006a10 (0x00db1633) x12 0x000018c0
core   0: 0x80006a14 (0x005b8703) lb      a4, 5(s7)
core   0: 3 0x80006a14 (0x005b8703) x14 0x00000062 mem 0x8000e0ff
core   0: 0x80006a18 (0x000bd883) lhu     a7, 0(s7)
core   0: 3 0x80006a18 (0x000bd883) x17 0x0000a6e3 mem 0x8000e0fa
core   0: 0x80006a1c (0x00008125) c.srli  a0, 9
core   0: 3 0x80006a1c (0x8125) x10 0x00000000
core   0: 0x80006a1e (0x01a21cb3) sll     s9, tp, s10
core   0: 3 0x80006a1e (0x01a21cb3) x25 0xe4000000
core   0: 0x80006a22 (0x03b88833) mul     a6, a7, s11
core   0: 3 0x80006a22 (0x03b88833) x16 0xffcb322d
core   0: 0x80006a26 (0x01d0d733) srl     a4, ra, t4
core   0: 3 0x80006a26 (0x01d0d733) x14 0x00015bc2
core   0: 0x80006a2a (0x54c20517) auipc   a0, 0x54c20
core   0: 3 0x80006a2a (0x54c20517) x10 0xd4c26a2a
core   0: 0x80006a2e (0xfa470cb7) lui     s9, 0xfa470
core   0: 3 0x80006a2e (0xfa470cb7) x25 0xfa470000
core   0: 0x80006a32 (0xff9b8ea3) sb      s9, -3(s7)
core   0: 3 0x80006a32 (0xff9b8ea3) mem 0x8000e0f7 0x0
core   0: 0x80006a36 (0x001bca03) lbu     s4, 1(s7)
core   0: 3 0x80006a36 (0x001bca03) x20 0x000000a6 mem 0x8000e0fb
core   0: 0x80006a3a (0x000083aa) c.mv    t2, a0
core   0: 3 0x80006a3a (0x83aa) x 7 0xd4c26a2a
core   0: 0x80006a3c (0x017a2533) slt     a0, s4, s7
core   0: 3 0x80006a3c (0x017a2533) x10 0x00000000
core   0: 0x80006a40 (0x0ff0000f) fence   iorw,iorw
core   0: 3 0x80006a40 (0x0ff0000f)
core   0: 0x80006a44 (0xe1dd9317) auipc   t1, 0xe1dd9
core   0: 3 0x80006a44 (0xe1dd9317) x 6 0x61ddfa44
core   0: 0x80006a48 (0xff1b8da3) sb      a7, -5(s7)
core   0: 3 0x80006a48 (0xff1b8da3) mem 0x8000e0f5 0xe3
core   0: 0x80006a4c (0x00008531) c.srai  a0, 12
core   0: 3 0x80006a4c (0x8531) x10 0x00000000
core   0: 0x80006a4e (0x033660b3) rem     ra, a2, s3
core   0: 3 0x80006a4e (0x033660b3) x 1 0x000018c0
core   0: 0x80006a52 (0x40be0733) sub     a4, t3, a1
core   0: 3 0x80006a52 (0x40be0733) x14 0x7fce0161
core   0: 0x80006a56 (0x00008115) c.srli  a0, 5
core   0: 3 0x80006a56 (0x8115) x10 0x00000000
core   0: 0x80006a58 (0xff8b8603) lb      a2, -8(s7)
core   0: 3 0x80006a58 (0xff8b8603) x12 0x00000000 mem 0x8000e0f2
core   0: 0x80006a5c (0x00cbc083) lbu     ra, 12(s7)
core   0: 3 0x80006a5c (0x00cbc083) x 1 0x0000006b mem 0x8000e106
core   0: 0x80006a60 (0x00007a17) auipc   s4, 0x7
core   0: 3 0x80006a60 (0x00007a17) x20 0x8000da60
core   0: 0x80006a64 (0x948a0a13) addi    s4, s4, -1720
core   0: 3 0x80006a64 (0x948a0a13) x20 0x8000d3a8
core   0: 0x80006a68 (0x01253ab3) sltu    s5, a0, s2
core   0: 3 0x80006a68 (0x01253ab3) x21 0x00000000
core   0: 0x80006a6c (0x033a0183) lb      gp, 51(s4)
core   0: 3 0x80006a6c (0x033a0183) x 3 0x00000026 mem 0x8000d3db
core   0: 0x80006a70 (0xf15a0e23) sb      s5, -228(s4)
core   0: 3 0x80006a70 (0xf15a0e23) mem 0x8000d2c4 0x0
core   0: 0x80006a74 (0x000080ea) c.mv    ra, s10
core   0: 3 0x80006a74 (0x80ea) x 1 0xfffffff8
core   0: 0x80006a76 (0x0292e333) rem     t1, t0, s1
core   0: 3 0x80006a76 (0x0292e333) x 6 0x80022e10
core   0: 0x80006a7a (0xfd2a5b03) lhu     s6, -46(s4)
core   0: 3 0x80006a7a (0xfd2a5b03) x22 0x00002d6d mem 0x8000d37a
core   0: 0x80006a7e (0x07aa0ea3) sb      s10, 125(s4)
core   0: 3 0x80006a7e (0x07aa0ea3) mem 0x8000d425 0xf8
core   0: 0x80006a82 (0xf6ca2a83) lw      s5, -148(s4)
core   0: 3 0x80006a82 (0xf6ca2a83) x21 0x6a96cad9 mem 0x8000d314
core   0: 0x80006a86 (0x84973737) lui     a4, 0x84973
core   0: 3 0x80006a86 (0x84973737) x14 0x84973000
core   0: 0x80006a8a (0xf12a5003) lhu     zero, -238(s4)
core   0: 3 0x80006a8a (0xf12a5003) mem 0x8000d2ba
core   0: 0x80006a8e (0x06ea0583) lb      a1, 110(s4)
core   0: 3 0x80006a8e (0x06ea0583) x11 0xfffffffd mem 0x8000d416
core   0: 0x80006a92 (0x0ff0000f) fence   iorw,iorw
core   0: 3 0x80006a92 (0x0ff0000f)
core   0: 0x80006a96 (0xf9fa0403) lb      s0, -97(s4)
core   0: 3 0x80006a96 (0xf9fa0403) x 8 0x0000002e mem 0x8000d347
core   0: 0x80006a9a (0x00008d11) c.sub   a0, a2
core   0: 3 0x80006a9a (0x8d11) x10 0x00000000
core   0: 0x80006a9c (0x036d4b33) div     s6, s10, s6
core   0: 3 0x80006a9c (0x036d4b33) x22 0x00000000
core   0: 0x80006aa0 (0x02fa0423) sb      a5, 40(s4)
core   0: 3 0x80006aa0 (0x02fa0423) mem 0x8000d3d0 0x0
core   0: 0x80006aa4 (0xf3fa4983) lbu     s3, -193(s4)
core   0: 3 0x80006aa4 (0xf3fa4983) x19 0x00000080 mem 0x8000d2e7
core   0: 0x80006aa8 (0x0b5a4003) lbu     zero, 181(s4)
core   0: 3 0x80006aa8 (0x0b5a4003) mem 0x8000d45d
core   0: 0x80006aac (0x08fa1723) sh      a5, 142(s4)
core   0: 3 0x80006aac (0x08fa1723) mem 0x8000d436 0x0000
core   0: 0x80006ab0 (0x0f2a0fa3) sb      s2, 255(s4)
core   0: 3 0x80006ab0 (0x0f2a0fa3) mem 0x8000d4a7 0x0
core   0: 0x80006ab4 (0x03c39ab3) mulh    s5, t2, t3
core   0: 3 0x80006ab4 (0x03c39ab3) x21 0xea69a6e0
core   0: 0x80006ab8 (0x035d9c33) mulh    s8, s11, s5
core   0: 3 0x80006ab8 (0x035d9c33) x24 0x00000006
core   0: 0x80006abc (0xf0ba0b83) lb      s7, -245(s4)
core   0: 3 0x80006abc (0xf0ba0b83) x23 0xffffffc1 mem 0x8000d2b3
core   0: 0x80006ac0 (0x0e1a0003) lb      zero, 225(s4)
core   0: 3 0x80006ac0 (0x0e1a0003) mem 0x8000d489
core   0: 0x80006ac4 (0x0ff0000f) fence   iorw,iorw
core   0: 3 0x80006ac4 (0x0ff0000f)
core   0: 0x80006ac8 (0xf33a0aa3) sb      s3, -203(s4)
core   0: 3 0x80006ac8 (0xf33a0aa3) mem 0x8000d2dd 0x80
core   0: 0x80006acc (0x002a0d03) lb      s10, 2(s4)
core   0: 3 0x80006acc (0x002a0d03) x26 0x0000002f mem 0x8000d3aa
core   0: 0x80006ad0 (0x00000001) c.nop
core   0: 3 0x80006ad0 (0x0001)
core   0: 0x80006ad2 (0x02ca0383) lb      t2, 44(s4)
core   0: 3 0x80006ad2 (0x02ca0383) x 7 0x00000057 mem 0x8000d3d4
core   0: 0x80006ad6 (0x00008fb5) c.xor   a5, a3
core   0: 3 0x80006ad6 (0x8fb5) x15 0x00000026
core   0: 0x80006ad8 (0x00008e5d) c.or    a2, a5
core   0: 3 0x80006ad8 (0x8e5d) x12 0x00000026
core   0: 0x80006ada (0x097a0383) lb      t2, 151(s4)
core   0: 3 0x80006ada (0x097a0383) x 7 0xffffffd4 mem 0x8000d43f
core   0: 0x80006ade (0xf82a4003) lbu     zero, -126(s4)
core   0: 3 0x80006ade (0xf82a4003) mem 0x8000d32a
core   0: 0x80006ae2 (0x078a5803) lhu     a6, 120(s4)
core   0: 3 0x80006ae2 (0x078a5803) x16 0x00005a39 mem 0x8000d420
core   0: 0x80006ae6 (0x0091a1b3) slt     gp, gp, s1
core   0: 3 0x80006ae6 (0x0091a1b3) x 3 0x00000000
core   0: 0x80006aea (0x059a00a3) sb      s9, 65(s4)
core   0: 3 0x80006aea (0x059a00a3) mem 0x8000d3e9 0x0
core   0: 0x80006aee (0x35f34537) lui     a0, 0x35f34
core   0: 3 0x80006aee (0x35f34537) x10 0x35f34000
core   0: 0x80006af2 (0xfd5a0b83) lb      s7, -43(s4)
core   0: 3 0x80006af2 (0xfd5a0b83) x23 0x00000029 mem 0x8000d37d
core   0: 0x80006af6 (0xf0ca2d83) lw      s11, -244(s4)
core   0: 3 0x80006af6 (0xf0ca2d83) x27 0xaaaab870 mem 0x8000d2b4
core   0: 0x80006afa (0x058a4303) lbu     t1, 88(s4)
core   0: 3 0x80006afa (0x058a4303) x 6 0x000000f9 mem 0x8000d400
core   0: 0x80006afe (0xf81a0903) lb      s2, -127(s4)
core   0: 3 0x80006afe (0xf81a0903) x18 0xfffffffb mem 0x8000d329
core   0: 0x80006b02 (0xfd2a1e23) sh      s2, -36(s4)
core   0: 3 0x80006b02 (0xfd2a1e23) mem 0x8000d384 0xfffb
core   0: 0x80006b06 (0xff5a4483) lbu     s1, -11(s4)
core   0: 3 0x80006b06 (0xff5a4483) x 9 0x0000005a mem 0x8000d39d
core   0: 0x80006b0a (0xf9ea0883) lb      a7, -98(s4)
core   0: 3 0x80006b0a (0xf9ea0883) x17 0xffffffa6 mem 0x8000d346
core   0: 0x80006b0e (0x1c6c2813) slti    a6, s8, 454
core   0: 3 0x80006b0e (0x1c6c2813) x16 0x00000001
core   0: 0x80006b12 (0x41b059b3) sra     s3, zero, s11
core   0: 3 0x80006b12 (0x41b059b3) x19 0x00000000
core   0: 0x80006b16 (0x01801833) sll     a6, zero, s8
core   0: 3 0x80006b16 (0x01801833) x16 0x00000000
core   0: 0x80006b1a (0x419bdc33) sra     s8, s7, s9
core   0: 3 0x80006b1a (0x419bdc33) x24 0x00000029
core   0: 0x80006b1e (0x0ff0000f) fence   iorw,iorw
core   0: 3 0x80006b1e (0x0ff0000f)
core   0: 0x80006b22 (0x03ea8933) mul     s2, s5, t5
core   0: 3 0x80006b22 (0x03ea8933) x18 0x94104260
core   0: 0x80006b26 (0x8e576393) ori     t2, a4, -1819
core   0: 3 0x80006b26 (0x8e576393) x 7 0xfffff8e5
core   0: 0x80006b2a (0x406ad913) srai    s2, s5, 6
core   0: 3 0x80006b2a (0x406ad913) x18 0xffa9a69b
core   0: 0x80006b2e (0x40335593) srai    a1, t1, 3
core   0: 3 0x80006b2e (0x40335593) x11 0x0000001f
core   0: 0x80006b32 (0x9483fb13) andi    s6, t2, -1720
core   0: 3 0x80006b32 (0x9483fb13) x22 0xfffff840
core   0: 0x80006b36 (0x408308b3) sub     a7, t1, s0
core   0: 3 0x80006b36 (0x408308b3) x17 0x000000cb
core   0: 0x80006b3a (0x0339e033) rem     zero, s3, s3
core   0: 3 0x80006b3a (0x0339e033)
core   0: 0x80006b3e (0x0000c395) c.beqz  a5, pc + 36
core   0: 3 0x80006b3e (0xc395)
core   0: 0x80006b40 (0x00000001) c.nop
core   0: 3 0x80006b40 (0x0001)
core   0: 0x80006b42 (0x01deb7b3) sltu    a5, t4, t4
core   0: 3 0x80006b42 (0x01deb7b3) x15 0x00000000
core   0: 0x80006b46 (0x01e288b3) add     a7, t0, t5
core   0: 3 0x80006b46 (0x01e288b3) x17 0x80022e15
core   0: 0x80006b4a (0x00a901b3) add     gp, s2, a0
core   0: 3 0x80006b4a (0x00a901b3) x 3 0x359ce69b
core   0: 0x80006b4e (0x05e70563) beq     a4, t5, pc + 74
core   0: 3 0x80006b4e (0x05e70563)
core   0: 0x80006b52 (0x5a80b613) sltiu   a2, ra, 1448
core   0: 3 0x80006b52 (0x5a80b613) x12 0x00000000
core   0: 0x80006b56 (0x00008739) c.srai  a4, 14
core   0: 3 0x80006b56 (0x8739) x14 0xfffe125c
core   0: 0x80006b58 (0x02de4e33) div     t3, t3, a3
core   0: 3 0x80006b58 (0x02de4e33) x28 0x035d0009
core   0: 0x80006b5c (0x0000c689) c.beqz  a3, pc + 10
core   0: 3 0x80006b5c (0xc689)
core   0: 0x80006b5e (0x0000987d) c.andi  s0, -1
core   0: 3 0x80006b5e (0x987d) x 8 0x0000002e
core   0: 0x80006b60 (0x0000c5a9) c.beqz  a1, pc + 74
core   0: 3 0x80006b60 (0xc5a9)
core   0: 0x80006b62 (0x00008ec1) c.or    a3, s0
core   0: 3 0x80006b62 (0x8ec1) x13 0x0000002e
core   0: 0x80006b64 (0x00000fba) c.slli  t6, 14
core   0: 3 0x80006b64 (0x0fba) x31 0xc8b1c000
core   0: 0x80006b66 (0x0000100f) fence.i
core   0: 3 0x80006b66 (0x0000100f)
core   0: 0x80006b6a (0x017a6933) or      s2, s4, s7
core   0: 3 0x80006b6a (0x017a6933) x18 0x8000d3a9
core   0: 0x80006b6e (0x02cfa833) mulhsu  a6, t6, a2
core   0: 3 0x80006b6e (0x02cfa833) x16 0x00000000
core   0: 0x80006b72 (0x00000811) c.addi  a6, 4
core   0: 3 0x80006b72 (0x0811) x16 0x00000004
core   0: 0x80006b74 (0x001d8fb3) add     t6, s11, ra
core   0: 3 0x80006b74 (0x001d8fb3) x31 0xaaaab868
core   0: 0x80006b78 (0x00a890b3) sll     ra, a7, a0
core   0: 3 0x80006b78 (0x00a890b3) x 1 0x80022e15
core   0: 0x80006b7c (0x02cd1d33) mulh    s10, s10, a2
core   0: 3 0x80006b7c (0x02cd1d33) x26 0x00000000
core   0: 0x80006b80 (0x697a0f93) addi    t6, s4, 1687
core   0: 3 0x80006b80 (0x697a0f93) x31 0x8000da3f
core   0: 0x80006b84 (0x82bfdcef) jal     s9, pc - 0x27d6
core   0: 3 0x80006b84 (0x82bfdcef) x25 0x80006b88
core   0: 0x800043ae (0x00008865) c.andi  s0, 25
core   0: 3 0x800043ae (0x8865) x 8 0x00000008
core   0: 0x800043b0 (0xfc028293) addi    t0, t0, -64
core   0: 3 0x800043b0 (0xfc028293) x 5 0x80022dd0
core   0: 0x800043b4 (0x00000001) c.nop
core   0: 3 0x800043b4 (0x0001)
core   0: 0x800043b6 (0x01702393) slti    t2, zero, 23
core   0: 3 0x800043b6 (0x01702393) x 7 0x00000001
core   0: 0x800043ba (0x00004875) c.li    a6, 29
core   0: 3 0x800043ba (0x4875) x16 0x0000001d
core   0: 0x800043bc (0x000089fa) c.mv    s3, t5
core   0: 3 0x800043bc (0x89fa) x19 0x00000005
core   0: 0x800043be (0x02e1c033) div     zero, gp, a4
core   0: 3 0x800043be (0x02e1c033)
core   0: 0x800043c2 (0x008e47b3) xor     a5, t3, s0
core   0: 3 0x800043c2 (0x008e47b3) x15 0x035d0001
core   0: 0x800043c6 (0x01c51433) sll     s0, a0, t3
core   0: 3 0x800043c6 (0x01c51433) x 8 0xe6800000
core   0: 0x800043ca (0x0192a223) sw      s9, 4(t0)
core   0: 3 0x800043ca (0x0192a223) mem 0x80022dd4 0x80006b88
core   0: 0x800043ce (0xe3530493) addi    s1, t1, -459
core   0: 3 0x800043ce (0xe3530493) x 9 0xffffff2e
core   0: 0x800043d2 (0x00000001) c.nop
core   0: 3 0x800043d2 (0x0001)
core   0: 0x800043d4 (0x00019e17) auipc   t3, 0x19
core   0: 3 0x800043d4 (0x00019e17) x28 0x8001d3d4
core   0: 0x800043d8 (0xa04e0e13) addi    t3, t3, -1532
core   0: 3 0x800043d8 (0xa04e0e13) x28 0x8001cdd8
core   0: 0x800043dc (0x00739f93) slli    t6, t2, 7
core   0: 3 0x800043dc (0x00739f93) x31 0x00000080
core   0: 0x800043e0 (0xfe9e1d23) sh      s1, -6(t3)
core   0: 3 0x800043e0 (0xfe9e1d23) mem 0x8001cdd2 0xff2e
core   0: 0x800043e4 (0x01de60b3) or      ra, t3, t4
core   0: 3 0x800043e4 (0x01de60b3) x 1 0x8001cdd8
core   0: 0x800043e8 (0x004e1123) sh      tp, 2(t3)
core   0: 3 0x800043e8 (0x004e1123) mem 0x8001cdda 0x6ce4
core   0: 0x800043ec (0xfe9e1923) sh      s1, -14(t3)
core   0: 3 0x800043ec (0xfe9e1923) mem 0x8001cdca 0xff2e
core   0: 0x800043f0 (0x014e1323) sh      s4, 6(t3)
core   0: 3 0x800043f0 (0x014e1323) mem 0x8001cdde 0xd3a8
core   0: 0x800043f4 (0x00673633) sltu    a2, a4, t1
core   0: 3 0x800043f4 (0x00673633) x12 0x00000000
core   0: 0x800043f8 (0x00de4183) lbu     gp, 13(t3)
core   0: 3 0x800043f8 (0x00de4183) x 3 0x00000057 mem 0x8001cde5
core   0: 0x800043fc (0x0053e633) or      a2, t2, t0
core   0: 3 0x800043fc (0x0053e633) x12 0x80022dd1
core   0: 0x80004400 (0xffce0da3) sb      t3, -5(t3)
core   0: 3 0x80004400 (0xffce0da3) mem 0x8001cdd3 0xd8
core   0: 0x80004404 (0x00008f8d) c.sub   a5, a1
core   0: 3 0x80004404 (0x8f8d) x15 0x035cffe2
core   0: 0x80004406 (0xfe5e1b23) sh      t0, -10(t3)
core   0: 3 0x80004406 (0xfe5e1b23) mem 0x8001cdce 0x2dd0
core   0: 0x8000440a (0xff0e2183) lw      gp, -16(t3)
core   0: 3 0x8000440a (0xff0e2183) x 3 0xff2e7530 mem 0x8001cdc8
core   0: 0x8000440e (0x009e4d83) lbu     s11, 9(t3)
core   0: 3 0x8000440e (0x009e4d83) x27 0x00000044 mem 0x8001cde1
core   0: 0x80004412 (0x2252e993) ori     s3, t0, 549
core   0: 3 0x80004412 (0x2252e993) x19 0x80022ff5
core   0: 0x80004416 (0x00be4583) lbu     a1, 11(t3)
core   0: 3 0x80004416 (0x00be4583) x11 0x000000ed mem 0x8001cde3
core   0: 0x8000441a (0xff6e1383) lh      t2, -10(t3)
core   0: 3 0x8000441a (0xff6e1383) x 7 0x00002dd0 mem 0x8001cdce
core   0: 0x8000441e (0x827d0b13) addi    s6, s10, -2009
core   0: 3 0x8000441e (0x827d0b13) x22 0xfffff827
core   0: 0x80004422 (0x039923b3) mulhsu  t2, s2, s9
core   0: 3 0x80004422 (0x039923b3) x 7 0xc0003410
core   0: 0x80004426 (0x0ff0000f) fence   iorw,iorw
core   0: 3 0x80004426 (0x0ff0000f)
core   0: 0x8000442a (0x012c61b3) or      gp, s8, s2
core   0: 3 0x8000442a (0x012c61b3) x 3 0x8000d3a9
core   0: 0x8000442e (0x00000001) c.nop
core   0: 3 0x8000442e (0x0001)
core   0: 0x80004430 (0x010e1a83) lh      s5, 16(t3)
core   0: 3 0x80004430 (0x010e1a83) x21 0x000056f8 mem 0x8001cde8
core   0: 0x80004434 (0xffce4303) lbu     t1, -4(t3)
core   0: 3 0x80004434 (0xffce4303) x 6 0x00000044 mem 0x8001cdd4
core   0: 0x80004438 (0x01be0023) sb      s11, 0(t3)
core   0: 3 0x80004438 (0x01be0023) mem 0x8001cdd8 0x44
core   0: 0x8000443c (0xff7e4303) lbu     t1, -9(t3)
core   0: 3 0x8000443c (0xff7e4303) x 6 0x0000002d mem 0x8001cdcf
core   0: 0x80004440 (0x5ca83913) sltiu   s2, a6, 1482
core   0: 3 0x80004440 (0x5ca83913) x18 0x00000001
core   0: 0x80004444 (0x000e2503) lw      a0, 0(t3)
core   0: 3 0x80004444 (0x000e2503) x10 0x6ce4a844 mem 0x8001cdd8
core   0: 0x80004448 (0x00013597) auipc   a1, 0x13
core   0: 3 0x80004448 (0x00013597) x11 0x80017448
core   0: 0x8000444c (0x3e958593) addi    a1, a1, 1001
core   0: 3 0x8000444c (0x3e958593) x11 0x80017831
core   0: 0x80004450 (0x030806b3) mul     a3, a6, a6
core   0: 3 0x80004450 (0x030806b3) x13 0x00000349
core   0: 0x80004454 (0x86ee0193) addi    gp, t3, -1938
core   0: 3 0x80004454 (0x86ee0193) x 3 0x8001c646
core   0: 0x80004458 (0xd1e16097) auipc   ra, 0xd1e16
core   0: 3 0x80004458 (0xd1e16097) x 1 0x51e1a458
core   0: 0x8000445c (0x00b73b33) sltu    s6, a4, a1
core   0: 3 0x8000445c (0x00b73b33) x22 0x00000000
core   0: 0x80004460 (0x0045c403) lbu     s0, 4(a1)
core   0: 3 0x80004460 (0x0045c403) x 8 0x00000004 mem 0x80017835
core   0: 0x80004464 (0x01858523) sb      s8, 10(a1)
core   0: 3 0x80004464 (0x01858523) mem 0x8001783b 0x29
core   0: 0x80004468 (0xff958923) sb      s9, -14(a1)
core   0: 3 0x80004468 (0xff958923) mem 0x80017823 0x88
core   0: 0x8000446c (0x000086d1) c.srai  a3, 20
core   0: 3 0x8000446c (0x86d1) x13 0x00000000
core   0: 0x8000446e (0x00d58603) lb      a2, 13(a1)
core   0: 3 0x8000446e (0x00d58603) x12 0xffffff84 mem 0x8001783e
core   0: 0x80004472 (0x037981b3) mul     gp, s3, s7
core   0: 3 0x80004472 (0x037981b3) x 3 0x8059ae3d
core   0: 0x80004476 (0x01ce5833) srl     a6, t3, t3
core   0: 3 0x80004476 (0x01ce5833) x16 0x00000080
core   0: 0x8000447a (0x03b807b3) mul     a5, a6, s11
core   0: 3 0x8000447a (0x03b807b3) x15 0x00002200
core   0: 0x8000447e (0x0261deb3) divu    t4, gp, t1
core   0: 3 0x8000447e (0x0261deb3) x29 0x02da2bb1
core   0: 0x80004482 (0xffb5c503) lbu     a0, -5(a1)
core   0: 3 0x80004482 (0xffb5c503) x10 0x00000016 mem 0x8001782c
core   0: 0x80004486 (0x004580a3) sb      tp, 1(a1)
core   0: 3 0x80004486 (0x004580a3) mem 0x80017832 0xe4
core   0: 0x8000448a (0x00b58223) sb      a1, 4(a1)
core   0: 3 0x8000448a (0x00b58223) mem 0x80017835 0x31
core   0: 0x8000448e (0x00858603) lb      a2, 8(a1)
core   0: 3 0x8000448e (0x00858603) x12 0xffffffaf mem 0x80017839
core   0: 0x80004492 (0x018b6e33) or      t3, s6, s8
core   0: 3 0x80004492 (0x018b6e33) x28 0x00000029
core   0: 0x80004496 (0x4ce27eb7) lui     t4, 0x4ce27
core   0: 3 0x80004496 (0x4ce27eb7) x29 0x4ce27000
core   0: 0x8000449a (0x01a58823) sb      s10, 16(a1)
core   0: 3 0x8000449a (0x01a58823) mem 0x80017841 0x0
core   0: 0x8000449e (0x00f58803) lb      a6, 15(a1)
core   0: 3 0x8000449e (0x00f58803) x16 0x0000005c mem 0x80017840
core   0: 0x800044a2 (0x0000100f) fence.i
core   0: 3 0x800044a2 (0x0000100f)
core   0: 0x800044a6 (0x4178de13) srai    t3, a7, 23
core   0: 3 0x800044a6 (0x4178de13) x28 0xffffff00
core   0: 0x800044aa (0x01758023) sb      s7, 0(a1)
core   0: 3 0x800044aa (0x01758023) mem 0x80017831 0x29
core   0: 0x800044ae (0x00afb033) sltu    zero, t6, a0
core   0: 3 0x800044ae (0x00afb033)
core   0: 0x800044b2 (0xfe759ba3) sh      t2, -9(a1)
core   0: 3 0x800044b2 (0xfe759ba3) mem 0x80017828 0x3410
core   0: 0x800044b6 (0x02d9c8b3) div     a7, s3, a3
core   0: 3 0x800044b6 (0x02d9c8b3) x17 0xffffffff
core   0: 0x800044ba (0x01f69b93) slli    s7, a3, 31
core   0: 3 0x800044ba (0x01f69b93) x23 0x00000000
core   0: 0x800044be (0xff159683) lh      a3, -15(a1)
core   0: 3 0x800044be (0xff159683) x13 0xffff883a mem 0x80017822
core   0: 0x800044c2 (0x00000ab6) c.slli  s5, 13
core   0: 3 0x800044c2 (0x0ab6) x21 0x0adf0000
core   0: 0x800044c4 (0x90804313) xori    t1, zero, -1784
core   0: 3 0x800044c4 (0x90804313) x 6 0xfffff908
core   0: 0x800044c8 (0x0035c183) lbu     gp, 3(a1)
core   0: 3 0x800044c8 (0x0035c183) x 3 0x00000074 mem 0x80017834
core   0: 0x800044cc (0x021aa333) mulhsu  t1, s5, ra
core   0: 3 0x800044cc (0x021aa333) x 6 0x037a23f9
core   0: 0x800044d0 (0xffa5ca03) lbu     s4, -6(a1)
core   0: 3 0x800044d0 (0xffa5ca03) x20 0x0000004f mem 0x8001782b
core   0: 0x800044d4 (0x00008725) c.srai  a4, 9
core   0: 3 0x800044d4 (0x8725) x14 0xffffff09
core   0: 0x800044d6 (0x00000001) c.nop
core   0: 3 0x800044d6 (0x0001)
core   0: 0x800044d8 (0xffa58903) lb      s2, -6(a1)
core   0: 3 0x800044d8 (0xffa58903) x18 0x0000004f mem 0x8001782b
core   0: 0x800044dc (0x03be9db3) mulh    s11, t4, s11
core   0: 3 0x800044dc (0x03be9db3) x27 0x00000014
core   0: 0x800044e0 (0x000081b2) c.mv    gp, a2
core   0: 3 0x800044e0 (0x81b2) x 3 0xffffffaf
core   0: 0x800044e2 (0xfe258c23) sb      sp, -8(a1)
core   0: 3 0x800044e2 (0xfe258c23) mem 0x80017829 0xc
core   0: 0x800044e6 (0x00000001) c.nop
core   0: 3 0x800044e6 (0x0001)
core   0: 0x800044e8 (0x008d11b3) sll     gp, s10, s0
core   0: 3 0x800044e8 (0x008d11b3) x 3 0x00000000
core   0: 0x800044ec (0x00858183) lb      gp, 8(a1)
core   0: 3 0x800044ec (0x00858183) x 3 0xffffffaf mem 0x80017839
core   0: 0x800044f0 (0x0762d0b7) lui     ra, 0x762d
core   0: 3 0x800044f0 (0x0762d0b7) x 1 0x0762d000
core   0: 0x800044f4 (0xff558823) sb      s5, -16(a1)
core   0: 3 0x800044f4 (0xff558823) mem 0x80017821 0x0
core   0: 0x800044f8 (0xff858803) lb      a6, -8(a1)
core   0: 3 0x800044f8 (0xff858803) x16 0x0000000c mem 0x80017829
core   0: 0x800044fc (0x00008e4d) c.or    a2, a1
core   0: 3 0x800044fc (0x8e4d) x12 0xffffffbf
core   0: 0x800044fe (0x00008ae6) c.mv    s5, s9
core   0: 3 0x800044fe (0x8ae6) x21 0x80006b88
core   0: 0x80004500 (0x0015c503) lbu     a0, 1(a1)
core   0: 3 0x80004500 (0x0015c503) x10 0x000000e4 mem 0x80017832
core   0: 0x80004504 (0x33263717) auipc   a4, 0x33263
core   0: 3 0x80004504 (0x33263717) x14 0xb3267504
core   0: 0x80004508 (0x0035cf83) lbu     t6, 3(a1)
core   0: 3 0x80004508 (0x0035cf83) x31 0x00000074 mem 0x80017834
core   0: 0x8000450c (0x01e584a3) sb      t5, 9(a1)
core   0: 3 0x8000450c (0x01e584a3) mem 0x8001783a 0x5
core   0: 0x80004510 (0x01558023) sb      s5, 0(a1)
core   0: 3 0x80004510 (0x01558023) mem 0x80017831 0x88
core   0: 0x80004514 (0x00558b03) lb      s6, 5(a1)
core   0: 3 0x80004514 (0x00558b03) x22 0xffffff9f mem 0x80017836
core   0: 0x80004518 (0x01e596a3) sh      t5, 13(a1)
core   0: 3 0x80004518 (0x01e596a3) mem 0x8001783e 0x0005
core   0: 0x8000451c (0x00e58223) sb      a4, 4(a1)
core   0: 3 0x8000451c (0x00e58223) mem 0x80017835 0x4
core   0: 0x80004520 (0x0000dc97) auipc   s9, 0xd
core   0: 3 0x80004520 (0x0000dc97) x25 0x80011520
core   0: 0x80004524 (0x3a6c8c93) addi    s9, s9, 934
core   0: 3 0x80004524 (0x3a6c8c93) x25 0x800118c6
core   0: 0x80004528 (0xff5cc003) lbu     zero, -11(s9)
core   0: 3 0x80004528 (0xff5cc003) mem 0x800118bb
core   0: 0x8000452c (0x2044c713) xori    a4, s1, 516
core   0: 3 0x8000452c (0x2044c713) x14 0xfffffd2a
core   0: 0x80004530 (0xfe9caf23) sw      s1, -2(s9)
core   0: 3 0x80004530 (0xfe9caf23) mem 0x800118c4 0xffffff2e
core   0: 0x80004534 (0x00008f91) c.sub   a5, a2
core   0: 3 0x80004534 (0x8f91) x15 0x00002241
core   0: 0x80004536 (0x00006625) c.lui   a2, 0x9
core   0: 3 0x80004536 (0x6625) x12 0x00009000
core   0: 0x80004538 (0xff6c9083) lh      ra, -10(s9)
core   0: 3 0x80004538 (0xff6c9083) x 1 0x000054f2 mem 0x800118bc
core   0: 0x8000453c (0x01afe933) or      s2, t6, s10
core   0: 3 0x8000453c (0x01afe933) x18 0x00000074
core   0: 0x80004540 (0x00000819) c.addi  a6, 6
core   0: 3 0x80004540 (0x0819) x16 0x00000012
core   0: 0x80004542 (0x0035b033) sltu    zero, a1, gp
core   0: 3 0x80004542 (0x0035b033)
core   0: 0x80004546 (0x00fca323) sw      a5, 6(s9)
core   0: 3 0x80004546 (0x00fca323) mem 0x800118cc 0x00002241
core   0: 0x8000454a (0xffac8603) lb      a2, -6(s9)
core   0: 3 0x8000454a (0xffac8603) x12 0xffffff92 mem 0x800118c0
core   0: 0x8000454e (0x60abe8b7) lui     a7, 0x60abe
core   0: 3 0x8000454e (0x60abe8b7) x17 0x60abe000
core   0: 0x80004552 (0x0ff0000f) fence   iorw,iorw
core   0: 3 0x80004552 (0x0ff0000f)
core   0: 0x80004556 (0x4c0cec17) auipc   s8, 0x4c0ce
core   0: 3 0x80004556 (0x4c0cec17) x24 0xcc0d2556
core   0: 0x8000455a (0x25697093) andi    ra, s2, 598
core   0: 3 0x8000455a (0x25697093) x 1 0x00000054
core   0: 0x8000455e (0x00000001) c.nop
core   0: 3 0x8000455e (0x0001)
core   0: 0x80004560 (0x01896b33) or      s6, s2, s8
core   0: 3 0x80004560 (0x01896b33) x22 0xcc0d2576
core   0: 0x80004564 (0x000050fd) c.li    ra, -1
core   0: 3 0x80004564 (0x50fd) x 1 0xffffffff
core   0: 0x80004566 (0x00fccc03) lbu     s8, 15(s9)
core   0: 3 0x80004566 (0x00fccc03) x24 0x000000fd mem 0x800118d5
core   0: 0x8000456a (0x0ff0000f) fence   iorw,iorw
core   0: 3 0x8000456a (0x0ff0000f)
core   0: 0x8000456e (0xffac9703) lh      a4, -6(s9)
core   0: 3 0x8000456e (0xffac9703) x14 0xffff9092 mem 0x800118c0
core   0: 0x80004572 (0xff8c8e83) lb      t4, -8(s9)
core   0: 3 0x80004572 (0xff8c8e83) x29 0xffffffe3 mem 0x800118be
core   0: 0x80004576 (0x00008c25) c.xor   s0, s1
core   0: 3 0x80004576 (0x8c25) x 8 0xffffff2a
core   0: 0x80004578 (0xd4738513) addi    a0, t2, -697
core   0: 3 0x80004578 (0xd4738513) x10 0xc0003157
core   0: 0x8000457c (0xff7c8603) lb      a2, -9(s9)
core   0: 3 0x8000457c (0xff7c8603) x12 0x00000054 mem 0x800118bd
core   0: 0x80004580 (0x00acc003) lbu     zero, 10(s9)
core   0: 3 0x80004580 (0x00acc003) mem 0x800118d0
core   0: 0x80004584 (0x00008231) c.srli  a2, 12
core   0: 3 0x80004584 (0x8231) x12 0x00000000
core   0: 0x80004586 (0xf323ea13) ori     s4, t2, -206
core   0: 3 0x80004586 (0xf323ea13) x20 0xffffff32
core   0: 0x8000458a (0xff0cdd83) lhu     s11, -16(s9)
core   0: 3 0x8000458a (0xff0cdd83) x27 0x00005431 mem 0x800118b6
core   0: 0x8000458e (0x0160dbb3) srl     s7, ra, s6
core   0: 3 0x8000458e (0x0160dbb3) x23 0x000003ff
core   0: 0x80004592 (0x0ff0000f) fence   iorw,iorw
core   0: 3 0x80004592 (0x0ff0000f)
core   0: 0x80004596 (0x00e813b3) sll     t2, a6, a4
core   0: 3 0x80004596 (0x00e813b3) x 7 0x00480000
core   0: 0x8000459a (0x00000a62) c.slli  s4, 24
core   0: 3 0x8000459a (0x0a62) x20 0x32000000
core   0: 0x8000459c (0x004cc083) lbu     ra, 4(s9)
core   0: 3 0x8000459c (0x004cc083) x 1 0x00000080 mem 0x800118ca
core   0: 0x800045a0 (0x00e591b3) sll     gp, a1, a4
core   0: 3 0x800045a0 (0x00e591b3) x 3 0xe0c40000
core   0: 0x800045a4 (0x00cc9d83) lh      s11, 12(s9)
core   0: 3 0x800045a4 (0x00cc9d83) x27 0x00002ed2 mem 0x800118d2
core   0: 0x800045a8 (0xae91ab93) slti    s7, gp, -1303
core   0: 3 0x800045a8 (0xae91ab93) x23 0x00000001
core   0: 0x800045ac (0xff2cca03) lbu     s4, -14(s9)
core   0: 3 0x800045ac (0xff2cca03) x20 0x000000fc mem 0x800118b8
core   0: 0x800045b0 (0x00009097) auipc   ra, 0x9
core   0: 3 0x800045b0 (0x00009097) x 1 0x8000d5b0
core   0: 0x800045b4 (0x20108093) addi    ra, ra, 513
core   0: 3 0x800045b4 (0x20108093) x 1 0x8000d7b1
core   0: 0x800045b8 (0x000018fd) c.addi  a7, -1
core   0: 3 0x800045b8 (0x18fd) x17 0x60abdfff
core   0: 0x800045ba (0x0087fb33) and     s6, a5, s0
core   0: 3 0x800045ba (0x0087fb33) x22 0x00002200
core   0: 0x800045be (0x7ba0cc03) lbu     s8, 1978(ra)
core   0: 3 0x800045be (0x7ba0cc03) x24 0x00000000 mem 0x8000df6b
core   0: 0x800045c2 (0x5a10d383) lhu     t2, 1441(ra)
core   0: 3 0x800045c2 (0x5a10d383) x 7 0x0000a476 mem 0x8000dd52
core   0: 0x800045c6 (0x0ff0000f) fence   iorw,iorw
core   0: 3 0x800045c6 (0x0ff0000f)
core   0: 0x800045ca (0x00008ca9) c.xor   s1, a0
core   0: 3 0x800045ca (0x8ca9) x 9 0x3fffce79
core   0: 0x800045cc (0x0000100f) fence.i
core   0: 3 0x800045cc (0x0000100f)
core   0: 0x800045d0 (0xb950d383) lhu     t2, -1131(ra)
core   0: 3 0x800045d0 (0xb950d383) x 7 0x00002ea6 mem 0x8000d346
core   0: 0x800045d4 (0x00008c89) c.sub   s1, a0
core   0: 3 0x800045d4 (0x8c89) x 9 0x7fff9d22
core   0: 0x800045d6 (0x00008fcd) c.or    a5, a1
core   0: 3 0x800045d6 (0x8fcd) x15 0x80017a71
core   0: 0x800045d8 (0x00903ab3) snez    s5, s1
core   0: 3 0x800045d8 (0x00903ab3) x21 0x00000001
core   0: 0x800045dc (0x9d60a9a3) sw      s6, -1581(ra)
core   0: 3 0x800045dc (0x9d60a9a3) mem 0x8000d184 0x00002200
core   0: 0x800045e0 (0x46b9bc13) sltiu   s8, s3, 1131
core   0: 3 0x800045e0 (0x46b9bc13) x24 0x00000000
core   0: 0x800045e4 (0x78308403) lb      s0, 1923(ra)
core   0: 3 0x800045e4 (0x78308403) x 8 0xffffffea mem 0x8000df34
core   0: 0x800045e8 (0xbfc085a3) sb      t3, -1045(ra)
core   0: 3 0x800045e8 (0xbfc085a3) mem 0x8000d39c 0x0
core   0: 0x800045ec (0x7910ce03) lbu     t3, 1937(ra)
core   0: 3 0x800045ec (0x7910ce03) x28 0x000000f5 mem 0x8000df42
core   0: 0x800045f0 (0x47f08c23) sb      t6, 1144(ra)
core   0: 3 0x800045f0 (0x47f08c23) mem 0x8000dc29 0x74
core   0: 0x800045f4 (0x02eb3033) mulhu   zero, s6, a4
core   0: 3 0x800045f4 (0x02eb3033)
core   0: 0x800045f8 (0x4fa08683) lb      a3, 1274(ra)
core   0: 3 0x800045f8 (0x4fa08683) x13 0xffffff83 mem 0x8000dcab
core   0: 0x800045fc (0x0ff0000f) fence   iorw,iorw
core   0: 3 0x800045fc (0x0ff0000f)
core   0: 0x80004600 (0x999096a3) sh      s9, -1651(ra)
core   0: 3 0x80004600 (0x999096a3) mem 0x8000d13e 0x18c6
core   0: 0x80004604 (0x00008ac6) c.mv    s5, a7
core   0: 3 0x80004604 (0x8ac6) x21 0x60abdfff
core   0: 0x80004606 (0x29608403) lb      s0, 662(ra)
core   0: 3 0x80004606 (0x29608403) x 8 0xffffffef mem 0x8000da47
core   0: 0x8000460a (0x02455ab3) divu    s5, a0, tp
core   0: 3 0x8000460a (0x02455ab3) x21 0x00000001
core   0: 0x8000460e (0xb9208923) sb      s2, -1134(ra)
core   0: 3 0x8000460e (0xb9208923) mem 0x8000d343 0x74
core   0: 0x80004612 (0x000006a2) c.slli  a3, 8
core   0: 3 0x80004612 (0x06a2) x13 0xffff8300
core   0: 0x80004614 (0x0ff0000f) fence   iorw,iorw
core   0: 3 0x80004614 (0x0ff0000f)
core   0: 0x80004618 (0x40df0db3) sub     s11, t5, a3
core   0: 3 0x80004618 (0x40df0db3) x27 0x00007d05
core   0: 0x8000461c (0xdce0c783) lbu     a5, -562(ra)
core   0: 3 0x8000461c (0xdce0c783) x15 0x0000005a mem 0x8000d57f
core   0: 0x80004620 (0x00008395) c.srli  a5, 5
core   0: 3 0x80004620 (0x8395) x15 0x00000002
core   0: 0x80004622 (0x003e44b3) xor     s1, t3, gp
core   0: 3 0x80004622 (0x003e44b3) x 9 0xe0c400f5
core   0: 0x80004626 (0xf840c883) lbu     a7, -124(ra)
core   0: 3 0x80004626 (0xf840c883) x17 0x000000bf mem 0x8000d735
core   0: 0x8000462a (0x6da08823) sb      s10, 1744(ra)
core   0: 3 0x8000462a (0x6da08823) mem 0x8000de81 0x0
core   0: 0x8000462e (0x01e02333) slt     t1, zero, t5
core   0: 3 0x8000462e (0x01e02333) x 6 0x00000001
core   0: 0x80004632 (0x01651333) sll     t1, a0, s6
core   0: 3 0x80004632 (0x01651333) x 6 0xc0003157
core   0: 0x80004636 (0x00008ec5) c.or    a3, s1
core   0: 3 0x80004636 (0x8ec5) x13 0xffff83f5
core   0: 0x80004638 (0x7f4bf993) andi    s3, s7, 2036
core   0: 3 0x80004638 (0x7f4bf993) x19 0x00000000
core   0: 0x8000463c (0x4f90db83) lhu     s7, 1273(ra)
core   0: 3 0x8000463c (0x4f90db83) x23 0x0000836f mem 0x8000dcaa
core   0: 0x80004640 (0xaeb0a703) lw      a4, -1301(ra)
core   0: 3 0x80004640 (0xaeb0a703) x14 0x60c2ea10 mem 0x8000d29c
core   0: 0x80004644 (0x249086a3) sb      s1, 589(ra)
core   0: 3 0x80004644 (0x249086a3) mem 0x8000d9fe 0xf5
core   0: 0x80004648 (0x03df07b3) mul     a5, t5, t4
core   0: 3 0x80004648 (0x03df07b3) x15 0xffffff6f
core   0: 0x8000464c (0x00008c7d) c.and   s0, a5
core   0: 3 0x8000464c (0x8c7d) x 8 0xffffff6f
core   0: 0x8000464e (0x0147eab3) or      s5, a5, s4
core   0: 3 0x8000464e (0x0147eab3) x21 0xffffffff
core   0: 0x80004652 (0x03d328b3) mulhsu  a7, t1, t4
core   0: 3 0x80004652 (0x03d328b3) x17 0xc000315e
core   0: 0x80004656 (0x0000557d) c.li    a0, -1
core   0: 3 0x80004656 (0x557d) x10 0xffffffff
core   0: 0x80004658 (0x01f62b33) slt     s6, a2, t6
core   0: 3 0x80004658 (0x01f62b33) x22 0x00000001
core   0: 0x8000465c (0xdfe083a3) sb      t5, -537(ra)
core   0: 3 0x8000465c (0xdfe083a3) mem 0x8000d598 0x5
core   0: 0x80004660 (0xdae09ea3) sh      a4, -579(ra)
core   0: 3 0x80004660 (0xdae09ea3) mem 0x8000d56e 0xea10
core   0: 0x80004664 (0x00008bfa) c.mv    s7, t5
core   0: 3 0x80004664 (0x8bfa) x23 0x00000005
core   0: 0x80004666 (0x00000001) c.nop
core   0: 3 0x80004666 (0x0001)
core   0: 0x80004668 (0x001ddf33) srl     t5, s11, ra
core   0: 3 0x80004668 (0x001ddf33) x30 0x00000000
core   0: 0x8000466c (0x0048d0b3) srl     ra, a7, tp
core   0: 3 0x8000466c (0x0048d0b3) x 1 0x0c000315
core   0: 0x80004670 (0x1b6bdeb7) lui     t4, 0x1b6bd
core   0: 3 0x80004670 (0x1b6bdeb7) x29 0x1b6bd000
core   0: 0x80004674 (0x00009817) auipc   a6, 0x9
core   0: 3 0x80004674 (0x00009817) x16 0x8000d674
core   0: 0x80004678 (0x71980813) addi    a6, a6, 1817
core   0: 3 0x80004678 (0x71980813) x16 0x8000dd8d
core   0: 0x8000467c (0x01980523) sb      s9, 10(a6)
core   0: 3 0x8000467c (0x01980523) mem 0x8000dd97 0xc6
core   0: 0x80004680 (0x00008cb5) c.xor   s1, a3
core   0: 3 0x80004680 (0x8cb5) x 9 0x1f3b8300
core   0: 0x80004682 (0x0000100f) fence.i
core   0: 3 0x80004682 (0x0000100f)
core   0: 0x80004686 (0x00780783) lb      a5, 7(a6)
core   0: 3 0x80004686 (0x00780783) x15 0xffffffec mem 0x8000dd94
core   0: 0x8000468a (0x40b75d13) srai    s10, a4, 11
core   0: 3 0x8000468a (0x40b75d13) x26 0x000c185d
core   0: 0x8000468e (0x00d81503) lh      a0, 13(a6)
core   0: 3 0x8000468e (0x00d81503) x10 0x000031c6 mem 0x8000dd9a
core   0: 0x80004692 (0x00980623) sb      s1, 12(a6)
core   0: 3 0x80004692 (0x00980623) mem 0x8000dd99 0x0
core   0: 0x80004696 (0x00e6dcb3) srl     s9, a3, a4
core   0: 3 0x80004696 (0x00e6dcb3) x25 0x0000ffff
core   0: 0x8000469a (0xffe80e03) lb      t3, -2(a6)
core   0: 3 0x8000469a (0xffe80e03) x28 0xfffffff5 mem 0x8000dd8b
core   0: 0x8000469e (0xff380883) lb      a7, -13(a6)
core   0: 3 0x8000469e (0xff380883) x17 0x00000023 mem 0x8000dd80
core   0: 0x800046a2 (0x00284d83) lbu     s11, 2(a6)
core   0: 3 0x800046a2 (0x00284d83) x27 0x000000d0 mem 0x8000dd8f
core   0: 0x800046a6 (0x00184403) lbu     s0, 1(a6)
core   0: 3 0x800046a6 (0x00184403) x 8 0x00000000 mem 0x8000dd8e
core   0: 0x800046aa (0x00000966) c.slli  s2, 25
core   0: 3 0x800046aa (0x0966) x18 0xe8000000
core   0: 0x800046ac (0x00080903) lb      s2, 0(a6)
core   0: 3 0x800046ac (0x00080903) x18 0xffffff8d mem 0x8000dd8d
core   0: 0x800046b0 (0xfed80f23) sb      a3, -2(a6)
core   0: 3 0x800046b0 (0xfed80f23) mem 0x8000dd8b 0xf5
core   0: 0x800046b4 (0x00c89993) slli    s3, a7, 12
core   0: 3 0x800046b4 (0x00c89993) x19 0x00023000
core   0: 0x800046b8 (0xfea80ea3) sb      a0, -3(a6)
core   0: 3 0x800046b8 (0xfea80ea3) mem 0x8000dd8a 0xc6
core   0: 0x800046bc (0xff184003) lbu     zero, -15(a6)
core   0: 3 0x800046bc (0xff184003) mem 0x8000dd7e
core   0: 0x800046c0 (0xff280383) lb      t2, -14(a6)
core   0: 3 0x800046c0 (0xff280383) x 7 0xffffffab mem 0x8000dd7f
core   0: 0x800046c4 (0x00000001) c.nop
core   0: 3 0x800046c4 (0x0001)
core   0: 0x800046c6 (0xfeb80823) sb      a1, -16(a6)
core   0: 3 0x800046c6 (0xfeb80823) mem 0x8000dd7d 0x31
core   0: 0x800046ca (0x03aa7033) remu    zero, s4, s10
core   0: 3 0x800046ca (0x03aa7033)
core   0: 0x800046ce (0xffe84503) lbu     a0, -2(a6)
core   0: 3 0x800046ce (0xffe84503) x10 0x000000f5 mem 0x8000dd8b
core   0: 0x800046d2 (0x00e821a3) sw      a4, 3(a6)
core   0: 3 0x800046d2 (0x00e821a3) mem 0x8000dd90 0x60c2ea10
core   0: 0x800046d6 (0x01080023) sb      a6, 0(a6)
core   0: 3 0x800046d6 (0x01080023) mem 0x8000dd8d 0x8d
core   0: 0x800046da (0xfe081aa3) sh      zero, -11(a6)
core   0: 3 0x800046da (0xfe081aa3) mem 0x8000dd82 0x0000
core   0: 0x800046de (0x00c84d83) lbu     s11, 12(a6)
core   0: 3 0x800046de (0x00c84d83) x27 0x00000000 mem 0x8000dd99
core   0: 0x800046e2 (0x00884c83) lbu     s9, 8(a6)
core   0: 3 0x800046e2 (0x00884c83) x25 0x00000031 mem 0x8000dd95
core   0: 0x800046e6 (0x01d810a3) sh      t4, 1(a6)
core   0: 3 0x800046e6 (0x01d810a3) mem 0x8000dd8e 0xd000
core   0: 0x800046ea (0xffd84b03) lbu     s6, -3(a6)
core   0: 3 0x800046ea (0xffd84b03) x22 0x000000c6 mem 0x8000dd8a
core   0: 0x800046ee (0x00008df5) c.and   a1, a3
core   0: 3 0x800046ee (0x8df5) x11 0x80010031
core   0: 0x800046f0 (0x01ff6533) or      a0, t5, t6
core   0: 3 0x800046f0 (0x01ff6533) x10 0x00000074
core   0: 0x800046f4 (0xffc80903) lb      s2, -4(a6)
core   0: 3 0x800046f4 (0xffc80903) x18 0x0000000c mem 0x8000dd89
core   0: 0x800046f8 (0xfe080fa3) sb      zero, -1(a6)
core   0: 3 0x800046f8 (0xfe080fa3) mem 0x8000dd8c 0x0
core   0: 0x800046fc (0x8597cb93) xori    s7, a5, -1959
core   0: 3 0x800046fc (0x8597cb93) x23 0x000007b5
core   0: 0x80004700 (0x00009a4a) c.add   s4, s2
core   0: 3 0x80004700 (0x9a4a) x20 0x00000108
core   0: 0x80004702 (0x00b815a3) sh      a1, 11(a6)
core   0: 3 0x80004702 (0x00b815a3) mem 0x8000dd98 0x0031
core   0: 0x80004706 (0x00f57333) and     t1, a0, a5
core   0: 3 0x80004706 (0x00f57333) x 6 0x00000064
core   0: 0x8000470a (0x01980723) sb      s9, 14(a6)
core   0: 3 0x8000470a (0x01980723) mem 0x8000dd9b 0x31
core   0: 0x8000470e (0x010d71b3) and     gp, s10, a6
core   0: 3 0x8000470e (0x010d71b3) x 3 0x0000180d
core   0: 0x80004712 (0x23d02d13) slti    s10, zero, 573
core   0: 3 0x80004712 (0x23d02d13) x26 0x00000001
core   0: 0x80004716 (0x00b85383) lhu     t2, 11(a6)
core   0: 3 0x80004716 (0x00b85383) x 7 0x00000031 mem 0x8000dd98
core   0: 0x8000471a (0xfed808a3) sb      a3, -15(a6)
core   0: 3 0x8000471a (0xfed808a3) mem 0x8000dd7e 0xf5
core   0: 0x8000471e (0x01280523) sb      s2, 10(a6)
core   0: 3 0x8000471e (0x01280523) mem 0x8000dd97 0xc
core   0: 0x80004722 (0x00561b93) slli    s7, a2, 5
core   0: 3 0x80004722 (0x00561b93) x23 0x00000000
core   0: 0x80004726 (0xea574f13) xori    t5, a4, -347
core   0: 3 0x80004726 (0xea574f13) x30 0x9f3d14b5
core   0: 0x8000472a (0x41698eb3) sub     t4, s3, s6
core   0: 3 0x8000472a (0x41698eb3) x29 0x00022f3a
core   0: 0x8000472e (0x00454333) xor     t1, a0, tp
core   0: 3 0x8000472e (0x00454333) x 6 0x80026c90
core   0: 0x80004732 (0x1faf4b93) xori    s7, t5, 506
core   0: 3 0x80004732 (0x1faf4b93) x23 0x9f3d154f
core   0: 0x80004736 (0x012a3db3) sltu    s11, s4, s2
core   0: 3 0x80004736 (0x012a3db3) x27 0x00000000
core   0: 0x8000473a (0x03fe9f33) mulh    t5, t4, t6
core   0: 3 0x8000473a (0x03fe9f33) x30 0x00000000
core   0: 0x8000473e (0x00006d35) c.lui   s10, 0xd
core   0: 3 0x8000473e (0x6d35) x26 0x0000d000
core   0: 0x80004740 (0x9d240a13) addi    s4, s0, -1582
core   0: 3 0x80004740 (0x9d240a13) x20 0xfffff9d2
core   0: 0x80004744 (0x013dd813) srli    a6, s11, 19
core   0: 3 0x80004744 (0x013dd813) x16 0x00000000
core   0: 0x80004748 (0x0000057e) c.slli  a0, 31
core   0: 3 0x80004748 (0x057e) x10 0x00000000
core   0: 0x8000474a (0x40d05333) sra     t1, zero, a3
core   0: 3 0x8000474a (0x40d05333) x 6 0x00000000
core   0: 0x8000474e (0x022c4c63) blt     s8, sp, pc + 56
core   0: 3 0x8000474e (0x022c4c63)
core   0: 0x80004786 (0x00c8a9b3) slt     s3, a7, a2
core   0: 3 0x80004786 (0x00c8a9b3) x19 0x00000000
core   0: 0x8000478a (0x00000192) c.slli  gp, 4
core   0: 3 0x8000478a (0x0192) x 3 0x000180d0
core   0: 0x8000478c (0x017053b3) srl     t2, zero, s7
core   0: 3 0x8000478c (0x017053b3) x 7 0x00000000
core   0: 0x80004790 (0x020a6333) rem     t1, s4, zero
core   0: 3 0x80004790 (0x020a6333) x 6 0xfffff9d2
core   0: 0x80004794 (0x41535613) srai    a2, t1, 21
core   0: 3 0x80004794 (0x41535613) x12 0xffffffff
core   0: 0x80004798 (0x67e1c493) xori    s1, gp, 1662
core   0: 3 0x80004798 (0x67e1c493) x 9 0x000186ae
core   0: 0x8000479c (0x03b8c6b3) div     a3, a7, s11
core   0: 3 0x8000479c (0x03b8c6b3) x13 0xffffffff
core   0: 0x800047a0 (0x0033f4b3) and     s1, t2, gp
core   0: 3 0x800047a0 (0x0033f4b3) x 9 0x00000000
core   0: 0x800047a4 (0x3fd4b513) sltiu   a0, s1, 1021
core   0: 3 0x800047a4 (0x3fd4b513) x10 0x00000001
core   0: 0x800047a8 (0x01ce8033) add     zero, t4, t3
core   0: 3 0x800047a8 (0x01ce8033)
core   0: 0x800047ac (0x00009ace) c.add   s5, s3
core   0: 3 0x800047ac (0x9ace) x21 0xffffffff
core   0: 0x800047ae (0x02336633) rem     a2, t1, gp
core   0: 3 0x800047ae (0x02336633) x12 0xfffff9d2
core   0: 0x800047b2 (0x000087c5) c.srai  a5, 17
core   0: 3 0x800047b2 (0x87c5) x15 0xffffffff
core   0: 0x800047b4 (0x00983a13) sltiu   s4, a6, 9
core   0: 3 0x800047b4 (0x00983a13) x20 0x00000001
core   0: 0x800047b8 (0x039beb63) bltu    s7, s9, pc + 54
core   0: 3 0x800047b8 (0x039beb63)
core   0: 0x800047bc (0x05dd4163) blt     s10, t4, pc + 66
core   0: 3 0x800047bc (0x05dd4163)
core   0: 0x800047fe (0x00251b13) slli    s6, a0, 2
core   0: 3 0x800047fe (0x00251b13) x22 0x00000004
core   0: 0x80004802 (0x00009bfd) c.andi  a5, -1
core   0: 3 0x80004802 (0x9bfd) x15 0xffffffff
core   0: 0x80004804 (0x00008c75) c.and   s0, a3
core   0: 3 0x80004804 (0x8c75) x 8 0x00000000
core   0: 0x80004806 (0x00008e95) c.sub   a3, a3
core   0: 3 0x80004806 (0x8e95) x13 0x00000000
core   0: 0x80004808 (0x021e2517) auipc   a0, 0x21e2
core   0: 3 0x80004808 (0x021e2517) x10 0x821e6808
core   0: 0x8000480c (0x0133eb63) bltu    t2, s3, pc + 22
core   0: 3 0x8000480c (0x0133eb63)
core   0: 0x80004810 (0x03cb6833) rem     a6, s6, t3
core   0: 3 0x80004810 (0x03cb6833) x16 0x00000004
core   0: 0x80004814 (0x01af0a33) add     s4, t5, s10
core   0: 3 0x80004814 (0x01af0a33) x20 0x0000d000
core   0: 0x80004818 (0x00008fad) c.xor   a5, a1
core   0: 3 0x80004818 (0x8fad) x15 0x7ffeffce
core   0: 0x8000481a (0x034a6a63) bltu    s4, s4, pc + 52
core   0: 3 0x8000481a (0x034a6a63)
core   0: 0x8000481e (0x02dee1b3) rem     gp, t4, a3
core   0: 3 0x8000481e (0x02dee1b3) x 3 0x00022f3a
core   0: 0x80004822 (0xd4eab817) auipc   a6, 0xd4eab
core   0: 3 0x80004822 (0xd4eab817) x16 0x54eaf822
core   0: 0x80004826 (0x0359e763) bltu    s3, s5, pc + 46
core   0: 3 0x80004826 (0x0359e763)
core   0: 0x80004854 (0x744fba93) sltiu   s5, t6, 1860
core   0: 3 0x80004854 (0x744fba93) x21 0x00000001
core   0: 0x80004858 (0x4107d333) sra     t1, a5, a6
core   0: 3 0x80004858 (0x4107d333) x 6 0x1fffbff3
core   0: 0x8000485c (0xdedf0e93) addi    t4, t5, -531
core   0: 3 0x8000485c (0xdedf0e93) x29 0xfffffded
core   0: 0x80004860 (0x02f52333) mulhsu  t1, a0, a5
core   0: 3 0x80004860 (0x02f52333) x 6 0xc10fb1fe
core   0: 0x80004864 (0x00361e93) slli    t4, a2, 3
core   0: 3 0x80004864 (0x00361e93) x29 0xffffce90
core   0: 0x80004868 (0x000085e5) c.srai  a1, 25
core   0: 3 0x80004868 (0x85e5) x11 0xffffffc0
core   0: 0x8000486a (0x02833933) mulhu   s2, t1, s0
core   0: 3 0x8000486a (0x02833933) x18 0x00000000
core   0: 0x8000486e (0xf15eec17) auipc   s8, 0xf15ee
core   0: 3 0x8000486e (0xf15eec17) x24 0x715f286e
core   0: 0x80004872 (0x02a7e463) bltu    a5, a0, pc + 40
core   0: 3 0x80004872 (0x02a7e463)
core   0: 0x8000489a (0x0000e119) c.bnez  a0, pc + 6
core   0: 3 0x8000489a (0xe119)
core   0: 0x800048a0 (0xf6e8e093) ori     ra, a7, -146
core   0: 3 0x800048a0 (0xf6e8e093) x 1 0xffffff6f
core   0: 0x800048a4 (0x03458863) beq     a1, s4, pc + 48
core   0: 3 0x800048a4 (0x03458863)
core   0: 0x800048a8 (0x012e4f33) xor     t5, t3, s2
core   0: 3 0x800048a8 (0x012e4f33) x30 0xfffffff5
core   0: 0x800048ac (0x0000046a) c.slli  s0, 26
core   0: 3 0x800048ac (0x046a) x 8 0x00000000
core   0: 0x800048ae (0x00225db3) srl     s11, tp, sp
core   0: 3 0x800048ae (0x00225db3) x27 0x00080026
core   0: 0x800048b2 (0x000089d2) c.mv    s3, s4
core   0: 3 0x800048b2 (0x89d2) x19 0x0000d000
core   0: 0x800048b4 (0x00008d99) c.sub   a1, a4
core   0: 3 0x800048b4 (0x8d99) x11 0x9f3d15b0
core   0: 0x800048b6 (0x03401d63) bne     zero, s4, pc + 58
core   0: 3 0x800048b6 (0x03401d63)
core   0: 0x800048f0 (0x00000001) c.nop
core   0: 3 0x800048f0 (0x0001)
core   0: 0x800048f2 (0x0112af33) slt     t5, t0, a7
core   0: 3 0x800048f2 (0x0112af33) x30 0x00000001
core   0: 0x800048f6 (0x00c1f197) auipc   gp, 0xc1f
core   0: 3 0x800048f6 (0x00c1f197) x 3 0x80c238f6
core   0: 0x800048fa (0x011b6f63) bltu    s6, a7, pc + 30
core   0: 3 0x800048fa (0x011b6f63)
core   0: 0x80004918 (0x0ff0000f) fence   iorw,iorw
core   0: 3 0x80004918 (0x0ff0000f)
core   0: 0x8000491c (0x02f29cb3) mulh    s9, t0, a5
core   0: 3 0x8000491c (0x02f29cb3) x25 0xc00196fe
core   0: 0x80004920 (0x02809963) bne     ra, s0, pc + 50
core   0: 3 0x80004920 (0x02809963)
core   0: 0x80004952 (0x014e1c33) sll     s8, t3, s4
core   0: 3 0x80004952 (0x014e1c33) x24 0xfffffff5
core   0: 0x80004956 (0x41490e33) sub     t3, s2, s4
core   0: 3 0x80004956 (0x41490e33) x28 0xffff3000
core   0: 0x8000495a (0x030c2e33) mulhsu  t3, s8, a6
core   0: 3 0x8000495a (0x030c2e33) x28 0xfffffffc
core   0: 0x8000495e (0x0171d363) bge     gp, s7, pc + 6
core   0: 3 0x8000495e (0x0171d363)
core   0: 0x80004962 (0x00000001) c.nop
core   0: 3 0x80004962 (0x0001)
core   0: 0x80004964 (0x00008f99) c.sub   a5, a4
core   0: 3 0x80004964 (0x8f99) x15 0x1f3c15be
core   0: 0x80004966 (0x01244363) blt     s0, s2, pc + 6
core   0: 3 0x80004966 (0x01244363)
core   0: 0x8000496a (0x0000050d) c.addi  a0, 3
core   0: 3 0x8000496a (0x050d) x10 0x821e680b
core   0: 0x8000496c (0x0000867d) c.srai  a2, 31
core   0: 3 0x8000496c (0x867d) x12 0xffffffff
core   0: 0x8000496e (0xf72fec93) ori     s9, t6, -142
core   0: 3 0x8000496e (0xf72fec93) x25 0xffffff76
core   0: 0x80004972 (0x5ea58513) addi    a0, a1, 1514
core   0: 3 0x80004972 (0x5ea58513) x10 0x9f3d1b9a
core   0: 0x80004976 (0x0000ed0d) c.bnez  a0, pc + 58
core   0: 3 0x80004976 (0xed0d)
core   0: 0x800049b0 (0x000081b9) c.srli  a1, 14
core   0: 3 0x800049b0 (0x81b9) x11 0x00027cf4
core   0: 0x800049b2 (0x02754633) div     a2, a0, t2
core   0: 3 0x800049b2 (0x02754633) x12 0xffffffff
core   0: 0x800049b6 (0x7fedaeb7) lui     t4, 0x7feda
core   0: 3 0x800049b6 (0x7fedaeb7) x29 0x7feda000
core   0: 0x800049ba (0x02171db3) mulh    s11, a4, ra
core   0: 3 0x800049ba (0x02171db3) x27 0xffffffc9
core   0: 0x800049be (0x00008cc9) c.or    s1, a0
core   0: 3 0x800049be (0x8cc9) x 9 0x9f3d1b9a
core   0: 0x800049c0 (0x00008eb9) c.xor   a3, a4
core   0: 3 0x800049c0 (0x8eb9) x13 0x60c2ea10
core   0: 0x800049c2 (0x40150db3) sub     s11, a0, ra
core   0: 3 0x800049c2 (0x40150db3) x27 0x9f3d1c2b
core   0: 0x800049c6 (0xde477f37) lui     t5, 0xde477
core   0: 3 0x800049c6 (0xde477f37) x30 0xde477000
core   0: 0x800049ca (0x025b81b3) mul     gp, s7, t0
core   0: 3 0x800049ca (0x025b81b3) x 3 0xc8fe3330
core   0: 0x800049ce (0x40b75933) sra     s2, a4, a1
core   0: 3 0x800049ce (0x40b75933) x18 0x0000060c
core   0: 0x800049d2 (0x00008309) c.srli  a4, 2
core   0: 3 0x800049d2 (0x8309) x14 0x1830ba84
core   0: 0x800049d4 (0x00009bfd) c.andi  a5, -1
core   0: 3 0x800049d4 (0x9bfd) x15 0x1f3c15be
core   0: 0x800049d6 (0x00008392) c.mv    t2, tp
core   0: 3 0x800049d6 (0x8392) x 7 0x80026ce4
core   0: 0x800049d8 (0x0000100f) fence.i
core   0: 3 0x800049d8 (0x0000100f)
core   0: 0x800049dc (0x6ef62e13) slti    t3, a2, 1775
core   0: 3 0x800049dc (0x6ef62e13) x28 0x00000001
core   0: 0x800049e0 (0x0394c433) div     s0, s1, s9
core   0: 3 0x800049e0 (0x0394c433) x 8 0x00b37fcc
core   0: 0x800049e4 (0x41438033) sub     zero, t2, s4
core   0: 3 0x800049e4 (0x41438033)
core   0: 0x800049e8 (0x6057d3b7) lui     t2, 0x6057d
core   0: 3 0x800049e8 (0x6057d3b7) x 7 0x6057d000
core   0: 0x800049ec (0x01881c33) sll     s8, a6, s8
core   0: 3 0x800049ec (0x01881c33) x24 0x04400000
core   0: 0x800049f0 (0x417b07b3) sub     a5, s6, s7
core   0: 3 0x800049f0 (0x417b07b3) x15 0x60c2eab5
core   0: 0x800049f4 (0x000089ba) c.mv    s3, a4
core   0: 3 0x800049f4 (0x89ba) x19 0x1830ba84
core   0: 0x800049f6 (0x02246833) rem     a6, s0, sp
core   0: 3 0x800049f6 (0x02246833) x16 0x00000000
core   0: 0x800049fa (0x31fa2313) slti    t1, s4, 799
core   0: 3 0x800049fa (0x31fa2313) x 6 0x00000000
core   0: 0x800049fe (0x8256e613) ori     a2, a3, -2011
core   0: 3 0x800049fe (0x8256e613) x12 0xfffffa35
core   0: 0x80004a02 (0xea0ee093) ori     ra, t4, -352
core   0: 3 0x80004a02 (0xea0ee093) x 1 0xfffffea0
core   0: 0x80004a06 (0x10adfc13) andi    s8, s11, 266
core   0: 3 0x80004a06 (0x10adfc13) x24 0x0000000a
core   0: 0x80004a0a (0x0000e901) c.bnez  a0, pc + 16
core   0: 3 0x80004a0a (0xe901)
core   0: 0x80004a1a (0x01d82333) slt     t1, a6, t4
core   0: 3 0x80004a1a (0x01d82333) x 6 0x00000001
core   0: 0x80004a1e (0x00006d41) c.lui   s10, 0x10
core   0: 3 0x80004a1e (0x6d41) x26 0x00010000
core   0: 0x80004a20 (0x7229ff93) andi    t6, s3, 1826
core   0: 3 0x80004a20 (0x7229ff93) x31 0x00000200
core   0: 0x80004a24 (0x02bb0433) mul     s0, s6, a1
core   0: 3 0x80004a24 (0x02bb0433) x 8 0x0009f3d0
core   0: 0x80004a28 (0x03b6d4b3) divu    s1, a3, s11
core   0: 3 0x80004a28 (0x03b6d4b3) x 9 0x00000000
core   0: 0x80004a2c (0x00064463) bltz    a2, pc + 8
core   0: 3 0x80004a2c (0x00064463)
core   0: 0x80004a34 (0x001b2db3) slt     s11, s6, ra
core   0: 3 0x80004a34 (0x001b2db3) x27 0x00000000
core   0: 0x80004a38 (0x0280dcb3) divu    s9, ra, s0
core   0: 3 0x80004a38 (0x0280dcb3) x25 0x000019b8
core   0: 0x80004a3c (0x03cfd363) bge     t6, t3, pc + 38
core   0: 3 0x80004a3c (0x03cfd363)
core   0: 0x80004a62 (0x01bf95b3) sll     a1, t6, s11
core   0: 3 0x80004a62 (0x01bf95b3) x11 0x00000200
core   0: 0x80004a66 (0x413bd633) sra     a2, s7, s3
core   0: 3 0x80004a66 (0x413bd633) x12 0xf9f3d154
core   0: 0x80004a6a (0x00f3eeb3) or      t4, t2, a5
core   0: 3 0x80004a6a (0x00f3eeb3) x29 0x60d7fab5
core   0: 0x80004a6e (0x012c27b3) slt     a5, s8, s2
core   0: 3 0x80004a6e (0x012c27b3) x15 0x00000001
core   0: 0x80004a72 (0x000054fd) c.li    s1, -1
core   0: 3 0x80004a72 (0x54fd) x 9 0xffffffff
core   0: 0x80004a74 (0x011947b3) xor     a5, s2, a7
core   0: 3 0x80004a74 (0x011947b3) x15 0x0000062f
core   0: 0x80004a78 (0x01453a33) sltu    s4, a0, s4
core   0: 3 0x80004a78 (0x01453a33) x20 0x00000000
core   0: 0x80004a7c (0x00e7d313) srli    t1, a5, 14
core   0: 3 0x80004a7c (0x00e7d313) x 6 0x00000000
core   0: 0x80004a80 (0x407fd8b3) sra     a7, t6, t2
core   0: 3 0x80004a80 (0x407fd8b3) x17 0x00000200
core   0: 0x80004a84 (0x92450093) addi    ra, a0, -1756
core   0: 3 0x80004a84 (0x92450093) x 1 0x9f3d14be
core   0: 0x80004a88 (0x3532c193) xori    gp, t0, 851
core   0: 3 0x80004a88 (0x3532c193) x 3 0x80022e83
core   0: 0x80004a8c (0x1b524593) xori    a1, tp, 437
core   0: 3 0x80004a8c (0x1b524593) x11 0x80026d51
core   0: 0x80004a90 (0x00008d01) c.sub   a0, s0
core   0: 3 0x80004a90 (0x8d01) x10 0x9f3327ca
core   0: 0x80004a92 (0x00008ddd) c.or    a1, a5
core   0: 3 0x80004a92 (0x8ddd) x11 0x80026f7f
core   0: 0x80004a94 (0x01e14333) xor     t1, sp, t5
core   0: 3 0x80004a94 (0x01e14333) x 6 0xde47700c
core   0: 0x80004a98 (0x00a06c33) or      s8, zero, a0
core   0: 3 0x80004a98 (0x00a06c33) x24 0x9f3327ca
core   0: 0x80004a9c (0x00008f31) c.xor   a4, a2
core   0: 3 0x80004a9c (0x8f31) x14 0xe1c36bd0
core   0: 0x80004a9e (0x03bf64b3) rem     s1, t5, s11
core   0: 3 0x80004a9e (0x03bf64b3) x 9 0xde477000
core   0: 0x80004aa2 (0x0000889d) c.andi  s1, 7
core   0: 3 0x80004aa2 (0x889d) x 9 0x00000000
core   0: 0x80004aa4 (0x0000100f) fence.i
core   0: 3 0x80004aa4 (0x0000100f)
core   0: 0x80004aa8 (0x03f3e863) bltu    t2, t6, pc + 48
core   0: 3 0x80004aa8 (0x03f3e863)
core   0: 0x80004aac (0x0000696d) c.lui   s2, 0x1b
core   0: 3 0x80004aac (0x696d) x18 0x0001b000
core   0: 0x80004aae (0x0151d9b3) srl     s3, gp, s5
core   0: 3 0x80004aae (0x0151d9b3) x19 0x40011741
core   0: 0x80004ab2 (0xafd47f93) andi    t6, s0, -1283
core   0: 3 0x80004ab2 (0xafd47f93) x31 0x0009f2d0
core   0: 0x80004ab6 (0x413dd093) srai    ra, s11, 19
core   0: 3 0x80004ab6 (0x413dd093) x 1 0x00000000
core   0: 0x80004aba (0x03076263) bltu    a4, a6, pc + 36
core   0: 3 0x80004aba (0x03076263)
core   0: 0x80004abe (0x03e2cbb3) div     s7, t0, t5
core   0: 3 0x80004abe (0x03e2cbb3) x23 0x00000003
core   0: 0x80004ac2 (0x02c10863) beq     sp, a2, pc + 48
core   0: 3 0x80004ac2 (0x02c10863)
core   0: 0x80004ac6 (0x4b076e93) ori     t4, a4, 1200
core   0: 3 0x80004ac6 (0x4b076e93) x29 0xe1c36ff0
core   0: 0x80004aca (0x01141e33) sll     t3, s0, a7
core   0: 3 0x80004aca (0x01141e33) x28 0x0009f3d0
core   0: 0x80004ace (0x00000001) c.nop
core   0: 3 0x80004ace (0x0001)
core   0: 0x80004ad0 (0x41ebd1b3) sra     gp, s7, t5
core   0: 3 0x80004ad0 (0x41ebd1b3) x 3 0x00000003
core   0: 0x80004ad4 (0x00133833) sltu    a6, t1, ra
core   0: 3 0x80004ad4 (0x00133833) x16 0x00000000
core   0: 0x80004ad8 (0x4aa20813) addi    a6, tp, 1194
core   0: 3 0x80004ad8 (0x4aa20813) x16 0x8002718e
core   0: 0x80004adc (0x000061fd) c.lui   gp, 0x1f
core   0: 3 0x80004adc (0x61fd) x 3 0x0001f000
core   0: 0x80004ade (0x01f34fb3) xor     t6, t1, t6
core   0: 3 0x80004ade (0x01f34fb3) x31 0xde4e82dc
core   0: 0x80004ae2 (0x01f630b3) sltu    ra, a2, t6
core   0: 3 0x80004ae2 (0x01f630b3) x 1 0x00000000
core   0: 0x80004ae6 (0x02eb55b3) divu    a1, s6, a4
core   0: 3 0x80004ae6 (0x02eb55b3) x11 0x00000000
core   0: 0x80004aea (0x01b77333) and     t1, a4, s11
core   0: 3 0x80004aea (0x01b77333) x 6 0x00000000
core   0: 0x80004aee (0x01473d33) sltu    s10, a4, s4
core   0: 3 0x80004aee (0x01473d33) x26 0x00000000
core   0: 0x80004af2 (0x01075a93) srli    s5, a4, 16
core   0: 3 0x80004af2 (0x01075a93) x21 0x0000e1c3
core   0: 0x80004af6 (0x012640b3) xor     ra, a2, s2
core   0: 3 0x80004af6 (0x012640b3) x 1 0xf9f26154
core   0: 0x80004afa (0x00a10e33) add     t3, sp, a0
core   0: 3 0x80004afa (0x00a10e33) x28 0x9f3327d6
core   0: 0x80004afe (0x0000ca8d) c.beqz  a3, pc + 50
core   0: 3 0x80004afe (0xca8d)
core   0: 0x80004b00 (0x00de0833) add     a6, t3, a3
core   0: 3 0x80004b00 (0x00de0833) x16 0xfff611e6
core   0: 0x80004b04 (0x00000fe6) c.slli  t6, 25
core   0: 3 0x80004b04 (0x0fe6) x31 0xb8000000
core   0: 0x80004b06 (0x41915b13) srai    s6, sp, 25
core   0: 3 0x80004b06 (0x41915b13) x22 0x00000000
core   0: 0x80004b0a (0x01af5cb3) srl     s9, t5, s10
core   0: 3 0x80004b0a (0x01af5cb3) x25 0xde477000
core   0: 0x80004b0e (0x002e8463) beq     t4, sp, pc + 8
core   0: 3 0x80004b0e (0x002e8463)
core   0: 0x80004b12 (0x005e1193) slli    gp, t3, 5
core   0: 3 0x80004b12 (0x005e1193) x 3 0xe664fac0
core   0: 0x80004b16 (0x02f948b3) div     a7, s2, a5
core   0: 3 0x80004b16 (0x02f948b3) x17 0x00000045
core   0: 0x80004b1a (0x01d08f63) beq     ra, t4, pc + 30
core   0: 3 0x80004b1a (0x01d08f63)
core   0: 0x80004b1e (0x000053fd) c.li    t2, -1
core   0: 3 0x80004b1e (0x53fd) x 7 0xffffffff
core   0: 0x80004b20 (0x01d5bbb3) sltu    s7, a1, t4
core   0: 3 0x80004b20 (0x01d5bbb3) x23 0x00000001
core   0: 0x80004b24 (0x02d5b933) mulhu   s2, a1, a3
core   0: 3 0x80004b24 (0x02d5b933) x18 0x00000000
core   0: 0x80004b28 (0xaf05f693) andi    a3, a1, -1296
core   0: 3 0x80004b28 (0xaf05f693) x13 0x00000000
core   0: 0x80004b2c (0x02f81763) bne     a6, a5, pc + 46
core   0: 3 0x80004b2c (0x02f81763)
core   0: 0x80004b5a (0x035c4cb3) div     s9, s8, s5
core   0: 3 0x80004b5a (0x035c4cb3) x25 0xffff923d
core   0: 0x80004b5e (0x8d098893) addi    a7, s3, -1840
core   0: 3 0x80004b5e (0x8d098893) x17 0x40011011
core   0: 0x80004b62 (0x00008545) c.srai  a0, 17
core   0: 3 0x80004b62 (0x8545) x10 0xffffcf99
core   0: 0x80004b64 (0x4158d6b3) sra     a3, a7, s5
core   0: 3 0x80004b64 (0x4158d6b3) x13 0x08002202
core   0: 0x80004b68 (0xff40a0b7) lui     ra, 0xff40a
core   0: 3 0x80004b68 (0xff40a0b7) x 1 0xff40a000
core   0: 0x80004b6c (0x007f5513) srli    a0, t5, 7
core   0: 3 0x80004b6c (0x007f5513) x10 0x01bc8ee0
core   0: 0x80004b70 (0x00008fa5) c.xor   a5, s1
core   0: 3 0x80004b70 (0x8fa5) x15 0x0000062f
core   0: 0x80004b72 (0x00006921) c.lui   s2, 0x8
core   0: 3 0x80004b72 (0x6921) x18 0x00008000
core   0: 0x80004b74 (0x00008e85) c.sub   a3, s1
core   0: 3 0x80004b74 (0x8e85) x13 0x08002202
core   0: 0x80004b76 (0x4da4c013) xori    zero, s1, 1242
core   0: 3 0x80004b76 (0x4da4c013)
core   0: 0x80004b7a (0x035ed263) bge     t4, s5, pc + 36
core   0: 3 0x80004b7a (0x035ed263)
core   0: 0x80004b7e (0x6fdc8a13) addi    s4, s9, 1789
core   0: 3 0x80004b7e (0x6fdc8a13) x20 0xffff993a
core   0: 0x80004b82 (0x6db7a493) slti    s1, a5, 1755
core   0: 3 0x80004b82 (0x6db7a493) x 9 0x00000001
core   0: 0x80004b86 (0x02225363) bge     tp, sp, pc + 38
core   0: 3 0x80004b86 (0x02225363)
core   0: 0x80004b8a (0x00008d79) c.and   a0, a4
core   0: 3 0x80004b8a (0x8d79) x10 0x01800ac0
core   0: 0x80004b8c (0x00004b69) c.li    s6, 26
core   0: 3 0x80004b8c (0x4b69) x22 0x0000001a
core   0: 0x80004b8e (0x00a41793) slli    a5, s0, 10
core   0: 3 0x80004b8e (0x00a41793) x15 0x27cf4000
core   0: 0x80004b92 (0x01965663) bge     a2, s9, pc + 12
core   0: 3 0x80004b92 (0x01965663)
core   0: 0x80004b96 (0x0058e633) or      a2, a7, t0
core   0: 3 0x80004b96 (0x0058e633) x12 0xc0033dd1
core   0: 0x80004b9a (0x0ff0000f) fence   iorw,iorw
core   0: 3 0x80004b9a (0x0ff0000f)
core   0: 0x80004b9e (0xf027ef13) ori     t5, a5, -254
core   0: 3 0x80004b9e (0xf027ef13) x30 0xffffff02
core   0: 0x80004ba2 (0x004c2833) slt     a6, s8, tp
core   0: 3 0x80004ba2 (0x004c2833) x16 0x00000000
core   0: 0x80004ba6 (0x41f95033) sra     zero, s2, t6
core   0: 3 0x80004ba6 (0x41f95033)
core   0: 0x80004baa (0x00008ca5) c.xor   s1, s1
core   0: 3 0x80004baa (0x8ca5) x 9 0x00000000
core   0: 0x80004bac (0x00008c41) c.or    s0, s0
core   0: 3 0x80004bac (0x8c41) x 8 0x0009f3d0
core   0: 0x80004bae (0x41c5dcb3) sra     s9, a1, t3
core   0: 3 0x80004bae (0x41c5dcb3) x25 0x00000000
core   0: 0x80004bb2 (0x00008f19) c.sub   a4, a4
core   0: 3 0x80004bb2 (0x8f19) x14 0x00000000
core   0: 0x80004bb4 (0x00000001) c.nop
core   0: 3 0x80004bb4 (0x0001)
core   0: 0x80004bb6 (0x00008f85) c.sub   a5, s1
core   0: 3 0x80004bb6 (0x8f85) x15 0x27cf4000
core   0: 0x80004bb8 (0x7896fd93) andi    s11, a3, 1929
core   0: 3 0x80004bb8 (0x7896fd93) x27 0x00000200
core   0: 0x80004bbc (0x41178433) sub     s0, a5, a7
core   0: 3 0x80004bbc (0x41178433) x 8 0xe7ce2fef
core   0: 0x80004bc0 (0x00a1d633) srl     a2, gp, a0
core   0: 3 0x80004bc0 (0x00a1d633) x12 0xe664fac0
core   0: 0x80004bc4 (0x033975b3) remu    a1, s2, s3
core   0: 3 0x80004bc4 (0x033975b3) x11 0x00008000
core   0: 0x80004bc8 (0x02f31c63) bne     t1, a5, pc + 56
core   0: 3 0x80004bc8 (0x02f31c63)
core   0: 0x80004c00 (0x00e8f463) bgeu    a7, a4, pc + 8
core   0: 3 0x80004c00 (0x00e8f463)
core   0: 0x80004c08 (0x002167b3) or      a5, sp, sp
core   0: 3 0x80004c08 (0x002167b3) x15 0x0000000c
core   0: 0x80004c0c (0x00008fc1) c.or    a5, s0
core   0: 3 0x80004c0c (0x8fc1) x15 0xe7ce2fef
core   0: 0x80004c0e (0x400fdcb3) sra     s9, t6, zero
core   0: 3 0x80004c0e (0x400fdcb3) x25 0xb8000000
core   0: 0x80004c12 (0x0000e60d) c.bnez  a2, pc + 42
core   0: 3 0x80004c12 (0xe60d)
core   0: 0x80004c3c (0x0073d3b3) srl     t2, t2, t2
core   0: 3 0x80004c3c (0x0073d3b3) x 7 0x00000001
core   0: 0x80004c40 (0x003b50b3) srl     ra, s6, gp
core   0: 3 0x80004c40 (0x003b50b3) x 1 0x0000001a
core   0: 0x80004c44 (0x406a5b13) srai    s6, s4, 6
core   0: 3 0x80004c44 (0x406a5b13) x22 0xfffffe64
core   0: 0x80004c48 (0x01281613) slli    a2, a6, 18
core   0: 3 0x80004c48 (0x01281613) x12 0x00000000
core   0: 0x80004c4c (0x02d0c663) blt     ra, a3, pc + 44
core   0: 3 0x80004c4c (0x02d0c663)
core   0: 0x80004c78 (0x001475b3) and     a1, s0, ra
core   0: 3 0x80004c78 (0x001475b3) x11 0x0000000a
core   0: 0x80004c7c (0x037113b3) mulh    t2, sp, s7
core   0: 3 0x80004c7c (0x037113b3) x 7 0x00000000
core   0: 0x80004c80 (0x034c8c33) mul     s8, s9, s4
core   0: 3 0x80004c80 (0x034c8c33) x24 0xb0000000
core   0: 0x80004c84 (0x00000001) c.nop
core   0: 3 0x80004c84 (0x0001)
core   0: 0x80004c86 (0x00ea5b63) bge     s4, a4, pc + 22
core   0: 3 0x80004c86 (0x00ea5b63)
core   0: 0x80004c8a (0x7bc22d93) slti    s11, tp, 1980
core   0: 3 0x80004c8a (0x7bc22d93) x27 0x00000001
core   0: 0x80004c8e (0x0230fe33) remu    t3, ra, gp
core   0: 3 0x80004c8e (0x0230fe33) x28 0x0000001a
core   0: 0x80004c92 (0x010915b3) sll     a1, s2, a6
core   0: 3 0x80004c92 (0x010915b3) x11 0x00008000
core   0: 0x80004c96 (0x41a60933) sub     s2, a2, s10
core   0: 3 0x80004c96 (0x41a60933) x18 0x00000000
core   0: 0x80004c9a (0x000050fd) c.li    ra, -1
core   0: 3 0x80004c9a (0x50fd) x 1 0xffffffff
core   0: 0x80004c9c (0x05af4063) blt     t5, s10, pc + 64
core   0: 3 0x80004c9c (0x05af4063)
core   0: 0x80004cdc (0x02b80933) mul     s2, a6, a1
core   0: 3 0x80004cdc (0x02b80933) x18 0x00000000
core   0: 0x80004ce0 (0x018b1893) slli    a7, s6, 24
core   0: 3 0x80004ce0 (0x018b1893) x17 0x64000000
core   0: 0x80004ce4 (0x89afef13) ori     t5, t6, -1894
core   0: 3 0x80004ce4 (0x89afef13) x30 0xfffff89a
core   0: 0x80004ce8 (0x00006925) c.lui   s2, 0x9
core   0: 3 0x80004ce8 (0x6925) x18 0x00009000
core   0: 0x80004cea (0x407ad033) sra     zero, s5, t2
core   0: 3 0x80004cea (0x407ad033)
core   0: 0x80004cee (0x000063a9) c.lui   t2, 0xa
core   0: 3 0x80004cee (0x63a9) x 7 0x0000a000
core   0: 0x80004cf0 (0x0139e933) or      s2, s3, s3
core   0: 3 0x80004cf0 (0x0139e933) x18 0x40011741
core   0: 0x80004cf4 (0x000095e2) c.add   a1, s8
core   0: 3 0x80004cf4 (0x95e2) x11 0xb0008000
core   0: 0x80004cf6 (0x031afa63) bgeu    s5, a7, pc + 52
core   0: 3 0x80004cf6 (0x031afa63)
core   0: 0x80004cfa (0x0ff0000f) fence   iorw,iorw
core   0: 3 0x80004cfa (0x0ff0000f)
core   0: 0x80004cfe (0xa0257d93) andi    s11, a0, -1534
core   0: 3 0x80004cfe (0xa0257d93) x27 0x01800a00
core   0: 0x80004d02 (0x0ff0000f) fence   iorw,iorw
core   0: 3 0x80004d02 (0x0ff0000f)
core   0: 0x80004d06 (0x00008591) c.srai  a1, 4
core   0: 3 0x80004d06 (0x8591) x11 0xfb000800
core   0: 0x80004d08 (0x00008679) c.srai  a2, 30
core   0: 3 0x80004d08 (0x8679) x12 0x00000000
core   0: 0x80004d0a (0x00006719) c.lui   a4, 0x6
core   0: 3 0x80004d0a (0x6719) x14 0x00006000
core   0: 0x80004d0c (0xc4fd7193) andi    gp, s10, -945
core   0: 3 0x80004d0c (0xc4fd7193) x 3 0x00000000
core   0: 0x80004d10 (0x00008d36) c.mv    s10, a3
core   0: 3 0x80004d10 (0x8d36) x26 0x08002202
core   0: 0x80004d12 (0x00000001) c.nop
core   0: 3 0x80004d12 (0x0001)
core   0: 0x80004d14 (0x02203733) mulhu   a4, zero, sp
core   0: 3 0x80004d14 (0x02203733) x14 0x00000000
core   0: 0x80004d18 (0x000099fd) c.andi  a1, -1
core   0: 3 0x80004d18 (0x99fd) x11 0xfb000800
core   0: 0x80004d1a (0x027ae563) bltu    s5, t2, pc + 42
core   0: 3 0x80004d1a (0x027ae563)
core   0: 0x80004d1e (0x01c4edb3) or      s11, s1, t3
core   0: 3 0x80004d1e (0x01c4edb3) x27 0x0000001a
core   0: 0x80004d22 (0x00000ed6) c.slli  t4, 21
core   0: 3 0x80004d22 (0x0ed6) x29 0xfe000000
core   0: 0x80004d24 (0x00006319) c.lui   t1, 0x6
core   0: 3 0x80004d24 (0x6319) x 6 0x00006000
core   0: 0x80004d26 (0x00b41433) sll     s0, s0, a1
core   0: 3 0x80004d26 (0x00b41433) x 8 0xe7ce2fef
core   0: 0x80004d2a (0x00008dc5) c.or    a1, s1
core   0: 3 0x80004d2a (0x8dc5) x11 0xfb000800
core   0: 0x80004d2c (0x00300463) beq     zero, gp, pc + 8
core   0: 3 0x80004d2c (0x00300463)
core   0: 0x80004d34 (0xa65f3d93) sltiu   s11, t5, -1435
core   0: 3 0x80004d34 (0xa65f3d93) x27 0x00000001
core   0: 0x80004d38 (0x00008fbd) c.xor   a5, a5
core   0: 3 0x80004d38 (0x8fbd) x15 0x00000000
core   0: 0x80004d3a (0x00519bb3) sll     s7, gp, t0
core   0: 3 0x80004d3a (0x00519bb3) x23 0x00000000
core   0: 0x80004d3e (0x00006511) c.lui   a0, 0x4
core   0: 3 0x80004d3e (0x6511) x10 0x00004000
core   0: 0x80004d40 (0x01ef41b3) xor     gp, t5, t5
core   0: 3 0x80004d40 (0x01ef41b3) x 3 0x00000000
core   0: 0x80004d44 (0x52a5a093) slti    ra, a1, 1322
core   0: 3 0x80004d44 (0x52a5a093) x 1 0x00000001
core   0: 0x80004d48 (0x00004fb3) xor     t6, zero, zero
core   0: 3 0x80004d48 (0x00004fb3) x31 0x00000000
core   0: 0x80004d4c (0x020d6263) bltu    s10, zero, pc + 36
core   0: 3 0x80004d4c (0x020d6263)
core   0: 0x80004d50 (0x4105d313) srai    t1, a1, 16
core   0: 3 0x80004d50 (0x4105d313) x 6 0xfffffb00
core   0: 0x80004d54 (0x41bb5013) srai    zero, s6, 27
core   0: 3 0x80004d54 (0x41bb5013)
core   0: 0x80004d58 (0x0000867e) c.mv    a2, t6
core   0: 3 0x80004d58 (0x867e) x12 0x00000000
core   0: 0x80004d5a (0x0110d633) srl     a2, ra, a7
core   0: 3 0x80004d5a (0x0110d633) x12 0x00000001
core   0: 0x80004d5e (0x0000100f) fence.i
core   0: 3 0x80004d5e (0x0000100f)
core   0: 0x80004d62 (0x5e2bda17) auipc   s4, 0x5e2bd
core   0: 3 0x80004d62 (0x5e2bda17) x20 0xde2c1d62
core   0: 0x80004d66 (0x21feac93) slti    s9, t4, 543
core   0: 3 0x80004d66 (0x21feac93) x25 0x00000001
core   0: 0x80004d6a (0x41098eb3) sub     t4, s3, a6
core   0: 3 0x80004d6a (0x41098eb3) x29 0x40011741
core   0: 0x80004d6e (0x00008fb1) c.xor   a5, a2
core   0: 3 0x80004d6e (0x8fb1) x15 0x00000001
core   0: 0x80004d70 (0x01fb3d33) sltu    s10, s6, t6
core   0: 3 0x80004d70 (0x01fb3d33) x26 0x00000000
core   0: 0x80004d74 (0x408353b3) sra     t2, t1, s0
core   0: 3 0x80004d74 (0x408353b3) x 7 0xffffffff
core   0: 0x80004d78 (0x01229463) bne     t0, s2, pc + 8
core   0: 3 0x80004d78 (0x01229463)
core   0: 0x80004d80 (0x025b0163) beq     s6, t0, pc + 34
core   0: 3 0x80004d80 (0x025b0163)
core   0: 0x80004d84 (0x005b1933) sll     s2, s6, t0
core   0: 3 0x80004d84 (0x005b1933) x18 0xfe640000
core   0: 0x80004d88 (0x1115ed93) ori     s11, a1, 273
core   0: 3 0x80004d88 (0x1115ed93) x27 0xfb000911
core   0: 0x80004d8c (0x00009ed6) c.add   t4, s5
core   0: 3 0x80004d8c (0x9ed6) x29 0x4001f904
core   0: 0x80004d8e (0x00000001) c.nop
core   0: 3 0x80004d8e (0x0001)
core   0: 0x80004d90 (0x00dbb733) sltu    a4, s7, a3
core   0: 3 0x80004d90 (0x00dbb733) x14 0x00000001
core   0: 0x80004d94 (0x0ff0000f) fence   iorw,iorw
core   0: 3 0x80004d94 (0x0ff0000f)
core   0: 0x80004d98 (0x00008dc5) c.or    a1, s1
core   0: 3 0x80004d98 (0x8dc5) x11 0xfb000800
core   0: 0x80004d9a (0xd464ca93) xori    s5, s1, -698
core   0: 3 0x80004d9a (0xd464ca93) x21 0xfffffd46
core   0: 0x80004d9e (0x676ac513) xori    a0, s5, 1654
core   0: 3 0x80004d9e (0x676ac513) x10 0xfffffb30
core   0: 0x80004da2 (0x0198c663) blt     a7, s9, pc + 12
core   0: 3 0x80004da2 (0x0198c663)
core   0: 0x80004da6 (0x02abb033) mulhu   zero, s7, a0
core   0: 3 0x80004da6 (0x02abb033)
core   0: 0x80004daa (0x0340dc33) divu    s8, ra, s4
core   0: 3 0x80004daa (0x0340dc33) x24 0x00000000
core   0: 0x80004dae (0x00000d86) c.slli  s11, 1
core   0: 3 0x80004dae (0x0d86) x27 0xf6001222
core   0: 0x80004db0 (0x023f0633) mul     a2, t5, gp
core   0: 3 0x80004db0 (0x023f0633) x12 0x00000000
core   0: 0x80004db4 (0x0ba56963) bltu    a0, s10, pc + 178
core   0: 3 0x80004db4 (0x0ba56963)
core   0: 0x80004db8 (0x00008d01) c.sub   a0, s0
core   0: 3 0x80004db8 (0x8d01) x10 0x1831cb41
core   0: 0x80004dba (0x01130e33) add     t3, t1, a7
core   0: 3 0x80004dba (0x01130e33) x28 0x63fffb00
core   0: 0x80004dbe (0x00008e6e) c.mv    t3, s11
core   0: 3 0x80004dbe (0x8e6e) x28 0xf6001222
core   0: 0x80004dc0 (0x00006329) c.lui   t1, 0xa
core   0: 3 0x80004dc0 (0x6329) x 6 0x0000a000
core   0: 0x80004dc2 (0x00009a7d) c.andi  a2, -1
core   0: 3 0x80004dc2 (0x9a7d) x12 0x00000000
core   0: 0x80004dc4 (0x0391de33) divu    t3, gp, s9
core   0: 3 0x80004dc4 (0x0391de33) x28 0x00000000
core   0: 0x80004dc8 (0x00008fc5) c.or    a5, s1
core   0: 3 0x80004dc8 (0x8fc5) x15 0x00000001
core   0: 0x80004dca (0x00008cf5) c.and   s1, a3
core   0: 3 0x80004dca (0x8cf5) x 9 0x00000000
core   0: 0x80004dcc (0x00000001) c.nop
core   0: 3 0x80004dcc (0x0001)
core   0: 0x80004dce (0x00018917) auipc   s2, 0x18
core   0: 3 0x80004dce (0x00018917) x18 0x8001cdce
core   0: 0x80004dd2 (0x32c90913) addi    s2, s2, 812
core   0: 3 0x80004dd2 (0x32c90913) x18 0x8001d0fa
core   0: 0x80004dd6 (0x41b25713) srai    a4, tp, 27
core   0: 3 0x80004dd6 (0x41b25713) x14 0xfffffff0
core   0: 0x80004dda (0x9c691b23) sh      t1, -1578(s2)
core   0: 3 0x80004dda (0x9c691b23) mem 0x8001cad0 0xa000
core   0: 0x80004dde (0x00008dad) c.xor   a1, a1
core   0: 3 0x80004dde (0x8dad) x11 0x00000000
core   0: 0x80004de0 (0x00000001) c.nop
core   0: 3 0x80004de0 (0x0001)
core   0: 0x80004de2 (0x03ef41b3) div     gp, t5, t5
core   0: 3 0x80004de2 (0x03ef41b3) x 3 0x00000001
core   0: 0x80004de6 (0xcf0b5417) auipc   s0, 0xcf0b5
core   0: 3 0x80004de6 (0xcf0b5417) x 8 0x4f0b9de6
core   0: 0x80004dea (0x0127da93) srli    s5, a5, 18
core   0: 3 0x80004dea (0x0127da93) x21 0x00000000
core   0: 0x80004dee (0x54891703) lh      a4, 1352(s2)
core   0: 3 0x80004dee (0x54891703) x14 0xffffb57f mem 0x8001d642
core   0: 0x80004df2 (0xd4258013) addi    zero, a1, -702
core   0: 3 0x80004df2 (0xd4258013)
core   0: 0x80004df6 (0x0077de13) srli    t3, a5, 7
core   0: 3 0x80004df6 (0x0077de13) x28 0x00000000
core   0: 0x80004dfa (0x029f2833) mulhsu  a6, t5, s1
core   0: 3 0x80004dfa (0x029f2833) x16 0x00000000
core   0: 0x80004dfe (0x013f2eb3) slt     t4, t5, s3
core   0: 3 0x80004dfe (0x013f2eb3) x29 0x00000001
core   0: 0x80004e02 (0x00000001) c.nop
core   0: 3 0x80004e02 (0x0001)
core   0: 0x80004e04 (0x023e3fb3) mulhu   t6, t3, gp
core   0: 3 0x80004e04 (0x023e3fb3) x31 0x00000000
core   0: 0x80004e08 (0x06b94e03) lbu     t3, 107(s2)
core   0: 3 0x80004e08 (0x06b94e03) x28 0x000000a1 mem 0x8001d165
core   0: 0x80004e0c (0x38b90703) lb      a4, 907(s2)
core   0: 3 0x80004e0c (0x38b90703) x14 0xffffffbf mem 0x8001d485
core   0: 0x80004e10 (0x0ff0000f) fence   iorw,iorw
core   0: 3 0x80004e10 (0x0ff0000f)
core   0: 0x80004e14 (0xc5095783) lhu     a5, -944(s2)
core   0: 3 0x80004e14 (0xc5095783) x15 0x0000a510 mem 0x8001cd4a
core   0: 0x80004e18 (0x01303bb3) snez    s7, s3
core   0: 3 0x80004e18 (0x01303bb3) x23 0x00000001
core   0: 0x80004e1c (0x3c390683) lb      a3, 963(s2)
core   0: 3 0x80004e1c (0x3c390683) x13 0xffffffec mem 0x8001d4bd
core   0: 0x80004e20 (0x00000b9d) c.addi  s7, 7
core   0: 3 0x80004e20 (0x0b9d) x23 0x00000008
core   0: 0x80004e22 (0x00a61813) slli    a6, a2, 10
core   0: 3 0x80004e22 (0x00a61813) x16 0x00000000
core   0: 0x80004e26 (0x00008e31) c.xor   a2, a2
core   0: 3 0x80004e26 (0x8e31) x12 0x00000000
core   0: 0x80004e28 (0x41865333) sra     t1, a2, s8
core   0: 3 0x80004e28 (0x41865333) x 6 0x00000000
core   0: 0x80004e2c (0x01f5c533) xor     a0, a1, t6
core   0: 3 0x80004e2c (0x01f5c533) x10 0x00000000
core   0: 0x80004e30 (0x07f902a3) sb      t6, 101(s2)
core   0: 3 0x80004e30 (0x07f902a3) mem 0x8001d15f 0x0
core   0: 0x80004e34 (0x0000100f) fence.i
core   0: 3 0x80004e34 (0x0000100f)
core   0: 0x80004e38 (0x40f75e33) sra     t3, a4, a5
core   0: 3 0x80004e38 (0x40f75e33) x28 0xffffffff
core   0: 0x80004e3c (0x20690223) sb      t1, 516(s2)
core   0: 3 0x80004e3c (0x20690223) mem 0x8001d2fe 0x0
core   0: 0x80004e40 (0x03e0ab33) mulhsu  s6, ra, t5
core   0: 3 0x80004e40 (0x03e0ab33) x22 0x00000000
core   0: 0x80004e44 (0xf9695683) lhu     a3, -106(s2)
core   0: 3 0x80004e44 (0xf9695683) x13 0x0000dfcc mem 0x8001d090
core   0: 0x80004e48 (0x01e16a33) or      s4, sp, t5
core   0: 3 0x80004e48 (0x01e16a33) x20 0xfffff89e
core   0: 0x80004e4c (0x00001a7d) c.addi  s4, -1
core   0: 3 0x80004e4c (0x1a7d) x20 0xfffff89d
core   0: 0x80004e4e (0x00008fc5) c.or    a5, s1
core   0: 3 0x80004e4e (0x8fc5) x15 0x0000a510
core   0: 0x80004e50 (0x02cda3b3) mulhsu  t2, s11, a2
core   0: 3 0x80004e50 (0x02cda3b3) x 7 0x00000000
core   0: 0x80004e54 (0x02c8eab3) rem     s5, a7, a2
core   0: 3 0x80004e54 (0x02c8eab3) x21 0x64000000
core   0: 0x80004e58 (0x0000100f) fence.i
core   0: 3 0x80004e58 (0x0000100f)
core   0: 0x80004e5c (0x8d791123) sh      s7, -1854(s2)
core   0: 3 0x80004e5c (0x8d791123) mem 0x8001c9bc 0x0008
core   0: 0x80004e60 (0xfab90b23) sb      a1, -74(s2)
core   0: 3 0x80004e60 (0xfab90b23) mem 0x8001d0b0 0x0
core   0: 0x80004e64 (0x00006849) c.lui   a6, 0x12
core   0: 3 0x80004e64 (0x6849) x16 0x00012000
core   0: 0x80004e66 (0x00008069) c.srli  s0, 26
core   0: 3 0x80004e66 (0x8069) x 8 0x00000013
core   0: 0x80004e68 (0x00be73b3) and     t2, t3, a1
core   0: 3 0x80004e68 (0x00be73b3) x 7 0x00000000
core   0: 0x80004e6c (0x02516163) bltu    sp, t0, pc + 34
core   0: 3 0x80004e6c (0x02516163)
core   0: 0x80004e8e (0x0ff0000f) fence   iorw,iorw
core   0: 3 0x80004e8e (0x0ff0000f)
core   0: 0x80004e92 (0x00e6c333) xor     t1, a3, a4
core   0: 3 0x80004e92 (0x00e6c333) x 6 0xffff2073
core   0: 0x80004e96 (0x533c0913) addi    s2, s8, 1331
core   0: 3 0x80004e96 (0x533c0913) x18 0x00000533
core   0: 0x80004e9a (0x3da1d5b7) lui     a1, 0x3da1d
core   0: 3 0x80004e9a (0x3da1d5b7) x11 0x3da1d000
core   0: 0x80004e9e (0x01d19693) slli    a3, gp, 29
core   0: 3 0x80004e9e (0x01d19693) x13 0x20000000
core   0: 0x80004ea2 (0x00008e89) c.sub   a3, a0
core   0: 3 0x80004ea2 (0x8e89) x13 0x20000000
core   0: 0x80004ea4 (0x0130b733) sltu    a4, ra, s3
core   0: 3 0x80004ea4 (0x0130b733) x14 0x00000001
core   0: 0x80004ea8 (0x03ebb4b3) mulhu   s1, s7, t5
core   0: 3 0x80004ea8 (0x03ebb4b3) x 9 0x00000007
core   0: 0x80004eac (0x00008f01) c.sub   a4, s0
core   0: 3 0x80004eac (0x8f01) x14 0xffffffee
core   0: 0x80004eae (0x00008c91) c.sub   s1, a2
core   0: 3 0x80004eae (0x8c91) x 9 0x00000007
core   0: 0x80004eb0 (0x02491963) bne     s2, tp, pc + 50
core   0: 3 0x80004eb0 (0x02491963)
core   0: 0x80004ee2 (0x00441893) slli    a7, s0, 4
core   0: 3 0x80004ee2 (0x00441893) x17 0x00000130
core   0: 0x80004ee6 (0x00008339) c.srli  a4, 14
core   0: 3 0x80004ee6 (0x8339) x14 0x0003ffff
core   0: 0x80004ee8 (0x03f48d63) beq     s1, t6, pc + 58
core   0: 3 0x80004ee8 (0x03f48d63)
core   0: 0x80004eec (0x005f5d93) srli    s11, t5, 5
core   0: 3 0x80004eec (0x005f5d93) x27 0x07ffffc4
core   0: 0x80004ef0 (0xd3c06eb7) lui     t4, 0xd3c06
core   0: 3 0x80004ef0 (0xd3c06eb7) x29 0xd3c06000
core   0: 0x80004ef4 (0x002b0533) add     a0, s6, sp
core   0: 3 0x80004ef4 (0x002b0533) x10 0x0000000c
core   0: 0x80004ef8 (0x0076e263) bltu    a3, t2, pc + 4
core   0: 3 0x80004ef8 (0x0076e263)
core   0: 0x80004efc (0xee168493) addi    s1, a3, -287
core   0: 3 0x80004efc (0xee168493) x 9 0x1ffffee1
core   0: 0x80004f00 (0x03752633) mulhsu  a2, a0, s7
core   0: 3 0x80004f00 (0x03752633) x12 0x00000000
core   0: 0x80004f04 (0x00f835b3) sltu    a1, a6, a5
core   0: 3 0x80004f04 (0x00f835b3) x11 0x00000000
core   0: 0x80004f08 (0x00008419) c.srai  s0, 6
core   0: 3 0x80004f08 (0x8419) x 8 0x00000000
core   0: 0x80004f0a (0x02f28533) mul     a0, t0, a5
core   0: 3 0x80004f0a (0x02f28533) x10 0x67a9ed00
core   0: 0x80004f0e (0x006b4db3) xor     s11, s6, t1
core   0: 3 0x80004f0e (0x006b4db3) x27 0xffff2073
core   0: 0x80004f12 (0x4191ddb3) sra     s11, gp, s9
core   0: 3 0x80004f12 (0x4191ddb3) x27 0x00000000
core   0: 0x80004f16 (0x02b1d8b3) divu    a7, gp, a1
core   0: 3 0x80004f16 (0x02b1d8b3) x17 0xffffffff
core   0: 0x80004f1a (0x0142cc63) blt     t0, s4, pc + 24
core   0: 3 0x80004f1a (0x0142cc63)
core   0: 0x80004f32 (0x0107ccb3) xor     s9, a5, a6
core   0: 3 0x80004f32 (0x0107ccb3) x25 0x00018510
core   0: 0x80004f36 (0x00008d1d) c.sub   a0, a5
core   0: 3 0x80004f36 (0x8d1d) x10 0x67a947f0
core   0: 0x80004f38 (0x01f96563) bltu    s2, t6, pc + 10
core   0: 3 0x80004f38 (0x01f96563)
core   0: 0x80004f3c (0x039f4a63) blt     t5, s9, pc + 52
core   0: 3 0x80004f3c (0x039f4a63)
core   0: 0x80004f70 (0x00976363) bltu    a4, s1, pc + 6
core   0: 3 0x80004f70 (0x00976363)
core   0: 0x80004f76 (0x0338e163) bltu    a7, s3, pc + 34
core   0: 3 0x80004f76 (0x0338e163)
core   0: 0x80004f7a (0x0203afb3) mulhsu  t6, t2, zero
core   0: 3 0x80004f7a (0x0203afb3) x31 0x00000000
core   0: 0x80004f7e (0x000098b6) c.add   a7, a3
core   0: 3 0x80004f7e (0x98b6) x17 0x1fffffff
core   0: 0x80004f80 (0x401f5e93) srai    t4, t5, 1
core   0: 3 0x80004f80 (0x401f5e93) x29 0xfffffc4d
core   0: 0x80004f84 (0x00000001) c.nop
core   0: 3 0x80004f84 (0x0001)
core   0: 0x80004f86 (0x03536633) rem     a2, t1, s5
core   0: 3 0x80004f86 (0x03536633) x12 0xffff2073
core   0: 0x80004f8a (0x015f9413) slli    s0, t6, 21
core   0: 3 0x80004f8a (0x015f9413) x 8 0x00000000
core   0: 0x80004f8e (0x0000c111) c.beqz  a0, pc + 4
core   0: 3 0x80004f8e (0xc111)
core   0: 0x80004f90 (0x0000cb15) c.beqz  a4, pc + 52
core   0: 3 0x80004f90 (0xcb15)
core   0: 0x80004f92 (0x0287a433) mulhsu  s0, a5, s0
core   0: 3 0x80004f92 (0x0287a433) x 8 0x00000000
core   0: 0x80004f96 (0x00008ce5) c.and   s1, s1
core   0: 3 0x80004f96 (0x8ce5) x 9 0x1ffffee1
core   0: 0x80004f98 (0x0ff0000f) fence   iorw,iorw
core   0: 3 0x80004f98 (0x0ff0000f)
core   0: 0x80004f9c (0x02420863) beq     tp, tp, pc + 48
core   0: 3 0x80004f9c (0x02420863)
core   0: 0x80004fcc (0x01ec1013) slli    zero, s8, 30
core   0: 3 0x80004fcc (0x01ec1013)
core   0: 0x80004fd0 (0x00008c11) c.sub   s0, a2
core   0: 3 0x80004fd0 (0x8c11) x 8 0x0000df8d
core   0: 0x80004fd2 (0xafe1b317) auipc   t1, 0xafe1b
core   0: 3 0x80004fd2 (0xafe1b317) x 6 0x2fe1ffd2
core   0: 0x80004fd6 (0x0000c111) c.beqz  a0, pc + 4
core   0: 3 0x80004fd6 (0xc111)
core   0: 0x80004fd8 (0x00008db1) c.xor   a1, a2
core   0: 3 0x80004fd8 (0x8db1) x11 0xffff2073
core   0: 0x80004fda (0x0107ddb3) srl     s11, a5, a6
core   0: 3 0x80004fda (0x0107ddb3) x27 0x0000a510
core   0: 0x80004fde (0x000080ad) c.srli  s1, 11
core   0: 3 0x80004fde (0x80ad) x 9 0x0003ffff
core   0: 0x80004fe0 (0x0ff0000f) fence   iorw,iorw
core   0: 3 0x80004fe0 (0x0ff0000f)
core   0: 0x80004fe4 (0x00008031) c.srli  s0, 12
core   0: 3 0x80004fe4 (0x8031) x 8 0x0000000d
core   0: 0x80004fe6 (0x01ea5663) bge     s4, t5, pc + 12
core   0: 3 0x80004fe6 (0x01ea5663)
core   0: 0x80004ff2 (0x4112d5b3) sra     a1, t0, a7
core   0: 3 0x80004ff2 (0x4112d5b3) x11 0xffffffff
core   0: 0x80004ff6 (0x02dc8d63) beq     s9, a3, pc + 58
core   0: 3 0x80004ff6 (0x02dc8d63)
core   0: 0x80004ffa (0x0ff0000f) fence   iorw,iorw
core   0: 3 0x80004ffa (0x0ff0000f)
core   0: 0x80004ffe (0x00008ced) c.and   s1, a1
core   0: 3 0x80004ffe (0x8ced) x 9 0x0003ffff
core   0: 0x80005000 (0x01adeb33) or      s6, s11, s10
core   0: 3 0x80005000 (0x01adeb33) x22 0x0000a510
core   0: 0x80005004 (0x00008ea1) c.xor   a3, s0
core   0: 3 0x80005004 (0x8ea1) x13 0x2000000d
core   0: 0x80005006 (0x00008edd) c.or    a3, a5
core   0: 3 0x80005006 (0x8edd) x13 0x2000a51d
core   0: 0x80005008 (0x037127b3) mulhsu  a5, sp, s7
core   0: 3 0x80005008 (0x037127b3) x15 0x00000000
core   0: 0x8000500c (0x0000066d) c.addi  a2, 27
core   0: 3 0x8000500c (0x066d) x12 0xffff208e
core   0: 0x8000500e (0x419708b3) sub     a7, a4, s9
core   0: 3 0x8000500e (0x419708b3) x17 0x00027aef
core   0: 0x80005012 (0x00000dd5) c.addi  s11, 21
core   0: 3 0x80005012 (0x0dd5) x27 0x0000a525
core   0: 0x80005014 (0x01f151b3) srl     gp, sp, t6
core   0: 3 0x80005014 (0x01f151b3) x 3 0x0000000c
core   0: 0x80005018 (0x00000001) c.nop
core   0: 3 0x80005018 (0x0001)
core   0: 0x8000501a (0x03e34663) blt     t1, t5, pc + 44
core   0: 3 0x8000501a (0x03e34663)
core   0: 0x8000501e (0x0199f033) and     zero, s3, s9
core   0: 3 0x8000501e (0x0199f033)
core   0: 0x80005022 (0x000095ee) c.add   a1, s11
core   0: 3 0x80005022 (0x95ee) x11 0x0000a524
core   0: 0x80005024 (0x00008fe9) c.and   a5, a0
core   0: 3 0x80005024 (0x8fe9) x15 0x00000000
core   0: 0x80005026 (0x6ecbfc93) andi    s9, s7, 1772
core   0: 3 0x80005026 (0x6ecbfc93) x25 0x00000008
core   0: 0x8000502a (0x00000001) c.nop
core   0: 3 0x8000502a (0x0001)
core   0: 0x8000502c (0x41b881b3) sub     gp, a7, s11
core   0: 3 0x8000502c (0x41b881b3) x 3 0x0001d5ca
core   0: 0x80005030 (0x008be6b3) or      a3, s7, s0
core   0: 3 0x80005030 (0x008be6b3) x13 0x0000000d
core   0: 0x80005034 (0x80f3ff93) andi    t6, t2, -2033
core   0: 3 0x80005034 (0x80f3ff93) x31 0x00000000
core   0: 0x80005038 (0x00005efd) c.li    t4, -1
core   0: 3 0x80005038 (0x5efd) x29 0xffffffff
core   0: 0x8000503a (0x0000ca1d) c.beqz  a2, pc + 54
core   0: 3 0x8000503a (0xca1d)
core   0: 0x8000503c (0x40315413) srai    s0, sp, 3
core   0: 3 0x8000503c (0x40315413) x 8 0x00000001
core   0: 0x80005040 (0xb9690c13) addi    s8, s2, -1130
core   0: 3 0x80005040 (0xb9690c13) x24 0x000000c9
core   0: 0x80005044 (0x00009742) c.add   a4, a6
core   0: 3 0x80005044 (0x9742) x14 0x00051fff
core   0: 0x80005046 (0x03304363) blt     zero, s3, pc + 38
core   0: 3 0x80005046 (0x03304363)
core   0: 0x8000506c (0x0000453d) c.li    a0, 15
core   0: 3 0x8000506c (0x453d) x10 0x0000000f
core   0: 0x8000506e (0x00000001) c.nop
core   0: 3 0x8000506e (0x0001)
core   0: 0x80005070 (0x01df13b3) sll     t2, t5, t4
core   0: 3 0x80005070 (0x01df13b3) x 7 0x00000000
core   0: 0x80005074 (0x0a468613) addi    a2, a3, 164
core   0: 3 0x80005074 (0x0a468613) x12 0x000000b1
core   0: 0x80005078 (0x06efe313) ori     t1, t6, 110
core   0: 3 0x80005078 (0x06efe313) x 6 0x0000006e
core   0: 0x8000507c (0x000080e5) c.srli  s1, 25
core   0: 3 0x8000507c (0x80e5) x 9 0x00000000
core   0: 0x8000507e (0x011665b3) or      a1, a2, a7
core   0: 3 0x8000507e (0x011665b3) x11 0x00027aff
core   0: 0x80005082 (0x00008f55) c.or    a4, a3
core   0: 3 0x80005082 (0x8f55) x14 0x00051fff
core   0: 0x80005084 (0x00ba06b3) add     a3, s4, a1
core   0: 3 0x80005084 (0x00ba06b3) x13 0x0002739c
core   0: 0x80005088 (0x03277063) bgeu    a4, s2, pc + 32
core   0: 3 0x80005088 (0x03277063)
core   0: 0x800050a8 (0xef7c7c97) auipc   s9, 0xef7c7
core   0: 3 0x800050a8 (0xef7c7c97) x25 0x6f7cc0a8
core   0: 0x800050ac (0x0ff0000f) fence   iorw,iorw
core   0: 3 0x800050ac (0x0ff0000f)
core   0: 0x800050b0 (0x00000001) c.nop
core   0: 3 0x800050b0 (0x0001)
core   0: 0x800050b2 (0x00001e7d) c.addi  t3, -1
core   0: 3 0x800050b2 (0x1e7d) x28 0xfffffffe
core   0: 0x800050b4 (0x015b9f13) slli    t5, s7, 21
core   0: 3 0x800050b4 (0x015b9f13) x30 0x01000000
core   0: 0x800050b8 (0x00008fa5) c.xor   a5, s1
core   0: 3 0x800050b8 (0x8fa5) x15 0x00000000
core   0: 0x800050ba (0x00008f5a) c.mv    t5, s6
core   0: 3 0x800050ba (0x8f5a) x30 0x0000a510
core   0: 0x800050bc (0x00d885b3) add     a1, a7, a3
core   0: 3 0x800050bc (0x00d885b3) x11 0x0004ee8b
core   0: 0x800050c0 (0x01750863) beq     a0, s7, pc + 16
core   0: 3 0x800050c0 (0x01750863)
core   0: 0x800050c4 (0x0ff0000f) fence   iorw,iorw
core   0: 3 0x800050c4 (0x0ff0000f)
core   0: 0x800050c8 (0x01fa2433) slt     s0, s4, t6
core   0: 3 0x800050c8 (0x01fa2433) x 8 0x00000001
core   0: 0x800050cc (0x038574b3) remu    s1, a0, s8
core   0: 3 0x800050cc (0x038574b3) x 9 0x0000000f
core   0: 0x800050d0 (0x00008faa) c.mv    t6, a0
core   0: 3 0x800050d0 (0x8faa) x31 0x0000000f
core   0: 0x800050d2 (0x004347b3) xor     a5, t1, tp
core   0: 3 0x800050d2 (0x004347b3) x15 0x80026c8a
core   0: 0x800050d6 (0x00008f01) c.sub   a4, s0
core   0: 3 0x800050d6 (0x8f01) x14 0x00051ffe
core   0: 0x800050d8 (0x0000039e) c.slli  t2, 7
core   0: 3 0x800050d8 (0x039e) x 7 0x00000000
core   0: 0x800050da (0x03c61033) mulh    zero, a2, t3
core   0: 3 0x800050da (0x03c61033)
core   0: 0x800050de (0xf1ba3b97) auipc   s7, 0xf1ba3
core   0: 3 0x800050de (0xf1ba3b97) x23 0x71ba80de
core   0: 0x800050e2 (0x009ad4b3) srl     s1, s5, s1
core   0: 3 0x800050e2 (0x009ad4b3) x 9 0x0000c800
core   0: 0x800050e6 (0x00077433) and     s0, a4, zero
core   0: 3 0x800050e6 (0x00077433) x 8 0x00000000
core   0: 0x800050ea (0x03acc5b3) div     a1, s9, s10
core   0: 3 0x800050ea (0x03acc5b3) x11 0xffffffff
core   0: 0x800050ee (0x00009a7d) c.andi  a2, -1
core   0: 3 0x800050ee (0x9a7d) x12 0x000000b1
core   0: 0x800050f0 (0x05d6c363) blt     a3, t4, pc + 70
core   0: 3 0x800050f0 (0x05d6c363)
core   0: 0x800050f4 (0x41010ab3) sub     s5, sp, a6
core   0: 3 0x800050f4 (0x41010ab3) x21 0xfffee00c
core   0: 0x800050f8 (0x059d7763) bgeu    s10, s9, pc + 78
core   0: 3 0x800050f8 (0x059d7763)
core   0: 0x800050fc (0x00008ce1) c.and   s1, s0
core   0: 3 0x800050fc (0x8ce1) x 9 0x00000000
core   0: 0x800050fe (0x00006ea5) c.lui   t4, 0x9
core   0: 3 0x800050fe (0x6ea5) x29 0x00009000
core   0: 0x80005100 (0xfffff517) auipc   a0, 0xfffff
core   0: 3 0x80005100 (0xfffff517) x10 0x80004100
core   0: 0x80005104 (0x14450513) addi    a0, a0, 324
core   0: 3 0x80005104 (0x14450513) x10 0x80004244
core   0: 0x80005108 (0x028b56b3) divu    a3, s6, s0
core   0: 3 0x80005108 (0x028b56b3) x13 0xffffffff
core   0: 0x8000510c (0x00000dcd) c.addi  s11, 19
core   0: 3 0x8000510c (0x0dcd) x27 0x0000a538
core   0: 0x8000510e (0x00008c49) c.or    s0, a0
core   0: 3 0x8000510e (0x8c49) x 8 0x80004244
core   0: 0x80005110 (0x0000100f) fence.i
core   0: 3 0x80005110 (0x0000100f)
core   0: 0x80005114 (0x27350513) addi    a0, a0, 627
core   0: 3 0x80005114 (0x27350513) x10 0x800044b7
core   0: 0x80005118 (0x0ff0000f) fence   iorw,iorw
core   0: 3 0x80005118 (0x0ff0000f)
core   0: 0x8000511c (0x00001f7d) c.addi  t5, -1
core   0: 3 0x8000511c (0x1f7d) x30 0x0000a50f
core   0: 0x8000511e (0xd8e50ce7) jalr    s9, a0, -626
core   0: 3 0x8000511e (0xd8e50ce7) x25 0x80005122
core   0: 0x80004244 (0x72bd7717) auipc   a4, 0x72bd7
core   0: 3 0x80004244 (0x72bd7717) x14 0xf2bdb244
core   0: 0x80004248 (0x01716563) bltu    sp, s7, pc + 10
core   0: 3 0x80004248 (0x01716563)
core   0: 0x80004252 (0x00001291) c.addi  t0, -28
core   0: 3 0x80004252 (0x1291) x 5 0x80022db4
core   0: 0x80004254 (0x417180b3) sub     ra, gp, s7
core   0: 3 0x80004254 (0x417180b3) x 1 0x8e4754ec
core   0: 0x80004258 (0x00281f33) sll     t5, a6, sp
core   0: 3 0x80004258 (0x00281f33) x30 0x12000000
core   0: 0x8000425c (0x02ba4633) div     a2, s4, a1
core   0: 3 0x8000425c (0x02ba4633) x12 0x00000763
core   0: 0x80004260 (0x0000858d) c.srai  a1, 3
core   0: 3 0x80004260 (0x858d) x11 0xffffffff
core   0: 0x80004262 (0x0192a223) sw      s9, 4(t0)
core   0: 3 0x80004262 (0x0192a223) mem 0x80022db8 0x80005122
core   0: 0x80004266 (0x41135393) srai    t2, t1, 17
core   0: 3 0x80004266 (0x41135393) x 7 0x00000000
core   0: 0x8000426a (0x57bc6d93) ori     s11, s8, 1403
core   0: 3 0x8000426a (0x57bc6d93) x27 0x000005fb
core   0: 0x8000426e (0x41e95fb3) sra     t6, s2, t5
core   0: 3 0x8000426e (0x41e95fb3) x31 0x00000533
core   0: 0x80004272 (0x0ff0000f) fence   iorw,iorw
core   0: 3 0x80004272 (0x0ff0000f)
core   0: 0x80004276 (0x00001e7d) c.addi  t3, -1
core   0: 3 0x80004276 (0x1e7d) x28 0xfffffffd
core   0: 0x80004278 (0xbc542b13) slti    s6, s0, -1083
core   0: 3 0x80004278 (0xbc542b13) x22 0x00000001
core   0: 0x8000427c (0x0354fdb3) remu    s11, s1, s5
core   0: 3 0x8000427c (0x0354fdb3) x27 0x00000000
core   0: 0x80004280 (0x02b304b3) mul     s1, t1, a1
core   0: 3 0x80004280 (0x02b304b3) x 9 0xffffff92
core   0: 0x80004284 (0x0f967513) andi    a0, a2, 249
core   0: 3 0x80004284 (0x0f967513) x10 0x00000061
core   0: 0x80004288 (0x416f0f33) sub     t5, t5, s6
core   0: 3 0x80004288 (0x416f0f33) x30 0x11ffffff
core   0: 0x8000428c (0x00728263) beq     t0, t2, pc + 4
core   0: 3 0x8000428c (0x00728263)
core   0: 0x80004290 (0x0000c099) c.beqz  s1, pc + 6
core   0: 3 0x80004290 (0xc099)
core   0: 0x80004292 (0x007b5963) bge     s6, t2, pc + 18
core   0: 3 0x80004292 (0x007b5963)
core   0: 0x800042a4 (0x0000008a) c.slli  ra, 2
core   0: 3 0x800042a4 (0x008a) x 1 0x391d53b0
core   0: 0x800042a6 (0x00008611) c.srai  a2, 4
core   0: 3 0x800042a6 (0x8611) x12 0x00000076
core   0: 0x800042a8 (0x02d7e5b3) rem     a1, a5, a3
core   0: 3 0x800042a8 (0x02d7e5b3) x11 0x00000000
core   0: 0x800042ac (0x000082f1) c.srli  a3, 28
core   0: 3 0x800042ac (0x82f1) x13 0x0000000f
core   0: 0x800042ae (0x00001d7d) c.addi  s10, -1
core   0: 3 0x800042ae (0x1d7d) x26 0xffffffff
core   0: 0x800042b0 (0x0390f1b3) remu    gp, ra, s9
core   0: 3 0x800042b0 (0x0390f1b3) x 3 0x391d53b0
core   0: 0x800042b4 (0x0048b033) sltu    zero, a7, tp
core   0: 3 0x800042b4 (0x0048b033)
core   0: 0x800042b8 (0x30253f93) sltiu   t6, a0, 770
core   0: 3 0x800042b8 (0x30253f93) x31 0x00000001
core   0: 0x800042bc (0x0397c033) div     zero, a5, s9
core   0: 3 0x800042bc (0x0397c033)
core   0: 0x800042c0 (0x41a45333) sra     t1, s0, s10
core   0: 3 0x800042c0 (0x41a45333) x 6 0xffffffff
core   0: 0x800042c4 (0x023eebb3) rem     s7, t4, gp
core   0: 3 0x800042c4 (0x023eebb3) x23 0x00009000
core   0: 0x800042c8 (0x0354fc33) remu    s8, s1, s5
core   0: 3 0x800042c8 (0x0354fc33) x24 0x00011f86
core   0: 0x800042cc (0x00000c9d) c.addi  s9, 7
core   0: 3 0x800042cc (0x0c9d) x25 0x80005129
core   0: 0x800042ce (0x4fc54f13) xori    t5, a0, 1276
core   0: 3 0x800042ce (0x4fc54f13) x30 0x0000049d
core   0: 0x800042d2 (0x014a7a33) and     s4, s4, s4
core   0: 3 0x800042d2 (0x014a7a33) x20 0xfffff89d
core   0: 0x800042d6 (0x02ba1863) bne     s4, a1, pc + 48
core   0: 3 0x800042d6 (0x02ba1863)
core   0: 0x80004306 (0x40980733) sub     a4, a6, s1
core   0: 3 0x80004306 (0x40980733) x14 0x0001206e
core   0: 0x8000430a (0x000014fd) c.addi  s1, -1
core   0: 3 0x8000430a (0x14fd) x 9 0xffffff91
core   0: 0x8000430c (0x0140e963) bltu    ra, s4, pc + 18
core   0: 3 0x8000430c (0x0140e963)
core   0: 0x8000431e (0x02887733) remu    a4, a6, s0
core   0: 3 0x8000431e (0x02887733) x14 0x00012000
core   0: 0x80004322 (0x0000100f) fence.i
core   0: 3 0x80004322 (0x0000100f)
core   0: 0x80004326 (0x01e6f433) and     s0, a3, t5
core   0: 3 0x80004326 (0x01e6f433) x 8 0x0000000d
core   0: 0x8000432a (0x000090fa) c.add   ra, t5
core   0: 3 0x8000432a (0x90fa) x 1 0x391d584d
core   0: 0x8000432c (0x41a6d613) srai    a2, a3, 26
core   0: 3 0x8000432c (0x41a6d613) x12 0x00000000
core   0: 0x80004330 (0x012a4d63) blt     s4, s2, pc + 26
core   0: 3 0x80004330 (0x012a4d63)
core   0: 0x8000434a (0x00008c95) c.sub   s1, a3
core   0: 3 0x8000434a (0x8c95) x 9 0xffffff82
core   0: 0x8000434c (0xeea78613) addi    a2, a5, -278
core   0: 3 0x8000434c (0xeea78613) x12 0x80026b74
core   0: 0x80004350 (0x01f2ff33) and     t5, t0, t6
core   0: 3 0x80004350 (0x01f2ff33) x30 0x00000000
core   0: 0x80004354 (0x03e094b3) mulh    s1, ra, t5
core   0: 3 0x80004354 (0x03e094b3) x 9 0x00000000
core   0: 0x80004358 (0xfc059eb7) lui     t4, 0xfc059
core   0: 3 0x80004358 (0xfc059eb7) x29 0xfc059000
core   0: 0x8000435c (0x40405b93) srai    s7, zero, 4
core   0: 3 0x8000435c (0x40405b93) x23 0x00000000
core   0: 0x80004360 (0x000087fd) c.srai  a5, 31
core   0: 3 0x80004360 (0x87fd) x15 0xffffffff
core   0: 0x80004362 (0x017de8b3) or      a7, s11, s7
core   0: 3 0x80004362 (0x017de8b3) x17 0x00000000
core   0: 0x80004366 (0x030bdcb3) divu    s9, s7, a6
core   0: 3 0x80004366 (0x030bdcb3) x25 0x00000000
core   0: 0x8000436a (0x004cba33) sltu    s4, s9, tp
core   0: 3 0x8000436a (0x004cba33) x20 0x00000001
core   0: 0x8000436e (0x0315a5b3) mulhsu  a1, a1, a7
core   0: 3 0x8000436e (0x0315a5b3) x11 0x00000000
core   0: 0x80004372 (0x0ff0000f) fence   iorw,iorw
core   0: 3 0x80004372 (0x0ff0000f)
core   0: 0x80004376 (0x039086b3) mul     a3, ra, s9
core   0: 3 0x80004376 (0x039086b3) x13 0x00000000
core   0: 0x8000437a (0x00000001) c.nop
core   0: 3 0x8000437a (0x0001)
core   0: 0x8000437c (0x00009e12) c.add   t3, tp
core   0: 3 0x8000437c (0x9e12) x28 0x80026ce1
core   0: 0x8000437e (0x0000045d) c.addi  s0, 23
core   0: 3 0x8000437e (0x045d) x 8 0x00000024
core   0: 0x80004380 (0x19f4b837) lui     a6, 0x19f4b
core   0: 3 0x80004380 (0x19f4b837) x16 0x19f4b000
core   0: 0x80004384 (0x00009432) c.add   s0, a2
core   0: 3 0x80004384 (0x9432) x 8 0x80026b98
core   0: 0x80004386 (0x002e7263) bgeu    t3, sp, pc + 4
core   0: 3 0x80004386 (0x002e7263)
core   0: 0x8000438a (0x026ad433) divu    s0, s5, t1
core   0: 3 0x8000438a (0x026ad433) x 8 0x00000000
core   0: 0x8000438e (0x00789e13) slli    t3, a7, 7
core   0: 3 0x8000438e (0x00789e13) x28 0x00000000
core   0: 0x80004392 (0x025c0433) mul     s0, s8, t0
core   0: 3 0x80004392 (0x025c0433) x 8 0x7260b838
core   0: 0x80004396 (0x0042ac83) lw      s9, 4(t0)
core   0: 3 0x80004396 (0x0042ac83) x25 0x80005122 mem 0x80022db8
core   0: 0x8000439a (0x00008ee9) c.and   a3, a0
core   0: 3 0x8000439a (0x8ee9) x13 0x00000000
core   0: 0x8000439c (0x000002f1) c.addi  t0, 28
core   0: 3 0x8000439c (0x02f1) x 5 0x80022dd0
core   0: 0x8000439e (0x020b5eb3) divu    t4, s6, zero
core   0: 3 0x8000439e (0x020b5eb3) x29 0xffffffff
core   0: 0x800043a2 (0x000044f5) c.li    s1, 29
core   0: 3 0x800043a2 (0x44f5) x 9 0x0000001d
core   0: 0x800043a4 (0x0279c8b3) div     a7, s3, t2
core   0: 3 0x800043a4 (0x0279c8b3) x17 0xffffffff
core   0: 0x800043a8 (0x001c8413) addi    s0, s9, 1
core   0: 3 0x800043a8 (0x001c8413) x 8 0x80005123
core   0: 0x800043ac (0x00008402) c.jr    s0
core   0: 3 0x800043ac (0x8402)
core   0: 0x80005122 (0x00000001) c.nop
core   0: 3 0x80005122 (0x0001)
core   0: 0x80005124 (0x017be033) or      zero, s7, s7
core   0: 3 0x80005124 (0x017be033)
core   0: 0x80005128 (0x3db28a93) addi    s5, t0, 987
core   0: 3 0x80005128 (0x3db28a93) x21 0x800231ab
core   0: 0x8000512c (0x00008e8d) c.sub   a3, a1
core   0: 3 0x8000512c (0x8e8d) x13 0x00000000
core   0: 0x8000512e (0x0129e9b3) or      s3, s3, s2
core   0: 3 0x8000512e (0x0129e9b3) x19 0x40011773
core   0: 0x80005132 (0x023ad7b3) divu    a5, s5, gp
core   0: 3 0x80005132 (0x023ad7b3) x15 0x00000002
core   0: 0x80005136 (0x01c06bb3) or      s7, zero, t3
core   0: 3 0x80005136 (0x01c06bb3) x23 0x00000000
core   0: 0x8000513a (0x03838bb3) mul     s7, t2, s8
core   0: 3 0x8000513a (0x03838bb3) x23 0x00000000
core   0: 0x8000513e (0x0000cd05) c.beqz  a0, pc + 56
core   0: 3 0x8000513e (0xcd05)
core   0: 0x80005140 (0x0ff0000f) fence   iorw,iorw
core   0: 3 0x80005140 (0x0ff0000f)
core   0: 0x80005144 (0x0000c389) c.beqz  a5, pc + 2
core   0: 3 0x80005144 (0xc389)
core   0: 0x80005146 (0x0245ea63) bltu    a1, tp, pc + 52
core   0: 3 0x80005146 (0x0245ea63)
core   0: 0x8000517a (0x41bdda13) srai    s4, s11, 27
core   0: 3 0x8000517a (0x41bdda13) x20 0x00000000
core   0: 0x8000517e (0x0000c205) c.beqz  a2, pc + 32
core   0: 3 0x8000517e (0xc205)
core   0: 0x80005180 (0x00005e7d) c.li    t3, -1
core   0: 3 0x80005180 (0x5e7d) x28 0xffffffff
core   0: 0x80005182 (0x03497ab3) remu    s5, s2, s4
core   0: 3 0x80005182 (0x03497ab3) x21 0x00000533
core   0: 0x80005186 (0x035159b3) divu    s3, sp, s5
core   0: 3 0x80005186 (0x035159b3) x19 0x00000000
core   0: 0x8000518a (0x027d2e33) mulhsu  t3, s10, t2
core   0: 3 0x8000518a (0x027d2e33) x28 0x00000000
core   0: 0x8000518e (0x016aa733) slt     a4, s5, s6
core   0: 3 0x8000518e (0x016aa733) x14 0x00000000
core   0: 0x80005192 (0x00008c45) c.or    s0, s1
core   0: 3 0x80005192 (0x8c45) x 8 0x8000513f
core   0: 0x80005194 (0x000040e9) c.li    ra, 26
core   0: 3 0x80005194 (0x40e9) x 1 0x0000001a
core   0: 0x80005196 (0x001ce463) bltu    s9, ra, pc + 8
core   0: 3 0x80005196 (0x001ce463)
core   0: 0x8000519a (0x03dac6b3) div     a3, s5, t4
core   0: 3 0x8000519a (0x03dac6b3) x13 0xfffffacd
core   0: 0x8000519e (0x00001cfd) c.addi  s9, -1
core   0: 3 0x8000519e (0x1cfd) x25 0x80005121
core   0: 0x800051a0 (0x00cc9313) slli    t1, s9, 12
core   0: 3 0x800051a0 (0x00cc9313) x 6 0x05121000
core   0: 0x800051a4 (0x005c91b3) sll     gp, s9, t0
core   0: 3 0x800051a4 (0x005c91b3) x 3 0x51210000
core   0: 0x800051a8 (0x03ff27b3) mulhsu  a5, t5, t6
core   0: 3 0x800051a8 (0x03ff27b3) x15 0x00000000
core   0: 0x800051ac (0xc3cbaa97) auipc   s5, 0xc3cba
core   0: 3 0x800051ac (0xc3cbaa97) x21 0x43cbf1ac
core   0: 0x800051b0 (0x033a48b3) div     a7, s4, s3
core   0: 3 0x800051b0 (0x033a48b3) x17 0xffffffff
core   0: 0x800051b4 (0x0000862d) c.srai  a2, 11
core   0: 3 0x800051b4 (0x862d) x12 0xfff0004d
core   0: 0x800051b6 (0x4a018f93) addi    t6, gp, 1184
core   0: 3 0x800051b6 (0x4a018f93) x31 0x512104a0
core   0: 0x800051ba (0x400089b3) sub     s3, ra, zero
core   0: 3 0x800051ba (0x400089b3) x19 0x0000001a
core   0: 0x800051be (0x41a15613) srai    a2, sp, 26
core   0: 3 0x800051be (0x41a15613) x12 0x00000000
core   0: 0x800051c2 (0x63da0013) addi    zero, s4, 1597
core   0: 3 0x800051c2 (0x63da0013)
core   0: 0x800051c6 (0x00000001) c.nop
core   0: 3 0x800051c6 (0x0001)
core   0: 0x800051c8 (0x0067c1b3) xor     gp, a5, t1
core   0: 3 0x800051c8 (0x0067c1b3) x 3 0x05121000
core   0: 0x800051cc (0x4157ddb3) sra     s11, a5, s5
core   0: 3 0x800051cc (0x4157ddb3) x27 0x00000000
core   0: 0x800051d0 (0x01e8f463) bgeu    a7, t5, pc + 8
core   0: 3 0x800051d0 (0x01e8f463)
core   0: 0x800051d8 (0x00008e69) c.and   a2, a0
core   0: 3 0x800051d8 (0x8e69) x12 0x00000000
core   0: 0x800051da (0x17d4f793) andi    a5, s1, 381
core   0: 3 0x800051da (0x17d4f793) x15 0x0000001d
core   0: 0x800051de (0x034c6863) bltu    s8, s4, pc + 48
core   0: 3 0x800051de (0x034c6863)
core   0: 0x800051e2 (0x0259e663) bltu    s3, t0, pc + 44
core   0: 3 0x800051e2 (0x0259e663)
core   0: 0x8000520e (0x02742533) mulhsu  a0, s0, t2
core   0: 3 0x8000520e (0x02742533) x10 0x00000000
core   0: 0x80005212 (0x02245eb3) divu    t4, s0, sp
core   0: 3 0x80005212 (0x02245eb3) x29 0x0aaab16f
core   0: 0x80005216 (0xfe0e7d13) andi    s10, t3, -32
core   0: 3 0x80005216 (0xfe0e7d13) x26 0x00000000
core   0: 0x8000521a (0x0042ac83) lw      s9, 4(t0)
core   0: 3 0x8000521a (0x0042ac83) x25 0x80006b88 mem 0x80022dd4
core   0: 0x8000521e (0x4012d933) sra     s2, t0, ra
core   0: 3 0x8000521e (0x4012d933) x18 0xffffffe0
core   0: 0x80005222 (0x03f99933) mulh    s2, s3, t6
core   0: 3 0x80005222 (0x03f99933) x18 0x00000008
core   0: 0x80005226 (0x03d50d33) mul     s10, a0, t4
core   0: 3 0x80005226 (0x03d50d33) x26 0x00000000
core   0: 0x8000522a (0xd230e613) ori     a2, ra, -733
core   0: 3 0x8000522a (0xd230e613) x12 0xfffffd3b
core   0: 0x8000522e (0x04028293) addi    t0, t0, 64
core   0: 3 0x8000522e (0x04028293) x 5 0x80022e10
core   0: 0x80005232 (0x00000001) c.nop
core   0: 3 0x80005232 (0x0001)
core   0: 0x80005234 (0x373f9937) lui     s2, 0x373f9
core   0: 3 0x80005234 (0x373f9937) x18 0x373f9000
core   0: 0x80005238 (0x002a46b3) xor     a3, s4, sp
core   0: 3 0x80005238 (0x002a46b3) x13 0x0000000c
core   0: 0x8000523c (0x000009ea) c.slli  s3, 26
core   0: 3 0x8000523c (0x09ea) x19 0x68000000
core   0: 0x8000523e (0x000c8a13) mv      s4, s9
core   0: 3 0x8000523e (0x000c8a13) x20 0x80006b88
core   0: 0x80005242 (0x000a0a67) jalr    s4, s4, 0
core   0: 3 0x80005242 (0x000a0a67) x20 0x80005246
core   0: 0x80006b88 (0x7c553713) sltiu   a4, a0, 1989
core   0: 3 0x80006b88 (0x7c553713) x14 0x00000001
core   0: 0x80006b8c (0x001b5a13) srli    s4, s6, 1
core   0: 3 0x80006b8c (0x001b5a13) x20 0x00000000
core   0: 0x80006b90 (0xf41cc613) xori    a2, s9, -191
core   0: 3 0x80006b90 (0xf41cc613) x12 0x7fff94c9
core   0: 0x80006b94 (0x727bae97) auipc   t4, 0x727ba
core   0: 3 0x80006b94 (0x727bae97) x29 0xf27c0b94
core   0: 0x80006b98 (0x03c338b3) mulhu   a7, t1, t3
core   0: 3 0x80006b98 (0x03c338b3) x17 0x00000000
core   0: 0x80006b9c (0x028583b3) mul     t2, a1, s0
core   0: 3 0x80006b9c (0x028583b3) x 7 0x00000000
core   0: 0x80006ba0 (0x0000c911) c.beqz  a0, pc + 20
core   0: 3 0x80006ba0 (0xc911)
core   0: 0x80006bb4 (0x8b1f7d97) auipc   s11, 0x8b1f7
core   0: 3 0x80006bb4 (0x8b1f7d97) x27 0x0b1fdbb4
core   0: 0x80006bb8 (0x0000c485) c.beqz  s1, pc + 40
core   0: 3 0x80006bb8 (0xc485)
core   0: 0x80006bba (0x0000100f) fence.i
core   0: 3 0x80006bba (0x0000100f)
core   0: 0x80006bbe (0x00008ed2) c.mv    t4, s4
core   0: 3 0x80006bbe (0x8ed2) x29 0x00000000
core   0: 0x80006bc0 (0x00001f7d) c.addi  t5, -1
core   0: 3 0x80006bc0 (0x1f7d) x30 0xffffffff
core   0: 0x80006bc2 (0x00fa8b33) add     s6, s5, a5
core   0: 3 0x80006bc2 (0x00fa8b33) x22 0x43cbf1c9
core   0: 0x80006bc6 (0x414b5d13) srai    s10, s6, 20
core   0: 3 0x80006bc6 (0x414b5d13) x26 0x0000043c
core   0: 0x80006bca (0xc4973a13) sltiu   s4, a4, -951
core   0: 3 0x80006bca (0xc4973a13) x20 0x00000001
core   0: 0x80006bce (0x45406b13) ori     s6, zero, 1108
core   0: 3 0x80006bce (0x45406b13) x22 0x00000454
core   0: 0x80006bd2 (0x08cad563) bge     s5, a2, pc + 138
core   0: 3 0x80006bd2 (0x08cad563)
core   0: 0x80006bd6 (0x00008889) c.andi  s1, 2
core   0: 3 0x80006bd6 (0x8889) x 9 0x00000000
core   0: 0x80006bd8 (0x00009dc6) c.add   s11, a7
core   0: 3 0x80006bd8 (0x9dc6) x27 0x0b1fdbb4
core   0: 0x80006bda (0x0077a833) slt     a6, a5, t2
core   0: 3 0x80006bda (0x0077a833) x16 0x00000000
core   0: 0x80006bde (0x000085f9) c.srai  a1, 30
core   0: 3 0x80006bde (0x85f9) x11 0x00000000
core   0: 0x80006be0 (0x00009e06) c.add   t3, ra
core   0: 3 0x80006be0 (0x9e06) x28 0x0000001a
core   0: 0x80006be2 (0x00006397) auipc   t2, 0x6
core   0: 3 0x80006be2 (0x00006397) x 7 0x8000cbe2
core   0: 0x80006be6 (0x4c838393) addi    t2, t2, 1224
core   0: 3 0x80006be6 (0x4c838393) x 7 0x8000d0aa
core   0: 0x80006bea (0x0000677d) c.lui   a4, 0x1f
core   0: 3 0x80006bea (0x677d) x14 0x0001f000
core   0: 0x80006bec (0x004510b3) sll     ra, a0, tp
core   0: 3 0x80006bec (0x004510b3) x 1 0x00000000
core   0: 0x80006bf0 (0x003ad633) srl     a2, s5, gp
core   0: 3 0x80006bf0 (0x003ad633) x12 0x43cbf1ac
core   0: 0x80006bf4 (0x40dfd033) sra     zero, t6, a3
core   0: 3 0x80006bf4 (0x40dfd033)
core   0: 0x80006bf8 (0x0073c503) lbu     a0, 7(t2)
core   0: 3 0x80006bf8 (0x0073c503) x10 0x000000ee mem 0x8000d0b1
core   0: 0x80006bfc (0x00000001) c.nop
core   0: 3 0x80006bfc (0x0001)
core   0: 0x80006bfe (0x0160fc33) and     s8, ra, s6
core   0: 3 0x80006bfe (0x0160fc33) x24 0x00000000
core   0: 0x80006c02 (0xff0388a3) sb      a6, -15(t2)
core   0: 3 0x80006c02 (0xff0388a3) mem 0x8000d09b 0x0
core   0: 0x80006c06 (0xfe339a23) sh      gp, -12(t2)
core   0: 3 0x80006c06 (0xfe339a23) mem 0x8000d09e 0x1000
core   0: 0x80006c0a (0x01851693) slli    a3, a0, 24
core   0: 3 0x80006c0a (0x01851693) x13 0xee000000
core   0: 0x80006c0e (0xff138823) sb      a7, -16(t2)
core   0: 3 0x80006c0e (0xff138823) mem 0x8000d09a 0x0
core   0: 0x80006c12 (0x00a3a523) sw      a0, 10(t2)
core   0: 3 0x80006c12 (0x00a3a523) mem 0x8000d0b4 0x000000ee
core   0: 0x80006c16 (0xff73c303) lbu     t1, -9(t2)
core   0: 3 0x80006c16 (0xff73c303) x 6 0x0000003a mem 0x8000d0a1
core   0: 0x80006c1a (0x000082bd) c.srli  a3, 15
core   0: 3 0x80006c1a (0x82bd) x13 0x0001dc00
core   0: 0x80006c1c (0x0003df03) lhu     t5, 0(t2)
core   0: 3 0x80006c1c (0x0003df03) x30 0x0000567a mem 0x8000d0aa
core   0: 0x80006c20 (0x02b5ceb3) div     t4, a1, a1
core   0: 3 0x80006c20 (0x02b5ceb3) x29 0xffffffff
core   0: 0x80006c24 (0xfe938c23) sb      s1, -8(t2)
core   0: 3 0x80006c24 (0xfe938c23) mem 0x8000d0a2 0x0
core   0: 0x80006c28 (0x0ff0000f) fence   iorw,iorw
core   0: 3 0x80006c28 (0x0ff0000f)
core   0: 0x80006c2c (0xff83d503) lhu     a0, -8(t2)
core   0: 3 0x80006c2c (0xff83d503) x10 0x00006600 mem 0x8000d0a2
core   0: 0x80006c30 (0x00008fe5) c.and   a5, s1
core   0: 3 0x80006c30 (0x8fe5) x15 0x00000000
core   0: 0x80006c32 (0x006386a3) sb      t1, 13(t2)
core   0: 3 0x80006c32 (0x006386a3) mem 0x8000d0b7 0x3a
core   0: 0x80006c36 (0x00005a7d) c.li    s4, -1
core   0: 3 0x80006c36 (0x5a7d) x20 0xffffffff
core   0: 0x80006c38 (0xfea38fa3) sb      a0, -1(t2)
core   0: 3 0x80006c38 (0xfea38fa3) mem 0x8000d0a9 0x0
core   0: 0x80006c3c (0x01d9dab3) srl     s5, s3, t4
core   0: 3 0x80006c3c (0x01d9dab3) x21 0x00000000
core   0: 0x80006c40 (0x00004e25) c.li    t3, 9
core   0: 3 0x80006c40 (0x4e25) x28 0x00000009
core   0: 0x80006c42 (0x00d387a3) sb      a3, 15(t2)
core   0: 3 0x80006c42 (0x00d387a3) mem 0x8000d0b9 0x0
core   0: 0x80006c46 (0x0000855a) c.mv    a0, s6
core   0: 3 0x80006c46 (0x855a) x10 0x00000454
core   0: 0x80006c48 (0x00004641) c.li    a2, 16
core   0: 3 0x80006c48 (0x4641) x12 0x00000010
core   0: 0x80006c4a (0x40b7d893) srai    a7, a5, 11
core   0: 3 0x80006c4a (0x40b7d893) x17 0x00000000
core   0: 0x80006c4e (0x00008f1d) c.sub   a4, a5
core   0: 3 0x80006c4e (0x8f1d) x14 0x0001f000
core   0: 0x80006c50 (0x01195813) srli    a6, s2, 17
core   0: 3 0x80006c50 (0x01195813) x16 0x00001b9f
core   0: 0x80006c54 (0x01f006b3) add     a3, zero, t6
core   0: 3 0x80006c54 (0x01f006b3) x13 0x512104a0
core   0: 0x80006c58 (0x00008412) c.mv    s0, tp
core   0: 3 0x80006c58 (0x8412) x 8 0x80026ce4
core   0: 0x80006c5a (0x00008fb9) c.xor   a5, a4
core   0: 3 0x80006c5a (0x8fb9) x15 0x0001f000
core   0: 0x80006c5c (0x03f7ff63) bgeu    a5, t6, pc + 62
core   0: 3 0x80006c5c (0x03f7ff63)
core   0: 0x80006c60 (0x41f5c593) xori    a1, a1, 1055
core   0: 3 0x80006c60 (0x41f5c593) x11 0x0000041f
core   0: 0x80006c64 (0x0000e811) c.bnez  s0, pc + 20
core   0: 3 0x80006c64 (0xe811)
core   0: 0x80006c78 (0x02c876b3) remu    a3, a6, a2
core   0: 3 0x80006c78 (0x02c876b3) x13 0x0000000f
core   0: 0x80006c7c (0x000086b1) c.srai  a3, 12
core   0: 3 0x80006c7c (0x86b1) x13 0x00000000
core   0: 0x80006c7e (0x03738733) mul     a4, t2, s7
core   0: 3 0x80006c7e (0x03738733) x14 0x00000000
core   0: 0x80006c82 (0x0000177d) c.addi  a4, -1
core   0: 3 0x80006c82 (0x177d) x14 0xffffffff
core   0: 0x80006c84 (0x0300d763) bge     ra, a6, pc + 46
core   0: 3 0x80006c84 (0x0300d763)
core   0: 0x80006c88 (0x02d25f63) bge     tp, a3, pc + 62
core   0: 3 0x80006c88 (0x02d25f63)
core   0: 0x80006c8c (0x03257bb3) remu    s7, a0, s2
core   0: 3 0x80006c8c (0x03257bb3) x23 0x00000454
core   0: 0x80006c90 (0x008e5f13) srli    t5, t3, 8
core   0: 3 0x80006c90 (0x008e5f13) x30 0x00000000
core   0: 0x80006c94 (0x00009c1a) c.add   s8, t1
core   0: 3 0x80006c94 (0x9c1a) x24 0x0000003a
core   0: 0x80006c96 (0xd9d110b7) lui     ra, 0xd9d11
core   0: 3 0x80006c96 (0xd9d110b7) x 1 0xd9d11000
core   0: 0x80006c9a (0x00008e05) c.sub   a2, s1
core   0: 3 0x80006c9a (0x8e05) x12 0x00000010
core   0: 0x80006c9c (0x02a56533) rem     a0, a0, a0
core   0: 3 0x80006c9c (0x02a56533) x10 0x00000000
core   0: 0x80006ca0 (0x026dd4b3) divu    s1, s11, t1
core   0: 3 0x80006ca0 (0x026dd4b3) x 9 0x003119db
core   0: 0x80006ca4 (0x00008151) c.srli  a0, 20
core   0: 3 0x80006ca4 (0x8151) x10 0x00000000
core   0: 0x80006ca6 (0x40835593) srai    a1, t1, 8
core   0: 3 0x80006ca6 (0x40835593) x11 0x00000000
core   0: 0x80006caa (0x407d00b3) sub     ra, s10, t2
core   0: 3 0x80006caa (0x407d00b3) x 1 0x7fff3392
core   0: 0x80006cae (0x07914563) blt     sp, s9, pc + 106
core   0: 3 0x80006cae (0x07914563)
core   0: 0x80006cb2 (0x675a0837) lui     a6, 0x675a0
core   0: 3 0x80006cb2 (0x675a0837) x16 0x675a0000
core   0: 0x80006cb6 (0x00008d61) c.and   a0, s0
core   0: 3 0x80006cb6 (0x8d61) x10 0x00000000
core   0: 0x80006cb8 (0x000085ea) c.mv    a1, s10
core   0: 3 0x80006cb8 (0x85ea) x11 0x0000043c
core   0: 0x80006cba (0x016238b3) sltu    a7, tp, s6
core   0: 3 0x80006cba (0x016238b3) x17 0x00000000
core   0: 0x80006cbe (0x07877563) bgeu    a4, s8, pc + 106
core   0: 3 0x80006cbe (0x07877563)
core   0: 0x80006d28 (0x0000100f) fence.i
core   0: 3 0x80006d28 (0x0000100f)
core   0: 0x80006d2c (0x01ee8833) add     a6, t4, t5
core   0: 3 0x80006d2c (0x01ee8833) x16 0xffffffff
core   0: 0x80006d30 (0x41275ab3) sra     s5, a4, s2
core   0: 3 0x80006d30 (0x41275ab3) x21 0xffffffff
core   0: 0x80006d34 (0x03641933) mulh    s2, s0, s6
core   0: 3 0x80006d34 (0x03641933) x18 0xfffffdd6
core   0: 0x80006d38 (0xae222593) slti    a1, tp, -1310
core   0: 3 0x80006d38 (0xae222593) x11 0x00000001
core   0: 0x80006d3c (0x0000100f) fence.i
core   0: 3 0x80006d3c (0x0000100f)
core   0: 0x80006d40 (0x0000ec85) c.bnez  s1, pc + 56
core   0: 3 0x80006d40 (0xec85)
core   0: 0x80006d78 (0x0365d7b3) divu    a5, a1, s6
core   0: 3 0x80006d78 (0x0365d7b3) x15 0x00000000
core   0: 0x80006d7c (0x0000e90d) c.bnez  a0, pc + 50
core   0: 3 0x80006d7c (0xe90d)
core   0: 0x80006d7e (0x02e6b733) mulhu   a4, a3, a4
core   0: 3 0x80006d7e (0x02e6b733) x14 0x00000000
core   0: 0x80006d82 (0xa7871eb7) lui     t4, 0xa7871
core   0: 3 0x80006d82 (0xa7871eb7) x29 0xa7871000
core   0: 0x80006d86 (0x01259863) bne     a1, s2, pc + 16
core   0: 3 0x80006d86 (0x01259863)
core   0: 0x80006d96 (0x0000ef11) c.bnez  a4, pc + 28
core   0: 3 0x80006d96 (0xef11)
core   0: 0x80006d98 (0xb98eccb7) lui     s9, 0xb98ec
core   0: 3 0x80006d98 (0xb98eccb7) x25 0xb98ec000
core   0: 0x80006d9c (0x000044e5) c.li    s1, 25
core   0: 3 0x80006d9c (0x44e5) x 9 0x00000019
core   0: 0x80006d9e (0x00008e51) c.or    a2, a2
core   0: 3 0x80006d9e (0x8e51) x12 0x00000010
core   0: 0x80006da0 (0x41295933) sra     s2, s2, s2
core   0: 3 0x80006da0 (0x41295933) x18 0xffffffff
core   0: 0x80006da4 (0x018785b3) add     a1, a5, s8
core   0: 3 0x80006da4 (0x018785b3) x11 0x0000003a
core   0: 0x80006da8 (0x039aea63) bltu    s5, s9, pc + 52
core   0: 3 0x80006da8 (0x039aea63)
core   0: 0x80006dac (0x00008e09) c.sub   a2, a0
core   0: 3 0x80006dac (0x8e09) x12 0x00000010
core   0: 0x80006dae (0x03766763) bltu    a2, s7, pc + 46
core   0: 3 0x80006dae (0x03766763)
core   0: 0x80006ddc (0x02fd73b3) remu    t2, s10, a5
core   0: 3 0x80006ddc (0x02fd73b3) x 7 0x0000043c
core   0: 0x80006de0 (0xd2b90a37) lui     s4, 0xd2b90
core   0: 3 0x80006de0 (0xd2b90a37) x20 0xd2b90000
core   0: 0x80006de4 (0x024655b3) divu    a1, a2, tp
core   0: 3 0x80006de4 (0x024655b3) x11 0x00000000
core   0: 0x80006de8 (0x0000100f) fence.i
core   0: 3 0x80006de8 (0x0000100f)
core   0: 0x80006dec (0x0000cb91) c.beqz  a5, pc + 20
core   0: 3 0x80006dec (0xcb91)
core   0: 0x80006e00 (0x00008ce1) c.and   s1, s0
core   0: 3 0x80006e00 (0x8ce1) x 9 0x00000000
core   0: 0x80006e02 (0x00699f33) sll     t5, s3, t1
core   0: 3 0x80006e02 (0x00699f33) x30 0x00000000
core   0: 0x80006e06 (0x41ad5333) sra     t1, s10, s10
core   0: 3 0x80006e06 (0x41ad5333) x 6 0x00000000
core   0: 0x80006e0a (0x000066ed) c.lui   a3, 0x1b
core   0: 3 0x80006e0a (0x66ed) x13 0x0001b000
core   0: 0x80006e0c (0x4175de93) srai    t4, a1, 23
core   0: 3 0x80006e0c (0x4175de93) x29 0x00000000
core   0: 0x80006e10 (0xccb06593) ori     a1, zero, -821
core   0: 3 0x80006e10 (0xccb06593) x11 0xfffffccb
core   0: 0x80006e14 (0x03673833) mulhu   a6, a4, s6
core   0: 3 0x80006e14 (0x03673833) x16 0x00000000
core   0: 0x80006e18 (0x56580313) addi    t1, a6, 1381
core   0: 3 0x80006e18 (0x56580313) x 6 0x00000565
core   0: 0x80006e1c (0xee560e13) addi    t3, a2, -283
core   0: 3 0x80006e1c (0xee560e13) x28 0xfffffef5
core   0: 0x80006e20 (0xe5b14337) lui     t1, 0xe5b14
core   0: 3 0x80006e20 (0xe5b14337) x 6 0xe5b14000
core   0: 0x80006e24 (0x02a6e063) bltu    a3, a0, pc + 32
core   0: 3 0x80006e24 (0x02a6e063)
core   0: 0x80006e28 (0x026cedb3) rem     s11, s9, t1
core   0: 3 0x80006e28 (0x026cedb3) x27 0xee2c4000
core   0: 0x80006e2c (0x0347e063) bltu    a5, s4, pc + 32
core   0: 3 0x80006e2c (0x0347e063)
core   0: 0x80006e4c (0x0000100f) fence.i
core   0: 3 0x80006e4c (0x0000100f)
core   0: 0x80006e50 (0x018a2733) slt     a4, s4, s8
core   0: 3 0x80006e50 (0x018a2733) x14 0x00000001
core   0: 0x80006e54 (0xf1065737) lui     a4, 0xf1065
core   0: 3 0x80006e54 (0xf1065737) x14 0xf1065000
core   0: 0x80006e58 (0x00000cfe) c.slli  s9, 31
core   0: 3 0x80006e58 (0x0cfe) x25 0x00000000
core   0: 0x80006e5a (0x00257763) bgeu    a0, sp, pc + 14
core   0: 3 0x80006e5a (0x00257763)
core   0: 0x80006e5e (0x024f2fb3) mulhsu  t6, t5, tp
core   0: 3 0x80006e5e (0x024f2fb3) x31 0x00000000
core   0: 0x80006e62 (0x0000cc85) c.beqz  s1, pc + 56
core   0: 3 0x80006e62 (0xcc85)
core   0: 0x80006e9a (0x00425393) srli    t2, tp, 4
core   0: 3 0x80006e9a (0x00425393) x 7 0x080026ce
core   0: 0x80006e9e (0x023afa63) bgeu    s5, gp, pc + 52
core   0: 3 0x80006e9e (0x023afa63)
core   0: 0x80006ed2 (0x4196d3b3) sra     t2, a3, s9
core   0: 3 0x80006ed2 (0x4196d3b3) x 7 0x0001b000
core   0: 0x80006ed6 (0x3433b013) sltiu   zero, t2, 835
core   0: 3 0x80006ed6 (0x3433b013)
core   0: 0x80006eda (0x00e61033) sll     zero, a2, a4
core   0: 3 0x80006eda (0x00e61033)
core   0: 0x80006ede (0x01e938b3) sltu    a7, s2, t5
core   0: 3 0x80006ede (0x01e938b3) x17 0x00000000
core   0: 0x80006ee2 (0x02b7fd63) bgeu    a5, a1, pc + 58
core   0: 3 0x80006ee2 (0x02b7fd63)
core   0: 0x80006ee6 (0x00008dcd) c.or    a1, a1
core   0: 3 0x80006ee6 (0x8dcd) x11 0xfffffccb
core   0: 0x80006ee8 (0x018e7733) and     a4, t3, s8
core   0: 3 0x80006ee8 (0x018e7733) x14 0x00000030
core   0: 0x80006eec (0x00b7da33) srl     s4, a5, a1
core   0: 3 0x80006eec (0x00b7da33) x20 0x00000000
core   0: 0x80006ef0 (0x021e9633) mulh    a2, t4, ra
core   0: 3 0x80006ef0 (0x021e9633) x12 0x00000000
core   0: 0x80006ef4 (0x00008c15) c.sub   s0, a3
core   0: 3 0x80006ef4 (0x8c15) x 8 0x8000bce4
core   0: 0x80006ef6 (0x0000ef85) c.bnez  a5, pc + 56
core   0: 3 0x80006ef6 (0xef85)
core   0: 0x80006ef8 (0x00000bae) c.slli  s7, 11
core   0: 3 0x80006ef8 (0x0bae) x23 0x0022a000
core   0: 0x80006efa (0x000085f5) c.srai  a1, 29
core   0: 3 0x80006efa (0x85f5) x11 0xffffffff
core   0: 0x80006efc (0x94b64893) xori    a7, a2, -1717
core   0: 3 0x80006efc (0x94b64893) x17 0xfffff94b
core   0: 0x80006f00 (0xa28d0613) addi    a2, s10, -1496
core   0: 3 0x80006f00 (0xa28d0613) x12 0xfffffe64
core   0: 0x80006f04 (0x027ebc33) mulhu   s8, t4, t2
core   0: 3 0x80006f04 (0x027ebc33) x24 0x00000000
core   0: 0x80006f08 (0x00a81433) sll     s0, a6, a0
core   0: 3 0x80006f08 (0x00a81433) x 8 0x00000000
core   0: 0x80006f0c (0x000087e5) c.srai  a5, 25
core   0: 3 0x80006f0c (0x87e5) x15 0x00000000
core   0: 0x80006f0e (0x03770bb3) mul     s7, a4, s7
core   0: 3 0x80006f0e (0x03770bb3) x23 0x067e0000
core   0: 0x80006f12 (0x02b754b3) divu    s1, a4, a1
core   0: 3 0x80006f12 (0x02b754b3) x 9 0x00000000
core   0: 0x80006f16 (0x0000069a) c.slli  a3, 6
core   0: 3 0x80006f16 (0x069a) x13 0x006c0000
core   0: 0x80006f18 (0x02794eb3) div     t4, s2, t2
core   0: 3 0x80006f18 (0x02794eb3) x29 0x00000000
core   0: 0x80006f1c (0x00008521) c.srai  a0, 8
core   0: 3 0x80006f1c (0x8521) x10 0x00000000
core   0: 0x80006f1e (0x03e23f33) mulhu   t5, tp, t5
core   0: 3 0x80006f1e (0x03e23f33) x30 0x00000000
core   0: 0x80006f22 (0x0376da63) bge     a3, s7, pc + 52
core   0: 3 0x80006f22 (0x0376da63)
core   0: 0x80006f26 (0x036458b3) divu    a7, s0, s6
core   0: 3 0x80006f26 (0x036458b3) x17 0x00000000
core   0: 0x80006f2a (0x02c8b733) mulhu   a4, a7, a2
core   0: 3 0x80006f2a (0x02c8b733) x14 0x00000000
core   0: 0x80006f2e (0x000003f6) c.slli  t2, 29
core   0: 3 0x80006f2e (0x03f6) x 7 0x00000000
core   0: 0x80006f30 (0x000081b9) c.srli  a1, 14
core   0: 3 0x80006f30 (0x81b9) x11 0x0003ffff
core   0: 0x80006f32 (0x41f05993) srai    s3, zero, 31
core   0: 3 0x80006f32 (0x41f05993) x19 0x00000000
core   0: 0x80006f36 (0x03244763) blt     s0, s2, pc + 46
core   0: 3 0x80006f36 (0x03244763)
core   0: 0x80006f3a (0x00000001) c.nop
core   0: 3 0x80006f3a (0x0001)
core   0: 0x80006f3c (0x00008109) c.srli  a0, 2
core   0: 3 0x80006f3c (0x8109) x10 0x00000000
core   0: 0x80006f3e (0x370b5b97) auipc   s7, 0x370b5
core   0: 3 0x80006f3e (0x370b5b97) x23 0xb70bbf3e
core   0: 0x80006f42 (0x00008741) c.srai  a4, 16
core   0: 3 0x80006f42 (0x8741) x14 0x00000000
core   0: 0x80006f44 (0x000e0633) add     a2, t3, zero
core   0: 3 0x80006f44 (0x000e0633) x12 0xfffffef5
core   0: 0x80006f48 (0x46d92413) slti    s0, s2, 1133
core   0: 3 0x80006f48 (0x46d92413) x 8 0x00000001
core   0: 0x80006f4c (0x020b0663) beqz    s6, pc + 44
core   0: 3 0x80006f4c (0x020b0663)
core   0: 0x80006f50 (0x41e5d893) srai    a7, a1, 30
core   0: 3 0x80006f50 (0x41e5d893) x17 0x00000000
core   0: 0x80006f54 (0x00008ee1) c.and   a3, s0
core   0: 3 0x80006f54 (0x8ee1) x13 0x00000000
core   0: 0x80006f56 (0x0013c263) blt     t2, ra, pc + 4
core   0: 3 0x80006f56 (0x0013c263)
core   0: 0x80006f5a (0x00a914b3) sll     s1, s2, a0
core   0: 3 0x80006f5a (0x00a914b3) x 9 0xffffffff
core   0: 0x80006f5e (0x028d7663) bgeu    s10, s0, pc + 44
core   0: 3 0x80006f5e (0x028d7663)
core   0: 0x80006f8a (0x02d74d63) blt     a4, a3, pc + 58
core   0: 3 0x80006f8a (0x02d74d63)
core   0: 0x80006f8e (0x02978033) mul     zero, a5, s1
core   0: 3 0x80006f8e (0x02978033)
core   0: 0x80006f92 (0xca8f6693) ori     a3, t5, -856
core   0: 3 0x80006f92 (0xca8f6693) x13 0xfffffca8
core   0: 0x80006f96 (0x00f59633) sll     a2, a1, a5
core   0: 3 0x80006f96 (0x00f59633) x12 0x0003ffff
core   0: 0x80006f9a (0x00004e65) c.li    t3, 25
core   0: 3 0x80006f9a (0x4e65) x28 0x00000019
core   0: 0x80006f9c (0x004b9e63) bne     s7, tp, pc + 28
core   0: 3 0x80006f9c (0x004b9e63)
core   0: 0x80006fb8 (0x0102c333) xor     t1, t0, a6
core   0: 3 0x80006fb8 (0x0102c333) x 6 0x80022e10
core   0: 0x80006fbc (0x41e15933) sra     s2, sp, t5
core   0: 3 0x80006fbc (0x41e15933) x18 0x0000000c
core   0: 0x80006fc0 (0x02ffd833) divu    a6, t6, a5
core   0: 3 0x80006fc0 (0x02ffd833) x16 0xffffffff
core   0: 0x80006fc4 (0x03fc06b3) mul     a3, s8, t6
core   0: 3 0x80006fc4 (0x03fc06b3) x13 0x00000000
core   0: 0x80006fc8 (0x00008de1) c.and   a1, s0
core   0: 3 0x80006fc8 (0x8de1) x11 0x00000001
core   0: 0x80006fca (0x008b05b3) add     a1, s6, s0
core   0: 3 0x80006fca (0x008b05b3) x11 0x00000455
core   0: 0x80006fce (0x01c99913) slli    s2, s3, 28
core   0: 3 0x80006fce (0x01c99913) x18 0x00000000
core   0: 0x80006fd2 (0x0000ec0d) c.bnez  s0, pc + 58
core   0: 3 0x80006fd2 (0xec0d)
core   0: 0x8000700c (0x03036b63) bltu    t1, a6, pc + 54
core   0: 3 0x8000700c (0x03036b63)
core   0: 0x80007042 (0x02830c63) beq     t1, s0, pc + 56
core   0: 3 0x80007042 (0x02830c63)
core   0: 0x80007046 (0x00006359) c.lui   t1, 0x16
core   0: 3 0x80007046 (0x6359) x 6 0x00016000
core   0: 0x80007048 (0x00009cf6) c.add   s9, t4
core   0: 3 0x80007048 (0x9cf6) x25 0x00000000
core   0: 0x8000704a (0xba0bb617) auipc   a2, 0xba0bb
core   0: 3 0x8000704a (0xba0bb617) x12 0x3a0c204a
core   0: 0x8000704e (0x4100dcb3) sra     s9, ra, a6
core   0: 3 0x8000704e (0x4100dcb3) x25 0x00000000
core   0: 0x80007052 (0x04bb1163) bne     s6, a1, pc + 66
core   0: 3 0x80007052 (0x04bb1163)
core   0: 0x80007094 (0x006cd963) bge     s9, t1, pc + 18
core   0: 3 0x80007094 (0x006cd963)
core   0: 0x80007098 (0x00000f75) c.addi  t5, 29
core   0: 3 0x80007098 (0x0f75) x30 0x0000001d
core   0: 0x8000709a (0x8c612793) slti    a5, sp, -1850
core   0: 3 0x8000709a (0x8c612793) x15 0x00000000
core   0: 0x8000709e (0x02f18b33) mul     s6, gp, a5
core   0: 3 0x8000709e (0x02f18b33) x22 0x00000000
core   0: 0x800070a2 (0x021f0663) beq     t5, ra, pc + 44
core   0: 3 0x800070a2 (0x021f0663)
core   0: 0x800070a6 (0x0390d6b3) divu    a3, ra, s9
core   0: 3 0x800070a6 (0x0390d6b3) x13 0xffffffff
core   0: 0x800070aa (0x000088e6) c.mv    a7, s9
core   0: 3 0x800070aa (0x88e6) x17 0x00000000
core   0: 0x800070ac (0x000082d1) c.srli  a3, 20
core   0: 3 0x800070ac (0x82d1) x13 0x00000fff
core   0: 0x800070ae (0x40aa06b3) sub     a3, s4, a0
core   0: 3 0x800070ae (0x40aa06b3) x13 0x00000000
core   0: 0x800070b2 (0xdb8eb013) sltiu   zero, t4, -584
core   0: 3 0x800070b2 (0xdb8eb013)
core   0: 0x800070b6 (0xfdacb513) sltiu   a0, s9, -38
core   0: 3 0x800070b6 (0xfdacb513) x10 0x00000001
core   0: 0x800070ba (0x00386333) or      t1, a6, gp
core   0: 3 0x800070ba (0x00386333) x 6 0xffffffff
core   0: 0x800070be (0x000080fd) c.srli  s1, 31
core   0: 3 0x800070be (0x80fd) x 9 0x00000001
core   0: 0x800070c0 (0x02edc6b3) div     a3, s11, a4
core   0: 3 0x800070c0 (0x02edc6b3) x13 0xffffffff
core   0: 0x800070c4 (0x00009a9e) c.add   s5, t2
core   0: 3 0x800070c4 (0x9a9e) x21 0xffffffff
core   0: 0x800070c6 (0x0ff0000f) fence   iorw,iorw
core   0: 3 0x800070c6 (0x0ff0000f)
core   0: 0x800070ca (0x400c5833) sra     a6, s8, zero
core   0: 3 0x800070ca (0x400c5833) x16 0x00000000
core   0: 0x800070ce (0xebb3c813) xori    a6, t2, -325
core   0: 3 0x800070ce (0xebb3c813) x16 0xfffffebb
core   0: 0x800070d2 (0xae072d37) lui     s10, 0xae072
core   0: 3 0x800070d2 (0xae072d37) x26 0xae072000
core   0: 0x800070d6 (0xcdcd0d13) addi    s10, s10, -804
core   0: 3 0x800070d6 (0xcdcd0d13) x26 0xae071cdc
core   0: 0x800070da (0x00043db3) sltu    s11, s0, zero
core   0: 3 0x800070da (0x00043db3) x27 0x00000000
core   0: 0x800070de (0x0109ec63) bltu    s3, a6, pc + 24
core   0: 3 0x800070de (0x0109ec63)
core   0: 0x800070f6 (0x01cbca63) blt     s7, t3, pc + 20
core   0: 3 0x800070f6 (0x01cbca63)
core   0: 0x8000710a (0x03990833) mul     a6, s2, s9
core   0: 3 0x8000710a (0x03990833) x16 0x00000000
core   0: 0x8000710e (0x03df6a63) bltu    t5, t4, pc + 52
core   0: 3 0x8000710e (0x03df6a63)
core   0: 0x80007112 (0xce5fbb13) sltiu   s6, t6, -795
core   0: 3 0x80007112 (0xce5fbb13) x22 0x00000001
core   0: 0x80007116 (0x02c08663) beq     ra, a2, pc + 44
core   0: 3 0x80007116 (0x02c08663)
core   0: 0x8000711a (0x50f88413) addi    s0, a7, 1295
core   0: 3 0x8000711a (0x50f88413) x 8 0x0000050f
core   0: 0x8000711e (0x0000cf85) c.beqz  a5, pc + 56
core   0: 3 0x8000711e (0xcf85)
core   0: 0x80007156 (0x00624f63) blt     tp, t1, pc + 30
core   0: 3 0x80007156 (0x00624f63)
core   0: 0x80007174 (0x010a3cb3) sltu    s9, s4, a6
core   0: 3 0x80007174 (0x010a3cb3) x25 0x00000000
core   0: 0x80007178 (0x02b38863) beq     t2, a1, pc + 48
core   0: 3 0x80007178 (0x02b38863)
core   0: 0x8000717c (0x00b5dc63) bge     a1, a1, pc + 24
core   0: 3 0x8000717c (0x00b5dc63)
core   0: 0x80007194 (0x00008e3d) c.xor   a2, a5
core   0: 3 0x80007194 (0x8e3d) x12 0x3a0c204a
core   0: 0x80007196 (0x00f3b1b3) sltu    gp, t2, a5
core   0: 3 0x80007196 (0x00f3b1b3) x 3 0x00000000
core   0: 0x8000719a (0x02183a33) mulhu   s4, a6, ra
core   0: 3 0x8000719a (0x02183a33) x20 0x00000000
core   0: 0x8000719e (0x0349d333) divu    t1, s3, s4
core   0: 3 0x8000719e (0x0349d333) x 6 0xffffffff
core   0: 0x800071a2 (0x0000848d) c.srai  s1, 3
core   0: 3 0x800071a2 (0x848d) x 9 0x00000000
core   0: 0x800071a4 (0x00008a26) c.mv    s4, s1
core   0: 3 0x800071a4 (0x8a26) x20 0x00000000
core   0: 0x800071a6 (0x0000cb81) c.beqz  a5, pc + 16
core   0: 3 0x800071a6 (0xcb81)
core   0: 0x800071b6 (0x0000852d) c.srai  a0, 11
core   0: 3 0x800071b6 (0x852d) x10 0x00000000
core   0: 0x800071b8 (0x02481963) bne     a6, tp, pc + 50
core   0: 3 0x800071b8 (0x02481963)
core   0: 0x800071ea (0x0000e41d) c.bnez  s0, pc + 46
core   0: 3 0x800071ea (0xe41d)
core   0: 0x80007218 (0x00004a25) c.li    s4, 9
core   0: 3 0x80007218 (0x4a25) x20 0x00000009
core   0: 0x8000721a (0x012c5c13) srli    s8, s8, 18
core   0: 3 0x8000721a (0x012c5c13) x24 0x00000000
core   0: 0x8000721e (0x00008a96) c.mv    s5, t0
core   0: 3 0x8000721e (0x8a96) x21 0x80022e10
core   0: 0x80007220 (0x016b7c63) bgeu    s6, s6, pc + 24
core   0: 3 0x80007220 (0x016b7c63)
core   0: 0x80007238 (0x031ca1b3) mulhsu  gp, s9, a7
core   0: 3 0x80007238 (0x031ca1b3) x 3 0x00000000
core   0: 0x8000723c (0x0000ef05) c.bnez  a4, pc + 56
core   0: 3 0x8000723c (0xef05)
core   0: 0x8000723e (0x037b5633) divu    a2, s6, s7
core   0: 3 0x8000723e (0x037b5633) x12 0x00000000
core   0: 0x80007242 (0x020e89b3) mul     s3, t4, zero
core   0: 3 0x80007242 (0x020e89b3) x19 0x00000000
core   0: 0x80007246 (0x00d161b3) or      gp, sp, a3
core   0: 3 0x80007246 (0x00d161b3) x 3 0xffffffff
core   0: 0x8000724a (0x586e3413) sltiu   s0, t3, 1414
core   0: 3 0x8000724a (0x586e3413) x 8 0x00000001
core   0: 0x8000724e (0x00431963) bne     t1, tp, pc + 18
core   0: 3 0x8000724e (0x00431963)
core   0: 0x80007260 (0x00008ee5) c.and   a3, s1
core   0: 3 0x80007260 (0x8ee5) x13 0x00000000
core   0: 0x80007262 (0x01ff9933) sll     s2, t6, t6
core   0: 3 0x80007262 (0x01ff9933) x18 0x00000000
core   0: 0x80007266 (0x034bdc63) bge     s7, s4, pc + 56
core   0: 3 0x80007266 (0x034bdc63)
core   0: 0x8000726a (0x017ad033) srl     zero, s5, s7
core   0: 3 0x8000726a (0x017ad033)
core   0: 0x8000726e (0x001cc333) xor     t1, s9, ra
core   0: 3 0x8000726e (0x001cc333) x 6 0x7fff3392
core   0: 0x80007272 (0x0000434d) c.li    t1, 19
core   0: 3 0x80007272 (0x434d) x 6 0x00000013
core   0: 0x80007274 (0x3857c5b7) lui     a1, 0x3857c
core   0: 3 0x80007274 (0x3857c5b7) x11 0x3857c000
core   0: 0x80007278 (0x0159a333) slt     t1, s3, s5
core   0: 3 0x80007278 (0x0159a333) x 6 0x00000000
core   0: 0x8000727c (0x0000ea81) c.bnez  a3, pc + 16
core   0: 3 0x8000727c (0xea81)
core   0: 0x8000727e (0x01f6d5b3) srl     a1, a3, t6
core   0: 3 0x8000727e (0x01f6d5b3) x11 0x00000000
core   0: 0x80007282 (0x00008dd5) c.or    a1, a3
core   0: 3 0x80007282 (0x8dd5) x11 0x00000000
core   0: 0x80007284 (0x0ff0000f) fence   iorw,iorw
core   0: 3 0x80007284 (0x0ff0000f)
core   0: 0x80007288 (0x8483aa93) slti    s5, t2, -1976
core   0: 3 0x80007288 (0x8483aa93) x21 0x00000000
core   0: 0x8000728c (0x0000881d) c.andi  s0, 7
core   0: 3 0x8000728c (0x881d) x 8 0x00000001
core   0: 0x8000728e (0x501e2693) slti    a3, t3, 1281
core   0: 3 0x8000728e (0x501e2693) x13 0x00000001
core   0: 0x80007292 (0x00008561) c.srai  a0, 24
core   0: 3 0x80007292 (0x8561) x10 0x00000000
core   0: 0x80007294 (0x00000001) c.nop
core   0: 3 0x80007294 (0x0001)
core   0: 0x80007296 (0x00008c7d) c.and   s0, a5
core   0: 3 0x80007296 (0x8c7d) x 8 0x00000000
core   0: 0x80007298 (0x000c5f33) srl     t5, s8, zero
core   0: 3 0x80007298 (0x000c5f33) x30 0x00000000
core   0: 0x8000729c (0x000082fd) c.srli  a3, 31
core   0: 3 0x8000729c (0x82fd) x13 0x00000000
core   0: 0x8000729e (0x000081c2) c.mv    gp, a6
core   0: 3 0x8000729e (0x81c2) x 3 0x00000000
core   0: 0x800072a0 (0x010b05b3) add     a1, s6, a6
core   0: 3 0x800072a0 (0x010b05b3) x11 0x00000001
core   0: 0x800072a4 (0x008693b3) sll     t2, a3, s0
core   0: 3 0x800072a4 (0x008693b3) x 7 0x00000000
core   0: 0x800072a8 (0x0000084d) c.addi  a6, 19
core   0: 3 0x800072a8 (0x084d) x16 0x00000013
core   0: 0x800072aa (0x017a1c13) slli    s8, s4, 23
core   0: 3 0x800072aa (0x017a1c13) x24 0x04800000
core   0: 0x800072ae (0x033c93b3) mulh    t2, s9, s3
core   0: 3 0x800072ae (0x033c93b3) x 7 0x00000000
core   0: 0x800072b2 (0x000087b9) c.srai  a5, 14
core   0: 3 0x800072b2 (0x87b9) x15 0x00000000
core   0: 0x800072b4 (0x01494eb3) xor     t4, s2, s4
core   0: 3 0x800072b4 (0x01494eb3) x29 0x00000009
core   0: 0x800072b8 (0x441d7913) andi    s2, s10, 1089
core   0: 3 0x800072b8 (0x441d7913) x18 0x00000440
core   0: 0x800072bc (0x0231afb3) mulhsu  t6, gp, gp
core   0: 3 0x800072bc (0x0231afb3) x31 0x00000000
core   0: 0x800072c0 (0x40d08333) sub     t1, ra, a3
core   0: 3 0x800072c0 (0x40d08333) x 6 0x7fff3392
core   0: 0x800072c4 (0x00008679) c.srai  a2, 30
core   0: 3 0x800072c4 (0x8679) x12 0x00000000
core   0: 0x800072c6 (0x00008d8d) c.sub   a1, a1
core   0: 3 0x800072c6 (0x8d8d) x11 0x00000000
core   0: 0x800072c8 (0x000088e9) c.andi  s1, 26
core   0: 3 0x800072c8 (0x88e9) x 9 0x00000000
core   0: 0x800072ca (0x01335513) srli    a0, t1, 19
core   0: 3 0x800072ca (0x01335513) x10 0x00000fff
core   0: 0x800072ce (0x776da913) slti    s2, s11, 1910
core   0: 3 0x800072ce (0x776da913) x18 0x00000001
core   0: 0x800072d2 (0x00000001) c.nop
core   0: 3 0x800072d2 (0x0001)
core   0: 0x800072d4 (0x52f4e513) ori     a0, s1, 1327
core   0: 3 0x800072d4 (0x52f4e513) x10 0x0000052f
core   0: 0x800072d8 (0x00008709) c.srai  a4, 2
core   0: 3 0x800072d8 (0x8709) x14 0x00000000
core   0: 0x800072da (0x000003ee) c.slli  t2, 27
core   0: 3 0x800072da (0x03ee) x 7 0x00000000
core   0: 0x800072dc (0x00e17333) and     t1, sp, a4
core   0: 3 0x800072dc (0x00e17333) x 6 0x00000000
core   0: 0x800072e0 (0x0114ea63) bltu    s1, a7, pc + 20
core   0: 3 0x800072e0 (0x0114ea63)
core   0: 0x800072e4 (0x000087d1) c.srai  a5, 20
core   0: 3 0x800072e4 (0x87d1) x15 0x00000000
core   0: 0x800072e6 (0x00008d79) c.and   a0, a4
core   0: 3 0x800072e6 (0x8d79) x10 0x00000000
core   0: 0x800072e8 (0x03603bb3) mulhu   s7, zero, s6
core   0: 3 0x800072e8 (0x03603bb3) x23 0x00000000
core   0: 0x800072ec (0x00c790b3) sll     ra, a5, a2
core   0: 3 0x800072ec (0x00c790b3) x 1 0x00000000
core   0: 0x800072f0 (0x034f2633) mulhsu  a2, t5, s4
core   0: 3 0x800072f0 (0x034f2633) x12 0x00000000
core   0: 0x800072f4 (0x03da1d33) mulh    s10, s4, t4
core   0: 3 0x800072f4 (0x03da1d33) x26 0x00000000
core   0: 0x800072f8 (0x01c6a9b3) slt     s3, a3, t3
core   0: 3 0x800072f8 (0x01c6a9b3) x19 0x00000001
core   0: 0x800072fc (0x41185533) sra     a0, a6, a7
core   0: 3 0x800072fc (0x41185533) x10 0x00000013
core   0: 0x80007300 (0xeaf63a97) auipc   s5, 0xeaf63
core   0: 3 0x80007300 (0xeaf63a97) x21 0x6af6a300
core   0: 0x80007304 (0x00339493) slli    s1, t2, 3
core   0: 3 0x80007304 (0x00339493) x 9 0x00000000
core   0: 0x80007308 (0x01569d33) sll     s10, a3, s5
core   0: 3 0x80007308 (0x01569d33) x26 0x00000000
core   0: 0x8000730c (0x032ec3b3) div     t2, t4, s2
core   0: 3 0x8000730c (0x032ec3b3) x 7 0x00000009
core   0: 0x80007310 (0x03feb4b3) mulhu   s1, t4, t6
core   0: 3 0x80007310 (0x03feb4b3) x 9 0x00000000
core   0: 0x80007314 (0x024453b3) divu    t2, s0, tp
core   0: 3 0x80007314 (0x024453b3) x 7 0x00000000
core   0: 0x80007318 (0x00000001) c.nop
core   0: 3 0x80007318 (0x0001)
core   0: 0x8000731a (0x000000ba) c.slli  ra, 14
core   0: 3 0x8000731a (0x00ba) x 1 0x00000000
core   0: 0x8000731c (0x024e54b3) divu    s1, t3, tp
core   0: 3 0x8000731c (0x024e54b3) x 9 0x00000000
core   0: 0x80007320 (0x00009e7e) c.add   t3, t6
core   0: 3 0x80007320 (0x9e7e) x28 0x00000019
core   0: 0x80007322 (0x00a200b3) add     ra, tp, a0
core   0: 3 0x80007322 (0x00a200b3) x 1 0x80026cf7
core   0: 0x80007326 (0x00000f4e) c.slli  t5, 19
core   0: 3 0x80007326 (0x0f4e) x30 0x00000000
core   0: 0x80007328 (0x00008f15) c.sub   a4, a3
core   0: 3 0x80007328 (0x8f15) x14 0x00000000
core   0: 0x8000732a (0x00a09593) slli    a1, ra, 10
core   0: 3 0x8000732a (0x00a09593) x11 0x09b3dc00
core   0: 0x8000732e (0x0ff0000f) fence   iorw,iorw
core   0: 3 0x8000732e (0x0ff0000f)
core   0: 0x80007332 (0xa11dfc93) andi    s9, s11, -1519
core   0: 3 0x80007332 (0xa11dfc93) x25 0x00000000
core   0: 0x80007336 (0x0000100f) fence.i
core   0: 3 0x80007336 (0x0000100f)
core   0: 0x8000733a (0x03c3fcb3) remu    s9, t2, t3
core   0: 3 0x8000733a (0x03c3fcb3) x25 0x00000000
core   0: 0x8000733e (0x02cfcb33) div     s6, t6, a2
core   0: 3 0x8000733e (0x02cfcb33) x22 0xffffffff
core   0: 0x80007342 (0x23e0e793) ori     a5, ra, 574
core   0: 3 0x80007342 (0x23e0e793) x15 0x80026eff
core   0: 0x80007346 (0x00008789) c.srai  a5, 2
core   0: 3 0x80007346 (0x8789) x15 0xe0009bbf
core   0: 0x80007348 (0x00008d21) c.xor   a0, s0
core   0: 3 0x80007348 (0x8d21) x10 0x00000013
core   0: 0x8000734a (0x00001ffd) c.addi  t6, -1
core   0: 3 0x8000734a (0x1ffd) x31 0xffffffff
core   0: 0x8000734c (0x0000e795) c.bnez  a5, pc + 44
core   0: 3 0x8000734c (0xe795)
core   0: 0x80007378 (0x00000001) c.nop
core   0: 3 0x80007378 (0x0001)
core   0: 0x8000737a (0x03e5a1b3) mulhsu  gp, a1, t5
core   0: 3 0x8000737a (0x03e5a1b3) x 3 0x00000000
core   0: 0x8000737e (0x02b82733) mulhsu  a4, a6, a1
core   0: 3 0x8000737e (0x02b82733) x14 0x00000000
core   0: 0x80007382 (0x01f79313) slli    t1, a5, 31
core   0: 3 0x80007382 (0x01f79313) x 6 0x80000000
core   0: 0x80007386 (0x0000e119) c.bnez  a0, pc + 6
core   0: 3 0x80007386 (0xe119)
core   0: 0x8000738c (0x02a76d33) rem     s10, a4, a0
core   0: 3 0x8000738c (0x02a76d33) x26 0x00000000
core   0: 0x80007390 (0x01ccc9b3) xor     s3, s9, t3
core   0: 3 0x80007390 (0x01ccc9b3) x19 0x00000019
core   0: 0x80007394 (0xfd3b0413) addi    s0, s6, -45
core   0: 3 0x80007394 (0xfd3b0413) x 8 0xffffffd2
core   0: 0x80007398 (0x02de2cb3) mulhsu  s9, t3, a3
core   0: 3 0x80007398 (0x02de2cb3) x25 0x00000000
core   0: 0x8000739c (0x00004491) c.li    s1, 4
core   0: 3 0x8000739c (0x4491) x 9 0x00000004
core   0: 0x8000739e (0x04997063) bgeu    s2, s1, pc + 64
core   0: 3 0x8000739e (0x04997063)
core   0: 0x800073a2 (0x30754493) xori    s1, a0, 775
core   0: 3 0x800073a2 (0x30754493) x 9 0x00000314
core   0: 0x800073a6 (0x6478a313) slti    t1, a7, 1607
core   0: 3 0x800073a6 (0x6478a313) x 6 0x00000001
core   0: 0x800073aa (0x92bbbb13) sltiu   s6, s7, -1749
core   0: 3 0x800073aa (0x92bbbb13) x22 0x00000001
core   0: 0x800073ae (0xe6b06193) ori     gp, zero, -405
core   0: 3 0x800073ae (0xe6b06193) x 3 0xfffffe6b
core   0: 0x800073b2 (0x00005efd) c.li    t4, -1
core   0: 3 0x800073b2 (0x5efd) x29 0xffffffff
core   0: 0x800073b4 (0x0000c91d) c.beqz  a0, pc + 54
core   0: 3 0x800073b4 (0xc91d)
core   0: 0x800073b6 (0x01413f33) sltu    t5, sp, s4
core   0: 3 0x800073b6 (0x01413f33) x30 0x00000000
core   0: 0x800073ba (0x90ea9e97) auipc   t4, 0x90ea9
core   0: 3 0x800073ba (0x90ea9e97) x29 0x10eb03ba
core   0: 0x800073be (0x00f57263) bgeu    a0, a5, pc + 4
core   0: 3 0x800073be (0x00f57263)
core   0: 0x800073c2 (0x49920b17) auipc   s6, 0x49920
core   0: 3 0x800073c2 (0x49920b17) x22 0xc99273c2
core   0: 0x800073c6 (0x00008451) c.srai  s0, 20
core   0: 3 0x800073c6 (0x8451) x 8 0xffffffff
core   0: 0x800073c8 (0x0364a933) mulhsu  s2, s1, s6
core   0: 3 0x800073c8 (0x0364a933) x18 0x0000026c
core   0: 0x800073cc (0x001294b3) sll     s1, t0, ra
core   0: 3 0x800073cc (0x001294b3) x 9 0x08000000
core   0: 0x800073d0 (0x01fc9f63) bne     s9, t6, pc + 30
core   0: 3 0x800073d0 (0x01fc9f63)
core   0: 0x800073ee (0x01ee9b63) bne     t4, t5, pc + 22
core   0: 3 0x800073ee (0x01ee9b63)
core   0: 0x80007404 (0x000093ee) c.add   t2, s11
core   0: 3 0x80007404 (0x93ee) x 7 0x00000000
core   0: 0x80007406 (0xcf7bfa93) andi    s5, s7, -777
core   0: 3 0x80007406 (0xcf7bfa93) x21 0x00000000
core   0: 0x8000740a (0x027c3633) mulhu   a2, s8, t2
core   0: 3 0x8000740a (0x027c3633) x12 0x00000000
core   0: 0x8000740e (0x03a3ef33) rem     t5, t2, s10
core   0: 3 0x8000740e (0x03a3ef33) x30 0x00000000
core   0: 0x80007412 (0x00475763) bge     a4, tp, pc + 14
core   0: 3 0x80007412 (0x00475763)
core   0: 0x80007420 (0xfc6aeeb7) lui     t4, 0xfc6ae
core   0: 3 0x80007420 (0xfc6aeeb7) x29 0xfc6ae000
core   0: 0x80007424 (0x02ca0e63) beq     s4, a2, pc + 60
core   0: 3 0x80007424 (0x02ca0e63)
core   0: 0x80007428 (0x018db3b3) sltu    t2, s11, s8
core   0: 3 0x80007428 (0x018db3b3) x 7 0x00000001
core   0: 0x8000742c (0x408a0eb3) sub     t4, s4, s0
core   0: 3 0x8000742c (0x408a0eb3) x29 0x0000000a
core   0: 0x80007430 (0x00000001) c.nop
core   0: 3 0x80007430 (0x0001)
core   0: 0x80007432 (0x9227b993) sltiu   s3, a5, -1758
core   0: 3 0x80007432 (0x9227b993) x19 0x00000001
core   0: 0x80007436 (0x018f71b3) and     gp, t5, s8
core   0: 3 0x80007436 (0x018f71b3) x 3 0x00000000
core   0: 0x8000743a (0x00008799) c.srai  a5, 6
core   0: 3 0x8000743a (0x8799) x15 0xff80026e
core   0: 0x8000743c (0x40735f33) sra     t5, t1, t2
core   0: 3 0x8000743c (0x40735f33) x30 0x00000000
core   0: 0x80007440 (0x02986633) rem     a2, a6, s1
core   0: 3 0x80007440 (0x02986633) x12 0x00000013
core   0: 0x80007444 (0x0110dd13) srli    s10, ra, 17
core   0: 3 0x80007444 (0x0110dd13) x26 0x00004001
core   0: 0x80007448 (0x000018fd) c.addi  a7, -1
core   0: 3 0x80007448 (0x18fd) x17 0xffffffff
core   0: 0x8000744a (0x03be9bb3) mulh    s7, t4, s11
core   0: 3 0x8000744a (0x03be9bb3) x23 0x00000000
core   0: 0x8000744e (0x0000956a) c.add   a0, s10
core   0: 3 0x8000744e (0x956a) x10 0x00004014
core   0: 0x80007450 (0x1799e713) ori     a4, s3, 377
core   0: 3 0x80007450 (0x1799e713) x14 0x00000179
core   0: 0x80007454 (0x00765c93) srli    s9, a2, 7
core   0: 3 0x80007454 (0x00765c93) x25 0x00000000
core   0: 0x80007458 (0x00da4833) xor     a6, s4, a3
core   0: 3 0x80007458 (0x00da4833) x16 0x00000009
core   0: 0x8000745c (0x028f4263) blt     t5, s0, pc + 36
core   0: 3 0x8000745c (0x028f4263)
core   0: 0x80007460 (0x51c94693) xori    a3, s2, 1308
core   0: 3 0x80007460 (0x51c94693) x13 0x00000770
core   0: 0x80007464 (0x034a9c63) bne     s5, s4, pc + 56
core   0: 3 0x80007464 (0x034a9c63)
core   0: 0x8000749c (0x00000001) c.nop
core   0: 3 0x8000749c (0x0001)
core   0: 0x8000749e (0x00000852) c.slli  a6, 20
core   0: 3 0x8000749e (0x0852) x16 0x00900000
core   0: 0x800074a0 (0x03d4dc33) divu    s8, s1, t4
core   0: 3 0x800074a0 (0x03d4dc33) x24 0x00cccccc
core   0: 0x800074a4 (0x01345933) srl     s2, s0, s3
core   0: 3 0x800074a4 (0x01345933) x18 0x7fffffff
core   0: 0x800074a8 (0x02a57d33) remu    s10, a0, a0
core   0: 3 0x800074a8 (0x02a57d33) x26 0x00000000
core   0: 0x800074ac (0x000088b1) c.andi  s1, 12
core   0: 3 0x800074ac (0x88b1) x 9 0x00000000
core   0: 0x800074ae (0x0000cf9d) c.beqz  a5, pc + 62
core   0: 3 0x800074ae (0xcf9d)
core   0: 0x800074b0 (0x00008079) c.srli  s0, 30
core   0: 3 0x800074b0 (0x8079) x 8 0x00000003
core   0: 0x800074b2 (0x6fa1ea93) ori     s5, gp, 1786
core   0: 3 0x800074b2 (0x6fa1ea93) x21 0x000006fa
core   0: 0x800074b6 (0x00008295) c.srli  a3, 5
core   0: 3 0x800074b6 (0x8295) x13 0x0000003b
core   0: 0x800074b8 (0x00f633b3) sltu    t2, a2, a5
core   0: 3 0x800074b8 (0x00f633b3) x 7 0x00000001
core   0: 0x800074bc (0x0204ffb3) remu    t6, s1, zero
core   0: 3 0x800074bc (0x0204ffb3) x31 0x00000000
core   0: 0x800074c0 (0x00d26eb3) or      t4, tp, a3
core   0: 3 0x800074c0 (0x00d26eb3) x29 0x80026cff
core   0: 0x800074c4 (0x0000ce05) c.beqz  a2, pc + 56
core   0: 3 0x800074c4 (0xce05)
core   0: 0x800074c6 (0x95fd4613) xori    a2, s10, -1697
core   0: 3 0x800074c6 (0x95fd4613) x12 0xfffff95f
core   0: 0x800074ca (0x000087d1) c.srai  a5, 20
core   0: 3 0x800074ca (0x87d1) x15 0xfffffff8
core   0: 0x800074cc (0x028aedb3) rem     s11, s5, s0
core   0: 3 0x800074cc (0x028aedb3) x27 0x00000001
core   0: 0x800074d0 (0x04bbd163) bge     s7, a1, pc + 66
core   0: 3 0x800074d0 (0x04bbd163)
core   0: 0x800074d4 (0x0016af33) slt     t5, a3, ra
core   0: 3 0x800074d4 (0x0016af33) x30 0x00000000
core   0: 0x800074d8 (0x015273b3) and     t2, tp, s5
core   0: 3 0x800074d8 (0x015273b3) x 7 0x000004e0
core   0: 0x800074dc (0x0ff0000f) fence   iorw,iorw
core   0: 3 0x800074dc (0x0ff0000f)
core   0: 0x800074e0 (0xf9cb8f93) addi    t6, s7, -100
core   0: 3 0x800074e0 (0xf9cb8f93) x31 0xffffff9c
core   0: 0x800074e4 (0x01ee8a63) beq     t4, t5, pc + 20
core   0: 3 0x800074e4 (0x01ee8a63)
core   0: 0x800074e8 (0x02360863) beq     a2, gp, pc + 48
core   0: 3 0x800074e8 (0x02360863)
core   0: 0x800074ec (0xf7d54013) xori    zero, a0, -131
core   0: 3 0x800074ec (0xf7d54013)
core   0: 0x800074f0 (0x1a462e13) slti    t3, a2, 420
core   0: 3 0x800074f0 (0x1a462e13) x28 0x00000001
core   0: 0x800074f4 (0x00008c91) c.sub   s1, a2
core   0: 3 0x800074f4 (0x8c91) x 9 0x000006a1
core   0: 0x800074f6 (0x00008299) c.srli  a3, 6
core   0: 3 0x800074f6 (0x8299) x13 0x00000000
core   0: 0x800074f8 (0x030b6bb3) rem     s7, s6, a6
core   0: 3 0x800074f8 (0x030b6bb3) x23 0xff9273c2
core   0: 0x800074fc (0x008fc663) blt     t6, s0, pc + 12
core   0: 3 0x800074fc (0x008fc663)
core   0: 0x80007508 (0x025244b3) div     s1, tp, t0
core   0: 3 0x80007508 (0x025244b3) x 9 0x00000000
core   0: 0x8000750c (0x4108d313) srai    t1, a7, 16
core   0: 3 0x8000750c (0x4108d313) x 6 0xffffffff
core   0: 0x80007510 (0x0000840d) c.srai  s0, 3
core   0: 3 0x80007510 (0x840d) x 8 0x00000000
core   0: 0x80007512 (0x02df4333) div     t1, t5, a3
core   0: 3 0x80007512 (0x02df4333) x 6 0xffffffff
core   0: 0x80007516 (0x00008e51) c.or    a2, a2
core   0: 3 0x80007516 (0x8e51) x12 0xfffff95f
core   0: 0x80007518 (0x007d67b3) or      a5, s10, t2
core   0: 3 0x80007518 (0x007d67b3) x15 0x000004e0
core   0: 0x8000751c (0x000019fd) c.addi  s3, -1
core   0: 3 0x8000751c (0x19fd) x19 0x00000000
core   0: 0x8000751e (0x00008d29) c.xor   a0, a0
core   0: 3 0x8000751e (0x8d29) x10 0x00000000
core   0: 0x80007520 (0x03c54fb3) div     t6, a0, t3
core   0: 3 0x80007520 (0x03c54fb3) x31 0x00000000
core   0: 0x80007524 (0x00008585) c.srai  a1, 1
core   0: 3 0x80007524 (0x8585) x11 0x04d9ee00
core   0: 0x80007526 (0x00008dc1) c.or    a1, s0
core   0: 3 0x80007526 (0x8dc1) x11 0x04d9ee00
core   0: 0x80007528 (0x012d5633) srl     a2, s10, s2
core   0: 3 0x80007528 (0x012d5633) x12 0x00000000
core   0: 0x8000752c (0x026d9063) bne     s11, t1, pc + 32
core   0: 3 0x8000752c (0x026d9063)
core   0: 0x8000754c (0xbbba6613) ori     a2, s4, -1093
core   0: 3 0x8000754c (0xbbba6613) x12 0xfffffbbb
core   0: 0x80007550 (0x00000b6a) c.slli  s6, 26
core   0: 3 0x80007550 (0x0b6a) x22 0x08000000
core   0: 0x80007552 (0x53f23b93) sltiu   s7, tp, 1343
core   0: 3 0x80007552 (0x53f23b93) x23 0x00000000
core   0: 0x80007556 (0x41165513) srai    a0, a2, 17
core   0: 3 0x80007556 (0x41165513) x10 0xffffffff
core   0: 0x8000755a (0x03a30833) mul     a6, t1, s10
core   0: 3 0x8000755a (0x03a30833) x16 0x00000000
core   0: 0x8000755e (0x00004a41) c.li    s4, 16
core   0: 3 0x8000755e (0x4a41) x20 0x00000010
core   0: 0x80007560 (0x00008f7d) c.and   a4, a5
core   0: 3 0x80007560 (0x8f7d) x14 0x00000060
core   0: 0x80007562 (0x000095ea) c.add   a1, s10
core   0: 3 0x80007562 (0x95ea) x11 0x04d9ee00
core   0: 0x80007564 (0x00c517b3) sll     a5, a0, a2
core   0: 3 0x80007564 (0x00c517b3) x15 0xf8000000
core   0: 0x80007568 (0x002d4633) xor     a2, s10, sp
core   0: 3 0x80007568 (0x002d4633) x12 0x0000000c
core   0: 0x8000756c (0x027dfe33) remu    t3, s11, t2
core   0: 3 0x8000756c (0x027dfe33) x28 0x00000001
core   0: 0x80007570 (0x00008bf9) c.andi  a5, 30
core   0: 3 0x80007570 (0x8bf9) x15 0x00000000
core   0: 0x80007572 (0x01d667b3) or      a5, a2, t4
core   0: 3 0x80007572 (0x01d667b3) x15 0x80026cff
core   0: 0x80007576 (0x01a471b3) and     gp, s0, s10
core   0: 3 0x80007576 (0x01a471b3) x 3 0x00000000
core   0: 0x8000757a (0x01974533) xor     a0, a4, s9
core   0: 3 0x8000757a (0x01974533) x10 0x00000060
core   0: 0x8000757e (0x000089a6) c.mv    s3, s1
core   0: 3 0x8000757e (0x89a6) x19 0x00000000
core   0: 0x80007580 (0x0241a6b3) mulhsu  a3, gp, tp
core   0: 3 0x80007580 (0x0241a6b3) x13 0x00000000
core   0: 0x80007584 (0x02b09a33) mulh    s4, ra, a1
core   0: 3 0x80007584 (0x02b09a33) x20 0xfd9314c4
core   0: 0x80007588 (0x000098da) c.add   a7, s6
core   0: 3 0x80007588 (0x98da) x17 0x07ffffff
core   0: 0x8000758a (0x03b71663) bne     a4, s11, pc + 44
core   0: 3 0x8000758a (0x03b71663)
core   0: 0x800075b6 (0x0000cb91) c.beqz  a5, pc + 20
core   0: 3 0x800075b6 (0xcb91)
core   0: 0x800075b8 (0x156a0a37) lui     s4, 0x156a0
core   0: 3 0x800075b8 (0x156a0a37) x20 0x156a0000
core   0: 0x800075bc (0x00e08533) add     a0, ra, a4
core   0: 3 0x800075bc (0x00e08533) x10 0x80026d57
core   0: 0x800075c0 (0x02acbb33) mulhu   s6, s9, a0
core   0: 3 0x800075c0 (0x02acbb33) x22 0x00000000
core   0: 0x800075c4 (0x40155793) srai    a5, a0, 1
core   0: 3 0x800075c4 (0x40155793) x15 0xc00136ab
core   0: 0x800075c8 (0x00008f25) c.xor   a4, s1
core   0: 3 0x800075c8 (0x8f25) x14 0x00000060
core   0: 0x800075ca (0x007c1613) slli    a2, s8, 7
core   0: 3 0x800075ca (0x007c1613) x12 0x66666600
core   0: 0x800075ce (0x03294063) blt     s2, s2, pc + 32
core   0: 3 0x800075ce (0x03294063)
core   0: 0x800075d2 (0x02e1c033) div     zero, gp, a4
core   0: 3 0x800075d2 (0x02e1c033)
core   0: 0x800075d6 (0x014adf33) srl     t5, s5, s4
core   0: 3 0x800075d6 (0x014adf33) x30 0x000006fa
core   0: 0x800075da (0x03b2d263) bge     t0, s11, pc + 36
core   0: 3 0x800075da (0x03b2d263)
core   0: 0x800075de (0x02771463) bne     a4, t2, pc + 40
core   0: 3 0x800075de (0x02771463)
core   0: 0x80007606 (0x0396edb7) lui     s11, 0x396e
core   0: 3 0x80007606 (0x0396edb7) x27 0x0396e000
core   0: 0x8000760a (0x0042ac83) lw      s9, 4(t0)
core   0: 3 0x8000760a (0x0042ac83) x25 0x80009fe8 mem 0x80022e14
core   0: 0x8000760e (0x02b85433) divu    s0, a6, a1
core   0: 3 0x8000760e (0x02b85433) x 8 0x00000000
core   0: 0x80007612 (0x000001d9) c.addi  gp, 22
core   0: 3 0x80007612 (0x01d9) x 3 0x00000016
core   0: 0x80007614 (0x04028293) addi    t0, t0, 64
core   0: 3 0x80007614 (0x04028293) x 5 0x80022e50
core   0: 0x80007618 (0x40b35b13) srai    s6, t1, 11
core   0: 3 0x80007618 (0x40b35b13) x22 0xffffffff
core   0: 0x8000761c (0xcbc12f93) slti    t6, sp, -836
core   0: 3 0x8000761c (0xcbc12f93) x31 0x00000000
core   0: 0x80007620 (0x000c8893) mv      a7, s9
core   0: 3 0x80007620 (0x000c8893) x17 0x80009fe8
core   0: 0x80007624 (0x00008882) c.jr    a7
core   0: 3 0x80007624 (0x8882)
core   0: 0x80009fe8 (0x0000c109) c.beqz  a0, pc + 2
core   0: 3 0x80009fe8 (0xc109)
core   0: 0x80009fea (0x0000100f) fence.i
core   0: 3 0x80009fea (0x0000100f)
core   0: 0x80009fee (0x00008d5d) c.or    a0, a5
core   0: 3 0x80009fee (0x8d5d) x10 0xc0037fff
core   0: 0x80009ff0 (0x00005f7d) c.li    t5, -1
core   0: 3 0x80009ff0 (0x5f7d) x30 0xffffffff
core   0: 0x80009ff2 (0xa43795b7) lui     a1, 0xa4379
core   0: 3 0x80009ff2 (0xa43795b7) x11 0xa4379000
core   0: 0x80009ff6 (0x02218263) beq     gp, sp, pc + 36
core   0: 3 0x80009ff6 (0x02218263)
core   0: 0x80009ffa (0x01b659b3) srl     s3, a2, s11
core   0: 3 0x80009ffa (0x01b659b3) x19 0x66666600
core   0: 0x80009ffe (0x0000c58d) c.beqz  a1, pc + 42
core   0: 3 0x80009ffe (0xc58d)
core   0: 0x8000a000 (0x015dd693) srli    a3, s11, 21
core   0: 3 0x8000a000 (0x015dd693) x13 0x0000001c
core   0: 0x8000a004 (0x00a00f63) beq     zero, a0, pc + 30
core   0: 3 0x8000a004 (0x00a00f63)
core   0: 0x8000a008 (0x40bd8bb3) sub     s7, s11, a1
core   0: 3 0x8000a008 (0x40bd8bb3) x23 0x5f5f5000
core   0: 0x8000a00c (0x000357b3) srl     a5, t1, zero
core   0: 3 0x8000a00c (0x000357b3) x15 0xffffffff
core   0: 0x8000a010 (0x00f8b433) sltu    s0, a7, a5
core   0: 3 0x8000a010 (0x00f8b433) x 8 0x00000001
core   0: 0x8000a014 (0x0000860d) c.srai  a2, 3
core   0: 3 0x8000a014 (0x860d) x12 0x0cccccc0
core   0: 0x8000a016 (0x00545cb3) srl     s9, s0, t0
core   0: 3 0x8000a016 (0x00545cb3) x25 0x00000000
core   0: 0x8000a01a (0x00008e8d) c.sub   a3, a1
core   0: 3 0x8000a01a (0x8e8d) x13 0x5bc8701c
core   0: 0x8000a01c (0x00007963) bgeu    zero, zero, pc + 18
core   0: 3 0x8000a01c (0x00007963)
core   0: 0x8000a02e (0x0000e79d) c.bnez  a5, pc + 46
core   0: 3 0x8000a02e (0xe79d)
core   0: 0x8000a05c (0x52e60b13) addi    s6, a2, 1326
core   0: 3 0x8000a05c (0x52e60b13) x22 0x0cccd1ee
core   0: 0x8000a060 (0x00000691) c.addi  a3, 4
core   0: 3 0x8000a060 (0x0691) x13 0x5bc87020
core   0: 0x8000a062 (0x008f26b3) slt     a3, t5, s0
core   0: 3 0x8000a062 (0x008f26b3) x13 0x00000001
core   0: 0x8000a066 (0x03dd45b3) div     a1, s10, t4
core   0: 3 0x8000a066 (0x03dd45b3) x11 0x00000000
core   0: 0x8000a06a (0x0042ac83) lw      s9, 4(t0)
core   0: 3 0x8000a06a (0x0042ac83) x25 0x80009c18 mem 0x80022e54
core   0: 0x8000a06e (0x03b8c433) div     s0, a7, s11
core   0: 3 0x8000a06e (0x03b8c433) x 8 0xffffffdd
core   0: 0x8000a072 (0x000002a1) c.addi  t0, 8
core   0: 3 0x8000a072 (0x02a1) x 5 0x80022e58
core   0: 0x8000a074 (0x03a81f33) mulh    t5, a6, s10
core   0: 3 0x8000a074 (0x03a81f33) x30 0x00000000
core   0: 0x8000a078 (0x00000c85) c.addi  s9, 1
core   0: 3 0x8000a078 (0x0c85) x25 0x80009c19
core   0: 0x8000a07a (0x00009c82) c.jalr  s9
core   0: 3 0x8000a07a (0x9c82) x 1 0x8000a07c
core   0: 0x80009c18 (0xffffbc17) auipc   s8, 0xffffb
core   0: 3 0x80009c18 (0xffffbc17) x24 0x80004c18
core   0: 0x80009c1c (0x62ec0c13) addi    s8, s8, 1582
core   0: 3 0x80009c1c (0x62ec0c13) x24 0x80005246
core   0: 0x80009c20 (0x02e7bcb3) mulhu   s9, a5, a4
core   0: 3 0x80009c20 (0x02e7bcb3) x25 0x0000005f
core   0: 0x80009c24 (0x11bc0c13) addi    s8, s8, 283
core   0: 3 0x80009c24 (0x11bc0c13) x24 0x80005361
core   0: 0x80009c28 (0x00004b39) c.li    s6, 14
core   0: 3 0x80009c28 (0x4b39) x22 0x0000000e
core   0: 0x80009c2a (0x15ad7d93) andi    s11, s10, 346
core   0: 3 0x80009c2a (0x15ad7d93) x27 0x00000000
core   0: 0x80009c2e (0x00000001) c.nop
core   0: 3 0x80009c2e (0x0001)
core   0: 0x80009c30 (0x03ca2533) mulhsu  a0, s4, t3
core   0: 3 0x80009c30 (0x03ca2533) x10 0x00000000
core   0: 0x80009c34 (0x0000987d) c.andi  s0, -1
core   0: 3 0x80009c34 (0x987d) x 8 0xffffffdd
core   0: 0x80009c36 (0xee5c0ce7) jalr    s9, s8, -283
core   0: 3 0x80009c36 (0xee5c0ce7) x25 0x80009c3a
core   0: 0x80005246 (0xfdc28293) addi    t0, t0, -36
core   0: 3 0x80005246 (0xfdc28293) x 5 0x80022e34
core   0: 0x8000524a (0x000096ce) c.add   a3, s3
core   0: 3 0x8000524a (0x96ce) x13 0x66666601
core   0: 0x8000524c (0x0192a223) sw      s9, 4(t0)
core   0: 3 0x8000524c (0x0192a223) mem 0x80022e38 0x80009c3a
core   0: 0x80005250 (0x00c523b3) slt     t2, a0, a2
core   0: 3 0x80005250 (0x00c523b3) x 7 0x00000001
core   0: 0x80005254 (0x012f0b33) add     s6, t5, s2
core   0: 3 0x80005254 (0x012f0b33) x22 0x7fffffff
core   0: 0x80005258 (0x0134dd93) srli    s11, s1, 19
core   0: 3 0x80005258 (0x0134dd93) x27 0x00000000
core   0: 0x8000525c (0x00009c36) c.add   s8, a3
core   0: 3 0x8000525c (0x9c36) x24 0xe666b962
core   0: 0x8000525e (0x0000a817) auipc   a6, 0xa
core   0: 3 0x8000525e (0x0000a817) x16 0x8000f25e
core   0: 0x80005262 (0x86280813) addi    a6, a6, -1950
core   0: 3 0x80005262 (0x86280813) x16 0x8000eac0
core   0: 0x80005266 (0xff082e03) lw      t3, -16(a6)
core   0: 3 0x80005266 (0xff082e03) x28 0x8d3bd70c mem 0x8000eab0
core   0: 0x8000526a (0x41f188b3) sub     a7, gp, t6
core   0: 3 0x8000526a (0x41f188b3) x17 0x00000016
core   0: 0x8000526e (0xff984703) lbu     a4, -7(a6)
core   0: 3 0x8000526e (0xff984703) x14 0x000000bf mem 0x8000eab9
core   0: 0x80005272 (0x40718bb3) sub     s7, gp, t2
core   0: 3 0x80005272 (0x40718bb3) x23 0x00000015
core   0: 0x80005276 (0xff482583) lw      a1, -12(a6)
core   0: 3 0x80005276 (0xff482583) x11 0xf3ba5dba mem 0x8000eab4
core   0: 0x8000527a (0x004d7e33) and     t3, s10, tp
core   0: 3 0x8000527a (0x004d7e33) x28 0x00000000
core   0: 0x8000527e (0x01681623) sh      s6, 12(a6)
core   0: 3 0x8000527e (0x01681623) mem 0x8000eacc 0xffff
core   0: 0x80005282 (0xff481b83) lh      s7, -12(a6)
core   0: 3 0x80005282 (0xff481b83) x23 0x00005dba mem 0x8000eab4
core   0: 0x80005286 (0x00f82623) sw      a5, 12(a6)
core   0: 3 0x80005286 (0x00f82623) mem 0x8000eacc 0xffffffff
core   0: 0x8000528a (0xfe280823) sb      sp, -16(a6)
core   0: 3 0x8000528a (0xfe280823) mem 0x8000eab0 0xc
core   0: 0x8000528e (0x2bd4e613) ori     a2, s1, 701
core   0: 3 0x8000528e (0x2bd4e613) x12 0x000002bd
core   0: 0x80005292 (0x00008e95) c.sub   a3, a3
core   0: 3 0x80005292 (0x8e95) x13 0x00000000
core   0: 0x80005294 (0x009800a3) sb      s1, 1(a6)
core   0: 3 0x80005294 (0x009800a3) mem 0x8000eac1 0x0
core   0: 0x80005298 (0x12eecd13) xori    s10, t4, 302
core   0: 3 0x80005298 (0x12eecd13) x26 0x80026dd1
core   0: 0x8000529c (0xff580e83) lb      t4, -11(a6)
core   0: 3 0x8000529c (0xff580e83) x29 0x0000005d mem 0x8000eab5
core   0: 0x800052a0 (0x00008f55) c.or    a4, a3
core   0: 3 0x800052a0 (0x8f55) x14 0x000000bf
core   0: 0x800052a2 (0x00584f03) lbu     t5, 5(a6)
core   0: 3 0x800052a2 (0x00584f03) x30 0x00000000 mem 0x8000eac5
core   0: 0x800052a6 (0x000804a3) sb      zero, 9(a6)
core   0: 3 0x800052a6 (0x000804a3) mem 0x8000eac9 0x0
core   0: 0x800052aa (0xffd84083) lbu     ra, -3(a6)
core   0: 3 0x800052aa (0xffd84083) x 1 0x00000034 mem 0x8000eabd
core   0: 0x800052ae (0x411b8bb3) sub     s7, s7, a7
core   0: 3 0x800052ae (0x411b8bb3) x23 0x00005da4
core   0: 0x800052b2 (0xff482783) lw      a5, -12(a6)
core   0: 3 0x800052b2 (0xff482783) x15 0xf3ba5dba mem 0x8000eab4
core   0: 0x800052b6 (0xff084c83) lbu     s9, -16(a6)
core   0: 3 0x800052b6 (0xff084c83) x25 0x0000000c mem 0x8000eab0
core   0: 0x800052ba (0xffe81f03) lh      t5, -2(a6)
core   0: 3 0x800052ba (0xffe81f03) x30 0x00003b47 mem 0x8000eabe
core   0: 0x800052be (0x00009fa6) c.add   t6, s1
core   0: 3 0x800052be (0x9fa6) x31 0x00000000
core   0: 0x800052c0 (0xff980d03) lb      s10, -7(a6)
core   0: 3 0x800052c0 (0xff980d03) x26 0xffffffbf mem 0x8000eab9
core   0: 0x800052c4 (0x00f84083) lbu     ra, 15(a6)
core   0: 3 0x800052c4 (0x00f84083) x 1 0x000000ff mem 0x8000eacf
core   0: 0x800052c8 (0x018801a3) sb      s8, 3(a6)
core   0: 3 0x800052c8 (0x018801a3) mem 0x8000eac3 0x62
core   0: 0x800052cc (0x01a801a3) sb      s10, 3(a6)
core   0: 3 0x800052cc (0x01a801a3) mem 0x8000eac3 0xbf
core   0: 0x800052d0 (0x009803a3) sb      s1, 7(a6)
core   0: 3 0x800052d0 (0x009803a3) mem 0x8000eac7 0x0
core   0: 0x800052d4 (0x00184683) lbu     a3, 1(a6)
core   0: 3 0x800052d4 (0x00184683) x13 0x00000000 mem 0x8000eac1
core   0: 0x800052d8 (0xfff80903) lb      s2, -1(a6)
core   0: 3 0x800052d8 (0xfff80903) x18 0x0000003b mem 0x8000eabf
core   0: 0x800052dc (0x00183933) sltu    s2, a6, ra
core   0: 3 0x800052dc (0x00183933) x18 0x00000000
core   0: 0x800052e0 (0xff980903) lb      s2, -7(a6)
core   0: 3 0x800052e0 (0xff980903) x18 0xffffffbf mem 0x8000eab9
core   0: 0x800052e4 (0x000098fd) c.andi  s1, -1
core   0: 3 0x800052e4 (0x98fd) x 9 0x00000000
core   0: 0x800052e6 (0x00781223) sh      t2, 4(a6)
core   0: 3 0x800052e6 (0x00781223) mem 0x8000eac4 0x0001
core   0: 0x800052ea (0x00984003) lbu     zero, 9(a6)
core   0: 3 0x800052ea (0x00984003) mem 0x8000eac9
core   0: 0x800052ee (0xfeb80b23) sb      a1, -10(a6)
core   0: 3 0x800052ee (0xfeb80b23) mem 0x8000eab6 0xba
core   0: 0x800052f2 (0x00008e17) auipc   t3, 0x8
core   0: 3 0x800052f2 (0x00008e17) x28 0x8000d2f2
core   0: 0x800052f6 (0x438e0e13) addi    t3, t3, 1080
core   0: 3 0x800052f6 (0x438e0e13) x28 0x8000d72a
core   0: 0x800052fa (0xe3ce1c23) sh      t3, -456(t3)
core   0: 3 0x800052fa (0xe3ce1c23) mem 0x8000d562 0xd72a
core   0: 0x800052fe (0xb3fe0fa3) sb      t6, -1217(t3)
core   0: 3 0x800052fe (0xb3fe0fa3) mem 0x8000d269 0x0
core   0: 0x80005302 (0xa2602f93) slti    t6, zero, -1498
core   0: 3 0x80005302 (0xa2602f93) x31 0x00000000
core   0: 0x80005306 (0xee65c913) xori    s2, a1, -282
core   0: 3 0x80005306 (0xee65c913) x18 0x0c45a35c
core   0: 0x8000530a (0x4d6e0ba3) sb      s6, 1239(t3)
core   0: 3 0x8000530a (0x4d6e0ba3) mem 0x8000dc01 0xff
core   0: 0x8000530e (0x41de0983) lb      s3, 1053(t3)
core   0: 3 0x8000530e (0x41de0983) x19 0xffffff83 mem 0x8000db47
core   0: 0x80005312 (0x00000001) c.nop
core   0: 3 0x80005312 (0x0001)
core   0: 0x80005314 (0x00874a33) xor     s4, a4, s0
core   0: 3 0x80005314 (0x00874a33) x20 0xffffff62
core   0: 0x80005318 (0xf05e0603) lb      a2, -251(t3)
core   0: 3 0x80005318 (0xf05e0603) x12 0x00000001 mem 0x8000d62f
core   0: 0x8000531c (0xa02e05a3) sb      sp, -1525(t3)
core   0: 3 0x8000531c (0xa02e05a3) mem 0x8000d135 0xc
core   0: 0x80005320 (0x09ee4e83) lbu     t4, 158(t3)
core   0: 3 0x80005320 (0x09ee4e83) x29 0x00000094 mem 0x8000d7c8
core   0: 0x80005324 (0x022a2a33) mulhsu  s4, s4, sp
core   0: 3 0x80005324 (0x022a2a33) x20 0xffffffff
core   0: 0x80005328 (0x113e0a83) lb      s5, 275(t3)
core   0: 3 0x80005328 (0x113e0a83) x21 0xffffff90 mem 0x8000d83d
core   0: 0x8000532c (0xa85e0003) lb      zero, -1403(t3)
core   0: 3 0x8000532c (0xa85e0003) mem 0x8000d1af
core   0: 0x80005330 (0x405fdbb3) sra     s7, t6, t0
core   0: 3 0x80005330 (0x405fdbb3) x23 0x00000000
core   0: 0x80005334 (0x41f95c93) srai    s9, s2, 31
core   0: 3 0x80005334 (0x41f95c93) x25 0x00000000
core   0: 0x80005338 (0xe5ce0683) lb      a3, -420(t3)
core   0: 3 0x80005338 (0xe5ce0683) x13 0x00000078 mem 0x8000d586
core   0: 0x8000533c (0xd97e4783) lbu     a5, -617(t3)
core   0: 3 0x8000533c (0xd97e4783) x15 0x000000b9 mem 0x8000d4c1
core   0: 0x80005340 (0x00000001) c.nop
core   0: 3 0x80005340 (0x0001)
core   0: 0x80005342 (0x4cbe0aa3) sb      a1, 1237(t3)
core   0: 3 0x80005342 (0x4cbe0aa3) mem 0x8000dbff 0xba
core   0: 0x80005346 (0x6a5fa593) slti    a1, t6, 1701
core   0: 3 0x80005346 (0x6a5fa593) x11 0x00000001
core   0: 0x8000534a (0xabae0a03) lb      s4, -1350(t3)
core   0: 3 0x8000534a (0xabae0a03) x20 0x00000042 mem 0x8000d1e4
core   0: 0x8000534e (0xd50e4503) lbu     a0, -688(t3)
core   0: 3 0x8000534e (0xd50e4503) x10 0x00000067 mem 0x8000d47a
core   0: 0x80005352 (0x216e1823) sh      s6, 528(t3)
core   0: 3 0x80005352 (0x216e1823) mem 0x8000d93a 0xffff
core   0: 0x80005356 (0x00008729) c.srai  a4, 10
core   0: 3 0x80005356 (0x8729) x14 0x00000000
core   0: 0x80005358 (0x44be0e83) lb      t4, 1099(t3)
core   0: 3 0x80005358 (0x44be0e83) x29 0xffffff86 mem 0x8000db75
core   0: 0x8000535c (0x524e5b83) lhu     s7, 1316(t3)
core   0: 3 0x8000535c (0x524e5b83) x23 0x000002e3 mem 0x8000dc4e
core   0: 0x80005360 (0x0b8e1003) lh      zero, 184(t3)
core   0: 3 0x80005360 (0x0b8e1003) mem 0x8000d7e2
core   0: 0x80005364 (0x00008db1) c.xor   a1, a2
core   0: 3 0x80005364 (0x8db1) x11 0x00000000
core   0: 0x80005366 (0x084e2d23) sw      tp, 154(t3)
core   0: 3 0x80005366 (0x084e2d23) mem 0x8000d7c4 0x80026ce4
core   0: 0x8000536a (0xa04e4d03) lbu     s10, -1532(t3)
core   0: 3 0x8000536a (0xa04e4d03) x26 0x000000d6 mem 0x8000d12e
core   0: 0x8000536e (0x0023e633) or      a2, t2, sp
core   0: 3 0x8000536e (0x0023e633) x12 0x0000000d
core   0: 0x80005372 (0xf0de03a3) sb      a3, -249(t3)
core   0: 3 0x80005372 (0xf0de03a3) mem 0x8000d631 0x78
core   0: 0x80005376 (0x6b0e1223) sh      a6, 1700(t3)
core   0: 3 0x80005376 (0x6b0e1223) mem 0x8000ddce 0xeac0
core   0: 0x8000537a (0x5a4e1e83) lh      t4, 1444(t3)
core   0: 3 0x8000537a (0x5a4e1e83) x29 0xfffff7e6 mem 0x8000dcce
core   0: 0x8000537e (0x73be0123) sb      s11, 1826(t3)
core   0: 3 0x8000537e (0x73be0123) mem 0x8000de4c 0x0
core   0: 0x80005382 (0x4cbe4603) lbu     a2, 1227(t3)
core   0: 3 0x80005382 (0x4cbe4603) x12 0x00000019 mem 0x8000dbf5
core   0: 0x80005386 (0xe22e5b83) lhu     s7, -478(t3)
core   0: 3 0x80005386 (0xe22e5b83) x23 0x00004a21 mem 0x8000d54c
core   0: 0x8000538a (0x9a9e4303) lbu     t1, -1623(t3)
core   0: 3 0x8000538a (0x9a9e4303) x 6 0x00000010 mem 0x8000d0d3
core   0: 0x8000538e (0x00008fc1) c.or    a5, s0
core   0: 3 0x8000538e (0x8fc1) x15 0xfffffffd
core   0: 0x80005390 (0x177e0583) lb      a1, 375(t3)
core   0: 3 0x80005390 (0x177e0583) x11 0x00000044 mem 0x8000d8a1
core   0: 0x80005394 (0x114e4883) lbu     a7, 276(t3)
core   0: 3 0x80005394 (0x114e4883) x17 0x00000076 mem 0x8000d83e
core   0: 0x80005398 (0xfbfe06a3) sb      t6, -83(t3)
core   0: 3 0x80005398 (0xfbfe06a3) mem 0x8000d6d7 0x0
core   0: 0x8000539c (0x00014d97) auipc   s11, 0x14
core   0: 3 0x8000539c (0x00014d97) x27 0x8001939c
core   0: 0x800053a0 (0x92dd8d93) addi    s11, s11, -1747
core   0: 3 0x800053a0 (0x92dd8d93) x27 0x80018cc9
core   0: 0x800053a4 (0x01b8cd33) xor     s10, a7, s11
core   0: 3 0x800053a4 (0x01b8cd33) x26 0x80018cbf
core   0: 0x800053a8 (0x15bda183) lw      gp, 347(s11)
core   0: 3 0x800053a8 (0x15bda183) x 3 0x1b054a1f mem 0x80018e24
core   0: 0x800053ac (0x036179b3) remu    s3, sp, s6
core   0: 3 0x800053ac (0x036179b3) x19 0x0000000c
core   0: 0x800053b0 (0x9e7d9083) lh      ra, -1561(s11)
core   0: 3 0x800053b0 (0x9e7d9083) x 1 0xffff990c mem 0x800186b0
core   0: 0x800053b4 (0x00ff2933) slt     s2, t5, a5
core   0: 3 0x800053b4 (0x00ff2933) x18 0x00000000
core   0: 0x800053b8 (0x0247b1b3) mulhu   gp, a5, tp
core   0: 3 0x800053b8 (0x0247b1b3) x 3 0x80026ce2
core   0: 0x800053bc (0x7f5d8f23) sb      s5, 2046(s11)
core   0: 3 0x800053bc (0x7f5d8f23) mem 0x800194c7 0x90
core   0: 0x800053c0 (0x316dc483) lbu     s1, 790(s11)
core   0: 3 0x800053c0 (0x316dc483) x 9 0x0000004f mem 0x80018fdf
core   0: 0x800053c4 (0x111d8623) sb      a7, 268(s11)
core   0: 3 0x800053c4 (0x111d8623) mem 0x80018dd5 0x76
core   0: 0x800053c8 (0x918d8c03) lb      s8, -1768(s11)
core   0: 3 0x800053c8 (0x918d8c03) x24 0xffffffd5 mem 0x800185e1
core   0: 0x800053cc (0xae7d90a3) sh      t2, -1311(s11)
core   0: 3 0x800053cc (0xae7d90a3) mem 0x800187aa 0x0001
core   0: 0x800053d0 (0xfe1d85a3) sb      ra, -21(s11)
core   0: 3 0x800053d0 (0xfe1d85a3) mem 0x80018cb4 0xc
core   0: 0x800053d4 (0x00008e25) c.xor   a2, s1
core   0: 3 0x800053d4 (0x8e25) x12 0x00000056
core   0: 0x800053d6 (0x00008d05) c.sub   a0, s1
core   0: 3 0x800053d6 (0x8d05) x10 0x00000018
core   0: 0x800053d8 (0x44ad8923) sb      a0, 1106(s11)
core   0: 3 0x800053d8 (0x44ad8923) mem 0x8001911b 0x18
core   0: 0x800053dc (0x02966eb3) rem     t4, a2, s1
core   0: 3 0x800053dc (0x02966eb3) x29 0x00000007
core   0: 0x800053e0 (0x01eb9893) slli    a7, s7, 30
core   0: 3 0x800053e0 (0x01eb9893) x17 0x40000000
core   0: 0x800053e4 (0xadbdd983) lhu     s3, -1317(s11)
core   0: 3 0x800053e4 (0xadbdd983) x19 0x0000ad7c mem 0x800187a4
core   0: 0x800053e8 (0x0fda4613) xori    a2, s4, 253
core   0: 3 0x800053e8 (0x0fda4613) x12 0x000000bf
core   0: 0x800053ec (0x471dd583) lhu     a1, 1137(s11)
core   0: 3 0x800053ec (0x471dd583) x11 0x00008cfb mem 0x8001913a
core   0: 0x800053f0 (0xd655a717) auipc   a4, 0xd655a
core   0: 3 0x800053f0 (0xd655a717) x14 0x5655f3f0
core   0: 0x800053f4 (0x000084fe) c.mv    s1, t6
core   0: 3 0x800053f4 (0x84fe) x 9 0x00000000
core   0: 0x800053f6 (0x52fd8083) lb      ra, 1327(s11)
core   0: 3 0x800053f6 (0x52fd8083) x 1 0xfffffff9 mem 0x800191f8
core   0: 0x800053fa (0xc91d9903) lh      s2, -879(s11)
core   0: 3 0x800053fa (0xc91d9903) x18 0xffffe7a4 mem 0x8001895a
core   0: 0x800053fe (0x5be16c93) ori     s9, sp, 1470
core   0: 3 0x800053fe (0x5be16c93) x25 0x000005be
core   0: 0x80005402 (0x413786b3) sub     a3, a5, s3
core   0: 3 0x80005402 (0x413786b3) x13 0xffff5281
core   0: 0x80005406 (0x00d0ceb3) xor     t4, ra, a3
core   0: 3 0x80005406 (0x00d0ceb3) x29 0x0000ad78
core   0: 0x8000540a (0x00000a69) c.addi  s4, 26
core   0: 3 0x8000540a (0x0a69) x20 0x0000005c
core   0: 0x8000540c (0x02ec3733) mulhu   a4, s8, a4
core   0: 3 0x8000540c (0x02ec3733) x14 0x5655f3e1
core   0: 0x80005410 (0x00173a33) sltu    s4, a4, ra
core   0: 3 0x80005410 (0x00173a33) x20 0x00000001
core   0: 0x80005414 (0x780dcd03) lbu     s10, 1920(s11)
core   0: 3 0x80005414 (0x780dcd03) x26 0x000000c4 mem 0x80019449
core   0: 0x80005418 (0x40115a13) srai    s4, sp, 1
core   0: 3 0x80005418 (0x40115a13) x20 0x00000006
core   0: 0x8000541c (0xb4fdd003) lhu     zero, -1201(s11)
core   0: 3 0x8000541c (0xb4fdd003) mem 0x80018818
core   0: 0x80005420 (0x0ff0000f) fence   iorw,iorw
core   0: 3 0x80005420 (0x0ff0000f)
core   0: 0x80005424 (0x79fd8c23) sb      t6, 1944(s11)
core   0: 3 0x80005424 (0x79fd8c23) mem 0x80019461 0x0
core   0: 0x80005428 (0x247dac83) lw      s9, 583(s11)
core   0: 3 0x80005428 (0x247dac83) x25 0x18eaa82f mem 0x80018f10
core   0: 0x8000542c (0x00008fb9) c.xor   a5, a4
core   0: 3 0x8000542c (0x8fb9) x15 0xa9aa0c1c
core   0: 0x8000542e (0xdd9dc983) lbu     s3, -551(s11)
core   0: 3 0x8000542e (0xdd9dc983) x19 0x0000009b mem 0x80018aa2
core   0: 0x80005432 (0x101dd003) lhu     zero, 257(s11)
core   0: 3 0x80005432 (0x101dd003) mem 0x80018dca
core   0: 0x80005436 (0x948d8083) lb      ra, -1720(s11)
core   0: 3 0x80005436 (0x948d8083) x 1 0x0000002f mem 0x80018611
core   0: 0x8000543a (0x0000597d) c.li    s2, -1
core   0: 3 0x8000543a (0x597d) x18 0xffffffff
core   0: 0x8000543c (0xdead8aa3) sb      a0, -523(s11)
core   0: 3 0x8000543c (0xdead8aa3) mem 0x80018abe 0x18
core   0: 0x80005440 (0x02a25433) divu    s0, tp, a0
core   0: 3 0x80005440 (0x02a25433) x 8 0x05556f34
core   0: 0x80005444 (0x343d8883) lb      a7, 835(s11)
core   0: 3 0x80005444 (0x343d8883) x17 0xffffffad mem 0x8001900c
core   0: 0x80005448 (0x9eedc903) lbu     s2, -1554(s11)
core   0: 3 0x80005448 (0x9eedc903) x18 0x000000f9 mem 0x800186b7
core   0: 0x8000544c (0x00008617) auipc   a2, 0x8
core   0: 3 0x8000544c (0x00008617) x12 0x8000d44c
core   0: 0x80005450 (0x48b60613) addi    a2, a2, 1163
core   0: 3 0x80005450 (0x48b60613) x12 0x8000d8d7
core   0: 0x80005454 (0x02e61aa3) sh      a4, 53(a2)
core   0: 3 0x80005454 (0x02e61aa3) mem 0x8000d90c 0xf3e1
core   0: 0x80005458 (0x02e64783) lbu     a5, 46(a2)
core   0: 3 0x80005458 (0x02e64783) x15 0x000000b1 mem 0x8000d905
core   0: 0x8000545c (0xfc160e23) sb      ra, -36(a2)
core   0: 3 0x8000545c (0xfc160e23) mem 0x8000d8b3 0x2f
core   0: 0x80005460 (0x000081ed) c.srli  a1, 27
core   0: 3 0x80005460 (0x81ed) x11 0x00000000
core   0: 0x80005462 (0x01778533) add     a0, a5, s7
core   0: 3 0x80005462 (0x01778533) x10 0x00004ad2
core   0: 0x80005466 (0x01b00f33) add     t5, zero, s11
core   0: 3 0x80005466 (0x01b00f33) x30 0x80018cc9
core   0: 0x8000546a (0x00064c83) lbu     s9, 0(a2)
core   0: 3 0x8000546a (0x00064c83) x25 0x00000005 mem 0x8000d8d7
core   0: 0x8000546e (0x02364983) lbu     s3, 35(a2)
core   0: 3 0x8000546e (0x02364983) x19 0x00000012 mem 0x8000d8fa
core   0: 0x80005472 (0x00009a16) c.add   s4, t0
core   0: 3 0x80005472 (0x9a16) x20 0x80022e3a
core   0: 0x80005474 (0x00d60b03) lb      s6, 13(a2)
core   0: 3 0x80005474 (0x00d60b03) x22 0x00000041 mem 0x8000d8e4
core   0: 0x80005478 (0xfe664e03) lbu     t3, -26(a2)
core   0: 3 0x80005478 (0xfe664e03) x28 0x00000000 mem 0x8000d8bd
core   0: 0x8000547c (0xfec60083) lb      ra, -20(a2)
core   0: 3 0x8000547c (0xfec60083) x 1 0xfffffff3 mem 0x8000d8c3
core   0: 0x80005480 (0x00008ded) c.and   a1, a1
core   0: 3 0x80005480 (0x8ded) x11 0x00000000
core   0: 0x80005482 (0x00001d7d) c.addi  s10, -1
core   0: 3 0x80005482 (0x1d7d) x26 0x000000c3
core   0: 0x80005484 (0xfde610a3) sh      t5, -63(a2)
core   0: 3 0x80005484 (0xfde610a3) mem 0x8000d898 0x8cc9
core   0: 0x80005488 (0xff664583) lbu     a1, -10(a2)
core   0: 3 0x80005488 (0xff664583) x11 0x00000000 mem 0x8000d8cd
core   0: 0x8000548c (0x000096ae) c.add   a3, a1
core   0: 3 0x8000548c (0x96ae) x13 0xffff5281
core   0: 0x8000548e (0x014b1093) slli    ra, s6, 20
core   0: 3 0x8000548e (0x014b1093) x 1 0x04100000
core   0: 0x80005492 (0xfde64783) lbu     a5, -34(a2)
core   0: 3 0x80005492 (0xfde64783) x15 0x000000da mem 0x8000d8b5
core   0: 0x80005496 (0x03864f83) lbu     t6, 56(a2)
core   0: 3 0x80005496 (0x03864f83) x31 0x00000021 mem 0x8000d90f
core   0: 0x8000549a (0x01f65e03) lhu     t3, 31(a2)
core   0: 3 0x8000549a (0x01f65e03) x28 0x00002d12 mem 0x8000d8f6
core   0: 0x8000549e (0xfdf60423) sb      t6, -56(a2)
core   0: 3 0x8000549e (0xfdf60423) mem 0x8000d89f 0x21
core   0: 0x800054a2 (0x0243fab3) remu    s5, t2, tp
core   0: 3 0x800054a2 (0x0243fab3) x21 0x00000001
core   0: 0x800054a6 (0x0000691d) c.lui   s2, 0x7
core   0: 3 0x800054a6 (0x691d) x18 0x00007000
core   0: 0x800054a8 (0x036cf033) remu    zero, s9, s6
core   0: 3 0x800054a8 (0x036cf033)
core   0: 0x800054ac (0xfea64c83) lbu     s9, -22(a2)
core   0: 3 0x800054ac (0xfea64c83) x25 0x00000033 mem 0x8000d8c1
core   0: 0x800054b0 (0x01cb25b3) slt     a1, s6, t3
core   0: 3 0x800054b0 (0x01cb25b3) x11 0x00000001
core   0: 0x800054b4 (0x00360883) lb      a7, 3(a2)
core   0: 3 0x800054b4 (0x00360883) x17 0x00000000 mem 0x8000d8da
core   0: 0x800054b8 (0x00ea5893) srli    a7, s4, 14
core   0: 3 0x800054b8 (0x00ea5893) x17 0x00020008
core   0: 0x800054bc (0x00e61ca3) sh      a4, 25(a2)
core   0: 3 0x800054bc (0x00e61ca3) mem 0x8000d8f0 0xf3e1
core   0: 0x800054c0 (0x02a60703) lb      a4, 42(a2)
core   0: 3 0x800054c0 (0x02a60703) x14 0xffffffe1 mem 0x8000d901
core   0: 0x800054c4 (0x00008df9) c.and   a1, a4
core   0: 3 0x800054c4 (0x8df9) x11 0x00000001
core   0: 0x800054c6 (0x01b06eb3) or      t4, zero, s11
core   0: 3 0x800054c6 (0x01b06eb3) x29 0x80018cc9
core   0: 0x800054ca (0x00009b7d) c.andi  a4, -1
core   0: 3 0x800054ca (0x9b7d) x14 0xffffffe1
core   0: 0x800054cc (0x01c64883) lbu     a7, 28(a2)
core   0: 3 0x800054cc (0x01c64883) x17 0x000000a3 mem 0x8000d8f3
core   0: 0x800054d0 (0x0000100f) fence.i
core   0: 3 0x800054d0 (0x0000100f)
core   0: 0x800054d4 (0x03760c23) sb      s7, 56(a2)
core   0: 3 0x800054d4 (0x03760c23) mem 0x8000d90f 0x21
core   0: 0x800054d8 (0x00008ee5) c.and   a3, s1
core   0: 3 0x800054d8 (0x8ee5) x13 0x00000000
core   0: 0x800054da (0x02060703) lb      a4, 32(a2)
core   0: 3 0x800054da (0x02060703) x14 0x0000002d mem 0x8000d8f7
core   0: 0x800054de (0x03c601a3) sb      t3, 35(a2)
core   0: 3 0x800054de (0x03c601a3) mem 0x8000d8fa 0x12
core   0: 0x800054e2 (0xfc161ba3) sh      ra, -41(a2)
core   0: 3 0x800054e2 (0xfc161ba3) mem 0x8000d8ae 0x0000
core   0: 0x800054e6 (0x029915b3) mulh    a1, s2, s1
core   0: 3 0x800054e6 (0x029915b3) x11 0x00000000
core   0: 0x800054ea (0x00d62303) lw      t1, 13(a2)
core   0: 3 0x800054ea (0x00d62303) x 6 0x5bba6741 mem 0x8000d8e4
core   0: 0x800054ee (0x00000001) c.nop
core   0: 3 0x800054ee (0x0001)
core   0: 0x800054f0 (0x02c60f83) lb      t6, 44(a2)
core   0: 3 0x800054f0 (0x02c60f83) x31 0x0000006f mem 0x8000d903
core   0: 0x800054f4 (0x0200dbb3) divu    s7, ra, zero
core   0: 3 0x800054f4 (0x0200dbb3) x23 0xffffffff
core   0: 0x800054f8 (0x03e64783) lbu     a5, 62(a2)
core   0: 3 0x800054f8 (0x03e64783) x15 0x00000066 mem 0x8000d915
core   0: 0x800054fc (0x02203333) mulhu   t1, zero, sp
core   0: 3 0x800054fc (0x02203333) x 6 0x00000000
core   0: 0x80005500 (0x02061da3) sh      zero, 59(a2)
core   0: 3 0x80005500 (0x02061da3) mem 0x8000d912 0x0000
core   0: 0x80005504 (0x00008fd1) c.or    a5, a2
core   0: 3 0x80005504 (0x8fd1) x15 0x8000d8f7
core   0: 0x80005506 (0x00a60303) lb      t1, 10(a2)
core   0: 3 0x80005506 (0x00a60303) x 6 0x00000077 mem 0x8000d8e1
core   0: 0x8000550a (0x41075b13) srai    s6, a4, 16
core   0: 3 0x8000550a (0x41075b13) x22 0x00000000
core   0: 0x8000550e (0x0000100f) fence.i
core   0: 3 0x8000550e (0x0000100f)
core   0: 0x80005512 (0x015628a3) sw      s5, 17(a2)
core   0: 3 0x80005512 (0x015628a3) mem 0x8000d8e8 0x00000001
core   0: 0x80005516 (0x0000b517) auipc   a0, 0xb
core   0: 3 0x80005516 (0x0000b517) x10 0x80010516
core   0: 0x8000551a (0x4fc50513) addi    a0, a0, 1276
core   0: 3 0x8000551a (0x4fc50513) x10 0x80010a12
core   0: 0x8000551e (0x01554e83) lbu     t4, 21(a0)
core   0: 3 0x8000551e (0x01554e83) x29 0x0000003a mem 0x80010a27
core   0: 0x80005522 (0xfcb504a3) sb      a1, -55(a0)
core   0: 3 0x80005522 (0xfcb504a3) mem 0x800109db 0x0
core   0: 0x80005526 (0x01e54e03) lbu     t3, 30(a0)
core   0: 3 0x80005526 (0x01e54e03) x28 0x000000d7 mem 0x80010a30
core   0: 0x8000552a (0x01acfdb3) and     s11, s9, s10
core   0: 3 0x8000552a (0x01acfdb3) x27 0x00000003
core   0: 0x8000552e (0x01ee9913) slli    s2, t4, 30
core   0: 3 0x8000552e (0x01ee9913) x18 0x80000000
core   0: 0x80005532 (0xfe350423) sb      gp, -24(a0)
core   0: 3 0x80005532 (0xfe350423) mem 0x800109fa 0xe2
core   0: 0x80005536 (0x4103db13) srai    s6, t2, 16
core   0: 3 0x80005536 (0x4103db13) x22 0x00000000
core   0: 0x8000553a (0x01250c23) sb      s2, 24(a0)
core   0: 3 0x8000553a (0x01250c23) mem 0x80010a2a 0x0
core   0: 0x8000553e (0x00750303) lb      t1, 7(a0)
core   0: 3 0x8000553e (0x00750303) x 6 0xffffffc5 mem 0x80010a19
core   0: 0x80005542 (0x03f50983) lb      s3, 63(a0)
core   0: 3 0x80005542 (0x03f50983) x19 0xffffffd6 mem 0x80010a51
core   0: 0x80005546 (0x02b50903) lb      s2, 43(a0)
core   0: 3 0x80005546 (0x02b50903) x18 0xffffffd3 mem 0x80010a3d
core   0: 0x8000554a (0x000086e1) c.srai  a3, 24
core   0: 3 0x8000554a (0x86e1) x13 0x00000000
core   0: 0x8000554c (0x15da2013) slti    zero, s4, 349
core   0: 3 0x8000554c (0x15da2013)
core   0: 0x80005550 (0x029286b3) mul     a3, t0, s1
core   0: 3 0x80005550 (0x029286b3) x13 0x00000000
core   0: 0x80005554 (0x0000100f) fence.i
core   0: 3 0x80005554 (0x0000100f)
core   0: 0x80005558 (0x01051423) sh      a6, 8(a0)
core   0: 3 0x80005558 (0x01051423) mem 0x80010a1a 0xeac0
core   0: 0x8000555c (0x01350903) lb      s2, 19(a0)
core   0: 3 0x8000555c (0x01350903) x18 0xfffffffb mem 0x80010a25
core   0: 0x80005560 (0xff850a03) lb      s4, -8(a0)
core   0: 3 0x80005560 (0xff850a03) x20 0x00000027 mem 0x80010a0a
core   0: 0x80005564 (0x492a6793) ori     a5, s4, 1170
core   0: 3 0x80005564 (0x492a6793) x15 0x000004b7
core   0: 0x80005568 (0x01fe0433) add     s0, t3, t6
core   0: 3 0x80005568 (0x01fe0433) x 8 0x00000146
core   0: 0x8000556c (0xfeb50403) lb      s0, -21(a0)
core   0: 3 0x8000556c (0xfeb50403) x 8 0x00000001 mem 0x800109fd
core   0: 0x80005570 (0x00000001) c.nop
core   0: 3 0x80005570 (0x0001)
core   0: 0x80005572 (0x00009b1a) c.add   s6, t1
core   0: 3 0x80005572 (0x9b1a) x22 0xffffffc5
core   0: 0x80005574 (0x02455a83) lhu     s5, 36(a0)
core   0: 3 0x80005574 (0x02455a83) x21 0x00006615 mem 0x80010a36
core   0: 0x80005578 (0x037503a3) sb      s7, 39(a0)
core   0: 3 0x80005578 (0x037503a3) mem 0x80010a39 0xff
core   0: 0x8000557c (0xfca51683) lh      a3, -54(a0)
core   0: 3 0x8000557c (0xfca51683) x13 0xffffd950 mem 0x800109dc
core   0: 0x80005580 (0x00008717) auipc   a4, 0x8
core   0: 3 0x80005580 (0x00008717) x14 0x8000d580
core   0: 0x80005584 (0x61570713) addi    a4, a4, 1557
core   0: 3 0x80005584 (0x61570713) x14 0x8000db95
core   0: 0x80005588 (0x0ff0000f) fence   iorw,iorw
core   0: 3 0x80005588 (0x0ff0000f)
core   0: 0x8000558c (0x5c94f617) auipc   a2, 0x5c94f
core   0: 3 0x8000558c (0x5c94f617) x12 0xdc95458c
core   0: 0x80005590 (0x09d71783) lh      a5, 157(a4)
core   0: 3 0x80005590 (0x09d71783) x15 0xffffc411 mem 0x8000dc32
core   0: 0x80005594 (0xf5270d83) lb      s11, -174(a4)
core   0: 3 0x80005594 (0xf5270d83) x27 0xffffff8f mem 0x8000dae7
core   0: 0x80005598 (0x030b31b3) mulhu   gp, s6, a6
core   0: 3 0x80005598 (0x030b31b3) x 3 0x8000eaa2
core   0: 0x8000559c (0x02274c03) lbu     s8, 34(a4)
core   0: 3 0x8000559c (0x02274c03) x24 0x00000069 mem 0x8000dbb7
core   0: 0x800055a0 (0x03383533) mulhu   a0, a6, s3
core   0: 3 0x800055a0 (0x03383533) x10 0x8000eaaa
core   0: 0x800055a4 (0x0000835a) c.mv    t1, s6
core   0: 3 0x800055a4 (0x835a) x 6 0xffffffc5
core   0: 0x800055a6 (0xf7170f23) sb      a7, -130(a4)
core   0: 3 0x800055a6 (0xf7170f23) mem 0x8000db13 0xa3
core   0: 0x800055aa (0x03029533) mulh    a0, t0, a6
core   0: 3 0x800055aa (0x03029533) x10 0x3ffe7387
core   0: 0x800055ae (0x00008419) c.srai  s0, 6
core   0: 3 0x800055ae (0x8419) x 8 0x00000000
core   0: 0x800055b0 (0x018f8e33) add     t3, t6, s8
core   0: 3 0x800055b0 (0x018f8e33) x28 0x000000d8
core   0: 0x800055b4 (0xfa674c83) lbu     s9, -90(a4)
core   0: 3 0x800055b4 (0xfa674c83) x25 0x0000002e mem 0x8000db3b
core   0: 0x800055b8 (0x0e270303) lb      t1, 226(a4)
core   0: 3 0x800055b8 (0x0e270303) x 6 0xfffffffb mem 0x8000dc77
core   0: 0x800055bc (0xf9f704a3) sb      t6, -119(a4)
core   0: 3 0x800055bc (0xf9f704a3) mem 0x8000db1e 0x6f
core   0: 0x800055c0 (0x0db72083) lw      ra, 219(a4)
core   0: 3 0x800055c0 (0x0db72083) x 1 0xe983a6e2 mem 0x8000dc70
core   0: 0x800055c4 (0x0293d0b3) divu    ra, t2, s1
core   0: 3 0x800055c4 (0x0293d0b3) x 1 0xffffffff
core   0: 0x800055c8 (0xfef74003) lbu     zero, -17(a4)
core   0: 3 0x800055c8 (0xfef74003) mem 0x8000db84
core   0: 0x800055cc (0x08770123) sb      t2, 130(a4)
core   0: 3 0x800055cc (0x08770123) mem 0x8000dc17 0x1
core   0: 0x800055d0 (0x02c17b33) remu    s6, sp, a2
core   0: 3 0x800055d0 (0x02c17b33) x22 0x0000000c
core   0: 0x800055d4 (0x0000100f) fence.i
core   0: 3 0x800055d4 (0x0000100f)
core   0: 0x800055d8 (0x1c34ce93) xori    t4, s1, 451
core   0: 3 0x800055d8 (0x1c34ce93) x29 0x000001c3
core   0: 0x800055dc (0x0299c0b3) div     ra, s3, s1
core   0: 3 0x800055dc (0x0299c0b3) x 1 0xffffffff
core   0: 0x800055e0 (0xfae71ca3) sh      a4, -71(a4)
core   0: 3 0x800055e0 (0xfae71ca3) mem 0x8000db4e 0xdb95
core   0: 0x800055e4 (0x00000001) c.nop
core   0: 3 0x800055e4 (0x0001)
core   0: 0x800055e6 (0x000081fd) c.srli  a1, 31
core   0: 3 0x800055e6 (0x81fd) x11 0x00000000
core   0: 0x800055e8 (0xf2f72483) lw      s1, -209(a4)
core   0: 3 0x800055e8 (0xf2f72483) x 9 0xda0084ed mem 0x8000dac4
core   0: 0x800055ec (0x06e709a3) sb      a4, 115(a4)
core   0: 3 0x800055ec (0x06e709a3) mem 0x8000dc08 0x95
core   0: 0x800055f0 (0x031743b3) div     t2, a4, a7
core   0: 3 0x800055f0 (0x031743b3) x 7 0xff36f97f
core   0: 0x800055f4 (0x06c70423) sb      a2, 104(a4)
core   0: 3 0x800055f4 (0x06c70423) mem 0x8000dbfd 0x8c
core   0: 0x800055f8 (0x9c1e4437) lui     s0, 0x9c1e4
core   0: 3 0x800055f8 (0x9c1e4437) x 8 0x9c1e4000
core   0: 0x800055fc (0x0f470483) lb      s1, 244(a4)
core   0: 3 0x800055fc (0x0f470483) x 9 0xffffffc3 mem 0x8000dc89
core   0: 0x80005600 (0x0e170303) lb      t1, 225(a4)
core   0: 3 0x80005600 (0x0e170303) x 6 0x00000055 mem 0x8000dc76
core   0: 0x80005604 (0x01971083) lh      ra, 25(a4)
core   0: 3 0x80005604 (0x01971083) x 1 0x000024cd mem 0x8000dbae
core   0: 0x80005608 (0xf4470c83) lb      s9, -188(a4)
core   0: 3 0x80005608 (0xf4470c83) x25 0xffffff8c mem 0x8000dad9
core   0: 0x8000560c (0x00be2bb3) slt     s7, t3, a1
core   0: 3 0x8000560c (0x00be2bb3) x23 0x00000000
core   0: 0x80005610 (0xf0d74583) lbu     a1, -243(a4)
core   0: 3 0x80005610 (0xf0d74583) x11 0x000000fb mem 0x8000daa2
core   0: 0x80005614 (0x073713a3) sh      s3, 103(a4)
core   0: 3 0x80005614 (0x073713a3) mem 0x8000dbfc 0xffd6
core   0: 0x80005618 (0xf0470603) lb      a2, -252(a4)
core   0: 3 0x80005618 (0xf0470603) x12 0x0000001c mem 0x8000da99
core   0: 0x8000561c (0x00000fe5) c.addi  t6, 25
core   0: 3 0x8000561c (0x0fe5) x31 0x00000088
core   0: 0x8000561e (0x0380a6b3) mulhsu  a3, ra, s8
core   0: 3 0x8000561e (0x0380a6b3) x13 0x00000000
core   0: 0x80005622 (0x5d8a6e13) ori     t3, s4, 1496
core   0: 3 0x80005622 (0x5d8a6e13) x28 0x000005ff
core   0: 0x80005626 (0x06470b03) lb      s6, 100(a4)
core   0: 3 0x80005626 (0x06470b03) x22 0xffffffe1 mem 0x8000dbf9
core   0: 0x8000562a (0x8ecfeab7) lui     s5, 0x8ecfe
core   0: 3 0x8000562a (0x8ecfeab7) x21 0x8ecfe000
core   0: 0x8000562e (0x00c6bc33) sltu    s8, a3, a2
core   0: 3 0x8000562e (0x00c6bc33) x24 0x00000001
core   0: 0x80005632 (0x000083de) c.mv    t2, s7
core   0: 3 0x80005632 (0x83de) x 7 0x00000000
core   0: 0x80005634 (0x02fe65b3) rem     a1, t3, a5
core   0: 3 0x80005634 (0x02fe65b3) x11 0x000005ff
core   0: 0x80005638 (0x0fa70a23) sb      s10, 244(a4)
core   0: 3 0x80005638 (0x0fa70a23) mem 0x8000dc89 0xc3
core   0: 0x8000563c (0x01874ab3) xor     s5, a4, s8
core   0: 3 0x8000563c (0x01874ab3) x21 0x8000db94
core   0: 0x80005640 (0x031dccb3) div     s9, s11, a7
core   0: 3 0x80005640 (0x031dccb3) x25 0x00000000
core   0: 0x80005644 (0xffa70823) sb      s10, -16(a4)
core   0: 3 0x80005644 (0xffa70823) mem 0x8000db85 0xc3
core   0: 0x80005648 (0x0c970a03) lb      s4, 201(a4)
core   0: 3 0x80005648 (0x0c970a03) x20 0x00000066 mem 0x8000dc5e
core   0: 0x8000564c (0x009448b3) xor     a7, s0, s1
core   0: 3 0x8000564c (0x009448b3) x17 0x63e1bfc3
core   0: 0x80005650 (0xf8771403) lh      s0, -121(a4)
core   0: 3 0x80005650 (0xf8771403) x 8 0xffffda21 mem 0x8000db1c
core   0: 0x80005654 (0x0d474303) lbu     t1, 212(a4)
core   0: 3 0x80005654 (0x0d474303) x 6 0x00000048 mem 0x8000dc69
core   0: 0x80005658 (0x005d2333) slt     t1, s10, t0
core   0: 3 0x80005658 (0x005d2333) x 6 0x00000000
core   0: 0x8000565c (0x000087cd) c.srai  a5, 19
core   0: 3 0x8000565c (0x87cd) x15 0xffffffff
core   0: 0x8000565e (0xf7874883) lbu     a7, -136(a4)
core   0: 3 0x8000565e (0xf7874883) x17 0x000000b3 mem 0x8000db0d
core   0: 0x80005662 (0x06772e83) lw      t4, 103(a4)
core   0: 3 0x80005662 (0x06772e83) x29 0xbac4ffd6 mem 0x8000dbfc
core   0: 0x80005666 (0x00009d17) auipc   s10, 0x9
core   0: 3 0x80005666 (0x00009d17) x26 0x8000e666
core   0: 0x8000566a (0x889d0d13) addi    s10, s10, -1911
core   0: 3 0x8000566a (0x889d0d13) x26 0x8000deef
core   0: 0x8000566e (0x03557fb3) remu    t6, a0, s5
core   0: 3 0x8000566e (0x03557fb3) x31 0x3ffe7387
core   0: 0x80005672 (0xfe7d0703) lb      a4, -25(s10)
core   0: 3 0x80005672 (0xfe7d0703) x14 0x00000074 mem 0x8000ded6
core   0: 0x80005676 (0x00f9b8b3) sltu    a7, s3, a5
core   0: 3 0x80005676 (0x00f9b8b3) x17 0x00000001
core   0: 0x8000567a (0x002d4583) lbu     a1, 2(s10)
core   0: 3 0x8000567a (0x002d4583) x11 0x000000ea mem 0x8000def1
core   0: 0x8000567e (0x40b6d0b3) sra     ra, a3, a1
core   0: 3 0x8000567e (0x40b6d0b3) x 1 0x00000000
core   0: 0x80005682 (0x00000001) c.nop
core   0: 3 0x80005682 (0x0001)
core   0: 0x80005684 (0x00008f15) c.sub   a4, a3
core   0: 3 0x80005684 (0x8f15) x14 0x00000074
core   0: 0x80005686 (0x03fd15a3) sh      t6, 43(s10)
core   0: 3 0x80005686 (0x03fd15a3) mem 0x8000df1a 0x7387
core   0: 0x8000568a (0x0008edb3) or      s11, a7, zero
core   0: 3 0x8000568a (0x0008edb3) x27 0x00000001
core   0: 0x8000568e (0x01bd1083) lh      ra, 27(s10)
core   0: 3 0x8000568e (0x01bd1083) x 1 0x0000612b mem 0x8000df0a
core   0: 0x80005692 (0x015d0f23) sb      s5, 30(s10)
core   0: 3 0x80005692 (0x015d0f23) mem 0x8000df0d 0x94
core   0: 0x80005696 (0x02e104b3) mul     s1, sp, a4
core   0: 3 0x80005696 (0x02e104b3) x 9 0x00000570
core   0: 0x8000569a (0x40d0df13) srai    t5, ra, 13
core   0: 3 0x8000569a (0x40d0df13) x30 0x00000003
core   0: 0x8000569e (0xb912f693) andi    a3, t0, -1135
core   0: 3 0x8000569e (0xb912f693) x13 0x80022a10
core   0: 0x800056a2 (0xfe2d0ba3) sb      sp, -9(s10)
core   0: 3 0x800056a2 (0xfe2d0ba3) mem 0x8000dee6 0xc
core   0: 0x800056a6 (0x000009b6) c.slli  s3, 13
core   0: 3 0x800056a6 (0x09b6) x19 0xfffac000
core   0: 0x800056a8 (0x000080d5) c.srli  s1, 21
core   0: 3 0x800056a8 (0x80d5) x 9 0x00000000
core   0: 0x800056aa (0xffed4483) lbu     s1, -2(s10)
core   0: 3 0x800056aa (0xffed4483) x 9 0x0000008a mem 0x8000deed
core   0: 0x800056ae (0x00008d49) c.or    a0, a0
core   0: 3 0x800056ae (0x8d49) x10 0x3ffe7387
core   0: 0x800056b0 (0x03578a33) mul     s4, a5, s5
core   0: 3 0x800056b0 (0x03578a33) x20 0x7fff246c
core   0: 0x800056b4 (0xfd5d4383) lbu     t2, -43(s10)
core   0: 3 0x800056b4 (0xfd5d4383) x 7 0x00000091 mem 0x8000dec4
core   0: 0x800056b8 (0x02c3f9b3) remu    s3, t2, a2
core   0: 3 0x800056b8 (0x02c3f9b3) x19 0x00000005
core   0: 0x800056bc (0xfecd20a3) sw      a2, -31(s10)
core   0: 3 0x800056bc (0xfecd20a3) mem 0x8000ded0 0x0000001c
core   0: 0x800056c0 (0x00008b51) c.andi  a4, 20
core   0: 3 0x800056c0 (0x8b51) x14 0x00000014
core   0: 0x800056c2 (0x000085ed) c.srai  a1, 27
core   0: 3 0x800056c2 (0x85ed) x11 0x00000000
core   0: 0x800056c4 (0xfd6d4b03) lbu     s6, -42(s10)
core   0: 3 0x800056c4 (0xfd6d4b03) x22 0x000000bf mem 0x8000dec5
core   0: 0x800056c8 (0x00008717) auipc   a4, 0x8
core   0: 3 0x800056c8 (0x00008717) x14 0x8000d6c8
core   0: 0x800056cc (0x1a870713) addi    a4, a4, 424
core   0: 3 0x800056cc (0x1a870713) x14 0x8000d870
core   0: 0x800056d0 (0xfd9f3613) sltiu   a2, t5, -39
core   0: 3 0x800056d0 (0xfd9f3613) x12 0x00000001
core   0: 0x800056d4 (0xffe71503) lh      a0, -2(a4)
core   0: 3 0x800056d4 (0xffe71503) x10 0x00003347 mem 0x8000d86e
core   0: 0x800056d8 (0xfcb70e83) lb      t4, -53(a4)
core   0: 3 0x800056d8 (0xfcb70e83) x29 0x00000010 mem 0x8000d83b
core   0: 0x800056dc (0x412a5b13) srai    s6, s4, 18
core   0: 3 0x800056dc (0x412a5b13) x22 0x00001fff
core   0: 0x800056e0 (0x03c2b033) mulhu   zero, t0, t3
core   0: 3 0x800056e0 (0x03c2b033)
core   0: 0x800056e4 (0x0323d333) divu    t1, t2, s2
core   0: 3 0x800056e4 (0x0323d333) x 6 0x00000000
core   0: 0x800056e8 (0x00008ffd) c.and   a5, a5
core   0: 3 0x800056e8 (0x8ffd) x15 0xffffffff
core   0: 0x800056ea (0x0178dc33) srl     s8, a7, s7
core   0: 3 0x800056ea (0x0178dc33) x24 0x00000001
core   0: 0x800056ee (0xcb1275b7) lui     a1, 0xcb127
core   0: 3 0x800056ee (0xcb1275b7) x11 0xcb127000
core   0: 0x800056f2 (0x00008c15) c.sub   s0, a3
core   0: 3 0x800056f2 (0x8c15) x 8 0x7ffdb011
core   0: 0x800056f4 (0x00008ff5) c.and   a5, a3
core   0: 3 0x800056f4 (0x8ff5) x15 0x80022a10
core   0: 0x800056f6 (0xfcf70083) lb      ra, -49(a4)
core   0: 3 0x800056f6 (0xfcf70083) x 1 0x00000004 mem 0x8000d83f
core   0: 0x800056fa (0x01370a23) sb      s3, 20(a4)
core   0: 3 0x800056fa (0x01370a23) mem 0x8000d884 0x5
core   0: 0x800056fe (0x00008e76) c.mv    t3, t4
core   0: 3 0x800056fe (0x8e76) x28 0x00000010
core   0: 0x80005700 (0x005703a3) sb      t0, 7(a4)
core   0: 3 0x80005700 (0x005703a3) mem 0x8000d877 0x34
core   0: 0x80005704 (0x00774603) lbu     a2, 7(a4)
core   0: 3 0x80005704 (0x00774603) x12 0x00000034 mem 0x8000d877
core   0: 0x80005708 (0x031274b3) remu    s1, tp, a7
core   0: 3 0x80005708 (0x031274b3) x 9 0x00000000
core   0: 0x8000570c (0x00006f49) c.lui   t5, 0x12
core   0: 3 0x8000570c (0x6f49) x30 0x00012000
core   0: 0x8000570e (0x02edfc33) remu    s8, s11, a4
core   0: 3 0x8000570e (0x02edfc33) x24 0x00000001
core   0: 0x80005712 (0xc8518d13) addi    s10, gp, -891
core   0: 3 0x80005712 (0xc8518d13) x26 0x8000e727
core   0: 0x80005716 (0x00e46ab3) or      s5, s0, a4
core   0: 3 0x80005716 (0x00e46ab3) x21 0xfffdf871
core   0: 0x8000571a (0x03bf4fb3) div     t6, t5, s11
core   0: 3 0x8000571a (0x03bf4fb3) x31 0x00012000
core   0: 0x8000571e (0x01f74a03) lbu     s4, 31(a4)
core   0: 3 0x8000571e (0x01f74a03) x20 0x00000094 mem 0x8000d88f
core   0: 0x80005722 (0x00770c83) lb      s9, 7(a4)
core   0: 3 0x80005722 (0x00770c83) x25 0x00000034 mem 0x8000d877
core   0: 0x80005726 (0x00008d61) c.and   a0, s0
core   0: 3 0x80005726 (0x8d61) x10 0x00003001
core   0: 0x80005728 (0x03370903) lb      s2, 51(a4)
core   0: 3 0x80005728 (0x03370903) x18 0x00000022 mem 0x8000d8a3
core   0: 0x8000572c (0x03070023) sb      a6, 32(a4)
core   0: 3 0x8000572c (0x03070023) mem 0x8000d890 0xc0
core   0: 0x80005730 (0xfcf705a3) sb      a5, -53(a4)
core   0: 3 0x80005730 (0xfcf705a3) mem 0x8000d83b 0x10
core   0: 0x80005734 (0x00874d83) lbu     s11, 8(a4)
core   0: 3 0x80005734 (0x00874d83) x27 0x00000032 mem 0x8000d878
core   0: 0x80005738 (0x003706a3) sb      gp, 13(a4)
core   0: 3 0x80005738 (0x003706a3) mem 0x8000d87d 0xa2
core   0: 0x8000573c (0x0173e433) or      s0, t2, s7
core   0: 3 0x8000573c (0x0173e433) x 8 0x00000091
core   0: 0x80005740 (0x01870383) lb      t2, 24(a4)
core   0: 3 0x80005740 (0x01870383) x 7 0xfffffff9 mem 0x8000d888
core   0: 0x80005744 (0xfd770aa3) sb      s7, -43(a4)
core   0: 3 0x80005744 (0xfd770aa3) mem 0x8000d845 0x0
core   0: 0x80005748 (0xfe370523) sb      gp, -22(a4)
core   0: 3 0x80005748 (0xfe370523) mem 0x8000d85a 0xa2
core   0: 0x8000574c (0xfe2709a3) sb      sp, -13(a4)
core   0: 3 0x8000574c (0xfe2709a3) mem 0x8000d863 0xc
core   0: 0x80005750 (0x00000001) c.nop
core   0: 3 0x80005750 (0x0001)
core   0: 0x80005752 (0x00eebdb3) sltu    s11, t4, a4
core   0: 3 0x80005752 (0x00eebdb3) x27 0x00000001
core   0: 0x80005756 (0x019701a3) sb      s9, 3(a4)
core   0: 3 0x80005756 (0x019701a3) mem 0x8000d873 0x34
core   0: 0x8000575a (0x00000001) c.nop
core   0: 3 0x8000575a (0x0001)
core   0: 0x8000575c (0x019706a3) sb      s9, 13(a4)
core   0: 3 0x8000575c (0x019706a3) mem 0x8000d87d 0x34
core   0: 0x80005760 (0xdb96aa13) slti    s4, a3, -583
core   0: 3 0x80005760 (0xdb96aa13) x20 0x00000001
core   0: 0x80005764 (0x0000df08) c.sw    a0, 56(a4)
core   0: 3 0x80005764 (0xdf08) mem 0x8000d8a8 0x00003001
core   0: 0x80005766 (0x03874b03) lbu     s6, 56(a4)
core   0: 3 0x80005766 (0x03874b03) x22 0x00000001 mem 0x8000d8a8
core   0: 0x8000576a (0x01671123) sh      s6, 2(a4)
core   0: 3 0x8000576a (0x01671123) mem 0x8000d872 0x0001
core   0: 0x8000576e (0x00f13733) sltu    a4, sp, a5
core   0: 3 0x8000576e (0x00f13733) x14 0x00000001
core   0: 0x80005772 (0xbc8d39b7) lui     s3, 0xbc8d3
core   0: 3 0x80005772 (0xbc8d39b7) x19 0xbc8d3000
core   0: 0x80005776 (0x018f4933) xor     s2, t5, s8
core   0: 3 0x80005776 (0x018f4933) x18 0x00012001
core   0: 0x8000577a (0x41ef0e33) sub     t3, t5, t5
core   0: 3 0x8000577a (0x41ef0e33) x28 0x00000000
core   0: 0x8000577e (0x27fa7e93) andi    t4, s4, 639
core   0: 3 0x8000577e (0x27fa7e93) x29 0x00000001
core   0: 0x80005782 (0x40cf8d33) sub     s10, t6, a2
core   0: 3 0x80005782 (0x40cf8d33) x26 0x00011fcc
core   0: 0x80005786 (0x99a2f993) andi    s3, t0, -1638
core   0: 3 0x80005786 (0x99a2f993) x19 0x80022810
core   0: 0x8000578a (0x00008e09) c.sub   a2, a0
core   0: 3 0x8000578a (0x8e09) x12 0xffffd033
core   0: 0x8000578c (0x03f76a63) bltu    a4, t6, pc + 52
core   0: 3 0x8000578c (0x03f76a63)
core   0: 0x800057c0 (0x0000e389) c.bnez  a5, pc + 2
core   0: 3 0x800057c0 (0xe389)
core   0: 0x800057c2 (0x0000ed1d) c.bnez  a0, pc + 62
core   0: 3 0x800057c2 (0xed1d)
core   0: 0x80005800 (0x0ff0000f) fence   iorw,iorw
core   0: 3 0x80005800 (0x0ff0000f)
core   0: 0x80005804 (0x0ff0000f) fence   iorw,iorw
core   0: 3 0x80005804 (0x0ff0000f)
core   0: 0x80005808 (0x5977e093) ori     ra, a5, 1431
core   0: 3 0x80005808 (0x5977e093) x 1 0x80022f97
core   0: 0x8000580c (0x00008dde) c.mv    s11, s7
core   0: 3 0x8000580c (0x8dde) x27 0x00000000
core   0: 0x8000580e (0x03309163) bne     ra, s3, pc + 34
core   0: 3 0x8000580e (0x03309163)
core   0: 0x80005830 (0x40350f33) sub     t5, a0, gp
core   0: 3 0x80005830 (0x40350f33) x30 0x7fff455f
core   0: 0x80005834 (0x01e3f463) bgeu    t2, t5, pc + 8
core   0: 3 0x80005834 (0x01e3f463)
core   0: 0x8000583c (0x00008661) c.srai  a2, 24
core   0: 3 0x8000583c (0x8661) x12 0xffffffff
core   0: 0x8000583e (0x10510593) addi    a1, sp, 261
core   0: 3 0x8000583e (0x10510593) x11 0x00000111
core   0: 0x80005842 (0xef403793) sltiu   a5, zero, -268
core   0: 3 0x80005842 (0xef403793) x15 0x00000001
core   0: 0x80005846 (0x00004b09) c.li    s6, 2
core   0: 3 0x80005846 (0x4b09) x22 0x00000002
core   0: 0x80005848 (0x40125313) srai    t1, tp, 1
core   0: 3 0x80005848 (0x40125313) x 6 0xc0013672
core   0: 0x8000584c (0x00008b1e) c.mv    s6, t2
core   0: 3 0x8000584c (0x8b1e) x22 0xfffffff9
core   0: 0x8000584e (0x00de14b3) sll     s1, t3, a3
core   0: 3 0x8000584e (0x00de14b3) x 9 0x00000000
core   0: 0x80005852 (0x0000861d) c.srai  a2, 7
core   0: 3 0x80005852 (0x861d) x12 0xffffffff
core   0: 0x80005854 (0x00316463) bltu    sp, gp, pc + 8
core   0: 3 0x80005854 (0x00316463)
core   0: 0x8000585c (0x0000058a) c.slli  a1, 2
core   0: 3 0x8000585c (0x058a) x11 0x00000444
core   0: 0x8000585e (0x82d50513) addi    a0, a0, -2003
core   0: 3 0x8000585e (0x82d50513) x10 0x0000282e
core   0: 0x80005862 (0x03ad5c63) bge     s10, s10, pc + 56
core   0: 3 0x80005862 (0x03ad5c63)
core   0: 0x8000589a (0x00009afd) c.andi  a3, -1
core   0: 3 0x8000589a (0x9afd) x13 0x80022a10
core   0: 0x8000589c (0x00c7dfb3) srl     t6, a5, a2
core   0: 3 0x8000589c (0x00c7dfb3) x31 0x00000000
core   0: 0x800058a0 (0x00008e41) c.or    a2, s0
core   0: 3 0x800058a0 (0x8e41) x12 0xffffffff
core   0: 0x800058a2 (0x015e5f63) bge     t3, s5, pc + 30
core   0: 3 0x800058a2 (0x015e5f63)
core   0: 0x800058c0 (0x00008ef5) c.and   a3, a3
core   0: 3 0x800058c0 (0x8ef5) x13 0x80022a10
core   0: 0x800058c2 (0x000087cd) c.srai  a5, 19
core   0: 3 0x800058c2 (0x87cd) x15 0x00000000
core   0: 0x800058c4 (0x00008dc5) c.or    a1, s1
core   0: 3 0x800058c4 (0x8dc5) x11 0x00000444
core   0: 0x800058c6 (0x963aec93) ori     s9, s5, -1693
core   0: 3 0x800058c6 (0x963aec93) x25 0xfffff973
core   0: 0x800058ca (0x0000cb09) c.beqz  a4, pc + 18
core   0: 3 0x800058ca (0xcb09)
core   0: 0x800058cc (0x57cca313) slti    t1, s9, 1404
core   0: 3 0x800058cc (0x57cca313) x 6 0x00000001
core   0: 0x800058d0 (0x020bbf33) mulhu   t5, s7, zero
core   0: 3 0x800058d0 (0x020bbf33) x30 0x00000000
core   0: 0x800058d4 (0x01dabeb3) sltu    t4, s5, t4
core   0: 3 0x800058d4 (0x01dabeb3) x29 0x00000000
core   0: 0x800058d8 (0x0ff0000f) fence   iorw,iorw
core   0: 3 0x800058d8 (0x0ff0000f)
core   0: 0x800058dc (0x00691d63) bne     s2, t1, pc + 26
core   0: 3 0x800058dc (0x00691d63)
core   0: 0x800058f6 (0x02e19f63) bne     gp, a4, pc + 62
core   0: 3 0x800058f6 (0x02e19f63)
core   0: 0x80005934 (0x00000df1) c.addi  s11, 28
core   0: 3 0x80005934 (0x0df1) x27 0x0000001c
core   0: 0x80005936 (0x02f49ab3) mulh    s5, s1, a5
core   0: 3 0x80005936 (0x02f49ab3) x21 0x00000000
core   0: 0x8000593a (0x0000100f) fence.i
core   0: 3 0x8000593a (0x0000100f)
core   0: 0x8000593e (0x40b609b3) sub     s3, a2, a1
core   0: 3 0x8000593e (0x40b609b3) x19 0xfffffbbb
core   0: 0x80005942 (0x3323ab93) slti    s7, t2, 818
core   0: 3 0x80005942 (0x3323ab93) x23 0x00000001
core   0: 0x80005946 (0x00b297b3) sll     a5, t0, a1
core   0: 3 0x80005946 (0x00b297b3) x15 0x0022e340
core   0: 0x8000594a (0x00004bdd) c.li    s7, 23
core   0: 3 0x8000594a (0x4bdd) x23 0x00000017
core   0: 0x8000594c (0x0318d9b3) divu    s3, a7, a7
core   0: 3 0x8000594c (0x0318d9b3) x19 0x00000001
core   0: 0x80005950 (0x01812d33) slt     s10, sp, s8
core   0: 3 0x80005950 (0x01812d33) x26 0x00000000
core   0: 0x80005954 (0x000085fa) c.mv    a1, t5
core   0: 3 0x80005954 (0x85fa) x11 0x00000000
core   0: 0x80005956 (0xb1d57813) andi    a6, a0, -1251
core   0: 3 0x80005956 (0xb1d57813) x16 0x0000280c
core   0: 0x8000595a (0x0020fc63) bgeu    ra, sp, pc + 24
core   0: 3 0x8000595a (0x0020fc63)
core   0: 0x80005972 (0x88a5b513) sltiu   a0, a1, -1910
core   0: 3 0x80005972 (0x88a5b513) x10 0x00000001
core   0: 0x80005976 (0x00000001) c.nop
core   0: 3 0x80005976 (0x0001)
core   0: 0x80005978 (0x0000c889) c.beqz  s1, pc + 18
core   0: 3 0x80005978 (0xc889)
core   0: 0x8000598a (0x52fd4f17) auipc   t5, 0x52fd4
core   0: 3 0x8000598a (0x52fd4f17) x30 0xd2fd998a
core   0: 0x8000598e (0x0000100f) fence.i
core   0: 3 0x8000598e (0x0000100f)
core   0: 0x80005992 (0x00000001) c.nop
core   0: 3 0x80005992 (0x0001)
core   0: 0x80005994 (0x01ea1013) slli    zero, s4, 30
core   0: 3 0x80005994 (0x01ea1013)
core   0: 0x80005998 (0x00849b33) sll     s6, s1, s0
core   0: 3 0x80005998 (0x00849b33) x22 0x00000000
core   0: 0x8000599c (0x00009852) c.add   a6, s4
core   0: 3 0x8000599c (0x9852) x16 0x0000280d
core   0: 0x8000599e (0x030d63b3) rem     t2, s10, a6
core   0: 3 0x8000599e (0x030d63b3) x 7 0x00000000
core   0: 0x800059a2 (0x0000ce81) c.beqz  a3, pc + 24
core   0: 3 0x800059a2 (0xce81)
core   0: 0x800059a4 (0x00008d41) c.or    a0, s0
core   0: 3 0x800059a4 (0x8d41) x10 0x00000091
core   0: 0x800059a6 (0x41f20e33) sub     t3, tp, t6
core   0: 3 0x800059a6 (0x41f20e33) x28 0x80026ce4
core   0: 0x800059aa (0x000099fd) c.andi  a1, -1
core   0: 3 0x800059aa (0x99fd) x11 0x00000000
core   0: 0x800059ac (0x00000001) c.nop
core   0: 3 0x800059ac (0x0001)
core   0: 0x800059ae (0x02ae31b3) mulhu   gp, t3, a0
core   0: 3 0x800059ae (0x02ae31b3) x 3 0x00000048
core   0: 0x800059b2 (0x01312d33) slt     s10, sp, s3
core   0: 3 0x800059b2 (0x01312d33) x26 0x00000000
core   0: 0x800059b6 (0x01999a63) bne     s3, s9, pc + 20
core   0: 3 0x800059b6 (0x01999a63)
core   0: 0x800059ca (0x01dfc863) blt     t6, t4, pc + 16
core   0: 3 0x800059ca (0x01dfc863)
core   0: 0x800059ce (0x000081c9) c.srli  a1, 18
core   0: 3 0x800059ce (0x81c9) x11 0x00000000
core   0: 0x800059d0 (0x6af7ae13) slti    t3, a5, 1711
core   0: 3 0x800059d0 (0x6af7ae13) x28 0x00000000
core   0: 0x800059d4 (0x4034dc33) sra     s8, s1, gp
core   0: 3 0x800059d4 (0x4034dc33) x24 0x00000000
core   0: 0x800059d8 (0x00008d41) c.or    a0, s0
core   0: 3 0x800059d8 (0x8d41) x10 0x00000091
core   0: 0x800059da (0x88cc0813) addi    a6, s8, -1908
core   0: 3 0x800059da (0x88cc0813) x16 0xfffff88c
core   0: 0x800059de (0x00484ab3) xor     s5, a6, tp
core   0: 3 0x800059de (0x00484ab3) x21 0x7ffd9468
core   0: 0x800059e2 (0x02ab26b3) mulhsu  a3, s6, a0
core   0: 3 0x800059e2 (0x02ab26b3) x13 0x00000000
core   0: 0x800059e6 (0x00006379) c.lui   t1, 0x1e
core   0: 3 0x800059e6 (0x6379) x 6 0x0001e000
core   0: 0x800059e8 (0x00db41b3) xor     gp, s6, a3
core   0: 3 0x800059e8 (0x00db41b3) x 3 0x00000000
core   0: 0x800059ec (0x0239c033) div     zero, s3, gp
core   0: 3 0x800059ec (0x0239c033)
core   0: 0x800059f0 (0x40815713) srai    a4, sp, 8
core   0: 3 0x800059f0 (0x40815713) x14 0x00000000
core   0: 0x800059f4 (0x014e5e33) srl     t3, t3, s4
core   0: 3 0x800059f4 (0x014e5e33) x28 0x00000000
core   0: 0x800059f8 (0x00d2e663) bltu    t0, a3, pc + 12
core   0: 3 0x800059f8 (0x00d2e663)
core   0: 0x800059fc (0x00260263) beq     a2, sp, pc + 4
core   0: 3 0x800059fc (0x00260263)
core   0: 0x80005a00 (0x0413ee13) ori     t3, t2, 65
core   0: 3 0x80005a00 (0x0413ee13) x28 0x00000041
core   0: 0x80005a04 (0x01200333) add     t1, zero, s2
core   0: 3 0x80005a04 (0x01200333) x 6 0x00012001
core   0: 0x80005a08 (0x404b5533) sra     a0, s6, tp
core   0: 3 0x80005a08 (0x404b5533) x10 0x00000000
core   0: 0x80005a0c (0x00006ec9) c.lui   t4, 0x12
core   0: 3 0x80005a0c (0x6ec9) x29 0x00012000
core   0: 0x80005a0e (0x004c0a63) beq     s8, tp, pc + 20
core   0: 3 0x80005a0e (0x004c0a63)
core   0: 0x80005a12 (0x0000e899) c.bnez  s1, pc + 22
core   0: 3 0x80005a12 (0xe899)
core   0: 0x80005a14 (0xe5d2e793) ori     a5, t0, -419
core   0: 3 0x80005a14 (0xe5d2e793) x15 0xfffffe7d
core   0: 0x80005a18 (0x039c2f33) mulhsu  t5, s8, s9
core   0: 3 0x80005a18 (0x039c2f33) x30 0x00000000
core   0: 0x80005a1c (0x00009d56) c.add   s10, s5
core   0: 3 0x80005a1c (0x9d56) x26 0x7ffd9468
core   0: 0x80005a1e (0xbf762613) slti    a2, a2, -1033
core   0: 3 0x80005a1e (0xbf762613) x12 0x00000000
core   0: 0x80005a22 (0x02fb0c33) mul     s8, s6, a5
core   0: 3 0x80005a22 (0x02fb0c33) x24 0x00000000
core   0: 0x80005a26 (0x0000819d) c.srli  a1, 7
core   0: 3 0x80005a26 (0x819d) x11 0x00000000
core   0: 0x80005a28 (0x00dace63) blt     s5, a3, pc + 28
core   0: 3 0x80005a28 (0x00dace63)
core   0: 0x80005a2c (0x010d3e33) sltu    t3, s10, a6
core   0: 3 0x80005a2c (0x010d3e33) x28 0x00000001
core   0: 0x80005a30 (0x028b6db3) rem     s11, s6, s0
core   0: 3 0x80005a30 (0x028b6db3) x27 0x00000000
core   0: 0x80005a34 (0x0537f263) bgeu    a5, s3, pc + 68
core   0: 3 0x80005a34 (0x0537f263)
core   0: 0x80005a78 (0x0ff0000f) fence   iorw,iorw
core   0: 3 0x80005a78 (0x0ff0000f)
core   0: 0x80005a7c (0x00b637b3) sltu    a5, a2, a1
core   0: 3 0x80005a7c (0x00b637b3) x15 0x00000000
core   0: 0x80005a80 (0x00000726) c.slli  a4, 9
core   0: 3 0x80005a80 (0x0726) x14 0x00000000
core   0: 0x80005a82 (0x00008efd) c.and   a3, a5
core   0: 3 0x80005a82 (0x8efd) x13 0x00000000
core   0: 0x80005a84 (0xabf8fa93) andi    s5, a7, -1345
core   0: 3 0x80005a84 (0xabf8fa93) x21 0x00000001
core   0: 0x80005a88 (0x000081ed) c.srli  a1, 27
core   0: 3 0x80005a88 (0x81ed) x11 0x00000000
core   0: 0x80005a8a (0x0026d833) srl     a6, a3, sp
core   0: 3 0x80005a8a (0x0026d833) x16 0x00000000
core   0: 0x80005a8e (0x83fbca93) xori    s5, s7, -1985
core   0: 3 0x80005a8e (0x83fbca93) x21 0xfffff828
core   0: 0x80005a92 (0x0ff0000f) fence   iorw,iorw
core   0: 3 0x80005a92 (0x0ff0000f)
core   0: 0x80005a96 (0x01560663) beq     a2, s5, pc + 12
core   0: 3 0x80005a96 (0x01560663)
core   0: 0x80005a9a (0x022e7563) bgeu    t3, sp, pc + 42
core   0: 3 0x80005a9a (0x022e7563)
core   0: 0x80005a9e (0x03d75633) divu    a2, a4, t4
core   0: 3 0x80005a9e (0x03d75633) x12 0x00000000
core   0: 0x80005aa2 (0x0000086a) c.slli  a6, 26
core   0: 3 0x80005aa2 (0x086a) x16 0x00000000
core   0: 0x80005aa4 (0x000095f6) c.add   a1, t4
core   0: 3 0x80005aa4 (0x95f6) x11 0x00012000
core   0: 0x80005aa6 (0x02389333) mulh    t1, a7, gp
core   0: 3 0x80005aa6 (0x02389333) x 6 0x00000000
core   0: 0x80005aaa (0x00000001) c.nop
core   0: 3 0x80005aaa (0x0001)
core   0: 0x80005aac (0x00f2dc33) srl     s8, t0, a5
core   0: 3 0x80005aac (0x00f2dc33) x24 0x80022e34
core   0: 0x80005ab0 (0x000008e1) c.addi  a7, 24
core   0: 3 0x80005ab0 (0x08e1) x17 0x00000019
core   0: 0x80005ab2 (0x74844e13) xori    t3, s0, 1864
core   0: 3 0x80005ab2 (0x74844e13) x28 0x000007d9
core   0: 0x80005ab6 (0x029cd5b3) divu    a1, s9, s1
core   0: 3 0x80005ab6 (0x029cd5b3) x11 0xffffffff
core   0: 0x80005aba (0x0000100f) fence.i
core   0: 3 0x80005aba (0x0000100f)
core   0: 0x80005abe (0x577eae37) lui     t3, 0x577ea
core   0: 3 0x80005abe (0x577eae37) x28 0x577ea000
core   0: 0x80005ac2 (0x00008fc1) c.or    a5, s0
core   0: 3 0x80005ac2 (0x8fc1) x15 0x00000091
core   0: 0x80005ac4 (0x00001cfd) c.addi  s9, -1
core   0: 3 0x80005ac4 (0x1cfd) x25 0xfffff972
core   0: 0x80005ac6 (0x039325b3) mulhsu  a1, t1, s9
core   0: 3 0x80005ac6 (0x039325b3) x11 0x00000000
core   0: 0x80005aca (0x00008ec1) c.or    a3, s0
core   0: 3 0x80005aca (0x8ec1) x13 0x00000091
core   0: 0x80005acc (0x00008fe9) c.and   a5, a0
core   0: 3 0x80005acc (0x8fe9) x15 0x00000000
core   0: 0x80005ace (0x007be5b3) or      a1, s7, t2
core   0: 3 0x80005ace (0x007be5b3) x11 0x00000017
core   0: 0x80005ad2 (0x012a5033) srl     zero, s4, s2
core   0: 3 0x80005ad2 (0x012a5033)
core   0: 0x80005ad6 (0x00008d39) c.xor   a0, a4
core   0: 3 0x80005ad6 (0x8d39) x10 0x00000000
core   0: 0x80005ad8 (0xe4cc3a17) auipc   s4, 0xe4cc3
core   0: 3 0x80005ad8 (0xe4cc3a17) x20 0x64cc8ad8
core   0: 0x80005adc (0x00d31413) slli    s0, t1, 13
core   0: 3 0x80005adc (0x00d31413) x 8 0x00000000
core   0: 0x80005ae0 (0x0292d0b3) divu    ra, t0, s1
core   0: 3 0x80005ae0 (0x0292d0b3) x 1 0xffffffff
core   0: 0x80005ae4 (0x010930b3) sltu    ra, s2, a6
core   0: 3 0x80005ae4 (0x010930b3) x 1 0x00000000
core   0: 0x80005ae8 (0x00004f85) c.li    t6, 1
core   0: 3 0x80005ae8 (0x4f85) x31 0x00000001
core   0: 0x80005aea (0x00000001) c.nop
core   0: 3 0x80005aea (0x0001)
core   0: 0x80005aec (0x418b08b3) sub     a7, s6, s8
core   0: 3 0x80005aec (0x418b08b3) x17 0x7ffdd1cc
core   0: 0x80005af0 (0x00ec1593) slli    a1, s8, 14
core   0: 3 0x80005af0 (0x00ec1593) x11 0x8b8d0000
core   0: 0x80005af4 (0x62f40013) addi    zero, s0, 1583
core   0: 3 0x80005af4 (0x62f40013)
core   0: 0x80005af8 (0x011d4463) blt     s10, a7, pc + 8
core   0: 3 0x80005af8 (0x011d4463)
core   0: 0x80005b00 (0x02d547b3) div     a5, a0, a3
core   0: 3 0x80005b00 (0x02d547b3) x15 0x00000000
core   0: 0x80005b04 (0x02fa4363) blt     s4, a5, pc + 38
core   0: 3 0x80005b04 (0x02fa4363)
core   0: 0x80005b08 (0x03197d63) bgeu    s2, a7, pc + 58
core   0: 3 0x80005b08 (0x03197d63)
core   0: 0x80005b0c (0x01f36963) bltu    t1, t6, pc + 18
core   0: 3 0x80005b0c (0x01f36963)
core   0: 0x80005b1e (0x00004cf9) c.li    s9, 30
core   0: 3 0x80005b1e (0x4cf9) x25 0x0000001e
core   0: 0x80005b20 (0x047a6063) bltu    s4, t2, pc + 64
core   0: 3 0x80005b20 (0x047a6063)
core   0: 0x80005b24 (0x00008bfe) c.mv    s7, t6
core   0: 3 0x80005b24 (0x8bfe) x23 0x00000001
core   0: 0x80005b26 (0x411bc793) xori    a5, s7, 1041
core   0: 3 0x80005b26 (0x411bc793) x15 0x00000410
core   0: 0x80005b2a (0x6d7ff313) andi    t1, t6, 1751
core   0: 3 0x80005b2a (0x6d7ff313) x 6 0x00000001
core   0: 0x80005b2e (0x00008de5) c.and   a1, s1
core   0: 3 0x80005b2e (0x8de5) x11 0x00000000
core   0: 0x80005b30 (0x7d2f05b7) lui     a1, 0x7d2f0
core   0: 3 0x80005b30 (0x7d2f05b7) x11 0x7d2f0000
core   0: 0x80005b34 (0x00006f09) c.lui   t5, 0x2
core   0: 3 0x80005b34 (0x6f09) x30 0x00002000
core   0: 0x80005b36 (0x00000001) c.nop
core   0: 3 0x80005b36 (0x0001)
core   0: 0x80005b38 (0x00269a33) sll     s4, a3, sp
core   0: 3 0x80005b38 (0x00269a33) x20 0x00091000
core   0: 0x80005b3c (0x00006a5d) c.lui   s4, 0x17
core   0: 3 0x80005b3c (0x6a5d) x20 0x00017000
core   0: 0x80005b3e (0x001c38b3) sltu    a7, s8, ra
core   0: 3 0x80005b3e (0x001c38b3) x17 0x00000000
core   0: 0x80005b42 (0x40115d33) sra     s10, sp, ra
core   0: 3 0x80005b42 (0x40115d33) x26 0x0000000c
core   0: 0x80005b46 (0x00008269) c.srli  a2, 26
core   0: 3 0x80005b46 (0x8269) x12 0x00000000
core   0: 0x80005b48 (0x33737193) andi    gp, t1, 823
core   0: 3 0x80005b48 (0x33737193) x 3 0x00000001
core   0: 0x80005b4c (0x029cfbb3) remu    s7, s9, s1
core   0: 3 0x80005b4c (0x029cfbb3) x23 0x0000001e
core   0: 0x80005b50 (0xe6347e13) andi    t3, s0, -413
core   0: 3 0x80005b50 (0xe6347e13) x28 0x00000000
core   0: 0x80005b54 (0x01893d33) sltu    s10, s2, s8
core   0: 3 0x80005b54 (0x01893d33) x26 0x00000001
core   0: 0x80005b58 (0x01899c13) slli    s8, s3, 24
core   0: 3 0x80005b58 (0x01899c13) x24 0x01000000
core   0: 0x80005b5c (0x4aae8013) addi    zero, t4, 1194
core   0: 3 0x80005b5c (0x4aae8013)
core   0: 0x80005b60 (0x5340fe13) andi    t3, ra, 1332
core   0: 3 0x80005b60 (0x5340fe13) x28 0x00000000
core   0: 0x80005b64 (0x02a835b3) mulhu   a1, a6, a0
core   0: 3 0x80005b64 (0x02a835b3) x11 0x00000000
core   0: 0x80005b68 (0x0036a0b3) slt     ra, a3, gp
core   0: 3 0x80005b68 (0x0036a0b3) x 1 0x00000000
core   0: 0x80005b6c (0x007c41b3) xor     gp, s8, t2
core   0: 3 0x80005b6c (0x007c41b3) x 3 0x01000000
core   0: 0x80005b70 (0x00008725) c.srai  a4, 9
core   0: 3 0x80005b70 (0x8725) x14 0x00000000
core   0: 0x80005b72 (0x015e7e33) and     t3, t3, s5
core   0: 3 0x80005b72 (0x015e7e33) x28 0x00000000
core   0: 0x80005b76 (0x025eae33) mulhsu  t3, t4, t0
core   0: 3 0x80005b76 (0x025eae33) x28 0x00009002
core   0: 0x80005b7a (0xdd128593) addi    a1, t0, -559
core   0: 3 0x80005b7a (0xdd128593) x11 0x80022c05
core   0: 0x80005b7e (0x00f95493) srli    s1, s2, 15
core   0: 3 0x80005b7e (0x00f95493) x 9 0x00000002
core   0: 0x80005b82 (0x032359b3) divu    s3, t1, s2
core   0: 3 0x80005b82 (0x032359b3) x19 0x00000000
core   0: 0x80005b86 (0x01c6cab3) xor     s5, a3, t3
core   0: 3 0x80005b86 (0x01c6cab3) x21 0x00009093
core   0: 0x80005b8a (0x002e54b3) srl     s1, t3, sp
core   0: 3 0x80005b8a (0x002e54b3) x 9 0x00000009
core   0: 0x80005b8e (0x02046663) bltu    s0, zero, pc + 44
core   0: 3 0x80005b8e (0x02046663)
core   0: 0x80005b92 (0x0141feb3) and     t4, gp, s4
core   0: 3 0x80005b92 (0x0141feb3) x29 0x00000000
core   0: 0x80005b96 (0x00008ee5) c.and   a3, s1
core   0: 3 0x80005b96 (0x8ee5) x13 0x00000001
core   0: 0x80005b98 (0x00008b42) c.mv    s6, a6
core   0: 3 0x80005b98 (0x8b42) x22 0x00000000
core   0: 0x80005b9a (0x00008b91) c.andi  a5, 4
core   0: 3 0x80005b9a (0x8b91) x15 0x00000000
core   0: 0x80005b9c (0x40c65b33) sra     s6, a2, a2
core   0: 3 0x80005b9c (0x40c65b33) x22 0x00000000
core   0: 0x80005ba0 (0xc20690b7) lui     ra, 0xc2069
core   0: 3 0x80005ba0 (0xc20690b7) x 1 0xc2069000
core   0: 0x80005ba4 (0x01a18433) add     s0, gp, s10
core   0: 3 0x80005ba4 (0x01a18433) x 8 0x01000001
core   0: 0x80005ba8 (0x408d5c93) srai    s9, s10, 8
core   0: 3 0x80005ba8 (0x408d5c93) x25 0x00000000
core   0: 0x80005bac (0x0000cc89) c.beqz  s1, pc + 26
core   0: 3 0x80005bac (0xcc89)
core   0: 0x80005bae (0x01248d63) beq     s1, s2, pc + 26
core   0: 3 0x80005bae (0x01248d63)
core   0: 0x80005bb2 (0x02deea63) bltu    t4, a3, pc + 52
core   0: 3 0x80005bb2 (0x02deea63)
core   0: 0x80005be6 (0x013ec963) blt     t4, s3, pc + 18
core   0: 3 0x80005be6 (0x013ec963)
core   0: 0x80005bea (0x0000147d) c.addi  s0, -1
core   0: 3 0x80005bea (0x147d) x 8 0x01000000
core   0: 0x80005bec (0x40f7d333) sra     t1, a5, a5
core   0: 3 0x80005bec (0x40f7d333) x 6 0x00000000
core   0: 0x80005bf0 (0x03e18663) beq     gp, t5, pc + 44
core   0: 3 0x80005bf0 (0x03e18663)
core   0: 0x80005bf4 (0x00f99f13) slli    t5, s3, 15
core   0: 3 0x80005bf4 (0x00f99f13) x30 0x00000000
core   0: 0x80005bf8 (0x7c616013) ori     zero, sp, 1990
core   0: 3 0x80005bf8 (0x7c616013)
core   0: 0x80005bfc (0x01395813) srli    a6, s2, 19
core   0: 3 0x80005bfc (0x01395813) x16 0x00000000
core   0: 0x80005c00 (0xd172fb13) andi    s6, t0, -745
core   0: 3 0x80005c00 (0xd172fb13) x22 0x80022c14
core   0: 0x80005c04 (0x00008c89) c.sub   s1, a0
core   0: 3 0x80005c04 (0x8c89) x 9 0x00000009
core   0: 0x80005c06 (0x94d3e493) ori     s1, t2, -1715
core   0: 3 0x80005c06 (0x94d3e493) x 9 0xfffff94d
core   0: 0x80005c0a (0x00000001) c.nop
core   0: 3 0x80005c0a (0x0001)
core   0: 0x80005c0c (0x00004ac5) c.li    s5, 17
core   0: 3 0x80005c0c (0x4ac5) x21 0x00000011
core   0: 0x80005c0e (0xa188e693) ori     a3, a7, -1512
core   0: 3 0x80005c0e (0xa188e693) x13 0xfffffa18
core   0: 0x80005c12 (0x0000c40d) c.beqz  s0, pc + 42
core   0: 3 0x80005c12 (0xc40d)
core   0: 0x80005c14 (0x02e2d563) bge     t0, a4, pc + 42
core   0: 3 0x80005c14 (0x02e2d563)
core   0: 0x80005c18 (0x00008cc5) c.or    s1, s1
core   0: 3 0x80005c18 (0x8cc5) x 9 0xfffff94d
core   0: 0x80005c1a (0x00000001) c.nop
core   0: 3 0x80005c1a (0x0001)
core   0: 0x80005c1c (0x82c26193) ori     gp, tp, -2004
core   0: 3 0x80005c1c (0x82c26193) x 3 0xfffffcec
core   0: 0x80005c20 (0x0097e263) bltu    a5, s1, pc + 4
core   0: 3 0x80005c20 (0x0097e263)
core   0: 0x80005c24 (0x17983013) sltiu   zero, a6, 377
core   0: 3 0x80005c24 (0x17983013)
core   0: 0x80005c28 (0x036dda63) bge     s11, s6, pc + 52
core   0: 3 0x80005c28 (0x036dda63)
core   0: 0x80005c5c (0x02f22e33) mulhsu  t3, tp, a5
core   0: 3 0x80005c5c (0x02f22e33) x28 0x00000000
core   0: 0x80005c60 (0x0000098e) c.slli  s3, 3
core   0: 3 0x80005c60 (0x098e) x19 0x00000000
core   0: 0x80005c62 (0x018be633) or      a2, s7, s8
core   0: 3 0x80005c62 (0x018be633) x12 0x0100001e
core   0: 0x80005c66 (0x04f61063) bne     a2, a5, pc + 64
core   0: 3 0x80005c66 (0x04f61063)
core   0: 0x80005ca6 (0x40ed5633) sra     a2, s10, a4
core   0: 3 0x80005ca6 (0x40ed5633) x12 0x00000001
core   0: 0x80005caa (0x279e4e93) xori    t4, t3, 633
core   0: 3 0x80005caa (0x279e4e93) x29 0x00000279
core   0: 0x80005cae (0x00000001) c.nop
core   0: 3 0x80005cae (0x0001)
core   0: 0x80005cb0 (0x0125c463) blt     a1, s2, pc + 8
core   0: 3 0x80005cb0 (0x0125c463)
core   0: 0x80005cb8 (0x00008a59) c.andi  a2, 22
core   0: 3 0x80005cb8 (0x8a59) x12 0x00000000
core   0: 0x80005cba (0x0ff0000f) fence   iorw,iorw
core   0: 3 0x80005cba (0x0ff0000f)
core   0: 0x80005cbe (0x01659933) sll     s2, a1, s6
core   0: 3 0x80005cbe (0x01659933) x18 0xc0500000
core   0: 0x80005cc2 (0x00051b13) slli    s6, a0, 0
core   0: 3 0x80005cc2 (0x00051b13) x22 0x00000000
core   0: 0x80005cc6 (0x00008c59) c.or    s0, a4
core   0: 3 0x80005cc6 (0x8c59) x 8 0x01000000
core   0: 0x80005cc8 (0x03f759b3) divu    s3, a4, t6
core   0: 3 0x80005cc8 (0x03f759b3) x19 0x00000000
core   0: 0x80005ccc (0x0329fc13) andi    s8, s3, 50
core   0: 3 0x80005ccc (0x0329fc13) x24 0x00000000
core   0: 0x80005cd0 (0x03d74633) div     a2, a4, t4
core   0: 3 0x80005cd0 (0x03d74633) x12 0x00000000
core   0: 0x80005cd4 (0x008e1a33) sll     s4, t3, s0
core   0: 3 0x80005cd4 (0x008e1a33) x20 0x00000000
core   0: 0x80005cd8 (0x4085dab3) sra     s5, a1, s0
core   0: 3 0x80005cd8 (0x4085dab3) x21 0x80022c05
core   0: 0x80005cdc (0x01429263) bne     t0, s4, pc + 4
core   0: 3 0x80005cdc (0x01429263)
core   0: 0x80005ce0 (0x03ec4ab3) div     s5, s8, t5
core   0: 3 0x80005ce0 (0x03ec4ab3) x21 0xffffffff
core   0: 0x80005ce4 (0x016bbe33) sltu    t3, s7, s6
core   0: 3 0x80005ce4 (0x016bbe33) x28 0x00000000
core   0: 0x80005ce8 (0x03b4e633) rem     a2, s1, s11
core   0: 3 0x80005ce8 (0x03b4e633) x12 0xfffff94d
core   0: 0x80005cec (0x00008e26) c.mv    t3, s1
core   0: 3 0x80005cec (0x8e26) x28 0xfffff94d
core   0: 0x80005cee (0x00819333) sll     t1, gp, s0
core   0: 3 0x80005cee (0x00819333) x 6 0xfffffcec
core   0: 0x80005cf2 (0xdabbfb37) lui     s6, 0xdabbf
core   0: 3 0x80005cf2 (0xdabbfb37) x22 0xdabbf000
core   0: 0x80005cf6 (0x0192fb63) bgeu    t0, s9, pc + 22
core   0: 3 0x80005cf6 (0x0192fb63)
core   0: 0x80005d0c (0x000066e5) c.lui   a3, 0x19
core   0: 3 0x80005d0c (0x66e5) x13 0x00019000
core   0: 0x80005d0e (0x00001c7d) c.addi  s8, -1
core   0: 3 0x80005d0e (0x1c7d) x24 0xffffffff
core   0: 0x80005d10 (0x01fbdd33) srl     s10, s7, t6
core   0: 3 0x80005d10 (0x01fbdd33) x26 0x0000000f
core   0: 0x80005d14 (0x03000f63) beq     zero, a6, pc + 62
core   0: 3 0x80005d14 (0x03000f63)
core   0: 0x80005d52 (0x97575937) lui     s2, 0x97575
core   0: 3 0x80005d52 (0x97575937) x18 0x97575000
core   0: 0x80005d56 (0x03e13e33) mulhu   t3, sp, t5
core   0: 3 0x80005d56 (0x03e13e33) x28 0x00000000
core   0: 0x80005d5a (0x0107ff33) and     t5, a5, a6
core   0: 3 0x80005d5a (0x0107ff33) x30 0x00000000
core   0: 0x80005d5e (0x0000c401) c.beqz  s0, pc + 8
core   0: 3 0x80005d5e (0xc401)
core   0: 0x80005d60 (0x000019fd) c.addi  s3, -1
core   0: 3 0x80005d60 (0x19fd) x19 0xffffffff
core   0: 0x80005d62 (0xb595ef13) ori     t5, a1, -1191
core   0: 3 0x80005d62 (0xb595ef13) x30 0xffffff5d
core   0: 0x80005d66 (0x012d1c33) sll     s8, s10, s2
core   0: 3 0x80005d66 (0x012d1c33) x24 0x0000000f
core   0: 0x80005d6a (0x00379cb3) sll     s9, a5, gp
core   0: 3 0x80005d6a (0x00379cb3) x25 0x00000000
core   0: 0x80005d6e (0x00000001) c.nop
core   0: 3 0x80005d6e (0x0001)
core   0: 0x80005d70 (0x00d6c263) blt     a3, a3, pc + 4
core   0: 3 0x80005d70 (0x00d6c263)
core   0: 0x80005d74 (0x000083cd) c.srli  a5, 19
core   0: 3 0x80005d74 (0x83cd) x15 0x00000000
core   0: 0x80005d76 (0x00000bee) c.slli  s7, 27
core   0: 3 0x80005d76 (0x0bee) x23 0xf0000000
core   0: 0x80005d78 (0x03b17933) remu    s2, sp, s11
core   0: 3 0x80005d78 (0x03b17933) x18 0x0000000c
core   0: 0x80005d7c (0x01f36263) bltu    t1, t6, pc + 4
core   0: 3 0x80005d7c (0x01f36263)
core   0: 0x80005d80 (0x0179fcb3) and     s9, s3, s7
core   0: 3 0x80005d80 (0x0179fcb3) x25 0xf0000000
core   0: 0x80005d84 (0x000087e5) c.srai  a5, 25
core   0: 3 0x80005d84 (0x87e5) x15 0x00000000
core   0: 0x80005d86 (0x01eddbb3) srl     s7, s11, t5
core   0: 3 0x80005d86 (0x01eddbb3) x23 0x00000000
core   0: 0x80005d8a (0x00000001) c.nop
core   0: 3 0x80005d8a (0x0001)
core   0: 0x80005d8c (0x00007497) auipc   s1, 0x7
core   0: 3 0x80005d8c (0x00007497) x 9 0x8000cd8c
core   0: 0x80005d90 (0x30c48493) addi    s1, s1, 780
core   0: 3 0x80005d90 (0x30c48493) x 9 0x8000d098
core   0: 0x80005d94 (0x0ac4a383) lw      t2, 172(s1)
core   0: 3 0x80005d94 (0x0ac4a383) x 7 0x984631f6 mem 0x8000d144
core   0: 0x80005d98 (0x41b20ab3) sub     s5, tp, s11
core   0: 3 0x80005d98 (0x41b20ab3) x21 0x80026ce4
core   0: 0x80005d9c (0x03c4c903) lbu     s2, 60(s1)
core   0: 3 0x80005d9c (0x03c4c903) x18 0x000000e3 mem 0x8000d0d4
core   0: 0x80005da0 (0x00009d32) c.add   s10, a2
core   0: 3 0x80005da0 (0x9d32) x26 0xfffff95c
core   0: 0x80005da2 (0x05d49a23) sh      t4, 84(s1)
core   0: 3 0x80005da2 (0x05d49a23) mem 0x8000d0ec 0x0279
core   0: 0x80005da6 (0x0834cc83) lbu     s9, 131(s1)
core   0: 3 0x80005da6 (0x0834cc83) x25 0x0000003a mem 0x8000d11b
core   0: 0x80005daa (0x08a4d783) lhu     a5, 138(s1)
core   0: 3 0x80005daa (0x08a4d783) x15 0x0000893e mem 0x8000d122
core   0: 0x80005dae (0x0273c5b3) div     a1, t2, t2
core   0: 3 0x80005dae (0x0273c5b3) x11 0x00000001
core   0: 0x80005db2 (0x00009692) c.add   a3, tp
core   0: 3 0x80005db2 (0x9692) x13 0x8003fce4
core   0: 0x80005db4 (0x0a9487a3) sb      s1, 175(s1)
core   0: 3 0x80005db4 (0x0a9487a3) mem 0x8000d147 0x98
core   0: 0x80005db8 (0x8ce6da97) auipc   s5, 0x8ce6d
core   0: 3 0x80005db8 (0x8ce6da97) x21 0x0ce72db8
core   0: 0x80005dbc (0x04348383) lb      t2, 67(s1)
core   0: 3 0x80005dbc (0x04348383) x 7 0xffffffd8 mem 0x8000d0db
core   0: 0x80005dc0 (0x03f13733) mulhu   a4, sp, t6
core   0: 3 0x80005dc0 (0x03f13733) x14 0x00000000
core   0: 0x80005dc4 (0xfce4c603) lbu     a2, -50(s1)
core   0: 3 0x80005dc4 (0xfce4c603) x12 0x00000049 mem 0x8000d066
core   0: 0x80005dc8 (0x07449f23) sh      s4, 126(s1)
core   0: 3 0x80005dc8 (0x07449f23) mem 0x8000d116 0x0000
core   0: 0x80005dcc (0x05148603) lb      a2, 81(s1)
core   0: 3 0x80005dcc (0x05148603) x12 0x00000028 mem 0x8000d0e9
core   0: 0x80005dd0 (0xfbf48803) lb      a6, -65(s1)
core   0: 3 0x80005dd0 (0xfbf48803) x16 0xffffffc6 mem 0x8000d057
core   0: 0x80005dd4 (0x03b056b3) divu    a3, zero, s11
core   0: 3 0x80005dd4 (0x03b056b3) x13 0xffffffff
core   0: 0x80005dd8 (0x03940033) mul     zero, s0, s9
core   0: 3 0x80005dd8 (0x03940033)
core   0: 0x80005ddc (0x07e48c83) lb      s9, 126(s1)
core   0: 3 0x80005ddc (0x07e48c83) x25 0x00000000 mem 0x8000d116
core   0: 0x80005de0 (0xff948b03) lb      s6, -7(s1)
core   0: 3 0x80005de0 (0xff948b03) x22 0x0000003c mem 0x8000d091
core   0: 0x80005de4 (0xfd849603) lh      a2, -40(s1)
core   0: 3 0x80005de4 (0xfd849603) x12 0xffff99b2 mem 0x8000d070
core   0: 0x80005de8 (0x41b55e13) srai    t3, a0, 27
core   0: 3 0x80005de8 (0x41b55e13) x28 0x00000000
core   0: 0x80005dec (0x00b4c183) lbu     gp, 11(s1)
core   0: 3 0x80005dec (0x00b4c183) x 3 0x00000066 mem 0x8000d0a3
core   0: 0x80005df0 (0xffd48503) lb      a0, -3(s1)
core   0: 3 0x80005df0 (0xffd48503) x10 0xffffffdf mem 0x8000d095
core   0: 0x80005df4 (0xc1e8c813) xori    a6, a7, -994
core   0: 3 0x80005df4 (0xc1e8c813) x16 0xfffffc1e
core   0: 0x80005df8 (0x0ee48aa3) sb      a4, 245(s1)
core   0: 3 0x80005df8 (0x0ee48aa3) mem 0x8000d18d 0x0
core   0: 0x80005dfc (0xfd249423) sh      s2, -56(s1)
core   0: 3 0x80005dfc (0xfd249423) mem 0x8000d060 0x00e3
core   0: 0x80005e00 (0x00ff2a33) slt     s4, t5, a5
core   0: 3 0x80005e00 (0x00ff2a33) x20 0x00000001
core   0: 0x80005e04 (0x0b04ac03) lw      s8, 176(s1)
core   0: 3 0x80005e04 (0x0b04ac03) x24 0xff1682db mem 0x8000d148
core   0: 0x80005e08 (0x006e5993) srli    s3, t3, 6
core   0: 3 0x80005e08 (0x006e5993) x19 0x00000000
core   0: 0x80005e0c (0x0b44a703) lw      a4, 180(s1)
core   0: 3 0x80005e0c (0x0b44a703) x14 0x2e4373a8 mem 0x8000d14c
core   0: 0x80005e10 (0x04948883) lb      a7, 73(s1)
core   0: 3 0x80005e10 (0x04948883) x17 0x0000001c mem 0x8000d0e1
core   0: 0x80005e14 (0x0128da33) srl     s4, a7, s2
core   0: 3 0x80005e14 (0x0128da33) x20 0x00000003
core   0: 0x80005e18 (0x01635093) srli    ra, t1, 22
core   0: 3 0x80005e18 (0x01635093) x 1 0x000003ff
core   0: 0x80005e1c (0x026ec9b3) div     s3, t4, t1
core   0: 3 0x80005e1c (0x026ec9b3) x19 0x00000000
core   0: 0x80005e20 (0x00c4cc63) blt     s1, a2, pc + 24
core   0: 3 0x80005e20 (0x00c4cc63)
core   0: 0x80005e38 (0x41b4d0b3) sra     ra, s1, s11
core   0: 3 0x80005e38 (0x41b4d0b3) x 1 0x8000d098
core   0: 0x80005e3c (0x00008526) c.mv    a0, s1
core   0: 3 0x80005e3c (0x8526) x10 0x8000d098
core   0: 0x80005e3e (0x00008fe5) c.and   a5, s1
core   0: 3 0x80005e3e (0x8fe5) x15 0x00008018
core   0: 0x80005e40 (0x00008ee1) c.and   a3, s0
core   0: 3 0x80005e40 (0x8ee1) x13 0x01000000
core   0: 0x80005e42 (0x00008065) c.srli  s0, 25
core   0: 3 0x80005e42 (0x8065) x 8 0x00000000
core   0: 0x80005e44 (0x02f20033) mul     zero, tp, a5
core   0: 3 0x80005e44 (0x02f20033)
core   0: 0x80005e48 (0x0000ef19) c.bnez  a4, pc + 30
core   0: 3 0x80005e48 (0xef19)
core   0: 0x80005e66 (0x8954f493) andi    s1, s1, -1899
core   0: 3 0x80005e66 (0x8954f493) x 9 0x8000d090
core   0: 0x80005e6a (0x029c09b3) mul     s3, s8, s1
core   0: 3 0x80005e6a (0x029c09b3) x19 0x46fb8b30
core   0: 0x80005e6e (0x0000187d) c.addi  a6, -1
core   0: 3 0x80005e6e (0x187d) x16 0xfffffc1d
core   0: 0x80005e70 (0x00000001) c.nop
core   0: 3 0x80005e70 (0x0001)
core   0: 0x80005e72 (0x01e83e33) sltu    t3, a6, t5
core   0: 3 0x80005e72 (0x01e83e33) x28 0x00000001
core   0: 0x80005e76 (0x03e8c7b3) div     a5, a7, t5
core   0: 3 0x80005e76 (0x03e8c7b3) x15 0x00000000
core   0: 0x80005e7a (0x000086b1) c.srai  a3, 12
core   0: 3 0x80005e7a (0x86b1) x13 0x00001000
core   0: 0x80005e7c (0x016eccb3) xor     s9, t4, s6
core   0: 3 0x80005e7c (0x016eccb3) x25 0x00000245
core   0: 0x80005e80 (0x00000001) c.nop
core   0: 3 0x80005e80 (0x0001)
core   0: 0x80005e82 (0x000083d6) c.mv    t2, s5
core   0: 3 0x80005e82 (0x83d6) x 7 0x0ce72db8
core   0: 0x80005e84 (0x00000001) c.nop
core   0: 3 0x80005e84 (0x0001)
core   0: 0x80005e86 (0x036243b3) div     t2, tp, s6
core   0: 3 0x80005e86 (0x036243b3) x 7 0xfddde837
core   0: 0x80005e8a (0x00535f33) srl     t5, t1, t0
core   0: 3 0x80005e8a (0x00535f33) x30 0x00000fff
core   0: 0x80005e8e (0xab06ec37) lui     s8, 0xab06e
core   0: 3 0x80005e8e (0xab06ec37) x24 0xab06e000
core   0: 0x80005e92 (0x02c72833) mulhsu  a6, a4, a2
core   0: 3 0x80005e92 (0x02c72833) x16 0x2e43612b
core   0: 0x80005e96 (0x038bbc33) mulhu   s8, s7, s8
core   0: 3 0x80005e96 (0x038bbc33) x24 0x00000000
core   0: 0x80005e9a (0x40c05313) srai    t1, zero, 12
core   0: 3 0x80005e9a (0x40c05313) x 6 0x00000000
core   0: 0x80005e9e (0x029de163) bltu    s11, s1, pc + 34
core   0: 3 0x80005e9e (0x029de163)
core   0: 0x80005ec0 (0x68cff717) auipc   a4, 0x68cff
core   0: 3 0x80005ec0 (0x68cff717) x14 0xe8d04ec0
core   0: 0x80005ec4 (0x3455ec93) ori     s9, a1, 837
core   0: 3 0x80005ec4 (0x3455ec93) x25 0x00000345
core   0: 0x80005ec8 (0xff3de013) ori     zero, s11, -13
core   0: 3 0x80005ec8 (0xff3de013)
core   0: 0x80005ecc (0x00001b7d) c.addi  s6, -1
core   0: 3 0x80005ecc (0x1b7d) x22 0x0000003b
core   0: 0x80005ece (0x0000100f) fence.i
core   0: 3 0x80005ece (0x0000100f)
core   0: 0x80005ed2 (0x02c079b3) remu    s3, zero, a2
core   0: 3 0x80005ed2 (0x02c079b3) x19 0x00000000
core   0: 0x80005ed6 (0x400fdb93) srai    s7, t6, 0
core   0: 3 0x80005ed6 (0x400fdb93) x23 0x00000001
core   0: 0x80005eda (0x05179363) bne     a5, a7, pc + 70
core   0: 3 0x80005eda (0x05179363)
core   0: 0x80005f20 (0xd015ac93) slti    s9, a1, -767
core   0: 3 0x80005f20 (0xd015ac93) x25 0x00000000
core   0: 0x80005f24 (0x00b09d63) bne     ra, a1, pc + 26
core   0: 3 0x80005f24 (0x00b09d63)
core   0: 0x80005f3e (0x00008f35) c.xor   a4, a3
core   0: 3 0x80005f3e (0x8f35) x14 0xe8d05ec0
core   0: 0x80005f40 (0x00008e6d) c.and   a2, a1
core   0: 3 0x80005f40 (0x8e6d) x12 0x00000000
core   0: 0x80005f42 (0x009093b3) sll     t2, ra, s1
core   0: 3 0x80005f42 (0x009093b3) x 7 0xd0980000
core   0: 0x80005f46 (0x02dc9433) mulh    s0, s9, a3
core   0: 3 0x80005f46 (0x02dc9433) x 8 0x00000000
core   0: 0x80005f4a (0x41f2dd13) srai    s10, t0, 31
core   0: 3 0x80005f4a (0x41f2dd13) x26 0xffffffff
core   0: 0x80005f4e (0x02f736b3) mulhu   a3, a4, a5
core   0: 3 0x80005f4e (0x02f736b3) x13 0x00000000
core   0: 0x80005f52 (0x01185513) srli    a0, a6, 17
core   0: 3 0x80005f52 (0x01185513) x10 0x00001721
core   0: 0x80005f56 (0x000eea33) or      s4, t4, zero
core   0: 3 0x80005f56 (0x000eea33) x20 0x00000279
core   0: 0x80005f5a (0x00000001) c.nop
core   0: 3 0x80005f5a (0x0001)
core   0: 0x80005f5c (0x011df563) bgeu    s11, a7, pc + 10
core   0: 3 0x80005f5c (0x011df563)
core   0: 0x80005f60 (0x013dc263) blt     s11, s3, pc + 4
core   0: 3 0x80005f60 (0x013dc263)
core   0: 0x80005f64 (0x000006b2) c.slli  a3, 12
core   0: 3 0x80005f64 (0x06b2) x13 0x00000000
core   0: 0x80005f66 (0x01493333) sltu    t1, s2, s4
core   0: 3 0x80005f66 (0x01493333) x 6 0x00000001
core   0: 0x80005f6a (0x00000001) c.nop
core   0: 3 0x80005f6a (0x0001)
core   0: 0x80005f6c (0x03c7c9b3) div     s3, a5, t3
core   0: 3 0x80005f6c (0x03c7c9b3) x19 0x00000000
core   0: 0x80005f70 (0x022e9c63) bne     t4, sp, pc + 56
core   0: 3 0x80005f70 (0x022e9c63)
core   0: 0x80005fa8 (0x00aed513) srli    a0, t4, 10
core   0: 3 0x80005fa8 (0x00aed513) x10 0x00000000
core   0: 0x80005fac (0x0000c881) c.beqz  s1, pc + 16
core   0: 3 0x80005fac (0xc881)
core   0: 0x80005fae (0x037ede33) divu    t3, t4, s7
core   0: 3 0x80005fae (0x037ede33) x28 0x00000279
core   0: 0x80005fb2 (0x03068933) mul     s2, a3, a6
core   0: 3 0x80005fb2 (0x03068933) x18 0x00000000
core   0: 0x80005fb6 (0x00000001) c.nop
core   0: 3 0x80005fb6 (0x0001)
core   0: 0x80005fb8 (0x00e16cb3) or      s9, sp, a4
core   0: 3 0x80005fb8 (0x00e16cb3) x25 0xe8d05ecc
core   0: 0x80005fbc (0x02e746b3) div     a3, a4, a4
core   0: 3 0x80005fbc (0x02e746b3) x13 0x00000001
core   0: 0x80005fc0 (0x03ca5eb3) divu    t4, s4, t3
core   0: 3 0x80005fc0 (0x03ca5eb3) x29 0x00000001
core   0: 0x80005fc4 (0x00000586) c.slli  a1, 1
core   0: 3 0x80005fc4 (0x0586) x11 0x00000002
core   0: 0x80005fc6 (0x036dba33) mulhu   s4, s11, s6
core   0: 3 0x80005fc6 (0x036dba33) x20 0x00000000
core   0: 0x80005fca (0xf6459737) lui     a4, 0xf6459
core   0: 3 0x80005fca (0xf6459737) x14 0xf6459000
core   0: 0x80005fce (0x0130ccb3) xor     s9, ra, s3
core   0: 3 0x80005fce (0x0130ccb3) x25 0x8000d098
core   0: 0x80005fd2 (0x0000c399) c.beqz  a5, pc + 6
core   0: 3 0x80005fd2 (0xc399)
core   0: 0x80005fd8 (0x00cb5db3) srl     s11, s6, a2
core   0: 3 0x80005fd8 (0x00cb5db3) x27 0x0000003b
core   0: 0x80005fdc (0x0000c809) c.beqz  s0, pc + 18
core   0: 3 0x80005fdc (0xc809)
core   0: 0x80005fee (0x44e8fa93) andi    s5, a7, 1102
core   0: 3 0x80005fee (0x44e8fa93) x21 0x0000000c
core   0: 0x80005ff2 (0x8b5ffd93) andi    s11, t6, -1867
core   0: 3 0x80005ff2 (0x8b5ffd93) x27 0x00000001
core   0: 0x80005ff6 (0x00549033) sll     zero, s1, t0
core   0: 3 0x80005ff6 (0x00549033)
core   0: 0x80005ffa (0x41408933) sub     s2, ra, s4
core   0: 3 0x80005ffa (0x41408933) x18 0x8000d098
core   0: 0x80005ffe (0x00008b69) c.andi  a4, 26
core   0: 3 0x80005ffe (0x8b69) x14 0x00000000
core   0: 0x80006000 (0x00008dcd) c.or    a1, a1
core   0: 3 0x80006000 (0x8dcd) x11 0x00000002
core   0: 0x80006002 (0xb683a093) slti    ra, t2, -1176
core   0: 3 0x80006002 (0xb683a093) x 1 0x00000001
core   0: 0x80006006 (0x0000e701) c.bnez  a4, pc + 8
core   0: 3 0x80006006 (0xe701)
core   0: 0x80006008 (0x00000001) c.nop
core   0: 3 0x80006008 (0x0001)
core   0: 0x8000600a (0x40b95f93) srai    t6, s2, 11
core   0: 3 0x8000600a (0x40b95f93) x31 0xfff0001a
core   0: 0x8000600e (0x00aa7633) and     a2, s4, a0
core   0: 3 0x8000600e (0x00aa7633) x12 0x00000000
core   0: 0x80006012 (0x00008f21) c.xor   a4, s0
core   0: 3 0x80006012 (0x8f21) x14 0x00000000
core   0: 0x80006014 (0x01616ab3) or      s5, sp, s6
core   0: 3 0x80006014 (0x01616ab3) x21 0x0000003f
core   0: 0x80006018 (0x000016fd) c.addi  a3, -1
core   0: 3 0x80006018 (0x16fd) x13 0x00000000
core   0: 0x8000601a (0x01091513) slli    a0, s2, 16
core   0: 3 0x8000601a (0x01091513) x10 0xd0980000
core   0: 0x8000601e (0x00edc733) xor     a4, s11, a4
core   0: 3 0x8000601e (0x00edc733) x14 0x00000001
core   0: 0x80006022 (0x413e05b3) sub     a1, t3, s3
core   0: 3 0x80006022 (0x413e05b3) x11 0x00000279
core   0: 0x80006026 (0x41c65893) srai    a7, a2, 28
core   0: 3 0x80006026 (0x41c65893) x17 0x00000000
core   0: 0x8000602a (0xc601a7b7) lui     a5, 0xc601a
core   0: 3 0x8000602a (0xc601a7b7) x15 0xc601a000
core   0: 0x8000602e (0x00c440b3) xor     ra, s0, a2
core   0: 3 0x8000602e (0x00c440b3) x 1 0x00000000
core   0: 0x80006032 (0x033168b3) rem     a7, sp, s3
core   0: 3 0x80006032 (0x033168b3) x17 0x0000000c
core   0: 0x80006036 (0x0000099d) c.addi  s3, 7
core   0: 3 0x80006036 (0x099d) x19 0x00000007
core   0: 0x80006038 (0x03c1fd33) remu    s10, gp, t3
core   0: 3 0x80006038 (0x03c1fd33) x26 0x00000066
core   0: 0x8000603c (0x00571093) slli    ra, a4, 5
core   0: 3 0x8000603c (0x00571093) x 1 0x00000020
core   0: 0x80006040 (0x02419f63) bne     gp, tp, pc + 62
core   0: 3 0x80006040 (0x02419f63)
core   0: 0x8000607e (0x01dcc263) blt     s9, t4, pc + 4
core   0: 3 0x8000607e (0x01dcc263)
core   0: 0x80006082 (0x38ac0e13) addi    t3, s8, 906
core   0: 3 0x80006082 (0x38ac0e13) x28 0x0000038a
core   0: 0x80006086 (0x00281433) sll     s0, a6, sp
core   0: 3 0x80006086 (0x00281433) x 8 0x3612b000
core   0: 0x8000608a (0x05b1c263) blt     gp, s11, pc + 68
core   0: 3 0x8000608a (0x05b1c263)
core   0: 0x8000608e (0xfc058993) addi    s3, a1, -64
core   0: 3 0x8000608e (0xfc058993) x19 0x00000239
core   0: 0x80006092 (0x000001c5) c.addi  gp, 17
core   0: 3 0x80006092 (0x01c5) x 3 0x00000077
core   0: 0x80006094 (0x02cd8cb3) mul     s9, s11, a2
core   0: 3 0x80006094 (0x02cd8cb3) x25 0x00000000
core   0: 0x80006098 (0x01e38d63) beq     t2, t5, pc + 26
core   0: 3 0x80006098 (0x01e38d63)
core   0: 0x8000609c (0x00229013) slli    zero, t0, 2
core   0: 3 0x8000609c (0x00229013)
core   0: 0x800060a0 (0x9cdb7f17) auipc   t5, 0x9cdb7
core   0: 3 0x800060a0 (0x9cdb7f17) x30 0x1cdbd0a0
core   0: 0x800060a4 (0x00008f85) c.sub   a5, s1
core   0: 3 0x800060a4 (0x8f85) x15 0x4600cf70
core   0: 0x800060a6 (0x0ff0000f) fence   iorw,iorw
core   0: 3 0x800060a6 (0x0ff0000f)
core   0: 0x800060aa (0x03d7eeb3) rem     t4, a5, t4
core   0: 3 0x800060aa (0x03d7eeb3) x29 0x00000000
core   0: 0x800060ae (0x030dec63) bltu    s11, a6, pc + 56
core   0: 3 0x800060ae (0x030dec63)
core   0: 0x800060e6 (0x00008a2d) c.andi  a2, 11
core   0: 3 0x800060e6 (0x8a2d) x12 0x00000000
core   0: 0x800060e8 (0x00008ef9) c.and   a3, a4
core   0: 3 0x800060e8 (0x8ef9) x13 0x00000000
core   0: 0x800060ea (0x39c7ad17) auipc   s10, 0x39c7a
core   0: 3 0x800060ea (0x39c7ad17) x26 0xb9c800ea
core   0: 0x800060ee (0x0347ffb3) remu    t6, a5, s4
core   0: 3 0x800060ee (0x0347ffb3) x31 0x4600cf70
core   0: 0x800060f2 (0x01ee5263) bge     t3, t5, pc + 4
core   0: 3 0x800060f2 (0x01ee5263)
core   0: 0x800060f6 (0x00b19a33) sll     s4, gp, a1
core   0: 3 0x800060f6 (0x00b19a33) x20 0xee000000
core   0: 0x800060fa (0x02958633) mul     a2, a1, s1
core   0: 3 0x800060fa (0x02958633) x12 0x8203b410
core   0: 0x800060fe (0x03875d33) divu    s10, a4, s8
core   0: 3 0x800060fe (0x03875d33) x26 0xffffffff
core   0: 0x80006102 (0x007ab333) sltu    t1, s5, t2
core   0: 3 0x80006102 (0x007ab333) x 6 0x00000001
core   0: 0x80006106 (0x003df463) bgeu    s11, gp, pc + 8
core   0: 3 0x80006106 (0x003df463)
core   0: 0x8000610a (0x021d90b3) mulh    ra, s11, ra
core   0: 3 0x8000610a (0x021d90b3) x 1 0x00000000
core   0: 0x8000610e (0x00824033) xor     zero, tp, s0
core   0: 3 0x8000610e (0x00824033)
core   0: 0x80006112 (0x028119b3) mulh    s3, sp, s0
core   0: 3 0x80006112 (0x028119b3) x19 0x00000002
core   0: 0x80006116 (0x0069c363) blt     s3, t1, pc + 6
core   0: 3 0x80006116 (0x0069c363)
core   0: 0x8000611a (0x00008ee1) c.and   a3, s0
core   0: 3 0x8000611a (0x8ee1) x13 0x00000000
core   0: 0x8000611c (0x0000960e) c.add   a2, gp
core   0: 3 0x8000611c (0x960e) x12 0x8203b487
core   0: 0x8000611e (0xa7033493) sltiu   s1, t1, -1424
core   0: 3 0x8000611e (0xa7033493) x 9 0x00000001
core   0: 0x80006122 (0x0055e263) bltu    a1, t0, pc + 4
core   0: 3 0x80006122 (0x0055e263)
core   0: 0x80006126 (0x00000001) c.nop
core   0: 3 0x80006126 (0x0001)
core   0: 0x80006128 (0x026901b3) mul     gp, s2, t1
core   0: 3 0x80006128 (0x026901b3) x 3 0x8000d098
core   0: 0x8000612c (0x02951333) mulh    t1, a0, s1
core   0: 3 0x8000612c (0x02951333) x 6 0xffffffff
core   0: 0x80006130 (0x0000cf8d) c.beqz  a5, pc + 58
core   0: 3 0x80006130 (0xcf8d)
core   0: 0x80006132 (0x02cdce33) div     t3, s11, a2
core   0: 3 0x80006132 (0x02cdce33) x28 0x00000000
core   0: 0x80006136 (0x00583c33) sltu    s8, a6, t0
core   0: 3 0x80006136 (0x00583c33) x24 0x00000001
core   0: 0x8000613a (0x00006d2d) c.lui   s10, 0xb
core   0: 3 0x8000613a (0x6d2d) x26 0x0000b000
core   0: 0x8000613c (0x02208933) mul     s2, ra, sp
core   0: 3 0x8000613c (0x02208933) x18 0x00000000
core   0: 0x80006140 (0x03bd2cb3) mulhsu  s9, s10, s11
core   0: 3 0x80006140 (0x03bd2cb3) x25 0x00000000
core   0: 0x80006144 (0x00006875) c.lui   a6, 0x1d
core   0: 3 0x80006144 (0x6875) x16 0x0001d000
core   0: 0x80006146 (0x01931833) sll     a6, t1, s9
core   0: 3 0x80006146 (0x01931833) x16 0xffffffff
core   0: 0x8000614a (0x01defab3) and     s5, t4, t4
core   0: 3 0x8000614a (0x01defab3) x21 0x00000000
core   0: 0x8000614e (0x00008d35) c.xor   a0, a3
core   0: 3 0x8000614e (0x8d35) x10 0xd0980000
core   0: 0x80006150 (0xc6328393) addi    t2, t0, -925
core   0: 3 0x80006150 (0xc6328393) x 7 0x80022a97
core   0: 0x80006154 (0x0ff0000f) fence   iorw,iorw
core   0: 3 0x80006154 (0x0ff0000f)
core   0: 0x80006158 (0x000d0d63) beqz    s10, pc + 26
core   0: 3 0x80006158 (0x000d0d63)
core   0: 0x8000615c (0x00008111) c.srli  a0, 4
core   0: 3 0x8000615c (0x8111) x10 0x0d098000
core   0: 0x8000615e (0x00006655) c.lui   a2, 0x15
core   0: 3 0x8000615e (0x6655) x12 0x00015000
core   0: 0x80006160 (0x00006d55) c.lui   s10, 0x15
core   0: 3 0x80006160 (0x6d55) x26 0x00015000
core   0: 0x80006162 (0x023f6663) bltu    t5, gp, pc + 44
core   0: 3 0x80006162 (0x023f6663)
core   0: 0x8000618e (0x000087c5) c.srai  a5, 17
core   0: 3 0x8000618e (0x87c5) x15 0x00002300
core   0: 0x80006190 (0x01174c33) xor     s8, a4, a7
core   0: 3 0x80006190 (0x01174c33) x24 0x0000000d
core   0: 0x80006194 (0x009454b3) srl     s1, s0, s1
core   0: 3 0x80006194 (0x009454b3) x 9 0x1b095800
core   0: 0x80006198 (0x00008321) c.srli  a4, 8
core   0: 3 0x80006198 (0x8321) x14 0x00000000
core   0: 0x8000619a (0x015b4a33) xor     s4, s6, s5
core   0: 3 0x8000619a (0x015b4a33) x20 0x0000003b
core   0: 0x8000619e (0x01188ab3) add     s5, a7, a7
core   0: 3 0x8000619e (0x01188ab3) x21 0x00000018
core   0: 0x800061a2 (0x025d1463) bne     s10, t0, pc + 40
core   0: 3 0x800061a2 (0x025d1463)
core   0: 0x800061ca (0x01408e33) add     t3, ra, s4
core   0: 3 0x800061ca (0x01408e33) x28 0x0000003b
core   0: 0x800061ce (0x00009696) c.add   a3, t0
core   0: 3 0x800061ce (0x9696) x13 0x80022e34
core   0: 0x800061d0 (0x0000c211) c.beqz  a2, pc + 4
core   0: 3 0x800061d0 (0xc211)
core   0: 0x800061d2 (0x000086c5) c.srai  a3, 17
core   0: 3 0x800061d2 (0x86c5) x13 0xffffc001
core   0: 0x800061d4 (0x40d2de33) sra     t3, t0, a3
core   0: 3 0x800061d4 (0x40d2de33) x28 0xc001171a
core   0: 0x800061d8 (0x015a1bb3) sll     s7, s4, s5
core   0: 3 0x800061d8 (0x015a1bb3) x23 0x3b000000
core   0: 0x800061dc (0x000080e1) c.srli  s1, 24
core   0: 3 0x800061dc (0x80e1) x 9 0x0000001b
core   0: 0x800061de (0x0000100f) fence.i
core   0: 3 0x800061de (0x0000100f)
core   0: 0x800061e2 (0x05ed6163) bltu    s10, t5, pc + 66
core   0: 3 0x800061e2 (0x05ed6163)
core   0: 0x80006224 (0x9df01a97) auipc   s5, 0x9df01
core   0: 3 0x80006224 (0x9df01a97) x21 0x1df07224
core   0: 0x80006228 (0x0000ed81) c.bnez  a1, pc + 24
core   0: 3 0x80006228 (0xed81)
core   0: 0x80006240 (0x03b8c7b3) div     a5, a7, s11
core   0: 3 0x80006240 (0x03b8c7b3) x15 0x0000000c
core   0: 0x80006244 (0x000093c6) c.add   t2, a7
core   0: 3 0x80006244 (0x93c6) x 7 0x80022aa3
core   0: 0x80006246 (0x039050b3) divu    ra, zero, s9
core   0: 3 0x80006246 (0x039050b3) x 1 0xffffffff
core   0: 0x8000624a (0x0221e6b3) rem     a3, gp, sp
core   0: 3 0x8000624a (0x0221e6b3) x13 0xfffffff8
core   0: 0x8000624e (0x007e7663) bgeu    t3, t2, pc + 12
core   0: 3 0x8000624e (0x007e7663)
core   0: 0x8000625a (0xc9c5ca13) xori    s4, a1, -868
core   0: 3 0x8000625a (0xc9c5ca13) x20 0xfffffee5
core   0: 0x8000625e (0x01262fb3) slt     t6, a2, s2
core   0: 3 0x8000625e (0x01262fb3) x31 0x00000000
core   0: 0x80006262 (0x01979ab3) sll     s5, a5, s9
core   0: 3 0x80006262 (0x01979ab3) x21 0x0000000c
core   0: 0x80006266 (0x0000c405) c.beqz  s0, pc + 40
core   0: 3 0x80006266 (0xc405)
core   0: 0x80006268 (0x00031c93) slli    s9, t1, 0
core   0: 3 0x80006268 (0x00031c93) x25 0xffffffff
core   0: 0x8000626c (0x001c79b3) and     s3, s8, ra
core   0: 3 0x8000626c (0x001c79b3) x19 0x0000000d
core   0: 0x80006270 (0x0000100f) fence.i
core   0: 3 0x80006270 (0x0000100f)
core   0: 0x80006274 (0x053e9063) bne     t4, s3, pc + 64
core   0: 3 0x80006274 (0x053e9063)
core   0: 0x800062b4 (0xf2178413) addi    s0, a5, -223
core   0: 3 0x800062b4 (0xf2178413) x 8 0xffffff2d
core   0: 0x800062b8 (0x0135d9b3) srl     s3, a1, s3
core   0: 3 0x800062b8 (0x0135d9b3) x19 0x00000000
core   0: 0x800062bc (0x0078d663) bge     a7, t2, pc + 12
core   0: 3 0x800062bc (0x0078d663)
core   0: 0x800062c8 (0x4014d433) sra     s0, s1, ra
core   0: 3 0x800062c8 (0x4014d433) x 8 0x00000000
core   0: 0x800062cc (0x01d255b3) srl     a1, tp, t4
core   0: 3 0x800062cc (0x01d255b3) x11 0x80026ce4
core   0: 0x800062d0 (0x016eca63) blt     t4, s6, pc + 20
core   0: 3 0x800062d0 (0x016eca63)
core   0: 0x800062e4 (0xa53a3b97) auipc   s7, 0xa53a3
core   0: 3 0x800062e4 (0xa53a3b97) x23 0x253a92e4
core   0: 0x800062e8 (0x85f83b93) sltiu   s7, a6, -1953
core   0: 3 0x800062e8 (0x85f83b93) x23 0x00000000
core   0: 0x800062ec (0x02816163) bltu    sp, s0, pc + 34
core   0: 3 0x800062ec (0x02816163)
core   0: 0x800062f0 (0x404b5cb3) sra     s9, s6, tp
core   0: 3 0x800062f0 (0x404b5cb3) x25 0x00000003
core   0: 0x800062f4 (0x009ae463) bltu    s5, s1, pc + 8
core   0: 3 0x800062f4 (0x009ae463)
core   0: 0x800062fc (0x00000001) c.nop
core   0: 3 0x800062fc (0x0001)
core   0: 0x800062fe (0x0a1b7613) andi    a2, s6, 161
core   0: 3 0x800062fe (0x0a1b7613) x12 0x00000021
core   0: 0x80006302 (0x023911b3) mulh    gp, s2, gp
core   0: 3 0x80006302 (0x023911b3) x 3 0x00000000
core   0: 0x80006306 (0x41b08b33) sub     s6, ra, s11
core   0: 3 0x80006306 (0x41b08b33) x22 0xfffffffe
core   0: 0x8000630a (0x03937863) bgeu    t1, s9, pc + 48
core   0: 3 0x8000630a (0x03937863)
core   0: 0x8000633a (0x0000100f) fence.i
core   0: 3 0x8000633a (0x0000100f)
core   0: 0x8000633e (0x00008f1d) c.sub   a4, a5
core   0: 3 0x8000633e (0x8f1d) x14 0xfffffff4
core   0: 0x80006340 (0x00008715) c.srai  a4, 5
core   0: 3 0x80006340 (0x8715) x14 0xffffffff
core   0: 0x80006342 (0x02f77533) remu    a0, a4, a5
core   0: 3 0x80006342 (0x02f77533) x10 0x00000003
core   0: 0x80006346 (0x0000100f) fence.i
core   0: 3 0x80006346 (0x0000100f)
core   0: 0x8000634a (0x0000e111) c.bnez  a0, pc + 4
core   0: 3 0x8000634a (0xe111)
core   0: 0x8000634e (0x00bb8d63) beq     s7, a1, pc + 26
core   0: 3 0x8000634e (0x00bb8d63)
core   0: 0x80006352 (0x000010fd) c.addi  ra, -1
core   0: 3 0x80006352 (0x10fd) x 1 0xfffffffe
core   0: 0x80006354 (0x03384533) div     a0, a6, s3
core   0: 3 0x80006354 (0x03384533) x10 0xffffffff
core   0: 0x80006358 (0x03751a33) mulh    s4, a0, s7
core   0: 3 0x80006358 (0x03751a33) x20 0x00000000
core   0: 0x8000635c (0xb0356693) ori     a3, a0, -1277
core   0: 3 0x8000635c (0xb0356693) x13 0xffffffff
core   0: 0x80006360 (0x7fd1e193) ori     gp, gp, 2045
core   0: 3 0x80006360 (0x7fd1e193) x 3 0x000007fd
core   0: 0x80006364 (0x0081e3b3) or      t2, gp, s0
core   0: 3 0x80006364 (0x0081e3b3) x 7 0x000007fd
core   0: 0x80006368 (0xe1d3d437) lui     s0, 0xe1d3d
core   0: 3 0x80006368 (0xe1d3d437) x 8 0xe1d3d000
core   0: 0x8000636c (0x41d55933) sra     s2, a0, t4
core   0: 3 0x8000636c (0x41d55933) x18 0xffffffff
core   0: 0x80006370 (0x00000ed9) c.addi  t4, 22
core   0: 3 0x80006370 (0x0ed9) x29 0x00000016
core   0: 0x80006372 (0x00008c39) c.xor   s0, a4
core   0: 3 0x80006372 (0x8c39) x 8 0x1e2c2fff
core   0: 0x80006374 (0x001aa933) slt     s2, s5, ra
core   0: 3 0x80006374 (0x001aa933) x18 0x00000000
core   0: 0x80006378 (0x01478e63) beq     a5, s4, pc + 28
core   0: 3 0x80006378 (0x01478e63)
core   0: 0x8000637c (0x04b88363) beq     a7, a1, pc + 70
core   0: 3 0x8000637c (0x04b88363)
core   0: 0x80006380 (0x409cdab3) sra     s5, s9, s1
core   0: 3 0x80006380 (0x409cdab3) x21 0x00000000
core   0: 0x80006384 (0x01de2333) slt     t1, t3, t4
core   0: 3 0x80006384 (0x01de2333) x 6 0x00000001
core   0: 0x80006388 (0x046d8263) beq     s11, t1, pc + 68
core   0: 3 0x80006388 (0x046d8263)
core   0: 0x800063cc (0x00009942) c.add   s2, a6
core   0: 3 0x800063cc (0x9942) x18 0xffffffff
core   0: 0x800063ce (0xe8ec0f93) addi    t6, s8, -370
core   0: 3 0x800063ce (0xe8ec0f93) x31 0xfffffe9b
core   0: 0x800063d2 (0x00fa6033) or      zero, s4, a5
core   0: 3 0x800063d2 (0x00fa6033)
core   0: 0x800063d6 (0x0000841a) c.mv    s0, t1
core   0: 3 0x800063d6 (0x841a) x 8 0x00000001
core   0: 0x800063d8 (0x40215ab3) sra     s5, sp, sp
core   0: 3 0x800063d8 (0x40215ab3) x21 0x00000000
core   0: 0x800063dc (0x000086a9) c.srai  a3, 10
core   0: 3 0x800063dc (0x86a9) x13 0xffffffff
core   0: 0x800063de (0x00009afd) c.andi  a3, -1
core   0: 3 0x800063de (0x9afd) x13 0xffffffff
core   0: 0x800063e0 (0x49b0a913) slti    s2, ra, 1179
core   0: 3 0x800063e0 (0x49b0a913) x18 0x00000001
core   0: 0x800063e4 (0x00000a5e) c.slli  s4, 23
core   0: 3 0x800063e4 (0x0a5e) x20 0x00000000
core   0: 0x800063e6 (0x00008ec1) c.or    a3, s0
core   0: 3 0x800063e6 (0x8ec1) x13 0xffffffff
core   0: 0x800063e8 (0x00009afd) c.andi  a3, -1
core   0: 3 0x800063e8 (0x9afd) x13 0xffffffff
core   0: 0x800063ea (0x00d2cf63) blt     t0, a3, pc + 30
core   0: 3 0x800063ea (0x00d2cf63)
core   0: 0x80006408 (0x017c5f13) srli    t5, s8, 23
core   0: 3 0x80006408 (0x017c5f13) x30 0x00000000
core   0: 0x8000640c (0x00006da9) c.lui   s11, 0xa
core   0: 3 0x8000640c (0x6da9) x27 0x0000a000
core   0: 0x8000640e (0x00009afd) c.andi  a3, -1
core   0: 3 0x8000640e (0x9afd) x13 0xffffffff
core   0: 0x80006410 (0x00181993) slli    s3, a6, 1
core   0: 3 0x80006410 (0x00181993) x19 0xfffffffe
core   0: 0x80006414 (0x036f8a33) mul     s4, t6, s6
core   0: 3 0x80006414 (0x036f8a33) x20 0x000002ca
core   0: 0x80006418 (0x00bf9533) sll     a0, t6, a1
core   0: 3 0x80006418 (0x00bf9533) x10 0xffffe9b0
core   0: 0x8000641c (0x00008e45) c.or    a2, s1
core   0: 3 0x8000641c (0x8e45) x12 0x0000003b
core   0: 0x8000641e (0x407b81b3) sub     gp, s7, t2
core   0: 3 0x8000641e (0x407b81b3) x 3 0xfffff803
core   0: 0x80006422 (0x00008ead) c.xor   a3, a1
core   0: 3 0x80006422 (0x8ead) x13 0x7ffd931b
core   0: 0x80006424 (0x000003e2) c.slli  t2, 24
core   0: 3 0x80006424 (0x03e2) x 7 0xfd000000
core   0: 0x80006426 (0x4606bf13) sltiu   t5, a3, 1120
core   0: 3 0x80006426 (0x4606bf13) x30 0x00000000
core   0: 0x8000642a (0x03f25863) bge     tp, t6, pc + 48
core   0: 3 0x8000642a (0x03f25863)
core   0: 0x8000642e (0x011b4563) blt     s6, a7, pc + 10
core   0: 3 0x8000642e (0x011b4563)
core   0: 0x80006438 (0x007320b3) slt     ra, t1, t2
core   0: 3 0x80006438 (0x007320b3) x 1 0x00000000
core   0: 0x8000643c (0x00d2a7b3) slt     a5, t0, a3
core   0: 3 0x8000643c (0x00d2a7b3) x15 0x00000001
core   0: 0x80006440 (0x83c82f93) slti    t6, a6, -1988
core   0: 3 0x80006440 (0x83c82f93) x31 0x00000000
core   0: 0x80006444 (0x0000957e) c.add   a0, t6
core   0: 3 0x80006444 (0x957e) x10 0xffffe9b0
core   0: 0x80006446 (0x02dbe833) rem     a6, s7, a3
core   0: 3 0x80006446 (0x02dbe833) x16 0x00000000
core   0: 0x8000644a (0x00e124b3) slt     s1, sp, a4
core   0: 3 0x8000644a (0x00e124b3) x 9 0x00000000
core   0: 0x8000644e (0xbbcf1737) lui     a4, 0xbbcf1
core   0: 3 0x8000644e (0xbbcf1737) x14 0xbbcf1000
core   0: 0x80006452 (0x0106aa33) slt     s4, a3, a6
core   0: 3 0x80006452 (0x0106aa33) x20 0x00000000
core   0: 0x80006456 (0x130bef13) ori     t5, s7, 304
core   0: 3 0x80006456 (0x130bef13) x30 0x00000130
core   0: 0x8000645a (0x00000001) c.nop
core   0: 3 0x8000645a (0x0001)
core   0: 0x8000645c (0x010de363) bltu    s11, a6, pc + 6
core   0: 3 0x8000645c (0x010de363)
core   0: 0x80006460 (0x000086d1) c.srai  a3, 20
core   0: 3 0x80006460 (0x86d1) x13 0x000007ff
core   0: 0x80006462 (0x4d901817) auipc   a6, 0x4d901
core   0: 3 0x80006462 (0x4d901817) x16 0xcd907462
core   0: 0x80006466 (0x01e85393) srli    t2, a6, 30
core   0: 3 0x80006466 (0x01e85393) x 7 0x00000003
core   0: 0x8000646a (0x0000e909) c.bnez  a0, pc + 18
core   0: 3 0x8000646a (0xe909)
core   0: 0x8000647c (0x01c0da93) srli    s5, ra, 28
core   0: 3 0x8000647c (0x01c0da93) x21 0x00000000
core   0: 0x80006480 (0x00008fe9) c.and   a5, a0
core   0: 3 0x80006480 (0x8fe9) x15 0x00000000
core   0: 0x80006482 (0x00a75263) bge     a4, a0, pc + 4
core   0: 3 0x80006482 (0x00a75263)
core   0: 0x80006486 (0x416e8db3) sub     s11, t4, s6
core   0: 3 0x80006486 (0x416e8db3) x27 0x00000018
core   0: 0x8000648a (0x000f8d33) add     s10, t6, zero
core   0: 3 0x8000648a (0x000f8d33) x26 0x00000000
core   0: 0x8000648e (0x0000100f) fence.i
core   0: 3 0x8000648e (0x0000100f)
core   0: 0x80006492 (0x014b6963) bltu    s6, s4, pc + 18
core   0: 3 0x80006492 (0x014b6963)
core   0: 0x80006496 (0x004cd313) srli    t1, s9, 4
core   0: 3 0x80006496 (0x004cd313) x 6 0x00000000
core   0: 0x8000649a (0x00009b7d) c.andi  a4, -1
core   0: 3 0x8000649a (0x9b7d) x14 0xbbcf1000
core   0: 0x8000649c (0xcbbfe597) auipc   a1, 0xcbbfe
core   0: 3 0x8000649c (0xcbbfe597) x11 0x4bc0449c
core   0: 0x800064a0 (0x004e7b33) and     s6, t3, tp
core   0: 3 0x800064a0 (0x004e7b33) x22 0x80000400
core   0: 0x800064a4 (0x00006625) c.lui   a2, 0x9
core   0: 3 0x800064a4 (0x6625) x12 0x00009000
core   0: 0x800064a6 (0x00008865) c.andi  s0, 25
core   0: 3 0x800064a6 (0x8865) x 8 0x00000001
core   0: 0x800064a8 (0xa2a56093) ori     ra, a0, -1494
core   0: 3 0x800064a8 (0xa2a56093) x 1 0xfffffbba
core   0: 0x800064ac (0x00009a9e) c.add   s5, t2
core   0: 3 0x800064ac (0x9a9e) x21 0x00000003
core   0: 0x800064ae (0x028e7fb3) remu    t6, t3, s0
core   0: 3 0x800064ae (0x028e7fb3) x31 0x00000000
core   0: 0x800064b2 (0x0000645d) c.lui   s0, 0x17
core   0: 3 0x800064b2 (0x645d) x 8 0x00017000
core   0: 0x800064b4 (0x0ff0000f) fence   iorw,iorw
core   0: 3 0x800064b4 (0x0ff0000f)
core   0: 0x800064b8 (0x00974ab3) xor     s5, a4, s1
core   0: 3 0x800064b8 (0x00974ab3) x21 0xbbcf1000
core   0: 0x800064bc (0x00c10433) add     s0, sp, a2
core   0: 3 0x800064bc (0x00c10433) x 8 0x0000900c
core   0: 0x800064c0 (0x0000452d) c.li    a0, 11
core   0: 3 0x800064c0 (0x452d) x10 0x0000000b
core   0: 0x800064c2 (0xb1afb513) sltiu   a0, t6, -1254
core   0: 3 0x800064c2 (0xb1afb513) x10 0x00000001
core   0: 0x800064c6 (0x00464933) xor     s2, a2, tp
core   0: 3 0x800064c6 (0x00464933) x18 0x8002fce4
core   0: 0x800064ca (0x001a6c33) or      s8, s4, ra
core   0: 3 0x800064ca (0x001a6c33) x24 0xfffffbba
core   0: 0x800064ce (0x01a27b33) and     s6, tp, s10
core   0: 3 0x800064ce (0x01a27b33) x22 0x00000000
core   0: 0x800064d2 (0x00000001) c.nop
core   0: 3 0x800064d2 (0x0001)
core   0: 0x800064d4 (0x038f60b3) rem     ra, t5, s8
core   0: 3 0x800064d4 (0x038f60b3) x 1 0x00000130
core   0: 0x800064d8 (0x142d2013) slti    zero, s10, 322
core   0: 3 0x800064d8 (0x142d2013)
core   0: 0x800064dc (0x40f55f93) srai    t6, a0, 15
core   0: 3 0x800064dc (0x40f55f93) x31 0x00000000
core   0: 0x800064e0 (0x00029613) slli    a2, t0, 0
core   0: 3 0x800064e0 (0x00029613) x12 0x80022e34
core   0: 0x800064e4 (0x01426733) or      a4, tp, s4
core   0: 3 0x800064e4 (0x01426733) x14 0x80026ce4
core   0: 0x800064e8 (0x00006cd9) c.lui   s9, 0x16
core   0: 3 0x800064e8 (0x6cd9) x25 0x00016000
core   0: 0x800064ea (0x00000001) c.nop
core   0: 3 0x800064ea (0x0001)
core   0: 0x800064ec (0x032e09b3) mul     s3, t3, s2
core   0: 3 0x800064ec (0x032e09b3) x19 0x41ea2b28
core   0: 0x800064f0 (0x000003ca) c.slli  t2, 18
core   0: 3 0x800064f0 (0x03ca) x 7 0x000c0000
core   0: 0x800064f2 (0x0000ce81) c.beqz  a3, pc + 24
core   0: 3 0x800064f2 (0xce81)
core   0: 0x800064f4 (0x3eff3f37) lui     t5, 0x3eff3
core   0: 3 0x800064f4 (0x3eff3f37) x30 0x3eff3000
core   0: 0x800064f8 (0x003c3ab3) sltu    s5, s8, gp
core   0: 3 0x800064f8 (0x003c3ab3) x21 0x00000000
core   0: 0x800064fc (0x033325b3) mulhsu  a1, t1, s3
core   0: 3 0x800064fc (0x033325b3) x11 0x00000000
core   0: 0x80006500 (0xb5cc7e13) andi    t3, s8, -1188
core   0: 3 0x80006500 (0xb5cc7e13) x28 0xfffffb18
core   0: 0x80006504 (0x0000890d) c.andi  a0, 3
core   0: 3 0x80006504 (0x890d) x10 0x00000001
core   0: 0x80006506 (0x0097dcb3) srl     s9, a5, s1
core   0: 3 0x80006506 (0x0097dcb3) x25 0x00000000
core   0: 0x8000650a (0x02e0f9b3) remu    s3, ra, a4
core   0: 3 0x8000650a (0x02e0f9b3) x19 0x00000130
core   0: 0x8000650e (0x006e19b3) sll     s3, t3, t1
core   0: 3 0x8000650e (0x006e19b3) x19 0xfffffb18
core   0: 0x80006512 (0x00000001) c.nop
core   0: 3 0x80006512 (0x0001)
core   0: 0x80006514 (0x00008661) c.srai  a2, 24
core   0: 3 0x80006514 (0x8661) x12 0xffffff80
core   0: 0x80006516 (0x019f9093) slli    ra, t6, 25
core   0: 3 0x80006516 (0x019f9093) x 1 0x00000000
core   0: 0x8000651a (0x0276e1b3) rem     gp, a3, t2
core   0: 3 0x8000651a (0x0276e1b3) x 3 0x000007ff
core   0: 0x8000651e (0x00005f7d) c.li    t5, -1
core   0: 3 0x8000651e (0x5f7d) x30 0xffffffff
core   0: 0x80006520 (0x01daa3b3) slt     t2, s5, t4
core   0: 3 0x80006520 (0x01daa3b3) x 7 0x00000001
core   0: 0x80006524 (0x034e5cb3) divu    s9, t3, s4
core   0: 3 0x80006524 (0x034e5cb3) x25 0xffffffff
core   0: 0x80006528 (0x00005e7d) c.li    t3, -1
core   0: 3 0x80006528 (0x5e7d) x28 0xffffffff
core   0: 0x8000652a (0x00e756b3) srl     a3, a4, a4
core   0: 3 0x8000652a (0x00e756b3) x13 0x080026ce
core   0: 0x8000652e (0x020aab33) mulhsu  s6, s5, zero
core   0: 3 0x8000652e (0x020aab33) x22 0x00000000
core   0: 0x80006532 (0x0140bbb3) sltu    s7, ra, s4
core   0: 3 0x80006532 (0x0140bbb3) x23 0x00000000
core   0: 0x80006536 (0x037f0d63) beq     t5, s7, pc + 58
core   0: 3 0x80006536 (0x037f0d63)
core   0: 0x8000653a (0x00000475) c.addi  s0, 29
core   0: 3 0x8000653a (0x0475) x 8 0x00009029
core   0: 0x8000653c (0x3d4f0693) addi    a3, t5, 980
core   0: 3 0x8000653c (0x3d4f0693) x13 0x000003d3
core   0: 0x80006540 (0x000067ad) c.lui   a5, 0xb
core   0: 3 0x80006540 (0x67ad) x15 0x0000b000
core   0: 0x80006542 (0x026af933) remu    s2, s5, t1
core   0: 3 0x80006542 (0x026af933) x18 0x00000000
core   0: 0x80006546 (0x01dd7bb3) and     s7, s10, t4
core   0: 3 0x80006546 (0x01dd7bb3) x23 0x00000000
core   0: 0x8000654a (0x005c1bb3) sll     s7, s8, t0
core   0: 3 0x8000654a (0x005c1bb3) x23 0xbba00000
core   0: 0x8000654e (0x01059333) sll     t1, a1, a6
core   0: 3 0x8000654e (0x01059333) x 6 0x00000000
core   0: 0x80006552 (0x00008f1d) c.sub   a4, a5
core   0: 3 0x80006552 (0x8f1d) x14 0x8001bce4
core   0: 0x80006554 (0x03d1c163) blt     gp, t4, pc + 34
core   0: 3 0x80006554 (0x03d1c163)
core   0: 0x80006558 (0x00d8a9b3) slt     s3, a7, a3
core   0: 3 0x80006558 (0x00d8a9b3) x19 0x00000001
core   0: 0x8000655c (0x00000ff5) c.addi  t6, 29
core   0: 3 0x8000655c (0x0ff5) x31 0x0000001d
core   0: 0x8000655e (0x00009fae) c.add   t6, a1
core   0: 3 0x8000655e (0x9fae) x31 0x0000001d
core   0: 0x80006560 (0x020ed733) divu    a4, t4, zero
core   0: 3 0x80006560 (0x020ed733) x14 0xffffffff
core   0: 0x80006564 (0x0000890a) c.mv    s2, sp
core   0: 3 0x80006564 (0x890a) x18 0x0000000c
core   0: 0x80006566 (0x01c4b533) sltu    a0, s1, t3
core   0: 3 0x80006566 (0x01c4b533) x10 0x00000001
core   0: 0x8000656a (0x00008d01) c.sub   a0, s0
core   0: 3 0x8000656a (0x8d01) x10 0xffff6fd8
core   0: 0x8000656c (0xcc453317) auipc   t1, 0xcc453
core   0: 3 0x8000656c (0xcc453317) x 6 0x4c45956c
core   0: 0x80006570 (0x00006e35) c.lui   t3, 0xd
core   0: 3 0x80006570 (0x6e35) x28 0x0000d000
core   0: 0x80006572 (0xa758e493) ori     s1, a7, -1419
core   0: 3 0x80006572 (0xa758e493) x 9 0xfffffa7d
core   0: 0x80006576 (0x0340e3b3) rem     t2, ra, s4
core   0: 3 0x80006576 (0x0340e3b3) x 7 0x00000000
core   0: 0x8000657a (0x0000567d) c.li    a2, -1
core   0: 3 0x8000657a (0x567d) x12 0xffffffff
core   0: 0x8000657c (0xdd1aaa93) slti    s5, s5, -559
core   0: 3 0x8000657c (0xdd1aaa93) x21 0x00000000
core   0: 0x80006580 (0x01788963) beq     a7, s7, pc + 18
core   0: 3 0x80006580 (0x01788963)
core   0: 0x80006584 (0x0000997d) c.andi  a0, -1
core   0: 3 0x80006584 (0x997d) x10 0xffff6fd8
core   0: 0x80006586 (0xa3d8f013) andi    zero, a7, -1475
core   0: 3 0x80006586 (0xa3d8f013)
core   0: 0x8000658a (0x0ff0000f) fence   iorw,iorw
core   0: 3 0x8000658a (0x0ff0000f)
core   0: 0x8000658e (0x3a242313) slti    t1, s0, 930
core   0: 3 0x8000658e (0x3a242313) x 6 0x00000000
core   0: 0x80006592 (0xdcdc1417) auipc   s0, 0xdcdc1
core   0: 3 0x80006592 (0xdcdc1417) x 8 0x5cdc7592
core   0: 0x80006596 (0x000060cd) c.lui   ra, 0x13
core   0: 3 0x80006596 (0x60cd) x 1 0x00013000
core   0: 0x80006598 (0x00008d71) c.and   a0, a2
core   0: 3 0x80006598 (0x8d71) x10 0xffff6fd8
core   0: 0x8000659a (0x06cd0993) addi    s3, s10, 108
core   0: 3 0x8000659a (0x06cd0993) x19 0x0000006c
core   0: 0x8000659e (0xb63faa93) slti    s5, t6, -1181
core   0: 3 0x8000659e (0xb63faa93) x21 0x00000000
core   0: 0x800065a2 (0x000082ad) c.srli  a3, 11
core   0: 3 0x800065a2 (0x82ad) x13 0x00000000
core   0: 0x800065a4 (0x014fafb3) slt     t6, t6, s4
core   0: 3 0x800065a4 (0x014fafb3) x31 0x00000000
core   0: 0x800065a8 (0x4113d7b3) sra     a5, t2, a7
core   0: 3 0x800065a8 (0x4113d7b3) x15 0x00000000
core   0: 0x800065ac (0x0137dd63) bge     a5, s3, pc + 26
core   0: 3 0x800065ac (0x0137dd63)
core   0: 0x800065b0 (0x0000896a) c.mv    s2, s10
core   0: 3 0x800065b0 (0x896a) x18 0x00000000
core   0: 0x800065b2 (0x03065b33) divu    s6, a2, a6
core   0: 3 0x800065b2 (0x03065b33) x22 0x00000001
core   0: 0x800065b6 (0x00005e7d) c.li    t3, -1
core   0: 3 0x800065b6 (0x5e7d) x28 0xffffffff
core   0: 0x800065b8 (0x038d0933) mul     s2, s10, s8
core   0: 3 0x800065b8 (0x038d0933) x18 0x00000000
core   0: 0x800065bc (0x000094c6) c.add   s1, a7
core   0: 3 0x800065bc (0x94c6) x 9 0xfffffa89
core   0: 0x800065be (0x3bb8a793) slti    a5, a7, 955
core   0: 3 0x800065be (0x3bb8a793) x15 0x00000001
core   0: 0x800065c2 (0x000082a5) c.srli  a3, 9
core   0: 3 0x800065c2 (0x82a5) x13 0x00000000
core   0: 0x800065c4 (0x000006fd) c.addi  a3, 31
core   0: 3 0x800065c4 (0x06fd) x13 0x0000001f
core   0: 0x800065c6 (0x03a4b4b3) mulhu   s1, s1, s10
core   0: 3 0x800065c6 (0x03a4b4b3) x 9 0x00000000
core   0: 0x800065ca (0x00a196b3) sll     a3, gp, a0
core   0: 3 0x800065ca (0x00a196b3) x13 0xff000000
core   0: 0x800065ce (0x013b9333) sll     t1, s7, s3
core   0: 3 0x800065ce (0x013b9333) x 6 0x00000000
core   0: 0x800065d2 (0x00008db9) c.xor   a1, a4
core   0: 3 0x800065d2 (0x8db9) x11 0xffffffff
core   0: 0x800065d4 (0x03581fb3) mulh    t6, a6, s5
core   0: 3 0x800065d4 (0x03581fb3) x31 0x00000000
core   0: 0x800065d8 (0x00d6a5b3) slt     a1, a3, a3
core   0: 3 0x800065d8 (0x00d6a5b3) x11 0x00000000
core   0: 0x800065dc (0x01f74fb3) xor     t6, a4, t6
core   0: 3 0x800065dc (0x01f74fb3) x31 0xffffffff
core   0: 0x800065e0 (0x00008f1d) c.sub   a4, a5
core   0: 3 0x800065e0 (0x8f1d) x14 0xfffffffe
core   0: 0x800065e2 (0x0000975e) c.add   a4, s7
core   0: 3 0x800065e2 (0x975e) x14 0xbb9ffffe
core   0: 0x800065e4 (0x037c6a33) rem     s4, s8, s7
core   0: 3 0x800065e4 (0x037c6a33) x20 0xfffffbba
core   0: 0x800065e8 (0x0000567d) c.li    a2, -1
core   0: 3 0x800065e8 (0x567d) x12 0xffffffff
core   0: 0x800065ea (0x0309f5b3) remu    a1, s3, a6
core   0: 3 0x800065ea (0x0309f5b3) x11 0x0000006c
core   0: 0x800065ee (0x0000c715) c.beqz  a4, pc + 44
core   0: 3 0x800065ee (0xc715)
core   0: 0x800065f0 (0x3068b793) sltiu   a5, a7, 774
core   0: 3 0x800065f0 (0x3068b793) x15 0x00000001
core   0: 0x800065f4 (0x00000001) c.nop
core   0: 3 0x800065f4 (0x0001)
core   0: 0x800065f6 (0x01c30cb3) add     s9, t1, t3
core   0: 3 0x800065f6 (0x01c30cb3) x25 0xffffffff
core   0: 0x800065fa (0x00145033) srl     zero, s0, ra
core   0: 3 0x800065fa (0x00145033)
core   0: 0x800065fe (0x00008ca9) c.xor   s1, a0
core   0: 3 0x800065fe (0x8ca9) x 9 0xffff6fd8
core   0: 0x80006600 (0x004a57b3) srl     a5, s4, tp
core   0: 3 0x80006600 (0x004a57b3) x15 0x0fffffbb
core   0: 0x80006604 (0x0ff0000f) fence   iorw,iorw
core   0: 3 0x80006604 (0x0ff0000f)
core   0: 0x80006608 (0x00a5d513) srli    a0, a1, 10
core   0: 3 0x80006608 (0x00a5d513) x10 0x00000000
core   0: 0x8000660c (0x60d1e413) ori     s0, gp, 1549
core   0: 3 0x8000660c (0x60d1e413) x 8 0x000007ff
core   0: 0x80006610 (0x02d3e163) bltu    t2, a3, pc + 34
core   0: 3 0x80006610 (0x02d3e163)
core   0: 0x80006632 (0x03d7d533) divu    a0, a5, t4
core   0: 3 0x80006632 (0x03d7d533) x10 0x00ba2e88
core   0: 0x80006636 (0x0000082a) c.slli  a6, 10
core   0: 3 0x80006636 (0x082a) x16 0x41d18800
core   0: 0x80006638 (0x41a209b3) sub     s3, tp, s10
core   0: 3 0x80006638 (0x41a209b3) x19 0x80026ce4
core   0: 0x8000663c (0x00008d81) c.sub   a1, s0
core   0: 3 0x8000663c (0x8d81) x11 0xfffff86d
core   0: 0x8000663e (0x40448c33) sub     s8, s1, tp
core   0: 3 0x8000663e (0x40448c33) x24 0x7ffd02f4
core   0: 0x80006642 (0x000056fd) c.li    a3, -1
core   0: 3 0x80006642 (0x56fd) x13 0xffffffff
core   0: 0x80006644 (0x5fcc6493) ori     s1, s8, 1532
core   0: 3 0x80006644 (0x5fcc6493) x 9 0x7ffd07fc
core   0: 0x80006648 (0x02659b63) bne     a1, t1, pc + 54
core   0: 3 0x80006648 (0x02659b63)
core   0: 0x8000667e (0x019597b3) sll     a5, a1, s9
core   0: 3 0x8000667e (0x019597b3) x15 0x80000000
core   0: 0x80006682 (0x960a8693) addi    a3, s5, -1696
core   0: 3 0x80006682 (0x960a8693) x13 0xfffff960
core   0: 0x80006686 (0x00006af9) c.lui   s5, 0x1e
core   0: 3 0x80006686 (0x6af9) x21 0x0001e000
core   0: 0x80006688 (0x043b8463) beq     s7, gp, pc + 72
core   0: 3 0x80006688 (0x043b8463)
core   0: 0x8000668c (0x034466b3) rem     a3, s0, s4
core   0: 3 0x8000668c (0x034466b3) x13 0x000003b9
core   0: 0x80006690 (0x00000001) c.nop
core   0: 3 0x80006690 (0x0001)
core   0: 0x80006692 (0x01b35f93) srli    t6, t1, 27
core   0: 3 0x80006692 (0x01b35f93) x31 0x00000000
core   0: 0x80006696 (0x03c97eb3) remu    t4, s2, t3
core   0: 3 0x80006696 (0x03c97eb3) x29 0x00000000
core   0: 0x8000669a (0x01dc1263) bne     s8, t4, pc + 4
core   0: 3 0x8000669a (0x01dc1263)
core   0: 0x8000669e (0x03e95bb3) divu    s7, s2, t5
core   0: 3 0x8000669e (0x03e95bb3) x23 0x00000000
core   0: 0x800066a2 (0x00ea1793) slli    a5, s4, 14
core   0: 3 0x800066a2 (0x00ea1793) x15 0xfeee8000
core   0: 0x800066a6 (0x01500cb3) add     s9, zero, s5
core   0: 3 0x800066a6 (0x01500cb3) x25 0x0001e000
core   0: 0x800066aa (0x1b31cb37) lui     s6, 0x1b31c
core   0: 3 0x800066aa (0x1b31cb37) x22 0x1b31c000
core   0: 0x800066ae (0x0000100f) fence.i
core   0: 3 0x800066ae (0x0000100f)
core   0: 0x800066b2 (0x00009712) c.add   a4, tp
core   0: 3 0x800066b2 (0x9712) x14 0x3ba26ce2
core   0: 0x800066b4 (0x07f87493) andi    s1, a6, 127
core   0: 3 0x800066b4 (0x07f87493) x 9 0x00000000
core   0: 0x800066b8 (0x01107263) bgeu    zero, a7, pc + 4
core   0: 3 0x800066b8 (0x01107263)
core   0: 0x800066bc (0x7c946513) ori     a0, s0, 1993
core   0: 3 0x800066bc (0x7c946513) x10 0x000007ff
core   0: 0x800066c0 (0x00009a1a) c.add   s4, t1
core   0: 3 0x800066c0 (0x9a1a) x20 0xfffffbba
core   0: 0x800066c2 (0x02279433) mulh    s0, a5, sp
core   0: 3 0x800066c2 (0x02279433) x 8 0xffffffff
core   0: 0x800066c6 (0x023de533) rem     a0, s11, gp
core   0: 3 0x800066c6 (0x023de533) x10 0x00000018
core   0: 0x800066ca (0x4e31e393) ori     t2, gp, 1251
core   0: 3 0x800066ca (0x4e31e393) x 7 0x000007ff
core   0: 0x800066ce (0x00008a95) c.andi  a3, 5
core   0: 3 0x800066ce (0x8a95) x13 0x00000001
core   0: 0x800066d0 (0x02086533) rem     a0, a6, zero
core   0: 3 0x800066d0 (0x02086533) x10 0x41d18800
core   0: 0x800066d4 (0x01f3ca63) blt     t2, t6, pc + 20
core   0: 3 0x800066d4 (0x01f3ca63)
core   0: 0x800066d8 (0x000007fd) c.addi  a5, 31
core   0: 3 0x800066d8 (0x07fd) x15 0xfeee801f
core   0: 0x800066da (0x00004e4d) c.li    t3, 19
core   0: 3 0x800066da (0x4e4d) x28 0x00000013
core   0: 0x800066dc (0x0000ce15) c.beqz  a2, pc + 60
core   0: 3 0x800066dc (0xce15)
core   0: 0x800066de (0x0ff0000f) fence   iorw,iorw
core   0: 3 0x800066de (0x0ff0000f)
core   0: 0x800066e2 (0x00d4a9b3) slt     s3, s1, a3
core   0: 3 0x800066e2 (0x00d4a9b3) x19 0x00000001
core   0: 0x800066e6 (0x00008909) c.andi  a0, 2
core   0: 3 0x800066e6 (0x8909) x10 0x00000000
core   0: 0x800066e8 (0x000082d9) c.srli  a3, 22
core   0: 3 0x800066e8 (0x82d9) x13 0x00000000
core   0: 0x800066ea (0x00009e46) c.add   t3, a7
core   0: 3 0x800066ea (0x9e46) x28 0x0000001f
core   0: 0x800066ec (0x000087a9) c.srai  a5, 10
core   0: 3 0x800066ec (0x87a9) x15 0xffffbba0
core   0: 0x800066ee (0x00d57e63) bgeu    a0, a3, pc + 28
core   0: 3 0x800066ee (0x00d57e63)
core   0: 0x8000670a (0x0000eb8d) c.bnez  a5, pc + 50
core   0: 3 0x8000670a (0xeb8d)
core   0: 0x8000673c (0x57ac3f93) sltiu   t6, s8, 1402
core   0: 3 0x8000673c (0x57ac3f93) x31 0x00000000
core   0: 0x80006740 (0xcb848413) addi    s0, s1, -840
core   0: 3 0x80006740 (0xcb848413) x 8 0xfffffcb8
core   0: 0x80006744 (0x00008dd1) c.or    a1, a2
core   0: 3 0x80006744 (0x8dd1) x11 0xffffffff
core   0: 0x80006746 (0x00a1d633) srl     a2, gp, a0
core   0: 3 0x80006746 (0x00a1d633) x12 0x000007ff
core   0: 0x8000674a (0x00301463) bne     zero, gp, pc + 8
core   0: 3 0x8000674a (0x00301463)
core   0: 0x80006752 (0x032964b3) rem     s1, s2, s2
core   0: 3 0x80006752 (0x032964b3) x 9 0x00000000
core   0: 0x80006756 (0x006858b3) srl     a7, a6, t1
core   0: 3 0x80006756 (0x006858b3) x17 0x41d18800
core   0: 0x8000675a (0x01a2c463) blt     t0, s10, pc + 8
core   0: 3 0x8000675a (0x01a2c463)
core   0: 0x80006762 (0x03e48a33) mul     s4, s1, t5
core   0: 3 0x80006762 (0x03e48a33) x20 0x00000000
core   0: 0x80006766 (0x01c706b3) add     a3, a4, t3
core   0: 3 0x80006766 (0x01c706b3) x13 0x3ba26d01
core   0: 0x8000676a (0xb2dc2e13) slti    t3, s8, -1235
core   0: 3 0x8000676a (0xb2dc2e13) x28 0x00000000
core   0: 0x8000676e (0x020f3633) mulhu   a2, t5, zero
core   0: 3 0x8000676e (0x020f3633) x12 0x00000000
core   0: 0x80006772 (0x00008f99) c.sub   a5, a4
core   0: 3 0x80006772 (0x8f99) x15 0xc45d4ebe
core   0: 0x80006774 (0x40545b13) srai    s6, s0, 5
core   0: 3 0x80006774 (0x40545b13) x22 0xffffffe5
core   0: 0x80006778 (0x4f45a513) slti    a0, a1, 1268
core   0: 3 0x80006778 (0x4f45a513) x10 0x00000001
core   0: 0x8000677c (0x000082f9) c.srli  a3, 30
core   0: 3 0x8000677c (0x82f9) x13 0x00000000
core   0: 0x8000677e (0x01c5da33) srl     s4, a1, t3
core   0: 3 0x8000677e (0x01c5da33) x20 0xffffffff
core   0: 0x80006782 (0x00005c7d) c.li    s8, -1
core   0: 3 0x80006782 (0x5c7d) x24 0xffffffff
core   0: 0x80006784 (0x02c68d33) mul     s10, a3, a2
core   0: 3 0x80006784 (0x02c68d33) x26 0x00000000
core   0: 0x80006788 (0x03590b33) mul     s6, s2, s5
core   0: 3 0x80006788 (0x03590b33) x22 0x00000000
core   0: 0x8000678c (0x41f601b3) sub     gp, a2, t6
core   0: 3 0x8000678c (0x41f601b3) x 3 0x00000000
core   0: 0x80006790 (0x00008fa5) c.xor   a5, s1
core   0: 3 0x80006790 (0x8fa5) x15 0xc45d4ebe
core   0: 0x80006792 (0x0042ac83) lw      s9, 4(t0)
core   0: 3 0x80006792 (0x0042ac83) x25 0x80009c3a mem 0x80022e38
core   0: 0x80006796 (0x00006a59) c.lui   s4, 0x16
core   0: 3 0x80006796 (0x6a59) x20 0x00016000
core   0: 0x80006798 (0x02428293) addi    t0, t0, 36
core   0: 3 0x80006798 (0x02428293) x 5 0x80022e58
core   0: 0x8000679c (0x84852517) auipc   a0, 0x84852
core   0: 3 0x8000679c (0x84852517) x10 0x0485879c
core   0: 0x800067a0 (0x40315a93) srai    s5, sp, 3
core   0: 3 0x800067a0 (0x40315a93) x21 0x00000001
core   0: 0x800067a4 (0x012b7b33) and     s6, s6, s2
core   0: 3 0x800067a4 (0x012b7b33) x22 0x00000000
core   0: 0x800067a8 (0x000c8b13) mv      s6, s9
core   0: 3 0x800067a8 (0x000c8b13) x22 0x80009c3a
core   0: 0x800067ac (0x00008b02) c.jr    s6
core   0: 3 0x800067ac (0x8b02)
core   0: 0x80009c3a (0x00000d97) auipc   s11, 0x0
core   0: 3 0x80009c3a (0x00000d97) x27 0x80009c3a
core   0: 0x80009c3e (0x442d8d93) addi    s11, s11, 1090
core   0: 3 0x80009c3e (0x442d8d93) x27 0x8000a07c
core   0: 0x80009c42 (0x00000001) c.nop
core   0: 3 0x80009c42 (0x0001)
core   0: 0x80009c44 (0x00000001) c.nop
core   0: 3 0x80009c44 (0x0001)
core   0: 0x80009c46 (0x00004661) c.li    a2, 24
core   0: 3 0x80009c46 (0x4661) x12 0x00000018
core   0: 0x80009c48 (0x00008f6d) c.and   a4, a1
core   0: 3 0x80009c48 (0x8f6d) x14 0x3ba26ce2
core   0: 0x80009c4a (0xdf2d8d93) addi    s11, s11, -526
core   0: 3 0x80009c4a (0xdf2d8d93) x27 0x80009e6e
core   0: 0x80009c4e (0x01519c33) sll     s8, gp, s5
core   0: 3 0x80009c4e (0x01519c33) x24 0x00000000
core   0: 0x80009c52 (0x54272313) slti    t1, a4, 1346
core   0: 3 0x80009c52 (0x54272313) x 6 0x00000000
core   0: 0x80009c56 (0x20ed8ce7) jalr    s9, s11, 526
core   0: 3 0x80009c56 (0x20ed8ce7) x25 0x80009c5a
core   0: 0x8000a07c (0x02b44033) div     zero, s0, a1
core   0: 3 0x8000a07c (0x02b44033)
core   0: 0x8000a080 (0x5c97ff13) andi    t5, a5, 1481
core   0: 3 0x8000a080 (0x5c97ff13) x30 0x00000488
core   0: 0x8000a084 (0x41fe5013) srai    zero, t3, 31
core   0: 3 0x8000a084 (0x41fe5013)
core   0: 0x8000a088 (0x2d58aa37) lui     s4, 0x2d58a
core   0: 3 0x8000a088 (0x2d58aa37) x20 0x2d58a000
core   0: 0x8000a08c (0x00001291) c.addi  t0, -28
core   0: 3 0x8000a08c (0x1291) x 5 0x80022e3c
core   0: 0x8000a08e (0x015edd33) srl     s10, t4, s5
core   0: 3 0x8000a08e (0x015edd33) x26 0x00000000
core   0: 0x8000a092 (0x01f78c33) add     s8, a5, t6
core   0: 3 0x8000a092 (0x01f78c33) x24 0xc45d4ebe
core   0: 0x8000a096 (0x03bb6f33) rem     t5, s6, s11
core   0: 3 0x8000a096 (0x03bb6f33) x30 0xfffffdcc
core   0: 0x8000a09a (0x0192a223) sw      s9, 4(t0)
core   0: 3 0x8000a09a (0x0192a223) mem 0x80022e40 0x80009c5a
core   0: 0x8000a09e (0x00000001) c.nop
core   0: 3 0x8000a09e (0x0001)
core   0: 0x8000a0a0 (0x005b75b3) and     a1, s6, t0
core   0: 3 0x8000a0a0 (0x005b75b3) x11 0x80000c38
core   0: 0x8000a0a4 (0x00009d97) auipc   s11, 0x9
core   0: 3 0x8000a0a4 (0x00009d97) x27 0x800130a4
core   0: 0x8000a0a8 (0x79ad8d93) addi    s11, s11, 1946
core   0: 3 0x8000a0a8 (0x79ad8d93) x27 0x8001383e
core   0: 0x8000a0ac (0x401e8eb3) sub     t4, t4, ra
core   0: 3 0x8000a0ac (0x401e8eb3) x29 0xfffed000
core   0: 0x8000a0b0 (0x00000001) c.nop
core   0: 3 0x8000a0b0 (0x0001)
core   0: 0x8000a0b2 (0xfe5d8c83) lb      s9, -27(s11)
core   0: 3 0x8000a0b2 (0xfe5d8c83) x25 0xffffffb2 mem 0x80013823
core   0: 0x8000a0b6 (0x41858f33) sub     t5, a1, s8
core   0: 3 0x8000a0b6 (0x41858f33) x30 0xbba2bd7a
core   0: 0x8000a0ba (0x050dd183) lhu     gp, 80(s11)
core   0: 3 0x8000a0ba (0x050dd183) x 3 0x0000463b mem 0x8001388e
core   0: 0x8000a0be (0x01adce03) lbu     t3, 26(s11)
core   0: 3 0x8000a0be (0x01adce03) x28 0x00000086 mem 0x80013858
core   0: 0x8000a0c2 (0x0205b633) mulhu   a2, a1, zero
core   0: 3 0x8000a0c2 (0x0205b633) x12 0x00000000
core   0: 0x8000a0c6 (0x0000100f) fence.i
core   0: 3 0x8000a0c6 (0x0000100f)
core   0: 0x8000a0ca (0xf5adcc03) lbu     s8, -166(s11)
core   0: 3 0x8000a0ca (0xf5adcc03) x24 0x0000009e mem 0x80013798
core   0: 0x8000a0ce (0x02f0d0b3) divu    ra, ra, a5
core   0: 3 0x8000a0ce (0x02f0d0b3) x 1 0x00000000
core   0: 0x8000a0d2 (0x00051393) slli    t2, a0, 0
core   0: 3 0x8000a0d2 (0x00051393) x 7 0x0485879c
core   0: 0x8000a0d6 (0x076dc803) lbu     a6, 118(s11)
core   0: 3 0x8000a0d6 (0x076dc803) x16 0x0000003a mem 0x800138b4
core   0: 0x8000a0da (0x41c65513) srai    a0, a2, 28
core   0: 3 0x8000a0da (0x41c65513) x10 0x00000000
core   0: 0x8000a0de (0xfdad8ea3) sb      s10, -35(s11)
core   0: 3 0x8000a0de (0xfdad8ea3) mem 0x8001381b 0x0
core   0: 0x8000a0e2 (0xd114b737) lui     a4, 0xd114b
core   0: 3 0x8000a0e2 (0xd114b737) x14 0xd114b000
core   0: 0x8000a0e6 (0xe0e77593) andi    a1, a4, -498
core   0: 3 0x8000a0e6 (0xe0e77593) x11 0xd114b000
core   0: 0x8000a0ea (0x003c8933) add     s2, s9, gp
core   0: 3 0x8000a0ea (0x003c8933) x18 0x000045ed
core   0: 0x8000a0ee (0x0a0d8603) lb      a2, 160(s11)
core   0: 3 0x8000a0ee (0x0a0d8603) x12 0xffffff86 mem 0x800138de
core   0: 0x8000a0f2 (0xf1cd8ea3) sb      t3, -227(s11)
core   0: 3 0x8000a0f2 (0xf1cd8ea3) mem 0x8001375b 0x86
core   0: 0x8000a0f6 (0x01cd8223) sb      t3, 4(s11)
core   0: 3 0x8000a0f6 (0x01cd8223) mem 0x80013842 0x86
core   0: 0x8000a0fa (0x0ff0000f) fence   iorw,iorw
core   0: 3 0x8000a0fa (0x0ff0000f)
core   0: 0x8000a0fe (0x41ac0b33) sub     s6, s8, s10
core   0: 3 0x8000a0fe (0x41ac0b33) x22 0x0000009e
core   0: 0x8000a102 (0xf43dca03) lbu     s4, -189(s11)
core   0: 3 0x8000a102 (0xf43dca03) x20 0x000000b2 mem 0x80013781
core   0: 0x8000a106 (0x01ccf7b3) and     a5, s9, t3
core   0: 3 0x8000a106 (0x01ccf7b3) x15 0x00000082
core   0: 0x8000a10a (0x03b07eb3) remu    t4, zero, s11
core   0: 3 0x8000a10a (0x03b07eb3) x29 0x00000000
core   0: 0x8000a10e (0x01bd8f23) sb      s11, 30(s11)
core   0: 3 0x8000a10e (0x01bd8f23) mem 0x8001385c 0x3e
core   0: 0x8000a112 (0xf94d89a3) sb      s4, -109(s11)
core   0: 3 0x8000a112 (0xf94d89a3) mem 0x800137d1 0xb2
core   0: 0x8000a116 (0x00003a97) auipc   s5, 0x3
core   0: 3 0x8000a116 (0x00003a97) x21 0x8000d116
core   0: 0x8000a11a (0x6f4a8a93) addi    s5, s5, 1780
core   0: 3 0x8000a11a (0x6f4a8a93) x21 0x8000d80a
core   0: 0x8000a11e (0x020239b3) mulhu   s3, tp, zero
core   0: 3 0x8000a11e (0x020239b3) x19 0x00000000
core   0: 0x8000a122 (0x0efa87a3) sb      a5, 239(s5)
core   0: 3 0x8000a122 (0x0efa87a3) mem 0x8000d8f9 0x82
core   0: 0x8000a126 (0x40b95613) srai    a2, s2, 11
core   0: 3 0x8000a126 (0x40b95613) x12 0x00000008
core   0: 0x8000a12a (0x023c0733) mul     a4, s8, gp
core   0: 3 0x8000a12a (0x023c0733) x14 0x002b586a
core   0: 0x8000a12e (0xfbba9c23) sh      s11, -72(s5)
core   0: 3 0x8000a12e (0xfbba9c23) mem 0x8000d7c2 0x383e
core   0: 0x8000a132 (0x0bda89a3) sb      t4, 179(s5)
core   0: 3 0x8000a132 (0x0bda89a3) mem 0x8000d8bd 0x0
core   0: 0x8000a136 (0x007faeb3) slt     t4, t6, t2
core   0: 3 0x8000a136 (0x007faeb3) x29 0x00000001
core   0: 0x8000a13a (0x8fab3c93) sltiu   s9, s6, -1798
core   0: 3 0x8000a13a (0x8fab3c93) x25 0x00000001
core   0: 0x8000a13e (0x00000001) c.nop
core   0: 3 0x8000a13e (0x0001)
core   0: 0x8000a140 (0xff1f0793) addi    a5, t5, -15
core   0: 3 0x8000a140 (0xff1f0793) x15 0xbba2bd6b
core   0: 0x8000a144 (0xf91acc83) lbu     s9, -111(s5)
core   0: 3 0x8000a144 (0xf91acc83) x25 0x000000fe mem 0x8000d79b
core   0: 0x8000a148 (0x00000001) c.nop
core   0: 3 0x8000a148 (0x0001)
core   0: 0x8000a14a (0x00000001) c.nop
core   0: 3 0x8000a14a (0x0001)
core   0: 0x8000a14c (0xf08ac483) lbu     s1, -248(s5)
core   0: 3 0x8000a14c (0xf08ac483) x 9 0x00000063 mem 0x8000d712
core   0: 0x8000a150 (0x1a6be593) ori     a1, s7, 422
core   0: 3 0x8000a150 (0x1a6be593) x11 0x000001a6
core   0: 0x8000a154 (0x00008e39) c.xor   a2, a4
core   0: 3 0x8000a154 (0x8e39) x12 0x002b5862
core   0: 0x8000a156 (0x8d8e4f93) xori    t6, t3, -1832
core   0: 3 0x8000a156 (0x8d8e4f93) x31 0xfffff85e
core   0: 0x8000a15a (0x0dea8e23) sb      t5, 220(s5)
core   0: 3 0x8000a15a (0x0dea8e23) mem 0x8000d8e6 0x7a
core   0: 0x8000a15e (0x410cde33) sra     t3, s9, a6
core   0: 3 0x8000a15e (0x410cde33) x28 0x00000000
core   0: 0x8000a162 (0x00d443b3) xor     t2, s0, a3
core   0: 3 0x8000a162 (0x00d443b3) x 7 0xfffffcb8
core   0: 0x8000a166 (0x02ee4633) div     a2, t3, a4
core   0: 3 0x8000a166 (0x02ee4633) x12 0x00000000
core   0: 0x8000a16a (0xf17a8b83) lb      s7, -233(s5)
core   0: 3 0x8000a16a (0xf17a8b83) x23 0xffffffae mem 0x8000d721
core   0: 0x8000a16e (0x004ba5b3) slt     a1, s7, tp
core   0: 3 0x8000a16e (0x004ba5b3) x11 0x00000000
core   0: 0x8000a172 (0x04dacc83) lbu     s9, 77(s5)
core   0: 3 0x8000a172 (0x04dacc83) x25 0x00000069 mem 0x8000d857
core   0: 0x8000a176 (0x00000cf1) c.addi  s9, 28
core   0: 3 0x8000a176 (0x0cf1) x25 0x00000085
core   0: 0x8000a178 (0xf8da8fa3) sb      a3, -97(s5)
core   0: 3 0x8000a178 (0xf8da8fa3) mem 0x8000d7a9 0x0
core   0: 0x8000a17c (0x0c7ac703) lbu     a4, 199(s5)
core   0: 3 0x8000a17c (0x0c7ac703) x14 0x00000065 mem 0x8000d8d1
core   0: 0x8000a180 (0x038dc7b3) div     a5, s11, s8
core   0: 3 0x8000a180 (0x038dc7b3) x15 0xff309d86
core   0: 0x8000a184 (0xf01a8303) lb      t1, -255(s5)
core   0: 3 0x8000a184 (0xf01a8303) x 6 0xffffffb2 mem 0x8000d70b
core   0: 0x8000a188 (0xd1fc2c93) slti    s9, s8, -737
core   0: 3 0x8000a188 (0xd1fc2c93) x25 0x00000000
core   0: 0x8000a18c (0x09dace83) lbu     t4, 157(s5)
core   0: 3 0x8000a18c (0x09dace83) x29 0x000000f2 mem 0x8000d8a7
core   0: 0x8000a190 (0x00008316) c.mv    t1, t0
core   0: 3 0x8000a190 (0x8316) x 6 0x80022e3c
core   0: 0x8000a192 (0x03eaaf23) sw      t5, 62(s5)
core   0: 3 0x8000a192 (0x03eaaf23) mem 0x8000d848 0xbba2bd7a
core   0: 0x8000a196 (0x0000ca17) auipc   s4, 0xc
core   0: 3 0x8000a196 (0x0000ca17) x20 0x80016196
core   0: 0x8000a19a (0x8ffa0a13) addi    s4, s4, -1793
core   0: 3 0x8000a19a (0x8ffa0a13) x20 0x80015a95
core   0: 0x8000a19e (0x7c7a0223) sb      t2, 1988(s4)
core   0: 3 0x8000a19e (0x7c7a0223) mem 0x80016259 0xb8
core   0: 0x8000a1a2 (0x327a5e83) lhu     t4, 807(s4)
core   0: 3 0x8000a1a2 (0x327a5e83) x29 0x0000be6a mem 0x80015dbc
core   0: 0x8000a1a6 (0x20984013) xori    zero, a6, 521
core   0: 3 0x8000a1a6 (0x20984013)
core   0: 0x8000a1aa (0x053a5503) lhu     a0, 83(s4)
core   0: 3 0x8000a1aa (0x053a5503) x10 0x00008cbf mem 0x80015ae8
core   0: 0x8000a1ae (0x5e7a5183) lhu     gp, 1511(s4)
core   0: 3 0x8000a1ae (0x5e7a5183) x 3 0x00006d0a mem 0x8001607c
core   0: 0x8000a1b2 (0xc39a0d23) sb      s9, -966(s4)
core   0: 3 0x8000a1b2 (0xc39a0d23) mem 0x800156cf 0x0
core   0: 0x8000a1b6 (0x0000100f) fence.i
core   0: 3 0x8000a1b6 (0x0000100f)
core   0: 0x8000a1ba (0xedaa0083) lb      ra, -294(s4)
core   0: 3 0x8000a1ba (0xedaa0083) x 1 0x0000000f mem 0x8001596f
core   0: 0x8000a1be (0x2b4a4083) lbu     ra, 692(s4)
core   0: 3 0x8000a1be (0x2b4a4083) x 1 0x00000015 mem 0x80015d49
core   0: 0x8000a1c2 (0xfb9a0123) sb      s9, -94(s4)
core   0: 3 0x8000a1c2 (0xfb9a0123) mem 0x80015a37 0x0
core   0: 0x8000a1c6 (0x8c2a0b23) sb      sp, -1834(s4)
core   0: 3 0x8000a1c6 (0x8c2a0b23) mem 0x8001536b 0xc
core   0: 0x8000a1ca (0x00002e33) slt     t3, zero, zero
core   0: 3 0x8000a1ca (0x00002e33) x28 0x00000000
core   0: 0x8000a1ce (0x44da18a3) sh      a3, 1105(s4)
core   0: 3 0x8000a1ce (0x44da18a3) mem 0x80015ee6 0x0000
core   0: 0x8000a1d2 (0x000088d1) c.andi  s1, 20
core   0: 3 0x8000a1d2 (0x88d1) x 9 0x00000000
core   0: 0x8000a1d4 (0x00008fb9) c.xor   a5, a4
core   0: 3 0x8000a1d4 (0x8fb9) x15 0xff309de3
core   0: 0x8000a1d6 (0x00350b33) add     s6, a0, gp
core   0: 3 0x8000a1d6 (0x00350b33) x22 0x0000f9c9
core   0: 0x8000a1da (0x40d055b3) sra     a1, zero, a3
core   0: 3 0x8000a1da (0x40d055b3) x11 0x00000000
core   0: 0x8000a1de (0x4e2a0d03) lb      s10, 1250(s4)
core   0: 3 0x8000a1de (0x4e2a0d03) x26 0x00000014 mem 0x80015f77
core   0: 0x8000a1e2 (0xcfca4e03) lbu     t3, -772(s4)
core   0: 3 0x8000a1e2 (0xcfca4e03) x28 0x000000a4 mem 0x80015791
core   0: 0x8000a1e6 (0x00009afd) c.andi  a3, -1
core   0: 3 0x8000a1e6 (0x9afd) x13 0x00000000
core   0: 0x8000a1e8 (0xa63a14a3) sh      gp, -1431(s4)
core   0: 3 0x8000a1e8 (0xa63a14a3) mem 0x800154fe 0x6d0a
core   0: 0x8000a1ec (0x03b31f33) mulh    t5, t1, s11
core   0: 3 0x8000a1ec (0x03b31f33) x30 0x3ffe4cc5
core   0: 0x8000a1f0 (0x757a0223) sb      s7, 1860(s4)
core   0: 3 0x8000a1f0 (0x757a0223) mem 0x800161d9 0xae
core   0: 0x8000a1f4 (0x2eaa4383) lbu     t2, 746(s4)
core   0: 3 0x8000a1f4 (0x2eaa4383) x 7 0x0000002e mem 0x80015d7f
core   0: 0x8000a1f8 (0xaf2a00a3) sb      s2, -1311(s4)
core   0: 3 0x8000a1f8 (0xaf2a00a3) mem 0x80015576 0xed
core   0: 0x8000a1fc (0x0000567d) c.li    a2, -1
core   0: 3 0x8000a1fc (0x567d) x12 0xffffffff
core   0: 0x8000a1fe (0x00bed033) srl     zero, t4, a1
core   0: 3 0x8000a1fe (0x00bed033)
core   0: 0x8000a202 (0x039b3cb3) mulhu   s9, s6, s9
core   0: 3 0x8000a202 (0x039b3cb3) x25 0x00000000
core   0: 0x8000a206 (0x2983f513) andi    a0, t2, 664
core   0: 3 0x8000a206 (0x2983f513) x10 0x00000008
core   0: 0x8000a20a (0x4dfa1703) lh      a4, 1247(s4)
core   0: 3 0x8000a20a (0x4dfa1703) x14 0x00002e2e mem 0x80015f74
core   0: 0x8000a20e (0xc94a0083) lb      ra, -876(s4)
core   0: 3 0x8000a20e (0xc94a0083) x 1 0x00000061 mem 0x80015729
core   0: 0x8000a212 (0xaeba19a3) sh      a1, -1293(s4)
core   0: 3 0x8000a212 (0xaeba19a3) mem 0x80015588 0x0000
core   0: 0x8000a216 (0x00008ec5) c.or    a3, s1
core   0: 3 0x8000a216 (0x8ec5) x13 0x00000000
core   0: 0x8000a218 (0x000003f2) c.slli  t2, 28
core   0: 3 0x8000a218 (0x03f2) x 7 0xe0000000
core   0: 0x8000a21a (0x8a102d93) slti    s11, zero, -1887
core   0: 3 0x8000a21a (0x8a102d93) x27 0x00000000
core   0: 0x8000a21e (0x84ca4c83) lbu     s9, -1972(s4)
core   0: 3 0x8000a21e (0x84ca4c83) x25 0x0000004b mem 0x800152e1
core   0: 0x8000a222 (0x745a5c83) lhu     s9, 1861(s4)
core   0: 3 0x8000a222 (0x745a5c83) x25 0x0000b95d mem 0x800161da
core   0: 0x8000a226 (0x00006e17) auipc   t3, 0x6
core   0: 3 0x8000a226 (0x00006e17) x28 0x80010226
core   0: 0x8000a22a (0x8a1e0e13) addi    t3, t3, -1887
core   0: 3 0x8000a22a (0x8a1e0e13) x28 0x8000fac7
core   0: 0x8000a22e (0xffbe1b03) lh      s6, -5(t3)
core   0: 3 0x8000a22e (0xffbe1b03) x22 0x000043d7 mem 0x8000fac2
core   0: 0x8000a232 (0xdb0878b7) lui     a7, 0xdb087
core   0: 3 0x8000a232 (0xdb0878b7) x17 0xdb087000
core   0: 0x8000a236 (0x0000100f) fence.i
core   0: 3 0x8000a236 (0x0000100f)
core   0: 0x8000a23a (0x00008f35) c.xor   a4, a3
core   0: 3 0x8000a23a (0x8f35) x14 0x00002e2e
core   0: 0x8000a23c (0x00000001) c.nop
core   0: 3 0x8000a23c (0x0001)
core   0: 0x8000a23e (0x0000100f) fence.i
core   0: 3 0x8000a23e (0x0000100f)
core   0: 0x8000a242 (0x031a4633) div     a2, s4, a7
core   0: 3 0x8000a242 (0x031a4633) x12 0x00000003
core   0: 0x8000a246 (0xfffe1503) lh      a0, -1(t3)
core   0: 3 0x8000a246 (0xfffe1503) x10 0x00000098 mem 0x8000fac6
core   0: 0x8000a24a (0x00731913) slli    s2, t1, 7
core   0: 3 0x8000a24a (0x00731913) x18 0x01171e00
core   0: 0x8000a24e (0x01ae0523) sb      s10, 10(t3)
core   0: 3 0x8000a24e (0x01ae0523) mem 0x8000fad1 0x14
core   0: 0x8000a252 (0x001e0903) lb      s2, 1(t3)
core   0: 3 0x8000a252 (0x001e0903) x18 0xffffff88 mem 0x8000fac8
core   0: 0x8000a256 (0xff3e5383) lhu     t2, -13(t3)
core   0: 3 0x8000a256 (0xff3e5383) x 7 0x0000cf8a mem 0x8000faba
core   0: 0x8000a25a (0x011027b3) slt     a5, zero, a7
core   0: 3 0x8000a25a (0x011027b3) x15 0x00000000
core   0: 0x8000a25e (0xfffe1e83) lh      t4, -1(t3)
core   0: 3 0x8000a25e (0xfffe1e83) x29 0x00000098 mem 0x8000fac6
core   0: 0x8000a262 (0x567c0eb7) lui     t4, 0x567c0
core   0: 3 0x8000a262 (0x567c0eb7) x29 0x567c0000
core   0: 0x8000a266 (0x0000100f) fence.i
core   0: 3 0x8000a266 (0x0000100f)
core   0: 0x8000a26a (0x011c25b3) slt     a1, s8, a7
core   0: 3 0x8000a26a (0x011c25b3) x11 0x00000000
core   0: 0x8000a26e (0x006e0703) lb      a4, 6(t3)
core   0: 3 0x8000a26e (0x006e0703) x14 0xffffff81 mem 0x8000facd
core   0: 0x8000a272 (0x000e0c83) lb      s9, 0(t3)
core   0: 3 0x8000a272 (0x000e0c83) x25 0x00000000 mem 0x8000fac7
core   0: 0x8000a276 (0x4122d533) sra     a0, t0, s2
core   0: 3 0x8000a276 (0x4122d533) x10 0xff80022e
core   0: 0x8000a27a (0x000090c2) c.add   ra, a6
core   0: 3 0x8000a27a (0x90c2) x 1 0x0000009b
core   0: 0x8000a27c (0x00de4a03) lbu     s4, 13(t3)
core   0: 3 0x8000a27c (0x00de4a03) x20 0x000000b5 mem 0x8000fad4
core   0: 0x8000a280 (0x00be0003) lb      zero, 11(t3)
core   0: 3 0x8000a280 (0x00be0003) mem 0x8000fad2
core   0: 0x8000a284 (0x025cb933) mulhu   s2, s9, t0
core   0: 3 0x8000a284 (0x025cb933) x18 0x00000000
core   0: 0x8000a288 (0x03557f33) remu    t5, a0, s5
core   0: 3 0x8000a288 (0x03557f33) x30 0x7f7f2a24
core   0: 0x8000a28c (0x00008721) c.srai  a4, 8
core   0: 3 0x8000a28c (0x8721) x14 0xffffffff
core   0: 0x8000a28e (0x9fc3bcb7) lui     s9, 0x9fc3b
core   0: 3 0x8000a28e (0x9fc3bcb7) x25 0x9fc3b000
core   0: 0x8000a292 (0x0178a533) slt     a0, a7, s7
core   0: 3 0x8000a292 (0x0178a533) x10 0x00000001
core   0: 0x8000a296 (0x01a1cbb3) xor     s7, gp, s10
core   0: 3 0x8000a296 (0x01a1cbb3) x23 0x00006d1e
core   0: 0x8000a29a (0x007e4a03) lbu     s4, 7(t3)
core   0: 3 0x8000a29a (0x007e4a03) x20 0x0000004e mem 0x8000face
core   0: 0x8000a29e (0x03b94b33) div     s6, s2, s11
core   0: 3 0x8000a29e (0x03b94b33) x22 0xffffffff
core   0: 0x8000a2a2 (0x00fe0023) sb      a5, 0(t3)
core   0: 3 0x8000a2a2 (0x00fe0023) mem 0x8000fac7 0x0
core   0: 0x8000a2a6 (0x0000100f) fence.i
core   0: 3 0x8000a2a6 (0x0000100f)
core   0: 0x8000a2aa (0x00de4f03) lbu     t5, 13(t3)
core   0: 3 0x8000a2aa (0x00de4f03) x30 0x000000b5 mem 0x8000fad4
core   0: 0x8000a2ae (0x01f21fb3) sll     t6, tp, t6
core   0: 3 0x8000a2ae (0x01f21fb3) x31 0x00000000
core   0: 0x8000a2b2 (0x02ef3333) mulhu   t1, t5, a4
core   0: 3 0x8000a2b2 (0x02ef3333) x 6 0x000000b4
core   0: 0x8000a2b6 (0x0000100f) fence.i
core   0: 3 0x8000a2b6 (0x0000100f)
core   0: 0x8000a2ba (0x01eebcb3) sltu    s9, t4, t5
core   0: 3 0x8000a2ba (0x01eebcb3) x25 0x00000000
core   0: 0x8000a2be (0x0000547d) c.li    s0, -1
core   0: 3 0x8000a2be (0x547d) x 8 0xffffffff
core   0: 0x8000a2c0 (0x199c3937) lui     s2, 0x199c3
core   0: 3 0x8000a2c0 (0x199c3937) x18 0x199c3000
core   0: 0x8000a2c4 (0x0ff0000f) fence   iorw,iorw
core   0: 3 0x8000a2c4 (0x0ff0000f)
core   0: 0x8000a2c8 (0xfe3e0f23) sb      gp, -2(t3)
core   0: 3 0x8000a2c8 (0xfe3e0f23) mem 0x8000fac5 0xa
core   0: 0x8000a2cc (0x00003597) auipc   a1, 0x3
core   0: 3 0x8000a2cc (0x00003597) x11 0x8000d2cc
core   0: 0x8000a2d0 (0x24258593) addi    a1, a1, 578
core   0: 3 0x8000a2d0 (0x24258593) x11 0x8000d50e
core   0: 0x8000a2d4 (0xb705c003) lbu     zero, -1168(a1)
core   0: 3 0x8000a2d4 (0xb705c003) mem 0x8000d07e
core   0: 0x8000a2d8 (0x000081aa) c.mv    gp, a0
core   0: 3 0x8000a2d8 (0x81aa) x 3 0x00000001
core   0: 0x8000a2da (0x08258523) sb      sp, 138(a1)
core   0: 3 0x8000a2da (0x08258523) mem 0x8000d598 0xc
core   0: 0x8000a2de (0x029f2b33) mulhsu  s6, t5, s1
core   0: 3 0x8000a2de (0x029f2b33) x22 0x00000000
core   0: 0x8000a2e2 (0x3995c403) lbu     s0, 921(a1)
core   0: 3 0x8000a2e2 (0x3995c403) x 8 0x000000f2 mem 0x8000d8a7
core   0: 0x8000a2e6 (0x0000197d) c.addi  s2, -1
core   0: 3 0x8000a2e6 (0x197d) x18 0x199c2fff
core   0: 0x8000a2e8 (0x3785c603) lbu     a2, 888(a1)
core   0: 3 0x8000a2e8 (0x3785c603) x12 0x00000000 mem 0x8000d886
core   0: 0x8000a2ec (0xf6758003) lb      zero, -153(a1)
core   0: 3 0x8000a2ec (0xf6758003) mem 0x8000d475
core   0: 0x8000a2f0 (0x02e59903) lh      s2, 46(a1)
core   0: 3 0x8000a2f0 (0x02e59903) x18 0x00003cca mem 0x8000d53c
core   0: 0x8000a2f4 (0x02425033) divu    zero, tp, tp
core   0: 3 0x8000a2f4 (0x02425033)
core   0: 0x8000a2f8 (0x73c58823) sb      t3, 1840(a1)
core   0: 3 0x8000a2f8 (0x73c58823) mem 0x8000dc3e 0xc7
core   0: 0x8000a2fc (0x29658483) lb      s1, 662(a1)
core   0: 3 0x8000a2fc (0x29658483) x 9 0x0000004c mem 0x8000d7a4
core   0: 0x8000a300 (0x40bd5613) srai    a2, s10, 11
core   0: 3 0x8000a300 (0x40bd5613) x12 0x00000000
core   0: 0x8000a304 (0x1f882517) auipc   a0, 0x1f882
core   0: 3 0x8000a304 (0x1f882517) x10 0x9f88c304
core   0: 0x8000a308 (0x4755a323) sw      s5, 1126(a1)
core   0: 3 0x8000a308 (0x4755a323) mem 0x8000d974 0x8000d80a
core   0: 0x8000a30c (0x40acd893) srai    a7, s9, 10
core   0: 3 0x8000a30c (0x40acd893) x17 0x00000000
core   0: 0x8000a310 (0x037d0033) mul     zero, s10, s7
core   0: 3 0x8000a310 (0x037d0033)
core   0: 0x8000a314 (0x00edd793) srli    a5, s11, 14
core   0: 3 0x8000a314 (0x00edd793) x15 0x00000000
core   0: 0x8000a318 (0x01782833) slt     a6, a6, s7
core   0: 3 0x8000a318 (0x01782833) x16 0x00000001
core   0: 0x8000a31c (0x0ff0000f) fence   iorw,iorw
core   0: 3 0x8000a31c (0x0ff0000f)
core   0: 0x8000a320 (0xf815af23) sw      ra, -98(a1)
core   0: 3 0x8000a320 (0xf815af23) mem 0x8000d4ac 0x0000009b
core   0: 0x8000a324 (0x77c44c93) xori    s9, s0, 1916
core   0: 3 0x8000a324 (0x77c44c93) x25 0x0000078e
core   0: 0x8000a328 (0x0000100f) fence.i
core   0: 3 0x8000a328 (0x0000100f)
core   0: 0x8000a32c (0x58958a03) lb      s4, 1417(a1)
core   0: 3 0x8000a32c (0x58958a03) x20 0xffffffba mem 0x8000da97
core   0: 0x8000a330 (0x6345c983) lbu     s3, 1588(a1)
core   0: 3 0x8000a330 (0x6345c983) x19 0x00000019 mem 0x8000db42
core   0: 0x8000a334 (0x01f98bb3) add     s7, s3, t6
core   0: 3 0x8000a334 (0x01f98bb3) x23 0x00000019
core   0: 0x8000a338 (0x0a05ce03) lbu     t3, 160(a1)
core   0: 3 0x8000a338 (0x0a05ce03) x28 0x00000079 mem 0x8000d5ae
core   0: 0x8000a33c (0x08a5ad03) lw      s10, 138(a1)
core   0: 3 0x8000a33c (0x08a5ad03) x26 0xe65e110c mem 0x8000d598
core   0: 0x8000a340 (0x677588a3) sb      s7, 1649(a1)
core   0: 3 0x8000a340 (0x677588a3) mem 0x8000db7f 0x19
core   0: 0x8000a344 (0xa5759bb7) lui     s7, 0xa5759
core   0: 3 0x8000a344 (0xa5759bb7) x23 0xa5759000
core   0: 0x8000a348 (0x5c9582a3) sb      s1, 1477(a1)
core   0: 3 0x8000a348 (0x5c9582a3) mem 0x8000dad3 0x4c
core   0: 0x8000a34c (0x03899bb3) mulh    s7, s3, s8
core   0: 3 0x8000a34c (0x03899bb3) x23 0x00000000
core   0: 0x8000a350 (0xd0158503) lb      a0, -767(a1)
core   0: 3 0x8000a350 (0xd0158503) x10 0xffffffe7 mem 0x8000d20f
core   0: 0x8000a354 (0x09558b03) lb      s6, 149(a1)
core   0: 3 0x8000a354 (0x09558b03) x22 0x00000040 mem 0x8000d5a3
core   0: 0x8000a358 (0x00000001) c.nop
core   0: 3 0x8000a358 (0x0001)
core   0: 0x8000a35a (0x6994ae13) slti    t3, s1, 1689
core   0: 3 0x8000a35a (0x6994ae13) x28 0x00000001
core   0: 0x8000a35e (0x00008fa1) c.xor   a5, s0
core   0: 3 0x8000a35e (0x8fa1) x15 0x000000f2
core   0: 0x8000a360 (0x7b859823) sh      s8, 1968(a1)
core   0: 3 0x8000a360 (0x7b859823) mem 0x8000dcbe 0x009e
core   0: 0x8000a364 (0x057584a3) sb      s7, 73(a1)
core   0: 3 0x8000a364 (0x057584a3) mem 0x8000d557 0x0
core   0: 0x8000a368 (0x00008491) c.srai  s1, 4
core   0: 3 0x8000a368 (0x8491) x 9 0x00000004
core   0: 0x8000a36a (0xd5858b03) lb      s6, -680(a1)
core   0: 3 0x8000a36a (0xd5858b03) x22 0xffffffba mem 0x8000d266
core   0: 0x8000a36e (0x6d158683) lb      a3, 1745(a1)
core   0: 3 0x8000a36e (0x6d158683) x13 0xfffffff9 mem 0x8000dbdf
core   0: 0x8000a372 (0x02b597b3) mulh    a5, a1, a1
core   0: 3 0x8000a372 (0x02b597b3) x15 0x3fff2af2
core   0: 0x8000a376 (0x75058b23) sb      a6, 1878(a1)
core   0: 3 0x8000a376 (0x75058b23) mem 0x8000dc64 0x1
core   0: 0x8000a37a (0x3c55c603) lbu     a2, 965(a1)
core   0: 3 0x8000a37a (0x3c55c603) x12 0x00000014 mem 0x8000d8d3
core   0: 0x8000a37e (0x00009afd) c.andi  a3, -1
core   0: 3 0x8000a37e (0x9afd) x13 0xfffffff9
core   0: 0x8000a380 (0x0137bdb3) sltu    s11, a5, s3
core   0: 3 0x8000a380 (0x0137bdb3) x27 0x00000000
core   0: 0x8000a384 (0x0d458083) lb      ra, 212(a1)
core   0: 3 0x8000a384 (0x0d458083) x 1 0x00000000 mem 0x8000d5e2
core   0: 0x8000a388 (0x03a7e4b3) rem     s1, a5, s10
core   0: 3 0x8000a388 (0x03a7e4b3) x 9 0x0cbb4d0a
core   0: 0x8000a38c (0xeec5df03) lhu     t5, -276(a1)
core   0: 3 0x8000a38c (0xeec5df03) x30 0x000067ce mem 0x8000d3fa
core   0: 0x8000a390 (0x008e0db3) add     s11, t3, s0
core   0: 3 0x8000a390 (0x008e0db3) x27 0x000000f3
core   0: 0x8000a394 (0xb8363813) sltiu   a6, a2, -1149
core   0: 3 0x8000a394 (0xb8363813) x16 0x00000001
core   0: 0x8000a398 (0x403cd393) srai    t2, s9, 3
core   0: 3 0x8000a398 (0x403cd393) x 7 0x000000f1
core   0: 0x8000a39c (0x000006cd) c.addi  a3, 19
core   0: 3 0x8000a39c (0x06cd) x13 0x0000000c
core   0: 0x8000a39e (0xcb15a123) sw      a7, -862(a1)
core   0: 3 0x8000a39e (0xcb15a123) mem 0x8000d1b0 0x00000000
core   0: 0x8000a3a2 (0x3d658c23) sb      s6, 984(a1)
core   0: 3 0x8000a3a2 (0x3d658c23) mem 0x8000d8e6 0xba
core   0: 0x8000a3a6 (0x1825a123) sw      sp, 386(a1)
core   0: 3 0x8000a3a6 (0x1825a123) mem 0x8000d690 0x0000000c
core   0: 0x8000a3aa (0x130580a3) sb      a6, 289(a1)
core   0: 3 0x8000a3aa (0x130580a3) mem 0x8000d62f 0x1
core   0: 0x8000a3ae (0x01b05e33) srl     t3, zero, s11
core   0: 3 0x8000a3ae (0x01b05e33) x28 0x00000000
core   0: 0x8000a3b2 (0xafb68993) addi    s3, a3, -1285
core   0: 3 0x8000a3b2 (0xafb68993) x19 0xfffffb07
core   0: 0x8000a3b6 (0x036c57b3) divu    a5, s8, s6
core   0: 3 0x8000a3b6 (0x036c57b3) x15 0x00000000
core   0: 0x8000a3ba (0x005fc033) xor     zero, t6, t0
core   0: 3 0x8000a3ba (0x005fc033)
core   0: 0x8000a3be (0x9cdba313) slti    t1, s7, -1587
core   0: 3 0x8000a3be (0x9cdba313) x 6 0x00000000
core   0: 0x8000a3c2 (0x01f3efb3) or      t6, t2, t6
core   0: 3 0x8000a3c2 (0x01f3efb3) x31 0x000000f1
core   0: 0x8000a3c6 (0x01fdbc33) sltu    s8, s11, t6
core   0: 3 0x8000a3c6 (0x01fdbc33) x24 0x00000000
core   0: 0x8000a3ca (0x00008fa1) c.xor   a5, s0
core   0: 3 0x8000a3ca (0x8fa1) x15 0x000000f2
core   0: 0x8000a3cc (0x03d473b3) remu    t2, s0, t4
core   0: 3 0x8000a3cc (0x03d473b3) x 7 0x000000f2
core   0: 0x8000a3d0 (0x7585e693) ori     a3, a1, 1880
core   0: 3 0x8000a3d0 (0x7585e693) x13 0x8000d75e
core   0: 0x8000a3d4 (0x019f0633) add     a2, t5, s9
core   0: 3 0x8000a3d4 (0x019f0633) x12 0x00006f5c
core   0: 0x8000a3d8 (0x033b9963) bne     s7, s3, pc + 50
core   0: 3 0x8000a3d8 (0x033b9963)
core   0: 0x8000a40a (0x03e5de63) bge     a1, t5, pc + 60
core   0: 3 0x8000a40a (0x03e5de63)
core   0: 0x8000a40e (0x01ced393) srli    t2, t4, 28
core   0: 3 0x8000a40e (0x01ced393) x 7 0x00000005
core   0: 0x8000a412 (0x000047b1) c.li    a5, 12
core   0: 3 0x8000a412 (0x47b1) x15 0x0000000c
core   0: 0x8000a414 (0x0000c009) c.beqz  s0, pc + 2
core   0: 3 0x8000a414 (0xc009)
core   0: 0x8000a416 (0x004554b3) srl     s1, a0, tp
core   0: 3 0x8000a416 (0x004554b3) x 9 0x0ffffffe
core   0: 0x8000a41a (0x0000e605) c.bnez  a2, pc + 40
core   0: 3 0x8000a41a (0xe605)
core   0: 0x8000a442 (0x023cdc63) bge     s9, gp, pc + 56
core   0: 3 0x8000a442 (0x023cdc63)
core   0: 0x8000a47a (0x72d7bf13) sltiu   t5, a5, 1837
core   0: 3 0x8000a47a (0x72d7bf13) x30 0x00000001
core   0: 0x8000a47e (0x00d66663) bltu    a2, a3, pc + 12
core   0: 3 0x8000a47e (0x00d66663)
core   0: 0x8000a48a (0x032dfb33) remu    s6, s11, s2
core   0: 3 0x8000a48a (0x032dfb33) x22 0x000000f3
core   0: 0x8000a48e (0x00ff7533) and     a0, t5, a5
core   0: 3 0x8000a48e (0x00ff7533) x10 0x00000000
core   0: 0x8000a492 (0x96672a13) slti    s4, a4, -1690
core   0: 3 0x8000a492 (0x96672a13) x20 0x00000000
core   0: 0x8000a496 (0x00008dc5) c.or    a1, s1
core   0: 3 0x8000a496 (0x8dc5) x11 0x8ffffffe
core   0: 0x8000a498 (0x02b99f63) bne     s3, a1, pc + 62
core   0: 3 0x8000a498 (0x02b99f63)
core   0: 0x8000a4d6 (0x02d3cf63) blt     t2, a3, pc + 62
core   0: 3 0x8000a4d6 (0x02d3cf63)
core   0: 0x8000a4da (0x02bfa7b3) mulhsu  a5, t6, a1
core   0: 3 0x8000a4da (0x02bfa7b3) x15 0x00000087
core   0: 0x8000a4de (0x000086a5) c.srai  a3, 9
core   0: 3 0x8000a4de (0x86a5) x13 0xffc0006b
core   0: 0x8000a4e0 (0x000068a1) c.lui   a7, 0x8
core   0: 3 0x8000a4e0 (0x68a1) x17 0x00008000
core   0: 0x8000a4e2 (0x000084b9) c.srai  s1, 14
core   0: 3 0x8000a4e2 (0x84b9) x 9 0x00003fff
core   0: 0x8000a4e4 (0x00008cdd) c.or    s1, a5
core   0: 3 0x8000a4e4 (0x8cdd) x 9 0x00003fff
core   0: 0x8000a4e6 (0x00008df9) c.and   a1, a4
core   0: 3 0x8000a4e6 (0x8df9) x11 0x8ffffffe
core   0: 0x8000a4e8 (0x5e820e13) addi    t3, tp, 1512
core   0: 3 0x8000a4e8 (0x5e820e13) x28 0x800272cc
core   0: 0x8000a4ec (0x02fcf163) bgeu    s9, a5, pc + 34
core   0: 3 0x8000a4ec (0x02fcf163)
core   0: 0x8000a50e (0x00008ecd) c.or    a3, a1
core   0: 3 0x8000a50e (0x8ecd) x13 0xffffffff
core   0: 0x8000a510 (0x00000001) c.nop
core   0: 3 0x8000a510 (0x0001)
core   0: 0x8000a512 (0x000050fd) c.li    ra, -1
core   0: 3 0x8000a512 (0x50fd) x 1 0xffffffff
core   0: 0x8000a514 (0xb569eb13) ori     s6, s3, -1194
core   0: 3 0x8000a514 (0xb569eb13) x22 0xfffffb57
core   0: 0x8000a518 (0x0000c195) c.beqz  a1, pc + 36
core   0: 3 0x8000a518 (0xc195)
core   0: 0x8000a51a (0x02268e33) mul     t3, a3, sp
core   0: 3 0x8000a51a (0x02268e33) x28 0xfffffff4
core   0: 0x8000a51e (0x0000ed09) c.bnez  a0, pc + 26
core   0: 3 0x8000a51e (0xed09)
core   0: 0x8000a520 (0x022f51b3) divu    gp, t5, sp
core   0: 3 0x8000a520 (0x022f51b3) x 3 0x00000000
core   0: 0x8000a524 (0x000087e1) c.srai  a5, 24
core   0: 3 0x8000a524 (0x87e1) x15 0x00000000
core   0: 0x8000a526 (0x00000001) c.nop
core   0: 3 0x8000a526 (0x0001)
core   0: 0x8000a528 (0x00004651) c.li    a2, 20
core   0: 3 0x8000a528 (0x4651) x12 0x00000014
core   0: 0x8000a52a (0x0000934a) c.add   t1, s2
core   0: 3 0x8000a52a (0x934a) x 6 0x00003cca
core   0: 0x8000a52c (0x4b55eb13) ori     s6, a1, 1205
core   0: 3 0x8000a52c (0x4b55eb13) x22 0x8fffffff
core   0: 0x8000a530 (0x23903393) sltiu   t2, zero, 569
core   0: 3 0x8000a530 (0x23903393) x 7 0x00000001
core   0: 0x8000a534 (0x01a02d33) slt     s10, zero, s10
core   0: 3 0x8000a534 (0x01a02d33) x26 0x00000000
core   0: 0x8000a538 (0x01973d33) sltu    s10, a4, s9
core   0: 3 0x8000a538 (0x01973d33) x26 0x00000000
core   0: 0x8000a53c (0x00b55eb3) srl     t4, a0, a1
core   0: 3 0x8000a53c (0x00b55eb3) x29 0x00000000
core   0: 0x8000a540 (0x03520ab3) mul     s5, tp, s5
core   0: 3 0x8000a540 (0x03520ab3) x21 0x0bf8a0e8
core   0: 0x8000a544 (0x00000b7e) c.slli  s6, 31
core   0: 3 0x8000a544 (0x0b7e) x22 0x80000000
core   0: 0x8000a546 (0x02df2fb3) mulhsu  t6, t5, a3
core   0: 3 0x8000a546 (0x02df2fb3) x31 0x00000000
core   0: 0x8000a54a (0x00d435b3) sltu    a1, s0, a3
core   0: 3 0x8000a54a (0x00d435b3) x11 0x00000001
core   0: 0x8000a54e (0x0059ff33) and     t5, s3, t0
core   0: 3 0x8000a54e (0x0059ff33) x30 0x80022a04
core   0: 0x8000a552 (0x02d85e63) bge     a6, a3, pc + 60
core   0: 3 0x8000a552 (0x02d85e63)
core   0: 0x8000a58e (0x0b58a637) lui     a2, 0xb58a
core   0: 3 0x8000a58e (0x0b58a637) x12 0x0b58a000
core   0: 0x8000a592 (0x0391b933) mulhu   s2, gp, s9
core   0: 3 0x8000a592 (0x0391b933) x18 0x00000000
core   0: 0x8000a596 (0x01656333) or      t1, a0, s6
core   0: 3 0x8000a596 (0x01656333) x 6 0x80000000
core   0: 0x8000a59a (0x000008b6) c.slli  a7, 13
core   0: 3 0x8000a59a (0x08b6) x17 0x10000000
core   0: 0x8000a59c (0x4163dcb3) sra     s9, t2, s6
core   0: 3 0x8000a59c (0x4163dcb3) x25 0x00000001
core   0: 0x8000a5a0 (0x0000c61d) c.beqz  a2, pc + 46
core   0: 3 0x8000a5a0 (0xc61d)
core   0: 0x8000a5a2 (0x40b78333) sub     t1, a5, a1
core   0: 3 0x8000a5a2 (0x40b78333) x 6 0xffffffff
core   0: 0x8000a5a6 (0x40bb5db3) sra     s11, s6, a1
core   0: 3 0x8000a5a6 (0x40bb5db3) x27 0xc0000000
core   0: 0x8000a5aa (0x00a64c33) xor     s8, a2, a0
core   0: 3 0x8000a5aa (0x00a64c33) x24 0x0b58a000
core   0: 0x8000a5ae (0x01e33ab3) sltu    s5, t1, t5
core   0: 3 0x8000a5ae (0x01e33ab3) x21 0x00000000
core   0: 0x8000a5b2 (0x0000100f) fence.i
core   0: 3 0x8000a5b2 (0x0000100f)
core   0: 0x8000a5b6 (0x0000e291) c.bnez  a3, pc + 4
core   0: 3 0x8000a5b6 (0xe291)
core   0: 0x8000a5ba (0x00000001) c.nop
core   0: 3 0x8000a5ba (0x0001)
core   0: 0x8000a5bc (0x02dcd633) divu    a2, s9, a3
core   0: 3 0x8000a5bc (0x02dcd633) x12 0x00000000
core   0: 0x8000a5c0 (0x00d65f93) srli    t6, a2, 13
core   0: 3 0x8000a5c0 (0x00d65f93) x31 0x00000000
core   0: 0x8000a5c4 (0x000016fd) c.addi  a3, -1
core   0: 3 0x8000a5c4 (0x16fd) x13 0xfffffffe
core   0: 0x8000a5c6 (0x72e9e493) ori     s1, s3, 1838
core   0: 3 0x8000a5c6 (0x72e9e493) x 9 0xffffff2f
core   0: 0x8000a5ca (0x00009646) c.add   a2, a7
core   0: 3 0x8000a5ca (0x9646) x12 0x10000000
core   0: 0x8000a5cc (0x0000e3a1) c.bnez  a5, pc + 64
core   0: 3 0x8000a5cc (0xe3a1)
core   0: 0x8000a5ce (0x022bb533) mulhu   a0, s7, sp
core   0: 3 0x8000a5ce (0x022bb533) x10 0x00000000
core   0: 0x8000a5d2 (0x02dad4b3) divu    s1, s5, a3
core   0: 3 0x8000a5d2 (0x02dad4b3) x 9 0x00000000
core   0: 0x8000a5d6 (0x01cedf93) srli    t6, t4, 28
core   0: 3 0x8000a5d6 (0x01cedf93) x31 0x00000000
core   0: 0x8000a5da (0x30d44913) xori    s2, s0, 781
core   0: 3 0x8000a5da (0x30d44913) x18 0x000003ff
core   0: 0x8000a5de (0x00008d4d) c.or    a0, a1
core   0: 3 0x8000a5de (0x8d4d) x10 0x00000001
core   0: 0x8000a5e0 (0x00008bd5) c.andi  a5, 21
core   0: 3 0x8000a5e0 (0x8bd5) x15 0x00000000
core   0: 0x8000a5e2 (0x00458f33) add     t5, a1, tp
core   0: 3 0x8000a5e2 (0x00458f33) x30 0x80026ce5
core   0: 0x8000a5e6 (0x4174d3b3) sra     t2, s1, s7
core   0: 3 0x8000a5e6 (0x4174d3b3) x 7 0x00000000
core   0: 0x8000a5ea (0x40d0da93) srai    s5, ra, 13
core   0: 3 0x8000a5ea (0x40d0da93) x21 0xffffffff
core   0: 0x8000a5ee (0x01f26933) or      s2, tp, t6
core   0: 3 0x8000a5ee (0x01f26933) x18 0x80026ce4
core   0: 0x8000a5f2 (0x00008365) c.srli  a4, 25
core   0: 3 0x8000a5f2 (0x8365) x14 0x0000007f
core   0: 0x8000a5f4 (0x02e5bc33) mulhu   s8, a1, a4
core   0: 3 0x8000a5f4 (0x02e5bc33) x24 0x00000000
core   0: 0x8000a5f8 (0x00604033) xor     zero, zero, t1
core   0: 3 0x8000a5f8 (0x00604033)
core   0: 0x8000a5fc (0x0328c9b3) div     s3, a7, s2
core   0: 3 0x8000a5fc (0x0328c9b3) x19 0x00000000
core   0: 0x8000a600 (0x41c75033) sra     zero, a4, t3
core   0: 3 0x8000a600 (0x41c75033)
core   0: 0x8000a604 (0x00006ced) c.lui   s9, 0x1b
core   0: 3 0x8000a604 (0x6ced) x25 0x0001b000
core   0: 0x8000a606 (0x0000100f) fence.i
core   0: 3 0x8000a606 (0x0000100f)
core   0: 0x8000a60a (0x00008ead) c.xor   a3, a1
core   0: 3 0x8000a60a (0x8ead) x13 0xffffffff
core   0: 0x8000a60c (0x00005c7d) c.li    s8, -1
core   0: 3 0x8000a60c (0x5c7d) x24 0xffffffff
core   0: 0x8000a60e (0x0220d033) divu    zero, ra, sp
core   0: 3 0x8000a60e (0x0220d033)
core   0: 0x8000a612 (0x01c4ac33) slt     s8, s1, t3
core   0: 3 0x8000a612 (0x01c4ac33) x24 0x00000000
core   0: 0x8000a616 (0x01e15a13) srli    s4, sp, 30
core   0: 3 0x8000a616 (0x01e15a13) x20 0x00000000
core   0: 0x8000a61a (0x00ddb8b3) sltu    a7, s11, a3
core   0: 3 0x8000a61a (0x00ddb8b3) x17 0x00000001
core   0: 0x8000a61e (0x00005dfd) c.li    s11, -1
core   0: 3 0x8000a61e (0x5dfd) x27 0xffffffff
core   0: 0x8000a620 (0x01032fb3) slt     t6, t1, a6
core   0: 3 0x8000a620 (0x01032fb3) x31 0x00000001
core   0: 0x8000a624 (0x00791033) sll     zero, s2, t2
core   0: 3 0x8000a624 (0x00791033)
core   0: 0x8000a628 (0x00898c63) beq     s3, s0, pc + 24
core   0: 3 0x8000a628 (0x00898c63)
core   0: 0x8000a62c (0x00008591) c.srai  a1, 4
core   0: 3 0x8000a62c (0x8591) x11 0x00000000
core   0: 0x8000a62e (0x035be033) rem     zero, s7, s5
core   0: 3 0x8000a62e (0x035be033)
core   0: 0x8000a632 (0x00001cfd) c.addi  s9, -1
core   0: 3 0x8000a632 (0x1cfd) x25 0x0001afff
core   0: 0x8000a634 (0x000005ea) c.slli  a1, 26
core   0: 3 0x8000a634 (0x05ea) x11 0x00000000
core   0: 0x8000a636 (0x00008b75) c.andi  a4, 29
core   0: 3 0x8000a636 (0x8b75) x14 0x0000001d
core   0: 0x8000a638 (0x02211033) mulh    zero, sp, sp
core   0: 3 0x8000a638 (0x02211033)
core   0: 0x8000a63c (0x41545813) srai    a6, s0, 21
core   0: 3 0x8000a63c (0x41545813) x16 0x00000000
core   0: 0x8000a640 (0xd12a5537) lui     a0, 0xd12a5
core   0: 3 0x8000a640 (0xd12a5537) x10 0xd12a5000
core   0: 0x8000a644 (0x03acd4b3) divu    s1, s9, s10
core   0: 3 0x8000a644 (0x03acd4b3) x 9 0xffffffff
core   0: 0x8000a648 (0x00004fad) c.li    t6, 11
core   0: 3 0x8000a648 (0x4fad) x31 0x0000000b
core   0: 0x8000a64a (0x02302bb3) mulhsu  s7, zero, gp
core   0: 3 0x8000a64a (0x02302bb3) x23 0x00000000
core   0: 0x8000a64e (0x000082bd) c.srli  a3, 15
core   0: 3 0x8000a64e (0x82bd) x13 0x0001ffff
core   0: 0x8000a650 (0x23c6cd93) xori    s11, a3, 572
core   0: 3 0x8000a650 (0x23c6cd93) x27 0x0001fdc3
core   0: 0x8000a654 (0x1e987993) andi    s3, a6, 489
core   0: 3 0x8000a654 (0x1e987993) x19 0x00000000
core   0: 0x8000a658 (0x9c22b793) sltiu   a5, t0, -1598
core   0: 3 0x8000a658 (0x9c22b793) x15 0x00000001
core   0: 0x8000a65c (0x0164cfb3) xor     t6, s1, s6
core   0: 3 0x8000a65c (0x0164cfb3) x31 0x7fffffff
core   0: 0x8000a660 (0x00000001) c.nop
core   0: 3 0x8000a660 (0x0001)
core   0: 0x8000a662 (0x01f7cab3) xor     s5, a5, t6
core   0: 3 0x8000a662 (0x01f7cab3) x21 0x7ffffffe
core   0: 0x8000a666 (0x00c7ed63) bltu    a5, a2, pc + 26
core   0: 3 0x8000a666 (0x00c7ed63)
core   0: 0x8000a680 (0x40c38fb3) sub     t6, t2, a2
core   0: 3 0x8000a680 (0x40c38fb3) x31 0xf0000000
core   0: 0x8000a684 (0x030ee3b3) rem     t2, t4, a6
core   0: 3 0x8000a684 (0x030ee3b3) x 7 0x00000000
core   0: 0x8000a688 (0x033fbab3) mulhu   s5, t6, s3
core   0: 3 0x8000a688 (0x033fbab3) x21 0x00000000
core   0: 0x8000a68c (0x0349f033) remu    zero, s3, s4
core   0: 3 0x8000a68c (0x0349f033)
core   0: 0x8000a690 (0x006739b3) sltu    s3, a4, t1
core   0: 3 0x8000a690 (0x006739b3) x19 0x00000001
core   0: 0x8000a694 (0x000081e5) c.srli  a1, 25
core   0: 3 0x8000a694 (0x81e5) x11 0x00000000
core   0: 0x8000a696 (0x1166bc93) sltiu   s9, a3, 278
core   0: 3 0x8000a696 (0x1166bc93) x25 0x00000000
core   0: 0x8000a69a (0xaedda593) slti    a1, s11, -1299
core   0: 3 0x8000a69a (0xaedda593) x11 0x00000000
core   0: 0x8000a69e (0x0000e50d) c.bnez  a0, pc + 42
core   0: 3 0x8000a69e (0xe50d)
core   0: 0x8000a6c8 (0xbc32f993) andi    s3, t0, -1085
core   0: 3 0x8000a6c8 (0xbc32f993) x19 0x80022a00
core   0: 0x8000a6cc (0x0000597d) c.li    s2, -1
core   0: 3 0x8000a6cc (0x597d) x18 0xffffffff
core   0: 0x8000a6ce (0x000060e1) c.lui   ra, 0x18
core   0: 3 0x8000a6ce (0x60e1) x 1 0x00018000
core   0: 0x8000a6d0 (0xfcd53d93) sltiu   s11, a0, -51
core   0: 3 0x8000a6d0 (0xfcd53d93) x27 0x00000001
core   0: 0x8000a6d4 (0x03439963) bne     t2, s4, pc + 50
core   0: 3 0x8000a6d4 (0x03439963)
core   0: 0x8000a6d8 (0x0108ebb3) or      s7, a7, a6
core   0: 3 0x8000a6d8 (0x0108ebb3) x23 0x00000001
core   0: 0x8000a6dc (0x01403333) snez    t1, s4
core   0: 3 0x8000a6dc (0x01403333) x 6 0x00000000
core   0: 0x8000a6e0 (0x4096d613) srai    a2, a3, 9
core   0: 3 0x8000a6e0 (0x4096d613) x12 0x000000ff
core   0: 0x8000a6e4 (0x01120a33) add     s4, tp, a7
core   0: 3 0x8000a6e4 (0x01120a33) x20 0x80026ce5
core   0: 0x8000a6e8 (0x000b0a33) add     s4, s6, zero
core   0: 3 0x8000a6e8 (0x000b0a33) x20 0x80000000
core   0: 0x8000a6ec (0x21142493) slti    s1, s0, 529
core   0: 3 0x8000a6ec (0x21142493) x 9 0x00000001
core   0: 0x8000a6f0 (0x00ed9b13) slli    s6, s11, 14
core   0: 3 0x8000a6f0 (0x00ed9b13) x22 0x00004000
core   0: 0x8000a6f4 (0x00bb5763) bge     s6, a1, pc + 14
core   0: 3 0x8000a6f4 (0x00bb5763)
core   0: 0x8000a702 (0x020efab3) remu    s5, t4, zero
core   0: 3 0x8000a702 (0x020efab3) x21 0x00000000
core   0: 0x8000a706 (0x03556063) bltu    a0, s5, pc + 32
core   0: 3 0x8000a706 (0x03556063)
core   0: 0x8000a70a (0x01c8d833) srl     a6, a7, t3
core   0: 3 0x8000a70a (0x01c8d833) x16 0x00000000
core   0: 0x8000a70e (0x00ded613) srli    a2, t4, 13
core   0: 3 0x8000a70e (0x00ded613) x12 0x00000000
core   0: 0x8000a712 (0x03375733) divu    a4, a4, s3
core   0: 3 0x8000a712 (0x03375733) x14 0x00000000
core   0: 0x8000a716 (0x0128af33) slt     t5, a7, s2
core   0: 3 0x8000a716 (0x0128af33) x30 0x00000000
core   0: 0x8000a71a (0x00008e6d) c.and   a2, a1
core   0: 3 0x8000a71a (0x8e6d) x12 0x00000000
core   0: 0x8000a71c (0x012871b3) and     gp, a6, s2
core   0: 3 0x8000a71c (0x012871b3) x 3 0x00000000
core   0: 0x8000a720 (0x00008ada) c.mv    s5, s6
core   0: 3 0x8000a720 (0x8ada) x21 0x00004000
core   0: 0x8000a722 (0x00d65b93) srli    s7, a2, 13
core   0: 3 0x8000a722 (0x00d65b93) x23 0x00000000
core   0: 0x8000a726 (0x014ee933) or      s2, t4, s4
core   0: 3 0x8000a726 (0x014ee933) x18 0x80000000
core   0: 0x8000a72a (0x018381b3) add     gp, t2, s8
core   0: 3 0x8000a72a (0x018381b3) x 3 0x00000000
core   0: 0x8000a72e (0x0101c263) blt     gp, a6, pc + 4
core   0: 3 0x8000a72e (0x0101c263)
core   0: 0x8000a732 (0x03684d63) blt     a6, s6, pc + 58
core   0: 3 0x8000a732 (0x03684d63)
core   0: 0x8000a76c (0x4992ef93) ori     t6, t0, 1177
core   0: 3 0x8000a76c (0x4992ef93) x31 0x80022ebd
core   0: 0x8000a770 (0x000ae733) or      a4, s5, zero
core   0: 3 0x8000a770 (0x000ae733) x14 0x00004000
core   0: 0x8000a774 (0x00441cb3) sll     s9, s0, tp
core   0: 3 0x8000a774 (0x00441cb3) x25 0x00000f20
core   0: 0x8000a778 (0x00000da6) c.slli  s11, 9
core   0: 3 0x8000a778 (0x0da6) x27 0x00000200
core   0: 0x8000a77a (0x0131d3b3) srl     t2, gp, s3
core   0: 3 0x8000a77a (0x0131d3b3) x 7 0x00000000
core   0: 0x8000a77e (0x035f8f33) mul     t5, t6, s5
core   0: 3 0x8000a77e (0x035f8f33) x30 0x8baf4000
core   0: 0x8000a782 (0x964d0f13) addi    t5, s10, -1692
core   0: 3 0x8000a782 (0x964d0f13) x30 0xfffff964
core   0: 0x8000a786 (0x0000e289) c.bnez  a3, pc + 2
core   0: 3 0x8000a786 (0xe289)
core   0: 0x8000a788 (0x0000c099) c.beqz  s1, pc + 6
core   0: 3 0x8000a788 (0xc099)
core   0: 0x8000a78a (0x00008afe) c.mv    s5, t6
core   0: 3 0x8000a78a (0x8afe) x21 0x80022ebd
core   0: 0x8000a78c (0x000064e1) c.lui   s1, 0x18
core   0: 3 0x8000a78c (0x64e1) x 9 0x00018000
core   0: 0x8000a78e (0x003ab333) sltu    t1, s5, gp
core   0: 3 0x8000a78e (0x003ab333) x 6 0x00000000
core   0: 0x8000a792 (0x56e27493) andi    s1, tp, 1390
core   0: 3 0x8000a792 (0x56e27493) x 9 0x00000464
core   0: 0x8000a796 (0x4059d413) srai    s0, s3, 5
core   0: 3 0x8000a796 (0x4059d413) x 8 0xfc001150
core   0: 0x8000a79a (0x0007e263) bltu    a5, zero, pc + 4
core   0: 3 0x8000a79a (0x0007e263)
core   0: 0x8000a79e (0x5f960f93) addi    t6, a2, 1529
core   0: 3 0x8000a79e (0x5f960f93) x31 0x000005f9
core   0: 0x8000a7a2 (0x00000001) c.nop
core   0: 3 0x8000a7a2 (0x0001)
core   0: 0x8000a7a4 (0x035146b3) div     a3, sp, s5
core   0: 3 0x8000a7a4 (0x035146b3) x13 0x00000000
core   0: 0x8000a7a8 (0x03ced933) divu    s2, t4, t3
core   0: 3 0x8000a7a8 (0x03ced933) x18 0x00000000
core   0: 0x8000a7ac (0x0000cf09) c.beqz  a4, pc + 26
core   0: 3 0x8000a7ac (0xcf09)
core   0: 0x8000a7ae (0x014bcb63) blt     s7, s4, pc + 22
core   0: 3 0x8000a7ae (0x014bcb63)
core   0: 0x8000a7b2 (0x03dbdc63) bge     s7, t4, pc + 56
core   0: 3 0x8000a7b2 (0x03dbdc63)
core   0: 0x8000a7ea (0x009bbbb3) sltu    s7, s7, s1
core   0: 3 0x8000a7ea (0x009bbbb3) x23 0x00000001
core   0: 0x8000a7ee (0x02311863) bne     sp, gp, pc + 48
core   0: 3 0x8000a7ee (0x02311863)
core   0: 0x8000a81e (0x0000081e) c.slli  a6, 7
core   0: 3 0x8000a81e (0x081e) x16 0x00000000
core   0: 0x8000a820 (0x41488733) sub     a4, a7, s4
core   0: 3 0x8000a820 (0x41488733) x14 0x80000001
core   0: 0x8000a824 (0x00008ec1) c.or    a3, s0
core   0: 3 0x8000a824 (0x8ec1) x13 0xfc001150
core   0: 0x8000a826 (0x0000878e) c.mv    a5, gp
core   0: 3 0x8000a826 (0x878e) x15 0x00000000
core   0: 0x8000a828 (0x5d348d93) addi    s11, s1, 1491
core   0: 3 0x8000a828 (0x5d348d93) x27 0x00000a37
core   0: 0x8000a82c (0x000081a9) c.srli  a1, 10
core   0: 3 0x8000a82c (0x81a9) x11 0x00000000
core   0: 0x8000a82e (0x02fcea33) rem     s4, s9, a5
core   0: 3 0x8000a82e (0x02fcea33) x20 0x00000f20
core   0: 0x8000a832 (0x00844ab3) xor     s5, s0, s0
core   0: 3 0x8000a832 (0x00844ab3) x21 0x00000000
core   0: 0x8000a836 (0x4172de33) sra     t3, t0, s7
core   0: 3 0x8000a836 (0x4172de33) x28 0xc001171e
core   0: 0x8000a83a (0x00008c2e) c.mv    s8, a1
core   0: 3 0x8000a83a (0x8c2e) x24 0x00000000
core   0: 0x8000a83c (0x000084e9) c.srai  s1, 26
core   0: 3 0x8000a83c (0x84e9) x 9 0x00000000
core   0: 0x8000a83e (0x0196dcb3) srl     s9, a3, s9
core   0: 3 0x8000a83e (0x0196dcb3) x25 0xfc001150
core   0: 0x8000a842 (0x00008e75) c.and   a2, a3
core   0: 3 0x8000a842 (0x8e75) x12 0x00000000
core   0: 0x8000a844 (0x15b8b093) sltiu   ra, a7, 347
core   0: 3 0x8000a844 (0x15b8b093) x 1 0x00000001
core   0: 0x8000a848 (0x0ff0000f) fence   iorw,iorw
core   0: 3 0x8000a848 (0x0ff0000f)
core   0: 0x8000a84c (0x0027dbb3) srl     s7, a5, sp
core   0: 3 0x8000a84c (0x0027dbb3) x23 0x00000000
core   0: 0x8000a850 (0x00118eb3) add     t4, gp, ra
core   0: 3 0x8000a850 (0x00118eb3) x29 0x00000001
core   0: 0x8000a854 (0x005af663) bgeu    s5, t0, pc + 12
core   0: 3 0x8000a854 (0x005af663)
core   0: 0x8000a858 (0xb97efc93) andi    s9, t4, -1129
core   0: 3 0x8000a858 (0xb97efc93) x25 0x00000001
core   0: 0x8000a85c (0x777b2613) slti    a2, s6, 1911
core   0: 3 0x8000a85c (0x777b2613) x12 0x00000000
core   0: 0x8000a860 (0x038925b3) mulhsu  a1, s2, s8
core   0: 3 0x8000a860 (0x038925b3) x11 0x00000000
core   0: 0x8000a864 (0x00008f89) c.sub   a5, a0
core   0: 3 0x8000a864 (0x8f89) x15 0x2ed5b000
core   0: 0x8000a866 (0x000d7693) andi    a3, s10, 0
core   0: 3 0x8000a866 (0x000d7693) x13 0x00000000
core   0: 0x8000a86a (0x00008f9e) c.mv    t6, t2
core   0: 3 0x8000a86a (0x8f9e) x31 0x00000000
core   0: 0x8000a86c (0x00609cb3) sll     s9, ra, t1
core   0: 3 0x8000a86c (0x00609cb3) x25 0x00000001
core   0: 0x8000a870 (0x00009ed6) c.add   t4, s5
core   0: 3 0x8000a870 (0x9ed6) x29 0x00000001
core   0: 0x8000a872 (0x012665b3) or      a1, a2, s2
core   0: 3 0x8000a872 (0x012665b3) x11 0x00000000
core   0: 0x8000a876 (0x0000cd0d) c.beqz  a0, pc + 58
core   0: 3 0x8000a876 (0xcd0d)
core   0: 0x8000a878 (0x0000100f) fence.i
core   0: 3 0x8000a878 (0x0000100f)
core   0: 0x8000a87c (0x00000001) c.nop
core   0: 3 0x8000a87c (0x0001)
core   0: 0x8000a87e (0x40218bb3) sub     s7, gp, sp
core   0: 3 0x8000a87e (0x40218bb3) x23 0xfffffff4
core   0: 0x8000a882 (0x000064d1) c.lui   s1, 0x14
core   0: 3 0x8000a882 (0x64d1) x 9 0x00014000
core   0: 0x8000a884 (0x006d9513) slli    a0, s11, 6
core   0: 3 0x8000a884 (0x006d9513) x10 0x00028dc0
core   0: 0x8000a888 (0xce0c8813) addi    a6, s9, -800
core   0: 3 0x8000a888 (0xce0c8813) x16 0xfffffce1
core   0: 0x8000a88c (0x0000100f) fence.i
core   0: 3 0x8000a88c (0x0000100f)
core   0: 0x8000a890 (0x03f438b3) mulhu   a7, s0, t6
core   0: 3 0x8000a890 (0x03f438b3) x17 0x00000000
core   0: 0x8000a894 (0x00000001) c.nop
core   0: 3 0x8000a894 (0x0001)
core   0: 0x8000a896 (0x00008139) c.srli  a0, 14
core   0: 3 0x8000a896 (0x8139) x10 0x0000000a
core   0: 0x8000a898 (0x03c95663) bge     s2, t3, pc + 44
core   0: 3 0x8000a898 (0x03c95663)
core   0: 0x8000a8c4 (0x03458163) beq     a1, s4, pc + 34
core   0: 3 0x8000a8c4 (0x03458163)
core   0: 0x8000a8c8 (0x00008a65) c.andi  a2, 25
core   0: 3 0x8000a8c8 (0x8a65) x12 0x00000000
core   0: 0x8000a8ca (0x039900b3) mul     ra, s2, s9
core   0: 3 0x8000a8ca (0x039900b3) x 1 0x00000000
core   0: 0x8000a8ce (0x00000f65) c.addi  t5, 25
core   0: 3 0x8000a8ce (0x0f65) x30 0xfffff97d
core   0: 0x8000a8d0 (0x00008b91) c.andi  a5, 4
core   0: 3 0x8000a8d0 (0x8b91) x15 0x00000000
core   0: 0x8000a8d2 (0x00009a7d) c.andi  a2, -1
core   0: 3 0x8000a8d2 (0x9a7d) x12 0x00000000
core   0: 0x8000a8d4 (0x41e70e33) sub     t3, a4, t5
core   0: 3 0x8000a8d4 (0x41e70e33) x28 0x80000684
core   0: 0x8000a8d8 (0x02b423b3) mulhsu  t2, s0, a1
core   0: 3 0x8000a8d8 (0x02b423b3) x 7 0x00000000
core   0: 0x8000a8dc (0x000082c5) c.srli  a3, 17
core   0: 3 0x8000a8dc (0x82c5) x13 0x00000000
core   0: 0x8000a8de (0x03b57a63) bgeu    a0, s11, pc + 52
core   0: 3 0x8000a8de (0x03b57a63)
core   0: 0x8000a8e2 (0x6f54cd93) xori    s11, s1, 1781
core   0: 3 0x8000a8e2 (0x6f54cd93) x27 0x000146f5
core   0: 0x8000a8e6 (0x0000100f) fence.i
core   0: 3 0x8000a8e6 (0x0000100f)
core   0: 0x8000a8ea (0x0000e121) c.bnez  a0, pc + 64
core   0: 3 0x8000a8ea (0xe121)
core   0: 0x8000a92a (0x031fc0b3) div     ra, t6, a7
core   0: 3 0x8000a92a (0x031fc0b3) x 1 0xffffffff
core   0: 0x8000a92e (0x02310863) beq     sp, gp, pc + 48
core   0: 3 0x8000a92e (0x02310863)
core   0: 0x8000a932 (0x026ff833) remu    a6, t6, t1
core   0: 3 0x8000a932 (0x026ff833) x16 0x00000000
core   0: 0x8000a936 (0x00008f49) c.or    a4, a0
core   0: 3 0x8000a936 (0x8f49) x14 0x8000000b
core   0: 0x8000a938 (0x0339b433) mulhu   s0, s3, s3
core   0: 3 0x8000a938 (0x0339b433) x 8 0x40022a04
core   0: 0x8000a93c (0x000053fd) c.li    t2, -1
core   0: 3 0x8000a93c (0x53fd) x 7 0xffffffff
core   0: 0x8000a93e (0x7b8d4893) xori    a7, s10, 1976
core   0: 3 0x8000a93e (0x7b8d4893) x17 0x000007b8
core   0: 0x8000a942 (0x02922b33) mulhsu  s6, tp, s1
core   0: 3 0x8000a942 (0x02922b33) x22 0xffff6003
core   0: 0x8000a946 (0x0000082e) c.slli  a6, 11
core   0: 3 0x8000a946 (0x082e) x16 0x00000000
core   0: 0x8000a948 (0x000067dd) c.lui   a5, 0x17
core   0: 3 0x8000a948 (0x67dd) x15 0x00017000
core   0: 0x8000a94a (0x01cea3b3) slt     t2, t4, t3
core   0: 3 0x8000a94a (0x01cea3b3) x 7 0x00000000
core   0: 0x8000a94e (0x01f04533) xor     a0, zero, t6
core   0: 3 0x8000a94e (0x01f04533) x10 0x00000000
core   0: 0x8000a952 (0x0000997d) c.andi  a0, -1
core   0: 3 0x8000a952 (0x997d) x10 0x00000000
core   0: 0x8000a954 (0x00006bd1) c.lui   s7, 0x14
core   0: 3 0x8000a954 (0x6bd1) x23 0x00014000
core   0: 0x8000a956 (0x02a36433) rem     s0, t1, a0
core   0: 3 0x8000a956 (0x02a36433) x 8 0x00000000
core   0: 0x8000a95a (0x03dced33) rem     s10, s9, t4
core   0: 3 0x8000a95a (0x03dced33) x26 0x00000000
core   0: 0x8000a95e (0x03490633) mul     a2, s2, s4
core   0: 3 0x8000a95e (0x03490633) x12 0x00000000
core   0: 0x8000a962 (0xe908b393) sltiu   t2, a7, -368
core   0: 3 0x8000a962 (0xe908b393) x 7 0x00000001
core   0: 0x8000a966 (0x02b2fd63) bgeu    t0, a1, pc + 58
core   0: 3 0x8000a966 (0x02b2fd63)
core   0: 0x8000a9a0 (0xb4d20493) addi    s1, tp, -1203
core   0: 3 0x8000a9a0 (0xb4d20493) x 9 0x80026831
core   0: 0x8000a9a4 (0x0000987d) c.andi  s0, -1
core   0: 3 0x8000a9a4 (0x987d) x 8 0x00000000
core   0: 0x8000a9a6 (0x00008d61) c.and   a0, s0
core   0: 3 0x8000a9a6 (0x8d61) x10 0x00000000
core   0: 0x8000a9a8 (0x3cb12193) slti    gp, sp, 971
core   0: 3 0x8000a9a8 (0x3cb12193) x 3 0x00000001
core   0: 0x8000a9ac (0xfa8de613) ori     a2, s11, -88
core   0: 3 0x8000a9ac (0xfa8de613) x12 0xfffffffd
core   0: 0x8000a9b0 (0x016f1663) bne     t5, s6, pc + 12
core   0: 3 0x8000a9b0 (0x016f1663)
core   0: 0x8000a9bc (0xdcf08d13) addi    s10, ra, -561
core   0: 3 0x8000a9bc (0xdcf08d13) x26 0xfffffdce
core   0: 0x8000a9c0 (0x9d8a6593) ori     a1, s4, -1576
core   0: 3 0x8000a9c0 (0x9d8a6593) x11 0xfffffff8
core   0: 0x8000a9c4 (0x40b00733) sub     a4, zero, a1
core   0: 3 0x8000a9c4 (0x40b00733) x14 0x00000008
core   0: 0x8000a9c8 (0x0245b5b3) mulhu   a1, a1, tp
core   0: 3 0x8000a9c8 (0x0245b5b3) x11 0x80026cdf
core   0: 0x8000a9cc (0x4154d413) srai    s0, s1, 21
core   0: 3 0x8000a9cc (0x4154d413) x 8 0xfffffc00
core   0: 0x8000a9d0 (0x03b49563) bne     s1, s11, pc + 42
core   0: 3 0x8000a9d0 (0x03b49563)
core   0: 0x8000a9fa (0x00008fbd) c.xor   a5, a5
core   0: 3 0x8000a9fa (0x8fbd) x15 0x00000000
core   0: 0x8000a9fc (0x00006a19) c.lui   s4, 0x6
core   0: 3 0x8000a9fc (0x6a19) x20 0x00006000
core   0: 0x8000a9fe (0x40638833) sub     a6, t2, t1
core   0: 3 0x8000a9fe (0x40638833) x16 0x00000001
core   0: 0x8000aa02 (0x02e62ab3) mulhsu  s5, a2, a4
core   0: 3 0x8000aa02 (0x02e62ab3) x21 0xffffffff
core   0: 0x8000aa06 (0x03df4033) div     zero, t5, t4
core   0: 3 0x8000aa06 (0x03df4033)
core   0: 0x8000aa0a (0x03349633) mulh    a2, s1, s3
core   0: 3 0x8000aa0a (0x03349633) x12 0x3ffdb6ec
core   0: 0x8000aa0e (0x414d0cb3) sub     s9, s10, s4
core   0: 3 0x8000aa0e (0x414d0cb3) x25 0xffff9dce
core   0: 0x8000aa12 (0x006b23b3) slt     t2, s6, t1
core   0: 3 0x8000aa12 (0x006b23b3) x 7 0x00000001
core   0: 0x8000aa16 (0x039dc9b3) div     s3, s11, s9
core   0: 3 0x8000aa16 (0x039dc9b3) x19 0xfffffffd
core   0: 0x8000aa1a (0x00000001) c.nop
core   0: 3 0x8000aa1a (0x0001)
core   0: 0x8000aa1c (0x000084b1) c.srai  s1, 12
core   0: 3 0x8000aa1c (0x84b1) x 9 0xfff80026
core   0: 0x8000aa1e (0x0000c289) c.beqz  a3, pc + 2
core   0: 3 0x8000aa1e (0xc289)
core   0: 0x8000aa20 (0x02440b63) beq     s0, tp, pc + 54
core   0: 3 0x8000aa20 (0x02440b63)
core   0: 0x8000aa24 (0x016953b3) srl     t2, s2, s6
core   0: 3 0x8000aa24 (0x016953b3) x 7 0x00000000
core   0: 0x8000aa28 (0x01817db3) and     s11, sp, s8
core   0: 3 0x8000aa28 (0x01817db3) x27 0x00000000
core   0: 0x8000aa2c (0x0000824d) c.srli  a2, 19
core   0: 3 0x8000aa2c (0x824d) x12 0x000007ff
core   0: 0x8000aa2e (0x402b59b3) sra     s3, s6, sp
core   0: 3 0x8000aa2e (0x402b59b3) x19 0xfffffff6
core   0: 0x8000aa32 (0x03cdeb33) rem     s6, s11, t3
core   0: 3 0x8000aa32 (0x03cdeb33) x22 0x00000000
core   0: 0x8000aa36 (0x0000e119) c.bnez  a0, pc + 6
core   0: 3 0x8000aa36 (0xe119)
core   0: 0x8000aa38 (0x00f255b3) srl     a1, tp, a5
core   0: 3 0x8000aa38 (0x00f255b3) x11 0x80026ce4
core   0: 0x8000aa3c (0x01390eb3) add     t4, s2, s3
core   0: 3 0x8000aa3c (0x01390eb3) x29 0xfffffff6
core   0: 0x8000aa40 (0x033fdb33) divu    s6, t6, s3
core   0: 3 0x8000aa40 (0x033fdb33) x22 0x00000000
core   0: 0x8000aa44 (0x00176263) bltu    a4, ra, pc + 4
core   0: 3 0x8000aa44 (0x00176263)
core   0: 0x8000aa48 (0x0000100f) fence.i
core   0: 3 0x8000aa48 (0x0000100f)
core   0: 0x8000aa4c (0x02afa7b3) mulhsu  a5, t6, a0
core   0: 3 0x8000aa4c (0x02afa7b3) x15 0x00000000
core   0: 0x8000aa50 (0x00000001) c.nop
core   0: 3 0x8000aa50 (0x0001)
core   0: 0x8000aa52 (0x0055e463) bltu    a1, t0, pc + 8
core   0: 3 0x8000aa52 (0x0055e463)
core   0: 0x8000aa56 (0x01510c33) add     s8, sp, s5
core   0: 3 0x8000aa56 (0x01510c33) x24 0x0000000b
core   0: 0x8000aa5a (0x0244c733) div     a4, s1, tp
core   0: 3 0x8000aa5a (0x0244c733) x14 0x00000000
core   0: 0x8000aa5e (0x0ff0000f) fence   iorw,iorw
core   0: 3 0x8000aa5e (0x0ff0000f)
core   0: 0x8000aa62 (0x0000e689) c.bnez  a3, pc + 10
core   0: 3 0x8000aa62 (0xe689)
core   0: 0x8000aa64 (0x16442013) slti    zero, s0, 356
core   0: 3 0x8000aa64 (0x16442013)
core   0: 0x8000aa68 (0x411008b3) sub     a7, zero, a7
core   0: 3 0x8000aa68 (0x411008b3) x17 0xfffff848
core   0: 0x8000aa6c (0x0211e733) rem     a4, gp, ra
core   0: 3 0x8000aa6c (0x0211e733) x14 0x00000000
core   0: 0x8000aa70 (0x00008d55) c.or    a0, a3
core   0: 3 0x8000aa70 (0x8d55) x10 0x00000000
core   0: 0x8000aa72 (0x0027d833) srl     a6, a5, sp
core   0: 3 0x8000aa72 (0x0027d833) x16 0x00000000
core   0: 0x8000aa76 (0x40475493) srai    s1, a4, 4
core   0: 3 0x8000aa76 (0x40475493) x 9 0x00000000
core   0: 0x8000aa7a (0x0534f263) bgeu    s1, s3, pc + 68
core   0: 3 0x8000aa7a (0x0534f263)
core   0: 0x8000aa7e (0x02197063) bgeu    s2, ra, pc + 32
core   0: 3 0x8000aa7e (0x02197063)
core   0: 0x8000aa82 (0x45d53b17) auipc   s6, 0x45d53
core   0: 3 0x8000aa82 (0x45d53b17) x22 0xc5d5da82
core   0: 0x8000aa86 (0x03265c63) bge     a2, s2, pc + 56
core   0: 3 0x8000aa86 (0x03265c63)
core   0: 0x8000aabe (0x00008c05) c.sub   s0, s1
core   0: 3 0x8000aabe (0x8c05) x 8 0xfffffc00
core   0: 0x8000aac0 (0x00008b31) c.andi  a4, 12
core   0: 3 0x8000aac0 (0x8b31) x14 0x00000000
core   0: 0x8000aac2 (0x01b40533) add     a0, s0, s11
core   0: 3 0x8000aac2 (0x01b40533) x10 0xfffffc00
core   0: 0x8000aac6 (0x008959b3) srl     s3, s2, s0
core   0: 3 0x8000aac6 (0x008959b3) x19 0x00000000
core   0: 0x8000aaca (0x415e0fb3) sub     t6, t3, s5
core   0: 3 0x8000aaca (0x415e0fb3) x31 0x80000685
core   0: 0x8000aace (0x0000997d) c.andi  a0, -1
core   0: 3 0x8000aace (0x997d) x10 0xfffffc00
core   0: 0x8000aad0 (0x01bac263) blt     s5, s11, pc + 4
core   0: 3 0x8000aad0 (0x01bac263)
core   0: 0x8000aad4 (0x0ff0000f) fence   iorw,iorw
core   0: 3 0x8000aad4 (0x0ff0000f)
core   0: 0x8000aad8 (0x03d48a63) beq     s1, t4, pc + 52
core   0: 3 0x8000aad8 (0x03d48a63)
core   0: 0x8000aadc (0x02d50733) mul     a4, a0, a3
core   0: 3 0x8000aadc (0x02d50733) x14 0x00000000
core   0: 0x8000aae0 (0x0223f7b3) remu    a5, t2, sp
core   0: 3 0x8000aae0 (0x0223f7b3) x15 0x00000000
core   0: 0x8000aae4 (0x41445393) srai    t2, s0, 20
core   0: 3 0x8000aae4 (0x41445393) x 7 0xffffffff
core   0: 0x8000aae8 (0x40ed5bb3) sra     s7, s10, a4
core   0: 3 0x8000aae8 (0x40ed5bb3) x23 0xfffffdce
core   0: 0x8000aaec (0x000089e1) c.andi  a1, 24
core   0: 3 0x8000aaec (0x89e1) x11 0x00000000
core   0: 0x8000aaee (0x00008f89) c.sub   a5, a0
core   0: 3 0x8000aaee (0x8f89) x15 0x00000400
core   0: 0x8000aaf0 (0x00000001) c.nop
core   0: 3 0x8000aaf0 (0x0001)
core   0: 0x8000aaf2 (0x804b8b17) auipc   s6, 0x804b8
core   0: 3 0x8000aaf2 (0x804b8b17) x22 0x004c2af2
core   0: 0x8000aaf6 (0xab51edb7) lui     s11, 0xab51e
core   0: 3 0x8000aaf6 (0xab51edb7) x27 0xab51e000
core   0: 0x8000aafa (0x00629a13) slli    s4, t0, 6
core   0: 3 0x8000aafa (0x00629a13) x20 0x008b8f00
core   0: 0x8000aafe (0x00000001) c.nop
core   0: 3 0x8000aafe (0x0001)
core   0: 0x8000ab00 (0x1b367c93) andi    s9, a2, 435
core   0: 3 0x8000ab00 (0x1b367c93) x25 0x000001b3
core   0: 0x8000ab04 (0x163f0863) beq     t5, gp, pc + 368
core   0: 3 0x8000ab04 (0x163f0863)
core   0: 0x8000ab08 (0x005eaa33) slt     s4, t4, t0
core   0: 3 0x8000ab08 (0x005eaa33) x20 0x00000000
core   0: 0x8000ab0c (0x00008fed) c.and   a5, a1
core   0: 3 0x8000ab0c (0x8fed) x15 0x00000000
core   0: 0x8000ab0e (0x11b1a613) slti    a2, gp, 283
core   0: 3 0x8000ab0e (0x11b1a613) x12 0x00000001
core   0: 0x8000ab12 (0x03dc9f33) mulh    t5, s9, t4
core   0: 3 0x8000ab12 (0x03dc9f33) x30 0xffffffff
core   0: 0x8000ab16 (0x00007417) auipc   s0, 0x7
core   0: 3 0x8000ab16 (0x00007417) x 8 0x80011b16
core   0: 0x8000ab1a (0x15e40413) addi    s0, s0, 350
core   0: 3 0x8000ab1a (0x15e40413) x 8 0x80011c74
core   0: 0x8000ab1e (0x00ae7033) and     zero, t3, a0
core   0: 3 0x8000ab1e (0x00ae7033)
core   0: 0x8000ab22 (0x00000001) c.nop
core   0: 3 0x8000ab22 (0x0001)
core   0: 0x8000ab24 (0x40485a13) srai    s4, a6, 4
core   0: 3 0x8000ab24 (0x40485a13) x20 0x00000000
core   0: 0x8000ab28 (0x03bb8333) mul     t1, s7, s11
core   0: 3 0x8000ab28 (0x03bb8333) x 6 0xe6424000
core   0: 0x8000ab2c (0xffc44e03) lbu     t3, -4(s0)
core   0: 3 0x8000ab2c (0xffc44e03) x28 0x000000f2 mem 0x80011c70
core   0: 0x8000ab30 (0x02d447b3) div     a5, s0, a3
core   0: 3 0x8000ab30 (0x02d447b3) x15 0xffffffff
core   0: 0x8000ab34 (0x032a14b3) mulh    s1, s4, s2
core   0: 3 0x8000ab34 (0x032a14b3) x 9 0x00000000
core   0: 0x8000ab38 (0x423a0e93) addi    t4, s4, 1059
core   0: 3 0x8000ab38 (0x423a0e93) x29 0x00000423
core   0: 0x8000ab3c (0x00008e55) c.or    a2, a3
core   0: 3 0x8000ab3c (0x8e55) x12 0x00000001
core   0: 0x8000ab3e (0xfe840a23) sb      s0, -12(s0)
core   0: 3 0x8000ab3e (0xfe840a23) mem 0x80011c68 0x74
core   0: 0x8000ab42 (0x00944803) lbu     a6, 9(s0)
core   0: 3 0x8000ab42 (0x00944803) x16 0x0000000d mem 0x80011c7d
core   0: 0x8000ab46 (0x112bb813) sltiu   a6, s7, 274
core   0: 3 0x8000ab46 (0x112bb813) x16 0x00000000
core   0: 0x8000ab4a (0xfe840d23) sb      s0, -6(s0)
core   0: 3 0x8000ab4a (0xfe840d23) mem 0x80011c6e 0x74
core   0: 0x8000ab4e (0x000096da) c.add   a3, s6
core   0: 3 0x8000ab4e (0x96da) x13 0x004c2af2
core   0: 0x8000ab50 (0x05a70393) addi    t2, a4, 90
core   0: 3 0x8000ab50 (0x05a70393) x 7 0x0000005a
core   0: 0x8000ab54 (0x005d4cb3) xor     s9, s10, t0
core   0: 3 0x8000ab54 (0x005d4cb3) x25 0x7ffdd3f2
core   0: 0x8000ab58 (0x019d6033) or      zero, s10, s9
core   0: 3 0x8000ab58 (0x019d6033)
core   0: 0x8000ab5c (0x54f03313) sltiu   t1, zero, 1359
core   0: 3 0x8000ab5c (0x54f03313) x 6 0x00000001
core   0: 0x8000ab60 (0xfff40e03) lb      t3, -1(s0)
core   0: 3 0x8000ab60 (0xfff40e03) x28 0xffffff94 mem 0x80011c73
core   0: 0x8000ab64 (0x00008f5a) c.mv    t5, s6
core   0: 3 0x8000ab64 (0x8f5a) x30 0x004c2af2
core   0: 0x8000ab66 (0xffa40f03) lb      t5, -6(s0)
core   0: 3 0x8000ab66 (0xffa40f03) x30 0x00000074 mem 0x80011c6e
core   0: 0x8000ab6a (0x033b8633) mul     a2, s7, s3
core   0: 3 0x8000ab6a (0x033b8633) x12 0x00000000
core   0: 0x8000ab6e (0xff940e23) sb      s9, -4(s0)
core   0: 3 0x8000ab6e (0xff940e23) mem 0x80011c70 0xf2
core   0: 0x8000ab72 (0x0000869a) c.mv    a3, t1
core   0: 3 0x8000ab72 (0x869a) x13 0x00000001
core   0: 0x8000ab74 (0xeb363993) sltiu   s3, a2, -333
core   0: 3 0x8000ab74 (0xeb363993) x19 0x00000001
core   0: 0x8000ab78 (0x001593b3) sll     t2, a1, ra
core   0: 3 0x8000ab78 (0x001593b3) x 7 0x00000000
core   0: 0x8000ab7c (0x00344083) lbu     ra, 3(s0)
core   0: 3 0x8000ab7c (0x00344083) x 1 0x00000056 mem 0x80011c77
core   0: 0x8000ab80 (0xffb44f03) lbu     t5, -5(s0)
core   0: 3 0x8000ab80 (0xffb44f03) x30 0x00000074 mem 0x80011c6f
core   0: 0x8000ab84 (0x0ff0000f) fence   iorw,iorw
core   0: 3 0x8000ab84 (0x0ff0000f)
core   0: 0x8000ab88 (0x01fa5bb3) srl     s7, s4, t6
core   0: 3 0x8000ab88 (0x01fa5bb3) x23 0x00000000
core   0: 0x8000ab8c (0x11e5f837) lui     a6, 0x11e5f
core   0: 3 0x8000ab8c (0x11e5f837) x16 0x11e5f000
core   0: 0x8000ab90 (0x0000100f) fence.i
core   0: 3 0x8000ab90 (0x0000100f)
core   0: 0x8000ab94 (0x00004014) c.lw    a3, 0(s0)
core   0: 3 0x8000ab94 (0x4014) x13 0x56a22e83 mem 0x80011c74
core   0: 0x8000ab96 (0x0dfb9963) bne     s7, t6, pc + 210
core   0: 3 0x8000ab96 (0x0dfb9963)
core   0: 0x8000ac68 (0x00000bce) c.slli  s7, 19
core   0: 3 0x8000ac68 (0x0bce) x23 0x00000000
core   0: 0x8000ac6a (0x02064e33) div     t3, a2, zero
core   0: 3 0x8000ac6a (0x02064e33) x28 0xffffffff
core   0: 0x8000ac6e (0x0000557d) c.li    a0, -1
core   0: 3 0x8000ac6e (0x557d) x10 0xffffffff
core   0: 0x8000ac70 (0x012a4763) blt     s4, s2, pc + 14
core   0: 3 0x8000ac70 (0x012a4763)
core   0: 0x8000ac74 (0x403e0f33) sub     t5, t3, gp
core   0: 3 0x8000ac74 (0x403e0f33) x30 0xfffffffe
core   0: 0x8000ac78 (0x00000001) c.nop
core   0: 3 0x8000ac78 (0x0001)
core   0: 0x8000ac7a (0x010f6433) or      s0, t5, a6
core   0: 3 0x8000ac7a (0x010f6433) x 8 0xfffffffe
core   0: 0x8000ac7e (0x014b4833) xor     a6, s6, s4
core   0: 3 0x8000ac7e (0x014b4833) x16 0x004c2af2
core   0: 0x8000ac82 (0x00008e65) c.and   a2, s1
core   0: 3 0x8000ac82 (0x8e65) x12 0x00000000
core   0: 0x8000ac84 (0x0050e1b3) or      gp, ra, t0
core   0: 3 0x8000ac84 (0x0050e1b3) x 3 0x80022e7e
core   0: 0x8000ac88 (0x0218d333) divu    t1, a7, ra
core   0: 3 0x8000ac88 (0x0218d333) x 6 0x02fa0bd1
core   0: 0x8000ac8c (0x03f551b3) divu    gp, a0, t6
core   0: 3 0x8000ac8c (0x03f551b3) x 3 0x00000001
core   0: 0x8000ac90 (0x01899693) slli    a3, s3, 24
core   0: 3 0x8000ac90 (0x01899693) x13 0x01000000
core   0: 0x8000ac94 (0xc2e1f793) andi    a5, gp, -978
core   0: 3 0x8000ac94 (0xc2e1f793) x15 0x00000000
core   0: 0x8000ac98 (0x02a64463) blt     a2, a0, pc + 40
core   0: 3 0x8000ac98 (0x02a64463)
core   0: 0x8000ac9c (0x00008ec9) c.or    a3, a0
core   0: 3 0x8000ac9c (0x8ec9) x13 0xffffffff
core   0: 0x8000ac9e (0x0081ec33) or      s8, gp, s0
core   0: 3 0x8000ac9e (0x0081ec33) x24 0xffffffff
core   0: 0x8000aca2 (0x40810e33) sub     t3, sp, s0
core   0: 3 0x8000aca2 (0x40810e33) x28 0x0000000e
core   0: 0x8000aca6 (0x000050fd) c.li    ra, -1
core   0: 3 0x8000aca6 (0x50fd) x 1 0xffffffff
core   0: 0x8000aca8 (0x00008d29) c.xor   a0, a0
core   0: 3 0x8000aca8 (0x8d29) x10 0x00000000
core   0: 0x8000acaa (0x00000001) c.nop
core   0: 3 0x8000acaa (0x0001)
core   0: 0x8000acac (0x40fbdbb3) sra     s7, s7, a5
core   0: 3 0x8000acac (0x40fbdbb3) x23 0x00000000
core   0: 0x8000acb0 (0xa9132493) slti    s1, t1, -1391
core   0: 3 0x8000acb0 (0xa9132493) x 9 0x00000000
core   0: 0x8000acb4 (0xf3be0793) addi    a5, t3, -197
core   0: 3 0x8000acb4 (0xf3be0793) x15 0xffffff49
core   0: 0x8000acb8 (0x00008f69) c.and   a4, a0
core   0: 3 0x8000acb8 (0x8f69) x14 0x00000000
core   0: 0x8000acba (0xe942ff13) andi    t5, t0, -364
core   0: 3 0x8000acba (0xe942ff13) x30 0x80022e14
core   0: 0x8000acbe (0x00008ec1) c.or    a3, s0
core   0: 3 0x8000acbe (0x8ec1) x13 0xffffffff
core   0: 0x8000acc0 (0xefb8ad13) slti    s10, a7, -261
core   0: 3 0x8000acc0 (0xefb8ad13) x26 0x00000001
core   0: 0x8000acc4 (0x00008f45) c.or    a4, s1
core   0: 3 0x8000acc4 (0x8f45) x14 0x00000000
core   0: 0x8000acc6 (0x01195cb3) srl     s9, s2, a7
core   0: 3 0x8000acc6 (0x01195cb3) x25 0x00000000
core   0: 0x8000acca (0x00289013) slli    zero, a7, 2
core   0: 3 0x8000acca (0x00289013)
core   0: 0x8000acce (0x0101dd93) srli    s11, gp, 16
core   0: 3 0x8000acce (0x0101dd93) x27 0x00000000
core   0: 0x8000acd2 (0x40d7d813) srai    a6, a5, 13
core   0: 3 0x8000acd2 (0x40d7d813) x16 0xffffffff
core   0: 0x8000acd6 (0x004011b3) sll     gp, zero, tp
core   0: 3 0x8000acd6 (0x004011b3) x 3 0x00000000
core   0: 0x8000acda (0x0023cbb3) xor     s7, t2, sp
core   0: 3 0x8000acda (0x0023cbb3) x23 0x0000000c
core   0: 0x8000acde (0x00006845) c.lui   a6, 0x11
core   0: 3 0x8000acde (0x6845) x16 0x00011000
core   0: 0x8000ace0 (0x4189d833) sra     a6, s3, s8
core   0: 3 0x8000ace0 (0x4189d833) x16 0x00000000
core   0: 0x8000ace4 (0x40638533) sub     a0, t2, t1
core   0: 3 0x8000ace4 (0x40638533) x10 0xfd05f42f
core   0: 0x8000ace8 (0x01123e33) sltu    t3, tp, a7
core   0: 3 0x8000ace8 (0x01123e33) x28 0x00000001
core   0: 0x8000acec (0x028276b3) remu    a3, tp, s0
core   0: 3 0x8000acec (0x028276b3) x13 0x80026ce4
core   0: 0x8000acf0 (0x02cb54b3) divu    s1, s6, a2
core   0: 3 0x8000acf0 (0x02cb54b3) x 9 0xffffffff
core   0: 0x8000acf4 (0x950436b7) lui     a3, 0x95043
core   0: 3 0x8000acf4 (0x950436b7) x13 0x95043000
core   0: 0x8000acf8 (0x00008c85) c.sub   s1, s1
core   0: 3 0x8000acf8 (0x8c85) x 9 0x00000000
core   0: 0x8000acfa (0x000063e1) c.lui   t2, 0x18
core   0: 3 0x8000acfa (0x63e1) x 7 0x00018000
core   0: 0x8000acfc (0x02c88463) beq     a7, a2, pc + 40
core   0: 3 0x8000acfc (0x02c88463)
core   0: 0x8000ad00 (0x000001e9) c.addi  gp, 26
core   0: 3 0x8000ad00 (0x01e9) x 3 0x0000001a
core   0: 0x8000ad02 (0x00008d11) c.sub   a0, a2
core   0: 3 0x8000ad02 (0x8d11) x10 0xfd05f42f
core   0: 0x8000ad04 (0x2e55a897) auipc   a7, 0x2e55a
core   0: 3 0x8000ad04 (0x2e55a897) x17 0xae564d04
core   0: 0x8000ad08 (0x000084c1) c.srai  s1, 16
core   0: 3 0x8000ad08 (0x84c1) x 9 0x00000000
core   0: 0x8000ad0a (0x02399563) bne     s3, gp, pc + 42
core   0: 3 0x8000ad0a (0x02399563)
core   0: 0x8000ad34 (0x0000e711) c.bnez  a4, pc + 12
core   0: 3 0x8000ad34 (0xe711)
core   0: 0x8000ad36 (0x64fef437) lui     s0, 0x64fef
core   0: 3 0x8000ad36 (0x64fef437) x 8 0x64fef000
core   0: 0x8000ad3a (0x00006cd5) c.lui   s9, 0x15
core   0: 3 0x8000ad3a (0x6cd5) x25 0x00015000
core   0: 0x8000ad3c (0x02504ab3) div     s5, zero, t0
core   0: 3 0x8000ad3c (0x02504ab3) x21 0x00000000
core   0: 0x8000ad40 (0x41bf84b3) sub     s1, t6, s11
core   0: 3 0x8000ad40 (0x41bf84b3) x 9 0x80000685
core   0: 0x8000ad44 (0x0171abb3) slt     s7, gp, s7
core   0: 3 0x8000ad44 (0x0171abb3) x23 0x00000000
core   0: 0x8000ad48 (0x00666c63) bltu    a2, t1, pc + 24
core   0: 3 0x8000ad48 (0x00666c63)
core   0: 0x8000ad60 (0xb63e7893) andi    a7, t3, -1181
core   0: 3 0x8000ad60 (0xb63e7893) x17 0x00000001
core   0: 0x8000ad64 (0x00000731) c.addi  a4, 12
core   0: 3 0x8000ad64 (0x0731) x14 0x0000000c
core   0: 0x8000ad66 (0x0085cc33) xor     s8, a1, s0
core   0: 3 0x8000ad66 (0x0085cc33) x24 0x64fef000
core   0: 0x8000ad6a (0x0000100f) fence.i
core   0: 3 0x8000ad6a (0x0000100f)
core   0: 0x8000ad6e (0x00008d3d) c.xor   a0, a5
core   0: 3 0x8000ad6e (0x8d3d) x10 0x02fa0b66
core   0: 0x8000ad70 (0x7f7d4f93) xori    t6, s10, 2039
core   0: 3 0x8000ad70 (0x7f7d4f93) x31 0x000007f6
core   0: 0x8000ad74 (0x32e52393) slti    t2, a0, 814
core   0: 3 0x8000ad74 (0x32e52393) x 7 0x00000000
core   0: 0x8000ad78 (0x00009496) c.add   s1, t0
core   0: 3 0x8000ad78 (0x9496) x 9 0x000234c1
core   0: 0x8000ad7a (0x00555333) srl     t1, a0, t0
core   0: 3 0x8000ad7a (0x00555333) x 6 0x00000000
core   0: 0x8000ad7e (0x00000001) c.nop
core   0: 3 0x8000ad7e (0x0001)
core   0: 0x8000ad80 (0x022d7833) remu    a6, s10, sp
core   0: 3 0x8000ad80 (0x022d7833) x16 0x00000001
core   0: 0x8000ad84 (0x00005afd) c.li    s5, -1
core   0: 3 0x8000ad84 (0x5afd) x21 0xffffffff
core   0: 0x8000ad86 (0x0000100f) fence.i
core   0: 3 0x8000ad86 (0x0000100f)
core   0: 0x8000ad8a (0x00dbf6b3) and     a3, s7, a3
core   0: 3 0x8000ad8a (0x00dbf6b3) x13 0x00000000
core   0: 0x8000ad8e (0x00008e61) c.and   a2, s0
core   0: 3 0x8000ad8e (0x8e61) x12 0x00000000
core   0: 0x8000ad90 (0xba2c8013) addi    zero, s9, -1118
core   0: 3 0x8000ad90 (0xba2c8013)
core   0: 0x8000ad94 (0x00008e21) c.xor   a2, s0
core   0: 3 0x8000ad94 (0x8e21) x12 0x64fef000
core   0: 0x8000ad96 (0x03002533) mulhsu  a0, zero, a6
core   0: 3 0x8000ad96 (0x03002533) x10 0x00000000
core   0: 0x8000ad9a (0x52aa8793) addi    a5, s5, 1322
core   0: 3 0x8000ad9a (0x52aa8793) x15 0x00000529
core   0: 0x8000ad9e (0x0000cd89) c.beqz  a1, pc + 26
core   0: 3 0x8000ad9e (0xcd89)
core   0: 0x8000adb8 (0x0000100f) fence.i
core   0: 3 0x8000adb8 (0x0000100f)
core   0: 0x8000adbc (0x838ff313) andi    t1, t6, -1992
core   0: 3 0x8000adbc (0x838ff313) x 6 0x00000030
core   0: 0x8000adc0 (0x0000cb9d) c.beqz  a5, pc + 54
core   0: 3 0x8000adc0 (0xcb9d)
core   0: 0x8000adc2 (0xff060013) addi    zero, a2, -16
core   0: 3 0x8000adc2 (0xff060013)
core   0: 0x8000adc6 (0xacbff713) andi    a4, t6, -1333
core   0: 3 0x8000adc6 (0xacbff713) x14 0x000002c2
core   0: 0x8000adca (0x018ce1b3) or      gp, s9, s8
core   0: 3 0x8000adca (0x018ce1b3) x 3 0x64fff000
core   0: 0x8000adce (0x00008972) c.mv    s2, t3
core   0: 3 0x8000adce (0x8972) x18 0x00000001
core   0: 0x8000add0 (0x78978513) addi    a0, a5, 1929
core   0: 3 0x8000add0 (0x78978513) x10 0x00000cb2
core   0: 0x8000add4 (0x0209d333) divu    t1, s3, zero
core   0: 3 0x8000add4 (0x0209d333) x 6 0xffffffff
core   0: 0x8000add8 (0x03e0a9b3) mulhsu  s3, ra, t5
core   0: 3 0x8000add8 (0x03e0a9b3) x19 0xffffffff
core   0: 0x8000addc (0x00b3ff33) and     t5, t2, a1
core   0: 3 0x8000addc (0x00b3ff33) x30 0x00000000
core   0: 0x8000ade0 (0x037425b3) mulhsu  a1, s0, s7
core   0: 3 0x8000ade0 (0x037425b3) x11 0x00000000
core   0: 0x8000ade4 (0x417cd093) srai    ra, s9, 23
core   0: 3 0x8000ade4 (0x417cd093) x 1 0x00000000
core   0: 0x8000ade8 (0x001b1733) sll     a4, s6, ra
core   0: 3 0x8000ade8 (0x001b1733) x14 0x004c2af2
core   0: 0x8000adec (0x00000506) c.slli  a0, 1
core   0: 3 0x8000adec (0x0506) x10 0x00001964
core   0: 0x8000adee (0x031b37b3) mulhu   a5, s6, a7
core   0: 3 0x8000adee (0x031b37b3) x15 0x00000000
core   0: 0x8000adf2 (0x8318b413) sltiu   s0, a7, -1999
core   0: 3 0x8000adf2 (0x8318b413) x 8 0x00000001
core   0: 0x8000adf6 (0x02f8e0b3) rem     ra, a7, a5
core   0: 3 0x8000adf6 (0x02f8e0b3) x 1 0x00000001
core   0: 0x8000adfa (0x03e513b3) mulh    t2, a0, t5
core   0: 3 0x8000adfa (0x03e513b3) x 7 0x00000000
core   0: 0x8000adfe (0x41655bb3) sra     s7, a0, s6
core   0: 3 0x8000adfe (0x41655bb3) x23 0x00000000
core   0: 0x8000ae02 (0x000054fd) c.li    s1, -1
core   0: 3 0x8000ae02 (0x54fd) x 9 0xffffffff
core   0: 0x8000ae04 (0x0000664d) c.lui   a2, 0x13
core   0: 3 0x8000ae04 (0x664d) x12 0x00013000
core   0: 0x8000ae06 (0x002b7263) bgeu    s6, sp, pc + 4
core   0: 3 0x8000ae06 (0x002b7263)
core   0: 0x8000ae0a (0x003359b3) srl     s3, t1, gp
core   0: 3 0x8000ae0a (0x003359b3) x19 0xffffffff
core   0: 0x8000ae0e (0x00008e79) c.and   a2, a4
core   0: 3 0x8000ae0e (0x8e79) x12 0x00002000
core   0: 0x8000ae10 (0x00006945) c.lui   s2, 0x11
core   0: 3 0x8000ae10 (0x6945) x18 0x00011000
core   0: 0x8000ae12 (0xc21a3097) auipc   ra, 0xc21a3
core   0: 3 0x8000ae12 (0xc21a3097) x 1 0x421ade12
core   0: 0x8000ae16 (0x000083b1) c.srli  a5, 12
core   0: 3 0x8000ae16 (0x83b1) x15 0x00000000
core   0: 0x8000ae18 (0x00ad5c33) srl     s8, s10, a0
core   0: 3 0x8000ae18 (0x00ad5c33) x24 0x00000000
core   0: 0x8000ae1c (0x00008309) c.srli  a4, 2
core   0: 3 0x8000ae1c (0x8309) x14 0x00130abc
core   0: 0x8000ae1e (0x02799163) bne     s3, t2, pc + 34
core   0: 3 0x8000ae1e (0x02799163)
core   0: 0x8000ae40 (0x009577b3) and     a5, a0, s1
core   0: 3 0x8000ae40 (0x009577b3) x15 0x00001964
core   0: 0x8000ae44 (0x00008589) c.srai  a1, 2
core   0: 3 0x8000ae44 (0x8589) x11 0x00000000
core   0: 0x8000ae46 (0x000016fd) c.addi  a3, -1
core   0: 3 0x8000ae46 (0x16fd) x13 0xffffffff
core   0: 0x8000ae48 (0x009007b3) add     a5, zero, s1
core   0: 3 0x8000ae48 (0x009007b3) x15 0xffffffff
core   0: 0x8000ae4c (0xf7cae913) ori     s2, s5, -132
core   0: 3 0x8000ae4c (0xf7cae913) x18 0xffffffff
core   0: 0x8000ae50 (0x0000045e) c.slli  s0, 23
core   0: 3 0x8000ae50 (0x045e) x 8 0x00800000
core   0: 0x8000ae52 (0x017f6a63) bltu    t5, s7, pc + 20
core   0: 3 0x8000ae52 (0x017f6a63)
core   0: 0x8000ae56 (0x2598be13) sltiu   t3, a7, 601
core   0: 3 0x8000ae56 (0x2598be13) x28 0x00000001
core   0: 0x8000ae5a (0x021e9333) mulh    t1, t4, ra
core   0: 3 0x8000ae5a (0x021e9333) x 6 0x00000111
core   0: 0x8000ae5e (0x0000893d) c.andi  a0, 15
core   0: 3 0x8000ae5e (0x893d) x10 0x00000004
core   0: 0x8000ae60 (0x00008d7d) c.and   a0, a5
core   0: 3 0x8000ae60 (0x8d7d) x10 0x00000004
core   0: 0x8000ae62 (0x0302d4b3) divu    s1, t0, a6
core   0: 3 0x8000ae62 (0x0302d4b3) x 9 0x80022e3c
core   0: 0x8000ae66 (0x00000329) c.addi  t1, 10
core   0: 3 0x8000ae66 (0x0329) x 6 0x0000011b
core   0: 0x8000ae68 (0x00f4af33) slt     t5, s1, a5
core   0: 3 0x8000ae68 (0x00f4af33) x30 0x00000001
core   0: 0x8000ae6c (0x11dbba13) sltiu   s4, s7, 285
core   0: 3 0x8000ae6c (0x11dbba13) x20 0x00000001
core   0: 0x8000ae70 (0x00ad93b3) sll     t2, s11, a0
core   0: 3 0x8000ae70 (0x00ad93b3) x 7 0x00000000
core   0: 0x8000ae74 (0x013eda13) srli    s4, t4, 19
core   0: 3 0x8000ae74 (0x013eda13) x20 0x00000000
core   0: 0x8000ae78 (0x02d7c333) div     t1, a5, a3
core   0: 3 0x8000ae78 (0x02d7c333) x 6 0x00000001
core   0: 0x8000ae7c (0x05257363) bgeu    a0, s2, pc + 70
core   0: 3 0x8000ae7c (0x05257363)
core   0: 0x8000ae80 (0x0048dfb3) srl     t6, a7, tp
core   0: 3 0x8000ae80 (0x0048dfb3) x31 0x00000000
core   0: 0x8000ae84 (0x7a6b6593) ori     a1, s6, 1958
core   0: 3 0x8000ae84 (0x7a6b6593) x11 0x004c2ff6
core   0: 0x8000ae88 (0x01760333) add     t1, a2, s7
core   0: 3 0x8000ae88 (0x01760333) x 6 0x00002000
core   0: 0x8000ae8c (0xbadd7493) andi    s1, s10, -1107
core   0: 3 0x8000ae8c (0xbadd7493) x 9 0x00000001
core   0: 0x8000ae90 (0x40a303b3) sub     t2, t1, a0
core   0: 3 0x8000ae90 (0x40a303b3) x 7 0x00001ffc
core   0: 0x8000ae94 (0xee957393) andi    t2, a0, -279
core   0: 3 0x8000ae94 (0xee957393) x 7 0x00000000
core   0: 0x8000ae98 (0x03ff9ab3) mulh    s5, t6, t6
core   0: 3 0x8000ae98 (0x03ff9ab3) x21 0x00000000
core   0: 0x8000ae9c (0x0005f1b3) and     gp, a1, zero
core   0: 3 0x8000ae9c (0x0005f1b3) x 3 0x00000000
core   0: 0x8000aea0 (0x031ae163) bltu    s5, a7, pc + 34
core   0: 3 0x8000aea0 (0x031ae163)
core   0: 0x8000aec2 (0x00008dc2) c.mv    s11, a6
core   0: 3 0x8000aec2 (0x8dc2) x27 0x00000001
core   0: 0x8000aec4 (0x002f36b3) sltu    a3, t5, sp
core   0: 3 0x8000aec4 (0x002f36b3) x13 0x00000001
core   0: 0x8000aec8 (0x0000c589) c.beqz  a1, pc + 10
core   0: 3 0x8000aec8 (0xc589)
core   0: 0x8000aeca (0x0265d763) bge     a1, t1, pc + 46
core   0: 3 0x8000aeca (0x0265d763)
core   0: 0x8000aef8 (0x03781533) mulh    a0, a6, s7
core   0: 3 0x8000aef8 (0x03781533) x10 0x00000000
core   0: 0x8000aefc (0x014ad5b3) srl     a1, s5, s4
core   0: 3 0x8000aefc (0x014ad5b3) x11 0x00000000
core   0: 0x8000af00 (0xb586e393) ori     t2, a3, -1192
core   0: 3 0x8000af00 (0xb586e393) x 7 0xfffffb59
core   0: 0x8000af04 (0x01f27f33) and     t5, tp, t6
core   0: 3 0x8000af04 (0x01f27f33) x30 0x00000000
core   0: 0x8000af08 (0x0000991a) c.add   s2, t1
core   0: 3 0x8000af08 (0x991a) x18 0x00001fff
core   0: 0x8000af0a (0x41a25e13) srai    t3, tp, 26
core   0: 3 0x8000af0a (0x41a25e13) x28 0xffffffe0
core   0: 0x8000af0e (0x0000597d) c.li    s2, -1
core   0: 3 0x8000af0e (0x597d) x18 0xffffffff
core   0: 0x8000af10 (0x414b5813) srai    a6, s6, 20
core   0: 3 0x8000af10 (0x414b5813) x16 0x00000004
core   0: 0x8000af14 (0x00008f91) c.sub   a5, a2
core   0: 3 0x8000af14 (0x8f91) x15 0xffffdfff
core   0: 0x8000af16 (0x000059fd) c.li    s3, -1
core   0: 3 0x8000af16 (0x59fd) x19 0xffffffff
core   0: 0x8000af18 (0x41f10933) sub     s2, sp, t6
core   0: 3 0x8000af18 (0x41f10933) x18 0x0000000c
core   0: 0x8000af1c (0x00d419b3) sll     s3, s0, a3
core   0: 3 0x8000af1c (0x00d419b3) x19 0x01000000
core   0: 0x8000af20 (0x048f7063) bgeu    t5, s0, pc + 64
core   0: 3 0x8000af20 (0x048f7063)
core   0: 0x8000af24 (0x0000999a) c.add   s3, t1
core   0: 3 0x8000af24 (0x999a) x19 0x01002000
core   0: 0x8000af26 (0xe5b98813) addi    a6, s3, -421
core   0: 3 0x8000af26 (0xe5b98813) x16 0x01001e5b
core   0: 0x8000af2a (0x03b91063) bne     s2, s11, pc + 32
core   0: 3 0x8000af2a (0x03b91063)
core   0: 0x8000af4a (0x0117f263) bgeu    a5, a7, pc + 4
core   0: 3 0x8000af4a (0x0117f263)
core   0: 0x8000af4e (0x00008c29) c.xor   s0, a0
core   0: 3 0x8000af4e (0x8c29) x 8 0x00800000
core   0: 0x8000af50 (0x0000ed15) c.bnez  a0, pc + 60
core   0: 3 0x8000af50 (0xed15)
core   0: 0x8000af52 (0x00000001) c.nop
core   0: 3 0x8000af52 (0x0001)
core   0: 0x8000af54 (0x01ccdc13) srli    s8, s9, 28
core   0: 3 0x8000af54 (0x01ccdc13) x24 0x00000000
core   0: 0x8000af58 (0x0190d5b3) srl     a1, ra, s9
core   0: 3 0x8000af58 (0x0190d5b3) x11 0x421ade12
core   0: 0x8000af5c (0xf1d29d17) auipc   s10, 0xf1d29
core   0: 3 0x8000af5c (0xf1d29d17) x26 0x71d33f5c
core   0: 0x8000af60 (0x7fec4093) xori    ra, s8, 2046
core   0: 3 0x8000af60 (0x7fec4093) x 1 0x000007fe
core   0: 0x8000af64 (0x00004c95) c.li    s9, 5
core   0: 3 0x8000af64 (0x4c95) x25 0x00000005
core   0: 0x8000af66 (0x026e2833) mulhsu  a6, t3, t1
core   0: 3 0x8000af66 (0x026e2833) x16 0xffffffff
core   0: 0x8000af6a (0x0000100f) fence.i
core   0: 3 0x8000af6a (0x0000100f)
core   0: 0x8000af6e (0x000338b3) sltu    a7, t1, zero
core   0: 3 0x8000af6e (0x000338b3) x17 0x00000000
core   0: 0x8000af72 (0xed60fe93) andi    t4, ra, -298
core   0: 3 0x8000af72 (0xed60fe93) x29 0x000006d6
core   0: 0x8000af76 (0x03e60833) mul     a6, a2, t5
core   0: 3 0x8000af76 (0x03e60833) x16 0x00000000
core   0: 0x8000af7a (0x0139c7b3) xor     a5, s3, s3
core   0: 3 0x8000af7a (0x0139c7b3) x15 0x00000000
core   0: 0x8000af7e (0x0000100f) fence.i
core   0: 3 0x8000af7e (0x0000100f)
core   0: 0x8000af82 (0x000080e5) c.srli  s1, 25
core   0: 3 0x8000af82 (0x80e5) x 9 0x00000000
core   0: 0x8000af84 (0x002c1f13) slli    t5, s8, 2
core   0: 3 0x8000af84 (0x002c1f13) x30 0x00000000
core   0: 0x8000af88 (0x02b4cb63) blt     s1, a1, pc + 54
core   0: 3 0x8000af88 (0x02b4cb63)
core   0: 0x8000afbe (0x00885093) srli    ra, a6, 8
core   0: 3 0x8000afbe (0x00885093) x 1 0x00000000
core   0: 0x8000afc2 (0x00000001) c.nop
core   0: 3 0x8000afc2 (0x0001)
core   0: 0x8000afc4 (0x000098fd) c.andi  s1, -1
core   0: 3 0x8000afc4 (0x98fd) x 9 0x00000000
core   0: 0x8000afc6 (0xaab6f997) auipc   s3, 0xaab6f
core   0: 3 0x8000afc6 (0xaab6f997) x19 0x2ab79fc6
core   0: 0x8000afca (0x00008c3d) c.xor   s0, a5
core   0: 3 0x8000afca (0x8c3d) x 8 0x00800000
core   0: 0x8000afcc (0x41760db3) sub     s11, a2, s7
core   0: 3 0x8000afcc (0x41760db3) x27 0x00002000
core   0: 0x8000afd0 (0x02c62ab3) mulhsu  s5, a2, a2
core   0: 3 0x8000afd0 (0x02c62ab3) x21 0x00000000
core   0: 0x8000afd4 (0x0377f1b3) remu    gp, a5, s7
core   0: 3 0x8000afd4 (0x0377f1b3) x 3 0x00000000
core   0: 0x8000afd8 (0x02308833) mul     a6, ra, gp
core   0: 3 0x8000afd8 (0x02308833) x16 0x00000000
core   0: 0x8000afdc (0xe017a713) slti    a4, a5, -511
core   0: 3 0x8000afdc (0xe017a713) x14 0x00000000
core   0: 0x8000afe0 (0x0000c709) c.beqz  a4, pc + 10
core   0: 3 0x8000afe0 (0xc709)
core   0: 0x8000afea (0x0000557d) c.li    a0, -1
core   0: 3 0x8000afea (0x557d) x10 0xffffffff
core   0: 0x8000afec (0x00008a86) c.mv    s5, ra
core   0: 3 0x8000afec (0x8a86) x21 0x00000000
core   0: 0x8000afee (0x00008d66) c.mv    s10, s9
core   0: 3 0x8000afee (0x8d66) x26 0x00000005
core   0: 0x8000aff0 (0x002fd1b3) srl     gp, t6, sp
core   0: 3 0x8000aff0 (0x002fd1b3) x 3 0x00000000
core   0: 0x8000aff4 (0xe6227e93) andi    t4, tp, -414
core   0: 3 0x8000aff4 (0xe6227e93) x29 0x80026c60
core   0: 0x8000aff8 (0x0ff0000f) fence   iorw,iorw
core   0: 3 0x8000aff8 (0x0ff0000f)
core   0: 0x8000affc (0x0159d433) srl     s0, s3, s5
core   0: 3 0x8000affc (0x0159d433) x 8 0x2ab79fc6
core   0: 0x8000b000 (0x00008dd1) c.or    a1, a2
core   0: 3 0x8000b000 (0x8dd1) x11 0x421afe12
core   0: 0x8000b002 (0x03285933) divu    s2, a6, s2
core   0: 3 0x8000b002 (0x03285933) x18 0x00000000
core   0: 0x8000b006 (0x650b6513) ori     a0, s6, 1616
core   0: 3 0x8000b006 (0x650b6513) x10 0x004c2ef2
core   0: 0x8000b00a (0x02220533) mul     a0, tp, sp
core   0: 3 0x8000b00a (0x02220533) x10 0x001d1ab0
core   0: 0x8000b00e (0x01e151b3) srl     gp, sp, t5
core   0: 3 0x8000b00e (0x01e151b3) x 3 0x0000000c
core   0: 0x8000b012 (0xee2cb013) sltiu   zero, s9, -286
core   0: 3 0x8000b012 (0xee2cb013)
core   0: 0x8000b016 (0x00000001) c.nop
core   0: 3 0x8000b016 (0x0001)
core   0: 0x8000b018 (0xfc893393) sltiu   t2, s2, -56
core   0: 3 0x8000b018 (0xfc893393) x 7 0x00000001
core   0: 0x8000b01c (0x000016fd) c.addi  a3, -1
core   0: 3 0x8000b01c (0x16fd) x13 0x00000000
core   0: 0x8000b01e (0x0c8b7163) bgeu    s6, s0, pc + 194
core   0: 3 0x8000b01e (0x0c8b7163)
core   0: 0x8000b022 (0x0ff0000f) fence   iorw,iorw
core   0: 3 0x8000b022 (0x0ff0000f)
core   0: 0x8000b026 (0x00008d6d) c.and   a0, a1
core   0: 3 0x8000b026 (0x8d6d) x10 0x00181a10
core   0: 0x8000b028 (0x0b854863) blt     a0, s8, pc + 176
core   0: 3 0x8000b028 (0x0b854863)
core   0: 0x8000b02c (0x026d1633) mulh    a2, s10, t1
core   0: 3 0x8000b02c (0x026d1633) x12 0x00000000
core   0: 0x8000b030 (0x8be4a637) lui     a2, 0x8be4a
core   0: 3 0x8000b030 (0x8be4a637) x12 0x8be4a000
core   0: 0x8000b034 (0x0000eec5) c.bnez  a3, pc + 184
core   0: 3 0x8000b034 (0xeec5)
core   0: 0x8000b036 (0x02325b33) divu    s6, tp, gp
core   0: 3 0x8000b036 (0x02325b33) x22 0x0aaade68
core   0: 0x8000b03a (0x719bea93) ori     s5, s7, 1817
core   0: 3 0x8000b03a (0x719bea93) x21 0x00000719
core   0: 0x8000b03e (0x4096dc33) sra     s8, a3, s1
core   0: 3 0x8000b03e (0x4096dc33) x24 0x00000000
core   0: 0x8000b042 (0x000088bd) c.andi  s1, 15
core   0: 3 0x8000b042 (0x88bd) x 9 0x00000000
core   0: 0x8000b044 (0x00008e9d) c.sub   a3, a5
core   0: 3 0x8000b044 (0x8e9d) x13 0x00000000
core   0: 0x8000b046 (0x00008ffd) c.and   a5, a5
core   0: 3 0x8000b046 (0x8ffd) x15 0x00000000
core   0: 0x8000b048 (0x011cd463) bge     s9, a7, pc + 8
core   0: 3 0x8000b048 (0x011cd463)
core   0: 0x8000b050 (0x0000c4c1) c.beqz  s1, pc + 136
core   0: 3 0x8000b050 (0xc4c1)
core   0: 0x8000b0d8 (0x01beda13) srli    s4, t4, 27
core   0: 3 0x8000b0d8 (0x01beda13) x20 0x00000010
core   0: 0x8000b0dc (0x00335913) srli    s2, t1, 3
core   0: 3 0x8000b0dc (0x00335913) x18 0x00000400
core   0: 0x8000b0e0 (0x0391b7b3) mulhu   a5, gp, s9
core   0: 3 0x8000b0e0 (0x0391b7b3) x15 0x00000000
core   0: 0x8000b0e4 (0x00000fcd) c.addi  t6, 19
core   0: 3 0x8000b0e4 (0x0fcd) x31 0x00000013
core   0: 0x8000b0e6 (0x0000cd05) c.beqz  a0, pc + 56
core   0: 3 0x8000b0e6 (0xcd05)
core   0: 0x8000b0e8 (0x02c4e063) bltu    s1, a2, pc + 32
core   0: 3 0x8000b0e8 (0x02c4e063)
core   0: 0x8000b108 (0x03cb7033) remu    zero, s6, t3
core   0: 3 0x8000b108 (0x03cb7033)
core   0: 0x8000b10c (0x00000001) c.nop
core   0: 3 0x8000b10c (0x0001)
core   0: 0x8000b10e (0x00000b66) c.slli  s6, 25
core   0: 3 0x8000b10e (0x0b66) x22 0xd0000000
core   0: 0x8000b110 (0x0000c08d) c.beqz  s1, pc + 34
core   0: 3 0x8000b110 (0xc08d)
core   0: 0x8000b132 (0x000066e9) c.lui   a3, 0x1a
core   0: 3 0x8000b132 (0x66e9) x13 0x0001a000
core   0: 0x8000b134 (0x892ee693) ori     a3, t4, -1902
core   0: 3 0x8000b134 (0x892ee693) x13 0xfffffcf2
core   0: 0x8000b138 (0x00ed5813) srli    a6, s10, 14
core   0: 3 0x8000b138 (0x00ed5813) x16 0x00000000
core   0: 0x8000b13c (0x01a7d6b3) srl     a3, a5, s10
core   0: 3 0x8000b13c (0x01a7d6b3) x13 0x00000000
core   0: 0x8000b140 (0x8ea43397) auipc   t2, 0x8ea43
core   0: 3 0x8000b140 (0x8ea43397) x 7 0x0ea4e140
core   0: 0x8000b144 (0x407ba693) slti    a3, s7, 1031
core   0: 3 0x8000b144 (0x407ba693) x13 0x00000001
core   0: 0x8000b148 (0x41feb313) sltiu   t1, t4, 1055
core   0: 3 0x8000b148 (0x41feb313) x 6 0x00000000
core   0: 0x8000b14c (0x4051df13) srai    t5, gp, 5
core   0: 3 0x8000b14c (0x4051df13) x30 0x00000000
core   0: 0x8000b150 (0x00006665) c.lui   a2, 0x19
core   0: 3 0x8000b150 (0x6665) x12 0x00019000
core   0: 0x8000b152 (0x017d0733) add     a4, s10, s7
core   0: 3 0x8000b152 (0x017d0733) x14 0x00000005
core   0: 0x8000b156 (0x411e5c93) srai    s9, t3, 17
core   0: 3 0x8000b156 (0x411e5c93) x25 0xffffffff
core   0: 0x8000b15a (0x40d10fb3) sub     t6, sp, a3
core   0: 3 0x8000b15a (0x40d10fb3) x31 0x0000000b
core   0: 0x8000b15e (0x03b45a33) divu    s4, s0, s11
core   0: 3 0x8000b15e (0x03b45a33) x20 0x000155bc
core   0: 0x8000b162 (0x000080b2) c.mv    ra, a2
core   0: 3 0x8000b162 (0x80b2) x 1 0x00019000
core   0: 0x8000b164 (0x00008ef5) c.and   a3, a3
core   0: 3 0x8000b164 (0x8ef5) x13 0x00000001
core   0: 0x8000b166 (0x00000001) c.nop
core   0: 3 0x8000b166 (0x0001)
core   0: 0x8000b168 (0x00008159) c.srli  a0, 22
core   0: 3 0x8000b168 (0x8159) x10 0x00000000
core   0: 0x8000b16a (0xc3126f93) ori     t6, tp, -975
core   0: 3 0x8000b16a (0xc3126f93) x31 0xfffffcf5
core   0: 0x8000b16e (0x03893bb3) mulhu   s7, s2, s8
core   0: 3 0x8000b16e (0x03893bb3) x23 0x00000000
core   0: 0x8000b172 (0x00008c2d) c.xor   s0, a1
core   0: 3 0x8000b172 (0x8c2d) x 8 0x68ad61d4
core   0: 0x8000b174 (0x000063f1) c.lui   t2, 0x1c
core   0: 3 0x8000b174 (0x63f1) x 7 0x0001c000
core   0: 0x8000b176 (0x6e003593) sltiu   a1, zero, 1760
core   0: 3 0x8000b176 (0x6e003593) x11 0x00000001
core   0: 0x8000b17a (0x41b95eb3) sra     t4, s2, s11
core   0: 3 0x8000b17a (0x41b95eb3) x29 0x00000400
core   0: 0x8000b17e (0x0000ee01) c.bnez  a2, pc + 24
core   0: 3 0x8000b17e (0xee01)
core   0: 0x8000b196 (0x0000987d) c.andi  s0, -1
core   0: 3 0x8000b196 (0x987d) x 8 0x68ad61d4
core   0: 0x8000b198 (0x41df0633) sub     a2, t5, t4
core   0: 3 0x8000b198 (0x41df0633) x12 0xfffffc00
core   0: 0x8000b19c (0xb53e10b7) lui     ra, 0xb53e1
core   0: 3 0x8000b19c (0xb53e10b7) x 1 0xb53e1000
core   0: 0x8000b1a0 (0x02a227b3) mulhsu  a5, tp, a0
core   0: 3 0x8000b1a0 (0x02a227b3) x15 0x00000000
core   0: 0x8000b1a4 (0x0000878d) c.srai  a5, 3
core   0: 3 0x8000b1a4 (0x878d) x15 0x00000000
core   0: 0x8000b1a6 (0x033579b3) remu    s3, a0, s3
core   0: 3 0x8000b1a6 (0x033579b3) x19 0x00000000
core   0: 0x8000b1aa (0x00000001) c.nop
core   0: 3 0x8000b1aa (0x0001)
core   0: 0x8000b1ac (0x0000100f) fence.i
core   0: 3 0x8000b1ac (0x0000100f)
core   0: 0x8000b1b0 (0x03653a33) mulhu   s4, a0, s6
core   0: 3 0x8000b1b0 (0x03653a33) x20 0x00000000
core   0: 0x8000b1b4 (0x0179e833) or      a6, s3, s7
core   0: 3 0x8000b1b4 (0x0179e833) x16 0x00000000
core   0: 0x8000b1b8 (0x0000937e) c.add   t1, t6
core   0: 3 0x8000b1b8 (0x937e) x 6 0xfffffcf5
core   0: 0x8000b1ba (0x000084dd) c.srai  s1, 23
core   0: 3 0x8000b1ba (0x84dd) x 9 0x00000000
core   0: 0x8000b1bc (0x006a8b33) add     s6, s5, t1
core   0: 3 0x8000b1bc (0x006a8b33) x22 0x0000040e
core   0: 0x8000b1c0 (0x00001afd) c.addi  s5, -1
core   0: 3 0x8000b1c0 (0x1afd) x21 0x00000718
core   0: 0x8000b1c2 (0x40fad3b3) sra     t2, s5, a5
core   0: 3 0x8000b1c2 (0x40fad3b3) x 7 0x00000718
core   0: 0x8000b1c6 (0x03d53033) mulhu   zero, a0, t4
core   0: 3 0x8000b1c6 (0x03d53033)
core   0: 0x8000b1ca (0x00f5b9b3) sltu    s3, a1, a5
core   0: 3 0x8000b1ca (0x00f5b9b3) x19 0x00000000
core   0: 0x8000b1ce (0x00000a3e) c.slli  s4, 15
core   0: 3 0x8000b1ce (0x0a3e) x20 0x00000000
core   0: 0x8000b1d0 (0x033653b3) divu    t2, a2, s3
core   0: 3 0x8000b1d0 (0x033653b3) x 7 0xffffffff
core   0: 0x8000b1d4 (0x0000100f) fence.i
core   0: 3 0x8000b1d4 (0x0000100f)
core   0: 0x8000b1d8 (0x02593933) mulhu   s2, s2, t0
core   0: 3 0x8000b1d8 (0x02593933) x18 0x00000200
core   0: 0x8000b1dc (0x0000c389) c.beqz  a5, pc + 2
core   0: 3 0x8000b1dc (0xc389)
core   0: 0x8000b1de (0x022be733) rem     a4, s7, sp
core   0: 3 0x8000b1de (0x022be733) x14 0x00000000
core   0: 0x8000b1e2 (0x000081e9) c.srli  a1, 26
core   0: 3 0x8000b1e2 (0x81e9) x11 0x00000000
core   0: 0x8000b1e4 (0x77f2d797) auipc   a5, 0x77f2d
core   0: 3 0x8000b1e4 (0x77f2d797) x15 0xf7f381e4
core   0: 0x8000b1e8 (0x00008c42) c.mv    s8, a6
core   0: 3 0x8000b1e8 (0x8c42) x24 0x00000000
core   0: 0x8000b1ea (0x7972e393) ori     t2, t0, 1943
core   0: 3 0x8000b1ea (0x7972e393) x 7 0x80022fbf
core   0: 0x8000b1ee (0x033055b3) divu    a1, zero, s3
core   0: 3 0x8000b1ee (0x033055b3) x11 0xffffffff
core   0: 0x8000b1f2 (0x02a2aa33) mulhsu  s4, t0, a0
core   0: 3 0x8000b1f2 (0x02a2aa33) x20 0x00000000
core   0: 0x8000b1f6 (0x0000100f) fence.i
core   0: 3 0x8000b1f6 (0x0000100f)
core   0: 0x8000b1fa (0x0249ec63) bltu    s3, tp, pc + 56
core   0: 3 0x8000b1fa (0x0249ec63)
core   0: 0x8000b232 (0x00008df1) c.and   a1, a2
core   0: 3 0x8000b232 (0x8df1) x11 0xfffffc00
core   0: 0x8000b234 (0x09c35317) auipc   t1, 0x9c35
core   0: 3 0x8000b234 (0x09c35317) x 6 0x89c40234
core   0: 0x8000b238 (0x000013fd) c.addi  t2, -1
core   0: 3 0x8000b238 (0x13fd) x 7 0x80022fbe
core   0: 0x8000b23a (0xc2c730b7) lui     ra, 0xc2c73
core   0: 3 0x8000b23a (0xc2c730b7) x 1 0xc2c73000
core   0: 0x8000b23e (0x00d22a33) slt     s4, tp, a3
core   0: 3 0x8000b23e (0x00d22a33) x20 0x00000001
core   0: 0x8000b242 (0x63b69a37) lui     s4, 0x63b69
core   0: 3 0x8000b242 (0x63b69a37) x20 0x63b69000
core   0: 0x8000b246 (0x03fd18b3) mulh    a7, s10, t6
core   0: 3 0x8000b246 (0x03fd18b3) x17 0xffffffff
core   0: 0x8000b24a (0x40b05d93) srai    s11, zero, 11
core   0: 3 0x8000b24a (0x40b05d93) x27 0x00000000
core   0: 0x8000b24e (0x0273f4b3) remu    s1, t2, t2
core   0: 3 0x8000b24e (0x0273f4b3) x 9 0x00000000
core   0: 0x8000b252 (0x00000aba) c.slli  s5, 14
core   0: 3 0x8000b252 (0x0aba) x21 0x01c60000
core   0: 0x8000b254 (0x000061f9) c.lui   gp, 0x1e
core   0: 3 0x8000b254 (0x61f9) x 3 0x0001e000
core   0: 0x8000b256 (0x009e9093) slli    ra, t4, 9
core   0: 3 0x8000b256 (0x009e9093) x 1 0x00080000
core   0: 0x8000b25a (0x0000e699) c.bnez  a3, pc + 14
core   0: 3 0x8000b25a (0xe699)
core   0: 0x8000b268 (0x01e05513) srli    a0, zero, 30
core   0: 3 0x8000b268 (0x01e05513) x10 0x00000000
core   0: 0x8000b26c (0x03c14763) blt     sp, t3, pc + 46
core   0: 3 0x8000b26c (0x03c14763)
core   0: 0x8000b270 (0x407185b3) sub     a1, gp, t2
core   0: 3 0x8000b270 (0x407185b3) x11 0x7fffb042
core   0: 0x8000b274 (0x01ae8ab3) add     s5, t4, s10
core   0: 3 0x8000b274 (0x01ae8ab3) x21 0x00000405
core   0: 0x8000b278 (0x0112d1b3) srl     gp, t0, a7
core   0: 3 0x8000b278 (0x0112d1b3) x 3 0x00000001
core   0: 0x8000b27c (0x01941e13) slli    t3, s0, 25
core   0: 3 0x8000b27c (0x01941e13) x28 0xa8000000
core   0: 0x8000b280 (0x41ead633) sra     a2, s5, t5
core   0: 3 0x8000b280 (0x41ead633) x12 0x00000405
core   0: 0x8000b284 (0x02610363) beq     sp, t1, pc + 38
core   0: 3 0x8000b284 (0x02610363)
core   0: 0x8000b288 (0x00008d25) c.xor   a0, s1
core   0: 3 0x8000b288 (0x8d25) x10 0x00000000
core   0: 0x8000b28a (0x00008c91) c.sub   s1, a2
core   0: 3 0x8000b28a (0x8c91) x 9 0xfffffbfb
core   0: 0x8000b28c (0x00000001) c.nop
core   0: 3 0x8000b28c (0x0001)
core   0: 0x8000b28e (0x00000001) c.nop
core   0: 3 0x8000b28e (0x0001)
core   0: 0x8000b290 (0x000066d9) c.lui   a3, 0x16
core   0: 3 0x8000b290 (0x66d9) x13 0x00016000
core   0: 0x8000b292 (0x006e6863) bltu    t3, t1, pc + 16
core   0: 3 0x8000b292 (0x006e6863)
core   0: 0x8000b296 (0x01d02ab3) slt     s5, zero, t4
core   0: 3 0x8000b296 (0x01d02ab3) x21 0x00000001
core   0: 0x8000b29a (0xe8b19417) auipc   s0, 0xe8b19
core   0: 3 0x8000b29a (0xe8b19417) x 8 0x68b2429a
core   0: 0x8000b29e (0x025a43b3) div     t2, s4, t0
core   0: 3 0x8000b29e (0x025a43b3) x 7 0x00000000
core   0: 0x8000b2a2 (0x0036c333) xor     t1, a3, gp
core   0: 3 0x8000b2a2 (0x0036c333) x 6 0x00016001
core   0: 0x8000b2a6 (0x452f8e13) addi    t3, t6, 1106
core   0: 3 0x8000b2a6 (0x452f8e13) x28 0x00000147
core   0: 0x8000b2aa (0x00006a21) c.lui   s4, 0x8
core   0: 3 0x8000b2aa (0x6a21) x20 0x00008000
core   0: 0x8000b2ac (0x03fc7e33) remu    t3, s8, t6
core   0: 3 0x8000b2ac (0x03fc7e33) x28 0x00000000
core   0: 0x8000b2b0 (0x0ff0000f) fence   iorw,iorw
core   0: 3 0x8000b2b0 (0x0ff0000f)
core   0: 0x8000b2b4 (0x035029b3) mulhsu  s3, zero, s5
core   0: 3 0x8000b2b4 (0x035029b3) x19 0x00000000
core   0: 0x8000b2b8 (0x0000987d) c.andi  s0, -1
core   0: 3 0x8000b2b8 (0x987d) x 8 0x68b2429a
core   0: 0x8000b2ba (0x000017fd) c.addi  a5, -1
core   0: 3 0x8000b2ba (0x17fd) x15 0xf7f381e3
core   0: 0x8000b2bc (0x02215663) bge     sp, sp, pc + 44
core   0: 3 0x8000b2bc (0x02215663)
core   0: 0x8000b2e8 (0x54464d93) xori    s11, a2, 1348
core   0: 3 0x8000b2e8 (0x54464d93) x27 0x00000141
core   0: 0x8000b2ec (0x00008fb1) c.xor   a5, a2
core   0: 3 0x8000b2ec (0x8fb1) x15 0xf7f385e6
core   0: 0x8000b2ee (0x41a0d333) sra     t1, ra, s10
core   0: 3 0x8000b2ee (0x41a0d333) x 6 0x00004000
core   0: 0x8000b2f2 (0x023d5ab3) divu    s5, s10, gp
core   0: 3 0x8000b2f2 (0x023d5ab3) x21 0x00000005
core   0: 0x8000b2f6 (0x00011d97) auipc   s11, 0x11
core   0: 3 0x8000b2f6 (0x00011d97) x27 0x8001c2f6
core   0: 0x8000b2fa (0xa67d8d93) addi    s11, s11, -1433
core   0: 3 0x8000b2fa (0xa67d8d93) x27 0x8001bd5d
core   0: 0x8000b2fe (0xd016fb93) andi    s7, a3, -767
core   0: 3 0x8000b2fe (0xd016fb93) x23 0x00016000
core   0: 0x8000b302 (0x00264c33) xor     s8, a2, sp
core   0: 3 0x8000b302 (0x00264c33) x24 0x00000409
core   0: 0x8000b306 (0xcb8d8183) lb      gp, -840(s11)
core   0: 3 0x8000b306 (0xcb8d8183) x 3 0x0000006f mem 0x8001ba15
core   0: 0x8000b30a (0xa6bda983) lw      s3, -1429(s11)
core   0: 3 0x8000b30a (0xa6bda983) x19 0xa970299e mem 0x8001b7c8
core   0: 0x8000b30e (0x83bead13) slti    s10, t4, -1989
core   0: 3 0x8000b30e (0x83bead13) x26 0x00000000
core   0: 0x8000b312 (0x40885e33) sra     t3, a6, s0
core   0: 3 0x8000b312 (0x40885e33) x28 0x00000000
core   0: 0x8000b316 (0xb11dc483) lbu     s1, -1263(s11)
core   0: 3 0x8000b316 (0xb11dc483) x 9 0x000000ea mem 0x8001b86e
core   0: 0x8000b31a (0x0000100f) fence.i
core   0: 3 0x8000b31a (0x0000100f)
core   0: 0x8000b31e (0x000083ed) c.srli  a5, 27
core   0: 3 0x8000b31e (0x83ed) x15 0x0000001e
core   0: 0x8000b320 (0x539d9483) lh      s1, 1337(s11)
core   0: 3 0x8000b320 (0x539d9483) x 9 0xffffaa11 mem 0x8001c296
core   0: 0x8000b324 (0x00008909) c.andi  a0, 2
core   0: 3 0x8000b324 (0x8909) x10 0x00000000
core   0: 0x8000b326 (0xfdbdd683) lhu     a3, -37(s11)
core   0: 3 0x8000b326 (0xfdbdd683) x13 0x00004f1e mem 0x8001bd38
core   0: 0x8000b32a (0x00008f19) c.sub   a4, a4
core   0: 3 0x8000b32a (0x8f19) x14 0x00000000
core   0: 0x8000b32c (0x001afa33) and     s4, s5, ra
core   0: 3 0x8000b32c (0x001afa33) x20 0x00000000
core   0: 0x8000b330 (0xc1fd8f03) lb      t5, -993(s11)
core   0: 3 0x8000b330 (0xc1fd8f03) x30 0xffffffa6 mem 0x8001b97c
core   0: 0x8000b334 (0x13cef713) andi    a4, t4, 316
core   0: 3 0x8000b334 (0x13cef713) x14 0x00000000
core   0: 0x8000b338 (0x464dcf03) lbu     t5, 1124(s11)
core   0: 3 0x8000b338 (0x464dcf03) x30 0x0000000c mem 0x8001c1c1
core   0: 0x8000b33c (0x984dcc03) lbu     s8, -1660(s11)
core   0: 3 0x8000b33c (0x984dcc03) x24 0x00000011 mem 0x8001b6e1
core   0: 0x8000b340 (0x01ed64b3) or      s1, s10, t5
core   0: 3 0x8000b340 (0x01ed64b3) x 9 0x0000000c
core   0: 0x8000b344 (0x0000845d) c.srai  s0, 23
core   0: 3 0x8000b344 (0x845d) x 8 0x000000d1
core   0: 0x8000b346 (0xa55d8523) sb      s5, -1462(s11)
core   0: 3 0x8000b346 (0xa55d8523) mem 0x8001b7a7 0x5
core   0: 0x8000b34a (0xe89d8223) sb      s1, -380(s11)
core   0: 3 0x8000b34a (0xe89d8223) mem 0x8001bbe1 0xc
core   0: 0x8000b34e (0x000097ea) c.add   a5, s10
core   0: 3 0x8000b34e (0x97ea) x15 0x0000001e
core   0: 0x8000b350 (0xc1968b93) addi    s7, a3, -999
core   0: 3 0x8000b350 (0xc1968b93) x23 0x00004b37
core   0: 0x8000b354 (0x0000187d) c.addi  a6, -1
core   0: 3 0x8000b354 (0x187d) x16 0xffffffff
core   0: 0x8000b356 (0x02d520b3) mulhsu  ra, a0, a3
core   0: 3 0x8000b356 (0x02d520b3) x 1 0x00000000
core   0: 0x8000b35a (0x1f257693) andi    a3, a0, 498
core   0: 3 0x8000b35a (0x1f257693) x13 0x00000000
core   0: 0x8000b35e (0x00008cdd) c.or    s1, a5
core   0: 3 0x8000b35e (0x8cdd) x 9 0x0000001e
core   0: 0x8000b360 (0x0000100f) fence.i
core   0: 3 0x8000b360 (0x0000100f)
core   0: 0x8000b364 (0x00008f59) c.or    a4, a4
core   0: 3 0x8000b364 (0x8f59) x14 0x00000000
core   0: 0x8000b366 (0x098d8c93) addi    s9, s11, 152
core   0: 3 0x8000b366 (0x098d8c93) x25 0x8001bdf5
core   0: 0x8000b36a (0x00008fd2) c.mv    t6, s4
core   0: 3 0x8000b36a (0x8fd2) x31 0x00000000
core   0: 0x8000b36c (0x0008f633) and     a2, a7, zero
core   0: 3 0x8000b36c (0x0008f633) x12 0x00000000
core   0: 0x8000b370 (0x031206b3) mul     a3, tp, a7
core   0: 3 0x8000b370 (0x031206b3) x13 0x7ffd931c
core   0: 0x8000b374 (0x0000100f) fence.i
core   0: 3 0x8000b374 (0x0000100f)
core   0: 0x8000b378 (0x0113da13) srli    s4, t2, 17
core   0: 3 0x8000b378 (0x0113da13) x20 0x00000000
core   0: 0x8000b37c (0x40dada33) sra     s4, s5, a3
core   0: 3 0x8000b37c (0x40dada33) x20 0x00000000
core   0: 0x8000b380 (0x03851633) mulh    a2, a0, s8
core   0: 3 0x8000b380 (0x03851633) x12 0x00000000
core   0: 0x8000b384 (0x0243f0b3) remu    ra, t2, tp
core   0: 3 0x8000b384 (0x0243f0b3) x 1 0x00000000
core   0: 0x8000b388 (0x0321a333) mulhsu  t1, gp, s2
core   0: 3 0x8000b388 (0x0321a333) x 6 0x00000000
core   0: 0x8000b38c (0x0326bdb3) mulhu   s11, a3, s2
core   0: 3 0x8000b38c (0x0326bdb3) x27 0x000000ff
core   0: 0x8000b390 (0x0ff0000f) fence   iorw,iorw
core   0: 3 0x8000b390 (0x0ff0000f)
core   0: 0x8000b394 (0x036a7c63) bgeu    s4, s6, pc + 56
core   0: 3 0x8000b394 (0x036a7c63)
core   0: 0x8000b398 (0x03bbe963) bltu    s7, s11, pc + 50
core   0: 3 0x8000b398 (0x03bbe963)
core   0: 0x8000b39c (0x00001e7d) c.addi  t3, -1
core   0: 3 0x8000b39c (0x1e7d) x28 0xffffffff
core   0: 0x8000b39e (0x01b2ce33) xor     t3, t0, s11
core   0: 3 0x8000b39e (0x01b2ce33) x28 0x80022ec3
core   0: 0x8000b3a2 (0x00edeeb3) or      t4, s11, a4
core   0: 3 0x8000b3a2 (0x00edeeb3) x29 0x000000ff
core   0: 0x8000b3a6 (0x0000055a) c.slli  a0, 22
core   0: 3 0x8000b3a6 (0x055a) x10 0x00000000
core   0: 0x8000b3a8 (0x00008669) c.srai  a2, 26
core   0: 3 0x8000b3a8 (0x8669) x12 0x00000000
core   0: 0x8000b3aa (0x00000792) c.slli  a5, 4
core   0: 3 0x8000b3aa (0x0792) x15 0x000001e0
core   0: 0x8000b3ac (0x018ac263) blt     s5, s8, pc + 4
core   0: 3 0x8000b3ac (0x018ac263)
core   0: 0x8000b3b0 (0x01de7333) and     t1, t3, t4
core   0: 3 0x8000b3b0 (0x01de7333) x 6 0x000000c3
core   0: 0x8000b3b4 (0xa5c9bc13) sltiu   s8, s3, -1444
core   0: 3 0x8000b3b4 (0xa5c9bc13) x24 0x00000001
core   0: 0x8000b3b8 (0x0ff0000f) fence   iorw,iorw
core   0: 3 0x8000b3b8 (0x0ff0000f)
core   0: 0x8000b3bc (0x0094e263) bltu    s1, s1, pc + 4
core   0: 3 0x8000b3bc (0x0094e263)
core   0: 0x8000b3c0 (0x3fcd5937) lui     s2, 0x3fcd5
core   0: 3 0x8000b3c0 (0x3fcd5937) x18 0x3fcd5000
core   0: 0x8000b3c4 (0x039686b3) mul     a3, a3, s9
core   0: 3 0x8000b3c4 (0x039686b3) x13 0x466575cc
core   0: 0x8000b3c8 (0x00000001) c.nop
core   0: 3 0x8000b3c8 (0x0001)
core   0: 0x8000b3ca (0x0000662d) c.lui   a2, 0xb
core   0: 3 0x8000b3ca (0x662d) x12 0x0000b000
core   0: 0x8000b3cc (0x011371b3) and     gp, t1, a7
core   0: 3 0x8000b3cc (0x011371b3) x 3 0x000000c3
core   0: 0x8000b3d0 (0x65c1f017) auipc   zero, 0x65c1f
core   0: 3 0x8000b3d0 (0x65c1f017)
core   0: 0x8000b3d4 (0x000005c6) c.slli  a1, 17
core   0: 3 0x8000b3d4 (0x05c6) x11 0x60840000
core   0: 0x8000b3d6 (0x0306d633) divu    a2, a3, a6
core   0: 3 0x8000b3d6 (0x0306d633) x12 0x00000000
core   0: 0x8000b3da (0x40aa5433) sra     s0, s4, a0
core   0: 3 0x8000b3da (0x40aa5433) x 8 0x00000000
core   0: 0x8000b3de (0xf42ac193) xori    gp, s5, -190
core   0: 3 0x8000b3de (0xf42ac193) x 3 0xffffff47
core   0: 0x8000b3e2 (0x00008251) c.srli  a2, 20
core   0: 3 0x8000b3e2 (0x8251) x12 0x00000000
core   0: 0x8000b3e4 (0x000041d9) c.li    gp, 22
core   0: 3 0x8000b3e4 (0x41d9) x 3 0x00000016
core   0: 0x8000b3e6 (0x00008f55) c.or    a4, a3
core   0: 3 0x8000b3e6 (0x8f55) x14 0x466575cc
core   0: 0x8000b3e8 (0x00000a66) c.slli  s4, 25
core   0: 3 0x8000b3e8 (0x0a66) x20 0x00000000
core   0: 0x8000b3ea (0x0000c10d) c.beqz  a0, pc + 34
core   0: 3 0x8000b3ea (0xc10d)
core   0: 0x8000b40c (0x00008b4a) c.mv    s6, s2
core   0: 3 0x8000b40c (0x8b4a) x22 0x3fcd5000
core   0: 0x8000b40e (0x00000f92) c.slli  t6, 4
core   0: 3 0x8000b40e (0x0f92) x31 0x00000000
core   0: 0x8000b410 (0x0e9bb093) sltiu   ra, s7, 233
core   0: 3 0x8000b410 (0x0e9bb093) x 1 0x00000000
core   0: 0x8000b414 (0x01fae3b3) or      t2, s5, t6
core   0: 3 0x8000b414 (0x01fae3b3) x 7 0x00000005
core   0: 0x8000b418 (0x0314c333) div     t1, s1, a7
core   0: 3 0x8000b418 (0x0314c333) x 6 0xffffffe2
core   0: 0x8000b41c (0x000069dd) c.lui   s3, 0x17
core   0: 3 0x8000b41c (0x69dd) x19 0x00017000
core   0: 0x8000b41e (0x00ad6f63) bltu    s10, a0, pc + 30
core   0: 3 0x8000b41e (0x00ad6f63)
core   0: 0x8000b422 (0x0184ae33) slt     t3, s1, s8
core   0: 3 0x8000b422 (0x0184ae33) x28 0x00000000
core   0: 0x8000b426 (0x41cd0733) sub     a4, s10, t3
core   0: 3 0x8000b426 (0x41cd0733) x14 0x00000000
core   0: 0x8000b42a (0x00871463) bne     a4, s0, pc + 8
core   0: 3 0x8000b42a (0x00871463)
core   0: 0x8000b42e (0x03cb21b3) mulhsu  gp, s6, t3
core   0: 3 0x8000b42e (0x03cb21b3) x 3 0x00000000
core   0: 0x8000b432 (0x000083e1) c.srli  a5, 24
core   0: 3 0x8000b432 (0x83e1) x15 0x00000000
core   0: 0x8000b434 (0x029beab3) rem     s5, s7, s1
core   0: 3 0x8000b434 (0x029beab3) x21 0x00000019
core   0: 0x8000b438 (0x01aa1663) bne     s4, s10, pc + 12
core   0: 3 0x8000b438 (0x01aa1663)
core   0: 0x8000b43c (0x02488c63) beq     a7, tp, pc + 56
core   0: 3 0x8000b43c (0x02488c63)
core   0: 0x8000b440 (0x0087d833) srl     a6, a5, s0
core   0: 3 0x8000b440 (0x0087d833) x16 0x00000000
core   0: 0x8000b444 (0x03e96563) bltu    s2, t5, pc + 42
core   0: 3 0x8000b444 (0x03e96563)
core   0: 0x8000b448 (0x03324a33) div     s4, tp, s3
core   0: 3 0x8000b448 (0x03324a33) x20 0xffffa6f7
core   0: 0x8000b44c (0x033acbb3) div     s7, s5, s3
core   0: 3 0x8000b44c (0x033acbb3) x23 0x00000000
core   0: 0x8000b450 (0x00008351) c.srli  a4, 20
core   0: 3 0x8000b450 (0x8351) x14 0x00000000
core   0: 0x8000b452 (0x03b09863) bne     ra, s11, pc + 48
core   0: 3 0x8000b452 (0x03b09863)
core   0: 0x8000b482 (0x40aed313) srai    t1, t4, 10
core   0: 3 0x8000b482 (0x40aed313) x 6 0x00000000
core   0: 0x8000b486 (0x03e1ec63) bltu    gp, t5, pc + 56
core   0: 3 0x8000b486 (0x03e1ec63)
core   0: 0x8000b4be (0x037b0d33) mul     s10, s6, s7
core   0: 3 0x8000b4be (0x037b0d33) x26 0x00000000
core   0: 0x8000b4c2 (0x00000001) c.nop
core   0: 3 0x8000b4c2 (0x0001)
core   0: 0x8000b4c4 (0x00fa6b33) or      s6, s4, a5
core   0: 3 0x8000b4c4 (0x00fa6b33) x22 0xffffa6f7
core   0: 0x8000b4c8 (0x036657b3) divu    a5, a2, s6
core   0: 3 0x8000b4c8 (0x036657b3) x15 0x00000000
core   0: 0x8000b4cc (0x553e1717) auipc   a4, 0x553e1
core   0: 3 0x8000b4cc (0x553e1717) x14 0xd53ec4cc
core   0: 0x8000b4d0 (0x000080d9) c.srli  s1, 22
core   0: 3 0x8000b4d0 (0x80d9) x 9 0x00000000
core   0: 0x8000b4d2 (0x031fdb33) divu    s6, t6, a7
core   0: 3 0x8000b4d2 (0x031fdb33) x22 0x00000000
core   0: 0x8000b4d6 (0x01ebd6b3) srl     a3, s7, t5
core   0: 3 0x8000b4d6 (0x01ebd6b3) x13 0x00000000
core   0: 0x8000b4da (0xcd890b93) addi    s7, s2, -808
core   0: 3 0x8000b4da (0xcd890b93) x23 0x3fcd4cd8
core   0: 0x8000b4de (0x031cdfb3) divu    t6, s9, a7
core   0: 3 0x8000b4de (0x031cdfb3) x31 0x00000000
core   0: 0x8000b4e2 (0xc908af13) slti    t5, a7, -880
core   0: 3 0x8000b4e2 (0xc908af13) x30 0x00000000
core   0: 0x8000b4e6 (0x01d47733) and     a4, s0, t4
core   0: 3 0x8000b4e6 (0x01d47733) x14 0x00000000
core   0: 0x8000b4ea (0x55f8ac13) slti    s8, a7, 1375
core   0: 3 0x8000b4ea (0x55f8ac13) x24 0x00000001
core   0: 0x8000b4ee (0x00bfb7b3) sltu    a5, t6, a1
core   0: 3 0x8000b4ee (0x00bfb7b3) x15 0x00000001
core   0: 0x8000b4f2 (0x02d58063) beq     a1, a3, pc + 32
core   0: 3 0x8000b4f2 (0x02d58063)
core   0: 0x8000b4f6 (0x011a9013) slli    zero, s5, 17
core   0: 3 0x8000b4f6 (0x011a9013)
core   0: 0x8000b4fa (0x00000acd) c.addi  s5, 19
core   0: 3 0x8000b4fa (0x0acd) x21 0x0000002c
core   0: 0x8000b4fc (0x00000001) c.nop
core   0: 3 0x8000b4fc (0x0001)
core   0: 0x8000b4fe (0x00fecbb3) xor     s7, t4, a5
core   0: 3 0x8000b4fe (0x00fecbb3) x23 0x000000fe
core   0: 0x8000b502 (0x01691863) bne     s2, s6, pc + 16
core   0: 3 0x8000b502 (0x01691863)
core   0: 0x8000b512 (0x4000d733) sra     a4, ra, zero
core   0: 3 0x8000b512 (0x4000d733) x14 0x00000000
core   0: 0x8000b516 (0x00008e8d) c.sub   a3, a1
core   0: 3 0x8000b516 (0x8e8d) x13 0x9f7c0000
core   0: 0x8000b518 (0x41ed5d33) sra     s10, s10, t5
core   0: 3 0x8000b518 (0x41ed5d33) x26 0x00000000
core   0: 0x8000b51c (0x02262033) mulhsu  zero, a2, sp
core   0: 3 0x8000b51c (0x02262033)
core   0: 0x8000b520 (0x0216e033) rem     zero, a3, ra
core   0: 3 0x8000b520 (0x0216e033)
core   0: 0x8000b524 (0x00005b7d) c.li    s6, -1
core   0: 3 0x8000b524 (0x5b7d) x22 0xffffffff
core   0: 0x8000b526 (0x000084dd) c.srai  s1, 23
core   0: 3 0x8000b526 (0x84dd) x 9 0x00000000
core   0: 0x8000b528 (0x01dcdd33) srl     s10, s9, t4
core   0: 3 0x8000b528 (0x01dcdd33) x26 0x00000001
core   0: 0x8000b52c (0x018bd413) srli    s0, s7, 24
core   0: 3 0x8000b52c (0x018bd413) x 8 0x00000000
core   0: 0x8000b530 (0x000067c5) c.lui   a5, 0x11
core   0: 3 0x8000b530 (0x67c5) x15 0x00011000
core   0: 0x8000b532 (0x0000e999) c.bnez  a1, pc + 22
core   0: 3 0x8000b532 (0xe999)
core   0: 0x8000b548 (0x029b6563) bltu    s6, s1, pc + 42
core   0: 3 0x8000b548 (0x029b6563)
core   0: 0x8000b54c (0x00008bb9) c.andi  a5, 14
core   0: 3 0x8000b54c (0x8bb9) x15 0x00000000
core   0: 0x8000b54e (0x02685b63) bge     a6, t1, pc + 54
core   0: 3 0x8000b54e (0x02685b63)
core   0: 0x8000b584 (0x01025433) srl     s0, tp, a6
core   0: 3 0x8000b584 (0x01025433) x 8 0x80026ce4
core   0: 0x8000b588 (0x00667263) bgeu    a2, t1, pc + 4
core   0: 3 0x8000b588 (0x00667263)
core   0: 0x8000b58c (0x29d70e17) auipc   t3, 0x29d70
core   0: 3 0x8000b58c (0x29d70e17) x28 0xa9d7b58c
core   0: 0x8000b590 (0x0381a533) mulhsu  a0, gp, s8
core   0: 3 0x8000b590 (0x0381a533) x10 0x00000000
core   0: 0x8000b594 (0x00006531) c.lui   a0, 0xc
core   0: 3 0x8000b594 (0x6531) x10 0x0000c000
core   0: 0x8000b596 (0x026415b3) mulh    a1, s0, t1
core   0: 3 0x8000b596 (0x026415b3) x11 0x00000000
core   0: 0x8000b59a (0x40e75893) srai    a7, a4, 14
core   0: 3 0x8000b59a (0x40e75893) x17 0x00000000
core   0: 0x8000b59e (0x04f50163) beq     a0, a5, pc + 66
core   0: 3 0x8000b59e (0x04f50163)
core   0: 0x8000b5a2 (0x02f36d33) rem     s10, t1, a5
core   0: 3 0x8000b5a2 (0x02f36d33) x26 0x00000000
core   0: 0x8000b5a6 (0x00008d35) c.xor   a0, a3
core   0: 3 0x8000b5a6 (0x8d35) x10 0x9f7cc000
core   0: 0x8000b5a8 (0x008fe6b3) or      a3, t6, s0
core   0: 3 0x8000b5a8 (0x008fe6b3) x13 0x80026ce4
core   0: 0x8000b5ac (0x00008d22) c.mv    s10, s0
core   0: 3 0x8000b5ac (0x8d22) x26 0x80026ce4
core   0: 0x8000b5ae (0x0ff0000f) fence   iorw,iorw
core   0: 3 0x8000b5ae (0x0ff0000f)
core   0: 0x8000b5b2 (0x000007c6) c.slli  a5, 17
core   0: 3 0x8000b5b2 (0x07c6) x15 0x00000000
core   0: 0x8000b5b4 (0x00009326) c.add   t1, s1
core   0: 3 0x8000b5b4 (0x9326) x 6 0x00000000
core   0: 0x8000b5b6 (0x01a70433) add     s0, a4, s10
core   0: 3 0x8000b5b6 (0x01a70433) x 8 0x80026ce4
core   0: 0x8000b5ba (0x00aa4263) blt     s4, a0, pc + 4
core   0: 3 0x8000b5ba (0x00aa4263)
core   0: 0x8000b5be (0x04827063) bgeu    tp, s0, pc + 64
core   0: 3 0x8000b5be (0x04827063)
core   0: 0x8000b5fe (0x5da17613) andi    a2, sp, 1498
core   0: 3 0x8000b5fe (0x5da17613) x12 0x00000008
core   0: 0x8000b602 (0x03127763) bgeu    tp, a7, pc + 46
core   0: 3 0x8000b602 (0x03127763)
core   0: 0x8000b630 (0x009d7a63) bgeu    s10, s1, pc + 20
core   0: 3 0x8000b630 (0x009d7a63)
core   0: 0x8000b644 (0x0322fc33) remu    s8, t0, s2
core   0: 3 0x8000b644 (0x0322fc33) x24 0x00678e3c
core   0: 0x8000b648 (0x889cc637) lui     a2, 0x889cc
core   0: 3 0x8000b648 (0x889cc637) x12 0x889cc000
core   0: 0x8000b64c (0x00008789) c.srai  a5, 2
core   0: 3 0x8000b64c (0x8789) x15 0x00000000
core   0: 0x8000b64e (0x00d2aeb3) slt     t4, t0, a3
core   0: 3 0x8000b64e (0x00d2aeb3) x29 0x00000001
core   0: 0x8000b652 (0x7efd7d93) andi    s11, s10, 2031
core   0: 3 0x8000b652 (0x7efd7d93) x27 0x000004e4
core   0: 0x8000b656 (0x0042ac83) lw      s9, 4(t0)
core   0: 3 0x8000b656 (0x0042ac83) x25 0x80009c5a mem 0x80022e40
core   0: 0x8000b65a (0x00000d0e) c.slli  s10, 3
core   0: 3 0x8000b65a (0x0d0e) x26 0x00136720
core   0: 0x8000b65c (0x000002f1) c.addi  t0, 28
core   0: 3 0x8000b65c (0x02f1) x 5 0x80022e58
core   0: 0x8000b65e (0x00008091) c.srli  s1, 4
core   0: 3 0x8000b65e (0x8091) x 9 0x00000000
core   0: 0x8000b660 (0x02eb11b3) mulh    gp, s6, a4
core   0: 3 0x8000b660 (0x02eb11b3) x 3 0x00000000
core   0: 0x8000b664 (0x015148b3) xor     a7, sp, s5
core   0: 3 0x8000b664 (0x015148b3) x17 0x00000020
core   0: 0x8000b668 (0x0000987d) c.andi  s0, -1
core   0: 3 0x8000b668 (0x987d) x 8 0x80026ce4
core   0: 0x8000b66a (0x4181deb3) sra     t4, gp, s8
core   0: 3 0x8000b66a (0x4181deb3) x29 0x00000000
core   0: 0x8000b66e (0x000c8093) mv      ra, s9
core   0: 3 0x8000b66e (0x000c8093) x 1 0x80009c5a
core   0: 0x8000b672 (0x000080e7) jalr    ra
core   0: 3 0x8000b672 (0x000080e7) x 1 0x8000b676
core   0: 0x80009c5a (0x00004717) auipc   a4, 0x4
core   0: 3 0x80009c5a (0x00004717) x14 0x8000dc5a
core   0: 0x80009c5e (0xfda70713) addi    a4, a4, -38
core   0: 3 0x80009c5e (0xfda70713) x14 0x8000dc34
core   0: 0x80009c62 (0x04870b03) lb      s6, 72(a4)
core   0: 3 0x80009c62 (0x04870b03) x22 0x0000004c mem 0x8000dc7c
core   0: 0x80009c66 (0x06e70fa3) sb      a4, 127(a4)
core   0: 3 0x80009c66 (0x06e70fa3) mem 0x8000dcb3 0x34
core   0: 0x80009c6a (0xfe370903) lb      s2, -29(a4)
core   0: 3 0x80009c6a (0xfe370903) x18 0x00000001 mem 0x8000dc17
core   0: 0x80009c6e (0xfec70123) sb      a2, -30(a4)
core   0: 3 0x80009c6e (0xfec70123) mem 0x8000dc16 0x0
core   0: 0x80009c72 (0x07d70903) lb      s2, 125(a4)
core   0: 3 0x80009c72 (0x07d70903) x18 0x00000046 mem 0x8000dcb1
core   0: 0x80009c76 (0x7134be93) sltiu   t4, s1, 1811
core   0: 3 0x80009c76 (0x7134be93) x29 0x00000001
core   0: 0x80009c7a (0x0b974603) lbu     a2, 185(a4)
core   0: 3 0x80009c7a (0x0b974603) x12 0x0000008f mem 0x8000dced
core   0: 0x80009c7e (0x00008fa1) c.xor   a5, s0
core   0: 3 0x80009c7e (0x8fa1) x15 0x80026ce4
core   0: 0x80009c80 (0x00000001) c.nop
core   0: 3 0x80009c80 (0x0001)
core   0: 0x80009c82 (0x09370123) sb      s3, 130(a4)
core   0: 3 0x80009c82 (0x09370123) mem 0x8000dcb6 0x0
core   0: 0x80009c86 (0x0000100f) fence.i
core   0: 3 0x80009c86 (0x0000100f)
core   0: 0x80009c8a (0xbbd32bb7) lui     s7, 0xbbd32
core   0: 3 0x80009c8a (0xbbd32bb7) x23 0xbbd32000
core   0: 0x80009c8e (0x00008986) c.mv    s3, ra
core   0: 3 0x80009c8e (0x8986) x19 0x8000b676
core   0: 0x80009c90 (0x0df705a3) sb      t6, 203(a4)
core   0: 3 0x80009c90 (0x0df705a3) mem 0x8000dcff 0x0
core   0: 0x80009c94 (0x000f5013) srli    zero, t5, 0
core   0: 3 0x80009c94 (0x000f5013)
core   0: 0x80009c98 (0x013973b3) and     t2, s2, s3
core   0: 3 0x80009c98 (0x013973b3) x 7 0x00000046
core   0: 0x80009c9c (0xf66709a3) sb      t1, -141(a4)
core   0: 3 0x80009c9c (0xf66709a3) mem 0x8000dba7 0x0
core   0: 0x80009ca0 (0x00008cc9) c.or    s1, a0
core   0: 3 0x80009ca0 (0x8cc9) x 9 0x9f7cc000
core   0: 0x80009ca2 (0x09174783) lbu     a5, 145(a4)
core   0: 3 0x80009ca2 (0x09174783) x15 0x0000007a mem 0x8000dcc5
core   0: 0x80009ca6 (0xf8f74c03) lbu     s8, -113(a4)
core   0: 3 0x80009ca6 (0xf8f74c03) x24 0x00000049 mem 0x8000dbc3
core   0: 0x80009caa (0xf1e75883) lhu     a7, -226(a4)
core   0: 3 0x80009caa (0xf1e75883) x17 0x0000fc09 mem 0x8000db52
core   0: 0x80009cae (0xfa570903) lb      s2, -91(a4)
core   0: 3 0x80009cae (0xfa570903) x18 0x00000000 mem 0x8000dbd9
core   0: 0x80009cb2 (0x11b71023) sh      s11, 256(a4)
core   0: 3 0x80009cb2 (0x11b71023) mem 0x8000dd34 0x04e4
core   0: 0x80009cb6 (0x00000001) c.nop
core   0: 3 0x80009cb6 (0x0001)
core   0: 0x80009cb8 (0x0107b6b3) sltu    a3, a5, a6
core   0: 3 0x80009cb8 (0x0107b6b3) x13 0x00000000
core   0: 0x80009cbc (0x0000100f) fence.i
core   0: 3 0x80009cbc (0x0000100f)
core   0: 0x80009cc0 (0x401b5913) srai    s2, s6, 1
core   0: 3 0x80009cc0 (0x401b5913) x18 0x00000026
core   0: 0x80009cc4 (0xf57706a3) sb      s7, -179(a4)
core   0: 3 0x80009cc4 (0xf57706a3) mem 0x8000db81 0x0
core   0: 0x80009cc8 (0x9d540893) addi    a7, s0, -1579
core   0: 3 0x80009cc8 (0x9d540893) x17 0x800266b9
core   0: 0x80009ccc (0x049703a3) sb      s1, 71(a4)
core   0: 3 0x80009ccc (0x049703a3) mem 0x8000dc7b 0x0
core   0: 0x80009cd0 (0xf86702a3) sb      t1, -123(a4)
core   0: 3 0x80009cd0 (0xf86702a3) mem 0x8000dbb9 0x0
core   0: 0x80009cd4 (0x005bee33) or      t3, s7, t0
core   0: 3 0x80009cd4 (0x005bee33) x28 0xbbd32e58
core   0: 0x80009cd8 (0x0b974603) lbu     a2, 185(a4)
core   0: 3 0x80009cd8 (0x0b974603) x12 0x0000008f mem 0x8000dced
core   0: 0x80009cdc (0x00000001) c.nop
core   0: 3 0x80009cdc (0x0001)
core   0: 0x80009cde (0x04e74f03) lbu     t5, 78(a4)
core   0: 3 0x80009cde (0x04e74f03) x30 0x000000fb mem 0x8000dc82
core   0: 0x80009ce2 (0xf5e74d83) lbu     s11, -162(a4)
core   0: 3 0x80009ce2 (0xf5e74d83) x27 0x00000033 mem 0x8000db92
core   0: 0x80009ce6 (0xfd574883) lbu     a7, -43(a4)
core   0: 3 0x80009ce6 (0xfd574883) x17 0x000000e3 mem 0x8000dc09
core   0: 0x80009cea (0xf5774f03) lbu     t5, -169(a4)
core   0: 3 0x80009cea (0xf5774f03) x30 0x000000aa mem 0x8000db8b
core   0: 0x80009cee (0x00008a52) c.mv    s4, s4
core   0: 3 0x80009cee (0x8a52) x20 0xffffa6f7
core   0: 0x80009cf0 (0x000001d2) c.slli  gp, 20
core   0: 3 0x80009cf0 (0x01d2) x 3 0x00000000
core   0: 0x80009cf2 (0x277c0e93) addi    t4, s8, 631
core   0: 3 0x80009cf2 (0x277c0e93) x29 0x000002c0
core   0: 0x80009cf6 (0x00008e09) c.sub   a2, a0
core   0: 3 0x80009cf6 (0x8e09) x12 0x6083408f
core   0: 0x80009cf8 (0x0ac70403) lb      s0, 172(a4)
core   0: 3 0x80009cf8 (0x0ac70403) x 8 0x00000012 mem 0x8000dce0
core   0: 0x80009cfc (0x00008c11) c.sub   s0, a2
core   0: 3 0x80009cfc (0x8c11) x 8 0x9f7cbf83
core   0: 0x80009cfe (0x0000100f) fence.i
core   0: 3 0x80009cfe (0x0000100f)
core   0: 0x80009d02 (0x044b3db7) lui     s11, 0x44b3
core   0: 3 0x80009d02 (0x044b3db7) x27 0x044b3000
core   0: 0x80009d06 (0x0000e899) c.bnez  s1, pc + 22
core   0: 3 0x80009d06 (0xe899)
core   0: 0x80009d1c (0x01d79cb3) sll     s9, a5, t4
core   0: 3 0x80009d1c (0x01d79cb3) x25 0x0000007a
core   0: 0x80009d20 (0x004aa0b3) slt     ra, s5, tp
core   0: 3 0x80009d20 (0x004aa0b3) x 1 0x00000000
core   0: 0x80009d24 (0x039e76b3) remu    a3, t3, s9
core   0: 3 0x80009d24 (0x039e76b3) x13 0x00000074
core   0: 0x80009d28 (0x00f40eb3) add     t4, s0, a5
core   0: 3 0x80009d28 (0x00f40eb3) x29 0x9f7cbffd
core   0: 0x80009d2c (0x00a205b3) add     a1, tp, a0
core   0: 3 0x80009d2c (0x00a205b3) x11 0x1f7f2ce4
core   0: 0x80009d30 (0x0000100f) fence.i
core   0: 3 0x80009d30 (0x0000100f)
core   0: 0x80009d34 (0x40aa07b3) sub     a5, s4, a0
core   0: 3 0x80009d34 (0x40aa07b3) x15 0x6082e6f7
core   0: 0x80009d38 (0xe7bab093) sltiu   ra, s5, -389
core   0: 3 0x80009d38 (0xe7bab093) x 1 0x00000001
core   0: 0x80009d3c (0x01ca0f33) add     t5, s4, t3
core   0: 3 0x80009d3c (0x01ca0f33) x30 0xbbd2d54f
core   0: 0x80009d40 (0x02397763) bgeu    s2, gp, pc + 46
core   0: 3 0x80009d40 (0x02397763)
core   0: 0x80009d6e (0xc13f4f93) xori    t6, t5, -1005
core   0: 3 0x80009d6e (0xc13f4f93) x31 0x442d295c
core   0: 0x80009d72 (0x03bce563) bltu    s9, s11, pc + 42
core   0: 3 0x80009d72 (0x03bce563)
core   0: 0x80009d9c (0xc9f50d13) addi    s10, a0, -865
core   0: 3 0x80009d9c (0xc9f50d13) x26 0x9f7cbc9f
core   0: 0x80009da0 (0x039ae333) rem     t1, s5, s9
core   0: 3 0x80009da0 (0x039ae333) x 6 0x0000002c
core   0: 0x80009da4 (0x0307fe63) bgeu    a5, a6, pc + 60
core   0: 3 0x80009da4 (0x0307fe63)
core   0: 0x80009de0 (0x016d7ab3) and     s5, s10, s6
core   0: 3 0x80009de0 (0x016d7ab3) x21 0x0000000c
core   0: 0x80009de4 (0x00008376) c.mv    t1, t4
core   0: 3 0x80009de4 (0x8376) x 6 0x9f7cbffd
core   0: 0x80009de6 (0xf2a88713) addi    a4, a7, -214
core   0: 3 0x80009de6 (0xf2a88713) x14 0x0000000d
core   0: 0x80009dea (0xe047b013) sltiu   zero, a5, -508
core   0: 3 0x80009dea (0xe047b013)
core   0: 0x80009dee (0x000060f5) c.lui   ra, 0x1d
core   0: 3 0x80009dee (0x60f5) x 1 0x0001d000
core   0: 0x80009df0 (0x4076d193) srai    gp, a3, 7
core   0: 3 0x80009df0 (0x4076d193) x 3 0x00000000
core   0: 0x80009df4 (0x03b19c63) bne     gp, s11, pc + 56
core   0: 3 0x80009df4 (0x03b19c63)
core   0: 0x80009e2c (0x1cde6d93) ori     s11, t3, 461
core   0: 3 0x80009e2c (0x1cde6d93) x27 0xbbd32fdd
core   0: 0x80009e30 (0x000089fa) c.mv    s3, t5
core   0: 3 0x80009e30 (0x89fa) x19 0xbbd2d54f
core   0: 0x80009e32 (0x40970db3) sub     s11, a4, s1
core   0: 3 0x80009e32 (0x40970db3) x27 0x6083400d
core   0: 0x80009e36 (0x01389033) sll     zero, a7, s3
core   0: 3 0x80009e36 (0x01389033)
core   0: 0x80009e3a (0x41705d13) srai    s10, zero, 23
core   0: 3 0x80009e3a (0x41705d13) x26 0x00000000
core   0: 0x80009e3e (0x00008c1d) c.sub   s0, a5
core   0: 3 0x80009e3e (0x8c1d) x 8 0x3ef9d88c
core   0: 0x80009e40 (0xdff17413) andi    s0, sp, -513
core   0: 3 0x80009e40 (0xdff17413) x 8 0x0000000c
core   0: 0x80009e44 (0x975cc837) lui     a6, 0x975cc
core   0: 3 0x80009e44 (0x975cc837) x16 0x975cc000
core   0: 0x80009e48 (0x0000ef05) c.bnez  a4, pc + 56
core   0: 3 0x80009e48 (0xef05)
core   0: 0x80009e80 (0x00008c25) c.xor   s0, s1
core   0: 3 0x80009e80 (0x8c25) x 8 0x9f7cc00c
core   0: 0x80009e82 (0x0000100f) fence.i
core   0: 3 0x80009e82 (0x0000100f)
core   0: 0x80009e86 (0x010eceb3) xor     t4, t4, a6
core   0: 3 0x80009e86 (0x010eceb3) x29 0x08207ffd
core   0: 0x80009e8a (0x00000001) c.nop
core   0: 3 0x80009e8a (0x0001)
core   0: 0x80009e8c (0x000043e5) c.li    t2, 25
core   0: 3 0x80009e8c (0x43e5) x 7 0x00000019
core   0: 0x80009e8e (0x02510063) beq     sp, t0, pc + 32
core   0: 3 0x80009e8e (0x02510063)
core   0: 0x80009e92 (0x00d7a3b3) slt     t2, a5, a3
core   0: 3 0x80009e92 (0x00d7a3b3) x 7 0x00000000
core   0: 0x80009e96 (0x00008e89) c.sub   a3, a0
core   0: 3 0x80009e96 (0x8e89) x13 0x60834074
core   0: 0x80009e98 (0x02260ab3) mul     s5, a2, sp
core   0: 3 0x80009e98 (0x02260ab3) x21 0x862706b4
core   0: 0x80009e9c (0x413a8733) sub     a4, s5, s3
core   0: 3 0x80009e9c (0x413a8733) x14 0xca543165
core   0: 0x80009ea0 (0x01ff6733) or      a4, t5, t6
core   0: 3 0x80009ea0 (0x01ff6733) x14 0xfffffd5f
core   0: 0x80009ea4 (0x0000e299) c.bnez  a3, pc + 6
core   0: 3 0x80009ea4 (0xe299)
core   0: 0x80009eaa (0x00008c46) c.mv    s8, a7
core   0: 3 0x80009eaa (0x8c46) x24 0x000000e3
core   0: 0x80009eac (0x0000e685) c.bnez  a3, pc + 40
core   0: 3 0x80009eac (0xe685)
core   0: 0x80009ed4 (0x0095d493) srli    s1, a1, 9
core   0: 3 0x80009ed4 (0x0095d493) x 9 0x000fbf96
core   0: 0x80009ed8 (0x0225ddb3) divu    s11, a1, sp
core   0: 3 0x80009ed8 (0x0225ddb3) x27 0x029fee68
core   0: 0x80009edc (0x000670b3) and     ra, a2, zero
core   0: 3 0x80009edc (0x000670b3) x 1 0x00000000
core   0: 0x80009ee0 (0x0040eeb3) or      t4, ra, tp
core   0: 3 0x80009ee0 (0x0040eeb3) x29 0x80026ce4
core   0: 0x80009ee4 (0x0372efb3) rem     t6, t0, s7
core   0: 3 0x80009ee4 (0x0372efb3) x31 0xc42f0e58
core   0: 0x80009ee8 (0x00008e15) c.sub   a2, a3
core   0: 3 0x80009ee8 (0x8e15) x12 0x0000001b
core   0: 0x80009eea (0x05caf163) bgeu    s5, t3, pc + 66
core   0: 3 0x80009eea (0x05caf163)
core   0: 0x80009eee (0x0000cc9d) c.beqz  s1, pc + 62
core   0: 3 0x80009eee (0xcc9d)
core   0: 0x80009ef0 (0x00008ccd) c.or    s1, a1
core   0: 3 0x80009ef0 (0x8ccd) x 9 0x1f7fbff6
core   0: 0x80009ef2 (0xa3abec13) ori     s8, s7, -1478
core   0: 3 0x80009ef2 (0xa3abec13) x24 0xfffffa3a
core   0: 0x80009ef6 (0x00008051) c.srli  s0, 20
core   0: 3 0x80009ef6 (0x8051) x 8 0x000009f7
core   0: 0x80009ef8 (0x0106eab3) or      s5, a3, a6
core   0: 3 0x80009ef8 (0x0106eab3) x21 0xf7dfc074
core   0: 0x80009efc (0x02db8bb3) mul     s7, s7, a3
core   0: 3 0x80009efc (0x02db8bb3) x23 0x43aa8000
core   0: 0x80009f00 (0x021778b3) remu    a7, a4, ra
core   0: 3 0x80009f00 (0x021778b3) x17 0xfffffd5f
core   0: 0x80009f04 (0x01369fb3) sll     t6, a3, s3
core   0: 3 0x80009f04 (0x01369fb3) x31 0xa03a0000
core   0: 0x80009f08 (0xc1813393) sltiu   t2, sp, -1000
core   0: 3 0x80009f08 (0xc1813393) x 7 0x00000001
core   0: 0x80009f0c (0x0241f333) remu    t1, gp, tp
core   0: 3 0x80009f0c (0x0241f333) x 6 0x00000000
core   0: 0x80009f10 (0x00008716) c.mv    a4, t0
core   0: 3 0x80009f10 (0x8716) x14 0x80022e58
core   0: 0x80009f12 (0x439aa013) slti    zero, s5, 1081
core   0: 3 0x80009f12 (0x439aa013)
core   0: 0x80009f16 (0x0000ed09) c.bnez  a0, pc + 26
core   0: 3 0x80009f16 (0xed09)
core   0: 0x80009f30 (0xc3c3c593) xori    a1, t2, -964
core   0: 3 0x80009f30 (0xc3c3c593) x11 0xfffffc3d
core   0: 0x80009f34 (0x0193cf33) xor     t5, t2, s9
core   0: 3 0x80009f34 (0x0193cf33) x30 0x0000007b
core   0: 0x80009f38 (0x03938d63) beq     t2, s9, pc + 58
core   0: 3 0x80009f38 (0x03938d63)
core   0: 0x80009f3c (0x01e71d93) slli    s11, a4, 30
core   0: 3 0x80009f3c (0x01e71d93) x27 0x00000000
core   0: 0x80009f40 (0x0000e581) c.bnez  a1, pc + 8
core   0: 3 0x80009f40 (0xe581)
core   0: 0x80009f48 (0x002daf33) slt     t5, s11, sp
core   0: 3 0x80009f48 (0x002daf33) x30 0x00000001
core   0: 0x80009f4c (0x85f2ba93) sltiu   s5, t0, -1953
core   0: 3 0x80009f4c (0x85f2ba93) x21 0x00000001
core   0: 0x80009f50 (0x101d6413) ori     s0, s10, 257
core   0: 3 0x80009f50 (0x101d6413) x 8 0x00000101
core   0: 0x80009f54 (0x40f5d8b3) sra     a7, a1, a5
core   0: 3 0x80009f54 (0x40f5d8b3) x17 0xffffffff
core   0: 0x80009f58 (0x03d0a1b3) mulhsu  gp, ra, t4
core   0: 3 0x80009f58 (0x03d0a1b3) x 3 0x00000000
core   0: 0x80009f5c (0x00008899) c.andi  s1, 6
core   0: 3 0x80009f5c (0x8899) x 9 0x00000006
core   0: 0x80009f5e (0x00000001) c.nop
core   0: 3 0x80009f5e (0x0001)
core   0: 0x80009f60 (0x00050db3) add     s11, a0, zero
core   0: 3 0x80009f60 (0x00050db3) x27 0x9f7cc000
core   0: 0x80009f64 (0x03c4ae33) mulhsu  t3, s1, t3
core   0: 3 0x80009f64 (0x03c4ae33) x28 0x00000004
core   0: 0x80009f68 (0x00008f61) c.and   a4, s0
core   0: 3 0x80009f68 (0x8f61) x14 0x00000000
core   0: 0x80009f6a (0x0000100f) fence.i
core   0: 3 0x80009f6a (0x0000100f)
core   0: 0x80009f6e (0x0000e309) c.bnez  a4, pc + 2
core   0: 3 0x80009f6e (0xe309)
core   0: 0x80009f70 (0x0000eb8d) c.bnez  a5, pc + 50
core   0: 3 0x80009f70 (0xeb8d)
core   0: 0x80009fa2 (0x01e3d0b3) srl     ra, t2, t5
core   0: 3 0x80009fa2 (0x01e3d0b3) x 1 0x00000000
core   0: 0x80009fa6 (0xc0442f97) auipc   t6, 0xc0442
core   0: 3 0x80009fa6 (0xc0442f97) x31 0x4044bfa6
core   0: 0x80009faa (0x0042ac83) lw      s9, 4(t0)
core   0: 3 0x80009faa (0x0042ac83) x25 0x80002144 mem 0x80022e5c
core   0: 0x80009fae (0x01499c13) slli    s8, s3, 20
core   0: 3 0x80009fae (0x01499c13) x24 0x54f00000
core   0: 0x80009fb2 (0x000002b1) c.addi  t0, 12
core   0: 3 0x80009fb2 (0x02b1) x 5 0x80022e64
core   0: 0x80009fb4 (0x00008191) c.srli  a1, 4
core   0: 3 0x80009fb4 (0x8191) x11 0x0fffffc3
core   0: 0x80009fb6 (0x000c8d93) mv      s11, s9
core   0: 3 0x80009fb6 (0x000c8d93) x27 0x80002144
core   0: 0x80009fba (0x00009d82) c.jalr  s11
core   0: 3 0x80009fba (0x9d82) x 1 0x80009fbc
core   0: 0x80002144 (0x00008b51) c.andi  a4, 20
core   0: 3 0x80002144 (0x8b51) x14 0x00000000
core   0: 0x80002146 (0x01811d13) slli    s10, sp, 24
core   0: 3 0x80002146 (0x01811d13) x26 0x0c000000
core   0: 0x8000214a (0x00008da5) c.xor   a1, s1
core   0: 3 0x8000214a (0x8da5) x11 0x0fffffc5
core   0: 0x8000214c (0x00000b21) c.addi  s6, 8
core   0: 3 0x8000214c (0x0b21) x22 0x00000054
core   0: 0x8000214e (0x772a3d93) sltiu   s11, s4, 1906
core   0: 3 0x8000214e (0x772a3d93) x27 0x00000000
core   0: 0x80002152 (0x00000001) c.nop
core   0: 3 0x80002152 (0x0001)
core   0: 0x80002154 (0x0000100f) fence.i
core   0: 3 0x80002154 (0x0000100f)
core   0: 0x80002158 (0x00000001) c.nop
core   0: 3 0x80002158 (0x0001)
core   0: 0x8000215a (0x00000001) c.nop
core   0: 3 0x8000215a (0x0001)
core   0: 0x8000215c (0x00000001) c.nop
core   0: 3 0x8000215c (0x0001)
core   0: 0x8000215e (0x00006789) c.lui   a5, 0x2
core   0: 3 0x8000215e (0x6789) x15 0x00002000
core   0: 0x80002160 (0xb842e193) ori     gp, t0, -1148
core   0: 3 0x80002160 (0xb842e193) x 3 0xffffffe4
core   0: 0x80002164 (0x0ff0000f) fence   iorw,iorw
core   0: 3 0x80002164 (0x0ff0000f)
core   0: 0x80002168 (0x000003cd) c.addi  t2, 19
core   0: 3 0x80002168 (0x03cd) x 7 0x00000014
core   0: 0x8000216a (0x430e8393) addi    t2, t4, 1072
core   0: 3 0x8000216a (0x430e8393) x 7 0x80027114
core   0: 0x8000216e (0x40475933) sra     s2, a4, tp
core   0: 3 0x8000216e (0x40475933) x18 0x00000000
core   0: 0x80002172 (0x06398f63) beq     s3, gp, pc + 126
core   0: 3 0x80002172 (0x06398f63)
core   0: 0x80002176 (0x091d8f63) beq     s11, a7, pc + 158
core   0: 3 0x80002176 (0x091d8f63)
core   0: 0x8000217a (0x0ff0000f) fence   iorw,iorw
core   0: 3 0x8000217a (0x0ff0000f)
core   0: 0x8000217e (0x0000bb97) auipc   s7, 0xb
core   0: 3 0x8000217e (0x0000bb97) x23 0x8000d17e
core   0: 0x80002182 (0xf4cb8b93) addi    s7, s7, -180
core   0: 3 0x80002182 (0xf4cb8b93) x23 0x8000d0ca
core   0: 0x80002186 (0xfd4bce83) lbu     t4, -44(s7)
core   0: 3 0x80002186 (0xfd4bce83) x29 0x00000000 mem 0x8000d09e
core   0: 0x8000218a (0x0edb8023) sb      a3, 224(s7)
core   0: 3 0x8000218a (0x0edb8023) mem 0x8000d1aa 0x74
core   0: 0x8000218e (0xfdfb8da3) sb      t6, -37(s7)
core   0: 3 0x8000218e (0xfdfb8da3) mem 0x8000d0a5 0xa6
core   0: 0x80002192 (0x03e3e6b3) rem     a3, t2, t5
core   0: 3 0x80002192 (0x03e3e6b3) x13 0x00000000
core   0: 0x80002196 (0x075b8aa3) sb      s5, 117(s7)
core   0: 3 0x80002196 (0x075b8aa3) mem 0x8000d13f 0x1
core   0: 0x8000219a (0x0b2b8ca3) sb      s2, 185(s7)
core   0: 3 0x8000219a (0x0b2b8ca3) mem 0x8000d183 0x0
core   0: 0x8000219e (0xff100393) li      t2, -15
core   0: 3 0x8000219e (0xff100393) x 7 0xfffffff1
core   0: 0x800021a2 (0xfeabc983) lbu     s3, -22(s7)
core   0: 3 0x800021a2 (0xfeabc983) x19 0x000000ee mem 0x8000d0b4
core   0: 0x800021a6 (0x0006a0b3) slt     ra, a3, zero
core   0: 3 0x800021a6 (0x0006a0b3) x 1 0x00000000
core   0: 0x800021aa (0x00000001) c.nop
core   0: 3 0x800021aa (0x0001)
core   0: 0x800021ac (0x65a654b7) lui     s1, 0x65a65
core   0: 3 0x800021ac (0x65a654b7) x 9 0x65a65000
core   0: 0x800021b0 (0x003b8da3) sb      gp, 27(s7)
core   0: 3 0x800021b0 (0x003b8da3) mem 0x8000d0e5 0xe4
core   0: 0x800021b4 (0x000081b9) c.srli  a1, 14
core   0: 3 0x800021b4 (0x81b9) x11 0x00003fff
core   0: 0x800021b6 (0x00000001) c.nop
core   0: 3 0x800021b6 (0x0001)
core   0: 0x800021b8 (0x0aebd883) lhu     a7, 174(s7)
core   0: 3 0x800021b8 (0x0aebd883) x17 0x0000b705 mem 0x8000d178
core   0: 0x800021bc (0x0002b033) sltu    zero, t0, zero
core   0: 3 0x800021bc (0x0002b033)
core   0: 0x800021c0 (0x000003d2) c.slli  t2, 20
core   0: 3 0x800021c0 (0x03d2) x 7 0xff100000
core   0: 0x800021c2 (0x0d7b84a3) sb      s7, 201(s7)
core   0: 3 0x800021c2 (0x0d7b84a3) mem 0x8000d193 0xca
core   0: 0x800021c6 (0x0fab8383) lb      t2, 250(s7)
core   0: 3 0x800021c6 (0x0fab8383) x 7 0xffffffd0 mem 0x8000d1c4
core   0: 0x800021ca (0x02b8ceb3) div     t4, a7, a1
core   0: 3 0x800021ca (0x02b8ceb3) x29 0x00000002
core   0: 0x800021ce (0x00008e59) c.or    a2, a4
core   0: 3 0x800021ce (0x8e59) x12 0x0000001b
core   0: 0x800021d0 (0x000082e1) c.srli  a3, 24
core   0: 3 0x800021d0 (0x82e1) x13 0x00000000
core   0: 0x800021d2 (0xf7cb9f23) sh      t3, -130(s7)
core   0: 3 0x800021d2 (0xf7cb9f23) mem 0x8000d048 0x0004
core   0: 0x800021d6 (0xfdcb8f83) lb      t6, -36(s7)
core   0: 3 0x800021d6 (0xfdcb8f83) x31 0x00000061 mem 0x8000d0a6
core   0: 0x800021da (0x02c540b3) div     ra, a0, a2
core   0: 3 0x800021da (0x02c540b3) x 1 0xfc6ceaab
core   0: 0x800021de (0x4595e593) ori     a1, a1, 1113
core   0: 3 0x800021de (0x4595e593) x11 0x00003fff
core   0: 0x800021e2 (0x6b83bf13) sltiu   t5, t2, 1720
core   0: 3 0x800021e2 (0x6b83bf13) x30 0x00000000
core   0: 0x800021e6 (0x4ab54f13) xori    t5, a0, 1195
core   0: 3 0x800021e6 (0x4ab54f13) x30 0x9f7cc4ab
core   0: 0x800021ea (0x0000c1a1) c.beqz  a1, pc + 64
core   0: 3 0x800021ea (0xc1a1)
core   0: 0x800021ec (0x41985b33) sra     s6, a6, s9
core   0: 3 0x800021ec (0x41985b33) x22 0xf975cc00
core   0: 0x800021f0 (0x00008b6e) c.mv    s6, s11
core   0: 3 0x800021f0 (0x8b6e) x22 0x00000000
core   0: 0x800021f2 (0x0ff0000f) fence   iorw,iorw
core   0: 3 0x800021f2 (0x0ff0000f)
core   0: 0x800021f6 (0x0c844d13) xori    s10, s0, 200
core   0: 3 0x800021f6 (0x0c844d13) x26 0x000001c9
core   0: 0x800021fa (0x019e0433) add     s0, t3, s9
core   0: 3 0x800021fa (0x019e0433) x 8 0x80002148
core   0: 0x800021fe (0x011eb933) sltu    s2, t4, a7
core   0: 3 0x800021fe (0x011eb933) x18 0x00000001
core   0: 0x80002202 (0x0000c395) c.beqz  a5, pc + 36
core   0: 3 0x80002202 (0xc395)
core   0: 0x80002204 (0x00009b7d) c.andi  a4, -1
core   0: 3 0x80002204 (0x9b7d) x14 0x00000000
core   0: 0x80002206 (0x02318f63) beq     gp, gp, pc + 62
core   0: 3 0x80002206 (0x02318f63)
core   0: 0x80002244 (0x04efc193) xori    gp, t6, 78
core   0: 3 0x80002244 (0x04efc193) x 3 0x0000002f
core   0: 0x80002248 (0x0ff0000f) fence   iorw,iorw
core   0: 3 0x80002248 (0x0ff0000f)
core   0: 0x8000224c (0x000087ed) c.srai  a5, 27
core   0: 3 0x8000224c (0x87ed) x15 0x00000000
core   0: 0x8000224e (0x00008d01) c.sub   a0, s0
core   0: 3 0x8000224e (0x8d01) x10 0x1f7c9eb8
core   0: 0x80002250 (0x037ccbb3) div     s7, s9, s7
core   0: 3 0x80002250 (0x037ccbb3) x23 0x00000001
core   0: 0x80002254 (0x8a65fa17) auipc   s4, 0x8a65f
core   0: 3 0x80002254 (0x8a65fa17) x20 0x0a661254
core   0: 0x80002258 (0x02e5ca63) blt     a1, a4, pc + 52
core   0: 3 0x80002258 (0x02e5ca63)
core   0: 0x8000225c (0x00000001) c.nop
core   0: 3 0x8000225c (0x0001)
core   0: 0x8000225e (0x040b4263) bltz    s6, pc + 68
core   0: 3 0x8000225e (0x040b4263)
core   0: 0x80002262 (0xa73ef717) auipc   a4, 0xa73ef
core   0: 3 0x80002262 (0xa73ef717) x14 0x273f1262
core   0: 0x80002266 (0x03c4cb33) div     s6, s1, t3
core   0: 3 0x80002266 (0x03c4cb33) x22 0x19699400
core   0: 0x8000226a (0x00f09833) sll     a6, ra, a5
core   0: 3 0x8000226a (0x00f09833) x16 0xfc6ceaab
core   0: 0x8000226e (0x016c61b3) or      gp, s8, s6
core   0: 3 0x8000226e (0x016c61b3) x 3 0x5df99400
core   0: 0x80002272 (0x01097333) and     t1, s2, a6
core   0: 3 0x80002272 (0x01097333) x 6 0x00000001
core   0: 0x80002276 (0x001c9463) bne     s9, ra, pc + 8
core   0: 3 0x80002276 (0x001c9463)
core   0: 0x8000227e (0x00000001) c.nop
core   0: 3 0x8000227e (0x0001)
core   0: 0x80002280 (0x000083d1) c.srli  a5, 20
core   0: 3 0x80002280 (0x83d1) x15 0x00000000
core   0: 0x80002282 (0x00008c9d) c.sub   s1, a5
core   0: 3 0x80002282 (0x8c9d) x 9 0x65a65000
core   0: 0x80002284 (0x00005dfd) c.li    s11, -1
core   0: 3 0x80002284 (0x5dfd) x27 0xffffffff
core   0: 0x80002286 (0x01feb033) sltu    zero, t4, t6
core   0: 3 0x80002286 (0x01feb033)
core   0: 0x8000228a (0x00008f19) c.sub   a4, a4
core   0: 3 0x8000228a (0x8f19) x14 0x00000000
core   0: 0x8000228c (0x0046c6b3) xor     a3, a3, tp
core   0: 3 0x8000228c (0x0046c6b3) x13 0x80026ce4
core   0: 0x80002290 (0x01097033) and     zero, s2, a6
core   0: 3 0x80002290 (0x01097033)
core   0: 0x80002294 (0x002b64b3) or      s1, s6, sp
core   0: 3 0x80002294 (0x002b64b3) x 9 0x1969940c
core   0: 0x80002298 (0x00008d71) c.and   a0, a2
core   0: 3 0x80002298 (0x8d71) x10 0x00000018
core   0: 0x8000229a (0x6f7b3593) sltiu   a1, s6, 1783
core   0: 3 0x8000229a (0x6f7b3593) x11 0x00000000
core   0: 0x8000229e (0x028b5b63) bge     s6, s0, pc + 54
core   0: 3 0x8000229e (0x028b5b63)
core   0: 0x800022d4 (0x01f50db3) add     s11, a0, t6
core   0: 3 0x800022d4 (0x01f50db3) x27 0x00000079
core   0: 0x800022d8 (0x00009faa) c.add   t6, a0
core   0: 3 0x800022d8 (0x9faa) x31 0x00000079
core   0: 0x800022da (0x00000001) c.nop
core   0: 3 0x800022da (0x0001)
core   0: 0x800022dc (0x64bc7893) andi    a7, s8, 1611
core   0: 3 0x800022dc (0x64bc7893) x17 0x00000000
core   0: 0x800022e0 (0x00008105) c.srli  a0, 1
core   0: 3 0x800022e0 (0x8105) x10 0x0000000c
core   0: 0x800022e2 (0xda5b7413) andi    s0, s6, -603
core   0: 3 0x800022e2 (0xda5b7413) x 8 0x19699400
core   0: 0x800022e6 (0x0000100f) fence.i
core   0: 3 0x800022e6 (0x0000100f)
core   0: 0x800022ea (0x0389c9b3) div     s3, s3, s8
core   0: 3 0x800022ea (0x0389c9b3) x19 0x00000000
core   0: 0x800022ee (0x02896f63) bltu    s2, s0, pc + 62
core   0: 3 0x800022ee (0x02896f63)
core   0: 0x8000232c (0x02976ab3) rem     s5, a4, s1
core   0: 3 0x8000232c (0x02976ab3) x21 0x00000000
core   0: 0x80002330 (0x00000bc6) c.slli  s7, 17
core   0: 3 0x80002330 (0x0bc6) x23 0x00020000
core   0: 0x80002332 (0x000081e9) c.srli  a1, 26
core   0: 3 0x80002332 (0x81e9) x11 0x00000000
core   0: 0x80002334 (0x00006715) c.lui   a4, 0x5
core   0: 3 0x80002334 (0x6715) x14 0x00005000
core   0: 0x80002336 (0x012add63) bge     s5, s2, pc + 26
core   0: 3 0x80002336 (0x012add63)
core   0: 0x8000233a (0xc61b4897) auipc   a7, 0xc61b4
core   0: 3 0x8000233a (0xc61b4897) x17 0x461b633a
core   0: 0x8000233e (0x006877b3) and     a5, a6, t1
core   0: 3 0x8000233e (0x006877b3) x15 0x00000001
core   0: 0x80002342 (0x00008d29) c.xor   a0, a0
core   0: 3 0x80002342 (0x8d29) x10 0x00000000
core   0: 0x80002344 (0x03337763) bgeu    t1, s3, pc + 46
core   0: 3 0x80002344 (0x03337763)
core   0: 0x80002372 (0x00008e0a) c.mv    t3, sp
core   0: 3 0x80002372 (0x8e0a) x28 0x0000000c
core   0: 0x80002374 (0x00008c15) c.sub   s0, a3
core   0: 3 0x80002374 (0x8c15) x 8 0x9967271c
core   0: 0x80002376 (0x40685993) srai    s3, a6, 6
core   0: 3 0x80002376 (0x40685993) x19 0xfff1b3aa
core   0: 0x8000237a (0x70cde693) ori     a3, s11, 1804
core   0: 3 0x8000237a (0x70cde693) x13 0x0000077d
core   0: 0x8000237e (0x01d3aab3) slt     s5, t2, t4
core   0: 3 0x8000237e (0x01d3aab3) x21 0x00000001
core   0: 0x80002382 (0x00000001) c.nop
core   0: 3 0x80002382 (0x0001)
core   0: 0x80002384 (0x000093ee) c.add   t2, s11
core   0: 3 0x80002384 (0x93ee) x 7 0x00000049
core   0: 0x80002386 (0x00008f99) c.sub   a5, a4
core   0: 3 0x80002386 (0x8f99) x15 0xffffb001
core   0: 0x80002388 (0x011d2f33) slt     t5, s10, a7
core   0: 3 0x80002388 (0x011d2f33) x30 0x00000001
core   0: 0x8000238c (0x00000001) c.nop
core   0: 3 0x8000238c (0x0001)
core   0: 0x8000238e (0x031a1833) mulh    a6, s4, a7
core   0: 3 0x8000238e (0x031a1833) x16 0x02d905ce
core   0: 0x80002392 (0x00001dfd) c.addi  s11, -1
core   0: 3 0x80002392 (0x1dfd) x27 0x00000078
core   0: 0x80002394 (0x00008c45) c.or    s0, s1
core   0: 3 0x80002394 (0x8c45) x 8 0x996fb71c
core   0: 0x80002396 (0x025688b3) mul     a7, a3, t0
core   0: 3 0x80002396 (0x025688b3) x17 0x905562d4
core   0: 0x8000239a (0x00008555) c.srai  a0, 21
core   0: 3 0x8000239a (0x8555) x10 0x00000000
core   0: 0x8000239c (0x03387cb3) remu    s9, a6, s3
core   0: 3 0x8000239c (0x03387cb3) x25 0x02d905ce
core   0: 0x800023a0 (0xaad36f13) ori     t5, t1, -1363
core   0: 3 0x800023a0 (0xaad36f13) x30 0xfffffaad
core   0: 0x800023a4 (0x020a61b3) rem     gp, s4, zero
core   0: 3 0x800023a4 (0x020a61b3) x 3 0x0a661254
core   0: 0x800023a8 (0x01347433) and     s0, s0, s3
core   0: 3 0x800023a8 (0x01347433) x 8 0x9961b308
core   0: 0x800023ac (0x03d16b63) bltu    sp, t4, pc + 54
core   0: 3 0x800023ac (0x03d16b63)
core   0: 0x800023b0 (0x14270e93) addi    t4, a4, 322
core   0: 3 0x800023b0 (0x14270e93) x29 0x00005142
core   0: 0x800023b4 (0x291ba813) slti    a6, s7, 657
core   0: 3 0x800023b4 (0x291ba813) x16 0x00000000
core   0: 0x800023b8 (0x00c6c9b3) xor     s3, a3, a2
core   0: 3 0x800023b8 (0x00c6c9b3) x19 0x00000766
core   0: 0x800023bc (0x00008c9d) c.sub   s1, a5
core   0: 3 0x800023bc (0x8c9d) x 9 0x1969e40b
core   0: 0x800023be (0x032e74b3) remu    s1, t3, s2
core   0: 3 0x800023be (0x032e74b3) x 9 0x00000000
core   0: 0x800023c2 (0x0000e799) c.bnez  a5, pc + 14
core   0: 3 0x800023c2 (0xe799)
core   0: 0x800023d0 (0x00008df1) c.and   a1, a2
core   0: 3 0x800023d0 (0x8df1) x11 0x00000000
core   0: 0x800023d2 (0x0000557d) c.li    a0, -1
core   0: 3 0x800023d2 (0x557d) x10 0xffffffff
core   0: 0x800023d4 (0x03742333) mulhsu  t1, s0, s7
core   0: 3 0x800023d4 (0x03742333) x 6 0xffff32c3
core   0: 0x800023d8 (0x01b6e963) bltu    a3, s11, pc + 18
core   0: 3 0x800023d8 (0x01b6e963)
core   0: 0x800023dc (0x00009dc2) c.add   s11, a6
core   0: 3 0x800023dc (0x9dc2) x27 0x00000078
core   0: 0x800023de (0x0000100f) fence.i
core   0: 3 0x800023de (0x0000100f)
core   0: 0x800023e2 (0x401c89b3) sub     s3, s9, ra
core   0: 3 0x800023e2 (0x401c89b3) x19 0x066c1b23
core   0: 0x800023e6 (0x0123fc63) bgeu    t2, s2, pc + 24
core   0: 3 0x800023e6 (0x0123fc63)
core   0: 0x800023fe (0x00005dfd) c.li    s11, -1
core   0: 3 0x800023fe (0x5dfd) x27 0xffffffff
core   0: 0x80002400 (0x00005b7d) c.li    s6, -1
core   0: 3 0x80002400 (0x5b7d) x22 0xffffffff
core   0: 0x80002402 (0x410d5433) sra     s0, s10, a6
core   0: 3 0x80002402 (0x410d5433) x 8 0x000001c9
core   0: 0x80002406 (0xe10d6d93) ori     s11, s10, -496
core   0: 3 0x80002406 (0xe10d6d93) x27 0xffffffd9
core   0: 0x8000240a (0x00008fce) c.mv    t6, s3
core   0: 3 0x8000240a (0x8fce) x31 0x066c1b23
core   0: 0x8000240c (0x000eed33) or      s10, t4, zero
core   0: 3 0x8000240c (0x000eed33) x26 0x00005142
core   0: 0x80002410 (0x003cb933) sltu    s2, s9, gp
core   0: 3 0x80002410 (0x003cb933) x18 0x00000001
core   0: 0x80002414 (0x0367d033) divu    zero, a5, s6
core   0: 3 0x80002414 (0x0367d033)
core   0: 0x80002418 (0x0209fdb3) remu    s11, s3, zero
core   0: 3 0x80002418 (0x0209fdb3) x27 0x066c1b23
core   0: 0x8000241c (0x00004f35) c.li    t5, 13
core   0: 3 0x8000241c (0x4f35) x30 0x0000000d
core   0: 0x8000241e (0x01659d33) sll     s10, a1, s6
core   0: 3 0x8000241e (0x01659d33) x26 0x00000000
core   0: 0x80002422 (0x4005d433) sra     s0, a1, zero
core   0: 3 0x80002422 (0x4005d433) x 8 0x00000000
core   0: 0x80002426 (0x0053d793) srli    a5, t2, 5
core   0: 3 0x80002426 (0x0053d793) x15 0x00000002
core   0: 0x8000242a (0xa29eaa37) lui     s4, 0xa29ea
core   0: 3 0x8000242a (0xa29eaa37) x20 0xa29ea000
core   0: 0x8000242e (0x01640933) add     s2, s0, s6
core   0: 3 0x8000242e (0x01640933) x18 0xffffffff
core   0: 0x80002432 (0x00008cf9) c.and   s1, a4
core   0: 3 0x80002432 (0x8cf9) x 9 0x00000000
core   0: 0x80002434 (0x01fc5513) srli    a0, s8, 31
core   0: 3 0x80002434 (0x01fc5513) x10 0x00000000
core   0: 0x80002438 (0x03860963) beq     a2, s8, pc + 50
core   0: 3 0x80002438 (0x03860963)
core   0: 0x8000243c (0x00008c99) c.sub   s1, a4
core   0: 3 0x8000243c (0x8c99) x 9 0xffffb000
core   0: 0x8000243e (0x01b0dc63) bge     ra, s11, pc + 24
core   0: 3 0x8000243e (0x01b0dc63)
core   0: 0x80002442 (0x023b1333) mulh    t1, s6, gp
core   0: 3 0x80002442 (0x023b1333) x 6 0xffffffff
core   0: 0x80002446 (0x01c97a33) and     s4, s2, t3
core   0: 3 0x80002446 (0x01c97a33) x20 0x0000000c
core   0: 0x8000244a (0x00004e59) c.li    t3, 22
core   0: 3 0x8000244a (0x4e59) x28 0x00000016
core   0: 0x8000244c (0x00000001) c.nop
core   0: 3 0x8000244c (0x0001)
core   0: 0x8000244e (0x0026e6b3) or      a3, a3, sp
core   0: 3 0x8000244e (0x0026e6b3) x13 0x0000077d
core   0: 0x80002452 (0x00008da9) c.xor   a1, a0
core   0: 3 0x80002452 (0x8da9) x11 0x00000000
core   0: 0x80002454 (0x00008e9d) c.sub   a3, a5
core   0: 3 0x80002454 (0x8e9d) x13 0x0000077b
core   0: 0x80002456 (0x5f1b6fb7) lui     t6, 0x5f1b6
core   0: 3 0x80002456 (0x5f1b6fb7) x31 0x5f1b6000
core   0: 0x8000245a (0x03d8ea33) rem     s4, a7, t4
core   0: 3 0x8000245a (0x03d8ea33) x20 0xfffff2ae
core   0: 0x8000245e (0x0000ee1d) c.bnez  a2, pc + 62
core   0: 3 0x8000245e (0xee1d)
core   0: 0x8000249c (0x00547d33) and     s10, s0, t0
core   0: 3 0x8000249c (0x00547d33) x26 0x00000000
core   0: 0x800024a0 (0x00000001) c.nop
core   0: 3 0x800024a0 (0x0001)
core   0: 0x800024a2 (0x01628c63) beq     t0, s6, pc + 24
core   0: 3 0x800024a2 (0x01628c63)
core   0: 0x800024a6 (0x401dd333) sra     t1, s11, ra
core   0: 3 0x800024a6 (0x401dd333) x 6 0x0000cd83
core   0: 0x800024aa (0x03a19733) mulh    a4, gp, s10
core   0: 3 0x800024aa (0x03a19733) x14 0x00000000
core   0: 0x800024ae (0x000084cd) c.srai  s1, 19
core   0: 3 0x800024ae (0x84cd) x 9 0xffffffff
core   0: 0x800024b0 (0x0000946a) c.add   s0, s10
core   0: 3 0x800024b0 (0x946a) x 8 0x00000000
core   0: 0x800024b2 (0x0000e395) c.bnez  a5, pc + 36
core   0: 3 0x800024b2 (0xe395)
core   0: 0x800024d6 (0x035e86b3) mul     a3, t4, s5
core   0: 3 0x800024d6 (0x035e86b3) x13 0x00005142
core   0: 0x800024da (0x0078edb3) or      s11, a7, t2
core   0: 3 0x800024da (0x0078edb3) x27 0x905562dd
core   0: 0x800024de (0x47da4413) xori    s0, s4, 1149
core   0: 3 0x800024de (0x47da4413) x 8 0xfffff6d3
core   0: 0x800024e2 (0x035a2eb3) mulhsu  t4, s4, s5
core   0: 3 0x800024e2 (0x035a2eb3) x29 0xffffffff
core   0: 0x800024e6 (0x0000843d) c.srai  s0, 15
core   0: 3 0x800024e6 (0x843d) x 8 0xffffffff
core   0: 0x800024e8 (0x00008d6d) c.and   a0, a1
core   0: 3 0x800024e8 (0x8d6d) x10 0x00000000
core   0: 0x800024ea (0x00000001) c.nop
core   0: 3 0x800024ea (0x0001)
core   0: 0x800024ec (0x00e81a63) bne     a6, a4, pc + 20
core   0: 3 0x800024ec (0x00e81a63)
core   0: 0x800024f0 (0x00000999) c.addi  s3, 6
core   0: 3 0x800024f0 (0x0999) x19 0x066c1b29
core   0: 0x800024f2 (0x03faca33) div     s4, s5, t6
core   0: 3 0x800024f2 (0x03faca33) x20 0x00000000
core   0: 0x800024f6 (0x00000a62) c.slli  s4, 24
core   0: 3 0x800024f6 (0x0a62) x20 0x00000000
core   0: 0x800024f8 (0x41075393) srai    t2, a4, 16
core   0: 3 0x800024f8 (0x41075393) x 7 0x00000000
core   0: 0x800024fc (0x03366cb3) rem     s9, a2, s3
core   0: 3 0x800024fc (0x03366cb3) x25 0x0000001b
core   0: 0x80002500 (0x0000c029) c.beqz  s0, pc + 66
core   0: 3 0x80002500 (0xc029)
core   0: 0x80002502 (0x0172ba33) sltu    s4, t0, s7
core   0: 3 0x80002502 (0x0172ba33) x20 0x00000000
core   0: 0x80002506 (0x033fa833) mulhsu  a6, t6, s3
core   0: 3 0x80002506 (0x033fa833) x16 0x0262cde3
core   0: 0x8000250a (0x02a69bb3) mulh    s7, a3, a0
core   0: 3 0x8000250a (0x02a69bb3) x23 0x00000000
core   0: 0x8000250e (0x85cdc093) xori    ra, s11, -1956
core   0: 3 0x8000250e (0x85cdc093) x 1 0x6faa9a81
core   0: 0x80002512 (0x00008215) c.srli  a2, 5
core   0: 3 0x80002512 (0x8215) x12 0x00000000
core   0: 0x80002514 (0x00242b33) slt     s6, s0, sp
core   0: 3 0x80002514 (0x00242b33) x22 0x00000001
core   0: 0x80002518 (0x026428b3) mulhsu  a7, s0, t1
core   0: 3 0x80002518 (0x026428b3) x17 0xffffffff
core   0: 0x8000251c (0x04b76163) bltu    a4, a1, pc + 66
core   0: 3 0x8000251c (0x04b76163)
core   0: 0x80002520 (0x0ff0000f) fence   iorw,iorw
core   0: 3 0x80002520 (0x0ff0000f)
core   0: 0x80002524 (0x0000e289) c.bnez  a3, pc + 2
core   0: 3 0x80002524 (0xe289)
core   0: 0x80002526 (0x024e03b3) mul     t2, t3, tp
core   0: 3 0x80002526 (0x024e03b3) x 7 0x00355b98
core   0: 0x8000252a (0x0178f333) and     t1, a7, s7
core   0: 3 0x8000252a (0x0178f333) x 6 0x00000000
core   0: 0x8000252e (0x00f3ca63) blt     t2, a5, pc + 20
core   0: 3 0x8000252e (0x00f3ca63)
core   0: 0x80002532 (0x02bd67b3) rem     a5, s10, a1
core   0: 3 0x80002532 (0x02bd67b3) x15 0x00000000
core   0: 0x80002536 (0x0000cd19) c.beqz  a0, pc + 30
core   0: 3 0x80002536 (0xcd19)
core   0: 0x80002554 (0x00008f71) c.and   a4, a2
core   0: 3 0x80002554 (0x8f71) x14 0x00000000
core   0: 0x80002556 (0x01245333) srl     t1, s0, s2
core   0: 3 0x80002556 (0x01245333) x 6 0x00000001
core   0: 0x8000255a (0x0380eeb3) rem     t4, ra, s8
core   0: 3 0x8000255a (0x0380eeb3) x29 0x1aba9a81
core   0: 0x8000255e (0x05225063) bge     tp, s2, pc + 64
core   0: 3 0x8000255e (0x05225063)
core   0: 0x80002562 (0x00efea33) or      s4, t6, a4
core   0: 3 0x80002562 (0x00efea33) x20 0x5f1b6000
core   0: 0x80002566 (0x02e29bb3) mulh    s7, t0, a4
core   0: 3 0x80002566 (0x02e29bb3) x23 0x00000000
core   0: 0x8000256a (0x41755b33) sra     s6, a0, s7
core   0: 3 0x8000256a (0x41755b33) x22 0x00000000
core   0: 0x8000256e (0x00000001) c.nop
core   0: 3 0x8000256e (0x0001)
core   0: 0x80002570 (0x2db3ea37) lui     s4, 0x2db3e
core   0: 3 0x80002570 (0x2db3ea37) x20 0x2db3e000
core   0: 0x80002574 (0x41298f33) sub     t5, s3, s2
core   0: 3 0x80002574 (0x41298f33) x30 0x066c1b2a
core   0: 0x80002578 (0x0000671d) c.lui   a4, 0x7
core   0: 3 0x80002578 (0x671d) x14 0x00007000
core   0: 0x8000257a (0x00001efd) c.addi  t4, -1
core   0: 3 0x8000257a (0x1efd) x29 0x1aba9a80
core   0: 0x8000257c (0x51cc6b13) ori     s6, s8, 1308
core   0: 3 0x8000257c (0x51cc6b13) x22 0x54f0051c
core   0: 0x80002580 (0x01cb10b3) sll     ra, s6, t3
core   0: 3 0x80002580 (0x01cb10b3) x 1 0x47000000
core   0: 0x80002584 (0x0306e3b3) rem     t2, a3, a6
core   0: 3 0x80002584 (0x0306e3b3) x 7 0x00005142
core   0: 0x80002588 (0x00008cc9) c.or    s1, a0
core   0: 3 0x80002588 (0x8cc9) x 9 0xffffffff
core   0: 0x8000258a (0x02b45db3) divu    s11, s0, a1
core   0: 3 0x8000258a (0x02b45db3) x27 0xffffffff
core   0: 0x8000258e (0xda254513) xori    a0, a0, -606
core   0: 3 0x8000258e (0xda254513) x10 0xfffffda2
core   0: 0x80002592 (0x0b7fc563) blt     t6, s7, pc + 170
core   0: 3 0x80002592 (0x0b7fc563)
core   0: 0x80002596 (0x000057fd) c.li    a5, -1
core   0: 3 0x80002596 (0x57fd) x15 0xffffffff
core   0: 0x80002598 (0x00008352) c.mv    t1, s4
core   0: 3 0x80002598 (0x8352) x 6 0x2db3e000
core   0: 0x8000259a (0x0a236b63) bltu    t1, sp, pc + 182
core   0: 3 0x8000259a (0x0a236b63)
core   0: 0x8000259e (0x025835b3) mulhu   a1, a6, t0
core   0: 3 0x8000259e (0x025835b3) x11 0x01316c25
core   0: 0x800025a2 (0x03ffee33) rem     t3, t6, t6
core   0: 3 0x800025a2 (0x03ffee33) x28 0x00000000
core   0: 0x800025a6 (0x56b63793) sltiu   a5, a2, 1387
core   0: 3 0x800025a6 (0x56b63793) x15 0x00000001
core   0: 0x800025aa (0x40775033) sra     zero, a4, t2
core   0: 3 0x800025aa (0x40775033)
core   0: 0x800025ae (0x0000bc97) auipc   s9, 0xb
core   0: 3 0x800025ae (0x0000bc97) x25 0x8000d5ae
core   0: 0x800025b2 (0x70cc8c93) addi    s9, s9, 1804
core   0: 3 0x800025b2 (0x70cc8c93) x25 0x8000dcba
core   0: 0x800025b6 (0x021cc903) lbu     s2, 33(s9)
core   0: 3 0x800025b6 (0x021cc903) x18 0x00000085 mem 0x8000dcdb
core   0: 0x800025ba (0x01bca723) sw      s11, 14(s9)
core   0: 3 0x800025ba (0x01bca723) mem 0x8000dcc8 0xffffffff
core   0: 0x800025be (0x029cca83) lbu     s5, 41(s9)
core   0: 3 0x800025be (0x029cca83) x21 0x00000050 mem 0x8000dce3
core   0: 0x800025c2 (0x004cd683) lhu     a3, 4(s9)
core   0: 3 0x800025c2 (0x004cd683) x13 0x0000009e mem 0x8000dcbe
core   0: 0x800025c6 (0xff9c9923) sh      s9, -14(s9)
core   0: 3 0x800025c6 (0xff9c9923) mem 0x8000dcac 0xdcba
core   0: 0x800025ca (0x022495b3) mulh    a1, s1, sp
core   0: 3 0x800025ca (0x022495b3) x11 0xffffffff
core   0: 0x800025ce (0xfd9cc083) lbu     ra, -39(s9)
core   0: 3 0x800025ce (0xfd9cc083) x 1 0x000000fe mem 0x8000dc93
core   0: 0x800025d2 (0x0000100f) fence.i
core   0: 3 0x800025d2 (0x0000100f)
core   0: 0x800025d6 (0xfe5c8003) lb      zero, -27(s9)
core   0: 3 0x800025d6 (0xfe5c8003) mem 0x8000dc9f
core   0: 0x800025da (0xfd4c9223) sh      s4, -60(s9)
core   0: 3 0x800025da (0xfd4c9223) mem 0x8000dc7e 0xe000
core   0: 0x800025de (0x00b68633) add     a2, a3, a1
core   0: 3 0x800025de (0x00b68633) x12 0x0000009d
core   0: 0x800025e2 (0x02fc8a23) sb      a5, 52(s9)
core   0: 3 0x800025e2 (0x02fc8a23) mem 0x8000dcee 0x1
core   0: 0x800025e6 (0x010c8b03) lb      s6, 16(s9)
core   0: 3 0x800025e6 (0x010c8b03) x22 0xffffffff mem 0x8000dcca
core   0: 0x800025ea (0x019c8723) sb      s9, 14(s9)
core   0: 3 0x800025ea (0x019c8723) mem 0x8000dcc8 0xba
core   0: 0x800025ee (0x000cd003) lhu     zero, 0(s9)
core   0: 3 0x800025ee (0x000cd003) mem 0x8000dcba
core   0: 0x800025f2 (0x02af6733) rem     a4, t5, a0
core   0: 3 0x800025f2 (0x02af6733) x14 0x0000007e
core   0: 0x800025f6 (0xfd5cc603) lbu     a2, -43(s9)
core   0: 3 0x800025f6 (0xfd5cc603) x12 0x0000009f mem 0x8000dc8f
core   0: 0x800025fa (0xfcdc8603) lb      a2, -51(s9)
core   0: 3 0x800025fa (0xfcdc8603) x12 0xfffffffb mem 0x8000dc87
core   0: 0x800025fe (0xffbc8f03) lb      t5, -5(s9)
core   0: 3 0x800025fe (0xffbc8f03) x30 0xffffffc9 mem 0x8000dcb5
core   0: 0x80002602 (0x00000001) c.nop
core   0: 3 0x80002602 (0x0001)
core   0: 0x80002604 (0x03b45333) divu    t1, s0, s11
core   0: 3 0x80002604 (0x03b45333) x 6 0x00000001
core   0: 0x80002608 (0xfd2cd083) lhu     ra, -46(s9)
core   0: 3 0x80002608 (0xfd2cd083) x 1 0x000051bc mem 0x8000dc8c
core   0: 0x8000260c (0x02482833) mulhsu  a6, a6, tp
core   0: 3 0x8000260c (0x02482833) x16 0x01316cba
core   0: 0x80002610 (0xfd6c80a3) sb      s6, -63(s9)
core   0: 3 0x80002610 (0xfd6c80a3) mem 0x8000dc7b 0xff
core   0: 0x80002614 (0x016c8ea3) sb      s6, 29(s9)
core   0: 3 0x80002614 (0x016c8ea3) mem 0x8000dcd7 0xff
core   0: 0x80002618 (0x9cdf6ab7) lui     s5, 0x9cdf6
core   0: 3 0x80002618 (0x9cdf6ab7) x21 0x9cdf6000
core   0: 0x8000261c (0x006c9b23) sh      t1, 22(s9)
core   0: 3 0x8000261c (0x006c9b23) mem 0x8000dcd0 0x0001
core   0: 0x80002620 (0x4cc13c13) sltiu   s8, sp, 1228
core   0: 3 0x80002620 (0x4cc13c13) x24 0x00000001
core   0: 0x80002624 (0xc83e04b7) lui     s1, 0xc83e0
core   0: 3 0x80002624 (0xc83e04b7) x 9 0xc83e0000
core   0: 0x80002628 (0x033c84a3) sb      s3, 41(s9)
core   0: 3 0x80002628 (0x033c84a3) mem 0x8000dce3 0x29
core   0: 0x8000262c (0x03ac8923) sb      s10, 50(s9)
core   0: 3 0x8000262c (0x03ac8923) mem 0x8000dcec 0x0
core   0: 0x80002630 (0x025ccd03) lbu     s10, 37(s9)
core   0: 3 0x80002630 (0x025ccd03) x26 0x000000bd mem 0x8000dcdf
core   0: 0x80002634 (0x036c9e23) sh      s6, 60(s9)
core   0: 3 0x80002634 (0x036c9e23) mem 0x8000dcf6 0xffff
core   0: 0x80002638 (0x039c8423) sb      s9, 40(s9)
core   0: 3 0x80002638 (0x039c8423) mem 0x8000dce2 0xba
core   0: 0x8000263c (0x00008ddd) c.or    a1, a5
core   0: 3 0x8000263c (0x8ddd) x11 0xffffffff
core   0: 0x8000263e (0x024a69b3) rem     s3, s4, tp
core   0: 3 0x8000263e (0x024a69b3) x19 0x2db3e000
core   0: 0x80002642 (0x02d16bb3) rem     s7, sp, a3
core   0: 3 0x80002642 (0x02d16bb3) x23 0x0000000c
core   0: 0x80002646 (0x08d8ff13) andi    t5, a7, 141
core   0: 3 0x80002646 (0x08d8ff13) x30 0x0000008d
core   0: 0x8000264a (0x014428b3) slt     a7, s0, s4
core   0: 3 0x8000264a (0x014428b3) x17 0x00000001
core   0: 0x8000264e (0x0000060a) c.slli  a2, 2
core   0: 3 0x8000264e (0x060a) x12 0xffffffec
core   0: 0x80002650 (0xf0f2c513) xori    a0, t0, -241
core   0: 3 0x80002650 (0xf0f2c513) x10 0x7ffdd16b
core   0: 0x80002654 (0x01a4b7b3) sltu    a5, s1, s10
core   0: 3 0x80002654 (0x01a4b7b3) x15 0x00000000
core   0: 0x80002658 (0x1923b013) sltiu   zero, t2, 402
core   0: 3 0x80002658 (0x1923b013)
core   0: 0x8000265c (0x018a30b3) sltu    ra, s4, s8
core   0: 3 0x8000265c (0x018a30b3) x 1 0x00000000
core   0: 0x80002660 (0x000080e1) c.srli  s1, 24
core   0: 3 0x80002660 (0x80e1) x 9 0x000000c8
core   0: 0x80002662 (0x03137d63) bgeu    t1, a7, pc + 58
core   0: 3 0x80002662 (0x03137d63)
core   0: 0x8000269c (0x00008c5d) c.or    s0, a5
core   0: 3 0x8000269c (0x8c5d) x 8 0xffffffff
core   0: 0x8000269e (0xd2270e13) addi    t3, a4, -734
core   0: 3 0x8000269e (0xd2270e13) x28 0xfffffda0
core   0: 0x800026a2 (0x0340a3b3) mulhsu  t2, ra, s4
core   0: 3 0x800026a2 (0x0340a3b3) x 7 0x00000000
core   0: 0x800026a6 (0x0ff0000f) fence   iorw,iorw
core   0: 3 0x800026a6 (0x0ff0000f)
core   0: 0x800026aa (0x000095a6) c.add   a1, s1
core   0: 3 0x800026aa (0x95a6) x11 0x000000c7
core   0: 0x800026ac (0x0000cf81) c.beqz  a5, pc + 24
core   0: 3 0x800026ac (0xcf81)
core   0: 0x800026c4 (0x011d6733) or      a4, s10, a7
core   0: 3 0x800026c4 (0x011d6733) x14 0x000000bd
core   0: 0x800026c8 (0x055ef263) bgeu    t4, s5, pc + 68
core   0: 3 0x800026c8 (0x055ef263)
core   0: 0x800026cc (0x0327c333) div     t1, a5, s2
core   0: 3 0x800026cc (0x0327c333) x 6 0x00000000
core   0: 0x800026d0 (0x00008e55) c.or    a2, a3
core   0: 3 0x800026d0 (0x8e55) x12 0xfffffffe
core   0: 0x800026d2 (0x715d2e13) slti    t3, s10, 1813
core   0: 3 0x800026d2 (0x715d2e13) x28 0x00000001
core   0: 0x800026d6 (0x10c6b017) auipc   zero, 0x10c6b
core   0: 3 0x800026d6 (0x10c6b017)
core   0: 0x800026da (0x414185b3) sub     a1, gp, s4
core   0: 3 0x800026da (0x414185b3) x11 0xdcb23254
core   0: 0x800026de (0x41bedab3) sra     s5, t4, s11
core   0: 3 0x800026de (0x41bedab3) x21 0x00000000
core   0: 0x800026e2 (0x00dad833) srl     a6, s5, a3
core   0: 3 0x800026e2 (0x00dad833) x16 0x00000000
core   0: 0x800026e6 (0x00008f09) c.sub   a4, a0
core   0: 3 0x800026e6 (0x8f09) x14 0x80022f52
core   0: 0x800026e8 (0x018df1b3) and     gp, s11, s8
core   0: 3 0x800026e8 (0x018df1b3) x 3 0x00000001
core   0: 0x800026ec (0xfa4a8993) addi    s3, s5, -92
core   0: 3 0x800026ec (0xfa4a8993) x19 0xffffffa4
core   0: 0x800026f0 (0x02b59c33) mulh    s8, a1, a1
core   0: 3 0x800026f0 (0x02b59c33) x24 0x04de5de2
core   0: 0x800026f4 (0x00099893) slli    a7, s3, 0
core   0: 3 0x800026f4 (0x00099893) x17 0xffffffa4
core   0: 0x800026f8 (0x004396b3) sll     a3, t2, tp
core   0: 3 0x800026f8 (0x004396b3) x13 0x00000000
core   0: 0x800026fc (0x00000001) c.nop
core   0: 3 0x800026fc (0x0001)
core   0: 0x800026fe (0x00c79b63) bne     a5, a2, pc + 22
core   0: 3 0x800026fe (0x00c79b63)
core   0: 0x80002714 (0x01326733) or      a4, tp, s3
core   0: 3 0x80002714 (0x01326733) x14 0xffffffe4
core   0: 0x80002718 (0x008ab1b3) sltu    gp, s5, s0
core   0: 3 0x80002718 (0x008ab1b3) x 3 0x00000001
core   0: 0x8000271c (0x0000c79d) c.beqz  a5, pc + 46
core   0: 3 0x8000271c (0xc79d)
core   0: 0x8000274a (0xe56c60b7) lui     ra, 0xe56c6
core   0: 3 0x8000274a (0xe56c60b7) x 1 0xe56c6000
core   0: 0x8000274e (0x013d1b33) sll     s6, s10, s3
core   0: 3 0x8000274e (0x013d1b33) x22 0x00000bd0
core   0: 0x80002752 (0x000098fd) c.andi  s1, -1
core   0: 3 0x80002752 (0x98fd) x 9 0x000000c8
core   0: 0x80002754 (0x00008f55) c.or    a4, a3
core   0: 3 0x80002754 (0x8f55) x14 0xffffffe4
core   0: 0x80002756 (0xb6dd8f93) addi    t6, s11, -1171
core   0: 3 0x80002756 (0xb6dd8f93) x31 0xfffffb6c
core   0: 0x8000275a (0xc7fd2693) slti    a3, s10, -897
core   0: 3 0x8000275a (0xc7fd2693) x13 0x00000000
core   0: 0x8000275e (0x00008c31) c.xor   s0, a2
core   0: 3 0x8000275e (0x8c31) x 8 0x00000001
core   0: 0x80002760 (0x031d3d33) mulhu   s10, s10, a7
core   0: 3 0x80002760 (0x031d3d33) x26 0x000000bc
core   0: 0x80002764 (0xda283913) sltiu   s2, a6, -606
core   0: 3 0x80002764 (0xda283913) x18 0x00000001
core   0: 0x80002768 (0x00c9a333) slt     t1, s3, a2
core   0: 3 0x80002768 (0x00c9a333) x 6 0x00000001
core   0: 0x8000276c (0x02641333) mulh    t1, s0, t1
core   0: 3 0x8000276c (0x02641333) x 6 0x00000000
core   0: 0x80002770 (0x00008f5d) c.or    a4, a5
core   0: 3 0x80002770 (0x8f5d) x14 0xffffffe4
core   0: 0x80002772 (0x40bf5833) sra     a6, t5, a1
core   0: 3 0x80002772 (0x40bf5833) x16 0x00000000
core   0: 0x80002776 (0x0904ac93) slti    s9, s1, 144
core   0: 3 0x80002776 (0x0904ac93) x25 0x00000000
core   0: 0x8000277a (0x012d1263) bne     s10, s2, pc + 4
core   0: 3 0x8000277a (0x012d1263)
core   0: 0x8000277e (0x2ad34317) auipc   t1, 0x2ad34
core   0: 3 0x8000277e (0x2ad34317) x 6 0xaad3677e
core   0: 0x80002782 (0x00109f13) slli    t5, ra, 1
core   0: 3 0x80002782 (0x00109f13) x30 0xcad8c000
core   0: 0x80002786 (0xddf1f593) andi    a1, gp, -545
core   0: 3 0x80002786 (0xddf1f593) x11 0x00000001
core   0: 0x8000278a (0xcc6a20b7) lui     ra, 0xcc6a2
core   0: 3 0x8000278a (0xcc6a20b7) x 1 0xcc6a2000
core   0: 0x8000278e (0x002bd3b3) srl     t2, s7, sp
core   0: 3 0x8000278e (0x002bd3b3) x 7 0x00000000
core   0: 0x80002792 (0x33f1f413) andi    s0, gp, 831
core   0: 3 0x80002792 (0x33f1f413) x 8 0x00000001
core   0: 0x80002796 (0x0000187d) c.addi  a6, -1
core   0: 3 0x80002796 (0x187d) x16 0xffffffff
core   0: 0x80002798 (0x00008619) c.srai  a2, 6
core   0: 3 0x80002798 (0x8619) x12 0xffffffff
core   0: 0x8000279a (0x00000001) c.nop
core   0: 3 0x8000279a (0x0001)
core   0: 0x8000279c (0x0ff0000f) fence   iorw,iorw
core   0: 3 0x8000279c (0x0ff0000f)
core   0: 0x800027a0 (0x00009a7d) c.andi  a2, -1
core   0: 3 0x800027a0 (0x9a7d) x12 0xffffffff
core   0: 0x800027a2 (0x012c5a63) bge     s8, s2, pc + 20
core   0: 3 0x800027a2 (0x012c5a63)
core   0: 0x800027b6 (0x00008b49) c.andi  a4, 18
core   0: 3 0x800027b6 (0x8b49) x14 0x00000000
core   0: 0x800027b8 (0x00f188b3) add     a7, gp, a5
core   0: 3 0x800027b8 (0x00f188b3) x17 0x00000001
core   0: 0x800027bc (0x0000034a) c.slli  t1, 18
core   0: 3 0x800027bc (0x034a) x 6 0x9df80000
core   0: 0x800027be (0x00199693) slli    a3, s3, 1
core   0: 3 0x800027be (0x00199693) x13 0xffffff48
core   0: 0x800027c2 (0x0000c889) c.beqz  s1, pc + 18
core   0: 3 0x800027c2 (0xc889)
core   0: 0x800027c4 (0x00005bfd) c.li    s7, -1
core   0: 3 0x800027c4 (0x5bfd) x23 0xffffffff
core   0: 0x800027c6 (0x00009a7d) c.andi  a2, -1
core   0: 3 0x800027c6 (0x9a7d) x12 0xffffffff
core   0: 0x800027c8 (0x41525ab3) sra     s5, tp, s5
core   0: 3 0x800027c8 (0x41525ab3) x21 0x80026ce4
core   0: 0x800027cc (0xb1178c93) addi    s9, a5, -1263
core   0: 3 0x800027cc (0xb1178c93) x25 0xfffffb11
core   0: 0x800027d0 (0x0346cd63) blt     a3, s4, pc + 58
core   0: 3 0x800027d0 (0x0346cd63)
core   0: 0x8000280a (0x00000e56) c.slli  t3, 21
core   0: 3 0x8000280a (0x0e56) x28 0x00200000
core   0: 0x8000280c (0x024d0d63) beq     s10, tp, pc + 58
core   0: 3 0x8000280c (0x024d0d63)
core   0: 0x80002810 (0x400a80b3) sub     ra, s5, zero
core   0: 3 0x80002810 (0x400a80b3) x 1 0x80026ce4
core   0: 0x80002814 (0x000008b6) c.slli  a7, 13
core   0: 3 0x80002814 (0x08b6) x17 0x00002000
core   0: 0x80002816 (0x00a9aab3) slt     s5, s3, a0
core   0: 3 0x80002816 (0x00a9aab3) x21 0x00000001
core   0: 0x8000281a (0x41458eb3) sub     t4, a1, s4
core   0: 3 0x8000281a (0x41458eb3) x29 0xd24c2001
core   0: 0x8000281e (0x000083dd) c.srli  a5, 23
core   0: 3 0x8000281e (0x83dd) x15 0x00000000
core   0: 0x80002820 (0x01c7f633) and     a2, a5, t3
core   0: 3 0x80002820 (0x01c7f633) x12 0x00000000
core   0: 0x80002824 (0x00008dc5) c.or    a1, s1
core   0: 3 0x80002824 (0x8dc5) x11 0x000000c9
core   0: 0x80002826 (0x00008fa1) c.xor   a5, s0
core   0: 3 0x80002826 (0x8fa1) x15 0x00000001
core   0: 0x80002828 (0x0000951e) c.add   a0, t2
core   0: 3 0x80002828 (0x951e) x10 0x7ffdd16b
core   0: 0x8000282a (0xada90693) addi    a3, s2, -1318
core   0: 3 0x8000282a (0xada90693) x13 0xfffffadb
core   0: 0x8000282e (0x0000997d) c.andi  a0, -1
core   0: 3 0x8000282e (0x997d) x10 0x7ffdd16b
core   0: 0x80002830 (0x00008df1) c.and   a1, a2
core   0: 3 0x80002830 (0x8df1) x11 0x00000000
core   0: 0x80002832 (0x0213a1b3) mulhsu  gp, t2, ra
core   0: 3 0x80002832 (0x0213a1b3) x 3 0x00000000
core   0: 0x80002836 (0x0515c163) blt     a1, a7, pc + 66
core   0: 3 0x80002836 (0x0515c163)
core   0: 0x80002878 (0x41435093) srai    ra, t1, 20
core   0: 3 0x80002878 (0x41435093) x 1 0xfffff9df
core   0: 0x8000287c (0x00675e93) srli    t4, a4, 6
core   0: 3 0x8000287c (0x00675e93) x29 0x00000000
core   0: 0x80002880 (0x01759a93) slli    s5, a1, 23
core   0: 3 0x80002880 (0x01759a93) x21 0x00000000
core   0: 0x80002884 (0x02a2a5b3) mulhsu  a1, t0, a0
core   0: 3 0x80002884 (0x02a2a5b3) x11 0xc0022e77
core   0: 0x80002888 (0x00008d91) c.sub   a1, a2
core   0: 3 0x80002888 (0x8d91) x11 0xc0022e77
core   0: 0x8000288a (0x4000d013) srai    zero, ra, 0
core   0: 3 0x8000288a (0x4000d013)
core   0: 0x8000288e (0x0028d463) bge     a7, sp, pc + 8
core   0: 3 0x8000288e (0x0028d463)
core   0: 0x80002896 (0x0097de63) bge     a5, s1, pc + 28
core   0: 3 0x80002896 (0x0097de63)
core   0: 0x8000289a (0x031ddd63) bge     s11, a7, pc + 58
core   0: 3 0x8000289a (0x031ddd63)
core   0: 0x8000289e (0x0000047a) c.slli  s0, 30
core   0: 3 0x8000289e (0x047a) x 8 0x40000000
core   0: 0x800028a0 (0x00005c7d) c.li    s8, -1
core   0: 3 0x800028a0 (0x5c7d) x24 0xffffffff
core   0: 0x800028a2 (0x011e2a33) slt     s4, t3, a7
core   0: 3 0x800028a2 (0x011e2a33) x20 0x00000000
core   0: 0x800028a6 (0x41ea50b3) sra     ra, s4, t5
core   0: 3 0x800028a6 (0x41ea50b3) x 1 0x00000000
core   0: 0x800028aa (0x01e44c63) blt     s0, t5, pc + 24
core   0: 3 0x800028aa (0x01e44c63)
core   0: 0x800028ae (0x02035933) divu    s2, t1, zero
core   0: 3 0x800028ae (0x02035933) x18 0xffffffff
core   0: 0x800028b2 (0x77a0b013) sltiu   zero, ra, 1914
core   0: 3 0x800028b2 (0x77a0b013)
core   0: 0x800028b6 (0x011c0533) add     a0, s8, a7
core   0: 3 0x800028b6 (0x011c0533) x10 0x00001fff
core   0: 0x800028ba (0x00008d01) c.sub   a0, s0
core   0: 3 0x800028ba (0x8d01) x10 0xc0001fff
core   0: 0x800028bc (0x00008eb5) c.xor   a3, a3
core   0: 3 0x800028bc (0x8eb5) x13 0x00000000
core   0: 0x800028be (0x027a21b3) mulhsu  gp, s4, t2
core   0: 3 0x800028be (0x027a21b3) x 3 0x00000000
core   0: 0x800028c2 (0x00008f15) c.sub   a4, a3
core   0: 3 0x800028c2 (0x8f15) x14 0x00000000
core   0: 0x800028c4 (0x016ad093) srli    ra, s5, 22
core   0: 3 0x800028c4 (0x016ad093) x 1 0x00000000
core   0: 0x800028c8 (0x0237dfb3) divu    t6, a5, gp
core   0: 3 0x800028c8 (0x0237dfb3) x31 0xffffffff
core   0: 0x800028cc (0x0151af33) slt     t5, gp, s5
core   0: 3 0x800028cc (0x0151af33) x30 0x00000000
core   0: 0x800028d0 (0x011d4333) xor     t1, s10, a7
core   0: 3 0x800028d0 (0x011d4333) x 6 0x000020bc
core   0: 0x800028d4 (0x41e1dcb3) sra     s9, gp, t5
core   0: 3 0x800028d4 (0x41e1dcb3) x25 0x00000000
core   0: 0x800028d8 (0x01f3c263) blt     t2, t6, pc + 4
core   0: 3 0x800028d8 (0x01f3c263)
core   0: 0x800028dc (0x0000c809) c.beqz  s0, pc + 18
core   0: 3 0x800028dc (0xc809)
core   0: 0x800028de (0x01801e13) slli    t3, zero, 24
core   0: 3 0x800028de (0x01801e13) x28 0x00000000
core   0: 0x800028e2 (0x02a08e63) beq     ra, a0, pc + 60
core   0: 3 0x800028e2 (0x02a08e63)
core   0: 0x800028e6 (0x03807f33) remu    t5, zero, s8
core   0: 3 0x800028e6 (0x03807f33) x30 0x00000000
core   0: 0x800028ea (0x5772e793) ori     a5, t0, 1399
core   0: 3 0x800028ea (0x5772e793) x15 0x80022f77
core   0: 0x800028ee (0x001c1a13) slli    s4, s8, 1
core   0: 3 0x800028ee (0x001c1a13) x20 0xfffffffe
core   0: 0x800028f2 (0x027a7ab3) remu    s5, s4, t2
core   0: 3 0x800028f2 (0x027a7ab3) x21 0xfffffffe
core   0: 0x800028f6 (0x024e7c63) bgeu    t3, tp, pc + 56
core   0: 3 0x800028f6 (0x024e7c63)
core   0: 0x800028fa (0x00008c95) c.sub   s1, a3
core   0: 3 0x800028fa (0x8c95) x 9 0x000000c8
core   0: 0x800028fc (0xcad28993) addi    s3, t0, -851
core   0: 3 0x800028fc (0xcad28993) x19 0x80022b11
core   0: 0x80002900 (0x00009d76) c.add   s10, t4
core   0: 3 0x80002900 (0x9d76) x26 0x000000bc
core   0: 0x80002902 (0x0ff0000f) fence   iorw,iorw
core   0: 3 0x80002902 (0x0ff0000f)
core   0: 0x80002906 (0x006feab3) or      s5, t6, t1
core   0: 3 0x80002906 (0x006feab3) x21 0xffffffff
core   0: 0x8000290a (0x006fffb3) and     t6, t6, t1
core   0: 3 0x8000290a (0x006fffb3) x31 0x000020bc
core   0: 0x8000290e (0x4010d3b3) sra     t2, ra, ra
core   0: 3 0x8000290e (0x4010d3b3) x 7 0x00000000
core   0: 0x80002912 (0xc45b0713) addi    a4, s6, -955
core   0: 3 0x80002912 (0xc45b0713) x14 0x00000815
core   0: 0x80002916 (0x032568b3) rem     a7, a0, s2
core   0: 3 0x80002916 (0x032568b3) x17 0x00000000
core   0: 0x8000291a (0x01959633) sll     a2, a1, s9
core   0: 3 0x8000291a (0x01959633) x12 0xc0022e77
core   0: 0x8000291e (0x265ee417) auipc   s0, 0x265ee
core   0: 3 0x8000291e (0x265ee417) x 8 0xa65f091e
core   0: 0x80002922 (0x00008dfe) c.mv    s11, t6
core   0: 3 0x80002922 (0x8dfe) x27 0x000020bc
core   0: 0x80002924 (0x0288c433) div     s0, a7, s0
core   0: 3 0x80002924 (0x0288c433) x 8 0x00000000
core   0: 0x80002928 (0x0129a7b3) slt     a5, s3, s2
core   0: 3 0x80002928 (0x0129a7b3) x15 0x00000001
core   0: 0x8000292c (0x00008fc1) c.or    a5, s0
core   0: 3 0x8000292c (0x8fc1) x15 0x00000001
core   0: 0x8000292e (0x000000ca) c.slli  ra, 18
core   0: 3 0x8000292e (0x00ca) x 1 0x00000000
core   0: 0x80002930 (0x02ef7633) remu    a2, t5, a4
core   0: 3 0x80002930 (0x02ef7633) x12 0x00000000
core   0: 0x80002934 (0x00c59263) bne     a1, a2, pc + 4
core   0: 3 0x80002934 (0x00c59263)
core   0: 0x80002938 (0x008546b3) xor     a3, a0, s0
core   0: 3 0x80002938 (0x008546b3) x13 0xc0001fff
core   0: 0x8000293c (0x0000cd99) c.beqz  a1, pc + 30
core   0: 3 0x8000293c (0xcd99)
core   0: 0x8000293e (0x0478e763) bltu    a7, t2, pc + 78
core   0: 3 0x8000293e (0x0478e763)
core   0: 0x80002942 (0x0ff0000f) fence   iorw,iorw
core   0: 3 0x80002942 (0x0ff0000f)
core   0: 0x80002946 (0x02c4a7b3) mulhsu  a5, s1, a2
core   0: 3 0x80002946 (0x02c4a7b3) x15 0x00000000
core   0: 0x8000294a (0x0318f333) remu    t1, a7, a7
core   0: 3 0x8000294a (0x0318f333) x 6 0x00000000
core   0: 0x8000294e (0x5d060893) addi    a7, a2, 1488
core   0: 3 0x8000294e (0x5d060893) x17 0x000005d0
core   0: 0x80002952 (0x406e56b3) sra     a3, t3, t1
core   0: 3 0x80002952 (0x406e56b3) x13 0x00000000
core   0: 0x80002956 (0x03f9d333) divu    t1, s3, t6
core   0: 3 0x80002956 (0x03f9d333) x 6 0x0003e917
core   0: 0x8000295a (0x033756b3) divu    a3, a4, s3
core   0: 3 0x8000295a (0x033756b3) x13 0x00000000
core   0: 0x8000295e (0x0129da33) srl     s4, s3, s2
core   0: 3 0x8000295e (0x0129da33) x20 0x00000001
core   0: 0x80002962 (0x00ab5313) srli    t1, s6, 10
core   0: 3 0x80002962 (0x00ab5313) x 6 0x00000002
core   0: 0x80002966 (0x02474c33) div     s8, a4, tp
core   0: 3 0x80002966 (0x02474c33) x24 0x00000000
core   0: 0x8000296a (0x00d7ce63) blt     a5, a3, pc + 28
core   0: 3 0x8000296a (0x00d7ce63)
core   0: 0x8000296e (0x01d15bb3) srl     s7, sp, t4
core   0: 3 0x8000296e (0x01d15bb3) x23 0x0000000c
core   0: 0x80002972 (0x02da6e63) bltu    s4, a3, pc + 60
core   0: 3 0x80002972 (0x02da6e63)
core   0: 0x80002976 (0x01bf9e93) slli    t4, t6, 27
core   0: 3 0x80002976 (0x01bf9e93) x29 0xe0000000
core   0: 0x8000297a (0x04588263) beq     a7, t0, pc + 68
core   0: 3 0x8000297a (0x04588263)
core   0: 0x8000297e (0x00610463) beq     sp, t1, pc + 8
core   0: 3 0x8000297e (0x00610463)
core   0: 0x80002982 (0x01568b63) beq     a3, s5, pc + 22
core   0: 3 0x80002982 (0x01568b63)
core   0: 0x80002986 (0x0327a333) mulhsu  t1, a5, s2
core   0: 3 0x80002986 (0x0327a333) x 6 0x00000000
core   0: 0x8000298a (0x00000489) c.addi  s1, 2
core   0: 3 0x8000298a (0x0489) x 9 0x000000ca
core   0: 0x8000298c (0x2c768013) addi    zero, a3, 711
core   0: 3 0x8000298c (0x2c768013)
core   0: 0x80002990 (0x00b0d933) srl     s2, ra, a1
core   0: 3 0x80002990 (0x00b0d933) x18 0x00000000
core   0: 0x80002994 (0x41bbd033) sra     zero, s7, s11
core   0: 3 0x80002994 (0x41bbd033)
core   0: 0x80002998 (0x0028c433) xor     s0, a7, sp
core   0: 3 0x80002998 (0x0028c433) x 8 0x000005dc
core   0: 0x8000299c (0x00d9b1b3) sltu    gp, s3, a3
core   0: 3 0x8000299c (0x00d9b1b3) x 3 0x00000000
core   0: 0x800029a0 (0x00008745) c.srai  a4, 17
core   0: 3 0x800029a0 (0x8745) x14 0x00000000
core   0: 0x800029a2 (0x40b481b3) sub     gp, s1, a1
core   0: 3 0x800029a2 (0x40b481b3) x 3 0x3ffdd253
core   0: 0x800029a6 (0x0073d793) srli    a5, t2, 7
core   0: 3 0x800029a6 (0x0073d793) x15 0x00000000
core   0: 0x800029aa (0x0090de33) srl     t3, ra, s1
core   0: 3 0x800029aa (0x0090de33) x28 0x00000000
core   0: 0x800029ae (0x00009a7d) c.andi  a2, -1
core   0: 3 0x800029ae (0x9a7d) x12 0x00000000
core   0: 0x800029b0 (0x01ef4933) xor     s2, t5, t5
core   0: 3 0x800029b0 (0x01ef4933) x18 0x00000000
core   0: 0x800029b4 (0x41265593) srai    a1, a2, 18
core   0: 3 0x800029b4 (0x41265593) x11 0x00000000
core   0: 0x800029b8 (0x00009722) c.add   a4, s0
core   0: 3 0x800029b8 (0x9722) x14 0x000005dc
core   0: 0x800029ba (0x01dcd793) srli    a5, s9, 29
core   0: 3 0x800029ba (0x01dcd793) x15 0x00000000
core   0: 0x800029be (0x405fd9b7) lui     s3, 0x405fd
core   0: 3 0x800029be (0x405fd9b7) x19 0x405fd000
core   0: 0x800029c2 (0x019bef33) or      t5, s7, s9
core   0: 3 0x800029c2 (0x019bef33) x30 0x0000000c
core   0: 0x800029c6 (0x02808163) beq     ra, s0, pc + 34
core   0: 3 0x800029c6 (0x02808163)
core   0: 0x800029ca (0x005c95b3) sll     a1, s9, t0
core   0: 3 0x800029ca (0x005c95b3) x11 0x00000000
core   0: 0x800029ce (0x010fdf63) bge     t6, a6, pc + 30
core   0: 3 0x800029ce (0x010fdf63)
core   0: 0x800029ec (0x00405a63) bge     zero, tp, pc + 20
core   0: 3 0x800029ec (0x00405a63)
core   0: 0x80002a00 (0x00006d19) c.lui   s10, 0x6
core   0: 3 0x80002a00 (0x6d19) x26 0x00006000
core   0: 0x80002a02 (0x058af193) andi    gp, s5, 88
core   0: 3 0x80002a02 (0x058af193) x 3 0x00000058
core   0: 0x80002a06 (0x02bfba33) mulhu   s4, t6, a1
core   0: 3 0x80002a06 (0x02bfba33) x20 0x00000000
core   0: 0x80002a0a (0x000003aa) c.slli  t2, 10
core   0: 3 0x80002a0a (0x03aa) x 7 0x00000000
core   0: 0x80002a0c (0x0003a9b3) slt     s3, t2, zero
core   0: 3 0x80002a0c (0x0003a9b3) x19 0x00000000
core   0: 0x80002a10 (0x0000859d) c.srai  a1, 7
core   0: 3 0x80002a10 (0x859d) x11 0x00000000
core   0: 0x80002a12 (0x0ff0000f) fence   iorw,iorw
core   0: 3 0x80002a12 (0x0ff0000f)
core   0: 0x80002a16 (0x00008966) c.mv    s2, s9
core   0: 3 0x80002a16 (0x8966) x18 0x00000000
core   0: 0x80002a18 (0x59ee0e93) addi    t4, t3, 1438
core   0: 3 0x80002a18 (0x59ee0e93) x29 0x0000059e
core   0: 0x80002a1c (0x61e2bf93) sltiu   t6, t0, 1566
core   0: 3 0x80002a1c (0x61e2bf93) x31 0x00000000
core   0: 0x80002a20 (0x03e92033) mulhsu  zero, s2, t5
core   0: 3 0x80002a20 (0x03e92033)
core   0: 0x80002a24 (0x032a9833) mulh    a6, s5, s2
core   0: 3 0x80002a24 (0x032a9833) x16 0x00000000
core   0: 0x80002a28 (0x000019fd) c.addi  s3, -1
core   0: 3 0x80002a28 (0x19fd) x19 0xffffffff
core   0: 0x80002a2a (0x000088cd) c.andi  s1, 19
core   0: 3 0x80002a2a (0x88cd) x 9 0x00000002
core   0: 0x80002a2c (0x001aca33) xor     s4, s5, ra
core   0: 3 0x80002a2c (0x001aca33) x20 0xffffffff
core   0: 0x80002a30 (0x0024ed63) bltu    s1, sp, pc + 26
core   0: 3 0x80002a30 (0x0024ed63)
core   0: 0x80002a4a (0x023a2c33) mulhsu  s8, s4, gp
core   0: 3 0x80002a4a (0x023a2c33) x24 0xffffffff
core   0: 0x80002a4e (0x0243cf63) blt     t2, tp, pc + 62
core   0: 3 0x80002a4e (0x0243cf63)
core   0: 0x80002a52 (0x45d3e193) ori     gp, t2, 1117
core   0: 3 0x80002a52 (0x45d3e193) x 3 0x0000045d
core   0: 0x80002a56 (0x027205b3) mul     a1, tp, t2
core   0: 3 0x80002a56 (0x027205b3) x11 0x00000000
core   0: 0x80002a5a (0x03afbcb3) mulhu   s9, t6, s10
core   0: 3 0x80002a5a (0x03afbcb3) x25 0x00000000
core   0: 0x80002a5e (0x00008e89) c.sub   a3, a0
core   0: 3 0x80002a5e (0x8e89) x13 0x3fffe001
core   0: 0x80002a60 (0x01b91433) sll     s0, s2, s11
core   0: 3 0x80002a60 (0x01b91433) x 8 0x00000000
core   0: 0x80002a64 (0x00000001) c.nop
core   0: 3 0x80002a64 (0x0001)
core   0: 0x80002a66 (0x003df6b3) and     a3, s11, gp
core   0: 3 0x80002a66 (0x003df6b3) x13 0x0000001c
core   0: 0x80002a6a (0x01c56263) bltu    a0, t3, pc + 4
core   0: 3 0x80002a6a (0x01c56263)
core   0: 0x80002a6e (0x71e54793) xori    a5, a0, 1822
core   0: 3 0x80002a6e (0x71e54793) x15 0xc00018e1
core   0: 0x80002a72 (0x0356c563) blt     a3, s5, pc + 42
core   0: 3 0x80002a72 (0x0356c563)
core   0: 0x80002a76 (0x00000001) c.nop
core   0: 3 0x80002a76 (0x0001)
core   0: 0x80002a78 (0x41788033) sub     zero, a7, s7
core   0: 3 0x80002a78 (0x41788033)
core   0: 0x80002a7c (0xf2567ab7) lui     s5, 0xf2567
core   0: 3 0x80002a7c (0xf2567ab7) x21 0xf2567000
core   0: 0x80002a80 (0x01dc5713) srli    a4, s8, 29
core   0: 3 0x80002a80 (0x01dc5713) x14 0x00000007
core   0: 0x80002a84 (0x40980d33) sub     s10, a6, s1
core   0: 3 0x80002a84 (0x40980d33) x26 0xfffffffe
core   0: 0x80002a88 (0x02cd78b3) remu    a7, s10, a2
core   0: 3 0x80002a88 (0x02cd78b3) x17 0xfffffffe
core   0: 0x80002a8c (0x41540533) sub     a0, s0, s5
core   0: 3 0x80002a8c (0x41540533) x10 0x0da99000
core   0: 0x80002a90 (0x039f0733) mul     a4, t5, s9
core   0: 3 0x80002a90 (0x039f0733) x14 0x00000000
core   0: 0x80002a94 (0x00008721) c.srai  a4, 8
core   0: 3 0x80002a94 (0x8721) x14 0x00000000
core   0: 0x80002a96 (0x00000001) c.nop
core   0: 3 0x80002a96 (0x0001)
core   0: 0x80002a98 (0x00bf3f33) sltu    t5, t5, a1
core   0: 3 0x80002a98 (0x00bf3f33) x30 0x00000000
core   0: 0x80002a9c (0x00006b71) c.lui   s6, 0x1c
core   0: 3 0x80002a9c (0x6b71) x22 0x0001c000
core   0: 0x80002a9e (0x02c49a33) mulh    s4, s1, a2
core   0: 3 0x80002a9e (0x02c49a33) x20 0x00000000
core   0: 0x80002aa2 (0x01e6dc93) srli    s9, a3, 30
core   0: 3 0x80002aa2 (0x01e6dc93) x25 0x00000000
core   0: 0x80002aa6 (0x00000001) c.nop
core   0: 3 0x80002aa6 (0x0001)
core   0: 0x80002aa8 (0x41b68cb3) sub     s9, a3, s11
core   0: 3 0x80002aa8 (0x41b68cb3) x25 0xffffdf60
core   0: 0x80002aac (0x0000874d) c.srai  a4, 19
core   0: 3 0x80002aac (0x874d) x14 0x00000000
core   0: 0x80002aae (0x03475f63) bge     a4, s4, pc + 62
core   0: 3 0x80002aae (0x03475f63)
core   0: 0x80002aec (0x00008d85) c.sub   a1, s1
core   0: 3 0x80002aec (0x8d85) x11 0xfffffffe
core   0: 0x80002aee (0x00008e55) c.or    a2, a3
core   0: 3 0x80002aee (0x8e55) x12 0x0000001c
core   0: 0x80002af0 (0x003171b3) and     gp, sp, gp
core   0: 3 0x80002af0 (0x003171b3) x 3 0x0000000c
core   0: 0x80002af4 (0x66eeea13) ori     s4, t4, 1646
core   0: 3 0x80002af4 (0x66eeea13) x20 0x000007fe
core   0: 0x80002af8 (0x035cabb3) mulhsu  s7, s9, s5
core   0: 3 0x80002af8 (0x035cabb3) x23 0xffffe11d
core   0: 0x80002afc (0x77cc5197) auipc   gp, 0x77cc5
core   0: 3 0x80002afc (0x77cc5197) x 3 0xf7cc7afc
core   0: 0x80002b00 (0x00006b2d) c.lui   s6, 0xb
core   0: 3 0x80002b00 (0x6b2d) x22 0x0000b000
core   0: 0x80002b02 (0x02af05b3) mul     a1, t5, a0
core   0: 3 0x80002b02 (0x02af05b3) x11 0x00000000
core   0: 0x80002b06 (0x02351a33) mulh    s4, a0, gp
core   0: 3 0x80002b06 (0x02351a33) x20 0xff8ff39f
core   0: 0x80002b0a (0x01a387b3) add     a5, t2, s10
core   0: 3 0x80002b0a (0x01a387b3) x15 0xfffffffe
core   0: 0x80002b0e (0x0365b6b3) mulhu   a3, a1, s6
core   0: 3 0x80002b0e (0x0365b6b3) x13 0x00000000
core   0: 0x80002b12 (0x00008e51) c.or    a2, a2
core   0: 3 0x80002b12 (0x8e51) x12 0x0000001c
core   0: 0x80002b14 (0x03c66fb3) rem     t6, a2, t3
core   0: 3 0x80002b14 (0x03c66fb3) x31 0x0000001c
core   0: 0x80002b18 (0x000060f9) c.lui   ra, 0x1e
core   0: 3 0x80002b18 (0x60f9) x 1 0x0001e000
core   0: 0x80002b1a (0x03d568b3) rem     a7, a0, t4
core   0: 3 0x80002b1a (0x03d568b3) x17 0x000001ee
core   0: 0x80002b1e (0x00008f21) c.xor   a4, s0
core   0: 3 0x80002b1e (0x8f21) x14 0x00000000
core   0: 0x80002b20 (0x00008f01) c.sub   a4, s0
core   0: 3 0x80002b20 (0x8f01) x14 0x00000000
core   0: 0x80002b22 (0x0084d833) srl     a6, s1, s0
core   0: 3 0x80002b22 (0x0084d833) x16 0x00000002
core   0: 0x80002b26 (0x00008031) c.srli  s0, 12
core   0: 3 0x80002b26 (0x8031) x 8 0x00000000
core   0: 0x80002b28 (0x775e6937) lui     s2, 0x775e6
core   0: 3 0x80002b28 (0x775e6937) x18 0x775e6000
core   0: 0x80002b2c (0x03073533) mulhu   a0, a4, a6
core   0: 3 0x80002b2c (0x03073533) x10 0x00000000
core   0: 0x80002b30 (0x05924063) blt     tp, s9, pc + 64
core   0: 3 0x80002b30 (0x05924063)
core   0: 0x80002b70 (0x03fe7333) remu    t1, t3, t6
core   0: 3 0x80002b70 (0x03fe7333) x 6 0x00000000
core   0: 0x80002b74 (0x4065dc33) sra     s8, a1, t1
core   0: 3 0x80002b74 (0x4065dc33) x24 0x00000000
core   0: 0x80002b78 (0x00008c61) c.and   s0, s0
core   0: 3 0x80002b78 (0x8c61) x 8 0x00000000
core   0: 0x80002b7a (0xb20dec93) ori     s9, s11, -1248
core   0: 3 0x80002b7a (0xb20dec93) x25 0xfffffbbc
core   0: 0x80002b7e (0x01ef8d33) add     s10, t6, t5
core   0: 3 0x80002b7e (0x01ef8d33) x26 0x0000001c
core   0: 0x80002b82 (0x00dd6633) or      a2, s10, a3
core   0: 3 0x80002b82 (0x00dd6633) x12 0x0000001c
core   0: 0x80002b86 (0x03e559b3) divu    s3, a0, t5
core   0: 3 0x80002b86 (0x03e559b3) x19 0xffffffff
core   0: 0x80002b8a (0x022be3b3) rem     t2, s7, sp
core   0: 3 0x80002b8a (0x022be3b3) x 7 0xfffffff5
core   0: 0x80002b8e (0x001daf33) slt     t5, s11, ra
core   0: 3 0x80002b8e (0x001daf33) x30 0x00000001
core   0: 0x80002b92 (0x4aff8997) auipc   s3, 0x4aff8
core   0: 3 0x80002b92 (0x4aff8997) x19 0xcaffab92
core   0: 0x80002b96 (0x0110ca33) xor     s4, ra, a7
core   0: 3 0x80002b96 (0x0110ca33) x20 0x0001e1ee
core   0: 0x80002b9a (0x0000100f) fence.i
core   0: 3 0x80002b9a (0x0000100f)
core   0: 0x80002b9e (0x00000001) c.nop
core   0: 3 0x80002b9e (0x0001)
core   0: 0x80002ba0 (0x002d76b3) and     a3, s10, sp
core   0: 3 0x80002ba0 (0x002d76b3) x13 0x0000000c
core   0: 0x80002ba4 (0x71cdbc93) sltiu   s9, s11, 1820
core   0: 3 0x80002ba4 (0x71cdbc93) x25 0x00000000
core   0: 0x80002ba8 (0x021beeb3) rem     t4, s7, ra
core   0: 3 0x80002ba8 (0x021beeb3) x29 0xffffe11d
core   0: 0x80002bac (0x025cf833) remu    a6, s9, t0
core   0: 3 0x80002bac (0x025cf833) x16 0x00000000
core   0: 0x80002bb0 (0x006efd63) bgeu    t4, t1, pc + 26
core   0: 3 0x80002bb0 (0x006efd63)
core   0: 0x80002bca (0xa0d3be93) sltiu   t4, t2, -1523
core   0: 3 0x80002bca (0xa0d3be93) x29 0x00000000
core   0: 0x80002bce (0x01af08b3) add     a7, t5, s10
core   0: 3 0x80002bce (0x01af08b3) x17 0x0000001d
core   0: 0x80002bd2 (0x2a78ae93) slti    t4, a7, 679
core   0: 3 0x80002bd2 (0x2a78ae93) x29 0x00000001
core   0: 0x80002bd6 (0x01df9d93) slli    s11, t6, 29
core   0: 3 0x80002bd6 (0x01df9d93) x27 0x80000000
core   0: 0x80002bda (0x00008d51) c.or    a0, a2
core   0: 3 0x80002bda (0x8d51) x10 0x0000001c
core   0: 0x80002bdc (0x00008fcd) c.or    a5, a1
core   0: 3 0x80002bdc (0x8fcd) x15 0xfffffffe
core   0: 0x80002bde (0x0000cf1d) c.beqz  a4, pc + 62
core   0: 3 0x80002bde (0xcf1d)
core   0: 0x80002c1c (0x0ff0000f) fence   iorw,iorw
core   0: 3 0x80002c1c (0x0ff0000f)
core   0: 0x80002c20 (0x02774eb3) div     t4, a4, t2
core   0: 3 0x80002c20 (0x02774eb3) x29 0x00000000
core   0: 0x80002c24 (0x03e74333) div     t1, a4, t5
core   0: 3 0x80002c24 (0x03e74333) x 6 0x00000000
core   0: 0x80002c28 (0x0ff0000f) fence   iorw,iorw
core   0: 3 0x80002c28 (0x0ff0000f)
core   0: 0x80002c2c (0x02e0b5b3) mulhu   a1, ra, a4
core   0: 3 0x80002c2c (0x02e0b5b3) x11 0x00000000
core   0: 0x80002c30 (0x00f34f63) blt     t1, a5, pc + 30
core   0: 3 0x80002c30 (0x00f34f63)
core   0: 0x80002c34 (0x0379c1b3) div     gp, s3, s7
core   0: 3 0x80002c34 (0x0379c1b3) x 3 0x0001b74b
core   0: 0x80002c38 (0x41a95e93) srai    t4, s2, 26
core   0: 3 0x80002c38 (0x41a95e93) x29 0x0000001d
core   0: 0x80002c3c (0x00a1d613) srli    a2, gp, 10
core   0: 3 0x80002c3c (0x00a1d613) x12 0x0000006d
core   0: 0x80002c40 (0x7a913a97) auipc   s5, 0x7a913
core   0: 3 0x80002c40 (0x7a913a97) x21 0xfa915c40
core   0: 0x80002c44 (0x03617633) remu    a2, sp, s6
core   0: 3 0x80002c44 (0x03617633) x12 0x0000000c
core   0: 0x80002c48 (0x00000a26) c.slli  s4, 9
core   0: 3 0x80002c48 (0x0a26) x20 0x03c3dc00
core   0: 0x80002c4a (0x8f48d417) auipc   s0, 0x8f48d
core   0: 3 0x80002c4a (0x8f48d417) x 8 0x0f48fc4a
core   0: 0x80002c4e (0x018e6b63) bltu    t3, s8, pc + 22
core   0: 3 0x80002c4e (0x018e6b63)
core   0: 0x80002c52 (0x0280c733) div     a4, ra, s0
core   0: 3 0x80002c52 (0x0280c733) x14 0x00000000
core   0: 0x80002c56 (0x00008cf2) c.mv    s9, t3
core   0: 3 0x80002c56 (0x8cf2) x25 0x00000000
core   0: 0x80002c58 (0x019d0533) add     a0, s10, s9
core   0: 3 0x80002c58 (0x019d0533) x10 0x0000001c
core   0: 0x80002c5c (0x02c54533) div     a0, a0, a2
core   0: 3 0x80002c5c (0x02c54533) x10 0x00000002
core   0: 0x80002c60 (0x00c70463) beq     a4, a2, pc + 8
core   0: 3 0x80002c60 (0x00c70463)
core   0: 0x80002c64 (0x02e9e7b3) rem     a5, s3, a4
core   0: 3 0x80002c64 (0x02e9e7b3) x15 0xcaffab92
core   0: 0x80002c68 (0x031cb533) mulhu   a0, s9, a7
core   0: 3 0x80002c68 (0x031cb533) x10 0x00000000
core   0: 0x80002c6c (0x000019fd) c.addi  s3, -1
core   0: 3 0x80002c6c (0x19fd) x19 0xcaffab91
core   0: 0x80002c6e (0x00008eae) c.mv    t4, a1
core   0: 3 0x80002c6e (0x8eae) x29 0x00000000
core   0: 0x80002c70 (0x01e701b3) add     gp, a4, t5
core   0: 3 0x80002c70 (0x01e701b3) x 3 0x00000001
core   0: 0x80002c74 (0x055fd063) bge     t6, s5, pc + 64
core   0: 3 0x80002c74 (0x055fd063)
core   0: 0x80002cb4 (0x01380e63) beq     a6, s3, pc + 28
core   0: 3 0x80002cb4 (0x01380e63)
core   0: 0x80002cb8 (0x0000c209) c.beqz  a2, pc + 2
core   0: 3 0x80002cb8 (0xc209)
core   0: 0x80002cba (0x6eaef413) andi    s0, t4, 1770
core   0: 3 0x80002cba (0x6eaef413) x 8 0x00000000
core   0: 0x80002cbe (0x022cf533) remu    a0, s9, sp
core   0: 3 0x80002cbe (0x022cf533) x10 0x00000000
core   0: 0x80002cc2 (0xf161e797) auipc   a5, 0xf161e
core   0: 3 0x80002cc2 (0xf161e797) x15 0x71620cc2
core   0: 0x80002cc6 (0x00009a3a) c.add   s4, a4
core   0: 3 0x80002cc6 (0x9a3a) x20 0x03c3dc00
core   0: 0x80002cc8 (0x01de6033) or      zero, t3, t4
core   0: 3 0x80002cc8 (0x01de6033)
core   0: 0x80002ccc (0xf35ec993) xori    s3, t4, -203
core   0: 3 0x80002ccc (0xf35ec993) x19 0xffffff35
core   0: 0x80002cd0 (0xb71ce913) ori     s2, s9, -1167
core   0: 3 0x80002cd0 (0xb71ce913) x18 0xfffffb71
core   0: 0x80002cd4 (0x40f0dab3) sra     s5, ra, a5
core   0: 3 0x80002cd4 (0x40f0dab3) x21 0x00007800
core   0: 0x80002cd8 (0x4014d933) sra     s2, s1, ra
core   0: 3 0x80002cd8 (0x4014d933) x18 0x00000002
core   0: 0x80002cdc (0xf94fb613) sltiu   a2, t6, -108
core   0: 3 0x80002cdc (0xf94fb613) x12 0x00000001
core   0: 0x80002ce0 (0x0000909e) c.add   ra, t2
core   0: 3 0x80002ce0 (0x909e) x 1 0x0001dff5
core   0: 0x80002ce2 (0x00864c63) blt     a2, s0, pc + 24
core   0: 3 0x80002ce2 (0x00864c63)
core   0: 0x80002ce6 (0x000080e9) c.srli  s1, 26
core   0: 3 0x80002ce6 (0x80e9) x 9 0x00000000
core   0: 0x80002ce8 (0x015d67b3) or      a5, s10, s5
core   0: 3 0x80002ce8 (0x015d67b3) x15 0x0000781c
core   0: 0x80002cec (0x000095a2) c.add   a1, s0
core   0: 3 0x80002cec (0x95a2) x11 0x00000000
core   0: 0x80002cee (0x00008c89) c.sub   s1, a0
core   0: 3 0x80002cee (0x8c89) x 9 0x00000000
core   0: 0x80002cf0 (0x035d4033) div     zero, s10, s5
core   0: 3 0x80002cf0 (0x035d4033)
core   0: 0x80002cf4 (0x00008f35) c.xor   a4, a3
core   0: 3 0x80002cf4 (0x8f35) x14 0x0000000c
core   0: 0x80002cf6 (0x01986bb3) or      s7, a6, s9
core   0: 3 0x80002cf6 (0x01986bb3) x23 0x00000000
core   0: 0x80002cfa (0x02149fb3) mulh    t6, s1, ra
core   0: 3 0x80002cfa (0x02149fb3) x31 0x00000000
core   0: 0x80002cfe (0x0000c21d) c.beqz  a2, pc + 38
core   0: 3 0x80002cfe (0xc21d)
core   0: 0x80002d00 (0x150239b7) lui     s3, 0x15023
core   0: 3 0x80002d00 (0x150239b7) x19 0x15023000
core   0: 0x80002d04 (0x021256b3) divu    a3, tp, ra
core   0: 3 0x80002d04 (0x021256b3) x13 0x00004447
core   0: 0x80002d08 (0x03ed7b33) remu    s6, s10, t5
core   0: 3 0x80002d08 (0x03ed7b33) x22 0x00000000
core   0: 0x80002d0c (0x0201f9b3) remu    s3, gp, zero
core   0: 3 0x80002d0c (0x0201f9b3) x19 0x00000001
core   0: 0x80002d10 (0x0244bf33) mulhu   t5, s1, tp
core   0: 3 0x80002d10 (0x0244bf33) x30 0x00000000
core   0: 0x80002d14 (0x81ff3193) sltiu   gp, t5, -2017
core   0: 3 0x80002d14 (0x81ff3193) x 3 0x00000001
core   0: 0x80002d18 (0x002e4f63) blt     t3, sp, pc + 30
core   0: 3 0x80002d18 (0x002e4f63)
core   0: 0x80002d36 (0x023493b3) mulh    t2, s1, gp
core   0: 3 0x80002d36 (0x023493b3) x 7 0x00000000
core   0: 0x80002d3a (0xcc0a8637) lui     a2, 0xcc0a8
core   0: 3 0x80002d3a (0xcc0a8637) x12 0xcc0a8000
core   0: 0x80002d3e (0x0310eb63) bltu    ra, a7, pc + 54
core   0: 3 0x80002d3e (0x0310eb63)
core   0: 0x80002d42 (0x0000c511) c.beqz  a0, pc + 12
core   0: 3 0x80002d42 (0xc511)
core   0: 0x80002d4e (0x2ccb2193) slti    gp, s6, 716
core   0: 3 0x80002d4e (0x2ccb2193) x 3 0x00000001
core   0: 0x80002d52 (0x00fceeb3) or      t4, s9, a5
core   0: 3 0x80002d52 (0x00fceeb3) x29 0x0000781c
core   0: 0x80002d56 (0x000007fe) c.slli  a5, 31
core   0: 3 0x80002d56 (0x07fe) x15 0x00000000
core   0: 0x80002d58 (0x019cb5b3) sltu    a1, s9, s9
core   0: 3 0x80002d58 (0x019cb5b3) x11 0x00000000
core   0: 0x80002d5c (0x0243d6b3) divu    a3, t2, tp
core   0: 3 0x80002d5c (0x0243d6b3) x13 0x00000000
core   0: 0x80002d60 (0x00008f39) c.xor   a4, a4
core   0: 3 0x80002d60 (0x8f39) x14 0x00000000
core   0: 0x80002d62 (0x41055013) srai    zero, a0, 16
core   0: 3 0x80002d62 (0x41055013)
core   0: 0x80002d66 (0x00008d09) c.sub   a0, a0
core   0: 3 0x80002d66 (0x8d09) x10 0x00000000
core   0: 0x80002d68 (0x014c6733) or      a4, s8, s4
core   0: 3 0x80002d68 (0x014c6733) x14 0x03c3dc00
core   0: 0x80002d6c (0x014d7db3) and     s11, s10, s4
core   0: 3 0x80002d6c (0x014d7db3) x27 0x00000000
core   0: 0x80002d70 (0x2dd2c593) xori    a1, t0, 733
core   0: 3 0x80002d70 (0x2dd2c593) x11 0x80022cb9
core   0: 0x80002d74 (0x00e193b3) sll     t2, gp, a4
core   0: 3 0x80002d74 (0x00e193b3) x 7 0x00000001
core   0: 0x80002d78 (0xa316d0b7) lui     ra, 0xa316d
core   0: 3 0x80002d78 (0xa316d0b7) x 1 0xa316d000
core   0: 0x80002d7c (0x024fc633) div     a2, t6, tp
core   0: 3 0x80002d7c (0x024fc633) x12 0x00000000
core   0: 0x80002d80 (0x00008e4d) c.or    a2, a1
core   0: 3 0x80002d80 (0x8e4d) x12 0x80022cb9
core   0: 0x80002d82 (0x03641333) mulh    t1, s0, s6
core   0: 3 0x80002d82 (0x03641333) x 6 0x00000000
core   0: 0x80002d86 (0x02e16bb3) rem     s7, sp, a4
core   0: 3 0x80002d86 (0x02e16bb3) x23 0x0000000c
core   0: 0x80002d8a (0x00000001) c.nop
core   0: 3 0x80002d8a (0x0001)
core   0: 0x80002d8c (0x00560833) add     a6, a2, t0
core   0: 3 0x80002d8c (0x00560833) x16 0x00045b1d
core   0: 0x80002d90 (0x02d08bb3) mul     s7, ra, a3
core   0: 3 0x80002d90 (0x02d08bb3) x23 0x00000000
core   0: 0x80002d94 (0x00008696) c.mv    a3, t0
core   0: 3 0x80002d94 (0x8696) x13 0x80022e64
core   0: 0x80002d96 (0x00008c41) c.or    s0, s0
core   0: 3 0x80002d96 (0x8c41) x 8 0x00000000
core   0: 0x80002d98 (0x03a03d33) mulhu   s10, zero, s10
core   0: 3 0x80002d98 (0x03a03d33) x26 0x00000000
core   0: 0x80002d9c (0x00004e95) c.li    t4, 5
core   0: 3 0x80002d9c (0x4e95) x29 0x00000005
core   0: 0x80002d9e (0x00008a19) c.andi  a2, 6
core   0: 3 0x80002d9e (0x8a19) x12 0x00000000
core   0: 0x80002da0 (0xd59fb3b7) lui     t2, 0xd59fb
core   0: 3 0x80002da0 (0xd59fb3b7) x 7 0xd59fb000
core   0: 0x80002da4 (0x01b4c933) xor     s2, s1, s11
core   0: 3 0x80002da4 (0x01b4c933) x18 0x00000000
core   0: 0x80002da8 (0x03dd8033) mul     zero, s11, t4
core   0: 3 0x80002da8 (0x03dd8033)
core   0: 0x80002dac (0x7cfa2313) slti    t1, s4, 1999
core   0: 3 0x80002dac (0x7cfa2313) x 6 0x00000000
core   0: 0x80002db0 (0xb77bc397) auipc   t2, 0xb77bc
core   0: 3 0x80002db0 (0xb77bc397) x 7 0x377bedb0
core   0: 0x80002db4 (0x00008d71) c.and   a0, a2
core   0: 3 0x80002db4 (0x8d71) x10 0x00000000
core   0: 0x80002db6 (0x03b48ab3) mul     s5, s1, s11
core   0: 3 0x80002db6 (0x03b48ab3) x21 0x00000000
core   0: 0x80002dba (0x04350c93) addi    s9, a0, 67
core   0: 3 0x80002dba (0x04350c93) x25 0x00000043
core   0: 0x80002dbe (0x400dd033) sra     zero, s11, zero
core   0: 3 0x80002dbe (0x400dd033)
core   0: 0x80002dc2 (0x034c1db3) mulh    s11, s8, s4
core   0: 3 0x80002dc2 (0x034c1db3) x27 0x00000000
core   0: 0x80002dc6 (0x000050fd) c.li    ra, -1
core   0: 3 0x80002dc6 (0x50fd) x 1 0xffffffff
core   0: 0x80002dc8 (0x03ba6e33) rem     t3, s4, s11
core   0: 3 0x80002dc8 (0x03ba6e33) x28 0x03c3dc00
core   0: 0x80002dcc (0x0250cb63) blt     ra, t0, pc + 54
core   0: 3 0x80002dcc (0x0250cb63)
core   0: 0x80002dd0 (0x00008ff1) c.and   a5, a2
core   0: 3 0x80002dd0 (0x8ff1) x15 0x00000000
core   0: 0x80002dd2 (0x00008d61) c.and   a0, s0
core   0: 3 0x80002dd2 (0x8d61) x10 0x00000000
core   0: 0x80002dd4 (0x037b6433) rem     s0, s6, s7
core   0: 3 0x80002dd4 (0x037b6433) x 8 0x00000000
core   0: 0x80002dd8 (0xe5664b17) auipc   s6, 0xe5664
core   0: 3 0x80002dd8 (0xe5664b17) x22 0x65666dd8
core   0: 0x80002ddc (0x0000100f) fence.i
core   0: 3 0x80002ddc (0x0000100f)
core   0: 0x80002de0 (0x00000001) c.nop
core   0: 3 0x80002de0 (0x0001)
core   0: 0x80002de2 (0x00005afd) c.li    s5, -1
core   0: 3 0x80002de2 (0x5afd) x21 0xffffffff
core   0: 0x80002de4 (0x02050b33) mul     s6, a0, zero
core   0: 3 0x80002de4 (0x02050b33) x22 0x00000000
core   0: 0x80002de8 (0x00709713) slli    a4, ra, 7
core   0: 3 0x80002de8 (0x00709713) x14 0xffffff80
core   0: 0x80002dec (0x01dcdb63) bge     s9, t4, pc + 22
core   0: 3 0x80002dec (0x01dcdb63)
core   0: 0x80002e02 (0x0000100f) fence.i
core   0: 3 0x80002e02 (0x0000100f)
core   0: 0x80002e06 (0x030f4fb3) div     t6, t5, a6
core   0: 3 0x80002e06 (0x030f4fb3) x31 0x00000000
core   0: 0x80002e0a (0x40fd5c33) sra     s8, s10, a5
core   0: 3 0x80002e0a (0x40fd5c33) x24 0x00000000
core   0: 0x80002e0e (0x41a35393) srai    t2, t1, 26
core   0: 3 0x80002e0e (0x41a35393) x 7 0x00000000
core   0: 0x80002e12 (0x0000ed15) c.bnez  a0, pc + 60
core   0: 3 0x80002e12 (0xed15)
core   0: 0x80002e14 (0x23e1ea13) ori     s4, gp, 574
core   0: 3 0x80002e14 (0x23e1ea13) x20 0x0000023f
core   0: 0x80002e18 (0x02b6ff63) bgeu    a3, a1, pc + 62
core   0: 3 0x80002e18 (0x02b6ff63)
core   0: 0x80002e56 (0x03ecd433) divu    s0, s9, t5
core   0: 3 0x80002e56 (0x03ecd433) x 8 0xffffffff
core   0: 0x80002e5a (0x0000100f) fence.i
core   0: 3 0x80002e5a (0x0000100f)
core   0: 0x80002e5e (0x402c5eb3) sra     t4, s8, sp
core   0: 3 0x80002e5e (0x402c5eb3) x29 0x00000000
core   0: 0x80002e62 (0x003f29b3) slt     s3, t5, gp
core   0: 3 0x80002e62 (0x003f29b3) x19 0x00000001
core   0: 0x80002e66 (0x00b058b3) srl     a7, zero, a1
core   0: 3 0x80002e66 (0x00b058b3) x17 0x00000000
core   0: 0x80002e6a (0x03ac0d63) beq     s8, s10, pc + 58
core   0: 3 0x80002e6a (0x03ac0d63)
core   0: 0x80002ea4 (0x01dc3333) sltu    t1, s8, t4
core   0: 3 0x80002ea4 (0x01dc3333) x 6 0x00000000
core   0: 0x80002ea8 (0x02ae29b3) mulhsu  s3, t3, a0
core   0: 3 0x80002ea8 (0x02ae29b3) x19 0x00000000
core   0: 0x80002eac (0x16595617) auipc   a2, 0x16595
core   0: 3 0x80002eac (0x16595617) x12 0x96597eac
core   0: 0x80002eb0 (0x0000e339) c.bnez  a4, pc + 70
core   0: 3 0x80002eb0 (0xe339)
core   0: 0x80002ef6 (0x00000549) c.addi  a0, 18
core   0: 3 0x80002ef6 (0x0549) x10 0x00000012
core   0: 0x80002ef8 (0x01b93bb3) sltu    s7, s2, s11
core   0: 3 0x80002ef8 (0x01b93bb3) x23 0x00000000
core   0: 0x80002efc (0x0216b4b3) mulhu   s1, a3, ra
core   0: 3 0x80002efc (0x0216b4b3) x 9 0x80022e63
core   0: 0x80002f00 (0x1da25d37) lui     s10, 0x1da25
core   0: 3 0x80002f00 (0x1da25d37) x26 0x1da25000
core   0: 0x80002f04 (0x00f039b3) snez    s3, a5
core   0: 3 0x80002f04 (0x00f039b3) x19 0x00000000
core   0: 0x80002f08 (0x0052cbb3) xor     s7, t0, t0
core   0: 3 0x80002f08 (0x0052cbb3) x23 0x00000000
core   0: 0x80002f0c (0x01f99f93) slli    t6, s3, 31
core   0: 3 0x80002f0c (0x01f99f93) x31 0x00000000
core   0: 0x80002f10 (0x45b4f913) andi    s2, s1, 1115
core   0: 3 0x80002f10 (0x45b4f913) x18 0x00000443
core   0: 0x80002f14 (0x00aa4463) blt     s4, a0, pc + 8
core   0: 3 0x80002f14 (0x00aa4463)
core   0: 0x80002f18 (0x03712633) mulhsu  a2, sp, s7
core   0: 3 0x80002f18 (0x03712633) x12 0x00000000
core   0: 0x80002f1c (0x02fc3e33) mulhu   t3, s8, a5
core   0: 3 0x80002f1c (0x02fc3e33) x28 0x00000000
core   0: 0x80002f20 (0xf0e42f37) lui     t5, 0xf0e42
core   0: 3 0x80002f20 (0xf0e42f37) x30 0xf0e42000
core   0: 0x80002f24 (0x023f0663) beq     t5, gp, pc + 44
core   0: 3 0x80002f24 (0x023f0663)
core   0: 0x80002f28 (0x04f27163) bgeu    tp, a5, pc + 66
core   0: 3 0x80002f28 (0x04f27163)
core   0: 0x80002f6a (0x00008f39) c.xor   a4, a4
core   0: 3 0x80002f6a (0x8f39) x14 0x00000000
core   0: 0x80002f6c (0x00008fc5) c.or    a5, s1
core   0: 3 0x80002f6c (0x8fc5) x15 0x80022e63
core   0: 0x80002f6e (0x036e3433) mulhu   s0, t3, s6
core   0: 3 0x80002f6e (0x036e3433) x 8 0x00000000
core   0: 0x80002f72 (0x02c49433) mulh    s0, s1, a2
core   0: 3 0x80002f72 (0x02c49433) x 8 0x00000000
core   0: 0x80002f76 (0x000083fd) c.srli  a5, 31
core   0: 3 0x80002f76 (0x83fd) x15 0x00000001
core   0: 0x80002f78 (0x007c0e63) beq     s8, t2, pc + 28
core   0: 3 0x80002f78 (0x007c0e63)
core   0: 0x80002f94 (0x0000cb09) c.beqz  a4, pc + 18
core   0: 3 0x80002f94 (0xcb09)
core   0: 0x80002fa6 (0x015efbb3) and     s7, t4, s5
core   0: 3 0x80002fa6 (0x015efbb3) x23 0x00000000
core   0: 0x80002faa (0x013d9ab3) sll     s5, s11, s3
core   0: 3 0x80002faa (0x013d9ab3) x21 0x00000000
core   0: 0x80002fae (0x7e08f913) andi    s2, a7, 2016
core   0: 3 0x80002fae (0x7e08f913) x18 0x00000000
core   0: 0x80002fb2 (0x00e51813) slli    a6, a0, 14
core   0: 3 0x80002fb2 (0x00e51813) x16 0x00048000
core   0: 0x80002fb6 (0x00008785) c.srai  a5, 1
core   0: 3 0x80002fb6 (0x8785) x15 0x00000000
core   0: 0x80002fb8 (0x056c0063) beq     s8, s6, pc + 64
core   0: 3 0x80002fb8 (0x056c0063)
core   0: 0x80002ff8 (0x015e5793) srli    a5, t3, 21
core   0: 3 0x80002ff8 (0x015e5793) x15 0x00000000
core   0: 0x80002ffc (0x01ad2db3) slt     s11, s10, s10
core   0: 3 0x80002ffc (0x01ad2db3) x27 0x00000000
core   0: 0x80003000 (0x0000e715) c.bnez  a4, pc + 44
core   0: 3 0x80003000 (0xe715)
core   0: 0x80003002 (0x00009416) c.add   s0, t0
core   0: 3 0x80003002 (0x9416) x 8 0x80022e64
core   0: 0x80003004 (0x00009e6e) c.add   t3, s11
core   0: 3 0x80003004 (0x9e6e) x28 0x00000000
core   0: 0x80003006 (0x02f023b3) mulhsu  t2, zero, a5
core   0: 3 0x80003006 (0x02f023b3) x 7 0x00000000
core   0: 0x8000300a (0x00b0d693) srli    a3, ra, 11
core   0: 3 0x8000300a (0x00b0d693) x13 0x001fffff
core   0: 0x8000300e (0x02e4bd33) mulhu   s10, s1, a4
core   0: 3 0x8000300e (0x02e4bd33) x26 0x00000000
core   0: 0x80003012 (0x000013fd) c.addi  t2, -1
core   0: 3 0x80003012 (0x13fd) x 7 0xffffffff
core   0: 0x80003014 (0x003a8cb3) add     s9, s5, gp
core   0: 3 0x80003014 (0x003a8cb3) x25 0x00000001
core   0: 0x80003018 (0x00000fe2) c.slli  t6, 24
core   0: 3 0x80003018 (0x0fe2) x31 0x00000000
core   0: 0x8000301a (0x00008f81) c.sub   a5, s0
core   0: 3 0x8000301a (0x8f81) x15 0x7ffdd19c
core   0: 0x8000301c (0x000087ca) c.mv    a5, s2
core   0: 3 0x8000301c (0x87ca) x15 0x00000000
core   0: 0x8000301e (0x0010d9b3) srl     s3, ra, ra
core   0: 3 0x8000301e (0x0010d9b3) x19 0x00000001
core   0: 0x80003022 (0x000011fd) c.addi  gp, -1
core   0: 3 0x80003022 (0x11fd) x 3 0x00000000
core   0: 0x80003024 (0xf2947b93) andi    s7, s0, -215
core   0: 3 0x80003024 (0xf2947b93) x23 0x80022e20
core   0: 0x80003028 (0x0000997d) c.andi  a0, -1
core   0: 3 0x80003028 (0x997d) x10 0x00000012
core   0: 0x8000302a (0x0000ed89) c.bnez  a1, pc + 26
core   0: 3 0x8000302a (0xed89)
core   0: 0x80003044 (0x00a02e33) slt     t3, zero, a0
core   0: 3 0x80003044 (0x00a02e33) x28 0x00000001
core   0: 0x80003048 (0x03d44463) blt     s0, t4, pc + 40
core   0: 3 0x80003048 (0x03d44463)
core   0: 0x80003070 (0x02cfc333) div     t1, t6, a2
core   0: 3 0x80003070 (0x02cfc333) x 6 0xffffffff
core   0: 0x80003074 (0x0000c139) c.beqz  a0, pc + 70
core   0: 3 0x80003074 (0xc139)
core   0: 0x80003076 (0x00e53bb3) sltu    s7, a0, a4
core   0: 3 0x80003076 (0x00e53bb3) x23 0x00000000
core   0: 0x8000307a (0x01115733) srl     a4, sp, a7
core   0: 3 0x8000307a (0x01115733) x14 0x0000000c
core   0: 0x8000307e (0x01794c63) blt     s2, s7, pc + 24
core   0: 3 0x8000307e (0x01794c63)
core   0: 0x80003082 (0x01663833) sltu    a6, a2, s6
core   0: 3 0x80003082 (0x01663833) x16 0x00000000
core   0: 0x80003086 (0x0ff0000f) fence   iorw,iorw
core   0: 3 0x80003086 (0x0ff0000f)
core   0: 0x8000308a (0x038c5a33) divu    s4, s8, s8
core   0: 3 0x8000308a (0x038c5a33) x20 0xffffffff
core   0: 0x8000308e (0x018a1033) sll     zero, s4, s8
core   0: 3 0x8000308e (0x018a1033)
core   0: 0x80003092 (0xc23b0993) addi    s3, s6, -989
core   0: 3 0x80003092 (0xc23b0993) x19 0xfffffc23
core   0: 0x80003096 (0x34eaa497) auipc   s1, 0x34eaa
core   0: 3 0x80003096 (0x34eaa497) x 9 0xb4ead096
core   0: 0x8000309a (0x015b9c33) sll     s8, s7, s5
core   0: 3 0x8000309a (0x015b9c33) x24 0x00000000
core   0: 0x8000309e (0x0086df93) srli    t6, a3, 8
core   0: 3 0x8000309e (0x0086df93) x31 0x00001fff
core   0: 0x800030a2 (0x03014733) div     a4, sp, a6
core   0: 3 0x800030a2 (0x03014733) x14 0xffffffff
core   0: 0x800030a6 (0x0000878d) c.srai  a5, 3
core   0: 3 0x800030a6 (0x878d) x15 0x00000000
core   0: 0x800030a8 (0x01718e33) add     t3, gp, s7
core   0: 3 0x800030a8 (0x01718e33) x28 0x00000000
core   0: 0x800030ac (0xfd68ac13) slti    s8, a7, -42
core   0: 3 0x800030ac (0xfd68ac13) x24 0x00000000
core   0: 0x800030b0 (0x03fe7f33) remu    t5, t3, t6
core   0: 3 0x800030b0 (0x03fe7f33) x30 0x00000000
core   0: 0x800030b4 (0x01e133b3) sltu    t2, sp, t5
core   0: 3 0x800030b4 (0x01e133b3) x 7 0x00000000
core   0: 0x800030b8 (0x00008961) c.andi  a0, 24
core   0: 3 0x800030b8 (0x8961) x10 0x00000010
core   0: 0x800030ba (0x01df4b63) blt     t5, t4, pc + 22
core   0: 3 0x800030ba (0x01df4b63)
core   0: 0x800030be (0x0000829d) c.srli  a3, 7
core   0: 3 0x800030be (0x829d) x13 0x00003fff
core   0: 0x800030c0 (0x4ccb7793) andi    a5, s6, 1228
core   0: 3 0x800030c0 (0x4ccb7793) x15 0x00000000
core   0: 0x800030c4 (0x0008f533) and     a0, a7, zero
core   0: 3 0x800030c4 (0x0008f533) x10 0x00000000
core   0: 0x800030c8 (0x0149e263) bltu    s3, s4, pc + 4
core   0: 3 0x800030c8 (0x0149e263)
core   0: 0x800030cc (0x00008e5d) c.or    a2, a5
core   0: 3 0x800030cc (0x8e5d) x12 0x00000000
core   0: 0x800030ce (0x00008c2d) c.xor   s0, a1
core   0: 3 0x800030ce (0x8c2d) x 8 0x000002dd
core   0: 0x800030d0 (0x00009c66) c.add   s8, s9
core   0: 3 0x800030d0 (0x9c66) x24 0x00000001
core   0: 0x800030d2 (0x0301cfb3) div     t6, gp, a6
core   0: 3 0x800030d2 (0x0301cfb3) x31 0xffffffff
core   0: 0x800030d6 (0x00684863) blt     a6, t1, pc + 16
core   0: 3 0x800030d6 (0x00684863)
core   0: 0x800030da (0x00008f8d) c.sub   a5, a1
core   0: 3 0x800030da (0x8f8d) x15 0x7ffdd347
core   0: 0x800030dc (0x409a05b3) sub     a1, s4, s1
core   0: 3 0x800030dc (0x409a05b3) x11 0x4b152f69
core   0: 0x800030e0 (0x0000e895) c.bnez  s1, pc + 52
core   0: 3 0x800030e0 (0xe895)
core   0: 0x80003114 (0x03115533) divu    a0, sp, a7
core   0: 3 0x80003114 (0x03115533) x10 0xffffffff
core   0: 0x80003118 (0x0ff0000f) fence   iorw,iorw
core   0: 3 0x80003118 (0x0ff0000f)
core   0: 0x8000311c (0x00001afd) c.addi  s5, -1
core   0: 3 0x8000311c (0x1afd) x21 0xffffffff
core   0: 0x8000311e (0x020580b3) mul     ra, a1, zero
core   0: 3 0x8000311e (0x020580b3) x 1 0x00000000
core   0: 0x80003122 (0x00177033) and     zero, a4, ra
core   0: 3 0x80003122 (0x00177033)
core   0: 0x80003126 (0x0010c263) blt     ra, ra, pc + 4
core   0: 3 0x80003126 (0x0010c263)
core   0: 0x8000312a (0x087fbd93) sltiu   s11, t6, 135
core   0: 3 0x8000312a (0x087fbd93) x27 0x00000000
core   0: 0x8000312e (0x4152d7b3) sra     a5, t0, s5
core   0: 3 0x8000312e (0x4152d7b3) x15 0xffffffff
core   0: 0x80003132 (0x0000e699) c.bnez  a3, pc + 14
core   0: 3 0x80003132 (0xe699)
core   0: 0x80003140 (0x00008ccd) c.or    s1, a1
core   0: 3 0x80003140 (0x8ccd) x 9 0xffffffff
core   0: 0x80003142 (0x00c1d813) srli    a6, gp, 12
core   0: 3 0x80003142 (0x00c1d813) x16 0x00000000
core   0: 0x80003146 (0x000099fd) c.andi  a1, -1
core   0: 3 0x80003146 (0x99fd) x11 0x4b152f69
core   0: 0x80003148 (0x1c23a313) slti    t1, t2, 450
core   0: 3 0x80003148 (0x1c23a313) x 6 0x00000001
core   0: 0x8000314c (0x00000001) c.nop
core   0: 3 0x8000314c (0x0001)
core   0: 0x8000314e (0x10532093) slti    ra, t1, 261
core   0: 3 0x8000314e (0x10532093) x 1 0x00000001
core   0: 0x80003152 (0x001767b3) or      a5, a4, ra
core   0: 3 0x80003152 (0x001767b3) x15 0xffffffff
core   0: 0x80003156 (0x00f1e533) or      a0, gp, a5
core   0: 3 0x80003156 (0x00f1e533) x10 0xffffffff
core   0: 0x8000315a (0x01667633) and     a2, a2, s6
core   0: 3 0x8000315a (0x01667633) x12 0x00000000
core   0: 0x8000315e (0xa3504893) xori    a7, zero, -1483
core   0: 3 0x8000315e (0xa3504893) x17 0xfffffa35
core   0: 0x80003162 (0x00008d39) c.xor   a0, a4
core   0: 3 0x80003162 (0x8d39) x10 0x00000000
core   0: 0x80003164 (0x00008e6d) c.and   a2, a1
core   0: 3 0x80003164 (0x8e6d) x12 0x00000000
core   0: 0x80003166 (0x00008d85) c.sub   a1, s1
core   0: 3 0x80003166 (0x8d85) x11 0x4b152f6a
core   0: 0x80003168 (0x0aa44163) blt     s0, a0, pc + 162
core   0: 3 0x80003168 (0x0aa44163)
core   0: 0x8000316c (0x2dc47393) andi    t2, s0, 732
core   0: 3 0x8000316c (0x2dc47393) x 7 0x000002dc
core   0: 0x80003170 (0x009ba613) slti    a2, s7, 9
core   0: 3 0x80003170 (0x009ba613) x12 0x00000001
core   0: 0x80003174 (0x034b4e33) div     t3, s6, s4
core   0: 3 0x80003174 (0x034b4e33) x28 0x00000000
core   0: 0x80003178 (0x0251ee33) rem     t3, gp, t0
core   0: 3 0x80003178 (0x0251ee33) x28 0x00000000
core   0: 0x8000317c (0x00008c05) c.sub   s0, s1
core   0: 3 0x8000317c (0x8c05) x 8 0x000002de
core   0: 0x8000317e (0x0000a517) auipc   a0, 0xa
core   0: 3 0x8000317e (0x0000a517) x10 0x8000d17e
core   0: 0x80003182 (0x19250513) addi    a0, a0, 402
core   0: 3 0x80003182 (0x19250513) x10 0x8000d310
core   0: 0x80003186 (0x027fecb3) rem     s9, t6, t2
core   0: 3 0x80003186 (0x027fecb3) x25 0xffffffff
core   0: 0x8000318a (0xff251d23) sh      s2, -6(a0)
core   0: 3 0x8000318a (0xff251d23) mem 0x8000d30a 0x0000
core   0: 0x8000318e (0x00008f29) c.xor   a4, a0
core   0: 3 0x8000318e (0x8f29) x14 0x7fff2cef
core   0: 0x80003190 (0x005507a3) sb      t0, 15(a0)
core   0: 3 0x80003190 (0x005507a3) mem 0x8000d31f 0x64
core   0: 0x80003194 (0x01a216b3) sll     a3, tp, s10
core   0: 3 0x80003194 (0x01a216b3) x13 0x80026ce4
core   0: 0x80003198 (0x012506a3) sb      s2, 13(a0)
core   0: 3 0x80003198 (0x012506a3) mem 0x8000d31d 0x0
core   0: 0x8000319c (0x4c94f893) andi    a7, s1, 1225
core   0: 3 0x8000319c (0x4c94f893) x17 0x000004c9
core   0: 0x800031a0 (0x408606b3) sub     a3, a2, s0
core   0: 3 0x800031a0 (0x408606b3) x13 0xfffffd23
core   0: 0x800031a4 (0x00150223) sb      ra, 4(a0)
core   0: 3 0x800031a4 (0x00150223) mem 0x8000d314 0x1
core   0: 0x800031a8 (0xffd51923) sh      t4, -14(a0)
core   0: 3 0x800031a8 (0xffd51923) mem 0x8000d302 0x0000
core   0: 0x800031ac (0x00008fc1) c.or    a5, s0
core   0: 3 0x800031ac (0x8fc1) x15 0xffffffff
core   0: 0x800031ae (0x00d50b83) lb      s7, 13(a0)
core   0: 3 0x800031ae (0x00d50b83) x23 0x00000000 mem 0x8000d31d
core   0: 0x800031b2 (0xffc50fa3) sb      t3, -1(a0)
core   0: 3 0x800031b2 (0xffc50fa3) mem 0x8000d30f 0x0
core   0: 0x800031b6 (0x1042bc93) sltiu   s9, t0, 260
core   0: 3 0x800031b6 (0x1042bc93) x25 0x00000000
core   0: 0x800031ba (0x000086d1) c.srai  a3, 20
core   0: 3 0x800031ba (0x86d1) x13 0xffffffff
core   0: 0x800031bc (0x00da5813) srli    a6, s4, 13
core   0: 3 0x800031bc (0x00da5813) x16 0x0007ffff
core   0: 0x800031c0 (0x0024fdb3) and     s11, s1, sp
core   0: 3 0x800031c0 (0x0024fdb3) x27 0x0000000c
core   0: 0x800031c4 (0x0000820d) c.srli  a2, 3
core   0: 3 0x800031c4 (0x820d) x12 0x00000000
core   0: 0x800031c6 (0x005d0b33) add     s6, s10, t0
core   0: 3 0x800031c6 (0x005d0b33) x22 0x80022e64
core   0: 0x800031ca (0xff750c03) lb      s8, -9(a0)
core   0: 3 0x800031ca (0xff750c03) x24 0xffffffa9 mem 0x8000d307
core   0: 0x800031ce (0x02e5fe33) remu    t3, a1, a4
core   0: 3 0x800031ce (0x02e5fe33) x28 0x4b152f6a
core   0: 0x800031d2 (0x00008e31) c.xor   a2, a2
core   0: 3 0x800031d2 (0x8e31) x12 0x00000000
core   0: 0x800031d4 (0xfed50ca3) sb      a3, -7(a0)
core   0: 3 0x800031d4 (0xfed50ca3) mem 0x8000d309 0xff
core   0: 0x800031d8 (0x01414bb3) xor     s7, sp, s4
core   0: 3 0x800031d8 (0x01414bb3) x23 0xfffffff3
core   0: 0x800031dc (0x00a50023) sb      a0, 0(a0)
core   0: 3 0x800031dc (0x00a50023) mem 0x8000d310 0x10
core   0: 0x800031e0 (0x03874e33) div     t3, a4, s8
core   0: 3 0x800031e0 (0x03874e33) x28 0xfe875da5
core   0: 0x800031e4 (0x035b1d33) mulh    s10, s6, s5
core   0: 3 0x800031e4 (0x035b1d33) x26 0x00000000
core   0: 0x800031e8 (0x89d56b93) ori     s7, a0, -1891
core   0: 3 0x800031e8 (0x89d56b93) x23 0xfffffb9d
core   0: 0x800031ec (0x6ee3e093) ori     ra, t2, 1774
core   0: 3 0x800031ec (0x6ee3e093) x 1 0x000006fe
core   0: 0x800031f0 (0x04388163) beq     a7, gp, pc + 66
core   0: 3 0x800031f0 (0x04388163)
core   0: 0x800031f4 (0x029509b3) mul     s3, a0, s1
core   0: 3 0x800031f4 (0x029509b3) x19 0x7fff2cf0
core   0: 0x800031f8 (0x00000001) c.nop
core   0: 3 0x800031f8 (0x0001)
core   0: 0x800031fa (0x000087e1) c.srai  a5, 24
core   0: 3 0x800031fa (0x87e1) x15 0xffffffff
core   0: 0x800031fc (0x00000001) c.nop
core   0: 3 0x800031fc (0x0001)
core   0: 0x800031fe (0x00008f7d) c.and   a4, a5
core   0: 3 0x800031fe (0x8f7d) x14 0x7fff2cef
core   0: 0x80003200 (0xb7248a97) auipc   s5, 0xb7248
core   0: 3 0x80003200 (0xb7248a97) x21 0x3724b200
core   0: 0x80003204 (0x000081c9) c.srli  a1, 18
core   0: 3 0x80003204 (0x81c9) x11 0x000012c5
core   0: 0x80003206 (0x02825933) divu    s2, tp, s0
core   0: 3 0x80003206 (0x02825933) x18 0x002ca577
core   0: 0x8000320a (0x02041bb3) mulh    s7, s0, zero
core   0: 3 0x8000320a (0x02041bb3) x23 0x00000000
core   0: 0x8000320e (0x00681793) slli    a5, a6, 6
core   0: 3 0x8000320e (0x00681793) x15 0x01ffffc0
core   0: 0x80003212 (0x0000100f) fence.i
core   0: 3 0x80003212 (0x0000100f)
core   0: 0x80003216 (0xd18a0b93) addi    s7, s4, -744
core   0: 3 0x80003216 (0xd18a0b93) x23 0xfffffd17
core   0: 0x8000321a (0x006b1033) sll     zero, s6, t1
core   0: 3 0x8000321a (0x006b1033)
core   0: 0x8000321e (0x0010a733) slt     a4, ra, ra
core   0: 3 0x8000321e (0x0010a733) x14 0x00000000
core   0: 0x80003222 (0xd10bee93) ori     t4, s7, -752
core   0: 3 0x80003222 (0xd10bee93) x29 0xfffffd17
core   0: 0x80003226 (0x0167e4b3) or      s1, a5, s6
core   0: 3 0x80003226 (0x0167e4b3) x 9 0x81ffffe4
core   0: 0x8000322a (0x00000001) c.nop
core   0: 3 0x8000322a (0x0001)
core   0: 0x8000322c (0x00008ff5) c.and   a5, a3
core   0: 3 0x8000322c (0x8ff5) x15 0x01ffffc0
core   0: 0x8000322e (0x02aadb63) bge     s5, a0, pc + 54
core   0: 3 0x8000322e (0x02aadb63)
core   0: 0x80003264 (0x01f9d263) bge     s3, t6, pc + 4
core   0: 3 0x80003264 (0x01f9d263)
core   0: 0x80003268 (0x00009492) c.add   s1, tp
core   0: 3 0x80003268 (0x9492) x 9 0x02026cc8
core   0: 0x8000326a (0x02abfa63) bgeu    s7, a0, pc + 52
core   0: 3 0x8000326a (0x02abfa63)
core   0: 0x8000329e (0x000058fd) c.li    a7, -1
core   0: 3 0x8000329e (0x58fd) x17 0xffffffff
core   0: 0x800032a0 (0x0220de63) bge     ra, sp, pc + 60
core   0: 3 0x800032a0 (0x0220de63)
core   0: 0x800032dc (0x002a9c33) sll     s8, s5, sp
core   0: 3 0x800032dc (0x002a9c33) x24 0x4b200000
core   0: 0x800032e0 (0x0000ea89) c.bnez  a3, pc + 18
core   0: 3 0x800032e0 (0xea89)
core   0: 0x800032f2 (0x0000ed81) c.bnez  a1, pc + 24
core   0: 3 0x800032f2 (0xed81)
core   0: 0x8000330a (0x02d3f5b3) remu    a1, t2, a3
core   0: 3 0x8000330a (0x02d3f5b3) x11 0x000002dc
core   0: 0x8000330e (0x00c73bb3) sltu    s7, a4, a2
core   0: 3 0x8000330e (0x00c73bb3) x23 0x00000000
core   0: 0x80003312 (0x00008775) c.srai  a4, 29
core   0: 3 0x80003312 (0x8775) x14 0x00000000
core   0: 0x80003314 (0x0000c21d) c.beqz  a2, pc + 38
core   0: 3 0x80003314 (0xc21d)
core   0: 0x8000333a (0x01c083b3) add     t2, ra, t3
core   0: 3 0x8000333a (0x01c083b3) x 7 0xfe8764a3
core   0: 0x8000333e (0x03fb9d33) mulh    s10, s7, t6
core   0: 3 0x8000333e (0x03fb9d33) x26 0x00000000
core   0: 0x80003342 (0x02644163) blt     s0, t1, pc + 34
core   0: 3 0x80003342 (0x02644163)
core   0: 0x80003346 (0x00640d63) beq     s0, t1, pc + 26
core   0: 3 0x80003346 (0x00640d63)
core   0: 0x8000334a (0x02399963) bne     s3, gp, pc + 50
core   0: 3 0x8000334a (0x02399963)
core   0: 0x8000337c (0x01c36963) bltu    t1, t3, pc + 18
core   0: 3 0x8000337c (0x01c36963)
core   0: 0x8000338e (0x0396d433) divu    s0, a3, s9
core   0: 3 0x8000338e (0x0396d433) x 8 0xffffffff
core   0: 0x80003392 (0xa5946897) auipc   a7, 0xa5946
core   0: 3 0x80003392 (0xa5946897) x17 0x25949392
core   0: 0x80003396 (0x00008d2d) c.xor   a0, a1
core   0: 3 0x80003396 (0x8d2d) x10 0x8000d1cc
core   0: 0x80003398 (0x027a0db3) mul     s11, s4, t2
core   0: 3 0x80003398 (0x027a0db3) x27 0x01789b5d
core   0: 0x8000339c (0x01de9813) slli    a6, t4, 29
core   0: 3 0x8000339c (0x01de9813) x16 0xe0000000
core   0: 0x800033a0 (0x0060b9b3) sltu    s3, ra, t1
core   0: 3 0x800033a0 (0x0060b9b3) x19 0x00000000
core   0: 0x800033a4 (0x01cc74b3) and     s1, s8, t3
core   0: 3 0x800033a4 (0x01cc74b3) x 9 0x4a000000
core   0: 0x800033a8 (0x0054c463) blt     s1, t0, pc + 8
core   0: 3 0x800033a8 (0x0054c463)
core   0: 0x800033ac (0x0fe54913) xori    s2, a0, 254
core   0: 3 0x800033ac (0x0fe54913) x18 0x8000d132
core   0: 0x800033b0 (0x4038d713) srai    a4, a7, 3
core   0: 3 0x800033b0 (0x4038d713) x14 0x04b29272
core   0: 0x800033b4 (0x00e77a33) and     s4, a4, a4
core   0: 3 0x800033b4 (0x00e77a33) x20 0x04b29272
core   0: 0x800033b8 (0x00006be9) c.lui   s7, 0x1a
core   0: 3 0x800033b8 (0x6be9) x23 0x0001a000
core   0: 0x800033ba (0x9b1c2b13) slti    s6, s8, -1615
core   0: 3 0x800033ba (0x9b1c2b13) x22 0x00000000
core   0: 0x800033be (0x022c03b3) mul     t2, s8, sp
core   0: 3 0x800033be (0x022c03b3) x 7 0x85800000
core   0: 0x800033c2 (0x0372a6b3) mulhsu  a3, t0, s7
core   0: 3 0x800033c2 (0x0372a6b3) x13 0xffff3003
core   0: 0x800033c6 (0x00f2ccb3) xor     s9, t0, a5
core   0: 3 0x800033c6 (0x00f2ccb3) x25 0x81fdd1a4
core   0: 0x800033ca (0x0000cb05) c.beqz  a4, pc + 48
core   0: 3 0x800033ca (0xcb05)
core   0: 0x800033cc (0x00008579) c.srai  a0, 30
core   0: 3 0x800033cc (0x8579) x10 0xfffffffe
core   0: 0x800033ce (0x0000100f) fence.i
core   0: 3 0x800033ce (0x0000100f)
core   0: 0x800033d2 (0x0000eb89) c.bnez  a5, pc + 18
core   0: 3 0x800033d2 (0xeb89)
core   0: 0x800033e4 (0x00000001) c.nop
core   0: 3 0x800033e4 (0x0001)
core   0: 0x800033e6 (0x01346633) or      a2, s0, s3
core   0: 3 0x800033e6 (0x01346633) x12 0xffffffff
core   0: 0x800033ea (0x4062d613) srai    a2, t0, 6
core   0: 3 0x800033ea (0x4062d613) x12 0xfe0008b9
core   0: 0x800033ee (0x0000ca89) c.beqz  a3, pc + 18
core   0: 3 0x800033ee (0xca89)
core   0: 0x800033f0 (0x02eb5333) divu    t1, s6, a4
core   0: 3 0x800033f0 (0x02eb5333) x 6 0x00000000
core   0: 0x800033f4 (0x0197a433) slt     s0, a5, s9
core   0: 3 0x800033f4 (0x0197a433) x 8 0x00000000
core   0: 0x800033f8 (0x0000cc81) c.beqz  s1, pc + 24
core   0: 3 0x800033f8 (0xcc81)
core   0: 0x800033fa (0xe901b893) sltiu   a7, gp, -368
core   0: 3 0x800033fa (0xe901b893) x17 0x00000001
core   0: 0x800033fe (0x0000e209) c.bnez  a2, pc + 2
core   0: 3 0x800033fe (0xe209)
core   0: 0x80003400 (0x00008d7d) c.and   a0, a5
core   0: 3 0x80003400 (0x8d7d) x10 0x01ffffc0
core   0: 0x80003402 (0x0000100f) fence.i
core   0: 3 0x80003402 (0x0000100f)
core   0: 0x80003406 (0x00008e7d) c.and   a2, a5
core   0: 3 0x80003406 (0x8e7d) x12 0x00000880
core   0: 0x80003408 (0x00fe1c93) slli    s9, t3, 15
core   0: 3 0x80003408 (0x00fe1c93) x25 0xaed28000
core   0: 0x8000340c (0x01899ab3) sll     s5, s3, s8
core   0: 3 0x8000340c (0x01899ab3) x21 0x00000000
core   0: 0x80003410 (0x005b0d33) add     s10, s6, t0
core   0: 3 0x80003410 (0x005b0d33) x26 0x80022e64
core   0: 0x80003414 (0x03848b63) beq     s1, s8, pc + 54
core   0: 3 0x80003414 (0x03848b63)
core   0: 0x80003418 (0xa691e013) ori     zero, gp, -1431
core   0: 3 0x80003418 (0xa691e013)
core   0: 0x8000341c (0x00008315) c.srli  a4, 5
core   0: 3 0x8000341c (0x8315) x14 0x00259493
core   0: 0x8000341e (0x0000856e) c.mv    a0, s11
core   0: 3 0x8000341e (0x856e) x10 0x01789b5d
core   0: 0x80003420 (0x05890263) beq     s2, s8, pc + 68
core   0: 3 0x80003420 (0x05890263)
core   0: 0x80003424 (0x412b0533) sub     a0, s6, s2
core   0: 3 0x80003424 (0x412b0533) x10 0x7fff2ece
core   0: 0x80003428 (0x00000001) c.nop
core   0: 3 0x80003428 (0x0001)
core   0: 0x8000342a (0x00b5ceb3) xor     t4, a1, a1
core   0: 3 0x8000342a (0x00b5ceb3) x29 0x00000000
core   0: 0x8000342e (0x00000a8d) c.addi  s5, 3
core   0: 3 0x8000342e (0x0a8d) x21 0x00000003
core   0: 0x80003430 (0x008ceeb3) or      t4, s9, s0
core   0: 3 0x80003430 (0x008ceeb3) x29 0xaed28000
core   0: 0x80003434 (0x021acfb3) div     t6, s5, ra
core   0: 3 0x80003434 (0x021acfb3) x31 0x00000000
core   0: 0x80003438 (0x000087d6) c.mv    a5, s5
core   0: 3 0x80003438 (0x87d6) x15 0x00000003
core   0: 0x8000343a (0x03426d63) bltu    tp, s4, pc + 58
core   0: 3 0x8000343a (0x03426d63)
core   0: 0x8000343e (0x00e96b63) bltu    s2, a4, pc + 22
core   0: 3 0x8000343e (0x00e96b63)
core   0: 0x80003442 (0xda51f593) andi    a1, gp, -603
core   0: 3 0x80003442 (0xda51f593) x11 0x00000000
core   0: 0x80003446 (0x010cf463) bgeu    s9, a6, pc + 8
core   0: 3 0x80003446 (0x010cf463)
core   0: 0x8000344a (0x413e83b3) sub     t2, t4, s3
core   0: 3 0x8000344a (0x413e83b3) x 7 0xaed28000
core   0: 0x8000344e (0xfef30b93) addi    s7, t1, -17
core   0: 3 0x8000344e (0xfef30b93) x23 0xffffffef
core   0: 0x80003452 (0x0000042a) c.slli  s0, 10
core   0: 3 0x80003452 (0x042a) x 8 0x00000000
core   0: 0x80003454 (0x0230e633) rem     a2, ra, gp
core   0: 3 0x80003454 (0x0230e633) x12 0x000006fe
core   0: 0x80003458 (0x010c6963) bltu    s8, a6, pc + 18
core   0: 3 0x80003458 (0x010c6963)
core   0: 0x8000346a (0x4ab56a13) ori     s4, a0, 1195
core   0: 3 0x8000346a (0x4ab56a13) x20 0x7fff2eef
core   0: 0x8000346e (0x001e46b3) xor     a3, t3, ra
core   0: 3 0x8000346e (0x001e46b3) x13 0xfe875b5b
core   0: 0x80003472 (0x00008fd9) c.or    a5, a4
core   0: 3 0x80003472 (0x8fd9) x15 0x00259493
core   0: 0x80003474 (0x00008fb1) c.xor   a5, a2
core   0: 3 0x80003474 (0x8fb1) x15 0x0025926d
core   0: 0x80003476 (0x0000047d) c.addi  s0, 31
core   0: 3 0x80003476 (0x047d) x 8 0x0000001f
core   0: 0x80003478 (0xc7d86f97) auipc   t6, 0xc7d86
core   0: 3 0x80003478 (0xc7d86f97) x31 0x47d89478
core   0: 0x8000347c (0xf6c8da97) auipc   s5, 0xf6c8d
core   0: 3 0x8000347c (0xf6c8da97) x21 0x76c9047c
core   0: 0x80003480 (0x030fa533) mulhsu  a0, t6, a6
core   0: 3 0x80003480 (0x030fa533) x10 0x3edd81e9
core   0: 0x80003484 (0x02b2d6b3) divu    a3, t0, a1
core   0: 3 0x80003484 (0x02b2d6b3) x13 0xffffffff
core   0: 0x80003488 (0x0394aa33) mulhsu  s4, s1, s9
core   0: 3 0x80003488 (0x0394aa33) x20 0x3288d900
core   0: 0x8000348c (0x41e6d513) srai    a0, a3, 30
core   0: 3 0x8000348c (0x41e6d513) x10 0xffffffff
core   0: 0x80003490 (0x00006d59) c.lui   s10, 0x16
core   0: 3 0x80003490 (0x6d59) x26 0x00016000
core   0: 0x80003492 (0x012a8433) add     s0, s5, s2
core   0: 3 0x80003492 (0x012a8433) x 8 0xf6c9d5ae
core   0: 0x80003496 (0x000055fd) c.li    a1, -1
core   0: 3 0x80003496 (0x55fd) x11 0xffffffff
core   0: 0x80003498 (0x0299e963) bltu    s3, s1, pc + 50
core   0: 3 0x80003498 (0x0299e963)
core   0: 0x800034ca (0x00004a31) c.li    s4, 12
core   0: 3 0x800034ca (0x4a31) x20 0x0000000c
core   0: 0x800034cc (0x00c54933) xor     s2, a0, a2
core   0: 3 0x800034cc (0x00c54933) x18 0xfffff901
core   0: 0x800034d0 (0x005c9eb3) sll     t4, s9, t0
core   0: 3 0x800034d0 (0x005c9eb3) x29 0xed280000
core   0: 0x800034d4 (0x000084cd) c.srai  s1, 19
core   0: 3 0x800034d4 (0x84cd) x 9 0x00000940
core   0: 0x800034d6 (0x96cbc593) xori    a1, s7, -1684
core   0: 3 0x800034d6 (0x96cbc593) x11 0x00000683
core   0: 0x800034da (0x00008f7d) c.and   a4, a5
core   0: 3 0x800034da (0x8f7d) x14 0x00259001
core   0: 0x800034dc (0x028623b3) mulhsu  t2, a2, s0
core   0: 3 0x800034dc (0x028623b3) x 7 0x000006bd
core   0: 0x800034e0 (0x00008dbd) c.xor   a1, a5
core   0: 3 0x800034e0 (0x8dbd) x11 0x002594ee
core   0: 0x800034e2 (0x00005d7d) c.li    s10, -1
core   0: 3 0x800034e2 (0x5d7d) x26 0xffffffff
core   0: 0x800034e4 (0x0000100f) fence.i
core   0: 3 0x800034e4 (0x0000100f)
core   0: 0x800034e8 (0xd5256593) ori     a1, a0, -686
core   0: 3 0x800034e8 (0xd5256593) x11 0xffffffff
core   0: 0x800034ec (0x00006851) c.lui   a6, 0x14
core   0: 3 0x800034ec (0x6851) x16 0x00014000
core   0: 0x800034ee (0x00009efa) c.add   t4, t5
core   0: 3 0x800034ee (0x9efa) x29 0xed280000
core   0: 0x800034f0 (0x01773033) sltu    zero, a4, s7
core   0: 3 0x800034f0 (0x01773033)
core   0: 0x800034f4 (0xe2472a13) slti    s4, a4, -476
core   0: 3 0x800034f4 (0xe2472a13) x20 0x00000000
core   0: 0x800034f8 (0x00008cb1) c.xor   s1, a2
core   0: 3 0x800034f8 (0x8cb1) x 9 0x00000fbe
core   0: 0x800034fa (0x0000888a) c.mv    a7, sp
core   0: 3 0x800034fa (0x888a) x17 0x0000000c
core   0: 0x800034fc (0x0167cc63) blt     a5, s6, pc + 24
core   0: 3 0x800034fc (0x0167cc63)
core   0: 0x80003500 (0x02750d33) mul     s10, a0, t2
core   0: 3 0x80003500 (0x02750d33) x26 0xfffff943
core   0: 0x80003504 (0xf9c38693) addi    a3, t2, -100
core   0: 3 0x80003504 (0xf9c38693) x13 0x00000659
core   0: 0x80003508 (0x03c38033) mul     zero, t2, t3
core   0: 3 0x80003508 (0x03c38033)
core   0: 0x8000350c (0x00008c3d) c.xor   s0, a5
core   0: 3 0x8000350c (0x8c3d) x 8 0xf6ec47c3
core   0: 0x8000350e (0x01dfcab3) xor     s5, t6, t4
core   0: 3 0x8000350e (0x01dfcab3) x21 0xaaf09478
core   0: 0x80003512 (0x00009f06) c.add   t5, ra
core   0: 3 0x80003512 (0x9f06) x30 0x000006fe
core   0: 0x80003514 (0x000086d9) c.srai  a3, 22
core   0: 3 0x80003514 (0x86d9) x13 0x00000000
core   0: 0x80003516 (0x038b65b3) rem     a1, s6, s8
core   0: 3 0x80003516 (0x038b65b3) x11 0x00000000
core   0: 0x8000351a (0x00067e33) and     t3, a2, zero
core   0: 3 0x8000351a (0x00067e33) x28 0x00000000
core   0: 0x8000351e (0x02de9eb3) mulh    t4, t4, a3
core   0: 3 0x8000351e (0x02de9eb3) x29 0x00000000
core   0: 0x80003522 (0x022f0163) beq     t5, sp, pc + 34
core   0: 3 0x80003522 (0x022f0163)
core   0: 0x80003526 (0x412158b3) sra     a7, sp, s2
core   0: 3 0x80003526 (0x412158b3) x17 0x00000006
core   0: 0x8000352a (0x0038cab3) xor     s5, a7, gp
core   0: 3 0x8000352a (0x0038cab3) x21 0x00000006
core   0: 0x8000352e (0x649a2713) slti    a4, s4, 1609
core   0: 3 0x8000352e (0x649a2713) x14 0x00000001
core   0: 0x80003532 (0x02d6ba33) mulhu   s4, a3, a3
core   0: 3 0x80003532 (0x02d6ba33) x20 0x00000000
core   0: 0x80003536 (0x29be6613) ori     a2, t3, 667
core   0: 3 0x80003536 (0x29be6613) x12 0x0000029b
core   0: 0x8000353a (0x033b86b3) mul     a3, s7, s3
core   0: 3 0x8000353a (0x033b86b3) x13 0x00000000
core   0: 0x8000353e (0x00009afa) c.add   s5, t5
core   0: 3 0x8000353e (0x9afa) x21 0x00000704
core   0: 0x80003540 (0x7c1d3193) sltiu   gp, s10, 1985
core   0: 3 0x80003540 (0x7c1d3193) x 3 0x00000000
core   0: 0x80003544 (0x01595713) srli    a4, s2, 21
core   0: 3 0x80003544 (0x01595713) x14 0x000007ff
core   0: 0x80003548 (0x00000001) c.nop
core   0: 3 0x80003548 (0x0001)
core   0: 0x8000354a (0x00008826) c.mv    a6, s1
core   0: 3 0x8000354a (0x8826) x16 0x00000fbe
core   0: 0x8000354c (0x00f01f13) slli    t5, zero, 15
core   0: 3 0x8000354c (0x00f01f13) x30 0x00000000
core   0: 0x80003550 (0x000085a1) c.srai  a1, 8
core   0: 3 0x80003550 (0x85a1) x11 0x00000000
core   0: 0x80003552 (0x03e77d63) bgeu    a4, t5, pc + 58
core   0: 3 0x80003552 (0x03e77d63)
core   0: 0x8000358c (0x007acbb3) xor     s7, s5, t2
core   0: 3 0x8000358c (0x007acbb3) x23 0x000001b9
core   0: 0x80003590 (0x03a5aab3) mulhsu  s5, a1, s10
core   0: 3 0x80003590 (0x03a5aab3) x21 0x00000000
core   0: 0x80003594 (0x00008d41) c.or    a0, s0
core   0: 3 0x80003594 (0x8d41) x10 0xffffffff
core   0: 0x80003596 (0x000089dd) c.andi  a1, 23
core   0: 3 0x80003596 (0x89dd) x11 0x00000000
core   0: 0x80003598 (0x01042c33) slt     s8, s0, a6
core   0: 3 0x80003598 (0x01042c33) x24 0x00000001
core   0: 0x8000359c (0x039d8e63) beq     s11, s9, pc + 60
core   0: 3 0x8000359c (0x039d8e63)
core   0: 0x800035a0 (0x00e73eb3) sltu    t4, a4, a4
core   0: 3 0x800035a0 (0x00e73eb3) x29 0x00000000
core   0: 0x800035a4 (0x01fbc263) blt     s7, t6, pc + 4
core   0: 3 0x800035a4 (0x01fbc263)
core   0: 0x800035a8 (0x00000001) c.nop
core   0: 3 0x800035a8 (0x0001)
core   0: 0x800035aa (0x0d50e313) ori     t1, ra, 213
core   0: 3 0x800035aa (0x0d50e313) x 6 0x000006ff
core   0: 0x800035ae (0x0149c733) xor     a4, s3, s4
core   0: 3 0x800035ae (0x0149c733) x14 0x00000000
core   0: 0x800035b2 (0x0000ec15) c.bnez  s0, pc + 60
core   0: 3 0x800035b2 (0xec15)
core   0: 0x800035ee (0x0017ea63) bltu    a5, ra, pc + 20
core   0: 3 0x800035ee (0x0017ea63)
core   0: 0x800035f2 (0x000086fa) c.mv    a3, t5
core   0: 3 0x800035f2 (0x86fa) x13 0x00000000
core   0: 0x800035f4 (0x0000100f) fence.i
core   0: 3 0x800035f4 (0x0000100f)
core   0: 0x800035f8 (0x0e4a40b7) lui     ra, 0xe4a4
core   0: 3 0x800035f8 (0x0e4a40b7) x 1 0x0e4a4000
core   0: 0x800035fc (0xb43de893) ori     a7, s11, -1213
core   0: 3 0x800035fc (0xb43de893) x17 0xfffffb5f
core   0: 0x80003600 (0x0000ea01) c.bnez  a2, pc + 16
core   0: 3 0x80003600 (0xea01)
core   0: 0x80003610 (0x00008de5) c.and   a1, s1
core   0: 3 0x80003610 (0x8de5) x11 0x00000000
core   0: 0x80003612 (0x011aa8b3) slt     a7, s5, a7
core   0: 3 0x80003612 (0x011aa8b3) x17 0x00000000
core   0: 0x80003616 (0x0000eb99) c.bnez  a5, pc + 22
core   0: 3 0x80003616 (0xeb99)
core   0: 0x8000362c (0x031e5f63) bge     t3, a7, pc + 62
core   0: 3 0x8000362c (0x031e5f63)
core   0: 0x8000366a (0x0000e29d) c.bnez  a3, pc + 38
core   0: 3 0x8000366a (0xe29d)
core   0: 0x8000366c (0x4b5e7693) andi    a3, t3, 1205
core   0: 3 0x8000366c (0x4b5e7693) x13 0x00000000
core   0: 0x80003670 (0x0ff0000f) fence   iorw,iorw
core   0: 3 0x80003670 (0x0ff0000f)
core   0: 0x80003674 (0x000066d1) c.lui   a3, 0x14
core   0: 3 0x80003674 (0x66d1) x13 0x00014000
core   0: 0x80003676 (0x030581b3) mul     gp, a1, a6
core   0: 3 0x80003676 (0x030581b3) x 3 0x00000000
core   0: 0x8000367a (0x0000100f) fence.i
core   0: 3 0x8000367a (0x0000100f)
core   0: 0x8000367e (0x02706b33) rem     s6, zero, t2
core   0: 3 0x8000367e (0x02706b33) x22 0x00000000
core   0: 0x80003682 (0x015eea63) bltu    t4, s5, pc + 20
core   0: 3 0x80003682 (0x015eea63)
core   0: 0x80003686 (0x0000100f) fence.i
core   0: 3 0x80003686 (0x0000100f)
core   0: 0x8000368a (0x006c6c63) bltu    s8, t1, pc + 24
core   0: 3 0x8000368a (0x006c6c63)
core   0: 0x800036a2 (0x03bf4bb3) div     s7, t5, s11
core   0: 3 0x800036a2 (0x03bf4bb3) x23 0x00000000
core   0: 0x800036a6 (0x000080da) c.mv    ra, s6
core   0: 3 0x800036a6 (0x80da) x 1 0x00000000
core   0: 0x800036a8 (0x1f0d8913) addi    s2, s11, 496
core   0: 3 0x800036a8 (0x1f0d8913) x18 0x01789d4d
core   0: 0x800036ac (0x038b0f63) beq     s6, s8, pc + 62
core   0: 3 0x800036ac (0x038b0f63)
core   0: 0x800036b0 (0x028599b3) mulh    s3, a1, s0
core   0: 3 0x800036b0 (0x028599b3) x19 0x00000000
core   0: 0x800036b4 (0x009a9f33) sll     t5, s5, s1
core   0: 3 0x800036b4 (0x009a9f33) x30 0x00000000
core   0: 0x800036b8 (0xc98de913) ori     s2, s11, -872
core   0: 3 0x800036b8 (0xc98de913) x18 0xffffffdd
core   0: 0x800036bc (0x00008d81) c.sub   a1, s0
core   0: 3 0x800036bc (0x8d81) x11 0x0913b83d
core   0: 0x800036be (0x00000001) c.nop
core   0: 3 0x800036be (0x0001)
core   0: 0x800036c0 (0x415a0e33) sub     t3, s4, s5
core   0: 3 0x800036c0 (0x415a0e33) x28 0x00000000
core   0: 0x800036c4 (0x2849c793) xori    a5, s3, 644
core   0: 3 0x800036c4 (0x2849c793) x15 0x00000284
core   0: 0x800036c8 (0x02ec6633) rem     a2, s8, a4
core   0: 3 0x800036c8 (0x02ec6633) x12 0x00000001
core   0: 0x800036cc (0x004fc9b3) xor     s3, t6, tp
core   0: 3 0x800036cc (0x004fc9b3) x19 0xc7daf89c
core   0: 0x800036d0 (0x00000001) c.nop
core   0: 3 0x800036d0 (0x0001)
core   0: 0x800036d2 (0x02be9cb3) mulh    s9, t4, a1
core   0: 3 0x800036d2 (0x02be9cb3) x25 0x00000000
core   0: 0x800036d6 (0x4bcea993) slti    s3, t4, 1212
core   0: 3 0x800036d6 (0x4bcea993) x19 0x00000001
core   0: 0x800036da (0x02f3ab93) slti    s7, t2, 47
core   0: 3 0x800036da (0x02f3ab93) x23 0x00000000
core   0: 0x800036de (0x02194e63) blt     s2, ra, pc + 60
core   0: 3 0x800036de (0x02194e63)
core   0: 0x8000371a (0x00000001) c.nop
core   0: 3 0x8000371a (0x0001)
core   0: 0x8000371c (0x0000e21d) c.bnez  a2, pc + 38
core   0: 3 0x8000371c (0xe21d)
core   0: 0x80003742 (0x00000e39) c.addi  t3, 14
core   0: 3 0x80003742 (0x0e39) x28 0x0000000e
core   0: 0x80003744 (0x000089f9) c.andi  a1, 30
core   0: 3 0x80003744 (0x89f9) x11 0x0000001c
core   0: 0x80003746 (0x00008cf1) c.and   s1, a2
core   0: 3 0x80003746 (0x8cf1) x 9 0x00000000
core   0: 0x80003748 (0x0012b533) sltu    a0, t0, ra
core   0: 3 0x80003748 (0x0012b533) x10 0x00000000
core   0: 0x8000374c (0x0ff0000f) fence   iorw,iorw
core   0: 3 0x8000374c (0x0ff0000f)
core   0: 0x80003750 (0x00cfdf13) srli    t5, t6, 12
core   0: 3 0x80003750 (0x00cfdf13) x30 0x00047d89
core   0: 0x80003754 (0x00000001) c.nop
core   0: 3 0x80003754 (0x0001)
core   0: 0x80003756 (0x02da3833) mulhu   a6, s4, a3
core   0: 3 0x80003756 (0x02da3833) x16 0x00000000
core   0: 0x8000375a (0x00000bd2) c.slli  s7, 20
core   0: 3 0x8000375a (0x0bd2) x23 0x00000000
core   0: 0x8000375c (0x0279f3b3) remu    t2, s3, t2
core   0: 3 0x8000375c (0x0279f3b3) x 7 0x00000001
core   0: 0x80003760 (0x03995f33) divu    t5, s2, s9
core   0: 3 0x80003760 (0x03995f33) x30 0xffffffff
core   0: 0x80003764 (0x000009ba) c.slli  s3, 14
core   0: 3 0x80003764 (0x09ba) x19 0x00004000
core   0: 0x80003766 (0x0d27f713) andi    a4, a5, 210
core   0: 3 0x80003766 (0x0d27f713) x14 0x00000080
core   0: 0x8000376a (0x00637263) bgeu    t1, t1, pc + 4
core   0: 3 0x8000376a (0x00637263)
core   0: 0x8000376e (0x1bddaf13) slti    t5, s11, 445
core   0: 3 0x8000376e (0x1bddaf13) x30 0x00000000
core   0: 0x80003772 (0x00008715) c.srai  a4, 5
core   0: 3 0x80003772 (0x8715) x14 0x00000004
core   0: 0x80003774 (0xadd0eb13) ori     s6, ra, -1315
core   0: 3 0x80003774 (0xadd0eb13) x22 0xfffffadd
core   0: 0x80003778 (0x00005e7d) c.li    t3, -1
core   0: 3 0x80003778 (0x5e7d) x28 0xffffffff
core   0: 0x8000377a (0x0000982e) c.add   a6, a1
core   0: 3 0x8000377a (0x982e) x16 0x0000001c
core   0: 0x8000377c (0x029c7ab3) remu    s5, s8, s1
core   0: 3 0x8000377c (0x029c7ab3) x21 0x00000001
core   0: 0x80003780 (0x414b03b3) sub     t2, s6, s4
core   0: 3 0x80003780 (0x414b03b3) x 7 0xfffffadd
core   0: 0x80003784 (0x00008cf5) c.and   s1, a3
core   0: 3 0x80003784 (0x8cf5) x 9 0x00000000
core   0: 0x80003786 (0x48ddb017) auipc   zero, 0x48ddb
core   0: 3 0x80003786 (0x48ddb017)
core   0: 0x8000378a (0x00008ed1) c.or    a3, a2
core   0: 3 0x8000378a (0x8ed1) x13 0x00014001
core   0: 0x8000378c (0x0000c205) c.beqz  a2, pc + 32
core   0: 3 0x8000378c (0xc205)
core   0: 0x8000378e (0x03a1ff33) remu    t5, gp, s10
core   0: 3 0x8000378e (0x03a1ff33) x30 0x00000000
core   0: 0x80003792 (0x0211a933) mulhsu  s2, gp, ra
core   0: 3 0x80003792 (0x0211a933) x18 0x00000000
core   0: 0x80003796 (0x03d99033) mulh    zero, s3, t4
core   0: 3 0x80003796 (0x03d99033)
core   0: 0x8000379a (0x00ceb5b3) sltu    a1, t4, a2
core   0: 3 0x8000379a (0x00ceb5b3) x11 0x00000001
core   0: 0x8000379e (0x01cd4b63) blt     s10, t3, pc + 22
core   0: 3 0x8000379e (0x01cd4b63)
core   0: 0x800037b4 (0x000007e9) c.addi  a5, 26
core   0: 3 0x800037b4 (0x07e9) x15 0x0000029e
core   0: 0x800037b6 (0x0000892d) c.andi  a0, 11
core   0: 3 0x800037b6 (0x892d) x10 0x00000000
core   0: 0x800037b8 (0x01625b13) srli    s6, tp, 22
core   0: 3 0x800037b8 (0x01625b13) x22 0x00000200
core   0: 0x800037bc (0x04d54263) blt     a0, a3, pc + 68
core   0: 3 0x800037bc (0x04d54263)
core   0: 0x80003800 (0x01c6af33) slt     t5, a3, t3
core   0: 3 0x80003800 (0x01c6af33) x30 0x00000000
core   0: 0x80003804 (0x01dd6cb3) or      s9, s10, t4
core   0: 3 0x80003804 (0x01dd6cb3) x25 0xfffff943
core   0: 0x80003808 (0x018d4333) xor     t1, s10, s8
core   0: 3 0x80003808 (0x018d4333) x 6 0xfffff942
core   0: 0x8000380c (0xd912a493) slti    s1, t0, -623
core   0: 3 0x8000380c (0xd912a493) x 9 0x00000001
core   0: 0x80003810 (0x0000100f) fence.i
core   0: 3 0x80003810 (0x0000100f)
core   0: 0x80003814 (0x0202e333) rem     t1, t0, zero
core   0: 3 0x80003814 (0x0202e333) x 6 0x80022e64
core   0: 0x80003818 (0x0f9d5e63) bge     s10, s9, pc + 252
core   0: 3 0x80003818 (0x0f9d5e63)
core   0: 0x80003914 (0x03bd6cb3) rem     s9, s10, s11
core   0: 3 0x80003914 (0x03bd6cb3) x25 0xfffff943
core   0: 0x80003918 (0x00006959) c.lui   s2, 0x16
core   0: 3 0x80003918 (0x6959) x18 0x00016000
core   0: 0x8000391a (0x00a5f6b3) and     a3, a1, a0
core   0: 3 0x8000391a (0x00a5f6b3) x13 0x00000000
core   0: 0x8000391e (0x00008a72) c.mv    s4, t3
core   0: 3 0x8000391e (0x8a72) x20 0xffffffff
core   0: 0x80003920 (0x01866e63) bltu    a2, s8, pc + 28
core   0: 3 0x80003920 (0x01866e63)
core   0: 0x80003924 (0x2f6d7897) auipc   a7, 0x2f6d7
core   0: 3 0x80003924 (0x2f6d7897) x17 0xaf6da924
core   0: 0x80003928 (0x00008e79) c.and   a2, a4
core   0: 3 0x80003928 (0x8e79) x12 0x00000000
core   0: 0x8000392a (0x00008e05) c.sub   a2, s1
core   0: 3 0x8000392a (0x8e05) x12 0xffffffff
core   0: 0x8000392c (0x0ff0000f) fence   iorw,iorw
core   0: 3 0x8000392c (0x0ff0000f)
core   0: 0x80003930 (0x86146193) ori     gp, s0, -1951
core   0: 3 0x80003930 (0x86146193) x 3 0xffffffe3
core   0: 0x80003934 (0x00e30b63) beq     t1, a4, pc + 22
core   0: 3 0x80003934 (0x00e30b63)
core   0: 0x80003938 (0x0074a733) slt     a4, s1, t2
core   0: 3 0x80003938 (0x0074a733) x14 0x00000000
core   0: 0x8000393c (0x00b79263) bne     a5, a1, pc + 4
core   0: 3 0x8000393c (0x00b79263)
core   0: 0x80003940 (0x4f14b513) sltiu   a0, s1, 1265
core   0: 3 0x80003940 (0x4f14b513) x10 0x00000001
core   0: 0x80003944 (0x012ad333) srl     t1, s5, s2
core   0: 3 0x80003944 (0x012ad333) x 6 0x00000001
core   0: 0x80003948 (0x00000001) c.nop
core   0: 3 0x80003948 (0x0001)
core   0: 0x8000394a (0x00009ec2) c.add   t4, a6
core   0: 3 0x8000394a (0x9ec2) x29 0x0000001c
core   0: 0x8000394c (0x03303ab3) mulhu   s5, zero, s3
core   0: 3 0x8000394c (0x03303ab3) x21 0x00000000
core   0: 0x80003950 (0x01e9da63) bge     s3, t5, pc + 20
core   0: 3 0x80003950 (0x01e9da63)
core   0: 0x80003964 (0x03e37d63) bgeu    t1, t5, pc + 58
core   0: 3 0x80003964 (0x03e37d63)
core   0: 0x8000399e (0x0336ed63) bltu    a3, s3, pc + 58
core   0: 3 0x8000399e (0x0336ed63)
core   0: 0x800039d8 (0x023191b3) mulh    gp, gp, gp
core   0: 3 0x800039d8 (0x023191b3) x 3 0x00000000
core   0: 0x800039dc (0x00008c15) c.sub   s0, a3
core   0: 3 0x800039dc (0x8c15) x 8 0xf6ec47c3
core   0: 0x800039de (0x000084d2) c.mv    s1, s4
core   0: 3 0x800039de (0x84d2) x 9 0xffffffff
core   0: 0x800039e0 (0x013d3d33) sltu    s10, s10, s3
core   0: 3 0x800039e0 (0x013d3d33) x26 0x00000000
core   0: 0x800039e4 (0x00eb4b63) blt     s6, a4, pc + 22
core   0: 3 0x800039e4 (0x00eb4b63)
core   0: 0x800039e8 (0x00009bfd) c.andi  a5, -1
core   0: 3 0x800039e8 (0x9bfd) x15 0x0000029e
core   0: 0x800039ea (0x75120693) addi    a3, tp, 1873
core   0: 3 0x800039ea (0x75120693) x13 0x80027435
core   0: 0x800039ee (0x0000e009) c.bnez  s0, pc + 2
core   0: 3 0x800039ee (0xe009)
core   0: 0x800039f0 (0x00008619) c.srai  a2, 6
core   0: 3 0x800039f0 (0x8619) x12 0xffffffff
core   0: 0x800039f2 (0x00239963) bne     t2, sp, pc + 18
core   0: 3 0x800039f2 (0x00239963)
core   0: 0x80003a04 (0x00c17933) and     s2, sp, a2
core   0: 3 0x80003a04 (0x00c17933) x18 0x0000000c
core   0: 0x80003a08 (0xf9672893) slti    a7, a4, -106
core   0: 3 0x80003a08 (0xf9672893) x17 0x00000000
core   0: 0x80003a0c (0x00008a51) c.andi  a2, 20
core   0: 3 0x80003a0c (0x8a51) x12 0x00000014
core   0: 0x80003a0e (0x01f2fa63) bgeu    t0, t6, pc + 20
core   0: 3 0x80003a0e (0x01f2fa63)
core   0: 0x80003a22 (0xf7ca2937) lui     s2, 0xf7ca2
core   0: 3 0x80003a22 (0xf7ca2937) x18 0xf7ca2000
core   0: 0x80003a26 (0x03eddbb3) divu    s7, s11, t5
core   0: 3 0x80003a26 (0x03eddbb3) x23 0xffffffff
core   0: 0x80003a2a (0x02be2fb3) mulhsu  t6, t3, a1
core   0: 3 0x80003a2a (0x02be2fb3) x31 0xffffffff
core   0: 0x80003a2e (0x02fc51b3) divu    gp, s8, a5
core   0: 3 0x80003a2e (0x02fc51b3) x 3 0x00000000
core   0: 0x80003a32 (0x27b60d93) addi    s11, a2, 635
core   0: 3 0x80003a32 (0x27b60d93) x27 0x0000028f
core   0: 0x80003a36 (0x02e76963) bltu    a4, a4, pc + 50
core   0: 3 0x80003a36 (0x02e76963)
core   0: 0x80003a3a (0x01891313) slli    t1, s2, 24
core   0: 3 0x80003a3a (0x01891313) x 6 0x00000000
core   0: 0x80003a3e (0x00000a1e) c.slli  s4, 7
core   0: 3 0x80003a3e (0x0a1e) x20 0xffffff80
core   0: 0x80003a40 (0x000087c6) c.mv    a5, a7
core   0: 3 0x80003a40 (0x87c6) x15 0x00000000
core   0: 0x80003a42 (0x14a3be93) sltiu   t4, t2, 330
core   0: 3 0x80003a42 (0x14a3be93) x29 0x00000000
core   0: 0x80003a46 (0x0000100f) fence.i
core   0: 3 0x80003a46 (0x0000100f)
core   0: 0x80003a4a (0x032dc4b3) div     s1, s11, s2
core   0: 3 0x80003a4a (0x032dc4b3) x 9 0x00000000
core   0: 0x80003a4e (0x70d4bb37) lui     s6, 0x70d4b
core   0: 3 0x80003a4e (0x70d4bb37) x22 0x70d4b000
core   0: 0x80003a52 (0x00008b5a) c.mv    s6, s6
core   0: 3 0x80003a52 (0x8b5a) x22 0x70d4b000
core   0: 0x80003a54 (0x0079e4b3) or      s1, s3, t2
core   0: 3 0x80003a54 (0x0079e4b3) x 9 0xfffffadd
core   0: 0x80003a58 (0x000093d2) c.add   t2, s4
core   0: 3 0x80003a58 (0x93d2) x 7 0xfffffa5d
core   0: 0x80003a5a (0x00008cbd) c.xor   s1, a5
core   0: 3 0x80003a5a (0x8cbd) x 9 0xfffffadd
core   0: 0x80003a5c (0x00006d0d) c.lui   s10, 0x3
core   0: 3 0x80003a5c (0x6d0d) x26 0x00003000
core   0: 0x80003a5e (0x00006471) c.lui   s0, 0x1c
core   0: 3 0x80003a5e (0x6471) x 8 0x0001c000
core   0: 0x80003a60 (0x03364633) div     a2, a2, s3
core   0: 3 0x80003a60 (0x03364633) x12 0x00000000
core   0: 0x80003a64 (0x00401a13) slli    s4, zero, 4
core   0: 3 0x80003a64 (0x00401a13) x20 0x00000000
core   0: 0x80003a68 (0x00ee9b93) slli    s7, t4, 14
core   0: 3 0x80003a68 (0x00ee9b93) x23 0x00000000
core   0: 0x80003a6c (0x00008c79) c.and   s0, a4
core   0: 3 0x80003a6c (0x8c79) x 8 0x00000000
core   0: 0x80003a6e (0x00005afd) c.li    s5, -1
core   0: 3 0x80003a6e (0x5afd) x21 0xffffffff
core   0: 0x80003a70 (0x05d4d063) bge     s1, t4, pc + 64
core   0: 3 0x80003a70 (0x05d4d063)
core   0: 0x80003a74 (0x000098fd) c.andi  s1, -1
core   0: 3 0x80003a74 (0x98fd) x 9 0xfffffadd
core   0: 0x80003a76 (0x03c40fb3) mul     t6, s0, t3
core   0: 3 0x80003a76 (0x03c40fb3) x31 0x00000000
core   0: 0x80003a7a (0x01233633) sltu    a2, t1, s2
core   0: 3 0x80003a7a (0x01233633) x12 0x00000001
core   0: 0x80003a7e (0x00008ea5) c.xor   a3, s1
core   0: 3 0x80003a7e (0x8ea5) x13 0x7ffd8ee8
core   0: 0x80003a80 (0x02f30733) mul     a4, t1, a5
core   0: 3 0x80003a80 (0x02f30733) x14 0x00000000
core   0: 0x80003a84 (0x03a880b3) mul     ra, a7, s10
core   0: 3 0x80003a84 (0x03a880b3) x 1 0x00000000
core   0: 0x80003a88 (0x00000001) c.nop
core   0: 3 0x80003a88 (0x0001)
core   0: 0x80003a8a (0x03a6c333) div     t1, a3, s10
core   0: 3 0x80003a8a (0x03a6c333) x 6 0x0002aa9d
core   0: 0x80003a8e (0x6a5b8937) lui     s2, 0x6a5b8
core   0: 3 0x80003a8e (0x6a5b8937) x18 0x6a5b8000
core   0: 0x80003a92 (0x01fc5b33) srl     s6, s8, t6
core   0: 3 0x80003a92 (0x01fc5b33) x22 0x00000001
core   0: 0x80003a96 (0x03bb2633) mulhsu  a2, s6, s11
core   0: 3 0x80003a96 (0x03bb2633) x12 0x00000000
core   0: 0x80003a9a (0x00009b7d) c.andi  a4, -1
core   0: 3 0x80003a9a (0x9b7d) x14 0x00000000
core   0: 0x80003a9c (0x00008a65) c.andi  a2, 25
core   0: 3 0x80003a9c (0x8a65) x12 0x00000000
core   0: 0x80003a9e (0x012968b3) or      a7, s2, s2
core   0: 3 0x80003a9e (0x012968b3) x17 0x6a5b8000
core   0: 0x80003aa2 (0x00325cb3) srl     s9, tp, gp
core   0: 3 0x80003aa2 (0x00325cb3) x25 0x80026ce4
core   0: 0x80003aa6 (0x03e961b3) rem     gp, s2, t5
core   0: 3 0x80003aa6 (0x03e961b3) x 3 0x6a5b8000
core   0: 0x80003aaa (0x00000bde) c.slli  s7, 23
core   0: 3 0x80003aaa (0x0bde) x23 0x00000000
core   0: 0x80003aac (0x7f298993) addi    s3, s3, 2034
core   0: 3 0x80003aac (0x7f298993) x19 0x000047f2
core   0: 0x80003ab0 (0x00009a7d) c.andi  a2, -1
core   0: 3 0x80003ab0 (0x9a7d) x12 0x00000000
core   0: 0x80003ab2 (0xecb7ac93) slti    s9, a5, -309
core   0: 3 0x80003ab2 (0xecb7ac93) x25 0x00000000
core   0: 0x80003ab6 (0x004c9393) slli    t2, s9, 4
core   0: 3 0x80003ab6 (0x004c9393) x 7 0x00000000
core   0: 0x80003aba (0x000061a5) c.lui   gp, 0x9
core   0: 3 0x80003aba (0x61a5) x 3 0x00009000
core   0: 0x80003abc (0x0000889d) c.andi  s1, 7
core   0: 3 0x80003abc (0x889d) x 9 0x00000005
core   0: 0x80003abe (0x003f8733) add     a4, t6, gp
core   0: 3 0x80003abe (0x003f8733) x14 0x00009000
core   0: 0x80003ac2 (0x00008c3d) c.xor   s0, a5
core   0: 3 0x80003ac2 (0x8c3d) x 8 0x00000000
core   0: 0x80003ac4 (0x418f09b3) sub     s3, t5, s8
core   0: 3 0x80003ac4 (0x418f09b3) x19 0xffffffff
core   0: 0x80003ac8 (0x0367adb3) mulhsu  s11, a5, s6
core   0: 3 0x80003ac8 (0x0367adb3) x27 0x00000000
core   0: 0x80003acc (0x00be96b3) sll     a3, t4, a1
core   0: 3 0x80003acc (0x00be96b3) x13 0x00000000
core   0: 0x80003ad0 (0x0000997d) c.andi  a0, -1
core   0: 3 0x80003ad0 (0x997d) x10 0x00000001
core   0: 0x80003ad2 (0x0ff0000f) fence   iorw,iorw
core   0: 3 0x80003ad2 (0x0ff0000f)
core   0: 0x80003ad6 (0x0ff0000f) fence   iorw,iorw
core   0: 3 0x80003ad6 (0x0ff0000f)
core   0: 0x80003ada (0x00851793) slli    a5, a0, 8
core   0: 3 0x80003ada (0x00851793) x15 0x00000100
core   0: 0x80003ade (0x03616f33) rem     t5, sp, s6
core   0: 3 0x80003ade (0x03616f33) x30 0x00000000
core   0: 0x80003ae2 (0x03b40333) mul     t1, s0, s11
core   0: 3 0x80003ae2 (0x03b40333) x 6 0x00000000
core   0: 0x80003ae6 (0x03dd6033) rem     zero, s10, t4
core   0: 3 0x80003ae6 (0x03dd6033)
core   0: 0x80003aea (0x00000d16) c.slli  s10, 5
core   0: 3 0x80003aea (0x0d16) x26 0x00060000
core   0: 0x80003aec (0x00c9e463) bltu    s3, a2, pc + 8
core   0: 3 0x80003aec (0x00c9e463)
core   0: 0x80003af0 (0x01abdc63) bge     s7, s10, pc + 24
core   0: 3 0x80003af0 (0x01abdc63)
core   0: 0x80003af4 (0x0316d033) divu    zero, a3, a7
core   0: 3 0x80003af4 (0x0316d033)
core   0: 0x80003af8 (0x02a52e33) mulhsu  t3, a0, a0
core   0: 3 0x80003af8 (0x02a52e33) x28 0x00000000
core   0: 0x80003afc (0x567d3713) sltiu   a4, s10, 1383
core   0: 3 0x80003afc (0x567d3713) x14 0x00000000
core   0: 0x80003b00 (0x00000001) c.nop
core   0: 3 0x80003b00 (0x0001)
core   0: 0x80003b02 (0x00004f05) c.li    t5, 1
core   0: 3 0x80003b02 (0x4f05) x30 0x00000001
core   0: 0x80003b04 (0x01269633) sll     a2, a3, s2
core   0: 3 0x80003b04 (0x01269633) x12 0x00000000
core   0: 0x80003b08 (0x01646db3) or      s11, s0, s6
core   0: 3 0x80003b08 (0x01646db3) x27 0x00000001
core   0: 0x80003b0c (0x0205a933) mulhsu  s2, a1, zero
core   0: 3 0x80003b0c (0x0205a933) x18 0x00000000
core   0: 0x80003b10 (0xc374c997) auipc   s3, 0xc374c
core   0: 3 0x80003b10 (0xc374c997) x19 0x4374fb10
core   0: 0x80003b14 (0x03e1f963) bgeu    gp, t5, pc + 50
core   0: 3 0x80003b14 (0x03e1f963)
core   0: 0x80003b46 (0x052b0063) beq     s6, s2, pc + 64
core   0: 3 0x80003b46 (0x052b0063)
core   0: 0x80003b4a (0x416e5893) srai    a7, t3, 22
core   0: 3 0x80003b4a (0x416e5893) x17 0x00000000
core   0: 0x80003b4e (0x65d56e93) ori     t4, a0, 1629
core   0: 3 0x80003b4e (0x65d56e93) x29 0x0000065d
core   0: 0x80003b52 (0x03fe7263) bgeu    t3, t6, pc + 36
core   0: 3 0x80003b52 (0x03fe7263)
core   0: 0x80003b76 (0x00008fa1) c.xor   a5, s0
core   0: 3 0x80003b76 (0x8fa1) x15 0x00000100
core   0: 0x80003b78 (0x016d8963) beq     s11, s6, pc + 18
core   0: 3 0x80003b78 (0x016d8963)
core   0: 0x80003b8a (0x0249d9b3) divu    s3, s3, tp
core   0: 3 0x80003b8a (0x0249d9b3) x19 0x00000000
core   0: 0x80003b8e (0xac09bb13) sltiu   s6, s3, -1344
core   0: 3 0x80003b8e (0xac09bb13) x22 0x00000001
core   0: 0x80003b92 (0x00000117) auipc   sp, 0x0
core   0: 3 0x80003b92 (0x00000117) x 2 0x80003b92
core   0: 0x80003b96 (0x00c10113) addi    sp, sp, 12
core   0: 3 0x80003b96 (0x00c10113) x 2 0x80003b9e
core   0: 0x80003b9a (0x00010067) jr      sp
core   0: 3 0x80003b9a (0x00010067)
core   0: 0x80003b9e (0x00004185) c.li    gp, 1
core   0: 3 0x80003b9e (0x4185) x 3 0x00000001
core   0: 0x80003ba0 (0x00000073) ecall
core   0: exception trap_machine_ecall, epc 0x80003ba0
core   0: >>>>  mtvec_handler
core   0: 0x8000c070 (0x0400006f) j       pc + 0x40
core   0: 3 0x8000c070 (0x0400006f)
core   0: 0x8000c0b0 (0x00001271) c.addi  tp, -4
core   0: 3 0x8000c0b0 (0x1271) x 4 0x80026ce0
core   0: 0x8000c0b2 (0x00522023) sw      t0, 0(tp)
core   0: 3 0x8000c0b2 (0x00522023) mem 0x80026ce0 0x80022e64
core   0: 0x8000c0b6 (0x000202b3) add     t0, tp, zero
core   0: 3 0x8000c0b6 (0x000202b3) x 5 0x80026ce0
core   0: 0x8000c0ba (0xf8028293) addi    t0, t0, -128
core   0: 3 0x8000c0ba (0xf8028293) x 5 0x80026c60
core   0: 0x8000c0be (0x0012a223) sw      ra, 4(t0)
core   0: 3 0x8000c0be (0x0012a223) mem 0x80026c64 0x00000000
core   0: 0x8000c0c2 (0x0022a423) sw      sp, 8(t0)
core   0: 3 0x8000c0c2 (0x0022a423) mem 0x80026c68 0x80003b9e
core   0: 0x8000c0c6 (0x0032a623) sw      gp, 12(t0)
core   0: 3 0x8000c0c6 (0x0032a623) mem 0x80026c6c 0x00000001
core   0: 0x8000c0ca (0x0042a823) sw      tp, 16(t0)
core   0: 3 0x8000c0ca (0x0042a823) mem 0x80026c70 0x80026ce0
core   0: 0x8000c0ce (0x0052aa23) sw      t0, 20(t0)
core   0: 3 0x8000c0ce (0x0052aa23) mem 0x80026c74 0x80026c60
core   0: 0x8000c0d2 (0x0062ac23) sw      t1, 24(t0)
core   0: 3 0x8000c0d2 (0x0062ac23) mem 0x80026c78 0x00000000
core   0: 0x8000c0d6 (0x0072ae23) sw      t2, 28(t0)
core   0: 3 0x8000c0d6 (0x0072ae23) mem 0x80026c7c 0x00000000
core   0: 0x8000c0da (0x0282a023) sw      s0, 32(t0)
core   0: 3 0x8000c0da (0x0282a023) mem 0x80026c80 0x00000000
core   0: 0x8000c0de (0x0292a223) sw      s1, 36(t0)
core   0: 3 0x8000c0de (0x0292a223) mem 0x80026c84 0x00000005
core   0: 0x8000c0e2 (0x02a2a423) sw      a0, 40(t0)
core   0: 3 0x8000c0e2 (0x02a2a423) mem 0x80026c88 0x00000001
core   0: 0x8000c0e6 (0x02b2a623) sw      a1, 44(t0)
core   0: 3 0x8000c0e6 (0x02b2a623) mem 0x80026c8c 0x00000001
core   0: 0x8000c0ea (0x02c2a823) sw      a2, 48(t0)
core   0: 3 0x8000c0ea (0x02c2a823) mem 0x80026c90 0x00000000
core   0: 0x8000c0ee (0x02d2aa23) sw      a3, 52(t0)
core   0: 3 0x8000c0ee (0x02d2aa23) mem 0x80026c94 0x00000000
core   0: 0x8000c0f2 (0x02e2ac23) sw      a4, 56(t0)
core   0: 3 0x8000c0f2 (0x02e2ac23) mem 0x80026c98 0x00000000
core   0: 0x8000c0f6 (0x02f2ae23) sw      a5, 60(t0)
core   0: 3 0x8000c0f6 (0x02f2ae23) mem 0x80026c9c 0x00000100
core   0: 0x8000c0fa (0x0502a023) sw      a6, 64(t0)
core   0: 3 0x8000c0fa (0x0502a023) mem 0x80026ca0 0x0000001c
core   0: 0x8000c0fe (0x0512a223) sw      a7, 68(t0)
core   0: 3 0x8000c0fe (0x0512a223) mem 0x80026ca4 0x00000000
core   0: 0x8000c102 (0x0522a423) sw      s2, 72(t0)
core   0: 3 0x8000c102 (0x0522a423) mem 0x80026ca8 0x00000000
core   0: 0x8000c106 (0x0532a623) sw      s3, 76(t0)
core   0: 3 0x8000c106 (0x0532a623) mem 0x80026cac 0x00000000
core   0: 0x8000c10a (0x0542a823) sw      s4, 80(t0)
core   0: 3 0x8000c10a (0x0542a823) mem 0x80026cb0 0x00000000
core   0: 0x8000c10e (0x0552aa23) sw      s5, 84(t0)
core   0: 3 0x8000c10e (0x0552aa23) mem 0x80026cb4 0xffffffff
core   0: 0x8000c112 (0x0562ac23) sw      s6, 88(t0)
core   0: 3 0x8000c112 (0x0562ac23) mem 0x80026cb8 0x00000001
core   0: 0x8000c116 (0x0572ae23) sw      s7, 92(t0)
core   0: 3 0x8000c116 (0x0572ae23) mem 0x80026cbc 0x00000000
core   0: 0x8000c11a (0x0782a023) sw      s8, 96(t0)
core   0: 3 0x8000c11a (0x0782a023) mem 0x80026cc0 0x00000001
core   0: 0x8000c11e (0x0792a223) sw      s9, 100(t0)
core   0: 3 0x8000c11e (0x0792a223) mem 0x80026cc4 0x00000000
core   0: 0x8000c122 (0x07a2a423) sw      s10, 104(t0)
core   0: 3 0x8000c122 (0x07a2a423) mem 0x80026cc8 0x00060000
core   0: 0x8000c126 (0x07b2a623) sw      s11, 108(t0)
core   0: 3 0x8000c126 (0x07b2a623) mem 0x80026ccc 0x00000001
core   0: 0x8000c12a (0x07c2a823) sw      t3, 112(t0)
core   0: 3 0x8000c12a (0x07c2a823) mem 0x80026cd0 0x00000000
core   0: 0x8000c12e (0x07d2aa23) sw      t4, 116(t0)
core   0: 3 0x8000c12e (0x07d2aa23) mem 0x80026cd4 0x0000065d
core   0: 0x8000c132 (0x07e2ac23) sw      t5, 120(t0)
core   0: 3 0x8000c132 (0x07e2ac23) mem 0x80026cd8 0x00000001
core   0: 0x8000c136 (0x07f2ae23) sw      t6, 124(t0)
core   0: 3 0x8000c136 (0x07f2ae23) mem 0x80026cdc 0x00000000
core   0: 0x8000c13a (0x00028233) add     tp, t0, zero
core   0: 3 0x8000c13a (0x00028233) x 4 0x80026c60
core   0: 0x8000c13e (0x34102c73) csrr    s8, mepc
core   0: 3 0x8000c13e (0x34102c73) x24 0x80003ba0
core   0: 0x8000c142 (0x34202c73) csrr    s8, mcause
core   0: 3 0x8000c142 (0x34202c73) x24 0x0000000b
core   0: 0x8000c146 (0x0000498d) c.li    s3, 3
core   0: 3 0x8000c146 (0x498d) x19 0x00000003
core   0: 0x8000c148 (0x293c0d63) beq     s8, s3, pc + 666
core   0: 3 0x8000c148 (0x293c0d63)
core   0: 0x8000c14c (0x000049a1) c.li    s3, 8
core   0: 3 0x8000c14c (0x49a1) x19 0x00000008
core   0: 0x8000c14e (0x053c0563) beq     s8, s3, pc + 74
core   0: 3 0x8000c14e (0x053c0563)
core   0: 0x8000c152 (0x000049a5) c.li    s3, 9
core   0: 3 0x8000c152 (0x49a5) x19 0x00000009
core   0: 0x8000c154 (0x053c0263) beq     s8, s3, pc + 68
core   0: 3 0x8000c154 (0x053c0263)
core   0: 0x8000c158 (0x000049ad) c.li    s3, 11
core   0: 3 0x8000c158 (0x49ad) x19 0x0000000b
core   0: 0x8000c15a (0x033c0f63) beq     s8, s3, pc + 62
core   0: 3 0x8000c15a (0x033c0f63)
core   0: 0x8000c198 (0xffff4c17) auipc   s8, 0xffff4
core   0: 3 0x8000c198 (0xffff4c17) x24 0x80000198
core   0: 0x8000c19c (0xe68c0c13) addi    s8, s8, -408
core   0: 3 0x8000c19c (0xe68c0c13) x24 0x80000000
core   0: 0x8000c1a0 (0x000c2023) sw      zero, 0(s8)
core   0: 3 0x8000c1a0 (0x000c2023) mem 0x80000000 0x00000000
core   0: 0x8000c1a4 (0x001c2223) sw      ra, 4(s8)
core   0: 3 0x8000c1a4 (0x001c2223) mem 0x80000004 0x00000000
core   0: 0x8000c1a8 (0x002c2423) sw      sp, 8(s8)
core   0: 3 0x8000c1a8 (0x002c2423) mem 0x80000008 0x80003b9e
core   0: 0x8000c1ac (0x003c2623) sw      gp, 12(s8)
core   0: 3 0x8000c1ac (0x003c2623) mem 0x8000000c 0x00000001
core   0: 0x8000c1b0 (0x004c2823) sw      tp, 16(s8)
core   0: 3 0x8000c1b0 (0x004c2823) mem 0x80000010 0x80026c60
core   0: 0x8000c1b4 (0x005c2a23) sw      t0, 20(s8)
core   0: 3 0x8000c1b4 (0x005c2a23) mem 0x80000014 0x80026c60
core   0: 0x8000c1b8 (0x006c2c23) sw      t1, 24(s8)
core   0: 3 0x8000c1b8 (0x006c2c23) mem 0x80000018 0x00000000
core   0: 0x8000c1bc (0x007c2e23) sw      t2, 28(s8)
core   0: 3 0x8000c1bc (0x007c2e23) mem 0x8000001c 0x00000000
core   0: 0x8000c1c0 (0x028c2023) sw      s0, 32(s8)
core   0: 3 0x8000c1c0 (0x028c2023) mem 0x80000020 0x00000000
core   0: 0x8000c1c4 (0x029c2223) sw      s1, 36(s8)
core   0: 3 0x8000c1c4 (0x029c2223) mem 0x80000024 0x00000005
core   0: 0x8000c1c8 (0x02ac2423) sw      a0, 40(s8)
core   0: 3 0x8000c1c8 (0x02ac2423) mem 0x80000028 0x00000001
core   0: 0x8000c1cc (0x02bc2623) sw      a1, 44(s8)
core   0: 3 0x8000c1cc (0x02bc2623) mem 0x8000002c 0x00000001
core   0: 0x8000c1d0 (0x02cc2823) sw      a2, 48(s8)
core   0: 3 0x8000c1d0 (0x02cc2823) mem 0x80000030 0x00000000
core   0: 0x8000c1d4 (0x02dc2a23) sw      a3, 52(s8)
core   0: 3 0x8000c1d4 (0x02dc2a23) mem 0x80000034 0x00000000
core   0: 0x8000c1d8 (0x02ec2c23) sw      a4, 56(s8)
core   0: 3 0x8000c1d8 (0x02ec2c23) mem 0x80000038 0x00000000
core   0: 0x8000c1dc (0x02fc2e23) sw      a5, 60(s8)
core   0: 3 0x8000c1dc (0x02fc2e23) mem 0x8000003c 0x00000100
core   0: 0x8000c1e0 (0x050c2023) sw      a6, 64(s8)
core   0: 3 0x8000c1e0 (0x050c2023) mem 0x80000040 0x0000001c
core   0: 0x8000c1e4 (0x051c2223) sw      a7, 68(s8)
core   0: 3 0x8000c1e4 (0x051c2223) mem 0x80000044 0x00000000
core   0: 0x8000c1e8 (0x052c2423) sw      s2, 72(s8)
core   0: 3 0x8000c1e8 (0x052c2423) mem 0x80000048 0x00000000
core   0: 0x8000c1ec (0x053c2623) sw      s3, 76(s8)
core   0: 3 0x8000c1ec (0x053c2623) mem 0x8000004c 0x0000000b
core   0: 0x8000c1f0 (0x054c2823) sw      s4, 80(s8)
core   0: 3 0x8000c1f0 (0x054c2823) mem 0x80000050 0x00000000
core   0: 0x8000c1f4 (0x055c2a23) sw      s5, 84(s8)
core   0: 3 0x8000c1f4 (0x055c2a23) mem 0x80000054 0xffffffff
core   0: 0x8000c1f8 (0x056c2c23) sw      s6, 88(s8)
core   0: 3 0x8000c1f8 (0x056c2c23) mem 0x80000058 0x00000001
core   0: 0x8000c1fc (0x057c2e23) sw      s7, 92(s8)
core   0: 3 0x8000c1fc (0x057c2e23) mem 0x8000005c 0x00000000
core   0: 0x8000c200 (0x078c2023) sw      s8, 96(s8)
core   0: 3 0x8000c200 (0x078c2023) mem 0x80000060 0x80000000
core   0: 0x8000c204 (0x079c2223) sw      s9, 100(s8)
core   0: 3 0x8000c204 (0x079c2223) mem 0x80000064 0x00000000
core   0: 0x8000c208 (0x07ac2423) sw      s10, 104(s8)
core   0: 3 0x8000c208 (0x07ac2423) mem 0x80000068 0x00060000
core   0: 0x8000c20c (0x07bc2623) sw      s11, 108(s8)
core   0: 3 0x8000c20c (0x07bc2623) mem 0x8000006c 0x00000001
core   0: 0x8000c210 (0x07cc2823) sw      t3, 112(s8)
core   0: 3 0x8000c210 (0x07cc2823) mem 0x80000070 0x00000000
core   0: 0x8000c214 (0x07dc2a23) sw      t4, 116(s8)
core   0: 3 0x8000c214 (0x07dc2a23) mem 0x80000074 0x0000065d
core   0: 0x8000c218 (0x07ec2c23) sw      t5, 120(s8)
core   0: 3 0x8000c218 (0x07ec2c23) mem 0x80000078 0x00000001
core   0: 0x8000c21c (0x07fc2e23) sw      t6, 124(s8)
core   0: 3 0x8000c21c (0x07fc2e23) mem 0x8000007c 0x00000000
core   0: 0x8000c220 (0xfffff117) auipc   sp, 0xfffff
core   0: 3 0x8000c220 (0xfffff117) x 2 0x8000b220
core   0: 0x8000c224 (0x45610113) addi    sp, sp, 1110
core   0: 3 0x8000c224 (0x45610113) x 2 0x8000b676
core   0: 0x8000c228 (0x00010067) jr      sp
core   0: 3 0x8000c228 (0x00010067)
core   0: 0x8000b676 (0x00002f17) auipc   t5, 0x2
core   0: 3 0x8000b676 (0x00002f17) x30 0x8000d676
core   0: 0x8000b67a (0x983f2523) sw      gp, -1654(t5)
core   0: 3 0x8000b67a (0x983f2523) mem 0x8000d000 0x00000001
core   0: 0x8000b67e (0x0000bfe5) c.j     pc - 8
core   0: 3 0x8000b67e (0xbfe5)
core   0: 0x8000b676 (0x00002f17) auipc   t5, 0x2
core   0: 3 0x8000b676 (0x00002f17) x30 0x8000d676
core   0: 0x8000b67a (0x983f2523) sw      gp, -1654(t5)
core   0: 3 0x8000b67a (0x983f2523) mem 0x8000d000 0x00000001
core   0: 0x8000b67e (0x0000bfe5) c.j     pc - 8
core   0: 3 0x8000b67e (0xbfe5)
core   0: 0x8000b676 (0x00002f17) auipc   t5, 0x2
core   0: 3 0x8000b676 (0x00002f17) x30 0x8000d676
core   0: 0x8000b67a (0x983f2523) sw      gp, -1654(t5)
core   0: 3 0x8000b67a (0x983f2523) mem 0x8000d000 0x00000001
core   0: 0x8000b67e (0x0000bfe5) c.j     pc - 8
core   0: 3 0x8000b67e (0xbfe5)
core   0: 0x8000b676 (0x00002f17) auipc   t5, 0x2
core   0: 3 0x8000b676 (0x00002f17) x30 0x8000d676
core   0: 0x8000b67a (0x983f2523) sw      gp, -1654(t5)
core   0: 3 0x8000b67a (0x983f2523) mem 0x8000d000 0x00000001
core   0: 0x8000b67e (0x0000bfe5) c.j     pc - 8
core   0: 3 0x8000b67e (0xbfe5)
core   0: 0x8000b676 (0x00002f17) auipc   t5, 0x2
core   0: 3 0x8000b676 (0x00002f17) x30 0x8000d676
core   0: 0x8000b67a (0x983f2523) sw      gp, -1654(t5)
core   0: 3 0x8000b67a (0x983f2523) mem 0x8000d000 0x00000001
core   0: 0x8000b67e (0x0000bfe5) c.j     pc - 8
core   0: 3 0x8000b67e (0xbfe5)
core   0: 0x8000b676 (0x00002f17) auipc   t5, 0x2
core   0: 3 0x8000b676 (0x00002f17) x30 0x8000d676
core   0: 0x8000b67a (0x983f2523) sw      gp, -1654(t5)
core   0: 3 0x8000b67a (0x983f2523) mem 0x8000d000 0x00000001
core   0: 0x8000b67e (0x0000bfe5) c.j     pc - 8
core   0: 3 0x8000b67e (0xbfe5)
core   0: 0x8000b676 (0x00002f17) auipc   t5, 0x2
core   0: 3 0x8000b676 (0x00002f17) x30 0x8000d676
core   0: 0x8000b67a (0x983f2523) sw      gp, -1654(t5)
core   0: 3 0x8000b67a (0x983f2523) mem 0x8000d000 0x00000001
core   0: 0x8000b67e (0x0000bfe5) c.j     pc - 8
core   0: 3 0x8000b67e (0xbfe5)
core   0: 0x8000b676 (0x00002f17) auipc   t5, 0x2
core   0: 3 0x8000b676 (0x00002f17) x30 0x8000d676
core   0: 0x8000b67a (0x983f2523) sw      gp, -1654(t5)
core   0: 3 0x8000b67a (0x983f2523) mem 0x8000d000 0x00000001
core   0: 0x8000b67e (0x0000bfe5) c.j     pc - 8
core   0: 3 0x8000b67e (0xbfe5)
core   0: 0x8000b676 (0x00002f17) auipc   t5, 0x2
core   0: 3 0x8000b676 (0x00002f17) x30 0x8000d676
core   0: 0x8000b67a (0x983f2523) sw      gp, -1654(t5)
core   0: 3 0x8000b67a (0x983f2523) mem 0x8000d000 0x00000001
core   0: 0x8000b67e (0x0000bfe5) c.j     pc - 8
core   0: 3 0x8000b67e (0xbfe5)
core   0: 0x8000b676 (0x00002f17) auipc   t5, 0x2
core   0: 3 0x8000b676 (0x00002f17) x30 0x8000d676
core   0: 0x8000b67a (0x983f2523) sw      gp, -1654(t5)
core   0: 3 0x8000b67a (0x983f2523) mem 0x8000d000 0x00000001
core   0: 0x8000b67e (0x0000bfe5) c.j     pc - 8
core   0: 3 0x8000b67e (0xbfe5)
core   0: 0x8000b676 (0x00002f17) auipc   t5, 0x2
core   0: 3 0x8000b676 (0x00002f17) x30 0x8000d676
core   0: 0x8000b67a (0x983f2523) sw      gp, -1654(t5)
core   0: 3 0x8000b67a (0x983f2523) mem 0x8000d000 0x00000001
core   0: 0x8000b67e (0x0000bfe5) c.j     pc - 8
core   0: 3 0x8000b67e (0xbfe5)
core   0: 0x8000b676 (0x00002f17) auipc   t5, 0x2
core   0: 3 0x8000b676 (0x00002f17) x30 0x8000d676
core   0: 0x8000b67a (0x983f2523) sw      gp, -1654(t5)
core   0: 3 0x8000b67a (0x983f2523) mem 0x8000d000 0x00000001
core   0: 0x8000b67e (0x0000bfe5) c.j     pc - 8
core   0: 3 0x8000b67e (0xbfe5)
core   0: 0x8000b676 (0x00002f17) auipc   t5, 0x2
core   0: 3 0x8000b676 (0x00002f17) x30 0x8000d676
core   0: 0x8000b67a (0x983f2523) sw      gp, -1654(t5)
core   0: 3 0x8000b67a (0x983f2523) mem 0x8000d000 0x00000001
core   0: 0x8000b67e (0x0000bfe5) c.j     pc - 8
core   0: 3 0x8000b67e (0xbfe5)
core   0: 0x8000b676 (0x00002f17) auipc   t5, 0x2
core   0: 3 0x8000b676 (0x00002f17) x30 0x8000d676
core   0: 0x8000b67a (0x983f2523) sw      gp, -1654(t5)
core   0: 3 0x8000b67a (0x983f2523) mem 0x8000d000 0x00000001
core   0: 0x8000b67e (0x0000bfe5) c.j     pc - 8
core   0: 3 0x8000b67e (0xbfe5)
core   0: 0x8000b676 (0x00002f17) auipc   t5, 0x2
core   0: 3 0x8000b676 (0x00002f17) x30 0x8000d676
core   0: 0x8000b67a (0x983f2523) sw      gp, -1654(t5)
core   0: 3 0x8000b67a (0x983f2523) mem 0x8000d000 0x00000001
core   0: 0x8000b67e (0x0000bfe5) c.j     pc - 8
core   0: 3 0x8000b67e (0xbfe5)
core   0: 0x8000b676 (0x00002f17) auipc   t5, 0x2
core   0: 3 0x8000b676 (0x00002f17) x30 0x8000d676
core   0: 0x8000b67a (0x983f2523) sw      gp, -1654(t5)
core   0: 3 0x8000b67a (0x983f2523) mem 0x8000d000 0x00000001
core   0: 0x8000b67e (0x0000bfe5) c.j     pc - 8
core   0: 3 0x8000b67e (0xbfe5)
core   0: 0x8000b676 (0x00002f17) auipc   t5, 0x2
core   0: 3 0x8000b676 (0x00002f17) x30 0x8000d676
core   0: 0x8000b67a (0x983f2523) sw      gp, -1654(t5)
core   0: 3 0x8000b67a (0x983f2523) mem 0x8000d000 0x00000001
core   0: 0x8000b67e (0x0000bfe5) c.j     pc - 8
core   0: 3 0x8000b67e (0xbfe5)
core   0: 0x8000b676 (0x00002f17) auipc   t5, 0x2
core   0: 3 0x8000b676 (0x00002f17) x30 0x8000d676
core   0: 0x8000b67a (0x983f2523) sw      gp, -1654(t5)
core   0: 3 0x8000b67a (0x983f2523) mem 0x8000d000 0x00000001
core   0: 0x8000b67e (0x0000bfe5) c.j     pc - 8
core   0: 3 0x8000b67e (0xbfe5)
core   0: 0x8000b676 (0x00002f17) auipc   t5, 0x2
core   0: 3 0x8000b676 (0x00002f17) x30 0x8000d676
core   0: 0x8000b67a (0x983f2523) sw      gp, -1654(t5)
core   0: 3 0x8000b67a (0x983f2523) mem 0x8000d000 0x00000001
core   0: 0x8000b67e (0x0000bfe5) c.j     pc - 8
core   0: 3 0x8000b67e (0xbfe5)
core   0: 0x8000b676 (0x00002f17) auipc   t5, 0x2
core   0: 3 0x8000b676 (0x00002f17) x30 0x8000d676
core   0: 0x8000b67a (0x983f2523) sw      gp, -1654(t5)
core   0: 3 0x8000b67a (0x983f2523) mem 0x8000d000 0x00000001
core   0: 0x8000b67e (0x0000bfe5) c.j     pc - 8
core   0: 3 0x8000b67e (0xbfe5)
core   0: 0x8000b676 (0x00002f17) auipc   t5, 0x2
core   0: 3 0x8000b676 (0x00002f17) x30 0x8000d676
core   0: 0x8000b67a (0x983f2523) sw      gp, -1654(t5)
core   0: 3 0x8000b67a (0x983f2523) mem 0x8000d000 0x00000001
core   0: 0x8000b67e (0x0000bfe5) c.j     pc - 8
core   0: 3 0x8000b67e (0xbfe5)
core   0: 0x8000b676 (0x00002f17) auipc   t5, 0x2
core   0: 3 0x8000b676 (0x00002f17) x30 0x8000d676
core   0: 0x8000b67a (0x983f2523) sw      gp, -1654(t5)
core   0: 3 0x8000b67a (0x983f2523) mem 0x8000d000 0x00000001
core   0: 0x8000b67e (0x0000bfe5) c.j     pc - 8
core   0: 3 0x8000b67e (0xbfe5)
core   0: 0x8000b676 (0x00002f17) auipc   t5, 0x2
core   0: 3 0x8000b676 (0x00002f17) x30 0x8000d676
core   0: 0x8000b67a (0x983f2523) sw      gp, -1654(t5)
core   0: 3 0x8000b67a (0x983f2523) mem 0x8000d000 0x00000001
core   0: 0x8000b67e (0x0000bfe5) c.j     pc - 8
core   0: 3 0x8000b67e (0xbfe5)
core   0: 0x8000b676 (0x00002f17) auipc   t5, 0x2
core   0: 3 0x8000b676 (0x00002f17) x30 0x8000d676
core   0: 0x8000b67a (0x983f2523) sw      gp, -1654(t5)
core   0: 3 0x8000b67a (0x983f2523) mem 0x8000d000 0x00000001
core   0: 0x8000b67e (0x0000bfe5) c.j     pc - 8
core   0: 3 0x8000b67e (0xbfe5)
core   0: 0x8000b676 (0x00002f17) auipc   t5, 0x2
core   0: 3 0x8000b676 (0x00002f17) x30 0x8000d676
core   0: 0x8000b67a (0x983f2523) sw      gp, -1654(t5)
core   0: 3 0x8000b67a (0x983f2523) mem 0x8000d000 0x00000001
core   0: 0x8000b67e (0x0000bfe5) c.j     pc - 8
core   0: 3 0x8000b67e (0xbfe5)
core   0: 0x8000b676 (0x00002f17) auipc   t5, 0x2
core   0: 3 0x8000b676 (0x00002f17) x30 0x8000d676
core   0: 0x8000b67a (0x983f2523) sw      gp, -1654(t5)
core   0: 3 0x8000b67a (0x983f2523) mem 0x8000d000 0x00000001
core   0: 0x8000b67e (0x0000bfe5) c.j     pc - 8
core   0: 3 0x8000b67e (0xbfe5)
core   0: 0x8000b676 (0x00002f17) auipc   t5, 0x2
core   0: 3 0x8000b676 (0x00002f17) x30 0x8000d676
core   0: 0x8000b67a (0x983f2523) sw      gp, -1654(t5)
core   0: 3 0x8000b67a (0x983f2523) mem 0x8000d000 0x00000001
core   0: 0x8000b67e (0x0000bfe5) c.j     pc - 8
core   0: 3 0x8000b67e (0xbfe5)
core   0: 0x8000b676 (0x00002f17) auipc   t5, 0x2
core   0: 3 0x8000b676 (0x00002f17) x30 0x8000d676
core   0: 0x8000b67a (0x983f2523) sw      gp, -1654(t5)
core   0: 3 0x8000b67a (0x983f2523) mem 0x8000d000 0x00000001
core   0: 0x8000b67e (0x0000bfe5) c.j     pc - 8
core   0: 3 0x8000b67e (0xbfe5)
core   0: 0x8000b676 (0x00002f17) auipc   t5, 0x2
core   0: 3 0x8000b676 (0x00002f17) x30 0x8000d676
core   0: 0x8000b67a (0x983f2523) sw      gp, -1654(t5)
core   0: 3 0x8000b67a (0x983f2523) mem 0x8000d000 0x00000001
core   0: 0x8000b67e (0x0000bfe5) c.j     pc - 8
core   0: 3 0x8000b67e (0xbfe5)
core   0: 0x8000b676 (0x00002f17) auipc   t5, 0x2
core   0: 3 0x8000b676 (0x00002f17) x30 0x8000d676
core   0: 0x8000b67a (0x983f2523) sw      gp, -1654(t5)
core   0: 3 0x8000b67a (0x983f2523) mem 0x8000d000 0x00000001
core   0: 0x8000b67e (0x0000bfe5) c.j     pc - 8
core   0: 3 0x8000b67e (0xbfe5)
core   0: 0x8000b676 (0x00002f17) auipc   t5, 0x2
core   0: 3 0x8000b676 (0x00002f17) x30 0x8000d676
core   0: 0x8000b67a (0x983f2523) sw      gp, -1654(t5)
core   0: 3 0x8000b67a (0x983f2523) mem 0x8000d000 0x00000001
core   0: 0x8000b67e (0x0000bfe5) c.j     pc - 8
core   0: 3 0x8000b67e (0xbfe5)
core   0: 0x8000b676 (0x00002f17) auipc   t5, 0x2
core   0: 3 0x8000b676 (0x00002f17) x30 0x8000d676
core   0: 0x8000b67a (0x983f2523) sw      gp, -1654(t5)
core   0: 3 0x8000b67a (0x983f2523) mem 0x8000d000 0x00000001
core   0: 0x8000b67e (0x0000bfe5) c.j     pc - 8
core   0: 3 0x8000b67e (0xbfe5)
core   0: 0x8000b676 (0x00002f17) auipc   t5, 0x2
core   0: 3 0x8000b676 (0x00002f17) x30 0x8000d676
core   0: 0x8000b67a (0x983f2523) sw      gp, -1654(t5)
core   0: 3 0x8000b67a (0x983f2523) mem 0x8000d000 0x00000001
core   0: 0x8000b67e (0x0000bfe5) c.j     pc - 8
core   0: 3 0x8000b67e (0xbfe5)
core   0: 0x8000b676 (0x00002f17) auipc   t5, 0x2
core   0: 3 0x8000b676 (0x00002f17) x30 0x8000d676
core   0: 0x8000b67a (0x983f2523) sw      gp, -1654(t5)
core   0: 3 0x8000b67a (0x983f2523) mem 0x8000d000 0x00000001
core   0: 0x8000b67e (0x0000bfe5) c.j     pc - 8
core   0: 3 0x8000b67e (0xbfe5)
core   0: 0x8000b676 (0x00002f17) auipc   t5, 0x2
core   0: 3 0x8000b676 (0x00002f17) x30 0x8000d676
core   0: 0x8000b67a (0x983f2523) sw      gp, -1654(t5)
core   0: 3 0x8000b67a (0x983f2523) mem 0x8000d000 0x00000001
core   0: 0x8000b67e (0x0000bfe5) c.j     pc - 8
core   0: 3 0x8000b67e (0xbfe5)
core   0: 0x8000b676 (0x00002f17) auipc   t5, 0x2
core   0: 3 0x8000b676 (0x00002f17) x30 0x8000d676
core   0: 0x8000b67a (0x983f2523) sw      gp, -1654(t5)
core   0: 3 0x8000b67a (0x983f2523) mem 0x8000d000 0x00000001
core   0: 0x8000b67e (0x0000bfe5) c.j     pc - 8
core   0: 3 0x8000b67e (0xbfe5)
core   0: 0x8000b676 (0x00002f17) auipc   t5, 0x2
core   0: 3 0x8000b676 (0x00002f17) x30 0x8000d676
core   0: 0x8000b67a (0x983f2523) sw      gp, -1654(t5)
core   0: 3 0x8000b67a (0x983f2523) mem 0x8000d000 0x00000001
core   0: 0x8000b67e (0x0000bfe5) c.j     pc - 8
core   0: 3 0x8000b67e (0xbfe5)
core   0: 0x8000b676 (0x00002f17) auipc   t5, 0x2
core   0: 3 0x8000b676 (0x00002f17) x30 0x8000d676
core   0: 0x8000b67a (0x983f2523) sw      gp, -1654(t5)
core   0: 3 0x8000b67a (0x983f2523) mem 0x8000d000 0x00000001
core   0: 0x8000b67e (0x0000bfe5) c.j     pc - 8
core   0: 3 0x8000b67e (0xbfe5)
core   0: 0x8000b676 (0x00002f17) auipc   t5, 0x2
core   0: 3 0x8000b676 (0x00002f17) x30 0x8000d676
core   0: 0x8000b67a (0x983f2523) sw      gp, -1654(t5)
core   0: 3 0x8000b67a (0x983f2523) mem 0x8000d000 0x00000001
core   0: 0x8000b67e (0x0000bfe5) c.j     pc - 8
core   0: 3 0x8000b67e (0xbfe5)
core   0: 0x8000b676 (0x00002f17) auipc   t5, 0x2
core   0: 3 0x8000b676 (0x00002f17) x30 0x8000d676
core   0: 0x8000b67a (0x983f2523) sw      gp, -1654(t5)
core   0: 3 0x8000b67a (0x983f2523) mem 0x8000d000 0x00000001
core   0: 0x8000b67e (0x0000bfe5) c.j     pc - 8
core   0: 3 0x8000b67e (0xbfe5)
core   0: 0x8000b676 (0x00002f17) auipc   t5, 0x2
core   0: 3 0x8000b676 (0x00002f17) x30 0x8000d676
core   0: 0x8000b67a (0x983f2523) sw      gp, -1654(t5)
core   0: 3 0x8000b67a (0x983f2523) mem 0x8000d000 0x00000001
core   0: 0x8000b67e (0x0000bfe5) c.j     pc - 8
core   0: 3 0x8000b67e (0xbfe5)
core   0: 0x8000b676 (0x00002f17) auipc   t5, 0x2
core   0: 3 0x8000b676 (0x00002f17) x30 0x8000d676
core   0: 0x8000b67a (0x983f2523) sw      gp, -1654(t5)
core   0: 3 0x8000b67a (0x983f2523) mem 0x8000d000 0x00000001
core   0: 0x8000b67e (0x0000bfe5) c.j     pc - 8
core   0: 3 0x8000b67e (0xbfe5)
core   0: 0x8000b676 (0x00002f17) auipc   t5, 0x2
core   0: 3 0x8000b676 (0x00002f17) x30 0x8000d676
core   0: 0x8000b67a (0x983f2523) sw      gp, -1654(t5)
core   0: 3 0x8000b67a (0x983f2523) mem 0x8000d000 0x00000001
core   0: 0x8000b67e (0x0000bfe5) c.j     pc - 8
core   0: 3 0x8000b67e (0xbfe5)
core   0: 0x8000b676 (0x00002f17) auipc   t5, 0x2
core   0: 3 0x8000b676 (0x00002f17) x30 0x8000d676
core   0: 0x8000b67a (0x983f2523) sw      gp, -1654(t5)
core   0: 3 0x8000b67a (0x983f2523) mem 0x8000d000 0x00000001
core   0: 0x8000b67e (0x0000bfe5) c.j     pc - 8
core   0: 3 0x8000b67e (0xbfe5)
core   0: 0x8000b676 (0x00002f17) auipc   t5, 0x2
core   0: 3 0x8000b676 (0x00002f17) x30 0x8000d676
core   0: 0x8000b67a (0x983f2523) sw      gp, -1654(t5)
core   0: 3 0x8000b67a (0x983f2523) mem 0x8000d000 0x00000001
core   0: 0x8000b67e (0x0000bfe5) c.j     pc - 8
core   0: 3 0x8000b67e (0xbfe5)
core   0: 0x8000b676 (0x00002f17) auipc   t5, 0x2
core   0: 3 0x8000b676 (0x00002f17) x30 0x8000d676
core   0: 0x8000b67a (0x983f2523) sw      gp, -1654(t5)
core   0: 3 0x8000b67a (0x983f2523) mem 0x8000d000 0x00000001
core   0: 0x8000b67e (0x0000bfe5) c.j     pc - 8
core   0: 3 0x8000b67e (0xbfe5)
core   0: 0x8000b676 (0x00002f17) auipc   t5, 0x2
core   0: 3 0x8000b676 (0x00002f17) x30 0x8000d676
core   0: 0x8000b67a (0x983f2523) sw      gp, -1654(t5)
core   0: 3 0x8000b67a (0x983f2523) mem 0x8000d000 0x00000001
core   0: 0x8000b67e (0x0000bfe5) c.j     pc - 8
core   0: 3 0x8000b67e (0xbfe5)
core   0: 0x8000b676 (0x00002f17) auipc   t5, 0x2
core   0: 3 0x8000b676 (0x00002f17) x30 0x8000d676
core   0: 0x8000b67a (0x983f2523) sw      gp, -1654(t5)
core   0: 3 0x8000b67a (0x983f2523) mem 0x8000d000 0x00000001
core   0: 0x8000b67e (0x0000bfe5) c.j     pc - 8
core   0: 3 0x8000b67e (0xbfe5)
core   0: 0x8000b676 (0x00002f17) auipc   t5, 0x2
core   0: 3 0x8000b676 (0x00002f17) x30 0x8000d676
core   0: 0x8000b67a (0x983f2523) sw      gp, -1654(t5)
core   0: 3 0x8000b67a (0x983f2523) mem 0x8000d000 0x00000001
core   0: 0x8000b67e (0x0000bfe5) c.j     pc - 8
core   0: 3 0x8000b67e (0xbfe5)
core   0: 0x8000b676 (0x00002f17) auipc   t5, 0x2
core   0: 3 0x8000b676 (0x00002f17) x30 0x8000d676
core   0: 0x8000b67a (0x983f2523) sw      gp, -1654(t5)
core   0: 3 0x8000b67a (0x983f2523) mem 0x8000d000 0x00000001
core   0: 0x8000b67e (0x0000bfe5) c.j     pc - 8
core   0: 3 0x8000b67e (0xbfe5)
core   0: 0x8000b676 (0x00002f17) auipc   t5, 0x2
core   0: 3 0x8000b676 (0x00002f17) x30 0x8000d676
core   0: 0x8000b67a (0x983f2523) sw      gp, -1654(t5)
core   0: 3 0x8000b67a (0x983f2523) mem 0x8000d000 0x00000001
core   0: 0x8000b67e (0x0000bfe5) c.j     pc - 8
core   0: 3 0x8000b67e (0xbfe5)
core   0: 0x8000b676 (0x00002f17) auipc   t5, 0x2
core   0: 3 0x8000b676 (0x00002f17) x30 0x8000d676
core   0: 0x8000b67a (0x983f2523) sw      gp, -1654(t5)
core   0: 3 0x8000b67a (0x983f2523) mem 0x8000d000 0x00000001
core   0: 0x8000b67e (0x0000bfe5) c.j     pc - 8
core   0: 3 0x8000b67e (0xbfe5)
core   0: 0x8000b676 (0x00002f17) auipc   t5, 0x2
core   0: 3 0x8000b676 (0x00002f17) x30 0x8000d676
core   0: 0x8000b67a (0x983f2523) sw      gp, -1654(t5)
core   0: 3 0x8000b67a (0x983f2523) mem 0x8000d000 0x00000001
core   0: 0x8000b67e (0x0000bfe5) c.j     pc - 8
core   0: 3 0x8000b67e (0xbfe5)
core   0: 0x8000b676 (0x00002f17) auipc   t5, 0x2
core   0: 3 0x8000b676 (0x00002f17) x30 0x8000d676
core   0: 0x8000b67a (0x983f2523) sw      gp, -1654(t5)
core   0: 3 0x8000b67a (0x983f2523) mem 0x8000d000 0x00000001
core   0: 0x8000b67e (0x0000bfe5) c.j     pc - 8
core   0: 3 0x8000b67e (0xbfe5)
core   0: 0x8000b676 (0x00002f17) auipc   t5, 0x2
core   0: 3 0x8000b676 (0x00002f17) x30 0x8000d676
core   0: 0x8000b67a (0x983f2523) sw      gp, -1654(t5)
core   0: 3 0x8000b67a (0x983f2523) mem 0x8000d000 0x00000001
core   0: 0x8000b67e (0x0000bfe5) c.j     pc - 8
core   0: 3 0x8000b67e (0xbfe5)
core   0: 0x8000b676 (0x00002f17) auipc   t5, 0x2
core   0: 3 0x8000b676 (0x00002f17) x30 0x8000d676
core   0: 0x8000b67a (0x983f2523) sw      gp, -1654(t5)
core   0: 3 0x8000b67a (0x983f2523) mem 0x8000d000 0x00000001
core   0: 0x8000b67e (0x0000bfe5) c.j     pc - 8
core   0: 3 0x8000b67e (0xbfe5)
core   0: 0x8000b676 (0x00002f17) auipc   t5, 0x2
core   0: 3 0x8000b676 (0x00002f17) x30 0x8000d676
core   0: 0x8000b67a (0x983f2523) sw      gp, -1654(t5)
core   0: 3 0x8000b67a (0x983f2523) mem 0x8000d000 0x00000001
core   0: 0x8000b67e (0x0000bfe5) c.j     pc - 8
core   0: 3 0x8000b67e (0xbfe5)
core   0: 0x8000b676 (0x00002f17) auipc   t5, 0x2
core   0: 3 0x8000b676 (0x00002f17) x30 0x8000d676
core   0: 0x8000b67a (0x983f2523) sw      gp, -1654(t5)
core   0: 3 0x8000b67a (0x983f2523) mem 0x8000d000 0x00000001
core   0: 0x8000b67e (0x0000bfe5) c.j     pc - 8
core   0: 3 0x8000b67e (0xbfe5)
core   0: 0x8000b676 (0x00002f17) auipc   t5, 0x2
core   0: 3 0x8000b676 (0x00002f17) x30 0x8000d676
core   0: 0x8000b67a (0x983f2523) sw      gp, -1654(t5)
core   0: 3 0x8000b67a (0x983f2523) mem 0x8000d000 0x00000001
core   0: 0x8000b67e (0x0000bfe5) c.j     pc - 8
core   0: 3 0x8000b67e (0xbfe5)
core   0: 0x8000b676 (0x00002f17) auipc   t5, 0x2
core   0: 3 0x8000b676 (0x00002f17) x30 0x8000d676
core   0: 0x8000b67a (0x983f2523) sw      gp, -1654(t5)
core   0: 3 0x8000b67a (0x983f2523) mem 0x8000d000 0x00000001
core   0: 0x8000b67e (0x0000bfe5) c.j     pc - 8
core   0: 3 0x8000b67e (0xbfe5)
core   0: 0x8000b676 (0x00002f17) auipc   t5, 0x2
core   0: 3 0x8000b676 (0x00002f17) x30 0x8000d676
core   0: 0x8000b67a (0x983f2523) sw      gp, -1654(t5)
core   0: 3 0x8000b67a (0x983f2523) mem 0x8000d000 0x00000001
core   0: 0x8000b67e (0x0000bfe5) c.j     pc - 8
core   0: 3 0x8000b67e (0xbfe5)
core   0: 0x8000b676 (0x00002f17) auipc   t5, 0x2
core   0: 3 0x8000b676 (0x00002f17) x30 0x8000d676
core   0: 0x8000b67a (0x983f2523) sw      gp, -1654(t5)
core   0: 3 0x8000b67a (0x983f2523) mem 0x8000d000 0x00000001
core   0: 0x8000b67e (0x0000bfe5) c.j     pc - 8
core   0: 3 0x8000b67e (0xbfe5)
core   0: 0x8000b676 (0x00002f17) auipc   t5, 0x2
core   0: 3 0x8000b676 (0x00002f17) x30 0x8000d676
core   0: 0x8000b67a (0x983f2523) sw      gp, -1654(t5)
core   0: 3 0x8000b67a (0x983f2523) mem 0x8000d000 0x00000001
core   0: 0x8000b67e (0x0000bfe5) c.j     pc - 8
core   0: 3 0x8000b67e (0xbfe5)
core   0: 0x8000b676 (0x00002f17) auipc   t5, 0x2
core   0: 3 0x8000b676 (0x00002f17) x30 0x8000d676
core   0: 0x8000b67a (0x983f2523) sw      gp, -1654(t5)
core   0: 3 0x8000b67a (0x983f2523) mem 0x8000d000 0x00000001
core   0: 0x8000b67e (0x0000bfe5) c.j     pc - 8
core   0: 3 0x8000b67e (0xbfe5)
core   0: 0x8000b676 (0x00002f17) auipc   t5, 0x2
core   0: 3 0x8000b676 (0x00002f17) x30 0x8000d676
core   0: 0x8000b67a (0x983f2523) sw      gp, -1654(t5)
core   0: 3 0x8000b67a (0x983f2523) mem 0x8000d000 0x00000001
core   0: 0x8000b67e (0x0000bfe5) c.j     pc - 8
core   0: 3 0x8000b67e (0xbfe5)
core   0: 0x8000b676 (0x00002f17) auipc   t5, 0x2
core   0: 3 0x8000b676 (0x00002f17) x30 0x8000d676
core   0: 0x8000b67a (0x983f2523) sw      gp, -1654(t5)
core   0: 3 0x8000b67a (0x983f2523) mem 0x8000d000 0x00000001
core   0: 0x8000b67e (0x0000bfe5) c.j     pc - 8
core   0: 3 0x8000b67e (0xbfe5)
core   0: 0x8000b676 (0x00002f17) auipc   t5, 0x2
core   0: 3 0x8000b676 (0x00002f17) x30 0x8000d676
core   0: 0x8000b67a (0x983f2523) sw      gp, -1654(t5)
core   0: 3 0x8000b67a (0x983f2523) mem 0x8000d000 0x00000001
core   0: 0x8000b67e (0x0000bfe5) c.j     pc - 8
core   0: 3 0x8000b67e (0xbfe5)
core   0: 0x8000b676 (0x00002f17) auipc   t5, 0x2
core   0: 3 0x8000b676 (0x00002f17) x30 0x8000d676
core   0: 0x8000b67a (0x983f2523) sw      gp, -1654(t5)
core   0: 3 0x8000b67a (0x983f2523) mem 0x8000d000 0x00000001
core   0: 0x8000b67e (0x0000bfe5) c.j     pc - 8
core   0: 3 0x8000b67e (0xbfe5)
core   0: 0x8000b676 (0x00002f17) auipc   t5, 0x2
core   0: 3 0x8000b676 (0x00002f17) x30 0x8000d676
core   0: 0x8000b67a (0x983f2523) sw      gp, -1654(t5)
core   0: 3 0x8000b67a (0x983f2523) mem 0x8000d000 0x00000001
core   0: 0x8000b67e (0x0000bfe5) c.j     pc - 8
core   0: 3 0x8000b67e (0xbfe5)
core   0: 0x8000b676 (0x00002f17) auipc   t5, 0x2
core   0: 3 0x8000b676 (0x00002f17) x30 0x8000d676
core   0: 0x8000b67a (0x983f2523) sw      gp, -1654(t5)
core   0: 3 0x8000b67a (0x983f2523) mem 0x8000d000 0x00000001
core   0: 0x8000b67e (0x0000bfe5) c.j     pc - 8
core   0: 3 0x8000b67e (0xbfe5)
core   0: 0x8000b676 (0x00002f17) auipc   t5, 0x2
core   0: 3 0x8000b676 (0x00002f17) x30 0x8000d676
core   0: 0x8000b67a (0x983f2523) sw      gp, -1654(t5)
core   0: 3 0x8000b67a (0x983f2523) mem 0x8000d000 0x00000001
core   0: 0x8000b67e (0x0000bfe5) c.j     pc - 8
core   0: 3 0x8000b67e (0xbfe5)
core   0: 0x8000b676 (0x00002f17) auipc   t5, 0x2
core   0: 3 0x8000b676 (0x00002f17) x30 0x8000d676
core   0: 0x8000b67a (0x983f2523) sw      gp, -1654(t5)
core   0: 3 0x8000b67a (0x983f2523) mem 0x8000d000 0x00000001
core   0: 0x8000b67e (0x0000bfe5) c.j     pc - 8
core   0: 3 0x8000b67e (0xbfe5)
core   0: 0x8000b676 (0x00002f17) auipc   t5, 0x2
core   0: 3 0x8000b676 (0x00002f17) x30 0x8000d676
core   0: 0x8000b67a (0x983f2523) sw      gp, -1654(t5)
core   0: 3 0x8000b67a (0x983f2523) mem 0x8000d000 0x00000001
core   0: 0x8000b67e (0x0000bfe5) c.j     pc - 8
core   0: 3 0x8000b67e (0xbfe5)
core   0: 0x8000b676 (0x00002f17) auipc   t5, 0x2
core   0: 3 0x8000b676 (0x00002f17) x30 0x8000d676
core   0: 0x8000b67a (0x983f2523) sw      gp, -1654(t5)
core   0: 3 0x8000b67a (0x983f2523) mem 0x8000d000 0x00000001
core   0: 0x8000b67e (0x0000bfe5) c.j     pc - 8
core   0: 3 0x8000b67e (0xbfe5)
core   0: 0x8000b676 (0x00002f17) auipc   t5, 0x2
core   0: 3 0x8000b676 (0x00002f17) x30 0x8000d676
core   0: 0x8000b67a (0x983f2523) sw      gp, -1654(t5)
core   0: 3 0x8000b67a (0x983f2523) mem 0x8000d000 0x00000001
core   0: 0x8000b67e (0x0000bfe5) c.j     pc - 8
core   0: 3 0x8000b67e (0xbfe5)
core   0: 0x8000b676 (0x00002f17) auipc   t5, 0x2
core   0: 3 0x8000b676 (0x00002f17) x30 0x8000d676
core   0: 0x8000b67a (0x983f2523) sw      gp, -1654(t5)
core   0: 3 0x8000b67a (0x983f2523) mem 0x8000d000 0x00000001
core   0: 0x8000b67e (0x0000bfe5) c.j     pc - 8
core   0: 3 0x8000b67e (0xbfe5)
core   0: 0x8000b676 (0x00002f17) auipc   t5, 0x2
core   0: 3 0x8000b676 (0x00002f17) x30 0x8000d676
core   0: 0x8000b67a (0x983f2523) sw      gp, -1654(t5)
core   0: 3 0x8000b67a (0x983f2523) mem 0x8000d000 0x00000001
core   0: 0x8000b67e (0x0000bfe5) c.j     pc - 8
core   0: 3 0x8000b67e (0xbfe5)
core   0: 0x8000b676 (0x00002f17) auipc   t5, 0x2
core   0: 3 0x8000b676 (0x00002f17) x30 0x8000d676
core   0: 0x8000b67a (0x983f2523) sw      gp, -1654(t5)
core   0: 3 0x8000b67a (0x983f2523) mem 0x8000d000 0x00000001
core   0: 0x8000b67e (0x0000bfe5) c.j     pc - 8
core   0: 3 0x8000b67e (0xbfe5)
core   0: 0x8000b676 (0x00002f17) auipc   t5, 0x2
core   0: 3 0x8000b676 (0x00002f17) x30 0x8000d676
core   0: 0x8000b67a (0x983f2523) sw      gp, -1654(t5)
core   0: 3 0x8000b67a (0x983f2523) mem 0x8000d000 0x00000001
core   0: 0x8000b67e (0x0000bfe5) c.j     pc - 8
core   0: 3 0x8000b67e (0xbfe5)
core   0: 0x8000b676 (0x00002f17) auipc   t5, 0x2
core   0: 3 0x8000b676 (0x00002f17) x30 0x8000d676
core   0: 0x8000b67a (0x983f2523) sw      gp, -1654(t5)
core   0: 3 0x8000b67a (0x983f2523) mem 0x8000d000 0x00000001
core   0: 0x8000b67e (0x0000bfe5) c.j     pc - 8
core   0: 3 0x8000b67e (0xbfe5)
core   0: 0x8000b676 (0x00002f17) auipc   t5, 0x2
core   0: 3 0x8000b676 (0x00002f17) x30 0x8000d676
core   0: 0x8000b67a (0x983f2523) sw      gp, -1654(t5)
core   0: 3 0x8000b67a (0x983f2523) mem 0x8000d000 0x00000001
core   0: 0x8000b67e (0x0000bfe5) c.j     pc - 8
core   0: 3 0x8000b67e (0xbfe5)
core   0: 0x8000b676 (0x00002f17) auipc   t5, 0x2
core   0: 3 0x8000b676 (0x00002f17) x30 0x8000d676
core   0: 0x8000b67a (0x983f2523) sw      gp, -1654(t5)
core   0: 3 0x8000b67a (0x983f2523) mem 0x8000d000 0x00000001
core   0: 0x8000b67e (0x0000bfe5) c.j     pc - 8
core   0: 3 0x8000b67e (0xbfe5)
core   0: 0x8000b676 (0x00002f17) auipc   t5, 0x2
core   0: 3 0x8000b676 (0x00002f17) x30 0x8000d676
core   0: 0x8000b67a (0x983f2523) sw      gp, -1654(t5)
core   0: 3 0x8000b67a (0x983f2523) mem 0x8000d000 0x00000001
core   0: 0x8000b67e (0x0000bfe5) c.j     pc - 8
core   0: 3 0x8000b67e (0xbfe5)
core   0: 0x8000b676 (0x00002f17) auipc   t5, 0x2
core   0: 3 0x8000b676 (0x00002f17) x30 0x8000d676
core   0: 0x8000b67a (0x983f2523) sw      gp, -1654(t5)
core   0: 3 0x8000b67a (0x983f2523) mem 0x8000d000 0x00000001
core   0: 0x8000b67e (0x0000bfe5) c.j     pc - 8
core   0: 3 0x8000b67e (0xbfe5)
core   0: 0x8000b676 (0x00002f17) auipc   t5, 0x2
core   0: 3 0x8000b676 (0x00002f17) x30 0x8000d676
core   0: 0x8000b67a (0x983f2523) sw      gp, -1654(t5)
core   0: 3 0x8000b67a (0x983f2523) mem 0x8000d000 0x00000001
core   0: 0x8000b67e (0x0000bfe5) c.j     pc - 8
core   0: 3 0x8000b67e (0xbfe5)
core   0: 0x8000b676 (0x00002f17) auipc   t5, 0x2
core   0: 3 0x8000b676 (0x00002f17) x30 0x8000d676
core   0: 0x8000b67a (0x983f2523) sw      gp, -1654(t5)
core   0: 3 0x8000b67a (0x983f2523) mem 0x8000d000 0x00000001
core   0: 0x8000b67e (0x0000bfe5) c.j     pc - 8
core   0: 3 0x8000b67e (0xbfe5)
core   0: 0x8000b676 (0x00002f17) auipc   t5, 0x2
core   0: 3 0x8000b676 (0x00002f17) x30 0x8000d676
core   0: 0x8000b67a (0x983f2523) sw      gp, -1654(t5)
core   0: 3 0x8000b67a (0x983f2523) mem 0x8000d000 0x00000001
core   0: 0x8000b67e (0x0000bfe5) c.j     pc - 8
core   0: 3 0x8000b67e (0xbfe5)
core   0: 0x8000b676 (0x00002f17) auipc   t5, 0x2
core   0: 3 0x8000b676 (0x00002f17) x30 0x8000d676
core   0: 0x8000b67a (0x983f2523) sw      gp, -1654(t5)
core   0: 3 0x8000b67a (0x983f2523) mem 0x8000d000 0x00000001
core   0: 0x8000b67e (0x0000bfe5) c.j     pc - 8
core   0: 3 0x8000b67e (0xbfe5)
core   0: 0x8000b676 (0x00002f17) auipc   t5, 0x2
core   0: 3 0x8000b676 (0x00002f17) x30 0x8000d676
core   0: 0x8000b67a (0x983f2523) sw      gp, -1654(t5)
core   0: 3 0x8000b67a (0x983f2523) mem 0x8000d000 0x00000001
core   0: 0x8000b67e (0x0000bfe5) c.j     pc - 8
core   0: 3 0x8000b67e (0xbfe5)
core   0: 0x8000b676 (0x00002f17) auipc   t5, 0x2
core   0: 3 0x8000b676 (0x00002f17) x30 0x8000d676
core   0: 0x8000b67a (0x983f2523) sw      gp, -1654(t5)
core   0: 3 0x8000b67a (0x983f2523) mem 0x8000d000 0x00000001
core   0: 0x8000b67e (0x0000bfe5) c.j     pc - 8
core   0: 3 0x8000b67e (0xbfe5)
core   0: 0x8000b676 (0x00002f17) auipc   t5, 0x2
core   0: 3 0x8000b676 (0x00002f17) x30 0x8000d676
core   0: 0x8000b67a (0x983f2523) sw      gp, -1654(t5)
core   0: 3 0x8000b67a (0x983f2523) mem 0x8000d000 0x00000001
core   0: 0x8000b67e (0x0000bfe5) c.j     pc - 8
core   0: 3 0x8000b67e (0xbfe5)
core   0: 0x8000b676 (0x00002f17) auipc   t5, 0x2
core   0: 3 0x8000b676 (0x00002f17) x30 0x8000d676
core   0: 0x8000b67a (0x983f2523) sw      gp, -1654(t5)
core   0: 3 0x8000b67a (0x983f2523) mem 0x8000d000 0x00000001
core   0: 0x8000b67e (0x0000bfe5) c.j     pc - 8
core   0: 3 0x8000b67e (0xbfe5)
core   0: 0x8000b676 (0x00002f17) auipc   t5, 0x2
core   0: 3 0x8000b676 (0x00002f17) x30 0x8000d676
core   0: 0x8000b67a (0x983f2523) sw      gp, -1654(t5)
core   0: 3 0x8000b67a (0x983f2523) mem 0x8000d000 0x00000001
core   0: 0x8000b67e (0x0000bfe5) c.j     pc - 8
core   0: 3 0x8000b67e (0xbfe5)
core   0: 0x8000b676 (0x00002f17) auipc   t5, 0x2
core   0: 3 0x8000b676 (0x00002f17) x30 0x8000d676
core   0: 0x8000b67a (0x983f2523) sw      gp, -1654(t5)
core   0: 3 0x8000b67a (0x983f2523) mem 0x8000d000 0x00000001
core   0: 0x8000b67e (0x0000bfe5) c.j     pc - 8
core   0: 3 0x8000b67e (0xbfe5)
core   0: 0x8000b676 (0x00002f17) auipc   t5, 0x2
core   0: 3 0x8000b676 (0x00002f17) x30 0x8000d676
core   0: 0x8000b67a (0x983f2523) sw      gp, -1654(t5)
core   0: 3 0x8000b67a (0x983f2523) mem 0x8000d000 0x00000001
core   0: 0x8000b67e (0x0000bfe5) c.j     pc - 8
core   0: 3 0x8000b67e (0xbfe5)
core   0: 0x8000b676 (0x00002f17) auipc   t5, 0x2
core   0: 3 0x8000b676 (0x00002f17) x30 0x8000d676
core   0: 0x8000b67a (0x983f2523) sw      gp, -1654(t5)
core   0: 3 0x8000b67a (0x983f2523) mem 0x8000d000 0x00000001
core   0: 0x8000b67e (0x0000bfe5) c.j     pc - 8
core   0: 3 0x8000b67e (0xbfe5)
core   0: 0x8000b676 (0x00002f17) auipc   t5, 0x2
core   0: 3 0x8000b676 (0x00002f17) x30 0x8000d676
core   0: 0x8000b67a (0x983f2523) sw      gp, -1654(t5)
core   0: 3 0x8000b67a (0x983f2523) mem 0x8000d000 0x00000001
core   0: 0x8000b67e (0x0000bfe5) c.j     pc - 8
core   0: 3 0x8000b67e (0xbfe5)
core   0: 0x8000b676 (0x00002f17) auipc   t5, 0x2
core   0: 3 0x8000b676 (0x00002f17) x30 0x8000d676
core   0: 0x8000b67a (0x983f2523) sw      gp, -1654(t5)
core   0: 3 0x8000b67a (0x983f2523) mem 0x8000d000 0x00000001
core   0: 0x8000b67e (0x0000bfe5) c.j     pc - 8
core   0: 3 0x8000b67e (0xbfe5)
core   0: 0x8000b676 (0x00002f17) auipc   t5, 0x2
core   0: 3 0x8000b676 (0x00002f17) x30 0x8000d676
core   0: 0x8000b67a (0x983f2523) sw      gp, -1654(t5)
core   0: 3 0x8000b67a (0x983f2523) mem 0x8000d000 0x00000001
core   0: 0x8000b67e (0x0000bfe5) c.j     pc - 8
core   0: 3 0x8000b67e (0xbfe5)
core   0: 0x8000b676 (0x00002f17) auipc   t5, 0x2
core   0: 3 0x8000b676 (0x00002f17) x30 0x8000d676
core   0: 0x8000b67a (0x983f2523) sw      gp, -1654(t5)
core   0: 3 0x8000b67a (0x983f2523) mem 0x8000d000 0x00000001
core   0: 0x8000b67e (0x0000bfe5) c.j     pc - 8
core   0: 3 0x8000b67e (0xbfe5)
core   0: 0x8000b676 (0x00002f17) auipc   t5, 0x2
core   0: 3 0x8000b676 (0x00002f17) x30 0x8000d676
core   0: 0x8000b67a (0x983f2523) sw      gp, -1654(t5)
core   0: 3 0x8000b67a (0x983f2523) mem 0x8000d000 0x00000001
core   0: 0x8000b67e (0x0000bfe5) c.j     pc - 8
core   0: 3 0x8000b67e (0xbfe5)
core   0: 0x8000b676 (0x00002f17) auipc   t5, 0x2
core   0: 3 0x8000b676 (0x00002f17) x30 0x8000d676
core   0: 0x8000b67a (0x983f2523) sw      gp, -1654(t5)
core   0: 3 0x8000b67a (0x983f2523) mem 0x8000d000 0x00000001
core   0: 0x8000b67e (0x0000bfe5) c.j     pc - 8
core   0: 3 0x8000b67e (0xbfe5)
core   0: 0x8000b676 (0x00002f17) auipc   t5, 0x2
core   0: 3 0x8000b676 (0x00002f17) x30 0x8000d676
core   0: 0x8000b67a (0x983f2523) sw      gp, -1654(t5)
core   0: 3 0x8000b67a (0x983f2523) mem 0x8000d000 0x00000001
core   0: 0x8000b67e (0x0000bfe5) c.j     pc - 8
core   0: 3 0x8000b67e (0xbfe5)
core   0: 0x8000b676 (0x00002f17) auipc   t5, 0x2
core   0: 3 0x8000b676 (0x00002f17) x30 0x8000d676
core   0: 0x8000b67a (0x983f2523) sw      gp, -1654(t5)
core   0: 3 0x8000b67a (0x983f2523) mem 0x8000d000 0x00000001
core   0: 0x8000b67e (0x0000bfe5) c.j     pc - 8
core   0: 3 0x8000b67e (0xbfe5)
core   0: 0x8000b676 (0x00002f17) auipc   t5, 0x2
core   0: 3 0x8000b676 (0x00002f17) x30 0x8000d676
core   0: 0x8000b67a (0x983f2523) sw      gp, -1654(t5)
core   0: 3 0x8000b67a (0x983f2523) mem 0x8000d000 0x00000001
core   0: 0x8000b67e (0x0000bfe5) c.j     pc - 8
core   0: 3 0x8000b67e (0xbfe5)
core   0: 0x8000b676 (0x00002f17) auipc   t5, 0x2
core   0: 3 0x8000b676 (0x00002f17) x30 0x8000d676
core   0: 0x8000b67a (0x983f2523) sw      gp, -1654(t5)
core   0: 3 0x8000b67a (0x983f2523) mem 0x8000d000 0x00000001
core   0: 0x8000b67e (0x0000bfe5) c.j     pc - 8
core   0: 3 0x8000b67e (0xbfe5)
core   0: 0x8000b676 (0x00002f17) auipc   t5, 0x2
core   0: 3 0x8000b676 (0x00002f17) x30 0x8000d676
core   0: 0x8000b67a (0x983f2523) sw      gp, -1654(t5)
core   0: 3 0x8000b67a (0x983f2523) mem 0x8000d000 0x00000001
core   0: 0x8000b67e (0x0000bfe5) c.j     pc - 8
core   0: 3 0x8000b67e (0xbfe5)
core   0: 0x8000b676 (0x00002f17) auipc   t5, 0x2
core   0: 3 0x8000b676 (0x00002f17) x30 0x8000d676
core   0: 0x8000b67a (0x983f2523) sw      gp, -1654(t5)
core   0: 3 0x8000b67a (0x983f2523) mem 0x8000d000 0x00000001
core   0: 0x8000b67e (0x0000bfe5) c.j     pc - 8
core   0: 3 0x8000b67e (0xbfe5)
core   0: 0x8000b676 (0x00002f17) auipc   t5, 0x2
core   0: 3 0x8000b676 (0x00002f17) x30 0x8000d676
core   0: 0x8000b67a (0x983f2523) sw      gp, -1654(t5)
core   0: 3 0x8000b67a (0x983f2523) mem 0x8000d000 0x00000001
core   0: 0x8000b67e (0x0000bfe5) c.j     pc - 8
core   0: 3 0x8000b67e (0xbfe5)
core   0: 0x8000b676 (0x00002f17) auipc   t5, 0x2
core   0: 3 0x8000b676 (0x00002f17) x30 0x8000d676
core   0: 0x8000b67a (0x983f2523) sw      gp, -1654(t5)
core   0: 3 0x8000b67a (0x983f2523) mem 0x8000d000 0x00000001
core   0: 0x8000b67e (0x0000bfe5) c.j     pc - 8
core   0: 3 0x8000b67e (0xbfe5)
core   0: 0x8000b676 (0x00002f17) auipc   t5, 0x2
core   0: 3 0x8000b676 (0x00002f17) x30 0x8000d676
core   0: 0x8000b67a (0x983f2523) sw      gp, -1654(t5)
core   0: 3 0x8000b67a (0x983f2523) mem 0x8000d000 0x00000001
core   0: 0x8000b67e (0x0000bfe5) c.j     pc - 8
core   0: 3 0x8000b67e (0xbfe5)
core   0: 0x8000b676 (0x00002f17) auipc   t5, 0x2
core   0: 3 0x8000b676 (0x00002f17) x30 0x8000d676
core   0: 0x8000b67a (0x983f2523) sw      gp, -1654(t5)
core   0: 3 0x8000b67a (0x983f2523) mem 0x8000d000 0x00000001
core   0: 0x8000b67e (0x0000bfe5) c.j     pc - 8
core   0: 3 0x8000b67e (0xbfe5)
core   0: 0x8000b676 (0x00002f17) auipc   t5, 0x2
core   0: 3 0x8000b676 (0x00002f17) x30 0x8000d676
core   0: 0x8000b67a (0x983f2523) sw      gp, -1654(t5)
core   0: 3 0x8000b67a (0x983f2523) mem 0x8000d000 0x00000001
core   0: 0x8000b67e (0x0000bfe5) c.j     pc - 8
core   0: 3 0x8000b67e (0xbfe5)
core   0: 0x8000b676 (0x00002f17) auipc   t5, 0x2
core   0: 3 0x8000b676 (0x00002f17) x30 0x8000d676
core   0: 0x8000b67a (0x983f2523) sw      gp, -1654(t5)
core   0: 3 0x8000b67a (0x983f2523) mem 0x8000d000 0x00000001
core   0: 0x8000b67e (0x0000bfe5) c.j     pc - 8
core   0: 3 0x8000b67e (0xbfe5)
core   0: 0x8000b676 (0x00002f17) auipc   t5, 0x2
core   0: 3 0x8000b676 (0x00002f17) x30 0x8000d676
core   0: 0x8000b67a (0x983f2523) sw      gp, -1654(t5)
core   0: 3 0x8000b67a (0x983f2523) mem 0x8000d000 0x00000001
core   0: 0x8000b67e (0x0000bfe5) c.j     pc - 8
core   0: 3 0x8000b67e (0xbfe5)
core   0: 0x8000b676 (0x00002f17) auipc   t5, 0x2
core   0: 3 0x8000b676 (0x00002f17) x30 0x8000d676
core   0: 0x8000b67a (0x983f2523) sw      gp, -1654(t5)
core   0: 3 0x8000b67a (0x983f2523) mem 0x8000d000 0x00000001
core   0: 0x8000b67e (0x0000bfe5) c.j     pc - 8
core   0: 3 0x8000b67e (0xbfe5)
core   0: 0x8000b676 (0x00002f17) auipc   t5, 0x2
core   0: 3 0x8000b676 (0x00002f17) x30 0x8000d676
core   0: 0x8000b67a (0x983f2523) sw      gp, -1654(t5)
core   0: 3 0x8000b67a (0x983f2523) mem 0x8000d000 0x00000001
core   0: 0x8000b67e (0x0000bfe5) c.j     pc - 8
core   0: 3 0x8000b67e (0xbfe5)
core   0: 0x8000b676 (0x00002f17) auipc   t5, 0x2
core   0: 3 0x8000b676 (0x00002f17) x30 0x8000d676
core   0: 0x8000b67a (0x983f2523) sw      gp, -1654(t5)
core   0: 3 0x8000b67a (0x983f2523) mem 0x8000d000 0x00000001
core   0: 0x8000b67e (0x0000bfe5) c.j     pc - 8
core   0: 3 0x8000b67e (0xbfe5)
core   0: 0x8000b676 (0x00002f17) auipc   t5, 0x2
core   0: 3 0x8000b676 (0x00002f17) x30 0x8000d676
core   0: 0x8000b67a (0x983f2523) sw      gp, -1654(t5)
core   0: 3 0x8000b67a (0x983f2523) mem 0x8000d000 0x00000001
core   0: 0x8000b67e (0x0000bfe5) c.j     pc - 8
core   0: 3 0x8000b67e (0xbfe5)
core   0: 0x8000b676 (0x00002f17) auipc   t5, 0x2
core   0: 3 0x8000b676 (0x00002f17) x30 0x8000d676
core   0: 0x8000b67a (0x983f2523) sw      gp, -1654(t5)
core   0: 3 0x8000b67a (0x983f2523) mem 0x8000d000 0x00000001
core   0: 0x8000b67e (0x0000bfe5) c.j     pc - 8
core   0: 3 0x8000b67e (0xbfe5)
core   0: 0x8000b676 (0x00002f17) auipc   t5, 0x2
core   0: 3 0x8000b676 (0x00002f17) x30 0x8000d676
core   0: 0x8000b67a (0x983f2523) sw      gp, -1654(t5)
core   0: 3 0x8000b67a (0x983f2523) mem 0x8000d000 0x00000001
core   0: 0x8000b67e (0x0000bfe5) c.j     pc - 8
core   0: 3 0x8000b67e (0xbfe5)
core   0: 0x8000b676 (0x00002f17) auipc   t5, 0x2
core   0: 3 0x8000b676 (0x00002f17) x30 0x8000d676
core   0: 0x8000b67a (0x983f2523) sw      gp, -1654(t5)
core   0: 3 0x8000b67a (0x983f2523) mem 0x8000d000 0x00000001
core   0: 0x8000b67e (0x0000bfe5) c.j     pc - 8
core   0: 3 0x8000b67e (0xbfe5)
core   0: 0x8000b676 (0x00002f17) auipc   t5, 0x2
core   0: 3 0x8000b676 (0x00002f17) x30 0x8000d676
core   0: 0x8000b67a (0x983f2523) sw      gp, -1654(t5)
core   0: 3 0x8000b67a (0x983f2523) mem 0x8000d000 0x00000001
core   0: 0x8000b67e (0x0000bfe5) c.j     pc - 8
core   0: 3 0x8000b67e (0xbfe5)
core   0: 0x8000b676 (0x00002f17) auipc   t5, 0x2
core   0: 3 0x8000b676 (0x00002f17) x30 0x8000d676
core   0: 0x8000b67a (0x983f2523) sw      gp, -1654(t5)
core   0: 3 0x8000b67a (0x983f2523) mem 0x8000d000 0x00000001
core   0: 0x8000b67e (0x0000bfe5) c.j     pc - 8
core   0: 3 0x8000b67e (0xbfe5)
core   0: 0x8000b676 (0x00002f17) auipc   t5, 0x2
core   0: 3 0x8000b676 (0x00002f17) x30 0x8000d676
core   0: 0x8000b67a (0x983f2523) sw      gp, -1654(t5)
core   0: 3 0x8000b67a (0x983f2523) mem 0x8000d000 0x00000001
core   0: 0x8000b67e (0x0000bfe5) c.j     pc - 8
core   0: 3 0x8000b67e (0xbfe5)
core   0: 0x8000b676 (0x00002f17) auipc   t5, 0x2
core   0: 3 0x8000b676 (0x00002f17) x30 0x8000d676
core   0: 0x8000b67a (0x983f2523) sw      gp, -1654(t5)
core   0: 3 0x8000b67a (0x983f2523) mem 0x8000d000 0x00000001
core   0: 0x8000b67e (0x0000bfe5) c.j     pc - 8
core   0: 3 0x8000b67e (0xbfe5)
core   0: 0x8000b676 (0x00002f17) auipc   t5, 0x2
core   0: 3 0x8000b676 (0x00002f17) x30 0x8000d676
core   0: 0x8000b67a (0x983f2523) sw      gp, -1654(t5)
core   0: 3 0x8000b67a (0x983f2523) mem 0x8000d000 0x00000001
core   0: 0x8000b67e (0x0000bfe5) c.j     pc - 8
core   0: 3 0x8000b67e (0xbfe5)
core   0: 0x8000b676 (0x00002f17) auipc   t5, 0x2
core   0: 3 0x8000b676 (0x00002f17) x30 0x8000d676
core   0: 0x8000b67a (0x983f2523) sw      gp, -1654(t5)
core   0: 3 0x8000b67a (0x983f2523) mem 0x8000d000 0x00000001
core   0: 0x8000b67e (0x0000bfe5) c.j     pc - 8
core   0: 3 0x8000b67e (0xbfe5)
core   0: 0x8000b676 (0x00002f17) auipc   t5, 0x2
core   0: 3 0x8000b676 (0x00002f17) x30 0x8000d676
core   0: 0x8000b67a (0x983f2523) sw      gp, -1654(t5)
core   0: 3 0x8000b67a (0x983f2523) mem 0x8000d000 0x00000001
core   0: 0x8000b67e (0x0000bfe5) c.j     pc - 8
core   0: 3 0x8000b67e (0xbfe5)
core   0: 0x8000b676 (0x00002f17) auipc   t5, 0x2
core   0: 3 0x8000b676 (0x00002f17) x30 0x8000d676
core   0: 0x8000b67a (0x983f2523) sw      gp, -1654(t5)
core   0: 3 0x8000b67a (0x983f2523) mem 0x8000d000 0x00000001
core   0: 0x8000b67e (0x0000bfe5) c.j     pc - 8
core   0: 3 0x8000b67e (0xbfe5)
core   0: 0x8000b676 (0x00002f17) auipc   t5, 0x2
core   0: 3 0x8000b676 (0x00002f17) x30 0x8000d676
core   0: 0x8000b67a (0x983f2523) sw      gp, -1654(t5)
core   0: 3 0x8000b67a (0x983f2523) mem 0x8000d000 0x00000001
core   0: 0x8000b67e (0x0000bfe5) c.j     pc - 8
core   0: 3 0x8000b67e (0xbfe5)
core   0: 0x8000b676 (0x00002f17) auipc   t5, 0x2
core   0: 3 0x8000b676 (0x00002f17) x30 0x8000d676
core   0: 0x8000b67a (0x983f2523) sw      gp, -1654(t5)
core   0: 3 0x8000b67a (0x983f2523) mem 0x8000d000 0x00000001
core   0: 0x8000b67e (0x0000bfe5) c.j     pc - 8
core   0: 3 0x8000b67e (0xbfe5)
core   0: 0x8000b676 (0x00002f17) auipc   t5, 0x2
core   0: 3 0x8000b676 (0x00002f17) x30 0x8000d676
core   0: 0x8000b67a (0x983f2523) sw      gp, -1654(t5)
core   0: 3 0x8000b67a (0x983f2523) mem 0x8000d000 0x00000001
core   0: 0x8000b67e (0x0000bfe5) c.j     pc - 8
core   0: 3 0x8000b67e (0xbfe5)
core   0: 0x8000b676 (0x00002f17) auipc   t5, 0x2
core   0: 3 0x8000b676 (0x00002f17) x30 0x8000d676
core   0: 0x8000b67a (0x983f2523) sw      gp, -1654(t5)
core   0: 3 0x8000b67a (0x983f2523) mem 0x8000d000 0x00000001
core   0: 0x8000b67e (0x0000bfe5) c.j     pc - 8
core   0: 3 0x8000b67e (0xbfe5)
core   0: 0x8000b676 (0x00002f17) auipc   t5, 0x2
core   0: 3 0x8000b676 (0x00002f17) x30 0x8000d676
core   0: 0x8000b67a (0x983f2523) sw      gp, -1654(t5)
core   0: 3 0x8000b67a (0x983f2523) mem 0x8000d000 0x00000001
core   0: 0x8000b67e (0x0000bfe5) c.j     pc - 8
core   0: 3 0x8000b67e (0xbfe5)
core   0: 0x8000b676 (0x00002f17) auipc   t5, 0x2
core   0: 3 0x8000b676 (0x00002f17) x30 0x8000d676
core   0: 0x8000b67a (0x983f2523) sw      gp, -1654(t5)
core   0: 3 0x8000b67a (0x983f2523) mem 0x8000d000 0x00000001
core   0: 0x8000b67e (0x0000bfe5) c.j     pc - 8
core   0: 3 0x8000b67e (0xbfe5)
core   0: 0x8000b676 (0x00002f17) auipc   t5, 0x2
core   0: 3 0x8000b676 (0x00002f17) x30 0x8000d676
core   0: 0x8000b67a (0x983f2523) sw      gp, -1654(t5)
core   0: 3 0x8000b67a (0x983f2523) mem 0x8000d000 0x00000001
core   0: 0x8000b67e (0x0000bfe5) c.j     pc - 8
core   0: 3 0x8000b67e (0xbfe5)
core   0: 0x8000b676 (0x00002f17) auipc   t5, 0x2
core   0: 3 0x8000b676 (0x00002f17) x30 0x8000d676
core   0: 0x8000b67a (0x983f2523) sw      gp, -1654(t5)
core   0: 3 0x8000b67a (0x983f2523) mem 0x8000d000 0x00000001
core   0: 0x8000b67e (0x0000bfe5) c.j     pc - 8
core   0: 3 0x8000b67e (0xbfe5)
core   0: 0x8000b676 (0x00002f17) auipc   t5, 0x2
core   0: 3 0x8000b676 (0x00002f17) x30 0x8000d676
core   0: 0x8000b67a (0x983f2523) sw      gp, -1654(t5)
core   0: 3 0x8000b67a (0x983f2523) mem 0x8000d000 0x00000001
core   0: 0x8000b67e (0x0000bfe5) c.j     pc - 8
core   0: 3 0x8000b67e (0xbfe5)
core   0: 0x8000b676 (0x00002f17) auipc   t5, 0x2
core   0: 3 0x8000b676 (0x00002f17) x30 0x8000d676
core   0: 0x8000b67a (0x983f2523) sw      gp, -1654(t5)
core   0: 3 0x8000b67a (0x983f2523) mem 0x8000d000 0x00000001
core   0: 0x8000b67e (0x0000bfe5) c.j     pc - 8
core   0: 3 0x8000b67e (0xbfe5)
core   0: 0x8000b676 (0x00002f17) auipc   t5, 0x2
core   0: 3 0x8000b676 (0x00002f17) x30 0x8000d676
core   0: 0x8000b67a (0x983f2523) sw      gp, -1654(t5)
core   0: 3 0x8000b67a (0x983f2523) mem 0x8000d000 0x00000001
core   0: 0x8000b67e (0x0000bfe5) c.j     pc - 8
core   0: 3 0x8000b67e (0xbfe5)
core   0: 0x8000b676 (0x00002f17) auipc   t5, 0x2
core   0: 3 0x8000b676 (0x00002f17) x30 0x8000d676
core   0: 0x8000b67a (0x983f2523) sw      gp, -1654(t5)
core   0: 3 0x8000b67a (0x983f2523) mem 0x8000d000 0x00000001
core   0: 0x8000b67e (0x0000bfe5) c.j     pc - 8
core   0: 3 0x8000b67e (0xbfe5)
core   0: 0x8000b676 (0x00002f17) auipc   t5, 0x2
core   0: 3 0x8000b676 (0x00002f17) x30 0x8000d676
core   0: 0x8000b67a (0x983f2523) sw      gp, -1654(t5)
core   0: 3 0x8000b67a (0x983f2523) mem 0x8000d000 0x00000001
core   0: 0x8000b67e (0x0000bfe5) c.j     pc - 8
core   0: 3 0x8000b67e (0xbfe5)
core   0: 0x8000b676 (0x00002f17) auipc   t5, 0x2
core   0: 3 0x8000b676 (0x00002f17) x30 0x8000d676
core   0: 0x8000b67a (0x983f2523) sw      gp, -1654(t5)
core   0: 3 0x8000b67a (0x983f2523) mem 0x8000d000 0x00000001
core   0: 0x8000b67e (0x0000bfe5) c.j     pc - 8
core   0: 3 0x8000b67e (0xbfe5)
core   0: 0x8000b676 (0x00002f17) auipc   t5, 0x2
core   0: 3 0x8000b676 (0x00002f17) x30 0x8000d676
core   0: 0x8000b67a (0x983f2523) sw      gp, -1654(t5)
core   0: 3 0x8000b67a (0x983f2523) mem 0x8000d000 0x00000001
core   0: 0x8000b67e (0x0000bfe5) c.j     pc - 8
core   0: 3 0x8000b67e (0xbfe5)
core   0: 0x8000b676 (0x00002f17) auipc   t5, 0x2
core   0: 3 0x8000b676 (0x00002f17) x30 0x8000d676
core   0: 0x8000b67a (0x983f2523) sw      gp, -1654(t5)
core   0: 3 0x8000b67a (0x983f2523) mem 0x8000d000 0x00000001
core   0: 0x8000b67e (0x0000bfe5) c.j     pc - 8
core   0: 3 0x8000b67e (0xbfe5)
core   0: 0x8000b676 (0x00002f17) auipc   t5, 0x2
core   0: 3 0x8000b676 (0x00002f17) x30 0x8000d676
core   0: 0x8000b67a (0x983f2523) sw      gp, -1654(t5)
core   0: 3 0x8000b67a (0x983f2523) mem 0x8000d000 0x00000001
core   0: 0x8000b67e (0x0000bfe5) c.j     pc - 8
core   0: 3 0x8000b67e (0xbfe5)
core   0: 0x8000b676 (0x00002f17) auipc   t5, 0x2
core   0: 3 0x8000b676 (0x00002f17) x30 0x8000d676
core   0: 0x8000b67a (0x983f2523) sw      gp, -1654(t5)
core   0: 3 0x8000b67a (0x983f2523) mem 0x8000d000 0x00000001
core   0: 0x8000b67e (0x0000bfe5) c.j     pc - 8
core   0: 3 0x8000b67e (0xbfe5)
core   0: 0x8000b676 (0x00002f17) auipc   t5, 0x2
core   0: 3 0x8000b676 (0x00002f17) x30 0x8000d676
core   0: 0x8000b67a (0x983f2523) sw      gp, -1654(t5)
core   0: 3 0x8000b67a (0x983f2523) mem 0x8000d000 0x00000001
core   0: 0x8000b67e (0x0000bfe5) c.j     pc - 8
core   0: 3 0x8000b67e (0xbfe5)
core   0: 0x8000b676 (0x00002f17) auipc   t5, 0x2
core   0: 3 0x8000b676 (0x00002f17) x30 0x8000d676
core   0: 0x8000b67a (0x983f2523) sw      gp, -1654(t5)
core   0: 3 0x8000b67a (0x983f2523) mem 0x8000d000 0x00000001
core   0: 0x8000b67e (0x0000bfe5) c.j     pc - 8
core   0: 3 0x8000b67e (0xbfe5)
core   0: 0x8000b676 (0x00002f17) auipc   t5, 0x2
core   0: 3 0x8000b676 (0x00002f17) x30 0x8000d676
core   0: 0x8000b67a (0x983f2523) sw      gp, -1654(t5)
core   0: 3 0x8000b67a (0x983f2523) mem 0x8000d000 0x00000001
core   0: 0x8000b67e (0x0000bfe5) c.j     pc - 8
core   0: 3 0x8000b67e (0xbfe5)
core   0: 0x8000b676 (0x00002f17) auipc   t5, 0x2
core   0: 3 0x8000b676 (0x00002f17) x30 0x8000d676
core   0: 0x8000b67a (0x983f2523) sw      gp, -1654(t5)
core   0: 3 0x8000b67a (0x983f2523) mem 0x8000d000 0x00000001
core   0: 0x8000b67e (0x0000bfe5) c.j     pc - 8
core   0: 3 0x8000b67e (0xbfe5)
core   0: 0x8000b676 (0x00002f17) auipc   t5, 0x2
core   0: 3 0x8000b676 (0x00002f17) x30 0x8000d676
core   0: 0x8000b67a (0x983f2523) sw      gp, -1654(t5)
core   0: 3 0x8000b67a (0x983f2523) mem 0x8000d000 0x00000001
core   0: 0x8000b67e (0x0000bfe5) c.j     pc - 8
core   0: 3 0x8000b67e (0xbfe5)
core   0: 0x8000b676 (0x00002f17) auipc   t5, 0x2
core   0: 3 0x8000b676 (0x00002f17) x30 0x8000d676
core   0: 0x8000b67a (0x983f2523) sw      gp, -1654(t5)
core   0: 3 0x8000b67a (0x983f2523) mem 0x8000d000 0x00000001
core   0: 0x8000b67e (0x0000bfe5) c.j     pc - 8
core   0: 3 0x8000b67e (0xbfe5)
core   0: 0x8000b676 (0x00002f17) auipc   t5, 0x2
core   0: 3 0x8000b676 (0x00002f17) x30 0x8000d676
core   0: 0x8000b67a (0x983f2523) sw      gp, -1654(t5)
core   0: 3 0x8000b67a (0x983f2523) mem 0x8000d000 0x00000001
core   0: 0x8000b67e (0x0000bfe5) c.j     pc - 8
core   0: 3 0x8000b67e (0xbfe5)
core   0: 0x8000b676 (0x00002f17) auipc   t5, 0x2
core   0: 3 0x8000b676 (0x00002f17) x30 0x8000d676
core   0: 0x8000b67a (0x983f2523) sw      gp, -1654(t5)
core   0: 3 0x8000b67a (0x983f2523) mem 0x8000d000 0x00000001
core   0: 0x8000b67e (0x0000bfe5) c.j     pc - 8
core   0: 3 0x8000b67e (0xbfe5)
core   0: 0x8000b676 (0x00002f17) auipc   t5, 0x2
core   0: 3 0x8000b676 (0x00002f17) x30 0x8000d676
core   0: 0x8000b67a (0x983f2523) sw      gp, -1654(t5)
core   0: 3 0x8000b67a (0x983f2523) mem 0x8000d000 0x00000001
core   0: 0x8000b67e (0x0000bfe5) c.j     pc - 8
core   0: 3 0x8000b67e (0xbfe5)
core   0: 0x8000b676 (0x00002f17) auipc   t5, 0x2
core   0: 3 0x8000b676 (0x00002f17) x30 0x8000d676
core   0: 0x8000b67a (0x983f2523) sw      gp, -1654(t5)
core   0: 3 0x8000b67a (0x983f2523) mem 0x8000d000 0x00000001
core   0: 0x8000b67e (0x0000bfe5) c.j     pc - 8
core   0: 3 0x8000b67e (0xbfe5)
core   0: 0x8000b676 (0x00002f17) auipc   t5, 0x2
core   0: 3 0x8000b676 (0x00002f17) x30 0x8000d676
core   0: 0x8000b67a (0x983f2523) sw      gp, -1654(t5)
core   0: 3 0x8000b67a (0x983f2523) mem 0x8000d000 0x00000001
core   0: 0x8000b67e (0x0000bfe5) c.j     pc - 8
core   0: 3 0x8000b67e (0xbfe5)
core   0: 0x8000b676 (0x00002f17) auipc   t5, 0x2
core   0: 3 0x8000b676 (0x00002f17) x30 0x8000d676
core   0: 0x8000b67a (0x983f2523) sw      gp, -1654(t5)
core   0: 3 0x8000b67a (0x983f2523) mem 0x8000d000 0x00000001
core   0: 0x8000b67e (0x0000bfe5) c.j     pc - 8
core   0: 3 0x8000b67e (0xbfe5)
core   0: 0x8000b676 (0x00002f17) auipc   t5, 0x2
core   0: 3 0x8000b676 (0x00002f17) x30 0x8000d676
core   0: 0x8000b67a (0x983f2523) sw      gp, -1654(t5)
core   0: 3 0x8000b67a (0x983f2523) mem 0x8000d000 0x00000001
core   0: 0x8000b67e (0x0000bfe5) c.j     pc - 8
core   0: 3 0x8000b67e (0xbfe5)
core   0: 0x8000b676 (0x00002f17) auipc   t5, 0x2
core   0: 3 0x8000b676 (0x00002f17) x30 0x8000d676
core   0: 0x8000b67a (0x983f2523) sw      gp, -1654(t5)
core   0: 3 0x8000b67a (0x983f2523) mem 0x8000d000 0x00000001
core   0: 0x8000b67e (0x0000bfe5) c.j     pc - 8
core   0: 3 0x8000b67e (0xbfe5)
core   0: 0x8000b676 (0x00002f17) auipc   t5, 0x2
core   0: 3 0x8000b676 (0x00002f17) x30 0x8000d676
core   0: 0x8000b67a (0x983f2523) sw      gp, -1654(t5)
core   0: 3 0x8000b67a (0x983f2523) mem 0x8000d000 0x00000001
core   0: 0x8000b67e (0x0000bfe5) c.j     pc - 8
core   0: 3 0x8000b67e (0xbfe5)
core   0: 0x8000b676 (0x00002f17) auipc   t5, 0x2
core   0: 3 0x8000b676 (0x00002f17) x30 0x8000d676
core   0: 0x8000b67a (0x983f2523) sw      gp, -1654(t5)
core   0: 3 0x8000b67a (0x983f2523) mem 0x8000d000 0x00000001
core   0: 0x8000b67e (0x0000bfe5) c.j     pc - 8
core   0: 3 0x8000b67e (0xbfe5)
core   0: 0x8000b676 (0x00002f17) auipc   t5, 0x2
core   0: 3 0x8000b676 (0x00002f17) x30 0x8000d676
core   0: 0x8000b67a (0x983f2523) sw      gp, -1654(t5)
core   0: 3 0x8000b67a (0x983f2523) mem 0x8000d000 0x00000001
core   0: 0x8000b67e (0x0000bfe5) c.j     pc - 8
core   0: 3 0x8000b67e (0xbfe5)
core   0: 0x8000b676 (0x00002f17) auipc   t5, 0x2
core   0: 3 0x8000b676 (0x00002f17) x30 0x8000d676
core   0: 0x8000b67a (0x983f2523) sw      gp, -1654(t5)
core   0: 3 0x8000b67a (0x983f2523) mem 0x8000d000 0x00000001
core   0: 0x8000b67e (0x0000bfe5) c.j     pc - 8
core   0: 3 0x8000b67e (0xbfe5)
core   0: 0x8000b676 (0x00002f17) auipc   t5, 0x2
core   0: 3 0x8000b676 (0x00002f17) x30 0x8000d676
core   0: 0x8000b67a (0x983f2523) sw      gp, -1654(t5)
core   0: 3 0x8000b67a (0x983f2523) mem 0x8000d000 0x00000001
core   0: 0x8000b67e (0x0000bfe5) c.j     pc - 8
core   0: 3 0x8000b67e (0xbfe5)
core   0: 0x8000b676 (0x00002f17) auipc   t5, 0x2
core   0: 3 0x8000b676 (0x00002f17) x30 0x8000d676
core   0: 0x8000b67a (0x983f2523) sw      gp, -1654(t5)
core   0: 3 0x8000b67a (0x983f2523) mem 0x8000d000 0x00000001
core   0: 0x8000b67e (0x0000bfe5) c.j     pc - 8
core   0: 3 0x8000b67e (0xbfe5)
core   0: 0x8000b676 (0x00002f17) auipc   t5, 0x2
core   0: 3 0x8000b676 (0x00002f17) x30 0x8000d676
core   0: 0x8000b67a (0x983f2523) sw      gp, -1654(t5)
core   0: 3 0x8000b67a (0x983f2523) mem 0x8000d000 0x00000001
core   0: 0x8000b67e (0x0000bfe5) c.j     pc - 8
core   0: 3 0x8000b67e (0xbfe5)
core   0: 0x8000b676 (0x00002f17) auipc   t5, 0x2
core   0: 3 0x8000b676 (0x00002f17) x30 0x8000d676
core   0: 0x8000b67a (0x983f2523) sw      gp, -1654(t5)
core   0: 3 0x8000b67a (0x983f2523) mem 0x8000d000 0x00000001
core   0: 0x8000b67e (0x0000bfe5) c.j     pc - 8
core   0: 3 0x8000b67e (0xbfe5)
core   0: 0x8000b676 (0x00002f17) auipc   t5, 0x2
core   0: 3 0x8000b676 (0x00002f17) x30 0x8000d676
core   0: 0x8000b67a (0x983f2523) sw      gp, -1654(t5)
core   0: 3 0x8000b67a (0x983f2523) mem 0x8000d000 0x00000001
core   0: 0x8000b67e (0x0000bfe5) c.j     pc - 8
core   0: 3 0x8000b67e (0xbfe5)
core   0: 0x8000b676 (0x00002f17) auipc   t5, 0x2
core   0: 3 0x8000b676 (0x00002f17) x30 0x8000d676
core   0: 0x8000b67a (0x983f2523) sw      gp, -1654(t5)
core   0: 3 0x8000b67a (0x983f2523) mem 0x8000d000 0x00000001
core   0: 0x8000b67e (0x0000bfe5) c.j     pc - 8
core   0: 3 0x8000b67e (0xbfe5)
core   0: 0x8000b676 (0x00002f17) auipc   t5, 0x2
core   0: 3 0x8000b676 (0x00002f17) x30 0x8000d676
core   0: 0x8000b67a (0x983f2523) sw      gp, -1654(t5)
core   0: 3 0x8000b67a (0x983f2523) mem 0x8000d000 0x00000001
core   0: 0x8000b67e (0x0000bfe5) c.j     pc - 8
core   0: 3 0x8000b67e (0xbfe5)
core   0: 0x8000b676 (0x00002f17) auipc   t5, 0x2
core   0: 3 0x8000b676 (0x00002f17) x30 0x8000d676
core   0: 0x8000b67a (0x983f2523) sw      gp, -1654(t5)
core   0: 3 0x8000b67a (0x983f2523) mem 0x8000d000 0x00000001
core   0: 0x8000b67e (0x0000bfe5) c.j     pc - 8
core   0: 3 0x8000b67e (0xbfe5)
core   0: 0x8000b676 (0x00002f17) auipc   t5, 0x2
core   0: 3 0x8000b676 (0x00002f17) x30 0x8000d676
core   0: 0x8000b67a (0x983f2523) sw      gp, -1654(t5)
core   0: 3 0x8000b67a (0x983f2523) mem 0x8000d000 0x00000001
core   0: 0x8000b67e (0x0000bfe5) c.j     pc - 8
core   0: 3 0x8000b67e (0xbfe5)
core   0: 0x8000b676 (0x00002f17) auipc   t5, 0x2
core   0: 3 0x8000b676 (0x00002f17) x30 0x8000d676
core   0: 0x8000b67a (0x983f2523) sw      gp, -1654(t5)
core   0: 3 0x8000b67a (0x983f2523) mem 0x8000d000 0x00000001
core   0: 0x8000b67e (0x0000bfe5) c.j     pc - 8
core   0: 3 0x8000b67e (0xbfe5)
core   0: 0x8000b676 (0x00002f17) auipc   t5, 0x2
core   0: 3 0x8000b676 (0x00002f17) x30 0x8000d676
core   0: 0x8000b67a (0x983f2523) sw      gp, -1654(t5)
core   0: 3 0x8000b67a (0x983f2523) mem 0x8000d000 0x00000001
core   0: 0x8000b67e (0x0000bfe5) c.j     pc - 8
core   0: 3 0x8000b67e (0xbfe5)
core   0: 0x8000b676 (0x00002f17) auipc   t5, 0x2
core   0: 3 0x8000b676 (0x00002f17) x30 0x8000d676
core   0: 0x8000b67a (0x983f2523) sw      gp, -1654(t5)
core   0: 3 0x8000b67a (0x983f2523) mem 0x8000d000 0x00000001
core   0: 0x8000b67e (0x0000bfe5) c.j     pc - 8
core   0: 3 0x8000b67e (0xbfe5)
core   0: 0x8000b676 (0x00002f17) auipc   t5, 0x2
core   0: 3 0x8000b676 (0x00002f17) x30 0x8000d676
core   0: 0x8000b67a (0x983f2523) sw      gp, -1654(t5)
core   0: 3 0x8000b67a (0x983f2523) mem 0x8000d000 0x00000001
core   0: 0x8000b67e (0x0000bfe5) c.j     pc - 8
core   0: 3 0x8000b67e (0xbfe5)
core   0: 0x8000b676 (0x00002f17) auipc   t5, 0x2
core   0: 3 0x8000b676 (0x00002f17) x30 0x8000d676
core   0: 0x8000b67a (0x983f2523) sw      gp, -1654(t5)
core   0: 3 0x8000b67a (0x983f2523) mem 0x8000d000 0x00000001
core   0: 0x8000b67e (0x0000bfe5) c.j     pc - 8
core   0: 3 0x8000b67e (0xbfe5)
core   0: 0x8000b676 (0x00002f17) auipc   t5, 0x2
core   0: 3 0x8000b676 (0x00002f17) x30 0x8000d676
core   0: 0x8000b67a (0x983f2523) sw      gp, -1654(t5)
core   0: 3 0x8000b67a (0x983f2523) mem 0x8000d000 0x00000001
core   0: 0x8000b67e (0x0000bfe5) c.j     pc - 8
core   0: 3 0x8000b67e (0xbfe5)
core   0: 0x8000b676 (0x00002f17) auipc   t5, 0x2
core   0: 3 0x8000b676 (0x00002f17) x30 0x8000d676
core   0: 0x8000b67a (0x983f2523) sw      gp, -1654(t5)
core   0: 3 0x8000b67a (0x983f2523) mem 0x8000d000 0x00000001
core   0: 0x8000b67e (0x0000bfe5) c.j     pc - 8
core   0: 3 0x8000b67e (0xbfe5)
core   0: 0x8000b676 (0x00002f17) auipc   t5, 0x2
core   0: 3 0x8000b676 (0x00002f17) x30 0x8000d676
core   0: 0x8000b67a (0x983f2523) sw      gp, -1654(t5)
core   0: 3 0x8000b67a (0x983f2523) mem 0x8000d000 0x00000001
core   0: 0x8000b67e (0x0000bfe5) c.j     pc - 8
core   0: 3 0x8000b67e (0xbfe5)
core   0: 0x8000b676 (0x00002f17) auipc   t5, 0x2
core   0: 3 0x8000b676 (0x00002f17) x30 0x8000d676
core   0: 0x8000b67a (0x983f2523) sw      gp, -1654(t5)
core   0: 3 0x8000b67a (0x983f2523) mem 0x8000d000 0x00000001
core   0: 0x8000b67e (0x0000bfe5) c.j     pc - 8
core   0: 3 0x8000b67e (0xbfe5)
core   0: 0x8000b676 (0x00002f17) auipc   t5, 0x2
core   0: 3 0x8000b676 (0x00002f17) x30 0x8000d676
core   0: 0x8000b67a (0x983f2523) sw      gp, -1654(t5)
core   0: 3 0x8000b67a (0x983f2523) mem 0x8000d000 0x00000001
core   0: 0x8000b67e (0x0000bfe5) c.j     pc - 8
core   0: 3 0x8000b67e (0xbfe5)
core   0: 0x8000b676 (0x00002f17) auipc   t5, 0x2
core   0: 3 0x8000b676 (0x00002f17) x30 0x8000d676
core   0: 0x8000b67a (0x983f2523) sw      gp, -1654(t5)
core   0: 3 0x8000b67a (0x983f2523) mem 0x8000d000 0x00000001
core   0: 0x8000b67e (0x0000bfe5) c.j     pc - 8
core   0: 3 0x8000b67e (0xbfe5)
core   0: 0x8000b676 (0x00002f17) auipc   t5, 0x2
core   0: 3 0x8000b676 (0x00002f17) x30 0x8000d676
core   0: 0x8000b67a (0x983f2523) sw      gp, -1654(t5)
core   0: 3 0x8000b67a (0x983f2523) mem 0x8000d000 0x00000001
core   0: 0x8000b67e (0x0000bfe5) c.j     pc - 8
core   0: 3 0x8000b67e (0xbfe5)
core   0: 0x8000b676 (0x00002f17) auipc   t5, 0x2
core   0: 3 0x8000b676 (0x00002f17) x30 0x8000d676
core   0: 0x8000b67a (0x983f2523) sw      gp, -1654(t5)
core   0: 3 0x8000b67a (0x983f2523) mem 0x8000d000 0x00000001
core   0: 0x8000b67e (0x0000bfe5) c.j     pc - 8
core   0: 3 0x8000b67e (0xbfe5)
core   0: 0x8000b676 (0x00002f17) auipc   t5, 0x2
core   0: 3 0x8000b676 (0x00002f17) x30 0x8000d676
core   0: 0x8000b67a (0x983f2523) sw      gp, -1654(t5)
core   0: 3 0x8000b67a (0x983f2523) mem 0x8000d000 0x00000001
core   0: 0x8000b67e (0x0000bfe5) c.j     pc - 8
core   0: 3 0x8000b67e (0xbfe5)
core   0: 0x8000b676 (0x00002f17) auipc   t5, 0x2
core   0: 3 0x8000b676 (0x00002f17) x30 0x8000d676
core   0: 0x8000b67a (0x983f2523) sw      gp, -1654(t5)
core   0: 3 0x8000b67a (0x983f2523) mem 0x8000d000 0x00000001
core   0: 0x8000b67e (0x0000bfe5) c.j     pc - 8
core   0: 3 0x8000b67e (0xbfe5)
core   0: 0x8000b676 (0x00002f17) auipc   t5, 0x2
core   0: 3 0x8000b676 (0x00002f17) x30 0x8000d676
core   0: 0x8000b67a (0x983f2523) sw      gp, -1654(t5)
core   0: 3 0x8000b67a (0x983f2523) mem 0x8000d000 0x00000001
core   0: 0x8000b67e (0x0000bfe5) c.j     pc - 8
core   0: 3 0x8000b67e (0xbfe5)
core   0: 0x8000b676 (0x00002f17) auipc   t5, 0x2
core   0: 3 0x8000b676 (0x00002f17) x30 0x8000d676
core   0: 0x8000b67a (0x983f2523) sw      gp, -1654(t5)
core   0: 3 0x8000b67a (0x983f2523) mem 0x8000d000 0x00000001
core   0: 0x8000b67e (0x0000bfe5) c.j     pc - 8
core   0: 3 0x8000b67e (0xbfe5)
core   0: 0x8000b676 (0x00002f17) auipc   t5, 0x2
core   0: 3 0x8000b676 (0x00002f17) x30 0x8000d676
core   0: 0x8000b67a (0x983f2523) sw      gp, -1654(t5)
core   0: 3 0x8000b67a (0x983f2523) mem 0x8000d000 0x00000001
core   0: 0x8000b67e (0x0000bfe5) c.j     pc - 8
core   0: 3 0x8000b67e (0xbfe5)
core   0: 0x8000b676 (0x00002f17) auipc   t5, 0x2
core   0: 3 0x8000b676 (0x00002f17) x30 0x8000d676
core   0: 0x8000b67a (0x983f2523) sw      gp, -1654(t5)
core   0: 3 0x8000b67a (0x983f2523) mem 0x8000d000 0x00000001
core   0: 0x8000b67e (0x0000bfe5) c.j     pc - 8
core   0: 3 0x8000b67e (0xbfe5)
core   0: 0x8000b676 (0x00002f17) auipc   t5, 0x2
core   0: 3 0x8000b676 (0x00002f17) x30 0x8000d676
core   0: 0x8000b67a (0x983f2523) sw      gp, -1654(t5)
core   0: 3 0x8000b67a (0x983f2523) mem 0x8000d000 0x00000001
core   0: 0x8000b67e (0x0000bfe5) c.j     pc - 8
core   0: 3 0x8000b67e (0xbfe5)
core   0: 0x8000b676 (0x00002f17) auipc   t5, 0x2
core   0: 3 0x8000b676 (0x00002f17) x30 0x8000d676
core   0: 0x8000b67a (0x983f2523) sw      gp, -1654(t5)
core   0: 3 0x8000b67a (0x983f2523) mem 0x8000d000 0x00000001
core   0: 0x8000b67e (0x0000bfe5) c.j     pc - 8
core   0: 3 0x8000b67e (0xbfe5)
core   0: 0x8000b676 (0x00002f17) auipc   t5, 0x2
core   0: 3 0x8000b676 (0x00002f17) x30 0x8000d676
core   0: 0x8000b67a (0x983f2523) sw      gp, -1654(t5)
core   0: 3 0x8000b67a (0x983f2523) mem 0x8000d000 0x00000001
core   0: 0x8000b67e (0x0000bfe5) c.j     pc - 8
core   0: 3 0x8000b67e (0xbfe5)
core   0: 0x8000b676 (0x00002f17) auipc   t5, 0x2
core   0: 3 0x8000b676 (0x00002f17) x30 0x8000d676
core   0: 0x8000b67a (0x983f2523) sw      gp, -1654(t5)
core   0: 3 0x8000b67a (0x983f2523) mem 0x8000d000 0x00000001
core   0: 0x8000b67e (0x0000bfe5) c.j     pc - 8
core   0: 3 0x8000b67e (0xbfe5)
core   0: 0x8000b676 (0x00002f17) auipc   t5, 0x2
core   0: 3 0x8000b676 (0x00002f17) x30 0x8000d676
core   0: 0x8000b67a (0x983f2523) sw      gp, -1654(t5)
core   0: 3 0x8000b67a (0x983f2523) mem 0x8000d000 0x00000001
core   0: 0x8000b67e (0x0000bfe5) c.j     pc - 8
core   0: 3 0x8000b67e (0xbfe5)
core   0: 0x8000b676 (0x00002f17) auipc   t5, 0x2
core   0: 3 0x8000b676 (0x00002f17) x30 0x8000d676
core   0: 0x8000b67a (0x983f2523) sw      gp, -1654(t5)
core   0: 3 0x8000b67a (0x983f2523) mem 0x8000d000 0x00000001
core   0: 0x8000b67e (0x0000bfe5) c.j     pc - 8
core   0: 3 0x8000b67e (0xbfe5)
core   0: 0x8000b676 (0x00002f17) auipc   t5, 0x2
core   0: 3 0x8000b676 (0x00002f17) x30 0x8000d676
core   0: 0x8000b67a (0x983f2523) sw      gp, -1654(t5)
core   0: 3 0x8000b67a (0x983f2523) mem 0x8000d000 0x00000001
core   0: 0x8000b67e (0x0000bfe5) c.j     pc - 8
core   0: 3 0x8000b67e (0xbfe5)
core   0: 0x8000b676 (0x00002f17) auipc   t5, 0x2
core   0: 3 0x8000b676 (0x00002f17) x30 0x8000d676
core   0: 0x8000b67a (0x983f2523) sw      gp, -1654(t5)
core   0: 3 0x8000b67a (0x983f2523) mem 0x8000d000 0x00000001
core   0: 0x8000b67e (0x0000bfe5) c.j     pc - 8
core   0: 3 0x8000b67e (0xbfe5)
core   0: 0x8000b676 (0x00002f17) auipc   t5, 0x2
core   0: 3 0x8000b676 (0x00002f17) x30 0x8000d676
core   0: 0x8000b67a (0x983f2523) sw      gp, -1654(t5)
core   0: 3 0x8000b67a (0x983f2523) mem 0x8000d000 0x00000001
core   0: 0x8000b67e (0x0000bfe5) c.j     pc - 8
core   0: 3 0x8000b67e (0xbfe5)
core   0: 0x8000b676 (0x00002f17) auipc   t5, 0x2
core   0: 3 0x8000b676 (0x00002f17) x30 0x8000d676
core   0: 0x8000b67a (0x983f2523) sw      gp, -1654(t5)
core   0: 3 0x8000b67a (0x983f2523) mem 0x8000d000 0x00000001
core   0: 0x8000b67e (0x0000bfe5) c.j     pc - 8
core   0: 3 0x8000b67e (0xbfe5)
core   0: 0x8000b676 (0x00002f17) auipc   t5, 0x2
core   0: 3 0x8000b676 (0x00002f17) x30 0x8000d676
core   0: 0x8000b67a (0x983f2523) sw      gp, -1654(t5)
core   0: 3 0x8000b67a (0x983f2523) mem 0x8000d000 0x00000001
core   0: 0x8000b67e (0x0000bfe5) c.j     pc - 8
core   0: 3 0x8000b67e (0xbfe5)
core   0: 0x8000b676 (0x00002f17) auipc   t5, 0x2
core   0: 3 0x8000b676 (0x00002f17) x30 0x8000d676
core   0: 0x8000b67a (0x983f2523) sw      gp, -1654(t5)
core   0: 3 0x8000b67a (0x983f2523) mem 0x8000d000 0x00000001
core   0: 0x8000b67e (0x0000bfe5) c.j     pc - 8
core   0: 3 0x8000b67e (0xbfe5)
core   0: 0x8000b676 (0x00002f17) auipc   t5, 0x2
core   0: 3 0x8000b676 (0x00002f17) x30 0x8000d676
core   0: 0x8000b67a (0x983f2523) sw      gp, -1654(t5)
core   0: 3 0x8000b67a (0x983f2523) mem 0x8000d000 0x00000001
core   0: 0x8000b67e (0x0000bfe5) c.j     pc - 8
core   0: 3 0x8000b67e (0xbfe5)
core   0: 0x8000b676 (0x00002f17) auipc   t5, 0x2
core   0: 3 0x8000b676 (0x00002f17) x30 0x8000d676
core   0: 0x8000b67a (0x983f2523) sw      gp, -1654(t5)
core   0: 3 0x8000b67a (0x983f2523) mem 0x8000d000 0x00000001
core   0: 0x8000b67e (0x0000bfe5) c.j     pc - 8
core   0: 3 0x8000b67e (0xbfe5)
core   0: 0x8000b676 (0x00002f17) auipc   t5, 0x2
core   0: 3 0x8000b676 (0x00002f17) x30 0x8000d676
core   0: 0x8000b67a (0x983f2523) sw      gp, -1654(t5)
core   0: 3 0x8000b67a (0x983f2523) mem 0x8000d000 0x00000001
core   0: 0x8000b67e (0x0000bfe5) c.j     pc - 8
core   0: 3 0x8000b67e (0xbfe5)
core   0: 0x8000b676 (0x00002f17) auipc   t5, 0x2
core   0: 3 0x8000b676 (0x00002f17) x30 0x8000d676
core   0: 0x8000b67a (0x983f2523) sw      gp, -1654(t5)
core   0: 3 0x8000b67a (0x983f2523) mem 0x8000d000 0x00000001
core   0: 0x8000b67e (0x0000bfe5) c.j     pc - 8
core   0: 3 0x8000b67e (0xbfe5)
core   0: 0x8000b676 (0x00002f17) auipc   t5, 0x2
core   0: 3 0x8000b676 (0x00002f17) x30 0x8000d676
core   0: 0x8000b67a (0x983f2523) sw      gp, -1654(t5)
core   0: 3 0x8000b67a (0x983f2523) mem 0x8000d000 0x00000001
core   0: 0x8000b67e (0x0000bfe5) c.j     pc - 8
core   0: 3 0x8000b67e (0xbfe5)
core   0: 0x8000b676 (0x00002f17) auipc   t5, 0x2
core   0: 3 0x8000b676 (0x00002f17) x30 0x8000d676
core   0: 0x8000b67a (0x983f2523) sw      gp, -1654(t5)
core   0: 3 0x8000b67a (0x983f2523) mem 0x8000d000 0x00000001
core   0: 0x8000b67e (0x0000bfe5) c.j     pc - 8
core   0: 3 0x8000b67e (0xbfe5)
core   0: 0x8000b676 (0x00002f17) auipc   t5, 0x2
core   0: 3 0x8000b676 (0x00002f17) x30 0x8000d676
core   0: 0x8000b67a (0x983f2523) sw      gp, -1654(t5)
core   0: 3 0x8000b67a (0x983f2523) mem 0x8000d000 0x00000001
core   0: 0x8000b67e (0x0000bfe5) c.j     pc - 8
core   0: 3 0x8000b67e (0xbfe5)
core   0: 0x8000b676 (0x00002f17) auipc   t5, 0x2
core   0: 3 0x8000b676 (0x00002f17) x30 0x8000d676
core   0: 0x8000b67a (0x983f2523) sw      gp, -1654(t5)
core   0: 3 0x8000b67a (0x983f2523) mem 0x8000d000 0x00000001
core   0: 0x8000b67e (0x0000bfe5) c.j     pc - 8
core   0: 3 0x8000b67e (0xbfe5)
core   0: 0x8000b676 (0x00002f17) auipc   t5, 0x2
core   0: 3 0x8000b676 (0x00002f17) x30 0x8000d676
core   0: 0x8000b67a (0x983f2523) sw      gp, -1654(t5)
core   0: 3 0x8000b67a (0x983f2523) mem 0x8000d000 0x00000001
core   0: 0x8000b67e (0x0000bfe5) c.j     pc - 8
core   0: 3 0x8000b67e (0xbfe5)
core   0: 0x8000b676 (0x00002f17) auipc   t5, 0x2
core   0: 3 0x8000b676 (0x00002f17) x30 0x8000d676
core   0: 0x8000b67a (0x983f2523) sw      gp, -1654(t5)
core   0: 3 0x8000b67a (0x983f2523) mem 0x8000d000 0x00000001
core   0: 0x8000b67e (0x0000bfe5) c.j     pc - 8
core   0: 3 0x8000b67e (0xbfe5)
core   0: 0x8000b676 (0x00002f17) auipc   t5, 0x2
core   0: 3 0x8000b676 (0x00002f17) x30 0x8000d676
core   0: 0x8000b67a (0x983f2523) sw      gp, -1654(t5)
core   0: 3 0x8000b67a (0x983f2523) mem 0x8000d000 0x00000001
core   0: 0x8000b67e (0x0000bfe5) c.j     pc - 8
core   0: 3 0x8000b67e (0xbfe5)
core   0: 0x8000b676 (0x00002f17) auipc   t5, 0x2
core   0: 3 0x8000b676 (0x00002f17) x30 0x8000d676
core   0: 0x8000b67a (0x983f2523) sw      gp, -1654(t5)
core   0: 3 0x8000b67a (0x983f2523) mem 0x8000d000 0x00000001
core   0: 0x8000b67e (0x0000bfe5) c.j     pc - 8
core   0: 3 0x8000b67e (0xbfe5)
core   0: 0x8000b676 (0x00002f17) auipc   t5, 0x2
core   0: 3 0x8000b676 (0x00002f17) x30 0x8000d676
core   0: 0x8000b67a (0x983f2523) sw      gp, -1654(t5)
core   0: 3 0x8000b67a (0x983f2523) mem 0x8000d000 0x00000001
core   0: 0x8000b67e (0x0000bfe5) c.j     pc - 8
core   0: 3 0x8000b67e (0xbfe5)
core   0: 0x8000b676 (0x00002f17) auipc   t5, 0x2
core   0: 3 0x8000b676 (0x00002f17) x30 0x8000d676
core   0: 0x8000b67a (0x983f2523) sw      gp, -1654(t5)
core   0: 3 0x8000b67a (0x983f2523) mem 0x8000d000 0x00000001
core   0: 0x8000b67e (0x0000bfe5) c.j     pc - 8
core   0: 3 0x8000b67e (0xbfe5)
core   0: 0x8000b676 (0x00002f17) auipc   t5, 0x2
core   0: 3 0x8000b676 (0x00002f17) x30 0x8000d676
core   0: 0x8000b67a (0x983f2523) sw      gp, -1654(t5)
core   0: 3 0x8000b67a (0x983f2523) mem 0x8000d000 0x00000001
core   0: 0x8000b67e (0x0000bfe5) c.j     pc - 8
core   0: 3 0x8000b67e (0xbfe5)
core   0: 0x8000b676 (0x00002f17) auipc   t5, 0x2
core   0: 3 0x8000b676 (0x00002f17) x30 0x8000d676
core   0: 0x8000b67a (0x983f2523) sw      gp, -1654(t5)
core   0: 3 0x8000b67a (0x983f2523) mem 0x8000d000 0x00000001
core   0: 0x8000b67e (0x0000bfe5) c.j     pc - 8
core   0: 3 0x8000b67e (0xbfe5)
core   0: 0x8000b676 (0x00002f17) auipc   t5, 0x2
core   0: 3 0x8000b676 (0x00002f17) x30 0x8000d676
core   0: 0x8000b67a (0x983f2523) sw      gp, -1654(t5)
core   0: 3 0x8000b67a (0x983f2523) mem 0x8000d000 0x00000001
core   0: 0x8000b67e (0x0000bfe5) c.j     pc - 8
core   0: 3 0x8000b67e (0xbfe5)
core   0: 0x8000b676 (0x00002f17) auipc   t5, 0x2
core   0: 3 0x8000b676 (0x00002f17) x30 0x8000d676
core   0: 0x8000b67a (0x983f2523) sw      gp, -1654(t5)
core   0: 3 0x8000b67a (0x983f2523) mem 0x8000d000 0x00000001
core   0: 0x8000b67e (0x0000bfe5) c.j     pc - 8
core   0: 3 0x8000b67e (0xbfe5)
core   0: 0x8000b676 (0x00002f17) auipc   t5, 0x2
core   0: 3 0x8000b676 (0x00002f17) x30 0x8000d676
core   0: 0x8000b67a (0x983f2523) sw      gp, -1654(t5)
core   0: 3 0x8000b67a (0x983f2523) mem 0x8000d000 0x00000001
core   0: 0x8000b67e (0x0000bfe5) c.j     pc - 8
core   0: 3 0x8000b67e (0xbfe5)
core   0: 0x8000b676 (0x00002f17) auipc   t5, 0x2
core   0: 3 0x8000b676 (0x00002f17) x30 0x8000d676
core   0: 0x8000b67a (0x983f2523) sw      gp, -1654(t5)
core   0: 3 0x8000b67a (0x983f2523) mem 0x8000d000 0x00000001
core   0: 0x8000b67e (0x0000bfe5) c.j     pc - 8
core   0: 3 0x8000b67e (0xbfe5)
core   0: 0x8000b676 (0x00002f17) auipc   t5, 0x2
core   0: 3 0x8000b676 (0x00002f17) x30 0x8000d676
core   0: 0x8000b67a (0x983f2523) sw      gp, -1654(t5)
core   0: 3 0x8000b67a (0x983f2523) mem 0x8000d000 0x00000001
core   0: 0x8000b67e (0x0000bfe5) c.j     pc - 8
core   0: 3 0x8000b67e (0xbfe5)
core   0: 0x8000b676 (0x00002f17) auipc   t5, 0x2
core   0: 3 0x8000b676 (0x00002f17) x30 0x8000d676
core   0: 0x8000b67a (0x983f2523) sw      gp, -1654(t5)
core   0: 3 0x8000b67a (0x983f2523) mem 0x8000d000 0x00000001
core   0: 0x8000b67e (0x0000bfe5) c.j     pc - 8
core   0: 3 0x8000b67e (0xbfe5)
core   0: 0x8000b676 (0x00002f17) auipc   t5, 0x2
core   0: 3 0x8000b676 (0x00002f17) x30 0x8000d676
core   0: 0x8000b67a (0x983f2523) sw      gp, -1654(t5)
core   0: 3 0x8000b67a (0x983f2523) mem 0x8000d000 0x00000001
core   0: 0x8000b67e (0x0000bfe5) c.j     pc - 8
core   0: 3 0x8000b67e (0xbfe5)
core   0: 0x8000b676 (0x00002f17) auipc   t5, 0x2
core   0: 3 0x8000b676 (0x00002f17) x30 0x8000d676
core   0: 0x8000b67a (0x983f2523) sw      gp, -1654(t5)
core   0: 3 0x8000b67a (0x983f2523) mem 0x8000d000 0x00000001
core   0: 0x8000b67e (0x0000bfe5) c.j     pc - 8
core   0: 3 0x8000b67e (0xbfe5)
core   0: 0x8000b676 (0x00002f17) auipc   t5, 0x2
core   0: 3 0x8000b676 (0x00002f17) x30 0x8000d676
core   0: 0x8000b67a (0x983f2523) sw      gp, -1654(t5)
core   0: 3 0x8000b67a (0x983f2523) mem 0x8000d000 0x00000001
core   0: 0x8000b67e (0x0000bfe5) c.j     pc - 8
core   0: 3 0x8000b67e (0xbfe5)
core   0: 0x8000b676 (0x00002f17) auipc   t5, 0x2
core   0: 3 0x8000b676 (0x00002f17) x30 0x8000d676
core   0: 0x8000b67a (0x983f2523) sw      gp, -1654(t5)
core   0: 3 0x8000b67a (0x983f2523) mem 0x8000d000 0x00000001
core   0: 0x8000b67e (0x0000bfe5) c.j     pc - 8
core   0: 3 0x8000b67e (0xbfe5)
core   0: 0x8000b676 (0x00002f17) auipc   t5, 0x2
core   0: 3 0x8000b676 (0x00002f17) x30 0x8000d676
core   0: 0x8000b67a (0x983f2523) sw      gp, -1654(t5)
core   0: 3 0x8000b67a (0x983f2523) mem 0x8000d000 0x00000001
core   0: 0x8000b67e (0x0000bfe5) c.j     pc - 8
core   0: 3 0x8000b67e (0xbfe5)
core   0: 0x8000b676 (0x00002f17) auipc   t5, 0x2
core   0: 3 0x8000b676 (0x00002f17) x30 0x8000d676
core   0: 0x8000b67a (0x983f2523) sw      gp, -1654(t5)
core   0: 3 0x8000b67a (0x983f2523) mem 0x8000d000 0x00000001
core   0: 0x8000b67e (0x0000bfe5) c.j     pc - 8
core   0: 3 0x8000b67e (0xbfe5)
core   0: 0x8000b676 (0x00002f17) auipc   t5, 0x2
core   0: 3 0x8000b676 (0x00002f17) x30 0x8000d676
core   0: 0x8000b67a (0x983f2523) sw      gp, -1654(t5)
core   0: 3 0x8000b67a (0x983f2523) mem 0x8000d000 0x00000001
core   0: 0x8000b67e (0x0000bfe5) c.j     pc - 8
core   0: 3 0x8000b67e (0xbfe5)
core   0: 0x8000b676 (0x00002f17) auipc   t5, 0x2
core   0: 3 0x8000b676 (0x00002f17) x30 0x8000d676
core   0: 0x8000b67a (0x983f2523) sw      gp, -1654(t5)
core   0: 3 0x8000b67a (0x983f2523) mem 0x8000d000 0x00000001
core   0: 0x8000b67e (0x0000bfe5) c.j     pc - 8
core   0: 3 0x8000b67e (0xbfe5)
core   0: 0x8000b676 (0x00002f17) auipc   t5, 0x2
core   0: 3 0x8000b676 (0x00002f17) x30 0x8000d676
core   0: 0x8000b67a (0x983f2523) sw      gp, -1654(t5)
core   0: 3 0x8000b67a (0x983f2523) mem 0x8000d000 0x00000001
core   0: 0x8000b67e (0x0000bfe5) c.j     pc - 8
core   0: 3 0x8000b67e (0xbfe5)
core   0: 0x8000b676 (0x00002f17) auipc   t5, 0x2
core   0: 3 0x8000b676 (0x00002f17) x30 0x8000d676
core   0: 0x8000b67a (0x983f2523) sw      gp, -1654(t5)
core   0: 3 0x8000b67a (0x983f2523) mem 0x8000d000 0x00000001
core   0: 0x8000b67e (0x0000bfe5) c.j     pc - 8
core   0: 3 0x8000b67e (0xbfe5)
core   0: 0x8000b676 (0x00002f17) auipc   t5, 0x2
core   0: 3 0x8000b676 (0x00002f17) x30 0x8000d676
core   0: 0x8000b67a (0x983f2523) sw      gp, -1654(t5)
core   0: 3 0x8000b67a (0x983f2523) mem 0x8000d000 0x00000001
core   0: 0x8000b67e (0x0000bfe5) c.j     pc - 8
core   0: 3 0x8000b67e (0xbfe5)
core   0: 0x8000b676 (0x00002f17) auipc   t5, 0x2
core   0: 3 0x8000b676 (0x00002f17) x30 0x8000d676
core   0: 0x8000b67a (0x983f2523) sw      gp, -1654(t5)
core   0: 3 0x8000b67a (0x983f2523) mem 0x8000d000 0x00000001
core   0: 0x8000b67e (0x0000bfe5) c.j     pc - 8
core   0: 3 0x8000b67e (0xbfe5)
core   0: 0x8000b676 (0x00002f17) auipc   t5, 0x2
core   0: 3 0x8000b676 (0x00002f17) x30 0x8000d676
core   0: 0x8000b67a (0x983f2523) sw      gp, -1654(t5)
core   0: 3 0x8000b67a (0x983f2523) mem 0x8000d000 0x00000001
core   0: 0x8000b67e (0x0000bfe5) c.j     pc - 8
core   0: 3 0x8000b67e (0xbfe5)
core   0: 0x8000b676 (0x00002f17) auipc   t5, 0x2
core   0: 3 0x8000b676 (0x00002f17) x30 0x8000d676
core   0: 0x8000b67a (0x983f2523) sw      gp, -1654(t5)
core   0: 3 0x8000b67a (0x983f2523) mem 0x8000d000 0x00000001
core   0: 0x8000b67e (0x0000bfe5) c.j     pc - 8
core   0: 3 0x8000b67e (0xbfe5)
core   0: 0x8000b676 (0x00002f17) auipc   t5, 0x2
core   0: 3 0x8000b676 (0x00002f17) x30 0x8000d676
core   0: 0x8000b67a (0x983f2523) sw      gp, -1654(t5)
core   0: 3 0x8000b67a (0x983f2523) mem 0x8000d000 0x00000001
core   0: 0x8000b67e (0x0000bfe5) c.j     pc - 8
core   0: 3 0x8000b67e (0xbfe5)
core   0: 0x8000b676 (0x00002f17) auipc   t5, 0x2
core   0: 3 0x8000b676 (0x00002f17) x30 0x8000d676
core   0: 0x8000b67a (0x983f2523) sw      gp, -1654(t5)
core   0: 3 0x8000b67a (0x983f2523) mem 0x8000d000 0x00000001
core   0: 0x8000b67e (0x0000bfe5) c.j     pc - 8
core   0: 3 0x8000b67e (0xbfe5)
core   0: 0x8000b676 (0x00002f17) auipc   t5, 0x2
core   0: 3 0x8000b676 (0x00002f17) x30 0x8000d676
core   0: 0x8000b67a (0x983f2523) sw      gp, -1654(t5)
core   0: 3 0x8000b67a (0x983f2523) mem 0x8000d000 0x00000001
core   0: 0x8000b67e (0x0000bfe5) c.j     pc - 8
core   0: 3 0x8000b67e (0xbfe5)
core   0: 0x8000b676 (0x00002f17) auipc   t5, 0x2
core   0: 3 0x8000b676 (0x00002f17) x30 0x8000d676
core   0: 0x8000b67a (0x983f2523) sw      gp, -1654(t5)
core   0: 3 0x8000b67a (0x983f2523) mem 0x8000d000 0x00000001
core   0: 0x8000b67e (0x0000bfe5) c.j     pc - 8
core   0: 3 0x8000b67e (0xbfe5)
core   0: 0x8000b676 (0x00002f17) auipc   t5, 0x2
core   0: 3 0x8000b676 (0x00002f17) x30 0x8000d676
core   0: 0x8000b67a (0x983f2523) sw      gp, -1654(t5)
core   0: 3 0x8000b67a (0x983f2523) mem 0x8000d000 0x00000001
core   0: 0x8000b67e (0x0000bfe5) c.j     pc - 8
core   0: 3 0x8000b67e (0xbfe5)
core   0: 0x8000b676 (0x00002f17) auipc   t5, 0x2
core   0: 3 0x8000b676 (0x00002f17) x30 0x8000d676
core   0: 0x8000b67a (0x983f2523) sw      gp, -1654(t5)
core   0: 3 0x8000b67a (0x983f2523) mem 0x8000d000 0x00000001
core   0: 0x8000b67e (0x0000bfe5) c.j     pc - 8
core   0: 3 0x8000b67e (0xbfe5)
core   0: 0x8000b676 (0x00002f17) auipc   t5, 0x2
core   0: 3 0x8000b676 (0x00002f17) x30 0x8000d676
core   0: 0x8000b67a (0x983f2523) sw      gp, -1654(t5)
core   0: 3 0x8000b67a (0x983f2523) mem 0x8000d000 0x00000001
core   0: 0x8000b67e (0x0000bfe5) c.j     pc - 8
core   0: 3 0x8000b67e (0xbfe5)
core   0: 0x8000b676 (0x00002f17) auipc   t5, 0x2
core   0: 3 0x8000b676 (0x00002f17) x30 0x8000d676
core   0: 0x8000b67a (0x983f2523) sw      gp, -1654(t5)
core   0: 3 0x8000b67a (0x983f2523) mem 0x8000d000 0x00000001
core   0: 0x8000b67e (0x0000bfe5) c.j     pc - 8
core   0: 3 0x8000b67e (0xbfe5)
core   0: 0x8000b676 (0x00002f17) auipc   t5, 0x2
core   0: 3 0x8000b676 (0x00002f17) x30 0x8000d676
core   0: 0x8000b67a (0x983f2523) sw      gp, -1654(t5)
core   0: 3 0x8000b67a (0x983f2523) mem 0x8000d000 0x00000001
core   0: 0x8000b67e (0x0000bfe5) c.j     pc - 8
core   0: 3 0x8000b67e (0xbfe5)
core   0: 0x8000b676 (0x00002f17) auipc   t5, 0x2
core   0: 3 0x8000b676 (0x00002f17) x30 0x8000d676
core   0: 0x8000b67a (0x983f2523) sw      gp, -1654(t5)
core   0: 3 0x8000b67a (0x983f2523) mem 0x8000d000 0x00000001
core   0: 0x8000b67e (0x0000bfe5) c.j     pc - 8
core   0: 3 0x8000b67e (0xbfe5)
core   0: 0x8000b676 (0x00002f17) auipc   t5, 0x2
core   0: 3 0x8000b676 (0x00002f17) x30 0x8000d676
core   0: 0x8000b67a (0x983f2523) sw      gp, -1654(t5)
core   0: 3 0x8000b67a (0x983f2523) mem 0x8000d000 0x00000001
core   0: 0x8000b67e (0x0000bfe5) c.j     pc - 8
core   0: 3 0x8000b67e (0xbfe5)
core   0: 0x8000b676 (0x00002f17) auipc   t5, 0x2
core   0: 3 0x8000b676 (0x00002f17) x30 0x8000d676
core   0: 0x8000b67a (0x983f2523) sw      gp, -1654(t5)
core   0: 3 0x8000b67a (0x983f2523) mem 0x8000d000 0x00000001
core   0: 0x8000b67e (0x0000bfe5) c.j     pc - 8
core   0: 3 0x8000b67e (0xbfe5)
core   0: 0x8000b676 (0x00002f17) auipc   t5, 0x2
core   0: 3 0x8000b676 (0x00002f17) x30 0x8000d676
core   0: 0x8000b67a (0x983f2523) sw      gp, -1654(t5)
core   0: 3 0x8000b67a (0x983f2523) mem 0x8000d000 0x00000001
core   0: 0x8000b67e (0x0000bfe5) c.j     pc - 8
core   0: 3 0x8000b67e (0xbfe5)
core   0: 0x8000b676 (0x00002f17) auipc   t5, 0x2
core   0: 3 0x8000b676 (0x00002f17) x30 0x8000d676
core   0: 0x8000b67a (0x983f2523) sw      gp, -1654(t5)
core   0: 3 0x8000b67a (0x983f2523) mem 0x8000d000 0x00000001
core   0: 0x8000b67e (0x0000bfe5) c.j     pc - 8
core   0: 3 0x8000b67e (0xbfe5)
core   0: 0x8000b676 (0x00002f17) auipc   t5, 0x2
core   0: 3 0x8000b676 (0x00002f17) x30 0x8000d676
core   0: 0x8000b67a (0x983f2523) sw      gp, -1654(t5)
core   0: 3 0x8000b67a (0x983f2523) mem 0x8000d000 0x00000001
core   0: 0x8000b67e (0x0000bfe5) c.j     pc - 8
core   0: 3 0x8000b67e (0xbfe5)
core   0: 0x8000b676 (0x00002f17) auipc   t5, 0x2
core   0: 3 0x8000b676 (0x00002f17) x30 0x8000d676
core   0: 0x8000b67a (0x983f2523) sw      gp, -1654(t5)
core   0: 3 0x8000b67a (0x983f2523) mem 0x8000d000 0x00000001
core   0: 0x8000b67e (0x0000bfe5) c.j     pc - 8
core   0: 3 0x8000b67e (0xbfe5)
core   0: 0x8000b676 (0x00002f17) auipc   t5, 0x2
core   0: 3 0x8000b676 (0x00002f17) x30 0x8000d676
core   0: 0x8000b67a (0x983f2523) sw      gp, -1654(t5)
core   0: 3 0x8000b67a (0x983f2523) mem 0x8000d000 0x00000001
core   0: 0x8000b67e (0x0000bfe5) c.j     pc - 8
core   0: 3 0x8000b67e (0xbfe5)
core   0: 0x8000b676 (0x00002f17) auipc   t5, 0x2
core   0: 3 0x8000b676 (0x00002f17) x30 0x8000d676
core   0: 0x8000b67a (0x983f2523) sw      gp, -1654(t5)
core   0: 3 0x8000b67a (0x983f2523) mem 0x8000d000 0x00000001
core   0: 0x8000b67e (0x0000bfe5) c.j     pc - 8
core   0: 3 0x8000b67e (0xbfe5)
core   0: 0x8000b676 (0x00002f17) auipc   t5, 0x2
core   0: 3 0x8000b676 (0x00002f17) x30 0x8000d676
core   0: 0x8000b67a (0x983f2523) sw      gp, -1654(t5)
core   0: 3 0x8000b67a (0x983f2523) mem 0x8000d000 0x00000001
core   0: 0x8000b67e (0x0000bfe5) c.j     pc - 8
core   0: 3 0x8000b67e (0xbfe5)
core   0: 0x8000b676 (0x00002f17) auipc   t5, 0x2
core   0: 3 0x8000b676 (0x00002f17) x30 0x8000d676
core   0: 0x8000b67a (0x983f2523) sw      gp, -1654(t5)
core   0: 3 0x8000b67a (0x983f2523) mem 0x8000d000 0x00000001
core   0: 0x8000b67e (0x0000bfe5) c.j     pc - 8
core   0: 3 0x8000b67e (0xbfe5)
core   0: 0x8000b676 (0x00002f17) auipc   t5, 0x2
core   0: 3 0x8000b676 (0x00002f17) x30 0x8000d676
core   0: 0x8000b67a (0x983f2523) sw      gp, -1654(t5)
core   0: 3 0x8000b67a (0x983f2523) mem 0x8000d000 0x00000001
core   0: 0x8000b67e (0x0000bfe5) c.j     pc - 8
core   0: 3 0x8000b67e (0xbfe5)
core   0: 0x8000b676 (0x00002f17) auipc   t5, 0x2
core   0: 3 0x8000b676 (0x00002f17) x30 0x8000d676
core   0: 0x8000b67a (0x983f2523) sw      gp, -1654(t5)
core   0: 3 0x8000b67a (0x983f2523) mem 0x8000d000 0x00000001
core   0: 0x8000b67e (0x0000bfe5) c.j     pc - 8
core   0: 3 0x8000b67e (0xbfe5)
core   0: 0x8000b676 (0x00002f17) auipc   t5, 0x2
core   0: 3 0x8000b676 (0x00002f17) x30 0x8000d676
core   0: 0x8000b67a (0x983f2523) sw      gp, -1654(t5)
core   0: 3 0x8000b67a (0x983f2523) mem 0x8000d000 0x00000001
core   0: 0x8000b67e (0x0000bfe5) c.j     pc - 8
core   0: 3 0x8000b67e (0xbfe5)
core   0: 0x8000b676 (0x00002f17) auipc   t5, 0x2
core   0: 3 0x8000b676 (0x00002f17) x30 0x8000d676
core   0: 0x8000b67a (0x983f2523) sw      gp, -1654(t5)
core   0: 3 0x8000b67a (0x983f2523) mem 0x8000d000 0x00000001
core   0: 0x8000b67e (0x0000bfe5) c.j     pc - 8
core   0: 3 0x8000b67e (0xbfe5)
core   0: 0x8000b676 (0x00002f17) auipc   t5, 0x2
core   0: 3 0x8000b676 (0x00002f17) x30 0x8000d676
core   0: 0x8000b67a (0x983f2523) sw      gp, -1654(t5)
core   0: 3 0x8000b67a (0x983f2523) mem 0x8000d000 0x00000001
core   0: 0x8000b67e (0x0000bfe5) c.j     pc - 8
core   0: 3 0x8000b67e (0xbfe5)
core   0: 0x8000b676 (0x00002f17) auipc   t5, 0x2
core   0: 3 0x8000b676 (0x00002f17) x30 0x8000d676
core   0: 0x8000b67a (0x983f2523) sw      gp, -1654(t5)
core   0: 3 0x8000b67a (0x983f2523) mem 0x8000d000 0x00000001
core   0: 0x8000b67e (0x0000bfe5) c.j     pc - 8
core   0: 3 0x8000b67e (0xbfe5)
core   0: 0x8000b676 (0x00002f17) auipc   t5, 0x2
core   0: 3 0x8000b676 (0x00002f17) x30 0x8000d676
core   0: 0x8000b67a (0x983f2523) sw      gp, -1654(t5)
core   0: 3 0x8000b67a (0x983f2523) mem 0x8000d000 0x00000001
core   0: 0x8000b67e (0x0000bfe5) c.j     pc - 8
core   0: 3 0x8000b67e (0xbfe5)
core   0: 0x8000b676 (0x00002f17) auipc   t5, 0x2
core   0: 3 0x8000b676 (0x00002f17) x30 0x8000d676
core   0: 0x8000b67a (0x983f2523) sw      gp, -1654(t5)
core   0: 3 0x8000b67a (0x983f2523) mem 0x8000d000 0x00000001
core   0: 0x8000b67e (0x0000bfe5) c.j     pc - 8
core   0: 3 0x8000b67e (0xbfe5)
core   0: 0x8000b676 (0x00002f17) auipc   t5, 0x2
core   0: 3 0x8000b676 (0x00002f17) x30 0x8000d676
core   0: 0x8000b67a (0x983f2523) sw      gp, -1654(t5)
core   0: 3 0x8000b67a (0x983f2523) mem 0x8000d000 0x00000001
core   0: 0x8000b67e (0x0000bfe5) c.j     pc - 8
core   0: 3 0x8000b67e (0xbfe5)
core   0: 0x8000b676 (0x00002f17) auipc   t5, 0x2
core   0: 3 0x8000b676 (0x00002f17) x30 0x8000d676
core   0: 0x8000b67a (0x983f2523) sw      gp, -1654(t5)
core   0: 3 0x8000b67a (0x983f2523) mem 0x8000d000 0x00000001
core   0: 0x8000b67e (0x0000bfe5) c.j     pc - 8
core   0: 3 0x8000b67e (0xbfe5)
core   0: 0x8000b676 (0x00002f17) auipc   t5, 0x2
core   0: 3 0x8000b676 (0x00002f17) x30 0x8000d676
core   0: 0x8000b67a (0x983f2523) sw      gp, -1654(t5)
core   0: 3 0x8000b67a (0x983f2523) mem 0x8000d000 0x00000001
core   0: 0x8000b67e (0x0000bfe5) c.j     pc - 8
core   0: 3 0x8000b67e (0xbfe5)
core   0: 0x8000b676 (0x00002f17) auipc   t5, 0x2
core   0: 3 0x8000b676 (0x00002f17) x30 0x8000d676
core   0: 0x8000b67a (0x983f2523) sw      gp, -1654(t5)
core   0: 3 0x8000b67a (0x983f2523) mem 0x8000d000 0x00000001
core   0: 0x8000b67e (0x0000bfe5) c.j     pc - 8
core   0: 3 0x8000b67e (0xbfe5)
core   0: 0x8000b676 (0x00002f17) auipc   t5, 0x2
core   0: 3 0x8000b676 (0x00002f17) x30 0x8000d676
core   0: 0x8000b67a (0x983f2523) sw      gp, -1654(t5)
core   0: 3 0x8000b67a (0x983f2523) mem 0x8000d000 0x00000001
core   0: 0x8000b67e (0x0000bfe5) c.j     pc - 8
core   0: 3 0x8000b67e (0xbfe5)
core   0: 0x8000b676 (0x00002f17) auipc   t5, 0x2
core   0: 3 0x8000b676 (0x00002f17) x30 0x8000d676
core   0: 0x8000b67a (0x983f2523) sw      gp, -1654(t5)
core   0: 3 0x8000b67a (0x983f2523) mem 0x8000d000 0x00000001
core   0: 0x8000b67e (0x0000bfe5) c.j     pc - 8
core   0: 3 0x8000b67e (0xbfe5)
core   0: 0x8000b676 (0x00002f17) auipc   t5, 0x2
core   0: 3 0x8000b676 (0x00002f17) x30 0x8000d676
core   0: 0x8000b67a (0x983f2523) sw      gp, -1654(t5)
core   0: 3 0x8000b67a (0x983f2523) mem 0x8000d000 0x00000001
core   0: 0x8000b67e (0x0000bfe5) c.j     pc - 8
core   0: 3 0x8000b67e (0xbfe5)
core   0: 0x8000b676 (0x00002f17) auipc   t5, 0x2
core   0: 3 0x8000b676 (0x00002f17) x30 0x8000d676
core   0: 0x8000b67a (0x983f2523) sw      gp, -1654(t5)
core   0: 3 0x8000b67a (0x983f2523) mem 0x8000d000 0x00000001
core   0: 0x8000b67e (0x0000bfe5) c.j     pc - 8
core   0: 3 0x8000b67e (0xbfe5)
core   0: 0x8000b676 (0x00002f17) auipc   t5, 0x2
core   0: 3 0x8000b676 (0x00002f17) x30 0x8000d676
core   0: 0x8000b67a (0x983f2523) sw      gp, -1654(t5)
core   0: 3 0x8000b67a (0x983f2523) mem 0x8000d000 0x00000001
core   0: 0x8000b67e (0x0000bfe5) c.j     pc - 8
core   0: 3 0x8000b67e (0xbfe5)
core   0: 0x8000b676 (0x00002f17) auipc   t5, 0x2
core   0: 3 0x8000b676 (0x00002f17) x30 0x8000d676
core   0: 0x8000b67a (0x983f2523) sw      gp, -1654(t5)
core   0: 3 0x8000b67a (0x983f2523) mem 0x8000d000 0x00000001
core   0: 0x8000b67e (0x0000bfe5) c.j     pc - 8
core   0: 3 0x8000b67e (0xbfe5)
core   0: 0x8000b676 (0x00002f17) auipc   t5, 0x2
core   0: 3 0x8000b676 (0x00002f17) x30 0x8000d676
core   0: 0x8000b67a (0x983f2523) sw      gp, -1654(t5)
core   0: 3 0x8000b67a (0x983f2523) mem 0x8000d000 0x00000001
core   0: 0x8000b67e (0x0000bfe5) c.j     pc - 8
core   0: 3 0x8000b67e (0xbfe5)
core   0: 0x8000b676 (0x00002f17) auipc   t5, 0x2
core   0: 3 0x8000b676 (0x00002f17) x30 0x8000d676
core   0: 0x8000b67a (0x983f2523) sw      gp, -1654(t5)
core   0: 3 0x8000b67a (0x983f2523) mem 0x8000d000 0x00000001
core   0: 0x8000b67e (0x0000bfe5) c.j     pc - 8
core   0: 3 0x8000b67e (0xbfe5)
core   0: 0x8000b676 (0x00002f17) auipc   t5, 0x2
core   0: 3 0x8000b676 (0x00002f17) x30 0x8000d676
core   0: 0x8000b67a (0x983f2523) sw      gp, -1654(t5)
core   0: 3 0x8000b67a (0x983f2523) mem 0x8000d000 0x00000001
core   0: 0x8000b67e (0x0000bfe5) c.j     pc - 8
core   0: 3 0x8000b67e (0xbfe5)
core   0: 0x8000b676 (0x00002f17) auipc   t5, 0x2
core   0: 3 0x8000b676 (0x00002f17) x30 0x8000d676
core   0: 0x8000b67a (0x983f2523) sw      gp, -1654(t5)
core   0: 3 0x8000b67a (0x983f2523) mem 0x8000d000 0x00000001
core   0: 0x8000b67e (0x0000bfe5) c.j     pc - 8
core   0: 3 0x8000b67e (0xbfe5)
core   0: 0x8000b676 (0x00002f17) auipc   t5, 0x2
core   0: 3 0x8000b676 (0x00002f17) x30 0x8000d676
core   0: 0x8000b67a (0x983f2523) sw      gp, -1654(t5)
core   0: 3 0x8000b67a (0x983f2523) mem 0x8000d000 0x00000001
core   0: 0x8000b67e (0x0000bfe5) c.j     pc - 8
core   0: 3 0x8000b67e (0xbfe5)
core   0: 0x8000b676 (0x00002f17) auipc   t5, 0x2
core   0: 3 0x8000b676 (0x00002f17) x30 0x8000d676
core   0: 0x8000b67a (0x983f2523) sw      gp, -1654(t5)
core   0: 3 0x8000b67a (0x983f2523) mem 0x8000d000 0x00000001
core   0: 0x8000b67e (0x0000bfe5) c.j     pc - 8
core   0: 3 0x8000b67e (0xbfe5)
core   0: 0x8000b676 (0x00002f17) auipc   t5, 0x2
core   0: 3 0x8000b676 (0x00002f17) x30 0x8000d676
core   0: 0x8000b67a (0x983f2523) sw      gp, -1654(t5)
core   0: 3 0x8000b67a (0x983f2523) mem 0x8000d000 0x00000001
core   0: 0x8000b67e (0x0000bfe5) c.j     pc - 8
core   0: 3 0x8000b67e (0xbfe5)
core   0: 0x8000b676 (0x00002f17) auipc   t5, 0x2
core   0: 3 0x8000b676 (0x00002f17) x30 0x8000d676
core   0: 0x8000b67a (0x983f2523) sw      gp, -1654(t5)
core   0: 3 0x8000b67a (0x983f2523) mem 0x8000d000 0x00000001
core   0: 0x8000b67e (0x0000bfe5) c.j     pc - 8
core   0: 3 0x8000b67e (0xbfe5)
core   0: 0x8000b676 (0x00002f17) auipc   t5, 0x2
core   0: 3 0x8000b676 (0x00002f17) x30 0x8000d676
core   0: 0x8000b67a (0x983f2523) sw      gp, -1654(t5)
core   0: 3 0x8000b67a (0x983f2523) mem 0x8000d000 0x00000001
core   0: 0x8000b67e (0x0000bfe5) c.j     pc - 8
core   0: 3 0x8000b67e (0xbfe5)
core   0: 0x8000b676 (0x00002f17) auipc   t5, 0x2
core   0: 3 0x8000b676 (0x00002f17) x30 0x8000d676
core   0: 0x8000b67a (0x983f2523) sw      gp, -1654(t5)
core   0: 3 0x8000b67a (0x983f2523) mem 0x8000d000 0x00000001
core   0: 0x8000b67e (0x0000bfe5) c.j     pc - 8
core   0: 3 0x8000b67e (0xbfe5)
core   0: 0x8000b676 (0x00002f17) auipc   t5, 0x2
core   0: 3 0x8000b676 (0x00002f17) x30 0x8000d676
core   0: 0x8000b67a (0x983f2523) sw      gp, -1654(t5)
core   0: 3 0x8000b67a (0x983f2523) mem 0x8000d000 0x00000001
core   0: 0x8000b67e (0x0000bfe5) c.j     pc - 8
core   0: 3 0x8000b67e (0xbfe5)
core   0: 0x8000b676 (0x00002f17) auipc   t5, 0x2
core   0: 3 0x8000b676 (0x00002f17) x30 0x8000d676
core   0: 0x8000b67a (0x983f2523) sw      gp, -1654(t5)
core   0: 3 0x8000b67a (0x983f2523) mem 0x8000d000 0x00000001
core   0: 0x8000b67e (0x0000bfe5) c.j     pc - 8
core   0: 3 0x8000b67e (0xbfe5)
core   0: 0x8000b676 (0x00002f17) auipc   t5, 0x2
core   0: 3 0x8000b676 (0x00002f17) x30 0x8000d676
core   0: 0x8000b67a (0x983f2523) sw      gp, -1654(t5)
core   0: 3 0x8000b67a (0x983f2523) mem 0x8000d000 0x00000001
core   0: 0x8000b67e (0x0000bfe5) c.j     pc - 8
core   0: 3 0x8000b67e (0xbfe5)
core   0: 0x8000b676 (0x00002f17) auipc   t5, 0x2
core   0: 3 0x8000b676 (0x00002f17) x30 0x8000d676
core   0: 0x8000b67a (0x983f2523) sw      gp, -1654(t5)
core   0: 3 0x8000b67a (0x983f2523) mem 0x8000d000 0x00000001
core   0: 0x8000b67e (0x0000bfe5) c.j     pc - 8
core   0: 3 0x8000b67e (0xbfe5)
core   0: 0x8000b676 (0x00002f17) auipc   t5, 0x2
core   0: 3 0x8000b676 (0x00002f17) x30 0x8000d676
core   0: 0x8000b67a (0x983f2523) sw      gp, -1654(t5)
core   0: 3 0x8000b67a (0x983f2523) mem 0x8000d000 0x00000001
core   0: 0x8000b67e (0x0000bfe5) c.j     pc - 8
core   0: 3 0x8000b67e (0xbfe5)
core   0: 0x8000b676 (0x00002f17) auipc   t5, 0x2
core   0: 3 0x8000b676 (0x00002f17) x30 0x8000d676
core   0: 0x8000b67a (0x983f2523) sw      gp, -1654(t5)
core   0: 3 0x8000b67a (0x983f2523) mem 0x8000d000 0x00000001
core   0: 0x8000b67e (0x0000bfe5) c.j     pc - 8
core   0: 3 0x8000b67e (0xbfe5)
core   0: 0x8000b676 (0x00002f17) auipc   t5, 0x2
core   0: 3 0x8000b676 (0x00002f17) x30 0x8000d676
core   0: 0x8000b67a (0x983f2523) sw      gp, -1654(t5)
core   0: 3 0x8000b67a (0x983f2523) mem 0x8000d000 0x00000001
core   0: 0x8000b67e (0x0000bfe5) c.j     pc - 8
core   0: 3 0x8000b67e (0xbfe5)
core   0: 0x8000b676 (0x00002f17) auipc   t5, 0x2
core   0: 3 0x8000b676 (0x00002f17) x30 0x8000d676
core   0: 0x8000b67a (0x983f2523) sw      gp, -1654(t5)
core   0: 3 0x8000b67a (0x983f2523) mem 0x8000d000 0x00000001
core   0: 0x8000b67e (0x0000bfe5) c.j     pc - 8
core   0: 3 0x8000b67e (0xbfe5)
core   0: 0x8000b676 (0x00002f17) auipc   t5, 0x2
core   0: 3 0x8000b676 (0x00002f17) x30 0x8000d676
core   0: 0x8000b67a (0x983f2523) sw      gp, -1654(t5)
core   0: 3 0x8000b67a (0x983f2523) mem 0x8000d000 0x00000001
core   0: 0x8000b67e (0x0000bfe5) c.j     pc - 8
core   0: 3 0x8000b67e (0xbfe5)
core   0: 0x8000b676 (0x00002f17) auipc   t5, 0x2
core   0: 3 0x8000b676 (0x00002f17) x30 0x8000d676
core   0: 0x8000b67a (0x983f2523) sw      gp, -1654(t5)
core   0: 3 0x8000b67a (0x983f2523) mem 0x8000d000 0x00000001
core   0: 0x8000b67e (0x0000bfe5) c.j     pc - 8
core   0: 3 0x8000b67e (0xbfe5)
core   0: 0x8000b676 (0x00002f17) auipc   t5, 0x2
core   0: 3 0x8000b676 (0x00002f17) x30 0x8000d676
core   0: 0x8000b67a (0x983f2523) sw      gp, -1654(t5)
core   0: 3 0x8000b67a (0x983f2523) mem 0x8000d000 0x00000001
core   0: 0x8000b67e (0x0000bfe5) c.j     pc - 8
core   0: 3 0x8000b67e (0xbfe5)
core   0: 0x8000b676 (0x00002f17) auipc   t5, 0x2
core   0: 3 0x8000b676 (0x00002f17) x30 0x8000d676
core   0: 0x8000b67a (0x983f2523) sw      gp, -1654(t5)
core   0: 3 0x8000b67a (0x983f2523) mem 0x8000d000 0x00000001
core   0: 0x8000b67e (0x0000bfe5) c.j     pc - 8
core   0: 3 0x8000b67e (0xbfe5)
core   0: 0x8000b676 (0x00002f17) auipc   t5, 0x2
core   0: 3 0x8000b676 (0x00002f17) x30 0x8000d676
core   0: 0x8000b67a (0x983f2523) sw      gp, -1654(t5)
core   0: 3 0x8000b67a (0x983f2523) mem 0x8000d000 0x00000001
core   0: 0x8000b67e (0x0000bfe5) c.j     pc - 8
core   0: 3 0x8000b67e (0xbfe5)
core   0: 0x8000b676 (0x00002f17) auipc   t5, 0x2
core   0: 3 0x8000b676 (0x00002f17) x30 0x8000d676
core   0: 0x8000b67a (0x983f2523) sw      gp, -1654(t5)
core   0: 3 0x8000b67a (0x983f2523) mem 0x8000d000 0x00000001
core   0: 0x8000b67e (0x0000bfe5) c.j     pc - 8
core   0: 3 0x8000b67e (0xbfe5)
core   0: 0x8000b676 (0x00002f17) auipc   t5, 0x2
core   0: 3 0x8000b676 (0x00002f17) x30 0x8000d676
core   0: 0x8000b67a (0x983f2523) sw      gp, -1654(t5)
core   0: 3 0x8000b67a (0x983f2523) mem 0x8000d000 0x00000001
core   0: 0x8000b67e (0x0000bfe5) c.j     pc - 8
core   0: 3 0x8000b67e (0xbfe5)
core   0: 0x8000b676 (0x00002f17) auipc   t5, 0x2
core   0: 3 0x8000b676 (0x00002f17) x30 0x8000d676
core   0: 0x8000b67a (0x983f2523) sw      gp, -1654(t5)
core   0: 3 0x8000b67a (0x983f2523) mem 0x8000d000 0x00000001
core   0: 0x8000b67e (0x0000bfe5) c.j     pc - 8
core   0: 3 0x8000b67e (0xbfe5)
core   0: 0x8000b676 (0x00002f17) auipc   t5, 0x2
core   0: 3 0x8000b676 (0x00002f17) x30 0x8000d676
core   0: 0x8000b67a (0x983f2523) sw      gp, -1654(t5)
core   0: 3 0x8000b67a (0x983f2523) mem 0x8000d000 0x00000001
core   0: 0x8000b67e (0x0000bfe5) c.j     pc - 8
core   0: 3 0x8000b67e (0xbfe5)
core   0: 0x8000b676 (0x00002f17) auipc   t5, 0x2
core   0: 3 0x8000b676 (0x00002f17) x30 0x8000d676
core   0: 0x8000b67a (0x983f2523) sw      gp, -1654(t5)
core   0: 3 0x8000b67a (0x983f2523) mem 0x8000d000 0x00000001
core   0: 0x8000b67e (0x0000bfe5) c.j     pc - 8
core   0: 3 0x8000b67e (0xbfe5)
core   0: 0x8000b676 (0x00002f17) auipc   t5, 0x2
core   0: 3 0x8000b676 (0x00002f17) x30 0x8000d676
core   0: 0x8000b67a (0x983f2523) sw      gp, -1654(t5)
core   0: 3 0x8000b67a (0x983f2523) mem 0x8000d000 0x00000001
core   0: 0x8000b67e (0x0000bfe5) c.j     pc - 8
core   0: 3 0x8000b67e (0xbfe5)
core   0: 0x8000b676 (0x00002f17) auipc   t5, 0x2
core   0: 3 0x8000b676 (0x00002f17) x30 0x8000d676
core   0: 0x8000b67a (0x983f2523) sw      gp, -1654(t5)
core   0: 3 0x8000b67a (0x983f2523) mem 0x8000d000 0x00000001
core   0: 0x8000b67e (0x0000bfe5) c.j     pc - 8
core   0: 3 0x8000b67e (0xbfe5)
core   0: 0x8000b676 (0x00002f17) auipc   t5, 0x2
core   0: 3 0x8000b676 (0x00002f17) x30 0x8000d676
core   0: 0x8000b67a (0x983f2523) sw      gp, -1654(t5)
core   0: 3 0x8000b67a (0x983f2523) mem 0x8000d000 0x00000001
core   0: 0x8000b67e (0x0000bfe5) c.j     pc - 8
core   0: 3 0x8000b67e (0xbfe5)
core   0: 0x8000b676 (0x00002f17) auipc   t5, 0x2
core   0: 3 0x8000b676 (0x00002f17) x30 0x8000d676
core   0: 0x8000b67a (0x983f2523) sw      gp, -1654(t5)
core   0: 3 0x8000b67a (0x983f2523) mem 0x8000d000 0x00000001
core   0: 0x8000b67e (0x0000bfe5) c.j     pc - 8
core   0: 3 0x8000b67e (0xbfe5)
core   0: 0x8000b676 (0x00002f17) auipc   t5, 0x2
core   0: 3 0x8000b676 (0x00002f17) x30 0x8000d676
core   0: 0x8000b67a (0x983f2523) sw      gp, -1654(t5)
core   0: 3 0x8000b67a (0x983f2523) mem 0x8000d000 0x00000001
core   0: 0x8000b67e (0x0000bfe5) c.j     pc - 8
core   0: 3 0x8000b67e (0xbfe5)
core   0: 0x8000b676 (0x00002f17) auipc   t5, 0x2
core   0: 3 0x8000b676 (0x00002f17) x30 0x8000d676
core   0: 0x8000b67a (0x983f2523) sw      gp, -1654(t5)
core   0: 3 0x8000b67a (0x983f2523) mem 0x8000d000 0x00000001
core   0: 0x8000b67e (0x0000bfe5) c.j     pc - 8
core   0: 3 0x8000b67e (0xbfe5)
core   0: 0x8000b676 (0x00002f17) auipc   t5, 0x2
core   0: 3 0x8000b676 (0x00002f17) x30 0x8000d676
core   0: 0x8000b67a (0x983f2523) sw      gp, -1654(t5)
core   0: 3 0x8000b67a (0x983f2523) mem 0x8000d000 0x00000001
core   0: 0x8000b67e (0x0000bfe5) c.j     pc - 8
core   0: 3 0x8000b67e (0xbfe5)
core   0: 0x8000b676 (0x00002f17) auipc   t5, 0x2
core   0: 3 0x8000b676 (0x00002f17) x30 0x8000d676
core   0: 0x8000b67a (0x983f2523) sw      gp, -1654(t5)
core   0: 3 0x8000b67a (0x983f2523) mem 0x8000d000 0x00000001
core   0: 0x8000b67e (0x0000bfe5) c.j     pc - 8
core   0: 3 0x8000b67e (0xbfe5)
core   0: 0x8000b676 (0x00002f17) auipc   t5, 0x2
core   0: 3 0x8000b676 (0x00002f17) x30 0x8000d676
core   0: 0x8000b67a (0x983f2523) sw      gp, -1654(t5)
core   0: 3 0x8000b67a (0x983f2523) mem 0x8000d000 0x00000001
core   0: 0x8000b67e (0x0000bfe5) c.j     pc - 8
core   0: 3 0x8000b67e (0xbfe5)
core   0: 0x8000b676 (0x00002f17) auipc   t5, 0x2
core   0: 3 0x8000b676 (0x00002f17) x30 0x8000d676
core   0: 0x8000b67a (0x983f2523) sw      gp, -1654(t5)
core   0: 3 0x8000b67a (0x983f2523) mem 0x8000d000 0x00000001
core   0: 0x8000b67e (0x0000bfe5) c.j     pc - 8
core   0: 3 0x8000b67e (0xbfe5)
core   0: 0x8000b676 (0x00002f17) auipc   t5, 0x2
core   0: 3 0x8000b676 (0x00002f17) x30 0x8000d676
core   0: 0x8000b67a (0x983f2523) sw      gp, -1654(t5)
core   0: 3 0x8000b67a (0x983f2523) mem 0x8000d000 0x00000001
core   0: 0x8000b67e (0x0000bfe5) c.j     pc - 8
core   0: 3 0x8000b67e (0xbfe5)
core   0: 0x8000b676 (0x00002f17) auipc   t5, 0x2
core   0: 3 0x8000b676 (0x00002f17) x30 0x8000d676
core   0: 0x8000b67a (0x983f2523) sw      gp, -1654(t5)
core   0: 3 0x8000b67a (0x983f2523) mem 0x8000d000 0x00000001
core   0: 0x8000b67e (0x0000bfe5) c.j     pc - 8
core   0: 3 0x8000b67e (0xbfe5)
core   0: 0x8000b676 (0x00002f17) auipc   t5, 0x2
core   0: 3 0x8000b676 (0x00002f17) x30 0x8000d676
core   0: 0x8000b67a (0x983f2523) sw      gp, -1654(t5)
core   0: 3 0x8000b67a (0x983f2523) mem 0x8000d000 0x00000001
core   0: 0x8000b67e (0x0000bfe5) c.j     pc - 8
core   0: 3 0x8000b67e (0xbfe5)
core   0: 0x8000b676 (0x00002f17) auipc   t5, 0x2
core   0: 3 0x8000b676 (0x00002f17) x30 0x8000d676
core   0: 0x8000b67a (0x983f2523) sw      gp, -1654(t5)
core   0: 3 0x8000b67a (0x983f2523) mem 0x8000d000 0x00000001
core   0: 0x8000b67e (0x0000bfe5) c.j     pc - 8
core   0: 3 0x8000b67e (0xbfe5)
core   0: 0x8000b676 (0x00002f17) auipc   t5, 0x2
core   0: 3 0x8000b676 (0x00002f17) x30 0x8000d676
core   0: 0x8000b67a (0x983f2523) sw      gp, -1654(t5)
core   0: 3 0x8000b67a (0x983f2523) mem 0x8000d000 0x00000001
core   0: 0x8000b67e (0x0000bfe5) c.j     pc - 8
core   0: 3 0x8000b67e (0xbfe5)
core   0: 0x8000b676 (0x00002f17) auipc   t5, 0x2
core   0: 3 0x8000b676 (0x00002f17) x30 0x8000d676
core   0: 0x8000b67a (0x983f2523) sw      gp, -1654(t5)
core   0: 3 0x8000b67a (0x983f2523) mem 0x8000d000 0x00000001
core   0: 0x8000b67e (0x0000bfe5) c.j     pc - 8
core   0: 3 0x8000b67e (0xbfe5)
core   0: 0x8000b676 (0x00002f17) auipc   t5, 0x2
core   0: 3 0x8000b676 (0x00002f17) x30 0x8000d676
core   0: 0x8000b67a (0x983f2523) sw      gp, -1654(t5)
core   0: 3 0x8000b67a (0x983f2523) mem 0x8000d000 0x00000001
core   0: 0x8000b67e (0x0000bfe5) c.j     pc - 8
core   0: 3 0x8000b67e (0xbfe5)
core   0: 0x8000b676 (0x00002f17) auipc   t5, 0x2
core   0: 3 0x8000b676 (0x00002f17) x30 0x8000d676
core   0: 0x8000b67a (0x983f2523) sw      gp, -1654(t5)
core   0: 3 0x8000b67a (0x983f2523) mem 0x8000d000 0x00000001
core   0: 0x8000b67e (0x0000bfe5) c.j     pc - 8
core   0: 3 0x8000b67e (0xbfe5)
core   0: 0x8000b676 (0x00002f17) auipc   t5, 0x2
core   0: 3 0x8000b676 (0x00002f17) x30 0x8000d676
core   0: 0x8000b67a (0x983f2523) sw      gp, -1654(t5)
core   0: 3 0x8000b67a (0x983f2523) mem 0x8000d000 0x00000001
core   0: 0x8000b67e (0x0000bfe5) c.j     pc - 8
core   0: 3 0x8000b67e (0xbfe5)
core   0: 0x8000b676 (0x00002f17) auipc   t5, 0x2
core   0: 3 0x8000b676 (0x00002f17) x30 0x8000d676
core   0: 0x8000b67a (0x983f2523) sw      gp, -1654(t5)
core   0: 3 0x8000b67a (0x983f2523) mem 0x8000d000 0x00000001
core   0: 0x8000b67e (0x0000bfe5) c.j     pc - 8
core   0: 3 0x8000b67e (0xbfe5)
core   0: 0x8000b676 (0x00002f17) auipc   t5, 0x2
core   0: 3 0x8000b676 (0x00002f17) x30 0x8000d676
core   0: 0x8000b67a (0x983f2523) sw      gp, -1654(t5)
core   0: 3 0x8000b67a (0x983f2523) mem 0x8000d000 0x00000001
core   0: 0x8000b67e (0x0000bfe5) c.j     pc - 8
core   0: 3 0x8000b67e (0xbfe5)
core   0: 0x8000b676 (0x00002f17) auipc   t5, 0x2
core   0: 3 0x8000b676 (0x00002f17) x30 0x8000d676
core   0: 0x8000b67a (0x983f2523) sw      gp, -1654(t5)
core   0: 3 0x8000b67a (0x983f2523) mem 0x8000d000 0x00000001
core   0: 0x8000b67e (0x0000bfe5) c.j     pc - 8
core   0: 3 0x8000b67e (0xbfe5)
core   0: 0x8000b676 (0x00002f17) auipc   t5, 0x2
core   0: 3 0x8000b676 (0x00002f17) x30 0x8000d676
core   0: 0x8000b67a (0x983f2523) sw      gp, -1654(t5)
core   0: 3 0x8000b67a (0x983f2523) mem 0x8000d000 0x00000001
core   0: 0x8000b67e (0x0000bfe5) c.j     pc - 8
core   0: 3 0x8000b67e (0xbfe5)
core   0: 0x8000b676 (0x00002f17) auipc   t5, 0x2
core   0: 3 0x8000b676 (0x00002f17) x30 0x8000d676
core   0: 0x8000b67a (0x983f2523) sw      gp, -1654(t5)
core   0: 3 0x8000b67a (0x983f2523) mem 0x8000d000 0x00000001
core   0: 0x8000b67e (0x0000bfe5) c.j     pc - 8
core   0: 3 0x8000b67e (0xbfe5)
core   0: 0x8000b676 (0x00002f17) auipc   t5, 0x2
core   0: 3 0x8000b676 (0x00002f17) x30 0x8000d676
core   0: 0x8000b67a (0x983f2523) sw      gp, -1654(t5)
core   0: 3 0x8000b67a (0x983f2523) mem 0x8000d000 0x00000001
core   0: 0x8000b67e (0x0000bfe5) c.j     pc - 8
core   0: 3 0x8000b67e (0xbfe5)
core   0: 0x8000b676 (0x00002f17) auipc   t5, 0x2
core   0: 3 0x8000b676 (0x00002f17) x30 0x8000d676
core   0: 0x8000b67a (0x983f2523) sw      gp, -1654(t5)
core   0: 3 0x8000b67a (0x983f2523) mem 0x8000d000 0x00000001
core   0: 0x8000b67e (0x0000bfe5) c.j     pc - 8
core   0: 3 0x8000b67e (0xbfe5)
core   0: 0x8000b676 (0x00002f17) auipc   t5, 0x2
core   0: 3 0x8000b676 (0x00002f17) x30 0x8000d676
core   0: 0x8000b67a (0x983f2523) sw      gp, -1654(t5)
core   0: 3 0x8000b67a (0x983f2523) mem 0x8000d000 0x00000001
core   0: 0x8000b67e (0x0000bfe5) c.j     pc - 8
core   0: 3 0x8000b67e (0xbfe5)
core   0: 0x8000b676 (0x00002f17) auipc   t5, 0x2
core   0: 3 0x8000b676 (0x00002f17) x30 0x8000d676
core   0: 0x8000b67a (0x983f2523) sw      gp, -1654(t5)
core   0: 3 0x8000b67a (0x983f2523) mem 0x8000d000 0x00000001
core   0: 0x8000b67e (0x0000bfe5) c.j     pc - 8
core   0: 3 0x8000b67e (0xbfe5)
core   0: 0x8000b676 (0x00002f17) auipc   t5, 0x2
core   0: 3 0x8000b676 (0x00002f17) x30 0x8000d676
core   0: 0x8000b67a (0x983f2523) sw      gp, -1654(t5)
core   0: 3 0x8000b67a (0x983f2523) mem 0x8000d000 0x00000001
core   0: 0x8000b67e (0x0000bfe5) c.j     pc - 8
core   0: 3 0x8000b67e (0xbfe5)
core   0: 0x8000b676 (0x00002f17) auipc   t5, 0x2
core   0: 3 0x8000b676 (0x00002f17) x30 0x8000d676
core   0: 0x8000b67a (0x983f2523) sw      gp, -1654(t5)
core   0: 3 0x8000b67a (0x983f2523) mem 0x8000d000 0x00000001
core   0: 0x8000b67e (0x0000bfe5) c.j     pc - 8
core   0: 3 0x8000b67e (0xbfe5)
core   0: 0x8000b676 (0x00002f17) auipc   t5, 0x2
core   0: 3 0x8000b676 (0x00002f17) x30 0x8000d676
core   0: 0x8000b67a (0x983f2523) sw      gp, -1654(t5)
core   0: 3 0x8000b67a (0x983f2523) mem 0x8000d000 0x00000001
core   0: 0x8000b67e (0x0000bfe5) c.j     pc - 8
core   0: 3 0x8000b67e (0xbfe5)
core   0: 0x8000b676 (0x00002f17) auipc   t5, 0x2
core   0: 3 0x8000b676 (0x00002f17) x30 0x8000d676
core   0: 0x8000b67a (0x983f2523) sw      gp, -1654(t5)
core   0: 3 0x8000b67a (0x983f2523) mem 0x8000d000 0x00000001
core   0: 0x8000b67e (0x0000bfe5) c.j     pc - 8
core   0: 3 0x8000b67e (0xbfe5)
core   0: 0x8000b676 (0x00002f17) auipc   t5, 0x2
core   0: 3 0x8000b676 (0x00002f17) x30 0x8000d676
core   0: 0x8000b67a (0x983f2523) sw      gp, -1654(t5)
core   0: 3 0x8000b67a (0x983f2523) mem 0x8000d000 0x00000001
core   0: 0x8000b67e (0x0000bfe5) c.j     pc - 8
core   0: 3 0x8000b67e (0xbfe5)
core   0: 0x8000b676 (0x00002f17) auipc   t5, 0x2
core   0: 3 0x8000b676 (0x00002f17) x30 0x8000d676
core   0: 0x8000b67a (0x983f2523) sw      gp, -1654(t5)
core   0: 3 0x8000b67a (0x983f2523) mem 0x8000d000 0x00000001
core   0: 0x8000b67e (0x0000bfe5) c.j     pc - 8
core   0: 3 0x8000b67e (0xbfe5)
core   0: 0x8000b676 (0x00002f17) auipc   t5, 0x2
core   0: 3 0x8000b676 (0x00002f17) x30 0x8000d676
core   0: 0x8000b67a (0x983f2523) sw      gp, -1654(t5)
core   0: 3 0x8000b67a (0x983f2523) mem 0x8000d000 0x00000001
core   0: 0x8000b67e (0x0000bfe5) c.j     pc - 8
core   0: 3 0x8000b67e (0xbfe5)
core   0: 0x8000b676 (0x00002f17) auipc   t5, 0x2
core   0: 3 0x8000b676 (0x00002f17) x30 0x8000d676
core   0: 0x8000b67a (0x983f2523) sw      gp, -1654(t5)
core   0: 3 0x8000b67a (0x983f2523) mem 0x8000d000 0x00000001
core   0: 0x8000b67e (0x0000bfe5) c.j     pc - 8
core   0: 3 0x8000b67e (0xbfe5)
core   0: 0x8000b676 (0x00002f17) auipc   t5, 0x2
core   0: 3 0x8000b676 (0x00002f17) x30 0x8000d676
core   0: 0x8000b67a (0x983f2523) sw      gp, -1654(t5)
core   0: 3 0x8000b67a (0x983f2523) mem 0x8000d000 0x00000001
core   0: 0x8000b67e (0x0000bfe5) c.j     pc - 8
core   0: 3 0x8000b67e (0xbfe5)
core   0: 0x8000b676 (0x00002f17) auipc   t5, 0x2
core   0: 3 0x8000b676 (0x00002f17) x30 0x8000d676
core   0: 0x8000b67a (0x983f2523) sw      gp, -1654(t5)
core   0: 3 0x8000b67a (0x983f2523) mem 0x8000d000 0x00000001
core   0: 0x8000b67e (0x0000bfe5) c.j     pc - 8
core   0: 3 0x8000b67e (0xbfe5)
core   0: 0x8000b676 (0x00002f17) auipc   t5, 0x2
core   0: 3 0x8000b676 (0x00002f17) x30 0x8000d676
core   0: 0x8000b67a (0x983f2523) sw      gp, -1654(t5)
core   0: 3 0x8000b67a (0x983f2523) mem 0x8000d000 0x00000001
core   0: 0x8000b67e (0x0000bfe5) c.j     pc - 8
core   0: 3 0x8000b67e (0xbfe5)
core   0: 0x8000b676 (0x00002f17) auipc   t5, 0x2
core   0: 3 0x8000b676 (0x00002f17) x30 0x8000d676
core   0: 0x8000b67a (0x983f2523) sw      gp, -1654(t5)
core   0: 3 0x8000b67a (0x983f2523) mem 0x8000d000 0x00000001
core   0: 0x8000b67e (0x0000bfe5) c.j     pc - 8
core   0: 3 0x8000b67e (0xbfe5)
core   0: 0x8000b676 (0x00002f17) auipc   t5, 0x2
core   0: 3 0x8000b676 (0x00002f17) x30 0x8000d676
core   0: 0x8000b67a (0x983f2523) sw      gp, -1654(t5)
core   0: 3 0x8000b67a (0x983f2523) mem 0x8000d000 0x00000001
core   0: 0x8000b67e (0x0000bfe5) c.j     pc - 8
core   0: 3 0x8000b67e (0xbfe5)
core   0: 0x8000b676 (0x00002f17) auipc   t5, 0x2
core   0: 3 0x8000b676 (0x00002f17) x30 0x8000d676
core   0: 0x8000b67a (0x983f2523) sw      gp, -1654(t5)
core   0: 3 0x8000b67a (0x983f2523) mem 0x8000d000 0x00000001
core   0: 0x8000b67e (0x0000bfe5) c.j     pc - 8
core   0: 3 0x8000b67e (0xbfe5)
core   0: 0x8000b676 (0x00002f17) auipc   t5, 0x2
core   0: 3 0x8000b676 (0x00002f17) x30 0x8000d676
core   0: 0x8000b67a (0x983f2523) sw      gp, -1654(t5)
core   0: 3 0x8000b67a (0x983f2523) mem 0x8000d000 0x00000001
core   0: 0x8000b67e (0x0000bfe5) c.j     pc - 8
core   0: 3 0x8000b67e (0xbfe5)
core   0: 0x8000b676 (0x00002f17) auipc   t5, 0x2
core   0: 3 0x8000b676 (0x00002f17) x30 0x8000d676
core   0: 0x8000b67a (0x983f2523) sw      gp, -1654(t5)
core   0: 3 0x8000b67a (0x983f2523) mem 0x8000d000 0x00000001
core   0: 0x8000b67e (0x0000bfe5) c.j     pc - 8
core   0: 3 0x8000b67e (0xbfe5)
core   0: 0x8000b676 (0x00002f17) auipc   t5, 0x2
core   0: 3 0x8000b676 (0x00002f17) x30 0x8000d676
core   0: 0x8000b67a (0x983f2523) sw      gp, -1654(t5)
core   0: 3 0x8000b67a (0x983f2523) mem 0x8000d000 0x00000001
core   0: 0x8000b67e (0x0000bfe5) c.j     pc - 8
core   0: 3 0x8000b67e (0xbfe5)
core   0: 0x8000b676 (0x00002f17) auipc   t5, 0x2
core   0: 3 0x8000b676 (0x00002f17) x30 0x8000d676
core   0: 0x8000b67a (0x983f2523) sw      gp, -1654(t5)
core   0: 3 0x8000b67a (0x983f2523) mem 0x8000d000 0x00000001
core   0: 0x8000b67e (0x0000bfe5) c.j     pc - 8
core   0: 3 0x8000b67e (0xbfe5)
core   0: 0x8000b676 (0x00002f17) auipc   t5, 0x2
core   0: 3 0x8000b676 (0x00002f17) x30 0x8000d676
core   0: 0x8000b67a (0x983f2523) sw      gp, -1654(t5)
core   0: 3 0x8000b67a (0x983f2523) mem 0x8000d000 0x00000001
core   0: 0x8000b67e (0x0000bfe5) c.j     pc - 8
core   0: 3 0x8000b67e (0xbfe5)
core   0: 0x8000b676 (0x00002f17) auipc   t5, 0x2
core   0: 3 0x8000b676 (0x00002f17) x30 0x8000d676
core   0: 0x8000b67a (0x983f2523) sw      gp, -1654(t5)
core   0: 3 0x8000b67a (0x983f2523) mem 0x8000d000 0x00000001
core   0: 0x8000b67e (0x0000bfe5) c.j     pc - 8
core   0: 3 0x8000b67e (0xbfe5)
core   0: 0x8000b676 (0x00002f17) auipc   t5, 0x2
core   0: 3 0x8000b676 (0x00002f17) x30 0x8000d676
core   0: 0x8000b67a (0x983f2523) sw      gp, -1654(t5)
core   0: 3 0x8000b67a (0x983f2523) mem 0x8000d000 0x00000001
core   0: 0x8000b67e (0x0000bfe5) c.j     pc - 8
core   0: 3 0x8000b67e (0xbfe5)
core   0: 0x8000b676 (0x00002f17) auipc   t5, 0x2
core   0: 3 0x8000b676 (0x00002f17) x30 0x8000d676
core   0: 0x8000b67a (0x983f2523) sw      gp, -1654(t5)
core   0: 3 0x8000b67a (0x983f2523) mem 0x8000d000 0x00000001
core   0: 0x8000b67e (0x0000bfe5) c.j     pc - 8
core   0: 3 0x8000b67e (0xbfe5)
core   0: 0x8000b676 (0x00002f17) auipc   t5, 0x2
core   0: 3 0x8000b676 (0x00002f17) x30 0x8000d676
core   0: 0x8000b67a (0x983f2523) sw      gp, -1654(t5)
core   0: 3 0x8000b67a (0x983f2523) mem 0x8000d000 0x00000001
core   0: 0x8000b67e (0x0000bfe5) c.j     pc - 8
core   0: 3 0x8000b67e (0xbfe5)
core   0: 0x8000b676 (0x00002f17) auipc   t5, 0x2
core   0: 3 0x8000b676 (0x00002f17) x30 0x8000d676
core   0: 0x8000b67a (0x983f2523) sw      gp, -1654(t5)
core   0: 3 0x8000b67a (0x983f2523) mem 0x8000d000 0x00000001
core   0: 0x8000b67e (0x0000bfe5) c.j     pc - 8
core   0: 3 0x8000b67e (0xbfe5)
core   0: 0x8000b676 (0x00002f17) auipc   t5, 0x2
core   0: 3 0x8000b676 (0x00002f17) x30 0x8000d676
core   0: 0x8000b67a (0x983f2523) sw      gp, -1654(t5)
core   0: 3 0x8000b67a (0x983f2523) mem 0x8000d000 0x00000001
core   0: 0x8000b67e (0x0000bfe5) c.j     pc - 8
core   0: 3 0x8000b67e (0xbfe5)
core   0: 0x8000b676 (0x00002f17) auipc   t5, 0x2
core   0: 3 0x8000b676 (0x00002f17) x30 0x8000d676
core   0: 0x8000b67a (0x983f2523) sw      gp, -1654(t5)
core   0: 3 0x8000b67a (0x983f2523) mem 0x8000d000 0x00000001
core   0: 0x8000b67e (0x0000bfe5) c.j     pc - 8
core   0: 3 0x8000b67e (0xbfe5)
core   0: 0x8000b676 (0x00002f17) auipc   t5, 0x2
core   0: 3 0x8000b676 (0x00002f17) x30 0x8000d676
core   0: 0x8000b67a (0x983f2523) sw      gp, -1654(t5)
core   0: 3 0x8000b67a (0x983f2523) mem 0x8000d000 0x00000001
core   0: 0x8000b67e (0x0000bfe5) c.j     pc - 8
core   0: 3 0x8000b67e (0xbfe5)
core   0: 0x8000b676 (0x00002f17) auipc   t5, 0x2
core   0: 3 0x8000b676 (0x00002f17) x30 0x8000d676
core   0: 0x8000b67a (0x983f2523) sw      gp, -1654(t5)
core   0: 3 0x8000b67a (0x983f2523) mem 0x8000d000 0x00000001
core   0: 0x8000b67e (0x0000bfe5) c.j     pc - 8
core   0: 3 0x8000b67e (0xbfe5)
core   0: 0x8000b676 (0x00002f17) auipc   t5, 0x2
core   0: 3 0x8000b676 (0x00002f17) x30 0x8000d676
core   0: 0x8000b67a (0x983f2523) sw      gp, -1654(t5)
core   0: 3 0x8000b67a (0x983f2523) mem 0x8000d000 0x00000001
core   0: 0x8000b67e (0x0000bfe5) c.j     pc - 8
core   0: 3 0x8000b67e (0xbfe5)
core   0: 0x8000b676 (0x00002f17) auipc   t5, 0x2
core   0: 3 0x8000b676 (0x00002f17) x30 0x8000d676
core   0: 0x8000b67a (0x983f2523) sw      gp, -1654(t5)
core   0: 3 0x8000b67a (0x983f2523) mem 0x8000d000 0x00000001
core   0: 0x8000b67e (0x0000bfe5) c.j     pc - 8
core   0: 3 0x8000b67e (0xbfe5)
core   0: 0x8000b676 (0x00002f17) auipc   t5, 0x2
core   0: 3 0x8000b676 (0x00002f17) x30 0x8000d676
core   0: 0x8000b67a (0x983f2523) sw      gp, -1654(t5)
core   0: 3 0x8000b67a (0x983f2523) mem 0x8000d000 0x00000001
core   0: 0x8000b67e (0x0000bfe5) c.j     pc - 8
core   0: 3 0x8000b67e (0xbfe5)
core   0: 0x8000b676 (0x00002f17) auipc   t5, 0x2
core   0: 3 0x8000b676 (0x00002f17) x30 0x8000d676
core   0: 0x8000b67a (0x983f2523) sw      gp, -1654(t5)
core   0: 3 0x8000b67a (0x983f2523) mem 0x8000d000 0x00000001
core   0: 0x8000b67e (0x0000bfe5) c.j     pc - 8
core   0: 3 0x8000b67e (0xbfe5)
core   0: 0x8000b676 (0x00002f17) auipc   t5, 0x2
core   0: 3 0x8000b676 (0x00002f17) x30 0x8000d676
core   0: 0x8000b67a (0x983f2523) sw      gp, -1654(t5)
core   0: 3 0x8000b67a (0x983f2523) mem 0x8000d000 0x00000001
core   0: 0x8000b67e (0x0000bfe5) c.j     pc - 8
core   0: 3 0x8000b67e (0xbfe5)
core   0: 0x8000b676 (0x00002f17) auipc   t5, 0x2
core   0: 3 0x8000b676 (0x00002f17) x30 0x8000d676
core   0: 0x8000b67a (0x983f2523) sw      gp, -1654(t5)
core   0: 3 0x8000b67a (0x983f2523) mem 0x8000d000 0x00000001
core   0: 0x8000b67e (0x0000bfe5) c.j     pc - 8
core   0: 3 0x8000b67e (0xbfe5)
core   0: 0x8000b676 (0x00002f17) auipc   t5, 0x2
core   0: 3 0x8000b676 (0x00002f17) x30 0x8000d676
core   0: 0x8000b67a (0x983f2523) sw      gp, -1654(t5)
core   0: 3 0x8000b67a (0x983f2523) mem 0x8000d000 0x00000001
core   0: 0x8000b67e (0x0000bfe5) c.j     pc - 8
core   0: 3 0x8000b67e (0xbfe5)
core   0: 0x8000b676 (0x00002f17) auipc   t5, 0x2
core   0: 3 0x8000b676 (0x00002f17) x30 0x8000d676
core   0: 0x8000b67a (0x983f2523) sw      gp, -1654(t5)
core   0: 3 0x8000b67a (0x983f2523) mem 0x8000d000 0x00000001
core   0: 0x8000b67e (0x0000bfe5) c.j     pc - 8
core   0: 3 0x8000b67e (0xbfe5)
core   0: 0x8000b676 (0x00002f17) auipc   t5, 0x2
core   0: 3 0x8000b676 (0x00002f17) x30 0x8000d676
core   0: 0x8000b67a (0x983f2523) sw      gp, -1654(t5)
core   0: 3 0x8000b67a (0x983f2523) mem 0x8000d000 0x00000001
core   0: 0x8000b67e (0x0000bfe5) c.j     pc - 8
core   0: 3 0x8000b67e (0xbfe5)
core   0: 0x8000b676 (0x00002f17) auipc   t5, 0x2
core   0: 3 0x8000b676 (0x00002f17) x30 0x8000d676
core   0: 0x8000b67a (0x983f2523) sw      gp, -1654(t5)
core   0: 3 0x8000b67a (0x983f2523) mem 0x8000d000 0x00000001
core   0: 0x8000b67e (0x0000bfe5) c.j     pc - 8
core   0: 3 0x8000b67e (0xbfe5)
core   0: 0x8000b676 (0x00002f17) auipc   t5, 0x2
core   0: 3 0x8000b676 (0x00002f17) x30 0x8000d676
core   0: 0x8000b67a (0x983f2523) sw      gp, -1654(t5)
core   0: 3 0x8000b67a (0x983f2523) mem 0x8000d000 0x00000001
core   0: 0x8000b67e (0x0000bfe5) c.j     pc - 8
core   0: 3 0x8000b67e (0xbfe5)
core   0: 0x8000b676 (0x00002f17) auipc   t5, 0x2
core   0: 3 0x8000b676 (0x00002f17) x30 0x8000d676
core   0: 0x8000b67a (0x983f2523) sw      gp, -1654(t5)
core   0: 3 0x8000b67a (0x983f2523) mem 0x8000d000 0x00000001
core   0: 0x8000b67e (0x0000bfe5) c.j     pc - 8
core   0: 3 0x8000b67e (0xbfe5)
core   0: 0x8000b676 (0x00002f17) auipc   t5, 0x2
core   0: 3 0x8000b676 (0x00002f17) x30 0x8000d676
core   0: 0x8000b67a (0x983f2523) sw      gp, -1654(t5)
core   0: 3 0x8000b67a (0x983f2523) mem 0x8000d000 0x00000001
core   0: 0x8000b67e (0x0000bfe5) c.j     pc - 8
core   0: 3 0x8000b67e (0xbfe5)
core   0: 0x8000b676 (0x00002f17) auipc   t5, 0x2
core   0: 3 0x8000b676 (0x00002f17) x30 0x8000d676
core   0: 0x8000b67a (0x983f2523) sw      gp, -1654(t5)
core   0: 3 0x8000b67a (0x983f2523) mem 0x8000d000 0x00000001
core   0: 0x8000b67e (0x0000bfe5) c.j     pc - 8
core   0: 3 0x8000b67e (0xbfe5)
core   0: 0x8000b676 (0x00002f17) auipc   t5, 0x2
core   0: 3 0x8000b676 (0x00002f17) x30 0x8000d676
core   0: 0x8000b67a (0x983f2523) sw      gp, -1654(t5)
core   0: 3 0x8000b67a (0x983f2523) mem 0x8000d000 0x00000001
core   0: 0x8000b67e (0x0000bfe5) c.j     pc - 8
core   0: 3 0x8000b67e (0xbfe5)
core   0: 0x8000b676 (0x00002f17) auipc   t5, 0x2
core   0: 3 0x8000b676 (0x00002f17) x30 0x8000d676
core   0: 0x8000b67a (0x983f2523) sw      gp, -1654(t5)
core   0: 3 0x8000b67a (0x983f2523) mem 0x8000d000 0x00000001
core   0: 0x8000b67e (0x0000bfe5) c.j     pc - 8
core   0: 3 0x8000b67e (0xbfe5)
core   0: 0x8000b676 (0x00002f17) auipc   t5, 0x2
core   0: 3 0x8000b676 (0x00002f17) x30 0x8000d676
core   0: 0x8000b67a (0x983f2523) sw      gp, -1654(t5)
core   0: 3 0x8000b67a (0x983f2523) mem 0x8000d000 0x00000001
core   0: 0x8000b67e (0x0000bfe5) c.j     pc - 8
core   0: 3 0x8000b67e (0xbfe5)
core   0: 0x8000b676 (0x00002f17) auipc   t5, 0x2
core   0: 3 0x8000b676 (0x00002f17) x30 0x8000d676
core   0: 0x8000b67a (0x983f2523) sw      gp, -1654(t5)
core   0: 3 0x8000b67a (0x983f2523) mem 0x8000d000 0x00000001
core   0: 0x8000b67e (0x0000bfe5) c.j     pc - 8
core   0: 3 0x8000b67e (0xbfe5)
core   0: 0x8000b676 (0x00002f17) auipc   t5, 0x2
core   0: 3 0x8000b676 (0x00002f17) x30 0x8000d676
core   0: 0x8000b67a (0x983f2523) sw      gp, -1654(t5)
core   0: 3 0x8000b67a (0x983f2523) mem 0x8000d000 0x00000001
core   0: 0x8000b67e (0x0000bfe5) c.j     pc - 8
core   0: 3 0x8000b67e (0xbfe5)
core   0: 0x8000b676 (0x00002f17) auipc   t5, 0x2
core   0: 3 0x8000b676 (0x00002f17) x30 0x8000d676
core   0: 0x8000b67a (0x983f2523) sw      gp, -1654(t5)
core   0: 3 0x8000b67a (0x983f2523) mem 0x8000d000 0x00000001
core   0: 0x8000b67e (0x0000bfe5) c.j     pc - 8
core   0: 3 0x8000b67e (0xbfe5)
core   0: 0x8000b676 (0x00002f17) auipc   t5, 0x2
core   0: 3 0x8000b676 (0x00002f17) x30 0x8000d676
core   0: 0x8000b67a (0x983f2523) sw      gp, -1654(t5)
core   0: 3 0x8000b67a (0x983f2523) mem 0x8000d000 0x00000001
core   0: 0x8000b67e (0x0000bfe5) c.j     pc - 8
core   0: 3 0x8000b67e (0xbfe5)
core   0: 0x8000b676 (0x00002f17) auipc   t5, 0x2
core   0: 3 0x8000b676 (0x00002f17) x30 0x8000d676
core   0: 0x8000b67a (0x983f2523) sw      gp, -1654(t5)
core   0: 3 0x8000b67a (0x983f2523) mem 0x8000d000 0x00000001
core   0: 0x8000b67e (0x0000bfe5) c.j     pc - 8
core   0: 3 0x8000b67e (0xbfe5)
core   0: 0x8000b676 (0x00002f17) auipc   t5, 0x2
core   0: 3 0x8000b676 (0x00002f17) x30 0x8000d676
core   0: 0x8000b67a (0x983f2523) sw      gp, -1654(t5)
core   0: 3 0x8000b67a (0x983f2523) mem 0x8000d000 0x00000001
core   0: 0x8000b67e (0x0000bfe5) c.j     pc - 8
core   0: 3 0x8000b67e (0xbfe5)
core   0: 0x8000b676 (0x00002f17) auipc   t5, 0x2
core   0: 3 0x8000b676 (0x00002f17) x30 0x8000d676
core   0: 0x8000b67a (0x983f2523) sw      gp, -1654(t5)
core   0: 3 0x8000b67a (0x983f2523) mem 0x8000d000 0x00000001
core   0: 0x8000b67e (0x0000bfe5) c.j     pc - 8
core   0: 3 0x8000b67e (0xbfe5)
core   0: 0x8000b676 (0x00002f17) auipc   t5, 0x2
core   0: 3 0x8000b676 (0x00002f17) x30 0x8000d676
core   0: 0x8000b67a (0x983f2523) sw      gp, -1654(t5)
core   0: 3 0x8000b67a (0x983f2523) mem 0x8000d000 0x00000001
core   0: 0x8000b67e (0x0000bfe5) c.j     pc - 8
core   0: 3 0x8000b67e (0xbfe5)
core   0: 0x8000b676 (0x00002f17) auipc   t5, 0x2
core   0: 3 0x8000b676 (0x00002f17) x30 0x8000d676
core   0: 0x8000b67a (0x983f2523) sw      gp, -1654(t5)
core   0: 3 0x8000b67a (0x983f2523) mem 0x8000d000 0x00000001
core   0: 0x8000b67e (0x0000bfe5) c.j     pc - 8
core   0: 3 0x8000b67e (0xbfe5)
core   0: 0x8000b676 (0x00002f17) auipc   t5, 0x2
core   0: 3 0x8000b676 (0x00002f17) x30 0x8000d676
core   0: 0x8000b67a (0x983f2523) sw      gp, -1654(t5)
core   0: 3 0x8000b67a (0x983f2523) mem 0x8000d000 0x00000001
core   0: 0x8000b67e (0x0000bfe5) c.j     pc - 8
core   0: 3 0x8000b67e (0xbfe5)
core   0: 0x8000b676 (0x00002f17) auipc   t5, 0x2
core   0: 3 0x8000b676 (0x00002f17) x30 0x8000d676
core   0: 0x8000b67a (0x983f2523) sw      gp, -1654(t5)
core   0: 3 0x8000b67a (0x983f2523) mem 0x8000d000 0x00000001
core   0: 0x8000b67e (0x0000bfe5) c.j     pc - 8
core   0: 3 0x8000b67e (0xbfe5)
core   0: 0x8000b676 (0x00002f17) auipc   t5, 0x2
core   0: 3 0x8000b676 (0x00002f17) x30 0x8000d676
core   0: 0x8000b67a (0x983f2523) sw      gp, -1654(t5)
core   0: 3 0x8000b67a (0x983f2523) mem 0x8000d000 0x00000001
core   0: 0x8000b67e (0x0000bfe5) c.j     pc - 8
core   0: 3 0x8000b67e (0xbfe5)
core   0: 0x8000b676 (0x00002f17) auipc   t5, 0x2
core   0: 3 0x8000b676 (0x00002f17) x30 0x8000d676
core   0: 0x8000b67a (0x983f2523) sw      gp, -1654(t5)
core   0: 3 0x8000b67a (0x983f2523) mem 0x8000d000 0x00000001
core   0: 0x8000b67e (0x0000bfe5) c.j     pc - 8
core   0: 3 0x8000b67e (0xbfe5)
core   0: 0x8000b676 (0x00002f17) auipc   t5, 0x2
core   0: 3 0x8000b676 (0x00002f17) x30 0x8000d676
core   0: 0x8000b67a (0x983f2523) sw      gp, -1654(t5)
core   0: 3 0x8000b67a (0x983f2523) mem 0x8000d000 0x00000001
core   0: 0x8000b67e (0x0000bfe5) c.j     pc - 8
core   0: 3 0x8000b67e (0xbfe5)
core   0: 0x8000b676 (0x00002f17) auipc   t5, 0x2
core   0: 3 0x8000b676 (0x00002f17) x30 0x8000d676
core   0: 0x8000b67a (0x983f2523) sw      gp, -1654(t5)
core   0: 3 0x8000b67a (0x983f2523) mem 0x8000d000 0x00000001
core   0: 0x8000b67e (0x0000bfe5) c.j     pc - 8
core   0: 3 0x8000b67e (0xbfe5)
core   0: 0x8000b676 (0x00002f17) auipc   t5, 0x2
core   0: 3 0x8000b676 (0x00002f17) x30 0x8000d676
core   0: 0x8000b67a (0x983f2523) sw      gp, -1654(t5)
core   0: 3 0x8000b67a (0x983f2523) mem 0x8000d000 0x00000001
core   0: 0x8000b67e (0x0000bfe5) c.j     pc - 8
core   0: 3 0x8000b67e (0xbfe5)
core   0: 0x8000b676 (0x00002f17) auipc   t5, 0x2
core   0: 3 0x8000b676 (0x00002f17) x30 0x8000d676
core   0: 0x8000b67a (0x983f2523) sw      gp, -1654(t5)
core   0: 3 0x8000b67a (0x983f2523) mem 0x8000d000 0x00000001
core   0: 0x8000b67e (0x0000bfe5) c.j     pc - 8
core   0: 3 0x8000b67e (0xbfe5)
core   0: 0x8000b676 (0x00002f17) auipc   t5, 0x2
core   0: 3 0x8000b676 (0x00002f17) x30 0x8000d676
core   0: 0x8000b67a (0x983f2523) sw      gp, -1654(t5)
core   0: 3 0x8000b67a (0x983f2523) mem 0x8000d000 0x00000001
core   0: 0x8000b67e (0x0000bfe5) c.j     pc - 8
core   0: 3 0x8000b67e (0xbfe5)
core   0: 0x8000b676 (0x00002f17) auipc   t5, 0x2
core   0: 3 0x8000b676 (0x00002f17) x30 0x8000d676
core   0: 0x8000b67a (0x983f2523) sw      gp, -1654(t5)
core   0: 3 0x8000b67a (0x983f2523) mem 0x8000d000 0x00000001
core   0: 0x8000b67e (0x0000bfe5) c.j     pc - 8
core   0: 3 0x8000b67e (0xbfe5)
core   0: 0x8000b676 (0x00002f17) auipc   t5, 0x2
core   0: 3 0x8000b676 (0x00002f17) x30 0x8000d676
core   0: 0x8000b67a (0x983f2523) sw      gp, -1654(t5)
core   0: 3 0x8000b67a (0x983f2523) mem 0x8000d000 0x00000001
core   0: 0x8000b67e (0x0000bfe5) c.j     pc - 8
core   0: 3 0x8000b67e (0xbfe5)
core   0: 0x8000b676 (0x00002f17) auipc   t5, 0x2
core   0: 3 0x8000b676 (0x00002f17) x30 0x8000d676
core   0: 0x8000b67a (0x983f2523) sw      gp, -1654(t5)
core   0: 3 0x8000b67a (0x983f2523) mem 0x8000d000 0x00000001
core   0: 0x8000b67e (0x0000bfe5) c.j     pc - 8
core   0: 3 0x8000b67e (0xbfe5)
core   0: 0x8000b676 (0x00002f17) auipc   t5, 0x2
core   0: 3 0x8000b676 (0x00002f17) x30 0x8000d676
core   0: 0x8000b67a (0x983f2523) sw      gp, -1654(t5)
core   0: 3 0x8000b67a (0x983f2523) mem 0x8000d000 0x00000001
core   0: 0x8000b67e (0x0000bfe5) c.j     pc - 8
core   0: 3 0x8000b67e (0xbfe5)
core   0: 0x8000b676 (0x00002f17) auipc   t5, 0x2
core   0: 3 0x8000b676 (0x00002f17) x30 0x8000d676
core   0: 0x8000b67a (0x983f2523) sw      gp, -1654(t5)
core   0: 3 0x8000b67a (0x983f2523) mem 0x8000d000 0x00000001
core   0: 0x8000b67e (0x0000bfe5) c.j     pc - 8
core   0: 3 0x8000b67e (0xbfe5)
core   0: 0x8000b676 (0x00002f17) auipc   t5, 0x2
core   0: 3 0x8000b676 (0x00002f17) x30 0x8000d676
core   0: 0x8000b67a (0x983f2523) sw      gp, -1654(t5)
core   0: 3 0x8000b67a (0x983f2523) mem 0x8000d000 0x00000001
core   0: 0x8000b67e (0x0000bfe5) c.j     pc - 8
core   0: 3 0x8000b67e (0xbfe5)
core   0: 0x8000b676 (0x00002f17) auipc   t5, 0x2
core   0: 3 0x8000b676 (0x00002f17) x30 0x8000d676
core   0: 0x8000b67a (0x983f2523) sw      gp, -1654(t5)
core   0: 3 0x8000b67a (0x983f2523) mem 0x8000d000 0x00000001
core   0: 0x8000b67e (0x0000bfe5) c.j     pc - 8
core   0: 3 0x8000b67e (0xbfe5)
core   0: 0x8000b676 (0x00002f17) auipc   t5, 0x2
core   0: 3 0x8000b676 (0x00002f17) x30 0x8000d676
core   0: 0x8000b67a (0x983f2523) sw      gp, -1654(t5)
core   0: 3 0x8000b67a (0x983f2523) mem 0x8000d000 0x00000001
core   0: 0x8000b67e (0x0000bfe5) c.j     pc - 8
core   0: 3 0x8000b67e (0xbfe5)
core   0: 0x8000b676 (0x00002f17) auipc   t5, 0x2
core   0: 3 0x8000b676 (0x00002f17) x30 0x8000d676
core   0: 0x8000b67a (0x983f2523) sw      gp, -1654(t5)
core   0: 3 0x8000b67a (0x983f2523) mem 0x8000d000 0x00000001
core   0: 0x8000b67e (0x0000bfe5) c.j     pc - 8
core   0: 3 0x8000b67e (0xbfe5)
core   0: 0x8000b676 (0x00002f17) auipc   t5, 0x2
core   0: 3 0x8000b676 (0x00002f17) x30 0x8000d676
core   0: 0x8000b67a (0x983f2523) sw      gp, -1654(t5)
core   0: 3 0x8000b67a (0x983f2523) mem 0x8000d000 0x00000001
core   0: 0x8000b67e (0x0000bfe5) c.j     pc - 8
core   0: 3 0x8000b67e (0xbfe5)
core   0: 0x8000b676 (0x00002f17) auipc   t5, 0x2
core   0: 3 0x8000b676 (0x00002f17) x30 0x8000d676
core   0: 0x8000b67a (0x983f2523) sw      gp, -1654(t5)
core   0: 3 0x8000b67a (0x983f2523) mem 0x8000d000 0x00000001
core   0: 0x8000b67e (0x0000bfe5) c.j     pc - 8
core   0: 3 0x8000b67e (0xbfe5)
core   0: 0x8000b676 (0x00002f17) auipc   t5, 0x2
core   0: 3 0x8000b676 (0x00002f17) x30 0x8000d676
core   0: 0x8000b67a (0x983f2523) sw      gp, -1654(t5)
core   0: 3 0x8000b67a (0x983f2523) mem 0x8000d000 0x00000001
core   0: 0x8000b67e (0x0000bfe5) c.j     pc - 8
core   0: 3 0x8000b67e (0xbfe5)
core   0: 0x8000b676 (0x00002f17) auipc   t5, 0x2
core   0: 3 0x8000b676 (0x00002f17) x30 0x8000d676
core   0: 0x8000b67a (0x983f2523) sw      gp, -1654(t5)
core   0: 3 0x8000b67a (0x983f2523) mem 0x8000d000 0x00000001
core   0: 0x8000b67e (0x0000bfe5) c.j     pc - 8
core   0: 3 0x8000b67e (0xbfe5)
core   0: 0x8000b676 (0x00002f17) auipc   t5, 0x2
core   0: 3 0x8000b676 (0x00002f17) x30 0x8000d676
core   0: 0x8000b67a (0x983f2523) sw      gp, -1654(t5)
core   0: 3 0x8000b67a (0x983f2523) mem 0x8000d000 0x00000001
core   0: 0x8000b67e (0x0000bfe5) c.j     pc - 8
core   0: 3 0x8000b67e (0xbfe5)
core   0: 0x8000b676 (0x00002f17) auipc   t5, 0x2
core   0: 3 0x8000b676 (0x00002f17) x30 0x8000d676
core   0: 0x8000b67a (0x983f2523) sw      gp, -1654(t5)
core   0: 3 0x8000b67a (0x983f2523) mem 0x8000d000 0x00000001
core   0: 0x8000b67e (0x0000bfe5) c.j     pc - 8
core   0: 3 0x8000b67e (0xbfe5)
core   0: 0x8000b676 (0x00002f17) auipc   t5, 0x2
core   0: 3 0x8000b676 (0x00002f17) x30 0x8000d676
core   0: 0x8000b67a (0x983f2523) sw      gp, -1654(t5)
core   0: 3 0x8000b67a (0x983f2523) mem 0x8000d000 0x00000001
core   0: 0x8000b67e (0x0000bfe5) c.j     pc - 8
core   0: 3 0x8000b67e (0xbfe5)
core   0: 0x8000b676 (0x00002f17) auipc   t5, 0x2
core   0: 3 0x8000b676 (0x00002f17) x30 0x8000d676
core   0: 0x8000b67a (0x983f2523) sw      gp, -1654(t5)
core   0: 3 0x8000b67a (0x983f2523) mem 0x8000d000 0x00000001
core   0: 0x8000b67e (0x0000bfe5) c.j     pc - 8
core   0: 3 0x8000b67e (0xbfe5)
core   0: 0x8000b676 (0x00002f17) auipc   t5, 0x2
core   0: 3 0x8000b676 (0x00002f17) x30 0x8000d676
core   0: 0x8000b67a (0x983f2523) sw      gp, -1654(t5)
core   0: 3 0x8000b67a (0x983f2523) mem 0x8000d000 0x00000001
core   0: 0x8000b67e (0x0000bfe5) c.j     pc - 8
core   0: 3 0x8000b67e (0xbfe5)
core   0: 0x8000b676 (0x00002f17) auipc   t5, 0x2
core   0: 3 0x8000b676 (0x00002f17) x30 0x8000d676
core   0: 0x8000b67a (0x983f2523) sw      gp, -1654(t5)
core   0: 3 0x8000b67a (0x983f2523) mem 0x8000d000 0x00000001
core   0: 0x8000b67e (0x0000bfe5) c.j     pc - 8
core   0: 3 0x8000b67e (0xbfe5)
core   0: 0x8000b676 (0x00002f17) auipc   t5, 0x2
core   0: 3 0x8000b676 (0x00002f17) x30 0x8000d676
core   0: 0x8000b67a (0x983f2523) sw      gp, -1654(t5)
core   0: 3 0x8000b67a (0x983f2523) mem 0x8000d000 0x00000001
core   0: 0x8000b67e (0x0000bfe5) c.j     pc - 8
core   0: 3 0x8000b67e (0xbfe5)
core   0: 0x8000b676 (0x00002f17) auipc   t5, 0x2
core   0: 3 0x8000b676 (0x00002f17) x30 0x8000d676
core   0: 0x8000b67a (0x983f2523) sw      gp, -1654(t5)
core   0: 3 0x8000b67a (0x983f2523) mem 0x8000d000 0x00000001
core   0: 0x8000b67e (0x0000bfe5) c.j     pc - 8
core   0: 3 0x8000b67e (0xbfe5)
core   0: 0x8000b676 (0x00002f17) auipc   t5, 0x2
core   0: 3 0x8000b676 (0x00002f17) x30 0x8000d676
core   0: 0x8000b67a (0x983f2523) sw      gp, -1654(t5)
core   0: 3 0x8000b67a (0x983f2523) mem 0x8000d000 0x00000001
core   0: 0x8000b67e (0x0000bfe5) c.j     pc - 8
core   0: 3 0x8000b67e (0xbfe5)
core   0: 0x8000b676 (0x00002f17) auipc   t5, 0x2
core   0: 3 0x8000b676 (0x00002f17) x30 0x8000d676
core   0: 0x8000b67a (0x983f2523) sw      gp, -1654(t5)
core   0: 3 0x8000b67a (0x983f2523) mem 0x8000d000 0x00000001
core   0: 0x8000b67e (0x0000bfe5) c.j     pc - 8
core   0: 3 0x8000b67e (0xbfe5)
core   0: 0x8000b676 (0x00002f17) auipc   t5, 0x2
core   0: 3 0x8000b676 (0x00002f17) x30 0x8000d676
core   0: 0x8000b67a (0x983f2523) sw      gp, -1654(t5)
core   0: 3 0x8000b67a (0x983f2523) mem 0x8000d000 0x00000001
core   0: 0x8000b67e (0x0000bfe5) c.j     pc - 8
core   0: 3 0x8000b67e (0xbfe5)
core   0: 0x8000b676 (0x00002f17) auipc   t5, 0x2
core   0: 3 0x8000b676 (0x00002f17) x30 0x8000d676
core   0: 0x8000b67a (0x983f2523) sw      gp, -1654(t5)
core   0: 3 0x8000b67a (0x983f2523) mem 0x8000d000 0x00000001
core   0: 0x8000b67e (0x0000bfe5) c.j     pc - 8
core   0: 3 0x8000b67e (0xbfe5)
core   0: 0x8000b676 (0x00002f17) auipc   t5, 0x2
core   0: 3 0x8000b676 (0x00002f17) x30 0x8000d676
core   0: 0x8000b67a (0x983f2523) sw      gp, -1654(t5)
core   0: 3 0x8000b67a (0x983f2523) mem 0x8000d000 0x00000001
core   0: 0x8000b67e (0x0000bfe5) c.j     pc - 8
core   0: 3 0x8000b67e (0xbfe5)
core   0: 0x8000b676 (0x00002f17) auipc   t5, 0x2
core   0: 3 0x8000b676 (0x00002f17) x30 0x8000d676
core   0: 0x8000b67a (0x983f2523) sw      gp, -1654(t5)
core   0: 3 0x8000b67a (0x983f2523) mem 0x8000d000 0x00000001
core   0: 0x8000b67e (0x0000bfe5) c.j     pc - 8
core   0: 3 0x8000b67e (0xbfe5)
core   0: 0x8000b676 (0x00002f17) auipc   t5, 0x2
core   0: 3 0x8000b676 (0x00002f17) x30 0x8000d676
core   0: 0x8000b67a (0x983f2523) sw      gp, -1654(t5)
core   0: 3 0x8000b67a (0x983f2523) mem 0x8000d000 0x00000001
core   0: 0x8000b67e (0x0000bfe5) c.j     pc - 8
core   0: 3 0x8000b67e (0xbfe5)
core   0: 0x8000b676 (0x00002f17) auipc   t5, 0x2
core   0: 3 0x8000b676 (0x00002f17) x30 0x8000d676
core   0: 0x8000b67a (0x983f2523) sw      gp, -1654(t5)
core   0: 3 0x8000b67a (0x983f2523) mem 0x8000d000 0x00000001
core   0: 0x8000b67e (0x0000bfe5) c.j     pc - 8
core   0: 3 0x8000b67e (0xbfe5)
core   0: 0x8000b676 (0x00002f17) auipc   t5, 0x2
core   0: 3 0x8000b676 (0x00002f17) x30 0x8000d676
core   0: 0x8000b67a (0x983f2523) sw      gp, -1654(t5)
core   0: 3 0x8000b67a (0x983f2523) mem 0x8000d000 0x00000001
core   0: 0x8000b67e (0x0000bfe5) c.j     pc - 8
core   0: 3 0x8000b67e (0xbfe5)
core   0: 0x8000b676 (0x00002f17) auipc   t5, 0x2
core   0: 3 0x8000b676 (0x00002f17) x30 0x8000d676
core   0: 0x8000b67a (0x983f2523) sw      gp, -1654(t5)
core   0: 3 0x8000b67a (0x983f2523) mem 0x8000d000 0x00000001
core   0: 0x8000b67e (0x0000bfe5) c.j     pc - 8
core   0: 3 0x8000b67e (0xbfe5)
core   0: 0x8000b676 (0x00002f17) auipc   t5, 0x2
core   0: 3 0x8000b676 (0x00002f17) x30 0x8000d676
core   0: 0x8000b67a (0x983f2523) sw      gp, -1654(t5)
core   0: 3 0x8000b67a (0x983f2523) mem 0x8000d000 0x00000001
core   0: 0x8000b67e (0x0000bfe5) c.j     pc - 8
core   0: 3 0x8000b67e (0xbfe5)
core   0: 0x8000b676 (0x00002f17) auipc   t5, 0x2
core   0: 3 0x8000b676 (0x00002f17) x30 0x8000d676
core   0: 0x8000b67a (0x983f2523) sw      gp, -1654(t5)
core   0: 3 0x8000b67a (0x983f2523) mem 0x8000d000 0x00000001
core   0: 0x8000b67e (0x0000bfe5) c.j     pc - 8
core   0: 3 0x8000b67e (0xbfe5)
core   0: 0x8000b676 (0x00002f17) auipc   t5, 0x2
core   0: 3 0x8000b676 (0x00002f17) x30 0x8000d676
core   0: 0x8000b67a (0x983f2523) sw      gp, -1654(t5)
core   0: 3 0x8000b67a (0x983f2523) mem 0x8000d000 0x00000001
core   0: 0x8000b67e (0x0000bfe5) c.j     pc - 8
core   0: 3 0x8000b67e (0xbfe5)
core   0: 0x8000b676 (0x00002f17) auipc   t5, 0x2
core   0: 3 0x8000b676 (0x00002f17) x30 0x8000d676
core   0: 0x8000b67a (0x983f2523) sw      gp, -1654(t5)
core   0: 3 0x8000b67a (0x983f2523) mem 0x8000d000 0x00000001
core   0: 0x8000b67e (0x0000bfe5) c.j     pc - 8
core   0: 3 0x8000b67e (0xbfe5)
core   0: 0x8000b676 (0x00002f17) auipc   t5, 0x2
core   0: 3 0x8000b676 (0x00002f17) x30 0x8000d676
core   0: 0x8000b67a (0x983f2523) sw      gp, -1654(t5)
core   0: 3 0x8000b67a (0x983f2523) mem 0x8000d000 0x00000001
core   0: 0x8000b67e (0x0000bfe5) c.j     pc - 8
core   0: 3 0x8000b67e (0xbfe5)
core   0: 0x8000b676 (0x00002f17) auipc   t5, 0x2
core   0: 3 0x8000b676 (0x00002f17) x30 0x8000d676
core   0: 0x8000b67a (0x983f2523) sw      gp, -1654(t5)
core   0: 3 0x8000b67a (0x983f2523) mem 0x8000d000 0x00000001
core   0: 0x8000b67e (0x0000bfe5) c.j     pc - 8
core   0: 3 0x8000b67e (0xbfe5)
core   0: 0x8000b676 (0x00002f17) auipc   t5, 0x2
core   0: 3 0x8000b676 (0x00002f17) x30 0x8000d676
core   0: 0x8000b67a (0x983f2523) sw      gp, -1654(t5)
core   0: 3 0x8000b67a (0x983f2523) mem 0x8000d000 0x00000001
core   0: 0x8000b67e (0x0000bfe5) c.j     pc - 8
core   0: 3 0x8000b67e (0xbfe5)
core   0: 0x8000b676 (0x00002f17) auipc   t5, 0x2
core   0: 3 0x8000b676 (0x00002f17) x30 0x8000d676
core   0: 0x8000b67a (0x983f2523) sw      gp, -1654(t5)
core   0: 3 0x8000b67a (0x983f2523) mem 0x8000d000 0x00000001
core   0: 0x8000b67e (0x0000bfe5) c.j     pc - 8
core   0: 3 0x8000b67e (0xbfe5)
core   0: 0x8000b676 (0x00002f17) auipc   t5, 0x2
core   0: 3 0x8000b676 (0x00002f17) x30 0x8000d676
core   0: 0x8000b67a (0x983f2523) sw      gp, -1654(t5)
core   0: 3 0x8000b67a (0x983f2523) mem 0x8000d000 0x00000001
core   0: 0x8000b67e (0x0000bfe5) c.j     pc - 8
core   0: 3 0x8000b67e (0xbfe5)
core   0: 0x8000b676 (0x00002f17) auipc   t5, 0x2
core   0: 3 0x8000b676 (0x00002f17) x30 0x8000d676
core   0: 0x8000b67a (0x983f2523) sw      gp, -1654(t5)
core   0: 3 0x8000b67a (0x983f2523) mem 0x8000d000 0x00000001
core   0: 0x8000b67e (0x0000bfe5) c.j     pc - 8
core   0: 3 0x8000b67e (0xbfe5)
core   0: 0x8000b676 (0x00002f17) auipc   t5, 0x2
core   0: 3 0x8000b676 (0x00002f17) x30 0x8000d676
core   0: 0x8000b67a (0x983f2523) sw      gp, -1654(t5)
core   0: 3 0x8000b67a (0x983f2523) mem 0x8000d000 0x00000001
core   0: 0x8000b67e (0x0000bfe5) c.j     pc - 8
core   0: 3 0x8000b67e (0xbfe5)
core   0: 0x8000b676 (0x00002f17) auipc   t5, 0x2
core   0: 3 0x8000b676 (0x00002f17) x30 0x8000d676
core   0: 0x8000b67a (0x983f2523) sw      gp, -1654(t5)
core   0: 3 0x8000b67a (0x983f2523) mem 0x8000d000 0x00000001
core   0: 0x8000b67e (0x0000bfe5) c.j     pc - 8
core   0: 3 0x8000b67e (0xbfe5)
core   0: 0x8000b676 (0x00002f17) auipc   t5, 0x2
core   0: 3 0x8000b676 (0x00002f17) x30 0x8000d676
core   0: 0x8000b67a (0x983f2523) sw      gp, -1654(t5)
core   0: 3 0x8000b67a (0x983f2523) mem 0x8000d000 0x00000001
core   0: 0x8000b67e (0x0000bfe5) c.j     pc - 8
core   0: 3 0x8000b67e (0xbfe5)
core   0: 0x8000b676 (0x00002f17) auipc   t5, 0x2
core   0: 3 0x8000b676 (0x00002f17) x30 0x8000d676
core   0: 0x8000b67a (0x983f2523) sw      gp, -1654(t5)
core   0: 3 0x8000b67a (0x983f2523) mem 0x8000d000 0x00000001
core   0: 0x8000b67e (0x0000bfe5) c.j     pc - 8
core   0: 3 0x8000b67e (0xbfe5)
core   0: 0x8000b676 (0x00002f17) auipc   t5, 0x2
core   0: 3 0x8000b676 (0x00002f17) x30 0x8000d676
core   0: 0x8000b67a (0x983f2523) sw      gp, -1654(t5)
core   0: 3 0x8000b67a (0x983f2523) mem 0x8000d000 0x00000001
core   0: 0x8000b67e (0x0000bfe5) c.j     pc - 8
core   0: 3 0x8000b67e (0xbfe5)
core   0: 0x8000b676 (0x00002f17) auipc   t5, 0x2
core   0: 3 0x8000b676 (0x00002f17) x30 0x8000d676
core   0: 0x8000b67a (0x983f2523) sw      gp, -1654(t5)
core   0: 3 0x8000b67a (0x983f2523) mem 0x8000d000 0x00000001
core   0: 0x8000b67e (0x0000bfe5) c.j     pc - 8
core   0: 3 0x8000b67e (0xbfe5)
core   0: 0x8000b676 (0x00002f17) auipc   t5, 0x2
core   0: 3 0x8000b676 (0x00002f17) x30 0x8000d676
core   0: 0x8000b67a (0x983f2523) sw      gp, -1654(t5)
core   0: 3 0x8000b67a (0x983f2523) mem 0x8000d000 0x00000001
core   0: 0x8000b67e (0x0000bfe5) c.j     pc - 8
core   0: 3 0x8000b67e (0xbfe5)
core   0: 0x8000b676 (0x00002f17) auipc   t5, 0x2
core   0: 3 0x8000b676 (0x00002f17) x30 0x8000d676
core   0: 0x8000b67a (0x983f2523) sw      gp, -1654(t5)
core   0: 3 0x8000b67a (0x983f2523) mem 0x8000d000 0x00000001
core   0: 0x8000b67e (0x0000bfe5) c.j     pc - 8
core   0: 3 0x8000b67e (0xbfe5)
core   0: 0x8000b676 (0x00002f17) auipc   t5, 0x2
core   0: 3 0x8000b676 (0x00002f17) x30 0x8000d676
core   0: 0x8000b67a (0x983f2523) sw      gp, -1654(t5)
core   0: 3 0x8000b67a (0x983f2523) mem 0x8000d000 0x00000001
core   0: 0x8000b67e (0x0000bfe5) c.j     pc - 8
core   0: 3 0x8000b67e (0xbfe5)
core   0: 0x8000b676 (0x00002f17) auipc   t5, 0x2
core   0: 3 0x8000b676 (0x00002f17) x30 0x8000d676
core   0: 0x8000b67a (0x983f2523) sw      gp, -1654(t5)
core   0: 3 0x8000b67a (0x983f2523) mem 0x8000d000 0x00000001
core   0: 0x8000b67e (0x0000bfe5) c.j     pc - 8
core   0: 3 0x8000b67e (0xbfe5)
core   0: 0x8000b676 (0x00002f17) auipc   t5, 0x2
core   0: 3 0x8000b676 (0x00002f17) x30 0x8000d676
core   0: 0x8000b67a (0x983f2523) sw      gp, -1654(t5)
core   0: 3 0x8000b67a (0x983f2523) mem 0x8000d000 0x00000001
core   0: 0x8000b67e (0x0000bfe5) c.j     pc - 8
core   0: 3 0x8000b67e (0xbfe5)
core   0: 0x8000b676 (0x00002f17) auipc   t5, 0x2
core   0: 3 0x8000b676 (0x00002f17) x30 0x8000d676
core   0: 0x8000b67a (0x983f2523) sw      gp, -1654(t5)
core   0: 3 0x8000b67a (0x983f2523) mem 0x8000d000 0x00000001
core   0: 0x8000b67e (0x0000bfe5) c.j     pc - 8
core   0: 3 0x8000b67e (0xbfe5)
core   0: 0x8000b676 (0x00002f17) auipc   t5, 0x2
core   0: 3 0x8000b676 (0x00002f17) x30 0x8000d676
core   0: 0x8000b67a (0x983f2523) sw      gp, -1654(t5)
core   0: 3 0x8000b67a (0x983f2523) mem 0x8000d000 0x00000001
core   0: 0x8000b67e (0x0000bfe5) c.j     pc - 8
core   0: 3 0x8000b67e (0xbfe5)
core   0: 0x8000b676 (0x00002f17) auipc   t5, 0x2
core   0: 3 0x8000b676 (0x00002f17) x30 0x8000d676
core   0: 0x8000b67a (0x983f2523) sw      gp, -1654(t5)
core   0: 3 0x8000b67a (0x983f2523) mem 0x8000d000 0x00000001
core   0: 0x8000b67e (0x0000bfe5) c.j     pc - 8
core   0: 3 0x8000b67e (0xbfe5)
core   0: 0x8000b676 (0x00002f17) auipc   t5, 0x2
core   0: 3 0x8000b676 (0x00002f17) x30 0x8000d676
core   0: 0x8000b67a (0x983f2523) sw      gp, -1654(t5)
core   0: 3 0x8000b67a (0x983f2523) mem 0x8000d000 0x00000001
core   0: 0x8000b67e (0x0000bfe5) c.j     pc - 8
core   0: 3 0x8000b67e (0xbfe5)
core   0: 0x8000b676 (0x00002f17) auipc   t5, 0x2
core   0: 3 0x8000b676 (0x00002f17) x30 0x8000d676
core   0: 0x8000b67a (0x983f2523) sw      gp, -1654(t5)
core   0: 3 0x8000b67a (0x983f2523) mem 0x8000d000 0x00000001
core   0: 0x8000b67e (0x0000bfe5) c.j     pc - 8
core   0: 3 0x8000b67e (0xbfe5)
core   0: 0x8000b676 (0x00002f17) auipc   t5, 0x2
core   0: 3 0x8000b676 (0x00002f17) x30 0x8000d676
core   0: 0x8000b67a (0x983f2523) sw      gp, -1654(t5)
core   0: 3 0x8000b67a (0x983f2523) mem 0x8000d000 0x00000001
core   0: 0x8000b67e (0x0000bfe5) c.j     pc - 8
core   0: 3 0x8000b67e (0xbfe5)
core   0: 0x8000b676 (0x00002f17) auipc   t5, 0x2
core   0: 3 0x8000b676 (0x00002f17) x30 0x8000d676
core   0: 0x8000b67a (0x983f2523) sw      gp, -1654(t5)
core   0: 3 0x8000b67a (0x983f2523) mem 0x8000d000 0x00000001
core   0: 0x8000b67e (0x0000bfe5) c.j     pc - 8
core   0: 3 0x8000b67e (0xbfe5)
core   0: 0x8000b676 (0x00002f17) auipc   t5, 0x2
core   0: 3 0x8000b676 (0x00002f17) x30 0x8000d676
core   0: 0x8000b67a (0x983f2523) sw      gp, -1654(t5)
core   0: 3 0x8000b67a (0x983f2523) mem 0x8000d000 0x00000001
core   0: 0x8000b67e (0x0000bfe5) c.j     pc - 8
core   0: 3 0x8000b67e (0xbfe5)
core   0: 0x8000b676 (0x00002f17) auipc   t5, 0x2
core   0: 3 0x8000b676 (0x00002f17) x30 0x8000d676
core   0: 0x8000b67a (0x983f2523) sw      gp, -1654(t5)
core   0: 3 0x8000b67a (0x983f2523) mem 0x8000d000 0x00000001
core   0: 0x8000b67e (0x0000bfe5) c.j     pc - 8
core   0: 3 0x8000b67e (0xbfe5)
core   0: 0x8000b676 (0x00002f17) auipc   t5, 0x2
core   0: 3 0x8000b676 (0x00002f17) x30 0x8000d676
core   0: 0x8000b67a (0x983f2523) sw      gp, -1654(t5)
core   0: 3 0x8000b67a (0x983f2523) mem 0x8000d000 0x00000001
core   0: 0x8000b67e (0x0000bfe5) c.j     pc - 8
core   0: 3 0x8000b67e (0xbfe5)
core   0: 0x8000b676 (0x00002f17) auipc   t5, 0x2
core   0: 3 0x8000b676 (0x00002f17) x30 0x8000d676
core   0: 0x8000b67a (0x983f2523) sw      gp, -1654(t5)
core   0: 3 0x8000b67a (0x983f2523) mem 0x8000d000 0x00000001
core   0: 0x8000b67e (0x0000bfe5) c.j     pc - 8
core   0: 3 0x8000b67e (0xbfe5)
core   0: 0x8000b676 (0x00002f17) auipc   t5, 0x2
core   0: 3 0x8000b676 (0x00002f17) x30 0x8000d676
core   0: 0x8000b67a (0x983f2523) sw      gp, -1654(t5)
core   0: 3 0x8000b67a (0x983f2523) mem 0x8000d000 0x00000001
core   0: 0x8000b67e (0x0000bfe5) c.j     pc - 8
core   0: 3 0x8000b67e (0xbfe5)
core   0: 0x8000b676 (0x00002f17) auipc   t5, 0x2
core   0: 3 0x8000b676 (0x00002f17) x30 0x8000d676
core   0: 0x8000b67a (0x983f2523) sw      gp, -1654(t5)
core   0: 3 0x8000b67a (0x983f2523) mem 0x8000d000 0x00000001
core   0: 0x8000b67e (0x0000bfe5) c.j     pc - 8
core   0: 3 0x8000b67e (0xbfe5)
core   0: 0x8000b676 (0x00002f17) auipc   t5, 0x2
core   0: 3 0x8000b676 (0x00002f17) x30 0x8000d676
core   0: 0x8000b67a (0x983f2523) sw      gp, -1654(t5)
core   0: 3 0x8000b67a (0x983f2523) mem 0x8000d000 0x00000001
core   0: 0x8000b67e (0x0000bfe5) c.j     pc - 8
core   0: 3 0x8000b67e (0xbfe5)
core   0: 0x8000b676 (0x00002f17) auipc   t5, 0x2
core   0: 3 0x8000b676 (0x00002f17) x30 0x8000d676
core   0: 0x8000b67a (0x983f2523) sw      gp, -1654(t5)
core   0: 3 0x8000b67a (0x983f2523) mem 0x8000d000 0x00000001
core   0: 0x8000b67e (0x0000bfe5) c.j     pc - 8
core   0: 3 0x8000b67e (0xbfe5)
core   0: 0x8000b676 (0x00002f17) auipc   t5, 0x2
core   0: 3 0x8000b676 (0x00002f17) x30 0x8000d676
core   0: 0x8000b67a (0x983f2523) sw      gp, -1654(t5)
core   0: 3 0x8000b67a (0x983f2523) mem 0x8000d000 0x00000001
core   0: 0x8000b67e (0x0000bfe5) c.j     pc - 8
core   0: 3 0x8000b67e (0xbfe5)
core   0: 0x8000b676 (0x00002f17) auipc   t5, 0x2
core   0: 3 0x8000b676 (0x00002f17) x30 0x8000d676
core   0: 0x8000b67a (0x983f2523) sw      gp, -1654(t5)
core   0: 3 0x8000b67a (0x983f2523) mem 0x8000d000 0x00000001
core   0: 0x8000b67e (0x0000bfe5) c.j     pc - 8
core   0: 3 0x8000b67e (0xbfe5)
core   0: 0x8000b676 (0x00002f17) auipc   t5, 0x2
core   0: 3 0x8000b676 (0x00002f17) x30 0x8000d676
core   0: 0x8000b67a (0x983f2523) sw      gp, -1654(t5)
core   0: 3 0x8000b67a (0x983f2523) mem 0x8000d000 0x00000001
core   0: 0x8000b67e (0x0000bfe5) c.j     pc - 8
core   0: 3 0x8000b67e (0xbfe5)
core   0: 0x8000b676 (0x00002f17) auipc   t5, 0x2
core   0: 3 0x8000b676 (0x00002f17) x30 0x8000d676
core   0: 0x8000b67a (0x983f2523) sw      gp, -1654(t5)
core   0: 3 0x8000b67a (0x983f2523) mem 0x8000d000 0x00000001
core   0: 0x8000b67e (0x0000bfe5) c.j     pc - 8
core   0: 3 0x8000b67e (0xbfe5)
core   0: 0x8000b676 (0x00002f17) auipc   t5, 0x2
core   0: 3 0x8000b676 (0x00002f17) x30 0x8000d676
core   0: 0x8000b67a (0x983f2523) sw      gp, -1654(t5)
core   0: 3 0x8000b67a (0x983f2523) mem 0x8000d000 0x00000001
core   0: 0x8000b67e (0x0000bfe5) c.j     pc - 8
core   0: 3 0x8000b67e (0xbfe5)
core   0: 0x8000b676 (0x00002f17) auipc   t5, 0x2
core   0: 3 0x8000b676 (0x00002f17) x30 0x8000d676
core   0: 0x8000b67a (0x983f2523) sw      gp, -1654(t5)
core   0: 3 0x8000b67a (0x983f2523) mem 0x8000d000 0x00000001
core   0: 0x8000b67e (0x0000bfe5) c.j     pc - 8
core   0: 3 0x8000b67e (0xbfe5)
core   0: 0x8000b676 (0x00002f17) auipc   t5, 0x2
core   0: 3 0x8000b676 (0x00002f17) x30 0x8000d676
core   0: 0x8000b67a (0x983f2523) sw      gp, -1654(t5)
core   0: 3 0x8000b67a (0x983f2523) mem 0x8000d000 0x00000001
core   0: 0x8000b67e (0x0000bfe5) c.j     pc - 8
core   0: 3 0x8000b67e (0xbfe5)
core   0: 0x8000b676 (0x00002f17) auipc   t5, 0x2
core   0: 3 0x8000b676 (0x00002f17) x30 0x8000d676
core   0: 0x8000b67a (0x983f2523) sw      gp, -1654(t5)
core   0: 3 0x8000b67a (0x983f2523) mem 0x8000d000 0x00000001
core   0: 0x8000b67e (0x0000bfe5) c.j     pc - 8
core   0: 3 0x8000b67e (0xbfe5)
core   0: 0x8000b676 (0x00002f17) auipc   t5, 0x2
core   0: 3 0x8000b676 (0x00002f17) x30 0x8000d676
core   0: 0x8000b67a (0x983f2523) sw      gp, -1654(t5)
core   0: 3 0x8000b67a (0x983f2523) mem 0x8000d000 0x00000001
core   0: 0x8000b67e (0x0000bfe5) c.j     pc - 8
core   0: 3 0x8000b67e (0xbfe5)
core   0: 0x8000b676 (0x00002f17) auipc   t5, 0x2
core   0: 3 0x8000b676 (0x00002f17) x30 0x8000d676
core   0: 0x8000b67a (0x983f2523) sw      gp, -1654(t5)
core   0: 3 0x8000b67a (0x983f2523) mem 0x8000d000 0x00000001
core   0: 0x8000b67e (0x0000bfe5) c.j     pc - 8
core   0: 3 0x8000b67e (0xbfe5)
core   0: 0x8000b676 (0x00002f17) auipc   t5, 0x2
core   0: 3 0x8000b676 (0x00002f17) x30 0x8000d676
core   0: 0x8000b67a (0x983f2523) sw      gp, -1654(t5)
core   0: 3 0x8000b67a (0x983f2523) mem 0x8000d000 0x00000001
core   0: 0x8000b67e (0x0000bfe5) c.j     pc - 8
core   0: 3 0x8000b67e (0xbfe5)
core   0: 0x8000b676 (0x00002f17) auipc   t5, 0x2
core   0: 3 0x8000b676 (0x00002f17) x30 0x8000d676
core   0: 0x8000b67a (0x983f2523) sw      gp, -1654(t5)
core   0: 3 0x8000b67a (0x983f2523) mem 0x8000d000 0x00000001
core   0: 0x8000b67e (0x0000bfe5) c.j     pc - 8
core   0: 3 0x8000b67e (0xbfe5)
core   0: 0x8000b676 (0x00002f17) auipc   t5, 0x2
core   0: 3 0x8000b676 (0x00002f17) x30 0x8000d676
core   0: 0x8000b67a (0x983f2523) sw      gp, -1654(t5)
core   0: 3 0x8000b67a (0x983f2523) mem 0x8000d000 0x00000001
core   0: 0x8000b67e (0x0000bfe5) c.j     pc - 8
core   0: 3 0x8000b67e (0xbfe5)
core   0: 0x8000b676 (0x00002f17) auipc   t5, 0x2
core   0: 3 0x8000b676 (0x00002f17) x30 0x8000d676
core   0: 0x8000b67a (0x983f2523) sw      gp, -1654(t5)
core   0: 3 0x8000b67a (0x983f2523) mem 0x8000d000 0x00000001
core   0: 0x8000b67e (0x0000bfe5) c.j     pc - 8
core   0: 3 0x8000b67e (0xbfe5)
core   0: 0x8000b676 (0x00002f17) auipc   t5, 0x2
core   0: 3 0x8000b676 (0x00002f17) x30 0x8000d676
core   0: 0x8000b67a (0x983f2523) sw      gp, -1654(t5)
core   0: 3 0x8000b67a (0x983f2523) mem 0x8000d000 0x00000001
core   0: 0x8000b67e (0x0000bfe5) c.j     pc - 8
core   0: 3 0x8000b67e (0xbfe5)
core   0: 0x8000b676 (0x00002f17) auipc   t5, 0x2
core   0: 3 0x8000b676 (0x00002f17) x30 0x8000d676
core   0: 0x8000b67a (0x983f2523) sw      gp, -1654(t5)
core   0: 3 0x8000b67a (0x983f2523) mem 0x8000d000 0x00000001
core   0: 0x8000b67e (0x0000bfe5) c.j     pc - 8
core   0: 3 0x8000b67e (0xbfe5)
core   0: 0x8000b676 (0x00002f17) auipc   t5, 0x2
core   0: 3 0x8000b676 (0x00002f17) x30 0x8000d676
core   0: 0x8000b67a (0x983f2523) sw      gp, -1654(t5)
core   0: 3 0x8000b67a (0x983f2523) mem 0x8000d000 0x00000001
core   0: 0x8000b67e (0x0000bfe5) c.j     pc - 8
core   0: 3 0x8000b67e (0xbfe5)
core   0: 0x8000b676 (0x00002f17) auipc   t5, 0x2
core   0: 3 0x8000b676 (0x00002f17) x30 0x8000d676
core   0: 0x8000b67a (0x983f2523) sw      gp, -1654(t5)
core   0: 3 0x8000b67a (0x983f2523) mem 0x8000d000 0x00000001
core   0: 0x8000b67e (0x0000bfe5) c.j     pc - 8
core   0: 3 0x8000b67e (0xbfe5)
core   0: 0x8000b676 (0x00002f17) auipc   t5, 0x2
core   0: 3 0x8000b676 (0x00002f17) x30 0x8000d676
core   0: 0x8000b67a (0x983f2523) sw      gp, -1654(t5)
core   0: 3 0x8000b67a (0x983f2523) mem 0x8000d000 0x00000001
core   0: 0x8000b67e (0x0000bfe5) c.j     pc - 8
core   0: 3 0x8000b67e (0xbfe5)
core   0: 0x8000b676 (0x00002f17) auipc   t5, 0x2
core   0: 3 0x8000b676 (0x00002f17) x30 0x8000d676
core   0: 0x8000b67a (0x983f2523) sw      gp, -1654(t5)
core   0: 3 0x8000b67a (0x983f2523) mem 0x8000d000 0x00000001
core   0: 0x8000b67e (0x0000bfe5) c.j     pc - 8
core   0: 3 0x8000b67e (0xbfe5)
core   0: 0x8000b676 (0x00002f17) auipc   t5, 0x2
core   0: 3 0x8000b676 (0x00002f17) x30 0x8000d676
core   0: 0x8000b67a (0x983f2523) sw      gp, -1654(t5)
core   0: 3 0x8000b67a (0x983f2523) mem 0x8000d000 0x00000001
core   0: 0x8000b67e (0x0000bfe5) c.j     pc - 8
core   0: 3 0x8000b67e (0xbfe5)
core   0: 0x8000b676 (0x00002f17) auipc   t5, 0x2
core   0: 3 0x8000b676 (0x00002f17) x30 0x8000d676
core   0: 0x8000b67a (0x983f2523) sw      gp, -1654(t5)
core   0: 3 0x8000b67a (0x983f2523) mem 0x8000d000 0x00000001
core   0: 0x8000b67e (0x0000bfe5) c.j     pc - 8
core   0: 3 0x8000b67e (0xbfe5)
core   0: 0x8000b676 (0x00002f17) auipc   t5, 0x2
core   0: 3 0x8000b676 (0x00002f17) x30 0x8000d676
core   0: 0x8000b67a (0x983f2523) sw      gp, -1654(t5)
core   0: 3 0x8000b67a (0x983f2523) mem 0x8000d000 0x00000001
core   0: 0x8000b67e (0x0000bfe5) c.j     pc - 8
core   0: 3 0x8000b67e (0xbfe5)
core   0: 0x8000b676 (0x00002f17) auipc   t5, 0x2
core   0: 3 0x8000b676 (0x00002f17) x30 0x8000d676
core   0: 0x8000b67a (0x983f2523) sw      gp, -1654(t5)
core   0: 3 0x8000b67a (0x983f2523) mem 0x8000d000 0x00000001
core   0: 0x8000b67e (0x0000bfe5) c.j     pc - 8
core   0: 3 0x8000b67e (0xbfe5)
core   0: 0x8000b676 (0x00002f17) auipc   t5, 0x2
core   0: 3 0x8000b676 (0x00002f17) x30 0x8000d676
core   0: 0x8000b67a (0x983f2523) sw      gp, -1654(t5)
core   0: 3 0x8000b67a (0x983f2523) mem 0x8000d000 0x00000001
core   0: 0x8000b67e (0x0000bfe5) c.j     pc - 8
core   0: 3 0x8000b67e (0xbfe5)
core   0: 0x8000b676 (0x00002f17) auipc   t5, 0x2
core   0: 3 0x8000b676 (0x00002f17) x30 0x8000d676
core   0: 0x8000b67a (0x983f2523) sw      gp, -1654(t5)
core   0: 3 0x8000b67a (0x983f2523) mem 0x8000d000 0x00000001
core   0: 0x8000b67e (0x0000bfe5) c.j     pc - 8
core   0: 3 0x8000b67e (0xbfe5)
core   0: 0x8000b676 (0x00002f17) auipc   t5, 0x2
core   0: 3 0x8000b676 (0x00002f17) x30 0x8000d676
core   0: 0x8000b67a (0x983f2523) sw      gp, -1654(t5)
core   0: 3 0x8000b67a (0x983f2523) mem 0x8000d000 0x00000001
core   0: 0x8000b67e (0x0000bfe5) c.j     pc - 8
core   0: 3 0x8000b67e (0xbfe5)
core   0: 0x8000b676 (0x00002f17) auipc   t5, 0x2
core   0: 3 0x8000b676 (0x00002f17) x30 0x8000d676
core   0: 0x8000b67a (0x983f2523) sw      gp, -1654(t5)
core   0: 3 0x8000b67a (0x983f2523) mem 0x8000d000 0x00000001
core   0: 0x8000b67e (0x0000bfe5) c.j     pc - 8
core   0: 3 0x8000b67e (0xbfe5)
core   0: 0x8000b676 (0x00002f17) auipc   t5, 0x2
core   0: 3 0x8000b676 (0x00002f17) x30 0x8000d676
core   0: 0x8000b67a (0x983f2523) sw      gp, -1654(t5)
core   0: 3 0x8000b67a (0x983f2523) mem 0x8000d000 0x00000001
core   0: 0x8000b67e (0x0000bfe5) c.j     pc - 8
core   0: 3 0x8000b67e (0xbfe5)
core   0: 0x8000b676 (0x00002f17) auipc   t5, 0x2
core   0: 3 0x8000b676 (0x00002f17) x30 0x8000d676
core   0: 0x8000b67a (0x983f2523) sw      gp, -1654(t5)
core   0: 3 0x8000b67a (0x983f2523) mem 0x8000d000 0x00000001
core   0: 0x8000b67e (0x0000bfe5) c.j     pc - 8
core   0: 3 0x8000b67e (0xbfe5)
core   0: 0x8000b676 (0x00002f17) auipc   t5, 0x2
core   0: 3 0x8000b676 (0x00002f17) x30 0x8000d676
core   0: 0x8000b67a (0x983f2523) sw      gp, -1654(t5)
core   0: 3 0x8000b67a (0x983f2523) mem 0x8000d000 0x00000001
core   0: 0x8000b67e (0x0000bfe5) c.j     pc - 8
core   0: 3 0x8000b67e (0xbfe5)
core   0: 0x8000b676 (0x00002f17) auipc   t5, 0x2
core   0: 3 0x8000b676 (0x00002f17) x30 0x8000d676
core   0: 0x8000b67a (0x983f2523) sw      gp, -1654(t5)
core   0: 3 0x8000b67a (0x983f2523) mem 0x8000d000 0x00000001
core   0: 0x8000b67e (0x0000bfe5) c.j     pc - 8
core   0: 3 0x8000b67e (0xbfe5)
core   0: 0x8000b676 (0x00002f17) auipc   t5, 0x2
core   0: 3 0x8000b676 (0x00002f17) x30 0x8000d676
core   0: 0x8000b67a (0x983f2523) sw      gp, -1654(t5)
core   0: 3 0x8000b67a (0x983f2523) mem 0x8000d000 0x00000001
core   0: 0x8000b67e (0x0000bfe5) c.j     pc - 8
core   0: 3 0x8000b67e (0xbfe5)
core   0: 0x8000b676 (0x00002f17) auipc   t5, 0x2
core   0: 3 0x8000b676 (0x00002f17) x30 0x8000d676
core   0: 0x8000b67a (0x983f2523) sw      gp, -1654(t5)
core   0: 3 0x8000b67a (0x983f2523) mem 0x8000d000 0x00000001
core   0: 0x8000b67e (0x0000bfe5) c.j     pc - 8
core   0: 3 0x8000b67e (0xbfe5)
core   0: 0x8000b676 (0x00002f17) auipc   t5, 0x2
core   0: 3 0x8000b676 (0x00002f17) x30 0x8000d676
core   0: 0x8000b67a (0x983f2523) sw      gp, -1654(t5)
core   0: 3 0x8000b67a (0x983f2523) mem 0x8000d000 0x00000001
core   0: 0x8000b67e (0x0000bfe5) c.j     pc - 8
core   0: 3 0x8000b67e (0xbfe5)
core   0: 0x8000b676 (0x00002f17) auipc   t5, 0x2
core   0: 3 0x8000b676 (0x00002f17) x30 0x8000d676
core   0: 0x8000b67a (0x983f2523) sw      gp, -1654(t5)
core   0: 3 0x8000b67a (0x983f2523) mem 0x8000d000 0x00000001
core   0: 0x8000b67e (0x0000bfe5) c.j     pc - 8
core   0: 3 0x8000b67e (0xbfe5)
core   0: 0x8000b676 (0x00002f17) auipc   t5, 0x2
core   0: 3 0x8000b676 (0x00002f17) x30 0x8000d676
core   0: 0x8000b67a (0x983f2523) sw      gp, -1654(t5)
core   0: 3 0x8000b67a (0x983f2523) mem 0x8000d000 0x00000001
core   0: 0x8000b67e (0x0000bfe5) c.j     pc - 8
core   0: 3 0x8000b67e (0xbfe5)
core   0: 0x8000b676 (0x00002f17) auipc   t5, 0x2
core   0: 3 0x8000b676 (0x00002f17) x30 0x8000d676
core   0: 0x8000b67a (0x983f2523) sw      gp, -1654(t5)
core   0: 3 0x8000b67a (0x983f2523) mem 0x8000d000 0x00000001
core   0: 0x8000b67e (0x0000bfe5) c.j     pc - 8
core   0: 3 0x8000b67e (0xbfe5)
core   0: 0x8000b676 (0x00002f17) auipc   t5, 0x2
core   0: 3 0x8000b676 (0x00002f17) x30 0x8000d676
core   0: 0x8000b67a (0x983f2523) sw      gp, -1654(t5)
core   0: 3 0x8000b67a (0x983f2523) mem 0x8000d000 0x00000001
core   0: 0x8000b67e (0x0000bfe5) c.j     pc - 8
core   0: 3 0x8000b67e (0xbfe5)
core   0: 0x8000b676 (0x00002f17) auipc   t5, 0x2
core   0: 3 0x8000b676 (0x00002f17) x30 0x8000d676
core   0: 0x8000b67a (0x983f2523) sw      gp, -1654(t5)
core   0: 3 0x8000b67a (0x983f2523) mem 0x8000d000 0x00000001
core   0: 0x8000b67e (0x0000bfe5) c.j     pc - 8
core   0: 3 0x8000b67e (0xbfe5)
core   0: 0x8000b676 (0x00002f17) auipc   t5, 0x2
core   0: 3 0x8000b676 (0x00002f17) x30 0x8000d676
core   0: 0x8000b67a (0x983f2523) sw      gp, -1654(t5)
core   0: 3 0x8000b67a (0x983f2523) mem 0x8000d000 0x00000001
core   0: 0x8000b67e (0x0000bfe5) c.j     pc - 8
core   0: 3 0x8000b67e (0xbfe5)
core   0: 0x8000b676 (0x00002f17) auipc   t5, 0x2
core   0: 3 0x8000b676 (0x00002f17) x30 0x8000d676
core   0: 0x8000b67a (0x983f2523) sw      gp, -1654(t5)
core   0: 3 0x8000b67a (0x983f2523) mem 0x8000d000 0x00000001
core   0: 0x8000b67e (0x0000bfe5) c.j     pc - 8
core   0: 3 0x8000b67e (0xbfe5)
core   0: 0x8000b676 (0x00002f17) auipc   t5, 0x2
core   0: 3 0x8000b676 (0x00002f17) x30 0x8000d676
core   0: 0x8000b67a (0x983f2523) sw      gp, -1654(t5)
core   0: 3 0x8000b67a (0x983f2523) mem 0x8000d000 0x00000001
core   0: 0x8000b67e (0x0000bfe5) c.j     pc - 8
core   0: 3 0x8000b67e (0xbfe5)
core   0: 0x8000b676 (0x00002f17) auipc   t5, 0x2
core   0: 3 0x8000b676 (0x00002f17) x30 0x8000d676
core   0: 0x8000b67a (0x983f2523) sw      gp, -1654(t5)
core   0: 3 0x8000b67a (0x983f2523) mem 0x8000d000 0x00000001
core   0: 0x8000b67e (0x0000bfe5) c.j     pc - 8
core   0: 3 0x8000b67e (0xbfe5)
core   0: 0x8000b676 (0x00002f17) auipc   t5, 0x2
core   0: 3 0x8000b676 (0x00002f17) x30 0x8000d676
core   0: 0x8000b67a (0x983f2523) sw      gp, -1654(t5)
core   0: 3 0x8000b67a (0x983f2523) mem 0x8000d000 0x00000001
core   0: 0x8000b67e (0x0000bfe5) c.j     pc - 8
core   0: 3 0x8000b67e (0xbfe5)
core   0: 0x8000b676 (0x00002f17) auipc   t5, 0x2
core   0: 3 0x8000b676 (0x00002f17) x30 0x8000d676
core   0: 0x8000b67a (0x983f2523) sw      gp, -1654(t5)
core   0: 3 0x8000b67a (0x983f2523) mem 0x8000d000 0x00000001
core   0: 0x8000b67e (0x0000bfe5) c.j     pc - 8
core   0: 3 0x8000b67e (0xbfe5)
core   0: 0x8000b676 (0x00002f17) auipc   t5, 0x2
core   0: 3 0x8000b676 (0x00002f17) x30 0x8000d676
core   0: 0x8000b67a (0x983f2523) sw      gp, -1654(t5)
core   0: 3 0x8000b67a (0x983f2523) mem 0x8000d000 0x00000001
core   0: 0x8000b67e (0x0000bfe5) c.j     pc - 8
core   0: 3 0x8000b67e (0xbfe5)
core   0: 0x8000b676 (0x00002f17) auipc   t5, 0x2
core   0: 3 0x8000b676 (0x00002f17) x30 0x8000d676
core   0: 0x8000b67a (0x983f2523) sw      gp, -1654(t5)
core   0: 3 0x8000b67a (0x983f2523) mem 0x8000d000 0x00000001
core   0: 0x8000b67e (0x0000bfe5) c.j     pc - 8
core   0: 3 0x8000b67e (0xbfe5)
core   0: 0x8000b676 (0x00002f17) auipc   t5, 0x2
core   0: 3 0x8000b676 (0x00002f17) x30 0x8000d676
core   0: 0x8000b67a (0x983f2523) sw      gp, -1654(t5)
core   0: 3 0x8000b67a (0x983f2523) mem 0x8000d000 0x00000001
core   0: 0x8000b67e (0x0000bfe5) c.j     pc - 8
core   0: 3 0x8000b67e (0xbfe5)
core   0: 0x8000b676 (0x00002f17) auipc   t5, 0x2
core   0: 3 0x8000b676 (0x00002f17) x30 0x8000d676
core   0: 0x8000b67a (0x983f2523) sw      gp, -1654(t5)
core   0: 3 0x8000b67a (0x983f2523) mem 0x8000d000 0x00000001
core   0: 0x8000b67e (0x0000bfe5) c.j     pc - 8
core   0: 3 0x8000b67e (0xbfe5)
core   0: 0x8000b676 (0x00002f17) auipc   t5, 0x2
core   0: 3 0x8000b676 (0x00002f17) x30 0x8000d676
core   0: 0x8000b67a (0x983f2523) sw      gp, -1654(t5)
core   0: 3 0x8000b67a (0x983f2523) mem 0x8000d000 0x00000001
core   0: 0x8000b67e (0x0000bfe5) c.j     pc - 8
core   0: 3 0x8000b67e (0xbfe5)
core   0: 0x8000b676 (0x00002f17) auipc   t5, 0x2
core   0: 3 0x8000b676 (0x00002f17) x30 0x8000d676
core   0: 0x8000b67a (0x983f2523) sw      gp, -1654(t5)
core   0: 3 0x8000b67a (0x983f2523) mem 0x8000d000 0x00000001
core   0: 0x8000b67e (0x0000bfe5) c.j     pc - 8
core   0: 3 0x8000b67e (0xbfe5)
core   0: 0x8000b676 (0x00002f17) auipc   t5, 0x2
core   0: 3 0x8000b676 (0x00002f17) x30 0x8000d676
core   0: 0x8000b67a (0x983f2523) sw      gp, -1654(t5)
core   0: 3 0x8000b67a (0x983f2523) mem 0x8000d000 0x00000001
core   0: 0x8000b67e (0x0000bfe5) c.j     pc - 8
core   0: 3 0x8000b67e (0xbfe5)
core   0: 0x8000b676 (0x00002f17) auipc   t5, 0x2
core   0: 3 0x8000b676 (0x00002f17) x30 0x8000d676
core   0: 0x8000b67a (0x983f2523) sw      gp, -1654(t5)
core   0: 3 0x8000b67a (0x983f2523) mem 0x8000d000 0x00000001
core   0: 0x8000b67e (0x0000bfe5) c.j     pc - 8
core   0: 3 0x8000b67e (0xbfe5)
core   0: 0x8000b676 (0x00002f17) auipc   t5, 0x2
core   0: 3 0x8000b676 (0x00002f17) x30 0x8000d676
core   0: 0x8000b67a (0x983f2523) sw      gp, -1654(t5)
core   0: 3 0x8000b67a (0x983f2523) mem 0x8000d000 0x00000001
core   0: 0x8000b67e (0x0000bfe5) c.j     pc - 8
core   0: 3 0x8000b67e (0xbfe5)
core   0: 0x8000b676 (0x00002f17) auipc   t5, 0x2
core   0: 3 0x8000b676 (0x00002f17) x30 0x8000d676
core   0: 0x8000b67a (0x983f2523) sw      gp, -1654(t5)
core   0: 3 0x8000b67a (0x983f2523) mem 0x8000d000 0x00000001
core   0: 0x8000b67e (0x0000bfe5) c.j     pc - 8
core   0: 3 0x8000b67e (0xbfe5)
core   0: 0x8000b676 (0x00002f17) auipc   t5, 0x2
core   0: 3 0x8000b676 (0x00002f17) x30 0x8000d676
core   0: 0x8000b67a (0x983f2523) sw      gp, -1654(t5)
core   0: 3 0x8000b67a (0x983f2523) mem 0x8000d000 0x00000001
core   0: 0x8000b67e (0x0000bfe5) c.j     pc - 8
core   0: 3 0x8000b67e (0xbfe5)
core   0: 0x8000b676 (0x00002f17) auipc   t5, 0x2
core   0: 3 0x8000b676 (0x00002f17) x30 0x8000d676
core   0: 0x8000b67a (0x983f2523) sw      gp, -1654(t5)
core   0: 3 0x8000b67a (0x983f2523) mem 0x8000d000 0x00000001
core   0: 0x8000b67e (0x0000bfe5) c.j     pc - 8
core   0: 3 0x8000b67e (0xbfe5)
core   0: 0x8000b676 (0x00002f17) auipc   t5, 0x2
core   0: 3 0x8000b676 (0x00002f17) x30 0x8000d676
core   0: 0x8000b67a (0x983f2523) sw      gp, -1654(t5)
core   0: 3 0x8000b67a (0x983f2523) mem 0x8000d000 0x00000001
core   0: 0x8000b67e (0x0000bfe5) c.j     pc - 8
core   0: 3 0x8000b67e (0xbfe5)
core   0: 0x8000b676 (0x00002f17) auipc   t5, 0x2
core   0: 3 0x8000b676 (0x00002f17) x30 0x8000d676
core   0: 0x8000b67a (0x983f2523) sw      gp, -1654(t5)
core   0: 3 0x8000b67a (0x983f2523) mem 0x8000d000 0x00000001
core   0: 0x8000b67e (0x0000bfe5) c.j     pc - 8
core   0: 3 0x8000b67e (0xbfe5)
core   0: 0x8000b676 (0x00002f17) auipc   t5, 0x2
core   0: 3 0x8000b676 (0x00002f17) x30 0x8000d676
core   0: 0x8000b67a (0x983f2523) sw      gp, -1654(t5)
core   0: 3 0x8000b67a (0x983f2523) mem 0x8000d000 0x00000001
core   0: 0x8000b67e (0x0000bfe5) c.j     pc - 8
core   0: 3 0x8000b67e (0xbfe5)
core   0: 0x8000b676 (0x00002f17) auipc   t5, 0x2
core   0: 3 0x8000b676 (0x00002f17) x30 0x8000d676
core   0: 0x8000b67a (0x983f2523) sw      gp, -1654(t5)
core   0: 3 0x8000b67a (0x983f2523) mem 0x8000d000 0x00000001
core   0: 0x8000b67e (0x0000bfe5) c.j     pc - 8
core   0: 3 0x8000b67e (0xbfe5)
core   0: 0x8000b676 (0x00002f17) auipc   t5, 0x2
core   0: 3 0x8000b676 (0x00002f17) x30 0x8000d676
core   0: 0x8000b67a (0x983f2523) sw      gp, -1654(t5)
core   0: 3 0x8000b67a (0x983f2523) mem 0x8000d000 0x00000001
core   0: 0x8000b67e (0x0000bfe5) c.j     pc - 8
core   0: 3 0x8000b67e (0xbfe5)
core   0: 0x8000b676 (0x00002f17) auipc   t5, 0x2
core   0: 3 0x8000b676 (0x00002f17) x30 0x8000d676
core   0: 0x8000b67a (0x983f2523) sw      gp, -1654(t5)
core   0: 3 0x8000b67a (0x983f2523) mem 0x8000d000 0x00000001
core   0: 0x8000b67e (0x0000bfe5) c.j     pc - 8
core   0: 3 0x8000b67e (0xbfe5)
core   0: 0x8000b676 (0x00002f17) auipc   t5, 0x2
core   0: 3 0x8000b676 (0x00002f17) x30 0x8000d676
core   0: 0x8000b67a (0x983f2523) sw      gp, -1654(t5)
core   0: 3 0x8000b67a (0x983f2523) mem 0x8000d000 0x00000001
core   0: 0x8000b67e (0x0000bfe5) c.j     pc - 8
core   0: 3 0x8000b67e (0xbfe5)
core   0: 0x8000b676 (0x00002f17) auipc   t5, 0x2
core   0: 3 0x8000b676 (0x00002f17) x30 0x8000d676
core   0: 0x8000b67a (0x983f2523) sw      gp, -1654(t5)
core   0: 3 0x8000b67a (0x983f2523) mem 0x8000d000 0x00000001
core   0: 0x8000b67e (0x0000bfe5) c.j     pc - 8
core   0: 3 0x8000b67e (0xbfe5)
core   0: 0x8000b676 (0x00002f17) auipc   t5, 0x2
core   0: 3 0x8000b676 (0x00002f17) x30 0x8000d676
core   0: 0x8000b67a (0x983f2523) sw      gp, -1654(t5)
core   0: 3 0x8000b67a (0x983f2523) mem 0x8000d000 0x00000001
core   0: 0x8000b67e (0x0000bfe5) c.j     pc - 8
core   0: 3 0x8000b67e (0xbfe5)
core   0: 0x8000b676 (0x00002f17) auipc   t5, 0x2
core   0: 3 0x8000b676 (0x00002f17) x30 0x8000d676
core   0: 0x8000b67a (0x983f2523) sw      gp, -1654(t5)
core   0: 3 0x8000b67a (0x983f2523) mem 0x8000d000 0x00000001
core   0: 0x8000b67e (0x0000bfe5) c.j     pc - 8
core   0: 3 0x8000b67e (0xbfe5)
core   0: 0x8000b676 (0x00002f17) auipc   t5, 0x2
core   0: 3 0x8000b676 (0x00002f17) x30 0x8000d676
core   0: 0x8000b67a (0x983f2523) sw      gp, -1654(t5)
core   0: 3 0x8000b67a (0x983f2523) mem 0x8000d000 0x00000001
core   0: 0x8000b67e (0x0000bfe5) c.j     pc - 8
core   0: 3 0x8000b67e (0xbfe5)
core   0: 0x8000b676 (0x00002f17) auipc   t5, 0x2
core   0: 3 0x8000b676 (0x00002f17) x30 0x8000d676
core   0: 0x8000b67a (0x983f2523) sw      gp, -1654(t5)
core   0: 3 0x8000b67a (0x983f2523) mem 0x8000d000 0x00000001
core   0: 0x8000b67e (0x0000bfe5) c.j     pc - 8
core   0: 3 0x8000b67e (0xbfe5)
core   0: 0x8000b676 (0x00002f17) auipc   t5, 0x2
core   0: 3 0x8000b676 (0x00002f17) x30 0x8000d676
core   0: 0x8000b67a (0x983f2523) sw      gp, -1654(t5)
core   0: 3 0x8000b67a (0x983f2523) mem 0x8000d000 0x00000001
core   0: 0x8000b67e (0x0000bfe5) c.j     pc - 8
core   0: 3 0x8000b67e (0xbfe5)
core   0: 0x8000b676 (0x00002f17) auipc   t5, 0x2
core   0: 3 0x8000b676 (0x00002f17) x30 0x8000d676
core   0: 0x8000b67a (0x983f2523) sw      gp, -1654(t5)
core   0: 3 0x8000b67a (0x983f2523) mem 0x8000d000 0x00000001
core   0: 0x8000b67e (0x0000bfe5) c.j     pc - 8
core   0: 3 0x8000b67e (0xbfe5)
core   0: 0x8000b676 (0x00002f17) auipc   t5, 0x2
core   0: 3 0x8000b676 (0x00002f17) x30 0x8000d676
core   0: 0x8000b67a (0x983f2523) sw      gp, -1654(t5)
core   0: 3 0x8000b67a (0x983f2523) mem 0x8000d000 0x00000001
core   0: 0x8000b67e (0x0000bfe5) c.j     pc - 8
core   0: 3 0x8000b67e (0xbfe5)
core   0: 0x8000b676 (0x00002f17) auipc   t5, 0x2
core   0: 3 0x8000b676 (0x00002f17) x30 0x8000d676
core   0: 0x8000b67a (0x983f2523) sw      gp, -1654(t5)
core   0: 3 0x8000b67a (0x983f2523) mem 0x8000d000 0x00000001
core   0: 0x8000b67e (0x0000bfe5) c.j     pc - 8
core   0: 3 0x8000b67e (0xbfe5)
core   0: 0x8000b676 (0x00002f17) auipc   t5, 0x2
core   0: 3 0x8000b676 (0x00002f17) x30 0x8000d676
core   0: 0x8000b67a (0x983f2523) sw      gp, -1654(t5)
core   0: 3 0x8000b67a (0x983f2523) mem 0x8000d000 0x00000001
core   0: 0x8000b67e (0x0000bfe5) c.j     pc - 8
core   0: 3 0x8000b67e (0xbfe5)
core   0: 0x8000b676 (0x00002f17) auipc   t5, 0x2
core   0: 3 0x8000b676 (0x00002f17) x30 0x8000d676
core   0: 0x8000b67a (0x983f2523) sw      gp, -1654(t5)
core   0: 3 0x8000b67a (0x983f2523) mem 0x8000d000 0x00000001
core   0: 0x8000b67e (0x0000bfe5) c.j     pc - 8
core   0: 3 0x8000b67e (0xbfe5)
core   0: 0x8000b676 (0x00002f17) auipc   t5, 0x2
core   0: 3 0x8000b676 (0x00002f17) x30 0x8000d676
core   0: 0x8000b67a (0x983f2523) sw      gp, -1654(t5)
core   0: 3 0x8000b67a (0x983f2523) mem 0x8000d000 0x00000001
core   0: 0x8000b67e (0x0000bfe5) c.j     pc - 8
core   0: 3 0x8000b67e (0xbfe5)
core   0: 0x8000b676 (0x00002f17) auipc   t5, 0x2
core   0: 3 0x8000b676 (0x00002f17) x30 0x8000d676
core   0: 0x8000b67a (0x983f2523) sw      gp, -1654(t5)
core   0: 3 0x8000b67a (0x983f2523) mem 0x8000d000 0x00000001
core   0: 0x8000b67e (0x0000bfe5) c.j     pc - 8
core   0: 3 0x8000b67e (0xbfe5)
core   0: 0x8000b676 (0x00002f17) auipc   t5, 0x2
core   0: 3 0x8000b676 (0x00002f17) x30 0x8000d676
core   0: 0x8000b67a (0x983f2523) sw      gp, -1654(t5)
core   0: 3 0x8000b67a (0x983f2523) mem 0x8000d000 0x00000001
core   0: 0x8000b67e (0x0000bfe5) c.j     pc - 8
core   0: 3 0x8000b67e (0xbfe5)
core   0: 0x8000b676 (0x00002f17) auipc   t5, 0x2
core   0: 3 0x8000b676 (0x00002f17) x30 0x8000d676
core   0: 0x8000b67a (0x983f2523) sw      gp, -1654(t5)
core   0: 3 0x8000b67a (0x983f2523) mem 0x8000d000 0x00000001
core   0: 0x8000b67e (0x0000bfe5) c.j     pc - 8
core   0: 3 0x8000b67e (0xbfe5)
core   0: 0x8000b676 (0x00002f17) auipc   t5, 0x2
core   0: 3 0x8000b676 (0x00002f17) x30 0x8000d676
core   0: 0x8000b67a (0x983f2523) sw      gp, -1654(t5)
core   0: 3 0x8000b67a (0x983f2523) mem 0x8000d000 0x00000001
core   0: 0x8000b67e (0x0000bfe5) c.j     pc - 8
core   0: 3 0x8000b67e (0xbfe5)
core   0: 0x8000b676 (0x00002f17) auipc   t5, 0x2
core   0: 3 0x8000b676 (0x00002f17) x30 0x8000d676
core   0: 0x8000b67a (0x983f2523) sw      gp, -1654(t5)
core   0: 3 0x8000b67a (0x983f2523) mem 0x8000d000 0x00000001
core   0: 0x8000b67e (0x0000bfe5) c.j     pc - 8
core   0: 3 0x8000b67e (0xbfe5)
core   0: 0x8000b676 (0x00002f17) auipc   t5, 0x2
core   0: 3 0x8000b676 (0x00002f17) x30 0x8000d676
core   0: 0x8000b67a (0x983f2523) sw      gp, -1654(t5)
core   0: 3 0x8000b67a (0x983f2523) mem 0x8000d000 0x00000001
core   0: 0x8000b67e (0x0000bfe5) c.j     pc - 8
core   0: 3 0x8000b67e (0xbfe5)
core   0: 0x8000b676 (0x00002f17) auipc   t5, 0x2
core   0: 3 0x8000b676 (0x00002f17) x30 0x8000d676
core   0: 0x8000b67a (0x983f2523) sw      gp, -1654(t5)
core   0: 3 0x8000b67a (0x983f2523) mem 0x8000d000 0x00000001
core   0: 0x8000b67e (0x0000bfe5) c.j     pc - 8
core   0: 3 0x8000b67e (0xbfe5)
core   0: 0x8000b676 (0x00002f17) auipc   t5, 0x2
core   0: 3 0x8000b676 (0x00002f17) x30 0x8000d676
core   0: 0x8000b67a (0x983f2523) sw      gp, -1654(t5)
core   0: 3 0x8000b67a (0x983f2523) mem 0x8000d000 0x00000001
core   0: 0x8000b67e (0x0000bfe5) c.j     pc - 8
core   0: 3 0x8000b67e (0xbfe5)
core   0: 0x8000b676 (0x00002f17) auipc   t5, 0x2
core   0: 3 0x8000b676 (0x00002f17) x30 0x8000d676
core   0: 0x8000b67a (0x983f2523) sw      gp, -1654(t5)
core   0: 3 0x8000b67a (0x983f2523) mem 0x8000d000 0x00000001
core   0: 0x8000b67e (0x0000bfe5) c.j     pc - 8
core   0: 3 0x8000b67e (0xbfe5)
core   0: 0x8000b676 (0x00002f17) auipc   t5, 0x2
core   0: 3 0x8000b676 (0x00002f17) x30 0x8000d676
core   0: 0x8000b67a (0x983f2523) sw      gp, -1654(t5)
core   0: 3 0x8000b67a (0x983f2523) mem 0x8000d000 0x00000001
core   0: 0x8000b67e (0x0000bfe5) c.j     pc - 8
core   0: 3 0x8000b67e (0xbfe5)
core   0: 0x8000b676 (0x00002f17) auipc   t5, 0x2
core   0: 3 0x8000b676 (0x00002f17) x30 0x8000d676
core   0: 0x8000b67a (0x983f2523) sw      gp, -1654(t5)
core   0: 3 0x8000b67a (0x983f2523) mem 0x8000d000 0x00000001
core   0: 0x8000b67e (0x0000bfe5) c.j     pc - 8
core   0: 3 0x8000b67e (0xbfe5)
core   0: 0x8000b676 (0x00002f17) auipc   t5, 0x2
core   0: 3 0x8000b676 (0x00002f17) x30 0x8000d676
core   0: 0x8000b67a (0x983f2523) sw      gp, -1654(t5)
core   0: 3 0x8000b67a (0x983f2523) mem 0x8000d000 0x00000001
core   0: 0x8000b67e (0x0000bfe5) c.j     pc - 8
core   0: 3 0x8000b67e (0xbfe5)
core   0: 0x8000b676 (0x00002f17) auipc   t5, 0x2
core   0: 3 0x8000b676 (0x00002f17) x30 0x8000d676
core   0: 0x8000b67a (0x983f2523) sw      gp, -1654(t5)
core   0: 3 0x8000b67a (0x983f2523) mem 0x8000d000 0x00000001
core   0: 0x8000b67e (0x0000bfe5) c.j     pc - 8
core   0: 3 0x8000b67e (0xbfe5)
core   0: 0x8000b676 (0x00002f17) auipc   t5, 0x2
core   0: 3 0x8000b676 (0x00002f17) x30 0x8000d676
core   0: 0x8000b67a (0x983f2523) sw      gp, -1654(t5)
core   0: 3 0x8000b67a (0x983f2523) mem 0x8000d000 0x00000001
core   0: 0x8000b67e (0x0000bfe5) c.j     pc - 8
core   0: 3 0x8000b67e (0xbfe5)
core   0: 0x8000b676 (0x00002f17) auipc   t5, 0x2
core   0: 3 0x8000b676 (0x00002f17) x30 0x8000d676
core   0: 0x8000b67a (0x983f2523) sw      gp, -1654(t5)
core   0: 3 0x8000b67a (0x983f2523) mem 0x8000d000 0x00000001
core   0: 0x8000b67e (0x0000bfe5) c.j     pc - 8
core   0: 3 0x8000b67e (0xbfe5)
core   0: 0x8000b676 (0x00002f17) auipc   t5, 0x2
core   0: 3 0x8000b676 (0x00002f17) x30 0x8000d676
core   0: 0x8000b67a (0x983f2523) sw      gp, -1654(t5)
core   0: 3 0x8000b67a (0x983f2523) mem 0x8000d000 0x00000001
core   0: 0x8000b67e (0x0000bfe5) c.j     pc - 8
core   0: 3 0x8000b67e (0xbfe5)
core   0: 0x8000b676 (0x00002f17) auipc   t5, 0x2
core   0: 3 0x8000b676 (0x00002f17) x30 0x8000d676
core   0: 0x8000b67a (0x983f2523) sw      gp, -1654(t5)
core   0: 3 0x8000b67a (0x983f2523) mem 0x8000d000 0x00000001
core   0: 0x8000b67e (0x0000bfe5) c.j     pc - 8
core   0: 3 0x8000b67e (0xbfe5)
core   0: 0x8000b676 (0x00002f17) auipc   t5, 0x2
core   0: 3 0x8000b676 (0x00002f17) x30 0x8000d676
core   0: 0x8000b67a (0x983f2523) sw      gp, -1654(t5)
core   0: 3 0x8000b67a (0x983f2523) mem 0x8000d000 0x00000001
core   0: 0x8000b67e (0x0000bfe5) c.j     pc - 8
core   0: 3 0x8000b67e (0xbfe5)
core   0: 0x8000b676 (0x00002f17) auipc   t5, 0x2
core   0: 3 0x8000b676 (0x00002f17) x30 0x8000d676
core   0: 0x8000b67a (0x983f2523) sw      gp, -1654(t5)
core   0: 3 0x8000b67a (0x983f2523) mem 0x8000d000 0x00000001
core   0: 0x8000b67e (0x0000bfe5) c.j     pc - 8
core   0: 3 0x8000b67e (0xbfe5)
core   0: 0x8000b676 (0x00002f17) auipc   t5, 0x2
core   0: 3 0x8000b676 (0x00002f17) x30 0x8000d676
core   0: 0x8000b67a (0x983f2523) sw      gp, -1654(t5)
core   0: 3 0x8000b67a (0x983f2523) mem 0x8000d000 0x00000001
core   0: 0x8000b67e (0x0000bfe5) c.j     pc - 8
core   0: 3 0x8000b67e (0xbfe5)
core   0: 0x8000b676 (0x00002f17) auipc   t5, 0x2
core   0: 3 0x8000b676 (0x00002f17) x30 0x8000d676
core   0: 0x8000b67a (0x983f2523) sw      gp, -1654(t5)
core   0: 3 0x8000b67a (0x983f2523) mem 0x8000d000 0x00000001
core   0: 0x8000b67e (0x0000bfe5) c.j     pc - 8
core   0: 3 0x8000b67e (0xbfe5)
core   0: 0x8000b676 (0x00002f17) auipc   t5, 0x2
core   0: 3 0x8000b676 (0x00002f17) x30 0x8000d676
core   0: 0x8000b67a (0x983f2523) sw      gp, -1654(t5)
core   0: 3 0x8000b67a (0x983f2523) mem 0x8000d000 0x00000001
core   0: 0x8000b67e (0x0000bfe5) c.j     pc - 8
core   0: 3 0x8000b67e (0xbfe5)
core   0: 0x8000b676 (0x00002f17) auipc   t5, 0x2
core   0: 3 0x8000b676 (0x00002f17) x30 0x8000d676
core   0: 0x8000b67a (0x983f2523) sw      gp, -1654(t5)
core   0: 3 0x8000b67a (0x983f2523) mem 0x8000d000 0x00000001
core   0: 0x8000b67e (0x0000bfe5) c.j     pc - 8
core   0: 3 0x8000b67e (0xbfe5)
core   0: 0x8000b676 (0x00002f17) auipc   t5, 0x2
core   0: 3 0x8000b676 (0x00002f17) x30 0x8000d676
core   0: 0x8000b67a (0x983f2523) sw      gp, -1654(t5)
core   0: 3 0x8000b67a (0x983f2523) mem 0x8000d000 0x00000001
core   0: 0x8000b67e (0x0000bfe5) c.j     pc - 8
core   0: 3 0x8000b67e (0xbfe5)
core   0: 0x8000b676 (0x00002f17) auipc   t5, 0x2
core   0: 3 0x8000b676 (0x00002f17) x30 0x8000d676
core   0: 0x8000b67a (0x983f2523) sw      gp, -1654(t5)
core   0: 3 0x8000b67a (0x983f2523) mem 0x8000d000 0x00000001
core   0: 0x8000b67e (0x0000bfe5) c.j     pc - 8
core   0: 3 0x8000b67e (0xbfe5)
core   0: 0x8000b676 (0x00002f17) auipc   t5, 0x2
core   0: 3 0x8000b676 (0x00002f17) x30 0x8000d676
core   0: 0x8000b67a (0x983f2523) sw      gp, -1654(t5)
core   0: 3 0x8000b67a (0x983f2523) mem 0x8000d000 0x00000001
core   0: 0x8000b67e (0x0000bfe5) c.j     pc - 8
core   0: 3 0x8000b67e (0xbfe5)
core   0: 0x8000b676 (0x00002f17) auipc   t5, 0x2
core   0: 3 0x8000b676 (0x00002f17) x30 0x8000d676
core   0: 0x8000b67a (0x983f2523) sw      gp, -1654(t5)
core   0: 3 0x8000b67a (0x983f2523) mem 0x8000d000 0x00000001
core   0: 0x8000b67e (0x0000bfe5) c.j     pc - 8
core   0: 3 0x8000b67e (0xbfe5)
core   0: 0x8000b676 (0x00002f17) auipc   t5, 0x2
core   0: 3 0x8000b676 (0x00002f17) x30 0x8000d676
core   0: 0x8000b67a (0x983f2523) sw      gp, -1654(t5)
core   0: 3 0x8000b67a (0x983f2523) mem 0x8000d000 0x00000001
core   0: 0x8000b67e (0x0000bfe5) c.j     pc - 8
core   0: 3 0x8000b67e (0xbfe5)
core   0: 0x8000b676 (0x00002f17) auipc   t5, 0x2
core   0: 3 0x8000b676 (0x00002f17) x30 0x8000d676
core   0: 0x8000b67a (0x983f2523) sw      gp, -1654(t5)
core   0: 3 0x8000b67a (0x983f2523) mem 0x8000d000 0x00000001
core   0: 0x8000b67e (0x0000bfe5) c.j     pc - 8
core   0: 3 0x8000b67e (0xbfe5)
core   0: 0x8000b676 (0x00002f17) auipc   t5, 0x2
core   0: 3 0x8000b676 (0x00002f17) x30 0x8000d676
core   0: 0x8000b67a (0x983f2523) sw      gp, -1654(t5)
core   0: 3 0x8000b67a (0x983f2523) mem 0x8000d000 0x00000001
core   0: 0x8000b67e (0x0000bfe5) c.j     pc - 8
core   0: 3 0x8000b67e (0xbfe5)
core   0: 0x8000b676 (0x00002f17) auipc   t5, 0x2
core   0: 3 0x8000b676 (0x00002f17) x30 0x8000d676
core   0: 0x8000b67a (0x983f2523) sw      gp, -1654(t5)
core   0: 3 0x8000b67a (0x983f2523) mem 0x8000d000 0x00000001
core   0: 0x8000b67e (0x0000bfe5) c.j     pc - 8
core   0: 3 0x8000b67e (0xbfe5)
core   0: 0x8000b676 (0x00002f17) auipc   t5, 0x2
core   0: 3 0x8000b676 (0x00002f17) x30 0x8000d676
core   0: 0x8000b67a (0x983f2523) sw      gp, -1654(t5)
core   0: 3 0x8000b67a (0x983f2523) mem 0x8000d000 0x00000001
core   0: 0x8000b67e (0x0000bfe5) c.j     pc - 8
core   0: 3 0x8000b67e (0xbfe5)
core   0: 0x8000b676 (0x00002f17) auipc   t5, 0x2
core   0: 3 0x8000b676 (0x00002f17) x30 0x8000d676
core   0: 0x8000b67a (0x983f2523) sw      gp, -1654(t5)
core   0: 3 0x8000b67a (0x983f2523) mem 0x8000d000 0x00000001
core   0: 0x8000b67e (0x0000bfe5) c.j     pc - 8
core   0: 3 0x8000b67e (0xbfe5)
core   0: 0x8000b676 (0x00002f17) auipc   t5, 0x2
core   0: 3 0x8000b676 (0x00002f17) x30 0x8000d676
core   0: 0x8000b67a (0x983f2523) sw      gp, -1654(t5)
core   0: 3 0x8000b67a (0x983f2523) mem 0x8000d000 0x00000001
core   0: 0x8000b67e (0x0000bfe5) c.j     pc - 8
core   0: 3 0x8000b67e (0xbfe5)
core   0: 0x8000b676 (0x00002f17) auipc   t5, 0x2
core   0: 3 0x8000b676 (0x00002f17) x30 0x8000d676
core   0: 0x8000b67a (0x983f2523) sw      gp, -1654(t5)
core   0: 3 0x8000b67a (0x983f2523) mem 0x8000d000 0x00000001
core   0: 0x8000b67e (0x0000bfe5) c.j     pc - 8
core   0: 3 0x8000b67e (0xbfe5)
core   0: 0x8000b676 (0x00002f17) auipc   t5, 0x2
core   0: 3 0x8000b676 (0x00002f17) x30 0x8000d676
core   0: 0x8000b67a (0x983f2523) sw      gp, -1654(t5)
core   0: 3 0x8000b67a (0x983f2523) mem 0x8000d000 0x00000001
core   0: 0x8000b67e (0x0000bfe5) c.j     pc - 8
core   0: 3 0x8000b67e (0xbfe5)
core   0: 0x8000b676 (0x00002f17) auipc   t5, 0x2
core   0: 3 0x8000b676 (0x00002f17) x30 0x8000d676
core   0: 0x8000b67a (0x983f2523) sw      gp, -1654(t5)
core   0: 3 0x8000b67a (0x983f2523) mem 0x8000d000 0x00000001
core   0: 0x8000b67e (0x0000bfe5) c.j     pc - 8
core   0: 3 0x8000b67e (0xbfe5)
core   0: 0x8000b676 (0x00002f17) auipc   t5, 0x2
core   0: 3 0x8000b676 (0x00002f17) x30 0x8000d676
core   0: 0x8000b67a (0x983f2523) sw      gp, -1654(t5)
core   0: 3 0x8000b67a (0x983f2523) mem 0x8000d000 0x00000001
core   0: 0x8000b67e (0x0000bfe5) c.j     pc - 8
core   0: 3 0x8000b67e (0xbfe5)
core   0: 0x8000b676 (0x00002f17) auipc   t5, 0x2
core   0: 3 0x8000b676 (0x00002f17) x30 0x8000d676
core   0: 0x8000b67a (0x983f2523) sw      gp, -1654(t5)
core   0: 3 0x8000b67a (0x983f2523) mem 0x8000d000 0x00000001
core   0: 0x8000b67e (0x0000bfe5) c.j     pc - 8
core   0: 3 0x8000b67e (0xbfe5)
core   0: 0x8000b676 (0x00002f17) auipc   t5, 0x2
core   0: 3 0x8000b676 (0x00002f17) x30 0x8000d676
core   0: 0x8000b67a (0x983f2523) sw      gp, -1654(t5)
core   0: 3 0x8000b67a (0x983f2523) mem 0x8000d000 0x00000001
core   0: 0x8000b67e (0x0000bfe5) c.j     pc - 8
core   0: 3 0x8000b67e (0xbfe5)
core   0: 0x8000b676 (0x00002f17) auipc   t5, 0x2
core   0: 3 0x8000b676 (0x00002f17) x30 0x8000d676
core   0: 0x8000b67a (0x983f2523) sw      gp, -1654(t5)
core   0: 3 0x8000b67a (0x983f2523) mem 0x8000d000 0x00000001
core   0: 0x8000b67e (0x0000bfe5) c.j     pc - 8
core   0: 3 0x8000b67e (0xbfe5)
core   0: 0x8000b676 (0x00002f17) auipc   t5, 0x2
core   0: 3 0x8000b676 (0x00002f17) x30 0x8000d676
core   0: 0x8000b67a (0x983f2523) sw      gp, -1654(t5)
core   0: 3 0x8000b67a (0x983f2523) mem 0x8000d000 0x00000001
core   0: 0x8000b67e (0x0000bfe5) c.j     pc - 8
core   0: 3 0x8000b67e (0xbfe5)
core   0: 0x8000b676 (0x00002f17) auipc   t5, 0x2
core   0: 3 0x8000b676 (0x00002f17) x30 0x8000d676
core   0: 0x8000b67a (0x983f2523) sw      gp, -1654(t5)
core   0: 3 0x8000b67a (0x983f2523) mem 0x8000d000 0x00000001
core   0: 0x8000b67e (0x0000bfe5) c.j     pc - 8
core   0: 3 0x8000b67e (0xbfe5)
core   0: 0x8000b676 (0x00002f17) auipc   t5, 0x2
core   0: 3 0x8000b676 (0x00002f17) x30 0x8000d676
core   0: 0x8000b67a (0x983f2523) sw      gp, -1654(t5)
core   0: 3 0x8000b67a (0x983f2523) mem 0x8000d000 0x00000001
core   0: 0x8000b67e (0x0000bfe5) c.j     pc - 8
core   0: 3 0x8000b67e (0xbfe5)
core   0: 0x8000b676 (0x00002f17) auipc   t5, 0x2
core   0: 3 0x8000b676 (0x00002f17) x30 0x8000d676
core   0: 0x8000b67a (0x983f2523) sw      gp, -1654(t5)
core   0: 3 0x8000b67a (0x983f2523) mem 0x8000d000 0x00000001
core   0: 0x8000b67e (0x0000bfe5) c.j     pc - 8
core   0: 3 0x8000b67e (0xbfe5)
core   0: 0x8000b676 (0x00002f17) auipc   t5, 0x2
core   0: 3 0x8000b676 (0x00002f17) x30 0x8000d676
core   0: 0x8000b67a (0x983f2523) sw      gp, -1654(t5)
core   0: 3 0x8000b67a (0x983f2523) mem 0x8000d000 0x00000001
core   0: 0x8000b67e (0x0000bfe5) c.j     pc - 8
core   0: 3 0x8000b67e (0xbfe5)
core   0: 0x8000b676 (0x00002f17) auipc   t5, 0x2
core   0: 3 0x8000b676 (0x00002f17) x30 0x8000d676
core   0: 0x8000b67a (0x983f2523) sw      gp, -1654(t5)
core   0: 3 0x8000b67a (0x983f2523) mem 0x8000d000 0x00000001
core   0: 0x8000b67e (0x0000bfe5) c.j     pc - 8
core   0: 3 0x8000b67e (0xbfe5)
core   0: 0x8000b676 (0x00002f17) auipc   t5, 0x2
core   0: 3 0x8000b676 (0x00002f17) x30 0x8000d676
core   0: 0x8000b67a (0x983f2523) sw      gp, -1654(t5)
core   0: 3 0x8000b67a (0x983f2523) mem 0x8000d000 0x00000001
core   0: 0x8000b67e (0x0000bfe5) c.j     pc - 8
core   0: 3 0x8000b67e (0xbfe5)
core   0: 0x8000b676 (0x00002f17) auipc   t5, 0x2
core   0: 3 0x8000b676 (0x00002f17) x30 0x8000d676
core   0: 0x8000b67a (0x983f2523) sw      gp, -1654(t5)
core   0: 3 0x8000b67a (0x983f2523) mem 0x8000d000 0x00000001
core   0: 0x8000b67e (0x0000bfe5) c.j     pc - 8
core   0: 3 0x8000b67e (0xbfe5)
core   0: 0x8000b676 (0x00002f17) auipc   t5, 0x2
core   0: 3 0x8000b676 (0x00002f17) x30 0x8000d676
core   0: 0x8000b67a (0x983f2523) sw      gp, -1654(t5)
core   0: 3 0x8000b67a (0x983f2523) mem 0x8000d000 0x00000001
core   0: 0x8000b67e (0x0000bfe5) c.j     pc - 8
core   0: 3 0x8000b67e (0xbfe5)
core   0: 0x8000b676 (0x00002f17) auipc   t5, 0x2
core   0: 3 0x8000b676 (0x00002f17) x30 0x8000d676
core   0: 0x8000b67a (0x983f2523) sw      gp, -1654(t5)
core   0: 3 0x8000b67a (0x983f2523) mem 0x8000d000 0x00000001
core   0: 0x8000b67e (0x0000bfe5) c.j     pc - 8
core   0: 3 0x8000b67e (0xbfe5)
core   0: 0x8000b676 (0x00002f17) auipc   t5, 0x2
core   0: 3 0x8000b676 (0x00002f17) x30 0x8000d676
core   0: 0x8000b67a (0x983f2523) sw      gp, -1654(t5)
core   0: 3 0x8000b67a (0x983f2523) mem 0x8000d000 0x00000001
core   0: 0x8000b67e (0x0000bfe5) c.j     pc - 8
core   0: 3 0x8000b67e (0xbfe5)
core   0: 0x8000b676 (0x00002f17) auipc   t5, 0x2
core   0: 3 0x8000b676 (0x00002f17) x30 0x8000d676
core   0: 0x8000b67a (0x983f2523) sw      gp, -1654(t5)
core   0: 3 0x8000b67a (0x983f2523) mem 0x8000d000 0x00000001
core   0: 0x8000b67e (0x0000bfe5) c.j     pc - 8
core   0: 3 0x8000b67e (0xbfe5)
core   0: 0x8000b676 (0x00002f17) auipc   t5, 0x2
core   0: 3 0x8000b676 (0x00002f17) x30 0x8000d676
core   0: 0x8000b67a (0x983f2523) sw      gp, -1654(t5)
core   0: 3 0x8000b67a (0x983f2523) mem 0x8000d000 0x00000001
core   0: 0x8000b67e (0x0000bfe5) c.j     pc - 8
core   0: 3 0x8000b67e (0xbfe5)
core   0: 0x8000b676 (0x00002f17) auipc   t5, 0x2
core   0: 3 0x8000b676 (0x00002f17) x30 0x8000d676
core   0: 0x8000b67a (0x983f2523) sw      gp, -1654(t5)
core   0: 3 0x8000b67a (0x983f2523) mem 0x8000d000 0x00000001
core   0: 0x8000b67e (0x0000bfe5) c.j     pc - 8
core   0: 3 0x8000b67e (0xbfe5)
core   0: 0x8000b676 (0x00002f17) auipc   t5, 0x2
core   0: 3 0x8000b676 (0x00002f17) x30 0x8000d676
core   0: 0x8000b67a (0x983f2523) sw      gp, -1654(t5)
core   0: 3 0x8000b67a (0x983f2523) mem 0x8000d000 0x00000001
core   0: 0x8000b67e (0x0000bfe5) c.j     pc - 8
core   0: 3 0x8000b67e (0xbfe5)
core   0: 0x8000b676 (0x00002f17) auipc   t5, 0x2
core   0: 3 0x8000b676 (0x00002f17) x30 0x8000d676
core   0: 0x8000b67a (0x983f2523) sw      gp, -1654(t5)
core   0: 3 0x8000b67a (0x983f2523) mem 0x8000d000 0x00000001
core   0: 0x8000b67e (0x0000bfe5) c.j     pc - 8
core   0: 3 0x8000b67e (0xbfe5)
core   0: 0x8000b676 (0x00002f17) auipc   t5, 0x2
core   0: 3 0x8000b676 (0x00002f17) x30 0x8000d676
core   0: 0x8000b67a (0x983f2523) sw      gp, -1654(t5)
core   0: 3 0x8000b67a (0x983f2523) mem 0x8000d000 0x00000001
core   0: 0x8000b67e (0x0000bfe5) c.j     pc - 8
core   0: 3 0x8000b67e (0xbfe5)
core   0: 0x8000b676 (0x00002f17) auipc   t5, 0x2
core   0: 3 0x8000b676 (0x00002f17) x30 0x8000d676
core   0: 0x8000b67a (0x983f2523) sw      gp, -1654(t5)
core   0: 3 0x8000b67a (0x983f2523) mem 0x8000d000 0x00000001
core   0: 0x8000b67e (0x0000bfe5) c.j     pc - 8
core   0: 3 0x8000b67e (0xbfe5)
core   0: 0x8000b676 (0x00002f17) auipc   t5, 0x2
core   0: 3 0x8000b676 (0x00002f17) x30 0x8000d676
core   0: 0x8000b67a (0x983f2523) sw      gp, -1654(t5)
core   0: 3 0x8000b67a (0x983f2523) mem 0x8000d000 0x00000001
core   0: 0x8000b67e (0x0000bfe5) c.j     pc - 8
core   0: 3 0x8000b67e (0xbfe5)
core   0: 0x8000b676 (0x00002f17) auipc   t5, 0x2
core   0: 3 0x8000b676 (0x00002f17) x30 0x8000d676
core   0: 0x8000b67a (0x983f2523) sw      gp, -1654(t5)
core   0: 3 0x8000b67a (0x983f2523) mem 0x8000d000 0x00000001
core   0: 0x8000b67e (0x0000bfe5) c.j     pc - 8
core   0: 3 0x8000b67e (0xbfe5)
core   0: 0x8000b676 (0x00002f17) auipc   t5, 0x2
core   0: 3 0x8000b676 (0x00002f17) x30 0x8000d676
core   0: 0x8000b67a (0x983f2523) sw      gp, -1654(t5)
core   0: 3 0x8000b67a (0x983f2523) mem 0x8000d000 0x00000001
core   0: 0x8000b67e (0x0000bfe5) c.j     pc - 8
core   0: 3 0x8000b67e (0xbfe5)
core   0: 0x8000b676 (0x00002f17) auipc   t5, 0x2
core   0: 3 0x8000b676 (0x00002f17) x30 0x8000d676
core   0: 0x8000b67a (0x983f2523) sw      gp, -1654(t5)
core   0: 3 0x8000b67a (0x983f2523) mem 0x8000d000 0x00000001
core   0: 0x8000b67e (0x0000bfe5) c.j     pc - 8
core   0: 3 0x8000b67e (0xbfe5)
core   0: 0x8000b676 (0x00002f17) auipc   t5, 0x2
core   0: 3 0x8000b676 (0x00002f17) x30 0x8000d676
core   0: 0x8000b67a (0x983f2523) sw      gp, -1654(t5)
core   0: 3 0x8000b67a (0x983f2523) mem 0x8000d000 0x00000001
core   0: 0x8000b67e (0x0000bfe5) c.j     pc - 8
core   0: 3 0x8000b67e (0xbfe5)
core   0: 0x8000b676 (0x00002f17) auipc   t5, 0x2
core   0: 3 0x8000b676 (0x00002f17) x30 0x8000d676
core   0: 0x8000b67a (0x983f2523) sw      gp, -1654(t5)
core   0: 3 0x8000b67a (0x983f2523) mem 0x8000d000 0x00000001
core   0: 0x8000b67e (0x0000bfe5) c.j     pc - 8
core   0: 3 0x8000b67e (0xbfe5)
core   0: 0x8000b676 (0x00002f17) auipc   t5, 0x2
core   0: 3 0x8000b676 (0x00002f17) x30 0x8000d676
core   0: 0x8000b67a (0x983f2523) sw      gp, -1654(t5)
core   0: 3 0x8000b67a (0x983f2523) mem 0x8000d000 0x00000001
core   0: 0x8000b67e (0x0000bfe5) c.j     pc - 8
core   0: 3 0x8000b67e (0xbfe5)
core   0: 0x8000b676 (0x00002f17) auipc   t5, 0x2
core   0: 3 0x8000b676 (0x00002f17) x30 0x8000d676
core   0: 0x8000b67a (0x983f2523) sw      gp, -1654(t5)
core   0: 3 0x8000b67a (0x983f2523) mem 0x8000d000 0x00000001
core   0: 0x8000b67e (0x0000bfe5) c.j     pc - 8
core   0: 3 0x8000b67e (0xbfe5)
core   0: 0x8000b676 (0x00002f17) auipc   t5, 0x2
core   0: 3 0x8000b676 (0x00002f17) x30 0x8000d676
core   0: 0x8000b67a (0x983f2523) sw      gp, -1654(t5)
core   0: 3 0x8000b67a (0x983f2523) mem 0x8000d000 0x00000001
core   0: 0x8000b67e (0x0000bfe5) c.j     pc - 8
core   0: 3 0x8000b67e (0xbfe5)
core   0: 0x8000b676 (0x00002f17) auipc   t5, 0x2
core   0: 3 0x8000b676 (0x00002f17) x30 0x8000d676
core   0: 0x8000b67a (0x983f2523) sw      gp, -1654(t5)
core   0: 3 0x8000b67a (0x983f2523) mem 0x8000d000 0x00000001
core   0: 0x8000b67e (0x0000bfe5) c.j     pc - 8
core   0: 3 0x8000b67e (0xbfe5)
core   0: 0x8000b676 (0x00002f17) auipc   t5, 0x2
core   0: 3 0x8000b676 (0x00002f17) x30 0x8000d676
core   0: 0x8000b67a (0x983f2523) sw      gp, -1654(t5)
core   0: 3 0x8000b67a (0x983f2523) mem 0x8000d000 0x00000001
core   0: 0x8000b67e (0x0000bfe5) c.j     pc - 8
core   0: 3 0x8000b67e (0xbfe5)
core   0: 0x8000b676 (0x00002f17) auipc   t5, 0x2
core   0: 3 0x8000b676 (0x00002f17) x30 0x8000d676
core   0: 0x8000b67a (0x983f2523) sw      gp, -1654(t5)
core   0: 3 0x8000b67a (0x983f2523) mem 0x8000d000 0x00000001
core   0: 0x8000b67e (0x0000bfe5) c.j     pc - 8
core   0: 3 0x8000b67e (0xbfe5)
core   0: 0x8000b676 (0x00002f17) auipc   t5, 0x2
core   0: 3 0x8000b676 (0x00002f17) x30 0x8000d676
core   0: 0x8000b67a (0x983f2523) sw      gp, -1654(t5)
core   0: 3 0x8000b67a (0x983f2523) mem 0x8000d000 0x00000001
core   0: 0x8000b67e (0x0000bfe5) c.j     pc - 8
core   0: 3 0x8000b67e (0xbfe5)
core   0: 0x8000b676 (0x00002f17) auipc   t5, 0x2
core   0: 3 0x8000b676 (0x00002f17) x30 0x8000d676
core   0: 0x8000b67a (0x983f2523) sw      gp, -1654(t5)
core   0: 3 0x8000b67a (0x983f2523) mem 0x8000d000 0x00000001
core   0: 0x8000b67e (0x0000bfe5) c.j     pc - 8
core   0: 3 0x8000b67e (0xbfe5)
core   0: 0x8000b676 (0x00002f17) auipc   t5, 0x2
core   0: 3 0x8000b676 (0x00002f17) x30 0x8000d676
core   0: 0x8000b67a (0x983f2523) sw      gp, -1654(t5)
core   0: 3 0x8000b67a (0x983f2523) mem 0x8000d000 0x00000001
core   0: 0x8000b67e (0x0000bfe5) c.j     pc - 8
core   0: 3 0x8000b67e (0xbfe5)
core   0: 0x8000b676 (0x00002f17) auipc   t5, 0x2
core   0: 3 0x8000b676 (0x00002f17) x30 0x8000d676
core   0: 0x8000b67a (0x983f2523) sw      gp, -1654(t5)
core   0: 3 0x8000b67a (0x983f2523) mem 0x8000d000 0x00000001
core   0: 0x8000b67e (0x0000bfe5) c.j     pc - 8
core   0: 3 0x8000b67e (0xbfe5)
core   0: 0x8000b676 (0x00002f17) auipc   t5, 0x2
core   0: 3 0x8000b676 (0x00002f17) x30 0x8000d676
core   0: 0x8000b67a (0x983f2523) sw      gp, -1654(t5)
core   0: 3 0x8000b67a (0x983f2523) mem 0x8000d000 0x00000001
core   0: 0x8000b67e (0x0000bfe5) c.j     pc - 8
core   0: 3 0x8000b67e (0xbfe5)
core   0: 0x8000b676 (0x00002f17) auipc   t5, 0x2
core   0: 3 0x8000b676 (0x00002f17) x30 0x8000d676
core   0: 0x8000b67a (0x983f2523) sw      gp, -1654(t5)
core   0: 3 0x8000b67a (0x983f2523) mem 0x8000d000 0x00000001
core   0: 0x8000b67e (0x0000bfe5) c.j     pc - 8
core   0: 3 0x8000b67e (0xbfe5)
core   0: 0x8000b676 (0x00002f17) auipc   t5, 0x2
core   0: 3 0x8000b676 (0x00002f17) x30 0x8000d676
core   0: 0x8000b67a (0x983f2523) sw      gp, -1654(t5)
core   0: 3 0x8000b67a (0x983f2523) mem 0x8000d000 0x00000001
core   0: 0x8000b67e (0x0000bfe5) c.j     pc - 8
core   0: 3 0x8000b67e (0xbfe5)
core   0: 0x8000b676 (0x00002f17) auipc   t5, 0x2
core   0: 3 0x8000b676 (0x00002f17) x30 0x8000d676
core   0: 0x8000b67a (0x983f2523) sw      gp, -1654(t5)
core   0: 3 0x8000b67a (0x983f2523) mem 0x8000d000 0x00000001
core   0: 0x8000b67e (0x0000bfe5) c.j     pc - 8
core   0: 3 0x8000b67e (0xbfe5)
core   0: 0x8000b676 (0x00002f17) auipc   t5, 0x2
core   0: 3 0x8000b676 (0x00002f17) x30 0x8000d676
core   0: 0x8000b67a (0x983f2523) sw      gp, -1654(t5)
core   0: 3 0x8000b67a (0x983f2523) mem 0x8000d000 0x00000001
core   0: 0x8000b67e (0x0000bfe5) c.j     pc - 8
core   0: 3 0x8000b67e (0xbfe5)
core   0: 0x8000b676 (0x00002f17) auipc   t5, 0x2
core   0: 3 0x8000b676 (0x00002f17) x30 0x8000d676
core   0: 0x8000b67a (0x983f2523) sw      gp, -1654(t5)
core   0: 3 0x8000b67a (0x983f2523) mem 0x8000d000 0x00000001
core   0: 0x8000b67e (0x0000bfe5) c.j     pc - 8
core   0: 3 0x8000b67e (0xbfe5)
core   0: 0x8000b676 (0x00002f17) auipc   t5, 0x2
core   0: 3 0x8000b676 (0x00002f17) x30 0x8000d676
core   0: 0x8000b67a (0x983f2523) sw      gp, -1654(t5)
core   0: 3 0x8000b67a (0x983f2523) mem 0x8000d000 0x00000001
core   0: 0x8000b67e (0x0000bfe5) c.j     pc - 8
core   0: 3 0x8000b67e (0xbfe5)
core   0: 0x8000b676 (0x00002f17) auipc   t5, 0x2
core   0: 3 0x8000b676 (0x00002f17) x30 0x8000d676
core   0: 0x8000b67a (0x983f2523) sw      gp, -1654(t5)
core   0: 3 0x8000b67a (0x983f2523) mem 0x8000d000 0x00000001
core   0: 0x8000b67e (0x0000bfe5) c.j     pc - 8
core   0: 3 0x8000b67e (0xbfe5)
core   0: 0x8000b676 (0x00002f17) auipc   t5, 0x2
core   0: 3 0x8000b676 (0x00002f17) x30 0x8000d676
core   0: 0x8000b67a (0x983f2523) sw      gp, -1654(t5)
core   0: 3 0x8000b67a (0x983f2523) mem 0x8000d000 0x00000001
core   0: 0x8000b67e (0x0000bfe5) c.j     pc - 8
core   0: 3 0x8000b67e (0xbfe5)
core   0: 0x8000b676 (0x00002f17) auipc   t5, 0x2
core   0: 3 0x8000b676 (0x00002f17) x30 0x8000d676
core   0: 0x8000b67a (0x983f2523) sw      gp, -1654(t5)
core   0: 3 0x8000b67a (0x983f2523) mem 0x8000d000 0x00000001
core   0: 0x8000b67e (0x0000bfe5) c.j     pc - 8
core   0: 3 0x8000b67e (0xbfe5)
core   0: 0x8000b676 (0x00002f17) auipc   t5, 0x2
core   0: 3 0x8000b676 (0x00002f17) x30 0x8000d676
core   0: 0x8000b67a (0x983f2523) sw      gp, -1654(t5)
core   0: 3 0x8000b67a (0x983f2523) mem 0x8000d000 0x00000001
core   0: 0x8000b67e (0x0000bfe5) c.j     pc - 8
core   0: 3 0x8000b67e (0xbfe5)
core   0: 0x8000b676 (0x00002f17) auipc   t5, 0x2
core   0: 3 0x8000b676 (0x00002f17) x30 0x8000d676
core   0: 0x8000b67a (0x983f2523) sw      gp, -1654(t5)
core   0: 3 0x8000b67a (0x983f2523) mem 0x8000d000 0x00000001
core   0: 0x8000b67e (0x0000bfe5) c.j     pc - 8
core   0: 3 0x8000b67e (0xbfe5)
core   0: 0x8000b676 (0x00002f17) auipc   t5, 0x2
core   0: 3 0x8000b676 (0x00002f17) x30 0x8000d676
core   0: 0x8000b67a (0x983f2523) sw      gp, -1654(t5)
core   0: 3 0x8000b67a (0x983f2523) mem 0x8000d000 0x00000001
core   0: 0x8000b67e (0x0000bfe5) c.j     pc - 8
core   0: 3 0x8000b67e (0xbfe5)
core   0: 0x8000b676 (0x00002f17) auipc   t5, 0x2
core   0: 3 0x8000b676 (0x00002f17) x30 0x8000d676
core   0: 0x8000b67a (0x983f2523) sw      gp, -1654(t5)
core   0: 3 0x8000b67a (0x983f2523) mem 0x8000d000 0x00000001
core   0: 0x8000b67e (0x0000bfe5) c.j     pc - 8
core   0: 3 0x8000b67e (0xbfe5)
core   0: 0x8000b676 (0x00002f17) auipc   t5, 0x2
core   0: 3 0x8000b676 (0x00002f17) x30 0x8000d676
core   0: 0x8000b67a (0x983f2523) sw      gp, -1654(t5)
core   0: 3 0x8000b67a (0x983f2523) mem 0x8000d000 0x00000001
core   0: 0x8000b67e (0x0000bfe5) c.j     pc - 8
core   0: 3 0x8000b67e (0xbfe5)
core   0: 0x8000b676 (0x00002f17) auipc   t5, 0x2
core   0: 3 0x8000b676 (0x00002f17) x30 0x8000d676
core   0: 0x8000b67a (0x983f2523) sw      gp, -1654(t5)
core   0: 3 0x8000b67a (0x983f2523) mem 0x8000d000 0x00000001
core   0: 0x8000b67e (0x0000bfe5) c.j     pc - 8
core   0: 3 0x8000b67e (0xbfe5)
core   0: 0x8000b676 (0x00002f17) auipc   t5, 0x2
core   0: 3 0x8000b676 (0x00002f17) x30 0x8000d676
core   0: 0x8000b67a (0x983f2523) sw      gp, -1654(t5)
core   0: 3 0x8000b67a (0x983f2523) mem 0x8000d000 0x00000001
core   0: 0x8000b67e (0x0000bfe5) c.j     pc - 8
core   0: 3 0x8000b67e (0xbfe5)
core   0: 0x8000b676 (0x00002f17) auipc   t5, 0x2
core   0: 3 0x8000b676 (0x00002f17) x30 0x8000d676
core   0: 0x8000b67a (0x983f2523) sw      gp, -1654(t5)
core   0: 3 0x8000b67a (0x983f2523) mem 0x8000d000 0x00000001
core   0: 0x8000b67e (0x0000bfe5) c.j     pc - 8
core   0: 3 0x8000b67e (0xbfe5)
core   0: 0x8000b676 (0x00002f17) auipc   t5, 0x2
core   0: 3 0x8000b676 (0x00002f17) x30 0x8000d676
core   0: 0x8000b67a (0x983f2523) sw      gp, -1654(t5)
core   0: 3 0x8000b67a (0x983f2523) mem 0x8000d000 0x00000001
core   0: 0x8000b67e (0x0000bfe5) c.j     pc - 8
core   0: 3 0x8000b67e (0xbfe5)
core   0: 0x8000b676 (0x00002f17) auipc   t5, 0x2
core   0: 3 0x8000b676 (0x00002f17) x30 0x8000d676
core   0: 0x8000b67a (0x983f2523) sw      gp, -1654(t5)
core   0: 3 0x8000b67a (0x983f2523) mem 0x8000d000 0x00000001
core   0: 0x8000b67e (0x0000bfe5) c.j     pc - 8
core   0: 3 0x8000b67e (0xbfe5)
core   0: 0x8000b676 (0x00002f17) auipc   t5, 0x2
core   0: 3 0x8000b676 (0x00002f17) x30 0x8000d676
core   0: 0x8000b67a (0x983f2523) sw      gp, -1654(t5)
core   0: 3 0x8000b67a (0x983f2523) mem 0x8000d000 0x00000001
core   0: 0x8000b67e (0x0000bfe5) c.j     pc - 8
core   0: 3 0x8000b67e (0xbfe5)
core   0: 0x8000b676 (0x00002f17) auipc   t5, 0x2
core   0: 3 0x8000b676 (0x00002f17) x30 0x8000d676
core   0: 0x8000b67a (0x983f2523) sw      gp, -1654(t5)
core   0: 3 0x8000b67a (0x983f2523) mem 0x8000d000 0x00000001
core   0: 0x8000b67e (0x0000bfe5) c.j     pc - 8
core   0: 3 0x8000b67e (0xbfe5)
core   0: 0x8000b676 (0x00002f17) auipc   t5, 0x2
core   0: 3 0x8000b676 (0x00002f17) x30 0x8000d676
core   0: 0x8000b67a (0x983f2523) sw      gp, -1654(t5)
core   0: 3 0x8000b67a (0x983f2523) mem 0x8000d000 0x00000001
core   0: 0x8000b67e (0x0000bfe5) c.j     pc - 8
core   0: 3 0x8000b67e (0xbfe5)
core   0: 0x8000b676 (0x00002f17) auipc   t5, 0x2
core   0: 3 0x8000b676 (0x00002f17) x30 0x8000d676
core   0: 0x8000b67a (0x983f2523) sw      gp, -1654(t5)
core   0: 3 0x8000b67a (0x983f2523) mem 0x8000d000 0x00000001
core   0: 0x8000b67e (0x0000bfe5) c.j     pc - 8
core   0: 3 0x8000b67e (0xbfe5)
core   0: 0x8000b676 (0x00002f17) auipc   t5, 0x2
core   0: 3 0x8000b676 (0x00002f17) x30 0x8000d676
core   0: 0x8000b67a (0x983f2523) sw      gp, -1654(t5)
core   0: 3 0x8000b67a (0x983f2523) mem 0x8000d000 0x00000001
core   0: 0x8000b67e (0x0000bfe5) c.j     pc - 8
core   0: 3 0x8000b67e (0xbfe5)
core   0: 0x8000b676 (0x00002f17) auipc   t5, 0x2
core   0: 3 0x8000b676 (0x00002f17) x30 0x8000d676
core   0: 0x8000b67a (0x983f2523) sw      gp, -1654(t5)
core   0: 3 0x8000b67a (0x983f2523) mem 0x8000d000 0x00000001
core   0: 0x8000b67e (0x0000bfe5) c.j     pc - 8
core   0: 3 0x8000b67e (0xbfe5)
core   0: 0x8000b676 (0x00002f17) auipc   t5, 0x2
core   0: 3 0x8000b676 (0x00002f17) x30 0x8000d676
core   0: 0x8000b67a (0x983f2523) sw      gp, -1654(t5)
core   0: 3 0x8000b67a (0x983f2523) mem 0x8000d000 0x00000001
core   0: 0x8000b67e (0x0000bfe5) c.j     pc - 8
core   0: 3 0x8000b67e (0xbfe5)
core   0: 0x8000b676 (0x00002f17) auipc   t5, 0x2
core   0: 3 0x8000b676 (0x00002f17) x30 0x8000d676
core   0: 0x8000b67a (0x983f2523) sw      gp, -1654(t5)
core   0: 3 0x8000b67a (0x983f2523) mem 0x8000d000 0x00000001
core   0: 0x8000b67e (0x0000bfe5) c.j     pc - 8
core   0: 3 0x8000b67e (0xbfe5)
core   0: 0x8000b676 (0x00002f17) auipc   t5, 0x2
core   0: 3 0x8000b676 (0x00002f17) x30 0x8000d676
core   0: 0x8000b67a (0x983f2523) sw      gp, -1654(t5)
core   0: 3 0x8000b67a (0x983f2523) mem 0x8000d000 0x00000001
core   0: 0x8000b67e (0x0000bfe5) c.j     pc - 8
core   0: 3 0x8000b67e (0xbfe5)
core   0: 0x8000b676 (0x00002f17) auipc   t5, 0x2
core   0: 3 0x8000b676 (0x00002f17) x30 0x8000d676
core   0: 0x8000b67a (0x983f2523) sw      gp, -1654(t5)
core   0: 3 0x8000b67a (0x983f2523) mem 0x8000d000 0x00000001
core   0: 0x8000b67e (0x0000bfe5) c.j     pc - 8
core   0: 3 0x8000b67e (0xbfe5)
core   0: 0x8000b676 (0x00002f17) auipc   t5, 0x2
core   0: 3 0x8000b676 (0x00002f17) x30 0x8000d676
core   0: 0x8000b67a (0x983f2523) sw      gp, -1654(t5)
core   0: 3 0x8000b67a (0x983f2523) mem 0x8000d000 0x00000001
core   0: 0x8000b67e (0x0000bfe5) c.j     pc - 8
core   0: 3 0x8000b67e (0xbfe5)
core   0: 0x8000b676 (0x00002f17) auipc   t5, 0x2
core   0: 3 0x8000b676 (0x00002f17) x30 0x8000d676
core   0: 0x8000b67a (0x983f2523) sw      gp, -1654(t5)
core   0: 3 0x8000b67a (0x983f2523) mem 0x8000d000 0x00000001
core   0: 0x8000b67e (0x0000bfe5) c.j     pc - 8
core   0: 3 0x8000b67e (0xbfe5)
core   0: 0x8000b676 (0x00002f17) auipc   t5, 0x2
core   0: 3 0x8000b676 (0x00002f17) x30 0x8000d676
core   0: 0x8000b67a (0x983f2523) sw      gp, -1654(t5)
core   0: 3 0x8000b67a (0x983f2523) mem 0x8000d000 0x00000001
core   0: 0x8000b67e (0x0000bfe5) c.j     pc - 8
core   0: 3 0x8000b67e (0xbfe5)
core   0: 0x8000b676 (0x00002f17) auipc   t5, 0x2
core   0: 3 0x8000b676 (0x00002f17) x30 0x8000d676
core   0: 0x8000b67a (0x983f2523) sw      gp, -1654(t5)
core   0: 3 0x8000b67a (0x983f2523) mem 0x8000d000 0x00000001
core   0: 0x8000b67e (0x0000bfe5) c.j     pc - 8
core   0: 3 0x8000b67e (0xbfe5)
core   0: 0x8000b676 (0x00002f17) auipc   t5, 0x2
core   0: 3 0x8000b676 (0x00002f17) x30 0x8000d676
core   0: 0x8000b67a (0x983f2523) sw      gp, -1654(t5)
core   0: 3 0x8000b67a (0x983f2523) mem 0x8000d000 0x00000001
core   0: 0x8000b67e (0x0000bfe5) c.j     pc - 8
core   0: 3 0x8000b67e (0xbfe5)
core   0: 0x8000b676 (0x00002f17) auipc   t5, 0x2
core   0: 3 0x8000b676 (0x00002f17) x30 0x8000d676
core   0: 0x8000b67a (0x983f2523) sw      gp, -1654(t5)
core   0: 3 0x8000b67a (0x983f2523) mem 0x8000d000 0x00000001
core   0: 0x8000b67e (0x0000bfe5) c.j     pc - 8
core   0: 3 0x8000b67e (0xbfe5)
core   0: 0x8000b676 (0x00002f17) auipc   t5, 0x2
core   0: 3 0x8000b676 (0x00002f17) x30 0x8000d676
core   0: 0x8000b67a (0x983f2523) sw      gp, -1654(t5)
core   0: 3 0x8000b67a (0x983f2523) mem 0x8000d000 0x00000001
core   0: 0x8000b67e (0x0000bfe5) c.j     pc - 8
core   0: 3 0x8000b67e (0xbfe5)
core   0: 0x8000b676 (0x00002f17) auipc   t5, 0x2
core   0: 3 0x8000b676 (0x00002f17) x30 0x8000d676
core   0: 0x8000b67a (0x983f2523) sw      gp, -1654(t5)
core   0: 3 0x8000b67a (0x983f2523) mem 0x8000d000 0x00000001
core   0: 0x8000b67e (0x0000bfe5) c.j     pc - 8
core   0: 3 0x8000b67e (0xbfe5)
core   0: 0x8000b676 (0x00002f17) auipc   t5, 0x2
core   0: 3 0x8000b676 (0x00002f17) x30 0x8000d676
core   0: 0x8000b67a (0x983f2523) sw      gp, -1654(t5)
core   0: 3 0x8000b67a (0x983f2523) mem 0x8000d000 0x00000001
core   0: 0x8000b67e (0x0000bfe5) c.j     pc - 8
core   0: 3 0x8000b67e (0xbfe5)
core   0: 0x8000b676 (0x00002f17) auipc   t5, 0x2
core   0: 3 0x8000b676 (0x00002f17) x30 0x8000d676
core   0: 0x8000b67a (0x983f2523) sw      gp, -1654(t5)
core   0: 3 0x8000b67a (0x983f2523) mem 0x8000d000 0x00000001
core   0: 0x8000b67e (0x0000bfe5) c.j     pc - 8
core   0: 3 0x8000b67e (0xbfe5)
core   0: 0x8000b676 (0x00002f17) auipc   t5, 0x2
core   0: 3 0x8000b676 (0x00002f17) x30 0x8000d676
core   0: 0x8000b67a (0x983f2523) sw      gp, -1654(t5)
core   0: 3 0x8000b67a (0x983f2523) mem 0x8000d000 0x00000001
core   0: 0x8000b67e (0x0000bfe5) c.j     pc - 8
core   0: 3 0x8000b67e (0xbfe5)
core   0: 0x8000b676 (0x00002f17) auipc   t5, 0x2
core   0: 3 0x8000b676 (0x00002f17) x30 0x8000d676
core   0: 0x8000b67a (0x983f2523) sw      gp, -1654(t5)
core   0: 3 0x8000b67a (0x983f2523) mem 0x8000d000 0x00000001
core   0: 0x8000b67e (0x0000bfe5) c.j     pc - 8
core   0: 3 0x8000b67e (0xbfe5)
core   0: 0x8000b676 (0x00002f17) auipc   t5, 0x2
core   0: 3 0x8000b676 (0x00002f17) x30 0x8000d676
core   0: 0x8000b67a (0x983f2523) sw      gp, -1654(t5)
core   0: 3 0x8000b67a (0x983f2523) mem 0x8000d000 0x00000001
core   0: 0x8000b67e (0x0000bfe5) c.j     pc - 8
core   0: 3 0x8000b67e (0xbfe5)
core   0: 0x8000b676 (0x00002f17) auipc   t5, 0x2
core   0: 3 0x8000b676 (0x00002f17) x30 0x8000d676
core   0: 0x8000b67a (0x983f2523) sw      gp, -1654(t5)
core   0: 3 0x8000b67a (0x983f2523) mem 0x8000d000 0x00000001
core   0: 0x8000b67e (0x0000bfe5) c.j     pc - 8
core   0: 3 0x8000b67e (0xbfe5)
core   0: 0x8000b676 (0x00002f17) auipc   t5, 0x2
core   0: 3 0x8000b676 (0x00002f17) x30 0x8000d676
core   0: 0x8000b67a (0x983f2523) sw      gp, -1654(t5)
core   0: 3 0x8000b67a (0x983f2523) mem 0x8000d000 0x00000001
core   0: 0x8000b67e (0x0000bfe5) c.j     pc - 8
core   0: 3 0x8000b67e (0xbfe5)
core   0: 0x8000b676 (0x00002f17) auipc   t5, 0x2
core   0: 3 0x8000b676 (0x00002f17) x30 0x8000d676
core   0: 0x8000b67a (0x983f2523) sw      gp, -1654(t5)
core   0: 3 0x8000b67a (0x983f2523) mem 0x8000d000 0x00000001
core   0: 0x8000b67e (0x0000bfe5) c.j     pc - 8
core   0: 3 0x8000b67e (0xbfe5)
core   0: 0x8000b676 (0x00002f17) auipc   t5, 0x2
core   0: 3 0x8000b676 (0x00002f17) x30 0x8000d676
core   0: 0x8000b67a (0x983f2523) sw      gp, -1654(t5)
core   0: 3 0x8000b67a (0x983f2523) mem 0x8000d000 0x00000001
core   0: 0x8000b67e (0x0000bfe5) c.j     pc - 8
core   0: 3 0x8000b67e (0xbfe5)
core   0: 0x8000b676 (0x00002f17) auipc   t5, 0x2
core   0: 3 0x8000b676 (0x00002f17) x30 0x8000d676
core   0: 0x8000b67a (0x983f2523) sw      gp, -1654(t5)
core   0: 3 0x8000b67a (0x983f2523) mem 0x8000d000 0x00000001
core   0: 0x8000b67e (0x0000bfe5) c.j     pc - 8
core   0: 3 0x8000b67e (0xbfe5)
core   0: 0x8000b676 (0x00002f17) auipc   t5, 0x2
core   0: 3 0x8000b676 (0x00002f17) x30 0x8000d676
core   0: 0x8000b67a (0x983f2523) sw      gp, -1654(t5)
core   0: 3 0x8000b67a (0x983f2523) mem 0x8000d000 0x00000001
core   0: 0x8000b67e (0x0000bfe5) c.j     pc - 8
core   0: 3 0x8000b67e (0xbfe5)
core   0: 0x8000b676 (0x00002f17) auipc   t5, 0x2
core   0: 3 0x8000b676 (0x00002f17) x30 0x8000d676
core   0: 0x8000b67a (0x983f2523) sw      gp, -1654(t5)
core   0: 3 0x8000b67a (0x983f2523) mem 0x8000d000 0x00000001
core   0: 0x8000b67e (0x0000bfe5) c.j     pc - 8
core   0: 3 0x8000b67e (0xbfe5)
core   0: 0x8000b676 (0x00002f17) auipc   t5, 0x2
core   0: 3 0x8000b676 (0x00002f17) x30 0x8000d676
core   0: 0x8000b67a (0x983f2523) sw      gp, -1654(t5)
core   0: 3 0x8000b67a (0x983f2523) mem 0x8000d000 0x00000001
core   0: 0x8000b67e (0x0000bfe5) c.j     pc - 8
core   0: 3 0x8000b67e (0xbfe5)
core   0: 0x8000b676 (0x00002f17) auipc   t5, 0x2
core   0: 3 0x8000b676 (0x00002f17) x30 0x8000d676
core   0: 0x8000b67a (0x983f2523) sw      gp, -1654(t5)
core   0: 3 0x8000b67a (0x983f2523) mem 0x8000d000 0x00000001
core   0: 0x8000b67e (0x0000bfe5) c.j     pc - 8
core   0: 3 0x8000b67e (0xbfe5)
core   0: 0x8000b676 (0x00002f17) auipc   t5, 0x2
core   0: 3 0x8000b676 (0x00002f17) x30 0x8000d676
core   0: 0x8000b67a (0x983f2523) sw      gp, -1654(t5)
core   0: 3 0x8000b67a (0x983f2523) mem 0x8000d000 0x00000001
core   0: 0x8000b67e (0x0000bfe5) c.j     pc - 8
core   0: 3 0x8000b67e (0xbfe5)
core   0: 0x8000b676 (0x00002f17) auipc   t5, 0x2
core   0: 3 0x8000b676 (0x00002f17) x30 0x8000d676
core   0: 0x8000b67a (0x983f2523) sw      gp, -1654(t5)
core   0: 3 0x8000b67a (0x983f2523) mem 0x8000d000 0x00000001
core   0: 0x8000b67e (0x0000bfe5) c.j     pc - 8
core   0: 3 0x8000b67e (0xbfe5)
core   0: 0x8000b676 (0x00002f17) auipc   t5, 0x2
core   0: 3 0x8000b676 (0x00002f17) x30 0x8000d676
core   0: 0x8000b67a (0x983f2523) sw      gp, -1654(t5)
core   0: 3 0x8000b67a (0x983f2523) mem 0x8000d000 0x00000001
core   0: 0x8000b67e (0x0000bfe5) c.j     pc - 8
core   0: 3 0x8000b67e (0xbfe5)
core   0: 0x8000b676 (0x00002f17) auipc   t5, 0x2
core   0: 3 0x8000b676 (0x00002f17) x30 0x8000d676
core   0: 0x8000b67a (0x983f2523) sw      gp, -1654(t5)
core   0: 3 0x8000b67a (0x983f2523) mem 0x8000d000 0x00000001
core   0: 0x8000b67e (0x0000bfe5) c.j     pc - 8
core   0: 3 0x8000b67e (0xbfe5)
core   0: 0x8000b676 (0x00002f17) auipc   t5, 0x2
core   0: 3 0x8000b676 (0x00002f17) x30 0x8000d676
core   0: 0x8000b67a (0x983f2523) sw      gp, -1654(t5)
core   0: 3 0x8000b67a (0x983f2523) mem 0x8000d000 0x00000001
core   0: 0x8000b67e (0x0000bfe5) c.j     pc - 8
core   0: 3 0x8000b67e (0xbfe5)
core   0: 0x8000b676 (0x00002f17) auipc   t5, 0x2
core   0: 3 0x8000b676 (0x00002f17) x30 0x8000d676
core   0: 0x8000b67a (0x983f2523) sw      gp, -1654(t5)
core   0: 3 0x8000b67a (0x983f2523) mem 0x8000d000 0x00000001
core   0: 0x8000b67e (0x0000bfe5) c.j     pc - 8
core   0: 3 0x8000b67e (0xbfe5)
core   0: 0x8000b676 (0x00002f17) auipc   t5, 0x2
core   0: 3 0x8000b676 (0x00002f17) x30 0x8000d676
core   0: 0x8000b67a (0x983f2523) sw      gp, -1654(t5)
core   0: 3 0x8000b67a (0x983f2523) mem 0x8000d000 0x00000001
core   0: 0x8000b67e (0x0000bfe5) c.j     pc - 8
core   0: 3 0x8000b67e (0xbfe5)
core   0: 0x8000b676 (0x00002f17) auipc   t5, 0x2
core   0: 3 0x8000b676 (0x00002f17) x30 0x8000d676
core   0: 0x8000b67a (0x983f2523) sw      gp, -1654(t5)
core   0: 3 0x8000b67a (0x983f2523) mem 0x8000d000 0x00000001
core   0: 0x8000b67e (0x0000bfe5) c.j     pc - 8
core   0: 3 0x8000b67e (0xbfe5)
core   0: 0x8000b676 (0x00002f17) auipc   t5, 0x2
core   0: 3 0x8000b676 (0x00002f17) x30 0x8000d676
core   0: 0x8000b67a (0x983f2523) sw      gp, -1654(t5)
core   0: 3 0x8000b67a (0x983f2523) mem 0x8000d000 0x00000001
core   0: 0x8000b67e (0x0000bfe5) c.j     pc - 8
core   0: 3 0x8000b67e (0xbfe5)
core   0: 0x8000b676 (0x00002f17) auipc   t5, 0x2
core   0: 3 0x8000b676 (0x00002f17) x30 0x8000d676
core   0: 0x8000b67a (0x983f2523) sw      gp, -1654(t5)
core   0: 3 0x8000b67a (0x983f2523) mem 0x8000d000 0x00000001
core   0: 0x8000b67e (0x0000bfe5) c.j     pc - 8
core   0: 3 0x8000b67e (0xbfe5)
core   0: 0x8000b676 (0x00002f17) auipc   t5, 0x2
core   0: 3 0x8000b676 (0x00002f17) x30 0x8000d676
core   0: 0x8000b67a (0x983f2523) sw      gp, -1654(t5)
core   0: 3 0x8000b67a (0x983f2523) mem 0x8000d000 0x00000001
core   0: 0x8000b67e (0x0000bfe5) c.j     pc - 8
core   0: 3 0x8000b67e (0xbfe5)
core   0: 0x8000b676 (0x00002f17) auipc   t5, 0x2
core   0: 3 0x8000b676 (0x00002f17) x30 0x8000d676
core   0: 0x8000b67a (0x983f2523) sw      gp, -1654(t5)
core   0: 3 0x8000b67a (0x983f2523) mem 0x8000d000 0x00000001
core   0: 0x8000b67e (0x0000bfe5) c.j     pc - 8
core   0: 3 0x8000b67e (0xbfe5)
core   0: 0x8000b676 (0x00002f17) auipc   t5, 0x2
core   0: 3 0x8000b676 (0x00002f17) x30 0x8000d676
core   0: 0x8000b67a (0x983f2523) sw      gp, -1654(t5)
core   0: 3 0x8000b67a (0x983f2523) mem 0x8000d000 0x00000001
core   0: 0x8000b67e (0x0000bfe5) c.j     pc - 8
core   0: 3 0x8000b67e (0xbfe5)
core   0: 0x8000b676 (0x00002f17) auipc   t5, 0x2
core   0: 3 0x8000b676 (0x00002f17) x30 0x8000d676
core   0: 0x8000b67a (0x983f2523) sw      gp, -1654(t5)
core   0: 3 0x8000b67a (0x983f2523) mem 0x8000d000 0x00000001
core   0: 0x8000b67e (0x0000bfe5) c.j     pc - 8
core   0: 3 0x8000b67e (0xbfe5)
core   0: 0x8000b676 (0x00002f17) auipc   t5, 0x2
core   0: 3 0x8000b676 (0x00002f17) x30 0x8000d676
core   0: 0x8000b67a (0x983f2523) sw      gp, -1654(t5)
core   0: 3 0x8000b67a (0x983f2523) mem 0x8000d000 0x00000001
core   0: 0x8000b67e (0x0000bfe5) c.j     pc - 8
core   0: 3 0x8000b67e (0xbfe5)
core   0: 0x8000b676 (0x00002f17) auipc   t5, 0x2
core   0: 3 0x8000b676 (0x00002f17) x30 0x8000d676
core   0: 0x8000b67a (0x983f2523) sw      gp, -1654(t5)
core   0: 3 0x8000b67a (0x983f2523) mem 0x8000d000 0x00000001
core   0: 0x8000b67e (0x0000bfe5) c.j     pc - 8
core   0: 3 0x8000b67e (0xbfe5)
core   0: 0x8000b676 (0x00002f17) auipc   t5, 0x2
core   0: 3 0x8000b676 (0x00002f17) x30 0x8000d676
core   0: 0x8000b67a (0x983f2523) sw      gp, -1654(t5)
core   0: 3 0x8000b67a (0x983f2523) mem 0x8000d000 0x00000001
core   0: 0x8000b67e (0x0000bfe5) c.j     pc - 8
core   0: 3 0x8000b67e (0xbfe5)
core   0: 0x8000b676 (0x00002f17) auipc   t5, 0x2
core   0: 3 0x8000b676 (0x00002f17) x30 0x8000d676
core   0: 0x8000b67a (0x983f2523) sw      gp, -1654(t5)
core   0: 3 0x8000b67a (0x983f2523) mem 0x8000d000 0x00000001
core   0: 0x8000b67e (0x0000bfe5) c.j     pc - 8
core   0: 3 0x8000b67e (0xbfe5)
core   0: 0x8000b676 (0x00002f17) auipc   t5, 0x2
core   0: 3 0x8000b676 (0x00002f17) x30 0x8000d676
core   0: 0x8000b67a (0x983f2523) sw      gp, -1654(t5)
core   0: 3 0x8000b67a (0x983f2523) mem 0x8000d000 0x00000001
core   0: 0x8000b67e (0x0000bfe5) c.j     pc - 8
core   0: 3 0x8000b67e (0xbfe5)
core   0: 0x8000b676 (0x00002f17) auipc   t5, 0x2
core   0: 3 0x8000b676 (0x00002f17) x30 0x8000d676
core   0: 0x8000b67a (0x983f2523) sw      gp, -1654(t5)
core   0: 3 0x8000b67a (0x983f2523) mem 0x8000d000 0x00000001
core   0: 0x8000b67e (0x0000bfe5) c.j     pc - 8
core   0: 3 0x8000b67e (0xbfe5)
core   0: 0x8000b676 (0x00002f17) auipc   t5, 0x2
core   0: 3 0x8000b676 (0x00002f17) x30 0x8000d676
core   0: 0x8000b67a (0x983f2523) sw      gp, -1654(t5)
core   0: 3 0x8000b67a (0x983f2523) mem 0x8000d000 0x00000001
core   0: 0x8000b67e (0x0000bfe5) c.j     pc - 8
core   0: 3 0x8000b67e (0xbfe5)
core   0: 0x8000b676 (0x00002f17) auipc   t5, 0x2
core   0: 3 0x8000b676 (0x00002f17) x30 0x8000d676
core   0: 0x8000b67a (0x983f2523) sw      gp, -1654(t5)
core   0: 3 0x8000b67a (0x983f2523) mem 0x8000d000 0x00000001
core   0: 0x8000b67e (0x0000bfe5) c.j     pc - 8
core   0: 3 0x8000b67e (0xbfe5)
core   0: 0x8000b676 (0x00002f17) auipc   t5, 0x2
core   0: 3 0x8000b676 (0x00002f17) x30 0x8000d676
core   0: 0x8000b67a (0x983f2523) sw      gp, -1654(t5)
core   0: 3 0x8000b67a (0x983f2523) mem 0x8000d000 0x00000001
core   0: 0x8000b67e (0x0000bfe5) c.j     pc - 8
core   0: 3 0x8000b67e (0xbfe5)
core   0: 0x8000b676 (0x00002f17) auipc   t5, 0x2
core   0: 3 0x8000b676 (0x00002f17) x30 0x8000d676
core   0: 0x8000b67a (0x983f2523) sw      gp, -1654(t5)
core   0: 3 0x8000b67a (0x983f2523) mem 0x8000d000 0x00000001
core   0: 0x8000b67e (0x0000bfe5) c.j     pc - 8
core   0: 3 0x8000b67e (0xbfe5)
core   0: 0x8000b676 (0x00002f17) auipc   t5, 0x2
core   0: 3 0x8000b676 (0x00002f17) x30 0x8000d676
core   0: 0x8000b67a (0x983f2523) sw      gp, -1654(t5)
core   0: 3 0x8000b67a (0x983f2523) mem 0x8000d000 0x00000001
core   0: 0x8000b67e (0x0000bfe5) c.j     pc - 8
core   0: 3 0x8000b67e (0xbfe5)
core   0: 0x8000b676 (0x00002f17) auipc   t5, 0x2
core   0: 3 0x8000b676 (0x00002f17) x30 0x8000d676
core   0: 0x8000b67a (0x983f2523) sw      gp, -1654(t5)
core   0: 3 0x8000b67a (0x983f2523) mem 0x8000d000 0x00000001
core   0: 0x8000b67e (0x0000bfe5) c.j     pc - 8
core   0: 3 0x8000b67e (0xbfe5)
core   0: 0x8000b676 (0x00002f17) auipc   t5, 0x2
core   0: 3 0x8000b676 (0x00002f17) x30 0x8000d676
core   0: 0x8000b67a (0x983f2523) sw      gp, -1654(t5)
core   0: 3 0x8000b67a (0x983f2523) mem 0x8000d000 0x00000001
core   0: 0x8000b67e (0x0000bfe5) c.j     pc - 8
core   0: 3 0x8000b67e (0xbfe5)
core   0: 0x8000b676 (0x00002f17) auipc   t5, 0x2
core   0: 3 0x8000b676 (0x00002f17) x30 0x8000d676
core   0: 0x8000b67a (0x983f2523) sw      gp, -1654(t5)
core   0: 3 0x8000b67a (0x983f2523) mem 0x8000d000 0x00000001
core   0: 0x8000b67e (0x0000bfe5) c.j     pc - 8
core   0: 3 0x8000b67e (0xbfe5)
core   0: 0x8000b676 (0x00002f17) auipc   t5, 0x2
core   0: 3 0x8000b676 (0x00002f17) x30 0x8000d676
core   0: 0x8000b67a (0x983f2523) sw      gp, -1654(t5)
core   0: 3 0x8000b67a (0x983f2523) mem 0x8000d000 0x00000001
core   0: 0x8000b67e (0x0000bfe5) c.j     pc - 8
core   0: 3 0x8000b67e (0xbfe5)
core   0: 0x8000b676 (0x00002f17) auipc   t5, 0x2
core   0: 3 0x8000b676 (0x00002f17) x30 0x8000d676
core   0: 0x8000b67a (0x983f2523) sw      gp, -1654(t5)
core   0: 3 0x8000b67a (0x983f2523) mem 0x8000d000 0x00000001
core   0: 0x8000b67e (0x0000bfe5) c.j     pc - 8
core   0: 3 0x8000b67e (0xbfe5)
core   0: 0x8000b676 (0x00002f17) auipc   t5, 0x2
core   0: 3 0x8000b676 (0x00002f17) x30 0x8000d676
core   0: 0x8000b67a (0x983f2523) sw      gp, -1654(t5)
core   0: 3 0x8000b67a (0x983f2523) mem 0x8000d000 0x00000001
core   0: 0x8000b67e (0x0000bfe5) c.j     pc - 8
core   0: 3 0x8000b67e (0xbfe5)
core   0: 0x8000b676 (0x00002f17) auipc   t5, 0x2
core   0: 3 0x8000b676 (0x00002f17) x30 0x8000d676
core   0: 0x8000b67a (0x983f2523) sw      gp, -1654(t5)
core   0: 3 0x8000b67a (0x983f2523) mem 0x8000d000 0x00000001
core   0: 0x8000b67e (0x0000bfe5) c.j     pc - 8
core   0: 3 0x8000b67e (0xbfe5)
core   0: 0x8000b676 (0x00002f17) auipc   t5, 0x2
core   0: 3 0x8000b676 (0x00002f17) x30 0x8000d676
core   0: 0x8000b67a (0x983f2523) sw      gp, -1654(t5)
core   0: 3 0x8000b67a (0x983f2523) mem 0x8000d000 0x00000001
core   0: 0x8000b67e (0x0000bfe5) c.j     pc - 8
core   0: 3 0x8000b67e (0xbfe5)
core   0: 0x8000b676 (0x00002f17) auipc   t5, 0x2
core   0: 3 0x8000b676 (0x00002f17) x30 0x8000d676
core   0: 0x8000b67a (0x983f2523) sw      gp, -1654(t5)
core   0: 3 0x8000b67a (0x983f2523) mem 0x8000d000 0x00000001
core   0: 0x8000b67e (0x0000bfe5) c.j     pc - 8
core   0: 3 0x8000b67e (0xbfe5)
core   0: 0x8000b676 (0x00002f17) auipc   t5, 0x2
core   0: 3 0x8000b676 (0x00002f17) x30 0x8000d676
core   0: 0x8000b67a (0x983f2523) sw      gp, -1654(t5)
core   0: 3 0x8000b67a (0x983f2523) mem 0x8000d000 0x00000001
core   0: 0x8000b67e (0x0000bfe5) c.j     pc - 8
core   0: 3 0x8000b67e (0xbfe5)
core   0: 0x8000b676 (0x00002f17) auipc   t5, 0x2
core   0: 3 0x8000b676 (0x00002f17) x30 0x8000d676
core   0: 0x8000b67a (0x983f2523) sw      gp, -1654(t5)
core   0: 3 0x8000b67a (0x983f2523) mem 0x8000d000 0x00000001
core   0: 0x8000b67e (0x0000bfe5) c.j     pc - 8
core   0: 3 0x8000b67e (0xbfe5)
core   0: 0x8000b676 (0x00002f17) auipc   t5, 0x2
core   0: 3 0x8000b676 (0x00002f17) x30 0x8000d676
core   0: 0x8000b67a (0x983f2523) sw      gp, -1654(t5)
core   0: 3 0x8000b67a (0x983f2523) mem 0x8000d000 0x00000001
core   0: 0x8000b67e (0x0000bfe5) c.j     pc - 8
core   0: 3 0x8000b67e (0xbfe5)
core   0: 0x8000b676 (0x00002f17) auipc   t5, 0x2
core   0: 3 0x8000b676 (0x00002f17) x30 0x8000d676
core   0: 0x8000b67a (0x983f2523) sw      gp, -1654(t5)
core   0: 3 0x8000b67a (0x983f2523) mem 0x8000d000 0x00000001
core   0: 0x8000b67e (0x0000bfe5) c.j     pc - 8
core   0: 3 0x8000b67e (0xbfe5)
core   0: 0x8000b676 (0x00002f17) auipc   t5, 0x2
core   0: 3 0x8000b676 (0x00002f17) x30 0x8000d676
core   0: 0x8000b67a (0x983f2523) sw      gp, -1654(t5)
core   0: 3 0x8000b67a (0x983f2523) mem 0x8000d000 0x00000001
core   0: 0x8000b67e (0x0000bfe5) c.j     pc - 8
core   0: 3 0x8000b67e (0xbfe5)
core   0: 0x8000b676 (0x00002f17) auipc   t5, 0x2
core   0: 3 0x8000b676 (0x00002f17) x30 0x8000d676
core   0: 0x8000b67a (0x983f2523) sw      gp, -1654(t5)
core   0: 3 0x8000b67a (0x983f2523) mem 0x8000d000 0x00000001
core   0: 0x8000b67e (0x0000bfe5) c.j     pc - 8
core   0: 3 0x8000b67e (0xbfe5)
core   0: 0x8000b676 (0x00002f17) auipc   t5, 0x2
core   0: 3 0x8000b676 (0x00002f17) x30 0x8000d676
core   0: 0x8000b67a (0x983f2523) sw      gp, -1654(t5)
core   0: 3 0x8000b67a (0x983f2523) mem 0x8000d000 0x00000001
core   0: 0x8000b67e (0x0000bfe5) c.j     pc - 8
core   0: 3 0x8000b67e (0xbfe5)
core   0: 0x8000b676 (0x00002f17) auipc   t5, 0x2
core   0: 3 0x8000b676 (0x00002f17) x30 0x8000d676
core   0: 0x8000b67a (0x983f2523) sw      gp, -1654(t5)
core   0: 3 0x8000b67a (0x983f2523) mem 0x8000d000 0x00000001
core   0: 0x8000b67e (0x0000bfe5) c.j     pc - 8
core   0: 3 0x8000b67e (0xbfe5)
core   0: 0x8000b676 (0x00002f17) auipc   t5, 0x2
core   0: 3 0x8000b676 (0x00002f17) x30 0x8000d676
core   0: 0x8000b67a (0x983f2523) sw      gp, -1654(t5)
core   0: 3 0x8000b67a (0x983f2523) mem 0x8000d000 0x00000001
core   0: 0x8000b67e (0x0000bfe5) c.j     pc - 8
core   0: 3 0x8000b67e (0xbfe5)
core   0: 0x8000b676 (0x00002f17) auipc   t5, 0x2
core   0: 3 0x8000b676 (0x00002f17) x30 0x8000d676
core   0: 0x8000b67a (0x983f2523) sw      gp, -1654(t5)
core   0: 3 0x8000b67a (0x983f2523) mem 0x8000d000 0x00000001
core   0: 0x8000b67e (0x0000bfe5) c.j     pc - 8
core   0: 3 0x8000b67e (0xbfe5)
core   0: 0x8000b676 (0x00002f17) auipc   t5, 0x2
core   0: 3 0x8000b676 (0x00002f17) x30 0x8000d676
core   0: 0x8000b67a (0x983f2523) sw      gp, -1654(t5)
core   0: 3 0x8000b67a (0x983f2523) mem 0x8000d000 0x00000001
core   0: 0x8000b67e (0x0000bfe5) c.j     pc - 8
core   0: 3 0x8000b67e (0xbfe5)
core   0: 0x8000b676 (0x00002f17) auipc   t5, 0x2
core   0: 3 0x8000b676 (0x00002f17) x30 0x8000d676
core   0: 0x8000b67a (0x983f2523) sw      gp, -1654(t5)
core   0: 3 0x8000b67a (0x983f2523) mem 0x8000d000 0x00000001
core   0: 0x8000b67e (0x0000bfe5) c.j     pc - 8
core   0: 3 0x8000b67e (0xbfe5)
core   0: 0x8000b676 (0x00002f17) auipc   t5, 0x2
core   0: 3 0x8000b676 (0x00002f17) x30 0x8000d676
core   0: 0x8000b67a (0x983f2523) sw      gp, -1654(t5)
core   0: 3 0x8000b67a (0x983f2523) mem 0x8000d000 0x00000001
core   0: 0x8000b67e (0x0000bfe5) c.j     pc - 8
core   0: 3 0x8000b67e (0xbfe5)
core   0: 0x8000b676 (0x00002f17) auipc   t5, 0x2
core   0: 3 0x8000b676 (0x00002f17) x30 0x8000d676
core   0: 0x8000b67a (0x983f2523) sw      gp, -1654(t5)
core   0: 3 0x8000b67a (0x983f2523) mem 0x8000d000 0x00000001
core   0: 0x8000b67e (0x0000bfe5) c.j     pc - 8
core   0: 3 0x8000b67e (0xbfe5)
core   0: 0x8000b676 (0x00002f17) auipc   t5, 0x2
core   0: 3 0x8000b676 (0x00002f17) x30 0x8000d676
core   0: 0x8000b67a (0x983f2523) sw      gp, -1654(t5)
core   0: 3 0x8000b67a (0x983f2523) mem 0x8000d000 0x00000001
core   0: 0x8000b67e (0x0000bfe5) c.j     pc - 8
core   0: 3 0x8000b67e (0xbfe5)
core   0: 0x8000b676 (0x00002f17) auipc   t5, 0x2
core   0: 3 0x8000b676 (0x00002f17) x30 0x8000d676
core   0: 0x8000b67a (0x983f2523) sw      gp, -1654(t5)
core   0: 3 0x8000b67a (0x983f2523) mem 0x8000d000 0x00000001
core   0: 0x8000b67e (0x0000bfe5) c.j     pc - 8
core   0: 3 0x8000b67e (0xbfe5)
core   0: 0x8000b676 (0x00002f17) auipc   t5, 0x2
core   0: 3 0x8000b676 (0x00002f17) x30 0x8000d676
core   0: 0x8000b67a (0x983f2523) sw      gp, -1654(t5)
core   0: 3 0x8000b67a (0x983f2523) mem 0x8000d000 0x00000001
core   0: 0x8000b67e (0x0000bfe5) c.j     pc - 8
core   0: 3 0x8000b67e (0xbfe5)
core   0: 0x8000b676 (0x00002f17) auipc   t5, 0x2
core   0: 3 0x8000b676 (0x00002f17) x30 0x8000d676
core   0: 0x8000b67a (0x983f2523) sw      gp, -1654(t5)
core   0: 3 0x8000b67a (0x983f2523) mem 0x8000d000 0x00000001
core   0: 0x8000b67e (0x0000bfe5) c.j     pc - 8
core   0: 3 0x8000b67e (0xbfe5)
core   0: 0x8000b676 (0x00002f17) auipc   t5, 0x2
core   0: 3 0x8000b676 (0x00002f17) x30 0x8000d676
core   0: 0x8000b67a (0x983f2523) sw      gp, -1654(t5)
core   0: 3 0x8000b67a (0x983f2523) mem 0x8000d000 0x00000001
core   0: 0x8000b67e (0x0000bfe5) c.j     pc - 8
core   0: 3 0x8000b67e (0xbfe5)
core   0: 0x8000b676 (0x00002f17) auipc   t5, 0x2
core   0: 3 0x8000b676 (0x00002f17) x30 0x8000d676
core   0: 0x8000b67a (0x983f2523) sw      gp, -1654(t5)
core   0: 3 0x8000b67a (0x983f2523) mem 0x8000d000 0x00000001
core   0: 0x8000b67e (0x0000bfe5) c.j     pc - 8
core   0: 3 0x8000b67e (0xbfe5)
core   0: 0x8000b676 (0x00002f17) auipc   t5, 0x2
core   0: 3 0x8000b676 (0x00002f17) x30 0x8000d676
core   0: 0x8000b67a (0x983f2523) sw      gp, -1654(t5)
core   0: 3 0x8000b67a (0x983f2523) mem 0x8000d000 0x00000001
core   0: 0x8000b67e (0x0000bfe5) c.j     pc - 8
core   0: 3 0x8000b67e (0xbfe5)
core   0: 0x8000b676 (0x00002f17) auipc   t5, 0x2
core   0: 3 0x8000b676 (0x00002f17) x30 0x8000d676
core   0: 0x8000b67a (0x983f2523) sw      gp, -1654(t5)
core   0: 3 0x8000b67a (0x983f2523) mem 0x8000d000 0x00000001
core   0: 0x8000b67e (0x0000bfe5) c.j     pc - 8
core   0: 3 0x8000b67e (0xbfe5)
core   0: 0x8000b676 (0x00002f17) auipc   t5, 0x2
core   0: 3 0x8000b676 (0x00002f17) x30 0x8000d676
core   0: 0x8000b67a (0x983f2523) sw      gp, -1654(t5)
core   0: 3 0x8000b67a (0x983f2523) mem 0x8000d000 0x00000001
core   0: 0x8000b67e (0x0000bfe5) c.j     pc - 8
core   0: 3 0x8000b67e (0xbfe5)
core   0: 0x8000b676 (0x00002f17) auipc   t5, 0x2
core   0: 3 0x8000b676 (0x00002f17) x30 0x8000d676
core   0: 0x8000b67a (0x983f2523) sw      gp, -1654(t5)
core   0: 3 0x8000b67a (0x983f2523) mem 0x8000d000 0x00000001
core   0: 0x8000b67e (0x0000bfe5) c.j     pc - 8
core   0: 3 0x8000b67e (0xbfe5)
core   0: 0x8000b676 (0x00002f17) auipc   t5, 0x2
core   0: 3 0x8000b676 (0x00002f17) x30 0x8000d676
core   0: 0x8000b67a (0x983f2523) sw      gp, -1654(t5)
core   0: 3 0x8000b67a (0x983f2523) mem 0x8000d000 0x00000001
core   0: 0x8000b67e (0x0000bfe5) c.j     pc - 8
core   0: 3 0x8000b67e (0xbfe5)
core   0: 0x8000b676 (0x00002f17) auipc   t5, 0x2
core   0: 3 0x8000b676 (0x00002f17) x30 0x8000d676
core   0: 0x8000b67a (0x983f2523) sw      gp, -1654(t5)
core   0: 3 0x8000b67a (0x983f2523) mem 0x8000d000 0x00000001
core   0: 0x8000b67e (0x0000bfe5) c.j     pc - 8
core   0: 3 0x8000b67e (0xbfe5)
core   0: 0x8000b676 (0x00002f17) auipc   t5, 0x2
core   0: 3 0x8000b676 (0x00002f17) x30 0x8000d676
core   0: 0x8000b67a (0x983f2523) sw      gp, -1654(t5)
core   0: 3 0x8000b67a (0x983f2523) mem 0x8000d000 0x00000001
core   0: 0x8000b67e (0x0000bfe5) c.j     pc - 8
core   0: 3 0x8000b67e (0xbfe5)
core   0: 0x8000b676 (0x00002f17) auipc   t5, 0x2
core   0: 3 0x8000b676 (0x00002f17) x30 0x8000d676
core   0: 0x8000b67a (0x983f2523) sw      gp, -1654(t5)
core   0: 3 0x8000b67a (0x983f2523) mem 0x8000d000 0x00000001
core   0: 0x8000b67e (0x0000bfe5) c.j     pc - 8
core   0: 3 0x8000b67e (0xbfe5)
core   0: 0x8000b676 (0x00002f17) auipc   t5, 0x2
core   0: 3 0x8000b676 (0x00002f17) x30 0x8000d676
core   0: 0x8000b67a (0x983f2523) sw      gp, -1654(t5)
core   0: 3 0x8000b67a (0x983f2523) mem 0x8000d000 0x00000001
core   0: 0x8000b67e (0x0000bfe5) c.j     pc - 8
core   0: 3 0x8000b67e (0xbfe5)
core   0: 0x8000b676 (0x00002f17) auipc   t5, 0x2
core   0: 3 0x8000b676 (0x00002f17) x30 0x8000d676
core   0: 0x8000b67a (0x983f2523) sw      gp, -1654(t5)
core   0: 3 0x8000b67a (0x983f2523) mem 0x8000d000 0x00000001
core   0: 0x8000b67e (0x0000bfe5) c.j     pc - 8
core   0: 3 0x8000b67e (0xbfe5)
core   0: 0x8000b676 (0x00002f17) auipc   t5, 0x2
core   0: 3 0x8000b676 (0x00002f17) x30 0x8000d676
core   0: 0x8000b67a (0x983f2523) sw      gp, -1654(t5)
core   0: 3 0x8000b67a (0x983f2523) mem 0x8000d000 0x00000001
core   0: 0x8000b67e (0x0000bfe5) c.j     pc - 8
core   0: 3 0x8000b67e (0xbfe5)
core   0: 0x8000b676 (0x00002f17) auipc   t5, 0x2
core   0: 3 0x8000b676 (0x00002f17) x30 0x8000d676
core   0: 0x8000b67a (0x983f2523) sw      gp, -1654(t5)
core   0: 3 0x8000b67a (0x983f2523) mem 0x8000d000 0x00000001
core   0: 0x8000b67e (0x0000bfe5) c.j     pc - 8
core   0: 3 0x8000b67e (0xbfe5)
core   0: 0x8000b676 (0x00002f17) auipc   t5, 0x2
core   0: 3 0x8000b676 (0x00002f17) x30 0x8000d676
core   0: 0x8000b67a (0x983f2523) sw      gp, -1654(t5)
core   0: 3 0x8000b67a (0x983f2523) mem 0x8000d000 0x00000001
core   0: 0x8000b67e (0x0000bfe5) c.j     pc - 8
core   0: 3 0x8000b67e (0xbfe5)
core   0: 0x8000b676 (0x00002f17) auipc   t5, 0x2
core   0: 3 0x8000b676 (0x00002f17) x30 0x8000d676
core   0: 0x8000b67a (0x983f2523) sw      gp, -1654(t5)
core   0: 3 0x8000b67a (0x983f2523) mem 0x8000d000 0x00000001
core   0: 0x8000b67e (0x0000bfe5) c.j     pc - 8
core   0: 3 0x8000b67e (0xbfe5)
core   0: 0x8000b676 (0x00002f17) auipc   t5, 0x2
core   0: 3 0x8000b676 (0x00002f17) x30 0x8000d676
core   0: 0x8000b67a (0x983f2523) sw      gp, -1654(t5)
core   0: 3 0x8000b67a (0x983f2523) mem 0x8000d000 0x00000001
core   0: 0x8000b67e (0x0000bfe5) c.j     pc - 8
core   0: 3 0x8000b67e (0xbfe5)
core   0: 0x8000b676 (0x00002f17) auipc   t5, 0x2
core   0: 3 0x8000b676 (0x00002f17) x30 0x8000d676
core   0: 0x8000b67a (0x983f2523) sw      gp, -1654(t5)
core   0: 3 0x8000b67a (0x983f2523) mem 0x8000d000 0x00000001
core   0: 0x8000b67e (0x0000bfe5) c.j     pc - 8
core   0: 3 0x8000b67e (0xbfe5)
core   0: 0x8000b676 (0x00002f17) auipc   t5, 0x2
core   0: 3 0x8000b676 (0x00002f17) x30 0x8000d676
core   0: 0x8000b67a (0x983f2523) sw      gp, -1654(t5)
core   0: 3 0x8000b67a (0x983f2523) mem 0x8000d000 0x00000001
core   0: 0x8000b67e (0x0000bfe5) c.j     pc - 8
core   0: 3 0x8000b67e (0xbfe5)
core   0: 0x8000b676 (0x00002f17) auipc   t5, 0x2
core   0: 3 0x8000b676 (0x00002f17) x30 0x8000d676
core   0: 0x8000b67a (0x983f2523) sw      gp, -1654(t5)
core   0: 3 0x8000b67a (0x983f2523) mem 0x8000d000 0x00000001
core   0: 0x8000b67e (0x0000bfe5) c.j     pc - 8
core   0: 3 0x8000b67e (0xbfe5)
core   0: 0x8000b676 (0x00002f17) auipc   t5, 0x2
core   0: 3 0x8000b676 (0x00002f17) x30 0x8000d676
core   0: 0x8000b67a (0x983f2523) sw      gp, -1654(t5)
core   0: 3 0x8000b67a (0x983f2523) mem 0x8000d000 0x00000001
core   0: 0x8000b67e (0x0000bfe5) c.j     pc - 8
core   0: 3 0x8000b67e (0xbfe5)
core   0: 0x8000b676 (0x00002f17) auipc   t5, 0x2
core   0: 3 0x8000b676 (0x00002f17) x30 0x8000d676
core   0: 0x8000b67a (0x983f2523) sw      gp, -1654(t5)
core   0: 3 0x8000b67a (0x983f2523) mem 0x8000d000 0x00000001
core   0: 0x8000b67e (0x0000bfe5) c.j     pc - 8
core   0: 3 0x8000b67e (0xbfe5)
core   0: 0x8000b676 (0x00002f17) auipc   t5, 0x2
core   0: 3 0x8000b676 (0x00002f17) x30 0x8000d676
core   0: 0x8000b67a (0x983f2523) sw      gp, -1654(t5)
core   0: 3 0x8000b67a (0x983f2523) mem 0x8000d000 0x00000001
core   0: 0x8000b67e (0x0000bfe5) c.j     pc - 8
core   0: 3 0x8000b67e (0xbfe5)
core   0: 0x8000b676 (0x00002f17) auipc   t5, 0x2
core   0: 3 0x8000b676 (0x00002f17) x30 0x8000d676
core   0: 0x8000b67a (0x983f2523) sw      gp, -1654(t5)
core   0: 3 0x8000b67a (0x983f2523) mem 0x8000d000 0x00000001
core   0: 0x8000b67e (0x0000bfe5) c.j     pc - 8
core   0: 3 0x8000b67e (0xbfe5)
core   0: 0x8000b676 (0x00002f17) auipc   t5, 0x2
core   0: 3 0x8000b676 (0x00002f17) x30 0x8000d676
core   0: 0x8000b67a (0x983f2523) sw      gp, -1654(t5)
core   0: 3 0x8000b67a (0x983f2523) mem 0x8000d000 0x00000001
core   0: 0x8000b67e (0x0000bfe5) c.j     pc - 8
core   0: 3 0x8000b67e (0xbfe5)
core   0: 0x8000b676 (0x00002f17) auipc   t5, 0x2
core   0: 3 0x8000b676 (0x00002f17) x30 0x8000d676
core   0: 0x8000b67a (0x983f2523) sw      gp, -1654(t5)
core   0: 3 0x8000b67a (0x983f2523) mem 0x8000d000 0x00000001
core   0: 0x8000b67e (0x0000bfe5) c.j     pc - 8
core   0: 3 0x8000b67e (0xbfe5)
core   0: 0x8000b676 (0x00002f17) auipc   t5, 0x2
core   0: 3 0x8000b676 (0x00002f17) x30 0x8000d676
core   0: 0x8000b67a (0x983f2523) sw      gp, -1654(t5)
core   0: 3 0x8000b67a (0x983f2523) mem 0x8000d000 0x00000001
core   0: 0x8000b67e (0x0000bfe5) c.j     pc - 8
core   0: 3 0x8000b67e (0xbfe5)
core   0: 0x8000b676 (0x00002f17) auipc   t5, 0x2
core   0: 3 0x8000b676 (0x00002f17) x30 0x8000d676
core   0: 0x8000b67a (0x983f2523) sw      gp, -1654(t5)
core   0: 3 0x8000b67a (0x983f2523) mem 0x8000d000 0x00000001
core   0: 0x8000b67e (0x0000bfe5) c.j     pc - 8
core   0: 3 0x8000b67e (0xbfe5)
core   0: 0x8000b676 (0x00002f17) auipc   t5, 0x2
core   0: 3 0x8000b676 (0x00002f17) x30 0x8000d676
core   0: 0x8000b67a (0x983f2523) sw      gp, -1654(t5)
core   0: 3 0x8000b67a (0x983f2523) mem 0x8000d000 0x00000001
core   0: 0x8000b67e (0x0000bfe5) c.j     pc - 8
core   0: 3 0x8000b67e (0xbfe5)
core   0: 0x8000b676 (0x00002f17) auipc   t5, 0x2
core   0: 3 0x8000b676 (0x00002f17) x30 0x8000d676
core   0: 0x8000b67a (0x983f2523) sw      gp, -1654(t5)
core   0: 3 0x8000b67a (0x983f2523) mem 0x8000d000 0x00000001
core   0: 0x8000b67e (0x0000bfe5) c.j     pc - 8
core   0: 3 0x8000b67e (0xbfe5)
core   0: 0x8000b676 (0x00002f17) auipc   t5, 0x2
core   0: 3 0x8000b676 (0x00002f17) x30 0x8000d676
core   0: 0x8000b67a (0x983f2523) sw      gp, -1654(t5)
core   0: 3 0x8000b67a (0x983f2523) mem 0x8000d000 0x00000001
core   0: 0x8000b67e (0x0000bfe5) c.j     pc - 8
core   0: 3 0x8000b67e (0xbfe5)
core   0: 0x8000b676 (0x00002f17) auipc   t5, 0x2
core   0: 3 0x8000b676 (0x00002f17) x30 0x8000d676
core   0: 0x8000b67a (0x983f2523) sw      gp, -1654(t5)
core   0: 3 0x8000b67a (0x983f2523) mem 0x8000d000 0x00000001
core   0: 0x8000b67e (0x0000bfe5) c.j     pc - 8
core   0: 3 0x8000b67e (0xbfe5)
core   0: 0x8000b676 (0x00002f17) auipc   t5, 0x2
core   0: 3 0x8000b676 (0x00002f17) x30 0x8000d676
core   0: 0x8000b67a (0x983f2523) sw      gp, -1654(t5)
core   0: 3 0x8000b67a (0x983f2523) mem 0x8000d000 0x00000001
core   0: 0x8000b67e (0x0000bfe5) c.j     pc - 8
core   0: 3 0x8000b67e (0xbfe5)
core   0: 0x8000b676 (0x00002f17) auipc   t5, 0x2
core   0: 3 0x8000b676 (0x00002f17) x30 0x8000d676
core   0: 0x8000b67a (0x983f2523) sw      gp, -1654(t5)
core   0: 3 0x8000b67a (0x983f2523) mem 0x8000d000 0x00000001
core   0: 0x8000b67e (0x0000bfe5) c.j     pc - 8
core   0: 3 0x8000b67e (0xbfe5)
core   0: 0x8000b676 (0x00002f17) auipc   t5, 0x2
core   0: 3 0x8000b676 (0x00002f17) x30 0x8000d676
core   0: 0x8000b67a (0x983f2523) sw      gp, -1654(t5)
core   0: 3 0x8000b67a (0x983f2523) mem 0x8000d000 0x00000001
core   0: 0x8000b67e (0x0000bfe5) c.j     pc - 8
core   0: 3 0x8000b67e (0xbfe5)
core   0: 0x8000b676 (0x00002f17) auipc   t5, 0x2
core   0: 3 0x8000b676 (0x00002f17) x30 0x8000d676
core   0: 0x8000b67a (0x983f2523) sw      gp, -1654(t5)
core   0: 3 0x8000b67a (0x983f2523) mem 0x8000d000 0x00000001
core   0: 0x8000b67e (0x0000bfe5) c.j     pc - 8
core   0: 3 0x8000b67e (0xbfe5)
core   0: 0x8000b676 (0x00002f17) auipc   t5, 0x2
core   0: 3 0x8000b676 (0x00002f17) x30 0x8000d676
core   0: 0x8000b67a (0x983f2523) sw      gp, -1654(t5)
core   0: 3 0x8000b67a (0x983f2523) mem 0x8000d000 0x00000001
core   0: 0x8000b67e (0x0000bfe5) c.j     pc - 8
core   0: 3 0x8000b67e (0xbfe5)
core   0: 0x8000b676 (0x00002f17) auipc   t5, 0x2
core   0: 3 0x8000b676 (0x00002f17) x30 0x8000d676
core   0: 0x8000b67a (0x983f2523) sw      gp, -1654(t5)
core   0: 3 0x8000b67a (0x983f2523) mem 0x8000d000 0x00000001
core   0: 0x8000b67e (0x0000bfe5) c.j     pc - 8
core   0: 3 0x8000b67e (0xbfe5)
core   0: 0x8000b676 (0x00002f17) auipc   t5, 0x2
core   0: 3 0x8000b676 (0x00002f17) x30 0x8000d676
core   0: 0x8000b67a (0x983f2523) sw      gp, -1654(t5)
core   0: 3 0x8000b67a (0x983f2523) mem 0x8000d000 0x00000001
core   0: 0x8000b67e (0x0000bfe5) c.j     pc - 8
core   0: 3 0x8000b67e (0xbfe5)
core   0: 0x8000b676 (0x00002f17) auipc   t5, 0x2
core   0: 3 0x8000b676 (0x00002f17) x30 0x8000d676
core   0: 0x8000b67a (0x983f2523) sw      gp, -1654(t5)
core   0: 3 0x8000b67a (0x983f2523) mem 0x8000d000 0x00000001
core   0: 0x8000b67e (0x0000bfe5) c.j     pc - 8
core   0: 3 0x8000b67e (0xbfe5)
core   0: 0x8000b676 (0x00002f17) auipc   t5, 0x2
core   0: 3 0x8000b676 (0x00002f17) x30 0x8000d676
core   0: 0x8000b67a (0x983f2523) sw      gp, -1654(t5)
core   0: 3 0x8000b67a (0x983f2523) mem 0x8000d000 0x00000001
core   0: 0x8000b67e (0x0000bfe5) c.j     pc - 8
core   0: 3 0x8000b67e (0xbfe5)
core   0: 0x8000b676 (0x00002f17) auipc   t5, 0x2
core   0: 3 0x8000b676 (0x00002f17) x30 0x8000d676
core   0: 0x8000b67a (0x983f2523) sw      gp, -1654(t5)
core   0: 3 0x8000b67a (0x983f2523) mem 0x8000d000 0x00000001
core   0: 0x8000b67e (0x0000bfe5) c.j     pc - 8
core   0: 3 0x8000b67e (0xbfe5)
core   0: 0x8000b676 (0x00002f17) auipc   t5, 0x2
core   0: 3 0x8000b676 (0x00002f17) x30 0x8000d676
core   0: 0x8000b67a (0x983f2523) sw      gp, -1654(t5)
core   0: 3 0x8000b67a (0x983f2523) mem 0x8000d000 0x00000001
core   0: 0x8000b67e (0x0000bfe5) c.j     pc - 8
core   0: 3 0x8000b67e (0xbfe5)
core   0: 0x8000b676 (0x00002f17) auipc   t5, 0x2
core   0: 3 0x8000b676 (0x00002f17) x30 0x8000d676
core   0: 0x8000b67a (0x983f2523) sw      gp, -1654(t5)
core   0: 3 0x8000b67a (0x983f2523) mem 0x8000d000 0x00000001
core   0: 0x8000b67e (0x0000bfe5) c.j     pc - 8
core   0: 3 0x8000b67e (0xbfe5)
core   0: 0x8000b676 (0x00002f17) auipc   t5, 0x2
core   0: 3 0x8000b676 (0x00002f17) x30 0x8000d676
core   0: 0x8000b67a (0x983f2523) sw      gp, -1654(t5)
core   0: 3 0x8000b67a (0x983f2523) mem 0x8000d000 0x00000001
core   0: 0x8000b67e (0x0000bfe5) c.j     pc - 8
core   0: 3 0x8000b67e (0xbfe5)
core   0: 0x8000b676 (0x00002f17) auipc   t5, 0x2
core   0: 3 0x8000b676 (0x00002f17) x30 0x8000d676
core   0: 0x8000b67a (0x983f2523) sw      gp, -1654(t5)
core   0: 3 0x8000b67a (0x983f2523) mem 0x8000d000 0x00000001
core   0: 0x8000b67e (0x0000bfe5) c.j     pc - 8
core   0: 3 0x8000b67e (0xbfe5)
core   0: 0x8000b676 (0x00002f17) auipc   t5, 0x2
core   0: 3 0x8000b676 (0x00002f17) x30 0x8000d676
core   0: 0x8000b67a (0x983f2523) sw      gp, -1654(t5)
core   0: 3 0x8000b67a (0x983f2523) mem 0x8000d000 0x00000001
core   0: 0x8000b67e (0x0000bfe5) c.j     pc - 8
core   0: 3 0x8000b67e (0xbfe5)
core   0: 0x8000b676 (0x00002f17) auipc   t5, 0x2
core   0: 3 0x8000b676 (0x00002f17) x30 0x8000d676
core   0: 0x8000b67a (0x983f2523) sw      gp, -1654(t5)
core   0: 3 0x8000b67a (0x983f2523) mem 0x8000d000 0x00000001
core   0: 0x8000b67e (0x0000bfe5) c.j     pc - 8
core   0: 3 0x8000b67e (0xbfe5)
core   0: 0x8000b676 (0x00002f17) auipc   t5, 0x2
core   0: 3 0x8000b676 (0x00002f17) x30 0x8000d676
core   0: 0x8000b67a (0x983f2523) sw      gp, -1654(t5)
core   0: 3 0x8000b67a (0x983f2523) mem 0x8000d000 0x00000001
core   0: 0x8000b67e (0x0000bfe5) c.j     pc - 8
core   0: 3 0x8000b67e (0xbfe5)
core   0: 0x8000b676 (0x00002f17) auipc   t5, 0x2
core   0: 3 0x8000b676 (0x00002f17) x30 0x8000d676
core   0: 0x8000b67a (0x983f2523) sw      gp, -1654(t5)
core   0: 3 0x8000b67a (0x983f2523) mem 0x8000d000 0x00000001
core   0: 0x8000b67e (0x0000bfe5) c.j     pc - 8
core   0: 3 0x8000b67e (0xbfe5)
core   0: 0x8000b676 (0x00002f17) auipc   t5, 0x2
core   0: 3 0x8000b676 (0x00002f17) x30 0x8000d676
core   0: 0x8000b67a (0x983f2523) sw      gp, -1654(t5)
core   0: 3 0x8000b67a (0x983f2523) mem 0x8000d000 0x00000001
core   0: 0x8000b67e (0x0000bfe5) c.j     pc - 8
core   0: 3 0x8000b67e (0xbfe5)
core   0: 0x8000b676 (0x00002f17) auipc   t5, 0x2
core   0: 3 0x8000b676 (0x00002f17) x30 0x8000d676
core   0: 0x8000b67a (0x983f2523) sw      gp, -1654(t5)
core   0: 3 0x8000b67a (0x983f2523) mem 0x8000d000 0x00000001
core   0: 0x8000b67e (0x0000bfe5) c.j     pc - 8
core   0: 3 0x8000b67e (0xbfe5)
core   0: 0x8000b676 (0x00002f17) auipc   t5, 0x2
core   0: 3 0x8000b676 (0x00002f17) x30 0x8000d676
core   0: 0x8000b67a (0x983f2523) sw      gp, -1654(t5)
core   0: 3 0x8000b67a (0x983f2523) mem 0x8000d000 0x00000001
core   0: 0x8000b67e (0x0000bfe5) c.j     pc - 8
core   0: 3 0x8000b67e (0xbfe5)
core   0: 0x8000b676 (0x00002f17) auipc   t5, 0x2
core   0: 3 0x8000b676 (0x00002f17) x30 0x8000d676
core   0: 0x8000b67a (0x983f2523) sw      gp, -1654(t5)
core   0: 3 0x8000b67a (0x983f2523) mem 0x8000d000 0x00000001
core   0: 0x8000b67e (0x0000bfe5) c.j     pc - 8
core   0: 3 0x8000b67e (0xbfe5)
core   0: 0x8000b676 (0x00002f17) auipc   t5, 0x2
core   0: 3 0x8000b676 (0x00002f17) x30 0x8000d676
core   0: 0x8000b67a (0x983f2523) sw      gp, -1654(t5)
core   0: 3 0x8000b67a (0x983f2523) mem 0x8000d000 0x00000001
core   0: 0x8000b67e (0x0000bfe5) c.j     pc - 8
core   0: 3 0x8000b67e (0xbfe5)
core   0: 0x8000b676 (0x00002f17) auipc   t5, 0x2
core   0: 3 0x8000b676 (0x00002f17) x30 0x8000d676
core   0: 0x8000b67a (0x983f2523) sw      gp, -1654(t5)
core   0: 3 0x8000b67a (0x983f2523) mem 0x8000d000 0x00000001
core   0: 0x8000b67e (0x0000bfe5) c.j     pc - 8
core   0: 3 0x8000b67e (0xbfe5)
core   0: 0x8000b676 (0x00002f17) auipc   t5, 0x2
core   0: 3 0x8000b676 (0x00002f17) x30 0x8000d676
core   0: 0x8000b67a (0x983f2523) sw      gp, -1654(t5)
core   0: 3 0x8000b67a (0x983f2523) mem 0x8000d000 0x00000001
core   0: 0x8000b67e (0x0000bfe5) c.j     pc - 8
core   0: 3 0x8000b67e (0xbfe5)
core   0: 0x8000b676 (0x00002f17) auipc   t5, 0x2
core   0: 3 0x8000b676 (0x00002f17) x30 0x8000d676
core   0: 0x8000b67a (0x983f2523) sw      gp, -1654(t5)
core   0: 3 0x8000b67a (0x983f2523) mem 0x8000d000 0x00000001
core   0: 0x8000b67e (0x0000bfe5) c.j     pc - 8
core   0: 3 0x8000b67e (0xbfe5)
core   0: 0x8000b676 (0x00002f17) auipc   t5, 0x2
core   0: 3 0x8000b676 (0x00002f17) x30 0x8000d676
core   0: 0x8000b67a (0x983f2523) sw      gp, -1654(t5)
core   0: 3 0x8000b67a (0x983f2523) mem 0x8000d000 0x00000001
core   0: 0x8000b67e (0x0000bfe5) c.j     pc - 8
core   0: 3 0x8000b67e (0xbfe5)
core   0: 0x8000b676 (0x00002f17) auipc   t5, 0x2
core   0: 3 0x8000b676 (0x00002f17) x30 0x8000d676
core   0: 0x8000b67a (0x983f2523) sw      gp, -1654(t5)
core   0: 3 0x8000b67a (0x983f2523) mem 0x8000d000 0x00000001
core   0: 0x8000b67e (0x0000bfe5) c.j     pc - 8
core   0: 3 0x8000b67e (0xbfe5)
core   0: 0x8000b676 (0x00002f17) auipc   t5, 0x2
core   0: 3 0x8000b676 (0x00002f17) x30 0x8000d676
core   0: 0x8000b67a (0x983f2523) sw      gp, -1654(t5)
core   0: 3 0x8000b67a (0x983f2523) mem 0x8000d000 0x00000001
core   0: 0x8000b67e (0x0000bfe5) c.j     pc - 8
core   0: 3 0x8000b67e (0xbfe5)
core   0: 0x8000b676 (0x00002f17) auipc   t5, 0x2
core   0: 3 0x8000b676 (0x00002f17) x30 0x8000d676
core   0: 0x8000b67a (0x983f2523) sw      gp, -1654(t5)
core   0: 3 0x8000b67a (0x983f2523) mem 0x8000d000 0x00000001
core   0: 0x8000b67e (0x0000bfe5) c.j     pc - 8
core   0: 3 0x8000b67e (0xbfe5)
core   0: 0x8000b676 (0x00002f17) auipc   t5, 0x2
core   0: 3 0x8000b676 (0x00002f17) x30 0x8000d676
core   0: 0x8000b67a (0x983f2523) sw      gp, -1654(t5)
core   0: 3 0x8000b67a (0x983f2523) mem 0x8000d000 0x00000001
core   0: 0x8000b67e (0x0000bfe5) c.j     pc - 8
core   0: 3 0x8000b67e (0xbfe5)
core   0: 0x8000b676 (0x00002f17) auipc   t5, 0x2
core   0: 3 0x8000b676 (0x00002f17) x30 0x8000d676
core   0: 0x8000b67a (0x983f2523) sw      gp, -1654(t5)
core   0: 3 0x8000b67a (0x983f2523) mem 0x8000d000 0x00000001
core   0: 0x8000b67e (0x0000bfe5) c.j     pc - 8
core   0: 3 0x8000b67e (0xbfe5)
core   0: 0x8000b676 (0x00002f17) auipc   t5, 0x2
core   0: 3 0x8000b676 (0x00002f17) x30 0x8000d676
core   0: 0x8000b67a (0x983f2523) sw      gp, -1654(t5)
core   0: 3 0x8000b67a (0x983f2523) mem 0x8000d000 0x00000001
core   0: 0x8000b67e (0x0000bfe5) c.j     pc - 8
core   0: 3 0x8000b67e (0xbfe5)
core   0: 0x8000b676 (0x00002f17) auipc   t5, 0x2
core   0: 3 0x8000b676 (0x00002f17) x30 0x8000d676
core   0: 0x8000b67a (0x983f2523) sw      gp, -1654(t5)
core   0: 3 0x8000b67a (0x983f2523) mem 0x8000d000 0x00000001
core   0: 0x8000b67e (0x0000bfe5) c.j     pc - 8
core   0: 3 0x8000b67e (0xbfe5)
core   0: 0x8000b676 (0x00002f17) auipc   t5, 0x2
core   0: 3 0x8000b676 (0x00002f17) x30 0x8000d676
core   0: 0x8000b67a (0x983f2523) sw      gp, -1654(t5)
core   0: 3 0x8000b67a (0x983f2523) mem 0x8000d000 0x00000001
core   0: 0x8000b67e (0x0000bfe5) c.j     pc - 8
core   0: 3 0x8000b67e (0xbfe5)
core   0: 0x8000b676 (0x00002f17) auipc   t5, 0x2
core   0: 3 0x8000b676 (0x00002f17) x30 0x8000d676
core   0: 0x8000b67a (0x983f2523) sw      gp, -1654(t5)
core   0: 3 0x8000b67a (0x983f2523) mem 0x8000d000 0x00000001
core   0: 0x8000b67e (0x0000bfe5) c.j     pc - 8
core   0: 3 0x8000b67e (0xbfe5)
core   0: 0x8000b676 (0x00002f17) auipc   t5, 0x2
core   0: 3 0x8000b676 (0x00002f17) x30 0x8000d676
core   0: 0x8000b67a (0x983f2523) sw      gp, -1654(t5)
core   0: 3 0x8000b67a (0x983f2523) mem 0x8000d000 0x00000001
core   0: 0x8000b67e (0x0000bfe5) c.j     pc - 8
core   0: 3 0x8000b67e (0xbfe5)
core   0: 0x8000b676 (0x00002f17) auipc   t5, 0x2
core   0: 3 0x8000b676 (0x00002f17) x30 0x8000d676
core   0: 0x8000b67a (0x983f2523) sw      gp, -1654(t5)
core   0: 3 0x8000b67a (0x983f2523) mem 0x8000d000 0x00000001
core   0: 0x8000b67e (0x0000bfe5) c.j     pc - 8
core   0: 3 0x8000b67e (0xbfe5)
core   0: 0x8000b676 (0x00002f17) auipc   t5, 0x2
core   0: 3 0x8000b676 (0x00002f17) x30 0x8000d676
core   0: 0x8000b67a (0x983f2523) sw      gp, -1654(t5)
core   0: 3 0x8000b67a (0x983f2523) mem 0x8000d000 0x00000001
core   0: 0x8000b67e (0x0000bfe5) c.j     pc - 8
core   0: 3 0x8000b67e (0xbfe5)
core   0: 0x8000b676 (0x00002f17) auipc   t5, 0x2
core   0: 3 0x8000b676 (0x00002f17) x30 0x8000d676
core   0: 0x8000b67a (0x983f2523) sw      gp, -1654(t5)
core   0: 3 0x8000b67a (0x983f2523) mem 0x8000d000 0x00000001
core   0: 0x8000b67e (0x0000bfe5) c.j     pc - 8
core   0: 3 0x8000b67e (0xbfe5)
core   0: 0x8000b676 (0x00002f17) auipc   t5, 0x2
core   0: 3 0x8000b676 (0x00002f17) x30 0x8000d676
core   0: 0x8000b67a (0x983f2523) sw      gp, -1654(t5)
core   0: 3 0x8000b67a (0x983f2523) mem 0x8000d000 0x00000001
core   0: 0x8000b67e (0x0000bfe5) c.j     pc - 8
core   0: 3 0x8000b67e (0xbfe5)
core   0: 0x8000b676 (0x00002f17) auipc   t5, 0x2
core   0: 3 0x8000b676 (0x00002f17) x30 0x8000d676
core   0: 0x8000b67a (0x983f2523) sw      gp, -1654(t5)
core   0: 3 0x8000b67a (0x983f2523) mem 0x8000d000 0x00000001
core   0: 0x8000b67e (0x0000bfe5) c.j     pc - 8
core   0: 3 0x8000b67e (0xbfe5)
core   0: 0x8000b676 (0x00002f17) auipc   t5, 0x2
core   0: 3 0x8000b676 (0x00002f17) x30 0x8000d676
core   0: 0x8000b67a (0x983f2523) sw      gp, -1654(t5)
core   0: 3 0x8000b67a (0x983f2523) mem 0x8000d000 0x00000001
core   0: 0x8000b67e (0x0000bfe5) c.j     pc - 8
core   0: 3 0x8000b67e (0xbfe5)
core   0: 0x8000b676 (0x00002f17) auipc   t5, 0x2
core   0: 3 0x8000b676 (0x00002f17) x30 0x8000d676
core   0: 0x8000b67a (0x983f2523) sw      gp, -1654(t5)
core   0: 3 0x8000b67a (0x983f2523) mem 0x8000d000 0x00000001
core   0: 0x8000b67e (0x0000bfe5) c.j     pc - 8
core   0: 3 0x8000b67e (0xbfe5)
core   0: 0x8000b676 (0x00002f17) auipc   t5, 0x2
core   0: 3 0x8000b676 (0x00002f17) x30 0x8000d676
core   0: 0x8000b67a (0x983f2523) sw      gp, -1654(t5)
core   0: 3 0x8000b67a (0x983f2523) mem 0x8000d000 0x00000001
core   0: 0x8000b67e (0x0000bfe5) c.j     pc - 8
core   0: 3 0x8000b67e (0xbfe5)
core   0: 0x8000b676 (0x00002f17) auipc   t5, 0x2
core   0: 3 0x8000b676 (0x00002f17) x30 0x8000d676
core   0: 0x8000b67a (0x983f2523) sw      gp, -1654(t5)
core   0: 3 0x8000b67a (0x983f2523) mem 0x8000d000 0x00000001
core   0: 0x8000b67e (0x0000bfe5) c.j     pc - 8
core   0: 3 0x8000b67e (0xbfe5)
core   0: 0x8000b676 (0x00002f17) auipc   t5, 0x2
core   0: 3 0x8000b676 (0x00002f17) x30 0x8000d676
core   0: 0x8000b67a (0x983f2523) sw      gp, -1654(t5)
core   0: 3 0x8000b67a (0x983f2523) mem 0x8000d000 0x00000001
core   0: 0x8000b67e (0x0000bfe5) c.j     pc - 8
core   0: 3 0x8000b67e (0xbfe5)
core   0: 0x8000b676 (0x00002f17) auipc   t5, 0x2
core   0: 3 0x8000b676 (0x00002f17) x30 0x8000d676
core   0: 0x8000b67a (0x983f2523) sw      gp, -1654(t5)
core   0: 3 0x8000b67a (0x983f2523) mem 0x8000d000 0x00000001
core   0: 0x8000b67e (0x0000bfe5) c.j     pc - 8
core   0: 3 0x8000b67e (0xbfe5)
core   0: 0x8000b676 (0x00002f17) auipc   t5, 0x2
core   0: 3 0x8000b676 (0x00002f17) x30 0x8000d676
core   0: 0x8000b67a (0x983f2523) sw      gp, -1654(t5)
core   0: 3 0x8000b67a (0x983f2523) mem 0x8000d000 0x00000001
core   0: 0x8000b67e (0x0000bfe5) c.j     pc - 8
core   0: 3 0x8000b67e (0xbfe5)
core   0: 0x8000b676 (0x00002f17) auipc   t5, 0x2
core   0: 3 0x8000b676 (0x00002f17) x30 0x8000d676
core   0: 0x8000b67a (0x983f2523) sw      gp, -1654(t5)
core   0: 3 0x8000b67a (0x983f2523) mem 0x8000d000 0x00000001
core   0: 0x8000b67e (0x0000bfe5) c.j     pc - 8
core   0: 3 0x8000b67e (0xbfe5)
core   0: 0x8000b676 (0x00002f17) auipc   t5, 0x2
core   0: 3 0x8000b676 (0x00002f17) x30 0x8000d676
core   0: 0x8000b67a (0x983f2523) sw      gp, -1654(t5)
core   0: 3 0x8000b67a (0x983f2523) mem 0x8000d000 0x00000001
core   0: 0x8000b67e (0x0000bfe5) c.j     pc - 8
core   0: 3 0x8000b67e (0xbfe5)
core   0: 0x8000b676 (0x00002f17) auipc   t5, 0x2
core   0: 3 0x8000b676 (0x00002f17) x30 0x8000d676
core   0: 0x8000b67a (0x983f2523) sw      gp, -1654(t5)
core   0: 3 0x8000b67a (0x983f2523) mem 0x8000d000 0x00000001
core   0: 0x8000b67e (0x0000bfe5) c.j     pc - 8
core   0: 3 0x8000b67e (0xbfe5)
core   0: 0x8000b676 (0x00002f17) auipc   t5, 0x2
core   0: 3 0x8000b676 (0x00002f17) x30 0x8000d676
core   0: 0x8000b67a (0x983f2523) sw      gp, -1654(t5)
core   0: 3 0x8000b67a (0x983f2523) mem 0x8000d000 0x00000001
core   0: 0x8000b67e (0x0000bfe5) c.j     pc - 8
core   0: 3 0x8000b67e (0xbfe5)
core   0: 0x8000b676 (0x00002f17) auipc   t5, 0x2
core   0: 3 0x8000b676 (0x00002f17) x30 0x8000d676
core   0: 0x8000b67a (0x983f2523) sw      gp, -1654(t5)
core   0: 3 0x8000b67a (0x983f2523) mem 0x8000d000 0x00000001
core   0: 0x8000b67e (0x0000bfe5) c.j     pc - 8
core   0: 3 0x8000b67e (0xbfe5)
core   0: 0x8000b676 (0x00002f17) auipc   t5, 0x2
core   0: 3 0x8000b676 (0x00002f17) x30 0x8000d676
core   0: 0x8000b67a (0x983f2523) sw      gp, -1654(t5)
core   0: 3 0x8000b67a (0x983f2523) mem 0x8000d000 0x00000001
core   0: 0x8000b67e (0x0000bfe5) c.j     pc - 8
core   0: 3 0x8000b67e (0xbfe5)
core   0: 0x8000b676 (0x00002f17) auipc   t5, 0x2
core   0: 3 0x8000b676 (0x00002f17) x30 0x8000d676
core   0: 0x8000b67a (0x983f2523) sw      gp, -1654(t5)
core   0: 3 0x8000b67a (0x983f2523) mem 0x8000d000 0x00000001
core   0: 0x8000b67e (0x0000bfe5) c.j     pc - 8
core   0: 3 0x8000b67e (0xbfe5)
core   0: 0x8000b676 (0x00002f17) auipc   t5, 0x2
core   0: 3 0x8000b676 (0x00002f17) x30 0x8000d676
core   0: 0x8000b67a (0x983f2523) sw      gp, -1654(t5)
core   0: 3 0x8000b67a (0x983f2523) mem 0x8000d000 0x00000001
core   0: 0x8000b67e (0x0000bfe5) c.j     pc - 8
core   0: 3 0x8000b67e (0xbfe5)
core   0: 0x8000b676 (0x00002f17) auipc   t5, 0x2
core   0: 3 0x8000b676 (0x00002f17) x30 0x8000d676
core   0: 0x8000b67a (0x983f2523) sw      gp, -1654(t5)
core   0: 3 0x8000b67a (0x983f2523) mem 0x8000d000 0x00000001
core   0: 0x8000b67e (0x0000bfe5) c.j     pc - 8
core   0: 3 0x8000b67e (0xbfe5)
core   0: 0x8000b676 (0x00002f17) auipc   t5, 0x2
core   0: 3 0x8000b676 (0x00002f17) x30 0x8000d676
core   0: 0x8000b67a (0x983f2523) sw      gp, -1654(t5)
core   0: 3 0x8000b67a (0x983f2523) mem 0x8000d000 0x00000001
core   0: 0x8000b67e (0x0000bfe5) c.j     pc - 8
core   0: 3 0x8000b67e (0xbfe5)
core   0: 0x8000b676 (0x00002f17) auipc   t5, 0x2
core   0: 3 0x8000b676 (0x00002f17) x30 0x8000d676
core   0: 0x8000b67a (0x983f2523) sw      gp, -1654(t5)
core   0: 3 0x8000b67a (0x983f2523) mem 0x8000d000 0x00000001
core   0: 0x8000b67e (0x0000bfe5) c.j     pc - 8
core   0: 3 0x8000b67e (0xbfe5)
core   0: 0x8000b676 (0x00002f17) auipc   t5, 0x2
core   0: 3 0x8000b676 (0x00002f17) x30 0x8000d676
core   0: 0x8000b67a (0x983f2523) sw      gp, -1654(t5)
core   0: 3 0x8000b67a (0x983f2523) mem 0x8000d000 0x00000001
core   0: 0x8000b67e (0x0000bfe5) c.j     pc - 8
core   0: 3 0x8000b67e (0xbfe5)
core   0: 0x8000b676 (0x00002f17) auipc   t5, 0x2
core   0: 3 0x8000b676 (0x00002f17) x30 0x8000d676
core   0: 0x8000b67a (0x983f2523) sw      gp, -1654(t5)
core   0: 3 0x8000b67a (0x983f2523) mem 0x8000d000 0x00000001
core   0: 0x8000b67e (0x0000bfe5) c.j     pc - 8
core   0: 3 0x8000b67e (0xbfe5)
core   0: 0x8000b676 (0x00002f17) auipc   t5, 0x2
core   0: 3 0x8000b676 (0x00002f17) x30 0x8000d676
core   0: 0x8000b67a (0x983f2523) sw      gp, -1654(t5)
core   0: 3 0x8000b67a (0x983f2523) mem 0x8000d000 0x00000001
core   0: 0x8000b67e (0x0000bfe5) c.j     pc - 8
core   0: 3 0x8000b67e (0xbfe5)
core   0: 0x8000b676 (0x00002f17) auipc   t5, 0x2
core   0: 3 0x8000b676 (0x00002f17) x30 0x8000d676
core   0: 0x8000b67a (0x983f2523) sw      gp, -1654(t5)
core   0: 3 0x8000b67a (0x983f2523) mem 0x8000d000 0x00000001
core   0: 0x8000b67e (0x0000bfe5) c.j     pc - 8
core   0: 3 0x8000b67e (0xbfe5)
core   0: 0x8000b676 (0x00002f17) auipc   t5, 0x2
core   0: 3 0x8000b676 (0x00002f17) x30 0x8000d676
core   0: 0x8000b67a (0x983f2523) sw      gp, -1654(t5)
core   0: 3 0x8000b67a (0x983f2523) mem 0x8000d000 0x00000001
core   0: 0x8000b67e (0x0000bfe5) c.j     pc - 8
core   0: 3 0x8000b67e (0xbfe5)
core   0: 0x8000b676 (0x00002f17) auipc   t5, 0x2
core   0: 3 0x8000b676 (0x00002f17) x30 0x8000d676
core   0: 0x8000b67a (0x983f2523) sw      gp, -1654(t5)
core   0: 3 0x8000b67a (0x983f2523) mem 0x8000d000 0x00000001
core   0: 0x8000b67e (0x0000bfe5) c.j     pc - 8
core   0: 3 0x8000b67e (0xbfe5)
core   0: 0x8000b676 (0x00002f17) auipc   t5, 0x2
core   0: 3 0x8000b676 (0x00002f17) x30 0x8000d676
core   0: 0x8000b67a (0x983f2523) sw      gp, -1654(t5)
core   0: 3 0x8000b67a (0x983f2523) mem 0x8000d000 0x00000001
core   0: 0x8000b67e (0x0000bfe5) c.j     pc - 8
core   0: 3 0x8000b67e (0xbfe5)
core   0: 0x8000b676 (0x00002f17) auipc   t5, 0x2
core   0: 3 0x8000b676 (0x00002f17) x30 0x8000d676
core   0: 0x8000b67a (0x983f2523) sw      gp, -1654(t5)
core   0: 3 0x8000b67a (0x983f2523) mem 0x8000d000 0x00000001
core   0: 0x8000b67e (0x0000bfe5) c.j     pc - 8
core   0: 3 0x8000b67e (0xbfe5)
core   0: 0x8000b676 (0x00002f17) auipc   t5, 0x2
core   0: 3 0x8000b676 (0x00002f17) x30 0x8000d676
core   0: 0x8000b67a (0x983f2523) sw      gp, -1654(t5)
core   0: 3 0x8000b67a (0x983f2523) mem 0x8000d000 0x00000001
core   0: 0x8000b67e (0x0000bfe5) c.j     pc - 8
core   0: 3 0x8000b67e (0xbfe5)
core   0: 0x8000b676 (0x00002f17) auipc   t5, 0x2
core   0: 3 0x8000b676 (0x00002f17) x30 0x8000d676
core   0: 0x8000b67a (0x983f2523) sw      gp, -1654(t5)
core   0: 3 0x8000b67a (0x983f2523) mem 0x8000d000 0x00000001
core   0: 0x8000b67e (0x0000bfe5) c.j     pc - 8
core   0: 3 0x8000b67e (0xbfe5)
core   0: 0x8000b676 (0x00002f17) auipc   t5, 0x2
core   0: 3 0x8000b676 (0x00002f17) x30 0x8000d676
core   0: 0x8000b67a (0x983f2523) sw      gp, -1654(t5)
core   0: 3 0x8000b67a (0x983f2523) mem 0x8000d000 0x00000001
core   0: 0x8000b67e (0x0000bfe5) c.j     pc - 8
core   0: 3 0x8000b67e (0xbfe5)
core   0: 0x8000b676 (0x00002f17) auipc   t5, 0x2
core   0: 3 0x8000b676 (0x00002f17) x30 0x8000d676
core   0: 0x8000b67a (0x983f2523) sw      gp, -1654(t5)
core   0: 3 0x8000b67a (0x983f2523) mem 0x8000d000 0x00000001
core   0: 0x8000b67e (0x0000bfe5) c.j     pc - 8
core   0: 3 0x8000b67e (0xbfe5)
core   0: 0x8000b676 (0x00002f17) auipc   t5, 0x2
core   0: 3 0x8000b676 (0x00002f17) x30 0x8000d676
core   0: 0x8000b67a (0x983f2523) sw      gp, -1654(t5)
core   0: 3 0x8000b67a (0x983f2523) mem 0x8000d000 0x00000001
core   0: 0x8000b67e (0x0000bfe5) c.j     pc - 8
core   0: 3 0x8000b67e (0xbfe5)
core   0: 0x8000b676 (0x00002f17) auipc   t5, 0x2
core   0: 3 0x8000b676 (0x00002f17) x30 0x8000d676
core   0: 0x8000b67a (0x983f2523) sw      gp, -1654(t5)
core   0: 3 0x8000b67a (0x983f2523) mem 0x8000d000 0x00000001
core   0: 0x8000b67e (0x0000bfe5) c.j     pc - 8
core   0: 3 0x8000b67e (0xbfe5)
core   0: 0x8000b676 (0x00002f17) auipc   t5, 0x2
core   0: 3 0x8000b676 (0x00002f17) x30 0x8000d676
core   0: 0x8000b67a (0x983f2523) sw      gp, -1654(t5)
core   0: 3 0x8000b67a (0x983f2523) mem 0x8000d000 0x00000001
core   0: 0x8000b67e (0x0000bfe5) c.j     pc - 8
core   0: 3 0x8000b67e (0xbfe5)
core   0: 0x8000b676 (0x00002f17) auipc   t5, 0x2
core   0: 3 0x8000b676 (0x00002f17) x30 0x8000d676
core   0: 0x8000b67a (0x983f2523) sw      gp, -1654(t5)
core   0: 3 0x8000b67a (0x983f2523) mem 0x8000d000 0x00000001
core   0: 0x8000b67e (0x0000bfe5) c.j     pc - 8
core   0: 3 0x8000b67e (0xbfe5)
core   0: 0x8000b676 (0x00002f17) auipc   t5, 0x2
core   0: 3 0x8000b676 (0x00002f17) x30 0x8000d676
core   0: 0x8000b67a (0x983f2523) sw      gp, -1654(t5)
core   0: 3 0x8000b67a (0x983f2523) mem 0x8000d000 0x00000001
core   0: 0x8000b67e (0x0000bfe5) c.j     pc - 8
core   0: 3 0x8000b67e (0xbfe5)
core   0: 0x8000b676 (0x00002f17) auipc   t5, 0x2
core   0: 3 0x8000b676 (0x00002f17) x30 0x8000d676
core   0: 0x8000b67a (0x983f2523) sw      gp, -1654(t5)
core   0: 3 0x8000b67a (0x983f2523) mem 0x8000d000 0x00000001
core   0: 0x8000b67e (0x0000bfe5) c.j     pc - 8
core   0: 3 0x8000b67e (0xbfe5)
core   0: 0x8000b676 (0x00002f17) auipc   t5, 0x2
core   0: 3 0x8000b676 (0x00002f17) x30 0x8000d676
core   0: 0x8000b67a (0x983f2523) sw      gp, -1654(t5)
core   0: 3 0x8000b67a (0x983f2523) mem 0x8000d000 0x00000001
core   0: 0x8000b67e (0x0000bfe5) c.j     pc - 8
core   0: 3 0x8000b67e (0xbfe5)
core   0: 0x8000b676 (0x00002f17) auipc   t5, 0x2
core   0: 3 0x8000b676 (0x00002f17) x30 0x8000d676
core   0: 0x8000b67a (0x983f2523) sw      gp, -1654(t5)
core   0: 3 0x8000b67a (0x983f2523) mem 0x8000d000 0x00000001
core   0: 0x8000b67e (0x0000bfe5) c.j     pc - 8
core   0: 3 0x8000b67e (0xbfe5)
core   0: 0x8000b676 (0x00002f17) auipc   t5, 0x2
core   0: 3 0x8000b676 (0x00002f17) x30 0x8000d676
core   0: 0x8000b67a (0x983f2523) sw      gp, -1654(t5)
core   0: 3 0x8000b67a (0x983f2523) mem 0x8000d000 0x00000001
core   0: 0x8000b67e (0x0000bfe5) c.j     pc - 8
core   0: 3 0x8000b67e (0xbfe5)
core   0: 0x8000b676 (0x00002f17) auipc   t5, 0x2
core   0: 3 0x8000b676 (0x00002f17) x30 0x8000d676
core   0: 0x8000b67a (0x983f2523) sw      gp, -1654(t5)
core   0: 3 0x8000b67a (0x983f2523) mem 0x8000d000 0x00000001
core   0: 0x8000b67e (0x0000bfe5) c.j     pc - 8
core   0: 3 0x8000b67e (0xbfe5)
core   0: 0x8000b676 (0x00002f17) auipc   t5, 0x2
core   0: 3 0x8000b676 (0x00002f17) x30 0x8000d676
core   0: 0x8000b67a (0x983f2523) sw      gp, -1654(t5)
core   0: 3 0x8000b67a (0x983f2523) mem 0x8000d000 0x00000001
core   0: 0x8000b67e (0x0000bfe5) c.j     pc - 8
core   0: 3 0x8000b67e (0xbfe5)
core   0: 0x8000b676 (0x00002f17) auipc   t5, 0x2
core   0: 3 0x8000b676 (0x00002f17) x30 0x8000d676
core   0: 0x8000b67a (0x983f2523) sw      gp, -1654(t5)
core   0: 3 0x8000b67a (0x983f2523) mem 0x8000d000 0x00000001
core   0: 0x8000b67e (0x0000bfe5) c.j     pc - 8
core   0: 3 0x8000b67e (0xbfe5)
core   0: 0x8000b676 (0x00002f17) auipc   t5, 0x2
core   0: 3 0x8000b676 (0x00002f17) x30 0x8000d676
core   0: 0x8000b67a (0x983f2523) sw      gp, -1654(t5)
core   0: 3 0x8000b67a (0x983f2523) mem 0x8000d000 0x00000001
core   0: 0x8000b67e (0x0000bfe5) c.j     pc - 8
core   0: 3 0x8000b67e (0xbfe5)
core   0: 0x8000b676 (0x00002f17) auipc   t5, 0x2
core   0: 3 0x8000b676 (0x00002f17) x30 0x8000d676
core   0: 0x8000b67a (0x983f2523) sw      gp, -1654(t5)
core   0: 3 0x8000b67a (0x983f2523) mem 0x8000d000 0x00000001
core   0: 0x8000b67e (0x0000bfe5) c.j     pc - 8
core   0: 3 0x8000b67e (0xbfe5)
core   0: 0x8000b676 (0x00002f17) auipc   t5, 0x2
core   0: 3 0x8000b676 (0x00002f17) x30 0x8000d676
core   0: 0x8000b67a (0x983f2523) sw      gp, -1654(t5)
core   0: 3 0x8000b67a (0x983f2523) mem 0x8000d000 0x00000001
core   0: 0x8000b67e (0x0000bfe5) c.j     pc - 8
core   0: 3 0x8000b67e (0xbfe5)
core   0: 0x8000b676 (0x00002f17) auipc   t5, 0x2
core   0: 3 0x8000b676 (0x00002f17) x30 0x8000d676
core   0: 0x8000b67a (0x983f2523) sw      gp, -1654(t5)
core   0: 3 0x8000b67a (0x983f2523) mem 0x8000d000 0x00000001
core   0: 0x8000b67e (0x0000bfe5) c.j     pc - 8
core   0: 3 0x8000b67e (0xbfe5)
core   0: 0x8000b676 (0x00002f17) auipc   t5, 0x2
core   0: 3 0x8000b676 (0x00002f17) x30 0x8000d676
core   0: 0x8000b67a (0x983f2523) sw      gp, -1654(t5)
core   0: 3 0x8000b67a (0x983f2523) mem 0x8000d000 0x00000001
core   0: 0x8000b67e (0x0000bfe5) c.j     pc - 8
core   0: 3 0x8000b67e (0xbfe5)
core   0: 0x8000b676 (0x00002f17) auipc   t5, 0x2
core   0: 3 0x8000b676 (0x00002f17) x30 0x8000d676
core   0: 0x8000b67a (0x983f2523) sw      gp, -1654(t5)
core   0: 3 0x8000b67a (0x983f2523) mem 0x8000d000 0x00000001
core   0: 0x8000b67e (0x0000bfe5) c.j     pc - 8
core   0: 3 0x8000b67e (0xbfe5)
core   0: 0x8000b676 (0x00002f17) auipc   t5, 0x2
core   0: 3 0x8000b676 (0x00002f17) x30 0x8000d676
core   0: 0x8000b67a (0x983f2523) sw      gp, -1654(t5)
core   0: 3 0x8000b67a (0x983f2523) mem 0x8000d000 0x00000001
core   0: 0x8000b67e (0x0000bfe5) c.j     pc - 8
core   0: 3 0x8000b67e (0xbfe5)
core   0: 0x8000b676 (0x00002f17) auipc   t5, 0x2
core   0: 3 0x8000b676 (0x00002f17) x30 0x8000d676
core   0: 0x8000b67a (0x983f2523) sw      gp, -1654(t5)
core   0: 3 0x8000b67a (0x983f2523) mem 0x8000d000 0x00000001
core   0: 0x8000b67e (0x0000bfe5) c.j     pc - 8
core   0: 3 0x8000b67e (0xbfe5)
core   0: 0x8000b676 (0x00002f17) auipc   t5, 0x2
core   0: 3 0x8000b676 (0x00002f17) x30 0x8000d676
core   0: 0x8000b67a (0x983f2523) sw      gp, -1654(t5)
core   0: 3 0x8000b67a (0x983f2523) mem 0x8000d000 0x00000001
core   0: 0x8000b67e (0x0000bfe5) c.j     pc - 8
core   0: 3 0x8000b67e (0xbfe5)
core   0: 0x8000b676 (0x00002f17) auipc   t5, 0x2
core   0: 3 0x8000b676 (0x00002f17) x30 0x8000d676
core   0: 0x8000b67a (0x983f2523) sw      gp, -1654(t5)
core   0: 3 0x8000b67a (0x983f2523) mem 0x8000d000 0x00000001
core   0: 0x8000b67e (0x0000bfe5) c.j     pc - 8
core   0: 3 0x8000b67e (0xbfe5)
core   0: 0x8000b676 (0x00002f17) auipc   t5, 0x2
core   0: 3 0x8000b676 (0x00002f17) x30 0x8000d676
core   0: 0x8000b67a (0x983f2523) sw      gp, -1654(t5)
core   0: 3 0x8000b67a (0x983f2523) mem 0x8000d000 0x00000001
core   0: 0x8000b67e (0x0000bfe5) c.j     pc - 8
core   0: 3 0x8000b67e (0xbfe5)
core   0: 0x8000b676 (0x00002f17) auipc   t5, 0x2
core   0: 3 0x8000b676 (0x00002f17) x30 0x8000d676
core   0: 0x8000b67a (0x983f2523) sw      gp, -1654(t5)
core   0: 3 0x8000b67a (0x983f2523) mem 0x8000d000 0x00000001
core   0: 0x8000b67e (0x0000bfe5) c.j     pc - 8
core   0: 3 0x8000b67e (0xbfe5)
core   0: 0x8000b676 (0x00002f17) auipc   t5, 0x2
core   0: 3 0x8000b676 (0x00002f17) x30 0x8000d676
core   0: 0x8000b67a (0x983f2523) sw      gp, -1654(t5)
core   0: 3 0x8000b67a (0x983f2523) mem 0x8000d000 0x00000001
core   0: 0x8000b67e (0x0000bfe5) c.j     pc - 8
core   0: 3 0x8000b67e (0xbfe5)
core   0: 0x8000b676 (0x00002f17) auipc   t5, 0x2
core   0: 3 0x8000b676 (0x00002f17) x30 0x8000d676
core   0: 0x8000b67a (0x983f2523) sw      gp, -1654(t5)
core   0: 3 0x8000b67a (0x983f2523) mem 0x8000d000 0x00000001
core   0: 0x8000b67e (0x0000bfe5) c.j     pc - 8
core   0: 3 0x8000b67e (0xbfe5)
core   0: 0x8000b676 (0x00002f17) auipc   t5, 0x2
core   0: 3 0x8000b676 (0x00002f17) x30 0x8000d676
core   0: 0x8000b67a (0x983f2523) sw      gp, -1654(t5)
core   0: 3 0x8000b67a (0x983f2523) mem 0x8000d000 0x00000001
core   0: 0x8000b67e (0x0000bfe5) c.j     pc - 8
core   0: 3 0x8000b67e (0xbfe5)
core   0: 0x8000b676 (0x00002f17) auipc   t5, 0x2
core   0: 3 0x8000b676 (0x00002f17) x30 0x8000d676
core   0: 0x8000b67a (0x983f2523) sw      gp, -1654(t5)
core   0: 3 0x8000b67a (0x983f2523) mem 0x8000d000 0x00000001
core   0: 0x8000b67e (0x0000bfe5) c.j     pc - 8
core   0: 3 0x8000b67e (0xbfe5)
core   0: 0x8000b676 (0x00002f17) auipc   t5, 0x2
core   0: 3 0x8000b676 (0x00002f17) x30 0x8000d676
core   0: 0x8000b67a (0x983f2523) sw      gp, -1654(t5)
core   0: 3 0x8000b67a (0x983f2523) mem 0x8000d000 0x00000001
core   0: 0x8000b67e (0x0000bfe5) c.j     pc - 8
core   0: 3 0x8000b67e (0xbfe5)
core   0: 0x8000b676 (0x00002f17) auipc   t5, 0x2
core   0: 3 0x8000b676 (0x00002f17) x30 0x8000d676
core   0: 0x8000b67a (0x983f2523) sw      gp, -1654(t5)
core   0: 3 0x8000b67a (0x983f2523) mem 0x8000d000 0x00000001
core   0: 0x8000b67e (0x0000bfe5) c.j     pc - 8
core   0: 3 0x8000b67e (0xbfe5)
core   0: 0x8000b676 (0x00002f17) auipc   t5, 0x2
core   0: 3 0x8000b676 (0x00002f17) x30 0x8000d676
core   0: 0x8000b67a (0x983f2523) sw      gp, -1654(t5)
core   0: 3 0x8000b67a (0x983f2523) mem 0x8000d000 0x00000001
core   0: 0x8000b67e (0x0000bfe5) c.j     pc - 8
core   0: 3 0x8000b67e (0xbfe5)
core   0: 0x8000b676 (0x00002f17) auipc   t5, 0x2
core   0: 3 0x8000b676 (0x00002f17) x30 0x8000d676
core   0: 0x8000b67a (0x983f2523) sw      gp, -1654(t5)
core   0: 3 0x8000b67a (0x983f2523) mem 0x8000d000 0x00000001
core   0: 0x8000b67e (0x0000bfe5) c.j     pc - 8
core   0: 3 0x8000b67e (0xbfe5)
core   0: 0x8000b676 (0x00002f17) auipc   t5, 0x2
core   0: 3 0x8000b676 (0x00002f17) x30 0x8000d676
core   0: 0x8000b67a (0x983f2523) sw      gp, -1654(t5)
core   0: 3 0x8000b67a (0x983f2523) mem 0x8000d000 0x00000001
core   0: 0x8000b67e (0x0000bfe5) c.j     pc - 8
core   0: 3 0x8000b67e (0xbfe5)
core   0: 0x8000b676 (0x00002f17) auipc   t5, 0x2
core   0: 3 0x8000b676 (0x00002f17) x30 0x8000d676
core   0: 0x8000b67a (0x983f2523) sw      gp, -1654(t5)
core   0: 3 0x8000b67a (0x983f2523) mem 0x8000d000 0x00000001
core   0: 0x8000b67e (0x0000bfe5) c.j     pc - 8
core   0: 3 0x8000b67e (0xbfe5)
core   0: 0x8000b676 (0x00002f17) auipc   t5, 0x2
core   0: 3 0x8000b676 (0x00002f17) x30 0x8000d676
core   0: 0x8000b67a (0x983f2523) sw      gp, -1654(t5)
core   0: 3 0x8000b67a (0x983f2523) mem 0x8000d000 0x00000001
core   0: 0x8000b67e (0x0000bfe5) c.j     pc - 8
core   0: 3 0x8000b67e (0xbfe5)
core   0: 0x8000b676 (0x00002f17) auipc   t5, 0x2
core   0: 3 0x8000b676 (0x00002f17) x30 0x8000d676
core   0: 0x8000b67a (0x983f2523) sw      gp, -1654(t5)
core   0: 3 0x8000b67a (0x983f2523) mem 0x8000d000 0x00000001
core   0: 0x8000b67e (0x0000bfe5) c.j     pc - 8
core   0: 3 0x8000b67e (0xbfe5)
core   0: 0x8000b676 (0x00002f17) auipc   t5, 0x2
core   0: 3 0x8000b676 (0x00002f17) x30 0x8000d676
core   0: 0x8000b67a (0x983f2523) sw      gp, -1654(t5)
core   0: 3 0x8000b67a (0x983f2523) mem 0x8000d000 0x00000001
core   0: 0x8000b67e (0x0000bfe5) c.j     pc - 8
core   0: 3 0x8000b67e (0xbfe5)
core   0: 0x8000b676 (0x00002f17) auipc   t5, 0x2
core   0: 3 0x8000b676 (0x00002f17) x30 0x8000d676
core   0: 0x8000b67a (0x983f2523) sw      gp, -1654(t5)
core   0: 3 0x8000b67a (0x983f2523) mem 0x8000d000 0x00000001
core   0: 0x8000b67e (0x0000bfe5) c.j     pc - 8
core   0: 3 0x8000b67e (0xbfe5)
core   0: 0x8000b676 (0x00002f17) auipc   t5, 0x2
core   0: 3 0x8000b676 (0x00002f17) x30 0x8000d676
core   0: 0x8000b67a (0x983f2523) sw      gp, -1654(t5)
core   0: 3 0x8000b67a (0x983f2523) mem 0x8000d000 0x00000001
core   0: 0x8000b67e (0x0000bfe5) c.j     pc - 8
core   0: 3 0x8000b67e (0xbfe5)
core   0: 0x8000b676 (0x00002f17) auipc   t5, 0x2
core   0: 3 0x8000b676 (0x00002f17) x30 0x8000d676
core   0: 0x8000b67a (0x983f2523) sw      gp, -1654(t5)
core   0: 3 0x8000b67a (0x983f2523) mem 0x8000d000 0x00000001
core   0: 0x8000b67e (0x0000bfe5) c.j     pc - 8
core   0: 3 0x8000b67e (0xbfe5)
core   0: 0x8000b676 (0x00002f17) auipc   t5, 0x2
core   0: 3 0x8000b676 (0x00002f17) x30 0x8000d676
core   0: 0x8000b67a (0x983f2523) sw      gp, -1654(t5)
core   0: 3 0x8000b67a (0x983f2523) mem 0x8000d000 0x00000001
core   0: 0x8000b67e (0x0000bfe5) c.j     pc - 8
core   0: 3 0x8000b67e (0xbfe5)
core   0: 0x8000b676 (0x00002f17) auipc   t5, 0x2
core   0: 3 0x8000b676 (0x00002f17) x30 0x8000d676
core   0: 0x8000b67a (0x983f2523) sw      gp, -1654(t5)
core   0: 3 0x8000b67a (0x983f2523) mem 0x8000d000 0x00000001
core   0: 0x8000b67e (0x0000bfe5) c.j     pc - 8
core   0: 3 0x8000b67e (0xbfe5)
core   0: 0x8000b676 (0x00002f17) auipc   t5, 0x2
core   0: 3 0x8000b676 (0x00002f17) x30 0x8000d676
core   0: 0x8000b67a (0x983f2523) sw      gp, -1654(t5)
core   0: 3 0x8000b67a (0x983f2523) mem 0x8000d000 0x00000001
core   0: 0x8000b67e (0x0000bfe5) c.j     pc - 8
core   0: 3 0x8000b67e (0xbfe5)
core   0: 0x8000b676 (0x00002f17) auipc   t5, 0x2
core   0: 3 0x8000b676 (0x00002f17) x30 0x8000d676
core   0: 0x8000b67a (0x983f2523) sw      gp, -1654(t5)
core   0: 3 0x8000b67a (0x983f2523) mem 0x8000d000 0x00000001
core   0: 0x8000b67e (0x0000bfe5) c.j     pc - 8
core   0: 3 0x8000b67e (0xbfe5)
core   0: 0x8000b676 (0x00002f17) auipc   t5, 0x2
core   0: 3 0x8000b676 (0x00002f17) x30 0x8000d676
core   0: 0x8000b67a (0x983f2523) sw      gp, -1654(t5)
core   0: 3 0x8000b67a (0x983f2523) mem 0x8000d000 0x00000001
core   0: 0x8000b67e (0x0000bfe5) c.j     pc - 8
core   0: 3 0x8000b67e (0xbfe5)
core   0: 0x8000b676 (0x00002f17) auipc   t5, 0x2
core   0: 3 0x8000b676 (0x00002f17) x30 0x8000d676
core   0: 0x8000b67a (0x983f2523) sw      gp, -1654(t5)
core   0: 3 0x8000b67a (0x983f2523) mem 0x8000d000 0x00000001
core   0: 0x8000b67e (0x0000bfe5) c.j     pc - 8
core   0: 3 0x8000b67e (0xbfe5)
core   0: 0x8000b676 (0x00002f17) auipc   t5, 0x2
core   0: 3 0x8000b676 (0x00002f17) x30 0x8000d676
core   0: 0x8000b67a (0x983f2523) sw      gp, -1654(t5)
core   0: 3 0x8000b67a (0x983f2523) mem 0x8000d000 0x00000001
core   0: 0x8000b67e (0x0000bfe5) c.j     pc - 8
core   0: 3 0x8000b67e (0xbfe5)
core   0: 0x8000b676 (0x00002f17) auipc   t5, 0x2
core   0: 3 0x8000b676 (0x00002f17) x30 0x8000d676
core   0: 0x8000b67a (0x983f2523) sw      gp, -1654(t5)
core   0: 3 0x8000b67a (0x983f2523) mem 0x8000d000 0x00000001
core   0: 0x8000b67e (0x0000bfe5) c.j     pc - 8
core   0: 3 0x8000b67e (0xbfe5)
core   0: 0x8000b676 (0x00002f17) auipc   t5, 0x2
core   0: 3 0x8000b676 (0x00002f17) x30 0x8000d676
core   0: 0x8000b67a (0x983f2523) sw      gp, -1654(t5)
core   0: 3 0x8000b67a (0x983f2523) mem 0x8000d000 0x00000001
core   0: 0x8000b67e (0x0000bfe5) c.j     pc - 8
core   0: 3 0x8000b67e (0xbfe5)
core   0: 0x8000b676 (0x00002f17) auipc   t5, 0x2
core   0: 3 0x8000b676 (0x00002f17) x30 0x8000d676
core   0: 0x8000b67a (0x983f2523) sw      gp, -1654(t5)
core   0: 3 0x8000b67a (0x983f2523) mem 0x8000d000 0x00000001
core   0: 0x8000b67e (0x0000bfe5) c.j     pc - 8
core   0: 3 0x8000b67e (0xbfe5)
core   0: 0x8000b676 (0x00002f17) auipc   t5, 0x2
core   0: 3 0x8000b676 (0x00002f17) x30 0x8000d676
core   0: 0x8000b67a (0x983f2523) sw      gp, -1654(t5)
core   0: 3 0x8000b67a (0x983f2523) mem 0x8000d000 0x00000001
core   0: 0x8000b67e (0x0000bfe5) c.j     pc - 8
core   0: 3 0x8000b67e (0xbfe5)
core   0: 0x8000b676 (0x00002f17) auipc   t5, 0x2
core   0: 3 0x8000b676 (0x00002f17) x30 0x8000d676
core   0: 0x8000b67a (0x983f2523) sw      gp, -1654(t5)
core   0: 3 0x8000b67a (0x983f2523) mem 0x8000d000 0x00000001
core   0: 0x8000b67e (0x0000bfe5) c.j     pc - 8
core   0: 3 0x8000b67e (0xbfe5)
core   0: 0x8000b676 (0x00002f17) auipc   t5, 0x2
core   0: 3 0x8000b676 (0x00002f17) x30 0x8000d676
core   0: 0x8000b67a (0x983f2523) sw      gp, -1654(t5)
core   0: 3 0x8000b67a (0x983f2523) mem 0x8000d000 0x00000001
core   0: 0x8000b67e (0x0000bfe5) c.j     pc - 8
core   0: 3 0x8000b67e (0xbfe5)
core   0: 0x8000b676 (0x00002f17) auipc   t5, 0x2
core   0: 3 0x8000b676 (0x00002f17) x30 0x8000d676
core   0: 0x8000b67a (0x983f2523) sw      gp, -1654(t5)
core   0: 3 0x8000b67a (0x983f2523) mem 0x8000d000 0x00000001
core   0: 0x8000b67e (0x0000bfe5) c.j     pc - 8
core   0: 3 0x8000b67e (0xbfe5)
core   0: 0x8000b676 (0x00002f17) auipc   t5, 0x2
core   0: 3 0x8000b676 (0x00002f17) x30 0x8000d676
core   0: 0x8000b67a (0x983f2523) sw      gp, -1654(t5)
core   0: 3 0x8000b67a (0x983f2523) mem 0x8000d000 0x00000001
core   0: 0x8000b67e (0x0000bfe5) c.j     pc - 8
core   0: 3 0x8000b67e (0xbfe5)
core   0: 0x8000b676 (0x00002f17) auipc   t5, 0x2
core   0: 3 0x8000b676 (0x00002f17) x30 0x8000d676
core   0: 0x8000b67a (0x983f2523) sw      gp, -1654(t5)
core   0: 3 0x8000b67a (0x983f2523) mem 0x8000d000 0x00000001
core   0: 0x8000b67e (0x0000bfe5) c.j     pc - 8
core   0: 3 0x8000b67e (0xbfe5)
core   0: 0x8000b676 (0x00002f17) auipc   t5, 0x2
core   0: 3 0x8000b676 (0x00002f17) x30 0x8000d676
core   0: 0x8000b67a (0x983f2523) sw      gp, -1654(t5)
core   0: 3 0x8000b67a (0x983f2523) mem 0x8000d000 0x00000001
core   0: 0x8000b67e (0x0000bfe5) c.j     pc - 8
core   0: 3 0x8000b67e (0xbfe5)
core   0: 0x8000b676 (0x00002f17) auipc   t5, 0x2
core   0: 3 0x8000b676 (0x00002f17) x30 0x8000d676
core   0: 0x8000b67a (0x983f2523) sw      gp, -1654(t5)
core   0: 3 0x8000b67a (0x983f2523) mem 0x8000d000 0x00000001
core   0: 0x8000b67e (0x0000bfe5) c.j     pc - 8
core   0: 3 0x8000b67e (0xbfe5)
core   0: 0x8000b676 (0x00002f17) auipc   t5, 0x2
core   0: 3 0x8000b676 (0x00002f17) x30 0x8000d676
core   0: 0x8000b67a (0x983f2523) sw      gp, -1654(t5)
core   0: 3 0x8000b67a (0x983f2523) mem 0x8000d000 0x00000001
core   0: 0x8000b67e (0x0000bfe5) c.j     pc - 8
core   0: 3 0x8000b67e (0xbfe5)
core   0: 0x8000b676 (0x00002f17) auipc   t5, 0x2
core   0: 3 0x8000b676 (0x00002f17) x30 0x8000d676
core   0: 0x8000b67a (0x983f2523) sw      gp, -1654(t5)
core   0: 3 0x8000b67a (0x983f2523) mem 0x8000d000 0x00000001
core   0: 0x8000b67e (0x0000bfe5) c.j     pc - 8
core   0: 3 0x8000b67e (0xbfe5)
core   0: 0x8000b676 (0x00002f17) auipc   t5, 0x2
core   0: 3 0x8000b676 (0x00002f17) x30 0x8000d676
core   0: 0x8000b67a (0x983f2523) sw      gp, -1654(t5)
core   0: 3 0x8000b67a (0x983f2523) mem 0x8000d000 0x00000001
core   0: 0x8000b67e (0x0000bfe5) c.j     pc - 8
core   0: 3 0x8000b67e (0xbfe5)
core   0: 0x8000b676 (0x00002f17) auipc   t5, 0x2
core   0: 3 0x8000b676 (0x00002f17) x30 0x8000d676
core   0: 0x8000b67a (0x983f2523) sw      gp, -1654(t5)
core   0: 3 0x8000b67a (0x983f2523) mem 0x8000d000 0x00000001
core   0: 0x8000b67e (0x0000bfe5) c.j     pc - 8
core   0: 3 0x8000b67e (0xbfe5)
core   0: 0x8000b676 (0x00002f17) auipc   t5, 0x2
core   0: 3 0x8000b676 (0x00002f17) x30 0x8000d676
core   0: 0x8000b67a (0x983f2523) sw      gp, -1654(t5)
core   0: 3 0x8000b67a (0x983f2523) mem 0x8000d000 0x00000001
core   0: 0x8000b67e (0x0000bfe5) c.j     pc - 8
core   0: 3 0x8000b67e (0xbfe5)
core   0: 0x8000b676 (0x00002f17) auipc   t5, 0x2
core   0: 3 0x8000b676 (0x00002f17) x30 0x8000d676
core   0: 0x8000b67a (0x983f2523) sw      gp, -1654(t5)
core   0: 3 0x8000b67a (0x983f2523) mem 0x8000d000 0x00000001
core   0: 0x8000b67e (0x0000bfe5) c.j     pc - 8
core   0: 3 0x8000b67e (0xbfe5)
core   0: 0x8000b676 (0x00002f17) auipc   t5, 0x2
core   0: 3 0x8000b676 (0x00002f17) x30 0x8000d676
core   0: 0x8000b67a (0x983f2523) sw      gp, -1654(t5)
core   0: 3 0x8000b67a (0x983f2523) mem 0x8000d000 0x00000001
core   0: 0x8000b67e (0x0000bfe5) c.j     pc - 8
core   0: 3 0x8000b67e (0xbfe5)
core   0: 0x8000b676 (0x00002f17) auipc   t5, 0x2
core   0: 3 0x8000b676 (0x00002f17) x30 0x8000d676
core   0: 0x8000b67a (0x983f2523) sw      gp, -1654(t5)
core   0: 3 0x8000b67a (0x983f2523) mem 0x8000d000 0x00000001
core   0: 0x8000b67e (0x0000bfe5) c.j     pc - 8
core   0: 3 0x8000b67e (0xbfe5)
core   0: 0x8000b676 (0x00002f17) auipc   t5, 0x2
core   0: 3 0x8000b676 (0x00002f17) x30 0x8000d676
core   0: 0x8000b67a (0x983f2523) sw      gp, -1654(t5)
core   0: 3 0x8000b67a (0x983f2523) mem 0x8000d000 0x00000001
core   0: 0x8000b67e (0x0000bfe5) c.j     pc - 8
core   0: 3 0x8000b67e (0xbfe5)
core   0: 0x8000b676 (0x00002f17) auipc   t5, 0x2
core   0: 3 0x8000b676 (0x00002f17) x30 0x8000d676
core   0: 0x8000b67a (0x983f2523) sw      gp, -1654(t5)
core   0: 3 0x8000b67a (0x983f2523) mem 0x8000d000 0x00000001
core   0: 0x8000b67e (0x0000bfe5) c.j     pc - 8
core   0: 3 0x8000b67e (0xbfe5)
core   0: 0x8000b676 (0x00002f17) auipc   t5, 0x2
core   0: 3 0x8000b676 (0x00002f17) x30 0x8000d676
core   0: 0x8000b67a (0x983f2523) sw      gp, -1654(t5)
core   0: 3 0x8000b67a (0x983f2523) mem 0x8000d000 0x00000001
core   0: 0x8000b67e (0x0000bfe5) c.j     pc - 8
core   0: 3 0x8000b67e (0xbfe5)
core   0: 0x8000b676 (0x00002f17) auipc   t5, 0x2
core   0: 3 0x8000b676 (0x00002f17) x30 0x8000d676
core   0: 0x8000b67a (0x983f2523) sw      gp, -1654(t5)
core   0: 3 0x8000b67a (0x983f2523) mem 0x8000d000 0x00000001
core   0: 0x8000b67e (0x0000bfe5) c.j     pc - 8
core   0: 3 0x8000b67e (0xbfe5)
core   0: 0x8000b676 (0x00002f17) auipc   t5, 0x2
core   0: 3 0x8000b676 (0x00002f17) x30 0x8000d676
core   0: 0x8000b67a (0x983f2523) sw      gp, -1654(t5)
core   0: 3 0x8000b67a (0x983f2523) mem 0x8000d000 0x00000001
core   0: 0x8000b67e (0x0000bfe5) c.j     pc - 8
core   0: 3 0x8000b67e (0xbfe5)
core   0: 0x8000b676 (0x00002f17) auipc   t5, 0x2
core   0: 3 0x8000b676 (0x00002f17) x30 0x8000d676
core   0: 0x8000b67a (0x983f2523) sw      gp, -1654(t5)
core   0: 3 0x8000b67a (0x983f2523) mem 0x8000d000 0x00000001
core   0: 0x8000b67e (0x0000bfe5) c.j     pc - 8
core   0: 3 0x8000b67e (0xbfe5)
core   0: 0x8000b676 (0x00002f17) auipc   t5, 0x2
core   0: 3 0x8000b676 (0x00002f17) x30 0x8000d676
core   0: 0x8000b67a (0x983f2523) sw      gp, -1654(t5)
core   0: 3 0x8000b67a (0x983f2523) mem 0x8000d000 0x00000001
core   0: 0x8000b67e (0x0000bfe5) c.j     pc - 8
core   0: 3 0x8000b67e (0xbfe5)
core   0: 0x8000b676 (0x00002f17) auipc   t5, 0x2
core   0: 3 0x8000b676 (0x00002f17) x30 0x8000d676
core   0: 0x8000b67a (0x983f2523) sw      gp, -1654(t5)
core   0: 3 0x8000b67a (0x983f2523) mem 0x8000d000 0x00000001
core   0: 0x8000b67e (0x0000bfe5) c.j     pc - 8
core   0: 3 0x8000b67e (0xbfe5)
core   0: 0x8000b676 (0x00002f17) auipc   t5, 0x2
core   0: 3 0x8000b676 (0x00002f17) x30 0x8000d676
core   0: 0x8000b67a (0x983f2523) sw      gp, -1654(t5)
core   0: 3 0x8000b67a (0x983f2523) mem 0x8000d000 0x00000001
core   0: 0x8000b67e (0x0000bfe5) c.j     pc - 8
core   0: 3 0x8000b67e (0xbfe5)
core   0: 0x8000b676 (0x00002f17) auipc   t5, 0x2
core   0: 3 0x8000b676 (0x00002f17) x30 0x8000d676
core   0: 0x8000b67a (0x983f2523) sw      gp, -1654(t5)
core   0: 3 0x8000b67a (0x983f2523) mem 0x8000d000 0x00000001
core   0: 0x8000b67e (0x0000bfe5) c.j     pc - 8
core   0: 3 0x8000b67e (0xbfe5)
core   0: 0x8000b676 (0x00002f17) auipc   t5, 0x2
core   0: 3 0x8000b676 (0x00002f17) x30 0x8000d676
core   0: 0x8000b67a (0x983f2523) sw      gp, -1654(t5)
core   0: 3 0x8000b67a (0x983f2523) mem 0x8000d000 0x00000001
core   0: 0x8000b67e (0x0000bfe5) c.j     pc - 8
core   0: 3 0x8000b67e (0xbfe5)
core   0: 0x8000b676 (0x00002f17) auipc   t5, 0x2
core   0: 3 0x8000b676 (0x00002f17) x30 0x8000d676
core   0: 0x8000b67a (0x983f2523) sw      gp, -1654(t5)
core   0: 3 0x8000b67a (0x983f2523) mem 0x8000d000 0x00000001
core   0: 0x8000b67e (0x0000bfe5) c.j     pc - 8
core   0: 3 0x8000b67e (0xbfe5)
core   0: 0x8000b676 (0x00002f17) auipc   t5, 0x2
core   0: 3 0x8000b676 (0x00002f17) x30 0x8000d676
core   0: 0x8000b67a (0x983f2523) sw      gp, -1654(t5)
core   0: 3 0x8000b67a (0x983f2523) mem 0x8000d000 0x00000001
core   0: 0x8000b67e (0x0000bfe5) c.j     pc - 8
core   0: 3 0x8000b67e (0xbfe5)
core   0: 0x8000b676 (0x00002f17) auipc   t5, 0x2
core   0: 3 0x8000b676 (0x00002f17) x30 0x8000d676
core   0: 0x8000b67a (0x983f2523) sw      gp, -1654(t5)
core   0: 3 0x8000b67a (0x983f2523) mem 0x8000d000 0x00000001
core   0: 0x8000b67e (0x0000bfe5) c.j     pc - 8
core   0: 3 0x8000b67e (0xbfe5)
core   0: 0x8000b676 (0x00002f17) auipc   t5, 0x2
core   0: 3 0x8000b676 (0x00002f17) x30 0x8000d676
core   0: 0x8000b67a (0x983f2523) sw      gp, -1654(t5)
core   0: 3 0x8000b67a (0x983f2523) mem 0x8000d000 0x00000001
core   0: 0x8000b67e (0x0000bfe5) c.j     pc - 8
core   0: 3 0x8000b67e (0xbfe5)
core   0: 0x8000b676 (0x00002f17) auipc   t5, 0x2
core   0: 3 0x8000b676 (0x00002f17) x30 0x8000d676
core   0: 0x8000b67a (0x983f2523) sw      gp, -1654(t5)
core   0: 3 0x8000b67a (0x983f2523) mem 0x8000d000 0x00000001
core   0: 0x8000b67e (0x0000bfe5) c.j     pc - 8
core   0: 3 0x8000b67e (0xbfe5)
core   0: 0x8000b676 (0x00002f17) auipc   t5, 0x2
core   0: 3 0x8000b676 (0x00002f17) x30 0x8000d676
core   0: 0x8000b67a (0x983f2523) sw      gp, -1654(t5)
core   0: 3 0x8000b67a (0x983f2523) mem 0x8000d000 0x00000001
core   0: 0x8000b67e (0x0000bfe5) c.j     pc - 8
core   0: 3 0x8000b67e (0xbfe5)
core   0: 0x8000b676 (0x00002f17) auipc   t5, 0x2
core   0: 3 0x8000b676 (0x00002f17) x30 0x8000d676
core   0: 0x8000b67a (0x983f2523) sw      gp, -1654(t5)
core   0: 3 0x8000b67a (0x983f2523) mem 0x8000d000 0x00000001
core   0: 0x8000b67e (0x0000bfe5) c.j     pc - 8
core   0: 3 0x8000b67e (0xbfe5)
core   0: 0x8000b676 (0x00002f17) auipc   t5, 0x2
core   0: 3 0x8000b676 (0x00002f17) x30 0x8000d676
core   0: 0x8000b67a (0x983f2523) sw      gp, -1654(t5)
core   0: 3 0x8000b67a (0x983f2523) mem 0x8000d000 0x00000001
core   0: 0x8000b67e (0x0000bfe5) c.j     pc - 8
core   0: 3 0x8000b67e (0xbfe5)
core   0: 0x8000b676 (0x00002f17) auipc   t5, 0x2
core   0: 3 0x8000b676 (0x00002f17) x30 0x8000d676
core   0: 0x8000b67a (0x983f2523) sw      gp, -1654(t5)
core   0: 3 0x8000b67a (0x983f2523) mem 0x8000d000 0x00000001
core   0: 0x8000b67e (0x0000bfe5) c.j     pc - 8
core   0: 3 0x8000b67e (0xbfe5)
core   0: 0x8000b676 (0x00002f17) auipc   t5, 0x2
core   0: 3 0x8000b676 (0x00002f17) x30 0x8000d676
core   0: 0x8000b67a (0x983f2523) sw      gp, -1654(t5)
core   0: 3 0x8000b67a (0x983f2523) mem 0x8000d000 0x00000001
core   0: 0x8000b67e (0x0000bfe5) c.j     pc - 8
core   0: 3 0x8000b67e (0xbfe5)
core   0: 0x8000b676 (0x00002f17) auipc   t5, 0x2
core   0: 3 0x8000b676 (0x00002f17) x30 0x8000d676
core   0: 0x8000b67a (0x983f2523) sw      gp, -1654(t5)
core   0: 3 0x8000b67a (0x983f2523) mem 0x8000d000 0x00000001
core   0: 0x8000b67e (0x0000bfe5) c.j     pc - 8
core   0: 3 0x8000b67e (0xbfe5)
core   0: 0x8000b676 (0x00002f17) auipc   t5, 0x2
core   0: 3 0x8000b676 (0x00002f17) x30 0x8000d676
core   0: 0x8000b67a (0x983f2523) sw      gp, -1654(t5)
core   0: 3 0x8000b67a (0x983f2523) mem 0x8000d000 0x00000001
core   0: 0x8000b67e (0x0000bfe5) c.j     pc - 8
core   0: 3 0x8000b67e (0xbfe5)
core   0: 0x8000b676 (0x00002f17) auipc   t5, 0x2
core   0: 3 0x8000b676 (0x00002f17) x30 0x8000d676
core   0: 0x8000b67a (0x983f2523) sw      gp, -1654(t5)
core   0: 3 0x8000b67a (0x983f2523) mem 0x8000d000 0x00000001
core   0: 0x8000b67e (0x0000bfe5) c.j     pc - 8
core   0: 3 0x8000b67e (0xbfe5)
core   0: 0x8000b676 (0x00002f17) auipc   t5, 0x2
core   0: 3 0x8000b676 (0x00002f17) x30 0x8000d676
core   0: 0x8000b67a (0x983f2523) sw      gp, -1654(t5)
core   0: 3 0x8000b67a (0x983f2523) mem 0x8000d000 0x00000001
core   0: 0x8000b67e (0x0000bfe5) c.j     pc - 8
core   0: 3 0x8000b67e (0xbfe5)
core   0: 0x8000b676 (0x00002f17) auipc   t5, 0x2
core   0: 3 0x8000b676 (0x00002f17) x30 0x8000d676
core   0: 0x8000b67a (0x983f2523) sw      gp, -1654(t5)
core   0: 3 0x8000b67a (0x983f2523) mem 0x8000d000 0x00000001
core   0: 0x8000b67e (0x0000bfe5) c.j     pc - 8
core   0: 3 0x8000b67e (0xbfe5)
core   0: 0x8000b676 (0x00002f17) auipc   t5, 0x2
core   0: 3 0x8000b676 (0x00002f17) x30 0x8000d676
core   0: 0x8000b67a (0x983f2523) sw      gp, -1654(t5)
core   0: 3 0x8000b67a (0x983f2523) mem 0x8000d000 0x00000001
core   0: 0x8000b67e (0x0000bfe5) c.j     pc - 8
core   0: 3 0x8000b67e (0xbfe5)
core   0: 0x8000b676 (0x00002f17) auipc   t5, 0x2
core   0: 3 0x8000b676 (0x00002f17) x30 0x8000d676
core   0: 0x8000b67a (0x983f2523) sw      gp, -1654(t5)
core   0: 3 0x8000b67a (0x983f2523) mem 0x8000d000 0x00000001
core   0: 0x8000b67e (0x0000bfe5) c.j     pc - 8
core   0: 3 0x8000b67e (0xbfe5)
core   0: 0x8000b676 (0x00002f17) auipc   t5, 0x2
core   0: 3 0x8000b676 (0x00002f17) x30 0x8000d676
core   0: 0x8000b67a (0x983f2523) sw      gp, -1654(t5)
core   0: 3 0x8000b67a (0x983f2523) mem 0x8000d000 0x00000001
core   0: 0x8000b67e (0x0000bfe5) c.j     pc - 8
core   0: 3 0x8000b67e (0xbfe5)
core   0: 0x8000b676 (0x00002f17) auipc   t5, 0x2
core   0: 3 0x8000b676 (0x00002f17) x30 0x8000d676
core   0: 0x8000b67a (0x983f2523) sw      gp, -1654(t5)
core   0: 3 0x8000b67a (0x983f2523) mem 0x8000d000 0x00000001
core   0: 0x8000b67e (0x0000bfe5) c.j     pc - 8
core   0: 3 0x8000b67e (0xbfe5)
core   0: 0x8000b676 (0x00002f17) auipc   t5, 0x2
core   0: 3 0x8000b676 (0x00002f17) x30 0x8000d676
core   0: 0x8000b67a (0x983f2523) sw      gp, -1654(t5)
core   0: 3 0x8000b67a (0x983f2523) mem 0x8000d000 0x00000001
core   0: 0x8000b67e (0x0000bfe5) c.j     pc - 8
core   0: 3 0x8000b67e (0xbfe5)
core   0: 0x8000b676 (0x00002f17) auipc   t5, 0x2
core   0: 3 0x8000b676 (0x00002f17) x30 0x8000d676
core   0: 0x8000b67a (0x983f2523) sw      gp, -1654(t5)
core   0: 3 0x8000b67a (0x983f2523) mem 0x8000d000 0x00000001
core   0: 0x8000b67e (0x0000bfe5) c.j     pc - 8
core   0: 3 0x8000b67e (0xbfe5)
core   0: 0x8000b676 (0x00002f17) auipc   t5, 0x2
core   0: 3 0x8000b676 (0x00002f17) x30 0x8000d676
core   0: 0x8000b67a (0x983f2523) sw      gp, -1654(t5)
core   0: 3 0x8000b67a (0x983f2523) mem 0x8000d000 0x00000001
core   0: 0x8000b67e (0x0000bfe5) c.j     pc - 8
core   0: 3 0x8000b67e (0xbfe5)
core   0: 0x8000b676 (0x00002f17) auipc   t5, 0x2
core   0: 3 0x8000b676 (0x00002f17) x30 0x8000d676
core   0: 0x8000b67a (0x983f2523) sw      gp, -1654(t5)
core   0: 3 0x8000b67a (0x983f2523) mem 0x8000d000 0x00000001
core   0: 0x8000b67e (0x0000bfe5) c.j     pc - 8
core   0: 3 0x8000b67e (0xbfe5)
core   0: 0x8000b676 (0x00002f17) auipc   t5, 0x2
core   0: 3 0x8000b676 (0x00002f17) x30 0x8000d676
core   0: 0x8000b67a (0x983f2523) sw      gp, -1654(t5)
core   0: 3 0x8000b67a (0x983f2523) mem 0x8000d000 0x00000001
core   0: 0x8000b67e (0x0000bfe5) c.j     pc - 8
core   0: 3 0x8000b67e (0xbfe5)
core   0: 0x8000b676 (0x00002f17) auipc   t5, 0x2
core   0: 3 0x8000b676 (0x00002f17) x30 0x8000d676
core   0: 0x8000b67a (0x983f2523) sw      gp, -1654(t5)
core   0: 3 0x8000b67a (0x983f2523) mem 0x8000d000 0x00000001
core   0: 0x8000b67e (0x0000bfe5) c.j     pc - 8
core   0: 3 0x8000b67e (0xbfe5)
core   0: 0x8000b676 (0x00002f17) auipc   t5, 0x2
core   0: 3 0x8000b676 (0x00002f17) x30 0x8000d676
core   0: 0x8000b67a (0x983f2523) sw      gp, -1654(t5)
core   0: 3 0x8000b67a (0x983f2523) mem 0x8000d000 0x00000001
core   0: 0x8000b67e (0x0000bfe5) c.j     pc - 8
core   0: 3 0x8000b67e (0xbfe5)
core   0: 0x8000b676 (0x00002f17) auipc   t5, 0x2
core   0: 3 0x8000b676 (0x00002f17) x30 0x8000d676
core   0: 0x8000b67a (0x983f2523) sw      gp, -1654(t5)
core   0: 3 0x8000b67a (0x983f2523) mem 0x8000d000 0x00000001
core   0: 0x8000b67e (0x0000bfe5) c.j     pc - 8
core   0: 3 0x8000b67e (0xbfe5)
core   0: 0x8000b676 (0x00002f17) auipc   t5, 0x2
core   0: 3 0x8000b676 (0x00002f17) x30 0x8000d676
core   0: 0x8000b67a (0x983f2523) sw      gp, -1654(t5)
core   0: 3 0x8000b67a (0x983f2523) mem 0x8000d000 0x00000001
core   0: 0x8000b67e (0x0000bfe5) c.j     pc - 8
core   0: 3 0x8000b67e (0xbfe5)
core   0: 0x8000b676 (0x00002f17) auipc   t5, 0x2
core   0: 3 0x8000b676 (0x00002f17) x30 0x8000d676
core   0: 0x8000b67a (0x983f2523) sw      gp, -1654(t5)
core   0: 3 0x8000b67a (0x983f2523) mem 0x8000d000 0x00000001
core   0: 0x8000b67e (0x0000bfe5) c.j     pc - 8
core   0: 3 0x8000b67e (0xbfe5)
core   0: 0x8000b676 (0x00002f17) auipc   t5, 0x2
core   0: 3 0x8000b676 (0x00002f17) x30 0x8000d676
core   0: 0x8000b67a (0x983f2523) sw      gp, -1654(t5)
core   0: 3 0x8000b67a (0x983f2523) mem 0x8000d000 0x00000001
core   0: 0x8000b67e (0x0000bfe5) c.j     pc - 8
core   0: 3 0x8000b67e (0xbfe5)
core   0: 0x8000b676 (0x00002f17) auipc   t5, 0x2
core   0: 3 0x8000b676 (0x00002f17) x30 0x8000d676
core   0: 0x8000b67a (0x983f2523) sw      gp, -1654(t5)
core   0: 3 0x8000b67a (0x983f2523) mem 0x8000d000 0x00000001
core   0: 0x8000b67e (0x0000bfe5) c.j     pc - 8
core   0: 3 0x8000b67e (0xbfe5)
core   0: 0x8000b676 (0x00002f17) auipc   t5, 0x2
core   0: 3 0x8000b676 (0x00002f17) x30 0x8000d676
core   0: 0x8000b67a (0x983f2523) sw      gp, -1654(t5)
core   0: 3 0x8000b67a (0x983f2523) mem 0x8000d000 0x00000001
core   0: 0x8000b67e (0x0000bfe5) c.j     pc - 8
core   0: 3 0x8000b67e (0xbfe5)
core   0: 0x8000b676 (0x00002f17) auipc   t5, 0x2
core   0: 3 0x8000b676 (0x00002f17) x30 0x8000d676
core   0: 0x8000b67a (0x983f2523) sw      gp, -1654(t5)
core   0: 3 0x8000b67a (0x983f2523) mem 0x8000d000 0x00000001
core   0: 0x8000b67e (0x0000bfe5) c.j     pc - 8
core   0: 3 0x8000b67e (0xbfe5)
core   0: 0x8000b676 (0x00002f17) auipc   t5, 0x2
core   0: 3 0x8000b676 (0x00002f17) x30 0x8000d676
core   0: 0x8000b67a (0x983f2523) sw      gp, -1654(t5)
core   0: 3 0x8000b67a (0x983f2523) mem 0x8000d000 0x00000001
core   0: 0x8000b67e (0x0000bfe5) c.j     pc - 8
core   0: 3 0x8000b67e (0xbfe5)
core   0: 0x8000b676 (0x00002f17) auipc   t5, 0x2
core   0: 3 0x8000b676 (0x00002f17) x30 0x8000d676
core   0: 0x8000b67a (0x983f2523) sw      gp, -1654(t5)
core   0: 3 0x8000b67a (0x983f2523) mem 0x8000d000 0x00000001
core   0: 0x8000b67e (0x0000bfe5) c.j     pc - 8
core   0: 3 0x8000b67e (0xbfe5)
core   0: 0x8000b676 (0x00002f17) auipc   t5, 0x2
core   0: 3 0x8000b676 (0x00002f17) x30 0x8000d676
core   0: 0x8000b67a (0x983f2523) sw      gp, -1654(t5)
core   0: 3 0x8000b67a (0x983f2523) mem 0x8000d000 0x00000001
core   0: 0x8000b67e (0x0000bfe5) c.j     pc - 8
core   0: 3 0x8000b67e (0xbfe5)
core   0: 0x8000b676 (0x00002f17) auipc   t5, 0x2
core   0: 3 0x8000b676 (0x00002f17) x30 0x8000d676
core   0: 0x8000b67a (0x983f2523) sw      gp, -1654(t5)
core   0: 3 0x8000b67a (0x983f2523) mem 0x8000d000 0x00000001
core   0: 0x8000b67e (0x0000bfe5) c.j     pc - 8
core   0: 3 0x8000b67e (0xbfe5)
core   0: 0x8000b676 (0x00002f17) auipc   t5, 0x2
core   0: 3 0x8000b676 (0x00002f17) x30 0x8000d676
core   0: 0x8000b67a (0x983f2523) sw      gp, -1654(t5)
core   0: 3 0x8000b67a (0x983f2523) mem 0x8000d000 0x00000001
core   0: 0x8000b67e (0x0000bfe5) c.j     pc - 8
core   0: 3 0x8000b67e (0xbfe5)
core   0: 0x8000b676 (0x00002f17) auipc   t5, 0x2
core   0: 3 0x8000b676 (0x00002f17) x30 0x8000d676
core   0: 0x8000b67a (0x983f2523) sw      gp, -1654(t5)
core   0: 3 0x8000b67a (0x983f2523) mem 0x8000d000 0x00000001
core   0: 0x8000b67e (0x0000bfe5) c.j     pc - 8
core   0: 3 0x8000b67e (0xbfe5)
core   0: 0x8000b676 (0x00002f17) auipc   t5, 0x2
core   0: 3 0x8000b676 (0x00002f17) x30 0x8000d676
core   0: 0x8000b67a (0x983f2523) sw      gp, -1654(t5)
core   0: 3 0x8000b67a (0x983f2523) mem 0x8000d000 0x00000001
core   0: 0x8000b67e (0x0000bfe5) c.j     pc - 8
core   0: 3 0x8000b67e (0xbfe5)
core   0: 0x8000b676 (0x00002f17) auipc   t5, 0x2
core   0: 3 0x8000b676 (0x00002f17) x30 0x8000d676
core   0: 0x8000b67a (0x983f2523) sw      gp, -1654(t5)
core   0: 3 0x8000b67a (0x983f2523) mem 0x8000d000 0x00000001
core   0: 0x8000b67e (0x0000bfe5) c.j     pc - 8
core   0: 3 0x8000b67e (0xbfe5)
core   0: 0x8000b676 (0x00002f17) auipc   t5, 0x2
core   0: 3 0x8000b676 (0x00002f17) x30 0x8000d676
core   0: 0x8000b67a (0x983f2523) sw      gp, -1654(t5)
core   0: 3 0x8000b67a (0x983f2523) mem 0x8000d000 0x00000001
core   0: 0x8000b67e (0x0000bfe5) c.j     pc - 8
core   0: 3 0x8000b67e (0xbfe5)
core   0: 0x8000b676 (0x00002f17) auipc   t5, 0x2
core   0: 3 0x8000b676 (0x00002f17) x30 0x8000d676
core   0: 0x8000b67a (0x983f2523) sw      gp, -1654(t5)
core   0: 3 0x8000b67a (0x983f2523) mem 0x8000d000 0x00000001
core   0: 0x8000b67e (0x0000bfe5) c.j     pc - 8
core   0: 3 0x8000b67e (0xbfe5)
core   0: 0x8000b676 (0x00002f17) auipc   t5, 0x2
core   0: 3 0x8000b676 (0x00002f17) x30 0x8000d676
core   0: 0x8000b67a (0x983f2523) sw      gp, -1654(t5)
core   0: 3 0x8000b67a (0x983f2523) mem 0x8000d000 0x00000001
core   0: 0x8000b67e (0x0000bfe5) c.j     pc - 8
core   0: 3 0x8000b67e (0xbfe5)
core   0: 0x8000b676 (0x00002f17) auipc   t5, 0x2
core   0: 3 0x8000b676 (0x00002f17) x30 0x8000d676
core   0: 0x8000b67a (0x983f2523) sw      gp, -1654(t5)
core   0: 3 0x8000b67a (0x983f2523) mem 0x8000d000 0x00000001
core   0: 0x8000b67e (0x0000bfe5) c.j     pc - 8
core   0: 3 0x8000b67e (0xbfe5)
core   0: 0x8000b676 (0x00002f17) auipc   t5, 0x2
core   0: 3 0x8000b676 (0x00002f17) x30 0x8000d676
core   0: 0x8000b67a (0x983f2523) sw      gp, -1654(t5)
core   0: 3 0x8000b67a (0x983f2523) mem 0x8000d000 0x00000001
core   0: 0x8000b67e (0x0000bfe5) c.j     pc - 8
core   0: 3 0x8000b67e (0xbfe5)
core   0: 0x8000b676 (0x00002f17) auipc   t5, 0x2
core   0: 3 0x8000b676 (0x00002f17) x30 0x8000d676
core   0: 0x8000b67a (0x983f2523) sw      gp, -1654(t5)
core   0: 3 0x8000b67a (0x983f2523) mem 0x8000d000 0x00000001
core   0: 0x8000b67e (0x0000bfe5) c.j     pc - 8
core   0: 3 0x8000b67e (0xbfe5)
core   0: 0x8000b676 (0x00002f17) auipc   t5, 0x2
core   0: 3 0x8000b676 (0x00002f17) x30 0x8000d676
core   0: 0x8000b67a (0x983f2523) sw      gp, -1654(t5)
core   0: 3 0x8000b67a (0x983f2523) mem 0x8000d000 0x00000001
core   0: 0x8000b67e (0x0000bfe5) c.j     pc - 8
core   0: 3 0x8000b67e (0xbfe5)
core   0: 0x8000b676 (0x00002f17) auipc   t5, 0x2
core   0: 3 0x8000b676 (0x00002f17) x30 0x8000d676
core   0: 0x8000b67a (0x983f2523) sw      gp, -1654(t5)
core   0: 3 0x8000b67a (0x983f2523) mem 0x8000d000 0x00000001
core   0: 0x8000b67e (0x0000bfe5) c.j     pc - 8
core   0: 3 0x8000b67e (0xbfe5)
core   0: 0x8000b676 (0x00002f17) auipc   t5, 0x2
core   0: 3 0x8000b676 (0x00002f17) x30 0x8000d676
core   0: 0x8000b67a (0x983f2523) sw      gp, -1654(t5)
core   0: 3 0x8000b67a (0x983f2523) mem 0x8000d000 0x00000001
core   0: 0x8000b67e (0x0000bfe5) c.j     pc - 8
core   0: 3 0x8000b67e (0xbfe5)
core   0: 0x8000b676 (0x00002f17) auipc   t5, 0x2
core   0: 3 0x8000b676 (0x00002f17) x30 0x8000d676
core   0: 0x8000b67a (0x983f2523) sw      gp, -1654(t5)
core   0: 3 0x8000b67a (0x983f2523) mem 0x8000d000 0x00000001
core   0: 0x8000b67e (0x0000bfe5) c.j     pc - 8
core   0: 3 0x8000b67e (0xbfe5)
core   0: 0x8000b676 (0x00002f17) auipc   t5, 0x2
core   0: 3 0x8000b676 (0x00002f17) x30 0x8000d676
core   0: 0x8000b67a (0x983f2523) sw      gp, -1654(t5)
core   0: 3 0x8000b67a (0x983f2523) mem 0x8000d000 0x00000001
core   0: 0x8000b67e (0x0000bfe5) c.j     pc - 8
core   0: 3 0x8000b67e (0xbfe5)
core   0: 0x8000b676 (0x00002f17) auipc   t5, 0x2
core   0: 3 0x8000b676 (0x00002f17) x30 0x8000d676
core   0: 0x8000b67a (0x983f2523) sw      gp, -1654(t5)
core   0: 3 0x8000b67a (0x983f2523) mem 0x8000d000 0x00000001
core   0: 0x8000b67e (0x0000bfe5) c.j     pc - 8
core   0: 3 0x8000b67e (0xbfe5)
core   0: 0x8000b676 (0x00002f17) auipc   t5, 0x2
core   0: 3 0x8000b676 (0x00002f17) x30 0x8000d676
core   0: 0x8000b67a (0x983f2523) sw      gp, -1654(t5)
core   0: 3 0x8000b67a (0x983f2523) mem 0x8000d000 0x00000001
core   0: 0x8000b67e (0x0000bfe5) c.j     pc - 8
core   0: 3 0x8000b67e (0xbfe5)
core   0: 0x8000b676 (0x00002f17) auipc   t5, 0x2
core   0: 3 0x8000b676 (0x00002f17) x30 0x8000d676
core   0: 0x8000b67a (0x983f2523) sw      gp, -1654(t5)
core   0: 3 0x8000b67a (0x983f2523) mem 0x8000d000 0x00000001
core   0: 0x8000b67e (0x0000bfe5) c.j     pc - 8
core   0: 3 0x8000b67e (0xbfe5)
core   0: 0x8000b676 (0x00002f17) auipc   t5, 0x2
core   0: 3 0x8000b676 (0x00002f17) x30 0x8000d676
core   0: 0x8000b67a (0x983f2523) sw      gp, -1654(t5)
core   0: 3 0x8000b67a (0x983f2523) mem 0x8000d000 0x00000001
core   0: 0x8000b67e (0x0000bfe5) c.j     pc - 8
core   0: 3 0x8000b67e (0xbfe5)
core   0: 0x8000b676 (0x00002f17) auipc   t5, 0x2
core   0: 3 0x8000b676 (0x00002f17) x30 0x8000d676
core   0: 0x8000b67a (0x983f2523) sw      gp, -1654(t5)
core   0: 3 0x8000b67a (0x983f2523) mem 0x8000d000 0x00000001
core   0: 0x8000b67e (0x0000bfe5) c.j     pc - 8
core   0: 3 0x8000b67e (0xbfe5)
core   0: 0x8000b676 (0x00002f17) auipc   t5, 0x2
core   0: 3 0x8000b676 (0x00002f17) x30 0x8000d676
core   0: 0x8000b67a (0x983f2523) sw      gp, -1654(t5)
core   0: 3 0x8000b67a (0x983f2523) mem 0x8000d000 0x00000001
core   0: 0x8000b67e (0x0000bfe5) c.j     pc - 8
core   0: 3 0x8000b67e (0xbfe5)
core   0: 0x8000b676 (0x00002f17) auipc   t5, 0x2
core   0: 3 0x8000b676 (0x00002f17) x30 0x8000d676
core   0: 0x8000b67a (0x983f2523) sw      gp, -1654(t5)
core   0: 3 0x8000b67a (0x983f2523) mem 0x8000d000 0x00000001
core   0: 0x8000b67e (0x0000bfe5) c.j     pc - 8
core   0: 3 0x8000b67e (0xbfe5)
core   0: 0x8000b676 (0x00002f17) auipc   t5, 0x2
core   0: 3 0x8000b676 (0x00002f17) x30 0x8000d676
core   0: 0x8000b67a (0x983f2523) sw      gp, -1654(t5)
core   0: 3 0x8000b67a (0x983f2523) mem 0x8000d000 0x00000001
core   0: 0x8000b67e (0x0000bfe5) c.j     pc - 8
core   0: 3 0x8000b67e (0xbfe5)
core   0: 0x8000b676 (0x00002f17) auipc   t5, 0x2
core   0: 3 0x8000b676 (0x00002f17) x30 0x8000d676
core   0: 0x8000b67a (0x983f2523) sw      gp, -1654(t5)
core   0: 3 0x8000b67a (0x983f2523) mem 0x8000d000 0x00000001
core   0: 0x8000b67e (0x0000bfe5) c.j     pc - 8
core   0: 3 0x8000b67e (0xbfe5)
core   0: 0x8000b676 (0x00002f17) auipc   t5, 0x2
core   0: 3 0x8000b676 (0x00002f17) x30 0x8000d676
core   0: 0x8000b67a (0x983f2523) sw      gp, -1654(t5)
core   0: 3 0x8000b67a (0x983f2523) mem 0x8000d000 0x00000001
core   0: 0x8000b67e (0x0000bfe5) c.j     pc - 8
core   0: 3 0x8000b67e (0xbfe5)
core   0: 0x8000b676 (0x00002f17) auipc   t5, 0x2
core   0: 3 0x8000b676 (0x00002f17) x30 0x8000d676
core   0: 0x8000b67a (0x983f2523) sw      gp, -1654(t5)
core   0: 3 0x8000b67a (0x983f2523) mem 0x8000d000 0x00000001
core   0: 0x8000b67e (0x0000bfe5) c.j     pc - 8
core   0: 3 0x8000b67e (0xbfe5)
core   0: 0x8000b676 (0x00002f17) auipc   t5, 0x2
core   0: 3 0x8000b676 (0x00002f17) x30 0x8000d676
core   0: 0x8000b67a (0x983f2523) sw      gp, -1654(t5)
core   0: 3 0x8000b67a (0x983f2523) mem 0x8000d000 0x00000001
core   0: 0x8000b67e (0x0000bfe5) c.j     pc - 8
core   0: 3 0x8000b67e (0xbfe5)
core   0: 0x8000b676 (0x00002f17) auipc   t5, 0x2
core   0: 3 0x8000b676 (0x00002f17) x30 0x8000d676
core   0: 0x8000b67a (0x983f2523) sw      gp, -1654(t5)
core   0: 3 0x8000b67a (0x983f2523) mem 0x8000d000 0x00000001
core   0: 0x8000b67e (0x0000bfe5) c.j     pc - 8
core   0: 3 0x8000b67e (0xbfe5)
core   0: 0x8000b676 (0x00002f17) auipc   t5, 0x2
core   0: 3 0x8000b676 (0x00002f17) x30 0x8000d676
core   0: 0x8000b67a (0x983f2523) sw      gp, -1654(t5)
core   0: 3 0x8000b67a (0x983f2523) mem 0x8000d000 0x00000001
core   0: 0x8000b67e (0x0000bfe5) c.j     pc - 8
core   0: 3 0x8000b67e (0xbfe5)
core   0: 0x8000b676 (0x00002f17) auipc   t5, 0x2
core   0: 3 0x8000b676 (0x00002f17) x30 0x8000d676
core   0: 0x8000b67a (0x983f2523) sw      gp, -1654(t5)
core   0: 3 0x8000b67a (0x983f2523) mem 0x8000d000 0x00000001
core   0: 0x8000b67e (0x0000bfe5) c.j     pc - 8
core   0: 3 0x8000b67e (0xbfe5)
core   0: 0x8000b676 (0x00002f17) auipc   t5, 0x2
core   0: 3 0x8000b676 (0x00002f17) x30 0x8000d676
core   0: 0x8000b67a (0x983f2523) sw      gp, -1654(t5)
core   0: 3 0x8000b67a (0x983f2523) mem 0x8000d000 0x00000001
core   0: 0x8000b67e (0x0000bfe5) c.j     pc - 8
core   0: 3 0x8000b67e (0xbfe5)
core   0: 0x8000b676 (0x00002f17) auipc   t5, 0x2
core   0: 3 0x8000b676 (0x00002f17) x30 0x8000d676
core   0: 0x8000b67a (0x983f2523) sw      gp, -1654(t5)
core   0: 3 0x8000b67a (0x983f2523) mem 0x8000d000 0x00000001
core   0: 0x8000b67e (0x0000bfe5) c.j     pc - 8
core   0: 3 0x8000b67e (0xbfe5)
core   0: 0x8000b676 (0x00002f17) auipc   t5, 0x2
core   0: 3 0x8000b676 (0x00002f17) x30 0x8000d676
core   0: 0x8000b67a (0x983f2523) sw      gp, -1654(t5)
core   0: 3 0x8000b67a (0x983f2523) mem 0x8000d000 0x00000001
core   0: 0x8000b67e (0x0000bfe5) c.j     pc - 8
core   0: 3 0x8000b67e (0xbfe5)
core   0: 0x8000b676 (0x00002f17) auipc   t5, 0x2
core   0: 3 0x8000b676 (0x00002f17) x30 0x8000d676
core   0: 0x8000b67a (0x983f2523) sw      gp, -1654(t5)
core   0: 3 0x8000b67a (0x983f2523) mem 0x8000d000 0x00000001
core   0: 0x8000b67e (0x0000bfe5) c.j     pc - 8
core   0: 3 0x8000b67e (0xbfe5)
core   0: 0x8000b676 (0x00002f17) auipc   t5, 0x2
core   0: 3 0x8000b676 (0x00002f17) x30 0x8000d676
core   0: 0x8000b67a (0x983f2523) sw      gp, -1654(t5)
core   0: 3 0x8000b67a (0x983f2523) mem 0x8000d000 0x00000001
core   0: 0x8000b67e (0x0000bfe5) c.j     pc - 8
core   0: 3 0x8000b67e (0xbfe5)
core   0: 0x8000b676 (0x00002f17) auipc   t5, 0x2
core   0: 3 0x8000b676 (0x00002f17) x30 0x8000d676
core   0: 0x8000b67a (0x983f2523) sw      gp, -1654(t5)
core   0: 3 0x8000b67a (0x983f2523) mem 0x8000d000 0x00000001
core   0: 0x8000b67e (0x0000bfe5) c.j     pc - 8
core   0: 3 0x8000b67e (0xbfe5)
core   0: 0x8000b676 (0x00002f17) auipc   t5, 0x2
core   0: 3 0x8000b676 (0x00002f17) x30 0x8000d676
core   0: 0x8000b67a (0x983f2523) sw      gp, -1654(t5)
core   0: 3 0x8000b67a (0x983f2523) mem 0x8000d000 0x00000001
core   0: 0x8000b67e (0x0000bfe5) c.j     pc - 8
core   0: 3 0x8000b67e (0xbfe5)
core   0: 0x8000b676 (0x00002f17) auipc   t5, 0x2
core   0: 3 0x8000b676 (0x00002f17) x30 0x8000d676
core   0: 0x8000b67a (0x983f2523) sw      gp, -1654(t5)
core   0: 3 0x8000b67a (0x983f2523) mem 0x8000d000 0x00000001
core   0: 0x8000b67e (0x0000bfe5) c.j     pc - 8
core   0: 3 0x8000b67e (0xbfe5)
core   0: 0x8000b676 (0x00002f17) auipc   t5, 0x2
core   0: 3 0x8000b676 (0x00002f17) x30 0x8000d676
core   0: 0x8000b67a (0x983f2523) sw      gp, -1654(t5)
core   0: 3 0x8000b67a (0x983f2523) mem 0x8000d000 0x00000001
core   0: 0x8000b67e (0x0000bfe5) c.j     pc - 8
core   0: 3 0x8000b67e (0xbfe5)
core   0: 0x8000b676 (0x00002f17) auipc   t5, 0x2
core   0: 3 0x8000b676 (0x00002f17) x30 0x8000d676
core   0: 0x8000b67a (0x983f2523) sw      gp, -1654(t5)
core   0: 3 0x8000b67a (0x983f2523) mem 0x8000d000 0x00000001
core   0: 0x8000b67e (0x0000bfe5) c.j     pc - 8
core   0: 3 0x8000b67e (0xbfe5)
core   0: 0x8000b676 (0x00002f17) auipc   t5, 0x2
core   0: 3 0x8000b676 (0x00002f17) x30 0x8000d676
core   0: 0x8000b67a (0x983f2523) sw      gp, -1654(t5)
core   0: 3 0x8000b67a (0x983f2523) mem 0x8000d000 0x00000001
core   0: 0x8000b67e (0x0000bfe5) c.j     pc - 8
core   0: 3 0x8000b67e (0xbfe5)
core   0: 0x8000b676 (0x00002f17) auipc   t5, 0x2
core   0: 3 0x8000b676 (0x00002f17) x30 0x8000d676
core   0: 0x8000b67a (0x983f2523) sw      gp, -1654(t5)
core   0: 3 0x8000b67a (0x983f2523) mem 0x8000d000 0x00000001
core   0: 0x8000b67e (0x0000bfe5) c.j     pc - 8
core   0: 3 0x8000b67e (0xbfe5)
core   0: 0x8000b676 (0x00002f17) auipc   t5, 0x2
core   0: 3 0x8000b676 (0x00002f17) x30 0x8000d676
core   0: 0x8000b67a (0x983f2523) sw      gp, -1654(t5)
core   0: 3 0x8000b67a (0x983f2523) mem 0x8000d000 0x00000001
core   0: 0x8000b67e (0x0000bfe5) c.j     pc - 8
core   0: 3 0x8000b67e (0xbfe5)
core   0: 0x8000b676 (0x00002f17) auipc   t5, 0x2
core   0: 3 0x8000b676 (0x00002f17) x30 0x8000d676
core   0: 0x8000b67a (0x983f2523) sw      gp, -1654(t5)
core   0: 3 0x8000b67a (0x983f2523) mem 0x8000d000 0x00000001
core   0: 0x8000b67e (0x0000bfe5) c.j     pc - 8
core   0: 3 0x8000b67e (0xbfe5)
core   0: 0x8000b676 (0x00002f17) auipc   t5, 0x2
core   0: 3 0x8000b676 (0x00002f17) x30 0x8000d676
core   0: 0x8000b67a (0x983f2523) sw      gp, -1654(t5)
core   0: 3 0x8000b67a (0x983f2523) mem 0x8000d000 0x00000001
core   0: 0x8000b67e (0x0000bfe5) c.j     pc - 8
core   0: 3 0x8000b67e (0xbfe5)
core   0: 0x8000b676 (0x00002f17) auipc   t5, 0x2
core   0: 3 0x8000b676 (0x00002f17) x30 0x8000d676
core   0: 0x8000b67a (0x983f2523) sw      gp, -1654(t5)
core   0: 3 0x8000b67a (0x983f2523) mem 0x8000d000 0x00000001
core   0: 0x8000b67e (0x0000bfe5) c.j     pc - 8
core   0: 3 0x8000b67e (0xbfe5)
core   0: 0x8000b676 (0x00002f17) auipc   t5, 0x2
core   0: 3 0x8000b676 (0x00002f17) x30 0x8000d676
core   0: 0x8000b67a (0x983f2523) sw      gp, -1654(t5)
core   0: 3 0x8000b67a (0x983f2523) mem 0x8000d000 0x00000001
core   0: 0x8000b67e (0x0000bfe5) c.j     pc - 8
core   0: 3 0x8000b67e (0xbfe5)
core   0: 0x8000b676 (0x00002f17) auipc   t5, 0x2
core   0: 3 0x8000b676 (0x00002f17) x30 0x8000d676
core   0: 0x8000b67a (0x983f2523) sw      gp, -1654(t5)
core   0: 3 0x8000b67a (0x983f2523) mem 0x8000d000 0x00000001
core   0: 0x8000b67e (0x0000bfe5) c.j     pc - 8
core   0: 3 0x8000b67e (0xbfe5)
core   0: 0x8000b676 (0x00002f17) auipc   t5, 0x2
core   0: 3 0x8000b676 (0x00002f17) x30 0x8000d676
core   0: 0x8000b67a (0x983f2523) sw      gp, -1654(t5)
core   0: 3 0x8000b67a (0x983f2523) mem 0x8000d000 0x00000001
core   0: 0x8000b67e (0x0000bfe5) c.j     pc - 8
core   0: 3 0x8000b67e (0xbfe5)
core   0: 0x8000b676 (0x00002f17) auipc   t5, 0x2
core   0: 3 0x8000b676 (0x00002f17) x30 0x8000d676
core   0: 0x8000b67a (0x983f2523) sw      gp, -1654(t5)
core   0: 3 0x8000b67a (0x983f2523) mem 0x8000d000 0x00000001
core   0: 0x8000b67e (0x0000bfe5) c.j     pc - 8
core   0: 3 0x8000b67e (0xbfe5)
core   0: 0x8000b676 (0x00002f17) auipc   t5, 0x2
core   0: 3 0x8000b676 (0x00002f17) x30 0x8000d676
core   0: 0x8000b67a (0x983f2523) sw      gp, -1654(t5)
core   0: 3 0x8000b67a (0x983f2523) mem 0x8000d000 0x00000001
core   0: 0x8000b67e (0x0000bfe5) c.j     pc - 8
core   0: 3 0x8000b67e (0xbfe5)
core   0: 0x8000b676 (0x00002f17) auipc   t5, 0x2
core   0: 3 0x8000b676 (0x00002f17) x30 0x8000d676
core   0: 0x8000b67a (0x983f2523) sw      gp, -1654(t5)
core   0: 3 0x8000b67a (0x983f2523) mem 0x8000d000 0x00000001
core   0: 0x8000b67e (0x0000bfe5) c.j     pc - 8
core   0: 3 0x8000b67e (0xbfe5)
core   0: 0x8000b676 (0x00002f17) auipc   t5, 0x2
core   0: 3 0x8000b676 (0x00002f17) x30 0x8000d676
core   0: 0x8000b67a (0x983f2523) sw      gp, -1654(t5)
core   0: 3 0x8000b67a (0x983f2523) mem 0x8000d000 0x00000001
core   0: 0x8000b67e (0x0000bfe5) c.j     pc - 8
core   0: 3 0x8000b67e (0xbfe5)
core   0: 0x8000b676 (0x00002f17) auipc   t5, 0x2
core   0: 3 0x8000b676 (0x00002f17) x30 0x8000d676
core   0: 0x8000b67a (0x983f2523) sw      gp, -1654(t5)
core   0: 3 0x8000b67a (0x983f2523) mem 0x8000d000 0x00000001
core   0: 0x8000b67e (0x0000bfe5) c.j     pc - 8
core   0: 3 0x8000b67e (0xbfe5)
core   0: 0x8000b676 (0x00002f17) auipc   t5, 0x2
core   0: 3 0x8000b676 (0x00002f17) x30 0x8000d676
core   0: 0x8000b67a (0x983f2523) sw      gp, -1654(t5)
core   0: 3 0x8000b67a (0x983f2523) mem 0x8000d000 0x00000001
core   0: 0x8000b67e (0x0000bfe5) c.j     pc - 8
core   0: 3 0x8000b67e (0xbfe5)
core   0: 0x8000b676 (0x00002f17) auipc   t5, 0x2
core   0: 3 0x8000b676 (0x00002f17) x30 0x8000d676
core   0: 0x8000b67a (0x983f2523) sw      gp, -1654(t5)
core   0: 3 0x8000b67a (0x983f2523) mem 0x8000d000 0x00000001
core   0: 0x8000b67e (0x0000bfe5) c.j     pc - 8
core   0: 3 0x8000b67e (0xbfe5)
core   0: 0x8000b676 (0x00002f17) auipc   t5, 0x2
core   0: 3 0x8000b676 (0x00002f17) x30 0x8000d676
core   0: 0x8000b67a (0x983f2523) sw      gp, -1654(t5)
core   0: 3 0x8000b67a (0x983f2523) mem 0x8000d000 0x00000001
core   0: 0x8000b67e (0x0000bfe5) c.j     pc - 8
core   0: 3 0x8000b67e (0xbfe5)
core   0: 0x8000b676 (0x00002f17) auipc   t5, 0x2
core   0: 3 0x8000b676 (0x00002f17) x30 0x8000d676
core   0: 0x8000b67a (0x983f2523) sw      gp, -1654(t5)
core   0: 3 0x8000b67a (0x983f2523) mem 0x8000d000 0x00000001
core   0: 0x8000b67e (0x0000bfe5) c.j     pc - 8
core   0: 3 0x8000b67e (0xbfe5)
core   0: 0x8000b676 (0x00002f17) auipc   t5, 0x2
core   0: 3 0x8000b676 (0x00002f17) x30 0x8000d676
core   0: 0x8000b67a (0x983f2523) sw      gp, -1654(t5)
core   0: 3 0x8000b67a (0x983f2523) mem 0x8000d000 0x00000001
core   0: 0x8000b67e (0x0000bfe5) c.j     pc - 8
core   0: 3 0x8000b67e (0xbfe5)
core   0: 0x8000b676 (0x00002f17) auipc   t5, 0x2
core   0: 3 0x8000b676 (0x00002f17) x30 0x8000d676
core   0: 0x8000b67a (0x983f2523) sw      gp, -1654(t5)
core   0: 3 0x8000b67a (0x983f2523) mem 0x8000d000 0x00000001
core   0: 0x8000b67e (0x0000bfe5) c.j     pc - 8
core   0: 3 0x8000b67e (0xbfe5)
core   0: 0x8000b676 (0x00002f17) auipc   t5, 0x2
core   0: 3 0x8000b676 (0x00002f17) x30 0x8000d676
core   0: 0x8000b67a (0x983f2523) sw      gp, -1654(t5)
core   0: 3 0x8000b67a (0x983f2523) mem 0x8000d000 0x00000001
core   0: 0x8000b67e (0x0000bfe5) c.j     pc - 8
core   0: 3 0x8000b67e (0xbfe5)
core   0: 0x8000b676 (0x00002f17) auipc   t5, 0x2
core   0: 3 0x8000b676 (0x00002f17) x30 0x8000d676
core   0: 0x8000b67a (0x983f2523) sw      gp, -1654(t5)
core   0: 3 0x8000b67a (0x983f2523) mem 0x8000d000 0x00000001
core   0: 0x8000b67e (0x0000bfe5) c.j     pc - 8
core   0: 3 0x8000b67e (0xbfe5)
core   0: 0x8000b676 (0x00002f17) auipc   t5, 0x2
core   0: 3 0x8000b676 (0x00002f17) x30 0x8000d676
core   0: 0x8000b67a (0x983f2523) sw      gp, -1654(t5)
core   0: 3 0x8000b67a (0x983f2523) mem 0x8000d000 0x00000001
core   0: 0x8000b67e (0x0000bfe5) c.j     pc - 8
core   0: 3 0x8000b67e (0xbfe5)
core   0: 0x8000b676 (0x00002f17) auipc   t5, 0x2
core   0: 3 0x8000b676 (0x00002f17) x30 0x8000d676
core   0: 0x8000b67a (0x983f2523) sw      gp, -1654(t5)
core   0: 3 0x8000b67a (0x983f2523) mem 0x8000d000 0x00000001
core   0: 0x8000b67e (0x0000bfe5) c.j     pc - 8
core   0: 3 0x8000b67e (0xbfe5)
core   0: 0x8000b676 (0x00002f17) auipc   t5, 0x2
core   0: 3 0x8000b676 (0x00002f17) x30 0x8000d676
core   0: 0x8000b67a (0x983f2523) sw      gp, -1654(t5)
core   0: 3 0x8000b67a (0x983f2523) mem 0x8000d000 0x00000001
core   0: 0x8000b67e (0x0000bfe5) c.j     pc - 8
core   0: 3 0x8000b67e (0xbfe5)
core   0: 0x8000b676 (0x00002f17) auipc   t5, 0x2
core   0: 3 0x8000b676 (0x00002f17) x30 0x8000d676
core   0: 0x8000b67a (0x983f2523) sw      gp, -1654(t5)
core   0: 3 0x8000b67a (0x983f2523) mem 0x8000d000 0x00000001
core   0: 0x8000b67e (0x0000bfe5) c.j     pc - 8
core   0: 3 0x8000b67e (0xbfe5)
core   0: 0x8000b676 (0x00002f17) auipc   t5, 0x2
core   0: 3 0x8000b676 (0x00002f17) x30 0x8000d676
core   0: 0x8000b67a (0x983f2523) sw      gp, -1654(t5)
core   0: 3 0x8000b67a (0x983f2523) mem 0x8000d000 0x00000001
core   0: 0x8000b67e (0x0000bfe5) c.j     pc - 8
core   0: 3 0x8000b67e (0xbfe5)
core   0: 0x8000b676 (0x00002f17) auipc   t5, 0x2
core   0: 3 0x8000b676 (0x00002f17) x30 0x8000d676
core   0: 0x8000b67a (0x983f2523) sw      gp, -1654(t5)
core   0: 3 0x8000b67a (0x983f2523) mem 0x8000d000 0x00000001
core   0: 0x8000b67e (0x0000bfe5) c.j     pc - 8
core   0: 3 0x8000b67e (0xbfe5)
core   0: 0x8000b676 (0x00002f17) auipc   t5, 0x2
core   0: 3 0x8000b676 (0x00002f17) x30 0x8000d676
core   0: 0x8000b67a (0x983f2523) sw      gp, -1654(t5)
core   0: 3 0x8000b67a (0x983f2523) mem 0x8000d000 0x00000001
core   0: 0x8000b67e (0x0000bfe5) c.j     pc - 8
core   0: 3 0x8000b67e (0xbfe5)
core   0: 0x8000b676 (0x00002f17) auipc   t5, 0x2
core   0: 3 0x8000b676 (0x00002f17) x30 0x8000d676
core   0: 0x8000b67a (0x983f2523) sw      gp, -1654(t5)
core   0: 3 0x8000b67a (0x983f2523) mem 0x8000d000 0x00000001
core   0: 0x8000b67e (0x0000bfe5) c.j     pc - 8
core   0: 3 0x8000b67e (0xbfe5)
core   0: 0x8000b676 (0x00002f17) auipc   t5, 0x2
core   0: 3 0x8000b676 (0x00002f17) x30 0x8000d676
core   0: 0x8000b67a (0x983f2523) sw      gp, -1654(t5)
core   0: 3 0x8000b67a (0x983f2523) mem 0x8000d000 0x00000001
core   0: 0x8000b67e (0x0000bfe5) c.j     pc - 8
core   0: 3 0x8000b67e (0xbfe5)
core   0: 0x8000b676 (0x00002f17) auipc   t5, 0x2
core   0: 3 0x8000b676 (0x00002f17) x30 0x8000d676
core   0: 0x8000b67a (0x983f2523) sw      gp, -1654(t5)
core   0: 3 0x8000b67a (0x983f2523) mem 0x8000d000 0x00000001
core   0: 0x8000b67e (0x0000bfe5) c.j     pc - 8
core   0: 3 0x8000b67e (0xbfe5)
core   0: 0x8000b676 (0x00002f17) auipc   t5, 0x2
core   0: 3 0x8000b676 (0x00002f17) x30 0x8000d676
core   0: 0x8000b67a (0x983f2523) sw      gp, -1654(t5)
core   0: 3 0x8000b67a (0x983f2523) mem 0x8000d000 0x00000001
core   0: 0x8000b67e (0x0000bfe5) c.j     pc - 8
core   0: 3 0x8000b67e (0xbfe5)
core   0: 0x8000b676 (0x00002f17) auipc   t5, 0x2
core   0: 3 0x8000b676 (0x00002f17) x30 0x8000d676
core   0: 0x8000b67a (0x983f2523) sw      gp, -1654(t5)
core   0: 3 0x8000b67a (0x983f2523) mem 0x8000d000 0x00000001
core   0: 0x8000b67e (0x0000bfe5) c.j     pc - 8
core   0: 3 0x8000b67e (0xbfe5)
core   0: 0x8000b676 (0x00002f17) auipc   t5, 0x2
core   0: 3 0x8000b676 (0x00002f17) x30 0x8000d676
core   0: 0x8000b67a (0x983f2523) sw      gp, -1654(t5)
core   0: 3 0x8000b67a (0x983f2523) mem 0x8000d000 0x00000001
core   0: 0x8000b67e (0x0000bfe5) c.j     pc - 8
core   0: 3 0x8000b67e (0xbfe5)
core   0: 0x8000b676 (0x00002f17) auipc   t5, 0x2
core   0: 3 0x8000b676 (0x00002f17) x30 0x8000d676
core   0: 0x8000b67a (0x983f2523) sw      gp, -1654(t5)
core   0: 3 0x8000b67a (0x983f2523) mem 0x8000d000 0x00000001
core   0: 0x8000b67e (0x0000bfe5) c.j     pc - 8
core   0: 3 0x8000b67e (0xbfe5)
core   0: 0x8000b676 (0x00002f17) auipc   t5, 0x2
core   0: 3 0x8000b676 (0x00002f17) x30 0x8000d676
core   0: 0x8000b67a (0x983f2523) sw      gp, -1654(t5)
core   0: 3 0x8000b67a (0x983f2523) mem 0x8000d000 0x00000001
core   0: 0x8000b67e (0x0000bfe5) c.j     pc - 8
core   0: 3 0x8000b67e (0xbfe5)
core   0: 0x8000b676 (0x00002f17) auipc   t5, 0x2
core   0: 3 0x8000b676 (0x00002f17) x30 0x8000d676
core   0: 0x8000b67a (0x983f2523) sw      gp, -1654(t5)
core   0: 3 0x8000b67a (0x983f2523) mem 0x8000d000 0x00000001
core   0: 0x8000b67e (0x0000bfe5) c.j     pc - 8
core   0: 3 0x8000b67e (0xbfe5)
core   0: 0x8000b676 (0x00002f17) auipc   t5, 0x2
core   0: 3 0x8000b676 (0x00002f17) x30 0x8000d676
core   0: 0x8000b67a (0x983f2523) sw      gp, -1654(t5)
core   0: 3 0x8000b67a (0x983f2523) mem 0x8000d000 0x00000001
core   0: 0x8000b67e (0x0000bfe5) c.j     pc - 8
core   0: 3 0x8000b67e (0xbfe5)
core   0: 0x8000b676 (0x00002f17) auipc   t5, 0x2
core   0: 3 0x8000b676 (0x00002f17) x30 0x8000d676
core   0: 0x8000b67a (0x983f2523) sw      gp, -1654(t5)
core   0: 3 0x8000b67a (0x983f2523) mem 0x8000d000 0x00000001
core   0: 0x8000b67e (0x0000bfe5) c.j     pc - 8
core   0: 3 0x8000b67e (0xbfe5)
core   0: 0x8000b676 (0x00002f17) auipc   t5, 0x2
core   0: 3 0x8000b676 (0x00002f17) x30 0x8000d676
core   0: 0x8000b67a (0x983f2523) sw      gp, -1654(t5)
core   0: 3 0x8000b67a (0x983f2523) mem 0x8000d000 0x00000001
core   0: 0x8000b67e (0x0000bfe5) c.j     pc - 8
core   0: 3 0x8000b67e (0xbfe5)
core   0: 0x8000b676 (0x00002f17) auipc   t5, 0x2
core   0: 3 0x8000b676 (0x00002f17) x30 0x8000d676
core   0: 0x8000b67a (0x983f2523) sw      gp, -1654(t5)
core   0: 3 0x8000b67a (0x983f2523) mem 0x8000d000 0x00000001
core   0: 0x8000b67e (0x0000bfe5) c.j     pc - 8
core   0: 3 0x8000b67e (0xbfe5)
core   0: 0x8000b676 (0x00002f17) auipc   t5, 0x2
core   0: 3 0x8000b676 (0x00002f17) x30 0x8000d676
core   0: 0x8000b67a (0x983f2523) sw      gp, -1654(t5)
core   0: 3 0x8000b67a (0x983f2523) mem 0x8000d000 0x00000001
core   0: 0x8000b67e (0x0000bfe5) c.j     pc - 8
core   0: 3 0x8000b67e (0xbfe5)
core   0: 0x8000b676 (0x00002f17) auipc   t5, 0x2
core   0: 3 0x8000b676 (0x00002f17) x30 0x8000d676
core   0: 0x8000b67a (0x983f2523) sw      gp, -1654(t5)
core   0: 3 0x8000b67a (0x983f2523) mem 0x8000d000 0x00000001
core   0: 0x8000b67e (0x0000bfe5) c.j     pc - 8
core   0: 3 0x8000b67e (0xbfe5)
core   0: 0x8000b676 (0x00002f17) auipc   t5, 0x2
core   0: 3 0x8000b676 (0x00002f17) x30 0x8000d676
core   0: 0x8000b67a (0x983f2523) sw      gp, -1654(t5)
core   0: 3 0x8000b67a (0x983f2523) mem 0x8000d000 0x00000001
core   0: 0x8000b67e (0x0000bfe5) c.j     pc - 8
core   0: 3 0x8000b67e (0xbfe5)
core   0: 0x8000b676 (0x00002f17) auipc   t5, 0x2
core   0: 3 0x8000b676 (0x00002f17) x30 0x8000d676
core   0: 0x8000b67a (0x983f2523) sw      gp, -1654(t5)
core   0: 3 0x8000b67a (0x983f2523) mem 0x8000d000 0x00000001
core   0: 0x8000b67e (0x0000bfe5) c.j     pc - 8
core   0: 3 0x8000b67e (0xbfe5)
core   0: 0x8000b676 (0x00002f17) auipc   t5, 0x2
core   0: 3 0x8000b676 (0x00002f17) x30 0x8000d676
core   0: 0x8000b67a (0x983f2523) sw      gp, -1654(t5)
core   0: 3 0x8000b67a (0x983f2523) mem 0x8000d000 0x00000001
core   0: 0x8000b67e (0x0000bfe5) c.j     pc - 8
core   0: 3 0x8000b67e (0xbfe5)
core   0: 0x8000b676 (0x00002f17) auipc   t5, 0x2
core   0: 3 0x8000b676 (0x00002f17) x30 0x8000d676
core   0: 0x8000b67a (0x983f2523) sw      gp, -1654(t5)
core   0: 3 0x8000b67a (0x983f2523) mem 0x8000d000 0x00000001
core   0: 0x8000b67e (0x0000bfe5) c.j     pc - 8
core   0: 3 0x8000b67e (0xbfe5)
core   0: 0x8000b676 (0x00002f17) auipc   t5, 0x2
core   0: 3 0x8000b676 (0x00002f17) x30 0x8000d676
core   0: 0x8000b67a (0x983f2523) sw      gp, -1654(t5)
core   0: 3 0x8000b67a (0x983f2523) mem 0x8000d000 0x00000001
core   0: 0x8000b67e (0x0000bfe5) c.j     pc - 8
core   0: 3 0x8000b67e (0xbfe5)
core   0: 0x8000b676 (0x00002f17) auipc   t5, 0x2
core   0: 3 0x8000b676 (0x00002f17) x30 0x8000d676
core   0: 0x8000b67a (0x983f2523) sw      gp, -1654(t5)
core   0: 3 0x8000b67a (0x983f2523) mem 0x8000d000 0x00000001
core   0: 0x8000b67e (0x0000bfe5) c.j     pc - 8
core   0: 3 0x8000b67e (0xbfe5)
core   0: 0x8000b676 (0x00002f17) auipc   t5, 0x2
core   0: 3 0x8000b676 (0x00002f17) x30 0x8000d676
core   0: 0x8000b67a (0x983f2523) sw      gp, -1654(t5)
core   0: 3 0x8000b67a (0x983f2523) mem 0x8000d000 0x00000001
core   0: 0x8000b67e (0x0000bfe5) c.j     pc - 8
core   0: 3 0x8000b67e (0xbfe5)
core   0: 0x8000b676 (0x00002f17) auipc   t5, 0x2
core   0: 3 0x8000b676 (0x00002f17) x30 0x8000d676
core   0: 0x8000b67a (0x983f2523) sw      gp, -1654(t5)
core   0: 3 0x8000b67a (0x983f2523) mem 0x8000d000 0x00000001
core   0: 0x8000b67e (0x0000bfe5) c.j     pc - 8
core   0: 3 0x8000b67e (0xbfe5)
core   0: 0x8000b676 (0x00002f17) auipc   t5, 0x2
core   0: 3 0x8000b676 (0x00002f17) x30 0x8000d676
core   0: 0x8000b67a (0x983f2523) sw      gp, -1654(t5)
core   0: 3 0x8000b67a (0x983f2523) mem 0x8000d000 0x00000001
core   0: 0x8000b67e (0x0000bfe5) c.j     pc - 8
core   0: 3 0x8000b67e (0xbfe5)
core   0: 0x8000b676 (0x00002f17) auipc   t5, 0x2
core   0: 3 0x8000b676 (0x00002f17) x30 0x8000d676
core   0: 0x8000b67a (0x983f2523) sw      gp, -1654(t5)
core   0: 3 0x8000b67a (0x983f2523) mem 0x8000d000 0x00000001
core   0: 0x8000b67e (0x0000bfe5) c.j     pc - 8
core   0: 3 0x8000b67e (0xbfe5)
core   0: 0x8000b676 (0x00002f17) auipc   t5, 0x2
core   0: 3 0x8000b676 (0x00002f17) x30 0x8000d676
core   0: 0x8000b67a (0x983f2523) sw      gp, -1654(t5)
core   0: 3 0x8000b67a (0x983f2523) mem 0x8000d000 0x00000001
core   0: 0x8000b67e (0x0000bfe5) c.j     pc - 8
core   0: 3 0x8000b67e (0xbfe5)
core   0: 0x8000b676 (0x00002f17) auipc   t5, 0x2
core   0: 3 0x8000b676 (0x00002f17) x30 0x8000d676
core   0: 0x8000b67a (0x983f2523) sw      gp, -1654(t5)
core   0: 3 0x8000b67a (0x983f2523) mem 0x8000d000 0x00000001
core   0: 0x8000b67e (0x0000bfe5) c.j     pc - 8
core   0: 3 0x8000b67e (0xbfe5)
core   0: 0x8000b676 (0x00002f17) auipc   t5, 0x2
core   0: 3 0x8000b676 (0x00002f17) x30 0x8000d676
core   0: 0x8000b67a (0x983f2523) sw      gp, -1654(t5)
core   0: 3 0x8000b67a (0x983f2523) mem 0x8000d000 0x00000001
core   0: 0x8000b67e (0x0000bfe5) c.j     pc - 8
core   0: 3 0x8000b67e (0xbfe5)
core   0: 0x8000b676 (0x00002f17) auipc   t5, 0x2
core   0: 3 0x8000b676 (0x00002f17) x30 0x8000d676
core   0: 0x8000b67a (0x983f2523) sw      gp, -1654(t5)
core   0: 3 0x8000b67a (0x983f2523) mem 0x8000d000 0x00000001
core   0: 0x8000b67e (0x0000bfe5) c.j     pc - 8
core   0: 3 0x8000b67e (0xbfe5)
core   0: 0x8000b676 (0x00002f17) auipc   t5, 0x2
core   0: 3 0x8000b676 (0x00002f17) x30 0x8000d676
core   0: 0x8000b67a (0x983f2523) sw      gp, -1654(t5)
core   0: 3 0x8000b67a (0x983f2523) mem 0x8000d000 0x00000001
core   0: 0x8000b67e (0x0000bfe5) c.j     pc - 8
core   0: 3 0x8000b67e (0xbfe5)
core   0: 0x8000b676 (0x00002f17) auipc   t5, 0x2
core   0: 3 0x8000b676 (0x00002f17) x30 0x8000d676
core   0: 0x8000b67a (0x983f2523) sw      gp, -1654(t5)
core   0: 3 0x8000b67a (0x983f2523) mem 0x8000d000 0x00000001
core   0: 0x8000b67e (0x0000bfe5) c.j     pc - 8
core   0: 3 0x8000b67e (0xbfe5)
core   0: 0x8000b676 (0x00002f17) auipc   t5, 0x2
core   0: 3 0x8000b676 (0x00002f17) x30 0x8000d676
core   0: 0x8000b67a (0x983f2523) sw      gp, -1654(t5)
core   0: 3 0x8000b67a (0x983f2523) mem 0x8000d000 0x00000001
core   0: 0x8000b67e (0x0000bfe5) c.j     pc - 8
core   0: 3 0x8000b67e (0xbfe5)
core   0: 0x8000b676 (0x00002f17) auipc   t5, 0x2
core   0: 3 0x8000b676 (0x00002f17) x30 0x8000d676
core   0: 0x8000b67a (0x983f2523) sw      gp, -1654(t5)
core   0: 3 0x8000b67a (0x983f2523) mem 0x8000d000 0x00000001
core   0: 0x8000b67e (0x0000bfe5) c.j     pc - 8
core   0: 3 0x8000b67e (0xbfe5)
core   0: 0x8000b676 (0x00002f17) auipc   t5, 0x2
core   0: 3 0x8000b676 (0x00002f17) x30 0x8000d676
core   0: 0x8000b67a (0x983f2523) sw      gp, -1654(t5)
core   0: 3 0x8000b67a (0x983f2523) mem 0x8000d000 0x00000001
core   0: 0x8000b67e (0x0000bfe5) c.j     pc - 8
core   0: 3 0x8000b67e (0xbfe5)
core   0: 0x8000b676 (0x00002f17) auipc   t5, 0x2
core   0: 3 0x8000b676 (0x00002f17) x30 0x8000d676
core   0: 0x8000b67a (0x983f2523) sw      gp, -1654(t5)
core   0: 3 0x8000b67a (0x983f2523) mem 0x8000d000 0x00000001
core   0: 0x8000b67e (0x0000bfe5) c.j     pc - 8
core   0: 3 0x8000b67e (0xbfe5)
core   0: 0x8000b676 (0x00002f17) auipc   t5, 0x2
core   0: 3 0x8000b676 (0x00002f17) x30 0x8000d676
core   0: 0x8000b67a (0x983f2523) sw      gp, -1654(t5)
core   0: 3 0x8000b67a (0x983f2523) mem 0x8000d000 0x00000001
core   0: 0x8000b67e (0x0000bfe5) c.j     pc - 8
core   0: 3 0x8000b67e (0xbfe5)
core   0: 0x8000b676 (0x00002f17) auipc   t5, 0x2
core   0: 3 0x8000b676 (0x00002f17) x30 0x8000d676
core   0: 0x8000b67a (0x983f2523) sw      gp, -1654(t5)
core   0: 3 0x8000b67a (0x983f2523) mem 0x8000d000 0x00000001
core   0: 0x8000b67e (0x0000bfe5) c.j     pc - 8
core   0: 3 0x8000b67e (0xbfe5)
core   0: 0x8000b676 (0x00002f17) auipc   t5, 0x2
core   0: 3 0x8000b676 (0x00002f17) x30 0x8000d676
core   0: 0x8000b67a (0x983f2523) sw      gp, -1654(t5)
core   0: 3 0x8000b67a (0x983f2523) mem 0x8000d000 0x00000001
core   0: 0x8000b67e (0x0000bfe5) c.j     pc - 8
core   0: 3 0x8000b67e (0xbfe5)
core   0: 0x8000b676 (0x00002f17) auipc   t5, 0x2
core   0: 3 0x8000b676 (0x00002f17) x30 0x8000d676
core   0: 0x8000b67a (0x983f2523) sw      gp, -1654(t5)
core   0: 3 0x8000b67a (0x983f2523) mem 0x8000d000 0x00000001
core   0: 0x8000b67e (0x0000bfe5) c.j     pc - 8
core   0: 3 0x8000b67e (0xbfe5)
core   0: 0x8000b676 (0x00002f17) auipc   t5, 0x2
core   0: 3 0x8000b676 (0x00002f17) x30 0x8000d676
core   0: 0x8000b67a (0x983f2523) sw      gp, -1654(t5)
core   0: 3 0x8000b67a (0x983f2523) mem 0x8000d000 0x00000001
core   0: 0x8000b67e (0x0000bfe5) c.j     pc - 8
core   0: 3 0x8000b67e (0xbfe5)
core   0: 0x8000b676 (0x00002f17) auipc   t5, 0x2
core   0: 3 0x8000b676 (0x00002f17) x30 0x8000d676
core   0: 0x8000b67a (0x983f2523) sw      gp, -1654(t5)
core   0: 3 0x8000b67a (0x983f2523) mem 0x8000d000 0x00000001
core   0: 0x8000b67e (0x0000bfe5) c.j     pc - 8
core   0: 3 0x8000b67e (0xbfe5)
core   0: 0x8000b676 (0x00002f17) auipc   t5, 0x2
core   0: 3 0x8000b676 (0x00002f17) x30 0x8000d676
core   0: 0x8000b67a (0x983f2523) sw      gp, -1654(t5)
core   0: 3 0x8000b67a (0x983f2523) mem 0x8000d000 0x00000001
core   0: 0x8000b67e (0x0000bfe5) c.j     pc - 8
core   0: 3 0x8000b67e (0xbfe5)
core   0: 0x8000b676 (0x00002f17) auipc   t5, 0x2
core   0: 3 0x8000b676 (0x00002f17) x30 0x8000d676
core   0: 0x8000b67a (0x983f2523) sw      gp, -1654(t5)
core   0: 3 0x8000b67a (0x983f2523) mem 0x8000d000 0x00000001
core   0: 0x8000b67e (0x0000bfe5) c.j     pc - 8
core   0: 3 0x8000b67e (0xbfe5)
core   0: 0x8000b676 (0x00002f17) auipc   t5, 0x2
core   0: 3 0x8000b676 (0x00002f17) x30 0x8000d676
core   0: 0x8000b67a (0x983f2523) sw      gp, -1654(t5)
core   0: 3 0x8000b67a (0x983f2523) mem 0x8000d000 0x00000001
core   0: 0x8000b67e (0x0000bfe5) c.j     pc - 8
core   0: 3 0x8000b67e (0xbfe5)
core   0: 0x8000b676 (0x00002f17) auipc   t5, 0x2
core   0: 3 0x8000b676 (0x00002f17) x30 0x8000d676
core   0: 0x8000b67a (0x983f2523) sw      gp, -1654(t5)
core   0: 3 0x8000b67a (0x983f2523) mem 0x8000d000 0x00000001
core   0: 0x8000b67e (0x0000bfe5) c.j     pc - 8
core   0: 3 0x8000b67e (0xbfe5)
core   0: 0x8000b676 (0x00002f17) auipc   t5, 0x2
core   0: 3 0x8000b676 (0x00002f17) x30 0x8000d676
core   0: 0x8000b67a (0x983f2523) sw      gp, -1654(t5)
core   0: 3 0x8000b67a (0x983f2523) mem 0x8000d000 0x00000001
core   0: 0x8000b67e (0x0000bfe5) c.j     pc - 8
core   0: 3 0x8000b67e (0xbfe5)
core   0: 0x8000b676 (0x00002f17) auipc   t5, 0x2
core   0: 3 0x8000b676 (0x00002f17) x30 0x8000d676
core   0: 0x8000b67a (0x983f2523) sw      gp, -1654(t5)
core   0: 3 0x8000b67a (0x983f2523) mem 0x8000d000 0x00000001
core   0: 0x8000b67e (0x0000bfe5) c.j     pc - 8
core   0: 3 0x8000b67e (0xbfe5)
core   0: 0x8000b676 (0x00002f17) auipc   t5, 0x2
core   0: 3 0x8000b676 (0x00002f17) x30 0x8000d676
core   0: 0x8000b67a (0x983f2523) sw      gp, -1654(t5)
core   0: 3 0x8000b67a (0x983f2523) mem 0x8000d000 0x00000001
core   0: 0x8000b67e (0x0000bfe5) c.j     pc - 8
core   0: 3 0x8000b67e (0xbfe5)
core   0: 0x8000b676 (0x00002f17) auipc   t5, 0x2
core   0: 3 0x8000b676 (0x00002f17) x30 0x8000d676
core   0: 0x8000b67a (0x983f2523) sw      gp, -1654(t5)
core   0: 3 0x8000b67a (0x983f2523) mem 0x8000d000 0x00000001
core   0: 0x8000b67e (0x0000bfe5) c.j     pc - 8
core   0: 3 0x8000b67e (0xbfe5)
core   0: 0x8000b676 (0x00002f17) auipc   t5, 0x2
core   0: 3 0x8000b676 (0x00002f17) x30 0x8000d676
core   0: 0x8000b67a (0x983f2523) sw      gp, -1654(t5)
core   0: 3 0x8000b67a (0x983f2523) mem 0x8000d000 0x00000001
core   0: 0x8000b67e (0x0000bfe5) c.j     pc - 8
core   0: 3 0x8000b67e (0xbfe5)
core   0: 0x8000b676 (0x00002f17) auipc   t5, 0x2
core   0: 3 0x8000b676 (0x00002f17) x30 0x8000d676
core   0: 0x8000b67a (0x983f2523) sw      gp, -1654(t5)
core   0: 3 0x8000b67a (0x983f2523) mem 0x8000d000 0x00000001
core   0: 0x8000b67e (0x0000bfe5) c.j     pc - 8
core   0: 3 0x8000b67e (0xbfe5)
core   0: 0x8000b676 (0x00002f17) auipc   t5, 0x2
core   0: 3 0x8000b676 (0x00002f17) x30 0x8000d676
core   0: 0x8000b67a (0x983f2523) sw      gp, -1654(t5)
core   0: 3 0x8000b67a (0x983f2523) mem 0x8000d000 0x00000001
core   0: 0x8000b67e (0x0000bfe5) c.j     pc - 8
core   0: 3 0x8000b67e (0xbfe5)
core   0: 0x8000b676 (0x00002f17) auipc   t5, 0x2
core   0: 3 0x8000b676 (0x00002f17) x30 0x8000d676
core   0: 0x8000b67a (0x983f2523) sw      gp, -1654(t5)
core   0: 3 0x8000b67a (0x983f2523) mem 0x8000d000 0x00000001
core   0: 0x8000b67e (0x0000bfe5) c.j     pc - 8
core   0: 3 0x8000b67e (0xbfe5)
core   0: 0x8000b676 (0x00002f17) auipc   t5, 0x2
core   0: 3 0x8000b676 (0x00002f17) x30 0x8000d676
core   0: 0x8000b67a (0x983f2523) sw      gp, -1654(t5)
core   0: 3 0x8000b67a (0x983f2523) mem 0x8000d000 0x00000001
core   0: 0x8000b67e (0x0000bfe5) c.j     pc - 8
core   0: 3 0x8000b67e (0xbfe5)
core   0: 0x8000b676 (0x00002f17) auipc   t5, 0x2
core   0: 3 0x8000b676 (0x00002f17) x30 0x8000d676
core   0: 0x8000b67a (0x983f2523) sw      gp, -1654(t5)
core   0: 3 0x8000b67a (0x983f2523) mem 0x8000d000 0x00000001
core   0: 0x8000b67e (0x0000bfe5) c.j     pc - 8
core   0: 3 0x8000b67e (0xbfe5)
core   0: 0x8000b676 (0x00002f17) auipc   t5, 0x2
core   0: 3 0x8000b676 (0x00002f17) x30 0x8000d676
core   0: 0x8000b67a (0x983f2523) sw      gp, -1654(t5)
core   0: 3 0x8000b67a (0x983f2523) mem 0x8000d000 0x00000001
core   0: 0x8000b67e (0x0000bfe5) c.j     pc - 8
core   0: 3 0x8000b67e (0xbfe5)
core   0: 0x8000b676 (0x00002f17) auipc   t5, 0x2
core   0: 3 0x8000b676 (0x00002f17) x30 0x8000d676
core   0: 0x8000b67a (0x983f2523) sw      gp, -1654(t5)
core   0: 3 0x8000b67a (0x983f2523) mem 0x8000d000 0x00000001
core   0: 0x8000b67e (0x0000bfe5) c.j     pc - 8
core   0: 3 0x8000b67e (0xbfe5)
core   0: 0x8000b676 (0x00002f17) auipc   t5, 0x2
core   0: 3 0x8000b676 (0x00002f17) x30 0x8000d676
core   0: 0x8000b67a (0x983f2523) sw      gp, -1654(t5)
core   0: 3 0x8000b67a (0x983f2523) mem 0x8000d000 0x00000001
core   0: 0x8000b67e (0x0000bfe5) c.j     pc - 8
core   0: 3 0x8000b67e (0xbfe5)
core   0: 0x8000b676 (0x00002f17) auipc   t5, 0x2
core   0: 3 0x8000b676 (0x00002f17) x30 0x8000d676
core   0: 0x8000b67a (0x983f2523) sw      gp, -1654(t5)
core   0: 3 0x8000b67a (0x983f2523) mem 0x8000d000 0x00000001
core   0: 0x8000b67e (0x0000bfe5) c.j     pc - 8
core   0: 3 0x8000b67e (0xbfe5)
core   0: 0x8000b676 (0x00002f17) auipc   t5, 0x2
core   0: 3 0x8000b676 (0x00002f17) x30 0x8000d676
core   0: 0x8000b67a (0x983f2523) sw      gp, -1654(t5)
core   0: 3 0x8000b67a (0x983f2523) mem 0x8000d000 0x00000001
core   0: 0x8000b67e (0x0000bfe5) c.j     pc - 8
core   0: 3 0x8000b67e (0xbfe5)
core   0: 0x8000b676 (0x00002f17) auipc   t5, 0x2
core   0: 3 0x8000b676 (0x00002f17) x30 0x8000d676
core   0: 0x8000b67a (0x983f2523) sw      gp, -1654(t5)
core   0: 3 0x8000b67a (0x983f2523) mem 0x8000d000 0x00000001
core   0: 0x8000b67e (0x0000bfe5) c.j     pc - 8
core   0: 3 0x8000b67e (0xbfe5)
core   0: 0x8000b676 (0x00002f17) auipc   t5, 0x2
core   0: 3 0x8000b676 (0x00002f17) x30 0x8000d676
core   0: 0x8000b67a (0x983f2523) sw      gp, -1654(t5)
core   0: 3 0x8000b67a (0x983f2523) mem 0x8000d000 0x00000001
core   0: 0x8000b67e (0x0000bfe5) c.j     pc - 8
core   0: 3 0x8000b67e (0xbfe5)
core   0: 0x8000b676 (0x00002f17) auipc   t5, 0x2
core   0: 3 0x8000b676 (0x00002f17) x30 0x8000d676
core   0: 0x8000b67a (0x983f2523) sw      gp, -1654(t5)
core   0: 3 0x8000b67a (0x983f2523) mem 0x8000d000 0x00000001
core   0: 0x8000b67e (0x0000bfe5) c.j     pc - 8
core   0: 3 0x8000b67e (0xbfe5)
core   0: 0x8000b676 (0x00002f17) auipc   t5, 0x2
core   0: 3 0x8000b676 (0x00002f17) x30 0x8000d676
core   0: 0x8000b67a (0x983f2523) sw      gp, -1654(t5)
core   0: 3 0x8000b67a (0x983f2523) mem 0x8000d000 0x00000001
core   0: 0x8000b67e (0x0000bfe5) c.j     pc - 8
core   0: 3 0x8000b67e (0xbfe5)
core   0: 0x8000b676 (0x00002f17) auipc   t5, 0x2
core   0: 3 0x8000b676 (0x00002f17) x30 0x8000d676
core   0: 0x8000b67a (0x983f2523) sw      gp, -1654(t5)
core   0: 3 0x8000b67a (0x983f2523) mem 0x8000d000 0x00000001
core   0: 0x8000b67e (0x0000bfe5) c.j     pc - 8
core   0: 3 0x8000b67e (0xbfe5)
core   0: 0x8000b676 (0x00002f17) auipc   t5, 0x2
core   0: 3 0x8000b676 (0x00002f17) x30 0x8000d676
core   0: 0x8000b67a (0x983f2523) sw      gp, -1654(t5)
core   0: 3 0x8000b67a (0x983f2523) mem 0x8000d000 0x00000001
core   0: 0x8000b67e (0x0000bfe5) c.j     pc - 8
core   0: 3 0x8000b67e (0xbfe5)
core   0: 0x8000b676 (0x00002f17) auipc   t5, 0x2
core   0: 3 0x8000b676 (0x00002f17) x30 0x8000d676
core   0: 0x8000b67a (0x983f2523) sw      gp, -1654(t5)
core   0: 3 0x8000b67a (0x983f2523) mem 0x8000d000 0x00000001
core   0: 0x8000b67e (0x0000bfe5) c.j     pc - 8
core   0: 3 0x8000b67e (0xbfe5)
core   0: 0x8000b676 (0x00002f17) auipc   t5, 0x2
core   0: 3 0x8000b676 (0x00002f17) x30 0x8000d676
core   0: 0x8000b67a (0x983f2523) sw      gp, -1654(t5)
core   0: 3 0x8000b67a (0x983f2523) mem 0x8000d000 0x00000001
core   0: 0x8000b67e (0x0000bfe5) c.j     pc - 8
core   0: 3 0x8000b67e (0xbfe5)
core   0: 0x8000b676 (0x00002f17) auipc   t5, 0x2
core   0: 3 0x8000b676 (0x00002f17) x30 0x8000d676
core   0: 0x8000b67a (0x983f2523) sw      gp, -1654(t5)
core   0: 3 0x8000b67a (0x983f2523) mem 0x8000d000 0x00000001
core   0: 0x8000b67e (0x0000bfe5) c.j     pc - 8
core   0: 3 0x8000b67e (0xbfe5)
core   0: 0x8000b676 (0x00002f17) auipc   t5, 0x2
core   0: 3 0x8000b676 (0x00002f17) x30 0x8000d676
core   0: 0x8000b67a (0x983f2523) sw      gp, -1654(t5)
core   0: 3 0x8000b67a (0x983f2523) mem 0x8000d000 0x00000001
core   0: 0x8000b67e (0x0000bfe5) c.j     pc - 8
core   0: 3 0x8000b67e (0xbfe5)
core   0: 0x8000b676 (0x00002f17) auipc   t5, 0x2
core   0: 3 0x8000b676 (0x00002f17) x30 0x8000d676
core   0: 0x8000b67a (0x983f2523) sw      gp, -1654(t5)
core   0: 3 0x8000b67a (0x983f2523) mem 0x8000d000 0x00000001
core   0: 0x8000b67e (0x0000bfe5) c.j     pc - 8
core   0: 3 0x8000b67e (0xbfe5)
core   0: 0x8000b676 (0x00002f17) auipc   t5, 0x2
core   0: 3 0x8000b676 (0x00002f17) x30 0x8000d676
core   0: 0x8000b67a (0x983f2523) sw      gp, -1654(t5)
core   0: 3 0x8000b67a (0x983f2523) mem 0x8000d000 0x00000001
core   0: 0x8000b67e (0x0000bfe5) c.j     pc - 8
core   0: 3 0x8000b67e (0xbfe5)
core   0: 0x8000b676 (0x00002f17) auipc   t5, 0x2
core   0: 3 0x8000b676 (0x00002f17) x30 0x8000d676
core   0: 0x8000b67a (0x983f2523) sw      gp, -1654(t5)
core   0: 3 0x8000b67a (0x983f2523) mem 0x8000d000 0x00000001
core   0: 0x8000b67e (0x0000bfe5) c.j     pc - 8
core   0: 3 0x8000b67e (0xbfe5)
core   0: 0x8000b676 (0x00002f17) auipc   t5, 0x2
core   0: 3 0x8000b676 (0x00002f17) x30 0x8000d676
core   0: 0x8000b67a (0x983f2523) sw      gp, -1654(t5)
core   0: 3 0x8000b67a (0x983f2523) mem 0x8000d000 0x00000001
core   0: 0x8000b67e (0x0000bfe5) c.j     pc - 8
core   0: 3 0x8000b67e (0xbfe5)
core   0: 0x8000b676 (0x00002f17) auipc   t5, 0x2
core   0: 3 0x8000b676 (0x00002f17) x30 0x8000d676
core   0: 0x8000b67a (0x983f2523) sw      gp, -1654(t5)
core   0: 3 0x8000b67a (0x983f2523) mem 0x8000d000 0x00000001
core   0: 0x8000b67e (0x0000bfe5) c.j     pc - 8
core   0: 3 0x8000b67e (0xbfe5)
core   0: 0x8000b676 (0x00002f17) auipc   t5, 0x2
core   0: 3 0x8000b676 (0x00002f17) x30 0x8000d676
core   0: 0x8000b67a (0x983f2523) sw      gp, -1654(t5)
core   0: 3 0x8000b67a (0x983f2523) mem 0x8000d000 0x00000001
core   0: 0x8000b67e (0x0000bfe5) c.j     pc - 8
core   0: 3 0x8000b67e (0xbfe5)
core   0: 0x8000b676 (0x00002f17) auipc   t5, 0x2
core   0: 3 0x8000b676 (0x00002f17) x30 0x8000d676
core   0: 0x8000b67a (0x983f2523) sw      gp, -1654(t5)
core   0: 3 0x8000b67a (0x983f2523) mem 0x8000d000 0x00000001
core   0: 0x8000b67e (0x0000bfe5) c.j     pc - 8
core   0: 3 0x8000b67e (0xbfe5)
core   0: 0x8000b676 (0x00002f17) auipc   t5, 0x2
core   0: 3 0x8000b676 (0x00002f17) x30 0x8000d676
core   0: 0x8000b67a (0x983f2523) sw      gp, -1654(t5)
core   0: 3 0x8000b67a (0x983f2523) mem 0x8000d000 0x00000001
core   0: 0x8000b67e (0x0000bfe5) c.j     pc - 8
core   0: 3 0x8000b67e (0xbfe5)
core   0: 0x8000b676 (0x00002f17) auipc   t5, 0x2
core   0: 3 0x8000b676 (0x00002f17) x30 0x8000d676
core   0: 0x8000b67a (0x983f2523) sw      gp, -1654(t5)
core   0: 3 0x8000b67a (0x983f2523) mem 0x8000d000 0x00000001
core   0: 0x8000b67e (0x0000bfe5) c.j     pc - 8
core   0: 3 0x8000b67e (0xbfe5)
core   0: 0x8000b676 (0x00002f17) auipc   t5, 0x2
core   0: 3 0x8000b676 (0x00002f17) x30 0x8000d676
core   0: 0x8000b67a (0x983f2523) sw      gp, -1654(t5)
core   0: 3 0x8000b67a (0x983f2523) mem 0x8000d000 0x00000001
core   0: 0x8000b67e (0x0000bfe5) c.j     pc - 8
core   0: 3 0x8000b67e (0xbfe5)
core   0: 0x8000b676 (0x00002f17) auipc   t5, 0x2
core   0: 3 0x8000b676 (0x00002f17) x30 0x8000d676
core   0: 0x8000b67a (0x983f2523) sw      gp, -1654(t5)
core   0: 3 0x8000b67a (0x983f2523) mem 0x8000d000 0x00000001
core   0: 0x8000b67e (0x0000bfe5) c.j     pc - 8
core   0: 3 0x8000b67e (0xbfe5)
core   0: 0x8000b676 (0x00002f17) auipc   t5, 0x2
core   0: 3 0x8000b676 (0x00002f17) x30 0x8000d676
core   0: 0x8000b67a (0x983f2523) sw      gp, -1654(t5)
core   0: 3 0x8000b67a (0x983f2523) mem 0x8000d000 0x00000001
core   0: 0x8000b67e (0x0000bfe5) c.j     pc - 8
core   0: 3 0x8000b67e (0xbfe5)
core   0: 0x8000b676 (0x00002f17) auipc   t5, 0x2
core   0: 3 0x8000b676 (0x00002f17) x30 0x8000d676
core   0: 0x8000b67a (0x983f2523) sw      gp, -1654(t5)
core   0: 3 0x8000b67a (0x983f2523) mem 0x8000d000 0x00000001
core   0: 0x8000b67e (0x0000bfe5) c.j     pc - 8
core   0: 3 0x8000b67e (0xbfe5)
core   0: 0x8000b676 (0x00002f17) auipc   t5, 0x2
core   0: 3 0x8000b676 (0x00002f17) x30 0x8000d676
core   0: 0x8000b67a (0x983f2523) sw      gp, -1654(t5)
core   0: 3 0x8000b67a (0x983f2523) mem 0x8000d000 0x00000001
core   0: 0x8000b67e (0x0000bfe5) c.j     pc - 8
core   0: 3 0x8000b67e (0xbfe5)
core   0: 0x8000b676 (0x00002f17) auipc   t5, 0x2
core   0: 3 0x8000b676 (0x00002f17) x30 0x8000d676
core   0: 0x8000b67a (0x983f2523) sw      gp, -1654(t5)
core   0: 3 0x8000b67a (0x983f2523) mem 0x8000d000 0x00000001
core   0: 0x8000b67e (0x0000bfe5) c.j     pc - 8
core   0: 3 0x8000b67e (0xbfe5)
core   0: 0x8000b676 (0x00002f17) auipc   t5, 0x2
core   0: 3 0x8000b676 (0x00002f17) x30 0x8000d676
core   0: 0x8000b67a (0x983f2523) sw      gp, -1654(t5)
core   0: 3 0x8000b67a (0x983f2523) mem 0x8000d000 0x00000001
core   0: 0x8000b67e (0x0000bfe5) c.j     pc - 8
core   0: 3 0x8000b67e (0xbfe5)
core   0: 0x8000b676 (0x00002f17) auipc   t5, 0x2
core   0: 3 0x8000b676 (0x00002f17) x30 0x8000d676
core   0: 0x8000b67a (0x983f2523) sw      gp, -1654(t5)
core   0: 3 0x8000b67a (0x983f2523) mem 0x8000d000 0x00000001
core   0: 0x8000b67e (0x0000bfe5) c.j     pc - 8
core   0: 3 0x8000b67e (0xbfe5)
core   0: 0x8000b676 (0x00002f17) auipc   t5, 0x2
core   0: 3 0x8000b676 (0x00002f17) x30 0x8000d676
core   0: 0x8000b67a (0x983f2523) sw      gp, -1654(t5)
core   0: 3 0x8000b67a (0x983f2523) mem 0x8000d000 0x00000001
core   0: 0x8000b67e (0x0000bfe5) c.j     pc - 8
core   0: 3 0x8000b67e (0xbfe5)
core   0: 0x8000b676 (0x00002f17) auipc   t5, 0x2
core   0: 3 0x8000b676 (0x00002f17) x30 0x8000d676
core   0: 0x8000b67a (0x983f2523) sw      gp, -1654(t5)
core   0: 3 0x8000b67a (0x983f2523) mem 0x8000d000 0x00000001
core   0: 0x8000b67e (0x0000bfe5) c.j     pc - 8
core   0: 3 0x8000b67e (0xbfe5)
core   0: 0x8000b676 (0x00002f17) auipc   t5, 0x2
core   0: 3 0x8000b676 (0x00002f17) x30 0x8000d676
core   0: 0x8000b67a (0x983f2523) sw      gp, -1654(t5)
core   0: 3 0x8000b67a (0x983f2523) mem 0x8000d000 0x00000001
core   0: 0x8000b67e (0x0000bfe5) c.j     pc - 8
core   0: 3 0x8000b67e (0xbfe5)
core   0: 0x8000b676 (0x00002f17) auipc   t5, 0x2
core   0: 3 0x8000b676 (0x00002f17) x30 0x8000d676
core   0: 0x8000b67a (0x983f2523) sw      gp, -1654(t5)
core   0: 3 0x8000b67a (0x983f2523) mem 0x8000d000 0x00000001
core   0: 0x8000b67e (0x0000bfe5) c.j     pc - 8
core   0: 3 0x8000b67e (0xbfe5)
core   0: 0x8000b676 (0x00002f17) auipc   t5, 0x2
core   0: 3 0x8000b676 (0x00002f17) x30 0x8000d676
core   0: 0x8000b67a (0x983f2523) sw      gp, -1654(t5)
core   0: 3 0x8000b67a (0x983f2523) mem 0x8000d000 0x00000001
core   0: 0x8000b67e (0x0000bfe5) c.j     pc - 8
core   0: 3 0x8000b67e (0xbfe5)
core   0: 0x8000b676 (0x00002f17) auipc   t5, 0x2
core   0: 3 0x8000b676 (0x00002f17) x30 0x8000d676
core   0: 0x8000b67a (0x983f2523) sw      gp, -1654(t5)
core   0: 3 0x8000b67a (0x983f2523) mem 0x8000d000 0x00000001
core   0: 0x8000b67e (0x0000bfe5) c.j     pc - 8
core   0: 3 0x8000b67e (0xbfe5)
core   0: 0x8000b676 (0x00002f17) auipc   t5, 0x2
core   0: 3 0x8000b676 (0x00002f17) x30 0x8000d676
core   0: 0x8000b67a (0x983f2523) sw      gp, -1654(t5)
core   0: 3 0x8000b67a (0x983f2523) mem 0x8000d000 0x00000001
core   0: 0x8000b67e (0x0000bfe5) c.j     pc - 8
core   0: 3 0x8000b67e (0xbfe5)
core   0: 0x8000b676 (0x00002f17) auipc   t5, 0x2
core   0: 3 0x8000b676 (0x00002f17) x30 0x8000d676
core   0: 0x8000b67a (0x983f2523) sw      gp, -1654(t5)
core   0: 3 0x8000b67a (0x983f2523) mem 0x8000d000 0x00000001
core   0: 0x8000b67e (0x0000bfe5) c.j     pc - 8
core   0: 3 0x8000b67e (0xbfe5)
core   0: 0x8000b676 (0x00002f17) auipc   t5, 0x2
core   0: 3 0x8000b676 (0x00002f17) x30 0x8000d676
core   0: 0x8000b67a (0x983f2523) sw      gp, -1654(t5)
core   0: 3 0x8000b67a (0x983f2523) mem 0x8000d000 0x00000001
core   0: 0x8000b67e (0x0000bfe5) c.j     pc - 8
core   0: 3 0x8000b67e (0xbfe5)
core   0: 0x8000b676 (0x00002f17) auipc   t5, 0x2
core   0: 3 0x8000b676 (0x00002f17) x30 0x8000d676
core   0: 0x8000b67a (0x983f2523) sw      gp, -1654(t5)
core   0: 3 0x8000b67a (0x983f2523) mem 0x8000d000 0x00000001
core   0: 0x8000b67e (0x0000bfe5) c.j     pc - 8
core   0: 3 0x8000b67e (0xbfe5)
core   0: 0x8000b676 (0x00002f17) auipc   t5, 0x2
core   0: 3 0x8000b676 (0x00002f17) x30 0x8000d676
core   0: 0x8000b67a (0x983f2523) sw      gp, -1654(t5)
core   0: 3 0x8000b67a (0x983f2523) mem 0x8000d000 0x00000001
core   0: 0x8000b67e (0x0000bfe5) c.j     pc - 8
core   0: 3 0x8000b67e (0xbfe5)
core   0: 0x8000b676 (0x00002f17) auipc   t5, 0x2
core   0: 3 0x8000b676 (0x00002f17) x30 0x8000d676
core   0: 0x8000b67a (0x983f2523) sw      gp, -1654(t5)
core   0: 3 0x8000b67a (0x983f2523) mem 0x8000d000 0x00000001
core   0: 0x8000b67e (0x0000bfe5) c.j     pc - 8
core   0: 3 0x8000b67e (0xbfe5)
core   0: 0x8000b676 (0x00002f17) auipc   t5, 0x2
core   0: 3 0x8000b676 (0x00002f17) x30 0x8000d676
core   0: 0x8000b67a (0x983f2523) sw      gp, -1654(t5)
core   0: 3 0x8000b67a (0x983f2523) mem 0x8000d000 0x00000001
core   0: 0x8000b67e (0x0000bfe5) c.j     pc - 8
core   0: 3 0x8000b67e (0xbfe5)
core   0: 0x8000b676 (0x00002f17) auipc   t5, 0x2
core   0: 3 0x8000b676 (0x00002f17) x30 0x8000d676
core   0: 0x8000b67a (0x983f2523) sw      gp, -1654(t5)
core   0: 3 0x8000b67a (0x983f2523) mem 0x8000d000 0x00000001
core   0: 0x8000b67e (0x0000bfe5) c.j     pc - 8
core   0: 3 0x8000b67e (0xbfe5)
core   0: 0x8000b676 (0x00002f17) auipc   t5, 0x2
core   0: 3 0x8000b676 (0x00002f17) x30 0x8000d676
core   0: 0x8000b67a (0x983f2523) sw      gp, -1654(t5)
core   0: 3 0x8000b67a (0x983f2523) mem 0x8000d000 0x00000001
core   0: 0x8000b67e (0x0000bfe5) c.j     pc - 8
core   0: 3 0x8000b67e (0xbfe5)
core   0: 0x8000b676 (0x00002f17) auipc   t5, 0x2
core   0: 3 0x8000b676 (0x00002f17) x30 0x8000d676
core   0: 0x8000b67a (0x983f2523) sw      gp, -1654(t5)
core   0: 3 0x8000b67a (0x983f2523) mem 0x8000d000 0x00000001
core   0: 0x8000b67e (0x0000bfe5) c.j     pc - 8
core   0: 3 0x8000b67e (0xbfe5)
core   0: 0x8000b676 (0x00002f17) auipc   t5, 0x2
core   0: 3 0x8000b676 (0x00002f17) x30 0x8000d676
core   0: 0x8000b67a (0x983f2523) sw      gp, -1654(t5)
core   0: 3 0x8000b67a (0x983f2523) mem 0x8000d000 0x00000001
core   0: 0x8000b67e (0x0000bfe5) c.j     pc - 8
core   0: 3 0x8000b67e (0xbfe5)
core   0: 0x8000b676 (0x00002f17) auipc   t5, 0x2
core   0: 3 0x8000b676 (0x00002f17) x30 0x8000d676
core   0: 0x8000b67a (0x983f2523) sw      gp, -1654(t5)
core   0: 3 0x8000b67a (0x983f2523) mem 0x8000d000 0x00000001
core   0: 0x8000b67e (0x0000bfe5) c.j     pc - 8
core   0: 3 0x8000b67e (0xbfe5)
core   0: 0x8000b676 (0x00002f17) auipc   t5, 0x2
core   0: 3 0x8000b676 (0x00002f17) x30 0x8000d676
core   0: 0x8000b67a (0x983f2523) sw      gp, -1654(t5)
core   0: 3 0x8000b67a (0x983f2523) mem 0x8000d000 0x00000001
core   0: 0x8000b67e (0x0000bfe5) c.j     pc - 8
core   0: 3 0x8000b67e (0xbfe5)
core   0: 0x8000b676 (0x00002f17) auipc   t5, 0x2
core   0: 3 0x8000b676 (0x00002f17) x30 0x8000d676
core   0: 0x8000b67a (0x983f2523) sw      gp, -1654(t5)
core   0: 3 0x8000b67a (0x983f2523) mem 0x8000d000 0x00000001
core   0: 0x8000b67e (0x0000bfe5) c.j     pc - 8
core   0: 3 0x8000b67e (0xbfe5)
core   0: 0x8000b676 (0x00002f17) auipc   t5, 0x2
core   0: 3 0x8000b676 (0x00002f17) x30 0x8000d676
core   0: 0x8000b67a (0x983f2523) sw      gp, -1654(t5)
core   0: 3 0x8000b67a (0x983f2523) mem 0x8000d000 0x00000001
core   0: 0x8000b67e (0x0000bfe5) c.j     pc - 8
core   0: 3 0x8000b67e (0xbfe5)
core   0: 0x8000b676 (0x00002f17) auipc   t5, 0x2
core   0: 3 0x8000b676 (0x00002f17) x30 0x8000d676
core   0: 0x8000b67a (0x983f2523) sw      gp, -1654(t5)
core   0: 3 0x8000b67a (0x983f2523) mem 0x8000d000 0x00000001
core   0: 0x8000b67e (0x0000bfe5) c.j     pc - 8
core   0: 3 0x8000b67e (0xbfe5)
core   0: 0x8000b676 (0x00002f17) auipc   t5, 0x2
core   0: 3 0x8000b676 (0x00002f17) x30 0x8000d676
core   0: 0x8000b67a (0x983f2523) sw      gp, -1654(t5)
core   0: 3 0x8000b67a (0x983f2523) mem 0x8000d000 0x00000001
core   0: 0x8000b67e (0x0000bfe5) c.j     pc - 8
core   0: 3 0x8000b67e (0xbfe5)
core   0: 0x8000b676 (0x00002f17) auipc   t5, 0x2
core   0: 3 0x8000b676 (0x00002f17) x30 0x8000d676
core   0: 0x8000b67a (0x983f2523) sw      gp, -1654(t5)
core   0: 3 0x8000b67a (0x983f2523) mem 0x8000d000 0x00000001
core   0: 0x8000b67e (0x0000bfe5) c.j     pc - 8
core   0: 3 0x8000b67e (0xbfe5)
core   0: 0x8000b676 (0x00002f17) auipc   t5, 0x2
core   0: 3 0x8000b676 (0x00002f17) x30 0x8000d676
core   0: 0x8000b67a (0x983f2523) sw      gp, -1654(t5)
core   0: 3 0x8000b67a (0x983f2523) mem 0x8000d000 0x00000001
core   0: 0x8000b67e (0x0000bfe5) c.j     pc - 8
core   0: 3 0x8000b67e (0xbfe5)
core   0: 0x8000b676 (0x00002f17) auipc   t5, 0x2
core   0: 3 0x8000b676 (0x00002f17) x30 0x8000d676
core   0: 0x8000b67a (0x983f2523) sw      gp, -1654(t5)
core   0: 3 0x8000b67a (0x983f2523) mem 0x8000d000 0x00000001
core   0: 0x8000b67e (0x0000bfe5) c.j     pc - 8
core   0: 3 0x8000b67e (0xbfe5)
core   0: 0x8000b676 (0x00002f17) auipc   t5, 0x2
core   0: 3 0x8000b676 (0x00002f17) x30 0x8000d676
core   0: 0x8000b67a (0x983f2523) sw      gp, -1654(t5)
core   0: 3 0x8000b67a (0x983f2523) mem 0x8000d000 0x00000001
core   0: 0x8000b67e (0x0000bfe5) c.j     pc - 8
core   0: 3 0x8000b67e (0xbfe5)
core   0: 0x8000b676 (0x00002f17) auipc   t5, 0x2
core   0: 3 0x8000b676 (0x00002f17) x30 0x8000d676
core   0: 0x8000b67a (0x983f2523) sw      gp, -1654(t5)
core   0: 3 0x8000b67a (0x983f2523) mem 0x8000d000 0x00000001
core   0: 0x8000b67e (0x0000bfe5) c.j     pc - 8
core   0: 3 0x8000b67e (0xbfe5)
core   0: 0x8000b676 (0x00002f17) auipc   t5, 0x2
core   0: 3 0x8000b676 (0x00002f17) x30 0x8000d676
core   0: 0x8000b67a (0x983f2523) sw      gp, -1654(t5)
core   0: 3 0x8000b67a (0x983f2523) mem 0x8000d000 0x00000001
core   0: 0x8000b67e (0x0000bfe5) c.j     pc - 8
core   0: 3 0x8000b67e (0xbfe5)
core   0: 0x8000b676 (0x00002f17) auipc   t5, 0x2
core   0: 3 0x8000b676 (0x00002f17) x30 0x8000d676
core   0: 0x8000b67a (0x983f2523) sw      gp, -1654(t5)
core   0: 3 0x8000b67a (0x983f2523) mem 0x8000d000 0x00000001
core   0: 0x8000b67e (0x0000bfe5) c.j     pc - 8
core   0: 3 0x8000b67e (0xbfe5)
core   0: 0x8000b676 (0x00002f17) auipc   t5, 0x2
core   0: 3 0x8000b676 (0x00002f17) x30 0x8000d676
core   0: 0x8000b67a (0x983f2523) sw      gp, -1654(t5)
core   0: 3 0x8000b67a (0x983f2523) mem 0x8000d000 0x00000001
core   0: 0x8000b67e (0x0000bfe5) c.j     pc - 8
core   0: 3 0x8000b67e (0xbfe5)
core   0: 0x8000b676 (0x00002f17) auipc   t5, 0x2
core   0: 3 0x8000b676 (0x00002f17) x30 0x8000d676
core   0: 0x8000b67a (0x983f2523) sw      gp, -1654(t5)
core   0: 3 0x8000b67a (0x983f2523) mem 0x8000d000 0x00000001
core   0: 0x8000b67e (0x0000bfe5) c.j     pc - 8
core   0: 3 0x8000b67e (0xbfe5)
core   0: 0x8000b676 (0x00002f17) auipc   t5, 0x2
core   0: 3 0x8000b676 (0x00002f17) x30 0x8000d676
core   0: 0x8000b67a (0x983f2523) sw      gp, -1654(t5)
core   0: 3 0x8000b67a (0x983f2523) mem 0x8000d000 0x00000001
core   0: 0x8000b67e (0x0000bfe5) c.j     pc - 8
core   0: 3 0x8000b67e (0xbfe5)
core   0: 0x8000b676 (0x00002f17) auipc   t5, 0x2
core   0: 3 0x8000b676 (0x00002f17) x30 0x8000d676
core   0: 0x8000b67a (0x983f2523) sw      gp, -1654(t5)
core   0: 3 0x8000b67a (0x983f2523) mem 0x8000d000 0x00000001
core   0: 0x8000b67e (0x0000bfe5) c.j     pc - 8
core   0: 3 0x8000b67e (0xbfe5)
core   0: 0x8000b676 (0x00002f17) auipc   t5, 0x2
core   0: 3 0x8000b676 (0x00002f17) x30 0x8000d676
core   0: 0x8000b67a (0x983f2523) sw      gp, -1654(t5)
core   0: 3 0x8000b67a (0x983f2523) mem 0x8000d000 0x00000001
core   0: 0x8000b67e (0x0000bfe5) c.j     pc - 8
core   0: 3 0x8000b67e (0xbfe5)
core   0: 0x8000b676 (0x00002f17) auipc   t5, 0x2
core   0: 3 0x8000b676 (0x00002f17) x30 0x8000d676
core   0: 0x8000b67a (0x983f2523) sw      gp, -1654(t5)
core   0: 3 0x8000b67a (0x983f2523) mem 0x8000d000 0x00000001
core   0: 0x8000b67e (0x0000bfe5) c.j     pc - 8
core   0: 3 0x8000b67e (0xbfe5)
core   0: 0x8000b676 (0x00002f17) auipc   t5, 0x2
core   0: 3 0x8000b676 (0x00002f17) x30 0x8000d676
core   0: 0x8000b67a (0x983f2523) sw      gp, -1654(t5)
core   0: 3 0x8000b67a (0x983f2523) mem 0x8000d000 0x00000001
core   0: 0x8000b67e (0x0000bfe5) c.j     pc - 8
core   0: 3 0x8000b67e (0xbfe5)
core   0: 0x8000b676 (0x00002f17) auipc   t5, 0x2
core   0: 3 0x8000b676 (0x00002f17) x30 0x8000d676
core   0: 0x8000b67a (0x983f2523) sw      gp, -1654(t5)
core   0: 3 0x8000b67a (0x983f2523) mem 0x8000d000 0x00000001
core   0: 0x8000b67e (0x0000bfe5) c.j     pc - 8
core   0: 3 0x8000b67e (0xbfe5)
core   0: 0x8000b676 (0x00002f17) auipc   t5, 0x2
core   0: 3 0x8000b676 (0x00002f17) x30 0x8000d676
core   0: 0x8000b67a (0x983f2523) sw      gp, -1654(t5)
core   0: 3 0x8000b67a (0x983f2523) mem 0x8000d000 0x00000001
core   0: 0x8000b67e (0x0000bfe5) c.j     pc - 8
core   0: 3 0x8000b67e (0xbfe5)
core   0: 0x8000b676 (0x00002f17) auipc   t5, 0x2
core   0: 3 0x8000b676 (0x00002f17) x30 0x8000d676
core   0: 0x8000b67a (0x983f2523) sw      gp, -1654(t5)
core   0: 3 0x8000b67a (0x983f2523) mem 0x8000d000 0x00000001
core   0: 0x8000b67e (0x0000bfe5) c.j     pc - 8
core   0: 3 0x8000b67e (0xbfe5)
core   0: 0x8000b676 (0x00002f17) auipc   t5, 0x2
core   0: 3 0x8000b676 (0x00002f17) x30 0x8000d676
core   0: 0x8000b67a (0x983f2523) sw      gp, -1654(t5)
core   0: 3 0x8000b67a (0x983f2523) mem 0x8000d000 0x00000001
core   0: 0x8000b67e (0x0000bfe5) c.j     pc - 8
core   0: 3 0x8000b67e (0xbfe5)
core   0: 0x8000b676 (0x00002f17) auipc   t5, 0x2
core   0: 3 0x8000b676 (0x00002f17) x30 0x8000d676
core   0: 0x8000b67a (0x983f2523) sw      gp, -1654(t5)
core   0: 3 0x8000b67a (0x983f2523) mem 0x8000d000 0x00000001
core   0: 0x8000b67e (0x0000bfe5) c.j     pc - 8
core   0: 3 0x8000b67e (0xbfe5)
core   0: 0x8000b676 (0x00002f17) auipc   t5, 0x2
core   0: 3 0x8000b676 (0x00002f17) x30 0x8000d676
core   0: 0x8000b67a (0x983f2523) sw      gp, -1654(t5)
core   0: 3 0x8000b67a (0x983f2523) mem 0x8000d000 0x00000001
core   0: 0x8000b67e (0x0000bfe5) c.j     pc - 8
core   0: 3 0x8000b67e (0xbfe5)
core   0: 0x8000b676 (0x00002f17) auipc   t5, 0x2
core   0: 3 0x8000b676 (0x00002f17) x30 0x8000d676
core   0: 0x8000b67a (0x983f2523) sw      gp, -1654(t5)
core   0: 3 0x8000b67a (0x983f2523) mem 0x8000d000 0x00000001
core   0: 0x8000b67e (0x0000bfe5) c.j     pc - 8
core   0: 3 0x8000b67e (0xbfe5)
core   0: 0x8000b676 (0x00002f17) auipc   t5, 0x2
core   0: 3 0x8000b676 (0x00002f17) x30 0x8000d676
core   0: 0x8000b67a (0x983f2523) sw      gp, -1654(t5)
core   0: 3 0x8000b67a (0x983f2523) mem 0x8000d000 0x00000001
core   0: 0x8000b67e (0x0000bfe5) c.j     pc - 8
core   0: 3 0x8000b67e (0xbfe5)
core   0: 0x8000b676 (0x00002f17) auipc   t5, 0x2
core   0: 3 0x8000b676 (0x00002f17) x30 0x8000d676
core   0: 0x8000b67a (0x983f2523) sw      gp, -1654(t5)
core   0: 3 0x8000b67a (0x983f2523) mem 0x8000d000 0x00000001
core   0: 0x8000b67e (0x0000bfe5) c.j     pc - 8
core   0: 3 0x8000b67e (0xbfe5)
core   0: 0x8000b676 (0x00002f17) auipc   t5, 0x2
core   0: 3 0x8000b676 (0x00002f17) x30 0x8000d676
core   0: 0x8000b67a (0x983f2523) sw      gp, -1654(t5)
core   0: 3 0x8000b67a (0x983f2523) mem 0x8000d000 0x00000001
core   0: 0x8000b67e (0x0000bfe5) c.j     pc - 8
core   0: 3 0x8000b67e (0xbfe5)
core   0: 0x8000b676 (0x00002f17) auipc   t5, 0x2
core   0: 3 0x8000b676 (0x00002f17) x30 0x8000d676
core   0: 0x8000b67a (0x983f2523) sw      gp, -1654(t5)
core   0: 3 0x8000b67a (0x983f2523) mem 0x8000d000 0x00000001
core   0: 0x8000b67e (0x0000bfe5) c.j     pc - 8
core   0: 3 0x8000b67e (0xbfe5)
core   0: 0x8000b676 (0x00002f17) auipc   t5, 0x2
core   0: 3 0x8000b676 (0x00002f17) x30 0x8000d676
core   0: 0x8000b67a (0x983f2523) sw      gp, -1654(t5)
core   0: 3 0x8000b67a (0x983f2523) mem 0x8000d000 0x00000001
core   0: 0x8000b67e (0x0000bfe5) c.j     pc - 8
core   0: 3 0x8000b67e (0xbfe5)
core   0: 0x8000b676 (0x00002f17) auipc   t5, 0x2
core   0: 3 0x8000b676 (0x00002f17) x30 0x8000d676
core   0: 0x8000b67a (0x983f2523) sw      gp, -1654(t5)
core   0: 3 0x8000b67a (0x983f2523) mem 0x8000d000 0x00000001
core   0: 0x8000b67e (0x0000bfe5) c.j     pc - 8
core   0: 3 0x8000b67e (0xbfe5)
core   0: 0x8000b676 (0x00002f17) auipc   t5, 0x2
core   0: 3 0x8000b676 (0x00002f17) x30 0x8000d676
core   0: 0x8000b67a (0x983f2523) sw      gp, -1654(t5)
core   0: 3 0x8000b67a (0x983f2523) mem 0x8000d000 0x00000001
core   0: 0x8000b67e (0x0000bfe5) c.j     pc - 8
core   0: 3 0x8000b67e (0xbfe5)
core   0: 0x8000b676 (0x00002f17) auipc   t5, 0x2
core   0: 3 0x8000b676 (0x00002f17) x30 0x8000d676
core   0: 0x8000b67a (0x983f2523) sw      gp, -1654(t5)
core   0: 3 0x8000b67a (0x983f2523) mem 0x8000d000 0x00000001
core   0: 0x8000b67e (0x0000bfe5) c.j     pc - 8
core   0: 3 0x8000b67e (0xbfe5)
core   0: 0x8000b676 (0x00002f17) auipc   t5, 0x2
core   0: 3 0x8000b676 (0x00002f17) x30 0x8000d676
core   0: 0x8000b67a (0x983f2523) sw      gp, -1654(t5)
core   0: 3 0x8000b67a (0x983f2523) mem 0x8000d000 0x00000001
core   0: 0x8000b67e (0x0000bfe5) c.j     pc - 8
core   0: 3 0x8000b67e (0xbfe5)
core   0: 0x8000b676 (0x00002f17) auipc   t5, 0x2
core   0: 3 0x8000b676 (0x00002f17) x30 0x8000d676
core   0: 0x8000b67a (0x983f2523) sw      gp, -1654(t5)
core   0: 3 0x8000b67a (0x983f2523) mem 0x8000d000 0x00000001
core   0: 0x8000b67e (0x0000bfe5) c.j     pc - 8
core   0: 3 0x8000b67e (0xbfe5)
core   0: 0x8000b676 (0x00002f17) auipc   t5, 0x2
core   0: 3 0x8000b676 (0x00002f17) x30 0x8000d676
core   0: 0x8000b67a (0x983f2523) sw      gp, -1654(t5)
core   0: 3 0x8000b67a (0x983f2523) mem 0x8000d000 0x00000001
core   0: 0x8000b67e (0x0000bfe5) c.j     pc - 8
core   0: 3 0x8000b67e (0xbfe5)
core   0: 0x8000b676 (0x00002f17) auipc   t5, 0x2
core   0: 3 0x8000b676 (0x00002f17) x30 0x8000d676
core   0: 0x8000b67a (0x983f2523) sw      gp, -1654(t5)
core   0: 3 0x8000b67a (0x983f2523) mem 0x8000d000 0x00000001
core   0: 0x8000b67e (0x0000bfe5) c.j     pc - 8
core   0: 3 0x8000b67e (0xbfe5)
core   0: 0x8000b676 (0x00002f17) auipc   t5, 0x2
core   0: 3 0x8000b676 (0x00002f17) x30 0x8000d676
core   0: 0x8000b67a (0x983f2523) sw      gp, -1654(t5)
core   0: 3 0x8000b67a (0x983f2523) mem 0x8000d000 0x00000001
core   0: 0x8000b67e (0x0000bfe5) c.j     pc - 8
core   0: 3 0x8000b67e (0xbfe5)
core   0: 0x8000b676 (0x00002f17) auipc   t5, 0x2
core   0: 3 0x8000b676 (0x00002f17) x30 0x8000d676
core   0: 0x8000b67a (0x983f2523) sw      gp, -1654(t5)
core   0: 3 0x8000b67a (0x983f2523) mem 0x8000d000 0x00000001
core   0: 0x8000b67e (0x0000bfe5) c.j     pc - 8
core   0: 3 0x8000b67e (0xbfe5)
core   0: 0x8000b676 (0x00002f17) auipc   t5, 0x2
core   0: 3 0x8000b676 (0x00002f17) x30 0x8000d676
core   0: 0x8000b67a (0x983f2523) sw      gp, -1654(t5)
core   0: 3 0x8000b67a (0x983f2523) mem 0x8000d000 0x00000001
core   0: 0x8000b67e (0x0000bfe5) c.j     pc - 8
core   0: 3 0x8000b67e (0xbfe5)
core   0: 0x8000b676 (0x00002f17) auipc   t5, 0x2
core   0: 3 0x8000b676 (0x00002f17) x30 0x8000d676
core   0: 0x8000b67a (0x983f2523) sw      gp, -1654(t5)
core   0: 3 0x8000b67a (0x983f2523) mem 0x8000d000 0x00000001
core   0: 0x8000b67e (0x0000bfe5) c.j     pc - 8
core   0: 3 0x8000b67e (0xbfe5)
core   0: 0x8000b676 (0x00002f17) auipc   t5, 0x2
core   0: 3 0x8000b676 (0x00002f17) x30 0x8000d676
core   0: 0x8000b67a (0x983f2523) sw      gp, -1654(t5)
core   0: 3 0x8000b67a (0x983f2523) mem 0x8000d000 0x00000001
core   0: 0x8000b67e (0x0000bfe5) c.j     pc - 8
core   0: 3 0x8000b67e (0xbfe5)
core   0: 0x8000b676 (0x00002f17) auipc   t5, 0x2
core   0: 3 0x8000b676 (0x00002f17) x30 0x8000d676
core   0: 0x8000b67a (0x983f2523) sw      gp, -1654(t5)
core   0: 3 0x8000b67a (0x983f2523) mem 0x8000d000 0x00000001
core   0: 0x8000b67e (0x0000bfe5) c.j     pc - 8
core   0: 3 0x8000b67e (0xbfe5)
core   0: 0x8000b676 (0x00002f17) auipc   t5, 0x2
core   0: 3 0x8000b676 (0x00002f17) x30 0x8000d676
core   0: 0x8000b67a (0x983f2523) sw      gp, -1654(t5)
core   0: 3 0x8000b67a (0x983f2523) mem 0x8000d000 0x00000001
core   0: 0x8000b67e (0x0000bfe5) c.j     pc - 8
core   0: 3 0x8000b67e (0xbfe5)
core   0: 0x8000b676 (0x00002f17) auipc   t5, 0x2
core   0: 3 0x8000b676 (0x00002f17) x30 0x8000d676
core   0: 0x8000b67a (0x983f2523) sw      gp, -1654(t5)
core   0: 3 0x8000b67a (0x983f2523) mem 0x8000d000 0x00000001
core   0: 0x8000b67e (0x0000bfe5) c.j     pc - 8
core   0: 3 0x8000b67e (0xbfe5)
core   0: 0x8000b676 (0x00002f17) auipc   t5, 0x2
core   0: 3 0x8000b676 (0x00002f17) x30 0x8000d676
core   0: 0x8000b67a (0x983f2523) sw      gp, -1654(t5)
core   0: 3 0x8000b67a (0x983f2523) mem 0x8000d000 0x00000001
core   0: 0x8000b67e (0x0000bfe5) c.j     pc - 8
core   0: 3 0x8000b67e (0xbfe5)
core   0: 0x8000b676 (0x00002f17) auipc   t5, 0x2
core   0: 3 0x8000b676 (0x00002f17) x30 0x8000d676
core   0: 0x8000b67a (0x983f2523) sw      gp, -1654(t5)
core   0: 3 0x8000b67a (0x983f2523) mem 0x8000d000 0x00000001
core   0: 0x8000b67e (0x0000bfe5) c.j     pc - 8
core   0: 3 0x8000b67e (0xbfe5)
core   0: 0x8000b676 (0x00002f17) auipc   t5, 0x2
core   0: 3 0x8000b676 (0x00002f17) x30 0x8000d676
core   0: 0x8000b67a (0x983f2523) sw      gp, -1654(t5)
core   0: 3 0x8000b67a (0x983f2523) mem 0x8000d000 0x00000001
core   0: 0x8000b67e (0x0000bfe5) c.j     pc - 8
core   0: 3 0x8000b67e (0xbfe5)
core   0: 0x8000b676 (0x00002f17) auipc   t5, 0x2
core   0: 3 0x8000b676 (0x00002f17) x30 0x8000d676
core   0: 0x8000b67a (0x983f2523) sw      gp, -1654(t5)
core   0: 3 0x8000b67a (0x983f2523) mem 0x8000d000 0x00000001
core   0: 0x8000b67e (0x0000bfe5) c.j     pc - 8
core   0: 3 0x8000b67e (0xbfe5)
core   0: 0x8000b676 (0x00002f17) auipc   t5, 0x2
core   0: 3 0x8000b676 (0x00002f17) x30 0x8000d676
core   0: 0x8000b67a (0x983f2523) sw      gp, -1654(t5)
core   0: 3 0x8000b67a (0x983f2523) mem 0x8000d000 0x00000001
core   0: 0x8000b67e (0x0000bfe5) c.j     pc - 8
core   0: 3 0x8000b67e (0xbfe5)
core   0: 0x8000b676 (0x00002f17) auipc   t5, 0x2
core   0: 3 0x8000b676 (0x00002f17) x30 0x8000d676
core   0: 0x8000b67a (0x983f2523) sw      gp, -1654(t5)
core   0: 3 0x8000b67a (0x983f2523) mem 0x8000d000 0x00000001
core   0: 0x8000b67e (0x0000bfe5) c.j     pc - 8
core   0: 3 0x8000b67e (0xbfe5)
core   0: 0x8000b676 (0x00002f17) auipc   t5, 0x2
core   0: 3 0x8000b676 (0x00002f17) x30 0x8000d676
core   0: 0x8000b67a (0x983f2523) sw      gp, -1654(t5)
core   0: 3 0x8000b67a (0x983f2523) mem 0x8000d000 0x00000001
core   0: 0x8000b67e (0x0000bfe5) c.j     pc - 8
core   0: 3 0x8000b67e (0xbfe5)
core   0: 0x8000b676 (0x00002f17) auipc   t5, 0x2
core   0: 3 0x8000b676 (0x00002f17) x30 0x8000d676
core   0: 0x8000b67a (0x983f2523) sw      gp, -1654(t5)
core   0: 3 0x8000b67a (0x983f2523) mem 0x8000d000 0x00000001
core   0: 0x8000b67e (0x0000bfe5) c.j     pc - 8
core   0: 3 0x8000b67e (0xbfe5)
core   0: 0x8000b676 (0x00002f17) auipc   t5, 0x2
core   0: 3 0x8000b676 (0x00002f17) x30 0x8000d676
core   0: 0x8000b67a (0x983f2523) sw      gp, -1654(t5)
core   0: 3 0x8000b67a (0x983f2523) mem 0x8000d000 0x00000001
core   0: 0x8000b67e (0x0000bfe5) c.j     pc - 8
core   0: 3 0x8000b67e (0xbfe5)
core   0: 0x8000b676 (0x00002f17) auipc   t5, 0x2
core   0: 3 0x8000b676 (0x00002f17) x30 0x8000d676
core   0: 0x8000b67a (0x983f2523) sw      gp, -1654(t5)
core   0: 3 0x8000b67a (0x983f2523) mem 0x8000d000 0x00000001
core   0: 0x8000b67e (0x0000bfe5) c.j     pc - 8
core   0: 3 0x8000b67e (0xbfe5)
core   0: 0x8000b676 (0x00002f17) auipc   t5, 0x2
core   0: 3 0x8000b676 (0x00002f17) x30 0x8000d676
core   0: 0x8000b67a (0x983f2523) sw      gp, -1654(t5)
core   0: 3 0x8000b67a (0x983f2523) mem 0x8000d000 0x00000001
core   0: 0x8000b67e (0x0000bfe5) c.j     pc - 8
core   0: 3 0x8000b67e (0xbfe5)
core   0: 0x8000b676 (0x00002f17) auipc   t5, 0x2
core   0: 3 0x8000b676 (0x00002f17) x30 0x8000d676
core   0: 0x8000b67a (0x983f2523) sw      gp, -1654(t5)
core   0: 3 0x8000b67a (0x983f2523) mem 0x8000d000 0x00000001
core   0: 0x8000b67e (0x0000bfe5) c.j     pc - 8
core   0: 3 0x8000b67e (0xbfe5)
core   0: 0x8000b676 (0x00002f17) auipc   t5, 0x2
core   0: 3 0x8000b676 (0x00002f17) x30 0x8000d676
core   0: 0x8000b67a (0x983f2523) sw      gp, -1654(t5)
core   0: 3 0x8000b67a (0x983f2523) mem 0x8000d000 0x00000001
core   0: 0x8000b67e (0x0000bfe5) c.j     pc - 8
core   0: 3 0x8000b67e (0xbfe5)
core   0: 0x8000b676 (0x00002f17) auipc   t5, 0x2
core   0: 3 0x8000b676 (0x00002f17) x30 0x8000d676
core   0: 0x8000b67a (0x983f2523) sw      gp, -1654(t5)
core   0: 3 0x8000b67a (0x983f2523) mem 0x8000d000 0x00000001
core   0: 0x8000b67e (0x0000bfe5) c.j     pc - 8
core   0: 3 0x8000b67e (0xbfe5)
core   0: 0x8000b676 (0x00002f17) auipc   t5, 0x2
core   0: 3 0x8000b676 (0x00002f17) x30 0x8000d676
core   0: 0x8000b67a (0x983f2523) sw      gp, -1654(t5)
core   0: 3 0x8000b67a (0x983f2523) mem 0x8000d000 0x00000001
core   0: 0x8000b67e (0x0000bfe5) c.j     pc - 8
core   0: 3 0x8000b67e (0xbfe5)
core   0: 0x8000b676 (0x00002f17) auipc   t5, 0x2
core   0: 3 0x8000b676 (0x00002f17) x30 0x8000d676
core   0: 0x8000b67a (0x983f2523) sw      gp, -1654(t5)
core   0: 3 0x8000b67a (0x983f2523) mem 0x8000d000 0x00000001
core   0: 0x8000b67e (0x0000bfe5) c.j     pc - 8
core   0: 3 0x8000b67e (0xbfe5)
core   0: 0x8000b676 (0x00002f17) auipc   t5, 0x2
core   0: 3 0x8000b676 (0x00002f17) x30 0x8000d676
core   0: 0x8000b67a (0x983f2523) sw      gp, -1654(t5)
core   0: 3 0x8000b67a (0x983f2523) mem 0x8000d000 0x00000001
core   0: 0x8000b67e (0x0000bfe5) c.j     pc - 8
core   0: 3 0x8000b67e (0xbfe5)
core   0: 0x8000b676 (0x00002f17) auipc   t5, 0x2
core   0: 3 0x8000b676 (0x00002f17) x30 0x8000d676
core   0: 0x8000b67a (0x983f2523) sw      gp, -1654(t5)
core   0: 3 0x8000b67a (0x983f2523) mem 0x8000d000 0x00000001
core   0: 0x8000b67e (0x0000bfe5) c.j     pc - 8
core   0: 3 0x8000b67e (0xbfe5)
core   0: 0x8000b676 (0x00002f17) auipc   t5, 0x2
core   0: 3 0x8000b676 (0x00002f17) x30 0x8000d676
core   0: 0x8000b67a (0x983f2523) sw      gp, -1654(t5)
core   0: 3 0x8000b67a (0x983f2523) mem 0x8000d000 0x00000001
core   0: 0x8000b67e (0x0000bfe5) c.j     pc - 8
core   0: 3 0x8000b67e (0xbfe5)
core   0: 0x8000b676 (0x00002f17) auipc   t5, 0x2
core   0: 3 0x8000b676 (0x00002f17) x30 0x8000d676
core   0: 0x8000b67a (0x983f2523) sw      gp, -1654(t5)
core   0: 3 0x8000b67a (0x983f2523) mem 0x8000d000 0x00000001
core   0: 0x8000b67e (0x0000bfe5) c.j     pc - 8
core   0: 3 0x8000b67e (0xbfe5)
core   0: 0x8000b676 (0x00002f17) auipc   t5, 0x2
core   0: 3 0x8000b676 (0x00002f17) x30 0x8000d676
core   0: 0x8000b67a (0x983f2523) sw      gp, -1654(t5)
core   0: 3 0x8000b67a (0x983f2523) mem 0x8000d000 0x00000001
core   0: 0x8000b67e (0x0000bfe5) c.j     pc - 8
core   0: 3 0x8000b67e (0xbfe5)
core   0: 0x8000b676 (0x00002f17) auipc   t5, 0x2
core   0: 3 0x8000b676 (0x00002f17) x30 0x8000d676
core   0: 0x8000b67a (0x983f2523) sw      gp, -1654(t5)
core   0: 3 0x8000b67a (0x983f2523) mem 0x8000d000 0x00000001
core   0: 0x8000b67e (0x0000bfe5) c.j     pc - 8
core   0: 3 0x8000b67e (0xbfe5)
core   0: 0x8000b676 (0x00002f17) auipc   t5, 0x2
core   0: 3 0x8000b676 (0x00002f17) x30 0x8000d676
core   0: 0x8000b67a (0x983f2523) sw      gp, -1654(t5)
core   0: 3 0x8000b67a (0x983f2523) mem 0x8000d000 0x00000001
core   0: 0x8000b67e (0x0000bfe5) c.j     pc - 8
core   0: 3 0x8000b67e (0xbfe5)
core   0: 0x8000b676 (0x00002f17) auipc   t5, 0x2
core   0: 3 0x8000b676 (0x00002f17) x30 0x8000d676
core   0: 0x8000b67a (0x983f2523) sw      gp, -1654(t5)
core   0: 3 0x8000b67a (0x983f2523) mem 0x8000d000 0x00000001
core   0: 0x8000b67e (0x0000bfe5) c.j     pc - 8
core   0: 3 0x8000b67e (0xbfe5)
core   0: 0x8000b676 (0x00002f17) auipc   t5, 0x2
core   0: 3 0x8000b676 (0x00002f17) x30 0x8000d676
core   0: 0x8000b67a (0x983f2523) sw      gp, -1654(t5)
core   0: 3 0x8000b67a (0x983f2523) mem 0x8000d000 0x00000001
core   0: 0x8000b67e (0x0000bfe5) c.j     pc - 8
core   0: 3 0x8000b67e (0xbfe5)
core   0: 0x8000b676 (0x00002f17) auipc   t5, 0x2
core   0: 3 0x8000b676 (0x00002f17) x30 0x8000d676
core   0: 0x8000b67a (0x983f2523) sw      gp, -1654(t5)
core   0: 3 0x8000b67a (0x983f2523) mem 0x8000d000 0x00000001
core   0: 0x8000b67e (0x0000bfe5) c.j     pc - 8
core   0: 3 0x8000b67e (0xbfe5)
core   0: 0x8000b676 (0x00002f17) auipc   t5, 0x2
core   0: 3 0x8000b676 (0x00002f17) x30 0x8000d676
core   0: 0x8000b67a (0x983f2523) sw      gp, -1654(t5)
core   0: 3 0x8000b67a (0x983f2523) mem 0x8000d000 0x00000001
core   0: 0x8000b67e (0x0000bfe5) c.j     pc - 8
core   0: 3 0x8000b67e (0xbfe5)
core   0: 0x8000b676 (0x00002f17) auipc   t5, 0x2
core   0: 3 0x8000b676 (0x00002f17) x30 0x8000d676
core   0: 0x8000b67a (0x983f2523) sw      gp, -1654(t5)
core   0: 3 0x8000b67a (0x983f2523) mem 0x8000d000 0x00000001
core   0: 0x8000b67e (0x0000bfe5) c.j     pc - 8
core   0: 3 0x8000b67e (0xbfe5)
core   0: 0x8000b676 (0x00002f17) auipc   t5, 0x2
core   0: 3 0x8000b676 (0x00002f17) x30 0x8000d676
core   0: 0x8000b67a (0x983f2523) sw      gp, -1654(t5)
core   0: 3 0x8000b67a (0x983f2523) mem 0x8000d000 0x00000001
core   0: 0x8000b67e (0x0000bfe5) c.j     pc - 8
core   0: 3 0x8000b67e (0xbfe5)
core   0: 0x8000b676 (0x00002f17) auipc   t5, 0x2
core   0: 3 0x8000b676 (0x00002f17) x30 0x8000d676
core   0: 0x8000b67a (0x983f2523) sw      gp, -1654(t5)
core   0: 3 0x8000b67a (0x983f2523) mem 0x8000d000 0x00000001
core   0: 0x8000b67e (0x0000bfe5) c.j     pc - 8
core   0: 3 0x8000b67e (0xbfe5)
core   0: 0x8000b676 (0x00002f17) auipc   t5, 0x2
core   0: 3 0x8000b676 (0x00002f17) x30 0x8000d676
core   0: 0x8000b67a (0x983f2523) sw      gp, -1654(t5)
core   0: 3 0x8000b67a (0x983f2523) mem 0x8000d000 0x00000001
core   0: 0x8000b67e (0x0000bfe5) c.j     pc - 8
core   0: 3 0x8000b67e (0xbfe5)
core   0: 0x8000b676 (0x00002f17) auipc   t5, 0x2
core   0: 3 0x8000b676 (0x00002f17) x30 0x8000d676
core   0: 0x8000b67a (0x983f2523) sw      gp, -1654(t5)
core   0: 3 0x8000b67a (0x983f2523) mem 0x8000d000 0x00000001
core   0: 0x8000b67e (0x0000bfe5) c.j     pc - 8
core   0: 3 0x8000b67e (0xbfe5)
core   0: 0x8000b676 (0x00002f17) auipc   t5, 0x2
core   0: 3 0x8000b676 (0x00002f17) x30 0x8000d676
core   0: 0x8000b67a (0x983f2523) sw      gp, -1654(t5)
core   0: 3 0x8000b67a (0x983f2523) mem 0x8000d000 0x00000001
core   0: 0x8000b67e (0x0000bfe5) c.j     pc - 8
core   0: 3 0x8000b67e (0xbfe5)
core   0: 0x8000b676 (0x00002f17) auipc   t5, 0x2
core   0: 3 0x8000b676 (0x00002f17) x30 0x8000d676
core   0: 0x8000b67a (0x983f2523) sw      gp, -1654(t5)
core   0: 3 0x8000b67a (0x983f2523) mem 0x8000d000 0x00000001
core   0: 0x8000b67e (0x0000bfe5) c.j     pc - 8
core   0: 3 0x8000b67e (0xbfe5)
core   0: 0x8000b676 (0x00002f17) auipc   t5, 0x2
core   0: 3 0x8000b676 (0x00002f17) x30 0x8000d676
core   0: 0x8000b67a (0x983f2523) sw      gp, -1654(t5)
core   0: 3 0x8000b67a (0x983f2523) mem 0x8000d000 0x00000001
core   0: 0x8000b67e (0x0000bfe5) c.j     pc - 8
core   0: 3 0x8000b67e (0xbfe5)
core   0: 0x8000b676 (0x00002f17) auipc   t5, 0x2
core   0: 3 0x8000b676 (0x00002f17) x30 0x8000d676
core   0: 0x8000b67a (0x983f2523) sw      gp, -1654(t5)
core   0: 3 0x8000b67a (0x983f2523) mem 0x8000d000 0x00000001
core   0: 0x8000b67e (0x0000bfe5) c.j     pc - 8
core   0: 3 0x8000b67e (0xbfe5)
core   0: 0x8000b676 (0x00002f17) auipc   t5, 0x2
core   0: 3 0x8000b676 (0x00002f17) x30 0x8000d676
core   0: 0x8000b67a (0x983f2523) sw      gp, -1654(t5)
core   0: 3 0x8000b67a (0x983f2523) mem 0x8000d000 0x00000001
core   0: 0x8000b67e (0x0000bfe5) c.j     pc - 8
core   0: 3 0x8000b67e (0xbfe5)
core   0: 0x8000b676 (0x00002f17) auipc   t5, 0x2
core   0: 3 0x8000b676 (0x00002f17) x30 0x8000d676
core   0: 0x8000b67a (0x983f2523) sw      gp, -1654(t5)
core   0: 3 0x8000b67a (0x983f2523) mem 0x8000d000 0x00000001
core   0: 0x8000b67e (0x0000bfe5) c.j     pc - 8
core   0: 3 0x8000b67e (0xbfe5)
core   0: 0x8000b676 (0x00002f17) auipc   t5, 0x2
core   0: 3 0x8000b676 (0x00002f17) x30 0x8000d676
core   0: 0x8000b67a (0x983f2523) sw      gp, -1654(t5)
core   0: 3 0x8000b67a (0x983f2523) mem 0x8000d000 0x00000001
core   0: 0x8000b67e (0x0000bfe5) c.j     pc - 8
core   0: 3 0x8000b67e (0xbfe5)
core   0: 0x8000b676 (0x00002f17) auipc   t5, 0x2
core   0: 3 0x8000b676 (0x00002f17) x30 0x8000d676
core   0: 0x8000b67a (0x983f2523) sw      gp, -1654(t5)
core   0: 3 0x8000b67a (0x983f2523) mem 0x8000d000 0x00000001
core   0: 0x8000b67e (0x0000bfe5) c.j     pc - 8
core   0: 3 0x8000b67e (0xbfe5)
core   0: 0x8000b676 (0x00002f17) auipc   t5, 0x2
core   0: 3 0x8000b676 (0x00002f17) x30 0x8000d676
core   0: 0x8000b67a (0x983f2523) sw      gp, -1654(t5)
core   0: 3 0x8000b67a (0x983f2523) mem 0x8000d000 0x00000001
core   0: 0x8000b67e (0x0000bfe5) c.j     pc - 8
core   0: 3 0x8000b67e (0xbfe5)
core   0: 0x8000b676 (0x00002f17) auipc   t5, 0x2
core   0: 3 0x8000b676 (0x00002f17) x30 0x8000d676
core   0: 0x8000b67a (0x983f2523) sw      gp, -1654(t5)
core   0: 3 0x8000b67a (0x983f2523) mem 0x8000d000 0x00000001
core   0: 0x8000b67e (0x0000bfe5) c.j     pc - 8
core   0: 3 0x8000b67e (0xbfe5)
core   0: 0x8000b676 (0x00002f17) auipc   t5, 0x2
core   0: 3 0x8000b676 (0x00002f17) x30 0x8000d676
core   0: 0x8000b67a (0x983f2523) sw      gp, -1654(t5)
core   0: 3 0x8000b67a (0x983f2523) mem 0x8000d000 0x00000001
core   0: 0x8000b67e (0x0000bfe5) c.j     pc - 8
core   0: 3 0x8000b67e (0xbfe5)
core   0: 0x8000b676 (0x00002f17) auipc   t5, 0x2
core   0: 3 0x8000b676 (0x00002f17) x30 0x8000d676
core   0: 0x8000b67a (0x983f2523) sw      gp, -1654(t5)
core   0: 3 0x8000b67a (0x983f2523) mem 0x8000d000 0x00000001
core   0: 0x8000b67e (0x0000bfe5) c.j     pc - 8
core   0: 3 0x8000b67e (0xbfe5)
core   0: 0x8000b676 (0x00002f17) auipc   t5, 0x2
core   0: 3 0x8000b676 (0x00002f17) x30 0x8000d676
core   0: 0x8000b67a (0x983f2523) sw      gp, -1654(t5)
core   0: 3 0x8000b67a (0x983f2523) mem 0x8000d000 0x00000001
core   0: 0x8000b67e (0x0000bfe5) c.j     pc - 8
core   0: 3 0x8000b67e (0xbfe5)
core   0: 0x8000b676 (0x00002f17) auipc   t5, 0x2
core   0: 3 0x8000b676 (0x00002f17) x30 0x8000d676
core   0: 0x8000b67a (0x983f2523) sw      gp, -1654(t5)
core   0: 3 0x8000b67a (0x983f2523) mem 0x8000d000 0x00000001
core   0: 0x8000b67e (0x0000bfe5) c.j     pc - 8
core   0: 3 0x8000b67e (0xbfe5)
core   0: 0x8000b676 (0x00002f17) auipc   t5, 0x2
core   0: 3 0x8000b676 (0x00002f17) x30 0x8000d676
core   0: 0x8000b67a (0x983f2523) sw      gp, -1654(t5)
core   0: 3 0x8000b67a (0x983f2523) mem 0x8000d000 0x00000001
core   0: 0x8000b67e (0x0000bfe5) c.j     pc - 8
core   0: 3 0x8000b67e (0xbfe5)
core   0: 0x8000b676 (0x00002f17) auipc   t5, 0x2
core   0: 3 0x8000b676 (0x00002f17) x30 0x8000d676
core   0: 0x8000b67a (0x983f2523) sw      gp, -1654(t5)
core   0: 3 0x8000b67a (0x983f2523) mem 0x8000d000 0x00000001
core   0: 0x8000b67e (0x0000bfe5) c.j     pc - 8
core   0: 3 0x8000b67e (0xbfe5)
core   0: 0x8000b676 (0x00002f17) auipc   t5, 0x2
core   0: 3 0x8000b676 (0x00002f17) x30 0x8000d676
core   0: 0x8000b67a (0x983f2523) sw      gp, -1654(t5)
core   0: 3 0x8000b67a (0x983f2523) mem 0x8000d000 0x00000001
core   0: 0x8000b67e (0x0000bfe5) c.j     pc - 8
core   0: 3 0x8000b67e (0xbfe5)
core   0: 0x8000b676 (0x00002f17) auipc   t5, 0x2
core   0: 3 0x8000b676 (0x00002f17) x30 0x8000d676
core   0: 0x8000b67a (0x983f2523) sw      gp, -1654(t5)
core   0: 3 0x8000b67a (0x983f2523) mem 0x8000d000 0x00000001
core   0: 0x8000b67e (0x0000bfe5) c.j     pc - 8
core   0: 3 0x8000b67e (0xbfe5)
core   0: 0x8000b676 (0x00002f17) auipc   t5, 0x2
core   0: 3 0x8000b676 (0x00002f17) x30 0x8000d676
core   0: 0x8000b67a (0x983f2523) sw      gp, -1654(t5)
core   0: 3 0x8000b67a (0x983f2523) mem 0x8000d000 0x00000001
core   0: 0x8000b67e (0x0000bfe5) c.j     pc - 8
core   0: 3 0x8000b67e (0xbfe5)
core   0: 0x8000b676 (0x00002f17) auipc   t5, 0x2
core   0: 3 0x8000b676 (0x00002f17) x30 0x8000d676
core   0: 0x8000b67a (0x983f2523) sw      gp, -1654(t5)
core   0: 3 0x8000b67a (0x983f2523) mem 0x8000d000 0x00000001
core   0: 0x8000b67e (0x0000bfe5) c.j     pc - 8
core   0: 3 0x8000b67e (0xbfe5)
core   0: 0x8000b676 (0x00002f17) auipc   t5, 0x2
core   0: 3 0x8000b676 (0x00002f17) x30 0x8000d676
core   0: 0x8000b67a (0x983f2523) sw      gp, -1654(t5)
core   0: 3 0x8000b67a (0x983f2523) mem 0x8000d000 0x00000001
core   0: 0x8000b67e (0x0000bfe5) c.j     pc - 8
core   0: 3 0x8000b67e (0xbfe5)
core   0: 0x8000b676 (0x00002f17) auipc   t5, 0x2
core   0: 3 0x8000b676 (0x00002f17) x30 0x8000d676
core   0: 0x8000b67a (0x983f2523) sw      gp, -1654(t5)
core   0: 3 0x8000b67a (0x983f2523) mem 0x8000d000 0x00000001
core   0: 0x8000b67e (0x0000bfe5) c.j     pc - 8
core   0: 3 0x8000b67e (0xbfe5)
core   0: 0x8000b676 (0x00002f17) auipc   t5, 0x2
core   0: 3 0x8000b676 (0x00002f17) x30 0x8000d676
core   0: 0x8000b67a (0x983f2523) sw      gp, -1654(t5)
core   0: 3 0x8000b67a (0x983f2523) mem 0x8000d000 0x00000001
core   0: 0x8000b67e (0x0000bfe5) c.j     pc - 8
core   0: 3 0x8000b67e (0xbfe5)
core   0: 0x8000b676 (0x00002f17) auipc   t5, 0x2
core   0: 3 0x8000b676 (0x00002f17) x30 0x8000d676
core   0: 0x8000b67a (0x983f2523) sw      gp, -1654(t5)
core   0: 3 0x8000b67a (0x983f2523) mem 0x8000d000 0x00000001
core   0: 0x8000b67e (0x0000bfe5) c.j     pc - 8
core   0: 3 0x8000b67e (0xbfe5)
core   0: 0x8000b676 (0x00002f17) auipc   t5, 0x2
core   0: 3 0x8000b676 (0x00002f17) x30 0x8000d676
core   0: 0x8000b67a (0x983f2523) sw      gp, -1654(t5)
core   0: 3 0x8000b67a (0x983f2523) mem 0x8000d000 0x00000001
core   0: 0x8000b67e (0x0000bfe5) c.j     pc - 8
core   0: 3 0x8000b67e (0xbfe5)
core   0: 0x8000b676 (0x00002f17) auipc   t5, 0x2
core   0: 3 0x8000b676 (0x00002f17) x30 0x8000d676
core   0: 0x8000b67a (0x983f2523) sw      gp, -1654(t5)
core   0: 3 0x8000b67a (0x983f2523) mem 0x8000d000 0x00000001
core   0: 0x8000b67e (0x0000bfe5) c.j     pc - 8
core   0: 3 0x8000b67e (0xbfe5)
core   0: 0x8000b676 (0x00002f17) auipc   t5, 0x2
core   0: 3 0x8000b676 (0x00002f17) x30 0x8000d676
core   0: 0x8000b67a (0x983f2523) sw      gp, -1654(t5)
core   0: 3 0x8000b67a (0x983f2523) mem 0x8000d000 0x00000001
core   0: 0x8000b67e (0x0000bfe5) c.j     pc - 8
core   0: 3 0x8000b67e (0xbfe5)
core   0: 0x8000b676 (0x00002f17) auipc   t5, 0x2
core   0: 3 0x8000b676 (0x00002f17) x30 0x8000d676
core   0: 0x8000b67a (0x983f2523) sw      gp, -1654(t5)
core   0: 3 0x8000b67a (0x983f2523) mem 0x8000d000 0x00000001
core   0: 0x8000b67e (0x0000bfe5) c.j     pc - 8
core   0: 3 0x8000b67e (0xbfe5)
core   0: 0x8000b676 (0x00002f17) auipc   t5, 0x2
core   0: 3 0x8000b676 (0x00002f17) x30 0x8000d676
core   0: 0x8000b67a (0x983f2523) sw      gp, -1654(t5)
core   0: 3 0x8000b67a (0x983f2523) mem 0x8000d000 0x00000001
core   0: 0x8000b67e (0x0000bfe5) c.j     pc - 8
core   0: 3 0x8000b67e (0xbfe5)
core   0: 0x8000b676 (0x00002f17) auipc   t5, 0x2
core   0: 3 0x8000b676 (0x00002f17) x30 0x8000d676
core   0: 0x8000b67a (0x983f2523) sw      gp, -1654(t5)
core   0: 3 0x8000b67a (0x983f2523) mem 0x8000d000 0x00000001
core   0: 0x8000b67e (0x0000bfe5) c.j     pc - 8
core   0: 3 0x8000b67e (0xbfe5)
core   0: 0x8000b676 (0x00002f17) auipc   t5, 0x2
core   0: 3 0x8000b676 (0x00002f17) x30 0x8000d676
core   0: 0x8000b67a (0x983f2523) sw      gp, -1654(t5)
core   0: 3 0x8000b67a (0x983f2523) mem 0x8000d000 0x00000001
core   0: 0x8000b67e (0x0000bfe5) c.j     pc - 8
core   0: 3 0x8000b67e (0xbfe5)
core   0: 0x8000b676 (0x00002f17) auipc   t5, 0x2
core   0: 3 0x8000b676 (0x00002f17) x30 0x8000d676
core   0: 0x8000b67a (0x983f2523) sw      gp, -1654(t5)
core   0: 3 0x8000b67a (0x983f2523) mem 0x8000d000 0x00000001
core   0: 0x8000b67e (0x0000bfe5) c.j     pc - 8
core   0: 3 0x8000b67e (0xbfe5)
core   0: 0x8000b676 (0x00002f17) auipc   t5, 0x2
core   0: 3 0x8000b676 (0x00002f17) x30 0x8000d676
core   0: 0x8000b67a (0x983f2523) sw      gp, -1654(t5)
core   0: 3 0x8000b67a (0x983f2523) mem 0x8000d000 0x00000001
core   0: 0x8000b67e (0x0000bfe5) c.j     pc - 8
core   0: 3 0x8000b67e (0xbfe5)
core   0: 0x8000b676 (0x00002f17) auipc   t5, 0x2
core   0: 3 0x8000b676 (0x00002f17) x30 0x8000d676
core   0: 0x8000b67a (0x983f2523) sw      gp, -1654(t5)
core   0: 3 0x8000b67a (0x983f2523) mem 0x8000d000 0x00000001
core   0: 0x8000b67e (0x0000bfe5) c.j     pc - 8
core   0: 3 0x8000b67e (0xbfe5)
core   0: 0x8000b676 (0x00002f17) auipc   t5, 0x2
core   0: 3 0x8000b676 (0x00002f17) x30 0x8000d676
core   0: 0x8000b67a (0x983f2523) sw      gp, -1654(t5)
core   0: 3 0x8000b67a (0x983f2523) mem 0x8000d000 0x00000001
core   0: 0x8000b67e (0x0000bfe5) c.j     pc - 8
core   0: 3 0x8000b67e (0xbfe5)
core   0: 0x8000b676 (0x00002f17) auipc   t5, 0x2
core   0: 3 0x8000b676 (0x00002f17) x30 0x8000d676
core   0: 0x8000b67a (0x983f2523) sw      gp, -1654(t5)
core   0: 3 0x8000b67a (0x983f2523) mem 0x8000d000 0x00000001
core   0: 0x8000b67e (0x0000bfe5) c.j     pc - 8
core   0: 3 0x8000b67e (0xbfe5)
core   0: 0x8000b676 (0x00002f17) auipc   t5, 0x2
core   0: 3 0x8000b676 (0x00002f17) x30 0x8000d676
core   0: 0x8000b67a (0x983f2523) sw      gp, -1654(t5)
core   0: 3 0x8000b67a (0x983f2523) mem 0x8000d000 0x00000001
core   0: 0x8000b67e (0x0000bfe5) c.j     pc - 8
core   0: 3 0x8000b67e (0xbfe5)
core   0: 0x8000b676 (0x00002f17) auipc   t5, 0x2
core   0: 3 0x8000b676 (0x00002f17) x30 0x8000d676
core   0: 0x8000b67a (0x983f2523) sw      gp, -1654(t5)
core   0: 3 0x8000b67a (0x983f2523) mem 0x8000d000 0x00000001
core   0: 0x8000b67e (0x0000bfe5) c.j     pc - 8
core   0: 3 0x8000b67e (0xbfe5)
core   0: 0x8000b676 (0x00002f17) auipc   t5, 0x2
core   0: 3 0x8000b676 (0x00002f17) x30 0x8000d676
core   0: 0x8000b67a (0x983f2523) sw      gp, -1654(t5)
core   0: 3 0x8000b67a (0x983f2523) mem 0x8000d000 0x00000001
core   0: 0x8000b67e (0x0000bfe5) c.j     pc - 8
core   0: 3 0x8000b67e (0xbfe5)
core   0: 0x8000b676 (0x00002f17) auipc   t5, 0x2
core   0: 3 0x8000b676 (0x00002f17) x30 0x8000d676
core   0: 0x8000b67a (0x983f2523) sw      gp, -1654(t5)
core   0: 3 0x8000b67a (0x983f2523) mem 0x8000d000 0x00000001
core   0: 0x8000b67e (0x0000bfe5) c.j     pc - 8
core   0: 3 0x8000b67e (0xbfe5)
core   0: 0x8000b676 (0x00002f17) auipc   t5, 0x2
core   0: 3 0x8000b676 (0x00002f17) x30 0x8000d676
core   0: 0x8000b67a (0x983f2523) sw      gp, -1654(t5)
core   0: 3 0x8000b67a (0x983f2523) mem 0x8000d000 0x00000001
core   0: 0x8000b67e (0x0000bfe5) c.j     pc - 8
core   0: 3 0x8000b67e (0xbfe5)
core   0: 0x8000b676 (0x00002f17) auipc   t5, 0x2
core   0: 3 0x8000b676 (0x00002f17) x30 0x8000d676
core   0: 0x8000b67a (0x983f2523) sw      gp, -1654(t5)
core   0: 3 0x8000b67a (0x983f2523) mem 0x8000d000 0x00000001
core   0: 0x8000b67e (0x0000bfe5) c.j     pc - 8
core   0: 3 0x8000b67e (0xbfe5)
core   0: 0x8000b676 (0x00002f17) auipc   t5, 0x2
core   0: 3 0x8000b676 (0x00002f17) x30 0x8000d676
core   0: 0x8000b67a (0x983f2523) sw      gp, -1654(t5)
core   0: 3 0x8000b67a (0x983f2523) mem 0x8000d000 0x00000001
core   0: 0x8000b67e (0x0000bfe5) c.j     pc - 8
core   0: 3 0x8000b67e (0xbfe5)
core   0: 0x8000b676 (0x00002f17) auipc   t5, 0x2
core   0: 3 0x8000b676 (0x00002f17) x30 0x8000d676
core   0: 0x8000b67a (0x983f2523) sw      gp, -1654(t5)
core   0: 3 0x8000b67a (0x983f2523) mem 0x8000d000 0x00000001
core   0: 0x8000b67e (0x0000bfe5) c.j     pc - 8
core   0: 3 0x8000b67e (0xbfe5)
core   0: 0x8000b676 (0x00002f17) auipc   t5, 0x2
core   0: 3 0x8000b676 (0x00002f17) x30 0x8000d676
core   0: 0x8000b67a (0x983f2523) sw      gp, -1654(t5)
core   0: 3 0x8000b67a (0x983f2523) mem 0x8000d000 0x00000001
core   0: 0x8000b67e (0x0000bfe5) c.j     pc - 8
core   0: 3 0x8000b67e (0xbfe5)
core   0: 0x8000b676 (0x00002f17) auipc   t5, 0x2
core   0: 3 0x8000b676 (0x00002f17) x30 0x8000d676
core   0: 0x8000b67a (0x983f2523) sw      gp, -1654(t5)
core   0: 3 0x8000b67a (0x983f2523) mem 0x8000d000 0x00000001
core   0: 0x8000b67e (0x0000bfe5) c.j     pc - 8
core   0: 3 0x8000b67e (0xbfe5)
core   0: 0x8000b676 (0x00002f17) auipc   t5, 0x2
core   0: 3 0x8000b676 (0x00002f17) x30 0x8000d676
core   0: 0x8000b67a (0x983f2523) sw      gp, -1654(t5)
core   0: 3 0x8000b67a (0x983f2523) mem 0x8000d000 0x00000001
core   0: 0x8000b67e (0x0000bfe5) c.j     pc - 8
core   0: 3 0x8000b67e (0xbfe5)
core   0: 0x8000b676 (0x00002f17) auipc   t5, 0x2
core   0: 3 0x8000b676 (0x00002f17) x30 0x8000d676
core   0: 0x8000b67a (0x983f2523) sw      gp, -1654(t5)
core   0: 3 0x8000b67a (0x983f2523) mem 0x8000d000 0x00000001
core   0: 0x8000b67e (0x0000bfe5) c.j     pc - 8
core   0: 3 0x8000b67e (0xbfe5)
core   0: 0x8000b676 (0x00002f17) auipc   t5, 0x2
core   0: 3 0x8000b676 (0x00002f17) x30 0x8000d676
core   0: 0x8000b67a (0x983f2523) sw      gp, -1654(t5)
core   0: 3 0x8000b67a (0x983f2523) mem 0x8000d000 0x00000001
core   0: 0x8000b67e (0x0000bfe5) c.j     pc - 8
core   0: 3 0x8000b67e (0xbfe5)
core   0: 0x8000b676 (0x00002f17) auipc   t5, 0x2
core   0: 3 0x8000b676 (0x00002f17) x30 0x8000d676
core   0: 0x8000b67a (0x983f2523) sw      gp, -1654(t5)
core   0: 3 0x8000b67a (0x983f2523) mem 0x8000d000 0x00000001
core   0: 0x8000b67e (0x0000bfe5) c.j     pc - 8
core   0: 3 0x8000b67e (0xbfe5)
core   0: 0x8000b676 (0x00002f17) auipc   t5, 0x2
core   0: 3 0x8000b676 (0x00002f17) x30 0x8000d676
core   0: 0x8000b67a (0x983f2523) sw      gp, -1654(t5)
core   0: 3 0x8000b67a (0x983f2523) mem 0x8000d000 0x00000001
core   0: 0x8000b67e (0x0000bfe5) c.j     pc - 8
core   0: 3 0x8000b67e (0xbfe5)
core   0: 0x8000b676 (0x00002f17) auipc   t5, 0x2
core   0: 3 0x8000b676 (0x00002f17) x30 0x8000d676
core   0: 0x8000b67a (0x983f2523) sw      gp, -1654(t5)
core   0: 3 0x8000b67a (0x983f2523) mem 0x8000d000 0x00000001
core   0: 0x8000b67e (0x0000bfe5) c.j     pc - 8
core   0: 3 0x8000b67e (0xbfe5)
core   0: 0x8000b676 (0x00002f17) auipc   t5, 0x2
core   0: 3 0x8000b676 (0x00002f17) x30 0x8000d676
core   0: 0x8000b67a (0x983f2523) sw      gp, -1654(t5)
core   0: 3 0x8000b67a (0x983f2523) mem 0x8000d000 0x00000001
core   0: 0x8000b67e (0x0000bfe5) c.j     pc - 8
core   0: 3 0x8000b67e (0xbfe5)
core   0: 0x8000b676 (0x00002f17) auipc   t5, 0x2
core   0: 3 0x8000b676 (0x00002f17) x30 0x8000d676
core   0: 0x8000b67a (0x983f2523) sw      gp, -1654(t5)
core   0: 3 0x8000b67a (0x983f2523) mem 0x8000d000 0x00000001
core   0: 0x8000b67e (0x0000bfe5) c.j     pc - 8
core   0: 3 0x8000b67e (0xbfe5)
core   0: 0x8000b676 (0x00002f17) auipc   t5, 0x2
core   0: 3 0x8000b676 (0x00002f17) x30 0x8000d676
core   0: 0x8000b67a (0x983f2523) sw      gp, -1654(t5)
core   0: 3 0x8000b67a (0x983f2523) mem 0x8000d000 0x00000001
core   0: 0x8000b67e (0x0000bfe5) c.j     pc - 8
core   0: 3 0x8000b67e (0xbfe5)
core   0: 0x8000b676 (0x00002f17) auipc   t5, 0x2
core   0: 3 0x8000b676 (0x00002f17) x30 0x8000d676
core   0: 0x8000b67a (0x983f2523) sw      gp, -1654(t5)
core   0: 3 0x8000b67a (0x983f2523) mem 0x8000d000 0x00000001
core   0: 0x8000b67e (0x0000bfe5) c.j     pc - 8
core   0: 3 0x8000b67e (0xbfe5)
core   0: 0x8000b676 (0x00002f17) auipc   t5, 0x2
core   0: 3 0x8000b676 (0x00002f17) x30 0x8000d676
core   0: 0x8000b67a (0x983f2523) sw      gp, -1654(t5)
core   0: 3 0x8000b67a (0x983f2523) mem 0x8000d000 0x00000001
core   0: 0x8000b67e (0x0000bfe5) c.j     pc - 8
core   0: 3 0x8000b67e (0xbfe5)
core   0: 0x8000b676 (0x00002f17) auipc   t5, 0x2
core   0: 3 0x8000b676 (0x00002f17) x30 0x8000d676
core   0: 0x8000b67a (0x983f2523) sw      gp, -1654(t5)
core   0: 3 0x8000b67a (0x983f2523) mem 0x8000d000 0x00000001
core   0: 0x8000b67e (0x0000bfe5) c.j     pc - 8
core   0: 3 0x8000b67e (0xbfe5)
core   0: 0x8000b676 (0x00002f17) auipc   t5, 0x2
core   0: 3 0x8000b676 (0x00002f17) x30 0x8000d676
core   0: 0x8000b67a (0x983f2523) sw      gp, -1654(t5)
core   0: 3 0x8000b67a (0x983f2523) mem 0x8000d000 0x00000001
core   0: 0x8000b67e (0x0000bfe5) c.j     pc - 8
core   0: 3 0x8000b67e (0xbfe5)
core   0: 0x8000b676 (0x00002f17) auipc   t5, 0x2
core   0: 3 0x8000b676 (0x00002f17) x30 0x8000d676
core   0: 0x8000b67a (0x983f2523) sw      gp, -1654(t5)
core   0: 3 0x8000b67a (0x983f2523) mem 0x8000d000 0x00000001
core   0: 0x8000b67e (0x0000bfe5) c.j     pc - 8
core   0: 3 0x8000b67e (0xbfe5)
core   0: 0x8000b676 (0x00002f17) auipc   t5, 0x2
core   0: 3 0x8000b676 (0x00002f17) x30 0x8000d676
core   0: 0x8000b67a (0x983f2523) sw      gp, -1654(t5)
core   0: 3 0x8000b67a (0x983f2523) mem 0x8000d000 0x00000001
core   0: 0x8000b67e (0x0000bfe5) c.j     pc - 8
core   0: 3 0x8000b67e (0xbfe5)
core   0: 0x8000b676 (0x00002f17) auipc   t5, 0x2
core   0: 3 0x8000b676 (0x00002f17) x30 0x8000d676
core   0: 0x8000b67a (0x983f2523) sw      gp, -1654(t5)
core   0: 3 0x8000b67a (0x983f2523) mem 0x8000d000 0x00000001
core   0: 0x8000b67e (0x0000bfe5) c.j     pc - 8
core   0: 3 0x8000b67e (0xbfe5)
core   0: 0x8000b676 (0x00002f17) auipc   t5, 0x2
core   0: 3 0x8000b676 (0x00002f17) x30 0x8000d676
core   0: 0x8000b67a (0x983f2523) sw      gp, -1654(t5)
core   0: 3 0x8000b67a (0x983f2523) mem 0x8000d000 0x00000001
core   0: 0x8000b67e (0x0000bfe5) c.j     pc - 8
core   0: 3 0x8000b67e (0xbfe5)
core   0: 0x8000b676 (0x00002f17) auipc   t5, 0x2
core   0: 3 0x8000b676 (0x00002f17) x30 0x8000d676
core   0: 0x8000b67a (0x983f2523) sw      gp, -1654(t5)
core   0: 3 0x8000b67a (0x983f2523) mem 0x8000d000 0x00000001
core   0: 0x8000b67e (0x0000bfe5) c.j     pc - 8
core   0: 3 0x8000b67e (0xbfe5)
core   0: 0x8000b676 (0x00002f17) auipc   t5, 0x2
core   0: 3 0x8000b676 (0x00002f17) x30 0x8000d676
core   0: 0x8000b67a (0x983f2523) sw      gp, -1654(t5)
core   0: 3 0x8000b67a (0x983f2523) mem 0x8000d000 0x00000001
core   0: 0x8000b67e (0x0000bfe5) c.j     pc - 8
core   0: 3 0x8000b67e (0xbfe5)
core   0: 0x8000b676 (0x00002f17) auipc   t5, 0x2
core   0: 3 0x8000b676 (0x00002f17) x30 0x8000d676
core   0: 0x8000b67a (0x983f2523) sw      gp, -1654(t5)
core   0: 3 0x8000b67a (0x983f2523) mem 0x8000d000 0x00000001
core   0: 0x8000b67e (0x0000bfe5) c.j     pc - 8
core   0: 3 0x8000b67e (0xbfe5)
core   0: 0x8000b676 (0x00002f17) auipc   t5, 0x2
core   0: 3 0x8000b676 (0x00002f17) x30 0x8000d676
core   0: 0x8000b67a (0x983f2523) sw      gp, -1654(t5)
core   0: 3 0x8000b67a (0x983f2523) mem 0x8000d000 0x00000001
core   0: 0x8000b67e (0x0000bfe5) c.j     pc - 8
core   0: 3 0x8000b67e (0xbfe5)
core   0: 0x8000b676 (0x00002f17) auipc   t5, 0x2
core   0: 3 0x8000b676 (0x00002f17) x30 0x8000d676
core   0: 0x8000b67a (0x983f2523) sw      gp, -1654(t5)
core   0: 3 0x8000b67a (0x983f2523) mem 0x8000d000 0x00000001
core   0: 0x8000b67e (0x0000bfe5) c.j     pc - 8
core   0: 3 0x8000b67e (0xbfe5)
core   0: 0x8000b676 (0x00002f17) auipc   t5, 0x2
core   0: 3 0x8000b676 (0x00002f17) x30 0x8000d676
core   0: 0x8000b67a (0x983f2523) sw      gp, -1654(t5)
core   0: 3 0x8000b67a (0x983f2523) mem 0x8000d000 0x00000001
core   0: 0x8000b67e (0x0000bfe5) c.j     pc - 8
core   0: 3 0x8000b67e (0xbfe5)
core   0: 0x8000b676 (0x00002f17) auipc   t5, 0x2
core   0: 3 0x8000b676 (0x00002f17) x30 0x8000d676
core   0: 0x8000b67a (0x983f2523) sw      gp, -1654(t5)
core   0: 3 0x8000b67a (0x983f2523) mem 0x8000d000 0x00000001
core   0: 0x8000b67e (0x0000bfe5) c.j     pc - 8
core   0: 3 0x8000b67e (0xbfe5)
core   0: 0x8000b676 (0x00002f17) auipc   t5, 0x2
core   0: 3 0x8000b676 (0x00002f17) x30 0x8000d676
core   0: 0x8000b67a (0x983f2523) sw      gp, -1654(t5)
core   0: 3 0x8000b67a (0x983f2523) mem 0x8000d000 0x00000001
core   0: 0x8000b67e (0x0000bfe5) c.j     pc - 8
core   0: 3 0x8000b67e (0xbfe5)
core   0: 0x8000b676 (0x00002f17) auipc   t5, 0x2
core   0: 3 0x8000b676 (0x00002f17) x30 0x8000d676
core   0: 0x8000b67a (0x983f2523) sw      gp, -1654(t5)
core   0: 3 0x8000b67a (0x983f2523) mem 0x8000d000 0x00000001
core   0: 0x8000b67e (0x0000bfe5) c.j     pc - 8
core   0: 3 0x8000b67e (0xbfe5)
core   0: 0x8000b676 (0x00002f17) auipc   t5, 0x2
core   0: 3 0x8000b676 (0x00002f17) x30 0x8000d676
core   0: 0x8000b67a (0x983f2523) sw      gp, -1654(t5)
core   0: 3 0x8000b67a (0x983f2523) mem 0x8000d000 0x00000001
core   0: 0x8000b67e (0x0000bfe5) c.j     pc - 8
core   0: 3 0x8000b67e (0xbfe5)
core   0: 0x8000b676 (0x00002f17) auipc   t5, 0x2
core   0: 3 0x8000b676 (0x00002f17) x30 0x8000d676
core   0: 0x8000b67a (0x983f2523) sw      gp, -1654(t5)
core   0: 3 0x8000b67a (0x983f2523) mem 0x8000d000 0x00000001
core   0: 0x8000b67e (0x0000bfe5) c.j     pc - 8
core   0: 3 0x8000b67e (0xbfe5)
core   0: 0x8000b676 (0x00002f17) auipc   t5, 0x2
core   0: 3 0x8000b676 (0x00002f17) x30 0x8000d676
core   0: 0x8000b67a (0x983f2523) sw      gp, -1654(t5)
core   0: 3 0x8000b67a (0x983f2523) mem 0x8000d000 0x00000001
core   0: 0x8000b67e (0x0000bfe5) c.j     pc - 8
core   0: 3 0x8000b67e (0xbfe5)
core   0: 0x8000b676 (0x00002f17) auipc   t5, 0x2
core   0: 3 0x8000b676 (0x00002f17) x30 0x8000d676
core   0: 0x8000b67a (0x983f2523) sw      gp, -1654(t5)
core   0: 3 0x8000b67a (0x983f2523) mem 0x8000d000 0x00000001
core   0: 0x8000b67e (0x0000bfe5) c.j     pc - 8
core   0: 3 0x8000b67e (0xbfe5)
core   0: 0x8000b676 (0x00002f17) auipc   t5, 0x2
core   0: 3 0x8000b676 (0x00002f17) x30 0x8000d676
core   0: 0x8000b67a (0x983f2523) sw      gp, -1654(t5)
core   0: 3 0x8000b67a (0x983f2523) mem 0x8000d000 0x00000001
core   0: 0x8000b67e (0x0000bfe5) c.j     pc - 8
core   0: 3 0x8000b67e (0xbfe5)
core   0: 0x8000b676 (0x00002f17) auipc   t5, 0x2
core   0: 3 0x8000b676 (0x00002f17) x30 0x8000d676
core   0: 0x8000b67a (0x983f2523) sw      gp, -1654(t5)
core   0: 3 0x8000b67a (0x983f2523) mem 0x8000d000 0x00000001
core   0: 0x8000b67e (0x0000bfe5) c.j     pc - 8
core   0: 3 0x8000b67e (0xbfe5)
core   0: 0x8000b676 (0x00002f17) auipc   t5, 0x2
core   0: 3 0x8000b676 (0x00002f17) x30 0x8000d676
core   0: 0x8000b67a (0x983f2523) sw      gp, -1654(t5)
core   0: 3 0x8000b67a (0x983f2523) mem 0x8000d000 0x00000001
core   0: 0x8000b67e (0x0000bfe5) c.j     pc - 8
core   0: 3 0x8000b67e (0xbfe5)
core   0: 0x8000b676 (0x00002f17) auipc   t5, 0x2
core   0: 3 0x8000b676 (0x00002f17) x30 0x8000d676
core   0: 0x8000b67a (0x983f2523) sw      gp, -1654(t5)
core   0: 3 0x8000b67a (0x983f2523) mem 0x8000d000 0x00000001
core   0: 0x8000b67e (0x0000bfe5) c.j     pc - 8
core   0: 3 0x8000b67e (0xbfe5)
core   0: 0x8000b676 (0x00002f17) auipc   t5, 0x2
core   0: 3 0x8000b676 (0x00002f17) x30 0x8000d676
core   0: 0x8000b67a (0x983f2523) sw      gp, -1654(t5)
core   0: 3 0x8000b67a (0x983f2523) mem 0x8000d000 0x00000001
core   0: 0x8000b67e (0x0000bfe5) c.j     pc - 8
core   0: 3 0x8000b67e (0xbfe5)
core   0: 0x8000b676 (0x00002f17) auipc   t5, 0x2
core   0: 3 0x8000b676 (0x00002f17) x30 0x8000d676
core   0: 0x8000b67a (0x983f2523) sw      gp, -1654(t5)
core   0: 3 0x8000b67a (0x983f2523) mem 0x8000d000 0x00000001
core   0: 0x8000b67e (0x0000bfe5) c.j     pc - 8
core   0: 3 0x8000b67e (0xbfe5)
core   0: 0x8000b676 (0x00002f17) auipc   t5, 0x2
core   0: 3 0x8000b676 (0x00002f17) x30 0x8000d676
core   0: 0x8000b67a (0x983f2523) sw      gp, -1654(t5)
core   0: 3 0x8000b67a (0x983f2523) mem 0x8000d000 0x00000001
core   0: 0x8000b67e (0x0000bfe5) c.j     pc - 8
core   0: 3 0x8000b67e (0xbfe5)
core   0: 0x8000b676 (0x00002f17) auipc   t5, 0x2
core   0: 3 0x8000b676 (0x00002f17) x30 0x8000d676
core   0: 0x8000b67a (0x983f2523) sw      gp, -1654(t5)
core   0: 3 0x8000b67a (0x983f2523) mem 0x8000d000 0x00000001
core   0: 0x8000b67e (0x0000bfe5) c.j     pc - 8
core   0: 3 0x8000b67e (0xbfe5)
core   0: 0x8000b676 (0x00002f17) auipc   t5, 0x2
core   0: 3 0x8000b676 (0x00002f17) x30 0x8000d676
core   0: 0x8000b67a (0x983f2523) sw      gp, -1654(t5)
core   0: 3 0x8000b67a (0x983f2523) mem 0x8000d000 0x00000001
core   0: 0x8000b67e (0x0000bfe5) c.j     pc - 8
core   0: 3 0x8000b67e (0xbfe5)
core   0: 0x8000b676 (0x00002f17) auipc   t5, 0x2
core   0: 3 0x8000b676 (0x00002f17) x30 0x8000d676
core   0: 0x8000b67a (0x983f2523) sw      gp, -1654(t5)
core   0: 3 0x8000b67a (0x983f2523) mem 0x8000d000 0x00000001
core   0: 0x8000b67e (0x0000bfe5) c.j     pc - 8
core   0: 3 0x8000b67e (0xbfe5)
core   0: 0x8000b676 (0x00002f17) auipc   t5, 0x2
core   0: 3 0x8000b676 (0x00002f17) x30 0x8000d676
core   0: 0x8000b67a (0x983f2523) sw      gp, -1654(t5)
core   0: 3 0x8000b67a (0x983f2523) mem 0x8000d000 0x00000001
core   0: 0x8000b67e (0x0000bfe5) c.j     pc - 8
core   0: 3 0x8000b67e (0xbfe5)
core   0: 0x8000b676 (0x00002f17) auipc   t5, 0x2
core   0: 3 0x8000b676 (0x00002f17) x30 0x8000d676
core   0: 0x8000b67a (0x983f2523) sw      gp, -1654(t5)
core   0: 3 0x8000b67a (0x983f2523) mem 0x8000d000 0x00000001
core   0: 0x8000b67e (0x0000bfe5) c.j     pc - 8
core   0: 3 0x8000b67e (0xbfe5)
core   0: 0x8000b676 (0x00002f17) auipc   t5, 0x2
core   0: 3 0x8000b676 (0x00002f17) x30 0x8000d676
core   0: 0x8000b67a (0x983f2523) sw      gp, -1654(t5)
core   0: 3 0x8000b67a (0x983f2523) mem 0x8000d000 0x00000001
core   0: 0x8000b67e (0x0000bfe5) c.j     pc - 8
core   0: 3 0x8000b67e (0xbfe5)
core   0: 0x8000b676 (0x00002f17) auipc   t5, 0x2
core   0: 3 0x8000b676 (0x00002f17) x30 0x8000d676
core   0: 0x8000b67a (0x983f2523) sw      gp, -1654(t5)
core   0: 3 0x8000b67a (0x983f2523) mem 0x8000d000 0x00000001
core   0: 0x8000b67e (0x0000bfe5) c.j     pc - 8
core   0: 3 0x8000b67e (0xbfe5)
core   0: 0x8000b676 (0x00002f17) auipc   t5, 0x2
core   0: 3 0x8000b676 (0x00002f17) x30 0x8000d676
core   0: 0x8000b67a (0x983f2523) sw      gp, -1654(t5)
core   0: 3 0x8000b67a (0x983f2523) mem 0x8000d000 0x00000001
core   0: 0x8000b67e (0x0000bfe5) c.j     pc - 8
core   0: 3 0x8000b67e (0xbfe5)
core   0: 0x8000b676 (0x00002f17) auipc   t5, 0x2
core   0: 3 0x8000b676 (0x00002f17) x30 0x8000d676
core   0: 0x8000b67a (0x983f2523) sw      gp, -1654(t5)
core   0: 3 0x8000b67a (0x983f2523) mem 0x8000d000 0x00000001
core   0: 0x8000b67e (0x0000bfe5) c.j     pc - 8
core   0: 3 0x8000b67e (0xbfe5)
core   0: 0x8000b676 (0x00002f17) auipc   t5, 0x2
core   0: 3 0x8000b676 (0x00002f17) x30 0x8000d676
core   0: 0x8000b67a (0x983f2523) sw      gp, -1654(t5)
core   0: 3 0x8000b67a (0x983f2523) mem 0x8000d000 0x00000001
core   0: 0x8000b67e (0x0000bfe5) c.j     pc - 8
core   0: 3 0x8000b67e (0xbfe5)
core   0: 0x8000b676 (0x00002f17) auipc   t5, 0x2
core   0: 3 0x8000b676 (0x00002f17) x30 0x8000d676
core   0: 0x8000b67a (0x983f2523) sw      gp, -1654(t5)
core   0: 3 0x8000b67a (0x983f2523) mem 0x8000d000 0x00000001
core   0: 0x8000b67e (0x0000bfe5) c.j     pc - 8
core   0: 3 0x8000b67e (0xbfe5)
core   0: 0x8000b676 (0x00002f17) auipc   t5, 0x2
core   0: 3 0x8000b676 (0x00002f17) x30 0x8000d676
core   0: 0x8000b67a (0x983f2523) sw      gp, -1654(t5)
core   0: 3 0x8000b67a (0x983f2523) mem 0x8000d000 0x00000001
core   0: 0x8000b67e (0x0000bfe5) c.j     pc - 8
core   0: 3 0x8000b67e (0xbfe5)
core   0: 0x8000b676 (0x00002f17) auipc   t5, 0x2
core   0: 3 0x8000b676 (0x00002f17) x30 0x8000d676
core   0: 0x8000b67a (0x983f2523) sw      gp, -1654(t5)
core   0: 3 0x8000b67a (0x983f2523) mem 0x8000d000 0x00000001
core   0: 0x8000b67e (0x0000bfe5) c.j     pc - 8
core   0: 3 0x8000b67e (0xbfe5)
core   0: 0x8000b676 (0x00002f17) auipc   t5, 0x2
core   0: 3 0x8000b676 (0x00002f17) x30 0x8000d676
core   0: 0x8000b67a (0x983f2523) sw      gp, -1654(t5)
core   0: 3 0x8000b67a (0x983f2523) mem 0x8000d000 0x00000001
core   0: 0x8000b67e (0x0000bfe5) c.j     pc - 8
core   0: 3 0x8000b67e (0xbfe5)
core   0: 0x8000b676 (0x00002f17) auipc   t5, 0x2
core   0: 3 0x8000b676 (0x00002f17) x30 0x8000d676
core   0: 0x8000b67a (0x983f2523) sw      gp, -1654(t5)
core   0: 3 0x8000b67a (0x983f2523) mem 0x8000d000 0x00000001
core   0: 0x8000b67e (0x0000bfe5) c.j     pc - 8
core   0: 3 0x8000b67e (0xbfe5)
core   0: 0x8000b676 (0x00002f17) auipc   t5, 0x2
core   0: 3 0x8000b676 (0x00002f17) x30 0x8000d676
core   0: 0x8000b67a (0x983f2523) sw      gp, -1654(t5)
core   0: 3 0x8000b67a (0x983f2523) mem 0x8000d000 0x00000001
core   0: 0x8000b67e (0x0000bfe5) c.j     pc - 8
core   0: 3 0x8000b67e (0xbfe5)
core   0: 0x8000b676 (0x00002f17) auipc   t5, 0x2
core   0: 3 0x8000b676 (0x00002f17) x30 0x8000d676
core   0: 0x8000b67a (0x983f2523) sw      gp, -1654(t5)
core   0: 3 0x8000b67a (0x983f2523) mem 0x8000d000 0x00000001
core   0: 0x8000b67e (0x0000bfe5) c.j     pc - 8
core   0: 3 0x8000b67e (0xbfe5)
core   0: 0x8000b676 (0x00002f17) auipc   t5, 0x2
core   0: 3 0x8000b676 (0x00002f17) x30 0x8000d676
core   0: 0x8000b67a (0x983f2523) sw      gp, -1654(t5)
core   0: 3 0x8000b67a (0x983f2523) mem 0x8000d000 0x00000001
core   0: 0x8000b67e (0x0000bfe5) c.j     pc - 8
core   0: 3 0x8000b67e (0xbfe5)
core   0: 0x8000b676 (0x00002f17) auipc   t5, 0x2
core   0: 3 0x8000b676 (0x00002f17) x30 0x8000d676
core   0: 0x8000b67a (0x983f2523) sw      gp, -1654(t5)
core   0: 3 0x8000b67a (0x983f2523) mem 0x8000d000 0x00000001
core   0: 0x8000b67e (0x0000bfe5) c.j     pc - 8
core   0: 3 0x8000b67e (0xbfe5)
core   0: 0x8000b676 (0x00002f17) auipc   t5, 0x2
core   0: 3 0x8000b676 (0x00002f17) x30 0x8000d676
core   0: 0x8000b67a (0x983f2523) sw      gp, -1654(t5)
core   0: 3 0x8000b67a (0x983f2523) mem 0x8000d000 0x00000001
core   0: 0x8000b67e (0x0000bfe5) c.j     pc - 8
core   0: 3 0x8000b67e (0xbfe5)
core   0: 0x8000b676 (0x00002f17) auipc   t5, 0x2
core   0: 3 0x8000b676 (0x00002f17) x30 0x8000d676
core   0: 0x8000b67a (0x983f2523) sw      gp, -1654(t5)
core   0: 3 0x8000b67a (0x983f2523) mem 0x8000d000 0x00000001
core   0: 0x8000b67e (0x0000bfe5) c.j     pc - 8
core   0: 3 0x8000b67e (0xbfe5)
core   0: 0x8000b676 (0x00002f17) auipc   t5, 0x2
core   0: 3 0x8000b676 (0x00002f17) x30 0x8000d676
core   0: 0x8000b67a (0x983f2523) sw      gp, -1654(t5)
core   0: 3 0x8000b67a (0x983f2523) mem 0x8000d000 0x00000001
core   0: 0x8000b67e (0x0000bfe5) c.j     pc - 8
core   0: 3 0x8000b67e (0xbfe5)
core   0: 0x8000b676 (0x00002f17) auipc   t5, 0x2
core   0: 3 0x8000b676 (0x00002f17) x30 0x8000d676
core   0: 0x8000b67a (0x983f2523) sw      gp, -1654(t5)
core   0: 3 0x8000b67a (0x983f2523) mem 0x8000d000 0x00000001
core   0: 0x8000b67e (0x0000bfe5) c.j     pc - 8
core   0: 3 0x8000b67e (0xbfe5)
core   0: 0x8000b676 (0x00002f17) auipc   t5, 0x2
core   0: 3 0x8000b676 (0x00002f17) x30 0x8000d676
core   0: 0x8000b67a (0x983f2523) sw      gp, -1654(t5)
core   0: 3 0x8000b67a (0x983f2523) mem 0x8000d000 0x00000001
core   0: 0x8000b67e (0x0000bfe5) c.j     pc - 8
core   0: 3 0x8000b67e (0xbfe5)
core   0: 0x8000b676 (0x00002f17) auipc   t5, 0x2
core   0: 3 0x8000b676 (0x00002f17) x30 0x8000d676
core   0: 0x8000b67a (0x983f2523) sw      gp, -1654(t5)
core   0: 3 0x8000b67a (0x983f2523) mem 0x8000d000 0x00000001
core   0: 0x8000b67e (0x0000bfe5) c.j     pc - 8
core   0: 3 0x8000b67e (0xbfe5)
core   0: 0x8000b676 (0x00002f17) auipc   t5, 0x2
core   0: 3 0x8000b676 (0x00002f17) x30 0x8000d676
core   0: 0x8000b67a (0x983f2523) sw      gp, -1654(t5)
core   0: 3 0x8000b67a (0x983f2523) mem 0x8000d000 0x00000001
core   0: 0x8000b67e (0x0000bfe5) c.j     pc - 8
core   0: 3 0x8000b67e (0xbfe5)
core   0: 0x8000b676 (0x00002f17) auipc   t5, 0x2
core   0: 3 0x8000b676 (0x00002f17) x30 0x8000d676
core   0: 0x8000b67a (0x983f2523) sw      gp, -1654(t5)
core   0: 3 0x8000b67a (0x983f2523) mem 0x8000d000 0x00000001
core   0: 0x8000b67e (0x0000bfe5) c.j     pc - 8
core   0: 3 0x8000b67e (0xbfe5)
core   0: 0x8000b676 (0x00002f17) auipc   t5, 0x2
core   0: 3 0x8000b676 (0x00002f17) x30 0x8000d676
core   0: 0x8000b67a (0x983f2523) sw      gp, -1654(t5)
core   0: 3 0x8000b67a (0x983f2523) mem 0x8000d000 0x00000001
core   0: 0x8000b67e (0x0000bfe5) c.j     pc - 8
core   0: 3 0x8000b67e (0xbfe5)
core   0: 0x8000b676 (0x00002f17) auipc   t5, 0x2
core   0: 3 0x8000b676 (0x00002f17) x30 0x8000d676
core   0: 0x8000b67a (0x983f2523) sw      gp, -1654(t5)
core   0: 3 0x8000b67a (0x983f2523) mem 0x8000d000 0x00000001
core   0: 0x8000b67e (0x0000bfe5) c.j     pc - 8
core   0: 3 0x8000b67e (0xbfe5)
core   0: 0x8000b676 (0x00002f17) auipc   t5, 0x2
core   0: 3 0x8000b676 (0x00002f17) x30 0x8000d676
core   0: 0x8000b67a (0x983f2523) sw      gp, -1654(t5)
core   0: 3 0x8000b67a (0x983f2523) mem 0x8000d000 0x00000001
core   0: 0x8000b67e (0x0000bfe5) c.j     pc - 8
core   0: 3 0x8000b67e (0xbfe5)
core   0: 0x8000b676 (0x00002f17) auipc   t5, 0x2
core   0: 3 0x8000b676 (0x00002f17) x30 0x8000d676
core   0: 0x8000b67a (0x983f2523) sw      gp, -1654(t5)
core   0: 3 0x8000b67a (0x983f2523) mem 0x8000d000 0x00000001
core   0: 0x8000b67e (0x0000bfe5) c.j     pc - 8
core   0: 3 0x8000b67e (0xbfe5)
core   0: 0x8000b676 (0x00002f17) auipc   t5, 0x2
core   0: 3 0x8000b676 (0x00002f17) x30 0x8000d676
core   0: 0x8000b67a (0x983f2523) sw      gp, -1654(t5)
core   0: 3 0x8000b67a (0x983f2523) mem 0x8000d000 0x00000001
core   0: 0x8000b67e (0x0000bfe5) c.j     pc - 8
core   0: 3 0x8000b67e (0xbfe5)
core   0: 0x8000b676 (0x00002f17) auipc   t5, 0x2
core   0: 3 0x8000b676 (0x00002f17) x30 0x8000d676
core   0: 0x8000b67a (0x983f2523) sw      gp, -1654(t5)
core   0: 3 0x8000b67a (0x983f2523) mem 0x8000d000 0x00000001
core   0: 0x8000b67e (0x0000bfe5) c.j     pc - 8
core   0: 3 0x8000b67e (0xbfe5)
core   0: 0x8000b676 (0x00002f17) auipc   t5, 0x2
core   0: 3 0x8000b676 (0x00002f17) x30 0x8000d676
core   0: 0x8000b67a (0x983f2523) sw      gp, -1654(t5)
core   0: 3 0x8000b67a (0x983f2523) mem 0x8000d000 0x00000001
core   0: 0x8000b67e (0x0000bfe5) c.j     pc - 8
core   0: 3 0x8000b67e (0xbfe5)
core   0: 0x8000b676 (0x00002f17) auipc   t5, 0x2
core   0: 3 0x8000b676 (0x00002f17) x30 0x8000d676
core   0: 0x8000b67a (0x983f2523) sw      gp, -1654(t5)
core   0: 3 0x8000b67a (0x983f2523) mem 0x8000d000 0x00000001
core   0: 0x8000b67e (0x0000bfe5) c.j     pc - 8
core   0: 3 0x8000b67e (0xbfe5)
core   0: 0x8000b676 (0x00002f17) auipc   t5, 0x2
core   0: 3 0x8000b676 (0x00002f17) x30 0x8000d676
core   0: 0x8000b67a (0x983f2523) sw      gp, -1654(t5)
core   0: 3 0x8000b67a (0x983f2523) mem 0x8000d000 0x00000001
core   0: 0x8000b67e (0x0000bfe5) c.j     pc - 8
core   0: 3 0x8000b67e (0xbfe5)
core   0: 0x8000b676 (0x00002f17) auipc   t5, 0x2
core   0: 3 0x8000b676 (0x00002f17) x30 0x8000d676
core   0: 0x8000b67a (0x983f2523) sw      gp, -1654(t5)
core   0: 3 0x8000b67a (0x983f2523) mem 0x8000d000 0x00000001
core   0: 0x8000b67e (0x0000bfe5) c.j     pc - 8
core   0: 3 0x8000b67e (0xbfe5)
core   0: 0x8000b676 (0x00002f17) auipc   t5, 0x2
core   0: 3 0x8000b676 (0x00002f17) x30 0x8000d676
core   0: 0x8000b67a (0x983f2523) sw      gp, -1654(t5)
core   0: 3 0x8000b67a (0x983f2523) mem 0x8000d000 0x00000001
core   0: 0x8000b67e (0x0000bfe5) c.j     pc - 8
core   0: 3 0x8000b67e (0xbfe5)
core   0: 0x8000b676 (0x00002f17) auipc   t5, 0x2
core   0: 3 0x8000b676 (0x00002f17) x30 0x8000d676
core   0: 0x8000b67a (0x983f2523) sw      gp, -1654(t5)
core   0: 3 0x8000b67a (0x983f2523) mem 0x8000d000 0x00000001
core   0: 0x8000b67e (0x0000bfe5) c.j     pc - 8
core   0: 3 0x8000b67e (0xbfe5)
core   0: 0x8000b676 (0x00002f17) auipc   t5, 0x2
core   0: 3 0x8000b676 (0x00002f17) x30 0x8000d676
core   0: 0x8000b67a (0x983f2523) sw      gp, -1654(t5)
core   0: 3 0x8000b67a (0x983f2523) mem 0x8000d000 0x00000001
core   0: 0x8000b67e (0x0000bfe5) c.j     pc - 8
core   0: 3 0x8000b67e (0xbfe5)
core   0: 0x8000b676 (0x00002f17) auipc   t5, 0x2
core   0: 3 0x8000b676 (0x00002f17) x30 0x8000d676
core   0: 0x8000b67a (0x983f2523) sw      gp, -1654(t5)
core   0: 3 0x8000b67a (0x983f2523) mem 0x8000d000 0x00000001
core   0: 0x8000b67e (0x0000bfe5) c.j     pc - 8
core   0: 3 0x8000b67e (0xbfe5)
core   0: 0x8000b676 (0x00002f17) auipc   t5, 0x2
core   0: 3 0x8000b676 (0x00002f17) x30 0x8000d676
core   0: 0x8000b67a (0x983f2523) sw      gp, -1654(t5)
core   0: 3 0x8000b67a (0x983f2523) mem 0x8000d000 0x00000001
core   0: 0x8000b67e (0x0000bfe5) c.j     pc - 8
core   0: 3 0x8000b67e (0xbfe5)
core   0: 0x8000b676 (0x00002f17) auipc   t5, 0x2
core   0: 3 0x8000b676 (0x00002f17) x30 0x8000d676
core   0: 0x8000b67a (0x983f2523) sw      gp, -1654(t5)
core   0: 3 0x8000b67a (0x983f2523) mem 0x8000d000 0x00000001
core   0: 0x8000b67e (0x0000bfe5) c.j     pc - 8
core   0: 3 0x8000b67e (0xbfe5)
core   0: 0x8000b676 (0x00002f17) auipc   t5, 0x2
core   0: 3 0x8000b676 (0x00002f17) x30 0x8000d676
core   0: 0x8000b67a (0x983f2523) sw      gp, -1654(t5)
core   0: 3 0x8000b67a (0x983f2523) mem 0x8000d000 0x00000001
core   0: 0x8000b67e (0x0000bfe5) c.j     pc - 8
core   0: 3 0x8000b67e (0xbfe5)
core   0: 0x8000b676 (0x00002f17) auipc   t5, 0x2
core   0: 3 0x8000b676 (0x00002f17) x30 0x8000d676
core   0: 0x8000b67a (0x983f2523) sw      gp, -1654(t5)
core   0: 3 0x8000b67a (0x983f2523) mem 0x8000d000 0x00000001
core   0: 0x8000b67e (0x0000bfe5) c.j     pc - 8
core   0: 3 0x8000b67e (0xbfe5)
core   0: 0x8000b676 (0x00002f17) auipc   t5, 0x2
core   0: 3 0x8000b676 (0x00002f17) x30 0x8000d676
core   0: 0x8000b67a (0x983f2523) sw      gp, -1654(t5)
core   0: 3 0x8000b67a (0x983f2523) mem 0x8000d000 0x00000001
core   0: 0x8000b67e (0x0000bfe5) c.j     pc - 8
core   0: 3 0x8000b67e (0xbfe5)
core   0: 0x8000b676 (0x00002f17) auipc   t5, 0x2
core   0: 3 0x8000b676 (0x00002f17) x30 0x8000d676
core   0: 0x8000b67a (0x983f2523) sw      gp, -1654(t5)
core   0: 3 0x8000b67a (0x983f2523) mem 0x8000d000 0x00000001
core   0: 0x8000b67e (0x0000bfe5) c.j     pc - 8
core   0: 3 0x8000b67e (0xbfe5)
core   0: 0x8000b676 (0x00002f17) auipc   t5, 0x2
core   0: 3 0x8000b676 (0x00002f17) x30 0x8000d676
core   0: 0x8000b67a (0x983f2523) sw      gp, -1654(t5)
core   0: 3 0x8000b67a (0x983f2523) mem 0x8000d000 0x00000001
core   0: 0x8000b67e (0x0000bfe5) c.j     pc - 8
core   0: 3 0x8000b67e (0xbfe5)
core   0: 0x8000b676 (0x00002f17) auipc   t5, 0x2
core   0: 3 0x8000b676 (0x00002f17) x30 0x8000d676
core   0: 0x8000b67a (0x983f2523) sw      gp, -1654(t5)
core   0: 3 0x8000b67a (0x983f2523) mem 0x8000d000 0x00000001
core   0: 0x8000b67e (0x0000bfe5) c.j     pc - 8
core   0: 3 0x8000b67e (0xbfe5)
core   0: 0x8000b676 (0x00002f17) auipc   t5, 0x2
core   0: 3 0x8000b676 (0x00002f17) x30 0x8000d676
core   0: 0x8000b67a (0x983f2523) sw      gp, -1654(t5)
core   0: 3 0x8000b67a (0x983f2523) mem 0x8000d000 0x00000001
core   0: 0x8000b67e (0x0000bfe5) c.j     pc - 8
core   0: 3 0x8000b67e (0xbfe5)
core   0: 0x8000b676 (0x00002f17) auipc   t5, 0x2
core   0: 3 0x8000b676 (0x00002f17) x30 0x8000d676
core   0: 0x8000b67a (0x983f2523) sw      gp, -1654(t5)
core   0: 3 0x8000b67a (0x983f2523) mem 0x8000d000 0x00000001
core   0: 0x8000b67e (0x0000bfe5) c.j     pc - 8
core   0: 3 0x8000b67e (0xbfe5)
core   0: 0x8000b676 (0x00002f17) auipc   t5, 0x2
core   0: 3 0x8000b676 (0x00002f17) x30 0x8000d676
core   0: 0x8000b67a (0x983f2523) sw      gp, -1654(t5)
core   0: 3 0x8000b67a (0x983f2523) mem 0x8000d000 0x00000001
core   0: 0x8000b67e (0x0000bfe5) c.j     pc - 8
core   0: 3 0x8000b67e (0xbfe5)
core   0: 0x8000b676 (0x00002f17) auipc   t5, 0x2
core   0: 3 0x8000b676 (0x00002f17) x30 0x8000d676
core   0: 0x8000b67a (0x983f2523) sw      gp, -1654(t5)
core   0: 3 0x8000b67a (0x983f2523) mem 0x8000d000 0x00000001
core   0: 0x8000b67e (0x0000bfe5) c.j     pc - 8
core   0: 3 0x8000b67e (0xbfe5)
core   0: 0x8000b676 (0x00002f17) auipc   t5, 0x2
core   0: 3 0x8000b676 (0x00002f17) x30 0x8000d676
core   0: 0x8000b67a (0x983f2523) sw      gp, -1654(t5)
core   0: 3 0x8000b67a (0x983f2523) mem 0x8000d000 0x00000001
core   0: 0x8000b67e (0x0000bfe5) c.j     pc - 8
core   0: 3 0x8000b67e (0xbfe5)
core   0: 0x8000b676 (0x00002f17) auipc   t5, 0x2
core   0: 3 0x8000b676 (0x00002f17) x30 0x8000d676
core   0: 0x8000b67a (0x983f2523) sw      gp, -1654(t5)
core   0: 3 0x8000b67a (0x983f2523) mem 0x8000d000 0x00000001
core   0: 0x8000b67e (0x0000bfe5) c.j     pc - 8
core   0: 3 0x8000b67e (0xbfe5)
core   0: 0x8000b676 (0x00002f17) auipc   t5, 0x2
core   0: 3 0x8000b676 (0x00002f17) x30 0x8000d676
core   0: 0x8000b67a (0x983f2523) sw      gp, -1654(t5)
core   0: 3 0x8000b67a (0x983f2523) mem 0x8000d000 0x00000001
core   0: 0x8000b67e (0x0000bfe5) c.j     pc - 8
core   0: 3 0x8000b67e (0xbfe5)
core   0: 0x8000b676 (0x00002f17) auipc   t5, 0x2
core   0: 3 0x8000b676 (0x00002f17) x30 0x8000d676
core   0: 0x8000b67a (0x983f2523) sw      gp, -1654(t5)
core   0: 3 0x8000b67a (0x983f2523) mem 0x8000d000 0x00000001
core   0: 0x8000b67e (0x0000bfe5) c.j     pc - 8
core   0: 3 0x8000b67e (0xbfe5)
core   0: 0x8000b676 (0x00002f17) auipc   t5, 0x2
core   0: 3 0x8000b676 (0x00002f17) x30 0x8000d676
core   0: 0x8000b67a (0x983f2523) sw      gp, -1654(t5)
core   0: 3 0x8000b67a (0x983f2523) mem 0x8000d000 0x00000001
core   0: 0x8000b67e (0x0000bfe5) c.j     pc - 8
core   0: 3 0x8000b67e (0xbfe5)
core   0: 0x8000b676 (0x00002f17) auipc   t5, 0x2
core   0: 3 0x8000b676 (0x00002f17) x30 0x8000d676
core   0: 0x8000b67a (0x983f2523) sw      gp, -1654(t5)
core   0: 3 0x8000b67a (0x983f2523) mem 0x8000d000 0x00000001
core   0: 0x8000b67e (0x0000bfe5) c.j     pc - 8
core   0: 3 0x8000b67e (0xbfe5)
core   0: 0x8000b676 (0x00002f17) auipc   t5, 0x2
core   0: 3 0x8000b676 (0x00002f17) x30 0x8000d676
core   0: 0x8000b67a (0x983f2523) sw      gp, -1654(t5)
core   0: 3 0x8000b67a (0x983f2523) mem 0x8000d000 0x00000001
core   0: 0x8000b67e (0x0000bfe5) c.j     pc - 8
core   0: 3 0x8000b67e (0xbfe5)
core   0: 0x8000b676 (0x00002f17) auipc   t5, 0x2
core   0: 3 0x8000b676 (0x00002f17) x30 0x8000d676
core   0: 0x8000b67a (0x983f2523) sw      gp, -1654(t5)
core   0: 3 0x8000b67a (0x983f2523) mem 0x8000d000 0x00000001
core   0: 0x8000b67e (0x0000bfe5) c.j     pc - 8
core   0: 3 0x8000b67e (0xbfe5)
core   0: 0x8000b676 (0x00002f17) auipc   t5, 0x2
core   0: 3 0x8000b676 (0x00002f17) x30 0x8000d676
core   0: 0x8000b67a (0x983f2523) sw      gp, -1654(t5)
core   0: 3 0x8000b67a (0x983f2523) mem 0x8000d000 0x00000001
core   0: 0x8000b67e (0x0000bfe5) c.j     pc - 8
core   0: 3 0x8000b67e (0xbfe5)
core   0: 0x8000b676 (0x00002f17) auipc   t5, 0x2
core   0: 3 0x8000b676 (0x00002f17) x30 0x8000d676
core   0: 0x8000b67a (0x983f2523) sw      gp, -1654(t5)
core   0: 3 0x8000b67a (0x983f2523) mem 0x8000d000 0x00000001
core   0: 0x8000b67e (0x0000bfe5) c.j     pc - 8
core   0: 3 0x8000b67e (0xbfe5)
core   0: 0x8000b676 (0x00002f17) auipc   t5, 0x2
core   0: 3 0x8000b676 (0x00002f17) x30 0x8000d676
core   0: 0x8000b67a (0x983f2523) sw      gp, -1654(t5)
core   0: 3 0x8000b67a (0x983f2523) mem 0x8000d000 0x00000001
core   0: 0x8000b67e (0x0000bfe5) c.j     pc - 8
core   0: 3 0x8000b67e (0xbfe5)
core   0: 0x8000b676 (0x00002f17) auipc   t5, 0x2
core   0: 3 0x8000b676 (0x00002f17) x30 0x8000d676
core   0: 0x8000b67a (0x983f2523) sw      gp, -1654(t5)
core   0: 3 0x8000b67a (0x983f2523) mem 0x8000d000 0x00000001
core   0: 0x8000b67e (0x0000bfe5) c.j     pc - 8
core   0: 3 0x8000b67e (0xbfe5)
core   0: 0x8000b676 (0x00002f17) auipc   t5, 0x2
core   0: 3 0x8000b676 (0x00002f17) x30 0x8000d676
core   0: 0x8000b67a (0x983f2523) sw      gp, -1654(t5)
core   0: 3 0x8000b67a (0x983f2523) mem 0x8000d000 0x00000001
core   0: 0x8000b67e (0x0000bfe5) c.j     pc - 8
core   0: 3 0x8000b67e (0xbfe5)
core   0: 0x8000b676 (0x00002f17) auipc   t5, 0x2
core   0: 3 0x8000b676 (0x00002f17) x30 0x8000d676
core   0: 0x8000b67a (0x983f2523) sw      gp, -1654(t5)
core   0: 3 0x8000b67a (0x983f2523) mem 0x8000d000 0x00000001
core   0: 0x8000b67e (0x0000bfe5) c.j     pc - 8
core   0: 3 0x8000b67e (0xbfe5)
core   0: 0x8000b676 (0x00002f17) auipc   t5, 0x2
core   0: 3 0x8000b676 (0x00002f17) x30 0x8000d676
core   0: 0x8000b67a (0x983f2523) sw      gp, -1654(t5)
core   0: 3 0x8000b67a (0x983f2523) mem 0x8000d000 0x00000001
core   0: 0x8000b67e (0x0000bfe5) c.j     pc - 8
core   0: 3 0x8000b67e (0xbfe5)
core   0: 0x8000b676 (0x00002f17) auipc   t5, 0x2
core   0: 3 0x8000b676 (0x00002f17) x30 0x8000d676
core   0: 0x8000b67a (0x983f2523) sw      gp, -1654(t5)
core   0: 3 0x8000b67a (0x983f2523) mem 0x8000d000 0x00000001
core   0: 0x8000b67e (0x0000bfe5) c.j     pc - 8
core   0: 3 0x8000b67e (0xbfe5)
core   0: 0x8000b676 (0x00002f17) auipc   t5, 0x2
core   0: 3 0x8000b676 (0x00002f17) x30 0x8000d676
core   0: 0x8000b67a (0x983f2523) sw      gp, -1654(t5)
core   0: 3 0x8000b67a (0x983f2523) mem 0x8000d000 0x00000001
core   0: 0x8000b67e (0x0000bfe5) c.j     pc - 8
core   0: 3 0x8000b67e (0xbfe5)
core   0: 0x8000b676 (0x00002f17) auipc   t5, 0x2
core   0: 3 0x8000b676 (0x00002f17) x30 0x8000d676
core   0: 0x8000b67a (0x983f2523) sw      gp, -1654(t5)
core   0: 3 0x8000b67a (0x983f2523) mem 0x8000d000 0x00000001
core   0: 0x8000b67e (0x0000bfe5) c.j     pc - 8
core   0: 3 0x8000b67e (0xbfe5)
core   0: 0x8000b676 (0x00002f17) auipc   t5, 0x2
core   0: 3 0x8000b676 (0x00002f17) x30 0x8000d676
core   0: 0x8000b67a (0x983f2523) sw      gp, -1654(t5)
core   0: 3 0x8000b67a (0x983f2523) mem 0x8000d000 0x00000001
core   0: 0x8000b67e (0x0000bfe5) c.j     pc - 8
core   0: 3 0x8000b67e (0xbfe5)
core   0: 0x8000b676 (0x00002f17) auipc   t5, 0x2
core   0: 3 0x8000b676 (0x00002f17) x30 0x8000d676
core   0: 0x8000b67a (0x983f2523) sw      gp, -1654(t5)
core   0: 3 0x8000b67a (0x983f2523) mem 0x8000d000 0x00000001
core   0: 0x8000b67e (0x0000bfe5) c.j     pc - 8
core   0: 3 0x8000b67e (0xbfe5)
core   0: 0x8000b676 (0x00002f17) auipc   t5, 0x2
core   0: 3 0x8000b676 (0x00002f17) x30 0x8000d676
core   0: 0x8000b67a (0x983f2523) sw      gp, -1654(t5)
core   0: 3 0x8000b67a (0x983f2523) mem 0x8000d000 0x00000001
core   0: 0x8000b67e (0x0000bfe5) c.j     pc - 8
core   0: 3 0x8000b67e (0xbfe5)
core   0: 0x8000b676 (0x00002f17) auipc   t5, 0x2
core   0: 3 0x8000b676 (0x00002f17) x30 0x8000d676
core   0: 0x8000b67a (0x983f2523) sw      gp, -1654(t5)
core   0: 3 0x8000b67a (0x983f2523) mem 0x8000d000 0x00000001
core   0: 0x8000b67e (0x0000bfe5) c.j     pc - 8
core   0: 3 0x8000b67e (0xbfe5)
core   0: 0x8000b676 (0x00002f17) auipc   t5, 0x2
core   0: 3 0x8000b676 (0x00002f17) x30 0x8000d676
core   0: 0x8000b67a (0x983f2523) sw      gp, -1654(t5)
core   0: 3 0x8000b67a (0x983f2523) mem 0x8000d000 0x00000001
core   0: 0x8000b67e (0x0000bfe5) c.j     pc - 8
core   0: 3 0x8000b67e (0xbfe5)
core   0: 0x8000b676 (0x00002f17) auipc   t5, 0x2
core   0: 3 0x8000b676 (0x00002f17) x30 0x8000d676
core   0: 0x8000b67a (0x983f2523) sw      gp, -1654(t5)
core   0: 3 0x8000b67a (0x983f2523) mem 0x8000d000 0x00000001
core   0: 0x8000b67e (0x0000bfe5) c.j     pc - 8
core   0: 3 0x8000b67e (0xbfe5)
core   0: 0x8000b676 (0x00002f17) auipc   t5, 0x2
core   0: 3 0x8000b676 (0x00002f17) x30 0x8000d676
core   0: 0x8000b67a (0x983f2523) sw      gp, -1654(t5)
core   0: 3 0x8000b67a (0x983f2523) mem 0x8000d000 0x00000001
core   0: 0x8000b67e (0x0000bfe5) c.j     pc - 8
core   0: 3 0x8000b67e (0xbfe5)
core   0: 0x8000b676 (0x00002f17) auipc   t5, 0x2
core   0: 3 0x8000b676 (0x00002f17) x30 0x8000d676
core   0: 0x8000b67a (0x983f2523) sw      gp, -1654(t5)
core   0: 3 0x8000b67a (0x983f2523) mem 0x8000d000 0x00000001
core   0: 0x8000b67e (0x0000bfe5) c.j     pc - 8
core   0: 3 0x8000b67e (0xbfe5)
core   0: 0x8000b676 (0x00002f17) auipc   t5, 0x2
core   0: 3 0x8000b676 (0x00002f17) x30 0x8000d676
core   0: 0x8000b67a (0x983f2523) sw      gp, -1654(t5)
core   0: 3 0x8000b67a (0x983f2523) mem 0x8000d000 0x00000001
core   0: 0x8000b67e (0x0000bfe5) c.j     pc - 8
core   0: 3 0x8000b67e (0xbfe5)
core   0: 0x8000b676 (0x00002f17) auipc   t5, 0x2
core   0: 3 0x8000b676 (0x00002f17) x30 0x8000d676
core   0: 0x8000b67a (0x983f2523) sw      gp, -1654(t5)
core   0: 3 0x8000b67a (0x983f2523) mem 0x8000d000 0x00000001
core   0: 0x8000b67e (0x0000bfe5) c.j     pc - 8
core   0: 3 0x8000b67e (0xbfe5)
core   0: 0x8000b676 (0x00002f17) auipc   t5, 0x2
core   0: 3 0x8000b676 (0x00002f17) x30 0x8000d676
core   0: 0x8000b67a (0x983f2523) sw      gp, -1654(t5)
core   0: 3 0x8000b67a (0x983f2523) mem 0x8000d000 0x00000001
core   0: 0x8000b67e (0x0000bfe5) c.j     pc - 8
core   0: 3 0x8000b67e (0xbfe5)
core   0: 0x8000b676 (0x00002f17) auipc   t5, 0x2
core   0: 3 0x8000b676 (0x00002f17) x30 0x8000d676
core   0: 0x8000b67a (0x983f2523) sw      gp, -1654(t5)
core   0: 3 0x8000b67a (0x983f2523) mem 0x8000d000 0x00000001
core   0: 0x8000b67e (0x0000bfe5) c.j     pc - 8
core   0: 3 0x8000b67e (0xbfe5)
core   0: 0x8000b676 (0x00002f17) auipc   t5, 0x2
core   0: 3 0x8000b676 (0x00002f17) x30 0x8000d676
core   0: 0x8000b67a (0x983f2523) sw      gp, -1654(t5)
core   0: 3 0x8000b67a (0x983f2523) mem 0x8000d000 0x00000001
core   0: 0x8000b67e (0x0000bfe5) c.j     pc - 8
core   0: 3 0x8000b67e (0xbfe5)
core   0: 0x8000b676 (0x00002f17) auipc   t5, 0x2
core   0: 3 0x8000b676 (0x00002f17) x30 0x8000d676
core   0: 0x8000b67a (0x983f2523) sw      gp, -1654(t5)
core   0: 3 0x8000b67a (0x983f2523) mem 0x8000d000 0x00000001
core   0: 0x8000b67e (0x0000bfe5) c.j     pc - 8
core   0: 3 0x8000b67e (0xbfe5)
core   0: 0x8000b676 (0x00002f17) auipc   t5, 0x2
core   0: 3 0x8000b676 (0x00002f17) x30 0x8000d676
core   0: 0x8000b67a (0x983f2523) sw      gp, -1654(t5)
core   0: 3 0x8000b67a (0x983f2523) mem 0x8000d000 0x00000001
core   0: 0x8000b67e (0x0000bfe5) c.j     pc - 8
core   0: 3 0x8000b67e (0xbfe5)
core   0: 0x8000b676 (0x00002f17) auipc   t5, 0x2
core   0: 3 0x8000b676 (0x00002f17) x30 0x8000d676
core   0: 0x8000b67a (0x983f2523) sw      gp, -1654(t5)
core   0: 3 0x8000b67a (0x983f2523) mem 0x8000d000 0x00000001
core   0: 0x8000b67e (0x0000bfe5) c.j     pc - 8
core   0: 3 0x8000b67e (0xbfe5)
core   0: 0x8000b676 (0x00002f17) auipc   t5, 0x2
core   0: 3 0x8000b676 (0x00002f17) x30 0x8000d676
core   0: 0x8000b67a (0x983f2523) sw      gp, -1654(t5)
core   0: 3 0x8000b67a (0x983f2523) mem 0x8000d000 0x00000001
core   0: 0x8000b67e (0x0000bfe5) c.j     pc - 8
core   0: 3 0x8000b67e (0xbfe5)
core   0: 0x8000b676 (0x00002f17) auipc   t5, 0x2
core   0: 3 0x8000b676 (0x00002f17) x30 0x8000d676
core   0: 0x8000b67a (0x983f2523) sw      gp, -1654(t5)
core   0: 3 0x8000b67a (0x983f2523) mem 0x8000d000 0x00000001
core   0: 0x8000b67e (0x0000bfe5) c.j     pc - 8
core   0: 3 0x8000b67e (0xbfe5)
core   0: 0x8000b676 (0x00002f17) auipc   t5, 0x2
core   0: 3 0x8000b676 (0x00002f17) x30 0x8000d676
core   0: 0x8000b67a (0x983f2523) sw      gp, -1654(t5)
core   0: 3 0x8000b67a (0x983f2523) mem 0x8000d000 0x00000001
core   0: 0x8000b67e (0x0000bfe5) c.j     pc - 8
core   0: 3 0x8000b67e (0xbfe5)
core   0: 0x8000b676 (0x00002f17) auipc   t5, 0x2
core   0: 3 0x8000b676 (0x00002f17) x30 0x8000d676
core   0: 0x8000b67a (0x983f2523) sw      gp, -1654(t5)
core   0: 3 0x8000b67a (0x983f2523) mem 0x8000d000 0x00000001
core   0: 0x8000b67e (0x0000bfe5) c.j     pc - 8
core   0: 3 0x8000b67e (0xbfe5)
core   0: 0x8000b676 (0x00002f17) auipc   t5, 0x2
core   0: 3 0x8000b676 (0x00002f17) x30 0x8000d676
core   0: 0x8000b67a (0x983f2523) sw      gp, -1654(t5)
core   0: 3 0x8000b67a (0x983f2523) mem 0x8000d000 0x00000001
core   0: 0x8000b67e (0x0000bfe5) c.j     pc - 8
core   0: 3 0x8000b67e (0xbfe5)
core   0: 0x8000b676 (0x00002f17) auipc   t5, 0x2
core   0: 3 0x8000b676 (0x00002f17) x30 0x8000d676
core   0: 0x8000b67a (0x983f2523) sw      gp, -1654(t5)
core   0: 3 0x8000b67a (0x983f2523) mem 0x8000d000 0x00000001
core   0: 0x8000b67e (0x0000bfe5) c.j     pc - 8
core   0: 3 0x8000b67e (0xbfe5)
core   0: 0x8000b676 (0x00002f17) auipc   t5, 0x2
core   0: 3 0x8000b676 (0x00002f17) x30 0x8000d676
core   0: 0x8000b67a (0x983f2523) sw      gp, -1654(t5)
core   0: 3 0x8000b67a (0x983f2523) mem 0x8000d000 0x00000001
core   0: 0x8000b67e (0x0000bfe5) c.j     pc - 8
core   0: 3 0x8000b67e (0xbfe5)
core   0: 0x8000b676 (0x00002f17) auipc   t5, 0x2
core   0: 3 0x8000b676 (0x00002f17) x30 0x8000d676
core   0: 0x8000b67a (0x983f2523) sw      gp, -1654(t5)
core   0: 3 0x8000b67a (0x983f2523) mem 0x8000d000 0x00000001
core   0: 0x8000b67e (0x0000bfe5) c.j     pc - 8
core   0: 3 0x8000b67e (0xbfe5)
core   0: 0x8000b676 (0x00002f17) auipc   t5, 0x2
core   0: 3 0x8000b676 (0x00002f17) x30 0x8000d676
core   0: 0x8000b67a (0x983f2523) sw      gp, -1654(t5)
core   0: 3 0x8000b67a (0x983f2523) mem 0x8000d000 0x00000001
core   0: 0x8000b67e (0x0000bfe5) c.j     pc - 8
core   0: 3 0x8000b67e (0xbfe5)
core   0: 0x8000b676 (0x00002f17) auipc   t5, 0x2
core   0: 3 0x8000b676 (0x00002f17) x30 0x8000d676
core   0: 0x8000b67a (0x983f2523) sw      gp, -1654(t5)
core   0: 3 0x8000b67a (0x983f2523) mem 0x8000d000 0x00000001
core   0: 0x8000b67e (0x0000bfe5) c.j     pc - 8
core   0: 3 0x8000b67e (0xbfe5)
core   0: 0x8000b676 (0x00002f17) auipc   t5, 0x2
core   0: 3 0x8000b676 (0x00002f17) x30 0x8000d676
core   0: 0x8000b67a (0x983f2523) sw      gp, -1654(t5)
core   0: 3 0x8000b67a (0x983f2523) mem 0x8000d000 0x00000001
core   0: 0x8000b67e (0x0000bfe5) c.j     pc - 8
core   0: 3 0x8000b67e (0xbfe5)
core   0: 0x8000b676 (0x00002f17) auipc   t5, 0x2
core   0: 3 0x8000b676 (0x00002f17) x30 0x8000d676
core   0: 0x8000b67a (0x983f2523) sw      gp, -1654(t5)
core   0: 3 0x8000b67a (0x983f2523) mem 0x8000d000 0x00000001
core   0: 0x8000b67e (0x0000bfe5) c.j     pc - 8
core   0: 3 0x8000b67e (0xbfe5)
core   0: 0x8000b676 (0x00002f17) auipc   t5, 0x2
core   0: 3 0x8000b676 (0x00002f17) x30 0x8000d676
core   0: 0x8000b67a (0x983f2523) sw      gp, -1654(t5)
core   0: 3 0x8000b67a (0x983f2523) mem 0x8000d000 0x00000001
core   0: 0x8000b67e (0x0000bfe5) c.j     pc - 8
core   0: 3 0x8000b67e (0xbfe5)
core   0: 0x8000b676 (0x00002f17) auipc   t5, 0x2
core   0: 3 0x8000b676 (0x00002f17) x30 0x8000d676
core   0: 0x8000b67a (0x983f2523) sw      gp, -1654(t5)
core   0: 3 0x8000b67a (0x983f2523) mem 0x8000d000 0x00000001
core   0: 0x8000b67e (0x0000bfe5) c.j     pc - 8
core   0: 3 0x8000b67e (0xbfe5)
core   0: 0x8000b676 (0x00002f17) auipc   t5, 0x2
core   0: 3 0x8000b676 (0x00002f17) x30 0x8000d676
core   0: 0x8000b67a (0x983f2523) sw      gp, -1654(t5)
core   0: 3 0x8000b67a (0x983f2523) mem 0x8000d000 0x00000001
core   0: 0x8000b67e (0x0000bfe5) c.j     pc - 8
core   0: 3 0x8000b67e (0xbfe5)
core   0: 0x8000b676 (0x00002f17) auipc   t5, 0x2
core   0: 3 0x8000b676 (0x00002f17) x30 0x8000d676
core   0: 0x8000b67a (0x983f2523) sw      gp, -1654(t5)
core   0: 3 0x8000b67a (0x983f2523) mem 0x8000d000 0x00000001
core   0: 0x8000b67e (0x0000bfe5) c.j     pc - 8
core   0: 3 0x8000b67e (0xbfe5)
core   0: 0x8000b676 (0x00002f17) auipc   t5, 0x2
core   0: 3 0x8000b676 (0x00002f17) x30 0x8000d676
core   0: 0x8000b67a (0x983f2523) sw      gp, -1654(t5)
core   0: 3 0x8000b67a (0x983f2523) mem 0x8000d000 0x00000001
core   0: 0x8000b67e (0x0000bfe5) c.j     pc - 8
core   0: 3 0x8000b67e (0xbfe5)
core   0: 0x8000b676 (0x00002f17) auipc   t5, 0x2
core   0: 3 0x8000b676 (0x00002f17) x30 0x8000d676
core   0: 0x8000b67a (0x983f2523) sw      gp, -1654(t5)
core   0: 3 0x8000b67a (0x983f2523) mem 0x8000d000 0x00000001
core   0: 0x8000b67e (0x0000bfe5) c.j     pc - 8
core   0: 3 0x8000b67e (0xbfe5)
core   0: 0x8000b676 (0x00002f17) auipc   t5, 0x2
core   0: 3 0x8000b676 (0x00002f17) x30 0x8000d676
core   0: 0x8000b67a (0x983f2523) sw      gp, -1654(t5)
core   0: 3 0x8000b67a (0x983f2523) mem 0x8000d000 0x00000001
core   0: 0x8000b67e (0x0000bfe5) c.j     pc - 8
core   0: 3 0x8000b67e (0xbfe5)
core   0: 0x8000b676 (0x00002f17) auipc   t5, 0x2
core   0: 3 0x8000b676 (0x00002f17) x30 0x8000d676
core   0: 0x8000b67a (0x983f2523) sw      gp, -1654(t5)
core   0: 3 0x8000b67a (0x983f2523) mem 0x8000d000 0x00000001
core   0: 0x8000b67e (0x0000bfe5) c.j     pc - 8
core   0: 3 0x8000b67e (0xbfe5)
core   0: 0x8000b676 (0x00002f17) auipc   t5, 0x2
core   0: 3 0x8000b676 (0x00002f17) x30 0x8000d676
core   0: 0x8000b67a (0x983f2523) sw      gp, -1654(t5)
core   0: 3 0x8000b67a (0x983f2523) mem 0x8000d000 0x00000001
core   0: 0x8000b67e (0x0000bfe5) c.j     pc - 8
core   0: 3 0x8000b67e (0xbfe5)
core   0: 0x8000b676 (0x00002f17) auipc   t5, 0x2
core   0: 3 0x8000b676 (0x00002f17) x30 0x8000d676
core   0: 0x8000b67a (0x983f2523) sw      gp, -1654(t5)
core   0: 3 0x8000b67a (0x983f2523) mem 0x8000d000 0x00000001
core   0: 0x8000b67e (0x0000bfe5) c.j     pc - 8
core   0: 3 0x8000b67e (0xbfe5)
core   0: 0x8000b676 (0x00002f17) auipc   t5, 0x2
core   0: 3 0x8000b676 (0x00002f17) x30 0x8000d676
core   0: 0x8000b67a (0x983f2523) sw      gp, -1654(t5)
core   0: 3 0x8000b67a (0x983f2523) mem 0x8000d000 0x00000001
core   0: 0x8000b67e (0x0000bfe5) c.j     pc - 8
core   0: 3 0x8000b67e (0xbfe5)
core   0: 0x8000b676 (0x00002f17) auipc   t5, 0x2
core   0: 3 0x8000b676 (0x00002f17) x30 0x8000d676
core   0: 0x8000b67a (0x983f2523) sw      gp, -1654(t5)
core   0: 3 0x8000b67a (0x983f2523) mem 0x8000d000 0x00000001
core   0: 0x8000b67e (0x0000bfe5) c.j     pc - 8
core   0: 3 0x8000b67e (0xbfe5)
core   0: 0x8000b676 (0x00002f17) auipc   t5, 0x2
core   0: 3 0x8000b676 (0x00002f17) x30 0x8000d676
core   0: 0x8000b67a (0x983f2523) sw      gp, -1654(t5)
core   0: 3 0x8000b67a (0x983f2523) mem 0x8000d000 0x00000001
core   0: 0x8000b67e (0x0000bfe5) c.j     pc - 8
core   0: 3 0x8000b67e (0xbfe5)
core   0: 0x8000b676 (0x00002f17) auipc   t5, 0x2
core   0: 3 0x8000b676 (0x00002f17) x30 0x8000d676
core   0: 0x8000b67a (0x983f2523) sw      gp, -1654(t5)
core   0: 3 0x8000b67a (0x983f2523) mem 0x8000d000 0x00000001
core   0: 0x8000b67e (0x0000bfe5) c.j     pc - 8
core   0: 3 0x8000b67e (0xbfe5)
core   0: 0x8000b676 (0x00002f17) auipc   t5, 0x2
core   0: 3 0x8000b676 (0x00002f17) x30 0x8000d676
core   0: 0x8000b67a (0x983f2523) sw      gp, -1654(t5)
core   0: 3 0x8000b67a (0x983f2523) mem 0x8000d000 0x00000001
core   0: 0x8000b67e (0x0000bfe5) c.j     pc - 8
core   0: 3 0x8000b67e (0xbfe5)
core   0: 0x8000b676 (0x00002f17) auipc   t5, 0x2
core   0: 3 0x8000b676 (0x00002f17) x30 0x8000d676
core   0: 0x8000b67a (0x983f2523) sw      gp, -1654(t5)
core   0: 3 0x8000b67a (0x983f2523) mem 0x8000d000 0x00000001
core   0: 0x8000b67e (0x0000bfe5) c.j     pc - 8
core   0: 3 0x8000b67e (0xbfe5)
core   0: 0x8000b676 (0x00002f17) auipc   t5, 0x2
core   0: 3 0x8000b676 (0x00002f17) x30 0x8000d676
core   0: 0x8000b67a (0x983f2523) sw      gp, -1654(t5)
core   0: 3 0x8000b67a (0x983f2523) mem 0x8000d000 0x00000001
core   0: 0x8000b67e (0x0000bfe5) c.j     pc - 8
core   0: 3 0x8000b67e (0xbfe5)
core   0: 0x8000b676 (0x00002f17) auipc   t5, 0x2
core   0: 3 0x8000b676 (0x00002f17) x30 0x8000d676
core   0: 0x8000b67a (0x983f2523) sw      gp, -1654(t5)
core   0: 3 0x8000b67a (0x983f2523) mem 0x8000d000 0x00000001
core   0: 0x8000b67e (0x0000bfe5) c.j     pc - 8
core   0: 3 0x8000b67e (0xbfe5)
core   0: 0x8000b676 (0x00002f17) auipc   t5, 0x2
core   0: 3 0x8000b676 (0x00002f17) x30 0x8000d676
core   0: 0x8000b67a (0x983f2523) sw      gp, -1654(t5)
core   0: 3 0x8000b67a (0x983f2523) mem 0x8000d000 0x00000001
core   0: 0x8000b67e (0x0000bfe5) c.j     pc - 8
core   0: 3 0x8000b67e (0xbfe5)
core   0: 0x8000b676 (0x00002f17) auipc   t5, 0x2
core   0: 3 0x8000b676 (0x00002f17) x30 0x8000d676
core   0: 0x8000b67a (0x983f2523) sw      gp, -1654(t5)
core   0: 3 0x8000b67a (0x983f2523) mem 0x8000d000 0x00000001
core   0: 0x8000b67e (0x0000bfe5) c.j     pc - 8
core   0: 3 0x8000b67e (0xbfe5)
core   0: 0x8000b676 (0x00002f17) auipc   t5, 0x2
core   0: 3 0x8000b676 (0x00002f17) x30 0x8000d676
core   0: 0x8000b67a (0x983f2523) sw      gp, -1654(t5)
core   0: 3 0x8000b67a (0x983f2523) mem 0x8000d000 0x00000001
core   0: 0x8000b67e (0x0000bfe5) c.j     pc - 8
core   0: 3 0x8000b67e (0xbfe5)
core   0: 0x8000b676 (0x00002f17) auipc   t5, 0x2
core   0: 3 0x8000b676 (0x00002f17) x30 0x8000d676
core   0: 0x8000b67a (0x983f2523) sw      gp, -1654(t5)
core   0: 3 0x8000b67a (0x983f2523) mem 0x8000d000 0x00000001
core   0: 0x8000b67e (0x0000bfe5) c.j     pc - 8
core   0: 3 0x8000b67e (0xbfe5)
core   0: 0x8000b676 (0x00002f17) auipc   t5, 0x2
core   0: 3 0x8000b676 (0x00002f17) x30 0x8000d676
core   0: 0x8000b67a (0x983f2523) sw      gp, -1654(t5)
core   0: 3 0x8000b67a (0x983f2523) mem 0x8000d000 0x00000001
core   0: 0x8000b67e (0x0000bfe5) c.j     pc - 8
core   0: 3 0x8000b67e (0xbfe5)
core   0: 0x8000b676 (0x00002f17) auipc   t5, 0x2
core   0: 3 0x8000b676 (0x00002f17) x30 0x8000d676
core   0: 0x8000b67a (0x983f2523) sw      gp, -1654(t5)
core   0: 3 0x8000b67a (0x983f2523) mem 0x8000d000 0x00000001
core   0: 0x8000b67e (0x0000bfe5) c.j     pc - 8
core   0: 3 0x8000b67e (0xbfe5)
core   0: 0x8000b676 (0x00002f17) auipc   t5, 0x2
core   0: 3 0x8000b676 (0x00002f17) x30 0x8000d676
core   0: 0x8000b67a (0x983f2523) sw      gp, -1654(t5)
core   0: 3 0x8000b67a (0x983f2523) mem 0x8000d000 0x00000001
core   0: 0x8000b67e (0x0000bfe5) c.j     pc - 8
core   0: 3 0x8000b67e (0xbfe5)
core   0: 0x8000b676 (0x00002f17) auipc   t5, 0x2
core   0: 3 0x8000b676 (0x00002f17) x30 0x8000d676
core   0: 0x8000b67a (0x983f2523) sw      gp, -1654(t5)
core   0: 3 0x8000b67a (0x983f2523) mem 0x8000d000 0x00000001
core   0: 0x8000b67e (0x0000bfe5) c.j     pc - 8
core   0: 3 0x8000b67e (0xbfe5)
core   0: 0x8000b676 (0x00002f17) auipc   t5, 0x2
core   0: 3 0x8000b676 (0x00002f17) x30 0x8000d676
core   0: 0x8000b67a (0x983f2523) sw      gp, -1654(t5)
core   0: 3 0x8000b67a (0x983f2523) mem 0x8000d000 0x00000001
core   0: 0x8000b67e (0x0000bfe5) c.j     pc - 8
core   0: 3 0x8000b67e (0xbfe5)
core   0: 0x8000b676 (0x00002f17) auipc   t5, 0x2
core   0: 3 0x8000b676 (0x00002f17) x30 0x8000d676
core   0: 0x8000b67a (0x983f2523) sw      gp, -1654(t5)
core   0: 3 0x8000b67a (0x983f2523) mem 0x8000d000 0x00000001
core   0: 0x8000b67e (0x0000bfe5) c.j     pc - 8
core   0: 3 0x8000b67e (0xbfe5)
core   0: 0x8000b676 (0x00002f17) auipc   t5, 0x2
core   0: 3 0x8000b676 (0x00002f17) x30 0x8000d676
core   0: 0x8000b67a (0x983f2523) sw      gp, -1654(t5)
core   0: 3 0x8000b67a (0x983f2523) mem 0x8000d000 0x00000001
core   0: 0x8000b67e (0x0000bfe5) c.j     pc - 8
core   0: 3 0x8000b67e (0xbfe5)
core   0: 0x8000b676 (0x00002f17) auipc   t5, 0x2
core   0: 3 0x8000b676 (0x00002f17) x30 0x8000d676
core   0: 0x8000b67a (0x983f2523) sw      gp, -1654(t5)
core   0: 3 0x8000b67a (0x983f2523) mem 0x8000d000 0x00000001
core   0: 0x8000b67e (0x0000bfe5) c.j     pc - 8
core   0: 3 0x8000b67e (0xbfe5)
core   0: 0x8000b676 (0x00002f17) auipc   t5, 0x2
core   0: 3 0x8000b676 (0x00002f17) x30 0x8000d676
core   0: 0x8000b67a (0x983f2523) sw      gp, -1654(t5)
core   0: 3 0x8000b67a (0x983f2523) mem 0x8000d000 0x00000001
core   0: 0x8000b67e (0x0000bfe5) c.j     pc - 8
core   0: 3 0x8000b67e (0xbfe5)
core   0: 0x8000b676 (0x00002f17) auipc   t5, 0x2
core   0: 3 0x8000b676 (0x00002f17) x30 0x8000d676
core   0: 0x8000b67a (0x983f2523) sw      gp, -1654(t5)
core   0: 3 0x8000b67a (0x983f2523) mem 0x8000d000 0x00000001
core   0: 0x8000b67e (0x0000bfe5) c.j     pc - 8
core   0: 3 0x8000b67e (0xbfe5)
core   0: 0x8000b676 (0x00002f17) auipc   t5, 0x2
core   0: 3 0x8000b676 (0x00002f17) x30 0x8000d676
core   0: 0x8000b67a (0x983f2523) sw      gp, -1654(t5)
core   0: 3 0x8000b67a (0x983f2523) mem 0x8000d000 0x00000001
core   0: 0x8000b67e (0x0000bfe5) c.j     pc - 8
core   0: 3 0x8000b67e (0xbfe5)
core   0: 0x8000b676 (0x00002f17) auipc   t5, 0x2
core   0: 3 0x8000b676 (0x00002f17) x30 0x8000d676
core   0: 0x8000b67a (0x983f2523) sw      gp, -1654(t5)
core   0: 3 0x8000b67a (0x983f2523) mem 0x8000d000 0x00000001
core   0: 0x8000b67e (0x0000bfe5) c.j     pc - 8
core   0: 3 0x8000b67e (0xbfe5)
core   0: 0x8000b676 (0x00002f17) auipc   t5, 0x2
core   0: 3 0x8000b676 (0x00002f17) x30 0x8000d676
core   0: 0x8000b67a (0x983f2523) sw      gp, -1654(t5)
core   0: 3 0x8000b67a (0x983f2523) mem 0x8000d000 0x00000001
core   0: 0x8000b67e (0x0000bfe5) c.j     pc - 8
core   0: 3 0x8000b67e (0xbfe5)
core   0: 0x8000b676 (0x00002f17) auipc   t5, 0x2
core   0: 3 0x8000b676 (0x00002f17) x30 0x8000d676
core   0: 0x8000b67a (0x983f2523) sw      gp, -1654(t5)
core   0: 3 0x8000b67a (0x983f2523) mem 0x8000d000 0x00000001
core   0: 0x8000b67e (0x0000bfe5) c.j     pc - 8
core   0: 3 0x8000b67e (0xbfe5)
core   0: 0x8000b676 (0x00002f17) auipc   t5, 0x2
core   0: 3 0x8000b676 (0x00002f17) x30 0x8000d676
core   0: 0x8000b67a (0x983f2523) sw      gp, -1654(t5)
core   0: 3 0x8000b67a (0x983f2523) mem 0x8000d000 0x00000001
core   0: 0x8000b67e (0x0000bfe5) c.j     pc - 8
core   0: 3 0x8000b67e (0xbfe5)
core   0: 0x8000b676 (0x00002f17) auipc   t5, 0x2
core   0: 3 0x8000b676 (0x00002f17) x30 0x8000d676
core   0: 0x8000b67a (0x983f2523) sw      gp, -1654(t5)
core   0: 3 0x8000b67a (0x983f2523) mem 0x8000d000 0x00000001
core   0: 0x8000b67e (0x0000bfe5) c.j     pc - 8
core   0: 3 0x8000b67e (0xbfe5)
core   0: 0x8000b676 (0x00002f17) auipc   t5, 0x2
core   0: 3 0x8000b676 (0x00002f17) x30 0x8000d676
core   0: 0x8000b67a (0x983f2523) sw      gp, -1654(t5)
core   0: 3 0x8000b67a (0x983f2523) mem 0x8000d000 0x00000001
core   0: 0x8000b67e (0x0000bfe5) c.j     pc - 8
core   0: 3 0x8000b67e (0xbfe5)
core   0: 0x8000b676 (0x00002f17) auipc   t5, 0x2
core   0: 3 0x8000b676 (0x00002f17) x30 0x8000d676
core   0: 0x8000b67a (0x983f2523) sw      gp, -1654(t5)
core   0: 3 0x8000b67a (0x983f2523) mem 0x8000d000 0x00000001
core   0: 0x8000b67e (0x0000bfe5) c.j     pc - 8
core   0: 3 0x8000b67e (0xbfe5)
core   0: 0x8000b676 (0x00002f17) auipc   t5, 0x2
core   0: 3 0x8000b676 (0x00002f17) x30 0x8000d676
core   0: 0x8000b67a (0x983f2523) sw      gp, -1654(t5)
core   0: 3 0x8000b67a (0x983f2523) mem 0x8000d000 0x00000001
core   0: 0x8000b67e (0x0000bfe5) c.j     pc - 8
core   0: 3 0x8000b67e (0xbfe5)
core   0: 0x8000b676 (0x00002f17) auipc   t5, 0x2
core   0: 3 0x8000b676 (0x00002f17) x30 0x8000d676
core   0: 0x8000b67a (0x983f2523) sw      gp, -1654(t5)
core   0: 3 0x8000b67a (0x983f2523) mem 0x8000d000 0x00000001
core   0: 0x8000b67e (0x0000bfe5) c.j     pc - 8
core   0: 3 0x8000b67e (0xbfe5)
core   0: 0x8000b676 (0x00002f17) auipc   t5, 0x2
core   0: 3 0x8000b676 (0x00002f17) x30 0x8000d676
core   0: 0x8000b67a (0x983f2523) sw      gp, -1654(t5)
core   0: 3 0x8000b67a (0x983f2523) mem 0x8000d000 0x00000001
core   0: 0x8000b67e (0x0000bfe5) c.j     pc - 8
core   0: 3 0x8000b67e (0xbfe5)
core   0: 0x8000b676 (0x00002f17) auipc   t5, 0x2
core   0: 3 0x8000b676 (0x00002f17) x30 0x8000d676
core   0: 0x8000b67a (0x983f2523) sw      gp, -1654(t5)
core   0: 3 0x8000b67a (0x983f2523) mem 0x8000d000 0x00000001
core   0: 0x8000b67e (0x0000bfe5) c.j     pc - 8
core   0: 3 0x8000b67e (0xbfe5)
core   0: 0x8000b676 (0x00002f17) auipc   t5, 0x2
core   0: 3 0x8000b676 (0x00002f17) x30 0x8000d676
core   0: 0x8000b67a (0x983f2523) sw      gp, -1654(t5)
core   0: 3 0x8000b67a (0x983f2523) mem 0x8000d000 0x00000001
core   0: 0x8000b67e (0x0000bfe5) c.j     pc - 8
core   0: 3 0x8000b67e (0xbfe5)
core   0: 0x8000b676 (0x00002f17) auipc   t5, 0x2
core   0: 3 0x8000b676 (0x00002f17) x30 0x8000d676
core   0: 0x8000b67a (0x983f2523) sw      gp, -1654(t5)
core   0: 3 0x8000b67a (0x983f2523) mem 0x8000d000 0x00000001
core   0: 0x8000b67e (0x0000bfe5) c.j     pc - 8
core   0: 3 0x8000b67e (0xbfe5)
core   0: 0x8000b676 (0x00002f17) auipc   t5, 0x2
core   0: 3 0x8000b676 (0x00002f17) x30 0x8000d676
core   0: 0x8000b67a (0x983f2523) sw      gp, -1654(t5)
core   0: 3 0x8000b67a (0x983f2523) mem 0x8000d000 0x00000001
core   0: 0x8000b67e (0x0000bfe5) c.j     pc - 8
core   0: 3 0x8000b67e (0xbfe5)
core   0: 0x8000b676 (0x00002f17) auipc   t5, 0x2
core   0: 3 0x8000b676 (0x00002f17) x30 0x8000d676
core   0: 0x8000b67a (0x983f2523) sw      gp, -1654(t5)
core   0: 3 0x8000b67a (0x983f2523) mem 0x8000d000 0x00000001
core   0: 0x8000b67e (0x0000bfe5) c.j     pc - 8
core   0: 3 0x8000b67e (0xbfe5)
core   0: 0x8000b676 (0x00002f17) auipc   t5, 0x2
core   0: 3 0x8000b676 (0x00002f17) x30 0x8000d676
core   0: 0x8000b67a (0x983f2523) sw      gp, -1654(t5)
core   0: 3 0x8000b67a (0x983f2523) mem 0x8000d000 0x00000001
core   0: 0x8000b67e (0x0000bfe5) c.j     pc - 8
core   0: 3 0x8000b67e (0xbfe5)
core   0: 0x8000b676 (0x00002f17) auipc   t5, 0x2
core   0: 3 0x8000b676 (0x00002f17) x30 0x8000d676
core   0: 0x8000b67a (0x983f2523) sw      gp, -1654(t5)
core   0: 3 0x8000b67a (0x983f2523) mem 0x8000d000 0x00000001
core   0: 0x8000b67e (0x0000bfe5) c.j     pc - 8
core   0: 3 0x8000b67e (0xbfe5)
core   0: 0x8000b676 (0x00002f17) auipc   t5, 0x2
core   0: 3 0x8000b676 (0x00002f17) x30 0x8000d676
core   0: 0x8000b67a (0x983f2523) sw      gp, -1654(t5)
core   0: 3 0x8000b67a (0x983f2523) mem 0x8000d000 0x00000001
core   0: 0x8000b67e (0x0000bfe5) c.j     pc - 8
core   0: 3 0x8000b67e (0xbfe5)
core   0: 0x8000b676 (0x00002f17) auipc   t5, 0x2
core   0: 3 0x8000b676 (0x00002f17) x30 0x8000d676
core   0: 0x8000b67a (0x983f2523) sw      gp, -1654(t5)
core   0: 3 0x8000b67a (0x983f2523) mem 0x8000d000 0x00000001
core   0: 0x8000b67e (0x0000bfe5) c.j     pc - 8
core   0: 3 0x8000b67e (0xbfe5)
core   0: 0x8000b676 (0x00002f17) auipc   t5, 0x2
core   0: 3 0x8000b676 (0x00002f17) x30 0x8000d676
core   0: 0x8000b67a (0x983f2523) sw      gp, -1654(t5)
core   0: 3 0x8000b67a (0x983f2523) mem 0x8000d000 0x00000001
core   0: 0x8000b67e (0x0000bfe5) c.j     pc - 8
core   0: 3 0x8000b67e (0xbfe5)
core   0: 0x8000b676 (0x00002f17) auipc   t5, 0x2
core   0: 3 0x8000b676 (0x00002f17) x30 0x8000d676
core   0: 0x8000b67a (0x983f2523) sw      gp, -1654(t5)
core   0: 3 0x8000b67a (0x983f2523) mem 0x8000d000 0x00000001
core   0: 0x8000b67e (0x0000bfe5) c.j     pc - 8
core   0: 3 0x8000b67e (0xbfe5)
core   0: 0x8000b676 (0x00002f17) auipc   t5, 0x2
core   0: 3 0x8000b676 (0x00002f17) x30 0x8000d676
core   0: 0x8000b67a (0x983f2523) sw      gp, -1654(t5)
core   0: 3 0x8000b67a (0x983f2523) mem 0x8000d000 0x00000001
core   0: 0x8000b67e (0x0000bfe5) c.j     pc - 8
core   0: 3 0x8000b67e (0xbfe5)
core   0: 0x8000b676 (0x00002f17) auipc   t5, 0x2
core   0: 3 0x8000b676 (0x00002f17) x30 0x8000d676
core   0: 0x8000b67a (0x983f2523) sw      gp, -1654(t5)
core   0: 3 0x8000b67a (0x983f2523) mem 0x8000d000 0x00000001
core   0: 0x8000b67e (0x0000bfe5) c.j     pc - 8
core   0: 3 0x8000b67e (0xbfe5)
core   0: 0x8000b676 (0x00002f17) auipc   t5, 0x2
core   0: 3 0x8000b676 (0x00002f17) x30 0x8000d676
core   0: 0x8000b67a (0x983f2523) sw      gp, -1654(t5)
core   0: 3 0x8000b67a (0x983f2523) mem 0x8000d000 0x00000001
core   0: 0x8000b67e (0x0000bfe5) c.j     pc - 8
core   0: 3 0x8000b67e (0xbfe5)
core   0: 0x8000b676 (0x00002f17) auipc   t5, 0x2
core   0: 3 0x8000b676 (0x00002f17) x30 0x8000d676
core   0: 0x8000b67a (0x983f2523) sw      gp, -1654(t5)
core   0: 3 0x8000b67a (0x983f2523) mem 0x8000d000 0x00000001
core   0: 0x8000b67e (0x0000bfe5) c.j     pc - 8
core   0: 3 0x8000b67e (0xbfe5)
core   0: 0x8000b676 (0x00002f17) auipc   t5, 0x2
core   0: 3 0x8000b676 (0x00002f17) x30 0x8000d676
core   0: 0x8000b67a (0x983f2523) sw      gp, -1654(t5)
core   0: 3 0x8000b67a (0x983f2523) mem 0x8000d000 0x00000001
core   0: 0x8000b67e (0x0000bfe5) c.j     pc - 8
core   0: 3 0x8000b67e (0xbfe5)
core   0: 0x8000b676 (0x00002f17) auipc   t5, 0x2
core   0: 3 0x8000b676 (0x00002f17) x30 0x8000d676
core   0: 0x8000b67a (0x983f2523) sw      gp, -1654(t5)
core   0: 3 0x8000b67a (0x983f2523) mem 0x8000d000 0x00000001
core   0: 0x8000b67e (0x0000bfe5) c.j     pc - 8
core   0: 3 0x8000b67e (0xbfe5)
core   0: 0x8000b676 (0x00002f17) auipc   t5, 0x2
core   0: 3 0x8000b676 (0x00002f17) x30 0x8000d676
core   0: 0x8000b67a (0x983f2523) sw      gp, -1654(t5)
core   0: 3 0x8000b67a (0x983f2523) mem 0x8000d000 0x00000001
core   0: 0x8000b67e (0x0000bfe5) c.j     pc - 8
core   0: 3 0x8000b67e (0xbfe5)
core   0: 0x8000b676 (0x00002f17) auipc   t5, 0x2
core   0: 3 0x8000b676 (0x00002f17) x30 0x8000d676
core   0: 0x8000b67a (0x983f2523) sw      gp, -1654(t5)
core   0: 3 0x8000b67a (0x983f2523) mem 0x8000d000 0x00000001
core   0: 0x8000b67e (0x0000bfe5) c.j     pc - 8
core   0: 3 0x8000b67e (0xbfe5)
core   0: 0x8000b676 (0x00002f17) auipc   t5, 0x2
core   0: 3 0x8000b676 (0x00002f17) x30 0x8000d676
core   0: 0x8000b67a (0x983f2523) sw      gp, -1654(t5)
core   0: 3 0x8000b67a (0x983f2523) mem 0x8000d000 0x00000001
core   0: 0x8000b67e (0x0000bfe5) c.j     pc - 8
core   0: 3 0x8000b67e (0xbfe5)
core   0: 0x8000b676 (0x00002f17) auipc   t5, 0x2
core   0: 3 0x8000b676 (0x00002f17) x30 0x8000d676
core   0: 0x8000b67a (0x983f2523) sw      gp, -1654(t5)
core   0: 3 0x8000b67a (0x983f2523) mem 0x8000d000 0x00000001
core   0: 0x8000b67e (0x0000bfe5) c.j     pc - 8
core   0: 3 0x8000b67e (0xbfe5)
core   0: 0x8000b676 (0x00002f17) auipc   t5, 0x2
core   0: 3 0x8000b676 (0x00002f17) x30 0x8000d676
core   0: 0x8000b67a (0x983f2523) sw      gp, -1654(t5)
core   0: 3 0x8000b67a (0x983f2523) mem 0x8000d000 0x00000001
core   0: 0x8000b67e (0x0000bfe5) c.j     pc - 8
core   0: 3 0x8000b67e (0xbfe5)
core   0: 0x8000b676 (0x00002f17) auipc   t5, 0x2
core   0: 3 0x8000b676 (0x00002f17) x30 0x8000d676
core   0: 0x8000b67a (0x983f2523) sw      gp, -1654(t5)
core   0: 3 0x8000b67a (0x983f2523) mem 0x8000d000 0x00000001
core   0: 0x8000b67e (0x0000bfe5) c.j     pc - 8
core   0: 3 0x8000b67e (0xbfe5)
core   0: 0x8000b676 (0x00002f17) auipc   t5, 0x2
core   0: 3 0x8000b676 (0x00002f17) x30 0x8000d676
core   0: 0x8000b67a (0x983f2523) sw      gp, -1654(t5)
core   0: 3 0x8000b67a (0x983f2523) mem 0x8000d000 0x00000001
core   0: 0x8000b67e (0x0000bfe5) c.j     pc - 8
core   0: 3 0x8000b67e (0xbfe5)
core   0: 0x8000b676 (0x00002f17) auipc   t5, 0x2
core   0: 3 0x8000b676 (0x00002f17) x30 0x8000d676
core   0: 0x8000b67a (0x983f2523) sw      gp, -1654(t5)
core   0: 3 0x8000b67a (0x983f2523) mem 0x8000d000 0x00000001
core   0: 0x8000b67e (0x0000bfe5) c.j     pc - 8
core   0: 3 0x8000b67e (0xbfe5)
core   0: 0x8000b676 (0x00002f17) auipc   t5, 0x2
core   0: 3 0x8000b676 (0x00002f17) x30 0x8000d676
core   0: 0x8000b67a (0x983f2523) sw      gp, -1654(t5)
core   0: 3 0x8000b67a (0x983f2523) mem 0x8000d000 0x00000001
core   0: 0x8000b67e (0x0000bfe5) c.j     pc - 8
core   0: 3 0x8000b67e (0xbfe5)
core   0: 0x8000b676 (0x00002f17) auipc   t5, 0x2
core   0: 3 0x8000b676 (0x00002f17) x30 0x8000d676
core   0: 0x8000b67a (0x983f2523) sw      gp, -1654(t5)
core   0: 3 0x8000b67a (0x983f2523) mem 0x8000d000 0x00000001
core   0: 0x8000b67e (0x0000bfe5) c.j     pc - 8
core   0: 3 0x8000b67e (0xbfe5)
core   0: 0x8000b676 (0x00002f17) auipc   t5, 0x2
core   0: 3 0x8000b676 (0x00002f17) x30 0x8000d676
core   0: 0x8000b67a (0x983f2523) sw      gp, -1654(t5)
core   0: 3 0x8000b67a (0x983f2523) mem 0x8000d000 0x00000001
core   0: 0x8000b67e (0x0000bfe5) c.j     pc - 8
core   0: 3 0x8000b67e (0xbfe5)
core   0: 0x8000b676 (0x00002f17) auipc   t5, 0x2
core   0: 3 0x8000b676 (0x00002f17) x30 0x8000d676
core   0: 0x8000b67a (0x983f2523) sw      gp, -1654(t5)
core   0: 3 0x8000b67a (0x983f2523) mem 0x8000d000 0x00000001
core   0: 0x8000b67e (0x0000bfe5) c.j     pc - 8
core   0: 3 0x8000b67e (0xbfe5)
core   0: 0x8000b676 (0x00002f17) auipc   t5, 0x2
core   0: 3 0x8000b676 (0x00002f17) x30 0x8000d676
core   0: 0x8000b67a (0x983f2523) sw      gp, -1654(t5)
core   0: 3 0x8000b67a (0x983f2523) mem 0x8000d000 0x00000001
core   0: 0x8000b67e (0x0000bfe5) c.j     pc - 8
core   0: 3 0x8000b67e (0xbfe5)
core   0: 0x8000b676 (0x00002f17) auipc   t5, 0x2
core   0: 3 0x8000b676 (0x00002f17) x30 0x8000d676
core   0: 0x8000b67a (0x983f2523) sw      gp, -1654(t5)
core   0: 3 0x8000b67a (0x983f2523) mem 0x8000d000 0x00000001
core   0: 0x8000b67e (0x0000bfe5) c.j     pc - 8
core   0: 3 0x8000b67e (0xbfe5)
core   0: 0x8000b676 (0x00002f17) auipc   t5, 0x2
core   0: 3 0x8000b676 (0x00002f17) x30 0x8000d676
core   0: 0x8000b67a (0x983f2523) sw      gp, -1654(t5)
core   0: 3 0x8000b67a (0x983f2523) mem 0x8000d000 0x00000001
core   0: 0x8000b67e (0x0000bfe5) c.j     pc - 8
core   0: 3 0x8000b67e (0xbfe5)
core   0: 0x8000b676 (0x00002f17) auipc   t5, 0x2
core   0: 3 0x8000b676 (0x00002f17) x30 0x8000d676
core   0: 0x8000b67a (0x983f2523) sw      gp, -1654(t5)
core   0: 3 0x8000b67a (0x983f2523) mem 0x8000d000 0x00000001
core   0: 0x8000b67e (0x0000bfe5) c.j     pc - 8
core   0: 3 0x8000b67e (0xbfe5)
core   0: 0x8000b676 (0x00002f17) auipc   t5, 0x2
core   0: 3 0x8000b676 (0x00002f17) x30 0x8000d676
core   0: 0x8000b67a (0x983f2523) sw      gp, -1654(t5)
core   0: 3 0x8000b67a (0x983f2523) mem 0x8000d000 0x00000001
core   0: 0x8000b67e (0x0000bfe5) c.j     pc - 8
core   0: 3 0x8000b67e (0xbfe5)
core   0: 0x8000b676 (0x00002f17) auipc   t5, 0x2
core   0: 3 0x8000b676 (0x00002f17) x30 0x8000d676
core   0: 0x8000b67a (0x983f2523) sw      gp, -1654(t5)
core   0: 3 0x8000b67a (0x983f2523) mem 0x8000d000 0x00000001
core   0: 0x8000b67e (0x0000bfe5) c.j     pc - 8
core   0: 3 0x8000b67e (0xbfe5)
core   0: 0x8000b676 (0x00002f17) auipc   t5, 0x2
core   0: 3 0x8000b676 (0x00002f17) x30 0x8000d676
core   0: 0x8000b67a (0x983f2523) sw      gp, -1654(t5)
core   0: 3 0x8000b67a (0x983f2523) mem 0x8000d000 0x00000001
core   0: 0x8000b67e (0x0000bfe5) c.j     pc - 8
core   0: 3 0x8000b67e (0xbfe5)
core   0: 0x8000b676 (0x00002f17) auipc   t5, 0x2
core   0: 3 0x8000b676 (0x00002f17) x30 0x8000d676
core   0: 0x8000b67a (0x983f2523) sw      gp, -1654(t5)
core   0: 3 0x8000b67a (0x983f2523) mem 0x8000d000 0x00000001
core   0: 0x8000b67e (0x0000bfe5) c.j     pc - 8
core   0: 3 0x8000b67e (0xbfe5)
core   0: 0x8000b676 (0x00002f17) auipc   t5, 0x2
core   0: 3 0x8000b676 (0x00002f17) x30 0x8000d676
core   0: 0x8000b67a (0x983f2523) sw      gp, -1654(t5)
core   0: 3 0x8000b67a (0x983f2523) mem 0x8000d000 0x00000001
core   0: 0x8000b67e (0x0000bfe5) c.j     pc - 8
core   0: 3 0x8000b67e (0xbfe5)
core   0: 0x8000b676 (0x00002f17) auipc   t5, 0x2
core   0: 3 0x8000b676 (0x00002f17) x30 0x8000d676
core   0: 0x8000b67a (0x983f2523) sw      gp, -1654(t5)
core   0: 3 0x8000b67a (0x983f2523) mem 0x8000d000 0x00000001
core   0: 0x8000b67e (0x0000bfe5) c.j     pc - 8
core   0: 3 0x8000b67e (0xbfe5)
core   0: 0x8000b676 (0x00002f17) auipc   t5, 0x2
core   0: 3 0x8000b676 (0x00002f17) x30 0x8000d676
core   0: 0x8000b67a (0x983f2523) sw      gp, -1654(t5)
core   0: 3 0x8000b67a (0x983f2523) mem 0x8000d000 0x00000001
core   0: 0x8000b67e (0x0000bfe5) c.j     pc - 8
core   0: 3 0x8000b67e (0xbfe5)
core   0: 0x8000b676 (0x00002f17) auipc   t5, 0x2
core   0: 3 0x8000b676 (0x00002f17) x30 0x8000d676
core   0: 0x8000b67a (0x983f2523) sw      gp, -1654(t5)
core   0: 3 0x8000b67a (0x983f2523) mem 0x8000d000 0x00000001
core   0: 0x8000b67e (0x0000bfe5) c.j     pc - 8
core   0: 3 0x8000b67e (0xbfe5)
core   0: 0x8000b676 (0x00002f17) auipc   t5, 0x2
core   0: 3 0x8000b676 (0x00002f17) x30 0x8000d676
core   0: 0x8000b67a (0x983f2523) sw      gp, -1654(t5)
core   0: 3 0x8000b67a (0x983f2523) mem 0x8000d000 0x00000001
core   0: 0x8000b67e (0x0000bfe5) c.j     pc - 8
core   0: 3 0x8000b67e (0xbfe5)
core   0: 0x8000b676 (0x00002f17) auipc   t5, 0x2
core   0: 3 0x8000b676 (0x00002f17) x30 0x8000d676
core   0: 0x8000b67a (0x983f2523) sw      gp, -1654(t5)
core   0: 3 0x8000b67a (0x983f2523) mem 0x8000d000 0x00000001
core   0: 0x8000b67e (0x0000bfe5) c.j     pc - 8
core   0: 3 0x8000b67e (0xbfe5)
core   0: 0x8000b676 (0x00002f17) auipc   t5, 0x2
core   0: 3 0x8000b676 (0x00002f17) x30 0x8000d676
core   0: 0x8000b67a (0x983f2523) sw      gp, -1654(t5)
core   0: 3 0x8000b67a (0x983f2523) mem 0x8000d000 0x00000001
core   0: 0x8000b67e (0x0000bfe5) c.j     pc - 8
core   0: 3 0x8000b67e (0xbfe5)
core   0: 0x8000b676 (0x00002f17) auipc   t5, 0x2
core   0: 3 0x8000b676 (0x00002f17) x30 0x8000d676
core   0: 0x8000b67a (0x983f2523) sw      gp, -1654(t5)
core   0: 3 0x8000b67a (0x983f2523) mem 0x8000d000 0x00000001
core   0: 0x8000b67e (0x0000bfe5) c.j     pc - 8
core   0: 3 0x8000b67e (0xbfe5)
core   0: 0x8000b676 (0x00002f17) auipc   t5, 0x2
core   0: 3 0x8000b676 (0x00002f17) x30 0x8000d676
core   0: 0x8000b67a (0x983f2523) sw      gp, -1654(t5)
core   0: 3 0x8000b67a (0x983f2523) mem 0x8000d000 0x00000001
core   0: 0x8000b67e (0x0000bfe5) c.j     pc - 8
core   0: 3 0x8000b67e (0xbfe5)
core   0: 0x8000b676 (0x00002f17) auipc   t5, 0x2
core   0: 3 0x8000b676 (0x00002f17) x30 0x8000d676
core   0: 0x8000b67a (0x983f2523) sw      gp, -1654(t5)
core   0: 3 0x8000b67a (0x983f2523) mem 0x8000d000 0x00000001
core   0: 0x8000b67e (0x0000bfe5) c.j     pc - 8
core   0: 3 0x8000b67e (0xbfe5)
core   0: 0x8000b676 (0x00002f17) auipc   t5, 0x2
core   0: 3 0x8000b676 (0x00002f17) x30 0x8000d676
core   0: 0x8000b67a (0x983f2523) sw      gp, -1654(t5)
core   0: 3 0x8000b67a (0x983f2523) mem 0x8000d000 0x00000001
core   0: 0x8000b67e (0x0000bfe5) c.j     pc - 8
core   0: 3 0x8000b67e (0xbfe5)
core   0: 0x8000b676 (0x00002f17) auipc   t5, 0x2
core   0: 3 0x8000b676 (0x00002f17) x30 0x8000d676
core   0: 0x8000b67a (0x983f2523) sw      gp, -1654(t5)
core   0: 3 0x8000b67a (0x983f2523) mem 0x8000d000 0x00000001
core   0: 0x8000b67e (0x0000bfe5) c.j     pc - 8
core   0: 3 0x8000b67e (0xbfe5)
core   0: 0x8000b676 (0x00002f17) auipc   t5, 0x2
core   0: 3 0x8000b676 (0x00002f17) x30 0x8000d676
core   0: 0x8000b67a (0x983f2523) sw      gp, -1654(t5)
core   0: 3 0x8000b67a (0x983f2523) mem 0x8000d000 0x00000001
core   0: 0x8000b67e (0x0000bfe5) c.j     pc - 8
core   0: 3 0x8000b67e (0xbfe5)
core   0: 0x8000b676 (0x00002f17) auipc   t5, 0x2
core   0: 3 0x8000b676 (0x00002f17) x30 0x8000d676
core   0: 0x8000b67a (0x983f2523) sw      gp, -1654(t5)
core   0: 3 0x8000b67a (0x983f2523) mem 0x8000d000 0x00000001
core   0: 0x8000b67e (0x0000bfe5) c.j     pc - 8
core   0: 3 0x8000b67e (0xbfe5)
core   0: 0x8000b676 (0x00002f17) auipc   t5, 0x2
core   0: 3 0x8000b676 (0x00002f17) x30 0x8000d676
core   0: 0x8000b67a (0x983f2523) sw      gp, -1654(t5)
core   0: 3 0x8000b67a (0x983f2523) mem 0x8000d000 0x00000001
core   0: 0x8000b67e (0x0000bfe5) c.j     pc - 8
core   0: 3 0x8000b67e (0xbfe5)
core   0: 0x8000b676 (0x00002f17) auipc   t5, 0x2
core   0: 3 0x8000b676 (0x00002f17) x30 0x8000d676
core   0: 0x8000b67a (0x983f2523) sw      gp, -1654(t5)
core   0: 3 0x8000b67a (0x983f2523) mem 0x8000d000 0x00000001
core   0: 0x8000b67e (0x0000bfe5) c.j     pc - 8
core   0: 3 0x8000b67e (0xbfe5)
core   0: 0x8000b676 (0x00002f17) auipc   t5, 0x2
core   0: 3 0x8000b676 (0x00002f17) x30 0x8000d676
core   0: 0x8000b67a (0x983f2523) sw      gp, -1654(t5)
core   0: 3 0x8000b67a (0x983f2523) mem 0x8000d000 0x00000001
core   0: 0x8000b67e (0x0000bfe5) c.j     pc - 8
core   0: 3 0x8000b67e (0xbfe5)
core   0: 0x8000b676 (0x00002f17) auipc   t5, 0x2
core   0: 3 0x8000b676 (0x00002f17) x30 0x8000d676
core   0: 0x8000b67a (0x983f2523) sw      gp, -1654(t5)
core   0: 3 0x8000b67a (0x983f2523) mem 0x8000d000 0x00000001
core   0: 0x8000b67e (0x0000bfe5) c.j     pc - 8
core   0: 3 0x8000b67e (0xbfe5)
core   0: 0x8000b676 (0x00002f17) auipc   t5, 0x2
core   0: 3 0x8000b676 (0x00002f17) x30 0x8000d676
core   0: 0x8000b67a (0x983f2523) sw      gp, -1654(t5)
core   0: 3 0x8000b67a (0x983f2523) mem 0x8000d000 0x00000001
core   0: 0x8000b67e (0x0000bfe5) c.j     pc - 8
core   0: 3 0x8000b67e (0xbfe5)
core   0: 0x8000b676 (0x00002f17) auipc   t5, 0x2
core   0: 3 0x8000b676 (0x00002f17) x30 0x8000d676
core   0: 0x8000b67a (0x983f2523) sw      gp, -1654(t5)
core   0: 3 0x8000b67a (0x983f2523) mem 0x8000d000 0x00000001
core   0: 0x8000b67e (0x0000bfe5) c.j     pc - 8
core   0: 3 0x8000b67e (0xbfe5)
core   0: 0x8000b676 (0x00002f17) auipc   t5, 0x2
core   0: 3 0x8000b676 (0x00002f17) x30 0x8000d676
core   0: 0x8000b67a (0x983f2523) sw      gp, -1654(t5)
core   0: 3 0x8000b67a (0x983f2523) mem 0x8000d000 0x00000001
core   0: 0x8000b67e (0x0000bfe5) c.j     pc - 8
core   0: 3 0x8000b67e (0xbfe5)
core   0: 0x8000b676 (0x00002f17) auipc   t5, 0x2
core   0: 3 0x8000b676 (0x00002f17) x30 0x8000d676
core   0: 0x8000b67a (0x983f2523) sw      gp, -1654(t5)
core   0: 3 0x8000b67a (0x983f2523) mem 0x8000d000 0x00000001
core   0: 0x8000b67e (0x0000bfe5) c.j     pc - 8
core   0: 3 0x8000b67e (0xbfe5)
core   0: 0x8000b676 (0x00002f17) auipc   t5, 0x2
core   0: 3 0x8000b676 (0x00002f17) x30 0x8000d676
core   0: 0x8000b67a (0x983f2523) sw      gp, -1654(t5)
core   0: 3 0x8000b67a (0x983f2523) mem 0x8000d000 0x00000001
core   0: 0x8000b67e (0x0000bfe5) c.j     pc - 8
core   0: 3 0x8000b67e (0xbfe5)
core   0: 0x8000b676 (0x00002f17) auipc   t5, 0x2
core   0: 3 0x8000b676 (0x00002f17) x30 0x8000d676
core   0: 0x8000b67a (0x983f2523) sw      gp, -1654(t5)
core   0: 3 0x8000b67a (0x983f2523) mem 0x8000d000 0x00000001
core   0: 0x8000b67e (0x0000bfe5) c.j     pc - 8
core   0: 3 0x8000b67e (0xbfe5)
core   0: 0x8000b676 (0x00002f17) auipc   t5, 0x2
core   0: 3 0x8000b676 (0x00002f17) x30 0x8000d676
core   0: 0x8000b67a (0x983f2523) sw      gp, -1654(t5)
core   0: 3 0x8000b67a (0x983f2523) mem 0x8000d000 0x00000001
core   0: 0x8000b67e (0x0000bfe5) c.j     pc - 8
core   0: 3 0x8000b67e (0xbfe5)
core   0: 0x8000b676 (0x00002f17) auipc   t5, 0x2
core   0: 3 0x8000b676 (0x00002f17) x30 0x8000d676
core   0: 0x8000b67a (0x983f2523) sw      gp, -1654(t5)
core   0: 3 0x8000b67a (0x983f2523) mem 0x8000d000 0x00000001
core   0: 0x8000b67e (0x0000bfe5) c.j     pc - 8
core   0: 3 0x8000b67e (0xbfe5)
core   0: 0x8000b676 (0x00002f17) auipc   t5, 0x2
core   0: 3 0x8000b676 (0x00002f17) x30 0x8000d676
core   0: 0x8000b67a (0x983f2523) sw      gp, -1654(t5)
core   0: 3 0x8000b67a (0x983f2523) mem 0x8000d000 0x00000001
core   0: 0x8000b67e (0x0000bfe5) c.j     pc - 8
core   0: 3 0x8000b67e (0xbfe5)
core   0: 0x8000b676 (0x00002f17) auipc   t5, 0x2
core   0: 3 0x8000b676 (0x00002f17) x30 0x8000d676
core   0: 0x8000b67a (0x983f2523) sw      gp, -1654(t5)
core   0: 3 0x8000b67a (0x983f2523) mem 0x8000d000 0x00000001
core   0: 0x8000b67e (0x0000bfe5) c.j     pc - 8
core   0: 3 0x8000b67e (0xbfe5)
core   0: 0x8000b676 (0x00002f17) auipc   t5, 0x2
core   0: 3 0x8000b676 (0x00002f17) x30 0x8000d676
core   0: 0x8000b67a (0x983f2523) sw      gp, -1654(t5)
core   0: 3 0x8000b67a (0x983f2523) mem 0x8000d000 0x00000001
core   0: 0x8000b67e (0x0000bfe5) c.j     pc - 8
core   0: 3 0x8000b67e (0xbfe5)
core   0: 0x8000b676 (0x00002f17) auipc   t5, 0x2
core   0: 3 0x8000b676 (0x00002f17) x30 0x8000d676
core   0: 0x8000b67a (0x983f2523) sw      gp, -1654(t5)
core   0: 3 0x8000b67a (0x983f2523) mem 0x8000d000 0x00000001
core   0: 0x8000b67e (0x0000bfe5) c.j     pc - 8
core   0: 3 0x8000b67e (0xbfe5)
core   0: 0x8000b676 (0x00002f17) auipc   t5, 0x2
core   0: 3 0x8000b676 (0x00002f17) x30 0x8000d676
core   0: 0x8000b67a (0x983f2523) sw      gp, -1654(t5)
core   0: 3 0x8000b67a (0x983f2523) mem 0x8000d000 0x00000001
core   0: 0x8000b67e (0x0000bfe5) c.j     pc - 8
core   0: 3 0x8000b67e (0xbfe5)
core   0: 0x8000b676 (0x00002f17) auipc   t5, 0x2
core   0: 3 0x8000b676 (0x00002f17) x30 0x8000d676
core   0: 0x8000b67a (0x983f2523) sw      gp, -1654(t5)
core   0: 3 0x8000b67a (0x983f2523) mem 0x8000d000 0x00000001
core   0: 0x8000b67e (0x0000bfe5) c.j     pc - 8
core   0: 3 0x8000b67e (0xbfe5)
core   0: 0x8000b676 (0x00002f17) auipc   t5, 0x2
core   0: 3 0x8000b676 (0x00002f17) x30 0x8000d676
core   0: 0x8000b67a (0x983f2523) sw      gp, -1654(t5)
core   0: 3 0x8000b67a (0x983f2523) mem 0x8000d000 0x00000001
core   0: 0x8000b67e (0x0000bfe5) c.j     pc - 8
core   0: 3 0x8000b67e (0xbfe5)
core   0: 0x8000b676 (0x00002f17) auipc   t5, 0x2
core   0: 3 0x8000b676 (0x00002f17) x30 0x8000d676
core   0: 0x8000b67a (0x983f2523) sw      gp, -1654(t5)
core   0: 3 0x8000b67a (0x983f2523) mem 0x8000d000 0x00000001
core   0: 0x8000b67e (0x0000bfe5) c.j     pc - 8
core   0: 3 0x8000b67e (0xbfe5)
core   0: 0x8000b676 (0x00002f17) auipc   t5, 0x2
core   0: 3 0x8000b676 (0x00002f17) x30 0x8000d676
core   0: 0x8000b67a (0x983f2523) sw      gp, -1654(t5)
core   0: 3 0x8000b67a (0x983f2523) mem 0x8000d000 0x00000001
core   0: 0x8000b67e (0x0000bfe5) c.j     pc - 8
core   0: 3 0x8000b67e (0xbfe5)
core   0: 0x8000b676 (0x00002f17) auipc   t5, 0x2
core   0: 3 0x8000b676 (0x00002f17) x30 0x8000d676
core   0: 0x8000b67a (0x983f2523) sw      gp, -1654(t5)
core   0: 3 0x8000b67a (0x983f2523) mem 0x8000d000 0x00000001
core   0: 0x8000b67e (0x0000bfe5) c.j     pc - 8
core   0: 3 0x8000b67e (0xbfe5)
core   0: 0x8000b676 (0x00002f17) auipc   t5, 0x2
core   0: 3 0x8000b676 (0x00002f17) x30 0x8000d676
core   0: 0x8000b67a (0x983f2523) sw      gp, -1654(t5)
core   0: 3 0x8000b67a (0x983f2523) mem 0x8000d000 0x00000001
core   0: 0x8000b67e (0x0000bfe5) c.j     pc - 8
core   0: 3 0x8000b67e (0xbfe5)
core   0: 0x8000b676 (0x00002f17) auipc   t5, 0x2
core   0: 3 0x8000b676 (0x00002f17) x30 0x8000d676
core   0: 0x8000b67a (0x983f2523) sw      gp, -1654(t5)
core   0: 3 0x8000b67a (0x983f2523) mem 0x8000d000 0x00000001
core   0: 0x8000b67e (0x0000bfe5) c.j     pc - 8
core   0: 3 0x8000b67e (0xbfe5)
core   0: 0x8000b676 (0x00002f17) auipc   t5, 0x2
core   0: 3 0x8000b676 (0x00002f17) x30 0x8000d676
core   0: 0x8000b67a (0x983f2523) sw      gp, -1654(t5)
core   0: 3 0x8000b67a (0x983f2523) mem 0x8000d000 0x00000001
core   0: 0x8000b67e (0x0000bfe5) c.j     pc - 8
core   0: 3 0x8000b67e (0xbfe5)
core   0: 0x8000b676 (0x00002f17) auipc   t5, 0x2
core   0: 3 0x8000b676 (0x00002f17) x30 0x8000d676
core   0: 0x8000b67a (0x983f2523) sw      gp, -1654(t5)
core   0: 3 0x8000b67a (0x983f2523) mem 0x8000d000 0x00000001
core   0: 0x8000b67e (0x0000bfe5) c.j     pc - 8
core   0: 3 0x8000b67e (0xbfe5)
core   0: 0x8000b676 (0x00002f17) auipc   t5, 0x2
core   0: 3 0x8000b676 (0x00002f17) x30 0x8000d676
core   0: 0x8000b67a (0x983f2523) sw      gp, -1654(t5)
core   0: 3 0x8000b67a (0x983f2523) mem 0x8000d000 0x00000001
core   0: 0x8000b67e (0x0000bfe5) c.j     pc - 8
core   0: 3 0x8000b67e (0xbfe5)
core   0: 0x8000b676 (0x00002f17) auipc   t5, 0x2
core   0: 3 0x8000b676 (0x00002f17) x30 0x8000d676
core   0: 0x8000b67a (0x983f2523) sw      gp, -1654(t5)
core   0: 3 0x8000b67a (0x983f2523) mem 0x8000d000 0x00000001
core   0: 0x8000b67e (0x0000bfe5) c.j     pc - 8
core   0: 3 0x8000b67e (0xbfe5)
core   0: 0x8000b676 (0x00002f17) auipc   t5, 0x2
core   0: 3 0x8000b676 (0x00002f17) x30 0x8000d676
core   0: 0x8000b67a (0x983f2523) sw      gp, -1654(t5)
core   0: 3 0x8000b67a (0x983f2523) mem 0x8000d000 0x00000001
core   0: 0x8000b67e (0x0000bfe5) c.j     pc - 8
core   0: 3 0x8000b67e (0xbfe5)
core   0: 0x8000b676 (0x00002f17) auipc   t5, 0x2
core   0: 3 0x8000b676 (0x00002f17) x30 0x8000d676
core   0: 0x8000b67a (0x983f2523) sw      gp, -1654(t5)
core   0: 3 0x8000b67a (0x983f2523) mem 0x8000d000 0x00000001
core   0: 0x8000b67e (0x0000bfe5) c.j     pc - 8
core   0: 3 0x8000b67e (0xbfe5)
core   0: 0x8000b676 (0x00002f17) auipc   t5, 0x2
core   0: 3 0x8000b676 (0x00002f17) x30 0x8000d676
core   0: 0x8000b67a (0x983f2523) sw      gp, -1654(t5)
core   0: 3 0x8000b67a (0x983f2523) mem 0x8000d000 0x00000001
core   0: 0x8000b67e (0x0000bfe5) c.j     pc - 8
core   0: 3 0x8000b67e (0xbfe5)
core   0: 0x8000b676 (0x00002f17) auipc   t5, 0x2
core   0: 3 0x8000b676 (0x00002f17) x30 0x8000d676
core   0: 0x8000b67a (0x983f2523) sw      gp, -1654(t5)
core   0: 3 0x8000b67a (0x983f2523) mem 0x8000d000 0x00000001
core   0: 0x8000b67e (0x0000bfe5) c.j     pc - 8
core   0: 3 0x8000b67e (0xbfe5)
core   0: 0x8000b676 (0x00002f17) auipc   t5, 0x2
core   0: 3 0x8000b676 (0x00002f17) x30 0x8000d676
core   0: 0x8000b67a (0x983f2523) sw      gp, -1654(t5)
core   0: 3 0x8000b67a (0x983f2523) mem 0x8000d000 0x00000001
core   0: 0x8000b67e (0x0000bfe5) c.j     pc - 8
core   0: 3 0x8000b67e (0xbfe5)
core   0: 0x8000b676 (0x00002f17) auipc   t5, 0x2
core   0: 3 0x8000b676 (0x00002f17) x30 0x8000d676
core   0: 0x8000b67a (0x983f2523) sw      gp, -1654(t5)
core   0: 3 0x8000b67a (0x983f2523) mem 0x8000d000 0x00000001
core   0: 0x8000b67e (0x0000bfe5) c.j     pc - 8
core   0: 3 0x8000b67e (0xbfe5)
core   0: 0x8000b676 (0x00002f17) auipc   t5, 0x2
core   0: 3 0x8000b676 (0x00002f17) x30 0x8000d676
core   0: 0x8000b67a (0x983f2523) sw      gp, -1654(t5)
core   0: 3 0x8000b67a (0x983f2523) mem 0x8000d000 0x00000001
core   0: 0x8000b67e (0x0000bfe5) c.j     pc - 8
core   0: 3 0x8000b67e (0xbfe5)
core   0: 0x8000b676 (0x00002f17) auipc   t5, 0x2
core   0: 3 0x8000b676 (0x00002f17) x30 0x8000d676
core   0: 0x8000b67a (0x983f2523) sw      gp, -1654(t5)
core   0: 3 0x8000b67a (0x983f2523) mem 0x8000d000 0x00000001
core   0: 0x8000b67e (0x0000bfe5) c.j     pc - 8
core   0: 3 0x8000b67e (0xbfe5)
core   0: 0x8000b676 (0x00002f17) auipc   t5, 0x2
core   0: 3 0x8000b676 (0x00002f17) x30 0x8000d676
core   0: 0x8000b67a (0x983f2523) sw      gp, -1654(t5)
core   0: 3 0x8000b67a (0x983f2523) mem 0x8000d000 0x00000001
core   0: 0x8000b67e (0x0000bfe5) c.j     pc - 8
core   0: 3 0x8000b67e (0xbfe5)
core   0: 0x8000b676 (0x00002f17) auipc   t5, 0x2
core   0: 3 0x8000b676 (0x00002f17) x30 0x8000d676
core   0: 0x8000b67a (0x983f2523) sw      gp, -1654(t5)
core   0: 3 0x8000b67a (0x983f2523) mem 0x8000d000 0x00000001
core   0: 0x8000b67e (0x0000bfe5) c.j     pc - 8
core   0: 3 0x8000b67e (0xbfe5)
core   0: 0x8000b676 (0x00002f17) auipc   t5, 0x2
core   0: 3 0x8000b676 (0x00002f17) x30 0x8000d676
core   0: 0x8000b67a (0x983f2523) sw      gp, -1654(t5)
core   0: 3 0x8000b67a (0x983f2523) mem 0x8000d000 0x00000001
core   0: 0x8000b67e (0x0000bfe5) c.j     pc - 8
core   0: 3 0x8000b67e (0xbfe5)
core   0: 0x8000b676 (0x00002f17) auipc   t5, 0x2
core   0: 3 0x8000b676 (0x00002f17) x30 0x8000d676
core   0: 0x8000b67a (0x983f2523) sw      gp, -1654(t5)
core   0: 3 0x8000b67a (0x983f2523) mem 0x8000d000 0x00000001
core   0: 0x8000b67e (0x0000bfe5) c.j     pc - 8
core   0: 3 0x8000b67e (0xbfe5)
core   0: 0x8000b676 (0x00002f17) auipc   t5, 0x2
core   0: 3 0x8000b676 (0x00002f17) x30 0x8000d676
core   0: 0x8000b67a (0x983f2523) sw      gp, -1654(t5)
core   0: 3 0x8000b67a (0x983f2523) mem 0x8000d000 0x00000001
core   0: 0x8000b67e (0x0000bfe5) c.j     pc - 8
core   0: 3 0x8000b67e (0xbfe5)
core   0: 0x8000b676 (0x00002f17) auipc   t5, 0x2
core   0: 3 0x8000b676 (0x00002f17) x30 0x8000d676
core   0: 0x8000b67a (0x983f2523) sw      gp, -1654(t5)
core   0: 3 0x8000b67a (0x983f2523) mem 0x8000d000 0x00000001
core   0: 0x8000b67e (0x0000bfe5) c.j     pc - 8
core   0: 3 0x8000b67e (0xbfe5)
core   0: 0x8000b676 (0x00002f17) auipc   t5, 0x2
core   0: 3 0x8000b676 (0x00002f17) x30 0x8000d676
core   0: 0x8000b67a (0x983f2523) sw      gp, -1654(t5)
core   0: 3 0x8000b67a (0x983f2523) mem 0x8000d000 0x00000001
core   0: 0x8000b67e (0x0000bfe5) c.j     pc - 8
core   0: 3 0x8000b67e (0xbfe5)
core   0: 0x8000b676 (0x00002f17) auipc   t5, 0x2
core   0: 3 0x8000b676 (0x00002f17) x30 0x8000d676
core   0: 0x8000b67a (0x983f2523) sw      gp, -1654(t5)
core   0: 3 0x8000b67a (0x983f2523) mem 0x8000d000 0x00000001
core   0: 0x8000b67e (0x0000bfe5) c.j     pc - 8
core   0: 3 0x8000b67e (0xbfe5)
core   0: 0x8000b676 (0x00002f17) auipc   t5, 0x2
core   0: 3 0x8000b676 (0x00002f17) x30 0x8000d676
core   0: 0x8000b67a (0x983f2523) sw      gp, -1654(t5)
core   0: 3 0x8000b67a (0x983f2523) mem 0x8000d000 0x00000001
core   0: 0x8000b67e (0x0000bfe5) c.j     pc - 8
core   0: 3 0x8000b67e (0xbfe5)
core   0: 0x8000b676 (0x00002f17) auipc   t5, 0x2
core   0: 3 0x8000b676 (0x00002f17) x30 0x8000d676
core   0: 0x8000b67a (0x983f2523) sw      gp, -1654(t5)
core   0: 3 0x8000b67a (0x983f2523) mem 0x8000d000 0x00000001
core   0: 0x8000b67e (0x0000bfe5) c.j     pc - 8
core   0: 3 0x8000b67e (0xbfe5)
core   0: 0x8000b676 (0x00002f17) auipc   t5, 0x2
core   0: 3 0x8000b676 (0x00002f17) x30 0x8000d676
core   0: 0x8000b67a (0x983f2523) sw      gp, -1654(t5)
core   0: 3 0x8000b67a (0x983f2523) mem 0x8000d000 0x00000001
core   0: 0x8000b67e (0x0000bfe5) c.j     pc - 8
core   0: 3 0x8000b67e (0xbfe5)
core   0: 0x8000b676 (0x00002f17) auipc   t5, 0x2
core   0: 3 0x8000b676 (0x00002f17) x30 0x8000d676
core   0: 0x8000b67a (0x983f2523) sw      gp, -1654(t5)
core   0: 3 0x8000b67a (0x983f2523) mem 0x8000d000 0x00000001
core   0: 0x8000b67e (0x0000bfe5) c.j     pc - 8
core   0: 3 0x8000b67e (0xbfe5)
core   0: 0x8000b676 (0x00002f17) auipc   t5, 0x2
core   0: 3 0x8000b676 (0x00002f17) x30 0x8000d676
core   0: 0x8000b67a (0x983f2523) sw      gp, -1654(t5)
core   0: 3 0x8000b67a (0x983f2523) mem 0x8000d000 0x00000001
core   0: 0x8000b67e (0x0000bfe5) c.j     pc - 8
core   0: 3 0x8000b67e (0xbfe5)
core   0: 0x8000b676 (0x00002f17) auipc   t5, 0x2
core   0: 3 0x8000b676 (0x00002f17) x30 0x8000d676
core   0: 0x8000b67a (0x983f2523) sw      gp, -1654(t5)
core   0: 3 0x8000b67a (0x983f2523) mem 0x8000d000 0x00000001
core   0: 0x8000b67e (0x0000bfe5) c.j     pc - 8
core   0: 3 0x8000b67e (0xbfe5)
core   0: 0x8000b676 (0x00002f17) auipc   t5, 0x2
core   0: 3 0x8000b676 (0x00002f17) x30 0x8000d676
core   0: 0x8000b67a (0x983f2523) sw      gp, -1654(t5)
core   0: 3 0x8000b67a (0x983f2523) mem 0x8000d000 0x00000001
core   0: 0x8000b67e (0x0000bfe5) c.j     pc - 8
core   0: 3 0x8000b67e (0xbfe5)
core   0: 0x8000b676 (0x00002f17) auipc   t5, 0x2
core   0: 3 0x8000b676 (0x00002f17) x30 0x8000d676
core   0: 0x8000b67a (0x983f2523) sw      gp, -1654(t5)
core   0: 3 0x8000b67a (0x983f2523) mem 0x8000d000 0x00000001
core   0: 0x8000b67e (0x0000bfe5) c.j     pc - 8
core   0: 3 0x8000b67e (0xbfe5)
core   0: 0x8000b676 (0x00002f17) auipc   t5, 0x2
core   0: 3 0x8000b676 (0x00002f17) x30 0x8000d676
core   0: 0x8000b67a (0x983f2523) sw      gp, -1654(t5)
core   0: 3 0x8000b67a (0x983f2523) mem 0x8000d000 0x00000001
core   0: 0x8000b67e (0x0000bfe5) c.j     pc - 8
core   0: 3 0x8000b67e (0xbfe5)
core   0: 0x8000b676 (0x00002f17) auipc   t5, 0x2
core   0: 3 0x8000b676 (0x00002f17) x30 0x8000d676
core   0: 0x8000b67a (0x983f2523) sw      gp, -1654(t5)
core   0: 3 0x8000b67a (0x983f2523) mem 0x8000d000 0x00000001
core   0: 0x8000b67e (0x0000bfe5) c.j     pc - 8
core   0: 3 0x8000b67e (0xbfe5)
core   0: 0x8000b676 (0x00002f17) auipc   t5, 0x2
core   0: 3 0x8000b676 (0x00002f17) x30 0x8000d676
core   0: 0x8000b67a (0x983f2523) sw      gp, -1654(t5)
core   0: 3 0x8000b67a (0x983f2523) mem 0x8000d000 0x00000001
core   0: 0x8000b67e (0x0000bfe5) c.j     pc - 8
core   0: 3 0x8000b67e (0xbfe5)
core   0: 0x8000b676 (0x00002f17) auipc   t5, 0x2
core   0: 3 0x8000b676 (0x00002f17) x30 0x8000d676
core   0: 0x8000b67a (0x983f2523) sw      gp, -1654(t5)
core   0: 3 0x8000b67a (0x983f2523) mem 0x8000d000 0x00000001
core   0: 0x8000b67e (0x0000bfe5) c.j     pc - 8
core   0: 3 0x8000b67e (0xbfe5)
core   0: 0x8000b676 (0x00002f17) auipc   t5, 0x2
core   0: 3 0x8000b676 (0x00002f17) x30 0x8000d676
core   0: 0x8000b67a (0x983f2523) sw      gp, -1654(t5)
core   0: 3 0x8000b67a (0x983f2523) mem 0x8000d000 0x00000001
core   0: 0x8000b67e (0x0000bfe5) c.j     pc - 8
core   0: 3 0x8000b67e (0xbfe5)
core   0: 0x8000b676 (0x00002f17) auipc   t5, 0x2
core   0: 3 0x8000b676 (0x00002f17) x30 0x8000d676
core   0: 0x8000b67a (0x983f2523) sw      gp, -1654(t5)
core   0: 3 0x8000b67a (0x983f2523) mem 0x8000d000 0x00000001
core   0: 0x8000b67e (0x0000bfe5) c.j     pc - 8
core   0: 3 0x8000b67e (0xbfe5)
core   0: 0x8000b676 (0x00002f17) auipc   t5, 0x2
core   0: 3 0x8000b676 (0x00002f17) x30 0x8000d676
core   0: 0x8000b67a (0x983f2523) sw      gp, -1654(t5)
core   0: 3 0x8000b67a (0x983f2523) mem 0x8000d000 0x00000001
core   0: 0x8000b67e (0x0000bfe5) c.j     pc - 8
core   0: 3 0x8000b67e (0xbfe5)
core   0: 0x8000b676 (0x00002f17) auipc   t5, 0x2
core   0: 3 0x8000b676 (0x00002f17) x30 0x8000d676
core   0: 0x8000b67a (0x983f2523) sw      gp, -1654(t5)
core   0: 3 0x8000b67a (0x983f2523) mem 0x8000d000 0x00000001
core   0: 0x8000b67e (0x0000bfe5) c.j     pc - 8
core   0: 3 0x8000b67e (0xbfe5)
core   0: 0x8000b676 (0x00002f17) auipc   t5, 0x2
core   0: 3 0x8000b676 (0x00002f17) x30 0x8000d676
core   0: 0x8000b67a (0x983f2523) sw      gp, -1654(t5)
core   0: 3 0x8000b67a (0x983f2523) mem 0x8000d000 0x00000001
core   0: 0x8000b67e (0x0000bfe5) c.j     pc - 8
core   0: 3 0x8000b67e (0xbfe5)
core   0: 0x8000b676 (0x00002f17) auipc   t5, 0x2
core   0: 3 0x8000b676 (0x00002f17) x30 0x8000d676
core   0: 0x8000b67a (0x983f2523) sw      gp, -1654(t5)
core   0: 3 0x8000b67a (0x983f2523) mem 0x8000d000 0x00000001
core   0: 0x8000b67e (0x0000bfe5) c.j     pc - 8
core   0: 3 0x8000b67e (0xbfe5)
core   0: 0x8000b676 (0x00002f17) auipc   t5, 0x2
core   0: 3 0x8000b676 (0x00002f17) x30 0x8000d676
core   0: 0x8000b67a (0x983f2523) sw      gp, -1654(t5)
core   0: 3 0x8000b67a (0x983f2523) mem 0x8000d000 0x00000001
core   0: 0x8000b67e (0x0000bfe5) c.j     pc - 8
core   0: 3 0x8000b67e (0xbfe5)
core   0: 0x8000b676 (0x00002f17) auipc   t5, 0x2
core   0: 3 0x8000b676 (0x00002f17) x30 0x8000d676
core   0: 0x8000b67a (0x983f2523) sw      gp, -1654(t5)
core   0: 3 0x8000b67a (0x983f2523) mem 0x8000d000 0x00000001
core   0: 0x8000b67e (0x0000bfe5) c.j     pc - 8
core   0: 3 0x8000b67e (0xbfe5)
core   0: 0x8000b676 (0x00002f17) auipc   t5, 0x2
core   0: 3 0x8000b676 (0x00002f17) x30 0x8000d676
core   0: 0x8000b67a (0x983f2523) sw      gp, -1654(t5)
core   0: 3 0x8000b67a (0x983f2523) mem 0x8000d000 0x00000001
core   0: 0x8000b67e (0x0000bfe5) c.j     pc - 8
core   0: 3 0x8000b67e (0xbfe5)
core   0: 0x8000b676 (0x00002f17) auipc   t5, 0x2
core   0: 3 0x8000b676 (0x00002f17) x30 0x8000d676
core   0: 0x8000b67a (0x983f2523) sw      gp, -1654(t5)
core   0: 3 0x8000b67a (0x983f2523) mem 0x8000d000 0x00000001
core   0: 0x8000b67e (0x0000bfe5) c.j     pc - 8
core   0: 3 0x8000b67e (0xbfe5)
core   0: 0x8000b676 (0x00002f17) auipc   t5, 0x2
core   0: 3 0x8000b676 (0x00002f17) x30 0x8000d676
core   0: 0x8000b67a (0x983f2523) sw      gp, -1654(t5)
core   0: 3 0x8000b67a (0x983f2523) mem 0x8000d000 0x00000001
core   0: 0x8000b67e (0x0000bfe5) c.j     pc - 8
core   0: 3 0x8000b67e (0xbfe5)
core   0: 0x8000b676 (0x00002f17) auipc   t5, 0x2
core   0: 3 0x8000b676 (0x00002f17) x30 0x8000d676
core   0: 0x8000b67a (0x983f2523) sw      gp, -1654(t5)
core   0: 3 0x8000b67a (0x983f2523) mem 0x8000d000 0x00000001
core   0: 0x8000b67e (0x0000bfe5) c.j     pc - 8
core   0: 3 0x8000b67e (0xbfe5)
core   0: 0x8000b676 (0x00002f17) auipc   t5, 0x2
core   0: 3 0x8000b676 (0x00002f17) x30 0x8000d676
core   0: 0x8000b67a (0x983f2523) sw      gp, -1654(t5)
core   0: 3 0x8000b67a (0x983f2523) mem 0x8000d000 0x00000001
core   0: 0x8000b67e (0x0000bfe5) c.j     pc - 8
core   0: 3 0x8000b67e (0xbfe5)
core   0: 0x8000b676 (0x00002f17) auipc   t5, 0x2
core   0: 3 0x8000b676 (0x00002f17) x30 0x8000d676
core   0: 0x8000b67a (0x983f2523) sw      gp, -1654(t5)
core   0: 3 0x8000b67a (0x983f2523) mem 0x8000d000 0x00000001
core   0: 0x8000b67e (0x0000bfe5) c.j     pc - 8
core   0: 3 0x8000b67e (0xbfe5)
core   0: 0x8000b676 (0x00002f17) auipc   t5, 0x2
core   0: 3 0x8000b676 (0x00002f17) x30 0x8000d676
core   0: 0x8000b67a (0x983f2523) sw      gp, -1654(t5)
core   0: 3 0x8000b67a (0x983f2523) mem 0x8000d000 0x00000001
core   0: 0x8000b67e (0x0000bfe5) c.j     pc - 8
core   0: 3 0x8000b67e (0xbfe5)
core   0: 0x8000b676 (0x00002f17) auipc   t5, 0x2
core   0: 3 0x8000b676 (0x00002f17) x30 0x8000d676
core   0: 0x8000b67a (0x983f2523) sw      gp, -1654(t5)
core   0: 3 0x8000b67a (0x983f2523) mem 0x8000d000 0x00000001
core   0: 0x8000b67e (0x0000bfe5) c.j     pc - 8
core   0: 3 0x8000b67e (0xbfe5)
core   0: 0x8000b676 (0x00002f17) auipc   t5, 0x2
core   0: 3 0x8000b676 (0x00002f17) x30 0x8000d676
core   0: 0x8000b67a (0x983f2523) sw      gp, -1654(t5)
core   0: 3 0x8000b67a (0x983f2523) mem 0x8000d000 0x00000001
core   0: 0x8000b67e (0x0000bfe5) c.j     pc - 8
core   0: 3 0x8000b67e (0xbfe5)
core   0: 0x8000b676 (0x00002f17) auipc   t5, 0x2
core   0: 3 0x8000b676 (0x00002f17) x30 0x8000d676
core   0: 0x8000b67a (0x983f2523) sw      gp, -1654(t5)
core   0: 3 0x8000b67a (0x983f2523) mem 0x8000d000 0x00000001
core   0: 0x8000b67e (0x0000bfe5) c.j     pc - 8
core   0: 3 0x8000b67e (0xbfe5)
core   0: 0x8000b676 (0x00002f17) auipc   t5, 0x2
core   0: 3 0x8000b676 (0x00002f17) x30 0x8000d676
core   0: 0x8000b67a (0x983f2523) sw      gp, -1654(t5)
core   0: 3 0x8000b67a (0x983f2523) mem 0x8000d000 0x00000001
core   0: 0x8000b67e (0x0000bfe5) c.j     pc - 8
core   0: 3 0x8000b67e (0xbfe5)
core   0: 0x8000b676 (0x00002f17) auipc   t5, 0x2
core   0: 3 0x8000b676 (0x00002f17) x30 0x8000d676
core   0: 0x8000b67a (0x983f2523) sw      gp, -1654(t5)
core   0: 3 0x8000b67a (0x983f2523) mem 0x8000d000 0x00000001
core   0: 0x8000b67e (0x0000bfe5) c.j     pc - 8
core   0: 3 0x8000b67e (0xbfe5)
core   0: 0x8000b676 (0x00002f17) auipc   t5, 0x2
core   0: 3 0x8000b676 (0x00002f17) x30 0x8000d676
core   0: 0x8000b67a (0x983f2523) sw      gp, -1654(t5)
core   0: 3 0x8000b67a (0x983f2523) mem 0x8000d000 0x00000001
core   0: 0x8000b67e (0x0000bfe5) c.j     pc - 8
core   0: 3 0x8000b67e (0xbfe5)
core   0: 0x8000b676 (0x00002f17) auipc   t5, 0x2
core   0: 3 0x8000b676 (0x00002f17) x30 0x8000d676
core   0: 0x8000b67a (0x983f2523) sw      gp, -1654(t5)
core   0: 3 0x8000b67a (0x983f2523) mem 0x8000d000 0x00000001
core   0: 0x8000b67e (0x0000bfe5) c.j     pc - 8
core   0: 3 0x8000b67e (0xbfe5)
core   0: 0x8000b676 (0x00002f17) auipc   t5, 0x2
core   0: 3 0x8000b676 (0x00002f17) x30 0x8000d676
core   0: 0x8000b67a (0x983f2523) sw      gp, -1654(t5)
core   0: 3 0x8000b67a (0x983f2523) mem 0x8000d000 0x00000001
core   0: 0x8000b67e (0x0000bfe5) c.j     pc - 8
core   0: 3 0x8000b67e (0xbfe5)
core   0: 0x8000b676 (0x00002f17) auipc   t5, 0x2
core   0: 3 0x8000b676 (0x00002f17) x30 0x8000d676
core   0: 0x8000b67a (0x983f2523) sw      gp, -1654(t5)
core   0: 3 0x8000b67a (0x983f2523) mem 0x8000d000 0x00000001
core   0: 0x8000b67e (0x0000bfe5) c.j     pc - 8
core   0: 3 0x8000b67e (0xbfe5)
core   0: 0x8000b676 (0x00002f17) auipc   t5, 0x2
core   0: 3 0x8000b676 (0x00002f17) x30 0x8000d676
core   0: 0x8000b67a (0x983f2523) sw      gp, -1654(t5)
core   0: 3 0x8000b67a (0x983f2523) mem 0x8000d000 0x00000001
core   0: 0x8000b67e (0x0000bfe5) c.j     pc - 8
core   0: 3 0x8000b67e (0xbfe5)
core   0: 0x8000b676 (0x00002f17) auipc   t5, 0x2
core   0: 3 0x8000b676 (0x00002f17) x30 0x8000d676
core   0: 0x8000b67a (0x983f2523) sw      gp, -1654(t5)
core   0: 3 0x8000b67a (0x983f2523) mem 0x8000d000 0x00000001
core   0: 0x8000b67e (0x0000bfe5) c.j     pc - 8
core   0: 3 0x8000b67e (0xbfe5)
core   0: 0x8000b676 (0x00002f17) auipc   t5, 0x2
core   0: 3 0x8000b676 (0x00002f17) x30 0x8000d676
core   0: 0x8000b67a (0x983f2523) sw      gp, -1654(t5)
core   0: 3 0x8000b67a (0x983f2523) mem 0x8000d000 0x00000001
core   0: 0x8000b67e (0x0000bfe5) c.j     pc - 8
core   0: 3 0x8000b67e (0xbfe5)
core   0: 0x8000b676 (0x00002f17) auipc   t5, 0x2
core   0: 3 0x8000b676 (0x00002f17) x30 0x8000d676
core   0: 0x8000b67a (0x983f2523) sw      gp, -1654(t5)
core   0: 3 0x8000b67a (0x983f2523) mem 0x8000d000 0x00000001
core   0: 0x8000b67e (0x0000bfe5) c.j     pc - 8
core   0: 3 0x8000b67e (0xbfe5)
core   0: 0x8000b676 (0x00002f17) auipc   t5, 0x2
core   0: 3 0x8000b676 (0x00002f17) x30 0x8000d676
core   0: 0x8000b67a (0x983f2523) sw      gp, -1654(t5)
core   0: 3 0x8000b67a (0x983f2523) mem 0x8000d000 0x00000001
core   0: 0x8000b67e (0x0000bfe5) c.j     pc - 8
core   0: 3 0x8000b67e (0xbfe5)
core   0: 0x8000b676 (0x00002f17) auipc   t5, 0x2
core   0: 3 0x8000b676 (0x00002f17) x30 0x8000d676
core   0: 0x8000b67a (0x983f2523) sw      gp, -1654(t5)
core   0: 3 0x8000b67a (0x983f2523) mem 0x8000d000 0x00000001
core   0: 0x8000b67e (0x0000bfe5) c.j     pc - 8
core   0: 3 0x8000b67e (0xbfe5)
core   0: 0x8000b676 (0x00002f17) auipc   t5, 0x2
core   0: 3 0x8000b676 (0x00002f17) x30 0x8000d676
core   0: 0x8000b67a (0x983f2523) sw      gp, -1654(t5)
core   0: 3 0x8000b67a (0x983f2523) mem 0x8000d000 0x00000001
core   0: 0x8000b67e (0x0000bfe5) c.j     pc - 8
core   0: 3 0x8000b67e (0xbfe5)
core   0: 0x8000b676 (0x00002f17) auipc   t5, 0x2
core   0: 3 0x8000b676 (0x00002f17) x30 0x8000d676
core   0: 0x8000b67a (0x983f2523) sw      gp, -1654(t5)
core   0: 3 0x8000b67a (0x983f2523) mem 0x8000d000 0x00000001
core   0: 0x8000b67e (0x0000bfe5) c.j     pc - 8
core   0: 3 0x8000b67e (0xbfe5)
core   0: 0x8000b676 (0x00002f17) auipc   t5, 0x2
core   0: 3 0x8000b676 (0x00002f17) x30 0x8000d676
core   0: 0x8000b67a (0x983f2523) sw      gp, -1654(t5)
core   0: 3 0x8000b67a (0x983f2523) mem 0x8000d000 0x00000001
core   0: 0x8000b67e (0x0000bfe5) c.j     pc - 8
core   0: 3 0x8000b67e (0xbfe5)
core   0: 0x8000b676 (0x00002f17) auipc   t5, 0x2
core   0: 3 0x8000b676 (0x00002f17) x30 0x8000d676
core   0: 0x8000b67a (0x983f2523) sw      gp, -1654(t5)
core   0: 3 0x8000b67a (0x983f2523) mem 0x8000d000 0x00000001
core   0: 0x8000b67e (0x0000bfe5) c.j     pc - 8
core   0: 3 0x8000b67e (0xbfe5)
core   0: 0x8000b676 (0x00002f17) auipc   t5, 0x2
core   0: 3 0x8000b676 (0x00002f17) x30 0x8000d676
core   0: 0x8000b67a (0x983f2523) sw      gp, -1654(t5)
core   0: 3 0x8000b67a (0x983f2523) mem 0x8000d000 0x00000001
core   0: 0x8000b67e (0x0000bfe5) c.j     pc - 8
core   0: 3 0x8000b67e (0xbfe5)
core   0: 0x8000b676 (0x00002f17) auipc   t5, 0x2
core   0: 3 0x8000b676 (0x00002f17) x30 0x8000d676
core   0: 0x8000b67a (0x983f2523) sw      gp, -1654(t5)
core   0: 3 0x8000b67a (0x983f2523) mem 0x8000d000 0x00000001
core   0: 0x8000b67e (0x0000bfe5) c.j     pc - 8
core   0: 3 0x8000b67e (0xbfe5)
core   0: 0x8000b676 (0x00002f17) auipc   t5, 0x2
core   0: 3 0x8000b676 (0x00002f17) x30 0x8000d676
core   0: 0x8000b67a (0x983f2523) sw      gp, -1654(t5)
core   0: 3 0x8000b67a (0x983f2523) mem 0x8000d000 0x00000001
core   0: 0x8000b67e (0x0000bfe5) c.j     pc - 8
core   0: 3 0x8000b67e (0xbfe5)
core   0: 0x8000b676 (0x00002f17) auipc   t5, 0x2
core   0: 3 0x8000b676 (0x00002f17) x30 0x8000d676
core   0: 0x8000b67a (0x983f2523) sw      gp, -1654(t5)
core   0: 3 0x8000b67a (0x983f2523) mem 0x8000d000 0x00000001
core   0: 0x8000b67e (0x0000bfe5) c.j     pc - 8
core   0: 3 0x8000b67e (0xbfe5)
core   0: 0x8000b676 (0x00002f17) auipc   t5, 0x2
core   0: 3 0x8000b676 (0x00002f17) x30 0x8000d676
core   0: 0x8000b67a (0x983f2523) sw      gp, -1654(t5)
core   0: 3 0x8000b67a (0x983f2523) mem 0x8000d000 0x00000001
core   0: 0x8000b67e (0x0000bfe5) c.j     pc - 8
core   0: 3 0x8000b67e (0xbfe5)
core   0: 0x8000b676 (0x00002f17) auipc   t5, 0x2
core   0: 3 0x8000b676 (0x00002f17) x30 0x8000d676
core   0: 0x8000b67a (0x983f2523) sw      gp, -1654(t5)
core   0: 3 0x8000b67a (0x983f2523) mem 0x8000d000 0x00000001
core   0: 0x8000b67e (0x0000bfe5) c.j     pc - 8
core   0: 3 0x8000b67e (0xbfe5)
core   0: 0x8000b676 (0x00002f17) auipc   t5, 0x2
core   0: 3 0x8000b676 (0x00002f17) x30 0x8000d676
core   0: 0x8000b67a (0x983f2523) sw      gp, -1654(t5)
core   0: 3 0x8000b67a (0x983f2523) mem 0x8000d000 0x00000001
core   0: 0x8000b67e (0x0000bfe5) c.j     pc - 8
core   0: 3 0x8000b67e (0xbfe5)
core   0: 0x8000b676 (0x00002f17) auipc   t5, 0x2
core   0: 3 0x8000b676 (0x00002f17) x30 0x8000d676
core   0: 0x8000b67a (0x983f2523) sw      gp, -1654(t5)
core   0: 3 0x8000b67a (0x983f2523) mem 0x8000d000 0x00000001
core   0: 0x8000b67e (0x0000bfe5) c.j     pc - 8
core   0: 3 0x8000b67e (0xbfe5)
core   0: 0x8000b676 (0x00002f17) auipc   t5, 0x2
core   0: 3 0x8000b676 (0x00002f17) x30 0x8000d676
core   0: 0x8000b67a (0x983f2523) sw      gp, -1654(t5)
core   0: 3 0x8000b67a (0x983f2523) mem 0x8000d000 0x00000001
core   0: 0x8000b67e (0x0000bfe5) c.j     pc - 8
core   0: 3 0x8000b67e (0xbfe5)
core   0: 0x8000b676 (0x00002f17) auipc   t5, 0x2
core   0: 3 0x8000b676 (0x00002f17) x30 0x8000d676
core   0: 0x8000b67a (0x983f2523) sw      gp, -1654(t5)
core   0: 3 0x8000b67a (0x983f2523) mem 0x8000d000 0x00000001
core   0: 0x8000b67e (0x0000bfe5) c.j     pc - 8
core   0: 3 0x8000b67e (0xbfe5)
core   0: 0x8000b676 (0x00002f17) auipc   t5, 0x2
core   0: 3 0x8000b676 (0x00002f17) x30 0x8000d676
core   0: 0x8000b67a (0x983f2523) sw      gp, -1654(t5)
core   0: 3 0x8000b67a (0x983f2523) mem 0x8000d000 0x00000001
core   0: 0x8000b67e (0x0000bfe5) c.j     pc - 8
core   0: 3 0x8000b67e (0xbfe5)
core   0: 0x8000b676 (0x00002f17) auipc   t5, 0x2
core   0: 3 0x8000b676 (0x00002f17) x30 0x8000d676
core   0: 0x8000b67a (0x983f2523) sw      gp, -1654(t5)
core   0: 3 0x8000b67a (0x983f2523) mem 0x8000d000 0x00000001
core   0: 0x8000b67e (0x0000bfe5) c.j     pc - 8
core   0: 3 0x8000b67e (0xbfe5)
core   0: 0x8000b676 (0x00002f17) auipc   t5, 0x2
core   0: 3 0x8000b676 (0x00002f17) x30 0x8000d676
core   0: 0x8000b67a (0x983f2523) sw      gp, -1654(t5)
core   0: 3 0x8000b67a (0x983f2523) mem 0x8000d000 0x00000001
core   0: 0x8000b67e (0x0000bfe5) c.j     pc - 8
core   0: 3 0x8000b67e (0xbfe5)
core   0: 0x8000b676 (0x00002f17) auipc   t5, 0x2
core   0: 3 0x8000b676 (0x00002f17) x30 0x8000d676
core   0: 0x8000b67a (0x983f2523) sw      gp, -1654(t5)
core   0: 3 0x8000b67a (0x983f2523) mem 0x8000d000 0x00000001
core   0: 0x8000b67e (0x0000bfe5) c.j     pc - 8
core   0: 3 0x8000b67e (0xbfe5)
core   0: 0x8000b676 (0x00002f17) auipc   t5, 0x2
core   0: 3 0x8000b676 (0x00002f17) x30 0x8000d676
core   0: 0x8000b67a (0x983f2523) sw      gp, -1654(t5)
core   0: 3 0x8000b67a (0x983f2523) mem 0x8000d000 0x00000001
core   0: 0x8000b67e (0x0000bfe5) c.j     pc - 8
core   0: 3 0x8000b67e (0xbfe5)
core   0: 0x8000b676 (0x00002f17) auipc   t5, 0x2
core   0: 3 0x8000b676 (0x00002f17) x30 0x8000d676
core   0: 0x8000b67a (0x983f2523) sw      gp, -1654(t5)
core   0: 3 0x8000b67a (0x983f2523) mem 0x8000d000 0x00000001
core   0: 0x8000b67e (0x0000bfe5) c.j     pc - 8
core   0: 3 0x8000b67e (0xbfe5)
core   0: 0x8000b676 (0x00002f17) auipc   t5, 0x2
core   0: 3 0x8000b676 (0x00002f17) x30 0x8000d676
core   0: 0x8000b67a (0x983f2523) sw      gp, -1654(t5)
core   0: 3 0x8000b67a (0x983f2523) mem 0x8000d000 0x00000001
core   0: 0x8000b67e (0x0000bfe5) c.j     pc - 8
core   0: 3 0x8000b67e (0xbfe5)
core   0: 0x8000b676 (0x00002f17) auipc   t5, 0x2
core   0: 3 0x8000b676 (0x00002f17) x30 0x8000d676
core   0: 0x8000b67a (0x983f2523) sw      gp, -1654(t5)
core   0: 3 0x8000b67a (0x983f2523) mem 0x8000d000 0x00000001
core   0: 0x8000b67e (0x0000bfe5) c.j     pc - 8
core   0: 3 0x8000b67e (0xbfe5)
core   0: 0x8000b676 (0x00002f17) auipc   t5, 0x2
core   0: 3 0x8000b676 (0x00002f17) x30 0x8000d676
core   0: 0x8000b67a (0x983f2523) sw      gp, -1654(t5)
core   0: 3 0x8000b67a (0x983f2523) mem 0x8000d000 0x00000001
core   0: 0x8000b67e (0x0000bfe5) c.j     pc - 8
core   0: 3 0x8000b67e (0xbfe5)
core   0: 0x8000b676 (0x00002f17) auipc   t5, 0x2
core   0: 3 0x8000b676 (0x00002f17) x30 0x8000d676
core   0: 0x8000b67a (0x983f2523) sw      gp, -1654(t5)
core   0: 3 0x8000b67a (0x983f2523) mem 0x8000d000 0x00000001
core   0: 0x8000b67e (0x0000bfe5) c.j     pc - 8
core   0: 3 0x8000b67e (0xbfe5)
core   0: 0x8000b676 (0x00002f17) auipc   t5, 0x2
core   0: 3 0x8000b676 (0x00002f17) x30 0x8000d676
core   0: 0x8000b67a (0x983f2523) sw      gp, -1654(t5)
core   0: 3 0x8000b67a (0x983f2523) mem 0x8000d000 0x00000001
core   0: 0x8000b67e (0x0000bfe5) c.j     pc - 8
core   0: 3 0x8000b67e (0xbfe5)
core   0: 0x8000b676 (0x00002f17) auipc   t5, 0x2
core   0: 3 0x8000b676 (0x00002f17) x30 0x8000d676
core   0: 0x8000b67a (0x983f2523) sw      gp, -1654(t5)
core   0: 3 0x8000b67a (0x983f2523) mem 0x8000d000 0x00000001
core   0: 0x8000b67e (0x0000bfe5) c.j     pc - 8
core   0: 3 0x8000b67e (0xbfe5)
core   0: 0x8000b676 (0x00002f17) auipc   t5, 0x2
core   0: 3 0x8000b676 (0x00002f17) x30 0x8000d676
core   0: 0x8000b67a (0x983f2523) sw      gp, -1654(t5)
core   0: 3 0x8000b67a (0x983f2523) mem 0x8000d000 0x00000001
core   0: 0x8000b67e (0x0000bfe5) c.j     pc - 8
core   0: 3 0x8000b67e (0xbfe5)
core   0: 0x8000b676 (0x00002f17) auipc   t5, 0x2
core   0: 3 0x8000b676 (0x00002f17) x30 0x8000d676
core   0: 0x8000b67a (0x983f2523) sw      gp, -1654(t5)
core   0: 3 0x8000b67a (0x983f2523) mem 0x8000d000 0x00000001
core   0: 0x8000b67e (0x0000bfe5) c.j     pc - 8
core   0: 3 0x8000b67e (0xbfe5)
core   0: 0x8000b676 (0x00002f17) auipc   t5, 0x2
core   0: 3 0x8000b676 (0x00002f17) x30 0x8000d676
core   0: 0x8000b67a (0x983f2523) sw      gp, -1654(t5)
core   0: 3 0x8000b67a (0x983f2523) mem 0x8000d000 0x00000001
core   0: 0x8000b67e (0x0000bfe5) c.j     pc - 8
core   0: 3 0x8000b67e (0xbfe5)
core   0: 0x8000b676 (0x00002f17) auipc   t5, 0x2
core   0: 3 0x8000b676 (0x00002f17) x30 0x8000d676
core   0: 0x8000b67a (0x983f2523) sw      gp, -1654(t5)
core   0: 3 0x8000b67a (0x983f2523) mem 0x8000d000 0x00000001
core   0: 0x8000b67e (0x0000bfe5) c.j     pc - 8
core   0: 3 0x8000b67e (0xbfe5)
core   0: 0x8000b676 (0x00002f17) auipc   t5, 0x2
core   0: 3 0x8000b676 (0x00002f17) x30 0x8000d676
core   0: 0x8000b67a (0x983f2523) sw      gp, -1654(t5)
core   0: 3 0x8000b67a (0x983f2523) mem 0x8000d000 0x00000001
core   0: 0x8000b67e (0x0000bfe5) c.j     pc - 8
core   0: 3 0x8000b67e (0xbfe5)
core   0: 0x8000b676 (0x00002f17) auipc   t5, 0x2
core   0: 3 0x8000b676 (0x00002f17) x30 0x8000d676
core   0: 0x8000b67a (0x983f2523) sw      gp, -1654(t5)
core   0: 3 0x8000b67a (0x983f2523) mem 0x8000d000 0x00000001
core   0: 0x8000b67e (0x0000bfe5) c.j     pc - 8
core   0: 3 0x8000b67e (0xbfe5)
core   0: 0x8000b676 (0x00002f17) auipc   t5, 0x2
core   0: 3 0x8000b676 (0x00002f17) x30 0x8000d676
core   0: 0x8000b67a (0x983f2523) sw      gp, -1654(t5)
core   0: 3 0x8000b67a (0x983f2523) mem 0x8000d000 0x00000001
core   0: 0x8000b67e (0x0000bfe5) c.j     pc - 8
core   0: 3 0x8000b67e (0xbfe5)
core   0: 0x8000b676 (0x00002f17) auipc   t5, 0x2
core   0: 3 0x8000b676 (0x00002f17) x30 0x8000d676
core   0: 0x8000b67a (0x983f2523) sw      gp, -1654(t5)
core   0: 3 0x8000b67a (0x983f2523) mem 0x8000d000 0x00000001
core   0: 0x8000b67e (0x0000bfe5) c.j     pc - 8
core   0: 3 0x8000b67e (0xbfe5)
core   0: 0x8000b676 (0x00002f17) auipc   t5, 0x2
core   0: 3 0x8000b676 (0x00002f17) x30 0x8000d676
core   0: 0x8000b67a (0x983f2523) sw      gp, -1654(t5)
core   0: 3 0x8000b67a (0x983f2523) mem 0x8000d000 0x00000001
core   0: 0x8000b67e (0x0000bfe5) c.j     pc - 8
core   0: 3 0x8000b67e (0xbfe5)
core   0: 0x8000b676 (0x00002f17) auipc   t5, 0x2
core   0: 3 0x8000b676 (0x00002f17) x30 0x8000d676
core   0: 0x8000b67a (0x983f2523) sw      gp, -1654(t5)
core   0: 3 0x8000b67a (0x983f2523) mem 0x8000d000 0x00000001
core   0: 0x8000b67e (0x0000bfe5) c.j     pc - 8
core   0: 3 0x8000b67e (0xbfe5)
core   0: 0x8000b676 (0x00002f17) auipc   t5, 0x2
core   0: 3 0x8000b676 (0x00002f17) x30 0x8000d676
core   0: 0x8000b67a (0x983f2523) sw      gp, -1654(t5)
core   0: 3 0x8000b67a (0x983f2523) mem 0x8000d000 0x00000001
core   0: 0x8000b67e (0x0000bfe5) c.j     pc - 8
core   0: 3 0x8000b67e (0xbfe5)
core   0: 0x8000b676 (0x00002f17) auipc   t5, 0x2
core   0: 3 0x8000b676 (0x00002f17) x30 0x8000d676
core   0: 0x8000b67a (0x983f2523) sw      gp, -1654(t5)
core   0: 3 0x8000b67a (0x983f2523) mem 0x8000d000 0x00000001
core   0: 0x8000b67e (0x0000bfe5) c.j     pc - 8
core   0: 3 0x8000b67e (0xbfe5)
core   0: 0x8000b676 (0x00002f17) auipc   t5, 0x2
core   0: 3 0x8000b676 (0x00002f17) x30 0x8000d676
core   0: 0x8000b67a (0x983f2523) sw      gp, -1654(t5)
core   0: 3 0x8000b67a (0x983f2523) mem 0x8000d000 0x00000001
core   0: 0x8000b67e (0x0000bfe5) c.j     pc - 8
core   0: 3 0x8000b67e (0xbfe5)
core   0: 0x8000b676 (0x00002f17) auipc   t5, 0x2
core   0: 3 0x8000b676 (0x00002f17) x30 0x8000d676
core   0: 0x8000b67a (0x983f2523) sw      gp, -1654(t5)
core   0: 3 0x8000b67a (0x983f2523) mem 0x8000d000 0x00000001
core   0: 0x8000b67e (0x0000bfe5) c.j     pc - 8
core   0: 3 0x8000b67e (0xbfe5)
core   0: 0x8000b676 (0x00002f17) auipc   t5, 0x2
core   0: 3 0x8000b676 (0x00002f17) x30 0x8000d676
core   0: 0x8000b67a (0x983f2523) sw      gp, -1654(t5)
core   0: 3 0x8000b67a (0x983f2523) mem 0x8000d000 0x00000001
core   0: 0x8000b67e (0x0000bfe5) c.j     pc - 8
core   0: 3 0x8000b67e (0xbfe5)
core   0: 0x8000b676 (0x00002f17) auipc   t5, 0x2
core   0: 3 0x8000b676 (0x00002f17) x30 0x8000d676
core   0: 0x8000b67a (0x983f2523) sw      gp, -1654(t5)
core   0: 3 0x8000b67a (0x983f2523) mem 0x8000d000 0x00000001
core   0: 0x8000b67e (0x0000bfe5) c.j     pc - 8
core   0: 3 0x8000b67e (0xbfe5)
core   0: 0x8000b676 (0x00002f17) auipc   t5, 0x2
core   0: 3 0x8000b676 (0x00002f17) x30 0x8000d676
core   0: 0x8000b67a (0x983f2523) sw      gp, -1654(t5)
core   0: 3 0x8000b67a (0x983f2523) mem 0x8000d000 0x00000001
core   0: 0x8000b67e (0x0000bfe5) c.j     pc - 8
core   0: 3 0x8000b67e (0xbfe5)
core   0: 0x8000b676 (0x00002f17) auipc   t5, 0x2
core   0: 3 0x8000b676 (0x00002f17) x30 0x8000d676
core   0: 0x8000b67a (0x983f2523) sw      gp, -1654(t5)
core   0: 3 0x8000b67a (0x983f2523) mem 0x8000d000 0x00000001
core   0: 0x8000b67e (0x0000bfe5) c.j     pc - 8
core   0: 3 0x8000b67e (0xbfe5)
core   0: 0x8000b676 (0x00002f17) auipc   t5, 0x2
core   0: 3 0x8000b676 (0x00002f17) x30 0x8000d676
core   0: 0x8000b67a (0x983f2523) sw      gp, -1654(t5)
core   0: 3 0x8000b67a (0x983f2523) mem 0x8000d000 0x00000001
core   0: 0x8000b67e (0x0000bfe5) c.j     pc - 8
core   0: 3 0x8000b67e (0xbfe5)
core   0: 0x8000b676 (0x00002f17) auipc   t5, 0x2
core   0: 3 0x8000b676 (0x00002f17) x30 0x8000d676
core   0: 0x8000b67a (0x983f2523) sw      gp, -1654(t5)
core   0: 3 0x8000b67a (0x983f2523) mem 0x8000d000 0x00000001
core   0: 0x8000b67e (0x0000bfe5) c.j     pc - 8
core   0: 3 0x8000b67e (0xbfe5)
core   0: 0x8000b676 (0x00002f17) auipc   t5, 0x2
core   0: 3 0x8000b676 (0x00002f17) x30 0x8000d676
core   0: 0x8000b67a (0x983f2523) sw      gp, -1654(t5)
core   0: 3 0x8000b67a (0x983f2523) mem 0x8000d000 0x00000001
core   0: 0x8000b67e (0x0000bfe5) c.j     pc - 8
core   0: 3 0x8000b67e (0xbfe5)
core   0: 0x8000b676 (0x00002f17) auipc   t5, 0x2
core   0: 3 0x8000b676 (0x00002f17) x30 0x8000d676
core   0: 0x8000b67a (0x983f2523) sw      gp, -1654(t5)
core   0: 3 0x8000b67a (0x983f2523) mem 0x8000d000 0x00000001
core   0: 0x8000b67e (0x0000bfe5) c.j     pc - 8
core   0: 3 0x8000b67e (0xbfe5)
core   0: 0x8000b676 (0x00002f17) auipc   t5, 0x2
core   0: 3 0x8000b676 (0x00002f17) x30 0x8000d676
core   0: 0x8000b67a (0x983f2523) sw      gp, -1654(t5)
core   0: 3 0x8000b67a (0x983f2523) mem 0x8000d000 0x00000001
core   0: 0x8000b67e (0x0000bfe5) c.j     pc - 8
core   0: 3 0x8000b67e (0xbfe5)
core   0: 0x8000b676 (0x00002f17) auipc   t5, 0x2
core   0: 3 0x8000b676 (0x00002f17) x30 0x8000d676
core   0: 0x8000b67a (0x983f2523) sw      gp, -1654(t5)
core   0: 3 0x8000b67a (0x983f2523) mem 0x8000d000 0x00000001
core   0: 0x8000b67e (0x0000bfe5) c.j     pc - 8
core   0: 3 0x8000b67e (0xbfe5)
core   0: 0x8000b676 (0x00002f17) auipc   t5, 0x2
core   0: 3 0x8000b676 (0x00002f17) x30 0x8000d676
core   0: 0x8000b67a (0x983f2523) sw      gp, -1654(t5)
core   0: 3 0x8000b67a (0x983f2523) mem 0x8000d000 0x00000001
core   0: 0x8000b67e (0x0000bfe5) c.j     pc - 8
core   0: 3 0x8000b67e (0xbfe5)
core   0: 0x8000b676 (0x00002f17) auipc   t5, 0x2
core   0: 3 0x8000b676 (0x00002f17) x30 0x8000d676
core   0: 0x8000b67a (0x983f2523) sw      gp, -1654(t5)
core   0: 3 0x8000b67a (0x983f2523) mem 0x8000d000 0x00000001
core   0: 0x8000b67e (0x0000bfe5) c.j     pc - 8
core   0: 3 0x8000b67e (0xbfe5)
core   0: 0x8000b676 (0x00002f17) auipc   t5, 0x2
core   0: 3 0x8000b676 (0x00002f17) x30 0x8000d676
core   0: 0x8000b67a (0x983f2523) sw      gp, -1654(t5)
core   0: 3 0x8000b67a (0x983f2523) mem 0x8000d000 0x00000001
core   0: 0x8000b67e (0x0000bfe5) c.j     pc - 8
core   0: 3 0x8000b67e (0xbfe5)
core   0: 0x8000b676 (0x00002f17) auipc   t5, 0x2
core   0: 3 0x8000b676 (0x00002f17) x30 0x8000d676
core   0: 0x8000b67a (0x983f2523) sw      gp, -1654(t5)
core   0: 3 0x8000b67a (0x983f2523) mem 0x8000d000 0x00000001
core   0: 0x8000b67e (0x0000bfe5) c.j     pc - 8
core   0: 3 0x8000b67e (0xbfe5)
core   0: 0x8000b676 (0x00002f17) auipc   t5, 0x2
core   0: 3 0x8000b676 (0x00002f17) x30 0x8000d676
core   0: 0x8000b67a (0x983f2523) sw      gp, -1654(t5)
core   0: 3 0x8000b67a (0x983f2523) mem 0x8000d000 0x00000001
core   0: 0x8000b67e (0x0000bfe5) c.j     pc - 8
core   0: 3 0x8000b67e (0xbfe5)
core   0: 0x8000b676 (0x00002f17) auipc   t5, 0x2
core   0: 3 0x8000b676 (0x00002f17) x30 0x8000d676
core   0: 0x8000b67a (0x983f2523) sw      gp, -1654(t5)
core   0: 3 0x8000b67a (0x983f2523) mem 0x8000d000 0x00000001
core   0: 0x8000b67e (0x0000bfe5) c.j     pc - 8
core   0: 3 0x8000b67e (0xbfe5)
core   0: 0x8000b676 (0x00002f17) auipc   t5, 0x2
core   0: 3 0x8000b676 (0x00002f17) x30 0x8000d676
core   0: 0x8000b67a (0x983f2523) sw      gp, -1654(t5)
core   0: 3 0x8000b67a (0x983f2523) mem 0x8000d000 0x00000001
core   0: 0x8000b67e (0x0000bfe5) c.j     pc - 8
core   0: 3 0x8000b67e (0xbfe5)
core   0: 0x8000b676 (0x00002f17) auipc   t5, 0x2
core   0: 3 0x8000b676 (0x00002f17) x30 0x8000d676
core   0: 0x8000b67a (0x983f2523) sw      gp, -1654(t5)
core   0: 3 0x8000b67a (0x983f2523) mem 0x8000d000 0x00000001
core   0: 0x8000b67e (0x0000bfe5) c.j     pc - 8
core   0: 3 0x8000b67e (0xbfe5)
core   0: 0x8000b676 (0x00002f17) auipc   t5, 0x2
core   0: 3 0x8000b676 (0x00002f17) x30 0x8000d676
core   0: 0x8000b67a (0x983f2523) sw      gp, -1654(t5)
core   0: 3 0x8000b67a (0x983f2523) mem 0x8000d000 0x00000001
core   0: 0x8000b67e (0x0000bfe5) c.j     pc - 8
core   0: 3 0x8000b67e (0xbfe5)
core   0: 0x8000b676 (0x00002f17) auipc   t5, 0x2
core   0: 3 0x8000b676 (0x00002f17) x30 0x8000d676
core   0: 0x8000b67a (0x983f2523) sw      gp, -1654(t5)
core   0: 3 0x8000b67a (0x983f2523) mem 0x8000d000 0x00000001
core   0: 0x8000b67e (0x0000bfe5) c.j     pc - 8
core   0: 3 0x8000b67e (0xbfe5)
core   0: 0x8000b676 (0x00002f17) auipc   t5, 0x2
core   0: 3 0x8000b676 (0x00002f17) x30 0x8000d676
core   0: 0x8000b67a (0x983f2523) sw      gp, -1654(t5)
core   0: 3 0x8000b67a (0x983f2523) mem 0x8000d000 0x00000001
core   0: 0x8000b67e (0x0000bfe5) c.j     pc - 8
core   0: 3 0x8000b67e (0xbfe5)
core   0: 0x8000b676 (0x00002f17) auipc   t5, 0x2
core   0: 3 0x8000b676 (0x00002f17) x30 0x8000d676
core   0: 0x8000b67a (0x983f2523) sw      gp, -1654(t5)
core   0: 3 0x8000b67a (0x983f2523) mem 0x8000d000 0x00000001
core   0: 0x8000b67e (0x0000bfe5) c.j     pc - 8
core   0: 3 0x8000b67e (0xbfe5)
core   0: 0x8000b676 (0x00002f17) auipc   t5, 0x2
core   0: 3 0x8000b676 (0x00002f17) x30 0x8000d676
core   0: 0x8000b67a (0x983f2523) sw      gp, -1654(t5)
core   0: 3 0x8000b67a (0x983f2523) mem 0x8000d000 0x00000001
core   0: 0x8000b67e (0x0000bfe5) c.j     pc - 8
core   0: 3 0x8000b67e (0xbfe5)
core   0: 0x8000b676 (0x00002f17) auipc   t5, 0x2
core   0: 3 0x8000b676 (0x00002f17) x30 0x8000d676
core   0: 0x8000b67a (0x983f2523) sw      gp, -1654(t5)
core   0: 3 0x8000b67a (0x983f2523) mem 0x8000d000 0x00000001
core   0: 0x8000b67e (0x0000bfe5) c.j     pc - 8
core   0: 3 0x8000b67e (0xbfe5)
core   0: 0x8000b676 (0x00002f17) auipc   t5, 0x2
core   0: 3 0x8000b676 (0x00002f17) x30 0x8000d676
core   0: 0x8000b67a (0x983f2523) sw      gp, -1654(t5)
core   0: 3 0x8000b67a (0x983f2523) mem 0x8000d000 0x00000001
core   0: 0x8000b67e (0x0000bfe5) c.j     pc - 8
core   0: 3 0x8000b67e (0xbfe5)
core   0: 0x8000b676 (0x00002f17) auipc   t5, 0x2
core   0: 3 0x8000b676 (0x00002f17) x30 0x8000d676
core   0: 0x8000b67a (0x983f2523) sw      gp, -1654(t5)
core   0: 3 0x8000b67a (0x983f2523) mem 0x8000d000 0x00000001
core   0: 0x8000b67e (0x0000bfe5) c.j     pc - 8
core   0: 3 0x8000b67e (0xbfe5)
core   0: 0x8000b676 (0x00002f17) auipc   t5, 0x2
core   0: 3 0x8000b676 (0x00002f17) x30 0x8000d676
core   0: 0x8000b67a (0x983f2523) sw      gp, -1654(t5)
core   0: 3 0x8000b67a (0x983f2523) mem 0x8000d000 0x00000001
core   0: 0x8000b67e (0x0000bfe5) c.j     pc - 8
core   0: 3 0x8000b67e (0xbfe5)
core   0: 0x8000b676 (0x00002f17) auipc   t5, 0x2
core   0: 3 0x8000b676 (0x00002f17) x30 0x8000d676
core   0: 0x8000b67a (0x983f2523) sw      gp, -1654(t5)
core   0: 3 0x8000b67a (0x983f2523) mem 0x8000d000 0x00000001
core   0: 0x8000b67e (0x0000bfe5) c.j     pc - 8
core   0: 3 0x8000b67e (0xbfe5)
core   0: 0x8000b676 (0x00002f17) auipc   t5, 0x2
core   0: 3 0x8000b676 (0x00002f17) x30 0x8000d676
core   0: 0x8000b67a (0x983f2523) sw      gp, -1654(t5)
core   0: 3 0x8000b67a (0x983f2523) mem 0x8000d000 0x00000001
core   0: 0x8000b67e (0x0000bfe5) c.j     pc - 8
core   0: 3 0x8000b67e (0xbfe5)
core   0: 0x8000b676 (0x00002f17) auipc   t5, 0x2
core   0: 3 0x8000b676 (0x00002f17) x30 0x8000d676
core   0: 0x8000b67a (0x983f2523) sw      gp, -1654(t5)
core   0: 3 0x8000b67a (0x983f2523) mem 0x8000d000 0x00000001
core   0: 0x8000b67e (0x0000bfe5) c.j     pc - 8
core   0: 3 0x8000b67e (0xbfe5)
core   0: 0x8000b676 (0x00002f17) auipc   t5, 0x2
core   0: 3 0x8000b676 (0x00002f17) x30 0x8000d676
core   0: 0x8000b67a (0x983f2523) sw      gp, -1654(t5)
core   0: 3 0x8000b67a (0x983f2523) mem 0x8000d000 0x00000001
core   0: 0x8000b67e (0x0000bfe5) c.j     pc - 8
core   0: 3 0x8000b67e (0xbfe5)
core   0: 0x8000b676 (0x00002f17) auipc   t5, 0x2
core   0: 3 0x8000b676 (0x00002f17) x30 0x8000d676
core   0: 0x8000b67a (0x983f2523) sw      gp, -1654(t5)
core   0: 3 0x8000b67a (0x983f2523) mem 0x8000d000 0x00000001
core   0: 0x8000b67e (0x0000bfe5) c.j     pc - 8
core   0: 3 0x8000b67e (0xbfe5)
core   0: 0x8000b676 (0x00002f17) auipc   t5, 0x2
core   0: 3 0x8000b676 (0x00002f17) x30 0x8000d676
core   0: 0x8000b67a (0x983f2523) sw      gp, -1654(t5)
core   0: 3 0x8000b67a (0x983f2523) mem 0x8000d000 0x00000001
core   0: 0x8000b67e (0x0000bfe5) c.j     pc - 8
core   0: 3 0x8000b67e (0xbfe5)
core   0: 0x8000b676 (0x00002f17) auipc   t5, 0x2
core   0: 3 0x8000b676 (0x00002f17) x30 0x8000d676
core   0: 0x8000b67a (0x983f2523) sw      gp, -1654(t5)
core   0: 3 0x8000b67a (0x983f2523) mem 0x8000d000 0x00000001
core   0: 0x8000b67e (0x0000bfe5) c.j     pc - 8
core   0: 3 0x8000b67e (0xbfe5)
core   0: 0x8000b676 (0x00002f17) auipc   t5, 0x2
core   0: 3 0x8000b676 (0x00002f17) x30 0x8000d676
core   0: 0x8000b67a (0x983f2523) sw      gp, -1654(t5)
core   0: 3 0x8000b67a (0x983f2523) mem 0x8000d000 0x00000001
core   0: 0x8000b67e (0x0000bfe5) c.j     pc - 8
core   0: 3 0x8000b67e (0xbfe5)
core   0: 0x8000b676 (0x00002f17) auipc   t5, 0x2
core   0: 3 0x8000b676 (0x00002f17) x30 0x8000d676
core   0: 0x8000b67a (0x983f2523) sw      gp, -1654(t5)
core   0: 3 0x8000b67a (0x983f2523) mem 0x8000d000 0x00000001
core   0: 0x8000b67e (0x0000bfe5) c.j     pc - 8
core   0: 3 0x8000b67e (0xbfe5)
core   0: 0x8000b676 (0x00002f17) auipc   t5, 0x2
core   0: 3 0x8000b676 (0x00002f17) x30 0x8000d676
core   0: 0x8000b67a (0x983f2523) sw      gp, -1654(t5)
core   0: 3 0x8000b67a (0x983f2523) mem 0x8000d000 0x00000001
core   0: 0x8000b67e (0x0000bfe5) c.j     pc - 8
core   0: 3 0x8000b67e (0xbfe5)
core   0: 0x8000b676 (0x00002f17) auipc   t5, 0x2
core   0: 3 0x8000b676 (0x00002f17) x30 0x8000d676
core   0: 0x8000b67a (0x983f2523) sw      gp, -1654(t5)
core   0: 3 0x8000b67a (0x983f2523) mem 0x8000d000 0x00000001
core   0: 0x8000b67e (0x0000bfe5) c.j     pc - 8
core   0: 3 0x8000b67e (0xbfe5)
core   0: 0x8000b676 (0x00002f17) auipc   t5, 0x2
core   0: 3 0x8000b676 (0x00002f17) x30 0x8000d676
core   0: 0x8000b67a (0x983f2523) sw      gp, -1654(t5)
core   0: 3 0x8000b67a (0x983f2523) mem 0x8000d000 0x00000001
core   0: 0x8000b67e (0x0000bfe5) c.j     pc - 8
core   0: 3 0x8000b67e (0xbfe5)
core   0: 0x8000b676 (0x00002f17) auipc   t5, 0x2
core   0: 3 0x8000b676 (0x00002f17) x30 0x8000d676
core   0: 0x8000b67a (0x983f2523) sw      gp, -1654(t5)
core   0: 3 0x8000b67a (0x983f2523) mem 0x8000d000 0x00000001
core   0: 0x8000b67e (0x0000bfe5) c.j     pc - 8
core   0: 3 0x8000b67e (0xbfe5)
core   0: 0x8000b676 (0x00002f17) auipc   t5, 0x2
core   0: 3 0x8000b676 (0x00002f17) x30 0x8000d676
core   0: 0x8000b67a (0x983f2523) sw      gp, -1654(t5)
core   0: 3 0x8000b67a (0x983f2523) mem 0x8000d000 0x00000001
core   0: 0x8000b67e (0x0000bfe5) c.j     pc - 8
core   0: 3 0x8000b67e (0xbfe5)
core   0: 0x8000b676 (0x00002f17) auipc   t5, 0x2
core   0: 3 0x8000b676 (0x00002f17) x30 0x8000d676
core   0: 0x8000b67a (0x983f2523) sw      gp, -1654(t5)
core   0: 3 0x8000b67a (0x983f2523) mem 0x8000d000 0x00000001
core   0: 0x8000b67e (0x0000bfe5) c.j     pc - 8
core   0: 3 0x8000b67e (0xbfe5)
core   0: 0x8000b676 (0x00002f17) auipc   t5, 0x2
core   0: 3 0x8000b676 (0x00002f17) x30 0x8000d676
core   0: 0x8000b67a (0x983f2523) sw      gp, -1654(t5)
core   0: 3 0x8000b67a (0x983f2523) mem 0x8000d000 0x00000001
core   0: 0x8000b67e (0x0000bfe5) c.j     pc - 8
core   0: 3 0x8000b67e (0xbfe5)
core   0: 0x8000b676 (0x00002f17) auipc   t5, 0x2
core   0: 3 0x8000b676 (0x00002f17) x30 0x8000d676
core   0: 0x8000b67a (0x983f2523) sw      gp, -1654(t5)
core   0: 3 0x8000b67a (0x983f2523) mem 0x8000d000 0x00000001
core   0: 0x8000b67e (0x0000bfe5) c.j     pc - 8
core   0: 3 0x8000b67e (0xbfe5)
core   0: 0x8000b676 (0x00002f17) auipc   t5, 0x2
core   0: 3 0x8000b676 (0x00002f17) x30 0x8000d676
core   0: 0x8000b67a (0x983f2523) sw      gp, -1654(t5)
core   0: 3 0x8000b67a (0x983f2523) mem 0x8000d000 0x00000001
