core   0: 0x00001000 (0x00000297) auipc   t0, 0x0
core   0: 3 0x00001000 (0x00000297) x 5 0x00001000
core   0: 0x00001004 (0x02028593) addi    a1, t0, 32
core   0: 3 0x00001004 (0x02028593) x11 0x00001020
core   0: 0x00001008 (0xf1402573) csrr    a0, mhartid
core   0: 3 0x00001008 (0xf1402573) x10 0x00000000
core   0: 0x0000100c (0x0182a283) lw      t0, 24(t0)
core   0: 3 0x0000100c (0x0182a283) x 5 0x80000000 mem 0x00001018
core   0: 0x00001010 (0x00028067) jr      t0
core   0: 3 0x00001010 (0x00028067)
core   0: 0x80000000 (0xf14022f3) csrr    t0, mhartid
core   0: 3 0x80000000 (0xf14022f3) x 5 0x00000000
core   0: 0x80000004 (0x00004301) c.li    t1, 0
core   0: 3 0x80000004 (0x4301) x 6 0x00000000
core   0: 0x80000006 (0x00628263) beq     t0, t1, pc + 4
core   0: 3 0x80000006 (0x00628263)
core   0: 0x8000000a (0x00000517) auipc   a0, 0x0
core   0: 3 0x8000000a (0x00000517) x10 0x8000000a
core   0: 0x8000000e (0x00c50513) addi    a0, a0, 12
core   0: 3 0x8000000e (0x00c50513) x10 0x80000016
core   0: 0x80000012 (0x00050067) jr      a0
core   0: 3 0x80000012 (0x00050067)
core   0: 0x80000016 (0x40001fb7) lui     t6, 0x40001
core   0: 3 0x80000016 (0x40001fb7) x31 0x40001000
core   0: 0x8000001a (0x104f8f93) addi    t6, t6, 260
core   0: 3 0x8000001a (0x104f8f93) x31 0x40001104
core   0: 0x8000001e (0x301f9073) csrw    misa, t6
core   0: 3 0x8000001e (0x301f9073) c769_misa 0x40141104
core   0: 0x80000022 (0x0002d917) auipc   s2, 0x2d
core   0: 3 0x80000022 (0x0002d917) x18 0x8002d022
core   0: 0x80000026 (0xcc290913) addi    s2, s2, -830
core   0: 3 0x80000026 (0xcc290913) x18 0x8002cce4
core   0: 0x8000002a (0x00012f97) auipc   t6, 0x12
core   0: 3 0x8000002a (0x00012f97) x31 0x8001202a
core   0: 0x8000002e (0x5f6f8f93) addi    t6, t6, 1526
core   0: 3 0x8000002e (0x5f6f8f93) x31 0x80012620
core   0: 0x80000032 (0x001fef93) ori     t6, t6, 1
core   0: 3 0x80000032 (0x001fef93) x31 0x80012621
core   0: 0x80000036 (0x305f9073) csrw    mtvec, t6
core   0: 3 0x80000036 (0x305f9073) c773_mtvec 0x80012621
core   0: 0x8000003a (0x00000f97) auipc   t6, 0x0
core   0: 3 0x8000003a (0x00000f97) x31 0x8000003a
core   0: 0x8000003e (0x024f8f93) addi    t6, t6, 36
core   0: 3 0x8000003e (0x024f8f93) x31 0x8000005e
core   0: 0x80000042 (0x341f9073) csrw    mepc, t6
core   0: 3 0x80000042 (0x341f9073) c833_mepc 0x8000005e
core   0: 0x80000046 (0x00000001) c.nop
core   0: 3 0x80000046 (0x0001)
core   0: 0x80000048 (0x00002fb7) lui     t6, 0x2
core   0: 3 0x80000048 (0x00002fb7) x31 0x00002000
core   0: 0x8000004c (0x800f8f93) addi    t6, t6, -2048
core   0: 3 0x8000004c (0x800f8f93) x31 0x00001800
core   0: 0x80000050 (0x300f9073) csrw    mstatus, t6
core   0: 3 0x80000050 (0x300f9073) c768_mstatus 0x00001800
core   0: 0x80000054 (0x00004f81) c.li    t6, 0
core   0: 3 0x80000054 (0x4f81) x31 0x00000000
core   0: 0x80000056 (0x304f9073) csrw    mie, t6
core   0: 3 0x80000056 (0x304f9073) c772_mie 0x00000000
core   0: 0x8000005a (0x30200073) mret
core   0: 3 0x8000005a (0x30200073) c768_mstatus 0x00000080
core   0: >>>>  init
core   0: 0x8000005e (0x73c28037) lui     zero, 0x73c28
core   0: 3 0x8000005e (0x73c28037)
core   0: 0x80000062 (0xbf700013) li      zero, -1033
core   0: 3 0x80000062 (0xbf700013)
core   0: 0x80000066 (0x800000b7) lui     ra, 0x80000
core   0: 3 0x80000066 (0x800000b7) x 1 0x80000000
core   0: 0x8000006a (0x00004101) c.li    sp, 0
core   0: 3 0x8000006a (0x4101) x 2 0x00000000
core   0: 0x8000006c (0x7e03f1b7) lui     gp, 0x7e03f
core   0: 3 0x8000006c (0x7e03f1b7) x 3 0x7e03f000
core   0: 0x80000070 (0x40c18193) addi    gp, gp, 1036
core   0: 3 0x80000070 (0x40c18193) x 3 0x7e03f40c
core   0: 0x80000074 (0x6f1ab237) lui     tp, 0x6f1ab
core   0: 3 0x80000074 (0x6f1ab237) x 4 0x6f1ab000
core   0: 0x80000078 (0xbee20213) addi    tp, tp, -1042
core   0: 3 0x80000078 (0xbee20213) x 4 0x6f1aabee
core   0: 0x8000007c (0x00004281) c.li    t0, 0
core   0: 3 0x8000007c (0x4281) x 5 0x00000000
core   0: 0x8000007e (0x67fca337) lui     t1, 0x67fca
core   0: 3 0x8000007e (0x67fca337) x 6 0x67fca000
core   0: 0x80000082 (0x1df30313) addi    t1, t1, 479
core   0: 3 0x80000082 (0x1df30313) x 6 0x67fca1df
core   0: 0x80000086 (0x800003b7) lui     t2, 0x80000
core   0: 3 0x80000086 (0x800003b7) x 7 0x80000000
core   0: 0x8000008a (0x00004401) c.li    s0, 0
core   0: 3 0x8000008a (0x4401) x 8 0x00000000
core   0: 0x8000008c (0xfd3e2537) lui     a0, 0xfd3e2
core   0: 3 0x8000008c (0xfd3e2537) x10 0xfd3e2000
core   0: 0x80000090 (0x1da50513) addi    a0, a0, 474
core   0: 3 0x80000090 (0x1da50513) x10 0xfd3e21da
core   0: 0x80000094 (0x800005b7) lui     a1, 0x80000
core   0: 3 0x80000094 (0x800005b7) x11 0x80000000
core   0: 0x80000098 (0x80000637) lui     a2, 0x80000
core   0: 3 0x80000098 (0x80000637) x12 0x80000000
core   0: 0x8000009c (0xfce016b7) lui     a3, 0xfce01
core   0: 3 0x8000009c (0xfce016b7) x13 0xfce01000
core   0: 0x800000a0 (0x1b968693) addi    a3, a3, 441
core   0: 3 0x800000a0 (0x1b968693) x13 0xfce011b9
core   0: 0x800000a4 (0x00004701) c.li    a4, 0
core   0: 3 0x800000a4 (0x4701) x14 0x00000000
core   0: 0x800000a6 (0x922c67b7) lui     a5, 0x922c6
core   0: 3 0x800000a6 (0x922c67b7) x15 0x922c6000
core   0: 0x800000aa (0x43478793) addi    a5, a5, 1076
core   0: 3 0x800000aa (0x43478793) x15 0x922c6434
core   0: 0x800000ae (0x00004831) c.li    a6, 12
core   0: 3 0x800000ae (0x4831) x16 0x0000000c
core   0: 0x800000b0 (0x0be5b8b7) lui     a7, 0xbe5b
core   0: 3 0x800000b0 (0x0be5b8b7) x17 0x0be5b000
core   0: 0x800000b4 (0xf2788893) addi    a7, a7, -217
core   0: 3 0x800000b4 (0xf2788893) x17 0x0be5af27
core   0: 0x800000b8 (0x800009b7) lui     s3, 0x80000
core   0: 3 0x800000b8 (0x800009b7) x19 0x80000000
core   0: 0x800000bc (0x16819a37) lui     s4, 0x16819
core   0: 3 0x800000bc (0x16819a37) x20 0x16819000
core   0: 0x800000c0 (0x13da0a13) addi    s4, s4, 317
core   0: 3 0x800000c0 (0x13da0a13) x20 0x1681913d
core   0: 0x800000c4 (0xfca83ab7) lui     s5, 0xfca83
core   0: 3 0x800000c4 (0xfca83ab7) x21 0xfca83000
core   0: 0x800000c8 (0x199a8a93) addi    s5, s5, 409
core   0: 3 0x800000c8 (0x199a8a93) x21 0xfca83199
core   0: 0x800000cc (0x00004b01) c.li    s6, 0
core   0: 3 0x800000cc (0x4b01) x22 0x00000000
core   0: 0x800000ce (0x80000bb7) lui     s7, 0x80000
core   0: 3 0x800000ce (0x80000bb7) x23 0x80000000
core   0: 0x800000d2 (0xff015c37) lui     s8, 0xff015
core   0: 3 0x800000d2 (0xff015c37) x24 0xff015000
core   0: 0x800000d6 (0x33ec0c13) addi    s8, s8, 830
core   0: 3 0x800000d6 (0x33ec0c13) x24 0xff01533e
core   0: 0x800000da (0xf1a16cb7) lui     s9, 0xf1a16
core   0: 3 0x800000da (0xf1a16cb7) x25 0xf1a16000
core   0: 0x800000de (0x9a3c8c93) addi    s9, s9, -1629
core   0: 3 0x800000de (0x9a3c8c93) x25 0xf1a159a3
core   0: 0x800000e2 (0x80000d37) lui     s10, 0x80000
core   0: 3 0x800000e2 (0x80000d37) x26 0x80000000
core   0: 0x800000e6 (0x00004d91) c.li    s11, 4
core   0: 3 0x800000e6 (0x4d91) x27 0x00000004
core   0: 0x800000e8 (0x00004e01) c.li    t3, 0
core   0: 3 0x800000e8 (0x4e01) x28 0x00000000
core   0: 0x800000ea (0xf679eeb7) lui     t4, 0xf679e
core   0: 3 0x800000ea (0xf679eeb7) x29 0xf679e000
core   0: 0x800000ee (0x52ce8e93) addi    t4, t4, 1324
core   0: 3 0x800000ee (0x52ce8e93) x29 0xf679e52c
core   0: 0x800000f2 (0x80000f37) lui     t5, 0x80000
core   0: 3 0x800000f2 (0x80000f37) x30 0x80000000
core   0: 0x800000f6 (0xf23d5fb7) lui     t6, 0xf23d5
core   0: 3 0x800000f6 (0xf23d5fb7) x31 0xf23d5000
core   0: 0x800000fa (0x1e4f8f93) addi    t6, t6, 484
core   0: 3 0x800000fa (0x1e4f8f93) x31 0xf23d51e4
core   0: 0x800000fe (0x00029497) auipc   s1, 0x29
core   0: 3 0x800000fe (0x00029497) x 9 0x800290fe
core   0: 0x80000102 (0xd6648493) addi    s1, s1, -666
core   0: 3 0x80000102 (0xd6648493) x 9 0x80028e64
core   0: 0x80000106 (0x00013d17) auipc   s10, 0x13
core   0: 3 0x80000106 (0x00013d17) x26 0x80013106
core   0: 0x8000010a (0x799d0d13) addi    s10, s10, 1945
core   0: 3 0x8000010a (0x799d0d13) x26 0x8001389f
core   0: 0x8000010e (0x027d1da3) sh      t2, 59(s10)
core   0: 3 0x8000010e (0x027d1da3) mem 0x800138da 0x0000
core   0: 0x80000112 (0x01402a33) slt     s4, zero, s4
core   0: 3 0x80000112 (0x01402a33) x20 0x00000001
core   0: 0x80000116 (0x0000826e) c.mv    tp, s11
core   0: 3 0x80000116 (0x826e) x 4 0x00000004
core   0: 0x80000118 (0xfc7d1e83) lh      t4, -57(s10)
core   0: 3 0x80000118 (0xfc7d1e83) x29 0x00000000 mem 0x80013866
core   0: 0x8000011c (0x00008031) c.srli  s0, 12
core   0: 3 0x8000011c (0x8031) x 8 0x00000000
core   0: 0x8000011e (0x4021deb3) sra     t4, gp, sp
core   0: 3 0x8000011e (0x4021deb3) x29 0x7e03f40c
core   0: 0x80000122 (0xffdd1783) lh      a5, -3(s10)
core   0: 3 0x80000122 (0xffdd1783) x15 0x00000000 mem 0x8001389c
core   0: 0x80000126 (0xfd0d0b03) lb      s6, -48(s10)
core   0: 3 0x80000126 (0xfd0d0b03) x22 0x00000000 mem 0x8001386f
core   0: 0x8000012a (0x036d18a3) sh      s6, 49(s10)
core   0: 3 0x8000012a (0x036d18a3) mem 0x800138d0 0x0000
core   0: 0x8000012e (0x00008da5) c.xor   a1, s1
core   0: 3 0x8000012e (0x8da5) x11 0x00028e64
core   0: 0x80000130 (0x0020bc37) lui     s8, 0x20b
core   0: 3 0x80000130 (0x0020bc37) x24 0x0020b000
core   0: 0x80000134 (0x0000100f) fence.i
core   0: 3 0x80000134 (0x0000100f)
core   0: 0x80000138 (0xff8d4783) lbu     a5, -8(s10)
core   0: 3 0x80000138 (0xff8d4783) x15 0x00000000 mem 0x80013897
core   0: 0x8000013c (0x8d548013) addi    zero, s1, -1835
core   0: 3 0x8000013c (0x8d548013)
core   0: 0x80000140 (0x87d1b313) sltiu   t1, gp, -1923
core   0: 3 0x80000140 (0x87d1b313) x 6 0x00000001
core   0: 0x80000144 (0x00008c59) c.or    s0, a4
core   0: 3 0x80000144 (0x8c59) x 8 0x00000000
core   0: 0x80000146 (0x034d4e83) lbu     t4, 52(s10)
core   0: 3 0x80000146 (0x034d4e83) x29 0x00000000 mem 0x800138d3
core   0: 0x8000014a (0x00008c7d) c.and   s0, a5
core   0: 3 0x8000014a (0x8c7d) x 8 0x00000000
core   0: 0x8000014c (0x032d47b3) div     a5, s10, s2
core   0: 3 0x8000014c (0x032d47b3) x15 0x00000001
core   0: 0x80000150 (0x036ce633) rem     a2, s9, s6
core   0: 3 0x80000150 (0x036ce633) x12 0xf1a159a3
core   0: 0x80000154 (0x00000001) c.nop
core   0: 3 0x80000154 (0x0001)
core   0: 0x80000156 (0xfc3d0823) sb      gp, -48(s10)
core   0: 3 0x80000156 (0xfc3d0823) mem 0x8001386f 0xc
core   0: 0x8000015a (0xfc3d0523) sb      gp, -54(s10)
core   0: 3 0x8000015a (0xfc3d0523) mem 0x80013869 0xc
core   0: 0x8000015e (0x01fd0fa3) sb      t6, 31(s10)
core   0: 3 0x8000015e (0x01fd0fa3) mem 0x800138be 0xe4
core   0: 0x80000162 (0x00cd0b23) sb      a2, 22(s10)
core   0: 3 0x80000162 (0x00cd0b23) mem 0x800138b5 0xa3
core   0: 0x80000166 (0x00013117) auipc   sp, 0x13
core   0: 3 0x80000166 (0x00013117) x 2 0x80013166
core   0: 0x8000016a (0x31b10113) addi    sp, sp, 795
core   0: 3 0x8000016a (0x31b10113) x 2 0x80013481
core   0: 0x8000016e (0xffb14e03) lbu     t3, -5(sp)
core   0: 3 0x8000016e (0xffb14e03) x28 0x00000000 mem 0x8001347c
core   0: 0x80000172 (0x003113a3) sh      gp, 7(sp)
core   0: 3 0x80000172 (0x003113a3) mem 0x80013488 0xf40c
core   0: 0x80000176 (0xff312683) lw      a3, -13(sp)
core   0: 3 0x80000176 (0xff312683) x13 0x00000000 mem 0x80013474
core   0: 0x8000017a (0x00e10323) sb      a4, 6(sp)
core   0: 3 0x8000017a (0x00e10323) mem 0x80013487 0x0
core   0: 0x8000017e (0x00610323) sb      t1, 6(sp)
core   0: 3 0x8000017e (0x00610323) mem 0x80013487 0x1
core   0: 0x80000182 (0x00a14703) lbu     a4, 10(sp)
core   0: 3 0x80000182 (0x00a14703) x14 0x00000000 mem 0x8001348b
core   0: 0x80000186 (0x00312883) lw      a7, 3(sp)
core   0: 3 0x80000186 (0x00312883) x17 0x01000000 mem 0x80013484
core   0: 0x8000018a (0x018101a3) sb      s8, 3(sp)
core   0: 3 0x8000018a (0x018101a3) mem 0x80013484 0x0
core   0: 0x8000018e (0x00c14b03) lbu     s6, 12(sp)
core   0: 3 0x8000018e (0x00c14b03) x22 0x00000000 mem 0x8001348d
core   0: 0x80000192 (0x00d10603) lb      a2, 13(sp)
core   0: 3 0x80000192 (0x00d10603) x12 0x00000000 mem 0x8001348e
core   0: 0x80000196 (0xfe210fa3) sb      sp, -1(sp)
core   0: 3 0x80000196 (0xfe210fa3) mem 0x80013480 0x81
core   0: 0x8000019a (0xff911983) lh      s3, -7(sp)
core   0: 3 0x8000019a (0xff911983) x19 0x00000000 mem 0x8001347a
core   0: 0x8000019e (0x000061b9) c.lui   gp, 0xe
core   0: 3 0x8000019e (0x61b9) x 3 0x0000e000
core   0: 0x800001a0 (0x0000987d) c.andi  s0, -1
core   0: 3 0x800001a0 (0x987d) x 8 0x00000000
core   0: 0x800001a2 (0x00b10423) sb      a1, 8(sp)
core   0: 3 0x800001a2 (0x00b10423) mem 0x80013489 0x64
core   0: 0x800001a6 (0x00814683) lbu     a3, 8(sp)
core   0: 3 0x800001a6 (0x00814683) x13 0x00000064 mem 0x80013489
core   0: 0x800001aa (0x00c10423) sb      a2, 8(sp)
core   0: 3 0x800001aa (0x00c10423) mem 0x80013489 0x0
core   0: 0x800001ae (0x00814a03) lbu     s4, 8(sp)
core   0: 3 0x800001ae (0x00814a03) x20 0x00000000 mem 0x80013489
core   0: 0x800001b2 (0x00000001) c.nop
core   0: 3 0x800001b2 (0x0001)
core   0: 0x800001b4 (0x01175e93) srli    t4, a4, 17
core   0: 3 0x800001b4 (0x01175e93) x29 0x00000000
core   0: 0x800001b8 (0x00914b03) lbu     s6, 9(sp)
core   0: 3 0x800001b8 (0x00914b03) x22 0x00000000 mem 0x8001348a
core   0: 0x800001bc (0xb1dfa793) slti    a5, t6, -1251
core   0: 3 0x800001bc (0xb1dfa793) x15 0x00000001
core   0: 0x800001c0 (0x009114a3) sh      s1, 9(sp)
core   0: 3 0x800001c0 (0x009114a3) mem 0x8001348a 0x8e64
core   0: 0x800001c4 (0x00023617) auipc   a2, 0x23
core   0: 3 0x800001c4 (0x00023617) x12 0x800231c4
core   0: 0x800001c8 (0x60660613) addi    a2, a2, 1542
core   0: 3 0x800001c8 (0x60660613) x12 0x800237ca
core   0: 0x800001cc (0x003600a3) sb      gp, 1(a2)
core   0: 3 0x800001cc (0x003600a3) mem 0x800237cb 0x0
core   0: 0x800001d0 (0xfea60723) sb      a0, -18(a2)
core   0: 3 0x800001d0 (0xfea60723) mem 0x800237b8 0xda
core   0: 0x800001d4 (0xfee65e03) lhu     t3, -18(a2)
core   0: 3 0x800001d4 (0xfee65e03) x28 0x000000da mem 0x800237b8
core   0: 0x800001d8 (0xff664c83) lbu     s9, -10(a2)
core   0: 3 0x800001d8 (0xff664c83) x25 0x00000000 mem 0x800237c0
core   0: 0x800001dc (0xfd065983) lhu     s3, -48(a2)
core   0: 3 0x800001dc (0xfd065983) x19 0x00000000 mem 0x8002379a
core   0: 0x800001e0 (0xa6040393) addi    t2, s0, -1440
core   0: 3 0x800001e0 (0xa6040393) x 7 0xfffffa60
core   0: 0x800001e4 (0xfcb60403) lb      s0, -53(a2)
core   0: 3 0x800001e4 (0xfcb60403) x 8 0x00000000 mem 0x80023795
core   0: 0x800001e8 (0x00006dd9) c.lui   s11, 0x16
core   0: 3 0x800001e8 (0x6dd9) x27 0x00016000
core   0: 0x800001ea (0x00008c0d) c.sub   s0, a1
core   0: 3 0x800001ea (0x8c0d) x 8 0xfffd719c
core   0: 0x800001ec (0x007605a3) sb      t2, 11(a2)
core   0: 3 0x800001ec (0x007605a3) mem 0x800237d5 0x60
core   0: 0x800001f0 (0x00b64103) lbu     sp, 11(a2)
core   0: 3 0x800001f0 (0x00b64103) x 2 0x00000060 mem 0x800237d5
core   0: 0x800001f4 (0x00b64983) lbu     s3, 11(a2)
core   0: 3 0x800001f4 (0x00b64983) x19 0x00000060 mem 0x800237d5
core   0: 0x800001f8 (0x02764103) lbu     sp, 39(a2)
core   0: 3 0x800001f8 (0x02764103) x 2 0x00000000 mem 0x800237f1
core   0: 0x800001fc (0xfdd64d03) lbu     s10, -35(a2)
core   0: 3 0x800001fc (0xfdd64d03) x26 0x00000000 mem 0x800237a7
core   0: 0x80000200 (0x0001d997) auipc   s3, 0x1d
core   0: 3 0x80000200 (0x0001d997) x19 0x8001d200
core   0: 0x80000204 (0x05a98993) addi    s3, s3, 90
core   0: 3 0x80000204 (0x05a98993) x19 0x8001d25a
core   0: 0x80000208 (0x000047e5) c.li    a5, 25
core   0: 3 0x80000208 (0x47e5) x15 0x00000019
core   0: 0x8000020a (0x0ff0000f) fence   iorw,iorw
core   0: 3 0x8000020a (0x0ff0000f)
core   0: 0x8000020e (0x00000300) c.addi4spn s0, sp, 384
core   0: 3 0x8000020e (0x0300) x 8 0x00000180
core   0: 0x80000210 (0x000085f5) c.srai  a1, 29
core   0: 3 0x80000210 (0x85f5) x11 0x00000000
core   0: 0x80000212 (0x03ff4db3) div     s11, t5, t6
core   0: 3 0x80000212 (0x03ff4db3) x27 0x00000009
core   0: 0x80000216 (0xffa9df83) lhu     t6, -6(s3)
core   0: 3 0x80000216 (0xffa9df83) x31 0x00000000 mem 0x8001d254
core   0: 0x8000021a (0x00298523) sb      sp, 10(s3)
core   0: 3 0x8000021a (0x00298523) mem 0x8001d264 0x0
core   0: 0x8000021e (0xff59cd03) lbu     s10, -11(s3)
core   0: 3 0x8000021e (0xff59cd03) x26 0x00000000 mem 0x8001d24f
core   0: 0x80000222 (0xfe899a23) sh      s0, -12(s3)
core   0: 3 0x80000222 (0xfe899a23) mem 0x8001d24e 0x0180
core   0: 0x80000226 (0x00598b03) lb      s6, 5(s3)
core   0: 3 0x80000226 (0x00598b03) x22 0x00000000 mem 0x8001d25f
core   0: 0x8000022a (0x01599623) sh      s5, 12(s3)
core   0: 3 0x8000022a (0x01599623) mem 0x8001d266 0x3199
core   0: 0x8000022e (0xff09d603) lhu     a2, -16(s3)
core   0: 3 0x8000022e (0xff09d603) x12 0x00000000 mem 0x8001d24a
core   0: 0x80000232 (0x7bbef097) auipc   ra, 0x7bbef
core   0: 3 0x80000232 (0x7bbef097) x 1 0xfbbef232
core   0: 0x80000236 (0x0000717d) c.addi16sp sp, -16
core   0: 3 0x80000236 (0x717d) x 2 0xfffffff0
core   0: 0x80000238 (0x00f98723) sb      a5, 14(s3)
core   0: 3 0x80000238 (0x00f98723) mem 0x8001d268 0x19
core   0: 0x8000023c (0xfe598ca3) sb      t0, -7(s3)
core   0: 3 0x8000023c (0xfe598ca3) mem 0x8001d253 0x0
core   0: 0x80000240 (0xff1988a3) sb      a7, -15(s3)
core   0: 3 0x80000240 (0xff1988a3) mem 0x8001d24b 0x0
core   0: 0x80000244 (0xfef98ca3) sb      a5, -7(s3)
core   0: 3 0x80000244 (0xfef98ca3) mem 0x8001d253 0x19
core   0: 0x80000248 (0xff89d603) lhu     a2, -8(s3)
core   0: 3 0x80000248 (0xff89d603) x12 0x00001900 mem 0x8001d252
core   0: 0x8000024c (0x02f87bb3) remu    s7, a6, a5
core   0: 3 0x8000024c (0x02f87bb3) x23 0x0000000c
core   0: 0x80000250 (0xfff98103) lb      sp, -1(s3)
core   0: 3 0x80000250 (0xfff98103) x 2 0x00000000 mem 0x8001d259
core   0: 0x80000254 (0x0089cc83) lbu     s9, 8(s3)
core   0: 3 0x80000254 (0x0089cc83) x25 0x00000000 mem 0x8001d262
core   0: 0x80000258 (0xff498d03) lb      s10, -12(s3)
core   0: 3 0x80000258 (0xff498d03) x26 0xffffff80 mem 0x8001d24e
core   0: 0x8000025c (0xfe498a23) sb      tp, -12(s3)
core   0: 3 0x8000025c (0xfe498a23) mem 0x8001d24e 0x4
core   0: 0x80000260 (0x029d5a33) divu    s4, s10, s1
core   0: 3 0x80000260 (0x029d5a33) x20 0x00000001
core   0: 0x80000264 (0xfe598823) sb      t0, -16(s3)
core   0: 3 0x80000264 (0xfe598823) mem 0x8001d24a 0x0
core   0: 0x80000268 (0xff99c203) lbu     tp, -7(s3)
core   0: 3 0x80000268 (0xff99c203) x 4 0x00000019 mem 0x8001d253
core   0: 0x8000026c (0xff399b23) sh      s3, -10(s3)
core   0: 3 0x8000026c (0xff399b23) mem 0x8001d250 0xd25a
core   0: 0x80000270 (0xfe999923) sh      s1, -14(s3)
core   0: 3 0x80000270 (0xfe999923) mem 0x8001d24c 0x8e64
core   0: 0x80000274 (0x00009b7d) c.andi  a4, -1
core   0: 3 0x80000274 (0x9b7d) x14 0x00000000
core   0: 0x80000276 (0x00b985a3) sb      a1, 11(s3)
core   0: 3 0x80000276 (0x00b985a3) mem 0x8001d265 0x0
core   0: 0x8000027a (0x00b98823) sb      a1, 16(s3)
core   0: 3 0x8000027a (0x00b98823) mem 0x8001d26a 0x0
core   0: 0x8000027e (0x00008aea) c.mv    s5, s10
core   0: 3 0x8000027e (0x8aea) x21 0xffffff80
core   0: 0x80000280 (0x0069ca03) lbu     s4, 6(s3)
core   0: 3 0x80000280 (0x0069ca03) x20 0x00000000 mem 0x8001d260
core   0: 0x80000284 (0xffd9cb03) lbu     s6, -3(s3)
core   0: 3 0x80000284 (0xffd9cb03) x22 0x00000000 mem 0x8001d257
core   0: 0x80000288 (0x00016117) auipc   sp, 0x16
core   0: 3 0x80000288 (0x00016117) x 2 0x80016288
core   0: 0x8000028c (0x5fb10113) addi    sp, sp, 1531
core   0: 3 0x8000028c (0x5fb10113) x 2 0x80016883
core   0: 0x80000290 (0x00311083) lh      ra, 3(sp)
core   0: 3 0x80000290 (0x00311083) x 1 0x00000000 mem 0x80016886
core   0: 0x80000294 (0xfee108a3) sb      a4, -15(sp)
core   0: 3 0x80000294 (0xfee108a3) mem 0x80016874 0x0
core   0: 0x80000298 (0x00b107a3) sb      a1, 15(sp)
core   0: 3 0x80000298 (0x00b107a3) mem 0x80016892 0x0
core   0: 0x8000029c (0x00210523) sb      sp, 10(sp)
core   0: 3 0x8000029c (0x00210523) mem 0x8001688d 0x83
core   0: 0x800002a0 (0xff112983) lw      s3, -15(sp)
core   0: 3 0x800002a0 (0xff112983) x19 0x00000000 mem 0x80016874
core   0: 0x800002a4 (0xff110883) lb      a7, -15(sp)
core   0: 3 0x800002a4 (0xff110883) x17 0x00000000 mem 0x80016874
core   0: 0x800002a8 (0xfe712ca3) sw      t2, -7(sp)
core   0: 3 0x800002a8 (0xfe712ca3) mem 0x8001687c 0xfffffa60
core   0: 0x800002ac (0xff914a83) lbu     s5, -7(sp)
core   0: 3 0x800002ac (0xff914a83) x21 0x00000060 mem 0x8001687c
core   0: 0x800002b0 (0xffe10ca3) sb      t5, -7(sp)
core   0: 3 0x800002b0 (0xffe10ca3) mem 0x8001687c 0x0
core   0: 0x800002b4 (0xff911703) lh      a4, -7(sp)
core   0: 3 0x800002b4 (0xff911703) x14 0xfffffa00 mem 0x8001687c
core   0: 0x800002b8 (0xf49a3c97) auipc   s9, 0xf49a3
core   0: 3 0x800002b8 (0xf49a3c97) x25 0x749a32b8
core   0: 0x800002bc (0xff911283) lh      t0, -7(sp)
core   0: 3 0x800002bc (0xff911283) x 5 0xfffffa00 mem 0x8001687c
core   0: 0x800002c0 (0xff912603) lw      a2, -7(sp)
core   0: 3 0x800002c0 (0xff912603) x12 0xfffffa00 mem 0x8001687c
core   0: 0x800002c4 (0xff614283) lbu     t0, -10(sp)
core   0: 3 0x800002c4 (0xff614283) x 5 0x00000000 mem 0x80016879
core   0: 0x800002c8 (0x00016617) auipc   a2, 0x16
core   0: 3 0x800002c8 (0x00016617) x12 0x800162c8
core   0: 0x800002cc (0x6a060613) addi    a2, a2, 1696
core   0: 3 0x800002cc (0x6a060613) x12 0x80016968
core   0: 0x800002d0 (0xffc62283) lw      t0, -4(a2)
core   0: 3 0x800002d0 (0xffc62283) x 5 0x00000000 mem 0x80016964
core   0: 0x800002d4 (0xffc60d83) lb      s11, -4(a2)
core   0: 3 0x800002d4 (0xffc60d83) x27 0x00000000 mem 0x80016964
core   0: 0x800002d8 (0x01e57733) and     a4, a0, t5
core   0: 3 0x800002d8 (0x01e57733) x14 0x80000000
core   0: 0x800002dc (0xfe562e23) sw      t0, -4(a2)
core   0: 3 0x800002dc (0xfe562e23) mem 0x80016964 0x00000000
core   0: 0x800002e0 (0xfe060d23) sb      zero, -6(a2)
core   0: 3 0x800002e0 (0xfe060d23) mem 0x80016962 0x0
core   0: 0x800002e4 (0x00d600a3) sb      a3, 1(a2)
core   0: 3 0x800002e4 (0x00d600a3) mem 0x80016969 0x64
core   0: 0x800002e8 (0x01060b03) lb      s6, 16(a2)
core   0: 3 0x800002e8 (0x01060b03) x22 0x00000000 mem 0x80016978
core   0: 0x800002ec (0xff064403) lbu     s0, -16(a2)
core   0: 3 0x800002ec (0xff064403) x 8 0x00000000 mem 0x80016958
core   0: 0x800002f0 (0x0000c25c) c.sw    a5, 4(a2)
core   0: 3 0x800002f0 (0xc25c) mem 0x8001696c 0x00000019
core   0: 0x800002f2 (0x01462823) sw      s4, 16(a2)
core   0: 3 0x800002f2 (0x01462823) mem 0x80016978 0x00000000
core   0: 0x800002f6 (0x0000464c) c.lw    a1, 12(a2)
core   0: 3 0x800002f6 (0x464c) x11 0x00000000 mem 0x80016974
core   0: 0x800002f8 (0x0042abb3) slt     s7, t0, tp
core   0: 3 0x800002f8 (0x0042abb3) x23 0x00000001
core   0: 0x800002fc (0x0000464c) c.lw    a1, 12(a2)
core   0: 3 0x800002fc (0x464c) x11 0x00000000 mem 0x80016974
core   0: 0x800002fe (0x0000c64c) c.sw    a1, 12(a2)
core   0: 3 0x800002fe (0xc64c) mem 0x80016974 0x00000000
core   0: 0x80000300 (0x00c61303) lh      t1, 12(a2)
core   0: 3 0x80000300 (0x00c61303) x 6 0x00000000 mem 0x80016974
core   0: 0x80000304 (0x00016197) auipc   gp, 0x16
core   0: 3 0x80000304 (0x00016197) x 3 0x80016304
core   0: 0x80000308 (0x18918193) addi    gp, gp, 393
core   0: 3 0x80000308 (0x18918193) x 3 0x8001648d
core   0: 0x8000030c (0xff818603) lb      a2, -8(gp)
core   0: 3 0x8000030c (0xff818603) x12 0x00000000 mem 0x80016485
core   0: 0x80000310 (0x01118223) sb      a7, 4(gp)
core   0: 3 0x80000310 (0x01118223) mem 0x80016491 0x0
core   0: 0x80000314 (0x0041c403) lbu     s0, 4(gp)
core   0: 3 0x80000314 (0x0041c403) x 8 0x00000000 mem 0x80016491
core   0: 0x80000318 (0x00e1ca03) lbu     s4, 14(gp)
core   0: 3 0x80000318 (0x00e1ca03) x20 0x00000000 mem 0x8001649b
core   0: 0x8000031c (0xff618a23) sb      s6, -12(gp)
core   0: 3 0x8000031c (0xff618a23) mem 0x80016481 0x0
core   0: 0x80000320 (0x0103fab3) and     s5, t2, a6
core   0: 3 0x80000320 (0x0103fab3) x21 0x00000000
core   0: 0x80000324 (0x0ff0000f) fence   iorw,iorw
core   0: 3 0x80000324 (0x0ff0000f)
core   0: 0x80000328 (0xff41cd83) lbu     s11, -12(gp)
core   0: 3 0x80000328 (0xff41cd83) x27 0x00000000 mem 0x80016481
core   0: 0x8000032c (0x00518303) lb      t1, 5(gp)
core   0: 3 0x8000032c (0x00518303) x 6 0x00000000 mem 0x80016492
core   0: 0x80000330 (0x0032e033) or      zero, t0, gp
core   0: 3 0x80000330 (0x0032e033)
core   0: 0x80000334 (0x01e184a3) sb      t5, 9(gp)
core   0: 3 0x80000334 (0x01e184a3) mem 0x80016496 0x0
core   0: 0x80000338 (0xff018103) lb      sp, -16(gp)
core   0: 3 0x80000338 (0xff018103) x 2 0x00000000 mem 0x8001647d
core   0: 0x8000033c (0xff018103) lb      sp, -16(gp)
core   0: 3 0x8000033c (0xff018103) x 2 0x00000000 mem 0x8001647d
core   0: 0x80000340 (0x00c18e83) lb      t4, 12(gp)
core   0: 3 0x80000340 (0x00c18e83) x29 0x00000000 mem 0x80016499
core   0: 0x80000344 (0xff41c203) lbu     tp, -12(gp)
core   0: 3 0x80000344 (0xff41c203) x 4 0x00000000 mem 0x80016481
core   0: 0x80000348 (0xff11d083) lhu     ra, -15(gp)
core   0: 3 0x80000348 (0xff11d083) x 1 0x00000000 mem 0x8001647e
core   0: 0x8000034c (0xff11d403) lhu     s0, -15(gp)
core   0: 3 0x8000034c (0xff11d403) x 8 0x00000000 mem 0x8001647e
core   0: 0x80000350 (0xfeb198a3) sh      a1, -15(gp)
core   0: 3 0x80000350 (0xfeb198a3) mem 0x8001647e 0x0000
core   0: 0x80000354 (0xff119a03) lh      s4, -15(gp)
core   0: 3 0x80000354 (0xff119a03) x20 0x00000000 mem 0x8001647e
core   0: 0x80000358 (0x00018683) lb      a3, 0(gp)
core   0: 3 0x80000358 (0x00018683) x13 0x00000000 mem 0x8001648d
core   0: 0x8000035c (0x00d18723) sb      a3, 14(gp)
core   0: 3 0x8000035c (0x00d18723) mem 0x8001649b 0x0
core   0: 0x80000360 (0x00319d03) lh      s10, 3(gp)
core   0: 3 0x80000360 (0x00319d03) x26 0x00000000 mem 0x80016490
core   0: 0x80000364 (0x00015417) auipc   s0, 0x15
core   0: 3 0x80000364 (0x00015417) x 8 0x80015364
core   0: 0x80000368 (0x1e040413) addi    s0, s0, 480
core   0: 3 0x80000368 (0x1e040413) x 8 0x80015544
core   0: 0x8000036c (0x31440923) sb      s4, 786(s0)
core   0: 3 0x8000036c (0x31440923) mem 0x80015856 0x0
core   0: 0x80000370 (0x0cc40e23) sb      a2, 220(s0)
core   0: 3 0x80000370 (0x0cc40e23) mem 0x80015620 0x0
core   0: 0x80000374 (0x0dc44c03) lbu     s8, 220(s0)
core   0: 3 0x80000374 (0x0dc44c03) x24 0x00000000 mem 0x80015620
core   0: 0x80000378 (0x0db40e23) sb      s11, 220(s0)
core   0: 3 0x80000378 (0x0db40e23) mem 0x80015620 0x0
core   0: 0x8000037c (0x0df41e23) sh      t6, 220(s0)
core   0: 3 0x8000037c (0x0df41e23) mem 0x80015620 0x0000
core   0: 0x80000380 (0x0c542e23) sw      t0, 220(s0)
core   0: 3 0x80000380 (0x0c542e23) mem 0x80015620 0x00000000
core   0: 0x80000384 (0x0d941e23) sh      s9, 220(s0)
core   0: 3 0x80000384 (0x0d941e23) mem 0x80015620 0x32b8
core   0: 0x80000388 (0x0d042e23) sw      a6, 220(s0)
core   0: 3 0x80000388 (0x0d042e23) mem 0x80015620 0x0000000c
core   0: 0x8000038c (0x0dc42b83) lw      s7, 220(s0)
core   0: 3 0x8000038c (0x0dc42b83) x23 0x0000000c mem 0x80015620
core   0: 0x80000390 (0x40d7d633) sra     a2, a5, a3
core   0: 3 0x80000390 (0x40d7d633) x12 0x00000019
core   0: 0x80000394 (0x72b40d03) lb      s10, 1835(s0)
core   0: 3 0x80000394 (0x72b40d03) x26 0x00000000 mem 0x80015c6f
core   0: 0x80000398 (0x00017f17) auipc   t5, 0x17
core   0: 3 0x80000398 (0x00017f17) x30 0x80017398
core   0: 0x8000039c (0xcbff0f13) addi    t5, t5, -833
core   0: 3 0x8000039c (0xcbff0f13) x30 0x80017057
core   0: 0x800003a0 (0x00013597) auipc   a1, 0x13
core   0: 3 0x800003a0 (0x00013597) x11 0x800133a0
core   0: 0x800003a4 (0x42358593) addi    a1, a1, 1059
core   0: 3 0x800003a4 (0x42358593) x11 0x800137c3
core   0: 0x800003a8 (0xfd2f4803) lbu     a6, -46(t5)
core   0: 3 0x800003a8 (0xfd2f4803) x16 0x00000000 mem 0x80017029
core   0: 0x800003ac (0xfe8f10a3) sh      s0, -31(t5)
core   0: 3 0x800003ac (0xfe8f10a3) mem 0x80017038 0x5544
core   0: 0x800003b0 (0x021f2083) lw      ra, 33(t5)
core   0: 3 0x800003b0 (0x021f2083) x 1 0x00000000 mem 0x80017078
core   0: 0x800003b4 (0x0095a6a3) sw      s1, 13(a1)
core   0: 3 0x800003b4 (0x0095a6a3) mem 0x800137d0 0x80028e64
core   0: 0x800003b8 (0x00bf1083) lh      ra, 11(t5)
core   0: 3 0x800003b8 (0x00bf1083) x 1 0x00000000 mem 0x80017062
core   0: 0x800003bc (0xff9f1a03) lh      s4, -7(t5)
core   0: 3 0x800003bc (0xff9f1a03) x20 0x00000000 mem 0x80017050
core   0: 0x800003c0 (0xff75cb03) lbu     s6, -9(a1)
core   0: 3 0x800003c0 (0xff75cb03) x22 0x00000000 mem 0x800137ba
core   0: 0x800003c4 (0x01ef4303) lbu     t1, 30(t5)
core   0: 3 0x800003c4 (0x01ef4303) x 6 0x00000000 mem 0x80017075
core   0: 0x800003c8 (0xff15ab03) lw      s6, -15(a1)
core   0: 3 0x800003c8 (0xff15ab03) x22 0x00000000 mem 0x800137b4
core   0: 0x800003cc (0x00759983) lh      s3, 7(a1)
core   0: 3 0x800003cc (0x00759983) x19 0x00000000 mem 0x800137ca
core   0: 0x800003d0 (0xfe0f4a03) lbu     s4, -32(t5)
core   0: 3 0x800003d0 (0xfe0f4a03) x20 0x00000000 mem 0x80017037
core   0: 0x800003d4 (0xffbf4b83) lbu     s7, -5(t5)
core   0: 3 0x800003d4 (0xffbf4b83) x23 0x00000000 mem 0x80017052
core   0: 0x800003d8 (0x0005cb83) lbu     s7, 0(a1)
core   0: 3 0x800003d8 (0x0005cb83) x23 0x00000000 mem 0x800137c3
core   0: 0x800003dc (0x01af4683) lbu     a3, 26(t5)
core   0: 3 0x800003dc (0x01af4683) x13 0x00000000 mem 0x80017071
core   0: 0x800003e0 (0x00014597) auipc   a1, 0x14
core   0: 3 0x800003e0 (0x00014597) x11 0x800143e0
core   0: 0x800003e4 (0x8da58593) addi    a1, a1, -1830
core   0: 3 0x800003e4 (0x8da58593) x11 0x80013cba
core   0: 0x800003e8 (0x9c55ce13) xori    t3, a1, -1595
core   0: 3 0x800003e8 (0x9c55ce13) x28 0x7ffec57f
core   0: 0x800003ec (0x0122cc33) xor     s8, t0, s2
core   0: 3 0x800003ec (0x0122cc33) x24 0x8002cce4
core   0: 0x800003f0 (0x0a75c103) lbu     sp, 167(a1)
core   0: 3 0x800003f0 (0x0a75c103) x 2 0x00000000 mem 0x80013d61
core   0: 0x800003f4 (0x0a75c783) lbu     a5, 167(a1)
core   0: 3 0x800003f4 (0x0a75c783) x15 0x00000000 mem 0x80013d61
core   0: 0x800003f8 (0x0a6583a3) sb      t1, 167(a1)
core   0: 3 0x800003f8 (0x0a6583a3) mem 0x80013d61 0x0
core   0: 0x800003fc (0x0a758f03) lb      t5, 167(a1)
core   0: 3 0x800003fc (0x0a758f03) x30 0x00000000 mem 0x80013d61
core   0: 0x80000400 (0x0a758883) lb      a7, 167(a1)
core   0: 3 0x80000400 (0x0a758883) x17 0x00000000 mem 0x80013d61
core   0: 0x80000404 (0xf5a58223) sb      s10, -188(a1)
core   0: 3 0x80000404 (0xf5a58223) mem 0x80013bfe 0x0
core   0: 0x80000408 (0x063580a3) sb      gp, 97(a1)
core   0: 3 0x80000408 (0x063580a3) mem 0x80013d1b 0x8d
core   0: 0x8000040c (0x07f580a3) sb      t6, 97(a1)
core   0: 3 0x8000040c (0x07f580a3) mem 0x80013d1b 0x0
core   0: 0x80000410 (0x066580a3) sb      t1, 97(a1)
core   0: 3 0x80000410 (0x066580a3) mem 0x80013d1b 0x0
core   0: 0x80000414 (0x06b580a3) sb      a1, 97(a1)
core   0: 3 0x80000414 (0x06b580a3) mem 0x80013d1b 0xba
core   0: 0x80000418 (0x0615c283) lbu     t0, 97(a1)
core   0: 3 0x80000418 (0x0615c283) x 5 0x000000ba mem 0x80013d1b
core   0: 0x8000041c (0x03e58823) sb      t5, 48(a1)
core   0: 3 0x8000041c (0x03e58823) mem 0x80013cea 0x0
core   0: 0x80000420 (0x00017117) auipc   sp, 0x17
core   0: 3 0x80000420 (0x00017117) x 2 0x80017420
core   0: 0x80000424 (0x01310113) addi    sp, sp, 19
core   0: 3 0x80000424 (0x01310113) x 2 0x80017433
core   0: 0x80000428 (0x02510323) sb      t0, 38(sp)
core   0: 3 0x80000428 (0x02510323) mem 0x80017459 0xba
core   0: 0x8000042c (0x01a58bb3) add     s7, a1, s10
core   0: 3 0x8000042c (0x01a58bb3) x23 0x80013cba
core   0: 0x80000430 (0x00006189) c.lui   gp, 0x2
core   0: 3 0x80000430 (0x6189) x 3 0x00002000
core   0: 0x80000432 (0x03c10323) sb      t3, 38(sp)
core   0: 3 0x80000432 (0x03c10323) mem 0x80017459 0x7f
core   0: 0x80000436 (0x02010323) sb      zero, 38(sp)
core   0: 3 0x80000436 (0x02010323) mem 0x80017459 0x0
core   0: 0x8000043a (0x03c10323) sb      t3, 38(sp)
core   0: 3 0x8000043a (0x03c10323) mem 0x80017459 0x7f
core   0: 0x8000043e (0x02614603) lbu     a2, 38(sp)
core   0: 3 0x8000043e (0x02614603) x12 0x0000007f mem 0x80017459
core   0: 0x80000442 (0x00e9bfb3) sltu    t6, s3, a4
core   0: 3 0x80000442 (0x00e9bfb3) x31 0x00000001
core   0: 0x80000446 (0x00e7ec33) or      s8, a5, a4
core   0: 3 0x80000446 (0x00e7ec33) x24 0x80000000
core   0: 0x8000044a (0x02610f03) lb      t5, 38(sp)
core   0: 3 0x8000044a (0x02610f03) x30 0x0000007f mem 0x80017459
core   0: 0x8000044e (0xfdd11083) lh      ra, -35(sp)
core   0: 3 0x8000044e (0xfdd11083) x 1 0x00000000 mem 0x80017410
core   0: 0x80000452 (0x00b10183) lb      gp, 11(sp)
core   0: 3 0x80000452 (0x00b10183) x 3 0x00000000 mem 0x8001743e
core   0: 0x80000456 (0x02914db3) div     s11, sp, s1
core   0: 3 0x80000456 (0x02914db3) x27 0x00000001
core   0: 0x8000045a (0x016105a3) sb      s6, 11(sp)
core   0: 3 0x8000045a (0x016105a3) mem 0x8001743e 0x0
core   0: 0x8000045e (0x00b10c83) lb      s9, 11(sp)
core   0: 3 0x8000045e (0x00b10c83) x25 0x00000000 mem 0x8001743e
core   0: 0x80000462 (0x00020e97) auipc   t4, 0x20
core   0: 3 0x80000462 (0x00020e97) x29 0x80020462
core   0: 0x80000466 (0x586e8e93) addi    t4, t4, 1414
core   0: 3 0x80000466 (0x586e8e93) x29 0x800209e8
core   0: 0x8000046a (0x077ec183) lbu     gp, 119(t4)
core   0: 3 0x8000046a (0x077ec183) x 3 0x00000000 mem 0x80020a5f
core   0: 0x8000046e (0x0355bcb3) mulhu   s9, a1, s5
core   0: 3 0x8000046e (0x0355bcb3) x25 0x00000000
core   0: 0x80000472 (0xf80ecb03) lbu     s6, -128(t4)
core   0: 3 0x80000472 (0xf80ecb03) x22 0x00000000 mem 0x80020968
core   0: 0x80000476 (0x02a4f833) remu    a6, s1, a0
core   0: 3 0x80000476 (0x02a4f833) x16 0x80028e64
core   0: 0x8000047a (0xff6e9c23) sh      s6, -8(t4)
core   0: 3 0x8000047a (0xff6e9c23) mem 0x800209e0 0x0000
core   0: 0x8000047e (0x02e072b3) remu    t0, zero, a4
core   0: 3 0x8000047e (0x02e072b3) x 5 0x00000000
core   0: 0x80000482 (0x0ff0000f) fence   iorw,iorw
core   0: 3 0x80000482 (0x0ff0000f)
core   0: 0x80000486 (0xf0eec383) lbu     t2, -242(t4)
core   0: 3 0x80000486 (0xf0eec383) x 7 0x00000000 mem 0x800208f6
core   0: 0x8000048a (0x81b12313) slti    t1, sp, -2021
core   0: 3 0x8000048a (0x81b12313) x 6 0x00000001
core   0: 0x8000048e (0xfb4e8f23) sb      s4, -66(t4)
core   0: 3 0x8000048e (0xfb4e8f23) mem 0x800209a6 0x0
core   0: 0x80000492 (0x40a3d093) srai    ra, t2, 10
core   0: 3 0x80000492 (0x40a3d093) x 1 0x00000000
core   0: 0x80000496 (0x0000100f) fence.i
core   0: 3 0x80000496 (0x0000100f)
core   0: 0x8000049a (0xf67e8d03) lb      s10, -153(t4)
core   0: 3 0x8000049a (0xf67e8d03) x26 0x00000000 mem 0x8002094f
core   0: 0x8000049e (0x00008e41) c.or    a2, s0
core   0: 3 0x8000049e (0x8e41) x12 0x8001557f
core   0: 0x800004a0 (0x056e9803) lh      a6, 86(t4)
core   0: 3 0x800004a0 (0x056e9803) x16 0x00000000 mem 0x80020a3e
core   0: 0x800004a4 (0x0eee9c03) lh      s8, 238(t4)
core   0: 3 0x800004a4 (0x0eee9c03) x24 0x00000000 mem 0x80020ad6
core   0: 0x800004a8 (0x08dece03) lbu     t3, 141(t4)
core   0: 3 0x800004a8 (0x08dece03) x28 0x00000000 mem 0x80020a75
core   0: 0x800004ac (0x048e8283) lb      t0, 72(t4)
core   0: 3 0x800004ac (0x048e8283) x 5 0x00000000 mem 0x80020a30
core   0: 0x800004b0 (0xf62e8183) lb      gp, -158(t4)
core   0: 3 0x800004b0 (0xf62e8183) x 3 0x00000000 mem 0x8002094a
core   0: 0x800004b4 (0x6fcab093) sltiu   ra, s5, 1788
core   0: 3 0x800004b4 (0x6fcab093) x 1 0x00000001
core   0: 0x800004b8 (0x03aec203) lbu     tp, 58(t4)
core   0: 3 0x800004b8 (0x03aec203) x 4 0x00000000 mem 0x80020a22
core   0: 0x800004bc (0x000086ae) c.mv    a3, a1
core   0: 3 0x800004bc (0x86ae) x13 0x80013cba
core   0: 0x800004be (0x0ffecf03) lbu     t5, 255(t4)
core   0: 3 0x800004be (0x0ffecf03) x30 0x00000000 mem 0x80020ae7
core   0: 0x800004c2 (0x00008dd9) c.or    a1, a4
core   0: 3 0x800004c2 (0x8dd9) x11 0x80013cba
core   0: 0x800004c4 (0xf47e8323) sb      t2, -186(t4)
core   0: 3 0x800004c4 (0xf47e8323) mem 0x8002092e 0x0
core   0: 0x800004c8 (0xff7ec383) lbu     t2, -9(t4)
core   0: 3 0x800004c8 (0xff7ec383) x 7 0x00000000 mem 0x800209df
core   0: 0x800004cc (0x412dda33) sra     s4, s11, s2
core   0: 3 0x800004cc (0x412dda33) x20 0x00000000
core   0: 0x800004d0 (0x00008e09) c.sub   a2, a0
core   0: 3 0x800004d0 (0x8e09) x12 0x82c333a5
core   0: 0x800004d2 (0x0b8eac03) lw      s8, 184(t4)
core   0: 3 0x800004d2 (0x0b8eac03) x24 0x00000000 mem 0x80020aa0
core   0: 0x800004d6 (0x035f6e33) rem     t3, t5, s5
core   0: 3 0x800004d6 (0x035f6e33) x28 0x00000000
core   0: 0x800004da (0x027a2d33) mulhsu  s10, s4, t2
core   0: 3 0x800004da (0x027a2d33) x26 0x00000000
core   0: 0x800004de (0xf9de8003) lb      zero, -99(t4)
core   0: 3 0x800004de (0xf9de8003) mem 0x80020985
core   0: 0x800004e2 (0x00020897) auipc   a7, 0x20
core   0: 3 0x800004e2 (0x00020897) x17 0x800204e2
core   0: 0x800004e6 (0xeeb88893) addi    a7, a7, -277
core   0: 3 0x800004e6 (0xeeb88893) x17 0x800203cd
core   0: 0x800004ea (0x00018817) auipc   a6, 0x18
core   0: 3 0x800004ea (0x00018817) x16 0x800184ea
core   0: 0x800004ee (0xadc80813) addi    a6, a6, -1316
core   0: 3 0x800004ee (0xadc80813) x16 0x80017fc6
core   0: 0x800004f2 (0x00018d97) auipc   s11, 0x18
core   0: 3 0x800004f2 (0x00018d97) x27 0x800184f2
core   0: 0x800004f6 (0xd77d8d93) addi    s11, s11, -649
core   0: 3 0x800004f6 (0xd77d8d93) x27 0x80018269
core   0: 0x800004fa (0x00d80823) sb      a3, 16(a6)
core   0: 3 0x800004fa (0x00d80823) mem 0x80017fd6 0xba
core   0: 0x800004fe (0x3dad8023) sb      s10, 960(s11)
core   0: 3 0x800004fe (0x3dad8023) mem 0x80018629 0x0
core   0: 0x80000502 (0x01888f03) lb      t5, 24(a7)
core   0: 3 0x80000502 (0x01888f03) x30 0x00000000 mem 0x800203e5
core   0: 0x80000506 (0xff880183) lb      gp, -8(a6)
core   0: 3 0x80000506 (0xff880183) x 3 0x00000000 mem 0x80017fbe
core   0: 0x8000050a (0xfe58cc83) lbu     s9, -27(a7)
core   0: 3 0x8000050a (0xfe58cc83) x25 0x00000000 mem 0x800203b2
core   0: 0x8000050e (0xff380703) lb      a4, -13(a6)
core   0: 3 0x8000050e (0xff380703) x14 0x00000000 mem 0x80017fb9
core   0: 0x80000512 (0xff380ea3) sb      s3, -3(a6)
core   0: 3 0x80000512 (0xff380ea3) mem 0x80017fc3 0x0
core   0: 0x80000516 (0x00485103) lhu     sp, 4(a6)
core   0: 3 0x80000516 (0x00485103) x 2 0x00000000 mem 0x80017fca
core   0: 0x8000051a (0xa28d8a03) lb      s4, -1496(s11)
core   0: 3 0x8000051a (0xa28d8a03) x20 0x00000000 mem 0x80017c91
core   0: 0x8000051e (0xe4fd80a3) sb      a5, -447(s11)
core   0: 3 0x8000051e (0xe4fd80a3) mem 0x800180aa 0x0
core   0: 0x80000522 (0x9a7dc783) lbu     a5, -1625(s11)
core   0: 3 0x80000522 (0x9a7dc783) x15 0x00000000 mem 0x80017c10
core   0: 0x80000526 (0x00680a03) lb      s4, 6(a6)
core   0: 3 0x80000526 (0x00680a03) x20 0x00000000 mem 0x80017fcc
core   0: 0x8000052a (0xfe288623) sb      sp, -20(a7)
core   0: 3 0x8000052a (0xfe288623) mem 0x800203b9 0x0
core   0: 0x8000052e (0x0cfdd403) lhu     s0, 207(s11)
core   0: 3 0x8000052e (0x0cfdd403) x 8 0x00000000 mem 0x80018338
core   0: 0x80000532 (0xfd988003) lb      zero, -39(a7)
core   0: 3 0x80000532 (0xfd988003) mem 0x800203a6
core   0: 0x80000536 (0x009801a3) sb      s1, 3(a6)
core   0: 3 0x80000536 (0x009801a3) mem 0x80017fc9 0x64
core   0: 0x8000053a (0x00685683) lhu     a3, 6(a6)
core   0: 3 0x8000053a (0x00685683) x13 0x00000000 mem 0x80017fcc
core   0: 0x8000053e (0xfe989b83) lh      s7, -23(a7)
core   0: 3 0x8000053e (0xfe989b83) x23 0x00000000 mem 0x800203b6
core   0: 0x80000542 (0x01080283) lb      t0, 16(a6)
core   0: 3 0x80000542 (0x01080283) x 5 0xffffffba mem 0x80017fd6
core   0: 0x80000546 (0xfc68c683) lbu     a3, -58(a7)
core   0: 3 0x80000546 (0xfc68c683) x13 0x00000000 mem 0x80020393
core   0: 0x8000054a (0x00022117) auipc   sp, 0x22
core   0: 3 0x8000054a (0x00022117) x 2 0x8002254a
core   0: 0x8000054e (0x73210113) addi    sp, sp, 1842
core   0: 3 0x8000054e (0x73210113) x 2 0x80022c7c
core   0: 0x80000552 (0xfc814c83) lbu     s9, -56(sp)
core   0: 3 0x80000552 (0xfc814c83) x25 0x00000000 mem 0x80022c44
core   0: 0x80000556 (0xfc811683) lh      a3, -56(sp)
core   0: 3 0x80000556 (0xfc811683) x13 0x00000000 mem 0x80022c44
core   0: 0x8000055a (0xfc815f83) lhu     t6, -56(sp)
core   0: 3 0x8000055a (0xfc815f83) x31 0x00000000 mem 0x80022c44
core   0: 0x8000055e (0xfce15383) lhu     t2, -50(sp)
core   0: 3 0x8000055e (0xfce15383) x 7 0x00000000 mem 0x80022c4a
core   0: 0x80000562 (0xfef10ea3) sb      a5, -3(sp)
core   0: 3 0x80000562 (0xfef10ea3) mem 0x80022c79 0x0
core   0: 0x80000566 (0xffd10a83) lb      s5, -3(sp)
core   0: 3 0x80000566 (0xffd10a83) x21 0x00000000 mem 0x80022c79
core   0: 0x8000056a (0xffd10403) lb      s0, -3(sp)
core   0: 3 0x8000056a (0xffd10403) x 8 0x00000000 mem 0x80022c79
core   0: 0x8000056e (0x0000c61a) c.swsp  t1, 12(sp)
core   0: 3 0x8000056e (0xc61a) mem 0x80022c88 0x00000001
core   0: 0x80000570 (0x00009b7d) c.andi  a4, -1
core   0: 3 0x80000570 (0x9b7d) x14 0x00000000
core   0: 0x80000572 (0x0000c60e) c.swsp  gp, 12(sp)
core   0: 3 0x80000572 (0xc60e) mem 0x80022c88 0x00000000
core   0: 0x80000574 (0x0360ec33) rem     s8, ra, s6
core   0: 3 0x80000574 (0x0360ec33) x24 0x00000001
core   0: 0x80000578 (0xffa11f83) lh      t6, -6(sp)
core   0: 3 0x80000578 (0xffa11f83) x31 0x00000000 mem 0x80022c76
core   0: 0x8000057c (0xe78e8d93) addi    s11, t4, -392
core   0: 3 0x8000057c (0xe78e8d93) x27 0x80020860
core   0: 0x80000580 (0x000089b1) c.andi  a1, 12
core   0: 3 0x80000580 (0x89b1) x11 0x00000008
core   0: 0x80000582 (0xff910b23) sb      s9, -10(sp)
core   0: 3 0x80000582 (0xff910b23) mem 0x80022c72 0x0
core   0: 0x80000586 (0x661f8e93) addi    t4, t6, 1633
core   0: 3 0x80000586 (0x661f8e93) x29 0x00000661
core   0: 0x8000058a (0xff614783) lbu     a5, -10(sp)
core   0: 3 0x8000058a (0xff614783) x15 0x00000000 mem 0x80022c72
core   0: 0x8000058e (0xfee108a3) sb      a4, -15(sp)
core   0: 3 0x8000058e (0xfee108a3) mem 0x80022c6d 0x0
core   0: 0x80000592 (0x00004822) c.lwsp  a6, 8(sp)
core   0: 3 0x80000592 (0x4822) x16 0x00000000 mem 0x80022c84
core   0: 0x80000594 (0xc898b693) sltiu   a3, a7, -887
core   0: 3 0x80000594 (0xc898b693) x13 0x00000001
core   0: 0x80000598 (0x03e10ca3) sb      t5, 57(sp)
core   0: 3 0x80000598 (0x03e10ca3) mem 0x80022cb5 0x0
core   0: 0x8000059c (0x03914083) lbu     ra, 57(sp)
core   0: 3 0x8000059c (0x03914083) x 1 0x00000000 mem 0x80022cb5
core   0: 0x800005a0 (0xefa7fe17) auipc   t3, 0xefa7f
core   0: 3 0x800005a0 (0xefa7fe17) x28 0x6fa7f5a0
core   0: 0x800005a4 (0x00a11f03) lh      t5, 10(sp)
core   0: 3 0x800005a4 (0x00a11f03) x30 0x00000000 mem 0x80022c86
core   0: 0x800005a8 (0x00a15d03) lhu     s10, 10(sp)
core   0: 3 0x800005a8 (0x00a15d03) x26 0x00000000 mem 0x80022c86
core   0: 0x800005ac (0x00013117) auipc   sp, 0x13
core   0: 3 0x800005ac (0x00013117) x 2 0x800135ac
core   0: 0x800005b0 (0xd0710113) addi    sp, sp, -761
core   0: 3 0x800005b0 (0xd0710113) x 2 0x800132b3
core   0: 0x800005b4 (0xfc614383) lbu     t2, -58(sp)
core   0: 3 0x800005b4 (0xfc614383) x 7 0x00000000 mem 0x80013279
core   0: 0x800005b8 (0xfc610323) sb      t1, -58(sp)
core   0: 3 0x800005b8 (0xfc610323) mem 0x80013279 0x1
core   0: 0x800005bc (0x003a05b3) add     a1, s4, gp
core   0: 3 0x800005bc (0x003a05b3) x11 0x00000000
core   0: 0x800005c0 (0xfe514403) lbu     s0, -27(sp)
core   0: 3 0x800005c0 (0xfe514403) x 8 0x00000000 mem 0x80013298
core   0: 0x800005c4 (0xfea122a3) sw      a0, -27(sp)
core   0: 3 0x800005c4 (0xfea122a3) mem 0x80013298 0xfd3e21da
core   0: 0x800005c8 (0xff0122a3) sw      a6, -27(sp)
core   0: 3 0x800005c8 (0xff0122a3) mem 0x80013298 0x00000000
core   0: 0x800005cc (0xfe512803) lw      a6, -27(sp)
core   0: 3 0x800005cc (0xfe512803) x16 0x00000000 mem 0x80013298
core   0: 0x800005d0 (0xfe5112a3) sh      t0, -27(sp)
core   0: 3 0x800005d0 (0xfe5112a3) mem 0x80013298 0xffba
core   0: 0x800005d4 (0xfe515283) lhu     t0, -27(sp)
core   0: 3 0x800005d4 (0xfe515283) x 5 0x0000ffba mem 0x80013298
core   0: 0x800005d8 (0x01112403) lw      s0, 17(sp)
core   0: 3 0x800005d8 (0x01112403) x 8 0x00000000 mem 0x800132c4
core   0: 0x800005dc (0x01115683) lhu     a3, 17(sp)
core   0: 3 0x800005dc (0x01115683) x13 0x00000000 mem 0x800132c4
core   0: 0x800005e0 (0x00008dd1) c.or    a1, a2
core   0: 3 0x800005e0 (0x8dd1) x11 0x82c333a5
core   0: 0x800005e2 (0x01112783) lw      a5, 17(sp)
core   0: 3 0x800005e2 (0x01112783) x15 0x00000000 mem 0x800132c4
core   0: 0x800005e6 (0x016108a3) sb      s6, 17(sp)
core   0: 3 0x800005e6 (0x016108a3) mem 0x800132c4 0x0
core   0: 0x800005ea (0x01114783) lbu     a5, 17(sp)
core   0: 3 0x800005ea (0x01114783) x15 0x00000000 mem 0x800132c4
core   0: 0x800005ee (0x003855b3) srl     a1, a6, gp
core   0: 3 0x800005ee (0x003855b3) x11 0x00000000
core   0: 0x800005f2 (0x01115d83) lhu     s11, 17(sp)
core   0: 3 0x800005f2 (0x01115d83) x27 0x00000000 mem 0x800132c4
core   0: 0x800005f6 (0x01115003) lhu     zero, 17(sp)
core   0: 3 0x800005f6 (0x01115003) mem 0x800132c4
core   0: 0x800005fa (0x000083b2) c.mv    t2, a2
core   0: 3 0x800005fa (0x83b2) x 7 0x82c333a5
core   0: 0x800005fc (0x008108a3) sb      s0, 17(sp)
core   0: 3 0x800005fc (0x008108a3) mem 0x800132c4 0x0
core   0: 0x80000600 (0x01c128a3) sw      t3, 17(sp)
core   0: 3 0x80000600 (0x01c128a3) mem 0x800132c4 0x6fa7f5a0
core   0: 0x80000604 (0x41a05333) sra     t1, zero, s10
core   0: 3 0x80000604 (0x41a05333) x 6 0x00000000
core   0: 0x80000608 (0x01b128a3) sw      s11, 17(sp)
core   0: 3 0x80000608 (0x01b128a3) mem 0x800132c4 0x00000000
core   0: 0x8000060c (0x00013d17) auipc   s10, 0x13
core   0: 3 0x8000060c (0x00013d17) x26 0x8001360c
core   0: 0x80000610 (0x5d2d0d13) addi    s10, s10, 1490
core   0: 3 0x80000610 (0x5d2d0d13) x26 0x80013bde
core   0: 0x80000614 (0x916d1703) lh      a4, -1770(s10)
core   0: 3 0x80000614 (0x916d1703) x14 0x00000000 mem 0x800134f4
core   0: 0x80000618 (0x0353ba33) mulhu   s4, t2, s5
core   0: 3 0x80000618 (0x0353ba33) x20 0x00000000
core   0: 0x8000061c (0x916d0b03) lb      s6, -1770(s10)
core   0: 3 0x8000061c (0x916d0b03) x22 0x00000000 mem 0x800134f4
core   0: 0x80000620 (0x916d5e03) lhu     t3, -1770(s10)
core   0: 3 0x80000620 (0x916d5e03) x28 0x00000000 mem 0x800134f4
core   0: 0x80000624 (0x916d1583) lh      a1, -1770(s10)
core   0: 3 0x80000624 (0x916d1583) x11 0x00000000 mem 0x800134f4
core   0: 0x80000628 (0x0210a8b3) mulhsu  a7, ra, ra
core   0: 3 0x80000628 (0x0210a8b3) x17 0x00000000
core   0: 0x8000062c (0x90dd2b23) sw      a3, -1770(s10)
core   0: 3 0x8000062c (0x90dd2b23) mem 0x800134f4 0x00000000
core   0: 0x80000630 (0x32dd0523) sb      a3, 810(s10)
core   0: 3 0x80000630 (0x32dd0523) mem 0x80013f08 0x0
core   0: 0x80000634 (0x32ad4003) lbu     zero, 810(s10)
core   0: 3 0x80000634 (0x32ad4003) mem 0x80013f08
core   0: 0x80000638 (0x33cd0523) sb      t3, 810(s10)
core   0: 3 0x80000638 (0x33cd0523) mem 0x80013f08 0x0
core   0: 0x8000063c (0x32ad5d83) lhu     s11, 810(s10)
core   0: 3 0x8000063c (0x32ad5d83) x27 0x00000000 mem 0x80013f08
core   0: 0x80000640 (0x32ad4883) lbu     a7, 810(s10)
core   0: 3 0x80000640 (0x32ad4883) x17 0x00000000 mem 0x80013f08
core   0: 0x80000644 (0x33bd2523) sw      s11, 810(s10)
core   0: 3 0x80000644 (0x33bd2523) mem 0x80013f08 0x00000000
core   0: 0x80000648 (0x32ad2d83) lw      s11, 810(s10)
core   0: 3 0x80000648 (0x32ad2d83) x27 0x00000000 mem 0x80013f08
core   0: 0x8000064c (0xfb4d0783) lb      a5, -76(s10)
core   0: 3 0x8000064c (0xfb4d0783) x15 0x00000000 mem 0x80013b92
core   0: 0x80000650 (0xfb9d1a23) sh      s9, -76(s10)
core   0: 3 0x80000650 (0xfb9d1a23) mem 0x80013b92 0x0000
core   0: 0x80000654 (0xfb4d0883) lb      a7, -76(s10)
core   0: 3 0x80000654 (0xfb4d0883) x17 0x00000000 mem 0x80013b92
core   0: 0x80000658 (0xfb4d5f83) lhu     t6, -76(s10)
core   0: 3 0x80000658 (0xfb4d5f83) x31 0x00000000 mem 0x80013b92
core   0: 0x8000065c (0xfa9d1a23) sh      s1, -76(s10)
core   0: 3 0x8000065c (0xfa9d1a23) mem 0x80013b92 0x8e64
core   0: 0x80000660 (0xfb4d5c03) lhu     s8, -76(s10)
core   0: 3 0x80000660 (0xfb4d5c03) x24 0x00008e64 mem 0x80013b92
core   0: 0x80000664 (0xfb4d1c03) lh      s8, -76(s10)
core   0: 3 0x80000664 (0xfb4d1c03) x24 0xffff8e64 mem 0x80013b92
core   0: 0x80000668 (0x00013b97) auipc   s7, 0x13
core   0: 3 0x80000668 (0x00013b97) x23 0x80013668
core   0: 0x8000066c (0x274b8b93) addi    s7, s7, 628
core   0: 3 0x8000066c (0x274b8b93) x23 0x800138dc
core   0: 0x80000670 (0x039b8e83) lb      t4, 57(s7)
core   0: 3 0x80000670 (0x039b8e83) x29 0x00000000 mem 0x80013915
core   0: 0x80000674 (0x035b8ca3) sb      s5, 57(s7)
core   0: 3 0x80000674 (0x035b8ca3) mem 0x80013915 0x0
core   0: 0x80000678 (0x039bcd83) lbu     s11, 57(s7)
core   0: 3 0x80000678 (0x039bcd83) x27 0x00000000 mem 0x80013915
core   0: 0x8000067c (0xfe9b88a3) sb      s1, -15(s7)
core   0: 3 0x8000067c (0xfe9b88a3) mem 0x800138cd 0x64
core   0: 0x80000680 (0x00f12fb3) slt     t6, sp, a5
core   0: 3 0x80000680 (0x00f12fb3) x31 0x00000001
core   0: 0x80000684 (0x09cbce83) lbu     t4, 156(s7)
core   0: 3 0x80000684 (0x09cbce83) x29 0x00000000 mem 0x80013978
core   0: 0x80000688 (0x099bae23) sw      s9, 156(s7)
core   0: 3 0x80000688 (0x099bae23) mem 0x80013978 0x00000000
core   0: 0x8000068c (0x08bb9e23) sh      a1, 156(s7)
core   0: 3 0x8000068c (0x08bb9e23) mem 0x80013978 0x0000
core   0: 0x80000690 (0xff1b8103) lb      sp, -15(s7)
core   0: 3 0x80000690 (0xff1b8103) x 2 0x00000064 mem 0x800138cd
core   0: 0x80000694 (0xff1bca03) lbu     s4, -15(s7)
core   0: 3 0x80000694 (0xff1bca03) x20 0x00000064 mem 0x800138cd
core   0: 0x80000698 (0xff7b88a3) sb      s7, -15(s7)
core   0: 3 0x80000698 (0xff7b88a3) mem 0x800138cd 0xdc
core   0: 0x8000069c (0xfc9bc003) lbu     zero, -55(s7)
core   0: 3 0x8000069c (0xfc9bc003) mem 0x800138a5
core   0: 0x800006a0 (0x0000062e) c.slli  a2, 11
core   0: 3 0x800006a0 (0x062e) x12 0x199d2800
core   0: 0x800006a2 (0xfc9bc683) lbu     a3, -55(s7)
core   0: 3 0x800006a2 (0xfc9bc683) x13 0x00000000 mem 0x800138a5
core   0: 0x800006a6 (0x056bce83) lbu     t4, 86(s7)
core   0: 3 0x800006a6 (0x056bce83) x29 0x00000000 mem 0x80013932
core   0: 0x800006aa (0x056bcf03) lbu     t5, 86(s7)
core   0: 3 0x800006aa (0x056bcf03) x30 0x00000000 mem 0x80013932
core   0: 0x800006ae (0x018579b3) and     s3, a0, s8
core   0: 3 0x800006ae (0x018579b3) x19 0xfd3e0040
core   0: 0x800006b2 (0x050bc703) lbu     a4, 80(s7)
core   0: 3 0x800006b2 (0x050bc703) x14 0x00000000 mem 0x8001392c
core   0: 0x800006b6 (0x055ba823) sw      s5, 80(s7)
core   0: 3 0x800006b6 (0x055ba823) mem 0x8001392c 0x00000000
core   0: 0x800006ba (0x00017117) auipc   sp, 0x17
core   0: 3 0x800006ba (0x00017117) x 2 0x800176ba
core   0: 0x800006be (0x18810113) addi    sp, sp, 392
core   0: 3 0x800006be (0x18810113) x 2 0x80017842
core   0: 0x800006c2 (0x9e815403) lhu     s0, -1560(sp)
core   0: 3 0x800006c2 (0x9e815403) x 8 0x00000000 mem 0x8001722a
core   0: 0x800006c6 (0x015d2833) slt     a6, s10, s5
core   0: 3 0x800006c6 (0x015d2833) x16 0x00000001
core   0: 0x800006ca (0x00008e3d) c.xor   a2, a5
core   0: 3 0x800006ca (0x8e3d) x12 0x199d2800
core   0: 0x800006cc (0x0283feb3) remu    t4, t2, s0
core   0: 3 0x800006cc (0x0283feb3) x29 0x82c333a5
core   0: 0x800006d0 (0x08a39c37) lui     s8, 0x8a39
core   0: 3 0x800006d0 (0x08a39c37) x24 0x08a39000
core   0: 0x800006d4 (0x00000001) c.nop
core   0: 3 0x800006d4 (0x0001)
core   0: 0x800006d6 (0x55470093) addi    ra, a4, 1364
core   0: 3 0x800006d6 (0x55470093) x 1 0x00000554
core   0: 0x800006da (0x03caceb3) div     t4, s5, t3
core   0: 3 0x800006da (0x03caceb3) x29 0xffffffff
core   0: 0x800006de (0x00008eb5) c.xor   a3, a3
core   0: 3 0x800006de (0x8eb5) x13 0x00000000
core   0: 0x800006e0 (0x000087ca) c.mv    a5, s2
core   0: 3 0x800006e0 (0x87ca) x15 0x8002cce4
core   0: 0x800006e2 (0x00008845) c.andi  s0, 17
core   0: 3 0x800006e2 (0x8845) x 8 0x00000000
core   0: 0x800006e4 (0x004dd793) srli    a5, s11, 4
core   0: 3 0x800006e4 (0x004dd793) x15 0x00000000
core   0: 0x800006e8 (0x01ba5f13) srli    t5, s4, 27
core   0: 3 0x800006e8 (0x01ba5f13) x30 0x00000000
core   0: 0x800006ec (0xd13103a3) sb      s3, -761(sp)
core   0: 3 0x800006ec (0xd13103a3) mem 0x80017549 0x40
core   0: 0x800006f0 (0x000066e1) c.lui   a3, 0x18
core   0: 3 0x800006f0 (0x66e1) x13 0x00018000
core   0: 0x800006f2 (0x00046433) or      s0, s0, zero
core   0: 3 0x800006f2 (0x00046433) x 8 0x00000000
core   0: 0x800006f6 (0x00000001) c.nop
core   0: 3 0x800006f6 (0x0001)
core   0: 0x800006f8 (0xc1c10a23) sb      t3, -1004(sp)
core   0: 3 0x800006f8 (0xc1c10a23) mem 0x80017456 0x0
core   0: 0x800006fc (0x00008b6d) c.andi  a4, 27
core   0: 3 0x800006fc (0x8b6d) x14 0x00000000
core   0: 0x800006fe (0x68510283) lb      t0, 1669(sp)
core   0: 3 0x800006fe (0x68510283) x 5 0x00000000 mem 0x80017ec7
core   0: 0x80000702 (0x12015303) lhu     t1, 288(sp)
core   0: 3 0x80000702 (0x12015303) x 6 0x00000000 mem 0x80017962
core   0: 0x80000706 (0x02fd1fb3) mulh    t6, s10, a5
core   0: 3 0x80000706 (0x02fd1fb3) x31 0x00000000
core   0: 0x8000070a (0x9fd10e83) lb      t4, -1539(sp)
core   0: 3 0x8000070a (0x9fd10e83) x29 0x00000000 mem 0x8001723f
core   0: 0x8000070e (0x2ca14583) lbu     a1, 714(sp)
core   0: 3 0x8000070e (0x2ca14583) x11 0x00000000 mem 0x80017b0c
core   0: 0x80000712 (0x0ff0000f) fence   iorw,iorw
core   0: 3 0x80000712 (0x0ff0000f)
core   0: 0x80000716 (0x00004691) c.li    a3, 4
core   0: 3 0x80000716 (0x4691) x13 0x00000004
core   0: 0x80000718 (0x00001a7d) c.addi  s4, -1
core   0: 3 0x80000718 (0x1a7d) x20 0x00000063
core   0: 0x8000071a (0x09d14d83) lbu     s11, 157(sp)
core   0: 3 0x8000071a (0x09d14d83) x27 0x00000000 mem 0x800178df
core   0: 0x8000071e (0xd4512323) sw      t0, -698(sp)
core   0: 3 0x8000071e (0xd4512323) mem 0x80017588 0x00000000
core   0: 0x80000722 (0x00000cee) c.slli  s9, 27
core   0: 3 0x80000722 (0x0cee) x25 0x00000000
core   0: 0x80000724 (0x01fe1093) slli    ra, t3, 31
core   0: 3 0x80000724 (0x01fe1093) x 1 0x00000000
core   0: 0x80000728 (0x02fc7f33) remu    t5, s8, a5
core   0: 3 0x80000728 (0x02fc7f33) x30 0x08a39000
core   0: 0x8000072c (0x73a8ab13) slti    s6, a7, 1850
core   0: 3 0x8000072c (0x73a8ab13) x22 0x00000001
core   0: 0x80000730 (0x0ff0000f) fence   iorw,iorw
core   0: 3 0x80000730 (0x0ff0000f)
core   0: 0x80000734 (0xc0f14303) lbu     t1, -1009(sp)
core   0: 3 0x80000734 (0xc0f14303) x 6 0x00000000 mem 0x80017451
core   0: 0x80000738 (0x0001c597) auipc   a1, 0x1c
core   0: 3 0x80000738 (0x0001c597) x11 0x8001c738
core   0: 0x8000073c (0xb4358593) addi    a1, a1, -1213
core   0: 3 0x8000073c (0xb4358593) x11 0x8001c27b
core   0: 0x80000740 (0x00d58623) sb      a3, 12(a1)
core   0: 3 0x80000740 (0x00d58623) mem 0x8001c287 0x4
core   0: 0x80000744 (0x0025c083) lbu     ra, 2(a1)
core   0: 3 0x80000744 (0x0025c083) x 1 0x00000000 mem 0x8001c27d
core   0: 0x80000748 (0x00013217) auipc   tp, 0x13
core   0: 3 0x80000748 (0x00013217) x 4 0x80013748
core   0: 0x8000074c (0xb6d20213) addi    tp, tp, -1171
core   0: 3 0x8000074c (0xb6d20213) x 4 0x800132b5
core   0: 0x80000750 (0x00358623) sb      gp, 12(a1)
core   0: 3 0x80000750 (0x00358623) mem 0x8001c287 0x0
core   0: 0x80000754 (0x17f21b03) lh      s6, 383(tp)
core   0: 3 0x80000754 (0x17f21b03) x22 0x00000000 mem 0x80013434
core   0: 0x80000758 (0xf1a20883) lb      a7, -230(tp)
core   0: 3 0x80000758 (0xf1a20883) x17 0x00000000 mem 0x800131cf
core   0: 0x8000075c (0xff35d403) lhu     s0, -13(a1)
core   0: 3 0x8000075c (0xff35d403) x 8 0x00000000 mem 0x8001c26e
core   0: 0x80000760 (0xf2920d03) lb      s10, -215(tp)
core   0: 3 0x80000760 (0xf2920d03) x26 0x00000000 mem 0x800131de
core   0: 0x80000764 (0x0085c883) lbu     a7, 8(a1)
core   0: 3 0x80000764 (0x0085c883) x17 0x00000000 mem 0x8001c283
core   0: 0x80000768 (0x02424f03) lbu     t5, 36(tp)
core   0: 3 0x80000768 (0x02424f03) x30 0x00000000 mem 0x800132d9
core   0: 0x8000076c (0x66d25d03) lhu     s10, 1645(tp)
core   0: 3 0x8000076c (0x66d25d03) x26 0x00000000 mem 0x80013922
core   0: 0x80000770 (0x003597a3) sh      gp, 15(a1)
core   0: 3 0x80000770 (0x003597a3) mem 0x8001c28a 0x0000
core   0: 0x80000774 (0x301223a3) sw      ra, 775(tp)
core   0: 3 0x80000774 (0x301223a3) mem 0x800135bc 0x00000000
core   0: 0x80000778 (0x31820283) lb      t0, 792(tp)
core   0: 3 0x80000778 (0x31820283) x 5 0x00000000 mem 0x800135cd
core   0: 0x8000077c (0xe2d24803) lbu     a6, -467(tp)
core   0: 3 0x8000077c (0xe2d24803) x16 0x00000000 mem 0x800130e2
core   0: 0x80000780 (0xff65cf83) lbu     t6, -10(a1)
core   0: 3 0x80000780 (0xff65cf83) x31 0x00000000 mem 0x8001c271
core   0: 0x80000784 (0x2ed20623) sb      a3, 748(tp)
core   0: 3 0x80000784 (0x2ed20623) mem 0x800135a1 0x4
core   0: 0x80000788 (0x00559103) lh      sp, 5(a1)
core   0: 3 0x80000788 (0x00559103) x 2 0x00000000 mem 0x8001c280
core   0: 0x8000078c (0x18c20d83) lb      s11, 396(tp)
core   0: 3 0x8000078c (0x18c20d83) x27 0x00000000 mem 0x80013441
core   0: 0x80000790 (0x00014117) auipc   sp, 0x14
core   0: 3 0x80000790 (0x00014117) x 2 0x80014790
core   0: 0x80000794 (0x9f410113) addi    sp, sp, -1548
core   0: 3 0x80000794 (0x9f410113) x 2 0x80014184
core   0: 0x80000798 (0x01c11723) sh      t3, 14(sp)
core   0: 3 0x80000798 (0x01c11723) mem 0x80014192 0x0000
core   0: 0x8000079c (0x0000c646) c.swsp  a7, 12(sp)
core   0: 3 0x8000079c (0xc646) mem 0x80014190 0x00000000
core   0: 0x8000079e (0x0000c25e) c.swsp  s7, 4(sp)
core   0: 3 0x8000079e (0xc25e) mem 0x80014188 0x800138dc
core   0: 0x800007a0 (0x25d4ff13) andi    t5, s1, 605
core   0: 3 0x800007a0 (0x25d4ff13) x30 0x00000244
core   0: 0x800007a4 (0x00008ad1) c.andi  a3, 20
core   0: 3 0x800007a4 (0x8ad1) x13 0x00000004
core   0: 0x800007a6 (0xffe15c83) lhu     s9, -2(sp)
core   0: 3 0x800007a6 (0xffe15c83) x25 0x00000000 mem 0x80014182
core   0: 0x800007aa (0x0000c62a) c.swsp  a0, 12(sp)
core   0: 3 0x800007aa (0xc62a) mem 0x80014190 0xfd3e21da
core   0: 0x800007ac (0xff310e03) lb      t3, -13(sp)
core   0: 3 0x800007ac (0xff310e03) x28 0x00000000 mem 0x80014177
core   0: 0x800007b0 (0xffa15883) lhu     a7, -6(sp)
core   0: 3 0x800007b0 (0xffa15883) x17 0x00000000 mem 0x8001417e
core   0: 0x800007b4 (0x00008f0d) c.sub   a4, a1
core   0: 3 0x800007b4 (0x8f0d) x14 0x7ffe3d85
core   0: 0x800007b6 (0x00e11983) lh      s3, 14(sp)
core   0: 3 0x800007b6 (0x00e11983) x19 0xfffffd3e mem 0x80014192
core   0: 0x800007ba (0x00914983) lbu     s3, 9(sp)
core   0: 3 0x800007ba (0x00914983) x19 0x00000000 mem 0x8001418d
core   0: 0x800007be (0x027af633) remu    a2, s5, t2
core   0: 3 0x800007be (0x027af633) x12 0x00000000
core   0: 0x800007c2 (0xfec10d23) sb      a2, -6(sp)
core   0: 3 0x800007c2 (0xfec10d23) mem 0x8001417e 0x0
core   0: 0x800007c6 (0x00510803) lb      a6, 5(sp)
core   0: 3 0x800007c6 (0x00510803) x16 0x00000038 mem 0x80014189
core   0: 0x800007ca (0x00006399) c.lui   t2, 0x6
core   0: 3 0x800007ca (0x6399) x 7 0x00006000
core   0: 0x800007cc (0x000047b2) c.lwsp  a5, 12(sp)
core   0: 3 0x800007cc (0x47b2) x15 0xfd3e21da mem 0x80014190
core   0: 0x800007ce (0xffe10fa3) sb      t5, -1(sp)
core   0: 3 0x800007ce (0xffe10fa3) mem 0x80014183 0x44
core   0: 0x800007d2 (0x00000001) c.nop
core   0: 3 0x800007d2 (0x0001)
core   0: 0x800007d4 (0x00611a03) lh      s4, 6(sp)
core   0: 3 0x800007d4 (0x00611a03) x20 0xffff8001 mem 0x8001418a
core   0: 0x800007d8 (0x034557b3) divu    a5, a0, s4
core   0: 3 0x800007d8 (0x034557b3) x15 0x00000000
core   0: 0x800007dc (0xffd10f23) sb      t4, -2(sp)
core   0: 3 0x800007dc (0xffd10f23) mem 0x80014182 0x0
core   0: 0x800007e0 (0x00f10523) sb      a5, 10(sp)
core   0: 3 0x800007e0 (0x00f10523) mem 0x8001418e 0x0
core   0: 0x800007e4 (0xff010b03) lb      s6, -16(sp)
core   0: 3 0x800007e4 (0xff010b03) x22 0x00000000 mem 0x80014174
core   0: 0x800007e8 (0x8cee8837) lui     a6, 0x8cee8
core   0: 3 0x800007e8 (0x8cee8837) x16 0x8cee8000
core   0: 0x800007ec (0xfef10da3) sb      a5, -5(sp)
core   0: 3 0x800007ec (0xfef10da3) mem 0x8001417f 0x0
core   0: 0x800007f0 (0x00314003) lbu     zero, 3(sp)
core   0: 3 0x800007f0 (0x00314003) mem 0x80014187
core   0: 0x800007f4 (0x00a15c83) lhu     s9, 10(sp)
core   0: 3 0x800007f4 (0x00a15c83) x25 0x00000000 mem 0x8001418e
core   0: 0x800007f8 (0x00114203) lbu     tp, 1(sp)
core   0: 3 0x800007f8 (0x00114203) x 4 0x00000000 mem 0x80014185
core   0: 0x800007fc (0xfeb12c23) sw      a1, -8(sp)
core   0: 3 0x800007fc (0xfeb12c23) mem 0x8001417c 0x8001c27b
core   0: 0x80000800 (0x00008e91) c.sub   a3, a2
core   0: 3 0x80000800 (0x8e91) x13 0x00000004
core   0: 0x80000802 (0xfec10fa3) sb      a2, -1(sp)
core   0: 3 0x80000802 (0xfec10fa3) mem 0x80014183 0x0
core   0: 0x80000806 (0x01f11123) sh      t6, 2(sp)
core   0: 3 0x80000806 (0x01f11123) mem 0x80014186 0x0000
core   0: 0x8000080a (0xff812783) lw      a5, -8(sp)
core   0: 3 0x8000080a (0xff812783) x15 0x8001c27b mem 0x8001417c
core   0: 0x8000080e (0xffc14d03) lbu     s10, -4(sp)
core   0: 3 0x8000080e (0xffc14d03) x26 0x00000000 mem 0x80014180
core   0: 0x80000812 (0x00f9b433) sltu    s0, s3, a5
core   0: 3 0x80000812 (0x00f9b433) x 8 0x00000001
core   0: 0x80000816 (0xffd108a3) sb      t4, -15(sp)
core   0: 3 0x80000816 (0xffd108a3) mem 0x80014175 0x0
core   0: 0x8000081a (0x000045c2) c.lwsp  a1, 16(sp)
core   0: 3 0x8000081a (0x45c2) x11 0x00000000 mem 0x80014194
core   0: 0x8000081c (0x00008de5) c.and   a1, s1
core   0: 3 0x8000081c (0x8de5) x11 0x00000000
core   0: 0x8000081e (0x03a2d8b3) divu    a7, t0, s10
core   0: 3 0x8000081e (0x03a2d8b3) x17 0xffffffff
core   0: 0x80000822 (0x0000c406) c.swsp  ra, 8(sp)
core   0: 3 0x80000822 (0xc406) mem 0x8001418c 0x00000000
core   0: 0x80000824 (0x00021397) auipc   t2, 0x21
core   0: 3 0x80000824 (0x00021397) x 7 0x80021824
core   0: 0x80000828 (0xdeb38393) addi    t2, t2, -533
core   0: 3 0x80000828 (0xdeb38393) x 7 0x8002160f
core   0: 0x8000082c (0xa7c38883) lb      a7, -1412(t2)
core   0: 3 0x8000082c (0xa7c38883) x17 0x00000000 mem 0x8002108b
core   0: 0x80000830 (0x9d63a2a3) sw      s6, -1595(t2)
core   0: 3 0x80000830 (0x9d63a2a3) mem 0x80020fd4 0x00000000
core   0: 0x80000834 (0x187392a3) sh      t2, 389(t2)
core   0: 3 0x80000834 (0x187392a3) mem 0x80021794 0x160f
core   0: 0x80000838 (0xa0438923) sb      tp, -1518(t2)
core   0: 3 0x80000838 (0xa0438923) mem 0x80021021 0x0
core   0: 0x8000083c (0xac272413) slti    s0, a4, -1342
core   0: 3 0x8000083c (0xac272413) x 8 0x00000000
core   0: 0x80000840 (0x0196af33) slt     t5, a3, s9
core   0: 3 0x80000840 (0x0196af33) x30 0x00000000
core   0: 0x80000844 (0x57838283) lb      t0, 1400(t2)
core   0: 3 0x80000844 (0x57838283) x 5 0x00000000 mem 0x80021b87
core   0: 0x80000848 (0xebd38583) lb      a1, -323(t2)
core   0: 3 0x80000848 (0xebd38583) x11 0x00000000 mem 0x800214cc
core   0: 0x8000084c (0x413edeb3) sra     t4, t4, s3
core   0: 3 0x8000084c (0x413edeb3) x29 0x00000000
core   0: 0x80000850 (0x40dad833) sra     a6, s5, a3
core   0: 3 0x80000850 (0x40dad833) x16 0x00000000
core   0: 0x80000854 (0xcd939403) lh      s0, -807(t2)
core   0: 3 0x80000854 (0xcd939403) x 8 0x00000000 mem 0x800212e8
core   0: 0x80000858 (0x0122cfb3) xor     t6, t0, s2
core   0: 3 0x80000858 (0x0122cfb3) x31 0x8002cce4
core   0: 0x8000085c (0x00daa233) slt     tp, s5, a3
core   0: 3 0x8000085c (0x00daa233) x 4 0x00000001
core   0: 0x80000860 (0xa38bfd93) andi    s11, s7, -1480
core   0: 3 0x80000860 (0xa38bfd93) x27 0x80013818
core   0: 0x80000864 (0xee29f813) andi    a6, s3, -286
core   0: 3 0x80000864 (0xee29f813) x16 0x00000000
core   0: 0x80000868 (0x48938203) lb      tp, 1161(t2)
core   0: 3 0x80000868 (0x48938203) x 4 0x00000000 mem 0x80021a98
core   0: 0x8000086c (0x00008aa9) c.andi  a3, 10
core   0: 3 0x8000086c (0x8aa9) x13 0x00000000
core   0: 0x8000086e (0xa582fa93) andi    s5, t0, -1448
core   0: 3 0x8000086e (0xa582fa93) x21 0x00000000
core   0: 0x80000872 (0xf503c203) lbu     tp, -176(t2)
core   0: 3 0x80000872 (0xf503c203) x 4 0x00000000 mem 0x8002155f
core   0: 0x80000876 (0x41475f93) srai    t6, a4, 20
core   0: 3 0x80000876 (0x41475f93) x31 0x000007ff
core   0: 0x8000087a (0x6833d583) lhu     a1, 1667(t2)
core   0: 3 0x8000087a (0x6833d583) x11 0x00000000 mem 0x80021c92
core   0: 0x8000087e (0xd063c083) lbu     ra, -762(t2)
core   0: 3 0x8000087e (0xd063c083) x 1 0x00000000 mem 0x80021315
core   0: 0x80000882 (0x39d3cf83) lbu     t6, 925(t2)
core   0: 3 0x80000882 (0x39d3cf83) x31 0x00000000 mem 0x800219ac
core   0: 0x80000886 (0x03521b33) mulh    s6, tp, s5
core   0: 3 0x80000886 (0x03521b33) x22 0x00000000
core   0: 0x8000088a (0x00008b41) c.andi  a4, 16
core   0: 3 0x8000088a (0x8b41) x14 0x00000000
core   0: 0x8000088c (0xb1338183) lb      gp, -1261(t2)
core   0: 3 0x8000088c (0xb1338183) x 3 0x00000000 mem 0x80021122
core   0: 0x80000890 (0x12f3d703) lhu     a4, 303(t2)
core   0: 3 0x80000890 (0x12f3d703) x14 0x00000000 mem 0x8002173e
core   0: 0x80000894 (0x90c3cd03) lbu     s10, -1780(t2)
core   0: 3 0x80000894 (0x90c3cd03) x26 0x00000000 mem 0x80020f1b
core   0: 0x80000898 (0x0ab38323) sb      a1, 166(t2)
core   0: 3 0x80000898 (0x0ab38323) mem 0x800216b5 0x0
core   0: 0x8000089c (0xa783c283) lbu     t0, -1416(t2)
core   0: 3 0x8000089c (0xa783c283) x 5 0x00000000 mem 0x80021087
core   0: 0x800008a0 (0x016ab8b3) sltu    a7, s5, s6
core   0: 3 0x800008a0 (0x016ab8b3) x17 0x00000000
core   0: 0x800008a4 (0x22338623) sb      gp, 556(t2)
core   0: 3 0x800008a4 (0x22338623) mem 0x8002183b 0x0
core   0: 0x800008a8 (0xdc738e23) sb      t2, -548(t2)
core   0: 3 0x800008a8 (0xdc738e23) mem 0x800213eb 0xf
core   0: 0x800008ac (0x01022fb3) slt     t6, tp, a6
core   0: 3 0x800008ac (0x01022fb3) x31 0x00000000
core   0: 0x800008b0 (0x6a2381a3) sb      sp, 1699(t2)
core   0: 3 0x800008b0 (0x6a2381a3) mem 0x80021cb2 0x84
core   0: 0x800008b4 (0x0dc3aca3) sw      t3, 217(t2)
core   0: 3 0x800008b4 (0x0dc3aca3) mem 0x800216e8 0x00000000
core   0: 0x800008b8 (0x8b73c083) lbu     ra, -1865(t2)
core   0: 3 0x800008b8 (0x8b73c083) x 1 0x00000000 mem 0x80020ec6
core   0: 0x800008bc (0x00008d89) c.sub   a1, a0
core   0: 3 0x800008bc (0x8d89) x11 0x02c1de26
core   0: 0x800008be (0x6d4383a3) sb      s4, 1735(t2)
core   0: 3 0x800008be (0x6d4383a3) mem 0x80021cd6 0x1
core   0: 0x800008c2 (0x6d7e8a13) addi    s4, t4, 1751
core   0: 3 0x800008c2 (0x6d7e8a13) x20 0x000006d7
core   0: 0x800008c6 (0xb0838d23) sb      s0, -1254(t2)
core   0: 3 0x800008c6 (0xb0838d23) mem 0x80021129 0x0
core   0: 0x800008ca (0x0fc39ba3) sh      t3, 247(t2)
core   0: 3 0x800008ca (0x0fc39ba3) mem 0x80021706 0x0000
core   0: 0x800008ce (0x75e3c183) lbu     gp, 1886(t2)
core   0: 3 0x800008ce (0x75e3c183) x 3 0x00000000 mem 0x80021d6d
core   0: 0x800008d2 (0x00013117) auipc   sp, 0x13
core   0: 3 0x800008d2 (0x00013117) x 2 0x800138d2
core   0: 0x800008d6 (0x99310113) addi    sp, sp, -1645
core   0: 3 0x800008d6 (0x99310113) x 2 0x80013265
core   0: 0x800008da (0x00008c29) c.xor   s0, a0
core   0: 3 0x800008da (0x8c29) x 8 0xfd3e21da
core   0: 0x800008dc (0x402c0d33) sub     s10, s8, sp
core   0: 3 0x800008dc (0x402c0d33) x26 0x88a25d9b
core   0: 0x800008e0 (0xff511a83) lh      s5, -11(sp)
core   0: 3 0x800008e0 (0xff511a83) x21 0x00000000 mem 0x8001325a
core   0: 0x800008e4 (0x00510523) sb      t0, 10(sp)
core   0: 3 0x800008e4 (0x00510523) mem 0x8001326f 0x0
core   0: 0x800008e8 (0x0000100f) fence.i
core   0: 3 0x800008e8 (0x0000100f)
core   0: 0x800008ec (0x00e10b03) lb      s6, 14(sp)
core   0: 3 0x800008ec (0x00e10b03) x22 0x00000000 mem 0x80013273
core   0: 0x800008f0 (0x01710023) sb      s7, 0(sp)
core   0: 3 0x800008f0 (0x01710023) mem 0x80013265 0xdc
core   0: 0x800008f4 (0x000099fd) c.andi  a1, -1
core   0: 3 0x800008f4 (0x99fd) x11 0x02c1de26
core   0: 0x800008f6 (0x409c80b3) sub     ra, s9, s1
core   0: 3 0x800008f6 (0x409c80b3) x 1 0x7ffd719c
core   0: 0x800008fa (0x03dc8d33) mul     s10, s9, t4
core   0: 3 0x800008fa (0x03dc8d33) x26 0x00000000
core   0: 0x800008fe (0x00b10823) sb      a1, 16(sp)
core   0: 3 0x800008fe (0x00b10823) mem 0x80013275 0x26
core   0: 0x80000902 (0xffb14983) lbu     s3, -5(sp)
core   0: 3 0x80000902 (0xffb14983) x19 0x00000000 mem 0x80013260
core   0: 0x80000906 (0xffb12883) lw      a7, -5(sp)
core   0: 3 0x80000906 (0xffb12883) x17 0x00000000 mem 0x80013260
core   0: 0x8000090a (0x542ba2b7) lui     t0, 0x542ba
core   0: 3 0x8000090a (0x542ba2b7) x 5 0x542ba000
core   0: 0x8000090e (0x01a107a3) sb      s10, 15(sp)
core   0: 3 0x8000090e (0x01a107a3) mem 0x80013274 0x0
core   0: 0x80000912 (0x00009216) c.add   tp, t0
core   0: 3 0x80000912 (0x9216) x 4 0x542ba000
core   0: 0x80000914 (0xfea10ca3) sb      a0, -7(sp)
core   0: 3 0x80000914 (0xfea10ca3) mem 0x8001325e 0xda
core   0: 0x80000918 (0xff014683) lbu     a3, -16(sp)
core   0: 3 0x80000918 (0xff014683) x13 0x00000000 mem 0x80013255
core   0: 0x8000091c (0x03e81cb3) mulh    s9, a6, t5
core   0: 3 0x8000091c (0x03e81cb3) x25 0x00000000
core   0: 0x80000920 (0x00008d89) c.sub   a1, a0
core   0: 3 0x80000920 (0x8d89) x11 0x0583bc4c
core   0: 0x80000922 (0xb2182893) slti    a7, a6, -1247
core   0: 3 0x80000922 (0xb2182893) x17 0x00000000
core   0: 0x80000926 (0xfe111aa3) sh      ra, -11(sp)
core   0: 3 0x80000926 (0xfe111aa3) mem 0x8001325a 0x719c
core   0: 0x8000092a (0x00310283) lb      t0, 3(sp)
core   0: 3 0x8000092a (0x00310283) x 5 0x00000000 mem 0x80013268
core   0: 0x8000092e (0x00008de5) c.and   a1, s1
core   0: 3 0x8000092e (0x8de5) x11 0x00028c44
core   0: 0x80000930 (0x402bd893) srai    a7, s7, 2
core   0: 3 0x80000930 (0x402bd893) x17 0xe0004e37
core   0: 0x80000934 (0xff712e03) lw      t3, -9(sp)
core   0: 3 0x80000934 (0xff712e03) x28 0x00da0000 mem 0x8001325c
core   0: 0x80000938 (0x00826833) or      a6, tp, s0
core   0: 3 0x80000938 (0x00826833) x16 0xfd3fa1da
core   0: 0x8000093c (0x41b05e33) sra     t3, zero, s11
core   0: 3 0x8000093c (0x41b05e33) x28 0x00000000
core   0: 0x80000940 (0xfe210d23) sb      sp, -6(sp)
core   0: 3 0x80000940 (0xfe210d23) mem 0x8001325f 0x65
core   0: 0x80000944 (0x000066cd) c.lui   a3, 0x13
core   0: 3 0x80000944 (0x66cd) x13 0x00013000
core   0: 0x80000946 (0x19b08797) auipc   a5, 0x19b08
core   0: 3 0x80000946 (0x19b08797) x15 0x99b08946
core   0: 0x8000094a (0x0000861d) c.srai  a2, 7
core   0: 3 0x8000094a (0x861d) x12 0x00000000
core   0: 0x8000094c (0x000089ae) c.mv    s3, a1
core   0: 3 0x8000094c (0x89ae) x19 0x00028c44
core   0: 0x8000094e (0xffb10583) lb      a1, -5(sp)
core   0: 3 0x8000094e (0xffb10583) x11 0x00000000 mem 0x80013260
core   0: 0x80000952 (0x017127a3) sw      s7, 15(sp)
core   0: 3 0x80000952 (0x017127a3) mem 0x80013274 0x800138dc
core   0: 0x80000956 (0x000051fd) c.li    gp, -1
core   0: 3 0x80000956 (0x51fd) x 3 0xffffffff
core   0: 0x80000958 (0xfff10ea3) sb      t6, -3(sp)
core   0: 3 0x80000958 (0xfff10ea3) mem 0x80013262 0x0
core   0: 0x8000095c (0x00006c2d) c.lui   s8, 0xb
core   0: 3 0x8000095c (0x6c2d) x24 0x0000b000
core   0: 0x8000095e (0xff010e03) lb      t3, -16(sp)
core   0: 3 0x8000095e (0xff010e03) x28 0x00000000 mem 0x80013255
core   0: 0x80000962 (0xff910803) lb      a6, -7(sp)
core   0: 3 0x80000962 (0xff910803) x16 0xffffffda mem 0x8001325e
core   0: 0x80000966 (0x00b7d9b3) srl     s3, a5, a1
core   0: 3 0x80000966 (0x00b7d9b3) x19 0x99b08946
core   0: 0x8000096a (0x00008f71) c.and   a4, a2
core   0: 3 0x8000096a (0x8f71) x14 0x00000000
core   0: 0x8000096c (0x013111a3) sh      s3, 3(sp)
core   0: 3 0x8000096c (0x013111a3) mem 0x80013268 0x8946
core   0: 0x80000970 (0x00210a83) lb      s5, 2(sp)
core   0: 3 0x80000970 (0x00210a83) x21 0x00000000 mem 0x80013267
core   0: 0x80000974 (0xff614583) lbu     a1, -10(sp)
core   0: 3 0x80000974 (0xff614583) x11 0x00000071 mem 0x8001325b
core   0: 0x80000978 (0x014cb633) sltu    a2, s9, s4
core   0: 3 0x80000978 (0x014cb633) x12 0x00000001
core   0: 0x8000097c (0x48c4c5b7) lui     a1, 0x48c4c
core   0: 3 0x8000097c (0x48c4c5b7) x11 0x48c4c000
core   0: 0x80000980 (0x410b8a33) sub     s4, s7, a6
core   0: 3 0x80000980 (0x410b8a33) x20 0x80013902
core   0: 0x80000984 (0xff410d03) lb      s10, -12(sp)
core   0: 3 0x80000984 (0xff410d03) x26 0x00000000 mem 0x80013259
core   0: 0x80000988 (0x00f15703) lhu     a4, 15(sp)
core   0: 3 0x80000988 (0x00f15703) x14 0x000038dc mem 0x80013274
core   0: 0x8000098c (0x036ac733) div     a4, s5, s6
core   0: 3 0x8000098c (0x036ac733) x14 0xffffffff
core   0: 0x80000990 (0xff110e23) sb      a7, -4(sp)
core   0: 3 0x80000990 (0xff110e23) mem 0x80013261 0x37
core   0: 0x80000994 (0xfe610ca3) sb      t1, -7(sp)
core   0: 3 0x80000994 (0xfe610ca3) mem 0x8001325e 0x0
core   0: 0x80000998 (0x00017117) auipc   sp, 0x17
core   0: 3 0x80000998 (0x00017117) x 2 0x80017998
core   0: 0x8000099c (0xc5910113) addi    sp, sp, -935
core   0: 3 0x8000099c (0xc5910113) x 2 0x800175f1
core   0: 0x800009a0 (0x00008291) c.srli  a3, 4
core   0: 3 0x800009a0 (0x8291) x13 0x00001300
core   0: 0x800009a2 (0x00008261) c.srli  a2, 24
core   0: 3 0x800009a2 (0x8261) x12 0x00000000
core   0: 0x800009a4 (0xfc2121a3) sw      sp, -61(sp)
core   0: 3 0x800009a4 (0xfc2121a3) mem 0x800175b4 0x800175f1
core   0: 0x800009a8 (0x00008c55) c.or    s0, a3
core   0: 3 0x800009a8 (0x8c55) x 8 0xfd3e33da
core   0: 0x800009aa (0x5fc28193) addi    gp, t0, 1532
core   0: 3 0x800009aa (0x5fc28193) x 3 0x000005fc
core   0: 0x800009ae (0x03810d23) sb      s8, 58(sp)
core   0: 3 0x800009ae (0x03810d23) mem 0x8001762b 0x0
core   0: 0x800009b2 (0xfd3114a3) sh      s3, -55(sp)
core   0: 3 0x800009b2 (0xfd3114a3) mem 0x800175ba 0x8946
core   0: 0x800009b6 (0xfe710923) sb      t2, -14(sp)
core   0: 3 0x800009b6 (0xfe710923) mem 0x800175e3 0xf
core   0: 0x800009ba (0x04510023) sb      t0, 64(sp)
core   0: 3 0x800009ba (0x04510023) mem 0x80017631 0x0
core   0: 0x800009be (0x00000001) c.nop
core   0: 3 0x800009be (0x0001)
core   0: 0x800009c0 (0x036da8b3) mulhsu  a7, s11, s6
core   0: 3 0x800009c0 (0x036da8b3) x17 0x00000000
core   0: 0x800009c4 (0xfc311e03) lh      t3, -61(sp)
core   0: 3 0x800009c4 (0xfc311e03) x28 0x000075f1 mem 0x800175b4
core   0: 0x800009c8 (0x00000001) c.nop
core   0: 3 0x800009c8 (0x0001)
core   0: 0x800009ca (0x026bc9b3) div     s3, s7, t1
core   0: 3 0x800009ca (0x026bc9b3) x19 0xffffffff
core   0: 0x800009ce (0x41975993) srai    s3, a4, 25
core   0: 3 0x800009ce (0x41975993) x19 0xffffffff
core   0: 0x800009d2 (0x00008029) c.srli  s0, 10
core   0: 3 0x800009d2 (0x8029) x 8 0x003f4f8c
core   0: 0x800009d4 (0x0000100f) fence.i
core   0: 3 0x800009d4 (0x0000100f)
core   0: 0x800009d8 (0x02910b83) lb      s7, 41(sp)
core   0: 3 0x800009d8 (0x02910b83) x23 0x00000000 mem 0x8001761a
core   0: 0x800009dc (0x0000100f) fence.i
core   0: 3 0x800009dc (0x0000100f)
core   0: 0x800009e0 (0x00210983) lb      s3, 2(sp)
core   0: 3 0x800009e0 (0x00210983) x19 0x00000000 mem 0x800175f3
core   0: 0x800009e4 (0xfc710123) sb      t2, -62(sp)
core   0: 3 0x800009e4 (0xfc710123) mem 0x800175b3 0xf
core   0: 0x800009e8 (0xfc010203) lb      tp, -64(sp)
core   0: 3 0x800009e8 (0xfc010203) x 4 0x00000000 mem 0x800175b1
core   0: 0x800009ec (0xff814f03) lbu     t5, -8(sp)
core   0: 3 0x800009ec (0xff814f03) x30 0x00000000 mem 0x800175e9
core   0: 0x800009f0 (0xfd111983) lh      s3, -47(sp)
core   0: 3 0x800009f0 (0xfd111983) x19 0x00000000 mem 0x800175c2
core   0: 0x800009f4 (0x001cae33) slt     t3, s9, ra
core   0: 3 0x800009f4 (0x001cae33) x28 0x00000001
core   0: 0x800009f8 (0xb22b3713) sltiu   a4, s6, -1246
core   0: 3 0x800009f8 (0xb22b3713) x14 0x00000001
core   0: 0x800009fc (0x037d11b3) mulh    gp, s10, s7
core   0: 3 0x800009fc (0x037d11b3) x 3 0x00000000
core   0: 0x80000a00 (0x020127a3) sw      zero, 47(sp)
core   0: 3 0x80000a00 (0x020127a3) mem 0x80017620 0x00000000
core   0: 0x80000a04 (0x01410d23) sb      s4, 26(sp)
core   0: 3 0x80000a04 (0x01410d23) mem 0x8001760b 0x2
core   0: 0x80000a08 (0x004382b3) add     t0, t2, tp
core   0: 3 0x80000a08 (0x004382b3) x 5 0x8002160f
core   0: 0x80000a0c (0x0398a5b3) mulhsu  a1, a7, s9
core   0: 3 0x80000a0c (0x0398a5b3) x11 0x00000000
core   0: 0x80000a10 (0x00008c92) c.mv    s9, tp
core   0: 3 0x80000a10 (0x8c92) x25 0x00000000
core   0: 0x80000a12 (0xff210983) lb      s3, -14(sp)
core   0: 3 0x80000a12 (0xff210983) x19 0x0000000f mem 0x800175e3
core   0: 0x80000a16 (0x00013697) auipc   a3, 0x13
core   0: 3 0x80000a16 (0x00013697) x13 0x80013a16
core   0: 0x80000a1a (0xc0b68693) addi    a3, a3, -1013
core   0: 3 0x80000a1a (0xc0b68693) x13 0x80013621
core   0: 0x80000a1e (0x00019617) auipc   a2, 0x19
core   0: 3 0x80000a1e (0x00019617) x12 0x80019a1e
core   0: 0x80000a22 (0xd5960613) addi    a2, a2, -679
core   0: 3 0x80000a22 (0xd5960613) x12 0x80019777
core   0: 0x80000a26 (0xfe5609a3) sb      t0, -13(a2)
core   0: 3 0x80000a26 (0xfe5609a3) mem 0x8001976a 0xf
core   0: 0x80000a2a (0x0bc68283) lb      t0, 188(a3)
core   0: 3 0x80000a2a (0x0bc68283) x 5 0x00000000 mem 0x800136dd
core   0: 0x80000a2e (0xfda68883) lb      a7, -38(a3)
core   0: 3 0x80000a2e (0xfda68883) x17 0x00000000 mem 0x800135fb
core   0: 0x80000a32 (0xfe060a23) sb      zero, -12(a2)
core   0: 3 0x80000a32 (0xfe060a23) mem 0x8001976b 0x0
core   0: 0x80000a36 (0x00864b03) lbu     s6, 8(a2)
core   0: 3 0x80000a36 (0x00864b03) x22 0x00000000 mem 0x8001977f
core   0: 0x80000a3a (0xf276c383) lbu     t2, -217(a3)
core   0: 3 0x80000a3a (0xf276c383) x 7 0x00000000 mem 0x80013548
core   0: 0x80000a3e (0x00460283) lb      t0, 4(a2)
core   0: 3 0x80000a3e (0x00460283) x 5 0x00000000 mem 0x8001977b
core   0: 0x80000a42 (0xf5d68c23) sb      t4, -168(a3)
core   0: 3 0x80000a42 (0xf5d68c23) mem 0x80013579 0x0
core   0: 0x80000a46 (0xfff65e83) lhu     t4, -1(a2)
core   0: 3 0x80000a46 (0xfff65e83) x29 0x00000000 mem 0x80019776
core   0: 0x80000a4a (0xfeb60f23) sb      a1, -2(a2)
core   0: 3 0x80000a4a (0xfeb60f23) mem 0x80019775 0x0
core   0: 0x80000a4e (0x00a60723) sb      a0, 14(a2)
core   0: 3 0x80000a4e (0x00a60723) mem 0x80019785 0xda
core   0: 0x80000a52 (0xf3369aa3) sh      s3, -203(a3)
core   0: 3 0x80000a52 (0xf3369aa3) mem 0x80013556 0x000f
core   0: 0x80000a56 (0x00a610a3) sh      a0, 1(a2)
core   0: 3 0x80000a56 (0x00a610a3) mem 0x80019778 0x21da
core   0: 0x80000a5a (0x05569d03) lh      s10, 85(a3)
core   0: 3 0x80000a5a (0x05569d03) x26 0x00000000 mem 0x80013676
core   0: 0x80000a5e (0xff361fa3) sh      s3, -1(a2)
core   0: 3 0x80000a5e (0xff361fa3) mem 0x80019776 0x000f
core   0: 0x80000a62 (0x04d6c703) lbu     a4, 77(a3)
core   0: 3 0x80000a62 (0x04d6c703) x14 0x00000000 mem 0x8001366e
core   0: 0x80000a66 (0x01160623) sb      a7, 12(a2)
core   0: 3 0x80000a66 (0x01160623) mem 0x80019783 0x0
core   0: 0x80000a6a (0xf2268203) lb      tp, -222(a3)
core   0: 3 0x80000a6a (0xf2268203) x 4 0x00000000 mem 0x80013543
core   0: 0x80000a6e (0x00012317) auipc   t1, 0x12
core   0: 3 0x80000a6e (0x00012317) x 6 0x80012a6e
core   0: 0x80000a72 (0x62730313) addi    t1, t1, 1575
core   0: 3 0x80000a72 (0x62730313) x 6 0x80013095
core   0: 0x80000a76 (0x00e34383) lbu     t2, 14(t1)
core   0: 3 0x80000a76 (0x00e34383) x 7 0x00000000 mem 0x800130a3
core   0: 0x80000a7a (0x01230783) lb      a5, 18(t1)
core   0: 3 0x80000a7a (0x01230783) x15 0x00000000 mem 0x800130a7
core   0: 0x80000a7e (0xfd434183) lbu     gp, -44(t1)
core   0: 3 0x80000a7e (0xfd434183) x 3 0x00000000 mem 0x80013069
core   0: 0x80000a82 (0x40a7d393) srai    t2, a5, 10
core   0: 3 0x80000a82 (0x40a7d393) x 7 0x00000000
core   0: 0x80000a86 (0xff2318a3) sh      s2, -15(t1)
core   0: 3 0x80000a86 (0xff2318a3) mem 0x80013086 0xcce4
core   0: 0x80000a8a (0x411e5793) srai    a5, t3, 17
core   0: 3 0x80000a8a (0x411e5793) x15 0x00000000
core   0: 0x80000a8e (0x03444f33) div     t5, s0, s4
core   0: 3 0x80000a8e (0x03444f33) x30 0x00000000
core   0: 0x80000a92 (0xfe334183) lbu     gp, -29(t1)
core   0: 3 0x80000a92 (0xfe334183) x 3 0x00000000 mem 0x80013078
core   0: 0x80000a96 (0x01634783) lbu     a5, 22(t1)
core   0: 3 0x80000a96 (0x01634783) x15 0x00000000 mem 0x800130ab
core   0: 0x80000a9a (0x03f35003) lhu     zero, 63(t1)
core   0: 3 0x80000a9a (0x03f35003) mem 0x800130d4
core   0: 0x80000a9e (0x34617713) andi    a4, sp, 838
core   0: 3 0x80000a9e (0x34617713) x14 0x00000140
core   0: 0x80000aa2 (0x039321a3) sw      s9, 35(t1)
core   0: 3 0x80000aa2 (0x039321a3) mem 0x800130b8 0x00000000
core   0: 0x80000aa6 (0xfc630d23) sb      t1, -38(t1)
core   0: 3 0x80000aa6 (0xfc630d23) mem 0x8001306f 0x95
core   0: 0x80000aaa (0x0282dc33) divu    s8, t0, s0
core   0: 3 0x80000aaa (0x0282dc33) x24 0x00000000
core   0: 0x80000aae (0x00008dc9) c.or    a1, a0
core   0: 3 0x80000aae (0x8dc9) x11 0xfd3e21da
core   0: 0x80000ab0 (0x036decb3) rem     s9, s11, s6
core   0: 3 0x80000ab0 (0x036decb3) x25 0x80013818
core   0: 0x80000ab4 (0x03c34083) lbu     ra, 60(t1)
core   0: 3 0x80000ab4 (0x03c34083) x 1 0x00000000 mem 0x800130d1
core   0: 0x80000ab8 (0x00006b51) c.lui   s6, 0x14
core   0: 3 0x80000ab8 (0x6b51) x22 0x00014000
core   0: 0x80000aba (0x03b30823) sb      s11, 48(t1)
core   0: 3 0x80000aba (0x03b30823) mem 0x800130c5 0x18
core   0: 0x80000abe (0x5ec80993) addi    s3, a6, 1516
core   0: 3 0x80000abe (0x5ec80993) x19 0x000005c6
core   0: 0x80000ac2 (0x00d31f03) lh      t5, 13(t1)
core   0: 3 0x80000ac2 (0x00d31f03) x30 0x00000000 mem 0x800130a2
core   0: 0x80000ac6 (0xfed304a3) sb      a3, -23(t1)
core   0: 3 0x80000ac6 (0xfed304a3) mem 0x8001307e 0x21
core   0: 0x80000aca (0x01935f03) lhu     t5, 25(t1)
core   0: 3 0x80000aca (0x01935f03) x30 0x00000000 mem 0x800130ae
core   0: 0x80000ace (0x02f32083) lw      ra, 47(t1)
core   0: 3 0x80000ace (0x02f32083) x 1 0x00001800 mem 0x800130c4
core   0: 0x80000ad2 (0x0000100f) fence.i
core   0: 3 0x80000ad2 (0x0000100f)
core   0: 0x80000ad6 (0xfc130823) sb      ra, -48(t1)
core   0: 3 0x80000ad6 (0xfc130823) mem 0x80013065 0x0
core   0: 0x80000ada (0xfe732683) lw      a3, -25(t1)
core   0: 3 0x80000ada (0xfe732683) x13 0x00210000 mem 0x8001307c
core   0: 0x80000ade (0x01931603) lh      a2, 25(t1)
core   0: 3 0x80000ade (0x01931603) x12 0x00000000 mem 0x800130ae
core   0: 0x80000ae2 (0x00434e83) lbu     t4, 4(t1)
core   0: 3 0x80000ae2 (0x00434e83) x29 0x00000000 mem 0x80013099
core   0: 0x80000ae6 (0x03930e23) sb      s9, 60(t1)
core   0: 3 0x80000ae6 (0x03930e23) mem 0x800130d1 0x18
core   0: 0x80000aea (0x00b01a93) slli    s5, zero, 11
core   0: 3 0x80000aea (0x00b01a93) x21 0x00000000
core   0: 0x80000aee (0x01735a13) srli    s4, t1, 23
core   0: 3 0x80000aee (0x01735a13) x20 0x00000100
core   0: 0x80000af2 (0x40b309b3) sub     s3, t1, a1
core   0: 3 0x80000af2 (0x40b309b3) x19 0x82c30ebb
core   0: 0x80000af6 (0x00000bbe) c.slli  s7, 15
core   0: 3 0x80000af6 (0x0bbe) x23 0x00000000
core   0: 0x80000af8 (0x015309a3) sb      s5, 19(t1)
core   0: 3 0x80000af8 (0x015309a3) mem 0x800130a8 0x0
core   0: 0x80000afc (0x0292cdb3) div     s11, t0, s1
core   0: 3 0x80000afc (0x0292cdb3) x27 0x00000000
core   0: 0x80000b00 (0x00008eb1) c.xor   a3, a2
core   0: 3 0x80000b00 (0x8eb1) x13 0x00210000
core   0: 0x80000b02 (0x03017633) remu    a2, sp, a6
core   0: 3 0x80000b02 (0x03017633) x12 0x800175f1
core   0: 0x80000b06 (0x02c9e733) rem     a4, s3, a2
core   0: 3 0x80000b06 (0x02c9e733) x14 0x82c30ebb
core   0: 0x80000b0a (0x00000890) c.addi4spn a2, sp, 80
core   0: 3 0x80000b0a (0x0890) x12 0x80017641
core   0: 0x80000b0c (0x01d30223) sb      t4, 4(t1)
core   0: 3 0x80000b0c (0x01d30223) mem 0x80013099 0x0
core   0: 0x80000b10 (0x03a30d23) sb      s10, 58(t1)
core   0: 3 0x80000b10 (0x03a30d23) mem 0x800130cf 0x0
core   0: 0x80000b14 (0x0001fc97) auipc   s9, 0x1f
core   0: 3 0x80000b14 (0x0001fc97) x25 0x8001fb14
core   0: 0x80000b18 (0x318c8c93) addi    s9, s9, 792
core   0: 3 0x80000b18 (0x318c8c93) x25 0x8001fe2c
core   0: 0x80000b1c (0x000082a9) c.srli  a3, 10
core   0: 3 0x80000b1c (0x82a9) x13 0x00000840
core   0: 0x80000b1e (0xf5dcc603) lbu     a2, -163(s9)
core   0: 3 0x80000b1e (0xf5dcc603) x12 0x00000000 mem 0x8001fd89
core   0: 0x80000b22 (0x03bc80a3) sb      s11, 33(s9)
core   0: 3 0x80000b22 (0x03bc80a3) mem 0x8001fe4d 0x0
core   0: 0x80000b26 (0xf95ccd83) lbu     s11, -107(s9)
core   0: 3 0x80000b26 (0xf95ccd83) x27 0x00000000 mem 0x8001fdc1
core   0: 0x80000b2a (0x0000100f) fence.i
core   0: 3 0x80000b2a (0x0000100f)
core   0: 0x80000b2e (0x0000979a) c.add   a5, t1
core   0: 3 0x80000b2e (0x979a) x15 0x80013095
core   0: 0x80000b30 (0x02ce4fb3) div     t6, t3, a2
core   0: 3 0x80000b30 (0x02ce4fb3) x31 0xffffffff
core   0: 0x80000b34 (0xf2bc8003) lb      zero, -213(s9)
core   0: 3 0x80000b34 (0xf2bc8003) mem 0x8001fd57
core   0: 0x80000b38 (0xa6633f93) sltiu   t6, t1, -1434
core   0: 3 0x80000b38 (0xa6633f93) x31 0x00000001
core   0: 0x80000b3c (0xfffc82a3) sb      t6, -27(s9)
core   0: 3 0x80000b3c (0xfffc82a3) mem 0x8001fe11 0x1
core   0: 0x80000b40 (0xcd3d7413) andi    s0, s10, -813
core   0: 3 0x80000b40 (0xcd3d7413) x 8 0x00000000
core   0: 0x80000b44 (0x032c8f83) lb      t6, 50(s9)
core   0: 3 0x80000b44 (0x032c8f83) x31 0x00000000 mem 0x8001fe5e
core   0: 0x80000b48 (0x00a29893) slli    a7, t0, 10
core   0: 3 0x80000b48 (0x00a29893) x17 0x00000000
core   0: 0x80000b4c (0xc7bd8813) addi    a6, s11, -901
core   0: 3 0x80000b4c (0xc7bd8813) x16 0xfffffc7b
core   0: 0x80000b50 (0x00000001) c.nop
core   0: 3 0x80000b50 (0x0001)
core   0: 0x80000b52 (0x01b33133) sltu    sp, t1, s11
core   0: 3 0x80000b52 (0x01b33133) x 2 0x00000000
core   0: 0x80000b56 (0x0000483d) c.li    a6, 15
core   0: 3 0x80000b56 (0x483d) x16 0x0000000f
core   0: 0x80000b58 (0x031c8523) sb      a7, 42(s9)
core   0: 3 0x80000b58 (0x031c8523) mem 0x8001fe56 0x0
core   0: 0x80000b5c (0x400dd633) sra     a2, s11, zero
core   0: 3 0x80000b5c (0x400dd633) x12 0x00000000
core   0: 0x80000b60 (0x036e6c33) rem     s8, t3, s6
core   0: 3 0x80000b60 (0x036e6c33) x24 0x00000001
core   0: 0x80000b64 (0x40dd51b3) sra     gp, s10, a3
core   0: 3 0x80000b64 (0x40dd51b3) x 3 0x00000000
core   0: 0x80000b68 (0xfd9c8f83) lb      t6, -39(s9)
core   0: 3 0x80000b68 (0xfd9c8f83) x31 0x00000000 mem 0x8001fe05
core   0: 0x80000b6c (0x02ecd703) lhu     a4, 46(s9)
core   0: 3 0x80000b6c (0x02ecd703) x14 0x00000000 mem 0x8001fe5a
core   0: 0x80000b70 (0x02c89a33) mulh    s4, a7, a2
core   0: 3 0x80000b70 (0x02c89a33) x20 0x00000000
core   0: 0x80000b74 (0x00008219) c.srli  a2, 6
core   0: 3 0x80000b74 (0x8219) x12 0x00000000
core   0: 0x80000b76 (0x06cc8223) sb      a2, 100(s9)
core   0: 3 0x80000b76 (0x06cc8223) mem 0x8001fe90 0x0
core   0: 0x80000b7a (0x00609fb3) sll     t6, ra, t1
core   0: 3 0x80000b7a (0x00609fb3) x31 0x00000000
core   0: 0x80000b7e (0x00000001) c.nop
core   0: 3 0x80000b7e (0x0001)
core   0: 0x80000b80 (0x061c8a83) lb      s5, 97(s9)
core   0: 3 0x80000b80 (0x061c8a83) x21 0x00000000 mem 0x8001fe8d
core   0: 0x80000b84 (0x0c6c8d23) sb      t1, 218(s9)
core   0: 3 0x80000b84 (0x0c6c8d23) mem 0x8001ff06 0x95
core   0: 0x80000b88 (0x00008c15) c.sub   s0, a3
core   0: 3 0x80000b88 (0x8c15) x 8 0xfffff7c0
core   0: 0x80000b8a (0xf29c9823) sh      s1, -208(s9)
core   0: 3 0x80000b8a (0xf29c9823) mem 0x8001fd5c 0x8e64
core   0: 0x80000b8e (0x00006139) c.addi16sp sp, 448
core   0: 3 0x80000b8e (0x6139) x 2 0x000001c0
core   0: 0x80000b90 (0x02a36c33) rem     s8, t1, a0
core   0: 3 0x80000b90 (0x02a36c33) x24 0xfed71b69
core   0: 0x80000b94 (0xf97c8703) lb      a4, -105(s9)
core   0: 3 0x80000b94 (0xf97c8703) x14 0x00000000 mem 0x8001fdc3
core   0: 0x80000b98 (0x02375033) divu    zero, a4, gp
core   0: 3 0x80000b98 (0x02375033)
core   0: 0x80000b9c (0x02ab7133) remu    sp, s6, a0
core   0: 3 0x80000b9c (0x02ab7133) x 2 0x00014000
core   0: 0x80000ba0 (0x081c9723) sh      ra, 142(s9)
core   0: 3 0x80000ba0 (0x081c9723) mem 0x8001feba 0x1800
core   0: 0x80000ba4 (0x00009afd) c.andi  a3, -1
core   0: 3 0x80000ba4 (0x9afd) x13 0x00000840
core   0: 0x80000ba6 (0xf91c8583) lb      a1, -111(s9)
core   0: 3 0x80000ba6 (0xf91c8583) x11 0x00000000 mem 0x8001fdbd
core   0: 0x80000baa (0x00012217) auipc   tp, 0x12
core   0: 3 0x80000baa (0x00012217) x 4 0x80012baa
core   0: 0x80000bae (0x70a20213) addi    tp, tp, 1802
core   0: 3 0x80000bae (0x70a20213) x 4 0x800132b4
core   0: 0x80000bb2 (0x00020817) auipc   a6, 0x20
core   0: 3 0x80000bb2 (0x00020817) x16 0x80020bb2
core   0: 0x80000bb6 (0x06280813) addi    a6, a6, 98
core   0: 3 0x80000bb6 (0x06280813) x16 0x80020c14
core   0: 0x80000bba (0x06821f03) lh      t5, 104(tp)
core   0: 3 0x80000bba (0x06821f03) x30 0x00000000 mem 0x8001331c
core   0: 0x80000bbe (0x0e024b83) lbu     s7, 224(tp)
core   0: 3 0x80000bbe (0x0e024b83) x23 0x00000000 mem 0x80013394
core   0: 0x80000bc2 (0xfdd20f83) lb      t6, -35(tp)
core   0: 3 0x80000bc2 (0xfdd20f83) x31 0x00000000 mem 0x80013291
core   0: 0x80000bc6 (0x0af24583) lbu     a1, 175(tp)
core   0: 3 0x80000bc6 (0x0af24583) x11 0x00000000 mem 0x80013363
core   0: 0x80000bca (0x00c80523) sb      a2, 10(a6)
core   0: 3 0x80000bca (0x00c80523) mem 0x80020c1e 0x0
core   0: 0x80000bce (0x09524c83) lbu     s9, 149(tp)
core   0: 3 0x80000bce (0x09524c83) x25 0x00000000 mem 0x80013349
core   0: 0x80000bd2 (0x00184e83) lbu     t4, 1(a6)
core   0: 3 0x80000bd2 (0x00184e83) x29 0x00000000 mem 0x80020c15
core   0: 0x80000bd6 (0x08120283) lb      t0, 129(tp)
core   0: 3 0x80000bd6 (0x08120283) x 5 0x00000000 mem 0x80013335
core   0: 0x80000bda (0xf7c20ca3) sb      t3, -135(tp)
core   0: 3 0x80000bda (0xf7c20ca3) mem 0x8001322d 0x1
core   0: 0x80000bde (0x00f80283) lb      t0, 15(a6)
core   0: 3 0x80000bde (0x00f80283) x 5 0x00000000 mem 0x80020c23
core   0: 0x80000be2 (0xff184583) lbu     a1, -15(a6)
core   0: 3 0x80000be2 (0xff184583) x11 0x00000000 mem 0x80020c05
core   0: 0x80000be6 (0xff784603) lbu     a2, -9(a6)
core   0: 3 0x80000be6 (0xff784603) x12 0x00000000 mem 0x80020c0b
core   0: 0x80000bea (0xf1225c83) lhu     s9, -238(tp)
core   0: 3 0x80000bea (0xf1225c83) x25 0x00000000 mem 0x800131c6
core   0: 0x80000bee (0x00a80623) sb      a0, 12(a6)
core   0: 3 0x80000bee (0x00a80623) mem 0x80020c20 0xda
core   0: 0x80000bf2 (0xfee24c03) lbu     s8, -18(tp)
core   0: 3 0x80000bf2 (0xfee24c03) x24 0x00000000 mem 0x800132a2
core   0: 0x80000bf6 (0x00013117) auipc   sp, 0x13
core   0: 3 0x80000bf6 (0x00013117) x 2 0x80013bf6
core   0: 0x80000bfa (0x3db10113) addi    sp, sp, 987
core   0: 3 0x80000bfa (0x3db10113) x 2 0x80013fd1
core   0: 0x80000bfe (0x03f11fb3) mulh    t6, sp, t6
core   0: 3 0x80000bfe (0x03f11fb3) x31 0x00000000
core   0: 0x80000c02 (0x00008f4d) c.or    a4, a1
core   0: 3 0x80000c02 (0x8f4d) x14 0x00000000
core   0: 0x80000c04 (0x003dd693) srli    a3, s11, 3
core   0: 3 0x80000c04 (0x003dd693) x13 0x00000000
core   0: 0x80000c08 (0xdfd116a3) sh      t4, -531(sp)
core   0: 3 0x80000c08 (0xdfd116a3) mem 0x80013dbe 0x0000
core   0: 0x80000c0c (0x000091c2) c.add   gp, a6
core   0: 3 0x80000c0c (0x91c2) x 3 0x80020c14
core   0: 0x80000c0e (0xf1614c83) lbu     s9, -234(sp)
core   0: 3 0x80000c0e (0xf1614c83) x25 0x00000000 mem 0x80013ee7
core   0: 0x80000c12 (0x8a610723) sb      t1, -1874(sp)
core   0: 3 0x80000c12 (0x8a610723) mem 0x8001387f 0x95
core   0: 0x80000c16 (0x0190a0b3) slt     ra, ra, s9
core   0: 3 0x80000c16 (0x0190a0b3) x 1 0x00000000
core   0: 0x80000c1a (0xf3d117a3) sh      t4, -209(sp)
core   0: 3 0x80000c1a (0xf3d117a3) mem 0x80013f00 0x0000
core   0: 0x80000c1e (0xac315a83) lhu     s5, -1341(sp)
core   0: 3 0x80000c1e (0xac315a83) x21 0x00000000 mem 0x80013a94
core   0: 0x80000c22 (0xc6e10b03) lb      s6, -914(sp)
core   0: 3 0x80000c22 (0xc6e10b03) x22 0x00000000 mem 0x80013c3f
core   0: 0x80000c26 (0xdf010b83) lb      s7, -528(sp)
core   0: 3 0x80000c26 (0xdf010b83) x23 0x00000000 mem 0x80013dc1
core   0: 0x80000c2a (0xf2110683) lb      a3, -223(sp)
core   0: 3 0x80000c2a (0xf2110683) x13 0x00000000 mem 0x80013ef2
core   0: 0x80000c2e (0xf0210123) sb      sp, -254(sp)
core   0: 3 0x80000c2e (0xf0210123) mem 0x80013ed3 0xd1
core   0: 0x80000c32 (0xefc14a03) lbu     s4, -260(sp)
core   0: 3 0x80000c32 (0xefc14a03) x20 0x00000000 mem 0x80013ecd
core   0: 0x80000c36 (0x22c12b13) slti    s6, sp, 556
core   0: 3 0x80000c36 (0x22c12b13) x22 0x00000001
core   0: 0x80000c3a (0x0000062a) c.slli  a2, 10
core   0: 3 0x80000c3a (0x062a) x12 0x00000000
core   0: 0x80000c3c (0x00006e61) c.lui   t3, 0x18
core   0: 3 0x80000c3c (0x6e61) x28 0x00018000
core   0: 0x80000c3e (0x41845e93) srai    t4, s0, 24
core   0: 3 0x80000c3e (0x41845e93) x29 0xffffffff
core   0: 0x80000c42 (0x0000100f) fence.i
core   0: 3 0x80000c42 (0x0000100f)
core   0: 0x80000c46 (0x0ff0000f) fence   iorw,iorw
core   0: 3 0x80000c46 (0x0ff0000f)
core   0: 0x80000c4a (0x003bdb13) srli    s6, s7, 3
core   0: 3 0x80000c4a (0x003bdb13) x22 0x00000000
core   0: 0x80000c4e (0xbd510e23) sb      s5, -1060(sp)
core   0: 3 0x80000c4e (0xbd510e23) mem 0x80013bad 0x0
core   0: 0x80000c52 (0xbb4121a3) sw      s4, -1117(sp)
core   0: 3 0x80000c52 (0xbb4121a3) mem 0x80013b74 0x00000000
core   0: 0x80000c56 (0xa5e10323) sb      t5, -1466(sp)
core   0: 3 0x80000c56 (0xa5e10323) mem 0x80013a17 0x0
core   0: 0x80000c5a (0xf7410423) sb      s4, -152(sp)
core   0: 3 0x80000c5a (0xf7410423) mem 0x80013f39 0x0
core   0: 0x80000c5e (0x036c30b3) mulhu   ra, s8, s6
core   0: 3 0x80000c5e (0x036c30b3) x 1 0x00000000
core   0: 0x80000c62 (0x03d41633) mulh    a2, s0, t4
core   0: 3 0x80000c62 (0x03d41633) x12 0x00000000
core   0: 0x80000c66 (0x00008edd) c.or    a3, a5
core   0: 3 0x80000c66 (0x8edd) x13 0x80013095
core   0: 0x80000c68 (0xe0515183) lhu     gp, -507(sp)
core   0: 3 0x80000c68 (0xe0515183) x 3 0x00000000 mem 0x80013dd6
core   0: 0x80000c6c (0xd23114a3) sh      gp, -727(sp)
core   0: 3 0x80000c6c (0xd23114a3) mem 0x80013cfa 0x0000
core   0: 0x80000c70 (0x00000001) c.nop
core   0: 3 0x80000c70 (0x0001)
core   0: 0x80000c72 (0xe9632593) slti    a1, t1, -362
core   0: 3 0x80000c72 (0xe9632593) x11 0x00000001
core   0: 0x80000c76 (0xe62111a3) sh      sp, -413(sp)
core   0: 3 0x80000c76 (0xe62111a3) mem 0x80013e34 0x3fd1
core   0: 0x80000c7a (0x71fc4d13) xori    s10, s8, 1823
core   0: 3 0x80000c7a (0x71fc4d13) x26 0x0000071f
core   0: 0x80000c7e (0x03bd48b3) div     a7, s10, s11
core   0: 3 0x80000c7e (0x03bd48b3) x17 0xffffffff
core   0: 0x80000c82 (0x877114a3) sh      s7, -1943(sp)
core   0: 3 0x80000c82 (0x877114a3) mem 0x8001383a 0x0000
core   0: 0x80000c86 (0xa7910723) sb      s9, -1426(sp)
core   0: 3 0x80000c86 (0xa7910723) mem 0x80013a3f 0x0
core   0: 0x80000c8a (0x9d010983) lb      s3, -1584(sp)
core   0: 3 0x80000c8a (0x9d010983) x19 0x00000000 mem 0x800139a1
core   0: 0x80000c8e (0x8fce7593) andi    a1, t3, -1796
core   0: 3 0x80000c8e (0x8fce7593) x11 0x00018000
core   0: 0x80000c92 (0x02593f33) mulhu   t5, s2, t0
core   0: 3 0x80000c92 (0x02593f33) x30 0x00000000
core   0: 0x80000c96 (0xd4110f03) lb      t5, -703(sp)
core   0: 3 0x80000c96 (0xd4110f03) x30 0x00000000 mem 0x80013d12
core   0: 0x80000c9a (0xbca10b83) lb      s7, -1078(sp)
core   0: 3 0x80000c9a (0xbca10b83) x23 0x00000000 mem 0x80013b9b
core   0: 0x80000c9e (0x00022117) auipc   sp, 0x22
core   0: 3 0x80000c9e (0x00022117) x 2 0x80022c9e
core   0: 0x80000ca2 (0x1ed10113) addi    sp, sp, 493
core   0: 3 0x80000ca2 (0x1ed10113) x 2 0x80022e8b
core   0: 0x80000ca6 (0x6ab101a3) sb      a1, 1699(sp)
core   0: 3 0x80000ca6 (0x6ab101a3) mem 0x8002352e 0x0
core   0: 0x80000caa (0xc4a14e03) lbu     t3, -950(sp)
core   0: 3 0x80000caa (0xc4a14e03) x28 0x00000000 mem 0x80022ad5
core   0: 0x80000cae (0x01be7433) and     s0, t3, s11
core   0: 3 0x80000cae (0x01be7433) x 8 0x00000000
core   0: 0x80000cb2 (0xd4e10323) sb      a4, -698(sp)
core   0: 3 0x80000cb2 (0xd4e10323) mem 0x80022bd1 0x0
core   0: 0x80000cb6 (0x0ff0000f) fence   iorw,iorw
core   0: 3 0x80000cb6 (0x0ff0000f)
core   0: 0x80000cba (0x03f058b3) divu    a7, zero, t6
core   0: 3 0x80000cba (0x03f058b3) x17 0xffffffff
core   0: 0x80000cbe (0x02f9cbb3) div     s7, s3, a5
core   0: 3 0x80000cbe (0x02f9cbb3) x23 0x00000000
core   0: 0x80000cc2 (0x48010883) lb      a7, 1152(sp)
core   0: 3 0x80000cc2 (0x48010883) x17 0x00000000 mem 0x8002330b
core   0: 0x80000cc6 (0x00008e7d) c.and   a2, a5
core   0: 3 0x80000cc6 (0x8e7d) x12 0x00000000
core   0: 0x80000cc8 (0xda010823) sb      zero, -592(sp)
core   0: 3 0x80000cc8 (0xda010823) mem 0x80022c3b 0x0
core   0: 0x80000ccc (0x00cb73b3) and     t2, s6, a2
core   0: 3 0x80000ccc (0x00cb73b3) x 7 0x00000000
core   0: 0x80000cd0 (0x09b10ca3) sb      s11, 153(sp)
core   0: 3 0x80000cd0 (0x09b10ca3) mem 0x80022f24 0x0
core   0: 0x80000cd4 (0x00008ea5) c.xor   a3, s1
core   0: 3 0x80000cd4 (0x8ea5) x13 0x0003bef1
core   0: 0x80000cd6 (0x00008fb5) c.xor   a5, a3
core   0: 3 0x80000cd6 (0x8fb5) x15 0x80028e64
core   0: 0x80000cd8 (0x01224ab3) xor     s5, tp, s2
core   0: 3 0x80000cd8 (0x01224ab3) x21 0x0003fe50
core   0: 0x80000cdc (0x00008ee9) c.and   a3, a0
core   0: 3 0x80000cdc (0x8ee9) x13 0x000220d0
core   0: 0x80000cde (0x4188dd13) srai    s10, a7, 24
core   0: 3 0x80000cde (0x4188dd13) x26 0x00000000
core   0: 0x80000ce2 (0x03514db3) div     s11, sp, s5
core   0: 3 0x80000ce2 (0x03514db3) x27 0xffffdff4
core   0: 0x80000ce6 (0x000048c5) c.li    a7, 17
core   0: 3 0x80000ce6 (0x48c5) x17 0x00000011
core   0: 0x80000ce8 (0x0000577d) c.li    a4, -1
core   0: 3 0x80000ce8 (0x577d) x14 0xffffffff
core   0: 0x80000cea (0xbdda7013) andi    zero, s4, -1059
core   0: 3 0x80000cea (0xbdda7013)
core   0: 0x80000cee (0x8d010f03) lb      t5, -1840(sp)
core   0: 3 0x80000cee (0x8d010f03) x30 0x00000000 mem 0x8002275b
core   0: 0x80000cf2 (0x0e115b83) lhu     s7, 225(sp)
core   0: 3 0x80000cf2 (0x0e115b83) x23 0x00000000 mem 0x80022f6c
core   0: 0x80000cf6 (0x7f9107a3) sb      s9, 2031(sp)
core   0: 3 0x80000cf6 (0x7f9107a3) mem 0x8002367a 0x0
core   0: 0x80000cfa (0xa5e10583) lb      a1, -1442(sp)
core   0: 3 0x80000cfa (0xa5e10583) x11 0x00000000 mem 0x800228e9
core   0: 0x80000cfe (0x73115403) lhu     s0, 1841(sp)
core   0: 3 0x80000cfe (0x73115403) x 8 0x00000000 mem 0x800235bc
core   0: 0x80000d02 (0x0ec10123) sb      a2, 226(sp)
core   0: 3 0x80000d02 (0x0ec10123) mem 0x80022f6d 0x0
core   0: 0x80000d06 (0xb5d60013) addi    zero, a2, -1187
core   0: 3 0x80000d06 (0xb5d60013)
core   0: 0x80000d0a (0x40678433) sub     s0, a5, t1
core   0: 3 0x80000d0a (0x40678433) x 8 0x00015dcf
core   0: 0x80000d0e (0x02d15333) divu    t1, sp, a3
core   0: 3 0x80000d0e (0x02d15333) x 6 0x00003c26
core   0: 0x80000d12 (0xfb010b23) sb      a6, -74(sp)
core   0: 3 0x80000d12 (0xfb010b23) mem 0x80022e41 0x14
core   0: 0x80000d16 (0x000086f9) c.srai  a3, 30
core   0: 3 0x80000d16 (0x86f9) x13 0x00000000
core   0: 0x80000d18 (0x000065f9) c.lui   a1, 0x1e
core   0: 3 0x80000d18 (0x65f9) x11 0x0001e000
core   0: 0x80000d1a (0x00384833) xor     a6, a6, gp
core   0: 3 0x80000d1a (0x00384833) x16 0x80020c14
core   0: 0x80000d1e (0x000097c6) c.add   a5, a7
core   0: 3 0x80000d1e (0x97c6) x15 0x80028e75
core   0: 0x80000d20 (0x0240f033) remu    zero, ra, tp
core   0: 3 0x80000d20 (0x0240f033)
core   0: 0x80000d24 (0x44b14203) lbu     tp, 1099(sp)
core   0: 3 0x80000d24 (0x44b14203) x 4 0x00000000 mem 0x800232d6
core   0: 0x80000d28 (0x402ed333) sra     t1, t4, sp
core   0: 3 0x80000d28 (0x402ed333) x 6 0xffffffff
core   0: 0x80000d2c (0x610103a3) sb      a6, 1543(sp)
core   0: 3 0x80000d2c (0x610103a3) mem 0x80023492 0x14
core   0: 0x80000d30 (0x65614083) lbu     ra, 1622(sp)
core   0: 3 0x80000d30 (0x65614083) x 1 0x00000000 mem 0x800234e1
core   0: 0x80000d34 (0x3a310c03) lb      s8, 931(sp)
core   0: 3 0x80000d34 (0x3a310c03) x24 0x00000000 mem 0x8002322e
core   0: 0x80000d38 (0x34414b03) lbu     s6, 836(sp)
core   0: 3 0x80000d38 (0x34414b03) x22 0x00000000 mem 0x800231cf
core   0: 0x80000d3c (0x43710323) sb      s7, 1062(sp)
core   0: 3 0x80000d3c (0x43710323) mem 0x800232b1 0x0
core   0: 0x80000d40 (0x00008c6d) c.and   s0, a1
core   0: 3 0x80000d40 (0x8c6d) x 8 0x00014000
core   0: 0x80000d42 (0x28311b03) lh      s6, 643(sp)
core   0: 3 0x80000d42 (0x28311b03) x22 0x00000000 mem 0x8002310e
core   0: 0x80000d46 (0x00013d17) auipc   s10, 0x13
core   0: 3 0x80000d46 (0x00013d17) x26 0x80013d46
core   0: 0x80000d4a (0xf07d0d13) addi    s10, s10, -249
core   0: 3 0x80000d4a (0xf07d0d13) x26 0x80013c4d
core   0: 0x80000d4e (0x00008655) c.srai  a2, 21
core   0: 3 0x80000d4e (0x8655) x12 0x00000000
core   0: 0x80000d50 (0x032e0bb3) mul     s7, t3, s2
core   0: 3 0x80000d50 (0x032e0bb3) x23 0x00000000
core   0: 0x80000d54 (0x002d4583) lbu     a1, 2(s10)
core   0: 3 0x80000d54 (0x002d4583) x11 0x00000000 mem 0x80013c4f
core   0: 0x80000d58 (0x002d4e03) lbu     t3, 2(s10)
core   0: 3 0x80000d58 (0x002d4e03) x28 0x00000000 mem 0x80013c4f
core   0: 0x80000d5c (0x002d0303) lb      t1, 2(s10)
core   0: 3 0x80000d5c (0x002d0303) x 6 0x00000000 mem 0x80013c4f
core   0: 0x80000d60 (0x01ed0423) sb      t5, 8(s10)
core   0: 3 0x80000d60 (0x01ed0423) mem 0x80013c55 0x0
core   0: 0x80000d64 (0x008d4a03) lbu     s4, 8(s10)
core   0: 3 0x80000d64 (0x008d4a03) x20 0x00000000 mem 0x80013c55
core   0: 0x80000d68 (0x008d0303) lb      t1, 8(s10)
core   0: 3 0x80000d68 (0x008d0303) x 6 0x00000000 mem 0x80013c55
core   0: 0x80000d6c (0x008d0203) lb      tp, 8(s10)
core   0: 3 0x80000d6c (0x008d0203) x 4 0x00000000 mem 0x80013c55
core   0: 0x80000d70 (0x016d11a3) sh      s6, 3(s10)
core   0: 3 0x80000d70 (0x016d11a3) mem 0x80013c50 0x0000
core   0: 0x80000d74 (0x00008215) c.srli  a2, 5
core   0: 3 0x80000d74 (0x8215) x12 0x00000000
core   0: 0x80000d76 (0x003d4603) lbu     a2, 3(s10)
core   0: 3 0x80000d76 (0x003d4603) x12 0x00000000 mem 0x80013c50
core   0: 0x80000d7a (0x003d4c83) lbu     s9, 3(s10)
core   0: 3 0x80000d7a (0x003d4c83) x25 0x00000000 mem 0x80013c50
core   0: 0x80000d7e (0x003d0983) lb      s3, 3(s10)
core   0: 3 0x80000d7e (0x003d0983) x19 0x00000000 mem 0x80013c50
core   0: 0x80000d82 (0x003d2583) lw      a1, 3(s10)
core   0: 3 0x80000d82 (0x003d2583) x11 0x00000000 mem 0x80013c50
core   0: 0x80000d86 (0x010d11a3) sh      a6, 3(s10)
core   0: 3 0x80000d86 (0x010d11a3) mem 0x80013c50 0x0c14
core   0: 0x80000d8a (0xfecd0a23) sb      a2, -12(s10)
core   0: 3 0x80000d8a (0xfecd0a23) mem 0x80013c41 0x0
core   0: 0x80000d8e (0xff4d0a23) sb      s4, -12(s10)
core   0: 3 0x80000d8e (0xff4d0a23) mem 0x80013c41 0x0
core   0: 0x80000d92 (0xff4d4403) lbu     s0, -12(s10)
core   0: 3 0x80000d92 (0xff4d4403) x 8 0x00000000 mem 0x80013c41
core   0: 0x80000d96 (0xff6d4f03) lbu     t5, -10(s10)
core   0: 3 0x80000d96 (0xff6d4f03) x30 0x00000000 mem 0x80013c43
core   0: 0x80000d9a (0xff6d4983) lbu     s3, -10(s10)
core   0: 3 0x80000d9a (0xff6d4983) x19 0x00000000 mem 0x80013c43
core   0: 0x80000d9e (0x00015217) auipc   tp, 0x15
core   0: 3 0x80000d9e (0x00015217) x 4 0x80015d9e
core   0: 0x80000da2 (0x2ee20213) addi    tp, tp, 750
core   0: 3 0x80000da2 (0x2ee20213) x 4 0x8001608c
core   0: 0x80000da6 (0xa6d20603) lb      a2, -1427(tp)
core   0: 3 0x80000da6 (0xa6d20603) x12 0x00000000 mem 0x80015af9
core   0: 0x80000daa (0xf8224303) lbu     t1, -126(tp)
core   0: 3 0x80000daa (0xf8224303) x 6 0x00000000 mem 0x8001600e
core   0: 0x80000dae (0xa8eacd93) xori    s11, s5, -1394
core   0: 3 0x80000dae (0xa8eacd93) x27 0xfffc04de
core   0: 0x80000db2 (0xec224303) lbu     t1, -318(tp)
core   0: 3 0x80000db2 (0xec224303) x 6 0x00000000 mem 0x80015f4e
core   0: 0x80000db6 (0x18720d03) lb      s10, 391(tp)
core   0: 3 0x80000db6 (0x18720d03) x26 0x00000000 mem 0x80016213
core   0: 0x80000dba (0x14a21a03) lh      s4, 330(tp)
core   0: 3 0x80000dba (0x14a21a03) x20 0x00000000 mem 0x800161d6
core   0: 0x80000dbe (0xfa84ac97) auipc   s9, 0xfa84a
core   0: 3 0x80000dbe (0xfa84ac97) x25 0x7a84adbe
core   0: 0x80000dc2 (0x80c22783) lw      a5, -2036(tp)
core   0: 3 0x80000dc2 (0x80c22783) x15 0x00000000 mem 0x80015898
core   0: 0x80000dc6 (0x4d621c83) lh      s9, 1238(tp)
core   0: 3 0x80000dc6 (0x4d621c83) x25 0x00000000 mem 0x80016562
core   0: 0x80000dca (0xd7d24703) lbu     a4, -643(tp)
core   0: 3 0x80000dca (0xd7d24703) x14 0x00000000 mem 0x80015e09
core   0: 0x80000dce (0x0153dab3) srl     s5, t2, s5
core   0: 3 0x80000dce (0x0153dab3) x21 0x00000000
core   0: 0x80000dd2 (0x9a124a03) lbu     s4, -1631(tp)
core   0: 3 0x80000dd2 (0x9a124a03) x20 0x00000000 mem 0x80015a2d
core   0: 0x80000dd6 (0x7fa24103) lbu     sp, 2042(tp)
core   0: 3 0x80000dd6 (0x7fa24103) x 2 0x00000000 mem 0x80016886
core   0: 0x80000dda (0x00001414) c.addi4spn a3, sp, 544
core   0: 3 0x80000dda (0x1414) x13 0x00000220
core   0: 0x80000ddc (0xc2320403) lb      s0, -989(tp)
core   0: 3 0x80000ddc (0xc2320403) x 8 0x00000000 mem 0x80015caf
core   0: 0x80000de0 (0x03731bb3) mulh    s7, t1, s7
core   0: 3 0x80000de0 (0x03731bb3) x23 0x00000000
core   0: 0x80000de4 (0x8a624103) lbu     sp, -1882(tp)
core   0: 3 0x80000de4 (0x8a624103) x 2 0x00000000 mem 0x80015932
core   0: 0x80000de8 (0x1f324603) lbu     a2, 499(tp)
core   0: 3 0x80000de8 (0x1f324603) x12 0x00000000 mem 0x8001627f
core   0: 0x80000dec (0xec422b03) lw      s6, -316(tp)
core   0: 3 0x80000dec (0xec422b03) x22 0x00000000 mem 0x80015f50
core   0: 0x80000df0 (0x00000001) c.nop
core   0: 3 0x80000df0 (0x0001)
core   0: 0x80000df2 (0x02022b03) lw      s6, 32(tp)
core   0: 3 0x80000df2 (0x02022b03) x22 0x00000000 mem 0x800160ac
core   0: 0x80000df6 (0xd6621983) lh      s3, -666(tp)
core   0: 3 0x80000df6 (0xd6621983) x19 0x00000000 mem 0x80015df2
core   0: 0x80000dfa (0xc2e21d03) lh      s10, -978(tp)
core   0: 3 0x80000dfa (0xc2e21d03) x26 0x00000000 mem 0x80015cba
core   0: 0x80000dfe (0xf3c25383) lhu     t2, -196(tp)
core   0: 3 0x80000dfe (0xf3c25383) x 7 0x00000000 mem 0x80015fc8
core   0: 0x80000e02 (0x76720923) sb      t2, 1906(tp)
core   0: 3 0x80000e02 (0x76720923) mem 0x800167fe 0x0
core   0: 0x80000e06 (0x4ed204a3) sb      a3, 1257(tp)
core   0: 3 0x80000e06 (0x4ed204a3) mem 0x80016575 0x20
core   0: 0x80000e0a (0x1b224983) lbu     s3, 434(tp)
core   0: 3 0x80000e0a (0x1b224983) x19 0x00000000 mem 0x8001623e
core   0: 0x80000e0e (0x000090ce) c.add   ra, s3
core   0: 3 0x80000e0e (0x90ce) x 1 0x00000000
core   0: 0x80000e10 (0x00001b00) c.addi4spn s0, sp, 432
core   0: 3 0x80000e10 (0x1b00) x 8 0x000001b0
core   0: 0x80000e12 (0x022dda33) divu    s4, s11, sp
core   0: 3 0x80000e12 (0x022dda33) x20 0xffffffff
core   0: 0x80000e16 (0x000061d9) c.lui   gp, 0x16
core   0: 3 0x80000e16 (0x61d9) x 3 0x00016000
core   0: 0x80000e18 (0x00008dc5) c.or    a1, s1
core   0: 3 0x80000e18 (0x8dc5) x11 0x80028e64
core   0: 0x80000e1a (0x02633db3) mulhu   s11, t1, t1
core   0: 3 0x80000e1a (0x02633db3) x27 0x00000000
core   0: 0x80000e1e (0x00008415) c.srai  s0, 5
core   0: 3 0x80000e1e (0x8415) x 8 0x0000000d
core   0: 0x80000e20 (0xbac24103) lbu     sp, -1108(tp)
core   0: 3 0x80000e20 (0xbac24103) x 2 0x00000000 mem 0x80015c38
core   0: 0x80000e24 (0x00000736) c.slli  a4, 13
core   0: 3 0x80000e24 (0x0736) x14 0x00000000
core   0: 0x80000e26 (0x00006435) c.lui   s0, 0xd
core   0: 3 0x80000e26 (0x6435) x 8 0x0000d000
core   0: 0x80000e28 (0x57f77597) auipc   a1, 0x57f77
core   0: 3 0x80000e28 (0x57f77597) x11 0xd7f77e28
core   0: 0x80000e2c (0x006a4633) xor     a2, s4, t1
core   0: 3 0x80000e2c (0x006a4633) x12 0xffffffff
core   0: 0x80000e30 (0x99e20c23) sb      t5, -1640(tp)
core   0: 3 0x80000e30 (0x99e20c23) mem 0x80015a24 0x0
core   0: 0x80000e34 (0x5de205a3) sb      t5, 1483(tp)
core   0: 3 0x80000e34 (0x5de205a3) mem 0x80016657 0x0
core   0: 0x80000e38 (0x000b9613) slli    a2, s7, 0
core   0: 3 0x80000e38 (0x000b9613) x12 0x00000000
core   0: 0x80000e3c (0x2bd22623) sw      t4, 684(tp)
core   0: 3 0x80000e3c (0x2bd22623) mem 0x80016338 0xffffffff
core   0: 0x80000e40 (0x00008725) c.srai  a4, 9
core   0: 3 0x80000e40 (0x8725) x14 0x00000000
core   0: 0x80000e42 (0x00069733) sll     a4, a3, zero
core   0: 3 0x80000e42 (0x00069733) x14 0x00000220
core   0: 0x80000e46 (0x4ec22e83) lw      t4, 1260(tp)
core   0: 3 0x80000e46 (0x4ec22e83) x29 0x00000000 mem 0x80016578
core   0: 0x80000e4a (0x0005c9b3) xor     s3, a1, zero
core   0: 3 0x80000e4a (0x0005c9b3) x19 0xd7f77e28
core   0: 0x80000e4e (0xae822d83) lw      s11, -1304(tp)
core   0: 3 0x80000e4e (0xae822d83) x27 0x00000000 mem 0x80015b74
core   0: 0x80000e52 (0x78d20f03) lb      t5, 1933(tp)
core   0: 3 0x80000e52 (0x78d20f03) x30 0x00000000 mem 0x80016819
core   0: 0x80000e56 (0x023479b3) remu    s3, s0, gp
core   0: 3 0x80000e56 (0x023479b3) x19 0x0000d000
core   0: 0x80000e5a (0x8d120723) sb      a7, -1842(tp)
core   0: 3 0x80000e5a (0x8d120723) mem 0x8001595a 0x11
core   0: 0x80000e5e (0x00012b97) auipc   s7, 0x12
core   0: 3 0x80000e5e (0x00012b97) x23 0x80012e5e
core   0: 0x80000e62 (0x2d1b8b93) addi    s7, s7, 721
core   0: 3 0x80000e62 (0x2d1b8b93) x23 0x8001312f
core   0: 0x80000e66 (0x006b8023) sb      t1, 0(s7)
core   0: 3 0x80000e66 (0x006b8023) mem 0x8001312f 0x0
core   0: 0x80000e6a (0x00008721) c.srai  a4, 8
core   0: 3 0x80000e6a (0x8721) x14 0x00000002
core   0: 0x80000e6c (0x02bffd33) remu    s10, t6, a1
core   0: 3 0x80000e6c (0x02bffd33) x26 0x00000000
core   0: 0x80000e70 (0x01fb8123) sb      t6, 2(s7)
core   0: 3 0x80000e70 (0x01fb8123) mem 0x80013131 0x0
core   0: 0x80000e74 (0x01c11d93) slli    s11, sp, 28
core   0: 3 0x80000e74 (0x01c11d93) x27 0x00000000
core   0: 0x80000e78 (0x015b8823) sb      s5, 16(s7)
core   0: 3 0x80000e78 (0x015b8823) mem 0x8001313f 0x0
core   0: 0x80000e7c (0x008b8e03) lb      t3, 8(s7)
core   0: 3 0x80000e7c (0x008b8e03) x28 0x00000000 mem 0x80013137
core   0: 0x80000e80 (0x9b0c6613) ori     a2, s8, -1616
core   0: 3 0x80000e80 (0x9b0c6613) x12 0xfffff9b0
core   0: 0x80000e84 (0x0000100f) fence.i
core   0: 3 0x80000e84 (0x0000100f)
core   0: 0x80000e88 (0xfffb9303) lh      t1, -1(s7)
core   0: 3 0x80000e88 (0xfffb9303) x 6 0x00000000 mem 0x8001312e
core   0: 0x80000e8c (0x00db8b03) lb      s6, 13(s7)
core   0: 3 0x80000e8c (0x00db8b03) x22 0x00000000 mem 0x8001313c
core   0: 0x80000e90 (0x008bc003) lbu     zero, 8(s7)
core   0: 3 0x80000e90 (0x008bc003) mem 0x80013137
core   0: 0x80000e94 (0x01db82a3) sb      t4, 5(s7)
core   0: 3 0x80000e94 (0x01db82a3) mem 0x80013134 0x0
core   0: 0x80000e98 (0x00008dea) c.mv    s11, s10
core   0: 3 0x80000e98 (0x8dea) x27 0x00000000
core   0: 0x80000e9a (0x002b8983) lb      s3, 2(s7)
core   0: 3 0x80000e9a (0x002b8983) x19 0x00000000 mem 0x80013131
core   0: 0x80000e9e (0xff7b8e83) lb      t4, -9(s7)
core   0: 3 0x80000e9e (0xff7b8e83) x29 0x00000000 mem 0x80013126
core   0: 0x80000ea2 (0x038a05b3) mul     a1, s4, s8
core   0: 3 0x80000ea2 (0x038a05b3) x11 0x00000000
core   0: 0x80000ea6 (0x00cbc103) lbu     sp, 12(s7)
core   0: 3 0x80000ea6 (0x00cbc103) x 2 0x00000000 mem 0x8001313b
core   0: 0x80000eaa (0x0000987d) c.andi  s0, -1
core   0: 3 0x80000eaa (0x987d) x 8 0x0000d000
core   0: 0x80000eac (0x000089e1) c.andi  a1, 24
core   0: 3 0x80000eac (0x89e1) x11 0x00000000
core   0: 0x80000eae (0x00008c29) c.xor   s0, a0
core   0: 3 0x80000eae (0x8c29) x 8 0xfd3ef1da
core   0: 0x80000eb0 (0xffeb8103) lb      sp, -2(s7)
core   0: 3 0x80000eb0 (0xffeb8103) x 2 0x00000000 mem 0x8001312d
core   0: 0x80000eb4 (0xff4bc583) lbu     a1, -12(s7)
core   0: 3 0x80000eb4 (0xff4bc583) x11 0x00000000 mem 0x80013123
core   0: 0x80000eb8 (0x00ebcc83) lbu     s9, 14(s7)
core   0: 3 0x80000eb8 (0x00ebcc83) x25 0x00000000 mem 0x8001313d
core   0: 0x80000ebc (0x00008431) c.srai  s0, 12
core   0: 3 0x80000ebc (0x8431) x 8 0xffffd3ef
core   0: 0x80000ebe (0x004b8a83) lb      s5, 4(s7)
core   0: 3 0x80000ebe (0x004b8a83) x21 0x00000000 mem 0x80013133
core   0: 0x80000ec2 (0x01db81a3) sb      t4, 3(s7)
core   0: 3 0x80000ec2 (0x01db81a3) mem 0x80013132 0x0
core   0: 0x80000ec6 (0x00780733) add     a4, a6, t2
core   0: 3 0x80000ec6 (0x00780733) x14 0x80020c14
core   0: 0x80000eca (0x005b9083) lh      ra, 5(s7)
core   0: 3 0x80000eca (0x005b9083) x 1 0x00000000 mem 0x80013134
core   0: 0x80000ece (0xff2bcd83) lbu     s11, -14(s7)
core   0: 3 0x80000ece (0xff2bcd83) x27 0x00000000 mem 0x80013121
core   0: 0x80000ed2 (0x00012297) auipc   t0, 0x12
core   0: 3 0x80000ed2 (0x00012297) x 5 0x80012ed2
core   0: 0x80000ed6 (0x1ff28293) addi    t0, t0, 511
core   0: 3 0x80000ed6 (0x1ff28293) x 5 0x800130d1
core   0: 0x80000eda (0xfdd28223) sb      t4, -60(t0)
core   0: 3 0x80000eda (0xfdd28223) mem 0x80013095 0x0
core   0: 0x80000ede (0xfc42c703) lbu     a4, -60(t0)
core   0: 3 0x80000ede (0xfc42c703) x14 0x00000000 mem 0x80013095
core   0: 0x80000ee2 (0xfc428c03) lb      s8, -60(t0)
core   0: 3 0x80000ee2 (0xfc428c03) x24 0x00000000 mem 0x80013095
core   0: 0x80000ee6 (0xfd82c983) lbu     s3, -40(t0)
core   0: 3 0x80000ee6 (0xfd82c983) x19 0x00000000 mem 0x800130a9
core   0: 0x80000eea (0x03428103) lb      sp, 52(t0)
core   0: 3 0x80000eea (0x03428103) x 2 0x00000000 mem 0x80013105
core   0: 0x80000eee (0x03428783) lb      a5, 52(t0)
core   0: 3 0x80000eee (0x03428783) x15 0x00000000 mem 0x80013105
core   0: 0x80000ef2 (0x006adcb3) srl     s9, s5, t1
core   0: 3 0x80000ef2 (0x006adcb3) x25 0x00000000
core   0: 0x80000ef6 (0x027393b3) mulh    t2, t2, t2
core   0: 3 0x80000ef6 (0x027393b3) x 7 0x00000000
core   0: 0x80000efa (0x017341b3) xor     gp, t1, s7
core   0: 3 0x80000efa (0x017341b3) x 3 0x8001312f
core   0: 0x80000efe (0x0302c703) lbu     a4, 48(t0)
core   0: 3 0x80000efe (0x0302c703) x14 0x00000000 mem 0x80013101
core   0: 0x80000f02 (0x03f28823) sb      t6, 48(t0)
core   0: 3 0x80000f02 (0x03f28823) mem 0x80013101 0x0
core   0: 0x80000f06 (0x00008eb9) c.xor   a3, a4
core   0: 3 0x80000f06 (0x8eb9) x13 0x00000220
core   0: 0x80000f08 (0x0302ca83) lbu     s5, 48(t0)
core   0: 3 0x80000f08 (0x0302ca83) x21 0x00000000 mem 0x80013101
core   0: 0x80000f0c (0x0290c833) div     a6, ra, s1
core   0: 3 0x80000f0c (0x0290c833) x16 0x00000000
core   0: 0x80000f10 (0x02b289a3) sb      a1, 51(t0)
core   0: 3 0x80000f10 (0x02b289a3) mem 0x80013104 0x0
core   0: 0x80000f14 (0x03f289a3) sb      t6, 51(t0)
core   0: 3 0x80000f14 (0x03f289a3) mem 0x80013104 0x0
core   0: 0x80000f18 (0x00016117) auipc   sp, 0x16
core   0: 3 0x80000f18 (0x00016117) x 2 0x80016f18
core   0: 0x80000f1c (0xb4610113) addi    sp, sp, -1210
core   0: 3 0x80000f1c (0xb4610113) x 2 0x80016a5e
core   0: 0x80000f20 (0x63a12403) lw      s0, 1594(sp)
core   0: 3 0x80000f20 (0x63a12403) x 8 0x00000000 mem 0x80017098
core   0: 0x80000f24 (0x63a15283) lhu     t0, 1594(sp)
core   0: 3 0x80000f24 (0x63a15283) x 5 0x00000000 mem 0x80017098
core   0: 0x80000f28 (0x63a10283) lb      t0, 1594(sp)
core   0: 3 0x80000f28 (0x63a10283) x 5 0x00000000 mem 0x80017098
core   0: 0x80000f2c (0x63210d23) sb      s2, 1594(sp)
core   0: 3 0x80000f2c (0x63210d23) mem 0x80017098 0xe4
core   0: 0x80000f30 (0x63a11703) lh      a4, 1594(sp)
core   0: 3 0x80000f30 (0x63a11703) x14 0x000000e4 mem 0x80017098
core   0: 0x80000f34 (0x017363b3) or      t2, t1, s7
core   0: 3 0x80000f34 (0x017363b3) x 7 0x8001312f
core   0: 0x80000f38 (0x63a14f03) lbu     t5, 1594(sp)
core   0: 3 0x80000f38 (0x63a14f03) x30 0x000000e4 mem 0x80017098
core   0: 0x80000f3c (0x62b11d23) sh      a1, 1594(sp)
core   0: 3 0x80000f3c (0x62b11d23) mem 0x80017098 0x0000
core   0: 0x80000f40 (0x63512d23) sw      s5, 1594(sp)
core   0: 3 0x80000f40 (0x63512d23) mem 0x80017098 0x00000000
core   0: 0x80000f44 (0x63a12603) lw      a2, 1594(sp)
core   0: 3 0x80000f44 (0x63a12603) x12 0x00000000 mem 0x80017098
core   0: 0x80000f48 (0x63a11683) lh      a3, 1594(sp)
core   0: 3 0x80000f48 (0x63a11683) x13 0x00000000 mem 0x80017098
core   0: 0x80000f4c (0x007d6613) ori     a2, s10, 7
core   0: 3 0x80000f4c (0x007d6613) x12 0x00000007
core   0: 0x80000f50 (0x63212d23) sw      s2, 1594(sp)
core   0: 3 0x80000f50 (0x63212d23) mem 0x80017098 0x8002cce4
core   0: 0x80000f54 (0xc7c15583) lhu     a1, -900(sp)
core   0: 3 0x80000f54 (0xc7c15583) x11 0x00000000 mem 0x800166da
core   0: 0x80000f58 (0xc7c15f03) lhu     t5, -900(sp)
core   0: 3 0x80000f58 (0xc7c15f03) x30 0x00000000 mem 0x800166da
core   0: 0x80000f5c (0xf9211183) lh      gp, -110(sp)
core   0: 3 0x80000f5c (0xf9211183) x 3 0x00000000 mem 0x800169f0
core   0: 0x80000f60 (0xf9214b03) lbu     s6, -110(sp)
core   0: 3 0x80000f60 (0xf9214b03) x22 0x00000000 mem 0x800169f0
core   0: 0x80000f64 (0x0001c397) auipc   t2, 0x1c
core   0: 3 0x80000f64 (0x0001c397) x 7 0x8001cf64
core   0: 0x80000f68 (0x1a038393) addi    t2, t2, 416
core   0: 3 0x80000f68 (0x1a038393) x 7 0x8001d104
core   0: 0x80000f6c (0xff838a83) lb      s5, -8(t2)
core   0: 3 0x80000f6c (0xff838a83) x21 0x00000000 mem 0x8001d0fc
core   0: 0x80000f70 (0x0000100f) fence.i
core   0: 3 0x80000f70 (0x0000100f)
core   0: 0x80000f74 (0x0000868e) c.mv    a3, gp
core   0: 3 0x80000f74 (0x868e) x13 0x00000000
core   0: 0x80000f76 (0xfe938da3) sb      s1, -5(t2)
core   0: 3 0x80000f76 (0xfe938da3) mem 0x8001d0ff 0x64
core   0: 0x80000f7a (0x00008c79) c.and   s0, a4
core   0: 3 0x80000f7a (0x8c79) x 8 0x00000000
core   0: 0x80000f7c (0x015380a3) sb      s5, 1(t2)
core   0: 3 0x80000f7c (0x015380a3) mem 0x8001d105 0x0
core   0: 0x80000f80 (0x4013df13) srai    t5, t2, 1
core   0: 3 0x80000f80 (0x4013df13) x30 0xc000e882
core   0: 0x80000f84 (0xff738e23) sb      s7, -4(t2)
core   0: 3 0x80000f84 (0xff738e23) mem 0x8001d100 0x2f
core   0: 0x80000f88 (0xe40f0113) addi    sp, t5, -448
core   0: 3 0x80000f88 (0xe40f0113) x 2 0xc000e6c2
core   0: 0x80000f8c (0x0063cb83) lbu     s7, 6(t2)
core   0: 3 0x80000f8c (0x0063cb83) x23 0x00000000 mem 0x8001d10a
core   0: 0x80000f90 (0xfe939923) sh      s1, -14(t2)
core   0: 3 0x80000f90 (0xfe939923) mem 0x8001d0f6 0x8e64
core   0: 0x80000f94 (0x29ac4313) xori    t1, s8, 666
core   0: 3 0x80000f94 (0x29ac4313) x 6 0x0000029a
core   0: 0x80000f98 (0x404ad013) srai    zero, s5, 4
core   0: 3 0x80000f98 (0x404ad013)
core   0: 0x80000f9c (0x00d3c983) lbu     s3, 13(t2)
core   0: 3 0x80000f9c (0x00d3c983) x19 0x00000000 mem 0x8001d111
core   0: 0x80000fa0 (0x57affb97) auipc   s7, 0x57aff
core   0: 3 0x80000fa0 (0x57affb97) x23 0xd7afffa0
core   0: 0x80000fa4 (0x000090e6) c.add   ra, s9
core   0: 3 0x80000fa4 (0x90e6) x 1 0x00000000
core   0: 0x80000fa6 (0x0000139c) c.addi4spn a5, sp, 480
core   0: 3 0x80000fa6 (0x139c) x15 0xc000e8a2
core   0: 0x80000fa8 (0xfeb38ba3) sb      a1, -9(t2)
core   0: 3 0x80000fa8 (0xfeb38ba3) mem 0x8001d0fb 0x0
core   0: 0x80000fac (0xfe31f813) andi    a6, gp, -29
core   0: 3 0x80000fac (0xfe31f813) x16 0x00000000
core   0: 0x80000fb0 (0x021806b3) mul     a3, a6, ra
core   0: 3 0x80000fb0 (0x021806b3) x13 0x00000000
core   0: 0x80000fb4 (0xff439883) lh      a7, -12(t2)
core   0: 3 0x80000fb4 (0xff439883) x17 0x00000000 mem 0x8001d0f8
core   0: 0x80000fb8 (0x00000eda) c.slli  t4, 22
core   0: 3 0x80000fb8 (0x0eda) x29 0x00000000
core   0: 0x80000fba (0x016384a3) sb      s6, 9(t2)
core   0: 3 0x80000fba (0x016384a3) mem 0x8001d10d 0x0
core   0: 0x80000fbe (0xffb3c603) lbu     a2, -5(t2)
core   0: 3 0x80000fbe (0xffb3c603) x12 0x00000064 mem 0x8001d0ff
core   0: 0x80000fc2 (0x023890b3) mulh    ra, a7, gp
core   0: 3 0x80000fc2 (0x023890b3) x 1 0x00000000
core   0: 0x80000fc6 (0x00000001) c.nop
core   0: 3 0x80000fc6 (0x0001)
core   0: 0x80000fc8 (0x00008c49) c.or    s0, a0
core   0: 3 0x80000fc8 (0x8c49) x 8 0xfd3e21da
core   0: 0x80000fca (0x0ff0000f) fence   iorw,iorw
core   0: 3 0x80000fca (0x0ff0000f)
core   0: 0x80000fce (0x00006129) c.addi16sp sp, 192
core   0: 3 0x80000fce (0x6129) x 2 0xc000e782
core   0: 0x80000fd0 (0xff338b03) lb      s6, -13(t2)
core   0: 3 0x80000fd0 (0xff338b03) x22 0xffffff8e mem 0x8001d0f7
core   0: 0x80000fd4 (0xff93c703) lbu     a4, -7(t2)
core   0: 3 0x80000fd4 (0xff93c703) x14 0x00000000 mem 0x8001d0fd
core   0: 0x80000fd8 (0x00000001) c.nop
core   0: 3 0x80000fd8 (0x0001)
core   0: 0x80000fda (0xffe3db03) lhu     s6, -2(t2)
core   0: 3 0x80000fda (0xffe3db03) x22 0x00000000 mem 0x8001d102
core   0: 0x80000fde (0x0093c403) lbu     s0, 9(t2)
core   0: 3 0x80000fde (0x0093c403) x 8 0x00000000 mem 0x8001d10d
core   0: 0x80000fe2 (0x036d0cb3) mul     s9, s10, s6
core   0: 3 0x80000fe2 (0x036d0cb3) x25 0x00000000
core   0: 0x80000fe6 (0x0000100f) fence.i
core   0: 3 0x80000fe6 (0x0000100f)
core   0: 0x80000fea (0x01039723) sh      a6, 14(t2)
core   0: 3 0x80000fea (0x01039723) mem 0x8001d112 0x0000
core   0: 0x80000fee (0x00938983) lb      s3, 9(t2)
core   0: 3 0x80000fee (0x00938983) x19 0x00000000 mem 0x8001d10d
core   0: 0x80000ff2 (0x0103c083) lbu     ra, 16(t2)
core   0: 3 0x80000ff2 (0x0103c083) x 1 0x00000000 mem 0x8001d114
core   0: 0x80000ff6 (0x00021317) auipc   t1, 0x21
core   0: 3 0x80000ff6 (0x00021317) x 6 0x80021ff6
core   0: 0x80000ffa (0x61530313) addi    t1, t1, 1557
core   0: 3 0x80000ffa (0x61530313) x 6 0x8002260b
core   0: 0x80000ffe (0xff330fa3) sb      s3, -1(t1)
core   0: 3 0x80000ffe (0xff330fa3) mem 0x8002260a 0x0
core   0: 0x80001002 (0x00008fa9) c.xor   a5, a0
core   0: 3 0x80001002 (0x8fa9) x15 0x3d3ec978
core   0: 0x80001004 (0x000045fd) c.li    a1, 31
core   0: 3 0x80001004 (0x45fd) x11 0x0000001f
core   0: 0x80001006 (0x00000cea) c.slli  s9, 26
core   0: 3 0x80001006 (0x0cea) x25 0x00000000
core   0: 0x80001008 (0xfff35803) lhu     a6, -1(t1)
core   0: 3 0x80001008 (0xfff35803) x16 0x00000000 mem 0x8002260a
core   0: 0x8000100c (0x5a10c693) xori    a3, ra, 1441
core   0: 3 0x8000100c (0x5a10c693) x13 0x000005a1
core   0: 0x80001010 (0x0000100f) fence.i
core   0: 3 0x80001010 (0x0000100f)
core   0: 0x80001014 (0xfff31383) lh      t2, -1(t1)
core   0: 3 0x80001014 (0xfff31383) x 7 0x00000000 mem 0x8002260a
core   0: 0x80001018 (0xfe131fa3) sh      ra, -1(t1)
core   0: 3 0x80001018 (0xfe131fa3) mem 0x8002260a 0x0000
core   0: 0x8000101c (0xff230fa3) sb      s2, -1(t1)
core   0: 3 0x8000101c (0xff230fa3) mem 0x8002260a 0xe4
core   0: 0x80001020 (0xfff34203) lbu     tp, -1(t1)
core   0: 3 0x80001020 (0xfff34203) x 4 0x000000e4 mem 0x8002260a
core   0: 0x80001024 (0xfff31d03) lh      s10, -1(t1)
core   0: 3 0x80001024 (0xfff31d03) x26 0x000000e4 mem 0x8002260a
core   0: 0x80001028 (0xfff35803) lhu     a6, -1(t1)
core   0: 3 0x80001028 (0xfff35803) x16 0x000000e4 mem 0x8002260a
core   0: 0x8000102c (0xfff35203) lhu     tp, -1(t1)
core   0: 3 0x8000102c (0xfff35203) x 4 0x000000e4 mem 0x8002260a
core   0: 0x80001030 (0xfff31603) lh      a2, -1(t1)
core   0: 3 0x80001030 (0xfff31603) x12 0x000000e4 mem 0x8002260a
core   0: 0x80001034 (0x00013617) auipc   a2, 0x13
core   0: 3 0x80001034 (0x00013617) x12 0x80014034
core   0: 0x80001038 (0xe2560613) addi    a2, a2, -475
core   0: 3 0x80001038 (0xe2560613) x12 0x80013e59
core   0: 0x8000103c (0x0eb606a3) sb      a1, 237(a2)
core   0: 3 0x8000103c (0x0eb606a3) mem 0x80013f46 0x1f
core   0: 0x80001040 (0x0000100f) fence.i
core   0: 3 0x80001040 (0x0000100f)
core   0: 0x80001044 (0xf1360b83) lb      s7, -237(a2)
core   0: 3 0x80001044 (0xf1360b83) x23 0x00000000 mem 0x80013d6c
core   0: 0x80001048 (0x0e8606a3) sb      s0, 237(a2)
core   0: 3 0x80001048 (0x0e8606a3) mem 0x80013f46 0x0
core   0: 0x8000104c (0x00d5d193) srli    gp, a1, 13
core   0: 3 0x8000104c (0x00d5d193) x 3 0x00000000
core   0: 0x80001050 (0xf9d65703) lhu     a4, -99(a2)
core   0: 3 0x80001050 (0xf9d65703) x14 0x00000000 mem 0x80013df6
core   0: 0x80001054 (0x09464203) lbu     tp, 148(a2)
core   0: 3 0x80001054 (0x09464203) x 4 0x00000000 mem 0x80013eed
core   0: 0x80001058 (0xf0660223) sb      t1, -252(a2)
core   0: 3 0x80001058 (0xf0660223) mem 0x80013d5d 0xb
core   0: 0x8000105c (0x00c60683) lb      a3, 12(a2)
core   0: 3 0x8000105c (0x00c60683) x13 0x00000000 mem 0x80013e65
core   0: 0x80001060 (0x0f961683) lh      a3, 249(a2)
core   0: 3 0x80001060 (0x0f961683) x13 0x00000000 mem 0x80013f52
core   0: 0x80001064 (0x40e7da93) srai    s5, a5, 14
core   0: 3 0x80001064 (0x40e7da93) x21 0x0000f4fb
core   0: 0x80001068 (0x00008ff9) c.and   a5, a4
core   0: 3 0x80001068 (0x8ff9) x15 0x00000000
core   0: 0x8000106a (0x05165103) lhu     sp, 81(a2)
core   0: 3 0x8000106a (0x05165103) x 2 0x00000000 mem 0x80013eaa
core   0: 0x8000106e (0xf2064f83) lbu     t6, -224(a2)
core   0: 3 0x8000106e (0xf2064f83) x31 0x00000000 mem 0x80013d79
core   0: 0x80001072 (0x0000100f) fence.i
core   0: 3 0x80001072 (0x0000100f)
core   0: 0x80001076 (0x04260703) lb      a4, 66(a2)
core   0: 3 0x80001076 (0x04260703) x14 0x00000000 mem 0x80013e9b
core   0: 0x8000107a (0x053600a3) sb      s3, 65(a2)
core   0: 3 0x8000107a (0x053600a3) mem 0x80013e9a 0x0
core   0: 0x8000107e (0x01260703) lb      a4, 18(a2)
core   0: 3 0x8000107e (0x01260703) x14 0x00000000 mem 0x80013e6b
core   0: 0x80001082 (0x019cce33) xor     t3, s9, s9
core   0: 3 0x80001082 (0x019cce33) x28 0x00000000
core   0: 0x80001086 (0x00009b7d) c.andi  a4, -1
core   0: 3 0x80001086 (0x9b7d) x14 0x00000000
core   0: 0x80001088 (0xfe761203) lh      tp, -25(a2)
core   0: 3 0x80001088 (0xfe761203) x 4 0x00000000 mem 0x80013e40
core   0: 0x8000108c (0xf1d61703) lh      a4, -227(a2)
core   0: 3 0x8000108c (0xf1d61703) x14 0x00000000 mem 0x80013d76
core   0: 0x80001090 (0xfbe60003) lb      zero, -66(a2)
core   0: 3 0x80001090 (0xfbe60003) mem 0x80013e17
core   0: 0x80001094 (0x6d7b8e13) addi    t3, s7, 1751
core   0: 3 0x80001094 (0x6d7b8e13) x28 0x000006d7
core   0: 0x80001098 (0x00a64003) lbu     zero, 10(a2)
core   0: 3 0x80001098 (0x00a64003) mem 0x80013e63
core   0: 0x8000109c (0xfdb65e83) lhu     t4, -37(a2)
core   0: 3 0x8000109c (0xfdb65e83) x29 0x00003fd1 mem 0x80013e34
core   0: 0x800010a0 (0xf3460d83) lb      s11, -204(a2)
core   0: 3 0x800010a0 (0xf3460d83) x27 0x00000000 mem 0x80013d8d
core   0: 0x800010a4 (0xf5460223) sb      s4, -188(a2)
core   0: 3 0x800010a4 (0xf5460223) mem 0x80013d9d 0xff
core   0: 0x800010a8 (0x0153d7b3) srl     a5, t2, s5
core   0: 3 0x800010a8 (0x0153d7b3) x15 0x00000000
core   0: 0x800010ac (0xfaf62f03) lw      t5, -81(a2)
core   0: 3 0x800010ac (0xfaf62f03) x30 0x00000000 mem 0x80013e08
core   0: 0x800010b0 (0x0cdaf3b7) lui     t2, 0xcdaf
core   0: 3 0x800010b0 (0x0cdaf3b7) x 7 0x0cdaf000
core   0: 0x800010b4 (0x02df1033) mulh    zero, t5, a3
core   0: 3 0x800010b4 (0x02df1033)
core   0: 0x800010b8 (0x01a5adb3) slt     s11, a1, s10
core   0: 3 0x800010b8 (0x01a5adb3) x27 0x00000001
core   0: 0x800010bc (0x0bf60623) sb      t6, 172(a2)
core   0: 3 0x800010bc (0x0bf60623) mem 0x80013f05 0x0
core   0: 0x800010c0 (0xfda64883) lbu     a7, -38(a2)
core   0: 3 0x800010c0 (0xfda64883) x17 0x00000000 mem 0x80013e33
core   0: 0x800010c4 (0x0001fe97) auipc   t4, 0x1f
core   0: 3 0x800010c4 (0x0001fe97) x29 0x800200c4
core   0: 0x800010c8 (0x3f9e8e93) addi    t4, t4, 1017
core   0: 3 0x800010c8 (0x3f9e8e93) x29 0x800204bd
core   0: 0x800010cc (0x00018397) auipc   t2, 0x18
core   0: 3 0x800010cc (0x00018397) x 7 0x800190cc
core   0: 0x800010d0 (0xcad38393) addi    t2, t2, -851
core   0: 3 0x800010d0 (0xcad38393) x 7 0x80018d79
core   0: 0x800010d4 (0x277e8223) sb      s7, 612(t4)
core   0: 3 0x800010d4 (0x277e8223) mem 0x80020721 0x0
core   0: 0x800010d8 (0x0001b717) auipc   a4, 0x1b
core   0: 3 0x800010d8 (0x0001b717) x14 0x8001c0d8
core   0: 0x800010dc (0x1d870713) addi    a4, a4, 472
core   0: 3 0x800010dc (0x1d870713) x14 0x8001c2b0
core   0: 0x800010e0 (0x00023d17) auipc   s10, 0x23
core   0: 3 0x800010e0 (0x00023d17) x26 0x800240e0
core   0: 0x800010e4 (0xc80d0d13) addi    s10, s10, -896
core   0: 3 0x800010e4 (0xc80d0d13) x26 0x80023d60
core   0: 0x800010e8 (0x00015117) auipc   sp, 0x15
core   0: 3 0x800010e8 (0x00015117) x 2 0x800160e8
core   0: 0x800010ec (0xe7810113) addi    sp, sp, -392
core   0: 3 0x800010ec (0xe7810113) x 2 0x80015f60
core   0: 0x800010f0 (0xd3b70f83) lb      t6, -709(a4)
core   0: 3 0x800010f0 (0xd3b70f83) x31 0x00000000 mem 0x8001bfeb
core   0: 0x800010f4 (0x01d38c23) sb      t4, 24(t2)
core   0: 3 0x800010f4 (0x01d38c23) mem 0x80018d91 0xbd
core   0: 0x800010f8 (0xffd39f83) lh      t6, -3(t2)
core   0: 3 0x800010f8 (0xffd39f83) x31 0x00000000 mem 0x80018d76
core   0: 0x800010fc (0x07fe8b23) sb      t6, 118(t4)
core   0: 3 0x800010fc (0x07fe8b23) mem 0x80020533 0x0
core   0: 0x80001100 (0xfded1a83) lh      s5, -34(s10)
core   0: 3 0x80001100 (0xfded1a83) x21 0x00000000 mem 0x80023d3e
core   0: 0x80001104 (0x096d1123) sh      s6, 130(s10)
core   0: 3 0x80001104 (0x096d1123) mem 0x80023de2 0x0000
core   0: 0x80001108 (0x00e14403) lbu     s0, 14(sp)
core   0: 3 0x80001108 (0x00e14403) x 8 0x00000000 mem 0x80015f6e
core   0: 0x8000110c (0xff411d23) sh      s4, -6(sp)
core   0: 3 0x8000110c (0xff411d23) mem 0x80015f5a 0xffff
core   0: 0x80001110 (0xff638283) lb      t0, -10(t2)
core   0: 3 0x80001110 (0xff638283) x 5 0x00000000 mem 0x80018d6f
core   0: 0x80001114 (0xa5a70403) lb      s0, -1446(a4)
core   0: 3 0x80001114 (0xa5a70403) x 8 0x00000000 mem 0x8001bd0a
core   0: 0x80001118 (0x0313d403) lhu     s0, 49(t2)
core   0: 3 0x80001118 (0x0313d403) x 8 0x00000000 mem 0x80018daa
core   0: 0x8000111c (0xff410203) lb      tp, -12(sp)
core   0: 3 0x8000111c (0xff410203) x 4 0x00000000 mem 0x80015f54
core   0: 0x80001120 (0xffbd0c03) lb      s8, -5(s10)
core   0: 3 0x80001120 (0xffbd0c03) x24 0x00000000 mem 0x80023d5b
core   0: 0x80001124 (0x0d7d4b83) lbu     s7, 215(s10)
core   0: 3 0x80001124 (0x0d7d4b83) x23 0x00000000 mem 0x80023e37
core   0: 0x80001128 (0xffb11923) sh      s11, -14(sp)
core   0: 3 0x80001128 (0xffb11923) mem 0x80015f52 0x0001
core   0: 0x8000112c (0x00e11d83) lh      s11, 14(sp)
core   0: 3 0x8000112c (0x00e11d83) x27 0x00000000 mem 0x80015f6e
core   0: 0x80001130 (0xfe33c683) lbu     a3, -29(t2)
core   0: 3 0x80001130 (0xfe33c683) x13 0x00000000 mem 0x80018d5c
core   0: 0x80001134 (0xfff10c03) lb      s8, -1(sp)
core   0: 3 0x80001134 (0xfff10c03) x24 0x00000000 mem 0x80015f5f
core   0: 0x80001138 (0x00539803) lh      a6, 5(t2)
core   0: 3 0x80001138 (0x00539803) x16 0x00000000 mem 0x80018d7e
core   0: 0x8000113c (0xc0272023) sw      sp, -1024(a4)
core   0: 3 0x8000113c (0xc0272023) mem 0x8001beb0 0x80015f60
core   0: 0x80001140 (0xda0e8403) lb      s0, -608(t4)
core   0: 3 0x80001140 (0xda0e8403) x 8 0x00000000 mem 0x8002025d
core   0: 0x80001144 (0xfc938da3) sb      s1, -37(t2)
core   0: 3 0x80001144 (0xfc938da3) mem 0x80018d54 0x64
core   0: 0x80001148 (0x250ecc83) lbu     s9, 592(t4)
core   0: 3 0x80001148 (0x250ecc83) x25 0x00000000 mem 0x8002070d
core   0: 0x8000114c (0x63275083) lhu     ra, 1586(a4)
core   0: 3 0x8000114c (0x63275083) x 1 0x00000000 mem 0x8001c8e2
core   0: 0x80001150 (0xbe3e9a83) lh      s5, -1053(t4)
core   0: 3 0x80001150 (0xbe3e9a83) x21 0x00000000 mem 0x800200a0
core   0: 0x80001154 (0xff510403) lb      s0, -11(sp)
core   0: 3 0x80001154 (0xff510403) x 8 0x00000000 mem 0x80015f55
core   0: 0x80001158 (0xf1ed0723) sb      t5, -242(s10)
core   0: 3 0x80001158 (0xf1ed0723) mem 0x80023c6e 0x0
core   0: 0x8000115c (0x562ecc03) lbu     s8, 1378(t4)
core   0: 3 0x8000115c (0x562ecc03) x24 0x00000000 mem 0x80020a1f
core   0: 0x80001160 (0xff238623) sb      s2, -20(t2)
core   0: 3 0x80001160 (0xff238623) mem 0x80018d65 0xe4
core   0: 0x80001164 (0x00838123) sb      s0, 2(t2)
core   0: 3 0x80001164 (0x00838123) mem 0x80018d7b 0x0
core   0: 0x80001168 (0x066d05a3) sb      t1, 107(s10)
core   0: 3 0x80001168 (0x066d05a3) mem 0x80023dcb 0xb
core   0: 0x8000116c (0x39de8403) lb      s0, 925(t4)
core   0: 3 0x8000116c (0x39de8403) x 8 0x00000000 mem 0x8002085a
core   0: 0x80001170 (0x41471b03) lh      s6, 1044(a4)
core   0: 3 0x80001170 (0x41471b03) x22 0x00000000 mem 0x8001c6c4
core   0: 0x80001174 (0x993e8003) lb      zero, -1645(t4)
core   0: 3 0x80001174 (0x993e8003) mem 0x8001fe50
core   0: 0x80001178 (0x8d570123) sb      s5, -1854(a4)
core   0: 3 0x80001178 (0x8d570123) mem 0x8001bb72 0x0
core   0: 0x8000117c (0xb68e8c83) lb      s9, -1176(t4)
core   0: 3 0x8000117c (0xb68e8c83) x25 0x00000000 mem 0x80020025
core   0: 0x80001180 (0x03dedf83) lhu     t6, 61(t4)
core   0: 3 0x80001180 (0x03dedf83) x31 0x00000000 mem 0x800204fa
core   0: 0x80001184 (0xff011f03) lh      t5, -16(sp)
core   0: 3 0x80001184 (0xff011f03) x30 0x00000000 mem 0x80015f50
core   0: 0x80001188 (0x0f9d4c83) lbu     s9, 249(s10)
core   0: 3 0x80001188 (0x0f9d4c83) x25 0x00000000 mem 0x80023e59
core   0: 0x8000118c (0x00013b97) auipc   s7, 0x13
core   0: 3 0x8000118c (0x00013b97) x23 0x8001418c
core   0: 0x80001190 (0x992b8b93) addi    s7, s7, -1646
core   0: 3 0x80001190 (0x992b8b93) x23 0x80013b1e
core   0: 0x80001194 (0xffdbce83) lbu     t4, -3(s7)
core   0: 3 0x80001194 (0xffdbce83) x29 0x00000000 mem 0x80013b1b
core   0: 0x80001198 (0xffdb8983) lb      s3, -3(s7)
core   0: 3 0x80001198 (0xffdb8983) x19 0x00000000 mem 0x80013b1b
core   0: 0x8000119c (0xffdbc203) lbu     tp, -3(s7)
core   0: 3 0x8000119c (0xffdbc203) x 4 0x00000000 mem 0x80013b1b
core   0: 0x800011a0 (0xffdbc083) lbu     ra, -3(s7)
core   0: 3 0x800011a0 (0xffdbc083) x 1 0x00000000 mem 0x80013b1b
core   0: 0x800011a4 (0x017b9823) sh      s7, 16(s7)
core   0: 3 0x800011a4 (0x017b9823) mem 0x80013b2e 0x3b1e
core   0: 0x800011a8 (0x41ce5033) sra     zero, t3, t3
core   0: 3 0x800011a8 (0x41ce5033)
core   0: 0x800011ac (0x000b9f03) lh      t5, 0(s7)
core   0: 3 0x800011ac (0x000b9f03) x30 0x00000000 mem 0x80013b1e
core   0: 0x800011b0 (0x000082c9) c.srli  a3, 18
core   0: 3 0x800011b0 (0x82c9) x13 0x00000000
core   0: 0x800011b2 (0x009b87a3) sb      s1, 15(s7)
core   0: 3 0x800011b2 (0x009b87a3) mem 0x80013b2d 0x64
core   0: 0x800011b6 (0xff6ba383) lw      t2, -10(s7)
core   0: 3 0x800011b6 (0xff6ba383) x 7 0x00000000 mem 0x80013b14
core   0: 0x800011ba (0xff6bdd03) lhu     s10, -10(s7)
core   0: 3 0x800011ba (0xff6bdd03) x26 0x00000000 mem 0x80013b14
core   0: 0x800011be (0x00bb8103) lb      sp, 11(s7)
core   0: 3 0x800011be (0x00bb8103) x 2 0x00000000 mem 0x80013b29
core   0: 0x800011c2 (0xff1b8b03) lb      s6, -15(s7)
core   0: 3 0x800011c2 (0xff1b8b03) x22 0x00000000 mem 0x80013b0f
core   0: 0x800011c6 (0xff1b8203) lb      tp, -15(s7)
core   0: 3 0x800011c6 (0xff1b8203) x 4 0x00000000 mem 0x80013b0f
core   0: 0x800011ca (0x011b85a3) sb      a7, 11(s7)
core   0: 3 0x800011ca (0x011b85a3) mem 0x80013b29 0x0
core   0: 0x800011ce (0x37da2417) auipc   s0, 0x37da2
core   0: 3 0x800011ce (0x37da2417) x 8 0xb7da31ce
core   0: 0x800011d2 (0xfe6b8da3) sb      t1, -5(s7)
core   0: 3 0x800011d2 (0xfe6b8da3) mem 0x80013b19 0xb
core   0: 0x800011d6 (0xfebb8da3) sb      a1, -5(s7)
core   0: 3 0x800011d6 (0xfebb8da3) mem 0x80013b19 0x1f
core   0: 0x800011da (0x00883ab3) sltu    s5, a6, s0
core   0: 3 0x800011da (0x00883ab3) x21 0x00000001
core   0: 0x800011de (0xffbbc403) lbu     s0, -5(s7)
core   0: 3 0x800011de (0xffbbc403) x 8 0x0000001f mem 0x80013b19
core   0: 0x800011e2 (0x00013197) auipc   gp, 0x13
core   0: 3 0x800011e2 (0x00013197) x 3 0x800141e2
core   0: 0x800011e6 (0xb8918193) addi    gp, gp, -1143
core   0: 3 0x800011e6 (0xb8918193) x 3 0x80013d6b
core   0: 0x800011ea (0x0000537d) c.li    t1, -1
core   0: 3 0x800011ea (0x537d) x 6 0xffffffff
core   0: 0x800011ec (0x027be633) rem     a2, s7, t2
core   0: 3 0x800011ec (0x027be633) x12 0x80013b1e
core   0: 0x800011f0 (0xff518ea3) sb      s5, -3(gp)
core   0: 3 0x800011f0 (0xff518ea3) mem 0x80013d68 0x1
core   0: 0x800011f4 (0x0000100f) fence.i
core   0: 3 0x800011f4 (0x0000100f)
core   0: 0x800011f8 (0xff118c83) lb      s9, -15(gp)
core   0: 3 0x800011f8 (0xff118c83) x25 0x00000000 mem 0x80013d5c
core   0: 0x800011fc (0xff318923) sb      s3, -14(gp)
core   0: 3 0x800011fc (0xff318923) mem 0x80013d5d 0x0
core   0: 0x80001200 (0x00e6a733) slt     a4, a3, a4
core   0: 3 0x80001200 (0x00e6a733) x14 0x00000000
core   0: 0x80001204 (0x01cda233) slt     tp, s11, t3
core   0: 3 0x80001204 (0x01cda233) x 4 0x00000001
core   0: 0x80001208 (0x00000001) c.nop
core   0: 3 0x80001208 (0x0001)
core   0: 0x8000120a (0x01e1a0a3) sw      t5, 1(gp)
core   0: 3 0x8000120a (0x01e1a0a3) mem 0x80013d6c 0x00000000
core   0: 0x8000120e (0x010f9c33) sll     s8, t6, a6
core   0: 3 0x8000120e (0x010f9c33) x24 0x00000000
core   0: 0x80001212 (0x0021c283) lbu     t0, 2(gp)
core   0: 3 0x80001212 (0x0021c283) x 5 0x00000000 mem 0x80013d6d
core   0: 0x80001216 (0x00e187a3) sb      a4, 15(gp)
core   0: 3 0x80001216 (0x00e187a3) mem 0x80013d7a 0x0
core   0: 0x8000121a (0x262b4e13) xori    t3, s6, 610
core   0: 3 0x8000121a (0x262b4e13) x28 0x00000262
core   0: 0x8000121e (0xff618703) lb      a4, -10(gp)
core   0: 3 0x8000121e (0xff618703) x14 0x00000000 mem 0x80013d61
core   0: 0x80001222 (0x01d18623) sb      t4, 12(gp)
core   0: 3 0x80001222 (0x01d18623) mem 0x80013d77 0x0
core   0: 0x80001226 (0x00918403) lb      s0, 9(gp)
core   0: 3 0x80001226 (0x00918403) x 8 0x00000000 mem 0x80013d74
core   0: 0x8000122a (0x4078d693) srai    a3, a7, 7
core   0: 3 0x8000122a (0x4078d693) x13 0x00000000
core   0: 0x8000122e (0xffa1ca03) lbu     s4, -6(gp)
core   0: 3 0x8000122e (0xffa1ca03) x20 0x00000000 mem 0x80013d65
core   0: 0x80001232 (0x404f5cb3) sra     s9, t5, tp
core   0: 3 0x80001232 (0x404f5cb3) x25 0x00000000
core   0: 0x80001236 (0x00e18323) sb      a4, 6(gp)
core   0: 3 0x80001236 (0x00e18323) mem 0x80013d71 0x0
core   0: 0x8000123a (0x00f7e6b3) or      a3, a5, a5
core   0: 3 0x8000123a (0x00f7e6b3) x13 0x00000000
core   0: 0x8000123e (0x00b1dd83) lhu     s11, 11(gp)
core   0: 3 0x8000123e (0x00b1dd83) x27 0x00000000 mem 0x80013d76
core   0: 0x80001242 (0xffa18b03) lb      s6, -6(gp)
core   0: 3 0x80001242 (0xffa18b03) x22 0x00000000 mem 0x80013d65
core   0: 0x80001246 (0xfeb18fa3) sb      a1, -1(gp)
core   0: 3 0x80001246 (0xfeb18fa3) mem 0x80013d6a 0x1f
core   0: 0x8000124a (0x036e7f33) remu    t5, t3, s6
core   0: 3 0x8000124a (0x036e7f33) x30 0x00000262
core   0: 0x8000124e (0x00000001) c.nop
core   0: 3 0x8000124e (0x0001)
core   0: 0x80001250 (0xff018a03) lb      s4, -16(gp)
core   0: 3 0x80001250 (0xff018a03) x20 0x00000000 mem 0x80013d5b
core   0: 0x80001254 (0xfe518aa3) sb      t0, -11(gp)
core   0: 3 0x80001254 (0xfe518aa3) mem 0x80013d60 0x0
core   0: 0x80001258 (0x0000820d) c.srli  a2, 3
core   0: 3 0x80001258 (0x820d) x12 0x10002763
core   0: 0x8000125a (0x00da3133) sltu    sp, s4, a3
core   0: 3 0x8000125a (0x00da3133) x 2 0x00000000
core   0: 0x8000125e (0x000086bd) c.srai  a3, 15
core   0: 3 0x8000125e (0x86bd) x13 0x00000000
core   0: 0x80001260 (0x418300b3) sub     ra, t1, s8
core   0: 3 0x80001260 (0x418300b3) x 1 0xffffffff
core   0: 0x80001264 (0x0e6a4d13) xori    s10, s4, 230
core   0: 3 0x80001264 (0x0e6a4d13) x26 0x000000e6
core   0: 0x80001268 (0x026210b3) mulh    ra, tp, t1
core   0: 3 0x80001268 (0x026210b3) x 1 0xffffffff
core   0: 0x8000126c (0x01991b93) slli    s7, s2, 25
core   0: 3 0x8000126c (0x01991b93) x23 0xc8000000
core   0: 0x80001270 (0x02dfb6b3) mulhu   a3, t6, a3
core   0: 3 0x80001270 (0x02dfb6b3) x13 0x00000000
core   0: 0x80001274 (0x00008671) c.srai  a2, 28
core   0: 3 0x80001274 (0x8671) x12 0x00000001
core   0: 0x80001276 (0x000019fd) c.addi  s3, -1
core   0: 3 0x80001276 (0x19fd) x19 0xffffffff
core   0: 0x80001278 (0x40fed613) srai    a2, t4, 15
core   0: 3 0x80001278 (0x40fed613) x12 0x00000000
core   0: 0x8000127c (0x01118323) sb      a7, 6(gp)
core   0: 3 0x8000127c (0x01118323) mem 0x80013d71 0x0
core   0: 0x80001280 (0x00e1cc83) lbu     s9, 14(gp)
core   0: 3 0x80001280 (0x00e1cc83) x25 0x00000000 mem 0x80013d79
core   0: 0x80001284 (0x00b18323) sb      a1, 6(gp)
core   0: 3 0x80001284 (0x00b18323) mem 0x80013d71 0x1f
core   0: 0x80001288 (0xff718103) lb      sp, -9(gp)
core   0: 3 0x80001288 (0xff718103) x 2 0x00000000 mem 0x80013d62
core   0: 0x8000128c (0x97f2ae17) auipc   t3, 0x97f2a
core   0: 3 0x8000128c (0x97f2ae17) x28 0x17f2b28c
core   0: 0x80001290 (0x00747033) and     zero, s0, t2
core   0: 3 0x80001290 (0x00747033)
core   0: 0x80001294 (0xfe818a23) sb      s0, -12(gp)
core   0: 3 0x80001294 (0xfe818a23) mem 0x80013d5f 0x0
core   0: 0x80001298 (0xffb1dc83) lhu     s9, -5(gp)
core   0: 3 0x80001298 (0xffb1dc83) x25 0x00000000 mem 0x80013d66
core   0: 0x8000129c (0xffd19283) lh      t0, -3(gp)
core   0: 3 0x8000129c (0xffd19283) x 5 0x00000001 mem 0x80013d68
core   0: 0x800012a0 (0x00012c17) auipc   s8, 0x12
core   0: 3 0x800012a0 (0x00012c17) x24 0x800132a0
core   0: 0x800012a4 (0x280c0c13) addi    s8, s8, 640
core   0: 3 0x800012a4 (0x280c0c13) x24 0x80013520
core   0: 0x800012a8 (0x00013117) auipc   sp, 0x13
core   0: 3 0x800012a8 (0x00013117) x 2 0x800142a8
core   0: 0x800012ac (0xc5310113) addi    sp, sp, -941
core   0: 3 0x800012ac (0xc5310113) x 2 0x80013efb
core   0: 0x800012b0 (0x9a010083) lb      ra, -1632(sp)
core   0: 3 0x800012b0 (0x9a010083) x 1 0x00000000 mem 0x8001389b
core   0: 0x800012b4 (0xff4c2c23) sw      s4, -8(s8)
core   0: 3 0x800012b4 (0xff4c2c23) mem 0x80013518 0x00000000
core   0: 0x800012b8 (0xfe1c0d23) sb      ra, -6(s8)
core   0: 3 0x800012b8 (0xfe1c0d23) mem 0x8001351a 0x0
core   0: 0x800012bc (0x91314a03) lbu     s4, -1773(sp)
core   0: 3 0x800012bc (0x91314a03) x20 0x00000000 mem 0x8001380e
core   0: 0x800012c0 (0xd3112f83) lw      t6, -719(sp)
core   0: 3 0x800012c0 (0xd3112f83) x31 0x00000000 mem 0x80013c2c
core   0: 0x800012c4 (0x0bb10223) sb      s11, 164(sp)
core   0: 3 0x800012c4 (0x0bb10223) mem 0x80013f9f 0x0
core   0: 0x800012c8 (0xff8c0e23) sb      s8, -4(s8)
core   0: 3 0x800012c8 (0xff8c0e23) mem 0x8001351c 0x20
core   0: 0x800012cc (0x84610783) lb      a5, -1978(sp)
core   0: 3 0x800012cc (0x84610783) x15 0x00000000 mem 0x80013741
core   0: 0x800012d0 (0x006c1403) lh      s0, 6(s8)
core   0: 3 0x800012d0 (0x006c1403) x 8 0x00000000 mem 0x80013526
core   0: 0x800012d4 (0x014c2023) sw      s4, 0(s8)
core   0: 3 0x800012d4 (0x014c2023) mem 0x80013520 0x00000000
core   0: 0x800012d8 (0x00013117) auipc   sp, 0x13
core   0: 3 0x800012d8 (0x00013117) x 2 0x800142d8
core   0: 0x800012dc (0xc4010113) addi    sp, sp, -960
core   0: 3 0x800012dc (0xc4010113) x 2 0x80013f18
core   0: 0x800012e0 (0xff012003) lw      zero, -16(sp)
core   0: 3 0x800012e0 (0xff012003) mem 0x80013f08
core   0: 0x800012e4 (0x01d4fcb3) and     s9, s1, t4
core   0: 3 0x800012e4 (0x01d4fcb3) x25 0x00000000
core   0: 0x800012e8 (0x0000100f) fence.i
core   0: 3 0x800012e8 (0x0000100f)
core   0: 0x800012ec (0xff015883) lhu     a7, -16(sp)
core   0: 3 0x800012ec (0xff015883) x17 0x00000000 mem 0x80013f08
core   0: 0x800012f0 (0xff012f83) lw      t6, -16(sp)
core   0: 3 0x800012f0 (0xff012f83) x31 0x00000000 mem 0x80013f08
core   0: 0x800012f4 (0x0000c05e) c.swsp  s7, 0(sp)
core   0: 3 0x800012f4 (0xc05e) mem 0x80013f18 0xc8000000
core   0: 0x800012f6 (0x0000c072) c.swsp  t3, 0(sp)
core   0: 3 0x800012f6 (0xc072) mem 0x80013f18 0x17f2b28c
core   0: 0x800012f8 (0x00004d02) c.lwsp  s10, 0(sp)
core   0: 3 0x800012f8 (0x4d02) x26 0x17f2b28c mem 0x80013f18
core   0: 0x800012fa (0xff410fa3) sb      s4, -1(sp)
core   0: 3 0x800012fa (0xff410fa3) mem 0x80013f17 0x0
core   0: 0x800012fe (0xff211b23) sh      s2, -10(sp)
core   0: 3 0x800012fe (0xff211b23) mem 0x80013f0e 0xcce4
core   0: 0x80001302 (0xfff10703) lb      a4, -1(sp)
core   0: 3 0x80001302 (0xfff10703) x14 0x00000000 mem 0x80013f17
core   0: 0x80001306 (0xfe010fa3) sb      zero, -1(sp)
core   0: 3 0x80001306 (0xfe010fa3) mem 0x80013f17 0x0
core   0: 0x8000130a (0x00004722) c.lwsp  a4, 8(sp)
core   0: 3 0x8000130a (0x4722) x14 0x00000000 mem 0x80013f20
core   0: 0x8000130c (0x00004a22) c.lwsp  s4, 8(sp)
core   0: 3 0x8000130c (0x4a22) x20 0x00000000 mem 0x80013f20
core   0: 0x8000130e (0x2e8cc417) auipc   s0, 0x2e8cc
core   0: 3 0x8000130e (0x2e8cc417) x 8 0xae8cd30e
core   0: 0x80001312 (0x00004d22) c.lwsp  s10, 8(sp)
core   0: 3 0x80001312 (0x4d22) x26 0x00000000 mem 0x80013f20
core   0: 0x80001314 (0x0001ba17) auipc   s4, 0x1b
core   0: 3 0x80001314 (0x0001ba17) x20 0x8001c314
core   0: 0x80001318 (0xd48a0a13) addi    s4, s4, -696
core   0: 3 0x80001318 (0xd48a0a13) x20 0x8001c05c
core   0: 0x8000131c (0xd42a0983) lb      s3, -702(s4)
core   0: 3 0x8000131c (0xd42a0983) x19 0x00000000 mem 0x8001bd9e
core   0: 0x80001320 (0x087a08a3) sb      t2, 145(s4)
core   0: 3 0x80001320 (0x087a08a3) mem 0x8001c0ed 0x0
core   0: 0x80001324 (0xf18a2c23) sw      s8, -232(s4)
core   0: 3 0x80001324 (0xf18a2c23) mem 0x8001bf74 0x80013520
core   0: 0x80001328 (0x8fda0783) lb      a5, -1795(s4)
core   0: 3 0x80001328 (0x8fda0783) x15 0x00000000 mem 0x8001b959
core   0: 0x8000132c (0x1bba0723) sb      s11, 430(s4)
core   0: 3 0x8000132c (0x1bba0723) mem 0x8001c20a 0x0
core   0: 0x80001330 (0x01d0ddb3) srl     s11, ra, t4
core   0: 3 0x80001330 (0x01d0ddb3) x27 0x00000000
core   0: 0x80001334 (0x0000717d) c.addi16sp sp, -16
core   0: 3 0x80001334 (0x717d) x 2 0x80013f08
core   0: 0x80001336 (0x01f371b3) and     gp, t1, t6
core   0: 3 0x80001336 (0x01f371b3) x 3 0x00000000
core   0: 0x8000133a (0x255a4d03) lbu     s10, 597(s4)
core   0: 3 0x8000133a (0x255a4d03) x26 0x00000000 mem 0x8001c2b1
core   0: 0x8000133e (0x00006b31) c.lui   s6, 0xc
core   0: 3 0x8000133e (0x6b31) x22 0x0000c000
core   0: 0x80001340 (0x41ba2223) sw      s11, 1028(s4)
core   0: 3 0x80001340 (0x41ba2223) mem 0x8001c460 0x00000000
core   0: 0x80001344 (0x003ee633) or      a2, t4, gp
core   0: 3 0x80001344 (0x003ee633) x12 0x00000000
core   0: 0x80001348 (0x076a02a3) sb      s6, 101(s4)
core   0: 3 0x80001348 (0x076a02a3) mem 0x8001c0c1 0x0
core   0: 0x8000134c (0xf75a08a3) sb      s5, -143(s4)
core   0: 3 0x8000134c (0xf75a08a3) mem 0x8001bfcd 0x1
core   0: 0x80001350 (0x3e6a4103) lbu     sp, 998(s4)
core   0: 3 0x80001350 (0x3e6a4103) x 2 0x00000000 mem 0x8001c442
core   0: 0x80001354 (0xa77a0703) lb      a4, -1417(s4)
core   0: 3 0x80001354 (0xa77a0703) x14 0x00000000 mem 0x8001bad3
core   0: 0x80001358 (0x360a2783) lw      a5, 864(s4)
core   0: 3 0x80001358 (0x360a2783) x15 0x00000000 mem 0x8001c3bc
core   0: 0x8000135c (0x175a4d03) lbu     s10, 373(s4)
core   0: 3 0x8000135c (0x175a4d03) x26 0x00000000 mem 0x8001c1d1
core   0: 0x80001360 (0x332a0aa3) sb      s2, 821(s4)
core   0: 3 0x80001360 (0x332a0aa3) mem 0x8001c391 0xe4
core   0: 0x80001364 (0x00008df5) c.and   a1, a3
core   0: 3 0x80001364 (0x8df5) x11 0x00000000
core   0: 0x80001366 (0xcfda0323) sb      t4, -794(s4)
core   0: 3 0x80001366 (0xcfda0323) mem 0x8001bd42 0x0
core   0: 0x8000136a (0x649a4283) lbu     t0, 1609(s4)
core   0: 3 0x8000136a (0x649a4283) x 5 0x00000000 mem 0x8001c6a5
core   0: 0x8000136e (0x476a0083) lb      ra, 1142(s4)
core   0: 3 0x8000136e (0x476a0083) x 1 0x00000000 mem 0x8001c4d2
core   0: 0x80001372 (0xae8a4703) lbu     a4, -1304(s4)
core   0: 3 0x80001372 (0xae8a4703) x14 0x00000000 mem 0x8001bb44
core   0: 0x80001376 (0xeb0a0603) lb      a2, -336(s4)
core   0: 3 0x80001376 (0xeb0a0603) x12 0x00000000 mem 0x8001bf0c
core   0: 0x8000137a (0x92aa1683) lh      a3, -1750(s4)
core   0: 3 0x8000137a (0x92aa1683) x13 0x00000000 mem 0x8001b986
core   0: 0x8000137e (0x00008f31) c.xor   a4, a2
core   0: 3 0x8000137e (0x8f31) x14 0x00000000
core   0: 0x80001380 (0x1f4a0203) lb      tp, 500(s4)
core   0: 3 0x80001380 (0x1f4a0203) x 4 0x00000000 mem 0x8001c250
core   0: 0x80001384 (0xb0ca5003) lhu     zero, -1268(s4)
core   0: 3 0x80001384 (0xb0ca5003) mem 0x8001bb68
core   0: 0x80001388 (0xe62a0a83) lb      s5, -414(s4)
core   0: 3 0x80001388 (0xe62a0a83) x21 0x00000000 mem 0x8001bebe
core   0: 0x8000138c (0x0000167d) c.addi  a2, -1
core   0: 3 0x8000138c (0x167d) x12 0xffffffff
core   0: 0x8000138e (0x75ca02a3) sb      t3, 1861(s4)
core   0: 3 0x8000138e (0x75ca02a3) mem 0x8001c7a1 0x8c
core   0: 0x80001392 (0xb19a1823) sh      s9, -1264(s4)
core   0: 3 0x80001392 (0xb19a1823) mem 0x8001bb6c 0x0000
core   0: 0x80001396 (0x02e8af33) mulhsu  t5, a7, a4
core   0: 3 0x80001396 (0x02e8af33) x30 0x00000000
core   0: 0x8000139a (0x03ca2b83) lw      s7, 60(s4)
core   0: 3 0x8000139a (0x03ca2b83) x23 0x00000000 mem 0x8001c098
core   0: 0x8000139e (0x0010da93) srli    s5, ra, 1
core   0: 3 0x8000139e (0x0010da93) x21 0x00000000
core   0: 0x800013a2 (0x470a0f03) lb      t5, 1136(s4)
core   0: 3 0x800013a2 (0x470a0f03) x30 0x00000000 mem 0x8001c4cc
core   0: 0x800013a6 (0x0000100f) fence.i
core   0: 3 0x800013a6 (0x0000100f)
core   0: 0x800013aa (0x21fa05a3) sb      t6, 523(s4)
core   0: 3 0x800013aa (0x21fa05a3) mem 0x8001c267 0x0
core   0: 0x800013ae (0xbf5a1323) sh      s5, -1050(s4)
core   0: 3 0x800013ae (0xbf5a1323) mem 0x8001bc42 0x0000
core   0: 0x800013b2 (0x02af3333) mulhu   t1, t5, a0
core   0: 3 0x800013b2 (0x02af3333) x 6 0x00000000
core   0: 0x800013b6 (0x000089e9) c.andi  a1, 26
core   0: 3 0x800013b6 (0x89e9) x11 0x00000000
core   0: 0x800013b8 (0x000083b1) c.srli  a5, 12
core   0: 3 0x800013b8 (0x83b1) x15 0x00000000
core   0: 0x800013ba (0x762a0803) lb      a6, 1890(s4)
core   0: 3 0x800013ba (0x762a0803) x16 0x00000000 mem 0x8001c7be
core   0: 0x800013be (0x0001d117) auipc   sp, 0x1d
core   0: 3 0x800013be (0x0001d117) x 2 0x8001e3be
core   0: 0x800013c2 (0x54e10113) addi    sp, sp, 1358
core   0: 3 0x800013c2 (0x54e10113) x 2 0x8001e90c
core   0: 0x800013c6 (0xd0114003) lbu     zero, -767(sp)
core   0: 3 0x800013c6 (0xd0114003) mem 0x8001e60d
core   0: 0x800013ca (0x09d14783) lbu     a5, 157(sp)
core   0: 3 0x800013ca (0x09d14783) x15 0x00000000 mem 0x8001e9a9
core   0: 0x800013ce (0x00ad5193) srli    gp, s10, 10
core   0: 3 0x800013ce (0x00ad5193) x 3 0x00000000
core   0: 0x800013d2 (0xc8b12223) sw      a1, -892(sp)
core   0: 3 0x800013d2 (0xc8b12223) mem 0x8001e590 0x00000000
core   0: 0x800013d6 (0x0000100f) fence.i
core   0: 3 0x800013d6 (0x0000100f)
core   0: 0x800013da (0x5a810ca3) sb      s0, 1465(sp)
core   0: 3 0x800013da (0x5a810ca3) mem 0x8001eec5 0xe
core   0: 0x800013de (0xa9714403) lbu     s0, -1385(sp)
core   0: 3 0x800013de (0xa9714403) x 8 0x00000000 mem 0x8001e3a3
core   0: 0x800013e2 (0xa9710283) lb      t0, -1385(sp)
core   0: 3 0x800013e2 (0xa9710283) x 5 0x00000000 mem 0x8001e3a3
core   0: 0x800013e6 (0x00008e4e) c.mv    t3, s3
core   0: 3 0x800013e6 (0x8e4e) x28 0x00000000
core   0: 0x800013e8 (0x4f714c03) lbu     s8, 1271(sp)
core   0: 3 0x800013e8 (0x4f714c03) x24 0x00000000 mem 0x8001ee03
core   0: 0x800013ec (0x13d14803) lbu     a6, 317(sp)
core   0: 3 0x800013ec (0x13d14803) x16 0x00000000 mem 0x8001ea49
core   0: 0x800013f0 (0x916107a3) sb      s6, -1777(sp)
core   0: 3 0x800013f0 (0x916107a3) mem 0x8001e21b 0x0
core   0: 0x800013f4 (0x91b107a3) sb      s11, -1777(sp)
core   0: 3 0x800013f4 (0x91b107a3) mem 0x8001e21b 0x0
core   0: 0x800013f8 (0xbfe15303) lhu     t1, -1026(sp)
core   0: 3 0x800013f8 (0xbfe15303) x 6 0x00000000 mem 0x8001e50a
core   0: 0x800013fc (0xbfe10c03) lb      s8, -1026(sp)
core   0: 3 0x800013fc (0xbfe10c03) x24 0x00000000 mem 0x8001e50a
core   0: 0x80001400 (0x0253a1b3) mulhsu  gp, t2, t0
core   0: 3 0x80001400 (0x0253a1b3) x 3 0x00000000
core   0: 0x80001404 (0xd8312823) sw      gp, -624(sp)
core   0: 3 0x80001404 (0xd8312823) mem 0x8001e69c 0x00000000
core   0: 0x80001408 (0xd8b12823) sw      a1, -624(sp)
core   0: 3 0x80001408 (0xd8b12823) mem 0x8001e69c 0x00000000
core   0: 0x8000140c (0x84912c23) sw      s1, -1960(sp)
core   0: 3 0x8000140c (0x84912c23) mem 0x8001e164 0x80028e64
core   0: 0x80001410 (0x0000100f) fence.i
core   0: 3 0x80001410 (0x0000100f)
core   0: 0x80001414 (0x85815083) lhu     ra, -1960(sp)
core   0: 3 0x80001414 (0x85815083) x 1 0x00008e64 mem 0x8001e164
core   0: 0x80001418 (0x031b9d33) mulh    s10, s7, a7
core   0: 3 0x80001418 (0x031b9d33) x26 0x00000000
core   0: 0x8000141c (0x9b910da3) sb      s9, -1605(sp)
core   0: 3 0x8000141c (0x9b910da3) mem 0x8001e2c7 0x0
core   0: 0x80001420 (0xdf615883) lhu     a7, -522(sp)
core   0: 3 0x80001420 (0xdf615883) x17 0x00000000 mem 0x8001e702
core   0: 0x80001424 (0x7aa10d23) sb      a0, 1978(sp)
core   0: 3 0x80001424 (0x7aa10d23) mem 0x8001f0c6 0xda
core   0: 0x80001428 (0x00012c17) auipc   s8, 0x12
core   0: 3 0x80001428 (0x00012c17) x24 0x80013428
core   0: 0x8000142c (0x475c0c13) addi    s8, s8, 1141
core   0: 3 0x8000142c (0x475c0c13) x24 0x8001389d
core   0: 0x80001430 (0x04dc5603) lhu     a2, 77(s8)
core   0: 3 0x80001430 (0x04dc5603) x12 0x00000000 mem 0x800138ea
core   0: 0x80001434 (0x0c2c0f83) lb      t6, 194(s8)
core   0: 3 0x80001434 (0x0c2c0f83) x31 0x00000000 mem 0x8001395f
core   0: 0x80001438 (0x0c2c4703) lbu     a4, 194(s8)
core   0: 3 0x80001438 (0x0c2c4703) x14 0x00000000 mem 0x8001395f
core   0: 0x8000143c (0x0c2c4283) lbu     t0, 194(s8)
core   0: 3 0x8000143c (0x0c2c4283) x 5 0x00000000 mem 0x8001395f
core   0: 0x80001440 (0x088c4f83) lbu     t6, 136(s8)
core   0: 3 0x80001440 (0x088c4f83) x31 0x00000000 mem 0x80013925
core   0: 0x80001444 (0x0008a433) slt     s0, a7, zero
core   0: 3 0x80001444 (0x0008a433) x 8 0x00000000
core   0: 0x80001448 (0x088c4683) lbu     a3, 136(s8)
core   0: 3 0x80001448 (0x088c4683) x13 0x00000000 mem 0x80013925
core   0: 0x8000144c (0x088c4b03) lbu     s6, 136(s8)
core   0: 3 0x8000144c (0x088c4b03) x22 0x00000000 mem 0x80013925
core   0: 0x80001450 (0x088c4a03) lbu     s4, 136(s8)
core   0: 3 0x80001450 (0x088c4a03) x20 0x00000000 mem 0x80013925
core   0: 0x80001454 (0x00008cde) c.mv    s9, s7
core   0: 3 0x80001454 (0x8cde) x25 0x00000000
core   0: 0x80001456 (0x00000001) c.nop
core   0: 3 0x80001456 (0x0001)
core   0: 0x80001458 (0x086c0423) sb      t1, 136(s8)
core   0: 3 0x80001458 (0x086c0423) mem 0x80013925 0x0
core   0: 0x8000145c (0x088c0a83) lb      s5, 136(s8)
core   0: 3 0x8000145c (0x088c0a83) x21 0x00000000 mem 0x80013925
core   0: 0x80001460 (0xf65c5f03) lhu     t5, -155(s8)
core   0: 3 0x80001460 (0xf65c5f03) x30 0x00000000 mem 0x80013802
core   0: 0x80001464 (0xf7ec02a3) sb      t5, -155(s8)
core   0: 3 0x80001464 (0xf7ec02a3) mem 0x80013802 0x0
core   0: 0x80001468 (0xfc2c0c23) sb      sp, -40(s8)
core   0: 3 0x80001468 (0xfc2c0c23) mem 0x80013875 0xc
core   0: 0x8000146c (0xfdec0c23) sb      t5, -40(s8)
core   0: 3 0x8000146c (0xfdec0c23) mem 0x80013875 0x0
core   0: 0x80001470 (0x00017d17) auipc   s10, 0x17
core   0: 3 0x80001470 (0x00017d17) x26 0x80018470
core   0: 0x80001474 (0x145d0d13) addi    s10, s10, 325
core   0: 3 0x80001474 (0x145d0d13) x26 0x800185b5
core   0: 0x80001478 (0x00023c97) auipc   s9, 0x23
core   0: 3 0x80001478 (0x00023c97) x25 0x80024478
core   0: 0x8000147c (0x801c8c93) addi    s9, s9, -2047
core   0: 3 0x8000147c (0x801c8c93) x25 0x80023c79
core   0: 0x80001480 (0x0001df17) auipc   t5, 0x1d
core   0: 3 0x80001480 (0x0001df17) x30 0x8001e480
core   0: 0x80001484 (0x0b0f0f13) addi    t5, t5, 176
core   0: 3 0x80001484 (0x0b0f0f13) x30 0x8001e530
core   0: 0x80001488 (0x00016197) auipc   gp, 0x16
core   0: 3 0x80001488 (0x00016197) x 3 0x80017488
core   0: 0x8000148c (0xd1418193) addi    gp, gp, -748
core   0: 3 0x8000148c (0xd1418193) x 3 0x8001719c
core   0: 0x80001490 (0x00b1cf83) lbu     t6, 11(gp)
core   0: 3 0x80001490 (0x00b1cf83) x31 0x00000000 mem 0x800171a7
core   0: 0x80001494 (0x3a8cc303) lbu     t1, 936(s9)
core   0: 3 0x80001494 (0x3a8cc303) x 6 0x00000000 mem 0x80024021
core   0: 0x80001498 (0x038d4883) lbu     a7, 56(s10)
core   0: 3 0x80001498 (0x038d4883) x17 0x00000000 mem 0x800185ed
core   0: 0x8000149c (0x2cfc95a3) sh      a5, 715(s9)
core   0: 3 0x8000149c (0x2cfc95a3) mem 0x80023f44 0x0000
core   0: 0x800014a0 (0x007f4203) lbu     tp, 7(t5)
core   0: 3 0x800014a0 (0x007f4203) x 4 0x00000000 mem 0x8001e537
core   0: 0x800014a4 (0x02d1c883) lbu     a7, 45(gp)
core   0: 3 0x800014a4 (0x02d1c883) x17 0x00000000 mem 0x800171c9
core   0: 0x800014a8 (0xff3f0403) lb      s0, -13(t5)
core   0: 3 0x800014a8 (0xff3f0403) x 8 0x00000000 mem 0x8001e523
core   0: 0x800014ac (0x0001e297) auipc   t0, 0x1e
core   0: 3 0x800014ac (0x0001e297) x 5 0x8001f4ac
core   0: 0x800014b0 (0x04c28293) addi    t0, t0, 76
core   0: 3 0x800014b0 (0x04c28293) x 5 0x8001f4f8
core   0: 0x800014b4 (0x073d2c03) lw      s8, 115(s10)
core   0: 3 0x800014b4 (0x073d2c03) x24 0x00000000 mem 0x80018628
core   0: 0x800014b8 (0x011f1523) sh      a7, 10(t5)
core   0: 3 0x800014b8 (0x011f1523) mem 0x8001e53a 0x0000
core   0: 0x800014bc (0xfc518b23) sb      t0, -42(gp)
core   0: 3 0x800014bc (0xfc518b23) mem 0x80017172 0xf8
core   0: 0x800014c0 (0xfa2d4083) lbu     ra, -94(s10)
core   0: 3 0x800014c0 (0xfa2d4083) x 1 0x00000000 mem 0x80018557
core   0: 0x800014c4 (0x010d0a83) lb      s5, 16(s10)
core   0: 3 0x800014c4 (0x010d0a83) x21 0x00000000 mem 0x800185c5
core   0: 0x800014c8 (0x20c281a3) sb      a2, 515(t0)
core   0: 3 0x800014c8 (0x20c281a3) mem 0x8001f6fb 0x0
core   0: 0x800014cc (0x00d1c083) lbu     ra, 13(gp)
core   0: 3 0x800014cc (0x00d1c083) x 1 0x00000000 mem 0x800171a9
core   0: 0x800014d0 (0x0ead1ea3) sh      a0, 253(s10)
core   0: 3 0x800014d0 (0x0ead1ea3) mem 0x800186b2 0x21da
core   0: 0x800014d4 (0xf3eccb83) lbu     s7, -194(s9)
core   0: 3 0x800014d4 (0xf3eccb83) x23 0x00000000 mem 0x80023bb7
core   0: 0x800014d8 (0xffbf4883) lbu     a7, -5(t5)
core   0: 3 0x800014d8 (0xffbf4883) x17 0x00000000 mem 0x8001e52b
core   0: 0x800014dc (0xd3ec9ca3) sh      t5, -711(s9)
core   0: 3 0x800014dc (0xd3ec9ca3) mem 0x800239b2 0xe530
core   0: 0x800014e0 (0xfc51c783) lbu     a5, -59(gp)
core   0: 3 0x800014e0 (0xfc51c783) x15 0x00000000 mem 0x80017161
core   0: 0x800014e4 (0x17628e83) lb      t4, 374(t0)
core   0: 3 0x800014e4 (0x17628e83) x29 0x00000000 mem 0x8001f66e
core   0: 0x800014e8 (0xf02d0083) lb      ra, -254(s10)
core   0: 3 0x800014e8 (0xf02d0083) x 1 0x00000000 mem 0x800184b7
core   0: 0x800014ec (0x0ee2d083) lhu     ra, 238(t0)
core   0: 3 0x800014ec (0x0ee2d083) x 1 0x00000000 mem 0x8001f5e6
core   0: 0x800014f0 (0xff6d07a3) sb      s6, -17(s10)
core   0: 3 0x800014f0 (0xff6d07a3) mem 0x800185a4 0x0
core   0: 0x800014f4 (0x011f1523) sh      a7, 10(t5)
core   0: 3 0x800014f4 (0x011f1523) mem 0x8001e53a 0x0000
core   0: 0x800014f8 (0x16dc8a23) sb      a3, 372(s9)
core   0: 3 0x800014f8 (0x16dc8a23) mem 0x80023ded 0x0
core   0: 0x800014fc (0x8c32c683) lbu     a3, -1853(t0)
core   0: 3 0x800014fc (0x8c32c683) x13 0x00000000 mem 0x8001edbb
core   0: 0x80001500 (0x009f1023) sh      s1, 0(t5)
core   0: 3 0x80001500 (0x009f1023) mem 0x8001e530 0x8e64
core   0: 0x80001504 (0xff9f0e03) lb      t3, -7(t5)
core   0: 3 0x80001504 (0xff9f0e03) x28 0x00000000 mem 0x8001e529
core   0: 0x80001508 (0x044d4e83) lbu     t4, 68(s10)
core   0: 3 0x80001508 (0x044d4e83) x29 0x00000000 mem 0x800185f9
core   0: 0x8000150c (0xfd418603) lb      a2, -44(gp)
core   0: 3 0x8000150c (0xfd418603) x12 0x00000000 mem 0x80017170
core   0: 0x80001510 (0x08b28003) lb      zero, 139(t0)
core   0: 3 0x80001510 (0x08b28003) mem 0x8001f583
core   0: 0x80001514 (0x006f4e03) lbu     t3, 6(t5)
core   0: 3 0x80001514 (0x006f4e03) x28 0x00000000 mem 0x8001e536
core   0: 0x80001518 (0x0011c103) lbu     sp, 1(gp)
core   0: 3 0x80001518 (0x0011c103) x 2 0x00000000 mem 0x8001719d
core   0: 0x8000151c (0xc4e28983) lb      s3, -946(t0)
core   0: 3 0x8000151c (0xc4e28983) x19 0x00000000 mem 0x8001f146
core   0: 0x80001520 (0x7812cf83) lbu     t6, 1921(t0)
core   0: 3 0x80001520 (0x7812cf83) x31 0x00000000 mem 0x8001fc79
core   0: 0x80001524 (0x0271cb03) lbu     s6, 39(gp)
core   0: 3 0x80001524 (0x0271cb03) x22 0x00000000 mem 0x800171c3
core   0: 0x80001528 (0x00dd0983) lb      s3, 13(s10)
core   0: 3 0x80001528 (0x00dd0983) x19 0x00000000 mem 0x800185c2
core   0: 0x8000152c (0x01e1c883) lbu     a7, 30(gp)
core   0: 3 0x8000152c (0x01e1c883) x17 0x00000000 mem 0x800171ba
core   0: 0x80001530 (0xa40c8e83) lb      t4, -1472(s9)
core   0: 3 0x80001530 (0xa40c8e83) x29 0x00000000 mem 0x800236b9
core   0: 0x80001534 (0x019187a3) sb      s9, 15(gp)
core   0: 3 0x80001534 (0x019187a3) mem 0x800171ab 0x79
core   0: 0x80001538 (0x00df4703) lbu     a4, 13(t5)
core   0: 3 0x80001538 (0x00df4703) x14 0x00000000 mem 0x8001e53d
core   0: 0x8000153c (0x090d0803) lb      a6, 144(s10)
core   0: 3 0x8000153c (0x090d0803) x16 0x00000000 mem 0x80018645
core   0: 0x80001540 (0xffaf0e03) lb      t3, -6(t5)
core   0: 3 0x80001540 (0xffaf0e03) x28 0x00000000 mem 0x8001e52a
core   0: 0x80001544 (0x0c629103) lh      sp, 198(t0)
core   0: 3 0x80001544 (0x0c629103) x 2 0x00000000 mem 0x8001f5be
core   0: 0x80001548 (0x00014e17) auipc   t3, 0x14
core   0: 3 0x80001548 (0x00014e17) x28 0x80015548
core   0: 0x8000154c (0xa07e0e13) addi    t3, t3, -1529
core   0: 3 0x8000154c (0xa07e0e13) x28 0x80014f4f
core   0: 0x80001550 (0x00000001) c.nop
core   0: 3 0x80001550 (0x0001)
core   0: 0x80001552 (0xfc3e0c83) lb      s9, -61(t3)
core   0: 3 0x80001552 (0xfc3e0c83) x25 0x00000000 mem 0x80014f12
core   0: 0x80001556 (0x008e4b03) lbu     s6, 8(t3)
core   0: 3 0x80001556 (0x008e4b03) x22 0x00000000 mem 0x80014f57
core   0: 0x8000155a (0x01de0423) sb      t4, 8(t3)
core   0: 3 0x8000155a (0x01de0423) mem 0x80014f57 0x0
core   0: 0x8000155e (0x03ee0183) lb      gp, 62(t3)
core   0: 3 0x8000155e (0x03ee0183) x 3 0x00000000 mem 0x80014f8d
core   0: 0x80001562 (0x02fe1e83) lh      t4, 47(t3)
core   0: 3 0x80001562 (0x02fe1e83) x29 0x00000000 mem 0x80014f7e
core   0: 0x80001566 (0x020e07a3) sb      zero, 47(t3)
core   0: 3 0x80001566 (0x020e07a3) mem 0x80014f7e 0x0
core   0: 0x8000156a (0xfc3e0823) sb      gp, -48(t3)
core   0: 3 0x8000156a (0xfc3e0823) mem 0x80014f1f 0x0
core   0: 0x8000156e (0xfd0e0823) sb      a6, -48(t3)
core   0: 3 0x8000156e (0xfd0e0823) mem 0x80014f1f 0x0
core   0: 0x80001572 (0xfd5e0823) sb      s5, -48(t3)
core   0: 3 0x80001572 (0xfd5e0823) mem 0x80014f1f 0x0
core   0: 0x80001576 (0xeb4b6193) ori     gp, s6, -332
core   0: 3 0x80001576 (0xeb4b6193) x 3 0xfffffeb4
core   0: 0x8000157a (0x020d8033) mul     zero, s11, zero
core   0: 3 0x8000157a (0x020d8033)
core   0: 0x8000157e (0x005a9a13) slli    s4, s5, 5
core   0: 3 0x8000157e (0x005a9a13) x20 0x00000000
core   0: 0x80001582 (0xfece0783) lb      a5, -20(t3)
core   0: 3 0x80001582 (0xfece0783) x15 0x00000000 mem 0x80014f3b
core   0: 0x80001586 (0x00012117) auipc   sp, 0x12
core   0: 3 0x80001586 (0x00012117) x 2 0x80013586
core   0: 0x8000158a (0xb1110113) addi    sp, sp, -1263
core   0: 3 0x8000158a (0xb1110113) x 2 0x80013097
core   0: 0x8000158e (0x01414d83) lbu     s11, 20(sp)
core   0: 3 0x8000158e (0x01414d83) x27 0x00000000 mem 0x800130ab
core   0: 0x80001592 (0x01414e83) lbu     t4, 20(sp)
core   0: 3 0x80001592 (0x01414e83) x29 0x00000000 mem 0x800130ab
core   0: 0x80001596 (0x00c10a23) sb      a2, 20(sp)
core   0: 3 0x80001596 (0x00c10a23) mem 0x800130ab 0x0
core   0: 0x8000159a (0x17210e23) sb      s2, 380(sp)
core   0: 3 0x8000159a (0x17210e23) mem 0x80013213 0xe4
core   0: 0x8000159e (0x17510e23) sb      s5, 380(sp)
core   0: 3 0x8000159e (0x17510e23) mem 0x80013213 0x0
core   0: 0x800015a2 (0x592102a3) sb      s2, 1413(sp)
core   0: 3 0x800015a2 (0x592102a3) mem 0x8001361c 0xe4
core   0: 0x800015a6 (0x58514203) lbu     tp, 1413(sp)
core   0: 3 0x800015a6 (0x58514203) x 4 0x000000e4 mem 0x8001361c
core   0: 0x800015aa (0x16c10183) lb      gp, 364(sp)
core   0: 3 0x800015aa (0x16c10183) x 3 0x00000000 mem 0x80013203
core   0: 0x800015ae (0x16c14e03) lbu     t3, 364(sp)
core   0: 3 0x800015ae (0x16c14e03) x28 0x00000000 mem 0x80013203
core   0: 0x800015b2 (0x16c14583) lbu     a1, 364(sp)
core   0: 3 0x800015b2 (0x16c14583) x11 0x00000000 mem 0x80013203
core   0: 0x800015b6 (0x16c14583) lbu     a1, 364(sp)
core   0: 3 0x800015b6 (0x16c14583) x11 0x00000000 mem 0x80013203
core   0: 0x800015ba (0x16e10623) sb      a4, 364(sp)
core   0: 3 0x800015ba (0x16e10623) mem 0x80013203 0x0
core   0: 0x800015be (0x54c10d23) sb      a2, 1370(sp)
core   0: 3 0x800015be (0x54c10d23) mem 0x800135f1 0x0
core   0: 0x800015c2 (0x55810d23) sb      s8, 1370(sp)
core   0: 3 0x800015c2 (0x55810d23) mem 0x800135f1 0x0
core   0: 0x800015c6 (0x00d049b3) xor     s3, zero, a3
core   0: 3 0x800015c6 (0x00d049b3) x19 0x00000000
core   0: 0x800015ca (0x20912083) lw      ra, 521(sp)
core   0: 3 0x800015ca (0x20912083) x 1 0x00000000 mem 0x800132a0
core   0: 0x800015ce (0x20914b03) lbu     s6, 521(sp)
core   0: 3 0x800015ce (0x20914b03) x22 0x00000000 mem 0x800132a0
core   0: 0x800015d2 (0x20911603) lh      a2, 521(sp)
core   0: 3 0x800015d2 (0x20911603) x12 0x00000000 mem 0x800132a0
core   0: 0x800015d6 (0x20915603) lhu     a2, 521(sp)
core   0: 3 0x800015d6 (0x20915603) x12 0x00000000 mem 0x800132a0
core   0: 0x800015da (0x20912a83) lw      s5, 521(sp)
core   0: 3 0x800015da (0x20912a83) x21 0x00000000 mem 0x800132a0
core   0: 0x800015de (0x0000100f) fence.i
core   0: 3 0x800015de (0x0000100f)
core   0: 0x800015e2 (0x201124a3) sw      ra, 521(sp)
core   0: 3 0x800015e2 (0x201124a3) mem 0x800132a0 0x00000000
core   0: 0x800015e6 (0x00012297) auipc   t0, 0x12
core   0: 3 0x800015e6 (0x00012297) x 5 0x800135e6
core   0: 0x800015ea (0x55928293) addi    t0, t0, 1369
core   0: 3 0x800015ea (0x55928293) x 5 0x80013b3f
core   0: 0x800015ee (0x01628623) sb      s6, 12(t0)
core   0: 3 0x800015ee (0x01628623) mem 0x80013b4b 0x0
core   0: 0x800015f2 (0x0032cb03) lbu     s6, 3(t0)
core   0: 3 0x800015f2 (0x0032cb03) x22 0x00000000 mem 0x80013b42
core   0: 0x800015f6 (0xfed2aea3) sw      a3, -3(t0)
core   0: 3 0x800015f6 (0xfed2aea3) mem 0x80013b3c 0x00000000
core   0: 0x800015fa (0x0001b817) auipc   a6, 0x1b
core   0: 3 0x800015fa (0x0001b817) x16 0x8001c5fa
core   0: 0x800015fe (0x12880813) addi    a6, a6, 296
core   0: 3 0x800015fe (0x12880813) x16 0x8001c722
core   0: 0x80001602 (0xff52a883) lw      a7, -11(t0)
core   0: 3 0x80001602 (0xff52a883) x17 0x00000000 mem 0x80013b34
core   0: 0x80001606 (0x74481a23) sh      tp, 1876(a6)
core   0: 3 0x80001606 (0x74481a23) mem 0x8001ce76 0x00e4
core   0: 0x8000160a (0x00028823) sb      zero, 16(t0)
core   0: 3 0x8000160a (0x00028823) mem 0x80013b4f 0x0
core   0: 0x8000160e (0x010290a3) sh      a6, 1(t0)
core   0: 3 0x8000160e (0x010290a3) mem 0x80013b40 0xc722
core   0: 0x80001612 (0xf3f80983) lb      s3, -193(a6)
core   0: 3 0x80001612 (0xf3f80983) x19 0x00000000 mem 0x8001c661
core   0: 0x80001616 (0xfe128d23) sb      ra, -6(t0)
core   0: 3 0x80001616 (0xfe128d23) mem 0x80013b39 0x0
core   0: 0x8000161a (0x2d184183) lbu     gp, 721(a6)
core   0: 3 0x8000161a (0x2d184183) x 3 0x00000000 mem 0x8001c9f3
core   0: 0x8000161e (0x00928383) lb      t2, 9(t0)
core   0: 3 0x8000161e (0x00928383) x 7 0x00000000 mem 0x80013b48
core   0: 0x80001622 (0x9f682a83) lw      s5, -1546(a6)
core   0: 3 0x80001622 (0x9f682a83) x21 0x00000000 mem 0x8001c118
core   0: 0x80001626 (0x02c804a3) sb      a2, 41(a6)
core   0: 3 0x80001626 (0x02c804a3) mem 0x8001c74b 0x0
core   0: 0x8000162a (0x46d81c23) sh      a3, 1144(a6)
core   0: 3 0x8000162a (0x46d81c23) mem 0x8001cb9a 0x0000
core   0: 0x8000162e (0x16a84b83) lbu     s7, 362(a6)
core   0: 3 0x8000162e (0x16a84b83) x23 0x00000000 mem 0x8001c88c
core   0: 0x80001632 (0xe3480023) sb      s4, -480(a6)
core   0: 3 0x80001632 (0xe3480023) mem 0x8001c542 0x0
core   0: 0x80001636 (0x00012217) auipc   tp, 0x12
core   0: 3 0x80001636 (0x00012217) x 4 0x80013636
core   0: 0x8000163a (0x4ca20213) addi    tp, tp, 1226
core   0: 3 0x8000163a (0x4ca20213) x 4 0x80013b00
core   0: 0x8000163e (0xffd20d03) lb      s10, -3(tp)
core   0: 3 0x8000163e (0xffd20d03) x26 0x00000000 mem 0x80013afd
core   0: 0x80001642 (0xfe4208a3) sb      tp, -15(tp)
core   0: 3 0x80001642 (0xfe4208a3) mem 0x80013af1 0x0
core   0: 0x80001646 (0xff124603) lbu     a2, -15(tp)
core   0: 3 0x80001646 (0xff124603) x12 0x00000000 mem 0x80013af1
core   0: 0x8000164a (0x0000100f) fence.i
core   0: 3 0x8000164a (0x0000100f)
core   0: 0x8000164e (0xff124d83) lbu     s11, -15(tp)
core   0: 3 0x8000164e (0xff124d83) x27 0x00000000 mem 0x80013af1
core   0: 0x80001652 (0x00a5b733) sltu    a4, a1, a0
core   0: 3 0x80001652 (0x00a5b733) x14 0x00000001
core   0: 0x80001656 (0x00009a6a) c.add   s4, s10
core   0: 3 0x80001656 (0x9a6a) x20 0x00000000
core   0: 0x80001658 (0x000085f5) c.srai  a1, 29
core   0: 3 0x80001658 (0x85f5) x11 0x00000000
core   0: 0x8000165a (0xfe221a03) lh      s4, -30(tp)
core   0: 3 0x8000165a (0xfe221a03) x20 0x00000000 mem 0x80013ae2
core   0: 0x8000165e (0xfd9200a3) sb      s9, -63(tp)
core   0: 3 0x8000165e (0xfd9200a3) mem 0x80013ac1 0x0
core   0: 0x80001662 (0xfdc200a3) sb      t3, -63(tp)
core   0: 3 0x80001662 (0xfdc200a3) mem 0x80013ac1 0x0
core   0: 0x80001666 (0xfc124103) lbu     sp, -63(tp)
core   0: 3 0x80001666 (0xfc124103) x 2 0x00000000 mem 0x80013ac1
core   0: 0x8000166a (0xfce21403) lh      s0, -50(tp)
core   0: 3 0x8000166a (0xfce21403) x 8 0x00000000 mem 0x80013ace
core   0: 0x8000166e (0xfce21583) lh      a1, -50(tp)
core   0: 3 0x8000166e (0xfce21583) x11 0x00000000 mem 0x80013ace
core   0: 0x80001672 (0xfc220723) sb      sp, -50(tp)
core   0: 3 0x80001672 (0xfc220723) mem 0x80013ace 0x0
core   0: 0x80001676 (0x01624783) lbu     a5, 22(tp)
core   0: 3 0x80001676 (0x01624783) x15 0x00000000 mem 0x80013b16
core   0: 0x8000167a (0xff824283) lbu     t0, -8(tp)
core   0: 3 0x8000167a (0xff824283) x 5 0x00000000 mem 0x80013af8
core   0: 0x8000167e (0xff521423) sh      s5, -24(tp)
core   0: 3 0x8000167e (0xff521423) mem 0x80013ae8 0x0000
core   0: 0x80001682 (0xff124c83) lbu     s9, -15(tp)
core   0: 3 0x80001682 (0xff124c83) x25 0x00000000 mem 0x80013af1
core   0: 0x80001686 (0xff120803) lb      a6, -15(tp)
core   0: 3 0x80001686 (0xff120803) x16 0x00000000 mem 0x80013af1
core   0: 0x8000168a (0xff120103) lb      sp, -15(tp)
core   0: 3 0x8000168a (0xff120103) x 2 0x00000000 mem 0x80013af1
core   0: 0x8000168e (0xfe421303) lh      t1, -28(tp)
core   0: 3 0x8000168e (0xfe421303) x 6 0x00000000 mem 0x80013ae4
core   0: 0x80001692 (0x00012417) auipc   s0, 0x12
core   0: 3 0x80001692 (0x00012417) x 8 0x80013692
core   0: 0x80001696 (0xa4e40413) addi    s0, s0, -1458
core   0: 3 0x80001696 (0xa4e40413) x 8 0x800130e0
core   0: 0x8000169a (0x00570cb3) add     s9, a4, t0
core   0: 3 0x8000169a (0x00570cb3) x25 0x00000001
core   0: 0x8000169e (0xffc40e83) lb      t4, -4(s0)
core   0: 3 0x8000169e (0xffc40e83) x29 0x00000000 mem 0x800130dc
core   0: 0x800016a2 (0xdc885c17) auipc   s8, 0xdc885
core   0: 3 0x800016a2 (0xdc885c17) x24 0x5c8866a2
core   0: 0x800016a6 (0xfd940683) lb      a3, -39(s0)
core   0: 3 0x800016a6 (0xfd940683) x13 0x00000000 mem 0x800130b9
core   0: 0x800016aa (0x4f9a2b93) slti    s7, s4, 1273
core   0: 3 0x800016aa (0x4f9a2b93) x23 0x00000001
core   0: 0x800016ae (0x029da833) mulhsu  a6, s11, s1
core   0: 3 0x800016ae (0x029da833) x16 0x00000000
core   0: 0x800016b2 (0x0ff0000f) fence   iorw,iorw
core   0: 3 0x800016b2 (0x0ff0000f)
core   0: 0x800016b6 (0x00e45f03) lhu     t5, 14(s0)
core   0: 3 0x800016b6 (0x00e45f03) x30 0x00000000 mem 0x800130ee
core   0: 0x800016ba (0x0b8408a3) sb      s8, 177(s0)
core   0: 3 0x800016ba (0x0b8408a3) mem 0x80013191 0xa2
core   0: 0x800016be (0x03f29133) mulh    sp, t0, t6
core   0: 3 0x800016be (0x03f29133) x 2 0x00000000
core   0: 0x800016c2 (0x01126a33) or      s4, tp, a7
core   0: 3 0x800016c2 (0x01126a33) x20 0x80013b00
core   0: 0x800016c6 (0x00a29113) slli    sp, t0, 10
core   0: 3 0x800016c6 (0x00a29113) x 2 0x00000000
core   0: 0x800016ca (0xf7841d03) lh      s10, -136(s0)
core   0: 3 0x800016ca (0xf7841d03) x26 0x00000000 mem 0x80013058
core   0: 0x800016ce (0x00009b7d) c.andi  a4, -1
core   0: 3 0x800016ce (0x9b7d) x14 0x00000001
core   0: 0x800016d0 (0x01140d23) sb      a7, 26(s0)
core   0: 3 0x800016d0 (0x01140d23) mem 0x800130fa 0x0
core   0: 0x800016d4 (0x03b786b3) mul     a3, a5, s11
core   0: 3 0x800016d4 (0x03b786b3) x13 0x00000000
core   0: 0x800016d8 (0x0a540003) lb      zero, 165(s0)
core   0: 3 0x800016d8 (0x0a540003) mem 0x80013185
core   0: 0x800016dc (0xe2fe4193) xori    gp, t3, -465
core   0: 3 0x800016dc (0xe2fe4193) x 3 0xfffffe2f
core   0: 0x800016e0 (0x03ae1eb3) mulh    t4, t3, s10
core   0: 3 0x800016e0 (0x03ae1eb3) x29 0x00000000
core   0: 0x800016e4 (0x00008de9) c.and   a1, a0
core   0: 3 0x800016e4 (0x8de9) x11 0x00000000
core   0: 0x800016e6 (0x014855b3) srl     a1, a6, s4
core   0: 3 0x800016e6 (0x014855b3) x11 0x00000000
core   0: 0x800016ea (0x05540ea3) sb      s5, 93(s0)
core   0: 3 0x800016ea (0x05540ea3) mem 0x8001313d 0x0
core   0: 0x800016ee (0xfb245203) lhu     tp, -78(s0)
core   0: 3 0x800016ee (0xfb245203) x 4 0x00000000 mem 0x80013092
core   0: 0x800016f2 (0x01835e33) srl     t3, t1, s8
core   0: 3 0x800016f2 (0x01835e33) x28 0x00000000
core   0: 0x800016f6 (0x40830bb3) sub     s7, t1, s0
core   0: 3 0x800016f6 (0x40830bb3) x23 0x7ffecf20
core   0: 0x800016fa (0x023403a3) sb      gp, 39(s0)
core   0: 3 0x800016fa (0x023403a3) mem 0x80013107 0x2f
core   0: 0x800016fe (0x00114a33) xor     s4, sp, ra
core   0: 3 0x800016fe (0x00114a33) x20 0x00000000
core   0: 0x80001702 (0x00145b33) srl     s6, s0, ra
core   0: 3 0x80001702 (0x00145b33) x22 0x800130e0
core   0: 0x80001706 (0xaa6a3393) sltiu   t2, s4, -1370
core   0: 3 0x80001706 (0xaa6a3393) x 7 0x00000001
core   0: 0x8000170a (0x00f40003) lb      zero, 15(s0)
core   0: 3 0x8000170a (0x00f40003) mem 0x800130ef
core   0: 0x8000170e (0x00021297) auipc   t0, 0x21
core   0: 3 0x8000170e (0x00021297) x 5 0x8002270e
core   0: 0x80001712 (0x57b28293) addi    t0, t0, 1403
core   0: 3 0x80001712 (0x57b28293) x 5 0x80022c89
core   0: 0x80001716 (0x00001398) c.addi4spn a4, sp, 480
core   0: 3 0x80001716 (0x1398) x14 0x000001e0
core   0: 0x80001718 (0xf862c703) lbu     a4, -122(t0)
core   0: 3 0x80001718 (0xf862c703) x14 0x00000000 mem 0x80022c0f
core   0: 0x8000171c (0x1281ea37) lui     s4, 0x1281e
core   0: 3 0x8000171c (0x1281ea37) x20 0x1281e000
core   0: 0x80001720 (0xf8b28323) sb      a1, -122(t0)
core   0: 3 0x80001720 (0xf8b28323) mem 0x80022c0f 0x0
core   0: 0x80001724 (0xf8628583) lb      a1, -122(t0)
core   0: 3 0x80001724 (0xf8628583) x11 0x00000000 mem 0x80022c0f
core   0: 0x80001728 (0xf862c583) lbu     a1, -122(t0)
core   0: 3 0x80001728 (0xf862c583) x11 0x00000000 mem 0x80022c0f
core   0: 0x8000172c (0x00006d55) c.lui   s10, 0x15
core   0: 3 0x8000172c (0x6d55) x26 0x00015000
core   0: 0x8000172e (0xf2028683) lb      a3, -224(t0)
core   0: 3 0x8000172e (0xf2028683) x13 0x00000000 mem 0x80022ba9
core   0: 0x80001732 (0x07b29083) lh      ra, 123(t0)
core   0: 3 0x80001732 (0x07b29083) x 1 0x00000000 mem 0x80022d04
core   0: 0x80001736 (0x0cc28b23) sb      a2, 214(t0)
core   0: 3 0x80001736 (0x0cc28b23) mem 0x80022d5f 0x0
core   0: 0x8000173a (0x0d62c083) lbu     ra, 214(t0)
core   0: 3 0x8000173a (0x0d62c083) x 1 0x00000000 mem 0x80022d5f
core   0: 0x8000173e (0x0089a6b3) slt     a3, s3, s0
core   0: 3 0x8000173e (0x0089a6b3) x13 0x00000000
core   0: 0x80001742 (0x0d628b23) sb      s6, 214(t0)
core   0: 3 0x80001742 (0x0d628b23) mem 0x80022d5f 0xe0
core   0: 0x80001746 (0x00008ebd) c.xor   a3, a5
core   0: 3 0x80001746 (0x8ebd) x13 0x00000000
core   0: 0x80001748 (0x020f1033) mulh    zero, t5, zero
core   0: 3 0x80001748 (0x020f1033)
core   0: 0x8000174c (0xf9828d23) sb      s8, -102(t0)
core   0: 3 0x8000174c (0xf9828d23) mem 0x80022c23 0xa2
core   0: 0x80001750 (0xf4728203) lb      tp, -185(t0)
core   0: 3 0x80001750 (0xf4728203) x 4 0x00000000 mem 0x80022bd0
core   0: 0x80001754 (0x00008ef9) c.and   a3, a4
core   0: 3 0x80001754 (0x8ef9) x13 0x00000000
core   0: 0x80001756 (0x08828183) lb      gp, 136(t0)
core   0: 3 0x80001756 (0x08828183) x 3 0x00000000 mem 0x80022d11
core   0: 0x8000175a (0x00020c97) auipc   s9, 0x20
core   0: 3 0x8000175a (0x00020c97) x25 0x8002175a
core   0: 0x8000175e (0xc57c8c93) addi    s9, s9, -937
core   0: 3 0x8000175e (0xc57c8c93) x25 0x800213b1
core   0: 0x80001762 (0xf0ecc983) lbu     s3, -242(s9)
core   0: 3 0x80001762 (0xf0ecc983) x19 0x00000000 mem 0x800212bf
core   0: 0x80001766 (0x00008eed) c.and   a3, a1
core   0: 3 0x80001766 (0x8eed) x13 0x00000000
core   0: 0x80001768 (0x00008f79) c.and   a4, a4
core   0: 3 0x80001768 (0x8f79) x14 0x00000000
core   0: 0x8000176a (0x004b87b3) add     a5, s7, tp
core   0: 3 0x8000176a (0x004b87b3) x15 0x7ffecf20
core   0: 0x8000176e (0xf05c8723) sb      t0, -242(s9)
core   0: 3 0x8000176e (0xf05c8723) mem 0x800212bf 0x89
core   0: 0x80001772 (0xc29a3f93) sltiu   t6, s4, -983
core   0: 3 0x80001772 (0xc29a3f93) x31 0x00000001
core   0: 0x80001776 (0xf0ec8783) lb      a5, -242(s9)
core   0: 3 0x80001776 (0xf0ec8783) x15 0xffffff89 mem 0x800212bf
core   0: 0x8000177a (0xf0ec8303) lb      t1, -242(s9)
core   0: 3 0x8000177a (0xf0ec8303) x 6 0xffffff89 mem 0x800212bf
core   0: 0x8000177e (0xf0ecc583) lbu     a1, -242(s9)
core   0: 3 0x8000177e (0xf0ecc583) x11 0x00000089 mem 0x800212bf
core   0: 0x80001782 (0xf19c8723) sb      s9, -242(s9)
core   0: 3 0x80001782 (0xf19c8723) mem 0x800212bf 0xb1
core   0: 0x80001786 (0x0e5c8aa3) sb      t0, 245(s9)
core   0: 3 0x80001786 (0x0e5c8aa3) mem 0x800214a6 0x89
core   0: 0x8000178a (0x0d2c8423) sb      s2, 200(s9)
core   0: 3 0x8000178a (0x0d2c8423) mem 0x80021479 0xe4
core   0: 0x8000178e (0x7011b013) sltiu   zero, gp, 1793
core   0: 3 0x8000178e (0x7011b013)
core   0: 0x80001792 (0x0c8c8583) lb      a1, 200(s9)
core   0: 3 0x80001792 (0x0c8c8583) x11 0xffffffe4 mem 0x80021479
core   0: 0x80001796 (0x0c1c8423) sb      ra, 200(s9)
core   0: 3 0x80001796 (0x0c1c8423) mem 0x80021479 0x0
core   0: 0x8000179a (0x416f0233) sub     tp, t5, s6
core   0: 3 0x8000179a (0x416f0233) x 4 0x7ffecf20
core   0: 0x8000179e (0x0c8c8583) lb      a1, 200(s9)
core   0: 3 0x8000179e (0x0c8c8583) x11 0x00000000 mem 0x80021479
core   0: 0x800017a2 (0x0c8c8423) sb      s0, 200(s9)
core   0: 3 0x800017a2 (0x0c8c8423) mem 0x80021479 0xe0
core   0: 0x800017a6 (0x033a38b3) mulhu   a7, s4, s3
core   0: 3 0x800017a6 (0x033a38b3) x17 0x00000000
core   0: 0x800017aa (0x0c8ccd03) lbu     s10, 200(s9)
core   0: 3 0x800017aa (0x0c8ccd03) x26 0x000000e0 mem 0x80021479
core   0: 0x800017ae (0x0c8cca83) lbu     s5, 200(s9)
core   0: 3 0x800017ae (0x0c8cca83) x21 0x000000e0 mem 0x80021479
core   0: 0x800017b2 (0x0001e997) auipc   s3, 0x1e
core   0: 3 0x800017b2 (0x0001e997) x19 0x8001f7b2
core   0: 0x800017b6 (0x3fe98993) addi    s3, s3, 1022
core   0: 3 0x800017b6 (0x3fe98993) x19 0x8001fbb0
core   0: 0x800017ba (0x00008ed9) c.or    a3, a4
core   0: 3 0x800017ba (0x8ed9) x13 0x00000000
core   0: 0x800017bc (0x18798183) lb      gp, 391(s3)
core   0: 3 0x800017bc (0x18798183) x 3 0x00000000 mem 0x8001fd37
core   0: 0x800017c0 (0x00008b39) c.andi  a4, 14
core   0: 3 0x800017c0 (0x8b39) x14 0x00000000
core   0: 0x800017c2 (0x37198c83) lb      s9, 881(s3)
core   0: 3 0x800017c2 (0x37198c83) x25 0x00000000 mem 0x8001ff21
core   0: 0x800017c6 (0x01071593) slli    a1, a4, 16
core   0: 3 0x800017c6 (0x01071593) x11 0x00000000
core   0: 0x800017ca (0xc0c99303) lh      t1, -1012(s3)
core   0: 3 0x800017ca (0xc0c99303) x 6 0x00000000 mem 0x8001f7bc
core   0: 0x800017ce (0x00000001) c.nop
core   0: 3 0x800017ce (0x0001)
core   0: 0x800017d0 (0x017950b3) srl     ra, s2, s7
core   0: 3 0x800017d0 (0x017950b3) x 1 0x8002cce4
core   0: 0x800017d4 (0x53b9c303) lbu     t1, 1339(s3)
core   0: 3 0x800017d4 (0x53b9c303) x 6 0x00000000 mem 0x800200eb
core   0: 0x800017d8 (0x0121b3b3) sltu    t2, gp, s2
core   0: 3 0x800017d8 (0x0121b3b3) x 7 0x00000001
core   0: 0x800017dc (0x03ccf3b3) remu    t2, s9, t3
core   0: 3 0x800017dc (0x03ccf3b3) x 7 0x00000000
core   0: 0x800017e0 (0x00c98fa3) sb      a2, 31(s3)
core   0: 3 0x800017e0 (0x00c98fa3) mem 0x8001fbcf 0x0
core   0: 0x800017e4 (0x010ce1b3) or      gp, s9, a6
core   0: 3 0x800017e4 (0x010ce1b3) x 3 0x00000000
core   0: 0x800017e8 (0xf959c403) lbu     s0, -107(s3)
core   0: 3 0x800017e8 (0xf959c403) x 8 0x00000000 mem 0x8001fb45
core   0: 0x800017ec (0x4ac9d083) lhu     ra, 1196(s3)
core   0: 3 0x800017ec (0x4ac9d083) x 1 0x00000000 mem 0x8002005c
core   0: 0x800017f0 (0x9819ca83) lbu     s5, -1663(s3)
core   0: 3 0x800017f0 (0x9819ca83) x21 0x00000000 mem 0x8001f531
core   0: 0x800017f4 (0x00000241) c.addi  tp, 16
core   0: 3 0x800017f4 (0x0241) x 4 0x7ffecf30
core   0: 0x800017f6 (0x03b48cb3) mul     s9, s1, s11
core   0: 3 0x800017f6 (0x03b48cb3) x25 0x00000000
core   0: 0x800017fa (0xa0b98f23) sb      a1, -1506(s3)
core   0: 3 0x800017fa (0xa0b98f23) mem 0x8001f5ce 0x0
core   0: 0x800017fe (0x00000001) c.nop
core   0: 3 0x800017fe (0x0001)
core   0: 0x80001800 (0x03d7ed33) rem     s10, a5, t4
core   0: 3 0x80001800 (0x03d7ed33) x26 0xffffff89
core   0: 0x80001804 (0x007efd33) and     s10, t4, t2
core   0: 3 0x80001804 (0x007efd33) x26 0x00000000
core   0: 0x80001808 (0x01fb1793) slli    a5, s6, 31
core   0: 3 0x80001808 (0x01fb1793) x15 0x00000000
core   0: 0x8000180c (0x43e9de83) lhu     t4, 1086(s3)
core   0: 3 0x8000180c (0x43e9de83) x29 0x00000000 mem 0x8001ffee
core   0: 0x80001810 (0x02db8733) mul     a4, s7, a3
core   0: 3 0x80001810 (0x02db8733) x14 0x00000000
core   0: 0x80001814 (0x26f9c583) lbu     a1, 623(s3)
core   0: 3 0x80001814 (0x26f9c583) x11 0x00000000 mem 0x8001fe1f
core   0: 0x80001818 (0x2ca99883) lh      a7, 714(s3)
core   0: 3 0x80001818 (0x2ca99883) x17 0x00000000 mem 0x8001fe7a
core   0: 0x8000181c (0x03444033) div     zero, s0, s4
core   0: 3 0x8000181c (0x03444033)
core   0: 0x80001820 (0xe9d9c083) lbu     ra, -355(s3)
core   0: 3 0x80001820 (0xe9d9c083) x 1 0x00000000 mem 0x8001fa4d
core   0: 0x80001824 (0x00012f97) auipc   t6, 0x12
core   0: 3 0x80001824 (0x00012f97) x31 0x80013824
core   0: 0x80001828 (0xafef8f93) addi    t6, t6, -1282
core   0: 3 0x80001828 (0xafef8f93) x31 0x80013322
core   0: 0x8000182c (0x00013997) auipc   s3, 0x13
core   0: 3 0x8000182c (0x00013997) x19 0x8001482c
core   0: 0x80001830 (0x1f698993) addi    s3, s3, 502
core   0: 3 0x80001830 (0x1f698993) x19 0x80014a22
core   0: 0x80001834 (0x0aa98c23) sb      a0, 184(s3)
core   0: 3 0x80001834 (0x0aa98c23) mem 0x80014ada 0xda
core   0: 0x80001838 (0xdf4f8123) sb      s4, -542(t6)
core   0: 3 0x80001838 (0xdf4f8123) mem 0x80013104 0x0
core   0: 0x8000183c (0x28ff8603) lb      a2, 655(t6)
core   0: 3 0x8000183c (0x28ff8603) x12 0x00000000 mem 0x800135b1
core   0: 0x80001840 (0x6edfc383) lbu     t2, 1773(t6)
core   0: 3 0x80001840 (0x6edfc383) x 7 0x00000000 mem 0x80013a0f
core   0: 0x80001844 (0xf0099883) lh      a7, -256(s3)
core   0: 3 0x80001844 (0xf0099883) x17 0x00000000 mem 0x80014922
core   0: 0x80001848 (0x2bef9623) sh      t5, 684(t6)
core   0: 3 0x80001848 (0x2bef9623) mem 0x800135ce 0x0000
core   0: 0x8000184c (0x2c4f8383) lb      t2, 708(t6)
core   0: 3 0x8000184c (0x2c4f8383) x 7 0x00000000 mem 0x800135e6
core   0: 0x80001850 (0x419fc603) lbu     a2, 1049(t6)
core   0: 3 0x80001850 (0x419fc603) x12 0x00000000 mem 0x8001373b
core   0: 0x80001854 (0x48af85a3) sb      a0, 1163(t6)
core   0: 3 0x80001854 (0x48af85a3) mem 0x800137ad 0xda
core   0: 0x80001858 (0x06998323) sb      s1, 102(s3)
core   0: 3 0x80001858 (0x06998323) mem 0x80014a88 0x64
core   0: 0x8000185c (0x54bfc303) lbu     t1, 1355(t6)
core   0: 3 0x8000185c (0x54bfc303) x 6 0x00000000 mem 0x8001386d
core   0: 0x80001860 (0x44bf8783) lb      a5, 1099(t6)
core   0: 3 0x80001860 (0x44bf8783) x15 0x00000000 mem 0x8001376d
core   0: 0x80001864 (0x0889c783) lbu     a5, 136(s3)
core   0: 3 0x80001864 (0x0889c783) x15 0x00000000 mem 0x80014aaa
core   0: 0x80001868 (0xf20986a3) sb      zero, -211(s3)
core   0: 3 0x80001868 (0xf20986a3) mem 0x8001494f 0x0
core   0: 0x8000186c (0x586fd403) lhu     s0, 1414(t6)
core   0: 3 0x8000186c (0x586fd403) x 8 0x00000000 mem 0x800138a8
core   0: 0x80001870 (0x00016117) auipc   sp, 0x16
core   0: 3 0x80001870 (0x00016117) x 2 0x80017870
core   0: 0x80001874 (0x9a810113) addi    sp, sp, -1624
core   0: 3 0x80001874 (0x9a810113) x 2 0x80017218
core   0: 0x80001878 (0x40b45b33) sra     s6, s0, a1
core   0: 3 0x80001878 (0x40b45b33) x22 0x00000000
core   0: 0x8000187c (0x01e46433) or      s0, s0, t5
core   0: 3 0x8000187c (0x01e46433) x 8 0x00000000
core   0: 0x80001880 (0x00000001) c.nop
core   0: 3 0x80001880 (0x0001)
core   0: 0x80001882 (0x03f1a2b3) mulhsu  t0, gp, t6
core   0: 3 0x80001882 (0x03f1a2b3) x 5 0x00000000
core   0: 0x80001886 (0xef513193) sltiu   gp, sp, -267
core   0: 3 0x80001886 (0xef513193) x 3 0x00000001
core   0: 0x8000188a (0x02df55b3) divu    a1, t5, a3
core   0: 3 0x8000188a (0x02df55b3) x11 0xffffffff
core   0: 0x8000188e (0x40f75d33) sra     s10, a4, a5
core   0: 3 0x8000188e (0x40f75d33) x26 0x00000000
core   0: 0x80001892 (0xff310823) sb      s3, -16(sp)
core   0: 3 0x80001892 (0xff310823) mem 0x80017208 0x22
core   0: 0x80001896 (0x406206b3) sub     a3, tp, t1
core   0: 3 0x80001896 (0x406206b3) x13 0x7ffecf30
core   0: 0x8000189a (0x00514183) lbu     gp, 5(sp)
core   0: 3 0x8000189a (0x00514183) x 3 0x00000000 mem 0x8001721d
core   0: 0x8000189e (0x01b8d433) srl     s0, a7, s11
core   0: 3 0x8000189e (0x01b8d433) x 8 0x00000000
core   0: 0x800018a2 (0x000085dd) c.srai  a1, 23
core   0: 3 0x800018a2 (0x85dd) x11 0xffffffff
core   0: 0x800018a4 (0x00009e7e) c.add   t3, t6
core   0: 3 0x800018a4 (0x9e7e) x28 0x80013322
core   0: 0x800018a6 (0xfff14003) lbu     zero, -1(sp)
core   0: 3 0x800018a6 (0xfff14003) mem 0x80017217
core   0: 0x800018aa (0xffd11c23) sh      t4, -8(sp)
core   0: 3 0x800018aa (0xffd11c23) mem 0x80017210 0x0000
core   0: 0x800018ae (0x00910183) lb      gp, 9(sp)
core   0: 3 0x800018ae (0x00910183) x 3 0x00000000 mem 0x80017221
core   0: 0x800018b2 (0x00f43eb3) sltu    t4, s0, a5
core   0: 3 0x800018b2 (0x00f43eb3) x29 0x00000000
core   0: 0x800018b6 (0x00510a03) lb      s4, 5(sp)
core   0: 3 0x800018b6 (0x00510a03) x20 0x00000000 mem 0x8001721d
core   0: 0x800018ba (0x00314783) lbu     a5, 3(sp)
core   0: 3 0x800018ba (0x00314783) x15 0x00000000 mem 0x8001721b
core   0: 0x800018be (0x51a8a593) slti    a1, a7, 1306
core   0: 3 0x800018be (0x51a8a593) x11 0x00000001
core   0: 0x800018c2 (0x00905013) srli    zero, zero, 9
core   0: 3 0x800018c2 (0x00905013)
core   0: 0x800018c6 (0x00310b03) lb      s6, 3(sp)
core   0: 3 0x800018c6 (0x00310b03) x22 0x00000000 mem 0x8001721b
core   0: 0x800018ca (0xa14b3b13) sltiu   s6, s6, -1516
core   0: 3 0x800018ca (0xa14b3b13) x22 0x00000001
core   0: 0x800018ce (0x012ff8b3) and     a7, t6, s2
core   0: 3 0x800018ce (0x012ff8b3) x17 0x80000020
core   0: 0x800018d2 (0x01d102a3) sb      t4, 5(sp)
core   0: 3 0x800018d2 (0x01d102a3) mem 0x8001721d 0x0
core   0: 0x800018d6 (0x00004442) c.lwsp  s0, 16(sp)
core   0: 3 0x800018d6 (0x4442) x 8 0x00000000 mem 0x80017228
core   0: 0x800018d8 (0x0000080a) c.slli  a6, 2
core   0: 3 0x800018d8 (0x080a) x16 0x00000000
core   0: 0x800018da (0x00c11123) sh      a2, 2(sp)
core   0: 3 0x800018da (0x00c11123) mem 0x8001721a 0x0000
core   0: 0x800018de (0x00004592) c.lwsp  a1, 4(sp)
core   0: 3 0x800018de (0x4592) x11 0x00000000 mem 0x8001721c
core   0: 0x800018e0 (0x022a0233) mul     tp, s4, sp
core   0: 3 0x800018e0 (0x022a0233) x 4 0x00000000
core   0: 0x800018e4 (0x00000001) c.nop
core   0: 3 0x800018e4 (0x0001)
core   0: 0x800018e6 (0xffd14c03) lbu     s8, -3(sp)
core   0: 3 0x800018e6 (0xffd14c03) x24 0x00000000 mem 0x80017215
core   0: 0x800018ea (0xff210da3) sb      s2, -5(sp)
core   0: 3 0x800018ea (0xff210da3) mem 0x80017213 0xe4
core   0: 0x800018ee (0xecda4293) xori    t0, s4, -307
core   0: 3 0x800018ee (0xecda4293) x 5 0xfffffecd
core   0: 0x800018f2 (0x00210683) lb      a3, 2(sp)
core   0: 3 0x800018f2 (0x00210683) x13 0x00000000 mem 0x8001721a
core   0: 0x800018f6 (0xfff10083) lb      ra, -1(sp)
core   0: 3 0x800018f6 (0xfff10083) x 1 0x00000000 mem 0x80017217
core   0: 0x800018fa (0x5e152313) slti    t1, a0, 1505
core   0: 3 0x800018fa (0x5e152313) x 6 0x00000001
core   0: 0x800018fe (0xff510d23) sb      s5, -6(sp)
core   0: 3 0x800018fe (0xff510d23) mem 0x80017212 0x0
core   0: 0x80001902 (0x00012097) auipc   ra, 0x12
core   0: 3 0x80001902 (0x00012097) x 1 0x80013902
core   0: 0x80001906 (0x28008093) addi    ra, ra, 640
core   0: 3 0x80001906 (0x28008093) x 1 0x80013b82
core   0: 0x8000190a (0xfd108303) lb      t1, -47(ra)
core   0: 3 0x8000190a (0xfd108303) x 6 0x00000000 mem 0x80013b53
core   0: 0x8000190e (0x01c91ab3) sll     s5, s2, t3
core   0: 3 0x8000190e (0x01c91ab3) x21 0x000b3390
core   0: 0x80001912 (0x03318733) mul     a4, gp, s3
core   0: 3 0x80001912 (0x03318733) x14 0x00000000
core   0: 0x80001916 (0x0000820a) c.mv    tp, sp
core   0: 3 0x80001916 (0x820a) x 4 0x80017218
core   0: 0x80001918 (0x408eda93) srai    s5, t4, 8
core   0: 3 0x80001918 (0x408eda93) x21 0x00000000
core   0: 0x8000191c (0x02108783) lb      a5, 33(ra)
core   0: 3 0x8000191c (0x02108783) x15 0x00000000 mem 0x80013ba3
core   0: 0x80001920 (0x00d08783) lb      a5, 13(ra)
core   0: 3 0x80001920 (0x00d08783) x15 0x00000000 mem 0x80013b8f
core   0: 0x80001924 (0x000411b3) sll     gp, s0, zero
core   0: 3 0x80001924 (0x000411b3) x 3 0x00000000
core   0: 0x80001928 (0x011e7ab3) and     s5, t3, a7
core   0: 3 0x80001928 (0x011e7ab3) x21 0x80000020
core   0: 0x8000192c (0x00008779) c.srai  a4, 30
core   0: 3 0x8000192c (0x8779) x14 0x00000000
core   0: 0x8000192e (0x000065c1) c.lui   a1, 0x10
core   0: 3 0x8000192e (0x65c1) x11 0x00010000
core   0: 0x80001930 (0x00031793) slli    a5, t1, 0
core   0: 3 0x80001930 (0x00031793) x15 0x00000000
core   0: 0x80001934 (0x00008c65) c.and   s0, s1
core   0: 3 0x80001934 (0x8c65) x 8 0x00000000
core   0: 0x80001936 (0x03609983) lh      s3, 54(ra)
core   0: 3 0x80001936 (0x03609983) x19 0x00000000 mem 0x80013bb8
core   0: 0x8000193a (0x0230c983) lbu     s3, 35(ra)
core   0: 3 0x8000193a (0x0230c983) x19 0x00000000 mem 0x80013ba5
core   0: 0x8000193e (0x0330cf83) lbu     t6, 51(ra)
core   0: 3 0x8000193e (0x0330cf83) x31 0x00000000 mem 0x80013bb5
core   0: 0x80001942 (0x0000835d) c.srli  a4, 23
core   0: 3 0x80001942 (0x835d) x14 0x00000000
core   0: 0x80001944 (0x016082a3) sb      s6, 5(ra)
core   0: 3 0x80001944 (0x016082a3) mem 0x80013b87 0x1
core   0: 0x80001948 (0xff408f23) sb      s4, -2(ra)
core   0: 3 0x80001948 (0xff408f23) mem 0x80013b80 0x0
core   0: 0x8000194c (0xff90cd03) lbu     s10, -7(ra)
core   0: 3 0x8000194c (0xff90cd03) x26 0x00000000 mem 0x80013b7b
core   0: 0x80001950 (0xfca09123) sh      a0, -62(ra)
core   0: 3 0x80001950 (0xfca09123) mem 0x80013b44 0x21da
core   0: 0x80001954 (0xff609583) lh      a1, -10(ra)
core   0: 3 0x80001954 (0xff609583) x11 0x00000000 mem 0x80013b78
core   0: 0x80001958 (0x019d9db3) sll     s11, s11, s9
core   0: 3 0x80001958 (0x019d9db3) x27 0x00000000
core   0: 0x8000195c (0x0160da03) lhu     s4, 22(ra)
core   0: 3 0x8000195c (0x0160da03) x20 0x00000000 mem 0x80013b98
core   0: 0x80001960 (0x0ff0000f) fence   iorw,iorw
core   0: 3 0x80001960 (0x0ff0000f)
core   0: 0x80001964 (0x02008d23) sb      zero, 58(ra)
core   0: 3 0x80001964 (0x02008d23) mem 0x80013bbc 0x0
core   0: 0x80001968 (0x00208b83) lb      s7, 2(ra)
core   0: 3 0x80001968 (0x00208b83) x23 0x00000000 mem 0x80013b84
core   0: 0x8000196c (0x000082e5) c.srli  a3, 25
core   0: 3 0x8000196c (0x82e5) x13 0x00000000
core   0: 0x8000196e (0x00008d26) c.mv    s10, s1
core   0: 3 0x8000196e (0x8d26) x26 0x80028e64
core   0: 0x80001970 (0xe591fe13) andi    t3, gp, -423
core   0: 3 0x80001970 (0xe591fe13) x28 0x00000000
core   0: 0x80001974 (0x0000100f) fence.i
core   0: 3 0x80001974 (0x0000100f)
core   0: 0x80001978 (0x02f08103) lb      sp, 47(ra)
core   0: 3 0x80001978 (0x02f08103) x 2 0x00000000 mem 0x80013bb1
core   0: 0x8000197c (0x029083a3) sb      s1, 39(ra)
core   0: 3 0x8000197c (0x029083a3) mem 0x80013ba9 0x64
core   0: 0x80001980 (0x00012117) auipc   sp, 0x12
core   0: 3 0x80001980 (0x00012117) x 2 0x80013980
core   0: 0x80001984 (0x0e610113) addi    sp, sp, 230
core   0: 3 0x80001984 (0x0e610113) x 2 0x80013a66
core   0: 0x80001988 (0xff414383) lbu     t2, -12(sp)
core   0: 3 0x80001988 (0xff414383) x 7 0x00000000 mem 0x80013a5a
core   0: 0x8000198c (0x00010083) lb      ra, 0(sp)
core   0: 3 0x8000198c (0x00010083) x 1 0x00000000 mem 0x80013a66
core   0: 0x80001990 (0x01911023) sh      s9, 0(sp)
core   0: 3 0x80001990 (0x01911023) mem 0x80013a66 0x0000
core   0: 0x80001994 (0x01211023) sh      s2, 0(sp)
core   0: 3 0x80001994 (0x01211023) mem 0x80013a66 0xcce4
core   0: 0x80001998 (0x00010b83) lb      s7, 0(sp)
core   0: 3 0x80001998 (0x00010b83) x23 0xffffffe4 mem 0x80013a66
core   0: 0x8000199c (0x00011e83) lh      t4, 0(sp)
core   0: 3 0x8000199c (0x00011e83) x29 0xffffcce4 mem 0x80013a66
core   0: 0x800019a0 (0x01c11223) sh      t3, 4(sp)
core   0: 3 0x800019a0 (0x01c11223) mem 0x80013a6a 0x0000
core   0: 0x800019a4 (0x00414183) lbu     gp, 4(sp)
core   0: 3 0x800019a4 (0x00414183) x 3 0x00000000 mem 0x80013a6a
core   0: 0x800019a8 (0x0000100f) fence.i
core   0: 3 0x800019a8 (0x0000100f)
core   0: 0x800019ac (0x00415f83) lhu     t6, 4(sp)
core   0: 3 0x800019ac (0x00415f83) x31 0x00000000 mem 0x80013a6a
core   0: 0x800019b0 (0x00414b03) lbu     s6, 4(sp)
core   0: 3 0x800019b0 (0x00414b03) x22 0x00000000 mem 0x80013a6a
core   0: 0x800019b4 (0x00011603) lh      a2, 0(sp)
core   0: 3 0x800019b4 (0x00011603) x12 0xffffcce4 mem 0x80013a66
core   0: 0x800019b8 (0x00911023) sh      s1, 0(sp)
core   0: 3 0x800019b8 (0x00911023) mem 0x80013a66 0x8e64
core   0: 0x800019bc (0xff514083) lbu     ra, -11(sp)
core   0: 3 0x800019bc (0xff514083) x 1 0x00000000 mem 0x80013a5b
core   0: 0x800019c0 (0xff510b83) lb      s7, -11(sp)
core   0: 3 0x800019c0 (0xff510b83) x23 0x00000000 mem 0x80013a5b
core   0: 0x800019c4 (0xff514a83) lbu     s5, -11(sp)
core   0: 3 0x800019c4 (0xff514a83) x21 0x00000000 mem 0x80013a5b
core   0: 0x800019c8 (0xffd14783) lbu     a5, -3(sp)
core   0: 3 0x800019c8 (0xffd14783) x15 0x00000000 mem 0x80013a63
core   0: 0x800019cc (0xffd14303) lbu     t1, -3(sp)
core   0: 3 0x800019cc (0xffd14303) x 6 0x00000000 mem 0x80013a63
core   0: 0x800019d0 (0x00c11403) lh      s0, 12(sp)
core   0: 3 0x800019d0 (0x00c11403) x 8 0x00000000 mem 0x80013a72
core   0: 0x800019d4 (0x00c15583) lhu     a1, 12(sp)
core   0: 3 0x800019d4 (0x00c15583) x11 0x00000000 mem 0x80013a72
core   0: 0x800019d8 (0x00111423) sh      ra, 8(sp)
core   0: 3 0x800019d8 (0x00111423) mem 0x80013a6e 0x0000
core   0: 0x800019dc (0x00012b17) auipc   s6, 0x12
core   0: 3 0x800019dc (0x00012b17) x22 0x800139dc
core   0: 0x800019e0 (0xfa7b0b13) addi    s6, s6, -89
core   0: 3 0x800019e0 (0xfa7b0b13) x22 0x80013983
core   0: 0x800019e4 (0x00000001) c.nop
core   0: 3 0x800019e4 (0x0001)
core   0: 0x800019e6 (0xf67b4c03) lbu     s8, -153(s6)
core   0: 3 0x800019e6 (0xf67b4c03) x24 0x00000000 mem 0x800138ea
core   0: 0x800019ea (0xf68b03a3) sb      s0, -153(s6)
core   0: 3 0x800019ea (0xf68b03a3) mem 0x800138ea 0x0
core   0: 0x800019ee (0x0b9b4783) lbu     a5, 185(s6)
core   0: 3 0x800019ee (0x0b9b4783) x15 0x00000000 mem 0x80013a3c
core   0: 0x800019f2 (0xca0c6293) ori     t0, s8, -864
core   0: 3 0x800019f2 (0xca0c6293) x 5 0xfffffca0
core   0: 0x800019f6 (0xfbfb5b83) lhu     s7, -65(s6)
core   0: 3 0x800019f6 (0xfbfb5b83) x23 0x00000000 mem 0x80013942
core   0: 0x800019fa (0x09db0ea3) sb      t4, 157(s6)
core   0: 3 0x800019fa (0x09db0ea3) mem 0x80013a20 0xe4
core   0: 0x800019fe (0x000006b2) c.slli  a3, 12
core   0: 3 0x800019fe (0x06b2) x13 0x00000000
core   0: 0x80001a00 (0x09db4d83) lbu     s11, 157(s6)
core   0: 3 0x80001a00 (0x09db4d83) x27 0x000000e4 mem 0x80013a20
core   0: 0x80001a04 (0x081b1ea3) sh      ra, 157(s6)
core   0: 3 0x80001a04 (0x081b1ea3) mem 0x80013a20 0x0000
core   0: 0x80001a08 (0xfd5b0103) lb      sp, -43(s6)
core   0: 3 0x80001a08 (0xfd5b0103) x 2 0x00000000 mem 0x80013958
core   0: 0x80001a0c (0xfd5b1a03) lh      s4, -43(s6)
core   0: 3 0x80001a0c (0xfd5b1a03) x20 0x00000000 mem 0x80013958
core   0: 0x80001a10 (0x07eb0523) sb      t5, 106(s6)
core   0: 3 0x80001a10 (0x07eb0523) mem 0x800139ed 0x0
core   0: 0x80001a14 (0x0000100f) fence.i
core   0: 3 0x80001a14 (0x0000100f)
core   0: 0x80001a18 (0x06ab0a03) lb      s4, 106(s6)
core   0: 3 0x80001a18 (0x06ab0a03) x20 0x00000000 mem 0x800139ed
core   0: 0x80001a1c (0x06ab4f83) lbu     t6, 106(s6)
core   0: 3 0x80001a1c (0x06ab4f83) x31 0x00000000 mem 0x800139ed
core   0: 0x80001a20 (0x06ab4d83) lbu     s11, 106(s6)
core   0: 3 0x80001a20 (0x06ab4d83) x27 0x00000000 mem 0x800139ed
core   0: 0x80001a24 (0x00012f17) auipc   t5, 0x12
core   0: 3 0x80001a24 (0x00012f17) x30 0x80013a24
core   0: 0x80001a28 (0xb89f0f13) addi    t5, t5, -1143
core   0: 3 0x80001a28 (0xb89f0f13) x30 0x800135ad
core   0: 0x80001a2c (0x00000001) c.nop
core   0: 3 0x80001a2c (0x0001)
core   0: 0x80001a2e (0x444f0923) sb      tp, 1106(t5)
core   0: 3 0x80001a2e (0x444f0923) mem 0x800139ff 0x18
core   0: 0x80001a32 (0xf4ff0523) sb      a5, -182(t5)
core   0: 3 0x80001a32 (0xf4ff0523) mem 0x800134f7 0x0
core   0: 0x80001a36 (0x7d0f16a3) sh      a6, 1997(t5)
core   0: 3 0x80001a36 (0x7d0f16a3) mem 0x80013d7a 0x0000
core   0: 0x80001a3a (0x7cdf4403) lbu     s0, 1997(t5)
core   0: 3 0x80001a3a (0x7cdf4403) x 8 0x00000000 mem 0x80013d7a
core   0: 0x80001a3e (0xb64f18a3) sh      tp, -1167(t5)
core   0: 3 0x80001a3e (0xb64f18a3) mem 0x8001311e 0x7218
core   0: 0x80001a42 (0x2faf0e83) lb      t4, 762(t5)
core   0: 3 0x80001a42 (0x2faf0e83) x29 0x00000000 mem 0x800138a7
core   0: 0x80001a46 (0xe54f4883) lbu     a7, -428(t5)
core   0: 3 0x80001a46 (0xe54f4883) x17 0x00000000 mem 0x80013401
core   0: 0x80001a4a (0xe56f0a23) sb      s6, -428(t5)
core   0: 3 0x80001a4a (0xe56f0a23) mem 0x80013401 0x83
core   0: 0x80001a4e (0x609f1103) lh      sp, 1545(t5)
core   0: 3 0x80001a4e (0x609f1103) x 2 0x00000000 mem 0x80013bb6
core   0: 0x80001a52 (0x00005d7d) c.li    s10, -1
core   0: 3 0x80001a52 (0x5d7d) x26 0xffffffff
core   0: 0x80001a54 (0x03b0d1b3) divu    gp, ra, s11
core   0: 3 0x80001a54 (0x03b0d1b3) x 3 0xffffffff
core   0: 0x80001a58 (0x00008fc1) c.or    a5, s0
core   0: 3 0x80001a58 (0x8fc1) x15 0x00000000
core   0: 0x80001a5a (0x609f0f83) lb      t6, 1545(t5)
core   0: 3 0x80001a5a (0x609f0f83) x31 0x00000000 mem 0x80013bb6
core   0: 0x80001a5e (0x609f1403) lh      s0, 1545(t5)
core   0: 3 0x80001a5e (0x609f1403) x 8 0x00000000 mem 0x80013bb6
core   0: 0x80001a62 (0xc14f0a03) lb      s4, -1004(t5)
core   0: 3 0x80001a62 (0xc14f0a03) x20 0x00000000 mem 0x800131c1
core   0: 0x80001a66 (0x0c0f0d03) lb      s10, 192(t5)
core   0: 3 0x80001a66 (0x0c0f0d03) x26 0x00000000 mem 0x8001366d
core   0: 0x80001a6a (0x763f10a3) sh      gp, 1889(t5)
core   0: 3 0x80001a6a (0x763f10a3) mem 0x80013d0e 0xffff
core   0: 0x80001a6e (0x777f10a3) sh      s7, 1889(t5)
core   0: 3 0x80001a6e (0x777f10a3) mem 0x80013d0e 0x0000
core   0: 0x80001a72 (0x777f00a3) sb      s7, 1889(t5)
core   0: 3 0x80001a72 (0x777f00a3) mem 0x80013d0e 0x0
core   0: 0x80001a76 (0x761f4f83) lbu     t6, 1889(t5)
core   0: 3 0x80001a76 (0x761f4f83) x31 0x00000000 mem 0x80013d0e
core   0: 0x80001a7a (0x0001f997) auipc   s3, 0x1f
core   0: 3 0x80001a7a (0x0001f997) x19 0x80020a7a
core   0: 0x80001a7e (0x7af98993) addi    s3, s3, 1967
core   0: 3 0x80001a7e (0x7af98993) x19 0x80021229
core   0: 0x80001a82 (0x01b85cb3) srl     s9, a6, s11
core   0: 3 0x80001a82 (0x01b85cb3) x25 0x00000000
core   0: 0x80001a86 (0x03411633) mulh    a2, sp, s4
core   0: 3 0x80001a86 (0x03411633) x12 0x00000000
core   0: 0x80001a8a (0x05098083) lb      ra, 80(s3)
core   0: 3 0x80001a8a (0x05098083) x 1 0x00000000 mem 0x80021279
core   0: 0x80001a8e (0x00008ecd) c.or    a3, a1
core   0: 3 0x80001a8e (0x8ecd) x13 0x00000000
core   0: 0x80001a90 (0x000ede13) srli    t3, t4, 0
core   0: 3 0x80001a90 (0x000ede13) x28 0x00000000
core   0: 0x80001a94 (0x00000001) c.nop
core   0: 3 0x80001a94 (0x0001)
core   0: 0x80001a96 (0x00199c03) lh      s8, 1(s3)
core   0: 3 0x80001a96 (0x00199c03) x24 0x00000000 mem 0x8002122a
core   0: 0x80001a9a (0x0103eeb3) or      t4, t2, a6
core   0: 3 0x80001a9a (0x0103eeb3) x29 0x00000000
core   0: 0x80001a9e (0x02ccef33) rem     t5, s9, a2
core   0: 3 0x80001a9e (0x02ccef33) x30 0x00000000
core   0: 0x80001aa2 (0x06d9cf83) lbu     t6, 109(s3)
core   0: 3 0x80001aa2 (0x06d9cf83) x31 0x00000000 mem 0x80021296
core   0: 0x80001aa6 (0x00006eb5) c.lui   t4, 0xd
core   0: 3 0x80001aa6 (0x6eb5) x29 0x0000d000
core   0: 0x80001aa8 (0x02f99083) lh      ra, 47(s3)
core   0: 3 0x80001aa8 (0x02f99083) x 1 0x00000000 mem 0x80021258
core   0: 0x80001aac (0x09298003) lb      zero, 146(s3)
core   0: 3 0x80001aac (0x09298003) mem 0x800212bb
core   0: 0x80001ab0 (0xfcf9d103) lhu     sp, -49(s3)
core   0: 3 0x80001ab0 (0xfcf9d103) x 2 0x00000000 mem 0x800211f8
core   0: 0x80001ab4 (0xf199aba3) sw      s9, -233(s3)
core   0: 3 0x80001ab4 (0xf199aba3) mem 0x80021140 0x00000000
core   0: 0x80001ab8 (0x0a4984a3) sb      tp, 169(s3)
core   0: 3 0x80001ab8 (0x0a4984a3) mem 0x800212d2 0x18
core   0: 0x80001abc (0x00000001) c.nop
core   0: 3 0x80001abc (0x0001)
core   0: 0x80001abe (0x0a498183) lb      gp, 164(s3)
core   0: 3 0x80001abe (0x0a498183) x 3 0x00000000 mem 0x800212cd
core   0: 0x80001ac2 (0x0f198a23) sb      a7, 244(s3)
core   0: 3 0x80001ac2 (0x0f198a23) mem 0x8002131d 0x0
core   0: 0x80001ac6 (0x3f381e37) lui     t3, 0x3f381
core   0: 3 0x80001ac6 (0x3f381e37) x28 0x3f381000
core   0: 0x80001aca (0xf2b98923) sb      a1, -206(s3)
core   0: 3 0x80001aca (0xf2b98923) mem 0x8002115b 0x0
core   0: 0x80001ace (0x40158a33) sub     s4, a1, ra
core   0: 3 0x80001ace (0x40158a33) x20 0x00000000
core   0: 0x80001ad2 (0x0ea9c883) lbu     a7, 234(s3)
core   0: 3 0x80001ad2 (0x0ea9c883) x17 0x00000000 mem 0x80021313
core   0: 0x80001ad6 (0x0c79d803) lhu     a6, 199(s3)
core   0: 3 0x80001ad6 (0x0c79d803) x16 0x00000000 mem 0x800212f0
core   0: 0x80001ada (0x0000517d) c.li    sp, -1
core   0: 3 0x80001ada (0x517d) x 2 0xffffffff
core   0: 0x80001adc (0x05399c83) lh      s9, 83(s3)
core   0: 3 0x80001adc (0x05399c83) x25 0x00000000 mem 0x8002127c
core   0: 0x80001ae0 (0x019673b3) and     t2, a2, s9
core   0: 3 0x80001ae0 (0x019673b3) x 7 0x00000000
core   0: 0x80001ae4 (0x04799583) lh      a1, 71(s3)
core   0: 3 0x80001ae4 (0x04799583) x11 0x00000000 mem 0x80021270
core   0: 0x80001ae8 (0x06398583) lb      a1, 99(s3)
core   0: 3 0x80001ae8 (0x06398583) x11 0x00000000 mem 0x8002128c
core   0: 0x80001aec (0xff79c583) lbu     a1, -9(s3)
core   0: 3 0x80001aec (0xff79c583) x11 0x00000000 mem 0x80021220
core   0: 0x80001af0 (0x01698c03) lb      s8, 22(s3)
core   0: 3 0x80001af0 (0x01698c03) x24 0x00000000 mem 0x8002123f
core   0: 0x80001af4 (0x0132e033) or      zero, t0, s3
core   0: 3 0x80001af4 (0x0132e033)
core   0: 0x80001af8 (0x00008c41) c.or    s0, s0
core   0: 3 0x80001af8 (0x8c41) x 8 0x00000000
core   0: 0x80001afa (0xf2c98403) lb      s0, -212(s3)
core   0: 3 0x80001afa (0xf2c98403) x 8 0x00000000 mem 0x80021155
core   0: 0x80001afe (0xf6298e83) lb      t4, -158(s3)
core   0: 3 0x80001afe (0xf6298e83) x29 0x00000000 mem 0x8002118b
core   0: 0x80001b02 (0x00008ed1) c.or    a3, a2
core   0: 3 0x80001b02 (0x8ed1) x13 0x00000000
core   0: 0x80001b04 (0x0000616d) c.addi16sp sp, 240
core   0: 3 0x80001b04 (0x616d) x 2 0x000000ef
core   0: 0x80001b06 (0xff19c183) lbu     gp, -15(s3)
core   0: 3 0x80001b06 (0xff19c183) x 3 0x00000000 mem 0x8002121a
core   0: 0x80001b0a (0xf7e98783) lb      a5, -130(s3)
core   0: 3 0x80001b0a (0xf7e98783) x15 0x00000000 mem 0x800211a7
core   0: 0x80001b0e (0x00016a97) auipc   s5, 0x16
core   0: 3 0x80001b0e (0x00016a97) x21 0x80017b0e
core   0: 0x80001b12 (0xf5da8a93) addi    s5, s5, -163
core   0: 3 0x80001b12 (0xf5da8a93) x21 0x80017a6b
core   0: 0x80001b16 (0xfd3a8723) sb      s3, -50(s5)
core   0: 3 0x80001b16 (0xfd3a8723) mem 0x80017a39 0x29
core   0: 0x80001b1a (0xffaa8ea3) sb      s10, -3(s5)
core   0: 3 0x80001b1a (0xffaa8ea3) mem 0x80017a68 0x0
core   0: 0x80001b1e (0xfceace03) lbu     t3, -50(s5)
core   0: 3 0x80001b1e (0xfceace03) x28 0x00000029 mem 0x80017a39
core   0: 0x80001b22 (0x02644833) div     a6, s0, t1
core   0: 3 0x80001b22 (0x02644833) x16 0xffffffff
core   0: 0x80001b26 (0x000a8723) sb      zero, 14(s5)
core   0: 3 0x80001b26 (0x000a8723) mem 0x80017a79 0x0
core   0: 0x80001b2a (0x038a8e83) lb      t4, 56(s5)
core   0: 3 0x80001b2a (0x038a8e83) x29 0x00000000 mem 0x80017aa3
core   0: 0x80001b2e (0x036a8803) lb      a6, 54(s5)
core   0: 3 0x80001b2e (0x036a8803) x16 0x00000000 mem 0x80017aa1
core   0: 0x80001b32 (0x023ad683) lhu     a3, 35(s5)
core   0: 3 0x80001b32 (0x023ad683) x13 0x00000000 mem 0x80017a8e
core   0: 0x80001b36 (0x01c3ce33) xor     t3, t2, t3
core   0: 3 0x80001b36 (0x01c3ce33) x28 0x00000029
core   0: 0x80001b3a (0x010a8d23) sb      a6, 26(s5)
core   0: 3 0x80001b3a (0x010a8d23) mem 0x80017a85 0x0
core   0: 0x80001b3e (0xff1a8223) sb      a7, -28(s5)
core   0: 3 0x80001b3e (0xff1a8223) mem 0x80017a4f 0x0
core   0: 0x80001b42 (0xfe4a8583) lb      a1, -28(s5)
core   0: 3 0x80001b42 (0xfe4a8583) x11 0x00000000 mem 0x80017a4f
core   0: 0x80001b46 (0x01c01c93) slli    s9, zero, 28
core   0: 3 0x80001b46 (0x01c01c93) x25 0x00000000
core   0: 0x80001b4a (0xfc4a8d03) lb      s10, -60(s5)
core   0: 3 0x80001b4a (0xfc4a8d03) x26 0x00000000 mem 0x80017a2f
core   0: 0x80001b4e (0xfc4a8883) lb      a7, -60(s5)
core   0: 3 0x80001b4e (0xfc4a8883) x17 0x00000000 mem 0x80017a2f
core   0: 0x80001b52 (0x01fb1293) slli    t0, s6, 31
core   0: 3 0x80001b52 (0x01fb1293) x 5 0x80000000
core   0: 0x80001b56 (0xfc4a8703) lb      a4, -60(s5)
core   0: 3 0x80001b56 (0xfc4a8703) x14 0x00000000 mem 0x80017a2f
core   0: 0x80001b5a (0xfd1a8f23) sb      a7, -34(s5)
core   0: 3 0x80001b5a (0xfd1a8f23) mem 0x80017a49 0x0
core   0: 0x80001b5e (0xfe2ac303) lbu     t1, -30(s5)
core   0: 3 0x80001b5e (0xfe2ac303) x 6 0x00000000 mem 0x80017a4d
core   0: 0x80001b62 (0xfccac683) lbu     a3, -52(s5)
core   0: 3 0x80001b62 (0xfccac683) x13 0x00000000 mem 0x80017a37
core   0: 0x80001b66 (0xff7a8d03) lb      s10, -9(s5)
core   0: 3 0x80001b66 (0xff7a8d03) x26 0x00000000 mem 0x80017a62
core   0: 0x80001b6a (0xfd6a8f83) lb      t6, -42(s5)
core   0: 3 0x80001b6a (0xfd6a8f83) x31 0x00000000 mem 0x80017a41
core   0: 0x80001b6e (0xfd9a8d23) sb      s9, -38(s5)
core   0: 3 0x80001b6e (0xfd9a8d23) mem 0x80017a45 0x0
core   0: 0x80001b72 (0x00012117) auipc   sp, 0x12
core   0: 3 0x80001b72 (0x00012117) x 2 0x80013b72
core   0: 0x80001b76 (0xe4d10113) addi    sp, sp, -435
core   0: 3 0x80001b76 (0xe4d10113) x 2 0x800139bf
core   0: 0x80001b7a (0x0d610403) lb      s0, 214(sp)
core   0: 3 0x80001b7a (0x0d610403) x 8 0x00000000 mem 0x80013a95
core   0: 0x80001b7e (0xf7610183) lb      gp, -138(sp)
core   0: 3 0x80001b7e (0xf7610183) x 3 0x00000000 mem 0x80013935
core   0: 0x80001b82 (0x02008433) mul     s0, ra, zero
core   0: 3 0x80001b82 (0x02008433) x 8 0x00000000
core   0: 0x80001b86 (0x04610e23) sb      t1, 92(sp)
core   0: 3 0x80001b86 (0x04610e23) mem 0x80013a1b 0x0
core   0: 0x80001b8a (0x07f109a3) sb      t6, 115(sp)
core   0: 3 0x80001b8a (0x07f109a3) mem 0x80013a32 0x0
core   0: 0x80001b8e (0x08810c83) lb      s9, 136(sp)
core   0: 3 0x80001b8e (0x08810c83) x25 0x00000000 mem 0x80013a47
core   0: 0x80001b92 (0x004f5393) srli    t2, t5, 4
core   0: 3 0x80001b92 (0x004f5393) x 7 0x00000000
core   0: 0x80001b96 (0x933d2013) slti    zero, s10, -1741
core   0: 3 0x80001b96 (0x933d2013)
core   0: 0x80001b9a (0x0ae120a3) sw      a4, 161(sp)
core   0: 3 0x80001b9a (0x0ae120a3) mem 0x80013a60 0x00000000
core   0: 0x80001b9e (0x00008e39) c.xor   a2, a4
core   0: 3 0x80001b9e (0x8e39) x12 0x00000000
core   0: 0x80001ba0 (0x00e6f333) and     t1, a3, a4
core   0: 3 0x80001ba0 (0x00e6f333) x 6 0x00000000
core   0: 0x80001ba4 (0x0000100f) fence.i
core   0: 3 0x80001ba4 (0x0000100f)
core   0: 0x80001ba8 (0x0ff0000f) fence   iorw,iorw
core   0: 3 0x80001ba8 (0x0ff0000f)
core   0: 0x80001bac (0x005653b3) srl     t2, a2, t0
core   0: 3 0x80001bac (0x005653b3) x 7 0x00000000
core   0: 0x80001bb0 (0x415f5013) srai    zero, t5, 21
core   0: 3 0x80001bb0 (0x415f5013)
core   0: 0x80001bb4 (0xfc810123) sb      s0, -62(sp)
core   0: 3 0x80001bb4 (0xfc810123) mem 0x80013981 0x0
core   0: 0x80001bb8 (0x07e14803) lbu     a6, 126(sp)
core   0: 3 0x80001bb8 (0x07e14803) x16 0x00000000 mem 0x80013a3d
core   0: 0x80001bbc (0x00008f55) c.or    a4, a3
core   0: 3 0x80001bbc (0x8f55) x14 0x00000000
core   0: 0x80001bbe (0x0000974a) c.add   a4, s2
core   0: 3 0x80001bbe (0x974a) x14 0x8002cce4
core   0: 0x80001bc0 (0x0133cb33) xor     s6, t2, s3
core   0: 3 0x80001bc0 (0x0133cb33) x22 0x80021229
core   0: 0x80001bc4 (0xf7c10583) lb      a1, -132(sp)
core   0: 3 0x80001bc4 (0xf7c10583) x11 0x00000000 mem 0x8001393b
core   0: 0x80001bc8 (0x00714b03) lbu     s6, 7(sp)
core   0: 3 0x80001bc8 (0x00714b03) x22 0x00000000 mem 0x800139c6
core   0: 0x80001bcc (0xf28c3a93) sltiu   s5, s8, -216
core   0: 3 0x80001bcc (0xf28c3a93) x21 0x00000001
core   0: 0x80001bd0 (0xfd514e83) lbu     t4, -43(sp)
core   0: 3 0x80001bd0 (0xfd514e83) x29 0x00000000 mem 0x80013994
core   0: 0x80001bd4 (0xfd315583) lhu     a1, -45(sp)
core   0: 3 0x80001bd4 (0xfd315583) x11 0x00000000 mem 0x80013992
core   0: 0x80001bd8 (0x40d2d7b3) sra     a5, t0, a3
core   0: 3 0x80001bd8 (0x40d2d7b3) x15 0x80000000
core   0: 0x80001bdc (0x00f5e833) or      a6, a1, a5
core   0: 3 0x80001bdc (0x00f5e833) x16 0x80000000
core   0: 0x80001be0 (0xbf547d93) andi    s11, s0, -1035
core   0: 3 0x80001be0 (0xbf547d93) x27 0x00000000
core   0: 0x80001be4 (0x000086bd) c.srai  a3, 15
core   0: 3 0x80001be4 (0x86bd) x13 0x00000000
core   0: 0x80001be6 (0x0391bd33) mulhu   s10, gp, s9
core   0: 3 0x80001be6 (0x0391bd33) x26 0x00000000
core   0: 0x80001bea (0x04c14f83) lbu     t6, 76(sp)
core   0: 3 0x80001bea (0x04c14f83) x31 0x00000000 mem 0x80013a0b
core   0: 0x80001bee (0xf6410ca3) sb      tp, -135(sp)
core   0: 3 0x80001bee (0xf6410ca3) mem 0x80013938 0x18
core   0: 0x80001bf2 (0x41e4d093) srai    ra, s1, 30
core   0: 3 0x80001bf2 (0x41e4d093) x 1 0xfffffffe
core   0: 0x80001bf6 (0x01c10c83) lb      s9, 28(sp)
core   0: 3 0x80001bf6 (0x01c10c83) x25 0x00000000 mem 0x800139db
core   0: 0x80001bfa (0x00011d97) auipc   s11, 0x11
core   0: 3 0x80001bfa (0x00011d97) x27 0x80012bfa
core   0: 0x80001bfe (0x7bbd8d93) addi    s11, s11, 1979
core   0: 3 0x80001bfe (0x7bbd8d93) x27 0x800133b5
core   0: 0x80001c02 (0x00014317) auipc   t1, 0x14
core   0: 3 0x80001c02 (0x00014317) x 6 0x80015c02
core   0: 0x80001c06 (0x08530313) addi    t1, t1, 133
core   0: 3 0x80001c06 (0x08530313) x 6 0x80015c87
core   0: 0x80001c0a (0xf68dc383) lbu     t2, -152(s11)
core   0: 3 0x80001c0a (0xf68dc383) x 7 0x00000000 mem 0x8001331d
core   0: 0x80001c0e (0x0b8dc583) lbu     a1, 184(s11)
core   0: 3 0x80001c0e (0x0b8dc583) x11 0x00000000 mem 0x8001346d
core   0: 0x80001c12 (0xb9034103) lbu     sp, -1136(t1)
core   0: 3 0x80001c12 (0xb9034103) x 2 0x00000000 mem 0x80015817
core   0: 0x80001c16 (0xf03d9f03) lh      t5, -253(s11)
core   0: 3 0x80001c16 (0xf03d9f03) x30 0x00000000 mem 0x800132b8
core   0: 0x80001c1a (0xf17dc403) lbu     s0, -233(s11)
core   0: 3 0x80001c1a (0xf17dc403) x 8 0x00000000 mem 0x800132cc
core   0: 0x80001c1e (0x3c334583) lbu     a1, 963(t1)
core   0: 3 0x80001c1e (0x3c334583) x11 0x00000000 mem 0x8001604a
core   0: 0x80001c22 (0x07ad8a83) lb      s5, 122(s11)
core   0: 3 0x80001c22 (0x07ad8a83) x21 0x00000000 mem 0x8001342f
core   0: 0x80001c26 (0xf41d8923) sb      ra, -174(s11)
core   0: 3 0x80001c26 (0xf41d8923) mem 0x80013307 0xfe
core   0: 0x80001c2a (0x62b31c83) lh      s9, 1579(t1)
core   0: 3 0x80001c2a (0x62b31c83) x25 0x00000000 mem 0x800162b2
core   0: 0x80001c2e (0xfb1d9383) lh      t2, -79(s11)
core   0: 3 0x80001c2e (0xfb1d9383) x 7 0x00000000 mem 0x80013366
core   0: 0x80001c32 (0x17530c83) lb      s9, 373(t1)
core   0: 3 0x80001c32 (0x17530c83) x25 0x00000000 mem 0x80015dfc
core   0: 0x80001c36 (0xf4531703) lh      a4, -187(t1)
core   0: 3 0x80001c36 (0xf4531703) x14 0x00000000 mem 0x80015bcc
core   0: 0x80001c3a (0xf6ed8323) sb      a4, -154(s11)
core   0: 3 0x80001c3a (0xf6ed8323) mem 0x8001331b 0x0
core   0: 0x80001c3e (0xf9ddc283) lbu     t0, -99(s11)
core   0: 3 0x80001c3e (0xf9ddc283) x 5 0x00000000 mem 0x80013352
core   0: 0x80001c42 (0x1f834083) lbu     ra, 504(t1)
core   0: 3 0x80001c42 (0x1f834083) x 1 0x00000000 mem 0x80015e7f
core   0: 0x80001c46 (0x00012117) auipc   sp, 0x12
core   0: 3 0x80001c46 (0x00012117) x 2 0x80013c46
core   0: 0x80001c4a (0x03510113) addi    sp, sp, 53
core   0: 3 0x80001c4a (0x03510113) x 2 0x80013c7b
core   0: 0x80001c4e (0x00008dd1) c.or    a1, a2
core   0: 3 0x80001c4e (0x8dd1) x11 0x00000000
core   0: 0x80001c50 (0xaca14f83) lbu     t6, -1334(sp)
core   0: 3 0x80001c50 (0xaca14f83) x31 0x00000000 mem 0x80013745
core   0: 0x80001c54 (0xadb10523) sb      s11, -1334(sp)
core   0: 3 0x80001c54 (0xadb10523) mem 0x80013745 0xb5
core   0: 0x80001c58 (0xd6710323) sb      t2, -666(sp)
core   0: 3 0x80001c58 (0xd6710323) mem 0x800139e1 0x0
core   0: 0x80001c5c (0xce614e03) lbu     t3, -794(sp)
core   0: 3 0x80001c5c (0xce614e03) x28 0x00000000 mem 0x80013961
core   0: 0x80001c60 (0xce610403) lb      s0, -794(sp)
core   0: 3 0x80001c60 (0xce610403) x 8 0x00000000 mem 0x80013961
core   0: 0x80001c64 (0x0282d833) divu    a6, t0, s0
core   0: 3 0x80001c64 (0x0282d833) x16 0xffffffff
core   0: 0x80001c68 (0xfee110a3) sh      a4, -31(sp)
core   0: 3 0x80001c68 (0xfee110a3) mem 0x80013c5c 0x0000
core   0: 0x80001c6c (0xffb120a3) sw      s11, -31(sp)
core   0: 3 0x80001c6c (0xffb120a3) mem 0x80013c5c 0x800133b5
core   0: 0x80001c70 (0xfe112e03) lw      t3, -31(sp)
core   0: 3 0x80001c70 (0xfe112e03) x28 0x800133b5 mem 0x80013c5c
core   0: 0x80001c74 (0xec111fa3) sh      ra, -289(sp)
core   0: 3 0x80001c74 (0xec111fa3) mem 0x80013b5a 0x0000
core   0: 0x80001c78 (0x0000547d) c.li    s0, -1
core   0: 3 0x80001c78 (0x547d) x 8 0xffffffff
core   0: 0x80001c7a (0x0ce14a83) lbu     s5, 206(sp)
core   0: 3 0x80001c7a (0x0ce14a83) x21 0x00000000 mem 0x80013d49
core   0: 0x80001c7e (0x5a378713) addi    a4, a5, 1443
core   0: 3 0x80001c7e (0x5a378713) x14 0x800005a3
core   0: 0x80001c82 (0x00009392) c.add   t2, tp
core   0: 3 0x80001c82 (0x9392) x 7 0x80017218
core   0: 0x80001c84 (0x0ce10203) lb      tp, 206(sp)
core   0: 3 0x80001c84 (0x0ce10203) x 4 0x00000000 mem 0x80013d49
core   0: 0x80001c88 (0x00013397) auipc   t2, 0x13
core   0: 3 0x80001c88 (0x00013397) x 7 0x80014c88
core   0: 0x80001c8c (0xe3238393) addi    t2, t2, -462
core   0: 3 0x80001c8c (0xe3238393) x 7 0x80014aba
core   0: 0x80001c90 (0x02d2bbb3) mulhu   s7, t0, a3
core   0: 3 0x80001c90 (0x02d2bbb3) x23 0x00000000
core   0: 0x80001c94 (0x000081b5) c.srli  a1, 13
core   0: 3 0x80001c94 (0x81b5) x11 0x00000000
core   0: 0x80001c96 (0x000045d9) c.li    a1, 22
core   0: 3 0x80001c96 (0x45d9) x11 0x00000016
core   0: 0x80001c98 (0xff538d03) lb      s10, -11(t2)
core   0: 3 0x80001c98 (0xff538d03) x26 0x00000000 mem 0x80014aaf
core   0: 0x80001c9c (0x40cbd713) srai    a4, s7, 12
core   0: 3 0x80001c9c (0x40cbd713) x14 0x00000000
core   0: 0x80001ca0 (0x0128b633) sltu    a2, a7, s2
core   0: 3 0x80001ca0 (0x0128b633) x12 0x00000001
core   0: 0x80001ca4 (0x00008dd1) c.or    a1, a2
core   0: 3 0x80001ca4 (0x8dd1) x11 0x00000017
core   0: 0x80001ca6 (0x87b43313) sltiu   t1, s0, -1925
core   0: 3 0x80001ca6 (0x87b43313) x 6 0x00000000
core   0: 0x80001caa (0x0000100f) fence.i
core   0: 3 0x80001caa (0x0000100f)
core   0: 0x80001cae (0x41035193) srai    gp, t1, 16
core   0: 3 0x80001cae (0x41035193) x 3 0x00000000
core   0: 0x80001cb2 (0x01638323) sb      s6, 6(t2)
core   0: 3 0x80001cb2 (0x01638323) mem 0x80014ac0 0x0
core   0: 0x80001cb6 (0x17e78237) lui     tp, 0x17e78
core   0: 3 0x80001cb6 (0x17e78237) x 4 0x17e78000
core   0: 0x80001cba (0x780acc13) xori    s8, s5, 1920
core   0: 3 0x80001cba (0x780acc13) x24 0x00000780
core   0: 0x80001cbe (0x00008fe5) c.and   a5, s1
core   0: 3 0x80001cbe (0x8fe5) x15 0x80000000
core   0: 0x80001cc0 (0x01b3a123) sw      s11, 2(t2)
core   0: 3 0x80001cc0 (0x01b3a123) mem 0x80014abc 0x800133b5
core   0: 0x80001cc4 (0x23f1f893) andi    a7, gp, 575
core   0: 3 0x80001cc4 (0x23f1f893) x17 0x00000000
core   0: 0x80001cc8 (0xa94bba13) sltiu   s4, s7, -1388
core   0: 3 0x80001cc8 (0xa94bba13) x20 0x00000001
core   0: 0x80001ccc (0x00000001) c.nop
core   0: 3 0x80001ccc (0x0001)
core   0: 0x80001cce (0xbf42b113) sltiu   sp, t0, -1036
core   0: 3 0x80001cce (0xbf42b113) x 2 0x00000001
core   0: 0x80001cd2 (0x00a387a3) sb      a0, 15(t2)
core   0: 3 0x80001cd2 (0x00a387a3) mem 0x80014ac9 0xda
core   0: 0x80001cd6 (0x02a51cb3) mulh    s9, a0, a0
core   0: 3 0x80001cd6 (0x02a51cb3) x25 0x00079a49
core   0: 0x80001cda (0x02d04d33) div     s10, zero, a3
core   0: 3 0x80001cda (0x02d04d33) x26 0xffffffff
core   0: 0x80001cde (0xff03d783) lhu     a5, -16(t2)
core   0: 3 0x80001cde (0xff03d783) x15 0x00000000 mem 0x80014aaa
core   0: 0x80001ce2 (0x0000100f) fence.i
core   0: 3 0x80001ce2 (0x0000100f)
core   0: 0x80001ce6 (0xff938603) lb      a2, -7(t2)
core   0: 3 0x80001ce6 (0xff938603) x12 0x00000000 mem 0x80014ab3
core   0: 0x80001cea (0x0ff0000f) fence   iorw,iorw
core   0: 3 0x80001cea (0x0ff0000f)
core   0: 0x80001cee (0xffe3cf03) lbu     t5, -2(t2)
core   0: 3 0x80001cee (0xffe3cf03) x30 0x00000000 mem 0x80014ab8
core   0: 0x80001cf2 (0x0000100f) fence.i
core   0: 3 0x80001cf2 (0x0000100f)
core   0: 0x80001cf6 (0x54a33c13) sltiu   s8, t1, 1354
core   0: 3 0x80001cf6 (0x54a33c13) x24 0x00000001
core   0: 0x80001cfa (0x00d3c283) lbu     t0, 13(t2)
core   0: 3 0x80001cfa (0x00d3c283) x 5 0x00000000 mem 0x80014ac7
core   0: 0x80001cfe (0x01adf233) and     tp, s11, s10
core   0: 3 0x80001cfe (0x01adf233) x 4 0x800133b5
core   0: 0x80001d02 (0xff838583) lb      a1, -8(t2)
core   0: 3 0x80001d02 (0xff838583) x11 0x00000000 mem 0x80014ab2
core   0: 0x80001d06 (0x00b3cf03) lbu     t5, 11(t2)
core   0: 3 0x80001d06 (0x00b3cf03) x30 0x00000000 mem 0x80014ac5
core   0: 0x80001d0a (0xff338103) lb      sp, -13(t2)
core   0: 3 0x80001d0a (0xff338103) x 2 0x00000000 mem 0x80014aad
core   0: 0x80001d0e (0xffb3cd83) lbu     s11, -5(t2)
core   0: 3 0x80001d0e (0xffb3cd83) x27 0x00000000 mem 0x80014ab5
core   0: 0x80001d12 (0x00006105) c.addi16sp sp, 32
core   0: 3 0x80001d12 (0x6105) x 2 0x00000020
core   0: 0x80001d14 (0x00212fb3) slt     t6, sp, sp
core   0: 3 0x80001d14 (0x00212fb3) x31 0x00000000
core   0: 0x80001d18 (0xb5273f13) sltiu   t5, a4, -1198
core   0: 3 0x80001d18 (0xb5273f13) x30 0x00000001
core   0: 0x80001d1c (0x00639283) lh      t0, 6(t2)
core   0: 3 0x80001d1c (0x00639283) x 5 0x00000000 mem 0x80014ac0
core   0: 0x80001d20 (0x00a3de83) lhu     t4, 10(t2)
core   0: 3 0x80001d20 (0x00a3de83) x29 0x00000000 mem 0x80014ac4
core   0: 0x80001d24 (0x11e9bab7) lui     s5, 0x11e9b
core   0: 3 0x80001d24 (0x11e9bab7) x21 0x11e9b000
core   0: 0x80001d28 (0x028c2f33) mulhsu  t5, s8, s0
core   0: 3 0x80001d28 (0x028c2f33) x30 0x00000000
core   0: 0x80001d2c (0x00639203) lh      tp, 6(t2)
core   0: 3 0x80001d2c (0x00639203) x 4 0x00000000 mem 0x80014ac0
core   0: 0x80001d30 (0x00012217) auipc   tp, 0x12
core   0: 3 0x80001d30 (0x00012217) x 4 0x80013d30
core   0: 0x80001d34 (0xef720213) addi    tp, tp, -265
core   0: 3 0x80001d34 (0xef720213) x 4 0x80013c27
core   0: 0x80001d38 (0x00420f83) lb      t6, 4(tp)
core   0: 3 0x80001d38 (0x00420f83) x31 0x00000000 mem 0x80013c2b
core   0: 0x80001d3c (0x000062fd) c.lui   t0, 0x1f
core   0: 3 0x80001d3c (0x62fd) x 5 0x0001f000
core   0: 0x80001d3e (0x01624983) lbu     s3, 22(tp)
core   0: 3 0x80001d3e (0x01624983) x19 0x00000000 mem 0x80013c3d
core   0: 0x80001d42 (0x01620303) lb      t1, 22(tp)
core   0: 3 0x80001d42 (0x01620303) x 6 0x00000000 mem 0x80013c3d
core   0: 0x80001d46 (0xfee24303) lbu     t1, -18(tp)
core   0: 3 0x80001d46 (0xfee24303) x 6 0x00000000 mem 0x80013c15
core   0: 0x80001d4a (0xfd124c03) lbu     s8, -47(tp)
core   0: 3 0x80001d4a (0xfd124c03) x24 0x00000000 mem 0x80013bf8
core   0: 0x80001d4e (0xfd024703) lbu     a4, -48(tp)
core   0: 3 0x80001d4e (0xfd024703) x14 0x00000000 mem 0x80013bf7
core   0: 0x80001d52 (0x418f8eb3) sub     t4, t6, s8
core   0: 3 0x80001d52 (0x418f8eb3) x29 0x00000000
core   0: 0x80001d56 (0xfd520823) sb      s5, -48(tp)
core   0: 3 0x80001d56 (0xfd520823) mem 0x80013bf7 0x0
core   0: 0x80001d5a (0x419c51b3) sra     gp, s8, s9
core   0: 3 0x80001d5a (0x419c51b3) x 3 0x00000000
core   0: 0x80001d5e (0xfd020183) lb      gp, -48(tp)
core   0: 3 0x80001d5e (0xfd020183) x 3 0x00000000 mem 0x80013bf7
core   0: 0x80001d62 (0xfd020583) lb      a1, -48(tp)
core   0: 3 0x80001d62 (0xfd020583) x11 0x00000000 mem 0x80013bf7
core   0: 0x80001d66 (0x38d01b97) auipc   s7, 0x38d01
core   0: 3 0x80001d66 (0x38d01b97) x23 0xb8d02d66
core   0: 0x80001d6a (0x03800f33) mul     t5, zero, s8
core   0: 3 0x80001d6a (0x03800f33) x30 0x00000000
core   0: 0x80001d6e (0xfc620403) lb      s0, -58(tp)
core   0: 3 0x80001d6e (0xfc620403) x 8 0x00000000 mem 0x80013bed
core   0: 0x80001d72 (0xfc620f03) lb      t5, -58(tp)
core   0: 3 0x80001d72 (0xfc620f03) x30 0x00000000 mem 0x80013bed
core   0: 0x80001d76 (0x013214a3) sh      s3, 9(tp)
core   0: 3 0x80001d76 (0x013214a3) mem 0x80013c30 0x0000
core   0: 0x80001d7a (0x00021597) auipc   a1, 0x21
core   0: 3 0x80001d7a (0x00021597) x11 0x80022d7a
core   0: 0x80001d7e (0xe7758593) addi    a1, a1, -393
core   0: 3 0x80001d7e (0xe7758593) x11 0x80022bf1
core   0: 0x80001d82 (0x0001a097) auipc   ra, 0x1a
core   0: 3 0x80001d82 (0x0001a097) x 1 0x8001bd82
core   0: 0x80001d86 (0xf8008093) addi    ra, ra, -128
core   0: 3 0x80001d86 (0xf8008093) x 1 0x8001bd02
core   0: 0x80001d8a (0x0001be17) auipc   t3, 0x1b
core   0: 3 0x80001d8a (0x0001be17) x28 0x8001cd8a
core   0: 0x80001d8e (0x887e0e13) addi    t3, t3, -1913
core   0: 3 0x80001d8e (0x887e0e13) x28 0x8001c611
core   0: 0x80001d92 (0xfdd58523) sb      t4, -54(a1)
core   0: 3 0x80001d92 (0xfdd58523) mem 0x80022bbb 0x0
core   0: 0x80001d96 (0x0001d817) auipc   a6, 0x1d
core   0: 3 0x80001d96 (0x0001d817) x16 0x8001ed96
core   0: 0x80001d9a (0x48680813) addi    a6, a6, 1158
core   0: 3 0x80001d9a (0x48680813) x16 0x8001f21c
core   0: 0x80001d9e (0x72308da3) sb      gp, 1851(ra)
core   0: 3 0x80001d9e (0x72308da3) mem 0x8001c43d 0x0
core   0: 0x80001da2 (0x0001b197) auipc   gp, 0x1b
core   0: 3 0x80001da2 (0x0001b197) x 3 0x8001cda2
core   0: 0x80001da6 (0x82e18193) addi    gp, gp, -2002
core   0: 3 0x80001da6 (0x82e18193) x 3 0x8001c5d0
core   0: 0x80001daa (0xf1b18403) lb      s0, -229(gp)
core   0: 3 0x80001daa (0xf1b18403) x 8 0x00000000 mem 0x8001c4eb
core   0: 0x80001dae (0xe050cc83) lbu     s9, -507(ra)
core   0: 3 0x80001dae (0xe050cc83) x25 0x00000000 mem 0x8001bb07
core   0: 0x80001db2 (0x00408d83) lb      s11, 4(ra)
core   0: 3 0x80001db2 (0x00408d83) x27 0x00000000 mem 0x8001bd06
core   0: 0x80001db6 (0xff7e0703) lb      a4, -9(t3)
core   0: 3 0x80001db6 (0xff7e0703) x14 0x00000000 mem 0x8001c608
core   0: 0x80001dba (0xfc85c403) lbu     s0, -56(a1)
core   0: 3 0x80001dba (0xfc85c403) x 8 0x00000000 mem 0x80022bb9
core   0: 0x80001dbe (0x07419103) lh      sp, 116(gp)
core   0: 3 0x80001dbe (0x07419103) x 2 0x00000000 mem 0x8001c644
core   0: 0x80001dc2 (0x09881283) lh      t0, 152(a6)
core   0: 3 0x80001dc2 (0x09881283) x 5 0x00000000 mem 0x8001f2b4
core   0: 0x80001dc6 (0x01f58703) lb      a4, 31(a1)
core   0: 3 0x80001dc6 (0x01f58703) x14 0x00000000 mem 0x80022c10
core   0: 0x80001dca (0xe170c983) lbu     s3, -489(ra)
core   0: 3 0x80001dca (0xe170c983) x19 0x00000000 mem 0x8001bb19
core   0: 0x80001dce (0x68f84c03) lbu     s8, 1679(a6)
core   0: 3 0x80001dce (0x68f84c03) x24 0x00000000 mem 0x8001f8ab
core   0: 0x80001dd2 (0xfc2e2fa3) sw      sp, -33(t3)
core   0: 3 0x80001dd2 (0xfc2e2fa3) mem 0x8001c5f0 0x00000000
core   0: 0x80001dd6 (0xfe658b83) lb      s7, -26(a1)
core   0: 3 0x80001dd6 (0xfe658b83) x23 0x00000000 mem 0x80022bd7
core   0: 0x80001dda (0xb14082a3) sb      s4, -1275(ra)
core   0: 3 0x80001dda (0xb14082a3) mem 0x8001b807 0x1
core   0: 0x80001dde (0x0d218403) lb      s0, 210(gp)
core   0: 3 0x80001dde (0x0d218403) x 8 0x00000000 mem 0x8001c6a2
core   0: 0x80001de2 (0xfc05c383) lbu     t2, -64(a1)
core   0: 3 0x80001de2 (0xfc05c383) x 7 0x00000000 mem 0x80022bb1
core   0: 0x80001de6 (0xffb5ac03) lw      s8, -5(a1)
core   0: 3 0x80001de6 (0xffb5ac03) x24 0x00000000 mem 0x80022bec
core   0: 0x80001dea (0xae009783) lh      a5, -1312(ra)
core   0: 3 0x80001dea (0xae009783) x15 0x00000000 mem 0x8001b7e2
core   0: 0x80001dee (0x033e1b83) lh      s7, 51(t3)
core   0: 3 0x80001dee (0x033e1b83) x23 0x00000000 mem 0x8001c644
core   0: 0x80001df2 (0xe3b80b03) lb      s6, -453(a6)
core   0: 3 0x80001df2 (0xe3b80b03) x22 0x00000000 mem 0x8001f057
core   0: 0x80001df6 (0x02e58ca3) sb      a4, 57(a1)
core   0: 3 0x80001df6 (0x02e58ca3) mem 0x80022c2a 0x0
core   0: 0x80001dfa (0xf85e1c83) lh      s9, -123(t3)
core   0: 3 0x80001dfa (0xf85e1c83) x25 0x00000000 mem 0x8001c596
core   0: 0x80001dfe (0x065e1403) lh      s0, 101(t3)
core   0: 3 0x80001dfe (0x065e1403) x 8 0x00000000 mem 0x8001c676
core   0: 0x80001e02 (0x68109d23) sh      ra, 1690(ra)
core   0: 3 0x80001e02 (0x68109d23) mem 0x8001c39c 0xbd02
core   0: 0x80001e06 (0x062e4d83) lbu     s11, 98(t3)
core   0: 3 0x80001e06 (0x062e4d83) x27 0x00000000 mem 0x8001c673
core   0: 0x80001e0a (0x043e19a3) sh      gp, 83(t3)
core   0: 3 0x80001e0a (0x043e19a3) mem 0x8001c664 0xc5d0
core   0: 0x80001e0e (0xce60dd83) lhu     s11, -794(ra)
core   0: 3 0x80001e0e (0xce60dd83) x27 0x00000000 mem 0x8001b9e8
core   0: 0x80001e12 (0xfeae0e23) sb      a0, -4(t3)
core   0: 3 0x80001e12 (0xfeae0e23) mem 0x8001c60d 0xda
core   0: 0x80001e16 (0x0d018c23) sb      a6, 216(gp)
core   0: 3 0x80001e16 (0x0d018c23) mem 0x8001c6a8 0x1c
core   0: 0x80001e1a (0xfb109023) sh      a7, -96(ra)
core   0: 3 0x80001e1a (0xfb109023) mem 0x8001bca2 0x0000
core   0: 0x80001e1e (0x01059aa3) sh      a6, 21(a1)
core   0: 3 0x80001e1e (0x01059aa3) mem 0x80022c06 0xf21c
core   0: 0x80001e22 (0x25281103) lh      sp, 594(a6)
core   0: 3 0x80001e22 (0x25281103) x 2 0x00000000 mem 0x8001f46e
core   0: 0x80001e26 (0x16281823) sh      sp, 368(a6)
core   0: 3 0x80001e26 (0x16281823) mem 0x8001f38c 0x0000
core   0: 0x80001e2a (0xf56e08a3) sb      s6, -175(t3)
core   0: 3 0x80001e2a (0xf56e08a3) mem 0x8001c562 0x0
core   0: 0x80001e2e (0xf8718aa3) sb      t2, -107(gp)
core   0: 3 0x80001e2e (0xf8718aa3) mem 0x8001c565 0x0
core   0: 0x80001e32 (0xfe35dc03) lhu     s8, -29(a1)
core   0: 3 0x80001e32 (0xfe35dc03) x24 0x00000000 mem 0x80022bd4
core   0: 0x80001e36 (0x02ae0e83) lb      t4, 42(t3)
core   0: 3 0x80001e36 (0x02ae0e83) x29 0x00000000 mem 0x8001c63b
core   0: 0x80001e3a (0x02718e83) lb      t4, 39(gp)
core   0: 3 0x80001e3a (0x02718e83) x29 0x00000000 mem 0x8001c5f7
core   0: 0x80001e3e (0x00012717) auipc   a4, 0x12
core   0: 3 0x80001e3e (0x00012717) x14 0x80013e3e
core   0: 0x80001e42 (0xdf770713) addi    a4, a4, -521
core   0: 3 0x80001e42 (0xdf770713) x14 0x80013c35
core   0: 0x80001e46 (0x00014817) auipc   a6, 0x14
core   0: 3 0x80001e46 (0x00014817) x16 0x80015e46
core   0: 0x80001e4a (0x8da80813) addi    a6, a6, -1830
core   0: 3 0x80001e4a (0x8da80813) x16 0x80015720
core   0: 0x80001e4e (0xe0e81883) lh      a7, -498(a6)
core   0: 3 0x80001e4e (0xe0e81883) x17 0x00000000 mem 0x8001552e
core   0: 0x80001e52 (0x0cc85083) lhu     ra, 204(a6)
core   0: 3 0x80001e52 (0x0cc85083) x 1 0x00000000 mem 0x800157ec
core   0: 0x80001e56 (0xfa880183) lb      gp, -88(a6)
core   0: 3 0x80001e56 (0xfa880183) x 3 0x00000000 mem 0x800156c8
core   0: 0x80001e5a (0xfde74383) lbu     t2, -34(a4)
core   0: 3 0x80001e5a (0xfde74383) x 7 0x00000000 mem 0x80013c13
core   0: 0x80001e5e (0x17b84f83) lbu     t6, 379(a6)
core   0: 3 0x80001e5e (0x17b84f83) x31 0x00000000 mem 0x8001589b
core   0: 0x80001e62 (0x01070c03) lb      s8, 16(a4)
core   0: 3 0x80001e62 (0x01070c03) x24 0x00000000 mem 0x80013c45
core   0: 0x80001e66 (0xa6a81083) lh      ra, -1430(a6)
core   0: 3 0x80001e66 (0xa6a81083) x 1 0x00000000 mem 0x8001518a
core   0: 0x80001e6a (0xfee70b03) lb      s6, -18(a4)
core   0: 3 0x80001e6a (0xfee70b03) x22 0x00000000 mem 0x80013c23
core   0: 0x80001e6e (0xfc070a83) lb      s5, -64(a4)
core   0: 3 0x80001e6e (0xfc070a83) x21 0x00000000 mem 0x80013bf5
core   0: 0x80001e72 (0xfb2800a3) sb      s2, -95(a6)
core   0: 3 0x80001e72 (0xfb2800a3) mem 0x800156c1 0xe4
core   0: 0x80001e76 (0x03b70003) lb      zero, 59(a4)
core   0: 3 0x80001e76 (0x03b70003) mem 0x80013c70
core   0: 0x80001e7a (0x00012117) auipc   sp, 0x12
core   0: 3 0x80001e7a (0x00012117) x 2 0x80013e7a
core   0: 0x80001e7e (0x18310113) addi    sp, sp, 387
core   0: 3 0x80001e7e (0x18310113) x 2 0x80013ffd
core   0: 0x80001e82 (0xfe910183) lb      gp, -23(sp)
core   0: 3 0x80001e82 (0xfe910183) x 3 0x00000000 mem 0x80013fe6
core   0: 0x80001e86 (0x01610583) lb      a1, 22(sp)
core   0: 3 0x80001e86 (0x01610583) x11 0x00000000 mem 0x80014013
core   0: 0x80001e8a (0x0ff0000f) fence   iorw,iorw
core   0: 3 0x80001e8a (0x0ff0000f)
core   0: 0x80001e8e (0x00008d8d) c.sub   a1, a1
core   0: 3 0x80001e8e (0x8d8d) x11 0x00000000
core   0: 0x80001e90 (0x9fdefd13) andi    s10, t4, -1539
core   0: 3 0x80001e90 (0x9fdefd13) x26 0x00000000
core   0: 0x80001e94 (0xfc814d83) lbu     s11, -56(sp)
core   0: 3 0x80001e94 (0xfc814d83) x27 0x00000000 mem 0x80013fc5
core   0: 0x80001e98 (0x02658cb3) mul     s9, a1, t1
core   0: 3 0x80001e98 (0x02658cb3) x25 0x00000000
core   0: 0x80001e9c (0x0350a433) mulhsu  s0, ra, s5
core   0: 3 0x80001e9c (0x0350a433) x 8 0x00000000
core   0: 0x80001ea0 (0x00511ca3) sh      t0, 25(sp)
core   0: 3 0x80001ea0 (0x00511ca3) mem 0x80014016 0x0000
core   0: 0x80001ea4 (0xfd810da3) sb      s8, -37(sp)
core   0: 3 0x80001ea4 (0xfd810da3) mem 0x80013fd8 0x0
core   0: 0x80001ea8 (0x00008e25) c.xor   a2, s1
core   0: 3 0x80001ea8 (0x8e25) x12 0x80028e64
core   0: 0x80001eaa (0x03415a33) divu    s4, sp, s4
core   0: 3 0x80001eaa (0x03415a33) x20 0x80013ffd
core   0: 0x80001eae (0x01e39d33) sll     s10, t2, t5
core   0: 3 0x80001eae (0x01e39d33) x26 0x00000000
core   0: 0x80001eb2 (0x01aa2b33) slt     s6, s4, s10
core   0: 3 0x80001eb2 (0x01aa2b33) x22 0x00000001
core   0: 0x80001eb6 (0x0ff0000f) fence   iorw,iorw
core   0: 3 0x80001eb6 (0x0ff0000f)
core   0: 0x80001eba (0x00008eb9) c.xor   a3, a4
core   0: 3 0x80001eba (0x8eb9) x13 0x80013c35
core   0: 0x80001ebc (0x02a8ecb3) rem     s9, a7, a0
core   0: 3 0x80001ebc (0x02a8ecb3) x25 0x00000000
core   0: 0x80001ec0 (0x000067b5) c.lui   a5, 0xd
core   0: 3 0x80001ec0 (0x67b5) x15 0x0000d000
core   0: 0x80001ec2 (0x02214703) lbu     a4, 34(sp)
core   0: 3 0x80001ec2 (0x02214703) x14 0x00000000 mem 0x8001401f
core   0: 0x80001ec6 (0xe0157093) andi    ra, a0, -511
core   0: 3 0x80001ec6 (0xe0157093) x 1 0xfd3e2000
core   0: 0x80001eca (0x01c14783) lbu     a5, 28(sp)
core   0: 3 0x80001eca (0x01c14783) x15 0x00000000 mem 0x80014019
core   0: 0x80001ece (0x02a10b23) sb      a0, 54(sp)
core   0: 3 0x80001ece (0x02a10b23) mem 0x80014033 0xda
core   0: 0x80001ed2 (0x02d125a3) sw      a3, 43(sp)
core   0: 3 0x80001ed2 (0x02d125a3) mem 0x80014028 0x80013c35
core   0: 0x80001ed6 (0x0000987d) c.andi  s0, -1
core   0: 3 0x80001ed6 (0x987d) x 8 0x00000000
core   0: 0x80001ed8 (0x00a4db33) srl     s6, s1, a0
core   0: 3 0x80001ed8 (0x00a4db33) x22 0x00000020
core   0: 0x80001edc (0xeed88693) addi    a3, a7, -275
core   0: 3 0x80001edc (0xeed88693) x13 0xfffffeed
core   0: 0x80001ee0 (0x00410e03) lb      t3, 4(sp)
core   0: 3 0x80001ee0 (0x00410e03) x28 0x00000000 mem 0x80014001
core   0: 0x80001ee4 (0x00b275b3) and     a1, tp, a1
core   0: 3 0x80001ee4 (0x00b275b3) x11 0x00000000
core   0: 0x80001ee8 (0x03710b23) sb      s7, 54(sp)
core   0: 3 0x80001ee8 (0x03710b23) mem 0x80014033 0x0
core   0: 0x80001eec (0x00009fba) c.add   t6, a4
core   0: 3 0x80001eec (0x9fba) x31 0x00000000
core   0: 0x80001eee (0xff110b23) sb      a7, -10(sp)
core   0: 3 0x80001eee (0xff110b23) mem 0x80013ff3 0x0
core   0: 0x80001ef2 (0xe7c77417) auipc   s0, 0xe7c77
core   0: 3 0x80001ef2 (0xe7c77417) x 8 0x67c78ef2
core   0: 0x80001ef6 (0x00008c11) c.sub   s0, a2
core   0: 3 0x80001ef6 (0x8c11) x 8 0xe7c5008e
core   0: 0x80001ef8 (0xfcd10f23) sb      a3, -34(sp)
core   0: 3 0x80001ef8 (0xfcd10f23) mem 0x80013fdb 0xed
core   0: 0x80001efc (0x02cb0633) mul     a2, s6, a2
core   0: 3 0x80001efc (0x02cb0633) x12 0x0051cc80
core   0: 0x80001f00 (0x00008451) c.srai  s0, 20
core   0: 3 0x80001f00 (0x8451) x 8 0xfffffe7c
core   0: 0x80001f02 (0x409c0f33) sub     t5, s8, s1
core   0: 3 0x80001f02 (0x409c0f33) x30 0x7ffd719c
core   0: 0x80001f06 (0xb865c017) auipc   zero, 0xb865c
core   0: 3 0x80001f06 (0xb865c017)
core   0: 0x80001f0a (0x740c8897) auipc   a7, 0x740c8
core   0: 3 0x80001f0a (0x740c8897) x17 0xf40c9f0a
core   0: 0x80001f0e (0x02450733) mul     a4, a0, tp
core   0: 3 0x80001f0e (0x02450733) x14 0x46404036
core   0: 0x80001f12 (0x02fe3833) mulhu   a6, t3, a5
core   0: 3 0x80001f12 (0x02fe3833) x16 0x00000000
core   0: 0x80001f16 (0x03532233) mulhsu  tp, t1, s5
core   0: 3 0x80001f16 (0x03532233) x 4 0x00000000
core   0: 0x80001f1a (0x00515c83) lhu     s9, 5(sp)
core   0: 3 0x80001f1a (0x00515c83) x25 0x00000000 mem 0x80014002
core   0: 0x80001f1e (0x00020097) auipc   ra, 0x20
core   0: 3 0x80001f1e (0x00020097) x 1 0x80021f1e
core   0: 0x80001f22 (0xdfe08093) addi    ra, ra, -514
core   0: 3 0x80001f22 (0xdfe08093) x 1 0x80021d1c
core   0: 0x80001f26 (0x01708723) sb      s7, 14(ra)
core   0: 3 0x80001f26 (0x01708723) mem 0x80021d2a 0x0
core   0: 0x80001f2a (0xfe408f23) sb      tp, -2(ra)
core   0: 3 0x80001f2a (0xfe408f23) mem 0x80021d1a 0x0
core   0: 0x80001f2e (0xff208d23) sb      s2, -6(ra)
core   0: 3 0x80001f2e (0xff208d23) mem 0x80021d16 0xe4
core   0: 0x80001f32 (0xffa08703) lb      a4, -6(ra)
core   0: 3 0x80001f32 (0xffa08703) x14 0xffffffe4 mem 0x80021d16
core   0: 0x80001f36 (0xff909923) sh      s9, -14(ra)
core   0: 3 0x80001f36 (0xff909923) mem 0x80021d0e 0x0000
core   0: 0x80001f3a (0x00001c80) c.addi4spn s0, sp, 624
core   0: 3 0x80001f3a (0x1c80) x 8 0x8001426d
core   0: 0x80001f3c (0x0142e733) or      a4, t0, s4
core   0: 3 0x80001f3c (0x0142e733) x14 0x80013ffd
core   0: 0x80001f40 (0xfe208923) sb      sp, -14(ra)
core   0: 3 0x80001f40 (0xfe208923) mem 0x80021d0e 0xfd
core   0: 0x80001f44 (0xffc08c03) lb      s8, -4(ra)
core   0: 3 0x80001f44 (0xffc08c03) x24 0x00000000 mem 0x80021d18
core   0: 0x80001f48 (0x01706eb3) or      t4, zero, s7
core   0: 3 0x80001f48 (0x01706eb3) x29 0x00000000
core   0: 0x80001f4c (0xff8088a3) sb      s8, -15(ra)
core   0: 3 0x80001f4c (0xff8088a3) mem 0x80021d0d 0x0
core   0: 0x80001f50 (0xff408583) lb      a1, -12(ra)
core   0: 3 0x80001f50 (0xff408583) x11 0x00000000 mem 0x80021d10
core   0: 0x80001f54 (0xff60cb03) lbu     s6, -10(ra)
core   0: 3 0x80001f54 (0xff60cb03) x22 0x00000000 mem 0x80021d12
core   0: 0x80001f58 (0x02971eb3) mulh    t4, a4, s1
core   0: 3 0x80001f58 (0x02971eb3) x29 0x3ffe18d2
core   0: 0x80001f5c (0x0000a683) lw      a3, 0(ra)
core   0: 3 0x80001f5c (0x0000a683) x13 0x00000000 mem 0x80021d1c
core   0: 0x80001f60 (0x0080cc03) lbu     s8, 8(ra)
core   0: 3 0x80001f60 (0x0080cc03) x24 0x00000000 mem 0x80021d24
core   0: 0x80001f64 (0x0d6ae593) ori     a1, s5, 214
core   0: 3 0x80001f64 (0x0d6ae593) x11 0x000000d6
core   0: 0x80001f68 (0x01509423) sh      s5, 8(ra)
core   0: 3 0x80001f68 (0x01509423) mem 0x80021d24 0x0000
core   0: 0x80001f6c (0x0ff0000f) fence   iorw,iorw
core   0: 3 0x80001f6c (0x0ff0000f)
core   0: 0x80001f70 (0x0030ce83) lbu     t4, 3(ra)
core   0: 3 0x80001f70 (0x0030ce83) x29 0x00000000 mem 0x80021d1f
core   0: 0x80001f74 (0x01b085a3) sb      s11, 11(ra)
core   0: 3 0x80001f74 (0x01b085a3) mem 0x80021d27 0x0
core   0: 0x80001f78 (0x028d6db3) rem     s11, s10, s0
core   0: 3 0x80001f78 (0x028d6db3) x27 0x00000000
core   0: 0x80001f7c (0x00908183) lb      gp, 9(ra)
core   0: 3 0x80001f7c (0x00908183) x 3 0x00000000 mem 0x80021d25
core   0: 0x80001f80 (0xff108983) lb      s3, -15(ra)
core   0: 3 0x80001f80 (0xff108983) x19 0x00000000 mem 0x80021d0d
core   0: 0x80001f84 (0xff10c183) lbu     gp, -15(ra)
core   0: 3 0x80001f84 (0xff10c183) x 3 0x00000000 mem 0x80021d0d
core   0: 0x80001f88 (0x00d0c203) lbu     tp, 13(ra)
core   0: 3 0x80001f88 (0x00d0c203) x 4 0x00000000 mem 0x80021d29
core   0: 0x80001f8c (0x00017717) auipc   a4, 0x17
core   0: 3 0x80001f8c (0x00017717) x14 0x80018f8c
core   0: 0x80001f90 (0xb7270713) addi    a4, a4, -1166
core   0: 3 0x80001f90 (0xb7270713) x14 0x80018afe
core   0: 0x80001f94 (0x02970e03) lb      t3, 41(a4)
core   0: 3 0x80001f94 (0x02970e03) x28 0x00000000 mem 0x80018b27
core   0: 0x80001f98 (0x2343ba93) sltiu   s5, t2, 564
core   0: 3 0x80001f98 (0x2343ba93) x21 0x00000001
core   0: 0x80001f9c (0x02970583) lb      a1, 41(a4)
core   0: 3 0x80001f9c (0x02970583) x11 0x00000000 mem 0x80018b27
core   0: 0x80001fa0 (0x02974883) lbu     a7, 41(a4)
core   0: 3 0x80001fa0 (0x02974883) x17 0x00000000 mem 0x80018b27
core   0: 0x80001fa4 (0x02974e83) lbu     t4, 41(a4)
core   0: 3 0x80001fa4 (0x02974e83) x29 0x00000000 mem 0x80018b27
core   0: 0x80001fa8 (0xfc9704a3) sb      s1, -55(a4)
core   0: 3 0x80001fa8 (0xfc9704a3) mem 0x80018ac7 0x64
core   0: 0x80001fac (0xfcc74403) lbu     s0, -52(a4)
core   0: 3 0x80001fac (0xfcc74403) x 8 0x00000000 mem 0x80018aca
core   0: 0x80001fb0 (0x03770623) sb      s7, 44(a4)
core   0: 3 0x80001fb0 (0x03770623) mem 0x80018b2a 0x0
core   0: 0x80001fb4 (0xfc974783) lbu     a5, -55(a4)
core   0: 3 0x80001fb4 (0xfc974783) x15 0x00000064 mem 0x80018ac7
core   0: 0x80001fb8 (0xfc070683) lb      a3, -64(a4)
core   0: 3 0x80001fb8 (0xfc070683) x13 0x00000000 mem 0x80018abe
core   0: 0x80001fbc (0x02bd7db3) remu    s11, s10, a1
core   0: 3 0x80001fbc (0x02bd7db3) x27 0x00000000
core   0: 0x80001fc0 (0x2e314b13) xori    s6, sp, 739
core   0: 3 0x80001fc0 (0x2e314b13) x22 0x80013d1e
core   0: 0x80001fc4 (0x03ca5bb3) divu    s7, s4, t3
core   0: 3 0x80001fc4 (0x03ca5bb3) x23 0xffffffff
core   0: 0x80001fc8 (0xa13c3093) sltiu   ra, s8, -1517
core   0: 3 0x80001fc8 (0xa13c3093) x 1 0x00000001
core   0: 0x80001fcc (0xfed70c83) lb      s9, -19(a4)
core   0: 3 0x80001fcc (0xfed70c83) x25 0x00000000 mem 0x80018aeb
core   0: 0x80001fd0 (0x020e7133) remu    sp, t3, zero
core   0: 3 0x80001fd0 (0x020e7133) x 2 0x00000000
core   0: 0x80001fd4 (0xfe974b03) lbu     s6, -23(a4)
core   0: 3 0x80001fd4 (0xfe974b03) x22 0x00000000 mem 0x80018ae7
core   0: 0x80001fd8 (0x01374003) lbu     zero, 19(a4)
core   0: 3 0x80001fd8 (0x01374003) mem 0x80018b11
core   0: 0x80001fdc (0xfe174f03) lbu     t5, -31(a4)
core   0: 3 0x80001fdc (0xfe174f03) x30 0x00000000 mem 0x80018adf
core   0: 0x80001fe0 (0x419a5113) srai    sp, s4, 25
core   0: 3 0x80001fe0 (0x419a5113) x 2 0xffffffc0
core   0: 0x80001fe4 (0xfd0706a3) sb      a6, -51(a4)
core   0: 3 0x80001fe4 (0xfd0706a3) mem 0x80018acb 0x0
core   0: 0x80001fe8 (0x00012e17) auipc   t3, 0x12
core   0: 3 0x80001fe8 (0x00012e17) x28 0x80013fe8
core   0: 0x80001fec (0xb80e0e13) addi    t3, t3, -1152
core   0: 3 0x80001fec (0xb80e0e13) x28 0x80013b68
core   0: 0x80001ff0 (0xf91e4303) lbu     t1, -111(t3)
core   0: 3 0x80001ff0 (0xf91e4303) x 6 0x00000000 mem 0x80013af9
core   0: 0x80001ff4 (0x023791b3) mulh    gp, a5, gp
core   0: 3 0x80001ff4 (0x023791b3) x 3 0x00000000
core   0: 0x80001ff8 (0xf91e0183) lb      gp, -111(t3)
core   0: 3 0x80001ff8 (0xf91e0183) x 3 0x00000000 mem 0x80013af9
core   0: 0x80001ffc (0xf95e08a3) sb      s5, -111(t3)
core   0: 3 0x80001ffc (0xf95e08a3) mem 0x80013af9 0x1
core   0: 0x80002000 (0xf78e09a3) sb      s8, -141(t3)
core   0: 3 0x80002000 (0xf78e09a3) mem 0x80013adb 0x0
core   0: 0x80002004 (0xf73e4203) lbu     tp, -141(t3)
core   0: 3 0x80002004 (0xf73e4203) x 4 0x00000000 mem 0x80013adb
core   0: 0x80002008 (0xf73e0a03) lb      s4, -141(t3)
core   0: 3 0x80002008 (0xf73e0a03) x20 0x00000000 mem 0x80013adb
core   0: 0x8000200c (0xf73e4703) lbu     a4, -141(t3)
core   0: 3 0x8000200c (0xf73e4703) x14 0x00000000 mem 0x80013adb
core   0: 0x80002010 (0x04be0c03) lb      s8, 75(t3)
core   0: 3 0x80002010 (0x04be0c03) x24 0x00000000 mem 0x80013bb3
core   0: 0x80002014 (0x04be0b03) lb      s6, 75(t3)
core   0: 3 0x80002014 (0x04be0b03) x22 0x00000000 mem 0x80013bb3
core   0: 0x80002018 (0x057e1323) sh      s7, 70(t3)
core   0: 3 0x80002018 (0x057e1323) mem 0x80013bae 0xffff
core   0: 0x8000201c (0x00c7abb3) slt     s7, a5, a2
core   0: 3 0x8000201c (0x00c7abb3) x23 0x00000001
core   0: 0x80002020 (0x046e0323) sb      t1, 70(t3)
core   0: 3 0x80002020 (0x046e0323) mem 0x80013bae 0x0
core   0: 0x80002024 (0x00012097) auipc   ra, 0x12
core   0: 3 0x80002024 (0x00012097) x 1 0x80014024
core   0: 0x80002028 (0xc3508093) addi    ra, ra, -971
core   0: 3 0x80002028 (0xc3508093) x 1 0x80013c59
core   0: 0x8000202c (0x00a08683) lb      a3, 10(ra)
core   0: 3 0x8000202c (0x00a08683) x13 0x00000000 mem 0x80013c63
core   0: 0x80002030 (0x00a08283) lb      t0, 10(ra)
core   0: 3 0x80002030 (0x00a08283) x 5 0x00000000 mem 0x80013c63
core   0: 0x80002034 (0x00808603) lb      a2, 8(ra)
core   0: 3 0x80002034 (0x00808603) x12 0x00000000 mem 0x80013c61
core   0: 0x80002038 (0x0040c803) lbu     a6, 4(ra)
core   0: 3 0x80002038 (0x0040c803) x16 0x00000033 mem 0x80013c5d
core   0: 0x8000203c (0x00d09583) lh      a1, 13(ra)
core   0: 3 0x8000203c (0x00d09583) x11 0x00000000 mem 0x80013c66
core   0: 0x80002040 (0x00fa1333) sll     t1, s4, a5
core   0: 3 0x80002040 (0x00fa1333) x 6 0x00000000
core   0: 0x80002044 (0xff10cb83) lbu     s7, -15(ra)
core   0: 3 0x80002044 (0xff10cb83) x23 0x00000000 mem 0x80013c4a
core   0: 0x80002048 (0xff10d783) lhu     a5, -15(ra)
core   0: 3 0x80002048 (0xff10d783) x15 0x00000000 mem 0x80013c4a
core   0: 0x8000204c (0x000085fa) c.mv    a1, t5
core   0: 3 0x8000204c (0x85fa) x11 0x00000000
core   0: 0x8000204e (0xfef088a3) sb      a5, -15(ra)
core   0: 3 0x8000204e (0xfef088a3) mem 0x80013c4a 0x0
core   0: 0x80002052 (0x03bf7733) remu    a4, t5, s11
core   0: 3 0x80002052 (0x03bf7733) x14 0x00000000
core   0: 0x80002056 (0x0010da03) lhu     s4, 1(ra)
core   0: 3 0x80002056 (0x0010da03) x20 0x00000000 mem 0x80013c5a
core   0: 0x8000205a (0x01a090a3) sh      s10, 1(ra)
core   0: 3 0x8000205a (0x01a090a3) mem 0x80013c5a 0x0000
core   0: 0x8000205e (0xffc0c683) lbu     a3, -4(ra)
core   0: 3 0x8000205e (0xffc0c683) x13 0x00000000 mem 0x80013c55
core   0: 0x80002062 (0xffb08e23) sb      s11, -4(ra)
core   0: 3 0x80002062 (0xffb08e23) mem 0x80013c55 0x0
core   0: 0x80002066 (0xffc0c683) lbu     a3, -4(ra)
core   0: 3 0x80002066 (0xffc0c683) x13 0x00000000 mem 0x80013c55
core   0: 0x8000206a (0x0070d003) lhu     zero, 7(ra)
core   0: 3 0x8000206a (0x0070d003) mem 0x80013c60
core   0: 0x8000206e (0x00709f83) lh      t6, 7(ra)
core   0: 3 0x8000206e (0x00709f83) x31 0x00000000 mem 0x80013c60
core   0: 0x80002072 (0xff208f23) sb      s2, -2(ra)
core   0: 3 0x80002072 (0xff208f23) mem 0x80013c57 0xe4
core   0: 0x80002076 (0xffa08883) lb      a7, -6(ra)
core   0: 3 0x80002076 (0xffa08883) x17 0x00000000 mem 0x80013c53
core   0: 0x8000207a (0x00309e83) lh      t4, 3(ra)
core   0: 3 0x8000207a (0x00309e83) x29 0x000033b5 mem 0x80013c5c
core   0: 0x8000207e (0x00011117) auipc   sp, 0x11
core   0: 3 0x8000207e (0x00011117) x 2 0x8001307e
core   0: 0x80002082 (0x08810113) addi    sp, sp, 136
core   0: 3 0x80002082 (0x08810113) x 2 0x80013106
core   0: 0x80002086 (0x0b010403) lb      s0, 176(sp)
core   0: 3 0x80002086 (0x0b010403) x 8 0x00000000 mem 0x800131b6
core   0: 0x8000208a (0x7260ca93) xori    s5, ra, 1830
core   0: 3 0x8000208a (0x7260ca93) x21 0x80013b7f
core   0: 0x8000208e (0x089106a3) sb      s1, 141(sp)
core   0: 3 0x8000208e (0x089106a3) mem 0x80013193 0x64
core   0: 0x80002092 (0xfb215583) lhu     a1, -78(sp)
core   0: 3 0x80002092 (0xfb215583) x11 0x00000000 mem 0x800130b8
core   0: 0x80002096 (0x00cccd33) xor     s10, s9, a2
core   0: 3 0x80002096 (0x00cccd33) x26 0x00000000
core   0: 0x8000209a (0x03cadb33) divu    s6, s5, t3
core   0: 3 0x8000209a (0x03cadb33) x22 0x00000001
core   0: 0x8000209e (0x00111923) sh      ra, 18(sp)
core   0: 3 0x8000209e (0x00111923) mem 0x80013118 0x3c59
core   0: 0x800020a2 (0x0ff0000f) fence   iorw,iorw
core   0: 3 0x800020a2 (0x0ff0000f)
core   0: 0x800020a6 (0x01310923) sb      s3, 18(sp)
core   0: 3 0x800020a6 (0x01310923) mem 0x80013118 0x0
core   0: 0x800020aa (0xfff14003) lbu     zero, -1(sp)
core   0: 3 0x800020aa (0xfff14003) mem 0x80013105
core   0: 0x800020ae (0xfff10f03) lb      t5, -1(sp)
core   0: 3 0x800020ae (0xfff10f03) x30 0x00000000 mem 0x80013105
core   0: 0x800020b2 (0xfff14083) lbu     ra, -1(sp)
core   0: 3 0x800020b2 (0xfff14083) x 1 0x00000000 mem 0x80013105
core   0: 0x800020b6 (0x03811583) lh      a1, 56(sp)
core   0: 3 0x800020b6 (0x03811583) x11 0x00000000 mem 0x8001313e
core   0: 0x800020ba (0x09111723) sh      a7, 142(sp)
core   0: 3 0x800020ba (0x09111723) mem 0x80013194 0x0000
core   0: 0x800020be (0xfa611703) lh      a4, -90(sp)
core   0: 3 0x800020be (0xfa611703) x14 0x00000000 mem 0x800130ac
core   0: 0x800020c2 (0xfaf11323) sh      a5, -90(sp)
core   0: 3 0x800020c2 (0xfaf11323) mem 0x800130ac 0x0000
core   0: 0x800020c6 (0xf9914683) lbu     a3, -103(sp)
core   0: 3 0x800020c6 (0xf9914683) x13 0x00000000 mem 0x8001309f
core   0: 0x800020ca (0x03a107a3) sb      s10, 47(sp)
core   0: 3 0x800020ca (0x03a107a3) mem 0x80013135 0x0
core   0: 0x800020ce (0x06b10d03) lb      s10, 107(sp)
core   0: 3 0x800020ce (0x06b10d03) x26 0x00000000 mem 0x80013171
core   0: 0x800020d2 (0x0d514e83) lbu     t4, 213(sp)
core   0: 3 0x800020d2 (0x0d514e83) x29 0x00000000 mem 0x800131db
core   0: 0x800020d6 (0x0d510683) lb      a3, 213(sp)
core   0: 3 0x800020d6 (0x0d510683) x13 0x00000000 mem 0x800131db
core   0: 0x800020da (0x01211683) lh      a3, 18(sp)
core   0: 3 0x800020da (0x01211683) x13 0x00003c00 mem 0x80013118
core   0: 0x800020de (0x01c79bb3) sll     s7, a5, t3
core   0: 3 0x800020de (0x01c79bb3) x23 0x00000000
core   0: 0x800020e2 (0x0e510f83) lb      t6, 229(sp)
core   0: 3 0x800020e2 (0x0e510f83) x31 0x00000000 mem 0x800131eb
core   0: 0x800020e6 (0x0ec102a3) sb      a2, 229(sp)
core   0: 3 0x800020e6 (0x0ec102a3) mem 0x800131eb 0x0
core   0: 0x800020ea (0x00021a97) auipc   s5, 0x21
core   0: 3 0x800020ea (0x00021a97) x21 0x800230ea
core   0: 0x800020ee (0x486a8a93) addi    s5, s5, 1158
core   0: 3 0x800020ee (0x486a8a93) x21 0x80023570
core   0: 0x800020f2 (0x0001a397) auipc   t2, 0x1a
core   0: 3 0x800020f2 (0x0001a397) x 7 0x8001c0f2
core   0: 0x800020f6 (0x72138393) addi    t2, t2, 1825
core   0: 3 0x800020f6 (0x72138393) x 7 0x8001c813
core   0: 0x800020fa (0x009a8883) lb      a7, 9(s5)
core   0: 3 0x800020fa (0x009a8883) x17 0x00000000 mem 0x80023579
core   0: 0x800020fe (0xff4aad83) lw      s11, -12(s5)
core   0: 3 0x800020fe (0xff4aad83) x27 0x00000000 mem 0x80023564
core   0: 0x80002102 (0xffb3d783) lhu     a5, -5(t2)
core   0: 3 0x80002102 (0xffb3d783) x15 0x00000000 mem 0x8001c80e
core   0: 0x80002106 (0x00a3c583) lbu     a1, 10(t2)
core   0: 3 0x80002106 (0x00a3c583) x11 0x00000000 mem 0x8001c81d
core   0: 0x8000210a (0x00c38003) lb      zero, 12(t2)
core   0: 3 0x8000210a (0x00c38003) mem 0x8001c81f
core   0: 0x8000210e (0x00f39803) lh      a6, 15(t2)
core   0: 3 0x8000210e (0x00f39803) x16 0x00000000 mem 0x8001c822
core   0: 0x80002112 (0xfffa9d23) sh      t6, -6(s5)
core   0: 3 0x80002112 (0xfffa9d23) mem 0x8002356a 0x0000
core   0: 0x80002116 (0xff2a9603) lh      a2, -14(s5)
core   0: 3 0x80002116 (0xff2a9603) x12 0x00000000 mem 0x80023562
core   0: 0x8000211a (0x011395a3) sh      a7, 11(t2)
core   0: 3 0x8000211a (0x011395a3) mem 0x8001c81e 0x0000
core   0: 0x8000211e (0x002a9583) lh      a1, 2(s5)
core   0: 3 0x8000211e (0x002a9583) x11 0x00000000 mem 0x80023572
core   0: 0x80002122 (0xffb38f23) sb      s11, -2(t2)
core   0: 3 0x80002122 (0xffb38f23) mem 0x8001c811 0x0
core   0: 0x80002126 (0x00238803) lb      a6, 2(t2)
core   0: 3 0x80002126 (0x00238803) x16 0x00000000 mem 0x8001c815
core   0: 0x8000212a (0x00e3c403) lbu     s0, 14(t2)
core   0: 3 0x8000212a (0x00e3c403) x 8 0x00000000 mem 0x8001c821
core   0: 0x8000212e (0xfee38f23) sb      a4, -2(t2)
core   0: 3 0x8000212e (0xfee38f23) mem 0x8001c811 0x0
core   0: 0x80002132 (0xff7acf83) lbu     t6, -9(s5)
core   0: 3 0x80002132 (0xff7acf83) x31 0x00000000 mem 0x80023567
core   0: 0x80002136 (0x00e38883) lb      a7, 14(t2)
core   0: 3 0x80002136 (0x00e38883) x17 0x00000000 mem 0x8001c821
core   0: 0x8000213a (0x00012117) auipc   sp, 0x12
core   0: 3 0x8000213a (0x00012117) x 2 0x8001413a
core   0: 0x8000213e (0xc2c10113) addi    sp, sp, -980
core   0: 3 0x8000213e (0xc2c10113) x 2 0x80013d66
core   0: 0x80002142 (0x00d51613) slli    a2, a0, 13
core   0: 3 0x80002142 (0x00d51613) x12 0xc43b4000
core   0: 0x80002146 (0xff914383) lbu     t2, -7(sp)
core   0: 3 0x80002146 (0xff914383) x 7 0x00000000 mem 0x80013d5f
core   0: 0x8000214a (0xff910d03) lb      s10, -7(sp)
core   0: 3 0x8000214a (0xff910d03) x26 0x00000000 mem 0x80013d5f
core   0: 0x8000214e (0xff914203) lbu     tp, -7(sp)
core   0: 3 0x8000214e (0xff914203) x 4 0x00000000 mem 0x80013d5f
core   0: 0x80002152 (0xffc10ca3) sb      t3, -7(sp)
core   0: 3 0x80002152 (0xffc10ca3) mem 0x80013d5f 0x68
core   0: 0x80002156 (0xfda12303) lw      t1, -38(sp)
core   0: 3 0x80002156 (0xfda12303) x 6 0x00000000 mem 0x80013d40
core   0: 0x8000215a (0xfda11b03) lh      s6, -38(sp)
core   0: 3 0x8000215a (0xfda11b03) x22 0x00000000 mem 0x80013d40
core   0: 0x8000215e (0xfce10d23) sb      a4, -38(sp)
core   0: 3 0x8000215e (0xfce10d23) mem 0x80013d40 0x0
core   0: 0x80002162 (0xfed10b83) lb      s7, -19(sp)
core   0: 3 0x80002162 (0xfed10b83) x23 0x00000000 mem 0x80013d53
core   0: 0x80002166 (0xfed10783) lb      a5, -19(sp)
core   0: 3 0x80002166 (0xfed10783) x15 0x00000000 mem 0x80013d53
core   0: 0x8000216a (0xff3106a3) sb      s3, -19(sp)
core   0: 3 0x8000216a (0xff3106a3) mem 0x80013d53 0x0
core   0: 0x8000216e (0xfed10883) lb      a7, -19(sp)
core   0: 3 0x8000216e (0xfed10883) x17 0x00000000 mem 0x80013d53
core   0: 0x80002172 (0xfed106a3) sb      a3, -19(sp)
core   0: 3 0x80002172 (0xfed106a3) mem 0x80013d53 0x0
core   0: 0x80002176 (0xfc410da3) sb      tp, -37(sp)
core   0: 3 0x80002176 (0xfc410da3) mem 0x80013d41 0x0
core   0: 0x8000217a (0x00011597) auipc   a1, 0x11
core   0: 3 0x8000217a (0x00011597) x11 0x8001317a
core   0: 0x8000217e (0x1d458593) addi    a1, a1, 468
core   0: 3 0x8000217e (0x1d458593) x11 0x8001334e
core   0: 0x80002182 (0x70958f03) lb      t5, 1801(a1)
core   0: 3 0x80002182 (0x70958f03) x30 0x00000000 mem 0x80013a57
core   0: 0x80002186 (0x703584a3) sb      gp, 1801(a1)
core   0: 3 0x80002186 (0x703584a3) mem 0x80013a57 0x0
core   0: 0x8000218a (0x7095c103) lbu     sp, 1801(a1)
core   0: 3 0x8000218a (0x7095c103) x 2 0x00000000 mem 0x80013a57
core   0: 0x8000218e (0x01851113) slli    sp, a0, 24
core   0: 3 0x8000218e (0x01851113) x 2 0xda000000
core   0: 0x80002192 (0x70958e83) lb      t4, 1801(a1)
core   0: 3 0x80002192 (0x70958e83) x29 0x00000000 mem 0x80013a57
core   0: 0x80002196 (0x719584a3) sb      s9, 1801(a1)
core   0: 3 0x80002196 (0x719584a3) mem 0x80013a57 0x0
core   0: 0x8000219a (0x70958703) lb      a4, 1801(a1)
core   0: 3 0x8000219a (0x70958703) x14 0x00000000 mem 0x80013a57
core   0: 0x8000219e (0x701584a3) sb      ra, 1801(a1)
core   0: 3 0x8000219e (0x701584a3) mem 0x80013a57 0x0
core   0: 0x800021a2 (0x19458983) lb      s3, 404(a1)
core   0: 3 0x800021a2 (0x19458983) x19 0x00000000 mem 0x800134e2
core   0: 0x800021a6 (0x2c3586a3) sb      gp, 717(a1)
core   0: 3 0x800021a6 (0x2c3586a3) mem 0x8001361b 0x0
core   0: 0x800021aa (0x2cd58283) lb      t0, 717(a1)
core   0: 3 0x800021aa (0x2cd58283) x 5 0x00000000 mem 0x8001361b
core   0: 0x800021ae (0x00011197) auipc   gp, 0x11
core   0: 3 0x800021ae (0x00011197) x 3 0x800131ae
core   0: 0x800021b2 (0x14d18193) addi    gp, gp, 333
core   0: 3 0x800021b2 (0x14d18193) x 3 0x800132fb
core   0: 0x800021b6 (0x00011417) auipc   s0, 0x11
core   0: 3 0x800021b6 (0x00011417) x 8 0x800131b6
core   0: 0x800021ba (0x00e40413) addi    s0, s0, 14
core   0: 3 0x800021ba (0x00e40413) x 8 0x800131c4
core   0: 0x800021be (0x00011817) auipc   a6, 0x11
core   0: 3 0x800021be (0x00011817) x16 0x800131be
core   0: 0x800021c2 (0x03980813) addi    a6, a6, 57
core   0: 3 0x800021c2 (0x03980813) x16 0x800131f7
core   0: 0x800021c6 (0x21442783) lw      a5, 532(s0)
core   0: 3 0x800021c6 (0x21442783) x15 0x00000000 mem 0x800133d8
core   0: 0x800021ca (0x5a944e83) lbu     t4, 1449(s0)
core   0: 3 0x800021ca (0x5a944e83) x29 0x00000000 mem 0x8001376d
core   0: 0x800021ce (0x00618f83) lb      t6, 6(gp)
core   0: 3 0x800021ce (0x00618f83) x31 0x00000000 mem 0x80013301
core   0: 0x800021d2 (0x00c80f83) lb      t6, 12(a6)
core   0: 3 0x800021d2 (0x00c80f83) x31 0x00000000 mem 0x80013203
core   0: 0x800021d6 (0x0051dc83) lhu     s9, 5(gp)
core   0: 3 0x800021d6 (0x0051dc83) x25 0x00000000 mem 0x80013300
core   0: 0x800021da (0x5ce44a03) lbu     s4, 1486(s0)
core   0: 3 0x800021da (0x5ce44a03) x20 0x00000000 mem 0x80013792
core   0: 0x800021de (0x24b40d03) lb      s10, 587(s0)
core   0: 3 0x800021de (0x24b40d03) x26 0x00000000 mem 0x8001340f
core   0: 0x800021e2 (0x01e191a3) sh      t5, 3(gp)
core   0: 3 0x800021e2 (0x01e191a3) mem 0x800132fe 0x0000
core   0: 0x800021e6 (0xff11df03) lhu     t5, -15(gp)
core   0: 3 0x800021e6 (0xff11df03) x30 0x00000000 mem 0x800132ec
core   0: 0x800021ea (0x5bc40ca3) sb      t3, 1465(s0)
core   0: 3 0x800021ea (0x5bc40ca3) mem 0x8001377d 0x68
core   0: 0x800021ee (0x00f85a03) lhu     s4, 15(a6)
core   0: 3 0x800021ee (0x00f85a03) x20 0x00000000 mem 0x80013206
core   0: 0x800021f2 (0x01a18023) sb      s10, 0(gp)
core   0: 3 0x800021f2 (0x01a18023) mem 0x800132fb 0x0
core   0: 0x800021f6 (0x7ff402a3) sb      t6, 2021(s0)
core   0: 3 0x800021f6 (0x7ff402a3) mem 0x800139a9 0x0
core   0: 0x800021fa (0xff781a03) lh      s4, -9(a6)
core   0: 3 0x800021fa (0xff781a03) x20 0x00000000 mem 0x800131ee
core   0: 0x800021fe (0x38340923) sb      gp, 914(s0)
core   0: 3 0x800021fe (0x38340923) mem 0x80013556 0xfb
core   0: 0x80002202 (0xffe1cd03) lbu     s10, -2(gp)
core   0: 3 0x80002202 (0xffe1cd03) x26 0x00000000 mem 0x800132f9
core   0: 0x80002206 (0xffc18f03) lb      t5, -4(gp)
core   0: 3 0x80002206 (0xffc18f03) x30 0x00000000 mem 0x800132f7
core   0: 0x8000220a (0xffe18383) lb      t2, -2(gp)
core   0: 3 0x8000220a (0xffe18383) x 7 0x00000000 mem 0x800132f9
core   0: 0x8000220e (0x00780c03) lb      s8, 7(a6)
core   0: 3 0x8000220e (0x00780c03) x24 0x00000000 mem 0x800131fe
core   0: 0x80002212 (0xfe21a8a3) sw      sp, -15(gp)
core   0: 3 0x80002212 (0xfe21a8a3) mem 0x800132ec 0xda000000
core   0: 0x80002216 (0x00f1c683) lbu     a3, 15(gp)
core   0: 3 0x80002216 (0x00f1c683) x13 0x00000000 mem 0x8001330a
core   0: 0x8000221a (0x00d85d03) lhu     s10, 13(a6)
core   0: 3 0x8000221a (0x00d85d03) x26 0x00000000 mem 0x80013204
core   0: 0x8000221e (0x0001f117) auipc   sp, 0x1f
core   0: 3 0x8000221e (0x0001f117) x 2 0x8002121e
core   0: 0x80002222 (0x85510113) addi    sp, sp, -1963
core   0: 3 0x80002222 (0x85510113) x 2 0x80020a73
core   0: 0x80002226 (0x42614e03) lbu     t3, 1062(sp)
core   0: 3 0x80002226 (0x42614e03) x28 0x00000000 mem 0x80020e99
core   0: 0x8000222a (0x00009bfd) c.andi  a5, -1
core   0: 3 0x8000222a (0x9bfd) x15 0x00000000
core   0: 0x8000222c (0x42614203) lbu     tp, 1062(sp)
core   0: 3 0x8000222c (0x42614203) x 4 0x00000000 mem 0x80020e99
core   0: 0x80002230 (0x42614703) lbu     a4, 1062(sp)
core   0: 3 0x80002230 (0x42614703) x14 0x00000000 mem 0x80020e99
core   0: 0x80002234 (0xbc014b83) lbu     s7, -1088(sp)
core   0: 3 0x80002234 (0xbc014b83) x23 0x00000000 mem 0x80020633
core   0: 0x80002238 (0x0000100f) fence.i
core   0: 3 0x80002238 (0x0000100f)
core   0: 0x8000223c (0xb2c10323) sb      a2, -1242(sp)
core   0: 3 0x8000223c (0xb2c10323) mem 0x80020599 0x0
core   0: 0x80002240 (0x02374db3) div     s11, a4, gp
core   0: 3 0x80002240 (0x02374db3) x27 0x00000000
core   0: 0x80002244 (0x02a13e33) mulhu   t3, sp, a0
core   0: 3 0x80002244 (0x02a13e33) x28 0x7ea115bf
core   0: 0x80002248 (0xb2610c83) lb      s9, -1242(sp)
core   0: 3 0x80002248 (0xb2610c83) x25 0x00000000 mem 0x80020599
core   0: 0x8000224c (0x026812b3) mulh    t0, a6, t1
core   0: 3 0x8000224c (0x026812b3) x 5 0x00000000
core   0: 0x80002250 (0xb2610783) lb      a5, -1242(sp)
core   0: 3 0x80002250 (0xb2610783) x15 0x00000000 mem 0x80020599
core   0: 0x80002254 (0x56214303) lbu     t1, 1378(sp)
core   0: 3 0x80002254 (0x56214303) x 6 0x00000000 mem 0x80020fd5
core   0: 0x80002258 (0x01aabd33) sltu    s10, s5, s10
core   0: 3 0x80002258 (0x01aabd33) x26 0x00000000
core   0: 0x8000225c (0xd0642b93) slti    s7, s0, -762
core   0: 3 0x8000225c (0xd0642b93) x23 0x00000001
core   0: 0x80002260 (0x550114a3) sh      a6, 1353(sp)
core   0: 3 0x80002260 (0x550114a3) mem 0x80020fbc 0x31f7
core   0: 0x80002264 (0x4c4109a3) sb      tp, 1235(sp)
core   0: 3 0x80002264 (0x4c4109a3) mem 0x80020f46 0x0
core   0: 0x80002268 (0x00011117) auipc   sp, 0x11
core   0: 3 0x80002268 (0x00011117) x 2 0x80013268
core   0: 0x8000226c (0x74410113) addi    sp, sp, 1860
core   0: 3 0x8000226c (0x74410113) x 2 0x800139ac
core   0: 0x80002270 (0x0000da56) c.swsp  s5, 52(sp)
core   0: 3 0x80002270 (0xda56) mem 0x800139e0 0x80023570
core   0: 0x80002272 (0x00013a97) auipc   s5, 0x13
core   0: 3 0x80002272 (0x00013a97) x21 0x80015272
core   0: 0x80002276 (0x3c6a8a93) addi    s5, s5, 966
core   0: 3 0x80002276 (0x3c6a8a93) x21 0x80015638
core   0: 0x8000227a (0xfff11e23) sh      t6, -4(sp)
core   0: 3 0x8000227a (0xfff11e23) mem 0x800139a8 0x0000
core   0: 0x8000227e (0xfca108a3) sb      a0, -47(sp)
core   0: 3 0x8000227e (0xfca108a3) mem 0x8001397d 0xda
core   0: 0x80002282 (0x0000cc4e) c.swsp  s3, 24(sp)
core   0: 3 0x80002282 (0xcc4e) mem 0x800139c4 0x00000000
core   0: 0x80002284 (0xf51ac083) lbu     ra, -175(s5)
core   0: 3 0x80002284 (0xf51ac083) x 1 0x00000000 mem 0x80015589
core   0: 0x80002288 (0x02611323) sh      t1, 38(sp)
core   0: 3 0x80002288 (0x02611323) mem 0x800139d2 0x0000
core   0: 0x8000228c (0xf8aa8183) lb      gp, -118(s5)
core   0: 3 0x8000228c (0xf8aa8183) x 3 0x00000000 mem 0x800155c2
core   0: 0x80002290 (0x03cadc83) lhu     s9, 60(s5)
core   0: 3 0x80002290 (0x03cadc83) x25 0x00000000 mem 0x80015674
core   0: 0x80002294 (0xf35a9523) sh      s5, -214(s5)
core   0: 3 0x80002294 (0xf35a9523) mem 0x80015562 0x5638
core   0: 0x80002298 (0x02eaae23) sw      a4, 60(s5)
core   0: 3 0x80002298 (0x02eaae23) mem 0x80015674 0x00000000
core   0: 0x8000229c (0xfd612623) sw      s6, -52(sp)
core   0: 3 0x8000229c (0xfd612623) mem 0x80013978 0x00000000
core   0: 0x800022a0 (0xfd8ace83) lbu     t4, -40(s5)
core   0: 3 0x800022a0 (0xfd8ace83) x29 0x00000000 mem 0x80015610
core   0: 0x800022a4 (0x07aa8523) sb      s10, 106(s5)
core   0: 3 0x800022a4 (0x07aa8523) mem 0x800156a2 0x0
core   0: 0x800022a8 (0xff814403) lbu     s0, -8(sp)
core   0: 3 0x800022a8 (0xff814403) x 8 0x00000000 mem 0x800139a4
core   0: 0x800022ac (0xfe710fa3) sb      t2, -1(sp)
core   0: 3 0x800022ac (0xfe710fa3) mem 0x800139ab 0x0
core   0: 0x800022b0 (0x0e4a9f23) sh      tp, 254(s5)
core   0: 3 0x800022b0 (0x0e4a9f23) mem 0x80015736 0x0000
core   0: 0x800022b4 (0x00011b97) auipc   s7, 0x11
core   0: 3 0x800022b4 (0x00011b97) x23 0x800132b4
core   0: 0x800022b8 (0x5b4b8b93) addi    s7, s7, 1460
core   0: 3 0x800022b8 (0x5b4b8b93) x23 0x80013868
core   0: 0x800022bc (0xfc0b8c23) sb      zero, -40(s7)
core   0: 3 0x800022bc (0xfc0b8c23) mem 0x80013840 0x0
core   0: 0x800022c0 (0x028f5cb3) divu    s9, t5, s0
core   0: 3 0x800022c0 (0x028f5cb3) x25 0xffffffff
core   0: 0x800022c4 (0xfeebdc03) lhu     s8, -18(s7)
core   0: 3 0x800022c4 (0xfeebdc03) x24 0x00000000 mem 0x80013856
core   0: 0x800022c8 (0xfeebcf03) lbu     t5, -18(s7)
core   0: 3 0x800022c8 (0xfeebcf03) x30 0x00000000 mem 0x80013856
core   0: 0x800022cc (0x033b8083) lb      ra, 51(s7)
core   0: 3 0x800022cc (0x033b8083) x 1 0x00000000 mem 0x8001389b
core   0: 0x800022d0 (0x012bc033) xor     zero, s7, s2
core   0: 3 0x800022d0 (0x012bc033)
core   0: 0x800022d4 (0x00000d52) c.slli  s10, 20
core   0: 3 0x800022d4 (0x0d52) x26 0x00000000
core   0: 0x800022d6 (0x00db8323) sb      a3, 6(s7)
core   0: 3 0x800022d6 (0x00db8323) mem 0x8001386e 0x0
core   0: 0x800022da (0x0ff0000f) fence   iorw,iorw
core   0: 3 0x800022da (0x0ff0000f)
core   0: 0x800022de (0x018b9323) sh      s8, 6(s7)
core   0: 3 0x800022de (0x018b9323) mem 0x8001386e 0x0000
core   0: 0x800022e2 (0x00db8323) sb      a3, 6(s7)
core   0: 3 0x800022e2 (0x00db8323) mem 0x8001386e 0x0
core   0: 0x800022e6 (0x01db88a3) sb      t4, 17(s7)
core   0: 3 0x800022e6 (0x01db88a3) mem 0x80013879 0x0
core   0: 0x800022ea (0x017b88a3) sb      s7, 17(s7)
core   0: 3 0x800022ea (0x017b88a3) mem 0x80013879 0x68
core   0: 0x800022ee (0x011b8c83) lb      s9, 17(s7)
core   0: 3 0x800022ee (0x011b8c83) x25 0x00000068 mem 0x80013879
core   0: 0x800022f2 (0x00001c7d) c.addi  s8, -1
core   0: 3 0x800022f2 (0x1c7d) x24 0xffffffff
core   0: 0x800022f4 (0x011b8003) lb      zero, 17(s7)
core   0: 3 0x800022f4 (0x011b8003) mem 0x80013879
core   0: 0x800022f8 (0xfe8b9a83) lh      s5, -24(s7)
core   0: 3 0x800022f8 (0xfe8b9a83) x21 0x00000000 mem 0x80013850
core   0: 0x800022fc (0xffab8423) sb      s10, -24(s7)
core   0: 3 0x800022fc (0xffab8423) mem 0x80013850 0x0
core   0: 0x80002300 (0x0000717d) c.addi16sp sp, -16
core   0: 3 0x80002300 (0x717d) x 2 0x8001399c
core   0: 0x80002302 (0x00fbcb03) lbu     s6, 15(s7)
core   0: 3 0x80002302 (0x00fbcb03) x22 0x00000000 mem 0x80013877
core   0: 0x80002306 (0x02eb8983) lb      s3, 46(s7)
core   0: 3 0x80002306 (0x02eb8983) x19 0x00000000 mem 0x80013896
core   0: 0x8000230a (0x03eb9723) sh      t5, 46(s7)
core   0: 3 0x8000230a (0x03eb9723) mem 0x80013896 0x0000
core   0: 0x8000230e (0x032bc683) lbu     a3, 50(s7)
core   0: 3 0x8000230e (0x032bc683) x13 0x00000000 mem 0x8001389a
core   0: 0x80002312 (0x01fdb233) sltu    tp, s11, t6
core   0: 3 0x80002312 (0x01fdb233) x 4 0x00000000
core   0: 0x80002316 (0x032bca83) lbu     s5, 50(s7)
core   0: 3 0x80002316 (0x032bca83) x21 0x00000000 mem 0x8001389a
core   0: 0x8000231a (0x00019797) auipc   a5, 0x19
core   0: 3 0x8000231a (0x00019797) x15 0x8001b31a
core   0: 0x8000231e (0xeda78793) addi    a5, a5, -294
core   0: 3 0x8000231e (0xeda78793) x15 0x8001b1f4
core   0: 0x80002322 (0x00978683) lb      a3, 9(a5)
core   0: 3 0x80002322 (0x00978683) x13 0x00000000 mem 0x8001b1fd
core   0: 0x80002326 (0x00d0d613) srli    a2, ra, 13
core   0: 3 0x80002326 (0x00d0d613) x12 0x00000000
core   0: 0x8000232a (0x0097c583) lbu     a1, 9(a5)
core   0: 3 0x8000232a (0x0097c583) x11 0x00000000 mem 0x8001b1fd
core   0: 0x8000232e (0x0627aa23) sw      sp, 116(a5)
core   0: 3 0x8000232e (0x0627aa23) mem 0x8001b268 0x8001399c
core   0: 0x80002332 (0xf6a7d703) lhu     a4, -150(a5)
core   0: 3 0x80002332 (0xf6a7d703) x14 0x00000000 mem 0x8001b15e
core   0: 0x80002336 (0x0457c683) lbu     a3, 69(a5)
core   0: 3 0x80002336 (0x0457c683) x13 0x00000000 mem 0x8001b239
core   0: 0x8000233a (0x0e1785a3) sb      ra, 235(a5)
core   0: 3 0x8000233a (0x0e1785a3) mem 0x8001b2df 0x0
core   0: 0x8000233e (0x0eb78f83) lb      t6, 235(a5)
core   0: 3 0x8000233e (0x0eb78f83) x31 0x00000000 mem 0x8001b2df
core   0: 0x80002342 (0x000052fd) c.li    t0, -1
core   0: 3 0x80002342 (0x52fd) x 5 0xffffffff
core   0: 0x80002344 (0x01c6dc93) srli    s9, a3, 28
core   0: 3 0x80002344 (0x01c6dc93) x25 0x00000000
core   0: 0x80002348 (0x0b478d83) lb      s11, 180(a5)
core   0: 3 0x80002348 (0x0b478d83) x27 0x00000000 mem 0x8001b2a8
core   0: 0x8000234c (0xfc97c383) lbu     t2, -55(a5)
core   0: 3 0x8000234c (0xfc97c383) x 7 0x00000000 mem 0x8001b1bd
core   0: 0x80002350 (0x0b778223) sb      s7, 164(a5)
core   0: 3 0x80002350 (0x0b778223) mem 0x8001b298 0x68
core   0: 0x80002354 (0x0ec78d83) lb      s11, 236(a5)
core   0: 3 0x80002354 (0x0ec78d83) x27 0x00000000 mem 0x8001b2e0
core   0: 0x80002358 (0xf5f78283) lb      t0, -161(a5)
core   0: 3 0x80002358 (0xf5f78283) x 5 0x00000000 mem 0x8001b153
core   0: 0x8000235c (0xf5f78183) lb      gp, -161(a5)
core   0: 3 0x8000235c (0xf5f78183) x 3 0x00000000 mem 0x8001b153
core   0: 0x80002360 (0xfec7ce83) lbu     t4, -20(a5)
core   0: 3 0x80002360 (0xfec7ce83) x29 0x00000000 mem 0x8001b1e0
core   0: 0x80002364 (0x005f5193) srli    gp, t5, 5
core   0: 3 0x80002364 (0x005f5193) x 3 0x00000000
core   0: 0x80002368 (0xf7a7c203) lbu     tp, -134(a5)
core   0: 3 0x80002368 (0xf7a7c203) x 4 0x00000000 mem 0x8001b16e
core   0: 0x8000236c (0x0ee78123) sb      a4, 226(a5)
core   0: 3 0x8000236c (0x0ee78123) mem 0x8001b2d6 0x0
core   0: 0x80002370 (0x0cd78b83) lb      s7, 205(a5)
core   0: 3 0x80002370 (0x0cd78b83) x23 0x00000000 mem 0x8001b2c1
core   0: 0x80002374 (0x0cd7c983) lbu     s3, 205(a5)
core   0: 3 0x80002374 (0x0cd7c983) x19 0x00000000 mem 0x8001b2c1
core   0: 0x80002378 (0x00011797) auipc   a5, 0x11
core   0: 3 0x80002378 (0x00011797) x15 0x80013378
core   0: 0x8000237c (0x75278793) addi    a5, a5, 1874
core   0: 3 0x8000237c (0x75278793) x15 0x80013aca
core   0: 0x80002380 (0xfd578583) lb      a1, -43(a5)
core   0: 3 0x80002380 (0xfd578583) x11 0x00000000 mem 0x80013a9f
core   0: 0x80002384 (0xfe57c883) lbu     a7, -27(a5)
core   0: 3 0x80002384 (0xfe57c883) x17 0x00000000 mem 0x80013aaf
core   0: 0x80002388 (0xa7b4a117) auipc   sp, 0xa7b4a
core   0: 3 0x80002388 (0xa7b4a117) x 2 0x27b4c388
core   0: 0x8000238c (0xf3079603) lh      a2, -208(a5)
core   0: 3 0x8000238c (0xf3079603) x12 0x00000000 mem 0x800139fa
core   0: 0x80002390 (0x0b37c603) lbu     a2, 179(a5)
core   0: 3 0x80002390 (0x0b37c603) x12 0x00000000 mem 0x80013b7d
core   0: 0x80002394 (0x0000877d) c.srai  a4, 31
core   0: 3 0x80002394 (0x877d) x14 0x00000000
core   0: 0x80002396 (0x0000911e) c.add   sp, t2
core   0: 3 0x80002396 (0x911e) x 2 0x27b4c388
core   0: 0x80002398 (0x0000830d) c.srli  a4, 3
core   0: 3 0x80002398 (0x830d) x14 0x00000000
core   0: 0x8000239a (0x02156e33) rem     t3, a0, ra
core   0: 3 0x8000239a (0x02156e33) x28 0xfd3e21da
core   0: 0x8000239e (0x00000001) c.nop
core   0: 3 0x8000239e (0x0001)
core   0: 0x800023a0 (0x011d46b3) xor     a3, s10, a7
core   0: 3 0x800023a0 (0x011d46b3) x13 0x00000000
core   0: 0x800023a4 (0x0107c103) lbu     sp, 16(a5)
core   0: 3 0x800023a4 (0x0107c103) x 2 0x00000000 mem 0x80013ada
core   0: 0x800023a8 (0x0267c983) lbu     s3, 38(a5)
core   0: 3 0x800023a8 (0x0267c983) x19 0x00000000 mem 0x80013af0
core   0: 0x800023ac (0xa5af8193) addi    gp, t6, -1446
core   0: 3 0x800023ac (0xa5af8193) x 3 0xfffffa5a
core   0: 0x800023b0 (0x0c478923) sb      tp, 210(a5)
core   0: 3 0x800023b0 (0x0c478923) mem 0x80013b9c 0x0
core   0: 0x800023b4 (0x0ff0000f) fence   iorw,iorw
core   0: 3 0x800023b4 (0x0ff0000f)
core   0: 0x800023b8 (0x54c4fa93) andi    s5, s1, 1356
core   0: 3 0x800023b8 (0x54c4fa93) x21 0x00000444
core   0: 0x800023bc (0x03e7a703) lw      a4, 62(a5)
core   0: 3 0x800023bc (0x03e7a703) x14 0x00000000 mem 0x80013b08
core   0: 0x800023c0 (0xf147c583) lbu     a1, -236(a5)
core   0: 3 0x800023c0 (0xf147c583) x11 0x00000000 mem 0x800139de
core   0: 0x800023c4 (0x00efafb3) slt     t6, t6, a4
core   0: 3 0x800023c4 (0x00efafb3) x31 0x00000000
core   0: 0x800023c8 (0x00008de9) c.and   a1, a0
core   0: 3 0x800023c8 (0x8de9) x11 0x00000000
core   0: 0x800023ca (0xf1a78e23) sb      s10, -228(a5)
core   0: 3 0x800023ca (0xf1a78e23) mem 0x800139e6 0x0
core   0: 0x800023ce (0x000006fa) c.slli  a3, 30
core   0: 3 0x800023ce (0x06fa) x13 0x00000000
core   0: 0x800023d0 (0x0ff0000f) fence   iorw,iorw
core   0: 3 0x800023d0 (0x0ff0000f)
core   0: 0x800023d4 (0xf237ad23) sw      gp, -198(a5)
core   0: 3 0x800023d4 (0xf237ad23) mem 0x80013a04 0xfffffa5a
core   0: 0x800023d8 (0x3f38e713) ori     a4, a7, 1011
core   0: 3 0x800023d8 (0x3f38e713) x14 0x000003f3
core   0: 0x800023dc (0x0ea7a723) sw      a0, 238(a5)
core   0: 3 0x800023dc (0x0ea7a723) mem 0x80013bb8 0xfd3e21da
core   0: 0x800023e0 (0x0f27a283) lw      t0, 242(a5)
core   0: 3 0x800023e0 (0x0f27a283) x 5 0x00000000 mem 0x80013bbc
core   0: 0x800023e4 (0x053789a3) sb      s3, 83(a5)
core   0: 3 0x800023e4 (0x053789a3) mem 0x80013b1d 0x0
core   0: 0x800023e8 (0x03866133) rem     sp, a2, s8
core   0: 3 0x800023e8 (0x03866133) x 2 0x00000000
core   0: 0x800023ec (0x02c79b23) sh      a2, 54(a5)
core   0: 3 0x800023ec (0x02c79b23) mem 0x80013b00 0x0000
core   0: 0x800023f0 (0xf907c583) lbu     a1, -112(a5)
core   0: 3 0x800023f0 (0xf907c583) x11 0x00000000 mem 0x80013a5a
core   0: 0x800023f4 (0x00ef1433) sll     s0, t5, a4
core   0: 3 0x800023f4 (0x00ef1433) x 8 0x00000000
core   0: 0x800023f8 (0xf047c683) lbu     a3, -252(a5)
core   0: 3 0x800023f8 (0xf047c683) x13 0x00000000 mem 0x800139ce
core   0: 0x800023fc (0x004d73b3) and     t2, s10, tp
core   0: 3 0x800023fc (0x004d73b3) x 7 0x00000000
core   0: 0x80002400 (0xf8b7a323) sw      a1, -122(a5)
core   0: 3 0x80002400 (0xf8b7a323) mem 0x80013a50 0x00000000
core   0: 0x80002404 (0x00011117) auipc   sp, 0x11
core   0: 3 0x80002404 (0x00011117) x 2 0x80013404
core   0: 0x80002408 (0x3e110113) addi    sp, sp, 993
core   0: 3 0x80002408 (0x3e110113) x 2 0x800137e5
core   0: 0x8000240c (0xfdd11ca3) sh      t4, -39(sp)
core   0: 3 0x8000240c (0xfdd11ca3) mem 0x800137be 0x0000
core   0: 0x80002410 (0xfd011ca3) sh      a6, -39(sp)
core   0: 3 0x80002410 (0xfd011ca3) mem 0x800137be 0x31f7
core   0: 0x80002414 (0x00008ea9) c.xor   a3, a0
core   0: 3 0x80002414 (0x8ea9) x13 0xfd3e21da
core   0: 0x80002416 (0xfe110b23) sb      ra, -10(sp)
core   0: 3 0x80002416 (0xfe110b23) mem 0x800137db 0x0
core   0: 0x8000241a (0xff010b23) sb      a6, -10(sp)
core   0: 3 0x8000241a (0xff010b23) mem 0x800137db 0xf7
core   0: 0x8000241e (0xff610783) lb      a5, -10(sp)
core   0: 3 0x8000241e (0xff610783) x15 0xfffffff7 mem 0x800137db
core   0: 0x80002422 (0x02e10123) sb      a4, 34(sp)
core   0: 3 0x80002422 (0x02e10123) mem 0x80013807 0xf3
core   0: 0x80002426 (0x02210c83) lb      s9, 34(sp)
core   0: 3 0x80002426 (0x02210c83) x25 0xfffffff3 mem 0x80013807
core   0: 0x8000242a (0x02214403) lbu     s0, 34(sp)
core   0: 3 0x8000242a (0x02214403) x 8 0x000000f3 mem 0x80013807
core   0: 0x8000242e (0x02214383) lbu     t2, 34(sp)
core   0: 3 0x8000242e (0x02214383) x 7 0x000000f3 mem 0x80013807
core   0: 0x80002432 (0x02210883) lb      a7, 34(sp)
core   0: 3 0x80002432 (0x02210883) x17 0xfffffff3 mem 0x80013807
core   0: 0x80002436 (0x03c10123) sb      t3, 34(sp)
core   0: 3 0x80002436 (0x03c10123) mem 0x80013807 0xda
core   0: 0x8000243a (0x0e174d93) xori    s11, a4, 225
core   0: 3 0x8000243a (0x0e174d93) x27 0x00000312
core   0: 0x8000243e (0x02210183) lb      gp, 34(sp)
core   0: 3 0x8000243e (0x02210183) x 3 0xffffffda mem 0x80013807
core   0: 0x80002442 (0x02210403) lb      s0, 34(sp)
core   0: 3 0x80002442 (0x02210403) x 8 0xffffffda mem 0x80013807
core   0: 0x80002446 (0x4038dc13) srai    s8, a7, 3
core   0: 3 0x80002446 (0x4038dc13) x24 0xfffffffe
core   0: 0x8000244a (0x02210c03) lb      s8, 34(sp)
core   0: 3 0x8000244a (0x02210c03) x24 0xffffffda mem 0x80013807
core   0: 0x8000244e (0x0001c297) auipc   t0, 0x1c
core   0: 3 0x8000244e (0x0001c297) x 5 0x8001e44e
core   0: 0x80002452 (0xb7b28293) addi    t0, t0, -1157
core   0: 3 0x80002452 (0xb7b28293) x 5 0x8001dfc9
core   0: 0x80002456 (0x2bd44d93) xori    s11, s0, 701
core   0: 3 0x80002456 (0x2bd44d93) x27 0xfffffd67
core   0: 0x8000245a (0x000081d5) c.srli  a1, 21
core   0: 3 0x8000245a (0x81d5) x11 0x00000000
core   0: 0x8000245c (0xfed28803) lb      a6, -19(t0)
core   0: 3 0x8000245c (0xfed28803) x16 0x00000000 mem 0x8001dfb6
core   0: 0x80002460 (0x00000001) c.nop
core   0: 3 0x80002460 (0x0001)
core   0: 0x80002462 (0x74b3e793) ori     a5, t2, 1867
core   0: 3 0x80002462 (0x74b3e793) x15 0x000007fb
core   0: 0x80002466 (0x016d95b3) sll     a1, s11, s6
core   0: 3 0x80002466 (0x016d95b3) x11 0xfffffd67
core   0: 0x8000246a (0x02d1bd33) mulhu   s10, gp, a3
core   0: 3 0x8000246a (0x02d1bd33) x26 0xfd3e21b4
core   0: 0x8000246e (0x00008ffd) c.and   a5, a5
core   0: 3 0x8000246e (0x8ffd) x15 0x000007fb
core   0: 0x80002470 (0x40fbd393) srai    t2, s7, 15
core   0: 3 0x80002470 (0x40fbd393) x 7 0x00000000
core   0: 0x80002474 (0xcf529983) lh      s3, -779(t0)
core   0: 3 0x80002474 (0xcf529983) x19 0x00000000 mem 0x8001dcbe
core   0: 0x80002478 (0x00008f89) c.sub   a5, a0
core   0: 3 0x80002478 (0x8f89) x15 0x02c1e621
core   0: 0x8000247a (0xa832a583) lw      a1, -1405(t0)
core   0: 3 0x8000247a (0xa832a583) x11 0x00000000 mem 0x8001da4c
core   0: 0x8000247e (0x40488633) sub     a2, a7, tp
core   0: 3 0x8000247e (0x40488633) x12 0xfffffff3
core   0: 0x80002482 (0x70833d97) auipc   s11, 0x70833
core   0: 3 0x80002482 (0x70833d97) x27 0xf0835482
core   0: 0x80002486 (0x1e44bf93) sltiu   t6, s1, 484
core   0: 3 0x80002486 (0x1e44bf93) x31 0x00000000
core   0: 0x8000248a (0x00008721) c.srai  a4, 8
core   0: 3 0x8000248a (0x8721) x14 0x00000003
core   0: 0x8000248c (0x0238d733) divu    a4, a7, gp
core   0: 3 0x8000248c (0x0238d733) x14 0x00000001
core   0: 0x80002490 (0x00008ddd) c.or    a1, a5
core   0: 3 0x80002490 (0x8ddd) x11 0x02c1e621
core   0: 0x80002492 (0x3ca9cf97) auipc   t6, 0x3ca9c
core   0: 3 0x80002492 (0x3ca9cf97) x31 0xbca9e492
core   0: 0x80002496 (0x00008fd1) c.or    a5, a2
core   0: 3 0x80002496 (0x8fd1) x15 0xfffffff3
core   0: 0x80002498 (0xf9e296a3) sh      t5, -115(t0)
core   0: 3 0x80002498 (0xf9e296a3) mem 0x8001df56 0x0000
core   0: 0x8000249c (0x00631e33) sll     t3, t1, t1
core   0: 3 0x8000249c (0x00631e33) x28 0x00000000
core   0: 0x800024a0 (0x0000847d) c.srai  s0, 31
core   0: 3 0x800024a0 (0x847d) x 8 0xffffffff
core   0: 0x800024a2 (0xd00282a3) sb      zero, -763(t0)
core   0: 3 0x800024a2 (0xd00282a3) mem 0x8001dcce 0x0
core   0: 0x800024a6 (0x4069d233) sra     tp, s3, t1
core   0: 3 0x800024a6 (0x4069d233) x 4 0x00000000
core   0: 0x800024aa (0x00000df2) c.slli  s11, 28
core   0: 3 0x800024aa (0x0df2) x27 0x20000000
core   0: 0x800024ac (0xb7b2c883) lbu     a7, -1157(t0)
core   0: 3 0x800024ac (0xb7b2c883) x17 0x00000000 mem 0x8001db44
core   0: 0x800024b0 (0x9412cf03) lbu     t5, -1727(t0)
core   0: 3 0x800024b0 (0x9412cf03) x30 0x00000000 mem 0x8001d90a
core   0: 0x800024b4 (0x56a90993) addi    s3, s2, 1386
core   0: 3 0x800024b4 (0x56a90993) x19 0x8002d24e
core   0: 0x800024b8 (0x61ce4a93) xori    s5, t3, 1564
core   0: 3 0x800024b8 (0x61ce4a93) x21 0x0000061c
core   0: 0x800024bc (0x8c128983) lb      s3, -1855(t0)
core   0: 3 0x800024bc (0x8c128983) x19 0x00000000 mem 0x8001d88a
core   0: 0x800024c0 (0x000085ed) c.srai  a1, 27
core   0: 3 0x800024c0 (0x85ed) x11 0x00000000
core   0: 0x800024c2 (0x0250c6b3) div     a3, ra, t0
core   0: 3 0x800024c2 (0x0250c6b3) x13 0x00000000
core   0: 0x800024c6 (0x62a28d83) lb      s11, 1578(t0)
core   0: 3 0x800024c6 (0x62a28d83) x27 0x00000000 mem 0x8001e5f3
core   0: 0x800024ca (0x000046f1) c.li    a3, 28
core   0: 3 0x800024ca (0x46f1) x13 0x0000001c
core   0: 0x800024cc (0x6fd28203) lb      tp, 1789(t0)
core   0: 3 0x800024cc (0x6fd28203) x 4 0x00000000 mem 0x8001e6c6
core   0: 0x800024d0 (0xd10e0113) addi    sp, t3, -752
core   0: 3 0x800024d0 (0xd10e0113) x 2 0xfffffd10
core   0: 0x800024d4 (0xee328a23) sb      gp, -268(t0)
core   0: 3 0x800024d4 (0xee328a23) mem 0x8001debd 0xda
core   0: 0x800024d8 (0x00011397) auipc   t2, 0x11
core   0: 3 0x800024d8 (0x00011397) x 7 0x800134d8
core   0: 0x800024dc (0x0b138393) addi    t2, t2, 177
core   0: 3 0x800024dc (0x0b138393) x 7 0x80013589
core   0: 0x800024e0 (0x00011197) auipc   gp, 0x11
core   0: 3 0x800024e0 (0x00011197) x 3 0x800134e0
core   0: 0x800024e4 (0xdc518193) addi    gp, gp, -571
core   0: 3 0x800024e4 (0xdc518193) x 3 0x800132a5
core   0: 0x800024e8 (0x0593d303) lhu     t1, 89(t2)
core   0: 3 0x800024e8 (0x0593d303) x 6 0x00000000 mem 0x800135e2
core   0: 0x800024ec (0xfdc198a3) sh      t3, -47(gp)
core   0: 3 0x800024ec (0xfdc198a3) mem 0x80013276 0x0000
core   0: 0x800024f0 (0xf3738023) sb      s7, -224(t2)
core   0: 3 0x800024f0 (0xf3738023) mem 0x800134a9 0x0
core   0: 0x800024f4 (0xfcf18f23) sb      a5, -34(gp)
core   0: 3 0x800024f4 (0xfcf18f23) mem 0x80013283 0xf3
core   0: 0x800024f8 (0xfe41c703) lbu     a4, -28(gp)
core   0: 3 0x800024f8 (0xfe41c703) x14 0x00000000 mem 0x80013289
core   0: 0x800024fc (0xf433c083) lbu     ra, -189(t2)
core   0: 3 0x800024fc (0xf433c083) x 1 0x00000000 mem 0x800134cc
core   0: 0x80002500 (0x03b18f03) lb      t5, 59(gp)
core   0: 3 0x80002500 (0x03b18f03) x30 0x00000000 mem 0x800132e0
core   0: 0x80002504 (0xfd219aa3) sh      s2, -43(gp)
core   0: 3 0x80002504 (0xfd219aa3) mem 0x8001327a 0xcce4
core   0: 0x80002508 (0xf433ae83) lw      t4, -189(t2)
core   0: 3 0x80002508 (0xf433ae83) x29 0x00000000 mem 0x800134cc
core   0: 0x8000250c (0xfe018823) sb      zero, -16(gp)
core   0: 3 0x8000250c (0xfe018823) mem 0x80013295 0x0
core   0: 0x80002510 (0xf013d203) lhu     tp, -255(t2)
core   0: 3 0x80002510 (0xf013d203) x 4 0x00008e64 mem 0x8001348a
core   0: 0x80002514 (0xfd1198a3) sh      a7, -47(gp)
core   0: 3 0x80002514 (0xfd1198a3) mem 0x80013276 0x0000
core   0: 0x80002518 (0xfd618f23) sb      s6, -34(gp)
core   0: 3 0x80002518 (0xfd618f23) mem 0x80013283 0x0
core   0: 0x8000251c (0xf503c983) lbu     s3, -176(t2)
core   0: 3 0x8000251c (0xf503c983) x19 0x00000000 mem 0x800134d9
core   0: 0x80002520 (0xffe18923) sb      t5, -14(gp)
core   0: 3 0x80002520 (0xffe18923) mem 0x80013297 0x0
core   0: 0x80002524 (0x00018117) auipc   sp, 0x18
core   0: 3 0x80002524 (0x00018117) x 2 0x8001a524
core   0: 0x80002528 (0x82010113) addi    sp, sp, -2016
core   0: 3 0x80002528 (0x82010113) x 2 0x80019d44
core   0: 0x8000252c (0x015a5413) srli    s0, s4, 21
core   0: 3 0x8000252c (0x015a5413) x 8 0x00000000
core   0: 0x80002530 (0x03e15803) lhu     a6, 62(sp)
core   0: 3 0x80002530 (0x03e15803) x16 0x00000000 mem 0x80019d82
core   0: 0x80002534 (0x0136f0b3) and     ra, a3, s3
core   0: 3 0x80002534 (0x0136f0b3) x 1 0x00000000
core   0: 0x80002538 (0xfdf10fa3) sb      t6, -33(sp)
core   0: 3 0x80002538 (0xfdf10fa3) mem 0x80019d23 0x92
core   0: 0x8000253c (0xfc214d83) lbu     s11, -62(sp)
core   0: 3 0x8000253c (0xfc214d83) x27 0x00000000 mem 0x80019d06
core   0: 0x80002540 (0x0086bf33) sltu    t5, a3, s0
core   0: 3 0x80002540 (0x0086bf33) x30 0x00000000
core   0: 0x80002544 (0x00008df9) c.and   a1, a4
core   0: 3 0x80002544 (0x8df9) x11 0x00000000
core   0: 0x80002546 (0xff7105a3) sb      s7, -21(sp)
core   0: 3 0x80002546 (0xff7105a3) mem 0x80019d2f 0x0
core   0: 0x8000254a (0xfc2101a3) sb      sp, -61(sp)
core   0: 3 0x8000254a (0xfc2101a3) mem 0x80019d07 0x44
core   0: 0x8000254e (0x00005c52) c.lwsp  s8, 52(sp)
core   0: 3 0x8000254e (0x5c52) x24 0x00000000 mem 0x80019d78
core   0: 0x80002550 (0x00005312) c.lwsp  t1, 36(sp)
core   0: 3 0x80002550 (0x5312) x 6 0x00000000 mem 0x80019d68
core   0: 0x80002552 (0xab547e13) andi    t3, s0, -1355
core   0: 3 0x80002552 (0xab547e13) x28 0x00000000
core   0: 0x80002556 (0x03c10f23) sb      t3, 62(sp)
core   0: 3 0x80002556 (0x03c10f23) mem 0x80019d82 0x0
core   0: 0x8000255a (0xfef14083) lbu     ra, -17(sp)
core   0: 3 0x8000255a (0xfef14083) x 1 0x00000000 mem 0x80019d33
core   0: 0x8000255e (0x00e14083) lbu     ra, 14(sp)
core   0: 3 0x8000255e (0x00e14083) x 1 0x00000000 mem 0x80019d52
core   0: 0x80002562 (0xfec12403) lw      s0, -20(sp)
core   0: 3 0x80002562 (0xfec12403) x 8 0x00000000 mem 0x80019d30
core   0: 0x80002566 (0xfc610fa3) sb      t1, -33(sp)
core   0: 3 0x80002566 (0xfc610fa3) mem 0x80019d23 0x0
core   0: 0x8000256a (0xd2340813) addi    a6, s0, -733
core   0: 3 0x8000256a (0xd2340813) x16 0xfffffd23
core   0: 0x8000256e (0x023df1b3) remu    gp, s11, gp
core   0: 3 0x8000256e (0x023df1b3) x 3 0x00000000
core   0: 0x80002572 (0x03214003) lbu     zero, 50(sp)
core   0: 3 0x80002572 (0x03214003) mem 0x80019d76
core   0: 0x80002576 (0x00000092) c.slli  ra, 4
core   0: 3 0x80002576 (0x0092) x 1 0x00000000
core   0: 0x80002578 (0xff914a03) lbu     s4, -7(sp)
core   0: 3 0x80002578 (0xff914a03) x20 0x00000000 mem 0x80019d3d
core   0: 0x8000257c (0xa5752693) slti    a3, a0, -1449
core   0: 3 0x8000257c (0xa5752693) x13 0x00000001
core   0: 0x80002580 (0x00f10e03) lb      t3, 15(sp)
core   0: 3 0x80002580 (0x00f10e03) x28 0x00000000 mem 0x80019d53
core   0: 0x80002584 (0x00215183) lhu     gp, 2(sp)
core   0: 3 0x80002584 (0x00215183) x 3 0x00000000 mem 0x80019d46
core   0: 0x80002588 (0x00004f22) c.lwsp  t5, 8(sp)
core   0: 3 0x80002588 (0x4f22) x30 0x00000000 mem 0x80019d4c
core   0: 0x8000258a (0x03e11803) lh      a6, 62(sp)
core   0: 3 0x8000258a (0x03e11803) x16 0x00000000 mem 0x80019d82
core   0: 0x8000258e (0xfc9103a3) sb      s1, -57(sp)
core   0: 3 0x8000258e (0xfc9103a3) mem 0x80019d0b 0x64
core   0: 0x80002592 (0x00000001) c.nop
core   0: 3 0x80002592 (0x0001)
core   0: 0x80002594 (0x00005ec2) c.lwsp  t4, 48(sp)
core   0: 3 0x80002594 (0x5ec2) x29 0x00000000 mem 0x80019d74
core   0: 0x80002596 (0xfdd10d83) lb      s11, -35(sp)
core   0: 3 0x80002596 (0xfdd10d83) x27 0x00000000 mem 0x80019d21
core   0: 0x8000259a (0x03911d23) sh      s9, 58(sp)
core   0: 3 0x8000259a (0x03911d23) mem 0x80019d7e 0xfff3
core   0: 0x8000259e (0xfce10583) lb      a1, -50(sp)
core   0: 3 0x8000259e (0xfce10583) x11 0x00000000 mem 0x80019d12
core   0: 0x800025a2 (0x00019d17) auipc   s10, 0x19
core   0: 3 0x800025a2 (0x00019d17) x26 0x8001b5a2
core   0: 0x800025a6 (0x310d0d13) addi    s10, s10, 784
core   0: 3 0x800025a6 (0x310d0d13) x26 0x8001b8b2
core   0: 0x800025aa (0xff9d0583) lb      a1, -7(s10)
core   0: 3 0x800025aa (0xff9d0583) x11 0x00000000 mem 0x8001b8ab
core   0: 0x800025ae (0xff9d0c03) lb      s8, -7(s10)
core   0: 3 0x800025ae (0xff9d0c03) x24 0x00000000 mem 0x8001b8ab
core   0: 0x800025b2 (0x01cd0123) sb      t3, 2(s10)
core   0: 3 0x800025b2 (0x01cd0123) mem 0x8001b8b4 0x0
core   0: 0x800025b6 (0x7f57b593) sltiu   a1, a5, 2037
core   0: 3 0x800025b6 (0x7f57b593) x11 0x00000000
core   0: 0x800025ba (0x00008dd9) c.or    a1, a4
core   0: 3 0x800025ba (0x8dd9) x11 0x00000000
core   0: 0x800025bc (0xfe8d1823) sh      s0, -16(s10)
core   0: 3 0x800025bc (0xfe8d1823) mem 0x8001b8a2 0x0000
core   0: 0x800025c0 (0x0000847a) c.mv    s0, t5
core   0: 3 0x800025c0 (0x847a) x 8 0x00000000
core   0: 0x800025c2 (0xff0d4383) lbu     t2, -16(s10)
core   0: 3 0x800025c2 (0xff0d4383) x 7 0x00000000 mem 0x8001b8a2
core   0: 0x800025c6 (0xff0d0f03) lb      t5, -16(s10)
core   0: 3 0x800025c6 (0xff0d0f03) x30 0x00000000 mem 0x8001b8a2
core   0: 0x800025ca (0x00fd4803) lbu     a6, 15(s10)
core   0: 3 0x800025ca (0x00fd4803) x16 0x00000000 mem 0x8001b8c1
core   0: 0x800025ce (0x00fd0383) lb      t2, 15(s10)
core   0: 3 0x800025ce (0x00fd0383) x 7 0x00000000 mem 0x8001b8c1
core   0: 0x800025d2 (0x00d570b3) and     ra, a0, a3
core   0: 3 0x800025d2 (0x00d570b3) x 1 0x00000000
core   0: 0x800025d6 (0x00008e75) c.and   a2, a3
core   0: 3 0x800025d6 (0x8e75) x12 0x00000001
core   0: 0x800025d8 (0x0148fa33) and     s4, a7, s4
core   0: 3 0x800025d8 (0x0148fa33) x20 0x00000000
core   0: 0x800025dc (0x01dd06a3) sb      t4, 13(s10)
core   0: 3 0x800025dc (0x01dd06a3) mem 0x8001b8bf 0x0
core   0: 0x800025e0 (0x00dd0183) lb      gp, 13(s10)
core   0: 3 0x800025e0 (0x00dd0183) x 3 0x00000000 mem 0x8001b8bf
core   0: 0x800025e4 (0x009d4d83) lbu     s11, 9(s10)
core   0: 3 0x800025e4 (0x009d4d83) x27 0x00000000 mem 0x8001b8bb
core   0: 0x800025e8 (0x00014797) auipc   a5, 0x14
core   0: 3 0x800025e8 (0x00014797) x15 0x800165e8
core   0: 0x800025ec (0x7f578793) addi    a5, a5, 2037
core   0: 3 0x800025ec (0x7f578793) x15 0x80016ddd
core   0: 0x800025f0 (0x00015317) auipc   t1, 0x15
core   0: 3 0x800025f0 (0x00015317) x 6 0x800175f0
core   0: 0x800025f4 (0x4e930313) addi    t1, t1, 1257
core   0: 3 0x800025f4 (0x4e930313) x 6 0x80017ad9
core   0: 0x800025f8 (0x0001ba17) auipc   s4, 0x1b
core   0: 3 0x800025f8 (0x0001ba17) x20 0x8001d5f8
core   0: 0x800025fc (0xc17a0a13) addi    s4, s4, -1001
core   0: 3 0x800025fc (0xc17a0a13) x20 0x8001d20f
core   0: 0x80002600 (0x02230f03) lb      t5, 34(t1)
core   0: 3 0x80002600 (0x02230f03) x30 0x00000000 mem 0x80017afb
core   0: 0x80002604 (0x00078103) lb      sp, 0(a5)
core   0: 3 0x80002604 (0x00078103) x 2 0x00000000 mem 0x80016ddd
core   0: 0x80002608 (0xfeb30f03) lb      t5, -21(t1)
core   0: 3 0x80002608 (0xfeb30f03) x30 0x00000000 mem 0x80017ac4
core   0: 0x8000260c (0x0e5a11a3) sh      t0, 227(s4)
core   0: 3 0x8000260c (0x0e5a11a3) mem 0x8001d2f2 0xdfc9
core   0: 0x80002610 (0xffd78923) sb      t4, -14(a5)
core   0: 3 0x80002610 (0xffd78923) mem 0x80016dcf 0x0
core   0: 0x80002614 (0x02e78003) lb      zero, 46(a5)
core   0: 3 0x80002614 (0x02e78003) mem 0x80016e0b
core   0: 0x80002618 (0x03830123) sb      s8, 34(t1)
core   0: 3 0x80002618 (0x03830123) mem 0x80017afb 0x0
core   0: 0x8000261c (0xfcc78683) lb      a3, -52(a5)
core   0: 3 0x8000261c (0xfcc78683) x13 0x00000000 mem 0x80016da9
core   0: 0x80002620 (0xfca30423) sb      a0, -56(t1)
core   0: 3 0x80002620 (0xfca30423) mem 0x80017aa1 0xda
core   0: 0x80002624 (0xfc5782a3) sb      t0, -59(a5)
core   0: 3 0x80002624 (0xfc5782a3) mem 0x80016da2 0xc9
core   0: 0x80002628 (0xff730083) lb      ra, -9(t1)
core   0: 3 0x80002628 (0xff730083) x 1 0x00000000 mem 0x80017ad0
core   0: 0x8000262c (0x047a4083) lbu     ra, 71(s4)
core   0: 3 0x8000262c (0x047a4083) x 1 0x00000000 mem 0x8001d256
core   0: 0x80002630 (0xfc0790a3) sh      zero, -63(a5)
core   0: 3 0x80002630 (0xfc0790a3) mem 0x80016d9e 0x0000
core   0: 0x80002634 (0xffca4803) lbu     a6, -4(s4)
core   0: 3 0x80002634 (0xffca4803) x16 0x00000000 mem 0x8001d20b
core   0: 0x80002638 (0x00030203) lb      tp, 0(t1)
core   0: 3 0x80002638 (0x00030203) x 4 0x00000000 mem 0x80017ad9
core   0: 0x8000263c (0xfcd31a83) lh      s5, -51(t1)
core   0: 3 0x8000263c (0xfcd31a83) x21 0x00000000 mem 0x80017aa6
core   0: 0x80002640 (0xfcba4803) lbu     a6, -53(s4)
core   0: 3 0x80002640 (0xfcba4803) x16 0x00000000 mem 0x8001d1da
core   0: 0x80002644 (0xfc930823) sb      s1, -48(t1)
core   0: 3 0x80002644 (0xfc930823) mem 0x80017aa9 0x64
core   0: 0x80002648 (0xff5323a3) sw      s5, -25(t1)
core   0: 3 0x80002648 (0xff5323a3) mem 0x80017ac0 0x00000000
core   0: 0x8000264c (0x0067c383) lbu     t2, 6(a5)
core   0: 3 0x8000264c (0x0067c383) x 7 0x00000000 mem 0x80016de3
core   0: 0x80002650 (0xf97a2ea3) sw      s7, -99(s4)
core   0: 3 0x80002650 (0xf97a2ea3) mem 0x8001d1ac 0x00000000
core   0: 0x80002654 (0x00017117) auipc   sp, 0x17
core   0: 3 0x80002654 (0x00017117) x 2 0x80019654
core   0: 0x80002658 (0x4a710113) addi    sp, sp, 1191
core   0: 3 0x80002658 (0x4a710113) x 2 0x80019afb
core   0: 0x8000265c (0xfff10f23) sb      t6, -2(sp)
core   0: 3 0x8000265c (0xfff10f23) mem 0x80019af9 0x92
core   0: 0x80002660 (0xfe910f23) sb      s1, -2(sp)
core   0: 3 0x80002660 (0xfe910f23) mem 0x80019af9 0x64
core   0: 0x80002664 (0xff210f23) sb      s2, -2(sp)
core   0: 3 0x80002664 (0xff210f23) mem 0x80019af9 0xe4
core   0: 0x80002668 (0x00d15a03) lhu     s4, 13(sp)
core   0: 3 0x80002668 (0x00d15a03) x20 0x00000000 mem 0x80019b08
core   0: 0x8000266c (0x00d12403) lw      s0, 13(sp)
core   0: 3 0x8000266c (0x00d12403) x 8 0x00000000 mem 0x80019b08
core   0: 0x80002670 (0xffb15283) lhu     t0, -5(sp)
core   0: 3 0x80002670 (0xffb15283) x 5 0x00000000 mem 0x80019af6
core   0: 0x80002674 (0xffb11e83) lh      t4, -5(sp)
core   0: 3 0x80002674 (0xffb11e83) x29 0x00000000 mem 0x80019af6
core   0: 0x80002678 (0x00008309) c.srli  a4, 2
core   0: 3 0x80002678 (0x8309) x14 0x00000000
core   0: 0x8000267a (0x00610583) lb      a1, 6(sp)
core   0: 3 0x8000267a (0x00610583) x11 0x00000000 mem 0x80019b01
core   0: 0x8000267e (0xfef12ea3) sw      a5, -3(sp)
core   0: 3 0x8000267e (0xfef12ea3) mem 0x80019af8 0x80016ddd
core   0: 0x80002682 (0xff610c23) sb      s6, -8(sp)
core   0: 3 0x80002682 (0xff610c23) mem 0x80019af3 0x0
core   0: 0x80002686 (0xff810383) lb      t2, -8(sp)
core   0: 3 0x80002686 (0xff810383) x 7 0x00000000 mem 0x80019af3
core   0: 0x8000268a (0xff510ea3) sb      s5, -3(sp)
core   0: 3 0x8000268a (0xff510ea3) mem 0x80019af8 0x0
core   0: 0x8000268e (0xffd15c03) lhu     s8, -3(sp)
core   0: 3 0x8000268e (0xffd15c03) x24 0x00006d00 mem 0x80019af8
core   0: 0x80002692 (0xffe12aa3) sw      t5, -11(sp)
core   0: 3 0x80002692 (0xffe12aa3) mem 0x80019af0 0x00000000
core   0: 0x80002696 (0x00810403) lb      s0, 8(sp)
core   0: 3 0x80002696 (0x00810403) x 8 0x00000000 mem 0x80019b03
core   0: 0x8000269a (0x00610f03) lb      t5, 6(sp)
core   0: 3 0x8000269a (0x00610f03) x30 0x00000000 mem 0x80019b01
core   0: 0x8000269e (0x00614b03) lbu     s6, 6(sp)
core   0: 3 0x8000269e (0x00614b03) x22 0x00000000 mem 0x80019b01
core   0: 0x800026a2 (0xff814e83) lbu     t4, -8(sp)
core   0: 3 0x800026a2 (0xff814e83) x29 0x00000000 mem 0x80019af3
core   0: 0x800026a6 (0x00014b17) auipc   s6, 0x14
core   0: 3 0x800026a6 (0x00014b17) x22 0x800166a6
core   0: 0x800026aa (0x6ecb0b13) addi    s6, s6, 1772
core   0: 3 0x800026aa (0x6ecb0b13) x22 0x80016d92
core   0: 0x800026ae (0xff3b4003) lbu     zero, -13(s6)
core   0: 3 0x800026ae (0xff3b4003) mem 0x80016d85
core   0: 0x800026b2 (0x00cb0223) sb      a2, 4(s6)
core   0: 3 0x800026b2 (0x00cb0223) mem 0x80016d96 0x1
core   0: 0x800026b6 (0x004b1303) lh      t1, 4(s6)
core   0: 3 0x800026b6 (0x004b1303) x 6 0x00000001 mem 0x80016d96
core   0: 0x800026ba (0x004b0f83) lb      t6, 4(s6)
core   0: 3 0x800026ba (0x004b0f83) x31 0x00000001 mem 0x80016d96
core   0: 0x800026be (0x004b4803) lbu     a6, 4(s6)
core   0: 3 0x800026be (0x004b4803) x16 0x00000001 mem 0x80016d96
core   0: 0x800026c2 (0xfe4b0ea3) sb      tp, -3(s6)
core   0: 3 0x800026c2 (0xfe4b0ea3) mem 0x80016d8f 0x0
core   0: 0x800026c6 (0x002b4303) lbu     t1, 2(s6)
core   0: 3 0x800026c6 (0x002b4303) x 6 0x00000000 mem 0x80016d94
core   0: 0x800026ca (0xfe2b0aa3) sb      sp, -11(s6)
core   0: 3 0x800026ca (0xfe2b0aa3) mem 0x80016d87 0xfb
core   0: 0x800026ce (0x01cb04a3) sb      t3, 9(s6)
core   0: 3 0x800026ce (0x01cb04a3) mem 0x80016d9b 0x0
core   0: 0x800026d2 (0x003d55b3) srl     a1, s10, gp
core   0: 3 0x800026d2 (0x003d55b3) x11 0x8001b8b2
core   0: 0x800026d6 (0x009b4f03) lbu     t5, 9(s6)
core   0: 3 0x800026d6 (0x009b4f03) x30 0x00000000 mem 0x80016d9b
core   0: 0x800026da (0x601c4213) xori    tp, s8, 1537
core   0: 3 0x800026da (0x601c4213) x 4 0x00006b01
core   0: 0x800026de (0x009b4f83) lbu     t6, 9(s6)
core   0: 3 0x800026de (0x009b4f83) x31 0x00000000 mem 0x80016d9b
core   0: 0x800026e2 (0x0000100f) fence.i
core   0: 3 0x800026e2 (0x0000100f)
core   0: 0x800026e6 (0x000006fe) c.slli  a3, 31
core   0: 3 0x800026e6 (0x06fe) x13 0x00000000
core   0: 0x800026e8 (0x00eb04a3) sb      a4, 9(s6)
core   0: 3 0x800026e8 (0x00eb04a3) mem 0x80016d9b 0x0
core   0: 0x800026ec (0x002b2183) lw      gp, 2(s6)
core   0: 3 0x800026ec (0x002b2183) x 3 0x00010000 mem 0x80016d94
core   0: 0x800026f0 (0x002b5603) lhu     a2, 2(s6)
core   0: 3 0x800026f0 (0x002b5603) x12 0x00000000 mem 0x80016d94
core   0: 0x800026f4 (0x00011117) auipc   sp, 0x11
core   0: 3 0x800026f4 (0x00011117) x 2 0x800136f4
core   0: 0x800026f8 (0x4e210113) addi    sp, sp, 1250
core   0: 3 0x800026f8 (0x4e210113) x 2 0x80013bd6
core   0: 0x800026fc (0x013ccf33) xor     t5, s9, s3
core   0: 3 0x800026fc (0x013ccf33) x30 0xfffffff3
core   0: 0x80002700 (0xfd311a23) sh      s3, -44(sp)
core   0: 3 0x80002700 (0xfd311a23) mem 0x80013baa 0x0000
core   0: 0x80002704 (0xfc511a23) sh      t0, -44(sp)
core   0: 3 0x80002704 (0xfc511a23) mem 0x80013baa 0x0000
core   0: 0x80002708 (0x01c79e33) sll     t3, a5, t3
core   0: 3 0x80002708 (0x01c79e33) x28 0x80016ddd
core   0: 0x8000270c (0xfd411783) lh      a5, -44(sp)
core   0: 3 0x8000270c (0xfd411783) x15 0x00000000 mem 0x80013baa
core   0: 0x80002710 (0xfd610a23) sb      s6, -44(sp)
core   0: 3 0x80002710 (0xfd610a23) mem 0x80013baa 0x92
core   0: 0x80002714 (0xfc910a23) sb      s1, -44(sp)
core   0: 3 0x80002714 (0xfc910a23) mem 0x80013baa 0x64
core   0: 0x80002718 (0x0f511f23) sh      s5, 254(sp)
core   0: 3 0x80002718 (0x0f511f23) mem 0x80013cd4 0x0000
core   0: 0x8000271c (0x06910223) sb      s1, 100(sp)
core   0: 3 0x8000271c (0x06910223) mem 0x80013c3a 0x64
core   0: 0x80002720 (0x07611223) sh      s6, 100(sp)
core   0: 3 0x80002720 (0x07611223) mem 0x80013c3a 0x6d92
core   0: 0x80002724 (0x06410a03) lb      s4, 100(sp)
core   0: 3 0x80002724 (0x06410a03) x20 0xffffff92 mem 0x80013c3a
core   0: 0x80002728 (0x03531cb3) mulh    s9, t1, s5
core   0: 3 0x80002728 (0x03531cb3) x25 0x00000000
core   0: 0x8000272c (0x0f410ba3) sb      s4, 247(sp)
core   0: 3 0x8000272c (0x0f410ba3) mem 0x80013ccd 0x92
core   0: 0x80002730 (0x0001dd17) auipc   s10, 0x1d
core   0: 3 0x80002730 (0x0001dd17) x26 0x8001f730
core   0: 0x80002734 (0xd23d0d13) addi    s10, s10, -733
core   0: 3 0x80002734 (0xd23d0d13) x26 0x8001f453
core   0: 0x80002738 (0x00008f9d) c.sub   a5, a5
core   0: 3 0x80002738 (0x8f9d) x15 0x00000000
core   0: 0x8000273a (0x00000001) c.nop
core   0: 3 0x8000273a (0x0001)
core   0: 0x8000273c (0xfefd4703) lbu     a4, -17(s10)
core   0: 3 0x8000273c (0xfefd4703) x14 0x00000000 mem 0x8001f442
core   0: 0x80002740 (0xab9f0e37) lui     t3, 0xab9f0
core   0: 3 0x80002740 (0xab9f0e37) x28 0xab9f0000
core   0: 0x80002744 (0xfdcd18a3) sh      t3, -47(s10)
core   0: 3 0x80002744 (0xfdcd18a3) mem 0x8001f424 0x0000
core   0: 0x80002748 (0x014d2ea3) sw      s4, 29(s10)
core   0: 3 0x80002748 (0x014d2ea3) mem 0x8001f470 0xffffff92
core   0: 0x8000274c (0x0000717d) c.addi16sp sp, -16
core   0: 3 0x8000274c (0x717d) x 2 0x80013bc6
core   0: 0x8000274e (0xfc1d4683) lbu     a3, -63(s10)
core   0: 3 0x8000274e (0xfc1d4683) x13 0x00000000 mem 0x8001f414
core   0: 0x80002752 (0x49186f93) ori     t6, a6, 1169
core   0: 3 0x80002752 (0x49186f93) x31 0x00000491
core   0: 0x80002756 (0x00000479) c.addi  s0, 30
core   0: 3 0x80002756 (0x0479) x 8 0x0000001e
core   0: 0x80002758 (0x0000717d) c.addi16sp sp, -16
core   0: 3 0x80002758 (0x717d) x 2 0x80013bb6
core   0: 0x8000275a (0x004d4f03) lbu     t5, 4(s10)
core   0: 3 0x8000275a (0x004d4f03) x30 0x00000000 mem 0x8001f457
core   0: 0x8000275e (0x00008eb1) c.xor   a3, a2
core   0: 3 0x8000275e (0x8eb1) x13 0x00000000
core   0: 0x80002760 (0x00004de5) c.li    s11, 25
core   0: 3 0x80002760 (0x4de5) x27 0x00000019
core   0: 0x80002762 (0xfedd5a83) lhu     s5, -19(s10)
core   0: 3 0x80002762 (0xfedd5a83) x21 0x00000000 mem 0x8001f440
core   0: 0x80002766 (0xfd5d0a23) sb      s5, -44(s10)
core   0: 3 0x80002766 (0xfd5d0a23) mem 0x8001f427 0x0
core   0: 0x8000276a (0x00008d8d) c.sub   a1, a1
core   0: 3 0x8000276a (0x8d8d) x11 0x00000000
core   0: 0x8000276c (0x019d2583) lw      a1, 25(s10)
core   0: 3 0x8000276c (0x019d2583) x11 0x00000000 mem 0x8001f46c
core   0: 0x80002770 (0xfc7d0b23) sb      t2, -42(s10)
core   0: 3 0x80002770 (0xfc7d0b23) mem 0x8001f429 0x0
core   0: 0x80002774 (0xfe66f393) andi    t2, a3, -26
core   0: 3 0x80002774 (0xfe66f393) x 7 0x00000000
core   0: 0x80002778 (0x040d0c03) lb      s8, 64(s10)
core   0: 3 0x80002778 (0x040d0c03) x24 0x00000000 mem 0x8001f493
core   0: 0x8000277c (0x00008db5) c.xor   a1, a3
core   0: 3 0x8000277c (0x8db5) x11 0x00000000
core   0: 0x8000277e (0xfeed0183) lb      gp, -18(s10)
core   0: 3 0x8000277e (0xfeed0183) x 3 0x00000000 mem 0x8001f441
core   0: 0x80002782 (0x064843b7) lui     t2, 0x6484
core   0: 3 0x80002782 (0x064843b7) x 7 0x06484000
core   0: 0x80002786 (0xfc5d0823) sb      t0, -48(s10)
core   0: 3 0x80002786 (0xfc5d0823) mem 0x8001f423 0x0
core   0: 0x8000278a (0x02dd4b03) lbu     s6, 45(s10)
core   0: 3 0x8000278a (0x02dd4b03) x22 0x00000000 mem 0x8001f480
core   0: 0x8000278e (0x0001e397) auipc   t2, 0x1e
core   0: 3 0x8000278e (0x0001e397) x 7 0x8002078e
core   0: 0x80002792 (0xc7c38393) addi    t2, t2, -900
core   0: 3 0x80002792 (0xc7c38393) x 7 0x8002040a
core   0: 0x80002796 (0xff738403) lb      s0, -9(t2)
core   0: 3 0x80002796 (0xff738403) x 8 0x00000000 mem 0x80020401
core   0: 0x8000279a (0xff73c883) lbu     a7, -9(t2)
core   0: 3 0x8000279a (0xff73c883) x17 0x00000000 mem 0x80020401
core   0: 0x8000279e (0x01a386a3) sb      s10, 13(t2)
core   0: 3 0x8000279e (0x01a386a3) mem 0x80020417 0x53
core   0: 0x800027a2 (0xff93c303) lbu     t1, -7(t2)
core   0: 3 0x800027a2 (0xff93c303) x 6 0x00000000 mem 0x80020403
core   0: 0x800027a6 (0xfe538ca3) sb      t0, -7(t2)
core   0: 3 0x800027a6 (0xfe538ca3) mem 0x80020403 0x0
core   0: 0x800027aa (0x01638823) sb      s6, 16(t2)
core   0: 3 0x800027aa (0x01638823) mem 0x8002041a 0x0
core   0: 0x800027ae (0x00f38e03) lb      t3, 15(t2)
core   0: 3 0x800027ae (0x00f38e03) x28 0x00000000 mem 0x80020419
core   0: 0x800027b2 (0x016383a3) sb      s6, 7(t2)
core   0: 3 0x800027b2 (0x016383a3) mem 0x80020411 0x0
core   0: 0x800027b6 (0xff838ba3) sb      s8, -9(t2)
core   0: 3 0x800027b6 (0xff838ba3) mem 0x80020401 0x0
core   0: 0x800027ba (0xfaec2b93) slti    s7, s8, -82
core   0: 3 0x800027ba (0xfaec2b93) x23 0x00000000
core   0: 0x800027be (0xffa38ba3) sb      s10, -9(t2)
core   0: 3 0x800027be (0xffa38ba3) mem 0x80020401 0x53
core   0: 0x800027c2 (0xfef38aa3) sb      a5, -11(t2)
core   0: 3 0x800027c2 (0xfef38aa3) mem 0x800203ff 0x0
core   0: 0x800027c6 (0xffa3ab23) sw      s10, -10(t2)
core   0: 3 0x800027c6 (0xffa3ab23) mem 0x80020400 0x8001f453
core   0: 0x800027ca (0x0023ae03) lw      t3, 2(t2)
core   0: 3 0x800027ca (0x0023ae03) x28 0x00000000 mem 0x8002040c
core   0: 0x800027ce (0x00011617) auipc   a2, 0x11
core   0: 3 0x800027ce (0x00011617) x12 0x800137ce
core   0: 0x800027d2 (0xe9560613) addi    a2, a2, -363
core   0: 3 0x800027d2 (0xe9560613) x12 0x80013663
core   0: 0x800027d6 (0x000086d5) c.srai  a3, 21
core   0: 3 0x800027d6 (0x86d5) x13 0x00000000
core   0: 0x800027d8 (0xb5777593) andi    a1, a4, -1193
core   0: 3 0x800027d8 (0xb5777593) x11 0x00000000
core   0: 0x800027dc (0xc0a60a03) lb      s4, -1014(a2)
core   0: 3 0x800027dc (0xc0a60a03) x20 0x00000000 mem 0x8001326d
core   0: 0x800027e0 (0x020a40b3) div     ra, s4, zero
core   0: 3 0x800027e0 (0x020a40b3) x 1 0xffffffff
core   0: 0x800027e4 (0xd2365a83) lhu     s5, -733(a2)
core   0: 3 0x800027e4 (0xd2365a83) x21 0x00000000 mem 0x80013386
core   0: 0x800027e8 (0xe9160a03) lb      s4, -367(a2)
core   0: 3 0x800027e8 (0xe9160a03) x20 0x00000000 mem 0x800134f4
core   0: 0x800027ec (0xdee64403) lbu     s0, -530(a2)
core   0: 3 0x800027ec (0xdee64403) x 8 0x00000000 mem 0x80013451
core   0: 0x800027f0 (0x40495c93) srai    s9, s2, 4
core   0: 3 0x800027f0 (0x40495c93) x25 0xf8002cce
core   0: 0x800027f4 (0xa7b65a03) lhu     s4, -1413(a2)
core   0: 3 0x800027f4 (0xa7b65a03) x20 0x00000000 mem 0x800130de
core   0: 0x800027f8 (0xccc60403) lb      s0, -820(a2)
core   0: 3 0x800027f8 (0xccc60403) x 8 0x00000000 mem 0x8001332f
core   0: 0x800027fc (0x63c60e23) sb      t3, 1596(a2)
core   0: 3 0x800027fc (0x63c60e23) mem 0x80013c9f 0x0
core   0: 0x80002800 (0x42561aa3) sh      t0, 1077(a2)
core   0: 3 0x80002800 (0x42561aa3) mem 0x80013a98 0x0000
core   0: 0x80002804 (0xc5664183) lbu     gp, -938(a2)
core   0: 3 0x80002804 (0xc5664183) x 3 0x00000000 mem 0x800132b9
core   0: 0x80002808 (0x0000100f) fence.i
core   0: 3 0x80002808 (0x0000100f)
core   0: 0x8000280c (0x0000100f) fence.i
core   0: 3 0x8000280c (0x0000100f)
core   0: 0x80002810 (0x33aec213) xori    tp, t4, 826
core   0: 3 0x80002810 (0x33aec213) x 4 0x0000033a
core   0: 0x80002814 (0x4d764583) lbu     a1, 1239(a2)
core   0: 3 0x80002814 (0x4d764583) x11 0x00000000 mem 0x80013b3a
core   0: 0x80002818 (0x19560c23) sb      s5, 408(a2)
core   0: 3 0x80002818 (0x19560c23) mem 0x800137fb 0x0
core   0: 0x8000281c (0xfc812293) slti    t0, sp, -56
core   0: 3 0x8000281c (0xfc812293) x 5 0x00000001
core   0: 0x80002820 (0x01ea1c93) slli    s9, s4, 30
core   0: 3 0x80002820 (0x01ea1c93) x25 0x00000000
core   0: 0x80002824 (0x027837b3) mulhu   a5, a6, t2
core   0: 3 0x80002824 (0x027837b3) x15 0x00000000
core   0: 0x80002828 (0xe8561ea3) sh      t0, -355(a2)
core   0: 3 0x80002828 (0xe8561ea3) mem 0x80013500 0x0001
core   0: 0x8000282c (0x00008efd) c.and   a3, a5
core   0: 3 0x8000282c (0x8efd) x13 0x00000000
core   0: 0x8000282e (0xf0960703) lb      a4, -247(a2)
core   0: 3 0x8000282e (0xf0960703) x14 0x00000000 mem 0x8001356c
core   0: 0x80002832 (0x00008a76) c.mv    s4, t4
core   0: 3 0x80002832 (0x8a76) x20 0x00000000
core   0: 0x80002834 (0x27e60f83) lb      t6, 638(a2)
core   0: 3 0x80002834 (0x27e60f83) x31 0x00000000 mem 0x800138e1
core   0: 0x80002838 (0x00008fd5) c.or    a5, a3
core   0: 3 0x80002838 (0x8fd5) x15 0x00000000
core   0: 0x8000283a (0x00c2b433) sltu    s0, t0, a2
core   0: 3 0x8000283a (0x00c2b433) x 8 0x00000001
core   0: 0x8000283e (0x01f91db3) sll     s11, s2, t6
core   0: 3 0x8000283e (0x01f91db3) x27 0x8002cce4
core   0: 0x80002842 (0x23160323) sb      a7, 550(a2)
core   0: 3 0x80002842 (0x23160323) mem 0x80013889 0x0
core   0: 0x80002846 (0xaa165203) lhu     tp, -1375(a2)
core   0: 3 0x80002846 (0xaa165203) x 4 0x00000000 mem 0x80013104
core   0: 0x8000284a (0x42d61583) lh      a1, 1069(a2)
core   0: 3 0x8000284a (0x42d61583) x11 0x00000000 mem 0x80013a90
core   0: 0x8000284e (0x36e60003) lb      zero, 878(a2)
core   0: 3 0x8000284e (0x36e60003) mem 0x800139d1
core   0: 0x80002852 (0x0114d733) srl     a4, s1, a7
core   0: 3 0x80002852 (0x0114d733) x14 0x80028e64
core   0: 0x80002856 (0x0000547d) c.li    s0, -1
core   0: 3 0x80002856 (0x547d) x 8 0xffffffff
core   0: 0x80002858 (0x6f660103) lb      sp, 1782(a2)
core   0: 3 0x80002858 (0x6f660103) x 2 0x00000000 mem 0x80013d59
core   0: 0x8000285c (0x61e61aa3) sh      t5, 1557(a2)
core   0: 3 0x8000285c (0x61e61aa3) mem 0x80013c78 0x0000
core   0: 0x80002860 (0xfd060083) lb      ra, -48(a2)
core   0: 3 0x80002860 (0xfd060083) x 1 0x00000000 mem 0x80013633
core   0: 0x80002864 (0x00008ed5) c.or    a3, a3
core   0: 3 0x80002864 (0x8ed5) x13 0x00000000
core   0: 0x80002866 (0xea165303) lhu     t1, -351(a2)
core   0: 3 0x80002866 (0xea165303) x 6 0x00000000 mem 0x80013504
core   0: 0x8000286a (0x00000001) c.nop
core   0: 3 0x8000286a (0x0001)
core   0: 0x8000286c (0x18d60923) sb      a3, 402(a2)
core   0: 3 0x8000286c (0x18d60923) mem 0x800137f5 0x0
core   0: 0x80002870 (0x00005afd) c.li    s5, -1
core   0: 3 0x80002870 (0x5afd) x21 0xffffffff
core   0: 0x80002872 (0xcdb65c83) lhu     s9, -805(a2)
core   0: 3 0x80002872 (0xcdb65c83) x25 0x00000000 mem 0x8001333e
core   0: 0x80002876 (0x01103733) snez    a4, a7
core   0: 3 0x80002876 (0x01103733) x14 0x00000000
core   0: 0x8000287a (0x7cf617a3) sh      a5, 1999(a2)
core   0: 3 0x8000287a (0x7cf617a3) mem 0x80013e32 0x0000
core   0: 0x8000287e (0x00008abe) c.mv    s5, a5
core   0: 3 0x8000287e (0x8abe) x21 0x00000000
core   0: 0x80002880 (0x002a4033) xor     zero, s4, sp
core   0: 3 0x80002880 (0x002a4033)
core   0: 0x80002884 (0xccf64403) lbu     s0, -817(a2)
core   0: 3 0x80002884 (0xccf64403) x 8 0x00000000 mem 0x80013332
core   0: 0x80002888 (0x7e360e83) lb      t4, 2019(a2)
core   0: 3 0x80002888 (0x7e360e83) x29 0x00000000 mem 0x80013e46
core   0: 0x8000288c (0x00011597) auipc   a1, 0x11
core   0: 3 0x8000288c (0x00011597) x11 0x8001388c
core   0: 0x80002890 (0x8c458593) addi    a1, a1, -1852
core   0: 3 0x80002890 (0x8c458593) x11 0x80013150
core   0: 0x80002894 (0x00011417) auipc   s0, 0x11
core   0: 3 0x80002894 (0x00011417) x 8 0x80013894
core   0: 0x80002898 (0xb6340413) addi    s0, s0, -1181
core   0: 3 0x80002898 (0xb6340413) x 8 0x800133f7
core   0: 0x8000289c (0xfd55cc03) lbu     s8, -43(a1)
core   0: 3 0x8000289c (0xfd55cc03) x24 0x00000000 mem 0x80013125
core   0: 0x800028a0 (0x01340283) lb      t0, 19(s0)
core   0: 3 0x800028a0 (0x01340283) x 5 0x00000000 mem 0x8001340a
core   0: 0x800028a4 (0xfec40d83) lb      s11, -20(s0)
core   0: 3 0x800028a4 (0xfec40d83) x27 0x00000000 mem 0x800133e3
core   0: 0x800028a8 (0x0265d703) lhu     a4, 38(a1)
core   0: 3 0x800028a8 (0x0265d703) x14 0x00000000 mem 0x80013176
core   0: 0x800028ac (0xfc058983) lb      s3, -64(a1)
core   0: 3 0x800028ac (0xfc058983) x19 0x00000000 mem 0x80013110
core   0: 0x800028b0 (0x013403a3) sb      s3, 7(s0)
core   0: 3 0x800028b0 (0x013403a3) mem 0x800133fe 0x0
core   0: 0x800028b4 (0xfd145c03) lhu     s8, -47(s0)
core   0: 3 0x800028b4 (0xfd145c03) x24 0x00000000 mem 0x800133c8
core   0: 0x800028b8 (0x0125c803) lbu     a6, 18(a1)
core   0: 3 0x800028b8 (0x0125c803) x16 0x00000000 mem 0x80013162
core   0: 0x800028bc (0x01e59203) lh      tp, 30(a1)
core   0: 3 0x800028bc (0x01e59203) x 4 0x00000000 mem 0x8001316e
core   0: 0x800028c0 (0xfdf5c303) lbu     t1, -33(a1)
core   0: 3 0x800028c0 (0xfdf5c303) x 6 0x00000000 mem 0x8001312f
core   0: 0x800028c4 (0x03459383) lh      t2, 52(a1)
core   0: 3 0x800028c4 (0x03459383) x 7 0x00000000 mem 0x80013184
core   0: 0x800028c8 (0xff940703) lb      a4, -7(s0)
core   0: 3 0x800028c8 (0xff940703) x14 0x00000000 mem 0x800133f0
core   0: 0x800028cc (0x01358783) lb      a5, 19(a1)
core   0: 3 0x800028cc (0x01358783) x15 0x00000000 mem 0x80013163
core   0: 0x800028d0 (0x01d583a3) sb      t4, 7(a1)
core   0: 3 0x800028d0 (0x01d583a3) mem 0x80013157 0x0
core   0: 0x800028d4 (0x01740e23) sb      s7, 28(s0)
core   0: 3 0x800028d4 (0x01740e23) mem 0x80013413 0x0
core   0: 0x800028d8 (0x02040e23) sb      zero, 60(s0)
core   0: 3 0x800028d8 (0x02040e23) mem 0x80013433 0x0
core   0: 0x800028dc (0xfed58fa3) sb      a3, -1(a1)
core   0: 3 0x800028dc (0xfed58fa3) mem 0x8001314f 0x0
core   0: 0x800028e0 (0x00011117) auipc   sp, 0x11
core   0: 3 0x800028e0 (0x00011117) x 2 0x800138e0
core   0: 0x800028e4 (0xc4010113) addi    sp, sp, -960
core   0: 3 0x800028e4 (0xc4010113) x 2 0x80013520
core   0: 0x800028e8 (0xcfe10303) lb      t1, -770(sp)
core   0: 3 0x800028e8 (0xcfe10303) x 6 0x00000000 mem 0x8001321e
core   0: 0x800028ec (0x000085bd) c.srai  a1, 15
core   0: 3 0x800028ec (0x85bd) x11 0xffff0002
core   0: 0x800028ee (0xcfe15f03) lhu     t5, -770(sp)
core   0: 3 0x800028ee (0xcfe15f03) x30 0x00000000 mem 0x8001321e
core   0: 0x800028f2 (0x5ef10403) lb      s0, 1519(sp)
core   0: 3 0x800028f2 (0x5ef10403) x 8 0x00000000 mem 0x80013b0f
core   0: 0x800028f6 (0x5ef10803) lb      a6, 1519(sp)
core   0: 3 0x800028f6 (0x5ef10803) x16 0x00000000 mem 0x80013b0f
core   0: 0x800028fa (0xe1a11583) lh      a1, -486(sp)
core   0: 3 0x800028fa (0xe1a11583) x11 0x00000000 mem 0x8001333a
core   0: 0x800028fe (0x44f14d83) lbu     s11, 1103(sp)
core   0: 3 0x800028fe (0x44f14d83) x27 0x00000000 mem 0x8001396f
core   0: 0x80002902 (0x44f14d03) lbu     s10, 1103(sp)
core   0: 3 0x80002902 (0x44f14d03) x26 0x00000000 mem 0x8001396f
core   0: 0x80002906 (0x44f10003) lb      zero, 1103(sp)
core   0: 3 0x80002906 (0x44f10003) mem 0x8001396f
core   0: 0x8000290a (0x44f10e83) lb      t4, 1103(sp)
core   0: 3 0x8000290a (0x44f10e83) x29 0x00000000 mem 0x8001396f
core   0: 0x8000290e (0x44f10e03) lb      t3, 1103(sp)
core   0: 3 0x8000290e (0x44f10e03) x28 0x00000000 mem 0x8001396f
core   0: 0x80002912 (0x455107a3) sb      s5, 1103(sp)
core   0: 3 0x80002912 (0x455107a3) mem 0x8001396f 0x0
core   0: 0x80002916 (0x03475eb3) divu    t4, a4, s4
core   0: 3 0x80002916 (0x03475eb3) x29 0xffffffff
core   0: 0x8000291a (0x44f14d03) lbu     s10, 1103(sp)
core   0: 3 0x8000291a (0x44f14d03) x26 0x00000000 mem 0x8001396f
core   0: 0x8000291e (0x21b10583) lb      a1, 539(sp)
core   0: 3 0x8000291e (0x21b10583) x11 0x00000000 mem 0x8001373b
core   0: 0x80002922 (0xcf811303) lh      t1, -776(sp)
core   0: 3 0x80002922 (0xcf811303) x 6 0x00000000 mem 0x80013218
core   0: 0x80002926 (0xcf815883) lhu     a7, -776(sp)
core   0: 3 0x80002926 (0xcf815883) x17 0x00000000 mem 0x80013218
core   0: 0x8000292a (0xcec10c23) sb      a2, -776(sp)
core   0: 3 0x8000292a (0xcec10c23) mem 0x80013218 0x63
core   0: 0x8000292e (0x00000001) c.nop
core   0: 3 0x8000292e (0x0001)
core   0: 0x80002930 (0xcf512c23) sw      s5, -776(sp)
core   0: 3 0x80002930 (0xcf512c23) mem 0x80013218 0x00000000
core   0: 0x80002934 (0x00019117) auipc   sp, 0x19
core   0: 3 0x80002934 (0x00019117) x 2 0x8001b934
core   0: 0x80002938 (0x89b10113) addi    sp, sp, -1893
core   0: 3 0x80002938 (0x89b10113) x 2 0x8001b1cf
core   0: 0x8000293c (0x0ff0000f) fence   iorw,iorw
core   0: 3 0x8000293c (0x0ff0000f)
core   0: 0x80002940 (0x03310303) lb      t1, 51(sp)
core   0: 3 0x80002940 (0x03310303) x 6 0x00000000 mem 0x8001b202
core   0: 0x80002944 (0xfc810883) lb      a7, -56(sp)
core   0: 3 0x80002944 (0xfc810883) x17 0x00000000 mem 0x8001b197
core   0: 0x80002948 (0x0ff0000f) fence   iorw,iorw
core   0: 3 0x80002948 (0x0ff0000f)
core   0: 0x8000294c (0x0ff0000f) fence   iorw,iorw
core   0: 3 0x8000294c (0x0ff0000f)
core   0: 0x80002950 (0xfce119a3) sh      a4, -45(sp)
core   0: 3 0x80002950 (0xfce119a3) mem 0x8001b1a2 0x0000
core   0: 0x80002954 (0xfd314b03) lbu     s6, -45(sp)
core   0: 3 0x80002954 (0xfd314b03) x22 0x00000000 mem 0x8001b1a2
core   0: 0x80002958 (0x03614a03) lbu     s4, 54(sp)
core   0: 3 0x80002958 (0x03614a03) x20 0x00000000 mem 0x8001b205
core   0: 0x8000295c (0xfff14583) lbu     a1, -1(sp)
core   0: 3 0x8000295c (0xfff14583) x11 0x00000000 mem 0x8001b1ce
core   0: 0x80002960 (0x41e08ab3) sub     s5, ra, t5
core   0: 3 0x80002960 (0x41e08ab3) x21 0x00000000
core   0: 0x80002964 (0xff810fa3) sb      s8, -1(sp)
core   0: 3 0x80002964 (0xff810fa3) mem 0x8001b1ce 0x0
core   0: 0x80002968 (0x01510403) lb      s0, 21(sp)
core   0: 3 0x80002968 (0x01510403) x 8 0x00000000 mem 0x8001b1e4
core   0: 0x8000296c (0x03614e83) lbu     t4, 54(sp)
core   0: 3 0x8000296c (0x03614e83) x29 0x00000000 mem 0x8001b205
core   0: 0x80002970 (0x02610b23) sb      t1, 54(sp)
core   0: 3 0x80002970 (0x02610b23) mem 0x8001b205 0x0
core   0: 0x80002974 (0x03614a03) lbu     s4, 54(sp)
core   0: 3 0x80002974 (0x03614a03) x20 0x00000000 mem 0x8001b205
core   0: 0x80002978 (0xff4117a3) sh      s4, -17(sp)
core   0: 3 0x80002978 (0xff4117a3) mem 0x8001b1be 0x0000
core   0: 0x8000297c (0x00f10583) lb      a1, 15(sp)
core   0: 3 0x8000297c (0x00f10583) x11 0x00000000 mem 0x8001b1de
core   0: 0x80002980 (0x00a117a3) sh      a0, 15(sp)
core   0: 3 0x80002980 (0x00a117a3) mem 0x8001b1de 0x21da
core   0: 0x80002984 (0xfcb11d03) lh      s10, -53(sp)
core   0: 3 0x80002984 (0xfcb11d03) x26 0x00000000 mem 0x8001b19a
core   0: 0x80002988 (0x03095833) divu    a6, s2, a6
core   0: 3 0x80002988 (0x03095833) x16 0xffffffff
core   0: 0x8000298c (0x40e65433) sra     s0, a2, a4
core   0: 3 0x8000298c (0x40e65433) x 8 0x80013663
core   0: 0x80002990 (0xfcb10f83) lb      t6, -53(sp)
core   0: 3 0x80002990 (0xfcb10f83) x31 0x00000000 mem 0x8001b19a
core   0: 0x80002994 (0x00010417) auipc   s0, 0x10
core   0: 3 0x80002994 (0x00010417) x 8 0x80012994
core   0: 0x80002998 (0x7aa40413) addi    s0, s0, 1962
core   0: 3 0x80002998 (0x7aa40413) x 8 0x8001313e
core   0: 0x8000299c (0x00012d17) auipc   s10, 0x12
core   0: 3 0x8000299c (0x00012d17) x26 0x8001499c
core   0: 0x800029a0 (0xb72d0d13) addi    s10, s10, -1166
core   0: 3 0x800029a0 (0xb72d0d13) x26 0x8001450e
core   0: 0x800029a4 (0x15e407a3) sb      t5, 335(s0)
core   0: 3 0x800029a4 (0x15e407a3) mem 0x8001328d 0x0
core   0: 0x800029a8 (0xf6d42923) sw      a3, -142(s0)
core   0: 3 0x800029a8 (0xf6d42923) mem 0x800130b0 0x00000000
core   0: 0x800029ac (0xfb840ba3) sb      s8, -73(s0)
core   0: 3 0x800029ac (0xfb840ba3) mem 0x800130f5 0x0
core   0: 0x800029b0 (0xd1dd1523) sh      t4, -758(s10)
core   0: 3 0x800029b0 (0xd1dd1523) mem 0x80014218 0x0000
core   0: 0x800029b4 (0x3a0d5e83) lhu     t4, 928(s10)
core   0: 3 0x800029b4 (0x3a0d5e83) x29 0x00000000 mem 0x800148ae
core   0: 0x800029b8 (0x35540103) lb      sp, 853(s0)
core   0: 3 0x800029b8 (0x35540103) x 2 0x00000000 mem 0x80013493
core   0: 0x800029bc (0x1eb40103) lb      sp, 491(s0)
core   0: 3 0x800029bc (0x1eb40103) x 2 0x00000000 mem 0x80013329
core   0: 0x800029c0 (0x38ad2983) lw      s3, 906(s10)
core   0: 3 0x800029c0 (0x38ad2983) x19 0x00000000 mem 0x80014898
core   0: 0x800029c4 (0x08a41603) lh      a2, 138(s0)
core   0: 3 0x800029c4 (0x08a41603) x12 0x00000000 mem 0x800131c8
core   0: 0x800029c8 (0xb40d4e83) lbu     t4, -1216(s10)
core   0: 3 0x800029c8 (0xb40d4e83) x29 0x00000000 mem 0x8001404e
core   0: 0x800029cc (0xffc45d83) lhu     s11, -4(s0)
core   0: 3 0x800029cc (0xffc45d83) x27 0x00000000 mem 0x8001313a
core   0: 0x800029d0 (0x06dd04a3) sb      a3, 105(s10)
core   0: 3 0x800029d0 (0x06dd04a3) mem 0x80014577 0x0
core   0: 0x800029d4 (0x4f242e03) lw      t3, 1266(s0)
core   0: 3 0x800029d4 (0x4f242e03) x28 0x00000000 mem 0x80013630
core   0: 0x800029d8 (0xe2fd0883) lb      a7, -465(s10)
core   0: 3 0x800029d8 (0xe2fd0883) x17 0x00000000 mem 0x8001433d
core   0: 0x800029dc (0x03640823) sb      s6, 48(s0)
core   0: 3 0x800029dc (0x03640823) mem 0x8001316e 0x0
core   0: 0x800029e0 (0x29b40323) sb      s11, 646(s0)
core   0: 3 0x800029e0 (0x29b40323) mem 0x800133c4 0x0
core   0: 0x800029e4 (0x20ed5983) lhu     s3, 526(s10)
core   0: 3 0x800029e4 (0x20ed5983) x19 0x00000000 mem 0x8001471c
core   0: 0x800029e8 (0x00011897) auipc   a7, 0x11
core   0: 3 0x800029e8 (0x00011897) x17 0x800139e8
core   0: 0x800029ec (0x10a88893) addi    a7, a7, 266
core   0: 3 0x800029ec (0x10a88893) x17 0x80013af2
core   0: 0x800029f0 (0x00021797) auipc   a5, 0x21
core   0: 3 0x800029f0 (0x00021797) x15 0x800239f0
core   0: 0x800029f4 (0x85a78793) addi    a5, a5, -1958
core   0: 3 0x800029f4 (0x85a78793) x15 0x8002324a
core   0: 0x800029f8 (0x01478b03) lb      s6, 20(a5)
core   0: 3 0x800029f8 (0x01478b03) x22 0x00000000 mem 0x8002325e
core   0: 0x800029fc (0x0158a523) sw      s5, 10(a7)
core   0: 3 0x800029fc (0x0158a523) mem 0x80013afc 0x00000000
core   0: 0x80002a00 (0xfe188823) sb      ra, -16(a7)
core   0: 3 0x80002a00 (0xfe188823) mem 0x80013ae2 0x0
core   0: 0x80002a04 (0x01379d23) sh      s3, 26(a5)
core   0: 3 0x80002a04 (0x01379d23) mem 0x80023264 0x0000
core   0: 0x80002a08 (0x02f78c83) lb      s9, 47(a5)
core   0: 3 0x80002a08 (0x02f78c83) x25 0x00000000 mem 0x80023279
core   0: 0x80002a0c (0x0028a003) lw      zero, 2(a7)
core   0: 3 0x80002a0c (0x0028a003) mem 0x80013af4
core   0: 0x80002a10 (0x00588423) sb      t0, 8(a7)
core   0: 3 0x80002a10 (0x00588423) mem 0x80013afa 0x0
core   0: 0x80002a14 (0x00d88b03) lb      s6, 13(a7)
core   0: 3 0x80002a14 (0x00d88b03) x22 0x00000000 mem 0x80013aff
core   0: 0x80002a18 (0xff37cd03) lbu     s10, -13(a5)
core   0: 3 0x80002a18 (0xff37cd03) x26 0x00000000 mem 0x8002323d
core   0: 0x80002a1c (0x0098c203) lbu     tp, 9(a7)
core   0: 3 0x80002a1c (0x0098c203) x 4 0x00000000 mem 0x80013afb
core   0: 0x80002a20 (0x0227d403) lhu     s0, 34(a5)
core   0: 3 0x80002a20 (0x0227d403) x 8 0x00000000 mem 0x8002326c
core   0: 0x80002a24 (0xffc89683) lh      a3, -4(a7)
core   0: 3 0x80002a24 (0xffc89683) x13 0x00000000 mem 0x80013aee
core   0: 0x80002a28 (0x00788623) sb      t2, 12(a7)
core   0: 3 0x80002a28 (0x00788623) mem 0x80013afe 0x0
core   0: 0x80002a2c (0xffd88983) lb      s3, -3(a7)
core   0: 3 0x80002a2c (0xffd88983) x19 0x00000000 mem 0x80013aef
core   0: 0x80002a30 (0xff188583) lb      a1, -15(a7)
core   0: 3 0x80002a30 (0xff188583) x11 0x00000000 mem 0x80013ae3
core   0: 0x80002a34 (0xffe7cf83) lbu     t6, -2(a5)
core   0: 3 0x80002a34 (0xffe7cf83) x31 0x00000000 mem 0x80023248
core   0: 0x80002a38 (0x00011a97) auipc   s5, 0x11
core   0: 3 0x80002a38 (0x00011a97) x21 0x80013a38
core   0: 0x80002a3c (0x375a8a93) addi    s5, s5, 885
core   0: 3 0x80002a3c (0x375a8a93) x21 0x80013dad
core   0: 0x80002a40 (0x00009bfd) c.andi  a5, -1
core   0: 3 0x80002a40 (0x9bfd) x15 0x8002324a
core   0: 0x80002a42 (0x00aac603) lbu     a2, 10(s5)
core   0: 3 0x80002a42 (0x00aac603) x12 0x00000000 mem 0x80013db7
core   0: 0x80002a46 (0x0248d0b3) divu    ra, a7, tp
core   0: 3 0x80002a46 (0x0248d0b3) x 1 0xffffffff
core   0: 0x80002a4a (0xff6ac283) lbu     t0, -10(s5)
core   0: 3 0x80002a4a (0xff6ac283) x 5 0x00000000 mem 0x80013da3
core   0: 0x80002a4e (0xffbaa703) lw      a4, -5(s5)
core   0: 3 0x80002a4e (0xffbaa703) x14 0x00000000 mem 0x80013da8
core   0: 0x80002a52 (0xffba8da3) sb      s11, -5(s5)
core   0: 3 0x80002a52 (0xffba8da3) mem 0x80013da8 0x0
core   0: 0x80002a56 (0x017aa3a3) sw      s7, 7(s5)
core   0: 3 0x80002a56 (0x017aa3a3) mem 0x80013db4 0x00000000
core   0: 0x80002a5a (0x00fa9a03) lh      s4, 15(s5)
core   0: 3 0x80002a5a (0x00fa9a03) x20 0x00000000 mem 0x80013dbc
core   0: 0x80002a5e (0x002a8d83) lb      s11, 2(s5)
core   0: 3 0x80002a5e (0x002a8d83) x27 0x00000000 mem 0x80013daf
core   0: 0x80002a62 (0xfffa9c83) lh      s9, -1(s5)
core   0: 3 0x80002a62 (0xfffa9c83) x25 0x00000000 mem 0x80013dac
core   0: 0x80002a66 (0x02dbd2b3) divu    t0, s7, a3
core   0: 3 0x80002a66 (0x02dbd2b3) x 5 0xffffffff
core   0: 0x80002a6a (0xff2a8c23) sb      s2, -8(s5)
core   0: 3 0x80002a6a (0xff2a8c23) mem 0x80013da5 0xe4
core   0: 0x80002a6e (0xff3acc03) lbu     s8, -13(s5)
core   0: 3 0x80002a6e (0xff3acc03) x24 0x00000000 mem 0x80013da0
core   0: 0x80002a72 (0x57afca13) xori    s4, t6, 1402
core   0: 3 0x80002a72 (0x57afca13) x20 0x0000057a
core   0: 0x80002a76 (0x00dbd693) srli    a3, s7, 13
core   0: 3 0x80002a76 (0x00dbd693) x13 0x00000000
core   0: 0x80002a7a (0xffaaa9a3) sw      s10, -13(s5)
core   0: 3 0x80002a7a (0xffaaa9a3) mem 0x80013da0 0x00000000
core   0: 0x80002a7e (0xff4acd83) lbu     s11, -12(s5)
core   0: 3 0x80002a7e (0xff4acd83) x27 0x00000000 mem 0x80013da1
core   0: 0x80002a82 (0xff4acd03) lbu     s10, -12(s5)
core   0: 3 0x80002a82 (0xff4acd03) x26 0x00000000 mem 0x80013da1
core   0: 0x80002a86 (0xff1a8a23) sb      a7, -12(s5)
core   0: 3 0x80002a86 (0xff1a8a23) mem 0x80013da1 0xf2
core   0: 0x80002a8a (0x002a96a3) sh      sp, 13(s5)
core   0: 3 0x80002a8a (0x002a96a3) mem 0x80013dba 0x0000
core   0: 0x80002a8e (0x0001b117) auipc   sp, 0x1b
core   0: 3 0x80002a8e (0x0001b117) x 2 0x8001da8e
core   0: 0x80002a92 (0x2f110113) addi    sp, sp, 753
core   0: 3 0x80002a92 (0x2f110113) x 2 0x8001dd7f
core   0: 0x80002a96 (0xfed14403) lbu     s0, -19(sp)
core   0: 3 0x80002a96 (0xfed14403) x 8 0x00000000 mem 0x8001dd6c
core   0: 0x80002a9a (0xfd414683) lbu     a3, -44(sp)
core   0: 3 0x80002a9a (0xfd414683) x13 0x00000000 mem 0x8001dd53
core   0: 0x80002a9e (0xfe512203) lw      tp, -27(sp)
core   0: 3 0x80002a9e (0xfe512203) x 4 0x00000000 mem 0x8001dd64
core   0: 0x80002aa2 (0xffb102a3) sb      s11, -27(sp)
core   0: 3 0x80002aa2 (0xffb102a3) mem 0x8001dd64 0x0
core   0: 0x80002aa6 (0xfe512d03) lw      s10, -27(sp)
core   0: 3 0x80002aa6 (0xfe512d03) x26 0x00000000 mem 0x8001dd64
core   0: 0x80002aaa (0x00e14183) lbu     gp, 14(sp)
core   0: 3 0x80002aaa (0x00e14183) x 3 0x00000000 mem 0x8001dd8d
core   0: 0x80002aae (0x03810b83) lb      s7, 56(sp)
core   0: 3 0x80002aae (0x03810b83) x23 0x00000000 mem 0x8001ddb7
core   0: 0x80002ab2 (0x03a10c23) sb      s10, 56(sp)
core   0: 3 0x80002ab2 (0x03a10c23) mem 0x8001ddb7 0x0
core   0: 0x80002ab6 (0x03810403) lb      s0, 56(sp)
core   0: 3 0x80002ab6 (0x03810403) x 8 0x00000000 mem 0x8001ddb7
core   0: 0x80002aba (0x03010c23) sb      a6, 56(sp)
core   0: 3 0x80002aba (0x03010c23) mem 0x8001ddb7 0xff
core   0: 0x80002abe (0x02e10c23) sb      a4, 56(sp)
core   0: 3 0x80002abe (0x02e10c23) mem 0x8001ddb7 0x0
core   0: 0x80002ac2 (0x001109a3) sb      ra, 19(sp)
core   0: 3 0x80002ac2 (0x001109a3) mem 0x8001dd92 0xff
core   0: 0x80002ac6 (0xfdb15c83) lhu     s9, -37(sp)
core   0: 3 0x80002ac6 (0xfdb15c83) x25 0x00000000 mem 0x8001dd5a
core   0: 0x80002aca (0xfca10da3) sb      a0, -37(sp)
core   0: 3 0x80002aca (0xfca10da3) mem 0x8001dd5a 0xda
core   0: 0x80002ace (0xffe10d23) sb      t5, -6(sp)
core   0: 3 0x80002ace (0xffe10d23) mem 0x8001dd79 0x0
core   0: 0x80002ad2 (0x01e14d03) lbu     s10, 30(sp)
core   0: 3 0x80002ad2 (0x01e14d03) x26 0x00000000 mem 0x8001dd9d
core   0: 0x80002ad6 (0x01e14d03) lbu     s10, 30(sp)
core   0: 3 0x80002ad6 (0x01e14d03) x26 0x00000000 mem 0x8001dd9d
core   0: 0x80002ada (0x012a8d33) add     s10, s5, s2
core   0: 3 0x80002ada (0x012a8d33) x26 0x00040a91
core   0: 0x80002ade (0xfd310e23) sb      s3, -36(sp)
core   0: 3 0x80002ade (0xfd310e23) mem 0x8001dd5b 0x0
core   0: 0x80002ae2 (0xfda10e03) lb      t3, -38(sp)
core   0: 3 0x80002ae2 (0xfda10e03) x28 0x00000000 mem 0x8001dd59
core   0: 0x80002ae6 (0x00018117) auipc   sp, 0x18
core   0: 3 0x80002ae6 (0x00018117) x 2 0x8001aae6
core   0: 0x80002aea (0x28810113) addi    sp, sp, 648
core   0: 3 0x80002aea (0x28810113) x 2 0x8001ad6e
core   0: 0x80002aee (0x02011b83) lh      s7, 32(sp)
core   0: 3 0x80002aee (0x02011b83) x23 0x00000000 mem 0x8001ad8e
core   0: 0x80002af2 (0xfda11403) lh      s0, -38(sp)
core   0: 3 0x80002af2 (0xfda11403) x 8 0x00000000 mem 0x8001ad48
core   0: 0x80002af6 (0x01810eb3) add     t4, sp, s8
core   0: 3 0x80002af6 (0x01810eb3) x29 0x8001ad6e
core   0: 0x80002afa (0xfda10803) lb      a6, -38(sp)
core   0: 3 0x80002afa (0xfda10803) x16 0x00000000 mem 0x8001ad48
core   0: 0x80002afe (0xff714d03) lbu     s10, -9(sp)
core   0: 3 0x80002afe (0xff714d03) x26 0x00000000 mem 0x8001ad65
core   0: 0x80002b02 (0x03d14f03) lbu     t5, 61(sp)
core   0: 3 0x80002b02 (0x03d14f03) x30 0x00000000 mem 0x8001adab
core   0: 0x80002b06 (0x00d10183) lb      gp, 13(sp)
core   0: 3 0x80002b06 (0x00d10183) x 3 0x00000000 mem 0x8001ad7b
core   0: 0x80002b0a (0x03114583) lbu     a1, 49(sp)
core   0: 3 0x80002b0a (0x03114583) x11 0x00000000 mem 0x8001ad9f
core   0: 0x80002b0e (0x000099fd) c.andi  a1, -1
core   0: 3 0x80002b0e (0x99fd) x11 0x00000000
core   0: 0x80002b10 (0x00a88d33) add     s10, a7, a0
core   0: 3 0x80002b10 (0x00a88d33) x26 0x7d3f5ccc
core   0: 0x80002b14 (0x01b10303) lb      t1, 27(sp)
core   0: 3 0x80002b14 (0x01b10303) x 6 0x00000000 mem 0x8001ad89
core   0: 0x80002b18 (0x01b10583) lb      a1, 27(sp)
core   0: 3 0x80002b18 (0x01b10583) x11 0x00000000 mem 0x8001ad89
core   0: 0x80002b1c (0xfe815603) lhu     a2, -24(sp)
core   0: 3 0x80002b1c (0xfe815603) x12 0x00000000 mem 0x8001ad56
core   0: 0x80002b20 (0xfe510423) sb      t0, -24(sp)
core   0: 3 0x80002b20 (0xfe510423) mem 0x8001ad56 0xff
core   0: 0x80002b24 (0xfe815183) lhu     gp, -24(sp)
core   0: 3 0x80002b24 (0xfe815183) x 3 0x000000ff mem 0x8001ad56
core   0: 0x80002b28 (0x000c25b3) slt     a1, s8, zero
core   0: 3 0x80002b28 (0x000c25b3) x11 0x00000000
core   0: 0x80002b2c (0x014bedb3) or      s11, s7, s4
core   0: 3 0x80002b2c (0x014bedb3) x27 0x0000057a
core   0: 0x80002b30 (0xfe814a03) lbu     s4, -24(sp)
core   0: 3 0x80002b30 (0xfe814a03) x20 0x000000ff mem 0x8001ad56
core   0: 0x80002b34 (0xffc14d03) lbu     s10, -4(sp)
core   0: 3 0x80002b34 (0xffc14d03) x26 0x00000000 mem 0x8001ad6a
core   0: 0x80002b38 (0x00011c17) auipc   s8, 0x11
core   0: 3 0x80002b38 (0x00011c17) x24 0x80013b38
core   0: 0x80002b3c (0xd89c0c13) addi    s8, s8, -631
core   0: 3 0x80002b3c (0xd89c0c13) x24 0x800138c1
core   0: 0x80002b40 (0x00cc0ea3) sb      a2, 29(s8)
core   0: 3 0x80002b40 (0x00cc0ea3) mem 0x800138de 0x0
core   0: 0x80002b44 (0x01dc5e83) lhu     t4, 29(s8)
core   0: 3 0x80002b44 (0x01dc5e83) x29 0x00000000 mem 0x800138de
core   0: 0x80002b48 (0x017c0ea3) sb      s7, 29(s8)
core   0: 3 0x80002b48 (0x017c0ea3) mem 0x800138de 0x0
core   0: 0x80002b4c (0x0174d433) srl     s0, s1, s7
core   0: 3 0x80002b4c (0x0174d433) x 8 0x80028e64
core   0: 0x80002b50 (0x01dc4e03) lbu     t3, 29(s8)
core   0: 3 0x80002b50 (0x01dc4e03) x28 0x00000000 mem 0x800138de
core   0: 0x80002b54 (0xfd2c4103) lbu     sp, -46(s8)
core   0: 3 0x80002b54 (0xfd2c4103) x 2 0x00000000 mem 0x80013893
core   0: 0x80002b58 (0xff1c0983) lb      s3, -15(s8)
core   0: 3 0x80002b58 (0xff1c0983) x19 0x00000000 mem 0x800138b2
core   0: 0x80002b5c (0x00000001) c.nop
core   0: 3 0x80002b5c (0x0001)
core   0: 0x80002b5e (0xfd2c0323) sb      s2, -58(s8)
core   0: 3 0x80002b5e (0xfd2c0323) mem 0x80013887 0xe4
core   0: 0x80002b62 (0x03caf3b3) remu    t2, s5, t3
core   0: 3 0x80002b62 (0x03caf3b3) x 7 0x80013dad
core   0: 0x80002b66 (0x02dc0303) lb      t1, 45(s8)
core   0: 3 0x80002b66 (0x02dc0303) x 6 0x00000000 mem 0x800138ee
core   0: 0x80002b6a (0x02dc1283) lh      t0, 45(s8)
core   0: 3 0x80002b6a (0x02dc1283) x 5 0x00000000 mem 0x800138ee
core   0: 0x80002b6e (0x00008b75) c.andi  a4, 29
core   0: 3 0x80002b6e (0x8b75) x14 0x00000000
core   0: 0x80002b70 (0x02dc5103) lhu     sp, 45(s8)
core   0: 3 0x80002b70 (0x02dc5103) x 2 0x00000000 mem 0x800138ee
core   0: 0x80002b74 (0x241bf093) andi    ra, s7, 577
core   0: 3 0x80002b74 (0x241bf093) x 1 0x00000000
core   0: 0x80002b78 (0x031c16a3) sh      a7, 45(s8)
core   0: 3 0x80002b78 (0x031c16a3) mem 0x800138ee 0x3af2
core   0: 0x80002b7c (0xfe7c5603) lhu     a2, -25(s8)
core   0: 3 0x80002b7c (0xfe7c5603) x12 0x00000000 mem 0x800138a8
core   0: 0x80002b80 (0x00014d17) auipc   s10, 0x14
core   0: 3 0x80002b80 (0x00014d17) x26 0x80016b80
core   0: 0x80002b84 (0x6d1d0d13) addi    s10, s10, 1745
core   0: 3 0x80002b84 (0x6d1d0d13) x26 0x80017251
core   0: 0x80002b88 (0x00011e17) auipc   t3, 0x11
core   0: 3 0x80002b88 (0x00011e17) x28 0x80013b88
core   0: 0x80002b8c (0x8d0e0e13) addi    t3, t3, -1840
core   0: 3 0x80002b8c (0x8d0e0e13) x28 0x80013458
core   0: 0x80002b90 (0xf5de0103) lb      sp, -163(t3)
core   0: 3 0x80002b90 (0xf5de0103) x 2 0x00000000 mem 0x800133b5
core   0: 0x80002b94 (0x0bad0c03) lb      s8, 186(s10)
core   0: 3 0x80002b94 (0x0bad0c03) x24 0x00000000 mem 0x8001730b
core   0: 0x80002b98 (0x027e0b03) lb      s6, 39(t3)
core   0: 3 0x80002b98 (0x027e0b03) x22 0x00000000 mem 0x8001347f
core   0: 0x80002b9c (0x83dd0423) sb      t4, -2008(s10)
core   0: 3 0x80002b9c (0x83dd0423) mem 0x80016a79 0x0
core   0: 0x80002ba0 (0xf4ee5083) lhu     ra, -178(t3)
core   0: 3 0x80002ba0 (0xf4ee5083) x 1 0x00000000 mem 0x800133a6
core   0: 0x80002ba4 (0xc68d0a03) lb      s4, -920(s10)
core   0: 3 0x80002ba4 (0xc68d0a03) x20 0x00000000 mem 0x80016eb9
core   0: 0x80002ba8 (0xf73e05a3) sb      s3, -149(t3)
core   0: 3 0x80002ba8 (0xf73e05a3) mem 0x800133c3 0x0
core   0: 0x80002bac (0x06be0b03) lb      s6, 107(t3)
core   0: 3 0x80002bac (0x06be0b03) x22 0x00000000 mem 0x800134c3
core   0: 0x80002bb0 (0x305d1c83) lh      s9, 773(s10)
core   0: 3 0x80002bb0 (0x305d1c83) x25 0x00000000 mem 0x80017556
core   0: 0x80002bb4 (0xf5be4e83) lbu     t4, -165(t3)
core   0: 3 0x80002bb4 (0xf5be4e83) x29 0x00000000 mem 0x800133b3
core   0: 0x80002bb8 (0x6b4d4583) lbu     a1, 1716(s10)
core   0: 3 0x80002bb8 (0x6b4d4583) x11 0x00000000 mem 0x80017905
core   0: 0x80002bbc (0x00011097) auipc   ra, 0x11
core   0: 3 0x80002bbc (0x00011097) x 1 0x80013bbc
core   0: 0x80002bc0 (0xeaf08093) addi    ra, ra, -337
core   0: 3 0x80002bc0 (0xeaf08093) x 1 0x80013a6b
core   0: 0x80002bc4 (0x00011e17) auipc   t3, 0x11
core   0: 3 0x80002bc4 (0x00011e17) x28 0x80013bc4
core   0: 0x80002bc8 (0x987e0e13) addi    t3, t3, -1657
core   0: 3 0x80002bc8 (0x987e0e13) x28 0x8001354b
core   0: 0x80002bcc (0x00011b17) auipc   s6, 0x11
core   0: 3 0x80002bcc (0x00011b17) x22 0x80013bcc
core   0: 0x80002bd0 (0xab7b0b13) addi    s6, s6, -1353
core   0: 3 0x80002bd0 (0xab7b0b13) x22 0x80013683
core   0: 0x80002bd4 (0xff7e4383) lbu     t2, -9(t3)
core   0: 3 0x80002bd4 (0xff7e4383) x 7 0x00000000 mem 0x80013542
core   0: 0x80002bd8 (0xff808a03) lb      s4, -8(ra)
core   0: 3 0x80002bd8 (0xff808a03) x20 0x00000000 mem 0x80013a63
core   0: 0x80002bdc (0x00f08183) lb      gp, 15(ra)
core   0: 3 0x80002bdc (0x00f08183) x 3 0x00000000 mem 0x80013a7a
core   0: 0x80002be0 (0xff6b0883) lb      a7, -10(s6)
core   0: 3 0x80002be0 (0xff6b0883) x17 0x00000000 mem 0x80013679
core   0: 0x80002be4 (0xff508923) sb      s5, -14(ra)
core   0: 3 0x80002be4 (0xff508923) mem 0x80013a5d 0xad
core   0: 0x80002be8 (0x00808e83) lb      t4, 8(ra)
core   0: 3 0x80002be8 (0x00808e83) x29 0x00000000 mem 0x80013a73
core   0: 0x80002bec (0x000e4b83) lbu     s7, 0(t3)
core   0: 3 0x80002bec (0x000e4b83) x23 0x00000000 mem 0x8001354b
core   0: 0x80002bf0 (0xfc7b1fa3) sh      t2, -33(s6)
core   0: 3 0x80002bf0 (0xfc7b1fa3) mem 0x80013662 0x0000
core   0: 0x80002bf4 (0x006e0223) sb      t1, 4(t3)
core   0: 3 0x80002bf4 (0x006e0223) mem 0x8001354f 0x0
core   0: 0x80002bf8 (0xff7e0683) lb      a3, -9(t3)
core   0: 3 0x80002bf8 (0xff7e0683) x13 0x00000000 mem 0x80013542
core   0: 0x80002bfc (0xfe808d23) sb      s0, -6(ra)
core   0: 3 0x80002bfc (0xfe808d23) mem 0x80013a65 0x64
core   0: 0x80002c00 (0xff20ca03) lbu     s4, -14(ra)
core   0: 3 0x80002c00 (0xff20ca03) x20 0x000000ad mem 0x80013a5d
core   0: 0x80002c04 (0xfec08c23) sb      a2, -8(ra)
core   0: 3 0x80002c04 (0xfec08c23) mem 0x80013a63 0x0
core   0: 0x80002c08 (0xffae4003) lbu     zero, -6(t3)
core   0: 3 0x80002c08 (0xffae4003) mem 0x80013545
core   0: 0x80002c0c (0x001e0d03) lb      s10, 1(t3)
core   0: 3 0x80002c0c (0x001e0d03) x26 0x00000000 mem 0x8001354c
core   0: 0x80002c10 (0x013b0923) sb      s3, 18(s6)
core   0: 3 0x80002c10 (0x013b0923) mem 0x80013695 0x0
core   0: 0x80002c14 (0x0010c103) lbu     sp, 1(ra)
core   0: 3 0x80002c14 (0x0010c103) x 2 0x00000000 mem 0x80013a6c
core   0: 0x80002c18 (0x00fe06a3) sb      a5, 13(t3)
core   0: 3 0x80002c18 (0x00fe06a3) mem 0x80013558 0x4a
core   0: 0x80002c1c (0x033b07a3) sb      s3, 47(s6)
core   0: 3 0x80002c1c (0x033b07a3) mem 0x800136b2 0x0
core   0: 0x80002c20 (0xfffe0da3) sb      t6, -5(t3)
core   0: 3 0x80002c20 (0xfffe0da3) mem 0x80013546 0x0
core   0: 0x80002c24 (0x004e0d03) lb      s10, 4(t3)
core   0: 3 0x80002c24 (0x004e0d03) x26 0x00000000 mem 0x8001354f
core   0: 0x80002c28 (0xffa08283) lb      t0, -6(ra)
core   0: 3 0x80002c28 (0xffa08283) x 5 0x00000064 mem 0x80013a65
core   0: 0x80002c2c (0x008e0583) lb      a1, 8(t3)
core   0: 3 0x80002c2c (0x008e0583) x11 0x00000000 mem 0x80013553
core   0: 0x80002c30 (0x027b0a03) lb      s4, 39(s6)
core   0: 3 0x80002c30 (0x027b0a03) x20 0x00000000 mem 0x800136aa
core   0: 0x80002c34 (0x00016697) auipc   a3, 0x16
core   0: 3 0x80002c34 (0x00016697) x13 0x80018c34
core   0: 0x80002c38 (0x44e68693) addi    a3, a3, 1102
core   0: 3 0x80002c38 (0x44e68693) x13 0x80019082
core   0: 0x80002c3c (0xb4f68303) lb      t1, -1201(a3)
core   0: 3 0x80002c3c (0xb4f68303) x 6 0x00000000 mem 0x80018bd1
core   0: 0x80002c40 (0x00011997) auipc   s3, 0x11
core   0: 3 0x80002c40 (0x00011997) x19 0x80013c40
core   0: 0x80002c44 (0x06a98993) addi    s3, s3, 106
core   0: 3 0x80002c44 (0x06a98993) x19 0x80013caa
core   0: 0x80002c48 (0xff6984a3) sb      s6, -23(s3)
core   0: 3 0x80002c48 (0xff6984a3) mem 0x80013c93 0x83
core   0: 0x80002c4c (0x34768003) lb      zero, 839(a3)
core   0: 3 0x80002c4c (0x34768003) mem 0x800193c9
core   0: 0x80002c50 (0xf739cc03) lbu     s8, -141(s3)
core   0: 3 0x80002c50 (0xf739cc03) x24 0x00000000 mem 0x80013c1d
core   0: 0x80002c54 (0x4476cf83) lbu     t6, 1095(a3)
core   0: 3 0x80002c54 (0x4476cf83) x31 0x00000000 mem 0x800194c9
core   0: 0x80002c58 (0xf8f9ca03) lbu     s4, -113(s3)
core   0: 3 0x80002c58 (0xf8f9ca03) x20 0x00000000 mem 0x80013c39
core   0: 0x80002c5c (0x7ce69923) sh      a4, 2002(a3)
core   0: 3 0x80002c5c (0x7ce69923) mem 0x80019854 0x0000
core   0: 0x80002c60 (0xfe19c803) lbu     a6, -31(s3)
core   0: 3 0x80002c60 (0xfe19c803) x16 0x00000000 mem 0x80013c8b
core   0: 0x80002c64 (0x06399e23) sh      gp, 124(s3)
core   0: 3 0x80002c64 (0x06399e23) mem 0x80013d26 0x0000
core   0: 0x80002c68 (0x2b568d83) lb      s11, 693(a3)
core   0: 3 0x80002c68 (0x2b568d83) x27 0x00000000 mem 0x80019337
core   0: 0x80002c6c (0xf689a523) sw      s0, -150(s3)
core   0: 3 0x80002c6c (0xf689a523) mem 0x80013c14 0x80028e64
core   0: 0x80002c70 (0x4db6cf03) lbu     t5, 1243(a3)
core   0: 3 0x80002c70 (0x4db6cf03) x30 0x00000000 mem 0x8001955d
core   0: 0x80002c74 (0xf189cc03) lbu     s8, -232(s3)
core   0: 3 0x80002c74 (0xf189cc03) x24 0x00000000 mem 0x80013bc2
core   0: 0x80002c78 (0xf2068d23) sb      zero, -198(a3)
core   0: 3 0x80002c78 (0xf2068d23) mem 0x80018fbc 0x0
core   0: 0x80002c7c (0x09b9ce03) lbu     t3, 155(s3)
core   0: 3 0x80002c7c (0x09b9ce03) x28 0x00000000 mem 0x80013d45
core   0: 0x80002c80 (0xcf4682a3) sb      s4, -795(a3)
core   0: 3 0x80002c80 (0xcf4682a3) mem 0x80018d67 0x0
core   0: 0x80002c84 (0x00011117) auipc   sp, 0x11
core   0: 3 0x80002c84 (0x00011117) x 2 0x80013c84
core   0: 0x80002c88 (0xf7f10113) addi    sp, sp, -129
core   0: 3 0x80002c88 (0xf7f10113) x 2 0x80013c03
core   0: 0x80002c8c (0x00006a09) c.lui   s4, 0x2
core   0: 3 0x80002c8c (0x6a09) x20 0x00002000
core   0: 0x80002c8e (0x4140d793) srai    a5, ra, 20
core   0: 3 0x80002c8e (0x4140d793) x15 0xfffff800
core   0: 0x80002c92 (0x010105a3) sb      a6, 11(sp)
core   0: 3 0x80002c92 (0x010105a3) mem 0x80013c0e 0x0
core   0: 0x80002c96 (0x01110323) sb      a7, 6(sp)
core   0: 3 0x80002c96 (0x01110323) mem 0x80013c09 0x0
core   0: 0x80002c9a (0x01010523) sb      a6, 10(sp)
core   0: 3 0x80002c9a (0x01010523) mem 0x80013c0d 0x0
core   0: 0x80002c9e (0xfeb11fa3) sh      a1, -1(sp)
core   0: 3 0x80002c9e (0xfeb11fa3) mem 0x80013c02 0x0000
core   0: 0x80002ca2 (0xff211da3) sh      s2, -5(sp)
core   0: 3 0x80002ca2 (0xff211da3) mem 0x80013bfe 0xcce4
core   0: 0x80002ca6 (0x02354e33) div     t3, a0, gp
core   0: 3 0x80002ca6 (0x02354e33) x28 0xffffffff
core   0: 0x80002caa (0x00a10a03) lb      s4, 10(sp)
core   0: 3 0x80002caa (0x00a10a03) x20 0x00000000 mem 0x80013c0d
core   0: 0x80002cae (0x037630b3) mulhu   ra, a2, s7
core   0: 3 0x80002cae (0x037630b3) x 1 0x00000000
core   0: 0x80002cb2 (0x00b10f83) lb      t6, 11(sp)
core   0: 3 0x80002cb2 (0x00b10f83) x31 0x00000000 mem 0x80013c0e
core   0: 0x80002cb6 (0x00b15883) lhu     a7, 11(sp)
core   0: 3 0x80002cb6 (0x00b15883) x17 0x00000000 mem 0x80013c0e
core   0: 0x80002cba (0x00632433) slt     s0, t1, t1
core   0: 3 0x80002cba (0x00632433) x 8 0x00000000
core   0: 0x80002cbe (0x56c52613) slti    a2, a0, 1388
core   0: 3 0x80002cbe (0x56c52613) x12 0x00000001
core   0: 0x80002cc2 (0x81ca7593) andi    a1, s4, -2020
core   0: 3 0x80002cc2 (0x81ca7593) x11 0x00000000
core   0: 0x80002cc6 (0x28b7f437) lui     s0, 0x28b7f
core   0: 3 0x80002cc6 (0x28b7f437) x 8 0x28b7f000
core   0: 0x80002cca (0x3a183f13) sltiu   t5, a6, 929
core   0: 3 0x80002cca (0x3a183f13) x30 0x00000001
core   0: 0x80002cce (0x0079b433) sltu    s0, s3, t2
core   0: 3 0x80002cce (0x0079b433) x 8 0x00000000
core   0: 0x80002cd2 (0x03e960b3) rem     ra, s2, t5
core   0: 3 0x80002cd2 (0x03e960b3) x 1 0x00000000
core   0: 0x80002cd6 (0x0047eab3) or      s5, a5, tp
core   0: 3 0x80002cd6 (0x0047eab3) x21 0xfffff800
core   0: 0x80002cda (0x00010683) lb      a3, 0(sp)
core   0: 3 0x80002cda (0x00010683) x13 0x00000000 mem 0x80013c03
core   0: 0x80002cde (0x0000100f) fence.i
core   0: 3 0x80002cde (0x0000100f)
core   0: 0x80002ce2 (0xff610683) lb      a3, -10(sp)
core   0: 3 0x80002ce2 (0xff610683) x13 0x00000000 mem 0x80013bf9
core   0: 0x80002ce6 (0xff714183) lbu     gp, -9(sp)
core   0: 3 0x80002ce6 (0xff714183) x 3 0x00000000 mem 0x80013bfa
core   0: 0x80002cea (0x45232213) slti    tp, t1, 1106
core   0: 3 0x80002cea (0x45232213) x 4 0x00000001
core   0: 0x80002cee (0x1b62e413) ori     s0, t0, 438
core   0: 3 0x80002cee (0x1b62e413) x 8 0x000001f6
core   0: 0x80002cf2 (0x000095d2) c.add   a1, s4
core   0: 3 0x80002cf2 (0x95d2) x11 0x00000000
core   0: 0x80002cf4 (0xff111ca3) sh      a7, -7(sp)
core   0: 3 0x80002cf4 (0xff111ca3) mem 0x80013bfc 0x0000
core   0: 0x80002cf8 (0x41a18fb3) sub     t6, gp, s10
core   0: 3 0x80002cf8 (0x41a18fb3) x31 0x00000000
core   0: 0x80002cfc (0x00010c03) lb      s8, 0(sp)
core   0: 3 0x80002cfc (0x00010c03) x24 0x00000000 mem 0x80013c03
core   0: 0x80002d00 (0xff814c83) lbu     s9, -8(sp)
core   0: 3 0x80002d00 (0xff814c83) x25 0x00000000 mem 0x80013bfb
core   0: 0x80002d04 (0xff211da3) sh      s2, -5(sp)
core   0: 3 0x80002d04 (0xff211da3) mem 0x80013bfe 0xcce4
core   0: 0x80002d08 (0x67633e93) sltiu   t4, t1, 1654
core   0: 3 0x80002d08 (0x67633e93) x29 0x00000001
core   0: 0x80002d0c (0x00c10623) sb      a2, 12(sp)
core   0: 3 0x80002d0c (0x00c10623) mem 0x80013c0f 0x1
core   0: 0x80002d10 (0x00000292) c.slli  t0, 4
core   0: 3 0x80002d10 (0x0292) x 5 0x00000640
core   0: 0x80002d12 (0x00e51c13) slli    s8, a0, 14
core   0: 3 0x80002d12 (0x00e51c13) x24 0x88768000
core   0: 0x80002d16 (0x03e82d33) mulhsu  s10, a6, t5
core   0: 3 0x80002d16 (0x03e82d33) x26 0x00000000
core   0: 0x80002d1a (0x00b63433) sltu    s0, a2, a1
core   0: 3 0x80002d1a (0x00b63433) x 8 0x00000000
core   0: 0x80002d1e (0xfee10923) sb      a4, -14(sp)
core   0: 3 0x80002d1e (0xfee10923) mem 0x80013bf5 0x0
core   0: 0x80002d22 (0x000000f6) c.slli  ra, 29
core   0: 3 0x80002d22 (0x00f6) x 1 0x00000000
core   0: 0x80002d24 (0x00cc6bb3) or      s7, s8, a2
core   0: 3 0x80002d24 (0x00cc6bb3) x23 0x88768001
core   0: 0x80002d28 (0x00008db5) c.xor   a1, a3
core   0: 3 0x80002d28 (0x8db5) x11 0x00000000
core   0: 0x80002d2a (0x0138f733) and     a4, a7, s3
core   0: 3 0x80002d2a (0x0138f733) x14 0x00000000
core   0: 0x80002d2e (0x01cf7b33) and     s6, t5, t3
core   0: 3 0x80002d2e (0x01cf7b33) x22 0x00000001
core   0: 0x80002d32 (0x00514283) lbu     t0, 5(sp)
core   0: 3 0x80002d32 (0x00514283) x 5 0x00000000 mem 0x80013c08
core   0: 0x80002d36 (0x00010117) auipc   sp, 0x10
core   0: 3 0x80002d36 (0x00010117) x 2 0x80012d36
core   0: 0x80002d3a (0x70d10113) addi    sp, sp, 1805
core   0: 3 0x80002d3a (0x70d10113) x 2 0x80013443
core   0: 0x80002d3e (0xfe810ba3) sb      s0, -9(sp)
core   0: 3 0x80002d3e (0xfe810ba3) mem 0x8001343a 0x0
core   0: 0x80002d42 (0xffc14783) lbu     a5, -4(sp)
core   0: 3 0x80002d42 (0xffc14783) x15 0x00000000 mem 0x8001343f
core   0: 0x80002d46 (0x00a15a13) srli    s4, sp, 10
core   0: 3 0x80002d46 (0x00a15a13) x20 0x0020004d
core   0: 0x80002d4a (0x00008da5) c.xor   a1, s1
core   0: 3 0x80002d4a (0x8da5) x11 0x80028e64
core   0: 0x80002d4c (0xfff10a23) sb      t6, -12(sp)
core   0: 3 0x80002d4c (0xfff10a23) mem 0x80013437 0x0
core   0: 0x80002d50 (0xff714403) lbu     s0, -9(sp)
core   0: 3 0x80002d50 (0xff714403) x 8 0x00000000 mem 0x8001343a
core   0: 0x80002d54 (0x00214b83) lbu     s7, 2(sp)
core   0: 3 0x80002d54 (0x00214b83) x23 0x00000000 mem 0x80013445
core   0: 0x80002d58 (0x01692bb3) slt     s7, s2, s6
core   0: 3 0x80002d58 (0x01692bb3) x23 0x00000001
core   0: 0x80002d5c (0x00210683) lb      a3, 2(sp)
core   0: 3 0x80002d5c (0x00210683) x13 0x00000000 mem 0x80013445
core   0: 0x80002d60 (0x01510823) sb      s5, 16(sp)
core   0: 3 0x80002d60 (0x01510823) mem 0x80013453 0x0
core   0: 0x80002d64 (0x00711283) lh      t0, 7(sp)
core   0: 3 0x80002d64 (0x00711283) x 5 0x00000000 mem 0x8001344a
core   0: 0x80002d68 (0xfe110da3) sb      ra, -5(sp)
core   0: 3 0x80002d68 (0xfe110da3) mem 0x8001343e 0x0
core   0: 0x80002d6c (0xff0109a3) sb      a6, -13(sp)
core   0: 3 0x80002d6c (0xff0109a3) mem 0x80013436 0x0
core   0: 0x80002d70 (0x00014803) lbu     a6, 0(sp)
core   0: 3 0x80002d70 (0x00014803) x16 0x00000000 mem 0x80013443
core   0: 0x80002d74 (0x011117a3) sh      a7, 15(sp)
core   0: 3 0x80002d74 (0x011117a3) mem 0x80013452 0x0000
core   0: 0x80002d78 (0x0001ec97) auipc   s9, 0x1e
core   0: 3 0x80002d78 (0x0001ec97) x25 0x80020d78
core   0: 0x80002d7c (0xdf1c8c93) addi    s9, s9, -527
core   0: 3 0x80002d7c (0xdf1c8c93) x25 0x80020b69
core   0: 0x80002d80 (0x0001a817) auipc   a6, 0x1a
core   0: 3 0x80002d80 (0x0001a817) x16 0x8001cd80
core   0: 0x80002d84 (0xb3d80813) addi    a6, a6, -1219
core   0: 3 0x80002d84 (0xb3d80813) x16 0x8001c8bd
core   0: 0x80002d88 (0x756c8103) lb      sp, 1878(s9)
core   0: 3 0x80002d88 (0x756c8103) x 2 0xffffffb1 mem 0x800212bf
core   0: 0x80002d8c (0x00014197) auipc   gp, 0x14
core   0: 3 0x80002d8c (0x00014197) x 3 0x80016d8c
core   0: 0x80002d90 (0x1fa18193) addi    gp, gp, 506
core   0: 3 0x80002d90 (0x1fa18193) x 3 0x80016f86
core   0: 0x80002d94 (0xfe918f83) lb      t6, -23(gp)
core   0: 3 0x80002d94 (0xfe918f83) x31 0x00000000 mem 0x80016f6f
core   0: 0x80002d98 (0xcc0c8f83) lb      t6, -832(s9)
core   0: 3 0x80002d98 (0xcc0c8f83) x31 0x00000000 mem 0x80020829
core   0: 0x80002d9c (0x03f18b03) lb      s6, 63(gp)
core   0: 3 0x80002d9c (0x03f18b03) x22 0x00000000 mem 0x80016fc5
core   0: 0x80002da0 (0x50cccb83) lbu     s7, 1292(s9)
core   0: 3 0x80002da0 (0x50cccb83) x23 0x00000000 mem 0x80021075
core   0: 0x80002da4 (0xf7381583) lh      a1, -141(a6)
core   0: 3 0x80002da4 (0xf7381583) x11 0x00000000 mem 0x8001c830
core   0: 0x80002da8 (0x2fcccf83) lbu     t6, 764(s9)
core   0: 3 0x80002da8 (0x2fcccf83) x31 0x00000000 mem 0x80020e65
core   0: 0x80002dac (0x49bc8e23) sb      s11, 1180(s9)
core   0: 3 0x80002dac (0x49bc8e23) mem 0x80021005 0x0
core   0: 0x80002db0 (0x01419b03) lh      s6, 20(gp)
core   0: 3 0x80002db0 (0x01419b03) x22 0x00000000 mem 0x80016f9a
core   0: 0x80002db4 (0x309cc283) lbu     t0, 777(s9)
core   0: 3 0x80002db4 (0x309cc283) x 5 0x00000000 mem 0x80020e72
core   0: 0x80002db8 (0xf82c8023) sb      sp, -128(s9)
core   0: 3 0x80002db8 (0xf82c8023) mem 0x80020ae9 0xb1
core   0: 0x80002dbc (0xf60827a3) sw      zero, -145(a6)
core   0: 3 0x80002dbc (0xf60827a3) mem 0x8001c82c 0x00000000
core   0: 0x80002dc0 (0xfdb82403) lw      s0, -37(a6)
core   0: 3 0x80002dc0 (0xfdb82403) x 8 0x00000000 mem 0x8001c898
core   0: 0x80002dc4 (0x00018c03) lb      s8, 0(gp)
core   0: 3 0x80002dc4 (0x00018c03) x24 0x00000000 mem 0x80016f86
core   0: 0x80002dc8 (0xfeb18583) lb      a1, -21(gp)
core   0: 3 0x80002dc8 (0xfeb18583) x11 0x00000000 mem 0x80016f71
core   0: 0x80002dcc (0x08280c03) lb      s8, 130(a6)
core   0: 3 0x80002dcc (0x08280c03) x24 0x00000000 mem 0x8001c93f
core   0: 0x80002dd0 (0x00e80583) lb      a1, 14(a6)
core   0: 3 0x80002dd0 (0x00e80583) x11 0x00000000 mem 0x8001c8cb
core   0: 0x80002dd4 (0xe4dc93a3) sh      a3, -441(s9)
core   0: 3 0x80002dd4 (0xe4dc93a3) mem 0x800209b0 0x0000
core   0: 0x80002dd8 (0x00e1c403) lbu     s0, 14(gp)
core   0: 3 0x80002dd8 (0x00e1c403) x 8 0x00000000 mem 0x80016f94
core   0: 0x80002ddc (0x0161a603) lw      a2, 22(gp)
core   0: 3 0x80002ddc (0x0161a603) x12 0x00000000 mem 0x80016f9c
core   0: 0x80002de0 (0x03d18ca3) sb      t4, 57(gp)
core   0: 3 0x80002de0 (0x03d18ca3) mem 0x80016fbf 0x1
core   0: 0x80002de4 (0x0001be97) auipc   t4, 0x1b
core   0: 3 0x80002de4 (0x0001be97) x29 0x8001dde4
core   0: 0x80002de8 (0x4ede8e93) addi    t4, t4, 1261
core   0: 3 0x80002de8 (0x4ede8e93) x29 0x8001e2d1
core   0: 0x80002dec (0x00008ab1) c.andi  a3, 12
core   0: 3 0x80002dec (0x8ab1) x13 0x00000000
core   0: 0x80002dee (0x06fea803) lw      a6, 111(t4)
core   0: 3 0x80002dee (0x06fea803) x16 0x00000000 mem 0x8001e340
core   0: 0x80002df2 (0x0e6e8783) lb      a5, 230(t4)
core   0: 3 0x80002df2 (0x0e6e8783) x15 0x00000000 mem 0x8001e3b7
core   0: 0x80002df6 (0xfe9e8603) lb      a2, -23(t4)
core   0: 3 0x80002df6 (0xfe9e8603) x12 0x00000000 mem 0x8001e2ba
core   0: 0x80002dfa (0x02286f33) rem     t5, a6, sp
core   0: 3 0x80002dfa (0x02286f33) x30 0x00000000
core   0: 0x80002dfe (0x095e9603) lh      a2, 149(t4)
core   0: 3 0x80002dfe (0x095e9603) x12 0x00000000 mem 0x8001e366
core   0: 0x80002e02 (0x0c9e9703) lh      a4, 201(t4)
core   0: 3 0x80002e02 (0x0c9e9703) x14 0x00000000 mem 0x8001e39a
core   0: 0x80002e06 (0x28693b13) sltiu   s6, s2, 646
core   0: 3 0x80002e06 (0x28693b13) x22 0x00000000
core   0: 0x80002e0a (0x00000001) c.nop
core   0: 3 0x80002e0a (0x0001)
core   0: 0x80002e0c (0x40a80bb3) sub     s7, a6, a0
core   0: 3 0x80002e0c (0x40a80bb3) x23 0x02c1de26
core   0: 0x80002e10 (0x0000641d) c.lui   s0, 0x7
core   0: 3 0x80002e10 (0x641d) x 8 0x00007000
core   0: 0x80002e12 (0xf63e8403) lb      s0, -157(t4)
core   0: 3 0x80002e12 (0xf63e8403) x 8 0x00000000 mem 0x8001e234
core   0: 0x80002e16 (0x03f3fdb3) remu    s11, t2, t6
core   0: 3 0x80002e16 (0x03f3fdb3) x27 0x00000000
core   0: 0x80002e1a (0xf5be9103) lh      sp, -165(t4)
core   0: 3 0x80002e1a (0xf5be9103) x 2 0x00000000 mem 0x8001e22c
core   0: 0x80002e1e (0x00006b4d) c.lui   s6, 0x13
core   0: 3 0x80002e1e (0x6b4d) x22 0x00013000
core   0: 0x80002e20 (0x033e8ca3) sb      s3, 57(t4)
core   0: 3 0x80002e20 (0x033e8ca3) mem 0x8001e30a 0xaa
core   0: 0x80002e24 (0x2596e413) ori     s0, a3, 601
core   0: 3 0x80002e24 (0x2596e413) x 8 0x00000259
core   0: 0x80002e28 (0xf7de8e23) sb      t4, -132(t4)
core   0: 3 0x80002e28 (0xf7de8e23) mem 0x8001e24d 0xd1
core   0: 0x80002e2c (0x01ce88a3) sb      t3, 17(t4)
core   0: 3 0x80002e2c (0x01ce88a3) mem 0x8001e2e2 0xff
core   0: 0x80002e30 (0x002bab33) slt     s6, s7, sp
core   0: 3 0x80002e30 (0x002bab33) x22 0x00000000
core   0: 0x80002e34 (0x00000001) c.nop
core   0: 3 0x80002e34 (0x0001)
core   0: 0x80002e36 (0x094ec603) lbu     a2, 148(t4)
core   0: 3 0x80002e36 (0x094ec603) x12 0x00000000 mem 0x8001e365
core   0: 0x80002e3a (0x038a9e33) mulh    t3, s5, s8
core   0: 3 0x80002e3a (0x038a9e33) x28 0x00000000
core   0: 0x80002e3e (0xf62e8d03) lb      s10, -158(t4)
core   0: 3 0x80002e3e (0xf62e8d03) x26 0x00000000 mem 0x8001e233
core   0: 0x80002e42 (0xf99e8723) sb      s9, -114(t4)
core   0: 3 0x80002e42 (0xf99e8723) mem 0x8001e25f 0x69
core   0: 0x80002e46 (0x070ec683) lbu     a3, 112(t4)
core   0: 3 0x80002e46 (0x070ec683) x13 0x00000000 mem 0x8001e341
core   0: 0x80002e4a (0x0000969a) c.add   a3, t1
core   0: 3 0x80002e4a (0x969a) x13 0x00000000
core   0: 0x80002e4c (0x000080b6) c.mv    ra, a3
core   0: 3 0x80002e4c (0x80b6) x 1 0x00000000
core   0: 0x80002e4e (0xc7d7ad13) slti    s10, a5, -899
core   0: 3 0x80002e4e (0xc7d7ad13) x26 0x00000000
core   0: 0x80002e52 (0x06beaa03) lw      s4, 107(t4)
core   0: 3 0x80002e52 (0x06beaa03) x20 0x00000000 mem 0x8001e33c
core   0: 0x80002e56 (0x0237cbb3) div     s7, a5, gp
core   0: 3 0x80002e56 (0x0237cbb3) x23 0x00000000
core   0: 0x80002e5a (0x02aea3b3) mulhsu  t2, t4, a0
core   0: 3 0x80002e5a (0x02aea3b3) x 7 0x8162ccb0
core   0: 0x80002e5e (0x21806013) ori     zero, zero, 536
core   0: 3 0x80002e5e (0x21806013)
core   0: 0x80002e62 (0x00cec883) lbu     a7, 12(t4)
core   0: 3 0x80002e62 (0x00cec883) x17 0x00000000 mem 0x8001e2dd
core   0: 0x80002e66 (0x0dee8e23) sb      t5, 220(t4)
core   0: 3 0x80002e66 (0x0dee8e23) mem 0x8001e3ad 0x0
core   0: 0x80002e6a (0x0dce80a3) sb      t3, 193(t4)
core   0: 3 0x80002e6a (0x0dce80a3) mem 0x8001e392 0x0
core   0: 0x80002e6e (0x0000587d) c.li    a6, -1
core   0: 3 0x80002e6e (0x587d) x16 0xffffffff
core   0: 0x80002e70 (0x08de8703) lb      a4, 141(t4)
core   0: 3 0x80002e70 (0x08de8703) x14 0x00000000 mem 0x8001e35e
core   0: 0x80002e74 (0x06de8003) lb      zero, 109(t4)
core   0: 3 0x80002e74 (0x06de8003) mem 0x8001e33e
core   0: 0x80002e78 (0x00011c17) auipc   s8, 0x11
core   0: 3 0x80002e78 (0x00011c17) x24 0x80013e78
core   0: 0x80002e7c (0xc60c0c13) addi    s8, s8, -928
core   0: 3 0x80002e7c (0xc60c0c13) x24 0x80013ad8
core   0: 0x80002e80 (0xd40f8593) addi    a1, t6, -704
core   0: 3 0x80002e80 (0xd40f8593) x11 0xfffffd40
core   0: 0x80002e84 (0x029caa33) mulhsu  s4, s9, s1
core   0: 3 0x80002e84 (0x029caa33) x20 0xbfffbe87
core   0: 0x80002e88 (0xf64c1c23) sh      tp, -136(s8)
core   0: 3 0x80002e88 (0xf64c1c23) mem 0x80013a50 0x0001
core   0: 0x80002e8c (0x007c4a83) lbu     s5, 7(s8)
core   0: 3 0x80002e8c (0x007c4a83) x21 0x00000000 mem 0x80013adf
core   0: 0x80002e90 (0xfd7c4683) lbu     a3, -41(s8)
core   0: 3 0x80002e90 (0xfd7c4683) x13 0x00000000 mem 0x80013aaf
core   0: 0x80002e94 (0x5569ec93) ori     s9, s3, 1366
core   0: 3 0x80002e94 (0x5569ec93) x25 0x80013dfe
core   0: 0x80002e98 (0x061c0f03) lb      t5, 97(s8)
core   0: 3 0x80002e98 (0x061c0f03) x30 0x00000000 mem 0x80013b39
core   0: 0x80002e9c (0x0e6c0ba3) sb      t1, 247(s8)
core   0: 3 0x80002e9c (0x0e6c0ba3) mem 0x80013bcf 0x0
core   0: 0x80002ea0 (0xffac09a3) sb      s10, -13(s8)
core   0: 3 0x80002ea0 (0xffac09a3) mem 0x80013acb 0x0
core   0: 0x80002ea4 (0x032c4583) lbu     a1, 50(s8)
core   0: 3 0x80002ea4 (0x032c4583) x11 0x00000000 mem 0x80013b0a
core   0: 0x80002ea8 (0x04fc0223) sb      a5, 68(s8)
core   0: 3 0x80002ea8 (0x04fc0223) mem 0x80013b1c 0x0
core   0: 0x80002eac (0xfabc0e03) lb      t3, -85(s8)
core   0: 3 0x80002eac (0xfabc0e03) x28 0x00000000 mem 0x80013a83
core   0: 0x80002eb0 (0x083c03a3) sb      gp, 135(s8)
core   0: 3 0x80002eb0 (0x083c03a3) mem 0x80013b5f 0x86
core   0: 0x80002eb4 (0x0000880d) c.andi  s0, 3
core   0: 3 0x80002eb4 (0x880d) x 8 0x00000001
core   0: 0x80002eb6 (0x063c4783) lbu     a5, 99(s8)
core   0: 3 0x80002eb6 (0x063c4783) x15 0x00000000 mem 0x80013b3b
core   0: 0x80002eba (0x0000100f) fence.i
core   0: 3 0x80002eba (0x0000100f)
core   0: 0x80002ebe (0x00008e25) c.xor   a2, s1
core   0: 3 0x80002ebe (0x8e25) x12 0x80028e64
core   0: 0x80002ec0 (0xf5f40417) auipc   s0, 0xf5f40
core   0: 3 0x80002ec0 (0xf5f40417) x 8 0x75f42ec0
core   0: 0x80002ec4 (0x094c2d83) lw      s11, 148(s8)
core   0: 3 0x80002ec4 (0x094c2d83) x27 0x00000000 mem 0x80013b6c
core   0: 0x80002ec8 (0xf25c0e03) lb      t3, -219(s8)
core   0: 3 0x80002ec8 (0xf25c0e03) x28 0x00000000 mem 0x800139fd
core   0: 0x80002ecc (0x000087dd) c.srai  a5, 23
core   0: 3 0x80002ecc (0x87dd) x15 0x00000000
core   0: 0x80002ece (0x00008805) c.andi  s0, 1
core   0: 3 0x80002ece (0x8805) x 8 0x00000000
core   0: 0x80002ed0 (0x006a67b3) or      a5, s4, t1
core   0: 3 0x80002ed0 (0x006a67b3) x15 0xbfffbe87
core   0: 0x80002ed4 (0xf23c08a3) sb      gp, -207(s8)
core   0: 3 0x80002ed4 (0xf23c08a3) mem 0x80013a09 0x86
core   0: 0x80002ed8 (0xf2fc09a3) sb      a5, -205(s8)
core   0: 3 0x80002ed8 (0xf2fc09a3) mem 0x80013a0b 0x87
core   0: 0x80002edc (0xfb6c0a23) sb      s6, -76(s8)
core   0: 3 0x80002edc (0xfb6c0a23) mem 0x80013a8c 0x0
core   0: 0x80002ee0 (0xfb834613) xori    a2, t1, -72
core   0: 3 0x80002ee0 (0xfb834613) x12 0xffffffb8
core   0: 0x80002ee4 (0x09bc4b83) lbu     s7, 155(s8)
core   0: 3 0x80002ee4 (0x09bc4b83) x23 0x00000000 mem 0x80013b73
core   0: 0x80002ee8 (0x00df9033) sll     zero, t6, a3
core   0: 3 0x80002ee8 (0x00df9033)
core   0: 0x80002eec (0xfc7c0823) sb      t2, -48(s8)
core   0: 3 0x80002eec (0xfc7c0823) mem 0x80013aa8 0xb0
core   0: 0x80002ef0 (0xf89c4283) lbu     t0, -119(s8)
core   0: 3 0x80002ef0 (0xf89c4283) x 5 0x00000000 mem 0x80013a61
core   0: 0x80002ef4 (0x082c1603) lh      a2, 130(s8)
core   0: 3 0x80002ef4 (0x082c1603) x12 0x00000000 mem 0x80013b5a
core   0: 0x80002ef8 (0xf38c5703) lhu     a4, -200(s8)
core   0: 3 0x80002ef8 (0xf38c5703) x14 0x00000000 mem 0x80013a10
core   0: 0x80002efc (0x012c1123) sh      s2, 2(s8)
core   0: 3 0x80002efc (0x012c1123) mem 0x80013ada 0xcce4
core   0: 0x80002f00 (0x0001be17) auipc   t3, 0x1b
core   0: 3 0x80002f00 (0x0001be17) x28 0x8001df00
core   0: 0x80002f04 (0xe96e0e13) addi    t3, t3, -362
core   0: 3 0x80002f04 (0xe96e0e13) x28 0x8001dd96
core   0: 0x80002f08 (0x005010b3) sll     ra, zero, t0
core   0: 3 0x80002f08 (0x005010b3) x 1 0x00000000
core   0: 0x80002f0c (0x005e0f03) lb      t5, 5(t3)
core   0: 3 0x80002f0c (0x005e0f03) x30 0x00000000 mem 0x8001dd9b
core   0: 0x80002f10 (0x000087bd) c.srai  a5, 15
core   0: 3 0x80002f10 (0x87bd) x15 0xffff7fff
core   0: 0x80002f12 (0x030e1d03) lh      s10, 48(t3)
core   0: 3 0x80002f12 (0x030e1d03) x26 0x00000000 mem 0x8001ddc6
core   0: 0x80002f16 (0x00009cf2) c.add   s9, t3
core   0: 3 0x80002f16 (0x9cf2) x25 0x00031b94
core   0: 0x80002f18 (0x01acf3b3) and     t2, s9, s10
core   0: 3 0x80002f18 (0x01acf3b3) x 7 0x00000000
core   0: 0x80002f1c (0x000085d6) c.mv    a1, s5
core   0: 3 0x80002f1c (0x85d6) x11 0x00000000
core   0: 0x80002f1e (0x2608ac13) slti    s8, a7, 608
core   0: 3 0x80002f1e (0x2608ac13) x24 0x00000001
core   0: 0x80002f22 (0x00006c91) c.lui   s9, 0x4
core   0: 3 0x80002f22 (0x6c91) x25 0x00004000
core   0: 0x80002f24 (0x366cdc37) lui     s8, 0x366cd
core   0: 3 0x80002f24 (0x366cdc37) x24 0x366cd000
core   0: 0x80002f28 (0x00fe0303) lb      t1, 15(t3)
core   0: 3 0x80002f28 (0x00fe0303) x 6 0x00000000 mem 0x8001dda5
core   0: 0x80002f2c (0x035ea633) mulhsu  a2, t4, s5
core   0: 3 0x80002f2c (0x035ea633) x12 0x00000000
core   0: 0x80002f30 (0xfcee2683) lw      a3, -50(t3)
core   0: 3 0x80002f30 (0xfcee2683) x13 0x00000000 mem 0x8001dd64
core   0: 0x80002f34 (0x00000001) c.nop
core   0: 3 0x80002f34 (0x0001)
core   0: 0x80002f36 (0x000a4b33) xor     s6, s4, zero
core   0: 3 0x80002f36 (0x000a4b33) x22 0xbfffbe87
core   0: 0x80002f3a (0x011e2723) sw      a7, 14(t3)
core   0: 3 0x80002f3a (0x011e2723) mem 0x8001dda4 0x00000000
core   0: 0x80002f3e (0x01be1523) sh      s11, 10(t3)
core   0: 3 0x80002f3e (0x01be1523) mem 0x8001dda0 0x0000
core   0: 0x80002f42 (0xfefe2d23) sw      a5, -6(t3)
core   0: 3 0x80002f42 (0xfefe2d23) mem 0x8001dd90 0xffff7fff
core   0: 0x80002f46 (0xfc2e1523) sh      sp, -54(t3)
core   0: 3 0x80002f46 (0xfc2e1523) mem 0x8001dd60 0x0000
core   0: 0x80002f4a (0x025e4403) lbu     s0, 37(t3)
core   0: 3 0x80002f4a (0x025e4403) x 8 0x00000000 mem 0x8001ddbb
core   0: 0x80002f4e (0x00839f33) sll     t5, t2, s0
core   0: 3 0x80002f4e (0x00839f33) x30 0x00000000
core   0: 0x80002f52 (0xff8e1b03) lh      s6, -8(t3)
core   0: 3 0x80002f52 (0xff8e1b03) x22 0x00000000 mem 0x8001dd8e
core   0: 0x80002f56 (0x01de02a3) sb      t4, 5(t3)
core   0: 3 0x80002f56 (0x01de02a3) mem 0x8001dd9b 0xd1
core   0: 0x80002f5a (0x016e0b83) lb      s7, 22(t3)
core   0: 3 0x80002f5a (0x016e0b83) x23 0x00000000 mem 0x8001ddac
core   0: 0x80002f5e (0xfece4103) lbu     sp, -20(t3)
core   0: 3 0x80002f5e (0xfece4103) x 2 0x00000000 mem 0x8001dd82
core   0: 0x80002f62 (0x00000001) c.nop
core   0: 3 0x80002f62 (0x0001)
core   0: 0x80002f64 (0xff5e0f03) lb      t5, -11(t3)
core   0: 3 0x80002f64 (0xff5e0f03) x30 0x00000000 mem 0x8001dd8b
core   0: 0x80002f68 (0x00000bd6) c.slli  s7, 21
core   0: 3 0x80002f68 (0x0bd6) x23 0x00000000
core   0: 0x80002f6a (0xfc9e0083) lb      ra, -55(t3)
core   0: 3 0x80002f6a (0xfc9e0083) x 1 0x00000000 mem 0x8001dd5f
core   0: 0x80002f6e (0xfede0b03) lb      s6, -19(t3)
core   0: 3 0x80002f6e (0xfede0b03) x22 0x00000000 mem 0x8001dd83
core   0: 0x80002f72 (0x66717993) andi    s3, sp, 1639
core   0: 3 0x80002f72 (0x66717993) x19 0x00000000
core   0: 0x80002f76 (0x0000933e) c.add   t1, a5
core   0: 3 0x80002f76 (0x933e) x 6 0xffff7fff
core   0: 0x80002f78 (0x008e0ca3) sb      s0, 25(t3)
core   0: 3 0x80002f78 (0x008e0ca3) mem 0x8001ddaf 0x0
core   0: 0x80002f7c (0x00ae02a3) sb      a0, 5(t3)
core   0: 3 0x80002f7c (0x00ae02a3) mem 0x8001dd9b 0xda
core   0: 0x80002f80 (0x023e4103) lbu     sp, 35(t3)
core   0: 3 0x80002f80 (0x023e4103) x 2 0x00000000 mem 0x8001ddb9
core   0: 0x80002f84 (0xfcfe0703) lb      a4, -49(t3)
core   0: 3 0x80002f84 (0xfcfe0703) x14 0x00000000 mem 0x8001dd65
core   0: 0x80002f88 (0x014e4c83) lbu     s9, 20(t3)
core   0: 3 0x80002f88 (0x014e4c83) x25 0x00000000 mem 0x8001ddaa
core   0: 0x80002f8c (0x00969333) sll     t1, a3, s1
core   0: 3 0x80002f8c (0x00969333) x 6 0x00000000
core   0: 0x80002f90 (0xfc6e4003) lbu     zero, -58(t3)
core   0: 3 0x80002f90 (0xfc6e4003) mem 0x8001dd5c
core   0: 0x80002f94 (0x020e4003) lbu     zero, 32(t3)
core   0: 3 0x80002f94 (0x020e4003) mem 0x8001ddb6
core   0: 0x80002f98 (0xfcfe1623) sh      a5, -52(t3)
core   0: 3 0x80002f98 (0xfcfe1623) mem 0x8001dd62 0x7fff
core   0: 0x80002f9c (0x00015d17) auipc   s10, 0x15
core   0: 3 0x80002f9c (0x00015d17) x26 0x80017f9c
core   0: 0x80002fa0 (0x88cd0d13) addi    s10, s10, -1908
core   0: 3 0x80002fa0 (0x88cd0d13) x26 0x80017828
core   0: 0x80002fa4 (0xffdd03a3) sb      t4, -25(s10)
core   0: 3 0x80002fa4 (0xffdd03a3) mem 0x8001780f 0xd1
core   0: 0x80002fa8 (0x03dd0683) lb      a3, 61(s10)
core   0: 3 0x80002fa8 (0x03dd0683) x13 0x00000000 mem 0x80017865
core   0: 0x80002fac (0x03dd0f83) lb      t6, 61(s10)
core   0: 3 0x80002fac (0x03dd0f83) x31 0x00000000 mem 0x80017865
core   0: 0x80002fb0 (0xfc7d0583) lb      a1, -57(s10)
core   0: 3 0x80002fb0 (0xfc7d0583) x11 0x00000000 mem 0x800177ef
core   0: 0x80002fb4 (0xfc7d0e83) lb      t4, -57(s10)
core   0: 3 0x80002fb4 (0xfc7d0e83) x29 0x00000000 mem 0x800177ef
core   0: 0x80002fb8 (0xfddd0b03) lb      s6, -35(s10)
core   0: 3 0x80002fb8 (0xfddd0b03) x22 0x00000000 mem 0x80017805
core   0: 0x80002fbc (0xfddd4303) lbu     t1, -35(s10)
core   0: 3 0x80002fbc (0xfddd4303) x 6 0x00000000 mem 0x80017805
core   0: 0x80002fc0 (0xd8786013) ori     zero, a6, -633
core   0: 3 0x80002fc0 (0xd8786013)
core   0: 0x80002fc4 (0x01ab8eb3) add     t4, s7, s10
core   0: 3 0x80002fc4 (0x01ab8eb3) x29 0x80017828
core   0: 0x80002fc8 (0x008d1223) sh      s0, 4(s10)
core   0: 3 0x80002fc8 (0x008d1223) mem 0x8001782c 0x0000
core   0: 0x80002fcc (0x004d4f83) lbu     t6, 4(s10)
core   0: 3 0x80002fcc (0x004d4f83) x31 0x00000000 mem 0x8001782c
core   0: 0x80002fd0 (0x004d5883) lhu     a7, 4(s10)
core   0: 3 0x80002fd0 (0x004d5883) x17 0x00000000 mem 0x8001782c
core   0: 0x80002fd4 (0x009d0223) sb      s1, 4(s10)
core   0: 3 0x80002fd4 (0x009d0223) mem 0x8001782c 0x64
core   0: 0x80002fd8 (0x00015197) auipc   gp, 0x15
core   0: 3 0x80002fd8 (0x00015197) x 3 0x80017fd8
core   0: 0x80002fdc (0xd0618193) addi    gp, gp, -762
core   0: 3 0x80002fdc (0xd0618193) x 3 0x80017cde
core   0: 0x80002fe0 (0x01f47cb3) and     s9, s0, t6
core   0: 3 0x80002fe0 (0x01f47cb3) x25 0x00000000
core   0: 0x80002fe4 (0x6b419023) sh      s4, 1696(gp)
core   0: 3 0x80002fe4 (0x6b419023) mem 0x8001837e 0xbe87
core   0: 0x80002fe8 (0xb991c583) lbu     a1, -1127(gp)
core   0: 3 0x80002fe8 (0xb991c583) x11 0x00000000 mem 0x80017877
core   0: 0x80002fec (0x9ca18823) sb      a0, -1584(gp)
core   0: 3 0x80002fec (0x9ca18823) mem 0x800176ae 0xda
core   0: 0x80002ff0 (0x2f31c403) lbu     s0, 755(gp)
core   0: 3 0x80002ff0 (0x2f31c403) x 8 0x00000000 mem 0x80017fd1
core   0: 0x80002ff4 (0x2e7189a3) sb      t2, 755(gp)
core   0: 3 0x80002ff4 (0x2e7189a3) mem 0x80017fd1 0x0
core   0: 0x80002ff8 (0x6701c703) lbu     a4, 1648(gp)
core   0: 3 0x80002ff8 (0x6701c703) x14 0x00000000 mem 0x8001834e
core   0: 0x80002ffc (0x5771cb03) lbu     s6, 1399(gp)
core   0: 3 0x80002ffc (0x5771cb03) x22 0x00000000 mem 0x80018255
core   0: 0x80003000 (0x57718b03) lb      s6, 1399(gp)
core   0: 3 0x80003000 (0x57718b03) x22 0x00000000 mem 0x80018255
core   0: 0x80003004 (0x5771c883) lbu     a7, 1399(gp)
core   0: 3 0x80003004 (0x5771c883) x17 0x00000000 mem 0x80018255
core   0: 0x80003008 (0xf6e184a3) sb      a4, -151(gp)
core   0: 3 0x80003008 (0xf6e184a3) mem 0x80017c47 0x0
core   0: 0x8000300c (0x3591af23) sw      s9, 862(gp)
core   0: 3 0x8000300c (0x3591af23) mem 0x8001803c 0x00000000
core   0: 0x80003010 (0x35e19683) lh      a3, 862(gp)
core   0: 3 0x80003010 (0x35e19683) x13 0x00000000 mem 0x8001803c
core   0: 0x80003014 (0x00012117) auipc   sp, 0x12
core   0: 3 0x80003014 (0x00012117) x 2 0x80015014
core   0: 0x80003018 (0x5a710113) addi    sp, sp, 1447
core   0: 3 0x80003018 (0x5a710113) x 2 0x800155bb
core   0: 0x8000301c (0xfc610423) sb      t1, -56(sp)
core   0: 3 0x8000301c (0xfc610423) mem 0x80015583 0x0
core   0: 0x80003020 (0xfc810c83) lb      s9, -56(sp)
core   0: 3 0x80003020 (0xfc810c83) x25 0x00000000 mem 0x80015583
core   0: 0x80003024 (0x02414d83) lbu     s11, 36(sp)
core   0: 3 0x80003024 (0x02414d83) x27 0x00000000 mem 0x800155df
core   0: 0x80003028 (0xff311da3) sh      s3, -5(sp)
core   0: 3 0x80003028 (0xff311da3) mem 0x800155b6 0x0000
core   0: 0x8000302c (0xffb10c03) lb      s8, -5(sp)
core   0: 3 0x8000302c (0xffb10c03) x24 0x00000000 mem 0x800155b6
core   0: 0x80003030 (0x5123c613) xori    a2, t2, 1298
core   0: 3 0x80003030 (0x5123c613) x12 0x00000512
core   0: 0x80003034 (0x41960fb3) sub     t6, a2, s9
core   0: 3 0x80003034 (0x41960fb3) x31 0x00000512
core   0: 0x80003038 (0xfe510f03) lb      t5, -27(sp)
core   0: 3 0x80003038 (0xfe510f03) x30 0x00000000 mem 0x800155a0
core   0: 0x8000303c (0xfe514703) lbu     a4, -27(sp)
core   0: 3 0x8000303c (0xfe514703) x14 0x00000000 mem 0x800155a0
core   0: 0x80003040 (0x408dd2b3) sra     t0, s11, s0
core   0: 3 0x80003040 (0x408dd2b3) x 5 0x00000000
core   0: 0x80003044 (0x02715783) lhu     a5, 39(sp)
core   0: 3 0x80003044 (0x02715783) x15 0x00000000 mem 0x800155e2
core   0: 0x80003048 (0x02711e03) lh      t3, 39(sp)
core   0: 3 0x80003048 (0x02711e03) x28 0x00000000 mem 0x800155e2
core   0: 0x8000304c (0x02711a03) lh      s4, 39(sp)
core   0: 3 0x8000304c (0x02711a03) x20 0x00000000 mem 0x800155e2
core   0: 0x80003050 (0xfe4109a3) sb      tp, -13(sp)
core   0: 3 0x80003050 (0xfe4109a3) mem 0x800155ae 0x1
core   0: 0x80003054 (0xfe214003) lbu     zero, -30(sp)
core   0: 3 0x80003054 (0xfe214003) mem 0x8001559d
core   0: 0x80003058 (0xfe214a03) lbu     s4, -30(sp)
core   0: 3 0x80003058 (0xfe214a03) x20 0x00000000 mem 0x8001559d
core   0: 0x8000305c (0xfcd14b83) lbu     s7, -51(sp)
core   0: 3 0x8000305c (0xfcd14b83) x23 0x00000000 mem 0x80015588
core   0: 0x80003060 (0x02410f23) sb      tp, 62(sp)
core   0: 3 0x80003060 (0x02410f23) mem 0x800155f9 0x1
core   0: 0x80003064 (0xfef10723) sb      a5, -18(sp)
core   0: 3 0x80003064 (0xfef10723) mem 0x800155a9 0x0
core   0: 0x80003068 (0x00012297) auipc   t0, 0x12
core   0: 3 0x80003068 (0x00012297) x 5 0x80015068
core   0: 0x8000306c (0x7cd28293) addi    t0, t0, 1997
core   0: 3 0x8000306c (0x7cd28293) x 5 0x80015835
core   0: 0x80003070 (0x00004c31) c.li    s8, 12
core   0: 3 0x80003070 (0x4c31) x24 0x0000000c
core   0: 0x80003072 (0x0000100f) fence.i
core   0: 3 0x80003072 (0x0000100f)
core   0: 0x80003076 (0x00008cae) c.mv    s9, a1
core   0: 3 0x80003076 (0x8cae) x25 0x00000000
core   0: 0x80003078 (0x0000100f) fence.i
core   0: 3 0x80003078 (0x0000100f)
core   0: 0x8000307c (0x0000100f) fence.i
core   0: 3 0x8000307c (0x0000100f)
core   0: 0x80003080 (0x00008e41) c.or    a2, s0
core   0: 3 0x80003080 (0x8e41) x12 0x00000512
core   0: 0x80003082 (0xa8628983) lb      s3, -1402(t0)
core   0: 3 0x80003082 (0xa8628983) x19 0x00000000 mem 0x800152bb
core   0: 0x80003086 (0xcb928d23) sb      s9, -838(t0)
core   0: 3 0x80003086 (0xcb928d23) mem 0x800154ef 0x0
core   0: 0x8000308a (0x0b1291a3) sh      a7, 163(t0)
core   0: 3 0x8000308a (0x0b1291a3) mem 0x800158d8 0x0000
core   0: 0x8000308e (0x84f28d23) sb      a5, -1958(t0)
core   0: 3 0x8000308e (0x84f28d23) mem 0x8001508f 0x0
core   0: 0x80003092 (0x01dc2033) slt     zero, s8, t4
core   0: 3 0x80003092 (0x01dc2033)
core   0: 0x80003096 (0xd4b2d337) lui     t1, 0xd4b2d
core   0: 3 0x80003096 (0xd4b2d337) x 6 0xd4b2d000
core   0: 0x8000309a (0x03f5a733) mulhsu  a4, a1, t6
core   0: 3 0x8000309a (0x03f5a733) x14 0x00000000
core   0: 0x8000309e (0x023e1d33) mulh    s10, t3, gp
core   0: 3 0x8000309e (0x023e1d33) x26 0x00000000
core   0: 0x800030a2 (0x00504e33) xor     t3, zero, t0
core   0: 3 0x800030a2 (0x00504e33) x28 0x80015835
core   0: 0x800030a6 (0x9ea28303) lb      t1, -1558(t0)
core   0: 3 0x800030a6 (0x9ea28303) x 6 0x00000000 mem 0x8001521f
core   0: 0x800030aa (0x00009d3e) c.add   s10, a5
core   0: 3 0x800030aa (0x9d3e) x26 0x00000000
core   0: 0x800030ac (0x017eb3b3) sltu    t2, t4, s7
core   0: 3 0x800030ac (0x017eb3b3) x 7 0x00000000
core   0: 0x800030b0 (0x00000480) c.addi4spn s0, sp, 576
core   0: 3 0x800030b0 (0x0480) x 8 0x800157fb
core   0: 0x800030b2 (0xccdecf13) xori    t5, t4, -819
core   0: 3 0x800030b2 (0xccdecf13) x30 0x7ffe84e5
core   0: 0x800030b6 (0xb63f2813) slti    a6, t5, -1181
core   0: 3 0x800030b6 (0xb63f2813) x16 0x00000000
core   0: 0x800030ba (0x00cb7ab3) and     s5, s6, a2
core   0: 3 0x800030ba (0x00cb7ab3) x21 0x00000000
core   0: 0x800030be (0x02d061b3) rem     gp, zero, a3
core   0: 3 0x800030be (0x02d061b3) x 3 0x00000000
core   0: 0x800030c2 (0x21a285a3) sb      s10, 523(t0)
core   0: 3 0x800030c2 (0x21a285a3) mem 0x80015a40 0x0
core   0: 0x800030c6 (0x035e6233) rem     tp, t3, s5
core   0: 3 0x800030c6 (0x035e6233) x 4 0x80015835
core   0: 0x800030ca (0x1a32c383) lbu     t2, 419(t0)
core   0: 3 0x800030ca (0x1a32c383) x 7 0x00000000 mem 0x800159d8
core   0: 0x800030ce (0x2f828d03) lb      s10, 760(t0)
core   0: 3 0x800030ce (0x2f828d03) x26 0x00000000 mem 0x80015b2d
core   0: 0x800030d2 (0x00008e75) c.and   a2, a3
core   0: 3 0x800030d2 (0x8e75) x12 0x00000000
core   0: 0x800030d4 (0x4a964593) xori    a1, a2, 1193
core   0: 3 0x800030d4 (0x4a964593) x11 0x000004a9
core   0: 0x800030d8 (0x22629ea3) sh      t1, 573(t0)
core   0: 3 0x800030d8 (0x22629ea3) mem 0x80015a72 0x0000
core   0: 0x800030dc (0x0000843d) c.srai  s0, 15
core   0: 3 0x800030dc (0x843d) x 8 0xffff0002
core   0: 0x800030de (0x00009c72) c.add   s8, t3
core   0: 3 0x800030de (0x9c72) x24 0x80015841
core   0: 0x800030e0 (0x32828f83) lb      t6, 808(t0)
core   0: 3 0x800030e0 (0x32828f83) x31 0x00000000 mem 0x80015b5d
core   0: 0x800030e4 (0x00010f17) auipc   t5, 0x10
core   0: 3 0x800030e4 (0x00010f17) x30 0x800130e4
core   0: 0x800030e8 (0x6a3f0f13) addi    t5, t5, 1699
core   0: 3 0x800030e8 (0x6a3f0f13) x30 0x80013787
core   0: 0x800030ec (0x567a4893) xori    a7, s4, 1383
core   0: 3 0x800030ec (0x567a4893) x17 0x00000567
core   0: 0x800030f0 (0xf37f1403) lh      s0, -201(t5)
core   0: 3 0x800030f0 (0xf37f1403) x 8 0x00000000 mem 0x800136be
core   0: 0x800030f4 (0x0093fcb3) and     s9, t2, s1
core   0: 3 0x800030f4 (0x0093fcb3) x25 0x00000000
core   0: 0x800030f8 (0xf17f1c03) lh      s8, -233(t5)
core   0: 3 0x800030f8 (0xf17f1c03) x24 0x00000000 mem 0x8001369e
core   0: 0x800030fc (0xf06f0303) lb      t1, -250(t5)
core   0: 3 0x800030fc (0xf06f0303) x 6 0x00000000 mem 0x8001368d
core   0: 0x80003100 (0xf10f0383) lb      t2, -240(t5)
core   0: 3 0x80003100 (0xf10f0383) x 7 0x00000000 mem 0x80013697
core   0: 0x80003104 (0x00008c69) c.and   s0, a0
core   0: 3 0x80003104 (0x8c69) x 8 0x00000000
core   0: 0x80003106 (0x00009a7d) c.andi  a2, -1
core   0: 3 0x80003106 (0x9a7d) x12 0x00000000
core   0: 0x80003108 (0xf55f2403) lw      s0, -171(t5)
core   0: 3 0x80003108 (0xf55f2403) x 8 0x00000000 mem 0x800136dc
core   0: 0x8000310c (0x017cb833) sltu    a6, s9, s7
core   0: 3 0x8000310c (0x017cb833) x16 0x00000000
core   0: 0x80003110 (0x03c0b3b3) mulhu   t2, ra, t3
core   0: 3 0x80003110 (0x03c0b3b3) x 7 0x00000000
core   0: 0x80003114 (0x061f4d83) lbu     s11, 97(t5)
core   0: 3 0x80003114 (0x061f4d83) x27 0x00000000 mem 0x800137e8
core   0: 0x80003118 (0x000090ce) c.add   ra, s3
core   0: 3 0x80003118 (0x90ce) x 1 0x00000000
core   0: 0x8000311a (0x088f11a3) sh      s0, 131(t5)
core   0: 3 0x8000311a (0x088f11a3) mem 0x8001380a 0x0000
core   0: 0x8000311e (0xf4ff0ba3) sb      a5, -169(t5)
core   0: 3 0x8000311e (0xf4ff0ba3) mem 0x800136de 0x0
core   0: 0x80003122 (0x14cbfa17) auipc   s4, 0x14cbf
core   0: 3 0x80003122 (0x14cbfa17) x20 0x94cc2122
core   0: 0x80003126 (0x00005cfd) c.li    s9, -1
core   0: 3 0x80003126 (0x5cfd) x25 0xffffffff
core   0: 0x80003128 (0x0a5f11a3) sh      t0, 163(t5)
core   0: 3 0x80003128 (0x0a5f11a3) mem 0x8001382a 0x5835
core   0: 0x8000312c (0xb2d7fb93) andi    s7, a5, -1235
core   0: 3 0x8000312c (0xb2d7fb93) x23 0x00000000
core   0: 0x80003130 (0x0ff0000f) fence   iorw,iorw
core   0: 3 0x80003130 (0x0ff0000f)
core   0: 0x80003134 (0x01459d33) sll     s10, a1, s4
core   0: 3 0x80003134 (0x01459d33) x26 0x000012a4
core   0: 0x80003138 (0x02eb1cb3) mulh    s9, s6, a4
core   0: 3 0x80003138 (0x02eb1cb3) x25 0x00000000
core   0: 0x8000313c (0x0f0f0d03) lb      s10, 240(t5)
core   0: 3 0x8000313c (0x0f0f0d03) x26 0x00000000 mem 0x80013877
core   0: 0x80003140 (0x5bb86c93) ori     s9, a6, 1467
core   0: 3 0x80003140 (0x5bb86c93) x25 0x000005bb
core   0: 0x80003144 (0x02111d33) mulh    s10, sp, ra
core   0: 3 0x80003144 (0x02111d33) x26 0x00000000
core   0: 0x80003148 (0x0ff0000f) fence   iorw,iorw
core   0: 3 0x80003148 (0x0ff0000f)
core   0: 0x8000314c (0xf65f05a3) sb      t0, -149(t5)
core   0: 3 0x8000314c (0xf65f05a3) mem 0x800136f2 0x35
core   0: 0x80003150 (0x081f0083) lb      ra, 129(t5)
core   0: 3 0x80003150 (0x081f0083) x 1 0x00000000 mem 0x80013808
core   0: 0x80003154 (0x01105e93) srli    t4, zero, 17
core   0: 3 0x80003154 (0x01105e93) x29 0x00000000
core   0: 0x80003158 (0xf30f0603) lb      a2, -208(t5)
core   0: 3 0x80003158 (0xf30f0603) x12 0x00000000 mem 0x800136b7
core   0: 0x8000315c (0x0bef0b23) sb      t5, 182(t5)
core   0: 3 0x8000315c (0x0bef0b23) mem 0x8001383d 0x87
core   0: 0x80003160 (0xfc6f0583) lb      a1, -58(t5)
core   0: 3 0x80003160 (0xfc6f0583) x11 0x00000000 mem 0x8001374d
core   0: 0x80003164 (0x0001fc17) auipc   s8, 0x1f
core   0: 3 0x80003164 (0x0001fc17) x24 0x80022164
core   0: 0x80003168 (0x38ac0c13) addi    s8, s8, 906
core   0: 3 0x80003168 (0x38ac0c13) x24 0x800224ee
core   0: 0x8000316c (0xf9ec1c23) sh      t5, -104(s8)
core   0: 3 0x8000316c (0xf9ec1c23) mem 0x80022486 0x3787
core   0: 0x80003170 (0x0d2c0f03) lb      t5, 210(s8)
core   0: 3 0x80003170 (0x0d2c0f03) x30 0x00000000 mem 0x800225c0
core   0: 0x80003174 (0xfd4c0a23) sb      s4, -44(s8)
core   0: 3 0x80003174 (0xfd4c0a23) mem 0x800224c2 0x22
core   0: 0x80003178 (0x0ff0000f) fence   iorw,iorw
core   0: 3 0x80003178 (0x0ff0000f)
core   0: 0x8000317c (0x00008075) c.srli  s0, 29
core   0: 3 0x8000317c (0x8075) x 8 0x00000000
core   0: 0x8000317e (0x00006fe9) c.lui   t6, 0x1a
core   0: 3 0x8000317e (0x6fe9) x31 0x0001a000
core   0: 0x80003180 (0x065c1523) sh      t0, 106(s8)
core   0: 3 0x80003180 (0x065c1523) mem 0x80022558 0x5835
core   0: 0x80003184 (0x080c2f23) sw      zero, 158(s8)
core   0: 3 0x80003184 (0x080c2f23) mem 0x8002258c 0x00000000
core   0: 0x80003188 (0xfa9c4983) lbu     s3, -87(s8)
core   0: 3 0x80003188 (0xfa9c4983) x19 0x00000000 mem 0x80022497
core   0: 0x8000318c (0x00008fe5) c.and   a5, s1
core   0: 3 0x8000318c (0x8fe5) x15 0x00000000
core   0: 0x8000318e (0xd2382e13) slti    t3, a6, -733
core   0: 3 0x8000318e (0xd2382e13) x28 0x00000000
core   0: 0x80003192 (0xfdbc4c83) lbu     s9, -37(s8)
core   0: 3 0x80003192 (0xfdbc4c83) x25 0x00000000 mem 0x800224c9
core   0: 0x80003196 (0xf33c0f23) sb      s3, -194(s8)
core   0: 3 0x80003196 (0xf33c0f23) mem 0x8002242c 0x0
core   0: 0x8000319a (0x05fc4083) lbu     ra, 95(s8)
core   0: 3 0x8000319a (0x05fc4083) x 1 0x00000000 mem 0x8002254d
core   0: 0x8000319e (0x00008305) c.srli  a4, 1
core   0: 3 0x8000319e (0x8305) x14 0x00000000
core   0: 0x800031a0 (0x0000119c) c.addi4spn a5, sp, 224
core   0: 3 0x800031a0 (0x119c) x15 0x8001569b
core   0: 0x800031a2 (0x0f3c4e03) lbu     t3, 243(s8)
core   0: 3 0x800031a2 (0x0f3c4e03) x28 0x00000000 mem 0x800225e1
core   0: 0x800031a6 (0xf71c0083) lb      ra, -143(s8)
core   0: 3 0x800031a6 (0xf71c0083) x 1 0x00000000 mem 0x8002245f
core   0: 0x800031aa (0x0ff0000f) fence   iorw,iorw
core   0: 3 0x800031aa (0x0ff0000f)
core   0: 0x800031ae (0xfaec1e03) lh      t3, -82(s8)
core   0: 3 0x800031ae (0xfaec1e03) x28 0x00000000 mem 0x8002249c
core   0: 0x800031b2 (0x00000fd6) c.slli  t6, 21
core   0: 3 0x800031b2 (0x0fd6) x31 0x00000000
core   0: 0x800031b4 (0x034a5db3) divu    s11, s4, s4
core   0: 3 0x800031b4 (0x034a5db3) x27 0x00000001
core   0: 0x800031b8 (0x052c0f23) sb      s2, 94(s8)
core   0: 3 0x800031b8 (0x052c0f23) mem 0x8002254c 0xe4
core   0: 0x800031bc (0xff1c0e03) lb      t3, -15(s8)
core   0: 3 0x800031bc (0xff1c0e03) x28 0x00000000 mem 0x800224df
core   0: 0x800031c0 (0xf29c0403) lb      s0, -215(s8)
core   0: 3 0x800031c0 (0xf29c0403) x 8 0x00000000 mem 0x80022417
core   0: 0x800031c4 (0x03ac04a3) sb      s10, 41(s8)
core   0: 3 0x800031c4 (0x03ac04a3) mem 0x80022517 0x0
core   0: 0x800031c8 (0xfaec1783) lh      a5, -82(s8)
core   0: 3 0x800031c8 (0xfaec1783) x15 0x00000000 mem 0x8002249c
core   0: 0x800031cc (0xfacc0c83) lb      s9, -84(s8)
core   0: 3 0x800031cc (0xfacc0c83) x25 0x00000000 mem 0x8002249a
core   0: 0x800031d0 (0xfebc0783) lb      a5, -21(s8)
core   0: 3 0x800031d0 (0xfebc0783) x15 0x00000000 mem 0x800224d9
core   0: 0x800031d4 (0x0ff0000f) fence   iorw,iorw
core   0: 3 0x800031d4 (0x0ff0000f)
core   0: 0x800031d8 (0x1c78b797) auipc   a5, 0x1c78b
core   0: 3 0x800031d8 (0x1c78b797) x15 0x9c78e1d8
core   0: 0x800031dc (0x071c04a3) sb      a7, 105(s8)
core   0: 3 0x800031dc (0x071c04a3) mem 0x80022557 0x67
core   0: 0x800031e0 (0x00013e17) auipc   t3, 0x13
core   0: 3 0x800031e0 (0x00013e17) x28 0x800161e0
core   0: 0x800031e4 (0xa08e0e13) addi    t3, t3, -1528
core   0: 3 0x800031e4 (0xa08e0e13) x28 0x80015be8
core   0: 0x800031e8 (0xffde0603) lb      a2, -3(t3)
core   0: 3 0x800031e8 (0xffde0603) x12 0x00000000 mem 0x80015be5
core   0: 0x800031ec (0x009f1333) sll     t1, t5, s1
core   0: 3 0x800031ec (0x009f1333) x 6 0x00000000
core   0: 0x800031f0 (0x0db2b593) sltiu   a1, t0, 219
core   0: 3 0x800031f0 (0x0db2b593) x11 0x00000000
core   0: 0x800031f4 (0x00008761) c.srai  a4, 24
core   0: 3 0x800031f4 (0x8761) x14 0x00000000
core   0: 0x800031f6 (0x0ff0000f) fence   iorw,iorw
core   0: 3 0x800031f6 (0x0ff0000f)
core   0: 0x800031fa (0xffee0403) lb      s0, -2(t3)
core   0: 3 0x800031fa (0xffee0403) x 8 0x00000000 mem 0x80015be6
core   0: 0x800031fe (0xc6643113) sltiu   sp, s0, -922
core   0: 3 0x800031fe (0xc6643113) x 2 0x00000001
core   0: 0x80003202 (0x039805b3) mul     a1, a6, s9
core   0: 3 0x80003202 (0x039805b3) x11 0x00000000
core   0: 0x80003206 (0x011e1323) sh      a7, 6(t3)
core   0: 3 0x80003206 (0x011e1323) mem 0x80015bee 0x0567
core   0: 0x8000320a (0x0ff0000f) fence   iorw,iorw
core   0: 3 0x8000320a (0x0ff0000f)
core   0: 0x8000320e (0xff5e4783) lbu     a5, -11(t3)
core   0: 3 0x8000320e (0xff5e4783) x15 0x00000000 mem 0x80015bdd
core   0: 0x80003212 (0x003e4003) lbu     zero, 3(t3)
core   0: 3 0x80003212 (0x003e4003) mem 0x80015beb
core   0: 0x80003216 (0xffbe0e23) sb      s11, -4(t3)
core   0: 3 0x80003216 (0xffbe0e23) mem 0x80015be4 0x1
core   0: 0x8000321a (0xff9e4303) lbu     t1, -7(t3)
core   0: 3 0x8000321a (0xff9e4303) x 6 0x00000000 mem 0x80015be1
core   0: 0x8000321e (0x01fe1623) sh      t6, 12(t3)
core   0: 3 0x8000321e (0x01fe1623) mem 0x80015bf4 0x0000
core   0: 0x80003222 (0x019da733) slt     a4, s11, s9
core   0: 3 0x80003222 (0x019da733) x14 0x00000000
core   0: 0x80003226 (0x01ce05a3) sb      t3, 11(t3)
core   0: 3 0x80003226 (0x01ce05a3) mem 0x80015bf3 0xe8
core   0: 0x8000322a (0x01e70633) add     a2, a4, t5
core   0: 3 0x8000322a (0x01e70633) x12 0x00000000
core   0: 0x8000322e (0x003e0b83) lb      s7, 3(t3)
core   0: 3 0x8000322e (0x003e0b83) x23 0x00000000 mem 0x80015beb
core   0: 0x80003232 (0xff5e4b03) lbu     s6, -11(t3)
core   0: 3 0x80003232 (0xff5e4b03) x22 0x00000000 mem 0x80015bdd
core   0: 0x80003236 (0xff5e0f83) lb      t6, -11(t3)
core   0: 3 0x80003236 (0xff5e0f83) x31 0x00000000 mem 0x80015bdd
core   0: 0x8000323a (0x01ce1723) sh      t3, 14(t3)
core   0: 3 0x8000323a (0x01ce1723) mem 0x80015bf6 0x5be8
core   0: 0x8000323e (0x015a4bb3) xor     s7, s4, s5
core   0: 3 0x8000323e (0x015a4bb3) x23 0x94cc2122
core   0: 0x80003242 (0x001e0883) lb      a7, 1(t3)
core   0: 3 0x80003242 (0x001e0883) x17 0x00000000 mem 0x80015be9
core   0: 0x80003246 (0x40845c13) srai    s8, s0, 8
core   0: 3 0x80003246 (0x40845c13) x24 0x00000000
core   0: 0x8000324a (0x00ae8733) add     a4, t4, a0
core   0: 3 0x8000324a (0x00ae8733) x14 0xfd3e21da
core   0: 0x8000324e (0xff0e0da3) sb      a6, -5(t3)
core   0: 3 0x8000324e (0xff0e0da3) mem 0x80015be3 0x0
core   0: 0x80003252 (0xff2e1803) lh      a6, -14(t3)
core   0: 3 0x80003252 (0xff2e1803) x16 0x00000000 mem 0x80015bda
core   0: 0x80003256 (0x00008e3d) c.xor   a2, a5
core   0: 3 0x80003256 (0x8e3d) x12 0x00000000
core   0: 0x80003258 (0xff4e1d23) sh      s4, -6(t3)
core   0: 3 0x80003258 (0xff4e1d23) mem 0x80015be2 0x2122
core   0: 0x8000325c (0x408555b3) sra     a1, a0, s0
core   0: 3 0x8000325c (0x408555b3) x11 0xfd3e21da
core   0: 0x80003260 (0x00ee1f03) lh      t5, 14(t3)
core   0: 3 0x80003260 (0x00ee1f03) x30 0x00005be8 mem 0x80015bf6
core   0: 0x80003264 (0x03d2bd33) mulhu   s10, t0, t4
core   0: 3 0x80003264 (0x03d2bd33) x26 0x00000000
core   0: 0x80003268 (0x019e0523) sb      s9, 10(t3)
core   0: 3 0x80003268 (0x019e0523) mem 0x80015bf2 0x0
core   0: 0x8000326c (0x00000001) c.nop
core   0: 3 0x8000326c (0x0001)
core   0: 0x8000326e (0xff0e0103) lb      sp, -16(t3)
core   0: 3 0x8000326e (0xff0e0103) x 2 0x00000000 mem 0x80015bd8
core   0: 0x80003272 (0x0ff0000f) fence   iorw,iorw
core   0: 3 0x80003272 (0x0ff0000f)
core   0: 0x80003276 (0x00fe2823) sw      a5, 16(t3)
core   0: 3 0x80003276 (0x00fe2823) mem 0x80015bf8 0x00000000
core   0: 0x8000327a (0xffee0f23) sb      t5, -2(t3)
core   0: 3 0x8000327a (0xffee0f23) mem 0x80015be6 0xe8
core   0: 0x8000327e (0x1edac893) xori    a7, s5, 493
core   0: 3 0x8000327e (0x1edac893) x17 0x000001ed
core   0: 0x80003282 (0x3600e613) ori     a2, ra, 864
core   0: 3 0x80003282 (0x3600e613) x12 0x00000360
core   0: 0x80003286 (0x00008fd5) c.or    a5, a3
core   0: 3 0x80003286 (0x8fd5) x15 0x00000000
core   0: 0x80003288 (0x01be0523) sb      s11, 10(t3)
core   0: 3 0x80003288 (0x01be0523) mem 0x80015bf2 0x1
core   0: 0x8000328c (0xffce1603) lh      a2, -4(t3)
core   0: 3 0x8000328c (0xffce1603) x12 0x00000001 mem 0x80015be4
core   0: 0x80003290 (0x00008671) c.srai  a2, 28
core   0: 3 0x80003290 (0x8671) x12 0x00000000
core   0: 0x80003292 (0xffee1e83) lh      t4, -2(t3)
core   0: 3 0x80003292 (0xffee1e83) x29 0x000000e8 mem 0x80015be6
core   0: 0x80003296 (0x00011f97) auipc   t6, 0x11
core   0: 3 0x80003296 (0x00011f97) x31 0x80014296
core   0: 0x8000329a (0xc3cf8f93) addi    t6, t6, -964
core   0: 3 0x8000329a (0xc3cf8f93) x31 0x80013ed2
core   0: 0x8000329e (0xfe9f83a3) sb      s1, -25(t6)
core   0: 3 0x8000329e (0xfe9f83a3) mem 0x80013eb9 0x64
core   0: 0x800032a2 (0xff1fcb83) lbu     s7, -15(t6)
core   0: 3 0x800032a2 (0xff1fcb83) x23 0x00000000 mem 0x80013ec3
core   0: 0x800032a6 (0x00009456) c.add   s0, s5
core   0: 3 0x800032a6 (0x9456) x 8 0x00000000
core   0: 0x800032a8 (0xfe7f8c03) lb      s8, -25(t6)
core   0: 3 0x800032a8 (0xfe7f8c03) x24 0x00000064 mem 0x80013eb9
core   0: 0x800032ac (0x01341693) slli    a3, s0, 19
core   0: 3 0x800032ac (0x01341693) x13 0x00000000
core   0: 0x800032b0 (0xfe7fce03) lbu     t3, -25(t6)
core   0: 3 0x800032b0 (0xfe7fce03) x28 0x00000064 mem 0x80013eb9
core   0: 0x800032b4 (0x00008fc5) c.or    a5, s1
core   0: 3 0x800032b4 (0x8fc5) x15 0x80028e64
core   0: 0x800032b6 (0xfcefab03) lw      s6, -50(t6)
core   0: 3 0x800032b6 (0xfcefab03) x22 0x00000000 mem 0x80013ea0
core   0: 0x800032ba (0xfcef8083) lb      ra, -50(t6)
core   0: 3 0x800032ba (0xfcef8083) x 1 0x00000000 mem 0x80013ea0
core   0: 0x800032be (0x00005bfd) c.li    s7, -1
core   0: 3 0x800032be (0x5bfd) x23 0xffffffff
core   0: 0x800032c0 (0xfcefa183) lw      gp, -50(t6)
core   0: 3 0x800032c0 (0xfcefa183) x 3 0x00000000 mem 0x80013ea0
core   0: 0x800032c4 (0xfdbf9723) sh      s11, -50(t6)
core   0: 3 0x800032c4 (0xfdbf9723) mem 0x80013ea0 0x0001
core   0: 0x800032c8 (0x41385eb3) sra     t4, a6, s3
core   0: 3 0x800032c8 (0x41385eb3) x29 0x00000000
core   0: 0x800032cc (0x01d26cb3) or      s9, tp, t4
core   0: 3 0x800032cc (0x01d26cb3) x25 0x80015835
core   0: 0x800032d0 (0xfcefd183) lhu     gp, -50(t6)
core   0: 3 0x800032d0 (0xfcefd183) x 3 0x00000001 mem 0x80013ea0
core   0: 0x800032d4 (0xfcef8403) lb      s0, -50(t6)
core   0: 3 0x800032d4 (0xfcef8403) x 8 0x00000001 mem 0x80013ea0
core   0: 0x800032d8 (0xfcef9003) lh      zero, -50(t6)
core   0: 3 0x800032d8 (0xfcef9003) mem 0x80013ea0
core   0: 0x800032dc (0xfd3f8ca3) sb      s3, -39(t6)
core   0: 3 0x800032dc (0xfd3f8ca3) mem 0x80013eab 0x0
core   0: 0x800032e0 (0xfd9f8003) lb      zero, -39(t6)
core   0: 3 0x800032e0 (0xfd9f8003) mem 0x80013eab
core   0: 0x800032e4 (0x00021397) auipc   t2, 0x21
core   0: 3 0x800032e4 (0x00021397) x 7 0x800242e4
core   0: 0x800032e8 (0xd3c38393) addi    t2, t2, -708
core   0: 3 0x800032e8 (0xd3c38393) x 7 0x80024020
core   0: 0x800032ec (0x8083c103) lbu     sp, -2040(t2)
core   0: 3 0x800032ec (0x8083c103) x 2 0x00000000 mem 0x80023828
core   0: 0x800032f0 (0x00009fe2) c.add   t6, s8
core   0: 3 0x800032f0 (0x9fe2) x31 0x80013f36
core   0: 0x800032f2 (0x8063a423) sw      t1, -2040(t2)
core   0: 3 0x800032f2 (0x8063a423) mem 0x80023828 0x00000000
core   0: 0x800032f6 (0x81239423) sh      s2, -2040(t2)
core   0: 3 0x800032f6 (0x81239423) mem 0x80023828 0xcce4
core   0: 0x800032fa (0xb0c38523) sb      a2, -1270(t2)
core   0: 3 0x800032fa (0xb0c38523) mem 0x80023b2a 0x0
core   0: 0x800032fe (0xb0a3c203) lbu     tp, -1270(t2)
core   0: 3 0x800032fe (0xb0a3c203) x 4 0x00000000 mem 0x80023b2a
core   0: 0x80003302 (0xb0a38e83) lb      t4, -1270(t2)
core   0: 3 0x80003302 (0xb0a38e83) x29 0x00000000 mem 0x80023b2a
core   0: 0x80003306 (0xef53c103) lbu     sp, -267(t2)
core   0: 3 0x80003306 (0xef53c103) x 2 0x00000000 mem 0x80023f15
core   0: 0x8000330a (0x00000786) c.slli  a5, 1
core   0: 3 0x8000330a (0x0786) x15 0x00051cc8
core   0: 0x8000330c (0x9e538e03) lb      t3, -1563(t2)
core   0: 3 0x8000330c (0x9e538e03) x28 0x00000000 mem 0x80023a05
core   0: 0x80003310 (0xe8d3a023) sw      a3, -384(t2)
core   0: 3 0x80003310 (0xe8d3a023) mem 0x80023ea0 0x00000000
core   0: 0x80003314 (0xfe63c303) lbu     t1, -26(t2)
core   0: 3 0x80003314 (0xfe63c303) x 6 0x00000000 mem 0x80024006
core   0: 0x80003318 (0x0001ec97) auipc   s9, 0x1e
core   0: 3 0x80003318 (0x0001ec97) x25 0x80021318
core   0: 0x8000331c (0xc05c8c93) addi    s9, s9, -1019
core   0: 3 0x8000331c (0xc05c8c93) x25 0x80020f1d
core   0: 0x80003320 (0xfd8c8aa3) sb      s8, -43(s9)
core   0: 3 0x80003320 (0xfd8c8aa3) mem 0x80020ef2 0x64
core   0: 0x80003324 (0x01eccc03) lbu     s8, 30(s9)
core   0: 3 0x80003324 (0x01eccc03) x24 0x00000000 mem 0x80020f3b
core   0: 0x80003328 (0x01f79f13) slli    t5, a5, 31
core   0: 3 0x80003328 (0x01f79f13) x30 0x00000000
core   0: 0x8000332c (0xfcecce03) lbu     t3, -50(s9)
core   0: 3 0x8000332c (0xfcecce03) x28 0x00000000 mem 0x80020eeb
core   0: 0x80003330 (0x005ccd83) lbu     s11, 5(s9)
core   0: 3 0x80003330 (0x005ccd83) x27 0x00000000 mem 0x80020f22
core   0: 0x80003334 (0x006c8da3) sb      t1, 27(s9)
core   0: 3 0x80003334 (0x006c8da3) mem 0x80020f38 0x0
core   0: 0x80003338 (0xfd4c8223) sb      s4, -60(s9)
core   0: 3 0x80003338 (0xfd4c8223) mem 0x80020ee1 0x22
core   0: 0x8000333c (0x02dc8983) lb      s3, 45(s9)
core   0: 3 0x8000333c (0x02dc8983) x19 0x00000000 mem 0x80020f4a
core   0: 0x80003340 (0xffdccc03) lbu     s8, -3(s9)
core   0: 3 0x80003340 (0xffdccc03) x24 0x00000000 mem 0x80020f1a
core   0: 0x80003344 (0x030c8b23) sb      a6, 54(s9)
core   0: 3 0x80003344 (0x030c8b23) mem 0x80020f53 0x0
core   0: 0x80003348 (0x0ff0000f) fence   iorw,iorw
core   0: 3 0x80003348 (0x0ff0000f)
core   0: 0x8000334c (0x01fcd883) lhu     a7, 31(s9)
core   0: 3 0x8000334c (0x01fcd883) x17 0x00000000 mem 0x80020f3c
core   0: 0x80003350 (0x000091ca) c.add   gp, s2
core   0: 3 0x80003350 (0x91ca) x 3 0x8002cce5
core   0: 0x80003352 (0x41b40433) sub     s0, s0, s11
core   0: 3 0x80003352 (0x41b40433) x 8 0x00000001
core   0: 0x80003356 (0x006628b3) slt     a7, a2, t1
core   0: 3 0x80003356 (0x006628b3) x17 0x00000000
core   0: 0x8000335a (0xbcb24d93) xori    s11, tp, -1077
core   0: 3 0x8000335a (0xbcb24d93) x27 0xfffffbcb
core   0: 0x8000335e (0x01c00c33) add     s8, zero, t3
core   0: 3 0x8000335e (0x01c00c33) x24 0x00000000
core   0: 0x80003362 (0xfe2c8a23) sb      sp, -12(s9)
core   0: 3 0x80003362 (0xfe2c8a23) mem 0x80020f11 0x0
core   0: 0x80003366 (0x019c85a3) sb      s9, 11(s9)
core   0: 3 0x80003366 (0x019c85a3) mem 0x80020f28 0x1d
core   0: 0x8000336a (0xfdccc703) lbu     a4, -36(s9)
core   0: 3 0x8000336a (0xfdccc703) x14 0x00000000 mem 0x80020ef9
core   0: 0x8000336e (0x0000137d) c.addi  t1, -1
core   0: 3 0x8000336e (0x137d) x 6 0xffffffff
core   0: 0x80003370 (0x000c8ea3) sb      zero, 29(s9)
core   0: 3 0x80003370 (0x000c8ea3) mem 0x80020f3a 0x0
core   0: 0x80003374 (0xfdac8b23) sb      s10, -42(s9)
core   0: 3 0x80003374 (0xfdac8b23) mem 0x80020ef3 0x0
core   0: 0x80003378 (0x20de4713) xori    a4, t3, 525
core   0: 3 0x80003378 (0x20de4713) x14 0x0000020d
core   0: 0x8000337c (0x9d2f4c13) xori    s8, t5, -1582
core   0: 3 0x8000337c (0x9d2f4c13) x24 0xfffff9d2
core   0: 0x80003380 (0x016c8e83) lb      t4, 22(s9)
core   0: 3 0x80003380 (0x016c8e83) x29 0x00000000 mem 0x80020f33
core   0: 0x80003384 (0xfcacc583) lbu     a1, -54(s9)
core   0: 3 0x80003384 (0xfcacc583) x11 0x00000000 mem 0x80020ee7
core   0: 0x80003388 (0x035c8023) sb      s5, 32(s9)
core   0: 3 0x80003388 (0x035c8023) mem 0x80020f3d 0x0
core   0: 0x8000338c (0xfdecc583) lbu     a1, -34(s9)
core   0: 3 0x8000338c (0xfdecc583) x11 0x00000000 mem 0x80020efb
core   0: 0x80003390 (0x024e16b3) mulh    a3, t3, tp
core   0: 3 0x80003390 (0x024e16b3) x13 0x00000000
core   0: 0x80003394 (0x03ecca83) lbu     s5, 62(s9)
core   0: 3 0x80003394 (0x03ecca83) x21 0x00000000 mem 0x80020f5b
core   0: 0x80003398 (0xfcac8823) sb      a0, -48(s9)
core   0: 3 0x80003398 (0xfcac8823) mem 0x80020eed 0xda
core   0: 0x8000339c (0x02dee333) rem     t1, t4, a3
core   0: 3 0x8000339c (0x02dee333) x 6 0x00000000
core   0: 0x800033a0 (0x006c84a3) sb      t1, 9(s9)
core   0: 3 0x800033a0 (0x006c84a3) mem 0x80020f26 0x0
core   0: 0x800033a4 (0xfeac8383) lb      t2, -22(s9)
core   0: 3 0x800033a4 (0xfeac8383) x 7 0x00000000 mem 0x80020f07
core   0: 0x800033a8 (0x030730b3) mulhu   ra, a4, a6
core   0: 3 0x800033a8 (0x030730b3) x 1 0x00000000
core   0: 0x800033ac (0x00dc8f03) lb      t5, 13(s9)
core   0: 3 0x800033ac (0x00dc8f03) x30 0x00000000 mem 0x80020f2a
core   0: 0x800033b0 (0x019cdd03) lhu     s10, 25(s9)
core   0: 3 0x800033b0 (0x019cdd03) x26 0x00000000 mem 0x80020f36
core   0: 0x800033b4 (0x00010117) auipc   sp, 0x10
core   0: 3 0x800033b4 (0x00010117) x 2 0x800133b4
core   0: 0x800033b8 (0x02310113) addi    sp, sp, 35
core   0: 3 0x800033b8 (0x02310113) x 2 0x800133d7
core   0: 0x800033bc (0x00009afd) c.andi  a3, -1
core   0: 3 0x800033bc (0x9afd) x13 0x00000000
core   0: 0x800033be (0x01614d03) lbu     s10, 22(sp)
core   0: 3 0x800033be (0x01614d03) x26 0x00000000 mem 0x800133ed
core   0: 0x800033c2 (0x00610c03) lb      s8, 6(sp)
core   0: 3 0x800033c2 (0x00610c03) x24 0x00000000 mem 0x800133dd
core   0: 0x800033c6 (0xfe214583) lbu     a1, -30(sp)
core   0: 3 0x800033c6 (0xfe214583) x11 0x00000000 mem 0x800133b9
core   0: 0x800033ca (0x01515d03) lhu     s10, 21(sp)
core   0: 3 0x800033ca (0x01515d03) x26 0x00000000 mem 0x800133ec
core   0: 0x800033ce (0x00c8e0b3) or      ra, a7, a2
core   0: 3 0x800033ce (0x00c8e0b3) x 1 0x00000000
core   0: 0x800033d2 (0x021601b3) mul     gp, a2, ra
core   0: 3 0x800033d2 (0x021601b3) x 3 0x00000000
core   0: 0x800033d6 (0xfc710983) lb      s3, -57(sp)
core   0: 3 0x800033d6 (0xfc710983) x19 0x00000000 mem 0x8001339e
core   0: 0x800033da (0x01f14283) lbu     t0, 31(sp)
core   0: 3 0x800033da (0x01f14283) x 5 0x00000000 mem 0x800133f6
core   0: 0x800033de (0xff310623) sb      s3, -20(sp)
core   0: 3 0x800033de (0xff310623) mem 0x800133c3 0x0
core   0: 0x800033e2 (0x01b12ca3) sw      s11, 25(sp)
core   0: 3 0x800033e2 (0x01b12ca3) mem 0x800133f0 0xfffffbcb
core   0: 0x800033e6 (0xff115c83) lhu     s9, -15(sp)
core   0: 3 0x800033e6 (0xff115c83) x25 0x00000000 mem 0x800133c8
core   0: 0x800033ea (0x0ff0000f) fence   iorw,iorw
core   0: 3 0x800033ea (0x0ff0000f)
core   0: 0x800033ee (0x0ff0000f) fence   iorw,iorw
core   0: 3 0x800033ee (0x0ff0000f)
core   0: 0x800033f2 (0xfd010b03) lb      s6, -48(sp)
core   0: 3 0x800033f2 (0xfd010b03) x22 0x00000000 mem 0x800133a7
core   0: 0x800033f6 (0x01a71433) sll     s0, a4, s10
core   0: 3 0x800033f6 (0x01a71433) x 8 0x0000020d
core   0: 0x800033fa (0x03614583) lbu     a1, 54(sp)
core   0: 3 0x800033fa (0x03614583) x11 0x00000000 mem 0x8001340d
core   0: 0x800033fe (0xfe214383) lbu     t2, -30(sp)
core   0: 3 0x800033fe (0xfe214383) x 7 0x00000000 mem 0x800133b9
core   0: 0x80003402 (0x02210403) lb      s0, 34(sp)
core   0: 3 0x80003402 (0x02210403) x 8 0x00000000 mem 0x800133f9
core   0: 0x80003406 (0x00110e83) lb      t4, 1(sp)
core   0: 3 0x80003406 (0x00110e83) x29 0x00000000 mem 0x800133d8
core   0: 0x8000340a (0x006c9c33) sll     s8, s9, t1
core   0: 3 0x8000340a (0x006c9c33) x24 0x00000000
core   0: 0x8000340e (0xfcb10b23) sb      a1, -42(sp)
core   0: 3 0x8000340e (0xfcb10b23) mem 0x800133ad 0x0
core   0: 0x80003412 (0xfd710183) lb      gp, -41(sp)
core   0: 3 0x80003412 (0xfd710183) x 3 0x00000000 mem 0x800133ae
core   0: 0x80003416 (0x02e14b83) lbu     s7, 46(sp)
core   0: 3 0x80003416 (0x02e14b83) x23 0x00000000 mem 0x80013405
core   0: 0x8000341a (0x03e3bb33) mulhu   s6, t2, t5
core   0: 3 0x8000341a (0x03e3bb33) x22 0x00000000
core   0: 0x8000341e (0xffb14683) lbu     a3, -5(sp)
core   0: 3 0x8000341e (0xffb14683) x13 0x00000000 mem 0x800133d2
core   0: 0x80003422 (0x54f94593) xori    a1, s2, 1359
core   0: 3 0x80003422 (0x54f94593) x11 0x8002c9ab
core   0: 0x80003426 (0x01814003) lbu     zero, 24(sp)
core   0: 3 0x80003426 (0x01814003) mem 0x800133ef
core   0: 0x8000342a (0xd7e34193) xori    gp, t1, -642
core   0: 3 0x8000342a (0xd7e34193) x 3 0xfffffd7e
core   0: 0x8000342e (0x00c14683) lbu     a3, 12(sp)
core   0: 3 0x8000342e (0x00c14683) x13 0x00000000 mem 0x800133e3
core   0: 0x80003432 (0x029d6b33) rem     s6, s10, s1
core   0: 3 0x80003432 (0x029d6b33) x22 0x00000000
core   0: 0x80003436 (0x03910323) sb      s9, 38(sp)
core   0: 3 0x80003436 (0x03910323) mem 0x800133fd 0x0
core   0: 0x8000343a (0x00a280b3) add     ra, t0, a0
core   0: 3 0x8000343a (0x00a280b3) x 1 0xfd3e21da
core   0: 0x8000343e (0xfdc14a83) lbu     s5, -36(sp)
core   0: 3 0x8000343e (0xfdc14a83) x21 0x00000000 mem 0x800133b3
core   0: 0x80003442 (0xffc12ea3) sw      t3, -3(sp)
core   0: 3 0x80003442 (0xffc12ea3) mem 0x800133d4 0x00000000
core   0: 0x80003446 (0xfe214383) lbu     t2, -30(sp)
core   0: 3 0x80003446 (0xfe214383) x 7 0x00000000 mem 0x800133b9
core   0: 0x8000344a (0x00019d97) auipc   s11, 0x19
core   0: 3 0x8000344a (0x00019d97) x27 0x8001c44a
core   0: 0x8000344e (0x559d8d93) addi    s11, s11, 1369
core   0: 3 0x8000344e (0x559d8d93) x27 0x8001c9a3
core   0: 0x80003452 (0x87a99f37) lui     t5, 0x87a99
core   0: 3 0x80003452 (0x87a99f37) x30 0x87a99000
core   0: 0x80003456 (0x212d8e83) lb      t4, 530(s11)
core   0: 3 0x80003456 (0x212d8e83) x29 0x00000000 mem 0x8001cbb5
core   0: 0x8000345a (0x4a0d8d03) lb      s10, 1184(s11)
core   0: 3 0x8000345a (0x4a0d8d03) x26 0x00000000 mem 0x8001ce43
core   0: 0x8000345e (0x67146a13) ori     s4, s0, 1649
core   0: 3 0x8000345e (0x67146a13) x20 0x00000671
core   0: 0x80003462 (0xde2d8003) lb      zero, -542(s11)
core   0: 3 0x80003462 (0xde2d8003) mem 0x8001c785
core   0: 0x80003466 (0xdf2d8123) sb      s2, -542(s11)
core   0: 3 0x80003466 (0xdf2d8123) mem 0x8001c785 0xe4
core   0: 0x8000346a (0xde2dcf83) lbu     t6, -542(s11)
core   0: 3 0x8000346a (0xde2dcf83) x31 0x000000e4 mem 0x8001c785
core   0: 0x8000346e (0xde2dc003) lbu     zero, -542(s11)
core   0: 3 0x8000346e (0xde2dc003) mem 0x8001c785
core   0: 0x80003472 (0xe21bb893) sltiu   a7, s7, -479
core   0: 3 0x80003472 (0xe21bb893) x17 0x00000001
core   0: 0x80003476 (0x699daf03) lw      t5, 1689(s11)
core   0: 3 0x80003476 (0x699daf03) x30 0x00000000 mem 0x8001d03c
core   0: 0x8000347a (0x06ed8b23) sb      a4, 118(s11)
core   0: 3 0x8000347a (0x06ed8b23) mem 0x8001ca19 0xd
core   0: 0x8000347e (0x383dd303) lhu     t1, 899(s11)
core   0: 3 0x8000347e (0x383dd303) x 6 0x00000000 mem 0x8001cd26
core   0: 0x80003482 (0xbaad93a3) sh      a0, -1113(s11)
core   0: 3 0x80003482 (0xbaad93a3) mem 0x8001c54a 0x21da
core   0: 0x80003486 (0xba7dcc83) lbu     s9, -1113(s11)
core   0: 3 0x80003486 (0xba7dcc83) x25 0x000000da mem 0x8001c54a
core   0: 0x8000348a (0x00000c8a) c.slli  s9, 2
core   0: 3 0x8000348a (0x0c8a) x25 0x00000368
core   0: 0x8000348c (0x00001cfd) c.addi  s9, -1
core   0: 3 0x8000348c (0x1cfd) x25 0x00000367
core   0: 0x8000348e (0xba7d8c83) lb      s9, -1113(s11)
core   0: 3 0x8000348e (0xba7d8c83) x25 0xffffffda mem 0x8001c54a
core   0: 0x80003492 (0xbbfd93a3) sh      t6, -1113(s11)
core   0: 3 0x80003492 (0xbbfd93a3) mem 0x8001c54a 0x00e4
core   0: 0x80003496 (0xba7d8103) lb      sp, -1113(s11)
core   0: 3 0x80003496 (0xba7d8103) x 2 0xffffffe4 mem 0x8001c54a
core   0: 0x8000349a (0xbbcd93a3) sh      t3, -1113(s11)
core   0: 3 0x8000349a (0xbbcd93a3) mem 0x8001c54a 0x0000
core   0: 0x8000349e (0x00010117) auipc   sp, 0x10
core   0: 3 0x8000349e (0x00010117) x 2 0x8001349e
core   0: 0x800034a2 (0x0a810113) addi    sp, sp, 168
core   0: 3 0x800034a2 (0x0a810113) x 2 0x80013546
core   0: 0x800034a6 (0x00009ae2) c.add   s5, s8
core   0: 3 0x800034a6 (0x9ae2) x21 0x00000000
core   0: 0x800034a8 (0x0000100f) fence.i
core   0: 3 0x800034a8 (0x0000100f)
core   0: 0x800034ac (0xfa011a83) lh      s5, -96(sp)
core   0: 3 0x800034ac (0xfa011a83) x21 0x00000000 mem 0x800134e6
core   0: 0x800034b0 (0x0d414f83) lbu     t6, 212(sp)
core   0: 3 0x800034b0 (0x0d414f83) x31 0x00000000 mem 0x8001361a
core   0: 0x800034b4 (0x00000e6e) c.slli  t3, 27
core   0: 3 0x800034b4 (0x0e6e) x28 0x00000000
core   0: 0x800034b6 (0xf8210da3) sb      sp, -101(sp)
core   0: 3 0x800034b6 (0xf8210da3) mem 0x800134e1 0x46
core   0: 0x800034ba (0x04011b23) sh      zero, 86(sp)
core   0: 3 0x800034ba (0x04011b23) mem 0x8001359c 0x0000
core   0: 0x800034be (0x000105a3) sb      zero, 11(sp)
core   0: 3 0x800034be (0x000105a3) mem 0x80013551 0x0
core   0: 0x800034c2 (0xf4311e23) sh      gp, -164(sp)
core   0: 3 0x800034c2 (0xf4311e23) mem 0x800134a2 0xfd7e
core   0: 0x800034c6 (0x05b10f03) lb      t5, 91(sp)
core   0: 3 0x800034c6 (0x05b10f03) x30 0x00000004 mem 0x800135a1
core   0: 0x800034ca (0xf5514083) lbu     ra, -171(sp)
core   0: 3 0x800034ca (0xf5514083) x 1 0x00000000 mem 0x8001349b
core   0: 0x800034ce (0x0014c6b3) xor     a3, s1, ra
core   0: 3 0x800034ce (0x0014c6b3) x13 0x80028e64
core   0: 0x800034d2 (0x00008741) c.srai  a4, 16
core   0: 3 0x800034d2 (0x8741) x14 0x00000000
core   0: 0x800034d4 (0x00006f15) c.lui   t5, 0x5
core   0: 3 0x800034d4 (0x6f15) x30 0x00005000
core   0: 0x800034d6 (0x07a10403) lb      s0, 122(sp)
core   0: 3 0x800034d6 (0x07a10403) x 8 0x00000000 mem 0x800135c0
core   0: 0x800034da (0x40f05233) sra     tp, zero, a5
core   0: 3 0x800034da (0x40f05233) x 4 0x00000000
core   0: 0x800034de (0x033c30b3) mulhu   ra, s8, s3
core   0: 3 0x800034de (0x033c30b3) x 1 0x00000000
core   0: 0x800034e2 (0x01ed9713) slli    a4, s11, 30
core   0: 3 0x800034e2 (0x01ed9713) x14 0xc0000000
core   0: 0x800034e6 (0xfab10383) lb      t2, -85(sp)
core   0: 3 0x800034e6 (0xfab10383) x 7 0x00000000 mem 0x800134f1
core   0: 0x800034ea (0xfe910183) lb      gp, -23(sp)
core   0: 3 0x800034ea (0xfe910183) x 3 0x00000000 mem 0x8001352f
core   0: 0x800034ee (0x022d0033) mul     zero, s10, sp
core   0: 3 0x800034ee (0x022d0033)
core   0: 0x800034f2 (0xffd10283) lb      t0, -3(sp)
core   0: 3 0x800034f2 (0xffd10283) x 5 0x00000000 mem 0x80013543
core   0: 0x800034f6 (0x000e6433) or      s0, t3, zero
core   0: 3 0x800034f6 (0x000e6433) x 8 0x00000000
core   0: 0x800034fa (0x07d10fa3) sb      t4, 127(sp)
core   0: 3 0x800034fa (0x07d10fa3) mem 0x800135c5 0x0
core   0: 0x800034fe (0x016e8bb3) add     s7, t4, s6
core   0: 3 0x800034fe (0x016e8bb3) x23 0x00000000
core   0: 0x80003502 (0x0379aa13) slti    s4, s3, 55
core   0: 3 0x80003502 (0x0379aa13) x20 0x00000001
core   0: 0x80003506 (0x03aa45b3) div     a1, s4, s10
core   0: 3 0x80003506 (0x03aa45b3) x11 0xffffffff
core   0: 0x8000350a (0x06411703) lh      a4, 100(sp)
core   0: 3 0x8000350a (0x06411703) x14 0x00000000 mem 0x800135aa
core   0: 0x8000350e (0xff310783) lb      a5, -13(sp)
core   0: 3 0x8000350e (0xff310783) x15 0x00000000 mem 0x80013539
core   0: 0x80003512 (0x06212003) lw      zero, 98(sp)
core   0: 3 0x80003512 (0x06212003) mem 0x800135a8
core   0: 0x80003516 (0x03c826b3) mulhsu  a3, a6, t3
core   0: 3 0x80003516 (0x03c826b3) x13 0x00000000
core   0: 0x8000351a (0xf8310223) sb      gp, -124(sp)
core   0: 3 0x8000351a (0xf8310223) mem 0x800134ca 0x0
core   0: 0x8000351e (0xfa610283) lb      t0, -90(sp)
core   0: 3 0x8000351e (0xfa610283) x 5 0x00000000 mem 0x800134ec
core   0: 0x80003522 (0xf3f10303) lb      t1, -193(sp)
core   0: 3 0x80003522 (0xf3f10303) x 6 0x00000000 mem 0x80013485
core   0: 0x80003526 (0xf3610e03) lb      t3, -202(sp)
core   0: 3 0x80003526 (0xf3610e03) x28 0x00000000 mem 0x8001347c
core   0: 0x8000352a (0x00a15583) lhu     a1, 10(sp)
core   0: 3 0x8000352a (0x00a15583) x11 0x00000000 mem 0x80013550
core   0: 0x8000352e (0xfb914403) lbu     s0, -71(sp)
core   0: 3 0x8000352e (0xfb914403) x 8 0x00000000 mem 0x800134ff
core   0: 0x80003532 (0xfce11e03) lh      t3, -50(sp)
core   0: 3 0x80003532 (0xfce11e03) x28 0x00000000 mem 0x80013514
core   0: 0x80003536 (0x0a310683) lb      a3, 163(sp)
core   0: 3 0x80003536 (0x0a310683) x13 0x00000000 mem 0x800135e9
core   0: 0x8000353a (0xf4c3f893) andi    a7, t2, -180
core   0: 3 0x8000353a (0xf4c3f893) x17 0x00000000
core   0: 0x8000353e (0x08a12983) lw      s3, 138(sp)
core   0: 3 0x8000353e (0x08a12983) x19 0x00000000 mem 0x800135d0
core   0: 0x80003542 (0x08110203) lb      tp, 129(sp)
core   0: 3 0x80003542 (0x08110203) x 4 0x00000000 mem 0x800135c7
core   0: 0x80003546 (0xfbe15583) lhu     a1, -66(sp)
core   0: 3 0x80003546 (0xfbe15583) x11 0x00000000 mem 0x80013504
core   0: 0x8000354a (0xfc811203) lh      tp, -56(sp)
core   0: 3 0x8000354a (0xfc811203) x 4 0x00000000 mem 0x8001350e
core   0: 0x8000354e (0xfdd14e83) lbu     t4, -35(sp)
core   0: 3 0x8000354e (0xfdd14e83) x29 0x00000000 mem 0x80013523
core   0: 0x80003552 (0xf5c15403) lhu     s0, -164(sp)
core   0: 3 0x80003552 (0xf5c15403) x 8 0x0000fd7e mem 0x800134a2
core   0: 0x80003556 (0x00010117) auipc   sp, 0x10
core   0: 3 0x80003556 (0x00010117) x 2 0x80013556
core   0: 0x8000355a (0x5dc10113) addi    sp, sp, 1500
core   0: 3 0x8000355a (0x5dc10113) x 2 0x80013b32
core   0: 0x8000355e (0xd8b14083) lbu     ra, -629(sp)
core   0: 3 0x8000355e (0xd8b14083) x 1 0x00000000 mem 0x800138bd
core   0: 0x80003562 (0x02d220b3) mulhsu  ra, tp, a3
core   0: 3 0x80003562 (0x02d220b3) x 1 0x00000000
core   0: 0x80003566 (0x9ae10e83) lb      t4, -1618(sp)
core   0: 3 0x80003566 (0x9ae10e83) x29 0x00000000 mem 0x800134e0
core   0: 0x8000356a (0x000060b1) c.lui   ra, 0xc
core   0: 3 0x8000356a (0x60b1) x 1 0x0000c000
core   0: 0x8000356c (0x03ad8bb3) mul     s7, s11, s10
core   0: 3 0x8000356c (0x03ad8bb3) x23 0x00000000
core   0: 0x80003570 (0xe7110283) lb      t0, -399(sp)
core   0: 3 0x80003570 (0xe7110283) x 5 0x00000000 mem 0x800139a3
core   0: 0x80003574 (0xb7b7ad37) lui     s10, 0xb7b7a
core   0: 3 0x80003574 (0xb7b7ad37) x26 0xb7b7a000
core   0: 0x80003578 (0xa1f11223) sh      t6, -1532(sp)
core   0: 3 0x80003578 (0xa1f11223) mem 0x80013536 0x0000
core   0: 0x8000357c (0x41388bb3) sub     s7, a7, s3
core   0: 3 0x8000357c (0x41388bb3) x23 0x00000000
core   0: 0x80003580 (0x1b414a83) lbu     s5, 436(sp)
core   0: 3 0x80003580 (0x1b414a83) x21 0x00000000 mem 0x80013ce6
core   0: 0x80003584 (0x028eb733) mulhu   a4, t4, s0
core   0: 3 0x80003584 (0x028eb733) x14 0x00000000
core   0: 0x80003588 (0x47d14983) lbu     s3, 1149(sp)
core   0: 3 0x80003588 (0x47d14983) x19 0x00000000 mem 0x80013faf
core   0: 0x8000358c (0x000086f9) c.srai  a3, 30
core   0: 3 0x8000358c (0x86f9) x13 0x00000000
core   0: 0x8000358e (0xcae10523) sb      a4, -854(sp)
core   0: 3 0x8000358e (0xcae10523) mem 0x800137dc 0x0
core   0: 0x80003592 (0xba310683) lb      a3, -1117(sp)
core   0: 3 0x80003592 (0xba310683) x13 0x00000000 mem 0x800136d5
core   0: 0x80003596 (0x00009a2e) c.add   s4, a1
core   0: 3 0x80003596 (0x9a2e) x20 0x00000001
core   0: 0x80003598 (0x4133d8b3) sra     a7, t2, s3
core   0: 3 0x80003598 (0x4133d8b3) x17 0x00000000
core   0: 0x8000359c (0x9b9106a3) sb      s9, -1619(sp)
core   0: 3 0x8000359c (0x9b9106a3) mem 0x800134df 0xda
core   0: 0x800035a0 (0x6fdaad13) slti    s10, s5, 1789
core   0: 3 0x800035a0 (0x6fdaad13) x26 0x00000001
core   0: 0x800035a4 (0xc7610383) lb      t2, -906(sp)
core   0: 3 0x800035a4 (0xc7610383) x 7 0x00000000 mem 0x800137a8
core   0: 0x800035a8 (0x19b11423) sh      s11, 392(sp)
core   0: 3 0x800035a8 (0x19b11423) mem 0x80013cba 0xc9a3
core   0: 0x800035ac (0x95510783) lb      a5, -1707(sp)
core   0: 3 0x800035ac (0x95510783) x15 0x00000001 mem 0x80013487
core   0: 0x800035b0 (0xec512d23) sw      t0, -294(sp)
core   0: 3 0x800035b0 (0xec512d23) mem 0x80013a0c 0x00000000
core   0: 0x800035b4 (0xce087893) andi    a7, a6, -800
core   0: 3 0x800035b4 (0xce087893) x17 0x00000000
core   0: 0x800035b8 (0x00008415) c.srai  s0, 5
core   0: 3 0x800035b8 (0x8415) x 8 0x000007eb
core   0: 0x800035ba (0x2dc14583) lbu     a1, 732(sp)
core   0: 3 0x800035ba (0x2dc14583) x11 0x00000000 mem 0x80013e0e
core   0: 0x800035be (0x0001a197) auipc   gp, 0x1a
core   0: 3 0x800035be (0x0001a197) x 3 0x8001d5be
core   0: 0x800035c2 (0xf4918193) addi    gp, gp, -183
core   0: 3 0x800035c2 (0xf4918193) x 3 0x8001d507
core   0: 0x800035c6 (0x00218e03) lb      t3, 2(gp)
core   0: 3 0x800035c6 (0x00218e03) x28 0x00000000 mem 0x8001d509
core   0: 0x800035ca (0xff21c383) lbu     t2, -14(gp)
core   0: 3 0x800035ca (0xff21c383) x 7 0x00000000 mem 0x8001d4f9
core   0: 0x800035ce (0x0000717d) c.addi16sp sp, -16
core   0: 3 0x800035ce (0x717d) x 2 0x80013b22
core   0: 0x800035d0 (0x007f4ab3) xor     s5, t5, t2
core   0: 3 0x800035d0 (0x007f4ab3) x21 0x00005000
core   0: 0x800035d4 (0xfe218923) sb      sp, -14(gp)
core   0: 3 0x800035d4 (0xfe218923) mem 0x8001d4f9 0x22
core   0: 0x800035d8 (0xff719403) lh      s0, -9(gp)
core   0: 3 0x800035d8 (0xff719403) x 8 0x00000000 mem 0x8001d4fe
core   0: 0x800035dc (0xff718c03) lb      s8, -9(gp)
core   0: 3 0x800035dc (0xff718c03) x24 0x00000000 mem 0x8001d4fe
core   0: 0x800035e0 (0xff718a83) lb      s5, -9(gp)
core   0: 3 0x800035e0 (0xff718a83) x21 0x00000000 mem 0x8001d4fe
core   0: 0x800035e4 (0xff718603) lb      a2, -9(gp)
core   0: 3 0x800035e4 (0xff718603) x12 0x00000000 mem 0x8001d4fe
core   0: 0x800035e8 (0xfe618ba3) sb      t1, -9(gp)
core   0: 3 0x800035e8 (0xfe618ba3) mem 0x8001d4fe 0x0
core   0: 0x800035ec (0x00f19083) lh      ra, 15(gp)
core   0: 3 0x800035ec (0x00f19083) x 1 0x00000000 mem 0x8001d516
core   0: 0x800035f0 (0x00c193a3) sh      a2, 7(gp)
core   0: 3 0x800035f0 (0x00c193a3) mem 0x8001d50e 0x0000
core   0: 0x800035f4 (0xff119603) lh      a2, -15(gp)
core   0: 3 0x800035f4 (0xff119603) x12 0x00002200 mem 0x8001d4f8
core   0: 0x800035f8 (0x00d1dd03) lhu     s10, 13(gp)
core   0: 3 0x800035f8 (0x00d1dd03) x26 0x00000000 mem 0x8001d514
core   0: 0x800035fc (0x001196a3) sh      ra, 13(gp)
core   0: 3 0x800035fc (0x001196a3) mem 0x8001d514 0x0000
core   0: 0x80003600 (0x00010117) auipc   sp, 0x10
core   0: 3 0x80003600 (0x00010117) x 2 0x80013600
core   0: 0x80003604 (0xfeb10113) addi    sp, sp, -21
core   0: 3 0x80003604 (0xfeb10113) x 2 0x800135eb
core   0: 0x80003608 (0xfc010223) sb      zero, -60(sp)
core   0: 3 0x80003608 (0xfc010223) mem 0x800135af 0x0
core   0: 0x8000360c (0x02496033) rem     zero, s2, tp
core   0: 3 0x8000360c (0x02496033)
core   0: 0x80003610 (0x03610f83) lb      t6, 54(sp)
core   0: 3 0x80003610 (0x03610f83) x31 0x00000000 mem 0x80013621
core   0: 0x80003614 (0xf0511a03) lh      s4, -251(sp)
core   0: 3 0x80003614 (0xf0511a03) x20 0x00000000 mem 0x800134f0
core   0: 0x80003618 (0x00b2d793) srli    a5, t0, 11
core   0: 3 0x80003618 (0x00b2d793) x15 0x00000000
core   0: 0x8000361c (0x0000840d) c.srai  s0, 3
core   0: 3 0x8000361c (0x840d) x 8 0x00000000
core   0: 0x8000361e (0x00008c15) c.sub   s0, a3
core   0: 3 0x8000361e (0x8c15) x 8 0x00000000
core   0: 0x80003620 (0xf42101a3) sb      sp, -189(sp)
core   0: 3 0x80003620 (0xf42101a3) mem 0x8001352e 0xeb
core   0: 0x80003624 (0x025441b3) div     gp, s0, t0
core   0: 3 0x80003624 (0x025441b3) x 3 0xffffffff
core   0: 0x80003628 (0xfe310b83) lb      s7, -29(sp)
core   0: 3 0x80003628 (0xfe310b83) x23 0x00000000 mem 0x800135ce
core   0: 0x8000362c (0xf1610983) lb      s3, -234(sp)
core   0: 3 0x8000362c (0xf1610983) x19 0x00000000 mem 0x80013501
core   0: 0x80003630 (0x02f187b3) mul     a5, gp, a5
core   0: 3 0x80003630 (0x02f187b3) x15 0x00000000
core   0: 0x80003634 (0x0389e6b3) rem     a3, s3, s8
core   0: 3 0x80003634 (0x0389e6b3) x13 0x00000000
core   0: 0x80003638 (0xef480093) addi    ra, a6, -268
core   0: 3 0x80003638 (0xef480093) x 1 0xfffffef4
core   0: 0x8000363c (0xfcc14003) lbu     zero, -52(sp)
core   0: 3 0x8000363c (0xfcc14003) mem 0x800135b7
core   0: 0x80003640 (0x06410723) sb      tp, 110(sp)
core   0: 3 0x80003640 (0x06410723) mem 0x80013659 0x0
core   0: 0x80003644 (0xfc311e03) lh      t3, -61(sp)
core   0: 3 0x80003644 (0xfc311e03) x28 0x00000000 mem 0x800135ae
core   0: 0x80003648 (0x0000034a) c.slli  t1, 18
core   0: 3 0x80003648 (0x034a) x 6 0x00000000
core   0: 0x8000364a (0x03910d23) sb      s9, 58(sp)
core   0: 3 0x8000364a (0x03910d23) mem 0x80013625 0xda
core   0: 0x8000364e (0x03014183) lbu     gp, 48(sp)
core   0: 3 0x8000364e (0x03014183) x 3 0x00000000 mem 0x8001361b
core   0: 0x80003652 (0xf4410ba3) sb      tp, -169(sp)
core   0: 3 0x80003652 (0xf4410ba3) mem 0x80013542 0x0
core   0: 0x80003656 (0x00008ffd) c.and   a5, a5
core   0: 3 0x80003656 (0x8ffd) x15 0x00000000
core   0: 0x80003658 (0x0351fd37) lui     s10, 0x351f
core   0: 3 0x80003658 (0x0351fd37) x26 0x0351f000
core   0: 0x8000365c (0x0b110f23) sb      a7, 190(sp)
core   0: 3 0x8000365c (0x0b110f23) mem 0x800136a9 0x0
core   0: 0x80003660 (0xf7810c83) lb      s9, -136(sp)
core   0: 3 0x80003660 (0xf7810c83) x25 0x00000000 mem 0x80013563
core   0: 0x80003664 (0x01810683) lb      a3, 24(sp)
core   0: 3 0x80003664 (0x01810683) x13 0x00000000 mem 0x80013603
core   0: 0x80003668 (0xf2e10603) lb      a2, -210(sp)
core   0: 3 0x80003668 (0xf2e10603) x12 0x00000000 mem 0x80013519
core   0: 0x8000366c (0x0e610d03) lb      s10, 230(sp)
core   0: 3 0x8000366c (0x0e610d03) x26 0x00000000 mem 0x800136d1
core   0: 0x80003670 (0x00006f9d) c.lui   t6, 0x7
core   0: 3 0x80003670 (0x6f9d) x31 0x00007000
core   0: 0x80003672 (0xf7b14603) lbu     a2, -133(sp)
core   0: 3 0x80003672 (0xf7b14603) x12 0x00000000 mem 0x80013566
core   0: 0x80003676 (0x00008021) c.srli  s0, 8
core   0: 3 0x80003676 (0x8021) x 8 0x00000000
core   0: 0x80003678 (0x02c10e83) lb      t4, 44(sp)
core   0: 3 0x80003678 (0x02c10e83) x29 0x00000000 mem 0x80013617
core   0: 0x8000367c (0x00000001) c.nop
core   0: 3 0x8000367c (0x0001)
core   0: 0x8000367e (0xfc710203) lb      tp, -57(sp)
core   0: 3 0x8000367e (0xfc710203) x 4 0x00000000 mem 0x800135b2
core   0: 0x80003682 (0xfb610603) lb      a2, -74(sp)
core   0: 3 0x80003682 (0xfb610603) x12 0x00000004 mem 0x800135a1
core   0: 0x80003686 (0x06214e83) lbu     t4, 98(sp)
core   0: 3 0x80003686 (0x06214e83) x29 0x00000000 mem 0x8001364d
core   0: 0x8000368a (0xb7e63d93) sltiu   s11, a2, -1154
core   0: 3 0x8000368a (0xb7e63d93) x27 0x00000001
core   0: 0x8000368e (0xf9e10823) sb      t5, -112(sp)
core   0: 3 0x8000368e (0xf9e10823) mem 0x8001357b 0x0
core   0: 0x80003692 (0x00010a97) auipc   s5, 0x10
core   0: 3 0x80003692 (0x00010a97) x21 0x80013692
core   0: 0x80003696 (0x504a8a93) addi    s5, s5, 1284
core   0: 3 0x80003696 (0x504a8a93) x21 0x80013b96
core   0: 0x8000369a (0x004ada03) lhu     s4, 4(s5)
core   0: 3 0x8000369a (0x004ada03) x20 0x00000000 mem 0x80013b9a
core   0: 0x8000369e (0x004ac783) lbu     a5, 4(s5)
core   0: 3 0x8000369e (0x004ac783) x15 0x00000000 mem 0x80013b9a
core   0: 0x800036a2 (0xfc7ac703) lbu     a4, -57(s5)
core   0: 3 0x800036a2 (0xfc7ac703) x14 0x00000000 mem 0x80013b5d
core   0: 0x800036a6 (0x0000717d) c.addi16sp sp, -16
core   0: 3 0x800036a6 (0x717d) x 2 0x800135db
core   0: 0x800036a8 (0xfe4a9a03) lh      s4, -28(s5)
core   0: 3 0x800036a8 (0xfe4a9a03) x20 0x00000000 mem 0x80013b7a
core   0: 0x800036ac (0x03efb0b3) mulhu   ra, t6, t5
core   0: 3 0x800036ac (0x03efb0b3) x 1 0x00000000
core   0: 0x800036b0 (0xfe1a8d03) lb      s10, -31(s5)
core   0: 3 0x800036b0 (0xfe1a8d03) x26 0x00000000 mem 0x80013b77
core   0: 0x800036b4 (0x01ea8803) lb      a6, 30(s5)
core   0: 3 0x800036b4 (0x01ea8803) x16 0x00000000 mem 0x80013bb4
core   0: 0x800036b8 (0xfeea83a3) sb      a4, -25(s5)
core   0: 3 0x800036b8 (0xfeea83a3) mem 0x80013b7d 0x0
core   0: 0x800036bc (0x019a8103) lb      sp, 25(s5)
core   0: 3 0x800036bc (0x019a8103) x 2 0xffffffff mem 0x80013baf
core   0: 0x800036c0 (0x019a8a03) lb      s4, 25(s5)
core   0: 3 0x800036c0 (0x019a8a03) x20 0xffffffff mem 0x80013baf
core   0: 0x800036c4 (0xfd0a8ba3) sb      a6, -41(s5)
core   0: 3 0x800036c4 (0xfd0a8ba3) mem 0x80013b6d 0x0
core   0: 0x800036c8 (0x035a8303) lb      t1, 53(s5)
core   0: 3 0x800036c8 (0x035a8303) x 6 0x00000000 mem 0x80013bcb
core   0: 0x800036cc (0x040a9083) lh      ra, 64(s5)
core   0: 3 0x800036cc (0x040a9083) x 1 0x00000000 mem 0x80013bd6
core   0: 0x800036d0 (0x01da8fa3) sb      t4, 31(s5)
core   0: 3 0x800036d0 (0x01da8fa3) mem 0x80013bb5 0x0
core   0: 0x800036d4 (0xfeaadb03) lhu     s6, -22(s5)
core   0: 3 0x800036d4 (0xfeaadb03) x22 0x00000000 mem 0x80013b80
core   0: 0x800036d8 (0xfd3a8683) lb      a3, -45(s5)
core   0: 3 0x800036d8 (0xfd3a8683) x13 0x00000000 mem 0x80013b69
core   0: 0x800036dc (0x00ea9f83) lh      t6, 14(s5)
core   0: 3 0x800036dc (0x00ea9f83) x31 0x00000000 mem 0x80013ba4
core   0: 0x800036e0 (0x00ead083) lhu     ra, 14(s5)
core   0: 3 0x800036e0 (0x00ead083) x 1 0x00000000 mem 0x80013ba4
core   0: 0x800036e4 (0x008aa923) sw      s0, 18(s5)
core   0: 3 0x800036e4 (0x008aa923) mem 0x80013ba8 0x00000000
core   0: 0x800036e8 (0x008aa923) sw      s0, 18(s5)
core   0: 3 0x800036e8 (0x008aa923) mem 0x80013ba8 0x00000000
core   0: 0x800036ec (0x012aae03) lw      t3, 18(s5)
core   0: 3 0x800036ec (0x012aae03) x28 0x00000000 mem 0x80013ba8
core   0: 0x800036f0 (0x0001b117) auipc   sp, 0x1b
core   0: 3 0x800036f0 (0x0001b117) x 2 0x8001e6f0
core   0: 0x800036f4 (0x19210113) addi    sp, sp, 402
core   0: 3 0x800036f4 (0x19210113) x 2 0x8001e882
core   0: 0x800036f8 (0xff710683) lb      a3, -9(sp)
core   0: 3 0x800036f8 (0xff710683) x13 0x00000000 mem 0x8001e879
core   0: 0x800036fc (0x031dc3b3) div     t2, s11, a7
core   0: 3 0x800036fc (0x031dc3b3) x 7 0xffffffff
core   0: 0x80003700 (0x00000001) c.nop
core   0: 3 0x80003700 (0x0001)
core   0: 0x80003702 (0xffe10ca3) sb      t5, -7(sp)
core   0: 3 0x80003702 (0xffe10ca3) mem 0x8001e87b 0x0
core   0: 0x80003706 (0xff110d03) lb      s10, -15(sp)
core   0: 3 0x80003706 (0xff110d03) x26 0x00000000 mem 0x8001e873
core   0: 0x8000370a (0x000009f2) c.slli  s3, 28
core   0: 3 0x8000370a (0x09f2) x19 0x00000000
core   0: 0x8000370c (0x03bd36b3) mulhu   a3, s10, s11
core   0: 3 0x8000370c (0x03bd36b3) x13 0x00000000
core   0: 0x80003710 (0x01311323) sh      s3, 6(sp)
core   0: 3 0x80003710 (0x01311323) mem 0x8001e888 0x0000
core   0: 0x80003714 (0xd6b48413) addi    s0, s1, -661
core   0: 3 0x80003714 (0xd6b48413) x 8 0x80028bcf
core   0: 0x80003718 (0x00008f55) c.or    a4, a3
core   0: 3 0x80003718 (0x8f55) x14 0x00000000
core   0: 0x8000371a (0xa6a20d13) addi    s10, tp, -1430
core   0: 3 0x8000371a (0xa6a20d13) x26 0xfffffa6a
core   0: 0x8000371e (0xffd14d83) lbu     s11, -3(sp)
core   0: 3 0x8000371e (0xffd14d83) x27 0x00000000 mem 0x8001e87f
core   0: 0x80003722 (0x5fd87813) andi    a6, a6, 1533
core   0: 3 0x80003722 (0x5fd87813) x16 0x00000000
core   0: 0x80003726 (0x2a5c8393) addi    t2, s9, 677
core   0: 3 0x80003726 (0x2a5c8393) x 7 0x000002a5
core   0: 0x8000372a (0xd2382b17) auipc   s6, 0xd2382
core   0: 3 0x8000372a (0xd2382b17) x22 0x5238572a
core   0: 0x8000372e (0x02e13233) mulhu   tp, sp, a4
core   0: 3 0x8000372e (0x02e13233) x 4 0x00000000
core   0: 0x80003732 (0x01f100a3) sb      t6, 1(sp)
core   0: 3 0x80003732 (0x01f100a3) mem 0x8001e883 0x0
core   0: 0x80003736 (0xff310583) lb      a1, -13(sp)
core   0: 3 0x80003736 (0xff310583) x11 0x00000000 mem 0x8001e875
core   0: 0x8000373a (0x00000001) c.nop
core   0: 3 0x8000373a (0x0001)
core   0: 0x8000373c (0x02059b33) mulh    s6, a1, zero
core   0: 3 0x8000373c (0x02059b33) x22 0x00000000
core   0: 0x80003740 (0x415b5893) srai    a7, s6, 21
core   0: 3 0x80003740 (0x415b5893) x17 0x00000000
core   0: 0x80003744 (0x000102a3) sb      zero, 5(sp)
core   0: 3 0x80003744 (0x000102a3) mem 0x8001e887 0x0
core   0: 0x80003748 (0x037fbfb3) mulhu   t6, t6, s7
core   0: 3 0x80003748 (0x037fbfb3) x31 0x00000000
core   0: 0x8000374c (0x000085a6) c.mv    a1, s1
core   0: 3 0x8000374c (0x85a6) x11 0x80028e64
core   0: 0x8000374e (0xff014203) lbu     tp, -16(sp)
core   0: 3 0x8000374e (0xff014203) x 4 0x00000000 mem 0x8001e872
core   0: 0x80003752 (0x00cae433) or      s0, s5, a2
core   0: 3 0x80003752 (0x00cae433) x 8 0x80013b96
core   0: 0x80003756 (0xff014603) lbu     a2, -16(sp)
core   0: 3 0x80003756 (0xff014603) x12 0x00000000 mem 0x8001e872
core   0: 0x8000375a (0xfeb109a3) sb      a1, -13(sp)
core   0: 3 0x8000375a (0xfeb109a3) mem 0x8001e875 0x64
core   0: 0x8000375e (0xffc14d83) lbu     s11, -4(sp)
core   0: 3 0x8000375e (0xffc14d83) x27 0x00000000 mem 0x8001e87e
core   0: 0x80003762 (0x03e12733) mulhsu  a4, sp, t5
core   0: 3 0x80003762 (0x03e12733) x14 0xffffd800
core   0: 0x80003766 (0x00000899) c.addi  a7, 6
core   0: 3 0x80003766 (0x0899) x17 0x00000006
core   0: 0x80003768 (0x00009592) c.add   a1, tp
core   0: 3 0x80003768 (0x9592) x11 0x80028e64
core   0: 0x8000376a (0x00411b03) lh      s6, 4(sp)
core   0: 3 0x8000376a (0x00411b03) x22 0x00000000 mem 0x8001e886
core   0: 0x8000376e (0x41ba82b3) sub     t0, s5, s11
core   0: 3 0x8000376e (0x41ba82b3) x 5 0x80013b96
core   0: 0x80003772 (0x01011523) sh      a6, 10(sp)
core   0: 3 0x80003772 (0x01011523) mem 0x8001e88c 0x0000
core   0: 0x80003776 (0xff611a23) sh      s6, -12(sp)
core   0: 3 0x80003776 (0xff611a23) mem 0x8001e876 0x0000
core   0: 0x8000377a (0xffa15783) lhu     a5, -6(sp)
core   0: 3 0x8000377a (0xffa15783) x15 0x00000000 mem 0x8001e87c
core   0: 0x8000377e (0x02076733) rem     a4, a4, zero
core   0: 3 0x8000377e (0x02076733) x14 0xffffd800
core   0: 0x80003782 (0x00ae6fb3) or      t6, t3, a0
core   0: 3 0x80003782 (0x00ae6fb3) x31 0xfd3e21da
core   0: 0x80003786 (0xffb10883) lb      a7, -5(sp)
core   0: 3 0x80003786 (0xffb10883) x17 0x00000000 mem 0x8001e87d
core   0: 0x8000378a (0x00214c03) lbu     s8, 2(sp)
core   0: 3 0x8000378a (0x00214c03) x24 0x00000000 mem 0x8001e884
core   0: 0x8000378e (0x03d57eb3) remu    t4, a0, t4
core   0: 3 0x8000378e (0x03d57eb3) x29 0xfd3e21da
core   0: 0x80003792 (0xff714b03) lbu     s6, -9(sp)
core   0: 3 0x80003792 (0xff714b03) x22 0x00000000 mem 0x8001e879
core   0: 0x80003796 (0x00010117) auipc   sp, 0x10
core   0: 3 0x80003796 (0x00010117) x 2 0x80013796
core   0: 0x8000379a (0x1a310113) addi    sp, sp, 419
core   0: 3 0x8000379a (0x1a310113) x 2 0x80013939
core   0: 0x8000379e (0xff410c03) lb      s8, -12(sp)
core   0: 3 0x8000379e (0xff410c03) x24 0x00000000 mem 0x8001392d
core   0: 0x800037a2 (0xf2de8c93) addi    s9, t4, -211
core   0: 3 0x800037a2 (0xf2de8c93) x25 0xfd3e2107
core   0: 0x800037a6 (0xfe212ba3) sw      sp, -9(sp)
core   0: 3 0x800037a6 (0xfe212ba3) mem 0x80013930 0x80013939
core   0: 0x800037aa (0x00711403) lh      s0, 7(sp)
core   0: 3 0x800037aa (0x00711403) x 8 0x00000000 mem 0x80013940
core   0: 0x800037ae (0x00001cfd) c.addi  s9, -1
core   0: 3 0x800037ae (0x1cfd) x25 0xfd3e2106
core   0: 0x800037b0 (0xffe10303) lb      t1, -2(sp)
core   0: 3 0x800037b0 (0xffe10303) x 6 0x00000000 mem 0x80013937
core   0: 0x800037b4 (0xfe010e23) sb      zero, -4(sp)
core   0: 3 0x800037b4 (0xfe010e23) mem 0x80013935 0x0
core   0: 0x800037b8 (0xff810c83) lb      s9, -8(sp)
core   0: 3 0x800037b8 (0xff810c83) x25 0x00000039 mem 0x80013931
core   0: 0x800037bc (0x0ff0000f) fence   iorw,iorw
core   0: 3 0x800037bc (0x0ff0000f)
core   0: 0x800037c0 (0x00114803) lbu     a6, 1(sp)
core   0: 3 0x800037c0 (0x00114803) x16 0x00000000 mem 0x8001393a
core   0: 0x800037c4 (0x0c9a7413) andi    s0, s4, 201
core   0: 3 0x800037c4 (0x0c9a7413) x 8 0x000000c9
core   0: 0x800037c8 (0x40875313) srai    t1, a4, 8
core   0: 3 0x800037c8 (0x40875313) x 6 0xffffffd8
core   0: 0x800037cc (0x0083acb3) slt     s9, t2, s0
core   0: 3 0x800037cc (0x0083acb3) x25 0x00000000
core   0: 0x800037d0 (0xff511e83) lh      t4, -11(sp)
core   0: 3 0x800037d0 (0xff511e83) x29 0x00000000 mem 0x8001392e
core   0: 0x800037d4 (0x00010723) sb      zero, 14(sp)
core   0: 3 0x800037d4 (0x00010723) mem 0x80013947 0x0
core   0: 0x800037d8 (0x01010a83) lb      s5, 16(sp)
core   0: 3 0x800037d8 (0x01010a83) x21 0x00000000 mem 0x80013949
core   0: 0x800037dc (0x412bd593) srai    a1, s7, 18
core   0: 3 0x800037dc (0x412bd593) x11 0x00000000
core   0: 0x800037e0 (0xffb15303) lhu     t1, -5(sp)
core   0: 3 0x800037e0 (0xffb15303) x 6 0x00000000 mem 0x80013934
core   0: 0x800037e4 (0x00e115a3) sh      a4, 11(sp)
core   0: 3 0x800037e4 (0x00e115a3) mem 0x80013944 0xd800
core   0: 0x800037e8 (0xff515683) lhu     a3, -11(sp)
core   0: 3 0x800037e8 (0xff515683) x13 0x00000000 mem 0x8001392e
core   0: 0x800037ec (0xff611da3) sh      s6, -5(sp)
core   0: 3 0x800037ec (0xff611da3) mem 0x80013934 0x0000
core   0: 0x800037f0 (0x00f712b3) sll     t0, a4, a5
core   0: 3 0x800037f0 (0x00f712b3) x 5 0xffffd800
core   0: 0x800037f4 (0xff514d03) lbu     s10, -11(sp)
core   0: 3 0x800037f4 (0xff514d03) x26 0x00000000 mem 0x8001392e
core   0: 0x800037f8 (0x00a14983) lbu     s3, 10(sp)
core   0: 3 0x800037f8 (0x00a14983) x19 0x00000000 mem 0x80013943
core   0: 0x800037fc (0x00010983) lb      s3, 0(sp)
core   0: 3 0x800037fc (0x00010983) x19 0x00000000 mem 0x80013939
core   0: 0x80003800 (0x011105a3) sb      a7, 11(sp)
core   0: 3 0x80003800 (0x011105a3) mem 0x80013944 0x0
core   0: 0x80003804 (0x00715a83) lhu     s5, 7(sp)
core   0: 3 0x80003804 (0x00715a83) x21 0x00000000 mem 0x80013940
core   0: 0x80003808 (0x01b10623) sb      s11, 12(sp)
core   0: 3 0x80003808 (0x01b10623) mem 0x80013945 0x0
core   0: 0x8000380c (0x00010603) lb      a2, 0(sp)
core   0: 3 0x8000380c (0x00010603) x12 0x00000000 mem 0x80013939
core   0: 0x80003810 (0x00000001) c.nop
core   0: 3 0x80003810 (0x0001)
core   0: 0x80003812 (0x015e65b3) or      a1, t3, s5
core   0: 3 0x80003812 (0x015e65b3) x11 0x00000000
core   0: 0x80003816 (0x00010a83) lb      s5, 0(sp)
core   0: 3 0x80003816 (0x00010a83) x21 0x00000000 mem 0x80013939
core   0: 0x8000381a (0xff110303) lb      t1, -15(sp)
core   0: 3 0x8000381a (0xff110303) x 6 0x00000000 mem 0x8001392a
core   0: 0x8000381e (0x0063ed33) or      s10, t2, t1
core   0: 3 0x8000381e (0x0063ed33) x26 0x000002a5
core   0: 0x80003822 (0x00f15003) lhu     zero, 15(sp)
core   0: 3 0x80003822 (0x00f15003) mem 0x80013948
core   0: 0x80003826 (0x00c14f03) lbu     t5, 12(sp)
core   0: 3 0x80003826 (0x00c14f03) x30 0x00000000 mem 0x80013945
core   0: 0x8000382a (0x0171c9b3) xor     s3, gp, s7
core   0: 3 0x8000382a (0x0171c9b3) x19 0x00000000
core   0: 0x8000382e (0x00d15d03) lhu     s10, 13(sp)
core   0: 3 0x8000382e (0x00d15d03) x26 0x00000000 mem 0x80013946
core   0: 0x80003832 (0x00b10c83) lb      s9, 11(sp)
core   0: 3 0x80003832 (0x00b10c83) x25 0x00000000 mem 0x80013944
core   0: 0x80003836 (0x01d39a13) slli    s4, t2, 29
core   0: 3 0x80003836 (0x01d39a13) x20 0xa0000000
core   0: 0x8000383a (0xfea10ea3) sb      a0, -3(sp)
core   0: 3 0x8000383a (0xfea10ea3) mem 0x80013936 0xda
core   0: 0x8000383e (0x0001bf97) auipc   t6, 0x1b
core   0: 3 0x8000383e (0x0001bf97) x31 0x8001e83e
core   0: 0x80003842 (0xe7ef8f93) addi    t6, t6, -386
core   0: 3 0x80003842 (0xe7ef8f93) x31 0x8001e6bc
core   0: 0x80003846 (0x407b8cb3) sub     s9, s7, t2
core   0: 3 0x80003846 (0x407b8cb3) x25 0xfffffd5b
core   0: 0x8000384a (0x00000001) c.nop
core   0: 3 0x8000384a (0x0001)
core   0: 0x8000384c (0xfc9f9323) sh      s1, -58(t6)
core   0: 3 0x8000384c (0xfc9f9323) mem 0x8001e682 0x8e64
core   0: 0x80003850 (0xfd6f8323) sb      s6, -58(t6)
core   0: 3 0x80003850 (0xfd6f8323) mem 0x8001e682 0x0
core   0: 0x80003854 (0x031f8ba3) sb      a7, 55(t6)
core   0: 3 0x80003854 (0x031f8ba3) mem 0x8001e6f3 0x0
core   0: 0x80003858 (0xfcdfce83) lbu     t4, -51(t6)
core   0: 3 0x80003858 (0xfcdfce83) x29 0x00000000 mem 0x8001e689
core   0: 0x8000385c (0x00005dfd) c.li    s11, -1
core   0: 3 0x8000385c (0x5dfd) x27 0xffffffff
core   0: 0x8000385e (0xfdafdd03) lhu     s10, -38(t6)
core   0: 3 0x8000385e (0xfdafdd03) x26 0x00000000 mem 0x8001e696
core   0: 0x80003862 (0x6c493213) sltiu   tp, s2, 1732
core   0: 3 0x80003862 (0x6c493213) x 4 0x00000000
core   0: 0x80003866 (0xfdff8603) lb      a2, -33(t6)
core   0: 3 0x80003866 (0xfdff8603) x12 0x00000000 mem 0x8001e69b
core   0: 0x8000386a (0x00008465) c.srai  s0, 25
core   0: 3 0x8000386a (0x8465) x 8 0x00000000
core   0: 0x8000386c (0x025f9423) sh      t0, 40(t6)
core   0: 3 0x8000386c (0x025f9423) mem 0x8001e6e4 0xd800
core   0: 0x80003870 (0x028fa183) lw      gp, 40(t6)
core   0: 3 0x80003870 (0x028fa183) x 3 0x0000d800 mem 0x8001e6e4
core   0: 0x80003874 (0x028fc303) lbu     t1, 40(t6)
core   0: 3 0x80003874 (0x028fc303) x 6 0x00000000 mem 0x8001e6e4
core   0: 0x80003878 (0xfe5f8603) lb      a2, -27(t6)
core   0: 3 0x80003878 (0xfe5f8603) x12 0x00000000 mem 0x8001e6a1
core   0: 0x8000387c (0xfeaf89a3) sb      a0, -13(t6)
core   0: 3 0x8000387c (0xfeaf89a3) mem 0x8001e6af 0xda
core   0: 0x80003880 (0x00df9b13) slli    s6, t6, 13
core   0: 3 0x80003880 (0x00df9b13) x22 0x3cd78000
core   0: 0x80003884 (0xff3f8883) lb      a7, -13(t6)
core   0: 3 0x80003884 (0xff3f8883) x17 0xffffffda mem 0x8001e6af
core   0: 0x80003888 (0x01bf8e03) lb      t3, 27(t6)
core   0: 3 0x80003888 (0x01bf8e03) x28 0x00000000 mem 0x8001e6d7
core   0: 0x8000388c (0x00010897) auipc   a7, 0x10
core   0: 3 0x8000388c (0x00010897) x17 0x8001388c
core   0: 0x80003890 (0x47488893) addi    a7, a7, 1140
core   0: 3 0x80003890 (0x47488893) x17 0x80013d00
core   0: 0x80003894 (0x00010217) auipc   tp, 0x10
core   0: 3 0x80003894 (0x00010217) x 4 0x80013894
core   0: 0x80003898 (0x01020213) addi    tp, tp, 16
core   0: 3 0x80003898 (0x01020213) x 4 0x800138a4
core   0: 0x8000389c (0x00010a17) auipc   s4, 0x10
core   0: 3 0x8000389c (0x00010a17) x20 0x8001389c
core   0: 0x800038a0 (0x17ba0a13) addi    s4, s4, 379
core   0: 3 0x800038a0 (0x17ba0a13) x20 0x80013a17
core   0: 0x800038a4 (0xff8881a3) sb      s8, -29(a7)
core   0: 3 0x800038a4 (0xff8881a3) mem 0x80013ce3 0x0
core   0: 0x800038a8 (0x00010f17) auipc   t5, 0x10
core   0: 3 0x800038a8 (0x00010f17) x30 0x800138a8
core   0: 0x800038ac (0xd8cf0f13) addi    t5, t5, -628
core   0: 3 0x800038ac (0xd8cf0f13) x30 0x80013634
core   0: 0x800038b0 (0xf8a24603) lbu     a2, -118(tp)
core   0: 3 0x800038b0 (0xf8a24603) x12 0x00000000 mem 0x8001382e
core   0: 0x800038b4 (0x07ba5103) lhu     sp, 123(s4)
core   0: 3 0x800038b4 (0x07ba5103) x 2 0x00000000 mem 0x80013a92
core   0: 0x800038b8 (0x033208a3) sb      s3, 49(tp)
core   0: 3 0x800038b8 (0x033208a3) mem 0x800138d5 0x0
core   0: 0x800038bc (0xfc1f4c83) lbu     s9, -63(t5)
core   0: 3 0x800038bc (0xfc1f4c83) x25 0x00000000 mem 0x800135f5
core   0: 0x800038c0 (0x03524c83) lbu     s9, 53(tp)
core   0: 3 0x800038c0 (0x03524c83) x25 0x00000000 mem 0x800138d9
core   0: 0x800038c4 (0x076a0fa3) sb      s6, 127(s4)
core   0: 3 0x800038c4 (0x076a0fa3) mem 0x80013a96 0x0
core   0: 0x800038c8 (0x002f00a3) sb      sp, 1(t5)
core   0: 3 0x800038c8 (0x002f00a3) mem 0x80013635 0x0
core   0: 0x800038cc (0xfc68db83) lhu     s7, -58(a7)
core   0: 3 0x800038cc (0xfc68db83) x23 0x00000000 mem 0x80013cc6
core   0: 0x800038d0 (0xfd08c403) lbu     s0, -48(a7)
core   0: 3 0x800038d0 (0xfd08c403) x 8 0x00000000 mem 0x80013cd0
core   0: 0x800038d4 (0xf3e206a3) sb      t5, -211(tp)
core   0: 3 0x800038d4 (0xf3e206a3) mem 0x800137d1 0x34
core   0: 0x800038d8 (0x03f88f23) sb      t6, 62(a7)
core   0: 3 0x800038d8 (0x03f88f23) mem 0x80013d3e 0xbc
core   0: 0x800038dc (0xfeff08a3) sb      a5, -15(t5)
core   0: 3 0x800038dc (0xfeff08a3) mem 0x80013625 0x0
core   0: 0x800038e0 (0xfe2f0a23) sb      sp, -12(t5)
core   0: 3 0x800038e0 (0xfe2f0a23) mem 0x80013628 0x0
core   0: 0x800038e4 (0x0168cc83) lbu     s9, 22(a7)
core   0: 3 0x800038e4 (0x0168cc83) x25 0x00000000 mem 0x80013d16
core   0: 0x800038e8 (0xfe3a5803) lhu     a6, -29(s4)
core   0: 3 0x800038e8 (0xfe3a5803) x16 0x00000000 mem 0x800139fa
core   0: 0x800038ec (0x0f4a0823) sb      s4, 240(s4)
core   0: 3 0x800038ec (0x0f4a0823) mem 0x80013b07 0x17
core   0: 0x800038f0 (0xfa6a0f23) sb      t1, -66(s4)
core   0: 3 0x800038f0 (0xfa6a0f23) mem 0x800139d5 0x0
core   0: 0x800038f4 (0x038f4383) lbu     t2, 56(t5)
core   0: 3 0x800038f4 (0x038f4383) x 7 0x00000000 mem 0x8001366c
core   0: 0x800038f8 (0x0e2208a3) sb      sp, 241(tp)
core   0: 3 0x800038f8 (0x0e2208a3) mem 0x80013995 0x0
core   0: 0x800038fc (0xfd38cf83) lbu     t6, -45(a7)
core   0: 3 0x800038fc (0xfd38cf83) x31 0x00000000 mem 0x80013cd3
core   0: 0x80003900 (0x02a89d83) lh      s11, 42(a7)
core   0: 3 0x80003900 (0x02a89d83) x27 0x00000000 mem 0x80013d2a
core   0: 0x80003904 (0x03689303) lh      t1, 54(a7)
core   0: 3 0x80003904 (0x03689303) x 6 0x00000000 mem 0x80013d36
core   0: 0x80003908 (0x014f1583) lh      a1, 20(t5)
core   0: 3 0x80003908 (0x014f1583) x11 0x00000000 mem 0x80013648
core   0: 0x8000390c (0x00020723) sb      zero, 14(tp)
core   0: 3 0x8000390c (0x00020723) mem 0x800138b2 0x0
core   0: 0x80003910 (0xf6e25b03) lhu     s6, -146(tp)
core   0: 3 0x80003910 (0xf6e25b03) x22 0x00000000 mem 0x80013812
core   0: 0x80003914 (0xfecf0523) sb      a2, -22(t5)
core   0: 3 0x80003914 (0xfecf0523) mem 0x8001361e 0x0
core   0: 0x80003918 (0x078a0103) lb      sp, 120(s4)
core   0: 3 0x80003918 (0x078a0103) x 2 0x00000000 mem 0x80013a8f
core   0: 0x8000391c (0x024f2c23) sw      tp, 56(t5)
core   0: 3 0x8000391c (0x024f2c23) mem 0x8001366c 0x800138a4
core   0: 0x80003920 (0x0b124103) lbu     sp, 177(tp)
core   0: 3 0x80003920 (0x0b124103) x 2 0x00000000 mem 0x80013955
core   0: 0x80003924 (0xf34a0803) lb      a6, -204(s4)
core   0: 3 0x80003924 (0xf34a0803) x16 0x00000000 mem 0x8001394b
core   0: 0x80003928 (0x00020417) auipc   s0, 0x20
core   0: 3 0x80003928 (0x00020417) x 8 0x80023928
core   0: 0x8000392c (0xb1e40413) addi    s0, s0, -1250
core   0: 3 0x8000392c (0xb1e40413) x 8 0x80023446
core   0: 0x80003930 (0x00010797) auipc   a5, 0x10
core   0: 3 0x80003930 (0x00010797) x15 0x80013930
core   0: 0x80003934 (0x24c78793) addi    a5, a5, 588
core   0: 3 0x80003934 (0x24c78793) x15 0x80013b7c
core   0: 0x80003938 (0x89b44f83) lbu     t6, -1893(s0)
core   0: 3 0x80003938 (0x89b44f83) x31 0x00000000 mem 0x80022ce1
core   0: 0x8000393c (0x0617cb03) lbu     s6, 97(a5)
core   0: 3 0x8000393c (0x0617cb03) x22 0x00000000 mem 0x80013bdd
core   0: 0x80003940 (0xfd444103) lbu     sp, -44(s0)
core   0: 3 0x80003940 (0xfd444103) x 2 0x00000000 mem 0x8002341a
core   0: 0x80003944 (0xb6144603) lbu     a2, -1183(s0)
core   0: 3 0x80003944 (0xb6144603) x12 0x00000000 mem 0x80022fa7
core   0: 0x80003948 (0x04178583) lb      a1, 65(a5)
core   0: 3 0x80003948 (0x04178583) x11 0x00000000 mem 0x80013bbd
core   0: 0x8000394c (0x0f27df83) lhu     t6, 242(a5)
core   0: 3 0x8000394c (0x0f27df83) x31 0x00000000 mem 0x80013c6e
core   0: 0x80003950 (0xfc67db83) lhu     s7, -58(a5)
core   0: 3 0x80003950 (0xfc67db83) x23 0x00000000 mem 0x80013b42
core   0: 0x80003954 (0x0b778aa3) sb      s7, 181(a5)
core   0: 3 0x80003954 (0x0b778aa3) mem 0x80013c31 0x0
core   0: 0x80003958 (0xc8c40ca3) sb      a2, -871(s0)
core   0: 3 0x80003958 (0xc8c40ca3) mem 0x800230df 0x0
core   0: 0x8000395c (0x00941823) sh      s1, 16(s0)
core   0: 3 0x8000395c (0x00941823) mem 0x80023456 0x8e64
core   0: 0x80003960 (0xbab40603) lb      a2, -1109(s0)
core   0: 3 0x80003960 (0xbab40603) x12 0x00000000 mem 0x80022ff1
core   0: 0x80003964 (0x01a78aa3) sb      s10, 21(a5)
core   0: 3 0x80003964 (0x01a78aa3) mem 0x80013b91 0x0
core   0: 0x80003968 (0x33740303) lb      t1, 823(s0)
core   0: 3 0x80003968 (0x33740303) x 6 0x00000000 mem 0x8002377d
core   0: 0x8000396c (0x07a79e83) lh      t4, 122(a5)
core   0: 3 0x8000396c (0x07a79e83) x29 0x00000000 mem 0x80013bf6
core   0: 0x80003970 (0x39941523) sh      s9, 906(s0)
core   0: 3 0x80003970 (0x39941523) mem 0x800237d0 0x0000
core   0: 0x80003974 (0x06278683) lb      a3, 98(a5)
core   0: 3 0x80003974 (0x06278683) x13 0x00000000 mem 0x80013bde
core   0: 0x80003978 (0x00010197) auipc   gp, 0x10
core   0: 3 0x80003978 (0x00010197) x 3 0x80013978
core   0: 0x8000397c (0x4ef18193) addi    gp, gp, 1263
core   0: 3 0x8000397c (0x4ef18193) x 3 0x80013e67
core   0: 0x80003980 (0x00e18423) sb      a4, 8(gp)
core   0: 3 0x80003980 (0x00e18423) mem 0x80013e6f 0x0
core   0: 0x80003984 (0x01218423) sb      s2, 8(gp)
core   0: 3 0x80003984 (0x01218423) mem 0x80013e6f 0xe4
core   0: 0x80003988 (0x0081cd03) lbu     s10, 8(gp)
core   0: 3 0x80003988 (0x0081cd03) x26 0x000000e4 mem 0x80013e6f
core   0: 0x8000398c (0x0081ce83) lbu     t4, 8(gp)
core   0: 3 0x8000398c (0x0081ce83) x29 0x000000e4 mem 0x80013e6f
core   0: 0x80003990 (0x01018423) sb      a6, 8(gp)
core   0: 3 0x80003990 (0x01018423) mem 0x80013e6f 0x0
core   0: 0x80003994 (0x0081c803) lbu     a6, 8(gp)
core   0: 3 0x80003994 (0x0081c803) x16 0x00000000 mem 0x80013e6f
core   0: 0x80003998 (0x01518423) sb      s5, 8(gp)
core   0: 3 0x80003998 (0x01518423) mem 0x80013e6f 0x0
core   0: 0x8000399c (0x00818f83) lb      t6, 8(gp)
core   0: 3 0x8000399c (0x00818f83) x31 0x00000000 mem 0x80013e6f
core   0: 0x800039a0 (0x00818083) lb      ra, 8(gp)
core   0: 3 0x800039a0 (0x00818083) x 1 0x00000000 mem 0x80013e6f
core   0: 0x800039a4 (0x00818423) sb      s0, 8(gp)
core   0: 3 0x800039a4 (0x00818423) mem 0x80013e6f 0x46
core   0: 0x800039a8 (0x00d18423) sb      a3, 8(gp)
core   0: 3 0x800039a8 (0x00d18423) mem 0x80013e6f 0x0
core   0: 0x800039ac (0x0269ee33) rem     t3, s3, t1
core   0: 3 0x800039ac (0x0269ee33) x28 0x00000000
core   0: 0x800039b0 (0x00818d03) lb      s10, 8(gp)
core   0: 3 0x800039b0 (0x00818d03) x26 0x00000000 mem 0x80013e6f
core   0: 0x800039b4 (0x00818983) lb      s3, 8(gp)
core   0: 3 0x800039b4 (0x00818983) x19 0x00000000 mem 0x80013e6f
core   0: 0x800039b8 (0x0081c003) lbu     zero, 8(gp)
core   0: 3 0x800039b8 (0x0081c003) mem 0x80013e6f
core   0: 0x800039bc (0x01a18423) sb      s10, 8(gp)
core   0: 3 0x800039bc (0x01a18423) mem 0x80013e6f 0x0
core   0: 0x800039c0 (0x01118423) sb      a7, 8(gp)
core   0: 3 0x800039c0 (0x01118423) mem 0x80013e6f 0x0
core   0: 0x800039c4 (0x00818603) lb      a2, 8(gp)
core   0: 3 0x800039c4 (0x00818603) x12 0x00000000 mem 0x80013e6f
core   0: 0x800039c8 (0x00010117) auipc   sp, 0x10
core   0: 3 0x800039c8 (0x00010117) x 2 0x800139c8
core   0: 0x800039cc (0x40710113) addi    sp, sp, 1031
core   0: 3 0x800039cc (0x40710113) x 2 0x80013dcf
core   0: 0x800039d0 (0x00431b13) slli    s6, t1, 4
core   0: 3 0x800039d0 (0x00431b13) x22 0x00000000
core   0: 0x800039d4 (0x1e810e23) sb      s0, 508(sp)
core   0: 3 0x800039d4 (0x1e810e23) mem 0x80013fcb 0x46
core   0: 0x800039d8 (0x002963b3) or      t2, s2, sp
core   0: 3 0x800039d8 (0x002963b3) x 7 0x8003fdef
core   0: 0x800039dc (0xde515203) lhu     tp, -539(sp)
core   0: 3 0x800039dc (0xde515203) x 4 0x00000000 mem 0x80013bb4
core   0: 0x800039e0 (0x06111c83) lh      s9, 97(sp)
core   0: 3 0x800039e0 (0x06111c83) x25 0x00000000 mem 0x80013e30
core   0: 0x800039e4 (0x03310603) lb      a2, 51(sp)
core   0: 3 0x800039e4 (0x03310603) x12 0x00000000 mem 0x80013e02
core   0: 0x800039e8 (0xeba10383) lb      t2, -326(sp)
core   0: 3 0x800039e8 (0xeba10383) x 7 0x00000000 mem 0x80013c89
core   0: 0x800039ec (0x017ce233) or      tp, s9, s7
core   0: 3 0x800039ec (0x017ce233) x 4 0x00000000
core   0: 0x800039f0 (0x00006bf9) c.lui   s7, 0x1e
core   0: 3 0x800039f0 (0x6bf9) x23 0x0001e000
core   0: 0x800039f2 (0xd4b116a3) sh      a1, -691(sp)
core   0: 3 0x800039f2 (0xd4b116a3) mem 0x80013b1c 0x0000
core   0: 0x800039f6 (0x1da112a3) sh      s10, 453(sp)
core   0: 3 0x800039f6 (0x1da112a3) mem 0x80013f94 0x0000
core   0: 0x800039fa (0x1ab10003) lb      zero, 427(sp)
core   0: 3 0x800039fa (0x1ab10003) mem 0x80013f7a
core   0: 0x800039fe (0xe3b10aa3) sb      s11, -459(sp)
core   0: 3 0x800039fe (0xe3b10aa3) mem 0x80013c04 0x0
core   0: 0x80003a02 (0x04810203) lb      tp, 72(sp)
core   0: 3 0x80003a02 (0x04810203) x 4 0x00000000 mem 0x80013e17
core   0: 0x80003a06 (0x0000933a) c.add   t1, a4
core   0: 3 0x80003a06 (0x933a) x 6 0xffffd800
core   0: 0x80003a08 (0x9e310703) lb      a4, -1565(sp)
core   0: 3 0x80003a08 (0x9e310703) x14 0x00000000 mem 0x800137b2
core   0: 0x80003a0c (0xa8710d03) lb      s10, -1401(sp)
core   0: 3 0x80003a0c (0xa8710d03) x26 0x00000000 mem 0x80013856
core   0: 0x80003a10 (0x0ff0000f) fence   iorw,iorw
core   0: 3 0x80003a10 (0x0ff0000f)
core   0: 0x80003a14 (0x021dacb3) mulhsu  s9, s11, ra
core   0: 3 0x80003a14 (0x021dacb3) x25 0x00000000
core   0: 0x80003a18 (0xc4912f03) lw      t5, -951(sp)
core   0: 3 0x80003a18 (0xc4912f03) x30 0x00000000 mem 0x80013a18
core   0: 0x80003a1c (0x01a8c5b3) xor     a1, a7, s10
core   0: 3 0x80003a1c (0x01a8c5b3) x11 0x80013d00
core   0: 0x80003a20 (0x98410783) lb      a5, -1660(sp)
core   0: 3 0x80003a20 (0x98410783) x15 0x00000000 mem 0x80013753
core   0: 0x80003a24 (0xaaa111a3) sh      a0, -1373(sp)
core   0: 3 0x80003a24 (0xaaa111a3) mem 0x80013872 0x21da
core   0: 0x80003a28 (0x94314f03) lbu     t5, -1725(sp)
core   0: 3 0x80003a28 (0x94314f03) x30 0x00000000 mem 0x80013712
core   0: 0x80003a2c (0xe4c14c83) lbu     s9, -436(sp)
core   0: 3 0x80003a2c (0xe4c14c83) x25 0x00000000 mem 0x80013c1b
core   0: 0x80003a30 (0xe21104a3) sb      ra, -471(sp)
core   0: 3 0x80003a30 (0xe21104a3) mem 0x80013bf8 0x0
core   0: 0x80003a34 (0xe8b9b993) sltiu   s3, s3, -373
core   0: 3 0x80003a34 (0xe8b9b993) x19 0x00000001
core   0: 0x80003a38 (0x84e120a3) sw      a4, -1983(sp)
core   0: 3 0x80003a38 (0x84e120a3) mem 0x80013610 0x00000000
core   0: 0x80003a3c (0x90c14b03) lbu     s6, -1780(sp)
core   0: 3 0x80003a3c (0x90c14b03) x22 0x00000000 mem 0x800136db
core   0: 0x80003a40 (0x95e14183) lbu     gp, -1698(sp)
core   0: 3 0x80003a40 (0x95e14183) x 3 0x00000000 mem 0x8001372d
core   0: 0x80003a44 (0x01410683) lb      a3, 20(sp)
core   0: 3 0x80003a44 (0x01410683) x13 0x00000000 mem 0x80013de3
core   0: 0x80003a48 (0x00ac3db3) sltu    s11, s8, a0
core   0: 3 0x80003a48 (0x00ac3db3) x27 0x00000001
core   0: 0x80003a4c (0xe2514783) lbu     a5, -475(sp)
core   0: 3 0x80003a4c (0xe2514783) x15 0x00000000 mem 0x80013bf4
core   0: 0x80003a50 (0x00f177b3) and     a5, sp, a5
core   0: 3 0x80003a50 (0x00f177b3) x15 0x00000000
core   0: 0x80003a54 (0x11014083) lbu     ra, 272(sp)
core   0: 3 0x80003a54 (0x11014083) x 1 0x00000000 mem 0x80013edf
core   0: 0x80003a58 (0x00009eee) c.add   t4, s11
core   0: 3 0x80003a58 (0x9eee) x29 0x000000e5
core   0: 0x80003a5a (0x35a97193) andi    gp, s2, 858
core   0: 3 0x80003a5a (0x35a97193) x 3 0x00000040
core   0: 0x80003a5e (0x10414c83) lbu     s9, 260(sp)
core   0: 3 0x80003a5e (0x10414c83) x25 0x000000d1 mem 0x80013ed3
core   0: 0x80003a62 (0x05515583) lhu     a1, 85(sp)
core   0: 3 0x80003a62 (0x05515583) x11 0x00000000 mem 0x80013e24
core   0: 0x80003a66 (0x03242d33) mulhsu  s10, s0, s2
core   0: 3 0x80003a66 (0x03242d33) x26 0xbfffb3b7
core   0: 0x80003a6a (0x08110c23) sb      ra, 152(sp)
core   0: 3 0x80003a6a (0x08110c23) mem 0x80013e67 0x0
core   0: 0x80003a6e (0x0ff0000f) fence   iorw,iorw
core   0: 3 0x80003a6e (0x0ff0000f)
core   0: 0x80003a72 (0x01bc82b3) add     t0, s9, s11
core   0: 3 0x80003a72 (0x01bc82b3) x 5 0x000000d2
core   0: 0x80003a76 (0x0000474d) c.li    a4, 19
core   0: 3 0x80003a76 (0x474d) x14 0x00000013
core   0: 0x80003a78 (0x0257af33) mulhsu  t5, a5, t0
core   0: 3 0x80003a78 (0x0257af33) x30 0x00000000
core   0: 0x80003a7c (0xb5114803) lbu     a6, -1199(sp)
core   0: 3 0x80003a7c (0xb5114803) x16 0x00000000 mem 0x80013920
core   0: 0x80003a80 (0x00010117) auipc   sp, 0x10
core   0: 3 0x80003a80 (0x00010117) x 2 0x80013a80
core   0: 0x80003a84 (0x30810113) addi    sp, sp, 776
core   0: 3 0x80003a84 (0x30810113) x 2 0x80013d88
core   0: 0x80003a88 (0x01105f33) srl     t5, zero, a7
core   0: 3 0x80003a88 (0x01105f33) x30 0x00000000
core   0: 0x80003a8c (0xee514003) lbu     zero, -283(sp)
core   0: 3 0x80003a8c (0xee514003) mem 0x80013c6d
core   0: 0x80003a90 (0x00000001) c.nop
core   0: 3 0x80003a90 (0x0001)
core   0: 0x80003a92 (0x00008732) c.mv    a4, a2
core   0: 3 0x80003a92 (0x8732) x14 0x00000000
core   0: 0x80003a94 (0x0da15603) lhu     a2, 218(sp)
core   0: 3 0x80003a94 (0x0da15603) x12 0x00000000 mem 0x80013e62
core   0: 0x80003a98 (0x91411303) lh      t1, -1772(sp)
core   0: 3 0x80003a98 (0x91411303) x 6 0x00000000 mem 0x8001369c
core   0: 0x80003a9c (0xc7615003) lhu     zero, -906(sp)
core   0: 3 0x80003a9c (0xc7615003) mem 0x800139fe
core   0: 0x80003aa0 (0xab310aa3) sb      s3, -1355(sp)
core   0: 3 0x80003aa0 (0xab310aa3) mem 0x8001383d 0x1
core   0: 0x80003aa4 (0xd8e11d03) lh      s10, -626(sp)
core   0: 3 0x80003aa4 (0xd8e11d03) x26 0x00000000 mem 0x80013b16
core   0: 0x80003aa8 (0xa5210f23) sb      s2, -1442(sp)
core   0: 3 0x80003aa8 (0xa5210f23) mem 0x800137e6 0xe4
core   0: 0x80003aac (0x67fbf013) andi    zero, s7, 1663
core   0: 3 0x80003aac (0x67fbf013)
core   0: 0x80003ab0 (0x679a7813) andi    a6, s4, 1657
core   0: 3 0x80003ab0 (0x679a7813) x16 0x00000211
core   0: 0x80003ab4 (0x184109a3) sb      tp, 403(sp)
core   0: 3 0x80003ab4 (0x184109a3) mem 0x80013f1b 0x0
core   0: 0x80003ab8 (0x82d10e03) lb      t3, -2003(sp)
core   0: 3 0x80003ab8 (0x82d10e03) x28 0x00000000 mem 0x800135b5
core   0: 0x80003abc (0x00008f71) c.and   a4, a2
core   0: 3 0x80003abc (0x8f71) x14 0x00000000
core   0: 0x80003abe (0x87310783) lb      a5, -1933(sp)
core   0: 3 0x80003abe (0x87310783) x15 0x00000000 mem 0x800135fb
core   0: 0x80003ac2 (0x40a55893) srai    a7, a0, 10
core   0: 3 0x80003ac2 (0x40a55893) x17 0xffff4f88
core   0: 0x80003ac6 (0x03d696b3) mulh    a3, a3, t4
core   0: 3 0x80003ac6 (0x03d696b3) x13 0x00000000
core   0: 0x80003aca (0xcd310283) lb      t0, -813(sp)
core   0: 3 0x80003aca (0xcd310283) x 5 0x00000000 mem 0x80013a5b
core   0: 0x80003ace (0x012c9f13) slli    t5, s9, 18
core   0: 3 0x80003ace (0x012c9f13) x30 0x03440000
core   0: 0x80003ad2 (0x877103a3) sb      s7, -1945(sp)
core   0: 3 0x80003ad2 (0x877103a3) mem 0x800135ef 0x0
core   0: 0x80003ad6 (0xf9b10a03) lb      s4, -101(sp)
core   0: 3 0x80003ad6 (0xf9b10a03) x20 0x00000000 mem 0x80013d23
core   0: 0x80003ada (0xef910003) lb      zero, -263(sp)
core   0: 3 0x80003ada (0xef910003) mem 0x80013c81
core   0: 0x80003ade (0xeb296993) ori     s3, s2, -334
core   0: 3 0x80003ade (0xeb296993) x19 0xfffffef6
core   0: 0x80003ae2 (0x41bc53b3) sra     t2, s8, s11
core   0: 3 0x80003ae2 (0x41bc53b3) x 7 0x00000000
core   0: 0x80003ae6 (0x97f10e03) lb      t3, -1665(sp)
core   0: 3 0x80003ae6 (0x97f10e03) x28 0x00000000 mem 0x80013707
core   0: 0x80003aea (0x00e2ffb3) and     t6, t0, a4
core   0: 3 0x80003aea (0x00e2ffb3) x31 0x00000000
core   0: 0x80003aee (0x891c0813) addi    a6, s8, -1903
core   0: 3 0x80003aee (0x891c0813) x16 0xfffff891
core   0: 0x80003af2 (0x5c4d2b93) slti    s7, s10, 1476
core   0: 3 0x80003af2 (0x5c4d2b93) x23 0x00000001
core   0: 0x80003af6 (0xf4310603) lb      a2, -189(sp)
core   0: 3 0x80003af6 (0xf4310603) x12 0x00000000 mem 0x80013ccb
core   0: 0x80003afa (0x11f14683) lbu     a3, 287(sp)
core   0: 3 0x80003afa (0x11f14683) x13 0x00000000 mem 0x80013ea7
core   0: 0x80003afe (0x00009b7d) c.andi  a4, -1
core   0: 3 0x80003afe (0x9b7d) x14 0x00000000
core   0: 0x80003b00 (0xbc2103a3) sb      sp, -1081(sp)
core   0: 3 0x80003b00 (0xbc2103a3) mem 0x8001394f 0x88
core   0: 0x80003b04 (0xd5d12023) sw      t4, -704(sp)
core   0: 3 0x80003b04 (0xd5d12023) mem 0x80013ac8 0x000000e5
core   0: 0x80003b08 (0x844f70b7) lui     ra, 0x844f7
core   0: 3 0x80003b08 (0x844f70b7) x 1 0x844f7000
core   0: 0x80003b0c (0xc6010203) lb      tp, -928(sp)
core   0: 3 0x80003b0c (0xc6010203) x 4 0x00000000 mem 0x800139e8
core   0: 0x80003b10 (0x000099fd) c.andi  a1, -1
core   0: 3 0x80003b10 (0x99fd) x11 0x00000000
core   0: 0x80003b12 (0x00d25393) srli    t2, tp, 13
core   0: 3 0x80003b12 (0x00d25393) x 7 0x00000000
core   0: 0x80003b16 (0x9c114003) lbu     zero, -1599(sp)
core   0: 3 0x80003b16 (0x9c114003) mem 0x80013749
core   0: 0x80003b1a (0x0000881a) c.mv    a6, t1
core   0: 3 0x80003b1a (0x881a) x16 0x00000000
core   0: 0x80003b1c (0x014db833) sltu    a6, s11, s4
core   0: 3 0x80003b1c (0x014db833) x16 0x00000000
core   0: 0x80003b20 (0x00006ab9) c.lui   s5, 0xe
core   0: 3 0x80003b20 (0x6ab9) x21 0x0000e000
core   0: 0x80003b22 (0x27b10003) lb      zero, 635(sp)
core   0: 3 0x80003b22 (0x27b10003) mem 0x80014003
core   0: 0x80003b26 (0x890106a3) sb      a6, -1907(sp)
core   0: 3 0x80003b26 (0x890106a3) mem 0x80013615 0x0
core   0: 0x80003b2a (0x0000100f) fence.i
core   0: 3 0x80003b2a (0x0000100f)
core   0: 0x80003b2e (0x037b1fb3) mulh    t6, s6, s7
core   0: 3 0x80003b2e (0x037b1fb3) x31 0x00000000
core   0: 0x80003b32 (0x03324ab3) div     s5, tp, s3
core   0: 3 0x80003b32 (0x03324ab3) x21 0x00000000
core   0: 0x80003b36 (0x000082ad) c.srli  a3, 11
core   0: 3 0x80003b36 (0x82ad) x13 0x00000000
core   0: 0x80003b38 (0x400eddb3) sra     s11, t4, zero
core   0: 3 0x80003b38 (0x400eddb3) x27 0x000000e5
core   0: 0x80003b3c (0x8b810ba3) sb      s8, -1865(sp)
core   0: 3 0x80003b3c (0x8b810ba3) mem 0x8001363f 0x0
core   0: 0x80003b40 (0x00010817) auipc   a6, 0x10
core   0: 3 0x80003b40 (0x00010817) x16 0x80013b40
core   0: 0x80003b44 (0xdbc80813) addi    a6, a6, -580
core   0: 3 0x80003b44 (0xdbc80813) x16 0x800138fc
core   0: 0x80003b48 (0x418bd693) srai    a3, s7, 24
core   0: 3 0x80003b48 (0x418bd693) x13 0x00000000
core   0: 0x80003b4c (0x38bfae93) slti    t4, t6, 907
core   0: 3 0x80003b4c (0x38bfae93) x29 0x00000001
core   0: 0x80003b50 (0xf2481423) sh      tp, -216(a6)
core   0: 3 0x80003b50 (0xf2481423) mem 0x80013824 0x0000
core   0: 0x80003b54 (0x00008e31) c.xor   a2, a2
core   0: 3 0x80003b54 (0x8e31) x12 0x00000000
core   0: 0x80003b56 (0x04884c03) lbu     s8, 72(a6)
core   0: 3 0x80003b56 (0x04884c03) x24 0x00000000 mem 0x80013944
core   0: 0x80003b5a (0x00008c2d) c.xor   s0, a1
core   0: 3 0x80003b5a (0x8c2d) x 8 0x80023446
core   0: 0x80003b5c (0x003778b3) and     a7, a4, gp
core   0: 3 0x80003b5c (0x003778b3) x17 0x00000000
core   0: 0x80003b60 (0x0000960e) c.add   a2, gp
core   0: 3 0x80003b60 (0x960e) x12 0x00000040
core   0: 0x80003b62 (0x00001100) c.addi4spn s0, sp, 160
core   0: 3 0x80003b62 (0x1100) x 8 0x80013e28
core   0: 0x80003b64 (0x04281c03) lh      s8, 66(a6)
core   0: 3 0x80003b64 (0x04281c03) x24 0x00000000 mem 0x8001393e
core   0: 0x80003b68 (0x04880703) lb      a4, 72(a6)
core   0: 3 0x80003b68 (0x04880703) x14 0x00000000 mem 0x80013944
core   0: 0x80003b6c (0x01df4ab3) xor     s5, t5, t4
core   0: 3 0x80003b6c (0x01df4ab3) x21 0x03440001
core   0: 0x80003b70 (0x00008d85) c.sub   a1, s1
core   0: 3 0x80003b70 (0x8d85) x11 0x7ffd719c
core   0: 0x80003b72 (0x004b1f93) slli    t6, s6, 4
core   0: 3 0x80003b72 (0x004b1f93) x31 0x00000000
core   0: 0x80003b76 (0x83dacc93) xori    s9, s5, -1987
core   0: 3 0x80003b76 (0x83dacc93) x25 0xfcbbf83c
core   0: 0x80003b7a (0x00f056b3) srl     a3, zero, a5
core   0: 3 0x80003b7a (0x00f056b3) x13 0x00000000
core   0: 0x80003b7e (0x02a3cfb3) div     t6, t2, a0
core   0: 3 0x80003b7e (0x02a3cfb3) x31 0x00000000
core   0: 0x80003b82 (0x6205c613) xori    a2, a1, 1568
core   0: 3 0x80003b82 (0x6205c613) x12 0x7ffd77bc
core   0: 0x80003b86 (0x04280223) sb      sp, 68(a6)
core   0: 3 0x80003b86 (0x04280223) mem 0x80013940 0x88
core   0: 0x80003b8a (0x09d80703) lb      a4, 157(a6)
core   0: 3 0x80003b8a (0x09d80703) x14 0x00000000 mem 0x80013999
core   0: 0x80003b8e (0x0e580ca3) sb      t0, 249(a6)
core   0: 3 0x80003b8e (0x0e580ca3) mem 0x800139f5 0x0
core   0: 0x80003b92 (0x0193c733) xor     a4, t2, s9
core   0: 3 0x80003b92 (0x0193c733) x14 0xfcbbf83c
core   0: 0x80003b96 (0x51c70613) addi    a2, a4, 1308
core   0: 3 0x80003b96 (0x51c70613) x12 0xfcbbfd58
core   0: 0x80003b9a (0x00008e21) c.xor   a2, s0
core   0: 3 0x80003b9a (0x8e21) x12 0x7cbac370
core   0: 0x80003b9c (0x000062f5) c.lui   t0, 0x1d
core   0: 3 0x80003b9c (0x62f5) x 5 0x0001d000
core   0: 0x80003b9e (0x00008f1d) c.sub   a4, a5
core   0: 3 0x80003b9e (0x8f1d) x14 0xfcbbf83c
core   0: 0x80003ba0 (0xd0a0e737) lui     a4, 0xd0a0e
core   0: 3 0x80003ba0 (0xd0a0e737) x14 0xd0a0e000
core   0: 0x80003ba4 (0x0b784c03) lbu     s8, 183(a6)
core   0: 3 0x80003ba4 (0x0b784c03) x24 0x00000000 mem 0x800139b3
core   0: 0x80003ba8 (0x00fb9993) slli    s3, s7, 15
core   0: 3 0x80003ba8 (0x00fb9993) x19 0x00008000
core   0: 0x80003bac (0x404e8b33) sub     s6, t4, tp
core   0: 3 0x80003bac (0x404e8b33) x22 0x00000001
core   0: 0x80003bb0 (0x2d138b93) addi    s7, t2, 721
core   0: 3 0x80003bb0 (0x2d138b93) x23 0x000002d1
core   0: 0x80003bb4 (0x0354cd33) div     s10, s1, s5
core   0: 3 0x80003bb4 (0x0354cd33) x26 0xffffffd9
core   0: 0x80003bb8 (0x036d0ab3) mul     s5, s10, s6
core   0: 3 0x80003bb8 (0x036d0ab3) x21 0xffffffd9
core   0: 0x80003bbc (0xf6485103) lhu     sp, -156(a6)
core   0: 3 0x80003bbc (0xf6485103) x 2 0x00000000 mem 0x80013860
core   0: 0x80003bc0 (0xf6c80c23) sb      a2, -136(a6)
core   0: 3 0x80003bc0 (0xf6c80c23) mem 0x80013874 0x70
core   0: 0x80003bc4 (0x00010b97) auipc   s7, 0x10
core   0: 3 0x80003bc4 (0x00010b97) x23 0x80013bc4
core   0: 0x80003bc8 (0xa18b8b93) addi    s7, s7, -1512
core   0: 3 0x80003bc8 (0xa18b8b93) x23 0x800135dc
core   0: 0x80003bcc (0x85a18d93) addi    s11, gp, -1958
core   0: 3 0x80003bcc (0x85a18d93) x27 0xfffff89a
core   0: 0x80003bd0 (0x2c1b8c03) lb      s8, 705(s7)
core   0: 3 0x80003bd0 (0x2c1b8c03) x24 0x00000000 mem 0x8001389d
core   0: 0x80003bd4 (0x00008c79) c.and   s0, a4
core   0: 3 0x80003bd4 (0x8c79) x 8 0x80002000
core   0: 0x80003bd6 (0x00006105) c.addi16sp sp, 32
core   0: 3 0x80003bd6 (0x6105) x 2 0x00000020
core   0: 0x80003bd8 (0x9c0f3593) sltiu   a1, t5, -1600
core   0: 3 0x80003bd8 (0x9c0f3593) x11 0x00000001
core   0: 0x80003bdc (0x01b43d33) sltu    s10, s0, s11
core   0: 3 0x80003bdc (0x01b43d33) x26 0x00000001
core   0: 0x80003be0 (0x0000987d) c.andi  s0, -1
core   0: 3 0x80003be0 (0x987d) x 8 0x80002000
core   0: 0x80003be2 (0x527bc883) lbu     a7, 1319(s7)
core   0: 3 0x80003be2 (0x527bc883) x17 0x00000000 mem 0x80013b03
core   0: 0x80003be6 (0xbe1b8883) lb      a7, -1055(s7)
core   0: 3 0x80003be6 (0xbe1b8883) x17 0x00000000 mem 0x800131bd
core   0: 0x80003bea (0x033d9b33) mulh    s6, s11, s3
core   0: 3 0x80003bea (0x033d9b33) x22 0xffffffff
core   0: 0x80003bee (0x1aebcb03) lbu     s6, 430(s7)
core   0: 3 0x80003bee (0x1aebcb03) x22 0x00000000 mem 0x8001378a
core   0: 0x80003bf2 (0x0134e9b3) or      s3, s1, s3
core   0: 3 0x80003bf2 (0x0134e9b3) x19 0x80028e64
core   0: 0x80003bf6 (0x000083e5) c.srli  a5, 25
core   0: 3 0x80003bf6 (0x83e5) x15 0x00000000
core   0: 0x80003bf8 (0x036bf2b3) remu    t0, s7, s6
core   0: 3 0x80003bf8 (0x036bf2b3) x 5 0x800135dc
core   0: 0x80003bfc (0xad7b0893) addi    a7, s6, -1321
core   0: 3 0x80003bfc (0xad7b0893) x17 0xfffffad7
core   0: 0x80003c00 (0x2e9bc983) lbu     s3, 745(s7)
core   0: 3 0x80003c00 (0x2e9bc983) x19 0x00000000 mem 0x800138c5
core   0: 0x80003c04 (0xf31b9923) sh      a7, -206(s7)
core   0: 3 0x80003c04 (0xf31b9923) mem 0x8001350e 0xfad7
core   0: 0x80003c08 (0x6a6bdd03) lhu     s10, 1702(s7)
core   0: 3 0x80003c08 (0x6a6bdd03) x26 0x00000000 mem 0x80013c82
core   0: 0x80003c0c (0xf86ef193) andi    gp, t4, -122
core   0: 3 0x80003c0c (0xf86ef193) x 3 0x00000000
core   0: 0x80003c10 (0xd2fb8da3) sb      a5, -709(s7)
core   0: 3 0x80003c10 (0xd2fb8da3) mem 0x80013317 0x0
core   0: 0x80003c14 (0x6e8b9403) lh      s0, 1768(s7)
core   0: 3 0x80003c14 (0x6e8b9403) x 8 0x00000000 mem 0x80013cc4
core   0: 0x80003c18 (0xf1406e93) ori     t4, zero, -236
core   0: 3 0x80003c18 (0xf1406e93) x29 0xffffff14
core   0: 0x80003c1c (0x030422b3) mulhsu  t0, s0, a6
core   0: 3 0x80003c1c (0x030422b3) x 5 0x00000000
core   0: 0x80003c20 (0x02307133) remu    sp, zero, gp
core   0: 3 0x80003c20 (0x02307133) x 2 0x00000000
core   0: 0x80003c24 (0xd71b8f03) lb      t5, -655(s7)
core   0: 3 0x80003c24 (0xd71b8f03) x30 0x00000000 mem 0x8001334d
core   0: 0x80003c28 (0x0000100f) fence.i
core   0: 3 0x80003c28 (0x0000100f)
core   0: 0x80003c2c (0x000061f9) c.lui   gp, 0x1e
core   0: 3 0x80003c2c (0x61f9) x 3 0x0001e000
core   0: 0x80003c2e (0xf83e2613) slti    a2, t3, -125
core   0: 3 0x80003c2e (0xf83e2613) x12 0x00000000
core   0: 0x80003c32 (0x00f0e633) or      a2, ra, a5
core   0: 3 0x80003c32 (0x00f0e633) x12 0x844f7000
core   0: 0x80003c36 (0x639b8ea3) sb      s9, 1597(s7)
core   0: 3 0x80003c36 (0x639b8ea3) mem 0x80013c19 0x3c
core   0: 0x80003c3a (0x0138ec33) or      s8, a7, s3
core   0: 3 0x80003c3a (0x0138ec33) x24 0xfffffad7
core   0: 0x80003c3e (0x024fc733) div     a4, t6, tp
core   0: 3 0x80003c3e (0x024fc733) x14 0xffffffff
core   0: 0x80003c42 (0x00000169) c.addi  sp, 26
core   0: 3 0x80003c42 (0x0169) x 2 0x0000001a
core   0: 0x80003c44 (0x0000077d) c.addi  a4, 31
core   0: 3 0x80003c44 (0x077d) x14 0x0000001e
core   0: 0x80003c46 (0xf38b8ea3) sb      s8, -195(s7)
core   0: 3 0x80003c46 (0xf38b8ea3) mem 0x80013519 0xd7
core   0: 0x80003c4a (0x00018d97) auipc   s11, 0x18
core   0: 3 0x80003c4a (0x00018d97) x27 0x8001bc4a
core   0: 0x80003c4e (0x4e3d8d93) addi    s11, s11, 1251
core   0: 3 0x80003c4e (0x4e3d8d93) x27 0x8001c12d
core   0: 0x80003c52 (0x030d8b03) lb      s6, 48(s11)
core   0: 3 0x80003c52 (0x030d8b03) x22 0x00000000 mem 0x8001c15d
core   0: 0x80003c56 (0x092dc983) lbu     s3, 146(s11)
core   0: 3 0x80003c56 (0x092dc983) x19 0x00000000 mem 0x8001c1bf
core   0: 0x80003c5a (0x00000d26) c.slli  s10, 9
core   0: 3 0x80003c5a (0x0d26) x26 0x00000000
core   0: 0x80003c5c (0x092dcb83) lbu     s7, 146(s11)
core   0: 3 0x80003c5c (0x092dcb83) x23 0x00000000 mem 0x8001c1bf
core   0: 0x80003c60 (0x092d8403) lb      s0, 146(s11)
core   0: 3 0x80003c60 (0x092d8403) x 8 0x00000000 mem 0x8001c1bf
core   0: 0x80003c64 (0x092d8e03) lb      t3, 146(s11)
core   0: 3 0x80003c64 (0x092d8e03) x28 0x00000000 mem 0x8001c1bf
core   0: 0x80003c68 (0x092dc983) lbu     s3, 146(s11)
core   0: 3 0x80003c68 (0x092dc983) x19 0x00000000 mem 0x8001c1bf
core   0: 0x80003c6c (0x092d8923) sb      s2, 146(s11)
core   0: 3 0x80003c6c (0x092d8923) mem 0x8001c1bf 0xe4
core   0: 0x80003c70 (0x00004b01) c.li    s6, 0
core   0: 3 0x80003c70 (0x4b01) x22 0x00000000
core   0: 0x80003c72 (0x00008771) c.srai  a4, 28
core   0: 3 0x80003c72 (0x8771) x14 0x00000000
core   0: 0x80003c74 (0x03e30ab3) mul     s5, t1, t5
core   0: 3 0x80003c74 (0x03e30ab3) x21 0x00000000
core   0: 0x80003c78 (0x092dc803) lbu     a6, 146(s11)
core   0: 3 0x80003c78 (0x092dc803) x16 0x000000e4 mem 0x8001c1bf
core   0: 0x80003c7c (0x092d8b83) lb      s7, 146(s11)
core   0: 3 0x80003c7c (0x092d8b83) x23 0xffffffe4 mem 0x8001c1bf
core   0: 0x80003c80 (0x095d8923) sb      s5, 146(s11)
core   0: 3 0x80003c80 (0x095d8923) mem 0x8001c1bf 0x0
core   0: 0x80003c84 (0x086d8923) sb      t1, 146(s11)
core   0: 3 0x80003c84 (0x086d8923) mem 0x8001c1bf 0x0
core   0: 0x80003c88 (0x00016d97) auipc   s11, 0x16
core   0: 3 0x80003c88 (0x00016d97) x27 0x80019c88
core   0: 0x80003c8c (0x381d8d93) addi    s11, s11, 897
core   0: 3 0x80003c8c (0x381d8d93) x27 0x8001a009
core   0: 0x80003c90 (0x0001bb97) auipc   s7, 0x1b
core   0: 3 0x80003c90 (0x0001bb97) x23 0x8001ec90
core   0: 0x80003c94 (0xb20b8b93) addi    s7, s7, -1248
core   0: 3 0x80003c94 (0xb20b8b93) x23 0x8001e7b0
core   0: 0x80003c98 (0x00018f97) auipc   t6, 0x18
core   0: 3 0x80003c98 (0x00018f97) x31 0x8001bc98
core   0: 0x80003c9c (0xa40f8f93) addi    t6, t6, -1472
core   0: 3 0x80003c9c (0xa40f8f93) x31 0x8001b6d8
core   0: 0x80003ca0 (0xffcdc583) lbu     a1, -4(s11)
core   0: 3 0x80003ca0 (0xffcdc583) x11 0x00000000 mem 0x8001a005
core   0: 0x80003ca4 (0x7deba423) sw      t5, 1992(s7)
core   0: 3 0x80003ca4 (0x7deba423) mem 0x8001ef78 0x00000000
core   0: 0x80003ca8 (0xffef8883) lb      a7, -2(t6)
core   0: 3 0x80003ca8 (0xffef8883) x17 0x00000000 mem 0x8001b6d6
core   0: 0x80003cac (0x00011c17) auipc   s8, 0x11
core   0: 3 0x80003cac (0x00011c17) x24 0x80014cac
core   0: 0x80003cb0 (0x552c0c13) addi    s8, s8, 1362
core   0: 3 0x80003cb0 (0x552c0c13) x24 0x800151fe
core   0: 0x80003cb4 (0xf62b8d03) lb      s10, -158(s7)
core   0: 3 0x80003cb4 (0xf62b8d03) x26 0x00000000 mem 0x8001e712
core   0: 0x80003cb8 (0x650c1e83) lh      t4, 1616(s8)
core   0: 3 0x80003cb8 (0x650c1e83) x29 0x00000000 mem 0x8001584e
core   0: 0x80003cbc (0xbe3b9423) sh      gp, -1048(s7)
core   0: 3 0x80003cbc (0xbe3b9423) mem 0x8001e398 0xe000
core   0: 0x80003cc0 (0xc2ec4e83) lbu     t4, -978(s8)
core   0: 3 0x80003cc0 (0xc2ec4e83) x29 0x00000000 mem 0x80014e2c
core   0: 0x80003cc4 (0x62dc4103) lbu     sp, 1581(s8)
core   0: 3 0x80003cc4 (0x62dc4103) x 2 0x00000000 mem 0x8001582b
core   0: 0x80003cc8 (0x00ffc583) lbu     a1, 15(t6)
core   0: 3 0x80003cc8 (0x00ffc583) x11 0x00000000 mem 0x8001b6e7
core   0: 0x80003ccc (0xa1ec2383) lw      t2, -1506(s8)
core   0: 3 0x80003ccc (0xa1ec2383) x 7 0x00000000 mem 0x80014c1c
core   0: 0x80003cd0 (0x00ad90a3) sh      a0, 1(s11)
core   0: 3 0x80003cd0 (0x00ad90a3) mem 0x8001a00a 0x21da
core   0: 0x80003cd4 (0x1d0b8da3) sb      a6, 475(s7)
core   0: 3 0x80003cd4 (0x1d0b8da3) mem 0x8001e98b 0xe4
core   0: 0x80003cd8 (0xffef9283) lh      t0, -2(t6)
core   0: 3 0x80003cd8 (0xffef9283) x 5 0x00000000 mem 0x8001b6d6
core   0: 0x80003cdc (0xcefb8b03) lb      s6, -785(s7)
core   0: 3 0x80003cdc (0xcefb8b03) x22 0x00000000 mem 0x8001e49f
core   0: 0x80003ce0 (0x2dfc0783) lb      a5, 735(s8)
core   0: 3 0x80003ce0 (0x2dfc0783) x15 0x00000000 mem 0x800154dd
core   0: 0x80003ce4 (0x409c0c83) lb      s9, 1033(s8)
core   0: 3 0x80003ce4 (0x409c0c83) x25 0x00000000 mem 0x80015607
core   0: 0x80003ce8 (0x00df8783) lb      a5, 13(t6)
core   0: 3 0x80003ce8 (0x00df8783) x15 0x00000000 mem 0x8001b6e5
core   0: 0x80003cec (0x682c2003) lw      zero, 1666(s8)
core   0: 3 0x80003cec (0x682c2003) mem 0x80015880
core   0: 0x80003cf0 (0x001dc683) lbu     a3, 1(s11)
core   0: 3 0x80003cf0 (0x001dc683) x13 0x000000da mem 0x8001a00a
core   0: 0x80003cf4 (0x007d8e83) lb      t4, 7(s11)
core   0: 3 0x80003cf4 (0x007d8e83) x29 0x00000000 mem 0x8001a010
core   0: 0x80003cf8 (0xffef8083) lb      ra, -2(t6)
core   0: 3 0x80003cf8 (0xffef8083) x 1 0x00000000 mem 0x8001b6d6
core   0: 0x80003cfc (0x960b8203) lb      tp, -1696(s7)
core   0: 3 0x80003cfc (0x960b8203) x 4 0x00000000 mem 0x8001e110
core   0: 0x80003d00 (0x00adcc83) lbu     s9, 10(s11)
core   0: 3 0x80003d00 (0x00adcc83) x25 0x00000000 mem 0x8001a013
core   0: 0x80003d04 (0x005f8803) lb      a6, 5(t6)
core   0: 3 0x80003d04 (0x005f8803) x16 0x00000000 mem 0x8001b6dd
core   0: 0x80003d08 (0x03bc0d03) lb      s10, 59(s8)
core   0: 3 0x80003d08 (0x03bc0d03) x26 0x00000000 mem 0x80015239
core   0: 0x80003d0c (0x819b8383) lb      t2, -2023(s7)
core   0: 3 0x80003d0c (0x819b8383) x 7 0x00000000 mem 0x8001dfc9
core   0: 0x80003d10 (0x001f8403) lb      s0, 1(t6)
core   0: 3 0x80003d10 (0x001f8403) x 8 0x00000000 mem 0x8001b6d9
core   0: 0x80003d14 (0x96dbc003) lbu     zero, -1683(s7)
core   0: 3 0x80003d14 (0x96dbc003) mem 0x8001e11d
core   0: 0x80003d18 (0x096c2923) sw      s6, 146(s8)
core   0: 3 0x80003d18 (0x096c2923) mem 0x80015290 0x00000000
core   0: 0x80003d1c (0x7d9bc383) lbu     t2, 2009(s7)
core   0: 3 0x80003d1c (0x7d9bc383) x 7 0x00000000 mem 0x8001ef89
core   0: 0x80003d20 (0x00df8d03) lb      s10, 13(t6)
core   0: 3 0x80003d20 (0x00df8d03) x26 0x00000000 mem 0x8001b6e5
core   0: 0x80003d24 (0xa6fc0e03) lb      t3, -1425(s8)
core   0: 3 0x80003d24 (0xa6fc0e03) x28 0x00000000 mem 0x80014c6d
core   0: 0x80003d28 (0x00010e97) auipc   t4, 0x10
core   0: 3 0x80003d28 (0x00010e97) x29 0x80013d28
core   0: 0x80003d2c (0xfbde8e93) addi    t4, t4, -67
core   0: 3 0x80003d2c (0xfbde8e93) x29 0x80013ce5
core   0: 0x80003d30 (0xfdee8b03) lb      s6, -34(t4)
core   0: 3 0x80003d30 (0xfdee8b03) x22 0x00000000 mem 0x80013cc3
core   0: 0x80003d34 (0xa5822017) auipc   zero, 0xa5822
core   0: 3 0x80003d34 (0xa5822017)
core   0: 0x80003d38 (0x00008465) c.srai  s0, 25
core   0: 3 0x80003d38 (0x8465) x 8 0x00000000
core   0: 0x80003d3a (0xfdeec003) lbu     zero, -34(t4)
core   0: 3 0x80003d3a (0xfdeec003) mem 0x80013cc3
core   0: 0x80003d3e (0xfd3e8223) sb      s3, -60(t4)
core   0: 3 0x80003d3e (0xfd3e8223) mem 0x80013ca9 0x0
core   0: 0x80003d42 (0x00009806) c.add   a6, ra
core   0: 3 0x80003d42 (0x9806) x16 0x00000000
core   0: 0x80003d44 (0xfdae8223) sb      s10, -60(t4)
core   0: 3 0x80003d44 (0xfdae8223) mem 0x80013ca9 0x0
core   0: 0x80003d48 (0xfc4e8683) lb      a3, -60(t4)
core   0: 3 0x80003d48 (0xfc4e8683) x13 0x00000000 mem 0x80013ca9
core   0: 0x80003d4c (0xfc0e8223) sb      zero, -60(t4)
core   0: 3 0x80003d4c (0xfc0e8223) mem 0x80013ca9 0x0
core   0: 0x80003d50 (0x8b1c70b7) lui     ra, 0x8b1c7
core   0: 3 0x80003d50 (0x8b1c70b7) x 1 0x8b1c7000
core   0: 0x80003d54 (0xfd8e8223) sb      s8, -60(t4)
core   0: 3 0x80003d54 (0xfd8e8223) mem 0x80013ca9 0xfe
core   0: 0x80003d58 (0x00a53d33) sltu    s10, a0, a0
core   0: 3 0x80003d58 (0x00a53d33) x26 0x00000000
core   0: 0x80003d5c (0xfdde8223) sb      t4, -60(t4)
core   0: 3 0x80003d5c (0xfdde8223) mem 0x80013ca9 0xe5
core   0: 0x80003d60 (0xfc4ecb03) lbu     s6, -60(t4)
core   0: 3 0x80003d60 (0xfc4ecb03) x22 0x000000e5 mem 0x80013ca9
core   0: 0x80003d64 (0xfc4e8283) lb      t0, -60(t4)
core   0: 3 0x80003d64 (0xfc4e8283) x 5 0xffffffe5 mem 0x80013ca9
core   0: 0x80003d68 (0x00010817) auipc   a6, 0x10
core   0: 3 0x80003d68 (0x00010817) x16 0x80013d68
core   0: 0x80003d6c (0xbd680813) addi    a6, a6, -1066
core   0: 3 0x80003d6c (0xbd680813) x16 0x8001393e
core   0: 0x80003d70 (0x03163b33) mulhu   s6, a2, a7
core   0: 3 0x80003d70 (0x03163b33) x22 0x00000000
core   0: 0x80003d74 (0x9bf84d03) lbu     s10, -1601(a6)
core   0: 3 0x80003d74 (0x9bf84d03) x26 0x00000000 mem 0x800132fd
core   0: 0x80003d78 (0x407ddf33) sra     t5, s11, t2
core   0: 3 0x80003d78 (0x407ddf33) x30 0x8001a009
core   0: 0x80003d7c (0x14980583) lb      a1, 329(a6)
core   0: 3 0x80003d7c (0x14980583) x11 0x00000000 mem 0x80013a87
core   0: 0x80003d80 (0x03984b03) lbu     s6, 57(a6)
core   0: 3 0x80003d80 (0x03984b03) x22 0x00000000 mem 0x80013977
core   0: 0x80003d84 (0x00000300) c.addi4spn s0, sp, 384
core   0: 3 0x80003d84 (0x0300) x 8 0x00000180
core   0: 0x80003d86 (0xf9b809a3) sb      s11, -109(a6)
core   0: 3 0x80003d86 (0xf9b809a3) mem 0x800138d1 0x9
core   0: 0x80003d8a (0x9a485083) lhu     ra, -1628(a6)
core   0: 3 0x80003d8a (0x9a485083) x 1 0x00000000 mem 0x800132e2
core   0: 0x80003d8e (0xd7784983) lbu     s3, -649(a6)
core   0: 3 0x80003d8e (0xd7784983) x19 0x00000000 mem 0x800136b5
core   0: 0x80003d92 (0x00001290) c.addi4spn a2, sp, 352
core   0: 3 0x80003d92 (0x1290) x12 0x00000160
core   0: 0x80003d94 (0xbef84583) lbu     a1, -1041(a6)
core   0: 3 0x80003d94 (0xbef84583) x11 0x00000000 mem 0x8001352d
core   0: 0x80003d98 (0xa2580b83) lb      s7, -1499(a6)
core   0: 3 0x80003d98 (0xa2580b83) x23 0x00000000 mem 0x80013363
core   0: 0x80003d9c (0x00845113) srli    sp, s0, 8
core   0: 3 0x80003d9c (0x00845113) x 2 0x00000001
core   0: 0x80003da0 (0x0273c6b3) div     a3, t2, t2
core   0: 3 0x80003da0 (0x0273c6b3) x13 0xffffffff
core   0: 0x80003da4 (0x11d81b23) sh      t4, 278(a6)
core   0: 3 0x80003da4 (0x11d81b23) mem 0x80013a54 0x3ce5
core   0: 0x80003da8 (0x52980283) lb      t0, 1321(a6)
core   0: 3 0x80003da8 (0x52980283) x 5 0x00000000 mem 0x80013e67
core   0: 0x80003dac (0x89d84403) lbu     s0, -1891(a6)
core   0: 3 0x80003dac (0x89d84403) x 8 0x00000000 mem 0x800131db
core   0: 0x80003db0 (0x00000592) c.slli  a1, 4
core   0: 3 0x80003db0 (0x0592) x11 0x00000000
core   0: 0x80003db2 (0x49380723) sb      s3, 1166(a6)
core   0: 3 0x80003db2 (0x49380723) mem 0x80013dcc 0x0
core   0: 0x80003db6 (0x6b5808a3) sb      s5, 1713(a6)
core   0: 3 0x80003db6 (0x6b5808a3) mem 0x80013fef 0x0
core   0: 0x80003dba (0x00008c59) c.or    s0, a4
core   0: 3 0x80003dba (0x8c59) x 8 0x00000000
core   0: 0x80003dbc (0x9ed84783) lbu     a5, -1555(a6)
core   0: 3 0x80003dbc (0x9ed84783) x15 0x00000000 mem 0x8001332b
core   0: 0x80003dc0 (0x4155d1b3) sra     gp, a1, s5
core   0: 3 0x80003dc0 (0x4155d1b3) x 3 0x00000000
core   0: 0x80003dc4 (0x37229397) auipc   t2, 0x37229
core   0: 3 0x80003dc4 (0x37229397) x 7 0xb722cdc4
core   0: 0x80003dc8 (0x1c885c03) lhu     s8, 456(a6)
core   0: 3 0x80003dc8 (0x1c885c03) x24 0x00001700 mem 0x80013b06
core   0: 0x80003dcc (0xf5b82d23) sw      s11, -166(a6)
core   0: 3 0x80003dcc (0xf5b82d23) mem 0x80013898 0x8001a009
core   0: 0x80003dd0 (0x16380883) lb      a7, 355(a6)
core   0: 3 0x80003dd0 (0x16380883) x17 0x00000000 mem 0x80013aa1
core   0: 0x80003dd4 (0x0000f817) auipc   a6, 0xf
core   0: 3 0x80003dd4 (0x0000f817) x16 0x80012dd4
core   0: 0x80003dd8 (0x43580813) addi    a6, a6, 1077
core   0: 3 0x80003dd8 (0x43580813) x16 0x80013209
core   0: 0x80003ddc (0xf3d81003) lh      zero, -195(a6)
core   0: 3 0x80003ddc (0xf3d81003) mem 0x80013146
core   0: 0x80003de0 (0xa8fcf593) andi    a1, s9, -1393
core   0: 3 0x80003de0 (0xa8fcf593) x11 0x00000000
core   0: 0x80003de4 (0x04f80603) lb      a2, 79(a6)
core   0: 3 0x80003de4 (0x04f80603) x12 0x00000000 mem 0x80013258
core   0: 0x80003de8 (0x427d3693) sltiu   a3, s10, 1063
core   0: 3 0x80003de8 (0x427d3693) x13 0x00000001
core   0: 0x80003dec (0xf7d84083) lbu     ra, -131(a6)
core   0: 3 0x80003dec (0xf7d84083) x 1 0x00000000 mem 0x80013186
core   0: 0x80003df0 (0xfc880583) lb      a1, -56(a6)
core   0: 3 0x80003df0 (0xfc880583) x11 0x00000000 mem 0x800131d1
core   0: 0x80003df4 (0x06581da3) sh      t0, 123(a6)
core   0: 3 0x80003df4 (0x06581da3) mem 0x80013284 0x0000
core   0: 0x80003df8 (0x00cab033) sltu    zero, s5, a2
core   0: 3 0x80003df8 (0x00cab033)
core   0: 0x80003dfc (0x000087f1) c.srai  a5, 28
core   0: 3 0x80003dfc (0x87f1) x15 0x00000000
core   0: 0x80003dfe (0x00006411) c.lui   s0, 0x4
core   0: 3 0x80003dfe (0x6411) x 8 0x00004000
core   0: 0x80003e00 (0x02781a03) lh      s4, 39(a6)
core   0: 3 0x80003e00 (0x02781a03) x20 0x00000000 mem 0x80013230
core   0: 0x80003e04 (0x00008315) c.srli  a4, 5
core   0: 3 0x80003e04 (0x8315) x14 0x00000000
core   0: 0x80003e06 (0x03782583) lw      a1, 55(a6)
core   0: 3 0x80003e06 (0x03782583) x11 0x00000000 mem 0x80013240
core   0: 0x80003e0a (0x00001280) c.addi4spn s0, sp, 352
core   0: 3 0x80003e0a (0x1280) x 8 0x00000161
core   0: 0x80003e0c (0xfee816a3) sh      a4, -19(a6)
core   0: 3 0x80003e0c (0xfee816a3) mem 0x800131f6 0x0000
core   0: 0x80003e10 (0x03a823a3) sw      s10, 39(a6)
core   0: 3 0x80003e10 (0x03a823a3) mem 0x80013230 0x00000000
core   0: 0x80003e14 (0x0012b333) sltu    t1, t0, ra
core   0: 3 0x80003e14 (0x0012b333) x 6 0x00000000
core   0: 0x80003e18 (0xfef81d03) lh      s10, -17(a6)
core   0: 3 0x80003e18 (0xfef81d03) x26 0x00000000 mem 0x800131f8
core   0: 0x80003e1c (0xf2684303) lbu     t1, -218(a6)
core   0: 3 0x80003e1c (0xf2684303) x 6 0x00000000 mem 0x8001312f
core   0: 0x80003e20 (0x09e84683) lbu     a3, 158(a6)
core   0: 3 0x80003e20 (0x09e84683) x13 0x00000000 mem 0x800132a7
core   0: 0x80003e24 (0x03382983) lw      s3, 51(a6)
core   0: 3 0x80003e24 (0x03382983) x19 0x00000000 mem 0x8001323c
core   0: 0x80003e28 (0x0f185683) lhu     a3, 241(a6)
core   0: 3 0x80003e28 (0x0f185683) x13 0x00000000 mem 0x800132fa
core   0: 0x80003e2c (0xf0b85683) lhu     a3, -245(a6)
core   0: 3 0x80003e2c (0xf0b85683) x13 0x00000000 mem 0x80013114
core   0: 0x80003e30 (0x01284583) lbu     a1, 18(a6)
core   0: 3 0x80003e30 (0x01284583) x11 0x00000000 mem 0x8001321b
core   0: 0x80003e34 (0x034bb733) mulhu   a4, s7, s4
core   0: 3 0x80003e34 (0x034bb733) x14 0x00000000
core   0: 0x80003e38 (0x000081ed) c.srli  a1, 27
core   0: 3 0x80003e38 (0x81ed) x11 0x00000000
core   0: 0x80003e3a (0x00005a7d) c.li    s4, -1
core   0: 3 0x80003e3a (0x5a7d) x20 0xffffffff
core   0: 0x80003e3c (0x0000100f) fence.i
core   0: 3 0x80003e3c (0x0000100f)
core   0: 0x80003e40 (0xf2f84a03) lbu     s4, -209(a6)
core   0: 3 0x80003e40 (0xf2f84a03) x20 0x00000000 mem 0x80013138
core   0: 0x80003e44 (0xf2880003) lb      zero, -216(a6)
core   0: 3 0x80003e44 (0xf2880003) mem 0x80013131
core   0: 0x80003e48 (0xc78a0037) lui     zero, 0xc78a0
core   0: 3 0x80003e48 (0xc78a0037)
core   0: 0x80003e4c (0x0b385003) lhu     zero, 179(a6)
core   0: 3 0x80003e4c (0x0b385003) mem 0x800132bc
core   0: 0x80003e50 (0x03380603) lb      a2, 51(a6)
core   0: 3 0x80003e50 (0x03380603) x12 0x00000000 mem 0x8001323c
core   0: 0x80003e54 (0xf5c84d03) lbu     s10, -164(a6)
core   0: 3 0x80003e54 (0xf5c84d03) x26 0x00000000 mem 0x80013165
core   0: 0x80003e58 (0x40605313) srai    t1, zero, 6
core   0: 3 0x80003e58 (0x40605313) x 6 0x00000000
core   0: 0x80003e5c (0x06680683) lb      a3, 102(a6)
core   0: 3 0x80003e5c (0x06680683) x13 0x00000000 mem 0x8001326f
core   0: 0x80003e60 (0x000015fd) c.addi  a1, -1
core   0: 3 0x80003e60 (0x15fd) x11 0xffffffff
core   0: 0x80003e62 (0x0b184983) lbu     s3, 177(a6)
core   0: 3 0x80003e62 (0x0b184983) x19 0x00000000 mem 0x800132ba
core   0: 0x80003e66 (0x0ad85703) lhu     a4, 173(a6)
core   0: 3 0x80003e66 (0x0ad85703) x14 0x00000000 mem 0x800132b6
core   0: 0x80003e6a (0x00005c7d) c.li    s8, -1
core   0: 3 0x80003e6a (0x5c7d) x24 0xffffffff
core   0: 0x80003e6c (0xf3480403) lb      s0, -204(a6)
core   0: 3 0x80003e6c (0xf3480403) x 8 0x00000000 mem 0x8001313d
core   0: 0x80003e70 (0x00010197) auipc   gp, 0x10
core   0: 3 0x80003e70 (0x00010197) x 3 0x80013e70
core   0: 0x80003e74 (0xe4418193) addi    gp, gp, -444
core   0: 3 0x80003e74 (0xe4418193) x 3 0x80013cb4
core   0: 0x80003e78 (0xfe71c683) lbu     a3, -25(gp)
core   0: 3 0x80003e78 (0xfe71c683) x13 0x00000000 mem 0x80013c9b
core   0: 0x80003e7c (0xf2618383) lb      t2, -218(gp)
core   0: 3 0x80003e7c (0xf2618383) x 7 0x00000000 mem 0x80013bda
core   0: 0x80003e80 (0x05918083) lb      ra, 89(gp)
core   0: 3 0x80003e80 (0x05918083) x 1 0x00000000 mem 0x80013d0d
core   0: 0x80003e84 (0x0000010d) c.addi  sp, 3
core   0: 3 0x80003e84 (0x010d) x 2 0x00000004
core   0: 0x80003e86 (0x0000167d) c.addi  a2, -1
core   0: 3 0x80003e86 (0x167d) x12 0xffffffff
core   0: 0x80003e88 (0x03f04233) div     tp, zero, t6
core   0: 3 0x80003e88 (0x03f04233) x 4 0x00000000
core   0: 0x80003e8c (0x00b18603) lb      a2, 11(gp)
core   0: 3 0x80003e8c (0x00b18603) x12 0x00000000 mem 0x80013cbf
core   0: 0x80003e90 (0x00009b5e) c.add   s6, s7
core   0: 3 0x80003e90 (0x9b5e) x22 0x00000000
core   0: 0x80003e92 (0xf25183a3) sb      t0, -217(gp)
core   0: 3 0x80003e92 (0xf25183a3) mem 0x80013bdb 0x0
core   0: 0x80003e96 (0x6e706393) ori     t2, zero, 1767
core   0: 3 0x80003e96 (0x6e706393) x 7 0x000006e7
core   0: 0x80003e9a (0x0ec1c283) lbu     t0, 236(gp)
core   0: 3 0x80003e9a (0x0ec1c283) x 5 0x00000000 mem 0x80013da0
core   0: 0x80003e9e (0x407bd213) srai    tp, s7, 7
core   0: 3 0x80003e9e (0x407bd213) x 4 0x00000000
core   0: 0x80003ea2 (0x0d01c203) lbu     tp, 208(gp)
core   0: 3 0x80003ea2 (0x0d01c203) x 4 0x00000000 mem 0x80013d84
core   0: 0x80003ea6 (0x00008f1d) c.sub   a4, a5
core   0: 3 0x80003ea6 (0x8f1d) x14 0x00000000
core   0: 0x80003ea8 (0x000350b3) srl     ra, t1, zero
core   0: 3 0x80003ea8 (0x000350b3) x 1 0x00000000
core   0: 0x80003eac (0x0da1ca03) lbu     s4, 218(gp)
core   0: 3 0x80003eac (0x0da1ca03) x20 0x00000000 mem 0x80013d8e
core   0: 0x80003eb0 (0x02c1d083) lhu     ra, 44(gp)
core   0: 3 0x80003eb0 (0x02c1d083) x 1 0x00000000 mem 0x80013ce0
core   0: 0x80003eb4 (0x0000861e) c.mv    a2, t2
core   0: 3 0x80003eb4 (0x861e) x12 0x000006e7
core   0: 0x80003eb6 (0x05d180a3) sb      t4, 65(gp)
core   0: 3 0x80003eb6 (0x05d180a3) mem 0x80013cf5 0xe5
core   0: 0x80003eba (0x03b393b3) mulh    t2, t2, s11
core   0: 3 0x80003eba (0x03b393b3) x 7 0xfffffc8c
core   0: 0x80003ebe (0xfa01c783) lbu     a5, -96(gp)
core   0: 3 0x80003ebe (0xfa01c783) x15 0x00000000 mem 0x80013c54
core   0: 0x80003ec2 (0x027cfeb3) remu    t4, s9, t2
core   0: 3 0x80003ec2 (0x027cfeb3) x29 0x00000000
core   0: 0x80003ec6 (0x0114dc33) srl     s8, s1, a7
core   0: 3 0x80003ec6 (0x0114dc33) x24 0x80028e64
core   0: 0x80003eca (0x0f218ba3) sb      s2, 247(gp)
core   0: 3 0x80003eca (0x0f218ba3) mem 0x80013dab 0xe4
core   0: 0x80003ece (0x0d51cd03) lbu     s10, 213(gp)
core   0: 3 0x80003ece (0x0d51cd03) x26 0x00000000 mem 0x80013d89
core   0: 0x80003ed2 (0x63e7c713) xori    a4, a5, 1598
core   0: 3 0x80003ed2 (0x63e7c713) x14 0x0000063e
core   0: 0x80003ed6 (0xfa3182a3) sb      gp, -91(gp)
core   0: 3 0x80003ed6 (0xfa3182a3) mem 0x80013c59 0xb4
core   0: 0x80003eda (0xf1b1c103) lbu     sp, -229(gp)
core   0: 3 0x80003eda (0xf1b1c103) x 2 0x00000000 mem 0x80013bcf
core   0: 0x80003ede (0xf2d18683) lb      a3, -211(gp)
core   0: 3 0x80003ede (0xf2d18683) x13 0x00000000 mem 0x80013be1
core   0: 0x80003ee2 (0x03d5cb33) div     s6, a1, t4
core   0: 3 0x80003ee2 (0x03d5cb33) x22 0xffffffff
core   0: 0x80003ee6 (0xfb21d403) lhu     s0, -78(gp)
core   0: 3 0x80003ee6 (0xfb21d403) x 8 0x00000000 mem 0x80013c66
core   0: 0x80003eea (0xf421d803) lhu     a6, -190(gp)
core   0: 3 0x80003eea (0xf421d803) x16 0x00000000 mem 0x80013bf6
core   0: 0x80003eee (0x0000628d) c.lui   t0, 0x3
core   0: 3 0x80003eee (0x628d) x 5 0x00003000
core   0: 0x80003ef0 (0x00009afd) c.andi  a3, -1
core   0: 3 0x80003ef0 (0x9afd) x13 0x00000000
core   0: 0x80003ef2 (0x01a19893) slli    a7, gp, 26
core   0: 3 0x80003ef2 (0x01a19893) x17 0xd0000000
core   0: 0x80003ef6 (0xf5518683) lb      a3, -171(gp)
core   0: 3 0x80003ef6 (0xf5518683) x13 0x00000000 mem 0x80013c09
core   0: 0x80003efa (0xfea18923) sb      a0, -14(gp)
core   0: 3 0x80003efa (0xfea18923) mem 0x80013ca6 0xda
core   0: 0x80003efe (0xfab18303) lb      t1, -85(gp)
core   0: 3 0x80003efe (0xfab18303) x 6 0xffffff80 mem 0x80013c5f
core   0: 0x80003f02 (0x00010117) auipc   sp, 0x10
core   0: 3 0x80003f02 (0x00010117) x 2 0x80013f02
core   0: 0x80003f06 (0x8a110113) addi    sp, sp, -1887
core   0: 3 0x80003f06 (0x8a110113) x 2 0x800137a3
core   0: 0x80003f0a (0x019287b3) add     a5, t0, s9
core   0: 3 0x80003f0a (0x019287b3) x15 0x00003000
core   0: 0x80003f0e (0x00219e33) sll     t3, gp, sp
core   0: 3 0x80003f0e (0x00219e33) x28 0x0009e5a0
core   0: 0x80003f12 (0x08410523) sb      tp, 138(sp)
core   0: 3 0x80003f12 (0x08410523) mem 0x8001382d 0x0
core   0: 0x80003f16 (0xf2414603) lbu     a2, -220(sp)
core   0: 3 0x80003f16 (0xf2414603) x12 0x00000000 mem 0x800136c7
core   0: 0x80003f1a (0x00000001) c.nop
core   0: 3 0x80003f1a (0x0001)
core   0: 0x80003f1c (0x00000211) c.addi  tp, 4
core   0: 3 0x80003f1c (0x0211) x 4 0x00000004
core   0: 0x80003f1e (0x41f2f613) andi    a2, t0, 1055
core   0: 3 0x80003f1e (0x41f2f613) x12 0x00000000
core   0: 0x80003f22 (0x01bb2cb3) slt     s9, s6, s11
core   0: 3 0x80003f22 (0x01bb2cb3) x25 0x00000000
core   0: 0x80003f26 (0x3de14083) lbu     ra, 990(sp)
core   0: 3 0x80003f26 (0x3de14083) x 1 0x00000000 mem 0x80013b81
core   0: 0x80003f2a (0x00004235) c.li    tp, 13
core   0: 3 0x80003f2a (0x4235) x 4 0x0000000d
core   0: 0x80003f2c (0x6f0119a3) sh      a6, 1779(sp)
core   0: 3 0x80003f2c (0x6f0119a3) mem 0x80013e96 0x0000
core   0: 0x80003f30 (0x1eab0093) addi    ra, s6, 490
core   0: 3 0x80003f30 (0x1eab0093) x 1 0x000001e9
core   0: 0x80003f34 (0x03a043b3) div     t2, zero, s10
core   0: 3 0x80003f34 (0x03a043b3) x 7 0xffffffff
core   0: 0x80003f38 (0xcdc10223) sb      t3, -828(sp)
core   0: 3 0x80003f38 (0xcdc10223) mem 0x80013467 0xa0
core   0: 0x80003f3c (0x406a8733) sub     a4, s5, t1
core   0: 3 0x80003f3c (0x406a8733) x14 0x00000080
core   0: 0x80003f40 (0xae112e03) lw      t3, -1311(sp)
core   0: 3 0x80003f40 (0xae112e03) x28 0x00000000 mem 0x80013284
core   0: 0x80003f44 (0x3b711e83) lh      t4, 951(sp)
core   0: 3 0x80003f44 (0x3b711e83) x29 0x00000000 mem 0x80013b5a
core   0: 0x80003f48 (0xfbe10583) lb      a1, -66(sp)
core   0: 3 0x80003f48 (0xfbe10583) x11 0x00000000 mem 0x80013761
core   0: 0x80003f4c (0x00945e13) srli    t3, s0, 9
core   0: 3 0x80003f4c (0x00945e13) x28 0x00000000
core   0: 0x80003f50 (0x49b11a03) lh      s4, 1179(sp)
core   0: 3 0x80003f50 (0x49b11a03) x20 0x00000000 mem 0x80013c3e
core   0: 0x80003f54 (0x004ea5b3) slt     a1, t4, tp
core   0: 3 0x80003f54 (0x004ea5b3) x11 0x00000001
core   0: 0x80003f58 (0x90610883) lb      a7, -1786(sp)
core   0: 3 0x80003f58 (0x90610883) x17 0x00000000 mem 0x800130a9
core   0: 0x80003f5c (0x00001d7d) c.addi  s10, -1
core   0: 3 0x80003f5c (0x1d7d) x26 0xffffffff
core   0: 0x80003f5e (0x59510523) sb      s5, 1418(sp)
core   0: 3 0x80003f5e (0x59510523) mem 0x80013d2d 0x0
core   0: 0x80003f62 (0x28210383) lb      t2, 642(sp)
core   0: 3 0x80003f62 (0x28210383) x 7 0x00000000 mem 0x80013a25
core   0: 0x80003f66 (0x0000100f) fence.i
core   0: 3 0x80003f66 (0x0000100f)
core   0: 0x80003f6a (0x017fbc33) sltu    s8, t6, s7
core   0: 3 0x80003f6a (0x017fbc33) x24 0x00000000
core   0: 0x80003f6e (0x02c80033) mul     zero, a6, a2
core   0: 3 0x80003f6e (0x02c80033)
core   0: 0x80003f72 (0x3bf10803) lb      a6, 959(sp)
core   0: 3 0x80003f72 (0x3bf10803) x16 0x00000000 mem 0x80013b62
core   0: 0x80003f76 (0x00010117) auipc   sp, 0x10
core   0: 3 0x80003f76 (0x00010117) x 2 0x80013f76
core   0: 0x80003f7a (0xe9c10113) addi    sp, sp, -356
core   0: 3 0x80003f7a (0xe9c10113) x 2 0x80013e12
core   0: 0x80003f7e (0xfed10ba3) sb      a3, -9(sp)
core   0: 3 0x80003f7e (0xfed10ba3) mem 0x80013e09 0x0
core   0: 0x80003f82 (0xff714d03) lbu     s10, -9(sp)
core   0: 3 0x80003f82 (0xff714d03) x26 0x00000000 mem 0x80013e09
core   0: 0x80003f86 (0xf47ece13) xori    t3, t4, -185
core   0: 3 0x80003f86 (0xf47ece13) x28 0xffffff47
core   0: 0x80003f8a (0xff714d03) lbu     s10, -9(sp)
core   0: 3 0x80003f8a (0xff714d03) x26 0x00000000 mem 0x80013e09
core   0: 0x80003f8e (0xff810ba3) sb      s8, -9(sp)
core   0: 3 0x80003f8e (0xff810ba3) mem 0x80013e09 0x0
core   0: 0x80003f92 (0xff710003) lb      zero, -9(sp)
core   0: 3 0x80003f92 (0xff710003) mem 0x80013e09
core   0: 0x80003f96 (0x01275e13) srli    t3, a4, 18
core   0: 3 0x80003f96 (0x01275e13) x28 0x00000000
core   0: 0x80003f9a (0xff710083) lb      ra, -9(sp)
core   0: 3 0x80003f9a (0xff710083) x 1 0x00000000 mem 0x80013e09
core   0: 0x80003f9e (0xfe510ba3) sb      t0, -9(sp)
core   0: 3 0x80003f9e (0xfe510ba3) mem 0x80013e09 0x0
core   0: 0x80003fa2 (0xff710803) lb      a6, -9(sp)
core   0: 3 0x80003fa2 (0xff710803) x16 0x00000000 mem 0x80013e09
core   0: 0x80003fa6 (0xff710283) lb      t0, -9(sp)
core   0: 3 0x80003fa6 (0xff710283) x 5 0x00000000 mem 0x80013e09
core   0: 0x80003faa (0xff714803) lbu     a6, -9(sp)
core   0: 3 0x80003faa (0xff714803) x16 0x00000000 mem 0x80013e09
core   0: 0x80003fae (0xff710303) lb      t1, -9(sp)
core   0: 3 0x80003fae (0xff710303) x 6 0x00000000 mem 0x80013e09
core   0: 0x80003fb2 (0xff714803) lbu     a6, -9(sp)
core   0: 3 0x80003fb2 (0xff714803) x16 0x00000000 mem 0x80013e09
core   0: 0x80003fb6 (0x000086fd) c.srai  a3, 31
core   0: 3 0x80003fb6 (0x86fd) x13 0x00000000
core   0: 0x80003fb8 (0xff910ba3) sb      s9, -9(sp)
core   0: 3 0x80003fb8 (0xff910ba3) mem 0x80013e09 0x0
core   0: 0x80003fbc (0xff610ba3) sb      s6, -9(sp)
core   0: 3 0x80003fbc (0xff610ba3) mem 0x80013e09 0xff
core   0: 0x80003fc0 (0xff710c83) lb      s9, -9(sp)
core   0: 3 0x80003fc0 (0xff710c83) x25 0xffffffff mem 0x80013e09
core   0: 0x80003fc4 (0xff714a83) lbu     s5, -9(sp)
core   0: 3 0x80003fc4 (0xff714a83) x21 0x000000ff mem 0x80013e09
core   0: 0x80003fc8 (0xff710703) lb      a4, -9(sp)
core   0: 3 0x80003fc8 (0xff710703) x14 0xffffffff mem 0x80013e09
core   0: 0x80003fcc (0xff710783) lb      a5, -9(sp)
core   0: 3 0x80003fcc (0xff710783) x15 0xffffffff mem 0x80013e09
core   0: 0x80003fd0 (0xff714e83) lbu     t4, -9(sp)
core   0: 3 0x80003fd0 (0xff714e83) x29 0x000000ff mem 0x80013e09
core   0: 0x80003fd4 (0x0000f117) auipc   sp, 0xf
core   0: 3 0x80003fd4 (0x0000f117) x 2 0x80012fd4
core   0: 0x80003fd8 (0x49a10113) addi    sp, sp, 1178
core   0: 3 0x80003fd8 (0x49a10113) x 2 0x8001346e
core   0: 0x80003fdc (0x40f68eb3) sub     t4, a3, a5
core   0: 3 0x80003fdc (0x40f68eb3) x29 0x00000001
core   0: 0x80003fe0 (0x666bb613) sltiu   a2, s7, 1638
core   0: 3 0x80003fe0 (0x666bb613) x12 0x00000001
core   0: 0x80003fe4 (0xff314983) lbu     s3, -13(sp)
core   0: 3 0x80003fe4 (0xff314983) x19 0x00000000 mem 0x80013461
core   0: 0x80003fe8 (0x00000e3e) c.slli  t3, 15
core   0: 3 0x80003fe8 (0x0e3e) x28 0x00000000
core   0: 0x80003fea (0x01910703) lb      a4, 25(sp)
core   0: 3 0x80003fea (0x01910703) x14 0x00000001 mem 0x80013487
core   0: 0x80003fee (0x00000001) c.nop
core   0: 3 0x80003fee (0x0001)
core   0: 0x80003ff0 (0x017106a3) sb      s7, 13(sp)
core   0: 3 0x80003ff0 (0x017106a3) mem 0x8001347b 0x0
core   0: 0x80003ff4 (0xfe1106a3) sb      ra, -19(sp)
core   0: 3 0x80003ff4 (0xfe1106a3) mem 0x8001345b 0x0
core   0: 0x80003ff8 (0x01810ba3) sb      s8, 23(sp)
core   0: 3 0x80003ff8 (0x01810ba3) mem 0x80013485 0x0
core   0: 0x80003ffc (0xfd711f23) sh      s7, -34(sp)
core   0: 3 0x80003ffc (0xfd711f23) mem 0x8001344c 0x0000
core   0: 0x80004000 (0x03014e83) lbu     t4, 48(sp)
core   0: 3 0x80004000 (0x03014e83) x29 0x00000000 mem 0x8001349e
core   0: 0x80004004 (0xfeb10983) lb      s3, -21(sp)
core   0: 3 0x80004004 (0xfeb10983) x19 0x00000000 mem 0x80013459
core   0: 0x80004008 (0xfef10ca3) sb      a5, -7(sp)
core   0: 3 0x80004008 (0xfef10ca3) mem 0x80013467 0xff
core   0: 0x8000400c (0x01911a23) sh      s9, 20(sp)
core   0: 3 0x8000400c (0x01911a23) mem 0x80013482 0xffff
core   0: 0x80004010 (0x00008779) c.srai  a4, 30
core   0: 3 0x80004010 (0x8779) x14 0x00000000
core   0: 0x80004012 (0x0000100f) fence.i
core   0: 3 0x80004012 (0x0000100f)
core   0: 0x80004016 (0xff910623) sb      s9, -20(sp)
core   0: 3 0x80004016 (0xff910623) mem 0x8001345a 0xff
core   0: 0x8000401a (0x007e8d33) add     s10, t4, t2
core   0: 3 0x8000401a (0x007e8d33) x26 0x00000000
core   0: 0x8000401e (0x02448cb3) mul     s9, s1, tp
core   0: 3 0x8000401e (0x02448cb3) x25 0x80213b14
core   0: 0x80004022 (0x000005a6) c.slli  a1, 9
core   0: 3 0x80004022 (0x05a6) x11 0x00000200
core   0: 0x80004024 (0x03215983) lhu     s3, 50(sp)
core   0: 3 0x80004024 (0x03215983) x19 0x00000000 mem 0x800134a0
core   0: 0x80004028 (0x00000001) c.nop
core   0: 3 0x80004028 (0x0001)
core   0: 0x8000402a (0x00710283) lb      t0, 7(sp)
core   0: 3 0x8000402a (0x00710283) x 5 0x00000000 mem 0x80013475
core   0: 0x8000402e (0x018debb3) or      s7, s11, s8
core   0: 3 0x8000402e (0x018debb3) x23 0x8001a009
core   0: 0x80004032 (0x41d4dd13) srai    s10, s1, 29
core   0: 3 0x80004032 (0x41d4dd13) x26 0xfffffffc
core   0: 0x80004036 (0xfcf10683) lb      a3, -49(sp)
core   0: 3 0x80004036 (0xfcf10683) x13 0x00000000 mem 0x8001343d
core   0: 0x8000403a (0x0ff0000f) fence   iorw,iorw
core   0: 3 0x8000403a (0x0ff0000f)
core   0: 0x8000403e (0xfd910a23) sb      s9, -44(sp)
core   0: 3 0x8000403e (0xfd910a23) mem 0x80013442 0x14
core   0: 0x80004042 (0x00015117) auipc   sp, 0x15
core   0: 3 0x80004042 (0x00015117) x 2 0x80019042
core   0: 0x80004046 (0xf1f10113) addi    sp, sp, -225
core   0: 3 0x80004046 (0xf1f10113) x 2 0x80018f61
core   0: 0x8000404a (0xfcc14683) lbu     a3, -52(sp)
core   0: 3 0x8000404a (0xfcc14683) x13 0x00000000 mem 0x80018f2d
core   0: 0x8000404e (0x40a7d733) sra     a4, a5, a0
core   0: 3 0x8000404e (0x40a7d733) x14 0xffffffff
core   0: 0x80004052 (0xfc510803) lb      a6, -59(sp)
core   0: 3 0x80004052 (0xfc510803) x16 0x00000000 mem 0x80018f26
core   0: 0x80004056 (0xfca112a3) sh      a0, -59(sp)
core   0: 3 0x80004056 (0xfca112a3) mem 0x80018f26 0x21da
core   0: 0x8000405a (0x00511aa3) sh      t0, 21(sp)
core   0: 3 0x8000405a (0x00511aa3) mem 0x80018f76 0x0000
core   0: 0x8000405e (0x00a10003) lb      zero, 10(sp)
core   0: 3 0x8000405e (0x00a10003) mem 0x80018f6b
core   0: 0x80004062 (0x02e446b3) div     a3, s0, a4
core   0: 3 0x80004062 (0x02e446b3) x13 0x00000000
core   0: 0x80004066 (0xfd711983) lh      s3, -41(sp)
core   0: 3 0x80004066 (0xfd711983) x19 0x00000000 mem 0x80018f38
core   0: 0x8000406a (0x00008c29) c.xor   s0, a0
core   0: 3 0x8000406a (0x8c29) x 8 0xfd3e21da
core   0: 0x8000406c (0x00b15d03) lhu     s10, 11(sp)
core   0: 3 0x8000406c (0x00b15d03) x26 0x00000000 mem 0x80018f6c
core   0: 0x80004070 (0xfdd10203) lb      tp, -35(sp)
core   0: 3 0x80004070 (0xfdd10203) x 4 0x00000000 mem 0x80018f3e
core   0: 0x80004074 (0x0ff0000f) fence   iorw,iorw
core   0: 3 0x80004074 (0x0ff0000f)
core   0: 0x80004078 (0xfdd10c03) lb      s8, -35(sp)
core   0: 3 0x80004078 (0xfdd10c03) x24 0x00000000 mem 0x80018f3e
core   0: 0x8000407c (0xfda10b03) lb      s6, -38(sp)
core   0: 3 0x8000407c (0xfda10b03) x22 0x00000000 mem 0x80018f3b
core   0: 0x80004080 (0x001310b3) sll     ra, t1, ra
core   0: 3 0x80004080 (0x001310b3) x 1 0x00000000
core   0: 0x80004084 (0x004c71b3) and     gp, s8, tp
core   0: 3 0x80004084 (0x004c71b3) x 3 0x00000000
core   0: 0x80004088 (0xfeb125a3) sw      a1, -21(sp)
core   0: 3 0x80004088 (0xfeb125a3) mem 0x80018f4c 0x00000200
core   0: 0x8000408c (0xfca10b23) sb      a0, -42(sp)
core   0: 3 0x8000408c (0xfca10b23) mem 0x80018f37 0xda
core   0: 0x80004090 (0x0000f417) auipc   s0, 0xf
core   0: 3 0x80004090 (0x0000f417) x 8 0x80013090
core   0: 0x80004094 (0x40b40413) addi    s0, s0, 1035
core   0: 3 0x80004094 (0x40b40413) x 8 0x8001349b
core   0: 0x80004098 (0x0ff0000f) fence   iorw,iorw
core   0: 3 0x80004098 (0x0ff0000f)
core   0: 0x8000409c (0x0c341203) lh      tp, 195(s0)
core   0: 3 0x8000409c (0x0c341203) x 4 0x00000000 mem 0x8001355e
core   0: 0x800040a0 (0x0b040fa3) sb      a6, 191(s0)
core   0: 3 0x800040a0 (0x0b040fa3) mem 0x8001355a 0x0
core   0: 0x800040a4 (0xf3440f03) lb      t5, -204(s0)
core   0: 3 0x800040a4 (0xf3440f03) x30 0x00000000 mem 0x800133cf
core   0: 0x800040a8 (0x05544c03) lbu     s8, 85(s0)
core   0: 3 0x800040a8 (0x05544c03) x24 0x00000000 mem 0x800134f0
core   0: 0x800040ac (0x0ff0000f) fence   iorw,iorw
core   0: 3 0x800040ac (0x0ff0000f)
core   0: 0x800040b0 (0x015a4a33) xor     s4, s4, s5
core   0: 3 0x800040b0 (0x015a4a33) x20 0x000000ff
core   0: 0x800040b4 (0x0c140523) sb      ra, 202(s0)
core   0: 3 0x800040b4 (0x0c140523) mem 0x80013565 0x0
core   0: 0x800040b8 (0xfb044c83) lbu     s9, -80(s0)
core   0: 3 0x800040b8 (0xfb044c83) x25 0x00000000 mem 0x8001344b
core   0: 0x800040bc (0x0de40da3) sb      t5, 219(s0)
core   0: 3 0x800040bc (0x0de40da3) mem 0x80013576 0x0
core   0: 0x800040c0 (0x0e440683) lb      a3, 228(s0)
core   0: 3 0x800040c0 (0x0e440683) x13 0x00000000 mem 0x8001357f
core   0: 0x800040c4 (0x0b644603) lbu     a2, 182(s0)
core   0: 3 0x800040c4 (0x0b644603) x12 0x00000000 mem 0x80013551
core   0: 0x800040c8 (0x00000790) c.addi4spn a2, sp, 960
core   0: 3 0x800040c8 (0x0790) x12 0x80019321
core   0: 0x800040ca (0x01e9cd33) xor     s10, s3, t5
core   0: 3 0x800040ca (0x01e9cd33) x26 0x00000000
core   0: 0x800040ce (0x416a8bb3) sub     s7, s5, s6
core   0: 3 0x800040ce (0x416a8bb3) x23 0x000000ff
core   0: 0x800040d2 (0x0cd41a83) lh      s5, 205(s0)
core   0: 3 0x800040d2 (0x0cd41a83) x21 0x00000000 mem 0x80013568
core   0: 0x800040d6 (0x00008df1) c.and   a1, a2
core   0: 3 0x800040d6 (0x8df1) x11 0x00000200
core   0: 0x800040d8 (0xf8b40423) sb      a1, -120(s0)
core   0: 3 0x800040d8 (0xf8b40423) mem 0x80013423 0x0
core   0: 0x800040dc (0xfc9416a3) sh      s1, -51(s0)
core   0: 3 0x800040dc (0xfc9416a3) mem 0x80013468 0x8e64
core   0: 0x800040e0 (0x588e9e17) auipc   t3, 0x588e9
core   0: 3 0x800040e0 (0x588e9e17) x28 0xd88ed0e0
core   0: 0x800040e4 (0x05040623) sb      a6, 76(s0)
core   0: 3 0x800040e4 (0x05040623) mem 0x800134e7 0x0
core   0: 0x800040e8 (0x01644703) lbu     a4, 22(s0)
core   0: 3 0x800040e8 (0x01644703) x14 0x00000000 mem 0x800134b1
core   0: 0x800040ec (0xf0542003) lw      zero, -251(s0)
core   0: 3 0x800040ec (0xf0542003) mem 0x800133a0
core   0: 0x800040f0 (0x04545c03) lhu     s8, 69(s0)
core   0: 3 0x800040f0 (0x04545c03) x24 0x00004600 mem 0x800134e0
core   0: 0x800040f4 (0xfe140983) lb      s3, -31(s0)
core   0: 3 0x800040f4 (0xfe140983) x19 0x00000000 mem 0x8001347c
core   0: 0x800040f8 (0x0bd45a03) lhu     s4, 189(s0)
core   0: 3 0x800040f8 (0x0bd45a03) x20 0x0000004a mem 0x80013558
core   0: 0x800040fc (0x05c44703) lbu     a4, 92(s0)
core   0: 3 0x800040fc (0x05c44703) x14 0x00000000 mem 0x800134f7
core   0: 0x80004100 (0x01540d23) sb      s5, 26(s0)
core   0: 3 0x80004100 (0x01540d23) mem 0x800134b5 0x0
core   0: 0x80004104 (0xf6a411a3) sh      a0, -157(s0)
core   0: 3 0x80004104 (0xf6a411a3) mem 0x800133fe 0x21da
core   0: 0x80004108 (0xf1844b83) lbu     s7, -232(s0)
core   0: 3 0x80004108 (0xf1844b83) x23 0x00000000 mem 0x800133b3
core   0: 0x8000410c (0x06f428a3) sw      a5, 113(s0)
core   0: 3 0x8000410c (0x06f428a3) mem 0x8001350c 0xffffffff
core   0: 0x80004110 (0x0a444003) lbu     zero, 164(s0)
core   0: 3 0x80004110 (0x0a444003) mem 0x8001353f
core   0: 0x80004114 (0x0173d293) srli    t0, t2, 23
core   0: 3 0x80004114 (0x0173d293) x 5 0x00000000
core   0: 0x80004118 (0x03ebb8b3) mulhu   a7, s7, t5
core   0: 3 0x80004118 (0x03ebb8b3) x17 0x00000000
core   0: 0x8000411c (0x00b45803) lhu     a6, 11(s0)
core   0: 3 0x8000411c (0x00b45803) x16 0x00000000 mem 0x800134a6
core   0: 0x80004120 (0x0f740ea3) sb      s7, 253(s0)
core   0: 3 0x80004120 (0x0f740ea3) mem 0x80013598 0x0
core   0: 0x80004124 (0x68552013) slti    zero, a0, 1669
core   0: 3 0x80004124 (0x68552013)
core   0: 0x80004128 (0xfe945e83) lhu     t4, -23(s0)
core   0: 3 0x80004128 (0xfe945e83) x29 0x00000000 mem 0x80013484
core   0: 0x8000412c (0x00013e17) auipc   t3, 0x13
core   0: 3 0x8000412c (0x00013e17) x28 0x8001712c
core   0: 0x80004130 (0xc10e0e13) addi    t3, t3, -1008
core   0: 3 0x80004130 (0xc10e0e13) x28 0x80016d3c
core   0: 0x80004134 (0x00010097) auipc   ra, 0x10
core   0: 3 0x80004134 (0x00010097) x 1 0x80014134
core   0: 0x80004138 (0x32a08093) addi    ra, ra, 810
core   0: 3 0x80004138 (0x32a08093) x 1 0x8001445e
core   0: 0x8000413c (0x02fe04a3) sb      a5, 41(t3)
core   0: 3 0x8000413c (0x02fe04a3) mem 0x80016d65 0xff
core   0: 0x80004140 (0xfe6e0023) sb      t1, -32(t3)
core   0: 3 0x80004140 (0xfe6e0023) mem 0x80016d1c 0x0
core   0: 0x80004144 (0x00011797) auipc   a5, 0x11
core   0: 3 0x80004144 (0x00011797) x15 0x80015144
core   0: 0x80004148 (0x7c578793) addi    a5, a5, 1989
core   0: 3 0x80004148 (0x7c578793) x15 0x80015909
core   0: 0x8000414c (0xffbe0983) lb      s3, -5(t3)
core   0: 3 0x8000414c (0xffbe0983) x19 0x00000000 mem 0x80016d37
core   0: 0x80004150 (0x03579583) lh      a1, 53(a5)
core   0: 3 0x80004150 (0x03579583) x11 0x00000000 mem 0x8001593e
core   0: 0x80004154 (0xfc1e4f83) lbu     t6, -63(t3)
core   0: 3 0x80004154 (0xfc1e4f83) x31 0x00000000 mem 0x80016cfd
core   0: 0x80004158 (0xfe50c003) lbu     zero, -27(ra)
core   0: 3 0x80004158 (0xfe50c003) mem 0x80014443
core   0: 0x8000415c (0xfcfe1223) sh      a5, -60(t3)
core   0: 3 0x8000415c (0xfcfe1223) mem 0x80016d00 0x5909
core   0: 0x80004160 (0x01e0c103) lbu     sp, 30(ra)
core   0: 3 0x80004160 (0x01e0c103) x 2 0x00000000 mem 0x8001447c
core   0: 0x80004164 (0x022e2223) sw      sp, 36(t3)
core   0: 3 0x80004164 (0x022e2223) mem 0x80016d60 0x00000000
core   0: 0x80004168 (0x0387c103) lbu     sp, 56(a5)
core   0: 3 0x80004168 (0x0387c103) x 2 0x00000000 mem 0x80015941
core   0: 0x8000416c (0xfc908583) lb      a1, -55(ra)
core   0: 3 0x8000416c (0xfc908583) x11 0x00000000 mem 0x80014427
core   0: 0x80004170 (0xfd37a5a3) sw      s3, -53(a5)
core   0: 3 0x80004170 (0xfd37a5a3) mem 0x800158d4 0x00000000
core   0: 0x80004174 (0x019e0523) sb      s9, 10(t3)
core   0: 3 0x80004174 (0x019e0523) mem 0x80016d46 0x0
core   0: 0x80004178 (0xfec78da3) sb      a2, -5(a5)
core   0: 3 0x80004178 (0xfec78da3) mem 0x80015904 0x21
core   0: 0x8000417c (0x030e4d03) lbu     s10, 48(t3)
core   0: 3 0x8000417c (0x030e4d03) x26 0x00000000 mem 0x80016d6c
core   0: 0x80004180 (0x01c0cc03) lbu     s8, 28(ra)
core   0: 3 0x80004180 (0x01c0cc03) x24 0x00000000 mem 0x8001447a
core   0: 0x80004184 (0x000e5403) lhu     s0, 0(t3)
core   0: 3 0x80004184 (0x000e5403) x 8 0x00000000 mem 0x80016d3c
core   0: 0x80004188 (0x0180d703) lhu     a4, 24(ra)
core   0: 3 0x80004188 (0x0180d703) x14 0x00000000 mem 0x80014476
core   0: 0x8000418c (0x02ae5b03) lhu     s6, 42(t3)
core   0: 3 0x8000418c (0x02ae5b03) x22 0x00000000 mem 0x80016d66
core   0: 0x80004190 (0x02878883) lb      a7, 40(a5)
core   0: 3 0x80004190 (0x02878883) x17 0x00000000 mem 0x80015931
core   0: 0x80004194 (0xfff799a3) sh      t6, -13(a5)
core   0: 3 0x80004194 (0xfff799a3) mem 0x800158fc 0x0000
core   0: 0x80004198 (0x0000f717) auipc   a4, 0xf
core   0: 3 0x80004198 (0x0000f717) x14 0x80013198
core   0: 0x8000419c (0x0fb70713) addi    a4, a4, 251
core   0: 3 0x8000419c (0x0fb70713) x14 0x80013293
core   0: 0x800041a0 (0xfeb708a3) sb      a1, -15(a4)
core   0: 3 0x800041a0 (0xfeb708a3) mem 0x80013284 0x0
core   0: 0x800041a4 (0x00006e1d) c.lui   t3, 0x7
core   0: 3 0x800041a4 (0x6e1d) x28 0x00007000
core   0: 0x800041a6 (0x30725097) auipc   ra, 0x30725
core   0: 3 0x800041a6 (0x30725097) x 1 0xb07291a6
core   0: 0x800041aa (0x00470783) lb      a5, 4(a4)
core   0: 3 0x800041aa (0x00470783) x15 0x00000000 mem 0x80013297
core   0: 0x800041ae (0x00001980) c.addi4spn s0, sp, 240
core   0: 3 0x800041ae (0x1980) x 8 0x000000f0
core   0: 0x800041b0 (0x01870123) sb      s8, 2(a4)
core   0: 3 0x800041b0 (0x01870123) mem 0x80013295 0x0
core   0: 0x800041b4 (0xffb75383) lhu     t2, -5(a4)
core   0: 3 0x800041b4 (0xffb75383) x 7 0x00000000 mem 0x8001328e
core   0: 0x800041b8 (0x00274283) lbu     t0, 2(a4)
core   0: 3 0x800041b8 (0x00274283) x 5 0x00000000 mem 0x80013295
core   0: 0x800041bc (0x0285d6b3) divu    a3, a1, s0
core   0: 3 0x800041bc (0x0285d6b3) x13 0x00000000
core   0: 0x800041c0 (0x00770283) lb      t0, 7(a4)
core   0: 3 0x800041c0 (0x00770283) x 5 0x00000000 mem 0x8001329a
core   0: 0x800041c4 (0x000096aa) c.add   a3, a0
core   0: 3 0x800041c4 (0x96aa) x13 0xfd3e21da
core   0: 0x800041c6 (0xfeb71ea3) sh      a1, -3(a4)
core   0: 3 0x800041c6 (0xfeb71ea3) mem 0x80013290 0x0000
core   0: 0x800041ca (0xffd71783) lh      a5, -3(a4)
core   0: 3 0x800041ca (0xffd71783) x15 0x00000000 mem 0x80013290
core   0: 0x800041ce (0xfe972ea3) sw      s1, -3(a4)
core   0: 3 0x800041ce (0xfe972ea3) mem 0x80013290 0x80028e64
core   0: 0x800041d2 (0x408a5613) srai    a2, s4, 8
core   0: 3 0x800041d2 (0x408a5613) x12 0x00000000
core   0: 0x800041d6 (0xffc71ea3) sh      t3, -3(a4)
core   0: 3 0x800041d6 (0xffc71ea3) mem 0x80013290 0x7000
core   0: 0x800041da (0x00775a03) lhu     s4, 7(a4)
core   0: 3 0x800041da (0x00775a03) x20 0x00000000 mem 0x8001329a
core   0: 0x800041de (0x01e703a3) sb      t5, 7(a4)
core   0: 3 0x800041de (0x01e703a3) mem 0x8001329a 0x0
core   0: 0x800041e2 (0x00171f03) lh      t5, 1(a4)
core   0: 3 0x800041e2 (0x00171f03) x30 0x00000000 mem 0x80013294
core   0: 0x800041e6 (0xb90d0213) addi    tp, s10, -1136
core   0: 3 0x800041e6 (0xb90d0213) x 4 0xfffffb90
core   0: 0x800041ea (0x01074003) lbu     zero, 16(a4)
core   0: 3 0x800041ea (0x01074003) mem 0x800132a3
core   0: 0x800041ee (0x00017d97) auipc   s11, 0x17
core   0: 3 0x800041ee (0x00017d97) x27 0x8001b1ee
core   0: 0x800041f2 (0x303d8d93) addi    s11, s11, 771
core   0: 3 0x800041f2 (0x303d8d93) x27 0x8001b4f1
core   0: 0x800041f6 (0xd40dca83) lbu     s5, -704(s11)
core   0: 3 0x800041f6 (0xd40dca83) x21 0x00000000 mem 0x8001b231
core   0: 0x800041fa (0x925d94a3) sh      t0, -1751(s11)
core   0: 3 0x800041fa (0x925d94a3) mem 0x8001ae1a 0x0000
core   0: 0x800041fe (0x034eb333) mulhu   t1, t4, s4
core   0: 3 0x800041fe (0x034eb333) x 6 0x00000000
core   0: 0x80004202 (0x4077d993) srai    s3, a5, 7
core   0: 3 0x80004202 (0x4077d993) x19 0x00000000
core   0: 0x80004206 (0x41a0a393) slti    t2, ra, 1050
core   0: 3 0x80004206 (0x41a0a393) x 7 0x00000001
core   0: 0x8000420a (0x515d9003) lh      zero, 1301(s11)
core   0: 3 0x8000420a (0x515d9003) mem 0x8001ba06
core   0: 0x8000420e (0x116d88a3) sb      s6, 273(s11)
core   0: 3 0x8000420e (0x116d88a3) mem 0x8001b602 0x0
core   0: 0x80004212 (0x9b4f7713) andi    a4, t5, -1612
core   0: 3 0x80004212 (0x9b4f7713) x14 0x00000000
core   0: 0x80004216 (0x02a9d0b3) divu    ra, s3, a0
core   0: 3 0x80004216 (0x02a9d0b3) x 1 0x00000000
core   0: 0x8000421a (0xa20d8203) lb      tp, -1504(s11)
core   0: 3 0x8000421a (0xa20d8203) x 4 0x00000000 mem 0x8001af11
core   0: 0x8000421e (0x72adc803) lbu     a6, 1834(s11)
core   0: 3 0x8000421e (0x72adc803) x16 0x00000000 mem 0x8001bc1b
core   0: 0x80004222 (0x01afd797) auipc   a5, 0x1afd
core   0: 3 0x80004222 (0x01afd797) x15 0x81b01222
core   0: 0x80004226 (0x911dce83) lbu     t4, -1775(s11)
core   0: 3 0x80004226 (0x911dce83) x29 0x00000000 mem 0x8001ae02
core   0: 0x8000422a (0xcdddd103) lhu     sp, -803(s11)
core   0: 3 0x8000422a (0xcdddd103) x 2 0x00000000 mem 0x8001b1ce
core   0: 0x8000422e (0x40990733) sub     a4, s2, s1
core   0: 3 0x8000422e (0x40990733) x14 0x00003e80
core   0: 0x80004232 (0x097da183) lw      gp, 151(s11)
core   0: 3 0x80004232 (0x097da183) x 3 0x00000000 mem 0x8001b588
core   0: 0x80004236 (0xec4d91a3) sh      tp, -317(s11)
core   0: 3 0x80004236 (0xec4d91a3) mem 0x8001b3b4 0x0000
core   0: 0x8000423a (0x0022b733) sltu    a4, t0, sp
core   0: 3 0x8000423a (0x0022b733) x14 0x00000000
core   0: 0x8000423e (0x00008c09) c.sub   s0, a0
core   0: 3 0x8000423e (0x8c09) x 8 0x02c1df16
core   0: 0x80004240 (0x02ade833) rem     a6, s11, a0
core   0: 3 0x80004240 (0x02ade833) x16 0xfed79fc5
core   0: 0x80004244 (0x020797b3) mulh    a5, a5, zero
core   0: 3 0x80004244 (0x020797b3) x15 0x00000000
core   0: 0x80004248 (0x575d8c03) lb      s8, 1397(s11)
core   0: 3 0x80004248 (0x575d8c03) x24 0x00000000 mem 0x8001ba66
core   0: 0x8000424c (0x00008e6d) c.and   a2, a1
core   0: 3 0x8000424c (0x8e6d) x12 0x00000000
core   0: 0x8000424e (0x604d8603) lb      a2, 1540(s11)
core   0: 3 0x8000424e (0x604d8603) x12 0x00000000 mem 0x8001baf5
core   0: 0x80004252 (0xffa98713) addi    a4, s3, -6
core   0: 3 0x80004252 (0xffa98713) x14 0xfffffffa
core   0: 0x80004256 (0x631dd583) lhu     a1, 1585(s11)
core   0: 3 0x80004256 (0x631dd583) x11 0x00000000 mem 0x8001bb22
core   0: 0x8000425a (0xd7bd8f83) lb      t6, -645(s11)
core   0: 3 0x8000425a (0xd7bd8f83) x31 0x00000000 mem 0x8001b26c
core   0: 0x8000425e (0x00006445) c.lui   s0, 0x11
core   0: 3 0x8000425e (0x6445) x 8 0x00011000
core   0: 0x80004260 (0x00f03433) snez    s0, a5
core   0: 3 0x80004260 (0x00f03433) x 8 0x00000000
core   0: 0x80004264 (0xd06d8e03) lb      t3, -762(s11)
core   0: 3 0x80004264 (0xd06d8e03) x28 0x00000000 mem 0x8001b1f7
core   0: 0x80004268 (0x0000f117) auipc   sp, 0xf
core   0: 3 0x80004268 (0x0000f117) x 2 0x80013268
core   0: 0x8000426c (0x69b10113) addi    sp, sp, 1691
core   0: 3 0x8000426c (0x69b10113) x 2 0x80013903
core   0: 0x80004270 (0xfc010183) lb      gp, -64(sp)
core   0: 3 0x80004270 (0xfc010183) x 3 0x00000000 mem 0x800138c3
core   0: 0x80004274 (0xfc014a03) lbu     s4, -64(sp)
core   0: 3 0x80004274 (0xfc014a03) x20 0x00000000 mem 0x800138c3
core   0: 0x80004278 (0xf0910403) lb      s0, -247(sp)
core   0: 3 0x80004278 (0xf0910403) x 8 0x00000000 mem 0x8001380c
core   0: 0x8000427c (0x3a504413) xori    s0, zero, 933
core   0: 3 0x8000427c (0x3a504413) x 8 0x000003a5
core   0: 0x80004280 (0xff610683) lb      a3, -10(sp)
core   0: 3 0x80004280 (0xff610683) x13 0x00000000 mem 0x800138f9
core   0: 0x80004284 (0xff610703) lb      a4, -10(sp)
core   0: 3 0x80004284 (0xff610703) x14 0x00000000 mem 0x800138f9
core   0: 0x80004288 (0x0b510823) sb      s5, 176(sp)
core   0: 3 0x80004288 (0x0b510823) mem 0x800139b3 0x0
core   0: 0x8000428c (0x0b014583) lbu     a1, 176(sp)
core   0: 3 0x8000428c (0x0b014583) x11 0x00000000 mem 0x800139b3
core   0: 0x80004290 (0x0b014183) lbu     gp, 176(sp)
core   0: 3 0x80004290 (0x0b014183) x 3 0x00000000 mem 0x800139b3
core   0: 0x80004294 (0x039d7fb3) remu    t6, s10, s9
core   0: 3 0x80004294 (0x039d7fb3) x31 0x00000000
core   0: 0x80004298 (0x0b014e83) lbu     t4, 176(sp)
core   0: 3 0x80004298 (0x0b014e83) x29 0x00000000 mem 0x800139b3
core   0: 0x8000429c (0x0b014703) lbu     a4, 176(sp)
core   0: 3 0x8000429c (0x0b014703) x14 0x00000000 mem 0x800139b3
core   0: 0x800042a0 (0x0ba10823) sb      s10, 176(sp)
core   0: 3 0x800042a0 (0x0ba10823) mem 0x800139b3 0x0
core   0: 0x800042a4 (0x0b010823) sb      a6, 176(sp)
core   0: 3 0x800042a4 (0x0b010823) mem 0x800139b3 0xc5
core   0: 0x800042a8 (0xff910083) lb      ra, -7(sp)
core   0: 3 0x800042a8 (0xff910083) x 1 0x00000000 mem 0x800138fc
core   0: 0x800042ac (0x0fa10d83) lb      s11, 250(sp)
core   0: 3 0x800042ac (0x0fa10d83) x27 0x00000000 mem 0x800139fd
core   0: 0x800042b0 (0xf8714783) lbu     a5, -121(sp)
core   0: 3 0x800042b0 (0xf8714783) x15 0x00000000 mem 0x8001388a
core   0: 0x800042b4 (0xf8715003) lhu     zero, -121(sp)
core   0: 3 0x800042b4 (0xf8715003) mem 0x8001388a
core   0: 0x800042b8 (0xf1d10783) lb      a5, -227(sp)
core   0: 3 0x800042b8 (0xf1d10783) x15 0x00000000 mem 0x80013820
core   0: 0x800042bc (0xf1d10b03) lb      s6, -227(sp)
core   0: 3 0x800042bc (0xf1d10b03) x22 0x00000000 mem 0x80013820
core   0: 0x800042c0 (0xf1d14d83) lbu     s11, -227(sp)
core   0: 3 0x800042c0 (0xf1d14d83) x27 0x00000000 mem 0x80013820
core   0: 0x800042c4 (0x00019117) auipc   sp, 0x19
core   0: 3 0x800042c4 (0x00019117) x 2 0x8001d2c4
core   0: 0x800042c8 (0x2ea10113) addi    sp, sp, 746
core   0: 3 0x800042c8 (0x2ea10113) x 2 0x8001d5ae
core   0: 0x800042cc (0x59cb2e13) slti    t3, s6, 1436
core   0: 3 0x800042cc (0x59cb2e13) x28 0x00000001
core   0: 0x800042d0 (0x0ff0000f) fence   iorw,iorw
core   0: 3 0x800042d0 (0x0ff0000f)
core   0: 0x800042d4 (0x41f10e03) lb      t3, 1055(sp)
core   0: 3 0x800042d4 (0x41f10e03) x28 0x00000000 mem 0x8001d9cd
core   0: 0x800042d8 (0x00ad9f33) sll     t5, s11, a0
core   0: 3 0x800042d8 (0x00ad9f33) x30 0x00000000
core   0: 0x800042dc (0xfe234813) xori    a6, t1, -30
core   0: 3 0x800042dc (0xfe234813) x16 0xffffffe2
core   0: 0x800042e0 (0x00ccd193) srli    gp, s9, 12
core   0: 3 0x800042e0 (0x00ccd193) x 3 0x00000000
core   0: 0x800042e4 (0x69815683) lhu     a3, 1688(sp)
core   0: 3 0x800042e4 (0x69815683) x13 0x00000000 mem 0x8001dc46
core   0: 0x800042e8 (0x89914d03) lbu     s10, -1895(sp)
core   0: 3 0x800042e8 (0x89914d03) x26 0x00000000 mem 0x8001ce47
core   0: 0x800042ec (0x00f49213) slli    tp, s1, 15
core   0: 3 0x800042ec (0x00f49213) x 4 0x47320000
core   0: 0x800042f0 (0x00008c05) c.sub   s0, s1
core   0: 3 0x800042f0 (0x8c05) x 8 0x7ffd7541
core   0: 0x800042f2 (0x215df393) andi    t2, s11, 533
core   0: 3 0x800042f2 (0x215df393) x 7 0x00000000
core   0: 0x800042f6 (0x54c0a413) slti    s0, ra, 1356
core   0: 3 0x800042f6 (0x54c0a413) x 8 0x00000001
core   0: 0x800042fa (0x87910303) lb      t1, -1927(sp)
core   0: 3 0x800042fa (0x87910303) x 6 0x00000000 mem 0x8001ce27
core   0: 0x800042fe (0xa4910183) lb      gp, -1463(sp)
core   0: 3 0x800042fe (0xa4910183) x 3 0x00000000 mem 0x8001cff7
core   0: 0x80004302 (0xef0103a3) sb      a6, -281(sp)
core   0: 3 0x80004302 (0xef0103a3) mem 0x8001d495 0xe2
core   0: 0x80004306 (0xdb612923) sw      s6, -590(sp)
core   0: 3 0x80004306 (0xdb612923) mem 0x8001d360 0x00000000
core   0: 0x8000430a (0x00aeca33) xor     s4, t4, a0
core   0: 3 0x8000430a (0x00aeca33) x20 0xfd3e21da
core   0: 0x8000430e (0x0015d733) srl     a4, a1, ra
core   0: 3 0x8000430e (0x0015d733) x14 0x00000000
core   0: 0x80004312 (0x000003ae) c.slli  t2, 11
core   0: 3 0x80004312 (0x03ae) x 7 0x00000000
core   0: 0x80004314 (0xca3100a3) sb      gp, -863(sp)
core   0: 3 0x80004314 (0xca3100a3) mem 0x8001d24f 0x0
core   0: 0x80004318 (0x00000001) c.nop
core   0: 3 0x80004318 (0x0001)
core   0: 0x8000431a (0x0000100f) fence.i
core   0: 3 0x8000431a (0x0000100f)
core   0: 0x8000431e (0x03bd1b33) mulh    s6, s10, s11
core   0: 3 0x8000431e (0x03bd1b33) x22 0x00000000
core   0: 0x80004322 (0x0394a633) mulhsu  a2, s1, s9
core   0: 3 0x80004322 (0x0394a633) x12 0x00000000
core   0: 0x80004326 (0x00008ef9) c.and   a3, a4
core   0: 3 0x80004326 (0x8ef9) x13 0x00000000
core   0: 0x80004328 (0x9da10ea3) sb      s10, -1571(sp)
core   0: 3 0x80004328 (0x9da10ea3) mem 0x8001cf8b 0x0
core   0: 0x8000432c (0x811f1a37) lui     s4, 0x811f1
core   0: 3 0x8000432c (0x811f1a37) x20 0x811f1000
core   0: 0x80004330 (0xa6a021b7) lui     gp, 0xa6a02
core   0: 3 0x80004330 (0xa6a021b7) x 3 0xa6a02000
core   0: 0x80004334 (0x0ff0000f) fence   iorw,iorw
core   0: 3 0x80004334 (0x0ff0000f)
core   0: 0x80004338 (0x000093fa) c.add   t2, t5
core   0: 3 0x80004338 (0x93fa) x 7 0x00000000
core   0: 0x8000433a (0xa5911523) sh      s9, -1462(sp)
core   0: 3 0x8000433a (0xa5911523) mem 0x8001cff8 0x0000
core   0: 0x8000433e (0x00017c17) auipc   s8, 0x17
core   0: 3 0x8000433e (0x00017c17) x24 0x8001b33e
core   0: 0x80004342 (0xf14c0c13) addi    s8, s8, -236
core   0: 3 0x80004342 (0xf14c0c13) x24 0x8001b252
core   0: 0x80004346 (0xff3c4f03) lbu     t5, -13(s8)
core   0: 3 0x80004346 (0xff3c4f03) x30 0x00000000 mem 0x8001b245
core   0: 0x8000434a (0xff3c4883) lbu     a7, -13(s8)
core   0: 3 0x8000434a (0xff3c4883) x17 0x00000000 mem 0x8001b245
core   0: 0x8000434e (0x41e4ddb3) sra     s11, s1, t5
core   0: 3 0x8000434e (0x41e4ddb3) x27 0x80028e64
core   0: 0x80004352 (0xff3c4303) lbu     t1, -13(s8)
core   0: 3 0x80004352 (0xff3c4303) x 6 0x00000000 mem 0x8001b245
core   0: 0x80004356 (0x02661633) mulh    a2, a2, t1
core   0: 3 0x80004356 (0x02661633) x12 0x00000000
core   0: 0x8000435a (0x41f95413) srai    s0, s2, 31
core   0: 3 0x8000435a (0x41f95413) x 8 0xffffffff
core   0: 0x8000435e (0xfe3c09a3) sb      gp, -13(s8)
core   0: 3 0x8000435e (0xfe3c09a3) mem 0x8001b245 0x0
core   0: 0x80004362 (0x0000100f) fence.i
core   0: 3 0x80004362 (0x0000100f)
core   0: 0x80004366 (0x0026dd13) srli    s10, a3, 2
core   0: 3 0x80004366 (0x0026dd13) x26 0x00000000
core   0: 0x8000436a (0xff6c09a3) sb      s6, -13(s8)
core   0: 3 0x8000436a (0xff6c09a3) mem 0x8001b245 0x0
core   0: 0x8000436e (0xff3c4c83) lbu     s9, -13(s8)
core   0: 3 0x8000436e (0xff3c4c83) x25 0x00000000 mem 0x8001b245
core   0: 0x80004372 (0xff3c0a03) lb      s4, -13(s8)
core   0: 3 0x80004372 (0xff3c0a03) x20 0x00000000 mem 0x8001b245
core   0: 0x80004376 (0xff3c4e03) lbu     t3, -13(s8)
core   0: 3 0x80004376 (0xff3c4e03) x28 0x00000000 mem 0x8001b245
core   0: 0x8000437a (0xff3c4403) lbu     s0, -13(s8)
core   0: 3 0x8000437a (0xff3c4403) x 8 0x00000000 mem 0x8001b245
core   0: 0x8000437e (0x004c04a3) sb      tp, 9(s8)
core   0: 3 0x8000437e (0x004c04a3) mem 0x8001b25b 0x0
core   0: 0x80004382 (0x01fc04a3) sb      t6, 9(s8)
core   0: 3 0x80004382 (0x01fc04a3) mem 0x8001b25b 0x0
core   0: 0x80004386 (0x01fc04a3) sb      t6, 9(s8)
core   0: 3 0x80004386 (0x01fc04a3) mem 0x8001b25b 0x0
core   0: 0x8000438a (0x019c04a3) sb      s9, 9(s8)
core   0: 3 0x8000438a (0x019c04a3) mem 0x8001b25b 0x0
core   0: 0x8000438e (0x009c0683) lb      a3, 9(s8)
core   0: 3 0x8000438e (0x009c0683) x13 0x00000000 mem 0x8001b25b
core   0: 0x80004392 (0x007c04a3) sb      t2, 9(s8)
core   0: 3 0x80004392 (0x007c04a3) mem 0x8001b25b 0x0
core   0: 0x80004396 (0x007c02a3) sb      t2, 5(s8)
core   0: 3 0x80004396 (0x007c02a3) mem 0x8001b257 0x0
core   0: 0x8000439a (0x005c0883) lb      a7, 5(s8)
core   0: 3 0x8000439a (0x005c0883) x17 0x00000000 mem 0x8001b257
core   0: 0x8000439e (0xff0c5283) lhu     t0, -16(s8)
core   0: 3 0x8000439e (0xff0c5283) x 5 0x00000000 mem 0x8001b242
core   0: 0x800043a2 (0xff0c1303) lh      t1, -16(s8)
core   0: 3 0x800043a2 (0xff0c1303) x 6 0x00000000 mem 0x8001b242
core   0: 0x800043a6 (0x0000fe17) auipc   t3, 0xf
core   0: 3 0x800043a6 (0x0000fe17) x28 0x800133a6
core   0: 0x800043aa (0x24ae0e13) addi    t3, t3, 586
core   0: 3 0x800043aa (0x24ae0e13) x28 0x800135f0
core   0: 0x800043ae (0x413ad233) sra     tp, s5, s3
core   0: 3 0x800043ae (0x413ad233) x 4 0x00000000
core   0: 0x800043b2 (0x0ff0000f) fence   iorw,iorw
core   0: 3 0x800043b2 (0x0ff0000f)
core   0: 0x800043b6 (0x0000100f) fence.i
core   0: 3 0x800043b6 (0x0000100f)
core   0: 0x800043ba (0x008e4883) lbu     a7, 8(t3)
core   0: 3 0x800043ba (0x008e4883) x17 0x00000000 mem 0x800135f8
core   0: 0x800043be (0x010e1c83) lh      s9, 16(t3)
core   0: 3 0x800043be (0x010e1c83) x25 0x00000000 mem 0x80013600
core   0: 0x800043c2 (0xff8e5b83) lhu     s7, -8(t3)
core   0: 3 0x800043c2 (0xff8e5b83) x23 0x00000000 mem 0x800135e8
core   0: 0x800043c6 (0x00009afd) c.andi  a3, -1
core   0: 3 0x800043c6 (0x9afd) x13 0x00000000
core   0: 0x800043c8 (0x019df633) and     a2, s11, s9
core   0: 3 0x800043c8 (0x019df633) x12 0x00000000
core   0: 0x800043cc (0x03c7dab3) divu    s5, a5, t3
core   0: 3 0x800043cc (0x03c7dab3) x21 0x00000000
core   0: 0x800043d0 (0x006ad6b3) srl     a3, s5, t1
core   0: 3 0x800043d0 (0x006ad6b3) x13 0x00000000
core   0: 0x800043d4 (0x00384c33) xor     s8, a6, gp
core   0: 3 0x800043d4 (0x00384c33) x24 0x595fdfe2
core   0: 0x800043d8 (0xff2e5103) lhu     sp, -14(t3)
core   0: 3 0x800043d8 (0xff2e5103) x 2 0x00000000 mem 0x800135e2
core   0: 0x800043dc (0x00ce5683) lhu     a3, 12(t3)
core   0: 3 0x800043dc (0x00ce5683) x13 0x00000000 mem 0x800135fc
core   0: 0x800043e0 (0x018e05a3) sb      s8, 11(t3)
core   0: 3 0x800043e0 (0x018e05a3) mem 0x800135fb 0xe2
core   0: 0x800043e4 (0x0000717d) c.addi16sp sp, -16
core   0: 3 0x800043e4 (0x717d) x 2 0xfffffff0
core   0: 0x800043e6 (0x00001dfd) c.addi  s11, -1
core   0: 3 0x800043e6 (0x1dfd) x27 0x80028e63
core   0: 0x800043e8 (0xfebe0da3) sb      a1, -5(t3)
core   0: 3 0x800043e8 (0xfebe0da3) mem 0x800135eb 0x0
core   0: 0x800043ec (0x00ea0633) add     a2, s4, a4
core   0: 3 0x800043ec (0x00ea0633) x12 0x00000000
core   0: 0x800043f0 (0x033e65b3) rem     a1, t3, s3
core   0: 3 0x800043f0 (0x033e65b3) x11 0x800135f0
core   0: 0x800043f4 (0xe6fb4f13) xori    t5, s6, -401
core   0: 3 0x800043f4 (0xe6fb4f13) x30 0xfffffe6f
core   0: 0x800043f8 (0x005e0403) lb      s0, 5(t3)
core   0: 3 0x800043f8 (0x005e0403) x 8 0x00000000 mem 0x800135f5
core   0: 0x800043fc (0x006760b3) or      ra, a4, t1
core   0: 3 0x800043fc (0x006760b3) x 1 0x00000000
core   0: 0x80004400 (0x41a98233) sub     tp, s3, s10
core   0: 3 0x80004400 (0x41a98233) x 4 0x00000000
core   0: 0x80004404 (0x01bf36b3) sltu    a3, t5, s11
core   0: 3 0x80004404 (0x01bf36b3) x13 0x00000000
core   0: 0x80004408 (0x02bee433) rem     s0, t4, a1
core   0: 3 0x80004408 (0x02bee433) x 8 0x00000000
core   0: 0x8000440c (0x01a2d9b3) srl     s3, t0, s10
core   0: 3 0x8000440c (0x01a2d9b3) x19 0x00000000
core   0: 0x80004410 (0xffee5b03) lhu     s6, -2(t3)
core   0: 3 0x80004410 (0xffee5b03) x22 0x00000000 mem 0x800135ee
core   0: 0x80004414 (0x039a8633) mul     a2, s5, s9
core   0: 3 0x80004414 (0x039a8633) x12 0x00000000
core   0: 0x80004418 (0xff4e1303) lh      t1, -12(t3)
core   0: 3 0x80004418 (0xff4e1303) x 6 0x00000000 mem 0x800135e4
core   0: 0x8000441c (0xfe6e0823) sb      t1, -16(t3)
core   0: 3 0x8000441c (0xfe6e0823) mem 0x800135e0 0x0
core   0: 0x80004420 (0x421ab113) sltiu   sp, s5, 1057
core   0: 3 0x80004420 (0x421ab113) x 2 0x00000001
core   0: 0x80004424 (0x00009ebe) c.add   t4, a5
core   0: 3 0x80004424 (0x9ebe) x29 0x00000000
core   0: 0x80004426 (0x0048b7b3) sltu    a5, a7, tp
core   0: 3 0x80004426 (0x0048b7b3) x15 0x00000000
core   0: 0x8000442a (0x002e1e83) lh      t4, 2(t3)
core   0: 3 0x8000442a (0x002e1e83) x29 0x00000000 mem 0x800135f2
core   0: 0x8000442e (0x00006d8d) c.lui   s11, 0x3
core   0: 3 0x8000442e (0x6d8d) x27 0x00003000
core   0: 0x80004430 (0x0339dcb3) divu    s9, s3, s3
core   0: 3 0x80004430 (0x0339dcb3) x25 0xffffffff
core   0: 0x80004434 (0x022c3633) mulhu   a2, s8, sp
core   0: 3 0x80004434 (0x022c3633) x12 0x00000000
core   0: 0x80004438 (0xff5e4003) lbu     zero, -11(t3)
core   0: 3 0x80004438 (0xff5e4003) mem 0x800135e5
core   0: 0x8000443c (0x00012117) auipc   sp, 0x12
core   0: 3 0x8000443c (0x00012117) x 2 0x8001643c
core   0: 0x80004440 (0xcc810113) addi    sp, sp, -824
core   0: 3 0x80004440 (0xcc810113) x 2 0x80016104
core   0: 0x80004444 (0x008101a3) sb      s0, 3(sp)
core   0: 3 0x80004444 (0x008101a3) mem 0x80016107 0x0
core   0: 0x80004448 (0x00acf433) and     s0, s9, a0
core   0: 3 0x80004448 (0x00acf433) x 8 0xfd3e21da
core   0: 0x8000444c (0x00d14c03) lbu     s8, 13(sp)
core   0: 3 0x8000444c (0x00d14c03) x24 0x00000000 mem 0x80016111
core   0: 0x80004450 (0xfe312e23) sw      gp, -4(sp)
core   0: 3 0x80004450 (0xfe312e23) mem 0x80016100 0xa6a02000
core   0: 0x80004454 (0x00008462) c.mv    s0, s8
core   0: 3 0x80004454 (0x8462) x 8 0x00000000
core   0: 0x80004456 (0x5df17713) andi    a4, sp, 1503
core   0: 3 0x80004456 (0x5df17713) x14 0x00000104
core   0: 0x8000445a (0x0000861d) c.srai  a2, 7
core   0: 3 0x8000445a (0x861d) x12 0x00000000
core   0: 0x8000445c (0x01112233) slt     tp, sp, a7
core   0: 3 0x8000445c (0x01112233) x 4 0x00000001
core   0: 0x80004460 (0x00008c51) c.or    s0, a2
core   0: 3 0x80004460 (0x8c51) x 8 0x00000000
core   0: 0x80004462 (0x00004192) c.lwsp  gp, 4(sp)
core   0: 3 0x80004462 (0x4192) x 3 0x00000000 mem 0x80016108
core   0: 0x80004464 (0xfee10923) sb      a4, -14(sp)
core   0: 3 0x80004464 (0xfee10923) mem 0x800160f6 0x4
core   0: 0x80004468 (0x00f14303) lbu     t1, 15(sp)
core   0: 3 0x80004468 (0x00f14303) x 6 0x00000000 mem 0x80016113
core   0: 0x8000446c (0x4105d713) srai    a4, a1, 16
core   0: 3 0x8000446c (0x4105d713) x14 0xffff8001
core   0: 0x80004470 (0x2feec197) auipc   gp, 0x2feec
core   0: 3 0x80004470 (0x2feec197) x 3 0xafef0470
core   0: 0x80004474 (0x00008dbd) c.xor   a1, a5
core   0: 3 0x80004474 (0x8dbd) x11 0x800135f0
core   0: 0x80004476 (0x00910b03) lb      s6, 9(sp)
core   0: 3 0x80004476 (0x00910b03) x22 0x00000000 mem 0x8001610d
core   0: 0x8000447a (0x00710b83) lb      s7, 7(sp)
core   0: 3 0x8000447a (0x00710b83) x23 0x00000000 mem 0x8001610b
core   0: 0x8000447e (0x0000041e) c.slli  s0, 7
core   0: 3 0x8000447e (0x041e) x 8 0x00000000
core   0: 0x80004480 (0x41830a33) sub     s4, t1, s8
core   0: 3 0x80004480 (0x41830a33) x20 0x00000000
core   0: 0x80004484 (0x01011123) sh      a6, 2(sp)
core   0: 3 0x80004484 (0x01011123) mem 0x80016106 0xffe2
core   0: 0x80004488 (0x034d9d33) mulh    s10, s11, s4
core   0: 3 0x80004488 (0x034d9d33) x26 0x00000000
core   0: 0x8000448c (0x00db7733) and     a4, s6, a3
core   0: 3 0x8000448c (0x00db7733) x14 0x00000000
core   0: 0x80004490 (0xffe108a3) sb      t5, -15(sp)
core   0: 3 0x80004490 (0xffe108a3) mem 0x800160f5 0x6f
core   0: 0x80004494 (0xbb05e293) ori     t0, a1, -1104
core   0: 3 0x80004494 (0xbb05e293) x 5 0xfffffff0
core   0: 0x80004498 (0x00004342) c.lwsp  t1, 16(sp)
core   0: 3 0x80004498 (0x4342) x 6 0x00000000 mem 0x80016114
core   0: 0x8000449a (0x00008735) c.srai  a4, 13
core   0: 3 0x8000449a (0x8735) x14 0x00000000
core   0: 0x8000449c (0x00914c03) lbu     s8, 9(sp)
core   0: 3 0x8000449c (0x00914c03) x24 0x00000000 mem 0x8001610d
core   0: 0x800044a0 (0xc639ef93) ori     t6, s3, -925
core   0: 3 0x800044a0 (0xc639ef93) x31 0xfffffc63
core   0: 0x800044a4 (0x88d98893) addi    a7, s3, -1907
core   0: 3 0x800044a4 (0x88d98893) x17 0xfffff88d
core   0: 0x800044a8 (0x76c8c713) xori    a4, a7, 1900
core   0: 3 0x800044a8 (0x76c8c713) x14 0xffffffe1
core   0: 0x800044ac (0x00dc5293) srli    t0, s8, 13
core   0: 3 0x800044ac (0x00dc5293) x 5 0x00000000
core   0: 0x800044b0 (0x000f2633) slt     a2, t5, zero
core   0: 3 0x800044b0 (0x000f2633) x12 0x00000001
core   0: 0x800044b4 (0x0247b433) mulhu   s0, a5, tp
core   0: 3 0x800044b4 (0x0247b433) x 8 0x00000000
core   0: 0x800044b8 (0x442fa693) slti    a3, t6, 1090
core   0: 3 0x800044b8 (0x442fa693) x13 0x00000001
core   0: 0x800044bc (0x023fe833) rem     a6, t6, gp
core   0: 3 0x800044bc (0x023fe833) x16 0xfffffc63
core   0: 0x800044c0 (0xffc14403) lbu     s0, -4(sp)
core   0: 3 0x800044c0 (0xffc14403) x 8 0x00000000 mem 0x80016100
core   0: 0x800044c4 (0x00018117) auipc   sp, 0x18
core   0: 3 0x800044c4 (0x00018117) x 2 0x8001c4c4
core   0: 0x800044c8 (0xc3010113) addi    sp, sp, -976
core   0: 3 0x800044c8 (0xc3010113) x 2 0x8001c0f4
core   0: 0x800044cc (0x0186be33) sltu    t3, a3, s8
core   0: 3 0x800044cc (0x0186be33) x28 0x00000000
core   0: 0x800044d0 (0x0ff0000f) fence   iorw,iorw
core   0: 3 0x800044d0 (0x0ff0000f)
core   0: 0x800044d4 (0x00008ebd) c.xor   a3, a5
core   0: 3 0x800044d4 (0x8ebd) x13 0x00000001
core   0: 0x800044d6 (0x005c22b3) slt     t0, s8, t0
core   0: 3 0x800044d6 (0x005c22b3) x 5 0x00000000
core   0: 0x800044da (0x01696bb3) or      s7, s2, s6
core   0: 3 0x800044da (0x01696bb3) x23 0x8002cce4
core   0: 0x800044de (0x03aa91b3) mulh    gp, s5, s10
core   0: 3 0x800044de (0x03aa91b3) x 3 0x00000000
core   0: 0x800044e2 (0xfd412f03) lw      t5, -44(sp)
core   0: 3 0x800044e2 (0xfd412f03) x30 0x00000000 mem 0x8001c0c8
core   0: 0x800044e6 (0x000000da) c.slli  ra, 22
core   0: 3 0x800044e6 (0x00da) x 1 0x00000000
core   0: 0x800044e8 (0x00acddb3) srl     s11, s9, a0
core   0: 3 0x800044e8 (0x00acddb3) x27 0x0000003f
core   0: 0x800044ec (0xfd214183) lbu     gp, -46(sp)
core   0: 3 0x800044ec (0xfd214183) x 3 0x00000000 mem 0x8001c0c6
core   0: 0x800044f0 (0x00008676) c.mv    a2, t4
core   0: 3 0x800044f0 (0x8676) x12 0x00000000
core   0: 0x800044f2 (0x0ff0000f) fence   iorw,iorw
core   0: 3 0x800044f2 (0x0ff0000f)
core   0: 0x800044f6 (0x00314d03) lbu     s10, 3(sp)
core   0: 3 0x800044f6 (0x00314d03) x26 0x00000000 mem 0x8001c0f7
core   0: 0x800044fa (0x00210003) lb      zero, 2(sp)
core   0: 3 0x800044fa (0x00210003) mem 0x8001c0f6
core   0: 0x800044fe (0x0335a433) mulhsu  s0, a1, s3
core   0: 3 0x800044fe (0x0335a433) x 8 0x00000000
core   0: 0x80004502 (0x031e0033) mul     zero, t3, a7
core   0: 3 0x80004502 (0x031e0033)
core   0: 0x80004506 (0xfd6101a3) sb      s6, -61(sp)
core   0: 3 0x80004506 (0xfd6101a3) mem 0x8001c0b7 0x0
core   0: 0x8000450a (0x0000d47e) c.swsp  t6, 40(sp)
core   0: 3 0x8000450a (0xd47e) mem 0x8001c11c 0xfffffc63
core   0: 0x8000450c (0xff412703) lw      a4, -12(sp)
core   0: 3 0x8000450c (0xff412703) x14 0x00000000 mem 0x8001c0e8
core   0: 0x80004510 (0xe9a40697) auipc   a3, 0xe9a40
core   0: 3 0x80004510 (0xe9a40697) x13 0x69a44510
core   0: 0x80004514 (0xfdf10ba3) sb      t6, -41(sp)
core   0: 3 0x80004514 (0xfdf10ba3) mem 0x8001c0cb 0x63
core   0: 0x80004518 (0x00008255) c.srli  a2, 21
core   0: 3 0x80004518 (0x8255) x12 0x00000000
core   0: 0x8000451a (0x03c05fb3) divu    t6, zero, t3
core   0: 3 0x8000451a (0x03c05fb3) x31 0xffffffff
core   0: 0x8000451e (0x01314b83) lbu     s7, 19(sp)
core   0: 3 0x8000451e (0x01314b83) x23 0x00000000 mem 0x8001c107
core   0: 0x80004522 (0xfe110923) sb      ra, -14(sp)
core   0: 3 0x80004522 (0xfe110923) mem 0x8001c0e6 0x0
core   0: 0x80004526 (0x8e454a93) xori    s5, a0, -1820
core   0: 3 0x80004526 (0x8e454a93) x21 0x02c1d93e
core   0: 0x8000452a (0x0000527d) c.li    tp, -1
core   0: 3 0x8000452a (0x527d) x 4 0xffffffff
core   0: 0x8000452c (0x00bae5b3) or      a1, s5, a1
core   0: 3 0x8000452c (0x00bae5b3) x11 0x82c1fdfe
core   0: 0x80004530 (0x00910703) lb      a4, 9(sp)
core   0: 3 0x80004530 (0x00910703) x14 0x00000000 mem 0x8001c0fd
core   0: 0x80004534 (0x000082d2) c.mv    t0, s4
core   0: 3 0x80004534 (0x82d2) x 5 0x00000000
core   0: 0x80004536 (0x015565b3) or      a1, a0, s5
core   0: 3 0x80004536 (0x015565b3) x11 0xfffff9fe
core   0: 0x8000453a (0x035d8db3) mul     s11, s11, s5
core   0: 3 0x8000453a (0x035d8db3) x27 0xadb47642
core   0: 0x8000453e (0x023cd7b3) divu    a5, s9, gp
core   0: 3 0x8000453e (0x023cd7b3) x15 0xffffffff
core   0: 0x80004542 (0x026e79b3) remu    s3, t3, t1
core   0: 3 0x80004542 (0x026e79b3) x19 0x00000000
core   0: 0x80004546 (0x02803333) mulhu   t1, zero, s0
core   0: 3 0x80004546 (0x02803333) x 6 0x00000000
core   0: 0x8000454a (0xfd810583) lb      a1, -40(sp)
core   0: 3 0x8000454a (0xfd810583) x11 0x00000000 mem 0x8001c0cc
core   0: 0x8000454e (0x02a50b33) mul     s6, a0, a0
core   0: 3 0x8000454e (0x02a50b33) x22 0x4e11eda4
core   0: 0x80004552 (0x000003ea) c.slli  t2, 26
core   0: 3 0x80004552 (0x03ea) x 7 0x00000000
core   0: 0x80004554 (0x0000100f) fence.i
core   0: 3 0x80004554 (0x0000100f)
core   0: 0x80004558 (0x0000de46) c.swsp  a7, 60(sp)
core   0: 3 0x80004558 (0xde46) mem 0x8001c130 0xfffff88d
core   0: 0x8000455a (0x01a15783) lhu     a5, 26(sp)
core   0: 3 0x8000455a (0x01a15783) x15 0x00000000 mem 0x8001c10e
core   0: 0x8000455e (0xffd14583) lbu     a1, -3(sp)
core   0: 3 0x8000455e (0xffd14583) x11 0x00000000 mem 0x8001c0f1
core   0: 0x80004562 (0x02657b33) remu    s6, a0, t1
core   0: 3 0x80004562 (0x02657b33) x22 0xfd3e21da
core   0: 0x80004566 (0x02e10323) sb      a4, 38(sp)
core   0: 3 0x80004566 (0x02e10323) mem 0x8001c11a 0x0
core   0: 0x8000456a (0x0000f117) auipc   sp, 0xf
core   0: 3 0x8000456a (0x0000f117) x 2 0x8001356a
core   0: 0x8000456e (0xd5910113) addi    sp, sp, -679
core   0: 3 0x8000456e (0xd5910113) x 2 0x800132c3
core   0: 0x80004572 (0x03114183) lbu     gp, 49(sp)
core   0: 3 0x80004572 (0x03114183) x 3 0x00000000 mem 0x800132f4
core   0: 0x80004576 (0xfd410f83) lb      t6, -44(sp)
core   0: 3 0x80004576 (0xfd410f83) x31 0x00000000 mem 0x80013297
core   0: 0x8000457a (0x00781f93) slli    t6, a6, 7
core   0: 3 0x8000457a (0x00781f93) x31 0xfffe3180
core   0: 0x8000457e (0xfdd10a23) sb      t4, -44(sp)
core   0: 3 0x8000457e (0xfdd10a23) mem 0x80013297 0x0
core   0: 0x80004582 (0xfd414203) lbu     tp, -44(sp)
core   0: 3 0x80004582 (0xfd414203) x 4 0x00000000 mem 0x80013297
core   0: 0x80004586 (0xfea10fa3) sb      a0, -1(sp)
core   0: 3 0x80004586 (0xfea10fa3) mem 0x800132c2 0xda
core   0: 0x8000458a (0xfff11f83) lh      t6, -1(sp)
core   0: 3 0x8000458a (0xfff11f83) x31 0x000000da mem 0x800132c2
core   0: 0x8000458e (0x00da4433) xor     s0, s4, a3
core   0: 3 0x8000458e (0x00da4433) x 8 0x69a44510
core   0: 0x80004592 (0xfff15d83) lhu     s11, -1(sp)
core   0: 3 0x80004592 (0xfff15d83) x27 0x000000da mem 0x800132c2
core   0: 0x80004596 (0x0194d093) srli    ra, s1, 25
core   0: 3 0x80004596 (0x0194d093) x 1 0x00000040
core   0: 0x8000459a (0xfe310c23) sb      gp, -8(sp)
core   0: 3 0x8000459a (0xfe310c23) mem 0x800132bb 0x0
core   0: 0x8000459e (0xfed10c23) sb      a3, -8(sp)
core   0: 3 0x8000459e (0xfed10c23) mem 0x800132bb 0x10
core   0: 0x800045a2 (0xff814e83) lbu     t4, -8(sp)
core   0: 3 0x800045a2 (0xff814e83) x29 0x00000010 mem 0x800132bb
core   0: 0x800045a6 (0xfe110c23) sb      ra, -8(sp)
core   0: 3 0x800045a6 (0xfe110c23) mem 0x800132bb 0x40
core   0: 0x800045aa (0xff814683) lbu     a3, -8(sp)
core   0: 3 0x800045aa (0xff814683) x13 0x00000040 mem 0x800132bb
core   0: 0x800045ae (0x0000fb97) auipc   s7, 0xf
core   0: 3 0x800045ae (0x0000fb97) x23 0x800135ae
core   0: 0x800045b2 (0x5aeb8b93) addi    s7, s7, 1454
core   0: 3 0x800045b2 (0x5aeb8b93) x23 0x80013b5c
core   0: 0x800045b6 (0xffdbcd83) lbu     s11, -3(s7)
core   0: 3 0x800045b6 (0xffdbcd83) x27 0x00000000 mem 0x80013b59
core   0: 0x800045ba (0x0269f8b3) remu    a7, s3, t1
core   0: 3 0x800045ba (0x0269f8b3) x17 0x00000000
core   0: 0x800045be (0x00008f79) c.and   a4, a4
core   0: 3 0x800045be (0x8f79) x14 0x00000000
core   0: 0x800045c0 (0x0231aeb3) mulhsu  t4, gp, gp
core   0: 3 0x800045c0 (0x0231aeb3) x29 0x00000000
core   0: 0x800045c4 (0x00dbcf03) lbu     t5, 13(s7)
core   0: 3 0x800045c4 (0x00dbcf03) x30 0x00000000 mem 0x80013b69
core   0: 0x800045c8 (0x0ff0000f) fence   iorw,iorw
core   0: 3 0x800045c8 (0x0ff0000f)
core   0: 0x800045cc (0x00006111) c.addi16sp sp, 256
core   0: 3 0x800045cc (0x6111) x 2 0x800133c3
core   0: 0x800045ce (0xff9bce03) lbu     t3, -7(s7)
core   0: 3 0x800045ce (0xff9bce03) x28 0x00000000 mem 0x80013b55
core   0: 0x800045d2 (0x001b8e83) lb      t4, 1(s7)
core   0: 3 0x800045d2 (0x001b8e83) x29 0x00000000 mem 0x80013b5d
core   0: 0x800045d6 (0xffdb8a23) sb      t4, -12(s7)
core   0: 3 0x800045d6 (0xffdb8a23) mem 0x80013b50 0x0
core   0: 0x800045da (0x00009fce) c.add   t6, s3
core   0: 3 0x800045da (0x9fce) x31 0x000000da
core   0: 0x800045dc (0x403dda93) srai    s5, s11, 3
core   0: 3 0x800045dc (0x403dda93) x21 0x00000000
core   0: 0x800045e0 (0x000b8383) lb      t2, 0(s7)
core   0: 3 0x800045e0 (0x000b8383) x 7 0x00000000 mem 0x80013b5c
core   0: 0x800045e4 (0x008b9103) lh      sp, 8(s7)
core   0: 3 0x800045e4 (0x008b9103) x 2 0x00000000 mem 0x80013b64
core   0: 0x800045e8 (0x4089d633) sra     a2, s3, s0
core   0: 3 0x800045e8 (0x4089d633) x12 0x00000000
core   0: 0x800045ec (0x009b8823) sb      s1, 16(s7)
core   0: 3 0x800045ec (0x009b8823) mem 0x80013b6c 0x64
core   0: 0x800045f0 (0x005bcc03) lbu     s8, 5(s7)
core   0: 3 0x800045f0 (0x005bcc03) x24 0x00000000 mem 0x80013b61
core   0: 0x800045f4 (0x00111db3) sll     s11, sp, ra
core   0: 3 0x800045f4 (0x00111db3) x27 0x00000000
core   0: 0x800045f8 (0x000b83a3) sb      zero, 7(s7)
core   0: 3 0x800045f8 (0x000b83a3) mem 0x80013b63 0x0
core   0: 0x800045fc (0x00008fa1) c.xor   a5, s0
core   0: 3 0x800045fc (0x8fa1) x15 0x69a44510
core   0: 0x800045fe (0x00000001) c.nop
core   0: 3 0x800045fe (0x0001)
core   0: 0x80004600 (0xfe5b8aa3) sb      t0, -11(s7)
core   0: 3 0x80004600 (0xfe5b8aa3) mem 0x80013b51 0x0
core   0: 0x80004604 (0x00bbc103) lbu     sp, 11(s7)
core   0: 3 0x80004604 (0x00bbc103) x 2 0x00000000 mem 0x80013b67
core   0: 0x80004608 (0x020c12b3) mulh    t0, s8, zero
core   0: 3 0x80004608 (0x020c12b3) x 5 0x00000000
core   0: 0x8000460c (0x004b9e03) lh      t3, 4(s7)
core   0: 3 0x8000460c (0x004b9e03) x28 0x00000000 mem 0x80013b60
core   0: 0x80004610 (0x0000f197) auipc   gp, 0xf
core   0: 3 0x80004610 (0x0000f197) x 3 0x80013610
core   0: 0x80004614 (0xf5018193) addi    gp, gp, -176
core   0: 3 0x80004614 (0xf5018193) x 3 0x80013560
core   0: 0x80004618 (0x0ee18b03) lb      s6, 238(gp)
core   0: 3 0x80004618 (0x0ee18b03) x22 0x00000000 mem 0x8001364e
core   0: 0x8000461c (0x00008f61) c.and   a4, s0
core   0: 3 0x8000461c (0x8f61) x14 0x00000000
core   0: 0x8000461e (0xfa01a603) lw      a2, -96(gp)
core   0: 3 0x8000461e (0xfa01a603) x12 0x00000001 mem 0x80013500
core   0: 0x80004622 (0x00a01db3) sll     s11, zero, a0
core   0: 3 0x80004622 (0x00a01db3) x27 0x00000000
core   0: 0x80004626 (0xf5c1de83) lhu     t4, -164(gp)
core   0: 3 0x80004626 (0xf5c1de83) x29 0x00000000 mem 0x800134bc
core   0: 0x8000462a (0x00000001) c.nop
core   0: 3 0x8000462a (0x0001)
core   0: 0x8000462c (0x00000100) c.addi4spn s0, sp, 128
core   0: 3 0x8000462c (0x0100) x 8 0x00000080
core   0: 0x8000462e (0x089186a3) sb      s1, 141(gp)
core   0: 3 0x8000462e (0x089186a3) mem 0x800135ed 0x64
core   0: 0x80004632 (0x07d18aa3) sb      t4, 117(gp)
core   0: 3 0x80004632 (0x07d18aa3) mem 0x800135d5 0x0
core   0: 0x80004636 (0xf1218e23) sb      s2, -228(gp)
core   0: 3 0x80004636 (0xf1218e23) mem 0x8001347c 0xe4
core   0: 0x8000463a (0xf4c184a3) sb      a2, -183(gp)
core   0: 3 0x8000463a (0xf4c184a3) mem 0x800134a9 0x1
core   0: 0x8000463e (0xfc819123) sh      s0, -62(gp)
core   0: 3 0x8000463e (0xfc819123) mem 0x80013522 0x0080
core   0: 0x80004642 (0xf761de03) lhu     t3, -138(gp)
core   0: 3 0x80004642 (0xf761de03) x28 0x00000000 mem 0x800134d6
core   0: 0x80004646 (0xf1b18a83) lb      s5, -229(gp)
core   0: 3 0x80004646 (0xf1b18a83) x21 0x00000000 mem 0x8001347b
core   0: 0x8000464a (0x0310ab33) mulhsu  s6, ra, a7
core   0: 3 0x8000464a (0x0310ab33) x22 0x00000000
core   0: 0x8000464e (0x0661cc83) lbu     s9, 102(gp)
core   0: 3 0x8000464e (0x0661cc83) x25 0x00000000 mem 0x800135c6
core   0: 0x80004652 (0x02830333) mul     t1, t1, s0
core   0: 3 0x80004652 (0x02830333) x 6 0x00000000
core   0: 0x80004656 (0xf611c583) lbu     a1, -159(gp)
core   0: 3 0x80004656 (0xf611c583) x11 0x00000000 mem 0x800134c1
core   0: 0x8000465a (0xf891c983) lbu     s3, -119(gp)
core   0: 3 0x8000465a (0xf891c983) x19 0x00000000 mem 0x800134e9
core   0: 0x8000465e (0x00f1ac33) slt     s8, gp, a5
core   0: 3 0x8000465e (0x00f1ac33) x24 0x00000001
core   0: 0x80004662 (0x09c19383) lh      t2, 156(gp)
core   0: 3 0x80004662 (0x09c19383) x 7 0x00000000 mem 0x800135fc
core   0: 0x80004666 (0x081189a3) sb      ra, 147(gp)
core   0: 3 0x80004666 (0x081189a3) mem 0x800135f3 0x40
core   0: 0x8000466a (0xfdb1c583) lbu     a1, -37(gp)
core   0: 3 0x8000466a (0xfdb1c583) x11 0x00000000 mem 0x8001353b
core   0: 0x8000466e (0xf0803897) auipc   a7, 0xf0803
core   0: 3 0x8000466e (0xf0803897) x17 0x7080766e
core   0: 0x80004672 (0x0381c103) lbu     sp, 56(gp)
core   0: 3 0x80004672 (0x0381c103) x 2 0x00000000 mem 0x80013598
core   0: 0x80004676 (0x035ecdb3) div     s11, t4, s5
core   0: 3 0x80004676 (0x035ecdb3) x27 0xffffffff
core   0: 0x8000467a (0xf9118ea3) sb      a7, -99(gp)
core   0: 3 0x8000467a (0xf9118ea3) mem 0x800134fd 0x6e
core   0: 0x8000467e (0x00008455) c.srai  s0, 21
core   0: 3 0x8000467e (0x8455) x 8 0x00000000
core   0: 0x80004680 (0xf4819123) sh      s0, -190(gp)
core   0: 3 0x80004680 (0xf4819123) mem 0x800134a2 0x0000
core   0: 0x80004684 (0x40e6d893) srai    a7, a3, 14
core   0: 3 0x80004684 (0x40e6d893) x17 0x00000000
core   0: 0x80004688 (0x0dd18983) lb      s3, 221(gp)
core   0: 3 0x80004688 (0x0dd18983) x19 0x00000000 mem 0x8001363d
core   0: 0x8000468c (0xf6d18623) sb      a3, -148(gp)
core   0: 3 0x8000468c (0xf6d18623) mem 0x800134cc 0x40
core   0: 0x80004690 (0x0e5185a3) sb      t0, 235(gp)
core   0: 3 0x80004690 (0x0e5185a3) mem 0x8001364b 0x0
core   0: 0x80004694 (0xf4d1c683) lbu     a3, -179(gp)
core   0: 3 0x80004694 (0xf4d1c683) x13 0x00000000 mem 0x800134ad
core   0: 0x80004698 (0x02b19d23) sh      a1, 58(gp)
core   0: 3 0x80004698 (0x02b19d23) mem 0x8001359a 0x0000
core   0: 0x8000469c (0x00008311) c.srli  a4, 4
core   0: 3 0x8000469c (0x8311) x14 0x00000000
core   0: 0x8000469e (0x01ac5633) srl     a2, s8, s10
core   0: 3 0x8000469e (0x01ac5633) x12 0x00000001
core   0: 0x800046a2 (0xf91189a3) sb      a7, -109(gp)
core   0: 3 0x800046a2 (0xf91189a3) mem 0x800134f3 0x0
core   0: 0x800046a6 (0x01b045b3) xor     a1, zero, s11
core   0: 3 0x800046a6 (0x01b045b3) x11 0xffffffff
core   0: 0x800046aa (0xfce18103) lb      sp, -50(gp)
core   0: 3 0x800046aa (0xfce18103) x 2 0xffffffeb mem 0x8001352e
core   0: 0x800046ae (0x07918283) lb      t0, 121(gp)
core   0: 3 0x800046ae (0x07918283) x 5 0x00000000 mem 0x800135d9
core   0: 0x800046b2 (0x01492b33) slt     s6, s2, s4
core   0: 3 0x800046b2 (0x01492b33) x22 0x00000001
core   0: 0x800046b6 (0x00961313) slli    t1, a2, 9
core   0: 3 0x800046b6 (0x00961313) x 6 0x00000200
core   0: 0x800046ba (0xf851c603) lbu     a2, -123(gp)
core   0: 3 0x800046ba (0xf851c603) x12 0x00000000 mem 0x800134e5
core   0: 0x800046be (0x00021133) sll     sp, tp, zero
core   0: 3 0x800046be (0x00021133) x 2 0x00000000
core   0: 0x800046c2 (0x033e7833) remu    a6, t3, s3
core   0: 3 0x800046c2 (0x033e7833) x16 0x00000000
core   0: 0x800046c6 (0x00008ec1) c.or    a3, s0
core   0: 3 0x800046c6 (0x8ec1) x13 0x00000000
core   0: 0x800046c8 (0x05318883) lb      a7, 83(gp)
core   0: 3 0x800046c8 (0x05318883) x17 0x00000000 mem 0x800135b3
core   0: 0x800046cc (0x0001b317) auipc   t1, 0x1b
core   0: 3 0x800046cc (0x0001b317) x 6 0x8001f6cc
core   0: 0x800046d0 (0x82a30313) addi    t1, t1, -2006
core   0: 3 0x800046d0 (0x82a30313) x 6 0x8001eef6
core   0: 0x800046d4 (0x00008f99) c.sub   a5, a4
core   0: 3 0x800046d4 (0x8f99) x15 0x69a44510
core   0: 0x800046d6 (0xfaf30e83) lb      t4, -81(t1)
core   0: 3 0x800046d6 (0xfaf30e83) x29 0x00000000 mem 0x8001eea5
core   0: 0x800046da (0x000046ed) c.li    a3, 27
core   0: 3 0x800046da (0x46ed) x13 0x0000001b
core   0: 0x800046dc (0x000043ed) c.li    t2, 27
core   0: 3 0x800046dc (0x43ed) x 7 0x0000001b
core   0: 0x800046de (0x02136233) rem     tp, t1, ra
core   0: 3 0x800046de (0x02136233) x 4 0xfffffff6
core   0: 0x800046e2 (0x00008e2d) c.xor   a2, a1
core   0: 3 0x800046e2 (0x8e2d) x12 0xffffffff
core   0: 0x800046e4 (0x09130d83) lb      s11, 145(t1)
core   0: 3 0x800046e4 (0x09130d83) x27 0x00000000 mem 0x8001ef87
core   0: 0x800046e8 (0x08835883) lhu     a7, 136(t1)
core   0: 3 0x800046e8 (0x08835883) x17 0x00000000 mem 0x8001ef7e
core   0: 0x800046ec (0xf8930ea3) sb      s1, -99(t1)
core   0: 3 0x800046ec (0xf8930ea3) mem 0x8001ee93 0x64
core   0: 0x800046f0 (0x66b03d13) sltiu   s10, zero, 1643
core   0: 3 0x800046f0 (0x66b03d13) x26 0x00000001
core   0: 0x800046f4 (0x0214e1b3) rem     gp, s1, ra
core   0: 3 0x800046f4 (0x0214e1b3) x 3 0xffffffe4
core   0: 0x800046f8 (0xf1730c03) lb      s8, -233(t1)
core   0: 3 0x800046f8 (0xf1730c03) x24 0x00000000 mem 0x8001ee0d
core   0: 0x800046fc (0x4132d3b3) sra     t2, t0, s3
core   0: 3 0x800046fc (0x4132d3b3) x 7 0x00000000
core   0: 0x80004700 (0xf3f34e83) lbu     t4, -193(t1)
core   0: 3 0x80004700 (0xf3f34e83) x29 0x00000000 mem 0x8001ee35
core   0: 0x80004704 (0x00006141) c.addi16sp sp, 16
core   0: 3 0x80004704 (0x6141) x 2 0x00000010
core   0: 0x80004706 (0x00008fba) c.mv    t6, a4
core   0: 3 0x80004706 (0x8fba) x31 0x00000000
core   0: 0x80004708 (0x4000d193) srai    gp, ra, 0
core   0: 3 0x80004708 (0x4000d193) x 3 0x00000040
core   0: 0x8000470c (0xf8a35d03) lhu     s10, -118(t1)
core   0: 3 0x8000470c (0xf8a35d03) x26 0x00000000 mem 0x8001ee80
core   0: 0x80004710 (0xfa4308a3) sb      tp, -79(t1)
core   0: 3 0x80004710 (0xfa4308a3) mem 0x8001eea7 0xf6
core   0: 0x80004714 (0x0e930f03) lb      t5, 233(t1)
core   0: 3 0x80004714 (0x0e930f03) x30 0x00000000 mem 0x8001efdf
core   0: 0x80004718 (0xf6835d83) lhu     s11, -152(t1)
core   0: 3 0x80004718 (0xf6835d83) x27 0x00000000 mem 0x8001ee5e
core   0: 0x8000471c (0xfe934003) lbu     zero, -23(t1)
core   0: 3 0x8000471c (0xfe934003) mem 0x8001eedf
core   0: 0x80004720 (0x01ff4733) xor     a4, t5, t6
core   0: 3 0x80004720 (0x01ff4733) x14 0x00000000
core   0: 0x80004724 (0x00006179) c.addi16sp sp, 464
core   0: 3 0x80004724 (0x6179) x 2 0x000001e0
core   0: 0x80004726 (0xf6331e23) sh      gp, -132(t1)
core   0: 3 0x80004726 (0xf6331e23) mem 0x8001ee72 0x0040
core   0: 0x8000472a (0x64357893) andi    a7, a0, 1603
core   0: 3 0x8000472a (0x64357893) x17 0x00000042
core   0: 0x8000472e (0x02a82cb3) mulhsu  s9, a6, a0
core   0: 3 0x8000472e (0x02a82cb3) x25 0x00000000
core   0: 0x80004732 (0xf6c31923) sh      a2, -142(t1)
core   0: 3 0x80004732 (0xf6c31923) mem 0x8001ee68 0xffff
core   0: 0x80004736 (0xf1f18f13) addi    t5, gp, -225
core   0: 3 0x80004736 (0xf1f18f13) x30 0xffffff5f
core   0: 0x8000473a (0xfe632e83) lw      t4, -26(t1)
core   0: 3 0x8000473a (0xfe632e83) x29 0x00000000 mem 0x8001eedc
core   0: 0x8000473e (0xf2231d03) lh      s10, -222(t1)
core   0: 3 0x8000473e (0xf2231d03) x26 0x00000000 mem 0x8001ee18
core   0: 0x80004742 (0xfac34583) lbu     a1, -84(t1)
core   0: 3 0x80004742 (0xfac34583) x11 0x00000000 mem 0x8001eea2
core   0: 0x80004746 (0x01d52bb3) slt     s7, a0, t4
core   0: 3 0x80004746 (0x01d52bb3) x23 0x00000001
core   0: 0x8000474a (0x03210eb7) lui     t4, 0x3210
core   0: 3 0x8000474a (0x03210eb7) x29 0x03210000
core   0: 0x8000474e (0x0306f5b3) remu    a1, a3, a6
core   0: 3 0x8000474e (0x0306f5b3) x11 0x0000001b
core   0: 0x80004752 (0xfb434803) lbu     a6, -76(t1)
core   0: 3 0x80004752 (0xfb434803) x16 0x00000000 mem 0x8001eeaa
core   0: 0x80004756 (0x03843e33) mulhu   t3, s0, s8
core   0: 3 0x80004756 (0x03843e33) x28 0x00000000
core   0: 0x8000475a (0x03e167b3) rem     a5, sp, t5
core   0: 3 0x8000475a (0x03e167b3) x15 0x0000009e
core   0: 0x8000475e (0x00008c69) c.and   s0, a0
core   0: 3 0x8000475e (0x8c69) x 8 0x00000000
core   0: 0x80004760 (0x00251eb3) sll     t4, a0, sp
core   0: 3 0x80004760 (0x00251eb3) x29 0xfd3e21da
core   0: 0x80004764 (0xfa230aa3) sb      sp, -75(t1)
core   0: 3 0x80004764 (0xfa230aa3) mem 0x8001eeab 0xe0
core   0: 0x80004768 (0x0c334c03) lbu     s8, 195(t1)
core   0: 3 0x80004768 (0x0c334c03) x24 0x00000000 mem 0x8001efb9
core   0: 0x8000476c (0x7f387b13) andi    s6, a6, 2035
core   0: 3 0x8000476c (0x7f387b13) x22 0x00000000
core   0: 0x80004770 (0xf9e31f23) sh      t5, -98(t1)
core   0: 3 0x80004770 (0xf9e31f23) mem 0x8001ee94 0xff5f
core   0: 0x80004774 (0x40d55293) srai    t0, a0, 13
core   0: 3 0x80004774 (0x40d55293) x 5 0xffffe9f1
core   0: 0x80004778 (0x00cf9a93) slli    s5, t6, 12
core   0: 3 0x80004778 (0x00cf9a93) x21 0x00000000
core   0: 0x8000477c (0x0ca31c23) sh      a0, 216(t1)
core   0: 3 0x8000477c (0x0ca31c23) mem 0x8001efce 0x21da
core   0: 0x80004780 (0x00134003) lbu     zero, 1(t1)
core   0: 3 0x80004780 (0x00134003) mem 0x8001eef7
core   0: 0x80004784 (0x0fb30383) lb      t2, 251(t1)
core   0: 3 0x80004784 (0x0fb30383) x 7 0x00000000 mem 0x8001eff1
core   0: 0x80004788 (0xf4632123) sw      t1, -190(t1)
core   0: 3 0x80004788 (0xf4632123) mem 0x8001ee38 0x8001eef6
core   0: 0x8000478c (0xff632803) lw      a6, -10(t1)
core   0: 3 0x8000478c (0xff632803) x16 0x00000000 mem 0x8001eeec
core   0: 0x80004790 (0xf64307a3) sb      tp, -145(t1)
core   0: 3 0x80004790 (0xf64307a3) mem 0x8001ee65 0xf6
core   0: 0x80004794 (0x07830d83) lb      s11, 120(t1)
core   0: 3 0x80004794 (0x07830d83) x27 0x00000000 mem 0x8001ef6e
core   0: 0x80004798 (0x00018697) auipc   a3, 0x18
core   0: 3 0x80004798 (0x00018697) x13 0x8001c798
core   0: 0x8000479c (0xcca68693) addi    a3, a3, -822
core   0: 3 0x8000479c (0xcca68693) x13 0x8001c462
core   0: 0x800047a0 (0x0000f097) auipc   ra, 0xf
core   0: 3 0x800047a0 (0x0000f097) x 1 0x800137a0
core   0: 0x800047a4 (0x0cb08093) addi    ra, ra, 203
core   0: 3 0x800047a4 (0x0cb08093) x 1 0x8001386b
core   0: 0x800047a8 (0x02a6a723) sw      a0, 46(a3)
core   0: 3 0x800047a8 (0x02a6a723) mem 0x8001c490 0xfd3e21da
core   0: 0x800047ac (0x08069c03) lh      s8, 128(a3)
core   0: 3 0x800047ac (0x08069c03) x24 0x00000000 mem 0x8001c4e2
core   0: 0x800047b0 (0x34e08183) lb      gp, 846(ra)
core   0: 3 0x800047b0 (0x34e08183) x 3 0x00000021 mem 0x80013bb9
core   0: 0x800047b4 (0xf7668c83) lb      s9, -138(a3)
core   0: 3 0x800047b4 (0xf7668c83) x25 0x00000000 mem 0x8001c3d8
core   0: 0x800047b8 (0x0bf68b03) lb      s6, 191(a3)
core   0: 3 0x800047b8 (0x0bf68b03) x22 0x00000000 mem 0x8001c521
core   0: 0x800047bc (0x1d408203) lb      tp, 468(ra)
core   0: 3 0x800047bc (0x1d408203) x 4 0x00000000 mem 0x80013a3f
core   0: 0x800047c0 (0x03669e03) lh      t3, 54(a3)
core   0: 3 0x800047c0 (0x03669e03) x28 0x00000000 mem 0x8001c498
core   0: 0x800047c4 (0x810097a3) sh      a6, -2033(ra)
core   0: 3 0x800047c4 (0x810097a3) mem 0x8001307a 0x0000
core   0: 0x800047c8 (0x058685a3) sb      s8, 75(a3)
core   0: 3 0x800047c8 (0x058685a3) mem 0x8001c4ad 0x0
core   0: 0x800047cc (0x83a0c403) lbu     s0, -1990(ra)
core   0: 3 0x800047cc (0x83a0c403) x 8 0x00000000 mem 0x800130a5
core   0: 0x800047d0 (0xfa568f83) lb      t6, -91(a3)
core   0: 3 0x800047d0 (0xfa568f83) x31 0x00000000 mem 0x8001c407
core   0: 0x800047d4 (0x20a08d03) lb      s10, 522(ra)
core   0: 3 0x800047d4 (0x20a08d03) x26 0x00000000 mem 0x80013a75
core   0: 0x800047d8 (0x7580c783) lbu     a5, 1880(ra)
core   0: 3 0x800047d8 (0x7580c783) x15 0x00000000 mem 0x80013fc3
core   0: 0x800047dc (0xed1085a3) sb      a7, -309(ra)
core   0: 3 0x800047dc (0xed1085a3) mem 0x80013736 0x42
core   0: 0x800047e0 (0x0cd6c403) lbu     s0, 205(a3)
core   0: 3 0x800047e0 (0x0cd6c403) x 8 0x00000000 mem 0x8001c52f
core   0: 0x800047e4 (0x05a69803) lh      a6, 90(a3)
core   0: 3 0x800047e4 (0x05a69803) x16 0x00000000 mem 0x8001c4bc
core   0: 0x800047e8 (0x44d09583) lh      a1, 1101(ra)
core   0: 3 0x800047e8 (0x44d09583) x11 0x00000000 mem 0x80013cb8
core   0: 0x800047ec (0x0001a117) auipc   sp, 0x1a
core   0: 3 0x800047ec (0x0001a117) x 2 0x8001e7ec
core   0: 0x800047f0 (0x4a010113) addi    sp, sp, 1184
core   0: 3 0x800047f0 (0x4a010113) x 2 0x8001ec8c
core   0: 0x800047f4 (0x08d14003) lbu     zero, 141(sp)
core   0: 3 0x800047f4 (0x08d14003) mem 0x8001ed19
core   0: 0x800047f8 (0xf5410703) lb      a4, -172(sp)
core   0: 3 0x800047f8 (0xf5410703) x14 0x00000000 mem 0x8001ebe0
core   0: 0x800047fc (0x0d611a83) lh      s5, 214(sp)
core   0: 3 0x800047fc (0x0d611a83) x21 0x00000000 mem 0x8001ed62
core   0: 0x80004800 (0x0e2107a3) sb      sp, 239(sp)
core   0: 3 0x80004800 (0x0e2107a3) mem 0x8001ed7b 0x8c
core   0: 0x80004804 (0xff210523) sb      s2, -22(sp)
core   0: 3 0x80004804 (0xff210523) mem 0x8001ec76 0xe4
core   0: 0x80004808 (0xf7d11923) sh      t4, -142(sp)
core   0: 3 0x80004808 (0xf7d11923) mem 0x8001ebfe 0x21da
core   0: 0x8000480c (0xf2414d83) lbu     s11, -220(sp)
core   0: 3 0x8000480c (0xf2414d83) x27 0x00000000 mem 0x8001ebb0
core   0: 0x80004810 (0xfd510003) lb      zero, -43(sp)
core   0: 3 0x80004810 (0xfd510003) mem 0x8001ec61
core   0: 0x80004814 (0x07611803) lh      a6, 118(sp)
core   0: 3 0x80004814 (0x07611803) x16 0x00000000 mem 0x8001ed02
core   0: 0x80004818 (0xf9510303) lb      t1, -107(sp)
core   0: 3 0x80004818 (0xf9510303) x 6 0x00000000 mem 0x8001ec21
core   0: 0x8000481c (0x0000caae) c.swsp  a1, 84(sp)
core   0: 3 0x8000481c (0xcaae) mem 0x8001ece0 0x00000000
core   0: 0x8000481e (0x007aef33) or      t5, s5, t2
core   0: 3 0x8000481e (0x007aef33) x30 0x00000000
core   0: 0x80004822 (0xfa810ba3) sb      s0, -73(sp)
core   0: 3 0x80004822 (0xfa810ba3) mem 0x8001ec43 0x0
core   0: 0x80004826 (0xfa914a83) lbu     s5, -87(sp)
core   0: 3 0x80004826 (0xfa914a83) x21 0x00000000 mem 0x8001ec35
core   0: 0x8000482a (0xfdb10e83) lb      t4, -37(sp)
core   0: 3 0x8000482a (0xfdb10e83) x29 0x00000000 mem 0x8001ec67
core   0: 0x8000482e (0x00f14b03) lbu     s6, 15(sp)
core   0: 3 0x8000482e (0x00f14b03) x22 0x00000000 mem 0x8001ec9b
core   0: 0x80004832 (0x08410003) lb      zero, 132(sp)
core   0: 3 0x80004832 (0x08410003) mem 0x8001ed10
core   0: 0x80004836 (0x0f811423) sh      s8, 232(sp)
core   0: 3 0x80004836 (0x0f811423) mem 0x8001ed74 0x0000
core   0: 0x8000483a (0x00008852) c.mv    a6, s4
core   0: 3 0x8000483a (0x8852) x16 0x00000000
core   0: 0x8000483c (0x0000831d) c.srli  a4, 7
core   0: 3 0x8000483c (0x831d) x14 0x00000000
core   0: 0x8000483e (0x0ff0000f) fence   iorw,iorw
core   0: 3 0x8000483e (0x0ff0000f)
core   0: 0x80004842 (0x0be14c83) lbu     s9, 190(sp)
core   0: 3 0x80004842 (0x0be14c83) x25 0x00000000 mem 0x8001ed4a
core   0: 0x80004846 (0x0d7107a3) sb      s7, 207(sp)
core   0: 3 0x80004846 (0x0d7107a3) mem 0x8001ed5b 0x1
core   0: 0x8000484a (0x01910003) lb      zero, 25(sp)
core   0: 3 0x8000484a (0x01910003) mem 0x8001eca5
core   0: 0x8000484e (0x0df100a3) sb      t6, 193(sp)
core   0: 3 0x8000484e (0x0df100a3) mem 0x8001ed4d 0x0
core   0: 0x80004852 (0xff714603) lbu     a2, -9(sp)
core   0: 3 0x80004852 (0xff714603) x12 0x00000000 mem 0x8001ec83
core   0: 0x80004856 (0x0000100f) fence.i
core   0: 3 0x80004856 (0x0000100f)
core   0: 0x8000485a (0x000dfb33) and     s6, s11, zero
core   0: 3 0x8000485a (0x000dfb33) x22 0x00000000
core   0: 0x8000485e (0x00008c41) c.or    s0, s0
core   0: 3 0x8000485e (0x8c41) x 8 0x00000000
core   0: 0x80004860 (0xb2692a13) slti    s4, s2, -1242
core   0: 3 0x80004860 (0xb2692a13) x20 0x00000001
core   0: 0x80004864 (0x03966f33) rem     t5, a2, s9
core   0: 3 0x80004864 (0x03966f33) x30 0x00000000
core   0: 0x80004868 (0x0d110d03) lb      s10, 209(sp)
core   0: 3 0x80004868 (0x0d110d03) x26 0x00000000 mem 0x8001ed5d
core   0: 0x8000486c (0x26f86b13) ori     s6, a6, 623
core   0: 3 0x8000486c (0x26f86b13) x22 0x0000026f
core   0: 0x80004870 (0x41325893) srai    a7, tp, 19
core   0: 3 0x80004870 (0x41325893) x17 0x00000000
core   0: 0x80004874 (0xf3b12a23) sw      s11, -204(sp)
core   0: 3 0x80004874 (0xf3b12a23) mem 0x8001ebc0 0x00000000
core   0: 0x80004878 (0x0ff0000f) fence   iorw,iorw
core   0: 3 0x80004878 (0x0ff0000f)
core   0: 0x8000487c (0xfee14e83) lbu     t4, -18(sp)
core   0: 3 0x8000487c (0xfee14e83) x29 0x00000000 mem 0x8001ec7a
core   0: 0x80004880 (0xfd611783) lh      a5, -42(sp)
core   0: 3 0x80004880 (0xfd611783) x15 0x00000000 mem 0x8001ec62
core   0: 0x80004884 (0x007109a3) sb      t2, 19(sp)
core   0: 3 0x80004884 (0x007109a3) mem 0x8001ec9f 0x0
core   0: 0x80004888 (0x0000f197) auipc   gp, 0xf
core   0: 3 0x80004888 (0x0000f197) x 3 0x80013888
core   0: 0x8000488c (0x24d18193) addi    gp, gp, 589
core   0: 3 0x8000488c (0x24d18193) x 3 0x80013ad5
core   0: 0x80004890 (0x03f18323) sb      t6, 38(gp)
core   0: 3 0x80004890 (0x03f18323) mem 0x80013afb 0x0
core   0: 0x80004894 (0x02618b83) lb      s7, 38(gp)
core   0: 3 0x80004894 (0x02618b83) x23 0x00000000 mem 0x80013afb
core   0: 0x80004898 (0x0e71cc03) lbu     s8, 231(gp)
core   0: 3 0x80004898 (0x0e71cc03) x24 0x00000000 mem 0x80013bbc
core   0: 0x8000489c (0x40de8033) sub     zero, t4, a3
core   0: 3 0x8000489c (0x40de8033)
core   0: 0x800048a0 (0xfc919b03) lh      s6, -55(gp)
core   0: 3 0x800048a0 (0xfc919b03) x22 0x00000000 mem 0x80013a9e
core   0: 0x800048a4 (0xfc919683) lh      a3, -55(gp)
core   0: 3 0x800048a4 (0xfc919683) x13 0x00000000 mem 0x80013a9e
core   0: 0x800048a8 (0xfd9184a3) sb      s9, -55(gp)
core   0: 3 0x800048a8 (0xfd9184a3) mem 0x80013a9e 0x0
core   0: 0x800048ac (0xfc919b83) lh      s7, -55(gp)
core   0: 3 0x800048ac (0xfc919b83) x23 0x00000000 mem 0x80013a9e
core   0: 0x800048b0 (0xfc91dc83) lhu     s9, -55(gp)
core   0: 3 0x800048b0 (0xfc91dc83) x25 0x00000000 mem 0x80013a9e
core   0: 0x800048b4 (0xfd3184a3) sb      s3, -55(gp)
core   0: 3 0x800048b4 (0xfd3184a3) mem 0x80013a9e 0x0
core   0: 0x800048b8 (0xfc91d803) lhu     a6, -55(gp)
core   0: 3 0x800048b8 (0xfc91d803) x16 0x00000000 mem 0x80013a9e
core   0: 0x800048bc (0xfc919603) lh      a2, -55(gp)
core   0: 3 0x800048bc (0xfc919603) x12 0x00000000 mem 0x80013a9e
core   0: 0x800048c0 (0x03718923) sb      s7, 50(gp)
core   0: 3 0x800048c0 (0x03718923) mem 0x80013b07 0x0
core   0: 0x800048c4 (0x0321c783) lbu     a5, 50(gp)
core   0: 3 0x800048c4 (0x0321c783) x15 0x00000000 mem 0x80013b07
core   0: 0x800048c8 (0x03218403) lb      s0, 50(gp)
core   0: 3 0x800048c8 (0x03218403) x 8 0x00000000 mem 0x80013b07
core   0: 0x800048cc (0x03a48eb3) mul     t4, s1, s10
core   0: 3 0x800048cc (0x03a48eb3) x29 0x00000000
core   0: 0x800048d0 (0x0321c203) lbu     tp, 50(gp)
core   0: 3 0x800048d0 (0x0321c203) x 4 0x00000000 mem 0x80013b07
core   0: 0x800048d4 (0x02a18923) sb      a0, 50(gp)
core   0: 3 0x800048d4 (0x02a18923) mem 0x80013b07 0xda
core   0: 0x800048d8 (0xfec18803) lb      a6, -20(gp)
core   0: 3 0x800048d8 (0xfec18803) x16 0x00000000 mem 0x80013ac1
core   0: 0x800048dc (0x0000f717) auipc   a4, 0xf
core   0: 3 0x800048dc (0x0000f717) x14 0x800138dc
core   0: 0x800048e0 (0x25a70713) addi    a4, a4, 602
core   0: 3 0x800048e0 (0x25a70713) x14 0x80013b36
core   0: 0x800048e4 (0x00072523) sw      zero, 10(a4)
core   0: 3 0x800048e4 (0x00072523) mem 0x80013b40 0x00000000
core   0: 0x800048e8 (0x01cb7db3) and     s11, s6, t3
core   0: 3 0x800048e8 (0x01cb7db3) x27 0x00000000
core   0: 0x800048ec (0x01f72523) sw      t6, 10(a4)
core   0: 3 0x800048ec (0x01f72523) mem 0x80013b40 0x00000000
core   0: 0x800048f0 (0xff574983) lbu     s3, -11(a4)
core   0: 3 0x800048f0 (0xff574983) x19 0x00000000 mem 0x80013b2b
core   0: 0x800048f4 (0xff570c83) lb      s9, -11(a4)
core   0: 3 0x800048f4 (0xff570c83) x25 0x00000000 mem 0x80013b2b
core   0: 0x800048f8 (0xff570383) lb      t2, -11(a4)
core   0: 3 0x800048f8 (0xff570383) x 7 0x00000000 mem 0x80013b2b
core   0: 0x800048fc (0xff570583) lb      a1, -11(a4)
core   0: 3 0x800048fc (0xff570583) x11 0x00000000 mem 0x80013b2b
core   0: 0x80004900 (0xff570b03) lb      s6, -11(a4)
core   0: 3 0x80004900 (0xff570b03) x22 0x00000000 mem 0x80013b2b
core   0: 0x80004904 (0x01fcd8b3) srl     a7, s9, t6
core   0: 3 0x80004904 (0x01fcd8b3) x17 0x00000000
core   0: 0x80004908 (0x01380d33) add     s10, a6, s3
core   0: 3 0x80004908 (0x01380d33) x26 0x00000000
core   0: 0x8000490c (0xff570e83) lb      t4, -11(a4)
core   0: 3 0x8000490c (0xff570e83) x29 0x00000000 mem 0x80013b2b
core   0: 0x80004910 (0xff570383) lb      t2, -11(a4)
core   0: 3 0x80004910 (0xff570383) x 7 0x00000000 mem 0x80013b2b
core   0: 0x80004914 (0xffa70aa3) sb      s10, -11(a4)
core   0: 3 0x80004914 (0xffa70aa3) mem 0x80013b2b 0x0
core   0: 0x80004918 (0xff570603) lb      a2, -11(a4)
core   0: 3 0x80004918 (0xff570603) x12 0x00000000 mem 0x80013b2b
core   0: 0x8000491c (0xff570e83) lb      t4, -11(a4)
core   0: 3 0x8000491c (0xff570e83) x29 0x00000000 mem 0x80013b2b
core   0: 0x80004920 (0x010c8c33) add     s8, s9, a6
core   0: 3 0x80004920 (0x010c8c33) x24 0x00000000
core   0: 0x80004924 (0x000060d1) c.lui   ra, 0x14
core   0: 3 0x80004924 (0x60d1) x 1 0x00014000
core   0: 0x80004926 (0xff270aa3) sb      s2, -11(a4)
core   0: 3 0x80004926 (0xff270aa3) mem 0x80013b2b 0xe4
core   0: 0x8000492a (0x0000f797) auipc   a5, 0xf
core   0: 3 0x8000492a (0x0000f797) x15 0x8001392a
core   0: 0x8000492e (0xa6578793) addi    a5, a5, -1435
core   0: 3 0x8000492e (0xa6578793) x15 0x8001338f
core   0: 0x80004932 (0x00019c97) auipc   s9, 0x19
core   0: 3 0x80004932 (0x00019c97) x25 0x8001d932
core   0: 0x80004936 (0x58cc8c93) addi    s9, s9, 1420
core   0: 3 0x80004936 (0x58cc8c93) x25 0x8001debe
core   0: 0x8000493a (0xb4dc8c23) sb      a3, -1192(s9)
core   0: 3 0x8000493a (0xb4dc8c23) mem 0x8001da16 0x0
core   0: 0x8000493e (0xf4cc8303) lb      t1, -180(s9)
core   0: 3 0x8000493e (0xf4cc8303) x 6 0x00000000 mem 0x8001de0a
core   0: 0x80004942 (0x223c8923) sb      gp, 562(s9)
core   0: 3 0x80004942 (0x223c8923) mem 0x8001e0f0 0xd5
core   0: 0x80004946 (0x03779403) lh      s0, 55(a5)
core   0: 3 0x80004946 (0x03779403) x 8 0x00000000 mem 0x800133c6
core   0: 0x8000494a (0xf22c9023) sh      sp, -224(s9)
core   0: 3 0x8000494a (0xf22c9023) mem 0x8001ddde 0xec8c
core   0: 0x8000494e (0x01178f23) sb      a7, 30(a5)
core   0: 3 0x8000494e (0x01178f23) mem 0x800133ad 0x0
core   0: 0x80004952 (0x00e78583) lb      a1, 14(a5)
core   0: 3 0x80004952 (0x00e78583) x11 0x00000000 mem 0x8001339d
core   0: 0x80004956 (0xfce78583) lb      a1, -50(a5)
core   0: 3 0x80004956 (0xfce78583) x11 0x00000000 mem 0x8001335d
core   0: 0x8000495a (0x004c9223) sh      tp, 4(s9)
core   0: 3 0x8000495a (0x004c9223) mem 0x8001dec2 0x0000
core   0: 0x8000495e (0x4d0c88a3) sb      a6, 1233(s9)
core   0: 3 0x8000495e (0x4d0c88a3) mem 0x8001e38f 0x0
core   0: 0x80004962 (0x00a78b23) sb      a0, 22(a5)
core   0: 3 0x80004962 (0x00a78b23) mem 0x800133a5 0xda
core   0: 0x80004966 (0xe57cab23) sw      s7, -426(s9)
core   0: 3 0x80004966 (0xe57cab23) mem 0x8001dd14 0x00000000
core   0: 0x8000496a (0x0000f117) auipc   sp, 0xf
core   0: 3 0x8000496a (0x0000f117) x 2 0x8001396a
core   0: 0x8000496e (0x07410113) addi    sp, sp, 116
core   0: 3 0x8000496e (0x07410113) x 2 0x800139de
core   0: 0x80004972 (0x40525d33) sra     s10, tp, t0
core   0: 3 0x80004972 (0x40525d33) x26 0x00000000
core   0: 0x80004976 (0x01307fb3) and     t6, zero, s3
core   0: 3 0x80004976 (0x01307fb3) x31 0x00000000
core   0: 0x8000497a (0x00710603) lb      a2, 7(sp)
core   0: 3 0x8000497a (0x00710603) x12 0x00000000 mem 0x800139e5
core   0: 0x8000497e (0x000087de) c.mv    a5, s7
core   0: 3 0x8000497e (0x87de) x15 0x00000000
core   0: 0x80004980 (0xff110203) lb      tp, -15(sp)
core   0: 3 0x80004980 (0xff110203) x 4 0x00000000 mem 0x800139cf
core   0: 0x80004984 (0x00008d89) c.sub   a1, a0
core   0: 3 0x80004984 (0x8d89) x11 0x02c1de26
core   0: 0x80004986 (0x00710403) lb      s0, 7(sp)
core   0: 3 0x80004986 (0x00710403) x 8 0x00000000 mem 0x800139e5
core   0: 0x8000498a (0xffd14203) lbu     tp, -3(sp)
core   0: 3 0x8000498a (0xffd14203) x 4 0x00000000 mem 0x800139db
core   0: 0x8000498e (0x039010b3) mulh    ra, zero, s9
core   0: 3 0x8000498e (0x039010b3) x 1 0x00000000
core   0: 0x80004992 (0x00611283) lh      t0, 6(sp)
core   0: 3 0x80004992 (0x00611283) x 5 0x00000000 mem 0x800139e4
core   0: 0x80004996 (0x00008c3d) c.xor   s0, a5
core   0: 3 0x80004996 (0x8c3d) x 8 0x00000000
core   0: 0x80004998 (0x6982b413) sltiu   s0, t0, 1688
core   0: 3 0x80004998 (0x6982b413) x 8 0x00000001
core   0: 0x8000499c (0x017d3bb3) sltu    s7, s10, s7
core   0: 3 0x8000499c (0x017d3bb3) x23 0x00000000
core   0: 0x800049a0 (0x0ff0000f) fence   iorw,iorw
core   0: 3 0x800049a0 (0x0ff0000f)
core   0: 0x800049a4 (0x00811b83) lh      s7, 8(sp)
core   0: 3 0x800049a4 (0x00811b83) x23 0x00000000 mem 0x800139e6
core   0: 0x800049a8 (0xff710583) lb      a1, -9(sp)
core   0: 3 0x800049a8 (0xff710583) x11 0x00000000 mem 0x800139d5
core   0: 0x800049ac (0x01b9da13) srli    s4, s3, 27
core   0: 3 0x800049ac (0x01b9da13) x20 0x00000000
core   0: 0x800049b0 (0x013100a3) sb      s3, 1(sp)
core   0: 3 0x800049b0 (0x013100a3) mem 0x800139df 0x0
core   0: 0x800049b4 (0xff711e23) sh      s7, -4(sp)
core   0: 3 0x800049b4 (0xff711e23) mem 0x800139da 0x0000
core   0: 0x800049b8 (0x969c8597) auipc   a1, 0x969c8
core   0: 3 0x800049b8 (0x969c8597) x11 0x169cc9b8
core   0: 0x800049bc (0x039891b3) mulh    gp, a7, s9
core   0: 3 0x800049bc (0x039891b3) x 3 0x00000000
core   0: 0x800049c0 (0x00a11183) lh      gp, 10(sp)
core   0: 3 0x800049c0 (0x00a11183) x 3 0x00000000 mem 0x800139e8
core   0: 0x800049c4 (0x00e10703) lb      a4, 14(sp)
core   0: 3 0x800049c4 (0x00e10703) x14 0x00000000 mem 0x800139ec
core   0: 0x800049c8 (0x0000828d) c.srli  a3, 3
core   0: 3 0x800049c8 (0x828d) x13 0x00000000
core   0: 0x800049ca (0x01b10823) sb      s11, 16(sp)
core   0: 3 0x800049ca (0x01b10823) mem 0x800139ee 0x0
core   0: 0x800049ce (0x010104a3) sb      a6, 9(sp)
core   0: 3 0x800049ce (0x010104a3) mem 0x800139e7 0x0
core   0: 0x800049d2 (0x01c103a3) sb      t3, 7(sp)
core   0: 3 0x800049d2 (0x01c103a3) mem 0x800139e5 0x0
core   0: 0x800049d6 (0x01210323) sb      s2, 6(sp)
core   0: 3 0x800049d6 (0x01210323) mem 0x800139e4 0xe4
core   0: 0x800049da (0x0001b817) auipc   a6, 0x1b
core   0: 3 0x800049da (0x0001b817) x16 0x8001f9da
core   0: 0x800049de (0xa0180813) addi    a6, a6, -1535
core   0: 3 0x800049de (0xa0180813) x16 0x8001f3db
core   0: 0x800049e2 (0x025caa33) mulhsu  s4, s9, t0
core   0: 3 0x800049e2 (0x025caa33) x20 0x00000000
core   0: 0x800049e6 (0x00005b7d) c.li    s6, -1
core   0: 3 0x800049e6 (0x5b7d) x22 0xffffffff
core   0: 0x800049e8 (0xf0484283) lbu     t0, -252(a6)
core   0: 3 0x800049e8 (0xf0484283) x 5 0x00000000 mem 0x8001f2df
core   0: 0x800049ec (0x9e92b137) lui     sp, 0x9e92b
core   0: 3 0x800049ec (0x9e92b137) x 2 0x9e92b000
core   0: 0x800049f0 (0xf5b80ba3) sb      s11, -169(a6)
core   0: 3 0x800049f0 (0xf5b80ba3) mem 0x8001f332 0x0
core   0: 0x800049f4 (0xf1a80603) lb      a2, -230(a6)
core   0: 3 0x800049f4 (0xf1a80603) x12 0x00000000 mem 0x8001f2f5
core   0: 0x800049f8 (0x09985d83) lhu     s11, 153(a6)
core   0: 3 0x800049f8 (0x09985d83) x27 0x00000000 mem 0x8001f474
core   0: 0x800049fc (0x04d81c83) lh      s9, 77(a6)
core   0: 3 0x800049fc (0x04d81c83) x25 0x00000000 mem 0x8001f428
core   0: 0x80004a00 (0xf55801a3) sb      s5, -189(a6)
core   0: 3 0x80004a00 (0xf55801a3) mem 0x8001f31e 0x0
core   0: 0x80004a04 (0x05684603) lbu     a2, 86(a6)
core   0: 3 0x80004a04 (0x05684603) x12 0x00000000 mem 0x8001f431
core   0: 0x80004a08 (0xf2780d23) sb      t2, -198(a6)
core   0: 3 0x80004a08 (0xf2780d23) mem 0x8001f315 0x0
core   0: 0x80004a0c (0x0e582683) lw      a3, 229(a6)
core   0: 3 0x80004a0c (0x0e582683) x13 0x00000000 mem 0x8001f4c0
core   0: 0x80004a10 (0xcbf3c213) xori    tp, t2, -833
core   0: 3 0x80004a10 (0xcbf3c213) x 4 0xfffffcbf
core   0: 0x80004a14 (0x01480e83) lb      t4, 20(a6)
core   0: 3 0x80004a14 (0x01480e83) x29 0x00000000 mem 0x8001f3ef
core   0: 0x80004a18 (0x00008d1a) c.mv    s10, t1
core   0: 3 0x80004a18 (0x8d1a) x26 0x00000000
core   0: 0x80004a1a (0x00681ea3) sh      t1, 29(a6)
core   0: 3 0x80004a1a (0x00681ea3) mem 0x8001f3f8 0x0000
core   0: 0x80004a1e (0x06a84983) lbu     s3, 106(a6)
core   0: 3 0x80004a1e (0x06a84983) x19 0x00000000 mem 0x8001f445
core   0: 0x80004a22 (0x0a180683) lb      a3, 161(a6)
core   0: 3 0x80004a22 (0x0a180683) x13 0x00000000 mem 0x8001f47c
core   0: 0x80004a26 (0x09385683) lhu     a3, 147(a6)
core   0: 3 0x80004a26 (0x09385683) x13 0x00000000 mem 0x8001f46e
core   0: 0x80004a2a (0x021b3233) mulhu   tp, s6, ra
core   0: 3 0x80004a2a (0x021b3233) x 4 0x00000000
core   0: 0x80004a2e (0x04f80f23) sb      a5, 94(a6)
core   0: 3 0x80004a2e (0x04f80f23) mem 0x8001f439 0x0
core   0: 0x80004a32 (0xf2680383) lb      t2, -218(a6)
core   0: 3 0x80004a32 (0xf2680383) x 7 0x00000000 mem 0x8001f301
core   0: 0x80004a36 (0xfcf84183) lbu     gp, -49(a6)
core   0: 3 0x80004a36 (0xfcf84183) x 3 0x00000000 mem 0x8001f3aa
core   0: 0x80004a3a (0xf3a80523) sb      s10, -214(a6)
core   0: 3 0x80004a3a (0xf3a80523) mem 0x8001f305 0x0
core   0: 0x80004a3e (0xf6a84c03) lbu     s8, -150(a6)
core   0: 3 0x80004a3e (0xf6a84c03) x24 0x00000000 mem 0x8001f345
core   0: 0x80004a42 (0x65e6e397) auipc   t2, 0x65e6e
core   0: 3 0x80004a42 (0x65e6e397) x 7 0xe5e72a42
core   0: 0x80004a46 (0x05980d03) lb      s10, 89(a6)
core   0: 3 0x80004a46 (0x05980d03) x26 0x00000000 mem 0x8001f434
core   0: 0x80004a4a (0x00000001) c.nop
core   0: 3 0x80004a4a (0x0001)
core   0: 0x80004a4c (0x0d180223) sb      a7, 196(a6)
core   0: 3 0x80004a4c (0x0d180223) mem 0x8001f49f 0x0
core   0: 0x80004a50 (0x02b800a3) sb      a1, 33(a6)
core   0: 3 0x80004a50 (0x02b800a3) mem 0x8001f3fc 0xb8
core   0: 0x80004a54 (0x00008c11) c.sub   s0, a2
core   0: 3 0x80004a54 (0x8c11) x 8 0x00000001
core   0: 0x80004a56 (0x0fa803a3) sb      s10, 231(a6)
core   0: 3 0x80004a56 (0x0fa803a3) mem 0x8001f4c2 0x0
core   0: 0x80004a5a (0x0e5811a3) sh      t0, 227(a6)
core   0: 3 0x80004a5a (0x0e5811a3) mem 0x8001f4be 0x0000
core   0: 0x80004a5e (0x0ff0000f) fence   iorw,iorw
core   0: 3 0x80004a5e (0x0ff0000f)
core   0: 0x80004a62 (0x00008c1d) c.sub   s0, a5
core   0: 3 0x80004a62 (0x8c1d) x 8 0x00000001
core   0: 0x80004a64 (0x07380303) lb      t1, 115(a6)
core   0: 3 0x80004a64 (0x07380303) x 6 0x00000000 mem 0x8001f44e
core   0: 0x80004a68 (0xf1682aa3) sw      s6, -235(a6)
core   0: 3 0x80004a68 (0xf1682aa3) mem 0x8001f2f0 0xffffffff
core   0: 0x80004a6c (0x00b81003) lh      zero, 11(a6)
core   0: 3 0x80004a6c (0x00b81003) mem 0x8001f3e6
core   0: 0x80004a70 (0x033c0433) mul     s0, s8, s3
core   0: 3 0x80004a70 (0x033c0433) x 8 0x00000000
core   0: 0x80004a74 (0xf7c80b23) sb      t3, -138(a6)
core   0: 3 0x80004a74 (0xf7c80b23) mem 0x8001f351 0x0
core   0: 0x80004a78 (0x01669cb3) sll     s9, a3, s6
core   0: 3 0x80004a78 (0x01669cb3) x25 0x00000000
core   0: 0x80004a7c (0x01b9d733) srl     a4, s3, s11
core   0: 3 0x80004a7c (0x01b9d733) x14 0x00000000
core   0: 0x80004a80 (0x01680223) sb      s6, 4(a6)
core   0: 3 0x80004a80 (0x01680223) mem 0x8001f3df 0xff
core   0: 0x80004a84 (0x0000f197) auipc   gp, 0xf
core   0: 3 0x80004a84 (0x0000f197) x 3 0x80013a84
core   0: 0x80004a88 (0xa0718193) addi    gp, gp, -1529
core   0: 3 0x80004a88 (0xa0718193) x 3 0x8001348b
core   0: 0x80004a8c (0x07c18003) lb      zero, 124(gp)
core   0: 3 0x80004a8c (0x07c18003) mem 0x80013507
core   0: 0x80004a90 (0x0000100f) fence.i
core   0: 3 0x80004a90 (0x0000100f)
core   0: 0x80004a94 (0x06d19103) lh      sp, 109(gp)
core   0: 3 0x80004a94 (0x06d19103) x 2 0x00000000 mem 0x800134f8
core   0: 0x80004a98 (0x40080133) sub     sp, a6, zero
core   0: 3 0x80004a98 (0x40080133) x 2 0x8001f3db
core   0: 0x80004a9c (0x00000001) c.nop
core   0: 3 0x80004a9c (0x0001)
core   0: 0x80004a9e (0x000009c9) c.addi  s3, 18
core   0: 3 0x80004a9e (0x09c9) x19 0x00000012
core   0: 0x80004aa0 (0x00d99333) sll     t1, s3, a3
core   0: 3 0x80004aa0 (0x00d99333) x 6 0x00000012
core   0: 0x80004aa4 (0xfce18d03) lb      s10, -50(gp)
core   0: 3 0x80004aa4 (0xfce18d03) x26 0x00000000 mem 0x80013459
core   0: 0x80004aa8 (0x00618c23) sb      t1, 24(gp)
core   0: 3 0x80004aa8 (0x00618c23) mem 0x800134a3 0x12
core   0: 0x80004aac (0xfdf18823) sb      t6, -48(gp)
core   0: 3 0x80004aac (0xfdf18823) mem 0x8001345b 0x0
core   0: 0x80004ab0 (0x00009afd) c.andi  a3, -1
core   0: 3 0x80004ab0 (0x9afd) x13 0x00000000
core   0: 0x80004ab2 (0x00be7133) and     sp, t3, a1
core   0: 3 0x80004ab2 (0x00be7133) x 2 0x00000000
core   0: 0x80004ab6 (0xfcc18783) lb      a5, -52(gp)
core   0: 3 0x80004ab6 (0xfcc18783) x15 0x00000000 mem 0x80013457
core   0: 0x80004aba (0x0ff0000f) fence   iorw,iorw
core   0: 3 0x80004aba (0x0ff0000f)
core   0: 0x80004abe (0x0000110c) c.addi4spn a1, sp, 160
core   0: 3 0x80004abe (0x110c) x11 0x000000a0
core   0: 0x80004ac0 (0x03ca5b33) divu    s6, s4, t3
core   0: 3 0x80004ac0 (0x03ca5b33) x22 0xffffffff
core   0: 0x80004ac4 (0x00008eb2) c.mv    t4, a2
core   0: 3 0x80004ac4 (0x8eb2) x29 0x00000000
core   0: 0x80004ac6 (0x0391dd03) lhu     s10, 57(gp)
core   0: 3 0x80004ac6 (0x0391dd03) x26 0x00000000 mem 0x800134c4
core   0: 0x80004aca (0x02e186a3) sb      a4, 45(gp)
core   0: 3 0x80004aca (0x02e186a3) mem 0x800134b8 0x0
core   0: 0x80004ace (0x0cf1d983) lhu     s3, 207(gp)
core   0: 3 0x80004ace (0x0cf1d983) x19 0x00000000 mem 0x8001355a
core   0: 0x80004ad2 (0xfb518383) lb      t2, -75(gp)
core   0: 3 0x80004ad2 (0xfb518383) x 7 0x00000000 mem 0x80013440
core   0: 0x80004ad6 (0x000089c9) c.andi  a1, 18
core   0: 3 0x80004ad6 (0x89c9) x11 0x00000000
core   0: 0x80004ad8 (0x00006741) c.lui   a4, 0x10
core   0: 3 0x80004ad8 (0x6741) x14 0x00010000
core   0: 0x80004ada (0x0731d883) lhu     a7, 115(gp)
core   0: 3 0x80004ada (0x0731d883) x17 0x00000000 mem 0x800134fe
core   0: 0x80004ade (0xfda18323) sb      s10, -58(gp)
core   0: 3 0x80004ade (0xfda18323) mem 0x80013451 0x0
core   0: 0x80004ae2 (0x0000f117) auipc   sp, 0xf
core   0: 3 0x80004ae2 (0x0000f117) x 2 0x80013ae2
core   0: 0x80004ae6 (0x82110113) addi    sp, sp, -2015
core   0: 3 0x80004ae6 (0x82110113) x 2 0x80013303
core   0: 0x80004aea (0xff914683) lbu     a3, -7(sp)
core   0: 3 0x80004aea (0xff914683) x13 0x00000000 mem 0x800132fc
core   0: 0x80004aee (0x00425ab3) srl     s5, tp, tp
core   0: 3 0x80004aee (0x00425ab3) x21 0x00000000
core   0: 0x80004af2 (0x01010603) lb      a2, 16(sp)
core   0: 3 0x80004af2 (0x01010603) x12 0x00000000 mem 0x80013313
core   0: 0x80004af6 (0x01014983) lbu     s3, 16(sp)
core   0: 3 0x80004af6 (0x01014983) x19 0x00000000 mem 0x80013313
core   0: 0x80004afa (0xfe610823) sb      t1, -16(sp)
core   0: 3 0x80004afa (0xfe610823) mem 0x800132f3 0x12
core   0: 0x80004afe (0xfff10683) lb      a3, -1(sp)
core   0: 3 0x80004afe (0xfff10683) x13 0x00000000 mem 0x80013302
core   0: 0x80004b02 (0x4a9b6417) auipc   s0, 0x4a9b6
core   0: 3 0x80004b02 (0x4a9b6417) x 8 0xca9bab02
core   0: 0x80004b06 (0xfff15983) lhu     s3, -1(sp)
core   0: 3 0x80004b06 (0xfff15983) x19 0x00000000 mem 0x80013302
core   0: 0x80004b0a (0x00008585) c.srai  a1, 1
core   0: 3 0x80004b0a (0x8585) x11 0x00000000
core   0: 0x80004b0c (0x00310323) sb      gp, 6(sp)
core   0: 3 0x80004b0c (0x00310323) mem 0x80013309 0x8b
core   0: 0x80004b10 (0xfeb11fa3) sh      a1, -1(sp)
core   0: 3 0x80004b10 (0xfeb11fa3) mem 0x80013302 0x0000
core   0: 0x80004b14 (0xff711083) lh      ra, -9(sp)
core   0: 3 0x80004b14 (0xff711083) x 1 0x00000000 mem 0x800132fa
core   0: 0x80004b18 (0x0f590a13) addi    s4, s2, 245
core   0: 3 0x80004b18 (0x0f590a13) x20 0x8002cdd9
core   0: 0x80004b1c (0xff710583) lb      a1, -9(sp)
core   0: 3 0x80004b1c (0xff710583) x11 0x00000000 mem 0x800132fa
core   0: 0x80004b20 (0xffc12ea3) sw      t3, -3(sp)
core   0: 3 0x80004b20 (0xffc12ea3) mem 0x80013300 0x00000000
core   0: 0x80004b24 (0x0000ef97) auipc   t6, 0xe
core   0: 3 0x80004b24 (0x0000ef97) x31 0x80012b24
core   0: 0x80004b28 (0x722f8f93) addi    t6, t6, 1826
core   0: 3 0x80004b28 (0x722f8f93) x31 0x80013246
core   0: 0x80004b2c (0x665f8b83) lb      s7, 1637(t6)
core   0: 3 0x80004b2c (0x665f8b83) x23 0x00000000 mem 0x800138ab
core   0: 0x80004b30 (0x56cf8c23) sb      a2, 1400(t6)
core   0: 3 0x80004b30 (0x56cf8c23) mem 0x800137be 0x0
core   0: 0x80004b34 (0x053fce03) lbu     t3, 83(t6)
core   0: 3 0x80004b34 (0x053fce03) x28 0x000000ff mem 0x80013299
core   0: 0x80004b38 (0xf8df8ba3) sb      a3, -105(t6)
core   0: 3 0x80004b38 (0xf8df8ba3) mem 0x800131dd 0x0
core   0: 0x80004b3c (0x598f8083) lb      ra, 1432(t6)
core   0: 3 0x80004b3c (0x598f8083) x 1 0x00000000 mem 0x800137de
core   0: 0x80004b40 (0x76bfcd83) lbu     s11, 1899(t6)
core   0: 3 0x80004b40 (0x76bfcd83) x27 0x00000000 mem 0x800139b1
core   0: 0x80004b44 (0x96fde313) ori     t1, s11, -1681
core   0: 3 0x80004b44 (0x96fde313) x 6 0xfffff96f
core   0: 0x80004b48 (0x0fdfcb83) lbu     s7, 253(t6)
core   0: 3 0x80004b48 (0x0fdfcb83) x23 0x00000000 mem 0x80013343
core   0: 0x80004b4c (0x0e7f8ea3) sb      t2, 253(t6)
core   0: 3 0x80004b4c (0x0e7f8ea3) mem 0x80013343 0x0
core   0: 0x80004b50 (0x00008da5) c.xor   a1, s1
core   0: 3 0x80004b50 (0x8da5) x11 0x80028e64
core   0: 0x80004b52 (0x22bf8ea3) sb      a1, 573(t6)
core   0: 3 0x80004b52 (0x22bf8ea3) mem 0x80013483 0x64
core   0: 0x80004b56 (0x2d7f8d83) lb      s11, 727(t6)
core   0: 3 0x80004b56 (0x2d7f8d83) x27 0x00000000 mem 0x8001351d
core   0: 0x80004b5a (0x0b2fa103) lw      sp, 178(t6)
core   0: 3 0x80004b5a (0x0b2fa103) x 2 0x00000000 mem 0x800132f8
core   0: 0x80004b5e (0x00235333) srl     t1, t1, sp
core   0: 3 0x80004b5e (0x00235333) x 6 0xfffff96f
core   0: 0x80004b62 (0xee8f8ca3) sb      s0, -263(t6)
core   0: 3 0x80004b62 (0xee8f8ca3) mem 0x8001313f 0x2
core   0: 0x80004b66 (0x0000871d) c.srai  a4, 7
core   0: 3 0x80004b66 (0x871d) x14 0x00000200
core   0: 0x80004b68 (0x511f8ba3) sb      a7, 1303(t6)
core   0: 3 0x80004b68 (0x511f8ba3) mem 0x8001375d 0x0
core   0: 0x80004b6c (0x517fcf03) lbu     t5, 1303(t6)
core   0: 3 0x80004b6c (0x517fcf03) x30 0x00000000 mem 0x8001375d
core   0: 0x80004b70 (0x069fc203) lbu     tp, 105(t6)
core   0: 3 0x80004b70 (0x069fc203) x 4 0x00000000 mem 0x800132af
core   0: 0x80004b74 (0x0000fe17) auipc   t3, 0xf
core   0: 3 0x80004b74 (0x0000fe17) x28 0x80013b74
core   0: 0x80004b78 (0x112e0e13) addi    t3, t3, 274
core   0: 3 0x80004b78 (0x112e0e13) x28 0x80013c86
core   0: 0x80004b7c (0xcc949b17) auipc   s6, 0xcc949
core   0: 3 0x80004b7c (0xcc949b17) x22 0x4c94db7c
core   0: 0x80004b80 (0xf6ce5683) lhu     a3, -148(t3)
core   0: 3 0x80004b80 (0xf6ce5683) x13 0x00000000 mem 0x80013bf2
core   0: 0x80004b84 (0x0abe06a3) sb      a1, 173(t3)
core   0: 3 0x80004b84 (0x0abe06a3) mem 0x80013d33 0x64
core   0: 0x80004b88 (0xf13e0303) lb      t1, -237(t3)
core   0: 3 0x80004b88 (0xf13e0303) x 6 0x00000000 mem 0x80013b99
core   0: 0x80004b8c (0xf54e0ea3) sb      s4, -163(t3)
core   0: 3 0x80004b8c (0xf54e0ea3) mem 0x80013be3 0xd9
core   0: 0x80004b90 (0xf5de4f03) lbu     t5, -163(t3)
core   0: 3 0x80004b90 (0xf5de4f03) x30 0x000000d9 mem 0x80013be3
core   0: 0x80004b94 (0x09ce1103) lh      sp, 156(t3)
core   0: 3 0x80004b94 (0x09ce1103) x 2 0x00000000 mem 0x80013d22
core   0: 0x80004b98 (0xf62e0403) lb      s0, -158(t3)
core   0: 3 0x80004b98 (0xf62e0403) x 8 0x00000000 mem 0x80013be8
core   0: 0x80004b9c (0xf62e4083) lbu     ra, -158(t3)
core   0: 3 0x80004b9c (0xf62e4083) x 1 0x00000000 mem 0x80013be8
core   0: 0x80004ba0 (0xf62e5603) lhu     a2, -158(t3)
core   0: 3 0x80004ba0 (0xf62e5603) x12 0x00000000 mem 0x80013be8
core   0: 0x80004ba4 (0x00008616) c.mv    a2, t0
core   0: 3 0x80004ba4 (0x8616) x12 0x00000000
core   0: 0x80004ba6 (0xfe4e5c83) lhu     s9, -28(t3)
core   0: 3 0x80004ba6 (0xfe4e5c83) x25 0x00000000 mem 0x80013c6a
core   0: 0x80004baa (0x00000ba6) c.slli  s7, 9
core   0: 3 0x80004baa (0x0ba6) x23 0x00000000
core   0: 0x80004bac (0xfe1e4283) lbu     t0, -31(t3)
core   0: 3 0x80004bac (0xfe1e4283) x 5 0x00000000 mem 0x80013c67
core   0: 0x80004bb0 (0xf87e0003) lb      zero, -121(t3)
core   0: 3 0x80004bb0 (0xf87e0003) mem 0x80013c0d
core   0: 0x80004bb4 (0x0000f117) auipc   sp, 0xf
core   0: 3 0x80004bb4 (0x0000f117) x 2 0x80013bb4
core   0: 0x80004bb8 (0xc7f10113) addi    sp, sp, -897
core   0: 3 0x80004bb8 (0xc7f10113) x 2 0x80013833
core   0: 0x80004bbc (0x019bfbb3) and     s7, s7, s9
core   0: 3 0x80004bbc (0x019bfbb3) x23 0x00000000
core   0: 0x80004bc0 (0x57432293) slti    t0, t1, 1396
core   0: 3 0x80004bc0 (0x57432293) x 5 0x00000001
core   0: 0x80004bc4 (0x022b8e33) mul     t3, s7, sp
core   0: 3 0x80004bc4 (0x022b8e33) x28 0x00000000
core   0: 0x80004bc8 (0x0000100f) fence.i
core   0: 3 0x80004bc8 (0x0000100f)
core   0: 0x80004bcc (0x1f2d0313) addi    t1, s10, 498
core   0: 3 0x80004bcc (0x1f2d0313) x 6 0x000001f2
core   0: 0x80004bd0 (0x0380dbb3) divu    s7, ra, s8
core   0: 3 0x80004bd0 (0x0380dbb3) x23 0xffffffff
core   0: 0x80004bd4 (0x09b10f23) sb      s11, 158(sp)
core   0: 3 0x80004bd4 (0x09b10f23) mem 0x800138d1 0x0
core   0: 0x80004bd8 (0x00814b83) lbu     s7, 8(sp)
core   0: 3 0x80004bd8 (0x00814b83) x23 0x00000000 mem 0x8001383b
core   0: 0x80004bdc (0x03b84433) div     s0, a6, s11
core   0: 3 0x80004bdc (0x03b84433) x 8 0xffffffff
core   0: 0x80004be0 (0x00008a2d) c.andi  a2, 11
core   0: 3 0x80004be0 (0x8a2d) x12 0x00000000
core   0: 0x80004be2 (0x00008f4d) c.or    a4, a1
core   0: 3 0x80004be2 (0x8f4d) x14 0x80028e64
core   0: 0x80004be4 (0x426d2d13) slti    s10, s10, 1062
core   0: 3 0x80004be4 (0x426d2d13) x26 0x00000001
core   0: 0x80004be8 (0x00000001) c.nop
core   0: 3 0x80004be8 (0x0001)
core   0: 0x80004bea (0x06912d03) lw      s10, 105(sp)
core   0: 3 0x80004bea (0x06912d03) x26 0x00000000 mem 0x8001389c
core   0: 0x80004bee (0x0000100f) fence.i
core   0: 3 0x80004bee (0x0000100f)
core   0: 0x80004bf2 (0xf8710583) lb      a1, -121(sp)
core   0: 3 0x80004bf2 (0xf8710583) x11 0x00000000 mem 0x800137ba
core   0: 0x80004bf6 (0xf6512183) lw      gp, -155(sp)
core   0: 3 0x80004bf6 (0xf6512183) x 3 0x00000000 mem 0x80013798
core   0: 0x80004bfa (0x580a2e93) slti    t4, s4, 1408
core   0: 3 0x80004bfa (0x580a2e93) x29 0x00000001
core   0: 0x80004bfe (0xf4410403) lb      s0, -188(sp)
core   0: 3 0x80004bfe (0xf4410403) x 8 0x00000000 mem 0x80013777
core   0: 0x80004c02 (0x023e5737) lui     a4, 0x23e5
core   0: 3 0x80004c02 (0x023e5737) x14 0x023e5000
core   0: 0x80004c06 (0x4151de13) srai    t3, gp, 21
core   0: 3 0x80004c06 (0x4151de13) x28 0x00000000
core   0: 0x80004c0a (0xfaa10b23) sb      a0, -74(sp)
core   0: 3 0x80004c0a (0xfaa10b23) mem 0x800137e9 0xda
core   0: 0x80004c0e (0xfc510283) lb      t0, -59(sp)
core   0: 3 0x80004c0e (0xfc510283) x 5 0x00000000 mem 0x800137f8
core   0: 0x80004c12 (0x016dd333) srl     t1, s11, s6
core   0: 3 0x80004c12 (0x016dd333) x 6 0x00000000
core   0: 0x80004c16 (0x0ec122a3) sw      a2, 229(sp)
core   0: 3 0x80004c16 (0x0ec122a3) mem 0x80013918 0x00000000
core   0: 0x80004c1a (0x07a14b83) lbu     s7, 122(sp)
core   0: 3 0x80004c1a (0x07a14b83) x23 0x00000000 mem 0x800138ad
core   0: 0x80004c1e (0x01179833) sll     a6, a5, a7
core   0: 3 0x80004c1e (0x01179833) x16 0x00000000
core   0: 0x80004c22 (0xfc510823) sb      t0, -48(sp)
core   0: 3 0x80004c22 (0xfc510823) mem 0x80013803 0x0
core   0: 0x80004c26 (0xe6cf5f17) auipc   t5, 0xe6cf5
core   0: 3 0x80004c26 (0xe6cf5f17) x30 0x66cf9c26
core   0: 0x80004c2a (0xff414203) lbu     tp, -12(sp)
core   0: 3 0x80004c2a (0xff414203) x 4 0x00000000 mem 0x80013827
core   0: 0x80004c2e (0xf9610c83) lb      s9, -106(sp)
core   0: 3 0x80004c2e (0xf9610c83) x25 0x00000000 mem 0x800137c9
core   0: 0x80004c32 (0x09110fa3) sb      a7, 159(sp)
core   0: 3 0x80004c32 (0x09110fa3) mem 0x800138d2 0x0
core   0: 0x80004c36 (0x05515703) lhu     a4, 85(sp)
core   0: 3 0x80004c36 (0x05515703) x14 0x00000000 mem 0x80013888
core   0: 0x80004c3a (0xc028f013) andi    zero, a7, -1022
core   0: 3 0x80004c3a (0xc028f013)
core   0: 0x80004c3e (0xf0214a83) lbu     s5, -254(sp)
core   0: 3 0x80004c3e (0xf0214a83) x21 0x00000000 mem 0x80013735
core   0: 0x80004c42 (0x015fe7b3) or      a5, t6, s5
core   0: 3 0x80004c42 (0x015fe7b3) x15 0x80013246
core   0: 0x80004c46 (0xff210c23) sb      s2, -8(sp)
core   0: 3 0x80004c46 (0xff210c23) mem 0x8001382b 0xe4
core   0: 0x80004c4a (0x0a315f83) lhu     t6, 163(sp)
core   0: 3 0x80004c4a (0x0a315f83) x31 0x00000000 mem 0x800138d6
core   0: 0x80004c4e (0x0d315303) lhu     t1, 211(sp)
core   0: 3 0x80004c4e (0x0d315303) x 6 0x00000000 mem 0x80013906
core   0: 0x80004c52 (0x01489e33) sll     t3, a7, s4
core   0: 3 0x80004c52 (0x01489e33) x28 0x00000000
core   0: 0x80004c56 (0x028b89b3) mul     s3, s7, s0
core   0: 3 0x80004c56 (0x028b89b3) x19 0x00000000
core   0: 0x80004c5a (0x00614c83) lbu     s9, 6(sp)
core   0: 3 0x80004c5a (0x00614c83) x25 0x00000000 mem 0x80013839
core   0: 0x80004c5e (0x0000fe17) auipc   t3, 0xf
core   0: 3 0x80004c5e (0x0000fe17) x28 0x80013c5e
core   0: 0x80004c62 (0xe66e0e13) addi    t3, t3, -410
core   0: 3 0x80004c62 (0xe66e0e13) x28 0x80013ac4
core   0: 0x80004c66 (0x0001a217) auipc   tp, 0x1a
core   0: 3 0x80004c66 (0x0001a217) x 4 0x8001ec66
core   0: 0x80004c6a (0x26720213) addi    tp, tp, 615
core   0: 3 0x80004c6a (0x26720213) x 4 0x8001eecd
core   0: 0x80004c6e (0x02be4683) lbu     a3, 43(t3)
core   0: 3 0x80004c6e (0x02be4683) x13 0x00000000 mem 0x80013aef
core   0: 0x80004c72 (0x085e4a83) lbu     s5, 133(t3)
core   0: 3 0x80004c72 (0x085e4a83) x21 0x00000000 mem 0x80013b49
core   0: 0x80004c76 (0x74024003) lbu     zero, 1856(tp)
core   0: 3 0x80004c76 (0x74024003) mem 0x8001f60d
core   0: 0x80004c7a (0x1ef22683) lw      a3, 495(tp)
core   0: 3 0x80004c7a (0x1ef22683) x13 0x00000000 mem 0x8001f0bc
core   0: 0x80004c7e (0xdd920823) sb      s9, -560(tp)
core   0: 3 0x80004c7e (0xdd920823) mem 0x8001ec9d 0x0
core   0: 0x80004c82 (0x006e5403) lhu     s0, 6(t3)
core   0: 3 0x80004c82 (0x006e5403) x 8 0x00000000 mem 0x80013aca
core   0: 0x80004c86 (0x082e5783) lhu     a5, 130(t3)
core   0: 3 0x80004c86 (0x082e5783) x15 0x00000000 mem 0x80013b46
core   0: 0x80004c8a (0x78324303) lbu     t1, 1923(tp)
core   0: 3 0x80004c8a (0x78324303) x 6 0x00000000 mem 0x8001f650
core   0: 0x80004c8e (0xf79e0b03) lb      s6, -135(t3)
core   0: 3 0x80004c8e (0xf79e0b03) x22 0x00000000 mem 0x80013a3d
core   0: 0x80004c92 (0x03520aa3) sb      s5, 53(tp)
core   0: 3 0x80004c92 (0x03520aa3) mem 0x8001ef02 0x0
core   0: 0x80004c96 (0x0bae4703) lbu     a4, 186(t3)
core   0: 3 0x80004c96 (0x0bae4703) x14 0x00000000 mem 0x80013b7e
core   0: 0x80004c9a (0xf79e06a3) sb      s9, -147(t3)
core   0: 3 0x80004c9a (0xf79e06a3) mem 0x80013a31 0x0
core   0: 0x80004c9e (0xc8824d03) lbu     s10, -888(tp)
core   0: 3 0x80004c9e (0xc8824d03) x26 0x00000000 mem 0x8001eb55
core   0: 0x80004ca2 (0x00017117) auipc   sp, 0x17
core   0: 3 0x80004ca2 (0x00017117) x 2 0x8001bca2
core   0: 0x80004ca6 (0x90b10113) addi    sp, sp, -1781
core   0: 3 0x80004ca6 (0x90b10113) x 2 0x8001b5ad
core   0: 0x80004caa (0xbf012bb7) lui     s7, 0xbf012
core   0: 3 0x80004caa (0xbf012bb7) x23 0xbf012000
core   0: 0x80004cae (0xdbb4c293) xori    t0, s1, -581
core   0: 3 0x80004cae (0xdbb4c293) x 5 0x7ffd73df
core   0: 0x80004cb2 (0x027e7233) remu    tp, t3, t2
core   0: 3 0x80004cb2 (0x027e7233) x 4 0x80013ac4
core   0: 0x80004cb6 (0xfcd14303) lbu     t1, -51(sp)
core   0: 3 0x80004cb6 (0xfcd14303) x 6 0x00000000 mem 0x8001b57a
core   0: 0x80004cba (0x00008f05) c.sub   a4, s1
core   0: 3 0x80004cba (0x8f05) x14 0x7ffd719c
core   0: 0x80004cbc (0x549a4593) xori    a1, s4, 1353
core   0: 3 0x80004cbc (0x549a4593) x11 0x8002c890
core   0: 0x80004cc0 (0x00000001) c.nop
core   0: 3 0x80004cc0 (0x0001)
core   0: 0x80004cc2 (0x008dd6b3) srl     a3, s11, s0
core   0: 3 0x80004cc2 (0x008dd6b3) x13 0x00000000
core   0: 0x80004cc6 (0xfd010ca3) sb      a6, -39(sp)
core   0: 3 0x80004cc6 (0xfd010ca3) mem 0x8001b586 0x0
core   0: 0x80004cca (0x03610c23) sb      s6, 56(sp)
core   0: 3 0x80004cca (0x03610c23) mem 0x8001b5e5 0x0
core   0: 0x80004cce (0xfc714703) lbu     a4, -57(sp)
core   0: 3 0x80004cce (0xfc714703) x14 0x00000000 mem 0x8001b574
core   0: 0x80004cd2 (0x017105a3) sb      s7, 11(sp)
core   0: 3 0x80004cd2 (0x017105a3) mem 0x8001b5b8 0x0
core   0: 0x80004cd6 (0x02312e03) lw      t3, 35(sp)
core   0: 3 0x80004cd6 (0x02312e03) x28 0x00000000 mem 0x8001b5d0
core   0: 0x80004cda (0x01e10983) lb      s3, 30(sp)
core   0: 3 0x80004cda (0x01e10983) x19 0x00000000 mem 0x8001b5cb
core   0: 0x80004cde (0x03e27833) remu    a6, tp, t5
core   0: 3 0x80004cde (0x03e27833) x16 0x19319e9e
core   0: 0x80004ce2 (0x5ff2c693) xori    a3, t0, 1535
core   0: 3 0x80004ce2 (0x5ff2c693) x13 0x7ffd7620
core   0: 0x80004ce6 (0xfcd11da3) sh      a3, -37(sp)
core   0: 3 0x80004ce6 (0xfcd11da3) mem 0x8001b588 0x7620
core   0: 0x80004cea (0x02f10ea3) sb      a5, 61(sp)
core   0: 3 0x80004cea (0x02f10ea3) mem 0x8001b5ea 0x0
core   0: 0x80004cee (0x3bf4b997) auipc   s3, 0x3bf4b
core   0: 3 0x80004cee (0x3bf4b997) x19 0xbbf4fcee
core   0: 0x80004cf2 (0xfc1125a3) sw      ra, -53(sp)
core   0: 3 0x80004cf2 (0xfc1125a3) mem 0x8001b578 0x00000000
core   0: 0x80004cf6 (0xfc210a83) lb      s5, -62(sp)
core   0: 3 0x80004cf6 (0xfc210a83) x21 0x00000000 mem 0x8001b56f
core   0: 0x80004cfa (0x000099aa) c.add   s3, a0
core   0: 3 0x80004cfa (0x99aa) x19 0xb9331ec8
core   0: 0x80004cfc (0x0ec88c93) addi    s9, a7, 236
core   0: 3 0x80004cfc (0x0ec88c93) x25 0x000000ec
core   0: 0x80004d00 (0x00a502b3) add     t0, a0, a0
core   0: 3 0x80004d00 (0x00a502b3) x 5 0xfa7c43b4
core   0: 0x80004d04 (0xfc915f83) lhu     t6, -55(sp)
core   0: 3 0x80004d04 (0xfc915f83) x31 0x00000000 mem 0x8001b576
core   0: 0x80004d08 (0x50703393) sltiu   t2, zero, 1287
core   0: 3 0x80004d08 (0x50703393) x 7 0x00000001
core   0: 0x80004d0c (0x002988b3) add     a7, s3, sp
core   0: 3 0x80004d0c (0x002988b3) x17 0x3934d475
core   0: 0x80004d10 (0x00d11183) lh      gp, 13(sp)
core   0: 3 0x80004d10 (0x00d11183) x 3 0x00000000 mem 0x8001b5ba
core   0: 0x80004d14 (0x01d14403) lbu     s0, 29(sp)
core   0: 3 0x80004d14 (0x01d14403) x 8 0x00000000 mem 0x8001b5ca
core   0: 0x80004d18 (0x01211ea3) sh      s2, 29(sp)
core   0: 3 0x80004d18 (0x01211ea3) mem 0x8001b5ca 0xcce4
core   0: 0x80004d1c (0x02081a33) mulh    s4, a6, zero
core   0: 3 0x80004d1c (0x02081a33) x20 0x00000000
core   0: 0x80004d20 (0x015922b3) slt     t0, s2, s5
core   0: 3 0x80004d20 (0x015922b3) x 5 0x00000001
core   0: 0x80004d24 (0xfc510883) lb      a7, -59(sp)
core   0: 3 0x80004d24 (0xfc510883) x17 0x00000000 mem 0x8001b572
core   0: 0x80004d28 (0x033110a3) sh      s3, 33(sp)
core   0: 3 0x80004d28 (0x033110a3) mem 0x8001b5ce 0x1ec8
core   0: 0x80004d2c (0x00153e33) sltu    t3, a0, ra
core   0: 3 0x80004d2c (0x00153e33) x28 0x00000000
core   0: 0x80004d30 (0xfdb3fc13) andi    s8, t2, -37
core   0: 3 0x80004d30 (0xfdb3fc13) x24 0x00000001
core   0: 0x80004d34 (0x01515e03) lhu     t3, 21(sp)
core   0: 3 0x80004d34 (0x01515e03) x28 0x00000000 mem 0x8001b5c2
core   0: 0x80004d38 (0xfcf12683) lw      a3, -49(sp)
core   0: 3 0x80004d38 (0xfcf12683) x13 0x00000000 mem 0x8001b57c
core   0: 0x80004d3c (0x01e14c83) lbu     s9, 30(sp)
core   0: 3 0x80004d3c (0x01e14c83) x25 0x000000cc mem 0x8001b5cb
core   0: 0x80004d40 (0x03014d03) lbu     s10, 48(sp)
core   0: 3 0x80004d40 (0x03014d03) x26 0x00000000 mem 0x8001b5dd
core   0: 0x80004d44 (0x0000f317) auipc   t1, 0xf
core   0: 3 0x80004d44 (0x0000f317) x 6 0x80013d44
core   0: 0x80004d48 (0xb0930313) addi    t1, t1, -1271
core   0: 3 0x80004d48 (0xb0930313) x 6 0x8001384d
core   0: 0x80004d4c (0x0000f997) auipc   s3, 0xf
core   0: 3 0x80004d4c (0x0000f997) x19 0x80013d4c
core   0: 0x80004d50 (0x1c098993) addi    s3, s3, 448
core   0: 3 0x80004d50 (0x1c098993) x19 0x80013f0c
core   0: 0x80004d54 (0x01030123) sb      a6, 2(t1)
core   0: 3 0x80004d54 (0x01030123) mem 0x8001384f 0x9e
core   0: 0x80004d58 (0x0479c783) lbu     a5, 71(s3)
core   0: 3 0x80004d58 (0x0479c783) x15 0x00000000 mem 0x80013f53
core   0: 0x80004d5c (0xf8c9db83) lhu     s7, -116(s3)
core   0: 3 0x80004d5c (0xf8c9db83) x23 0x00000000 mem 0x80013e98
core   0: 0x80004d60 (0x08130223) sb      ra, 132(t1)
core   0: 3 0x80004d60 (0x08130223) mem 0x800138d1 0x0
core   0: 0x80004d64 (0x08798e03) lb      t3, 135(s3)
core   0: 3 0x80004d64 (0x08798e03) x28 0x00000000 mem 0x80013f93
core   0: 0x80004d68 (0x08b98383) lb      t2, 139(s3)
core   0: 3 0x80004d68 (0x08b98383) x 7 0x00000000 mem 0x80013f97
core   0: 0x80004d6c (0xfac34a83) lbu     s5, -84(t1)
core   0: 3 0x80004d6c (0xfac34a83) x21 0x00000000 mem 0x800137f9
core   0: 0x80004d70 (0x01698123) sb      s6, 2(s3)
core   0: 3 0x80004d70 (0x01698123) mem 0x80013f0e 0x0
core   0: 0x80004d74 (0x0eb30b23) sb      a1, 246(t1)
core   0: 3 0x80004d74 (0x0eb30b23) mem 0x80013943 0x90
core   0: 0x80004d78 (0x07f30703) lb      a4, 127(t1)
core   0: 3 0x80004d78 (0x07f30703) x14 0x00000000 mem 0x800138cc
core   0: 0x80004d7c (0x07d9a423) sw      t4, 104(s3)
core   0: 3 0x80004d7c (0x07d9a423) mem 0x80013f74 0x00000001
core   0: 0x80004d80 (0x07c304a3) sb      t3, 105(t1)
core   0: 3 0x80004d80 (0x07c304a3) mem 0x800138b6 0x0
core   0: 0x80004d84 (0x07698ca3) sb      s6, 121(s3)
core   0: 3 0x80004d84 (0x07698ca3) mem 0x80013f85 0x0
core   0: 0x80004d88 (0x06999523) sh      s1, 106(s3)
core   0: 3 0x80004d88 (0x06999523) mem 0x80013f76 0x8e64
core   0: 0x80004d8c (0xf5a30283) lb      t0, -166(t1)
core   0: 3 0x80004d8c (0xf5a30283) x 5 0x00000000 mem 0x800137a7
core   0: 0x80004d90 (0x00012117) auipc   sp, 0x12
core   0: 3 0x80004d90 (0x00012117) x 2 0x80016d90
core   0: 0x80004d94 (0x84310113) addi    sp, sp, -1981
core   0: 3 0x80004d94 (0x84310113) x 2 0x800165d3
core   0: 0x80004d98 (0x59754413) xori    s0, a0, 1431
core   0: 3 0x80004d98 (0x59754413) x 8 0xfd3e244d
core   0: 0x80004d9c (0xfdc10f03) lb      t5, -36(sp)
core   0: 3 0x80004d9c (0xfdc10f03) x30 0x00000000 mem 0x800165af
core   0: 0x80004da0 (0x1db88db7) lui     s11, 0x1db88
core   0: 3 0x80004da0 (0x1db88db7) x27 0x1db88000
core   0: 0x80004da4 (0x04f109a3) sb      a5, 83(sp)
core   0: 3 0x80004da4 (0x04f109a3) mem 0x80016626 0x0
core   0: 0x80004da8 (0x03722e33) mulhsu  t3, tp, s7
core   0: 3 0x80004da8 (0x03722e33) x28 0x00000000
core   0: 0x80004dac (0xfb510223) sb      s5, -92(sp)
core   0: 3 0x80004dac (0xfb510223) mem 0x80016577 0x0
core   0: 0x80004db0 (0xfdb14283) lbu     t0, -37(sp)
core   0: 3 0x80004db0 (0xfdb14283) x 5 0x00000000 mem 0x800165ae
core   0: 0x80004db4 (0xfd111da3) sh      a7, -37(sp)
core   0: 3 0x80004db4 (0xfd111da3) mem 0x800165ae 0x0000
core   0: 0x80004db8 (0x01a32633) slt     a2, t1, s10
core   0: 3 0x80004db8 (0x01a32633) x12 0x00000001
core   0: 0x80004dbc (0xfdb11583) lh      a1, -37(sp)
core   0: 3 0x80004dbc (0xfdb11583) x11 0x00000000 mem 0x800165ae
core   0: 0x80004dc0 (0xf3b14d03) lbu     s10, -197(sp)
core   0: 3 0x80004dc0 (0xf3b14d03) x26 0x00000000 mem 0x8001650e
core   0: 0x80004dc4 (0xf0314c83) lbu     s9, -253(sp)
core   0: 3 0x80004dc4 (0xf0314c83) x25 0x00000000 mem 0x800164d6
core   0: 0x80004dc8 (0xf0315f03) lhu     t5, -253(sp)
core   0: 3 0x80004dc8 (0xf0315f03) x30 0x00000000 mem 0x800164d6
core   0: 0x80004dcc (0x05b10f23) sb      s11, 94(sp)
core   0: 3 0x80004dcc (0x05b10f23) mem 0x80016631 0x0
core   0: 0x80004dd0 (0xf5714003) lbu     zero, -169(sp)
core   0: 3 0x80004dd0 (0xf5714003) mem 0x8001652a
core   0: 0x80004dd4 (0xfd010f23) sb      a6, -34(sp)
core   0: 3 0x80004dd4 (0xfd010f23) mem 0x800165b1 0x9e
core   0: 0x80004dd8 (0x0da10d23) sb      s10, 218(sp)
core   0: 3 0x80004dd8 (0x0da10d23) mem 0x800166ad 0x0
core   0: 0x80004ddc (0x00008f31) c.xor   a4, a2
core   0: 3 0x80004ddc (0x8f31) x14 0x00000001
core   0: 0x80004dde (0x02970d33) mul     s10, a4, s1
core   0: 3 0x80004dde (0x02970d33) x26 0x80028e64
core   0: 0x80004de2 (0xfb315583) lhu     a1, -77(sp)
core   0: 3 0x80004de2 (0xfb315583) x11 0x00000000 mem 0x80016586
core   0: 0x80004de6 (0x0cc10f03) lb      t5, 204(sp)
core   0: 3 0x80004de6 (0x0cc10f03) x30 0x00000000 mem 0x8001669f
core   0: 0x80004dea (0x00e5f713) andi    a4, a1, 14
core   0: 3 0x80004dea (0x00e5f713) x14 0x00000000
core   0: 0x80004dee (0x05014c03) lbu     s8, 80(sp)
core   0: 3 0x80004dee (0x05014c03) x24 0x00000000 mem 0x80016623
core   0: 0x80004df2 (0x06715183) lhu     gp, 103(sp)
core   0: 3 0x80004df2 (0x06715183) x 3 0x00000000 mem 0x8001663a
core   0: 0x80004df6 (0x0001ce97) auipc   t4, 0x1c
core   0: 3 0x80004df6 (0x0001ce97) x29 0x80020df6
core   0: 0x80004dfa (0xb39e8e93) addi    t4, t4, -1223
core   0: 3 0x80004dfa (0xb39e8e93) x29 0x8002092f
core   0: 0x80004dfe (0x00019a97) auipc   s5, 0x19
core   0: 3 0x80004dfe (0x00019a97) x21 0x8001ddfe
core   0: 0x80004e02 (0x0b0a8a93) addi    s5, s5, 176
core   0: 3 0x80004e02 (0x0b0a8a93) x21 0x8001deae
core   0: 0x80004e06 (0x0001b297) auipc   t0, 0x1b
core   0: 3 0x80004e06 (0x0001b297) x 5 0x8001fe06
core   0: 0x80004e0a (0x57628293) addi    t0, t0, 1398
core   0: 3 0x80004e0a (0x57628293) x 5 0x8002037c
core   0: 0x80004e0e (0x00019f17) auipc   t5, 0x19
core   0: 3 0x80004e0e (0x00019f17) x30 0x8001de0e
core   0: 0x80004e12 (0x46bf0f13) addi    t5, t5, 1131
core   0: 3 0x80004e12 (0x46bf0f13) x30 0x8001e279
core   0: 0x80004e16 (0xff9286a3) sb      s9, -19(t0)
core   0: 3 0x80004e16 (0xff9286a3) mem 0x80020369 0x0
core   0: 0x80004e1a (0xff2ecd83) lbu     s11, -14(t4)
core   0: 3 0x80004e1a (0xff2ecd83) x27 0x00000000 mem 0x80020921
core   0: 0x80004e1e (0x00019e17) auipc   t3, 0x19
core   0: 3 0x80004e1e (0x00019e17) x28 0x8001de1e
core   0: 0x80004e22 (0xd37e0e13) addi    t3, t3, -713
core   0: 3 0x80004e22 (0xd37e0e13) x28 0x8001db55
core   0: 0x80004e26 (0x0fbe2fa3) sw      s11, 255(t3)
core   0: 3 0x80004e26 (0x0fbe2fa3) mem 0x8001dc54 0x00000000
core   0: 0x80004e2a (0xf66a8103) lb      sp, -154(s5)
core   0: 3 0x80004e2a (0xf66a8103) x 2 0x00000000 mem 0x8001de14
core   0: 0x80004e2e (0x01528ba3) sb      s5, 23(t0)
core   0: 3 0x80004e2e (0x01528ba3) mem 0x80020393 0xae
core   0: 0x80004e32 (0xf39a85a3) sb      s9, -213(s5)
core   0: 3 0x80004e32 (0xf39a85a3) mem 0x8001ddd9 0x0
core   0: 0x80004e36 (0xffded603) lhu     a2, -3(t4)
core   0: 3 0x80004e36 (0xffded603) x12 0x00000000 mem 0x8002092c
core   0: 0x80004e3a (0xff7f0ca3) sb      s7, -7(t5)
core   0: 3 0x80004e3a (0xff7f0ca3) mem 0x8001e272 0x0
core   0: 0x80004e3e (0xff9e9b03) lh      s6, -7(t4)
core   0: 3 0x80004e3e (0xff9e9b03) x22 0x00000000 mem 0x80020928
core   0: 0x80004e42 (0x078aca03) lbu     s4, 120(s5)
core   0: 3 0x80004e42 (0x078aca03) x20 0x00000000 mem 0x8001df26
core   0: 0x80004e46 (0x02aa86a3) sb      a0, 45(s5)
core   0: 3 0x80004e46 (0x02aa86a3) mem 0x8001dedb 0xda
core   0: 0x80004e4a (0x0a4e0723) sb      tp, 174(t3)
core   0: 3 0x80004e4a (0x0a4e0723) mem 0x8001dc03 0xc4
core   0: 0x80004e4e (0xff4e8403) lb      s0, -12(t4)
core   0: 3 0x80004e4e (0xff4e8403) x 8 0x00000000 mem 0x80020923
core   0: 0x80004e52 (0xf70acd83) lbu     s11, -144(s5)
core   0: 3 0x80004e52 (0xf70acd83) x27 0x00000000 mem 0x8001de1e
core   0: 0x80004e56 (0x001e1403) lh      s0, 1(t3)
core   0: 3 0x80004e56 (0x001e1403) x 8 0x00000000 mem 0x8001db56
core   0: 0x80004e5a (0xfd7e2683) lw      a3, -41(t3)
core   0: 3 0x80004e5a (0xfd7e2683) x13 0x00000000 mem 0x8001db2c
core   0: 0x80004e5e (0xfc82cd03) lbu     s10, -56(t0)
core   0: 3 0x80004e5e (0xfc82cd03) x26 0x00000000 mem 0x80020344
core   0: 0x80004e62 (0x0cde1183) lh      gp, 205(t3)
core   0: 3 0x80004e62 (0x0cde1183) x 3 0x00000000 mem 0x8001dc22
core   0: 0x80004e66 (0xfc429e23) sh      tp, -36(t0)
core   0: 3 0x80004e66 (0xfc429e23) mem 0x80020358 0x3ac4
core   0: 0x80004e6a (0x01ae8223) sb      s10, 4(t4)
core   0: 3 0x80004e6a (0x01ae8223) mem 0x80020933 0x0
core   0: 0x80004e6e (0x000f0d03) lb      s10, 0(t5)
core   0: 3 0x80004e6e (0x000f0d03) x26 0x00000000 mem 0x8001e279
core   0: 0x80004e72 (0x03b2ac23) sw      s11, 56(t0)
core   0: 3 0x80004e72 (0x03b2ac23) mem 0x800203b4 0x00000000
core   0: 0x80004e76 (0x08de1003) lh      zero, 141(t3)
core   0: 3 0x80004e76 (0x08de1003) mem 0x8001dbe2
core   0: 0x80004e7a (0xfcba8403) lb      s0, -53(s5)
core   0: 3 0x80004e7a (0xfcba8403) x 8 0x00000000 mem 0x8001de79
core   0: 0x80004e7e (0xfe02aa03) lw      s4, -32(t0)
core   0: 3 0x80004e7e (0xfe02aa03) x20 0x00000000 mem 0x8002035c
core   0: 0x80004e82 (0x02e29f83) lh      t6, 46(t0)
core   0: 3 0x80004e82 (0x02e29f83) x31 0x00000000 mem 0x800203aa
core   0: 0x80004e86 (0xfe8e8923) sb      s0, -14(t4)
core   0: 3 0x80004e86 (0xfe8e8923) mem 0x80020921 0x0
core   0: 0x80004e8a (0x00ee0d03) lb      s10, 14(t3)
core   0: 3 0x80004e8a (0x00ee0d03) x26 0x00000000 mem 0x8001db63
core   0: 0x80004e8e (0xf53e29a3) sw      s3, -173(t3)
core   0: 3 0x80004e8e (0xf53e29a3) mem 0x8001daa8 0x80013f0c
core   0: 0x80004e92 (0xf6aad803) lhu     a6, -150(s5)
core   0: 3 0x80004e92 (0xf6aad803) x16 0x00000000 mem 0x8001de18
core   0: 0x80004e96 (0x005f1b83) lh      s7, 5(t5)
core   0: 3 0x80004e96 (0x005f1b83) x23 0x00000000 mem 0x8001e27e
core   0: 0x80004e9a (0xf5ca8f83) lb      t6, -164(s5)
core   0: 3 0x80004e9a (0xf5ca8f83) x31 0x00000000 mem 0x8001de0a
core   0: 0x80004e9e (0xff628d83) lb      s11, -10(t0)
core   0: 3 0x80004e9e (0xff628d83) x27 0x00000000 mem 0x80020372
core   0: 0x80004ea2 (0x00ce8323) sb      a2, 6(t4)
core   0: 3 0x80004ea2 (0x00ce8323) mem 0x80020935 0x0
core   0: 0x80004ea6 (0xfe0f19a3) sh      zero, -13(t5)
core   0: 3 0x80004ea6 (0xfe0f19a3) mem 0x8001e26c 0x0000
core   0: 0x80004eaa (0xff6e4d03) lbu     s10, -10(t3)
core   0: 3 0x80004eaa (0xff6e4d03) x26 0x00000000 mem 0x8001db4b
core   0: 0x80004eae (0xfedf2fa3) sw      a3, -1(t5)
core   0: 3 0x80004eae (0xfedf2fa3) mem 0x8001e278 0x00000000
core   0: 0x80004eb2 (0xfdae0883) lb      a7, -38(t3)
core   0: 3 0x80004eb2 (0xfdae0883) x17 0x00000000 mem 0x8001db2f
core   0: 0x80004eb6 (0x0001c997) auipc   s3, 0x1c
core   0: 3 0x80004eb6 (0x0001c997) x19 0x80020eb6
core   0: 0x80004eba (0xbc298993) addi    s3, s3, -1086
core   0: 3 0x80004eba (0xbc298993) x19 0x80020a78
core   0: 0x80004ebe (0x000089c1) c.andi  a1, 16
core   0: 3 0x80004ebe (0x89c1) x11 0x00000000
core   0: 0x80004ec0 (0xe90e4093) xori    ra, t3, -368
core   0: 3 0x80004ec0 (0xe90e4093) x 1 0x7ffe25c5
core   0: 0x80004ec4 (0x05a99883) lh      a7, 90(s3)
core   0: 3 0x80004ec4 (0x05a99883) x17 0x00000000 mem 0x80020ad2
core   0: 0x80004ec8 (0xfb79c383) lbu     t2, -73(s3)
core   0: 3 0x80004ec8 (0xfb79c383) x 7 0x00000000 mem 0x80020a2f
core   0: 0x80004ecc (0x0bd98003) lb      zero, 189(s3)
core   0: 3 0x80004ecc (0x0bd98003) mem 0x80020b35
core   0: 0x80004ed0 (0xf7e98aa3) sb      t5, -139(s3)
core   0: 3 0x80004ed0 (0xf7e98aa3) mem 0x800209ed 0x79
core   0: 0x80004ed4 (0x09898e83) lb      t4, 152(s3)
core   0: 3 0x80004ed4 (0x09898e83) x29 0x00000000 mem 0x80020b10
core   0: 0x80004ed8 (0x0f998703) lb      a4, 249(s3)
core   0: 3 0x80004ed8 (0x0f998703) x14 0x00000000 mem 0x80020b71
core   0: 0x80004edc (0x03abf0b3) remu    ra, s7, s10
core   0: 3 0x80004edc (0x03abf0b3) x 1 0x00000000
core   0: 0x80004ee0 (0x47fa1a37) lui     s4, 0x47fa1
core   0: 3 0x80004ee0 (0x47fa1a37) x20 0x47fa1000
core   0: 0x80004ee4 (0x02423433) mulhu   s0, tp, tp
core   0: 3 0x80004ee4 (0x02423433) x 8 0x40013ac5
core   0: 0x80004ee8 (0xf13981a3) sb      s3, -253(s3)
core   0: 3 0x80004ee8 (0xf13981a3) mem 0x8002097b 0x78
core   0: 0x80004eec (0x031b5eb3) divu    t4, s6, a7
core   0: 3 0x80004eec (0x031b5eb3) x29 0xffffffff
core   0: 0x80004ef0 (0xce2de713) ori     a4, s11, -798
core   0: 3 0x80004ef0 (0xce2de713) x14 0xfffffce2
core   0: 0x80004ef4 (0xf639cd03) lbu     s10, -157(s3)
core   0: 3 0x80004ef4 (0xf639cd03) x26 0x00000000 mem 0x800209db
core   0: 0x80004ef8 (0xf00980a3) sb      zero, -255(s3)
core   0: 3 0x80004ef8 (0xf00980a3) mem 0x80020979 0x0
core   0: 0x80004efc (0x01249e33) sll     t3, s1, s2
core   0: 3 0x80004efc (0x01249e33) x28 0x0028e640
core   0: 0x80004f00 (0xfad98d23) sb      a3, -70(s3)
core   0: 3 0x80004f00 (0xfad98d23) mem 0x80020a32 0x0
core   0: 0x80004f04 (0x01d981a3) sb      t4, 3(s3)
core   0: 3 0x80004f04 (0x01d981a3) mem 0x80020a7b 0xff
core   0: 0x80004f08 (0x87417593) andi    a1, sp, -1932
core   0: 3 0x80004f08 (0x87417593) x11 0x00000000
core   0: 0x80004f0c (0x03ed0bb3) mul     s7, s10, t5
core   0: 3 0x80004f0c (0x03ed0bb3) x23 0x00000000
core   0: 0x80004f10 (0x01d28e33) add     t3, t0, t4
core   0: 3 0x80004f10 (0x01d28e33) x28 0x8002037b
core   0: 0x80004f14 (0xf9a9c783) lbu     a5, -102(s3)
core   0: 3 0x80004f14 (0xf9a9c783) x15 0x00000000 mem 0x80020a12
core   0: 0x80004f18 (0x03699423) sh      s6, 40(s3)
core   0: 3 0x80004f18 (0x03699423) mem 0x80020aa0 0x0000
core   0: 0x80004f1c (0x01ff4db3) xor     s11, t5, t6
core   0: 3 0x80004f1c (0x01ff4db3) x27 0x8001e279
core   0: 0x80004f20 (0x00f98ea3) sb      a5, 29(s3)
core   0: 3 0x80004f20 (0x00f98ea3) mem 0x80020a95 0x0
core   0: 0x80004f24 (0x00008fb5) c.xor   a5, a3
core   0: 3 0x80004f24 (0x8fb5) x15 0x00000000
core   0: 0x80004f26 (0x007d80b3) add     ra, s11, t2
core   0: 3 0x80004f26 (0x007d80b3) x 1 0x8001e279
core   0: 0x80004f2a (0xfc198ba3) sb      ra, -41(s3)
core   0: 3 0x80004f2a (0xfc198ba3) mem 0x80020a4f 0x79
core   0: 0x80004f2e (0x06a99603) lh      a2, 106(s3)
core   0: 3 0x80004f2e (0x06a99603) x12 0x00000000 mem 0x80020ae2
core   0: 0x80004f32 (0xfb69d703) lhu     a4, -74(s3)
core   0: 3 0x80004f32 (0xfb69d703) x14 0x00000000 mem 0x80020a2e
core   0: 0x80004f36 (0xdd94ae93) slti    t4, s1, -551
core   0: 3 0x80004f36 (0xdd94ae93) x29 0x00000001
core   0: 0x80004f3a (0xf339c083) lbu     ra, -205(s3)
core   0: 3 0x80004f3a (0xf339c083) x 1 0x00000000 mem 0x800209ab
core   0: 0x80004f3e (0x02268f33) mul     t5, a3, sp
core   0: 3 0x80004f3e (0x02268f33) x30 0x00000000
core   0: 0x80004f42 (0x0559cf03) lbu     t5, 85(s3)
core   0: 3 0x80004f42 (0x0559cf03) x30 0x00000000 mem 0x80020acd
core   0: 0x80004f46 (0xf36987a3) sb      s6, -209(s3)
core   0: 3 0x80004f46 (0xf36987a3) mem 0x800209a7 0x0
core   0: 0x80004f4a (0x00006365) c.lui   t1, 0x19
core   0: 3 0x80004f4a (0x6365) x 6 0x00019000
core   0: 0x80004f4c (0xfa598c83) lb      s9, -91(s3)
core   0: 3 0x80004f4c (0xfa598c83) x25 0x00000000 mem 0x80020a1d
core   0: 0x80004f50 (0x0ee980a3) sb      a4, 225(s3)
core   0: 3 0x80004f50 (0x0ee980a3) mem 0x80020b59 0x0
core   0: 0x80004f54 (0x000081e5) c.srli  a1, 25
core   0: 3 0x80004f54 (0x81e5) x11 0x00000000
core   0: 0x80004f56 (0x03c98223) sb      t3, 36(s3)
core   0: 3 0x80004f56 (0x03c98223) mem 0x80020a9c 0x7b
core   0: 0x80004f5a (0xfd29aa23) sw      s2, -44(s3)
core   0: 3 0x80004f5a (0xfd29aa23) mem 0x80020a4c 0x8002cce4
core   0: 0x80004f5e (0x0bd98d03) lb      s10, 189(s3)
core   0: 3 0x80004f5e (0x0bd98d03) x26 0x00000000 mem 0x80020b35
core   0: 0x80004f62 (0x0f499e83) lh      t4, 244(s3)
core   0: 3 0x80004f62 (0x0f499e83) x29 0x00000000 mem 0x80020b6c
core   0: 0x80004f66 (0x0ee99c03) lh      s8, 238(s3)
core   0: 3 0x80004f66 (0x0ee99c03) x24 0x00000000 mem 0x80020b66
core   0: 0x80004f6a (0x0c89c203) lbu     tp, 200(s3)
core   0: 3 0x80004f6a (0x0c89c203) x 4 0x00000000 mem 0x80020b40
core   0: 0x80004f6e (0x00000001) c.nop
core   0: 3 0x80004f6e (0x0001)
core   0: 0x80004f70 (0x01e99e23) sh      t5, 28(s3)
core   0: 3 0x80004f70 (0x01e99e23) mem 0x80020a94 0x0000
core   0: 0x80004f74 (0x0000ec17) auipc   s8, 0xe
core   0: 3 0x80004f74 (0x0000ec17) x24 0x80012f74
core   0: 0x80004f78 (0x192c0c13) addi    s8, s8, 402
core   0: 3 0x80004f78 (0x192c0c13) x24 0x80013106
core   0: 0x80004f7c (0xff7c09a3) sb      s7, -13(s8)
core   0: 3 0x80004f7c (0xff7c09a3) mem 0x800130f9 0x0
core   0: 0x80004f80 (0x0a6c01a3) sb      t1, 163(s8)
core   0: 3 0x80004f80 (0x0a6c01a3) mem 0x800131a9 0x0
core   0: 0x80004f84 (0x082c5803) lhu     a6, 130(s8)
core   0: 3 0x80004f84 (0x082c5803) x16 0x00000000 mem 0x80013188
core   0: 0x80004f88 (0x00000001) c.nop
core   0: 3 0x80004f88 (0x0001)
core   0: 0x80004f8a (0x013c4c83) lbu     s9, 19(s8)
core   0: 3 0x80004f8a (0x013c4c83) x25 0x0000003c mem 0x80013119
core   0: 0x80004f8e (0x0e5c01a3) sb      t0, 227(s8)
core   0: 3 0x80004f8e (0x0e5c01a3) mem 0x800131e9 0x7c
core   0: 0x80004f92 (0x01fe3b33) sltu    s6, t3, t6
core   0: 3 0x80004f92 (0x01fe3b33) x22 0x00000000
core   0: 0x80004f96 (0x03e0e3b3) rem     t2, ra, t5
core   0: 3 0x80004f96 (0x03e0e3b3) x 7 0x00000000
core   0: 0x80004f9a (0xfd8c4c83) lbu     s9, -40(s8)
core   0: 3 0x80004f9a (0xfd8c4c83) x25 0x00000000 mem 0x800130de
core   0: 0x80004f9e (0xfc9c4f83) lbu     t6, -55(s8)
core   0: 3 0x80004f9e (0xfc9c4f83) x31 0x00000000 mem 0x800130cf
core   0: 0x80004fa2 (0x084c0ca3) sb      tp, 153(s8)
core   0: 3 0x80004fa2 (0x084c0ca3) mem 0x8001319f 0x0
core   0: 0x80004fa6 (0x0a8c0703) lb      a4, 168(s8)
core   0: 3 0x80004fa6 (0x0a8c0703) x14 0x00000000 mem 0x800131ae
core   0: 0x80004faa (0xfbdc0223) sb      t4, -92(s8)
core   0: 3 0x80004faa (0xfbdc0223) mem 0x800130aa 0x0
core   0: 0x80004fae (0xf4fc2323) sw      a5, -186(s8)
core   0: 3 0x80004fae (0xf4fc2323) mem 0x8001304c 0x00000000
core   0: 0x80004fb2 (0xfdbc06a3) sb      s11, -51(s8)
core   0: 3 0x80004fb2 (0xfdbc06a3) mem 0x800130d3 0x79
core   0: 0x80004fb6 (0x87130413) addi    s0, t1, -1935
core   0: 3 0x80004fb6 (0x87130413) x 8 0x00018871
core   0: 0x80004fba (0x06ec0183) lb      gp, 110(s8)
core   0: 3 0x80004fba (0x06ec0183) x 3 0x00000000 mem 0x80013174
core   0: 0x80004fbe (0xf51c4083) lbu     ra, -175(s8)
core   0: 3 0x80004fbe (0xf51c4083) x 1 0x00000000 mem 0x80013057
core   0: 0x80004fc2 (0x402cde13) srai    t3, s9, 2
core   0: 3 0x80004fc2 (0x402cde13) x28 0x00000000
core   0: 0x80004fc6 (0x0c7c0f03) lb      t5, 199(s8)
core   0: 3 0x80004fc6 (0x0c7c0f03) x30 0x00000000 mem 0x800131cd
core   0: 0x80004fca (0x0bdc0083) lb      ra, 189(s8)
core   0: 3 0x80004fca (0x0bdc0083) x 1 0x00000000 mem 0x800131c3
core   0: 0x80004fce (0xfbbc4103) lbu     sp, -69(s8)
core   0: 3 0x80004fce (0xfbbc4103) x 2 0x00000000 mem 0x800130c1
core   0: 0x80004fd2 (0xfecc1183) lh      gp, -20(s8)
core   0: 3 0x80004fd2 (0xfecc1183) x 3 0x00000000 mem 0x800130f2
core   0: 0x80004fd6 (0xfdcc1a83) lh      s5, -36(s8)
core   0: 3 0x80004fd6 (0xfdcc1a83) x21 0x00000000 mem 0x800130e2
core   0: 0x80004fda (0x00000b15) c.addi  s6, 5
core   0: 3 0x80004fda (0x0b15) x22 0x00000005
core   0: 0x80004fdc (0x0196f7b3) and     a5, a3, s9
core   0: 3 0x80004fdc (0x0196f7b3) x15 0x00000000
core   0: 0x80004fe0 (0x6a50e893) ori     a7, ra, 1701
core   0: 3 0x80004fe0 (0x6a50e893) x17 0x000006a5
core   0: 0x80004fe4 (0x03bc4283) lbu     t0, 59(s8)
core   0: 3 0x80004fe4 (0x03bc4283) x 5 0x00000000 mem 0x80013141
core   0: 0x80004fe8 (0x000095de) c.add   a1, s7
core   0: 3 0x80004fe8 (0x95de) x11 0x00000000
core   0: 0x80004fea (0x00008fd5) c.or    a5, a3
core   0: 3 0x80004fea (0x8fd5) x15 0x00000000
core   0: 0x80004fec (0x000c1583) lh      a1, 0(s8)
core   0: 3 0x80004fec (0x000c1583) x11 0x00002f00 mem 0x80013106
core   0: 0x80004ff0 (0x0000430d) c.li    t1, 3
core   0: 3 0x80004ff0 (0x430d) x 6 0x00000003
core   0: 0x80004ff2 (0x0d9c0703) lb      a4, 217(s8)
core   0: 3 0x80004ff2 (0x0d9c0703) x14 0x00000000 mem 0x800131df
core   0: 0x80004ff6 (0x00008f85) c.sub   a5, s1
core   0: 3 0x80004ff6 (0x8f85) x15 0x7ffd719c
core   0: 0x80004ff8 (0xf98c0e03) lb      t3, -104(s8)
core   0: 3 0x80004ff8 (0xf98c0e03) x28 0x00000000 mem 0x8001309e
core   0: 0x80004ffc (0xff9c1623) sh      s9, -20(s8)
core   0: 3 0x80004ffc (0xff9c1623) mem 0x800130f2 0x0000
core   0: 0x80005000 (0x41bad0b3) sra     ra, s5, s11
core   0: 3 0x80005000 (0x41bad0b3) x 1 0x00000000
core   0: 0x80005004 (0x00000001) c.nop
core   0: 3 0x80005004 (0x0001)
core   0: 0x80005006 (0x0e0c5103) lhu     sp, 224(s8)
core   0: 3 0x80005006 (0x0e0c5103) x 2 0x00000000 mem 0x800131e6
core   0: 0x8000500a (0x007558b3) srl     a7, a0, t2
core   0: 3 0x8000500a (0x007558b3) x17 0xfd3e21da
core   0: 0x8000500e (0x020c0323) sb      zero, 38(s8)
core   0: 3 0x8000500e (0x020c0323) mem 0x8001312c 0x0
core   0: 0x80005012 (0x00008a55) c.andi  a2, 21
core   0: 3 0x80005012 (0x8a55) x12 0x00000000
core   0: 0x80005014 (0x01f79f33) sll     t5, a5, t6
core   0: 3 0x80005014 (0x01f79f33) x30 0x7ffd719c
core   0: 0x80005018 (0x0232a2b3) mulhsu  t0, t0, gp
core   0: 3 0x80005018 (0x0232a2b3) x 5 0x00000000
core   0: 0x8000501c (0x00008791) c.srai  a5, 4
core   0: 3 0x8000501c (0x8791) x15 0x07ffd719
core   0: 0x8000501e (0xf6fc0b83) lb      s7, -145(s8)
core   0: 3 0x8000501e (0xf6fc0b83) x23 0x00000000 mem 0x80013075
core   0: 0x80005022 (0x00008e19) c.sub   a2, a4
core   0: 3 0x80005022 (0x8e19) x12 0x00000000
core   0: 0x80005024 (0x066c0b23) sb      t1, 118(s8)
core   0: 3 0x80005024 (0x066c0b23) mem 0x8001317c 0x3
core   0: 0x80005028 (0x0303abb3) mulhsu  s7, t2, a6
core   0: 3 0x80005028 (0x0303abb3) x23 0x00000000
core   0: 0x8000502c (0x01b78a33) add     s4, a5, s11
core   0: 3 0x8000502c (0x01b78a33) x20 0x8801b992
core   0: 0x80005030 (0xfa8c2123) sw      s0, -94(s8)
core   0: 3 0x80005030 (0xfa8c2123) mem 0x800130a8 0x00018871
core   0: 0x80005034 (0x0001e117) auipc   sp, 0x1e
core   0: 3 0x80005034 (0x0001e117) x 2 0x80023034
core   0: 0x80005038 (0xb0610113) addi    sp, sp, -1274
core   0: 3 0x80005038 (0xb0610113) x 2 0x80022b3a
core   0: 0x8000503c (0x01e7eb33) or      s6, a5, t5
core   0: 3 0x8000503c (0x01e7eb33) x22 0x7ffff79d
core   0: 0x80005040 (0x81f10d03) lb      s10, -2017(sp)
core   0: 3 0x80005040 (0x81f10d03) x26 0x00000000 mem 0x80022359
core   0: 0x80005044 (0x81e10fa3) sb      t5, -2017(sp)
core   0: 3 0x80005044 (0x81e10fa3) mem 0x80022359 0x9c
core   0: 0x80005048 (0x0000100f) fence.i
core   0: 3 0x80005048 (0x0000100f)
core   0: 0x8000504c (0x011fe433) or      s0, t6, a7
core   0: 3 0x8000504c (0x011fe433) x 8 0xfd3e21da
core   0: 0x80005050 (0xe9014683) lbu     a3, -368(sp)
core   0: 3 0x80005050 (0xe9014683) x13 0x00000000 mem 0x800229ca
core   0: 0x80005054 (0x36114583) lbu     a1, 865(sp)
core   0: 3 0x80005054 (0x36114583) x11 0x00000000 mem 0x80022e9b
core   0: 0x80005058 (0xe8210f03) lb      t5, -382(sp)
core   0: 3 0x80005058 (0xe8210f03) x30 0x00000000 mem 0x800229bc
core   0: 0x8000505c (0xe9b11123) sh      s11, -382(sp)
core   0: 3 0x8000505c (0xe9b11123) mem 0x800229bc 0xe279
core   0: 0x80005060 (0xe8210a03) lb      s4, -382(sp)
core   0: 3 0x80005060 (0xe8210a03) x20 0x00000079 mem 0x800229bc
core   0: 0x80005064 (0xe9f11123) sh      t6, -382(sp)
core   0: 3 0x80005064 (0xe9f11123) mem 0x800229bc 0x0000
core   0: 0x80005068 (0xd2b03e93) sltiu   t4, zero, -725
core   0: 3 0x80005068 (0xd2b03e93) x29 0x00000001
core   0: 0x8000506c (0x03aa0fb3) mul     t6, s4, s10
core   0: 3 0x8000506c (0x03aa0fb3) x31 0x00000000
core   0: 0x80005070 (0x034c0f33) mul     t5, s8, s4
core   0: 3 0x80005070 (0x034c0f33) x30 0x80902bd6
core   0: 0x80005074 (0x0d2106a3) sb      s2, 205(sp)
core   0: 3 0x80005074 (0x0d2106a3) mem 0x80022c07 0xe4
core   0: 0x80005078 (0x0d3106a3) sb      s3, 205(sp)
core   0: 3 0x80005078 (0x0d3106a3) mem 0x80022c07 0x78
core   0: 0x8000507c (0x0c6106a3) sb      t1, 205(sp)
core   0: 3 0x8000507c (0x0c6106a3) mem 0x80022c07 0x3
core   0: 0x80005080 (0x0cd14d03) lbu     s10, 205(sp)
core   0: 3 0x80005080 (0x0cd14d03) x26 0x00000003 mem 0x80022c07
core   0: 0x80005084 (0x0cb106a3) sb      a1, 205(sp)
core   0: 3 0x80005084 (0x0cb106a3) mem 0x80022c07 0x0
core   0: 0x80005088 (0x0c2106a3) sb      sp, 205(sp)
core   0: 3 0x80005088 (0x0c2106a3) mem 0x80022c07 0x3a
core   0: 0x8000508c (0x00008c7d) c.and   s0, a5
core   0: 3 0x8000508c (0x8c7d) x 8 0x053e0118
core   0: 0x8000508e (0x0cd14183) lbu     gp, 205(sp)
core   0: 3 0x8000508e (0x0cd14183) x 3 0x0000003a mem 0x80022c07
core   0: 0x80005092 (0x0000ed97) auipc   s11, 0xe
core   0: 3 0x80005092 (0x0000ed97) x27 0x80013092
core   0: 0x80005096 (0x71ed8d93) addi    s11, s11, 1822
core   0: 3 0x80005096 (0x71ed8d93) x27 0x800137b0
core   0: 0x8000509a (0xfc2dd683) lhu     a3, -62(s11)
core   0: 3 0x8000509a (0xfc2dd683) x13 0x00000000 mem 0x80013772
core   0: 0x8000509e (0x014d84a3) sb      s4, 9(s11)
core   0: 3 0x8000509e (0x014d84a3) mem 0x800137b9 0x79
core   0: 0x800050a2 (0x013d84a3) sb      s3, 9(s11)
core   0: 3 0x800050a2 (0x013d84a3) mem 0x800137b9 0x78
core   0: 0x800050a6 (0x009d8083) lb      ra, 9(s11)
core   0: 3 0x800050a6 (0x009d8083) x 1 0x00000078 mem 0x800137b9
core   0: 0x800050aa (0xfe9d81a3) sb      s1, -29(s11)
core   0: 3 0x800050aa (0xfe9d81a3) mem 0x80013793 0x64
core   0: 0x800050ae (0x01ed8da3) sb      t5, 27(s11)
core   0: 3 0x800050ae (0x01ed8da3) mem 0x800137cb 0xd6
core   0: 0x800050b2 (0x00000001) c.nop
core   0: 3 0x800050b2 (0x0001)
core   0: 0x800050b4 (0x001d8da3) sb      ra, 27(s11)
core   0: 3 0x800050b4 (0x001d8da3) mem 0x800137cb 0x78
core   0: 0x800050b8 (0xfcfd8c83) lb      s9, -49(s11)
core   0: 3 0x800050b8 (0xfcfd8c83) x25 0x00000000 mem 0x8001377f
core   0: 0x800050bc (0xfe1d8583) lb      a1, -31(s11)
core   0: 3 0x800050bc (0xfe1d8583) x11 0x00000000 mem 0x80013791
core   0: 0x800050c0 (0x01bdc583) lbu     a1, 27(s11)
core   0: 3 0x800050c0 (0x01bdc583) x11 0x00000078 mem 0x800137cb
core   0: 0x800050c4 (0x01ed8da3) sb      t5, 27(s11)
core   0: 3 0x800050c4 (0x01ed8da3) mem 0x800137cb 0xd6
core   0: 0x800050c8 (0x01bdcd03) lbu     s10, 27(s11)
core   0: 3 0x800050c8 (0x01bdcd03) x26 0x000000d6 mem 0x800137cb
core   0: 0x800050cc (0x016d8da3) sb      s6, 27(s11)
core   0: 3 0x800050cc (0x016d8da3) mem 0x800137cb 0x9d
core   0: 0x800050d0 (0x002dc283) lbu     t0, 2(s11)
core   0: 3 0x800050d0 (0x002dc283) x 5 0x00000000 mem 0x800137b2
core   0: 0x800050d4 (0x03fd8c03) lb      s8, 63(s11)
core   0: 3 0x800050d4 (0x03fd8c03) x24 0x00000000 mem 0x800137ef
core   0: 0x800050d8 (0x03fdc203) lbu     tp, 63(s11)
core   0: 3 0x800050d8 (0x03fdc203) x 4 0x00000000 mem 0x800137ef
core   0: 0x800050dc (0x0000fa97) auipc   s5, 0xf
core   0: 3 0x800050dc (0x0000fa97) x21 0x800140dc
core   0: 0x800050e0 (0xe74a8a93) addi    s5, s5, -396
core   0: 3 0x800050e0 (0xe74a8a93) x21 0x80013f50
core   0: 0x800050e4 (0xeada8203) lb      tp, -339(s5)
core   0: 3 0x800050e4 (0xeada8203) x 4 0x00000000 mem 0x80013dfd
core   0: 0x800050e8 (0xe20aab03) lw      s6, -480(s5)
core   0: 3 0x800050e8 (0xe20aab03) x22 0x00001f00 mem 0x80013d70
core   0: 0x800050ec (0x409407b3) sub     a5, s0, s1
core   0: 3 0x800050ec (0x409407b3) x15 0x853b72b4
core   0: 0x800050f0 (0x000063ad) c.lui   t2, 0xb
core   0: 3 0x800050f0 (0x63ad) x 7 0x0000b000
core   0: 0x800050f2 (0x03e53333) mulhu   t1, a0, t5
core   0: 3 0x800050f2 (0x03e53333) x 6 0x7f2daf3d
core   0: 0x800050f6 (0xe2aa8f03) lb      t5, -470(s5)
core   0: 3 0x800050f6 (0xe2aa8f03) x30 0x00000000 mem 0x80013d7a
core   0: 0x800050fa (0x00997b33) and     s6, s2, s1
core   0: 3 0x800050fa (0x00997b33) x22 0x80028c64
core   0: 0x800050fe (0xc70a9d23) sh      a6, -902(s5)
core   0: 3 0x800050fe (0xc70a9d23) mem 0x80013bca 0x0000
core   0: 0x80005102 (0xbdbacf83) lbu     t6, -1061(s5)
core   0: 3 0x80005102 (0xbdbacf83) x31 0x000000e4 mem 0x80013b2b
core   0: 0x80005106 (0x837a8fa3) sb      s7, -1985(s5)
core   0: 3 0x80005106 (0x837a8fa3) mem 0x8001378f 0x0
core   0: 0x8000510a (0xba7acb83) lbu     s7, -1113(s5)
core   0: 3 0x8000510a (0xba7acb83) x23 0x00000000 mem 0x80013af7
core   0: 0x8000510e (0x00008d95) c.sub   a1, a3
core   0: 3 0x8000510e (0x8d95) x11 0x00000078
core   0: 0x80005110 (0x00009fee) c.add   t6, s11
core   0: 3 0x80005110 (0x9fee) x31 0x80013894
core   0: 0x80005112 (0x016a4033) xor     zero, s4, s6
core   0: 3 0x80005112 (0x016a4033)
core   0: 0x80005116 (0xdf2a9423) sh      s2, -536(s5)
core   0: 3 0x80005116 (0xdf2a9423) mem 0x80013d38 0xcce4
core   0: 0x8000511a (0x0000717d) c.addi16sp sp, -16
core   0: 3 0x8000511a (0x717d) x 2 0x80022b2a
core   0: 0x8000511c (0x0000100f) fence.i
core   0: 3 0x8000511c (0x0000100f)
core   0: 0x80005120 (0x00008ea1) c.xor   a3, s0
core   0: 3 0x80005120 (0x8ea1) x13 0x053e0118
core   0: 0x80005122 (0x0383b633) mulhu   a2, t2, s8
core   0: 3 0x80005122 (0x0383b633) x12 0x00000000
core   0: 0x80005126 (0x00000001) c.nop
core   0: 3 0x80005126 (0x0001)
core   0: 0x80005128 (0xfe1a9823) sh      ra, -16(s5)
core   0: 3 0x80005128 (0xfe1a9823) mem 0x80013f40 0x0078
core   0: 0x8000512c (0x01ec9613) slli    a2, s9, 30
core   0: 3 0x8000512c (0x01ec9613) x12 0x00000000
core   0: 0x80005130 (0x017ce5b3) or      a1, s9, s7
core   0: 3 0x80005130 (0x017ce5b3) x11 0x00000000
core   0: 0x80005134 (0xd2ead183) lhu     gp, -722(s5)
core   0: 3 0x80005134 (0xd2ead183) x 3 0x00000000 mem 0x80013c7e
core   0: 0x80005138 (0xbc6a9b83) lh      s7, -1082(s5)
core   0: 3 0x80005138 (0xbc6a9b83) x23 0x00000000 mem 0x80013b16
core   0: 0x8000513c (0xed0aa603) lw      a2, -304(s5)
core   0: 3 0x8000513c (0xed0aa603) x12 0x00000000 mem 0x80013e20
core   0: 0x80005140 (0x0000100f) fence.i
core   0: 3 0x80005140 (0x0000100f)
core   0: 0x80005144 (0x40e3dcb3) sra     s9, t2, a4
core   0: 3 0x80005144 (0x40e3dcb3) x25 0x0000b000
core   0: 0x80005148 (0x00039c93) slli    s9, t2, 0
core   0: 3 0x80005148 (0x00039c93) x25 0x0000b000
core   0: 0x8000514c (0x8eca9223) sh      a2, -1820(s5)
core   0: 3 0x8000514c (0x8eca9223) mem 0x80013834 0x0000
core   0: 0x80005150 (0xa8ea8d03) lb      s10, -1394(s5)
core   0: 3 0x80005150 (0xa8ea8d03) x26 0x00000000 mem 0x800139de
core   0: 0x80005154 (0xd0ca9b23) sh      a2, -746(s5)
core   0: 3 0x80005154 (0xd0ca9b23) mem 0x80013c66 0x0000
core   0: 0x80005158 (0x51a26693) ori     a3, tp, 1306
core   0: 3 0x80005158 (0x51a26693) x13 0x0000051a
core   0: 0x8000515c (0x06fa8e83) lb      t4, 111(s5)
core   0: 3 0x8000515c (0x06fa8e83) x29 0x00000000 mem 0x80013fbf
core   0: 0x80005160 (0x01fc0233) add     tp, s8, t6
core   0: 3 0x80005160 (0x01fc0233) x 4 0x80013894
core   0: 0x80005164 (0x836a9203) lh      tp, -1994(s5)
core   0: 3 0x80005164 (0x836a9203) x 4 0x00000000 mem 0x80013786
core   0: 0x80005168 (0x00807633) and     a2, zero, s0
core   0: 3 0x80005168 (0x00807633) x12 0x00000000
core   0: 0x8000516c (0xf81a8683) lb      a3, -127(s5)
core   0: 3 0x8000516c (0xf81a8683) x13 0x00000000 mem 0x80013ed1
core   0: 0x80005170 (0x015d3833) sltu    a6, s10, s5
core   0: 3 0x80005170 (0x015d3833) x16 0x00000001
core   0: 0x80005174 (0x00000001) c.nop
core   0: 3 0x80005174 (0x0001)
core   0: 0x80005176 (0x025df2b3) remu    t0, s11, t0
core   0: 3 0x80005176 (0x025df2b3) x 5 0x800137b0
core   0: 0x8000517a (0xb4da8803) lb      a6, -1203(s5)
core   0: 3 0x8000517a (0xb4da8803) x16 0x00000000 mem 0x80013a9d
core   0: 0x8000517e (0xf7fa8a03) lb      s4, -129(s5)
core   0: 3 0x8000517e (0xf7fa8a03) x20 0x00000000 mem 0x80013ecf
core   0: 0x80005182 (0x0000e117) auipc   sp, 0xe
core   0: 3 0x80005182 (0x0000e117) x 2 0x80013182
core   0: 0x80005186 (0x11610113) addi    sp, sp, 278
core   0: 3 0x80005186 (0x11610113) x 2 0x80013298
core   0: 0x8000518a (0x36b100a3) sb      a1, 865(sp)
core   0: 3 0x8000518a (0x36b100a3) mem 0x800135f9 0x0
core   0: 0x8000518e (0x36114c83) lbu     s9, 865(sp)
core   0: 3 0x8000518e (0x36114c83) x25 0x00000000 mem 0x800135f9
core   0: 0x80005192 (0xf7f12e23) sw      t6, -132(sp)
core   0: 3 0x80005192 (0xf7f12e23) mem 0x80013214 0x80013894
core   0: 0x80005196 (0x32012583) lw      a1, 800(sp)
core   0: 3 0x80005196 (0x32012583) x11 0x00000000 mem 0x800135b8
core   0: 0x8000519a (0x32010003) lb      zero, 800(sp)
core   0: 3 0x8000519a (0x32010003) mem 0x800135b8
core   0: 0x8000519e (0xe7f10983) lb      s3, -385(sp)
core   0: 3 0x8000519e (0xe7f10983) x19 0x00000000 mem 0x80013117
core   0: 0x800051a2 (0xe7f10f03) lb      t5, -385(sp)
core   0: 3 0x800051a2 (0xe7f10f03) x30 0x00000000 mem 0x80013117
core   0: 0x800051a6 (0x0194c0b3) xor     ra, s1, s9
core   0: 3 0x800051a6 (0x0194c0b3) x 1 0x80028e64
core   0: 0x800051aa (0x00000001) c.nop
core   0: 3 0x800051aa (0x0001)
core   0: 0x800051ac (0xe7f10403) lb      s0, -385(sp)
core   0: 3 0x800051ac (0xe7f10403) x 8 0x00000000 mem 0x80013117
core   0: 0x800051b0 (0xe2614d03) lbu     s10, -474(sp)
core   0: 3 0x800051b0 (0xe2614d03) x26 0x00000000 mem 0x800130be
core   0: 0x800051b4 (0xe2614f03) lbu     t5, -474(sp)
core   0: 3 0x800051b4 (0xe2614f03) x30 0x00000000 mem 0x800130be
core   0: 0x800051b8 (0xe2211323) sh      sp, -474(sp)
core   0: 3 0x800051b8 (0xe2211323) mem 0x800130be 0x3298
core   0: 0x800051bc (0x75b10123) sb      s11, 1858(sp)
core   0: 3 0x800051bc (0x75b10123) mem 0x800139da 0xb0
core   0: 0x800051c0 (0x74215783) lhu     a5, 1858(sp)
core   0: 3 0x800051c0 (0x74215783) x15 0x000000b0 mem 0x800139da
core   0: 0x800051c4 (0x74211183) lh      gp, 1858(sp)
core   0: 3 0x800051c4 (0x74211183) x 3 0x000000b0 mem 0x800139da
core   0: 0x800051c8 (0x74215883) lhu     a7, 1858(sp)
core   0: 3 0x800051c8 (0x74215883) x17 0x000000b0 mem 0x800139da
core   0: 0x800051cc (0x000081c9) c.srli  a1, 18
core   0: 3 0x800051cc (0x81c9) x11 0x00000000
core   0: 0x800051ce (0x74211e83) lh      t4, 1858(sp)
core   0: 3 0x800051ce (0x74211e83) x29 0x000000b0 mem 0x800139da
core   0: 0x800051d2 (0x74211303) lh      t1, 1858(sp)
core   0: 3 0x800051d2 (0x74211303) x 6 0x000000b0 mem 0x800139da
core   0: 0x800051d6 (0x0001f897) auipc   a7, 0x1f
core   0: 3 0x800051d6 (0x0001f897) x17 0x800241d6
core   0: 0x800051da (0x8bf88893) addi    a7, a7, -1857
core   0: 3 0x800051da (0x8bf88893) x17 0x80023a95
core   0: 0x800051de (0x02ea7f33) remu    t5, s4, a4
core   0: 3 0x800051de (0x02ea7f33) x30 0x00000000
core   0: 0x800051e2 (0xfd08c683) lbu     a3, -48(a7)
core   0: 3 0x800051e2 (0xfd08c683) x13 0x00000000 mem 0x80023a65
core   0: 0x800051e6 (0xfcb88083) lb      ra, -53(a7)
core   0: 3 0x800051e6 (0xfcb88083) x 1 0x00000000 mem 0x80023a60
core   0: 0x800051ea (0x0188cd03) lbu     s10, 24(a7)
core   0: 3 0x800051ea (0x0188cd03) x26 0x00000000 mem 0x80023aad
core   0: 0x800051ee (0x96cd3413) sltiu   s0, s10, -1684
core   0: 3 0x800051ee (0x96cd3413) x 8 0x00000001
core   0: 0x800051f2 (0xfc48c103) lbu     sp, -60(a7)
core   0: 3 0x800051f2 (0xfc48c103) x 2 0x00000000 mem 0x80023a59
core   0: 0x800051f6 (0xfcc88d03) lb      s10, -52(a7)
core   0: 3 0x800051f6 (0xfcc88d03) x26 0x00000000 mem 0x80023a61
core   0: 0x800051fa (0x01dbc733) xor     a4, s7, t4
core   0: 3 0x800051fa (0x01dbc733) x14 0x000000b0
core   0: 0x800051fe (0x12c23293) sltiu   t0, tp, 300
core   0: 3 0x800051fe (0x12c23293) x 5 0x00000001
core   0: 0x80005202 (0xfee88223) sb      a4, -28(a7)
core   0: 3 0x80005202 (0xfee88223) mem 0x80023a79 0xb0
core   0: 0x80005206 (0xfeb88aa3) sb      a1, -11(a7)
core   0: 3 0x80005206 (0xfeb88aa3) mem 0x80023a8a 0x0
core   0: 0x8000520a (0xfd488c83) lb      s9, -44(a7)
core   0: 3 0x8000520a (0xfd488c83) x25 0x00000000 mem 0x80023a69
core   0: 0x8000520e (0x0238a383) lw      t2, 35(a7)
core   0: 3 0x8000520e (0x0238a383) x 7 0x00000000 mem 0x80023ab8
core   0: 0x80005212 (0xfec88923) sb      a2, -14(a7)
core   0: 3 0x80005212 (0xfec88923) mem 0x80023a87 0x0
core   0: 0x80005216 (0x02f88623) sb      a5, 44(a7)
core   0: 3 0x80005216 (0x02f88623) mem 0x80023ac1 0xb0
core   0: 0x8000521a (0xfd288e83) lb      t4, -46(a7)
core   0: 3 0x8000521a (0xfd288e83) x29 0x00000000 mem 0x80023a67
core   0: 0x8000521e (0x0268cd03) lbu     s10, 38(a7)
core   0: 3 0x8000521e (0x0268cd03) x26 0x00000000 mem 0x80023abb
core   0: 0x80005222 (0x01989803) lh      a6, 25(a7)
core   0: 3 0x80005222 (0x01989803) x16 0x00000000 mem 0x80023aae
core   0: 0x80005226 (0xff388a83) lb      s5, -13(a7)
core   0: 3 0x80005226 (0xff388a83) x21 0x00000000 mem 0x80023a88
core   0: 0x8000522a (0x0000865d) c.srai  a2, 23
core   0: 3 0x8000522a (0x865d) x12 0x00000000
core   0: 0x8000522c (0x00a8c703) lbu     a4, 10(a7)
core   0: 3 0x8000522c (0x00a8c703) x14 0x00000000 mem 0x80023a9f
core   0: 0x80005230 (0x03389103) lh      sp, 51(a7)
core   0: 3 0x80005230 (0x03389103) x 2 0x00000000 mem 0x80023ac8
core   0: 0x80005234 (0x0218ca83) lbu     s5, 33(a7)
core   0: 3 0x80005234 (0x0218ca83) x21 0x00000000 mem 0x80023ab6
core   0: 0x80005238 (0x00321f13) slli    t5, tp, 3
core   0: 3 0x80005238 (0x00321f13) x30 0x00000000
core   0: 0x8000523c (0xfea8c083) lbu     ra, -22(a7)
core   0: 3 0x8000523c (0xfea8c083) x 1 0x00000000 mem 0x80023a7f
core   0: 0x80005240 (0x0338cc03) lbu     s8, 51(a7)
core   0: 3 0x80005240 (0x0338cc03) x24 0x00000000 mem 0x80023ac8
core   0: 0x80005244 (0x00008c41) c.or    s0, s0
core   0: 3 0x80005244 (0x8c41) x 8 0x00000001
core   0: 0x80005246 (0x03b8aa83) lw      s5, 59(a7)
core   0: 3 0x80005246 (0x03b8aa83) x21 0x00000000 mem 0x80023ad0
core   0: 0x8000524a (0x64643313) sltiu   t1, s0, 1606
core   0: 3 0x8000524a (0x64643313) x 6 0x00000001
core   0: 0x8000524e (0x003d41b3) xor     gp, s10, gp
core   0: 3 0x8000524e (0x003d41b3) x 3 0x000000b0
core   0: 0x80005252 (0x01c88783) lb      a5, 28(a7)
core   0: 3 0x80005252 (0x01c88783) x15 0x00000000 mem 0x80023ab1
core   0: 0x80005256 (0x00008dc9) c.or    a1, a0
core   0: 3 0x80005256 (0x8dc9) x11 0xfd3e21da
core   0: 0x80005258 (0x00588e23) sb      t0, 28(a7)
core   0: 3 0x80005258 (0x00588e23) mem 0x80023ab1 0x1
core   0: 0x8000525c (0x03303433) mulhu   s0, zero, s3
core   0: 3 0x8000525c (0x03303433) x 8 0x00000000
core   0: 0x80005260 (0x01f89403) lh      s0, 31(a7)
core   0: 3 0x80005260 (0x01f89403) x 8 0x00000000 mem 0x80023ab4
core   0: 0x80005264 (0x02f8d983) lhu     s3, 47(a7)
core   0: 3 0x80005264 (0x02f8d983) x19 0x00000000 mem 0x80023ac4
core   0: 0x80005268 (0xfe088b03) lb      s6, -32(a7)
core   0: 3 0x80005268 (0xfe088b03) x22 0x00000000 mem 0x80023a75
core   0: 0x8000526c (0x02b4db33) divu    s6, s1, a1
core   0: 3 0x8000526c (0x02b4db33) x22 0x00000000
core   0: 0x80005270 (0x01a88b23) sb      s10, 22(a7)
core   0: 3 0x80005270 (0x01a88b23) mem 0x80023aab 0x0
core   0: 0x80005274 (0xfcd88803) lb      a6, -51(a7)
core   0: 3 0x80005274 (0xfcd88803) x16 0x00000000 mem 0x80023a62
core   0: 0x80005278 (0x0000e117) auipc   sp, 0xe
core   0: 3 0x80005278 (0x0000e117) x 2 0x80013278
core   0: 0x8000527c (0x76c10113) addi    sp, sp, 1900
core   0: 3 0x8000527c (0x76c10113) x 2 0x800139e4
core   0: 0x80005280 (0x62f11123) sh      a5, 1570(sp)
core   0: 3 0x80005280 (0x62f11123) mem 0x80014006 0x0000
core   0: 0x80005284 (0x82611e23) sh      t1, -1988(sp)
core   0: 3 0x80005284 (0x82611e23) mem 0x80013220 0x0001
core   0: 0x80005288 (0x55811f23) sh      s8, 1374(sp)
core   0: 3 0x80005288 (0x55811f23) mem 0x80013f42 0x0000
core   0: 0x8000528c (0x025e2fb3) mulhsu  t6, t3, t0
core   0: 3 0x8000528c (0x025e2fb3) x31 0x00000000
core   0: 0x80005290 (0x97710c83) lb      s9, -1673(sp)
core   0: 3 0x80005290 (0x97710c83) x25 0x00000000 mem 0x8001335b
core   0: 0x80005294 (0xa85107a3) sb      t0, -1393(sp)
core   0: 3 0x80005294 (0xa85107a3) mem 0x80013473 0x1
core   0: 0x80005298 (0x3ff10983) lb      s3, 1023(sp)
core   0: 3 0x80005298 (0x3ff10983) x19 0x00000000 mem 0x80013de3
core   0: 0x8000529c (0x00008fad) c.xor   a5, a1
core   0: 3 0x8000529c (0x8fad) x15 0xfd3e21da
core   0: 0x8000529e (0x02cbbbb3) mulhu   s7, s7, a2
core   0: 3 0x8000529e (0x02cbbbb3) x23 0x00000000
core   0: 0x800052a2 (0xfa710c03) lb      s8, -89(sp)
core   0: 3 0x800052a2 (0xfa710c03) x24 0x00000000 mem 0x8001398b
core   0: 0x800052a6 (0xede10d23) sb      t5, -294(sp)
core   0: 3 0x800052a6 (0xede10d23) mem 0x800138be 0x0
core   0: 0x800052aa (0xbdd14f03) lbu     t5, -1059(sp)
core   0: 3 0x800052aa (0xbdd14f03) x30 0x00000000 mem 0x800135c1
core   0: 0x800052ae (0x0275d1b3) divu    gp, a1, t2
core   0: 3 0x800052ae (0x0275d1b3) x 3 0xffffffff
core   0: 0x800052b2 (0x9f0ff997) auipc   s3, 0x9f0ff
core   0: 3 0x800052b2 (0x9f0ff997) x19 0x1f1042b2
core   0: 0x800052b6 (0x00008c7d) c.and   s0, a5
core   0: 3 0x800052b6 (0x8c7d) x 8 0x00000000
core   0: 0x800052b8 (0x0000100f) fence.i
core   0: 3 0x800052b8 (0x0000100f)
core   0: 0x800052bc (0x29911323) sh      s9, 646(sp)
core   0: 3 0x800052bc (0x29911323) mem 0x80013c6a 0x0000
core   0: 0x800052c0 (0xde367e17) auipc   t3, 0xde367
core   0: 3 0x800052c0 (0xde367e17) x28 0x5e36c2c0
core   0: 0x800052c4 (0x02b119b3) mulh    s3, sp, a1
core   0: 3 0x800052c4 (0x02b119b3) x19 0x0160ebb1
core   0: 0x800052c8 (0x00000f22) c.slli  t5, 8
core   0: 3 0x800052c8 (0x0f22) x30 0x00000000
core   0: 0x800052ca (0xa1d11723) sh      t4, -1522(sp)
core   0: 3 0x800052ca (0xa1d11723) mem 0x800133f2 0x0000
core   0: 0x800052ce (0x4be100a3) sb      t5, 1185(sp)
core   0: 3 0x800052ce (0x4be100a3) mem 0x80013e85 0x0
core   0: 0x800052d2 (0xaf011223) sh      a6, -1308(sp)
core   0: 3 0x800052d2 (0xaf011223) mem 0x800134c8 0x0000
core   0: 0x800052d6 (0x51f10323) sb      t6, 1286(sp)
core   0: 3 0x800052d6 (0x51f10323) mem 0x80013eea 0x0
core   0: 0x800052da (0x4db14183) lbu     gp, 1243(sp)
core   0: 3 0x800052da (0x4db14183) x 3 0x00000000 mem 0x80013ebf
core   0: 0x800052de (0xc6310803) lb      a6, -925(sp)
core   0: 3 0x800052de (0xc6310803) x16 0x00000000 mem 0x80013647
core   0: 0x800052e2 (0x016aae33) slt     t3, s5, s6
core   0: 3 0x800052e2 (0x016aae33) x28 0x00000000
core   0: 0x800052e6 (0x029927b3) mulhsu  a5, s2, s1
core   0: 3 0x800052e6 (0x029927b3) x15 0xc0001f47
core   0: 0x800052ea (0xcbf109a3) sb      t6, -845(sp)
core   0: 3 0x800052ea (0xcbf109a3) mem 0x80013697 0x0
core   0: 0x800052ee (0x00008c8a) c.mv    s9, sp
core   0: 3 0x800052ee (0x8c8a) x25 0x800139e4
core   0: 0x800052f0 (0x08611923) sh      t1, 146(sp)
core   0: 3 0x800052f0 (0x08611923) mem 0x80013a76 0x0001
core   0: 0x800052f4 (0x92d10083) lb      ra, -1747(sp)
core   0: 3 0x800052f4 (0x92d10083) x 1 0x00000000 mem 0x80013311
core   0: 0x800052f8 (0x00008405) c.srai  s0, 1
core   0: 3 0x800052f8 (0x8405) x 8 0x00000000
core   0: 0x800052fa (0x3e210b83) lb      s7, 994(sp)
core   0: 3 0x800052fa (0x3e210b83) x23 0x00000000 mem 0x80013dc6
core   0: 0x800052fe (0xac215603) lhu     a2, -1342(sp)
core   0: 3 0x800052fe (0xac215603) x12 0x00000000 mem 0x800134a6
core   0: 0x80005302 (0x9b112223) sw      a7, -1628(sp)
core   0: 3 0x80005302 (0x9b112223) mem 0x80013388 0x80023a95
core   0: 0x80005306 (0x49111723) sh      a7, 1166(sp)
core   0: 3 0x80005306 (0x49111723) mem 0x80013e72 0x3a95
core   0: 0x8000530a (0xf3e14b03) lbu     s6, -194(sp)
core   0: 3 0x8000530a (0xf3e14b03) x22 0x00000000 mem 0x80013922
core   0: 0x8000530e (0x14211b03) lh      s6, 322(sp)
core   0: 3 0x8000530e (0x14211b03) x22 0x00000000 mem 0x80013b26
core   0: 0x80005312 (0x00000bfe) c.slli  s7, 31
core   0: 3 0x80005312 (0x0bfe) x23 0x00000000
core   0: 0x80005314 (0xb5811783) lh      a5, -1192(sp)
core   0: 3 0x80005314 (0xb5811783) x15 0x00000000 mem 0x8001353c
core   0: 0x80005318 (0xa6814883) lbu     a7, -1432(sp)
core   0: 3 0x80005318 (0xa6814883) x17 0x00000000 mem 0x8001344c
core   0: 0x8000531c (0xbcf11d23) sh      a5, -1062(sp)
core   0: 3 0x8000531c (0xbcf11d23) mem 0x800135be 0x0000
core   0: 0x80005320 (0x00019697) auipc   a3, 0x19
core   0: 3 0x80005320 (0x00019697) x13 0x8001e320
core   0: 0x80005324 (0x32068693) addi    a3, a3, 800
core   0: 3 0x80005324 (0x32068693) x13 0x8001e640
core   0: 0x80005328 (0x01951633) sll     a2, a0, s9
core   0: 3 0x80005328 (0x01951633) x12 0xd3e21da0
core   0: 0x8000532c (0x4676c583) lbu     a1, 1127(a3)
core   0: 3 0x8000532c (0x4676c583) x11 0x00000000 mem 0x8001eaa7
core   0: 0x80005330 (0x47b683a3) sb      s11, 1127(a3)
core   0: 3 0x80005330 (0x47b683a3) mem 0x8001eaa7 0xb0
core   0: 0x80005334 (0x4676cd03) lbu     s10, 1127(a3)
core   0: 3 0x80005334 (0x4676cd03) x26 0x000000b0 mem 0x8001eaa7
core   0: 0x80005338 (0xd9b6c183) lbu     gp, -613(a3)
core   0: 3 0x80005338 (0xd9b6c183) x 3 0x00000000 mem 0x8001e3db
core   0: 0x8000533c (0x0000100f) fence.i
core   0: 3 0x8000533c (0x0000100f)
core   0: 0x80005340 (0xd9b6ce03) lbu     t3, -613(a3)
core   0: 3 0x80005340 (0xd9b6ce03) x28 0x00000000 mem 0x8001e3db
core   0: 0x80005344 (0xd8e68da3) sb      a4, -613(a3)
core   0: 3 0x80005344 (0xd8e68da3) mem 0x8001e3db 0x0
core   0: 0x80005348 (0xd9b68d83) lb      s11, -613(a3)
core   0: 3 0x80005348 (0xd9b68d83) x27 0x00000000 mem 0x8001e3db
core   0: 0x8000534c (0xd9a68da3) sb      s10, -613(a3)
core   0: 3 0x8000534c (0xd9a68da3) mem 0x8001e3db 0xb0
core   0: 0x80005350 (0xd9968da3) sb      s9, -613(a3)
core   0: 3 0x80005350 (0xd9968da3) mem 0x8001e3db 0xe4
core   0: 0x80005354 (0xd8e68da3) sb      a4, -613(a3)
core   0: 3 0x80005354 (0xd8e68da3) mem 0x8001e3db 0x0
core   0: 0x80005358 (0xc3368ba3) sb      s3, -969(a3)
core   0: 3 0x80005358 (0xc3368ba3) mem 0x8001e277 0xb1
core   0: 0x8000535c (0x0000ea97) auipc   s5, 0xe
core   0: 3 0x8000535c (0x0000ea97) x21 0x8001335c
core   0: 0x80005360 (0xf6ba8a93) addi    s5, s5, -149
core   0: 3 0x80005360 (0xf6ba8a93) x21 0x800132c7
core   0: 0x80005364 (0xe1ca8423) sb      t3, -504(s5)
core   0: 3 0x80005364 (0xe1ca8423) mem 0x800130cf 0x0
core   0: 0x80005368 (0xe0da8423) sb      a3, -504(s5)
core   0: 3 0x80005368 (0xe0da8423) mem 0x800130cf 0x40
core   0: 0x8000536c (0xe08a8b83) lb      s7, -504(s5)
core   0: 3 0x8000536c (0xe08a8b83) x23 0x00000040 mem 0x800130cf
core   0: 0x80005370 (0x44cac883) lbu     a7, 1100(s5)
core   0: 3 0x80005370 (0x44cac883) x17 0x00000000 mem 0x80013713
core   0: 0x80005374 (0x016b3db3) sltu    s11, s6, s6
core   0: 3 0x80005374 (0x016b3db3) x27 0x00000000
core   0: 0x80005378 (0x44cac283) lbu     t0, 1100(s5)
core   0: 3 0x80005378 (0x44cac283) x 5 0x00000000 mem 0x80013713
core   0: 0x8000537c (0x44cace83) lbu     t4, 1100(s5)
core   0: 3 0x8000537c (0x44cace83) x29 0x00000000 mem 0x80013713
core   0: 0x80005380 (0x535ac103) lbu     sp, 1333(s5)
core   0: 3 0x80005380 (0x535ac103) x 2 0x00000000 mem 0x800137fc
core   0: 0x80005384 (0x400407b3) sub     a5, s0, zero
core   0: 3 0x80005384 (0x400407b3) x15 0x00000000
core   0: 0x80005388 (0x00931213) slli    tp, t1, 9
core   0: 3 0x80005388 (0x00931213) x 4 0x00000200
core   0: 0x8000538c (0x535ad383) lhu     t2, 1333(s5)
core   0: 3 0x8000538c (0x535ad383) x 7 0x00000000 mem 0x800137fc
core   0: 0x80005390 (0x0000859e) c.mv    a1, t2
core   0: 3 0x80005390 (0x859e) x11 0x00000000
core   0: 0x80005392 (0x535ace03) lbu     t3, 1333(s5)
core   0: 3 0x80005392 (0x535ace03) x28 0x00000000 mem 0x800137fc
core   0: 0x80005396 (0x48da8083) lb      ra, 1165(s5)
core   0: 3 0x80005396 (0x48da8083) x 1 0x00000000 mem 0x80013754
core   0: 0x8000539a (0x40745f33) sra     t5, s0, t2
core   0: 3 0x8000539a (0x40745f33) x30 0x00000000
core   0: 0x8000539e (0x48daad03) lw      s10, 1165(s5)
core   0: 3 0x8000539e (0x48daad03) x26 0x00000000 mem 0x80013754
core   0: 0x800053a2 (0x00012d97) auipc   s11, 0x12
core   0: 3 0x800053a2 (0x00012d97) x27 0x800173a2
core   0: 0x800053a6 (0x345d8d93) addi    s11, s11, 837
core   0: 3 0x800053a6 (0x345d8d93) x27 0x800176e7
core   0: 0x800053aa (0x00019617) auipc   a2, 0x19
core   0: 3 0x800053aa (0x00019617) x12 0x8001e3aa
core   0: 0x800053ae (0xd7860613) addi    a2, a2, -648
core   0: 3 0x800053ae (0xd7860613) x12 0x8001e122
core   0: 0x800053b2 (0x001da003) lw      zero, 1(s11)
core   0: 3 0x800053b2 (0x001da003) mem 0x800176e8
core   0: 0x800053b6 (0x08b60a83) lb      s5, 139(a2)
core   0: 3 0x800053b6 (0x08b60a83) x21 0x00000000 mem 0x8001e1ad
core   0: 0x800053ba (0x00017b97) auipc   s7, 0x17
core   0: 3 0x800053ba (0x00017b97) x23 0x8001c3ba
core   0: 0x800053be (0xa3ab8b93) addi    s7, s7, -1478
core   0: 3 0x800053be (0xa3ab8b93) x23 0x8001bdf4
core   0: 0x800053c2 (0x0e9b8303) lb      t1, 233(s7)
core   0: 3 0x800053c2 (0x0e9b8303) x 6 0x00000000 mem 0x8001bedd
core   0: 0x800053c6 (0x00661d03) lh      s10, 6(a2)
core   0: 3 0x800053c6 (0x00661d03) x26 0x00000000 mem 0x8001e128
core   0: 0x800053ca (0x008d8383) lb      t2, 8(s11)
core   0: 3 0x800053ca (0x008d8383) x 7 0x00000000 mem 0x800176ef
core   0: 0x800053ce (0x008b9783) lh      a5, 8(s7)
core   0: 3 0x800053ce (0x008b9783) x15 0x00000000 mem 0x8001bdfc
core   0: 0x800053d2 (0xf3860f23) sb      s8, -194(a2)
core   0: 3 0x800053d2 (0xf3860f23) mem 0x8001e060 0x0
core   0: 0x800053d6 (0x00015e97) auipc   t4, 0x15
core   0: 3 0x800053d6 (0x00015e97) x29 0x8001a3d6
core   0: 0x800053da (0x68ce8e93) addi    t4, t4, 1676
core   0: 3 0x800053da (0x68ce8e93) x29 0x8001aa62
core   0: 0x800053de (0xff9da203) lw      tp, -7(s11)
core   0: 3 0x800053de (0xff9da203) x 4 0x00000000 mem 0x800176e0
core   0: 0x800053e2 (0x0cfb8c83) lb      s9, 207(s7)
core   0: 3 0x800053e2 (0x0cfb8c83) x25 0x00000000 mem 0x8001bec3
core   0: 0x800053e6 (0x129e8783) lb      a5, 297(t4)
core   0: 3 0x800053e6 (0x129e8783) x15 0x00000000 mem 0x8001ab8b
core   0: 0x800053ea (0x003d96a3) sh      gp, 13(s11)
core   0: 3 0x800053ea (0x003d96a3) mem 0x800176f4 0x0000
core   0: 0x800053ee (0xf2db85a3) sb      a3, -213(s7)
core   0: 3 0x800053ee (0xf2db85a3) mem 0x8001bd1f 0x40
core   0: 0x800053f2 (0x49fe8da3) sb      t6, 1179(t4)
core   0: 3 0x800053f2 (0x49fe8da3) mem 0x8001aefd 0x0
core   0: 0x800053f6 (0x06764f83) lbu     t6, 103(a2)
core   0: 3 0x800053f6 (0x06764f83) x31 0x00000000 mem 0x8001e189
core   0: 0x800053fa (0xfe564203) lbu     tp, -27(a2)
core   0: 3 0x800053fa (0xfe564203) x 4 0x00000000 mem 0x8001e107
core   0: 0x800053fe (0x099bca03) lbu     s4, 153(s7)
core   0: 3 0x800053fe (0x099bca03) x20 0x00000000 mem 0x8001be8d
core   0: 0x80005402 (0xff4dc303) lbu     t1, -12(s11)
core   0: 3 0x80005402 (0xff4dc303) x 6 0x00000000 mem 0x800176db
core   0: 0x80005406 (0x0b0b8f83) lb      t6, 176(s7)
core   0: 3 0x80005406 (0x0b0b8f83) x31 0x00000000 mem 0x8001bea4
core   0: 0x8000540a (0x08760d03) lb      s10, 135(a2)
core   0: 3 0x8000540a (0x08760d03) x26 0x00000000 mem 0x8001e1a9
core   0: 0x8000540e (0x2f2e8fa3) sb      s2, 767(t4)
core   0: 3 0x8000540e (0x2f2e8fa3) mem 0x8001ad61 0xe4
core   0: 0x80005412 (0x43ce8ba3) sb      t3, 1079(t4)
core   0: 3 0x80005412 (0x43ce8ba3) mem 0x8001ae99 0x0
core   0: 0x80005416 (0xd86ecc83) lbu     s9, -634(t4)
core   0: 3 0x80005416 (0xd86ecc83) x25 0x00000000 mem 0x8001a7e8
core   0: 0x8000541a (0x0ac60883) lb      a7, 172(a2)
core   0: 3 0x8000541a (0x0ac60883) x17 0x00000000 mem 0x8001e1ce
core   0: 0x8000541e (0x0fa64183) lbu     gp, 250(a2)
core   0: 3 0x8000541e (0x0fa64183) x 3 0x00000000 mem 0x8001e21c
core   0: 0x80005422 (0x007d8083) lb      ra, 7(s11)
core   0: 3 0x80005422 (0x007d8083) x 1 0x00000000 mem 0x800176ee
core   0: 0x80005426 (0x00019117) auipc   sp, 0x19
core   0: 3 0x80005426 (0x00019117) x 2 0x8001e426
core   0: 0x8000542a (0xf3a10113) addi    sp, sp, -198
core   0: 3 0x8000542a (0xf3a10113) x 2 0x8001e360
core   0: 0x8000542e (0xfeb10683) lb      a3, -21(sp)
core   0: 3 0x8000542e (0xfeb10683) x13 0x00000000 mem 0x8001e34b
core   0: 0x80005432 (0xfe1105a3) sb      ra, -21(sp)
core   0: 3 0x80005432 (0xfe1105a3) mem 0x8001e34b 0x0
core   0: 0x80005436 (0xf6c14683) lbu     a3, -148(sp)
core   0: 3 0x80005436 (0xf6c14683) x13 0x00000000 mem 0x8001e2cc
core   0: 0x8000543a (0x0cf14e83) lbu     t4, 207(sp)
core   0: 3 0x8000543a (0x0cf14e83) x29 0x00000000 mem 0x8001e42f
core   0: 0x8000543e (0x00008c41) c.or    s0, s0
core   0: 3 0x8000543e (0x8c41) x 8 0x00000000
core   0: 0x80005440 (0x0cf14403) lbu     s0, 207(sp)
core   0: 3 0x80005440 (0x0cf14403) x 8 0x00000000 mem 0x8001e42f
core   0: 0x80005444 (0x0d7107a3) sb      s7, 207(sp)
core   0: 3 0x80005444 (0x0d7107a3) mem 0x8001e42f 0xf4
core   0: 0x80005448 (0x01445a93) srli    s5, s0, 20
core   0: 3 0x80005448 (0x01445a93) x21 0x00000000
core   0: 0x8000544c (0xd302f813) andi    a6, t0, -720
core   0: 3 0x8000544c (0xd302f813) x16 0x00000000
core   0: 0x80005450 (0x0a310083) lb      ra, 163(sp)
core   0: 3 0x80005450 (0x0a310083) x 1 0x00000000 mem 0x8001e403
core   0: 0x80005454 (0x0a9105a3) sb      s1, 171(sp)
core   0: 3 0x80005454 (0x0a9105a3) mem 0x8001e40b 0x64
core   0: 0x80005458 (0x0ab14583) lbu     a1, 171(sp)
core   0: 3 0x80005458 (0x0ab14583) x11 0x00000064 mem 0x8001e40b
core   0: 0x8000545c (0xf3e15a83) lhu     s5, -194(sp)
core   0: 3 0x8000545c (0xf3e15a83) x21 0x00000000 mem 0x8001e29e
core   0: 0x80005460 (0xf2411f23) sh      tp, -194(sp)
core   0: 3 0x80005460 (0xf2411f23) mem 0x8001e29e 0x0000
core   0: 0x80005464 (0xf6514283) lbu     t0, -155(sp)
core   0: 3 0x80005464 (0xf6514283) x 5 0x00000000 mem 0x8001e2c5
core   0: 0x80005468 (0xf65102a3) sb      t0, -155(sp)
core   0: 3 0x80005468 (0xf65102a3) mem 0x8001e2c5 0x0
core   0: 0x8000546c (0xf64102a3) sb      tp, -155(sp)
core   0: 3 0x8000546c (0xf64102a3) mem 0x8001e2c5 0x0
core   0: 0x80005470 (0xf8f10ea3) sb      a5, -99(sp)
core   0: 3 0x80005470 (0xf8f10ea3) mem 0x8001e2fd 0x0
core   0: 0x80005474 (0x02d13cb3) mulhu   s9, sp, a3
core   0: 3 0x80005474 (0x02d13cb3) x25 0x00000000
core   0: 0x80005478 (0xfe510ea3) sb      t0, -3(sp)
core   0: 3 0x80005478 (0xfe510ea3) mem 0x8001e35d 0x0
core   0: 0x8000547c (0x0000e617) auipc   a2, 0xe
core   0: 3 0x8000547c (0x0000e617) x12 0x8001347c
core   0: 0x80005480 (0x14860613) addi    a2, a2, 328
core   0: 3 0x80005480 (0x14860613) x12 0x800135c4
core   0: 0x80005484 (0x037096b3) mulh    a3, ra, s7
core   0: 3 0x80005484 (0x037096b3) x13 0x00000000
core   0: 0x80005488 (0x00008b39) c.andi  a4, 14
core   0: 3 0x80005488 (0x8b39) x14 0x00000000
core   0: 0x8000548a (0x00360c83) lb      s9, 3(a2)
core   0: 3 0x8000548a (0x00360c83) x25 0x00000000 mem 0x800135c7
core   0: 0x8000548e (0xff861a83) lh      s5, -8(a2)
core   0: 3 0x8000548e (0xff861a83) x21 0x00000000 mem 0x800135bc
core   0: 0x80005492 (0x000086b1) c.srai  a3, 12
core   0: 3 0x80005492 (0x86b1) x13 0x00000000
core   0: 0x80005494 (0x00000001) c.nop
core   0: 3 0x80005494 (0x0001)
core   0: 0x80005496 (0x03d93d33) mulhu   s10, s2, t4
core   0: 3 0x80005496 (0x03d93d33) x26 0x00000000
core   0: 0x8000549a (0x01bb5133) srl     sp, s6, s11
core   0: 3 0x8000549a (0x01bb5133) x 2 0x00000000
core   0: 0x8000549e (0x01060183) lb      gp, 16(a2)
core   0: 3 0x8000549e (0x01060183) x 3 0x00000000 mem 0x800135d4
core   0: 0x800054a2 (0xff660783) lb      a5, -10(a2)
core   0: 3 0x800054a2 (0xff660783) x15 0x00000000 mem 0x800135ba
core   0: 0x800054a6 (0x02d39bb3) mulh    s7, t2, a3
core   0: 3 0x800054a6 (0x02d39bb3) x23 0x00000000
core   0: 0x800054aa (0x00c62103) lw      sp, 12(a2)
core   0: 3 0x800054aa (0x00c62103) x 2 0x00000000 mem 0x800135d0
core   0: 0x800054ae (0x017bd433) srl     s0, s7, s7
core   0: 3 0x800054ae (0x017bd433) x 8 0x00000000
core   0: 0x800054b2 (0xffc65b03) lhu     s6, -4(a2)
core   0: 3 0x800054b2 (0xffc65b03) x22 0x00000000 mem 0x800135c0
core   0: 0x800054b6 (0x03c98433) mul     s0, s3, t3
core   0: 3 0x800054b6 (0x03c98433) x 8 0x00000000
core   0: 0x800054ba (0x0263ae33) mulhsu  t3, t2, t1
core   0: 3 0x800054ba (0x0263ae33) x28 0x00000000
core   0: 0x800054be (0x003607a3) sb      gp, 15(a2)
core   0: 3 0x800054be (0x003607a3) mem 0x800135d3 0x0
core   0: 0x800054c2 (0x40c36b13) ori     s6, t1, 1036
core   0: 3 0x800054c2 (0x40c36b13) x22 0x0000040c
core   0: 0x800054c6 (0xff364083) lbu     ra, -13(a2)
core   0: 3 0x800054c6 (0xff364083) x 1 0x00000000 mem 0x800135b7
core   0: 0x800054ca (0xff360993) addi    s3, a2, -13
core   0: 3 0x800054ca (0xff360993) x19 0x800135b7
core   0: 0x800054ce (0x00261983) lh      s3, 2(a2)
core   0: 3 0x800054ce (0x00261983) x19 0x00000000 mem 0x800135c6
core   0: 0x800054d2 (0xff060a83) lb      s5, -16(a2)
core   0: 3 0x800054d2 (0xff060a83) x21 0x00000000 mem 0x800135b4
core   0: 0x800054d6 (0x00008ff1) c.and   a5, a2
core   0: 3 0x800054d6 (0x8ff1) x15 0x00000000
core   0: 0x800054d8 (0x001e3033) sltu    zero, t3, ra
core   0: 3 0x800054d8 (0x001e3033)
core   0: 0x800054dc (0x00000001) c.nop
core   0: 3 0x800054dc (0x0001)
core   0: 0x800054de (0x00008ee1) c.and   a3, s0
core   0: 3 0x800054de (0x8ee1) x13 0x00000000
core   0: 0x800054e0 (0x029de733) rem     a4, s11, s1
core   0: 3 0x800054e0 (0x029de733) x14 0xfffee883
core   0: 0x800054e4 (0x00964f03) lbu     t5, 9(a2)
core   0: 3 0x800054e4 (0x00964f03) x30 0x00000000 mem 0x800135cd
core   0: 0x800054e8 (0x00004795) c.li    a5, 5
core   0: 3 0x800054e8 (0x4795) x15 0x00000005
core   0: 0x800054ea (0xffa64383) lbu     t2, -6(a2)
core   0: 3 0x800054ea (0xffa64383) x 7 0x00000000 mem 0x800135be
core   0: 0x800054ee (0x00008c3d) c.xor   s0, a5
core   0: 3 0x800054ee (0x8c3d) x 8 0x00000005
core   0: 0x800054f0 (0x028321b3) mulhsu  gp, t1, s0
core   0: 3 0x800054f0 (0x028321b3) x 3 0x00000000
core   0: 0x800054f4 (0x00008429) c.srai  s0, 10
core   0: 3 0x800054f4 (0x8429) x 8 0x00000000
core   0: 0x800054f6 (0x00560c03) lb      s8, 5(a2)
core   0: 3 0x800054f6 (0x00560c03) x24 0x00000000 mem 0x800135c9
core   0: 0x800054fa (0x00964683) lbu     a3, 9(a2)
core   0: 3 0x800054fa (0x00964683) x13 0x00000000 mem 0x800135cd
core   0: 0x800054fe (0x00b60803) lb      a6, 11(a2)
core   0: 3 0x800054fe (0x00b60803) x16 0x00000000 mem 0x800135cf
core   0: 0x80005502 (0x0000e117) auipc   sp, 0xe
core   0: 3 0x80005502 (0x0000e117) x 2 0x80013502
core   0: 0x80005506 (0x36c10113) addi    sp, sp, 876
core   0: 3 0x80005506 (0x36c10113) x 2 0x8001386e
core   0: 0x8000550a (0x82d14883) lbu     a7, -2003(sp)
core   0: 3 0x8000550a (0x82d14883) x17 0x00000000 mem 0x8001309b
core   0: 0x8000550e (0x82d14a03) lbu     s4, -2003(sp)
core   0: 3 0x8000550e (0x82d14a03) x20 0x00000000 mem 0x8001309b
core   0: 0x80005512 (0x34814f03) lbu     t5, 840(sp)
core   0: 3 0x80005512 (0x34814f03) x30 0x00000000 mem 0x80013bb6
core   0: 0x80005516 (0x92714d03) lbu     s10, -1753(sp)
core   0: 3 0x80005516 (0x92714d03) x26 0x00000000 mem 0x80013195
core   0: 0x8000551a (0x936103a3) sb      s6, -1753(sp)
core   0: 3 0x8000551a (0x936103a3) mem 0x80013195 0xc
core   0: 0x8000551e (0x010df033) and     zero, s11, a6
core   0: 3 0x8000551e (0x010df033)
core   0: 0x80005522 (0x32110803) lb      a6, 801(sp)
core   0: 3 0x80005522 (0x32110803) x16 0x00000000 mem 0x80013b8f
core   0: 0x80005526 (0x32114883) lbu     a7, 801(sp)
core   0: 3 0x80005526 (0x32114883) x17 0x00000000 mem 0x80013b8f
core   0: 0x8000552a (0x331100a3) sb      a7, 801(sp)
core   0: 3 0x8000552a (0x331100a3) mem 0x80013b8f 0x0
core   0: 0x8000552e (0x32110b83) lb      s7, 801(sp)
core   0: 3 0x8000552e (0x32110b83) x23 0x00000000 mem 0x80013b8f
core   0: 0x80005532 (0xc74107a3) sb      s4, -913(sp)
core   0: 3 0x80005532 (0xc74107a3) mem 0x800134dd 0x0
core   0: 0x80005536 (0xc78107a3) sb      s8, -913(sp)
core   0: 3 0x80005536 (0xc78107a3) mem 0x800134dd 0x0
core   0: 0x8000553a (0x0000e117) auipc   sp, 0xe
core   0: 3 0x8000553a (0x0000e117) x 2 0x8001353a
core   0: 0x8000553e (0xf1710113) addi    sp, sp, -233
core   0: 3 0x8000553e (0xf1710113) x 2 0x80013451
core   0: 0x80005542 (0x0036c033) xor     zero, a3, gp
core   0: 3 0x80005542 (0x0036c033)
core   0: 0x80005546 (0xdb714d83) lbu     s11, -585(sp)
core   0: 3 0x80005546 (0xdb714d83) x27 0x00000000 mem 0x80013208
core   0: 0x8000554a (0x61410823) sb      s4, 1552(sp)
core   0: 3 0x8000554a (0x61410823) mem 0x80013a61 0x0
core   0: 0x8000554e (0x000087f1) c.srai  a5, 28
core   0: 3 0x8000554e (0x87f1) x15 0x00000000
core   0: 0x80005550 (0x41c1dfb3) sra     t6, gp, t3
core   0: 3 0x80005550 (0x41c1dfb3) x31 0x00000000
core   0: 0x80005554 (0x764110a3) sh      tp, 1889(sp)
core   0: 3 0x80005554 (0x764110a3) mem 0x80013bb2 0x0000
core   0: 0x80005558 (0x000081fd) c.srli  a1, 31
core   0: 3 0x80005558 (0x81fd) x11 0x00000000
core   0: 0x8000555a (0xd0f10f23) sb      a5, -738(sp)
core   0: 3 0x8000555a (0xd0f10f23) mem 0x8001316f 0x0
core   0: 0x8000555e (0x4ec119a3) sh      a2, 1267(sp)
core   0: 3 0x8000555e (0x4ec119a3) mem 0x80013944 0x35c4
core   0: 0x80005562 (0x61d14003) lbu     zero, 1565(sp)
core   0: 3 0x80005562 (0x61d14003) mem 0x80013a6e
core   0: 0x80005566 (0x0027bb33) sltu    s6, a5, sp
core   0: 3 0x80005566 (0x0027bb33) x22 0x00000001
core   0: 0x8000556a (0x67b10003) lb      zero, 1659(sp)
core   0: 3 0x8000556a (0x67b10003) mem 0x80013acc
core   0: 0x8000556e (0x54710d23) sb      t2, 1370(sp)
core   0: 3 0x8000556e (0x54710d23) mem 0x800139ab 0x0
core   0: 0x80005572 (0x01609c93) slli    s9, ra, 22
core   0: 3 0x80005572 (0x01609c93) x25 0x00000000
core   0: 0x80005576 (0x0ad10d03) lb      s10, 173(sp)
core   0: 3 0x80005576 (0x0ad10d03) x26 0x00000000 mem 0x800134fe
core   0: 0x8000557a (0x12014c03) lbu     s8, 288(sp)
core   0: 3 0x8000557a (0x12014c03) x24 0x00000000 mem 0x80013571
core   0: 0x8000557e (0x00b81713) slli    a4, a6, 11
core   0: 3 0x8000557e (0x00b81713) x14 0x00000000
core   0: 0x80005582 (0x10715d83) lhu     s11, 263(sp)
core   0: 3 0x80005582 (0x10715d83) x27 0x0000004a mem 0x80013558
core   0: 0x80005586 (0x64610403) lb      s0, 1606(sp)
core   0: 3 0x80005586 (0x64610403) x 8 0x00000000 mem 0x80013a97
core   0: 0x8000558a (0x02a34033) div     zero, t1, a0
core   0: 3 0x8000558a (0x02a34033)
core   0: 0x8000558e (0x15410823) sb      s4, 336(sp)
core   0: 3 0x8000558e (0x15410823) mem 0x800135a1 0x0
core   0: 0x80005592 (0x0000878d) c.srai  a5, 3
core   0: 3 0x80005592 (0x878d) x15 0x00000000
core   0: 0x80005594 (0xfe2f0693) addi    a3, t5, -30
core   0: 3 0x80005594 (0xfe2f0693) x13 0xffffffe2
core   0: 0x80005598 (0x8f06ff13) andi    t5, a3, -1808
core   0: 3 0x80005598 (0x8f06ff13) x30 0xfffff8e0
core   0: 0x8000559c (0x00008d66) c.mv    s10, s9
core   0: 3 0x8000559c (0x8d66) x26 0x00000000
core   0: 0x8000559e (0xd1312803) lw      a6, -749(sp)
core   0: 3 0x8000559e (0xd1312803) x16 0x00000000 mem 0x80013164
core   0: 0x800055a2 (0x00d0d993) srli    s3, ra, 13
core   0: 3 0x800055a2 (0x00d0d993) x19 0x00000000
core   0: 0x800055a6 (0xc5914883) lbu     a7, -935(sp)
core   0: 3 0x800055a6 (0xc5914883) x17 0x00000001 mem 0x800130aa
core   0: 0x800055aa (0x000089dd) c.andi  a1, 23
core   0: 3 0x800055aa (0x89dd) x11 0x00000000
core   0: 0x800055ac (0xdc410883) lb      a7, -572(sp)
core   0: 3 0x800055ac (0xdc410883) x17 0x00000038 mem 0x80013215
core   0: 0x800055b0 (0x18910a23) sb      s1, 404(sp)
core   0: 3 0x800055b0 (0x18910a23) mem 0x800135e5 0x64
core   0: 0x800055b4 (0x02fc69b3) rem     s3, s8, a5
core   0: 3 0x800055b4 (0x02fc69b3) x19 0x00000000
core   0: 0x800055b8 (0x04c14083) lbu     ra, 76(sp)
core   0: 3 0x800055b8 (0x04c14083) x 1 0x00000000 mem 0x8001349d
core   0: 0x800055bc (0xc6a121a3) sw      a0, -925(sp)
core   0: 3 0x800055bc (0xc6a121a3) mem 0x800130b4 0xfd3e21da
core   0: 0x800055c0 (0xf70103a3) sb      a6, -153(sp)
core   0: 3 0x800055c0 (0xf70103a3) mem 0x800133b8 0x0
core   0: 0x800055c4 (0x15810983) lb      s3, 344(sp)
core   0: 3 0x800055c4 (0x15810983) x19 0x00000000 mem 0x800135a9
core   0: 0x800055c8 (0xdab117a3) sh      a1, -593(sp)
core   0: 3 0x800055c8 (0xdab117a3) mem 0x80013200 0x0000
core   0: 0x800055cc (0xf9910783) lb      a5, -103(sp)
core   0: 3 0x800055cc (0xf9910783) x15 0x00000000 mem 0x800133ea
core   0: 0x800055d0 (0x58414c03) lbu     s8, 1412(sp)
core   0: 3 0x800055d0 (0x58414c03) x24 0x00000000 mem 0x800139d5
core   0: 0x800055d4 (0x3eb14183) lbu     gp, 1003(sp)
core   0: 3 0x800055d4 (0x3eb14183) x 3 0x00000000 mem 0x8001383c
core   0: 0x800055d8 (0x00012397) auipc   t2, 0x12
core   0: 3 0x800055d8 (0x00012397) x 7 0x800175d8
core   0: 0x800055dc (0x45e38393) addi    t2, t2, 1118
core   0: 3 0x800055dc (0x45e38393) x 7 0x80017a36
core   0: 0x800055e0 (0x016372b3) and     t0, t1, s6
core   0: 3 0x800055e0 (0x016372b3) x 5 0x00000000
core   0: 0x800055e4 (0x04d3c203) lbu     tp, 77(t2)
core   0: 3 0x800055e4 (0x04d3c203) x 4 0x00000000 mem 0x80017a83
core   0: 0x800055e8 (0x029de133) rem     sp, s11, s1
core   0: 3 0x800055e8 (0x029de133) x 2 0x0000004a
core   0: 0x800055ec (0x04d3c403) lbu     s0, 77(t2)
core   0: 3 0x800055ec (0x04d3c403) x 8 0x00000000 mem 0x80017a83
core   0: 0x800055f0 (0x04d38203) lb      tp, 77(t2)
core   0: 3 0x800055f0 (0x04d38203) x 4 0x00000000 mem 0x80017a83
core   0: 0x800055f4 (0x04a386a3) sb      a0, 77(t2)
core   0: 3 0x800055f4 (0x04a386a3) mem 0x80017a83 0xda
core   0: 0x800055f8 (0xf8d3a323) sw      a3, -122(t2)
core   0: 3 0x800055f8 (0xf8d3a323) mem 0x800179bc 0xffffffe2
core   0: 0x800055fc (0x00005ffd) c.li    t6, -1
core   0: 3 0x800055fc (0x5ffd) x31 0xffffffff
core   0: 0x800055fe (0xf8639683) lh      a3, -122(t2)
core   0: 3 0x800055fe (0xf8639683) x13 0xffffffe2 mem 0x800179bc
core   0: 0x80005602 (0x40b1d733) sra     a4, gp, a1
core   0: 3 0x80005602 (0x40b1d733) x14 0x00000000
core   0: 0x80005606 (0xf863c783) lbu     a5, -122(t2)
core   0: 3 0x80005606 (0xf863c783) x15 0x000000e2 mem 0x800179bc
core   0: 0x8000560a (0xf8f39323) sh      a5, -122(t2)
core   0: 3 0x8000560a (0xf8f39323) mem 0x800179bc 0x00e2
core   0: 0x8000560e (0xf863a003) lw      zero, -122(t2)
core   0: 3 0x8000560e (0xf863a003) mem 0x800179bc
core   0: 0x80005612 (0x01859433) sll     s0, a1, s8
core   0: 3 0x80005612 (0x01859433) x 8 0x00000000
core   0: 0x80005616 (0xf8a38d23) sb      a0, -102(t2)
core   0: 3 0x80005616 (0xf8a38d23) mem 0x800179d0 0xda
core   0: 0x8000561a (0xf8538d23) sb      t0, -102(t2)
core   0: 3 0x8000561a (0xf8538d23) mem 0x800179d0 0x0
core   0: 0x8000561e (0xf9a3a183) lw      gp, -102(t2)
core   0: 3 0x8000561e (0xf9a3a183) x 3 0x00000000 mem 0x800179d0
core   0: 0x80005622 (0xf9a3d703) lhu     a4, -102(t2)
core   0: 3 0x80005622 (0xf9a3d703) x14 0x00000000 mem 0x800179d0
core   0: 0x80005626 (0x026cd233) divu    tp, s9, t1
core   0: 3 0x80005626 (0x026cd233) x 4 0xffffffff
core   0: 0x8000562a (0xf833ad23) sw      gp, -102(t2)
core   0: 3 0x8000562a (0xf833ad23) mem 0x800179d0 0x00000000
core   0: 0x8000562e (0xf9a3ab03) lw      s6, -102(t2)
core   0: 3 0x8000562e (0xf9a3ab03) x22 0x00000000 mem 0x800179d0
core   0: 0x80005632 (0x08d38703) lb      a4, 141(t2)
core   0: 3 0x80005632 (0x08d38703) x14 0x00000000 mem 0x80017ac3
core   0: 0x80005636 (0x08d3c303) lbu     t1, 141(t2)
core   0: 3 0x80005636 (0x08d3c303) x 6 0x00000000 mem 0x80017ac3
core   0: 0x8000563a (0x08d3c403) lbu     s0, 141(t2)
core   0: 3 0x8000563a (0x08d3c403) x 8 0x00000000 mem 0x80017ac3
core   0: 0x8000563e (0x08d38b83) lb      s7, 141(t2)
core   0: 3 0x8000563e (0x08d38b83) x23 0x00000000 mem 0x80017ac3
core   0: 0x80005642 (0x00008edd) c.or    a3, a5
core   0: 3 0x80005642 (0x8edd) x13 0xffffffe2
core   0: 0x80005644 (0x08d3c283) lbu     t0, 141(t2)
core   0: 3 0x80005644 (0x08d3c283) x 5 0x00000000 mem 0x80017ac3
core   0: 0x80005648 (0x00010297) auipc   t0, 0x10
core   0: 3 0x80005648 (0x00010297) x 5 0x80015648
core   0: 0x8000564c (0xe9a28293) addi    t0, t0, -358
core   0: 3 0x8000564c (0xe9a28293) x 5 0x800154e2
core   0: 0x80005650 (0x00000e18) c.addi4spn a4, sp, 784
core   0: 3 0x80005650 (0x0e18) x14 0x0000035a
core   0: 0x80005652 (0x81f28003) lb      zero, -2017(t0)
core   0: 3 0x80005652 (0x81f28003) mem 0x80014d01
core   0: 0x80005656 (0x81f28a03) lb      s4, -2017(t0)
core   0: 3 0x80005656 (0x81f28a03) x20 0x00000000 mem 0x80014d01
core   0: 0x8000565a (0x80128fa3) sb      ra, -2017(t0)
core   0: 3 0x8000565a (0x80128fa3) mem 0x80014d01 0x0
core   0: 0x8000565e (0x80e28fa3) sb      a4, -2017(t0)
core   0: 3 0x8000565e (0x80e28fa3) mem 0x80014d01 0x5a
core   0: 0x80005662 (0x81f28783) lb      a5, -2017(t0)
core   0: 3 0x80005662 (0x81f28783) x15 0x0000005a mem 0x80014d01
core   0: 0x80005666 (0x81f2cd83) lbu     s11, -2017(t0)
core   0: 3 0x80005666 (0x81f2cd83) x27 0x0000005a mem 0x80014d01
core   0: 0x8000566a (0x4b3db813) sltiu   a6, s11, 1203
core   0: 3 0x8000566a (0x4b3db813) x16 0x00000001
core   0: 0x8000566e (0x81f28e83) lb      t4, -2017(t0)
core   0: 3 0x8000566e (0x81f28e83) x29 0x0000005a mem 0x80014d01
core   0: 0x80005672 (0x81f2c203) lbu     tp, -2017(t0)
core   0: 3 0x80005672 (0x81f2c203) x 4 0x0000005a mem 0x80014d01
core   0: 0x80005676 (0x81f28103) lb      sp, -2017(t0)
core   0: 3 0x80005676 (0x81f28103) x 2 0x0000005a mem 0x80014d01
core   0: 0x8000567a (0x80428fa3) sb      tp, -2017(t0)
core   0: 3 0x8000567a (0x80428fa3) mem 0x80014d01 0x5a
core   0: 0x8000567e (0x80028fa3) sb      zero, -2017(t0)
core   0: 3 0x8000567e (0x80028fa3) mem 0x80014d01 0x0
core   0: 0x80005682 (0x00000001) c.nop
core   0: 3 0x80005682 (0x0001)
core   0: 0x80005684 (0x81f28a03) lb      s4, -2017(t0)
core   0: 3 0x80005684 (0x81f28a03) x20 0x00000000 mem 0x80014d01
core   0: 0x80005688 (0x00000465) c.addi  s0, 25
core   0: 3 0x80005688 (0x0465) x 8 0x00000019
core   0: 0x8000568a (0x36d76b93) ori     s7, a4, 877
core   0: 3 0x8000568a (0x36d76b93) x23 0x0000037f
core   0: 0x8000568e (0x81f28583) lb      a1, -2017(t0)
core   0: 3 0x8000568e (0x81f28583) x11 0x00000000 mem 0x80014d01
core   0: 0x80005692 (0x80d28fa3) sb      a3, -2017(t0)
core   0: 3 0x80005692 (0x80d28fa3) mem 0x80014d01 0xe2
core   0: 0x80005696 (0x00006c55) c.lui   s8, 0x15
core   0: 3 0x80005696 (0x6c55) x24 0x00015000
core   0: 0x80005698 (0x81f28183) lb      gp, -2017(t0)
core   0: 3 0x80005698 (0x81f28183) x 3 0xffffffe2 mem 0x80014d01
core   0: 0x8000569c (0x81f28a83) lb      s5, -2017(t0)
core   0: 3 0x8000569c (0x81f28a83) x21 0xffffffe2 mem 0x80014d01
core   0: 0x800056a0 (0x81f28303) lb      t1, -2017(t0)
core   0: 3 0x800056a0 (0x81f28303) x 6 0xffffffe2 mem 0x80014d01
core   0: 0x800056a4 (0x0000e597) auipc   a1, 0xe
core   0: 3 0x800056a4 (0x0000e597) x11 0x800136a4
core   0: 0x800056a8 (0x74158593) addi    a1, a1, 1857
core   0: 3 0x800056a8 (0x74158593) x11 0x80013de5
core   0: 0x800056ac (0x0000f717) auipc   a4, 0xf
core   0: 3 0x800056ac (0x0000f717) x14 0x800146ac
core   0: 0x800056b0 (0x80770713) addi    a4, a4, -2041
core   0: 3 0x800056b0 (0x80770713) x14 0x80013eb3
core   0: 0x800056b4 (0xf965cc03) lbu     s8, -106(a1)
core   0: 3 0x800056b4 (0xf965cc03) x24 0x00000000 mem 0x80013d7b
core   0: 0x800056b8 (0x0000ee97) auipc   t4, 0xe
core   0: 3 0x800056b8 (0x0000ee97) x29 0x800136b8
core   0: 0x800056bc (0x658e8e93) addi    t4, t4, 1624
core   0: 3 0x800056bc (0x658e8e93) x29 0x80013d10
core   0: 0x800056c0 (0x0000e697) auipc   a3, 0xe
core   0: 3 0x800056c0 (0x0000e697) x13 0x800136c0
core   0: 0x800056c4 (0x59568693) addi    a3, a3, 1429
core   0: 3 0x800056c4 (0x59568693) x13 0x80013c55
core   0: 0x800056c8 (0xbb974603) lbu     a2, -1095(a4)
core   0: 3 0x800056c8 (0xbb974603) x12 0x00000000 mem 0x80013a6c
core   0: 0x800056cc (0xc4f6ca83) lbu     s5, -945(a3)
core   0: 3 0x800056cc (0xc4f6ca83) x21 0x00000000 mem 0x800138a4
core   0: 0x800056d0 (0xc72720a3) sw      s2, -927(a4)
core   0: 3 0x800056d0 (0xc72720a3) mem 0x80013b14 0x8002cce4
core   0: 0x800056d4 (0x0000ef97) auipc   t6, 0xe
core   0: 3 0x800056d4 (0x0000ef97) x31 0x800136d4
core   0: 0x800056d8 (0xb53f8f93) addi    t6, t6, -1197
core   0: 3 0x800056d8 (0xb53f8f93) x31 0x80013227
core   0: 0x800056dc (0xf3b58ba3) sb      s11, -201(a1)
core   0: 3 0x800056dc (0xf3b58ba3) mem 0x80013d1c 0x5a
core   0: 0x800056e0 (0x0a5f8f23) sb      t0, 190(t6)
core   0: 3 0x800056e0 (0x0a5f8f23) mem 0x800132e5 0xe2
core   0: 0x800056e4 (0xffbe8e03) lb      t3, -5(t4)
core   0: 3 0x800056e4 (0xffbe8e03) x28 0x00000000 mem 0x80013d0b
core   0: 0x800056e8 (0x16770523) sb      t2, 362(a4)
core   0: 3 0x800056e8 (0x16770523) mem 0x8001401d 0x36
core   0: 0x800056ec (0x0d45c183) lbu     gp, 212(a1)
core   0: 3 0x800056ec (0x0d45c183) x 3 0x00000064 mem 0x80013eb9
core   0: 0x800056f0 (0x01e58183) lb      gp, 30(a1)
core   0: 3 0x800056f0 (0x01e58183) x 3 0x00000000 mem 0x80013e03
core   0: 0x800056f4 (0x0265c783) lbu     a5, 38(a1)
core   0: 3 0x800056f4 (0x0265c783) x15 0x00000000 mem 0x80013e0b
core   0: 0x800056f8 (0x1eff8c83) lb      s9, 495(t6)
core   0: 3 0x800056f8 (0x1eff8c83) x25 0x00000000 mem 0x80013416
core   0: 0x800056fc (0x000e8523) sb      zero, 10(t4)
core   0: 3 0x800056fc (0x000e8523) mem 0x80013d1a 0x0
core   0: 0x80005700 (0x18b69783) lh      a5, 395(a3)
core   0: 3 0x80005700 (0x18b69783) x15 0x00000000 mem 0x80013de0
core   0: 0x80005704 (0xe64f8623) sb      tp, -404(t6)
core   0: 3 0x80005704 (0xe64f8623) mem 0x80013093 0x5a
core   0: 0x80005708 (0xb9170a23) sb      a7, -1132(a4)
core   0: 3 0x80005708 (0xb9170a23) mem 0x80013a47 0x38
core   0: 0x8000570c (0xffbe8ea3) sb      s11, -3(t4)
core   0: 3 0x8000570c (0xffbe8ea3) mem 0x80013d0d 0x5a
core   0: 0x80005710 (0x90674f03) lbu     t5, -1786(a4)
core   0: 3 0x80005710 (0x90674f03) x30 0x00000078 mem 0x800137b9
core   0: 0x80005714 (0x17f75183) lhu     gp, 383(a4)
core   0: 3 0x80005714 (0x17f75183) x 3 0x00000000 mem 0x80014032
core   0: 0x80005718 (0x0f4fc803) lbu     a6, 244(t6)
core   0: 3 0x80005718 (0x0f4fc803) x16 0x00000000 mem 0x8001331b
core   0: 0x8000571c (0xf2959e03) lh      t3, -215(a1)
core   0: 3 0x8000571c (0xf2959e03) x28 0x00000000 mem 0x80013d0e
core   0: 0x80005720 (0x9fe68b83) lb      s7, -1538(a3)
core   0: 3 0x80005720 (0x9fe68b83) x23 0x00000000 mem 0x80013653
core   0: 0x80005724 (0x008ec083) lbu     ra, 8(t4)
core   0: 3 0x80005724 (0x008ec083) x 1 0x00000000 mem 0x80013d18
core   0: 0x80005728 (0x82769b03) lh      s6, -2009(a3)
core   0: 3 0x80005728 (0x82769b03) x22 0x000000e4 mem 0x8001347c
core   0: 0x8000572c (0x028fca83) lbu     s5, 40(t6)
core   0: 3 0x8000572c (0x028fca83) x21 0x00000000 mem 0x8001324f
core   0: 0x80005730 (0xfffe8923) sb      t6, -14(t4)
core   0: 3 0x80005730 (0xfffe8923) mem 0x80013d02 0x27
core   0: 0x80005734 (0xe89f9c03) lh      s8, -375(t6)
core   0: 3 0x80005734 (0xe89f9c03) x24 0x00000000 mem 0x800130b0
core   0: 0x80005738 (0x0735c603) lbu     a2, 115(a1)
core   0: 3 0x80005738 (0x0735c603) x12 0x00000000 mem 0x80013e58
core   0: 0x8000573c (0xf4858c83) lb      s9, -184(a1)
core   0: 3 0x8000573c (0xf4858c83) x25 0x00000000 mem 0x80013d2d
core   0: 0x80005740 (0xfcbf9d03) lh      s10, -53(t6)
core   0: 3 0x80005740 (0xfcbf9d03) x26 0x00000000 mem 0x800131f2
core   0: 0x80005744 (0x276f8103) lb      sp, 630(t6)
core   0: 3 0x80005744 (0x276f8103) x 2 0x00000000 mem 0x8001349d
core   0: 0x80005748 (0x00ee8003) lb      zero, 14(t4)
core   0: 3 0x80005748 (0x00ee8003) mem 0x80013d1e
core   0: 0x8000574c (0x196f95a3) sh      s6, 395(t6)
core   0: 3 0x8000574c (0x196f95a3) mem 0x800133b2 0x00e4
core   0: 0x80005750 (0xffeec783) lbu     a5, -2(t4)
core   0: 3 0x80005750 (0xffeec783) x15 0x00000000 mem 0x80013d0e
core   0: 0x80005754 (0x9ba70f23) sb      s10, -1602(a4)
core   0: 3 0x80005754 (0x9ba70f23) mem 0x80013871 0x0
core   0: 0x80005758 (0xa5169283) lh      t0, -1455(a3)
core   0: 3 0x80005758 (0xa5169283) x 5 0x00000000 mem 0x800136a6
core   0: 0x8000575c (0x005ecb03) lbu     s6, 5(t4)
core   0: 3 0x8000575c (0x005ecb03) x22 0x00000000 mem 0x80013d15
core   0: 0x80005760 (0x0000e117) auipc   sp, 0xe
core   0: 3 0x80005760 (0x0000e117) x 2 0x80013760
core   0: 0x80005764 (0x31210113) addi    sp, sp, 786
core   0: 3 0x80005764 (0x31210113) x 2 0x80013a72
core   0: 0x80005768 (0x016a08b3) add     a7, s4, s6
core   0: 3 0x80005768 (0x016a08b3) x17 0x00000000
core   0: 0x8000576c (0xffa106a3) sb      s10, -19(sp)
core   0: 3 0x8000576c (0xffa106a3) mem 0x80013a5f 0x0
core   0: 0x80005770 (0x0e212f03) lw      t5, 226(sp)
core   0: 3 0x80005770 (0x0e212f03) x30 0x00000000 mem 0x80013b54
core   0: 0x80005774 (0x000085a9) c.srai  a1, 10
core   0: 3 0x80005774 (0x85a9) x11 0xffe0004f
core   0: 0x80005776 (0xf0914a83) lbu     s5, -247(sp)
core   0: 3 0x80005776 (0xf0914a83) x21 0x00000000 mem 0x8001397b
core   0: 0x8000577a (0x03e10623) sb      t5, 44(sp)
core   0: 3 0x8000577a (0x03e10623) mem 0x80013a9e 0x0
core   0: 0x8000577e (0x08a12703) lw      a4, 138(sp)
core   0: 3 0x8000577e (0x08a12703) x14 0x00000000 mem 0x80013afc
core   0: 0x80005782 (0x03cec633) div     a2, t4, t3
core   0: 3 0x80005782 (0x03cec633) x12 0xffffffff
core   0: 0x80005786 (0x0171cdb3) xor     s11, gp, s7
core   0: 3 0x80005786 (0x0171cdb3) x27 0x00000000
core   0: 0x8000578a (0xfc710023) sb      t2, -64(sp)
core   0: 3 0x8000578a (0xfc710023) mem 0x80013a32 0x36
core   0: 0x8000578e (0x00008c75) c.and   s0, a3
core   0: 3 0x8000578e (0x8c75) x 8 0x00000011
core   0: 0x80005790 (0x00000cee) c.slli  s9, 27
core   0: 3 0x80005790 (0x0cee) x25 0x00000000
core   0: 0x80005792 (0x52f98413) addi    s0, s3, 1327
core   0: 3 0x80005792 (0x52f98413) x 8 0x0000052f
core   0: 0x80005796 (0x0000100f) fence.i
core   0: 3 0x80005796 (0x0000100f)
core   0: 0x8000579a (0x00008eb5) c.xor   a3, a3
core   0: 3 0x8000579a (0x8eb5) x13 0x00000000
core   0: 0x8000579c (0x06210d83) lb      s11, 98(sp)
core   0: 3 0x8000579c (0x06210d83) x27 0x00000000 mem 0x80013ad4
core   0: 0x800057a0 (0xf6c14d03) lbu     s10, -148(sp)
core   0: 3 0x800057a0 (0xf6c14d03) x26 0x00000000 mem 0x800139de
core   0: 0x800057a4 (0x7b107793) andi    a5, zero, 1969
core   0: 3 0x800057a4 (0x7b107793) x15 0x00000000
core   0: 0x800057a8 (0xf2b11723) sh      a1, -210(sp)
core   0: 3 0x800057a8 (0xf2b11723) mem 0x800139a0 0x004f
core   0: 0x800057ac (0xf6a10023) sb      a0, -160(sp)
core   0: 3 0x800057ac (0xf6a10023) mem 0x800139d2 0xda
core   0: 0x800057b0 (0x16bff013) andi    zero, t6, 363
core   0: 3 0x800057b0 (0x16bff013)
core   0: 0x800057b4 (0xff610b23) sb      s6, -10(sp)
core   0: 3 0x800057b4 (0xff610b23) mem 0x80013a68 0x0
core   0: 0x800057b8 (0x63cdad13) slti    s10, s11, 1596
core   0: 3 0x800057b8 (0x63cdad13) x26 0x00000001
core   0: 0x800057bc (0x03014283) lbu     t0, 48(sp)
core   0: 3 0x800057bc (0x03014283) x 5 0x00000000 mem 0x80013aa2
core   0: 0x800057c0 (0x0db10023) sb      s11, 192(sp)
core   0: 3 0x800057c0 (0x0db10023) mem 0x80013b32 0x0
core   0: 0x800057c4 (0x0c710f83) lb      t6, 199(sp)
core   0: 3 0x800057c4 (0x0c710f83) x31 0x00000000 mem 0x80013b39
core   0: 0x800057c8 (0x01b107a3) sb      s11, 15(sp)
core   0: 3 0x800057c8 (0x01b107a3) mem 0x80013a81 0x0
core   0: 0x800057cc (0x00016117) auipc   sp, 0x16
core   0: 3 0x800057cc (0x00016117) x 2 0x8001b7cc
core   0: 0x800057d0 (0xa1810113) addi    sp, sp, -1512
core   0: 3 0x800057d0 (0xa1810113) x 2 0x8001b1e4
core   0: 0x800057d4 (0xc4110c83) lb      s9, -959(sp)
core   0: 3 0x800057d4 (0xc4110c83) x25 0x00000000 mem 0x8001ae25
core   0: 0x800057d8 (0xfb914583) lbu     a1, -71(sp)
core   0: 3 0x800057d8 (0xfb914583) x11 0x00000000 mem 0x8001b19d
core   0: 0x800057dc (0x00004832) c.lwsp  a6, 12(sp)
core   0: 3 0x800057dc (0x4832) x16 0x00000000 mem 0x8001b1f0
core   0: 0x800057de (0x50114983) lbu     s3, 1281(sp)
core   0: 3 0x800057de (0x50114983) x19 0x00000000 mem 0x8001b6e5
core   0: 0x800057e2 (0xd6011123) sh      zero, -670(sp)
core   0: 3 0x800057e2 (0xd6011123) mem 0x8001af46 0x0000
core   0: 0x800057e6 (0xd7c11123) sh      t3, -670(sp)
core   0: 3 0x800057e6 (0xd7c11123) mem 0x8001af46 0x0000
core   0: 0x800057ea (0xaf910223) sb      s9, -1308(sp)
core   0: 3 0x800057ea (0xaf910223) mem 0x8001acc8 0x0
core   0: 0x800057ee (0xba214d83) lbu     s11, -1118(sp)
core   0: 3 0x800057ee (0xba214d83) x27 0x00000000 mem 0x8001ad86
core   0: 0x800057f2 (0xb6211b23) sh      sp, -1162(sp)
core   0: 3 0x800057f2 (0xb6211b23) mem 0x8001ad5a 0xb1e4
core   0: 0x800057f6 (0x98411123) sh      tp, -1662(sp)
core   0: 3 0x800057f6 (0x98411123) mem 0x8001ab66 0x005a
core   0: 0x800057fa (0x01dfdd33) srl     s10, t6, t4
core   0: 3 0x800057fa (0x01dfdd33) x26 0x00000000
core   0: 0x800057fe (0x3bc109a3) sb      t3, 947(sp)
core   0: 3 0x800057fe (0x3bc109a3) mem 0x8001b597 0x0
core   0: 0x80005802 (0x3ac109a3) sb      a2, 947(sp)
core   0: 3 0x80005802 (0x3ac109a3) mem 0x8001b597 0xff
core   0: 0x80005806 (0x3b310203) lb      tp, 947(sp)
core   0: 3 0x80005806 (0x3b310203) x 4 0xffffffff mem 0x8001b597
core   0: 0x8000580a (0x351101a3) sb      a7, 835(sp)
core   0: 3 0x8000580a (0x351101a3) mem 0x8001b527 0x0
core   0: 0x8000580e (0x34310303) lb      t1, 835(sp)
core   0: 3 0x8000580e (0x34310303) x 6 0x00000000 mem 0x8001b527
core   0: 0x80005812 (0x0263b2b3) mulhu   t0, t2, t1
core   0: 3 0x80005812 (0x0263b2b3) x 5 0x00000000
core   0: 0x80005816 (0x7b282d13) slti    s10, a6, 1970
core   0: 3 0x80005816 (0x7b282d13) x26 0x00000001
core   0: 0x8000581a (0x340101a3) sb      zero, 835(sp)
core   0: 3 0x8000581a (0x340101a3) mem 0x8001b527 0x0
core   0: 0x8000581e (0xabb11f23) sh      s11, -1346(sp)
core   0: 3 0x8000581e (0xabb11f23) mem 0x8001aca2 0x0000
core   0: 0x80005822 (0x03cc5e33) divu    t3, s8, t3
core   0: 3 0x80005822 (0x03cc5e33) x28 0xffffffff
core   0: 0x80005826 (0xd9e11203) lh      tp, -610(sp)
core   0: 3 0x80005826 (0xd9e11203) x 4 0x00000000 mem 0x8001af82
core   0: 0x8000582a (0xd9e11f83) lh      t6, -610(sp)
core   0: 3 0x8000582a (0xd9e11f83) x31 0x00000000 mem 0x8001af82
core   0: 0x8000582e (0x1f110583) lb      a1, 497(sp)
core   0: 3 0x8000582e (0x1f110583) x11 0x00000000 mem 0x8001b3d5
core   0: 0x80005832 (0x0000e317) auipc   t1, 0xe
core   0: 3 0x80005832 (0x0000e317) x 6 0x80013832
core   0: 0x80005836 (0xca330313) addi    t1, t1, -861
core   0: 3 0x80005836 (0xca330313) x 6 0x800134d5
core   0: 0x8000583a (0x0001bc17) auipc   s8, 0x1b
core   0: 3 0x8000583a (0x0001bc17) x24 0x8002083a
core   0: 0x8000583e (0x283c0c13) addi    s8, s8, 643
core   0: 3 0x8000583e (0x283c0c13) x24 0x80020abd
core   0: 0x80005842 (0xbea30b03) lb      s6, -1046(t1)
core   0: 3 0x80005842 (0xbea30b03) x22 0x00000032 mem 0x800130bf
core   0: 0x80005846 (0xbc1308a3) sb      ra, -1071(t1)
core   0: 3 0x80005846 (0xbc1308a3) mem 0x800130a6 0x0
core   0: 0x8000584a (0x0eac14a3) sh      a0, 233(s8)
core   0: 3 0x8000584a (0x0eac14a3) mem 0x80020ba6 0x21da
core   0: 0x8000584e (0x099c0f03) lb      t5, 153(s8)
core   0: 3 0x8000584e (0x099c0f03) x30 0x00000000 mem 0x80020b56
core   0: 0x80005852 (0xe6135783) lhu     a5, -415(t1)
core   0: 3 0x80005852 (0xe6135783) x15 0x00000000 mem 0x80013336
core   0: 0x80005856 (0x0c1c09a3) sb      ra, 211(s8)
core   0: 3 0x80005856 (0x0c1c09a3) mem 0x80020b90 0x0
core   0: 0x8000585a (0xfe2c4b03) lbu     s6, -30(s8)
core   0: 3 0x8000585a (0xfe2c4b03) x22 0x00000000 mem 0x80020a9f
core   0: 0x8000585e (0xfccc0523) sb      a2, -54(s8)
core   0: 3 0x8000585e (0xfccc0523) mem 0x80020a87 0xff
core   0: 0x80005862 (0x63a30723) sb      s10, 1582(t1)
core   0: 3 0x80005862 (0x63a30723) mem 0x80013b03 0x1
core   0: 0x80005866 (0xff6c23a3) sw      s6, -25(s8)
core   0: 3 0x80005866 (0xff6c23a3) mem 0x80020aa4 0x00000000
core   0: 0x8000586a (0x5f830003) lb      zero, 1528(t1)
core   0: 3 0x8000586a (0x5f830003) mem 0x80013acd
core   0: 0x8000586e (0xf8fc2683) lw      a3, -113(s8)
core   0: 3 0x8000586e (0xf8fc2683) x13 0x8002cce4 mem 0x80020a4c
core   0: 0x80005872 (0x0bdc5f03) lhu     t5, 189(s8)
core   0: 3 0x80005872 (0x0bdc5f03) x30 0x00000000 mem 0x80020b7a
core   0: 0x80005876 (0x0001d117) auipc   sp, 0x1d
core   0: 3 0x80005876 (0x0001d117) x 2 0x80022876
core   0: 0x8000587a (0x3d210113) addi    sp, sp, 978
core   0: 3 0x8000587a (0x3d210113) x 2 0x80022c48
core   0: 0x8000587e (0x03214583) lbu     a1, 50(sp)
core   0: 3 0x8000587e (0x03214583) x11 0x00000000 mem 0x80022c7a
core   0: 0x80005882 (0x02b11923) sh      a1, 50(sp)
core   0: 3 0x80005882 (0x02b11923) mem 0x80022c7a 0x0000
core   0: 0x80005886 (0x03215083) lhu     ra, 50(sp)
core   0: 3 0x80005886 (0x03215083) x 1 0x00000000 mem 0x80022c7a
core   0: 0x8000588a (0x0ad14a83) lbu     s5, 173(sp)
core   0: 3 0x8000588a (0x0ad14a83) x21 0x00000000 mem 0x80022cf5
core   0: 0x8000588e (0x08814183) lbu     gp, 136(sp)
core   0: 3 0x8000588e (0x08814183) x 3 0x00000000 mem 0x80022cd0
core   0: 0x80005892 (0x08415083) lhu     ra, 132(sp)
core   0: 3 0x80005892 (0x08415083) x 1 0x00000000 mem 0x80022ccc
core   0: 0x80005896 (0x00000e9d) c.addi  t4, 7
core   0: 3 0x80005896 (0x0e9d) x29 0x80013d17
core   0: 0x80005898 (0x0b615083) lhu     ra, 182(sp)
core   0: 3 0x80005898 (0x0b615083) x 1 0x00000000 mem 0x80022cfe
core   0: 0x8000589c (0x0b615203) lhu     tp, 182(sp)
core   0: 3 0x8000589c (0x0b615203) x 4 0x00000000 mem 0x80022cfe
core   0: 0x800058a0 (0x00008f5d) c.or    a4, a5
core   0: 3 0x800058a0 (0x8f5d) x14 0x00000000
core   0: 0x800058a2 (0x0ba11b23) sh      s10, 182(sp)
core   0: 3 0x800058a2 (0x0ba11b23) mem 0x80022cfe 0x0001
core   0: 0x800058a6 (0x02156e33) rem     t3, a0, ra
core   0: 3 0x800058a6 (0x02156e33) x28 0xfd3e21da
core   0: 0x800058aa (0x0b614983) lbu     s3, 182(sp)
core   0: 3 0x800058aa (0x0b614983) x19 0x00000001 mem 0x80022cfe
core   0: 0x800058ae (0x0c714083) lbu     ra, 199(sp)
core   0: 3 0x800058ae (0x0c714083) x 1 0x00000000 mem 0x80022d0f
core   0: 0x800058b2 (0x0ca103a3) sb      a0, 199(sp)
core   0: 3 0x800058b2 (0x0ca103a3) mem 0x80022d0f 0xda
core   0: 0x800058b6 (0x0c710783) lb      a5, 199(sp)
core   0: 3 0x800058b6 (0x0c710783) x15 0xffffffda mem 0x80022d0f
core   0: 0x800058ba (0x0c2103a3) sb      sp, 199(sp)
core   0: 3 0x800058ba (0x0c2103a3) mem 0x80022d0f 0x48
core   0: 0x800058be (0xf6e10ca3) sb      a4, -135(sp)
core   0: 3 0x800058be (0xf6e10ca3) mem 0x80022bc1 0x0
core   0: 0x800058c2 (0x00018117) auipc   sp, 0x18
core   0: 3 0x800058c2 (0x00018117) x 2 0x8001d8c2
core   0: 0x800058c6 (0x4a110113) addi    sp, sp, 1185
core   0: 3 0x800058c6 (0x4a110113) x 2 0x8001dd63
core   0: 0x800058ca (0x0d314703) lbu     a4, 211(sp)
core   0: 3 0x800058ca (0x0d314703) x14 0x00000000 mem 0x8001de36
core   0: 0x800058ce (0xa9098ab7) lui     s5, 0xa9098
core   0: 3 0x800058ce (0xa9098ab7) x21 0xa9098000
core   0: 0x800058d2 (0x0cd11ca3) sh      a3, 217(sp)
core   0: 3 0x800058d2 (0x0cd11ca3) mem 0x8001de3c 0xcce4
core   0: 0x800058d6 (0x093101a3) sb      s3, 131(sp)
core   0: 3 0x800058d6 (0x093101a3) mem 0x8001dde6 0x1
core   0: 0x800058da (0x00005ffd) c.li    t6, -1
core   0: 3 0x800058da (0x5ffd) x31 0xffffffff
core   0: 0x800058dc (0x0000877a) c.mv    a4, t5
core   0: 3 0x800058dc (0x877a) x14 0x00000000
core   0: 0x800058de (0x00000001) c.nop
core   0: 3 0x800058de (0x0001)
core   0: 0x800058e0 (0x9d23b393) sltiu   t2, t2, -1582
core   0: 3 0x800058e0 (0x9d23b393) x 7 0x00000001
core   0: 0x800058e4 (0x40ae85b3) sub     a1, t4, a0
core   0: 3 0x800058e4 (0x40ae85b3) x11 0x82c31b3d
core   0: 0x800058e8 (0x09210623) sb      s2, 140(sp)
core   0: 3 0x800058e8 (0x09210623) mem 0x8001ddef 0xe4
core   0: 0x800058ec (0x07214383) lbu     t2, 114(sp)
core   0: 3 0x800058ec (0x07214383) x 7 0x00000000 mem 0x8001ddd5
core   0: 0x800058f0 (0xf3611ea3) sh      s6, -195(sp)
core   0: 3 0x800058f0 (0xf3611ea3) mem 0x8001dca0 0x0000
core   0: 0x800058f4 (0x0258c5b3) div     a1, a7, t0
core   0: 3 0x800058f4 (0x0258c5b3) x11 0xffffffff
core   0: 0x800058f8 (0x04414b83) lbu     s7, 68(sp)
core   0: 3 0x800058f8 (0x04414b83) x23 0x00000000 mem 0x8001dda7
core   0: 0x800058fc (0x009c15b3) sll     a1, s8, s1
core   0: 3 0x800058fc (0x009c15b3) x11 0x0020abd0
core   0: 0x80005900 (0xfd914e03) lbu     t3, -39(sp)
core   0: 3 0x80005900 (0xfd914e03) x28 0x00000000 mem 0x8001dd3c
core   0: 0x80005904 (0xfcc14583) lbu     a1, -52(sp)
core   0: 3 0x80005904 (0xfcc14583) x11 0x00000000 mem 0x8001dd2f
core   0: 0x80005908 (0x00f12ea3) sw      a5, 29(sp)
core   0: 3 0x80005908 (0x00f12ea3) mem 0x8001dd80 0xffffffda
core   0: 0x8000590c (0xf3610d03) lb      s10, -202(sp)
core   0: 3 0x8000590c (0xf3610d03) x26 0x00000000 mem 0x8001dc99
core   0: 0x80005910 (0xf2510e03) lb      t3, -219(sp)
core   0: 3 0x80005910 (0xf2510e03) x28 0x00000000 mem 0x8001dc88
core   0: 0x80005914 (0xfc311803) lh      a6, -61(sp)
core   0: 3 0x80005914 (0xfc311803) x16 0x00000000 mem 0x8001dd26
core   0: 0x80005918 (0x00912603) lw      a2, 9(sp)
core   0: 3 0x80005918 (0x00912603) x12 0x00000000 mem 0x8001dd6c
core   0: 0x8000591c (0x01ccdc13) srli    s8, s9, 28
core   0: 3 0x8000591c (0x01ccdc13) x24 0x00000000
core   0: 0x80005920 (0xf0715d83) lhu     s11, -249(sp)
core   0: 3 0x80005920 (0xf0715d83) x27 0x00000000 mem 0x8001dc6a
core   0: 0x80005924 (0x00ee4cb3) xor     s9, t3, a4
core   0: 3 0x80005924 (0x00ee4cb3) x25 0x00000000
core   0: 0x80005928 (0x0000100f) fence.i
core   0: 3 0x80005928 (0x0000100f)
core   0: 0x8000592c (0xf0d12d03) lw      s10, -243(sp)
core   0: 3 0x8000592c (0xf0d12d03) x26 0x00000000 mem 0x8001dc70
core   0: 0x80005930 (0x0f510883) lb      a7, 245(sp)
core   0: 3 0x80005930 (0x0f510883) x17 0x00000000 mem 0x8001de58
core   0: 0x80005934 (0x00009b06) c.add   s6, ra
core   0: 3 0x80005934 (0x9b06) x22 0x00000000
core   0: 0x80005936 (0x00008735) c.srai  a4, 13
core   0: 3 0x80005936 (0x8735) x14 0x00000000
core   0: 0x80005938 (0x03aadcb3) divu    s9, s5, s10
core   0: 3 0x80005938 (0x03aadcb3) x25 0xffffffff
core   0: 0x8000593c (0xf3c14b03) lbu     s6, -196(sp)
core   0: 3 0x8000593c (0xf3c14b03) x22 0x00000000 mem 0x8001dc9f
core   0: 0x80005940 (0xf5d10703) lb      a4, -163(sp)
core   0: 3 0x80005940 (0xf5d10703) x14 0x00000000 mem 0x8001dcc0
core   0: 0x80005944 (0x00008dc9) c.or    a1, a0
core   0: 3 0x80005944 (0x8dc9) x11 0xfd3e21da
core   0: 0x80005946 (0x0c112aa3) sw      ra, 213(sp)
core   0: 3 0x80005946 (0x0c112aa3) mem 0x8001de38 0x00000000
core   0: 0x8000594a (0x01c14c03) lbu     s8, 28(sp)
core   0: 3 0x8000594a (0x01c14c03) x24 0x00000000 mem 0x8001dd7f
core   0: 0x8000594e (0xf6c14d83) lbu     s11, -148(sp)
core   0: 3 0x8000594e (0xf6c14d83) x27 0x00000000 mem 0x8001dccf
core   0: 0x80005952 (0x09715c83) lhu     s9, 151(sp)
core   0: 3 0x80005952 (0x09715c83) x25 0x00000000 mem 0x8001ddfa
core   0: 0x80005956 (0x024fcbb3) div     s7, t6, tp
core   0: 3 0x80005956 (0x024fcbb3) x23 0xffffffff
core   0: 0x8000595a (0x0f114983) lbu     s3, 241(sp)
core   0: 3 0x8000595a (0x0f114983) x19 0x00000000 mem 0x8001de54
core   0: 0x8000595e (0x0ed11f83) lh      t6, 237(sp)
core   0: 3 0x8000595e (0x0ed11f83) x31 0x00000000 mem 0x8001de50
core   0: 0x80005962 (0xf1515783) lhu     a5, -235(sp)
core   0: 3 0x80005962 (0xf1515783) x15 0x00000000 mem 0x8001dc78
core   0: 0x80005966 (0x000082d9) c.srli  a3, 22
core   0: 3 0x80005966 (0x82d9) x13 0x00000200
core   0: 0x80005968 (0x0dc116a3) sh      t3, 205(sp)
core   0: 3 0x80005968 (0x0dc116a3) mem 0x8001de30 0x0000
core   0: 0x8000596c (0xf82124a3) sw      sp, -119(sp)
core   0: 3 0x8000596c (0xf82124a3) mem 0x8001dcec 0x8001dd63
core   0: 0x80005970 (0x08414203) lbu     tp, 132(sp)
core   0: 3 0x80005970 (0x08414203) x 4 0x00000000 mem 0x8001dde7
core   0: 0x80005974 (0xf1410a83) lb      s5, -236(sp)
core   0: 3 0x80005974 (0xf1410a83) x21 0x00000000 mem 0x8001dc77
core   0: 0x80005978 (0x0000e717) auipc   a4, 0xe
core   0: 3 0x80005978 (0x0000e717) x14 0x80013978
core   0: 0x8000597c (0x16470713) addi    a4, a4, 356
core   0: 3 0x8000597c (0x16470713) x14 0x80013adc
core   0: 0x80005980 (0xf4374983) lbu     s3, -189(a4)
core   0: 3 0x80005980 (0xf4374983) x19 0x00000000 mem 0x80013a1f
core   0: 0x80005984 (0x06770303) lb      t1, 103(a4)
core   0: 3 0x80005984 (0x06770303) x 6 0x00000000 mem 0x80013b43
core   0: 0x80005988 (0xf7675003) lhu     zero, -138(a4)
core   0: 3 0x80005988 (0xf7675003) mem 0x80013a52
core   0: 0x8000598c (0xf7671103) lh      sp, -138(a4)
core   0: 3 0x8000598c (0xf7671103) x 2 0x00000000 mem 0x80013a52
core   0: 0x80005990 (0xf7674803) lbu     a6, -138(a4)
core   0: 3 0x80005990 (0xf7674803) x16 0x00000000 mem 0x80013a52
core   0: 0x80005994 (0xff774d03) lbu     s10, -9(a4)
core   0: 3 0x80005994 (0xff774d03) x26 0x00000000 mem 0x80013ad3
core   0: 0x80005998 (0xff770883) lb      a7, -9(a4)
core   0: 3 0x80005998 (0xff770883) x17 0x00000000 mem 0x80013ad3
core   0: 0x8000599c (0xfef70ba3) sb      a5, -9(a4)
core   0: 3 0x8000599c (0xfef70ba3) mem 0x80013ad3 0x0
core   0: 0x800059a0 (0x01ca7133) and     sp, s4, t3
core   0: 3 0x800059a0 (0x01ca7133) x 2 0x00000000
core   0: 0x800059a4 (0xf5475203) lhu     tp, -172(a4)
core   0: 3 0x800059a4 (0xf5475203) x 4 0x00000000 mem 0x80013a30
core   0: 0x800059a8 (0xf5470003) lb      zero, -172(a4)
core   0: 3 0x800059a8 (0xf5470003) mem 0x80013a30
core   0: 0x800059ac (0xf5470a83) lb      s5, -172(a4)
core   0: 3 0x800059ac (0xf5470a83) x21 0x00000000 mem 0x80013a30
core   0: 0x800059b0 (0xf5571a23) sh      s5, -172(a4)
core   0: 3 0x800059b0 (0xf5571a23) mem 0x80013a30 0x0000
core   0: 0x800059b4 (0xf5474783) lbu     a5, -172(a4)
core   0: 3 0x800059b4 (0xf5474783) x15 0x00000000 mem 0x80013a30
core   0: 0x800059b8 (0xf4171a23) sh      ra, -172(a4)
core   0: 3 0x800059b8 (0xf4171a23) mem 0x80013a30 0x0000
core   0: 0x800059bc (0x0c4703a3) sb      tp, 199(a4)
core   0: 3 0x800059bc (0x0c4703a3) mem 0x80013ba3 0x0
core   0: 0x800059c0 (0x000086ca) c.mv    a3, s2
core   0: 3 0x800059c0 (0x86ca) x13 0x8002cce4
core   0: 0x800059c2 (0x0ce703a3) sb      a4, 199(a4)
core   0: 3 0x800059c2 (0x0ce703a3) mem 0x80013ba3 0xdc
core   0: 0x800059c6 (0x0c770803) lb      a6, 199(a4)
core   0: 3 0x800059c6 (0x0c770803) x16 0xffffffdc mem 0x80013ba3
core   0: 0x800059ca (0x0c770983) lb      s3, 199(a4)
core   0: 3 0x800059ca (0x0c770983) x19 0xffffffdc mem 0x80013ba3
core   0: 0x800059ce (0x0c774f03) lbu     t5, 199(a4)
core   0: 3 0x800059ce (0x0c774f03) x30 0x000000dc mem 0x80013ba3
core   0: 0x800059d2 (0x0000ef17) auipc   t5, 0xe
core   0: 3 0x800059d2 (0x0000ef17) x30 0x800139d2
core   0: 0x800059d6 (0x606f0f13) addi    t5, t5, 1542
core   0: 3 0x800059d6 (0x606f0f13) x30 0x80013fd8
core   0: 0x800059da (0x00008fe9) c.and   a5, a0
core   0: 3 0x800059da (0x8fe9) x15 0x00000000
core   0: 0x800059dc (0xfa6f4c03) lbu     s8, -90(t5)
core   0: 3 0x800059dc (0xfa6f4c03) x24 0x00000000 mem 0x80013f7e
core   0: 0x800059e0 (0x047f4603) lbu     a2, 71(t5)
core   0: 3 0x800059e0 (0x047f4603) x12 0x00000000 mem 0x8001401f
core   0: 0x800059e4 (0x00008f49) c.or    a4, a0
core   0: 3 0x800059e4 (0x8f49) x14 0xfd3f3bde
core   0: 0x800059e6 (0x25efaa93) slti    s5, t6, 606
core   0: 3 0x800059e6 (0x25efaa93) x21 0x00000001
core   0: 0x800059ea (0xfc2f1183) lh      gp, -62(t5)
core   0: 3 0x800059ea (0xfc2f1183) x 3 0x00000000 mem 0x80013f9a
core   0: 0x800059ee (0xfd4f03a3) sb      s4, -57(t5)
core   0: 3 0x800059ee (0xfd4f03a3) mem 0x80013f9f 0x0
core   0: 0x800059f2 (0x011f4403) lbu     s0, 17(t5)
core   0: 3 0x800059f2 (0x011f4403) x 8 0x00000000 mem 0x80013fe9
core   0: 0x800059f6 (0x00000b16) c.slli  s6, 5
core   0: 3 0x800059f6 (0x0b16) x22 0x00000000
core   0: 0x800059f8 (0xf04f0a83) lb      s5, -252(t5)
core   0: 3 0x800059f8 (0xf04f0a83) x21 0x00000000 mem 0x80013edc
core   0: 0x800059fc (0xf15f05a3) sb      s5, -245(t5)
core   0: 3 0x800059fc (0xf15f05a3) mem 0x80013ee3 0x0
core   0: 0x80005a00 (0x01ef5783) lhu     a5, 30(t5)
core   0: 3 0x80005a00 (0x01ef5783) x15 0x00000000 mem 0x80013ff6
core   0: 0x80005a04 (0xf94f4183) lbu     gp, -108(t5)
core   0: 3 0x80005a04 (0xf94f4183) x 3 0x00000000 mem 0x80013f6c
core   0: 0x80005a08 (0x044f2803) lw      a6, 68(t5)
core   0: 3 0x80005a08 (0x044f2803) x16 0x00003600 mem 0x8001401c
core   0: 0x80005a0c (0x00009b7d) c.andi  a4, -1
core   0: 3 0x80005a0c (0x9b7d) x14 0xfd3f3bde
core   0: 0x80005a0e (0xf1df4e83) lbu     t4, -227(t5)
core   0: 3 0x80005a0e (0xf1df4e83) x29 0x00000000 mem 0x80013ef5
core   0: 0x80005a12 (0x006efb33) and     s6, t4, t1
core   0: 3 0x80005a12 (0x006efb33) x22 0x00000000
core   0: 0x80005a16 (0xf6bf0403) lb      s0, -149(t5)
core   0: 3 0x80005a16 (0xf6bf0403) x 8 0x00000000 mem 0x80013f43
core   0: 0x80005a1a (0x02c976b3) remu    a3, s2, a2
core   0: 3 0x80005a1a (0x02c976b3) x13 0x8002cce4
core   0: 0x80005a1e (0xaa9f36b7) lui     a3, 0xaa9f3
core   0: 3 0x80005a1e (0xaa9f36b7) x13 0xaa9f3000
core   0: 0x80005a22 (0x0000100f) fence.i
core   0: 3 0x80005a22 (0x0000100f)
core   0: 0x80005a26 (0x6b956b37) lui     s6, 0x6b956
core   0: 3 0x80005a26 (0x6b956b37) x22 0x6b956000
core   0: 0x80005a2a (0xfbff01a3) sb      t6, -93(t5)
core   0: 3 0x80005a2a (0xfbff01a3) mem 0x80013f7b 0x0
core   0: 0x80005a2e (0x03827b33) remu    s6, tp, s8
core   0: 3 0x80005a2e (0x03827b33) x22 0x00000000
core   0: 0x80005a32 (0xefc77637) lui     a2, 0xefc77
core   0: 3 0x80005a32 (0xefc77637) x12 0xefc77000
core   0: 0x80005a36 (0xf01f0a23) sb      ra, -236(t5)
core   0: 3 0x80005a36 (0xf01f0a23) mem 0x80013eec 0x0
core   0: 0x80005a3a (0xfcaf00a3) sb      a0, -63(t5)
core   0: 3 0x80005a3a (0xfcaf00a3) mem 0x80013f99 0xda
core   0: 0x80005a3e (0x000083a9) c.srli  a5, 10
core   0: 3 0x80005a3e (0x83a9) x15 0x00000000
core   0: 0x80005a40 (0xf18f0283) lb      t0, -232(t5)
core   0: 3 0x80005a40 (0xf18f0283) x 5 0x00000000 mem 0x80013ef0
core   0: 0x80005a44 (0xfbef0e03) lb      t3, -66(t5)
core   0: 3 0x80005a44 (0xfbef0e03) x28 0x00000000 mem 0x80013f96
core   0: 0x80005a48 (0xf61f4683) lbu     a3, -159(t5)
core   0: 3 0x80005a48 (0xf61f4683) x13 0x00000000 mem 0x80013f39
core   0: 0x80005a4c (0xfb9f0d83) lb      s11, -71(t5)
core   0: 3 0x80005a4c (0xfb9f0d83) x27 0x00000000 mem 0x80013f91
core   0: 0x80005a50 (0x00cfc033) xor     zero, t6, a2
core   0: 3 0x80005a50 (0x00cfc033)
core   0: 0x80005a54 (0x04bf4703) lbu     a4, 75(t5)
core   0: 3 0x80005a54 (0x04bf4703) x14 0x00000000 mem 0x80014023
core   0: 0x80005a58 (0xa023f613) andi    a2, t2, -1534
core   0: 3 0x80005a58 (0xa023f613) x12 0x00000000
core   0: 0x80005a5c (0xf61f4303) lbu     t1, -159(t5)
core   0: 3 0x80005a5c (0xf61f4303) x 6 0x00000000 mem 0x80013f39
core   0: 0x80005a60 (0xfa8f0d83) lb      s11, -88(t5)
core   0: 3 0x80005a60 (0xfa8f0d83) x27 0x00000000 mem 0x80013f80
core   0: 0x80005a64 (0x063f2423) sw      gp, 104(t5)
core   0: 3 0x80005a64 (0x063f2423) mem 0x80014040 0x00000000
core   0: 0x80005a68 (0x00014b97) auipc   s7, 0x14
core   0: 3 0x80005a68 (0x00014b97) x23 0x80019a68
core   0: 0x80005a6c (0xb36b8b93) addi    s7, s7, -1226
core   0: 3 0x80005a6c (0xb36b8b93) x23 0x8001959e
core   0: 0x80005a70 (0x0000477d) c.li    a4, 31
core   0: 3 0x80005a70 (0x477d) x14 0x0000001f
core   0: 0x80005a72 (0x000018fd) c.addi  a7, -1
core   0: 3 0x80005a72 (0x18fd) x17 0xffffffff
core   0: 0x80005a74 (0xf0934b13) xori    s6, t1, -247
core   0: 3 0x80005a74 (0xf0934b13) x22 0xffffff09
core   0: 0x80005a78 (0x0115e633) or      a2, a1, a7
core   0: 3 0x80005a78 (0x0115e633) x12 0xffffffff
core   0: 0x80005a7c (0x00000629) c.addi  a2, 10
core   0: 3 0x80005a7c (0x0629) x12 0x00000009
core   0: 0x80005a7e (0x000085f5) c.srai  a1, 29
core   0: 3 0x80005a7e (0x85f5) x11 0xffffffff
core   0: 0x80005a80 (0x0deb8283) lb      t0, 222(s7)
core   0: 3 0x80005a80 (0x0deb8283) x 5 0x00000000 mem 0x8001967c
core   0: 0x80005a84 (0x042b83a3) sb      sp, 71(s7)
core   0: 3 0x80005a84 (0x042b83a3) mem 0x800195e5 0x0
core   0: 0x80005a88 (0x0e2bcf03) lbu     t5, 226(s7)
core   0: 3 0x80005a88 (0x0e2bcf03) x30 0x00000000 mem 0x80019680
core   0: 0x80005a8c (0x00000726) c.slli  a4, 9
core   0: 3 0x80005a8c (0x0726) x14 0x00003e00
core   0: 0x80005a8e (0x0a1bcf03) lbu     t5, 161(s7)
core   0: 3 0x80005a8e (0x0a1bcf03) x30 0x00000000 mem 0x8001963f
core   0: 0x80005a92 (0xf3fbc703) lbu     a4, -193(s7)
core   0: 3 0x80005a92 (0xf3fbc703) x14 0x00000000 mem 0x800194dd
core   0: 0x80005a96 (0x07ab8e23) sb      s10, 124(s7)
core   0: 3 0x80005a96 (0x07ab8e23) mem 0x8001961a 0x0
core   0: 0x80005a9a (0xfcab8823) sb      a0, -48(s7)
core   0: 3 0x80005a9a (0xfcab8823) mem 0x8001956e 0xda
core   0: 0x80005a9e (0x000052fd) c.li    t0, -1
core   0: 3 0x80005a9e (0x52fd) x 5 0xffffffff
core   0: 0x80005aa0 (0x09cb9183) lh      gp, 156(s7)
core   0: 3 0x80005aa0 (0x09cb9183) x 3 0x00000000 mem 0x8001963a
core   0: 0x80005aa4 (0x028c6733) rem     a4, s8, s0
core   0: 3 0x80005aa4 (0x028c6733) x14 0x00000000
core   0: 0x80005aa8 (0xf2db9e23) sh      a3, -196(s7)
core   0: 3 0x80005aa8 (0xf2db9e23) mem 0x800194da 0x0000
core   0: 0x80005aac (0x708ea793) slti    a5, t4, 1800
core   0: 3 0x80005aac (0x708ea793) x15 0x00000001
core   0: 0x80005ab0 (0x0c7bce03) lbu     t3, 199(s7)
core   0: 3 0x80005ab0 (0x0c7bce03) x28 0x00000000 mem 0x80019665
core   0: 0x80005ab4 (0x00008f41) c.or    a4, s0
core   0: 3 0x80005ab4 (0x8f41) x14 0x00000000
core   0: 0x80005ab6 (0x00ae43b3) xor     t2, t3, a0
core   0: 3 0x80005ab6 (0x00ae43b3) x 7 0xfd3e21da
core   0: 0x80005aba (0xf28bc303) lbu     t1, -216(s7)
core   0: 3 0x80005aba (0xf28bc303) x 6 0x00000000 mem 0x800194c6
core   0: 0x80005abe (0x000099fd) c.andi  a1, -1
core   0: 3 0x80005abe (0x99fd) x11 0xffffffff
core   0: 0x80005ac0 (0x069bad23) sw      s1, 122(s7)
core   0: 3 0x80005ac0 (0x069bad23) mem 0x80019618 0x80028e64
core   0: 0x80005ac4 (0x00766033) or      zero, a2, t2
core   0: 3 0x80005ac4 (0x00766033)
core   0: 0x80005ac8 (0x01c36233) or      tp, t1, t3
core   0: 3 0x80005ac8 (0x01c36233) x 4 0x00000000
core   0: 0x80005acc (0xfcbbcd03) lbu     s10, -53(s7)
core   0: 3 0x80005acc (0xfcbbcd03) x26 0x00000000 mem 0x80019569
core   0: 0x80005ad0 (0xf9cbcd03) lbu     s10, -100(s7)
core   0: 3 0x80005ad0 (0xf9cbcd03) x26 0x00000000 mem 0x8001953a
core   0: 0x80005ad4 (0x026c3433) mulhu   s0, s8, t1
core   0: 3 0x80005ad4 (0x026c3433) x 8 0x00000000
core   0: 0x80005ad8 (0x04cb85a3) sb      a2, 75(s7)
core   0: 3 0x80005ad8 (0x04cb85a3) mem 0x800195e9 0x9
core   0: 0x80005adc (0x01e5ad33) slt     s10, a1, t5
core   0: 3 0x80005adc (0x01e5ad33) x26 0x00000001
core   0: 0x80005ae0 (0x0139a1b3) slt     gp, s3, s3
core   0: 3 0x80005ae0 (0x0139a1b3) x 3 0x00000000
core   0: 0x80005ae4 (0xf39bc183) lbu     gp, -199(s7)
core   0: 3 0x80005ae4 (0xf39bc183) x 3 0x00000000 mem 0x800194d7
core   0: 0x80005ae8 (0x033317b3) mulh    a5, t1, s3
core   0: 3 0x80005ae8 (0x033317b3) x15 0x00000000
core   0: 0x80005aec (0x00000001) c.nop
core   0: 3 0x80005aec (0x0001)
core   0: 0x80005aee (0x19408593) addi    a1, ra, 404
core   0: 3 0x80005aee (0x19408593) x11 0x00000194
core   0: 0x80005af2 (0xf5fb80a3) sb      t6, -191(s7)
core   0: 3 0x80005af2 (0xf5fb80a3) mem 0x800194df 0x0
core   0: 0x80005af6 (0xf0fbc803) lbu     a6, -241(s7)
core   0: 3 0x80005af6 (0xf0fbc803) x16 0x00000000 mem 0x800194ad
core   0: 0x80005afa (0x016cdf93) srli    t6, s9, 22
core   0: 3 0x80005afa (0x016cdf93) x31 0x00000000
core   0: 0x80005afe (0x000083cd) c.srli  a5, 19
core   0: 3 0x80005afe (0x83cd) x15 0x00000000
core   0: 0x80005b00 (0xfc3b8583) lb      a1, -61(s7)
core   0: 3 0x80005b00 (0xfc3b8583) x11 0x00000000 mem 0x80019561
core   0: 0x80005b04 (0x009b8b03) lb      s6, 9(s7)
core   0: 3 0x80005b04 (0x009b8b03) x22 0x00000000 mem 0x800195a7
core   0: 0x80005b08 (0x01bbce83) lbu     t4, 27(s7)
core   0: 3 0x80005b08 (0x01bbce83) x29 0x00000000 mem 0x800195b9
core   0: 0x80005b0c (0xfbab9d83) lh      s11, -70(s7)
core   0: 3 0x80005b0c (0xfbab9d83) x27 0x00000000 mem 0x80019558
core   0: 0x80005b10 (0xf7ab8523) sb      s10, -150(s7)
core   0: 3 0x80005b10 (0xf7ab8523) mem 0x80019508 0x1
core   0: 0x80005b14 (0x0001b097) auipc   ra, 0x1b
core   0: 3 0x80005b14 (0x0001b097) x 1 0x80020b14
core   0: 0x80005b18 (0x7d508093) addi    ra, ra, 2005
core   0: 3 0x80005b18 (0x7d508093) x 1 0x800212e9
core   0: 0x80005b1c (0xcb9082a3) sb      s9, -859(ra)
core   0: 3 0x80005b1c (0xcb9082a3) mem 0x80020f8e 0x0
core   0: 0x80005b20 (0x00295993) srli    s3, s2, 2
core   0: 3 0x80005b20 (0x00295993) x19 0x2000b339
core   0: 0x80005b24 (0x87208a03) lb      s4, -1934(ra)
core   0: 3 0x80005b24 (0x87208a03) x20 0x00000000 mem 0x80020b5b
core   0: 0x80005b28 (0xe2d0c303) lbu     t1, -467(ra)
core   0: 3 0x80005b28 (0xe2d0c303) x 6 0x00000000 mem 0x80021116
core   0: 0x80005b2c (0x00008761) c.srai  a4, 24
core   0: 3 0x80005b2c (0x8761) x14 0x00000000
core   0: 0x80005b2e (0x00000efe) c.slli  t4, 31
core   0: 3 0x80005b2e (0x0efe) x29 0x00000000
core   0: 0x80005b30 (0x00001c80) c.addi4spn s0, sp, 624
core   0: 3 0x80005b30 (0x1c80) x 8 0x00000270
core   0: 0x80005b32 (0x034c7fb3) remu    t6, s8, s4
core   0: 3 0x80005b32 (0x034c7fb3) x31 0x00000000
core   0: 0x80005b36 (0x2e230313) addi    t1, t1, 738
core   0: 3 0x80005b36 (0x2e230313) x 6 0x000002e2
core   0: 0x80005b3a (0xfd60c583) lbu     a1, -42(ra)
core   0: 3 0x80005b3a (0xfd60c583) x11 0x000000b1 mem 0x800212bf
core   0: 0x80005b3e (0x00e999b3) sll     s3, s3, a4
core   0: 3 0x80005b3e (0x00e999b3) x19 0x2000b339
core   0: 0x80005b42 (0x01aefdb3) and     s11, t4, s10
core   0: 3 0x80005b42 (0x01aefdb3) x27 0x00000000
core   0: 0x80005b46 (0x01eabf17) auipc   t5, 0x1eab
core   0: 3 0x80005b46 (0x01eabf17) x30 0x81eb0b46
core   0: 0x80005b4a (0x00000c9e) c.slli  s9, 7
core   0: 3 0x80005b4a (0x0c9e) x25 0x00000000
core   0: 0x80005b4c (0x01f3f5b3) and     a1, t2, t6
core   0: 3 0x80005b4c (0x01f3f5b3) x11 0x00000000
core   0: 0x80005b50 (0xfc308323) sb      gp, -58(ra)
core   0: 3 0x80005b50 (0xfc308323) mem 0x800212af 0x0
core   0: 0x80005b54 (0x0032f833) and     a6, t0, gp
core   0: 3 0x80005b54 (0x0032f833) x16 0x00000000
core   0: 0x80005b58 (0xc7f0c583) lbu     a1, -897(ra)
core   0: 3 0x80005b58 (0xc7f0c583) x11 0x00000000 mem 0x80020f68
core   0: 0x80005b5c (0xd0e08d03) lb      s10, -754(ra)
core   0: 3 0x80005b5c (0xd0e08d03) x26 0x00000000 mem 0x80020ff7
core   0: 0x80005b60 (0x00008b0d) c.andi  a4, 3
core   0: 3 0x80005b60 (0x8b0d) x14 0x00000000
core   0: 0x80005b62 (0x0097c633) xor     a2, a5, s1
core   0: 3 0x80005b62 (0x0097c633) x12 0x80028e64
core   0: 0x80005b66 (0x417601b3) sub     gp, a2, s7
core   0: 3 0x80005b66 (0x417601b3) x 3 0x0000f8c6
core   0: 0x80005b6a (0x000085ad) c.srai  a1, 11
core   0: 3 0x80005b6a (0x85ad) x11 0x00000000
core   0: 0x80005b6c (0xe4e08523) sb      a4, -438(ra)
core   0: 3 0x80005b6c (0xe4e08523) mem 0x80021133 0x0
core   0: 0x80005b70 (0x016aebb3) or      s7, s5, s6
core   0: 3 0x80005b70 (0x016aebb3) x23 0x00000000
core   0: 0x80005b74 (0xb4dca713) slti    a4, s9, -1203
core   0: 3 0x80005b74 (0xb4dca713) x14 0x00000000
core   0: 0x80005b78 (0x00008aa5) c.andi  a3, 9
core   0: 3 0x80005b78 (0x8aa5) x13 0x00000000
core   0: 0x80005b7a (0x0371beb3) mulhu   t4, gp, s7
core   0: 3 0x80005b7a (0x0371beb3) x29 0x00000000
core   0: 0x80005b7e (0x79309603) lh      a2, 1939(ra)
core   0: 3 0x80005b7e (0x79309603) x12 0x00000000 mem 0x80021a7c
core   0: 0x80005b82 (0xfbd08423) sb      t4, -88(ra)
core   0: 3 0x80005b82 (0xfbd08423) mem 0x80021291 0x0
core   0: 0x80005b86 (0x5db0d883) lhu     a7, 1499(ra)
core   0: 3 0x80005b86 (0x5db0d883) x17 0x00000000 mem 0x800218c4
core   0: 0x80005b8a (0xdd808023) sb      s8, -576(ra)
core   0: 3 0x80005b8a (0xdd808023) mem 0x800210a9 0x0
core   0: 0x80005b8e (0x56c08183) lb      gp, 1388(ra)
core   0: 3 0x80005b8e (0x56c08183) x 3 0x00000000 mem 0x80021855
core   0: 0x80005b92 (0x00581f93) slli    t6, a6, 5
core   0: 3 0x80005b92 (0x00581f93) x31 0x00000000
core   0: 0x80005b96 (0x3a608383) lb      t2, 934(ra)
core   0: 3 0x80005b96 (0x3a608383) x 7 0x00000000 mem 0x8002168f
core   0: 0x80005b9a (0x0000527d) c.li    tp, -1
core   0: 3 0x80005b9a (0x527d) x 4 0xffffffff
core   0: 0x80005b9c (0xa6b0db03) lhu     s6, -1429(ra)
core   0: 3 0x80005b9c (0xa6b0db03) x22 0x00000000 mem 0x80020d54
core   0: 0x80005ba0 (0x0000d117) auipc   sp, 0xd
core   0: 3 0x80005ba0 (0x0000d117) x 2 0x80012ba0
core   0: 0x80005ba4 (0x74510113) addi    sp, sp, 1861
core   0: 3 0x80005ba4 (0x74510113) x 2 0x800132e5
core   0: 0x80005ba8 (0x03511083) lh      ra, 53(sp)
core   0: 3 0x80005ba8 (0x03511083) x 1 0x00000000 mem 0x8001331a
core   0: 0x80005bac (0x582aad93) slti    s11, s5, 1410
core   0: 3 0x80005bac (0x582aad93) x27 0x00000001
core   0: 0x80005bb0 (0xfcf11183) lh      gp, -49(sp)
core   0: 3 0x80005bb0 (0xfcf11183) x 3 0x00000000 mem 0x800132b4
core   0: 0x80005bb4 (0x0000547d) c.li    s0, -1
core   0: 3 0x80005bb4 (0x547d) x 8 0xffffffff
core   0: 0x80005bb6 (0xfc214c03) lbu     s8, -62(sp)
core   0: 3 0x80005bb6 (0xfc214c03) x24 0x00000000 mem 0x800132a7
core   0: 0x80005bba (0x02c14003) lbu     zero, 44(sp)
core   0: 3 0x80005bba (0x02c14003) mem 0x80013311
core   0: 0x80005bbe (0x02320fb3) mul     t6, tp, gp
core   0: 3 0x80005bbe (0x02320fb3) x31 0x00000000
core   0: 0x80005bc2 (0xfc5111a3) sh      t0, -61(sp)
core   0: 3 0x80005bc2 (0xfc5111a3) mem 0x800132a8 0xffff
core   0: 0x80005bc6 (0x01214703) lbu     a4, 18(sp)
core   0: 3 0x80005bc6 (0x01214703) x14 0x00000000 mem 0x800132f7
core   0: 0x80005bca (0x02ee4db3) div     s11, t3, a4
core   0: 3 0x80005bca (0x02ee4db3) x27 0xffffffff
core   0: 0x80005bce (0xfcc14383) lbu     t2, -52(sp)
core   0: 3 0x80005bce (0xfcc14383) x 7 0x00000000 mem 0x800132b1
core   0: 0x80005bd2 (0x004e1413) slli    s0, t3, 4
core   0: 3 0x80005bd2 (0x004e1413) x 8 0x00000000
core   0: 0x80005bd6 (0x02914183) lbu     gp, 41(sp)
core   0: 3 0x80005bd6 (0x02914183) x 3 0x00000000 mem 0x8001330e
core   0: 0x80005bda (0xff0102a3) sb      a6, -27(sp)
core   0: 3 0x80005bda (0xff0102a3) mem 0x800132ca 0x0
core   0: 0x80005bde (0x029558b3) divu    a7, a0, s1
core   0: 3 0x80005bde (0x029558b3) x17 0x00000001
core   0: 0x80005be2 (0xfc611ca3) sh      t1, -39(sp)
core   0: 3 0x80005be2 (0xfc611ca3) mem 0x800132be 0x02e2
core   0: 0x80005be6 (0x00714f83) lbu     t6, 7(sp)
core   0: 3 0x80005be6 (0x00714f83) x31 0x00000000 mem 0x800132ec
core   0: 0x80005bea (0xfde10f23) sb      t5, -34(sp)
core   0: 3 0x80005bea (0xfde10f23) mem 0x800132c3 0x46
core   0: 0x80005bee (0x03610183) lb      gp, 54(sp)
core   0: 3 0x80005bee (0x03610183) x 3 0x00000000 mem 0x8001331b
core   0: 0x80005bf2 (0x02d108a3) sb      a3, 49(sp)
core   0: 3 0x80005bf2 (0x02d108a3) mem 0x80013316 0x0
core   0: 0x80005bf6 (0xfe1108a3) sb      ra, -15(sp)
core   0: 3 0x80005bf6 (0xfe1108a3) mem 0x800132d6 0x0
core   0: 0x80005bfa (0x039105a3) sb      s9, 43(sp)
core   0: 3 0x80005bfa (0x039105a3) mem 0x80013310 0x0
core   0: 0x80005bfe (0x000083f9) c.srli  a5, 30
core   0: 3 0x80005bfe (0x83f9) x15 0x00000000
core   0: 0x80005c00 (0x0181e8b3) or      a7, gp, s8
core   0: 3 0x80005c00 (0x0181e8b3) x17 0x00000000
core   0: 0x80005c04 (0x00c10c23) sb      a2, 24(sp)
core   0: 3 0x80005c04 (0x00c10c23) mem 0x800132fd 0x0
core   0: 0x80005c08 (0x03b5dc33) divu    s8, a1, s11
core   0: 3 0x80005c08 (0x03b5dc33) x24 0x00000000
core   0: 0x80005c0c (0xff910a23) sb      s9, -12(sp)
core   0: 3 0x80005c0c (0xff910a23) mem 0x800132d9 0x0
core   0: 0x80005c10 (0xfff11d03) lh      s10, -1(sp)
core   0: 3 0x80005c10 (0xfff11d03) x26 0xffffe200 mem 0x800132e4
core   0: 0x80005c14 (0xfc014083) lbu     ra, -64(sp)
core   0: 3 0x80005c14 (0xfc014083) x 1 0x00000000 mem 0x800132a5
core   0: 0x80005c18 (0x00008af2) c.mv    s5, t3
core   0: 3 0x80005c18 (0x8af2) x21 0x00000000
core   0: 0x80005c1a (0x0016f6b3) and     a3, a3, ra
core   0: 3 0x80005c1a (0x0016f6b3) x13 0x00000000
core   0: 0x80005c1e (0x0008a6b3) slt     a3, a7, zero
core   0: 3 0x80005c1e (0x0008a6b3) x13 0x00000000
core   0: 0x80005c22 (0x00008c65) c.and   s0, s1
core   0: 3 0x80005c22 (0x8c65) x 8 0x00000000
core   0: 0x80005c24 (0xfee14703) lbu     a4, -18(sp)
core   0: 3 0x80005c24 (0xfee14703) x14 0x00000000 mem 0x800132d3
core   0: 0x80005c28 (0x00f106a3) sb      a5, 13(sp)
core   0: 3 0x80005c28 (0x00f106a3) mem 0x800132f2 0x0
core   0: 0x80005c2c (0x0251c833) div     a6, gp, t0
core   0: 3 0x80005c2c (0x0251c833) x16 0x00000000
core   0: 0x80005c30 (0x02f10403) lb      s0, 47(sp)
core   0: 3 0x80005c30 (0x02f10403) x 8 0x00000000 mem 0x80013314
core   0: 0x80005c34 (0xfec10523) sb      a2, -22(sp)
core   0: 3 0x80005c34 (0xfec10523) mem 0x800132cf 0x0
core   0: 0x80005c38 (0x00a66d33) or      s10, a2, a0
core   0: 3 0x80005c38 (0x00a66d33) x26 0xfd3e21da
core   0: 0x80005c3c (0x03e108a3) sb      t5, 49(sp)
core   0: 3 0x80005c3c (0x03e108a3) mem 0x80013316 0x46
core   0: 0x80005c40 (0xff014083) lbu     ra, -16(sp)
core   0: 3 0x80005c40 (0xff014083) x 1 0x00000000 mem 0x800132d5
core   0: 0x80005c44 (0x4000db33) sra     s6, ra, zero
core   0: 3 0x80005c44 (0x4000db33) x22 0x00000000
core   0: 0x80005c48 (0xfc210e83) lb      t4, -62(sp)
core   0: 3 0x80005c48 (0xfc210e83) x29 0x00000000 mem 0x800132a7
core   0: 0x80005c4c (0x00a3b033) sltu    zero, t2, a0
core   0: 3 0x80005c4c (0x00a3b033)
core   0: 0x80005c50 (0x00008772) c.mv    a4, t3
core   0: 3 0x80005c50 (0x8772) x14 0x00000000
core   0: 0x80005c52 (0x0000867d) c.srai  a2, 31
core   0: 3 0x80005c52 (0x867d) x12 0x00000000
core   0: 0x80005c54 (0xff810623) sb      s8, -20(sp)
core   0: 3 0x80005c54 (0xff810623) mem 0x800132d1 0x0
core   0: 0x80005c58 (0x033461b3) rem     gp, s0, s3
core   0: 3 0x80005c58 (0x033461b3) x 3 0x00000000
core   0: 0x80005c5c (0xff410ca3) sb      s4, -7(sp)
core   0: 3 0x80005c5c (0xff410ca3) mem 0x800132de 0x0
core   0: 0x80005c60 (0xfc512da3) sw      t0, -37(sp)
core   0: 3 0x80005c60 (0xfc512da3) mem 0x800132c0 0xffffffff
core   0: 0x80005c64 (0x0001ea17) auipc   s4, 0x1e
core   0: 3 0x80005c64 (0x0001ea17) x20 0x80023c64
core   0: 0x80005c68 (0x034a0a13) addi    s4, s4, 52
core   0: 3 0x80005c68 (0x034a0a13) x20 0x80023c98
core   0: 0x80005c6c (0x0f3a4283) lbu     t0, 243(s4)
core   0: 3 0x80005c6c (0x0f3a4283) x 5 0x00000000 mem 0x80023d8b
core   0: 0x80005c70 (0xf98a2f83) lw      t6, -104(s4)
core   0: 3 0x80005c70 (0xf98a2f83) x31 0x00000000 mem 0x80023c30
core   0: 0x80005c74 (0x00009b7d) c.andi  a4, -1
core   0: 3 0x80005c74 (0x9b7d) x14 0x00000000
core   0: 0x80005c76 (0x029a1d23) sh      s1, 58(s4)
core   0: 3 0x80005c76 (0x029a1d23) mem 0x80023cd2 0x8e64
core   0: 0x80005c7a (0x00000001) c.nop
core   0: 3 0x80005c7a (0x0001)
core   0: 0x80005c7c (0x00fb6333) or      t1, s6, a5
core   0: 3 0x80005c7c (0x00fb6333) x 6 0x00000000
core   0: 0x80005c80 (0x27aeaa93) slti    s5, t4, 634
core   0: 3 0x80005c80 (0x27aeaa93) x21 0x00000001
core   0: 0x80005c84 (0x000089b1) c.andi  a1, 12
core   0: 3 0x80005c84 (0x89b1) x11 0x00000000
core   0: 0x80005c86 (0x3e7d4c13) xori    s8, s10, 999
core   0: 3 0x80005c86 (0x3e7d4c13) x24 0xfd3e223d
core   0: 0x80005c8a (0x0e3a4c83) lbu     s9, 227(s4)
core   0: 3 0x80005c8a (0x0e3a4c83) x25 0x00000000 mem 0x80023d7b
core   0: 0x80005c8e (0x00008df2) c.mv    s11, t3
core   0: 3 0x80005c8e (0x8df2) x27 0x00000000
core   0: 0x80005c90 (0x03cf2db3) mulhsu  s11, t5, t3
core   0: 3 0x80005c90 (0x03cf2db3) x27 0x00000000
core   0: 0x80005c94 (0xf7aa1c83) lh      s9, -134(s4)
core   0: 3 0x80005c94 (0xf7aa1c83) x25 0x00000000 mem 0x80023c12
core   0: 0x80005c98 (0xf30a4b03) lbu     s6, -208(s4)
core   0: 3 0x80005c98 (0xf30a4b03) x22 0x00000000 mem 0x80023bc8
core   0: 0x80005c9c (0x070a5683) lhu     a3, 112(s4)
core   0: 3 0x80005c9c (0x070a5683) x13 0x00000000 mem 0x80023d08
core   0: 0x80005ca0 (0x082a1c83) lh      s9, 130(s4)
core   0: 3 0x80005ca0 (0x082a1c83) x25 0x00000000 mem 0x80023d1a
core   0: 0x80005ca4 (0x00000d76) c.slli  s10, 29
core   0: 3 0x80005ca4 (0x0d76) x26 0x40000000
core   0: 0x80005ca6 (0x071a4e03) lbu     t3, 113(s4)
core   0: 3 0x80005ca6 (0x071a4e03) x28 0x00000000 mem 0x80023d09
core   0: 0x80005caa (0x00008ed5) c.or    a3, a3
core   0: 3 0x80005caa (0x8ed5) x13 0x00000000
core   0: 0x80005cac (0x00008c0d) c.sub   s0, a1
core   0: 3 0x80005cac (0x8c0d) x 8 0x00000000
core   0: 0x80005cae (0x00008e2d) c.xor   a2, a1
core   0: 3 0x80005cae (0x8e2d) x12 0x00000000
core   0: 0x80005cb0 (0x004e6bb3) or      s7, t3, tp
core   0: 3 0x80005cb0 (0x004e6bb3) x23 0xffffffff
core   0: 0x80005cb4 (0x00005d7d) c.li    s10, -1
core   0: 3 0x80005cb4 (0x5d7d) x26 0xffffffff
core   0: 0x80005cb6 (0xf31a0203) lb      tp, -207(s4)
core   0: 3 0x80005cb6 (0xf31a0203) x 4 0x00000000 mem 0x80023bc9
core   0: 0x80005cba (0xfc7a4883) lbu     a7, -57(s4)
core   0: 3 0x80005cba (0xfc7a4883) x17 0x00000000 mem 0x80023c5f
core   0: 0x80005cbe (0x024a0983) lb      s3, 36(s4)
core   0: 3 0x80005cbe (0x024a0983) x19 0x00000000 mem 0x80023cbc
core   0: 0x80005cc2 (0x01a07ab3) and     s5, zero, s10
core   0: 3 0x80005cc2 (0x01a07ab3) x21 0x00000000
core   0: 0x80005cc6 (0xf05a02a3) sb      t0, -251(s4)
core   0: 3 0x80005cc6 (0xf05a02a3) mem 0x80023b9d 0x0
core   0: 0x80005cca (0x0f6a0583) lb      a1, 246(s4)
core   0: 3 0x80005cca (0x0f6a0583) x11 0x00000000 mem 0x80023d8e
core   0: 0x80005cce (0xf0ca2c03) lw      s8, -244(s4)
core   0: 3 0x80005cce (0xf0ca2c03) x24 0x00000000 mem 0x80023ba4
core   0: 0x80005cd2 (0x012b2c33) slt     s8, s6, s2
core   0: 3 0x80005cd2 (0x012b2c33) x24 0x00000000
core   0: 0x80005cd6 (0x06da0103) lb      sp, 109(s4)
core   0: 3 0x80005cd6 (0x06da0103) x 2 0x00000000 mem 0x80023d05
core   0: 0x80005cda (0x09da4403) lbu     s0, 157(s4)
core   0: 3 0x80005cda (0x09da4403) x 8 0x00000000 mem 0x80023d35
core   0: 0x80005cde (0xfa3a0403) lb      s0, -93(s4)
core   0: 3 0x80005cde (0xfa3a0403) x 8 0x00000000 mem 0x80023c3b
core   0: 0x80005ce2 (0x065a0d83) lb      s11, 101(s4)
core   0: 3 0x80005ce2 (0x065a0d83) x27 0x00000000 mem 0x80023cfd
core   0: 0x80005ce6 (0x00010897) auipc   a7, 0x10
core   0: 3 0x80005ce6 (0x00010897) x17 0x80015ce6
core   0: 0x80005cea (0x48688893) addi    a7, a7, 1158
core   0: 3 0x80005cea (0x48688893) x17 0x8001616c
core   0: 0x80005cee (0x405f5eb3) sra     t4, t5, t0
core   0: 3 0x80005cee (0x405f5eb3) x29 0x81eb0b46
core   0: 0x80005cf2 (0x0018a423) sw      ra, 8(a7)
core   0: 3 0x80005cf2 (0x0018a423) mem 0x80016174 0x00000000
core   0: 0x80005cf6 (0xfff89f23) sh      t6, -2(a7)
core   0: 3 0x80005cf6 (0xfff89f23) mem 0x8001616a 0x0000
core   0: 0x80005cfa (0xffa88c83) lb      s9, -6(a7)
core   0: 3 0x80005cfa (0xffa88c83) x25 0x00000000 mem 0x80016166
core   0: 0x80005cfe (0x02f483b3) mul     t2, s1, a5
core   0: 3 0x80005cfe (0x02f483b3) x 7 0x00000000
core   0: 0x80005d02 (0xff789b23) sh      s7, -10(a7)
core   0: 3 0x80005d02 (0xff789b23) mem 0x80016162 0xffff
core   0: 0x80005d06 (0x008e7d33) and     s10, t3, s0
core   0: 3 0x80005d06 (0x008e7d33) x26 0x00000000
core   0: 0x80005d0a (0xff188983) lb      s3, -15(a7)
core   0: 3 0x80005d0a (0xff188983) x19 0x00000000 mem 0x8001615d
core   0: 0x80005d0e (0x00b8ce83) lbu     t4, 11(a7)
core   0: 3 0x80005d0e (0x00b8ce83) x29 0x00000000 mem 0x80016177
core   0: 0x80005d12 (0x7f7f3e13) sltiu   t3, t5, 2039
core   0: 3 0x80005d12 (0x7f7f3e13) x28 0x00000000
core   0: 0x80005d16 (0x0068dd03) lhu     s10, 6(a7)
core   0: 3 0x80005d16 (0x0068dd03) x26 0x00000000 mem 0x80016172
core   0: 0x80005d1a (0x0048c183) lbu     gp, 4(a7)
core   0: 3 0x80005d1a (0x0048c183) x 3 0x00000000 mem 0x80016170
core   0: 0x80005d1e (0x00388d03) lb      s10, 3(a7)
core   0: 3 0x80005d1e (0x00388d03) x26 0x00000000 mem 0x8001616f
core   0: 0x80005d22 (0x0000717d) c.addi16sp sp, -16
core   0: 3 0x80005d22 (0x717d) x 2 0xfffffff0
core   0: 0x80005d24 (0xff58cb83) lbu     s7, -11(a7)
core   0: 3 0x80005d24 (0xff58cb83) x23 0x00000000 mem 0x80016161
core   0: 0x80005d28 (0x00008a12) c.mv    s4, tp
core   0: 3 0x80005d28 (0x8a12) x20 0x00000000
core   0: 0x80005d2a (0xff38cc83) lbu     s9, -13(a7)
core   0: 3 0x80005d2a (0xff38cc83) x25 0x00000000 mem 0x8001615f
core   0: 0x80005d2e (0x0000101c) c.addi4spn a5, sp, 32
core   0: 3 0x80005d2e (0x101c) x15 0x00000010
core   0: 0x80005d30 (0xffa88b03) lb      s6, -6(a7)
core   0: 3 0x80005d30 (0xffa88b03) x22 0x00000000 mem 0x80016166
core   0: 0x80005d34 (0x000069c9) c.lui   s3, 0x12
core   0: 3 0x80005d34 (0x69c9) x19 0x00012000
core   0: 0x80005d36 (0xfbfe8cb7) lui     s9, 0xfbfe8
core   0: 3 0x80005d36 (0xfbfe8cb7) x25 0xfbfe8000
core   0: 0x80005d3a (0x00b88e83) lb      t4, 11(a7)
core   0: 3 0x80005d3a (0x00b88e83) x29 0x00000000 mem 0x80016177
core   0: 0x80005d3e (0x01b88723) sb      s11, 14(a7)
core   0: 3 0x80005d3e (0x01b88723) mem 0x8001617a 0x0
core   0: 0x80005d42 (0x00000001) c.nop
core   0: 3 0x80005d42 (0x0001)
core   0: 0x80005d44 (0x00288723) sb      sp, 14(a7)
core   0: 3 0x80005d44 (0x00288723) mem 0x8001617a 0xf0
core   0: 0x80005d48 (0x0018ca83) lbu     s5, 1(a7)
core   0: 3 0x80005d48 (0x0018ca83) x21 0x00000000 mem 0x8001616d
core   0: 0x80005d4c (0xfe589923) sh      t0, -14(a7)
core   0: 3 0x80005d4c (0xfe589923) mem 0x8001615e 0x0000
core   0: 0x80005d50 (0x02c98eb3) mul     t4, s3, a2
core   0: 3 0x80005d50 (0x02c98eb3) x29 0x00000000
core   0: 0x80005d54 (0x00008e69) c.and   a2, a0
core   0: 3 0x80005d54 (0x8e69) x12 0x00000000
core   0: 0x80005d56 (0x206745b7) lui     a1, 0x20674
core   0: 3 0x80005d56 (0x206745b7) x11 0x20674000
core   0: 0x80005d5a (0x01272b33) slt     s6, a4, s2
core   0: 3 0x80005d5a (0x01272b33) x22 0x00000000
core   0: 0x80005d5e (0x0058ce03) lbu     t3, 5(a7)
core   0: 3 0x80005d5e (0x0058ce03) x28 0x00000000 mem 0x80016171
core   0: 0x80005d62 (0x02cb5ab3) divu    s5, s6, a2
core   0: 3 0x80005d62 (0x02cb5ab3) x21 0xffffffff
core   0: 0x80005d66 (0x00a88703) lb      a4, 10(a7)
core   0: 3 0x80005d66 (0x00a88703) x14 0x00000000 mem 0x80016176
core   0: 0x80005d6a (0x0000ed97) auipc   s11, 0xe
core   0: 3 0x80005d6a (0x0000ed97) x27 0x80013d6a
core   0: 0x80005d6e (0x968d8d93) addi    s11, s11, -1688
core   0: 3 0x80005d6e (0x968d8d93) x27 0x800136d2
core   0: 0x80005d72 (0xae7d8f03) lb      t5, -1305(s11)
core   0: 3 0x80005d72 (0xae7d8f03) x30 0x00000000 mem 0x800131b9
core   0: 0x80005d76 (0x000059fd) c.li    s3, -1
core   0: 3 0x80005d76 (0x59fd) x19 0xffffffff
core   0: 0x80005d78 (0xaf5d83a3) sb      s5, -1305(s11)
core   0: 3 0x80005d78 (0xaf5d83a3) mem 0x800131b9 0xff
core   0: 0x80005d7c (0xae7d8c83) lb      s9, -1305(s11)
core   0: 3 0x80005d7c (0xae7d8c83) x25 0xffffffff mem 0x800131b9
core   0: 0x80005d80 (0xae7d8283) lb      t0, -1305(s11)
core   0: 3 0x80005d80 (0xae7d8283) x 5 0xffffffff mem 0x800131b9
core   0: 0x80005d84 (0xaf7d83a3) sb      s7, -1305(s11)
core   0: 3 0x80005d84 (0xaf7d83a3) mem 0x800131b9 0x0
core   0: 0x80005d88 (0xae7dcf03) lbu     t5, -1305(s11)
core   0: 3 0x80005d88 (0xae7dcf03) x30 0x00000000 mem 0x800131b9
core   0: 0x80005d8c (0xae7dce83) lbu     t4, -1305(s11)
core   0: 3 0x80005d8c (0xae7dce83) x29 0x00000000 mem 0x800131b9
core   0: 0x80005d90 (0x01dd9123) sh      t4, 2(s11)
core   0: 3 0x80005d90 (0x01dd9123) mem 0x800136d4 0x0000
core   0: 0x80005d94 (0x745dc103) lbu     sp, 1861(s11)
core   0: 3 0x80005d94 (0x745dc103) x 2 0x00000000 mem 0x80013e17
core   0: 0x80005d98 (0x00008259) c.srli  a2, 22
core   0: 3 0x80005d98 (0x8259) x12 0x00000000
core   0: 0x80005d9a (0x745d8b03) lb      s6, 1861(s11)
core   0: 3 0x80005d9a (0x745d8b03) x22 0x00000000 mem 0x80013e17
core   0: 0x80005d9e (0x748d82a3) sb      s0, 1861(s11)
core   0: 3 0x80005d9e (0x748d82a3) mem 0x80013e17 0x0
core   0: 0x80005da2 (0x745dcc03) lbu     s8, 1861(s11)
core   0: 3 0x80005da2 (0x745dcc03) x24 0x00000000 mem 0x80013e17
core   0: 0x80005da6 (0x015d59b3) srl     s3, s10, s5
core   0: 3 0x80005da6 (0x015d59b3) x19 0x00000000
core   0: 0x80005daa (0x745dc103) lbu     sp, 1861(s11)
core   0: 3 0x80005daa (0x745dc103) x 2 0x00000000 mem 0x80013e17
core   0: 0x80005dae (0x754d82a3) sb      s4, 1861(s11)
core   0: 3 0x80005dae (0x754d82a3) mem 0x80013e17 0x0
core   0: 0x80005db2 (0xa95d8283) lb      t0, -1387(s11)
core   0: 3 0x80005db2 (0xa95d8283) x 5 0x00000000 mem 0x80013167
core   0: 0x80005db6 (0xa95dc283) lbu     t0, -1387(s11)
core   0: 3 0x80005db6 (0xa95dc283) x 5 0x00000000 mem 0x80013167
core   0: 0x80005dba (0x281da923) sw      ra, 658(s11)
core   0: 3 0x80005dba (0x281da923) mem 0x80013964 0x00000000
core   0: 0x80005dbe (0x292d9983) lh      s3, 658(s11)
core   0: 3 0x80005dbe (0x292d9983) x19 0x00000000 mem 0x80013964
core   0: 0x80005dc2 (0x292dcf03) lbu     t5, 658(s11)
core   0: 3 0x80005dc2 (0x292dcf03) x30 0x00000000 mem 0x80013964
core   0: 0x80005dc6 (0x292d8a03) lb      s4, 658(s11)
core   0: 3 0x80005dc6 (0x292d8a03) x20 0x00000000 mem 0x80013964
core   0: 0x80005dca (0x0001d117) auipc   sp, 0x1d
core   0: 3 0x80005dca (0x0001d117) x 2 0x80022dca
core   0: 0x80005dce (0x41310113) addi    sp, sp, 1043
core   0: 3 0x80005dce (0x41310113) x 2 0x800231dd
core   0: 0x80005dd2 (0x00000001) c.nop
core   0: 3 0x80005dd2 (0x0001)
core   0: 0x80005dd4 (0xfda14d03) lbu     s10, -38(sp)
core   0: 3 0x80005dd4 (0xfda14d03) x26 0x00000000 mem 0x800231b7
core   0: 0x80005dd8 (0xfc710d23) sb      t2, -38(sp)
core   0: 3 0x80005dd8 (0xfc710d23) mem 0x800231b7 0x0
core   0: 0x80005ddc (0xfda10a83) lb      s5, -38(sp)
core   0: 3 0x80005ddc (0xfda10a83) x21 0x00000000 mem 0x800231b7
core   0: 0x80005de0 (0xfda14e03) lbu     t3, -38(sp)
core   0: 3 0x80005de0 (0xfda14e03) x28 0x00000000 mem 0x800231b7
core   0: 0x80005de4 (0xfda10e83) lb      t4, -38(sp)
core   0: 3 0x80005de4 (0xfda10e83) x29 0x00000000 mem 0x800231b7
core   0: 0x80005de8 (0xfda10983) lb      s3, -38(sp)
core   0: 3 0x80005de8 (0xfda10983) x19 0x00000000 mem 0x800231b7
core   0: 0x80005dec (0xfda10f83) lb      t6, -38(sp)
core   0: 3 0x80005dec (0xfda10f83) x31 0x00000000 mem 0x800231b7
core   0: 0x80005df0 (0x018c10b3) sll     ra, s8, s8
core   0: 3 0x80005df0 (0x018c10b3) x 1 0x00000000
core   0: 0x80005df4 (0xfda14203) lbu     tp, -38(sp)
core   0: 3 0x80005df4 (0xfda14203) x 4 0x00000000 mem 0x800231b7
core   0: 0x80005df8 (0xfda10b83) lb      s7, -38(sp)
core   0: 3 0x80005df8 (0xfda10b83) x23 0x00000000 mem 0x800231b7
core   0: 0x80005dfc (0x000018fd) c.addi  a7, -1
core   0: 3 0x80005dfc (0x18fd) x17 0x8001616b
core   0: 0x80005dfe (0xfd710e23) sb      s7, -36(sp)
core   0: 3 0x80005dfe (0xfd710e23) mem 0x800231b9 0x0
core   0: 0x80005e02 (0xfc814303) lbu     t1, -56(sp)
core   0: 3 0x80005e02 (0xfc814303) x 6 0x00000000 mem 0x800231a5
core   0: 0x80005e06 (0xfc310423) sb      gp, -56(sp)
core   0: 3 0x80005e06 (0xfc310423) mem 0x800231a5 0x0
core   0: 0x80005e0a (0xfc810303) lb      t1, -56(sp)
core   0: 3 0x80005e0a (0xfc810303) x 6 0x00000000 mem 0x800231a5
core   0: 0x80005e0e (0x41c1da93) srai    s5, gp, 28
core   0: 3 0x80005e0e (0x41c1da93) x21 0x00000000
core   0: 0x80005e12 (0x02b02eb3) mulhsu  t4, zero, a1
core   0: 3 0x80005e12 (0x02b02eb3) x29 0x00000000
core   0: 0x80005e16 (0x0000100f) fence.i
core   0: 3 0x80005e16 (0x0000100f)
core   0: 0x80005e1a (0xfc810403) lb      s0, -56(sp)
core   0: 3 0x80005e1a (0xfc810403) x 8 0x00000000 mem 0x800231a5
core   0: 0x80005e1e (0xfc810883) lb      a7, -56(sp)
core   0: 3 0x80005e1e (0xfc810883) x17 0x00000000 mem 0x800231a5
core   0: 0x80005e22 (0xfc810783) lb      a5, -56(sp)
core   0: 3 0x80005e22 (0xfc810783) x15 0x00000000 mem 0x800231a5
core   0: 0x80005e26 (0x00012617) auipc   a2, 0x12
core   0: 3 0x80005e26 (0x00012617) x12 0x80017e26
core   0: 0x80005e2a (0x60d60613) addi    a2, a2, 1549
core   0: 3 0x80005e2a (0x60d60613) x12 0x80018433
core   0: 0x80005e2e (0x4ba64083) lbu     ra, 1210(a2)
core   0: 3 0x80005e2e (0x4ba64083) x 1 0x00000000 mem 0x800188ed
core   0: 0x80005e32 (0x4ba60403) lb      s0, 1210(a2)
core   0: 3 0x80005e32 (0x4ba60403) x 8 0x00000000 mem 0x800188ed
core   0: 0x80005e36 (0x4a260d23) sb      sp, 1210(a2)
core   0: 3 0x80005e36 (0x4a260d23) mem 0x800188ed 0xdd
core   0: 0x80005e3a (0x4ae60d23) sb      a4, 1210(a2)
core   0: 3 0x80005e3a (0x4ae60d23) mem 0x800188ed 0x0
core   0: 0x80005e3e (0x4a560d23) sb      t0, 1210(a2)
core   0: 3 0x80005e3e (0x4a560d23) mem 0x800188ed 0x0
core   0: 0x80005e42 (0xd0d60523) sb      a3, -758(a2)
core   0: 3 0x80005e42 (0xd0d60523) mem 0x8001813d 0x0
core   0: 0x80005e46 (0xd0a60103) lb      sp, -758(a2)
core   0: 3 0x80005e46 (0xd0a60103) x 2 0x00000000 mem 0x8001813d
core   0: 0x80005e4a (0x04760da3) sb      t2, 91(a2)
core   0: 3 0x80005e4a (0x04760da3) mem 0x8001848e 0x0
core   0: 0x80005e4e (0x00008aed) c.andi  a3, 27
core   0: 3 0x80005e4e (0x8aed) x13 0x00000000
core   0: 0x80005e50 (0x05b61683) lh      a3, 91(a2)
core   0: 3 0x80005e50 (0x05b61683) x13 0x00000000 mem 0x8001848e
core   0: 0x80005e54 (0x05b64a03) lbu     s4, 91(a2)
core   0: 3 0x80005e54 (0x05b64a03) x20 0x00000000 mem 0x8001848e
core   0: 0x80005e58 (0x04160da3) sb      ra, 91(a2)
core   0: 3 0x80005e58 (0x04160da3) mem 0x8001848e 0x0
core   0: 0x80005e5c (0x027c19b3) mulh    s3, s8, t2
core   0: 3 0x80005e5c (0x027c19b3) x19 0x00000000
core   0: 0x80005e60 (0x03cd96b3) mulh    a3, s11, t3
core   0: 3 0x80005e60 (0x03cd96b3) x13 0x00000000
core   0: 0x80005e64 (0xd2a613a3) sh      a0, -729(a2)
core   0: 3 0x80005e64 (0xd2a613a3) mem 0x8001815a 0x21da
core   0: 0x80005e68 (0x1c2ef9b7) lui     s3, 0x1c2ef
core   0: 3 0x80005e68 (0x1c2ef9b7) x19 0x1c2ef000
core   0: 0x80005e6c (0x01fea5b3) slt     a1, t4, t6
core   0: 3 0x80005e6c (0x01fea5b3) x11 0x00000000
core   0: 0x80005e70 (0x00009216) c.add   tp, t0
core   0: 3 0x80005e70 (0x9216) x 4 0x00000000
core   0: 0x80005e72 (0xd2765d03) lhu     s10, -729(a2)
core   0: 3 0x80005e72 (0xd2765d03) x26 0x000021da mem 0x8001815a
core   0: 0x80005e76 (0x84260523) sb      sp, -1974(a2)
core   0: 3 0x80005e76 (0x84260523) mem 0x80017c7d 0x0
core   0: 0x80005e7a (0x84a64383) lbu     t2, -1974(a2)
core   0: 3 0x80005e7a (0x84a64383) x 7 0x00000000 mem 0x80017c7d
core   0: 0x80005e7e (0x027dd233) divu    tp, s11, t2
core   0: 3 0x80005e7e (0x027dd233) x 4 0xffffffff
core   0: 0x80005e82 (0x84a64203) lbu     tp, -1974(a2)
core   0: 3 0x80005e82 (0x84a64203) x 4 0x00000000 mem 0x80017c7d
core   0: 0x80005e86 (0x4c060123) sb      zero, 1218(a2)
core   0: 3 0x80005e86 (0x4c060123) mem 0x800188f5 0x0
core   0: 0x80005e8a (0x0000ee17) auipc   t3, 0xe
core   0: 3 0x80005e8a (0x0000ee17) x28 0x80013e8a
core   0: 0x80005e8e (0xe80e0e13) addi    t3, t3, -384
core   0: 3 0x80005e8e (0xe80e0e13) x28 0x80013d0a
core   0: 0x80005e92 (0xfefe0da3) sb      a5, -5(t3)
core   0: 3 0x80005e92 (0xfefe0da3) mem 0x80013d05 0x0
core   0: 0x80005e96 (0x00001598) c.addi4spn a4, sp, 736
core   0: 3 0x80005e96 (0x1598) x14 0x000002e0
core   0: 0x80005e98 (0xffae09a3) sb      s10, -13(t3)
core   0: 3 0x80005e98 (0xffae09a3) mem 0x80013cfd 0xda
core   0: 0x80005e9c (0x008e1203) lh      tp, 8(t3)
core   0: 3 0x80005e9c (0x008e1203) x 4 0x00000000 mem 0x80013d12
core   0: 0x80005ea0 (0x00008e65) c.and   a2, s1
core   0: 3 0x80005ea0 (0x8e65) x12 0x80008420
core   0: 0x80005ea2 (0x01ce04a3) sb      t3, 9(t3)
core   0: 3 0x80005ea2 (0x01ce04a3) mem 0x80013d13 0xa
core   0: 0x80005ea6 (0x006e01a3) sb      t1, 3(t3)
core   0: 3 0x80005ea6 (0x006e01a3) mem 0x80013d0d 0x0
core   0: 0x80005eaa (0x00009b4e) c.add   s6, s3
core   0: 3 0x80005eaa (0x9b4e) x22 0x1c2ef000
core   0: 0x80005eac (0x007792b3) sll     t0, a5, t2
core   0: 3 0x80005eac (0x007792b3) x 5 0x00000000
core   0: 0x80005eb0 (0xff7e0983) lb      s3, -9(t3)
core   0: 3 0x80005eb0 (0xff7e0983) x19 0x00000000 mem 0x80013d01
core   0: 0x80005eb4 (0x00008e21) c.xor   a2, s0
core   0: 3 0x80005eb4 (0x8e21) x12 0x80008420
core   0: 0x80005eb6 (0x0d0df293) andi    t0, s11, 208
core   0: 3 0x80005eb6 (0x0d0df293) x 5 0x000000d0
core   0: 0x80005eba (0x03f471b3) remu    gp, s0, t6
core   0: 3 0x80005eba (0x03f471b3) x 3 0x00000000
core   0: 0x80005ebe (0x01086fb3) or      t6, a6, a6
core   0: 3 0x80005ebe (0x01086fb3) x31 0x00000000
core   0: 0x80005ec2 (0xff3e4c83) lbu     s9, -13(t3)
core   0: 3 0x80005ec2 (0xff3e4c83) x25 0x000000da mem 0x80013cfd
core   0: 0x80005ec6 (0x039a98b3) mulh    a7, s5, s9
core   0: 3 0x80005ec6 (0x039a98b3) x17 0x00000000
core   0: 0x80005eca (0xff2e2083) lw      ra, -14(t3)
core   0: 3 0x80005eca (0xff2e2083) x 1 0x0000da00 mem 0x80013cfc
core   0: 0x80005ece (0x00008312) c.mv    t1, tp
core   0: 3 0x80005ece (0x8312) x 6 0x00000000
core   0: 0x80005ed0 (0x408785b3) sub     a1, a5, s0
core   0: 3 0x80005ed0 (0x408785b3) x11 0x00000000
core   0: 0x80005ed4 (0xfe9e2923) sw      s1, -14(t3)
core   0: 3 0x80005ed4 (0xfe9e2923) mem 0x80013cfc 0x80028e64
core   0: 0x80005ed8 (0x026982b3) mul     t0, s3, t1
core   0: 3 0x80005ed8 (0x026982b3) x 5 0x00000000
core   0: 0x80005edc (0x00be4103) lbu     sp, 11(t3)
core   0: 3 0x80005edc (0x00be4103) x 2 0x00000000 mem 0x80013d15
core   0: 0x80005ee0 (0xff2e0f23) sb      s2, -2(t3)
core   0: 3 0x80005ee0 (0xff2e0f23) mem 0x80013d08 0xe4
core   0: 0x80005ee4 (0xffae0ba3) sb      s10, -9(t3)
core   0: 3 0x80005ee4 (0xffae0ba3) mem 0x80013d01 0xda
core   0: 0x80005ee8 (0xef516d97) auipc   s11, 0xef516
core   0: 3 0x80005ee8 (0xef516d97) x27 0x6f51bee8
core   0: 0x80005eec (0xffae08a3) sb      s10, -15(t3)
core   0: 3 0x80005eec (0xffae08a3) mem 0x80013cfb 0xda
core   0: 0x80005ef0 (0x00000001) c.nop
core   0: 3 0x80005ef0 (0x0001)
core   0: 0x80005ef2 (0xffde4283) lbu     t0, -3(t3)
core   0: 3 0x80005ef2 (0xffde4283) x 5 0x00000000 mem 0x80013d07
core   0: 0x80005ef6 (0xff9bec13) ori     s8, s7, -7
core   0: 3 0x80005ef6 (0xff9bec13) x24 0xfffffff9
core   0: 0x80005efa (0x006e5803) lhu     a6, 6(t3)
core   0: 3 0x80005efa (0x006e5803) x16 0x00000000 mem 0x80013d10
core   0: 0x80005efe (0xfffe4103) lbu     sp, -1(t3)
core   0: 3 0x80005efe (0xfffe4103) x 2 0x00000000 mem 0x80013d09
core   0: 0x80005f02 (0x006e04a3) sb      t1, 9(t3)
core   0: 3 0x80005f02 (0x006e04a3) mem 0x80013d13 0x0
core   0: 0x80005f06 (0x00409693) slli    a3, ra, 4
core   0: 3 0x80005f06 (0x00409693) x13 0x000da000
core   0: 0x80005f0a (0x0086f233) and     tp, a3, s0
core   0: 3 0x80005f0a (0x0086f233) x 4 0x00000000
core   0: 0x80005f0e (0x0240bcb3) mulhu   s9, ra, tp
core   0: 3 0x80005f0e (0x0240bcb3) x25 0x00000000
core   0: 0x80005f12 (0x41da59b3) sra     s3, s4, t4
core   0: 3 0x80005f12 (0x41da59b3) x19 0x00000000
core   0: 0x80005f16 (0x008a9193) slli    gp, s5, 8
core   0: 3 0x80005f16 (0x008a9193) x 3 0x00000000
core   0: 0x80005f1a (0x020f8f33) mul     t5, t6, zero
core   0: 3 0x80005f1a (0x020f8f33) x30 0x00000000
core   0: 0x80005f1e (0xff8e0403) lb      s0, -8(t3)
core   0: 3 0x80005f1e (0xff8e0403) x 8 0x00000027 mem 0x80013d02
core   0: 0x80005f22 (0x01fe0423) sb      t6, 8(t3)
core   0: 3 0x80005f22 (0x01fe0423) mem 0x80013d12 0x0
core   0: 0x80005f26 (0x00008041) c.srli  s0, 16
core   0: 3 0x80005f26 (0x8041) x 8 0x00000000
core   0: 0x80005f28 (0x41cb2393) slti    t2, s6, 1052
core   0: 3 0x80005f28 (0x41cb2393) x 7 0x00000000
core   0: 0x80005f2c (0x00008199) c.srli  a1, 6
core   0: 3 0x80005f2c (0x8199) x11 0x00000000
core   0: 0x80005f2e (0xff5e0283) lb      t0, -11(t3)
core   0: 3 0x80005f2e (0xff5e0283) x 5 0xffffff80 mem 0x80013cff
core   0: 0x80005f32 (0x0000e397) auipc   t2, 0xe
core   0: 3 0x80005f32 (0x0000e397) x 7 0x80013f32
core   0: 0x80005f36 (0xca838393) addi    t2, t2, -856
core   0: 3 0x80005f36 (0xca838393) x 7 0x80013bda
core   0: 0x80005f3a (0xf033a123) sw      gp, -254(t2)
core   0: 3 0x80005f3a (0xf033a123) mem 0x80013adc 0x00000000
core   0: 0x80005f3e (0xfe53cb03) lbu     s6, -27(t2)
core   0: 3 0x80005f3e (0xfe53cb03) x22 0x00000000 mem 0x80013bbf
core   0: 0x80005f42 (0x0423c103) lbu     sp, 66(t2)
core   0: 3 0x80005f42 (0x0423c103) x 2 0x00000000 mem 0x80013c1c
core   0: 0x80005f46 (0x00008c19) c.sub   s0, a4
core   0: 3 0x80005f46 (0x8c19) x 8 0xfffffd20
core   0: 0x80005f48 (0x02243433) mulhu   s0, s0, sp
core   0: 3 0x80005f48 (0x02243433) x 8 0x00000000
core   0: 0x80005f4c (0x00000796) c.slli  a5, 5
core   0: 3 0x80005f4c (0x0796) x15 0x00000000
core   0: 0x80005f4e (0x00001bfd) c.addi  s7, -1
core   0: 3 0x80005f4e (0x1bfd) x23 0xffffffff
core   0: 0x80005f50 (0x0c763b93) sltiu   s7, a2, 199
core   0: 3 0x80005f50 (0x0c763b93) x23 0x00000000
core   0: 0x80005f54 (0x000083b1) c.srli  a5, 12
core   0: 3 0x80005f54 (0x83b1) x15 0x00000000
core   0: 0x80005f56 (0x02738783) lb      a5, 39(t2)
core   0: 3 0x80005f56 (0x02738783) x15 0x00000000 mem 0x80013c01
core   0: 0x80005f5a (0x01f70133) add     sp, a4, t6
core   0: 3 0x80005f5a (0x01f70133) x 2 0x000002e0
core   0: 0x80005f5e (0x032c3a33) mulhu   s4, s8, s2
core   0: 3 0x80005f5e (0x032c3a33) x20 0x8002cce0
core   0: 0x80005f62 (0x00009a76) c.add   s4, t4
core   0: 3 0x80005f62 (0x9a76) x20 0x8002cce0
core   0: 0x80005f64 (0x02d62bb3) mulhsu  s7, a2, a3
core   0: 3 0x80005f64 (0x02d62bb3) x23 0xfff93007
core   0: 0x80005f68 (0xf143de83) lhu     t4, -236(t2)
core   0: 3 0x80005f68 (0xf143de83) x29 0x00000000 mem 0x80013aee
core   0: 0x80005f6c (0x0063cc83) lbu     s9, 6(t2)
core   0: 3 0x80005f6c (0x0063cc83) x25 0x00000000 mem 0x80013be0
core   0: 0x80005f70 (0xf472a013) slti    zero, t0, -185
core   0: 3 0x80005f70 (0xf472a013)
core   0: 0x80005f74 (0x08439683) lh      a3, 132(t2)
core   0: 3 0x80005f74 (0x08439683) x13 0xffff8001 mem 0x80013c5e
core   0: 0x80005f78 (0x011dd433) srl     s0, s11, a7
core   0: 3 0x80005f78 (0x011dd433) x 8 0x6f51bee8
core   0: 0x80005f7c (0xfa039f23) sh      zero, -66(t2)
core   0: 3 0x80005f7c (0xfa039f23) mem 0x80013b98 0x0000
core   0: 0x80005f80 (0xf173a923) sw      s7, -238(t2)
core   0: 3 0x80005f80 (0xf173a923) mem 0x80013aec 0xfff93007
core   0: 0x80005f84 (0x02449233) mulh    tp, s1, tp
core   0: 3 0x80005f84 (0x02449233) x 4 0x00000000
core   0: 0x80005f88 (0x0f438523) sb      s4, 234(t2)
core   0: 3 0x80005f88 (0x0f438523) mem 0x80013cc4 0xe0
core   0: 0x80005f8c (0x00186033) or      zero, a6, ra
core   0: 3 0x80005f8c (0x00186033)
core   0: 0x80005f90 (0xd608ec13) ori     s8, a7, -672
core   0: 3 0x80005f90 (0xd608ec13) x24 0xfffffd60
core   0: 0x80005f94 (0x0b639623) sh      s6, 172(t2)
core   0: 3 0x80005f94 (0x0b639623) mem 0x80013c86 0x0000
core   0: 0x80005f98 (0xf6438723) sb      tp, -146(t2)
core   0: 3 0x80005f98 (0xf6438723) mem 0x80013b48 0x0
core   0: 0x80005f9c (0x00008679) c.srai  a2, 30
core   0: 3 0x80005f9c (0x8679) x12 0xfffffffe
core   0: 0x80005f9e (0x037e5e33) divu    t3, t3, s7
core   0: 3 0x80005f9e (0x037e5e33) x28 0x00000000
core   0: 0x80005fa2 (0x0000100f) fence.i
core   0: 3 0x80005fa2 (0x0000100f)
core   0: 0x80005fa6 (0x0503d103) lhu     sp, 80(t2)
core   0: 3 0x80005fa6 (0x0503d103) x 2 0x00000000 mem 0x80013c2a
core   0: 0x80005faa (0x08b3ab23) sw      a1, 150(t2)
core   0: 3 0x80005faa (0x08b3ab23) mem 0x80013c70 0x00000000
core   0: 0x80005fae (0x00001f1c) c.addi4spn a5, sp, 944
core   0: 3 0x80005fae (0x1f1c) x15 0x000003b0
core   0: 0x80005fb0 (0x08239d23) sh      sp, 154(t2)
core   0: 3 0x80005fb0 (0x08239d23) mem 0x80013c74 0x0000
core   0: 0x80005fb4 (0x036d5cb3) divu    s9, s10, s6
core   0: 3 0x80005fb4 (0x036d5cb3) x25 0xffffffff
core   0: 0x80005fb8 (0x0171c0b3) xor     ra, gp, s7
core   0: 3 0x80005fb8 (0x0171c0b3) x 1 0xfff93007
core   0: 0x80005fbc (0x00006709) c.lui   a4, 0x2
core   0: 3 0x80005fbc (0x6709) x14 0x00002000
core   0: 0x80005fbe (0x4333fa13) andi    s4, t2, 1075
core   0: 3 0x80005fbe (0x4333fa13) x20 0x00000012
core   0: 0x80005fc2 (0xf7e380a3) sb      t5, -159(t2)
core   0: 3 0x80005fc2 (0xf7e380a3) mem 0x80013b3b 0x0
core   0: 0x80005fc6 (0x007718b3) sll     a7, a4, t2
core   0: 3 0x80005fc6 (0x007718b3) x17 0x00000000
core   0: 0x80005fca (0x0b638003) lb      zero, 182(t2)
core   0: 3 0x80005fca (0x0b638003) mem 0x80013c90
core   0: 0x80005fce (0x000082b9) c.srli  a3, 14
core   0: 3 0x80005fce (0x82b9) x13 0x0003fffe
core   0: 0x80005fd0 (0x00a09cb3) sll     s9, ra, a0
core   0: 3 0x80005fd0 (0x00a09cb3) x25 0x1c000000
core   0: 0x80005fd4 (0x03268c33) mul     s8, a3, s2
core   0: 3 0x80005fd4 (0x03268c33) x24 0x338a6638
core   0: 0x80005fd8 (0x07039b03) lh      s6, 112(t2)
core   0: 3 0x80005fd8 (0x07039b03) x22 0x00000000 mem 0x80013c4a
core   0: 0x80005fdc (0x67cef313) andi    t1, t4, 1660
core   0: 3 0x80005fdc (0x67cef313) x 6 0x00000000
core   0: 0x80005fe0 (0xf473c003) lbu     zero, -185(t2)
core   0: 3 0x80005fe0 (0xf473c003) mem 0x80013b21
core   0: 0x80005fe4 (0x0000e297) auipc   t0, 0xe
core   0: 3 0x80005fe4 (0x0000e297) x 5 0x80013fe4
core   0: 0x80005fe8 (0x86328293) addi    t0, t0, -1949
core   0: 3 0x80005fe8 (0x86328293) x 5 0x80013847
core   0: 0x80005fec (0x000093da) c.add   t2, s6
core   0: 3 0x80005fec (0x93da) x 7 0x80013bda
core   0: 0x80005fee (0x0132a4a3) sw      s3, 9(t0)
core   0: 3 0x80005fee (0x0132a4a3) mem 0x80013850 0x00000000
core   0: 0x80005ff2 (0xfec299a3) sh      a2, -13(t0)
core   0: 3 0x80005ff2 (0xfec299a3) mem 0x8001383a 0xfffe
core   0: 0x80005ff6 (0x25deb713) sltiu   a4, t4, 605
core   0: 3 0x80005ff6 (0x25deb713) x14 0x00000001
core   0: 0x80005ffa (0x6e1df393) andi    t2, s11, 1761
core   0: 3 0x80005ffa (0x6e1df393) x 7 0x000006e0
core   0: 0x80005ffe (0x34bd4113) xori    sp, s10, 843
core   0: 3 0x80005ffe (0x34bd4113) x 2 0x00002291
core   0: 0x80006002 (0x0000100f) fence.i
core   0: 3 0x80006002 (0x0000100f)
core   0: 0x80006006 (0x03d55a33) divu    s4, a0, t4
core   0: 3 0x80006006 (0x03d55a33) x20 0xffffffff
core   0: 0x8000600a (0x00000f98) c.addi4spn a4, sp, 976
core   0: 3 0x8000600a (0x0f98) x14 0x00002661
core   0: 0x8000600c (0x01928823) sb      s9, 16(t0)
core   0: 3 0x8000600c (0x01928823) mem 0x80013857 0x0
core   0: 0x80006010 (0x00f29683) lh      a3, 15(t0)
core   0: 3 0x80006010 (0x00f29683) x13 0x00000000 mem 0x80013856
core   0: 0x80006014 (0x013c5693) srli    a3, s8, 19
core   0: 3 0x80006014 (0x013c5693) x13 0x00000671
core   0: 0x80006018 (0xff228783) lb      a5, -14(t0)
core   0: 3 0x80006018 (0xff228783) x15 0x00000000 mem 0x80013839
core   0: 0x8000601c (0x317206b7) lui     a3, 0x31720
core   0: 3 0x8000601c (0x317206b7) x13 0x31720000
core   0: 0x80006020 (0x0102c883) lbu     a7, 16(t0)
core   0: 3 0x80006020 (0x0102c883) x17 0x00000000 mem 0x80013857
core   0: 0x80006024 (0xff228583) lb      a1, -14(t0)
core   0: 3 0x80006024 (0xff228583) x11 0x00000000 mem 0x80013839
core   0: 0x80006028 (0x0082cc03) lbu     s8, 8(t0)
core   0: 3 0x80006028 (0x0082cc03) x24 0x0000009e mem 0x8001384f
core   0: 0x8000602c (0xff42c703) lbu     a4, -12(t0)
core   0: 3 0x8000602c (0xff42c703) x14 0x000000ff mem 0x8001383b
core   0: 0x80006030 (0x0082cf83) lbu     t6, 8(t0)
core   0: 3 0x80006030 (0x0082cf83) x31 0x0000009e mem 0x8001384f
core   0: 0x80006034 (0x01d8bc33) sltu    s8, a7, t4
core   0: 3 0x80006034 (0x01d8bc33) x24 0x00000000
core   0: 0x80006038 (0x0012ac83) lw      s9, 1(t0)
core   0: 3 0x80006038 (0x0012ac83) x25 0x00000000 mem 0x80013848
core   0: 0x8000603c (0x0042c203) lbu     tp, 4(t0)
core   0: 3 0x8000603c (0x0042c203) x 4 0x00000000 mem 0x8001384b
core   0: 0x80006040 (0xf2abafb7) lui     t6, 0xf2aba
core   0: 3 0x80006040 (0xf2abafb7) x31 0xf2aba000
core   0: 0x80006044 (0xff628c23) sb      s6, -8(t0)
core   0: 3 0x80006044 (0xff628c23) mem 0x8001383f 0x0
core   0: 0x80006048 (0x00828423) sb      s0, 8(t0)
core   0: 3 0x80006048 (0x00828423) mem 0x8001384f 0xe8
core   0: 0x8000604c (0x00d28423) sb      a3, 8(t0)
core   0: 3 0x8000604c (0x00d28423) mem 0x8001384f 0x0
core   0: 0x80006050 (0x00828b83) lb      s7, 8(t0)
core   0: 3 0x80006050 (0x00828b83) x23 0x00000000 mem 0x8001384f
core   0: 0x80006054 (0x0ff0000f) fence   iorw,iorw
core   0: 3 0x80006054 (0x0ff0000f)
core   0: 0x80006058 (0xff428183) lb      gp, -12(t0)
core   0: 3 0x80006058 (0xff428183) x 3 0xffffffff mem 0x8001383b
core   0: 0x8000605c (0xff92a8a3) sw      s9, -15(t0)
core   0: 3 0x8000605c (0xff92a8a3) mem 0x80013838 0x00000000
core   0: 0x80006060 (0x0001cc97) auipc   s9, 0x1c
core   0: 3 0x80006060 (0x0001cc97) x25 0x80022060
core   0: 0x80006064 (0x1cac8c93) addi    s9, s9, 458
core   0: 3 0x80006064 (0x1cac8c93) x25 0x8002222a
core   0: 0x80006068 (0x02b71a33) mulh    s4, a4, a1
core   0: 3 0x80006068 (0x02b71a33) x20 0x00000000
core   0: 0x8000606c (0x018c87a3) sb      s8, 15(s9)
core   0: 3 0x8000606c (0x018c87a3) mem 0x80022239 0x0
core   0: 0x80006070 (0xffdcc283) lbu     t0, -3(s9)
core   0: 3 0x80006070 (0xffdcc283) x 5 0x00000000 mem 0x80022227
core   0: 0x80006074 (0x00008305) c.srli  a4, 1
core   0: 3 0x80006074 (0x8305) x14 0x0000007f
core   0: 0x80006076 (0x41860db3) sub     s11, a2, s8
core   0: 3 0x80006076 (0x41860db3) x27 0xfffffffe
core   0: 0x8000607a (0x001c8303) lb      t1, 1(s9)
core   0: 3 0x8000607a (0x001c8303) x 6 0x00000000 mem 0x8002222b
core   0: 0x8000607e (0x004c9a83) lh      s5, 4(s9)
core   0: 3 0x8000607e (0x004c9a83) x21 0x00000000 mem 0x8002222e
core   0: 0x80006082 (0x006cc203) lbu     tp, 6(s9)
core   0: 3 0x80006082 (0x006cc203) x 4 0x00000000 mem 0x80022230
core   0: 0x80006086 (0x00ac8e83) lb      t4, 10(s9)
core   0: 3 0x80006086 (0x00ac8e83) x29 0x00000000 mem 0x80022234
core   0: 0x8000608a (0x00fc8883) lb      a7, 15(s9)
core   0: 3 0x8000608a (0x00fc8883) x17 0x00000000 mem 0x80022239
core   0: 0x8000608e (0x002cab83) lw      s7, 2(s9)
core   0: 3 0x8000608e (0x002cab83) x23 0x00000000 mem 0x8002222c
core   0: 0x80006092 (0x00dc8083) lb      ra, 13(s9)
core   0: 3 0x80006092 (0x00dc8083) x 1 0x00000000 mem 0x80022237
core   0: 0x80006096 (0x007c81a3) sb      t2, 3(s9)
core   0: 3 0x80006096 (0x007c81a3) mem 0x8002222d 0xe0
core   0: 0x8000609a (0xff6c9383) lh      t2, -10(s9)
core   0: 3 0x8000609a (0xff6c9383) x 7 0x00000000 mem 0x80022220
core   0: 0x8000609e (0x26fa3e97) auipc   t4, 0x26fa3
core   0: 3 0x8000609e (0x26fa3e97) x29 0xa6fa909e
core   0: 0x800060a2 (0x002c9023) sh      sp, 0(s9)
core   0: 3 0x800060a2 (0x002c9023) mem 0x8002222a 0x2291
core   0: 0x800060a6 (0x001eb7b3) sltu    a5, t4, ra
core   0: 3 0x800060a6 (0x001eb7b3) x15 0x00000000
core   0: 0x800060aa (0x00008be9) c.andi  a5, 26
core   0: 3 0x800060aa (0x8be9) x15 0x00000000
core   0: 0x800060ac (0x00008e89) c.sub   a3, a0
core   0: 3 0x800060ac (0x8e89) x13 0x3433de26
core   0: 0x800060ae (0x009cc203) lbu     tp, 9(s9)
core   0: 3 0x800060ae (0x009cc203) x 4 0x00000000 mem 0x80022233
core   0: 0x800060b2 (0x00ec9703) lh      a4, 14(s9)
core   0: 3 0x800060b2 (0x00ec9703) x14 0x00000000 mem 0x80022238
core   0: 0x800060b6 (0x018e3eb3) sltu    t4, t3, s8
core   0: 3 0x800060b6 (0x018e3eb3) x29 0x00000000
core   0: 0x800060ba (0x007cce83) lbu     t4, 7(s9)
core   0: 3 0x800060ba (0x007cce83) x29 0x00000000 mem 0x80022231
core   0: 0x800060be (0xfeec8d23) sb      a4, -6(s9)
core   0: 3 0x800060be (0xfeec8d23) mem 0x80022224 0x0
core   0: 0x800060c2 (0xabaf6993) ori     s3, t5, -1350
core   0: 3 0x800060c2 (0xabaf6993) x19 0xfffffaba
core   0: 0x800060c6 (0x000085cd) c.srai  a1, 19
core   0: 3 0x800060c6 (0x85cd) x11 0x00000000
core   0: 0x800060c8 (0x00e0e9b3) or      s3, ra, a4
core   0: 3 0x800060c8 (0x00e0e9b3) x19 0x00000000
core   0: 0x800060cc (0x00dc87a3) sb      a3, 15(s9)
core   0: 3 0x800060cc (0x00dc87a3) mem 0x80022239 0x26
core   0: 0x800060d0 (0xfe0c8fa3) sb      zero, -1(s9)
core   0: 3 0x800060d0 (0xfe0c8fa3) mem 0x80022229 0x0
core   0: 0x800060d4 (0x000082e2) c.mv    t0, s8
core   0: 3 0x800060d4 (0x82e2) x 5 0x00000000
core   0: 0x800060d6 (0xffdc8403) lb      s0, -3(s9)
core   0: 3 0x800060d6 (0xffdc8403) x 8 0x00000000 mem 0x80022227
core   0: 0x800060da (0x010cca03) lbu     s4, 16(s9)
core   0: 3 0x800060da (0x010cca03) x20 0x00000000 mem 0x8002223a
core   0: 0x800060de (0x4058db33) sra     s6, a7, t0
core   0: 3 0x800060de (0x4058db33) x22 0x00000000
core   0: 0x800060e2 (0x02e1d833) divu    a6, gp, a4
core   0: 3 0x800060e2 (0x02e1d833) x16 0xffffffff
core   0: 0x800060e6 (0x031b15b3) mulh    a1, s6, a7
core   0: 3 0x800060e6 (0x031b15b3) x11 0x00000000
core   0: 0x800060ea (0xfe7c8fa3) sb      t2, -1(s9)
core   0: 3 0x800060ea (0xfe7c8fa3) mem 0x80022229 0x0
core   0: 0x800060ee (0x005c8603) lb      a2, 5(s9)
core   0: 3 0x800060ee (0x005c8603) x12 0x00000000 mem 0x8002222f
core   0: 0x800060f2 (0xff3cc983) lbu     s3, -13(s9)
core   0: 3 0x800060f2 (0xff3cc983) x19 0x00000000 mem 0x8002221d
core   0: 0x800060f6 (0x029bc8b3) div     a7, s7, s1
core   0: 3 0x800060f6 (0x029bc8b3) x17 0x00000000
core   0: 0x800060fa (0x00dc8403) lb      s0, 13(s9)
core   0: 3 0x800060fa (0x00dc8403) x 8 0x00000000 mem 0x80022237
core   0: 0x800060fe (0xfe6c9c23) sh      t1, -8(s9)
core   0: 3 0x800060fe (0xfe6c9c23) mem 0x80022222 0x0000
core   0: 0x80006102 (0x00fc8d03) lb      s10, 15(s9)
core   0: 3 0x80006102 (0x00fc8d03) x26 0x00000026 mem 0x80022239
core   0: 0x80006106 (0xe4fd2d13) slti    s10, s10, -433
core   0: 3 0x80006106 (0xe4fd2d13) x26 0x00000000
core   0: 0x8000610a (0x03ad32b3) mulhu   t0, s10, s10
core   0: 3 0x8000610a (0x03ad32b3) x 5 0x00000000
core   0: 0x8000610e (0x01fc9023) sh      t6, 0(s9)
core   0: 3 0x8000610e (0x01fc9023) mem 0x8002222a 0xa000
core   0: 0x80006112 (0x001c8f83) lb      t6, 1(s9)
core   0: 3 0x80006112 (0x001c8f83) x31 0xffffffa0 mem 0x8002222b
core   0: 0x80006116 (0xffcc9e03) lh      t3, -4(s9)
core   0: 3 0x80006116 (0xffcc9e03) x28 0x00000000 mem 0x80022226
core   0: 0x8000611a (0xffacdd03) lhu     s10, -6(s9)
core   0: 3 0x8000611a (0xffacdd03) x26 0x00000000 mem 0x80022224
core   0: 0x8000611e (0x0000d117) auipc   sp, 0xd
core   0: 3 0x8000611e (0x0000d117) x 2 0x8001311e
core   0: 0x80006122 (0x2ec10113) addi    sp, sp, 748
core   0: 3 0x80006122 (0x2ec10113) x 2 0x8001340a
core   0: 0x80006126 (0x02f10023) sb      a5, 32(sp)
core   0: 3 0x80006126 (0x02f10023) mem 0x8001342a 0x0
core   0: 0x8000612a (0x02011183) lh      gp, 32(sp)
core   0: 3 0x8000612a (0x02011183) x 3 0x00000000 mem 0x8001342a
core   0: 0x8000612e (0x02010d03) lb      s10, 32(sp)
core   0: 3 0x8000612e (0x02010d03) x26 0x00000000 mem 0x8001342a
core   0: 0x80006132 (0x02014f03) lbu     t5, 32(sp)
core   0: 3 0x80006132 (0x02014f03) x30 0x00000000 mem 0x8001342a
core   0: 0x80006136 (0x02810023) sb      s0, 32(sp)
core   0: 3 0x80006136 (0x02810023) mem 0x8001342a 0x0
core   0: 0x8000613a (0x000081d9) c.srli  a1, 22
core   0: 3 0x8000613a (0x81d9) x11 0x00000000
core   0: 0x8000613c (0x02e10023) sb      a4, 32(sp)
core   0: 3 0x8000613c (0x02e10023) mem 0x8001342a 0x0
core   0: 0x80006140 (0x02015283) lhu     t0, 32(sp)
core   0: 3 0x80006140 (0x02015283) x 5 0x00000000 mem 0x8001342a
core   0: 0x80006144 (0xfff10883) lb      a7, -1(sp)
core   0: 3 0x80006144 (0xfff10883) x17 0x00000000 mem 0x80013409
core   0: 0x80006148 (0xfff10d83) lb      s11, -1(sp)
core   0: 3 0x80006148 (0xfff10d83) x27 0x00000000 mem 0x80013409
core   0: 0x8000614c (0xfff10403) lb      s0, -1(sp)
core   0: 3 0x8000614c (0xfff10403) x 8 0x00000000 mem 0x80013409
core   0: 0x80006150 (0x0000879a) c.mv    a5, t1
core   0: 3 0x80006150 (0x879a) x15 0x00000000
core   0: 0x80006152 (0x00114603) lbu     a2, 1(sp)
core   0: 3 0x80006152 (0x00114603) x12 0x00000000 mem 0x8001340b
core   0: 0x80006156 (0x0000836d) c.srli  a4, 27
core   0: 3 0x80006156 (0x836d) x14 0x00000000
core   0: 0x80006158 (0x00114283) lbu     t0, 1(sp)
core   0: 3 0x80006158 (0x00114283) x 5 0x00000000 mem 0x8001340b
core   0: 0x8000615c (0x02e96e33) rem     t3, s2, a4
core   0: 3 0x8000615c (0x02e96e33) x28 0x8002cce4
core   0: 0x80006160 (0x00110d03) lb      s10, 1(sp)
core   0: 3 0x80006160 (0x00110d03) x26 0x00000000 mem 0x8001340b
core   0: 0x80006164 (0x00110a03) lb      s4, 1(sp)
core   0: 3 0x80006164 (0x00110a03) x20 0x00000000 mem 0x8001340b
core   0: 0x80006168 (0x03c10803) lb      a6, 60(sp)
core   0: 3 0x80006168 (0x03c10803) x16 0x00000000 mem 0x80013446
core   0: 0x8000616c (0x03d10e23) sb      t4, 60(sp)
core   0: 3 0x8000616c (0x03d10e23) mem 0x80013446 0x0
core   0: 0x80006170 (0x03c14583) lbu     a1, 60(sp)
core   0: 3 0x80006170 (0x03c14583) x11 0x00000000 mem 0x80013446
core   0: 0x80006174 (0x03414a03) lbu     s4, 52(sp)
core   0: 3 0x80006174 (0x03414a03) x20 0x00000000 mem 0x8001343e
core   0: 0x80006178 (0x02d10a23) sb      a3, 52(sp)
core   0: 3 0x80006178 (0x02d10a23) mem 0x8001343e 0x26
core   0: 0x8000617c (0x0000ea97) auipc   s5, 0xe
core   0: 3 0x8000617c (0x0000ea97) x21 0x8001417c
core   0: 0x80006180 (0xf02a8a93) addi    s5, s5, -254
core   0: 3 0x80006180 (0xf02a8a93) x21 0x8001407e
core   0: 0x80006184 (0x00e67e33) and     t3, a2, a4
core   0: 3 0x80006184 (0x00e67e33) x28 0x00000000
core   0: 0x80006188 (0x030b8bb3) mul     s7, s7, a6
core   0: 3 0x80006188 (0x030b8bb3) x23 0x00000000
core   0: 0x8000618c (0x006aa083) lw      ra, 6(s5)
core   0: 3 0x8000618c (0x006aa083) x 1 0x00000000 mem 0x80014084
core   0: 0x80006190 (0x00008e31) c.xor   a2, a2
core   0: 3 0x80006190 (0x8e31) x12 0x00000000
core   0: 0x80006192 (0x00ce7033) and     zero, t3, a2
core   0: 3 0x80006192 (0x00ce7033)
core   0: 0x80006196 (0x006ad103) lhu     sp, 6(s5)
core   0: 3 0x80006196 (0x006ad103) x 2 0x00000000 mem 0x80014084
core   0: 0x8000619a (0x006acd83) lbu     s11, 6(s5)
core   0: 3 0x8000619a (0x006acd83) x27 0x00000000 mem 0x80014084
core   0: 0x8000619e (0x01fa9323) sh      t6, 6(s5)
core   0: 3 0x8000619e (0x01fa9323) mem 0x80014084 0xffa0
core   0: 0x800061a2 (0x006ad603) lhu     a2, 6(s5)
core   0: 3 0x800061a2 (0x006ad603) x12 0x0000ffa0 mem 0x80014084
core   0: 0x800061a6 (0x5bb5c793) xori    a5, a1, 1467
core   0: 3 0x800061a6 (0x5bb5c793) x15 0x000005bb
core   0: 0x800061aa (0x006a8203) lb      tp, 6(s5)
core   0: 3 0x800061aa (0x006a8203) x 4 0xffffffa0 mem 0x80014084
core   0: 0x800061ae (0x006aa183) lw      gp, 6(s5)
core   0: 3 0x800061ae (0x006aa183) x 3 0x0000ffa0 mem 0x80014084
core   0: 0x800061b2 (0x006aad03) lw      s10, 6(s5)
core   0: 3 0x800061b2 (0x006aad03) x26 0x0000ffa0 mem 0x80014084
core   0: 0x800061b6 (0x00000776) c.slli  a4, 29
core   0: 3 0x800061b6 (0x0776) x14 0x00000000
core   0: 0x800061b8 (0x0000030e) c.slli  t1, 3
core   0: 3 0x800061b8 (0x030e) x 6 0x00000000
core   0: 0x800061ba (0x00aa9323) sh      a0, 6(s5)
core   0: 3 0x800061ba (0x00aa9323) mem 0x80014084 0x21da
core   0: 0x800061be (0x006ad703) lhu     a4, 6(s5)
core   0: 3 0x800061be (0x006ad703) x14 0x000021da mem 0x80014084
core   0: 0x800061c2 (0x006aad83) lw      s11, 6(s5)
core   0: 3 0x800061c2 (0x006aad83) x27 0x000021da mem 0x80014084
core   0: 0x800061c6 (0x00012617) auipc   a2, 0x12
core   0: 3 0x800061c6 (0x00012617) x12 0x800181c6
core   0: 0x800061ca (0x66160613) addi    a2, a2, 1633
core   0: 3 0x800061ca (0x66160613) x12 0x80018827
core   0: 0x800061ce (0x0da60e03) lb      t3, 218(a2)
core   0: 3 0x800061ce (0x0da60e03) x28 0x00000000 mem 0x80018901
core   0: 0x800061d2 (0x025b8233) mul     tp, s7, t0
core   0: 3 0x800061d2 (0x025b8233) x 4 0x00000000
core   0: 0x800061d6 (0xf6160683) lb      a3, -159(a2)
core   0: 3 0x800061d6 (0xf6160683) x13 0x00000000 mem 0x80018788
core   0: 0x800061da (0x01170eb3) add     t4, a4, a7
core   0: 3 0x800061da (0x01170eb3) x29 0x000021da
core   0: 0x800061de (0xf73620a3) sw      s3, -159(a2)
core   0: 3 0x800061de (0xf73620a3) mem 0x80018788 0x00000000
core   0: 0x800061e2 (0xf75600a3) sb      s5, -159(a2)
core   0: 3 0x800061e2 (0xf75600a3) mem 0x80018788 0x7e
core   0: 0x800061e6 (0xf47615a3) sh      t2, -181(a2)
core   0: 3 0x800061e6 (0xf47615a3) mem 0x80018772 0x0000
core   0: 0x800061ea (0x02c48733) mul     a4, s1, a2
core   0: 3 0x800061ea (0x02c48733) x14 0x6a6cd13c
core   0: 0x800061ee (0xf4b64f83) lbu     t6, -181(a2)
core   0: 3 0x800061ee (0xf4b64f83) x31 0x00000000 mem 0x80018772
core   0: 0x800061f2 (0xf5060a03) lb      s4, -176(a2)
core   0: 3 0x800061f2 (0xf5060a03) x20 0x00000000 mem 0x80018777
core   0: 0x800061f6 (0x0d864283) lbu     t0, 216(a2)
core   0: 3 0x800061f6 (0x0d864283) x 5 0x00000000 mem 0x800188ff
core   0: 0x800061fa (0xf7464803) lbu     a6, -140(a2)
core   0: 3 0x800061fa (0xf7464803) x16 0x00000000 mem 0x8001879b
core   0: 0x800061fe (0xf7464b03) lbu     s6, -140(a2)
core   0: 3 0x800061fe (0xf7464b03) x22 0x00000000 mem 0x8001879b
core   0: 0x80006202 (0xf0960823) sb      s1, -240(a2)
core   0: 3 0x80006202 (0xf0960823) mem 0x80018737 0x64
core   0: 0x80006206 (0xf6260c03) lb      s8, -158(a2)
core   0: 3 0x80006206 (0xf6260c03) x24 0x00000000 mem 0x80018789
core   0: 0x8000620a (0x00008dd5) c.or    a1, a3
core   0: 3 0x8000620a (0x8dd5) x11 0x00000000
core   0: 0x8000620c (0x01459d93) slli    s11, a1, 20
core   0: 3 0x8000620c (0x01459d93) x27 0x00000000
core   0: 0x80006210 (0xf7f60123) sb      t6, -158(a2)
core   0: 3 0x80006210 (0xf7f60123) mem 0x80018789 0x0
core   0: 0x80006214 (0x00008ca2) c.mv    s9, s0
core   0: 3 0x80006214 (0x8ca2) x25 0x00000000
core   0: 0x80006216 (0xf0d60823) sb      a3, -240(a2)
core   0: 3 0x80006216 (0xf0d60823) mem 0x80018737 0x0
core   0: 0x8000621a (0x0000958e) c.add   a1, gp
core   0: 3 0x8000621a (0x958e) x11 0x0000ffa0
core   0: 0x8000621c (0xf1064d83) lbu     s11, -240(a2)
core   0: 3 0x8000621c (0xf1064d83) x27 0x00000000 mem 0x80018737
core   0: 0x80006220 (0x04864983) lbu     s3, 72(a2)
core   0: 3 0x80006220 (0x04864983) x19 0x00000000 mem 0x8001886f
core   0: 0x80006224 (0x04860703) lb      a4, 72(a2)
core   0: 3 0x80006224 (0x04860703) x14 0x00000000 mem 0x8001886f
core   0: 0x80006228 (0x04860d03) lb      s10, 72(a2)
core   0: 3 0x80006228 (0x04860d03) x26 0x00000000 mem 0x8001886f
core   0: 0x8000622c (0x05060423) sb      a6, 72(a2)
core   0: 3 0x8000622c (0x05060423) mem 0x8001886f 0x0
core   0: 0x80006230 (0x0000d597) auipc   a1, 0xd
core   0: 3 0x80006230 (0x0000d597) x11 0x80013230
core   0: 0x80006234 (0xff558593) addi    a1, a1, -11
core   0: 3 0x80006234 (0xff558593) x11 0x80013225
core   0: 0x80006238 (0x0112dd93) srli    s11, t0, 17
core   0: 3 0x80006238 (0x0112dd93) x27 0x00000000
core   0: 0x8000623c (0xfec5ce03) lbu     t3, -20(a1)
core   0: 3 0x8000623c (0xfec5ce03) x28 0x00000000 mem 0x80013211
core   0: 0x80006240 (0xfec58a03) lb      s4, -20(a1)
core   0: 3 0x80006240 (0xfec58a03) x20 0x00000000 mem 0x80013211
core   0: 0x80006244 (0xfec58f03) lb      t5, -20(a1)
core   0: 3 0x80006244 (0xfec58f03) x30 0x00000000 mem 0x80013211
core   0: 0x80006248 (0x00008ef1) c.and   a3, a2
core   0: 3 0x80006248 (0x8ef1) x13 0x00000000
core   0: 0x8000624a (0xfec5cb03) lbu     s6, -20(a1)
core   0: 3 0x8000624a (0xfec5cb03) x22 0x00000000 mem 0x80013211
core   0: 0x8000624e (0xffd58603) lb      a2, -3(a1)
core   0: 3 0x8000624e (0xffd58603) x12 0x00000000 mem 0x80013222
core   0: 0x80006252 (0xfe558c23) sb      t0, -8(a1)
core   0: 3 0x80006252 (0xfe558c23) mem 0x8001321d 0x0
core   0: 0x80006256 (0xfca5ce83) lbu     t4, -54(a1)
core   0: 3 0x80006256 (0xfca5ce83) x29 0x00000000 mem 0x800131ef
core   0: 0x8000625a (0x03e581a3) sb      t5, 35(a1)
core   0: 3 0x8000625a (0x03e581a3) mem 0x80013248 0x0
core   0: 0x8000625e (0xff858823) sb      s8, -16(a1)
core   0: 3 0x8000625e (0xff858823) mem 0x80013215 0x0
core   0: 0x80006262 (0xff458823) sb      s4, -16(a1)
core   0: 3 0x80006262 (0xff458823) mem 0x80013215 0x0
core   0: 0x80006266 (0xff058783) lb      a5, -16(a1)
core   0: 3 0x80006266 (0xff058783) x15 0x00000000 mem 0x80013215
core   0: 0x8000626a (0x01c5c683) lbu     a3, 28(a1)
core   0: 3 0x8000626a (0x01c5c683) x13 0x00000000 mem 0x80013241
core   0: 0x8000626e (0xff158ca3) sb      a7, -7(a1)
core   0: 3 0x8000626e (0xff158ca3) mem 0x8001321e 0x0
core   0: 0x80006272 (0xff95c283) lbu     t0, -7(a1)
core   0: 3 0x80006272 (0xff95c283) x 5 0x00000000 mem 0x8001321e
core   0: 0x80006276 (0xff95c803) lbu     a6, -7(a1)
core   0: 3 0x80006276 (0xff95c803) x16 0x00000000 mem 0x8001321e
core   0: 0x8000627a (0xff95d003) lhu     zero, -7(a1)
core   0: 3 0x8000627a (0xff95d003) mem 0x8001321e
core   0: 0x8000627e (0xff159d03) lh      s10, -15(a1)
core   0: 3 0x8000627e (0xff159d03) x26 0xffff8001 mem 0x80013216
core   0: 0x80006282 (0x00012c17) auipc   s8, 0x12
core   0: 3 0x80006282 (0x00012c17) x24 0x80018282
core   0: 0x80006286 (0x376c0c13) addi    s8, s8, 886
core   0: 3 0x80006286 (0x376c0c13) x24 0x800185f8
core   0: 0x8000628a (0xf8bc4583) lbu     a1, -117(s8)
core   0: 3 0x8000628a (0xf8bc4583) x11 0x00000000 mem 0x80018583
core   0: 0x8000628e (0xf8bc0283) lb      t0, -117(s8)
core   0: 3 0x8000628e (0xf8bc0283) x 5 0x00000000 mem 0x80018583
core   0: 0x80006292 (0xf81c05a3) sb      ra, -117(s8)
core   0: 3 0x80006292 (0xf81c05a3) mem 0x80018583 0x0
core   0: 0x80006296 (0xf8bc4983) lbu     s3, -117(s8)
core   0: 3 0x80006296 (0xf8bc4983) x19 0x00000000 mem 0x80018583
core   0: 0x8000629a (0xf88c05a3) sb      s0, -117(s8)
core   0: 3 0x8000629a (0xf88c05a3) mem 0x80018583 0x0
core   0: 0x8000629e (0xf3cc00a3) sb      t3, -223(s8)
core   0: 3 0x8000629e (0xf3cc00a3) mem 0x80018519 0x0
core   0: 0x800062a2 (0xf21c0a83) lb      s5, -223(s8)
core   0: 3 0x800062a2 (0xf21c0a83) x21 0x00000000 mem 0x80018519
core   0: 0x800062a6 (0xf21c0403) lb      s0, -223(s8)
core   0: 3 0x800062a6 (0xf21c0403) x 8 0x00000000 mem 0x80018519
core   0: 0x800062aa (0xf21c0183) lb      gp, -223(s8)
core   0: 3 0x800062aa (0xf21c0183) x 3 0x00000000 mem 0x80018519
core   0: 0x800062ae (0xf21c0e03) lb      t3, -223(s8)
core   0: 3 0x800062ae (0xf21c0e03) x28 0x00000000 mem 0x80018519
core   0: 0x800062b2 (0x07fc4403) lbu     s0, 127(s8)
core   0: 3 0x800062b2 (0x07fc4403) x 8 0x00000000 mem 0x80018677
core   0: 0x800062b6 (0x07fc4403) lbu     s0, 127(s8)
core   0: 3 0x800062b6 (0x07fc4403) x 8 0x00000000 mem 0x80018677
core   0: 0x800062ba (0x07fc4783) lbu     a5, 127(s8)
core   0: 3 0x800062ba (0x07fc4783) x15 0x00000000 mem 0x80018677
core   0: 0x800062be (0x069c0fa3) sb      s1, 127(s8)
core   0: 3 0x800062be (0x069c0fa3) mem 0x80018677 0x64
core   0: 0x800062c2 (0x00009e66) c.add   t3, s9
core   0: 3 0x800062c2 (0x9e66) x28 0x00000000
core   0: 0x800062c4 (0x07fc0a03) lb      s4, 127(s8)
core   0: 3 0x800062c4 (0x07fc0a03) x20 0x00000064 mem 0x80018677
core   0: 0x800062c8 (0x06cc0fa3) sb      a2, 127(s8)
core   0: 3 0x800062c8 (0x06cc0fa3) mem 0x80018677 0x0
core   0: 0x800062cc (0x078c0fa3) sb      s8, 127(s8)
core   0: 3 0x800062cc (0x078c0fa3) mem 0x80018677 0xf8
core   0: 0x800062d0 (0x07fc0a83) lb      s5, 127(s8)
core   0: 3 0x800062d0 (0x07fc0a83) x21 0xfffffff8 mem 0x80018677
core   0: 0x800062d4 (0x066c0fa3) sb      t1, 127(s8)
core   0: 3 0x800062d4 (0x066c0fa3) mem 0x80018677 0x0
core   0: 0x800062d8 (0x0001da97) auipc   s5, 0x1d
core   0: 3 0x800062d8 (0x0001da97) x21 0x800232d8
core   0: 0x800062dc (0xc31a8a93) addi    s5, s5, -975
core   0: 3 0x800062dc (0xc31a8a93) x21 0x80022f09
core   0: 0x800062e0 (0x00012c17) auipc   s8, 0x12
core   0: 3 0x800062e0 (0x00012c17) x24 0x800182e0
core   0: 0x800062e4 (0x19cc0c13) addi    s8, s8, 412
core   0: 3 0x800062e4 (0x19cc0c13) x24 0x8001847c
core   0: 0x800062e8 (0x001c4783) lbu     a5, 1(s8)
core   0: 3 0x800062e8 (0x001c4783) x15 0x00000000 mem 0x8001847d
core   0: 0x800062ec (0xfe2c1923) sh      sp, -14(s8)
core   0: 3 0x800062ec (0xfe2c1923) mem 0x8001846e 0x0000
core   0: 0x800062f0 (0x51aaafa3) sw      s10, 1311(s5)
core   0: 3 0x800062f0 (0x51aaafa3) mem 0x80023428 0xffff8001
core   0: 0x800062f4 (0x008c5f03) lhu     t5, 8(s8)
core   0: 3 0x800062f4 (0x008c5f03) x30 0x00000000 mem 0x80018484
core   0: 0x800062f8 (0x251a98a3) sh      a7, 593(s5)
core   0: 3 0x800062f8 (0x251a98a3) mem 0x8002315a 0x0000
core   0: 0x800062fc (0x5cba8083) lb      ra, 1483(s5)
core   0: 3 0x800062fc (0x5cba8083) x 1 0x00000000 mem 0x800234d4
core   0: 0x80006300 (0xbedad383) lhu     t2, -1043(s5)
core   0: 3 0x80006300 (0xbedad383) x 7 0x00000000 mem 0x80022af6
core   0: 0x80006304 (0x00ec5983) lhu     s3, 14(s8)
core   0: 3 0x80006304 (0x00ec5983) x19 0x00000000 mem 0x8001848a
core   0: 0x80006308 (0x116ac083) lbu     ra, 278(s5)
core   0: 3 0x80006308 (0x116ac083) x 1 0x00000000 mem 0x8002301f
core   0: 0x8000630c (0xe19a8d23) sb      s9, -486(s5)
core   0: 3 0x8000630c (0xe19a8d23) mem 0x80022d23 0x0
core   0: 0x80006310 (0xff3c4983) lbu     s3, -13(s8)
core   0: 3 0x80006310 (0xff3c4983) x19 0x00000000 mem 0x8001846f
core   0: 0x80006314 (0x00bc2423) sw      a1, 8(s8)
core   0: 3 0x80006314 (0x00bc2423) mem 0x80018484 0x00000000
core   0: 0x80006318 (0xfedc0fa3) sb      a3, -1(s8)
core   0: 3 0x80006318 (0xfedc0fa3) mem 0x8001847b 0x0
core   0: 0x8000631c (0x0000e117) auipc   sp, 0xe
core   0: 3 0x8000631c (0x0000e117) x 2 0x8001431c
core   0: 0x80006320 (0x99810113) addi    sp, sp, -1640
core   0: 3 0x80006320 (0x99810113) x 2 0x80013cb4
core   0: 0x80006324 (0xfd514e03) lbu     t3, -43(sp)
core   0: 3 0x80006324 (0xfd514e03) x28 0x00000000 mem 0x80013c89
core   0: 0x80006328 (0xfd610aa3) sb      s6, -43(sp)
core   0: 3 0x80006328 (0xfd610aa3) mem 0x80013c89 0x0
core   0: 0x8000632c (0xfd510783) lb      a5, -43(sp)
core   0: 3 0x8000632c (0xfd510783) x15 0x00000000 mem 0x80013c89
core   0: 0x80006330 (0xfd514b83) lbu     s7, -43(sp)
core   0: 3 0x80006330 (0xfd514b83) x23 0x00000000 mem 0x80013c89
core   0: 0x80006334 (0xfd514603) lbu     a2, -43(sp)
core   0: 3 0x80006334 (0xfd514603) x12 0x00000000 mem 0x80013c89
core   0: 0x80006338 (0xfd514f83) lbu     t6, -43(sp)
core   0: 3 0x80006338 (0xfd514f83) x31 0x00000000 mem 0x80013c89
core   0: 0x8000633c (0xfd514783) lbu     a5, -43(sp)
core   0: 3 0x8000633c (0xfd514783) x15 0x00000000 mem 0x80013c89
core   0: 0x80006340 (0xfd514703) lbu     a4, -43(sp)
core   0: 3 0x80006340 (0xfd514703) x14 0x00000000 mem 0x80013c89
core   0: 0x80006344 (0xfc310aa3) sb      gp, -43(sp)
core   0: 3 0x80006344 (0xfc310aa3) mem 0x80013c89 0x0
core   0: 0x80006348 (0xfd514703) lbu     a4, -43(sp)
core   0: 3 0x80006348 (0xfd514703) x14 0x00000000 mem 0x80013c89
core   0: 0x8000634c (0xfcb10aa3) sb      a1, -43(sp)
core   0: 3 0x8000634c (0xfcb10aa3) mem 0x80013c89 0x0
core   0: 0x80006350 (0xfd510f83) lb      t6, -43(sp)
core   0: 3 0x80006350 (0xfd510f83) x31 0x00000000 mem 0x80013c89
core   0: 0x80006354 (0x45be6d93) ori     s11, t3, 1115
core   0: 3 0x80006354 (0x45be6d93) x27 0x0000045b
core   0: 0x80006358 (0xfd510803) lb      a6, -43(sp)
core   0: 3 0x80006358 (0xfd510803) x16 0x00000000 mem 0x80013c89
core   0: 0x8000635c (0xfd510803) lb      a6, -43(sp)
core   0: 3 0x8000635c (0xfd510803) x16 0x00000000 mem 0x80013c89
core   0: 0x80006360 (0xfd514403) lbu     s0, -43(sp)
core   0: 3 0x80006360 (0xfd514403) x 8 0x00000000 mem 0x80013c89
core   0: 0x80006364 (0xf9b10b83) lb      s7, -101(sp)
core   0: 3 0x80006364 (0xf9b10b83) x23 0x00000000 mem 0x80013c4f
core   0: 0x80006368 (0xfb011883) lh      a7, -80(sp)
core   0: 3 0x80006368 (0xfb011883) x17 0x00000000 mem 0x80013c64
core   0: 0x8000636c (0xf8414183) lbu     gp, -124(sp)
core   0: 3 0x8000636c (0xf8414183) x 3 0x00000000 mem 0x80013c38
core   0: 0x80006370 (0xf8b12223) sw      a1, -124(sp)
core   0: 3 0x80006370 (0xf8b12223) mem 0x80013c38 0x00000000
core   0: 0x80006374 (0x0000ee97) auipc   t4, 0xe
core   0: 3 0x80006374 (0x0000ee97) x29 0x80014374
core   0: 0x80006378 (0x859e8e93) addi    t4, t4, -1959
core   0: 3 0x80006378 (0x859e8e93) x29 0x80013bcd
core   0: 0x8000637c (0x0000de17) auipc   t3, 0xd
core   0: 3 0x8000637c (0x0000de17) x28 0x8001337c
core   0: 0x80006380 (0x724e0e13) addi    t3, t3, 1828
core   0: 3 0x80006380 (0x724e0e13) x28 0x80013aa0
core   0: 0x80006384 (0x033e0a03) lb      s4, 51(t3)
core   0: 3 0x80006384 (0x033e0a03) x20 0x00000000 mem 0x80013ad3
core   0: 0x80006388 (0x0000e717) auipc   a4, 0xe
core   0: 3 0x80006388 (0x0000e717) x14 0x80014388
core   0: 0x8000638c (0xb3970713) addi    a4, a4, -1223
core   0: 3 0x8000638c (0xb3970713) x14 0x80013ec1
core   0: 0x80006390 (0x0c9ec883) lbu     a7, 201(t4)
core   0: 3 0x80006390 (0x0c9ec883) x17 0x00000000 mem 0x80013c96
core   0: 0x80006394 (0xfc070d03) lb      s10, -64(a4)
core   0: 3 0x80006394 (0xfc070d03) x26 0x00000000 mem 0x80013e81
core   0: 0x80006398 (0x0000d097) auipc   ra, 0xd
core   0: 3 0x80006398 (0x0000d097) x 1 0x80013398
core   0: 0x8000639c (0xdbd08093) addi    ra, ra, -579
core   0: 3 0x8000639c (0xdbd08093) x 1 0x80013155
core   0: 0x800063a0 (0xf63e86a3) sb      gp, -147(t4)
core   0: 3 0x800063a0 (0xf63e86a3) mem 0x80013b3a 0x0
core   0: 0x800063a4 (0xfeee5603) lhu     a2, -18(t3)
core   0: 3 0x800063a4 (0xfeee5603) x12 0x00000000 mem 0x80013a8e
core   0: 0x800063a8 (0xff40cb83) lbu     s7, -12(ra)
core   0: 3 0x800063a8 (0xff40cb83) x23 0x00000000 mem 0x80013149
core   0: 0x800063ac (0xf3be8e23) sb      s11, -196(t4)
core   0: 3 0x800063ac (0xf3be8e23) mem 0x80013b09 0x5b
core   0: 0x800063b0 (0x0e070a23) sb      zero, 244(a4)
core   0: 3 0x800063b0 (0x0e070a23) mem 0x80013fb5 0x0
core   0: 0x800063b4 (0xff40c403) lbu     s0, -12(ra)
core   0: 3 0x800063b4 (0xff40c403) x 8 0x00000000 mem 0x80013149
core   0: 0x800063b8 (0x003e0203) lb      tp, 3(t3)
core   0: 3 0x800063b8 (0x003e0203) x 4 0x00000000 mem 0x80013aa3
core   0: 0x800063bc (0xff708c23) sb      s7, -8(ra)
core   0: 3 0x800063bc (0xff708c23) mem 0x8001314d 0x0
core   0: 0x800063c0 (0xff408f03) lb      t5, -12(ra)
core   0: 3 0x800063c0 (0xff408f03) x30 0x00000000 mem 0x80013149
core   0: 0x800063c4 (0xff5e01a3) sb      s5, -29(t3)
core   0: 3 0x800063c4 (0xff5e01a3) mem 0x80013a83 0x9
core   0: 0x800063c8 (0x01d715a3) sh      t4, 11(a4)
core   0: 3 0x800063c8 (0x01d715a3) mem 0x80013ecc 0x3bcd
core   0: 0x800063cc (0xffb0af83) lw      t6, -5(ra)
core   0: 3 0x800063cc (0xffb0af83) x31 0x00000000 mem 0x80013150
core   0: 0x800063d0 (0xf2fe8d03) lb      s10, -209(t4)
core   0: 3 0x800063d0 (0xf2fe8d03) x26 0x00000000 mem 0x80013afc
core   0: 0x800063d4 (0xff9ec003) lbu     zero, -7(t4)
core   0: 3 0x800063d4 (0xff9ec003) mem 0x80013bc6
core   0: 0x800063d8 (0xfd8e8d83) lb      s11, -40(t4)
core   0: 3 0x800063d8 (0xfd8e8d83) x27 0x00000000 mem 0x80013ba5
core   0: 0x800063dc (0x0d170603) lb      a2, 209(a4)
core   0: 3 0x800063dc (0x0d170603) x12 0x00000000 mem 0x80013f92
core   0: 0x800063e0 (0x00ce05a3) sb      a2, 11(t3)
core   0: 3 0x800063e0 (0x00ce05a3) mem 0x80013aab 0x0
core   0: 0x800063e4 (0xfe3e4c03) lbu     s8, -29(t3)
core   0: 3 0x800063e4 (0xfe3e4c03) x24 0x00000009 mem 0x80013a83
core   0: 0x800063e8 (0xfd3e4603) lbu     a2, -45(t3)
core   0: 3 0x800063e8 (0xfd3e4603) x12 0x00000000 mem 0x80013a73
core   0: 0x800063ec (0x0cee8783) lb      a5, 206(t4)
core   0: 3 0x800063ec (0x0cee8783) x15 0x00000000 mem 0x80013c9b
core   0: 0x800063f0 (0x0c7e8d23) sb      t2, 218(t4)
core   0: 3 0x800063f0 (0x0c7e8d23) mem 0x80013ca7 0x0
core   0: 0x800063f4 (0x0000c403) lbu     s0, 0(ra)
core   0: 3 0x800063f4 (0x0000c403) x 8 0x00000000 mem 0x80013155
core   0: 0x800063f8 (0xfc2e1523) sh      sp, -54(t3)
core   0: 3 0x800063f8 (0xfc2e1523) mem 0x80013a6a 0x3cb4
core   0: 0x800063fc (0x00574b83) lbu     s7, 5(a4)
core   0: 3 0x800063fc (0x00574b83) x23 0x00000000 mem 0x80013ec6
core   0: 0x80006400 (0x01970a23) sb      s9, 20(a4)
core   0: 3 0x80006400 (0x01970a23) mem 0x80013ed5 0x0
core   0: 0x80006404 (0x00170a03) lb      s4, 1(a4)
core   0: 3 0x80006404 (0x00170a03) x20 0x00000000 mem 0x80013ec2
core   0: 0x80006408 (0xfcee8683) lb      a3, -50(t4)
core   0: 3 0x80006408 (0xfcee8683) x13 0x00000000 mem 0x80013b9b
core   0: 0x8000640c (0xff50d683) lhu     a3, -11(ra)
core   0: 3 0x8000640c (0xff50d683) x13 0x00000000 mem 0x8001314a
core   0: 0x80006410 (0x00012f97) auipc   t6, 0x12
core   0: 3 0x80006410 (0x00012f97) x31 0x80018410
core   0: 0x80006414 (0x8cef8f93) addi    t6, t6, -1842
core   0: 3 0x80006414 (0x8cef8f93) x31 0x80017cde
core   0: 0x80006418 (0xfa7f8ca3) sb      t2, -71(t6)
core   0: 3 0x80006418 (0xfa7f8ca3) mem 0x80017c97 0x0
core   0: 0x8000641c (0x03afd583) lhu     a1, 58(t6)
core   0: 3 0x8000641c (0x03afd583) x11 0x00000000 mem 0x80017d18
core   0: 0x80006420 (0x0000de17) auipc   t3, 0xd
core   0: 3 0x80006420 (0x0000de17) x28 0x80013420
core   0: 0x80006424 (0x0cce0e13) addi    t3, t3, 204
core   0: 3 0x80006424 (0x0cce0e13) x28 0x800134ec
core   0: 0x80006428 (0xfc1f8c03) lb      s8, -63(t6)
core   0: 3 0x80006428 (0xfc1f8c03) x24 0x00000000 mem 0x80017c9f
core   0: 0x8000642c (0x57ae06a3) sb      s10, 1389(t3)
core   0: 3 0x8000642c (0x57ae06a3) mem 0x80013a59 0x0
core   0: 0x80006430 (0xfa9f9f23) sh      s1, -66(t6)
core   0: 3 0x80006430 (0xfa9f9f23) mem 0x80017c9c 0x8e64
core   0: 0x80006434 (0xcabe0a83) lb      s5, -853(t3)
core   0: 3 0x80006434 (0xcabe0a83) x21 0x00000000 mem 0x80013197
core   0: 0x80006438 (0xfccf9623) sh      a2, -52(t6)
core   0: 3 0x80006438 (0xfccf9623) mem 0x80017caa 0x0000
core   0: 0x8000643c (0xf1cf9b23) sh      t3, -234(t6)
core   0: 3 0x8000643c (0xf1cf9b23) mem 0x80017bf4 0x34ec
core   0: 0x80006440 (0x06ef8aa3) sb      a4, 117(t6)
core   0: 3 0x80006440 (0x06ef8aa3) mem 0x80017d53 0xc1
core   0: 0x80006444 (0x583e4883) lbu     a7, 1411(t3)
core   0: 3 0x80006444 (0x583e4883) x17 0x00000000 mem 0x80013a6f
core   0: 0x80006448 (0x744e2403) lw      s0, 1860(t3)
core   0: 3 0x80006448 (0x744e2403) x 8 0x00000000 mem 0x80013c30
core   0: 0x8000644c (0xf4df8723) sb      a3, -178(t6)
core   0: 3 0x8000644c (0xf4df8723) mem 0x80017c2c 0x0
core   0: 0x80006450 (0x623e0303) lb      t1, 1571(t3)
core   0: 3 0x80006450 (0x623e0303) x 6 0x00000000 mem 0x80013b0f
core   0: 0x80006454 (0xd0be0923) sb      a1, -750(t3)
core   0: 3 0x80006454 (0xd0be0923) mem 0x800131fe 0x0
core   0: 0x80006458 (0x038f88a3) sb      s8, 49(t6)
core   0: 3 0x80006458 (0x038f88a3) mem 0x80017d0f 0x0
core   0: 0x8000645c (0x603e4f03) lbu     t5, 1539(t3)
core   0: 3 0x8000645c (0x603e4f03) x30 0x000000ff mem 0x80013aef
core   0: 0x80006460 (0xc1de0803) lb      a6, -995(t3)
core   0: 3 0x80006460 (0xc1de0803) x16 0x00000000 mem 0x80013109
core   0: 0x80006464 (0x0aef8ca3) sb      a4, 185(t6)
core   0: 3 0x80006464 (0x0aef8ca3) mem 0x80017d97 0xc1
core   0: 0x80006468 (0xcfbe4103) lbu     sp, -773(t3)
core   0: 3 0x80006468 (0xcfbe4103) x 2 0x00000000 mem 0x800131e7
core   0: 0x8000646c (0x0000d117) auipc   sp, 0xd
core   0: 3 0x8000646c (0x0000d117) x 2 0x8001346c
core   0: 0x80006470 (0x17b10113) addi    sp, sp, 379
core   0: 3 0x80006470 (0x17b10113) x 2 0x800135e7
core   0: 0x80006474 (0x0ff0000f) fence   iorw,iorw
core   0: 3 0x80006474 (0x0ff0000f)
core   0: 0x80006478 (0xfed10923) sb      a3, -14(sp)
core   0: 3 0x80006478 (0xfed10923) mem 0x800135d9 0x0
core   0: 0x8000647c (0xff910923) sb      s9, -14(sp)
core   0: 3 0x8000647c (0xff910923) mem 0x800135d9 0x0
core   0: 0x80006480 (0x00008f31) c.xor   a4, a2
core   0: 3 0x80006480 (0x8f31) x14 0x80013ec1
core   0: 0x80006482 (0x00009af6) c.add   s5, t4
core   0: 3 0x80006482 (0x9af6) x21 0x80013bcd
core   0: 0x80006484 (0xffa10923) sb      s10, -14(sp)
core   0: 3 0x80006484 (0xffa10923) mem 0x800135d9 0x0
core   0: 0x80006488 (0xfe9109a3) sb      s1, -13(sp)
core   0: 3 0x80006488 (0xfe9109a3) mem 0x800135da 0x64
core   0: 0x8000648c (0xff311603) lh      a2, -13(sp)
core   0: 3 0x8000648c (0xff311603) x12 0x00000064 mem 0x800135da
core   0: 0x80006490 (0xff314e83) lbu     t4, -13(sp)
core   0: 3 0x80006490 (0xff314e83) x29 0x00000064 mem 0x800135da
core   0: 0x80006494 (0x00f10f83) lb      t6, 15(sp)
core   0: 3 0x80006494 (0x00f10f83) x31 0x00000000 mem 0x800135f6
core   0: 0x80006498 (0x004117a3) sh      tp, 15(sp)
core   0: 3 0x80006498 (0x004117a3) mem 0x800135f6 0x0000
core   0: 0x8000649c (0x013f7033) and     zero, t5, s3
core   0: 3 0x8000649c (0x013f7033)
core   0: 0x800064a0 (0x00f14983) lbu     s3, 15(sp)
core   0: 3 0x800064a0 (0x00f14983) x19 0x00000000 mem 0x800135f6
core   0: 0x800064a4 (0x00f11c83) lh      s9, 15(sp)
core   0: 3 0x800064a4 (0x00f11c83) x25 0x00000000 mem 0x800135f6
core   0: 0x800064a8 (0x00f14c83) lbu     s9, 15(sp)
core   0: 3 0x800064a8 (0x00f14c83) x25 0x00000000 mem 0x800135f6
core   0: 0x800064ac (0x00b107a3) sb      a1, 15(sp)
core   0: 3 0x800064ac (0x00b107a3) mem 0x800135f6 0x0
core   0: 0x800064b0 (0x006b71b3) and     gp, s6, t1
core   0: 3 0x800064b0 (0x006b71b3) x 3 0x00000000
core   0: 0x800064b4 (0x00f10b03) lb      s6, 15(sp)
core   0: 3 0x800064b4 (0x00f10b03) x22 0x00000000 mem 0x800135f6
core   0: 0x800064b8 (0x01b107a3) sb      s11, 15(sp)
core   0: 3 0x800064b8 (0x01b107a3) mem 0x800135f6 0x0
core   0: 0x800064bc (0x00f14803) lbu     a6, 15(sp)
core   0: 3 0x800064bc (0x00f14803) x16 0x00000000 mem 0x800135f6
core   0: 0x800064c0 (0x41505813) srai    a6, zero, 21
core   0: 3 0x800064c0 (0x41505813) x16 0x00000000
core   0: 0x800064c4 (0xff414203) lbu     tp, -12(sp)
core   0: 3 0x800064c4 (0xff414203) x 4 0x00000000 mem 0x800135db
core   0: 0x800064c8 (0x0000e117) auipc   sp, 0xe
core   0: 3 0x800064c8 (0x0000e117) x 2 0x800144c8
core   0: 0x800064cc (0x92f10113) addi    sp, sp, -1745
core   0: 3 0x800064cc (0x92f10113) x 2 0x80013df7
core   0: 0x800064d0 (0x09a10b23) sb      s10, 150(sp)
core   0: 3 0x800064d0 (0x09a10b23) mem 0x80013e8d 0x0
core   0: 0x800064d4 (0x00006c59) c.lui   s8, 0x16
core   0: 3 0x800064d4 (0x6c59) x24 0x00016000
core   0: 0x800064d6 (0x09710b23) sb      s7, 150(sp)
core   0: 3 0x800064d6 (0x09710b23) mem 0x80013e8d 0x0
core   0: 0x800064da (0x80e04013) xori    zero, zero, -2034
core   0: 3 0x800064da (0x80e04013)
core   0: 0x800064de (0x09614083) lbu     ra, 150(sp)
core   0: 3 0x800064de (0x09614083) x 1 0x00000000 mem 0x80013e8d
core   0: 0x800064e2 (0x00115003) lhu     zero, 1(sp)
core   0: 3 0x800064e2 (0x00115003) mem 0x80013df8
core   0: 0x800064e6 (0xfed10823) sb      a3, -16(sp)
core   0: 3 0x800064e6 (0xfed10823) mem 0x80013de7 0x0
core   0: 0x800064ea (0xff014f03) lbu     t5, -16(sp)
core   0: 3 0x800064ea (0xff014f03) x30 0x00000000 mem 0x80013de7
core   0: 0x800064ee (0x07b10b23) sb      s11, 118(sp)
core   0: 3 0x800064ee (0x07b10b23) mem 0x80013e6d 0x0
core   0: 0x800064f2 (0xf2d10aa3) sb      a3, -203(sp)
core   0: 3 0x800064f2 (0xf2d10aa3) mem 0x80013d2c 0x0
core   0: 0x800064f6 (0x00008f55) c.or    a4, a3
core   0: 3 0x800064f6 (0x8f55) x14 0x80013ec1
core   0: 0x800064f8 (0xf4912ea3) sw      s1, -163(sp)
core   0: 3 0x800064f8 (0xf4912ea3) mem 0x80013d54 0x80028e64
core   0: 0x800064fc (0xf5e12ea3) sw      t5, -163(sp)
core   0: 3 0x800064fc (0xf5e12ea3) mem 0x80013d54 0x00000000
core   0: 0x80006500 (0x00000001) c.nop
core   0: 3 0x80006500 (0x0001)
core   0: 0x80006502 (0x016ef2b3) and     t0, t4, s6
core   0: 3 0x80006502 (0x016ef2b3) x 5 0x00000000
core   0: 0x80006506 (0xf8b10703) lb      a4, -117(sp)
core   0: 3 0x80006506 (0xf8b10703) x14 0x00000000 mem 0x80013d82
core   0: 0x8000650a (0xf8f15303) lhu     t1, -113(sp)
core   0: 3 0x8000650a (0xf8f15303) x 6 0x00000000 mem 0x80013d86
core   0: 0x8000650e (0x02d081b3) mul     gp, ra, a3
core   0: 3 0x8000650e (0x02d081b3) x 3 0x00000000
core   0: 0x80006512 (0xf8b107a3) sb      a1, -113(sp)
core   0: 3 0x80006512 (0xf8b107a3) mem 0x80013d86 0x0
core   0: 0x80006516 (0xf8f14183) lbu     gp, -113(sp)
core   0: 3 0x80006516 (0xf8f14183) x 3 0x00000000 mem 0x80013d86
core   0: 0x8000651a (0x002f62b3) or      t0, t5, sp
core   0: 3 0x8000651a (0x002f62b3) x 5 0x80013df7
core   0: 0x8000651e (0xf0814183) lbu     gp, -248(sp)
core   0: 3 0x8000651e (0xf0814183) x 3 0x00000080 mem 0x80013cff
core   0: 0x80006522 (0xfa814b83) lbu     s7, -88(sp)
core   0: 3 0x80006522 (0xfa814b83) x23 0x00000000 mem 0x80013d9f
core   0: 0x80006526 (0x0000e117) auipc   sp, 0xe
core   0: 3 0x80006526 (0x0000e117) x 2 0x80014526
core   0: 0x8000652a (0x66d10113) addi    sp, sp, 1645
core   0: 3 0x8000652a (0x66d10113) x 2 0x80014b93
core   0: 0x8000652e (0xf6610b03) lb      s6, -154(sp)
core   0: 3 0x8000652e (0xf6610b03) x22 0x00000000 mem 0x80014af9
core   0: 0x80006532 (0x400b5cb3) sra     s9, s6, zero
core   0: 3 0x80006532 (0x400b5cb3) x25 0x00000000
core   0: 0x80006536 (0x40f3d713) srai    a4, t2, 15
core   0: 3 0x80006536 (0x40f3d713) x14 0x00000000
core   0: 0x8000653a (0x01d03cb3) snez    s9, t4
core   0: 3 0x8000653a (0x01d03cb3) x25 0x00000001
core   0: 0x8000653e (0x02507ab3) remu    s5, zero, t0
core   0: 3 0x8000653e (0x02507ab3) x21 0x00000000
core   0: 0x80006542 (0x00008f79) c.and   a4, a4
core   0: 3 0x80006542 (0x8f79) x14 0x00000000
core   0: 0x80006544 (0x05b14003) lbu     zero, 91(sp)
core   0: 3 0x80006544 (0x05b14003) mem 0x80014bee
core   0: 0x80006548 (0x0a714d03) lbu     s10, 167(sp)
core   0: 3 0x80006548 (0x0a714d03) x26 0x00000000 mem 0x80014c3a
core   0: 0x8000654c (0x366d20b7) lui     ra, 0x366d2
core   0: 3 0x8000654c (0x366d20b7) x 1 0x366d2000
core   0: 0x80006550 (0xff111803) lh      a6, -15(sp)
core   0: 3 0x80006550 (0xff111803) x16 0x00000000 mem 0x80014b84
core   0: 0x80006554 (0x40370cb3) sub     s9, a4, gp
core   0: 3 0x80006554 (0x40370cb3) x25 0xffffff80
core   0: 0x80006558 (0x07414983) lbu     s3, 116(sp)
core   0: 3 0x80006558 (0x07414983) x19 0x00000000 mem 0x80014c07
core   0: 0x8000655c (0x409f5c13) srai    s8, t5, 9
core   0: 3 0x8000655c (0x409f5c13) x24 0x00000000
core   0: 0x80006560 (0x07b10f23) sb      s11, 126(sp)
core   0: 3 0x80006560 (0x07b10f23) mem 0x80014c11 0x0
core   0: 0x80006564 (0xf9210403) lb      s0, -110(sp)
core   0: 3 0x80006564 (0xf9210403) x 8 0x00000000 mem 0x80014b25
core   0: 0x80006568 (0x07011fa3) sh      a6, 127(sp)
core   0: 3 0x80006568 (0x07011fa3) mem 0x80014c12 0x0000
core   0: 0x8000656c (0x0d810b03) lb      s6, 216(sp)
core   0: 3 0x8000656c (0x0d810b03) x22 0x00000000 mem 0x80014c6b
core   0: 0x80006570 (0xf8910183) lb      gp, -119(sp)
core   0: 3 0x80006570 (0xf8910183) x 3 0x00000000 mem 0x80014b1c
core   0: 0x80006574 (0x394e3f93) sltiu   t6, t3, 916
core   0: 3 0x80006574 (0x394e3f93) x31 0x00000000
core   0: 0x80006578 (0x00008305) c.srli  a4, 1
core   0: 3 0x80006578 (0x8305) x14 0x00000000
core   0: 0x8000657a (0x0390fbb3) remu    s7, ra, s9
core   0: 3 0x8000657a (0x0390fbb3) x23 0x366d2000
core   0: 0x8000657e (0x1d8e7b93) andi    s7, t3, 472
core   0: 3 0x8000657e (0x1d8e7b93) x23 0x000000c8
core   0: 0x80006582 (0x00008e05) c.sub   a2, s1
core   0: 3 0x80006582 (0x8e05) x12 0x7ffd7200
core   0: 0x80006584 (0x0fd12b03) lw      s6, 253(sp)
core   0: 3 0x80006584 (0x0fd12b03) x22 0x00000000 mem 0x80014c90
core   0: 0x80006588 (0x0b914b83) lbu     s7, 185(sp)
core   0: 3 0x80006588 (0x0b914b83) x23 0x00000000 mem 0x80014c4c
core   0: 0x8000658c (0x00119693) slli    a3, gp, 1
core   0: 3 0x8000658c (0x00119693) x13 0x00000000
core   0: 0x80006590 (0x00341a93) slli    s5, s0, 3
core   0: 3 0x80006590 (0x00341a93) x21 0x00000000
core   0: 0x80006594 (0x04510c83) lb      s9, 69(sp)
core   0: 3 0x80006594 (0x04510c83) x25 0x00000000 mem 0x80014bd8
core   0: 0x80006598 (0x00000001) c.nop
core   0: 3 0x80006598 (0x0001)
core   0: 0x8000659a (0x039c9db3) mulh    s11, s9, s9
core   0: 3 0x8000659a (0x039c9db3) x27 0x00000000
core   0: 0x8000659e (0xf7410f83) lb      t6, -140(sp)
core   0: 3 0x8000659e (0xf7410f83) x31 0x00000000 mem 0x80014b07
core   0: 0x800065a2 (0xf3e10183) lb      gp, -194(sp)
core   0: 3 0x800065a2 (0xf3e10183) x 3 0x00000000 mem 0x80014ad1
core   0: 0x800065a6 (0x00008e21) c.xor   a2, s0
core   0: 3 0x800065a6 (0x8e21) x12 0x7ffd7200
core   0: 0x800065a8 (0x493fbb13) sltiu   s6, t6, 1171
core   0: 3 0x800065a8 (0x493fbb13) x22 0x00000001
core   0: 0x800065ac (0x0b515d03) lhu     s10, 181(sp)
core   0: 3 0x800065ac (0x0b515d03) x26 0x00000000 mem 0x80014c48
core   0: 0x800065b0 (0x01511703) lh      a4, 21(sp)
core   0: 3 0x800065b0 (0x01511703) x14 0x00000000 mem 0x80014ba8
core   0: 0x800065b4 (0x0d510923) sb      s5, 210(sp)
core   0: 3 0x800065b4 (0x0d510923) mem 0x80014c65 0x0
core   0: 0x800065b8 (0x07337f93) andi    t6, t1, 115
core   0: 3 0x800065b8 (0x07337f93) x31 0x00000000
core   0: 0x800065bc (0x02711da3) sh      t2, 59(sp)
core   0: 3 0x800065bc (0x02711da3) mem 0x80014bce 0x0000
core   0: 0x800065c0 (0xf4614583) lbu     a1, -186(sp)
core   0: 3 0x800065c0 (0xf4614583) x11 0x00000000 mem 0x80014ad9
core   0: 0x800065c4 (0x00008fb1) c.xor   a5, a2
core   0: 3 0x800065c4 (0x8fb1) x15 0x7ffd7200
core   0: 0x800065c6 (0x08b10ea3) sb      a1, 157(sp)
core   0: 3 0x800065c6 (0x08b10ea3) mem 0x80014c30 0x0
core   0: 0x800065ca (0xf3210ca3) sb      s2, -199(sp)
core   0: 3 0x800065ca (0xf3210ca3) mem 0x80014acc 0xe4
core   0: 0x800065ce (0x08714f83) lbu     t6, 135(sp)
core   0: 3 0x800065ce (0x08714f83) x31 0x00000000 mem 0x80014c1a
core   0: 0x800065d2 (0x00008291) c.srli  a3, 4
core   0: 3 0x800065d2 (0x8291) x13 0x00000000
core   0: 0x800065d4 (0x010a2f33) slt     t5, s4, a6
core   0: 3 0x800065d4 (0x010a2f33) x30 0x00000000
core   0: 0x800065d8 (0x00008da9) c.xor   a1, a0
core   0: 3 0x800065d8 (0x8da9) x11 0xfd3e21da
core   0: 0x800065da (0xc3bc0413) addi    s0, s8, -965
core   0: 3 0x800065da (0xc3bc0413) x 8 0xfffffc3b
core   0: 0x800065de (0x00008621) c.srai  a2, 8
core   0: 3 0x800065de (0x8621) x12 0x007ffd72
core   0: 0x800065e0 (0x795c3297) auipc   t0, 0x795c3
core   0: 3 0x800065e0 (0x795c3297) x 5 0xf95c95e0
core   0: 0x800065e4 (0x00a10003) lb      zero, 10(sp)
core   0: 3 0x800065e4 (0x00a10003) mem 0x80014b9d
core   0: 0x800065e8 (0x00018117) auipc   sp, 0x18
core   0: 3 0x800065e8 (0x00018117) x 2 0x8001e5e8
core   0: 0x800065ec (0xacd10113) addi    sp, sp, -1331
core   0: 3 0x800065ec (0xacd10113) x 2 0x8001e0b5
core   0: 0x800065f0 (0xffe14383) lbu     t2, -2(sp)
core   0: 3 0x800065f0 (0xffe14383) x 7 0x00000000 mem 0x8001e0b3
core   0: 0x800065f4 (0x000089c1) c.andi  a1, 16
core   0: 3 0x800065f4 (0x89c1) x11 0x00000010
core   0: 0x800065f6 (0xff210fa3) sb      s2, -1(sp)
core   0: 3 0x800065f6 (0xff210fa3) mem 0x8001e0b4 0xe4
core   0: 0x800065fa (0x00210323) sb      sp, 6(sp)
core   0: 3 0x800065fa (0x00210323) mem 0x8001e0bb 0xb5
core   0: 0x800065fe (0x98584713) xori    a4, a6, -1659
core   0: 3 0x800065fe (0x98584713) x14 0xfffff985
core   0: 0x80006602 (0x000041dd) c.li    gp, 23
core   0: 3 0x80006602 (0x41dd) x 3 0x00000017
core   0: 0x80006604 (0x019220b3) slt     ra, tp, s9
core   0: 3 0x80006604 (0x019220b3) x 1 0x00000000
core   0: 0x80006608 (0xffe10a83) lb      s5, -2(sp)
core   0: 3 0x80006608 (0xffe10a83) x21 0x00000000 mem 0x8001e0b3
core   0: 0x8000660c (0xffc14583) lbu     a1, -4(sp)
core   0: 3 0x8000660c (0xffc14583) x11 0x00000000 mem 0x8001e0b1
core   0: 0x80006610 (0x00008da9) c.xor   a1, a0
core   0: 3 0x80006610 (0x8da9) x11 0xfd3e21da
core   0: 0x80006612 (0x0010e733) or      a4, ra, ra
core   0: 3 0x80006612 (0x0010e733) x14 0x00000000
core   0: 0x80006616 (0x00710823) sb      t2, 16(sp)
core   0: 3 0x80006616 (0x00710823) mem 0x8001e0c5 0x0
core   0: 0x8000661a (0xff210d83) lb      s11, -14(sp)
core   0: 3 0x8000661a (0xff210d83) x27 0x00000000 mem 0x8001e0a7
core   0: 0x8000661e (0x02590e33) mul     t3, s2, t0
core   0: 3 0x8000661e (0x02590e33) x28 0x09a3fb80
core   0: 0x80006622 (0x00814983) lbu     s3, 8(sp)
core   0: 3 0x80006622 (0x00814983) x19 0x00000000 mem 0x8001e0bd
core   0: 0x80006626 (0x0000635d) c.lui   t1, 0x17
core   0: 3 0x80006626 (0x635d) x 6 0x00017000
core   0: 0x80006628 (0xffb11403) lh      s0, -5(sp)
core   0: 3 0x80006628 (0xffb11403) x 8 0x00000000 mem 0x8001e0b0
core   0: 0x8000662c (0xffe10b23) sb      t5, -10(sp)
core   0: 3 0x8000662c (0xffe10b23) mem 0x8001e0ab 0x0
core   0: 0x80006630 (0xffb11a03) lh      s4, -5(sp)
core   0: 3 0x80006630 (0xffb11a03) x20 0x00000000 mem 0x8001e0b0
core   0: 0x80006634 (0x02020db3) mul     s11, tp, zero
core   0: 3 0x80006634 (0x02020db3) x27 0x00000000
core   0: 0x80006638 (0xfe410aa3) sb      tp, -11(sp)
core   0: 3 0x80006638 (0xfe410aa3) mem 0x8001e0aa 0x0
core   0: 0x8000663c (0xa57d8393) addi    t2, s11, -1449
core   0: 3 0x8000663c (0xa57d8393) x 7 0xfffffa57
core   0: 0x80006640 (0x00005d7d) c.li    s10, -1
core   0: 3 0x80006640 (0x5d7d) x26 0xffffffff
core   0: 0x80006642 (0xfea10e23) sb      a0, -4(sp)
core   0: 3 0x80006642 (0xfea10e23) mem 0x8001e0b1 0xda
core   0: 0x80006646 (0x00414383) lbu     t2, 4(sp)
core   0: 3 0x80006646 (0x00414383) x 7 0x00000000 mem 0x8001e0b9
core   0: 0x8000664a (0xffa10ea3) sb      s10, -3(sp)
core   0: 3 0x8000664a (0xffa10ea3) mem 0x8001e0b2 0xff
core   0: 0x8000664e (0x803f3693) sltiu   a3, t5, -2045
core   0: 3 0x8000664e (0x803f3693) x13 0x00000001
core   0: 0x80006652 (0x01a116a3) sh      s10, 13(sp)
core   0: 3 0x80006652 (0x01a116a3) mem 0x8001e0c2 0xffff
core   0: 0x80006656 (0x008316b3) sll     a3, t1, s0
core   0: 3 0x80006656 (0x008316b3) x13 0x00017000
core   0: 0x8000665a (0x00410223) sb      tp, 4(sp)
core   0: 3 0x8000665a (0x00410223) mem 0x8001e0b9 0x0
core   0: 0x8000665e (0x233cd197) auipc   gp, 0x233cd
core   0: 3 0x8000665e (0x233cd197) x 3 0xa33d365e
core   0: 0x80006662 (0x41a4dc33) sra     s8, s1, s10
core   0: 3 0x80006662 (0x41a4dc33) x24 0xffffffff
core   0: 0x80006666 (0x00b10083) lb      ra, 11(sp)
core   0: 3 0x80006666 (0x00b10083) x 1 0x00000000 mem 0x8001e0c0
core   0: 0x8000666a (0xada90693) addi    a3, s2, -1318
core   0: 3 0x8000666a (0xada90693) x13 0x8002c7be
core   0: 0x8000666e (0x00310e83) lb      t4, 3(sp)
core   0: 3 0x8000666e (0x00310e83) x29 0x00000000 mem 0x8001e0b8
core   0: 0x80006672 (0x01dac2b3) xor     t0, s5, t4
core   0: 3 0x80006672 (0x01dac2b3) x 5 0x00000000
core   0: 0x80006676 (0xff014003) lbu     zero, -16(sp)
core   0: 3 0x80006676 (0xff014003) mem 0x8001e0a5
core   0: 0x8000667a (0x00414583) lbu     a1, 4(sp)
core   0: 3 0x8000667a (0x00414583) x11 0x00000000 mem 0x8001e0b9
core   0: 0x8000667e (0x009d3b33) sltu    s6, s10, s1
core   0: 3 0x8000667e (0x009d3b33) x22 0x00000000
core   0: 0x80006682 (0x00008fad) c.xor   a5, a1
core   0: 3 0x80006682 (0x8fad) x15 0x7ffd7200
core   0: 0x80006684 (0x030a09b3) mul     s3, s4, a6
core   0: 3 0x80006684 (0x030a09b3) x19 0x00000000
core   0: 0x80006688 (0xfff10fa3) sb      t6, -1(sp)
core   0: 3 0x80006688 (0xfff10fa3) mem 0x8001e0b4 0x0
core   0: 0x8000668c (0x00013317) auipc   t1, 0x13
core   0: 3 0x8000668c (0x00013317) x 6 0x8001968c
core   0: 0x80006690 (0x28a30313) addi    t1, t1, 650
core   0: 3 0x80006690 (0x28a30313) x 6 0x80019916
core   0: 0x80006694 (0x00006ba9) c.lui   s7, 0xa
core   0: 3 0x80006694 (0x6ba9) x23 0x0000a000
core   0: 0x80006696 (0x000089a5) c.andi  a1, 9
core   0: 3 0x80006696 (0x89a5) x11 0x00000000
core   0: 0x80006698 (0x00000001) c.nop
core   0: 3 0x80006698 (0x0001)
core   0: 0x8000669a (0x027858b3) divu    a7, a6, t2
core   0: 3 0x8000669a (0x027858b3) x17 0xffffffff
core   0: 0x8000669e (0x0c531923) sh      t0, 210(t1)
core   0: 3 0x8000669e (0x0c531923) mem 0x800199e8 0x0000
core   0: 0x800066a2 (0x00009b52) c.add   s6, s4
core   0: 3 0x800066a2 (0x9b52) x22 0x00000000
core   0: 0x800066a4 (0x00000001) c.nop
core   0: 3 0x800066a4 (0x0001)
core   0: 0x800066a6 (0x8fc93d93) sltiu   s11, s2, -1796
core   0: 3 0x800066a6 (0x8fc93d93) x27 0x00000001
core   0: 0x800066aa (0xf7230003) lb      zero, -142(t1)
core   0: 3 0x800066aa (0xf7230003) mem 0x80019888
core   0: 0x800066ae (0x09030203) lb      tp, 144(t1)
core   0: 3 0x800066ae (0x09030203) x 4 0x00000000 mem 0x800199a6
core   0: 0x800066b2 (0x0329f033) remu    zero, s3, s2
core   0: 3 0x800066b2 (0x0329f033)
core   0: 0x800066b6 (0x0ba30383) lb      t2, 186(t1)
core   0: 3 0x800066b6 (0x0ba30383) x 7 0x00000000 mem 0x800199d0
core   0: 0x800066ba (0xfce31123) sh      a4, -62(t1)
core   0: 3 0x800066ba (0xfce31123) mem 0x800198d8 0x0000
core   0: 0x800066be (0x41f350b3) sra     ra, t1, t6
core   0: 3 0x800066be (0x41f350b3) x 1 0x80019916
core   0: 0x800066c2 (0xfed30703) lb      a4, -19(t1)
core   0: 3 0x800066c2 (0xfed30703) x14 0x00000000 mem 0x80019903
core   0: 0x800066c6 (0xf1d32323) sw      t4, -250(t1)
core   0: 3 0x800066c6 (0xf1d32323) mem 0x8001981c 0x00000000
core   0: 0x800066ca (0x01786833) or      a6, a6, s7
core   0: 3 0x800066ca (0x01786833) x16 0x0000a000
core   0: 0x800066ce (0x00008f75) c.and   a4, a3
core   0: 3 0x800066ce (0x8f75) x14 0x00000000
core   0: 0x800066d0 (0x01234283) lbu     t0, 18(t1)
core   0: 3 0x800066d0 (0x01234283) x 5 0x00000000 mem 0x80019928
core   0: 0x800066d4 (0x004cbcb3) sltu    s9, s9, tp
core   0: 3 0x800066d4 (0x004cbcb3) x25 0x00000000
core   0: 0x800066d8 (0xfd334383) lbu     t2, -45(t1)
core   0: 3 0x800066d8 (0xfd334383) x 7 0x00000000 mem 0x800198e9
core   0: 0x800066dc (0x0f0300a3) sb      a6, 225(t1)
core   0: 3 0x800066dc (0x0f0300a3) mem 0x800199f7 0x0
core   0: 0x800066e0 (0x00008275) c.srli  a2, 29
core   0: 3 0x800066e0 (0x8275) x12 0x00000000
core   0: 0x800066e2 (0x01ec75b3) and     a1, s8, t5
core   0: 3 0x800066e2 (0x01ec75b3) x11 0x00000000
core   0: 0x800066e6 (0x01fee5b3) or      a1, t4, t6
core   0: 3 0x800066e6 (0x01fee5b3) x11 0x00000000
core   0: 0x800066ea (0x6cfa0fb7) lui     t6, 0x6cfa0
core   0: 3 0x800066ea (0x6cfa0fb7) x31 0x6cfa0000
core   0: 0x800066ee (0xfa430ba3) sb      tp, -73(t1)
core   0: 3 0x800066ee (0xfa430ba3) mem 0x800198cd 0x0
core   0: 0x800066f2 (0x0de35803) lhu     a6, 222(t1)
core   0: 3 0x800066f2 (0x0de35803) x16 0x00000000 mem 0x800199f4
core   0: 0x800066f6 (0x85daf113) andi    sp, s5, -1955
core   0: 3 0x800066f6 (0x85daf113) x 2 0x00000000
core   0: 0x800066fa (0xf7f301a3) sb      t6, -157(t1)
core   0: 3 0x800066fa (0xf7f301a3) mem 0x80019879 0x0
core   0: 0x800066fe (0x02b34f83) lbu     t6, 43(t1)
core   0: 3 0x800066fe (0x02b34f83) x31 0x00000000 mem 0x80019941
core   0: 0x80006702 (0x06930d03) lb      s10, 105(t1)
core   0: 3 0x80006702 (0x06930d03) x26 0x00000000 mem 0x8001997f
core   0: 0x80006706 (0x02f990b3) mulh    ra, s3, a5
core   0: 3 0x80006706 (0x02f990b3) x 1 0x00000000
core   0: 0x8000670a (0x00008fe5) c.and   a5, s1
core   0: 3 0x8000670a (0x8fe5) x15 0x00000200
core   0: 0x8000670c (0xfd530f03) lb      t5, -43(t1)
core   0: 3 0x8000670c (0xfd530f03) x30 0x00000000 mem 0x800198eb
core   0: 0x80006710 (0x0000042a) c.slli  s0, 10
core   0: 3 0x80006710 (0x042a) x 8 0x00000000
core   0: 0x80006712 (0x01532723) sw      s5, 14(t1)
core   0: 3 0x80006712 (0x01532723) mem 0x80019924 0x00000000
core   0: 0x80006716 (0x403e5793) srai    a5, t3, 3
core   0: 3 0x80006716 (0x403e5793) x15 0x01347f70
core   0: 0x8000671a (0x08e32583) lw      a1, 142(t1)
core   0: 3 0x8000671a (0x08e32583) x11 0x00000000 mem 0x800199a4
core   0: 0x8000671e (0xf6a34c03) lbu     s8, -150(t1)
core   0: 3 0x8000671e (0xf6a34c03) x24 0x00000000 mem 0x80019880
core   0: 0x80006722 (0x00008e7d) c.and   a2, a5
core   0: 3 0x80006722 (0x8e7d) x12 0x00000000
core   0: 0x80006724 (0xf7c34a03) lbu     s4, -132(t1)
core   0: 3 0x80006724 (0xf7c34a03) x20 0x00000000 mem 0x80019892
core   0: 0x80006728 (0x03234183) lbu     gp, 50(t1)
core   0: 3 0x80006728 (0x03234183) x 3 0x00000000 mem 0x80019948
core   0: 0x8000672c (0x0b130aa3) sb      a7, 181(t1)
core   0: 3 0x8000672c (0x0b130aa3) mem 0x800199cb 0xff
core   0: 0x80006730 (0x00830e83) lb      t4, 8(t1)
core   0: 3 0x80006730 (0x00830e83) x29 0x00000000 mem 0x8001991e
core   0: 0x80006734 (0x00f9d213) srli    tp, s3, 15
core   0: 3 0x80006734 (0x00f9d213) x 4 0x00000000
core   0: 0x80006738 (0x03f30083) lb      ra, 63(t1)
core   0: 3 0x80006738 (0x03f30083) x 1 0x00000000 mem 0x80019955
core   0: 0x8000673c (0x0001b117) auipc   sp, 0x1b
core   0: 3 0x8000673c (0x0001b117) x 2 0x8002173c
core   0: 0x80006740 (0x11610113) addi    sp, sp, 278
core   0: 3 0x80006740 (0x11610113) x 2 0x80021852
core   0: 0x80006744 (0x022b5233) divu    tp, s6, sp
core   0: 3 0x80006744 (0x022b5233) x 4 0x00000000
core   0: 0x80006748 (0xfd910a83) lb      s5, -39(sp)
core   0: 3 0x80006748 (0xfd910a83) x21 0x00000000 mem 0x8002182b
core   0: 0x8000674c (0x01d4db13) srli    s6, s1, 29
core   0: 3 0x8000674c (0x01d4db13) x22 0x00000004
core   0: 0x80006750 (0xfdc15583) lhu     a1, -36(sp)
core   0: 3 0x80006750 (0xfdc15583) x11 0x00000000 mem 0x8002182e
core   0: 0x80006754 (0x070104a3) sb      a6, 105(sp)
core   0: 3 0x80006754 (0x070104a3) mem 0x800218bb 0x0
core   0: 0x80006758 (0x00520cb3) add     s9, tp, t0
core   0: 3 0x80006758 (0x00520cb3) x25 0x00000000
core   0: 0x8000675c (0x00008e51) c.or    a2, a2
core   0: 3 0x8000675c (0x8e51) x12 0x00000000
core   0: 0x8000675e (0x01a281b3) add     gp, t0, s10
core   0: 3 0x8000675e (0x01a281b3) x 3 0x00000000
core   0: 0x80006762 (0xf6414283) lbu     t0, -156(sp)
core   0: 3 0x80006762 (0xf6414283) x 5 0x00000000 mem 0x800217b6
core   0: 0x80006766 (0x00006bc5) c.lui   s7, 0x11
core   0: 3 0x80006766 (0x6bc5) x23 0x00011000
core   0: 0x80006768 (0x4e612c93) slti    s9, sp, 1254
core   0: 3 0x80006768 (0x4e612c93) x25 0x00000001
core   0: 0x8000676c (0x923a3db7) lui     s11, 0x923a3
core   0: 3 0x8000676c (0x923a3db7) x27 0x923a3000
core   0: 0x80006770 (0x001b3d33) sltu    s10, s6, ra
core   0: 3 0x80006770 (0x001b3d33) x26 0x00000000
core   0: 0x80006774 (0x0ad14883) lbu     a7, 173(sp)
core   0: 3 0x80006774 (0x0ad14883) x17 0x00000000 mem 0x800218ff
core   0: 0x80006778 (0x09914f83) lbu     t6, 153(sp)
core   0: 3 0x80006778 (0x09914f83) x31 0x00000000 mem 0x800218eb
core   0: 0x8000677c (0x00008c39) c.xor   s0, a4
core   0: 3 0x8000677c (0x8c39) x 8 0x00000000
core   0: 0x8000677e (0x0a510a23) sb      t0, 180(sp)
core   0: 3 0x8000677e (0x0a510a23) mem 0x80021906 0x0
core   0: 0x80006782 (0x00008af9) c.andi  a3, 30
core   0: 3 0x80006782 (0x8af9) x13 0x0000001e
core   0: 0x80006784 (0xf5d10f83) lb      t6, -163(sp)
core   0: 3 0x80006784 (0xf5d10f83) x31 0x00000000 mem 0x800217af
core   0: 0x80006788 (0xf5d14e03) lbu     t3, -163(sp)
core   0: 3 0x80006788 (0xf5d14e03) x28 0x00000000 mem 0x800217af
core   0: 0x8000678c (0x41b90033) sub     zero, s2, s11
core   0: 3 0x8000678c (0x41b90033)
core   0: 0x80006790 (0xffd14303) lbu     t1, -3(sp)
core   0: 3 0x80006790 (0xffd14303) x 6 0x00000000 mem 0x8002184f
core   0: 0x80006794 (0x0001bb97) auipc   s7, 0x1b
core   0: 3 0x80006794 (0x0001bb97) x23 0x80021794
core   0: 0x80006798 (0x585b8b93) addi    s7, s7, 1413
core   0: 3 0x80006798 (0x585b8b93) x23 0x80021d19
core   0: 0x8000679c (0x0000d397) auipc   t2, 0xd
core   0: 3 0x8000679c (0x0000d397) x 7 0x8001379c
core   0: 0x800067a0 (0x60838393) addi    t2, t2, 1544
core   0: 3 0x800067a0 (0x60838393) x 7 0x80013da4
core   0: 0x800067a4 (0xf07baf03) lw      t5, -249(s7)
core   0: 3 0x800067a4 (0xf07baf03) x30 0x00000000 mem 0x80021c20
core   0: 0x800067a8 (0x0c1b9d83) lh      s11, 193(s7)
core   0: 3 0x800067a8 (0x0c1b9d83) x27 0x00000000 mem 0x80021dda
core   0: 0x800067ac (0x00a383a3) sb      a0, 7(t2)
core   0: 3 0x800067ac (0x00a383a3) mem 0x80013dab 0xda
core   0: 0x800067b0 (0x03fba7a3) sw      t6, 47(s7)
core   0: 3 0x800067b0 (0x03fba7a3) mem 0x80021d48 0x00000000
core   0: 0x800067b4 (0x00239423) sh      sp, 8(t2)
core   0: 3 0x800067b4 (0x00239423) mem 0x80013dac 0x1852
core   0: 0x800067b8 (0x011386a3) sb      a7, 13(t2)
core   0: 3 0x800067b8 (0x011386a3) mem 0x80013db1 0x0
core   0: 0x800067bc (0x08bb8923) sb      a1, 146(s7)
core   0: 3 0x800067bc (0x08bb8923) mem 0x80021dab 0x0
core   0: 0x800067c0 (0xfb6b8603) lb      a2, -74(s7)
core   0: 3 0x800067c0 (0xfb6b8603) x12 0x00000000 mem 0x80021ccf
core   0: 0x800067c4 (0x096bcb03) lbu     s6, 150(s7)
core   0: 3 0x800067c4 (0x096bcb03) x22 0x00000000 mem 0x80021daf
core   0: 0x800067c8 (0xfe1b8683) lb      a3, -31(s7)
core   0: 3 0x800067c8 (0xfe1b8683) x13 0x00000000 mem 0x80021cfa
core   0: 0x800067cc (0xfff38d83) lb      s11, -1(t2)
core   0: 3 0x800067cc (0xfff38d83) x27 0x00000000 mem 0x80013da3
core   0: 0x800067d0 (0xfef388a3) sb      a5, -15(t2)
core   0: 3 0x800067d0 (0xfef388a3) mem 0x80013d95 0x70
core   0: 0x800067d4 (0x00239c83) lh      s9, 2(t2)
core   0: 3 0x800067d4 (0x00239c83) x25 0x00000000 mem 0x80013da6
core   0: 0x800067d8 (0xfcebcf03) lbu     t5, -50(s7)
core   0: 3 0x800067d8 (0xfcebcf03) x30 0x00000000 mem 0x80021ce7
core   0: 0x800067dc (0xfefb8d23) sb      a5, -6(s7)
core   0: 3 0x800067dc (0xfefb8d23) mem 0x80021d13 0x70
core   0: 0x800067e0 (0xff439583) lh      a1, -12(t2)
core   0: 3 0x800067e0 (0xff439583) x11 0x00000000 mem 0x80013d98
core   0: 0x800067e4 (0x00838f03) lb      t5, 8(t2)
core   0: 3 0x800067e4 (0x00838f03) x30 0x00000052 mem 0x80013dac
core   0: 0x800067e8 (0x0000db97) auipc   s7, 0xd
core   0: 3 0x800067e8 (0x0000db97) x23 0x800137e8
core   0: 0x800067ec (0xa2cb8b93) addi    s7, s7, -1492
core   0: 3 0x800067ec (0xa2cb8b93) x23 0x80013214
core   0: 0x800067f0 (0x0346f6b3) remu    a3, a3, s4
core   0: 3 0x800067f0 (0x0346f6b3) x13 0x00000000
core   0: 0x800067f4 (0x0297cd33) div     s10, a5, s1
core   0: 3 0x800067f4 (0x0297cd33) x26 0x00000000
core   0: 0x800067f8 (0x40985113) srai    sp, a6, 9
core   0: 3 0x800067f8 (0x40985113) x 2 0x00000000
core   0: 0x800067fc (0xfccb86a3) sb      a2, -51(s7)
core   0: 3 0x800067fc (0xfccb86a3) mem 0x800131e1 0x0
core   0: 0x80006800 (0x000060fd) c.lui   ra, 0x1f
core   0: 3 0x80006800 (0x60fd) x 1 0x0001f000
core   0: 0x80006802 (0x16c6e813) ori     a6, a3, 364
core   0: 3 0x80006802 (0x16c6e813) x16 0x0000016c
core   0: 0x80006806 (0x09abc783) lbu     a5, 154(s7)
core   0: 3 0x80006806 (0x09abc783) x15 0x00000000 mem 0x800132ae
core   0: 0x8000680a (0x053bc203) lbu     tp, 83(s7)
core   0: 3 0x8000680a (0x053bc203) x 4 0x00000000 mem 0x80013267
core   0: 0x8000680e (0xf2bb82a3) sb      a1, -219(s7)
core   0: 3 0x8000680e (0xf2bb82a3) mem 0x80013139 0x0
core   0: 0x80006812 (0x04fbc803) lbu     a6, 79(s7)
core   0: 3 0x80006812 (0x04fbc803) x16 0x00000000 mem 0x80013263
core   0: 0x80006816 (0x089b8603) lb      a2, 137(s7)
core   0: 3 0x80006816 (0x089b8603) x12 0x00000000 mem 0x8001329d
core   0: 0x8000681a (0x01709193) slli    gp, ra, 23
core   0: 3 0x8000681a (0x01709193) x 3 0x00000000
core   0: 0x8000681e (0x0febc603) lbu     a2, 254(s7)
core   0: 3 0x8000681e (0x0febc603) x12 0x00000000 mem 0x80013312
core   0: 0x80006822 (0x0fbbcd03) lbu     s10, 251(s7)
core   0: 3 0x80006822 (0x0fbbcd03) x26 0x00000000 mem 0x8001330f
core   0: 0x80006826 (0x00008c61) c.and   s0, s0
core   0: 3 0x80006826 (0x8c61) x 8 0x00000000
core   0: 0x80006828 (0x03ee0ab3) mul     s5, t3, t5
core   0: 3 0x80006828 (0x03ee0ab3) x21 0x00000000
core   0: 0x8000682c (0x0294bb33) mulhu   s6, s1, s1
core   0: 3 0x8000682c (0x0294bb33) x22 0x40028e6a
core   0: 0x80006830 (0xfe3bcb03) lbu     s6, -29(s7)
core   0: 3 0x80006830 (0xfe3bcb03) x22 0x00000000 mem 0x800131f7
core   0: 0x80006834 (0x00000001) c.nop
core   0: 3 0x80006834 (0x0001)
core   0: 0x80006836 (0x006a9693) slli    a3, s5, 6
core   0: 3 0x80006836 (0x006a9693) x13 0x00000000
core   0: 0x8000683a (0xf1cb82a3) sb      t3, -251(s7)
core   0: 3 0x8000683a (0xf1cb82a3) mem 0x80013119 0x0
core   0: 0x8000683e (0x03839633) mulh    a2, t2, s8
core   0: 3 0x8000683e (0x03839633) x12 0x00000000
core   0: 0x80006842 (0x002b8433) add     s0, s7, sp
core   0: 3 0x80006842 (0x002b8433) x 8 0x80013214
core   0: 0x80006846 (0xf8d8eb13) ori     s6, a7, -115
core   0: 3 0x80006846 (0xf8d8eb13) x22 0xffffff8d
core   0: 0x8000684a (0x00008e95) c.sub   a3, a3
core   0: 3 0x8000684a (0x8e95) x13 0x00000000
core   0: 0x8000684c (0x00fb39b3) sltu    s3, s6, a5
core   0: 3 0x8000684c (0x00fb39b3) x19 0x00000000
core   0: 0x80006850 (0xf41b9923) sh      ra, -174(s7)
core   0: 3 0x80006850 (0xf41b9923) mem 0x80013166 0xf000
core   0: 0x80006854 (0xf8fb8c03) lb      s8, -113(s7)
core   0: 3 0x80006854 (0xf8fb8c03) x24 0x00000000 mem 0x800131a3
core   0: 0x80006858 (0x020d05b3) mul     a1, s10, zero
core   0: 3 0x80006858 (0x020d05b3) x11 0x00000000
core   0: 0x8000685c (0xfc0b8b23) sb      zero, -42(s7)
core   0: 3 0x8000685c (0xfc0b8b23) mem 0x800131ea 0x0
core   0: 0x80006860 (0xf2cbda03) lhu     s4, -212(s7)
core   0: 3 0x80006860 (0xf2cbda03) x20 0x00000000 mem 0x80013140
core   0: 0x80006864 (0x41a759b3) sra     s3, a4, s10
core   0: 3 0x80006864 (0x41a759b3) x19 0x00000000
core   0: 0x80006868 (0xfe9b80a3) sb      s1, -31(s7)
core   0: 3 0x80006868 (0xfe9b80a3) mem 0x800131f5 0x64
core   0: 0x8000686c (0xf00b8da3) sb      zero, -229(s7)
core   0: 3 0x8000686c (0xf00b8da3) mem 0x8001312f 0x0
core   0: 0x80006870 (0x0000d117) auipc   sp, 0xd
core   0: 3 0x80006870 (0x0000d117) x 2 0x80013870
core   0: 0x80006874 (0xe4b10113) addi    sp, sp, -437
core   0: 3 0x80006874 (0xe4b10113) x 2 0x800136bb
core   0: 0x80006878 (0xff310783) lb      a5, -13(sp)
core   0: 3 0x80006878 (0xff310783) x15 0x00000000 mem 0x800136ae
core   0: 0x8000687c (0xff915c03) lhu     s8, -7(sp)
core   0: 3 0x8000687c (0xff915c03) x24 0x00000000 mem 0x800136b4
core   0: 0x80006880 (0xff115f83) lhu     t6, -15(sp)
core   0: 3 0x80006880 (0xff115f83) x31 0x00000000 mem 0x800136ac
core   0: 0x80006884 (0x000dd0b3) srl     ra, s11, zero
core   0: 3 0x80006884 (0x000dd0b3) x 1 0x00000000
core   0: 0x80006888 (0x00a10783) lb      a5, 10(sp)
core   0: 3 0x80006888 (0x00a10783) x15 0x00000000 mem 0x800136c5
core   0: 0x8000688c (0x003102a3) sb      gp, 5(sp)
core   0: 3 0x8000688c (0x003102a3) mem 0x800136c0 0x0
core   0: 0x80006890 (0x03fc68b3) rem     a7, s8, t6
core   0: 3 0x80006890 (0x03fc68b3) x17 0x00000000
core   0: 0x80006894 (0x01910423) sb      s9, 8(sp)
core   0: 3 0x80006894 (0x01910423) mem 0x800136c3 0x0
core   0: 0x80006898 (0x00008ec5) c.or    a3, s1
core   0: 3 0x80006898 (0x8ec5) x13 0x80028e64
core   0: 0x8000689a (0x00510e03) lb      t3, 5(sp)
core   0: 3 0x8000689a (0x00510e03) x28 0x00000000 mem 0x800136c0
core   0: 0x8000689e (0x00114983) lbu     s3, 1(sp)
core   0: 3 0x8000689e (0x00114983) x19 0x00000000 mem 0x800136bc
core   0: 0x800068a2 (0x00a14e83) lbu     t4, 10(sp)
core   0: 3 0x800068a2 (0x00a14e83) x29 0x00000000 mem 0x800136c5
core   0: 0x800068a6 (0x00914883) lbu     a7, 9(sp)
core   0: 3 0x800068a6 (0x00914883) x17 0x00000000 mem 0x800136c4
core   0: 0x800068aa (0x00008e81) c.sub   a3, s0
core   0: 3 0x800068aa (0x8e81) x13 0x00015c50
core   0: 0x800068ac (0x01406433) or      s0, zero, s4
core   0: 3 0x800068ac (0x01406433) x 8 0x00000000
core   0: 0x800068b0 (0xff110583) lb      a1, -15(sp)
core   0: 3 0x800068b0 (0xff110583) x11 0x00000000 mem 0x800136ac
core   0: 0x800068b4 (0x252a6c93) ori     s9, s4, 594
core   0: 3 0x800068b4 (0x252a6c93) x25 0x00000252
core   0: 0x800068b8 (0x00115a83) lhu     s5, 1(sp)
core   0: 3 0x800068b8 (0x00115a83) x21 0x00000000 mem 0x800136bc
core   0: 0x800068bc (0xf58c0693) addi    a3, s8, -168
core   0: 3 0x800068bc (0xf58c0693) x13 0xffffff58
core   0: 0x800068c0 (0xfe3119a3) sh      gp, -13(sp)
core   0: 3 0x800068c0 (0xfe3119a3) mem 0x800136ae 0x0000
core   0: 0x800068c4 (0x01910323) sb      s9, 6(sp)
core   0: 3 0x800068c4 (0x01910323) mem 0x800136c1 0x52
core   0: 0x800068c8 (0xff614983) lbu     s3, -10(sp)
core   0: 3 0x800068c8 (0xff614983) x19 0x00000000 mem 0x800136b1
core   0: 0x800068cc (0x00410603) lb      a2, 4(sp)
core   0: 3 0x800068cc (0x00410603) x12 0x00000000 mem 0x800136bf
core   0: 0x800068d0 (0x4146de33) sra     t3, a3, s4
core   0: 3 0x800068d0 (0x4146de33) x28 0xffffff58
core   0: 0x800068d4 (0x00a14a03) lbu     s4, 10(sp)
core   0: 3 0x800068d4 (0x00a14a03) x20 0x00000000 mem 0x800136c5
core   0: 0x800068d8 (0x00e10123) sb      a4, 2(sp)
core   0: 3 0x800068d8 (0x00e10123) mem 0x800136bd 0x0
core   0: 0x800068dc (0x00255c13) srli    s8, a0, 2
core   0: 3 0x800068dc (0x00255c13) x24 0x3f4f8876
core   0: 0x800068e0 (0x01014603) lbu     a2, 16(sp)
core   0: 3 0x800068e0 (0x01014603) x12 0x00000000 mem 0x800136cb
core   0: 0x800068e4 (0x011112a3) sh      a7, 5(sp)
core   0: 3 0x800068e4 (0x011112a3) mem 0x800136c0 0x0000
core   0: 0x800068e8 (0x00014083) lbu     ra, 0(sp)
core   0: 3 0x800068e8 (0x00014083) x 1 0x00000000 mem 0x800136bb
core   0: 0x800068ec (0xff512c03) lw      s8, -11(sp)
core   0: 3 0x800068ec (0xff512c03) x24 0x00000000 mem 0x800136b0
core   0: 0x800068f0 (0x019124a3) sw      s9, 9(sp)
core   0: 3 0x800068f0 (0x019124a3) mem 0x800136c4 0x00000252
core   0: 0x800068f4 (0x02143633) mulhu   a2, s0, ra
core   0: 3 0x800068f4 (0x02143633) x12 0x00000000
core   0: 0x800068f8 (0x01010a83) lb      s5, 16(sp)
core   0: 3 0x800068f8 (0x01010a83) x21 0x00000000 mem 0x800136cb
core   0: 0x800068fc (0x00512e03) lw      t3, 5(sp)
core   0: 3 0x800068fc (0x00512e03) x28 0x00000000 mem 0x800136c0
core   0: 0x80006900 (0x00c124a3) sw      a2, 9(sp)
core   0: 3 0x80006900 (0x00c124a3) mem 0x800136c4 0x00000000
core   0: 0x80006904 (0xff010683) lb      a3, -16(sp)
core   0: 3 0x80006904 (0xff010683) x13 0x00000000 mem 0x800136ab
core   0: 0x80006908 (0x0000d117) auipc   sp, 0xd
core   0: 3 0x80006908 (0x0000d117) x 2 0x80013908
core   0: 0x8000690c (0x04110113) addi    sp, sp, 65
core   0: 3 0x8000690c (0x04110113) x 2 0x80013949
core   0: 0x80006910 (0x034887b3) mul     a5, a7, s4
core   0: 3 0x80006910 (0x034887b3) x15 0x00000000
core   0: 0x80006914 (0x005768b3) or      a7, a4, t0
core   0: 3 0x80006914 (0x005768b3) x17 0x00000000
core   0: 0x80006918 (0x0273adb3) mulhsu  s11, t2, t2
core   0: 3 0x80006918 (0x0273adb3) x27 0xc0000001
core   0: 0x8000691c (0x00008eb1) c.xor   a3, a2
core   0: 3 0x8000691c (0x8eb1) x13 0x00000000
core   0: 0x8000691e (0x02c3bd33) mulhu   s10, t2, a2
core   0: 3 0x8000691e (0x02c3bd33) x26 0x00000000
core   0: 0x80006922 (0x18b14283) lbu     t0, 395(sp)
core   0: 3 0x80006922 (0x18b14283) x 5 0x00000000 mem 0x80013ad4
core   0: 0x80006926 (0xcaa63593) sltiu   a1, a2, -854
core   0: 3 0x80006926 (0xcaa63593) x11 0x00000001
core   0: 0x8000692a (0x654efb13) andi    s6, t4, 1620
core   0: 3 0x8000692a (0x654efb13) x22 0x00000000
core   0: 0x8000692e (0x9b454a13) xori    s4, a0, -1612
core   0: 3 0x8000692e (0x9b454a13) x20 0x02c1d86e
core   0: 0x80006932 (0x00c353b3) srl     t2, t1, a2
core   0: 3 0x80006932 (0x00c353b3) x 7 0x00000000
core   0: 0x80006936 (0x009700b3) add     ra, a4, s1
core   0: 3 0x80006936 (0x009700b3) x 1 0x80028e64
core   0: 0x8000693a (0xd50110a3) sh      a6, -703(sp)
core   0: 3 0x8000693a (0xd50110a3) mem 0x8001368a 0x0000
core   0: 0x8000693e (0x188fb313) sltiu   t1, t6, 392
core   0: 3 0x8000693e (0x188fb313) x 6 0x00000001
core   0: 0x80006942 (0x1ca14f83) lbu     t6, 458(sp)
core   0: 3 0x80006942 (0x1ca14f83) x31 0x00000000 mem 0x80013b13
core   0: 0x80006946 (0x2c630713) addi    a4, t1, 710
core   0: 3 0x80006946 (0x2c630713) x14 0x000002c7
core   0: 0x8000694a (0x0371efb3) rem     t6, gp, s7
core   0: 3 0x8000694a (0x0371efb3) x31 0x00000000
core   0: 0x8000694e (0x5d214303) lbu     t1, 1490(sp)
core   0: 3 0x8000694e (0x5d214303) x 6 0x00000000 mem 0x80013f1b
core   0: 0x80006952 (0x019e5433) srl     s0, t3, s9
core   0: 3 0x80006952 (0x019e5433) x 8 0x00000000
core   0: 0x80006956 (0x00c659b3) srl     s3, a2, a2
core   0: 3 0x80006956 (0x00c659b3) x19 0x00000000
core   0: 0x8000695a (0x002d1193) slli    gp, s10, 2
core   0: 3 0x8000695a (0x002d1193) x 3 0x00000000
core   0: 0x8000695e (0xc8c14f03) lbu     t5, -884(sp)
core   0: 3 0x8000695e (0xc8c14f03) x30 0x00000000 mem 0x800135d5
core   0: 0x80006962 (0x04b4c313) xori    t1, s1, 75
core   0: 3 0x80006962 (0x04b4c313) x 6 0x80028e2f
core   0: 0x80006966 (0x00fc7433) and     s0, s8, a5
core   0: 3 0x80006966 (0x00fc7433) x 8 0x00000000
core   0: 0x8000696a (0x0141c033) xor     zero, gp, s4
core   0: 3 0x8000696a (0x0141c033)
core   0: 0x8000696e (0xb0214203) lbu     tp, -1278(sp)
core   0: 3 0x8000696e (0xb0214203) x 4 0x00000000 mem 0x8001344b
core   0: 0x80006972 (0x915116a3) sh      s5, -1779(sp)
core   0: 3 0x80006972 (0x915116a3) mem 0x80013256 0x0000
core   0: 0x80006976 (0x00008e9d) c.sub   a3, a5
core   0: 3 0x80006976 (0x8e9d) x13 0x00000000
core   0: 0x80006978 (0x00a17433) and     s0, sp, a0
core   0: 3 0x80006978 (0x00a17433) x 8 0x80002148
core   0: 0x8000697c (0x95c10f03) lb      t5, -1700(sp)
core   0: 3 0x8000697c (0x95c10f03) x30 0x00000000 mem 0x800132a5
core   0: 0x80006980 (0x03418d33) mul     s10, gp, s4
core   0: 3 0x80006980 (0x03418d33) x26 0x00000000
core   0: 0x80006984 (0x010aea33) or      s4, s5, a6
core   0: 3 0x80006984 (0x010aea33) x20 0x00000000
core   0: 0x80006988 (0x39910423) sb      s9, 904(sp)
core   0: 3 0x80006988 (0x39910423) mem 0x80013cd1 0x52
core   0: 0x8000698c (0xdf910983) lb      s3, -519(sp)
core   0: 3 0x8000698c (0xdf910983) x19 0x00000000 mem 0x80013742
core   0: 0x80006990 (0x02d63d33) mulhu   s10, a2, a3
core   0: 3 0x80006990 (0x02d63d33) x26 0x00000000
core   0: 0x80006994 (0xc4715e83) lhu     t4, -953(sp)
core   0: 3 0x80006994 (0xc4715e83) x29 0x00000000 mem 0x80013590
core   0: 0x80006998 (0xa4d11e03) lh      t3, -1459(sp)
core   0: 3 0x80006998 (0xa4d11e03) x28 0x00000000 mem 0x80013396
core   0: 0x8000699c (0x0000d317) auipc   t1, 0xd
core   0: 3 0x8000699c (0x0000d317) x 6 0x8001399c
core   0: 0x800069a0 (0x66130313) addi    t1, t1, 1633
core   0: 3 0x800069a0 (0x66130313) x 6 0x80013ffd
core   0: 0x800069a4 (0x0000d997) auipc   s3, 0xd
core   0: 3 0x800069a4 (0x0000d997) x19 0x800139a4
core   0: 0x800069a8 (0x09398993) addi    s3, s3, 147
core   0: 3 0x800069a8 (0x09398993) x19 0x80013a37
core   0: 0x800069ac (0x01c34683) lbu     a3, 28(t1)
core   0: 3 0x800069ac (0x01c34683) x13 0x00000000 mem 0x80014019
core   0: 0x800069b0 (0x0000d297) auipc   t0, 0xd
core   0: 3 0x800069b0 (0x0000d297) x 5 0x800139b0
core   0: 0x800069b4 (0x0fb28293) addi    t0, t0, 251
core   0: 3 0x800069b4 (0x0fb28293) x 5 0x80013aab
core   0: 0x800069b8 (0xfaf9cc83) lbu     s9, -81(s3)
core   0: 3 0x800069b8 (0xfaf9cc83) x25 0x00000000 mem 0x800139e6
core   0: 0x800069bc (0xfdd31583) lh      a1, -35(t1)
core   0: 3 0x800069bc (0xfdd31583) x11 0xffffed00 mem 0x80013fda
core   0: 0x800069c0 (0x01e296a3) sh      t5, 13(t0)
core   0: 3 0x800069c0 (0x01e296a3) mem 0x80013ab8 0x0000
core   0: 0x800069c4 (0xf9a98c03) lb      s8, -102(s3)
core   0: 3 0x800069c4 (0xf9a98c03) x24 0x00000000 mem 0x800139d1
core   0: 0x800069c8 (0xf5e98103) lb      sp, -162(s3)
core   0: 3 0x800069c8 (0xf5e98103) x 2 0x00000000 mem 0x80013995
core   0: 0x800069cc (0xf3098b83) lb      s7, -208(s3)
core   0: 3 0x800069cc (0xf3098b83) x23 0x00000000 mem 0x80013967
core   0: 0x800069d0 (0x02630883) lb      a7, 38(t1)
core   0: 3 0x800069d0 (0x02630883) x17 0x00000000 mem 0x80014023
core   0: 0x800069d4 (0xff628b03) lb      s6, -10(t0)
core   0: 3 0x800069d4 (0xff628b03) x22 0x00000000 mem 0x80013aa1
core   0: 0x800069d8 (0x00034583) lbu     a1, 0(t1)
core   0: 3 0x800069d8 (0x00034583) x11 0x00000000 mem 0x80013ffd
core   0: 0x800069dc (0xf489c403) lbu     s0, -184(s3)
core   0: 3 0x800069dc (0xf489c403) x 8 0x00000000 mem 0x8001397f
core   0: 0x800069e0 (0x01a30703) lb      a4, 26(t1)
core   0: 3 0x800069e0 (0x01a30703) x14 0x00000000 mem 0x80014017
core   0: 0x800069e4 (0x0052a683) lw      a3, 5(t0)
core   0: 3 0x800069e4 (0x0052a683) x13 0x00000000 mem 0x80013ab0
core   0: 0x800069e8 (0xfd798803) lb      a6, -41(s3)
core   0: 3 0x800069e8 (0xfd798803) x16 0x00000000 mem 0x80013a0e
core   0: 0x800069ec (0xffb304a3) sb      s11, -23(t1)
core   0: 3 0x800069ec (0xffb304a3) mem 0x80013fe6 0x1
core   0: 0x800069f0 (0x00c30623) sb      a2, 12(t1)
core   0: 3 0x800069f0 (0x00c30623) mem 0x80014009 0x0
core   0: 0x800069f4 (0xf0a98b23) sb      a0, -234(s3)
core   0: 3 0x800069f4 (0xf0a98b23) mem 0x8001394d 0xda
core   0: 0x800069f8 (0x00328203) lb      tp, 3(t0)
core   0: 3 0x800069f8 (0x00328203) x 4 0x00000000 mem 0x80013aae
core   0: 0x800069fc (0xfc234403) lbu     s0, -62(t1)
core   0: 3 0x800069fc (0xfc234403) x 8 0x00000000 mem 0x80013fbf
core   0: 0x80006a00 (0xff528203) lb      tp, -11(t0)
core   0: 3 0x80006a00 (0xff528203) x 4 0x00000000 mem 0x80013aa0
core   0: 0x80006a04 (0xf369c603) lbu     a2, -202(s3)
core   0: 3 0x80006a04 (0xf369c603) x12 0x00000000 mem 0x8001396d
core   0: 0x80006a08 (0x00630a83) lb      s5, 6(t1)
core   0: 3 0x80006a08 (0x00630a83) x21 0x00000000 mem 0x80014003
core   0: 0x80006a0c (0x0000d117) auipc   sp, 0xd
core   0: 3 0x80006a0c (0x0000d117) x 2 0x80013a0c
core   0: 0x80006a10 (0x9ed10113) addi    sp, sp, -1555
core   0: 3 0x80006a10 (0x9ed10113) x 2 0x800133f9
core   0: 0x80006a14 (0x000069dd) c.lui   s3, 0x17
core   0: 3 0x80006a14 (0x69dd) x19 0x00017000
core   0: 0x80006a16 (0xff312b03) lw      s6, -13(sp)
core   0: 3 0x80006a16 (0xff312b03) x22 0x00000000 mem 0x800133ec
core   0: 0x80006a1a (0xffc129a3) sw      t3, -13(sp)
core   0: 3 0x80006a1a (0xffc129a3) mem 0x800133ec 0x00000000
core   0: 0x80006a1e (0xffb109a3) sb      s11, -13(sp)
core   0: 3 0x80006a1e (0xffb109a3) mem 0x800133ec 0x1
core   0: 0x80006a22 (0xff315403) lhu     s0, -13(sp)
core   0: 3 0x80006a22 (0xff315403) x 8 0x00000001 mem 0x800133ec
core   0: 0x80006a26 (0xff311683) lh      a3, -13(sp)
core   0: 3 0x80006a26 (0xff311683) x13 0x00000001 mem 0x800133ec
core   0: 0x80006a2a (0xff315c83) lhu     s9, -13(sp)
core   0: 3 0x80006a2a (0xff315c83) x25 0x00000001 mem 0x800133ec
core   0: 0x80006a2e (0xff310e03) lb      t3, -13(sp)
core   0: 3 0x80006a2e (0xff310e03) x28 0x00000001 mem 0x800133ec
core   0: 0x80006a32 (0xfe7119a3) sh      t2, -13(sp)
core   0: 3 0x80006a32 (0xfe7119a3) mem 0x800133ec 0x0000
core   0: 0x80006a36 (0xff314f83) lbu     t6, -13(sp)
core   0: 3 0x80006a36 (0xff314f83) x31 0x00000000 mem 0x800133ec
core   0: 0x80006a3a (0xff311a83) lh      s5, -13(sp)
core   0: 3 0x80006a3a (0xff311a83) x21 0x00000000 mem 0x800133ec
core   0: 0x80006a3e (0xff311883) lh      a7, -13(sp)
core   0: 3 0x80006a3e (0xff311883) x17 0x00000000 mem 0x800133ec
core   0: 0x80006a42 (0x00012117) auipc   sp, 0x12
core   0: 3 0x80006a42 (0x00012117) x 2 0x80018a42
core   0: 0x80006a46 (0x93b10113) addi    sp, sp, -1733
core   0: 3 0x80006a46 (0x93b10113) x 2 0x8001837d
core   0: 0x80006a4a (0x01f14703) lbu     a4, 31(sp)
core   0: 3 0x80006a4a (0x01f14703) x14 0x00000000 mem 0x8001839c
core   0: 0x80006a4e (0x00531413) slli    s0, t1, 5
core   0: 3 0x80006a4e (0x00531413) x 8 0x0027ffa0
core   0: 0x80006a52 (0x02512fa3) sw      t0, 63(sp)
core   0: 3 0x80006a52 (0x02512fa3) mem 0x800183bc 0x80013aab
core   0: 0x80006a56 (0x8a8d4713) xori    a4, s10, -1880
core   0: 3 0x80006a56 (0x8a8d4713) x14 0xfffff8a8
core   0: 0x80006a5a (0x03812fa3) sw      s8, 63(sp)
core   0: 3 0x80006a5a (0x03812fa3) mem 0x800183bc 0x00000000
core   0: 0x80006a5e (0x00b10ca3) sb      a1, 25(sp)
core   0: 3 0x80006a5e (0x00b10ca3) mem 0x80018396 0x0
core   0: 0x80006a62 (0x01915c83) lhu     s9, 25(sp)
core   0: 3 0x80006a62 (0x01915c83) x25 0x00000000 mem 0x80018396
core   0: 0x80006a66 (0x01911383) lh      t2, 25(sp)
core   0: 3 0x80006a66 (0x01911383) x 7 0x00000000 mem 0x80018396
core   0: 0x80006a6a (0x02b10423) sb      a1, 40(sp)
core   0: 3 0x80006a6a (0x02b10423) mem 0x800183a5 0x0
core   0: 0x80006a6e (0x02312a03) lw      s4, 35(sp)
core   0: 3 0x80006a6e (0x02312a03) x20 0x00000000 mem 0x800183a0
core   0: 0x80006a72 (0xfe911303) lh      t1, -23(sp)
core   0: 3 0x80006a72 (0xfe911303) x 6 0x00000000 mem 0x80018366
core   0: 0x80006a76 (0x01811e93) slli    t4, sp, 24
core   0: 3 0x80006a76 (0x01811e93) x29 0x7d000000
core   0: 0x80006a7a (0xfc810ba3) sb      s0, -41(sp)
core   0: 3 0x80006a7a (0xfc810ba3) mem 0x80018354 0xa0
core   0: 0x80006a7e (0xfd712583) lw      a1, -41(sp)
core   0: 3 0x80006a7e (0xfd712583) x11 0x000000a0 mem 0x80018354
core   0: 0x80006a82 (0x01111ba3) sh      a7, 23(sp)
core   0: 3 0x80006a82 (0x01111ba3) mem 0x80018394 0x0000
core   0: 0x80006a86 (0xfc414583) lbu     a1, -60(sp)
core   0: 3 0x80006a86 (0xfc414583) x11 0x00000000 mem 0x80018341
core   0: 0x80006a8a (0x02114083) lbu     ra, 33(sp)
core   0: 3 0x80006a8a (0x02114083) x 1 0x00000000 mem 0x8001839e
core   0: 0x80006a8e (0x02811da3) sh      s0, 59(sp)
core   0: 3 0x80006a8e (0x02811da3) mem 0x800183b8 0xffa0
core   0: 0x80006a92 (0x03212da3) sw      s2, 59(sp)
core   0: 3 0x80006a92 (0x03212da3) mem 0x800183b8 0x8002cce4
core   0: 0x80006a96 (0x00c39013) slli    zero, t2, 12
core   0: 3 0x80006a96 (0x00c39013)
core   0: 0x80006a9a (0x03b11803) lh      a6, 59(sp)
core   0: 3 0x80006a9a (0x03b11803) x16 0xffffcce4 mem 0x800183b8
core   0: 0x80006a9e (0x0000d297) auipc   t0, 0xd
core   0: 3 0x80006a9e (0x0000d297) x 5 0x80013a9e
core   0: 0x80006aa2 (0x4a328293) addi    t0, t0, 1187
core   0: 3 0x80006aa2 (0x4a328293) x 5 0x80013f41
core   0: 0x80006aa6 (0x000093ee) c.add   t2, s11
core   0: 3 0x80006aa6 (0x93ee) x 7 0xc0000001
core   0: 0x80006aa8 (0x0230d133) divu    sp, ra, gp
core   0: 3 0x80006aa8 (0x0230d133) x 2 0xffffffff
core   0: 0x80006aac (0x0ff0000f) fence   iorw,iorw
core   0: 3 0x80006aac (0x0ff0000f)
core   0: 0x80006ab0 (0xcf128103) lb      sp, -783(t0)
core   0: 3 0x80006ab0 (0xcf128103) x 2 0x00000000 mem 0x80013c32
core   0: 0x80006ab4 (0x96528923) sb      t0, -1678(t0)
core   0: 3 0x80006ab4 (0x96528923) mem 0x800138b3 0x41
core   0: 0x80006ab8 (0x038aeb33) rem     s6, s5, s8
core   0: 3 0x80006ab8 (0x038aeb33) x22 0x00000000
core   0: 0x80006abc (0xb8228e23) sb      sp, -1124(t0)
core   0: 3 0x80006abc (0xb8228e23) mem 0x80013add 0x0
core   0: 0x80006ac0 (0x017fe3b3) or      t2, t6, s7
core   0: 3 0x80006ac0 (0x017fe3b3) x 7 0x00000000
core   0: 0x80006ac4 (0xb6728b03) lb      s6, -1177(t0)
core   0: 3 0x80006ac4 (0xb6728b03) x22 0xffffffb0 mem 0x80013aa8
core   0: 0x80006ac8 (0x59f13417) auipc   s0, 0x59f13
core   0: 3 0x80006ac8 (0x59f13417) x 8 0xd9f19ac8
core   0: 0x80006acc (0xd1728523) sb      s7, -758(t0)
core   0: 3 0x80006acc (0xd1728523) mem 0x80013c4b 0x0
core   0: 0x80006ad0 (0x0000717d) c.addi16sp sp, -16
core   0: 3 0x80006ad0 (0x717d) x 2 0xfffffff0
core   0: 0x80006ad2 (0x171bff13) andi    t5, s7, 369
core   0: 3 0x80006ad2 (0x171bff13) x30 0x00000000
core   0: 0x80006ad6 (0xa5528d23) sb      s5, -1446(t0)
core   0: 3 0x80006ad6 (0xa5528d23) mem 0x8001399b 0x0
core   0: 0x80006ada (0xcc228d23) sb      sp, -806(t0)
core   0: 3 0x80006ada (0xcc228d23) mem 0x80013c1b 0xf0
core   0: 0x80006ade (0x0000829d) c.srli  a3, 7
core   0: 3 0x80006ade (0x829d) x13 0x00000000
core   0: 0x80006ae0 (0x9d529783) lh      a5, -1579(t0)
core   0: 3 0x80006ae0 (0x9d529783) x15 0x00000000 mem 0x80013916
core   0: 0x80006ae4 (0x01e250b3) srl     ra, tp, t5
core   0: 3 0x80006ae4 (0x01e250b3) x 1 0x00000000
core   0: 0x80006ae8 (0x00000e56) c.slli  t3, 21
core   0: 3 0x80006ae8 (0x0e56) x28 0x00200000
core   0: 0x80006aea (0x0a228803) lb      a6, 162(t0)
core   0: 3 0x80006aea (0x0a228803) x16 0x00000000 mem 0x80013fe3
core   0: 0x80006aee (0x01856033) or      zero, a0, s8
core   0: 3 0x80006aee (0x01856033)
core   0: 0x80006af2 (0xf4d29d03) lh      s10, -179(t0)
core   0: 3 0x80006af2 (0xf4d29d03) x26 0x00000000 mem 0x80013e8e
core   0: 0x80006af6 (0x00008ffe) c.mv    t6, t6
core   0: 3 0x80006af6 (0x8ffe) x31 0x00000000
core   0: 0x80006af8 (0x0298f433) remu    s0, a7, s1
core   0: 3 0x80006af8 (0x0298f433) x 8 0x00000000
core   0: 0x80006afc (0x00000001) c.nop
core   0: 3 0x80006afc (0x0001)
core   0: 0x80006afe (0xd95280a3) sb      s5, -639(t0)
core   0: 3 0x80006afe (0xd95280a3) mem 0x80013cc2 0x0
core   0: 0x80006b02 (0x87628e03) lb      t3, -1930(t0)
core   0: 3 0x80006b02 (0x87628e03) x28 0x00000000 mem 0x800137b7
core   0: 0x80006b06 (0x9da2c603) lbu     a2, -1574(t0)
core   0: 3 0x80006b06 (0x9da2c603) x12 0x00000000 mem 0x8001391b
core   0: 0x80006b0a (0x000060ad) c.lui   ra, 0xb
core   0: 3 0x80006b0a (0x60ad) x 1 0x0000b000
core   0: 0x80006b0c (0x0000811a) c.mv    sp, t1
core   0: 3 0x80006b0c (0x811a) x 2 0x00000000
core   0: 0x80006b0e (0xde82c203) lbu     tp, -536(t0)
core   0: 3 0x80006b0e (0xde82c203) x 4 0x00000000 mem 0x80013d29
core   0: 0x80006b12 (0x00008e95) c.sub   a3, a3
core   0: 3 0x80006b12 (0x8e95) x13 0x00000000
core   0: 0x80006b14 (0x0021d6b3) srl     a3, gp, sp
core   0: 3 0x80006b14 (0x0021d6b3) x13 0x00000000
core   0: 0x80006b18 (0x00008f69) c.and   a4, a0
core   0: 3 0x80006b18 (0x8f69) x14 0xfd3e2088
core   0: 0x80006b1a (0x10128203) lb      tp, 257(t0)
core   0: 3 0x80006b1a (0x10128203) x 4 0x00000000 mem 0x80014042
core   0: 0x80006b1e (0xd7428c23) sb      s4, -648(t0)
core   0: 3 0x80006b1e (0xd7428c23) mem 0x80013cb9 0x0
core   0: 0x80006b22 (0xc682c203) lbu     tp, -920(t0)
core   0: 3 0x80006b22 (0xc682c203) x 4 0x00000000 mem 0x80013ba9
core   0: 0x80006b26 (0x01adacb3) slt     s9, s11, s10
core   0: 3 0x80006b26 (0x01adacb3) x25 0x00000001
core   0: 0x80006b2a (0xb172cc83) lbu     s9, -1257(t0)
core   0: 3 0x80006b2a (0xb172cc83) x25 0x00000000 mem 0x80013a58
core   0: 0x80006b2e (0x008cf8b3) and     a7, s9, s0
core   0: 3 0x80006b2e (0x008cf8b3) x17 0x00000000
core   0: 0x80006b32 (0x00008d95) c.sub   a1, a3
core   0: 3 0x80006b32 (0x8d95) x11 0x00000000
core   0: 0x80006b34 (0x92428423) sb      tp, -1752(t0)
core   0: 3 0x80006b34 (0x92428423) mem 0x80013869 0x0
core   0: 0x80006b38 (0xc1228103) lb      sp, -1006(t0)
core   0: 3 0x80006b38 (0xc1228103) x 2 0x00000000 mem 0x80013b53
core   0: 0x80006b3c (0x00008b05) c.andi  a4, 1
core   0: 3 0x80006b3c (0x8b05) x14 0x00000000
core   0: 0x80006b3e (0x0086cd33) xor     s10, a3, s0
core   0: 3 0x80006b3e (0x0086cd33) x26 0x00000000
core   0: 0x80006b42 (0xa0228fa3) sb      sp, -1505(t0)
core   0: 3 0x80006b42 (0xa0228fa3) mem 0x80013960 0x0
core   0: 0x80006b46 (0x00014e17) auipc   t3, 0x14
core   0: 3 0x80006b46 (0x00014e17) x28 0x8001ab46
core   0: 0x80006b4a (0x86ee0e13) addi    t3, t3, -1938
core   0: 3 0x80006b4a (0x86ee0e13) x28 0x8001a3b4
core   0: 0x80006b4e (0xcf8e5a03) lhu     s4, -776(t3)
core   0: 3 0x80006b4e (0xcf8e5a03) x20 0x00000000 mem 0x8001a0ac
core   0: 0x80006b52 (0xedce0103) lb      sp, -292(t3)
core   0: 3 0x80006b52 (0xedce0103) x 2 0x00000000 mem 0x8001a290
core   0: 0x80006b56 (0x0000c697) auipc   a3, 0xc
core   0: 3 0x80006b56 (0x0000c697) x13 0x80012b56
core   0: 0x80006b5a (0x6b268693) addi    a3, a3, 1714
core   0: 3 0x80006b5a (0x6b268693) x13 0x80013208
core   0: 0x80006b5e (0xff96cb83) lbu     s7, -7(a3)
core   0: 3 0x80006b5e (0xff96cb83) x23 0x00000000 mem 0x80013201
core   0: 0x80006b62 (0xff06ac23) sw      a6, -8(a3)
core   0: 3 0x80006b62 (0xff06ac23) mem 0x80013200 0x00000000
core   0: 0x80006b66 (0x217e4103) lbu     sp, 535(t3)
core   0: 3 0x80006b66 (0x217e4103) x 2 0x00000000 mem 0x8001a5cb
core   0: 0x80006b6a (0x00968f03) lb      t5, 9(a3)
core   0: 3 0x80006b6a (0x00968f03) x30 0x00000000 mem 0x80013211
core   0: 0x80006b6e (0x29de0b03) lb      s6, 669(t3)
core   0: 3 0x80006b6e (0x29de0b03) x22 0x00000000 mem 0x8001a651
core   0: 0x80006b72 (0xd21e4883) lbu     a7, -735(t3)
core   0: 3 0x80006b72 (0xd21e4883) x17 0x00000000 mem 0x8001a0d5
core   0: 0x80006b76 (0xff968783) lb      a5, -7(a3)
core   0: 3 0x80006b76 (0xff968783) x15 0x00000000 mem 0x80013201
core   0: 0x80006b7a (0x00568523) sb      t0, 10(a3)
core   0: 3 0x80006b7a (0x00568523) mem 0x80013212 0x41
core   0: 0x80006b7e (0x94ae5103) lhu     sp, -1718(t3)
core   0: 3 0x80006b7e (0x94ae5103) x 2 0x00000000 mem 0x80019cfe
core   0: 0x80006b82 (0x0000d997) auipc   s3, 0xd
core   0: 3 0x80006b82 (0x0000d997) x19 0x80013b82
core   0: 0x80006b86 (0x9e098993) addi    s3, s3, -1568
core   0: 3 0x80006b86 (0x9e098993) x19 0x80013562
core   0: 0x80006b8a (0x1de9bbb7) lui     s7, 0x1de9b
core   0: 3 0x80006b8a (0x1de9bbb7) x23 0x1de9b000
core   0: 0x80006b8e (0xa7e3b093) sltiu   ra, t2, -1410
core   0: 3 0x80006b8e (0xa7e3b093) x 1 0x00000001
core   0: 0x80006b92 (0x00859d33) sll     s10, a1, s0
core   0: 3 0x80006b92 (0x00859d33) x26 0x00000000
core   0: 0x80006b96 (0x00008c3d) c.xor   s0, a5
core   0: 3 0x80006b96 (0x8c3d) x 8 0x00000000
core   0: 0x80006b98 (0x417dd3b3) sra     t2, s11, s7
core   0: 3 0x80006b98 (0x417dd3b3) x 7 0xc0000001
core   0: 0x80006b9c (0xf4398603) lb      a2, -189(s3)
core   0: 3 0x80006b9c (0xf4398603) x12 0x00000000 mem 0x800134a5
core   0: 0x80006ba0 (0xf09983a3) sb      s1, -249(s3)
core   0: 3 0x80006ba0 (0xf09983a3) mem 0x80013469 0x64
core   0: 0x80006ba4 (0x000050fd) c.li    ra, -1
core   0: 3 0x80006ba4 (0x50fd) x 1 0xffffffff
core   0: 0x80006ba6 (0xfe398683) lb      a3, -29(s3)
core   0: 3 0x80006ba6 (0xfe398683) x13 0x00000000 mem 0x80013545
core   0: 0x80006baa (0xf92986a3) sb      s2, -115(s3)
core   0: 3 0x80006baa (0xf92986a3) mem 0x800134ef 0xe4
core   0: 0x80006bae (0xfed98703) lb      a4, -19(s3)
core   0: 3 0x80006bae (0xfed98703) x14 0x00000000 mem 0x8001354f
core   0: 0x80006bb2 (0xfb79a123) sw      s7, -94(s3)
core   0: 3 0x80006bb2 (0xfb79a123) mem 0x80013504 0x1de9b000
core   0: 0x80006bb6 (0x00e6d113) srli    sp, a3, 14
core   0: 3 0x80006bb6 (0x00e6d113) x 2 0x00000000
core   0: 0x80006bba (0xf5002793) slti    a5, zero, -176
core   0: 3 0x80006bba (0xf5002793) x15 0x00000000
core   0: 0x80006bbe (0x003ae833) or      a6, s5, gp
core   0: 3 0x80006bbe (0x003ae833) x16 0x00000000
core   0: 0x80006bc2 (0x03aeafb3) mulhsu  t6, t4, s10
core   0: 3 0x80006bc2 (0x03aeafb3) x31 0x00000000
core   0: 0x80006bc6 (0xf1c9d383) lhu     t2, -228(s3)
core   0: 3 0x80006bc6 (0xf1c9d383) x 7 0x00000000 mem 0x8001347e
core   0: 0x80006bca (0x00006839) c.lui   a6, 0xe
core   0: 3 0x80006bca (0x6839) x16 0x0000e000
core   0: 0x80006bcc (0x0929c083) lbu     ra, 146(s3)
core   0: 3 0x80006bcc (0x0929c083) x 1 0x00000000 mem 0x800135f4
core   0: 0x80006bd0 (0x000cff33) and     t5, s9, zero
core   0: 3 0x80006bd0 (0x000cff33) x30 0x00000000
core   0: 0x80006bd4 (0x03c9dc83) lhu     s9, 60(s3)
core   0: 3 0x80006bd4 (0x03c9dc83) x25 0x00000000 mem 0x8001359e
core   0: 0x80006bd8 (0x0000717d) c.addi16sp sp, -16
core   0: 3 0x80006bd8 (0x717d) x 2 0xfffffff0
core   0: 0x80006bda (0x40980833) sub     a6, a6, s1
core   0: 3 0x80006bda (0x40980833) x16 0x7ffe519c
core   0: 0x80006bde (0x41f8d233) sra     tp, a7, t6
core   0: 3 0x80006bde (0x41f8d233) x 4 0x00000000
core   0: 0x80006be2 (0x00b9e733) or      a4, s3, a1
core   0: 3 0x80006be2 (0x00b9e733) x14 0x80013562
core   0: 0x80006be6 (0x0fb9c783) lbu     a5, 251(s3)
core   0: 3 0x80006be6 (0x0fb9c783) x15 0x00000000 mem 0x8001365d
core   0: 0x80006bea (0x0ea98883) lb      a7, 234(s3)
core   0: 3 0x80006bea (0x0ea98883) x17 0x00000000 mem 0x8001364c
core   0: 0x80006bee (0x00008e01) c.sub   a2, s0
core   0: 3 0x80006bee (0x8e01) x12 0x00000000
core   0: 0x80006bf0 (0x03d9bbb3) mulhu   s7, s3, t4
core   0: 3 0x80006bf0 (0x03d9bbb3) x23 0x3e809710
core   0: 0x80006bf4 (0xf2b98723) sb      a1, -210(s3)
core   0: 3 0x80006bf4 (0xf2b98723) mem 0x80013490 0x0
core   0: 0x80006bf8 (0xc74fb693) sltiu   a3, t6, -908
core   0: 3 0x80006bf8 (0xc74fb693) x13 0x00000001
core   0: 0x80006bfc (0x1bc6aa13) slti    s4, a3, 444
core   0: 3 0x80006bfc (0x1bc6aa13) x20 0x00000001
core   0: 0x80006c00 (0x020b5b33) divu    s6, s6, zero
core   0: 3 0x80006c00 (0x020b5b33) x22 0xffffffff
core   0: 0x80006c04 (0xf61987a3) sb      ra, -145(s3)
core   0: 3 0x80006c04 (0xf61987a3) mem 0x800134d1 0x0
core   0: 0x80006c08 (0x454bc713) xori    a4, s7, 1108
core   0: 3 0x80006c08 (0x454bc713) x14 0x3e809344
core   0: 0x80006c0c (0x05b99623) sh      s11, 76(s3)
core   0: 3 0x80006c0c (0x05b99623) mem 0x800135ae 0x0001
core   0: 0x80006c10 (0x0343ceb3) div     t4, t2, s4
core   0: 3 0x80006c10 (0x0343ceb3) x29 0x00000000
core   0: 0x80006c14 (0x0000987d) c.andi  s0, -1
core   0: 3 0x80006c14 (0x987d) x 8 0x00000000
core   0: 0x80006c16 (0xfd398783) lb      a5, -45(s3)
core   0: 3 0x80006c16 (0xfd398783) x15 0x00000000 mem 0x80013535
core   0: 0x80006c1a (0x00008f65) c.and   a4, s1
core   0: 3 0x80006c1a (0x8f65) x14 0x00008244
core   0: 0x80006c1c (0x00c4f833) and     a6, s1, a2
core   0: 3 0x80006c1c (0x00c4f833) x16 0x00000000
core   0: 0x80006c20 (0x4010d593) srai    a1, ra, 1
core   0: 3 0x80006c20 (0x4010d593) x11 0x00000000
core   0: 0x80006c24 (0x0279c103) lbu     sp, 39(s3)
core   0: 3 0x80006c24 (0x0279c103) x 2 0x00000000 mem 0x80013589
core   0: 0x80006c28 (0x0439c703) lbu     a4, 67(s3)
core   0: 3 0x80006c28 (0x0439c703) x14 0x00000000 mem 0x800135a5
core   0: 0x80006c2c (0x0539c203) lbu     tp, 83(s3)
core   0: 3 0x80006c2c (0x0539c203) x 4 0x00000000 mem 0x800135b5
core   0: 0x80006c30 (0xfed99823) sh      a3, -16(s3)
core   0: 3 0x80006c30 (0xfed99823) mem 0x80013552 0x0001
core   0: 0x80006c34 (0x402f8233) sub     tp, t6, sp
core   0: 3 0x80006c34 (0x402f8233) x 4 0x00000000
core   0: 0x80006c38 (0xfc19ce03) lbu     t3, -63(s3)
core   0: 3 0x80006c38 (0xfc19ce03) x28 0x00000000 mem 0x80013523
core   0: 0x80006c3c (0x0000d117) auipc   sp, 0xd
core   0: 3 0x80006c3c (0x0000d117) x 2 0x80013c3c
core   0: 0x80006c40 (0xb9f10113) addi    sp, sp, -1121
core   0: 3 0x80006c40 (0xb9f10113) x 2 0x800137db
core   0: 0x80006c44 (0xff210583) lb      a1, -14(sp)
core   0: 3 0x80006c44 (0xff210583) x11 0x00000000 mem 0x800137cd
core   0: 0x80006c48 (0xff210083) lb      ra, -14(sp)
core   0: 3 0x80006c48 (0xff210083) x 1 0x00000000 mem 0x800137cd
core   0: 0x80006c4c (0x1d156e93) ori     t4, a0, 465
core   0: 3 0x80006c4c (0x1d156e93) x29 0xfd3e21db
core   0: 0x80006c50 (0xff214d03) lbu     s10, -14(sp)
core   0: 3 0x80006c50 (0xff214d03) x26 0x00000000 mem 0x800137cd
core   0: 0x80006c54 (0xfeb10923) sb      a1, -14(sp)
core   0: 3 0x80006c54 (0xfeb10923) mem 0x800137cd 0x0
core   0: 0x80006c58 (0xfe210923) sb      sp, -14(sp)
core   0: 3 0x80006c58 (0xfe210923) mem 0x800137cd 0xdb
core   0: 0x80006c5c (0xff210b03) lb      s6, -14(sp)
core   0: 3 0x80006c5c (0xff210b03) x22 0xffffffdb mem 0x800137cd
core   0: 0x80006c60 (0xfe610923) sb      t1, -14(sp)
core   0: 3 0x80006c60 (0xfe610923) mem 0x800137cd 0x0
core   0: 0x80006c64 (0xfe010923) sb      zero, -14(sp)
core   0: 3 0x80006c64 (0xfe010923) mem 0x800137cd 0x0
core   0: 0x80006c68 (0x00be8fb3) add     t6, t4, a1
core   0: 3 0x80006c68 (0x00be8fb3) x31 0xfd3e21db
core   0: 0x80006c6c (0xff214a03) lbu     s4, -14(sp)
core   0: 3 0x80006c6c (0xff214a03) x20 0x00000000 mem 0x800137cd
core   0: 0x80006c70 (0xfeb10923) sb      a1, -14(sp)
core   0: 3 0x80006c70 (0xfeb10923) mem 0x800137cd 0x0
core   0: 0x80006c74 (0xff210003) lb      zero, -14(sp)
core   0: 3 0x80006c74 (0xff210003) mem 0x800137cd
core   0: 0x80006c78 (0xff210f03) lb      t5, -14(sp)
core   0: 3 0x80006c78 (0xff210f03) x30 0x00000000 mem 0x800137cd
core   0: 0x80006c7c (0xff510923) sb      s5, -14(sp)
core   0: 3 0x80006c7c (0xff510923) mem 0x800137cd 0x0
core   0: 0x80006c80 (0xff210403) lb      s0, -14(sp)
core   0: 3 0x80006c80 (0xff210403) x 8 0x00000000 mem 0x800137cd
core   0: 0x80006c84 (0xfe610923) sb      t1, -14(sp)
core   0: 3 0x80006c84 (0xfe610923) mem 0x800137cd 0x0
core   0: 0x80006c88 (0xff210d83) lb      s11, -14(sp)
core   0: 3 0x80006c88 (0xff210d83) x27 0x00000000 mem 0x800137cd
core   0: 0x80006c8c (0xff110923) sb      a7, -14(sp)
core   0: 3 0x80006c8c (0xff110923) mem 0x800137cd 0x0
core   0: 0x80006c90 (0xff214183) lbu     gp, -14(sp)
core   0: 3 0x80006c90 (0xff214183) x 3 0x00000000 mem 0x800137cd
core   0: 0x80006c94 (0xffa10923) sb      s10, -14(sp)
core   0: 3 0x80006c94 (0xffa10923) mem 0x800137cd 0x0
core   0: 0x80006c98 (0x00014117) auipc   sp, 0x14
core   0: 3 0x80006c98 (0x00014117) x 2 0x8001ac98
core   0: 0x80006c9c (0xe9b10113) addi    sp, sp, -357
core   0: 3 0x80006c9c (0xe9b10113) x 2 0x8001ab33
core   0: 0x80006ca0 (0xff410f83) lb      t6, -12(sp)
core   0: 3 0x80006ca0 (0xff410f83) x31 0x00000000 mem 0x8001ab27
core   0: 0x80006ca4 (0xff512ea3) sw      s5, -3(sp)
core   0: 3 0x80006ca4 (0xff512ea3) mem 0x8001ab30 0x00000000
core   0: 0x80006ca8 (0xffe14d03) lbu     s10, -2(sp)
core   0: 3 0x80006ca8 (0xffe14d03) x26 0x00000000 mem 0x8001ab31
core   0: 0x80006cac (0xffa10383) lb      t2, -6(sp)
core   0: 3 0x80006cac (0xffa10383) x 7 0x00000000 mem 0x8001ab2d
core   0: 0x80006cb0 (0x00311683) lh      a3, 3(sp)
core   0: 3 0x80006cb0 (0x00311683) x13 0x00000000 mem 0x8001ab36
core   0: 0x80006cb4 (0xfff11e83) lh      t4, -1(sp)
core   0: 3 0x80006cb4 (0xfff11e83) x29 0x00000000 mem 0x8001ab32
core   0: 0x80006cb8 (0x000ae6b3) or      a3, s5, zero
core   0: 3 0x80006cb8 (0x000ae6b3) x13 0x00000000
core   0: 0x80006cbc (0x01de1693) slli    a3, t3, 29
core   0: 3 0x80006cbc (0x01de1693) x13 0x00000000
core   0: 0x80006cc0 (0x01cfdb33) srl     s6, t6, t3
core   0: 3 0x80006cc0 (0x01cfdb33) x22 0x00000000
core   0: 0x80006cc4 (0x000089c5) c.andi  a1, 17
core   0: 3 0x80006cc4 (0x89c5) x11 0x00000000
core   0: 0x80006cc6 (0x41ee58b3) sra     a7, t3, t5
core   0: 3 0x80006cc6 (0x41ee58b3) x17 0x00000000
core   0: 0x80006cca (0x00919f13) slli    t5, gp, 9
core   0: 3 0x80006cca (0x00919f13) x30 0x00000000
core   0: 0x80006cce (0x1e132b13) slti    s6, t1, 481
core   0: 3 0x80006cce (0x1e132b13) x22 0x00000001
core   0: 0x80006cd2 (0x0000100f) fence.i
core   0: 3 0x80006cd2 (0x0000100f)
core   0: 0x80006cd6 (0x00000001) c.nop
core   0: 3 0x80006cd6 (0x0001)
core   0: 0x80006cd8 (0x000002c9) c.addi  t0, 18
core   0: 3 0x80006cd8 (0x02c9) x 5 0x80013f53
core   0: 0x80006cda (0x0c2fff13) andi    t5, t6, 194
core   0: 3 0x80006cda (0x0c2fff13) x30 0x00000000
core   0: 0x80006cde (0x01511b33) sll     s6, sp, s5
core   0: 3 0x80006cde (0x01511b33) x22 0x8001ab33
core   0: 0x80006ce2 (0x00914383) lbu     t2, 9(sp)
core   0: 3 0x80006ce2 (0x00914383) x 7 0x00000000 mem 0x8001ab3c
core   0: 0x80006ce6 (0xff610003) lb      zero, -10(sp)
core   0: 3 0x80006ce6 (0xff610003) mem 0x8001ab29
core   0: 0x80006cea (0xffa10c23) sb      s10, -8(sp)
core   0: 3 0x80006cea (0xffa10c23) mem 0x8001ab2b 0x0
core   0: 0x80006cee (0x00008c0d) c.sub   s0, a1
core   0: 3 0x80006cee (0x8c0d) x 8 0x00000000
core   0: 0x80006cf0 (0x00008c45) c.or    s0, s1
core   0: 3 0x80006cf0 (0x8c45) x 8 0x80028e64
core   0: 0x80006cf2 (0x01ec6bb3) or      s7, s8, t5
core   0: 3 0x80006cf2 (0x01ec6bb3) x23 0x00000000
core   0: 0x80006cf6 (0x01010883) lb      a7, 16(sp)
core   0: 3 0x80006cf6 (0x01010883) x17 0x00000000 mem 0x8001ab43
core   0: 0x80006cfa (0x00b117a3) sh      a1, 15(sp)
core   0: 3 0x80006cfa (0x00b117a3) mem 0x8001ab42 0x0000
core   0: 0x80006cfe (0x00008fc1) c.or    a5, s0
core   0: 3 0x80006cfe (0x8fc1) x15 0x80028e64
core   0: 0x80006d00 (0x00000b09) c.addi  s6, 2
core   0: 3 0x80006d00 (0x0b09) x22 0x8001ab35
core   0: 0x80006d02 (0x014105a3) sb      s4, 11(sp)
core   0: 3 0x80006d02 (0x014105a3) mem 0x8001ab3e 0x0
core   0: 0x80006d06 (0xffc10403) lb      s0, -4(sp)
core   0: 3 0x80006d06 (0xffc10403) x 8 0x00000000 mem 0x8001ab2f
core   0: 0x80006d0a (0x00008211) c.srli  a2, 4
core   0: 3 0x80006d0a (0x8211) x12 0x00000000
core   0: 0x80006d0c (0x000092aa) c.add   t0, a0
core   0: 3 0x80006d0c (0x92aa) x 5 0x7d3f612d
core   0: 0x80006d0e (0x00610003) lb      zero, 6(sp)
core   0: 3 0x80006d0e (0x00610003) mem 0x8001ab39
core   0: 0x80006d12 (0x013cc033) xor     zero, s9, s3
core   0: 3 0x80006d12 (0x013cc033)
core   0: 0x80006d16 (0x00610a83) lb      s5, 6(sp)
core   0: 3 0x80006d16 (0x00610a83) x21 0x00000000 mem 0x8001ab39
core   0: 0x80006d1a (0x960efc13) andi    s8, t4, -1696
core   0: 3 0x80006d1a (0x960efc13) x24 0x00000000
core   0: 0x80006d1e (0x00b5d333) srl     t1, a1, a1
core   0: 3 0x80006d1e (0x00b5d333) x 6 0x00000000
core   0: 0x80006d22 (0x00a10003) lb      zero, 10(sp)
core   0: 3 0x80006d22 (0x00a10003) mem 0x8001ab3d
core   0: 0x80006d26 (0x0186f333) and     t1, a3, s8
core   0: 3 0x80006d26 (0x0186f333) x 6 0x00000000
core   0: 0x80006d2a (0xffe10d83) lb      s11, -2(sp)
core   0: 3 0x80006d2a (0xffe10d83) x27 0x00000000 mem 0x8001ab31
core   0: 0x80006d2e (0x0000473d) c.li    a4, 15
core   0: 3 0x80006d2e (0x473d) x14 0x0000000f
core   0: 0x80006d30 (0x01b10623) sb      s11, 12(sp)
core   0: 3 0x80006d30 (0x01b10623) mem 0x8001ab3f 0x0
core   0: 0x80006d34 (0x0ff0000f) fence   iorw,iorw
core   0: 3 0x80006d34 (0x0ff0000f)
core   0: 0x80006d38 (0xff510583) lb      a1, -11(sp)
core   0: 3 0x80006d38 (0xff510583) x11 0x00000000 mem 0x8001ab28
core   0: 0x80006d3c (0x00810383) lb      t2, 8(sp)
core   0: 3 0x80006d3c (0x00810383) x 7 0x00000000 mem 0x8001ab3b
core   0: 0x80006d40 (0x01610523) sb      s6, 10(sp)
core   0: 3 0x80006d40 (0x01610523) mem 0x8001ab3d 0x35
core   0: 0x80006d44 (0x00d11703) lh      a4, 13(sp)
core   0: 3 0x80006d44 (0x00d11703) x14 0x00000000 mem 0x8001ab40
core   0: 0x80006d48 (0x00008f21) c.xor   a4, s0
core   0: 3 0x80006d48 (0x8f21) x14 0x00000000
core   0: 0x80006d4a (0x00000001) c.nop
core   0: 3 0x80006d4a (0x0001)
core   0: 0x80006d4c (0xff210b83) lb      s7, -14(sp)
core   0: 3 0x80006d4c (0xff210b83) x23 0x00000000 mem 0x8001ab25
core   0: 0x80006d50 (0x00013b97) auipc   s7, 0x13
core   0: 3 0x80006d50 (0x00013b97) x23 0x80019d50
core   0: 0x80006d54 (0xb92b8b93) addi    s7, s7, -1134
core   0: 3 0x80006d54 (0xb92b8b93) x23 0x800198e2
core   0: 0x80006d58 (0xdadbc783) lbu     a5, -595(s7)
core   0: 3 0x80006d58 (0xdadbc783) x15 0x00000000 mem 0x8001968f
core   0: 0x80006d5c (0x21ab8da3) sb      s10, 539(s7)
core   0: 3 0x80006d5c (0x21ab8da3) mem 0x80019afd 0x0
core   0: 0x80006d60 (0x02cf2333) mulhsu  t1, t5, a2
core   0: 3 0x80006d60 (0x02cf2333) x 6 0x00000000
core   0: 0x80006d64 (0x209bc203) lbu     tp, 521(s7)
core   0: 3 0x80006d64 (0x209bc203) x 4 0x00000000 mem 0x80019aeb
core   0: 0x80006d68 (0x00c31713) slli    a4, t1, 12
core   0: 3 0x80006d68 (0x00c31713) x14 0x00000000
core   0: 0x80006d6c (0xf61b8023) sb      ra, -160(s7)
core   0: 3 0x80006d6c (0xf61b8023) mem 0x80019842 0x0
core   0: 0x80006d70 (0x562b8023) sb      sp, 1376(s7)
core   0: 3 0x80006d70 (0x562b8023) mem 0x80019e42 0x33
core   0: 0x80006d74 (0x00008c75) c.and   s0, a3
core   0: 3 0x80006d74 (0x8c75) x 8 0x00000000
core   0: 0x80006d76 (0x000086f9) c.srai  a3, 30
core   0: 3 0x80006d76 (0x86f9) x13 0x00000000
core   0: 0x80006d78 (0x401d0233) sub     tp, s10, ra
core   0: 3 0x80006d78 (0x401d0233) x 4 0x00000000
core   0: 0x80006d7c (0x865bc783) lbu     a5, -1947(s7)
core   0: 3 0x80006d7c (0x865bc783) x15 0x00000000 mem 0x80019147
core   0: 0x80006d80 (0x01fbd813) srli    a6, s7, 31
core   0: 3 0x80006d80 (0x01fbd813) x16 0x00000001
core   0: 0x80006d84 (0x0000717d) c.addi16sp sp, -16
core   0: 3 0x80006d84 (0x717d) x 2 0x8001ab23
core   0: 0x80006d86 (0x01cb8fa3) sb      t3, 31(s7)
core   0: 3 0x80006d86 (0x01cb8fa3) mem 0x80019901 0x0
core   0: 0x80006d8a (0x017846b3) xor     a3, a6, s7
core   0: 3 0x80006d8a (0x017846b3) x13 0x800198e3
core   0: 0x80006d8e (0x68ebce83) lbu     t4, 1678(s7)
core   0: 3 0x80006d8e (0x68ebce83) x29 0x00000000 mem 0x80019f70
core   0: 0x80006d92 (0xcc7b8f03) lb      t5, -825(s7)
core   0: 3 0x80006d92 (0xcc7b8f03) x30 0x00000000 mem 0x800195a9
core   0: 0x80006d96 (0x01616133) or      sp, sp, s6
core   0: 3 0x80006d96 (0x01616133) x 2 0x8001ab37
core   0: 0x80006d9a (0x0000012a) c.slli  sp, 10
core   0: 3 0x80006d9a (0x012a) x 2 0x06acdc00
core   0: 0x80006d9c (0x644b9823) sh      tp, 1616(s7)
core   0: 3 0x80006d9c (0x644b9823) mem 0x80019f32 0x0000
core   0: 0x80006da0 (0x0151f333) and     t1, gp, s5
core   0: 3 0x80006da0 (0x0151f333) x 6 0x00000000
core   0: 0x80006da4 (0xd485f717) auipc   a4, 0xd485f
core   0: 3 0x80006da4 (0xd485f717) x14 0x54865da4
core   0: 0x80006da8 (0x068bc983) lbu     s3, 104(s7)
core   0: 3 0x80006da8 (0x068bc983) x19 0x00000000 mem 0x8001994a
core   0: 0x80006dac (0x5fbbc683) lbu     a3, 1531(s7)
core   0: 3 0x80006dac (0x5fbbc683) x13 0x00000000 mem 0x80019edd
core   0: 0x80006db0 (0xe7780293) addi    t0, a6, -393
core   0: 3 0x80006db0 (0xe7780293) x 5 0xfffffe78
core   0: 0x80006db4 (0x00006855) c.lui   a6, 0x15
core   0: 3 0x80006db4 (0x6855) x16 0x00015000
core   0: 0x80006db6 (0x011a0733) add     a4, s4, a7
core   0: 3 0x80006db6 (0x011a0733) x14 0x00000000
core   0: 0x80006dba (0x00008e8a) c.mv    t4, sp
core   0: 3 0x80006dba (0x8e8a) x29 0x06acdc00
core   0: 0x80006dbc (0x5d2b9123) sh      s2, 1474(s7)
core   0: 3 0x80006dbc (0x5d2b9123) mem 0x80019ea4 0xcce4
core   0: 0x80006dc0 (0x50cb82a3) sb      a2, 1285(s7)
core   0: 3 0x80006dc0 (0x50cb82a3) mem 0x80019de7 0x0
core   0: 0x80006dc4 (0x00008751) c.srai  a4, 20
core   0: 3 0x80006dc4 (0x8751) x14 0x00000000
core   0: 0x80006dc6 (0x57ab8023) sb      s10, 1376(s7)
core   0: 3 0x80006dc6 (0x57ab8023) mem 0x80019e42 0x0
core   0: 0x80006dca (0x7beb8c03) lb      s8, 1982(s7)
core   0: 3 0x80006dca (0x7beb8c03) x24 0x00000000 mem 0x8001a0a0
core   0: 0x80006dce (0x00013117) auipc   sp, 0x13
core   0: 3 0x80006dce (0x00013117) x 2 0x80019dce
core   0: 0x80006dd2 (0x3f610113) addi    sp, sp, 1014
core   0: 3 0x80006dd2 (0x3f610113) x 2 0x8001a1c4
core   0: 0x80006dd6 (0x016102a3) sb      s6, 5(sp)
core   0: 3 0x80006dd6 (0x016102a3) mem 0x8001a1c9 0x35
core   0: 0x80006dda (0x00510303) lb      t1, 5(sp)
core   0: 3 0x80006dda (0x00510303) x 6 0x00000035 mem 0x8001a1c9
core   0: 0x80006dde (0xf0510f83) lb      t6, -251(sp)
core   0: 3 0x80006dde (0xf0510f83) x31 0x00000000 mem 0x8001a0c9
core   0: 0x80006de2 (0xf05102a3) sb      t0, -251(sp)
core   0: 3 0x80006de2 (0xf05102a3) mem 0x8001a0c9 0x78
core   0: 0x80006de6 (0x07f10303) lb      t1, 127(sp)
core   0: 3 0x80006de6 (0x07f10303) x 6 0x00000000 mem 0x8001a243
core   0: 0x80006dea (0x07f14003) lbu     zero, 127(sp)
core   0: 3 0x80006dea (0x07f14003) mem 0x8001a243
core   0: 0x80006dee (0x03d3d2b3) divu    t0, t2, t4
core   0: 3 0x80006dee (0x03d3d2b3) x 5 0x00000000
core   0: 0x80006df2 (0x07b11123) sh      s11, 98(sp)
core   0: 3 0x80006df2 (0x07b11123) mem 0x8001a226 0x0000
core   0: 0x80006df6 (0x07f10123) sb      t6, 98(sp)
core   0: 3 0x80006df6 (0x07f10123) mem 0x8001a226 0x0
core   0: 0x80006dfa (0x07b11123) sh      s11, 98(sp)
core   0: 3 0x80006dfa (0x07b11123) mem 0x8001a226 0x0000
core   0: 0x80006dfe (0x02d3d9b3) divu    s3, t2, a3
core   0: 3 0x80006dfe (0x02d3d9b3) x19 0xffffffff
core   0: 0x80006e02 (0x06110ea3) sb      ra, 125(sp)
core   0: 3 0x80006e02 (0x06110ea3) mem 0x8001a241 0x0
core   0: 0x80006e06 (0x0000d117) auipc   sp, 0xd
core   0: 3 0x80006e06 (0x0000d117) x 2 0x80013e06
core   0: 0x80006e0a (0xd9110113) addi    sp, sp, -623
core   0: 3 0x80006e0a (0xd9110113) x 2 0x80013b97
core   0: 0x80006e0e (0xff112c03) lw      s8, -15(sp)
core   0: 3 0x80006e0e (0xff112c03) x24 0x00000000 mem 0x80013b88
core   0: 0x80006e12 (0xf7014083) lbu     ra, -144(sp)
core   0: 3 0x80006e12 (0xf7014083) x 1 0x000000da mem 0x80013b07
core   0: 0x80006e16 (0x0000e397) auipc   t2, 0xe
core   0: 3 0x80006e16 (0x0000e397) x 7 0x80014e16
core   0: 0x80006e1a (0x8e038393) addi    t2, t2, -1824
core   0: 3 0x80006e1a (0x8e038393) x 7 0x800146f6
core   0: 0x80006e1e (0x03810323) sb      s8, 38(sp)
core   0: 3 0x80006e1e (0x03810323) mem 0x80013bbd 0x0
core   0: 0x80006e22 (0xfc238783) lb      a5, -62(t2)
core   0: 3 0x80006e22 (0xfc238783) x15 0x00000000 mem 0x800146b8
core   0: 0x80006e26 (0xff6382a3) sb      s6, -27(t2)
core   0: 3 0x80006e26 (0xff6382a3) mem 0x800146db 0x35
core   0: 0x80006e2a (0xfa715583) lhu     a1, -89(sp)
core   0: 3 0x80006e2a (0xfa715583) x11 0x00000000 mem 0x80013b3e
core   0: 0x80006e2e (0xf7911b03) lh      s6, -135(sp)
core   0: 3 0x80006e2e (0xf7911b03) x22 0x00000000 mem 0x80013b10
core   0: 0x80006e32 (0x0233c603) lbu     a2, 35(t2)
core   0: 3 0x80006e32 (0x0233c603) x12 0x00000000 mem 0x80014719
core   0: 0x80006e36 (0x02c39023) sh      a2, 32(t2)
core   0: 3 0x80006e36 (0x02c39023) mem 0x80014716 0x0000
core   0: 0x80006e3a (0x02014c83) lbu     s9, 32(sp)
core   0: 3 0x80006e3a (0x02014c83) x25 0x00000000 mem 0x80013bb7
core   0: 0x80006e3e (0x02e3d303) lhu     t1, 46(t2)
core   0: 3 0x80006e3e (0x02e3d303) x 6 0x00000000 mem 0x80014724
core   0: 0x80006e42 (0xffe112a3) sh      t5, -27(sp)
core   0: 3 0x80006e42 (0xffe112a3) mem 0x80013b7c 0x0000
core   0: 0x80006e46 (0xff539523) sh      s5, -22(t2)
core   0: 3 0x80006e46 (0xff539523) mem 0x800146e0 0x0000
core   0: 0x80006e4a (0x0000d217) auipc   tp, 0xd
core   0: 3 0x80006e4a (0x0000d217) x 4 0x80013e4a
core   0: 0x80006e4e (0xdab20213) addi    tp, tp, -597
core   0: 3 0x80006e4e (0xdab20213) x 4 0x80013bf5
core   0: 0x80006e52 (0x00e24b83) lbu     s7, 14(tp)
core   0: 3 0x80006e52 (0x00e24b83) x23 0x00000000 mem 0x80013c03
core   0: 0x80006e56 (0x00320723) sb      gp, 14(tp)
core   0: 3 0x80006e56 (0x00320723) mem 0x80013c03 0x0
core   0: 0x80006e5a (0x006b0db3) add     s11, s6, t1
core   0: 3 0x80006e5a (0x006b0db3) x27 0x00000000
core   0: 0x80006e5e (0x00e20583) lb      a1, 14(tp)
core   0: 3 0x80006e5e (0x00e20583) x11 0x00000000 mem 0x80013c03
core   0: 0x80006e62 (0x00e24a03) lbu     s4, 14(tp)
core   0: 3 0x80006e62 (0x00e24a03) x20 0x00000000 mem 0x80013c03
core   0: 0x80006e66 (0x00008e32) c.mv    t3, a2
core   0: 3 0x80006e66 (0x8e32) x28 0x00000000
core   0: 0x80006e68 (0xff121383) lh      t2, -15(tp)
core   0: 3 0x80006e68 (0xff121383) x 7 0x00000000 mem 0x80013be6
core   0: 0x80006e6c (0xff120c83) lb      s9, -15(tp)
core   0: 3 0x80006e6c (0xff120c83) x25 0x00000000 mem 0x80013be6
core   0: 0x80006e70 (0xff024f03) lbu     t5, -16(tp)
core   0: 3 0x80006e70 (0xff024f03) x30 0x00000000 mem 0x80013be5
core   0: 0x80006e74 (0x00d20183) lb      gp, 13(tp)
core   0: 3 0x80006e74 (0x00d20183) x 3 0x00000000 mem 0x80013c02
core   0: 0x80006e78 (0x00b22a83) lw      s5, 11(tp)
core   0: 3 0x80006e78 (0x00b22a83) x21 0x00000000 mem 0x80013c00
core   0: 0x80006e7c (0x019204a3) sb      s9, 9(tp)
core   0: 3 0x80006e7c (0x019204a3) mem 0x80013bfe 0x0
core   0: 0x80006e80 (0x00018997) auipc   s3, 0x18
core   0: 3 0x80006e80 (0x00018997) x19 0x8001ee80
core   0: 0x80006e84 (0x2c398993) addi    s3, s3, 707
core   0: 3 0x80006e84 (0x2c398993) x19 0x8001f143
core   0: 0x80006e88 (0xff6999a3) sh      s6, -13(s3)
core   0: 3 0x80006e88 (0xff6999a3) mem 0x8001f136 0x0000
core   0: 0x80006e8c (0x01a98283) lb      t0, 26(s3)
core   0: 3 0x80006e8c (0x01a98283) x 5 0x00000000 mem 0x8001f15d
core   0: 0x80006e90 (0x0000537d) c.li    t1, -1
core   0: 3 0x80006e90 (0x537d) x 6 0xffffffff
core   0: 0x80006e92 (0x00bf5193) srli    gp, t5, 11
core   0: 3 0x80006e92 (0x00bf5193) x 3 0x00000000
core   0: 0x80006e96 (0x00009166) c.add   sp, s9
core   0: 3 0x80006e96 (0x9166) x 2 0x80013b97
core   0: 0x80006e98 (0x02298603) lb      a2, 34(s3)
core   0: 3 0x80006e98 (0x02298603) x12 0x00000000 mem 0x8001f165
core   0: 0x80006e9c (0x02b9da03) lhu     s4, 43(s3)
core   0: 3 0x80006e9c (0x02b9da03) x20 0x00000000 mem 0x8001f16e
core   0: 0x80006ea0 (0x003bbc33) sltu    s8, s7, gp
core   0: 3 0x80006ea0 (0x003bbc33) x24 0x00000000
core   0: 0x80006ea4 (0x016a5433) srl     s0, s4, s6
core   0: 3 0x80006ea4 (0x016a5433) x 8 0x00000000
core   0: 0x80006ea8 (0xffe9cc83) lbu     s9, -2(s3)
core   0: 3 0x80006ea8 (0xffe9cc83) x25 0x00000000 mem 0x8001f141
core   0: 0x80006eac (0xff3999a3) sh      s3, -13(s3)
core   0: 3 0x80006eac (0xff3999a3) mem 0x8001f136 0xf143
core   0: 0x80006eb0 (0x0000717d) c.addi16sp sp, -16
core   0: 3 0x80006eb0 (0x717d) x 2 0x80013b87
core   0: 0x80006eb2 (0xff798223) sb      s7, -28(s3)
core   0: 3 0x80006eb2 (0xff798223) mem 0x8001f127 0x0
core   0: 0x80006eb6 (0x010b9413) slli    s0, s7, 16
core   0: 3 0x80006eb6 (0x010b9413) x 8 0x00000000
core   0: 0x80006eba (0x0199af03) lw      t5, 25(s3)
core   0: 3 0x80006eba (0x0199af03) x30 0x00000000 mem 0x8001f15c
core   0: 0x80006ebe (0x407fd733) sra     a4, t6, t2
core   0: 3 0x80006ebe (0x407fd733) x14 0x00000000
core   0: 0x80006ec2 (0x0279c083) lbu     ra, 39(s3)
core   0: 3 0x80006ec2 (0x0279c083) x 1 0x00000000 mem 0x8001f16a
core   0: 0x80006ec6 (0x02898e23) sb      s0, 60(s3)
core   0: 3 0x80006ec6 (0x02898e23) mem 0x8001f17f 0x0
core   0: 0x80006eca (0xfd59ca03) lbu     s4, -43(s3)
core   0: 3 0x80006eca (0xfd59ca03) x20 0x00000000 mem 0x8001f118
core   0: 0x80006ece (0x00008c49) c.or    s0, a0
core   0: 3 0x80006ece (0x8c49) x 8 0xfd3e21da
core   0: 0x80006ed0 (0x0339d083) lhu     ra, 51(s3)
core   0: 3 0x80006ed0 (0x0339d083) x 1 0x00000000 mem 0x8001f176
core   0: 0x80006ed4 (0x0119a383) lw      t2, 17(s3)
core   0: 3 0x80006ed4 (0x0119a383) x 7 0x00000000 mem 0x8001f154
core   0: 0x80006ed8 (0x00008c79) c.and   s0, a4
core   0: 3 0x80006ed8 (0x8c79) x 8 0x00000000
core   0: 0x80006eda (0x02898f03) lb      t5, 40(s3)
core   0: 3 0x80006eda (0x02898f03) x30 0x00000000 mem 0x8001f16b
core   0: 0x80006ede (0x00000cf9) c.addi  s9, 30
core   0: 3 0x80006ede (0x0cf9) x25 0x0000001e
core   0: 0x80006ee0 (0xfcc9cf03) lbu     t5, -52(s3)
core   0: 3 0x80006ee0 (0xfcc9cf03) x30 0x00000000 mem 0x8001f10f
core   0: 0x80006ee4 (0xff69cb03) lbu     s6, -10(s3)
core   0: 3 0x80006ee4 (0xff69cb03) x22 0x00000000 mem 0x8001f139
core   0: 0x80006ee8 (0x0319a283) lw      t0, 49(s3)
core   0: 3 0x80006ee8 (0x0319a283) x 5 0x00000000 mem 0x8001f174
core   0: 0x80006eec (0x00d9c203) lbu     tp, 13(s3)
core   0: 3 0x80006eec (0x00d9c203) x 4 0x00000000 mem 0x8001f150
core   0: 0x80006ef0 (0x00004c61) c.li    s8, 24
core   0: 3 0x80006ef0 (0x4c61) x24 0x00000018
core   0: 0x80006ef2 (0xfeb99703) lh      a4, -21(s3)
core   0: 3 0x80006ef2 (0xfeb99703) x14 0x00000000 mem 0x8001f12e
core   0: 0x80006ef6 (0xfcc98703) lb      a4, -52(s3)
core   0: 3 0x80006ef6 (0xfcc98703) x14 0x00000000 mem 0x8001f10f
core   0: 0x80006efa (0x01841cb3) sll     s9, s0, s8
core   0: 3 0x80006efa (0x01841cb3) x25 0x00000000
core   0: 0x80006efe (0x03f50eb3) mul     t4, a0, t6
core   0: 3 0x80006efe (0x03f50eb3) x29 0x00000000
core   0: 0x80006f02 (0x000060b5) c.lui   ra, 0xd
core   0: 3 0x80006f02 (0x60b5) x 1 0x0000d000
core   0: 0x80006f04 (0x007989a3) sb      t2, 19(s3)
core   0: 3 0x80006f04 (0x007989a3) mem 0x8001f156 0x0
core   0: 0x80006f08 (0x00d99083) lh      ra, 13(s3)
core   0: 3 0x80006f08 (0x00d99083) x 1 0x00000000 mem 0x8001f150
core   0: 0x80006f0c (0xfe098183) lb      gp, -32(s3)
core   0: 3 0x80006f0c (0xfe098183) x 3 0x00000000 mem 0x8001f123
core   0: 0x80006f10 (0x0000dd17) auipc   s10, 0xd
core   0: 3 0x80006f10 (0x0000dd17) x26 0x80013f10
core   0: 0x80006f14 (0xdaad0d13) addi    s10, s10, -598
core   0: 3 0x80006f14 (0xdaad0d13) x26 0x80013cba
core   0: 0x80006f18 (0x014c5eb3) srl     t4, s8, s4
core   0: 3 0x80006f18 (0x014c5eb3) x29 0x00000018
core   0: 0x80006f1c (0xf23d0783) lb      a5, -221(s10)
core   0: 3 0x80006f1c (0xf23d0783) x15 0x00000000 mem 0x80013bdd
core   0: 0x80006f20 (0x41ff5993) srai    s3, t5, 31
core   0: 3 0x80006f20 (0x41ff5993) x19 0x00000000
core   0: 0x80006f24 (0x096d2a83) lw      s5, 150(s10)
core   0: 3 0x80006f24 (0x096d2a83) x21 0x00000000 mem 0x80013d50
core   0: 0x80006f28 (0x017d0783) lb      a5, 23(s10)
core   0: 3 0x80006f28 (0x017d0783) x15 0x00000052 mem 0x80013cd1
core   0: 0x80006f2c (0x0002b2b3) sltu    t0, t0, zero
core   0: 3 0x80006f2c (0x0002b2b3) x 5 0x00000000
core   0: 0x80006f30 (0x0000100f) fence.i
core   0: 3 0x80006f30 (0x0000100f)
core   0: 0x80006f34 (0x0e3d0e83) lb      t4, 227(s10)
core   0: 3 0x80006f34 (0x0e3d0e83) x29 0xffffffff mem 0x80013d9d
core   0: 0x80006f38 (0x079d4083) lbu     ra, 121(s10)
core   0: 3 0x80006f38 (0x079d4083) x 1 0x00000064 mem 0x80013d33
core   0: 0x80006f3c (0x048d0823) sb      s0, 80(s10)
core   0: 3 0x80006f3c (0x048d0823) mem 0x80013d0a 0x0
core   0: 0x80006f40 (0xf54d5e83) lhu     t4, -172(s10)
core   0: 3 0x80006f40 (0xf54d5e83) x29 0x00000100 mem 0x80013c0e
core   0: 0x80006f44 (0x0efd1823) sh      a5, 240(s10)
core   0: 3 0x80006f44 (0x0efd1823) mem 0x80013daa 0x0052
core   0: 0x80006f48 (0x02b08033) mul     zero, ra, a1
core   0: 3 0x80006f48 (0x02b08033)
core   0: 0x80006f4c (0x01d19bb3) sll     s7, gp, t4
core   0: 3 0x80006f4c (0x01d19bb3) x23 0x00000000
core   0: 0x80006f50 (0x48d50ab7) lui     s5, 0x48d50
core   0: 3 0x80006f50 (0x48d50ab7) x21 0x48d50000
core   0: 0x80006f54 (0x0fdd1d23) sh      t4, 250(s10)
core   0: 3 0x80006f54 (0x0fdd1d23) mem 0x80013db4 0x0100
core   0: 0x80006f58 (0x04bd0603) lb      a2, 75(s10)
core   0: 3 0x80006f58 (0x04bd0603) x12 0x00000000 mem 0x80013d05
core   0: 0x80006f5c (0xf2fd4f03) lbu     t5, -209(s10)
core   0: 3 0x80006f5c (0xf2fd4f03) x30 0x00000000 mem 0x80013be9
core   0: 0x80006f60 (0x0ded2983) lw      s3, 222(s10)
core   0: 3 0x80006f60 (0x0ded2983) x19 0x00000000 mem 0x80013d98
core   0: 0x80006f64 (0x086d1803) lh      a6, 134(s10)
core   0: 3 0x80006f64 (0x086d1803) x16 0x00000000 mem 0x80013d40
core   0: 0x80006f68 (0xfdcd0823) sb      t3, -48(s10)
core   0: 3 0x80006f68 (0xfdcd0823) mem 0x80013c8a 0x0
core   0: 0x80006f6c (0x00008bc2) c.mv    s7, a6
core   0: 3 0x80006f6c (0x8bc2) x23 0x00000000
core   0: 0x80006f6e (0x00008da9) c.xor   a1, a0
core   0: 3 0x80006f6e (0x8da9) x11 0xfd3e21da
core   0: 0x80006f70 (0xff1d0403) lb      s0, -15(s10)
core   0: 3 0x80006f70 (0xff1d0403) x 8 0x00000000 mem 0x80013cab
core   0: 0x80006f74 (0xf98d0f23) sb      s8, -98(s10)
core   0: 3 0x80006f74 (0xf98d0f23) mem 0x80013c58 0x18
core   0: 0x80006f78 (0x06bd0f03) lb      t5, 107(s10)
core   0: 3 0x80006f78 (0x06bd0f03) x30 0x00000000 mem 0x80013d25
core   0: 0x80006f7c (0x018ff133) and     sp, t6, s8
core   0: 3 0x80006f7c (0x018ff133) x 2 0x00000000
core   0: 0x80006f80 (0x012f7833) and     a6, t5, s2
core   0: 3 0x80006f80 (0x012f7833) x16 0x00000000
core   0: 0x80006f84 (0x000061b1) c.lui   gp, 0xc
core   0: 3 0x80006f84 (0x61b1) x 3 0x0000c000
core   0: 0x80006f86 (0xf55d4983) lbu     s3, -171(s10)
core   0: 3 0x80006f86 (0xf55d4983) x19 0x00000001 mem 0x80013c0f
core   0: 0x80006f8a (0x20683113) sltiu   sp, a6, 518
core   0: 3 0x80006f8a (0x20683113) x 2 0x00000001
core   0: 0x80006f8e (0x0c3d0003) lb      zero, 195(s10)
core   0: 3 0x80006f8e (0x0c3d0003) mem 0x80013d7d
core   0: 0x80006f92 (0x02694fb3) div     t6, s2, t1
core   0: 3 0x80006f92 (0x02694fb3) x31 0x7ffd331c
core   0: 0x80006f96 (0x02bd0ea3) sb      a1, 61(s10)
core   0: 3 0x80006f96 (0x02bd0ea3) mem 0x80013cf7 0xda
core   0: 0x80006f9a (0x0eed0da3) sb      a4, 251(s10)
core   0: 3 0x80006f9a (0x0eed0da3) mem 0x80013db5 0x0
core   0: 0x80006f9e (0x0000d117) auipc   sp, 0xd
core   0: 3 0x80006f9e (0x0000d117) x 2 0x80013f9e
core   0: 0x80006fa2 (0xd2410113) addi    sp, sp, -732
core   0: 3 0x80006fa2 (0xd2410113) x 2 0x80013cc2
core   0: 0x80006fa6 (0x407c0033) sub     zero, s8, t2
core   0: 3 0x80006fa6 (0x407c0033)
core   0: 0x80006faa (0x005516b3) sll     a3, a0, t0
core   0: 3 0x80006faa (0x005516b3) x13 0xfd3e21da
core   0: 0x80006fae (0xff010b83) lb      s7, -16(sp)
core   0: 3 0x80006fae (0xff010b83) x23 0x00000000 mem 0x80013cb2
core   0: 0x80006fb2 (0xf9f10e23) sb      t6, -100(sp)
core   0: 3 0x80006fb2 (0xf9f10e23) mem 0x80013c5e 0x1c
core   0: 0x80006fb6 (0x0220bc33) mulhu   s8, ra, sp
core   0: 3 0x80006fb6 (0x0220bc33) x24 0x00000032
core   0: 0x80006fba (0x0b815f03) lhu     t5, 184(sp)
core   0: 3 0x80006fba (0x0b815f03) x30 0x00000000 mem 0x80013d7a
core   0: 0x80006fbe (0xfc798893) addi    a7, s3, -57
core   0: 3 0x80006fbe (0xfc798893) x17 0xffffffc8
core   0: 0x80006fc2 (0xf8e10ca3) sb      a4, -103(sp)
core   0: 3 0x80006fc2 (0xf8e10ca3) mem 0x80013c5b 0x0
core   0: 0x80006fc6 (0x024106a3) sb      tp, 45(sp)
core   0: 3 0x80006fc6 (0x024106a3) mem 0x80013cef 0x0
core   0: 0x80006fca (0xf6814583) lbu     a1, -152(sp)
core   0: 3 0x80006fca (0xf6814583) x11 0x00000000 mem 0x80013c2a
core   0: 0x80006fce (0xf2a10b83) lb      s7, -214(sp)
core   0: 3 0x80006fce (0xf2a10b83) x23 0x00000000 mem 0x80013bec
core   0: 0x80006fd2 (0x0c510523) sb      t0, 202(sp)
core   0: 3 0x80006fd2 (0x0c510523) mem 0x80013d8c 0x0
core   0: 0x80006fd6 (0xfe911423) sh      s1, -24(sp)
core   0: 3 0x80006fd6 (0xfe911423) mem 0x80013caa 0x8e64
core   0: 0x80006fda (0x0d8103a3) sb      s8, 199(sp)
core   0: 3 0x80006fda (0x0d8103a3) mem 0x80013d89 0x32
core   0: 0x80006fde (0xf1815b03) lhu     s6, -232(sp)
core   0: 3 0x80006fde (0xf1815b03) x22 0x00000000 mem 0x80013bda
core   0: 0x80006fe2 (0x0a015283) lhu     t0, 160(sp)
core   0: 3 0x80006fe2 (0x0a015283) x 5 0x00000000 mem 0x80013d62
core   0: 0x80006fe6 (0xffa11703) lh      a4, -6(sp)
core   0: 3 0x80006fe6 (0xffa11703) x14 0x00000000 mem 0x80013cbc
core   0: 0x80006fea (0x0cb14583) lbu     a1, 203(sp)
core   0: 3 0x80006fea (0x0cb14583) x11 0x00000000 mem 0x80013d8d
core   0: 0x80006fee (0xf4d14403) lbu     s0, -179(sp)
core   0: 3 0x80006fee (0xf4d14403) x 8 0x00000001 mem 0x80013c0f
core   0: 0x80006ff2 (0x02510003) lb      zero, 37(sp)
core   0: 3 0x80006ff2 (0x02510003) mem 0x80013ce7
core   0: 0x80006ff6 (0x0000801d) c.srli  s0, 7
core   0: 3 0x80006ff6 (0x801d) x 8 0x00000000
core   0: 0x80006ff8 (0xf3410083) lb      ra, -204(sp)
core   0: 3 0x80006ff8 (0xf3410083) x 1 0x00000000 mem 0x80013bf6
core   0: 0x80006ffc (0x0a5107a3) sb      t0, 175(sp)
core   0: 3 0x80006ffc (0x0a5107a3) mem 0x80013d71 0x0
core   0: 0x80007000 (0x00009e0a) c.add   t3, sp
core   0: 3 0x80007000 (0x9e0a) x28 0x80013cc2
core   0: 0x80007002 (0x0000100f) fence.i
core   0: 3 0x80007002 (0x0000100f)
core   0: 0x80007006 (0x020ea733) mulhsu  a4, t4, zero
core   0: 3 0x80007006 (0x020ea733) x14 0x00000000
core   0: 0x8000700a (0x00000001) c.nop
core   0: 3 0x8000700a (0x0001)
core   0: 0x8000700c (0x00000f12) c.slli  t5, 4
core   0: 3 0x8000700c (0x0f12) x30 0x00000000
core   0: 0x8000700e (0x0b1100a3) sb      a7, 161(sp)
core   0: 3 0x8000700e (0x0b1100a3) mem 0x80013d63 0xc8
core   0: 0x80007012 (0x00019217) auipc   tp, 0x19
core   0: 3 0x80007012 (0x00019217) x 4 0x80020012
core   0: 0x80007016 (0x38820213) addi    tp, tp, 904
core   0: 3 0x80007016 (0x38820213) x 4 0x8002039a
core   0: 0x8000701a (0x02f0a733) mulhsu  a4, ra, a5
core   0: 3 0x8000701a (0x02f0a733) x14 0x00000000
core   0: 0x8000701e (0x01520423) sb      s5, 8(tp)
core   0: 3 0x8000701e (0x01520423) mem 0x800203a2 0x0
core   0: 0x80007022 (0x02f2cd33) div     s10, t0, a5
core   0: 3 0x80007022 (0x02f2cd33) x26 0x00000000
core   0: 0x80007026 (0x00000001) c.nop
core   0: 3 0x80007026 (0x0001)
core   0: 0x80007028 (0x03cb78b3) remu    a7, s6, t3
core   0: 3 0x80007028 (0x03cb78b3) x17 0x00000000
core   0: 0x8000702c (0x00004129) c.li    sp, 10
core   0: 3 0x8000702c (0x4129) x 2 0x0000000a
core   0: 0x8000702e (0x00821883) lh      a7, 8(tp)
core   0: 3 0x8000702e (0x00821883) x17 0x00000000 mem 0x800203a2
core   0: 0x80007032 (0x00820983) lb      s3, 8(tp)
core   0: 3 0x80007032 (0x00820983) x19 0x00000000 mem 0x800203a2
core   0: 0x80007036 (0x01920423) sb      s9, 8(tp)
core   0: 3 0x80007036 (0x01920423) mem 0x800203a2 0x0
core   0: 0x8000703a (0x00021423) sh      zero, 8(tp)
core   0: 3 0x8000703a (0x00021423) mem 0x800203a2 0x0000
core   0: 0x8000703e (0x01021423) sh      a6, 8(tp)
core   0: 3 0x8000703e (0x01021423) mem 0x800203a2 0x0000
core   0: 0x80007042 (0x000087f9) c.srai  a5, 30
core   0: 3 0x80007042 (0x87f9) x15 0x00000000
core   0: 0x80007044 (0x01520423) sb      s5, 8(tp)
core   0: 3 0x80007044 (0x01520423) mem 0x800203a2 0x0
core   0: 0x80007048 (0x00825a03) lhu     s4, 8(tp)
core   0: 3 0x80007048 (0x00825a03) x20 0x00000000 mem 0x800203a2
core   0: 0x8000704c (0x00825003) lhu     zero, 8(tp)
core   0: 3 0x8000704c (0x00825003) mem 0x800203a2
core   0: 0x80007050 (0x00825f83) lhu     t6, 8(tp)
core   0: 3 0x80007050 (0x00825f83) x31 0x00000000 mem 0x800203a2
core   0: 0x80007054 (0x00825803) lhu     a6, 8(tp)
core   0: 3 0x80007054 (0x00825803) x16 0x00000000 mem 0x800203a2
core   0: 0x80007058 (0x00820303) lb      t1, 8(tp)
core   0: 3 0x80007058 (0x00820303) x 6 0x00000000 mem 0x800203a2
core   0: 0x8000705c (0x00524a03) lbu     s4, 5(tp)
core   0: 3 0x8000705c (0x00524a03) x20 0x00000000 mem 0x8002039f
core   0: 0x80007060 (0x00014117) auipc   sp, 0x14
core   0: 3 0x80007060 (0x00014117) x 2 0x8001b060
core   0: 0x80007064 (0xfee10113) addi    sp, sp, -18
core   0: 3 0x80007064 (0xfee10113) x 2 0x8001b04e
core   0: 0x80007068 (0x02d12123) sw      a3, 34(sp)
core   0: 3 0x80007068 (0x02d12123) mem 0x8001b070 0xfd3e21da
core   0: 0x8000706c (0x005104a3) sb      t0, 9(sp)
core   0: 3 0x8000706c (0x005104a3) mem 0x8001b057 0x0
core   0: 0x80007070 (0xfd211f03) lh      t5, -46(sp)
core   0: 3 0x80007070 (0xfd211f03) x30 0x00000000 mem 0x8001b020
core   0: 0x80007074 (0xfd512923) sw      s5, -46(sp)
core   0: 3 0x80007074 (0xfd512923) mem 0x8001b020 0x48d50000
core   0: 0x80007078 (0xfd212983) lw      s3, -46(sp)
core   0: 3 0x80007078 (0xfd212983) x19 0x48d50000 mem 0x8001b020
core   0: 0x8000707c (0x0ff0000f) fence   iorw,iorw
core   0: 3 0x8000707c (0x0ff0000f)
core   0: 0x80007080 (0xfd910923) sb      s9, -46(sp)
core   0: 3 0x80007080 (0xfd910923) mem 0x8001b020 0x0
core   0: 0x80007084 (0x02678833) mul     a6, a5, t1
core   0: 3 0x80007084 (0x02678833) x16 0x00000000
core   0: 0x80007088 (0xfca12003) lw      zero, -54(sp)
core   0: 3 0x80007088 (0xfca12003) mem 0x8001b018
core   0: 0x8000708c (0xfca14703) lbu     a4, -54(sp)
core   0: 3 0x8000708c (0xfca14703) x14 0x00000000 mem 0x8001b018
core   0: 0x80007090 (0xfca10803) lb      a6, -54(sp)
core   0: 3 0x80007090 (0xfca10803) x16 0x00000000 mem 0x8001b018
core   0: 0x80007094 (0xfd812523) sw      s8, -54(sp)
core   0: 3 0x80007094 (0xfd812523) mem 0x8001b018 0x00000032
core   0: 0x80007098 (0xfca15f03) lhu     t5, -54(sp)
core   0: 3 0x80007098 (0xfca15f03) x30 0x00000032 mem 0x8001b018
core   0: 0x8000709c (0xffc14e03) lbu     t3, -4(sp)
core   0: 3 0x8000709c (0xffc14e03) x28 0x00000000 mem 0x8001b04a
core   0: 0x800070a0 (0xff310e23) sb      s3, -4(sp)
core   0: 3 0x800070a0 (0xff310e23) mem 0x8001b04a 0x0
core   0: 0x800070a4 (0xffc15f83) lhu     t6, -4(sp)
core   0: 3 0x800070a4 (0xffc15f83) x31 0x00000000 mem 0x8001b04a
core   0: 0x800070a8 (0x0025b333) sltu    t1, a1, sp
core   0: 3 0x800070a8 (0x0025b333) x 6 0x00000001
core   0: 0x800070ac (0x50d6a393) slti    t2, a3, 1293
core   0: 3 0x800070ac (0x50d6a393) x 7 0x00000001
core   0: 0x800070b0 (0xfc310603) lb      a2, -61(sp)
core   0: 3 0x800070b0 (0xfc310603) x12 0x00000000 mem 0x8001b011
core   0: 0x800070b4 (0xfc8101a3) sb      s0, -61(sp)
core   0: 3 0x800070b4 (0xfc8101a3) mem 0x8001b011 0x0
core   0: 0x800070b8 (0x0000da17) auipc   s4, 0xd
core   0: 3 0x800070b8 (0x0000da17) x20 0x800140b8
core   0: 0x800070bc (0xbdea0a13) addi    s4, s4, -1058
core   0: 3 0x800070bc (0xbdea0a13) x20 0x80013c96
core   0: 0x800070c0 (0x0000dc17) auipc   s8, 0xd
core   0: 3 0x800070c0 (0x0000dc17) x24 0x800140c0
core   0: 0x800070c4 (0xd03c0c13) addi    s8, s8, -765
core   0: 3 0x800070c4 (0xd03c0c13) x24 0x80013dc3
core   0: 0x800070c8 (0xa1aa0e23) sb      s10, -1508(s4)
core   0: 3 0x800070c8 (0xa1aa0e23) mem 0x800136b2 0x0
core   0: 0x800070cc (0x03bc4c83) lbu     s9, 59(s8)
core   0: 3 0x800070cc (0x03bc4c83) x25 0x00000000 mem 0x80013dfe
core   0: 0x800070d0 (0x135a0703) lb      a4, 309(s4)
core   0: 3 0x800070d0 (0x135a0703) x14 0x00000000 mem 0x80013dcb
core   0: 0x800070d4 (0x067c4583) lbu     a1, 103(s8)
core   0: 3 0x800070d4 (0x067c4583) x11 0x00000000 mem 0x80013e2a
core   0: 0x800070d8 (0xf64a4603) lbu     a2, -156(s4)
core   0: 3 0x800070d8 (0xf64a4603) x12 0x00000000 mem 0x80013bfa
core   0: 0x800070dc (0xa31a0223) sb      a7, -1500(s4)
core   0: 3 0x800070dc (0xa31a0223) mem 0x800136ba 0x0
core   0: 0x800070e0 (0xf3bc0423) sb      s11, -216(s8)
core   0: 3 0x800070e0 (0xf3bc0423) mem 0x80013ceb 0x0
core   0: 0x800070e4 (0x01bc0c23) sb      s11, 24(s8)
core   0: 3 0x800070e4 (0x01bc0c23) mem 0x80013ddb 0x0
core   0: 0x800070e8 (0x358a1403) lh      s0, 856(s4)
core   0: 3 0x800070e8 (0x358a1403) x 8 0x00000000 mem 0x80013fee
core   0: 0x800070ec (0xf09c2703) lw      a4, -247(s8)
core   0: 3 0x800070ec (0xf09c2703) x14 0x00009200 mem 0x80013ccc
core   0: 0x800070f0 (0x060c4603) lbu     a2, 96(s8)
core   0: 3 0x800070f0 (0x060c4603) x12 0x00000000 mem 0x80013e23
core   0: 0x800070f4 (0xbbca0403) lb      s0, -1092(s4)
core   0: 3 0x800070f4 (0xbbca0403) x 8 0x00000000 mem 0x80013852
core   0: 0x800070f8 (0xf4bc4083) lbu     ra, -181(s8)
core   0: 3 0x800070f8 (0xf4bc4083) x 1 0x00000000 mem 0x80013d0e
core   0: 0x800070fc (0x00010117) auipc   sp, 0x10
core   0: 3 0x800070fc (0x00010117) x 2 0x800170fc
core   0: 0x80007100 (0x40410113) addi    sp, sp, 1028
core   0: 3 0x80007100 (0x40410113) x 2 0x80017500
core   0: 0x80007104 (0xff511923) sh      s5, -14(sp)
core   0: 3 0x80007104 (0xff511923) mem 0x800174f2 0x0000
core   0: 0x80007108 (0xff211583) lh      a1, -14(sp)
core   0: 3 0x80007108 (0xff211583) x11 0x00000000 mem 0x800174f2
core   0: 0x8000710c (0xff215d03) lhu     s10, -14(sp)
core   0: 3 0x8000710c (0xff215d03) x26 0x00000000 mem 0x800174f2
core   0: 0x80007110 (0x0ff0000f) fence   iorw,iorw
core   0: 3 0x80007110 (0x0ff0000f)
core   0: 0x80007114 (0x40dc5333) sra     t1, s8, a3
core   0: 3 0x80007114 (0x40dc5333) x 6 0xffffffe0
core   0: 0x80007118 (0xd942e197) auipc   gp, 0xd942e
core   0: 3 0x80007118 (0xd942e197) x 3 0x59435118
core   0: 0x8000711c (0xff214303) lbu     t1, -14(sp)
core   0: 3 0x8000711c (0xff214303) x 6 0x00000000 mem 0x800174f2
core   0: 0x80007120 (0xff215803) lhu     a6, -14(sp)
core   0: 3 0x80007120 (0xff215803) x16 0x00000000 mem 0x800174f2
core   0: 0x80007124 (0xff011923) sh      a6, -14(sp)
core   0: 3 0x80007124 (0xff011923) mem 0x800174f2 0x0000
core   0: 0x80007128 (0x01ec02b3) add     t0, s8, t5
core   0: 3 0x80007128 (0x01ec02b3) x 5 0x80013df5
core   0: 0x8000712c (0x010107a3) sb      a6, 15(sp)
core   0: 3 0x8000712c (0x010107a3) mem 0x8001750f 0x0
core   0: 0x80007130 (0x00f10683) lb      a3, 15(sp)
core   0: 3 0x80007130 (0x00f10683) x13 0x00000000 mem 0x8001750f
core   0: 0x80007134 (0x00f14c83) lbu     s9, 15(sp)
core   0: 3 0x80007134 (0x00f14c83) x25 0x00000000 mem 0x8001750f
core   0: 0x80007138 (0x0132bab3) sltu    s5, t0, s3
core   0: 3 0x80007138 (0x0132bab3) x21 0x00000000
core   0: 0x8000713c (0x03e355b3) divu    a1, t1, t5
core   0: 3 0x8000713c (0x03e355b3) x11 0x00000000
core   0: 0x80007140 (0x00f10b83) lb      s7, 15(sp)
core   0: 3 0x80007140 (0x00f10b83) x23 0x00000000 mem 0x8001750f
core   0: 0x80007144 (0x010107a3) sb      a6, 15(sp)
core   0: 3 0x80007144 (0x010107a3) mem 0x8001750f 0x0
core   0: 0x80007148 (0x00f10f03) lb      t5, 15(sp)
core   0: 3 0x80007148 (0x00f10f03) x30 0x00000000 mem 0x8001750f
core   0: 0x8000714c (0x00012117) auipc   sp, 0x12
core   0: 3 0x8000714c (0x00012117) x 2 0x8001914c
core   0: 0x80007150 (0xd0610113) addi    sp, sp, -762
core   0: 3 0x80007150 (0xd0610113) x 2 0x80018e52
core   0: 0x80007154 (0x026f3ab3) mulhu   s5, t5, t1
core   0: 3 0x80007154 (0x026f3ab3) x21 0x00000000
core   0: 0x80007158 (0x029ac9b3) div     s3, s5, s1
core   0: 3 0x80007158 (0x029ac9b3) x19 0x00000000
core   0: 0x8000715c (0xfdc11f83) lh      t6, -36(sp)
core   0: 3 0x8000715c (0xfdc11f83) x31 0x00000000 mem 0x80018e2e
core   0: 0x80007160 (0x00009b42) c.add   s6, a6
core   0: 3 0x80007160 (0x9b42) x22 0x00000000
core   0: 0x80007162 (0x02e04f33) div     t5, zero, a4
core   0: 3 0x80007162 (0x02e04f33) x30 0x00000000
core   0: 0x80007166 (0xfda10a83) lb      s5, -38(sp)
core   0: 3 0x80007166 (0xfda10a83) x21 0x00000000 mem 0x80018e2c
core   0: 0x8000716a (0x00e135b3) sltu    a1, sp, a4
core   0: 3 0x8000716a (0x00e135b3) x11 0x00000000
core   0: 0x8000716e (0xfd815c03) lhu     s8, -40(sp)
core   0: 3 0x8000716e (0xfd815c03) x24 0x00000000 mem 0x80018e2a
core   0: 0x80007172 (0x0122dc33) srl     s8, t0, s2
core   0: 3 0x80007172 (0x0122dc33) x24 0x080013df
core   0: 0x80007176 (0x00000001) c.nop
core   0: 3 0x80007176 (0x0001)
core   0: 0x80007178 (0x01065a33) srl     s4, a2, a6
core   0: 3 0x80007178 (0x01065a33) x20 0x00000000
core   0: 0x8000717c (0xaa426893) ori     a7, tp, -1372
core   0: 3 0x8000717c (0xaa426893) x17 0xfffffbbe
core   0: 0x80007180 (0x00006715) c.lui   a4, 0x5
core   0: 3 0x80007180 (0x6715) x14 0x00005000
core   0: 0x80007182 (0x00000001) c.nop
core   0: 3 0x80007182 (0x0001)
core   0: 0x80007184 (0x00008dd1) c.or    a1, a2
core   0: 3 0x80007184 (0x8dd1) x11 0x00000000
core   0: 0x80007186 (0x00000001) c.nop
core   0: 3 0x80007186 (0x0001)
core   0: 0x80007188 (0xdd962593) slti    a1, a2, -551
core   0: 3 0x80007188 (0xdd962593) x11 0x00000000
core   0: 0x8000718c (0x03e5c9b3) div     s3, a1, t5
core   0: 3 0x8000718c (0x03e5c9b3) x19 0xffffffff
core   0: 0x80007190 (0x03b14603) lbu     a2, 59(sp)
core   0: 3 0x80007190 (0x03b14603) x12 0x00000000 mem 0x80018e8d
core   0: 0x80007194 (0x0000633d) c.lui   t1, 0xf
core   0: 3 0x80007194 (0x633d) x 6 0x0000f000
core   0: 0x80007196 (0xfc710083) lb      ra, -57(sp)
core   0: 3 0x80007196 (0xfc710083) x 1 0x00000000 mem 0x80018e19
core   0: 0x8000719a (0x0ff0000f) fence   iorw,iorw
core   0: 3 0x8000719a (0x0ff0000f)
core   0: 0x8000719e (0x40240733) sub     a4, s0, sp
core   0: 3 0x8000719e (0x40240733) x14 0x7ffe71ae
core   0: 0x800071a2 (0x03410b03) lb      s6, 52(sp)
core   0: 3 0x800071a2 (0x03410b03) x22 0x00000000 mem 0x80018e86
core   0: 0x800071a6 (0x034f2eb3) mulhsu  t4, t5, s4
core   0: 3 0x800071a6 (0x034f2eb3) x29 0x00000000
core   0: 0x800071aa (0x00c4cdb3) xor     s11, s1, a2
core   0: 3 0x800071aa (0x00c4cdb3) x27 0x80028e64
core   0: 0x800071ae (0xce410597) auipc   a1, 0xce410
core   0: 3 0x800071ae (0xce410597) x11 0x4e4171ae
core   0: 0x800071b2 (0x01d10883) lb      a7, 29(sp)
core   0: 3 0x800071b2 (0x01d10883) x17 0x00000000 mem 0x80018e6f
core   0: 0x800071b6 (0x00000001) c.nop
core   0: 3 0x800071b6 (0x0001)
core   0: 0x800071b8 (0xffa12683) lw      a3, -6(sp)
core   0: 3 0x800071b8 (0xffa12683) x13 0x00000000 mem 0x80018e4c
core   0: 0x800071bc (0x01d14d83) lbu     s11, 29(sp)
core   0: 3 0x800071bc (0x01d14d83) x27 0x00000000 mem 0x80018e6f
core   0: 0x800071c0 (0x8d7f3813) sltiu   a6, t5, -1833
core   0: 3 0x800071c0 (0x8d7f3813) x16 0x00000001
core   0: 0x800071c4 (0x00001b7d) c.addi  s6, -1
core   0: 3 0x800071c4 (0x1b7d) x22 0xffffffff
core   0: 0x800071c6 (0x01814303) lbu     t1, 24(sp)
core   0: 3 0x800071c6 (0x01814303) x 6 0x00000000 mem 0x80018e6a
core   0: 0x800071ca (0x26d88097) auipc   ra, 0x26d88
core   0: 3 0x800071ca (0x26d88097) x 1 0xa6d8f1ca
core   0: 0x800071ce (0x158acf93) xori    t6, s5, 344
core   0: 3 0x800071ce (0x158acf93) x31 0x00000158
core   0: 0x800071d2 (0x00009a7d) c.andi  a2, -1
core   0: 3 0x800071d2 (0x9a7d) x12 0x00000000
core   0: 0x800071d4 (0x007b5033) srl     zero, s6, t2
core   0: 3 0x800071d4 (0x007b5033)
core   0: 0x800071d8 (0x01581e93) slli    t4, a6, 21
core   0: 3 0x800071d8 (0x01581e93) x29 0x00200000
core   0: 0x800071dc (0xff210703) lb      a4, -14(sp)
core   0: 3 0x800071dc (0xff210703) x14 0x00000000 mem 0x80018e44
core   0: 0x800071e0 (0xfc710623) sb      t2, -52(sp)
core   0: 3 0x800071e0 (0xfc710623) mem 0x80018e1e 0x1
core   0: 0x800071e4 (0x0000d117) auipc   sp, 0xd
core   0: 3 0x800071e4 (0x0000d117) x 2 0x800141e4
core   0: 0x800071e8 (0x97d10113) addi    sp, sp, -1667
core   0: 3 0x800071e8 (0x97d10113) x 2 0x80013b61
core   0: 0x800071ec (0x016187b3) add     a5, gp, s6
core   0: 3 0x800071ec (0x016187b3) x15 0x59435117
core   0: 0x800071f0 (0x0ff10523) sb      t6, 234(sp)
core   0: 3 0x800071f0 (0x0ff10523) mem 0x80013c4b 0x58
core   0: 0x800071f4 (0x032f7233) remu    tp, t5, s2
core   0: 3 0x800071f4 (0x032f7233) x 4 0x00000000
core   0: 0x800071f8 (0x00ca1413) slli    s0, s4, 12
core   0: 3 0x800071f8 (0x00ca1413) x 8 0x00000000
core   0: 0x800071fc (0x00e23033) sltu    zero, tp, a4
core   0: 3 0x800071fc (0x00e23033)
core   0: 0x80007200 (0xd0a3e893) ori     a7, t2, -758
core   0: 3 0x80007200 (0xd0a3e893) x17 0xfffffd0b
core   0: 0x80007204 (0x061111a3) sh      ra, 99(sp)
core   0: 3 0x80007204 (0x061111a3) mem 0x80013bc4 0xf1ca
core   0: 0x80007208 (0x0000624d) c.lui   tp, 0x13
core   0: 3 0x80007208 (0x624d) x 4 0x00013000
core   0: 0x8000720a (0x7c027a17) auipc   s4, 0x7c027
core   0: 3 0x8000720a (0x7c027a17) x20 0xfc02e20a
core   0: 0x8000720e (0x06d10523) sb      a3, 106(sp)
core   0: 3 0x8000720e (0x06d10523) mem 0x80013bcb 0x0
core   0: 0x80007212 (0x00008c15) c.sub   s0, a3
core   0: 3 0x80007212 (0x8c15) x 8 0x00000000
core   0: 0x80007214 (0xfca10283) lb      t0, -54(sp)
core   0: 3 0x80007214 (0xfca10283) x 5 0xffffffe4 mem 0x80013b2b
core   0: 0x80007218 (0xf8914003) lbu     zero, -119(sp)
core   0: 3 0x80007218 (0xf8914003) mem 0x80013aea
core   0: 0x8000721c (0xfd210b03) lb      s6, -46(sp)
core   0: 3 0x8000721c (0xfd210b03) x22 0x00000000 mem 0x80013b33
core   0: 0x80007220 (0x40da88b3) sub     a7, s5, a3
core   0: 3 0x80007220 (0x40da88b3) x17 0x00000000
core   0: 0x80007224 (0x019351b3) srl     gp, t1, s9
core   0: 3 0x80007224 (0x019351b3) x 3 0x00000000
core   0: 0x80007228 (0xf8510c83) lb      s9, -123(sp)
core   0: 3 0x80007228 (0xf8510c83) x25 0x00000000 mem 0x80013ae6
core   0: 0x8000722c (0x07c10423) sb      t3, 104(sp)
core   0: 3 0x8000722c (0x07c10423) mem 0x80013bc9 0x0
core   0: 0x80007230 (0x00000001) c.nop
core   0: 3 0x80007230 (0x0001)
core   0: 0x80007232 (0x014bf5b3) and     a1, s7, s4
core   0: 3 0x80007232 (0x014bf5b3) x11 0x00000000
core   0: 0x80007236 (0x018eafb3) slt     t6, t4, s8
core   0: 3 0x80007236 (0x018eafb3) x31 0x00000001
core   0: 0x8000723a (0xf3d10423) sb      t4, -216(sp)
core   0: 3 0x8000723a (0xf3d10423) mem 0x80013a89 0x0
core   0: 0x8000723e (0x07b15b03) lhu     s6, 123(sp)
core   0: 3 0x8000723e (0x07b15b03) x22 0x00000000 mem 0x80013bdc
core   0: 0x80007242 (0xf8315083) lhu     ra, -125(sp)
core   0: 3 0x80007242 (0xf8315083) x 1 0x00000000 mem 0x80013ae4
core   0: 0x80007246 (0x0d3125a3) sw      s3, 203(sp)
core   0: 3 0x80007246 (0x0d3125a3) mem 0x80013c2c 0xffffffff
core   0: 0x8000724a (0x014eb3b3) sltu    t2, t4, s4
core   0: 3 0x8000724a (0x014eb3b3) x 7 0x00000001
core   0: 0x8000724e (0x035fed33) rem     s10, t6, s5
core   0: 3 0x8000724e (0x035fed33) x26 0x00000001
core   0: 0x80007252 (0x02515183) lhu     gp, 37(sp)
core   0: 3 0x80007252 (0x02515183) x 3 0x00000100 mem 0x80013b86
core   0: 0x80007256 (0x0384a5b3) mulhsu  a1, s1, s8
core   0: 3 0x80007256 (0x0384a5b3) x11 0xfc000a83
core   0: 0x8000725a (0x00008e89) c.sub   a3, a0
core   0: 3 0x8000725a (0x8e89) x13 0x02c1de26
core   0: 0x8000725c (0x018ccc33) xor     s8, s9, s8
core   0: 3 0x8000725c (0x018ccc33) x24 0x080013df
core   0: 0x80007260 (0x02ffbf33) mulhu   t5, t6, a5
core   0: 3 0x80007260 (0x02ffbf33) x30 0x00000000
core   0: 0x80007264 (0x002ed1b3) srl     gp, t4, sp
core   0: 3 0x80007264 (0x002ed1b3) x 3 0x00100000
core   0: 0x80007268 (0xf6414683) lbu     a3, -156(sp)
core   0: 3 0x80007268 (0xf6414683) x13 0x00000000 mem 0x80013ac5
core   0: 0x8000726c (0x00016597) auipc   a1, 0x16
core   0: 3 0x8000726c (0x00016597) x11 0x8001d26c
core   0: 0x80007270 (0x99758593) addi    a1, a1, -1641
core   0: 3 0x80007270 (0x99758593) x11 0x8001cc03
core   0: 0x80007274 (0x33658723) sb      s6, 814(a1)
core   0: 3 0x80007274 (0x33658723) mem 0x8001cf31 0x0
core   0: 0x80007278 (0x00008c61) c.and   s0, s0
core   0: 3 0x80007278 (0x8c61) x 8 0x00000000
core   0: 0x8000727a (0x41015633) sra     a2, sp, a6
core   0: 3 0x8000727a (0x41015633) x12 0xc0009db0
core   0: 0x8000727e (0x03c58283) lb      t0, 60(a1)
core   0: 3 0x8000727e (0x03c58283) x 5 0x00000000 mem 0x8001cc3f
core   0: 0x80007282 (0x03c5c683) lbu     a3, 60(a1)
core   0: 3 0x80007282 (0x03c5c683) x13 0x00000000 mem 0x8001cc3f
core   0: 0x80007286 (0x03c5ca03) lbu     s4, 60(a1)
core   0: 3 0x80007286 (0x03c5ca03) x20 0x00000000 mem 0x8001cc3f
core   0: 0x8000728a (0x03c5c083) lbu     ra, 60(a1)
core   0: 3 0x8000728a (0x03c5c083) x 1 0x00000000 mem 0x8001cc3f
core   0: 0x8000728e (0x3dd5c883) lbu     a7, 989(a1)
core   0: 3 0x8000728e (0x3dd5c883) x17 0x00000000 mem 0x8001cfe0
core   0: 0x80007292 (0x3dd58983) lb      s3, 989(a1)
core   0: 3 0x80007292 (0x3dd58983) x19 0x00000000 mem 0x8001cfe0
core   0: 0x80007296 (0xc8758ba3) sb      t2, -873(a1)
core   0: 3 0x80007296 (0xc8758ba3) mem 0x8001c89a 0x1
core   0: 0x8000729a (0xc975df83) lhu     t6, -873(a1)
core   0: 3 0x8000729a (0xc975df83) x31 0x00000001 mem 0x8001c89a
core   0: 0x8000729e (0xc975d403) lhu     s0, -873(a1)
core   0: 3 0x8000729e (0xc975d403) x 8 0x00000001 mem 0x8001c89a
core   0: 0x800072a2 (0xdbe2ef13) ori     t5, t0, -578
core   0: 3 0x800072a2 (0xdbe2ef13) x30 0xfffffdbe
core   0: 0x800072a6 (0xc9458ba3) sb      s4, -873(a1)
core   0: 3 0x800072a6 (0xc9458ba3) mem 0x8001c89a 0x0
core   0: 0x800072aa (0xc8f58ba3) sb      a5, -873(a1)
core   0: 3 0x800072aa (0xc8f58ba3) mem 0x8001c89a 0x17
core   0: 0x800072ae (0xc9758e83) lb      t4, -873(a1)
core   0: 3 0x800072ae (0xc9758e83) x29 0x00000017 mem 0x8001c89a
core   0: 0x800072b2 (0xc975dc83) lhu     s9, -873(a1)
core   0: 3 0x800072b2 (0xc975dc83) x25 0x00000017 mem 0x8001c89a
core   0: 0x800072b6 (0xc9759003) lh      zero, -873(a1)
core   0: 3 0x800072b6 (0xc9759003) mem 0x8001c89a
core   0: 0x800072ba (0x30f596a3) sh      a5, 781(a1)
core   0: 3 0x800072ba (0x30f596a3) mem 0x8001cf10 0x5117
core   0: 0x800072be (0x00008712) c.mv    a4, tp
core   0: 3 0x800072be (0x8712) x14 0x00013000
core   0: 0x800072c0 (0x30d5a883) lw      a7, 781(a1)
core   0: 3 0x800072c0 (0x30d5a883) x17 0x00005117 mem 0x8001cf10
core   0: 0x800072c4 (0x305596a3) sh      t0, 781(a1)
core   0: 3 0x800072c4 (0x305596a3) mem 0x8001cf10 0x0000
core   0: 0x800072c8 (0x00000001) c.nop
core   0: 3 0x800072c8 (0x0001)
core   0: 0x800072ca (0x00000001) c.nop
core   0: 3 0x800072ca (0x0001)
core   0: 0x800072cc (0x30e5a6a3) sw      a4, 781(a1)
core   0: 3 0x800072cc (0x30e5a6a3) mem 0x8001cf10 0x00013000
core   0: 0x800072d0 (0x30d5dc03) lhu     s8, 781(a1)
core   0: 3 0x800072d0 (0x30d5dc03) x24 0x00003000 mem 0x8001cf10
core   0: 0x800072d4 (0x00012117) auipc   sp, 0x12
core   0: 3 0x800072d4 (0x00012117) x 2 0x800192d4
core   0: 0x800072d8 (0xd4710113) addi    sp, sp, -697
core   0: 3 0x800072d8 (0xd4710113) x 2 0x8001901b
core   0: 0x800072dc (0xffc10603) lb      a2, -4(sp)
core   0: 3 0x800072dc (0xffc10603) x12 0x00000000 mem 0x80019017
core   0: 0x800072e0 (0x00000001) c.nop
core   0: 3 0x800072e0 (0x0001)
core   0: 0x800072e2 (0xfe411fa3) sh      tp, -1(sp)
core   0: 3 0x800072e2 (0xfe411fa3) mem 0x8001901a 0x3000
core   0: 0x800072e6 (0x026f06b3) mul     a3, t5, t1
core   0: 3 0x800072e6 (0x026f06b3) x13 0x00000000
core   0: 0x800072ea (0xfff14303) lbu     t1, -1(sp)
core   0: 3 0x800072ea (0xfff14303) x 6 0x00000000 mem 0x8001901a
core   0: 0x800072ee (0xfff10183) lb      gp, -1(sp)
core   0: 3 0x800072ee (0xfff10183) x 3 0x00000000 mem 0x8001901a
core   0: 0x800072f2 (0xfff15683) lhu     a3, -1(sp)
core   0: 3 0x800072f2 (0xfff15683) x13 0x00003000 mem 0x8001901a
core   0: 0x800072f6 (0xff315e83) lhu     t4, -13(sp)
core   0: 3 0x800072f6 (0xff315e83) x29 0x00000000 mem 0x8001900e
core   0: 0x800072fa (0xff314383) lbu     t2, -13(sp)
core   0: 3 0x800072fa (0xff314383) x 7 0x00000000 mem 0x8001900e
core   0: 0x800072fe (0x00314183) lbu     gp, 3(sp)
core   0: 3 0x800072fe (0x00314183) x 3 0x00000000 mem 0x8001901e
core   0: 0x80007302 (0x00008ff5) c.and   a5, a3
core   0: 3 0x80007302 (0x8ff5) x15 0x00001000
core   0: 0x80007304 (0x41fdd013) srai    zero, s11, 31
core   0: 3 0x80007304 (0x41fdd013)
core   0: 0x80007308 (0x0320ed33) rem     s10, ra, s2
core   0: 3 0x80007308 (0x0320ed33) x26 0x00000000
core   0: 0x8000730c (0x00e14703) lbu     a4, 14(sp)
core   0: 3 0x8000730c (0x00e14703) x14 0x00000000 mem 0x80019029
core   0: 0x80007310 (0x0315dfb3) divu    t6, a1, a7
core   0: 3 0x80007310 (0x0315dfb3) x31 0x0001941d
core   0: 0x80007314 (0x00e10a83) lb      s5, 14(sp)
core   0: 3 0x80007314 (0x00e10a83) x21 0x00000000 mem 0x80019029
core   0: 0x80007318 (0x00b10083) lb      ra, 11(sp)
core   0: 3 0x80007318 (0x00b10083) x 1 0x00000000 mem 0x80019026
core   0: 0x8000731c (0xfff10203) lb      tp, -1(sp)
core   0: 3 0x8000731c (0xfff10203) x 4 0x00000000 mem 0x8001901a
core   0: 0x80007320 (0x0000d117) auipc   sp, 0xd
core   0: 3 0x80007320 (0x0000d117) x 2 0x80014320
core   0: 0x80007324 (0x70310113) addi    sp, sp, 1795
core   0: 3 0x80007324 (0x70310113) x 2 0x80014a23
core   0: 0x80007328 (0x00012297) auipc   t0, 0x12
core   0: 3 0x80007328 (0x00012297) x 5 0x80019328
core   0: 0x8000732c (0x8e928293) addi    t0, t0, -1815
core   0: 3 0x8000732c (0x8e928293) x 5 0x80018c11
core   0: 0x80007330 (0x00013397) auipc   t2, 0x13
core   0: 3 0x80007330 (0x00013397) x 7 0x8001a330
core   0: 0x80007334 (0xb3438393) addi    t2, t2, -1228
core   0: 3 0x80007334 (0xb3438393) x 7 0x80019e64
core   0: 0x80007338 (0xffc28203) lb      tp, -4(t0)
core   0: 3 0x80007338 (0xffc28203) x 4 0x00000000 mem 0x80018c0d
core   0: 0x8000733c (0x0102c783) lbu     a5, 16(t0)
core   0: 3 0x8000733c (0x0102c783) x15 0x00000000 mem 0x80018c21
core   0: 0x80007340 (0x35514a03) lbu     s4, 853(sp)
core   0: 3 0x80007340 (0x35514a03) x20 0x00000000 mem 0x80014d78
core   0: 0x80007344 (0x00011b17) auipc   s6, 0x11
core   0: 3 0x80007344 (0x00011b17) x22 0x80018344
core   0: 0x80007348 (0xbecb0b13) addi    s6, s6, -1044
core   0: 3 0x80007348 (0xbecb0b13) x22 0x80017f30
core   0: 0x8000734c (0x0000f597) auipc   a1, 0xf
core   0: 3 0x8000734c (0x0000f597) x11 0x8001634c
core   0: 0x80007350 (0x97f58593) addi    a1, a1, -1665
core   0: 3 0x80007350 (0x97f58593) x11 0x80015ccb
core   0: 0x80007354 (0x75d5c183) lbu     gp, 1885(a1)
core   0: 3 0x80007354 (0x75d5c183) x 3 0x00000000 mem 0x80016428
core   0: 0x80007358 (0xff9b2823) sw      s9, -16(s6)
core   0: 3 0x80007358 (0xff9b2823) mem 0x80017f20 0x00000017
core   0: 0x8000735c (0xffbb4f03) lbu     t5, -5(s6)
core   0: 3 0x8000735c (0xffbb4f03) x30 0x00000000 mem 0x80017f2b
core   0: 0x80007360 (0x00db0e03) lb      t3, 13(s6)
core   0: 3 0x80007360 (0x00db0e03) x28 0x00000000 mem 0x80017f3d
core   0: 0x80007364 (0xffb2cd83) lbu     s11, -5(t0)
core   0: 3 0x80007364 (0xffb2cd83) x27 0x00000000 mem 0x80018c0c
core   0: 0x80007368 (0xc6058aa3) sb      zero, -907(a1)
core   0: 3 0x80007368 (0xc6058aa3) mem 0x80015940 0x0
core   0: 0x8000736c (0x00028003) lb      zero, 0(t0)
core   0: 3 0x8000736c (0x00028003) mem 0x80018c11
core   0: 0x80007370 (0xbe010783) lb      a5, -1056(sp)
core   0: 3 0x80007370 (0xbe010783) x15 0x00000000 mem 0x80014603
core   0: 0x80007374 (0xa4c10f83) lb      t6, -1460(sp)
core   0: 3 0x80007374 (0xa4c10f83) x31 0x00000000 mem 0x8001446f
core   0: 0x80007378 (0x7b938083) lb      ra, 1977(t2)
core   0: 3 0x80007378 (0x7b938083) x 1 0x00000000 mem 0x8001a61d
core   0: 0x8000737c (0xff0b4883) lbu     a7, -16(s6)
core   0: 3 0x8000737c (0xff0b4883) x17 0x00000017 mem 0x80017f20
core   0: 0x80007380 (0x6d414183) lbu     gp, 1748(sp)
core   0: 3 0x80007380 (0x6d414183) x 3 0x00000000 mem 0x800150f7
core   0: 0x80007384 (0xff2b08a3) sb      s2, -15(s6)
core   0: 3 0x80007384 (0xff2b08a3) mem 0x80017f21 0xe4
core   0: 0x80007388 (0xff32c403) lbu     s0, -13(t0)
core   0: 3 0x80007388 (0xff32c403) x 8 0x00000000 mem 0x80018c04
core   0: 0x8000738c (0x30e5aaa3) sw      a4, 789(a1)
core   0: 3 0x8000738c (0x30e5aaa3) mem 0x80015fe0 0x00000000
core   0: 0x80007390 (0xff8b09a3) sb      s8, -13(s6)
core   0: 3 0x80007390 (0xff8b09a3) mem 0x80017f23 0x0
core   0: 0x80007394 (0x97c14883) lbu     a7, -1668(sp)
core   0: 3 0x80007394 (0x97c14883) x17 0x00000000 mem 0x8001439f
core   0: 0x80007398 (0xffb2a403) lw      s0, -5(t0)
core   0: 3 0x80007398 (0xffb2a403) x 8 0x00000000 mem 0x80018c0c
core   0: 0x8000739c (0xead385a3) sb      a3, -341(t2)
core   0: 3 0x8000739c (0xead385a3) mem 0x80019d0f 0x0
core   0: 0x800073a0 (0xff428303) lb      t1, -12(t0)
core   0: 3 0x800073a0 (0xff428303) x 6 0x00000000 mem 0x80018c05
core   0: 0x800073a4 (0x00228423) sb      sp, 8(t0)
core   0: 3 0x800073a4 (0x00228423) mem 0x80018c19 0x23
core   0: 0x800073a8 (0x005b0703) lb      a4, 5(s6)
core   0: 3 0x800073a8 (0x005b0703) x14 0x00000000 mem 0x80017f35
core   0: 0x800073ac (0x018b01a3) sb      s8, 3(s6)
core   0: 3 0x800073ac (0x018b01a3) mem 0x80017f33 0x0
core   0: 0x800073b0 (0x58a58f03) lb      t5, 1418(a1)
core   0: 3 0x800073b0 (0x58a58f03) x30 0x00000000 mem 0x80016255
core   0: 0x800073b4 (0x967599a3) sh      t2, -1677(a1)
core   0: 3 0x800073b4 (0x967599a3) mem 0x8001563e 0x9e64
core   0: 0x800073b8 (0xc60385a3) sb      zero, -917(t2)
core   0: 3 0x800073b8 (0xc60385a3) mem 0x80019acf 0x0
core   0: 0x800073bc (0x005b0a03) lb      s4, 5(s6)
core   0: 3 0x800073bc (0x005b0a03) x20 0x00000000 mem 0x80017f35
core   0: 0x800073c0 (0xff728c23) sb      s7, -8(t0)
core   0: 3 0x800073c0 (0xff728c23) mem 0x80018c09 0x0
core   0: 0x800073c4 (0xadf14d83) lbu     s11, -1313(sp)
core   0: 3 0x800073c4 (0xadf14d83) x27 0x00000000 mem 0x80014502
core   0: 0x800073c8 (0x5843a183) lw      gp, 1412(t2)
core   0: 3 0x800073c8 (0x5843a183) x 3 0x00000000 mem 0x8001a3e8
core   0: 0x800073cc (0x5d5110a3) sh      s5, 1473(sp)
core   0: 3 0x800073cc (0x5d5110a3) mem 0x80014fe4 0x0000
core   0: 0x800073d0 (0x9ed389a3) sb      a3, -1549(t2)
core   0: 3 0x800073d0 (0x9ed389a3) mem 0x80019857 0x0
core   0: 0x800073d4 (0xff42cc83) lbu     s9, -12(t0)
core   0: 3 0x800073d4 (0xff42cc83) x25 0x00000000 mem 0x80018c05
core   0: 0x800073d8 (0xff3b0a23) sb      s3, -12(s6)
core   0: 3 0x800073d8 (0xff3b0a23) mem 0x80017f24 0x0
core   0: 0x800073dc (0x0000df17) auipc   t5, 0xd
core   0: 3 0x800073dc (0x0000df17) x30 0x800143dc
core   0: 0x800073e0 (0xc4af0f13) addi    t5, t5, -950
core   0: 3 0x800073e0 (0xc4af0f13) x30 0x80014026
core   0: 0x800073e4 (0xffef1983) lh      s3, -2(t5)
core   0: 3 0x800073e4 (0xffef1983) x19 0x00000000 mem 0x80014024
core   0: 0x800073e8 (0x00019797) auipc   a5, 0x19
core   0: 3 0x800073e8 (0x00019797) x15 0x800203e8
core   0: 0x800073ec (0x2e078793) addi    a5, a5, 736
core   0: 3 0x800073ec (0x2e078793) x15 0x800206c8
core   0: 0x800073f0 (0x03978a83) lb      s5, 57(a5)
core   0: 3 0x800073f0 (0x03978a83) x21 0x00000000 mem 0x80020701
core   0: 0x800073f4 (0x015f00a3) sb      s5, 1(t5)
core   0: 3 0x800073f4 (0x015f00a3) mem 0x80014027 0x0
core   0: 0x800073f8 (0xff8f4203) lbu     tp, -8(t5)
core   0: 3 0x800073f8 (0xff8f4203) x 4 0x00000000 mem 0x8001401e
core   0: 0x800073fc (0x03d78ba3) sb      t4, 55(a5)
core   0: 3 0x800073fc (0x03d78ba3) mem 0x800206ff 0x0
core   0: 0x80007400 (0xfc1784a3) sb      ra, -55(a5)
core   0: 3 0x80007400 (0xfc1784a3) mem 0x80020691 0x0
core   0: 0x80007404 (0x02f78183) lb      gp, 47(a5)
core   0: 3 0x80007404 (0x02f78183) x 3 0x00000000 mem 0x800206f7
core   0: 0x80007408 (0xfe7f0ba3) sb      t2, -9(t5)
core   0: 3 0x80007408 (0xfe7f0ba3) mem 0x8001401d 0x64
core   0: 0x8000740c (0x001f4203) lbu     tp, 1(t5)
core   0: 3 0x8000740c (0x001f4203) x 4 0x00000000 mem 0x80014027
core   0: 0x80007410 (0xfee782a3) sb      a4, -27(a5)
core   0: 3 0x80007410 (0xfee782a3) mem 0x800206ad 0x0
core   0: 0x80007414 (0xff9f4203) lbu     tp, -7(t5)
core   0: 3 0x80007414 (0xff9f4203) x 4 0x00000000 mem 0x8001401f
core   0: 0x80007418 (0x00df4583) lbu     a1, 13(t5)
core   0: 3 0x80007418 (0x00df4583) x11 0x00000000 mem 0x80014033
core   0: 0x8000741c (0x02479d23) sh      tp, 58(a5)
core   0: 3 0x8000741c (0x02479d23) mem 0x80020702 0x0000
core   0: 0x80007420 (0x00bf0d03) lb      s10, 11(t5)
core   0: 3 0x80007420 (0x00bf0d03) x26 0x00000000 mem 0x80014031
core   0: 0x80007424 (0x011787a3) sb      a7, 15(a5)
core   0: 3 0x80007424 (0x011787a3) mem 0x800206d7 0x0
core   0: 0x80007428 (0xfe379223) sh      gp, -28(a5)
core   0: 3 0x80007428 (0xfe379223) mem 0x800206ac 0x0000
core   0: 0x8000742c (0x00078ba3) sb      zero, 23(a5)
core   0: 3 0x8000742c (0x00078ba3) mem 0x800206df 0x0
core   0: 0x80007430 (0xff1f08a3) sb      a7, -15(t5)
core   0: 3 0x80007430 (0xff1f08a3) mem 0x80014017 0x0
core   0: 0x80007434 (0x01078d83) lb      s11, 16(a5)
core   0: 3 0x80007434 (0x01078d83) x27 0x00000000 mem 0x800206d8
core   0: 0x80007438 (0x0001c717) auipc   a4, 0x1c
core   0: 3 0x80007438 (0x0001c717) x14 0x80023438
core   0: 0x8000743c (0x72a70713) addi    a4, a4, 1834
core   0: 3 0x8000743c (0x72a70713) x14 0x80023b62
core   0: 0x80007440 (0x3c571323) sh      t0, 966(a4)
core   0: 3 0x80007440 (0x3c571323) mem 0x80023f28 0x8c11
core   0: 0x80007444 (0x3c675f83) lhu     t6, 966(a4)
core   0: 3 0x80007444 (0x3c675f83) x31 0x00008c11 mem 0x80023f28
core   0: 0x80007448 (0x3c674603) lbu     a2, 966(a4)
core   0: 3 0x80007448 (0x3c674603) x12 0x00000011 mem 0x80023f28
core   0: 0x8000744c (0x3d971323) sh      s9, 966(a4)
core   0: 3 0x8000744c (0x3d971323) mem 0x80023f28 0x0000
core   0: 0x80007450 (0x3c675583) lhu     a1, 966(a4)
core   0: 3 0x80007450 (0x3c675583) x11 0x00000000 mem 0x80023f28
core   0: 0x80007454 (0x3c671103) lh      sp, 966(a4)
core   0: 3 0x80007454 (0x3c671103) x 2 0x00000000 mem 0x80023f28
core   0: 0x80007458 (0x3ca72323) sw      a0, 966(a4)
core   0: 3 0x80007458 (0x3ca72323) mem 0x80023f28 0xfd3e21da
core   0: 0x8000745c (0x3c674003) lbu     zero, 966(a4)
core   0: 3 0x8000745c (0x3c674003) mem 0x80023f28
core   0: 0x80007460 (0x3c670c83) lb      s9, 966(a4)
core   0: 3 0x80007460 (0x3c670c83) x25 0xffffffda mem 0x80023f28
core   0: 0x80007464 (0x3c675203) lhu     tp, 966(a4)
core   0: 3 0x80007464 (0x3c675203) x 4 0x000021da mem 0x80023f28
core   0: 0x80007468 (0x3c670e83) lb      t4, 966(a4)
core   0: 3 0x80007468 (0x3c670e83) x29 0xffffffda mem 0x80023f28
core   0: 0x8000746c (0x3c770323) sb      t2, 966(a4)
core   0: 3 0x8000746c (0x3c770323) mem 0x80023f28 0x64
core   0: 0x80007470 (0x3c672603) lw      a2, 966(a4)
core   0: 3 0x80007470 (0x3c672603) x12 0xfd3e2164 mem 0x80023f28
core   0: 0x80007474 (0x032f10b3) mulh    ra, t5, s2
core   0: 3 0x80007474 (0x032f10b3) x 1 0x3ffdf97e
core   0: 0x80007478 (0x3c071323) sh      zero, 966(a4)
core   0: 3 0x80007478 (0x3c071323) mem 0x80023f28 0x0000
core   0: 0x8000747c (0x3d070323) sb      a6, 966(a4)
core   0: 3 0x8000747c (0x3d070323) mem 0x80023f28 0x1
core   0: 0x80007480 (0x3d772323) sw      s7, 966(a4)
core   0: 3 0x80007480 (0x3d772323) mem 0x80023f28 0x00000000
core   0: 0x80007484 (0x3c671b03) lh      s6, 966(a4)
core   0: 3 0x80007484 (0x3c671b03) x22 0x00000000 mem 0x80023f28
core   0: 0x80007488 (0x02271283) lh      t0, 34(a4)
core   0: 3 0x80007488 (0x02271283) x 5 0x00000000 mem 0x80023b84
core   0: 0x8000748c (0x0000e097) auipc   ra, 0xe
core   0: 3 0x8000748c (0x0000e097) x 1 0x8001548c
core   0: 0x80007490 (0x74608093) addi    ra, ra, 1862
core   0: 3 0x80007490 (0x74608093) x 1 0x80015bd2
core   0: 0x80007494 (0x41d258b3) sra     a7, tp, t4
core   0: 3 0x80007494 (0x41d258b3) x17 0x00000000
core   0: 0x80007498 (0x47a0ca03) lbu     s4, 1146(ra)
core   0: 3 0x80007498 (0x47a0ca03) x20 0x00000000 mem 0x8001604c
core   0: 0x8000749c (0x4700ad23) sw      a6, 1146(ra)
core   0: 3 0x8000749c (0x4700ad23) mem 0x8001604c 0x00000001
core   0: 0x800074a0 (0x00008e71) c.and   a2, a2
core   0: 3 0x800074a0 (0x8e71) x12 0xfd3e2164
core   0: 0x800074a2 (0x47a0d203) lhu     tp, 1146(ra)
core   0: 3 0x800074a2 (0x47a0d203) x 4 0x00000001 mem 0x8001604c
core   0: 0x800074a6 (0x47a09703) lh      a4, 1146(ra)
core   0: 3 0x800074a6 (0x47a09703) x14 0x00000001 mem 0x8001604c
core   0: 0x800074aa (0x47a09183) lh      gp, 1146(ra)
core   0: 3 0x800074aa (0x47a09183) x 3 0x00000001 mem 0x8001604c
core   0: 0x800074ae (0x47a0d103) lhu     sp, 1146(ra)
core   0: 3 0x800074ae (0x47a0d103) x 2 0x00000001 mem 0x8001604c
core   0: 0x800074b2 (0x47a0d303) lhu     t1, 1146(ra)
core   0: 3 0x800074b2 (0x47a0d303) x 6 0x00000001 mem 0x8001604c
core   0: 0x800074b6 (0x4720ad23) sw      s2, 1146(ra)
core   0: 3 0x800074b6 (0x4720ad23) mem 0x8001604c 0x8002cce4
core   0: 0x800074ba (0xbce0a583) lw      a1, -1074(ra)
core   0: 3 0x800074ba (0xbce0a583) x11 0x00000000 mem 0x800157a0
core   0: 0x800074be (0xbce0a103) lw      sp, -1074(ra)
core   0: 3 0x800074be (0xbce0a103) x 2 0x00000000 mem 0x800157a0
core   0: 0x800074c2 (0x0000cf97) auipc   t6, 0xc
core   0: 3 0x800074c2 (0x0000cf97) x31 0x800134c2
core   0: 0x800074c6 (0x510f8f93) addi    t6, t6, 1296
core   0: 3 0x800074c6 (0x510f8f93) x31 0x800139d2
core   0: 0x800074ca (0x01bf5693) srli    a3, t5, 27
core   0: 3 0x800074ca (0x01bf5693) x13 0x00000010
core   0: 0x800074ce (0x8f1f8aa3) sb      a7, -1803(t6)
core   0: 3 0x800074ce (0x8f1f8aa3) mem 0x800132c7 0x0
core   0: 0x800074d2 (0x930f8223) sb      a6, -1756(t6)
core   0: 3 0x800074d2 (0x930f8223) mem 0x800132f6 0x1
core   0: 0x800074d6 (0x8a3fcf03) lbu     t5, -1885(t6)
core   0: 3 0x800074d6 (0x8a3fcf03) x30 0x00000038 mem 0x80013275
core   0: 0x800074da (0x08cf9f03) lh      t5, 140(t6)
core   0: 3 0x800074da (0x08cf9f03) x30 0x00000000 mem 0x80013a5e
core   0: 0x800074de (0x0000100f) fence.i
core   0: 3 0x800074de (0x0000100f)
core   0: 0x800074e2 (0x164f8e83) lb      t4, 356(t6)
core   0: 3 0x800074e2 (0x164f8e83) x29 0x00000000 mem 0x80013b36
core   0: 0x800074e6 (0x419388b3) sub     a7, t2, s9
core   0: 3 0x800074e6 (0x419388b3) x17 0x80019e8a
core   0: 0x800074ea (0x00008051) c.srli  s0, 20
core   0: 3 0x800074ea (0x8051) x 8 0x00000000
core   0: 0x800074ec (0xb9ef9223) sh      t5, -1148(t6)
core   0: 3 0x800074ec (0xb9ef9223) mem 0x80013556 0x0000
core   0: 0x800074f0 (0x4085d413) srai    s0, a1, 8
core   0: 3 0x800074f0 (0x4085d413) x 8 0x00000000
core   0: 0x800074f4 (0x6c81f593) andi    a1, gp, 1736
core   0: 3 0x800074f4 (0x6c81f593) x11 0x00000000
core   0: 0x800074f8 (0x0000048c) c.addi4spn a1, sp, 576
core   0: 3 0x800074f8 (0x048c) x11 0x00000240
core   0: 0x800074fa (0xbbcf8da3) sb      t3, -1093(t6)
core   0: 3 0x800074fa (0xbbcf8da3) mem 0x8001358d 0x0
core   0: 0x800074fe (0x000085c2) c.mv    a1, a6
core   0: 3 0x800074fe (0x85c2) x11 0x00000001
core   0: 0x80007500 (0x00008f35) c.xor   a4, a3
core   0: 3 0x80007500 (0x8f35) x14 0x00000011
core   0: 0x80007502 (0x40bc5c93) srai    s9, s8, 11
core   0: 3 0x80007502 (0x40bc5c93) x25 0x00000006
core   0: 0x80007506 (0xa31f9d23) sh      a7, -1478(t6)
core   0: 3 0x80007506 (0xa31f9d23) mem 0x8001340c 0x9e8a
core   0: 0x8000750a (0xfd7f9e23) sh      s7, -36(t6)
core   0: 3 0x8000750a (0xfd7f9e23) mem 0x800139ae 0x0000
core   0: 0x8000750e (0x038fec33) rem     s8, t6, s8
core   0: 3 0x8000750e (0x038fec33) x24 0xfffff9d2
core   0: 0x80007512 (0xa69f87a3) sb      s1, -1425(t6)
core   0: 3 0x80007512 (0xa69f87a3) mem 0x80013441 0x64
core   0: 0x80007516 (0x1f4fc583) lbu     a1, 500(t6)
core   0: 3 0x80007516 (0x1f4fc583) x11 0x00000000 mem 0x80013bc6
core   0: 0x8000751a (0x01016e33) or      t3, sp, a6
core   0: 3 0x8000751a (0x01016e33) x28 0x00000001
core   0: 0x8000751e (0x877fcf03) lbu     t5, -1929(t6)
core   0: 3 0x8000751e (0x877fcf03) x30 0x00000000 mem 0x80013249
core   0: 0x80007522 (0xdeffc103) lbu     sp, -529(t6)
core   0: 3 0x80007522 (0xdeffc103) x 2 0x00000000 mem 0x800137c1
core   0: 0x80007526 (0x8fdf8183) lb      gp, -1795(t6)
core   0: 3 0x80007526 (0x8fdf8183) x 3 0x00000000 mem 0x800132cf
core   0: 0x8000752a (0x0000019c) c.addi4spn a5, sp, 192
core   0: 3 0x8000752a (0x019c) x15 0x000000c0
core   0: 0x8000752c (0x27df8ba3) sb      t4, 631(t6)
core   0: 3 0x8000752c (0x27df8ba3) mem 0x80013c49 0x0
core   0: 0x80007530 (0x363f8883) lb      a7, 867(t6)
core   0: 3 0x80007530 (0x363f8883) x17 0x00000000 mem 0x80013d35
core   0: 0x80007534 (0x5d1f8583) lb      a1, 1489(t6)
core   0: 3 0x80007534 (0x5d1f8583) x11 0x00000000 mem 0x80013fa3
core   0: 0x80007538 (0x351f8383) lb      t2, 849(t6)
core   0: 3 0x80007538 (0x351f8383) x 7 0x00000000 mem 0x80013d23
core   0: 0x8000753c (0x502f87a3) sb      sp, 1295(t6)
core   0: 3 0x8000753c (0x502f87a3) mem 0x80013ee1 0x0
core   0: 0x80007540 (0x00008471) c.srai  s0, 28
core   0: 3 0x80007540 (0x8471) x 8 0x00000000
core   0: 0x80007542 (0xe40f9203) lh      tp, -448(t6)
core   0: 3 0x80007542 (0xe40f9203) x 4 0x00000000 mem 0x80013812
core   0: 0x80007546 (0x03b2ed33) rem     s10, t0, s11
core   0: 3 0x80007546 (0x03b2ed33) x26 0x00000000
core   0: 0x8000754a (0x406e56b3) sra     a3, t3, t1
core   0: 3 0x8000754a (0x406e56b3) x13 0x00000000
core   0: 0x8000754e (0x00008719) c.srai  a4, 6
core   0: 3 0x8000754e (0x8719) x14 0x00000000
core   0: 0x80007550 (0x0c1f8603) lb      a2, 193(t6)
core   0: 3 0x80007550 (0x0c1f8603) x12 0x00000000 mem 0x80013a93
core   0: 0x80007554 (0xc24fc283) lbu     t0, -988(t6)
core   0: 3 0x80007554 (0xc24fc283) x 5 0x00000000 mem 0x800135f6
core   0: 0x80007558 (0xa8df8883) lb      a7, -1395(t6)
core   0: 3 0x80007558 (0xa8df8883) x17 0x00000000 mem 0x8001345f
core   0: 0x8000755c (0x00271c33) sll     s8, a4, sp
core   0: 3 0x8000755c (0x00271c33) x24 0x00000000
core   0: 0x80007560 (0x00dce833) or      a6, s9, a3
core   0: 3 0x80007560 (0x00dce833) x16 0x00000006
core   0: 0x80007564 (0x0321a733) mulhsu  a4, gp, s2
core   0: 3 0x80007564 (0x0321a733) x14 0x00000000
core   0: 0x80007568 (0x03ce7633) remu    a2, t3, t3
core   0: 3 0x80007568 (0x03ce7633) x12 0x00000000
core   0: 0x8000756c (0x8bdf86a3) sb      t4, -1875(t6)
core   0: 3 0x8000756c (0x8bdf86a3) mem 0x8001327f 0x0
core   0: 0x80007570 (0x4f392e93) slti    t4, s2, 1267
core   0: 3 0x80007570 (0x4f392e93) x29 0x00000001
core   0: 0x80007574 (0x01238133) add     sp, t2, s2
core   0: 3 0x80007574 (0x01238133) x 2 0x8002cce4
core   0: 0x80007578 (0x00000001) c.nop
core   0: 3 0x80007578 (0x0001)
core   0: 0x8000757a (0x5ba3b893) sltiu   a7, t2, 1466
core   0: 3 0x8000757a (0x5ba3b893) x17 0x00000001
core   0: 0x8000757e (0xfc2f86a3) sb      sp, -51(t6)
core   0: 3 0x8000757e (0xfc2f86a3) mem 0x8001399f 0xe4
core   0: 0x80007582 (0x03378bb3) mul     s7, a5, s3
core   0: 3 0x80007582 (0x03378bb3) x23 0x00000000
core   0: 0x80007586 (0x2dff8003) lb      zero, 735(t6)
core   0: 3 0x80007586 (0x2dff8003) mem 0x80013cb1
core   0: 0x8000758a (0x00008f5d) c.or    a4, a5
core   0: 3 0x8000758a (0x8f5d) x14 0x000000c0
core   0: 0x8000758c (0x40740db3) sub     s11, s0, t2
core   0: 3 0x8000758c (0x40740db3) x27 0x00000000
core   0: 0x80007590 (0x02404633) div     a2, zero, tp
core   0: 3 0x80007590 (0x02404633) x12 0xffffffff
core   0: 0x80007594 (0x62cfda83) lhu     s5, 1580(t6)
core   0: 3 0x80007594 (0x62cfda83) x21 0x00000000 mem 0x80013ffe
core   0: 0x80007598 (0x517f8c23) sb      s7, 1304(t6)
core   0: 3 0x80007598 (0x517f8c23) mem 0x80013eea 0x0
core   0: 0x8000759c (0x580f8ba3) sb      zero, 1431(t6)
core   0: 3 0x8000759c (0x580f8ba3) mem 0x80013f69 0x0
core   0: 0x800075a0 (0xa2bfc183) lbu     gp, -1493(t6)
core   0: 3 0x800075a0 (0xa2bfc183) x 3 0x00000000 mem 0x800133fd
core   0: 0x800075a4 (0x0000c717) auipc   a4, 0xc
core   0: 3 0x800075a4 (0x0000c717) x14 0x800135a4
core   0: 0x800075a8 (0x40770713) addi    a4, a4, 1031
core   0: 3 0x800075a8 (0x40770713) x14 0x800139ab
core   0: 0x800075ac (0x03888cb3) mul     s9, a7, s8
core   0: 3 0x800075ac (0x03888cb3) x25 0x00000000
core   0: 0x800075b0 (0x0ff0000f) fence   iorw,iorw
core   0: 3 0x800075b0 (0x0ff0000f)
core   0: 0x800075b4 (0xf3a74283) lbu     t0, -198(a4)
core   0: 3 0x800075b4 (0xf3a74283) x 5 0x00000000 mem 0x800138e5
core   0: 0x800075b8 (0xf7172a03) lw      s4, -143(a4)
core   0: 3 0x800075b8 (0xf7172a03) x20 0x00000000 mem 0x8001391c
core   0: 0x800075bc (0x08770a23) sb      t2, 148(a4)
core   0: 3 0x800075bc (0x08770a23) mem 0x80013a3f 0x0
core   0: 0x800075c0 (0x03e5e9b3) rem     s3, a1, t5
core   0: 3 0x800075c0 (0x03e5e9b3) x19 0x00000000
core   0: 0x800075c4 (0xf3089e17) auipc   t3, 0xf3089
core   0: 3 0x800075c4 (0xf3089e17) x28 0x730905c4
core   0: 0x800075c8 (0x00008fad) c.xor   a5, a1
core   0: 3 0x800075c8 (0x8fad) x15 0x000000c0
core   0: 0x800075ca (0x00070a03) lb      s4, 0(a4)
core   0: 3 0x800075ca (0x00070a03) x20 0x00000000 mem 0x800139ab
core   0: 0x800075ce (0xcc7f6793) ori     a5, t5, -825
core   0: 3 0x800075ce (0xcc7f6793) x15 0xfffffcc7
core   0: 0x800075d2 (0xffd711a3) sh      t4, -29(a4)
core   0: 3 0x800075d2 (0xffd711a3) mem 0x8001398e 0x0001
core   0: 0x800075d6 (0x0ff0000f) fence   iorw,iorw
core   0: 3 0x800075d6 (0x0ff0000f)
core   0: 0x800075da (0xf5074f03) lbu     t5, -176(a4)
core   0: 3 0x800075da (0xf5074f03) x30 0x00000000 mem 0x800138fb
core   0: 0x800075de (0x0eb70ea3) sb      a1, 253(a4)
core   0: 3 0x800075de (0x0eb70ea3) mem 0x80013aa8 0x0
core   0: 0x800075e2 (0x0181de13) srli    t3, gp, 24
core   0: 3 0x800075e2 (0x0181de13) x28 0x00000000
core   0: 0x800075e6 (0x00008e32) c.mv    t3, a2
core   0: 3 0x800075e6 (0x8e32) x28 0xffffffff
core   0: 0x800075e8 (0xf68713a3) sh      s0, -153(a4)
core   0: 3 0x800075e8 (0xf68713a3) mem 0x80013912 0x0000
core   0: 0x800075ec (0xf6274f83) lbu     t6, -158(a4)
core   0: 3 0x800075ec (0xf6274f83) x31 0x00000000 mem 0x8001390d
core   0: 0x800075f0 (0xfcb70723) sb      a1, -50(a4)
core   0: 3 0x800075f0 (0xfcb70723) mem 0x80013979 0x0
core   0: 0x800075f4 (0xfd474583) lbu     a1, -44(a4)
core   0: 3 0x800075f4 (0xfd474583) x11 0x00000000 mem 0x8001397f
core   0: 0x800075f8 (0xf0ec4793) xori    a5, s8, -242
core   0: 3 0x800075f8 (0xf0ec4793) x15 0xffffff0e
core   0: 0x800075fc (0xf6574c83) lbu     s9, -155(a4)
core   0: 3 0x800075fc (0xf6574c83) x25 0x00000000 mem 0x80013910
core   0: 0x80007600 (0x00000e72) c.slli  t3, 28
core   0: 3 0x80007600 (0x0e72) x28 0xf0000000
core   0: 0x80007602 (0x00008f81) c.sub   a5, s0
core   0: 3 0x80007602 (0x8f81) x15 0xffffff0e
core   0: 0x80007604 (0x00000b14) c.addi4spn a3, sp, 400
core   0: 3 0x80007604 (0x0b14) x13 0x8002ce74
core   0: 0x80007606 (0x0cc71ba3) sh      a2, 215(a4)
core   0: 3 0x80007606 (0x0cc71ba3) mem 0x80013a82 0xffff
core   0: 0x8000760a (0x01c9f5b3) and     a1, s3, t3
core   0: 3 0x8000760a (0x01c9f5b3) x11 0x00000000
core   0: 0x8000760e (0x00000001) c.nop
core   0: 3 0x8000760e (0x0001)
core   0: 0x80007610 (0xf7474d83) lbu     s11, -140(a4)
core   0: 3 0x80007610 (0xf7474d83) x27 0x00000000 mem 0x8001391f
core   0: 0x80007614 (0x03d87ab3) remu    s5, a6, t4
core   0: 3 0x80007614 (0x03d87ab3) x21 0x00000000
core   0: 0x80007618 (0x00c26a33) or      s4, tp, a2
core   0: 3 0x80007618 (0x00c26a33) x20 0xffffffff
core   0: 0x8000761c (0x00008c41) c.or    s0, s0
core   0: 3 0x8000761c (0x8c41) x 8 0x00000000
core   0: 0x8000761e (0x00d276b3) and     a3, tp, a3
core   0: 3 0x8000761e (0x00d276b3) x13 0x00000000
core   0: 0x80007622 (0x00621133) sll     sp, tp, t1
core   0: 3 0x80007622 (0x00621133) x 2 0x00000000
core   0: 0x80007626 (0xf6772aa3) sw      t2, -139(a4)
core   0: 3 0x80007626 (0xf6772aa3) mem 0x80013920 0x00000000
core   0: 0x8000762a (0x000086ea) c.mv    a3, s10
core   0: 3 0x8000762a (0x86ea) x13 0x00000000
core   0: 0x8000762c (0x000003da) c.slli  t2, 22
core   0: 3 0x8000762c (0x03da) x 7 0x00000000
core   0: 0x8000762e (0xf6874783) lbu     a5, -152(a4)
core   0: 3 0x8000762e (0xf6874783) x15 0x00000000 mem 0x80013913
core   0: 0x80007632 (0xf1571f03) lh      t5, -235(a4)
core   0: 3 0x80007632 (0xf1571f03) x30 0x00000000 mem 0x800138c0
core   0: 0x80007636 (0xfbc70b83) lb      s7, -68(a4)
core   0: 3 0x80007636 (0xfbc70b83) x23 0x00000000 mem 0x80013967
core   0: 0x8000763a (0xf3a70683) lb      a3, -198(a4)
core   0: 3 0x8000763a (0xf3a70683) x13 0x00000000 mem 0x800138e5
core   0: 0x8000763e (0x06b70683) lb      a3, 107(a4)
core   0: 3 0x8000763e (0x06b70683) x13 0x00000000 mem 0x80013a16
core   0: 0x80007642 (0x01501133) sll     sp, zero, s5
core   0: 3 0x80007642 (0x01501133) x 2 0x00000000
core   0: 0x80007646 (0x00008d81) c.sub   a1, s0
core   0: 3 0x80007646 (0x8d81) x11 0x00000000
core   0: 0x80007648 (0xf0a70a23) sb      a0, -236(a4)
core   0: 3 0x80007648 (0xf0a70a23) mem 0x800138bf 0xda
core   0: 0x8000764c (0x02754033) div     zero, a0, t2
core   0: 3 0x8000764c (0x02754033)
core   0: 0x80007650 (0x00000a10) c.addi4spn a2, sp, 272
core   0: 3 0x80007650 (0x0a10) x12 0x00000110
core   0: 0x80007652 (0x41f085b3) sub     a1, ra, t6
core   0: 3 0x80007652 (0x41f085b3) x11 0x80015bd2
core   0: 0x80007656 (0x409b09b3) sub     s3, s6, s1
core   0: 3 0x80007656 (0x409b09b3) x19 0x7ffd719c
core   0: 0x8000765a (0x05274183) lbu     gp, 82(a4)
core   0: 3 0x8000765a (0x05274183) x 3 0x00000000 mem 0x800139fd
core   0: 0x8000765e (0x0000eb97) auipc   s7, 0xe
core   0: 3 0x8000765e (0x0000eb97) x23 0x8001565e
core   0: 0x80007662 (0xdf1b8b93) addi    s7, s7, -527
core   0: 3 0x80007662 (0xdf1b8b93) x23 0x8001544f
core   0: 0x80007666 (0x01ebca83) lbu     s5, 30(s7)
core   0: 3 0x80007666 (0x01ebca83) x21 0x00000000 mem 0x8001546d
core   0: 0x8000766a (0x00cb8f23) sb      a2, 30(s7)
core   0: 3 0x8000766a (0x00cb8f23) mem 0x8001546d 0x10
core   0: 0x8000766e (0x01bdc133) xor     sp, s11, s11
core   0: 3 0x8000766e (0x01bdc133) x 2 0x00000000
core   0: 0x80007672 (0x00db8f23) sb      a3, 30(s7)
core   0: 3 0x80007672 (0x00db8f23) mem 0x8001546d 0x0
core   0: 0x80007676 (0x02f21d33) mulh    s10, tp, a5
core   0: 3 0x80007676 (0x02f21d33) x26 0x00000000
core   0: 0x8000767a (0x01ebcc03) lbu     s8, 30(s7)
core   0: 3 0x8000767a (0x01ebcc03) x24 0x00000000 mem 0x8001546d
core   0: 0x8000767e (0x01eb8803) lb      a6, 30(s7)
core   0: 3 0x8000767e (0x01eb8803) x16 0x00000000 mem 0x8001546d
core   0: 0x80007682 (0x00bb8f23) sb      a1, 30(s7)
core   0: 3 0x80007682 (0x00bb8f23) mem 0x8001546d 0xd2
core   0: 0x80007686 (0xd6c4e593) ori     a1, s1, -660
core   0: 3 0x80007686 (0xd6c4e593) x11 0xffffff6c
core   0: 0x8000768a (0x01ebcf03) lbu     t5, 30(s7)
core   0: 3 0x8000768a (0x01ebcf03) x30 0x000000d2 mem 0x8001546d
core   0: 0x8000768e (0x004b8f23) sb      tp, 30(s7)
core   0: 3 0x8000768e (0x004b8f23) mem 0x8001546d 0x0
core   0: 0x80007692 (0x01ebc983) lbu     s3, 30(s7)
core   0: 3 0x80007692 (0x01ebc983) x19 0x00000000 mem 0x8001546d
core   0: 0x80007696 (0x03cb8f23) sb      t3, 62(s7)
core   0: 3 0x80007696 (0x03cb8f23) mem 0x8001548d 0x0
core   0: 0x8000769a (0x0000cf17) auipc   t5, 0xc
core   0: 3 0x8000769a (0x0000cf17) x30 0x8001369a
core   0: 0x8000769e (0x024f0f13) addi    t5, t5, 36
core   0: 3 0x8000769e (0x024f0f13) x30 0x800136be
core   0: 0x800076a2 (0x01ce4433) xor     s0, t3, t3
core   0: 3 0x800076a2 (0x01ce4433) x 8 0x00000000
core   0: 0x800076a6 (0xff0f4803) lbu     a6, -16(t5)
core   0: 3 0x800076a6 (0xff0f4803) x16 0x00000000 mem 0x800136ae
core   0: 0x800076aa (0x00000001) c.nop
core   0: 3 0x800076aa (0x0001)
core   0: 0x800076ac (0x009f4a03) lbu     s4, 9(t5)
core   0: 3 0x800076ac (0x009f4a03) x20 0x00000000 mem 0x800136c7
core   0: 0x800076b0 (0x002f4183) lbu     gp, 2(t5)
core   0: 3 0x800076b0 (0x002f4183) x 3 0x00000000 mem 0x800136c0
core   0: 0x800076b4 (0x00008fb5) c.xor   a5, a3
core   0: 3 0x800076b4 (0x8fb5) x15 0x00000000
core   0: 0x800076b6 (0x000046f9) c.li    a3, 30
core   0: 3 0x800076b6 (0x46f9) x13 0x0000001e
core   0: 0x800076b8 (0x00008c49) c.or    s0, a0
core   0: 3 0x800076b8 (0x8c49) x 8 0xfd3e21da
core   0: 0x800076ba (0x00008e29) c.xor   a2, a0
core   0: 3 0x800076ba (0x8e29) x12 0xfd3e20ca
core   0: 0x800076bc (0x00000001) c.nop
core   0: 3 0x800076bc (0x0001)
core   0: 0x800076be (0x002f5983) lhu     s3, 2(t5)
core   0: 3 0x800076be (0x002f5983) x19 0x00000000 mem 0x800136c0
core   0: 0x800076c2 (0x02a43fb3) mulhu   t6, s0, a0
core   0: 3 0x800076c2 (0x02a43fb3) x31 0xfa83ddfd
core   0: 0x800076c6 (0x00df0883) lb      a7, 13(t5)
core   0: 3 0x800076c6 (0x00df0883) x17 0x00000000 mem 0x800136cb
core   0: 0x800076ca (0xff1f4d03) lbu     s10, -15(t5)
core   0: 3 0x800076ca (0xff1f4d03) x26 0x00000000 mem 0x800136af
core   0: 0x800076ce (0xffdf0803) lb      a6, -3(t5)
core   0: 3 0x800076ce (0xffdf0803) x16 0x00000000 mem 0x800136bb
core   0: 0x800076d2 (0xff7f4583) lbu     a1, -9(t5)
core   0: 3 0x800076d2 (0xff7f4583) x11 0x00000000 mem 0x800136b5
core   0: 0x800076d6 (0xff3f2f23) sw      s3, -2(t5)
core   0: 3 0x800076d6 (0xff3f2f23) mem 0x800136bc 0x00000000
core   0: 0x800076da (0x6aff4213) xori    tp, t5, 1711
core   0: 3 0x800076da (0x6aff4213) x 4 0x80013011
core   0: 0x800076de (0xff4f5303) lhu     t1, -12(t5)
core   0: 3 0x800076de (0xff4f5303) x 6 0x00000000 mem 0x800136b2
core   0: 0x800076e2 (0xffdf4c83) lbu     s9, -3(t5)
core   0: 3 0x800076e2 (0xffdf4c83) x25 0x00000000 mem 0x800136bb
core   0: 0x800076e6 (0x008f1e83) lh      t4, 8(t5)
core   0: 3 0x800076e6 (0x008f1e83) x29 0x00000000 mem 0x800136c6
core   0: 0x800076ea (0x00008fe9) c.and   a5, a0
core   0: 3 0x800076ea (0x8fe9) x15 0x00000000
core   0: 0x800076ec (0xff2f1203) lh      tp, -14(t5)
core   0: 3 0x800076ec (0xff2f1203) x 4 0x00000000 mem 0x800136b0
core   0: 0x800076f0 (0x00000a3a) c.slli  s4, 14
core   0: 3 0x800076f0 (0x0a3a) x20 0x00000000
core   0: 0x800076f2 (0xff8f0083) lb      ra, -8(t5)
core   0: 3 0x800076f2 (0xff8f0083) x 1 0x00000000 mem 0x800136b6
core   0: 0x800076f6 (0x03de6d33) rem     s10, t3, t4
core   0: 3 0x800076f6 (0x03de6d33) x26 0xf0000000
core   0: 0x800076fa (0x017f0223) sb      s7, 4(t5)
core   0: 3 0x800076fa (0x017f0223) mem 0x800136c2 0x4f
core   0: 0x800076fe (0x003e1d93) slli    s11, t3, 3
core   0: 3 0x800076fe (0x003e1d93) x27 0x80000000
core   0: 0x80007702 (0xfe3f0a23) sb      gp, -12(t5)
core   0: 3 0x80007702 (0xfe3f0a23) mem 0x800136b2 0x0
core   0: 0x80007706 (0x02d0e833) rem     a6, ra, a3
core   0: 3 0x80007706 (0x02d0e833) x16 0x00000000
core   0: 0x8000770a (0x00006999) c.lui   s3, 0x6
core   0: 3 0x8000770a (0x6999) x19 0x00006000
core   0: 0x8000770c (0x000f0703) lb      a4, 0(t5)
core   0: 3 0x8000770c (0x000f0703) x14 0x00000000 mem 0x800136be
core   0: 0x80007710 (0xffcf1283) lh      t0, -4(t5)
core   0: 3 0x80007710 (0xffcf1283) x 5 0x00000000 mem 0x800136ba
core   0: 0x80007714 (0x838c0693) addi    a3, s8, -1992
core   0: 3 0x80007714 (0x838c0693) x13 0xfffff838
core   0: 0x80007718 (0x000082c9) c.srli  a3, 18
core   0: 3 0x80007718 (0x82c9) x13 0x00003fff
core   0: 0x8000771a (0xffbf4583) lbu     a1, -5(t5)
core   0: 3 0x8000771a (0xffbf4583) x11 0x00000000 mem 0x800136b9
core   0: 0x8000771e (0x008f1203) lh      tp, 8(t5)
core   0: 3 0x8000771e (0x008f1203) x 4 0x00000000 mem 0x800136c6
core   0: 0x80007722 (0x000058fd) c.li    a7, -1
core   0: 3 0x80007722 (0x58fd) x17 0xffffffff
core   0: 0x80007724 (0x00ef1783) lh      a5, 14(t5)
core   0: 3 0x80007724 (0x00ef1783) x15 0x00000000 mem 0x800136cc
core   0: 0x80007728 (0xff1f0003) lb      zero, -15(t5)
core   0: 3 0x80007728 (0xff1f0003) mem 0x800136af
core   0: 0x8000772c (0x00dd75b3) and     a1, s10, a3
core   0: 3 0x8000772c (0x00dd75b3) x11 0x00000000
core   0: 0x80007730 (0x004f0703) lb      a4, 4(t5)
core   0: 3 0x80007730 (0x004f0703) x14 0x0000004f mem 0x800136c2
core   0: 0x80007734 (0x009f0003) lb      zero, 9(t5)
core   0: 3 0x80007734 (0x009f0003) mem 0x800136c7
core   0: 0x80007738 (0x00ecd693) srli    a3, s9, 14
core   0: 3 0x80007738 (0x00ecd693) x13 0x00000000
core   0: 0x8000773c (0x00806fb3) or      t6, zero, s0
core   0: 3 0x8000773c (0x00806fb3) x31 0xfd3e21da
core   0: 0x80007740 (0xff3f0403) lb      s0, -13(t5)
core   0: 3 0x80007740 (0xff3f0403) x 8 0x00000000 mem 0x800136b1
core   0: 0x80007744 (0x00008dc1) c.or    a1, s0
core   0: 3 0x80007744 (0x8dc1) x11 0x00000000
core   0: 0x80007746 (0x00bf4003) lbu     zero, 11(t5)
core   0: 3 0x80007746 (0x00bf4003) mem 0x800136c9
core   0: 0x8000774a (0xfeff0ba3) sb      a5, -9(t5)
core   0: 3 0x8000774a (0xfeff0ba3) mem 0x800136b5 0x0
core   0: 0x8000774e (0x0000ce17) auipc   t3, 0xc
core   0: 3 0x8000774e (0x0000ce17) x28 0x8001374e
core   0: 0x80007752 (0x5fbe0e13) addi    t3, t3, 1531
core   0: 3 0x80007752 (0x5fbe0e13) x28 0x80013d49
core   0: 0x80007756 (0x00008f65) c.and   a4, s1
core   0: 3 0x80007756 (0x8f65) x14 0x00000044
core   0: 0x80007758 (0x4e8a2213) slti    tp, s4, 1256
core   0: 3 0x80007758 (0x4e8a2213) x 4 0x00000001
core   0: 0x8000775c (0xfc3e25a3) sw      gp, -53(t3)
core   0: 3 0x8000775c (0xfc3e25a3) mem 0x80013d14 0x00000000
core   0: 0x80007760 (0xff4e0c23) sb      s4, -8(t3)
core   0: 3 0x80007760 (0xff4e0c23) mem 0x80013d41 0x0
core   0: 0x80007764 (0xff8e4a03) lbu     s4, -8(t3)
core   0: 3 0x80007764 (0xff8e4a03) x20 0x00000000 mem 0x80013d41
core   0: 0x80007768 (0x4192dd93) srai    s11, t0, 25
core   0: 3 0x80007768 (0x4192dd93) x27 0x00000000
core   0: 0x8000776c (0xff8e0983) lb      s3, -8(t3)
core   0: 3 0x8000776c (0xff8e0983) x19 0x00000000 mem 0x80013d41
core   0: 0x80007770 (0xfe5e0c23) sb      t0, -8(t3)
core   0: 3 0x80007770 (0xfe5e0c23) mem 0x80013d41 0x0
core   0: 0x80007774 (0x410b0cb3) sub     s9, s6, a6
core   0: 3 0x80007774 (0x410b0cb3) x25 0x00000000
core   0: 0x80007778 (0x00605793) srli    a5, zero, 6
core   0: 3 0x80007778 (0x00605793) x15 0x00000000
core   0: 0x8000777c (0xff8e4103) lbu     sp, -8(t3)
core   0: 3 0x8000777c (0xff8e4103) x 2 0x00000000 mem 0x80013d41
core   0: 0x80007780 (0xff8e0f03) lb      t5, -8(t3)
core   0: 3 0x80007780 (0xff8e0f03) x30 0x00000000 mem 0x80013d41
core   0: 0x80007784 (0xff8e0c83) lb      s9, -8(t3)
core   0: 3 0x80007784 (0xff8e0c83) x25 0x00000000 mem 0x80013d41
core   0: 0x80007788 (0xffce0c23) sb      t3, -8(t3)
core   0: 3 0x80007788 (0xffce0c23) mem 0x80013d41 0x49
core   0: 0x8000778c (0x025e0c23) sb      t0, 56(t3)
core   0: 3 0x8000778c (0x025e0c23) mem 0x80013d81 0x0
core   0: 0x80007790 (0x038e0c03) lb      s8, 56(t3)
core   0: 3 0x80007790 (0x038e0c03) x24 0x00000000 mem 0x80013d81
core   0: 0x80007794 (0x00008edd) c.or    a3, a5
core   0: 3 0x80007794 (0x8edd) x13 0x00000000
core   0: 0x80007796 (0x038e4203) lbu     tp, 56(t3)
core   0: 3 0x80007796 (0x038e4203) x 4 0x00000000 mem 0x80013d81
core   0: 0x8000779a (0x0000c597) auipc   a1, 0xc
core   0: 3 0x8000779a (0x0000c597) x11 0x8001379a
core   0: 0x8000779e (0x09e58593) addi    a1, a1, 158
core   0: 3 0x8000779e (0x09e58593) x11 0x80013838
core   0: 0x800077a2 (0xf8b59123) sh      a1, -126(a1)
core   0: 3 0x800077a2 (0xf8b59123) mem 0x800137ba 0x3838
core   0: 0x800077a6 (0x0000d817) auipc   a6, 0xd
core   0: 3 0x800077a6 (0x0000d817) x16 0x800147a6
core   0: 0x800077aa (0x81380813) addi    a6, a6, -2029
core   0: 3 0x800077aa (0x81380813) x16 0x80013fb9
core   0: 0x800077ae (0x09b58223) sb      s11, 132(a1)
core   0: 3 0x800077ae (0x09b58223) mem 0x800138bc 0x0
core   0: 0x800077b2 (0xf1e59183) lh      gp, -226(a1)
core   0: 3 0x800077b2 (0xf1e59183) x 3 0x00000000 mem 0x80013756
core   0: 0x800077b6 (0xf3358683) lb      a3, -205(a1)
core   0: 3 0x800077b6 (0xf3358683) x13 0x00000000 mem 0x8001376b
core   0: 0x800077ba (0xfe585383) lhu     t2, -27(a6)
core   0: 3 0x800077ba (0xfe585383) x 7 0x00000000 mem 0x80013f9e
core   0: 0x800077be (0xfd280323) sb      s2, -58(a6)
core   0: 3 0x800077be (0xfd280323) mem 0x80013f7f 0xe4
core   0: 0x800077c2 (0x026584a3) sb      t1, 41(a1)
core   0: 3 0x800077c2 (0x026584a3) mem 0x80013861 0x0
core   0: 0x800077c6 (0x01081ba3) sh      a6, 23(a6)
core   0: 3 0x800077c6 (0x01081ba3) mem 0x80013fd0 0x3fb9
core   0: 0x800077ca (0x01780ba3) sb      s7, 23(a6)
core   0: 3 0x800077ca (0x01780ba3) mem 0x80013fd0 0x4f
core   0: 0x800077ce (0x0c758783) lb      a5, 199(a1)
core   0: 3 0x800077ce (0x0c758783) x15 0x00000000 mem 0x800138ff
core   0: 0x800077d2 (0x00a80683) lb      a3, 10(a6)
core   0: 3 0x800077d2 (0x00a80683) x13 0x00000000 mem 0x80013fc3
core   0: 0x800077d6 (0xfc858f83) lb      t6, -56(a1)
core   0: 3 0x800077d6 (0xfc858f83) x31 0x00000000 mem 0x80013800
core   0: 0x800077da (0xfef85283) lhu     t0, -17(a6)
core   0: 3 0x800077da (0xfef85283) x 5 0x00000000 mem 0x80013fa8
core   0: 0x800077de (0x0de5cd03) lbu     s10, 222(a1)
core   0: 3 0x800077de (0x0de5cd03) x26 0x00000000 mem 0x80013916
core   0: 0x800077e2 (0x03b58703) lb      a4, 59(a1)
core   0: 3 0x800077e2 (0x03b58703) x14 0x00000021 mem 0x80013873
core   0: 0x800077e6 (0x03c813a3) sh      t3, 39(a6)
core   0: 3 0x800077e6 (0x03c813a3) mem 0x80013fe0 0x3d49
core   0: 0x800077ea (0x00010297) auipc   t0, 0x10
core   0: 3 0x800077ea (0x00010297) x 5 0x800177ea
core   0: 0x800077ee (0x53f28293) addi    t0, t0, 1343
core   0: 3 0x800077ee (0x53f28293) x 5 0x80017d29
core   0: 0x800077f2 (0x00d66333) or      t1, a2, a3
core   0: 3 0x800077f2 (0x00d66333) x 6 0xfd3e20ca
core   0: 0x800077f6 (0x8fb2de03) lhu     t3, -1797(t0)
core   0: 3 0x800077f6 (0x8fb2de03) x28 0x00000000 mem 0x80017624
core   0: 0x800077fa (0x000006b1) c.addi  a3, 12
core   0: 3 0x800077fa (0x06b1) x13 0x0000000c
core   0: 0x800077fc (0x00008c55) c.or    s0, a3
core   0: 3 0x800077fc (0x8c55) x 8 0x0000000c
core   0: 0x800077fe (0x1d42c703) lbu     a4, 468(t0)
core   0: 3 0x800077fe (0x1d42c703) x14 0x00000000 mem 0x80017efd
core   0: 0x80007802 (0x03deac33) mulhsu  s8, t4, t4
core   0: 3 0x80007802 (0x03deac33) x24 0x00000000
core   0: 0x80007806 (0xfe228703) lb      a4, -30(t0)
core   0: 3 0x80007806 (0xfe228703) x14 0x00000000 mem 0x80017d0b
core   0: 0x8000780a (0x5bd29c83) lh      s9, 1469(t0)
core   0: 3 0x8000780a (0x5bd29c83) x25 0x00000000 mem 0x800182e6
core   0: 0x8000780e (0x12828f23) sb      s0, 318(t0)
core   0: 3 0x8000780e (0x12828f23) mem 0x80017e67 0xc
core   0: 0x80007812 (0x6852cb03) lbu     s6, 1669(t0)
core   0: 3 0x80007812 (0x6852cb03) x22 0x00000000 mem 0x800183ae
core   0: 0x80007816 (0xdef2db03) lhu     s6, -529(t0)
core   0: 3 0x80007816 (0xdef2db03) x22 0x00000000 mem 0x80017b18
core   0: 0x8000781a (0xa172ca83) lbu     s5, -1513(t0)
core   0: 3 0x8000781a (0xa172ca83) x21 0x00000000 mem 0x80017740
core   0: 0x8000781e (0x02112d33) mulhsu  s10, sp, ra
core   0: 3 0x8000781e (0x02112d33) x26 0x00000000
core   0: 0x80007822 (0x0004f6b3) and     a3, s1, zero
core   0: 3 0x80007822 (0x0004f6b3) x13 0x00000000
core   0: 0x80007826 (0xea928c83) lb      s9, -343(t0)
core   0: 3 0x80007826 (0xea928c83) x25 0x00000000 mem 0x80017bd2
core   0: 0x8000782a (0x34f2cc83) lbu     s9, 847(t0)
core   0: 3 0x8000782a (0x34f2cc83) x25 0x00000000 mem 0x80018078
core   0: 0x8000782e (0x000083e1) c.srli  a5, 24
core   0: 3 0x8000782e (0x83e1) x15 0x00000000
core   0: 0x80007830 (0x2dc28d03) lb      s10, 732(t0)
core   0: 3 0x80007830 (0x2dc28d03) x26 0x00000000 mem 0x80018005
core   0: 0x80007834 (0x5052d983) lhu     s3, 1285(t0)
core   0: 3 0x80007834 (0x5052d983) x19 0x00000000 mem 0x8001822e
core   0: 0x80007838 (0x4104d133) sra     sp, s1, a6
core   0: 3 0x80007838 (0x4104d133) x 2 0xffffffc0
core   0: 0x8000783c (0x000050fd) c.li    ra, -1
core   0: 3 0x8000783c (0x50fd) x 1 0xffffffff
core   0: 0x8000783e (0x09628023) sb      s6, 128(t0)
core   0: 3 0x8000783e (0x09628023) mem 0x80017da9 0x0
core   0: 0x80007842 (0x306295a3) sh      t1, 779(t0)
core   0: 3 0x80007842 (0x306295a3) mem 0x80018034 0x20ca
core   0: 0x80007846 (0x6a728d23) sb      t2, 1722(t0)
core   0: 3 0x80007846 (0x6a728d23) mem 0x800183e3 0x0
core   0: 0x8000784a (0x014039b3) snez    s3, s4
core   0: 3 0x8000784a (0x014039b3) x19 0x00000000
core   0: 0x8000784e (0x8d2282a3) sb      s2, -1851(t0)
core   0: 3 0x8000784e (0x8d2282a3) mem 0x800175ee 0xe4
core   0: 0x80007852 (0xe1028823) sb      a6, -496(t0)
core   0: 3 0x80007852 (0xe1028823) mem 0x80017b39 0xb9
core   0: 0x80007856 (0x8c728e83) lb      t4, -1849(t0)
core   0: 3 0x80007856 (0x8c728e83) x29 0x00000000 mem 0x800175f0
core   0: 0x8000785a (0x34c2c103) lbu     sp, 844(t0)
core   0: 3 0x8000785a (0x34c2c103) x 2 0x00000000 mem 0x80018075
core   0: 0x8000785e (0xc1028a83) lb      s5, -1008(t0)
core   0: 3 0x8000785e (0xc1028a83) x21 0x00000000 mem 0x80017939
core   0: 0x80007862 (0xf0228f03) lb      t5, -254(t0)
core   0: 3 0x80007862 (0xf0228f03) x30 0x00000000 mem 0x80017c2b
core   0: 0x80007866 (0x01a7fb33) and     s6, a5, s10
core   0: 3 0x80007866 (0x01a7fb33) x22 0x00000000
core   0: 0x8000786a (0x00000001) c.nop
core   0: 3 0x8000786a (0x0001)
core   0: 0x8000786c (0x00000001) c.nop
core   0: 3 0x8000786c (0x0001)
core   0: 0x8000786e (0xae0cbb93) sltiu   s7, s9, -1312
core   0: 3 0x8000786e (0xae0cbb93) x23 0x00000001
core   0: 0x80007872 (0x0000717d) c.addi16sp sp, -16
core   0: 3 0x80007872 (0x717d) x 2 0xfffffff0
core   0: 0x80007874 (0x43e2c703) lbu     a4, 1086(t0)
core   0: 3 0x80007874 (0x43e2c703) x14 0x00000000 mem 0x80018167
core   0: 0x80007878 (0x93c28083) lb      ra, -1732(t0)
core   0: 3 0x80007878 (0x93c28083) x 1 0x00000000 mem 0x80017665
core   0: 0x8000787c (0x972292a3) sh      s2, -1691(t0)
core   0: 3 0x8000787c (0x972292a3) mem 0x8001768e 0xcce4
core   0: 0x80007880 (0xf0129e83) lh      t4, -255(t0)
core   0: 3 0x80007880 (0xf0129e83) x29 0x00000000 mem 0x80017c2a
core   0: 0x80007884 (0x011cd9b3) srl     s3, s9, a7
core   0: 3 0x80007884 (0x011cd9b3) x19 0x00000000
core   0: 0x80007888 (0x021a00b3) mul     ra, s4, ra
core   0: 3 0x80007888 (0x021a00b3) x 1 0x00000000
core   0: 0x8000788c (0xc1d3f693) andi    a3, t2, -995
core   0: 3 0x8000788c (0xc1d3f693) x13 0x00000000
core   0: 0x80007890 (0xdf528da3) sb      s5, -517(t0)
core   0: 3 0x80007890 (0xdf528da3) mem 0x80017b24 0x0
core   0: 0x80007894 (0x007af833) and     a6, s5, t2
core   0: 3 0x80007894 (0x007af833) x16 0x00000000
core   0: 0x80007898 (0x8cf29683) lh      a3, -1841(t0)
core   0: 3 0x80007898 (0x8cf29683) x13 0x00000000 mem 0x800175f8
core   0: 0x8000789c (0x53a28703) lb      a4, 1338(t0)
core   0: 3 0x8000789c (0x53a28703) x14 0x00000000 mem 0x80018263
core   0: 0x800078a0 (0x5622cd83) lbu     s11, 1378(t0)
core   0: 3 0x800078a0 (0x5622cd83) x27 0x00000000 mem 0x8001828b
core   0: 0x800078a4 (0x3ce1b193) sltiu   gp, gp, 974
core   0: 3 0x800078a4 (0x3ce1b193) x 3 0x00000001
core   0: 0x800078a8 (0x66f2d403) lhu     s0, 1647(t0)
core   0: 3 0x800078a8 (0x66f2d403) x 8 0x00000000 mem 0x80018398
core   0: 0x800078ac (0x0000e697) auipc   a3, 0xe
core   0: 3 0x800078ac (0x0000e697) x13 0x800158ac
core   0: 0x800078b0 (0xa8c68693) addi    a3, a3, -1396
core   0: 3 0x800078b0 (0xa8c68693) x13 0x80015338
core   0: 0x800078b4 (0x01e6db83) lhu     s7, 30(a3)
core   0: 3 0x800078b4 (0x01e6db83) x23 0x00000000 mem 0x80015356
core   0: 0x800078b8 (0x00008c01) c.sub   s0, s0
core   0: 3 0x800078b8 (0x8c01) x 8 0x00000000
core   0: 0x800078ba (0x8d7ce213) ori     tp, s9, -1833
core   0: 3 0x800078ba (0x8d7ce213) x 4 0xfffff8d7
core   0: 0x800078be (0x00868403) lb      s0, 8(a3)
core   0: 3 0x800078be (0x00868403) x 8 0x00000000 mem 0x80015340
core   0: 0x800078c2 (0x0023df33) srl     t5, t2, sp
core   0: 3 0x800078c2 (0x0023df33) x30 0x00000000
core   0: 0x800078c6 (0x032687a3) sb      s2, 47(a3)
core   0: 3 0x800078c6 (0x032687a3) mem 0x80015367 0xe4
core   0: 0x800078ca (0x00f6c603) lbu     a2, 15(a3)
core   0: 3 0x800078ca (0x00f6c603) x12 0x00000000 mem 0x80015347
core   0: 0x800078ce (0xe7c13393) sltiu   t2, sp, -388
core   0: 3 0x800078ce (0xe7c13393) x 7 0x00000000
core   0: 0x800078d2 (0xfc16cd03) lbu     s10, -63(a3)
core   0: 3 0x800078d2 (0xfc16cd03) x26 0x00000000 mem 0x800152f9
core   0: 0x800078d6 (0x0000da88) c.sw    a0, 48(a3)
core   0: 3 0x800078d6 (0xda88) mem 0x80015368 0xfd3e21da
core   0: 0x800078d8 (0x0000d298) c.sw    a4, 32(a3)
core   0: 3 0x800078d8 (0xd298) mem 0x80015358 0x00000000
core   0: 0x800078da (0x000090b6) c.add   ra, a3
core   0: 3 0x800078da (0x90b6) x 1 0x80015338
core   0: 0x800078dc (0x03768b23) sb      s7, 54(a3)
core   0: 3 0x800078dc (0x03768b23) mem 0x8001536e 0x0
core   0: 0x800078e0 (0x41135433) sra     s0, t1, a7
core   0: 3 0x800078e0 (0x41135433) x 8 0xffffffff
core   0: 0x800078e4 (0xff46c403) lbu     s0, -12(a3)
core   0: 3 0x800078e4 (0xff46c403) x 8 0x00000000 mem 0x8001532c
core   0: 0x800078e8 (0x02668703) lb      a4, 38(a3)
core   0: 3 0x800078e8 (0x02668703) x14 0x00000000 mem 0x8001535e
core   0: 0x800078ec (0xfeb68623) sb      a1, -20(a3)
core   0: 3 0x800078ec (0xfeb68623) mem 0x80015324 0x38
core   0: 0x800078f0 (0x00cda0b3) slt     ra, s11, a2
core   0: 3 0x800078f0 (0x00cda0b3) x 1 0x00000000
core   0: 0x800078f4 (0x04069023) sh      zero, 64(a3)
core   0: 3 0x800078f4 (0x04069023) mem 0x80015378 0x0000
core   0: 0x800078f8 (0xfcc68ca3) sb      a2, -39(a3)
core   0: 3 0x800078f8 (0xfcc68ca3) mem 0x80015311 0x0
core   0: 0x800078fc (0xfff68203) lb      tp, -1(a3)
core   0: 3 0x800078fc (0xfff68203) x 4 0x00000000 mem 0x80015337
core   0: 0x80007900 (0x00168d03) lb      s10, 1(a3)
core   0: 3 0x80007900 (0x00168d03) x26 0x00000000 mem 0x80015339
core   0: 0x80007904 (0xfd568a23) sb      s5, -44(a3)
core   0: 3 0x80007904 (0xfd568a23) mem 0x8001530c 0x0
core   0: 0x80007908 (0x000019fd) c.addi  s3, -1
core   0: 3 0x80007908 (0x19fd) x19 0xffffffff
core   0: 0x8000790a (0x0000de8c) c.sw    a1, 56(a3)
core   0: 3 0x8000790a (0xde8c) mem 0x80015370 0x80013838
core   0: 0x8000790c (0xb5b3b893) sltiu   a7, t2, -1189
core   0: 3 0x8000790c (0xb5b3b893) x17 0x00000001
core   0: 0x80007910 (0x0cae0793) addi    a5, t3, 202
core   0: 3 0x80007910 (0x0cae0793) x15 0x000000ca
core   0: 0x80007914 (0x00f2b433) sltu    s0, t0, a5
core   0: 3 0x80007914 (0x00f2b433) x 8 0x00000000
core   0: 0x80007918 (0x014a22b3) slt     t0, s4, s4
core   0: 3 0x80007918 (0x014a22b3) x 5 0x00000000
core   0: 0x8000791c (0xfd86cc83) lbu     s9, -40(a3)
core   0: 3 0x8000791c (0xfd86cc83) x25 0x00000000 mem 0x80015310
core   0: 0x80007920 (0x03f6ca83) lbu     s5, 63(a3)
core   0: 3 0x80007920 (0x03f6ca83) x21 0x00000000 mem 0x80015377
core   0: 0x80007924 (0x016b6433) or      s0, s6, s6
core   0: 3 0x80007924 (0x016b6433) x 8 0x00000000
core   0: 0x80007928 (0x1a867013) andi    zero, a2, 424
core   0: 3 0x80007928 (0x1a867013)
core   0: 0x8000792c (0x02ef7633) remu    a2, t5, a4
core   0: 3 0x8000792c (0x02ef7633) x12 0x00000000
core   0: 0x80007930 (0xfda68783) lb      a5, -38(a3)
core   0: 3 0x80007930 (0xfda68783) x15 0x00000000 mem 0x80015312
core   0: 0x80007934 (0xfed6c883) lbu     a7, -19(a3)
core   0: 3 0x80007934 (0xfed6c883) x17 0x00000000 mem 0x80015325
core   0: 0x80007938 (0x0136cf03) lbu     t5, 19(a3)
core   0: 3 0x80007938 (0x0136cf03) x30 0x00000000 mem 0x8001534b
core   0: 0x8000793c (0x00019b17) auipc   s6, 0x19
core   0: 3 0x8000793c (0x00019b17) x22 0x8002093c
core   0: 0x80007940 (0xfd7b0b13) addi    s6, s6, -41
core   0: 3 0x80007940 (0xfd7b0b13) x22 0x80020913
core   0: 0x80007944 (0x00014b97) auipc   s7, 0x14
core   0: 3 0x80007944 (0x00014b97) x23 0x8001b944
core   0: 0x80007948 (0x3c4b8b93) addi    s7, s7, 964
core   0: 3 0x80007948 (0x3c4b8b93) x23 0x8001bd08
core   0: 0x8000794c (0x00012a17) auipc   s4, 0x12
core   0: 3 0x8000794c (0x00012a17) x20 0x8001994c
core   0: 0x80007950 (0x78ca0a13) addi    s4, s4, 1932
core   0: 3 0x80007950 (0x78ca0a13) x20 0x8001a0d8
core   0: 0x80007954 (0x09bb0e23) sb      s11, 156(s6)
core   0: 3 0x80007954 (0x09bb0e23) mem 0x800209af 0x0
core   0: 0x80007958 (0x00fbc303) lbu     t1, 15(s7)
core   0: 3 0x80007958 (0x00fbc303) x 6 0x00000000 mem 0x8001bd17
core   0: 0x8000795c (0x866a1383) lh      t2, -1946(s4)
core   0: 3 0x8000795c (0x866a1383) x 7 0x00000000 mem 0x8001993e
core   0: 0x80007960 (0x0ffb5d03) lhu     s10, 255(s6)
core   0: 3 0x80007960 (0x0ffb5d03) x26 0x00000000 mem 0x80020a12
core   0: 0x80007964 (0x289a0423) sb      s1, 648(s4)
core   0: 3 0x80007964 (0x289a0423) mem 0x8001a360 0x64
core   0: 0x80007968 (0xfe7b24a3) sw      t2, -23(s6)
core   0: 3 0x80007968 (0xfe7b24a3) mem 0x800208fc 0x00000000
core   0: 0x8000796c (0x72ca2e23) sw      a2, 1852(s4)
core   0: 3 0x8000796c (0x72ca2e23) mem 0x8001a814 0x00000000
core   0: 0x80007970 (0xfeeb8323) sb      a4, -26(s7)
core   0: 3 0x80007970 (0xfeeb8323) mem 0x8001bcee 0x0
core   0: 0x80007974 (0xcaea05a3) sb      a4, -853(s4)
core   0: 3 0x80007974 (0xcaea05a3) mem 0x80019d83 0x0
core   0: 0x80007978 (0xfd9b8a83) lb      s5, -39(s7)
core   0: 3 0x80007978 (0xfd9b8a83) x21 0x00000000 mem 0x8001bce1
core   0: 0x8000797c (0xfdab84a3) sb      s10, -55(s7)
core   0: 3 0x8000797c (0xfdab84a3) mem 0x8001bcd1 0x0
core   0: 0x80007980 (0x616a1703) lh      a4, 1558(s4)
core   0: 3 0x80007980 (0x616a1703) x14 0x00000000 mem 0x8001a6ee
core   0: 0x80007984 (0x863a4a83) lbu     s5, -1949(s4)
core   0: 3 0x80007984 (0x863a4a83) x21 0x00000000 mem 0x8001993b
core   0: 0x80007988 (0x04db4883) lbu     a7, 77(s6)
core   0: 3 0x80007988 (0x04db4883) x17 0x00000000 mem 0x80020960
core   0: 0x8000798c (0x7eca0923) sb      a2, 2034(s4)
core   0: 3 0x8000798c (0x7eca0923) mem 0x8001a8ca 0x0
core   0: 0x80007990 (0xfc4bc583) lbu     a1, -60(s7)
core   0: 3 0x80007990 (0xfc4bc583) x11 0x00000000 mem 0x8001bccc
core   0: 0x80007994 (0x0fcb4383) lbu     t2, 252(s6)
core   0: 3 0x80007994 (0x0fcb4383) x 7 0x00000000 mem 0x80020a0f
core   0: 0x80007998 (0x00013617) auipc   a2, 0x13
core   0: 3 0x80007998 (0x00013617) x12 0x8001a998
core   0: 0x8000799c (0x05860613) addi    a2, a2, 88
core   0: 3 0x8000799c (0x05860613) x12 0x8001a9f0
core   0: 0x800079a0 (0x0000841d) c.srai  s0, 7
core   0: 3 0x800079a0 (0x841d) x 8 0x00000000
core   0: 0x800079a2 (0x00865183) lhu     gp, 8(a2)
core   0: 3 0x800079a2 (0x00865183) x 3 0x00000000 mem 0x8001a9f8
core   0: 0x800079a6 (0x00e64303) lbu     t1, 14(a2)
core   0: 3 0x800079a6 (0x00e64303) x 6 0x00000000 mem 0x8001a9fe
core   0: 0x800079aa (0xff360383) lb      t2, -13(a2)
core   0: 3 0x800079aa (0xff360383) x 7 0x00000000 mem 0x8001a9e3
core   0: 0x800079ae (0xffd608a3) sb      t4, -15(a2)
core   0: 3 0x800079ae (0xffd608a3) mem 0x8001a9e1 0x0
core   0: 0x800079b2 (0x037c1133) mulh    sp, s8, s7
core   0: 3 0x800079b2 (0x037c1133) x 2 0x00000000
core   0: 0x800079b6 (0x000060b5) c.lui   ra, 0xd
core   0: 3 0x800079b6 (0x60b5) x 1 0x0000d000
core   0: 0x800079b8 (0xff860803) lb      a6, -8(a2)
core   0: 3 0x800079b8 (0xff860803) x16 0x00000000 mem 0x8001a9e8
core   0: 0x800079bc (0xdc217f13) andi    t5, sp, -574
core   0: 3 0x800079bc (0xdc217f13) x30 0x00000000
core   0: 0x800079c0 (0x00760203) lb      tp, 7(a2)
core   0: 3 0x800079c0 (0x00760203) x 4 0x00000000 mem 0x8001a9f7
core   0: 0x800079c4 (0x4038d993) srai    s3, a7, 3
core   0: 3 0x800079c4 (0x4038d993) x19 0x00000000
core   0: 0x800079c8 (0xc2d4c5b7) lui     a1, 0xc2d4c
core   0: 3 0x800079c8 (0xc2d4c5b7) x11 0xc2d4c000
core   0: 0x800079cc (0x00d603a3) sb      a3, 7(a2)
core   0: 3 0x800079cc (0x00d603a3) mem 0x8001a9f7 0x38
core   0: 0x800079d0 (0xff660b83) lb      s7, -10(a2)
core   0: 3 0x800079d0 (0xff660b83) x23 0x00000000 mem 0x8001a9e6
core   0: 0x800079d4 (0x00006b05) c.lui   s6, 0x1
core   0: 3 0x800079d4 (0x6b05) x22 0x00001000
core   0: 0x800079d6 (0x017604a3) sb      s7, 9(a2)
core   0: 3 0x800079d6 (0x017604a3) mem 0x8001a9f9 0x0
core   0: 0x800079da (0x023ebc33) mulhu   s8, t4, gp
core   0: 3 0x800079da (0x023ebc33) x24 0x00000000
core   0: 0x800079de (0x021479b3) remu    s3, s0, ra
core   0: 3 0x800079de (0x021479b3) x19 0x00000000
core   0: 0x800079e2 (0x00d64803) lbu     a6, 13(a2)
core   0: 3 0x800079e2 (0x00d64803) x16 0x00000000 mem 0x8001a9fd
core   0: 0x800079e6 (0x03f72133) mulhsu  sp, a4, t6
core   0: 3 0x800079e6 (0x03f72133) x 2 0x00000000
core   0: 0x800079ea (0x00264c83) lbu     s9, 2(a2)
core   0: 3 0x800079ea (0x00264c83) x25 0x00000000 mem 0x8001a9f2
core   0: 0x800079ee (0xc6134a93) xori    s5, t1, -927
core   0: 3 0x800079ee (0xc6134a93) x21 0xfffffc61
core   0: 0x800079f2 (0x00360403) lb      s0, 3(a2)
core   0: 3 0x800079f2 (0x00360403) x 8 0x00000000 mem 0x8001a9f3
core   0: 0x800079f6 (0x0257a133) mulhsu  sp, a5, t0
core   0: 3 0x800079f6 (0x0257a133) x 2 0x00000000
core   0: 0x800079fa (0x0ff0000f) fence   iorw,iorw
core   0: 3 0x800079fa (0x0ff0000f)
core   0: 0x800079fe (0xfe9609a3) sb      s1, -13(a2)
core   0: 3 0x800079fe (0xfe9609a3) mem 0x8001a9e3 0x64
core   0: 0x80007a02 (0x00560083) lb      ra, 5(a2)
core   0: 3 0x80007a02 (0x00560083) x 1 0x00000000 mem 0x8001a9f5
core   0: 0x80007a06 (0x00008419) c.srai  s0, 6
core   0: 3 0x80007a06 (0x8419) x 8 0x00000000
core   0: 0x80007a08 (0x01230233) add     tp, t1, s2
core   0: 3 0x80007a08 (0x01230233) x 4 0x8002cce4
core   0: 0x80007a0c (0x0000717d) c.addi16sp sp, -16
core   0: 3 0x80007a0c (0x717d) x 2 0xfffffff0
core   0: 0x80007a0e (0x01660033) add     zero, a2, s6
core   0: 3 0x80007a0e (0x01660033)
core   0: 0x80007a12 (0xfef61923) sh      a5, -14(a2)
core   0: 3 0x80007a12 (0xfef61923) mem 0x8001a9e2 0x0000
core   0: 0x80007a16 (0x587668b7) lui     a7, 0x58766
core   0: 3 0x80007a16 (0x587668b7) x17 0x58766000
core   0: 0x80007a1a (0xfff608a3) sb      t6, -15(a2)
core   0: 3 0x80007a1a (0xfff608a3) mem 0x8001a9e1 0x0
core   0: 0x80007a1e (0x0000ce97) auipc   t4, 0xc
core   0: 3 0x80007a1e (0x0000ce97) x29 0x80013a1e
core   0: 0x80007a22 (0xbaae8e93) addi    t4, t4, -1110
core   0: 3 0x80007a22 (0xbaae8e93) x29 0x800135c8
core   0: 0x80007a26 (0x0f8ea803) lw      a6, 248(t4)
core   0: 3 0x80007a26 (0x0f8ea803) x16 0x004f0000 mem 0x800136c0
core   0: 0x80007a2a (0x01bf00b3) add     ra, t5, s11
core   0: 3 0x80007a2a (0x01bf00b3) x 1 0x00000000
core   0: 0x80007a2e (0x00006161) c.addi16sp sp, 80
core   0: 3 0x80007a2e (0x6161) x 2 0x00000040
core   0: 0x80007a30 (0x0f8e9103) lh      sp, 248(t4)
core   0: 3 0x80007a30 (0x0f8e9103) x 2 0x00000000 mem 0x800136c0
core   0: 0x80007a34 (0x02382833) mulhsu  a6, a6, gp
core   0: 3 0x80007a34 (0x02382833) x16 0x00000000
core   0: 0x80007a38 (0x0e8e9c23) sh      s0, 248(t4)
core   0: 3 0x80007a38 (0x0e8e9c23) mem 0x800136c0 0x0000
core   0: 0x80007a3c (0x0f8ea403) lw      s0, 248(t4)
core   0: 3 0x80007a3c (0x0f8ea403) x 8 0x004f0000 mem 0x800136c0
core   0: 0x80007a40 (0x01825793) srli    a5, tp, 24
core   0: 3 0x80007a40 (0x01825793) x15 0x00000080
core   0: 0x80007a44 (0x41e30f33) sub     t5, t1, t5
core   0: 3 0x80007a44 (0x41e30f33) x30 0x00000000
core   0: 0x80007a48 (0x41a20fb3) sub     t6, tp, s10
core   0: 3 0x80007a48 (0x41a20fb3) x31 0x8002cce4
core   0: 0x80007a4c (0x0f8ed403) lhu     s0, 248(t4)
core   0: 3 0x80007a4c (0x0f8ed403) x 8 0x00000000 mem 0x800136c0
core   0: 0x80007a50 (0x0f5e9c23) sh      s5, 248(t4)
core   0: 3 0x80007a50 (0x0f5e9c23) mem 0x800136c0 0xfc61
core   0: 0x80007a54 (0x2f0e9c23) sh      a6, 760(t4)
core   0: 3 0x80007a54 (0x2f0e9c23) mem 0x800138c0 0x0000
core   0: 0x80007a58 (0x0357ab33) mulhsu  s6, a5, s5
core   0: 3 0x80007a58 (0x0357ab33) x22 0x0000007f
core   0: 0x80007a5c (0x2eeeac23) sw      a4, 760(t4)
core   0: 3 0x80007a5c (0x2eeeac23) mem 0x800138c0 0x00000000
core   0: 0x80007a60 (0x2f8ea383) lw      t2, 760(t4)
core   0: 3 0x80007a60 (0x2f8ea383) x 7 0x00000000 mem 0x800138c0
core   0: 0x80007a64 (0x2f8ed283) lhu     t0, 760(t4)
core   0: 3 0x80007a64 (0x2f8ed283) x 5 0x00000000 mem 0x800138c0
core   0: 0x80007a68 (0x2f8e9a83) lh      s5, 760(t4)
core   0: 3 0x80007a68 (0x2f8e9a83) x21 0x00000000 mem 0x800138c0
core   0: 0x80007a6c (0x0000b617) auipc   a2, 0xb
core   0: 3 0x80007a6c (0x0000b617) x12 0x80012a6c
core   0: 0x80007a70 (0x7f360613) addi    a2, a2, 2035
core   0: 3 0x80007a70 (0x7f360613) x12 0x8001325f
core   0: 0x80007a74 (0x8176fb13) andi    s6, a3, -2025
core   0: 3 0x80007a74 (0x8176fb13) x22 0x80015010
core   0: 0x80007a78 (0x00000001) c.nop
core   0: 3 0x80007a78 (0x0001)
core   0: 0x80007a7a (0x029282b3) mul     t0, t0, s1
core   0: 3 0x80007a7a (0x029282b3) x 5 0x00000000
core   0: 0x80007a7e (0x08c613a3) sh      a2, 135(a2)
core   0: 3 0x80007a7e (0x08c613a3) mem 0x800132e6 0x325f
core   0: 0x80007a82 (0xfd860703) lb      a4, -40(a2)
core   0: 3 0x80007a82 (0xfd860703) x14 0x00000000 mem 0x80013237
core   0: 0x80007a86 (0x0b161703) lh      a4, 177(a2)
core   0: 3 0x80007a86 (0x0b161703) x14 0x00000000 mem 0x80013310
core   0: 0x80007a8a (0xfec60123) sb      a2, -30(a2)
core   0: 3 0x80007a8a (0xfec60123) mem 0x80013241 0x5f
core   0: 0x80007a8e (0xc189ea13) ori     s4, s3, -1000
core   0: 3 0x80007a8e (0xc189ea13) x20 0xfffffc18
core   0: 0x80007a92 (0x0f264283) lbu     t0, 242(a2)
core   0: 3 0x80007a92 (0x0f264283) x 5 0x00000000 mem 0x80013351
core   0: 0x80007a96 (0x01c618a3) sh      t3, 17(a2)
core   0: 3 0x80007a96 (0x01c618a3) mem 0x80013270 0x0000
core   0: 0x80007a9a (0xf1760223) sb      s7, -252(a2)
core   0: 3 0x80007a9a (0xf1760223) mem 0x80013163 0x0
core   0: 0x80007a9e (0x00621113) slli    sp, tp, 6
core   0: 3 0x80007a9e (0x00621113) x 2 0x00b33900
core   0: 0x80007aa2 (0x02d15133) divu    sp, sp, a3
core   0: 3 0x80007aa2 (0x02d15133) x 2 0x00000000
core   0: 0x80007aa6 (0x09962303) lw      t1, 153(a2)
core   0: 3 0x80007aa6 (0x09962303) x 6 0x00000000 mem 0x800132f8
core   0: 0x80007aaa (0x02ce7b33) remu    s6, t3, a2
core   0: 3 0x80007aaa (0x02ce7b33) x22 0x00000000
core   0: 0x80007aae (0x019ed893) srli    a7, t4, 25
core   0: 3 0x80007aae (0x019ed893) x17 0x00000040
core   0: 0x80007ab2 (0x0b161203) lh      tp, 177(a2)
core   0: 3 0x80007ab2 (0x0b161203) x 4 0x00000000 mem 0x80013310
core   0: 0x80007ab6 (0x0d565403) lhu     s0, 213(a2)
core   0: 3 0x80007ab6 (0x0d565403) x 8 0x00000000 mem 0x80013334
core   0: 0x80007aba (0x012a5993) srli    s3, s4, 18
core   0: 3 0x80007aba (0x012a5993) x19 0x00003fff
core   0: 0x80007abe (0xf4d65783) lhu     a5, -179(a2)
core   0: 3 0x80007abe (0xf4d65783) x15 0x00000000 mem 0x800131ac
core   0: 0x80007ac2 (0xf5464783) lbu     a5, -172(a2)
core   0: 3 0x80007ac2 (0xf5464783) x15 0x00000000 mem 0x800131b3
core   0: 0x80007ac6 (0x00b65403) lhu     s0, 11(a2)
core   0: 3 0x80007ac6 (0x00b65403) x 8 0x00000000 mem 0x8001326a
core   0: 0x80007aca (0x08862ea3) sw      s0, 157(a2)
core   0: 3 0x80007aca (0x08862ea3) mem 0x800132fc 0x00000000
core   0: 0x80007ace (0xf22622a3) sw      sp, -219(a2)
core   0: 3 0x80007ace (0xf22622a3) mem 0x80013184 0x00000000
core   0: 0x80007ad2 (0x01cf02b3) add     t0, t5, t3
core   0: 3 0x80007ad2 (0x01cf02b3) x 5 0x00000000
core   0: 0x80007ad6 (0x0032db13) srli    s6, t0, 3
core   0: 3 0x80007ad6 (0x0032db13) x22 0x00000000
core   0: 0x80007ada (0xff8602a3) sb      s8, -27(a2)
core   0: 3 0x80007ada (0xff8602a3) mem 0x80013244 0x0
core   0: 0x80007ade (0x01e3b9b3) sltu    s3, t2, t5
core   0: 3 0x80007ade (0x01e3b9b3) x19 0x00000000
core   0: 0x80007ae2 (0xf5e64a03) lbu     s4, -162(a2)
core   0: 3 0x80007ae2 (0xf5e64a03) x20 0x00000000 mem 0x800131bd
core   0: 0x80007ae6 (0x01765d03) lhu     s10, 23(a2)
core   0: 3 0x80007ae6 (0x01765d03) x26 0x00000000 mem 0x80013276
core   0: 0x80007aea (0xf1260783) lb      a5, -238(a2)
core   0: 3 0x80007aea (0xf1260783) x15 0x00000000 mem 0x80013171
core   0: 0x80007aee (0x0fe60123) sb      t5, 226(a2)
core   0: 3 0x80007aee (0x0fe60123) mem 0x80013341 0x0
core   0: 0x80007af2 (0x04361da3) sh      gp, 91(a2)
core   0: 3 0x80007af2 (0x04361da3) mem 0x800132ba 0x0000
core   0: 0x80007af6 (0xfb064403) lbu     s0, -80(a2)
core   0: 3 0x80007af6 (0xfb064403) x 8 0x00000000 mem 0x8001320f
core   0: 0x80007afa (0x41b387b3) sub     a5, t2, s11
core   0: 3 0x80007afa (0x41b387b3) x15 0x00000000
core   0: 0x80007afe (0xfff64583) lbu     a1, -1(a2)
core   0: 3 0x80007afe (0xfff64583) x11 0x00000000 mem 0x8001325e
core   0: 0x80007b02 (0x0eb60e03) lb      t3, 235(a2)
core   0: 3 0x80007b02 (0x0eb60e03) x28 0x00000000 mem 0x8001334a
core   0: 0x80007b06 (0x0f365103) lhu     sp, 243(a2)
core   0: 3 0x80007b06 (0x0f365103) x 2 0x00000000 mem 0x80013352
core   0: 0x80007b0a (0x00006e79) c.lui   t3, 0x1e
core   0: 3 0x80007b0a (0x6e79) x28 0x0001e000
core   0: 0x80007b0c (0x01dd75b3) and     a1, s10, t4
core   0: 3 0x80007b0c (0x01dd75b3) x11 0x00000000
core   0: 0x80007b10 (0x06364683) lbu     a3, 99(a2)
core   0: 3 0x80007b10 (0x06364683) x13 0x000000ff mem 0x800132c2
core   0: 0x80007b14 (0x02c036b3) mulhu   a3, zero, a2
core   0: 3 0x80007b14 (0x02c036b3) x13 0x00000000
core   0: 0x80007b18 (0x0000800d) c.srli  s0, 3
core   0: 3 0x80007b18 (0x800d) x 8 0x00000000
core   0: 0x80007b1a (0x000086c1) c.srai  a3, 16
core   0: 3 0x80007b1a (0x86c1) x13 0x00000000
core   0: 0x80007b1c (0xe4104a93) xori    s5, zero, -447
core   0: 3 0x80007b1c (0xe4104a93) x21 0xfffffe41
core   0: 0x80007b20 (0x00008c09) c.sub   s0, a0
core   0: 3 0x80007b20 (0x8c09) x 8 0x02c1de26
core   0: 0x80007b22 (0x0cb65803) lhu     a6, 203(a2)
core   0: 3 0x80007b22 (0x0cb65803) x16 0x00000000 mem 0x8001332a
core   0: 0x80007b26 (0xf4c617a3) sh      a2, -177(a2)
core   0: 3 0x80007b26 (0xf4c617a3) mem 0x800131ae 0x325f
core   0: 0x80007b2a (0x00764f03) lbu     t5, 7(a2)
core   0: 3 0x80007b2a (0x00764f03) x30 0x00000000 mem 0x80013266
core   0: 0x80007b2e (0x0ff0000f) fence   iorw,iorw
core   0: 3 0x80007b2e (0x0ff0000f)
core   0: 0x80007b32 (0x04361f83) lh      t6, 67(a2)
core   0: 3 0x80007b32 (0x04361f83) x31 0x00000000 mem 0x800132a2
core   0: 0x80007b36 (0x0000c817) auipc   a6, 0xc
core   0: 3 0x80007b36 (0x0000c817) x16 0x80013b36
core   0: 0x80007b3a (0x09a80813) addi    a6, a6, 154
core   0: 3 0x80007b3a (0x09a80813) x16 0x80013bd0
core   0: 0x80007b3e (0x0000cd17) auipc   s10, 0xc
core   0: 3 0x80007b3e (0x0000cd17) x26 0x80013b3e
core   0: 0x80007b42 (0xf09d0d13) addi    s10, s10, -247
core   0: 3 0x80007b42 (0xf09d0d13) x26 0x80013a47
core   0: 0x80007b46 (0x0000c197) auipc   gp, 0xc
core   0: 3 0x80007b46 (0x0000c197) x 3 0x80013b46
core   0: 0x80007b4a (0x2c818193) addi    gp, gp, 712
core   0: 3 0x80007b4a (0x2c818193) x 3 0x80013e0e
core   0: 0x80007b4e (0xfaa80583) lb      a1, -86(a6)
core   0: 3 0x80007b4e (0xfaa80583) x11 0x00000000 mem 0x80013b7a
core   0: 0x80007b52 (0xfe3d0fa3) sb      gp, -1(s10)
core   0: 3 0x80007b52 (0xfe3d0fa3) mem 0x80013a46 0xe
core   0: 0x80007b56 (0x0000b997) auipc   s3, 0xb
core   0: 3 0x80007b56 (0x0000b997) x19 0x80012b56
core   0: 0x80007b5a (0x6df98993) addi    s3, s3, 1759
core   0: 3 0x80007b5a (0x6df98993) x19 0x80013235
core   0: 0x80007b5e (0x0000bf97) auipc   t6, 0xb
core   0: 3 0x80007b5e (0x0000bf97) x31 0x80012b5e
core   0: 0x80007b62 (0x528f8f93) addi    t6, t6, 1320
core   0: 3 0x80007b62 (0x528f8f93) x31 0x80013086
core   0: 0x80007b66 (0xff485703) lhu     a4, -12(a6)
core   0: 3 0x80007b66 (0xff485703) x14 0x0000f1ca mem 0x80013bc4
core   0: 0x80007b6a (0x03ed4a83) lbu     s5, 62(s10)
core   0: 3 0x80007b6a (0x03ed4a83) x21 0x00000000 mem 0x80013a85
core   0: 0x80007b6e (0xffff80a3) sb      t6, -31(t6)
core   0: 3 0x80007b6e (0xffff80a3) mem 0x80013067 0x86
core   0: 0x80007b72 (0xfd2d0303) lb      t1, -46(s10)
core   0: 3 0x80007b72 (0xfd2d0303) x 6 0x00000000 mem 0x80013a19
core   0: 0x80007b76 (0x012f8303) lb      t1, 18(t6)
core   0: 3 0x80007b76 (0x012f8303) x 6 0x00000000 mem 0x80013098
core   0: 0x80007b7a (0xf3480583) lb      a1, -204(a6)
core   0: 3 0x80007b7a (0xf3480583) x11 0x00000000 mem 0x80013b04
core   0: 0x80007b7e (0xfd2d0583) lb      a1, -46(s10)
core   0: 3 0x80007b7e (0xfd2d0583) x11 0x00000000 mem 0x80013a19
core   0: 0x80007b82 (0xfda1df03) lhu     t5, -38(gp)
core   0: 3 0x80007b82 (0xfda1df03) x30 0x00000000 mem 0x80013de8
core   0: 0x80007b86 (0x040d4103) lbu     sp, 64(s10)
core   0: 3 0x80007b86 (0x040d4103) x 2 0x00000000 mem 0x80013a87
core   0: 0x80007b8a (0xfdc98a03) lb      s4, -36(s3)
core   0: 3 0x80007b8a (0xfdc98a03) x20 0x00000000 mem 0x80013211
core   0: 0x80007b8e (0x006f9c23) sh      t1, 24(t6)
core   0: 3 0x80007b8e (0x006f9c23) mem 0x8001309e 0x0000
core   0: 0x80007b92 (0xffb82023) sw      s11, -32(a6)
core   0: 3 0x80007b92 (0xffb82023) mem 0x80013bb0 0x00000000
core   0: 0x80007b96 (0x002d0e23) sb      sp, 28(s10)
core   0: 3 0x80007b96 (0x002d0e23) mem 0x80013a63 0x0
core   0: 0x80007b9a (0xfd999e83) lh      t4, -39(s3)
core   0: 3 0x80007b9a (0xfd999e83) x29 0x00000000 mem 0x8001320e
core   0: 0x80007b9e (0x0161c383) lbu     t2, 22(gp)
core   0: 3 0x80007b9e (0x0161c383) x 7 0x00000000 mem 0x80013e24
core   0: 0x80007ba2 (0xfc6d0e03) lb      t3, -58(s10)
core   0: 3 0x80007ba2 (0xfc6d0e03) x28 0x00000000 mem 0x80013a0d
core   0: 0x80007ba6 (0x008fcb83) lbu     s7, 8(t6)
core   0: 3 0x80007ba6 (0x008fcb83) x23 0x00000000 mem 0x8001308e
core   0: 0x80007baa (0x03398883) lb      a7, 51(s3)
core   0: 3 0x80007baa (0x03398883) x17 0x00000046 mem 0x80013268
core   0: 0x80007bae (0x00019523) sh      zero, 10(gp)
core   0: 3 0x80007bae (0x00019523) mem 0x80013e18 0x0000
core   0: 0x80007bb2 (0xf2880f03) lb      t5, -216(a6)
core   0: 3 0x80007bb2 (0xf2880f03) x30 0x00000000 mem 0x80013af8
core   0: 0x80007bb6 (0xfd7fc403) lbu     s0, -41(t6)
core   0: 3 0x80007bb6 (0xfd7fc403) x 8 0x00000000 mem 0x8001305d
core   0: 0x80007bba (0x00e98823) sb      a4, 16(s3)
core   0: 3 0x80007bba (0x00e98823) mem 0x80013245 0xca
core   0: 0x80007bbe (0x022f9a83) lh      s5, 34(t6)
core   0: 3 0x80007bbe (0x022f9a83) x21 0xffff8871 mem 0x800130a8
core   0: 0x80007bc2 (0x015d15a3) sh      s5, 11(s10)
core   0: 3 0x80007bc2 (0x015d15a3) mem 0x80013a52 0x8871
core   0: 0x80007bc6 (0xff41c283) lbu     t0, -12(gp)
core   0: 3 0x80007bc6 (0xff41c283) x 5 0x00000000 mem 0x80013e02
core   0: 0x80007bca (0x01698103) lb      sp, 22(s3)
core   0: 3 0x80007bca (0x01698103) x 2 0x00000000 mem 0x8001324b
core   0: 0x80007bce (0x02afa103) lw      sp, 42(t6)
core   0: 3 0x80007bce (0x02afa103) x 2 0x00000000 mem 0x800130b0
core   0: 0x80007bd2 (0xfced0883) lb      a7, -50(s10)
core   0: 3 0x80007bd2 (0xfced0883) x17 0x00000000 mem 0x80013a15
core   0: 0x80007bd6 (0xff0187a3) sb      a6, -17(gp)
core   0: 3 0x80007bd6 (0xff0187a3) mem 0x80013dfd 0xd0
core   0: 0x80007bda (0x01285003) lhu     zero, 18(a6)
core   0: 3 0x80007bda (0x01285003) mem 0x80013be2
core   0: 0x80007bde (0x001f8d83) lb      s11, 1(t6)
core   0: 3 0x80007bde (0x001f8d83) x27 0xffffffcc mem 0x80013087
core   0: 0x80007be2 (0x00c188a3) sb      a2, 17(gp)
core   0: 3 0x80007be2 (0x00c188a3) mem 0x80013e1f 0x5f
core   0: 0x80007be6 (0xfd9f8403) lb      s0, -39(t6)
core   0: 3 0x80007be6 (0xfd9f8403) x 8 0x00000000 mem 0x8001305f
core   0: 0x80007bea (0x03598ca3) sb      s5, 57(s3)
core   0: 3 0x80007bea (0x03598ca3) mem 0x8001326e 0x71
core   0: 0x80007bee (0x0000c417) auipc   s0, 0xc
core   0: 3 0x80007bee (0x0000c417) x 8 0x80013bee
core   0: 0x80007bf2 (0x19c40413) addi    s0, s0, 412
core   0: 3 0x80007bf2 (0x19c40413) x 8 0x80013d8a
core   0: 0x80007bf6 (0xffd44f03) lbu     t5, -3(s0)
core   0: 3 0x80007bf6 (0xffd44f03) x30 0x00000000 mem 0x80013d87
core   0: 0x80007bfa (0x00f402a3) sb      a5, 5(s0)
core   0: 3 0x80007bfa (0x00f402a3) mem 0x80013d8f 0x0
core   0: 0x80007bfe (0x12cc7097) auipc   ra, 0x12cc7
core   0: 3 0x80007bfe (0x12cc7097) x 1 0x92ccebfe
core   0: 0x80007c02 (0x03af28b3) mulhsu  a7, t5, s10
core   0: 3 0x80007c02 (0x03af28b3) x17 0x00000000
core   0: 0x80007c06 (0x01d407a3) sb      t4, 15(s0)
core   0: 3 0x80007c06 (0x01d407a3) mem 0x80013d99 0x0
core   0: 0x80007c0a (0x000000da) c.slli  ra, 22
core   0: 3 0x80007c0a (0x00da) x 1 0xff800000
core   0: 0x80007c0c (0x0000613d) c.addi16sp sp, 480
core   0: 3 0x80007c0c (0x613d) x 2 0x000001e0
core   0: 0x80007c0e (0xffb40b83) lb      s7, -5(s0)
core   0: 3 0x80007c0e (0xffb40b83) x23 0x00000000 mem 0x80013d85
core   0: 0x80007c12 (0x011a2a33) slt     s4, s4, a7
core   0: 3 0x80007c12 (0x011a2a33) x20 0x00000000
core   0: 0x80007c16 (0xff041e83) lh      t4, -16(s0)
core   0: 3 0x80007c16 (0xff041e83) x29 0x00000000 mem 0x80013d7a
core   0: 0x80007c1a (0x00008df5) c.and   a1, a3
core   0: 3 0x80007c1a (0x8df5) x11 0x00000000
core   0: 0x80007c1c (0x00f44d83) lbu     s11, 15(s0)
core   0: 3 0x80007c1c (0x00f44d83) x27 0x00000000 mem 0x80013d99
core   0: 0x80007c20 (0x000046b3) xor     a3, zero, zero
core   0: 3 0x80007c20 (0x000046b3) x13 0x00000000
core   0: 0x80007c24 (0x0269df33) divu    t5, s3, t1
core   0: 3 0x80007c24 (0x0269df33) x30 0xffffffff
core   0: 0x80007c28 (0x010401a3) sb      a6, 3(s0)
core   0: 3 0x80007c28 (0x010401a3) mem 0x80013d8d 0xd0
core   0: 0x80007c2c (0xff540603) lb      a2, -11(s0)
core   0: 3 0x80007c2c (0xff540603) x12 0x00000000 mem 0x80013d7f
core   0: 0x80007c30 (0x00841703) lh      a4, 8(s0)
core   0: 3 0x80007c30 (0x00841703) x14 0x00000000 mem 0x80013d92
core   0: 0x80007c34 (0x00740c03) lb      s8, 7(s0)
core   0: 3 0x80007c34 (0x00740c03) x24 0x00000000 mem 0x80013d91
core   0: 0x80007c38 (0x00000bfa) c.slli  s7, 30
core   0: 3 0x80007c38 (0x0bfa) x23 0x00000000
core   0: 0x80007c3a (0x00000001) c.nop
core   0: 3 0x80007c3a (0x0001)
core   0: 0x80007c3c (0x000045c9) c.li    a1, 18
core   0: 3 0x80007c3c (0x45c9) x11 0x00000012
core   0: 0x80007c3e (0x01741723) sh      s7, 14(s0)
core   0: 3 0x80007c3e (0x01741723) mem 0x80013d98 0x0000
core   0: 0x80007c42 (0x00b40a83) lb      s5, 11(s0)
core   0: 3 0x80007c42 (0x00b40a83) x21 0x00000070 mem 0x80013d95
core   0: 0x80007c46 (0xff844803) lbu     a6, -8(s0)
core   0: 3 0x80007c46 (0xff844803) x16 0x00000000 mem 0x80013d82
core   0: 0x80007c4a (0x0ff0000f) fence   iorw,iorw
core   0: 3 0x80007c4a (0x0ff0000f)
core   0: 0x80007c4e (0xbd723313) sltiu   t1, tp, -1065
core   0: 3 0x80007c4e (0xbd723313) x 6 0x00000001
core   0: 0x80007c52 (0xff845603) lhu     a2, -8(s0)
core   0: 3 0x80007c52 (0xff845603) x12 0x00000000 mem 0x80013d82
core   0: 0x80007c56 (0x0000671d) c.lui   a4, 0x7
core   0: 3 0x80007c56 (0x671d) x14 0x00007000
core   0: 0x80007c58 (0x00a41023) sh      a0, 0(s0)
core   0: 3 0x80007c58 (0x00a41023) mem 0x80013d8a 0x21da
core   0: 0x80007c5c (0xac914f93) xori    t6, sp, -1335
core   0: 3 0x80007c5c (0xac914f93) x31 0xfffffb29
core   0: 0x80007c60 (0x01b42233) slt     tp, s0, s11
core   0: 3 0x80007c60 (0x01b42233) x 4 0x00000001
core   0: 0x80007c64 (0x00008651) c.srai  a2, 20
core   0: 3 0x80007c64 (0x8651) x12 0x00000000
core   0: 0x80007c66 (0x4148d613) srai    a2, a7, 20
core   0: 3 0x80007c66 (0x4148d613) x12 0x00000000
core   0: 0x80007c6a (0x3b13ee93) ori     t4, t2, 945
core   0: 3 0x80007c6a (0x3b13ee93) x29 0x000003b1
core   0: 0x80007c6e (0x3bc34193) xori    gp, t1, 956
core   0: 3 0x80007c6e (0x3bc34193) x 3 0x000003bd
core   0: 0x80007c72 (0x000087ad) c.srai  a5, 11
core   0: 3 0x80007c72 (0x87ad) x15 0x00000000
core   0: 0x80007c74 (0x0000100f) fence.i
core   0: 3 0x80007c74 (0x0000100f)
core   0: 0x80007c78 (0x00008da9) c.xor   a1, a0
core   0: 3 0x80007c78 (0x8da9) x11 0xfd3e21c8
core   0: 0x80007c7a (0xfea40aa3) sb      a0, -11(s0)
core   0: 3 0x80007c7a (0xfea40aa3) mem 0x80013d7f 0xda
core   0: 0x80007c7e (0x01d1acb3) slt     s9, gp, t4
core   0: 3 0x80007c7e (0x01d1acb3) x25 0x00000000
core   0: 0x80007c82 (0xffa40b83) lb      s7, -6(s0)
core   0: 3 0x80007c82 (0xffa40b83) x23 0x00000000 mem 0x80013d84
core   0: 0x80007c86 (0x00000690) c.addi4spn a2, sp, 832
core   0: 3 0x80007c86 (0x0690) x12 0x00000520
core   0: 0x80007c88 (0x02b87d33) remu    s10, a6, a1
core   0: 3 0x80007c88 (0x02b87d33) x26 0x00000000
core   0: 0x80007c8c (0x02f470b3) remu    ra, s0, a5
core   0: 3 0x80007c8c (0x02f470b3) x 1 0x80013d8a
core   0: 0x80007c90 (0xff340f83) lb      t6, -13(s0)
core   0: 3 0x80007c90 (0xff340f83) x31 0x00000000 mem 0x80013d7d
core   0: 0x80007c94 (0x01741623) sh      s7, 12(s0)
core   0: 3 0x80007c94 (0x01741623) mem 0x80013d96 0x0000
core   0: 0x80007c98 (0x00017d97) auipc   s11, 0x17
core   0: 3 0x80007c98 (0x00017d97) x27 0x8001ec98
core   0: 0x80007c9c (0x2ebd8d93) addi    s11, s11, 747
core   0: 3 0x80007c9c (0x2ebd8d93) x27 0x8001ef83
core   0: 0x80007ca0 (0xf77d8823) sb      s7, -144(s11)
core   0: 3 0x80007ca0 (0xf77d8823) mem 0x8001eef3 0x0
core   0: 0x80007ca4 (0x0000c717) auipc   a4, 0xc
core   0: 3 0x80007ca4 (0x0000c717) x14 0x80013ca4
core   0: 0x80007ca8 (0x0f070713) addi    a4, a4, 240
core   0: 3 0x80007ca8 (0x0f070713) x14 0x80013d94
core   0: 0x80007cac (0xf58dc883) lbu     a7, -168(s11)
core   0: 3 0x80007cac (0xf58dc883) x17 0x00000000 mem 0x8001eedb
core   0: 0x80007cb0 (0xf73d8383) lb      t2, -141(s11)
core   0: 3 0x80007cb0 (0xf73d8383) x 7 0x00000000 mem 0x8001eef6
core   0: 0x80007cb4 (0x07070983) lb      s3, 112(a4)
core   0: 3 0x80007cb4 (0x07070983) x19 0x00000000 mem 0x80013e04
core   0: 0x80007cb8 (0xf53d9883) lh      a7, -173(s11)
core   0: 3 0x80007cb8 (0xf53d9883) x17 0x00000000 mem 0x8001eed6
core   0: 0x80007cbc (0x0abd9ea3) sh      a1, 189(s11)
core   0: 3 0x80007cbc (0x0abd9ea3) mem 0x8001f040 0x21c8
core   0: 0x80007cc0 (0xe2270823) sb      sp, -464(a4)
core   0: 3 0x80007cc0 (0xe2270823) mem 0x80013bc4 0xe0
core   0: 0x80007cc4 (0xf49d8fa3) sb      s1, -161(s11)
core   0: 3 0x80007cc4 (0xf49d8fa3) mem 0x8001eee2 0x64
core   0: 0x80007cc8 (0x093d93a3) sh      s3, 135(s11)
core   0: 3 0x80007cc8 (0x093d93a3) mem 0x8001f00a 0x0000
core   0: 0x80007ccc (0xf7cd8223) sb      t3, -156(s11)
core   0: 3 0x80007ccc (0xf7cd8223) mem 0x8001eee7 0x0
core   0: 0x80007cd0 (0xda971c23) sh      s1, -584(a4)
core   0: 3 0x80007cd0 (0xda971c23) mem 0x80013b4c 0x8e64
core   0: 0x80007cd4 (0xf7cd8b23) sb      t3, -138(s11)
core   0: 3 0x80007cd4 (0xf7cd8b23) mem 0x8001eef9 0x0
core   0: 0x80007cd8 (0x80770283) lb      t0, -2041(a4)
core   0: 3 0x80007cd8 (0x80770283) x 5 0x00000000 mem 0x8001359b
core   0: 0x80007cdc (0xa8b74403) lbu     s0, -1397(a4)
core   0: 3 0x80007cdc (0xa8b74403) x 8 0x00000000 mem 0x8001381f
core   0: 0x80007ce0 (0x0000b997) auipc   s3, 0xb
core   0: 3 0x80007ce0 (0x0000b997) x19 0x80012ce0
core   0: 0x80007ce4 (0x4ac98993) addi    s3, s3, 1196
core   0: 3 0x80007ce4 (0x4ac98993) x19 0x8001318c
core   0: 0x80007ce8 (0xffe9d783) lhu     a5, -2(s3)
core   0: 3 0x80007ce8 (0xffe9d783) x15 0x00000000 mem 0x8001318a
core   0: 0x80007cec (0x03f33b33) mulhu   s6, t1, t6
core   0: 3 0x80007cec (0x03f33b33) x22 0x00000000
core   0: 0x80007cf0 (0xff99cb03) lbu     s6, -7(s3)
core   0: 3 0x80007cf0 (0xff99cb03) x22 0x00000000 mem 0x80013185
core   0: 0x80007cf4 (0xfcd984a3) sb      a3, -55(s3)
core   0: 3 0x80007cf4 (0xfcd984a3) mem 0x80013155 0x0
core   0: 0x80007cf8 (0x0399c703) lbu     a4, 57(s3)
core   0: 3 0x80007cf8 (0x0399c703) x14 0x00000000 mem 0x800131c5
core   0: 0x80007cfc (0x02c05cb3) divu    s9, zero, a2
core   0: 3 0x80007cfc (0x02c05cb3) x25 0x00000000
core   0: 0x80007d00 (0xffd98f83) lb      t6, -3(s3)
core   0: 3 0x80007d00 (0xffd98f83) x31 0x00000000 mem 0x80013189
core   0: 0x80007d04 (0x01428433) add     s0, t0, s4
core   0: 3 0x80007d04 (0x01428433) x 8 0x00000000
core   0: 0x80007d08 (0x4019d8b3) sra     a7, s3, ra
core   0: 3 0x80007d08 (0x4019d8b3) x17 0xffe0004c
core   0: 0x80007d0c (0x02d9c103) lbu     sp, 45(s3)
core   0: 3 0x80007d0c (0x02d9c103) x 2 0x00000000 mem 0x800131b9
core   0: 0x80007d10 (0x00dadfb3) srl     t6, s5, a3
core   0: 3 0x80007d10 (0x00dadfb3) x31 0x00000070
core   0: 0x80007d14 (0xfe198a03) lb      s4, -31(s3)
core   0: 3 0x80007d14 (0xfe198a03) x20 0x00000000 mem 0x8001316d
core   0: 0x80007d18 (0x016cc6b3) xor     a3, s9, s6
core   0: 3 0x80007d18 (0x016cc6b3) x13 0x00000000
core   0: 0x80007d1c (0x0379c583) lbu     a1, 55(s3)
core   0: 3 0x80007d1c (0x0379c583) x11 0x00000000 mem 0x800131c3
core   0: 0x80007d20 (0x02cc1b33) mulh    s6, s8, a2
core   0: 3 0x80007d20 (0x02cc1b33) x22 0x00000000
core   0: 0x80007d24 (0x024c25b3) mulhsu  a1, s8, tp
core   0: 3 0x80007d24 (0x024c25b3) x11 0x00000000
core   0: 0x80007d28 (0x0000921e) c.add   tp, t2
core   0: 3 0x80007d28 (0x921e) x 4 0x00000001
core   0: 0x80007d2a (0xfc798c03) lb      s8, -57(s3)
core   0: 3 0x80007d2a (0xfc798c03) x24 0x00000000 mem 0x80013153
core   0: 0x80007d2e (0xfdb99b23) sh      s11, -42(s3)
core   0: 3 0x80007d2e (0xfdb99b23) mem 0x80013162 0xef83
core   0: 0x80007d32 (0x01372c13) slti    s8, a4, 19
core   0: 3 0x80007d32 (0x01372c13) x24 0x00000001
core   0: 0x80007d36 (0x4053d1b3) sra     gp, t2, t0
core   0: 3 0x80007d36 (0x4053d1b3) x 3 0x00000000
core   0: 0x80007d3a (0x4dc98d93) addi    s11, s3, 1244
core   0: 3 0x80007d3a (0x4dc98d93) x27 0x80013668
core   0: 0x80007d3e (0x00001c8c) c.addi4spn a1, sp, 624
core   0: 3 0x80007d3e (0x1c8c) x11 0x00000270
core   0: 0x80007d40 (0xfdb98083) lb      ra, -37(s3)
core   0: 3 0x80007d40 (0xfdb98083) x 1 0xfffffff0 mem 0x80013167
core   0: 0x80007d44 (0x00598a03) lb      s4, 5(s3)
core   0: 3 0x80007d44 (0x00598a03) x20 0xffffffa2 mem 0x80013191
core   0: 0x80007d48 (0x039981a3) sb      s9, 35(s3)
core   0: 3 0x80007d48 (0x039981a3) mem 0x800131af 0x0
core   0: 0x80007d4c (0xfe69d083) lhu     ra, -26(s3)
core   0: 3 0x80007d4c (0xfe69d083) x 1 0x00000000 mem 0x80013172
core   0: 0x80007d50 (0xfdc9aa23) sw      t3, -44(s3)
core   0: 3 0x80007d50 (0xfdc9aa23) mem 0x80013160 0x00000000
core   0: 0x80007d54 (0xfc89a583) lw      a1, -56(s3)
core   0: 3 0x80007d54 (0xfc89a583) x11 0x00000000 mem 0x80013154
core   0: 0x80007d58 (0xa1768c93) addi    s9, a3, -1513
core   0: 3 0x80007d58 (0xa1768c93) x25 0xfffffa17
core   0: 0x80007d5c (0x035a16b3) mulh    a3, s4, s5
core   0: 3 0x80007d5c (0x035a16b3) x13 0xffffffff
core   0: 0x80007d60 (0xa9c14d93) xori    s11, sp, -1380
core   0: 3 0x80007d60 (0xa9c14d93) x27 0xfffffa9c
core   0: 0x80007d64 (0x0002c7b3) xor     a5, t0, zero
core   0: 3 0x80007d64 (0x0002c7b3) x15 0x00000000
core   0: 0x80007d68 (0x94b63fb7) lui     t6, 0x94b63
core   0: 3 0x80007d68 (0x94b63fb7) x31 0x94b63000
core   0: 0x80007d6c (0xfd099b23) sh      a6, -42(s3)
core   0: 3 0x80007d6c (0xfd099b23) mem 0x80013162 0x0000
core   0: 0x80007d70 (0x0001b697) auipc   a3, 0x1b
core   0: 3 0x80007d70 (0x0001b697) x13 0x80022d70
core   0: 0x80007d74 (0x7c168693) addi    a3, a3, 1985
core   0: 3 0x80007d74 (0x7c168693) x13 0x80023531
core   0: 0x80007d78 (0x0000bc17) auipc   s8, 0xb
core   0: 3 0x80007d78 (0x0000bc17) x24 0x80012d78
core   0: 0x80007d7c (0x2f5c0c13) addi    s8, s8, 757
core   0: 3 0x80007d7c (0x2f5c0c13) x24 0x8001306d
core   0: 0x80007d80 (0xf1b6d183) lhu     gp, -229(a3)
core   0: 3 0x80007d80 (0xf1b6d183) x 3 0x00000000 mem 0x8002344c
core   0: 0x80007d84 (0x039c4f03) lbu     t5, 57(s8)
core   0: 3 0x80007d84 (0x039c4f03) x30 0x00000000 mem 0x800130a6
core   0: 0x80007d88 (0x0f4681a3) sb      s4, 227(a3)
core   0: 3 0x80007d88 (0x0f4681a3) mem 0x80023614 0xa2
core   0: 0x80007d8c (0xfc5c0e23) sb      t0, -36(s8)
core   0: 3 0x80007d8c (0xfc5c0e23) mem 0x80013049 0x0
core   0: 0x80007d90 (0xfd068c83) lb      s9, -48(a3)
core   0: 3 0x80007d90 (0xfd068c83) x25 0x00000000 mem 0x80023501
core   0: 0x80007d94 (0x03bc0703) lb      a4, 59(s8)
core   0: 3 0x80007d94 (0x03bc0703) x14 0x00000071 mem 0x800130a8
core   0: 0x80007d98 (0xfe3688a3) sb      gp, -15(a3)
core   0: 3 0x80007d98 (0xfe3688a3) mem 0x80023522 0x0
core   0: 0x80007d9c (0x012c0603) lb      a2, 18(s8)
core   0: 3 0x80007d9c (0x012c0603) x12 0x00000000 mem 0x8001307f
core   0: 0x80007da0 (0x0b56db03) lhu     s6, 181(a3)
core   0: 3 0x80007da0 (0x0b56db03) x22 0x00000000 mem 0x800235e6
core   0: 0x80007da4 (0x01468823) sb      s4, 16(a3)
core   0: 3 0x80007da4 (0x01468823) mem 0x80023541 0xa2
core   0: 0x80007da8 (0x04968923) sb      s1, 82(a3)
core   0: 3 0x80007da8 (0x04968923) mem 0x80023583 0x64
core   0: 0x80007dac (0x039c4e03) lbu     t3, 57(s8)
core   0: 3 0x80007dac (0x039c4e03) x28 0x00000000 mem 0x800130a6
core   0: 0x80007db0 (0x024c4383) lbu     t2, 36(s8)
core   0: 3 0x80007db0 (0x024c4383) x 7 0x00000000 mem 0x80013091
core   0: 0x80007db4 (0xf4668c23) sb      t1, -168(a3)
core   0: 3 0x80007db4 (0xf4668c23) mem 0x80023489 0x1
core   0: 0x80007db8 (0x011c1203) lh      tp, 17(s8)
core   0: 3 0x80007db8 (0x011c1203) x 4 0x00000021 mem 0x8001307e
core   0: 0x80007dbc (0x0000c697) auipc   a3, 0xc
core   0: 3 0x80007dbc (0x0000c697) x13 0x80013dbc
core   0: 0x80007dc0 (0xe4168693) addi    a3, a3, -447
core   0: 3 0x80007dc0 (0xe4168693) x13 0x80013bfd
core   0: 0x80007dc4 (0x00014397) auipc   t2, 0x14
core   0: 3 0x80007dc4 (0x00014397) x 7 0x8001bdc4
core   0: 0x80007dc8 (0x8ae38393) addi    t2, t2, -1874
core   0: 3 0x80007dc8 (0x8ae38393) x 7 0x8001b672
core   0: 0x80007dcc (0x00439783) lh      a5, 4(t2)
core   0: 3 0x80007dcc (0x00439783) x15 0x00000000 mem 0x8001b676
core   0: 0x80007dd0 (0x8da69da3) sh      s10, -1829(a3)
core   0: 3 0x80007dd0 (0x8da69da3) mem 0x800134d8 0x0000
core   0: 0x80007dd4 (0x0073c403) lbu     s0, 7(t2)
core   0: 3 0x80007dd4 (0x0073c403) x 8 0x00000000 mem 0x8001b679
core   0: 0x80007dd8 (0x23c6a7a3) sw      t3, 559(a3)
core   0: 3 0x80007dd8 (0x23c6a7a3) mem 0x80013e2c 0x00000000
core   0: 0x80007ddc (0xfa5689a3) sb      t0, -77(a3)
core   0: 3 0x80007ddc (0xfa5689a3) mem 0x80013bb0 0x0
core   0: 0x80007de0 (0x0043d183) lhu     gp, 4(t2)
core   0: 3 0x80007de0 (0x0043d183) x 3 0x00000000 mem 0x8001b676
core   0: 0x80007de4 (0x3ff69b83) lh      s7, 1023(a3)
core   0: 3 0x80007de4 (0x3ff69b83) x23 0x00000000 mem 0x80013ffc
core   0: 0x80007de8 (0xd7c6cd83) lbu     s11, -644(a3)
core   0: 3 0x80007de8 (0xd7c6cd83) x27 0x00000000 mem 0x80013979
core   0: 0x80007dec (0xfe738ba3) sb      t2, -9(t2)
core   0: 3 0x80007dec (0xfe738ba3) mem 0x8001b669 0x72
core   0: 0x80007df0 (0x0093c783) lbu     a5, 9(t2)
core   0: 3 0x80007df0 (0x0093c783) x15 0x00000000 mem 0x8001b67b
core   0: 0x80007df4 (0xa7e6ada3) sw      t5, -1413(a3)
core   0: 3 0x80007df4 (0xa7e6ada3) mem 0x80013678 0x00000000
core   0: 0x80007df8 (0x00439f03) lh      t5, 4(t2)
core   0: 3 0x80007df8 (0x00439f03) x30 0x00000000 mem 0x8001b676
core   0: 0x80007dfc (0x0000c117) auipc   sp, 0xc
core   0: 3 0x80007dfc (0x0000c117) x 2 0x80013dfc
core   0: 0x80007e00 (0xa0710113) addi    sp, sp, -1529
core   0: 3 0x80007e00 (0xa0710113) x 2 0x80013803
core   0: 0x80007e04 (0x08614303) lbu     t1, 134(sp)
core   0: 3 0x80007e04 (0x08614303) x 6 0x00000000 mem 0x80013889
core   0: 0x80007e08 (0x19c0e313) ori     t1, ra, 412
core   0: 3 0x80007e08 (0x19c0e313) x 6 0x0000019c
core   0: 0x80007e0c (0x02610183) lb      gp, 38(sp)
core   0: 3 0x80007e0c (0x02610183) x 3 0x00000000 mem 0x80013829
core   0: 0x80007e10 (0x40508cb3) sub     s9, ra, t0
core   0: 3 0x80007e10 (0x40508cb3) x25 0x00000000
core   0: 0x80007e14 (0x09810203) lb      tp, 152(sp)
core   0: 3 0x80007e14 (0x09810203) x 4 0xffffff80 mem 0x8001389b
core   0: 0x80007e18 (0x00008f19) c.sub   a4, a4
core   0: 3 0x80007e18 (0x8f19) x14 0x00000000
core   0: 0x80007e1a (0x08710823) sb      t2, 144(sp)
core   0: 3 0x80007e1a (0x08710823) mem 0x80013893 0x72
core   0: 0x80007e1e (0x8fc4e213) ori     tp, s1, -1796
core   0: 3 0x80007e1e (0x8fc4e213) x 4 0xfffffefc
core   0: 0x80007e22 (0x012dd8b3) srl     a7, s11, s2
core   0: 3 0x80007e22 (0x012dd8b3) x17 0x00000000
core   0: 0x80007e26 (0x0300e633) rem     a2, ra, a6
core   0: 3 0x80007e26 (0x0300e633) x12 0x00000000
core   0: 0x80007e2a (0xf8810b83) lb      s7, -120(sp)
core   0: 3 0x80007e2a (0xf8810b83) x23 0x00000000 mem 0x8001378b
core   0: 0x80007e2e (0xf6210823) sb      sp, -144(sp)
core   0: 3 0x80007e2e (0xf6210823) mem 0x80013773 0x3
core   0: 0x80007e32 (0x8caa4813) xori    a6, s4, -1846
core   0: 3 0x80007e32 (0x8caa4813) x16 0x00000768
core   0: 0x80007e36 (0x00000001) c.nop
core   0: 3 0x80007e36 (0x0001)
core   0: 0x80007e38 (0x02f18733) mul     a4, gp, a5
core   0: 3 0x80007e38 (0x02f18733) x14 0x00000000
core   0: 0x80007e3c (0x400b0833) sub     a6, s6, zero
core   0: 3 0x80007e3c (0x400b0833) x16 0x00000000
core   0: 0x80007e40 (0x0bf10403) lb      s0, 191(sp)
core   0: 3 0x80007e40 (0x0bf10403) x 8 0x00000000 mem 0x800138c2
core   0: 0x80007e44 (0xf08108a3) sb      s0, -239(sp)
core   0: 3 0x80007e44 (0xf08108a3) mem 0x80013714 0x0
core   0: 0x80007e48 (0xffa102a3) sb      s10, -27(sp)
core   0: 3 0x80007e48 (0xffa102a3) mem 0x800137e8 0x0
core   0: 0x80007e4c (0x00b2ed33) or      s10, t0, a1
core   0: 3 0x80007e4c (0x00b2ed33) x26 0x00000000
core   0: 0x80007e50 (0xfd514f03) lbu     t5, -43(sp)
core   0: 3 0x80007e50 (0xfd514f03) x30 0x00000000 mem 0x800137d8
core   0: 0x80007e54 (0x00008ab1) c.andi  a3, 12
core   0: 3 0x80007e54 (0x8ab1) x13 0x0000000c
core   0: 0x80007e56 (0xf1110ba3) sb      a7, -233(sp)
core   0: 3 0x80007e56 (0xf1110ba3) mem 0x8001371a 0x0
core   0: 0x80007e5a (0xf0511083) lh      ra, -251(sp)
core   0: 3 0x80007e5a (0xf0511083) x 1 0x00000000 mem 0x80013708
core   0: 0x80007e5e (0x0323f0b3) remu    ra, t2, s2
core   0: 3 0x80007e5e (0x0323f0b3) x 1 0x8001b672
core   0: 0x80007e62 (0xfe914f03) lbu     t5, -23(sp)
core   0: 3 0x80007e62 (0xfe914f03) x30 0x00000000 mem 0x800137ec
core   0: 0x80007e66 (0x00008615) c.srai  a2, 5
core   0: 3 0x80007e66 (0x8615) x12 0x00000000
core   0: 0x80007e68 (0xfcd10323) sb      a3, -58(sp)
core   0: 3 0x80007e68 (0xfcd10323) mem 0x800137c9 0xc
core   0: 0x80007e6c (0x01614403) lbu     s0, 22(sp)
core   0: 3 0x80007e6c (0x01614403) x 8 0x00000000 mem 0x80013819
core   0: 0x80007e70 (0x09410003) lb      zero, 148(sp)
core   0: 3 0x80007e70 (0x09410003) mem 0x80013897
core   0: 0x80007e74 (0x000083b5) c.srli  a5, 13
core   0: 3 0x80007e74 (0x83b5) x15 0x00000000
core   0: 0x80007e76 (0x05310e03) lb      t3, 83(sp)
core   0: 3 0x80007e76 (0x05310e03) x28 0x00000000 mem 0x80013856
core   0: 0x80007e7a (0xfdd10f23) sb      t4, -34(sp)
core   0: 3 0x80007e7a (0xfdd10f23) mem 0x800137e1 0xb1
core   0: 0x80007e7e (0x00009a7d) c.andi  a2, -1
core   0: 3 0x80007e7e (0x9a7d) x12 0x00000000
core   0: 0x80007e80 (0x00008c0d) c.sub   s0, a1
core   0: 3 0x80007e80 (0x8c0d) x 8 0x00000000
core   0: 0x80007e82 (0x04912603) lw      a2, 73(sp)
core   0: 3 0x80007e82 (0x04912603) x12 0x00000000 mem 0x8001384c
core   0: 0x80007e86 (0x00000001) c.nop
core   0: 3 0x80007e86 (0x0001)
core   0: 0x80007e88 (0x00914083) lbu     ra, 9(sp)
core   0: 3 0x80007e88 (0x00914083) x 1 0x00000000 mem 0x8001380c
core   0: 0x80007e8c (0x00008efe) c.mv    t4, t6
core   0: 3 0x80007e8c (0x8efe) x29 0x94b63000
core   0: 0x80007e8e (0xffd15d03) lhu     s10, -3(sp)
core   0: 3 0x80007e8e (0xffd15d03) x26 0x00000000 mem 0x80013800
core   0: 0x80007e92 (0xcbb0af93) slti    t6, ra, -837
core   0: 3 0x80007e92 (0xcbb0af93) x31 0x00000000
core   0: 0x80007e96 (0x0df14683) lbu     a3, 223(sp)
core   0: 3 0x80007e96 (0x0df14683) x13 0x00000000 mem 0x800138e2
core   0: 0x80007e9a (0xf0210123) sb      sp, -254(sp)
core   0: 3 0x80007e9a (0xf0210123) mem 0x80013705 0x3
core   0: 0x80007e9e (0x016c82b3) add     t0, s9, s6
core   0: 3 0x80007e9e (0x016c82b3) x 5 0x00000000
core   0: 0x80007ea2 (0x03610823) sb      s6, 48(sp)
core   0: 3 0x80007ea2 (0x03610823) mem 0x80013833 0x0
core   0: 0x80007ea6 (0x0aa14703) lbu     a4, 170(sp)
core   0: 3 0x80007ea6 (0x0aa14703) x14 0x00000000 mem 0x800138ad
core   0: 0x80007eaa (0x0df14e03) lbu     t3, 223(sp)
core   0: 3 0x80007eaa (0x0df14e03) x28 0x00000000 mem 0x800138e2
core   0: 0x80007eae (0x06f11383) lh      t2, 111(sp)
core   0: 3 0x80007eae (0x06f11383) x 7 0x000021da mem 0x80013872
core   0: 0x80007eb2 (0x00008189) c.srli  a1, 2
core   0: 3 0x80007eb2 (0x8189) x11 0x00000000
core   0: 0x80007eb4 (0x000010fd) c.addi  ra, -1
core   0: 3 0x80007eb4 (0x10fd) x 1 0xffffffff
core   0: 0x80007eb6 (0x00000001) c.nop
core   0: 3 0x80007eb6 (0x0001)
core   0: 0x80007eb8 (0x401a5a93) srai    s5, s4, 1
core   0: 3 0x80007eb8 (0x401a5a93) x21 0xffffffd1
core   0: 0x80007ebc (0x0a4126a3) sw      tp, 173(sp)
core   0: 3 0x80007ebc (0x0a4126a3) mem 0x800138b0 0xfffffefc
core   0: 0x80007ec0 (0x0000cd17) auipc   s10, 0xc
core   0: 3 0x80007ec0 (0x0000cd17) x26 0x80013ec0
core   0: 0x80007ec4 (0x02dd0d13) addi    s10, s10, 45
core   0: 3 0x80007ec4 (0x02dd0d13) x26 0x80013eed
core   0: 0x80007ec8 (0x000060c5) c.lui   ra, 0x11
core   0: 3 0x80007ec8 (0x60c5) x 1 0x00011000
core   0: 0x80007eca (0x020d4303) lbu     t1, 32(s10)
core   0: 3 0x80007eca (0x020d4303) x 6 0x00000000 mem 0x80013f0d
core   0: 0x80007ece (0xfd8d0c03) lb      s8, -40(s10)
core   0: 3 0x80007ece (0xfd8d0c03) x24 0x00000000 mem 0x80013ec5
core   0: 0x80007ed2 (0xfded0a23) sb      t5, -44(s10)
core   0: 3 0x80007ed2 (0xfded0a23) mem 0x80013ec1 0x0
core   0: 0x80007ed6 (0x40235793) srai    a5, t1, 2
core   0: 3 0x80007ed6 (0x40235793) x15 0x00000000
core   0: 0x80007eda (0x00008e31) c.xor   a2, a2
core   0: 3 0x80007eda (0x8e31) x12 0x00000000
core   0: 0x80007edc (0x028301b3) mul     gp, t1, s0
core   0: 3 0x80007edc (0x028301b3) x 3 0x00000000
core   0: 0x80007ee0 (0x03ad0f03) lb      t5, 58(s10)
core   0: 3 0x80007ee0 (0x03ad0f03) x30 0x00000000 mem 0x80013f27
core   0: 0x80007ee4 (0x647abc93) sltiu   s9, s5, 1607
core   0: 3 0x80007ee4 (0x647abc93) x25 0x00000000
core   0: 0x80007ee8 (0xffad0a03) lb      s4, -6(s10)
core   0: 3 0x80007ee8 (0xffad0a03) x20 0x00000000 mem 0x80013ee7
core   0: 0x80007eec (0x000099fd) c.andi  a1, -1
core   0: 3 0x80007eec (0x99fd) x11 0x00000000
core   0: 0x80007eee (0xfedd5003) lhu     zero, -19(s10)
core   0: 3 0x80007eee (0xfedd5003) mem 0x80013eda
core   0: 0x80007ef2 (0x0000717d) c.addi16sp sp, -16
core   0: 3 0x80007ef2 (0x717d) x 2 0x800137f3
core   0: 0x80007ef4 (0x00ad4083) lbu     ra, 10(s10)
core   0: 3 0x80007ef4 (0x00ad4083) x 1 0x00000000 mem 0x80013ef7
core   0: 0x80007ef8 (0x00004f2d) c.li    t5, 11
core   0: 3 0x80007ef8 (0x4f2d) x30 0x0000000b
core   0: 0x80007efa (0x00008c69) c.and   s0, a0
core   0: 3 0x80007efa (0x8c69) x 8 0x00000000
core   0: 0x80007efc (0x02f6b833) mulhu   a6, a3, a5
core   0: 3 0x80007efc (0x02f6b833) x16 0x00000000
core   0: 0x80007f00 (0x01735a33) srl     s4, t1, s7
core   0: 3 0x80007f00 (0x01735a33) x20 0x00000000
core   0: 0x80007f04 (0x02cd1ca3) sh      a2, 57(s10)
core   0: 3 0x80007f04 (0x02cd1ca3) mem 0x80013f26 0x0000
core   0: 0x80007f08 (0x014d0883) lb      a7, 20(s10)
core   0: 3 0x80007f08 (0x014d0883) x17 0x00000000 mem 0x80013f01
core   0: 0x80007f0c (0x016d0223) sb      s6, 4(s10)
core   0: 3 0x80007f0c (0x016d0223) mem 0x80013ef1 0x0
core   0: 0x80007f10 (0x0000100f) fence.i
core   0: 3 0x80007f10 (0x0000100f)
core   0: 0x80007f14 (0x00fd1283) lh      t0, 15(s10)
core   0: 3 0x80007f14 (0x00fd1283) x 5 0x00000000 mem 0x80013efc
core   0: 0x80007f18 (0x019f3b33) sltu    s6, t5, s9
core   0: 3 0x80007f18 (0x019f3b33) x22 0x00000000
core   0: 0x80007f1c (0xfd9d0f83) lb      t6, -39(s10)
core   0: 3 0x80007f1c (0xfd9d0f83) x31 0x00000000 mem 0x80013ec6
core   0: 0x80007f20 (0xfcbd5003) lhu     zero, -53(s10)
core   0: 3 0x80007f20 (0xfcbd5003) mem 0x80013eb8
core   0: 0x80007f24 (0x03f5e733) rem     a4, a1, t6
core   0: 3 0x80007f24 (0x03f5e733) x14 0x00000000
core   0: 0x80007f28 (0xfebd4283) lbu     t0, -21(s10)
core   0: 3 0x80007f28 (0xfebd4283) x 5 0x00000000 mem 0x80013ed8
core   0: 0x80007f2c (0xff2d0623) sb      s2, -20(s10)
core   0: 3 0x80007f2c (0xff2d0623) mem 0x80013ed9 0xe4
core   0: 0x80007f30 (0x00008471) c.srai  s0, 28
core   0: 3 0x80007f30 (0x8471) x 8 0x00000000
core   0: 0x80007f32 (0xfd5d1103) lh      sp, -43(s10)
core   0: 3 0x80007f32 (0xfd5d1103) x 2 0x00000000 mem 0x80013ec2
core   0: 0x80007f36 (0x00008e71) c.and   a2, a2
core   0: 3 0x80007f36 (0x8e71) x12 0x00000000
core   0: 0x80007f38 (0x039d4c83) lbu     s9, 57(s10)
core   0: 3 0x80007f38 (0x039d4c83) x25 0x00000000 mem 0x80013f26
core   0: 0x80007f3c (0x00008311) c.srli  a4, 4
core   0: 3 0x80007f3c (0x8311) x14 0x00000000
core   0: 0x80007f3e (0x022a9bb3) mulh    s7, s5, sp
core   0: 3 0x80007f3e (0x022a9bb3) x23 0x00000000
core   0: 0x80007f42 (0xfe1d0123) sb      ra, -30(s10)
core   0: 3 0x80007f42 (0xfe1d0123) mem 0x80013ecf 0x0
core   0: 0x80007f46 (0x038d0603) lb      a2, 56(s10)
core   0: 3 0x80007f46 (0x038d0603) x12 0x00000000 mem 0x80013f25
core   0: 0x80007f4a (0x41028fb3) sub     t6, t0, a6
core   0: 3 0x80007f4a (0x41028fb3) x31 0x00000000
core   0: 0x80007f4e (0xfc1d0103) lb      sp, -63(s10)
core   0: 3 0x80007f4e (0xfc1d0103) x 2 0x00000000 mem 0x80013eae
core   0: 0x80007f52 (0x00018117) auipc   sp, 0x18
core   0: 3 0x80007f52 (0x00018117) x 2 0x8001ff52
core   0: 0x80007f56 (0x39710113) addi    sp, sp, 919
core   0: 3 0x80007f56 (0x39710113) x 2 0x800202e9
core   0: 0x80007f5a (0x00008c0d) c.sub   s0, a1
core   0: 3 0x80007f5a (0x8c0d) x 8 0x00000000
core   0: 0x80007f5c (0xffc14203) lbu     tp, -4(sp)
core   0: 3 0x80007f5c (0xffc14203) x 4 0x00000000 mem 0x800202e5
core   0: 0x80007f60 (0xfe510d23) sb      t0, -6(sp)
core   0: 3 0x80007f60 (0xfe510d23) mem 0x800202e3 0x0
core   0: 0x80007f64 (0x00008a8e) c.mv    s5, gp
core   0: 3 0x80007f64 (0x8a8e) x21 0x00000000
core   0: 0x80007f66 (0x0000042a) c.slli  s0, 10
core   0: 3 0x80007f66 (0x042a) x 8 0x00000000
core   0: 0x80007f68 (0xe2b73093) sltiu   ra, a4, -469
core   0: 3 0x80007f68 (0xe2b73093) x 1 0x00000001
core   0: 0x80007f6c (0x00008205) c.srli  a2, 1
core   0: 3 0x80007f6c (0x8205) x12 0x00000000
core   0: 0x80007f6e (0xd5f1f893) andi    a7, gp, -673
core   0: 3 0x80007f6e (0xd5f1f893) x17 0x00000000
core   0: 0x80007f72 (0x014b1793) slli    a5, s6, 20
core   0: 3 0x80007f72 (0x014b1793) x15 0x00000000
core   0: 0x80007f76 (0x00008195) c.srli  a1, 5
core   0: 3 0x80007f76 (0x8195) x11 0x00000000
core   0: 0x80007f78 (0x018c9033) sll     zero, s9, s8
core   0: 3 0x80007f78 (0x018c9033)
core   0: 0x80007f7c (0x0000100f) fence.i
core   0: 3 0x80007f7c (0x0000100f)
core   0: 0x80007f80 (0x00715703) lhu     a4, 7(sp)
core   0: 3 0x80007f80 (0x00715703) x14 0x00000000 mem 0x800202f0
core   0: 0x80007f84 (0xe3bdb8b7) lui     a7, 0xe3bdb
core   0: 3 0x80007f84 (0xe3bdb8b7) x17 0xe3bdb000
core   0: 0x80007f88 (0x01010b03) lb      s6, 16(sp)
core   0: 3 0x80007f88 (0x01010b03) x22 0x00000000 mem 0x800202f9
core   0: 0x80007f8c (0x00a14d03) lbu     s10, 10(sp)
core   0: 3 0x80007f8c (0x00a14d03) x26 0x00000000 mem 0x800202f3
core   0: 0x80007f90 (0x00514683) lbu     a3, 5(sp)
core   0: 3 0x80007f90 (0x00514683) x13 0x00000000 mem 0x800202ee
core   0: 0x80007f94 (0x022b62b3) rem     t0, s6, sp
core   0: 3 0x80007f94 (0x022b62b3) x 5 0x00000000
core   0: 0x80007f98 (0xff510b23) sb      s5, -10(sp)
core   0: 3 0x80007f98 (0xff510b23) mem 0x800202df 0x0
core   0: 0x80007f9c (0xff814183) lbu     gp, -8(sp)
core   0: 3 0x80007f9c (0xff814183) x 3 0x00000000 mem 0x800202e1
core   0: 0x80007fa0 (0xffa14883) lbu     a7, -6(sp)
core   0: 3 0x80007fa0 (0xffa14883) x17 0x00000000 mem 0x800202e3
core   0: 0x80007fa4 (0xff414703) lbu     a4, -12(sp)
core   0: 3 0x80007fa4 (0xff414703) x14 0x00000000 mem 0x800202dd
core   0: 0x80007fa8 (0x0000100f) fence.i
core   0: 3 0x80007fa8 (0x0000100f)
core   0: 0x80007fac (0x01014183) lbu     gp, 16(sp)
core   0: 3 0x80007fac (0x01014183) x 3 0x00000000 mem 0x800202f9
core   0: 0x80007fb0 (0x00012d17) auipc   s10, 0x12
core   0: 3 0x80007fb0 (0x00012d17) x26 0x80019fb0
core   0: 0x80007fb4 (0xa80d0d13) addi    s10, s10, -1408
core   0: 3 0x80007fb4 (0xa80d0d13) x26 0x80019a30
core   0: 0x80007fb8 (0x1e5d0203) lb      tp, 485(s10)
core   0: 3 0x80007fb8 (0x1e5d0203) x 4 0x00000000 mem 0x80019c15
core   0: 0x80007fbc (0x1e5d0b03) lb      s6, 485(s10)
core   0: 3 0x80007fbc (0x1e5d0b03) x22 0x00000000 mem 0x80019c15
core   0: 0x80007fc0 (0x1e5d0f03) lb      t5, 485(s10)
core   0: 3 0x80007fc0 (0x1e5d0f03) x30 0x00000000 mem 0x80019c15
core   0: 0x80007fc4 (0x1e5d4283) lbu     t0, 485(s10)
core   0: 3 0x80007fc4 (0x1e5d4283) x 5 0x00000000 mem 0x80019c15
core   0: 0x80007fc8 (0x00008589) c.srai  a1, 2
core   0: 3 0x80007fc8 (0x8589) x11 0x00000000
core   0: 0x80007fca (0x1e5d4783) lbu     a5, 485(s10)
core   0: 3 0x80007fca (0x1e5d4783) x15 0x00000000 mem 0x80019c15
core   0: 0x80007fce (0x000089e9) c.andi  a1, 26
core   0: 3 0x80007fce (0x89e9) x11 0x00000000
core   0: 0x80007fd0 (0x00f53233) sltu    tp, a0, a5
core   0: 3 0x80007fd0 (0x00f53233) x 4 0x00000000
core   0: 0x80007fd4 (0x1e5d0f83) lb      t6, 485(s10)
core   0: 3 0x80007fd4 (0x1e5d0f83) x31 0x00000000 mem 0x80019c15
core   0: 0x80007fd8 (0x1e5d02a3) sb      t0, 485(s10)
core   0: 3 0x80007fd8 (0x1e5d02a3) mem 0x80019c15 0x0
core   0: 0x80007fdc (0x1e5d4303) lbu     t1, 485(s10)
core   0: 3 0x80007fdc (0x1e5d4303) x 6 0x00000000 mem 0x80019c15
core   0: 0x80007fe0 (0x0823cdb7) lui     s11, 0x823c
core   0: 3 0x80007fe0 (0x0823cdb7) x27 0x0823c000
core   0: 0x80007fe4 (0x0000717d) c.addi16sp sp, -16
core   0: 3 0x80007fe4 (0x717d) x 2 0x800202d9
core   0: 0x80007fe6 (0x1e5d4783) lbu     a5, 485(s10)
core   0: 3 0x80007fe6 (0x1e5d4783) x15 0x00000000 mem 0x80019c15
core   0: 0x80007fea (0x1f0d02a3) sb      a6, 485(s10)
core   0: 3 0x80007fea (0x1f0d02a3) mem 0x80019c15 0x0
core   0: 0x80007fee (0x4d4f4797) auipc   a5, 0x4d4f4
core   0: 3 0x80007fee (0x4d4f4797) x15 0xcd4fbfee
core   0: 0x80007ff2 (0x1e5d4703) lbu     a4, 485(s10)
core   0: 3 0x80007ff2 (0x1e5d4703) x14 0x00000000 mem 0x80019c15
core   0: 0x80007ff6 (0x1e5d4e83) lbu     t4, 485(s10)
core   0: 3 0x80007ff6 (0x1e5d4e83) x29 0x00000000 mem 0x80019c15
core   0: 0x80007ffa (0x1f1d02a3) sb      a7, 485(s10)
core   0: 3 0x80007ffa (0x1f1d02a3) mem 0x80019c15 0x0
core   0: 0x80007ffe (0x1e5d0983) lb      s3, 485(s10)
core   0: 3 0x80007ffe (0x1e5d0983) x19 0x00000000 mem 0x80019c15
core   0: 0x80008002 (0x1e5d4803) lbu     a6, 485(s10)
core   0: 3 0x80008002 (0x1e5d4803) x16 0x00000000 mem 0x80019c15
core   0: 0x80008006 (0x0000b397) auipc   t2, 0xb
core   0: 3 0x80008006 (0x0000b397) x 7 0x80013006
core   0: 0x8000800a (0x5b638393) addi    t2, t2, 1462
core   0: 3 0x8000800a (0x5b638393) x 7 0x800135bc
core   0: 0x8000800e (0x4aa389a3) sb      a0, 1203(t2)
core   0: 3 0x8000800e (0x4aa389a3) mem 0x80013a6f 0xda
core   0: 0x80008012 (0x4a8389a3) sb      s0, 1203(t2)
core   0: 3 0x80008012 (0x4a8389a3) mem 0x80013a6f 0x0
core   0: 0x80008016 (0x4b33cf83) lbu     t6, 1203(t2)
core   0: 3 0x80008016 (0x4b33cf83) x31 0x00000000 mem 0x80013a6f
core   0: 0x8000801a (0x03b7c733) div     a4, a5, s11
core   0: 3 0x8000801a (0x03b7c733) x14 0xfffffffa
core   0: 0x8000801e (0xc55c0113) addi    sp, s8, -939
core   0: 3 0x8000801e (0xc55c0113) x 2 0xfffffc55
core   0: 0x80008022 (0x4b33ca03) lbu     s4, 1203(t2)
core   0: 3 0x80008022 (0x4b33ca03) x20 0x00000000 mem 0x80013a6f
core   0: 0x80008026 (0x4b33c083) lbu     ra, 1203(t2)
core   0: 3 0x80008026 (0x4b33c083) x 1 0x00000000 mem 0x80013a6f
core   0: 0x8000802a (0x4b33c203) lbu     tp, 1203(t2)
core   0: 3 0x8000802a (0x4b33c203) x 4 0x00000000 mem 0x80013a6f
core   0: 0x8000802e (0xaee3df03) lhu     t5, -1298(t2)
core   0: 3 0x8000802e (0xaee3df03) x30 0x00000001 mem 0x800130aa
core   0: 0x80008032 (0xdeb38803) lb      a6, -533(t2)
core   0: 3 0x80008032 (0xdeb38803) x16 0x00000000 mem 0x800133a7
core   0: 0x80008036 (0x43c3a803) lw      a6, 1084(t2)
core   0: 3 0x80008036 (0x43c3a803) x16 0x00000000 mem 0x800139f8
core   0: 0x8000803a (0x43c3dd03) lhu     s10, 1084(t2)
core   0: 3 0x8000803a (0x43c3dd03) x26 0x00000000 mem 0x800139f8
core   0: 0x8000803e (0x0000c097) auipc   ra, 0xc
core   0: 3 0x8000803e (0x0000c097) x 1 0x8001403e
core   0: 0x80008042 (0x6d208093) addi    ra, ra, 1746
core   0: 3 0x80008042 (0x6d208093) x 1 0x80014710
core   0: 0x80008046 (0x02c09003) lh      zero, 44(ra)
core   0: 3 0x80008046 (0x02c09003) mem 0x8001473c
core   0: 0x8000804a (0x9f603813) sltiu   a6, zero, -1546
core   0: 3 0x8000804a (0x9f603813) x16 0x00000001
core   0: 0x8000804e (0x0000100f) fence.i
core   0: 3 0x8000804e (0x0000100f)
core   0: 0x80008052 (0x01d0c303) lbu     t1, 29(ra)
core   0: 3 0x80008052 (0x01d0c303) x 6 0x00000000 mem 0x8001472d
core   0: 0x80008056 (0x00006f65) c.lui   t5, 0x19
core   0: 3 0x80008056 (0x6f65) x30 0x00019000
core   0: 0x80008058 (0xfdc08803) lb      a6, -36(ra)
core   0: 3 0x80008058 (0xfdc08803) x16 0x00000000 mem 0x800146ec
core   0: 0x8000805c (0x014e9693) slli    a3, t4, 20
core   0: 3 0x8000805c (0x014e9693) x13 0x00000000
core   0: 0x80008060 (0xfe508383) lb      t2, -27(ra)
core   0: 3 0x80008060 (0xfe508383) x 7 0x00000000 mem 0x800146f5
core   0: 0x80008064 (0x000082d6) c.mv    t0, s5
core   0: 3 0x80008064 (0x82d6) x 5 0x00000000
core   0: 0x80008066 (0x0000028c) c.addi4spn a1, sp, 320
core   0: 3 0x80008066 (0x028c) x11 0xfffffd95
core   0: 0x80008068 (0x01c09a03) lh      s4, 28(ra)
core   0: 3 0x80008068 (0x01c09a03) x20 0x00000000 mem 0x8001472c
core   0: 0x8000806c (0x01208003) lb      zero, 18(ra)
core   0: 3 0x8000806c (0x01208003) mem 0x80014722
core   0: 0x80008070 (0x01ce96b3) sll     a3, t4, t3
core   0: 3 0x80008070 (0x01ce96b3) x13 0x00000000
core   0: 0x80008074 (0x00008f85) c.sub   a5, s1
core   0: 3 0x80008074 (0x8f85) x15 0x4d4d318a
core   0: 0x80008076 (0x0050c203) lbu     tp, 5(ra)
core   0: 3 0x80008076 (0x0050c203) x 4 0x00000000 mem 0x80014715
core   0: 0x8000807a (0x02908403) lb      s0, 41(ra)
core   0: 3 0x8000807a (0x02908403) x 8 0x00000000 mem 0x80014739
core   0: 0x8000807e (0x0191d3b3) srl     t2, gp, s9
core   0: 3 0x8000807e (0x0191d3b3) x 7 0x00000000
core   0: 0x80008082 (0xf9858017) auipc   zero, 0xf9858
core   0: 3 0x80008082 (0xf9858017)
core   0: 0x80008086 (0x0100a303) lw      t1, 16(ra)
core   0: 3 0x80008086 (0x0100a303) x 6 0x00000000 mem 0x80014720
core   0: 0x8000808a (0x03dc53b3) divu    t2, s8, t4
core   0: 3 0x8000808a (0x03dc53b3) x 7 0xffffffff
core   0: 0x8000808e (0xfc809983) lh      s3, -56(ra)
core   0: 3 0x8000808e (0xfc809983) x19 0x00000000 mem 0x800146d8
core   0: 0x80008092 (0x01908883) lb      a7, 25(ra)
core   0: 3 0x80008092 (0x01908883) x17 0x00000000 mem 0x80014729
core   0: 0x80008096 (0xfea08983) lb      s3, -22(ra)
core   0: 3 0x80008096 (0xfea08983) x19 0x00000000 mem 0x800146fa
core   0: 0x8000809a (0x00000001) c.nop
core   0: 3 0x8000809a (0x0001)
core   0: 0x8000809c (0xfcb08c23) sb      a1, -40(ra)
core   0: 3 0x8000809c (0xfcb08c23) mem 0x800146e8 0x95
core   0: 0x800080a0 (0x00009223) sh      zero, 4(ra)
core   0: 3 0x800080a0 (0x00009223) mem 0x80014714 0x0000
core   0: 0x800080a4 (0x00308803) lb      a6, 3(ra)
core   0: 3 0x800080a4 (0x00308803) x16 0x00000000 mem 0x80014713
core   0: 0x800080a8 (0x01d09f13) slli    t5, ra, 29
core   0: 3 0x800080a8 (0x01d09f13) x30 0x00000000
core   0: 0x800080ac (0x000099fe) c.add   s3, t6
core   0: 3 0x800080ac (0x99fe) x19 0x00000000
core   0: 0x800080ae (0x021af6b3) remu    a3, s5, ra
core   0: 3 0x800080ae (0x021af6b3) x13 0x00000000
core   0: 0x800080b2 (0x84340f13) addi    t5, s0, -1981
core   0: 3 0x800080b2 (0x84340f13) x30 0xfffff843
core   0: 0x800080b6 (0x03b08c83) lb      s9, 59(ra)
core   0: 3 0x800080b6 (0x03b08c83) x25 0x00000000 mem 0x8001474b
core   0: 0x800080ba (0x9bc57f13) andi    t5, a0, -1604
core   0: 3 0x800080ba (0x9bc57f13) x30 0xfd3e2198
core   0: 0x800080be (0x02f08203) lb      tp, 47(ra)
core   0: 3 0x800080be (0x02f08203) x 4 0x00000000 mem 0x8001473f
core   0: 0x800080c2 (0x02508283) lb      t0, 37(ra)
core   0: 3 0x800080c2 (0x02508283) x 5 0x00000000 mem 0x80014735
core   0: 0x800080c6 (0xfde0d783) lhu     a5, -34(ra)
core   0: 3 0x800080c6 (0xfde0d783) x15 0x00000000 mem 0x800146ee
core   0: 0x800080ca (0xfef08103) lb      sp, -17(ra)
core   0: 3 0x800080ca (0xfef08103) x 2 0x00000000 mem 0x800146ff
core   0: 0x800080ce (0xffd0c803) lbu     a6, -3(ra)
core   0: 3 0x800080ce (0xffd0c803) x16 0x00000000 mem 0x8001470d
core   0: 0x800080d2 (0x00111813) slli    a6, sp, 1
core   0: 3 0x800080d2 (0x00111813) x16 0x00000000
core   0: 0x800080d6 (0x0023a1b3) slt     gp, t2, sp
core   0: 3 0x800080d6 (0x0023a1b3) x 3 0x00000001
core   0: 0x800080da (0x0000864d) c.srai  a2, 19
core   0: 3 0x800080da (0x864d) x12 0x00000000
core   0: 0x800080dc (0x02208103) lb      sp, 34(ra)
core   0: 3 0x800080dc (0x02208103) x 2 0x00000000 mem 0x80014732
core   0: 0x800080e0 (0xfc80ce83) lbu     t4, -56(ra)
core   0: 3 0x800080e0 (0xfc80ce83) x29 0x00000000 mem 0x800146d8
core   0: 0x800080e4 (0x004083a3) sb      tp, 7(ra)
core   0: 3 0x800080e4 (0x004083a3) mem 0x80014717 0x0
core   0: 0x800080e8 (0xfcb08e83) lb      t4, -53(ra)
core   0: 3 0x800080e8 (0xfcb08e83) x29 0x00000035 mem 0x800146db
core   0: 0x800080ec (0x02fa33b3) mulhu   t2, s4, a5
core   0: 3 0x800080ec (0x02fa33b3) x 7 0x00000000
core   0: 0x800080f0 (0xfde08ba3) sb      t5, -41(ra)
core   0: 3 0x800080f0 (0xfde08ba3) mem 0x800146e7 0x98
core   0: 0x800080f4 (0x0001a097) auipc   ra, 0x1a
core   0: 3 0x800080f4 (0x0001a097) x 1 0x800220f4
core   0: 0x800080f8 (0xbef08093) addi    ra, ra, -1041
core   0: 3 0x800080f8 (0xbef08093) x 1 0x80021ce3
core   0: 0x800080fc (0x0001bc17) auipc   s8, 0x1b
core   0: 3 0x800080fc (0x0001bc17) x24 0x800230fc
core   0: 0x80008100 (0x702c0c13) addi    s8, s8, 1794
core   0: 3 0x80008100 (0x702c0c13) x24 0x800237fe
core   0: 0x80008104 (0x0000f897) auipc   a7, 0xf
core   0: 3 0x80008104 (0x0000f897) x17 0x80017104
core   0: 0x80008108 (0xc4488893) addi    a7, a7, -956
core   0: 3 0x80008108 (0xc4488893) x17 0x80016d48
core   0: 0x8000810c (0xfef0d303) lhu     t1, -17(ra)
core   0: 3 0x8000810c (0xfef0d303) x 6 0x00000000 mem 0x80021cd2
core   0: 0x80008110 (0x01b09683) lh      a3, 27(ra)
core   0: 3 0x80008110 (0x01b09683) x13 0x00000000 mem 0x80021cfe
core   0: 0x80008114 (0x0000f217) auipc   tp, 0xf
core   0: 3 0x80008114 (0x0000f217) x 4 0x80017114
core   0: 0x80008118 (0xf5a20213) addi    tp, tp, -166
core   0: 3 0x80008118 (0xf5a20213) x 4 0x8001706e
core   0: 0x8000811c (0x00015c97) auipc   s9, 0x15
core   0: 3 0x8000811c (0x00015c97) x25 0x8001d11c
core   0: 0x80008120 (0x9aec8c93) addi    s9, s9, -1618
core   0: 3 0x80008120 (0x9aec8c93) x25 0x8001caca
core   0: 0x80008124 (0xe99c2723) sw      s9, -370(s8)
core   0: 3 0x80008124 (0xe99c2723) mem 0x8002368c 0x8001caca
core   0: 0x80008128 (0xfd408123) sb      s4, -62(ra)
core   0: 3 0x80008128 (0xfd408123) mem 0x80021ca5 0x0
core   0: 0x8000812c (0xb4124b83) lbu     s7, -1215(tp)
core   0: 3 0x8000812c (0xb4124b83) x23 0x00000000 mem 0x80016baf
core   0: 0x80008130 (0xffac8f83) lb      t6, -6(s9)
core   0: 3 0x80008130 (0xffac8f83) x31 0x00000000 mem 0x8001cac4
core   0: 0x80008134 (0x006c8ca3) sb      t1, 25(s9)
core   0: 3 0x80008134 (0x006c8ca3) mem 0x8001cae3 0x0
core   0: 0x80008138 (0x09e8aa23) sw      t5, 148(a7)
core   0: 3 0x80008138 (0x09e8aa23) mem 0x80016ddc 0xfd3e2198
core   0: 0x8000813c (0x5aec8683) lb      a3, 1454(s9)
core   0: 3 0x8000813c (0x5aec8683) x13 0x00000000 mem 0x8001d078
core   0: 0x80008140 (0x38524f83) lbu     t6, 901(tp)
core   0: 3 0x80008140 (0x38524f83) x31 0x00000000 mem 0x800173f3
core   0: 0x80008144 (0x5e9c85a3) sb      s1, 1515(s9)
core   0: 3 0x80008144 (0x5e9c85a3) mem 0x8001d0b5 0x64
core   0: 0x80008148 (0xfd808403) lb      s0, -40(ra)
core   0: 3 0x80008148 (0xfd808403) x 8 0x00000000 mem 0x80021cbb
core   0: 0x8000814c (0x03dc0f83) lb      t6, 61(s8)
core   0: 3 0x8000814c (0x03dc0f83) x31 0x00000000 mem 0x8002383b
core   0: 0x80008150 (0xcf122323) sw      a7, -794(tp)
core   0: 3 0x80008150 (0xcf122323) mem 0x80016d54 0x80016d48
core   0: 0x80008154 (0x0c18cf03) lbu     t5, 193(a7)
core   0: 3 0x80008154 (0x0c18cf03) x30 0x00000000 mem 0x80016e09
core   0: 0x80008158 (0xf06c4303) lbu     t1, -250(s8)
core   0: 3 0x80008158 (0xf06c4303) x 6 0x00000000 mem 0x80023704
core   0: 0x8000815c (0xce9c4303) lbu     t1, -791(s8)
core   0: 3 0x8000815c (0xce9c4303) x 6 0x00000000 mem 0x800234e7
core   0: 0x80008160 (0xe67c2b23) sw      t2, -394(s8)
core   0: 3 0x80008160 (0xe67c2b23) mem 0x80023674 0x00000000
core   0: 0x80008164 (0x278c9703) lh      a4, 632(s9)
core   0: 3 0x80008164 (0x278c9703) x14 0x00000000 mem 0x8001cd42
core   0: 0x80008168 (0x0a688123) sb      t1, 162(a7)
core   0: 3 0x80008168 (0x0a688123) mem 0x80016dea 0x0
core   0: 0x8000816c (0xa5d206a3) sb      t4, -1459(tp)
core   0: 3 0x8000816c (0xa5d206a3) mem 0x80016abb 0x35
core   0: 0x80008170 (0x856c5803) lhu     a6, -1962(s8)
core   0: 3 0x80008170 (0x856c5803) x16 0x00000000 mem 0x80023054
core   0: 0x80008174 (0x0d588303) lb      t1, 213(a7)
core   0: 3 0x80008174 (0x0d588303) x 6 0x00000000 mem 0x80016e1d
core   0: 0x80008178 (0xa5422123) sw      s4, -1470(tp)
core   0: 3 0x80008178 (0xa5422123) mem 0x80016ab0 0x00000000
core   0: 0x8000817c (0xc02c06a3) sb      sp, -1011(s8)
core   0: 3 0x8000817c (0xc02c06a3) mem 0x8002340b 0x0
core   0: 0x80008180 (0xb0520b03) lb      s6, -1275(tp)
core   0: 3 0x80008180 (0xb0520b03) x22 0x00000000 mem 0x80016b73
core   0: 0x80008184 (0xd2120303) lb      t1, -735(tp)
core   0: 3 0x80008184 (0xd2120303) x 6 0x00000000 mem 0x80016d8f
core   0: 0x80008188 (0xf0e89183) lh      gp, -242(a7)
core   0: 3 0x80008188 (0xf0e89183) x 3 0x00000000 mem 0x80016c56
core   0: 0x8000818c (0x0c889403) lh      s0, 200(a7)
core   0: 3 0x8000818c (0x0c889403) x 8 0x00000000 mem 0x80016e10
core   0: 0x80008190 (0x00708da3) sb      t2, 27(ra)
core   0: 3 0x80008190 (0x00708da3) mem 0x80021cfe 0x0
core   0: 0x80008194 (0x227c1123) sh      t2, 546(s8)
core   0: 3 0x80008194 (0x227c1123) mem 0x80023a20 0x0000
core   0: 0x80008198 (0x06c88fa3) sb      a2, 127(a7)
core   0: 3 0x80008198 (0x06c88fa3) mem 0x80016dc7 0x0
core   0: 0x8000819c (0xb45cc003) lbu     zero, -1211(s9)
core   0: 3 0x8000819c (0xb45cc003) mem 0x8001c60f
core   0: 0x800081a0 (0x152c1603) lh      a2, 338(s8)
core   0: 3 0x800081a0 (0x152c1603) x12 0x00000000 mem 0x80023950
core   0: 0x800081a4 (0xb46c1f03) lh      t5, -1210(s8)
core   0: 3 0x800081a4 (0xb46c1f03) x30 0x00000000 mem 0x80023344
core   0: 0x800081a8 (0x2c2c8003) lb      zero, 706(s9)
core   0: 3 0x800081a8 (0x2c2c8003) mem 0x8001cd8c
core   0: 0x800081ac (0x0000c697) auipc   a3, 0xc
core   0: 3 0x800081ac (0x0000c697) x13 0x800141ac
core   0: 0x800081b0 (0xd4668693) addi    a3, a3, -698
core   0: 3 0x800081b0 (0xd4668693) x13 0x80013ef2
core   0: 0x800081b4 (0xc316cc83) lbu     s9, -975(a3)
core   0: 3 0x800081b4 (0xc316cc83) x25 0x00000000 mem 0x80013b23
core   0: 0x800081b8 (0x8746d703) lhu     a4, -1932(a3)
core   0: 3 0x800081b8 (0x8746d703) x14 0x00000000 mem 0x80013766
core   0: 0x800081bc (0x8746de83) lhu     t4, -1932(a3)
core   0: 3 0x800081bc (0x8746de83) x29 0x00000000 mem 0x80013766
core   0: 0x800081c0 (0x898680a3) sb      s8, -1919(a3)
core   0: 3 0x800081c0 (0x898680a3) mem 0x80013773 0xfe
core   0: 0x800081c4 (0xe3a69d83) lh      s11, -454(a3)
core   0: 3 0x800081c4 (0xe3a69d83) x27 0x00000000 mem 0x80013d2c
core   0: 0x800081c8 (0x05569123) sh      s5, 66(a3)
core   0: 3 0x800081c8 (0x05569123) mem 0x80013f34 0x0000
core   0: 0x800081cc (0x9166de83) lhu     t4, -1770(a3)
core   0: 3 0x800081cc (0x9166de83) x29 0x00000000 mem 0x80013808
core   0: 0x800081d0 (0x91669403) lh      s0, -1770(a3)
core   0: 3 0x800081d0 (0x91669403) x 8 0x00000000 mem 0x80013808
core   0: 0x800081d4 (0x9166d983) lhu     s3, -1770(a3)
core   0: 3 0x800081d4 (0x9166d983) x19 0x00000000 mem 0x80013808
core   0: 0x800081d8 (0x8096c383) lbu     t2, -2039(a3)
core   0: 3 0x800081d8 (0x8096c383) x 7 0x00000000 mem 0x800136fb
core   0: 0x800081dc (0xf586cb83) lbu     s7, -168(a3)
core   0: 3 0x800081dc (0xf586cb83) x23 0x00000000 mem 0x80013e4a
core   0: 0x800081e0 (0x019d58b3) srl     a7, s10, s9
core   0: 3 0x800081e0 (0x019d58b3) x17 0x00000000
core   0: 0x800081e4 (0xdec6d183) lhu     gp, -532(a3)
core   0: 3 0x800081e4 (0xdec6d183) x 3 0x00000000 mem 0x80013cde
core   0: 0x800081e8 (0x91d6c003) lbu     zero, -1763(a3)
core   0: 3 0x800081e8 (0x91d6c003) mem 0x8001380f
core   0: 0x800081ec (0x0316a9b3) mulhsu  s3, a3, a7
core   0: 3 0x800081ec (0x0316a9b3) x19 0x00000000
core   0: 0x800081f0 (0xe666d583) lhu     a1, -410(a3)
core   0: 3 0x800081f0 (0xe666d583) x11 0x00000000 mem 0x80013d58
core   0: 0x800081f4 (0x00000a00) c.addi4spn s0, sp, 272
core   0: 3 0x800081f4 (0x0a00) x 8 0x00000110
core   0: 0x800081f6 (0xe7269323) sh      s2, -410(a3)
core   0: 3 0x800081f6 (0xe7269323) mem 0x80013d58 0xcce4
core   0: 0x800081fa (0xe666c183) lbu     gp, -410(a3)
core   0: 3 0x800081fa (0xe666c183) x 3 0x000000e4 mem 0x80013d58
core   0: 0x800081fe (0x000061f9) c.lui   gp, 0x1e
core   0: 3 0x800081fe (0x61f9) x 3 0x0001e000
core   0: 0x80008200 (0xaf26c603) lbu     a2, -1294(a3)
core   0: 3 0x80008200 (0xaf26c603) x12 0x000000e4 mem 0x800139e4
core   0: 0x80008204 (0x407c8433) sub     s0, s9, t2
core   0: 3 0x80008204 (0x407c8433) x 8 0x00000000
core   0: 0x80008208 (0x0000100f) fence.i
core   0: 3 0x80008208 (0x0000100f)
core   0: 0x8000820c (0xd6e69623) sh      a4, -660(a3)
core   0: 3 0x8000820c (0xd6e69623) mem 0x80013c5e 0x0000
core   0: 0x80008210 (0xd7468623) sb      s4, -660(a3)
core   0: 3 0x80008210 (0xd7468623) mem 0x80013c5e 0x0
core   0: 0x80008214 (0xd6c6d183) lhu     gp, -660(a3)
core   0: 3 0x80008214 (0xd6c6d183) x 3 0x00000000 mem 0x80013c5e
core   0: 0x80008218 (0x00011117) auipc   sp, 0x11
core   0: 3 0x80008218 (0x00011117) x 2 0x80019218
core   0: 0x8000821c (0x3e310113) addi    sp, sp, 995
core   0: 3 0x8000821c (0x3e310113) x 2 0x800195fb
core   0: 0x80008220 (0x91b11403) lh      s0, -1765(sp)
core   0: 3 0x80008220 (0x91b11403) x 8 0x00000000 mem 0x80018f16
core   0: 0x80008224 (0x029fe6b3) rem     a3, t6, s1
core   0: 3 0x80008224 (0x029fe6b3) x13 0x00000000
core   0: 0x80008228 (0x00008ead) c.xor   a3, a1
core   0: 3 0x80008228 (0x8ead) x13 0x00000000
core   0: 0x8000822a (0xbf9a4837) lui     a6, 0xbf9a4
core   0: 3 0x8000822a (0xbf9a4837) x16 0xbf9a4000
core   0: 0x8000822e (0x8e510a23) sb      t0, -1804(sp)
core   0: 3 0x8000822e (0x8e510a23) mem 0x80018eef 0x0
core   0: 0x80008232 (0xcdb10b83) lb      s7, -805(sp)
core   0: 3 0x80008232 (0xcdb10b83) x23 0x00000000 mem 0x800192d6
core   0: 0x80008236 (0x00009bf6) c.add   s7, t4
core   0: 3 0x80008236 (0x9bf6) x23 0x00000000
core   0: 0x80008238 (0x11314c03) lbu     s8, 275(sp)
core   0: 3 0x80008238 (0x11314c03) x24 0x00000000 mem 0x8001970e
core   0: 0x8000823c (0x24410883) lb      a7, 580(sp)
core   0: 3 0x8000823c (0x24410883) x17 0x00000000 mem 0x8001983f
core   0: 0x80008240 (0xa06100a3) sb      t1, -1535(sp)
core   0: 3 0x80008240 (0xa06100a3) mem 0x80018ffc 0x0
core   0: 0x80008244 (0x58d10123) sb      a3, 1410(sp)
core   0: 3 0x80008244 (0x58d10123) mem 0x80019b7d 0x0
core   0: 0x80008248 (0xc6b14203) lbu     tp, -917(sp)
core   0: 3 0x80008248 (0xc6b14203) x 4 0x00000000 mem 0x80019266
core   0: 0x8000824c (0x1e414583) lbu     a1, 484(sp)
core   0: 3 0x8000824c (0x1e414583) x11 0x00000000 mem 0x800197df
core   0: 0x80008250 (0x039438b3) mulhu   a7, s0, s9
core   0: 3 0x80008250 (0x039438b3) x17 0x00000000
core   0: 0x80008254 (0x5bf10ca3) sb      t6, 1465(sp)
core   0: 3 0x80008254 (0x5bf10ca3) mem 0x80019bb4 0x0
core   0: 0x80008258 (0xed310723) sb      s3, -306(sp)
core   0: 3 0x80008258 (0xed310723) mem 0x800194c9 0x0
core   0: 0x8000825c (0x00000f76) c.slli  t5, 29
core   0: 3 0x8000825c (0x0f76) x30 0x00000000
core   0: 0x8000825e (0xa9610803) lb      a6, -1386(sp)
core   0: 3 0x8000825e (0xa9610803) x16 0x00000000 mem 0x80019091
core   0: 0x80008262 (0xeb410303) lb      t1, -332(sp)
core   0: 3 0x80008262 (0xeb410303) x 6 0x00000000 mem 0x800194af
core   0: 0x80008266 (0x02eb03b3) mul     t2, s6, a4
core   0: 3 0x80008266 (0x02eb03b3) x 7 0x00000000
core   0: 0x8000826a (0x00008309) c.srli  a4, 2
core   0: 3 0x8000826a (0x8309) x14 0x00000000
core   0: 0x8000826c (0x18912783) lw      a5, 393(sp)
core   0: 3 0x8000826c (0x18912783) x15 0x0000da00 mem 0x80019784
core   0: 0x80008270 (0xa5b17b97) auipc   s7, 0xa5b17
core   0: 3 0x80008270 (0xa5b17b97) x23 0x25b1f270
core   0: 0x80008274 (0x00835213) srli    tp, t1, 8
core   0: 3 0x80008274 (0x00835213) x 4 0x00000000
core   0: 0x80008278 (0x02534d33) div     s10, t1, t0
core   0: 3 0x80008278 (0x02534d33) x26 0xffffffff
core   0: 0x8000827c (0xb6f10283) lb      t0, -1169(sp)
core   0: 3 0x8000827c (0xb6f10283) x 5 0x00000000 mem 0x8001916a
core   0: 0x80008280 (0x60f10d23) sb      a5, 1562(sp)
core   0: 3 0x80008280 (0x60f10d23) mem 0x80019c15 0x0
core   0: 0x80008284 (0x00008dbd) c.xor   a1, a5
core   0: 3 0x80008284 (0x8dbd) x11 0x0000da00
core   0: 0x80008286 (0x52214283) lbu     t0, 1314(sp)
core   0: 3 0x80008286 (0x52214283) x 5 0x00000000 mem 0x80019b1d
core   0: 0x8000828a (0xf6114c03) lbu     s8, -159(sp)
core   0: 3 0x8000828a (0xf6114c03) x24 0x00000000 mem 0x8001955c
core   0: 0x8000828e (0xa9d12983) lw      s3, -1379(sp)
core   0: 3 0x8000828e (0xa9d12983) x19 0x00000000 mem 0x80019098
core   0: 0x80008292 (0xf2c10d83) lb      s11, -212(sp)
core   0: 3 0x80008292 (0xf2c10d83) x27 0x00000000 mem 0x80019527
core   0: 0x80008296 (0x00008c41) c.or    s0, s0
core   0: 3 0x80008296 (0x8c41) x 8 0x00000000
core   0: 0x80008298 (0x99210f03) lb      t5, -1646(sp)
core   0: 3 0x80008298 (0x99210f03) x30 0x00000000 mem 0x80018f8d
core   0: 0x8000829c (0x29110d23) sb      a7, 666(sp)
core   0: 3 0x8000829c (0x29110d23) mem 0x80019895 0x0
core   0: 0x800082a0 (0x0d210403) lb      s0, 210(sp)
core   0: 3 0x800082a0 (0x0d210403) x 8 0x00000000 mem 0x800196cd
core   0: 0x800082a4 (0xffa54d13) xori    s10, a0, -6
core   0: 3 0x800082a4 (0xffa54d13) x26 0x02c1de20
core   0: 0x800082a8 (0xa4c14b03) lbu     s6, -1460(sp)
core   0: 3 0x800082a8 (0xa4c14b03) x22 0x00000000 mem 0x80019047
core   0: 0x800082ac (0x00eeac33) slt     s8, t4, a4
core   0: 3 0x800082ac (0x00eeac33) x24 0x00000000
core   0: 0x800082b0 (0x82b15203) lhu     tp, -2005(sp)
core   0: 3 0x800082b0 (0x82b15203) x 4 0x00000000 mem 0x80018e26
core   0: 0x800082b4 (0x91a14b83) lbu     s7, -1766(sp)
core   0: 3 0x800082b4 (0x91a14b83) x23 0x00000000 mem 0x80018f15
core   0: 0x800082b8 (0x3e4116a3) sh      tp, 1005(sp)
core   0: 3 0x800082b8 (0x3e4116a3) mem 0x800199e8 0x0000
core   0: 0x800082bc (0x000080da) c.mv    ra, s6
core   0: 3 0x800082bc (0x80da) x 1 0x00000000
core   0: 0x800082be (0x03169433) mulh    s0, a3, a7
core   0: 3 0x800082be (0x03169433) x 8 0x00000000
core   0: 0x800082c2 (0x27a14703) lbu     a4, 634(sp)
core   0: 3 0x800082c2 (0x27a14703) x14 0x00000000 mem 0x80019875
core   0: 0x800082c6 (0x0000e717) auipc   a4, 0xe
core   0: 3 0x800082c6 (0x0000e717) x14 0x800162c6
core   0: 0x800082ca (0xea270713) addi    a4, a4, -350
core   0: 3 0x800082ca (0xea270713) x14 0x80016168
core   0: 0x800082ce (0xffd70a03) lb      s4, -3(a4)
core   0: 3 0x800082ce (0xffd70a03) x20 0x00000000 mem 0x80016165
core   0: 0x800082d2 (0x0000cb17) auipc   s6, 0xc
core   0: 3 0x800082d2 (0x0000cb17) x22 0x800142d2
core   0: 0x800082d6 (0x371b0b13) addi    s6, s6, 881
core   0: 3 0x800082d6 (0x371b0b13) x22 0x80014643
core   0: 0x800082da (0x002b11a3) sh      sp, 3(s6)
core   0: 3 0x800082da (0x002b11a3) mem 0x80014646 0x95fb
core   0: 0x800082de (0x0000c74c) c.sw    a1, 12(a4)
core   0: 3 0x800082de (0xc74c) mem 0x80016174 0x0000da00
core   0: 0x800082e0 (0xff071723) sh      a6, -18(a4)
core   0: 3 0x800082e0 (0xff071723) mem 0x80016156 0x0000
core   0: 0x800082e4 (0x00018f17) auipc   t5, 0x18
core   0: 3 0x800082e4 (0x00018f17) x30 0x800202e4
core   0: 0x800082e8 (0x83bf0f13) addi    t5, t5, -1989
core   0: 3 0x800082e8 (0x83bf0f13) x30 0x8001fb1f
core   0: 0x800082ec (0x03174d03) lbu     s10, 49(a4)
core   0: 3 0x800082ec (0x03174d03) x26 0x00000000 mem 0x80016199
core   0: 0x800082f0 (0x008b0823) sb      s0, 16(s6)
core   0: 3 0x800082f0 (0x008b0823) mem 0x80014653 0x0
core   0: 0x800082f4 (0x01ef0c23) sb      t5, 24(t5)
core   0: 3 0x800082f4 (0x01ef0c23) mem 0x8001fb37 0x1f
core   0: 0x800082f8 (0x03c700a3) sb      t3, 33(a4)
core   0: 3 0x800082f8 (0x03c700a3) mem 0x80016189 0x0
core   0: 0x800082fc (0x004b03a3) sb      tp, 7(s6)
core   0: 3 0x800082fc (0x004b03a3) mem 0x8001464a 0x0
core   0: 0x80008300 (0xfd374e83) lbu     t4, -45(a4)
core   0: 3 0x80008300 (0xfd374e83) x29 0x00000000 mem 0x8001613b
core   0: 0x80008304 (0x00fb5883) lhu     a7, 15(s6)
core   0: 3 0x80008304 (0x00fb5883) x17 0x00000000 mem 0x80014652
core   0: 0x80008308 (0x006f4e83) lbu     t4, 6(t5)
core   0: 3 0x80008308 (0x006f4e83) x29 0x00000000 mem 0x8001fb25
core   0: 0x8000830c (0x00db1c83) lh      s9, 13(s6)
core   0: 3 0x8000830c (0x00db1c83) x25 0x00000000 mem 0x80014650
core   0: 0x80008310 (0x007f1e83) lh      t4, 7(t5)
core   0: 3 0x80008310 (0x007f1e83) x29 0x00000000 mem 0x8001fb26
core   0: 0x80008314 (0x012b0023) sb      s2, 0(s6)
core   0: 3 0x80008314 (0x012b0023) mem 0x80014643 0xe4
core   0: 0x80008318 (0x01af0e23) sb      s10, 28(t5)
core   0: 3 0x80008318 (0x01af0e23) mem 0x8001fb3b 0x0
core   0: 0x8000831c (0xff4b0203) lb      tp, -12(s6)
core   0: 3 0x8000831c (0xff4b0203) x 4 0x00000000 mem 0x80014637
core   0: 0x80008320 (0xff8b0e83) lb      t4, -8(s6)
core   0: 3 0x80008320 (0xff8b0e83) x29 0x00000000 mem 0x8001463b
core   0: 0x80008324 (0x018f0403) lb      s0, 24(t5)
core   0: 3 0x80008324 (0x018f0403) x 8 0x0000001f mem 0x8001fb37
core   0: 0x80008328 (0x0000b317) auipc   t1, 0xb
core   0: 3 0x80008328 (0x0000b317) x 6 0x80013328
core   0: 0x8000832c (0x12530313) addi    t1, t1, 293
core   0: 3 0x8000832c (0x12530313) x 6 0x8001344d
core   0: 0x80008330 (0xff130823) sb      a7, -16(t1)
core   0: 3 0x80008330 (0xff130823) mem 0x8001343d 0x0
core   0: 0x80008334 (0x0000ca17) auipc   s4, 0xc
core   0: 3 0x80008334 (0x0000ca17) x20 0x80014334
core   0: 0x80008338 (0xc69a0a13) addi    s4, s4, -919
core   0: 3 0x80008338 (0xc69a0a13) x20 0x80013f9d
core   0: 0x8000833c (0xffc31ca3) sh      t3, -7(t1)
core   0: 3 0x8000833c (0xffc31ca3) mem 0x80013446 0x0000
core   0: 0x80008340 (0x8b3a2383) lw      t2, -1869(s4)
core   0: 3 0x80008340 (0x8b3a2383) x 7 0x00000000 mem 0x80013850
core   0: 0x80008344 (0xfeb30823) sb      a1, -16(t1)
core   0: 3 0x80008344 (0xfeb30823) mem 0x8001343d 0x0
core   0: 0x80008348 (0xd94a0e03) lb      t3, -620(s4)
core   0: 3 0x80008348 (0xd94a0e03) x28 0x00000000 mem 0x80013d31
core   0: 0x8000834c (0x04aa4803) lbu     a6, 74(s4)
core   0: 3 0x8000834c (0x04aa4803) x16 0x00000000 mem 0x80013fe7
core   0: 0x80008350 (0xffc30ea3) sb      t3, -3(t1)
core   0: 3 0x80008350 (0xffc30ea3) mem 0x8001344a 0x0
core   0: 0x80008354 (0x00230b03) lb      s6, 2(t1)
core   0: 3 0x80008354 (0x00230b03) x22 0x00000000 mem 0x8001344f
core   0: 0x80008358 (0xfed30f23) sb      a3, -2(t1)
core   0: 3 0x80008358 (0xfed30f23) mem 0x8001344b 0x0
core   0: 0x8000835c (0x971a0e23) sb      a7, -1668(s4)
core   0: 3 0x8000835c (0x971a0e23) mem 0x80013919 0x0
core   0: 0x80008360 (0xffa34f03) lbu     t5, -6(t1)
core   0: 3 0x80008360 (0xffa34f03) x30 0x00000000 mem 0x80013447
core   0: 0x80008364 (0xff330803) lb      a6, -13(t1)
core   0: 3 0x80008364 (0xff330803) x16 0x00000000 mem 0x80013440
core   0: 0x80008368 (0xbd5a5d03) lhu     s10, -1067(s4)
core   0: 3 0x80008368 (0xbd5a5d03) x26 0x00000000 mem 0x80013b72
core   0: 0x8000836c (0x0000c797) auipc   a5, 0xc
core   0: 3 0x8000836c (0x0000c797) x15 0x8001436c
core   0: 0x80008370 (0x6e178793) addi    a5, a5, 1761
core   0: 3 0x80008370 (0x6e178793) x15 0x80014a4d
core   0: 0x80008374 (0xfea799a3) sh      a0, -13(a5)
core   0: 3 0x80008374 (0xfea799a3) mem 0x80014a40 0x21da
core   0: 0x80008378 (0x02736433) rem     s0, t1, t2
core   0: 3 0x80008378 (0x02736433) x 8 0x8001344d
core   0: 0x8000837c (0x00008379) c.srli  a4, 30
core   0: 3 0x8000837c (0x8379) x14 0x00000002
core   0: 0x8000837e (0x03812db3) mulhsu  s11, sp, s8
core   0: 3 0x8000837e (0x03812db3) x27 0x00000000
core   0: 0x80008382 (0x0047c603) lbu     a2, 4(a5)
core   0: 3 0x80008382 (0x0047c603) x12 0x00000000 mem 0x80014a51
core   0: 0x80008386 (0x40cdd693) srai    a3, s11, 12
core   0: 3 0x80008386 (0x40cdd693) x13 0x00000000
core   0: 0x8000838a (0x00d796a3) sh      a3, 13(a5)
core   0: 3 0x8000838a (0x00d796a3) mem 0x80014a5a 0x0000
core   0: 0x8000838e (0xffe7c403) lbu     s0, -2(a5)
core   0: 3 0x8000838e (0xffe7c403) x 8 0x00000000 mem 0x80014a4b
core   0: 0x80008392 (0xff2798a3) sh      s2, -15(a5)
core   0: 3 0x80008392 (0xff2798a3) mem 0x80014a3e 0xcce4
core   0: 0x80008396 (0xff17d283) lhu     t0, -15(a5)
core   0: 3 0x80008396 (0xff17d283) x 5 0x0000cce4 mem 0x80014a3e
core   0: 0x8000839a (0xff678923) sb      s6, -14(a5)
core   0: 3 0x8000839a (0xff678923) mem 0x80014a3f 0x0
core   0: 0x8000839e (0x021cf2b3) remu    t0, s9, ra
core   0: 3 0x8000839e (0x021cf2b3) x 5 0x00000000
core   0: 0x800083a2 (0xff07c703) lbu     a4, -16(a5)
core   0: 3 0x800083a2 (0xff07c703) x14 0x00000000 mem 0x80014a3d
core   0: 0x800083a6 (0xffb7de03) lhu     t3, -5(a5)
core   0: 3 0x800083a6 (0xffb7de03) x28 0x00000000 mem 0x80014a48
core   0: 0x800083aa (0x009f3f33) sltu    t5, t5, s1
core   0: 3 0x800083aa (0x009f3f33) x30 0x00000001
core   0: 0x800083ae (0xff179083) lh      ra, -15(a5)
core   0: 3 0x800083ae (0xff179083) x 1 0x000000e4 mem 0x80014a3e
core   0: 0x800083b2 (0x00000001) c.nop
core   0: 3 0x800083b2 (0x0001)
core   0: 0x800083b4 (0x02851e33) mulh    t3, a0, s0
core   0: 3 0x800083b4 (0x02851e33) x28 0x00000000
core   0: 0x800083b8 (0xfe479ea3) sh      tp, -3(a5)
core   0: 3 0x800083b8 (0xfe479ea3) mem 0x80014a4a 0x0000
core   0: 0x800083bc (0x00008dc1) c.or    a1, s0
core   0: 3 0x800083bc (0x8dc1) x11 0x0000da00
core   0: 0x800083be (0x00000001) c.nop
core   0: 3 0x800083be (0x0001)
core   0: 0x800083c0 (0x89845d17) auipc   s10, 0x89845
core   0: 3 0x800083c0 (0x89845d17) x26 0x0984d3c0
core   0: 0x800083c4 (0x002791a3) sh      sp, 3(a5)
core   0: 3 0x800083c4 (0x002791a3) mem 0x80014a50 0x95fb
core   0: 0x800083c8 (0x00000001) c.nop
core   0: 3 0x800083c8 (0x0001)
core   0: 0x800083ca (0x408183b3) sub     t2, gp, s0
core   0: 3 0x800083ca (0x408183b3) x 7 0x00000000
core   0: 0x800083ce (0x00004691) c.li    a3, 4
core   0: 3 0x800083ce (0x4691) x13 0x00000004
core   0: 0x800083d0 (0x4970b293) sltiu   t0, ra, 1175
core   0: 3 0x800083d0 (0x4970b293) x 5 0x00000001
core   0: 0x800083d4 (0x00d7c803) lbu     a6, 13(a5)
core   0: 3 0x800083d4 (0x00d7c803) x16 0x00000000 mem 0x80014a5a
core   0: 0x800083d8 (0xff579203) lh      tp, -11(a5)
core   0: 3 0x800083d8 (0xff579203) x 4 0x00000000 mem 0x80014a42
core   0: 0x800083dc (0xff078103) lb      sp, -16(a5)
core   0: 3 0x800083dc (0xff078103) x 2 0x00000000 mem 0x80014a3d
core   0: 0x800083e0 (0xff278c83) lb      s9, -14(a5)
core   0: 3 0x800083e0 (0xff278c83) x25 0x00000000 mem 0x80014a3f
core   0: 0x800083e4 (0xff579ea3) sh      s5, -3(a5)
core   0: 3 0x800083e4 (0xff579ea3) mem 0x80014a4a 0x0000
core   0: 0x800083e8 (0x0000bd17) auipc   s10, 0xb
core   0: 3 0x800083e8 (0x0000bd17) x26 0x800133e8
core   0: 0x800083ec (0x4f5d0d13) addi    s10, s10, 1269
core   0: 3 0x800083ec (0x4f5d0d13) x26 0x800138dd
core   0: 0x800083f0 (0x005d0403) lb      s0, 5(s10)
core   0: 3 0x800083f0 (0x005d0403) x 8 0x00000000 mem 0x800138e2
core   0: 0x800083f4 (0xd1590693) addi    a3, s2, -747
core   0: 3 0x800083f4 (0xd1590693) x13 0x8002c9f9
core   0: 0x800083f8 (0xff2d4983) lbu     s3, -14(s10)
core   0: 3 0x800083f8 (0xff2d4983) x19 0x00000000 mem 0x800138cf
core   0: 0x800083fc (0x001d0383) lb      t2, 1(s10)
core   0: 3 0x800083fc (0x001d0383) x 7 0x00000000 mem 0x800138de
core   0: 0x80008400 (0x00008ae9) c.andi  a3, 26
core   0: 3 0x80008400 (0x8ae9) x13 0x00000018
core   0: 0x80008402 (0xffad4a83) lbu     s5, -6(s10)
core   0: 3 0x80008402 (0xffad4a83) x21 0x00000000 mem 0x800138d7
core   0: 0x80008406 (0x00004fc5) c.li    t6, 17
core   0: 3 0x80008406 (0x4fc5) x31 0x00000011
core   0: 0x80008408 (0xffbd4303) lbu     t1, -5(s10)
core   0: 3 0x80008408 (0xffbd4303) x 6 0x00000000 mem 0x800138d8
core   0: 0x8000840c (0x01066c33) or      s8, a2, a6
core   0: 3 0x8000840c (0x01066c33) x24 0x00000000
core   0: 0x80008410 (0x00bd5583) lhu     a1, 11(s10)
core   0: 3 0x80008410 (0x00bd5583) x11 0x00000000 mem 0x800138e8
core   0: 0x80008414 (0x005d0023) sb      t0, 0(s10)
core   0: 3 0x80008414 (0x005d0023) mem 0x800138dd 0x1
core   0: 0x80008418 (0xdd3ac193) xori    gp, s5, -557
core   0: 3 0x80008418 (0xdd3ac193) x 3 0xfffffdd3
core   0: 0x8000841c (0x00cd4683) lbu     a3, 12(s10)
core   0: 3 0x8000841c (0x00cd4683) x13 0x00000000 mem 0x800138e9
core   0: 0x80008420 (0x007d4703) lbu     a4, 7(s10)
core   0: 3 0x80008420 (0x007d4703) x14 0x00000000 mem 0x800138e4
core   0: 0x80008424 (0x006d0423) sb      t1, 8(s10)
core   0: 3 0x80008424 (0x006d0423) mem 0x800138e5 0x0
core   0: 0x80008428 (0x00000aa9) c.addi  s5, 10
core   0: 3 0x80008428 (0x0aa9) x21 0x0000000a
core   0: 0x8000842a (0x00000001) c.nop
core   0: 3 0x8000842a (0x0001)
core   0: 0x8000842c (0x010d11a3) sh      a6, 3(s10)
core   0: 3 0x8000842c (0x010d11a3) mem 0x800138e0 0x0000
core   0: 0x80008430 (0x62457013) andi    zero, a0, 1572
core   0: 3 0x80008430 (0x62457013)
core   0: 0x80008434 (0x00cd03a3) sb      a2, 7(s10)
core   0: 3 0x80008434 (0x00cd03a3) mem 0x800138e4 0x0
core   0: 0x80008438 (0xffad0e23) sb      s10, -4(s10)
core   0: 3 0x80008438 (0xffad0e23) mem 0x800138d9 0xdd
core   0: 0x8000843c (0x00cd0723) sb      a2, 14(s10)
core   0: 3 0x8000843c (0x00cd0723) mem 0x800138eb 0x0
core   0: 0x80008440 (0xffbd0ba3) sb      s11, -9(s10)
core   0: 3 0x80008440 (0xffbd0ba3) mem 0x800138d4 0x0
core   0: 0x80008444 (0x003d25a3) sw      gp, 11(s10)
core   0: 3 0x80008444 (0x003d25a3) mem 0x800138e8 0xfffffdd3
core   0: 0x80008448 (0x003d4883) lbu     a7, 3(s10)
core   0: 3 0x80008448 (0x003d4883) x17 0x00000000 mem 0x800138e0
core   0: 0x8000844c (0xa1a50593) addi    a1, a0, -1510
core   0: 3 0x8000844c (0xa1a50593) x11 0xfd3e1bf4
core   0: 0x80008450 (0xfe1d0923) sb      ra, -14(s10)
core   0: 3 0x80008450 (0xfe1d0923) mem 0x800138cf 0xe4
core   0: 0x80008454 (0x0180e7b3) or      a5, ra, s8
core   0: 3 0x80008454 (0x0180e7b3) x15 0x000000e4
core   0: 0x80008458 (0x00123133) sltu    sp, tp, ra
core   0: 3 0x80008458 (0x00123133) x 2 0x00000001
core   0: 0x8000845c (0x64ea76b7) lui     a3, 0x64ea7
core   0: 3 0x8000845c (0x64ea76b7) x13 0x64ea7000
core   0: 0x80008460 (0x01fd25a3) sw      t6, 11(s10)
core   0: 3 0x80008460 (0x01fd25a3) mem 0x800138e8 0x00000011
core   0: 0x80008464 (0xffcd4c83) lbu     s9, -4(s10)
core   0: 3 0x80008464 (0xffcd4c83) x25 0x000000dd mem 0x800138d9
core   0: 0x80008468 (0xff0d4f03) lbu     t5, -16(s10)
core   0: 3 0x80008468 (0xff0d4f03) x30 0x000000dc mem 0x800138cd
core   0: 0x8000846c (0xffad0083) lb      ra, -6(s10)
core   0: 3 0x8000846c (0xffad0083) x 1 0x00000000 mem 0x800138d7
core   0: 0x80008470 (0x008d4e03) lbu     t3, 8(s10)
core   0: 3 0x80008470 (0x008d4e03) x28 0x00000000 mem 0x800138e5
core   0: 0x80008474 (0x00ad0c03) lb      s8, 10(s10)
core   0: 3 0x80008474 (0x00ad0c03) x24 0x00000000 mem 0x800138e7
core   0: 0x80008478 (0x0000e117) auipc   sp, 0xe
core   0: 3 0x80008478 (0x0000e117) x 2 0x80016478
core   0: 0x8000847c (0x35110113) addi    sp, sp, 849
core   0: 3 0x8000847c (0x35110113) x 2 0x800167c9
core   0: 0x80008480 (0x00e1b6b3) sltu    a3, gp, a4
core   0: 3 0x80008480 (0x00e1b6b3) x13 0x00000000
core   0: 0x80008484 (0x06014b03) lbu     s6, 96(sp)
core   0: 3 0x80008484 (0x06014b03) x22 0x00000000 mem 0x80016829
core   0: 0x80008488 (0xffa10d23) sb      s10, -6(sp)
core   0: 3 0x80008488 (0xffa10d23) mem 0x800167c3 0xdd
core   0: 0x8000848c (0x01ba6cb3) or      s9, s4, s11
core   0: 3 0x8000848c (0x01ba6cb3) x25 0x80013f9d
core   0: 0x80008490 (0x323f2737) lui     a4, 0x323f2
core   0: 3 0x80008490 (0x323f2737) x14 0x323f2000
core   0: 0x80008494 (0x039448b3) div     a7, s0, s9
core   0: 3 0x80008494 (0x039448b3) x17 0x00000000
core   0: 0x80008498 (0x6aa1ee93) ori     t4, gp, 1706
core   0: 3 0x80008498 (0x6aa1ee93) x29 0xfffffffb
core   0: 0x8000849c (0xf8314983) lbu     s3, -125(sp)
core   0: 3 0x8000849c (0xf8314983) x19 0x00000000 mem 0x8001674c
core   0: 0x800084a0 (0x07f10ca3) sb      t6, 121(sp)
core   0: 3 0x800084a0 (0x07f10ca3) mem 0x80016842 0x11
core   0: 0x800084a4 (0x00414803) lbu     a6, 4(sp)
core   0: 3 0x800084a4 (0x00414803) x16 0x00000000 mem 0x800167cd
core   0: 0x800084a8 (0xf3110323) sb      a7, -218(sp)
core   0: 3 0x800084a8 (0xf3110323) mem 0x800166ef 0x0
core   0: 0x800084ac (0x01510323) sb      s5, 6(sp)
core   0: 3 0x800084ac (0x01510323) mem 0x800167cf 0xa
core   0: 0x800084b0 (0x04110883) lb      a7, 65(sp)
core   0: 3 0x800084b0 (0x04110883) x17 0x00000000 mem 0x8001680a
core   0: 0x800084b4 (0xfff10da3) sb      t6, -5(sp)
core   0: 3 0x800084b4 (0xfff10da3) mem 0x800167c4 0x11
core   0: 0x800084b8 (0x554d4093) xori    ra, s10, 1364
core   0: 3 0x800084b8 (0x554d4093) x 1 0x80013d89
core   0: 0x800084bc (0xda2d65b7) lui     a1, 0xda2d6
core   0: 3 0x800084bc (0xda2d65b7) x11 0xda2d6000
core   0: 0x800084c0 (0xfca10923) sb      a0, -46(sp)
core   0: 3 0x800084c0 (0xfca10923) mem 0x8001679b 0xda
core   0: 0x800084c4 (0xf8110ea3) sb      ra, -99(sp)
core   0: 3 0x800084c4 (0xf8110ea3) mem 0x80016766 0x89
core   0: 0x800084c8 (0xf5e14603) lbu     a2, -162(sp)
core   0: 3 0x800084c8 (0xf5e14603) x12 0x00000000 mem 0x80016727
core   0: 0x800084cc (0x073104a3) sb      s3, 105(sp)
core   0: 3 0x800084cc (0x073104a3) mem 0x80016832 0x0
core   0: 0x800084d0 (0x00008ef1) c.and   a3, a2
core   0: 3 0x800084d0 (0x8ef1) x13 0x00000000
core   0: 0x800084d2 (0x02810f03) lb      t5, 40(sp)
core   0: 3 0x800084d2 (0x02810f03) x30 0x00000000 mem 0x800167f1
core   0: 0x800084d6 (0x0bc10383) lb      t2, 188(sp)
core   0: 3 0x800084d6 (0x0bc10383) x 7 0x00000000 mem 0x80016885
core   0: 0x800084da (0x03111b03) lh      s6, 49(sp)
core   0: 3 0x800084da (0x03111b03) x22 0x00000000 mem 0x800167fa
core   0: 0x800084de (0xfc312e83) lw      t4, -61(sp)
core   0: 3 0x800084de (0xfc312e83) x29 0x00000000 mem 0x8001678c
core   0: 0x800084e2 (0x03f10e23) sb      t6, 60(sp)
core   0: 3 0x800084e2 (0x03f10e23) mem 0x80016805 0x11
core   0: 0x800084e6 (0x0000100f) fence.i
core   0: 3 0x800084e6 (0x0000100f)
core   0: 0x800084ea (0xfd814583) lbu     a1, -40(sp)
core   0: 3 0x800084ea (0xfd814583) x11 0x00000000 mem 0x800167a1
core   0: 0x800084ee (0x0e210c23) sb      sp, 248(sp)
core   0: 3 0x800084ee (0x0e210c23) mem 0x800168c1 0xc9
core   0: 0x800084f2 (0xff810983) lb      s3, -8(sp)
core   0: 3 0x800084f2 (0xff810983) x19 0x00000000 mem 0x800167c1
core   0: 0x800084f6 (0x025990b3) mulh    ra, s3, t0
core   0: 3 0x800084f6 (0x025990b3) x 1 0x00000000
core   0: 0x800084fa (0x0b310ca3) sb      s3, 185(sp)
core   0: 3 0x800084fa (0x0b310ca3) mem 0x80016882 0x0
core   0: 0x800084fe (0x07e14603) lbu     a2, 126(sp)
core   0: 3 0x800084fe (0x07e14603) x12 0x00000000 mem 0x80016847
core   0: 0x80008502 (0xf8411ba3) sh      tp, -105(sp)
core   0: 3 0x80008502 (0xf8411ba3) mem 0x80016760 0x0000
core   0: 0x80008506 (0x0e910423) sb      s1, 232(sp)
core   0: 3 0x80008506 (0x0e910423) mem 0x800168b1 0x64
core   0: 0x8000850a (0xf9610583) lb      a1, -106(sp)
core   0: 3 0x8000850a (0xf9610583) x11 0x00000000 mem 0x8001675f
core   0: 0x8000850e (0x0000ea17) auipc   s4, 0xe
core   0: 3 0x8000850e (0x0000ea17) x20 0x8001650e
core   0: 0x80008512 (0xeeda0a13) addi    s4, s4, -275
core   0: 3 0x80008512 (0xeeda0a13) x20 0x800163fb
core   0: 0x80008516 (0x090a4003) lbu     zero, 144(s4)
core   0: 3 0x80008516 (0x090a4003) mem 0x8001648b
core   0: 0x8000851a (0x03aa4003) lbu     zero, 58(s4)
core   0: 3 0x8000851a (0x03aa4003) mem 0x80016435
core   0: 0x8000851e (0x00018e17) auipc   t3, 0x18
core   0: 3 0x8000851e (0x00018e17) x28 0x8002051e
core   0: 0x80008522 (0x67ce0e13) addi    t3, t3, 1660
core   0: 3 0x80008522 (0x67ce0e13) x28 0x80020b9a
core   0: 0x80008526 (0xfcde0623) sb      a3, -52(t3)
core   0: 3 0x80008526 (0xfcde0623) mem 0x80020b66 0x0
core   0: 0x8000852a (0xf1ea0d83) lb      s11, -226(s4)
core   0: 3 0x8000852a (0xf1ea0d83) x27 0x00000000 mem 0x80016319
core   0: 0x8000852e (0xf4ba5b03) lhu     s6, -181(s4)
core   0: 3 0x8000852e (0xf4ba5b03) x22 0x00000000 mem 0x80016346
core   0: 0x80008532 (0xff4a1aa3) sh      s4, -11(s4)
core   0: 3 0x80008532 (0xff4a1aa3) mem 0x800163f0 0x63fb
core   0: 0x80008536 (0xff0e07a3) sb      a6, -17(t3)
core   0: 3 0x80008536 (0xff0e07a3) mem 0x80020b89 0x0
core   0: 0x8000853a (0x03ae1083) lh      ra, 58(t3)
core   0: 3 0x8000853a (0x03ae1083) x 1 0x00000000 mem 0x80020bd4
core   0: 0x8000853e (0x0cba1583) lh      a1, 203(s4)
core   0: 3 0x8000853e (0x0cba1583) x11 0x00000000 mem 0x800164c6
core   0: 0x80008542 (0xfcde02a3) sb      a3, -59(t3)
core   0: 3 0x80008542 (0xfcde02a3) mem 0x80020b5f 0x0
core   0: 0x80008546 (0xfb1a04a3) sb      a7, -87(s4)
core   0: 3 0x80008546 (0xfb1a04a3) mem 0x800163a4 0x0
core   0: 0x8000854a (0xfece4c03) lbu     s8, -20(t3)
core   0: 3 0x8000854a (0xfece4c03) x24 0x00000000 mem 0x80020b86
core   0: 0x8000854e (0x0e5a0623) sb      t0, 236(s4)
core   0: 3 0x8000854e (0x0e5a0623) mem 0x800164e7 0x1
core   0: 0x80008552 (0x03de4083) lbu     ra, 61(t3)
core   0: 3 0x80008552 (0x03de4083) x 1 0x00000000 mem 0x80020bd7
core   0: 0x80008556 (0x0efa5203) lhu     tp, 239(s4)
core   0: 3 0x80008556 (0x0efa5203) x 4 0x00000000 mem 0x800164ea
core   0: 0x8000855a (0x01ce1603) lh      a2, 28(t3)
core   0: 3 0x8000855a (0x01ce1603) x12 0x00000000 mem 0x80020bb6
core   0: 0x8000855e (0xf49a04a3) sb      s1, -183(s4)
core   0: 3 0x8000855e (0xf49a04a3) mem 0x80016344 0x64
core   0: 0x80008562 (0x00014217) auipc   tp, 0x14
core   0: 3 0x80008562 (0x00014217) x 4 0x8001c562
core   0: 0x80008566 (0xe2920213) addi    tp, tp, -471
core   0: 3 0x80008566 (0xe2920213) x 4 0x8001c38b
core   0: 0x8000856a (0x0000bc17) auipc   s8, 0xb
core   0: 3 0x8000856a (0x0000bc17) x24 0x8001356a
core   0: 0x8000856e (0xb1ec0c13) addi    s8, s8, -1250
core   0: 3 0x8000856e (0xb1ec0c13) x24 0x80013088
core   0: 0x80008572 (0x02dc0d03) lb      s10, 45(s8)
core   0: 3 0x80008572 (0x02dc0d03) x26 0x00000021 mem 0x800130b5
core   0: 0x80008576 (0x0c320d83) lb      s11, 195(tp)
core   0: 3 0x80008576 (0x0c320d83) x27 0x00000000 mem 0x8001c44e
core   0: 0x8000857a (0xffa20923) sb      s10, -14(tp)
core   0: 3 0x8000857a (0xffa20923) mem 0x8001c37d 0x21
core   0: 0x8000857e (0x01bc0f83) lb      t6, 27(s8)
core   0: 3 0x8000857e (0x01bc0f83) x31 0x00000000 mem 0x800130a3
core   0: 0x80008582 (0xfbd20783) lb      a5, -67(tp)
core   0: 3 0x80008582 (0xfbd20783) x15 0x00000000 mem 0x8001c348
core   0: 0x80008586 (0xf9a24183) lbu     gp, -102(tp)
core   0: 3 0x80008586 (0xf9a24183) x 3 0x00000000 mem 0x8001c325
core   0: 0x8000858a (0xff3c0383) lb      t2, -13(s8)
core   0: 3 0x8000858a (0xff3c0383) x 7 0x00000000 mem 0x8001307b
core   0: 0x8000858e (0xf4124a03) lbu     s4, -191(tp)
core   0: 3 0x8000858e (0xf4124a03) x20 0x00000000 mem 0x8001c2cc
core   0: 0x80008592 (0xfe0c0723) sb      zero, -18(s8)
core   0: 3 0x80008592 (0xfe0c0723) mem 0x80013076 0x0
core   0: 0x80008596 (0x00024703) lbu     a4, 0(tp)
core   0: 3 0x80008596 (0x00024703) x14 0x00000000 mem 0x8001c38b
core   0: 0x8000859a (0x05ac2023) sw      s10, 64(s8)
core   0: 3 0x8000859a (0x05ac2023) mem 0x800130c8 0x00000021
core   0: 0x8000859e (0xfe2c1083) lh      ra, -30(s8)
core   0: 3 0x8000859e (0xfe2c1083) x 1 0x00000000 mem 0x8001306a
core   0: 0x800085a2 (0xff6c0f23) sb      s6, -2(s8)
core   0: 3 0x800085a2 (0xff6c0f23) mem 0x80013086 0x0
core   0: 0x800085a6 (0x02ec2823) sw      a4, 48(s8)
core   0: 3 0x800085a6 (0x02ec2823) mem 0x800130b8 0x00000000
core   0: 0x800085aa (0xffdc4803) lbu     a6, -3(s8)
core   0: 3 0x800085aa (0xffdc4803) x16 0x00000000 mem 0x80013085
core   0: 0x800085ae (0x0000b597) auipc   a1, 0xb
core   0: 3 0x800085ae (0x0000b597) x11 0x800135ae
core   0: 0x800085b2 (0xe3f58593) addi    a1, a1, -449
core   0: 3 0x800085b2 (0xe3f58593) x11 0x800133ed
core   0: 0x800085b6 (0x0ec5c403) lbu     s0, 236(a1)
core   0: 3 0x800085b6 (0x0ec5c403) x 8 0x00000000 mem 0x800134d9
core   0: 0x800085ba (0x0dd58423) sb      t4, 200(a1)
core   0: 3 0x800085ba (0x0dd58423) mem 0x800134b5 0x0
core   0: 0x800085be (0x0c858103) lb      sp, 200(a1)
core   0: 3 0x800085be (0x0c858103) x 2 0x00000000 mem 0x800134b5
core   0: 0x800085c2 (0x0c358423) sb      gp, 200(a1)
core   0: 3 0x800085c2 (0x0c358423) mem 0x800134b5 0x0
core   0: 0x800085c6 (0x0dc58423) sb      t3, 200(a1)
core   0: 3 0x800085c6 (0x0dc58423) mem 0x800134b5 0x9a
core   0: 0x800085ca (0x0c858423) sb      s0, 200(a1)
core   0: 3 0x800085ca (0x0c858423) mem 0x800134b5 0x0
core   0: 0x800085ce (0x0df58423) sb      t6, 200(a1)
core   0: 3 0x800085ce (0x0df58423) mem 0x800134b5 0x0
core   0: 0x800085d2 (0x03858983) lb      s3, 56(a1)
core   0: 3 0x800085d2 (0x03858983) x19 0x00000000 mem 0x80013425
core   0: 0x800085d6 (0x0ff0000f) fence   iorw,iorw
core   0: 3 0x800085d6 (0x0ff0000f)
core   0: 0x800085da (0x95b78d37) lui     s10, 0x95b78
core   0: 3 0x800085da (0x95b78d37) x26 0x95b78000
core   0: 0x800085de (0x0385c183) lbu     gp, 56(a1)
core   0: 3 0x800085de (0x0385c183) x 3 0x00000000 mem 0x80013425
core   0: 0x800085e2 (0x03b58c23) sb      s11, 56(a1)
core   0: 3 0x800085e2 (0x03b58c23) mem 0x80013425 0x0
core   0: 0x800085e6 (0x0385c603) lbu     a2, 56(a1)
core   0: 3 0x800085e6 (0x0385c603) x12 0x00000000 mem 0x80013425
core   0: 0x800085ea (0x68e5af13) slti    t5, a1, 1678
core   0: 3 0x800085ea (0x68e5af13) x30 0x00000001
core   0: 0x800085ee (0x0a3dba13) sltiu   s4, s11, 163
core   0: 3 0x800085ee (0x0a3dba13) x20 0x00000001
core   0: 0x800085f2 (0x03858003) lb      zero, 56(a1)
core   0: 3 0x800085f2 (0x03858003) mem 0x80013425
core   0: 0x800085f6 (0x02e58c23) sb      a4, 56(a1)
core   0: 3 0x800085f6 (0x02e58c23) mem 0x80013425 0x0
core   0: 0x800085fa (0xaf579137) lui     sp, 0xaf579
core   0: 3 0x800085fa (0xaf579137) x 2 0xaf579000
core   0: 0x800085fe (0xffb585a3) sb      s11, -21(a1)
core   0: 3 0x800085fe (0xffb585a3) mem 0x800133d8 0x0
core   0: 0x80008602 (0xfe15a5a3) sw      ra, -21(a1)
core   0: 3 0x80008602 (0xfe15a5a3) mem 0x800133d8 0x00000000
core   0: 0x80008606 (0xf7f58103) lb      sp, -129(a1)
core   0: 3 0x80008606 (0xf7f58103) x 2 0x00000000 mem 0x8001336c
core   0: 0x8000860a (0x00010117) auipc   sp, 0x10
core   0: 3 0x8000860a (0x00010117) x 2 0x8001860a
core   0: 0x8000860e (0xf6e10113) addi    sp, sp, -146
core   0: 3 0x8000860e (0xf6e10113) x 2 0x80018578
core   0: 0x80008612 (0x00005efd) c.li    t4, -1
core   0: 3 0x80008612 (0x5efd) x29 0xffffffff
core   0: 0x80008614 (0x53114c83) lbu     s9, 1329(sp)
core   0: 3 0x80008614 (0x53114c83) x25 0x00000000 mem 0x80018aa9
core   0: 0x80008618 (0x02ff7633) remu    a2, t5, a5
core   0: 3 0x80008618 (0x02ff7633) x12 0x00000001
core   0: 0x8000861c (0xd6210aa3) sb      sp, -651(sp)
core   0: 3 0x8000861c (0xd6210aa3) mem 0x800182ed 0x78
core   0: 0x80008620 (0x03ddbb33) mulhu   s6, s11, t4
core   0: 3 0x80008620 (0x03ddbb33) x22 0x00000000
core   0: 0x80008624 (0x00008779) c.srai  a4, 30
core   0: 3 0x80008624 (0x8779) x14 0x00000000
core   0: 0x80008626 (0xc0f14b03) lbu     s6, -1009(sp)
core   0: 3 0x80008626 (0xc0f14b03) x22 0x00000000 mem 0x80018187
core   0: 0x8000862a (0x022cb8b3) mulhu   a7, s9, sp
core   0: 3 0x8000862a (0x022cb8b3) x17 0x00000000
core   0: 0x8000862e (0x0306fbb3) remu    s7, a3, a6
core   0: 3 0x8000862e (0x0306fbb3) x23 0x00000000
core   0: 0x80008632 (0x0ff0000f) fence   iorw,iorw
core   0: 3 0x80008632 (0x0ff0000f)
core   0: 0x80008636 (0x03d685b3) mul     a1, a3, t4
core   0: 3 0x80008636 (0x03d685b3) x11 0x00000000
core   0: 0x8000863a (0x00000f66) c.slli  t5, 25
core   0: 3 0x8000863a (0x0f66) x30 0x02000000
core   0: 0x8000863c (0x5c314083) lbu     ra, 1475(sp)
core   0: 3 0x8000863c (0x5c314083) x 1 0x00000000 mem 0x80018b3b
core   0: 0x80008640 (0x5f215083) lhu     ra, 1522(sp)
core   0: 3 0x80008640 (0x5f215083) x 1 0x00000000 mem 0x80018b6a
core   0: 0x80008644 (0x0ff0000f) fence   iorw,iorw
core   0: 3 0x80008644 (0x0ff0000f)
core   0: 0x80008648 (0x414f0633) sub     a2, t5, s4
core   0: 3 0x80008648 (0x414f0633) x12 0x01ffffff
core   0: 0x8000864c (0x31110ca3) sb      a7, 793(sp)
core   0: 3 0x8000864c (0x31110ca3) mem 0x80018891 0x0
core   0: 0x80008650 (0xb2910ca3) sb      s1, -1223(sp)
core   0: 3 0x80008650 (0xb2910ca3) mem 0x800180b1 0x64
core   0: 0x80008654 (0xd0210fa3) sb      sp, -737(sp)
core   0: 3 0x80008654 (0xd0210fa3) mem 0x80018297 0x78
core   0: 0x80008658 (0x018a4733) xor     a4, s4, s8
core   0: 3 0x80008658 (0x018a4733) x14 0x80013089
core   0: 0x8000865c (0x4b612c23) sw      s6, 1208(sp)
core   0: 3 0x8000865c (0x4b612c23) mem 0x80018a30 0x00000000
core   0: 0x80008660 (0x9ba11b83) lh      s7, -1606(sp)
core   0: 3 0x80008660 (0x9ba11b83) x23 0x00000000 mem 0x80017f32
core   0: 0x80008664 (0x00006715) c.lui   a4, 0x5
core   0: 3 0x80008664 (0x6715) x14 0x00005000
core   0: 0x80008666 (0x7f5107a3) sb      s5, 2031(sp)
core   0: 3 0x80008666 (0x7f5107a3) mem 0x80018d67 0xa
core   0: 0x8000866a (0xa9015583) lhu     a1, -1392(sp)
core   0: 3 0x8000866a (0xa9015583) x11 0x00000000 mem 0x80018008
core   0: 0x8000866e (0x84d37f13) andi    t5, t1, -1971
core   0: 3 0x8000866e (0x84d37f13) x30 0x00000000
core   0: 0x80008672 (0x93910f03) lb      t5, -1735(sp)
core   0: 3 0x80008672 (0x93910f03) x30 0x00000000 mem 0x80017eb1
core   0: 0x80008676 (0xb5bf2293) slti    t0, t5, -1189
core   0: 3 0x80008676 (0xb5bf2293) x 5 0x00000000
core   0: 0x8000867a (0x13610783) lb      a5, 310(sp)
core   0: 3 0x8000867a (0x13610783) x15 0x00000000 mem 0x800186ae
core   0: 0x8000867e (0x0000b117) auipc   sp, 0xb
core   0: 3 0x8000867e (0x0000b117) x 2 0x8001367e
core   0: 0x80008682 (0x02310113) addi    sp, sp, 35
core   0: 3 0x80008682 (0x02310113) x 2 0x800136a1
core   0: 0x80008686 (0x09214783) lbu     a5, 146(sp)
core   0: 3 0x80008686 (0x09214783) x15 0x00000000 mem 0x80013733
core   0: 0x8000868a (0x08410923) sb      tp, 146(sp)
core   0: 3 0x8000868a (0x08410923) mem 0x80013733 0x8b
core   0: 0x8000868e (0xfef14a83) lbu     s5, -17(sp)
core   0: 3 0x8000868e (0xfef14a83) x21 0x00000000 mem 0x80013690
core   0: 0x80008692 (0xff4127a3) sw      s4, -17(sp)
core   0: 3 0x80008692 (0xff4127a3) mem 0x80013690 0x00000001
core   0: 0x80008696 (0x0e910a23) sb      s1, 244(sp)
core   0: 3 0x80008696 (0x0e910a23) mem 0x80013795 0x64
core   0: 0x8000869a (0x0000459d) c.li    a1, 7
core   0: 3 0x8000869a (0x459d) x11 0x00000007
core   0: 0x8000869c (0x0e910a23) sb      s1, 244(sp)
core   0: 3 0x8000869c (0x0e910a23) mem 0x80013795 0x64
core   0: 0x800086a0 (0x0ee10a23) sb      a4, 244(sp)
core   0: 3 0x800086a0 (0x0ee10a23) mem 0x80013795 0x0
core   0: 0x800086a4 (0x0f410403) lb      s0, 244(sp)
core   0: 3 0x800086a4 (0x0f410403) x 8 0x00000000 mem 0x80013795
core   0: 0x800086a8 (0x0e715d03) lhu     s10, 231(sp)
core   0: 3 0x800086a8 (0x0e715d03) x26 0x00000000 mem 0x80013788
core   0: 0x800086ac (0x031178b3) remu    a7, sp, a7
core   0: 3 0x800086ac (0x031178b3) x17 0x800136a1
core   0: 0x800086b0 (0x0e711d03) lh      s10, 231(sp)
core   0: 3 0x800086b0 (0x0e711d03) x26 0x00000000 mem 0x80013788
core   0: 0x800086b4 (0x00110823) sb      ra, 16(sp)
core   0: 3 0x800086b4 (0x00110823) mem 0x800136b1 0x0
core   0: 0x800086b8 (0x0000804d) c.srli  s0, 19
core   0: 3 0x800086b8 (0x804d) x 8 0x00000000
core   0: 0x800086ba (0x00008ee9) c.and   a3, a0
core   0: 3 0x800086ba (0x8ee9) x13 0x00000000
core   0: 0x800086bc (0x04a14f03) lbu     t5, 74(sp)
core   0: 3 0x800086bc (0x04a14f03) x30 0x00000000 mem 0x800136eb
core   0: 0x800086c0 (0x00d17a33) and     s4, sp, a3
core   0: 3 0x800086c0 (0x00d17a33) x20 0x00000000
core   0: 0x800086c4 (0x04a14683) lbu     a3, 74(sp)
core   0: 3 0x800086c4 (0x04a14683) x13 0x00000000 mem 0x800136eb
core   0: 0x800086c8 (0x05c10523) sb      t3, 74(sp)
core   0: 3 0x800086c8 (0x05c10523) mem 0x800136eb 0x9a
core   0: 0x800086cc (0xf7014b83) lbu     s7, -144(sp)
core   0: 3 0x800086cc (0xf7014b83) x23 0x00000000 mem 0x80013611
core   0: 0x800086d0 (0xf7014b83) lbu     s7, -144(sp)
core   0: 3 0x800086d0 (0xf7014b83) x23 0x00000000 mem 0x80013611
core   0: 0x800086d4 (0xf7d10823) sb      t4, -144(sp)
core   0: 3 0x800086d4 (0xf7d10823) mem 0x80013611 0xff
core   0: 0x800086d8 (0xf7010c83) lb      s9, -144(sp)
core   0: 3 0x800086d8 (0xf7010c83) x25 0xffffffff mem 0x80013611
core   0: 0x800086dc (0x0000b117) auipc   sp, 0xb
core   0: 3 0x800086dc (0x0000b117) x 2 0x800136dc
core   0: 0x800086e0 (0x3e210113) addi    sp, sp, 994
core   0: 3 0x800086e0 (0x3e210113) x 2 0x80013abe
core   0: 0x800086e4 (0xc2c14303) lbu     t1, -980(sp)
core   0: 3 0x800086e4 (0xc2c14303) x 6 0x00000000 mem 0x800136ea
core   0: 0x800086e8 (0xc2c14003) lbu     zero, -980(sp)
core   0: 3 0x800086e8 (0xc2c14003) mem 0x800136ea
core   0: 0x800086ec (0x00008232) c.mv    tp, a2
core   0: 3 0x800086ec (0x8232) x 4 0x01ffffff
core   0: 0x800086ee (0xc2c11783) lh      a5, -980(sp)
core   0: 3 0x800086ee (0xc2c11783) x15 0xffff9a00 mem 0x800136ea
core   0: 0x800086f2 (0xc2c11e03) lh      t3, -980(sp)
core   0: 3 0x800086f2 (0xc2c11e03) x28 0xffff9a00 mem 0x800136ea
core   0: 0x800086f6 (0xc3210623) sb      s2, -980(sp)
core   0: 3 0x800086f6 (0xc3210623) mem 0x800136ea 0xe4
core   0: 0x800086fa (0x000089b2) c.mv    s3, a2
core   0: 3 0x800086fa (0x89b2) x19 0x01ffffff
core   0: 0x800086fc (0xc2c15883) lhu     a7, -980(sp)
core   0: 3 0x800086fc (0xc2c15883) x17 0x00009ae4 mem 0x800136ea
core   0: 0x80008700 (0xc3711623) sh      s7, -980(sp)
core   0: 3 0x80008700 (0xc3711623) mem 0x800136ea 0x0000
core   0: 0x80008704 (0xc2c10c83) lb      s9, -980(sp)
core   0: 3 0x80008704 (0xc2c10c83) x25 0x00000000 mem 0x800136ea
core   0: 0x80008708 (0xc2c15f83) lhu     t6, -980(sp)
core   0: 3 0x80008708 (0xc2c15f83) x31 0x00000000 mem 0x800136ea
core   0: 0x8000870c (0x00009322) c.add   t1, s0
core   0: 3 0x8000870c (0x9322) x 6 0x00000000
core   0: 0x8000870e (0xc2c10803) lb      a6, -980(sp)
core   0: 3 0x8000870e (0xc2c10803) x16 0x00000000 mem 0x800136ea
core   0: 0x80008712 (0x03abd1b3) divu    gp, s7, s10
core   0: 3 0x80008712 (0x03abd1b3) x 3 0xffffffff
core   0: 0x80008716 (0xc3b10623) sb      s11, -980(sp)
core   0: 3 0x80008716 (0xc3b10623) mem 0x800136ea 0x0
core   0: 0x8000871a (0x41ab8d33) sub     s10, s7, s10
core   0: 3 0x8000871a (0x41ab8d33) x26 0x00000000
core   0: 0x8000871e (0x3a510683) lb      a3, 933(sp)
core   0: 3 0x8000871e (0x3a510683) x13 0x00000000 mem 0x80013e63
core   0: 0x80008722 (0x965d3a93) sltiu   s5, s10, -1691
core   0: 3 0x80008722 (0x965d3a93) x21 0x00000001
core   0: 0x80008726 (0x3a510003) lb      zero, 933(sp)
core   0: 3 0x80008726 (0x3a510003) mem 0x80013e63
core   0: 0x8000872a (0xc1f11e23) sh      t6, -996(sp)
core   0: 3 0x8000872a (0xc1f11e23) mem 0x800136da 0x0000
core   0: 0x8000872e (0xc1c14b03) lbu     s6, -996(sp)
core   0: 3 0x8000872e (0xc1c14b03) x22 0x00000000 mem 0x800136da
core   0: 0x80008732 (0x0000b697) auipc   a3, 0xb
core   0: 3 0x80008732 (0x0000b697) x13 0x80013732
core   0: 0x80008736 (0x07268693) addi    a3, a3, 114
core   0: 3 0x80008736 (0x07268693) x13 0x800137a4
core   0: 0x8000873a (0x0006aa83) lw      s5, 0(a3)
core   0: 3 0x8000873a (0x0006aa83) x21 0x00000000 mem 0x800137a4
core   0: 0x8000873e (0xffd6cd03) lbu     s10, -3(a3)
core   0: 3 0x8000873e (0xffd6cd03) x26 0x00000000 mem 0x800137a1
core   0: 0x80008742 (0x00669803) lh      a6, 6(a3)
core   0: 3 0x80008742 (0x00669803) x16 0x00000000 mem 0x800137aa
core   0: 0x80008746 (0x00169623) sh      ra, 12(a3)
core   0: 3 0x80008746 (0x00169623) mem 0x800137b0 0x0000
core   0: 0x8000874a (0xfe168ea3) sb      ra, -3(a3)
core   0: 3 0x8000874a (0xfe168ea3) mem 0x800137a1 0x0
core   0: 0x8000874e (0xee6e4b13) xori    s6, t3, -282
core   0: 3 0x8000874e (0xee6e4b13) x22 0x000064e6
core   0: 0x80008752 (0xff16ca03) lbu     s4, -15(a3)
core   0: 3 0x80008752 (0xff16ca03) x20 0x00000000 mem 0x80013795
core   0: 0x80008756 (0x005685a3) sb      t0, 11(a3)
core   0: 3 0x80008756 (0x005685a3) mem 0x800137af 0x0
core   0: 0x8000875a (0xffd68783) lb      a5, -3(a3)
core   0: 3 0x8000875a (0xffd68783) x15 0x00000000 mem 0x800137a1
core   0: 0x8000875e (0x0036a023) sw      gp, 0(a3)
core   0: 3 0x8000875e (0x0036a023) mem 0x800137a4 0xffffffff
core   0: 0x80008762 (0x00008d3e) c.mv    s10, a5
core   0: 3 0x80008762 (0x8d3e) x26 0x00000000
core   0: 0x80008764 (0xffc68403) lb      s0, -4(a3)
core   0: 3 0x80008764 (0xffc68403) x 8 0x00000000 mem 0x800137a0
core   0: 0x80008768 (0x014680a3) sb      s4, 1(a3)
core   0: 3 0x80008768 (0x014680a3) mem 0x800137a5 0x0
core   0: 0x8000876c (0x0ff0000f) fence   iorw,iorw
core   0: 3 0x8000876c (0x0ff0000f)
core   0: 0x80008770 (0xffa68e83) lb      t4, -6(a3)
core   0: 3 0x80008770 (0xffa68e83) x29 0x00000000 mem 0x8001379e
core   0: 0x80008774 (0xff668f23) sb      s6, -2(a3)
core   0: 3 0x80008774 (0xff668f23) mem 0x800137a2 0xe6
core   0: 0x80008778 (0x00008db2) c.mv    s11, a2
core   0: 3 0x80008778 (0x8db2) x27 0x01ffffff
core   0: 0x8000877a (0x00000001) c.nop
core   0: 3 0x8000877a (0x0001)
core   0: 0x8000877c (0xff968403) lb      s0, -7(a3)
core   0: 3 0x8000877c (0xff968403) x 8 0x00000000 mem 0x8001379d
core   0: 0x80008780 (0xffc68303) lb      t1, -4(a3)
core   0: 3 0x80008780 (0xffc68303) x 6 0x00000000 mem 0x800137a0
core   0: 0x80008784 (0xffe689a3) sb      t5, -13(a3)
core   0: 3 0x80008784 (0xffe689a3) mem 0x80013797 0x0
core   0: 0x80008788 (0x0006ae03) lw      t3, 0(a3)
core   0: 3 0x80008788 (0x0006ae03) x28 0xffff00ff mem 0x800137a4
core   0: 0x8000878c (0x41600bb3) sub     s7, zero, s6
core   0: 3 0x8000878c (0x41600bb3) x23 0xffff9b1a
core   0: 0x80008790 (0x20092097) auipc   ra, 0x20092
core   0: 3 0x80008790 (0x20092097) x 1 0xa009a790
core   0: 0x80008794 (0x00f6cd03) lbu     s10, 15(a3)
core   0: 3 0x80008794 (0x00f6cd03) x26 0x00000000 mem 0x800137b3
core   0: 0x80008798 (0xff268c03) lb      s8, -14(a3)
core   0: 3 0x80008798 (0xff268c03) x24 0x00000000 mem 0x80013796
core   0: 0x8000879c (0xff669003) lh      zero, -10(a3)
core   0: 3 0x8000879c (0xff669003) mem 0x8001379a
core   0: 0x800087a0 (0x030a50b3) divu    ra, s4, a6
core   0: 3 0x800087a0 (0x030a50b3) x 1 0xffffffff
core   0: 0x800087a4 (0x00005efd) c.li    t4, -1
core   0: 3 0x800087a4 (0x5efd) x29 0xffffffff
core   0: 0x800087a6 (0x0026c403) lbu     s0, 2(a3)
core   0: 3 0x800087a6 (0x0026c403) x 8 0x000000ff mem 0x800137a6
core   0: 0x800087aa (0x00000001) c.nop
core   0: 3 0x800087aa (0x0001)
core   0: 0x800087ac (0x0006d703) lhu     a4, 0(a3)
core   0: 3 0x800087ac (0x0006d703) x14 0x000000ff mem 0x800137a4
core   0: 0x800087b0 (0x00b68183) lb      gp, 11(a3)
core   0: 3 0x800087b0 (0x00b68183) x 3 0x00000000 mem 0x800137af
core   0: 0x800087b4 (0xff768d23) sb      s7, -6(a3)
core   0: 3 0x800087b4 (0xff768d23) mem 0x8001379e 0x1a
core   0: 0x800087b8 (0x0066ce03) lbu     t3, 6(a3)
core   0: 3 0x800087b8 (0x0066ce03) x28 0x00000000 mem 0x800137aa
core   0: 0x800087bc (0x0036c703) lbu     a4, 3(a3)
core   0: 3 0x800087bc (0x0036c703) x14 0x000000ff mem 0x800137a7
core   0: 0x800087c0 (0x0c117713) andi    a4, sp, 193
core   0: 3 0x800087c0 (0x0c117713) x14 0x00000080
core   0: 0x800087c4 (0x01a315b3) sll     a1, t1, s10
core   0: 3 0x800087c4 (0x01a315b3) x11 0x00000000
core   0: 0x800087c8 (0xff668b03) lb      s6, -10(a3)
core   0: 3 0x800087c8 (0xff668b03) x22 0x00000000 mem 0x8001379a
core   0: 0x800087cc (0x000099fd) c.andi  a1, -1
core   0: 3 0x800087cc (0x99fd) x11 0x00000000
core   0: 0x800087ce (0x0066a223) sw      t1, 4(a3)
core   0: 3 0x800087ce (0x0066a223) mem 0x800137a8 0x00000000
core   0: 0x800087d2 (0x00768383) lb      t2, 7(a3)
core   0: 3 0x800087d2 (0x00768383) x 7 0x00000000 mem 0x800137ab
core   0: 0x800087d6 (0x0000ff17) auipc   t5, 0xf
core   0: 3 0x800087d6 (0x0000ff17) x30 0x800177d6
core   0: 0x800087da (0xc6bf0f13) addi    t5, t5, -917
core   0: 3 0x800087da (0xc6bf0f13) x30 0x80017441
core   0: 0x800087de (0xa6cf0103) lb      sp, -1428(t5)
core   0: 3 0x800087de (0xa6cf0103) x 2 0x00000000 mem 0x80016ead
core   0: 0x800087e2 (0x0000b097) auipc   ra, 0xb
core   0: 3 0x800087e2 (0x0000b097) x 1 0x800137e2
core   0: 0x800087e6 (0x61e08093) addi    ra, ra, 1566
core   0: 3 0x800087e6 (0x61e08093) x 1 0x80013e00
core   0: 0x800087ea (0xa98f0403) lb      s0, -1384(t5)
core   0: 3 0x800087ea (0xa98f0403) x 8 0x00000000 mem 0x80016ed9
core   0: 0x800087ee (0x01708403) lb      s0, 23(ra)
core   0: 3 0x800087ee (0x01708403) x 8 0x00000000 mem 0x80013e17
core   0: 0x800087f2 (0xc65f10a3) sh      t0, -927(t5)
core   0: 3 0x800087f2 (0xc65f10a3) mem 0x800170a2 0x0000
core   0: 0x800087f6 (0x029089a3) sb      s1, 51(ra)
core   0: 3 0x800087f6 (0x029089a3) mem 0x80013e33 0x64
core   0: 0x800087fa (0xc40f4a83) lbu     s5, -960(t5)
core   0: 3 0x800087fa (0xc40f4a83) x21 0x00000000 mem 0x80017081
core   0: 0x800087fe (0xfc508f83) lb      t6, -59(ra)
core   0: 3 0x800087fe (0xfc508f83) x31 0x00000000 mem 0x80013dc5
core   0: 0x80008802 (0x0250ca83) lbu     s5, 37(ra)
core   0: 3 0x80008802 (0x0250ca83) x21 0x00000000 mem 0x80013e25
core   0: 0x80008806 (0x445f04a3) sb      t0, 1097(t5)
core   0: 3 0x80008806 (0x445f04a3) mem 0x8001788a 0x0
core   0: 0x8000880a (0x03508f83) lb      t6, 53(ra)
core   0: 3 0x8000880a (0x03508f83) x31 0x0000003f mem 0x80013e35
core   0: 0x8000880e (0x03708983) lb      s3, 55(ra)
core   0: 3 0x8000880e (0x03708983) x19 0x00000000 mem 0x80013e37
core   0: 0x80008812 (0x60df0b03) lb      s6, 1549(t5)
core   0: 3 0x80008812 (0x60df0b03) x22 0x00000000 mem 0x80017a4e
core   0: 0x80008816 (0x9d4f4683) lbu     a3, -1580(t5)
core   0: 3 0x80008816 (0x9d4f4683) x13 0x00000000 mem 0x80016e15
core   0: 0x8000881a (0x0000b997) auipc   s3, 0xb
core   0: 3 0x8000881a (0x0000b997) x19 0x8001381a
core   0: 0x8000881e (0x12898993) addi    s3, s3, 296
core   0: 3 0x8000881e (0x12898993) x19 0x80013942
core   0: 0x80008822 (0x0000717d) c.addi16sp sp, -16
core   0: 3 0x80008822 (0x717d) x 2 0xfffffff0
core   0: 0x80008824 (0x0b398d03) lb      s10, 179(s3)
core   0: 3 0x80008824 (0x0b398d03) x26 0x00000000 mem 0x800139f5
core   0: 0x80008828 (0x00000001) c.nop
core   0: 3 0x80008828 (0x0001)
core   0: 0x8000882a (0x6a4d4593) xori    a1, s10, 1700
core   0: 3 0x8000882a (0x6a4d4593) x11 0x000006a4
core   0: 0x8000882e (0x06798803) lb      a6, 103(s3)
core   0: 3 0x8000882e (0x06798803) x16 0x00000000 mem 0x800139a9
core   0: 0x80008832 (0xfa9d0b13) addi    s6, s10, -87
core   0: 3 0x80008832 (0xfa9d0b13) x22 0xffffffa9
core   0: 0x80008836 (0x03185c33) divu    s8, a6, a7
core   0: 3 0x80008836 (0x03185c33) x24 0x00000000
core   0: 0x8000883a (0x0359c703) lbu     a4, 53(s3)
core   0: 3 0x8000883a (0x0359c703) x14 0x00000000 mem 0x80013977
core   0: 0x8000883e (0x00008dc5) c.or    a1, s1
core   0: 3 0x8000883e (0x8dc5) x11 0x80028ee4
core   0: 0x80008840 (0x0a0989a3) sb      zero, 179(s3)
core   0: 3 0x80008840 (0x0a0989a3) mem 0x800139f5 0x0
core   0: 0x80008844 (0xfa498ea3) sb      tp, -67(s3)
core   0: 3 0x80008844 (0xfa498ea3) mem 0x800138ff 0xff
core   0: 0x80008848 (0x5e113d13) sltiu   s10, sp, 1505
core   0: 3 0x80008848 (0x5e113d13) x26 0x00000000
core   0: 0x8000884c (0x04998ea3) sb      s1, 93(s3)
core   0: 3 0x8000884c (0x04998ea3) mem 0x8001399f 0x64
core   0: 0x80008850 (0x00d062b3) or      t0, zero, a3
core   0: 3 0x80008850 (0x00d062b3) x 5 0x00000000
core   0: 0x80008854 (0x0ad361b7) lui     gp, 0xad36
core   0: 3 0x80008854 (0x0ad361b7) x 3 0x0ad36000
core   0: 0x80008858 (0xf0e9da03) lhu     s4, -242(s3)
core   0: 3 0x80008858 (0xf0e9da03) x20 0x00000000 mem 0x80013850
core   0: 0x8000885c (0x01911f33) sll     t5, sp, s9
core   0: 3 0x8000885c (0x01911f33) x30 0xfffffff0
core   0: 0x80008860 (0x00008331) c.srli  a4, 12
core   0: 3 0x80008860 (0x8331) x14 0x00000000
core   0: 0x80008862 (0x00000cfe) c.slli  s9, 31
core   0: 3 0x80008862 (0x0cfe) x25 0x00000000
core   0: 0x80008864 (0x000041cd) c.li    gp, 19
core   0: 3 0x80008864 (0x41cd) x 3 0x00000013
core   0: 0x80008866 (0x86d9e793) ori     a5, s3, -1939
core   0: 3 0x80008866 (0x86d9e793) x15 0xfffff96f
core   0: 0x8000886a (0x00769eb3) sll     t4, a3, t2
core   0: 3 0x8000886a (0x00769eb3) x29 0x00000000
core   0: 0x8000886e (0x01349c13) slli    s8, s1, 19
core   0: 3 0x8000886e (0x01349c13) x24 0x73200000
core   0: 0x80008872 (0x11d98023) sb      t4, 256(s3)
core   0: 3 0x80008872 (0x11d98023) mem 0x80013a42 0x0
core   0: 0x80008876 (0x03dafab3) remu    s5, s5, t4
core   0: 3 0x80008876 (0x03dafab3) x21 0x00000000
core   0: 0x8000887a (0x006a3333) sltu    t1, s4, t1
core   0: 3 0x8000887a (0x006a3333) x 6 0x00000000
core   0: 0x8000887e (0x05c99a83) lh      s5, 92(s3)
core   0: 3 0x8000887e (0x05c99a83) x21 0x00006400 mem 0x8001399e
core   0: 0x80008882 (0xfd299623) sh      s2, -52(s3)
core   0: 3 0x80008882 (0xfd299623) mem 0x8001390e 0xcce4
core   0: 0x80008886 (0x00000001) c.nop
core   0: 3 0x80008886 (0x0001)
core   0: 0x80008888 (0x00001694) c.addi4spn a3, sp, 864
core   0: 3 0x80008888 (0x1694) x13 0x00000350
core   0: 0x8000888a (0xfe89c803) lbu     a6, -24(s3)
core   0: 3 0x8000888a (0xfe89c803) x16 0x00000000 mem 0x8001392a
core   0: 0x8000888e (0x00008059) c.srli  s0, 22
core   0: 3 0x8000888e (0x8059) x 8 0x00000000
core   0: 0x80008890 (0x0079c583) lbu     a1, 7(s3)
core   0: 3 0x80008890 (0x0079c583) x11 0x00000000 mem 0x80013949
core   0: 0x80008894 (0xf5098723) sb      a6, -178(s3)
core   0: 3 0x80008894 (0xf5098723) mem 0x80013890 0x0
core   0: 0x80008898 (0x0ff9cb83) lbu     s7, 255(s3)
core   0: 3 0x80008898 (0x0ff9cb83) x23 0x00000000 mem 0x80013a41
core   0: 0x8000889c (0xf5a98ea3) sb      s10, -163(s3)
core   0: 3 0x8000889c (0xf5a98ea3) mem 0x8001389f 0x0
core   0: 0x800088a0 (0xfcd98703) lb      a4, -51(s3)
core   0: 3 0x800088a0 (0xfcd98703) x14 0xffffffcc mem 0x8001390f
core   0: 0x800088a4 (0x00006ba5) c.lui   s7, 0x9
core   0: 3 0x800088a4 (0x6ba5) x23 0x00009000
core   0: 0x800088a6 (0xfa298da3) sb      sp, -69(s3)
core   0: 3 0x800088a6 (0xfa298da3) mem 0x800138fd 0xf0
core   0: 0x800088aa (0x08c9c583) lbu     a1, 140(s3)
core   0: 3 0x800088aa (0x08c9c583) x11 0x00000000 mem 0x800139ce
core   0: 0x800088ae (0x00000bbe) c.slli  s7, 15
core   0: 3 0x800088ae (0x0bbe) x23 0x48000000
core   0: 0x800088b0 (0x00008f25) c.xor   a4, s1
core   0: 3 0x800088b0 (0x8f25) x14 0x7ffd71a8
core   0: 0x800088b2 (0xf9a99823) sh      s10, -112(s3)
core   0: 3 0x800088b2 (0xf9a99823) mem 0x800138d2 0x0000
core   0: 0x800088b6 (0xfaf98783) lb      a5, -81(s3)
core   0: 3 0x800088b6 (0xfaf98783) x15 0x00000000 mem 0x800138f1
core   0: 0x800088ba (0xf4899623) sh      s0, -180(s3)
core   0: 3 0x800088ba (0xf4899623) mem 0x8001388e 0x0000
core   0: 0x800088be (0x0479cf83) lbu     t6, 71(s3)
core   0: 3 0x800088be (0x0479cf83) x31 0x00000000 mem 0x80013989
core   0: 0x800088c2 (0xfeb98383) lb      t2, -21(s3)
core   0: 3 0x800088c2 (0xfeb98383) x 7 0x00000000 mem 0x8001392d
core   0: 0x800088c6 (0x0000b297) auipc   t0, 0xb
core   0: 3 0x800088c6 (0x0000b297) x 5 0x800138c6
core   0: 0x800088ca (0x00928293) addi    t0, t0, 9
core   0: 3 0x800088ca (0x00928293) x 5 0x800138cf
core   0: 0x800088ce (0x0000b697) auipc   a3, 0xb
core   0: 3 0x800088ce (0x0000b697) x13 0x800138ce
core   0: 0x800088d2 (0x4b368693) addi    a3, a3, 1203
core   0: 3 0x800088d2 (0x4b368693) x13 0x80013d81
core   0: 0x800088d6 (0xf266cb03) lbu     s6, -218(a3)
core   0: 3 0x800088d6 (0xf266cb03) x22 0x00000000 mem 0x80013ca7
core   0: 0x800088da (0xfd128423) sb      a7, -56(t0)
core   0: 3 0x800088da (0xfd128423) mem 0x80013897 0xe4
core   0: 0x800088de (0x08f69d03) lh      s10, 143(a3)
core   0: 3 0x800088de (0x08f69d03) x26 0x00000000 mem 0x80013e10
core   0: 0x800088e2 (0xf536d583) lhu     a1, -173(a3)
core   0: 3 0x800088e2 (0xf536d583) x11 0x00000000 mem 0x80013cd4
core   0: 0x800088e6 (0x01c2c383) lbu     t2, 28(t0)
core   0: 3 0x800088e6 (0x01c2c383) x 7 0x00000000 mem 0x800138eb
core   0: 0x800088ea (0x0000b117) auipc   sp, 0xb
core   0: 3 0x800088ea (0x0000b117) x 2 0x800138ea
core   0: 0x800088ee (0x0c310113) addi    sp, sp, 195
core   0: 3 0x800088ee (0x0c310113) x 2 0x800139ad
core   0: 0x800088f2 (0x0c66c203) lbu     tp, 198(a3)
core   0: 3 0x800088f2 (0x0c66c203) x 4 0x00000000 mem 0x80013e47
core   0: 0x800088f6 (0xfea10ea3) sb      a0, -3(sp)
core   0: 3 0x800088f6 (0xfea10ea3) mem 0x800139aa 0xda
core   0: 0x800088fa (0xf656d183) lhu     gp, -155(a3)
core   0: 3 0x800088fa (0xf656d183) x 3 0x00000000 mem 0x80013ce6
core   0: 0x800088fe (0x0a06ce03) lbu     t3, 160(a3)
core   0: 3 0x800088fe (0x0a06ce03) x28 0x00000000 mem 0x80013e21
core   0: 0x80008902 (0x0fe68aa3) sb      t5, 245(a3)
core   0: 3 0x80008902 (0x0fe68aa3) mem 0x80013e76 0xf0
core   0: 0x80008906 (0xff028f03) lb      t5, -16(t0)
core   0: 3 0x80008906 (0xff028f03) x30 0xffffffda mem 0x800138bf
core   0: 0x8000890a (0x00d14a83) lbu     s5, 13(sp)
core   0: 3 0x8000890a (0x00d14a83) x21 0x00000000 mem 0x800139ba
core   0: 0x8000890e (0x02228523) sb      sp, 42(t0)
core   0: 3 0x8000890e (0x02228523) mem 0x800138f9 0xad
core   0: 0x80008912 (0x09969b83) lh      s7, 153(a3)
core   0: 3 0x80008912 (0x09969b83) x23 0x00000000 mem 0x80013e1a
core   0: 0x80008916 (0x01010083) lb      ra, 16(sp)
core   0: 3 0x80008916 (0x01010083) x 1 0x00000000 mem 0x800139bd
core   0: 0x8000891a (0x0a068a23) sb      zero, 180(a3)
core   0: 3 0x8000891a (0x0a068a23) mem 0x80013e35 0x0
core   0: 0x8000891e (0xfcc299a3) sh      a2, -45(t0)
core   0: 3 0x8000891e (0xfcc299a3) mem 0x800138a2 0xffff
core   0: 0x80008922 (0xff62ca83) lbu     s5, -10(t0)
core   0: 3 0x80008922 (0xff62ca83) x21 0x00000000 mem 0x800138c5
core   0: 0x80008926 (0x00c10123) sb      a2, 2(sp)
core   0: 3 0x80008926 (0x00c10123) mem 0x800139af 0xff
core   0: 0x8000892a (0xffd10e23) sb      t4, -4(sp)
core   0: 3 0x8000892a (0xffd10e23) mem 0x800139a9 0x0
core   0: 0x8000892e (0xfe628323) sb      t1, -26(t0)
core   0: 3 0x8000892e (0xfe628323) mem 0x800138b5 0x0
core   0: 0x80008932 (0x00017817) auipc   a6, 0x17
core   0: 3 0x80008932 (0x00017817) x16 0x8001f932
core   0: 0x80008936 (0xe2280813) addi    a6, a6, -478
core   0: 3 0x80008936 (0xe2280813) x16 0x8001f754
core   0: 0x8000893a (0xe1d80f83) lb      t6, -483(a6)
core   0: 3 0x8000893a (0xe1d80f83) x31 0x00000000 mem 0x8001f571
core   0: 0x8000893e (0x0f3803a3) sb      s3, 231(a6)
core   0: 3 0x8000893e (0x0f3803a3) mem 0x8001f83b 0x42
core   0: 0x80008942 (0x1d180283) lb      t0, 465(a6)
core   0: 3 0x80008942 (0x1d180283) x 5 0x00000000 mem 0x8001f925
core   0: 0x80008946 (0x73784283) lbu     t0, 1847(a6)
core   0: 3 0x80008946 (0x73784283) x 5 0x00000000 mem 0x8001fe8b
core   0: 0x8000894a (0x89184f03) lbu     t5, -1903(a6)
core   0: 3 0x8000894a (0x89184f03) x30 0x00000000 mem 0x8001efe5
core   0: 0x8000894e (0x55384e03) lbu     t3, 1363(a6)
core   0: 3 0x8000894e (0x55384e03) x28 0x00000000 mem 0x8001fca7
core   0: 0x80008952 (0xea584303) lbu     t1, -347(a6)
core   0: 3 0x80008952 (0xea584303) x 6 0x00000000 mem 0x8001f5f9
core   0: 0x80008956 (0x00008dfd) c.and   a1, a5
core   0: 3 0x80008956 (0x8dfd) x11 0x00000000
core   0: 0x80008958 (0xe6881b83) lh      s7, -408(a6)
core   0: 3 0x80008958 (0xe6881b83) x23 0x00000000 mem 0x8001f5bc
core   0: 0x8000895c (0xe6884383) lbu     t2, -408(a6)
core   0: 3 0x8000895c (0xe6884383) x 7 0x00000000 mem 0x8001f5bc
core   0: 0x80008960 (0xe6680423) sb      t1, -408(a6)
core   0: 3 0x80008960 (0xe6680423) mem 0x8001f5bc 0x0
core   0: 0x80008964 (0xe6880e03) lb      t3, -408(a6)
core   0: 3 0x80008964 (0xe6880e03) x28 0x00000000 mem 0x8001f5bc
core   0: 0x80008968 (0xe6880a83) lb      s5, -408(a6)
core   0: 3 0x80008968 (0xe6880a83) x21 0x00000000 mem 0x8001f5bc
core   0: 0x8000896c (0x18681d23) sh      t1, 410(a6)
core   0: 3 0x8000896c (0x18681d23) mem 0x8001f8ee 0x0000
core   0: 0x80008970 (0x5ae13013) sltiu   zero, sp, 1454
core   0: 3 0x80008970 (0x5ae13013)
core   0: 0x80008974 (0x00005a7d) c.li    s4, -1
core   0: 3 0x80008974 (0x5a7d) x20 0xffffffff
core   0: 0x80008976 (0x9c080523) sb      zero, -1590(a6)
core   0: 3 0x80008976 (0x9c080523) mem 0x8001f11e 0x0
core   0: 0x8000897a (0x9ca80383) lb      t2, -1590(a6)
core   0: 3 0x8000897a (0x9ca80383) x 7 0x00000000 mem 0x8001f11e
core   0: 0x8000897e (0x00006f79) c.lui   t5, 0x1e
core   0: 3 0x8000897e (0x6f79) x30 0x0001e000
core   0: 0x80008980 (0x9ca84a83) lbu     s5, -1590(a6)
core   0: 3 0x80008980 (0x9ca84a83) x21 0x00000000 mem 0x8001f11e
core   0: 0x80008984 (0x79784583) lbu     a1, 1943(a6)
core   0: 3 0x80008984 (0x79784583) x11 0x00000000 mem 0x8001feeb
core   0: 0x80008988 (0x8f784b83) lbu     s7, -1801(a6)
core   0: 3 0x80008988 (0x8f784b83) x23 0x00000000 mem 0x8001f04b
core   0: 0x8000898c (0x8ff80ba3) sb      t6, -1801(a6)
core   0: 3 0x8000898c (0x8ff80ba3) mem 0x8001f04b 0x0
core   0: 0x80008990 (0x8f784a83) lbu     s5, -1801(a6)
core   0: 3 0x80008990 (0x8f784a83) x21 0x00000000 mem 0x8001f04b
core   0: 0x80008994 (0x0000bd97) auipc   s11, 0xb
core   0: 3 0x80008994 (0x0000bd97) x27 0x80013994
core   0: 0x80008998 (0x661d8d93) addi    s11, s11, 1633
core   0: 3 0x80008998 (0x661d8d93) x27 0x80013ff5
core   0: 0x8000899c (0xf9cd8103) lb      sp, -100(s11)
core   0: 3 0x8000899c (0xf9cd8103) x 2 0x00000000 mem 0x80013f91
core   0: 0x800089a0 (0xa30d8983) lb      s3, -1488(s11)
core   0: 3 0x800089a0 (0xa30d8983) x19 0x00000000 mem 0x80013a25
core   0: 0x800089a4 (0x00008be9) c.andi  a5, 26
core   0: 3 0x800089a4 (0x8be9) x15 0x00000000
core   0: 0x800089a6 (0xd5ddcf03) lbu     t5, -675(s11)
core   0: 3 0x800089a6 (0xd5ddcf03) x30 0x00000000 mem 0x80013d52
core   0: 0x800089aa (0xb11d9ba3) sh      a7, -1257(s11)
core   0: 3 0x800089aa (0xb11d9ba3) mem 0x80013b0c 0x9ae4
core   0: 0x800089ae (0x000092ce) c.add   t0, s3
core   0: 3 0x800089ae (0x92ce) x 5 0x00000000
core   0: 0x800089b0 (0x987d8c23) sb      t2, -1640(s11)
core   0: 3 0x800089b0 (0x987d8c23) mem 0x8001398d 0x0
core   0: 0x800089b4 (0xeb3dce03) lbu     t3, -333(s11)
core   0: 3 0x800089b4 (0xeb3dce03) x28 0x00000000 mem 0x80013ea8
core   0: 0x800089b8 (0x011dc583) lbu     a1, 17(s11)
core   0: 3 0x800089b8 (0x011dc583) x11 0x00000000 mem 0x80014006
core   0: 0x800089bc (0xa75d9d03) lh      s10, -1419(s11)
core   0: 3 0x800089bc (0xa75d9d03) x26 0x00003cb4 mem 0x80013a6a
core   0: 0x800089c0 (0xa85d8123) sb      t0, -1406(s11)
core   0: 3 0x800089c0 (0xa85d8123) mem 0x80013a77 0x0
core   0: 0x800089c4 (0x94fda403) lw      s0, -1713(s11)
core   0: 3 0x800089c4 (0x94fda403) x 8 0x000035c4 mem 0x80013944
core   0: 0x800089c8 (0x9e9dd803) lhu     a6, -1559(s11)
core   0: 3 0x800089c8 (0x9e9dd803) x16 0x00000000 mem 0x800139de
core   0: 0x800089cc (0x0394ba33) mulhu   s4, s1, s9
core   0: 3 0x800089cc (0x0394ba33) x20 0x00000000
core   0: 0x800089d0 (0x9e9d8403) lb      s0, -1559(s11)
core   0: 3 0x800089d0 (0x9e9d8403) x 8 0x00000000 mem 0x800139de
core   0: 0x800089d4 (0x007d9303) lh      t1, 7(s11)
core   0: 3 0x800089d4 (0x007d9303) x 6 0x00000000 mem 0x80013ffc
core   0: 0x800089d8 (0x008da3a3) sw      s0, 7(s11)
core   0: 3 0x800089d8 (0x008da3a3) mem 0x80013ffc 0x00000000
core   0: 0x800089dc (0x9c7dd703) lhu     a4, -1593(s11)
core   0: 3 0x800089dc (0x9c7dd703) x14 0x00000000 mem 0x800139bc
core   0: 0x800089e0 (0xb8bdc083) lbu     ra, -1141(s11)
core   0: 3 0x800089e0 (0xb8bdc083) x 1 0x00000000 mem 0x80013b80
core   0: 0x800089e4 (0xce4d8a23) sb      tp, -780(s11)
core   0: 3 0x800089e4 (0xce4d8a23) mem 0x80013ce9 0x0
core   0: 0x800089e8 (0x417cd013) srai    zero, s9, 23
core   0: 3 0x800089e8 (0x417cd013)
core   0: 0x800089ec (0x00000a8c) c.addi4spn a1, sp, 336
core   0: 3 0x800089ec (0x0a8c) x11 0x00000150
core   0: 0x800089ee (0xdb6d8b83) lb      s7, -586(s11)
core   0: 3 0x800089ee (0xdb6d8b83) x23 0x00000000 mem 0x80013dab
core   0: 0x800089f2 (0xf9cdcf83) lbu     t6, -100(s11)
core   0: 3 0x800089f2 (0xf9cdcf83) x31 0x00000000 mem 0x80013f91
core   0: 0x800089f6 (0x0001aa17) auipc   s4, 0x1a
core   0: 3 0x800089f6 (0x0001aa17) x20 0x800229f6
core   0: 0x800089fa (0xbc9a0a13) addi    s4, s4, -1079
core   0: 3 0x800089fa (0xbc9a0a13) x20 0x800225bf
core   0: 0x800089fe (0x0000bb17) auipc   s6, 0xb
core   0: 3 0x800089fe (0x0000bb17) x22 0x800139fe
core   0: 0x80008a02 (0x0cbb0b13) addi    s6, s6, 203
core   0: 3 0x80008a02 (0x0cbb0b13) x22 0x80013ac9
core   0: 0x80008a06 (0xffdb0a83) lb      s5, -3(s6)
core   0: 3 0x80008a06 (0xffdb0a83) x21 0x00000000 mem 0x80013ac6
core   0: 0x80008a0a (0xf97a1103) lh      sp, -105(s4)
core   0: 3 0x80008a0a (0xf97a1103) x 2 0x00006700 mem 0x80022556
core   0: 0x80008a0e (0xfefb0103) lb      sp, -17(s6)
core   0: 3 0x80008a0e (0xfefb0103) x 2 0x00000000 mem 0x80013ab8
core   0: 0x80008a12 (0x0c7a5c03) lhu     s8, 199(s4)
core   0: 3 0x80008a12 (0x0c7a5c03) x24 0x00000000 mem 0x80022686
core   0: 0x80008a16 (0x00ab4183) lbu     gp, 10(s6)
core   0: 3 0x80008a16 (0x00ab4183) x 3 0x00000000 mem 0x80013ad3
core   0: 0x80008a1a (0x02bb1a83) lh      s5, 43(s6)
core   0: 3 0x80008a1a (0x02bb1a83) x21 0x00000000 mem 0x80013af4
core   0: 0x80008a1e (0x01ea0e83) lb      t4, 30(s4)
core   0: 3 0x80008a1e (0x01ea0e83) x29 0x00000000 mem 0x800225dd
core   0: 0x80008a22 (0x024b4b83) lbu     s7, 36(s6)
core   0: 3 0x80008a22 (0x024b4b83) x23 0x00000030 mem 0x80013aed
core   0: 0x80008a26 (0xfeeb0403) lb      s0, -18(s6)
core   0: 3 0x80008a26 (0xfeeb0403) x 8 0x00000000 mem 0x80013ab7
core   0: 0x80008a2a (0xfceb29a3) sw      a4, -45(s6)
core   0: 3 0x80008a2a (0xfceb29a3) mem 0x80013a9c 0x00000000
core   0: 0x80008a2e (0xfb3a1083) lh      ra, -77(s4)
core   0: 3 0x80008a2e (0xfb3a1083) x 1 0x00000000 mem 0x80022572
core   0: 0x80008a32 (0xfd0b0e03) lb      t3, -48(s6)
core   0: 3 0x80008a32 (0xfd0b0e03) x28 0x00000000 mem 0x80013a99
core   0: 0x80008a36 (0xf76a0703) lb      a4, -138(s4)
core   0: 3 0x80008a36 (0xf76a0703) x14 0x00000000 mem 0x80022535
core   0: 0x80008a3a (0xf29a1083) lh      ra, -215(s4)
core   0: 3 0x80008a3a (0xf29a1083) x 1 0x00000000 mem 0x800224e8
core   0: 0x80008a3e (0xfcdb02a3) sb      a3, -59(s6)
core   0: 3 0x80008a3e (0xfcdb02a3) mem 0x80013a8e 0x81
core   0: 0x80008a42 (0x031a5e83) lhu     t4, 49(s4)
core   0: 3 0x80008a42 (0x031a5e83) x29 0x00000000 mem 0x800225f0
core   0: 0x80008a46 (0xf8da4e83) lbu     t4, -115(s4)
core   0: 3 0x80008a46 (0xf8da4e83) x29 0x000000e4 mem 0x8002254c
core   0: 0x80008a4a (0xfcfb0623) sb      a5, -52(s6)
core   0: 3 0x80008a4a (0xfcfb0623) mem 0x80013a95 0x0
core   0: 0x80008a4e (0x00015e17) auipc   t3, 0x15
core   0: 3 0x80008a4e (0x00015e17) x28 0x8001da4e
core   0: 0x80008a52 (0x045e0e13) addi    t3, t3, 69
core   0: 3 0x80008a52 (0x045e0e13) x28 0x8001da93
core   0: 0x80008a56 (0xffce4083) lbu     ra, -4(t3)
core   0: 3 0x80008a56 (0xffce4083) x 1 0x00000000 mem 0x8001da8f
core   0: 0x80008a5a (0x0000b817) auipc   a6, 0xb
core   0: 3 0x80008a5a (0x0000b817) x16 0x80013a5a
core   0: 0x80008a5e (0x98480813) addi    a6, a6, -1660
core   0: 3 0x80008a5e (0x98480813) x16 0x800133de
core   0: 0x80008a62 (0xfca82603) lw      a2, -54(a6)
core   0: 3 0x80008a62 (0xfca82603) x12 0x00000000 mem 0x800133a8
core   0: 0x80008a66 (0xff681083) lh      ra, -10(a6)
core   0: 3 0x80008a66 (0xff681083) x 1 0x00000000 mem 0x800133d4
core   0: 0x80008a6a (0xfdde4f83) lbu     t6, -35(t3)
core   0: 3 0x80008a6a (0xfdde4f83) x31 0x00000000 mem 0x8001da70
core   0: 0x80008a6e (0xfec85b83) lhu     s7, -20(a6)
core   0: 3 0x80008a6e (0xfec85b83) x23 0x00000000 mem 0x800133ca
core   0: 0x80008a72 (0xfe984d83) lbu     s11, -23(a6)
core   0: 3 0x80008a72 (0xfe984d83) x27 0x00000000 mem 0x800133c7
core   0: 0x80008a76 (0x02984603) lbu     a2, 41(a6)
core   0: 3 0x80008a76 (0x02984603) x12 0x00000000 mem 0x80013407
core   0: 0x80008a7a (0xfd4e0923) sb      s4, -46(t3)
core   0: 3 0x80008a7a (0xfd4e0923) mem 0x8001da65 0xbf
core   0: 0x80008a7e (0xfe984383) lbu     t2, -23(a6)
core   0: 3 0x80008a7e (0xfe984383) x 7 0x00000000 mem 0x800133c7
core   0: 0x80008a82 (0xfdce0f23) sb      t3, -34(t3)
core   0: 3 0x80008a82 (0xfdce0f23) mem 0x8001da71 0x93
core   0: 0x80008a86 (0xfc280d03) lb      s10, -62(a6)
core   0: 3 0x80008a86 (0xfc280d03) x26 0x00000000 mem 0x800133a0
core   0: 0x80008a8a (0x03ee1ba3) sh      t5, 55(t3)
core   0: 3 0x80008a8a (0x03ee1ba3) mem 0x8001daca 0x0000
core   0: 0x80008a8e (0xff180283) lb      t0, -15(a6)
core   0: 3 0x80008a8e (0xff180283) x 5 0x00000000 mem 0x800133cf
core   0: 0x80008a92 (0x011803a3) sb      a7, 7(a6)
core   0: 3 0x80008a92 (0x011803a3) mem 0x800133e5 0xe4
core   0: 0x80008a96 (0x0000b117) auipc   sp, 0xb
core   0: 3 0x80008a96 (0x0000b117) x 2 0x80013a96
core   0: 0x80008a9a (0x98f10113) addi    sp, sp, -1649
core   0: 3 0x80008a9a (0x98f10113) x 2 0x80013425
core   0: 0x80008a9e (0x00000459) c.addi  s0, 22
core   0: 3 0x80008a9e (0x0459) x 8 0x00000016
core   0: 0x80008aa0 (0xc6915083) lhu     ra, -919(sp)
core   0: 3 0x80008aa0 (0xc6915083) x 1 0x00000000 mem 0x8001308e
core   0: 0x80008aa4 (0xd549c093) xori    ra, s3, -684
core   0: 3 0x80008aa4 (0xd549c093) x 1 0xfffffd54
core   0: 0x80008aa8 (0x40df5ab3) sra     s5, t5, a3
core   0: 3 0x80008aa8 (0x40df5ab3) x21 0x00000000
core   0: 0x80008aac (0x014e5d33) srl     s10, t3, s4
core   0: 3 0x80008aac (0x014e5d33) x26 0x00000001
core   0: 0x80008ab0 (0x00018633) add     a2, gp, zero
core   0: 3 0x80008ab0 (0x00018633) x12 0x00000000
core   0: 0x80008ab4 (0x73cf4e13) xori    t3, t5, 1852
core   0: 3 0x80008ab4 (0x73cf4e13) x28 0x0000073c
core   0: 0x80008ab8 (0x54114383) lbu     t2, 1345(sp)
core   0: 3 0x80008ab8 (0x54114383) x 7 0x00000000 mem 0x80013966
core   0: 0x80008abc (0x014e1f93) slli    t6, t3, 20
core   0: 3 0x80008abc (0x014e1f93) x31 0x73c00000
core   0: 0x80008ac0 (0x0000845a) c.mv    s0, s6
core   0: 3 0x80008ac0 (0x845a) x 8 0x80013ac9
core   0: 0x80008ac2 (0x1ef11f03) lh      t5, 495(sp)
core   0: 3 0x80008ac2 (0x1ef11f03) x30 0x00000000 mem 0x80013614
core   0: 0x80008ac6 (0xe6d11783) lh      a5, -403(sp)
core   0: 3 0x80008ac6 (0xe6d11783) x15 0xffff8002 mem 0x80013292
core   0: 0x80008aca (0x586e4417) auipc   s0, 0x586e4
core   0: 3 0x80008aca (0x586e4417) x 8 0xd86ecaca
core   0: 0x80008ace (0x00008d99) c.sub   a1, a4
core   0: 3 0x80008ace (0x8d99) x11 0x00000150
core   0: 0x80008ad0 (0x007036b3) snez    a3, t2
core   0: 3 0x80008ad0 (0x007036b3) x13 0x00000000
core   0: 0x80008ad4 (0x45010e23) sb      a6, 1116(sp)
core   0: 3 0x80008ad4 (0x45010e23) mem 0x80013881 0xde
core   0: 0x80008ad8 (0xb22f9737) lui     a4, 0xb22f9
core   0: 3 0x80008ad8 (0xb22f9737) x14 0xb22f9000
core   0: 0x80008adc (0x00006659) c.lui   a2, 0x16
core   0: 3 0x80008adc (0x6659) x12 0x00016000
core   0: 0x80008ade (0x50814f83) lbu     t6, 1288(sp)
core   0: 3 0x80008ade (0x50814f83) x31 0x00000000 mem 0x8001392d
core   0: 0x80008ae2 (0xf6f14c03) lbu     s8, -145(sp)
core   0: 3 0x80008ae2 (0xf6f14c03) x24 0x00000000 mem 0x80013394
core   0: 0x80008ae6 (0xcc410083) lb      ra, -828(sp)
core   0: 3 0x80008ae6 (0xcc410083) x 1 0x00000000 mem 0x800130e9
core   0: 0x80008aea (0x00008e21) c.xor   a2, s0
core   0: 3 0x80008aea (0x8e21) x12 0xd86faaca
core   0: 0x80008aec (0x0056b6b3) sltu    a3, a3, t0
core   0: 3 0x80008aec (0x0056b6b3) x13 0x00000000
core   0: 0x80008af0 (0x00008c19) c.sub   s0, a4
core   0: 3 0x80008af0 (0x8c19) x 8 0x263f3aca
core   0: 0x80008af2 (0xe19b9d97) auipc   s11, 0xe19b9
core   0: 3 0x80008af2 (0xe19b9d97) x27 0x619c1af2
core   0: 0x80008af6 (0x0001d093) srli    ra, gp, 0
core   0: 3 0x80008af6 (0x0001d093) x 1 0x00000000
core   0: 0x80008afa (0x00008dd5) c.or    a1, a3
core   0: 3 0x80008afa (0x8dd5) x11 0x00000150
core   0: 0x80008afc (0xdb910c03) lb      s8, -583(sp)
core   0: 3 0x80008afc (0xdb910c03) x24 0x00000000 mem 0x800131de
core   0: 0x80008b00 (0x00006295) c.lui   t0, 0x5
core   0: 3 0x80008b00 (0x6295) x 5 0x00005000
core   0: 0x80008b02 (0x4080d033) sra     zero, ra, s0
core   0: 3 0x80008b02 (0x4080d033)
core   0: 0x80008b06 (0xca8129a3) sw      s0, -845(sp)
core   0: 3 0x80008b06 (0xca8129a3) mem 0x800130d8 0x263f3aca
core   0: 0x80008b0a (0x36f125a3) sw      a5, 875(sp)
core   0: 3 0x80008b0a (0x36f125a3) mem 0x80013790 0xffff8002
core   0: 0x80008b0e (0x06814e83) lbu     t4, 104(sp)
core   0: 3 0x80008b0e (0x06814e83) x29 0x00000000 mem 0x8001348d
core   0: 0x80008b12 (0x001fdbb3) srl     s7, t6, ra
core   0: 3 0x80008b12 (0x001fdbb3) x23 0x00000000
core   0: 0x80008b16 (0x1cb64b13) xori    s6, a2, 459
core   0: 3 0x80008b16 (0x1cb64b13) x22 0xd86fab01
core   0: 0x80008b1a (0x00fa6333) or      t1, s4, a5
core   0: 3 0x80008b1a (0x00fa6333) x 6 0xffffa5bf
core   0: 0x80008b1e (0x537112a3) sh      s7, 1317(sp)
core   0: 3 0x80008b1e (0x537112a3) mem 0x8001394a 0x0000
core   0: 0x80008b22 (0x70d10d23) sb      a3, 1818(sp)
core   0: 3 0x80008b22 (0x70d10d23) mem 0x80013b3f 0x0
core   0: 0x80008b26 (0xd6a117a3) sh      a0, -657(sp)
core   0: 3 0x80008b26 (0xd6a117a3) mem 0x80013194 0x21da
core   0: 0x80008b2a (0x00012c17) auipc   s8, 0x12
core   0: 3 0x80008b2a (0x00012c17) x24 0x8001ab2a
core   0: 0x80008b2e (0x970c0c13) addi    s8, s8, -1680
core   0: 3 0x80008b2e (0x970c0c13) x24 0x8001a49a
core   0: 0x80008b32 (0x0000be17) auipc   t3, 0xb
core   0: 3 0x80008b32 (0x0000be17) x28 0x80013b32
core   0: 0x80008b36 (0xa7de0e13) addi    t3, t3, -1411
core   0: 3 0x80008b36 (0xa7de0e13) x28 0x800135af
core   0: 0x80008b3a (0xff8c0f83) lb      t6, -8(s8)
core   0: 3 0x80008b3a (0xff8c0f83) x31 0x00000000 mem 0x8001a492
core   0: 0x80008b3e (0x005e16a3) sh      t0, 13(t3)
core   0: 3 0x80008b3e (0x005e16a3) mem 0x800135bc 0x5000
core   0: 0x80008b42 (0x00dc4c83) lbu     s9, 13(s8)
core   0: 3 0x80008b42 (0x00dc4c83) x25 0x00000000 mem 0x8001a4a7
core   0: 0x80008b46 (0xfc0c0303) lb      t1, -64(s8)
core   0: 3 0x80008b46 (0xfc0c0303) x 6 0x00000000 mem 0x8001a45a
core   0: 0x80008b4a (0xff4e0f23) sb      s4, -2(t3)
core   0: 3 0x80008b4a (0xff4e0f23) mem 0x800135ad 0xbf
core   0: 0x80008b4e (0xfd0c4203) lbu     tp, -48(s8)
core   0: 3 0x80008b4e (0xfd0c4203) x 4 0x00000000 mem 0x8001a46a
core   0: 0x80008b52 (0xfece0c23) sb      a2, -8(t3)
core   0: 3 0x80008b52 (0xfece0c23) mem 0x800135a7 0xca
core   0: 0x80008b56 (0xfdfe0683) lb      a3, -33(t3)
core   0: 3 0x80008b56 (0xfdfe0683) x13 0x00000000 mem 0x8001358e
core   0: 0x80008b5a (0x02ec0ca3) sb      a4, 57(s8)
core   0: 3 0x80008b5a (0x02ec0ca3) mem 0x8001a4d3 0x0
core   0: 0x80008b5e (0xfe1c0f83) lb      t6, -31(s8)
core   0: 3 0x80008b5e (0xfe1c0f83) x31 0x00000000 mem 0x8001a47b
core   0: 0x80008b62 (0x02fc4b03) lbu     s6, 47(s8)
core   0: 3 0x80008b62 (0x02fc4b03) x22 0x00000000 mem 0x8001a4c9
core   0: 0x80008b66 (0x038e4703) lbu     a4, 56(t3)
core   0: 3 0x80008b66 (0x038e4703) x14 0x00000000 mem 0x800135e7
core   0: 0x80008b6a (0xfccc0aa3) sb      a2, -43(s8)
core   0: 3 0x80008b6a (0xfccc0aa3) mem 0x8001a46f 0xca
core   0: 0x80008b6e (0xffde4f03) lbu     t5, -3(t3)
core   0: 3 0x80008b6e (0xffde4f03) x30 0x00000000 mem 0x800135ac
core   0: 0x80008b72 (0xff9c0aa3) sb      s9, -11(s8)
core   0: 3 0x80008b72 (0xff9c0aa3) mem 0x8001a48f 0x0
core   0: 0x80008b76 (0xff1e4683) lbu     a3, -15(t3)
core   0: 3 0x80008b76 (0xff1e4683) x13 0x00000000 mem 0x800135a0
core   0: 0x80008b7a (0x017c4e83) lbu     t4, 23(s8)
core   0: 3 0x80008b7a (0x017c4e83) x29 0x00000000 mem 0x8001a4b1
core   0: 0x80008b7e (0x0000b617) auipc   a2, 0xb
core   0: 3 0x80008b7e (0x0000b617) x12 0x80013b7e
core   0: 0x80008b82 (0xb7b60613) addi    a2, a2, -1157
core   0: 3 0x80008b82 (0xb7b60613) x12 0x800136f9
core   0: 0x80008b86 (0x97060003) lb      zero, -1680(a2)
core   0: 3 0x80008b86 (0x97060003) mem 0x80013069
core   0: 0x80008b8a (0xd4dc8a13) addi    s4, s9, -691
core   0: 3 0x80008b8a (0xd4dc8a13) x20 0xfffffd4d
core   0: 0x80008b8e (0x02a93733) mulhu   a4, s2, a0
core   0: 3 0x80008b8e (0x02a93733) x14 0x7ea1d618
core   0: 0x80008b92 (0x00000001) c.nop
core   0: 3 0x80008b92 (0x0001)
core   0: 0x80008b94 (0x30160303) lb      t1, 769(a2)
core   0: 3 0x80008b94 (0x30160303) x 6 0x00000000 mem 0x800139fa
core   0: 0x80008b98 (0x0000841d) c.srai  s0, 7
core   0: 3 0x80008b98 (0x841d) x 8 0x004c7e75
core   0: 0x80008b9a (0x00008b01) c.andi  a4, 0
core   0: 3 0x80008b9a (0x8b01) x14 0x00000000
core   0: 0x80008b9c (0x2719f693) andi    a3, s3, 625
core   0: 3 0x80008b9c (0x2719f693) x13 0x00000000
core   0: 0x80008ba0 (0xb9764e83) lbu     t4, -1129(a2)
core   0: 3 0x80008ba0 (0xb9764e83) x29 0x00000000 mem 0x80013290
core   0: 0x80008ba4 (0x029350b3) divu    ra, t1, s1
core   0: 3 0x80008ba4 (0x029350b3) x 1 0x00000000
core   0: 0x80008ba8 (0xf9e60983) lb      s3, -98(a2)
core   0: 3 0x80008ba8 (0xf9e60983) x19 0x00000000 mem 0x80013697
core   0: 0x80008bac (0x0309f6b3) remu    a3, s3, a6
core   0: 3 0x80008bac (0x0309f6b3) x13 0x00000000
core   0: 0x80008bb0 (0x00ae4db3) xor     s11, t3, a0
core   0: 3 0x80008bb0 (0x00ae4db3) x27 0x7d3f1475
core   0: 0x80008bb4 (0x0000100f) fence.i
core   0: 3 0x80008bb4 (0x0000100f)
core   0: 0x80008bb8 (0x00008f2d) c.xor   a4, a1
core   0: 3 0x80008bb8 (0x8f2d) x14 0x00000150
core   0: 0x80008bba (0xe3961703) lh      a4, -455(a2)
core   0: 3 0x80008bba (0xe3961703) x14 0x00000000 mem 0x80013532
core   0: 0x80008bbe (0x74664e83) lbu     t4, 1862(a2)
core   0: 3 0x80008bbe (0x74664e83) x29 0x00000000 mem 0x80013e3f
core   0: 0x80008bc2 (0x00009cd2) c.add   s9, s4
core   0: 3 0x80008bc2 (0x9cd2) x25 0xfffffd4d
core   0: 0x80008bc4 (0x00000001) c.nop
core   0: 3 0x80008bc4 (0x0001)
core   0: 0x80008bc6 (0x02efcbb3) div     s7, t6, a4
core   0: 3 0x80008bc6 (0x02efcbb3) x23 0xffffffff
core   0: 0x80008bca (0x6c702993) slti    s3, zero, 1735
core   0: 3 0x80008bca (0x6c702993) x19 0x00000001
core   0: 0x80008bce (0x40d78833) sub     a6, a5, a3
core   0: 3 0x80008bce (0x40d78833) x16 0xffff8002
core   0: 0x80008bd2 (0x03ac7cb3) remu    s9, s8, s10
core   0: 3 0x80008bd2 (0x03ac7cb3) x25 0x00000000
core   0: 0x80008bd6 (0x40d85993) srai    s3, a6, 13
core   0: 3 0x80008bd6 (0x40d85993) x19 0xfffffffc
core   0: 0x80008bda (0x1f647a37) lui     s4, 0x1f647
core   0: 3 0x80008bda (0x1f647a37) x20 0x1f647000
core   0: 0x80008bde (0x000e6a33) or      s4, t3, zero
core   0: 3 0x80008bde (0x000e6a33) x20 0x800135af
core   0: 0x80008be2 (0x00008b85) c.andi  a5, 1
core   0: 3 0x80008be2 (0x8b85) x15 0x00000000
core   0: 0x80008be4 (0x34687893) andi    a7, a6, 838
core   0: 3 0x80008be4 (0x34687893) x17 0x00000002
core   0: 0x80008be8 (0x00482fb3) slt     t6, a6, tp
core   0: 3 0x80008be8 (0x00482fb3) x31 0x00000001
core   0: 0x80008bec (0xb3661ea3) sh      s6, -1219(a2)
core   0: 3 0x80008bec (0xb3661ea3) mem 0x80013236 0x0000
core   0: 0x80008bf0 (0x033745b3) div     a1, a4, s3
core   0: 3 0x80008bf0 (0x033745b3) x11 0x00000000
core   0: 0x80008bf4 (0x00008f15) c.sub   a4, a3
core   0: 3 0x80008bf4 (0x8f15) x14 0x00000000
core   0: 0x80008bf6 (0x00006131) c.addi16sp sp, 320
core   0: 3 0x80008bf6 (0x6131) x 2 0x80013565
core   0: 0x80008bf8 (0x000097ae) c.add   a5, a1
core   0: 3 0x80008bf8 (0x97ae) x15 0x00000000
core   0: 0x80008bfa (0x60064e03) lbu     t3, 1536(a2)
core   0: 3 0x80008bfa (0x60064e03) x28 0x00000000 mem 0x80013cf9
core   0: 0x80008bfe (0x016b6e33) or      t3, s6, s6
core   0: 3 0x80008bfe (0x016b6e33) x28 0x00000000
core   0: 0x80008c02 (0xd5a64803) lbu     a6, -678(a2)
core   0: 3 0x80008c02 (0xd5a64803) x16 0x00000000 mem 0x80013453
core   0: 0x80008c06 (0x0251cfb3) div     t6, gp, t0
core   0: 3 0x80008c06 (0x0251cfb3) x31 0x00000000
core   0: 0x80008c0a (0x4fc60f03) lb      t5, 1276(a2)
core   0: 3 0x80008c0a (0x4fc60f03) x30 0x00000000 mem 0x80013bf5
core   0: 0x80008c0e (0x0000b797) auipc   a5, 0xb
core   0: 3 0x80008c0e (0x0000b797) x15 0x80013c0e
core   0: 0x80008c12 (0x27d78793) addi    a5, a5, 637
core   0: 3 0x80008c12 (0x27d78793) x15 0x80013e8b
core   0: 0x80008c16 (0xf7878183) lb      gp, -136(a5)
core   0: 3 0x80008c16 (0xf7878183) x 3 0x00000000 mem 0x80013e03
core   0: 0x80008c1a (0xf787c203) lbu     tp, -136(a5)
core   0: 3 0x80008c1a (0xf787c203) x 4 0x00000000 mem 0x80013e03
core   0: 0x80008c1e (0xf7878003) lb      zero, -136(a5)
core   0: 3 0x80008c1e (0xf7878003) mem 0x80013e03
core   0: 0x80008c22 (0xf787c403) lbu     s0, -136(a5)
core   0: 3 0x80008c22 (0xf787c403) x 8 0x00000000 mem 0x80013e03
core   0: 0x80008c26 (0xf7878383) lb      t2, -136(a5)
core   0: 3 0x80008c26 (0xf7878383) x 7 0x00000000 mem 0x80013e03
core   0: 0x80008c2a (0x03f79ba3) sh      t6, 55(a5)
core   0: 3 0x80008c2a (0x03f79ba3) mem 0x80013ec2 0x0000
core   0: 0x80008c2e (0x000081d1) c.srli  a1, 20
core   0: 3 0x80008c2e (0x81d1) x11 0x00000000
core   0: 0x80008c30 (0x010af433) and     s0, s5, a6
core   0: 3 0x80008c30 (0x010af433) x 8 0x00000000
core   0: 0x80008c34 (0x03c79ba3) sh      t3, 55(a5)
core   0: 3 0x80008c34 (0x03c79ba3) mem 0x80013ec2 0x0000
core   0: 0x80008c38 (0x0377d803) lhu     a6, 55(a5)
core   0: 3 0x80008c38 (0x0377d803) x16 0x00000000 mem 0x80013ec2
core   0: 0x80008c3c (0x03779003) lh      zero, 55(a5)
core   0: 3 0x80008c3c (0x03779003) mem 0x80013ec2
core   0: 0x80008c40 (0x02478ba3) sb      tp, 55(a5)
core   0: 3 0x80008c40 (0x02478ba3) mem 0x80013ec2 0x0
core   0: 0x80008c44 (0x03f78ba3) sb      t6, 55(a5)
core   0: 3 0x80008c44 (0x03f78ba3) mem 0x80013ec2 0x0
core   0: 0x80008c48 (0x00ec5413) srli    s0, s8, 14
core   0: 3 0x80008c48 (0x00ec5413) x 8 0x00020006
core   0: 0x80008c4c (0x03079ba3) sh      a6, 55(a5)
core   0: 3 0x80008c4c (0x03079ba3) mem 0x80013ec2 0x0000
core   0: 0x80008c50 (0x03579ba3) sh      s5, 55(a5)
core   0: 3 0x80008c50 (0x03579ba3) mem 0x80013ec2 0x0000
core   0: 0x80008c54 (0x0377d283) lhu     t0, 55(a5)
core   0: 3 0x80008c54 (0x0377d283) x 5 0x00000000 mem 0x80013ec2
core   0: 0x80008c58 (0x000088d2) c.mv    a7, s4
core   0: 3 0x80008c58 (0x88d2) x17 0x800135af
core   0: 0x80008c5a (0x41400b33) sub     s6, zero, s4
core   0: 3 0x80008c5a (0x41400b33) x22 0x7ffeca51
core   0: 0x80008c5e (0xfde78b23) sb      t5, -42(a5)
core   0: 3 0x80008c5e (0xfde78b23) mem 0x80013e61 0x0
core   0: 0x80008c62 (0x0262c733) div     a4, t0, t1
core   0: 3 0x80008c62 (0x0262c733) x14 0xffffffff
core   0: 0x80008c66 (0xfd67c403) lbu     s0, -42(a5)
core   0: 3 0x80008c66 (0xfd67c403) x 8 0x00000000 mem 0x80013e61
core   0: 0x80008c6a (0xfd678f83) lb      t6, -42(a5)
core   0: 3 0x80008c6a (0xfd678f83) x31 0x00000000 mem 0x80013e61
core   0: 0x80008c6e (0xfd67ce83) lbu     t4, -42(a5)
core   0: 3 0x80008c6e (0xfd67ce83) x29 0x00000000 mem 0x80013e61
core   0: 0x80008c72 (0x0000b117) auipc   sp, 0xb
core   0: 3 0x80008c72 (0x0000b117) x 2 0x80013c72
core   0: 0x80008c76 (0xbab10113) addi    sp, sp, -1109
core   0: 3 0x80008c76 (0xbab10113) x 2 0x8001381d
core   0: 0x80008c7a (0x00111283) lh      t0, 1(sp)
core   0: 3 0x80008c7a (0x00111283) x 5 0x00000000 mem 0x8001381e
core   0: 0x80008c7e (0x00c10323) sb      a2, 6(sp)
core   0: 3 0x80008c7e (0x00c10323) mem 0x80013823 0xf9
core   0: 0x80008c82 (0x00d10623) sb      a3, 12(sp)
core   0: 3 0x80008c82 (0x00d10623) mem 0x80013829 0x0
core   0: 0x80008c86 (0x019a59b3) srl     s3, s4, s9
core   0: 3 0x80008c86 (0x019a59b3) x19 0x800135af
core   0: 0x80008c8a (0xffb11983) lh      s3, -5(sp)
core   0: 3 0x80008c8a (0xffb11983) x19 0x00000000 mem 0x80013818
core   0: 0x80008c8e (0x028e91b3) mulh    gp, t4, s0
core   0: 3 0x80008c8e (0x028e91b3) x 3 0x00000000
core   0: 0x80008c92 (0x00d10723) sb      a3, 14(sp)
core   0: 3 0x80008c92 (0x00d10723) mem 0x8001382b 0x0
core   0: 0x80008c96 (0x00c10003) lb      zero, 12(sp)
core   0: 3 0x80008c96 (0x00c10003) mem 0x80013829
core   0: 0x80008c9a (0xff610ca3) sb      s6, -7(sp)
core   0: 3 0x80008c9a (0xff610ca3) mem 0x80013816 0x51
core   0: 0x80008c9e (0x032f3e33) mulhu   t3, t5, s2
core   0: 3 0x80008c9e (0x032f3e33) x28 0x00000000
core   0: 0x80008ca2 (0x00e10823) sb      a4, 16(sp)
core   0: 3 0x80008ca2 (0x00e10823) mem 0x8001382d 0xff
core   0: 0x80008ca6 (0x00008fe9) c.and   a5, a0
core   0: 3 0x80008ca6 (0x8fe9) x15 0x8000208a
core   0: 0x80008ca8 (0x0342c8b3) div     a7, t0, s4
core   0: 3 0x80008ca8 (0x0342c8b3) x17 0x00000000
core   0: 0x80008cac (0x014127a3) sw      s4, 15(sp)
core   0: 3 0x80008cac (0x014127a3) mem 0x8001382c 0x800135af
core   0: 0x80008cb0 (0xfeb11ca3) sh      a1, -7(sp)
core   0: 3 0x80008cb0 (0xfeb11ca3) mem 0x80013816 0x0000
core   0: 0x80008cb4 (0xff614083) lbu     ra, -10(sp)
core   0: 3 0x80008cb4 (0xff614083) x 1 0x00000000 mem 0x80013813
core   0: 0x80008cb8 (0xfe110da3) sb      ra, -5(sp)
core   0: 3 0x80008cb8 (0xfe110da3) mem 0x80013818 0x0
core   0: 0x80008cbc (0x00510f83) lb      t6, 5(sp)
core   0: 3 0x80008cbc (0x00510f83) x31 0x00000000 mem 0x80013822
core   0: 0x80008cc0 (0xffd14803) lbu     a6, -3(sp)
core   0: 3 0x80008cc0 (0xffd14803) x16 0x00000000 mem 0x8001381a
core   0: 0x80008cc4 (0xff75dbb7) lui     s7, 0xff75d
core   0: 3 0x80008cc4 (0xff75dbb7) x23 0xff75d000
core   0: 0x80008cc8 (0x00314f83) lbu     t6, 3(sp)
core   0: 3 0x80008cc8 (0x00314f83) x31 0x00000000 mem 0x80013820
core   0: 0x80008ccc (0xffd15783) lhu     a5, -3(sp)
core   0: 3 0x80008ccc (0xffd15783) x15 0x00000000 mem 0x8001381a
core   0: 0x80008cd0 (0xfff11f03) lh      t5, -1(sp)
core   0: 3 0x80008cd0 (0xfff11f03) x30 0x00000000 mem 0x8001381c
core   0: 0x80008cd4 (0xfef11ea3) sh      a5, -3(sp)
core   0: 3 0x80008cd4 (0xfef11ea3) mem 0x8001381a 0x0000
core   0: 0x80008cd8 (0x01b113a3) sh      s11, 7(sp)
core   0: 3 0x80008cd8 (0x01b113a3) mem 0x80013824 0x1475
core   0: 0x80008cdc (0x039695b3) mulh    a1, a3, s9
core   0: 3 0x80008cdc (0x039695b3) x11 0x00000000
core   0: 0x80008ce0 (0x0000100f) fence.i
core   0: 3 0x80008ce0 (0x0000100f)
core   0: 0x80008ce4 (0x00008b45) c.andi  a4, 17
core   0: 3 0x80008ce4 (0x8b45) x14 0x00000011
core   0: 0x80008ce6 (0x01b107a3) sb      s11, 15(sp)
core   0: 3 0x80008ce6 (0x01b107a3) mem 0x8001382c 0x75
core   0: 0x80008cea (0xff511f03) lh      t5, -11(sp)
core   0: 3 0x80008cea (0xff511f03) x30 0x00000000 mem 0x80013812
core   0: 0x80008cee (0xfe410d23) sb      tp, -6(sp)
core   0: 3 0x80008cee (0xfe410d23) mem 0x80013817 0x0
core   0: 0x80008cf2 (0x000061b1) c.lui   gp, 0xc
core   0: 3 0x80008cf2 (0x61b1) x 3 0x0000c000
core   0: 0x80008cf4 (0xff410683) lb      a3, -12(sp)
core   0: 3 0x80008cf4 (0xff410683) x13 0x00000000 mem 0x80013811
core   0: 0x80008cf8 (0xff711803) lh      a6, -9(sp)
core   0: 3 0x80008cf8 (0xff711803) x16 0x00000000 mem 0x80013814
core   0: 0x80008cfc (0x00008f3d) c.xor   a4, a5
core   0: 3 0x80008cfc (0x8f3d) x14 0x00000011
core   0: 0x80008cfe (0x00008da5) c.xor   a1, s1
core   0: 3 0x80008cfe (0x8da5) x11 0x80028e64
core   0: 0x80008d00 (0x01c10523) sb      t3, 10(sp)
core   0: 3 0x80008d00 (0x01c10523) mem 0x80013827 0x0
core   0: 0x80008d04 (0x00f12703) lw      a4, 15(sp)
core   0: 3 0x80008d04 (0x00f12703) x14 0x80013575 mem 0x8001382c
core   0: 0x80008d08 (0x020b22b3) mulhsu  t0, s6, zero
core   0: 3 0x80008d08 (0x020b22b3) x 5 0x00000000
core   0: 0x80008d0c (0x01c9c833) xor     a6, s3, t3
core   0: 3 0x80008d0c (0x01c9c833) x16 0x00000000
core   0: 0x80008d10 (0x414c5d33) sra     s10, s8, s4
core   0: 3 0x80008d10 (0x414c5d33) x26 0xffff0003
core   0: 0x80008d14 (0x00006bb1) c.lui   s7, 0xc
core   0: 3 0x80008d14 (0x6bb1) x23 0x0000c000
core   0: 0x80008d16 (0xffe10703) lb      a4, -2(sp)
core   0: 3 0x80008d16 (0xffe10703) x14 0x00000000 mem 0x8001381b
core   0: 0x80008d1a (0xffd14203) lbu     tp, -3(sp)
core   0: 3 0x80008d1a (0xffd14203) x 4 0x00000000 mem 0x8001381a
core   0: 0x80008d1e (0x00004ddd) c.li    s11, 23
core   0: 3 0x80008d1e (0x4ddd) x27 0x00000017
core   0: 0x80008d20 (0x00810383) lb      t2, 8(sp)
core   0: 3 0x80008d20 (0x00810383) x 7 0x00000014 mem 0x80013825
core   0: 0x80008d24 (0xff115803) lhu     a6, -15(sp)
core   0: 3 0x80008d24 (0xff115803) x16 0x00000000 mem 0x8001380e
core   0: 0x80008d28 (0x00019697) auipc   a3, 0x19
core   0: 3 0x80008d28 (0x00019697) x13 0x80021d28
core   0: 0x80008d2c (0xe9068693) addi    a3, a3, -368
core   0: 3 0x80008d2c (0xe9068693) x13 0x80021bb8
core   0: 0x80008d30 (0x00019817) auipc   a6, 0x19
core   0: 3 0x80008d30 (0x00019817) x16 0x80021d30
core   0: 0x80008d34 (0xe3380813) addi    a6, a6, -461
core   0: 3 0x80008d34 (0xe3380813) x16 0x80021b63
core   0: 0x80008d38 (0x0000cd17) auipc   s10, 0xc
core   0: 3 0x80008d38 (0x0000cd17) x26 0x80014d38
core   0: 0x80008d3c (0x0dbd0d13) addi    s10, s10, 219
core   0: 3 0x80008d3c (0x0dbd0d13) x26 0x80014e13
core   0: 0x80008d40 (0xf5c68283) lb      t0, -164(a3)
core   0: 3 0x80008d40 (0xf5c68283) x 5 0x00000000 mem 0x80021b14
core   0: 0x80008d44 (0x0001bc97) auipc   s9, 0x1b
core   0: 3 0x80008d44 (0x0001bc97) x25 0x80023d44
core   0: 0x80008d48 (0xbf3c8c93) addi    s9, s9, -1037
core   0: 3 0x80008d48 (0xbf3c8c93) x25 0x80023937
core   0: 0x80008d4c (0x0dcd0923) sb      t3, 210(s10)
core   0: 3 0x80008d4c (0x0dcd0923) mem 0x80014ee5 0x0
core   0: 0x80008d50 (0x01f681a3) sb      t6, 3(a3)
core   0: 3 0x80008d50 (0x01f681a3) mem 0x80021bbb 0x0
core   0: 0x80008d54 (0x00280023) sb      sp, 0(a6)
core   0: 3 0x80008d54 (0x00280023) mem 0x80021b63 0x1d
core   0: 0x80008d58 (0x0ee6dd83) lhu     s11, 238(a3)
core   0: 3 0x80008d58 (0x0ee6dd83) x27 0x00000000 mem 0x80021ca6
core   0: 0x80008d5c (0xf796ce83) lbu     t4, -135(a3)
core   0: 3 0x80008d5c (0xf796ce83) x29 0x00000000 mem 0x80021b31
core   0: 0x80008d60 (0xf096c883) lbu     a7, -247(a3)
core   0: 3 0x80008d60 (0xf096c883) x17 0x00000000 mem 0x80021ac1
core   0: 0x80008d64 (0xc46d0c03) lb      s8, -954(s10)
core   0: 3 0x80008d64 (0xc46d0c03) x24 0x00000000 mem 0x80014a59
core   0: 0x80008d68 (0x00780f83) lb      t6, 7(a6)
core   0: 3 0x80008d68 (0x00780f83) x31 0x00000000 mem 0x80021b6a
core   0: 0x80008d6c (0x69bccd83) lbu     s11, 1691(s9)
core   0: 3 0x80008d6c (0x69bccd83) x27 0x00000000 mem 0x80023fd2
core   0: 0x80008d70 (0x00004eec) c.lw    a1, 92(a3)
core   0: 3 0x80008d70 (0x4eec) x11 0x00000000 mem 0x80021c14
core   0: 0x80008d72 (0x018803a3) sb      s8, 7(a6)
core   0: 3 0x80008d72 (0x018803a3) mem 0x80021b6a 0x0
core   0: 0x80008d76 (0x00080783) lb      a5, 0(a6)
core   0: 3 0x80008d76 (0x00080783) x15 0x0000001d mem 0x80021b63
core   0: 0x80008d7a (0x125c8a23) sb      t0, 308(s9)
core   0: 3 0x80008d7a (0x125c8a23) mem 0x80023a6b 0x0
core   0: 0x80008d7e (0xf876c983) lbu     s3, -121(a3)
core   0: 3 0x80008d7e (0xf876c983) x19 0x00000000 mem 0x80021b3f
core   0: 0x80008d82 (0xffe80b23) sb      t5, -10(a6)
core   0: 3 0x80008d82 (0xffe80b23) mem 0x80021b59 0x0
core   0: 0x80008d86 (0xb74cc303) lbu     t1, -1164(s9)
core   0: 3 0x80008d86 (0xb74cc303) x 6 0x00000000 mem 0x800234ab
core   0: 0x80008d8a (0xf9568303) lb      t1, -107(a3)
core   0: 3 0x80008d8a (0xf9568303) x 6 0x00000000 mem 0x80021b4d
core   0: 0x80008d8e (0x01380723) sb      s3, 14(a6)
core   0: 3 0x80008d8e (0x01380723) mem 0x80021b71 0x0
core   0: 0x80008d92 (0xeaac94a3) sh      a0, -343(s9)
core   0: 3 0x80008d92 (0xeaac94a3) mem 0x800237e0 0x21da
core   0: 0x80008d96 (0x002822a3) sw      sp, 5(a6)
core   0: 3 0x80008d96 (0x002822a3) mem 0x80021b68 0x8001381d
core   0: 0x80008d9a (0x5b0d0303) lb      t1, 1456(s10)
core   0: 3 0x80008d9a (0x5b0d0303) x 6 0x00000000 mem 0x800153c3
core   0: 0x80008d9e (0x422d4083) lbu     ra, 1058(s10)
core   0: 3 0x80008d9e (0x422d4083) x 1 0x00000000 mem 0x80015235
core   0: 0x80008da2 (0x003806a3) sb      gp, 13(a6)
core   0: 3 0x80008da2 (0x003806a3) mem 0x80021b70 0x0
core   0: 0x80008da6 (0xf8bc9c03) lh      s8, -117(s9)
core   0: 3 0x80008da6 (0xf8bc9c03) x24 0x00000000 mem 0x800238c2
core   0: 0x80008daa (0x06768b83) lb      s7, 103(a3)
core   0: 3 0x80008daa (0x06768b83) x23 0x00000000 mem 0x80021c1f
core   0: 0x80008dae (0x244ccc03) lbu     s8, 580(s9)
core   0: 3 0x80008dae (0x244ccc03) x24 0x00000000 mem 0x80023b7b
core   0: 0x80008db2 (0x03e68fa3) sb      t5, 63(a3)
core   0: 3 0x80008db2 (0x03e68fa3) mem 0x80021bf7 0x0
core   0: 0x80008db6 (0x00780423) sb      t2, 8(a6)
core   0: 3 0x80008db6 (0x00780423) mem 0x80021b6b 0x14
core   0: 0x80008dba (0x020d0d23) sb      zero, 58(s10)
core   0: 3 0x80008dba (0x020d0d23) mem 0x80014e4d 0x0
core   0: 0x80008dbe (0x99ed0603) lb      a2, -1634(s10)
core   0: 3 0x80008dbe (0x99ed0603) x12 0x00000000 mem 0x800147b1
core   0: 0x80008dc2 (0x00019f97) auipc   t6, 0x19
core   0: 3 0x80008dc2 (0x00019f97) x31 0x80021dc2
core   0: 0x80008dc6 (0x676f8f93) addi    t6, t6, 1654
core   0: 3 0x80008dc6 (0x676f8f93) x31 0x80022438
core   0: 0x80008dca (0x03a919b3) mulh    s3, s2, s10
core   0: 3 0x80008dca (0x03a919b3) x19 0x3ffdf288
core   0: 0x80008dce (0x004af433) and     s0, s5, tp
core   0: 3 0x80008dce (0x004af433) x 8 0x00000000
core   0: 0x80008dd2 (0xff2fc983) lbu     s3, -14(t6)
core   0: 3 0x80008dd2 (0xff2fc983) x19 0x00000000 mem 0x8002242a
core   0: 0x80008dd6 (0x0000985e) c.add   a6, s7
core   0: 3 0x80008dd6 (0x985e) x16 0x80021b63
core   0: 0x80008dd8 (0xff2fdb03) lhu     s6, -14(t6)
core   0: 3 0x80008dd8 (0xff2fdb03) x22 0x00000000 mem 0x8002242a
core   0: 0x80008ddc (0xfe4f9923) sh      tp, -14(t6)
core   0: 3 0x80008ddc (0xfe4f9923) mem 0x8002242a 0x0000
core   0: 0x80008de0 (0xfe4f8923) sb      tp, -14(t6)
core   0: 3 0x80008de0 (0xfe4f8923) mem 0x8002242a 0x0
core   0: 0x80008de4 (0x026b12b3) mulh    t0, s6, t1
core   0: 3 0x80008de4 (0x026b12b3) x 5 0x00000000
core   0: 0x80008de8 (0xff2fda83) lhu     s5, -14(t6)
core   0: 3 0x80008de8 (0xff2fda83) x21 0x00000000 mem 0x8002242a
core   0: 0x80008dec (0xff2f8b83) lb      s7, -14(t6)
core   0: 3 0x80008dec (0xff2f8b83) x23 0x00000000 mem 0x8002242a
core   0: 0x80008df0 (0xfedf9923) sh      a3, -14(t6)
core   0: 3 0x80008df0 (0xfedf9923) mem 0x8002242a 0x1bb8
core   0: 0x80008df4 (0x411a8733) sub     a4, s5, a7
core   0: 3 0x80008df4 (0x411a8733) x14 0x00000000
core   0: 0x80008df8 (0xff1f9923) sh      a7, -14(t6)
core   0: 3 0x80008df8 (0xff1f9923) mem 0x8002242a 0x0000
core   0: 0x80008dfc (0xc4a24c13) xori    s8, tp, -950
core   0: 3 0x80008dfc (0xc4a24c13) x24 0xfffffc4a
core   0: 0x80008e00 (0xff2f9803) lh      a6, -14(t6)
core   0: 3 0x80008e00 (0xff2f9803) x16 0x00000000 mem 0x8002242a
core   0: 0x80008e04 (0xff0f9923) sh      a6, -14(t6)
core   0: 3 0x80008e04 (0xff0f9923) mem 0x8002242a 0x0000
core   0: 0x80008e08 (0xff2f8f03) lb      t5, -14(t6)
core   0: 3 0x80008e08 (0xff2f8f03) x30 0x00000000 mem 0x8002242a
core   0: 0x80008e0c (0x0000ab97) auipc   s7, 0xa
core   0: 3 0x80008e0c (0x0000ab97) x23 0x80012e0c
core   0: 0x80008e10 (0x2c2b8b93) addi    s7, s7, 706
core   0: 3 0x80008e10 (0x2c2b8b93) x23 0x800130ce
core   0: 0x80008e14 (0x011b8b03) lb      s6, 17(s7)
core   0: 3 0x80008e14 (0x011b8b03) x22 0x00000000 mem 0x800130df
core   0: 0x80008e18 (0x00019617) auipc   a2, 0x19
core   0: 3 0x80008e18 (0x00019617) x12 0x80021e18
core   0: 0x80008e1c (0x92560613) addi    a2, a2, -1755
core   0: 3 0x80008e1c (0x92560613) x12 0x8002173d
core   0: 0x80008e20 (0x04cbc003) lbu     zero, 76(s7)
core   0: 3 0x80008e20 (0x04cbc003) mem 0x8001311a
core   0: 0x80008e24 (0x190616a3) sh      a6, 397(a2)
core   0: 3 0x80008e24 (0x190616a3) mem 0x800218ca 0x0000
core   0: 0x80008e28 (0xd1362203) lw      tp, -749(a2)
core   0: 3 0x80008e28 (0xd1362203) x 4 0x00000000 mem 0x80021450
core   0: 0x80008e2c (0x098bc583) lbu     a1, 152(s7)
core   0: 3 0x80008e2c (0x098bc583) x11 0x00000000 mem 0x80013166
core   0: 0x80008e30 (0x0d8bd003) lhu     zero, 216(s7)
core   0: 3 0x80008e30 (0x0d8bd003) mem 0x800131a6
core   0: 0x80008e34 (0x30f60c23) sb      a5, 792(a2)
core   0: 3 0x80008e34 (0x30f60c23) mem 0x80021a55 0x1d
core   0: 0x80008e38 (0xfafb8783) lb      a5, -81(s7)
core   0: 3 0x80008e38 (0xfafb8783) x15 0x00000000 mem 0x8001307d
core   0: 0x80008e3c (0x5cd64983) lbu     s3, 1485(a2)
core   0: 3 0x80008e3c (0x5cd64983) x19 0x00000000 mem 0x80021d0a
core   0: 0x80008e40 (0x15460ba3) sb      s4, 343(a2)
core   0: 3 0x80008e40 (0x15460ba3) mem 0x80021894 0xaf
core   0: 0x80008e44 (0x04fb81a3) sb      a5, 67(s7)
core   0: 3 0x80008e44 (0x04fb81a3) mem 0x80013111 0x0
core   0: 0x80008e48 (0x1a760003) lb      zero, 423(a2)
core   0: 3 0x80008e48 (0x1a760003) mem 0x800218e4
core   0: 0x80008e4c (0x248618a3) sh      s0, 593(a2)
core   0: 3 0x80008e4c (0x248618a3) mem 0x8002198e 0x0000
core   0: 0x80008e50 (0x2f260803) lb      a6, 754(a2)
core   0: 3 0x80008e50 (0x2f260803) x16 0x00000000 mem 0x80021a2f
core   0: 0x80008e54 (0xbb860023) sb      s8, -1120(a2)
core   0: 3 0x80008e54 (0xbb860023) mem 0x800212dd 0x4a
core   0: 0x80008e58 (0xd9a64203) lbu     tp, -614(a2)
core   0: 3 0x80008e58 (0xd9a64203) x 4 0x00000000 mem 0x800214d7
core   0: 0x80008e5c (0x00010097) auipc   ra, 0x10
core   0: 3 0x80008e5c (0x00010097) x 1 0x80018e5c
core   0: 0x80008e60 (0x0d208093) addi    ra, ra, 210
core   0: 3 0x80008e60 (0x0d208093) x 1 0x80018f2e
core   0: 0x80008e64 (0x0350c203) lbu     tp, 53(ra)
core   0: 3 0x80008e64 (0x0350c203) x 4 0x00000000 mem 0x80018f63
core   0: 0x80008e68 (0xfdb08983) lb      s3, -37(ra)
core   0: 3 0x80008e68 (0xfdb08983) x19 0x00000000 mem 0x80018f09
core   0: 0x80008e6c (0xfe309223) sh      gp, -28(ra)
core   0: 3 0x80008e6c (0xfe309223) mem 0x80018f12 0xc000
core   0: 0x80008e70 (0xff10c403) lbu     s0, -15(ra)
core   0: 3 0x80008e70 (0xff10c403) x 8 0x00000000 mem 0x80018f1f
core   0: 0x80008e74 (0x41b48133) sub     sp, s1, s11
core   0: 3 0x80008e74 (0x41b48133) x 2 0x80028e64
core   0: 0x80008e78 (0x0397d733) divu    a4, a5, s9
core   0: 3 0x80008e78 (0x0397d733) x14 0x00000000
core   0: 0x80008e7c (0x027085a3) sb      t2, 43(ra)
core   0: 3 0x80008e7c (0x027085a3) mem 0x80018f59 0x14
core   0: 0x80008e80 (0x00000b75) c.addi  s6, 29
core   0: 3 0x80008e80 (0x0b75) x22 0x0000001d
core   0: 0x80008e82 (0x00808803) lb      a6, 8(ra)
core   0: 3 0x80008e82 (0x00808803) x16 0x00000000 mem 0x80018f36
core   0: 0x80008e86 (0x02c09023) sh      a2, 32(ra)
core   0: 3 0x80008e86 (0x02c09023) mem 0x80018f4e 0x173d
core   0: 0x80008e8a (0x0000dd83) lhu     s11, 0(ra)
core   0: 3 0x80008e8a (0x0000dd83) x27 0x00000000 mem 0x80018f2e
core   0: 0x80008e8e (0x01c08d03) lb      s10, 28(ra)
core   0: 3 0x80008e8e (0x01c08d03) x26 0x00000000 mem 0x80018f4a
core   0: 0x80008e92 (0x025089a3) sb      t0, 51(ra)
core   0: 3 0x80008e92 (0x025089a3) mem 0x80018f61 0x0
core   0: 0x80008e96 (0xfdb0c283) lbu     t0, -37(ra)
core   0: 3 0x80008e96 (0xfdb0c283) x 5 0x00000000 mem 0x80018f09
core   0: 0x80008e9a (0x007e5f13) srli    t5, t3, 7
core   0: 3 0x80008e9a (0x007e5f13) x30 0x00000000
core   0: 0x80008e9e (0x01908c23) sb      s9, 24(ra)
core   0: 3 0x80008e9e (0x01908c23) mem 0x80018f46 0x37
core   0: 0x80008ea2 (0xfeb08883) lb      a7, -21(ra)
core   0: 3 0x80008ea2 (0xfeb08883) x17 0x00000000 mem 0x80018f19
core   0: 0x80008ea6 (0x0d220cb7) lui     s9, 0xd220
core   0: 3 0x80008ea6 (0x0d220cb7) x25 0x0d220000
core   0: 0x80008eaa (0x008652b3) srl     t0, a2, s0
core   0: 3 0x80008eaa (0x008652b3) x 5 0x8002173d
core   0: 0x80008eae (0xfe409283) lh      t0, -28(ra)
core   0: 3 0x80008eae (0xfe409283) x 5 0xffffc000 mem 0x80018f12
core   0: 0x80008eb2 (0xfc408ea3) sb      tp, -35(ra)
core   0: 3 0x80008eb2 (0xfc408ea3) mem 0x80018f0b 0x0
core   0: 0x80008eb6 (0x03608303) lb      t1, 54(ra)
core   0: 3 0x80008eb6 (0x03608303) x 6 0x00000000 mem 0x80018f64
core   0: 0x80008eba (0xffa09383) lh      t2, -6(ra)
core   0: 3 0x80008eba (0xffa09383) x 7 0x00000000 mem 0x80018f28
core   0: 0x80008ebe (0x01755993) srli    s3, a0, 23
core   0: 3 0x80008ebe (0x01755993) x19 0x000001fa
core   0: 0x80008ec2 (0x03e0c683) lbu     a3, 62(ra)
core   0: 3 0x80008ec2 (0x03e0c683) x13 0x00000000 mem 0x80018f6c
core   0: 0x80008ec6 (0xfff089a3) sb      t6, -13(ra)
core   0: 3 0x80008ec6 (0xfff089a3) mem 0x80018f21 0x38
core   0: 0x80008eca (0x021f59b3) divu    s3, t5, ra
core   0: 3 0x80008eca (0x021f59b3) x19 0x00000000
core   0: 0x80008ece (0xfe6081a3) sb      t1, -29(ra)
core   0: 3 0x80008ece (0xfe6081a3) mem 0x80018f11 0x0
core   0: 0x80008ed2 (0x01709223) sh      s7, 4(ra)
core   0: 3 0x80008ed2 (0x01709223) mem 0x80018f32 0x30ce
core   0: 0x80008ed6 (0x0000717d) c.addi16sp sp, -16
core   0: 3 0x80008ed6 (0x717d) x 2 0x80028e54
core   0: 0x80008ed8 (0xfda08683) lb      a3, -38(ra)
core   0: 3 0x80008ed8 (0xfda08683) x13 0x00000000 mem 0x80018f08
core   0: 0x80008edc (0xffc08c03) lb      s8, -4(ra)
core   0: 3 0x80008edc (0xffc08c03) x24 0x00000000 mem 0x80018f2a
core   0: 0x80008ee0 (0xfeb0cc03) lbu     s8, -21(ra)
core   0: 3 0x80008ee0 (0xfeb0cc03) x24 0x00000000 mem 0x80018f19
core   0: 0x80008ee4 (0xfcd0c603) lbu     a2, -51(ra)
core   0: 3 0x80008ee4 (0xfcd0c603) x12 0x00000000 mem 0x80018efb
core   0: 0x80008ee8 (0x03c08fa3) sb      t3, 63(ra)
core   0: 3 0x80008ee8 (0x03c08fa3) mem 0x80018f6d 0x0
core   0: 0x80008eec (0x3fabb393) sltiu   t2, s7, 1018
core   0: 3 0x80008eec (0x3fabb393) x 7 0x00000000
core   0: 0x80008ef0 (0x01a336b3) sltu    a3, t1, s10
core   0: 3 0x80008ef0 (0x01a336b3) x13 0x00000000
core   0: 0x80008ef4 (0x03009583) lh      a1, 48(ra)
core   0: 3 0x80008ef4 (0x03009583) x11 0x00000000 mem 0x80018f5e
core   0: 0x80008ef8 (0x01d085a3) sb      t4, 11(ra)
core   0: 3 0x80008ef8 (0x01d085a3) mem 0x80018f39 0x0
core   0: 0x80008efc (0x0320ae03) lw      t3, 50(ra)
core   0: 3 0x80008efc (0x0320ae03) x28 0x00000000 mem 0x80018f60
core   0: 0x80008f00 (0x0000a397) auipc   t2, 0xa
core   0: 3 0x80008f00 (0x0000a397) x 7 0x80012f00
core   0: 0x80008f04 (0x15d38393) addi    t2, t2, 349
core   0: 3 0x80008f04 (0x15d38393) x 7 0x8001305d
core   0: 0x80008f08 (0x7f938303) lb      t1, 2041(t2)
core   0: 3 0x80008f08 (0x7f938303) x 6 0x00000000 mem 0x80013856
core   0: 0x80008f0c (0x56339103) lh      sp, 1379(t2)
core   0: 3 0x80008f0c (0x56339103) x 2 0x00000000 mem 0x800135c0
core   0: 0x80008f10 (0x5403cc83) lbu     s9, 1344(t2)
core   0: 3 0x80008f10 (0x5403cc83) x25 0x00000000 mem 0x8001359d
core   0: 0x80008f14 (0x00001b8c) c.addi4spn a1, sp, 496
core   0: 3 0x80008f14 (0x1b8c) x11 0x000001f0
core   0: 0x80008f16 (0x74c3ce03) lbu     t3, 1868(t2)
core   0: 3 0x80008f16 (0x74c3ce03) x28 0x00000000 mem 0x800137a9
core   0: 0x80008f1a (0x000006b6) c.slli  a3, 13
core   0: 3 0x80008f1a (0x06b6) x13 0x00000000
core   0: 0x80008f1c (0x3bc38323) sb      t3, 934(t2)
core   0: 3 0x80008f1c (0x3bc38323) mem 0x80013403 0x0
core   0: 0x80008f20 (0x54b38983) lb      s3, 1355(t2)
core   0: 3 0x80008f20 (0x54b38983) x19 0x00000000 mem 0x800135a8
core   0: 0x80008f24 (0x54b38e03) lb      t3, 1355(t2)
core   0: 3 0x80008f24 (0x54b38e03) x28 0x00000000 mem 0x800135a8
core   0: 0x80008f28 (0x54b38003) lb      zero, 1355(t2)
core   0: 3 0x80008f28 (0x54b38003) mem 0x800135a8
core   0: 0x80008f2c (0x4573cb03) lbu     s6, 1111(t2)
core   0: 3 0x80008f2c (0x4573cb03) x22 0x00000000 mem 0x800134b4
core   0: 0x80008f30 (0x4563aba3) sw      s6, 1111(t2)
core   0: 3 0x80008f30 (0x4563aba3) mem 0x800134b4 0x00000000
core   0: 0x80008f34 (0x0ff0000f) fence   iorw,iorw
core   0: 3 0x80008f34 (0x0ff0000f)
core   0: 0x80008f38 (0x44038ba3) sb      zero, 1111(t2)
core   0: 3 0x80008f38 (0x44038ba3) mem 0x800134b4 0x0
core   0: 0x80008f3c (0x01bfcbb3) xor     s7, t6, s11
core   0: 3 0x80008f3c (0x01bfcbb3) x23 0x80022438
core   0: 0x80008f40 (0x019b1b93) slli    s7, s6, 25
core   0: 3 0x80008f40 (0x019b1b93) x23 0x00000000
core   0: 0x80008f44 (0x4723c103) lbu     sp, 1138(t2)
core   0: 3 0x80008f44 (0x4723c103) x 2 0x00000000 mem 0x800134cf
core   0: 0x80008f48 (0x4723c583) lbu     a1, 1138(t2)
core   0: 3 0x80008f48 (0x4723c583) x11 0x00000000 mem 0x800134cf
core   0: 0x80008f4c (0x4c2398a3) sh      sp, 1233(t2)
core   0: 3 0x80008f4c (0x4c2398a3) mem 0x8001352e 0x0000
core   0: 0x80008f50 (0x7f73cd03) lbu     s10, 2039(t2)
core   0: 3 0x80008f50 (0x7f73cd03) x26 0x00000000 mem 0x80013854
core   0: 0x80008f54 (0x7f73d183) lhu     gp, 2039(t2)
core   0: 3 0x80008f54 (0x7f73d183) x 3 0x00000000 mem 0x80013854
core   0: 0x80008f58 (0x0000af97) auipc   t6, 0xa
core   0: 3 0x80008f58 (0x0000af97) x31 0x80012f58
core   0: 0x80008f5c (0x53bf8f93) addi    t6, t6, 1339
core   0: 3 0x80008f5c (0x53bf8f93) x31 0x80013493
core   0: 0x80008f60 (0x01af94a3) sh      s10, 9(t6)
core   0: 3 0x80008f60 (0x01af94a3) mem 0x8001349c 0x0000
core   0: 0x80008f64 (0x009fdd83) lhu     s11, 9(t6)
core   0: 3 0x80008f64 (0x009fdd83) x27 0x00000000 mem 0x8001349c
core   0: 0x80008f68 (0x000085a1) c.srai  a1, 8
core   0: 3 0x80008f68 (0x85a1) x11 0x00000000
core   0: 0x80008f6a (0xff3f8ea3) sb      s3, -3(t6)
core   0: 3 0x80008f6a (0xff3f8ea3) mem 0x80013490 0x0
core   0: 0x80008f6e (0xffcf9ea3) sh      t3, -3(t6)
core   0: 3 0x80008f6e (0xffcf9ea3) mem 0x80013490 0x0000
core   0: 0x80008f72 (0xffdfce83) lbu     t4, -3(t6)
core   0: 3 0x80008f72 (0xffdfce83) x29 0x00000000 mem 0x80013490
core   0: 0x80008f76 (0x0000717d) c.addi16sp sp, -16
core   0: 3 0x80008f76 (0x717d) x 2 0xfffffff0
core   0: 0x80008f78 (0xff4f8e23) sb      s4, -4(t6)
core   0: 3 0x80008f78 (0xff4f8e23) mem 0x8001348f 0xaf
core   0: 0x80008f7c (0xffcf8883) lb      a7, -4(t6)
core   0: 3 0x80008f7c (0xffcf8883) x17 0xffffffaf mem 0x8001348f
core   0: 0x80008f80 (0xffcfce03) lbu     t3, -4(t6)
core   0: 3 0x80008f80 (0xffcfce03) x28 0x000000af mem 0x8001348f
core   0: 0x80008f84 (0xff4f8923) sb      s4, -14(t6)
core   0: 3 0x80008f84 (0xff4f8923) mem 0x80013485 0xaf
core   0: 0x80008f88 (0xff2f8e03) lb      t3, -14(t6)
core   0: 3 0x80008f88 (0xff2f8e03) x28 0xffffffaf mem 0x80013485
core   0: 0x80008f8c (0xfe6f8fa3) sb      t1, -1(t6)
core   0: 3 0x80008f8c (0xfe6f8fa3) mem 0x80013492 0x0
core   0: 0x80008f90 (0x00008f89) c.sub   a5, a0
core   0: 3 0x80008f90 (0x8f89) x15 0x02c1de26
core   0: 0x80008f92 (0xfeaf9fa3) sh      a0, -1(t6)
core   0: 3 0x80008f92 (0xfeaf9fa3) mem 0x80013492 0x21da
core   0: 0x80008f96 (0x0000100f) fence.i
core   0: 3 0x80008f96 (0x0000100f)
core   0: 0x80008f9a (0xfe3f8fa3) sb      gp, -1(t6)
core   0: 3 0x80008f9a (0xfe3f8fa3) mem 0x80013492 0x0
core   0: 0x80008f9e (0x412489b3) sub     s3, s1, s2
core   0: 3 0x80008f9e (0x412489b3) x19 0xffffc180
core   0: 0x80008fa2 (0xffff9c83) lh      s9, -1(t6)
core   0: 3 0x80008fa2 (0xffff9c83) x25 0x00002100 mem 0x80013492
core   0: 0x80008fa6 (0xffbf9fa3) sh      s11, -1(t6)
core   0: 3 0x80008fa6 (0xffbf9fa3) mem 0x80013492 0x0000
core   0: 0x80008faa (0x00013117) auipc   sp, 0x13
core   0: 3 0x80008faa (0x00013117) x 2 0x8001bfaa
core   0: 0x80008fae (0xbe610113) addi    sp, sp, -1050
core   0: 3 0x80008fae (0xbe610113) x 2 0x8001bb90
core   0: 0x80008fb2 (0x02215f83) lhu     t6, 34(sp)
core   0: 3 0x80008fb2 (0x02215f83) x31 0x00000000 mem 0x8001bbb2
core   0: 0x80008fb6 (0x02211b03) lh      s6, 34(sp)
core   0: 3 0x80008fb6 (0x02211b03) x22 0x00000000 mem 0x8001bbb2
core   0: 0x80008fba (0x02210703) lb      a4, 34(sp)
core   0: 3 0x80008fba (0x02210703) x14 0x00000000 mem 0x8001bbb2
core   0: 0x80008fbe (0x00006345) c.lui   t1, 0x11
core   0: 3 0x80008fbe (0x6345) x 6 0x00011000
core   0: 0x80008fc0 (0x003100a3) sb      gp, 1(sp)
core   0: 3 0x80008fc0 (0x003100a3) mem 0x8001bb91 0x0
core   0: 0x80008fc4 (0x00a100a3) sb      a0, 1(sp)
core   0: 3 0x80008fc4 (0x00a100a3) mem 0x8001bb91 0xda
core   0: 0x80008fc8 (0x00114e03) lbu     t3, 1(sp)
core   0: 3 0x80008fc8 (0x00114e03) x28 0x000000da mem 0x8001bb91
core   0: 0x80008fcc (0x023101a3) sb      gp, 35(sp)
core   0: 3 0x80008fcc (0x023101a3) mem 0x8001bbb3 0x0
core   0: 0x80008fd0 (0xff712023) sw      s7, -32(sp)
core   0: 3 0x80008fd0 (0xff712023) mem 0x8001bb70 0x00000000
core   0: 0x80008fd4 (0xfd914f83) lbu     t6, -39(sp)
core   0: 3 0x80008fd4 (0xfd914f83) x31 0x00000000 mem 0x8001bb69
core   0: 0x80008fd8 (0xfd914783) lbu     a5, -39(sp)
core   0: 3 0x80008fd8 (0xfd914783) x15 0x00000000 mem 0x8001bb69
core   0: 0x80008fdc (0x00914c83) lbu     s9, 9(sp)
core   0: 3 0x80008fdc (0x00914c83) x25 0x00000000 mem 0x8001bb99
core   0: 0x80008fe0 (0x00008baa) c.mv    s7, a0
core   0: 3 0x80008fe0 (0x8baa) x23 0xfd3e21da
core   0: 0x80008fe2 (0xfc7108a3) sb      t2, -47(sp)
core   0: 3 0x80008fe2 (0xfc7108a3) mem 0x8001bb61 0x5d
core   0: 0x80008fe6 (0xff215003) lhu     zero, -14(sp)
core   0: 3 0x80008fe6 (0xff215003) mem 0x8001bb82
core   0: 0x80008fea (0x0000ca3a) c.swsp  a4, 20(sp)
core   0: 3 0x80008fea (0xca3a) mem 0x8001bba4 0x00000000
core   0: 0x80008fec (0x0000dc5a) c.swsp  s6, 56(sp)
core   0: 3 0x80008fec (0xdc5a) mem 0x8001bbc8 0x00000000
core   0: 0x80008fee (0x0001b997) auipc   s3, 0x1b
core   0: 3 0x80008fee (0x0001b997) x19 0x80023fee
core   0: 0x80008ff2 (0x83b98993) addi    s3, s3, -1989
core   0: 3 0x80008ff2 (0x83b98993) x19 0x80023829
core   0: 0x80008ff6 (0x03999103) lh      sp, 57(s3)
core   0: 3 0x80008ff6 (0x03999103) x 2 0x00000000 mem 0x80023862
core   0: 0x80008ffa (0x0000d617) auipc   a2, 0xd
core   0: 3 0x80008ffa (0x0000d617) x12 0x80015ffa
core   0: 0x80008ffe (0xaf760613) addi    a2, a2, -1289
core   0: 3 0x80008ffe (0xaf760613) x12 0x80015af1
core   0: 0x80009002 (0xd8764f03) lbu     t5, -633(a2)
core   0: 3 0x80009002 (0xd8764f03) x30 0x00000000 mem 0x80015878
core   0: 0x80009006 (0x0249c583) lbu     a1, 36(s3)
core   0: 3 0x80009006 (0x0249c583) x11 0x00000000 mem 0x8002384d
core   0: 0x8000900a (0x80664f03) lbu     t5, -2042(a2)
core   0: 3 0x8000900a (0x80664f03) x30 0x00000000 mem 0x800152f7
core   0: 0x8000900e (0x02a98203) lb      tp, 42(s3)
core   0: 3 0x8000900e (0x02a98203) x 4 0x00000000 mem 0x80023853
core   0: 0x80009012 (0x51b61fa3) sh      s11, 1311(a2)
core   0: 3 0x80009012 (0x51b61fa3) mem 0x80016010 0x0000
core   0: 0x80009016 (0xf93618a3) sh      s3, -111(a2)
core   0: 3 0x80009016 (0xf93618a3) mem 0x80015a82 0x3829
core   0: 0x8000901a (0xff098223) sb      a6, -28(s3)
core   0: 3 0x8000901a (0xff098223) mem 0x8002380d 0x0
core   0: 0x8000901e (0xc7964083) lbu     ra, -903(a2)
core   0: 3 0x8000901e (0xc7964083) x 1 0x00000000 mem 0x8001576a
core   0: 0x80009022 (0x03f9a5a3) sw      t6, 43(s3)
core   0: 3 0x80009022 (0x03f9a5a3) mem 0x80023854 0x00000000
core   0: 0x80009026 (0x0000a417) auipc   s0, 0xa
core   0: 3 0x80009026 (0x0000a417) x 8 0x80013026
core   0: 0x8000902a (0x3f340413) addi    s0, s0, 1011
core   0: 3 0x8000902a (0x3f340413) x 8 0x80013419
core   0: 0x8000902e (0x2d640d83) lb      s11, 726(s0)
core   0: 3 0x8000902e (0x2d640d83) x27 0x00000000 mem 0x800136ef
core   0: 0x80009032 (0x2c240b23) sb      sp, 726(s0)
core   0: 3 0x80009032 (0x2c240b23) mem 0x800136ef 0x0
core   0: 0x80009036 (0x63c40c23) sb      t3, 1592(s0)
core   0: 3 0x80009036 (0x63c40c23) mem 0x80013a51 0xda
core   0: 0x8000903a (0x7c644603) lbu     a2, 1990(s0)
core   0: 3 0x8000903a (0x7c644603) x12 0x00000000 mem 0x80013bdf
core   0: 0x8000903e (0x6cd41aa3) sh      a3, 1749(s0)
core   0: 3 0x8000903e (0x6cd41aa3) mem 0x80013aee 0x0000
core   0: 0x80009042 (0x017ef633) and     a2, t4, s7
core   0: 3 0x80009042 (0x017ef633) x12 0x00000000
core   0: 0x80009046 (0x6d540283) lb      t0, 1749(s0)
core   0: 3 0x80009046 (0x6d540283) x 5 0x00000000 mem 0x80013aee
core   0: 0x8000904a (0x6f3a1d17) auipc   s10, 0x6f3a1
core   0: 3 0x8000904a (0x6f3a1d17) x26 0xef3aa04a
core   0: 0x8000904e (0x03590033) mul     zero, s2, s5
core   0: 3 0x8000904e (0x03590033)
core   0: 0x80009052 (0xde544b83) lbu     s7, -539(s0)
core   0: 3 0x80009052 (0xde544b83) x23 0x00000000 mem 0x800131fe
core   0: 0x80009056 (0x000086a1) c.srai  a3, 8
core   0: 3 0x80009056 (0x86a1) x13 0x00000000
core   0: 0x80009058 (0x03cbe133) rem     sp, s7, t3
core   0: 3 0x80009058 (0x03cbe133) x 2 0x00000000
core   0: 0x8000905c (0xde544603) lbu     a2, -539(s0)
core   0: 3 0x8000905c (0xde544603) x12 0x00000000 mem 0x800131fe
core   0: 0x80009060 (0x00722ab3) slt     s5, tp, t2
core   0: 3 0x80009060 (0x00722ab3) x21 0x00000000
core   0: 0x80009064 (0x002aedb3) or      s11, s5, sp
core   0: 3 0x80009064 (0x002aedb3) x27 0x00000000
core   0: 0x80009068 (0x4e440f23) sb      tp, 1278(s0)
core   0: 3 0x80009068 (0x4e440f23) mem 0x80013917 0x0
core   0: 0x8000906c (0x4fe44c83) lbu     s9, 1278(s0)
core   0: 3 0x8000906c (0x4fe44c83) x25 0x00000000 mem 0x80013917
core   0: 0x80009070 (0x4fe44103) lbu     sp, 1278(s0)
core   0: 3 0x80009070 (0x4fe44103) x 2 0x00000000 mem 0x80013917
core   0: 0x80009074 (0x0000b697) auipc   a3, 0xb
core   0: 3 0x80009074 (0x0000b697) x13 0x80014074
core   0: 0x80009078 (0x8cd68693) addi    a3, a3, -1843
core   0: 3 0x80009078 (0x8cd68693) x13 0x80013941
core   0: 0x8000907c (0x0f46ca03) lbu     s4, 244(a3)
core   0: 3 0x8000907c (0x0f46ca03) x20 0x00000000 mem 0x80013a35
core   0: 0x80009080 (0x0f468f03) lb      t5, 244(a3)
core   0: 3 0x80009080 (0x0f468f03) x30 0x00000000 mem 0x80013a35
core   0: 0x80009084 (0x0e768a23) sb      t2, 244(a3)
core   0: 3 0x80009084 (0x0e768a23) mem 0x80013a35 0x5d
core   0: 0x80009088 (0x0f468583) lb      a1, 244(a3)
core   0: 3 0x80009088 (0x0f468583) x11 0x0000005d mem 0x80013a35
core   0: 0x8000908c (0x000083ed) c.srli  a5, 27
core   0: 3 0x8000908c (0x83ed) x15 0x00000000
core   0: 0x8000908e (0x0fd68a23) sb      t4, 244(a3)
core   0: 3 0x8000908e (0x0fd68a23) mem 0x80013a35 0x0
core   0: 0x80009092 (0x0e168a23) sb      ra, 244(a3)
core   0: 3 0x80009092 (0x0e168a23) mem 0x80013a35 0x0
core   0: 0x80009096 (0x0f668a23) sb      s6, 244(a3)
core   0: 3 0x80009096 (0x0f668a23) mem 0x80013a35 0x0
core   0: 0x8000909a (0x0f46c583) lbu     a1, 244(a3)
core   0: 3 0x8000909a (0x0f46c583) x11 0x00000000 mem 0x80013a35
core   0: 0x8000909e (0x00009156) c.add   sp, s5
core   0: 3 0x8000909e (0x9156) x 2 0x00000000
core   0: 0x800090a0 (0x0f468b83) lb      s7, 244(a3)
core   0: 3 0x800090a0 (0x0f468b83) x23 0x00000000 mem 0x80013a35
core   0: 0x800090a4 (0x0c76ce83) lbu     t4, 199(a3)
core   0: 3 0x800090a4 (0x0c76ce83) x29 0x00000000 mem 0x80013a08
core   0: 0x800090a8 (0x00008c3d) c.xor   s0, a5
core   0: 3 0x800090a8 (0x8c3d) x 8 0x80013419
core   0: 0x800090aa (0x0c76d103) lhu     sp, 199(a3)
core   0: 3 0x800090aa (0x0c76d103) x 2 0x00008600 mem 0x80013a08
core   0: 0x800090ae (0x00ba7233) and     tp, s4, a1
core   0: 3 0x800090ae (0x00ba7233) x 4 0x00000000
core   0: 0x800090b2 (0x0c8693a3) sh      s0, 199(a3)
core   0: 3 0x800090b2 (0x0c8693a3) mem 0x80013a08 0x3419
core   0: 0x800090b6 (0x0c769183) lh      gp, 199(a3)
core   0: 3 0x800090b6 (0x0c769183) x 3 0x00003419 mem 0x80013a08
core   0: 0x800090ba (0x0c6693a3) sh      t1, 199(a3)
core   0: 3 0x800090ba (0x0c6693a3) mem 0x80013a08 0x1000
core   0: 0x800090be (0x0c76af03) lw      t5, 199(a3)
core   0: 3 0x800090be (0x0c76af03) x30 0x87001000 mem 0x80013a08
core   0: 0x800090c2 (0x0c66a3a3) sw      t1, 199(a3)
core   0: 3 0x800090c2 (0x0c66a3a3) mem 0x80013a08 0x00011000
core   0: 0x800090c6 (0x0c76a983) lw      s3, 199(a3)
core   0: 3 0x800090c6 (0x0c76a983) x19 0x00011000 mem 0x80013a08
core   0: 0x800090ca (0x41970e33) sub     t3, a4, s9
core   0: 3 0x800090ca (0x41970e33) x28 0x00000000
core   0: 0x800090ce (0x4141df33) sra     t5, gp, s4
core   0: 3 0x800090ce (0x4141df33) x30 0x00003419
core   0: 0x800090d2 (0x9e617093) andi    ra, sp, -1562
core   0: 3 0x800090d2 (0x9e617093) x 1 0x00008000
core   0: 0x800090d6 (0x0c76ae83) lw      t4, 199(a3)
core   0: 3 0x800090d6 (0x0c76ae83) x29 0x00011000 mem 0x80013a08
core   0: 0x800090da (0x0c769383) lh      t2, 199(a3)
core   0: 3 0x800090da (0x0c769383) x 7 0x00001000 mem 0x80013a08
core   0: 0x800090de (0x00015f17) auipc   t5, 0x15
core   0: 3 0x800090de (0x00015f17) x30 0x8001e0de
core   0: 0x800090e2 (0xcbaf0f13) addi    t5, t5, -838
core   0: 3 0x800090e2 (0xcbaf0f13) x30 0x8001dd98
core   0: 0x800090e6 (0x039f4a03) lbu     s4, 57(t5)
core   0: 3 0x800090e6 (0x039f4a03) x20 0x00000000 mem 0x8001ddd1
core   0: 0x800090ea (0x006f05a3) sb      t1, 11(t5)
core   0: 3 0x800090ea (0x006f05a3) mem 0x8001dda3 0x0
core   0: 0x800090ee (0x01ff05a3) sb      t6, 11(t5)
core   0: 3 0x800090ee (0x01ff05a3) mem 0x8001dda3 0x0
core   0: 0x800090f2 (0xf34f4d03) lbu     s10, -204(t5)
core   0: 3 0x800090f2 (0xf34f4d03) x26 0x00000000 mem 0x8001dccc
core   0: 0x800090f6 (0x090f0e03) lb      t3, 144(t5)
core   0: 3 0x800090f6 (0x090f0e03) x28 0x00000000 mem 0x8001de28
core   0: 0x800090fa (0xf4cf04a3) sb      a2, -183(t5)
core   0: 3 0x800090fa (0xf4cf04a3) mem 0x8001dce1 0x0
core   0: 0x800090fe (0xf47f0003) lb      zero, -185(t5)
core   0: 3 0x800090fe (0xf47f0003) mem 0x8001dcdf
core   0: 0x80009102 (0xf50f03a3) sb      a6, -185(t5)
core   0: 3 0x80009102 (0xf50f03a3) mem 0x8001dcdf 0x0
core   0: 0x80009106 (0xf41f03a3) sb      ra, -185(t5)
core   0: 3 0x80009106 (0xf41f03a3) mem 0x8001dcdf 0x0
core   0: 0x8000910a (0xf47f0e83) lb      t4, -185(t5)
core   0: 3 0x8000910a (0xf47f0e83) x29 0x00000000 mem 0x8001dcdf
core   0: 0x8000910e (0x00008e85) c.sub   a3, s1
core   0: 3 0x8000910e (0x8e85) x13 0xfffeaadd
core   0: 0x80009110 (0x0d0f08a3) sb      a6, 209(t5)
core   0: 3 0x80009110 (0x0d0f08a3) mem 0x8001de69 0x0
core   0: 0x80009114 (0x0f4f1083) lh      ra, 244(t5)
core   0: 3 0x80009114 (0x0f4f1083) x 1 0x00000000 mem 0x8001de8c
core   0: 0x80009118 (0x415c50b3) sra     ra, s8, s5
core   0: 3 0x80009118 (0x415c50b3) x 1 0x00000000
core   0: 0x8000911c (0xf44f0aa3) sb      tp, -171(t5)
core   0: 3 0x8000911c (0xf44f0aa3) mem 0x8001dced 0x0
core   0: 0x80009120 (0x026f1b23) sh      t1, 54(t5)
core   0: 3 0x80009120 (0x026f1b23) mem 0x8001ddce 0x1000
core   0: 0x80009124 (0x036f5103) lhu     sp, 54(t5)
core   0: 3 0x80009124 (0x036f5103) x 2 0x00001000 mem 0x8001ddce
core   0: 0x80009128 (0x036f1f83) lh      t6, 54(t5)
core   0: 3 0x80009128 (0x036f1f83) x31 0x00001000 mem 0x8001ddce
core   0: 0x8000912c (0x00015117) auipc   sp, 0x15
core   0: 3 0x8000912c (0x00015117) x 2 0x8001e12c
core   0: 0x80009130 (0x62e10113) addi    sp, sp, 1582
core   0: 3 0x80009130 (0x62e10113) x 2 0x8001e75a
core   0: 0x80009134 (0x61f10b23) sb      t6, 1558(sp)
core   0: 3 0x80009134 (0x61f10b23) mem 0x8001ed70 0x0
core   0: 0x80009138 (0x61812b23) sw      s8, 1558(sp)
core   0: 3 0x80009138 (0x61812b23) mem 0x8001ed70 0x00000000
core   0: 0x8000913c (0x13510383) lb      t2, 309(sp)
core   0: 3 0x8000913c (0x13510383) x 7 0x00000000 mem 0x8001e88f
core   0: 0x80009140 (0x8c612403) lw      s0, -1850(sp)
core   0: 3 0x80009140 (0x8c612403) x 8 0x00000000 mem 0x8001e020
core   0: 0x80009144 (0x46612e83) lw      t4, 1126(sp)
core   0: 3 0x80009144 (0x46612e83) x29 0x00000000 mem 0x8001ebc0
core   0: 0x80009148 (0x46611a83) lh      s5, 1126(sp)
core   0: 3 0x80009148 (0x46611a83) x21 0x00000000 mem 0x8001ebc0
core   0: 0x8000914c (0x4ae15203) lhu     tp, 1198(sp)
core   0: 3 0x8000914c (0x4ae15203) x 4 0x00000000 mem 0x8001ec08
core   0: 0x80009150 (0x4aa12723) sw      a0, 1198(sp)
core   0: 3 0x80009150 (0x4aa12723) mem 0x8001ec08 0xfd3e21da
core   0: 0x80009154 (0xd0815283) lhu     t0, -760(sp)
core   0: 3 0x80009154 (0xd0815283) x 5 0x00000000 mem 0x8001e462
core   0: 0x80009158 (0x015fecb3) or      s9, t6, s5
core   0: 3 0x80009158 (0x015fecb3) x25 0x00001000
core   0: 0x8000915c (0x00913c93) sltiu   s9, sp, 9
core   0: 3 0x8000915c (0x00913c93) x25 0x00000000
core   0: 0x80009160 (0x030abd33) mulhu   s10, s5, a6
core   0: 3 0x80009160 (0x030abd33) x26 0x00000000
core   0: 0x80009164 (0x6a010ca3) sb      zero, 1721(sp)
core   0: 3 0x80009164 (0x6a010ca3) mem 0x8001ee13 0x0
core   0: 0x80009168 (0x6b710ca3) sb      s7, 1721(sp)
core   0: 3 0x80009168 (0x6b710ca3) mem 0x8001ee13 0x0
core   0: 0x8000916c (0x8a310c83) lb      s9, -1885(sp)
core   0: 3 0x8000916c (0x8a310c83) x25 0x00000000 mem 0x8001dffd
core   0: 0x80009170 (0x0ecbf413) andi    s0, s7, 236
core   0: 3 0x80009170 (0x0ecbf413) x 8 0x00000000
core   0: 0x80009174 (0x12714703) lbu     a4, 295(sp)
core   0: 3 0x80009174 (0x12714703) x14 0x00000000 mem 0x8001e881
core   0: 0x80009178 (0x4f810ea3) sb      s8, 1277(sp)
core   0: 3 0x80009178 (0x4f810ea3) mem 0x8001ec57 0x0
core   0: 0x8000917c (0x4d510d03) lb      s10, 1237(sp)
core   0: 3 0x8000917c (0x4d510d03) x26 0x00000000 mem 0x8001ec2f
core   0: 0x80009180 (0x75815a83) lhu     s5, 1880(sp)
core   0: 3 0x80009180 (0x75815a83) x21 0x00000000 mem 0x8001eeb2
core   0: 0x80009184 (0x00018897) auipc   a7, 0x18
core   0: 3 0x80009184 (0x00018897) x17 0x80021184
core   0: 0x80009188 (0x4d688893) addi    a7, a7, 1238
core   0: 3 0x80009188 (0x4d688893) x17 0x8002165a
core   0: 0x8000918c (0x03b14233) div     tp, sp, s11
core   0: 3 0x8000918c (0x03b14233) x 4 0xffffffff
core   0: 0x80009190 (0x03917a33) remu    s4, sp, s9
core   0: 3 0x80009190 (0x03917a33) x20 0x8001e75a
core   0: 0x80009194 (0x01135413) srli    s0, t1, 17
core   0: 3 0x80009194 (0x01135413) x 8 0x00000000
core   0: 0x80009198 (0x002881a3) sb      sp, 3(a7)
core   0: 3 0x80009198 (0x002881a3) mem 0x8002165d 0x5a
core   0: 0x8000919c (0x0000698d) c.lui   s3, 0x3
core   0: 3 0x8000919c (0x698d) x19 0x00003000
core   0: 0x8000919e (0x01cbdd33) srl     s10, s7, t3
core   0: 3 0x8000919e (0x01cbdd33) x26 0x00000000
core   0: 0x800091a2 (0xffc88803) lb      a6, -4(a7)
core   0: 3 0x800091a2 (0xffc88803) x16 0x00000000 mem 0x80021656
core   0: 0x800091a6 (0x0000823d) c.srli  a2, 15
core   0: 3 0x800091a6 (0x823d) x12 0x00000000
core   0: 0x800091a8 (0x01f89823) sh      t6, 16(a7)
core   0: 3 0x800091a8 (0x01f89823) mem 0x8002166a 0x1000
core   0: 0x800091ac (0x00000001) c.nop
core   0: 3 0x800091ac (0x0001)
core   0: 0x800091ae (0x5b0e0213) addi    tp, t3, 1456
core   0: 3 0x800091ae (0x5b0e0213) x 4 0x000005b0
core   0: 0x800091b2 (0x00f89023) sh      a5, 0(a7)
core   0: 3 0x800091b2 (0x00f89023) mem 0x8002165a 0x0000
core   0: 0x800091b6 (0x7efb7193) andi    gp, s6, 2031
core   0: 3 0x800091b6 (0x7efb7193) x 3 0x00000000
core   0: 0x800091ba (0x0000100f) fence.i
core   0: 3 0x800091ba (0x0000100f)
core   0: 0x800091be (0x00008855) c.andi  s0, 21
core   0: 3 0x800091be (0x8855) x 8 0x00000000
core   0: 0x800091c0 (0x0068da03) lhu     s4, 6(a7)
core   0: 3 0x800091c0 (0x0068da03) x20 0x00000000 mem 0x80021660
core   0: 0x800091c4 (0x40c601b3) sub     gp, a2, a2
core   0: 3 0x800091c4 (0x40c601b3) x 3 0x00000000
core   0: 0x800091c8 (0x412302b3) sub     t0, t1, s2
core   0: 3 0x800091c8 (0x412302b3) x 5 0x7ffe431c
core   0: 0x800091cc (0x01db5b33) srl     s6, s6, t4
core   0: 3 0x800091cc (0x01db5b33) x22 0x00000000
core   0: 0x800091d0 (0xfec88f23) sb      a2, -2(a7)
core   0: 3 0x800091d0 (0xfec88f23) mem 0x80021658 0x0
core   0: 0x800091d4 (0x0218f433) remu    s0, a7, ra
core   0: 3 0x800091d4 (0x0218f433) x 8 0x8002165a
core   0: 0x800091d8 (0xff28ac83) lw      s9, -14(a7)
core   0: 3 0x800091d8 (0xff28ac83) x25 0x00000000 mem 0x8002164c
core   0: 0x800091dc (0x01ae6233) or      tp, t3, s10
core   0: 3 0x800091dc (0x01ae6233) x 4 0x00000000
core   0: 0x800091e0 (0x01889723) sh      s8, 14(a7)
core   0: 3 0x800091e0 (0x01889723) mem 0x80021668 0x0000
core   0: 0x800091e4 (0x03baacb3) mulhsu  s9, s5, s11
core   0: 3 0x800091e4 (0x03baacb3) x25 0x00000000
core   0: 0x800091e8 (0x000087a1) c.srai  a5, 8
core   0: 3 0x800091e8 (0x87a1) x15 0x00000000
core   0: 0x800091ea (0x01af5413) srli    s0, t5, 26
core   0: 3 0x800091ea (0x01af5413) x 8 0x00000020
core   0: 0x800091ee (0x0000141c) c.addi4spn a5, sp, 544
core   0: 3 0x800091ee (0x141c) x15 0x8001e97a
core   0: 0x800091f0 (0x00388283) lb      t0, 3(a7)
core   0: 3 0x800091f0 (0x00388283) x 5 0x0000005a mem 0x8002165d
core   0: 0x800091f4 (0x00f88083) lb      ra, 15(a7)
core   0: 3 0x800091f4 (0x00f88083) x 1 0x00000000 mem 0x80021669
core   0: 0x800091f8 (0x0000a797) auipc   a5, 0xa
core   0: 3 0x800091f8 (0x0000a797) x15 0x800131f8
core   0: 0x800091fc (0x02c78793) addi    a5, a5, 44
core   0: 3 0x800091fc (0x02c78793) x15 0x80013224
core   0: 0x80009200 (0x00013f17) auipc   t5, 0x13
core   0: 3 0x80009200 (0x00013f17) x30 0x8001c200
core   0: 0x80009204 (0x671f0f13) addi    t5, t5, 1649
core   0: 3 0x80009204 (0x671f0f13) x30 0x8001c871
core   0: 0x80009208 (0xf68f4203) lbu     tp, -152(t5)
core   0: 3 0x80009208 (0xf68f4203) x 4 0x00000000 mem 0x8001c7d9
core   0: 0x8000920c (0x0d8785a3) sb      s8, 203(a5)
core   0: 3 0x8000920c (0x0d8785a3) mem 0x800132ef 0x0
core   0: 0x80009210 (0xfddf4c83) lbu     s9, -35(t5)
core   0: 3 0x80009210 (0xfddf4c83) x25 0x00000000 mem 0x8001c84e
core   0: 0x80009214 (0x03c79983) lh      s3, 60(a5)
core   0: 3 0x80009214 (0x03c79983) x19 0x00003700 mem 0x80013260
core   0: 0x80009218 (0x05ef4203) lbu     tp, 94(t5)
core   0: 3 0x80009218 (0x05ef4203) x 4 0x00000000 mem 0x8001c8cf
core   0: 0x8000921c (0x02d78983) lb      s3, 45(a5)
core   0: 3 0x8000921c (0x02d78983) x19 0x00000000 mem 0x80013251
core   0: 0x80009220 (0xf9ff0983) lb      s3, -97(t5)
core   0: 3 0x80009220 (0xf9ff0983) x19 0x00000000 mem 0x8001c810
core   0: 0x80009224 (0x0def2ba3) sw      t5, 215(t5)
core   0: 3 0x80009224 (0x0def2ba3) mem 0x8001c948 0x8001c871
core   0: 0x80009228 (0x0057a823) sw      t0, 16(a5)
core   0: 3 0x80009228 (0x0057a823) mem 0x80013234 0x0000005a
core   0: 0x8000922c (0xf0179523) sh      ra, -246(a5)
core   0: 3 0x8000922c (0xf0179523) mem 0x8001312e 0x0000
core   0: 0x80009230 (0xfa279303) lh      t1, -94(a5)
core   0: 3 0x80009230 (0xfa279303) x 6 0x00000000 mem 0x800131c6
core   0: 0x80009234 (0x07df1d83) lh      s11, 125(t5)
core   0: 3 0x80009234 (0x07df1d83) x27 0x00000000 mem 0x8001c8ee
core   0: 0x80009238 (0x0e0f4003) lbu     zero, 224(t5)
core   0: 3 0x80009238 (0x0e0f4003) mem 0x8001c951
core   0: 0x8000923c (0x005f0923) sb      t0, 18(t5)
core   0: 3 0x8000923c (0x005f0923) mem 0x8001c883 0x5a
core   0: 0x80009240 (0x0000ba17) auipc   s4, 0xb
core   0: 3 0x80009240 (0x0000ba17) x20 0x80014240
core   0: 0x80009244 (0xc48a0a13) addi    s4, s4, -952
core   0: 3 0x80009244 (0xc48a0a13) x20 0x80013e88
core   0: 0x80009248 (0x0000100f) fence.i
core   0: 3 0x80009248 (0x0000100f)
core   0: 0x8000924c (0x00009c22) c.add   s8, s0
core   0: 3 0x8000924c (0x9c22) x24 0x00000020
core   0: 0x8000924e (0xffba4803) lbu     a6, -5(s4)
core   0: 3 0x8000924e (0xffba4803) x16 0x00000000 mem 0x80013e83
core   0: 0x80009252 (0x016a1223) sh      s6, 4(s4)
core   0: 3 0x80009252 (0x016a1223) mem 0x80013e8c 0x0000
core   0: 0x80009256 (0xff6a5303) lhu     t1, -10(s4)
core   0: 3 0x80009256 (0xff6a5303) x 6 0x00000000 mem 0x80013e7e
core   0: 0x8000925a (0x026eb733) mulhu   a4, t4, t1
core   0: 3 0x8000925a (0x026eb733) x14 0x00000000
core   0: 0x8000925e (0x01e588b3) add     a7, a1, t5
core   0: 3 0x8000925e (0x01e588b3) x17 0x8001c871
core   0: 0x80009262 (0x01ea2223) sw      t5, 4(s4)
core   0: 3 0x80009262 (0x01ea2223) mem 0x80013e8c 0x8001c871
core   0: 0x80009266 (0xff3a0fa3) sb      s3, -1(s4)
core   0: 3 0x80009266 (0xff3a0fa3) mem 0x80013e87 0x0
core   0: 0x8000926a (0x00aa1e83) lh      t4, 10(s4)
core   0: 3 0x8000926a (0x00aa1e83) x29 0x00000000 mem 0x80013e92
core   0: 0x8000926e (0x014a04a3) sb      s4, 9(s4)
core   0: 3 0x8000926e (0x014a04a3) mem 0x80013e91 0x88
core   0: 0x80009272 (0x00e26233) or      tp, tp, a4
core   0: 3 0x80009272 (0x00e26233) x 4 0x00000000
core   0: 0x80009276 (0x0000613d) c.addi16sp sp, 480
core   0: 3 0x80009276 (0x613d) x 2 0x8001e93a
core   0: 0x80009278 (0x00000001) c.nop
core   0: 3 0x80009278 (0x0001)
core   0: 0x8000927a (0x03432db3) mulhsu  s11, t1, s4
core   0: 3 0x8000927a (0x03432db3) x27 0x00000000
core   0: 0x8000927e (0x00008e59) c.or    a2, a4
core   0: 3 0x8000927e (0x8e59) x12 0x00000000
core   0: 0x80009280 (0x01aa1523) sh      s10, 10(s4)
core   0: 3 0x80009280 (0x01aa1523) mem 0x80013e92 0x0000
core   0: 0x80009284 (0x00ea02a3) sb      a4, 5(s4)
core   0: 3 0x80009284 (0x00ea02a3) mem 0x80013e8d 0x0
core   0: 0x80009288 (0xfe7a0d23) sb      t2, -6(s4)
core   0: 3 0x80009288 (0xfe7a0d23) mem 0x80013e82 0x0
core   0: 0x8000928c (0x1a254413) xori    s0, a0, 418
core   0: 3 0x8000928c (0x1a254413) x 8 0xfd3e2078
core   0: 0x80009290 (0x000a0b83) lb      s7, 0(s4)
core   0: 3 0x80009290 (0x000a0b83) x23 0x00000000 mem 0x80013e88
core   0: 0x80009294 (0x03ebdcb3) divu    s9, s7, t5
core   0: 3 0x80009294 (0x03ebdcb3) x25 0x00000000
core   0: 0x80009298 (0xfe9a0da3) sb      s1, -5(s4)
core   0: 3 0x80009298 (0xfe9a0da3) mem 0x80013e83 0x64
core   0: 0x8000929c (0x0321b7b3) mulhu   a5, gp, s2
core   0: 3 0x8000929c (0x0321b7b3) x15 0x00000000
core   0: 0x800092a0 (0x4bf47b13) andi    s6, s0, 1215
core   0: 3 0x800092a0 (0x4bf47b13) x22 0x00000038
core   0: 0x800092a4 (0x007a4003) lbu     zero, 7(s4)
core   0: 3 0x800092a4 (0x007a4003) mem 0x80013e8f
core   0: 0x800092a8 (0xff5a2e23) sw      s5, -4(s4)
core   0: 3 0x800092a8 (0xff5a2e23) mem 0x80013e84 0x00000000
core   0: 0x800092ac (0xfefa0f23) sb      a5, -2(s4)
core   0: 3 0x800092ac (0xfefa0f23) mem 0x80013e86 0x0
core   0: 0x800092b0 (0x03bc6f33) rem     t5, s8, s11
core   0: 3 0x800092b0 (0x03bc6f33) x30 0x00000020
core   0: 0x800092b4 (0x005a4283) lbu     t0, 5(s4)
core   0: 3 0x800092b4 (0x005a4283) x 5 0x00000000 mem 0x80013e8d
core   0: 0x800092b8 (0xffea0ca3) sb      t5, -7(s4)
core   0: 3 0x800092b8 (0xffea0ca3) mem 0x80013e81 0x20
core   0: 0x800092bc (0x0000717d) c.addi16sp sp, -16
core   0: 3 0x800092bc (0x717d) x 2 0x8001e92a
core   0: 0x800092be (0x0ff0000f) fence   iorw,iorw
core   0: 3 0x800092be (0x0ff0000f)
core   0: 0x800092c2 (0x005a4983) lbu     s3, 5(s4)
core   0: 3 0x800092c2 (0x005a4983) x19 0x00000000 mem 0x80013e8d
core   0: 0x800092c6 (0x019a04a3) sb      s9, 9(s4)
core   0: 3 0x800092c6 (0x019a04a3) mem 0x80013e91 0x0
core   0: 0x800092ca (0x000081c6) c.mv    gp, a7
core   0: 3 0x800092ca (0x81c6) x 3 0x8001c871
core   0: 0x800092cc (0x005d7fb3) and     t6, s10, t0
core   0: 3 0x800092cc (0x005d7fb3) x31 0x00000000
core   0: 0x800092d0 (0x00006f09) c.lui   t5, 0x2
core   0: 3 0x800092d0 (0x6f09) x30 0x00002000
core   0: 0x800092d2 (0x004171b3) and     gp, sp, tp
core   0: 3 0x800092d2 (0x004171b3) x 3 0x00000000
core   0: 0x800092d6 (0x004a1e03) lh      t3, 4(s4)
core   0: 3 0x800092d6 (0x004a1e03) x28 0x00000071 mem 0x80013e8c
core   0: 0x800092da (0x000089c9) c.andi  a1, 18
core   0: 3 0x800092da (0x89c9) x11 0x00000000
core   0: 0x800092dc (0x000a2e83) lw      t4, 0(s4)
core   0: 3 0x800092dc (0x000a2e83) x29 0x00000000 mem 0x80013e88
core   0: 0x800092e0 (0xff3a0583) lb      a1, -13(s4)
core   0: 3 0x800092e0 (0xff3a0583) x11 0x00000000 mem 0x80013e7b
core   0: 0x800092e4 (0x00013c97) auipc   s9, 0x13
core   0: 3 0x800092e4 (0x00013c97) x25 0x8001c2e4
core   0: 0x800092e8 (0x83cc8c93) addi    s9, s9, -1988
core   0: 3 0x800092e8 (0x83cc8c93) x25 0x8001bb20
core   0: 0x800092ec (0x00ecd283) lhu     t0, 14(s9)
core   0: 3 0x800092ec (0x00ecd283) x 5 0x00000000 mem 0x8001bb2e
core   0: 0x800092f0 (0x033a1d33) mulh    s10, s4, s3
core   0: 3 0x800092f0 (0x033a1d33) x26 0x00000000
core   0: 0x800092f4 (0xff1c88a3) sb      a7, -15(s9)
core   0: 3 0x800092f4 (0xff1c88a3) mem 0x8001bb11 0x71
core   0: 0x800092f8 (0xfeac8f23) sb      a0, -2(s9)
core   0: 3 0x800092f8 (0xfeac8f23) mem 0x8001bb1e 0xda
core   0: 0x800092fc (0x001ca023) sw      ra, 0(s9)
core   0: 3 0x800092fc (0x001ca023) mem 0x8001bb20 0x00000000
core   0: 0x80009300 (0x0000987d) c.andi  s0, -1
core   0: 3 0x80009300 (0x987d) x 8 0xfd3e2078
core   0: 0x80009302 (0x00008c59) c.or    s0, a4
core   0: 3 0x80009302 (0x8c59) x 8 0xfd3e2078
core   0: 0x80009304 (0x029de9b3) rem     s3, s11, s1
core   0: 3 0x80009304 (0x029de9b3) x19 0x00000000
core   0: 0x80009308 (0x77c74c37) lui     s8, 0x77c74
core   0: 3 0x80009308 (0x77c74c37) x24 0x77c74000
core   0: 0x8000930c (0x00ec86a3) sb      a4, 13(s9)
core   0: 3 0x8000930c (0x00ec86a3) mem 0x8001bb2d 0x0
core   0: 0x80009310 (0xffec9583) lh      a1, -2(s9)
core   0: 3 0x80009310 (0xffec9583) x11 0x000000da mem 0x8001bb1e
core   0: 0x80009314 (0xff9c8103) lb      sp, -7(s9)
core   0: 3 0x80009314 (0xff9c8103) x 2 0x00000000 mem 0x8001bb19
core   0: 0x80009318 (0x177e7313) andi    t1, t3, 375
core   0: 3 0x80009318 (0x177e7313) x 6 0x00000071
core   0: 0x8000931c (0x0000051c) c.addi4spn a5, sp, 640
core   0: 3 0x8000931c (0x051c) x15 0x00000280
core   0: 0x8000931e (0x00bcc203) lbu     tp, 11(s9)
core   0: 3 0x8000931e (0x00bcc203) x 4 0x00000000 mem 0x8001bb2b
core   0: 0x80009322 (0x014c84a3) sb      s4, 9(s9)
core   0: 3 0x80009322 (0x014c84a3) mem 0x8001bb29 0x88
core   0: 0x80009326 (0x009cc883) lbu     a7, 9(s9)
core   0: 3 0x80009326 (0x009cc883) x17 0x00000088 mem 0x8001bb29
core   0: 0x8000932a (0x003c8a83) lb      s5, 3(s9)
core   0: 3 0x8000932a (0x003c8a83) x21 0x00000000 mem 0x8001bb23
core   0: 0x8000932e (0x01abe833) or      a6, s7, s10
core   0: 3 0x8000932e (0x01abe833) x16 0x00000000
core   0: 0x80009332 (0x00ec9d83) lh      s11, 14(s9)
core   0: 3 0x80009332 (0x00ec9d83) x27 0x00000000 mem 0x8001bb2e
core   0: 0x80009336 (0xfe7c9923) sh      t2, -14(s9)
core   0: 3 0x80009336 (0xfe7c9923) mem 0x8001bb12 0x0000
core   0: 0x8000933a (0x49682713) slti    a4, a6, 1174
core   0: 3 0x8000933a (0x49682713) x14 0x00000001
core   0: 0x8000933e (0xff5c8883) lb      a7, -11(s9)
core   0: 3 0x8000933e (0xff5c8883) x17 0x00000000 mem 0x8001bb15
core   0: 0x80009342 (0xff9cc403) lbu     s0, -7(s9)
core   0: 3 0x80009342 (0xff9cc403) x 8 0x00000000 mem 0x8001bb19
core   0: 0x80009346 (0x0141f8b3) and     a7, gp, s4
core   0: 3 0x80009346 (0x0141f8b3) x17 0x00000000
core   0: 0x8000934a (0x02be6a33) rem     s4, t3, a1
core   0: 3 0x8000934a (0x02be6a33) x20 0x00000071
core   0: 0x8000934e (0x00001c7d) c.addi  s8, -1
core   0: 3 0x8000934e (0x1c7d) x24 0x77c73fff
core   0: 0x80009350 (0x00000816) c.slli  a6, 5
core   0: 3 0x80009350 (0x0816) x16 0x00000000
core   0: 0x80009352 (0x012c80b3) add     ra, s9, s2
core   0: 3 0x80009352 (0x012c80b3) x 1 0x00048804
core   0: 0x80009356 (0x017c82a3) sb      s7, 5(s9)
core   0: 3 0x80009356 (0x017c82a3) mem 0x8001bb25 0x0
core   0: 0x8000935a (0x01d65713) srli    a4, a2, 29
core   0: 3 0x8000935a (0x01d65713) x14 0x00000000
core   0: 0x8000935e (0x0063f433) and     s0, t2, t1
core   0: 3 0x8000935e (0x0063f433) x 8 0x00000000
core   0: 0x80009362 (0xff64d617) auipc   a2, 0xff64d
core   0: 3 0x80009362 (0xff64d617) x12 0x7f656362
core   0: 0x80009366 (0x000081cd) c.srli  a1, 19
core   0: 3 0x80009366 (0x81cd) x11 0x00000000
core   0: 0x80009368 (0x01ec9323) sh      t5, 6(s9)
core   0: 3 0x80009368 (0x01ec9323) mem 0x8001bb26 0x2000
core   0: 0x8000936c (0x009cc003) lbu     zero, 9(s9)
core   0: 3 0x8000936c (0x009cc003) mem 0x8001bb29
core   0: 0x80009370 (0x0000b117) auipc   sp, 0xb
core   0: 3 0x80009370 (0x0000b117) x 2 0x80014370
core   0: 0x80009374 (0xb7710113) addi    sp, sp, -1161
core   0: 3 0x80009374 (0xb7710113) x 2 0x80013ee7
core   0: 0x80009378 (0x000005e5) c.addi  a1, 25
core   0: 3 0x80009378 (0x05e5) x11 0x00000019
core   0: 0x8000937a (0xffb12ca3) sw      s11, -7(sp)
core   0: 3 0x8000937a (0xffb12ca3) mem 0x80013ee0 0x00000000
core   0: 0x8000937e (0xfe612ca3) sw      t1, -7(sp)
core   0: 3 0x8000937e (0xfe612ca3) mem 0x80013ee0 0x00000071
core   0: 0x80009382 (0xff915783) lhu     a5, -7(sp)
core   0: 3 0x80009382 (0xff915783) x15 0x00000071 mem 0x80013ee0
core   0: 0x80009386 (0x4d9c3697) auipc   a3, 0x4d9c3
core   0: 3 0x80009386 (0x4d9c3697) x13 0xcd9cc386
core   0: 0x8000938a (0x00a14703) lbu     a4, 10(sp)
core   0: 3 0x8000938a (0x00a14703) x14 0x00000000 mem 0x80013ef1
core   0: 0x8000938e (0x00a14683) lbu     a3, 10(sp)
core   0: 3 0x8000938e (0x00a14683) x13 0x00000000 mem 0x80013ef1
core   0: 0x80009392 (0x638a4893) xori    a7, s4, 1592
core   0: 3 0x80009392 (0x638a4893) x17 0x00000649
core   0: 0x80009396 (0x00a14e83) lbu     t4, 10(sp)
core   0: 3 0x80009396 (0x00a14e83) x29 0x00000000 mem 0x80013ef1
core   0: 0x8000939a (0x00a10c03) lb      s8, 10(sp)
core   0: 3 0x8000939a (0x00a10c03) x24 0x00000000 mem 0x80013ef1
core   0: 0x8000939e (0x000068e5) c.lui   a7, 0x19
core   0: 3 0x8000939e (0x68e5) x17 0x00019000
core   0: 0x800093a0 (0x007428b3) slt     a7, s0, t2
core   0: 3 0x800093a0 (0x007428b3) x17 0x00000000
core   0: 0x800093a4 (0x00a14703) lbu     a4, 10(sp)
core   0: 3 0x800093a4 (0x00a14703) x14 0x00000000 mem 0x80013ef1
core   0: 0x800093a8 (0x01f100a3) sb      t6, 1(sp)
core   0: 3 0x800093a8 (0x01f100a3) mem 0x80013ee8 0x0
core   0: 0x800093ac (0x00c110a3) sh      a2, 1(sp)
core   0: 3 0x800093ac (0x00c110a3) mem 0x80013ee8 0x6362
core   0: 0x800093b0 (0x0000aa17) auipc   s4, 0xa
core   0: 3 0x800093b0 (0x0000aa17) x20 0x800133b0
core   0: 0x800093b4 (0x647a0a13) addi    s4, s4, 1607
core   0: 3 0x800093b4 (0x647a0a13) x20 0x800139f7
core   0: 0x800093b8 (0x37fa0f23) sb      t6, 894(s4)
core   0: 3 0x800093b8 (0x37fa0f23) mem 0x80013d75 0x0
core   0: 0x800093bc (0x37ea4583) lbu     a1, 894(s4)
core   0: 3 0x800093bc (0x37ea4583) x11 0x00000000 mem 0x80013d75
core   0: 0x800093c0 (0x37ea0803) lb      a6, 894(s4)
core   0: 3 0x800093c0 (0x37ea0803) x16 0x00000000 mem 0x80013d75
core   0: 0x800093c4 (0x311a0083) lb      ra, 785(s4)
core   0: 3 0x800093c4 (0x311a0083) x 1 0xffffffe4 mem 0x80013d08
core   0: 0x800093c8 (0x311a2703) lw      a4, 785(s4)
core   0: 3 0x800093c8 (0x311a2703) x14 0x000000e4 mem 0x80013d08
core   0: 0x800093cc (0x40c68993) addi    s3, a3, 1036
core   0: 3 0x800093cc (0x40c68993) x19 0x0000040c
core   0: 0x800093d0 (0x30fa18a3) sh      a5, 785(s4)
core   0: 3 0x800093d0 (0x30fa18a3) mem 0x80013d08 0x0071
core   0: 0x800093d4 (0x311a2383) lw      t2, 785(s4)
core   0: 3 0x800093d4 (0x311a2383) x 7 0x00000071 mem 0x80013d08
core   0: 0x800093d8 (0x311a0f03) lb      t5, 785(s4)
core   0: 3 0x800093d8 (0x311a0f03) x30 0x00000071 mem 0x80013d08
core   0: 0x800093dc (0x30ca18a3) sh      a2, 785(s4)
core   0: 3 0x800093dc (0x30ca18a3) mem 0x80013d08 0x6362
core   0: 0x800093e0 (0x311a4d03) lbu     s10, 785(s4)
core   0: 3 0x800093e0 (0x311a4d03) x26 0x00000062 mem 0x80013d08
core   0: 0x800093e4 (0x0000b117) auipc   sp, 0xb
core   0: 3 0x800093e4 (0x0000b117) x 2 0x800143e4
core   0: 0x800093e8 (0xa3b10113) addi    sp, sp, -1477
core   0: 3 0x800093e8 (0xa3b10113) x 2 0x80013e1f
core   0: 0x800093ec (0x03ea2ab3) mulhsu  s5, s4, t5
core   0: 3 0x800093ec (0x03ea2ab3) x21 0xffffffc7
core   0: 0x800093f0 (0x03a92db3) mulhsu  s11, s2, s10
core   0: 3 0x800093f0 (0x03a92db3) x27 0xffffffcf
core   0: 0x800093f4 (0x00008c21) c.xor   s0, s0
core   0: 3 0x800093f4 (0x8c21) x 8 0x00000000
core   0: 0x800093f6 (0x00000001) c.nop
core   0: 3 0x800093f6 (0x0001)
core   0: 0x800093f8 (0x00c09793) slli    a5, ra, 12
core   0: 3 0x800093f8 (0x00c09793) x15 0xfffe4000
core   0: 0x800093fc (0xff710603) lb      a2, -9(sp)
core   0: 3 0x800093fc (0xff710603) x12 0x00000000 mem 0x80013e16
core   0: 0x80009400 (0x01f103a3) sb      t6, 7(sp)
core   0: 3 0x80009400 (0x01f103a3) mem 0x80013e26 0x0
core   0: 0x80009404 (0x0296c2b3) div     t0, a3, s1
core   0: 3 0x80009404 (0x0296c2b3) x 5 0x00000000
core   0: 0x80009408 (0x03da2033) mulhsu  zero, s4, t4
core   0: 3 0x80009408 (0x03da2033)
core   0: 0x8000940c (0x00614883) lbu     a7, 6(sp)
core   0: 3 0x8000940c (0x00614883) x17 0x00000000 mem 0x80013e25
core   0: 0x80009410 (0x5bbe7f17) auipc   t5, 0x5bbe7
core   0: 3 0x80009410 (0x5bbe7f17) x30 0xdbbf0410
core   0: 0x80009414 (0x00e10323) sb      a4, 6(sp)
core   0: 3 0x80009414 (0x00e10323) mem 0x80013e25 0xe4
core   0: 0x80009418 (0xffa14683) lbu     a3, -6(sp)
core   0: 3 0x80009418 (0xffa14683) x13 0x00000000 mem 0x80013e19
core   0: 0x8000941c (0xff510b23) sb      s5, -10(sp)
core   0: 3 0x8000941c (0xff510b23) mem 0x80013e15 0xc7
core   0: 0x80009420 (0x00a46f33) or      t5, s0, a0
core   0: 3 0x80009420 (0x00a46f33) x30 0xfd3e21da
core   0: 0x80009424 (0x41d9deb3) sra     t4, s3, t4
core   0: 3 0x80009424 (0x41d9deb3) x29 0x0000040c
core   0: 0x80009428 (0x00000c3a) c.slli  s8, 14
core   0: 3 0x80009428 (0x0c3a) x24 0x00000000
core   0: 0x8000942a (0xfe911ba3) sh      s1, -9(sp)
core   0: 3 0x8000942a (0xfe911ba3) mem 0x80013e16 0x8e64
core   0: 0x8000942e (0x00008f19) c.sub   a4, a4
core   0: 3 0x8000942e (0x8f19) x14 0x00000000
core   0: 0x80009430 (0x41eddf33) sra     t5, s11, t5
core   0: 3 0x80009430 (0x41eddf33) x30 0xffffffff
core   0: 0x80009434 (0x00014403) lbu     s0, 0(sp)
core   0: 3 0x80009434 (0x00014403) x 8 0x0000005f mem 0x80013e1f
core   0: 0x80009438 (0x0050a6b3) slt     a3, ra, t0
core   0: 3 0x80009438 (0x0050a6b3) x13 0x00000001
core   0: 0x8000943c (0x00008252) c.mv    tp, s4
core   0: 3 0x8000943c (0x8252) x 4 0x800139f7
core   0: 0x8000943e (0x0000909a) c.add   ra, t1
core   0: 3 0x8000943e (0x909a) x 1 0x00000055
core   0: 0x80009440 (0x01029d33) sll     s10, t0, a6
core   0: 3 0x80009440 (0x01029d33) x26 0x00000000
core   0: 0x80009444 (0x00008c6d) c.and   s0, a1
core   0: 3 0x80009444 (0x8c6d) x 8 0x00000000
core   0: 0x80009446 (0x0251ff33) remu    t5, gp, t0
core   0: 3 0x80009446 (0x0251ff33) x30 0x00000000
core   0: 0x8000944a (0x00008c0d) c.sub   s0, a1
core   0: 3 0x8000944a (0x8c0d) x 8 0x00000000
core   0: 0x8000944c (0xd0cb7e93) andi    t4, s6, -756
core   0: 3 0x8000944c (0xd0cb7e93) x29 0x00000008
core   0: 0x80009450 (0x00009e4e) c.add   t3, s3
core   0: 3 0x80009450 (0x9e4e) x28 0x0000047d
core   0: 0x80009452 (0xff510923) sb      s5, -14(sp)
core   0: 3 0x80009452 (0xff510923) mem 0x80013e11 0xc7
core   0: 0x80009456 (0x00014383) lbu     t2, 0(sp)
core   0: 3 0x80009456 (0x00014383) x 7 0x0000005f mem 0x80013e1f
core   0: 0x8000945a (0xff614e83) lbu     t4, -10(sp)
core   0: 3 0x8000945a (0xff614e83) x29 0x000000c7 mem 0x80013e15
core   0: 0x8000945e (0x410280b3) sub     ra, t0, a6
core   0: 3 0x8000945e (0x410280b3) x 1 0x00000000
core   0: 0x80009462 (0xfff10f03) lb      t5, -1(sp)
core   0: 3 0x80009462 (0xfff10f03) x30 0x00000000 mem 0x80013e1e
core   0: 0x80009466 (0x0000b117) auipc   sp, 0xb
core   0: 3 0x80009466 (0x0000b117) x 2 0x80014466
core   0: 0x8000946a (0x05c10113) addi    sp, sp, 92
core   0: 3 0x8000946a (0x05c10113) x 2 0x800144c2
core   0: 0x8000946e (0xece15003) lhu     zero, -306(sp)
core   0: 3 0x8000946e (0xece15003) mem 0x80014390
core   0: 0x80009472 (0x00008dc1) c.or    a1, s0
core   0: 3 0x80009472 (0x8dc1) x11 0x00000000
core   0: 0x80009474 (0x00fe70b3) and     ra, t3, a5
core   0: 3 0x80009474 (0x00fe70b3) x 1 0x00000000
core   0: 0x80009478 (0x4148d293) srai    t0, a7, 20
core   0: 3 0x80009478 (0x4148d293) x 5 0x00000000
core   0: 0x8000947c (0x00008c6d) c.and   s0, a1
core   0: 3 0x8000947c (0x8c6d) x 8 0x00000000
core   0: 0x8000947e (0x00c5c333) xor     t1, a1, a2
core   0: 3 0x8000947e (0x00c5c333) x 6 0x00000000
core   0: 0x80009482 (0x021ad633) divu    a2, s5, ra
core   0: 3 0x80009482 (0x021ad633) x12 0xffffffff
core   0: 0x80009486 (0x000089bd) c.andi  a1, 15
core   0: 3 0x80009486 (0x89bd) x11 0x00000000
core   0: 0x80009488 (0x09610003) lb      zero, 150(sp)
core   0: 3 0x80009488 (0x09610003) mem 0x80014558
core   0: 0x8000948c (0x018ed013) srli    zero, t4, 24
core   0: 3 0x8000948c (0x018ed013)
core   0: 0x80009490 (0xef810f83) lb      t6, -264(sp)
core   0: 3 0x80009490 (0xef810f83) x31 0x00000000 mem 0x800143ba
core   0: 0x80009494 (0xbe211c03) lh      s8, -1054(sp)
core   0: 3 0x80009494 (0xbe211c03) x24 0x00000000 mem 0x800140a4
core   0: 0x80009498 (0x67b10803) lb      a6, 1659(sp)
core   0: 3 0x80009498 (0x67b10803) x16 0x00000000 mem 0x80014b3d
core   0: 0x8000949c (0xf5810fa3) sb      s8, -161(sp)
core   0: 3 0x8000949c (0xf5810fa3) mem 0x80014421 0x0
core   0: 0x800094a0 (0xbb402f13) slti    t5, zero, -1100
core   0: 3 0x800094a0 (0xbb402f13) x30 0x00000000
core   0: 0x800094a4 (0x09010ea3) sb      a6, 157(sp)
core   0: 3 0x800094a4 (0x09010ea3) mem 0x8001455f 0x0
core   0: 0x800094a8 (0x01b28e33) add     t3, t0, s11
core   0: 3 0x800094a8 (0x01b28e33) x28 0xffffffcf
core   0: 0x800094ac (0x4f310323) sb      s3, 1254(sp)
core   0: 3 0x800094ac (0x4f310323) mem 0x800149a8 0xc
core   0: 0x800094b0 (0x00000001) c.nop
core   0: 3 0x800094b0 (0x0001)
core   0: 0x800094b2 (0x71614e83) lbu     t4, 1814(sp)
core   0: 3 0x800094b2 (0x71614e83) x29 0x00000000 mem 0x80014bd8
core   0: 0x800094b6 (0x48e15883) lhu     a7, 1166(sp)
core   0: 3 0x800094b6 (0x48e15883) x17 0x00000000 mem 0x80014950
core   0: 0x800094ba (0x76710703) lb      a4, 1895(sp)
core   0: 3 0x800094ba (0x76710703) x14 0x00000000 mem 0x80014c29
core   0: 0x800094be (0x54810383) lb      t2, 1352(sp)
core   0: 3 0x800094be (0x54810383) x 7 0x00000000 mem 0x80014a0a
core   0: 0x800094c2 (0x0000ad17) auipc   s10, 0xa
core   0: 3 0x800094c2 (0x0000ad17) x26 0x800134c2
core   0: 0x800094c6 (0x662d0d13) addi    s10, s10, 1634
core   0: 3 0x800094c6 (0x662d0d13) x26 0x80013b24
core   0: 0x800094ca (0xffed00a3) sb      t5, -31(s10)
core   0: 3 0x800094ca (0xffed00a3) mem 0x80013b05 0x0
core   0: 0x800094ce (0x00b2da13) srli    s4, t0, 11
core   0: 3 0x800094ce (0x00b2da13) x20 0x00000000
core   0: 0x800094d2 (0xffdd0583) lb      a1, -3(s10)
core   0: 3 0x800094d2 (0xffdd0583) x11 0x00000000 mem 0x80013b21
core   0: 0x800094d6 (0x00008021) c.srli  s0, 8
core   0: 3 0x800094d6 (0x8021) x 8 0x00000000
core   0: 0x800094d8 (0x00000880) c.addi4spn s0, sp, 80
core   0: 3 0x800094d8 (0x0880) x 8 0x80014512
core   0: 0x800094da (0x01dd0aa3) sb      t4, 21(s10)
core   0: 3 0x800094da (0x01dd0aa3) mem 0x80013b39 0x0
core   0: 0x800094de (0xfe9d0983) lb      s3, -23(s10)
core   0: 3 0x800094de (0xfe9d0983) x19 0xffffff9a mem 0x80013b0d
core   0: 0x800094e2 (0x012e9ab3) sll     s5, t4, s2
core   0: 3 0x800094e2 (0x012e9ab3) x21 0x00000000
core   0: 0x800094e6 (0x00ad0783) lb      a5, 10(s10)
core   0: 3 0x800094e6 (0x00ad0783) x15 0x0000001e mem 0x80013b2e
core   0: 0x800094ea (0x037d0803) lb      a6, 55(s10)
core   0: 3 0x800094ea (0x037d0803) x16 0x00000000 mem 0x80013b5b
core   0: 0x800094ee (0x20c82993) slti    s3, a6, 524
core   0: 3 0x800094ee (0x20c82993) x19 0x00000001
core   0: 0x800094f2 (0xfc6d4303) lbu     t1, -58(s10)
core   0: 3 0x800094f2 (0xfc6d4303) x 6 0x00000000 mem 0x80013aea
core   0: 0x800094f6 (0xfcad0783) lb      a5, -54(s10)
core   0: 3 0x800094f6 (0xfcad0783) x15 0x00000000 mem 0x80013aee
core   0: 0x800094fa (0x025d4cb3) div     s9, s10, t0
core   0: 3 0x800094fa (0x025d4cb3) x25 0xffffffff
core   0: 0x800094fe (0x00000001) c.nop
core   0: 3 0x800094fe (0x0001)
core   0: 0x80009500 (0x031d4783) lbu     a5, 49(s10)
core   0: 3 0x80009500 (0x031d4783) x15 0x00000000 mem 0x80013b55
core   0: 0x80009504 (0x00e5d133) srl     sp, a1, a4
core   0: 3 0x80009504 (0x00e5d133) x 2 0x00000000
core   0: 0x80009508 (0x046d2023) sw      t1, 64(s10)
core   0: 3 0x80009508 (0x046d2023) mem 0x80013b64 0x00000000
core   0: 0x8000950c (0xfc4d1823) sh      tp, -48(s10)
core   0: 3 0x8000950c (0xfc4d1823) mem 0x80013af4 0x39f7
core   0: 0x80009510 (0x02ded0b3) divu    ra, t4, a3
core   0: 3 0x80009510 (0x02ded0b3) x 1 0x00000000
core   0: 0x80009514 (0x029d0583) lb      a1, 41(s10)
core   0: 3 0x80009514 (0x029d0583) x11 0xffffff8e mem 0x80013b4d
core   0: 0x80009518 (0x00001dfd) c.addi  s11, -1
core   0: 3 0x80009518 (0x1dfd) x27 0xffffffce
core   0: 0x8000951a (0xff6d1303) lh      t1, -10(s10)
core   0: 3 0x8000951a (0xff6d1303) x 6 0x00000000 mem 0x80013b1a
core   0: 0x8000951e (0x037d1923) sh      s7, 50(s10)
core   0: 3 0x8000951e (0x037d1923) mem 0x80013b56 0x0000
core   0: 0x80009522 (0x00000001) c.nop
core   0: 3 0x80009522 (0x0001)
core   0: 0x80009524 (0x00000eea) c.slli  t4, 26
core   0: 3 0x80009524 (0x0eea) x29 0x00000000
core   0: 0x80009526 (0x03f2dcb3) divu    s9, t0, t6
core   0: 3 0x80009526 (0x03f2dcb3) x25 0xffffffff
core   0: 0x8000952a (0x026d03a3) sb      t1, 39(s10)
core   0: 3 0x8000952a (0x026d03a3) mem 0x80013b4b 0x0
core   0: 0x8000952e (0x0000577d) c.li    a4, -1
core   0: 3 0x8000952e (0x577d) x14 0xffffffff
core   0: 0x80009530 (0x001d0003) lb      zero, 1(s10)
core   0: 3 0x80009530 (0x001d0003) mem 0x80013b25
core   0: 0x80009534 (0xfe2d4803) lbu     a6, -30(s10)
core   0: 3 0x80009534 (0xfe2d4803) x16 0x00000000 mem 0x80013b06
core   0: 0x80009538 (0xfd9d0a23) sb      s9, -44(s10)
core   0: 3 0x80009538 (0xfd9d0a23) mem 0x80013af8 0xff
core   0: 0x8000953c (0x00008dd5) c.or    a1, a3
core   0: 3 0x8000953c (0x8dd5) x11 0xffffff8f
core   0: 0x8000953e (0x02ad2223) sw      a0, 36(s10)
core   0: 3 0x8000953e (0x02ad2223) mem 0x80013b48 0xfd3e21da
core   0: 0x80009542 (0x036b6f33) rem     t5, s6, s6
core   0: 3 0x80009542 (0x036b6f33) x30 0x00000000
core   0: 0x80009546 (0x0000038c) c.addi4spn a1, sp, 448
core   0: 3 0x80009546 (0x038c) x11 0x000001c0
core   0: 0x80009548 (0x03a72233) mulhsu  tp, a4, s10
core   0: 3 0x80009548 (0x03a72233) x 4 0xffffffff
core   0: 0x8000954c (0x00009c2e) c.add   s8, a1
core   0: 3 0x8000954c (0x9c2e) x24 0x000001c0
core   0: 0x8000954e (0x3b742313) slti    t1, s0, 951
core   0: 3 0x8000954e (0x3b742313) x 6 0x00000001
core   0: 0x80009552 (0xff1d04a3) sb      a7, -23(s10)
core   0: 3 0x80009552 (0xff1d04a3) mem 0x80013b0d 0x0
core   0: 0x80009556 (0x029d4303) lbu     t1, 41(s10)
core   0: 3 0x80009556 (0x029d4303) x 6 0x0000008e mem 0x80013b4d
core   0: 0x8000955a (0x034d0203) lb      tp, 52(s10)
core   0: 3 0x8000955a (0x034d0203) x 4 0x00000000 mem 0x80013b58
core   0: 0x8000955e (0x005d08a3) sb      t0, 17(s10)
core   0: 3 0x8000955e (0x005d08a3) mem 0x80013b35 0x0
core   0: 0x80009562 (0xfd9d4803) lbu     a6, -39(s10)
core   0: 3 0x80009562 (0xfd9d4803) x16 0x00000000 mem 0x80013afd
core   0: 0x80009566 (0x02e8deb3) divu    t4, a7, a4
core   0: 3 0x80009566 (0x02e8deb3) x29 0x00000000
core   0: 0x8000956a (0x03bd1223) sh      s11, 36(s10)
core   0: 3 0x8000956a (0x03bd1223) mem 0x80013b48 0xffce
core   0: 0x8000956e (0xfd0d1683) lh      a3, -48(s10)
core   0: 3 0x8000956e (0xfd0d1683) x13 0x000039f7 mem 0x80013af4
core   0: 0x80009572 (0x0317c8b3) div     a7, a5, a7
core   0: 3 0x80009572 (0x0317c8b3) x17 0xffffffff
core   0: 0x80009576 (0x018d1783) lh      a5, 24(s10)
core   0: 3 0x80009576 (0x018d1783) x15 0x00000000 mem 0x80013b3c
core   0: 0x8000957a (0xffdd0023) sb      t4, -32(s10)
core   0: 3 0x8000957a (0xffdd0023) mem 0x80013b04 0x0
core   0: 0x8000957e (0xfc7d05a3) sb      t2, -53(s10)
core   0: 3 0x8000957e (0xfc7d05a3) mem 0x80013aef 0x0
core   0: 0x80009582 (0x0000b117) auipc   sp, 0xb
core   0: 3 0x80009582 (0x0000b117) x 2 0x80014582
core   0: 0x80009586 (0x93a10113) addi    sp, sp, -1734
core   0: 3 0x80009586 (0x93a10113) x 2 0x80013ebc
core   0: 0x8000958a (0xfbb11323) sh      s11, -90(sp)
core   0: 3 0x8000958a (0xfbb11323) mem 0x80013e62 0xffce
core   0: 0x8000958e (0xfa611b03) lh      s6, -90(sp)
core   0: 3 0x8000958e (0xfa611b03) x22 0xffffffce mem 0x80013e62
core   0: 0x80009592 (0xfb011323) sh      a6, -90(sp)
core   0: 3 0x80009592 (0xfb011323) mem 0x80013e62 0x0000
core   0: 0x80009596 (0xfb011323) sh      a6, -90(sp)
core   0: 3 0x80009596 (0xfb011323) mem 0x80013e62 0x0000
core   0: 0x8000959a (0x0f510b03) lb      s6, 245(sp)
core   0: 3 0x8000959a (0x0f510b03) x22 0x00000000 mem 0x80013fb1
core   0: 0x8000959e (0x00a10283) lb      t0, 10(sp)
core   0: 3 0x8000959e (0x00a10283) x 5 0x00000000 mem 0x80013ec6
core   0: 0x800095a2 (0x005d2bb3) slt     s7, s10, t0
core   0: 3 0x800095a2 (0x005d2bb3) x23 0x00000001
core   0: 0x800095a6 (0xf2814b03) lbu     s6, -216(sp)
core   0: 3 0x800095a6 (0xf2814b03) x22 0x00000000 mem 0x80013de4
core   0: 0x800095aa (0x03fc81b3) mul     gp, s9, t6
core   0: 3 0x800095aa (0x03fc81b3) x 3 0x00000000
core   0: 0x800095ae (0xf3a10423) sb      s10, -216(sp)
core   0: 3 0x800095ae (0xf3a10423) mem 0x80013de4 0x24
core   0: 0x800095b2 (0x0aa11783) lh      a5, 170(sp)
core   0: 3 0x800095b2 (0x0aa11783) x15 0x00000000 mem 0x80013f66
core   0: 0x800095b6 (0x0aa10203) lb      tp, 170(sp)
core   0: 3 0x800095b6 (0x0aa10203) x 4 0x00000000 mem 0x80013f66
core   0: 0x800095ba (0x0aa10783) lb      a5, 170(sp)
core   0: 3 0x800095ba (0x0aa10783) x15 0x00000000 mem 0x80013f66
core   0: 0x800095be (0x00009c8e) c.add   s9, gp
core   0: 3 0x800095be (0x9c8e) x25 0xffffffff
core   0: 0x800095c0 (0x02b14303) lbu     t1, 43(sp)
core   0: 3 0x800095c0 (0x02b14303) x 6 0x00000000 mem 0x80013ee7
core   0: 0x800095c4 (0x03e105a3) sb      t5, 43(sp)
core   0: 3 0x800095c4 (0x03e105a3) mem 0x80013ee7 0x0
core   0: 0x800095c8 (0x025bfbb3) remu    s7, s7, t0
core   0: 3 0x800095c8 (0x025bfbb3) x23 0x00000001
core   0: 0x800095cc (0x0f510da3) sb      s5, 251(sp)
core   0: 3 0x800095cc (0x0f510da3) mem 0x80013fb7 0x0
core   0: 0x800095d0 (0xf1e105a3) sb      t5, -245(sp)
core   0: 3 0x800095d0 (0xf1e105a3) mem 0x80013dc7 0x0
core   0: 0x800095d4 (0x0000187d) c.addi  a6, -1
core   0: 3 0x800095d4 (0x187d) x16 0xffffffff
core   0: 0x800095d6 (0x064107a3) sb      tp, 111(sp)
core   0: 3 0x800095d6 (0x064107a3) mem 0x80013f2b 0x0
core   0: 0x800095da (0x065107a3) sb      t0, 111(sp)
core   0: 3 0x800095da (0x065107a3) mem 0x80013f2b 0x0
core   0: 0x800095de (0x00004825) c.li    a6, 9
core   0: 3 0x800095de (0x4825) x16 0x00000009
core   0: 0x800095e0 (0x0f514583) lbu     a1, 245(sp)
core   0: 3 0x800095e0 (0x0f514583) x11 0x00000000 mem 0x80013fb1
core   0: 0x800095e4 (0x0f610aa3) sb      s6, 245(sp)
core   0: 3 0x800095e4 (0x0f610aa3) mem 0x80013fb1 0x0
core   0: 0x800095e8 (0x00510383) lb      t2, 5(sp)
core   0: 3 0x800095e8 (0x00510383) x 7 0x00000000 mem 0x80013ec1
core   0: 0x800095ec (0x0b632a13) slti    s4, t1, 182
core   0: 3 0x800095ec (0x0b632a13) x20 0x00000001
core   0: 0x800095f0 (0x005d71b3) and     gp, s10, t0
core   0: 3 0x800095f0 (0x005d71b3) x 3 0x00000000
core   0: 0x800095f4 (0x00e38333) add     t1, t2, a4
core   0: 3 0x800095f4 (0x00e38333) x 6 0xffffffff
core   0: 0x800095f8 (0xa9a1a993) slti    s3, gp, -1382
core   0: 3 0x800095f8 (0xa9a1a993) x19 0x00000000
core   0: 0x800095fc (0xf0c7a637) lui     a2, 0xf0c7a
core   0: 3 0x800095fc (0xf0c7a637) x12 0xf0c7a000
core   0: 0x80009600 (0x00171c93) slli    s9, a4, 1
core   0: 3 0x80009600 (0x00171c93) x25 0xfffffffe
core   0: 0x80009604 (0x135cc093) xori    ra, s9, 309
core   0: 3 0x80009604 (0x135cc093) x 1 0xfffffecb
core   0: 0x80009608 (0x0ff0000f) fence   iorw,iorw
core   0: 3 0x80009608 (0x0ff0000f)
core   0: 0x8000960c (0x0000987d) c.andi  s0, -1
core   0: 3 0x8000960c (0x987d) x 8 0x80014512
core   0: 0x8000960e (0x036a0833) mul     a6, s4, s6
core   0: 3 0x8000960e (0x036a0833) x16 0x00000000
core   0: 0x80009612 (0x00898d33) add     s10, s3, s0
core   0: 3 0x80009612 (0x00898d33) x26 0x80014512
core   0: 0x80009616 (0x01c7b0b3) sltu    ra, a5, t3
core   0: 3 0x80009616 (0x01c7b0b3) x 1 0x00000001
core   0: 0x8000961a (0x03a58e33) mul     t3, a1, s10
core   0: 3 0x8000961a (0x03a58e33) x28 0x00000000
core   0: 0x8000961e (0x00dbf263) bgeu    s7, a3, pc + 4
core   0: 3 0x8000961e (0x00dbf263)
core   0: 0x80009622 (0x00008459) c.srai  s0, 22
core   0: 3 0x80009622 (0x8459) x 8 0xfffffe00
core   0: 0x80009624 (0x00000001) c.nop
core   0: 3 0x80009624 (0x0001)
core   0: 0x80009626 (0x0000a117) auipc   sp, 0xa
core   0: 3 0x80009626 (0x0000a117) x 2 0x80013626
core   0: 0x8000962a (0xb1d10113) addi    sp, sp, -1251
core   0: 3 0x8000962a (0xb1d10113) x 2 0x80013143
core   0: 0x8000962e (0x012d8fb3) add     t6, s11, s2
core   0: 3 0x8000962e (0x012d8fb3) x31 0x8002ccb2
core   0: 0x80009632 (0xff314683) lbu     a3, -13(sp)
core   0: 3 0x80009632 (0xff314683) x13 0x00000000 mem 0x80013136
core   0: 0x80009636 (0x00008a56) c.mv    s4, s5
core   0: 3 0x80009636 (0x8a56) x20 0x00000000
core   0: 0x80009638 (0xff5119a3) sh      s5, -13(sp)
core   0: 3 0x80009638 (0xff5119a3) mem 0x80013136 0x0000
core   0: 0x8000963c (0xff310a03) lb      s4, -13(sp)
core   0: 3 0x8000963c (0xff310a03) x20 0x00000000 mem 0x80013136
core   0: 0x80009640 (0xff314f03) lbu     t5, -13(sp)
core   0: 3 0x80009640 (0xff314f03) x30 0x00000000 mem 0x80013136
core   0: 0x80009644 (0xff311183) lh      gp, -13(sp)
core   0: 3 0x80009644 (0xff311183) x 3 0x00000000 mem 0x80013136
core   0: 0x80009648 (0xffa14083) lbu     ra, -6(sp)
core   0: 3 0x80009648 (0xffa14083) x 1 0x00000000 mem 0x8001313d
core   0: 0x8000964c (0xffa10083) lb      ra, -6(sp)
core   0: 3 0x8000964c (0xffa10083) x 1 0x00000000 mem 0x8001313d
core   0: 0x80009650 (0xfe810d23) sb      s0, -6(sp)
core   0: 3 0x80009650 (0xfe810d23) mem 0x8001313d 0x0
core   0: 0x80009654 (0x00956ab3) or      s5, a0, s1
core   0: 3 0x80009654 (0x00956ab3) x21 0xfd3eaffe
core   0: 0x80009658 (0xffa14703) lbu     a4, -6(sp)
core   0: 3 0x80009658 (0xffa14703) x14 0x00000000 mem 0x8001313d
core   0: 0x8000965c (0xffa10283) lb      t0, -6(sp)
core   0: 3 0x8000965c (0xffa10283) x 5 0x00000000 mem 0x8001313d
core   0: 0x80009660 (0xffa14583) lbu     a1, -6(sp)
core   0: 3 0x80009660 (0xffa14583) x11 0x00000000 mem 0x8001313d
core   0: 0x80009664 (0xffa14883) lbu     a7, -6(sp)
core   0: 3 0x80009664 (0xffa14883) x17 0x00000000 mem 0x8001313d
core   0: 0x80009668 (0xffa14403) lbu     s0, -6(sp)
core   0: 3 0x80009668 (0xffa14403) x 8 0x00000000 mem 0x8001313d
core   0: 0x8000966c (0x488bad13) slti    s10, s7, 1160
core   0: 3 0x8000966c (0x488bad13) x26 0x00000001
core   0: 0x80009670 (0xffa14983) lbu     s3, -6(sp)
core   0: 3 0x80009670 (0xffa14983) x19 0x00000000 mem 0x8001313d
core   0: 0x80009674 (0x0296b1b3) mulhu   gp, a3, s1
core   0: 3 0x80009674 (0x0296b1b3) x 3 0x00000000
core   0: 0x80009678 (0x00009b5a) c.add   s6, s6
core   0: 3 0x80009678 (0x9b5a) x22 0x00000000
core   0: 0x8000967a (0x411906b3) sub     a3, s2, a7
core   0: 3 0x8000967a (0x411906b3) x13 0x8002cce4
core   0: 0x8000967e (0x0abdf313) andi    t1, s11, 171
core   0: 3 0x8000967e (0x0abdf313) x 6 0x0000008a
core   0: 0x80009682 (0x000060ad) c.lui   ra, 0xb
core   0: 3 0x80009682 (0x60ad) x 1 0x0000b000
core   0: 0x80009684 (0x0341d433) divu    s0, gp, s4
core   0: 3 0x80009684 (0x0341d433) x 8 0xffffffff
core   0: 0x80009688 (0x00008351) c.srli  a4, 20
core   0: 3 0x80009688 (0x8351) x14 0x00000000
core   0: 0x8000968a (0x4125deb3) sra     t4, a1, s2
core   0: 3 0x8000968a (0x4125deb3) x29 0x00000000
core   0: 0x8000968e (0x03bbe733) rem     a4, s7, s11
core   0: 3 0x8000968e (0x03bbe733) x14 0x00000001
core   0: 0x80009692 (0x00008f25) c.xor   a4, s1
core   0: 3 0x80009692 (0x8f25) x14 0x80028e65
core   0: 0x80009694 (0x0000c589) c.beqz  a1, pc + 10
core   0: 3 0x80009694 (0xc589)
core   0: 0x8000969e (0x35a61b17) auipc   s6, 0x35a61
core   0: 3 0x8000969e (0x35a61b17) x22 0xb5a6a69e
core   0: 0x800096a2 (0x01ddab33) slt     s6, s11, t4
core   0: 3 0x800096a2 (0x01ddab33) x22 0x00000001
core   0: 0x800096a6 (0x01904cb3) xor     s9, zero, s9
core   0: 3 0x800096a6 (0x01904cb3) x25 0xfffffffe
core   0: 0x800096aa (0x00008dc9) c.or    a1, a0
core   0: 3 0x800096aa (0x8dc9) x11 0xfd3e21da
core   0: 0x800096ac (0x00008605) c.srai  a2, 1
core   0: 3 0x800096ac (0x8605) x12 0xf863d000
core   0: 0x800096ae (0x00008fa9) c.xor   a5, a0
core   0: 3 0x800096ae (0x8fa9) x15 0xfd3e21da
core   0: 0x800096b0 (0x00008de1) c.and   a1, s0
core   0: 3 0x800096b0 (0x8de1) x11 0xfd3e21da
core   0: 0x800096b2 (0x02cc7a63) bgeu    s8, a2, pc + 52
core   0: 3 0x800096b2 (0x02cc7a63)
core   0: 0x800096b6 (0x00009e22) c.add   t3, s0
core   0: 3 0x800096b6 (0x9e22) x28 0xffffffff
core   0: 0x800096b8 (0x023c4bb3) div     s7, s8, gp
core   0: 3 0x800096b8 (0x023c4bb3) x23 0xffffffff
core   0: 0x800096bc (0x00006159) c.addi16sp sp, 400
core   0: 3 0x800096bc (0x6159) x 2 0x800132d3
core   0: 0x800096be (0x0000100f) fence.i
core   0: 3 0x800096be (0x0000100f)
core   0: 0x800096c2 (0x40100833) sub     a6, zero, ra
core   0: 3 0x800096c2 (0x40100833) x16 0xffff5000
core   0: 0x800096c6 (0x00000001) c.nop
core   0: 3 0x800096c6 (0x0001)
core   0: 0x800096c8 (0x00008029) c.srli  s0, 10
core   0: 3 0x800096c8 (0x8029) x 8 0x003fffff
core   0: 0x800096ca (0x02c069b3) rem     s3, zero, a2
core   0: 3 0x800096ca (0x02c069b3) x19 0x00000000
core   0: 0x800096ce (0x00006121) c.addi16sp sp, 64
core   0: 3 0x800096ce (0x6121) x 2 0x80013313
core   0: 0x800096d0 (0x25184613) xori    a2, a6, 593
core   0: 3 0x800096d0 (0x25184613) x12 0xffff5251
core   0: 0x800096d4 (0x0000878d) c.srai  a5, 3
core   0: 3 0x800096d4 (0x878d) x15 0xffa7c43b
core   0: 0x800096d6 (0xd5100f13) li      t5, -687
core   0: 3 0x800096d6 (0xd5100f13) x30 0xfffffd51
core   0: 0x800096da (0x0350d063) bge     ra, s5, pc + 32
core   0: 3 0x800096da (0x0350d063)
core   0: 0x800096fa (0x00008ad5) c.andi  a3, 21
core   0: 3 0x800096fa (0x8ad5) x13 0x00000004
core   0: 0x800096fc (0x01f0f433) and     s0, ra, t6
core   0: 3 0x800096fc (0x01f0f433) x 8 0x00008000
core   0: 0x80009700 (0x00008f2d) c.xor   a4, a1
core   0: 3 0x80009700 (0x8f2d) x14 0x7d3cafbf
core   0: 0x80009702 (0x01cf0d33) add     s10, t5, t3
core   0: 3 0x80009702 (0x01cf0d33) x26 0xfffffd50
core   0: 0x80009706 (0x0393d133) divu    sp, t2, s9
core   0: 3 0x80009706 (0x0393d133) x 2 0x00000000
core   0: 0x8000970a (0x0000e595) c.bnez  a1, pc + 44
core   0: 3 0x8000970a (0xe595)
core   0: 0x80009736 (0x41355bb3) sra     s7, a0, s3
core   0: 3 0x80009736 (0x41355bb3) x23 0xfd3e21da
core   0: 0x8000973a (0x00009b7d) c.andi  a4, -1
core   0: 3 0x8000973a (0x9b7d) x14 0x7d3cafbf
core   0: 0x8000973c (0xca38f793) andi    a5, a7, -861
core   0: 3 0x8000973c (0xca38f793) x15 0x00000000
core   0: 0x80009740 (0x0000108c) c.addi4spn a1, sp, 96
core   0: 3 0x80009740 (0x108c) x11 0x00000060
core   0: 0x80009742 (0xa48e3e13) sltiu   t3, t3, -1464
core   0: 3 0x80009742 (0xa48e3e13) x28 0x00000000
core   0: 0x80009746 (0x0000e685) c.bnez  a3, pc + 40
core   0: 3 0x80009746 (0xe685)
core   0: 0x8000976e (0x000081b1) c.srli  a1, 12
core   0: 3 0x8000976e (0x81b1) x11 0x00000000
core   0: 0x80009770 (0x0342c333) div     t1, t0, s4
core   0: 3 0x80009770 (0x0342c333) x 6 0xffffffff
core   0: 0x80009774 (0x1aba5db7) lui     s11, 0x1aba5
core   0: 3 0x80009774 (0x1aba5db7) x27 0x1aba5000
core   0: 0x80009778 (0x405bdf13) srai    t5, s7, 5
core   0: 3 0x80009778 (0x405bdf13) x30 0xffe9f10e
core   0: 0x8000977c (0x40ebdf93) srai    t6, s7, 14
core   0: 3 0x8000977c (0x40ebdf93) x31 0xfffff4f8
core   0: 0x80009780 (0x015b73b3) and     t2, s6, s5
core   0: 3 0x80009780 (0x015b73b3) x 7 0x00000000
core   0: 0x80009784 (0x043b8093) addi    ra, s7, 67
core   0: 3 0x80009784 (0x043b8093) x 1 0xfd3e221d
core   0: 0x80009788 (0x025807b3) mul     a5, a6, t0
core   0: 3 0x80009788 (0x025807b3) x15 0x00000000
core   0: 0x8000978c (0x40de0a33) sub     s4, t3, a3
core   0: 3 0x8000978c (0x40de0a33) x20 0xfffffffc
core   0: 0x80009790 (0x03dbf0b3) remu    ra, s7, t4
core   0: 3 0x80009790 (0x03dbf0b3) x 1 0xfd3e21da
core   0: 0x80009794 (0x0157e6b3) or      a3, a5, s5
core   0: 3 0x80009794 (0x0157e6b3) x13 0xfd3eaffe
core   0: 0x80009798 (0x067f4813) xori    a6, t5, 103
core   0: 3 0x80009798 (0x067f4813) x16 0xffe9f169
core   0: 0x8000979c (0x0000083e) c.slli  a6, 15
core   0: 3 0x8000979c (0x083e) x16 0xf8b48000
core   0: 0x8000979e (0x016c1e13) slli    t3, s8, 22
core   0: 3 0x8000979e (0x016c1e13) x28 0x70000000
core   0: 0x800097a2 (0x4018d813) srai    a6, a7, 1
core   0: 3 0x800097a2 (0x4018d813) x16 0x00000000
core   0: 0x800097a6 (0x00008c36) c.mv    s8, a3
core   0: 3 0x800097a6 (0x8c36) x24 0xfd3eaffe
core   0: 0x800097a8 (0x00008f2e) c.mv    t5, a1
core   0: 3 0x800097a8 (0x8f2e) x30 0x00000000
core   0: 0x800097aa (0x00008372) c.mv    t1, t3
core   0: 3 0x800097aa (0x8372) x 6 0x70000000
core   0: 0x800097ac (0x0157cc33) xor     s8, a5, s5
core   0: 3 0x800097ac (0x0157cc33) x24 0xfd3eaffe
core   0: 0x800097b0 (0x00008f05) c.sub   a4, s1
core   0: 3 0x800097b0 (0x8f05) x14 0xfd3a215b
core   0: 0x800097b2 (0x00008861) c.andi  s0, 24
core   0: 3 0x800097b2 (0x8861) x 8 0x00000000
core   0: 0x800097b4 (0x00008df1) c.and   a1, a2
core   0: 3 0x800097b4 (0x8df1) x11 0x00000000
core   0: 0x800097b6 (0x00008e4d) c.or    a2, a1
core   0: 3 0x800097b6 (0x8e4d) x12 0xffff5251
core   0: 0x800097b8 (0x01eb6463) bltu    s6, t5, pc + 8
core   0: 3 0x800097b8 (0x01eb6463)
core   0: 0x800097bc (0x0c6b1f63) bne     s6, t1, pc + 222
core   0: 3 0x800097bc (0x0c6b1f63)
core   0: 0x8000989a (0x00000114) c.addi4spn a3, sp, 128
core   0: 3 0x8000989a (0x0114) x13 0x00000080
core   0: 0x8000989c (0x00790bb3) add     s7, s2, t2
core   0: 3 0x8000989c (0x00790bb3) x23 0x8002cce4
core   0: 0x800098a0 (0xf913cd93) xori    s11, t2, -111
core   0: 3 0x800098a0 (0xf913cd93) x27 0xffffff91
core   0: 0x800098a4 (0x40285cb3) sra     s9, a6, sp
core   0: 3 0x800098a4 (0x40285cb3) x25 0x00000000
core   0: 0x800098a8 (0x03efc363) blt     t6, t5, pc + 38
core   0: 3 0x800098a8 (0x03efc363)
core   0: 0x800098ce (0x01189813) slli    a6, a7, 17
core   0: 3 0x800098ce (0x01189813) x16 0x00000000
core   0: 0x800098d2 (0x400682b3) sub     t0, a3, zero
core   0: 3 0x800098d2 (0x400682b3) x 5 0x00000080
core   0: 0x800098d6 (0x00796833) or      a6, s2, t2
core   0: 3 0x800098d6 (0x00796833) x16 0x8002cce4
core   0: 0x800098da (0x00009db6) c.add   s11, a3
core   0: 3 0x800098da (0x9db6) x27 0x00000011
core   0: 0x800098dc (0x0000987d) c.andi  s0, -1
core   0: 3 0x800098dc (0x987d) x 8 0x00000000
core   0: 0x800098de (0x00009ba6) c.add   s7, s1
core   0: 3 0x800098de (0x9ba6) x23 0x00055b48
core   0: 0x800098e0 (0x000089c5) c.andi  a1, 17
core   0: 3 0x800098e0 (0x89c5) x11 0x00000000
core   0: 0x800098e2 (0x41e886b3) sub     a3, a7, t5
core   0: 3 0x800098e2 (0x41e886b3) x13 0x00000000
core   0: 0x800098e6 (0xdf77b117) auipc   sp, 0xdf77b
core   0: 3 0x800098e6 (0xdf77b117) x 2 0x5f7848e6
core   0: 0x800098ea (0x00000a10) c.addi4spn a2, sp, 272
core   0: 3 0x800098ea (0x0a10) x12 0x5f7849f6
core   0: 0x800098ec (0x02365c33) divu    s8, a2, gp
core   0: 3 0x800098ec (0x02365c33) x24 0xffffffff
core   0: 0x800098f0 (0xc7897113) andi    sp, s2, -904
core   0: 3 0x800098f0 (0xc7897113) x 2 0x8002cc60
core   0: 0x800098f4 (0x00008789) c.srai  a5, 2
core   0: 3 0x800098f4 (0x8789) x15 0x00000000
core   0: 0x800098f6 (0x02683fb3) mulhu   t6, a6, t1
core   0: 3 0x800098f6 (0x02683fb3) x31 0x380139a3
core   0: 0x800098fa (0x40ed5893) srai    a7, s10, 14
core   0: 3 0x800098fa (0x40ed5893) x17 0xffffffff
core   0: 0x800098fe (0x000086a9) c.srai  a3, 10
core   0: 3 0x800098fe (0x86a9) x13 0x00000000
core   0: 0x80009900 (0x00006d45) c.lui   s10, 0x11
core   0: 3 0x80009900 (0x6d45) x26 0x00011000
core   0: 0x80009902 (0x0239d5b3) divu    a1, s3, gp
core   0: 3 0x80009902 (0x0239d5b3) x11 0xffffffff
core   0: 0x80009906 (0x00004cd1) c.li    s9, 20
core   0: 3 0x80009906 (0x4cd1) x25 0x00000014
core   0: 0x80009908 (0x01f83433) sltu    s0, a6, t6
core   0: 3 0x80009908 (0x01f83433) x 8 0x00000000
core   0: 0x8000990c (0x00008da5) c.xor   a1, s1
core   0: 3 0x8000990c (0x8da5) x11 0x7ffd719b
core   0: 0x8000990e (0x00bfa733) slt     a4, t6, a1
core   0: 3 0x8000990e (0x00bfa733) x14 0x00000001
core   0: 0x80009912 (0x00008452) c.mv    s0, s4
core   0: 3 0x80009912 (0x8452) x 8 0xfffffffc
core   0: 0x80009914 (0x00008c35) c.xor   s0, a3
core   0: 3 0x80009914 (0x8c35) x 8 0xfffffffc
core   0: 0x80009916 (0x00008de5) c.and   a1, s1
core   0: 3 0x80009916 (0x8de5) x11 0x00000000
core   0: 0x80009918 (0x000005ba) c.slli  a1, 14
core   0: 3 0x80009918 (0x05ba) x11 0x00000000
core   0: 0x8000991a (0x0166a833) slt     a6, a3, s6
core   0: 3 0x8000991a (0x0166a833) x16 0x00000001
core   0: 0x8000991e (0x00008d95) c.sub   a1, a3
core   0: 3 0x8000991e (0x8d95) x11 0x00000000
core   0: 0x80009920 (0x00008c11) c.sub   s0, a2
core   0: 3 0x80009920 (0x8c11) x 8 0xa087b606
core   0: 0x80009922 (0x020be8b3) rem     a7, s7, zero
core   0: 3 0x80009922 (0x020be8b3) x17 0x00055b48
core   0: 0x80009926 (0x0000431d) c.li    t1, 7
core   0: 3 0x80009926 (0x431d) x 6 0x00000007
core   0: 0x80009928 (0x0399deb3) divu    t4, s3, s9
core   0: 3 0x80009928 (0x0399deb3) x29 0x00000000
core   0: 0x8000992c (0x0000100f) fence.i
core   0: 3 0x8000992c (0x0000100f)
core   0: 0x80009930 (0x029b2d33) mulhsu  s10, s6, s1
core   0: 3 0x80009930 (0x029b2d33) x26 0x00000000
core   0: 0x80009934 (0x02ae6d33) rem     s10, t3, a0
core   0: 3 0x80009934 (0x02ae6d33) x26 0x01b54a10
core   0: 0x80009938 (0x0000127d) c.addi  tp, -1
core   0: 3 0x80009938 (0x127d) x 4 0xffffffff
core   0: 0x8000993a (0x00a01cb3) sll     s9, zero, a0
core   0: 3 0x8000993a (0x00a01cb3) x25 0x00000000
core   0: 0x8000993e (0x01e9e6b3) or      a3, s3, t5
core   0: 3 0x8000993e (0x01e9e6b3) x13 0x00000000
core   0: 0x80009942 (0x00d57433) and     s0, a0, a3
core   0: 3 0x80009942 (0x00d57433) x 8 0x00000000
core   0: 0x80009946 (0x00009996) c.add   s3, t0
core   0: 3 0x80009946 (0x9996) x19 0x00000080
core   0: 0x80009948 (0xd5e4a693) slti    a3, s1, -674
core   0: 3 0x80009948 (0xd5e4a693) x13 0x00000001
core   0: 0x8000994c (0x639db413) sltiu   s0, s11, 1593
core   0: 3 0x8000994c (0x639db413) x 8 0x00000001
core   0: 0x80009950 (0x10f5f713) andi    a4, a1, 271
core   0: 3 0x80009950 (0x10f5f713) x14 0x00000000
core   0: 0x80009954 (0x40158333) sub     t1, a1, ra
core   0: 3 0x80009954 (0x40158333) x 6 0x02c1de26
core   0: 0x80009958 (0x03e515b3) mulh    a1, a0, t5
core   0: 3 0x80009958 (0x03e515b3) x11 0x00000000
core   0: 0x8000995c (0x76b66793) ori     a5, a2, 1899
core   0: 3 0x8000995c (0x76b66793) x15 0x5f784fff
core   0: 0x80009960 (0x018d93b3) sll     t2, s11, s8
core   0: 3 0x80009960 (0x018d93b3) x 7 0x80000000
core   0: 0x80009964 (0x018c9c63) bne     s9, s8, pc + 24
core   0: 3 0x80009964 (0x018c9c63)
core   0: 0x8000997c (0x02179b63) bne     a5, ra, pc + 54
core   0: 3 0x8000997c (0x02179b63)
core   0: 0x800099b2 (0x00000112) c.slli  sp, 4
core   0: 3 0x800099b2 (0x0112) x 2 0x002cc600
core   0: 0x800099b4 (0x00009b66) c.add   s6, s9
core   0: 3 0x800099b4 (0x9b66) x22 0x00000001
core   0: 0x800099b6 (0x03c2b5b3) mulhu   a1, t0, t3
core   0: 3 0x800099b6 (0x03c2b5b3) x11 0x00000038
core   0: 0x800099ba (0x02f1cd63) blt     gp, a5, pc + 58
core   0: 3 0x800099ba (0x02f1cd63)
core   0: 0x800099f4 (0x000063d5) c.lui   t2, 0x15
core   0: 3 0x800099f4 (0x63d5) x 7 0x00015000
core   0: 0x800099f6 (0xdbc13d93) sltiu   s11, sp, -580
core   0: 3 0x800099f6 (0xdbc13d93) x27 0x00000001
core   0: 0x800099fa (0x00008dbd) c.xor   a1, a5
core   0: 3 0x800099fa (0x8dbd) x11 0x5f784fc7
core   0: 0x800099fc (0x00619a93) slli    s5, gp, 6
core   0: 3 0x800099fc (0x00619a93) x21 0x00000000
core   0: 0x80009a00 (0x02e62fb3) mulhsu  t6, a2, a4
core   0: 3 0x80009a00 (0x02e62fb3) x31 0x00000000
core   0: 0x80009a04 (0x04455063) bge     a0, tp, pc + 64
core   0: 3 0x80009a04 (0x04455063)
core   0: 0x80009a08 (0x5f4b8e93) addi    t4, s7, 1524
core   0: 3 0x80009a08 (0x5f4b8e93) x29 0x0005613c
core   0: 0x80009a0c (0x0137dbb3) srl     s7, a5, s3
core   0: 3 0x80009a0c (0x0137dbb3) x23 0x5f784fff
core   0: 0x80009a10 (0x0000100f) fence.i
core   0: 3 0x80009a10 (0x0000100f)
core   0: 0x80009a14 (0x00d41e13) slli    t3, s0, 13
core   0: 3 0x80009a14 (0x00d41e13) x28 0x00002000
core   0: 0x80009a18 (0x01687733) and     a4, a6, s6
core   0: 3 0x80009a18 (0x01687733) x14 0x00000001
core   0: 0x80009a1c (0x5d6b7413) andi    s0, s6, 1494
core   0: 3 0x80009a1c (0x5d6b7413) x 8 0x00000000
core   0: 0x80009a20 (0x00008c5d) c.or    s0, a5
core   0: 3 0x80009a20 (0x8c5d) x 8 0x5f784fff
core   0: 0x80009a22 (0x00008359) c.srli  a4, 22
core   0: 3 0x80009a22 (0x8359) x14 0x00000000
core   0: 0x80009a24 (0xfa380a13) addi    s4, a6, -93
core   0: 3 0x80009a24 (0xfa380a13) x20 0xffffffa4
core   0: 0x80009a28 (0x03966663) bltu    a2, s9, pc + 44
core   0: 3 0x80009a28 (0x03966663)
core   0: 0x80009a2c (0x03e0b6b3) mulhu   a3, ra, t5
core   0: 3 0x80009a2c (0x03e0b6b3) x13 0x00000000
core   0: 0x80009a30 (0x403680b3) sub     ra, a3, gp
core   0: 3 0x80009a30 (0x403680b3) x 1 0x00000000
core   0: 0x80009a34 (0x00005e7d) c.li    t3, -1
core   0: 3 0x80009a34 (0x5e7d) x28 0xffffffff
core   0: 0x80009a36 (0x03200c33) mul     s8, zero, s2
core   0: 3 0x80009a36 (0x03200c33) x24 0x00000000
core   0: 0x80009a3a (0x0000067e) c.slli  a2, 31
core   0: 3 0x80009a3a (0x067e) x12 0x00000000
core   0: 0x80009a3c (0x000091a6) c.add   gp, s1
core   0: 3 0x80009a3c (0x91a6) x 3 0x80028e64
core   0: 0x80009a3e (0x000083a1) c.srli  a5, 8
core   0: 3 0x80009a3e (0x83a1) x15 0x005f784f
core   0: 0x80009a40 (0x00ffd993) srli    s3, t6, 15
core   0: 3 0x80009a40 (0x00ffd993) x19 0x00000000
core   0: 0x80009a44 (0x00da9d63) bne     s5, a3, pc + 26
core   0: 3 0x80009a44 (0x00da9d63)
core   0: 0x80009a48 (0xf06bf413) andi    s0, s7, -250
core   0: 3 0x80009a48 (0xf06bf413) x 8 0x5f784f06
core   0: 0x80009a4c (0x02f99233) mulh    tp, s3, a5
core   0: 3 0x80009a4c (0x02f99233) x 4 0x00000000
core   0: 0x80009a50 (0x0000876d) c.srai  a4, 27
core   0: 3 0x80009a50 (0x876d) x14 0x00000000
core   0: 0x80009a52 (0x0000613d) c.addi16sp sp, 480
core   0: 3 0x80009a52 (0x613d) x 2 0x002cc7e0
core   0: 0x80009a54 (0x00000001) c.nop
core   0: 3 0x80009a54 (0x0001)
core   0: 0x80009a56 (0x0ff0000f) fence   iorw,iorw
core   0: 3 0x80009a56 (0x0ff0000f)
core   0: 0x80009a5a (0x034fd9b3) divu    s3, t6, s4
core   0: 3 0x80009a5a (0x034fd9b3) x19 0x00000000
core   0: 0x80009a5e (0x038919b3) mulh    s3, s2, s8
core   0: 3 0x80009a5e (0x038919b3) x19 0x00000000
core   0: 0x80009a62 (0x019b3c33) sltu    s8, s6, s9
core   0: 3 0x80009a62 (0x019b3c33) x24 0x00000000
core   0: 0x80009a66 (0x01233bb3) sltu    s7, t1, s2
core   0: 3 0x80009a66 (0x01233bb3) x23 0x00000001
core   0: 0x80009a6a (0x41ad89b3) sub     s3, s11, s10
core   0: 3 0x80009a6a (0x41ad89b3) x19 0xfe4ab5f1
core   0: 0x80009a6e (0x5c7adcb7) lui     s9, 0x5c7ad
core   0: 3 0x80009a6e (0x5c7adcb7) x25 0x5c7ad000
core   0: 0x80009a72 (0x01345033) srl     zero, s0, s3
core   0: 3 0x80009a72 (0x01345033)
core   0: 0x80009a76 (0x00000001) c.nop
core   0: 3 0x80009a76 (0x0001)
core   0: 0x80009a78 (0x03224233) div     tp, tp, s2
core   0: 3 0x80009a78 (0x03224233) x 4 0x00000000
core   0: 0x80009a7c (0x038b8f63) beq     s7, s8, pc + 62
core   0: 3 0x80009a7c (0x038b8f63)
core   0: 0x80009a80 (0x00d48f33) add     t5, s1, a3
core   0: 3 0x80009a80 (0x00d48f33) x30 0x80028e64
core   0: 0x80009a84 (0x0000e685) c.bnez  a3, pc + 40
core   0: 3 0x80009a84 (0xe685)
core   0: 0x80009a86 (0x0ff0000f) fence   iorw,iorw
core   0: 3 0x80009a86 (0x0ff0000f)
core   0: 0x80009a8a (0x0202ad33) mulhsu  s10, t0, zero
core   0: 3 0x80009a8a (0x0202ad33) x26 0x00000000
core   0: 0x80009a8e (0x038aa133) mulhsu  sp, s5, s8
core   0: 3 0x80009a8e (0x038aa133) x 2 0x00000000
core   0: 0x80009a92 (0x8e281017) auipc   zero, 0x8e281
core   0: 3 0x80009a92 (0x8e281017)
core   0: 0x80009a96 (0x01af1263) bne     t5, s10, pc + 4
core   0: 3 0x80009a96 (0x01af1263)
core   0: 0x80009a9a (0x01e35363) bge     t1, t5, pc + 6
core   0: 3 0x80009a9a (0x01e35363)
core   0: 0x80009aa0 (0x02d0fdb3) remu    s11, ra, a3
core   0: 3 0x80009aa0 (0x02d0fdb3) x27 0x00000000
core   0: 0x80009aa4 (0x46a3aa13) slti    s4, t2, 1130
core   0: 3 0x80009aa4 (0x46a3aa13) x20 0x00000000
core   0: 0x80009aa8 (0x00d407b3) add     a5, s0, a3
core   0: 3 0x80009aa8 (0x00d407b3) x15 0x5f784f06
core   0: 0x80009aac (0x03fc5563) bge     s8, t6, pc + 42
core   0: 3 0x80009aac (0x03fc5563)
core   0: 0x80009ad6 (0x00009332) c.add   t1, a2
core   0: 3 0x80009ad6 (0x9332) x 6 0x02c1de26
core   0: 0x80009ad8 (0x0000187d) c.addi  a6, -1
core   0: 3 0x80009ad8 (0x187d) x16 0x00000000
core   0: 0x80009ada (0x01125b33) srl     s6, tp, a7
core   0: 3 0x80009ada (0x01125b33) x22 0x00000000
core   0: 0x80009ade (0x0000af97) auipc   t6, 0xa
core   0: 3 0x80009ade (0x0000af97) x31 0x80013ade
core   0: 0x80009ae2 (0x022f8f93) addi    t6, t6, 34
core   0: 3 0x80009ae2 (0x022f8f93) x31 0x80013b00
core   0: 0x80009ae6 (0xffbf8e83) lb      t4, -5(t6)
core   0: 3 0x80009ae6 (0xffbf8e83) x29 0x00000000 mem 0x80013afb
core   0: 0x80009aea (0xffdf8da3) sb      t4, -5(t6)
core   0: 3 0x80009aea (0xffdf8da3) mem 0x80013afb 0x0
core   0: 0x80009aee (0x000089fa) c.mv    s3, t5
core   0: 3 0x80009aee (0x89fa) x19 0x80028e64
core   0: 0x80009af0 (0x6caf7c93) andi    s9, t5, 1738
core   0: 3 0x80009af0 (0x6caf7c93) x25 0x00000640
core   0: 0x80009af4 (0x00bfcb03) lbu     s6, 11(t6)
core   0: 3 0x80009af4 (0x00bfcb03) x22 0x00000000 mem 0x80013b0b
core   0: 0x80009af8 (0xff4f88a3) sb      s4, -15(t6)
core   0: 3 0x80009af8 (0xff4f88a3) mem 0x80013af1 0x0
core   0: 0x80009afc (0xff7f8403) lb      s0, -9(t6)
core   0: 3 0x80009afc (0xff7f8403) x 8 0x00000000 mem 0x80013af7
core   0: 0x80009b00 (0xff7f8083) lb      ra, -9(t6)
core   0: 3 0x80009b00 (0xff7f8083) x 1 0x00000000 mem 0x80013af7
core   0: 0x80009b04 (0x01b55813) srli    a6, a0, 27
core   0: 3 0x80009b04 (0x01b55813) x16 0x0000001f
core   0: 0x80009b08 (0xff4f8ba3) sb      s4, -9(t6)
core   0: 3 0x80009b08 (0xff4f8ba3) mem 0x80013af7 0x0
core   0: 0x80009b0c (0xff1f8ba3) sb      a7, -9(t6)
core   0: 3 0x80009b0c (0xff1f8ba3) mem 0x80013af7 0x48
core   0: 0x80009b10 (0xffcf8ba3) sb      t3, -9(t6)
core   0: 3 0x80009b10 (0xffcf8ba3) mem 0x80013af7 0xff
core   0: 0x80009b14 (0x00000001) c.nop
core   0: 3 0x80009b14 (0x0001)
core   0: 0x80009b16 (0xff7fc703) lbu     a4, -9(t6)
core   0: 3 0x80009b16 (0xff7fc703) x14 0x000000ff mem 0x80013af7
core   0: 0x80009b1a (0x007fa733) slt     a4, t6, t2
core   0: 3 0x80009b1a (0x007fa733) x14 0x00000001
core   0: 0x80009b1e (0x000b9c93) slli    s9, s7, 0
core   0: 3 0x80009b1e (0x000b9c93) x25 0x00000001
core   0: 0x80009b22 (0x000006f2) c.slli  a3, 28
core   0: 3 0x80009b22 (0x06f2) x13 0x00000000
core   0: 0x80009b24 (0x01e88bb3) add     s7, a7, t5
core   0: 3 0x80009b24 (0x01e88bb3) x23 0x8007e9ac
core   0: 0x80009b28 (0x03e318b3) mulh    a7, t1, t5
core   0: 3 0x80009b28 (0x03e318b3) x17 0xfe9f17f9
core   0: 0x80009b2c (0x0ff0000f) fence   iorw,iorw
core   0: 3 0x80009b2c (0x0ff0000f)
core   0: 0x80009b30 (0x01525393) srli    t2, tp, 21
core   0: 3 0x80009b30 (0x01525393) x 7 0x00000000
core   0: 0x80009b34 (0x01dd5293) srli    t0, s10, 29
core   0: 3 0x80009b34 (0x01dd5293) x 5 0x00000000
core   0: 0x80009b38 (0x02366d33) rem     s10, a2, gp
core   0: 3 0x80009b38 (0x02366d33) x26 0x00000000
core   0: 0x80009b3c (0xbbb6ed13) ori     s10, a3, -1093
core   0: 3 0x80009b3c (0xbbb6ed13) x26 0xfffffbbb
core   0: 0x80009b40 (0x041a1063) bne     s4, ra, pc + 64
core   0: 3 0x80009b40 (0x041a1063)
core   0: 0x80009b44 (0x00004d89) c.li    s11, 2
core   0: 3 0x80009b44 (0x4d89) x27 0x00000002
core   0: 0x80009b46 (0x0140d613) srli    a2, ra, 20
core   0: 3 0x80009b46 (0x0140d613) x12 0x00000000
core   0: 0x80009b4a (0xd6a6c237) lui     tp, 0xd6a6c
core   0: 3 0x80009b4a (0xd6a6c237) x 4 0xd6a6c000
core   0: 0x80009b4e (0x015c36b3) sltu    a3, s8, s5
core   0: 3 0x80009b4e (0x015c36b3) x13 0x00000000
core   0: 0x80009b52 (0x1791b413) sltiu   s0, gp, 377
core   0: 3 0x80009b52 (0x1791b413) x 8 0x00000000
core   0: 0x80009b56 (0x00004661) c.li    a2, 24
core   0: 3 0x80009b56 (0x4661) x12 0x00000018
core   0: 0x80009b58 (0x0000c819) c.beqz  s0, pc + 22
core   0: 3 0x80009b58 (0xc819)
core   0: 0x80009b6e (0x00008e59) c.or    a2, a4
core   0: 3 0x80009b6e (0x8e59) x12 0x00000019
core   0: 0x80009b70 (0x412b0c33) sub     s8, s6, s2
core   0: 3 0x80009b70 (0x412b0c33) x24 0x7ffd331c
core   0: 0x80009b74 (0x0000040e) c.slli  s0, 3
core   0: 3 0x80009b74 (0x040e) x 8 0x00000000
core   0: 0x80009b76 (0x01e6fbb3) and     s7, a3, t5
core   0: 3 0x80009b76 (0x01e6fbb3) x23 0x00000000
core   0: 0x80009b7a (0x40eddb13) srai    s6, s11, 14
core   0: 3 0x80009b7a (0x40eddb13) x22 0x00000000
core   0: 0x80009b7e (0x00000001) c.nop
core   0: 3 0x80009b7e (0x0001)
core   0: 0x80009b80 (0x41868db3) sub     s11, a3, s8
core   0: 3 0x80009b80 (0x41868db3) x27 0x8002cce4
core   0: 0x80009b84 (0x0000cd89) c.beqz  a1, pc + 26
core   0: 3 0x80009b84 (0xcd89)
core   0: 0x80009b86 (0x00008069) c.srli  s0, 26
core   0: 3 0x80009b86 (0x8069) x 8 0x00000000
core   0: 0x80009b88 (0x4034d713) srai    a4, s1, 3
core   0: 3 0x80009b88 (0x4034d713) x14 0xf00051cc
core   0: 0x80009b8c (0x0000911a) c.add   sp, t1
core   0: 3 0x80009b8c (0x911a) x 2 0x02c1de26
core   0: 0x80009b8e (0x000018fd) c.addi  a7, -1
core   0: 3 0x80009b8e (0x18fd) x17 0xfe9f17f8
core   0: 0x80009b90 (0x03039d63) bne     t2, a6, pc + 58
core   0: 3 0x80009b90 (0x03039d63)
core   0: 0x80009bca (0x00009e4e) c.add   t3, s3
core   0: 3 0x80009bca (0x9e4e) x28 0x80028e63
core   0: 0x80009bcc (0x01867333) and     t1, a2, s8
core   0: 3 0x80009bcc (0x01867333) x 6 0x00000018
core   0: 0x80009bd0 (0x0161d193) srli    gp, gp, 22
core   0: 3 0x80009bd0 (0x0161d193) x 3 0x00000200
core   0: 0x80009bd4 (0x0145e3b3) or      t2, a1, s4
core   0: 3 0x80009bd4 (0x0145e3b3) x 7 0x5f784fc7
core   0: 0x80009bd8 (0x412485b3) sub     a1, s1, s2
core   0: 3 0x80009bd8 (0x412485b3) x11 0xffffc180
core   0: 0x80009bdc (0x00008331) c.srli  a4, 12
core   0: 3 0x80009bdc (0x8331) x14 0x000f0005
core   0: 0x80009bde (0x03258263) beq     a1, s2, pc + 36
core   0: 3 0x80009bde (0x03258263)
core   0: 0x80009be2 (0x00009ff2) c.add   t6, t3
core   0: 3 0x80009be2 (0x9ff2) x31 0x0003c963
core   0: 0x80009be4 (0x036de963) bltu    s11, s6, pc + 50
core   0: 3 0x80009be4 (0x036de963)
core   0: 0x80009be8 (0x03f4d863) bge     s1, t6, pc + 48
core   0: 3 0x80009be8 (0x03f4d863)
core   0: 0x80009bec (0x03f9f433) remu    s0, s3, t6
core   0: 3 0x80009bec (0x03f9f433) x 8 0x0000bdba
core   0: 0x80009bf0 (0x00000e94) c.addi4spn a3, sp, 848
core   0: 3 0x80009bf0 (0x0e94) x13 0x02c1e176
core   0: 0x80009bf2 (0x4724c113) xori    sp, s1, 1138
core   0: 3 0x80009bf2 (0x4724c113) x 2 0x80028a16
core   0: 0x80009bf6 (0x00000ec5) c.addi  t4, 17
core   0: 3 0x80009bf6 (0x0ec5) x29 0x00000011
core   0: 0x80009bf8 (0x000081bd) c.srli  a1, 15
core   0: 3 0x80009bf8 (0x81bd) x11 0x0001ffff
core   0: 0x80009bfa (0x00008d91) c.sub   a1, a2
core   0: 3 0x80009bfa (0x8d91) x11 0x0001ffe6
core   0: 0x80009bfc (0x023df463) bgeu    s11, gp, pc + 40
core   0: 3 0x80009bfc (0x023df463)
core   0: 0x80009c24 (0x00008031) c.srli  s0, 12
core   0: 3 0x80009c24 (0x8031) x 8 0x0000000b
core   0: 0x80009c26 (0x00008dd5) c.or    a1, a3
core   0: 3 0x80009c26 (0x8dd5) x11 0x02c1fff6
core   0: 0x80009c28 (0x82443293) sltiu   t0, s0, -2012
core   0: 3 0x80009c28 (0x82443293) x 5 0x00000001
core   0: 0x80009c2c (0x00001d7d) c.addi  s10, -1
core   0: 3 0x80009c2c (0x1d7d) x26 0xfffffbba
core   0: 0x80009c2e (0x03c64763) blt     a2, t3, pc + 46
core   0: 3 0x80009c2e (0x03c64763)
core   0: 0x80009c32 (0x005529b3) slt     s3, a0, t0
core   0: 3 0x80009c32 (0x005529b3) x19 0x00000001
core   0: 0x80009c36 (0x0000e789) c.bnez  a5, pc + 10
core   0: 3 0x80009c36 (0xe789)
core   0: 0x80009c40 (0xfa573993) sltiu   s3, a4, -91
core   0: 3 0x80009c40 (0xfa573993) x19 0x00000001
core   0: 0x80009c44 (0x003d7db3) and     s11, s10, gp
core   0: 3 0x80009c44 (0x003d7db3) x27 0x00000200
core   0: 0x80009c48 (0x3e01deb7) lui     t4, 0x3e01d
core   0: 3 0x80009c48 (0x3e01deb7) x29 0x3e01d000
core   0: 0x80009c4c (0x000061ad) c.lui   gp, 0xb
core   0: 3 0x80009c4c (0x61ad) x 3 0x0000b000
core   0: 0x80009c4e (0x00008235) c.srli  a2, 13
core   0: 3 0x80009c4e (0x8235) x12 0x00000000
core   0: 0x80009c50 (0x02d2bd33) mulhu   s10, t0, a3
core   0: 3 0x80009c50 (0x02d2bd33) x26 0x00000000
core   0: 0x80009c54 (0x000082b9) c.srli  a3, 14
core   0: 3 0x80009c54 (0x82b9) x13 0x00000b07
core   0: 0x80009c56 (0xf1cbde37) lui     t3, 0xf1cbd
core   0: 3 0x80009c56 (0xf1cbde37) x28 0xf1cbd000
core   0: 0x80009c5a (0x00006be5) c.lui   s7, 0x19
core   0: 3 0x80009c5a (0x6be5) x23 0x00019000
core   0: 0x80009c5c (0x00008c71) c.and   s0, a2
core   0: 3 0x80009c5c (0x8c71) x 8 0x00000000
core   0: 0x80009c5e (0x022da233) mulhsu  tp, s11, sp
core   0: 3 0x80009c5e (0x022da233) x 4 0x00000100
core   0: 0x80009c62 (0x00001b94) c.addi4spn a3, sp, 496
core   0: 3 0x80009c62 (0x1b94) x13 0x80028c06
core   0: 0x80009c64 (0x00008eb5) c.xor   a3, a3
core   0: 3 0x80009c64 (0x8eb5) x13 0x00000000
core   0: 0x80009c66 (0x0000617d) c.addi16sp sp, 496
core   0: 3 0x80009c66 (0x617d) x 2 0x80028c06
core   0: 0x80009c68 (0x4008d6b3) sra     a3, a7, zero
core   0: 3 0x80009c68 (0x4008d6b3) x13 0xfe9f17f8
core   0: 0x80009c6c (0x92fcbf93) sltiu   t6, s9, -1745
core   0: 3 0x80009c6c (0x92fcbf93) x31 0x00000001
core   0: 0x80009c70 (0x409d8433) sub     s0, s11, s1
core   0: 3 0x80009c70 (0x409d8433) x 8 0x7ffd739c
core   0: 0x80009c74 (0x00008fe5) c.and   a5, s1
core   0: 3 0x80009c74 (0x8fe5) x15 0x00000e04
core   0: 0x80009c76 (0x00008a5d) c.andi  a2, 23
core   0: 3 0x80009c76 (0x8a5d) x12 0x00000000
core   0: 0x80009c78 (0x03bd8e63) beq     s11, s11, pc + 60
core   0: 3 0x80009c78 (0x03bd8e63)
core   0: 0x80009cb4 (0x00329263) bne     t0, gp, pc + 4
core   0: 3 0x80009cb4 (0x00329263)
core   0: 0x80009cb8 (0x02fac1b3) div     gp, s5, a5
core   0: 3 0x80009cb8 (0x02fac1b3) x 3 0x00000000
core   0: 0x80009cbc (0xdcd00b17) auipc   s6, 0xdcd00
core   0: 3 0x80009cbc (0xdcd00b17) x22 0x5cd09cbc
core   0: 0x80009cc0 (0xfb361e17) auipc   t3, 0xfb361
core   0: 3 0x80009cc0 (0xfb361e17) x28 0x7b36acc0
core   0: 0x80009cc4 (0x015cd213) srli    tp, s9, 21
core   0: 3 0x80009cc4 (0x015cd213) x 4 0x00000000
core   0: 0x80009cc8 (0x000089d6) c.mv    s3, s5
core   0: 3 0x80009cc8 (0x89d6) x19 0x00000000
core   0: 0x80009cca (0x02d619b3) mulh    s3, a2, a3
core   0: 3 0x80009cca (0x02d619b3) x19 0x00000000
core   0: 0x80009cce (0x0000100f) fence.i
core   0: 3 0x80009cce (0x0000100f)
core   0: 0x80009cd2 (0x015c6e33) or      t3, s8, s5
core   0: 3 0x80009cd2 (0x015c6e33) x28 0x7ffd331c
core   0: 0x80009cd6 (0x00008f05) c.sub   a4, s1
core   0: 3 0x80009cd6 (0x8f05) x14 0x800c71a1
core   0: 0x80009cd8 (0x006046b3) xor     a3, zero, t1
core   0: 3 0x80009cd8 (0x006046b3) x13 0x00000018
core   0: 0x80009cdc (0x02e28d33) mul     s10, t0, a4
core   0: 3 0x80009cdc (0x02e28d33) x26 0x800c71a1
core   0: 0x80009ce0 (0x02c58e33) mul     t3, a1, a2
core   0: 3 0x80009ce0 (0x02c58e33) x28 0x00000000
core   0: 0x80009ce4 (0x02edda63) bge     s11, a4, pc + 52
core   0: 3 0x80009ce4 (0x02edda63)
core   0: 0x80009d18 (0x0ff0000f) fence   iorw,iorw
core   0: 3 0x80009d18 (0x0ff0000f)
core   0: 0x80009d1c (0x020347b3) div     a5, t1, zero
core   0: 3 0x80009d1c (0x020347b3) x15 0xffffffff
core   0: 0x80009d20 (0x000016fd) c.addi  a3, -1
core   0: 3 0x80009d20 (0x16fd) x13 0x00000017
core   0: 0x80009d22 (0x032199b3) mulh    s3, gp, s2
core   0: 3 0x80009d22 (0x032199b3) x19 0x00000000
core   0: 0x80009d26 (0x22794113) xori    sp, s2, 551
core   0: 3 0x80009d26 (0x22794113) x 2 0x8002cec3
core   0: 0x80009d2a (0x000010fd) c.addi  ra, -1
core   0: 3 0x80009d2a (0x10fd) x 1 0xffffffff
core   0: 0x80009d2c (0x00000001) c.nop
core   0: 3 0x80009d2c (0x0001)
core   0: 0x80009d2e (0x24232e93) slti    t4, t1, 578
core   0: 3 0x80009d2e (0x24232e93) x29 0x00000001
core   0: 0x80009d32 (0x0ff0000f) fence   iorw,iorw
core   0: 3 0x80009d32 (0x0ff0000f)
core   0: 0x80009d36 (0x025277b3) remu    a5, tp, t0
core   0: 3 0x80009d36 (0x025277b3) x15 0x00000000
core   0: 0x80009d3a (0x011defb3) or      t6, s11, a7
core   0: 3 0x80009d3a (0x011defb3) x31 0xfe9f17f8
core   0: 0x80009d3e (0x0000c405) c.beqz  s0, pc + 40
core   0: 3 0x80009d3e (0xc405)
core   0: 0x80009d40 (0x000087c1) c.srai  a5, 16
core   0: 3 0x80009d40 (0x87c1) x15 0x00000000
core   0: 0x80009d42 (0x00006151) c.addi16sp sp, 272
core   0: 3 0x80009d42 (0x6151) x 2 0x8002cfd3
core   0: 0x80009d44 (0x0351d0b3) divu    ra, gp, s5
core   0: 3 0x80009d44 (0x0351d0b3) x 1 0xffffffff
core   0: 0x80009d48 (0x05970063) beq     a4, s9, pc + 64
core   0: 3 0x80009d48 (0x05970063)
core   0: 0x80009d4c (0x0000c819) c.beqz  s0, pc + 22
core   0: 3 0x80009d4c (0xc819)
core   0: 0x80009d4e (0x0000ea9d) c.bnez  a3, pc + 54
core   0: 3 0x80009d4e (0xea9d)
core   0: 0x80009d84 (0x02bcf963) bgeu    s9, a1, pc + 50
core   0: 3 0x80009d84 (0x02bcf963)
core   0: 0x80009d88 (0x0000717d) c.addi16sp sp, -16
core   0: 3 0x80009d88 (0x717d) x 2 0x8002cfc3
core   0: 0x80009d8a (0x00008071) c.srli  s0, 28
core   0: 3 0x80009d8a (0x8071) x 8 0x00000007
core   0: 0x80009d8c (0x0000616d) c.addi16sp sp, 240
core   0: 3 0x80009d8c (0x616d) x 2 0x8002d0b3
core   0: 0x80009d8e (0x27e6c613) xori    a2, a3, 638
core   0: 3 0x80009d8e (0x27e6c613) x12 0x00000269
core   0: 0x80009d92 (0x0cd5db63) bge     a1, a3, pc + 214
core   0: 3 0x80009d92 (0x0cd5db63)
core   0: 0x80009e68 (0x40d10633) sub     a2, sp, a3
core   0: 3 0x80009e68 (0x40d10633) x12 0x8002d09c
core   0: 0x80009e6c (0x0195cf33) xor     t5, a1, s9
core   0: 3 0x80009e6c (0x0195cf33) x30 0x02c1fff7
core   0: 0x80009e70 (0x41835613) srai    a2, t1, 24
core   0: 3 0x80009e70 (0x41835613) x12 0x00000000
core   0: 0x80009e74 (0x0325abb3) mulhsu  s7, a1, s2
core   0: 3 0x80009e74 (0x0325abb3) x23 0x016107b4
core   0: 0x80009e78 (0x6806fb17) auipc   s6, 0x6806f
core   0: 3 0x80009e78 (0x6806fb17) x22 0xe8078e78
core   0: 0x80009e7c (0x00000631) c.addi  a2, 12
core   0: 3 0x80009e7c (0x0631) x12 0x0000000c
core   0: 0x80009e7e (0x03bfb833) mulhu   a6, t6, s11
core   0: 3 0x80009e7e (0x03bfb833) x16 0x000001fd
core   0: 0x80009e82 (0x41b40fb3) sub     t6, s0, s11
core   0: 3 0x80009e82 (0x41b40fb3) x31 0xfffffe07
core   0: 0x80009e86 (0x00000a8d) c.addi  s5, 3
core   0: 3 0x80009e86 (0x0a8d) x21 0x00000003
core   0: 0x80009e88 (0x01611c93) slli    s9, sp, 22
core   0: 3 0x80009e88 (0x01611c93) x25 0x2cc00000
core   0: 0x80009e8c (0x00008e22) c.mv    t3, s0
core   0: 3 0x80009e8c (0x8e22) x28 0x00000007
core   0: 0x80009e8e (0x00f68fb3) add     t6, a3, a5
core   0: 3 0x80009e8e (0x00f68fb3) x31 0x00000017
core   0: 0x80009e92 (0x00f6fb63) bgeu    a3, a5, pc + 22
core   0: 3 0x80009e92 (0x00f6fb63)
core   0: 0x80009ea8 (0xb6d7f013) andi    zero, a5, -1171
core   0: 3 0x80009ea8 (0xb6d7f013)
core   0: 0x80009eac (0x0000ed99) c.bnez  a1, pc + 30
core   0: 3 0x80009eac (0xed99)
core   0: 0x80009eca (0x0000117d) c.addi  sp, -1
core   0: 3 0x80009eca (0x117d) x 2 0x8002d0b2
core   0: 0x80009ecc (0x00000980) c.addi4spn s0, sp, 208
core   0: 3 0x80009ecc (0x0980) x 8 0x8002d182
core   0: 0x80009ece (0x00008fb5) c.xor   a5, a3
core   0: 3 0x80009ece (0x8fb5) x15 0x00000017
core   0: 0x80009ed0 (0x0000e309) c.bnez  a4, pc + 2
core   0: 3 0x80009ed0 (0xe309)
core   0: 0x80009ed2 (0x000067a5) c.lui   a5, 0x9
core   0: 3 0x80009ed2 (0x67a5) x15 0x00009000
core   0: 0x80009ed4 (0x002019b3) sll     s3, zero, sp
core   0: 3 0x80009ed4 (0x002019b3) x19 0x00000000
core   0: 0x80009ed8 (0x00d5a733) slt     a4, a1, a3
core   0: 3 0x80009ed8 (0x00d5a733) x14 0x00000000
core   0: 0x80009edc (0x044ddd17) auipc   s10, 0x44dd
core   0: 3 0x80009edc (0x044ddd17) x26 0x844e6edc
core   0: 0x80009ee0 (0x00008e06) c.mv    t3, ra
core   0: 3 0x80009ee0 (0x8e06) x28 0xffffffff
core   0: 0x80009ee2 (0x0000717d) c.addi16sp sp, -16
core   0: 3 0x80009ee2 (0x717d) x 2 0x8002d0a2
core   0: 0x80009ee4 (0x0105adb3) slt     s11, a1, a6
core   0: 3 0x80009ee4 (0x0105adb3) x27 0x00000000
core   0: 0x80009ee8 (0x032f2033) mulhsu  zero, t5, s2
core   0: 3 0x80009ee8 (0x032f2033)
core   0: 0x80009eec (0x888b2e93) slti    t4, s6, -1912
core   0: 3 0x80009eec (0x888b2e93) x29 0x00000001
core   0: 0x80009ef0 (0x75dc55b7) lui     a1, 0x75dc5
core   0: 3 0x80009ef0 (0x75dc55b7) x11 0x75dc5000
core   0: 0x80009ef4 (0x40bb5293) srai    t0, s6, 11
core   0: 3 0x80009ef4 (0x40bb5293) x 5 0xfffd00f1
core   0: 0x80009ef8 (0x015b2bb3) slt     s7, s6, s5
core   0: 3 0x80009ef8 (0x015b2bb3) x23 0x00000001
core   0: 0x80009efc (0x00008035) c.srli  s0, 13
core   0: 3 0x80009efc (0x8035) x 8 0x00040016
core   0: 0x80009efe (0x02f04133) div     sp, zero, a5
core   0: 3 0x80009efe (0x02f04133) x 2 0x00000000
core   0: 0x80009f02 (0x00000c85) c.addi  s9, 1
core   0: 3 0x80009f02 (0x0c85) x25 0x2cc00001
core   0: 0x80009f04 (0x00006829) c.lui   a6, 0xa
core   0: 3 0x80009f04 (0x6829) x16 0x0000a000
core   0: 0x80009f06 (0x41a78e33) sub     t3, a5, s10
core   0: 3 0x80009f06 (0x41a78e33) x28 0x7bb22124
core   0: 0x80009f0a (0x00008a5e) c.mv    s4, s7
core   0: 3 0x80009f0a (0x8a5e) x20 0x00000001
core   0: 0x80009f0c (0x03b355b3) divu    a1, t1, s11
core   0: 3 0x80009f0c (0x03b355b3) x11 0xffffffff
core   0: 0x80009f10 (0x03661db3) mulh    s11, a2, s6
core   0: 3 0x80009f10 (0x03661db3) x27 0xfffffffe
core   0: 0x80009f14 (0x028302b3) mul     t0, t1, s0
core   0: 3 0x80009f14 (0x028302b3) x 5 0x00600210
core   0: 0x80009f18 (0x0000717d) c.addi16sp sp, -16
core   0: 3 0x80009f18 (0x717d) x 2 0xfffffff0
core   0: 0x80009f1a (0x025c5763) bge     s8, t0, pc + 46
core   0: 3 0x80009f1a (0x025c5763)
core   0: 0x80009f48 (0x00008dc9) c.or    a1, a0
core   0: 3 0x80009f48 (0x8dc9) x11 0xffffffff
core   0: 0x80009f4a (0x000085cd) c.srai  a1, 19
core   0: 3 0x80009f4a (0x85cd) x11 0xffffffff
core   0: 0x80009f4c (0x00008ed1) c.or    a3, a2
core   0: 3 0x80009f4c (0x8ed1) x13 0x0000001f
core   0: 0x80009f4e (0x02adbcb3) mulhu   s9, s11, a0
core   0: 3 0x80009f4e (0x02adbcb3) x25 0xfd3e21d8
core   0: 0x80009f52 (0x01587e33) and     t3, a6, s5
core   0: 3 0x80009f52 (0x01587e33) x28 0x00000000
core   0: 0x80009f56 (0x448951b7) lui     gp, 0x44895
core   0: 3 0x80009f56 (0x448951b7) x 3 0x44895000
core   0: 0x80009f5a (0x00008d8e) c.mv    s11, gp
core   0: 3 0x80009f5a (0x8d8e) x27 0x44895000
core   0: 0x80009f5c (0x03d05e33) divu    t3, zero, t4
core   0: 3 0x80009f5c (0x03d05e33) x28 0x00000000
core   0: 0x80009f60 (0x00502e33) slt     t3, zero, t0
core   0: 3 0x80009f60 (0x00502e33) x28 0x00000001
core   0: 0x80009f64 (0x0e73bc93) sltiu   s9, t2, 231
core   0: 3 0x80009f64 (0x0e73bc93) x25 0x00000000
core   0: 0x80009f68 (0x00008d8d) c.sub   a1, a1
core   0: 3 0x80009f68 (0x8d8d) x11 0x00000000
core   0: 0x80009f6a (0x00008f55) c.or    a4, a3
core   0: 3 0x80009f6a (0x8f55) x14 0x0000001f
core   0: 0x80009f6c (0x0000717d) c.addi16sp sp, -16
core   0: 3 0x80009f6c (0x717d) x 2 0xffffffe0
core   0: 0x80009f6e (0x00000001) c.nop
core   0: 3 0x80009f6e (0x0001)
core   0: 0x80009f70 (0x039d4b63) blt     s10, s9, pc + 54
core   0: 3 0x80009f70 (0x039d4b63)
core   0: 0x80009fa6 (0x02ab9eb3) mulh    t4, s7, a0
core   0: 3 0x80009fa6 (0x02ab9eb3) x29 0xffffffff
core   0: 0x80009faa (0x00000001) c.nop
core   0: 3 0x80009faa (0x0001)
core   0: 0x80009fac (0x00008ac9) c.andi  a3, 18
core   0: 3 0x80009fac (0x8ac9) x13 0x00000012
core   0: 0x80009fae (0x00973d33) sltu    s10, a4, s1
core   0: 3 0x80009fae (0x00973d33) x26 0x00000001
core   0: 0x80009fb2 (0x00008ef9) c.and   a3, a4
core   0: 3 0x80009fb2 (0x8ef9) x13 0x00000012
core   0: 0x80009fb4 (0x03d68ab3) mul     s5, a3, t4
core   0: 3 0x80009fb4 (0x03d68ab3) x21 0xffffffee
core   0: 0x80009fb8 (0x0000988e) c.add   a7, gp
core   0: 3 0x80009fb8 (0x988e) x17 0x432867f8
core   0: 0x80009fba (0x504c3d17) auipc   s10, 0x504c3
core   0: 3 0x80009fba (0x504c3d17) x26 0xd04ccfba
core   0: 0x80009fbe (0x00e54233) xor     tp, a0, a4
core   0: 3 0x80009fbe (0x00e54233) x 4 0xfd3e21c5
core   0: 0x80009fc2 (0x01b96bb3) or      s7, s2, s11
core   0: 3 0x80009fc2 (0x01b96bb3) x23 0xc48bdce4
core   0: 0x80009fc6 (0x00008fed) c.and   a5, a1
core   0: 3 0x80009fc6 (0x8fed) x15 0x00000000
core   0: 0x80009fc8 (0x00009117) auipc   sp, 0x9
core   0: 3 0x80009fc8 (0x00009117) x 2 0x80012fc8
core   0: 0x80009fcc (0x3db10113) addi    sp, sp, 987
core   0: 3 0x80009fcc (0x3db10113) x 2 0x800133a3
core   0: 0x80009fd0 (0x03d10023) sb      t4, 32(sp)
core   0: 3 0x80009fd0 (0x03d10023) mem 0x800133c3 0xff
core   0: 0x80009fd4 (0xfd210803) lb      a6, -46(sp)
core   0: 3 0x80009fd4 (0xfd210803) x16 0x00000000 mem 0x80013375
core   0: 0x80009fd8 (0x03f4ac33) mulhsu  s8, s1, t6
core   0: 3 0x80009fd8 (0x03f4ac33) x24 0xfffffff4
core   0: 0x80009fdc (0xfd2113a3) sh      s2, -57(sp)
core   0: 3 0x80009fdc (0xfd2113a3) mem 0x8001336a 0xcce4
core   0: 0x80009fe0 (0x0000822a) c.mv    tp, a0
core   0: 3 0x80009fe0 (0x822a) x 4 0xfd3e21da
core   0: 0x80009fe2 (0xfc714583) lbu     a1, -57(sp)
core   0: 3 0x80009fe2 (0xfc714583) x11 0x000000e4 mem 0x8001336a
core   0: 0x80009fe6 (0xfce10323) sb      a4, -58(sp)
core   0: 3 0x80009fe6 (0xfce10323) mem 0x80013369 0x1f
core   0: 0x80009fea (0xfc810323) sb      s0, -58(sp)
core   0: 3 0x80009fea (0xfc810323) mem 0x80013369 0x16
core   0: 0x80009fee (0xfc614683) lbu     a3, -58(sp)
core   0: 3 0x80009fee (0xfc614683) x13 0x00000016 mem 0x80013369
core   0: 0x80009ff2 (0x03714b03) lbu     s6, 55(sp)
core   0: 3 0x80009ff2 (0x03714b03) x22 0x00000000 mem 0x800133da
core   0: 0x80009ff6 (0xfd214f83) lbu     t6, -46(sp)
core   0: 3 0x80009ff6 (0xfd214f83) x31 0x00000000 mem 0x80013375
core   0: 0x80009ffa (0xfcd14c03) lbu     s8, -51(sp)
core   0: 3 0x80009ffa (0xfcd14c03) x24 0x00000000 mem 0x80013370
core   0: 0x80009ffe (0x02b15303) lhu     t1, 43(sp)
core   0: 3 0x80009ffe (0x02b15303) x 6 0x00000000 mem 0x800133ce
core   0: 0x8000a002 (0x03b14603) lbu     a2, 59(sp)
core   0: 3 0x8000a002 (0x03b14603) x12 0x00000000 mem 0x800133de
core   0: 0x8000a006 (0xffa10283) lb      t0, -6(sp)
core   0: 3 0x8000a006 (0xffa10283) x 5 0x00000000 mem 0x8001339d
core   0: 0x8000a00a (0xfd010423) sb      a6, -56(sp)
core   0: 3 0x8000a00a (0xfd010423) mem 0x8001336b 0x0
core   0: 0x8000a00e (0xfc810183) lb      gp, -56(sp)
core   0: 3 0x8000a00e (0xfc810183) x 3 0x00000000 mem 0x8001336b
core   0: 0x8000a012 (0x00005cfd) c.li    s9, -1
core   0: 3 0x8000a012 (0x5cfd) x25 0xffffffff
core   0: 0x8000a014 (0x035df6b3) remu    a3, s11, s5
core   0: 3 0x8000a014 (0x035df6b3) x13 0x44895000
core   0: 0x8000a018 (0x01ce1b13) slli    s6, t3, 28
core   0: 3 0x8000a018 (0x01ce1b13) x22 0x10000000
core   0: 0x8000a01c (0x03110723) sb      a7, 46(sp)
core   0: 3 0x8000a01c (0x03110723) mem 0x800133d1 0xf8
core   0: 0x8000a020 (0x02410403) lb      s0, 36(sp)
core   0: 3 0x8000a020 (0x02410403) x 8 0x00000000 mem 0x800133c7
core   0: 0x8000a024 (0x03940333) mul     t1, s0, s9
core   0: 3 0x8000a024 (0x03940333) x 6 0x00000000
core   0: 0x8000a028 (0x02410b03) lb      s6, 36(sp)
core   0: 3 0x8000a028 (0x02410b03) x22 0x00000000 mem 0x800133c7
core   0: 0x8000a02c (0xff912e83) lw      t4, -7(sp)
core   0: 3 0x8000a02c (0xff912e83) x29 0x00000000 mem 0x8001339c
core   0: 0x8000a030 (0xa01111b7) lui     gp, 0xa0111
core   0: 3 0x8000a030 (0xa01111b7) x 3 0xa0111000
core   0: 0x8000a034 (0x00000b91) c.addi  s7, 4
core   0: 3 0x8000a034 (0x0b91) x23 0xc48bdce8
core   0: 0x8000a036 (0x00008fd9) c.or    a5, a4
core   0: 3 0x8000a036 (0x8fd9) x15 0x0000001f
core   0: 0x8000a038 (0x015ec263) blt     t4, s5, pc + 4
core   0: 3 0x8000a038 (0x015ec263)
core   0: 0x8000a03c (0x106e0193) addi    gp, t3, 262
core   0: 3 0x8000a03c (0x106e0193) x 3 0x00000107
core   0: 0x8000a040 (0x7ec27c13) andi    s8, tp, 2028
core   0: 3 0x8000a040 (0x7ec27c13) x24 0x000001c8
core   0: 0x8000a044 (0x8b5e7c93) andi    s9, t3, -1867
core   0: 3 0x8000a044 (0x8b5e7c93) x25 0x00000001
core   0: 0x8000a048 (0x00008fc5) c.or    a5, s1
core   0: 3 0x8000a048 (0x8fc5) x15 0x80028e7f
core   0: 0x8000a04a (0x01825813) srli    a6, tp, 24
core   0: 3 0x8000a04a (0x01825813) x16 0x000000fd
core   0: 0x8000a04e (0x418489b3) sub     s3, s1, s8
core   0: 3 0x8000a04e (0x418489b3) x19 0x80028c9c
core   0: 0x8000a052 (0x000085f1) c.srai  a1, 28
core   0: 3 0x8000a052 (0x85f1) x11 0x00000000
core   0: 0x8000a054 (0x00006761) c.lui   a4, 0x18
core   0: 3 0x8000a054 (0x6761) x14 0x00018000
core   0: 0x8000a056 (0x41df5893) srai    a7, t5, 29
core   0: 3 0x8000a056 (0x41df5893) x17 0x00000000
core   0: 0x8000a05a (0x00000001) c.nop
core   0: 3 0x8000a05a (0x0001)
core   0: 0x8000a05c (0x0000c285) c.beqz  a3, pc + 32
core   0: 3 0x8000a05c (0xc285)
core   0: 0x8000a05e (0x05858263) beq     a1, s8, pc + 68
core   0: 3 0x8000a05e (0x05858263)
core   0: 0x8000a062 (0x000099fe) c.add   s3, t6
core   0: 3 0x8000a062 (0x99fe) x19 0x80028c9c
core   0: 0x8000a064 (0x02474ab3) div     s5, a4, tp
core   0: 3 0x8000a064 (0x02474ab3) x21 0x00000000
core   0: 0x8000a068 (0x002b2bb3) slt     s7, s6, sp
core   0: 3 0x8000a068 (0x002b2bb3) x23 0x00000000
core   0: 0x8000a06c (0x41c6dd13) srai    s10, a3, 28
core   0: 3 0x8000a06c (0x41c6dd13) x26 0x00000004
core   0: 0x8000a070 (0x00ca6393) ori     t2, s4, 12
core   0: 3 0x8000a070 (0x00ca6393) x 7 0x0000000d
core   0: 0x8000a074 (0x00008761) c.srai  a4, 24
core   0: 3 0x8000a074 (0x8761) x14 0x00000000
core   0: 0x8000a076 (0x03aeb2b3) mulhu   t0, t4, s10
core   0: 3 0x8000a076 (0x03aeb2b3) x 5 0x00000000
core   0: 0x8000a07a (0x00008db1) c.xor   a1, a2
core   0: 3 0x8000a07a (0x8db1) x11 0x00000000
core   0: 0x8000a07c (0x03a6a833) mulhsu  a6, a3, s10
core   0: 3 0x8000a07c (0x03a6a833) x16 0x00000001
core   0: 0x8000a080 (0x000512b3) sll     t0, a0, zero
core   0: 3 0x8000a080 (0x000512b3) x 5 0xfd3e21da
core   0: 0x8000a084 (0x0000e40d) c.bnez  s0, pc + 42
core   0: 3 0x8000a084 (0xe40d)
core   0: 0x8000a086 (0x0000e321) c.bnez  a4, pc + 64
core   0: 3 0x8000a086 (0xe321)
core   0: 0x8000a088 (0x04650363) beq     a0, t1, pc + 70
core   0: 3 0x8000a088 (0x04650363)
core   0: 0x8000a08c (0x03deca33) div     s4, t4, t4
core   0: 3 0x8000a08c (0x03deca33) x20 0xffffffff
core   0: 0x8000a090 (0x1f201d97) auipc   s11, 0x1f201
core   0: 3 0x8000a090 (0x1f201d97) x27 0x9f20b090
core   0: 0x8000a094 (0x00debe33) sltu    t3, t4, a3
core   0: 3 0x8000a094 (0x00debe33) x28 0x00000001
core   0: 0x8000a098 (0x022fe5b3) rem     a1, t6, sp
core   0: 3 0x8000a098 (0x022fe5b3) x11 0x00000000
core   0: 0x8000a09c (0x00008dd9) c.or    a1, a4
core   0: 3 0x8000a09c (0x8dd9) x11 0x00000000
core   0: 0x8000a09e (0x026492b3) mulh    t0, s1, t1
core   0: 3 0x8000a09e (0x026492b3) x 5 0x00000000
core   0: 0x8000a0a2 (0x000f8997) auipc   s3, 0xf8
core   0: 3 0x8000a0a2 (0x000f8997) x19 0x801020a2
core   0: 0x8000a0a6 (0x0064ceb3) xor     t4, s1, t1
core   0: 3 0x8000a0a6 (0x0064ceb3) x29 0x80028e64
core   0: 0x8000a0aa (0x05754163) blt     a0, s7, pc + 66
core   0: 3 0x8000a0aa (0x05754163)
core   0: 0x8000a0ec (0x00004c95) c.li    s9, 5
core   0: 3 0x8000a0ec (0x4c95) x25 0x00000005
core   0: 0x8000a0ee (0x7fbf7617) auipc   a2, 0x7fbf7
core   0: 3 0x8000a0ee (0x7fbf7617) x12 0xffc010ee
core   0: 0x8000a0f2 (0x00004631) c.li    a2, 12
core   0: 3 0x8000a0f2 (0x4631) x12 0x0000000c
core   0: 0x8000a0f4 (0x00015117) auipc   sp, 0x15
core   0: 3 0x8000a0f4 (0x00015117) x 2 0x8001f0f4
core   0: 0x8000a0f8 (0xb2510113) addi    sp, sp, -1243
core   0: 3 0x8000a0f8 (0xb2510113) x 2 0x8001ec19
core   0: 0x8000a0fc (0xffb12283) lw      t0, -5(sp)
core   0: 3 0x8000a0fc (0xffb12283) x 5 0x00000000 mem 0x8001ec14
core   0: 0x8000a100 (0xfdf12783) lw      a5, -33(sp)
core   0: 3 0x8000a100 (0xfdf12783) x15 0x00000000 mem 0x8001ebf8
core   0: 0x8000a104 (0x01c14183) lbu     gp, 28(sp)
core   0: 3 0x8000a104 (0x01c14183) x 3 0x00000000 mem 0x8001ec35
core   0: 0x8000a108 (0x01010e23) sb      a6, 28(sp)
core   0: 3 0x8000a108 (0x01010e23) mem 0x8001ec35 0x1
core   0: 0x8000a10c (0x03715f03) lhu     t5, 55(sp)
core   0: 3 0x8000a10c (0x03715f03) x30 0x00000000 mem 0x8001ec50
core   0: 0x8000a110 (0xfe610a03) lb      s4, -26(sp)
core   0: 3 0x8000a110 (0xfe610a03) x20 0x00000021 mem 0x8001ebff
core   0: 0x8000a114 (0xffa10323) sb      s10, -26(sp)
core   0: 3 0x8000a114 (0xffa10323) mem 0x8001ebff 0x4
core   0: 0x8000a118 (0x01a10e23) sb      s10, 28(sp)
core   0: 3 0x8000a118 (0x01a10e23) mem 0x8001ec35 0x4
core   0: 0x8000a11c (0xfeb12d83) lw      s11, -21(sp)
core   0: 3 0x8000a11c (0xfeb12d83) x27 0x00000000 mem 0x8001ec04
core   0: 0x8000a120 (0x40c10833) sub     a6, sp, a2
core   0: 3 0x8000a120 (0x40c10833) x16 0x8001ec0d
core   0: 0x8000a124 (0xffe121a3) sw      t5, -29(sp)
core   0: 3 0x8000a124 (0xffe121a3) mem 0x8001ebfc 0x00000000
core   0: 0x8000a128 (0x6f9df413) andi    s0, s11, 1785
core   0: 3 0x8000a128 (0x6f9df413) x 8 0x00000000
core   0: 0x8000a12c (0x0ff0000f) fence   iorw,iorw
core   0: 3 0x8000a12c (0x0ff0000f)
core   0: 0x8000a130 (0x0080de13) srli    t3, ra, 8
core   0: 3 0x8000a130 (0x0080de13) x28 0x00ffffff
core   0: 0x8000a134 (0xff114e83) lbu     t4, -15(sp)
core   0: 3 0x8000a134 (0xff114e83) x29 0x0000003e mem 0x8001ec0a
core   0: 0x8000a138 (0xff115183) lhu     gp, -15(sp)
core   0: 3 0x8000a138 (0xff115183) x 3 0x0000fd3e mem 0x8001ec0a
core   0: 0x8000a13c (0x97618a93) addi    s5, gp, -1674
core   0: 3 0x8000a13c (0x97618a93) x21 0x0000f6b4
core   0: 0x8000a140 (0xff114883) lbu     a7, -15(sp)
core   0: 3 0x8000a140 (0xff114883) x17 0x0000003e mem 0x8001ec0a
core   0: 0x8000a144 (0xff114d03) lbu     s10, -15(sp)
core   0: 3 0x8000a144 (0xff114d03) x26 0x0000003e mem 0x8001ec0a
core   0: 0x8000a148 (0xfd610823) sb      s6, -48(sp)
core   0: 3 0x8000a148 (0xfd610823) mem 0x8001ebe9 0x0
core   0: 0x8000a14c (0xfd010a03) lb      s4, -48(sp)
core   0: 3 0x8000a14c (0xfd010a03) x20 0x00000000 mem 0x8001ebe9
core   0: 0x8000a150 (0x00008edd) c.or    a3, a5
core   0: 3 0x8000a150 (0x8edd) x13 0x44895000
core   0: 0x8000a152 (0x415689b3) sub     s3, a3, s5
core   0: 3 0x8000a152 (0x415689b3) x19 0x4488594c
core   0: 0x8000a156 (0x01410c03) lb      s8, 20(sp)
core   0: 3 0x8000a156 (0x01410c03) x24 0x00000000 mem 0x8001ec2d
core   0: 0x8000a15a (0x01414883) lbu     a7, 20(sp)
core   0: 3 0x8000a15a (0x01414883) x17 0x00000000 mem 0x8001ec2d
core   0: 0x8000a15e (0xfee10223) sb      a4, -28(sp)
core   0: 3 0x8000a15e (0xfee10223) mem 0x8001ebfd 0x0
core   0: 0x8000a162 (0x000087b5) c.srai  a5, 13
core   0: 3 0x8000a162 (0x87b5) x15 0x00000000
core   0: 0x8000a164 (0x00010817) auipc   a6, 0x10
core   0: 3 0x8000a164 (0x00010817) x16 0x8001a164
core   0: 0x8000a168 (0x92580813) addi    a6, a6, -1755
core   0: 3 0x8000a168 (0x92580813) x16 0x80019a89
core   0: 0x8000a16c (0x00009697) auipc   a3, 0x9
core   0: 3 0x8000a16c (0x00009697) x13 0x8001316c
core   0: 0x8000a170 (0x0ac68693) addi    a3, a3, 172
core   0: 3 0x8000a170 (0x0ac68693) x13 0x80013218
core   0: 0x8000a174 (0xc8884e83) lbu     t4, -888(a6)
core   0: 3 0x8000a174 (0xc8884e83) x29 0x00000000 mem 0x80019711
core   0: 0x8000a178 (0x94d80283) lb      t0, -1715(a6)
core   0: 3 0x8000a178 (0x94d80283) x 5 0x00000000 mem 0x800193d6
core   0: 0x8000a17c (0xfc46c583) lbu     a1, -60(a3)
core   0: 3 0x8000a17c (0xfc46c583) x11 0x00000000 mem 0x800131dc
core   0: 0x8000a180 (0x1b380f23) sb      s3, 446(a6)
core   0: 3 0x8000a180 (0x1b380f23) mem 0x80019c47 0x4c
core   0: 0x8000a184 (0x1d3819a3) sh      s3, 467(a6)
core   0: 3 0x8000a184 (0x1d3819a3) mem 0x80019c5c 0x594c
core   0: 0x8000a188 (0x01b6cb83) lbu     s7, 27(a3)
core   0: 3 0x8000a188 (0x01b6cb83) x23 0x00000000 mem 0x80013233
core   0: 0x8000a18c (0xa9480a23) sb      s4, -1388(a6)
core   0: 3 0x8000a18c (0xa9480a23) mem 0x8001951d 0x0
core   0: 0x8000a190 (0xfcd6c403) lbu     s0, -51(a3)
core   0: 3 0x8000a190 (0xfcd6c403) x 8 0x00000000 mem 0x800131e5
core   0: 0x8000a194 (0xfc368f83) lb      t6, -61(a3)
core   0: 3 0x8000a194 (0xfc368f83) x31 0x00000000 mem 0x800131db
core   0: 0x8000a198 (0x05d80103) lb      sp, 93(a6)
core   0: 3 0x8000a198 (0x05d80103) x 2 0x00000000 mem 0x80019ae6
core   0: 0x8000a19c (0xafe84983) lbu     s3, -1282(a6)
core   0: 3 0x8000a19c (0xafe84983) x19 0x00000000 mem 0x80019587
core   0: 0x8000a1a0 (0x02068fa3) sb      zero, 63(a3)
core   0: 3 0x8000a1a0 (0x02068fa3) mem 0x80013257 0x0
core   0: 0x8000a1a4 (0xc0a80a03) lb      s4, -1014(a6)
core   0: 3 0x8000a1a4 (0xc0a80a03) x20 0x00000000 mem 0x80019693
core   0: 0x8000a1a8 (0x4af82e83) lw      t4, 1199(a6)
core   0: 3 0x8000a1a8 (0x4af82e83) x29 0x00000000 mem 0x80019f38
core   0: 0x8000a1ac (0x00000001) c.nop
core   0: 3 0x8000a1ac (0x0001)
core   0: 0x8000a1ae (0xce2e2013) slti    zero, t3, -798
core   0: 3 0x8000a1ae (0xce2e2013)
core   0: 0x8000a1b2 (0x41978433) sub     s0, a5, s9
core   0: 3 0x8000a1b2 (0x41978433) x 8 0xfffffffb
core   0: 0x8000a1b6 (0x00006175) c.addi16sp sp, 368
core   0: 3 0x8000a1b6 (0x6175) x 2 0x00000170
core   0: 0x8000a1b8 (0x00ef1b33) sll     s6, t5, a4
core   0: 3 0x8000a1b8 (0x00ef1b33) x22 0x00000000
core   0: 0x8000a1bc (0x00001e1c) c.addi4spn a5, sp, 816
core   0: 3 0x8000a1bc (0x1e1c) x15 0x000004a0
core   0: 0x8000a1be (0x02e0f033) remu    zero, ra, a4
core   0: 3 0x8000a1be (0x02e0f033)
core   0: 0x8000a1c2 (0x038d3433) mulhu   s0, s10, s8
core   0: 3 0x8000a1c2 (0x038d3433) x 8 0x00000000
core   0: 0x8000a1c6 (0x00fb5713) srli    a4, s6, 15
core   0: 3 0x8000a1c6 (0x00fb5713) x14 0x00000000
core   0: 0x8000a1ca (0x00008c35) c.xor   s0, a3
core   0: 3 0x8000a1ca (0x8c35) x 8 0x80013218
core   0: 0x8000a1cc (0x032b7033) remu    zero, s6, s2
core   0: 3 0x8000a1cc (0x032b7033)
core   0: 0x8000a1d0 (0x00008efd) c.and   a3, a5
core   0: 3 0x8000a1d0 (0x8efd) x13 0x00000000
core   0: 0x8000a1d2 (0x40fa8233) sub     tp, s5, a5
core   0: 3 0x8000a1d2 (0x40fa8233) x 4 0x0000f214
core   0: 0x8000a1d6 (0x00008df5) c.and   a1, a3
core   0: 3 0x8000a1d6 (0x8df5) x11 0x00000000
core   0: 0x8000a1d8 (0xf2150e93) addi    t4, a0, -223
core   0: 3 0x8000a1d8 (0xf2150e93) x29 0xfd3e20fb
core   0: 0x8000a1dc (0x02b57063) bgeu    a0, a1, pc + 32
core   0: 3 0x8000a1dc (0x02b57063)
core   0: 0x8000a1fc (0x00008c2d) c.xor   s0, a1
core   0: 3 0x8000a1fc (0x8c2d) x 8 0x80013218
core   0: 0x8000a1fe (0x01404033) xor     zero, zero, s4
core   0: 3 0x8000a1fe (0x01404033)
core   0: 0x8000a202 (0x41bfd5b3) sra     a1, t6, s11
core   0: 3 0x8000a202 (0x41bfd5b3) x11 0x00000000
core   0: 0x8000a206 (0x01586d33) or      s10, a6, s5
core   0: 3 0x8000a206 (0x01586d33) x26 0x8001febd
core   0: 0x8000a20a (0x032f6bb3) rem     s7, t5, s2
core   0: 3 0x8000a20a (0x032f6bb3) x23 0x00000000
core   0: 0x8000a20e (0x036c86b3) mul     a3, s9, s6
core   0: 3 0x8000a20e (0x036c86b3) x13 0x00000000
core   0: 0x8000a212 (0x05c70063) beq     a4, t3, pc + 64
core   0: 3 0x8000a212 (0x05c70063)
core   0: 0x8000a216 (0x83246417) auipc   s0, 0x83246
core   0: 3 0x8000a216 (0x83246417) x 8 0x03250216
core   0: 0x8000a21a (0x00316f63) bltu    sp, gp, pc + 30
core   0: 3 0x8000a21a (0x00316f63)
core   0: 0x8000a238 (0x03bf5d33) divu    s10, t5, s11
core   0: 3 0x8000a238 (0x03bf5d33) x26 0xffffffff
core   0: 0x8000a23c (0x02248ab3) mul     s5, s1, sp
core   0: 3 0x8000a23c (0x02248ab3) x21 0x03acafc0
core   0: 0x8000a240 (0x0032cd33) xor     s10, t0, gp
core   0: 3 0x8000a240 (0x0032cd33) x26 0x0000fd3e
core   0: 0x8000a244 (0x842efd93) andi    s11, t4, -1982
core   0: 3 0x8000a244 (0x842efd93) x27 0xfd3e2042
core   0: 0x8000a248 (0x00008e09) c.sub   a2, a0
core   0: 3 0x8000a248 (0x8e09) x12 0x02c1de32
core   0: 0x8000a24a (0x0172a5b3) slt     a1, t0, s7
core   0: 3 0x8000a24a (0x0172a5b3) x11 0x00000000
core   0: 0x8000a24e (0x0021b7b3) sltu    a5, gp, sp
core   0: 3 0x8000a24e (0x0021b7b3) x15 0x00000000
core   0: 0x8000a252 (0x00008055) c.srli  s0, 21
core   0: 3 0x8000a252 (0x8055) x 8 0x00000019
core   0: 0x8000a254 (0x00008632) c.mv    a2, a2
core   0: 3 0x8000a254 (0x8632) x12 0x02c1de32
core   0: 0x8000a256 (0x00006f4d) c.lui   t5, 0x13
core   0: 3 0x8000a256 (0x6f4d) x30 0x00013000
core   0: 0x8000a258 (0x00008b26) c.mv    s6, s1
core   0: 3 0x8000a258 (0x8b26) x22 0x80028e64
core   0: 0x8000a25a (0x01656833) or      a6, a0, s6
core   0: 3 0x8000a25a (0x01656833) x16 0xfd3eaffe
core   0: 0x8000a25e (0x406a8b33) sub     s6, s5, t1
core   0: 3 0x8000a25e (0x406a8b33) x22 0x03acafc0
core   0: 0x8000a262 (0x048a0463) beq     s4, s0, pc + 72
core   0: 3 0x8000a262 (0x048a0463)
core   0: 0x8000a266 (0x0078cf63) blt     a7, t2, pc + 30
core   0: 3 0x8000a266 (0x0078cf63)
core   0: 0x8000a284 (0xd1e38413) addi    s0, t2, -738
core   0: 3 0x8000a284 (0xd1e38413) x 8 0xfffffd2b
core   0: 0x8000a288 (0x036cdb33) divu    s6, s9, s6
core   0: 3 0x8000a288 (0x036cdb33) x22 0x00000000
core   0: 0x8000a28c (0x03e57fb3) remu    t6, a0, t5
core   0: 3 0x8000a28c (0x03e57fb3) x31 0x0000f1da
core   0: 0x8000a290 (0x00008271) c.srli  a2, 28
core   0: 3 0x8000a290 (0x8271) x12 0x00000000
core   0: 0x8000a292 (0x0000100f) fence.i
core   0: 3 0x8000a292 (0x0000100f)
core   0: 0x8000a296 (0x003c1833) sll     a6, s8, gp
core   0: 3 0x8000a296 (0x003c1833) x16 0x00000000
core   0: 0x8000a29a (0x88d90993) addi    s3, s2, -1907
core   0: 3 0x8000a29a (0x88d90993) x19 0x8002c571
core   0: 0x8000a29e (0x000099fd) c.andi  a1, -1
core   0: 3 0x8000a29e (0x99fd) x11 0x00000000
core   0: 0x8000a2a0 (0x03b1ea33) rem     s4, gp, s11
core   0: 3 0x8000a2a0 (0x03b1ea33) x20 0x0000fd3e
core   0: 0x8000a2a4 (0x017b65b3) or      a1, s6, s7
core   0: 3 0x8000a2a4 (0x017b65b3) x11 0x00000000
core   0: 0x8000a2a8 (0x0000cf99) c.beqz  a5, pc + 30
core   0: 3 0x8000a2a8 (0xcf99)
core   0: 0x8000a2c6 (0x410bd7b3) sra     a5, s7, a6
core   0: 3 0x8000a2c6 (0x410bd7b3) x15 0x00000000
core   0: 0x8000a2ca (0x00000126) c.slli  sp, 9
core   0: 3 0x8000a2ca (0x0126) x 2 0x0002e000
core   0: 0x8000a2cc (0x026d7233) remu    tp, s10, t1
core   0: 3 0x8000a2cc (0x026d7233) x 4 0x0000fd3e
core   0: 0x8000a2d0 (0x001db8b3) sltu    a7, s11, ra
core   0: 3 0x8000a2d0 (0x001db8b3) x17 0x00000001
core   0: 0x8000a2d4 (0x00009bfd) c.andi  a5, -1
core   0: 3 0x8000a2d4 (0x9bfd) x15 0x00000000
core   0: 0x8000a2d6 (0x41ab8b33) sub     s6, s7, s10
core   0: 3 0x8000a2d6 (0x41ab8b33) x22 0xffff02c2
core   0: 0x8000a2da (0x034df363) bgeu    s11, s4, pc + 38
core   0: 3 0x8000a2da (0x034df363)
core   0: 0x8000a300 (0x0000e029) c.bnez  s0, pc + 66
core   0: 3 0x8000a300 (0xe029)
core   0: 0x8000a342 (0x000009d2) c.slli  s3, 20
core   0: 3 0x8000a342 (0x09d2) x19 0x57100000
core   0: 0x8000a344 (0x0000167d) c.addi  a2, -1
core   0: 3 0x8000a344 (0x167d) x12 0xffffffff
core   0: 0x8000a346 (0x01a8efb3) or      t6, a7, s10
core   0: 3 0x8000a346 (0x01a8efb3) x31 0x0000fd3f
core   0: 0x8000a34a (0x00008ecd) c.or    a3, a1
core   0: 3 0x8000a34a (0x8ecd) x13 0x00000000
core   0: 0x8000a34c (0x042fc363) blt     t6, sp, pc + 70
core   0: 3 0x8000a34c (0x042fc363)
core   0: 0x8000a392 (0x00008c05) c.sub   s0, s1
core   0: 3 0x8000a392 (0x8c05) x 8 0x7ffd6ec7
core   0: 0x8000a394 (0x027402b3) mul     t0, s0, t2
core   0: 3 0x8000a394 (0x027402b3) x 5 0x7fdea01b
core   0: 0x8000a398 (0x0000e01d) c.bnez  s0, pc + 38
core   0: 3 0x8000a398 (0xe01d)
core   0: 0x8000a3be (0x00009fce) c.add   t6, s3
core   0: 3 0x8000a3be (0x9fce) x31 0x5710fd3f
core   0: 0x8000a3c0 (0x0000100f) fence.i
core   0: 3 0x8000a3c0 (0x0000100f)
core   0: 0x8000a3c4 (0x00008fb1) c.xor   a5, a2
core   0: 3 0x8000a3c4 (0x8fb1) x15 0xffffffff
core   0: 0x8000a3c6 (0x0000717d) c.addi16sp sp, -16
core   0: 3 0x8000a3c6 (0x717d) x 2 0x0002dff0
core   0: 0x8000a3c8 (0x81788037) lui     zero, 0x81788
core   0: 3 0x8000a3c8 (0x81788037)
core   0: 0x8000a3cc (0x0ff0000f) fence   iorw,iorw
core   0: 3 0x8000a3cc (0x0ff0000f)
core   0: 0x8000a3d0 (0x01adbbb3) sltu    s7, s11, s10
core   0: 3 0x8000a3d0 (0x01adbbb3) x23 0x00000000
core   0: 0x8000a3d4 (0x035875b3) remu    a1, a6, s5
core   0: 3 0x8000a3d4 (0x035875b3) x11 0x00000000
core   0: 0x8000a3d8 (0x000085da) c.mv    a1, s6
core   0: 3 0x8000a3d8 (0x85da) x11 0xffff02c2
core   0: 0x8000a3da (0xa21ecd13) xori    s10, t4, -1503
core   0: 3 0x8000a3da (0xa21ecd13) x26 0x02c1dada
core   0: 0x8000a3de (0x0000447d) c.li    s0, 31
core   0: 3 0x8000a3de (0x447d) x 8 0x0000001f
core   0: 0x8000a3e0 (0x00008435) c.srai  s0, 13
core   0: 3 0x8000a3e0 (0x8435) x 8 0x00000000
core   0: 0x8000a3e2 (0x00008639) c.srai  a2, 14
core   0: 3 0x8000a3e2 (0x8639) x12 0xffffffff
core   0: 0x8000a3e4 (0x03ca46b3) div     a3, s4, t3
core   0: 3 0x8000a3e4 (0x03ca46b3) x13 0x00000000
core   0: 0x8000a3e8 (0x6750bc93) sltiu   s9, ra, 1653
core   0: 3 0x8000a3e8 (0x6750bc93) x25 0x00000000
core   0: 0x8000a3ec (0x00008009) c.srli  s0, 2
core   0: 3 0x8000a3ec (0x8009) x 8 0x00000000
core   0: 0x8000a3ee (0x00000001) c.nop
core   0: 3 0x8000a3ee (0x0001)
core   0: 0x8000a3f0 (0x0000100f) fence.i
core   0: 3 0x8000a3f0 (0x0000100f)
core   0: 0x8000a3f4 (0x000065a1) c.lui   a1, 0x8
core   0: 3 0x8000a3f4 (0x65a1) x11 0x00008000
core   0: 0x8000a3f6 (0x0000ca85) c.beqz  a3, pc + 48
core   0: 3 0x8000a3f6 (0xca85)
core   0: 0x8000a426 (0x02095833) divu    a6, s2, zero
core   0: 3 0x8000a426 (0x02095833) x16 0xffffffff
core   0: 0x8000a42a (0x00008e21) c.xor   a2, s0
core   0: 3 0x8000a42a (0x8e21) x12 0xffffffff
core   0: 0x8000a42c (0x85592293) slti    t0, s2, -1963
core   0: 3 0x8000a42c (0x85592293) x 5 0x00000001
core   0: 0x8000a430 (0x36137293) andi    t0, t1, 865
core   0: 3 0x8000a430 (0x36137293) x 5 0x00000000
core   0: 0x8000a434 (0x00008c59) c.or    s0, a4
core   0: 3 0x8000a434 (0x8c59) x 8 0x00000000
core   0: 0x8000a436 (0x7b778993) addi    s3, a5, 1975
core   0: 3 0x8000a436 (0x7b778993) x19 0x000007b6
core   0: 0x8000a43a (0x0000100f) fence.i
core   0: 3 0x8000a43a (0x0000100f)
core   0: 0x8000a43e (0x0000c1a1) c.beqz  a1, pc + 64
core   0: 3 0x8000a43e (0xc1a1)
core   0: 0x8000a440 (0x0000717d) c.addi16sp sp, -16
core   0: 3 0x8000a440 (0x717d) x 2 0x0002dfe0
core   0: 0x8000a442 (0x00008222) c.mv    tp, s0
core   0: 3 0x8000a442 (0x8222) x 4 0x00000000
core   0: 0x8000a444 (0x41a08733) sub     a4, ra, s10
core   0: 3 0x8000a444 (0x41a08733) x14 0xfd3e2525
core   0: 0x8000a448 (0x015e9733) sll     a4, t4, s5
core   0: 3 0x8000a448 (0x015e9733) x14 0xfd3e20fb
core   0: 0x8000a44c (0x0000861d) c.srai  a2, 7
core   0: 3 0x8000a44c (0x861d) x12 0xffffffff
core   0: 0x8000a44e (0x0246bdb3) mulhu   s11, a3, tp
core   0: 3 0x8000a44e (0x0246bdb3) x27 0x00000000
core   0: 0x8000a452 (0x0307c5b3) div     a1, a5, a6
core   0: 3 0x8000a452 (0x0307c5b3) x11 0x00000001
core   0: 0x8000a456 (0xd4ef6c93) ori     s9, t5, -690
core   0: 3 0x8000a456 (0xd4ef6c93) x25 0xfffffd4e
core   0: 0x8000a45a (0x00001400) c.addi4spn s0, sp, 544
core   0: 3 0x8000a45a (0x1400) x 8 0x0002e200
core   0: 0x8000a45c (0x01106563) bltu    zero, a7, pc + 10
core   0: 3 0x8000a45c (0x01106563)
core   0: 0x8000a466 (0x01692433) slt     s0, s2, s6
core   0: 3 0x8000a466 (0x01692433) x 8 0x00000001
core   0: 0x8000a46a (0xb25f7413) andi    s0, t5, -1243
core   0: 3 0x8000a46a (0xb25f7413) x 8 0x00013000
core   0: 0x8000a46e (0x00d483b3) add     t2, s1, a3
core   0: 3 0x8000a46e (0x00d483b3) x 7 0x80028e64
core   0: 0x8000a472 (0x03797963) bgeu    s2, s7, pc + 50
core   0: 3 0x8000a472 (0x03797963)
core   0: 0x8000a4a4 (0x03cd20b3) mulhsu  ra, s10, t3
core   0: 3 0x8000a4a4 (0x03cd20b3) x 1 0x0002c1da
core   0: 0x8000a4a8 (0x00375413) srli    s0, a4, 3
core   0: 3 0x8000a4a8 (0x00375413) x 8 0x1fa7c41f
core   0: 0x8000a4ac (0x00000001) c.nop
core   0: 3 0x8000a4ac (0x0001)
core   0: 0x8000a4ae (0x00000a9c) c.addi4spn a5, sp, 336
core   0: 3 0x8000a4ae (0x0a9c) x15 0x0002e130
core   0: 0x8000a4b0 (0x00fa0633) add     a2, s4, a5
core   0: 3 0x8000a4b0 (0x00fa0633) x12 0x0003de6e
core   0: 0x8000a4b4 (0x03670c33) mul     s8, a4, s6
core   0: 3 0x8000a4b4 (0x03670c33) x24 0x445bf436
core   0: 0x8000a4b8 (0x4dcdb713) sltiu   a4, s11, 1244
core   0: 3 0x8000a4b8 (0x4dcdb713) x14 0x00000001
core   0: 0x8000a4bc (0x00008da9) c.xor   a1, a0
core   0: 3 0x8000a4bc (0x8da9) x11 0xfd3e21db
core   0: 0x8000a4be (0x00008ef9) c.and   a3, a4
core   0: 3 0x8000a4be (0x8ef9) x13 0x00000000
core   0: 0x8000a4c0 (0x00008292) c.mv    t0, tp
core   0: 3 0x8000a4c0 (0x8292) x 5 0x00000000
core   0: 0x8000a4c2 (0x00a0de93) srli    t4, ra, 10
core   0: 3 0x8000a4c2 (0x00a0de93) x29 0x000000b0
core   0: 0x8000a4c6 (0x00588eb3) add     t4, a7, t0
core   0: 3 0x8000a4c6 (0x00588eb3) x29 0x00000001
core   0: 0x8000a4ca (0x00008d99) c.sub   a1, a4
core   0: 3 0x8000a4ca (0x8d99) x11 0xfd3e21da
core   0: 0x8000a4cc (0x03e75c63) bge     a4, t5, pc + 56
core   0: 3 0x8000a4cc (0x03e75c63)
core   0: 0x8000a4d0 (0x00008fa5) c.xor   a5, s1
core   0: 3 0x8000a4d0 (0x8fa5) x15 0x80006f54
core   0: 0x8000a4d2 (0x007b9663) bne     s7, t2, pc + 12
core   0: 3 0x8000a4d2 (0x007b9663)
core   0: 0x8000a4de (0x40b10733) sub     a4, sp, a1
core   0: 3 0x8000a4de (0x40b10733) x14 0x02c4be06
core   0: 0x8000a4e2 (0x00000001) c.nop
core   0: 3 0x8000a4e2 (0x0001)
core   0: 0x8000a4e4 (0x3e923593) sltiu   a1, tp, 1001
core   0: 3 0x8000a4e4 (0x3e923593) x11 0x00000001
core   0: 0x8000a4e8 (0x01940633) add     a2, s0, s9
core   0: 3 0x8000a4e8 (0x01940633) x12 0x1fa7c16d
core   0: 0x8000a4ec (0x00004dbd) c.li    s11, 15
core   0: 3 0x8000a4ec (0x4dbd) x27 0x0000000f
core   0: 0x8000a4ee (0x03a2da33) divu    s4, t0, s10
core   0: 3 0x8000a4ee (0x03a2da33) x20 0x00000000
core   0: 0x8000a4f2 (0x019d1393) slli    t2, s10, 25
core   0: 3 0x8000a4f2 (0x019d1393) x 7 0xb4000000
core   0: 0x8000a4f6 (0x00da5693) srli    a3, s4, 13
core   0: 3 0x8000a4f6 (0x00da5693) x13 0x00000000
core   0: 0x8000a4fa (0x86457593) andi    a1, a0, -1948
core   0: 3 0x8000a4fa (0x86457593) x11 0xfd3e2040
core   0: 0x8000a4fe (0x00419833) sll     a6, gp, tp
core   0: 3 0x8000a4fe (0x00419833) x16 0x0000fd3e
core   0: 0x8000a502 (0x000065a5) c.lui   a1, 0x9
core   0: 3 0x8000a502 (0x65a5) x11 0x00009000
core   0: 0x8000a504 (0x01307e63) bgeu    zero, s3, pc + 28
core   0: 3 0x8000a504 (0x01307e63)
core   0: 0x8000a508 (0xcce8bd93) sltiu   s11, a7, -818
core   0: 3 0x8000a508 (0xcce8bd93) x27 0x00000001
core   0: 0x8000a50c (0x01b4cd33) xor     s10, s1, s11
core   0: 3 0x8000a50c (0x01b4cd33) x26 0x80028e65
core   0: 0x8000a510 (0x33d3f413) andi    s0, t2, 829
core   0: 3 0x8000a510 (0x33d3f413) x 8 0x00000000
core   0: 0x8000a514 (0x01323333) sltu    t1, tp, s3
core   0: 3 0x8000a514 (0x01323333) x 6 0x00000001
core   0: 0x8000a518 (0x015b3617) auipc   a2, 0x15b3
core   0: 3 0x8000a518 (0x015b3617) x12 0x815bd518
core   0: 0x8000a51c (0x41415a93) srai    s5, sp, 20
core   0: 3 0x8000a51c (0x41415a93) x21 0x00000000
core   0: 0x8000a520 (0x00008e79) c.and   a2, a4
core   0: 3 0x8000a520 (0x8e79) x12 0x00409400
core   0: 0x8000a522 (0x037ecc63) blt     t4, s7, pc + 56
core   0: 3 0x8000a522 (0x037ecc63)
core   0: 0x8000a526 (0x000f8a33) add     s4, t6, zero
core   0: 3 0x8000a526 (0x000f8a33) x20 0x5710fd3f
core   0: 0x8000a52a (0x40ac8133) sub     sp, s9, a0
core   0: 3 0x8000a52a (0x40ac8133) x 2 0x02c1db74
core   0: 0x8000a52e (0x00008f59) c.or    a4, a4
core   0: 3 0x8000a52e (0x8f59) x14 0x02c4be06
core   0: 0x8000a530 (0x005a4433) xor     s0, s4, t0
core   0: 3 0x8000a530 (0x005a4433) x 8 0x5710fd3f
core   0: 0x8000a534 (0x00008e75) c.and   a2, a3
core   0: 3 0x8000a534 (0x8e75) x12 0x00000000
core   0: 0x8000a536 (0x007b1e33) sll     t3, s6, t2
core   0: 3 0x8000a536 (0x007b1e33) x28 0xffff02c2
core   0: 0x8000a53a (0x00009d32) c.add   s10, a2
core   0: 3 0x8000a53a (0x9d32) x26 0x80028e65
core   0: 0x8000a53c (0x00000001) c.nop
core   0: 3 0x8000a53c (0x0001)
core   0: 0x8000a53e (0x0000c61d) c.beqz  a2, pc + 46
core   0: 3 0x8000a53e (0xc61d)
core   0: 0x8000a56c (0x00005bfd) c.li    s7, -1
core   0: 3 0x8000a56c (0x5bfd) x23 0xffffffff
core   0: 0x8000a56e (0x37d90713) addi    a4, s2, 893
core   0: 3 0x8000a56e (0x37d90713) x14 0x8002d061
core   0: 0x8000a572 (0x00ae7d33) and     s10, t3, a0
core   0: 3 0x8000a572 (0x00ae7d33) x26 0xfd3e00c2
core   0: 0x8000a576 (0x899fcd13) xori    s10, t6, -1895
core   0: 3 0x8000a576 (0x899fcd13) x26 0xa8ef05a6
core   0: 0x8000a57a (0x00006135) c.addi16sp sp, 352
core   0: 3 0x8000a57a (0x6135) x 2 0x02c1dcd4
core   0: 0x8000a57c (0x00008f3d) c.xor   a4, a5
core   0: 3 0x8000a57c (0x8f3d) x14 0x0002bf35
core   0: 0x8000a57e (0x000009e9) c.addi  s3, 26
core   0: 3 0x8000a57e (0x09e9) x19 0x000007d0
core   0: 0x8000a580 (0x6b160f93) addi    t6, a2, 1713
core   0: 3 0x8000a580 (0x6b160f93) x31 0x000006b1
core   0: 0x8000a584 (0xf4f33213) sltiu   tp, t1, -177
core   0: 3 0x8000a584 (0xf4f33213) x 4 0x00000001
core   0: 0x8000a588 (0x000052fd) c.li    t0, -1
core   0: 3 0x8000a588 (0x52fd) x 5 0xffffffff
core   0: 0x8000a58a (0x00009606) c.add   a2, ra
core   0: 3 0x8000a58a (0x9606) x12 0x0002c1da
core   0: 0x8000a58c (0x00008172) c.mv    sp, t3
core   0: 3 0x8000a58c (0x8172) x 2 0xffff02c2
core   0: 0x8000a58e (0x03e596b3) mulh    a3, a1, t5
core   0: 3 0x8000a58e (0x03e596b3) x13 0x00000000
core   0: 0x8000a592 (0x02ca6eb3) rem     t4, s4, a2
core   0: 3 0x8000a592 (0x02ca6eb3) x29 0x00024711
core   0: 0x8000a596 (0x0107e6b3) or      a3, a5, a6
core   0: 3 0x8000a596 (0x0107e6b3) x13 0x8000ff7e
core   0: 0x8000a59a (0x40c35d93) srai    s11, t1, 12
core   0: 3 0x8000a59a (0x40c35d93) x27 0x00000000
core   0: 0x8000a59e (0x41cbd3b3) sra     t2, s7, t3
core   0: 3 0x8000a59e (0x41cbd3b3) x 7 0xffffffff
core   0: 0x8000a5a2 (0x01b7aa33) slt     s4, a5, s11
core   0: 3 0x8000a5a2 (0x01b7aa33) x20 0x00000001
core   0: 0x8000a5a6 (0x01791c13) slli    s8, s2, 23
core   0: 3 0x8000a5a6 (0x01791c13) x24 0x72000000
core   0: 0x8000a5aa (0x00004649) c.li    a2, 18
core   0: 3 0x8000a5aa (0x4649) x12 0x00000012
core   0: 0x8000a5ac (0x000093d6) c.add   t2, s5
core   0: 3 0x8000a5ac (0x93d6) x 7 0xffffffff
core   0: 0x8000a5ae (0x00008db1) c.xor   a1, a2
core   0: 3 0x8000a5ae (0x8db1) x11 0x00009012
core   0: 0x8000a5b0 (0x00006139) c.addi16sp sp, 448
core   0: 3 0x8000a5b0 (0x6139) x 2 0xffff0482
core   0: 0x8000a5b2 (0x00004f6d) c.li    t5, 27
core   0: 3 0x8000a5b2 (0x4f6d) x30 0x0000001b
core   0: 0x8000a5b4 (0x0000ee15) c.bnez  a2, pc + 60
core   0: 3 0x8000a5b4 (0xee15)
core   0: 0x8000a5f0 (0x0342dab3) divu    s5, t0, s4
core   0: 3 0x8000a5f0 (0x0342dab3) x21 0xffffffff
core   0: 0x8000a5f4 (0x000083c5) c.srli  a5, 17
core   0: 3 0x8000a5f4 (0x83c5) x15 0x00004000
core   0: 0x8000a5f6 (0x011aacb3) slt     s9, s5, a7
core   0: 3 0x8000a5f6 (0x011aacb3) x25 0x00000001
core   0: 0x8000a5fa (0x03451d63) bne     a0, s4, pc + 58
core   0: 3 0x8000a5fa (0x03451d63)
core   0: 0x8000a634 (0x0000801d) c.srli  s0, 7
core   0: 3 0x8000a634 (0x801d) x 8 0x00ae21fa
core   0: 0x8000a636 (0x01f51413) slli    s0, a0, 31
core   0: 3 0x8000a636 (0x01f51413) x 8 0x00000000
core   0: 0x8000a63a (0x00004cd9) c.li    s9, 22
core   0: 3 0x8000a63a (0x4cd9) x25 0x00000016
core   0: 0x8000a63c (0x00b84733) xor     a4, a6, a1
core   0: 3 0x8000a63c (0x00b84733) x14 0x00006d2c
core   0: 0x8000a640 (0x4021d1b3) sra     gp, gp, sp
core   0: 3 0x8000a640 (0x4021d1b3) x 3 0x00003f4f
core   0: 0x8000a644 (0x00000001) c.nop
core   0: 3 0x8000a644 (0x0001)
core   0: 0x8000a646 (0x00008e39) c.xor   a2, a4
core   0: 3 0x8000a646 (0x8e39) x12 0x00006d3e
core   0: 0x8000a648 (0x00ff1433) sll     s0, t5, a5
core   0: 3 0x8000a648 (0x00ff1433) x 8 0x0000001b
core   0: 0x8000a64c (0x0f324413) xori    s0, tp, 243
core   0: 3 0x8000a64c (0x0f324413) x 8 0x000000f2
core   0: 0x8000a650 (0x00000001) c.nop
core   0: 3 0x8000a650 (0x0001)
core   0: 0x8000a652 (0x00626233) or      tp, tp, t1
core   0: 3 0x8000a652 (0x00626233) x 4 0x00000001
core   0: 0x8000a656 (0x0000c28d) c.beqz  a3, pc + 34
core   0: 3 0x8000a656 (0xc28d)
core   0: 0x8000a658 (0xf2c83f93) sltiu   t6, a6, -212
core   0: 3 0x8000a658 (0xf2c83f93) x31 0x00000001
core   0: 0x8000a65c (0x0edfbc93) sltiu   s9, t6, 237
core   0: 3 0x8000a65c (0x0edfbc93) x25 0x00000001
core   0: 0x8000a660 (0x02d10c33) mul     s8, sp, a3
core   0: 3 0x8000a660 (0x02d10c33) x24 0x0501b5fc
core   0: 0x8000a664 (0x00000796) c.slli  a5, 5
core   0: 3 0x8000a664 (0x0796) x15 0x00080000
core   0: 0x8000a666 (0x2982e313) ori     t1, t0, 664
core   0: 3 0x8000a666 (0x2982e313) x 6 0xffffffff
core   0: 0x8000a66a (0x2b4d57b7) lui     a5, 0x2b4d5
core   0: 3 0x8000a66a (0x2b4d57b7) x15 0x2b4d5000
core   0: 0x8000a66e (0x8a44ab13) slti    s6, s1, -1884
core   0: 3 0x8000a66e (0x8a44ab13) x22 0x00000001
core   0: 0x8000a672 (0x0000021d) c.addi  tp, 7
core   0: 3 0x8000a672 (0x021d) x 4 0x00000008
core   0: 0x8000a674 (0x00000001) c.nop
core   0: 3 0x8000a674 (0x0001)
core   0: 0x8000a676 (0x00008c4d) c.or    s0, a1
core   0: 3 0x8000a676 (0x8c4d) x 8 0x000090f2
core   0: 0x8000a678 (0x0387e333) rem     t1, a5, s8
core   0: 3 0x8000a678 (0x0387e333) x 6 0x033fa020
core   0: 0x8000a67c (0x431afb13) andi    s6, s5, 1073
core   0: 3 0x8000a67c (0x431afb13) x22 0x00000431
core   0: 0x8000a680 (0x00001780) c.addi4spn s0, sp, 992
core   0: 3 0x8000a680 (0x1780) x 8 0xffff0862
core   0: 0x8000a682 (0x008c2233) slt     tp, s8, s0
core   0: 3 0x8000a682 (0x008c2233) x 4 0x00000000
core   0: 0x8000a686 (0x000089c5) c.andi  a1, 17
core   0: 3 0x8000a686 (0x89c5) x11 0x00000010
core   0: 0x8000a688 (0x01df3d33) sltu    s10, t5, t4
core   0: 3 0x8000a688 (0x01df3d33) x26 0x00000001
core   0: 0x8000a68c (0x0000ce99) c.beqz  a3, pc + 30
core   0: 3 0x8000a68c (0xce99)
core   0: 0x8000a68e (0x00008eb5) c.xor   a3, a3
core   0: 3 0x8000a68e (0x8eb5) x13 0x00000000
core   0: 0x8000a690 (0x0ff0000f) fence   iorw,iorw
core   0: 3 0x8000a690 (0x0ff0000f)
core   0: 0x8000a694 (0x40c107b3) sub     a5, sp, a2
core   0: 3 0x8000a694 (0x40c107b3) x15 0xfffe9744
core   0: 0x8000a698 (0x02566d63) bltu    a2, t0, pc + 58
core   0: 3 0x8000a698 (0x02566d63)
core   0: 0x8000a6d2 (0x00005e63) bgez    zero, pc + 28
core   0: 3 0x8000a6d2 (0x00005e63)
core   0: 0x8000a6ee (0x02eb2ab3) mulhsu  s5, s6, a4
core   0: 3 0x8000a6ee (0x02eb2ab3) x21 0x00000000
core   0: 0x8000a6f2 (0x0299b1b3) mulhu   gp, s3, s1
core   0: 3 0x8000a6f2 (0x0299b1b3) x 3 0x000003e8
core   0: 0x8000a6f6 (0x0000807d) c.srli  s0, 31
core   0: 3 0x8000a6f6 (0x807d) x 8 0x00000001
core   0: 0x8000a6f8 (0x02c6ac33) mulhsu  s8, a3, a2
core   0: 3 0x8000a6f8 (0x02c6ac33) x24 0x00000000
core   0: 0x8000a6fc (0x412c5133) sra     sp, s8, s2
core   0: 3 0x8000a6fc (0x412c5133) x 2 0x00000000
core   0: 0x8000a700 (0x002089b3) add     s3, ra, sp
core   0: 3 0x8000a700 (0x002089b3) x19 0x0002c1da
core   0: 0x8000a704 (0x000086e9) c.srai  a3, 26
core   0: 3 0x8000a704 (0x86e9) x13 0x00000000
core   0: 0x8000a706 (0x00008ddd) c.or    a1, a5
core   0: 3 0x8000a706 (0x8ddd) x11 0xfffe9754
core   0: 0x8000a708 (0xfa4ba413) slti    s0, s7, -92
core   0: 3 0x8000a708 (0xfa4ba413) x 8 0x00000000
core   0: 0x8000a70c (0x00008da5) c.xor   a1, s1
core   0: 3 0x8000a70c (0x8da5) x11 0x7ffc1930
core   0: 0x8000a70e (0x00008fa5) c.xor   a5, s1
core   0: 3 0x8000a70e (0x8fa5) x15 0x7ffc1920
core   0: 0x8000a710 (0x02e4afb3) mulhsu  t6, s1, a4
core   0: 3 0x8000a710 (0x02e4afb3) x31 0xffffc96b
core   0: 0x8000a714 (0x000015fd) c.addi  a1, -1
core   0: 3 0x8000a714 (0x15fd) x11 0x7ffc192f
core   0: 0x8000a716 (0x000087e9) c.srai  a5, 26
core   0: 3 0x8000a716 (0x87e9) x15 0x0000001f
core   0: 0x8000a718 (0x02be8f33) mul     t5, t4, a1
core   0: 3 0x8000a718 (0x02be8f33) x30 0x9d17b51f
core   0: 0x8000a71c (0x00a84eb3) xor     t4, a6, a0
core   0: 3 0x8000a71c (0x00a84eb3) x29 0xfd3edce4
core   0: 0x8000a720 (0x03fd9d33) mulh    s10, s11, t6
core   0: 3 0x8000a720 (0x03fd9d33) x26 0x00000000
core   0: 0x8000a724 (0x00008819) c.andi  s0, 6
core   0: 3 0x8000a724 (0x8819) x 8 0x00000000
core   0: 0x8000a726 (0xf12de413) ori     s0, s11, -238
core   0: 3 0x8000a726 (0xf12de413) x 8 0xffffff12
core   0: 0x8000a72a (0x00008ead) c.xor   a3, a1
core   0: 3 0x8000a72a (0x8ead) x13 0x7ffc192f
core   0: 0x8000a72c (0xd4945db7) lui     s11, 0xd4945
core   0: 3 0x8000a72c (0xd4945db7) x27 0xd4945000
core   0: 0x8000a730 (0x0000c795) c.beqz  a5, pc + 44
core   0: 3 0x8000a730 (0xc795)
core   0: 0x8000a732 (0x7c8eb2b7) lui     t0, 0x7c8eb
core   0: 3 0x8000a732 (0x7c8eb2b7) x 5 0x7c8eb000
core   0: 0x8000a736 (0x032c8733) mul     a4, s9, s2
core   0: 3 0x8000a736 (0x032c8733) x14 0x8002cce4
core   0: 0x8000a73a (0x02621433) mulh    s0, tp, t1
core   0: 3 0x8000a73a (0x02621433) x 8 0x00000000
core   0: 0x8000a73e (0x000015fd) c.addi  a1, -1
core   0: 3 0x8000a73e (0x15fd) x11 0x7ffc192e
core   0: 0x8000a740 (0x039d0363) beq     s10, s9, pc + 38
core   0: 3 0x8000a740 (0x039d0363)
core   0: 0x8000a744 (0x03c17733) remu    a4, sp, t3
core   0: 3 0x8000a744 (0x03c17733) x14 0x00000000
core   0: 0x8000a748 (0x0092da63) bge     t0, s1, pc + 20
core   0: 3 0x8000a748 (0x0092da63)
core   0: 0x8000a75c (0x000082cd) c.srli  a3, 19
core   0: 3 0x8000a75c (0x82cd) x13 0x00000fff
core   0: 0x8000a75e (0x0ff0000f) fence   iorw,iorw
core   0: 3 0x8000a75e (0x0ff0000f)
core   0: 0x8000a762 (0x015f31b3) sltu    gp, t5, s5
core   0: 3 0x8000a762 (0x015f31b3) x 3 0x00000000
core   0: 0x8000a766 (0x9963c817) auipc   a6, 0x9963c
core   0: 3 0x8000a766 (0x9963c817) x16 0x19646766
core   0: 0x8000a76a (0x0042bc33) sltu    s8, t0, tp
core   0: 3 0x8000a76a (0x0042bc33) x24 0x00000000
core   0: 0x8000a76e (0x0ff0000f) fence   iorw,iorw
core   0: 3 0x8000a76e (0x0ff0000f)
core   0: 0x8000a772 (0x4038da93) srai    s5, a7, 3
core   0: 3 0x8000a772 (0x4038da93) x21 0x00000000
core   0: 0x8000a776 (0x00008e59) c.or    a2, a4
core   0: 3 0x8000a776 (0x8e59) x12 0x00006d3e
core   0: 0x8000a778 (0xc38f7297) auipc   t0, 0xc38f7
core   0: 3 0x8000a778 (0xc38f7297) x 5 0x43901778
core   0: 0x8000a77c (0xb476c693) xori    a3, a3, -1209
core   0: 3 0x8000a77c (0xb476c693) x13 0xfffff4b8
core   0: 0x8000a780 (0x01420db3) add     s11, tp, s4
core   0: 3 0x8000a780 (0x01420db3) x27 0x00000001
core   0: 0x8000a784 (0x000065b1) c.lui   a1, 0xc
core   0: 3 0x8000a784 (0x65b1) x11 0x0000c000
core   0: 0x8000a786 (0x023636b3) mulhu   a3, a2, gp
core   0: 3 0x8000a786 (0x023636b3) x13 0x00000000
core   0: 0x8000a78a (0x0154d5b3) srl     a1, s1, s5
core   0: 3 0x8000a78a (0x0154d5b3) x11 0x80028e64
core   0: 0x8000a78e (0x026af5b3) remu    a1, s5, t1
core   0: 3 0x8000a78e (0x026af5b3) x11 0x00000000
core   0: 0x8000a792 (0x0000819e) c.mv    gp, t2
core   0: 3 0x8000a792 (0x819e) x 3 0xffffffff
core   0: 0x8000a794 (0x016c86b3) add     a3, s9, s6
core   0: 3 0x8000a794 (0x016c86b3) x13 0x00000432
core   0: 0x8000a798 (0x0032da13) srli    s4, t0, 3
core   0: 3 0x8000a798 (0x0032da13) x20 0x087202ef
core   0: 0x8000a79c (0x40cbd813) srai    a6, s7, 12
core   0: 3 0x8000a79c (0x40cbd813) x16 0xffffffff
core   0: 0x8000a7a0 (0x00008a7a) c.mv    s4, t5
core   0: 3 0x8000a7a0 (0x8a7a) x20 0x9d17b51f
core   0: 0x8000a7a2 (0x01313f33) sltu    t5, sp, s3
core   0: 3 0x8000a7a2 (0x01313f33) x30 0x00000001
core   0: 0x8000a7a6 (0x401cd433) sra     s0, s9, ra
core   0: 3 0x8000a7a6 (0x401cd433) x 8 0x00000000
core   0: 0x8000a7aa (0x1260ce97) auipc   t4, 0x1260c
core   0: 3 0x8000a7aa (0x1260ce97) x29 0x926167aa
core   0: 0x8000a7ae (0x00008f05) c.sub   a4, s1
core   0: 3 0x8000a7ae (0x8f05) x14 0x7ffd719c
core   0: 0x8000a7b0 (0x019eba33) sltu    s4, t4, s9
core   0: 3 0x8000a7b0 (0x019eba33) x20 0x00000000
core   0: 0x8000a7b4 (0xd68dc793) xori    a5, s11, -664
core   0: 3 0x8000a7b4 (0xd68dc793) x15 0xfffffd69
core   0: 0x8000a7b8 (0x000002a6) c.slli  t0, 9
core   0: 3 0x8000a7b8 (0x02a6) x 5 0x202ef000
core   0: 0x8000a7ba (0x522c4c13) xori    s8, s8, 1314
core   0: 3 0x8000a7ba (0x522c4c13) x24 0x00000522
core   0: 0x8000a7be (0x000086de) c.mv    a3, s7
core   0: 3 0x8000a7be (0x86de) x13 0xffffffff
core   0: 0x8000a7c0 (0x7cb83313) sltiu   t1, a6, 1995
core   0: 3 0x8000a7c0 (0x7cb83313) x 6 0x00000000
core   0: 0x8000a7c4 (0x036a5b33) divu    s6, s4, s6
core   0: 3 0x8000a7c4 (0x036a5b33) x22 0x00000000
core   0: 0x8000a7c8 (0x31dd2113) slti    sp, s10, 797
core   0: 3 0x8000a7c8 (0x31dd2113) x 2 0x00000001
core   0: 0x8000a7cc (0x00000abe) c.slli  s5, 15
core   0: 3 0x8000a7cc (0x0abe) x21 0x00000000
core   0: 0x8000a7ce (0x41600d33) sub     s10, zero, s6
core   0: 3 0x8000a7ce (0x41600d33) x26 0x00000000
core   0: 0x8000a7d2 (0x40ab5713) srai    a4, s6, 10
core   0: 3 0x8000a7d2 (0x40ab5713) x14 0x00000000
core   0: 0x8000a7d6 (0x029b81b3) mul     gp, s7, s1
core   0: 3 0x8000a7d6 (0x029b81b3) x 3 0x7ffd719c
core   0: 0x8000a7da (0x0ff0000f) fence   iorw,iorw
core   0: 3 0x8000a7da (0x0ff0000f)
core   0: 0x8000a7de (0x02c04e63) blt     zero, a2, pc + 60
core   0: 3 0x8000a7de (0x02c04e63)
core   0: 0x8000a81a (0x01b55d13) srli    s10, a0, 27
core   0: 3 0x8000a81a (0x01b55d13) x26 0x0000001f
core   0: 0x8000a81e (0x0000717d) c.addi16sp sp, -16
core   0: 3 0x8000a81e (0x717d) x 2 0xfffffff1
core   0: 0x8000a820 (0x218cb197) auipc   gp, 0x218cb
core   0: 3 0x8000a820 (0x218cb197) x 3 0xa18d5820
core   0: 0x8000a824 (0x03eeb8b3) mulhu   a7, t4, t5
core   0: 3 0x8000a824 (0x03eeb8b3) x17 0x00000000
core   0: 0x8000a828 (0x00009392) c.add   t2, tp
core   0: 3 0x8000a828 (0x9392) x 7 0xffffffff
core   0: 0x8000a82a (0x012e1b93) slli    s7, t3, 18
core   0: 3 0x8000a82a (0x012e1b93) x23 0x0b080000
core   0: 0x8000a82e (0x0fe71763) bne     a4, t5, pc + 238
core   0: 3 0x8000a82e (0x0fe71763)
core   0: 0x8000a91c (0xd2a67213) andi    tp, a2, -726
core   0: 3 0x8000a91c (0xd2a67213) x 4 0x00006d2a
core   0: 0x8000a920 (0x03615d33) divu    s10, sp, s6
core   0: 3 0x8000a920 (0x03615d33) x26 0xffffffff
core   0: 0x8000a924 (0x03e70133) mul     sp, a4, t5
core   0: 3 0x8000a924 (0x03e70133) x 2 0x00000000
core   0: 0x8000a928 (0x01953433) sltu    s0, a0, s9
core   0: 3 0x8000a928 (0x01953433) x 8 0x00000000
core   0: 0x8000a92c (0x0000c195) c.beqz  a1, pc + 36
core   0: 3 0x8000a92c (0xc195)
core   0: 0x8000a950 (0x3d582397) auipc   t2, 0x3d582
core   0: 3 0x8000a950 (0x3d582397) x 7 0xbd58c950
core   0: 0x8000a954 (0x03a1d733) divu    a4, gp, s10
core   0: 3 0x8000a954 (0x03a1d733) x14 0x00000000
core   0: 0x8000a958 (0x0041fd33) and     s10, gp, tp
core   0: 3 0x8000a958 (0x0041fd33) x26 0x00004820
core   0: 0x8000a95c (0x00008dd5) c.or    a1, a3
core   0: 3 0x8000a95c (0x8dd5) x11 0xffffffff
core   0: 0x8000a95e (0x03734863) blt     t1, s7, pc + 48
core   0: 3 0x8000a95e (0x03734863)
core   0: 0x8000a98e (0xa9902093) slti    ra, zero, -1383
core   0: 3 0x8000a98e (0xa9902093) x 1 0x00000000
core   0: 0x8000a992 (0x000001fe) c.slli  gp, 31
core   0: 3 0x8000a992 (0x01fe) x 3 0x00000000
core   0: 0x8000a994 (0x0117ddb3) srl     s11, a5, a7
core   0: 3 0x8000a994 (0x0117ddb3) x27 0xfffffd69
core   0: 0x8000a998 (0x00006161) c.addi16sp sp, 80
core   0: 3 0x8000a998 (0x6161) x 2 0x00000050
core   0: 0x8000a99a (0x007f5b63) bge     t5, t2, pc + 22
core   0: 3 0x8000a99a (0x007f5b63)
core   0: 0x8000a9b0 (0x0000c009) c.beqz  s0, pc + 2
core   0: 3 0x8000a9b0 (0xc009)
core   0: 0x8000a9b2 (0x00000001) c.nop
core   0: 3 0x8000a9b2 (0x0001)
core   0: 0x8000a9b4 (0x01b61d33) sll     s10, a2, s11
core   0: 3 0x8000a9b4 (0x01b61d33) x26 0x00da7c00
core   0: 0x8000a9b8 (0x4fa70a93) addi    s5, a4, 1274
core   0: 3 0x8000a9b8 (0x4fa70a93) x21 0x000004fa
core   0: 0x8000a9bc (0x0000834d) c.srli  a4, 19
core   0: 3 0x8000a9bc (0x834d) x14 0x00000000
core   0: 0x8000a9be (0x00009446) c.add   s0, a7
core   0: 3 0x8000a9be (0x9446) x 8 0x00000000
core   0: 0x8000a9c0 (0x022c53b3) divu    t2, s8, sp
core   0: 3 0x8000a9c0 (0x022c53b3) x 7 0x00000010
core   0: 0x8000a9c4 (0x00008379) c.srli  a4, 30
core   0: 3 0x8000a9c4 (0x8379) x14 0x00000000
core   0: 0x8000a9c6 (0x00b18563) beq     gp, a1, pc + 10
core   0: 3 0x8000a9c6 (0x00b18563)
core   0: 0x8000a9ca (0x036857b3) divu    a5, a6, s6
core   0: 3 0x8000a9ca (0x036857b3) x15 0xffffffff
core   0: 0x8000a9ce (0x00000001) c.nop
core   0: 3 0x8000a9ce (0x0001)
core   0: 0x8000a9d0 (0x01d3d9b3) srl     s3, t2, t4
core   0: 3 0x8000a9d0 (0x01d3d9b3) x19 0x00000000
core   0: 0x8000a9d4 (0x005691b3) sll     gp, a3, t0
core   0: 3 0x8000a9d4 (0x005691b3) x 3 0xffffffff
core   0: 0x8000a9d8 (0x00008dd1) c.or    a1, a2
core   0: 3 0x8000a9d8 (0x8dd1) x11 0xffffffff
core   0: 0x8000a9da (0x03988563) beq     a7, s9, pc + 42
core   0: 3 0x8000a9da (0x03988563)
core   0: 0x8000a9de (0x019eadb3) slt     s11, t4, s9
core   0: 3 0x8000a9de (0x019eadb3) x27 0x00000001
core   0: 0x8000a9e2 (0x0000100f) fence.i
core   0: 3 0x8000a9e2 (0x0000100f)
core   0: 0x8000a9e6 (0x000012fd) c.addi  t0, -1
core   0: 3 0x8000a9e6 (0x12fd) x 5 0x202eefff
core   0: 0x8000a9e8 (0x00008e69) c.and   a2, a0
core   0: 3 0x8000a9e8 (0x8e69) x12 0x0000211a
core   0: 0x8000a9ea (0x04ad1163) bne     s10, a0, pc + 66
core   0: 3 0x8000a9ea (0x04ad1163)
core   0: 0x8000aa2c (0x0000717d) c.addi16sp sp, -16
core   0: 3 0x8000aa2c (0x717d) x 2 0x00000040
core   0: 0x8000aa2e (0x050b8163) beq     s7, a6, pc + 66
core   0: 3 0x8000aa2e (0x050b8163)
core   0: 0x8000aa32 (0x0000c191) c.beqz  a1, pc + 4
core   0: 3 0x8000aa32 (0xc191)
core   0: 0x8000aa34 (0x00000336) c.slli  t1, 13
core   0: 3 0x8000aa34 (0x0336) x 6 0x00000000
core   0: 0x8000aa36 (0x00006111) c.addi16sp sp, 256
core   0: 3 0x8000aa36 (0x6111) x 2 0x00000140
core   0: 0x8000aa38 (0x00000480) c.addi4spn s0, sp, 576
core   0: 3 0x8000aa38 (0x0480) x 8 0x00000380
core   0: 0x8000aa3a (0x000013fd) c.addi  t2, -1
core   0: 3 0x8000aa3a (0x13fd) x 7 0x0000000f
core   0: 0x8000aa3c (0x00ed1793) slli    a5, s10, 14
core   0: 3 0x8000aa3c (0x00ed1793) x15 0x9f000000
core   0: 0x8000aa40 (0xda657d13) andi    s10, a0, -602
core   0: 3 0x8000aa40 (0xda657d13) x26 0xfd3e2182
core   0: 0x8000aa44 (0x6382a613) slti    a2, t0, 1592
core   0: 3 0x8000aa44 (0x6382a613) x12 0x00000000
core   0: 0x8000aa48 (0x01272ab3) slt     s5, a4, s2
core   0: 3 0x8000aa48 (0x01272ab3) x21 0x00000000
core   0: 0x8000aa4c (0x029ebab3) mulhu   s5, t4, s1
core   0: 3 0x8000aa4c (0x029ebab3) x21 0x49322a03
core   0: 0x8000aa50 (0x00c261b3) or      gp, tp, a2
core   0: 3 0x8000aa50 (0x00c261b3) x 3 0x00006d2a
core   0: 0x8000aa54 (0xbfe5f2b7) lui     t0, 0xbfe5f
core   0: 3 0x8000aa54 (0xbfe5f2b7) x 5 0xbfe5f000
core   0: 0x8000aa58 (0x0ff0000f) fence   iorw,iorw
core   0: 3 0x8000aa58 (0x0ff0000f)
core   0: 0x8000aa5c (0x316ba993) slti    s3, s7, 790
core   0: 3 0x8000aa5c (0x316ba993) x19 0x00000000
core   0: 0x8000aa60 (0x01341b33) sll     s6, s0, s3
core   0: 3 0x8000aa60 (0x01341b33) x22 0x00000380
core   0: 0x8000aa64 (0x0000063d) c.addi  a2, 15
core   0: 3 0x8000aa64 (0x063d) x12 0x0000000f
core   0: 0x8000aa66 (0x0ff0000f) fence   iorw,iorw
core   0: 3 0x8000aa66 (0x0ff0000f)
core   0: 0x8000aa6a (0x41a1d713) srai    a4, gp, 26
core   0: 3 0x8000aa6a (0x41a1d713) x14 0x00000000
core   0: 0x8000aa6e (0x00000001) c.nop
core   0: 3 0x8000aa6e (0x0001)
core   0: 0x8000aa70 (0x03ad2d33) mulhsu  s10, s10, s10
core   0: 3 0x8000aa70 (0x03ad2d33) x26 0xfd45bbcd
core   0: 0x8000aa74 (0x00008c39) c.xor   s0, a4
core   0: 3 0x8000aa74 (0x8c39) x 8 0x00000380
core   0: 0x8000aa76 (0x3f2db013) sltiu   zero, s11, 1010
core   0: 3 0x8000aa76 (0x3f2db013)
core   0: 0x8000aa7a (0x017eff33) and     t5, t4, s7
core   0: 3 0x8000aa7a (0x017eff33) x30 0x02000000
core   0: 0x8000aa7e (0x00008dcd) c.or    a1, a1
core   0: 3 0x8000aa7e (0x8dcd) x11 0xffffffff
core   0: 0x8000aa80 (0x00008069) c.srli  s0, 26
core   0: 3 0x8000aa80 (0x8069) x 8 0x00000000
core   0: 0x8000aa82 (0x40165213) srai    tp, a2, 1
core   0: 3 0x8000aa82 (0x40165213) x 4 0x00000007
core   0: 0x8000aa86 (0xfc1c4613) xori    a2, s8, -63
core   0: 3 0x8000aa86 (0xfc1c4613) x12 0xfffffae3
core   0: 0x8000aa8a (0x0000071d) c.addi  a4, 7
core   0: 3 0x8000aa8a (0x071d) x14 0x00000007
core   0: 0x8000aa8c (0x4060d413) srai    s0, ra, 6
core   0: 3 0x8000aa8c (0x4060d413) x 8 0x00000000
core   0: 0x8000aa90 (0x419589b3) sub     s3, a1, s9
core   0: 3 0x8000aa90 (0x419589b3) x19 0xfffffffe
core   0: 0x8000aa94 (0x2b597793) andi    a5, s2, 693
core   0: 3 0x8000aa94 (0x2b597793) x15 0x000000a4
core   0: 0x8000aa98 (0x024b6863) bltu    s6, tp, pc + 48
core   0: 3 0x8000aa98 (0x024b6863)
core   0: 0x8000aa9c (0x00009b7d) c.andi  a4, -1
core   0: 3 0x8000aa9c (0x9b7d) x14 0x00000007
core   0: 0x8000aa9e (0x00db4c33) xor     s8, s6, a3
core   0: 3 0x8000aa9e (0x00db4c33) x24 0xfffffc7f
core   0: 0x8000aaa2 (0x03aebdb3) mulhu   s11, t4, s10
core   0: 3 0x8000aaa2 (0x03aebdb3) x27 0x90d22316
core   0: 0x8000aaa6 (0x00000001) c.nop
core   0: 3 0x8000aaa6 (0x0001)
core   0: 0x8000aaa8 (0x0000ed89) c.bnez  a1, pc + 26
core   0: 3 0x8000aaa8 (0xed89)
core   0: 0x8000aac2 (0x00008c41) c.or    s0, s0
core   0: 3 0x8000aac2 (0x8c41) x 8 0x00000000
core   0: 0x8000aac4 (0x011abd33) sltu    s10, s5, a7
core   0: 3 0x8000aac4 (0x011abd33) x26 0x00000000
core   0: 0x8000aac8 (0x024eca63) blt     t4, tp, pc + 52
core   0: 3 0x8000aac8 (0x024eca63)
core   0: 0x8000aafc (0x00cdf0b3) and     ra, s11, a2
core   0: 3 0x8000aafc (0x00cdf0b3) x 1 0x90d22202
core   0: 0x8000ab00 (0x0000cae9) c.beqz  a3, pc + 210
core   0: 3 0x8000ab00 (0xcae9)
core   0: 0x8000ab02 (0x403c0233) sub     tp, s8, gp
core   0: 3 0x8000ab02 (0x403c0233) x 4 0xffff8f55
core   0: 0x8000ab06 (0x00000001) c.nop
core   0: 3 0x8000ab06 (0x0001)
core   0: 0x8000ab08 (0x030dac33) mulhsu  s8, s11, a6
core   0: 3 0x8000ab08 (0x030dac33) x24 0x90d22316
core   0: 0x8000ab0c (0x0fec6013) ori     zero, s8, 254
core   0: 3 0x8000ab0c (0x0fec6013)
core   0: 0x8000ab10 (0x01cbda33) srl     s4, s7, t3
core   0: 3 0x8000ab10 (0x01cbda33) x20 0x02c20000
core   0: 0x8000ab14 (0x00009296) c.add   t0, t0
core   0: 3 0x8000ab14 (0x9296) x 5 0x7fcbe000
core   0: 0x8000ab16 (0xb6764093) xori    ra, a2, -1177
core   0: 3 0x8000ab16 (0xb6764093) x 1 0x00000184
core   0: 0x8000ab1a (0xf541bf93) sltiu   t6, gp, -172
core   0: 3 0x8000ab1a (0xf541bf93) x31 0x00000001
core   0: 0x8000ab1e (0x01f87b33) and     s6, a6, t6
core   0: 3 0x8000ab1e (0x01f87b33) x22 0x00000001
core   0: 0x8000ab22 (0x0a16df63) bge     a3, ra, pc + 190
core   0: 3 0x8000ab22 (0x0a16df63)
core   0: 0x8000ab26 (0x00008fd9) c.or    a5, a4
core   0: 3 0x8000ab26 (0x8fd9) x15 0x000000a7
core   0: 0x8000ab28 (0x00008d8d) c.sub   a1, a1
core   0: 3 0x8000ab28 (0x8d8d) x11 0x00000000
core   0: 0x8000ab2a (0x0000eb55) c.bnez  a4, pc + 180
core   0: 3 0x8000ab2a (0xeb55)
core   0: 0x8000abde (0x0000e18d) c.bnez  a1, pc + 34
core   0: 3 0x8000abde (0xe18d)
core   0: 0x8000abe0 (0x00000cde) c.slli  s9, 23
core   0: 3 0x8000abe0 (0x0cde) x25 0x00800000
core   0: 0x8000abe2 (0xfce50e13) addi    t3, a0, -50
core   0: 3 0x8000abe2 (0xfce50e13) x28 0xfd3e21a8
core   0: 0x8000abe6 (0x40165313) srai    t1, a2, 1
core   0: 3 0x8000abe6 (0x40165313) x 6 0xfffffd71
core   0: 0x8000abea (0x00000d8c) c.addi4spn a1, sp, 720
core   0: 3 0x8000abea (0x0d8c) x11 0x00000410
core   0: 0x8000abec (0x005e9633) sll     a2, t4, t0
core   0: 3 0x8000abec (0x005e9633) x12 0x926167aa
core   0: 0x8000abf0 (0x000092fe) c.add   t0, t6
core   0: 3 0x8000abf0 (0x92fe) x 5 0x7fcbe001
core   0: 0x8000abf2 (0x021025b3) mulhsu  a1, zero, ra
core   0: 3 0x8000abf2 (0x021025b3) x11 0x00000000
core   0: 0x8000abf6 (0x939a7613) andi    a2, s4, -1735
core   0: 3 0x8000abf6 (0x939a7613) x12 0x02c20000
core   0: 0x8000abfa (0x0184bbb3) sltu    s7, s1, s8
core   0: 3 0x8000abfa (0x0184bbb3) x23 0x00000001
core   0: 0x8000abfe (0x00000001) c.nop
core   0: 3 0x8000abfe (0x0001)
core   0: 0x8000ac00 (0x02b89463) bne     a7, a1, pc + 40
core   0: 3 0x8000ac00 (0x02b89463)
core   0: 0x8000ac04 (0x0000ed99) c.bnez  a1, pc + 30
core   0: 3 0x8000ac04 (0xed99)
core   0: 0x8000ac06 (0x023bed63) bltu    s7, gp, pc + 58
core   0: 3 0x8000ac06 (0x023bed63)
core   0: 0x8000ac40 (0xf5e87093) andi    ra, a6, -162
core   0: 3 0x8000ac40 (0xf5e87093) x 1 0xffffff5e
core   0: 0x8000ac44 (0x0379b833) mulhu   a6, s3, s7
core   0: 3 0x8000ac44 (0x0379b833) x16 0x00000000
core   0: 0x8000ac48 (0x0000c3a9) c.beqz  a5, pc + 66
core   0: 3 0x8000ac48 (0xc3a9)
core   0: 0x8000ac4a (0x100bb613) sltiu   a2, s7, 256
core   0: 3 0x8000ac4a (0x100bb613) x12 0x00000001
core   0: 0x8000ac4e (0x0ff0000f) fence   iorw,iorw
core   0: 3 0x8000ac4e (0x0ff0000f)
core   0: 0x8000ac52 (0x03a20133) mul     sp, tp, s10
core   0: 3 0x8000ac52 (0x03a20133) x 2 0x00000000
core   0: 0x8000ac56 (0x0136ac33) slt     s8, a3, s3
core   0: 3 0x8000ac56 (0x0136ac33) x24 0x00000000
core   0: 0x8000ac5a (0x00000e55) c.addi  t3, 21
core   0: 3 0x8000ac5a (0x0e55) x28 0xfd3e21bd
core   0: 0x8000ac5c (0x008da233) slt     tp, s11, s0
core   0: 3 0x8000ac5c (0x008da233) x 4 0x00000001
core   0: 0x8000ac60 (0xd983e613) ori     a2, t2, -616
core   0: 3 0x8000ac60 (0xd983e613) x12 0xfffffd9f
core   0: 0x8000ac64 (0xfc76e093) ori     ra, a3, -57
core   0: 3 0x8000ac64 (0xfc76e093) x 1 0xffffffff
core   0: 0x8000ac68 (0x00008262) c.mv    tp, s8
core   0: 3 0x8000ac68 (0x8262) x 4 0x00000000
core   0: 0x8000ac6a (0x2fb2ee93) ori     t4, t0, 763
core   0: 3 0x8000ac6a (0x2fb2ee93) x29 0x7fcbe2fb
core   0: 0x8000ac6e (0x000005e6) c.slli  a1, 25
core   0: 3 0x8000ac6e (0x05e6) x11 0x00000000
core   0: 0x8000ac70 (0x00a03833) snez    a6, a0
core   0: 3 0x8000ac70 (0x00a03833) x16 0x00000001
core   0: 0x8000ac74 (0x00bd6eb3) or      t4, s10, a1
core   0: 3 0x8000ac74 (0x00bd6eb3) x29 0x00000000
core   0: 0x8000ac78 (0xddb34e93) xori    t4, t1, -549
core   0: 3 0x8000ac78 (0xddb34e93) x29 0x000000aa
core   0: 0x8000ac7c (0x00009a72) c.add   s4, t3
core   0: 3 0x8000ac7c (0x9a72) x20 0x000021bd
core   0: 0x8000ac7e (0x00008f61) c.and   a4, s0
core   0: 3 0x8000ac7e (0x8f61) x14 0x00000000
core   0: 0x8000ac80 (0x03f1e7b3) rem     a5, gp, t6
core   0: 3 0x8000ac80 (0x03f1e7b3) x15 0x00000000
core   0: 0x8000ac84 (0x00008c01) c.sub   s0, s0
core   0: 3 0x8000ac84 (0x8c01) x 8 0x00000000
core   0: 0x8000ac86 (0xd5fb3613) sltiu   a2, s6, -673
core   0: 3 0x8000ac86 (0xd5fb3613) x12 0x00000001
core   0: 0x8000ac8a (0x00000001) c.nop
core   0: 3 0x8000ac8a (0x0001)
core   0: 0x8000ac8c (0x00001cfd) c.addi  s9, -1
core   0: 3 0x8000ac8c (0x1cfd) x25 0x007fffff
core   0: 0x8000ac8e (0x0ff0000f) fence   iorw,iorw
core   0: 3 0x8000ac8e (0x0ff0000f)
core   0: 0x8000ac92 (0x026073b3) remu    t2, zero, t1
core   0: 3 0x8000ac92 (0x026073b3) x 7 0x00000000
core   0: 0x8000ac96 (0x00001114) c.addi4spn a3, sp, 160
core   0: 3 0x8000ac96 (0x1114) x13 0x000000a0
core   0: 0x8000ac98 (0x41b1c993) xori    s3, gp, 1051
core   0: 3 0x8000ac98 (0x41b1c993) x19 0x00006931
core   0: 0x8000ac9c (0x00008ee5) c.and   a3, s1
core   0: 3 0x8000ac9c (0x8ee5) x13 0x00000020
core   0: 0x8000ac9e (0x00051713) slli    a4, a0, 0
core   0: 3 0x8000ac9e (0x00051713) x14 0xfd3e21da
core   0: 0x8000aca2 (0x03016d33) rem     s10, sp, a6
core   0: 3 0x8000aca2 (0x03016d33) x26 0x00000000
core   0: 0x8000aca6 (0x00000d1e) c.slli  s10, 7
core   0: 3 0x8000aca6 (0x0d1e) x26 0x00000000
core   0: 0x8000aca8 (0x00008fed) c.and   a5, a1
core   0: 3 0x8000aca8 (0x8fed) x15 0x00000000
core   0: 0x8000acaa (0xbd64a093) slti    ra, s1, -1066
core   0: 3 0x8000acaa (0xbd64a093) x 1 0x00000001
core   0: 0x8000acae (0x020fd833) divu    a6, t6, zero
core   0: 3 0x8000acae (0x020fd833) x16 0xffffffff
core   0: 0x8000acb2 (0x00008c51) c.or    s0, a2
core   0: 3 0x8000acb2 (0x8c51) x 8 0x00000001
core   0: 0x8000acb4 (0x02d56063) bltu    a0, a3, pc + 32
core   0: 3 0x8000acb4 (0x02d56063)
core   0: 0x8000acb8 (0xd62ce897) auipc   a7, 0xd62ce
core   0: 3 0x8000acb8 (0xd62ce897) x17 0x562d8cb8
core   0: 0x8000acbc (0x0000717d) c.addi16sp sp, -16
core   0: 3 0x8000acbc (0x717d) x 2 0xfffffff0
core   0: 0x8000acbe (0x0093fc63) bgeu    t2, s1, pc + 24
core   0: 3 0x8000acbe (0x0093fc63)
core   0: 0x8000acc2 (0x6a3c0217) auipc   tp, 0x6a3c0
core   0: 3 0x8000acc2 (0x6a3c0217) x 4 0xea3cacc2
core   0: 0x8000acc6 (0x00009362) c.add   t1, s8
core   0: 3 0x8000acc6 (0x9362) x 6 0xfffffd71
core   0: 0x8000acc8 (0x00c7acb3) slt     s9, a5, a2
core   0: 3 0x8000acc8 (0x00c7acb3) x25 0x00000001
core   0: 0x8000accc (0x0000c99d) c.beqz  a1, pc + 54
core   0: 3 0x8000accc (0xc99d)
core   0: 0x8000ad02 (0x0089d463) bge     s3, s0, pc + 8
core   0: 3 0x8000ad02 (0x0089d463)
core   0: 0x8000ad0a (0x00000145) c.addi  sp, 17
core   0: 3 0x8000ad0a (0x0145) x 2 0x00000001
core   0: 0x8000ad0c (0x00a61563) bne     a2, a0, pc + 10
core   0: 3 0x8000ad0c (0x00a61563)
core   0: 0x8000ad16 (0x00006fad) c.lui   t6, 0xb
core   0: 3 0x8000ad16 (0x6fad) x31 0x0000b000
core   0: 0x8000ad18 (0x03414433) div     s0, sp, s4
core   0: 3 0x8000ad18 (0x03414433) x 8 0x00000000
core   0: 0x8000ad1c (0x008fd833) srl     a6, t6, s0
core   0: 3 0x8000ad1c (0x008fd833) x16 0x0000b000
core   0: 0x8000ad20 (0x417b8833) sub     a6, s7, s7
core   0: 3 0x8000ad20 (0x417b8833) x16 0x00000000
core   0: 0x8000ad24 (0x00c55a93) srli    s5, a0, 12
core   0: 3 0x8000ad24 (0x00c55a93) x21 0x000fd3e2
core   0: 0x8000ad28 (0x020601b3) mul     gp, a2, zero
core   0: 3 0x8000ad28 (0x020601b3) x 3 0x00000000
core   0: 0x8000ad2c (0x0000612d) c.addi16sp sp, 224
core   0: 3 0x8000ad2c (0x612d) x 2 0x000000e1
core   0: 0x8000ad2e (0x00004b0d) c.li    s6, 3
core   0: 3 0x8000ad2e (0x4b0d) x22 0x00000003
core   0: 0x8000ad30 (0x00008c31) c.xor   s0, a2
core   0: 3 0x8000ad30 (0x8c31) x 8 0x00000001
core   0: 0x8000ad32 (0x0001e6b3) or      a3, gp, zero
core   0: 3 0x8000ad32 (0x0001e6b3) x13 0x00000000
core   0: 0x8000ad36 (0xe97d4593) xori    a1, s10, -361
core   0: 3 0x8000ad36 (0xe97d4593) x11 0xfffffe97
core   0: 0x8000ad3a (0x0000e689) c.bnez  a3, pc + 10
core   0: 3 0x8000ad3a (0xe689)
core   0: 0x8000ad3c (0x00009792) c.add   a5, tp
core   0: 3 0x8000ad3c (0x9792) x15 0xea3cacc2
core   0: 0x8000ad3e (0x00001600) c.addi4spn s0, sp, 800
core   0: 3 0x8000ad3e (0x1600) x 8 0x00000401
core   0: 0x8000ad40 (0x02490e63) beq     s2, tp, pc + 60
core   0: 3 0x8000ad40 (0x02490e63)
core   0: 0x8000ad44 (0x0193c833) xor     a6, t2, s9
core   0: 3 0x8000ad44 (0x0193c833) x16 0x00000001
core   0: 0x8000ad48 (0x403a0f33) sub     t5, s4, gp
core   0: 3 0x8000ad48 (0x403a0f33) x30 0x000021bd
core   0: 0x8000ad4c (0x032948b3) div     a7, s2, s2
core   0: 3 0x8000ad4c (0x032948b3) x17 0x00000001
core   0: 0x8000ad50 (0x02b2d863) bge     t0, a1, pc + 48
core   0: 3 0x8000ad50 (0x02b2d863)
core   0: 0x8000ad80 (0x0000987d) c.andi  s0, -1
core   0: 3 0x8000ad80 (0x987d) x 8 0x00000401
core   0: 0x8000ad82 (0x000097c6) c.add   a5, a7
core   0: 3 0x8000ad82 (0x97c6) x15 0xea3cacc3
core   0: 0x8000ad84 (0x40be5113) srai    sp, t3, 11
core   0: 3 0x8000ad84 (0x40be5113) x 2 0xffffa7c4
core   0: 0x8000ad88 (0x02aa9d33) mulh    s10, s5, a0
core   0: 3 0x8000ad88 (0x02aa9d33) x26 0xffffd45b
core   0: 0x8000ad8c (0x74fb2b93) slti    s7, s6, 1871
core   0: 3 0x8000ad8c (0x74fb2b93) x23 0x00000001
core   0: 0x8000ad90 (0x0000100f) fence.i
core   0: 3 0x8000ad90 (0x0000100f)
core   0: 0x8000ad94 (0x037dfa33) remu    s4, s11, s7
core   0: 3 0x8000ad94 (0x037dfa33) x20 0x00000000
core   0: 0x8000ad98 (0xa48d9897) auipc   a7, 0xa48d9
core   0: 3 0x8000ad98 (0xa48d9897) x17 0x248e3d98
core   0: 0x8000ad9c (0x000043b1) c.li    t2, 12
core   0: 3 0x8000ad9c (0x43b1) x 7 0x0000000c
core   0: 0x8000ad9e (0x008c6263) bltu    s8, s0, pc + 4
core   0: 3 0x8000ad9e (0x008c6263)
core   0: 0x8000ada2 (0x0000100f) fence.i
core   0: 3 0x8000ada2 (0x0000100f)
core   0: 0x8000ada6 (0x0000100f) fence.i
core   0: 3 0x8000ada6 (0x0000100f)
core   0: 0x8000adaa (0x07533b13) sltiu   s6, t1, 117
core   0: 3 0x8000adaa (0x07533b13) x22 0x00000000
core   0: 0x8000adae (0x000b5e33) srl     t3, s6, zero
core   0: 3 0x8000adae (0x000b5e33) x28 0x00000000
core   0: 0x8000adb2 (0x00008049) c.srli  s0, 18
core   0: 3 0x8000adb2 (0x8049) x 8 0x00000000
core   0: 0x8000adb4 (0x056c5063) bge     s8, s6, pc + 64
core   0: 3 0x8000adb4 (0x056c5063)
core   0: 0x8000adf4 (0x01bd1313) slli    t1, s10, 27
core   0: 3 0x8000adf4 (0x01bd1313) x 6 0xd8000000
core   0: 0x8000adf8 (0x00008dba) c.mv    s11, a4
core   0: 3 0x8000adf8 (0x8dba) x27 0xfd3e21da
core   0: 0x8000adfa (0x000099ce) c.add   s3, s3
core   0: 3 0x8000adfa (0x99ce) x19 0x0000d262
core   0: 0x8000adfc (0x84b3e713) ori     a4, t2, -1973
core   0: 3 0x8000adfc (0x84b3e713) x14 0xfffff84f
core   0: 0x8000ae00 (0x009c9a93) slli    s5, s9, 9
core   0: 3 0x8000ae00 (0x009c9a93) x21 0x00000200
core   0: 0x8000ae04 (0x41f78cb3) sub     s9, a5, t6
core   0: 3 0x8000ae04 (0x41f78cb3) x25 0xea3bfcc3
core   0: 0x8000ae08 (0x415288b3) sub     a7, t0, s5
core   0: 3 0x8000ae08 (0x415288b3) x17 0x7fcbde01
core   0: 0x8000ae0c (0x02657633) remu    a2, a0, t1
core   0: 3 0x8000ae0c (0x02657633) x12 0x253e21da
core   0: 0x8000ae10 (0x0134e133) or      sp, s1, s3
core   0: 3 0x8000ae10 (0x0134e133) x 2 0x8002de66
core   0: 0x8000ae14 (0x00009712) c.add   a4, tp
core   0: 3 0x8000ae14 (0x9712) x14 0xea3ca511
core   0: 0x8000ae16 (0x0306fdb3) remu    s11, a3, a6
core   0: 3 0x8000ae16 (0x0306fdb3) x27 0x00000000
core   0: 0x8000ae1a (0x00008dad) c.xor   a1, a1
core   0: 3 0x8000ae1a (0x8dad) x11 0x00000000
core   0: 0x8000ae1c (0x00911d63) bne     sp, s1, pc + 26
core   0: 3 0x8000ae1c (0x00911d63)
core   0: 0x8000ae36 (0x014d1233) sll     tp, s10, s4
core   0: 3 0x8000ae36 (0x014d1233) x 4 0xffffd45b
core   0: 0x8000ae3a (0x03329763) bne     t0, s3, pc + 46
core   0: 3 0x8000ae3a (0x03329763)
core   0: 0x8000ae68 (0x032c1b63) bne     s8, s2, pc + 54
core   0: 3 0x8000ae68 (0x032c1b63)
core   0: 0x8000ae9e (0x41140d33) sub     s10, s0, a7
core   0: 3 0x8000ae9e (0x41140d33) x26 0x803421ff
core   0: 0x8000aea2 (0x000093fe) c.add   t2, t6
core   0: 3 0x8000aea2 (0x93fe) x 7 0x0000b00c
core   0: 0x8000aea4 (0x00006091) c.lui   ra, 0x4
core   0: 3 0x8000aea4 (0x6091) x 1 0x00004000
core   0: 0x8000aea6 (0x00009aba) c.add   s5, a4
core   0: 3 0x8000aea6 (0x9aba) x21 0xea3ca711
core   0: 0x8000aea8 (0x02df7c33) remu    s8, t5, a3
core   0: 3 0x8000aea8 (0x02df7c33) x24 0x000021bd
core   0: 0x8000aeac (0x0000ee97) auipc   t4, 0xe
core   0: 3 0x8000aeac (0x0000ee97) x29 0x80018eac
core   0: 0x8000aeb0 (0x53fe8e93) addi    t4, t4, 1343
core   0: 3 0x8000aeb0 (0x53fe8e93) x29 0x800193eb
core   0: 0x8000aeb4 (0x025ecd83) lbu     s11, 37(t4)
core   0: 3 0x8000aeb4 (0x025ecd83) x27 0x00000000 mem 0x80019410
core   0: 0x8000aeb8 (0x03bedc83) lhu     s9, 59(t4)
core   0: 3 0x8000aeb8 (0x03bedc83) x25 0x00000000 mem 0x80019426
core   0: 0x8000aebc (0x03137d33) remu    s10, t1, a7
core   0: 3 0x8000aebc (0x03137d33) x26 0x583421ff
core   0: 0x8000aec0 (0x02ae8703) lb      a4, 42(t4)
core   0: 3 0x8000aec0 (0x02ae8703) x14 0x00000000 mem 0x80019415
core   0: 0x8000aec4 (0x02173133) mulhu   sp, a4, ra
core   0: 3 0x8000aec4 (0x02173133) x 2 0x00000000
core   0: 0x8000aec8 (0x02aeca83) lbu     s5, 42(t4)
core   0: 3 0x8000aec8 (0x02aeca83) x21 0x00000000 mem 0x80019415
core   0: 0x8000aecc (0xfe7e9283) lh      t0, -25(t4)
core   0: 3 0x8000aecc (0xfe7e9283) x 5 0x00000000 mem 0x800193d2
core   0: 0x8000aed0 (0x00008731) c.srai  a4, 12
core   0: 3 0x8000aed0 (0x8731) x14 0x00000000
core   0: 0x8000aed2 (0xfc5ecf03) lbu     t5, -59(t4)
core   0: 3 0x8000aed2 (0xfc5ecf03) x30 0x00000000 mem 0x800193b0
core   0: 0x8000aed6 (0xfeaeaaa3) sw      a0, -11(t4)
core   0: 3 0x8000aed6 (0xfeaeaaa3) mem 0x800193e0 0xfd3e21da
core   0: 0x8000aeda (0xfe4e87a3) sb      tp, -17(t4)
core   0: 3 0x8000aeda (0xfe4e87a3) mem 0x800193da 0x5b
core   0: 0x8000aede (0x033e8123) sb      s3, 34(t4)
core   0: 3 0x8000aede (0x033e8123) mem 0x8001940d 0x62
core   0: 0x8000aee2 (0x022e8a83) lb      s5, 34(t4)
core   0: 3 0x8000aee2 (0x022e8a83) x21 0x00000062 mem 0x8001940d
core   0: 0x8000aee6 (0x038e8ea3) sb      s8, 61(t4)
core   0: 3 0x8000aee6 (0x038e8ea3) mem 0x80019428 0xbd
core   0: 0x8000aeea (0x00008c71) c.and   s0, a2
core   0: 3 0x8000aeea (0x8c71) x 8 0x00000000
core   0: 0x8000aeec (0xfcce8f03) lb      t5, -52(t4)
core   0: 3 0x8000aeec (0xfcce8f03) x30 0x00000000 mem 0x800193b7
core   0: 0x8000aef0 (0x02ae8683) lb      a3, 42(t4)
core   0: 3 0x8000aef0 (0x02ae8683) x13 0x00000000 mem 0x80019415
core   0: 0x8000aef4 (0x000086b5) c.srai  a3, 13
core   0: 3 0x8000aef4 (0x86b5) x13 0x00000000
core   0: 0x8000aef6 (0x5e110737) lui     a4, 0x5e110
core   0: 3 0x8000aef6 (0x5e110737) x14 0x5e110000
core   0: 0x8000aefa (0x414105b3) sub     a1, sp, s4
core   0: 3 0x8000aefa (0x414105b3) x11 0x00000000
core   0: 0x8000aefe (0x000097a6) c.add   a5, s1
core   0: 3 0x8000aefe (0x97a6) x15 0x6a3f3b27
core   0: 0x8000af00 (0x403cd593) srai    a1, s9, 3
core   0: 3 0x8000af00 (0x403cd593) x11 0x00000000
core   0: 0x8000af04 (0x02c6f163) bgeu    a3, a2, pc + 34
core   0: 3 0x8000af04 (0x02c6f163)
core   0: 0x8000af08 (0x00001efd) c.addi  t4, -1
core   0: 3 0x8000af08 (0x1efd) x29 0x800193ea
core   0: 0x8000af0a (0x000087f2) c.mv    a5, t3
core   0: 3 0x8000af0a (0x87f2) x15 0x00000000
core   0: 0x8000af0c (0x00006b6d) c.lui   s6, 0x1b
core   0: 3 0x8000af0c (0x6b6d) x22 0x0001b000
core   0: 0x8000af0e (0x03e77863) bgeu    a4, t5, pc + 48
core   0: 3 0x8000af0e (0x03e77863)
core   0: 0x8000af3e (0x0145e633) or      a2, a1, s4
core   0: 3 0x8000af3e (0x0145e633) x12 0x00000000
core   0: 0x8000af42 (0x3cbb7293) andi    t0, s6, 971
core   0: 3 0x8000af42 (0x3cbb7293) x 5 0x00000000
core   0: 0x8000af46 (0x9e087f93) andi    t6, a6, -1568
core   0: 3 0x8000af46 (0x9e087f93) x31 0x00000000
core   0: 0x8000af4a (0x0000717d) c.addi16sp sp, -16
core   0: 3 0x8000af4a (0x717d) x 2 0xfffffff0
core   0: 0x8000af4c (0x0f143a13) sltiu   s4, s0, 241
core   0: 3 0x8000af4c (0x0f143a13) x20 0x00000001
core   0: 0x8000af50 (0x5a37f793) andi    a5, a5, 1443
core   0: 3 0x8000af50 (0x5a37f793) x15 0x00000000
core   0: 0x8000af54 (0x01a9c6b3) xor     a3, s3, s10
core   0: 3 0x8000af54 (0x01a9c6b3) x13 0x5834f39d
core   0: 0x8000af58 (0x00000001) c.nop
core   0: 3 0x8000af58 (0x0001)
core   0: 0x8000af5a (0x00009b7d) c.andi  a4, -1
core   0: 3 0x8000af5a (0x9b7d) x14 0x5e110000
core   0: 0x8000af5c (0x0000717d) c.addi16sp sp, -16
core   0: 3 0x8000af5c (0x717d) x 2 0xffffffe0
core   0: 0x8000af5e (0x014d6cb3) or      s9, s10, s4
core   0: 3 0x8000af5e (0x014d6cb3) x25 0x583421ff
core   0: 0x8000af62 (0x00009d22) c.add   s10, s0
core   0: 3 0x8000af62 (0x9d22) x26 0x583421ff
core   0: 0x8000af64 (0x0000825d) c.srli  a2, 23
core   0: 3 0x8000af64 (0x825d) x12 0x00000000
core   0: 0x8000af66 (0x03c06663) bltu    zero, t3, pc + 44
core   0: 3 0x8000af66 (0x03c06663)
core   0: 0x8000af6a (0xa91a0b13) addi    s6, s4, -1391
core   0: 3 0x8000af6a (0xa91a0b13) x22 0xfffffa92
core   0: 0x8000af6e (0x01fbb9b3) sltu    s3, s7, t6
core   0: 3 0x8000af6e (0x01fbb9b3) x19 0x00000000
core   0: 0x8000af72 (0x038001b3) mul     gp, zero, s8
core   0: 3 0x8000af72 (0x038001b3) x 3 0x00000000
core   0: 0x8000af76 (0x02146233) rem     tp, s0, ra
core   0: 3 0x8000af76 (0x02146233) x 4 0x00000000
core   0: 0x8000af7a (0x0000425d) c.li    tp, 23
core   0: 3 0x8000af7a (0x425d) x 4 0x00000017
core   0: 0x8000af7c (0x4035df13) srai    t5, a1, 3
core   0: 3 0x8000af7c (0x4035df13) x30 0x00000000
core   0: 0x8000af80 (0x0099b6b3) sltu    a3, s3, s1
core   0: 3 0x8000af80 (0x0099b6b3) x13 0x00000001
core   0: 0x8000af84 (0x00009b5a) c.add   s6, s6
core   0: 3 0x8000af84 (0x9b5a) x22 0xfffff524
core   0: 0x8000af86 (0x05785263) bge     a6, s7, pc + 68
core   0: 3 0x8000af86 (0x05785263)
core   0: 0x8000afca (0x00008b9e) c.mv    s7, t2
core   0: 3 0x8000afca (0x8b9e) x23 0x0000b00c
core   0: 0x8000afcc (0x00008fbd) c.xor   a5, a5
core   0: 3 0x8000afcc (0x8fbd) x15 0x00000000
core   0: 0x8000afce (0x01fa4eb3) xor     t4, s4, t6
core   0: 3 0x8000afce (0x01fa4eb3) x29 0x00000001
core   0: 0x8000afd2 (0x009bd393) srli    t2, s7, 9
core   0: 3 0x8000afd2 (0x009bd393) x 7 0x00000058
core   0: 0x8000afd6 (0x00008e51) c.or    a2, a2
core   0: 3 0x8000afd6 (0x8e51) x12 0x00000000
core   0: 0x8000afd8 (0x000c1f93) slli    t6, s8, 0
core   0: 3 0x8000afd8 (0x000c1f93) x31 0x000021bd
core   0: 0x8000afdc (0x97bb7d93) andi    s11, s6, -1669
core   0: 3 0x8000afdc (0x97bb7d93) x27 0xfffff120
core   0: 0x8000afe0 (0x0000e601) c.bnez  a2, pc + 8
core   0: 3 0x8000afe0 (0xe601)
core   0: 0x8000afe2 (0x41670fb3) sub     t6, a4, s6
core   0: 3 0x8000afe2 (0x41670fb3) x31 0x5e110adc
core   0: 0x8000afe6 (0x00008e65) c.and   a2, s1
core   0: 3 0x8000afe6 (0x8e65) x12 0x00000000
core   0: 0x8000afe8 (0x02d743b3) div     t2, a4, a3
core   0: 3 0x8000afe8 (0x02d743b3) x 7 0x5e110000
core   0: 0x8000afec (0x402f83b3) sub     t2, t6, sp
core   0: 3 0x8000afec (0x402f83b3) x 7 0x5e110afc
core   0: 0x8000aff0 (0x00000001) c.nop
core   0: 3 0x8000aff0 (0x0001)
core   0: 0x8000aff2 (0xe74d4713) xori    a4, s10, -396
core   0: 3 0x8000aff2 (0xe74d4713) x14 0xa7cbdf8b
core   0: 0x8000aff6 (0x000049c1) c.li    s3, 16
core   0: 3 0x8000aff6 (0x49c1) x19 0x00000010
core   0: 0x8000aff8 (0x619b3f37) lui     t5, 0x619b3
core   0: 3 0x8000aff8 (0x619b3f37) x30 0x619b3000
core   0: 0x8000affc (0x00516033) or      zero, sp, t0
core   0: 3 0x8000affc (0x00516033)
core   0: 0x8000b000 (0x00000b62) c.slli  s6, 24
core   0: 3 0x8000b000 (0x0b62) x22 0x24000000
core   0: 0x8000b002 (0x00cd5a93) srli    s5, s10, 12
core   0: 3 0x8000b002 (0x00cd5a93) x21 0x00058342
core   0: 0x8000b006 (0x4079d433) sra     s0, s3, t2
core   0: 3 0x8000b006 (0x4079d433) x 8 0x00000000
core   0: 0x8000b00a (0x00000001) c.nop
core   0: 3 0x8000b00a (0x0001)
core   0: 0x8000b00c (0x03d3b8b3) mulhu   a7, t2, t4
core   0: 3 0x8000b00c (0x03d3b8b3) x17 0x00000000
core   0: 0x8000b010 (0x00d9dc13) srli    s8, s3, 13
core   0: 3 0x8000b010 (0x00d9dc13) x24 0x00000000
core   0: 0x8000b014 (0x08506263) bltu    zero, t0, pc + 132
core   0: 3 0x8000b014 (0x08506263)
core   0: 0x8000b018 (0x00008419) c.srai  s0, 6
core   0: 3 0x8000b018 (0x8419) x 8 0x00000000
core   0: 0x8000b01a (0x038800b3) mul     ra, a6, s8
core   0: 3 0x8000b01a (0x038800b3) x 1 0x00000000
core   0: 0x8000b01e (0x000005ad) c.addi  a1, 11
core   0: 3 0x8000b01e (0x05ad) x11 0x0000000b
core   0: 0x8000b020 (0x074f9a63) bne     t6, s4, pc + 116
core   0: 3 0x8000b020 (0x074f9a63)
core   0: 0x8000b094 (0x41955713) srai    a4, a0, 25
core   0: 3 0x8000b094 (0x41955713) x14 0xfffffffe
core   0: 0x8000b098 (0x00008e99) c.sub   a3, a4
core   0: 3 0x8000b098 (0x8e99) x13 0x00000003
core   0: 0x8000b09a (0x1cfab617) auipc   a2, 0x1cfab
core   0: 3 0x8000b09a (0x1cfab617) x12 0x9cfb609a
core   0: 0x8000b09e (0x00008431) c.srai  s0, 12
core   0: 3 0x8000b09e (0x8431) x 8 0x00000000
core   0: 0x8000b0a0 (0x3812c213) xori    tp, t0, 897
core   0: 3 0x8000b0a0 (0x3812c213) x 4 0x00000381
core   0: 0x8000b0a4 (0x03050f33) mul     t5, a0, a6
core   0: 3 0x8000b0a4 (0x03050f33) x30 0xfd3e21da
core   0: 0x8000b0a8 (0x00000e14) c.addi4spn a3, sp, 784
core   0: 3 0x8000b0a8 (0x0e14) x13 0x000002f0
core   0: 0x8000b0aa (0x01115e13) srli    t3, sp, 17
core   0: 3 0x8000b0aa (0x01115e13) x28 0x00007fff
core   0: 0x8000b0ae (0x00008f09) c.sub   a4, a0
core   0: 3 0x8000b0ae (0x8f09) x14 0x02c1de24
core   0: 0x8000b0b0 (0x00004251) c.li    tp, 20
core   0: 3 0x8000b0b0 (0x4251) x 4 0x00000014
core   0: 0x8000b0b2 (0x9c2d3113) sltiu   sp, s10, -1598
core   0: 3 0x8000b0b2 (0x9c2d3113) x 2 0x00000001
core   0: 0x8000b0b6 (0x00008e59) c.or    a2, a4
core   0: 3 0x8000b0b6 (0x8e59) x12 0x9efbfebe
core   0: 0x8000b0b8 (0x4000df13) srai    t5, ra, 0
core   0: 3 0x8000b0b8 (0x4000df13) x30 0x00000000
core   0: 0x8000b0bc (0x0057f433) and     s0, a5, t0
core   0: 3 0x8000b0bc (0x0057f433) x 8 0x00000000
core   0: 0x8000b0c0 (0x005029b3) slt     s3, zero, t0
core   0: 3 0x8000b0c0 (0x005029b3) x19 0x00000000
core   0: 0x8000b0c4 (0xfc94ec13) ori     s8, s1, -55
core   0: 3 0x8000b0c4 (0xfc94ec13) x24 0xffffffed
core   0: 0x8000b0c8 (0x0107d133) srl     sp, a5, a6
core   0: 3 0x8000b0c8 (0x0107d133) x 2 0x00000000
core   0: 0x8000b0cc (0x0000e385) c.bnez  a5, pc + 32
core   0: 3 0x8000b0cc (0xe385)
core   0: 0x8000b0ce (0x00009146) c.add   sp, a7
core   0: 3 0x8000b0ce (0x9146) x 2 0x00000000
core   0: 0x8000b0d0 (0x000085f9) c.srai  a1, 30
core   0: 3 0x8000b0d0 (0x85f9) x11 0x00000000
core   0: 0x8000b0d2 (0xa8960593) addi    a1, a2, -1399
core   0: 3 0x8000b0d2 (0xa8960593) x11 0x9efbf947
core   0: 0x8000b0d6 (0xbdeccf13) xori    t5, s9, -1058
core   0: 3 0x8000b0d6 (0xbdeccf13) x30 0xa7cbda21
core   0: 0x8000b0da (0x0000717d) c.addi16sp sp, -16
core   0: 3 0x8000b0da (0x717d) x 2 0xfffffff0
core   0: 0x8000b0dc (0x6a4fc437) lui     s0, 0x6a4fc
core   0: 3 0x8000b0dc (0x6a4fc437) x 8 0x6a4fc000
core   0: 0x8000b0e0 (0x00008d76) c.mv    s10, t4
core   0: 3 0x8000b0e0 (0x8d76) x26 0x00000001
core   0: 0x8000b0e2 (0x023b6fb3) rem     t6, s6, gp
core   0: 3 0x8000b0e2 (0x023b6fb3) x31 0x24000000
core   0: 0x8000b0e6 (0x00008e8d) c.sub   a3, a1
core   0: 3 0x8000b0e6 (0x8e8d) x13 0x610409a9
core   0: 0x8000b0e8 (0xa84e6337) lui     t1, 0xa84e6
core   0: 3 0x8000b0e8 (0xa84e6337) x 6 0xa84e6000
core   0: 0x8000b0ec (0x409d5d33) sra     s10, s10, s1
core   0: 3 0x8000b0ec (0x409d5d33) x26 0x00000000
core   0: 0x8000b0f0 (0x02bc06b3) mul     a3, s8, a1
core   0: 3 0x8000b0f0 (0x02bc06b3) x13 0x334c7fbb
core   0: 0x8000b0f4 (0x00001e1c) c.addi4spn a5, sp, 816
core   0: 3 0x8000b0f4 (0x1e1c) x15 0x00000320
core   0: 0x8000b0f6 (0x02e1c763) blt     gp, a4, pc + 46
core   0: 3 0x8000b0f6 (0x02e1c763)
core   0: 0x8000b124 (0x01440633) add     a2, s0, s4
core   0: 3 0x8000b124 (0x01440633) x12 0x6a4fc001
core   0: 0x8000b128 (0x0000100f) fence.i
core   0: 3 0x8000b128 (0x0000100f)
core   0: 0x8000b12c (0x001c1313) slli    t1, s8, 1
core   0: 3 0x8000b12c (0x001c1313) x 6 0xffffffda
core   0: 0x8000b130 (0x00008f16) c.mv    t5, t0
core   0: 3 0x8000b130 (0x8f16) x30 0x00000000
core   0: 0x8000b132 (0x40405893) srai    a7, zero, 4
core   0: 3 0x8000b132 (0x40405893) x17 0x00000000
core   0: 0x8000b136 (0x0125f6b3) and     a3, a1, s2
core   0: 3 0x8000b136 (0x0125f6b3) x13 0x8002c844
core   0: 0x8000b13a (0x9bcd6e17) auipc   t3, 0x9bcd6
core   0: 3 0x8000b13a (0x9bcd6e17) x28 0x1bce113a
core   0: 0x8000b13e (0x02f34c63) blt     t1, a5, pc + 56
core   0: 3 0x8000b13e (0x02f34c63)
core   0: 0x8000b176 (0x0ff0000f) fence   iorw,iorw
core   0: 3 0x8000b176 (0x0ff0000f)
core   0: 0x8000b17a (0x00008e5d) c.or    a2, a5
core   0: 3 0x8000b17a (0x8e5d) x12 0x6a4fc321
core   0: 0x8000b17c (0x016d0433) add     s0, s10, s6
core   0: 3 0x8000b17c (0x016d0433) x 8 0x24000000
core   0: 0x8000b180 (0x0000083d) c.addi  a6, 15
core   0: 3 0x8000b180 (0x083d) x16 0x00000010
core   0: 0x8000b182 (0xe25d0e13) addi    t3, s10, -475
core   0: 3 0x8000b182 (0xe25d0e13) x28 0xfffffe25
core   0: 0x8000b186 (0xff93b193) sltiu   gp, t2, -7
core   0: 3 0x8000b186 (0xff93b193) x 3 0x00000001
core   0: 0x8000b18a (0x00008e6d) c.and   a2, a1
core   0: 3 0x8000b18a (0x8e6d) x12 0x0a4bc101
core   0: 0x8000b18c (0x000005ba) c.slli  a1, 14
core   0: 3 0x8000b18c (0x05ba) x11 0xfe51c000
core   0: 0x8000b18e (0x0ff0000f) fence   iorw,iorw
core   0: 3 0x8000b18e (0x0ff0000f)
core   0: 0x8000b192 (0x000066e1) c.lui   a3, 0x18
core   0: 3 0x8000b192 (0x66e1) x13 0x00018000
core   0: 0x8000b194 (0x00000001) c.nop
core   0: 3 0x8000b194 (0x0001)
core   0: 0x8000b196 (0x023c3eb3) mulhu   t4, s8, gp
core   0: 3 0x8000b196 (0x023c3eb3) x29 0x00000000
core   0: 0x8000b19a (0x00000001) c.nop
core   0: 3 0x8000b19a (0x0001)
core   0: 0x8000b19c (0x0000023d) c.addi  tp, 15
core   0: 3 0x8000b19c (0x023d) x 4 0x00000023
core   0: 0x8000b19e (0x0363b8b3) mulhu   a7, t2, s6
core   0: 3 0x8000b19e (0x0363b8b3) x17 0x0d3a658b
core   0: 0x8000b1a2 (0x006073b3) and     t2, zero, t1
core   0: 3 0x8000b1a2 (0x006073b3) x 7 0x00000000
core   0: 0x8000b1a6 (0x00006861) c.lui   a6, 0x18
core   0: 3 0x8000b1a6 (0x6861) x16 0x00018000
core   0: 0x8000b1a8 (0x01c710b3) sll     ra, a4, t3
core   0: 3 0x8000b1a8 (0x01c710b3) x 1 0x583bc480
core   0: 0x8000b1ac (0x0000f733) and     a4, ra, zero
core   0: 3 0x8000b1ac (0x0000f733) x14 0x00000000
core   0: 0x8000b1b0 (0x0000088c) c.addi4spn a1, sp, 80
core   0: 3 0x8000b1b0 (0x088c) x11 0x00000040
core   0: 0x8000b1b2 (0x5586fe93) andi    t4, a3, 1368
core   0: 3 0x8000b1b2 (0x5586fe93) x29 0x00000000
core   0: 0x8000b1b6 (0x029c8bb3) mul     s7, s9, s1
core   0: 3 0x8000b1b6 (0x029c8bb3) x23 0x2336b99c
core   0: 0x8000b1ba (0x0114f663) bgeu    s1, a7, pc + 12
core   0: 3 0x8000b1ba (0x0114f663)
core   0: 0x8000b1c6 (0x021dceb3) div     t4, s11, ra
core   0: 3 0x8000b1c6 (0x021dceb3) x29 0x00000000
core   0: 0x8000b1ca (0x2966b213) sltiu   tp, a3, 662
core   0: 3 0x8000b1ca (0x2966b213) x 4 0x00000000
core   0: 0x8000b1ce (0x00b59413) slli    s0, a1, 11
core   0: 3 0x8000b1ce (0x00b59413) x 8 0x00020000
core   0: 0x8000b1d2 (0x0217d633) divu    a2, a5, ra
core   0: 3 0x8000b1d2 (0x0217d633) x12 0x00000000
core   0: 0x8000b1d6 (0x03fe52b3) divu    t0, t3, t6
core   0: 3 0x8000b1d6 (0x03fe52b3) x 5 0x00000007
core   0: 0x8000b1da (0x000b5433) srl     s0, s6, zero
core   0: 3 0x8000b1da (0x000b5433) x 8 0x24000000
core   0: 0x8000b1de (0x01f9d633) srl     a2, s3, t6
core   0: 3 0x8000b1de (0x01f9d633) x12 0x00000000
core   0: 0x8000b1e2 (0x007345b3) xor     a1, t1, t2
core   0: 3 0x8000b1e2 (0x007345b3) x11 0xffffffda
core   0: 0x8000b1e6 (0x185bc213) xori    tp, s7, 389
core   0: 3 0x8000b1e6 (0x185bc213) x 4 0x2336b819
core   0: 0x8000b1ea (0x01c25233) srl     tp, tp, t3
core   0: 3 0x8000b1ea (0x01c25233) x 4 0x0119b5c0
core   0: 0x8000b1ee (0x38c86113) ori     sp, a6, 908
core   0: 3 0x8000b1ee (0x38c86113) x 2 0x0001838c
core   0: 0x8000b1f2 (0x025b4233) div     tp, s6, t0
core   0: 3 0x8000b1f2 (0x025b4233) x 4 0x05249249
core   0: 0x8000b1f6 (0x000082f5) c.srli  a3, 29
core   0: 3 0x8000b1f6 (0x82f5) x13 0x00000000
core   0: 0x8000b1f8 (0x015b5593) srli    a1, s6, 21
core   0: 3 0x8000b1f8 (0x015b5593) x11 0x00000120
core   0: 0x8000b1fc (0x00008025) c.srli  s0, 9
core   0: 3 0x8000b1fc (0x8025) x 8 0x00120000
core   0: 0x8000b1fe (0x007e1e93) slli    t4, t3, 7
core   0: 3 0x8000b1fe (0x007e1e93) x29 0xffff1280
core   0: 0x8000b202 (0x059b5163) bge     s6, s9, pc + 66
core   0: 3 0x8000b202 (0x059b5163)
core   0: 0x8000b206 (0x00006e55) c.lui   t3, 0x15
core   0: 3 0x8000b206 (0x6e55) x28 0x00015000
core   0: 0x8000b208 (0x01760cb3) add     s9, a2, s7
core   0: 3 0x8000b208 (0x01760cb3) x25 0x2336b99c
core   0: 0x8000b20c (0x000086e5) c.srai  a3, 25
core   0: 3 0x8000b20c (0x86e5) x13 0x00000000
core   0: 0x8000b20e (0x0000821d) c.srli  a2, 7
core   0: 3 0x8000b20e (0x821d) x12 0x00000000
core   0: 0x8000b210 (0x4ef52817) auipc   a6, 0x4ef52
core   0: 3 0x8000b210 (0x4ef52817) x16 0xcef5d210
core   0: 0x8000b214 (0xb32d8693) addi    a3, s11, -1230
core   0: 3 0x8000b214 (0xb32d8693) x13 0xffffec52
core   0: 0x8000b218 (0x03aeb3b3) mulhu   t2, t4, s10
core   0: 3 0x8000b218 (0x03aeb3b3) x 7 0x00000000
core   0: 0x8000b21c (0x02525463) bge     tp, t0, pc + 40
core   0: 3 0x8000b21c (0x02525463)
core   0: 0x8000b244 (0x0000022a) c.slli  tp, 10
core   0: 3 0x8000b244 (0x022a) x 4 0x92492400
core   0: 0x8000b246 (0x014c02b3) add     t0, s8, s4
core   0: 3 0x8000b246 (0x014c02b3) x 5 0xffffffee
core   0: 0x8000b24a (0x4165df93) srai    t6, a1, 22
core   0: 3 0x8000b24a (0x4165df93) x31 0x00000000
core   0: 0x8000b24e (0x03736733) rem     a4, t1, s7
core   0: 3 0x8000b24e (0x03736733) x14 0xffffffda
core   0: 0x8000b252 (0x02c3d233) divu    tp, t2, a2
core   0: 3 0x8000b252 (0x02c3d233) x 4 0xffffffff
core   0: 0x8000b256 (0x01707433) and     s0, zero, s7
core   0: 3 0x8000b256 (0x01707433) x 8 0x00000000
core   0: 0x8000b25a (0x035577b3) remu    a5, a0, s5
core   0: 3 0x8000b25a (0x035577b3) x15 0x000079fa
core   0: 0x8000b25e (0x71d70113) addi    sp, a4, 1821
core   0: 3 0x8000b25e (0x71d70113) x 2 0x000006f7
core   0: 0x8000b262 (0x002cd033) srl     zero, s9, sp
core   0: 3 0x8000b262 (0x002cd033)
core   0: 0x8000b266 (0x4117d633) sra     a2, a5, a7
core   0: 3 0x8000b266 (0x4117d633) x12 0x0000000f
core   0: 0x8000b26a (0x032126b3) mulhsu  a3, sp, s2
core   0: 3 0x8000b26a (0x032126b3) x13 0x0000037b
core   0: 0x8000b26e (0x0000ce97) auipc   t4, 0xc
core   0: 3 0x8000b26e (0x0000ce97) x29 0x8001726e
core   0: 0x8000b272 (0xaf9e8e93) addi    t4, t4, -1287
core   0: 3 0x8000b272 (0xaf9e8e93) x29 0x80016d67
core   0: 0x8000b276 (0xb2a92b13) slti    s6, s2, -1238
core   0: 3 0x8000b276 (0xb2a92b13) x22 0x00000001
core   0: 0x8000b27a (0x0000100f) fence.i
core   0: 3 0x8000b27a (0x0000100f)
core   0: 0x8000b27e (0x024ec603) lbu     a2, 36(t4)
core   0: 3 0x8000b27e (0x024ec603) x12 0x00000000 mem 0x80016d8b
core   0: 0x8000b282 (0x3e282813) slti    a6, a6, 994
core   0: 3 0x8000b282 (0x3e282813) x16 0x00000001
core   0: 0x8000b286 (0xfd9e8383) lb      t2, -39(t4)
core   0: 3 0x8000b286 (0xfd9e8383) x 7 0x00000000 mem 0x80016d40
core   0: 0x8000b28a (0xfd4e8823) sb      s4, -48(t4)
core   0: 3 0x8000b28a (0xfd4e8823) mem 0x80016d37 0x1
core   0: 0x8000b28e (0xfffec083) lbu     ra, -1(t4)
core   0: 3 0x8000b28e (0xfffec083) x 1 0x00000000 mem 0x80016d66
core   0: 0x8000b292 (0x01de8023) sb      t4, 0(t4)
core   0: 3 0x8000b292 (0x01de8023) mem 0x80016d67 0x67
core   0: 0x8000b296 (0x00cea4a3) sw      a2, 9(t4)
core   0: 3 0x8000b296 (0x00cea4a3) mem 0x80016d70 0x00000000
core   0: 0x8000b29a (0x011eaf03) lw      t5, 17(t4)
core   0: 3 0x8000b29a (0x011eaf03) x30 0x00000000 mem 0x80016d78
core   0: 0x8000b29e (0x018d5a93) srli    s5, s10, 24
core   0: 3 0x8000b29e (0x018d5a93) x21 0x00000000
core   0: 0x8000b2a2 (0xfe1e8723) sb      ra, -18(t4)
core   0: 3 0x8000b2a2 (0xfe1e8723) mem 0x80016d55 0x0
core   0: 0x8000b2a6 (0x8e46ff93) andi    t6, a3, -1820
core   0: 3 0x8000b2a6 (0x8e46ff93) x31 0x00000060
core   0: 0x8000b2aa (0x000ec883) lbu     a7, 0(t4)
core   0: 3 0x8000b2aa (0x000ec883) x17 0x00000067 mem 0x80016d67
core   0: 0x8000b2ae (0x03fe8f23) sb      t6, 62(t4)
core   0: 3 0x8000b2ae (0x03fe8f23) mem 0x80016da5 0x60
core   0: 0x8000b2b2 (0xfe8eca03) lbu     s4, -24(t4)
core   0: 3 0x8000b2b2 (0xfe8eca03) x20 0x00000000 mem 0x80016d4f
core   0: 0x8000b2b6 (0x038e8603) lb      a2, 56(t4)
core   0: 3 0x8000b2b6 (0x038e8603) x12 0x00000000 mem 0x80016d9f
core   0: 0x8000b2ba (0xfd1ec003) lbu     zero, -47(t4)
core   0: 3 0x8000b2ba (0xfd1ec003) mem 0x80016d38
core   0: 0x8000b2be (0xfdbe8ca3) sb      s11, -39(t4)
core   0: 3 0x8000b2be (0xfdbe8ca3) mem 0x80016d40 0x20
core   0: 0x8000b2c2 (0x02a3e733) rem     a4, t2, a0
core   0: 3 0x8000b2c2 (0x02a3e733) x14 0x00000000
core   0: 0x8000b2c6 (0x02fec403) lbu     s0, 47(t4)
core   0: 3 0x8000b2c6 (0x02fec403) x 8 0x00000001 mem 0x80016d96
core   0: 0x8000b2ca (0xfd8eca83) lbu     s5, -40(t4)
core   0: 3 0x8000b2ca (0xfd8eca83) x21 0x00000000 mem 0x80016d3f
core   0: 0x8000b2ce (0xfc1e8083) lb      ra, -63(t4)
core   0: 3 0x8000b2ce (0xfc1e8083) x 1 0x00000000 mem 0x80016d28
core   0: 0x8000b2d2 (0xfe2e8083) lb      ra, -30(t4)
core   0: 3 0x8000b2d2 (0xfe2e8083) x 1 0x00000000 mem 0x80016d49
core   0: 0x8000b2d6 (0x000e8583) lb      a1, 0(t4)
core   0: 3 0x8000b2d6 (0x000e8583) x11 0x00000067 mem 0x80016d67
core   0: 0x8000b2da (0x03be9a83) lh      s5, 59(t4)
core   0: 3 0x8000b2da (0x03be9a83) x21 0x000000c9 mem 0x80016da2
core   0: 0x8000b2de (0xfefe8303) lb      t1, -17(t4)
core   0: 3 0x8000b2de (0xfefe8303) x 6 0x00000001 mem 0x80016d56
core   0: 0x8000b2e2 (0xfefe8fa3) sb      a5, -1(t4)
core   0: 3 0x8000b2e2 (0xfefe8fa3) mem 0x80016d66 0xfa
core   0: 0x8000b2e6 (0x01709a93) slli    s5, ra, 23
core   0: 3 0x8000b2e6 (0x01709a93) x21 0x00000000
core   0: 0x8000b2ea (0xfe8e8123) sb      s0, -30(t4)
core   0: 3 0x8000b2ea (0xfe8e8123) mem 0x80016d49 0x1
core   0: 0x8000b2ee (0x00fec083) lbu     ra, 15(t4)
core   0: 3 0x8000b2ee (0x00fec083) x 1 0x00000000 mem 0x80016d76
core   0: 0x8000b2f2 (0x7aa38193) addi    gp, t2, 1962
core   0: 3 0x8000b2f2 (0x7aa38193) x 3 0x000007aa
core   0: 0x8000b2f6 (0x019e8383) lb      t2, 25(t4)
core   0: 3 0x8000b2f6 (0x019e8383) x 7 0x00000000 mem 0x80016d80
core   0: 0x8000b2fa (0x01cea4a3) sw      t3, 9(t4)
core   0: 3 0x8000b2fa (0x01cea4a3) mem 0x80016d70 0x00015000
core   0: 0x8000b2fe (0x010e8823) sb      a6, 16(t4)
core   0: 3 0x8000b2fe (0x010e8823) mem 0x80016d77 0x1
core   0: 0x8000b302 (0x0ff0000f) fence   iorw,iorw
core   0: 3 0x8000b302 (0x0ff0000f)
core   0: 0x8000b306 (0x08152a93) slti    s5, a0, 129
core   0: 3 0x8000b306 (0x08152a93) x21 0x00000001
core   0: 0x8000b30a (0xff1e9b03) lh      s6, -15(t4)
core   0: 3 0x8000b30a (0xff1e9b03) x22 0x00000000 mem 0x80016d58
core   0: 0x8000b30e (0xfe4ecc83) lbu     s9, -28(t4)
core   0: 3 0x8000b30e (0xfe4ecc83) x25 0x00000000 mem 0x80016d4b
core   0: 0x8000b312 (0x9de2ac13) slti    s8, t0, -1570
core   0: 3 0x8000b312 (0x9de2ac13) x24 0x00000000
core   0: 0x8000b316 (0x00000001) c.nop
core   0: 3 0x8000b316 (0x0001)
core   0: 0x8000b318 (0x00ad9433) sll     s0, s11, a0
core   0: 3 0x8000b318 (0x00ad9433) x 8 0x80000000
core   0: 0x8000b31c (0x01250463) beq     a0, s2, pc + 8
core   0: 3 0x8000b31c (0x01250463)
core   0: 0x8000b320 (0x01ca10b3) sll     ra, s4, t3
core   0: 3 0x8000b320 (0x01ca10b3) x 1 0x00000000
core   0: 0x8000b324 (0x0000040e) c.slli  s0, 3
core   0: 3 0x8000b324 (0x040e) x 8 0x00000000
core   0: 0x8000b326 (0x00009a7d) c.andi  a2, -1
core   0: 3 0x8000b326 (0x9a7d) x12 0x00000000
core   0: 0x8000b328 (0x02877633) remu    a2, a4, s0
core   0: 3 0x8000b328 (0x02877633) x12 0x00000000
core   0: 0x8000b32c (0x0200afb3) mulhsu  t6, ra, zero
core   0: 3 0x8000b32c (0x0200afb3) x31 0x00000000
core   0: 0x8000b330 (0x3bf9ed97) auipc   s11, 0x3bf9e
core   0: 3 0x8000b330 (0x3bf9ed97) x27 0xbbfa9330
core   0: 0x8000b334 (0x0393a8b3) mulhsu  a7, t2, s9
core   0: 3 0x8000b334 (0x0393a8b3) x17 0x00000000
core   0: 0x8000b338 (0xe1457c93) andi    s9, a0, -492
core   0: 3 0x8000b338 (0xe1457c93) x25 0xfd3e2010
core   0: 0x8000b33c (0x029be3b3) rem     t2, s7, s1
core   0: 3 0x8000b33c (0x029be3b3) x 7 0x2336b99c
core   0: 0x8000b340 (0x0284e763) bltu    s1, s0, pc + 46
core   0: 3 0x8000b340 (0x0284e763)
core   0: 0x8000b344 (0x0000e195) c.bnez  a1, pc + 36
core   0: 3 0x8000b344 (0xe195)
core   0: 0x8000b368 (0x00001a18) c.addi4spn a4, sp, 304
core   0: 3 0x8000b368 (0x1a18) x14 0x00000827
core   0: 0x8000b36a (0x02d49763) bne     s1, a3, pc + 46
core   0: 3 0x8000b36a (0x02d49763)
core   0: 0x8000b398 (0x03a45333) divu    t1, s0, s10
core   0: 3 0x8000b398 (0x03a45333) x 6 0xffffffff
core   0: 0x8000b39c (0x0310f863) bgeu    ra, a7, pc + 48
core   0: 3 0x8000b39c (0x0310f863)
core   0: 0x8000b3cc (0x04202213) slti    tp, zero, 66
core   0: 3 0x8000b3cc (0x04202213) x 4 0x00000001
core   0: 0x8000b3d0 (0x02ca7ab3) remu    s5, s4, a2
core   0: 3 0x8000b3d0 (0x02ca7ab3) x21 0x00000000
core   0: 0x8000b3d4 (0x005f5313) srli    t1, t5, 5
core   0: 3 0x8000b3d4 (0x005f5313) x 6 0x00000000
core   0: 0x8000b3d8 (0x03071833) mulh    a6, a4, a6
core   0: 3 0x8000b3d8 (0x03071833) x16 0x00000000
core   0: 0x8000b3dc (0xda023d37) lui     s10, 0xda023
core   0: 3 0x8000b3dc (0xda023d37) x26 0xda023000
core   0: 0x8000b3e0 (0x03a776b3) remu    a3, a4, s10
core   0: 3 0x8000b3e0 (0x03a776b3) x13 0x00000827
core   0: 0x8000b3e4 (0xd4e24b93) xori    s7, tp, -690
core   0: 3 0x8000b3e4 (0xd4e24b93) x23 0xfffffd4f
core   0: 0x8000b3e8 (0xb9207b93) andi    s7, zero, -1134
core   0: 3 0x8000b3e8 (0xb9207b93) x23 0x00000000
core   0: 0x8000b3ec (0x038d8eb3) mul     t4, s11, s8
core   0: 3 0x8000b3ec (0x038d8eb3) x29 0x00000000
core   0: 0x8000b3f0 (0x01fc76b3) and     a3, s8, t6
core   0: 3 0x8000b3f0 (0x01fc76b3) x13 0x00000000
core   0: 0x8000b3f4 (0x01489763) bne     a7, s4, pc + 14
core   0: 3 0x8000b3f4 (0x01489763)
core   0: 0x8000b3f8 (0x02840133) mul     sp, s0, s0
core   0: 3 0x8000b3f8 (0x02840133) x 2 0x00000000
core   0: 0x8000b3fc (0x000083c2) c.mv    t2, a6
core   0: 3 0x8000b3fc (0x83c2) x 7 0x00000000
core   0: 0x8000b3fe (0x74913d97) auipc   s11, 0x74913
core   0: 3 0x8000b3fe (0x74913d97) x27 0xf491e3fe
core   0: 0x8000b402 (0x0000717d) c.addi16sp sp, -16
core   0: 3 0x8000b402 (0x717d) x 2 0xfffffff0
core   0: 0x8000b404 (0x03e7ceb3) div     t4, a5, t5
core   0: 3 0x8000b404 (0x03e7ceb3) x29 0xffffffff
core   0: 0x8000b408 (0x00008c75) c.and   s0, a3
core   0: 3 0x8000b408 (0x8c75) x 8 0x00000000
core   0: 0x8000b40a (0x00006109) c.addi16sp sp, 128
core   0: 3 0x8000b40a (0x6109) x 2 0x00000070
core   0: 0x8000b40c (0xc1f62e93) slti    t4, a2, -993
core   0: 3 0x8000b40c (0xc1f62e93) x29 0x00000000
core   0: 0x8000b410 (0x00bb8cb3) add     s9, s7, a1
core   0: 3 0x8000b410 (0x00bb8cb3) x25 0x00000067
core   0: 0x8000b414 (0x00f29e33) sll     t3, t0, a5
core   0: 3 0x8000b414 (0x00f29e33) x28 0xb8000000
core   0: 0x8000b418 (0x00bd9a33) sll     s4, s11, a1
core   0: 3 0x8000b418 (0x00bd9a33) x20 0x48f1ff00
core   0: 0x8000b41c (0x00006125) c.addi16sp sp, 96
core   0: 3 0x8000b41c (0x6125) x 2 0x000000d0
core   0: 0x8000b41e (0x0ff0000f) fence   iorw,iorw
core   0: 3 0x8000b41e (0x0ff0000f)
core   0: 0x8000b422 (0x0000c315) c.beqz  a4, pc + 36
core   0: 3 0x8000b422 (0xc315)
core   0: 0x8000b424 (0x0000661d) c.lui   a2, 0x7
core   0: 3 0x8000b424 (0x661d) x12 0x00007000
core   0: 0x8000b426 (0x02bc1633) mulh    a2, s8, a1
core   0: 3 0x8000b426 (0x02bc1633) x12 0x00000000
core   0: 0x8000b42a (0x5bc43313) sltiu   t1, s0, 1468
core   0: 3 0x8000b42a (0x5bc43313) x 6 0x00000001
core   0: 0x8000b42e (0x023a6433) rem     s0, s4, gp
core   0: 3 0x8000b42e (0x023a6433) x 8 0x00000760
core   0: 0x8000b432 (0x124c2093) slti    ra, s8, 292
core   0: 3 0x8000b432 (0x124c2093) x 1 0x00000001
core   0: 0x8000b436 (0x00073fb3) sltu    t6, a4, zero
core   0: 3 0x8000b436 (0x00073fb3) x31 0x00000000
core   0: 0x8000b43a (0x00000001) c.nop
core   0: 3 0x8000b43a (0x0001)
core   0: 0x8000b43c (0x00008875) c.andi  s0, 29
core   0: 3 0x8000b43c (0x8875) x 8 0x00000000
core   0: 0x8000b43e (0x0168d613) srli    a2, a7, 22
core   0: 3 0x8000b43e (0x0168d613) x12 0x00000000
core   0: 0x8000b442 (0x0342d133) divu    sp, t0, s4
core   0: 3 0x8000b442 (0x0342d133) x 2 0x00000003
core   0: 0x8000b446 (0x419b5433) sra     s0, s6, s9
core   0: 3 0x8000b446 (0x419b5433) x 8 0x00000000
core   0: 0x8000b44a (0x0000567d) c.li    a2, -1
core   0: 3 0x8000b44a (0x567d) x12 0xffffffff
core   0: 0x8000b44c (0x41cf5293) srai    t0, t5, 28
core   0: 3 0x8000b44c (0x41cf5293) x 5 0x00000000
core   0: 0x8000b450 (0x0391b033) mulhu   zero, gp, s9
core   0: 3 0x8000b450 (0x0391b033)
core   0: 0x8000b454 (0x000081d1) c.srli  a1, 20
core   0: 3 0x8000b454 (0x81d1) x11 0x00000000
core   0: 0x8000b456 (0xbb53b597) auipc   a1, 0xbb53b
core   0: 3 0x8000b456 (0xbb53b597) x11 0x3b546456
core   0: 0x8000b45a (0x03fc29b3) mulhsu  s3, s8, t6
core   0: 3 0x8000b45a (0x03fc29b3) x19 0x00000000
core   0: 0x8000b45e (0x02b81433) mulh    s0, a6, a1
core   0: 3 0x8000b45e (0x02b81433) x 8 0x00000000
core   0: 0x8000b462 (0x0000088c) c.addi4spn a1, sp, 80
core   0: 3 0x8000b462 (0x088c) x11 0x00000053
core   0: 0x8000b464 (0x92110a13) addi    s4, sp, -1759
core   0: 3 0x8000b464 (0x92110a13) x20 0xfffff924
core   0: 0x8000b468 (0x00000596) c.slli  a1, 5
core   0: 3 0x8000b468 (0x0596) x11 0x00000a60
core   0: 0x8000b46a (0x01401c63) bne     zero, s4, pc + 24
core   0: 3 0x8000b46a (0x01401c63)
core   0: 0x8000b482 (0x00006cdd) c.lui   s9, 0x17
core   0: 3 0x8000b482 (0x6cdd) x25 0x00017000
core   0: 0x8000b484 (0x0077de93) srli    t4, a5, 7
core   0: 3 0x8000b484 (0x0077de93) x29 0x000000f3
core   0: 0x8000b488 (0x00094633) xor     a2, s2, zero
core   0: 3 0x8000b488 (0x00094633) x12 0x8002cce4
core   0: 0x8000b48c (0xf18b8593) addi    a1, s7, -232
core   0: 3 0x8000b48c (0xf18b8593) x11 0xffffff18
core   0: 0x8000b490 (0x413c5e13) srai    t3, s8, 19
core   0: 3 0x8000b490 (0x413c5e13) x28 0x00000000
core   0: 0x8000b494 (0x00000ae6) c.slli  s5, 25
core   0: 3 0x8000b494 (0x0ae6) x21 0x00000000
core   0: 0x8000b496 (0x0183d833) srl     a6, t2, s8
core   0: 3 0x8000b496 (0x0183d833) x16 0x00000000
core   0: 0x8000b49a (0x0000c425) c.beqz  s0, pc + 104
core   0: 3 0x8000b49a (0xc425)
core   0: 0x8000b502 (0x0000100f) fence.i
core   0: 3 0x8000b502 (0x0000100f)
core   0: 0x8000b506 (0x00008f6d) c.and   a4, a1
core   0: 3 0x8000b506 (0x8f6d) x14 0x00000800
core   0: 0x8000b508 (0x02b6e733) rem     a4, a3, a1
core   0: 3 0x8000b508 (0x02b6e733) x14 0x00000000
core   0: 0x8000b50c (0x02a48ab3) mul     s5, s1, a0
core   0: 3 0x8000b50c (0x02a48ab3) x21 0xa6c02528
core   0: 0x8000b510 (0x00009afd) c.andi  a3, -1
core   0: 3 0x8000b510 (0x9afd) x13 0x00000000
core   0: 0x8000b512 (0x0000717d) c.addi16sp sp, -16
core   0: 3 0x8000b512 (0x717d) x 2 0xfffffff3
core   0: 0x8000b514 (0x0000587d) c.li    a6, -1
core   0: 3 0x8000b514 (0x587d) x16 0xffffffff
core   0: 0x8000b516 (0x011b99b3) sll     s3, s7, a7
core   0: 3 0x8000b516 (0x011b99b3) x19 0x00000000
core   0: 0x8000b51a (0x03372033) mulhsu  zero, a4, s3
core   0: 3 0x8000b51a (0x03372033)
core   0: 0x8000b51e (0x020c8813) addi    a6, s9, 32
core   0: 3 0x8000b51e (0x020c8813) x16 0x00017020
core   0: 0x8000b522 (0x01d1cbb3) xor     s7, gp, t4
core   0: 3 0x8000b522 (0x01d1cbb3) x23 0x00000759
core   0: 0x8000b526 (0x38350293) addi    t0, a0, 899
core   0: 3 0x8000b526 (0x38350293) x 5 0xfd3e255d
core   0: 0x8000b52a (0x41c6dd93) srai    s11, a3, 28
core   0: 3 0x8000b52a (0x41c6dd93) x27 0x00000000
core   0: 0x8000b52e (0x0000567d) c.li    a2, -1
core   0: 3 0x8000b52e (0x567d) x12 0xffffffff
core   0: 0x8000b530 (0x009a7ab3) and     s5, s4, s1
core   0: 3 0x8000b530 (0x009a7ab3) x21 0x80028824
core   0: 0x8000b534 (0x00008e5d) c.or    a2, a5
core   0: 3 0x8000b534 (0x8e5d) x12 0xffffffff
core   0: 0x8000b536 (0x0372de63) bge     t0, s7, pc + 60
core   0: 3 0x8000b536 (0x0372de63)
core   0: 0x8000b53a (0x0000717d) c.addi16sp sp, -16
core   0: 3 0x8000b53a (0x717d) x 2 0xffffffe3
core   0: 0x8000b53c (0x01dde7b3) or      a5, s11, t4
core   0: 3 0x8000b53c (0x01dde7b3) x15 0x000000f3
core   0: 0x8000b540 (0x4ab12113) slti    sp, sp, 1195
core   0: 3 0x8000b540 (0x4ab12113) x 2 0x00000001
core   0: 0x8000b544 (0x00008bb1) c.andi  a5, 12
core   0: 3 0x8000b544 (0x8bb1) x15 0x00000000
core   0: 0x8000b546 (0x0000100f) fence.i
core   0: 3 0x8000b546 (0x0000100f)
core   0: 0x8000b54a (0x029f8cb3) mul     s9, t6, s1
core   0: 3 0x8000b54a (0x029f8cb3) x25 0x00000000
core   0: 0x8000b54e (0x000056fd) c.li    a3, -1
core   0: 3 0x8000b54e (0x56fd) x13 0xffffffff
core   0: 0x8000b550 (0x000086c9) c.srai  a3, 18
core   0: 3 0x8000b550 (0x86c9) x13 0xffffffff
core   0: 0x8000b552 (0x00000a9e) c.slli  s5, 7
core   0: 3 0x8000b552 (0x0a9e) x21 0x01441200
core   0: 0x8000b554 (0x0000807d) c.srli  s0, 31
core   0: 3 0x8000b554 (0x807d) x 8 0x00000000
core   0: 0x8000b556 (0x011e68b3) or      a7, t3, a7
core   0: 3 0x8000b556 (0x011e68b3) x17 0x00000000
core   0: 0x8000b55a (0xd5272b93) slti    s7, a4, -686
core   0: 3 0x8000b55a (0xd5272b93) x23 0x00000000
core   0: 0x8000b55e (0x00c98663) beq     s3, a2, pc + 12
core   0: 3 0x8000b55e (0x00c98663)
core   0: 0x8000b562 (0x032b7c63) bgeu    s6, s2, pc + 56
core   0: 3 0x8000b562 (0x032b7c63)
core   0: 0x8000b566 (0x01f05e63) bge     zero, t6, pc + 28
core   0: 3 0x8000b566 (0x01f05e63)
core   0: 0x8000b582 (0x0048c133) xor     sp, a7, tp
core   0: 3 0x8000b582 (0x0048c133) x 2 0x00000001
core   0: 0x8000b586 (0x027851b3) divu    gp, a6, t2
core   0: 3 0x8000b586 (0x027851b3) x 3 0xffffffff
core   0: 0x8000b58a (0x00009bfd) c.andi  a5, -1
core   0: 3 0x8000b58a (0x9bfd) x15 0x00000000
core   0: 0x8000b58c (0x033607b3) mul     a5, a2, s3
core   0: 3 0x8000b58c (0x033607b3) x15 0x00000000
core   0: 0x8000b590 (0x00008ea9) c.xor   a3, a0
core   0: 3 0x8000b590 (0x8ea9) x13 0x02c1de25
core   0: 0x8000b592 (0x02146633) rem     a2, s0, ra
core   0: 3 0x8000b592 (0x02146633) x12 0x00000000
core   0: 0x8000b596 (0x0391cc33) div     s8, gp, s9
core   0: 3 0x8000b596 (0x0391cc33) x24 0xffffffff
core   0: 0x8000b59a (0x03f7d433) divu    s0, a5, t6
core   0: 3 0x8000b59a (0x03f7d433) x 8 0xffffffff
core   0: 0x8000b59e (0x419bdcb3) sra     s9, s7, s9
core   0: 3 0x8000b59e (0x419bdcb3) x25 0x00000000
core   0: 0x8000b5a2 (0x000089aa) c.mv    s3, a0
core   0: 3 0x8000b5a2 (0x89aa) x19 0xfd3e21da
core   0: 0x8000b5a4 (0x01aef563) bgeu    t4, s10, pc + 10
core   0: 3 0x8000b5a4 (0x01aef563)
core   0: 0x8000b5a8 (0x8b0ecb93) xori    s7, t4, -1872
core   0: 3 0x8000b5a8 (0x8b0ecb93) x23 0xfffff843
core   0: 0x8000b5ac (0x00004821) c.li    a6, 8
core   0: 3 0x8000b5ac (0x4821) x16 0x00000008
core   0: 0x8000b5ae (0x039f21b3) mulhsu  gp, t5, s9
core   0: 3 0x8000b5ae (0x039f21b3) x 3 0x00000000
core   0: 0x8000b5b2 (0x027fcc33) div     s8, t6, t2
core   0: 3 0x8000b5b2 (0x027fcc33) x24 0xffffffff
core   0: 0x8000b5b6 (0x00008da9) c.xor   a1, a0
core   0: 3 0x8000b5b6 (0x8da9) x11 0x02c1dec2
core   0: 0x8000b5b8 (0x0000100f) fence.i
core   0: 3 0x8000b5b8 (0x0000100f)
core   0: 0x8000b5bc (0xb350bb93) sltiu   s7, ra, -1227
core   0: 3 0x8000b5bc (0xb350bb93) x23 0x00000001
core   0: 0x8000b5c0 (0x00000001) c.nop
core   0: 3 0x8000b5c0 (0x0001)
core   0: 0x8000b5c2 (0x4038dd33) sra     s10, a7, gp
core   0: 3 0x8000b5c2 (0x4038dd33) x26 0x00000000
core   0: 0x8000b5c6 (0x03c3dcb3) divu    s9, t2, t3
core   0: 3 0x8000b5c6 (0x03c3dcb3) x25 0xffffffff
core   0: 0x8000b5ca (0x00008c35) c.xor   s0, a3
core   0: 3 0x8000b5ca (0x8c35) x 8 0xfd3e21da
core   0: 0x8000b5cc (0x0ff0000f) fence   iorw,iorw
core   0: 3 0x8000b5cc (0x0ff0000f)
core   0: 0x8000b5d0 (0xdfd64813) xori    a6, a2, -515
core   0: 3 0x8000b5d0 (0xdfd64813) x16 0xfffffdfd
core   0: 0x8000b5d4 (0x000059fd) c.li    s3, -1
core   0: 3 0x8000b5d4 (0x59fd) x19 0xffffffff
core   0: 0x8000b5d6 (0x016a5d33) srl     s10, s4, s6
core   0: 3 0x8000b5d6 (0x016a5d33) x26 0xfffff924
core   0: 0x8000b5da (0x00aeb033) sltu    zero, t4, a0
core   0: 3 0x8000b5da (0x00aeb033)
core   0: 0x8000b5de (0x00001318) c.addi4spn a4, sp, 416
core   0: 3 0x8000b5de (0x1318) x14 0x000001a1
core   0: 0x8000b5e0 (0x413a8a33) sub     s4, s5, s3
core   0: 3 0x8000b5e0 (0x413a8a33) x20 0x01441201
core   0: 0x8000b5e4 (0x0065fa33) and     s4, a1, t1
core   0: 3 0x8000b5e4 (0x0065fa33) x20 0x00000000
core   0: 0x8000b5e8 (0x035629b3) mulhsu  s3, a2, s5
core   0: 3 0x8000b5e8 (0x035629b3) x19 0x00000000
core   0: 0x8000b5ec (0x017be433) or      s0, s7, s7
core   0: 3 0x8000b5ec (0x017be433) x 8 0x00000001
core   0: 0x8000b5f0 (0x00008e89) c.sub   a3, a0
core   0: 3 0x8000b5f0 (0x8e89) x13 0x0583bc4b
core   0: 0x8000b5f2 (0x86ef4a97) auipc   s5, 0x86ef4
core   0: 3 0x8000b5f2 (0x86ef4a97) x21 0x06eff5f2
core   0: 0x8000b5f6 (0x03091463) bne     s2, a6, pc + 40
core   0: 3 0x8000b5f6 (0x03091463)
core   0: 0x8000b61e (0x00424a33) xor     s4, tp, tp
core   0: 3 0x8000b61e (0x00424a33) x20 0x00000000
core   0: 0x8000b622 (0x04aa4063) blt     s4, a0, pc + 64
core   0: 3 0x8000b622 (0x04aa4063)
core   0: 0x8000b626 (0x00006159) c.addi16sp sp, 400
core   0: 3 0x8000b626 (0x6159) x 2 0x00000191
core   0: 0x8000b628 (0x0321cb63) blt     gp, s2, pc + 54
core   0: 3 0x8000b628 (0x0321cb63)
core   0: 0x8000b62c (0x016c6763) bltu    s8, s6, pc + 14
core   0: 3 0x8000b62c (0x016c6763)
core   0: 0x8000b630 (0xbdfdfd17) auipc   s10, 0xbdfdf
core   0: 3 0x8000b630 (0xbdfdfd17) x26 0x3dfea630
core   0: 0x8000b634 (0x008a6433) or      s0, s4, s0
core   0: 3 0x8000b634 (0x008a6433) x 8 0x00000001
core   0: 0x8000b638 (0x00000001) c.nop
core   0: 3 0x8000b638 (0x0001)
core   0: 0x8000b63a (0x0000e2a9) c.bnez  a3, pc + 66
core   0: 3 0x8000b63a (0xe2a9)
core   0: 0x8000b67c (0x1b8b8393) addi    t2, s7, 440
core   0: 3 0x8000b67c (0x1b8b8393) x 7 0x000001b9
core   0: 0x8000b680 (0x03f06333) rem     t1, zero, t6
core   0: 3 0x8000b680 (0x03f06333) x 6 0x00000000
core   0: 0x8000b684 (0x020d2cb3) mulhsu  s9, s10, zero
core   0: 3 0x8000b684 (0x020d2cb3) x25 0x00000000
core   0: 0x8000b688 (0x03213bb3) mulhu   s7, sp, s2
core   0: 3 0x8000b688 (0x03213bb3) x23 0x000000c8
core   0: 0x8000b68c (0x401a55b3) sra     a1, s4, ra
core   0: 3 0x8000b68c (0x401a55b3) x11 0x00000000
core   0: 0x8000b690 (0x00001c18) c.addi4spn a4, sp, 560
core   0: 3 0x8000b690 (0x1c18) x14 0x000003c1
core   0: 0x8000b692 (0x00008259) c.srli  a2, 22
core   0: 3 0x8000b692 (0x8259) x12 0x00000000
core   0: 0x8000b694 (0x0ff0000f) fence   iorw,iorw
core   0: 3 0x8000b694 (0x0ff0000f)
core   0: 0x8000b698 (0x000062d1) c.lui   t0, 0x14
core   0: 3 0x8000b698 (0x62d1) x 5 0x00014000
core   0: 0x8000b69a (0x39c82713) slti    a4, a6, 924
core   0: 3 0x8000b69a (0x39c82713) x14 0x00000001
core   0: 0x8000b69e (0x0000621d) c.lui   tp, 0x7
core   0: 3 0x8000b69e (0x621d) x 4 0x00007000
core   0: 0x8000b6a0 (0x0000e289) c.bnez  a3, pc + 2
core   0: 3 0x8000b6a0 (0xe289)
core   0: 0x8000b6a2 (0x00bc4e63) blt     s8, a1, pc + 28
core   0: 3 0x8000b6a2 (0x00bc4e63)
core   0: 0x8000b6be (0x58423713) sltiu   a4, tp, 1412
core   0: 3 0x8000b6be (0x58423713) x14 0x00000000
core   0: 0x8000b6c2 (0x00a2db33) srl     s6, t0, a0
core   0: 3 0x8000b6c2 (0x00a2db33) x22 0x00000000
core   0: 0x8000b6c6 (0xc9cf2793) slti    a5, t5, -868
core   0: 3 0x8000b6c6 (0xc9cf2793) x15 0x00000000
core   0: 0x8000b6ca (0x00008d89) c.sub   a1, a0
core   0: 3 0x8000b6ca (0x8d89) x11 0x02c1de26
core   0: 0x8000b6cc (0x0ff0000f) fence   iorw,iorw
core   0: 3 0x8000b6cc (0x0ff0000f)
core   0: 0x8000b6d0 (0x0ff0000f) fence   iorw,iorw
core   0: 3 0x8000b6d0 (0x0ff0000f)
core   0: 0x8000b6d4 (0x0000e705) c.bnez  a4, pc + 40
core   0: 3 0x8000b6d4 (0xe705)
core   0: 0x8000b6d6 (0x00009af2) c.add   s5, t3
core   0: 3 0x8000b6d6 (0x9af2) x21 0x06eff5f2
core   0: 0x8000b6d8 (0x9ce80b13) addi    s6, a6, -1586
core   0: 3 0x8000b6d8 (0x9ce80b13) x22 0xfffff7cb
core   0: 0x8000b6dc (0x0377eb33) rem     s6, a5, s7
core   0: 3 0x8000b6dc (0x0377eb33) x22 0x00000000
core   0: 0x8000b6e0 (0x409f5793) srai    a5, t5, 9
core   0: 3 0x8000b6e0 (0x409f5793) x15 0x00000000
core   0: 0x8000b6e4 (0x00009f2a) c.add   t5, a0
core   0: 3 0x8000b6e4 (0x9f2a) x30 0xfd3e21da
core   0: 0x8000b6e6 (0x403e5f93) srai    t6, t3, 3
core   0: 3 0x8000b6e6 (0x403e5f93) x31 0x00000000
core   0: 0x8000b6ea (0x36e4b193) sltiu   gp, s1, 878
core   0: 3 0x8000b6ea (0x36e4b193) x 3 0x00000000
core   0: 0x8000b6ee (0x0000717d) c.addi16sp sp, -16
core   0: 3 0x8000b6ee (0x717d) x 2 0x00000181
core   0: 0x8000b6f0 (0x00008a45) c.andi  a2, 17
core   0: 3 0x8000b6f0 (0x8a45) x12 0x00000000
core   0: 0x8000b6f2 (0x8794ca13) xori    s4, s1, -1927
core   0: 3 0x8000b6f2 (0x8794ca13) x20 0x7ffd761d
core   0: 0x8000b6f6 (0x0000e189) c.bnez  a1, pc + 2
core   0: 3 0x8000b6f6 (0xe189)
core   0: 0x8000b6f8 (0x010380b3) add     ra, t2, a6
core   0: 3 0x8000b6f8 (0x010380b3) x 1 0xffffffb6
core   0: 0x8000b6fc (0x08a1fa13) andi    s4, gp, 138
core   0: 3 0x8000b6fc (0x08a1fa13) x20 0x00000000
core   0: 0x8000b700 (0x00cf4d63) blt     t5, a2, pc + 26
core   0: 3 0x8000b700 (0x00cf4d63)
core   0: 0x8000b71a (0x014e4a33) xor     s4, t3, s4
core   0: 3 0x8000b71a (0x014e4a33) x20 0x00000000
core   0: 0x8000b71e (0x00008f15) c.sub   a4, a3
core   0: 3 0x8000b71e (0x8f15) x14 0xfa7c43b5
core   0: 0x8000b720 (0x407387b3) sub     a5, t2, t2
core   0: 3 0x8000b720 (0x407387b3) x15 0x00000000
core   0: 0x8000b724 (0x00008445) c.srai  s0, 17
core   0: 3 0x8000b724 (0x8445) x 8 0x00000000
core   0: 0x8000b726 (0x0000e701) c.bnez  a4, pc + 8
core   0: 3 0x8000b726 (0xe701)
core   0: 0x8000b72e (0x018a5833) srl     a6, s4, s8
core   0: 3 0x8000b72e (0x018a5833) x16 0x00000000
core   0: 0x8000b732 (0x03edc963) blt     s11, t5, pc + 50
core   0: 3 0x8000b732 (0x03edc963)
core   0: 0x8000b736 (0x0120b9b3) sltu    s3, ra, s2
core   0: 3 0x8000b736 (0x0120b9b3) x19 0x00000000
core   0: 0x8000b73a (0x00008ec5) c.or    a3, s1
core   0: 3 0x8000b73a (0x8ec5) x13 0x8583be6f
core   0: 0x8000b73c (0x6e9fc593) xori    a1, t6, 1769
core   0: 3 0x8000b73c (0x6e9fc593) x11 0x000006e9
core   0: 0x8000b740 (0x00008c15) c.sub   s0, a3
core   0: 3 0x8000b740 (0x8c15) x 8 0x7a7c4191
core   0: 0x8000b742 (0xb2be4013) xori    zero, t3, -1237
core   0: 3 0x8000b742 (0xb2be4013)
core   0: 0x8000b746 (0x40c90e33) sub     t3, s2, a2
core   0: 3 0x8000b746 (0x40c90e33) x28 0x8002cce4
core   0: 0x8000b74a (0x010fdf33) srl     t5, t6, a6
core   0: 3 0x8000b74a (0x010fdf33) x30 0x00000000
core   0: 0x8000b74e (0x41ffd793) srai    a5, t6, 31
core   0: 3 0x8000b74e (0x41ffd793) x15 0x00000000
core   0: 0x8000b752 (0x00008805) c.andi  s0, 1
core   0: 3 0x8000b752 (0x8805) x 8 0x00000001
core   0: 0x8000b754 (0x00000d06) c.slli  s10, 1
core   0: 3 0x8000b754 (0x0d06) x26 0x7bfd4c60
core   0: 0x8000b756 (0x000057fd) c.li    a5, -1
core   0: 3 0x8000b756 (0x57fd) x15 0xffffffff
core   0: 0x8000b758 (0x00006f45) c.lui   t5, 0x11
core   0: 3 0x8000b758 (0x6f45) x30 0x00011000
core   0: 0x8000b75a (0x00872f33) slt     t5, a4, s0
core   0: 3 0x8000b75a (0x00872f33) x30 0x00000001
core   0: 0x8000b75e (0x00008595) c.srai  a1, 5
core   0: 3 0x8000b75e (0x8595) x11 0x00000037
core   0: 0x8000b760 (0x0351eb63) bltu    gp, s5, pc + 54
core   0: 3 0x8000b760 (0x0351eb63)
core   0: 0x8000b796 (0x000001f6) c.slli  gp, 29
core   0: 3 0x8000b796 (0x01f6) x 3 0x00000000
core   0: 0x8000b798 (0xedad2213) slti    tp, s10, -294
core   0: 3 0x8000b798 (0xedad2213) x 4 0x00000000
core   0: 0x8000b79c (0x0075b733) sltu    a4, a1, t2
core   0: 3 0x8000b79c (0x0075b733) x14 0x00000001
core   0: 0x8000b7a0 (0x02bc31b3) mulhu   gp, s8, a1
core   0: 3 0x8000b7a0 (0x02bc31b3) x 3 0x00000036
core   0: 0x8000b7a4 (0xcf38b993) sltiu   s3, a7, -781
core   0: 3 0x8000b7a4 (0xcf38b993) x19 0x00000001
core   0: 0x8000b7a8 (0xa6e7fd93) andi    s11, a5, -1426
core   0: 3 0x8000b7a8 (0xa6e7fd93) x27 0xfffffa6e
core   0: 0x8000b7ac (0x00008dd1) c.or    a1, a2
core   0: 3 0x8000b7ac (0x8dd1) x11 0x00000037
core   0: 0x8000b7ae (0x000056fd) c.li    a3, -1
core   0: 3 0x8000b7ae (0x56fd) x13 0xffffffff
core   0: 0x8000b7b0 (0x5aa3a993) slti    s3, t2, 1450
core   0: 3 0x8000b7b0 (0x5aa3a993) x19 0x00000001
core   0: 0x8000b7b4 (0x0311ea33) rem     s4, gp, a7
core   0: 3 0x8000b7b4 (0x0311ea33) x20 0x00000036
core   0: 0x8000b7b8 (0x0198d0b3) srl     ra, a7, s9
core   0: 3 0x8000b7b8 (0x0198d0b3) x 1 0x00000000
core   0: 0x8000b7bc (0x00000001) c.nop
core   0: 3 0x8000b7bc (0x0001)
core   0: 0x8000b7be (0x00a91993) slli    s3, s2, 10
core   0: 3 0x8000b7be (0x00a91993) x19 0x0b339000
core   0: 0x8000b7c2 (0x00008e05) c.sub   a2, s1
core   0: 3 0x8000b7c2 (0x8e05) x12 0x7ffd719c
core   0: 0x8000b7c4 (0x4036d3b3) sra     t2, a3, gp
core   0: 3 0x8000b7c4 (0x4036d3b3) x 7 0xffffffff
core   0: 0x8000b7c8 (0x00669e33) sll     t3, a3, t1
core   0: 3 0x8000b7c8 (0x00669e33) x28 0xffffffff
core   0: 0x8000b7cc (0x01925593) srli    a1, tp, 25
core   0: 3 0x8000b7cc (0x01925593) x11 0x00000000
core   0: 0x8000b7d0 (0x0000100f) fence.i
core   0: 3 0x8000b7d0 (0x0000100f)
core   0: 0x8000b7d4 (0x01fb3a33) sltu    s4, s6, t6
core   0: 3 0x8000b7d4 (0x01fb3a33) x20 0x00000000
core   0: 0x8000b7d8 (0x0076fa33) and     s4, a3, t2
core   0: 3 0x8000b7d8 (0x0076fa33) x20 0xffffffff
core   0: 0x8000b7dc (0x03ab8233) mul     tp, s7, s10
core   0: 3 0x8000b7dc (0x03ab8233) x 4 0xdde3ab00
core   0: 0x8000b7e0 (0x00009cba) c.add   s9, a4
core   0: 3 0x8000b7e0 (0x9cba) x25 0x00000001
core   0: 0x8000b7e2 (0x022fb733) mulhu   a4, t6, sp
core   0: 3 0x8000b7e2 (0x022fb733) x14 0x00000000
core   0: 0x8000b7e6 (0x0330ef63) bltu    ra, s3, pc + 62
core   0: 3 0x8000b7e6 (0x0330ef63)
core   0: 0x8000b824 (0x03c640b3) div     ra, a2, t3
core   0: 3 0x8000b824 (0x03c640b3) x 1 0x80028e64
core   0: 0x8000b828 (0x00c602b3) add     t0, a2, a2
core   0: 3 0x8000b828 (0x00c602b3) x 5 0xfffae338
core   0: 0x8000b82c (0x00b127b3) slt     a5, sp, a1
core   0: 3 0x8000b82c (0x00b127b3) x15 0x00000000
core   0: 0x8000b830 (0x00000001) c.nop
core   0: 3 0x8000b830 (0x0001)
core   0: 0x8000b832 (0x03176763) bltu    a4, a7, pc + 46
core   0: 3 0x8000b832 (0x03176763)
core   0: 0x8000b836 (0x0000717d) c.addi16sp sp, -16
core   0: 3 0x8000b836 (0x717d) x 2 0x00000171
core   0: 0x8000b838 (0x033aa0b3) mulhsu  ra, s5, s3
core   0: 3 0x8000b838 (0x033aa0b3) x 1 0x004db546
core   0: 0x8000b83c (0x00008edd) c.or    a3, a5
core   0: 3 0x8000b83c (0x8edd) x13 0xffffffff
core   0: 0x8000b83e (0x03ce6163) bltu    t3, t3, pc + 34
core   0: 3 0x8000b83e (0x03ce6163)
core   0: 0x8000b842 (0x0000e989) c.bnez  a1, pc + 18
core   0: 3 0x8000b842 (0xe989)
core   0: 0x8000b844 (0x00000e4a) c.slli  t3, 18
core   0: 3 0x8000b844 (0x0e4a) x28 0xfffc0000
core   0: 0x8000b846 (0x00000001) c.nop
core   0: 3 0x8000b846 (0x0001)
core   0: 0x8000b848 (0x0000985a) c.add   a6, s6
core   0: 3 0x8000b848 (0x985a) x16 0x00000000
core   0: 0x8000b84a (0x000510b3) sll     ra, a0, zero
core   0: 3 0x8000b84a (0x000510b3) x 1 0xfd3e21da
core   0: 0x8000b84e (0x050b1163) bne     s6, a6, pc + 66
core   0: 3 0x8000b84e (0x050b1163)
core   0: 0x8000b852 (0x00008dc6) c.mv    s11, a7
core   0: 3 0x8000b852 (0x8dc6) x27 0x00000000
core   0: 0x8000b854 (0x00000392) c.slli  t2, 4
core   0: 3 0x8000b854 (0x0392) x 7 0xfffffff0
core   0: 0x8000b856 (0x550f5897) auipc   a7, 0x550f5
core   0: 3 0x8000b856 (0x550f5897) x17 0xd5100856
core   0: 0x8000b85a (0x00008e29) c.xor   a2, a0
core   0: 3 0x8000b85a (0x8e29) x12 0x82c35046
core   0: 0x8000b85c (0x0000100f) fence.i
core   0: 3 0x8000b85c (0x0000100f)
core   0: 0x8000b860 (0x02a26363) bltu    tp, a0, pc + 38
core   0: 3 0x8000b860 (0x02a26363)
core   0: 0x8000b886 (0x0000717d) c.addi16sp sp, -16
core   0: 3 0x8000b886 (0x717d) x 2 0x00000161
core   0: 0x8000b888 (0x02687333) remu    t1, a6, t1
core   0: 3 0x8000b888 (0x02687333) x 6 0x00000000
core   0: 0x8000b88c (0x01a88b33) add     s6, a7, s10
core   0: 3 0x8000b88c (0x01a88b33) x22 0x510d54b6
core   0: 0x8000b890 (0x012d0f33) add     t5, s10, s2
core   0: 3 0x8000b890 (0x012d0f33) x30 0xfc001944
core   0: 0x8000b894 (0x0000100f) fence.i
core   0: 3 0x8000b894 (0x0000100f)
core   0: 0x8000b898 (0x0000cc15) c.beqz  s0, pc + 60
core   0: 3 0x8000b898 (0xcc15)
core   0: 0x8000b89a (0x0000068a) c.slli  a3, 2
core   0: 3 0x8000b89a (0x068a) x13 0xfffffffc
core   0: 0x8000b89c (0x414dddb3) sra     s11, s11, s4
core   0: 3 0x8000b89c (0x414dddb3) x27 0x00000000
core   0: 0x8000b8a0 (0x0000100f) fence.i
core   0: 3 0x8000b8a0 (0x0000100f)
core   0: 0x8000b8a4 (0x03bfc093) xori    ra, t6, 59
core   0: 3 0x8000b8a4 (0x03bfc093) x 1 0x0000003b
core   0: 0x8000b8a8 (0x00009bfd) c.andi  a5, -1
core   0: 3 0x8000b8a8 (0x9bfd) x15 0x00000000
core   0: 0x8000b8aa (0x51228413) addi    s0, t0, 1298
core   0: 3 0x8000b8aa (0x51228413) x 8 0xfffae84a
core   0: 0x8000b8ae (0x19c8a813) slti    a6, a7, 412
core   0: 3 0x8000b8ae (0x19c8a813) x16 0x00000001
core   0: 0x8000b8b2 (0x0000187d) c.addi  a6, -1
core   0: 3 0x8000b8b2 (0x187d) x16 0x00000000
core   0: 0x8000b8b4 (0x0074a133) slt     sp, s1, t2
core   0: 3 0x8000b8b4 (0x0074a133) x 2 0x00000001
core   0: 0x8000b8b8 (0x0079ca33) xor     s4, s3, t2
core   0: 3 0x8000b8b8 (0x0079ca33) x20 0xf4cc6ff0
core   0: 0x8000b8bc (0x013bd593) srli    a1, s7, 19
core   0: 3 0x8000b8bc (0x013bd593) x11 0x00000000
core   0: 0x8000b8c0 (0x03560a63) beq     a2, s5, pc + 52
core   0: 3 0x8000b8c0 (0x03560a63)
core   0: 0x8000b8c4 (0x03b9e063) bltu    s3, s11, pc + 32
core   0: 3 0x8000b8c4 (0x03b9e063)
core   0: 0x8000b8c8 (0x0000934e) c.add   t1, s3
core   0: 3 0x8000b8c8 (0x934e) x 6 0x0b339000
core   0: 0x8000b8ca (0x01f39033) sll     zero, t2, t6
core   0: 3 0x8000b8ca (0x01f39033)
core   0: 0x8000b8ce (0x00008f21) c.xor   a4, s0
core   0: 3 0x8000b8ce (0x8f21) x14 0xfffae84a
core   0: 0x8000b8d0 (0x032432b3) mulhu   t0, s0, s2
core   0: 3 0x8000b8d0 (0x032432b3) x 5 0x800040fa
core   0: 0x8000b8d4 (0x010043b3) xor     t2, zero, a6
core   0: 3 0x8000b8d4 (0x010043b3) x 7 0x00000000
core   0: 0x8000b8d8 (0x012a4fb3) xor     t6, s4, s2
core   0: 3 0x8000b8d8 (0x012a4fb3) x31 0x74cea314
core   0: 0x8000b8dc (0x023dc133) div     sp, s11, gp
core   0: 3 0x8000b8dc (0x023dc133) x 2 0x00000000
core   0: 0x8000b8e0 (0x025da233) mulhsu  tp, s11, t0
core   0: 3 0x8000b8e0 (0x025da233) x 4 0x00000000
core   0: 0x8000b8e4 (0x00006149) c.addi16sp sp, 144
core   0: 3 0x8000b8e4 (0x6149) x 2 0x00000090
core   0: 0x8000b8e6 (0x00000a98) c.addi4spn a4, sp, 336
core   0: 3 0x8000b8e6 (0x0a98) x14 0x000001e0
core   0: 0x8000b8e8 (0x41fad893) srai    a7, s5, 31
core   0: 3 0x8000b8e8 (0x41fad893) x17 0x00000000
core   0: 0x8000b8ec (0x40895d33) sra     s10, s2, s0
core   0: 3 0x8000b8ec (0x40895d33) x26 0xffe000b3
core   0: 0x8000b8f0 (0x0000e685) c.bnez  a3, pc + 40
core   0: 3 0x8000b8f0 (0xe685)
core   0: 0x8000b918 (0x000085d1) c.srai  a1, 20
core   0: 3 0x8000b918 (0x85d1) x11 0x00000000
core   0: 0x8000b91a (0x00009b7d) c.andi  a4, -1
core   0: 3 0x8000b91a (0x9b7d) x14 0x000001e0
core   0: 0x8000b91c (0x01ff9a33) sll     s4, t6, t6
core   0: 3 0x8000b91c (0x01ff9a33) x20 0x31400000
core   0: 0x8000b920 (0x02ecacb3) mulhsu  s9, s9, a4
core   0: 3 0x8000b920 (0x02ecacb3) x25 0x00000000
core   0: 0x8000b924 (0xdff94097) auipc   ra, 0xdff94
core   0: 3 0x8000b924 (0xdff94097) x 1 0x5ff9f924
core   0: 0x8000b928 (0x0ff0000f) fence   iorw,iorw
core   0: 3 0x8000b928 (0x0ff0000f)
core   0: 0x8000b92c (0x019bedb3) or      s11, s7, s9
core   0: 3 0x8000b92c (0x019bedb3) x27 0x000000c8
core   0: 0x8000b930 (0x03449b33) mulh    s6, s1, s4
core   0: 3 0x8000b930 (0x03449b33) x22 0xe7607de4
core   0: 0x8000b934 (0x00008c6d) c.and   s0, a1
core   0: 3 0x8000b934 (0x8c6d) x 8 0x00000000
core   0: 0x8000b936 (0x007d78b3) and     a7, s10, t2
core   0: 3 0x8000b936 (0x007d78b3) x17 0x00000000
core   0: 0x8000b93a (0x012b7133) and     sp, s6, s2
core   0: 3 0x8000b93a (0x012b7133) x 2 0x80004ce4
core   0: 0x8000b93e (0x01e17433) and     s0, sp, t5
core   0: 3 0x8000b93e (0x01e17433) x 8 0x80000844
core   0: 0x8000b942 (0x0000011d) c.addi  sp, 7
core   0: 3 0x8000b942 (0x011d) x 2 0x80004ceb
core   0: 0x8000b944 (0xbcf02093) slti    ra, zero, -1073
core   0: 3 0x8000b944 (0xbcf02093) x 1 0x00000000
core   0: 0x8000b948 (0x00000ba6) c.slli  s7, 9
core   0: 3 0x8000b948 (0x0ba6) x23 0x00019000
core   0: 0x8000b94a (0x0000ea95) c.bnez  a3, pc + 52
core   0: 3 0x8000b94a (0xea95)
core   0: 0x8000b97e (0x004d18b3) sll     a7, s10, tp
core   0: 3 0x8000b97e (0x004d18b3) x17 0xffe000b3
core   0: 0x8000b982 (0x023d2233) mulhsu  tp, s10, gp
core   0: 3 0x8000b982 (0x023d2233) x 4 0xffffffff
core   0: 0x8000b986 (0x002712b3) sll     t0, a4, sp
core   0: 3 0x8000b986 (0x002712b3) x 5 0x000f0000
core   0: 0x8000b98a (0x004b39b3) sltu    s3, s6, tp
core   0: 3 0x8000b98a (0x004b39b3) x19 0x00000001
core   0: 0x8000b98e (0x404ad013) srai    zero, s5, 4
core   0: 3 0x8000b98e (0x404ad013)
core   0: 0x8000b992 (0x007d9993) slli    s3, s11, 7
core   0: 3 0x8000b992 (0x007d9993) x19 0x00006400
core   0: 0x8000b996 (0x006be633) or      a2, s7, t1
core   0: 3 0x8000b996 (0x006be633) x12 0x0b339000
core   0: 0x8000b99a (0x40c2dfb3) sra     t6, t0, a2
core   0: 3 0x8000b99a (0x40c2dfb3) x31 0x000f0000
core   0: 0x8000b99e (0x0096d413) srli    s0, a3, 9
core   0: 3 0x8000b99e (0x0096d413) x 8 0x007fffff
core   0: 0x8000b9a2 (0x038a6133) rem     sp, s4, s8
core   0: 3 0x8000b9a2 (0x038a6133) x 2 0x00000000
core   0: 0x8000b9a6 (0x03adadb3) mulhsu  s11, s11, s10
core   0: 3 0x8000b9a6 (0x03adadb3) x27 0x000000c7
core   0: 0x8000b9aa (0x0ff0000f) fence   iorw,iorw
core   0: 3 0x8000b9aa (0x0ff0000f)
core   0: 0x8000b9ae (0xe0656d93) ori     s11, a0, -506
core   0: 3 0x8000b9ae (0xe0656d93) x27 0xffffffde
core   0: 0x8000b9b2 (0x03df7263) bgeu    t5, t4, pc + 36
core   0: 3 0x8000b9b2 (0x03df7263)
core   0: 0x8000b9d6 (0x00008ee5) c.and   a3, s1
core   0: 3 0x8000b9d6 (0x8ee5) x13 0x80028e64
core   0: 0x8000b9d8 (0x405a0a33) sub     s4, s4, t0
core   0: 3 0x8000b9d8 (0x405a0a33) x20 0x31310000
core   0: 0x8000b9dc (0xc471a593) slti    a1, gp, -953
core   0: 3 0x8000b9dc (0xc471a593) x11 0x00000000
core   0: 0x8000b9e0 (0x00008c6d) c.and   s0, a1
core   0: 3 0x8000b9e0 (0x8c6d) x 8 0x00000000
core   0: 0x8000b9e2 (0x000086a9) c.srai  a3, 10
core   0: 3 0x8000b9e2 (0x86a9) x13 0xffe000a3
core   0: 0x8000b9e4 (0x027ab033) mulhu   zero, s5, t2
core   0: 3 0x8000b9e4 (0x027ab033)
core   0: 0x8000b9e8 (0x03bba1b3) mulhsu  gp, s7, s11
core   0: 3 0x8000b9e8 (0x03bba1b3) x 3 0x00018fff
core   0: 0x8000b9ec (0x008280b3) add     ra, t0, s0
core   0: 3 0x8000b9ec (0x008280b3) x 1 0x000f0000
core   0: 0x8000b9f0 (0x01487fb3) and     t6, a6, s4
core   0: 3 0x8000b9f0 (0x01487fb3) x31 0x00000000
core   0: 0x8000b9f4 (0xeb59a413) slti    s0, s3, -331
core   0: 3 0x8000b9f4 (0xeb59a413) x 8 0x00000000
core   0: 0x8000b9f8 (0x01b111b3) sll     gp, sp, s11
core   0: 3 0x8000b9f8 (0x01b111b3) x 3 0x00000000
core   0: 0x8000b9fc (0x02b5c7b3) div     a5, a1, a1
core   0: 3 0x8000b9fc (0x02b5c7b3) x15 0xffffffff
core   0: 0x8000ba00 (0xc448f813) andi    a6, a7, -956
core   0: 3 0x8000ba00 (0xc448f813) x16 0xffe00000
core   0: 0x8000ba04 (0x000057fd) c.li    a5, -1
core   0: 3 0x8000ba04 (0x57fd) x15 0xffffffff
core   0: 0x8000ba06 (0x00c0ce33) xor     t3, ra, a2
core   0: 3 0x8000ba06 (0x00c0ce33) x28 0x0b3c9000
core   0: 0x8000ba0a (0x03110233) mul     tp, sp, a7
core   0: 3 0x8000ba0a (0x03110233) x 4 0x00000000
core   0: 0x8000ba0e (0x02575833) divu    a6, a4, t0
core   0: 3 0x8000ba0e (0x02575833) x16 0x00000000
core   0: 0x8000ba12 (0x00008df1) c.and   a1, a2
core   0: 3 0x8000ba12 (0x8df1) x11 0x00000000
core   0: 0x8000ba14 (0x01e700b3) add     ra, a4, t5
core   0: 3 0x8000ba14 (0x01e700b3) x 1 0xfc001b24
core   0: 0x8000ba18 (0x0144de13) srli    t3, s1, 20
core   0: 3 0x8000ba18 (0x0144de13) x28 0x00000800
core   0: 0x8000ba1c (0x0000100f) fence.i
core   0: 3 0x8000ba1c (0x0000100f)
core   0: 0x8000ba20 (0x02a3da33) divu    s4, t2, a0
core   0: 3 0x8000ba20 (0x02a3da33) x20 0x00000000
core   0: 0x8000ba24 (0x0555e263) bltu    a1, s5, pc + 68
core   0: 3 0x8000ba24 (0x0555e263)
core   0: 0x8000ba68 (0x05885563) bge     a6, s8, pc + 74
core   0: 3 0x8000ba68 (0x05885563)
core   0: 0x8000bab2 (0x031511b3) mulh    gp, a0, a7
core   0: 3 0x8000bab2 (0x031511b3) x 3 0x00005839
core   0: 0x8000bab6 (0x00e1dd93) srli    s11, gp, 14
core   0: 3 0x8000bab6 (0x00e1dd93) x27 0x00000001
core   0: 0x8000baba (0x015aad33) slt     s10, s5, s5
core   0: 3 0x8000baba (0x015aad33) x26 0x00000000
core   0: 0x8000babe (0x0228ce63) blt     a7, sp, pc + 60
core   0: 3 0x8000babe (0x0228ce63)
core   0: 0x8000bafa (0x00000422) c.slli  s0, 8
core   0: 3 0x8000bafa (0x0422) x 8 0x00000000
core   0: 0x8000bafc (0x00008dd1) c.or    a1, a2
core   0: 3 0x8000bafc (0x8dd1) x11 0x0b339000
core   0: 0x8000bafe (0xa99caf13) slti    t5, s9, -1383
core   0: 3 0x8000bafe (0xa99caf13) x30 0x00000000
core   0: 0x8000bb02 (0x1f5c6693) ori     a3, s8, 501
core   0: 3 0x8000bb02 (0x1f5c6693) x13 0xffffffff
core   0: 0x8000bb06 (0x7c22be93) sltiu   t4, t0, 1986
core   0: 3 0x8000bb06 (0x7c22be93) x29 0x00000000
core   0: 0x8000bb0a (0x01fe2733) slt     a4, t3, t6
core   0: 3 0x8000bb0a (0x01fe2733) x14 0x00000000
core   0: 0x8000bb0e (0x45bc0c93) addi    s9, s8, 1115
core   0: 3 0x8000bb0e (0x45bc0c93) x25 0x0000045a
core   0: 0x8000bb12 (0x00008e49) c.or    a2, a0
core   0: 3 0x8000bb12 (0x8e49) x12 0xff3fb1da
core   0: 0x8000bb14 (0x59d5de97) auipc   t4, 0x59d5d
core   0: 3 0x8000bb14 (0x59d5de97) x29 0xd9d68b14
core   0: 0x8000bb18 (0x3e4ca137) lui     sp, 0x3e4ca
core   0: 3 0x8000bb18 (0x3e4ca137) x 2 0x3e4ca000
core   0: 0x8000bb1c (0x0ff0000f) fence   iorw,iorw
core   0: 3 0x8000bb1c (0x0ff0000f)
core   0: 0x8000bb20 (0x9d144c93) xori    s9, s0, -1583
core   0: 3 0x8000bb20 (0x9d144c93) x25 0xfffff9d1
core   0: 0x8000bb24 (0x01315693) srli    a3, sp, 19
core   0: 3 0x8000bb24 (0x01315693) x13 0x000007c9
core   0: 0x8000bb28 (0x01ffcb33) xor     s6, t6, t6
core   0: 3 0x8000bb28 (0x01ffcb33) x22 0x00000000
core   0: 0x8000bb2c (0x41865b93) srai    s7, a2, 24
core   0: 3 0x8000bb2c (0x41865b93) x23 0xffffffff
core   0: 0x8000bb30 (0x03a94433) div     s0, s2, s10
core   0: 3 0x8000bb30 (0x03a94433) x 8 0xffffffff
core   0: 0x8000bb34 (0x00321263) bne     tp, gp, pc + 4
core   0: 3 0x8000bb34 (0x00321263)
core   0: 0x8000bb38 (0x50fc2f13) slti    t5, s8, 1295
core   0: 3 0x8000bb38 (0x50fc2f13) x30 0x00000001
core   0: 0x8000bb3c (0x40aad413) srai    s0, s5, 10
core   0: 3 0x8000bb3c (0x40aad413) x 8 0x0001bbfd
core   0: 0x8000bb40 (0x01285f13) srli    t5, a6, 18
core   0: 3 0x8000bb40 (0x01285f13) x30 0x00000000
core   0: 0x8000bb44 (0x0000846d) c.srai  s0, 27
core   0: 3 0x8000bb44 (0x846d) x 8 0x00000000
core   0: 0x8000bb46 (0x086e3717) auipc   a4, 0x86e3
core   0: 3 0x8000bb46 (0x086e3717) x14 0x886eeb46
core   0: 0x8000bb4a (0x011e3133) sltu    sp, t3, a7
core   0: 3 0x8000bb4a (0x011e3133) x 2 0x00000001
core   0: 0x8000bb4e (0x029f5363) bge     t5, s1, pc + 38
core   0: 3 0x8000bb4e (0x029f5363)
core   0: 0x8000bb74 (0x90e1c8b7) lui     a7, 0x90e1c
core   0: 3 0x8000bb74 (0x90e1c8b7) x17 0x90e1c000
core   0: 0x8000bb78 (0x02b0d633) divu    a2, ra, a1
core   0: 3 0x8000bb78 (0x02b0d633) x12 0x00000016
core   0: 0x8000bb7c (0x0342afb3) mulhsu  t6, t0, s4
core   0: 3 0x8000bb7c (0x0342afb3) x31 0x00000000
core   0: 0x8000bb80 (0x98093d93) sltiu   s11, s2, -1664
core   0: 3 0x8000bb80 (0x98093d93) x27 0x00000001
core   0: 0x8000bb84 (0x02f32633) mulhsu  a2, t1, a5
core   0: 3 0x8000bb84 (0x02f32633) x12 0x0b338fff
core   0: 0x8000bb88 (0x000082f5) c.srli  a3, 29
core   0: 3 0x8000bb88 (0x82f5) x13 0x00000000
core   0: 0x8000bb8a (0x00e85263) bge     a6, a4, pc + 4
core   0: 3 0x8000bb8a (0x00e85263)
core   0: 0x8000bb8e (0x02e1a333) mulhsu  t1, gp, a4
core   0: 3 0x8000bb8e (0x02e1a333) x 6 0x00002f04
core   0: 0x8000bb92 (0x00008d85) c.sub   a1, s1
core   0: 3 0x8000bb92 (0x8d85) x11 0x8b31019c
core   0: 0x8000bb94 (0x02d5a0b3) mulhsu  ra, a1, a3
core   0: 3 0x8000bb94 (0x02d5a0b3) x 1 0x00000000
core   0: 0x8000bb98 (0x0ff0000f) fence   iorw,iorw
core   0: 3 0x8000bb98 (0x0ff0000f)
core   0: 0x8000bb9c (0x00008f65) c.and   a4, s1
core   0: 3 0x8000bb9c (0x8f65) x14 0x80028a44
core   0: 0x8000bb9e (0x00789ab3) sll     s5, a7, t2
core   0: 3 0x8000bb9e (0x00789ab3) x21 0x90e1c000
core   0: 0x8000bba2 (0x00008375) c.srli  a4, 29
core   0: 3 0x8000bba2 (0x8375) x14 0x00000004
core   0: 0x8000bba4 (0x00006169) c.addi16sp sp, 208
core   0: 3 0x8000bba4 (0x6169) x 2 0x000000d1
core   0: 0x8000bba6 (0x00008195) c.srli  a1, 5
core   0: 3 0x8000bba6 (0x8195) x11 0x0459880c
core   0: 0x8000bba8 (0x00008e8d) c.sub   a3, a1
core   0: 3 0x8000bba8 (0x8e8d) x13 0xfba677f4
core   0: 0x8000bbaa (0x00008029) c.srli  s0, 10
core   0: 3 0x8000bbaa (0x8029) x 8 0x00000000
core   0: 0x8000bbac (0x0000100f) fence.i
core   0: 3 0x8000bbac (0x0000100f)
core   0: 0x8000bbb0 (0x00008e15) c.sub   a2, a3
core   0: 3 0x8000bbb0 (0x8e15) x12 0x0f8d180b
core   0: 0x8000bbb2 (0x00ef5563) bge     t5, a4, pc + 10
core   0: 3 0x8000bbb2 (0x00ef5563)
core   0: 0x8000bbb6 (0x036d9433) mulh    s0, s11, s6
core   0: 3 0x8000bbb6 (0x036d9433) x 8 0x00000000
core   0: 0x8000bbba (0x00006175) c.addi16sp sp, 368
core   0: 3 0x8000bbba (0x6175) x 2 0x00000241
core   0: 0x8000bbbc (0x01456733) or      a4, a0, s4
core   0: 3 0x8000bbbc (0x01456733) x14 0xfd3e21da
core   0: 0x8000bbc0 (0x019fd613) srli    a2, t6, 25
core   0: 3 0x8000bbc0 (0x019fd613) x12 0x00000000
core   0: 0x8000bbc4 (0x0190e633) or      a2, ra, s9
core   0: 3 0x8000bbc4 (0x0190e633) x12 0xfffff9d1
core   0: 0x8000bbc8 (0x0000cf01) c.beqz  a4, pc + 24
core   0: 3 0x8000bbc8 (0xcf01)
core   0: 0x8000bbca (0x00f0f5b3) and     a1, ra, a5
core   0: 3 0x8000bbca (0x00f0f5b3) x11 0x00000000
core   0: 0x8000bbce (0x00008ea5) c.xor   a3, s1
core   0: 3 0x8000bbce (0x8ea5) x13 0x7ba4f990
core   0: 0x8000bbd0 (0x0000806d) c.srli  s0, 27
core   0: 3 0x8000bbd0 (0x806d) x 8 0x00000000
core   0: 0x8000bbd2 (0x03504fb3) div     t6, zero, s5
core   0: 3 0x8000bbd2 (0x03504fb3) x31 0x00000000
core   0: 0x8000bbd6 (0x028fcb33) div     s6, t6, s0
core   0: 3 0x8000bbd6 (0x028fcb33) x22 0xffffffff
core   0: 0x8000bbda (0x00000001) c.nop
core   0: 3 0x8000bbda (0x0001)
core   0: 0x8000bbdc (0x01c23b33) sltu    s6, tp, t3
core   0: 3 0x8000bbdc (0x01c23b33) x22 0x00000001
core   0: 0x8000bbe0 (0x000087d1) c.srai  a5, 20
core   0: 3 0x8000bbe0 (0x87d1) x15 0xffffffff
core   0: 0x8000bbe2 (0xdee22793) slti    a5, tp, -530
core   0: 3 0x8000bbe2 (0xdee22793) x15 0x00000000
core   0: 0x8000bbe6 (0x0143ed63) bltu    t2, s4, pc + 26
core   0: 3 0x8000bbe6 (0x0143ed63)
core   0: 0x8000bbea (0x00006b4d) c.lui   s6, 0x13
core   0: 3 0x8000bbea (0x6b4d) x22 0x00013000
core   0: 0x8000bbec (0x02006d63) bltu    zero, zero, pc + 58
core   0: 3 0x8000bbec (0x02006d63)
core   0: 0x8000bbf0 (0x40240eb3) sub     t4, s0, sp
core   0: 3 0x8000bbf0 (0x40240eb3) x29 0xfffffdbf
core   0: 0x8000bbf4 (0x03b4ae33) mulhsu  t3, s1, s11
core   0: 3 0x8000bbf4 (0x03b4ae33) x28 0xffffffff
core   0: 0x8000bbf8 (0x016f1413) slli    s0, t5, 22
core   0: 3 0x8000bbf8 (0x016f1413) x 8 0x00000000
core   0: 0x8000bbfc (0x03ac9c63) bne     s9, s10, pc + 56
core   0: 3 0x8000bbfc (0x03ac9c63)
core   0: 0x8000bc34 (0x19150137) lui     sp, 0x19150
core   0: 3 0x8000bc34 (0x19150137) x 2 0x19150000
core   0: 0x8000bc38 (0x8c0bea13) ori     s4, s7, -1856
core   0: 3 0x8000bc38 (0x8c0bea13) x20 0xffffffff
core   0: 0x8000bc3c (0x0345c563) blt     a1, s4, pc + 42
core   0: 3 0x8000bc3c (0x0345c563)
core   0: 0x8000bc40 (0x0000717d) c.addi16sp sp, -16
core   0: 3 0x8000bc40 (0x717d) x 2 0x1914fff0
core   0: 0x8000bc42 (0x00008346) c.mv    t1, a7
core   0: 3 0x8000bc42 (0x8346) x 6 0x90e1c000
core   0: 0x8000bc44 (0x00008b25) c.andi  a4, 9
core   0: 3 0x8000bc44 (0x8b25) x14 0x00000008
core   0: 0x8000bc46 (0x035f0d33) mul     s10, t5, s5
core   0: 3 0x8000bc46 (0x035f0d33) x26 0x00000000
core   0: 0x8000bc4a (0x00004f01) c.li    t5, 0
core   0: 3 0x8000bc4a (0x4f01) x30 0x00000000
core   0: 0x8000bc4c (0x039c1d63) bne     s8, s9, pc + 58
core   0: 3 0x8000bc4c (0x039c1d63)
core   0: 0x8000bc86 (0x00993eb3) sltu    t4, s2, s1
core   0: 3 0x8000bc86 (0x00993eb3) x29 0x00000000
core   0: 0x8000bc8a (0x0302ee63) bltu    t0, a6, pc + 60
core   0: 3 0x8000bc8a (0x0302ee63)
core   0: 0x8000bc8e (0x02cd59b3) divu    s3, s10, a2
core   0: 3 0x8000bc8e (0x02cd59b3) x19 0x00000000
core   0: 0x8000bc92 (0x0000626d) c.lui   tp, 0x1b
core   0: 3 0x8000bc92 (0x626d) x 4 0x0001b000
core   0: 0x8000bc94 (0x03ab51b3) divu    gp, s6, s10
core   0: 3 0x8000bc94 (0x03ab51b3) x 3 0xffffffff
core   0: 0x8000bc98 (0xb834f993) andi    s3, s1, -1149
core   0: 3 0x8000bc98 (0xb834f993) x19 0x80028a00
core   0: 0x8000bc9c (0x019af8b3) and     a7, s5, s9
core   0: 3 0x8000bc9c (0x019af8b3) x17 0x90e1c000
core   0: 0x8000bca0 (0x00008b51) c.andi  a4, 20
core   0: 3 0x8000bca0 (0x8b51) x14 0x00000000
core   0: 0x8000bca2 (0x000040ad) c.li    ra, 11
core   0: 3 0x8000bca2 (0x40ad) x 1 0x0000000b
core   0: 0x8000bca4 (0x18226193) ori     gp, tp, 386
core   0: 3 0x8000bca4 (0x18226193) x 3 0x0001b182
core   0: 0x8000bca8 (0x00005bfd) c.li    s7, -1
core   0: 3 0x8000bca8 (0x5bfd) x23 0xffffffff
core   0: 0x8000bcaa (0x010b19b3) sll     s3, s6, a6
core   0: 3 0x8000bcaa (0x010b19b3) x19 0x00013000
core   0: 0x8000bcae (0x0ff0000f) fence   iorw,iorw
core   0: 3 0x8000bcae (0x0ff0000f)
core   0: 0x8000bcb2 (0x000050fd) c.li    ra, -1
core   0: 3 0x8000bcb2 (0x50fd) x 1 0xffffffff
core   0: 0x8000bcb4 (0x03789163) bne     a7, s7, pc + 34
core   0: 3 0x8000bcb4 (0x03789163)
core   0: 0x8000bcd6 (0x012ec463) blt     t4, s2, pc + 8
core   0: 3 0x8000bcd6 (0x012ec463)
core   0: 0x8000bcda (0x010b5193) srli    gp, s6, 16
core   0: 3 0x8000bcda (0x010b5193) x 3 0x00000001
core   0: 0x8000bcde (0x40f681b3) sub     gp, a3, a5
core   0: 3 0x8000bcde (0x40f681b3) x 3 0x7ba4f990
core   0: 0x8000bce2 (0x49713417) auipc   s0, 0x49713
core   0: 3 0x8000bce2 (0x49713417) x 8 0xc971ece2
core   0: 0x8000bce6 (0x00008999) c.andi  a1, 6
core   0: 3 0x8000bce6 (0x8999) x11 0x00000000
core   0: 0x8000bce8 (0x02512f33) mulhsu  t5, sp, t0
core   0: 3 0x8000bce8 (0x02512f33) x30 0x0001783a
core   0: 0x8000bcec (0x00006df1) c.lui   s11, 0x1c
core   0: 3 0x8000bcec (0x6df1) x27 0x0001c000
core   0: 0x8000bcee (0x00008d9d) c.sub   a1, a5
core   0: 3 0x8000bcee (0x8d9d) x11 0x00000000
core   0: 0x8000bcf0 (0x5e382693) slti    a3, a6, 1507
core   0: 3 0x8000bcf0 (0x5e382693) x13 0x00000001
core   0: 0x8000bcf4 (0xb765c013) xori    zero, a1, -1162
core   0: 3 0x8000bcf4 (0xb765c013)
core   0: 0x8000bcf8 (0x00000001) c.nop
core   0: 3 0x8000bcf8 (0x0001)
core   0: 0x8000bcfa (0x00000001) c.nop
core   0: 3 0x8000bcfa (0x0001)
core   0: 0x8000bcfc (0x00008e6d) c.and   a2, a1
core   0: 3 0x8000bcfc (0x8e6d) x12 0x00000000
core   0: 0x8000bcfe (0x00008c01) c.sub   s0, s0
core   0: 3 0x8000bcfe (0x8c01) x 8 0x00000000
core   0: 0x8000bd00 (0x0000080e) c.slli  a6, 3
core   0: 3 0x8000bd00 (0x080e) x16 0x00000000
core   0: 0x8000bd02 (0x019a0d63) beq     s4, s9, pc + 26
core   0: 3 0x8000bd02 (0x019a0d63)
core   0: 0x8000bd06 (0x000087ed) c.srai  a5, 27
core   0: 3 0x8000bd06 (0x87ed) x15 0x00000000
core   0: 0x8000bd08 (0x01897633) and     a2, s2, s8
core   0: 3 0x8000bd08 (0x01897633) x12 0x8002cce4
core   0: 0x8000bd0c (0x0296ab33) mulhsu  s6, a3, s1
core   0: 3 0x8000bd0c (0x0296ab33) x22 0x00000000
core   0: 0x8000bd10 (0x0000117d) c.addi  sp, -1
core   0: 3 0x8000bd10 (0x117d) x 2 0x1914ffef
core   0: 0x8000bd12 (0x0000100f) fence.i
core   0: 3 0x8000bd12 (0x0000100f)
core   0: 0x8000bd16 (0x037ee263) bltu    t4, s7, pc + 36
core   0: 3 0x8000bd16 (0x037ee263)
core   0: 0x8000bd3a (0x01950e33) add     t3, a0, s9
core   0: 3 0x8000bd3a (0x01950e33) x28 0xfd3e1bab
core   0: 0x8000bd3e (0x0ff0000f) fence   iorw,iorw
core   0: 3 0x8000bd3e (0x0ff0000f)
core   0: 0x8000bd42 (0x0da76163) bltu    a4, s10, pc + 194
core   0: 3 0x8000bd42 (0x0da76163)
core   0: 0x8000bd46 (0x0000962e) c.add   a2, a1
core   0: 3 0x8000bd46 (0x962e) x12 0x8002cce4
core   0: 0x8000bd48 (0x00a49c13) slli    s8, s1, 10
core   0: 3 0x8000bd48 (0x00a49c13) x24 0x0a399000
core   0: 0x8000bd4c (0x0000814e) c.mv    sp, s3
core   0: 3 0x8000bd4c (0x814e) x 2 0x00013000
core   0: 0x8000bd4e (0x15740c63) beq     s0, s7, pc + 344
core   0: 3 0x8000bd4e (0x15740c63)
core   0: 0x8000bd52 (0x0000e117) auipc   sp, 0xe
core   0: 3 0x8000bd52 (0x0000e117) x 2 0x80019d52
core   0: 0x8000bd56 (0xf2510113) addi    sp, sp, -219
core   0: 3 0x8000bd56 (0xf2510113) x 2 0x80019c77
core   0: 0x8000bd5a (0x00000001) c.nop
core   0: 3 0x8000bd5a (0x0001)
core   0: 0x8000bd5c (0x00010223) sb      zero, 4(sp)
core   0: 3 0x8000bd5c (0x00010223) mem 0x80019c7b 0x0
core   0: 0x8000bd60 (0xff914f83) lbu     t6, -7(sp)
core   0: 3 0x8000bd60 (0xff914f83) x31 0x00000000 mem 0x80019c70
core   0: 0x8000bd64 (0x0000187d) c.addi  a6, -1
core   0: 3 0x8000bd64 (0x187d) x16 0xffffffff
core   0: 0x8000bd66 (0x00008e9d) c.sub   a3, a5
core   0: 3 0x8000bd66 (0x8e9d) x13 0x00000001
core   0: 0x8000bd68 (0xffb11aa3) sh      s11, -11(sp)
core   0: 3 0x8000bd68 (0xffb11aa3) mem 0x80019c6c 0xc000
core   0: 0x8000bd6c (0x00414d03) lbu     s10, 4(sp)
core   0: 3 0x8000bd6c (0x00414d03) x26 0x00000000 mem 0x80019c7b
core   0: 0x8000bd70 (0x00006d65) c.lui   s10, 0x19
core   0: 3 0x8000bd70 (0x6d65) x26 0x00019000
core   0: 0x8000bd72 (0x0b504f13) xori    t5, zero, 181
core   0: 3 0x8000bd72 (0x0b504f13) x30 0x000000b5
core   0: 0x8000bd76 (0xfed10c23) sb      a3, -8(sp)
core   0: 3 0x8000bd76 (0xfed10c23) mem 0x80019c6f 0x1
core   0: 0x8000bd7a (0x00d10023) sb      a3, 0(sp)
core   0: 3 0x8000bd7a (0x00d10023) mem 0x80019c77 0x1
core   0: 0x8000bd7e (0x008111a3) sh      s0, 3(sp)
core   0: 3 0x8000bd7e (0x008111a3) mem 0x80019c7a 0x0000
core   0: 0x8000bd82 (0x00310f83) lb      t6, 3(sp)
core   0: 3 0x8000bd82 (0x00310f83) x31 0x00000000 mem 0x80019c7a
core   0: 0x8000bd86 (0x00b10523) sb      a1, 10(sp)
core   0: 3 0x8000bd86 (0x00b10523) mem 0x80019c81 0x0
core   0: 0x8000bd8a (0x00515383) lhu     t2, 5(sp)
core   0: 3 0x8000bd8a (0x00515383) x 7 0x00000000 mem 0x80019c7c
core   0: 0x8000bd8e (0xb55d3e93) sltiu   t4, s10, -1195
core   0: 3 0x8000bd8e (0xb55d3e93) x29 0x00000001
core   0: 0x8000bd92 (0x0321b1b3) mulhu   gp, gp, s2
core   0: 3 0x8000bd92 (0x0321b1b3) x 3 0x3dd3d707
core   0: 0x8000bd96 (0xffe10c83) lb      s9, -2(sp)
core   0: 3 0x8000bd96 (0xffe10c83) x25 0x00000000 mem 0x80019c75
core   0: 0x8000bd9a (0x00005893) srli    a7, zero, 0
core   0: 3 0x8000bd9a (0x00005893) x17 0x00000000
core   0: 0x8000bd9e (0xfe810d23) sb      s0, -6(sp)
core   0: 3 0x8000bd9e (0xfe810d23) mem 0x80019c71 0x0
core   0: 0x8000bda2 (0x00d11433) sll     s0, sp, a3
core   0: 3 0x8000bda2 (0x00d11433) x 8 0x000338ee
core   0: 0x8000bda6 (0xfe910e23) sb      s1, -4(sp)
core   0: 3 0x8000bda6 (0xfe910e23) mem 0x80019c73 0x64
core   0: 0x8000bdaa (0x00610403) lb      s0, 6(sp)
core   0: 3 0x8000bdaa (0x00610403) x 8 0x00000000 mem 0x80019c7d
core   0: 0x8000bdae (0x000086c9) c.srai  a3, 18
core   0: 3 0x8000bdae (0x86c9) x13 0x00000000
core   0: 0x8000bdb0 (0x00214d03) lbu     s10, 2(sp)
core   0: 3 0x8000bdb0 (0x00214d03) x26 0x00000000 mem 0x80019c79
core   0: 0x8000bdb4 (0x005bb3b3) sltu    t2, s7, t0
core   0: 3 0x8000bdb4 (0x005bb3b3) x 7 0x00000000
core   0: 0x8000bdb8 (0x000000b5) c.addi  ra, 13
core   0: 3 0x8000bdb8 (0x00b5) x 1 0x0000000c
core   0: 0x8000bdba (0xff510ea3) sb      s5, -3(sp)
core   0: 3 0x8000bdba (0xff510ea3) mem 0x80019c74 0x0
core   0: 0x8000bdbe (0x000089fa) c.mv    s3, t5
core   0: 3 0x8000bdbe (0x89fa) x19 0x000000b5
core   0: 0x8000bdc0 (0x013b7233) and     tp, s6, s3
core   0: 3 0x8000bdc0 (0x013b7233) x 4 0x00000000
core   0: 0x8000bdc4 (0x00414803) lbu     a6, 4(sp)
core   0: 3 0x8000bdc4 (0x00414803) x16 0x00000000 mem 0x80019c7b
core   0: 0x8000bdc8 (0xa6b7b693) sltiu   a3, a5, -1429
core   0: 3 0x8000bdc8 (0xa6b7b693) x13 0x00000001
core   0: 0x8000bdcc (0xff311b83) lh      s7, -13(sp)
core   0: 3 0x8000bdcc (0xff311b83) x23 0x00000000 mem 0x80019c6a
core   0: 0x8000bdd0 (0x00008e85) c.sub   a3, s1
core   0: 3 0x8000bdd0 (0x8e85) x13 0x7ffd719d
core   0: 0x8000bdd2 (0x01810623) sb      s8, 12(sp)
core   0: 3 0x8000bdd2 (0x01810623) mem 0x80019c83 0x0
core   0: 0x8000bdd6 (0x006980b3) add     ra, s3, t1
core   0: 3 0x8000bdd6 (0x006980b3) x 1 0x90e1c0b5
core   0: 0x8000bdda (0x41d0d613) srai    a2, ra, 29
core   0: 3 0x8000bdda (0x41d0d613) x12 0xfffffffc
core   0: 0x8000bdde (0xff210203) lb      tp, -14(sp)
core   0: 3 0x8000bdde (0xff210203) x 4 0x00000000 mem 0x80019c69
core   0: 0x8000bde2 (0x00001afd) c.addi  s5, -1
core   0: 3 0x8000bde2 (0x1afd) x21 0x90e1bfff
core   0: 0x8000bde4 (0x01345133) srl     sp, s0, s3
core   0: 3 0x8000bde4 (0x01345133) x 2 0x00000000
core   0: 0x8000bde8 (0x0dd06363) bltu    zero, t4, pc + 198
core   0: 3 0x8000bde8 (0x0dd06363)
core   0: 0x8000beae (0x000089dd) c.andi  a1, 23
core   0: 3 0x8000beae (0x89dd) x11 0x00000000
core   0: 0x8000beb0 (0x40ba57b3) sra     a5, s4, a1
core   0: 3 0x8000beb0 (0x40ba57b3) x15 0xffffffff
core   0: 0x8000beb4 (0x05b8e263) bltu    a7, s11, pc + 68
core   0: 3 0x8000beb4 (0x05b8e263)
core   0: 0x8000bef8 (0x0000c185) c.beqz  a1, pc + 32
core   0: 3 0x8000bef8 (0xc185)
core   0: 0x8000bf18 (0x0000e91d) c.bnez  a0, pc + 54
core   0: 3 0x8000bf18 (0xe91d)
core   0: 0x8000bf4e (0x018b67b3) or      a5, s6, s8
core   0: 3 0x8000bf4e (0x018b67b3) x15 0x0a399000
core   0: 0x8000bf52 (0xb099cb93) xori    s7, s3, -1271
core   0: 3 0x8000bf52 (0xb099cb93) x23 0xfffffbbc
core   0: 0x8000bf56 (0x03c86a63) bltu    a6, t3, pc + 52
core   0: 3 0x8000bf56 (0x03c86a63)
core   0: 0x8000bf8a (0xe9a9ab13) slti    s6, s3, -358
core   0: 3 0x8000bf8a (0xe9a9ab13) x22 0x00000000
core   0: 0x8000bf8e (0x54f4a593) slti    a1, s1, 1359
core   0: 3 0x8000bf8e (0x54f4a593) x11 0x00000001
core   0: 0x8000bf92 (0x00009e22) c.add   t3, s0
core   0: 3 0x8000bf92 (0x9e22) x28 0xfd3e1bab
core   0: 0x8000bf94 (0x00729813) slli    a6, t0, 7
core   0: 3 0x8000bf94 (0x00729813) x16 0x07800000
core   0: 0x8000bf98 (0x00008389) c.srli  a5, 2
core   0: 3 0x8000bf98 (0x8389) x15 0x028e6400
core   0: 0x8000bf9a (0x01ced0b3) srl     ra, t4, t3
core   0: 3 0x8000bf9a (0x01ced0b3) x 1 0x00000000
core   0: 0x8000bf9e (0x00ca20b3) slt     ra, s4, a2
core   0: 3 0x8000bf9e (0x00ca20b3) x 1 0x00000000
core   0: 0x8000bfa2 (0x00105663) bge     zero, ra, pc + 12
core   0: 3 0x8000bfa2 (0x00105663)
core   0: 0x8000bfae (0x00001ffd) c.addi  t6, -1
core   0: 3 0x8000bfae (0x1ffd) x31 0xffffffff
core   0: 0x8000bfb0 (0x00006175) c.addi16sp sp, 368
core   0: 3 0x8000bfb0 (0x6175) x 2 0x00000170
core   0: 0x8000bfb2 (0x00a46f63) bltu    s0, a0, pc + 30
core   0: 3 0x8000bfb2 (0x00a46f63)
core   0: 0x8000bfd0 (0x41b00133) sub     sp, zero, s11
core   0: 3 0x8000bfd0 (0x41b00133) x 2 0xfffe4000
core   0: 0x8000bfd4 (0x00671f63) bne     a4, t1, pc + 30
core   0: 3 0x8000bfd4 (0x00671f63)
core   0: 0x8000bff2 (0x02815fb3) divu    t6, sp, s0
core   0: 3 0x8000bff2 (0x02815fb3) x31 0xffffffff
core   0: 0x8000bff6 (0x00ec4433) xor     s0, s8, a4
core   0: 3 0x8000bff6 (0x00ec4433) x 8 0x0a399000
core   0: 0x8000bffa (0x02a5fd33) remu    s10, a1, a0
core   0: 3 0x8000bffa (0x02a5fd33) x26 0x00000001
core   0: 0x8000bffe (0x01c2d433) srl     s0, t0, t3
core   0: 3 0x8000bffe (0x01c2d433) x 8 0x000001e0
core   0: 0x8000c002 (0x0372f633) remu    a2, t0, s7
core   0: 3 0x8000c002 (0x0372f633) x12 0x000f0000
core   0: 0x8000c006 (0x023421b3) mulhsu  gp, s0, gp
core   0: 3 0x8000c006 (0x023421b3) x 3 0x00000073
core   0: 0x8000c00a (0xa4276193) ori     gp, a4, -1470
core   0: 3 0x8000c00a (0xa4276193) x 3 0xfffffa42
core   0: 0x8000c00e (0x00008c5d) c.or    s0, a5
core   0: 3 0x8000c00e (0x8c5d) x 8 0x028e65e0
core   0: 0x8000c010 (0x03cce2b3) rem     t0, s9, t3
core   0: 3 0x8000c010 (0x03cce2b3) x 5 0x00000000
core   0: 0x8000c014 (0x000007da) c.slli  a5, 22
core   0: 3 0x8000c014 (0x07da) x15 0x00000000
core   0: 0x8000c016 (0x01ab0c33) add     s8, s6, s10
core   0: 3 0x8000c016 (0x01ab0c33) x24 0x00000001
core   0: 0x8000c01a (0x0000078e) c.slli  a5, 3
core   0: 3 0x8000c01a (0x078e) x15 0x00000000
core   0: 0x8000c01c (0x02a629b3) mulhsu  s3, a2, a0
core   0: 3 0x8000c01c (0x02a629b3) x19 0x000ed6a3
core   0: 0x8000c020 (0x40cd0733) sub     a4, s10, a2
core   0: 3 0x8000c020 (0x40cd0733) x14 0xfff10001
core   0: 0x8000c024 (0x995f7093) andi    ra, t5, -1643
core   0: 3 0x8000c024 (0x995f7093) x 1 0x00000095
core   0: 0x8000c028 (0x01890b33) add     s6, s2, s8
core   0: 3 0x8000c028 (0x01890b33) x22 0x8002cce5
core   0: 0x8000c02c (0x000086cd) c.srai  a3, 19
core   0: 3 0x8000c02c (0x86cd) x13 0x00000fff
core   0: 0x8000c02e (0x03776863) bltu    a4, s7, pc + 48
core   0: 3 0x8000c02e (0x03776863)
core   0: 0x8000c05e (0xbf326993) ori     s3, tp, -1037
core   0: 3 0x8000c05e (0xbf326993) x19 0xfffffbf3
core   0: 0x8000c062 (0x000085ed) c.srai  a1, 27
core   0: 3 0x8000c062 (0x85ed) x11 0x00000000
core   0: 0x8000c064 (0xafa88317) auipc   t1, 0xafa88
core   0: 3 0x8000c064 (0xafa88317) x 6 0x2fa94064
core   0: 0x8000c068 (0x01709d33) sll     s10, ra, s7
core   0: 3 0x8000c068 (0x01709d33) x26 0x50000000
core   0: 0x8000c06c (0x00f15f13) srli    t5, sp, 15
core   0: 3 0x8000c06c (0x00f15f13) x30 0x0001fffc
core   0: 0x8000c070 (0x02616963) bltu    sp, t1, pc + 50
core   0: 3 0x8000c070 (0x02616963)
core   0: 0x8000c074 (0x79817593) andi    a1, sp, 1944
core   0: 3 0x8000c074 (0x79817593) x11 0x00000000
core   0: 0x8000c078 (0x00008dbd) c.xor   a1, a5
core   0: 3 0x8000c078 (0x8dbd) x11 0x00000000
core   0: 0x8000c07a (0x016cc833) xor     a6, s9, s6
core   0: 3 0x8000c07a (0x016cc833) x16 0x8002cce5
core   0: 0x8000c07e (0x0000eb11) c.bnez  a4, pc + 20
core   0: 3 0x8000c07e (0xeb11)
core   0: 0x8000c092 (0x1d990c93) addi    s9, s2, 473
core   0: 3 0x8000c092 (0x1d990c93) x25 0x8002cebd
core   0: 0x8000c096 (0x01f8f463) bgeu    a7, t6, pc + 8
core   0: 3 0x8000c096 (0x01f8f463)
core   0: 0x8000c09a (0x004c4663) blt     s8, tp, pc + 12
core   0: 3 0x8000c09a (0x004c4663)
core   0: 0x8000c09e (0x0000c205) c.beqz  a2, pc + 32
core   0: 3 0x8000c09e (0xc205)
core   0: 0x8000c0a0 (0x00008dfd) c.and   a1, a5
core   0: 3 0x8000c0a0 (0x8dfd) x11 0x00000000
core   0: 0x8000c0a2 (0x973beb13) ori     s6, s7, -1677
core   0: 3 0x8000c0a2 (0x973beb13) x22 0xfffffbff
core   0: 0x8000c0a6 (0x0000c30d) c.beqz  a4, pc + 34
core   0: 3 0x8000c0a6 (0xc30d)
core   0: 0x8000c0a8 (0x0000119c) c.addi4spn a5, sp, 224
core   0: 3 0x8000c0a8 (0x119c) x15 0xfffe40e0
core   0: 0x8000c0aa (0x00008e79) c.and   a2, a4
core   0: 3 0x8000c0aa (0x8e79) x12 0x00010000
core   0: 0x8000c0ac (0x03e9e133) rem     sp, s3, t5
core   0: 3 0x8000c0ac (0x03e9e133) x 2 0xfffffbf3
core   0: 0x8000c0b0 (0x016d6333) or      t1, s10, s6
core   0: 3 0x8000c0b0 (0x016d6333) x 6 0xfffffbff
core   0: 0x8000c0b4 (0x023e6633) rem     a2, t3, gp
core   0: 3 0x8000c0b4 (0x023e6633) x12 0xfffffe4f
core   0: 0x8000c0b8 (0xc8f92b13) slti    s6, s2, -881
core   0: 3 0x8000c0b8 (0xc8f92b13) x22 0x00000001
core   0: 0x8000c0bc (0x00009bfd) c.andi  a5, -1
core   0: 3 0x8000c0bc (0x9bfd) x15 0xfffe40e0
core   0: 0x8000c0be (0x00008675) c.srai  a2, 29
core   0: 3 0x8000c0be (0x8675) x12 0xffffffff
core   0: 0x8000c0c0 (0x01d8c633) xor     a2, a7, t4
core   0: 3 0x8000c0c0 (0x01d8c633) x12 0x00000001
core   0: 0x8000c0c4 (0x0000100f) fence.i
core   0: 3 0x8000c0c4 (0x0000100f)
core   0: 0x8000c0c8 (0x00825433) srl     s0, tp, s0
core   0: 3 0x8000c0c8 (0x00825433) x 8 0x00000000
core   0: 0x8000c0cc (0x00008f25) c.xor   a4, s1
core   0: 3 0x8000c0cc (0x8f25) x14 0x7ff38e65
core   0: 0x8000c0ce (0x00008f7d) c.and   a4, a5
core   0: 3 0x8000c0ce (0x8f7d) x14 0x7ff20060
core   0: 0x8000c0d0 (0x00008fa1) c.xor   a5, s0
core   0: 3 0x8000c0d0 (0x8fa1) x15 0xfffe40e0
core   0: 0x8000c0d2 (0x00000ba2) c.slli  s7, 8
core   0: 3 0x8000c0d2 (0x0ba2) x23 0xfffbbc00
core   0: 0x8000c0d4 (0x00b14c33) xor     s8, sp, a1
core   0: 3 0x8000c0d4 (0x00b14c33) x24 0xfffffbf3
core   0: 0x8000c0d8 (0x0000e68d) c.bnez  a3, pc + 42
core   0: 3 0x8000c0d8 (0xe68d)
core   0: 0x8000c102 (0x7f057713) andi    a4, a0, 2032
core   0: 3 0x8000c102 (0x7f057713) x14 0x000001d0
core   0: 0x8000c106 (0x032a4bb3) div     s7, s4, s2
core   0: 3 0x8000c106 (0x032a4bb3) x23 0x00000000
core   0: 0x8000c10a (0x006dbab3) sltu    s5, s11, t1
core   0: 3 0x8000c10a (0x006dbab3) x21 0x00000001
core   0: 0x8000c10e (0x03dc1c63) bne     s8, t4, pc + 56
core   0: 3 0x8000c10e (0x03dc1c63)
core   0: 0x8000c146 (0x8f328693) addi    a3, t0, -1805
core   0: 3 0x8000c146 (0x8f328693) x13 0xfffff8f3
core   0: 0x8000c14a (0x000067fd) c.lui   a5, 0x1f
core   0: 3 0x8000c14a (0x67fd) x15 0x0001f000
core   0: 0x8000c14c (0x03746db3) rem     s11, s0, s7
core   0: 3 0x8000c14c (0x03746db3) x27 0x00000000
core   0: 0x8000c150 (0x00009afd) c.andi  a3, -1
core   0: 3 0x8000c150 (0x9afd) x13 0xfffff8f3
core   0: 0x8000c152 (0x00008f0d) c.sub   a4, a1
core   0: 3 0x8000c152 (0x8f0d) x14 0x000001d0
core   0: 0x8000c154 (0x38c00193) li      gp, 908
core   0: 3 0x8000c154 (0x38c00193) x 3 0x0000038c
core   0: 0x8000c158 (0x00008df1) c.and   a1, a2
core   0: 3 0x8000c158 (0x8df1) x11 0x00000000
core   0: 0x8000c15a (0x000096ea) c.add   a3, s10
core   0: 3 0x8000c15a (0x96ea) x13 0x4ffff8f3
core   0: 0x8000c15c (0x00008759) c.srai  a4, 22
core   0: 3 0x8000c15c (0x8759) x14 0x00000000
core   0: 0x8000c15e (0x40c50fb3) sub     t6, a0, a2
core   0: 3 0x8000c15e (0x40c50fb3) x31 0xfd3e21d9
core   0: 0x8000c162 (0x000087b9) c.srai  a5, 14
core   0: 3 0x8000c162 (0x87b9) x15 0x00000007
core   0: 0x8000c164 (0x40c0d9b3) sra     s3, ra, a2
core   0: 3 0x8000c164 (0x40c0d9b3) x19 0x0000004a
core   0: 0x8000c168 (0x00000001) c.nop
core   0: 3 0x8000c168 (0x0001)
core   0: 0x8000c16a (0x03f691b3) mulh    gp, a3, t6
core   0: 3 0x8000c16a (0x03f691b3) x 3 0xff236aa7
core   0: 0x8000c16e (0x00ba9fb3) sll     t6, s5, a1
core   0: 3 0x8000c16e (0x00ba9fb3) x31 0x00000001
core   0: 0x8000c172 (0x0ff0000f) fence   iorw,iorw
core   0: 3 0x8000c172 (0x0ff0000f)
core   0: 0x8000c176 (0x00addfb3) srl     t6, s11, a0
core   0: 3 0x8000c176 (0x00addfb3) x31 0x00000000
core   0: 0x8000c17a (0x00008e99) c.sub   a3, a4
core   0: 3 0x8000c17a (0x8e99) x13 0x4ffff8f3
core   0: 0x8000c17c (0x01006263) bltu    zero, a6, pc + 4
core   0: 3 0x8000c17c (0x01006263)
core   0: 0x8000c180 (0x00ae7d33) and     s10, t3, a0
core   0: 3 0x8000c180 (0x00ae7d33) x26 0xfd3e018a
core   0: 0x8000c184 (0xedd4a6b7) lui     a3, 0xedd4a
core   0: 3 0x8000c184 (0xedd4a6b7) x13 0xedd4a000
core   0: 0x8000c188 (0x17c82137) lui     sp, 0x17c82
core   0: 3 0x8000c188 (0x17c82137) x 2 0x17c82000
core   0: 0x8000c18c (0x00008dda) c.mv    s11, s6
core   0: 3 0x8000c18c (0x8dda) x27 0x00000001
core   0: 0x8000c18e (0x00008e11) c.sub   a2, a2
core   0: 3 0x8000c18e (0x8e11) x12 0x00000000
core   0: 0x8000c190 (0x0000100f) fence.i
core   0: 3 0x8000c190 (0x0000100f)
core   0: 0x8000c194 (0x00008f2d) c.xor   a4, a1
core   0: 3 0x8000c194 (0x8f2d) x14 0x00000000
core   0: 0x8000c196 (0x00000d22) c.slli  s10, 8
core   0: 3 0x8000c196 (0x0d22) x26 0x3e018a00
core   0: 0x8000c198 (0x0044ed63) bltu    s1, tp, pc + 26
core   0: 3 0x8000c198 (0x0044ed63)
core   0: 0x8000c19c (0x000083fd) c.srli  a5, 31
core   0: 3 0x8000c19c (0x83fd) x15 0x00000000
core   0: 0x8000c19e (0x00000ed9) c.addi  t4, 22
core   0: 3 0x8000c19e (0x0ed9) x29 0x00000017
core   0: 0x8000c1a0 (0x000b96b3) sll     a3, s7, zero
core   0: 3 0x8000c1a0 (0x000b96b3) x13 0x00000000
core   0: 0x8000c1a4 (0x02c0c0b3) div     ra, ra, a2
core   0: 3 0x8000c1a4 (0x02c0c0b3) x 1 0xffffffff
core   0: 0x8000c1a8 (0x00e8e563) bltu    a7, a4, pc + 10
core   0: 3 0x8000c1a8 (0x00e8e563)
core   0: 0x8000c1ac (0x03c2ff63) bgeu    t0, t3, pc + 62
core   0: 3 0x8000c1ac (0x03c2ff63)
core   0: 0x8000c1b0 (0x00000001) c.nop
core   0: 3 0x8000c1b0 (0x0001)
core   0: 0x8000c1b2 (0x00000d19) c.addi  s10, 6
core   0: 3 0x8000c1b2 (0x0d19) x26 0x3e018a06
core   0: 0x8000c1b4 (0x033d8963) beq     s11, s3, pc + 50
core   0: 3 0x8000c1b4 (0x033d8963)
core   0: 0x8000c1b8 (0x03e4acb3) mulhsu  s9, s1, t5
core   0: 3 0x8000c1b8 (0x03e4acb3) x25 0xffff0007
core   0: 0x8000c1bc (0x058e8363) beq     t4, s8, pc + 70
core   0: 3 0x8000c1bc (0x058e8363)
core   0: 0x8000c1c0 (0x4203bd93) sltiu   s11, t2, 1056
core   0: 3 0x8000c1c0 (0x4203bd93) x27 0x00000001
core   0: 0x8000c1c4 (0x00008f61) c.and   a4, s0
core   0: 3 0x8000c1c4 (0x8f61) x14 0x00000000
core   0: 0x8000c1c6 (0x0000177d) c.addi  a4, -1
core   0: 3 0x8000c1c6 (0x177d) x14 0xffffffff
core   0: 0x8000c1c8 (0x0040d693) srli    a3, ra, 4
core   0: 3 0x8000c1c8 (0x0040d693) x13 0x0fffffff
core   0: 0x8000c1cc (0x1c9af037) lui     zero, 0x1c9af
core   0: 3 0x8000c1cc (0x1c9af037)
core   0: 0x8000c1d0 (0x02be6fb3) rem     t6, t3, a1
core   0: 3 0x8000c1d0 (0x02be6fb3) x31 0xfd3e1bab
core   0: 0x8000c1d4 (0x02d445b3) div     a1, s0, a3
core   0: 3 0x8000c1d4 (0x02d445b3) x11 0x00000000
core   0: 0x8000c1d8 (0x00000001) c.nop
core   0: 3 0x8000c1d8 (0x0001)
core   0: 0x8000c1da (0x014c7463) bgeu    s8, s4, pc + 8
core   0: 3 0x8000c1da (0x014c7463)
core   0: 0x8000c1de (0x009bad33) slt     s10, s7, s1
core   0: 3 0x8000c1de (0x009bad33) x26 0x00000000
core   0: 0x8000c1e2 (0xe195f637) lui     a2, 0xe195f
core   0: 3 0x8000c1e2 (0xe195f637) x12 0xe195f000
core   0: 0x8000c1e6 (0x02f259b3) divu    s3, tp, a5
core   0: 3 0x8000c1e6 (0x02f259b3) x19 0xffffffff
core   0: 0x8000c1ea (0x00008675) c.srai  a2, 29
core   0: 3 0x8000c1ea (0x8675) x12 0xffffffff
core   0: 0x8000c1ec (0x03ae2ab3) mulhsu  s5, t3, s10
core   0: 3 0x8000c1ec (0x03ae2ab3) x21 0x00000000
core   0: 0x8000c1f0 (0x00088f63) beqz    a7, pc + 30
core   0: 3 0x8000c1f0 (0x00088f63)
core   0: 0x8000c20e (0x03b082b3) mul     t0, ra, s11
core   0: 3 0x8000c20e (0x03b082b3) x 5 0xffffffff
core   0: 0x8000c212 (0x000018fd) c.addi  a7, -1
core   0: 3 0x8000c212 (0x18fd) x17 0xffffffff
core   0: 0x8000c214 (0x1ddf7713) andi    a4, t5, 477
core   0: 3 0x8000c214 (0x1ddf7713) x14 0x000001dc
core   0: 0x8000c218 (0x00008442) c.mv    s0, a6
core   0: 3 0x8000c218 (0x8442) x 8 0x8002cce5
core   0: 0x8000c21a (0x014860b3) or      ra, a6, s4
core   0: 3 0x8000c21a (0x014860b3) x 1 0xffffffff
core   0: 0x8000c21e (0x0000100f) fence.i
core   0: 3 0x8000c21e (0x0000100f)
core   0: 0x8000c222 (0x00008009) c.srli  s0, 2
core   0: 3 0x8000c222 (0x8009) x 8 0x2000b339
core   0: 0x8000c224 (0x000083b9) c.srli  a5, 14
core   0: 3 0x8000c224 (0x83b9) x15 0x00000000
core   0: 0x8000c226 (0x01276d33) or      s10, a4, s2
core   0: 3 0x8000c226 (0x01276d33) x26 0x8002cdfc
core   0: 0x8000c22a (0xdb510813) addi    a6, sp, -587
core   0: 3 0x8000c22a (0xdb510813) x16 0x17c81db5
core   0: 0x8000c22e (0x0000717d) c.addi16sp sp, -16
core   0: 3 0x8000c22e (0x717d) x 2 0x17c81ff0
core   0: 0x8000c230 (0x003933b3) sltu    t2, s2, gp
core   0: 3 0x8000c230 (0x003933b3) x 7 0x00000001
core   0: 0x8000c234 (0x0433f163) bgeu    t2, gp, pc + 66
core   0: 3 0x8000c234 (0x0433f163)
core   0: 0x8000c238 (0xd3712413) slti    s0, sp, -713
core   0: 3 0x8000c238 (0xd3712413) x 8 0x00000000
core   0: 0x8000c23c (0x40b9d833) sra     a6, s3, a1
core   0: 3 0x8000c23c (0x40b9d833) x16 0xffffffff
core   0: 0x8000c240 (0x000087bd) c.srai  a5, 15
core   0: 3 0x8000c240 (0x87bd) x15 0x00000000
core   0: 0x8000c242 (0xb00f8bb7) lui     s7, 0xb00f8
core   0: 3 0x8000c242 (0xb00f8bb7) x23 0xb00f8000
core   0: 0x8000c246 (0x00008d4a) c.mv    s10, s2
core   0: 3 0x8000c246 (0x8d4a) x26 0x8002cce4
core   0: 0x8000c248 (0x7727f013) andi    zero, a5, 1906
core   0: 3 0x8000c248 (0x7727f013)
core   0: 0x8000c24c (0x416fdab3) sra     s5, t6, s6
core   0: 3 0x8000c24c (0x416fdab3) x21 0xfe9f0dd5
core   0: 0x8000c250 (0x0e402613) slti    a2, zero, 228
core   0: 3 0x8000c250 (0x0e402613) x12 0x00000001
core   0: 0x8000c254 (0x00008ec5) c.or    a3, s1
core   0: 3 0x8000c254 (0x8ec5) x13 0x8fffffff
core   0: 0x8000c256 (0x41c2d993) srai    s3, t0, 28
core   0: 3 0x8000c256 (0x41c2d993) x19 0xffffffff
core   0: 0x8000c25a (0x0000ca9d) c.beqz  a3, pc + 54
core   0: 3 0x8000c25a (0xca9d)
core   0: 0x8000c25c (0x0000071c) c.addi4spn a5, sp, 896
core   0: 3 0x8000c25c (0x071c) x15 0x17c82370
core   0: 0x8000c25e (0x40375133) sra     sp, a4, gp
core   0: 3 0x8000c25e (0x40375133) x 2 0x00000003
core   0: 0x8000c262 (0x038eacb3) mulhsu  s9, t4, s8
core   0: 3 0x8000c262 (0x038eacb3) x25 0x00000016
core   0: 0x8000c266 (0x009e46b3) xor     a3, t3, s1
core   0: 3 0x8000c266 (0x009e46b3) x13 0x7d3c95cf
core   0: 0x8000c26a (0x747d4713) xori    a4, s10, 1863
core   0: 3 0x8000c26a (0x747d4713) x14 0x8002cba3
core   0: 0x8000c26e (0x00001780) c.addi4spn s0, sp, 992
core   0: 3 0x8000c26e (0x1780) x 8 0x000003e3
core   0: 0x8000c270 (0x00000dbd) c.addi  s11, 15
core   0: 3 0x8000c270 (0x0dbd) x27 0x00000010
core   0: 0x8000c272 (0xd6fd2393) slti    t2, s10, -657
core   0: 3 0x8000c272 (0xd6fd2393) x 7 0x00000001
core   0: 0x8000c276 (0x40110733) sub     a4, sp, ra
core   0: 3 0x8000c276 (0x40110733) x14 0x00000004
core   0: 0x8000c27a (0x0136d563) bge     a3, s3, pc + 10
core   0: 3 0x8000c27a (0x0136d563)
core   0: 0x8000c284 (0x00ec3633) sltu    a2, s8, a4
core   0: 3 0x8000c284 (0x00ec3633) x12 0x00000000
core   0: 0x8000c288 (0x011e5713) srli    a4, t3, 17
core   0: 3 0x8000c288 (0x011e5713) x14 0x00007e9f
core   0: 0x8000c28c (0x02a1e9b3) rem     s3, gp, a0
core   0: 3 0x8000c28c (0x02a1e9b3) x19 0xff236aa7
core   0: 0x8000c290 (0xb8c5cd93) xori    s11, a1, -1140
core   0: 3 0x8000c290 (0xb8c5cd93) x27 0xfffffb8c
core   0: 0x8000c294 (0x0000c405) c.beqz  s0, pc + 40
core   0: 3 0x8000c294 (0xc405)
core   0: 0x8000c296 (0x0000100f) fence.i
core   0: 3 0x8000c296 (0x0000100f)
core   0: 0x8000c29a (0x03395c63) bge     s2, s3, pc + 56
core   0: 3 0x8000c29a (0x03395c63)
core   0: 0x8000c29e (0x00000001) c.nop
core   0: 3 0x8000c29e (0x0001)
core   0: 0x8000c2a0 (0x006b0863) beq     s6, t1, pc + 16
core   0: 3 0x8000c2a0 (0x006b0863)
core   0: 0x8000c2a4 (0x010d85b3) add     a1, s11, a6
core   0: 3 0x8000c2a4 (0x010d85b3) x11 0xfffffb8b
core   0: 0x8000c2a8 (0x12d16f13) ori     t5, sp, 301
core   0: 3 0x8000c2a8 (0x12d16f13) x30 0x0000012f
core   0: 0x8000c2ac (0x01a6a1b3) slt     gp, a3, s10
core   0: 3 0x8000c2ac (0x01a6a1b3) x 3 0x00000000
core   0: 0x8000c2b0 (0x005e30b3) sltu    ra, t3, t0
core   0: 3 0x8000c2b0 (0x005e30b3) x 1 0x00000001
core   0: 0x8000c2b4 (0x02e62233) mulhsu  tp, a2, a4
core   0: 3 0x8000c2b4 (0x02e62233) x 4 0x00000000
core   0: 0x8000c2b8 (0x01411db3) sll     s11, sp, s4
core   0: 3 0x8000c2b8 (0x01411db3) x27 0x80000000
core   0: 0x8000c2bc (0x0000537d) c.li    t1, -1
core   0: 3 0x8000c2bc (0x537d) x 6 0xffffffff
core   0: 0x8000c2be (0x00000001) c.nop
core   0: 3 0x8000c2be (0x0001)
core   0: 0x8000c2c0 (0x50349337) lui     t1, 0x50349
core   0: 3 0x8000c2c0 (0x50349337) x 6 0x50349000
core   0: 0x8000c2c4 (0x00000001) c.nop
core   0: 3 0x8000c2c4 (0x0001)
core   0: 0x8000c2c6 (0x014c8c63) beq     s9, s4, pc + 24
core   0: 3 0x8000c2c6 (0x014c8c63)
core   0: 0x8000c2ca (0xf9782113) slti    sp, a6, -105
core   0: 3 0x8000c2ca (0xf9782113) x 2 0x00000000
core   0: 0x8000c2ce (0x03a13233) mulhu   tp, sp, s10
core   0: 3 0x8000c2ce (0x03a13233) x 4 0x00000000
core   0: 0x8000c2d2 (0x0000676d) c.lui   a4, 0x1b
core   0: 3 0x8000c2d2 (0x676d) x14 0x0001b000
core   0: 0x8000c2d4 (0x00008c1d) c.sub   s0, a5
core   0: 3 0x8000c2d4 (0x8c1d) x 8 0xe837e073
core   0: 0x8000c2d6 (0x01e81333) sll     t1, a6, t5
core   0: 3 0x8000c2d6 (0x01e81333) x 6 0xffff8000
core   0: 0x8000c2da (0x00d8e263) bltu    a7, a3, pc + 4
core   0: 3 0x8000c2da (0x00d8e263)
core   0: 0x8000c2de (0x0ff0000f) fence   iorw,iorw
core   0: 3 0x8000c2de (0x0ff0000f)
core   0: 0x8000c2e2 (0x00008615) c.srai  a2, 5
core   0: 3 0x8000c2e2 (0x8615) x12 0x00000000
core   0: 0x8000c2e4 (0x000d9d33) sll     s10, s11, zero
core   0: 3 0x8000c2e4 (0x000d9d33) x26 0x80000000
core   0: 0x8000c2e8 (0x00009e0a) c.add   t3, sp
core   0: 3 0x8000c2e8 (0x9e0a) x28 0xfd3e1bab
core   0: 0x8000c2ea (0x003c6263) bltu    s8, gp, pc + 4
core   0: 3 0x8000c2ea (0x003c6263)
core   0: 0x8000c2ee (0x00008e66) c.mv    t3, s9
core   0: 3 0x8000c2ee (0x8e66) x28 0x00000016
core   0: 0x8000c2f0 (0xa23eeb17) auipc   s6, 0xa23ee
core   0: 3 0x8000c2f0 (0xa23eeb17) x22 0x223fa2f0
core   0: 0x8000c2f4 (0x0150b5b3) sltu    a1, ra, s5
core   0: 3 0x8000c2f4 (0x0150b5b3) x11 0x00000001
core   0: 0x8000c2f8 (0x03301663) bne     zero, s3, pc + 44
core   0: 3 0x8000c2f8 (0x03301663)
core   0: 0x8000c324 (0x00000819) c.addi  a6, 6
core   0: 3 0x8000c324 (0x0819) x16 0x00000005
core   0: 0x8000c326 (0x00008411) c.srai  s0, 4
core   0: 3 0x8000c326 (0x8411) x 8 0xfe837e07
core   0: 0x8000c328 (0x048e0263) beq     t3, s0, pc + 68
core   0: 3 0x8000c328 (0x048e0263)
core   0: 0x8000c32c (0x0000c31d) c.beqz  a4, pc + 38
core   0: 3 0x8000c32c (0xc31d)
core   0: 0x8000c32e (0x03ee10b3) mulh    ra, t3, t5
core   0: 3 0x8000c32e (0x03ee10b3) x 1 0x00000000
core   0: 0x8000c332 (0x00000001) c.nop
core   0: 3 0x8000c332 (0x0001)
core   0: 0x8000c334 (0x00008ec5) c.or    a3, s1
core   0: 3 0x8000c334 (0x8ec5) x13 0xfd3e9fef
core   0: 0x8000c336 (0x00557c33) and     s8, a0, t0
core   0: 3 0x8000c336 (0x00557c33) x24 0xfd3e21da
core   0: 0x8000c33a (0xda184837) lui     a6, 0xda184
core   0: 3 0x8000c33a (0xda184837) x16 0xda184000
core   0: 0x8000c33e (0x00000126) c.slli  sp, 9
core   0: 3 0x8000c33e (0x0126) x 2 0x00000000
core   0: 0x8000c340 (0x41655b93) srai    s7, a0, 22
core   0: 3 0x8000c340 (0x41655b93) x23 0xfffffff4
core   0: 0x8000c344 (0x024ace33) div     t3, s5, tp
core   0: 3 0x8000c344 (0x024ace33) x28 0xffffffff
core   0: 0x8000c348 (0x055d1463) bne     s10, s5, pc + 72
core   0: 3 0x8000c348 (0x055d1463)
core   0: 0x8000c390 (0x019310b3) sll     ra, t1, s9
core   0: 3 0x8000c390 (0x019310b3) x 1 0x00000000
core   0: 0x8000c394 (0x03c80733) mul     a4, a6, t3
core   0: 3 0x8000c394 (0x03c80733) x14 0x25e7c000
core   0: 0x8000c398 (0x00b51e63) bne     a0, a1, pc + 28
core   0: 3 0x8000c398 (0x00b51e63)
core   0: 0x8000c3b4 (0x03570b33) mul     s6, a4, s5
core   0: 3 0x8000c3b4 (0x03570b33) x22 0x8e92c000
core   0: 0x8000c3b8 (0x034f2333) mulhsu  t1, t5, s4
core   0: 3 0x8000c3b8 (0x034f2333) x 6 0x0000012e
core   0: 0x8000c3bc (0x000060fd) c.lui   ra, 0x1f
core   0: 3 0x8000c3bc (0x60fd) x 1 0x0001f000
core   0: 0x8000c3be (0x02fae633) rem     a2, s5, a5
core   0: 3 0x8000c3be (0x02fae633) x12 0xfe9f0dd5
core   0: 0x8000c3c2 (0x03acc033) div     zero, s9, s10
core   0: 3 0x8000c3c2 (0x03acc033)
core   0: 0x8000c3c6 (0x00000001) c.nop
core   0: 3 0x8000c3c6 (0x0001)
core   0: 0x8000c3c8 (0x0000c805) c.beqz  s0, pc + 48
core   0: 3 0x8000c3c8 (0xc805)
core   0: 0x8000c3ca (0x0000e315) c.bnez  a4, pc + 36
core   0: 3 0x8000c3ca (0xe315)
core   0: 0x8000c3ee (0x019e9d13) slli    s10, t4, 25
core   0: 3 0x8000c3ee (0x019e9d13) x26 0x2e000000
core   0: 0x8000c3f2 (0x01165c33) srl     s8, a2, a7
core   0: 3 0x8000c3f2 (0x01165c33) x24 0x00000001
core   0: 0x8000c3f6 (0x00009a52) c.add   s4, s4
core   0: 3 0x8000c3f6 (0x9a52) x20 0xfffffffe
core   0: 0x8000c3f8 (0x0000100f) fence.i
core   0: 3 0x8000c3f8 (0x0000100f)
core   0: 0x8000c3fc (0x0000c117) auipc   sp, 0xc
core   0: 3 0x8000c3fc (0x0000c117) x 2 0x800183fc
core   0: 0x8000c400 (0xdc210113) addi    sp, sp, -574
core   0: 3 0x8000c400 (0xdc210113) x 2 0x800181be
core   0: 0x8000c404 (0x003bd633) srl     a2, s7, gp
core   0: 3 0x8000c404 (0x003bd633) x12 0xfffffff4
core   0: 0x8000c408 (0x00008f7d) c.and   a4, a5
core   0: 3 0x8000c408 (0x8f7d) x14 0x05c00000
core   0: 0x8000c40a (0x000085dd) c.srai  a1, 23
core   0: 3 0x8000c40a (0x85dd) x11 0x00000000
core   0: 0x8000c40c (0x03814d03) lbu     s10, 56(sp)
core   0: 3 0x8000c40c (0x03814d03) x26 0x00000000 mem 0x800181f6
core   0: 0x8000c410 (0x02d7f6b3) remu    a3, a5, a3
core   0: 3 0x8000c410 (0x02d7f6b3) x13 0x17c82370
core   0: 0x8000c414 (0x00008baa) c.mv    s7, a0
core   0: 3 0x8000c414 (0x8baa) x23 0xfd3e21da
core   0: 0x8000c416 (0x0000682d) c.lui   a6, 0xb
core   0: 3 0x8000c416 (0x682d) x16 0x0000b000
core   0: 0x8000c418 (0xf09f0b13) addi    s6, t5, -247
core   0: 3 0x8000c418 (0xf09f0b13) x22 0x00000038
core   0: 0x8000c41c (0x41f3d833) sra     a6, t2, t6
core   0: 3 0x8000c41c (0x41f3d833) x16 0x00000000
core   0: 0x8000c420 (0xfdf14983) lbu     s3, -33(sp)
core   0: 3 0x8000c420 (0xfdf14983) x19 0x00000000 mem 0x8001819d
core   0: 0x8000c424 (0x03614383) lbu     t2, 54(sp)
core   0: 3 0x8000c424 (0x03614383) x 7 0x00000000 mem 0x800181f4
core   0: 0x8000c428 (0x01310783) lb      a5, 19(sp)
core   0: 3 0x8000c428 (0x01310783) x15 0x00000000 mem 0x800181d1
core   0: 0x8000c42c (0x00000fe9) c.addi  t6, 26
core   0: 3 0x8000c42c (0x0fe9) x31 0xfd3e1bc5
core   0: 0x8000c42e (0x00000001) c.nop
core   0: 3 0x8000c42e (0x0001)
core   0: 0x8000c430 (0x02514003) lbu     zero, 37(sp)
core   0: 3 0x8000c430 (0x02514003) mem 0x800181e3
core   0: 0x8000c434 (0x0ff0000f) fence   iorw,iorw
core   0: 3 0x8000c434 (0x0ff0000f)
core   0: 0x8000c438 (0xfe614383) lbu     t2, -26(sp)
core   0: 3 0x8000c438 (0xfe614383) x 7 0x00000000 mem 0x800181a4
core   0: 0x8000c43c (0x410855b3) sra     a1, a6, a6
core   0: 3 0x8000c43c (0x410855b3) x11 0x00000000
core   0: 0x8000c440 (0xbd9b6c93) ori     s9, s6, -1063
core   0: 3 0x8000c440 (0xbd9b6c93) x25 0xfffffbf9
core   0: 0x8000c444 (0x03765db3) divu    s11, a2, s7
core   0: 3 0x8000c444 (0x03765db3) x27 0x00000001
core   0: 0x8000c448 (0x5cc9f337) lui     t1, 0x5cc9f
core   0: 3 0x8000c448 (0x5cc9f337) x 6 0x5cc9f000
core   0: 0x8000c44c (0x6dd7c193) xori    gp, a5, 1757
core   0: 3 0x8000c44c (0x6dd7c193) x 3 0x000006dd
core   0: 0x8000c450 (0x03b14583) lbu     a1, 59(sp)
core   0: 3 0x8000c450 (0x03b14583) x11 0x00000000 mem 0x800181f9
core   0: 0x8000c454 (0x0000846d) c.srai  s0, 27
core   0: 3 0x8000c454 (0x846d) x 8 0xffffffff
core   0: 0x8000c456 (0xfc415f03) lhu     t5, -60(sp)
core   0: 3 0x8000c456 (0xfc415f03) x30 0x00000000 mem 0x80018182
core   0: 0x8000c45a (0x00114603) lbu     a2, 1(sp)
core   0: 3 0x8000c45a (0x00114603) x12 0x00000000 mem 0x800181bf
core   0: 0x8000c45e (0xff6105a3) sb      s6, -21(sp)
core   0: 3 0x8000c45e (0xff6105a3) mem 0x800181a9 0x38
core   0: 0x8000c462 (0x00000001) c.nop
core   0: 3 0x8000c462 (0x0001)
core   0: 0x8000c464 (0x01c17bb3) and     s7, sp, t3
core   0: 3 0x8000c464 (0x01c17bb3) x23 0x800181be
core   0: 0x8000c468 (0x02114e03) lbu     t3, 33(sp)
core   0: 3 0x8000c468 (0x02114e03) x28 0x00000000 mem 0x800181df
core   0: 0x8000c46c (0x010e7833) and     a6, t3, a6
core   0: 3 0x8000c46c (0x010e7833) x16 0x00000000
core   0: 0x8000c470 (0xffe10ba3) sb      t5, -9(sp)
core   0: 3 0x8000c470 (0xffe10ba3) mem 0x800181b5 0x0
core   0: 0x8000c474 (0xc4678e93) addi    t4, a5, -954
core   0: 3 0x8000c474 (0xc4678e93) x29 0xfffffc46
core   0: 0x8000c478 (0x02514283) lbu     t0, 37(sp)
core   0: 3 0x8000c478 (0x02514283) x 5 0x00000000 mem 0x800181e3
core   0: 0x8000c47c (0x00006589) c.lui   a1, 0x2
core   0: 3 0x8000c47c (0x6589) x11 0x00002000
core   0: 0x8000c47e (0x03069db3) mulh    s11, a3, a6
core   0: 3 0x8000c47e (0x03069db3) x27 0x00000000
core   0: 0x8000c482 (0x000052fd) c.li    t0, -1
core   0: 3 0x8000c482 (0x52fd) x 5 0xffffffff
core   0: 0x8000c484 (0x03711023) sh      s7, 32(sp)
core   0: 3 0x8000c484 (0x03711023) mem 0x800181de 0x81be
core   0: 0x8000c488 (0x40d5d133) sra     sp, a1, a3
core   0: 3 0x8000c488 (0x40d5d133) x 2 0x00000000
core   0: 0x8000c48c (0x043a1163) bne     s4, gp, pc + 66
core   0: 3 0x8000c48c (0x043a1163)
core   0: 0x8000c4ce (0x0000100f) fence.i
core   0: 3 0x8000c4ce (0x0000100f)
core   0: 0x8000c4d2 (0x00009afd) c.andi  a3, -1
core   0: 3 0x8000c4d2 (0x9afd) x13 0x17c82370
core   0: 0x8000c4d4 (0x5c1ba593) slti    a1, s7, 1473
core   0: 3 0x8000c4d4 (0x5c1ba593) x11 0x00000001
core   0: 0x8000c4d8 (0x000086b5) c.srai  a3, 13
core   0: 3 0x8000c4d8 (0x86b5) x13 0x0000be41
core   0: 0x8000c4da (0x0000019a) c.slli  gp, 6
core   0: 3 0x8000c4da (0x019a) x 3 0x0001b740
core   0: 0x8000c4dc (0x00000b76) c.slli  s6, 29
core   0: 3 0x8000c4dc (0x0b76) x22 0x00000000
core   0: 0x8000c4de (0x4031d3b3) sra     t2, gp, gp
core   0: 3 0x8000c4de (0x4031d3b3) x 7 0x0001b740
core   0: 0x8000c4e2 (0x403dda13) srai    s4, s11, 3
core   0: 3 0x8000c4e2 (0x403dda13) x20 0x00000000
core   0: 0x8000c4e6 (0x039b9463) bne     s7, s9, pc + 40
core   0: 3 0x8000c4e6 (0x039b9463)
core   0: 0x8000c50e (0x031e9433) mulh    s0, t4, a7
core   0: 3 0x8000c50e (0x031e9433) x 8 0x00000000
core   0: 0x8000c512 (0x0ff0000f) fence   iorw,iorw
core   0: 3 0x8000c512 (0x0ff0000f)
core   0: 0x8000c516 (0x01076db3) or      s11, a4, a6
core   0: 3 0x8000c516 (0x01076db3) x27 0x05c00000
core   0: 0x8000c51a (0x0000476d) c.li    a4, 27
core   0: 3 0x8000c51a (0x476d) x14 0x0000001b
core   0: 0x8000c51c (0x00000001) c.nop
core   0: 3 0x8000c51c (0x0001)
core   0: 0x8000c51e (0x0ff0000f) fence   iorw,iorw
core   0: 3 0x8000c51e (0x0ff0000f)
core   0: 0x8000c522 (0x03f58133) mul     sp, a1, t6
core   0: 3 0x8000c522 (0x03f58133) x 2 0xfd3e1bc5
core   0: 0x8000c526 (0x00008472) c.mv    s0, t3
core   0: 3 0x8000c526 (0x8472) x 8 0x00000000
core   0: 0x8000c528 (0x000c01b3) add     gp, s8, zero
core   0: 3 0x8000c528 (0x000c01b3) x 3 0x00000001
core   0: 0x8000c52c (0x0049e033) or      zero, s3, tp
core   0: 3 0x8000c52c (0x0049e033)
core   0: 0x8000c530 (0x00131e63) bne     t1, ra, pc + 28
core   0: 3 0x8000c530 (0x00131e63)
core   0: 0x8000c54c (0x00008b31) c.andi  a4, 12
core   0: 3 0x8000c54c (0x8b31) x14 0x00000008
core   0: 0x8000c54e (0x000051fd) c.li    gp, -1
core   0: 3 0x8000c54e (0x51fd) x 3 0xffffffff
core   0: 0x8000c550 (0x028586b3) mul     a3, a1, s0
core   0: 3 0x8000c550 (0x028586b3) x13 0x00000000
core   0: 0x8000c554 (0x0372a0b3) mulhsu  ra, t0, s7
core   0: 3 0x8000c554 (0x0372a0b3) x 1 0xffffffff
core   0: 0x8000c558 (0x3df10c93) addi    s9, sp, 991
core   0: 3 0x8000c558 (0x3df10c93) x25 0xfd3e1fa4
core   0: 0x8000c55c (0x021be163) bltu    s7, ra, pc + 34
core   0: 3 0x8000c55c (0x021be163)
core   0: 0x8000c57e (0x00008715) c.srai  a4, 5
core   0: 3 0x8000c57e (0x8715) x14 0x00000000
core   0: 0x8000c580 (0x013f46b3) xor     a3, t5, s3
core   0: 3 0x8000c580 (0x013f46b3) x13 0x00000000
core   0: 0x8000c584 (0x2995de37) lui     t3, 0x2995d
core   0: 3 0x8000c584 (0x2995de37) x28 0x2995d000
core   0: 0x8000c588 (0x000091ba) c.add   gp, a4
core   0: 3 0x8000c588 (0x91ba) x 3 0xffffffff
core   0: 0x8000c58a (0x00236563) bltu    t1, sp, pc + 10
core   0: 3 0x8000c58a (0x00236563)
core   0: 0x8000c594 (0x0000e599) c.bnez  a1, pc + 14
core   0: 3 0x8000c594 (0xe599)
core   0: 0x8000c5a2 (0x029c3033) mulhu   zero, s8, s1
core   0: 3 0x8000c5a2 (0x029c3033)
core   0: 0x8000c5a6 (0x0000161c) c.addi4spn a5, sp, 800
core   0: 3 0x8000c5a6 (0x161c) x15 0xfd3e1ee5
core   0: 0x8000c5a8 (0x011b4633) xor     a2, s6, a7
core   0: 3 0x8000c5a8 (0x011b4633) x12 0xffffffff
core   0: 0x8000c5ac (0x0245a633) mulhsu  a2, a1, tp
core   0: 3 0x8000c5ac (0x0245a633) x12 0x00000000
core   0: 0x8000c5b0 (0x000007ca) c.slli  a5, 18
core   0: 3 0x8000c5b0 (0x07ca) x15 0x7b940000
core   0: 0x8000c5b2 (0x01a26833) or      a6, tp, s10
core   0: 3 0x8000c5b2 (0x01a26833) x16 0x00000000
core   0: 0x8000c5b6 (0x5e644713) xori    a4, s0, 1510
core   0: 3 0x8000c5b6 (0x5e644713) x14 0x000005e6
core   0: 0x8000c5ba (0x1bc8ac93) slti    s9, a7, 444
core   0: 3 0x8000c5ba (0x1bc8ac93) x25 0x00000001
core   0: 0x8000c5be (0x00008fdd) c.or    a5, a5
core   0: 3 0x8000c5be (0x8fdd) x15 0x7b940000
core   0: 0x8000c5c0 (0x40315293) srai    t0, sp, 3
core   0: 3 0x8000c5c0 (0x40315293) x 5 0xffa7c378
core   0: 0x8000c5c4 (0x00008c31) c.xor   s0, a2
core   0: 3 0x8000c5c4 (0x8c31) x 8 0x00000000
core   0: 0x8000c5c6 (0x03159ab3) mulh    s5, a1, a7
core   0: 3 0x8000c5c6 (0x03159ab3) x21 0xffffffff
core   0: 0x8000c5ca (0x00000001) c.nop
core   0: 3 0x8000c5ca (0x0001)
core   0: 0x8000c5cc (0x00008185) c.srli  a1, 1
core   0: 3 0x8000c5cc (0x8185) x11 0x00000000
core   0: 0x8000c5ce (0x02a42d33) mulhsu  s10, s0, a0
core   0: 3 0x8000c5ce (0x02a42d33) x26 0x00000000
core   0: 0x8000c5d2 (0x00d279b3) and     s3, tp, a3
core   0: 3 0x8000c5d2 (0x00d279b3) x19 0x00000000
core   0: 0x8000c5d6 (0x035193b3) mulh    t2, gp, s5
core   0: 3 0x8000c5d6 (0x035193b3) x 7 0x00000000
core   0: 0x8000c5da (0x023cafb3) mulhsu  t6, s9, gp
core   0: 3 0x8000c5da (0x023cafb3) x31 0x00000000
core   0: 0x8000c5de (0x8e958113) addi    sp, a1, -1815
core   0: 3 0x8000c5de (0x8e958113) x 2 0xfffff8e9
core   0: 0x8000c5e2 (0x01039e13) slli    t3, t2, 16
core   0: 3 0x8000c5e2 (0x01039e13) x28 0x00000000
core   0: 0x8000c5e6 (0x53a88793) addi    a5, a7, 1338
core   0: 3 0x8000c5e6 (0x53a88793) x15 0x00000539
core   0: 0x8000c5ea (0x012263b3) or      t2, tp, s2
core   0: 3 0x8000c5ea (0x012263b3) x 7 0x8002cce4
core   0: 0x8000c5ee (0x410c5733) sra     a4, s8, a6
core   0: 3 0x8000c5ee (0x410c5733) x14 0x00000001
core   0: 0x8000c5f2 (0x000003f6) c.slli  t2, 29
core   0: 3 0x8000c5f2 (0x03f6) x 7 0x80000000
core   0: 0x8000c5f4 (0x0000100f) fence.i
core   0: 3 0x8000c5f4 (0x0000100f)
core   0: 0x8000c5f8 (0xe866e113) ori     sp, a3, -378
core   0: 3 0x8000c5f8 (0xe866e113) x 2 0xfffffe86
core   0: 0x8000c5fc (0x002a9893) slli    a7, s5, 2
core   0: 3 0x8000c5fc (0x002a9893) x17 0xfffffffc
core   0: 0x8000c600 (0x00008c7d) c.and   s0, a5
core   0: 3 0x8000c600 (0x8c7d) x 8 0x00000000
core   0: 0x8000c602 (0x32b78b13) addi    s6, a5, 811
core   0: 3 0x8000c602 (0x32b78b13) x22 0x00000864
core   0: 0x8000c606 (0x00000d10) c.addi4spn a2, sp, 656
core   0: 3 0x8000c606 (0x0d10) x12 0x00000116
core   0: 0x8000c608 (0x0000e609) c.bnez  a2, pc + 10
core   0: 3 0x8000c608 (0xe609)
core   0: 0x8000c612 (0x000081fd) c.srli  a1, 31
core   0: 3 0x8000c612 (0x81fd) x11 0x00000000
core   0: 0x8000c614 (0x00006a99) c.lui   s5, 0x6
core   0: 3 0x8000c614 (0x6a99) x21 0x00006000
core   0: 0x8000c616 (0x40e15713) srai    a4, sp, 14
core   0: 3 0x8000c616 (0x40e15713) x14 0xffffffff
core   0: 0x8000c61a (0x0000865d) c.srai  a2, 23
core   0: 3 0x8000c61a (0x865d) x12 0x00000000
core   0: 0x8000c61c (0x0000567d) c.li    a2, -1
core   0: 3 0x8000c61c (0x567d) x12 0xffffffff
core   0: 0x8000c61e (0x0d4d4b13) xori    s6, s10, 212
core   0: 3 0x8000c61e (0x0d4d4b13) x22 0x000000d4
core   0: 0x8000c622 (0x02250a33) mul     s4, a0, sp
core   0: 3 0x8000c622 (0x02250a33) x20 0x1242041c
core   0: 0x8000c626 (0x00008e91) c.sub   a3, a2
core   0: 3 0x8000c626 (0x8e91) x13 0x00000001
core   0: 0x8000c628 (0x4109ddb3) sra     s11, s3, a6
core   0: 3 0x8000c628 (0x4109ddb3) x27 0x00000000
core   0: 0x8000c62c (0xc48eba93) sltiu   s5, t4, -952
core   0: 3 0x8000c62c (0xc48eba93) x21 0x00000001
core   0: 0x8000c630 (0x038d59b3) divu    s3, s10, s8
core   0: 3 0x8000c630 (0x038d59b3) x19 0x00000000
core   0: 0x8000c634 (0x00008629) c.srai  a2, 10
core   0: 3 0x8000c634 (0x8629) x12 0xffffffff
core   0: 0x8000c636 (0x00008d99) c.sub   a1, a4
core   0: 3 0x8000c636 (0x8d99) x11 0x00000001
core   0: 0x8000c638 (0x05086263) bltu    a6, a6, pc + 68
core   0: 3 0x8000c638 (0x05086263)
core   0: 0x8000c63c (0x016e5393) srli    t2, t3, 22
core   0: 3 0x8000c63c (0x016e5393) x 7 0x00000000
core   0: 0x8000c640 (0x03900a63) beq     zero, s9, pc + 52
core   0: 3 0x8000c640 (0x03900a63)
core   0: 0x8000c644 (0x000087a5) c.srai  a5, 9
core   0: 3 0x8000c644 (0x87a5) x15 0x00000002
core   0: 0x8000c646 (0x008d0f63) beq     s10, s0, pc + 30
core   0: 3 0x8000c646 (0x008d0f63)
core   0: 0x8000c664 (0x0000100f) fence.i
core   0: 3 0x8000c664 (0x0000100f)
core   0: 0x8000c668 (0x00000001) c.nop
core   0: 3 0x8000c668 (0x0001)
core   0: 0x8000c66a (0x0000c21d) c.beqz  a2, pc + 38
core   0: 3 0x8000c66a (0xc21d)
core   0: 0x8000c66c (0x037e02b3) mul     t0, t3, s7
core   0: 3 0x8000c66c (0x037e02b3) x 5 0x00000000
core   0: 0x8000c670 (0x018fce33) xor     t3, t6, s8
core   0: 3 0x8000c670 (0x018fce33) x28 0x00000001
core   0: 0x8000c674 (0x00b6c263) blt     a3, a1, pc + 4
core   0: 3 0x8000c674 (0x00b6c263)
core   0: 0x8000c678 (0x003aa433) slt     s0, s5, gp
core   0: 3 0x8000c678 (0x003aa433) x 8 0x00000000
core   0: 0x8000c67c (0x41c58b33) sub     s6, a1, t3
core   0: 3 0x8000c67c (0x41c58b33) x22 0x00000000
core   0: 0x8000c680 (0x02789633) mulh    a2, a7, t2
core   0: 3 0x8000c680 (0x02789633) x12 0x00000000
core   0: 0x8000c684 (0x0000c81d) c.beqz  s0, pc + 54
core   0: 3 0x8000c684 (0xc81d)
core   0: 0x8000c6ba (0x0383a133) mulhsu  sp, t2, s8
core   0: 3 0x8000c6ba (0x0383a133) x 2 0x00000000
core   0: 0x8000c6be (0x41065793) srai    a5, a2, 16
core   0: 3 0x8000c6be (0x41065793) x15 0x00000000
core   0: 0x8000c6c2 (0x41978133) sub     sp, a5, s9
core   0: 3 0x8000c6c2 (0x41978133) x 2 0xffffffff
core   0: 0x8000c6c6 (0x00008ef5) c.and   a3, a3
core   0: 3 0x8000c6c6 (0x8ef5) x13 0x00000001
core   0: 0x8000c6c8 (0x00008dc5) c.or    a1, s1
core   0: 3 0x8000c6c8 (0x8dc5) x11 0x80028e65
core   0: 0x8000c6ca (0x005fb833) sltu    a6, t6, t0
core   0: 3 0x8000c6ca (0x005fb833) x16 0x00000000
core   0: 0x8000c6ce (0x0009d713) srli    a4, s3, 0
core   0: 3 0x8000c6ce (0x0009d713) x14 0x00000000
core   0: 0x8000c6d2 (0x00008c21) c.xor   s0, s0
core   0: 3 0x8000c6d2 (0x8c21) x 8 0x00000000
core   0: 0x8000c6d4 (0x039d8fb3) mul     t6, s11, s9
core   0: 3 0x8000c6d4 (0x039d8fb3) x31 0x00000000
core   0: 0x8000c6d8 (0x03275863) bge     a4, s2, pc + 48
core   0: 3 0x8000c6d8 (0x03275863)
core   0: 0x8000c708 (0x00000001) c.nop
core   0: 3 0x8000c708 (0x0001)
core   0: 0x8000c70a (0x35eb2813) slti    a6, s6, 862
core   0: 3 0x8000c70a (0x35eb2813) x16 0x00000001
core   0: 0x8000c70e (0x000085f9) c.srai  a1, 30
core   0: 3 0x8000c70e (0x85f9) x11 0xfffffffe
core   0: 0x8000c710 (0x00006739) c.lui   a4, 0xe
core   0: 3 0x8000c710 (0x6739) x14 0x0000e000
core   0: 0x8000c712 (0xc0bda713) slti    a4, s11, -1013
core   0: 3 0x8000c712 (0xc0bda713) x14 0x00000000
core   0: 0x8000c716 (0x00008b5e) c.mv    s6, s7
core   0: 3 0x8000c716 (0x8b5e) x22 0x800181be
core   0: 0x8000c718 (0x41eb5213) srai    tp, s6, 30
core   0: 3 0x8000c718 (0x41eb5213) x 4 0xfffffffe
core   0: 0x8000c71c (0x01a63033) sltu    zero, a2, s10
core   0: 3 0x8000c71c (0x01a63033)
core   0: 0x8000c720 (0x0330b3b3) mulhu   t2, ra, s3
core   0: 3 0x8000c720 (0x0330b3b3) x 7 0x00000000
core   0: 0x8000c724 (0x017a0033) add     zero, s4, s7
core   0: 3 0x8000c724 (0x017a0033)
core   0: 0x8000c728 (0xe0f5c397) auipc   t2, 0xe0f5c
core   0: 3 0x8000c728 (0xe0f5c397) x 7 0x60f68728
core   0: 0x8000c72c (0x0000717d) c.addi16sp sp, -16
core   0: 3 0x8000c72c (0x717d) x 2 0xffffffef
core   0: 0x8000c72e (0x00008e3e) c.mv    t3, a5
core   0: 3 0x8000c72e (0x8e3e) x28 0x00000000
core   0: 0x8000c730 (0xd3482f93) slti    t6, a6, -716
core   0: 3 0x8000c730 (0xd3482f93) x31 0x00000000
core   0: 0x8000c734 (0x8ff2f413) andi    s0, t0, -1793
core   0: 3 0x8000c734 (0x8ff2f413) x 8 0x00000000
core   0: 0x8000c738 (0x033b38b3) mulhu   a7, s6, s3
core   0: 3 0x8000c738 (0x033b38b3) x17 0x00000000
core   0: 0x8000c73c (0x0000086e) c.slli  a6, 27
core   0: 3 0x8000c73c (0x086e) x16 0x08000000
core   0: 0x8000c73e (0x03f9cf63) blt     s3, t6, pc + 62
core   0: 3 0x8000c73e (0x03f9cf63)
core   0: 0x8000c742 (0x0000717d) c.addi16sp sp, -16
core   0: 3 0x8000c742 (0x717d) x 2 0xffffffdf
core   0: 0x8000c744 (0xd45baf13) slti    t5, s7, -699
core   0: 3 0x8000c744 (0xd45baf13) x30 0x00000001
core   0: 0x8000c748 (0x00008e95) c.sub   a3, a3
core   0: 3 0x8000c748 (0x8e95) x13 0x00000000
core   0: 0x8000c74a (0x0000cb11) c.beqz  a4, pc + 20
core   0: 3 0x8000c74a (0xcb11)
core   0: 0x8000c75e (0x6606ee93) ori     t4, a3, 1632
core   0: 3 0x8000c75e (0x6606ee93) x29 0x00000660
core   0: 0x8000c762 (0xc1b82993) slti    s3, a6, -997
core   0: 3 0x8000c762 (0xc1b82993) x19 0x00000000
core   0: 0x8000c766 (0x00009e52) c.add   t3, s4
core   0: 3 0x8000c766 (0x9e52) x28 0x1242041c
core   0: 0x8000c768 (0x01a7dd33) srl     s10, a5, s10
core   0: 3 0x8000c768 (0x01a7dd33) x26 0x00000000
core   0: 0x8000c76c (0x018cbb33) sltu    s6, s9, s8
core   0: 3 0x8000c76c (0x018cbb33) x22 0x00000000
core   0: 0x8000c770 (0x03df0e33) mul     t3, t5, t4
core   0: 3 0x8000c770 (0x03df0e33) x28 0x00000660
core   0: 0x8000c774 (0x01909633) sll     a2, ra, s9
core   0: 3 0x8000c774 (0x01909633) x12 0xfffffffe
core   0: 0x8000c778 (0x413cd413) srai    s0, s9, 19
core   0: 3 0x8000c778 (0x413cd413) x 8 0x00000000
core   0: 0x8000c77c (0x77a9bb93) sltiu   s7, s3, 1914
core   0: 3 0x8000c77c (0x77a9bb93) x23 0x00000001
core   0: 0x8000c780 (0x000003dd) c.addi  t2, 23
core   0: 3 0x8000c780 (0x03dd) x 7 0x60f6873f
core   0: 0x8000c782 (0x401f83b3) sub     t2, t6, ra
core   0: 3 0x8000c782 (0x401f83b3) x 7 0x00000001
core   0: 0x8000c786 (0x52d2b693) sltiu   a3, t0, 1325
core   0: 3 0x8000c786 (0x52d2b693) x13 0x00000001
core   0: 0x8000c78a (0x000096d2) c.add   a3, s4
core   0: 3 0x8000c78a (0x96d2) x13 0x1242041d
core   0: 0x8000c78c (0x00008bf5) c.andi  a5, 29
core   0: 3 0x8000c78c (0x8bf5) x15 0x00000000
core   0: 0x8000c78e (0x033b1763) bne     s6, s3, pc + 46
core   0: 3 0x8000c78e (0x033b1763)
core   0: 0x8000c792 (0x01dd6d33) or      s10, s10, t4
core   0: 3 0x8000c792 (0x01dd6d33) x26 0x00000660
core   0: 0x8000c796 (0x038ff463) bgeu    t6, s8, pc + 40
core   0: 3 0x8000c796 (0x038ff463)
core   0: 0x8000c79a (0x39458e93) addi    t4, a1, 916
core   0: 3 0x8000c79a (0x39458e93) x29 0x00000392
core   0: 0x8000c79e (0x40e95113) srai    sp, s2, 14
core   0: 3 0x8000c79e (0x40e95113) x 2 0xfffe000b
core   0: 0x8000c7a2 (0x01ad1263) bne     s10, s10, pc + 4
core   0: 3 0x8000c7a2 (0x01ad1263)
core   0: 0x8000c7a6 (0x40c68333) sub     t1, a3, a2
core   0: 3 0x8000c7a6 (0x40c68333) x 6 0x1242041f
core   0: 0x8000c7aa (0x03c91263) bne     s2, t3, pc + 36
core   0: 3 0x8000c7aa (0x03c91263)
core   0: 0x8000c7ce (0x02206833) rem     a6, zero, sp
core   0: 3 0x8000c7ce (0x02206833) x16 0x00000000
core   0: 0x8000c7d2 (0x0000717d) c.addi16sp sp, -16
core   0: 3 0x8000c7d2 (0x717d) x 2 0xfffdfffb
core   0: 0x8000c7d4 (0x01cc5693) srli    a3, s8, 28
core   0: 3 0x8000c7d4 (0x01cc5693) x13 0x00000000
core   0: 0x8000c7d8 (0x0000cf09) c.beqz  a4, pc + 26
core   0: 3 0x8000c7d8 (0xcf09)
core   0: 0x8000c7f2 (0x0000009c) c.addi4spn a5, sp, 64
core   0: 3 0x8000c7f2 (0x009c) x15 0xfffe003b
core   0: 0x8000c7f4 (0x00008fd1) c.or    a5, a2
core   0: 3 0x8000c7f4 (0x8fd1) x15 0xffffffff
core   0: 0x8000c7f6 (0x00008b79) c.andi  a4, 30
core   0: 3 0x8000c7f6 (0x8b79) x14 0x00000000
core   0: 0x8000c7f8 (0xe3ebe593) ori     a1, s7, -450
core   0: 3 0x8000c7f8 (0xe3ebe593) x11 0xfffffe3f
core   0: 0x8000c7fc (0x00009892) c.add   a7, tp
core   0: 3 0x8000c7fc (0x9892) x17 0xfffffffe
core   0: 0x8000c7fe (0x41cf5133) sra     sp, t5, t3
core   0: 3 0x8000c7fe (0x41cf5133) x 2 0x00000001
core   0: 0x8000c802 (0x0156d793) srli    a5, a3, 21
core   0: 3 0x8000c802 (0x0156d793) x15 0x00000000
core   0: 0x8000c806 (0x0125eb33) or      s6, a1, s2
core   0: 3 0x8000c806 (0x0125eb33) x22 0xfffffeff
core   0: 0x8000c80a (0x00ad9e63) bne     s11, a0, pc + 28
core   0: 3 0x8000c80a (0x00ad9e63)
core   0: 0x8000c826 (0x00008c5d) c.or    s0, a5
core   0: 3 0x8000c826 (0x8c5d) x 8 0x00000000
core   0: 0x8000c828 (0x00000001) c.nop
core   0: 3 0x8000c828 (0x0001)
core   0: 0x8000c82a (0x02db1663) bne     s6, a3, pc + 44
core   0: 3 0x8000c82a (0x02db1663)
core   0: 0x8000c856 (0x00000001) c.nop
core   0: 3 0x8000c856 (0x0001)
core   0: 0x8000c858 (0x02d590b3) mulh    ra, a1, a3
core   0: 3 0x8000c858 (0x02d590b3) x 1 0x00000000
core   0: 0x8000c85c (0x8b166c93) ori     s9, a2, -1871
core   0: 3 0x8000c85c (0x8b166c93) x25 0xffffffff
core   0: 0x8000c860 (0x00008d6e) c.mv    s10, s11
core   0: 3 0x8000c860 (0x8d6e) x26 0x00000000
core   0: 0x8000c862 (0x03b15b33) divu    s6, sp, s11
core   0: 3 0x8000c862 (0x03b15b33) x22 0xffffffff
core   0: 0x8000c866 (0x000055fd) c.li    a1, -1
core   0: 3 0x8000c866 (0x55fd) x11 0xffffffff
core   0: 0x8000c868 (0x41080f33) sub     t5, a6, a6
core   0: 3 0x8000c868 (0x41080f33) x30 0x00000000
core   0: 0x8000c86c (0x7eccb713) sltiu   a4, s9, 2028
core   0: 3 0x8000c86c (0x7eccb713) x14 0x00000000
core   0: 0x8000c870 (0x0011a833) slt     a6, gp, ra
core   0: 3 0x8000c870 (0x0011a833) x16 0x00000001
core   0: 0x8000c874 (0x40bb0c33) sub     s8, s6, a1
core   0: 3 0x8000c874 (0x40bb0c33) x24 0x00000000
core   0: 0x8000c878 (0x02874bb3) div     s7, a4, s0
core   0: 3 0x8000c878 (0x02874bb3) x23 0xffffffff
core   0: 0x8000c87c (0x026d4cb3) div     s9, s10, t1
core   0: 3 0x8000c87c (0x026d4cb3) x25 0x00000000
core   0: 0x8000c880 (0x00313d33) sltu    s10, sp, gp
core   0: 3 0x8000c880 (0x00313d33) x26 0x00000001
core   0: 0x8000c884 (0x005b4433) xor     s0, s6, t0
core   0: 3 0x8000c884 (0x005b4433) x 8 0xffffffff
core   0: 0x8000c888 (0xe6d82c13) slti    s8, a6, -403
core   0: 3 0x8000c888 (0xe6d82c13) x24 0x00000000
core   0: 0x8000c88c (0x02f7df63) bge     a5, a5, pc + 62
core   0: 3 0x8000c88c (0x02f7df63)
core   0: 0x8000c8ca (0x0000100f) fence.i
core   0: 3 0x8000c8ca (0x0000100f)
core   0: 0x8000c8ce (0x0156d563) bge     a3, s5, pc + 10
core   0: 3 0x8000c8ce (0x0156d563)
core   0: 0x8000c8d2 (0x6120a793) slti    a5, ra, 1554
core   0: 3 0x8000c8d2 (0x6120a793) x15 0x00000001
core   0: 0x8000c8d6 (0x000087bd) c.srai  a5, 15
core   0: 3 0x8000c8d6 (0x87bd) x15 0x00000000
core   0: 0x8000c8d8 (0xab163f93) sltiu   t6, a2, -1359
core   0: 3 0x8000c8d8 (0xab163f93) x31 0x00000000
core   0: 0x8000c8dc (0x01dd6e33) or      t3, s10, t4
core   0: 3 0x8000c8dc (0x01dd6e33) x28 0x00000393
core   0: 0x8000c8e0 (0x018ce0b3) or      ra, s9, s8
core   0: 3 0x8000c8e0 (0x018ce0b3) x 1 0x00000000
core   0: 0x8000c8e4 (0x001840b3) xor     ra, a6, ra
core   0: 3 0x8000c8e4 (0x001840b3) x 1 0x00000001
core   0: 0x8000c8e8 (0x021a5db3) divu    s11, s4, ra
core   0: 3 0x8000c8e8 (0x021a5db3) x27 0x1242041c
core   0: 0x8000c8ec (0xbb537293) andi    t0, t1, -1099
core   0: 3 0x8000c8ec (0xbb537293) x 5 0x12420015
core   0: 0x8000c8f0 (0x3c38a213) slti    tp, a7, 963
core   0: 3 0x8000c8f0 (0x3c38a213) x 4 0x00000001
core   0: 0x8000c8f4 (0x00fad833) srl     a6, s5, a5
core   0: 3 0x8000c8f4 (0x00fad833) x16 0x00000001
core   0: 0x8000c8f8 (0x15224413) xori    s0, tp, 338
core   0: 3 0x8000c8f8 (0x15224413) x 8 0x00000153
core   0: 0x8000c8fc (0x00141fb3) sll     t6, s0, ra
core   0: 3 0x8000c8fc (0x00141fb3) x31 0x000002a6
core   0: 0x8000c900 (0x015edcb3) srl     s9, t4, s5
core   0: 3 0x8000c900 (0x015edcb3) x25 0x000001c9
core   0: 0x8000c904 (0x00e8e8b3) or      a7, a7, a4
core   0: 3 0x8000c904 (0x00e8e8b3) x17 0xfffffffe
core   0: 0x8000c908 (0x00008ef5) c.and   a3, a3
core   0: 3 0x8000c908 (0x8ef5) x13 0x00000000
core   0: 0x8000c90a (0x01db5c93) srli    s9, s6, 29
core   0: 3 0x8000c90a (0x01db5c93) x25 0x00000007
core   0: 0x8000c90e (0x02563233) mulhu   tp, a2, t0
core   0: 3 0x8000c90e (0x02563233) x 4 0x12420014
core   0: 0x8000c912 (0x015957b3) srl     a5, s2, s5
core   0: 3 0x8000c912 (0x015957b3) x15 0x40016672
core   0: 0x8000c916 (0x00008469) c.srai  s0, 26
core   0: 3 0x8000c916 (0x8469) x 8 0x00000000
core   0: 0x8000c918 (0x02b7d563) bge     a5, a1, pc + 42
core   0: 3 0x8000c918 (0x02b7d563)
core   0: 0x8000c942 (0x0390c563) blt     ra, s9, pc + 42
core   0: 3 0x8000c942 (0x0390c563)
core   0: 0x8000c96c (0x04c71363) bne     a4, a2, pc + 70
core   0: 3 0x8000c96c (0x04c71363)
core   0: 0x8000c9b2 (0x000062f5) c.lui   t0, 0x1d
core   0: 3 0x8000c9b2 (0x62f5) x 5 0x0001d000
core   0: 0x8000c9b4 (0x405c05b3) sub     a1, s8, t0
core   0: 3 0x8000c9b4 (0x405c05b3) x11 0xfffe3000
core   0: 0x8000c9b8 (0x00cd7433) and     s0, s10, a2
core   0: 3 0x8000c9b8 (0x00cd7433) x 8 0x00000000
core   0: 0x8000c9bc (0x00000001) c.nop
core   0: 3 0x8000c9bc (0x0001)
core   0: 0x8000c9be (0x00008461) c.srai  s0, 24
core   0: 3 0x8000c9be (0x8461) x 8 0x00000000
core   0: 0x8000c9c0 (0x00009bfd) c.andi  a5, -1
core   0: 3 0x8000c9c0 (0x9bfd) x15 0x40016672
core   0: 0x8000c9c2 (0x0000717d) c.addi16sp sp, -16
core   0: 3 0x8000c9c2 (0x717d) x 2 0xfffffff1
core   0: 0x8000c9c4 (0x025085b3) mul     a1, ra, t0
core   0: 3 0x8000c9c4 (0x025085b3) x11 0x0001d000
core   0: 0x8000c9c8 (0x03c21eb3) mulh    t4, tp, t3
core   0: 3 0x8000c9c8 (0x03c21eb3) x29 0x00000041
core   0: 0x8000c9cc (0x0c373f93) sltiu   t6, a4, 195
core   0: 3 0x8000c9cc (0x0c373f93) x31 0x00000001
core   0: 0x8000c9d0 (0x000082b5) c.srli  a3, 13
core   0: 3 0x8000c9d0 (0x82b5) x13 0x00000000
core   0: 0x8000c9d2 (0x02037163) bgeu    t1, zero, pc + 34
core   0: 3 0x8000c9d2 (0x02037163)
core   0: 0x8000c9f4 (0xe10ee813) ori     a6, t4, -496
core   0: 3 0x8000c9f4 (0xe10ee813) x16 0xfffffe51
core   0: 0x8000c9f8 (0x5b9b0413) addi    s0, s6, 1465
core   0: 3 0x8000c9f8 (0x5b9b0413) x 8 0x000005b8
core   0: 0x8000c9fc (0x00006125) c.addi16sp sp, 96
core   0: 3 0x8000c9fc (0x6125) x 2 0x00000051
core   0: 0x8000c9fe (0xd36a6413) ori     s0, s4, -714
core   0: 3 0x8000c9fe (0xd36a6413) x 8 0xfffffd3e
core   0: 0x8000ca02 (0x000066c5) c.lui   a3, 0x11
core   0: 3 0x8000ca02 (0x66c5) x13 0x00011000
core   0: 0x8000ca04 (0x9e0a8693) addi    a3, s5, -1568
core   0: 3 0x8000ca04 (0x9e0a8693) x13 0xfffff9e1
core   0: 0x8000ca08 (0x006e6bb3) or      s7, t3, t1
core   0: 3 0x8000ca08 (0x006e6bb3) x23 0x1242079f
core   0: 0x8000ca0c (0x03098cb3) mul     s9, s3, a6
core   0: 3 0x8000ca0c (0x03098cb3) x25 0x00000000
core   0: 0x8000ca10 (0x03ed5d33) divu    s10, s10, t5
core   0: 3 0x8000ca10 (0x03ed5d33) x26 0xffffffff
core   0: 0x8000ca14 (0x94ebcc13) xori    s8, s7, -1714
core   0: 3 0x8000ca14 (0x94ebcc13) x24 0xedbdfed1
core   0: 0x8000ca18 (0x00008eb9) c.xor   a3, a4
core   0: 3 0x8000ca18 (0x8eb9) x13 0xfffff9e1
core   0: 0x8000ca1a (0x00684433) xor     s0, a6, t1
core   0: 3 0x8000ca1a (0x00684433) x 8 0xedbdfa4e
core   0: 0x8000ca1e (0x00008ecd) c.or    a3, a1
core   0: 3 0x8000ca1e (0x8ecd) x13 0xfffff9e1
core   0: 0x8000ca20 (0x00f25c13) srli    s8, tp, 15
core   0: 3 0x8000ca20 (0x00f25c13) x24 0x00002484
core   0: 0x8000ca24 (0x019d1c33) sll     s8, s10, s9
core   0: 3 0x8000ca24 (0x019d1c33) x24 0xffffffff
core   0: 0x8000ca28 (0x02943bb3) mulhu   s7, s0, s1
core   0: 3 0x8000ca28 (0x02943bb3) x23 0x76e15cdf
core   0: 0x8000ca2c (0x000085d5) c.srai  a1, 21
core   0: 3 0x8000ca2c (0x85d5) x11 0x00000000
core   0: 0x8000ca2e (0x004447b3) xor     a5, s0, tp
core   0: 3 0x8000ca2e (0x004447b3) x15 0xfffffa5a
core   0: 0x8000ca32 (0x057671b7) lui     gp, 0x5767
core   0: 3 0x8000ca32 (0x057671b7) x 3 0x05767000
core   0: 0x8000ca36 (0x0ff0000f) fence   iorw,iorw
core   0: 3 0x8000ca36 (0x0ff0000f)
core   0: 0x8000ca3a (0x41b403b3) sub     t2, s0, s11
core   0: 3 0x8000ca3a (0x41b403b3) x 7 0xdb7bf632
core   0: 0x8000ca3e (0x00000001) c.nop
core   0: 3 0x8000ca3e (0x0001)
core   0: 0x8000ca40 (0x83547313) andi    t1, s0, -1995
core   0: 3 0x8000ca40 (0x83547313) x 6 0xedbdf804
core   0: 0x8000ca44 (0x00008d81) c.sub   a1, s0
core   0: 3 0x8000ca44 (0x8d81) x11 0x124205b2
core   0: 0x8000ca46 (0x03669f33) mulh    t5, a3, s6
core   0: 3 0x8000ca46 (0x03669f33) x30 0x00000000
core   0: 0x8000ca4a (0x0000100f) fence.i
core   0: 3 0x8000ca4a (0x0000100f)
core   0: 0x8000ca4e (0x0000d417) auipc   s0, 0xd
core   0: 3 0x8000ca4e (0x0000d417) x 8 0x80019a4e
core   0: 0x8000ca52 (0x32940413) addi    s0, s0, 809
core   0: 3 0x8000ca52 (0x32940413) x 8 0x80019d77
core   0: 0x8000ca56 (0x00007997) auipc   s3, 0x7
core   0: 3 0x8000ca56 (0x00007997) x19 0x80013a56
core   0: 0x8000ca5a (0xff998993) addi    s3, s3, -7
core   0: 3 0x8000ca5a (0xff998993) x19 0x80013a4f
core   0: 0x8000ca5e (0xdfb98f23) sb      s11, -514(s3)
core   0: 3 0x8000ca5e (0xdfb98f23) mem 0x8001384d 0x1c
core   0: 0x8000ca62 (0x3d640283) lb      t0, 982(s0)
core   0: 3 0x8000ca62 (0x3d640283) x 5 0x00000000 mem 0x8001a14d
core   0: 0x8000ca66 (0x33e40103) lb      sp, 830(s0)
core   0: 3 0x8000ca66 (0x33e40103) x 2 0x00000000 mem 0x8001a0b5
core   0: 0x8000ca6a (0x2e59dc03) lhu     s8, 741(s3)
core   0: 3 0x8000ca6a (0x2e59dc03) x24 0x00000000 mem 0x80013d34
core   0: 0x8000ca6e (0x35998923) sb      s9, 850(s3)
core   0: 3 0x8000ca6e (0x35998923) mem 0x80013da1 0x0
core   0: 0x8000ca72 (0xc88996a3) sh      s0, -883(s3)
core   0: 3 0x8000ca72 (0xc88996a3) mem 0x800136dc 0x9d77
core   0: 0x8000ca76 (0x28f40823) sb      a5, 656(s0)
core   0: 3 0x8000ca76 (0x28f40823) mem 0x8001a007 0x5a
core   0: 0x8000ca7a (0x94d99fa3) sh      a3, -1697(s3)
core   0: 3 0x8000ca7a (0x94d99fa3) mem 0x800133ae 0xf9e1
core   0: 0x8000ca7e (0xbe0417a3) sh      zero, -1041(s0)
core   0: 3 0x8000ca7e (0xbe0417a3) mem 0x80019966 0x0000
core   0: 0x8000ca82 (0x3bf99d03) lh      s10, 959(s3)
core   0: 3 0x8000ca82 (0x3bf99d03) x26 0x00000000 mem 0x80013e0e
core   0: 0x8000ca86 (0x86040183) lb      gp, -1952(s0)
core   0: 3 0x8000ca86 (0x86040183) x 3 0x00000000 mem 0x800195d7
core   0: 0x8000ca8a (0x15b9c583) lbu     a1, 347(s3)
core   0: 3 0x8000ca8a (0x15b9c583) x11 0x00000000 mem 0x80013baa
core   0: 0x8000ca8e (0xc7545d83) lhu     s11, -907(s0)
core   0: 3 0x8000ca8e (0xc7545d83) x27 0x00000000 mem 0x800199ec
core   0: 0x8000ca92 (0x9ff9c803) lbu     a6, -1537(s3)
core   0: 3 0x8000ca92 (0x9ff9c803) x16 0x00000000 mem 0x8001344e
core   0: 0x8000ca96 (0x3d599f03) lh      t5, 981(s3)
core   0: 3 0x8000ca96 (0x3d599f03) x30 0xffffe400 mem 0x80013e24
core   0: 0x8000ca9a (0xb6744103) lbu     sp, -1177(s0)
core   0: 3 0x8000ca9a (0xb6744103) x 2 0x00000000 mem 0x800198de
core   0: 0x8000ca9e (0x00728463) beq     t0, t2, pc + 8
core   0: 3 0x8000ca9e (0x00728463)
core   0: 0x8000caa2 (0x04d2d363) bge     t0, a3, pc + 70
core   0: 3 0x8000caa2 (0x04d2d363)
core   0: 0x8000cae8 (0x020ae963) bltu    s5, zero, pc + 50
core   0: 3 0x8000cae8 (0x020ae963)
core   0: 0x8000caec (0x01d0dd63) bge     ra, t4, pc + 26
core   0: 3 0x8000caec (0x01d0dd63)
core   0: 0x8000caf0 (0x00008e71) c.and   a2, a2
core   0: 3 0x8000caf0 (0x8e71) x12 0xfffffffe
core   0: 0x8000caf2 (0x00008ddd) c.or    a1, a5
core   0: 3 0x8000caf2 (0x8ddd) x11 0xfffffa5a
core   0: 0x8000caf4 (0x00f80cb3) add     s9, a6, a5
core   0: 3 0x8000caf4 (0x00f80cb3) x25 0xfffffa5a
core   0: 0x8000caf8 (0x0294c0b3) div     ra, s1, s1
core   0: 3 0x8000caf8 (0x0294c0b3) x 1 0x00000001
core   0: 0x8000cafc (0x01e15813) srli    a6, sp, 30
core   0: 3 0x8000cafc (0x01e15813) x16 0x00000000
core   0: 0x8000cb00 (0x0368fa63) bgeu    a7, s6, pc + 52
core   0: 3 0x8000cb00 (0x0368fa63)
core   0: 0x8000cb04 (0x000000e5) c.addi  ra, 25
core   0: 3 0x8000cb04 (0x00e5) x 1 0x0000001a
core   0: 0x8000cb06 (0x00000001) c.nop
core   0: 3 0x8000cb06 (0x0001)
core   0: 0x8000cb08 (0x03c0cb63) blt     ra, t3, pc + 54
core   0: 3 0x8000cb08 (0x03c0cb63)
core   0: 0x8000cb3e (0x4022d193) srai    gp, t0, 2
core   0: 3 0x8000cb3e (0x4022d193) x 3 0x00000000
core   0: 0x8000cb42 (0x01c89b33) sll     s6, a7, t3
core   0: 3 0x8000cb42 (0x01c89b33) x22 0xfff00000
core   0: 0x8000cb46 (0x01cc3fb3) sltu    t6, s8, t3
core   0: 3 0x8000cb46 (0x01cc3fb3) x31 0x00000001
core   0: 0x8000cb4a (0x00000c42) c.slli  s8, 16
core   0: 3 0x8000cb4a (0x0c42) x24 0x00000000
core   0: 0x8000cb4c (0x02f28bb3) mul     s7, t0, a5
core   0: 3 0x8000cb4c (0x02f28bb3) x23 0x00000000
core   0: 0x8000cb50 (0x00008f21) c.xor   a4, s0
core   0: 3 0x8000cb50 (0x8f21) x14 0x80019d77
core   0: 0x8000cb52 (0x000e2a33) slt     s4, t3, zero
core   0: 3 0x8000cb52 (0x000e2a33) x20 0x00000000
core   0: 0x8000cb56 (0x02603133) mulhu   sp, zero, t1
core   0: 3 0x8000cb56 (0x02603133) x 2 0x00000000
core   0: 0x8000cb5a (0x0000917e) c.add   sp, t6
core   0: 3 0x8000cb5a (0x917e) x 2 0x00000001
core   0: 0x8000cb5c (0x00008dcd) c.or    a1, a1
core   0: 3 0x8000cb5c (0x8dcd) x11 0xfffffa5a
core   0: 0x8000cb5e (0x0000100f) fence.i
core   0: 3 0x8000cb5e (0x0000100f)
core   0: 0x8000cb62 (0x4aa42c93) slti    s9, s0, 1194
core   0: 3 0x8000cb62 (0x4aa42c93) x25 0x00000001
core   0: 0x8000cb66 (0x41245db3) sra     s11, s0, s2
core   0: 3 0x8000cb66 (0x41245db3) x27 0xf80019d7
core   0: 0x8000cb6a (0x023201b3) mul     gp, tp, gp
core   0: 3 0x8000cb6a (0x023201b3) x 3 0x00000000
core   0: 0x8000cb6e (0x011e7a33) and     s4, t3, a7
core   0: 3 0x8000cb6e (0x011e7a33) x20 0x00000392
core   0: 0x8000cb72 (0x015f8763) beq     t6, s5, pc + 14
core   0: 3 0x8000cb72 (0x015f8763)
core   0: 0x8000cb80 (0x01f6d013) srli    zero, a3, 31
core   0: 3 0x8000cb80 (0x01f6d013)
core   0: 0x8000cb84 (0x40b55a13) srai    s4, a0, 11
core   0: 3 0x8000cb84 (0x40b55a13) x20 0xffffa7c4
core   0: 0x8000cb88 (0x028336b3) mulhu   a3, t1, s0
core   0: 3 0x8000cb88 (0x028336b3) x13 0x76e07bfb
core   0: 0x8000cb8c (0x17fd6b13) ori     s6, s10, 383
core   0: 3 0x8000cb8c (0x17fd6b13) x22 0x0000017f
core   0: 0x8000cb90 (0x89d50593) addi    a1, a0, -1891
core   0: 3 0x8000cb90 (0x89d50593) x11 0xfd3e1a77
core   0: 0x8000cb94 (0x014fcc63) blt     t6, s4, pc + 24
core   0: 3 0x8000cb94 (0x014fcc63)
core   0: 0x8000cb98 (0x01c5ca63) blt     a1, t3, pc + 20
core   0: 3 0x8000cb98 (0x01c5ca63)
core   0: 0x8000cbac (0x032e9b33) mulh    s6, t4, s2
core   0: 3 0x8000cbac (0x032e9b33) x22 0xffffffdf
core   0: 0x8000cbb0 (0x00000517) auipc   a0, 0x0
core   0: 3 0x8000cbb0 (0x00000517) x10 0x8000cbb0
core   0: 0x8000cbb4 (0x00c50513) addi    a0, a0, 12
core   0: 3 0x8000cbb4 (0x00c50513) x10 0x8000cbbc
core   0: 0x8000cbb8 (0x00050067) jr      a0
core   0: 3 0x8000cbb8 (0x00050067)
core   0: 0x8000cbbc (0x00004185) c.li    gp, 1
core   0: 3 0x8000cbbc (0x4185) x 3 0x00000001
core   0: 0x8000cbbe (0x00000073) ecall
core   0: exception trap_machine_ecall, epc 0x8000cbbe
core   0: >>>>  mtvec_handler
core   0: 0x80012620 (0x0400006f) j       pc + 0x40
core   0: 3 0x80012620 (0x0400006f)
core   0: 0x80012660 (0x00001971) c.addi  s2, -4
core   0: 3 0x80012660 (0x1971) x18 0x8002cce0
core   0: 0x80012662 (0x00992023) sw      s1, 0(s2)
core   0: 3 0x80012662 (0x00992023) mem 0x8002cce0 0x80028e64
core   0: 0x80012666 (0x000904b3) add     s1, s2, zero
core   0: 3 0x80012666 (0x000904b3) x 9 0x8002cce0
core   0: 0x8001266a (0xf8048493) addi    s1, s1, -128
core   0: 3 0x8001266a (0xf8048493) x 9 0x8002cc60
core   0: 0x8001266e (0x0014a223) sw      ra, 4(s1)
core   0: 3 0x8001266e (0x0014a223) mem 0x8002cc64 0x0000001a
core   0: 0x80012672 (0x0024a423) sw      sp, 8(s1)
core   0: 3 0x80012672 (0x0024a423) mem 0x8002cc68 0x00000001
core   0: 0x80012676 (0x0034a623) sw      gp, 12(s1)
core   0: 3 0x80012676 (0x0034a623) mem 0x8002cc6c 0x00000001
core   0: 0x8001267a (0x0044a823) sw      tp, 16(s1)
core   0: 3 0x8001267a (0x0044a823) mem 0x8002cc70 0x12420014
core   0: 0x8001267e (0x0054aa23) sw      t0, 20(s1)
core   0: 3 0x8001267e (0x0054aa23) mem 0x8002cc74 0x00000000
core   0: 0x80012682 (0x0064ac23) sw      t1, 24(s1)
core   0: 3 0x80012682 (0x0064ac23) mem 0x8002cc78 0xedbdf804
core   0: 0x80012686 (0x0074ae23) sw      t2, 28(s1)
core   0: 3 0x80012686 (0x0074ae23) mem 0x8002cc7c 0xdb7bf632
core   0: 0x8001268a (0x0000d080) c.sw    s0, 32(s1)
core   0: 3 0x8001268a (0xd080) mem 0x8002cc80 0x80019d77
core   0: 0x8001268c (0x0000d0c4) c.sw    s1, 36(s1)
core   0: 3 0x8001268c (0xd0c4) mem 0x8002cc84 0x8002cc60
core   0: 0x8001268e (0x0000d488) c.sw    a0, 40(s1)
core   0: 3 0x8001268e (0xd488) mem 0x8002cc88 0x8000cbbc
core   0: 0x80012690 (0x0000d4cc) c.sw    a1, 44(s1)
core   0: 3 0x80012690 (0xd4cc) mem 0x8002cc8c 0xfd3e1a77
core   0: 0x80012692 (0x0000d890) c.sw    a2, 48(s1)
core   0: 3 0x80012692 (0xd890) mem 0x8002cc90 0xfffffffe
core   0: 0x80012694 (0x0000d8d4) c.sw    a3, 52(s1)
core   0: 3 0x80012694 (0xd8d4) mem 0x8002cc94 0x76e07bfb
core   0: 0x80012696 (0x0000dc98) c.sw    a4, 56(s1)
core   0: 3 0x80012696 (0xdc98) mem 0x8002cc98 0x80019d77
core   0: 0x80012698 (0x0000dcdc) c.sw    a5, 60(s1)
core   0: 3 0x80012698 (0xdcdc) mem 0x8002cc9c 0xfffffa5a
core   0: 0x8001269a (0x0504a023) sw      a6, 64(s1)
core   0: 3 0x8001269a (0x0504a023) mem 0x8002cca0 0x00000000
core   0: 0x8001269e (0x0514a223) sw      a7, 68(s1)
core   0: 3 0x8001269e (0x0514a223) mem 0x8002cca4 0xfffffffe
core   0: 0x800126a2 (0x0524a423) sw      s2, 72(s1)
core   0: 3 0x800126a2 (0x0524a423) mem 0x8002cca8 0x8002cce0
core   0: 0x800126a6 (0x0534a623) sw      s3, 76(s1)
core   0: 3 0x800126a6 (0x0534a623) mem 0x8002ccac 0x80013a4f
core   0: 0x800126aa (0x0544a823) sw      s4, 80(s1)
core   0: 3 0x800126aa (0x0544a823) mem 0x8002ccb0 0xffffa7c4
core   0: 0x800126ae (0x0554aa23) sw      s5, 84(s1)
core   0: 3 0x800126ae (0x0554aa23) mem 0x8002ccb4 0x00000001
core   0: 0x800126b2 (0x0564ac23) sw      s6, 88(s1)
core   0: 3 0x800126b2 (0x0564ac23) mem 0x8002ccb8 0xffffffdf
core   0: 0x800126b6 (0x0574ae23) sw      s7, 92(s1)
core   0: 3 0x800126b6 (0x0574ae23) mem 0x8002ccbc 0x00000000
core   0: 0x800126ba (0x0784a023) sw      s8, 96(s1)
core   0: 3 0x800126ba (0x0784a023) mem 0x8002ccc0 0x00000000
core   0: 0x800126be (0x0794a223) sw      s9, 100(s1)
core   0: 3 0x800126be (0x0794a223) mem 0x8002ccc4 0x00000001
core   0: 0x800126c2 (0x07a4a423) sw      s10, 104(s1)
core   0: 3 0x800126c2 (0x07a4a423) mem 0x8002ccc8 0x00000000
core   0: 0x800126c6 (0x07b4a623) sw      s11, 108(s1)
core   0: 3 0x800126c6 (0x07b4a623) mem 0x8002cccc 0xf80019d7
core   0: 0x800126ca (0x07c4a823) sw      t3, 112(s1)
core   0: 3 0x800126ca (0x07c4a823) mem 0x8002ccd0 0x00000393
core   0: 0x800126ce (0x07d4aa23) sw      t4, 116(s1)
core   0: 3 0x800126ce (0x07d4aa23) mem 0x8002ccd4 0x00000041
core   0: 0x800126d2 (0x07e4ac23) sw      t5, 120(s1)
core   0: 3 0x800126d2 (0x07e4ac23) mem 0x8002ccd8 0xffffe400
core   0: 0x800126d6 (0x07f4ae23) sw      t6, 124(s1)
core   0: 3 0x800126d6 (0x07f4ae23) mem 0x8002ccdc 0x00000001
core   0: 0x800126da (0x00048933) add     s2, s1, zero
core   0: 3 0x800126da (0x00048933) x18 0x8002cc60
core   0: 0x800126de (0x34102ff3) csrr    t6, mepc
core   0: 3 0x800126de (0x34102ff3) x31 0x8000cbbe
core   0: 0x800126e2 (0x34202ff3) csrr    t6, mcause
core   0: 3 0x800126e2 (0x34202ff3) x31 0x0000000b
core   0: 0x800126e6 (0x0000468d) c.li    a3, 3
core   0: 3 0x800126e6 (0x468d) x13 0x00000003
core   0: 0x800126e8 (0x26df8563) beq     t6, a3, pc + 618
core   0: 3 0x800126e8 (0x26df8563)
core   0: 0x800126ec (0x000046a1) c.li    a3, 8
core   0: 3 0x800126ec (0x46a1) x13 0x00000008
core   0: 0x800126ee (0x04df8563) beq     t6, a3, pc + 74
core   0: 3 0x800126ee (0x04df8563)
core   0: 0x800126f2 (0x000046a5) c.li    a3, 9
core   0: 3 0x800126f2 (0x46a5) x13 0x00000009
core   0: 0x800126f4 (0x04df8263) beq     t6, a3, pc + 68
core   0: 3 0x800126f4 (0x04df8263)
core   0: 0x800126f8 (0x000046ad) c.li    a3, 11
core   0: 3 0x800126f8 (0x46ad) x13 0x0000000b
core   0: 0x800126fa (0x02df8f63) beq     t6, a3, pc + 62
core   0: 3 0x800126fa (0x02df8f63)
core   0: 0x80012738 (0xfffeef97) auipc   t6, 0xfffee
core   0: 3 0x80012738 (0xfffeef97) x31 0x80000738
core   0: 0x8001273c (0x8c8f8f93) addi    t6, t6, -1848
core   0: 3 0x8001273c (0x8c8f8f93) x31 0x80000000
core   0: 0x80012740 (0x000fa023) sw      zero, 0(t6)
core   0: 3 0x80012740 (0x000fa023) mem 0x80000000 0x00000000
core   0: 0x80012744 (0x001fa223) sw      ra, 4(t6)
core   0: 3 0x80012744 (0x001fa223) mem 0x80000004 0x0000001a
core   0: 0x80012748 (0x002fa423) sw      sp, 8(t6)
core   0: 3 0x80012748 (0x002fa423) mem 0x80000008 0x00000001
core   0: 0x8001274c (0x003fa623) sw      gp, 12(t6)
core   0: 3 0x8001274c (0x003fa623) mem 0x8000000c 0x00000001
core   0: 0x80012750 (0x004fa823) sw      tp, 16(t6)
core   0: 3 0x80012750 (0x004fa823) mem 0x80000010 0x12420014
core   0: 0x80012754 (0x005faa23) sw      t0, 20(t6)
core   0: 3 0x80012754 (0x005faa23) mem 0x80000014 0x00000000
core   0: 0x80012758 (0x006fac23) sw      t1, 24(t6)
core   0: 3 0x80012758 (0x006fac23) mem 0x80000018 0xedbdf804
core   0: 0x8001275c (0x007fae23) sw      t2, 28(t6)
core   0: 3 0x8001275c (0x007fae23) mem 0x8000001c 0xdb7bf632
core   0: 0x80012760 (0x028fa023) sw      s0, 32(t6)
core   0: 3 0x80012760 (0x028fa023) mem 0x80000020 0x80019d77
core   0: 0x80012764 (0x029fa223) sw      s1, 36(t6)
core   0: 3 0x80012764 (0x029fa223) mem 0x80000024 0x8002cc60
core   0: 0x80012768 (0x02afa423) sw      a0, 40(t6)
core   0: 3 0x80012768 (0x02afa423) mem 0x80000028 0x8000cbbc
core   0: 0x8001276c (0x02bfa623) sw      a1, 44(t6)
core   0: 3 0x8001276c (0x02bfa623) mem 0x8000002c 0xfd3e1a77
core   0: 0x80012770 (0x02cfa823) sw      a2, 48(t6)
core   0: 3 0x80012770 (0x02cfa823) mem 0x80000030 0xfffffffe
core   0: 0x80012774 (0x02dfaa23) sw      a3, 52(t6)
core   0: 3 0x80012774 (0x02dfaa23) mem 0x80000034 0x0000000b
core   0: 0x80012778 (0x02efac23) sw      a4, 56(t6)
core   0: 3 0x80012778 (0x02efac23) mem 0x80000038 0x80019d77
core   0: 0x8001277c (0x02ffae23) sw      a5, 60(t6)
core   0: 3 0x8001277c (0x02ffae23) mem 0x8000003c 0xfffffa5a
core   0: 0x80012780 (0x050fa023) sw      a6, 64(t6)
core   0: 3 0x80012780 (0x050fa023) mem 0x80000040 0x00000000
core   0: 0x80012784 (0x051fa223) sw      a7, 68(t6)
core   0: 3 0x80012784 (0x051fa223) mem 0x80000044 0xfffffffe
core   0: 0x80012788 (0x052fa423) sw      s2, 72(t6)
core   0: 3 0x80012788 (0x052fa423) mem 0x80000048 0x8002cc60
core   0: 0x8001278c (0x053fa623) sw      s3, 76(t6)
core   0: 3 0x8001278c (0x053fa623) mem 0x8000004c 0x80013a4f
core   0: 0x80012790 (0x054fa823) sw      s4, 80(t6)
core   0: 3 0x80012790 (0x054fa823) mem 0x80000050 0xffffa7c4
core   0: 0x80012794 (0x055faa23) sw      s5, 84(t6)
core   0: 3 0x80012794 (0x055faa23) mem 0x80000054 0x00000001
core   0: 0x80012798 (0x056fac23) sw      s6, 88(t6)
core   0: 3 0x80012798 (0x056fac23) mem 0x80000058 0xffffffdf
core   0: 0x8001279c (0x057fae23) sw      s7, 92(t6)
core   0: 3 0x8001279c (0x057fae23) mem 0x8000005c 0x00000000
core   0: 0x800127a0 (0x078fa023) sw      s8, 96(t6)
core   0: 3 0x800127a0 (0x078fa023) mem 0x80000060 0x00000000
core   0: 0x800127a4 (0x079fa223) sw      s9, 100(t6)
core   0: 3 0x800127a4 (0x079fa223) mem 0x80000064 0x00000001
core   0: 0x800127a8 (0x07afa423) sw      s10, 104(t6)
core   0: 3 0x800127a8 (0x07afa423) mem 0x80000068 0x00000000
core   0: 0x800127ac (0x07bfa623) sw      s11, 108(t6)
core   0: 3 0x800127ac (0x07bfa623) mem 0x8000006c 0xf80019d7
core   0: 0x800127b0 (0x07cfa823) sw      t3, 112(t6)
core   0: 3 0x800127b0 (0x07cfa823) mem 0x80000070 0x00000393
core   0: 0x800127b4 (0x07dfaa23) sw      t4, 116(t6)
core   0: 3 0x800127b4 (0x07dfaa23) mem 0x80000074 0x00000041
core   0: 0x800127b8 (0x07efac23) sw      t5, 120(t6)
core   0: 3 0x800127b8 (0x07efac23) mem 0x80000078 0xffffe400
core   0: 0x800127bc (0x07ffae23) sw      t6, 124(t6)
core   0: 3 0x800127bc (0x07ffae23) mem 0x8000007c 0x80000000
core   0: 0x800127c0 (0xfffff517) auipc   a0, 0xfffff
core   0: 3 0x800127c0 (0xfffff517) x10 0x800117c0
core   0: 0x800127c4 (0x55450513) addi    a0, a0, 1364
core   0: 3 0x800127c4 (0x55450513) x10 0x80011d14
core   0: 0x800127c8 (0x00050067) jr      a0
core   0: 3 0x800127c8 (0x00050067)
core   0: 0x80011d14 (0x00001f17) auipc   t5, 0x1
core   0: 3 0x80011d14 (0x00001f17) x30 0x80012d14
core   0: 0x80011d18 (0x2e3f2623) sw      gp, 748(t5)
core   0: 3 0x80011d18 (0x2e3f2623) mem 0x80013000 0x00000001
core   0: 0x80011d1c (0x0000bfe5) c.j     pc - 8
core   0: 3 0x80011d1c (0xbfe5)
core   0: 0x80011d14 (0x00001f17) auipc   t5, 0x1
core   0: 3 0x80011d14 (0x00001f17) x30 0x80012d14
core   0: 0x80011d18 (0x2e3f2623) sw      gp, 748(t5)
core   0: 3 0x80011d18 (0x2e3f2623) mem 0x80013000 0x00000001
core   0: 0x80011d1c (0x0000bfe5) c.j     pc - 8
core   0: 3 0x80011d1c (0xbfe5)
core   0: 0x80011d14 (0x00001f17) auipc   t5, 0x1
core   0: 3 0x80011d14 (0x00001f17) x30 0x80012d14
core   0: 0x80011d18 (0x2e3f2623) sw      gp, 748(t5)
core   0: 3 0x80011d18 (0x2e3f2623) mem 0x80013000 0x00000001
core   0: 0x80011d1c (0x0000bfe5) c.j     pc - 8
core   0: 3 0x80011d1c (0xbfe5)
core   0: 0x80011d14 (0x00001f17) auipc   t5, 0x1
core   0: 3 0x80011d14 (0x00001f17) x30 0x80012d14
core   0: 0x80011d18 (0x2e3f2623) sw      gp, 748(t5)
core   0: 3 0x80011d18 (0x2e3f2623) mem 0x80013000 0x00000001
core   0: 0x80011d1c (0x0000bfe5) c.j     pc - 8
core   0: 3 0x80011d1c (0xbfe5)
core   0: 0x80011d14 (0x00001f17) auipc   t5, 0x1
core   0: 3 0x80011d14 (0x00001f17) x30 0x80012d14
core   0: 0x80011d18 (0x2e3f2623) sw      gp, 748(t5)
core   0: 3 0x80011d18 (0x2e3f2623) mem 0x80013000 0x00000001
core   0: 0x80011d1c (0x0000bfe5) c.j     pc - 8
core   0: 3 0x80011d1c (0xbfe5)
core   0: 0x80011d14 (0x00001f17) auipc   t5, 0x1
core   0: 3 0x80011d14 (0x00001f17) x30 0x80012d14
core   0: 0x80011d18 (0x2e3f2623) sw      gp, 748(t5)
core   0: 3 0x80011d18 (0x2e3f2623) mem 0x80013000 0x00000001
core   0: 0x80011d1c (0x0000bfe5) c.j     pc - 8
core   0: 3 0x80011d1c (0xbfe5)
core   0: 0x80011d14 (0x00001f17) auipc   t5, 0x1
core   0: 3 0x80011d14 (0x00001f17) x30 0x80012d14
core   0: 0x80011d18 (0x2e3f2623) sw      gp, 748(t5)
core   0: 3 0x80011d18 (0x2e3f2623) mem 0x80013000 0x00000001
core   0: 0x80011d1c (0x0000bfe5) c.j     pc - 8
core   0: 3 0x80011d1c (0xbfe5)
core   0: 0x80011d14 (0x00001f17) auipc   t5, 0x1
core   0: 3 0x80011d14 (0x00001f17) x30 0x80012d14
core   0: 0x80011d18 (0x2e3f2623) sw      gp, 748(t5)
core   0: 3 0x80011d18 (0x2e3f2623) mem 0x80013000 0x00000001
core   0: 0x80011d1c (0x0000bfe5) c.j     pc - 8
core   0: 3 0x80011d1c (0xbfe5)
core   0: 0x80011d14 (0x00001f17) auipc   t5, 0x1
core   0: 3 0x80011d14 (0x00001f17) x30 0x80012d14
core   0: 0x80011d18 (0x2e3f2623) sw      gp, 748(t5)
core   0: 3 0x80011d18 (0x2e3f2623) mem 0x80013000 0x00000001
core   0: 0x80011d1c (0x0000bfe5) c.j     pc - 8
core   0: 3 0x80011d1c (0xbfe5)
core   0: 0x80011d14 (0x00001f17) auipc   t5, 0x1
core   0: 3 0x80011d14 (0x00001f17) x30 0x80012d14
core   0: 0x80011d18 (0x2e3f2623) sw      gp, 748(t5)
core   0: 3 0x80011d18 (0x2e3f2623) mem 0x80013000 0x00000001
core   0: 0x80011d1c (0x0000bfe5) c.j     pc - 8
core   0: 3 0x80011d1c (0xbfe5)
core   0: 0x80011d14 (0x00001f17) auipc   t5, 0x1
core   0: 3 0x80011d14 (0x00001f17) x30 0x80012d14
core   0: 0x80011d18 (0x2e3f2623) sw      gp, 748(t5)
core   0: 3 0x80011d18 (0x2e3f2623) mem 0x80013000 0x00000001
core   0: 0x80011d1c (0x0000bfe5) c.j     pc - 8
core   0: 3 0x80011d1c (0xbfe5)
core   0: 0x80011d14 (0x00001f17) auipc   t5, 0x1
core   0: 3 0x80011d14 (0x00001f17) x30 0x80012d14
core   0: 0x80011d18 (0x2e3f2623) sw      gp, 748(t5)
core   0: 3 0x80011d18 (0x2e3f2623) mem 0x80013000 0x00000001
core   0: 0x80011d1c (0x0000bfe5) c.j     pc - 8
core   0: 3 0x80011d1c (0xbfe5)
core   0: 0x80011d14 (0x00001f17) auipc   t5, 0x1
core   0: 3 0x80011d14 (0x00001f17) x30 0x80012d14
core   0: 0x80011d18 (0x2e3f2623) sw      gp, 748(t5)
core   0: 3 0x80011d18 (0x2e3f2623) mem 0x80013000 0x00000001
core   0: 0x80011d1c (0x0000bfe5) c.j     pc - 8
core   0: 3 0x80011d1c (0xbfe5)
core   0: 0x80011d14 (0x00001f17) auipc   t5, 0x1
core   0: 3 0x80011d14 (0x00001f17) x30 0x80012d14
core   0: 0x80011d18 (0x2e3f2623) sw      gp, 748(t5)
core   0: 3 0x80011d18 (0x2e3f2623) mem 0x80013000 0x00000001
core   0: 0x80011d1c (0x0000bfe5) c.j     pc - 8
core   0: 3 0x80011d1c (0xbfe5)
core   0: 0x80011d14 (0x00001f17) auipc   t5, 0x1
core   0: 3 0x80011d14 (0x00001f17) x30 0x80012d14
core   0: 0x80011d18 (0x2e3f2623) sw      gp, 748(t5)
core   0: 3 0x80011d18 (0x2e3f2623) mem 0x80013000 0x00000001
core   0: 0x80011d1c (0x0000bfe5) c.j     pc - 8
core   0: 3 0x80011d1c (0xbfe5)
core   0: 0x80011d14 (0x00001f17) auipc   t5, 0x1
core   0: 3 0x80011d14 (0x00001f17) x30 0x80012d14
core   0: 0x80011d18 (0x2e3f2623) sw      gp, 748(t5)
core   0: 3 0x80011d18 (0x2e3f2623) mem 0x80013000 0x00000001
core   0: 0x80011d1c (0x0000bfe5) c.j     pc - 8
core   0: 3 0x80011d1c (0xbfe5)
core   0: 0x80011d14 (0x00001f17) auipc   t5, 0x1
core   0: 3 0x80011d14 (0x00001f17) x30 0x80012d14
core   0: 0x80011d18 (0x2e3f2623) sw      gp, 748(t5)
core   0: 3 0x80011d18 (0x2e3f2623) mem 0x80013000 0x00000001
core   0: 0x80011d1c (0x0000bfe5) c.j     pc - 8
core   0: 3 0x80011d1c (0xbfe5)
core   0: 0x80011d14 (0x00001f17) auipc   t5, 0x1
core   0: 3 0x80011d14 (0x00001f17) x30 0x80012d14
core   0: 0x80011d18 (0x2e3f2623) sw      gp, 748(t5)
core   0: 3 0x80011d18 (0x2e3f2623) mem 0x80013000 0x00000001
core   0: 0x80011d1c (0x0000bfe5) c.j     pc - 8
core   0: 3 0x80011d1c (0xbfe5)
core   0: 0x80011d14 (0x00001f17) auipc   t5, 0x1
core   0: 3 0x80011d14 (0x00001f17) x30 0x80012d14
core   0: 0x80011d18 (0x2e3f2623) sw      gp, 748(t5)
core   0: 3 0x80011d18 (0x2e3f2623) mem 0x80013000 0x00000001
core   0: 0x80011d1c (0x0000bfe5) c.j     pc - 8
core   0: 3 0x80011d1c (0xbfe5)
core   0: 0x80011d14 (0x00001f17) auipc   t5, 0x1
core   0: 3 0x80011d14 (0x00001f17) x30 0x80012d14
core   0: 0x80011d18 (0x2e3f2623) sw      gp, 748(t5)
core   0: 3 0x80011d18 (0x2e3f2623) mem 0x80013000 0x00000001
core   0: 0x80011d1c (0x0000bfe5) c.j     pc - 8
core   0: 3 0x80011d1c (0xbfe5)
core   0: 0x80011d14 (0x00001f17) auipc   t5, 0x1
core   0: 3 0x80011d14 (0x00001f17) x30 0x80012d14
core   0: 0x80011d18 (0x2e3f2623) sw      gp, 748(t5)
core   0: 3 0x80011d18 (0x2e3f2623) mem 0x80013000 0x00000001
core   0: 0x80011d1c (0x0000bfe5) c.j     pc - 8
core   0: 3 0x80011d1c (0xbfe5)
core   0: 0x80011d14 (0x00001f17) auipc   t5, 0x1
core   0: 3 0x80011d14 (0x00001f17) x30 0x80012d14
core   0: 0x80011d18 (0x2e3f2623) sw      gp, 748(t5)
core   0: 3 0x80011d18 (0x2e3f2623) mem 0x80013000 0x00000001
core   0: 0x80011d1c (0x0000bfe5) c.j     pc - 8
core   0: 3 0x80011d1c (0xbfe5)
core   0: 0x80011d14 (0x00001f17) auipc   t5, 0x1
core   0: 3 0x80011d14 (0x00001f17) x30 0x80012d14
core   0: 0x80011d18 (0x2e3f2623) sw      gp, 748(t5)
core   0: 3 0x80011d18 (0x2e3f2623) mem 0x80013000 0x00000001
core   0: 0x80011d1c (0x0000bfe5) c.j     pc - 8
core   0: 3 0x80011d1c (0xbfe5)
core   0: 0x80011d14 (0x00001f17) auipc   t5, 0x1
core   0: 3 0x80011d14 (0x00001f17) x30 0x80012d14
core   0: 0x80011d18 (0x2e3f2623) sw      gp, 748(t5)
core   0: 3 0x80011d18 (0x2e3f2623) mem 0x80013000 0x00000001
core   0: 0x80011d1c (0x0000bfe5) c.j     pc - 8
core   0: 3 0x80011d1c (0xbfe5)
core   0: 0x80011d14 (0x00001f17) auipc   t5, 0x1
core   0: 3 0x80011d14 (0x00001f17) x30 0x80012d14
core   0: 0x80011d18 (0x2e3f2623) sw      gp, 748(t5)
core   0: 3 0x80011d18 (0x2e3f2623) mem 0x80013000 0x00000001
core   0: 0x80011d1c (0x0000bfe5) c.j     pc - 8
core   0: 3 0x80011d1c (0xbfe5)
core   0: 0x80011d14 (0x00001f17) auipc   t5, 0x1
core   0: 3 0x80011d14 (0x00001f17) x30 0x80012d14
core   0: 0x80011d18 (0x2e3f2623) sw      gp, 748(t5)
core   0: 3 0x80011d18 (0x2e3f2623) mem 0x80013000 0x00000001
core   0: 0x80011d1c (0x0000bfe5) c.j     pc - 8
core   0: 3 0x80011d1c (0xbfe5)
core   0: 0x80011d14 (0x00001f17) auipc   t5, 0x1
core   0: 3 0x80011d14 (0x00001f17) x30 0x80012d14
core   0: 0x80011d18 (0x2e3f2623) sw      gp, 748(t5)
core   0: 3 0x80011d18 (0x2e3f2623) mem 0x80013000 0x00000001
core   0: 0x80011d1c (0x0000bfe5) c.j     pc - 8
core   0: 3 0x80011d1c (0xbfe5)
core   0: 0x80011d14 (0x00001f17) auipc   t5, 0x1
core   0: 3 0x80011d14 (0x00001f17) x30 0x80012d14
core   0: 0x80011d18 (0x2e3f2623) sw      gp, 748(t5)
core   0: 3 0x80011d18 (0x2e3f2623) mem 0x80013000 0x00000001
core   0: 0x80011d1c (0x0000bfe5) c.j     pc - 8
core   0: 3 0x80011d1c (0xbfe5)
core   0: 0x80011d14 (0x00001f17) auipc   t5, 0x1
core   0: 3 0x80011d14 (0x00001f17) x30 0x80012d14
core   0: 0x80011d18 (0x2e3f2623) sw      gp, 748(t5)
core   0: 3 0x80011d18 (0x2e3f2623) mem 0x80013000 0x00000001
core   0: 0x80011d1c (0x0000bfe5) c.j     pc - 8
core   0: 3 0x80011d1c (0xbfe5)
core   0: 0x80011d14 (0x00001f17) auipc   t5, 0x1
core   0: 3 0x80011d14 (0x00001f17) x30 0x80012d14
core   0: 0x80011d18 (0x2e3f2623) sw      gp, 748(t5)
core   0: 3 0x80011d18 (0x2e3f2623) mem 0x80013000 0x00000001
core   0: 0x80011d1c (0x0000bfe5) c.j     pc - 8
core   0: 3 0x80011d1c (0xbfe5)
core   0: 0x80011d14 (0x00001f17) auipc   t5, 0x1
core   0: 3 0x80011d14 (0x00001f17) x30 0x80012d14
core   0: 0x80011d18 (0x2e3f2623) sw      gp, 748(t5)
core   0: 3 0x80011d18 (0x2e3f2623) mem 0x80013000 0x00000001
core   0: 0x80011d1c (0x0000bfe5) c.j     pc - 8
core   0: 3 0x80011d1c (0xbfe5)
core   0: 0x80011d14 (0x00001f17) auipc   t5, 0x1
core   0: 3 0x80011d14 (0x00001f17) x30 0x80012d14
core   0: 0x80011d18 (0x2e3f2623) sw      gp, 748(t5)
core   0: 3 0x80011d18 (0x2e3f2623) mem 0x80013000 0x00000001
core   0: 0x80011d1c (0x0000bfe5) c.j     pc - 8
core   0: 3 0x80011d1c (0xbfe5)
core   0: 0x80011d14 (0x00001f17) auipc   t5, 0x1
core   0: 3 0x80011d14 (0x00001f17) x30 0x80012d14
core   0: 0x80011d18 (0x2e3f2623) sw      gp, 748(t5)
core   0: 3 0x80011d18 (0x2e3f2623) mem 0x80013000 0x00000001
core   0: 0x80011d1c (0x0000bfe5) c.j     pc - 8
core   0: 3 0x80011d1c (0xbfe5)
core   0: 0x80011d14 (0x00001f17) auipc   t5, 0x1
core   0: 3 0x80011d14 (0x00001f17) x30 0x80012d14
core   0: 0x80011d18 (0x2e3f2623) sw      gp, 748(t5)
core   0: 3 0x80011d18 (0x2e3f2623) mem 0x80013000 0x00000001
core   0: 0x80011d1c (0x0000bfe5) c.j     pc - 8
core   0: 3 0x80011d1c (0xbfe5)
core   0: 0x80011d14 (0x00001f17) auipc   t5, 0x1
core   0: 3 0x80011d14 (0x00001f17) x30 0x80012d14
core   0: 0x80011d18 (0x2e3f2623) sw      gp, 748(t5)
core   0: 3 0x80011d18 (0x2e3f2623) mem 0x80013000 0x00000001
core   0: 0x80011d1c (0x0000bfe5) c.j     pc - 8
core   0: 3 0x80011d1c (0xbfe5)
core   0: 0x80011d14 (0x00001f17) auipc   t5, 0x1
core   0: 3 0x80011d14 (0x00001f17) x30 0x80012d14
core   0: 0x80011d18 (0x2e3f2623) sw      gp, 748(t5)
core   0: 3 0x80011d18 (0x2e3f2623) mem 0x80013000 0x00000001
core   0: 0x80011d1c (0x0000bfe5) c.j     pc - 8
core   0: 3 0x80011d1c (0xbfe5)
core   0: 0x80011d14 (0x00001f17) auipc   t5, 0x1
core   0: 3 0x80011d14 (0x00001f17) x30 0x80012d14
core   0: 0x80011d18 (0x2e3f2623) sw      gp, 748(t5)
core   0: 3 0x80011d18 (0x2e3f2623) mem 0x80013000 0x00000001
core   0: 0x80011d1c (0x0000bfe5) c.j     pc - 8
core   0: 3 0x80011d1c (0xbfe5)
core   0: 0x80011d14 (0x00001f17) auipc   t5, 0x1
core   0: 3 0x80011d14 (0x00001f17) x30 0x80012d14
core   0: 0x80011d18 (0x2e3f2623) sw      gp, 748(t5)
core   0: 3 0x80011d18 (0x2e3f2623) mem 0x80013000 0x00000001
core   0: 0x80011d1c (0x0000bfe5) c.j     pc - 8
core   0: 3 0x80011d1c (0xbfe5)
core   0: 0x80011d14 (0x00001f17) auipc   t5, 0x1
core   0: 3 0x80011d14 (0x00001f17) x30 0x80012d14
core   0: 0x80011d18 (0x2e3f2623) sw      gp, 748(t5)
core   0: 3 0x80011d18 (0x2e3f2623) mem 0x80013000 0x00000001
core   0: 0x80011d1c (0x0000bfe5) c.j     pc - 8
core   0: 3 0x80011d1c (0xbfe5)
core   0: 0x80011d14 (0x00001f17) auipc   t5, 0x1
core   0: 3 0x80011d14 (0x00001f17) x30 0x80012d14
core   0: 0x80011d18 (0x2e3f2623) sw      gp, 748(t5)
core   0: 3 0x80011d18 (0x2e3f2623) mem 0x80013000 0x00000001
core   0: 0x80011d1c (0x0000bfe5) c.j     pc - 8
core   0: 3 0x80011d1c (0xbfe5)
core   0: 0x80011d14 (0x00001f17) auipc   t5, 0x1
core   0: 3 0x80011d14 (0x00001f17) x30 0x80012d14
core   0: 0x80011d18 (0x2e3f2623) sw      gp, 748(t5)
core   0: 3 0x80011d18 (0x2e3f2623) mem 0x80013000 0x00000001
core   0: 0x80011d1c (0x0000bfe5) c.j     pc - 8
core   0: 3 0x80011d1c (0xbfe5)
core   0: 0x80011d14 (0x00001f17) auipc   t5, 0x1
core   0: 3 0x80011d14 (0x00001f17) x30 0x80012d14
core   0: 0x80011d18 (0x2e3f2623) sw      gp, 748(t5)
core   0: 3 0x80011d18 (0x2e3f2623) mem 0x80013000 0x00000001
core   0: 0x80011d1c (0x0000bfe5) c.j     pc - 8
core   0: 3 0x80011d1c (0xbfe5)
core   0: 0x80011d14 (0x00001f17) auipc   t5, 0x1
core   0: 3 0x80011d14 (0x00001f17) x30 0x80012d14
core   0: 0x80011d18 (0x2e3f2623) sw      gp, 748(t5)
core   0: 3 0x80011d18 (0x2e3f2623) mem 0x80013000 0x00000001
core   0: 0x80011d1c (0x0000bfe5) c.j     pc - 8
core   0: 3 0x80011d1c (0xbfe5)
core   0: 0x80011d14 (0x00001f17) auipc   t5, 0x1
core   0: 3 0x80011d14 (0x00001f17) x30 0x80012d14
core   0: 0x80011d18 (0x2e3f2623) sw      gp, 748(t5)
core   0: 3 0x80011d18 (0x2e3f2623) mem 0x80013000 0x00000001
core   0: 0x80011d1c (0x0000bfe5) c.j     pc - 8
core   0: 3 0x80011d1c (0xbfe5)
core   0: 0x80011d14 (0x00001f17) auipc   t5, 0x1
core   0: 3 0x80011d14 (0x00001f17) x30 0x80012d14
core   0: 0x80011d18 (0x2e3f2623) sw      gp, 748(t5)
core   0: 3 0x80011d18 (0x2e3f2623) mem 0x80013000 0x00000001
core   0: 0x80011d1c (0x0000bfe5) c.j     pc - 8
core   0: 3 0x80011d1c (0xbfe5)
core   0: 0x80011d14 (0x00001f17) auipc   t5, 0x1
core   0: 3 0x80011d14 (0x00001f17) x30 0x80012d14
core   0: 0x80011d18 (0x2e3f2623) sw      gp, 748(t5)
core   0: 3 0x80011d18 (0x2e3f2623) mem 0x80013000 0x00000001
core   0: 0x80011d1c (0x0000bfe5) c.j     pc - 8
core   0: 3 0x80011d1c (0xbfe5)
core   0: 0x80011d14 (0x00001f17) auipc   t5, 0x1
core   0: 3 0x80011d14 (0x00001f17) x30 0x80012d14
core   0: 0x80011d18 (0x2e3f2623) sw      gp, 748(t5)
core   0: 3 0x80011d18 (0x2e3f2623) mem 0x80013000 0x00000001
core   0: 0x80011d1c (0x0000bfe5) c.j     pc - 8
core   0: 3 0x80011d1c (0xbfe5)
core   0: 0x80011d14 (0x00001f17) auipc   t5, 0x1
core   0: 3 0x80011d14 (0x00001f17) x30 0x80012d14
core   0: 0x80011d18 (0x2e3f2623) sw      gp, 748(t5)
core   0: 3 0x80011d18 (0x2e3f2623) mem 0x80013000 0x00000001
core   0: 0x80011d1c (0x0000bfe5) c.j     pc - 8
core   0: 3 0x80011d1c (0xbfe5)
core   0: 0x80011d14 (0x00001f17) auipc   t5, 0x1
core   0: 3 0x80011d14 (0x00001f17) x30 0x80012d14
core   0: 0x80011d18 (0x2e3f2623) sw      gp, 748(t5)
core   0: 3 0x80011d18 (0x2e3f2623) mem 0x80013000 0x00000001
core   0: 0x80011d1c (0x0000bfe5) c.j     pc - 8
core   0: 3 0x80011d1c (0xbfe5)
core   0: 0x80011d14 (0x00001f17) auipc   t5, 0x1
core   0: 3 0x80011d14 (0x00001f17) x30 0x80012d14
core   0: 0x80011d18 (0x2e3f2623) sw      gp, 748(t5)
core   0: 3 0x80011d18 (0x2e3f2623) mem 0x80013000 0x00000001
core   0: 0x80011d1c (0x0000bfe5) c.j     pc - 8
core   0: 3 0x80011d1c (0xbfe5)
core   0: 0x80011d14 (0x00001f17) auipc   t5, 0x1
core   0: 3 0x80011d14 (0x00001f17) x30 0x80012d14
core   0: 0x80011d18 (0x2e3f2623) sw      gp, 748(t5)
core   0: 3 0x80011d18 (0x2e3f2623) mem 0x80013000 0x00000001
core   0: 0x80011d1c (0x0000bfe5) c.j     pc - 8
core   0: 3 0x80011d1c (0xbfe5)
core   0: 0x80011d14 (0x00001f17) auipc   t5, 0x1
core   0: 3 0x80011d14 (0x00001f17) x30 0x80012d14
core   0: 0x80011d18 (0x2e3f2623) sw      gp, 748(t5)
core   0: 3 0x80011d18 (0x2e3f2623) mem 0x80013000 0x00000001
core   0: 0x80011d1c (0x0000bfe5) c.j     pc - 8
core   0: 3 0x80011d1c (0xbfe5)
core   0: 0x80011d14 (0x00001f17) auipc   t5, 0x1
core   0: 3 0x80011d14 (0x00001f17) x30 0x80012d14
core   0: 0x80011d18 (0x2e3f2623) sw      gp, 748(t5)
core   0: 3 0x80011d18 (0x2e3f2623) mem 0x80013000 0x00000001
core   0: 0x80011d1c (0x0000bfe5) c.j     pc - 8
core   0: 3 0x80011d1c (0xbfe5)
core   0: 0x80011d14 (0x00001f17) auipc   t5, 0x1
core   0: 3 0x80011d14 (0x00001f17) x30 0x80012d14
core   0: 0x80011d18 (0x2e3f2623) sw      gp, 748(t5)
core   0: 3 0x80011d18 (0x2e3f2623) mem 0x80013000 0x00000001
core   0: 0x80011d1c (0x0000bfe5) c.j     pc - 8
core   0: 3 0x80011d1c (0xbfe5)
core   0: 0x80011d14 (0x00001f17) auipc   t5, 0x1
core   0: 3 0x80011d14 (0x00001f17) x30 0x80012d14
core   0: 0x80011d18 (0x2e3f2623) sw      gp, 748(t5)
core   0: 3 0x80011d18 (0x2e3f2623) mem 0x80013000 0x00000001
core   0: 0x80011d1c (0x0000bfe5) c.j     pc - 8
core   0: 3 0x80011d1c (0xbfe5)
core   0: 0x80011d14 (0x00001f17) auipc   t5, 0x1
core   0: 3 0x80011d14 (0x00001f17) x30 0x80012d14
core   0: 0x80011d18 (0x2e3f2623) sw      gp, 748(t5)
core   0: 3 0x80011d18 (0x2e3f2623) mem 0x80013000 0x00000001
core   0: 0x80011d1c (0x0000bfe5) c.j     pc - 8
core   0: 3 0x80011d1c (0xbfe5)
core   0: 0x80011d14 (0x00001f17) auipc   t5, 0x1
core   0: 3 0x80011d14 (0x00001f17) x30 0x80012d14
core   0: 0x80011d18 (0x2e3f2623) sw      gp, 748(t5)
core   0: 3 0x80011d18 (0x2e3f2623) mem 0x80013000 0x00000001
core   0: 0x80011d1c (0x0000bfe5) c.j     pc - 8
core   0: 3 0x80011d1c (0xbfe5)
core   0: 0x80011d14 (0x00001f17) auipc   t5, 0x1
core   0: 3 0x80011d14 (0x00001f17) x30 0x80012d14
core   0: 0x80011d18 (0x2e3f2623) sw      gp, 748(t5)
core   0: 3 0x80011d18 (0x2e3f2623) mem 0x80013000 0x00000001
core   0: 0x80011d1c (0x0000bfe5) c.j     pc - 8
core   0: 3 0x80011d1c (0xbfe5)
core   0: 0x80011d14 (0x00001f17) auipc   t5, 0x1
core   0: 3 0x80011d14 (0x00001f17) x30 0x80012d14
core   0: 0x80011d18 (0x2e3f2623) sw      gp, 748(t5)
core   0: 3 0x80011d18 (0x2e3f2623) mem 0x80013000 0x00000001
core   0: 0x80011d1c (0x0000bfe5) c.j     pc - 8
core   0: 3 0x80011d1c (0xbfe5)
core   0: 0x80011d14 (0x00001f17) auipc   t5, 0x1
core   0: 3 0x80011d14 (0x00001f17) x30 0x80012d14
core   0: 0x80011d18 (0x2e3f2623) sw      gp, 748(t5)
core   0: 3 0x80011d18 (0x2e3f2623) mem 0x80013000 0x00000001
core   0: 0x80011d1c (0x0000bfe5) c.j     pc - 8
core   0: 3 0x80011d1c (0xbfe5)
core   0: 0x80011d14 (0x00001f17) auipc   t5, 0x1
core   0: 3 0x80011d14 (0x00001f17) x30 0x80012d14
core   0: 0x80011d18 (0x2e3f2623) sw      gp, 748(t5)
core   0: 3 0x80011d18 (0x2e3f2623) mem 0x80013000 0x00000001
core   0: 0x80011d1c (0x0000bfe5) c.j     pc - 8
core   0: 3 0x80011d1c (0xbfe5)
core   0: 0x80011d14 (0x00001f17) auipc   t5, 0x1
core   0: 3 0x80011d14 (0x00001f17) x30 0x80012d14
core   0: 0x80011d18 (0x2e3f2623) sw      gp, 748(t5)
core   0: 3 0x80011d18 (0x2e3f2623) mem 0x80013000 0x00000001
core   0: 0x80011d1c (0x0000bfe5) c.j     pc - 8
core   0: 3 0x80011d1c (0xbfe5)
core   0: 0x80011d14 (0x00001f17) auipc   t5, 0x1
core   0: 3 0x80011d14 (0x00001f17) x30 0x80012d14
core   0: 0x80011d18 (0x2e3f2623) sw      gp, 748(t5)
core   0: 3 0x80011d18 (0x2e3f2623) mem 0x80013000 0x00000001
core   0: 0x80011d1c (0x0000bfe5) c.j     pc - 8
core   0: 3 0x80011d1c (0xbfe5)
core   0: 0x80011d14 (0x00001f17) auipc   t5, 0x1
core   0: 3 0x80011d14 (0x00001f17) x30 0x80012d14
core   0: 0x80011d18 (0x2e3f2623) sw      gp, 748(t5)
core   0: 3 0x80011d18 (0x2e3f2623) mem 0x80013000 0x00000001
core   0: 0x80011d1c (0x0000bfe5) c.j     pc - 8
core   0: 3 0x80011d1c (0xbfe5)
core   0: 0x80011d14 (0x00001f17) auipc   t5, 0x1
core   0: 3 0x80011d14 (0x00001f17) x30 0x80012d14
core   0: 0x80011d18 (0x2e3f2623) sw      gp, 748(t5)
core   0: 3 0x80011d18 (0x2e3f2623) mem 0x80013000 0x00000001
core   0: 0x80011d1c (0x0000bfe5) c.j     pc - 8
core   0: 3 0x80011d1c (0xbfe5)
core   0: 0x80011d14 (0x00001f17) auipc   t5, 0x1
core   0: 3 0x80011d14 (0x00001f17) x30 0x80012d14
core   0: 0x80011d18 (0x2e3f2623) sw      gp, 748(t5)
core   0: 3 0x80011d18 (0x2e3f2623) mem 0x80013000 0x00000001
core   0: 0x80011d1c (0x0000bfe5) c.j     pc - 8
core   0: 3 0x80011d1c (0xbfe5)
core   0: 0x80011d14 (0x00001f17) auipc   t5, 0x1
core   0: 3 0x80011d14 (0x00001f17) x30 0x80012d14
core   0: 0x80011d18 (0x2e3f2623) sw      gp, 748(t5)
core   0: 3 0x80011d18 (0x2e3f2623) mem 0x80013000 0x00000001
core   0: 0x80011d1c (0x0000bfe5) c.j     pc - 8
core   0: 3 0x80011d1c (0xbfe5)
core   0: 0x80011d14 (0x00001f17) auipc   t5, 0x1
core   0: 3 0x80011d14 (0x00001f17) x30 0x80012d14
core   0: 0x80011d18 (0x2e3f2623) sw      gp, 748(t5)
core   0: 3 0x80011d18 (0x2e3f2623) mem 0x80013000 0x00000001
core   0: 0x80011d1c (0x0000bfe5) c.j     pc - 8
core   0: 3 0x80011d1c (0xbfe5)
core   0: 0x80011d14 (0x00001f17) auipc   t5, 0x1
core   0: 3 0x80011d14 (0x00001f17) x30 0x80012d14
core   0: 0x80011d18 (0x2e3f2623) sw      gp, 748(t5)
core   0: 3 0x80011d18 (0x2e3f2623) mem 0x80013000 0x00000001
core   0: 0x80011d1c (0x0000bfe5) c.j     pc - 8
core   0: 3 0x80011d1c (0xbfe5)
core   0: 0x80011d14 (0x00001f17) auipc   t5, 0x1
core   0: 3 0x80011d14 (0x00001f17) x30 0x80012d14
core   0: 0x80011d18 (0x2e3f2623) sw      gp, 748(t5)
core   0: 3 0x80011d18 (0x2e3f2623) mem 0x80013000 0x00000001
core   0: 0x80011d1c (0x0000bfe5) c.j     pc - 8
core   0: 3 0x80011d1c (0xbfe5)
core   0: 0x80011d14 (0x00001f17) auipc   t5, 0x1
core   0: 3 0x80011d14 (0x00001f17) x30 0x80012d14
core   0: 0x80011d18 (0x2e3f2623) sw      gp, 748(t5)
core   0: 3 0x80011d18 (0x2e3f2623) mem 0x80013000 0x00000001
core   0: 0x80011d1c (0x0000bfe5) c.j     pc - 8
core   0: 3 0x80011d1c (0xbfe5)
core   0: 0x80011d14 (0x00001f17) auipc   t5, 0x1
core   0: 3 0x80011d14 (0x00001f17) x30 0x80012d14
core   0: 0x80011d18 (0x2e3f2623) sw      gp, 748(t5)
core   0: 3 0x80011d18 (0x2e3f2623) mem 0x80013000 0x00000001
core   0: 0x80011d1c (0x0000bfe5) c.j     pc - 8
core   0: 3 0x80011d1c (0xbfe5)
core   0: 0x80011d14 (0x00001f17) auipc   t5, 0x1
core   0: 3 0x80011d14 (0x00001f17) x30 0x80012d14
core   0: 0x80011d18 (0x2e3f2623) sw      gp, 748(t5)
core   0: 3 0x80011d18 (0x2e3f2623) mem 0x80013000 0x00000001
core   0: 0x80011d1c (0x0000bfe5) c.j     pc - 8
core   0: 3 0x80011d1c (0xbfe5)
core   0: 0x80011d14 (0x00001f17) auipc   t5, 0x1
core   0: 3 0x80011d14 (0x00001f17) x30 0x80012d14
core   0: 0x80011d18 (0x2e3f2623) sw      gp, 748(t5)
core   0: 3 0x80011d18 (0x2e3f2623) mem 0x80013000 0x00000001
core   0: 0x80011d1c (0x0000bfe5) c.j     pc - 8
core   0: 3 0x80011d1c (0xbfe5)
core   0: 0x80011d14 (0x00001f17) auipc   t5, 0x1
core   0: 3 0x80011d14 (0x00001f17) x30 0x80012d14
core   0: 0x80011d18 (0x2e3f2623) sw      gp, 748(t5)
core   0: 3 0x80011d18 (0x2e3f2623) mem 0x80013000 0x00000001
core   0: 0x80011d1c (0x0000bfe5) c.j     pc - 8
core   0: 3 0x80011d1c (0xbfe5)
core   0: 0x80011d14 (0x00001f17) auipc   t5, 0x1
core   0: 3 0x80011d14 (0x00001f17) x30 0x80012d14
core   0: 0x80011d18 (0x2e3f2623) sw      gp, 748(t5)
core   0: 3 0x80011d18 (0x2e3f2623) mem 0x80013000 0x00000001
core   0: 0x80011d1c (0x0000bfe5) c.j     pc - 8
core   0: 3 0x80011d1c (0xbfe5)
core   0: 0x80011d14 (0x00001f17) auipc   t5, 0x1
core   0: 3 0x80011d14 (0x00001f17) x30 0x80012d14
core   0: 0x80011d18 (0x2e3f2623) sw      gp, 748(t5)
core   0: 3 0x80011d18 (0x2e3f2623) mem 0x80013000 0x00000001
core   0: 0x80011d1c (0x0000bfe5) c.j     pc - 8
core   0: 3 0x80011d1c (0xbfe5)
core   0: 0x80011d14 (0x00001f17) auipc   t5, 0x1
core   0: 3 0x80011d14 (0x00001f17) x30 0x80012d14
core   0: 0x80011d18 (0x2e3f2623) sw      gp, 748(t5)
core   0: 3 0x80011d18 (0x2e3f2623) mem 0x80013000 0x00000001
core   0: 0x80011d1c (0x0000bfe5) c.j     pc - 8
core   0: 3 0x80011d1c (0xbfe5)
core   0: 0x80011d14 (0x00001f17) auipc   t5, 0x1
core   0: 3 0x80011d14 (0x00001f17) x30 0x80012d14
core   0: 0x80011d18 (0x2e3f2623) sw      gp, 748(t5)
core   0: 3 0x80011d18 (0x2e3f2623) mem 0x80013000 0x00000001
core   0: 0x80011d1c (0x0000bfe5) c.j     pc - 8
core   0: 3 0x80011d1c (0xbfe5)
core   0: 0x80011d14 (0x00001f17) auipc   t5, 0x1
core   0: 3 0x80011d14 (0x00001f17) x30 0x80012d14
core   0: 0x80011d18 (0x2e3f2623) sw      gp, 748(t5)
core   0: 3 0x80011d18 (0x2e3f2623) mem 0x80013000 0x00000001
core   0: 0x80011d1c (0x0000bfe5) c.j     pc - 8
core   0: 3 0x80011d1c (0xbfe5)
core   0: 0x80011d14 (0x00001f17) auipc   t5, 0x1
core   0: 3 0x80011d14 (0x00001f17) x30 0x80012d14
core   0: 0x80011d18 (0x2e3f2623) sw      gp, 748(t5)
core   0: 3 0x80011d18 (0x2e3f2623) mem 0x80013000 0x00000001
core   0: 0x80011d1c (0x0000bfe5) c.j     pc - 8
core   0: 3 0x80011d1c (0xbfe5)
core   0: 0x80011d14 (0x00001f17) auipc   t5, 0x1
core   0: 3 0x80011d14 (0x00001f17) x30 0x80012d14
core   0: 0x80011d18 (0x2e3f2623) sw      gp, 748(t5)
core   0: 3 0x80011d18 (0x2e3f2623) mem 0x80013000 0x00000001
core   0: 0x80011d1c (0x0000bfe5) c.j     pc - 8
core   0: 3 0x80011d1c (0xbfe5)
core   0: 0x80011d14 (0x00001f17) auipc   t5, 0x1
core   0: 3 0x80011d14 (0x00001f17) x30 0x80012d14
core   0: 0x80011d18 (0x2e3f2623) sw      gp, 748(t5)
core   0: 3 0x80011d18 (0x2e3f2623) mem 0x80013000 0x00000001
core   0: 0x80011d1c (0x0000bfe5) c.j     pc - 8
core   0: 3 0x80011d1c (0xbfe5)
core   0: 0x80011d14 (0x00001f17) auipc   t5, 0x1
core   0: 3 0x80011d14 (0x00001f17) x30 0x80012d14
core   0: 0x80011d18 (0x2e3f2623) sw      gp, 748(t5)
core   0: 3 0x80011d18 (0x2e3f2623) mem 0x80013000 0x00000001
core   0: 0x80011d1c (0x0000bfe5) c.j     pc - 8
core   0: 3 0x80011d1c (0xbfe5)
core   0: 0x80011d14 (0x00001f17) auipc   t5, 0x1
core   0: 3 0x80011d14 (0x00001f17) x30 0x80012d14
core   0: 0x80011d18 (0x2e3f2623) sw      gp, 748(t5)
core   0: 3 0x80011d18 (0x2e3f2623) mem 0x80013000 0x00000001
core   0: 0x80011d1c (0x0000bfe5) c.j     pc - 8
core   0: 3 0x80011d1c (0xbfe5)
core   0: 0x80011d14 (0x00001f17) auipc   t5, 0x1
core   0: 3 0x80011d14 (0x00001f17) x30 0x80012d14
core   0: 0x80011d18 (0x2e3f2623) sw      gp, 748(t5)
core   0: 3 0x80011d18 (0x2e3f2623) mem 0x80013000 0x00000001
core   0: 0x80011d1c (0x0000bfe5) c.j     pc - 8
core   0: 3 0x80011d1c (0xbfe5)
core   0: 0x80011d14 (0x00001f17) auipc   t5, 0x1
core   0: 3 0x80011d14 (0x00001f17) x30 0x80012d14
core   0: 0x80011d18 (0x2e3f2623) sw      gp, 748(t5)
core   0: 3 0x80011d18 (0x2e3f2623) mem 0x80013000 0x00000001
core   0: 0x80011d1c (0x0000bfe5) c.j     pc - 8
core   0: 3 0x80011d1c (0xbfe5)
core   0: 0x80011d14 (0x00001f17) auipc   t5, 0x1
core   0: 3 0x80011d14 (0x00001f17) x30 0x80012d14
core   0: 0x80011d18 (0x2e3f2623) sw      gp, 748(t5)
core   0: 3 0x80011d18 (0x2e3f2623) mem 0x80013000 0x00000001
core   0: 0x80011d1c (0x0000bfe5) c.j     pc - 8
core   0: 3 0x80011d1c (0xbfe5)
core   0: 0x80011d14 (0x00001f17) auipc   t5, 0x1
core   0: 3 0x80011d14 (0x00001f17) x30 0x80012d14
core   0: 0x80011d18 (0x2e3f2623) sw      gp, 748(t5)
core   0: 3 0x80011d18 (0x2e3f2623) mem 0x80013000 0x00000001
core   0: 0x80011d1c (0x0000bfe5) c.j     pc - 8
core   0: 3 0x80011d1c (0xbfe5)
core   0: 0x80011d14 (0x00001f17) auipc   t5, 0x1
core   0: 3 0x80011d14 (0x00001f17) x30 0x80012d14
core   0: 0x80011d18 (0x2e3f2623) sw      gp, 748(t5)
core   0: 3 0x80011d18 (0x2e3f2623) mem 0x80013000 0x00000001
core   0: 0x80011d1c (0x0000bfe5) c.j     pc - 8
core   0: 3 0x80011d1c (0xbfe5)
core   0: 0x80011d14 (0x00001f17) auipc   t5, 0x1
core   0: 3 0x80011d14 (0x00001f17) x30 0x80012d14
core   0: 0x80011d18 (0x2e3f2623) sw      gp, 748(t5)
core   0: 3 0x80011d18 (0x2e3f2623) mem 0x80013000 0x00000001
core   0: 0x80011d1c (0x0000bfe5) c.j     pc - 8
core   0: 3 0x80011d1c (0xbfe5)
core   0: 0x80011d14 (0x00001f17) auipc   t5, 0x1
core   0: 3 0x80011d14 (0x00001f17) x30 0x80012d14
core   0: 0x80011d18 (0x2e3f2623) sw      gp, 748(t5)
core   0: 3 0x80011d18 (0x2e3f2623) mem 0x80013000 0x00000001
core   0: 0x80011d1c (0x0000bfe5) c.j     pc - 8
core   0: 3 0x80011d1c (0xbfe5)
core   0: 0x80011d14 (0x00001f17) auipc   t5, 0x1
core   0: 3 0x80011d14 (0x00001f17) x30 0x80012d14
core   0: 0x80011d18 (0x2e3f2623) sw      gp, 748(t5)
core   0: 3 0x80011d18 (0x2e3f2623) mem 0x80013000 0x00000001
core   0: 0x80011d1c (0x0000bfe5) c.j     pc - 8
core   0: 3 0x80011d1c (0xbfe5)
core   0: 0x80011d14 (0x00001f17) auipc   t5, 0x1
core   0: 3 0x80011d14 (0x00001f17) x30 0x80012d14
core   0: 0x80011d18 (0x2e3f2623) sw      gp, 748(t5)
core   0: 3 0x80011d18 (0x2e3f2623) mem 0x80013000 0x00000001
core   0: 0x80011d1c (0x0000bfe5) c.j     pc - 8
core   0: 3 0x80011d1c (0xbfe5)
core   0: 0x80011d14 (0x00001f17) auipc   t5, 0x1
core   0: 3 0x80011d14 (0x00001f17) x30 0x80012d14
core   0: 0x80011d18 (0x2e3f2623) sw      gp, 748(t5)
core   0: 3 0x80011d18 (0x2e3f2623) mem 0x80013000 0x00000001
core   0: 0x80011d1c (0x0000bfe5) c.j     pc - 8
core   0: 3 0x80011d1c (0xbfe5)
core   0: 0x80011d14 (0x00001f17) auipc   t5, 0x1
core   0: 3 0x80011d14 (0x00001f17) x30 0x80012d14
core   0: 0x80011d18 (0x2e3f2623) sw      gp, 748(t5)
core   0: 3 0x80011d18 (0x2e3f2623) mem 0x80013000 0x00000001
core   0: 0x80011d1c (0x0000bfe5) c.j     pc - 8
core   0: 3 0x80011d1c (0xbfe5)
core   0: 0x80011d14 (0x00001f17) auipc   t5, 0x1
core   0: 3 0x80011d14 (0x00001f17) x30 0x80012d14
core   0: 0x80011d18 (0x2e3f2623) sw      gp, 748(t5)
core   0: 3 0x80011d18 (0x2e3f2623) mem 0x80013000 0x00000001
core   0: 0x80011d1c (0x0000bfe5) c.j     pc - 8
core   0: 3 0x80011d1c (0xbfe5)
core   0: 0x80011d14 (0x00001f17) auipc   t5, 0x1
core   0: 3 0x80011d14 (0x00001f17) x30 0x80012d14
core   0: 0x80011d18 (0x2e3f2623) sw      gp, 748(t5)
core   0: 3 0x80011d18 (0x2e3f2623) mem 0x80013000 0x00000001
core   0: 0x80011d1c (0x0000bfe5) c.j     pc - 8
core   0: 3 0x80011d1c (0xbfe5)
core   0: 0x80011d14 (0x00001f17) auipc   t5, 0x1
core   0: 3 0x80011d14 (0x00001f17) x30 0x80012d14
core   0: 0x80011d18 (0x2e3f2623) sw      gp, 748(t5)
core   0: 3 0x80011d18 (0x2e3f2623) mem 0x80013000 0x00000001
core   0: 0x80011d1c (0x0000bfe5) c.j     pc - 8
core   0: 3 0x80011d1c (0xbfe5)
core   0: 0x80011d14 (0x00001f17) auipc   t5, 0x1
core   0: 3 0x80011d14 (0x00001f17) x30 0x80012d14
core   0: 0x80011d18 (0x2e3f2623) sw      gp, 748(t5)
core   0: 3 0x80011d18 (0x2e3f2623) mem 0x80013000 0x00000001
core   0: 0x80011d1c (0x0000bfe5) c.j     pc - 8
core   0: 3 0x80011d1c (0xbfe5)
core   0: 0x80011d14 (0x00001f17) auipc   t5, 0x1
core   0: 3 0x80011d14 (0x00001f17) x30 0x80012d14
core   0: 0x80011d18 (0x2e3f2623) sw      gp, 748(t5)
core   0: 3 0x80011d18 (0x2e3f2623) mem 0x80013000 0x00000001
core   0: 0x80011d1c (0x0000bfe5) c.j     pc - 8
core   0: 3 0x80011d1c (0xbfe5)
core   0: 0x80011d14 (0x00001f17) auipc   t5, 0x1
core   0: 3 0x80011d14 (0x00001f17) x30 0x80012d14
core   0: 0x80011d18 (0x2e3f2623) sw      gp, 748(t5)
core   0: 3 0x80011d18 (0x2e3f2623) mem 0x80013000 0x00000001
core   0: 0x80011d1c (0x0000bfe5) c.j     pc - 8
core   0: 3 0x80011d1c (0xbfe5)
core   0: 0x80011d14 (0x00001f17) auipc   t5, 0x1
core   0: 3 0x80011d14 (0x00001f17) x30 0x80012d14
core   0: 0x80011d18 (0x2e3f2623) sw      gp, 748(t5)
core   0: 3 0x80011d18 (0x2e3f2623) mem 0x80013000 0x00000001
core   0: 0x80011d1c (0x0000bfe5) c.j     pc - 8
core   0: 3 0x80011d1c (0xbfe5)
core   0: 0x80011d14 (0x00001f17) auipc   t5, 0x1
core   0: 3 0x80011d14 (0x00001f17) x30 0x80012d14
core   0: 0x80011d18 (0x2e3f2623) sw      gp, 748(t5)
core   0: 3 0x80011d18 (0x2e3f2623) mem 0x80013000 0x00000001
core   0: 0x80011d1c (0x0000bfe5) c.j     pc - 8
core   0: 3 0x80011d1c (0xbfe5)
core   0: 0x80011d14 (0x00001f17) auipc   t5, 0x1
core   0: 3 0x80011d14 (0x00001f17) x30 0x80012d14
core   0: 0x80011d18 (0x2e3f2623) sw      gp, 748(t5)
core   0: 3 0x80011d18 (0x2e3f2623) mem 0x80013000 0x00000001
core   0: 0x80011d1c (0x0000bfe5) c.j     pc - 8
core   0: 3 0x80011d1c (0xbfe5)
core   0: 0x80011d14 (0x00001f17) auipc   t5, 0x1
core   0: 3 0x80011d14 (0x00001f17) x30 0x80012d14
core   0: 0x80011d18 (0x2e3f2623) sw      gp, 748(t5)
core   0: 3 0x80011d18 (0x2e3f2623) mem 0x80013000 0x00000001
core   0: 0x80011d1c (0x0000bfe5) c.j     pc - 8
core   0: 3 0x80011d1c (0xbfe5)
core   0: 0x80011d14 (0x00001f17) auipc   t5, 0x1
core   0: 3 0x80011d14 (0x00001f17) x30 0x80012d14
core   0: 0x80011d18 (0x2e3f2623) sw      gp, 748(t5)
core   0: 3 0x80011d18 (0x2e3f2623) mem 0x80013000 0x00000001
core   0: 0x80011d1c (0x0000bfe5) c.j     pc - 8
core   0: 3 0x80011d1c (0xbfe5)
core   0: 0x80011d14 (0x00001f17) auipc   t5, 0x1
core   0: 3 0x80011d14 (0x00001f17) x30 0x80012d14
core   0: 0x80011d18 (0x2e3f2623) sw      gp, 748(t5)
core   0: 3 0x80011d18 (0x2e3f2623) mem 0x80013000 0x00000001
core   0: 0x80011d1c (0x0000bfe5) c.j     pc - 8
core   0: 3 0x80011d1c (0xbfe5)
core   0: 0x80011d14 (0x00001f17) auipc   t5, 0x1
core   0: 3 0x80011d14 (0x00001f17) x30 0x80012d14
core   0: 0x80011d18 (0x2e3f2623) sw      gp, 748(t5)
core   0: 3 0x80011d18 (0x2e3f2623) mem 0x80013000 0x00000001
core   0: 0x80011d1c (0x0000bfe5) c.j     pc - 8
core   0: 3 0x80011d1c (0xbfe5)
core   0: 0x80011d14 (0x00001f17) auipc   t5, 0x1
core   0: 3 0x80011d14 (0x00001f17) x30 0x80012d14
core   0: 0x80011d18 (0x2e3f2623) sw      gp, 748(t5)
core   0: 3 0x80011d18 (0x2e3f2623) mem 0x80013000 0x00000001
core   0: 0x80011d1c (0x0000bfe5) c.j     pc - 8
core   0: 3 0x80011d1c (0xbfe5)
core   0: 0x80011d14 (0x00001f17) auipc   t5, 0x1
core   0: 3 0x80011d14 (0x00001f17) x30 0x80012d14
core   0: 0x80011d18 (0x2e3f2623) sw      gp, 748(t5)
core   0: 3 0x80011d18 (0x2e3f2623) mem 0x80013000 0x00000001
core   0: 0x80011d1c (0x0000bfe5) c.j     pc - 8
core   0: 3 0x80011d1c (0xbfe5)
core   0: 0x80011d14 (0x00001f17) auipc   t5, 0x1
core   0: 3 0x80011d14 (0x00001f17) x30 0x80012d14
core   0: 0x80011d18 (0x2e3f2623) sw      gp, 748(t5)
core   0: 3 0x80011d18 (0x2e3f2623) mem 0x80013000 0x00000001
core   0: 0x80011d1c (0x0000bfe5) c.j     pc - 8
core   0: 3 0x80011d1c (0xbfe5)
core   0: 0x80011d14 (0x00001f17) auipc   t5, 0x1
core   0: 3 0x80011d14 (0x00001f17) x30 0x80012d14
core   0: 0x80011d18 (0x2e3f2623) sw      gp, 748(t5)
core   0: 3 0x80011d18 (0x2e3f2623) mem 0x80013000 0x00000001
core   0: 0x80011d1c (0x0000bfe5) c.j     pc - 8
core   0: 3 0x80011d1c (0xbfe5)
core   0: 0x80011d14 (0x00001f17) auipc   t5, 0x1
core   0: 3 0x80011d14 (0x00001f17) x30 0x80012d14
core   0: 0x80011d18 (0x2e3f2623) sw      gp, 748(t5)
core   0: 3 0x80011d18 (0x2e3f2623) mem 0x80013000 0x00000001
core   0: 0x80011d1c (0x0000bfe5) c.j     pc - 8
core   0: 3 0x80011d1c (0xbfe5)
core   0: 0x80011d14 (0x00001f17) auipc   t5, 0x1
core   0: 3 0x80011d14 (0x00001f17) x30 0x80012d14
core   0: 0x80011d18 (0x2e3f2623) sw      gp, 748(t5)
core   0: 3 0x80011d18 (0x2e3f2623) mem 0x80013000 0x00000001
core   0: 0x80011d1c (0x0000bfe5) c.j     pc - 8
core   0: 3 0x80011d1c (0xbfe5)
core   0: 0x80011d14 (0x00001f17) auipc   t5, 0x1
core   0: 3 0x80011d14 (0x00001f17) x30 0x80012d14
core   0: 0x80011d18 (0x2e3f2623) sw      gp, 748(t5)
core   0: 3 0x80011d18 (0x2e3f2623) mem 0x80013000 0x00000001
core   0: 0x80011d1c (0x0000bfe5) c.j     pc - 8
core   0: 3 0x80011d1c (0xbfe5)
core   0: 0x80011d14 (0x00001f17) auipc   t5, 0x1
core   0: 3 0x80011d14 (0x00001f17) x30 0x80012d14
core   0: 0x80011d18 (0x2e3f2623) sw      gp, 748(t5)
core   0: 3 0x80011d18 (0x2e3f2623) mem 0x80013000 0x00000001
core   0: 0x80011d1c (0x0000bfe5) c.j     pc - 8
core   0: 3 0x80011d1c (0xbfe5)
core   0: 0x80011d14 (0x00001f17) auipc   t5, 0x1
core   0: 3 0x80011d14 (0x00001f17) x30 0x80012d14
core   0: 0x80011d18 (0x2e3f2623) sw      gp, 748(t5)
core   0: 3 0x80011d18 (0x2e3f2623) mem 0x80013000 0x00000001
core   0: 0x80011d1c (0x0000bfe5) c.j     pc - 8
core   0: 3 0x80011d1c (0xbfe5)
core   0: 0x80011d14 (0x00001f17) auipc   t5, 0x1
core   0: 3 0x80011d14 (0x00001f17) x30 0x80012d14
core   0: 0x80011d18 (0x2e3f2623) sw      gp, 748(t5)
core   0: 3 0x80011d18 (0x2e3f2623) mem 0x80013000 0x00000001
core   0: 0x80011d1c (0x0000bfe5) c.j     pc - 8
core   0: 3 0x80011d1c (0xbfe5)
core   0: 0x80011d14 (0x00001f17) auipc   t5, 0x1
core   0: 3 0x80011d14 (0x00001f17) x30 0x80012d14
core   0: 0x80011d18 (0x2e3f2623) sw      gp, 748(t5)
core   0: 3 0x80011d18 (0x2e3f2623) mem 0x80013000 0x00000001
core   0: 0x80011d1c (0x0000bfe5) c.j     pc - 8
core   0: 3 0x80011d1c (0xbfe5)
core   0: 0x80011d14 (0x00001f17) auipc   t5, 0x1
core   0: 3 0x80011d14 (0x00001f17) x30 0x80012d14
core   0: 0x80011d18 (0x2e3f2623) sw      gp, 748(t5)
core   0: 3 0x80011d18 (0x2e3f2623) mem 0x80013000 0x00000001
core   0: 0x80011d1c (0x0000bfe5) c.j     pc - 8
core   0: 3 0x80011d1c (0xbfe5)
core   0: 0x80011d14 (0x00001f17) auipc   t5, 0x1
core   0: 3 0x80011d14 (0x00001f17) x30 0x80012d14
core   0: 0x80011d18 (0x2e3f2623) sw      gp, 748(t5)
core   0: 3 0x80011d18 (0x2e3f2623) mem 0x80013000 0x00000001
core   0: 0x80011d1c (0x0000bfe5) c.j     pc - 8
core   0: 3 0x80011d1c (0xbfe5)
core   0: 0x80011d14 (0x00001f17) auipc   t5, 0x1
core   0: 3 0x80011d14 (0x00001f17) x30 0x80012d14
core   0: 0x80011d18 (0x2e3f2623) sw      gp, 748(t5)
core   0: 3 0x80011d18 (0x2e3f2623) mem 0x80013000 0x00000001
core   0: 0x80011d1c (0x0000bfe5) c.j     pc - 8
core   0: 3 0x80011d1c (0xbfe5)
core   0: 0x80011d14 (0x00001f17) auipc   t5, 0x1
core   0: 3 0x80011d14 (0x00001f17) x30 0x80012d14
core   0: 0x80011d18 (0x2e3f2623) sw      gp, 748(t5)
core   0: 3 0x80011d18 (0x2e3f2623) mem 0x80013000 0x00000001
core   0: 0x80011d1c (0x0000bfe5) c.j     pc - 8
core   0: 3 0x80011d1c (0xbfe5)
core   0: 0x80011d14 (0x00001f17) auipc   t5, 0x1
core   0: 3 0x80011d14 (0x00001f17) x30 0x80012d14
core   0: 0x80011d18 (0x2e3f2623) sw      gp, 748(t5)
core   0: 3 0x80011d18 (0x2e3f2623) mem 0x80013000 0x00000001
core   0: 0x80011d1c (0x0000bfe5) c.j     pc - 8
core   0: 3 0x80011d1c (0xbfe5)
core   0: 0x80011d14 (0x00001f17) auipc   t5, 0x1
core   0: 3 0x80011d14 (0x00001f17) x30 0x80012d14
core   0: 0x80011d18 (0x2e3f2623) sw      gp, 748(t5)
core   0: 3 0x80011d18 (0x2e3f2623) mem 0x80013000 0x00000001
core   0: 0x80011d1c (0x0000bfe5) c.j     pc - 8
core   0: 3 0x80011d1c (0xbfe5)
core   0: 0x80011d14 (0x00001f17) auipc   t5, 0x1
core   0: 3 0x80011d14 (0x00001f17) x30 0x80012d14
core   0: 0x80011d18 (0x2e3f2623) sw      gp, 748(t5)
core   0: 3 0x80011d18 (0x2e3f2623) mem 0x80013000 0x00000001
core   0: 0x80011d1c (0x0000bfe5) c.j     pc - 8
core   0: 3 0x80011d1c (0xbfe5)
core   0: 0x80011d14 (0x00001f17) auipc   t5, 0x1
core   0: 3 0x80011d14 (0x00001f17) x30 0x80012d14
core   0: 0x80011d18 (0x2e3f2623) sw      gp, 748(t5)
core   0: 3 0x80011d18 (0x2e3f2623) mem 0x80013000 0x00000001
core   0: 0x80011d1c (0x0000bfe5) c.j     pc - 8
core   0: 3 0x80011d1c (0xbfe5)
core   0: 0x80011d14 (0x00001f17) auipc   t5, 0x1
core   0: 3 0x80011d14 (0x00001f17) x30 0x80012d14
core   0: 0x80011d18 (0x2e3f2623) sw      gp, 748(t5)
core   0: 3 0x80011d18 (0x2e3f2623) mem 0x80013000 0x00000001
core   0: 0x80011d1c (0x0000bfe5) c.j     pc - 8
core   0: 3 0x80011d1c (0xbfe5)
core   0: 0x80011d14 (0x00001f17) auipc   t5, 0x1
core   0: 3 0x80011d14 (0x00001f17) x30 0x80012d14
core   0: 0x80011d18 (0x2e3f2623) sw      gp, 748(t5)
core   0: 3 0x80011d18 (0x2e3f2623) mem 0x80013000 0x00000001
core   0: 0x80011d1c (0x0000bfe5) c.j     pc - 8
core   0: 3 0x80011d1c (0xbfe5)
core   0: 0x80011d14 (0x00001f17) auipc   t5, 0x1
core   0: 3 0x80011d14 (0x00001f17) x30 0x80012d14
core   0: 0x80011d18 (0x2e3f2623) sw      gp, 748(t5)
core   0: 3 0x80011d18 (0x2e3f2623) mem 0x80013000 0x00000001
core   0: 0x80011d1c (0x0000bfe5) c.j     pc - 8
core   0: 3 0x80011d1c (0xbfe5)
core   0: 0x80011d14 (0x00001f17) auipc   t5, 0x1
core   0: 3 0x80011d14 (0x00001f17) x30 0x80012d14
core   0: 0x80011d18 (0x2e3f2623) sw      gp, 748(t5)
core   0: 3 0x80011d18 (0x2e3f2623) mem 0x80013000 0x00000001
core   0: 0x80011d1c (0x0000bfe5) c.j     pc - 8
core   0: 3 0x80011d1c (0xbfe5)
core   0: 0x80011d14 (0x00001f17) auipc   t5, 0x1
core   0: 3 0x80011d14 (0x00001f17) x30 0x80012d14
core   0: 0x80011d18 (0x2e3f2623) sw      gp, 748(t5)
core   0: 3 0x80011d18 (0x2e3f2623) mem 0x80013000 0x00000001
core   0: 0x80011d1c (0x0000bfe5) c.j     pc - 8
core   0: 3 0x80011d1c (0xbfe5)
core   0: 0x80011d14 (0x00001f17) auipc   t5, 0x1
core   0: 3 0x80011d14 (0x00001f17) x30 0x80012d14
core   0: 0x80011d18 (0x2e3f2623) sw      gp, 748(t5)
core   0: 3 0x80011d18 (0x2e3f2623) mem 0x80013000 0x00000001
core   0: 0x80011d1c (0x0000bfe5) c.j     pc - 8
core   0: 3 0x80011d1c (0xbfe5)
core   0: 0x80011d14 (0x00001f17) auipc   t5, 0x1
core   0: 3 0x80011d14 (0x00001f17) x30 0x80012d14
core   0: 0x80011d18 (0x2e3f2623) sw      gp, 748(t5)
core   0: 3 0x80011d18 (0x2e3f2623) mem 0x80013000 0x00000001
core   0: 0x80011d1c (0x0000bfe5) c.j     pc - 8
core   0: 3 0x80011d1c (0xbfe5)
core   0: 0x80011d14 (0x00001f17) auipc   t5, 0x1
core   0: 3 0x80011d14 (0x00001f17) x30 0x80012d14
core   0: 0x80011d18 (0x2e3f2623) sw      gp, 748(t5)
core   0: 3 0x80011d18 (0x2e3f2623) mem 0x80013000 0x00000001
core   0: 0x80011d1c (0x0000bfe5) c.j     pc - 8
core   0: 3 0x80011d1c (0xbfe5)
core   0: 0x80011d14 (0x00001f17) auipc   t5, 0x1
core   0: 3 0x80011d14 (0x00001f17) x30 0x80012d14
core   0: 0x80011d18 (0x2e3f2623) sw      gp, 748(t5)
core   0: 3 0x80011d18 (0x2e3f2623) mem 0x80013000 0x00000001
core   0: 0x80011d1c (0x0000bfe5) c.j     pc - 8
core   0: 3 0x80011d1c (0xbfe5)
core   0: 0x80011d14 (0x00001f17) auipc   t5, 0x1
core   0: 3 0x80011d14 (0x00001f17) x30 0x80012d14
core   0: 0x80011d18 (0x2e3f2623) sw      gp, 748(t5)
core   0: 3 0x80011d18 (0x2e3f2623) mem 0x80013000 0x00000001
core   0: 0x80011d1c (0x0000bfe5) c.j     pc - 8
core   0: 3 0x80011d1c (0xbfe5)
core   0: 0x80011d14 (0x00001f17) auipc   t5, 0x1
core   0: 3 0x80011d14 (0x00001f17) x30 0x80012d14
core   0: 0x80011d18 (0x2e3f2623) sw      gp, 748(t5)
core   0: 3 0x80011d18 (0x2e3f2623) mem 0x80013000 0x00000001
core   0: 0x80011d1c (0x0000bfe5) c.j     pc - 8
core   0: 3 0x80011d1c (0xbfe5)
core   0: 0x80011d14 (0x00001f17) auipc   t5, 0x1
core   0: 3 0x80011d14 (0x00001f17) x30 0x80012d14
core   0: 0x80011d18 (0x2e3f2623) sw      gp, 748(t5)
core   0: 3 0x80011d18 (0x2e3f2623) mem 0x80013000 0x00000001
core   0: 0x80011d1c (0x0000bfe5) c.j     pc - 8
core   0: 3 0x80011d1c (0xbfe5)
core   0: 0x80011d14 (0x00001f17) auipc   t5, 0x1
core   0: 3 0x80011d14 (0x00001f17) x30 0x80012d14
core   0: 0x80011d18 (0x2e3f2623) sw      gp, 748(t5)
core   0: 3 0x80011d18 (0x2e3f2623) mem 0x80013000 0x00000001
core   0: 0x80011d1c (0x0000bfe5) c.j     pc - 8
core   0: 3 0x80011d1c (0xbfe5)
core   0: 0x80011d14 (0x00001f17) auipc   t5, 0x1
core   0: 3 0x80011d14 (0x00001f17) x30 0x80012d14
core   0: 0x80011d18 (0x2e3f2623) sw      gp, 748(t5)
core   0: 3 0x80011d18 (0x2e3f2623) mem 0x80013000 0x00000001
core   0: 0x80011d1c (0x0000bfe5) c.j     pc - 8
core   0: 3 0x80011d1c (0xbfe5)
core   0: 0x80011d14 (0x00001f17) auipc   t5, 0x1
core   0: 3 0x80011d14 (0x00001f17) x30 0x80012d14
core   0: 0x80011d18 (0x2e3f2623) sw      gp, 748(t5)
core   0: 3 0x80011d18 (0x2e3f2623) mem 0x80013000 0x00000001
core   0: 0x80011d1c (0x0000bfe5) c.j     pc - 8
core   0: 3 0x80011d1c (0xbfe5)
core   0: 0x80011d14 (0x00001f17) auipc   t5, 0x1
core   0: 3 0x80011d14 (0x00001f17) x30 0x80012d14
core   0: 0x80011d18 (0x2e3f2623) sw      gp, 748(t5)
core   0: 3 0x80011d18 (0x2e3f2623) mem 0x80013000 0x00000001
core   0: 0x80011d1c (0x0000bfe5) c.j     pc - 8
core   0: 3 0x80011d1c (0xbfe5)
core   0: 0x80011d14 (0x00001f17) auipc   t5, 0x1
core   0: 3 0x80011d14 (0x00001f17) x30 0x80012d14
core   0: 0x80011d18 (0x2e3f2623) sw      gp, 748(t5)
core   0: 3 0x80011d18 (0x2e3f2623) mem 0x80013000 0x00000001
core   0: 0x80011d1c (0x0000bfe5) c.j     pc - 8
core   0: 3 0x80011d1c (0xbfe5)
core   0: 0x80011d14 (0x00001f17) auipc   t5, 0x1
core   0: 3 0x80011d14 (0x00001f17) x30 0x80012d14
core   0: 0x80011d18 (0x2e3f2623) sw      gp, 748(t5)
core   0: 3 0x80011d18 (0x2e3f2623) mem 0x80013000 0x00000001
core   0: 0x80011d1c (0x0000bfe5) c.j     pc - 8
core   0: 3 0x80011d1c (0xbfe5)
core   0: 0x80011d14 (0x00001f17) auipc   t5, 0x1
core   0: 3 0x80011d14 (0x00001f17) x30 0x80012d14
core   0: 0x80011d18 (0x2e3f2623) sw      gp, 748(t5)
core   0: 3 0x80011d18 (0x2e3f2623) mem 0x80013000 0x00000001
core   0: 0x80011d1c (0x0000bfe5) c.j     pc - 8
core   0: 3 0x80011d1c (0xbfe5)
core   0: 0x80011d14 (0x00001f17) auipc   t5, 0x1
core   0: 3 0x80011d14 (0x00001f17) x30 0x80012d14
core   0: 0x80011d18 (0x2e3f2623) sw      gp, 748(t5)
core   0: 3 0x80011d18 (0x2e3f2623) mem 0x80013000 0x00000001
core   0: 0x80011d1c (0x0000bfe5) c.j     pc - 8
core   0: 3 0x80011d1c (0xbfe5)
core   0: 0x80011d14 (0x00001f17) auipc   t5, 0x1
core   0: 3 0x80011d14 (0x00001f17) x30 0x80012d14
core   0: 0x80011d18 (0x2e3f2623) sw      gp, 748(t5)
core   0: 3 0x80011d18 (0x2e3f2623) mem 0x80013000 0x00000001
core   0: 0x80011d1c (0x0000bfe5) c.j     pc - 8
core   0: 3 0x80011d1c (0xbfe5)
core   0: 0x80011d14 (0x00001f17) auipc   t5, 0x1
core   0: 3 0x80011d14 (0x00001f17) x30 0x80012d14
core   0: 0x80011d18 (0x2e3f2623) sw      gp, 748(t5)
core   0: 3 0x80011d18 (0x2e3f2623) mem 0x80013000 0x00000001
core   0: 0x80011d1c (0x0000bfe5) c.j     pc - 8
core   0: 3 0x80011d1c (0xbfe5)
core   0: 0x80011d14 (0x00001f17) auipc   t5, 0x1
core   0: 3 0x80011d14 (0x00001f17) x30 0x80012d14
core   0: 0x80011d18 (0x2e3f2623) sw      gp, 748(t5)
core   0: 3 0x80011d18 (0x2e3f2623) mem 0x80013000 0x00000001
core   0: 0x80011d1c (0x0000bfe5) c.j     pc - 8
core   0: 3 0x80011d1c (0xbfe5)
core   0: 0x80011d14 (0x00001f17) auipc   t5, 0x1
core   0: 3 0x80011d14 (0x00001f17) x30 0x80012d14
core   0: 0x80011d18 (0x2e3f2623) sw      gp, 748(t5)
core   0: 3 0x80011d18 (0x2e3f2623) mem 0x80013000 0x00000001
core   0: 0x80011d1c (0x0000bfe5) c.j     pc - 8
core   0: 3 0x80011d1c (0xbfe5)
core   0: 0x80011d14 (0x00001f17) auipc   t5, 0x1
core   0: 3 0x80011d14 (0x00001f17) x30 0x80012d14
core   0: 0x80011d18 (0x2e3f2623) sw      gp, 748(t5)
core   0: 3 0x80011d18 (0x2e3f2623) mem 0x80013000 0x00000001
core   0: 0x80011d1c (0x0000bfe5) c.j     pc - 8
core   0: 3 0x80011d1c (0xbfe5)
core   0: 0x80011d14 (0x00001f17) auipc   t5, 0x1
core   0: 3 0x80011d14 (0x00001f17) x30 0x80012d14
core   0: 0x80011d18 (0x2e3f2623) sw      gp, 748(t5)
core   0: 3 0x80011d18 (0x2e3f2623) mem 0x80013000 0x00000001
core   0: 0x80011d1c (0x0000bfe5) c.j     pc - 8
core   0: 3 0x80011d1c (0xbfe5)
core   0: 0x80011d14 (0x00001f17) auipc   t5, 0x1
core   0: 3 0x80011d14 (0x00001f17) x30 0x80012d14
core   0: 0x80011d18 (0x2e3f2623) sw      gp, 748(t5)
core   0: 3 0x80011d18 (0x2e3f2623) mem 0x80013000 0x00000001
core   0: 0x80011d1c (0x0000bfe5) c.j     pc - 8
core   0: 3 0x80011d1c (0xbfe5)
core   0: 0x80011d14 (0x00001f17) auipc   t5, 0x1
core   0: 3 0x80011d14 (0x00001f17) x30 0x80012d14
core   0: 0x80011d18 (0x2e3f2623) sw      gp, 748(t5)
core   0: 3 0x80011d18 (0x2e3f2623) mem 0x80013000 0x00000001
core   0: 0x80011d1c (0x0000bfe5) c.j     pc - 8
core   0: 3 0x80011d1c (0xbfe5)
core   0: 0x80011d14 (0x00001f17) auipc   t5, 0x1
core   0: 3 0x80011d14 (0x00001f17) x30 0x80012d14
core   0: 0x80011d18 (0x2e3f2623) sw      gp, 748(t5)
core   0: 3 0x80011d18 (0x2e3f2623) mem 0x80013000 0x00000001
core   0: 0x80011d1c (0x0000bfe5) c.j     pc - 8
core   0: 3 0x80011d1c (0xbfe5)
core   0: 0x80011d14 (0x00001f17) auipc   t5, 0x1
core   0: 3 0x80011d14 (0x00001f17) x30 0x80012d14
core   0: 0x80011d18 (0x2e3f2623) sw      gp, 748(t5)
core   0: 3 0x80011d18 (0x2e3f2623) mem 0x80013000 0x00000001
core   0: 0x80011d1c (0x0000bfe5) c.j     pc - 8
core   0: 3 0x80011d1c (0xbfe5)
core   0: 0x80011d14 (0x00001f17) auipc   t5, 0x1
core   0: 3 0x80011d14 (0x00001f17) x30 0x80012d14
core   0: 0x80011d18 (0x2e3f2623) sw      gp, 748(t5)
core   0: 3 0x80011d18 (0x2e3f2623) mem 0x80013000 0x00000001
core   0: 0x80011d1c (0x0000bfe5) c.j     pc - 8
core   0: 3 0x80011d1c (0xbfe5)
core   0: 0x80011d14 (0x00001f17) auipc   t5, 0x1
core   0: 3 0x80011d14 (0x00001f17) x30 0x80012d14
core   0: 0x80011d18 (0x2e3f2623) sw      gp, 748(t5)
core   0: 3 0x80011d18 (0x2e3f2623) mem 0x80013000 0x00000001
core   0: 0x80011d1c (0x0000bfe5) c.j     pc - 8
core   0: 3 0x80011d1c (0xbfe5)
core   0: 0x80011d14 (0x00001f17) auipc   t5, 0x1
core   0: 3 0x80011d14 (0x00001f17) x30 0x80012d14
core   0: 0x80011d18 (0x2e3f2623) sw      gp, 748(t5)
core   0: 3 0x80011d18 (0x2e3f2623) mem 0x80013000 0x00000001
core   0: 0x80011d1c (0x0000bfe5) c.j     pc - 8
core   0: 3 0x80011d1c (0xbfe5)
core   0: 0x80011d14 (0x00001f17) auipc   t5, 0x1
core   0: 3 0x80011d14 (0x00001f17) x30 0x80012d14
core   0: 0x80011d18 (0x2e3f2623) sw      gp, 748(t5)
core   0: 3 0x80011d18 (0x2e3f2623) mem 0x80013000 0x00000001
core   0: 0x80011d1c (0x0000bfe5) c.j     pc - 8
core   0: 3 0x80011d1c (0xbfe5)
core   0: 0x80011d14 (0x00001f17) auipc   t5, 0x1
core   0: 3 0x80011d14 (0x00001f17) x30 0x80012d14
core   0: 0x80011d18 (0x2e3f2623) sw      gp, 748(t5)
core   0: 3 0x80011d18 (0x2e3f2623) mem 0x80013000 0x00000001
core   0: 0x80011d1c (0x0000bfe5) c.j     pc - 8
core   0: 3 0x80011d1c (0xbfe5)
core   0: 0x80011d14 (0x00001f17) auipc   t5, 0x1
core   0: 3 0x80011d14 (0x00001f17) x30 0x80012d14
core   0: 0x80011d18 (0x2e3f2623) sw      gp, 748(t5)
core   0: 3 0x80011d18 (0x2e3f2623) mem 0x80013000 0x00000001
core   0: 0x80011d1c (0x0000bfe5) c.j     pc - 8
core   0: 3 0x80011d1c (0xbfe5)
core   0: 0x80011d14 (0x00001f17) auipc   t5, 0x1
core   0: 3 0x80011d14 (0x00001f17) x30 0x80012d14
core   0: 0x80011d18 (0x2e3f2623) sw      gp, 748(t5)
core   0: 3 0x80011d18 (0x2e3f2623) mem 0x80013000 0x00000001
core   0: 0x80011d1c (0x0000bfe5) c.j     pc - 8
core   0: 3 0x80011d1c (0xbfe5)
core   0: 0x80011d14 (0x00001f17) auipc   t5, 0x1
core   0: 3 0x80011d14 (0x00001f17) x30 0x80012d14
core   0: 0x80011d18 (0x2e3f2623) sw      gp, 748(t5)
core   0: 3 0x80011d18 (0x2e3f2623) mem 0x80013000 0x00000001
core   0: 0x80011d1c (0x0000bfe5) c.j     pc - 8
core   0: 3 0x80011d1c (0xbfe5)
core   0: 0x80011d14 (0x00001f17) auipc   t5, 0x1
core   0: 3 0x80011d14 (0x00001f17) x30 0x80012d14
core   0: 0x80011d18 (0x2e3f2623) sw      gp, 748(t5)
core   0: 3 0x80011d18 (0x2e3f2623) mem 0x80013000 0x00000001
core   0: 0x80011d1c (0x0000bfe5) c.j     pc - 8
core   0: 3 0x80011d1c (0xbfe5)
core   0: 0x80011d14 (0x00001f17) auipc   t5, 0x1
core   0: 3 0x80011d14 (0x00001f17) x30 0x80012d14
core   0: 0x80011d18 (0x2e3f2623) sw      gp, 748(t5)
core   0: 3 0x80011d18 (0x2e3f2623) mem 0x80013000 0x00000001
core   0: 0x80011d1c (0x0000bfe5) c.j     pc - 8
core   0: 3 0x80011d1c (0xbfe5)
core   0: 0x80011d14 (0x00001f17) auipc   t5, 0x1
core   0: 3 0x80011d14 (0x00001f17) x30 0x80012d14
core   0: 0x80011d18 (0x2e3f2623) sw      gp, 748(t5)
core   0: 3 0x80011d18 (0x2e3f2623) mem 0x80013000 0x00000001
core   0: 0x80011d1c (0x0000bfe5) c.j     pc - 8
core   0: 3 0x80011d1c (0xbfe5)
core   0: 0x80011d14 (0x00001f17) auipc   t5, 0x1
core   0: 3 0x80011d14 (0x00001f17) x30 0x80012d14
core   0: 0x80011d18 (0x2e3f2623) sw      gp, 748(t5)
core   0: 3 0x80011d18 (0x2e3f2623) mem 0x80013000 0x00000001
core   0: 0x80011d1c (0x0000bfe5) c.j     pc - 8
core   0: 3 0x80011d1c (0xbfe5)
core   0: 0x80011d14 (0x00001f17) auipc   t5, 0x1
core   0: 3 0x80011d14 (0x00001f17) x30 0x80012d14
core   0: 0x80011d18 (0x2e3f2623) sw      gp, 748(t5)
core   0: 3 0x80011d18 (0x2e3f2623) mem 0x80013000 0x00000001
core   0: 0x80011d1c (0x0000bfe5) c.j     pc - 8
core   0: 3 0x80011d1c (0xbfe5)
core   0: 0x80011d14 (0x00001f17) auipc   t5, 0x1
core   0: 3 0x80011d14 (0x00001f17) x30 0x80012d14
core   0: 0x80011d18 (0x2e3f2623) sw      gp, 748(t5)
core   0: 3 0x80011d18 (0x2e3f2623) mem 0x80013000 0x00000001
core   0: 0x80011d1c (0x0000bfe5) c.j     pc - 8
core   0: 3 0x80011d1c (0xbfe5)
core   0: 0x80011d14 (0x00001f17) auipc   t5, 0x1
core   0: 3 0x80011d14 (0x00001f17) x30 0x80012d14
core   0: 0x80011d18 (0x2e3f2623) sw      gp, 748(t5)
core   0: 3 0x80011d18 (0x2e3f2623) mem 0x80013000 0x00000001
core   0: 0x80011d1c (0x0000bfe5) c.j     pc - 8
core   0: 3 0x80011d1c (0xbfe5)
core   0: 0x80011d14 (0x00001f17) auipc   t5, 0x1
core   0: 3 0x80011d14 (0x00001f17) x30 0x80012d14
core   0: 0x80011d18 (0x2e3f2623) sw      gp, 748(t5)
core   0: 3 0x80011d18 (0x2e3f2623) mem 0x80013000 0x00000001
core   0: 0x80011d1c (0x0000bfe5) c.j     pc - 8
core   0: 3 0x80011d1c (0xbfe5)
core   0: 0x80011d14 (0x00001f17) auipc   t5, 0x1
core   0: 3 0x80011d14 (0x00001f17) x30 0x80012d14
core   0: 0x80011d18 (0x2e3f2623) sw      gp, 748(t5)
core   0: 3 0x80011d18 (0x2e3f2623) mem 0x80013000 0x00000001
core   0: 0x80011d1c (0x0000bfe5) c.j     pc - 8
core   0: 3 0x80011d1c (0xbfe5)
core   0: 0x80011d14 (0x00001f17) auipc   t5, 0x1
core   0: 3 0x80011d14 (0x00001f17) x30 0x80012d14
core   0: 0x80011d18 (0x2e3f2623) sw      gp, 748(t5)
core   0: 3 0x80011d18 (0x2e3f2623) mem 0x80013000 0x00000001
core   0: 0x80011d1c (0x0000bfe5) c.j     pc - 8
core   0: 3 0x80011d1c (0xbfe5)
core   0: 0x80011d14 (0x00001f17) auipc   t5, 0x1
core   0: 3 0x80011d14 (0x00001f17) x30 0x80012d14
core   0: 0x80011d18 (0x2e3f2623) sw      gp, 748(t5)
core   0: 3 0x80011d18 (0x2e3f2623) mem 0x80013000 0x00000001
core   0: 0x80011d1c (0x0000bfe5) c.j     pc - 8
core   0: 3 0x80011d1c (0xbfe5)
core   0: 0x80011d14 (0x00001f17) auipc   t5, 0x1
core   0: 3 0x80011d14 (0x00001f17) x30 0x80012d14
core   0: 0x80011d18 (0x2e3f2623) sw      gp, 748(t5)
core   0: 3 0x80011d18 (0x2e3f2623) mem 0x80013000 0x00000001
core   0: 0x80011d1c (0x0000bfe5) c.j     pc - 8
core   0: 3 0x80011d1c (0xbfe5)
core   0: 0x80011d14 (0x00001f17) auipc   t5, 0x1
core   0: 3 0x80011d14 (0x00001f17) x30 0x80012d14
core   0: 0x80011d18 (0x2e3f2623) sw      gp, 748(t5)
core   0: 3 0x80011d18 (0x2e3f2623) mem 0x80013000 0x00000001
core   0: 0x80011d1c (0x0000bfe5) c.j     pc - 8
core   0: 3 0x80011d1c (0xbfe5)
core   0: 0x80011d14 (0x00001f17) auipc   t5, 0x1
core   0: 3 0x80011d14 (0x00001f17) x30 0x80012d14
core   0: 0x80011d18 (0x2e3f2623) sw      gp, 748(t5)
core   0: 3 0x80011d18 (0x2e3f2623) mem 0x80013000 0x00000001
core   0: 0x80011d1c (0x0000bfe5) c.j     pc - 8
core   0: 3 0x80011d1c (0xbfe5)
core   0: 0x80011d14 (0x00001f17) auipc   t5, 0x1
core   0: 3 0x80011d14 (0x00001f17) x30 0x80012d14
core   0: 0x80011d18 (0x2e3f2623) sw      gp, 748(t5)
core   0: 3 0x80011d18 (0x2e3f2623) mem 0x80013000 0x00000001
core   0: 0x80011d1c (0x0000bfe5) c.j     pc - 8
core   0: 3 0x80011d1c (0xbfe5)
core   0: 0x80011d14 (0x00001f17) auipc   t5, 0x1
core   0: 3 0x80011d14 (0x00001f17) x30 0x80012d14
core   0: 0x80011d18 (0x2e3f2623) sw      gp, 748(t5)
core   0: 3 0x80011d18 (0x2e3f2623) mem 0x80013000 0x00000001
core   0: 0x80011d1c (0x0000bfe5) c.j     pc - 8
core   0: 3 0x80011d1c (0xbfe5)
core   0: 0x80011d14 (0x00001f17) auipc   t5, 0x1
core   0: 3 0x80011d14 (0x00001f17) x30 0x80012d14
core   0: 0x80011d18 (0x2e3f2623) sw      gp, 748(t5)
core   0: 3 0x80011d18 (0x2e3f2623) mem 0x80013000 0x00000001
core   0: 0x80011d1c (0x0000bfe5) c.j     pc - 8
core   0: 3 0x80011d1c (0xbfe5)
core   0: 0x80011d14 (0x00001f17) auipc   t5, 0x1
core   0: 3 0x80011d14 (0x00001f17) x30 0x80012d14
core   0: 0x80011d18 (0x2e3f2623) sw      gp, 748(t5)
core   0: 3 0x80011d18 (0x2e3f2623) mem 0x80013000 0x00000001
core   0: 0x80011d1c (0x0000bfe5) c.j     pc - 8
core   0: 3 0x80011d1c (0xbfe5)
core   0: 0x80011d14 (0x00001f17) auipc   t5, 0x1
core   0: 3 0x80011d14 (0x00001f17) x30 0x80012d14
core   0: 0x80011d18 (0x2e3f2623) sw      gp, 748(t5)
core   0: 3 0x80011d18 (0x2e3f2623) mem 0x80013000 0x00000001
core   0: 0x80011d1c (0x0000bfe5) c.j     pc - 8
core   0: 3 0x80011d1c (0xbfe5)
core   0: 0x80011d14 (0x00001f17) auipc   t5, 0x1
core   0: 3 0x80011d14 (0x00001f17) x30 0x80012d14
core   0: 0x80011d18 (0x2e3f2623) sw      gp, 748(t5)
core   0: 3 0x80011d18 (0x2e3f2623) mem 0x80013000 0x00000001
core   0: 0x80011d1c (0x0000bfe5) c.j     pc - 8
core   0: 3 0x80011d1c (0xbfe5)
core   0: 0x80011d14 (0x00001f17) auipc   t5, 0x1
core   0: 3 0x80011d14 (0x00001f17) x30 0x80012d14
core   0: 0x80011d18 (0x2e3f2623) sw      gp, 748(t5)
core   0: 3 0x80011d18 (0x2e3f2623) mem 0x80013000 0x00000001
core   0: 0x80011d1c (0x0000bfe5) c.j     pc - 8
core   0: 3 0x80011d1c (0xbfe5)
core   0: 0x80011d14 (0x00001f17) auipc   t5, 0x1
core   0: 3 0x80011d14 (0x00001f17) x30 0x80012d14
core   0: 0x80011d18 (0x2e3f2623) sw      gp, 748(t5)
core   0: 3 0x80011d18 (0x2e3f2623) mem 0x80013000 0x00000001
core   0: 0x80011d1c (0x0000bfe5) c.j     pc - 8
core   0: 3 0x80011d1c (0xbfe5)
core   0: 0x80011d14 (0x00001f17) auipc   t5, 0x1
core   0: 3 0x80011d14 (0x00001f17) x30 0x80012d14
core   0: 0x80011d18 (0x2e3f2623) sw      gp, 748(t5)
core   0: 3 0x80011d18 (0x2e3f2623) mem 0x80013000 0x00000001
core   0: 0x80011d1c (0x0000bfe5) c.j     pc - 8
core   0: 3 0x80011d1c (0xbfe5)
core   0: 0x80011d14 (0x00001f17) auipc   t5, 0x1
core   0: 3 0x80011d14 (0x00001f17) x30 0x80012d14
core   0: 0x80011d18 (0x2e3f2623) sw      gp, 748(t5)
core   0: 3 0x80011d18 (0x2e3f2623) mem 0x80013000 0x00000001
core   0: 0x80011d1c (0x0000bfe5) c.j     pc - 8
core   0: 3 0x80011d1c (0xbfe5)
core   0: 0x80011d14 (0x00001f17) auipc   t5, 0x1
core   0: 3 0x80011d14 (0x00001f17) x30 0x80012d14
core   0: 0x80011d18 (0x2e3f2623) sw      gp, 748(t5)
core   0: 3 0x80011d18 (0x2e3f2623) mem 0x80013000 0x00000001
core   0: 0x80011d1c (0x0000bfe5) c.j     pc - 8
core   0: 3 0x80011d1c (0xbfe5)
core   0: 0x80011d14 (0x00001f17) auipc   t5, 0x1
core   0: 3 0x80011d14 (0x00001f17) x30 0x80012d14
core   0: 0x80011d18 (0x2e3f2623) sw      gp, 748(t5)
core   0: 3 0x80011d18 (0x2e3f2623) mem 0x80013000 0x00000001
core   0: 0x80011d1c (0x0000bfe5) c.j     pc - 8
core   0: 3 0x80011d1c (0xbfe5)
core   0: 0x80011d14 (0x00001f17) auipc   t5, 0x1
core   0: 3 0x80011d14 (0x00001f17) x30 0x80012d14
core   0: 0x80011d18 (0x2e3f2623) sw      gp, 748(t5)
core   0: 3 0x80011d18 (0x2e3f2623) mem 0x80013000 0x00000001
core   0: 0x80011d1c (0x0000bfe5) c.j     pc - 8
core   0: 3 0x80011d1c (0xbfe5)
core   0: 0x80011d14 (0x00001f17) auipc   t5, 0x1
core   0: 3 0x80011d14 (0x00001f17) x30 0x80012d14
core   0: 0x80011d18 (0x2e3f2623) sw      gp, 748(t5)
core   0: 3 0x80011d18 (0x2e3f2623) mem 0x80013000 0x00000001
core   0: 0x80011d1c (0x0000bfe5) c.j     pc - 8
core   0: 3 0x80011d1c (0xbfe5)
core   0: 0x80011d14 (0x00001f17) auipc   t5, 0x1
core   0: 3 0x80011d14 (0x00001f17) x30 0x80012d14
core   0: 0x80011d18 (0x2e3f2623) sw      gp, 748(t5)
core   0: 3 0x80011d18 (0x2e3f2623) mem 0x80013000 0x00000001
core   0: 0x80011d1c (0x0000bfe5) c.j     pc - 8
core   0: 3 0x80011d1c (0xbfe5)
core   0: 0x80011d14 (0x00001f17) auipc   t5, 0x1
core   0: 3 0x80011d14 (0x00001f17) x30 0x80012d14
core   0: 0x80011d18 (0x2e3f2623) sw      gp, 748(t5)
core   0: 3 0x80011d18 (0x2e3f2623) mem 0x80013000 0x00000001
core   0: 0x80011d1c (0x0000bfe5) c.j     pc - 8
core   0: 3 0x80011d1c (0xbfe5)
core   0: 0x80011d14 (0x00001f17) auipc   t5, 0x1
core   0: 3 0x80011d14 (0x00001f17) x30 0x80012d14
core   0: 0x80011d18 (0x2e3f2623) sw      gp, 748(t5)
core   0: 3 0x80011d18 (0x2e3f2623) mem 0x80013000 0x00000001
core   0: 0x80011d1c (0x0000bfe5) c.j     pc - 8
core   0: 3 0x80011d1c (0xbfe5)
core   0: 0x80011d14 (0x00001f17) auipc   t5, 0x1
core   0: 3 0x80011d14 (0x00001f17) x30 0x80012d14
core   0: 0x80011d18 (0x2e3f2623) sw      gp, 748(t5)
core   0: 3 0x80011d18 (0x2e3f2623) mem 0x80013000 0x00000001
core   0: 0x80011d1c (0x0000bfe5) c.j     pc - 8
core   0: 3 0x80011d1c (0xbfe5)
core   0: 0x80011d14 (0x00001f17) auipc   t5, 0x1
core   0: 3 0x80011d14 (0x00001f17) x30 0x80012d14
core   0: 0x80011d18 (0x2e3f2623) sw      gp, 748(t5)
core   0: 3 0x80011d18 (0x2e3f2623) mem 0x80013000 0x00000001
core   0: 0x80011d1c (0x0000bfe5) c.j     pc - 8
core   0: 3 0x80011d1c (0xbfe5)
core   0: 0x80011d14 (0x00001f17) auipc   t5, 0x1
core   0: 3 0x80011d14 (0x00001f17) x30 0x80012d14
core   0: 0x80011d18 (0x2e3f2623) sw      gp, 748(t5)
core   0: 3 0x80011d18 (0x2e3f2623) mem 0x80013000 0x00000001
core   0: 0x80011d1c (0x0000bfe5) c.j     pc - 8
core   0: 3 0x80011d1c (0xbfe5)
core   0: 0x80011d14 (0x00001f17) auipc   t5, 0x1
core   0: 3 0x80011d14 (0x00001f17) x30 0x80012d14
core   0: 0x80011d18 (0x2e3f2623) sw      gp, 748(t5)
core   0: 3 0x80011d18 (0x2e3f2623) mem 0x80013000 0x00000001
core   0: 0x80011d1c (0x0000bfe5) c.j     pc - 8
core   0: 3 0x80011d1c (0xbfe5)
core   0: 0x80011d14 (0x00001f17) auipc   t5, 0x1
core   0: 3 0x80011d14 (0x00001f17) x30 0x80012d14
core   0: 0x80011d18 (0x2e3f2623) sw      gp, 748(t5)
core   0: 3 0x80011d18 (0x2e3f2623) mem 0x80013000 0x00000001
core   0: 0x80011d1c (0x0000bfe5) c.j     pc - 8
core   0: 3 0x80011d1c (0xbfe5)
core   0: 0x80011d14 (0x00001f17) auipc   t5, 0x1
core   0: 3 0x80011d14 (0x00001f17) x30 0x80012d14
core   0: 0x80011d18 (0x2e3f2623) sw      gp, 748(t5)
core   0: 3 0x80011d18 (0x2e3f2623) mem 0x80013000 0x00000001
core   0: 0x80011d1c (0x0000bfe5) c.j     pc - 8
core   0: 3 0x80011d1c (0xbfe5)
core   0: 0x80011d14 (0x00001f17) auipc   t5, 0x1
core   0: 3 0x80011d14 (0x00001f17) x30 0x80012d14
core   0: 0x80011d18 (0x2e3f2623) sw      gp, 748(t5)
core   0: 3 0x80011d18 (0x2e3f2623) mem 0x80013000 0x00000001
core   0: 0x80011d1c (0x0000bfe5) c.j     pc - 8
core   0: 3 0x80011d1c (0xbfe5)
core   0: 0x80011d14 (0x00001f17) auipc   t5, 0x1
core   0: 3 0x80011d14 (0x00001f17) x30 0x80012d14
core   0: 0x80011d18 (0x2e3f2623) sw      gp, 748(t5)
core   0: 3 0x80011d18 (0x2e3f2623) mem 0x80013000 0x00000001
core   0: 0x80011d1c (0x0000bfe5) c.j     pc - 8
core   0: 3 0x80011d1c (0xbfe5)
core   0: 0x80011d14 (0x00001f17) auipc   t5, 0x1
core   0: 3 0x80011d14 (0x00001f17) x30 0x80012d14
core   0: 0x80011d18 (0x2e3f2623) sw      gp, 748(t5)
core   0: 3 0x80011d18 (0x2e3f2623) mem 0x80013000 0x00000001
core   0: 0x80011d1c (0x0000bfe5) c.j     pc - 8
core   0: 3 0x80011d1c (0xbfe5)
core   0: 0x80011d14 (0x00001f17) auipc   t5, 0x1
core   0: 3 0x80011d14 (0x00001f17) x30 0x80012d14
core   0: 0x80011d18 (0x2e3f2623) sw      gp, 748(t5)
core   0: 3 0x80011d18 (0x2e3f2623) mem 0x80013000 0x00000001
core   0: 0x80011d1c (0x0000bfe5) c.j     pc - 8
core   0: 3 0x80011d1c (0xbfe5)
core   0: 0x80011d14 (0x00001f17) auipc   t5, 0x1
core   0: 3 0x80011d14 (0x00001f17) x30 0x80012d14
core   0: 0x80011d18 (0x2e3f2623) sw      gp, 748(t5)
core   0: 3 0x80011d18 (0x2e3f2623) mem 0x80013000 0x00000001
core   0: 0x80011d1c (0x0000bfe5) c.j     pc - 8
core   0: 3 0x80011d1c (0xbfe5)
core   0: 0x80011d14 (0x00001f17) auipc   t5, 0x1
core   0: 3 0x80011d14 (0x00001f17) x30 0x80012d14
core   0: 0x80011d18 (0x2e3f2623) sw      gp, 748(t5)
core   0: 3 0x80011d18 (0x2e3f2623) mem 0x80013000 0x00000001
core   0: 0x80011d1c (0x0000bfe5) c.j     pc - 8
core   0: 3 0x80011d1c (0xbfe5)
core   0: 0x80011d14 (0x00001f17) auipc   t5, 0x1
core   0: 3 0x80011d14 (0x00001f17) x30 0x80012d14
core   0: 0x80011d18 (0x2e3f2623) sw      gp, 748(t5)
core   0: 3 0x80011d18 (0x2e3f2623) mem 0x80013000 0x00000001
core   0: 0x80011d1c (0x0000bfe5) c.j     pc - 8
core   0: 3 0x80011d1c (0xbfe5)
core   0: 0x80011d14 (0x00001f17) auipc   t5, 0x1
core   0: 3 0x80011d14 (0x00001f17) x30 0x80012d14
core   0: 0x80011d18 (0x2e3f2623) sw      gp, 748(t5)
core   0: 3 0x80011d18 (0x2e3f2623) mem 0x80013000 0x00000001
core   0: 0x80011d1c (0x0000bfe5) c.j     pc - 8
core   0: 3 0x80011d1c (0xbfe5)
core   0: 0x80011d14 (0x00001f17) auipc   t5, 0x1
core   0: 3 0x80011d14 (0x00001f17) x30 0x80012d14
core   0: 0x80011d18 (0x2e3f2623) sw      gp, 748(t5)
core   0: 3 0x80011d18 (0x2e3f2623) mem 0x80013000 0x00000001
core   0: 0x80011d1c (0x0000bfe5) c.j     pc - 8
core   0: 3 0x80011d1c (0xbfe5)
core   0: 0x80011d14 (0x00001f17) auipc   t5, 0x1
core   0: 3 0x80011d14 (0x00001f17) x30 0x80012d14
core   0: 0x80011d18 (0x2e3f2623) sw      gp, 748(t5)
core   0: 3 0x80011d18 (0x2e3f2623) mem 0x80013000 0x00000001
core   0: 0x80011d1c (0x0000bfe5) c.j     pc - 8
core   0: 3 0x80011d1c (0xbfe5)
core   0: 0x80011d14 (0x00001f17) auipc   t5, 0x1
core   0: 3 0x80011d14 (0x00001f17) x30 0x80012d14
core   0: 0x80011d18 (0x2e3f2623) sw      gp, 748(t5)
core   0: 3 0x80011d18 (0x2e3f2623) mem 0x80013000 0x00000001
core   0: 0x80011d1c (0x0000bfe5) c.j     pc - 8
core   0: 3 0x80011d1c (0xbfe5)
core   0: 0x80011d14 (0x00001f17) auipc   t5, 0x1
core   0: 3 0x80011d14 (0x00001f17) x30 0x80012d14
core   0: 0x80011d18 (0x2e3f2623) sw      gp, 748(t5)
core   0: 3 0x80011d18 (0x2e3f2623) mem 0x80013000 0x00000001
core   0: 0x80011d1c (0x0000bfe5) c.j     pc - 8
core   0: 3 0x80011d1c (0xbfe5)
core   0: 0x80011d14 (0x00001f17) auipc   t5, 0x1
core   0: 3 0x80011d14 (0x00001f17) x30 0x80012d14
core   0: 0x80011d18 (0x2e3f2623) sw      gp, 748(t5)
core   0: 3 0x80011d18 (0x2e3f2623) mem 0x80013000 0x00000001
core   0: 0x80011d1c (0x0000bfe5) c.j     pc - 8
core   0: 3 0x80011d1c (0xbfe5)
core   0: 0x80011d14 (0x00001f17) auipc   t5, 0x1
core   0: 3 0x80011d14 (0x00001f17) x30 0x80012d14
core   0: 0x80011d18 (0x2e3f2623) sw      gp, 748(t5)
core   0: 3 0x80011d18 (0x2e3f2623) mem 0x80013000 0x00000001
core   0: 0x80011d1c (0x0000bfe5) c.j     pc - 8
core   0: 3 0x80011d1c (0xbfe5)
core   0: 0x80011d14 (0x00001f17) auipc   t5, 0x1
core   0: 3 0x80011d14 (0x00001f17) x30 0x80012d14
core   0: 0x80011d18 (0x2e3f2623) sw      gp, 748(t5)
core   0: 3 0x80011d18 (0x2e3f2623) mem 0x80013000 0x00000001
core   0: 0x80011d1c (0x0000bfe5) c.j     pc - 8
core   0: 3 0x80011d1c (0xbfe5)
core   0: 0x80011d14 (0x00001f17) auipc   t5, 0x1
core   0: 3 0x80011d14 (0x00001f17) x30 0x80012d14
core   0: 0x80011d18 (0x2e3f2623) sw      gp, 748(t5)
core   0: 3 0x80011d18 (0x2e3f2623) mem 0x80013000 0x00000001
core   0: 0x80011d1c (0x0000bfe5) c.j     pc - 8
core   0: 3 0x80011d1c (0xbfe5)
core   0: 0x80011d14 (0x00001f17) auipc   t5, 0x1
core   0: 3 0x80011d14 (0x00001f17) x30 0x80012d14
core   0: 0x80011d18 (0x2e3f2623) sw      gp, 748(t5)
core   0: 3 0x80011d18 (0x2e3f2623) mem 0x80013000 0x00000001
core   0: 0x80011d1c (0x0000bfe5) c.j     pc - 8
core   0: 3 0x80011d1c (0xbfe5)
core   0: 0x80011d14 (0x00001f17) auipc   t5, 0x1
core   0: 3 0x80011d14 (0x00001f17) x30 0x80012d14
core   0: 0x80011d18 (0x2e3f2623) sw      gp, 748(t5)
core   0: 3 0x80011d18 (0x2e3f2623) mem 0x80013000 0x00000001
core   0: 0x80011d1c (0x0000bfe5) c.j     pc - 8
core   0: 3 0x80011d1c (0xbfe5)
core   0: 0x80011d14 (0x00001f17) auipc   t5, 0x1
core   0: 3 0x80011d14 (0x00001f17) x30 0x80012d14
core   0: 0x80011d18 (0x2e3f2623) sw      gp, 748(t5)
core   0: 3 0x80011d18 (0x2e3f2623) mem 0x80013000 0x00000001
core   0: 0x80011d1c (0x0000bfe5) c.j     pc - 8
core   0: 3 0x80011d1c (0xbfe5)
core   0: 0x80011d14 (0x00001f17) auipc   t5, 0x1
core   0: 3 0x80011d14 (0x00001f17) x30 0x80012d14
core   0: 0x80011d18 (0x2e3f2623) sw      gp, 748(t5)
core   0: 3 0x80011d18 (0x2e3f2623) mem 0x80013000 0x00000001
core   0: 0x80011d1c (0x0000bfe5) c.j     pc - 8
core   0: 3 0x80011d1c (0xbfe5)
core   0: 0x80011d14 (0x00001f17) auipc   t5, 0x1
core   0: 3 0x80011d14 (0x00001f17) x30 0x80012d14
core   0: 0x80011d18 (0x2e3f2623) sw      gp, 748(t5)
core   0: 3 0x80011d18 (0x2e3f2623) mem 0x80013000 0x00000001
core   0: 0x80011d1c (0x0000bfe5) c.j     pc - 8
core   0: 3 0x80011d1c (0xbfe5)
core   0: 0x80011d14 (0x00001f17) auipc   t5, 0x1
core   0: 3 0x80011d14 (0x00001f17) x30 0x80012d14
core   0: 0x80011d18 (0x2e3f2623) sw      gp, 748(t5)
core   0: 3 0x80011d18 (0x2e3f2623) mem 0x80013000 0x00000001
core   0: 0x80011d1c (0x0000bfe5) c.j     pc - 8
core   0: 3 0x80011d1c (0xbfe5)
core   0: 0x80011d14 (0x00001f17) auipc   t5, 0x1
core   0: 3 0x80011d14 (0x00001f17) x30 0x80012d14
core   0: 0x80011d18 (0x2e3f2623) sw      gp, 748(t5)
core   0: 3 0x80011d18 (0x2e3f2623) mem 0x80013000 0x00000001
core   0: 0x80011d1c (0x0000bfe5) c.j     pc - 8
core   0: 3 0x80011d1c (0xbfe5)
core   0: 0x80011d14 (0x00001f17) auipc   t5, 0x1
core   0: 3 0x80011d14 (0x00001f17) x30 0x80012d14
core   0: 0x80011d18 (0x2e3f2623) sw      gp, 748(t5)
core   0: 3 0x80011d18 (0x2e3f2623) mem 0x80013000 0x00000001
core   0: 0x80011d1c (0x0000bfe5) c.j     pc - 8
core   0: 3 0x80011d1c (0xbfe5)
core   0: 0x80011d14 (0x00001f17) auipc   t5, 0x1
core   0: 3 0x80011d14 (0x00001f17) x30 0x80012d14
core   0: 0x80011d18 (0x2e3f2623) sw      gp, 748(t5)
core   0: 3 0x80011d18 (0x2e3f2623) mem 0x80013000 0x00000001
core   0: 0x80011d1c (0x0000bfe5) c.j     pc - 8
core   0: 3 0x80011d1c (0xbfe5)
core   0: 0x80011d14 (0x00001f17) auipc   t5, 0x1
core   0: 3 0x80011d14 (0x00001f17) x30 0x80012d14
core   0: 0x80011d18 (0x2e3f2623) sw      gp, 748(t5)
core   0: 3 0x80011d18 (0x2e3f2623) mem 0x80013000 0x00000001
core   0: 0x80011d1c (0x0000bfe5) c.j     pc - 8
core   0: 3 0x80011d1c (0xbfe5)
core   0: 0x80011d14 (0x00001f17) auipc   t5, 0x1
core   0: 3 0x80011d14 (0x00001f17) x30 0x80012d14
core   0: 0x80011d18 (0x2e3f2623) sw      gp, 748(t5)
core   0: 3 0x80011d18 (0x2e3f2623) mem 0x80013000 0x00000001
core   0: 0x80011d1c (0x0000bfe5) c.j     pc - 8
core   0: 3 0x80011d1c (0xbfe5)
core   0: 0x80011d14 (0x00001f17) auipc   t5, 0x1
core   0: 3 0x80011d14 (0x00001f17) x30 0x80012d14
core   0: 0x80011d18 (0x2e3f2623) sw      gp, 748(t5)
core   0: 3 0x80011d18 (0x2e3f2623) mem 0x80013000 0x00000001
core   0: 0x80011d1c (0x0000bfe5) c.j     pc - 8
core   0: 3 0x80011d1c (0xbfe5)
core   0: 0x80011d14 (0x00001f17) auipc   t5, 0x1
core   0: 3 0x80011d14 (0x00001f17) x30 0x80012d14
core   0: 0x80011d18 (0x2e3f2623) sw      gp, 748(t5)
core   0: 3 0x80011d18 (0x2e3f2623) mem 0x80013000 0x00000001
core   0: 0x80011d1c (0x0000bfe5) c.j     pc - 8
core   0: 3 0x80011d1c (0xbfe5)
core   0: 0x80011d14 (0x00001f17) auipc   t5, 0x1
core   0: 3 0x80011d14 (0x00001f17) x30 0x80012d14
core   0: 0x80011d18 (0x2e3f2623) sw      gp, 748(t5)
core   0: 3 0x80011d18 (0x2e3f2623) mem 0x80013000 0x00000001
core   0: 0x80011d1c (0x0000bfe5) c.j     pc - 8
core   0: 3 0x80011d1c (0xbfe5)
core   0: 0x80011d14 (0x00001f17) auipc   t5, 0x1
core   0: 3 0x80011d14 (0x00001f17) x30 0x80012d14
core   0: 0x80011d18 (0x2e3f2623) sw      gp, 748(t5)
core   0: 3 0x80011d18 (0x2e3f2623) mem 0x80013000 0x00000001
core   0: 0x80011d1c (0x0000bfe5) c.j     pc - 8
core   0: 3 0x80011d1c (0xbfe5)
core   0: 0x80011d14 (0x00001f17) auipc   t5, 0x1
core   0: 3 0x80011d14 (0x00001f17) x30 0x80012d14
core   0: 0x80011d18 (0x2e3f2623) sw      gp, 748(t5)
core   0: 3 0x80011d18 (0x2e3f2623) mem 0x80013000 0x00000001
core   0: 0x80011d1c (0x0000bfe5) c.j     pc - 8
core   0: 3 0x80011d1c (0xbfe5)
core   0: 0x80011d14 (0x00001f17) auipc   t5, 0x1
core   0: 3 0x80011d14 (0x00001f17) x30 0x80012d14
core   0: 0x80011d18 (0x2e3f2623) sw      gp, 748(t5)
core   0: 3 0x80011d18 (0x2e3f2623) mem 0x80013000 0x00000001
core   0: 0x80011d1c (0x0000bfe5) c.j     pc - 8
core   0: 3 0x80011d1c (0xbfe5)
core   0: 0x80011d14 (0x00001f17) auipc   t5, 0x1
core   0: 3 0x80011d14 (0x00001f17) x30 0x80012d14
core   0: 0x80011d18 (0x2e3f2623) sw      gp, 748(t5)
core   0: 3 0x80011d18 (0x2e3f2623) mem 0x80013000 0x00000001
core   0: 0x80011d1c (0x0000bfe5) c.j     pc - 8
core   0: 3 0x80011d1c (0xbfe5)
core   0: 0x80011d14 (0x00001f17) auipc   t5, 0x1
core   0: 3 0x80011d14 (0x00001f17) x30 0x80012d14
core   0: 0x80011d18 (0x2e3f2623) sw      gp, 748(t5)
core   0: 3 0x80011d18 (0x2e3f2623) mem 0x80013000 0x00000001
core   0: 0x80011d1c (0x0000bfe5) c.j     pc - 8
core   0: 3 0x80011d1c (0xbfe5)
core   0: 0x80011d14 (0x00001f17) auipc   t5, 0x1
core   0: 3 0x80011d14 (0x00001f17) x30 0x80012d14
core   0: 0x80011d18 (0x2e3f2623) sw      gp, 748(t5)
core   0: 3 0x80011d18 (0x2e3f2623) mem 0x80013000 0x00000001
core   0: 0x80011d1c (0x0000bfe5) c.j     pc - 8
core   0: 3 0x80011d1c (0xbfe5)
core   0: 0x80011d14 (0x00001f17) auipc   t5, 0x1
core   0: 3 0x80011d14 (0x00001f17) x30 0x80012d14
core   0: 0x80011d18 (0x2e3f2623) sw      gp, 748(t5)
core   0: 3 0x80011d18 (0x2e3f2623) mem 0x80013000 0x00000001
core   0: 0x80011d1c (0x0000bfe5) c.j     pc - 8
core   0: 3 0x80011d1c (0xbfe5)
core   0: 0x80011d14 (0x00001f17) auipc   t5, 0x1
core   0: 3 0x80011d14 (0x00001f17) x30 0x80012d14
core   0: 0x80011d18 (0x2e3f2623) sw      gp, 748(t5)
core   0: 3 0x80011d18 (0x2e3f2623) mem 0x80013000 0x00000001
core   0: 0x80011d1c (0x0000bfe5) c.j     pc - 8
core   0: 3 0x80011d1c (0xbfe5)
core   0: 0x80011d14 (0x00001f17) auipc   t5, 0x1
core   0: 3 0x80011d14 (0x00001f17) x30 0x80012d14
core   0: 0x80011d18 (0x2e3f2623) sw      gp, 748(t5)
core   0: 3 0x80011d18 (0x2e3f2623) mem 0x80013000 0x00000001
core   0: 0x80011d1c (0x0000bfe5) c.j     pc - 8
core   0: 3 0x80011d1c (0xbfe5)
core   0: 0x80011d14 (0x00001f17) auipc   t5, 0x1
core   0: 3 0x80011d14 (0x00001f17) x30 0x80012d14
core   0: 0x80011d18 (0x2e3f2623) sw      gp, 748(t5)
core   0: 3 0x80011d18 (0x2e3f2623) mem 0x80013000 0x00000001
core   0: 0x80011d1c (0x0000bfe5) c.j     pc - 8
core   0: 3 0x80011d1c (0xbfe5)
core   0: 0x80011d14 (0x00001f17) auipc   t5, 0x1
core   0: 3 0x80011d14 (0x00001f17) x30 0x80012d14
core   0: 0x80011d18 (0x2e3f2623) sw      gp, 748(t5)
core   0: 3 0x80011d18 (0x2e3f2623) mem 0x80013000 0x00000001
core   0: 0x80011d1c (0x0000bfe5) c.j     pc - 8
core   0: 3 0x80011d1c (0xbfe5)
core   0: 0x80011d14 (0x00001f17) auipc   t5, 0x1
core   0: 3 0x80011d14 (0x00001f17) x30 0x80012d14
core   0: 0x80011d18 (0x2e3f2623) sw      gp, 748(t5)
core   0: 3 0x80011d18 (0x2e3f2623) mem 0x80013000 0x00000001
core   0: 0x80011d1c (0x0000bfe5) c.j     pc - 8
core   0: 3 0x80011d1c (0xbfe5)
core   0: 0x80011d14 (0x00001f17) auipc   t5, 0x1
core   0: 3 0x80011d14 (0x00001f17) x30 0x80012d14
core   0: 0x80011d18 (0x2e3f2623) sw      gp, 748(t5)
core   0: 3 0x80011d18 (0x2e3f2623) mem 0x80013000 0x00000001
core   0: 0x80011d1c (0x0000bfe5) c.j     pc - 8
core   0: 3 0x80011d1c (0xbfe5)
core   0: 0x80011d14 (0x00001f17) auipc   t5, 0x1
core   0: 3 0x80011d14 (0x00001f17) x30 0x80012d14
core   0: 0x80011d18 (0x2e3f2623) sw      gp, 748(t5)
core   0: 3 0x80011d18 (0x2e3f2623) mem 0x80013000 0x00000001
core   0: 0x80011d1c (0x0000bfe5) c.j     pc - 8
core   0: 3 0x80011d1c (0xbfe5)
core   0: 0x80011d14 (0x00001f17) auipc   t5, 0x1
core   0: 3 0x80011d14 (0x00001f17) x30 0x80012d14
core   0: 0x80011d18 (0x2e3f2623) sw      gp, 748(t5)
core   0: 3 0x80011d18 (0x2e3f2623) mem 0x80013000 0x00000001
core   0: 0x80011d1c (0x0000bfe5) c.j     pc - 8
core   0: 3 0x80011d1c (0xbfe5)
core   0: 0x80011d14 (0x00001f17) auipc   t5, 0x1
core   0: 3 0x80011d14 (0x00001f17) x30 0x80012d14
core   0: 0x80011d18 (0x2e3f2623) sw      gp, 748(t5)
core   0: 3 0x80011d18 (0x2e3f2623) mem 0x80013000 0x00000001
core   0: 0x80011d1c (0x0000bfe5) c.j     pc - 8
core   0: 3 0x80011d1c (0xbfe5)
core   0: 0x80011d14 (0x00001f17) auipc   t5, 0x1
core   0: 3 0x80011d14 (0x00001f17) x30 0x80012d14
core   0: 0x80011d18 (0x2e3f2623) sw      gp, 748(t5)
core   0: 3 0x80011d18 (0x2e3f2623) mem 0x80013000 0x00000001
core   0: 0x80011d1c (0x0000bfe5) c.j     pc - 8
core   0: 3 0x80011d1c (0xbfe5)
core   0: 0x80011d14 (0x00001f17) auipc   t5, 0x1
core   0: 3 0x80011d14 (0x00001f17) x30 0x80012d14
core   0: 0x80011d18 (0x2e3f2623) sw      gp, 748(t5)
core   0: 3 0x80011d18 (0x2e3f2623) mem 0x80013000 0x00000001
core   0: 0x80011d1c (0x0000bfe5) c.j     pc - 8
core   0: 3 0x80011d1c (0xbfe5)
core   0: 0x80011d14 (0x00001f17) auipc   t5, 0x1
core   0: 3 0x80011d14 (0x00001f17) x30 0x80012d14
core   0: 0x80011d18 (0x2e3f2623) sw      gp, 748(t5)
core   0: 3 0x80011d18 (0x2e3f2623) mem 0x80013000 0x00000001
core   0: 0x80011d1c (0x0000bfe5) c.j     pc - 8
core   0: 3 0x80011d1c (0xbfe5)
core   0: 0x80011d14 (0x00001f17) auipc   t5, 0x1
core   0: 3 0x80011d14 (0x00001f17) x30 0x80012d14
core   0: 0x80011d18 (0x2e3f2623) sw      gp, 748(t5)
core   0: 3 0x80011d18 (0x2e3f2623) mem 0x80013000 0x00000001
core   0: 0x80011d1c (0x0000bfe5) c.j     pc - 8
core   0: 3 0x80011d1c (0xbfe5)
core   0: 0x80011d14 (0x00001f17) auipc   t5, 0x1
core   0: 3 0x80011d14 (0x00001f17) x30 0x80012d14
core   0: 0x80011d18 (0x2e3f2623) sw      gp, 748(t5)
core   0: 3 0x80011d18 (0x2e3f2623) mem 0x80013000 0x00000001
core   0: 0x80011d1c (0x0000bfe5) c.j     pc - 8
core   0: 3 0x80011d1c (0xbfe5)
core   0: 0x80011d14 (0x00001f17) auipc   t5, 0x1
core   0: 3 0x80011d14 (0x00001f17) x30 0x80012d14
core   0: 0x80011d18 (0x2e3f2623) sw      gp, 748(t5)
core   0: 3 0x80011d18 (0x2e3f2623) mem 0x80013000 0x00000001
core   0: 0x80011d1c (0x0000bfe5) c.j     pc - 8
core   0: 3 0x80011d1c (0xbfe5)
core   0: 0x80011d14 (0x00001f17) auipc   t5, 0x1
core   0: 3 0x80011d14 (0x00001f17) x30 0x80012d14
core   0: 0x80011d18 (0x2e3f2623) sw      gp, 748(t5)
core   0: 3 0x80011d18 (0x2e3f2623) mem 0x80013000 0x00000001
core   0: 0x80011d1c (0x0000bfe5) c.j     pc - 8
core   0: 3 0x80011d1c (0xbfe5)
core   0: 0x80011d14 (0x00001f17) auipc   t5, 0x1
core   0: 3 0x80011d14 (0x00001f17) x30 0x80012d14
core   0: 0x80011d18 (0x2e3f2623) sw      gp, 748(t5)
core   0: 3 0x80011d18 (0x2e3f2623) mem 0x80013000 0x00000001
core   0: 0x80011d1c (0x0000bfe5) c.j     pc - 8
core   0: 3 0x80011d1c (0xbfe5)
core   0: 0x80011d14 (0x00001f17) auipc   t5, 0x1
core   0: 3 0x80011d14 (0x00001f17) x30 0x80012d14
core   0: 0x80011d18 (0x2e3f2623) sw      gp, 748(t5)
core   0: 3 0x80011d18 (0x2e3f2623) mem 0x80013000 0x00000001
core   0: 0x80011d1c (0x0000bfe5) c.j     pc - 8
core   0: 3 0x80011d1c (0xbfe5)
core   0: 0x80011d14 (0x00001f17) auipc   t5, 0x1
core   0: 3 0x80011d14 (0x00001f17) x30 0x80012d14
core   0: 0x80011d18 (0x2e3f2623) sw      gp, 748(t5)
core   0: 3 0x80011d18 (0x2e3f2623) mem 0x80013000 0x00000001
core   0: 0x80011d1c (0x0000bfe5) c.j     pc - 8
core   0: 3 0x80011d1c (0xbfe5)
core   0: 0x80011d14 (0x00001f17) auipc   t5, 0x1
core   0: 3 0x80011d14 (0x00001f17) x30 0x80012d14
core   0: 0x80011d18 (0x2e3f2623) sw      gp, 748(t5)
core   0: 3 0x80011d18 (0x2e3f2623) mem 0x80013000 0x00000001
core   0: 0x80011d1c (0x0000bfe5) c.j     pc - 8
core   0: 3 0x80011d1c (0xbfe5)
core   0: 0x80011d14 (0x00001f17) auipc   t5, 0x1
core   0: 3 0x80011d14 (0x00001f17) x30 0x80012d14
core   0: 0x80011d18 (0x2e3f2623) sw      gp, 748(t5)
core   0: 3 0x80011d18 (0x2e3f2623) mem 0x80013000 0x00000001
core   0: 0x80011d1c (0x0000bfe5) c.j     pc - 8
core   0: 3 0x80011d1c (0xbfe5)
core   0: 0x80011d14 (0x00001f17) auipc   t5, 0x1
core   0: 3 0x80011d14 (0x00001f17) x30 0x80012d14
core   0: 0x80011d18 (0x2e3f2623) sw      gp, 748(t5)
core   0: 3 0x80011d18 (0x2e3f2623) mem 0x80013000 0x00000001
core   0: 0x80011d1c (0x0000bfe5) c.j     pc - 8
core   0: 3 0x80011d1c (0xbfe5)
core   0: 0x80011d14 (0x00001f17) auipc   t5, 0x1
core   0: 3 0x80011d14 (0x00001f17) x30 0x80012d14
core   0: 0x80011d18 (0x2e3f2623) sw      gp, 748(t5)
core   0: 3 0x80011d18 (0x2e3f2623) mem 0x80013000 0x00000001
core   0: 0x80011d1c (0x0000bfe5) c.j     pc - 8
core   0: 3 0x80011d1c (0xbfe5)
core   0: 0x80011d14 (0x00001f17) auipc   t5, 0x1
core   0: 3 0x80011d14 (0x00001f17) x30 0x80012d14
core   0: 0x80011d18 (0x2e3f2623) sw      gp, 748(t5)
core   0: 3 0x80011d18 (0x2e3f2623) mem 0x80013000 0x00000001
core   0: 0x80011d1c (0x0000bfe5) c.j     pc - 8
core   0: 3 0x80011d1c (0xbfe5)
core   0: 0x80011d14 (0x00001f17) auipc   t5, 0x1
core   0: 3 0x80011d14 (0x00001f17) x30 0x80012d14
core   0: 0x80011d18 (0x2e3f2623) sw      gp, 748(t5)
core   0: 3 0x80011d18 (0x2e3f2623) mem 0x80013000 0x00000001
core   0: 0x80011d1c (0x0000bfe5) c.j     pc - 8
core   0: 3 0x80011d1c (0xbfe5)
core   0: 0x80011d14 (0x00001f17) auipc   t5, 0x1
core   0: 3 0x80011d14 (0x00001f17) x30 0x80012d14
core   0: 0x80011d18 (0x2e3f2623) sw      gp, 748(t5)
core   0: 3 0x80011d18 (0x2e3f2623) mem 0x80013000 0x00000001
core   0: 0x80011d1c (0x0000bfe5) c.j     pc - 8
core   0: 3 0x80011d1c (0xbfe5)
core   0: 0x80011d14 (0x00001f17) auipc   t5, 0x1
core   0: 3 0x80011d14 (0x00001f17) x30 0x80012d14
core   0: 0x80011d18 (0x2e3f2623) sw      gp, 748(t5)
core   0: 3 0x80011d18 (0x2e3f2623) mem 0x80013000 0x00000001
core   0: 0x80011d1c (0x0000bfe5) c.j     pc - 8
core   0: 3 0x80011d1c (0xbfe5)
core   0: 0x80011d14 (0x00001f17) auipc   t5, 0x1
core   0: 3 0x80011d14 (0x00001f17) x30 0x80012d14
core   0: 0x80011d18 (0x2e3f2623) sw      gp, 748(t5)
core   0: 3 0x80011d18 (0x2e3f2623) mem 0x80013000 0x00000001
core   0: 0x80011d1c (0x0000bfe5) c.j     pc - 8
core   0: 3 0x80011d1c (0xbfe5)
core   0: 0x80011d14 (0x00001f17) auipc   t5, 0x1
core   0: 3 0x80011d14 (0x00001f17) x30 0x80012d14
core   0: 0x80011d18 (0x2e3f2623) sw      gp, 748(t5)
core   0: 3 0x80011d18 (0x2e3f2623) mem 0x80013000 0x00000001
core   0: 0x80011d1c (0x0000bfe5) c.j     pc - 8
core   0: 3 0x80011d1c (0xbfe5)
core   0: 0x80011d14 (0x00001f17) auipc   t5, 0x1
core   0: 3 0x80011d14 (0x00001f17) x30 0x80012d14
core   0: 0x80011d18 (0x2e3f2623) sw      gp, 748(t5)
core   0: 3 0x80011d18 (0x2e3f2623) mem 0x80013000 0x00000001
core   0: 0x80011d1c (0x0000bfe5) c.j     pc - 8
core   0: 3 0x80011d1c (0xbfe5)
core   0: 0x80011d14 (0x00001f17) auipc   t5, 0x1
core   0: 3 0x80011d14 (0x00001f17) x30 0x80012d14
core   0: 0x80011d18 (0x2e3f2623) sw      gp, 748(t5)
core   0: 3 0x80011d18 (0x2e3f2623) mem 0x80013000 0x00000001
core   0: 0x80011d1c (0x0000bfe5) c.j     pc - 8
core   0: 3 0x80011d1c (0xbfe5)
core   0: 0x80011d14 (0x00001f17) auipc   t5, 0x1
core   0: 3 0x80011d14 (0x00001f17) x30 0x80012d14
core   0: 0x80011d18 (0x2e3f2623) sw      gp, 748(t5)
core   0: 3 0x80011d18 (0x2e3f2623) mem 0x80013000 0x00000001
core   0: 0x80011d1c (0x0000bfe5) c.j     pc - 8
core   0: 3 0x80011d1c (0xbfe5)
core   0: 0x80011d14 (0x00001f17) auipc   t5, 0x1
core   0: 3 0x80011d14 (0x00001f17) x30 0x80012d14
core   0: 0x80011d18 (0x2e3f2623) sw      gp, 748(t5)
core   0: 3 0x80011d18 (0x2e3f2623) mem 0x80013000 0x00000001
core   0: 0x80011d1c (0x0000bfe5) c.j     pc - 8
core   0: 3 0x80011d1c (0xbfe5)
core   0: 0x80011d14 (0x00001f17) auipc   t5, 0x1
core   0: 3 0x80011d14 (0x00001f17) x30 0x80012d14
core   0: 0x80011d18 (0x2e3f2623) sw      gp, 748(t5)
core   0: 3 0x80011d18 (0x2e3f2623) mem 0x80013000 0x00000001
core   0: 0x80011d1c (0x0000bfe5) c.j     pc - 8
core   0: 3 0x80011d1c (0xbfe5)
core   0: 0x80011d14 (0x00001f17) auipc   t5, 0x1
core   0: 3 0x80011d14 (0x00001f17) x30 0x80012d14
core   0: 0x80011d18 (0x2e3f2623) sw      gp, 748(t5)
core   0: 3 0x80011d18 (0x2e3f2623) mem 0x80013000 0x00000001
core   0: 0x80011d1c (0x0000bfe5) c.j     pc - 8
core   0: 3 0x80011d1c (0xbfe5)
core   0: 0x80011d14 (0x00001f17) auipc   t5, 0x1
core   0: 3 0x80011d14 (0x00001f17) x30 0x80012d14
core   0: 0x80011d18 (0x2e3f2623) sw      gp, 748(t5)
core   0: 3 0x80011d18 (0x2e3f2623) mem 0x80013000 0x00000001
core   0: 0x80011d1c (0x0000bfe5) c.j     pc - 8
core   0: 3 0x80011d1c (0xbfe5)
core   0: 0x80011d14 (0x00001f17) auipc   t5, 0x1
core   0: 3 0x80011d14 (0x00001f17) x30 0x80012d14
core   0: 0x80011d18 (0x2e3f2623) sw      gp, 748(t5)
core   0: 3 0x80011d18 (0x2e3f2623) mem 0x80013000 0x00000001
core   0: 0x80011d1c (0x0000bfe5) c.j     pc - 8
core   0: 3 0x80011d1c (0xbfe5)
core   0: 0x80011d14 (0x00001f17) auipc   t5, 0x1
core   0: 3 0x80011d14 (0x00001f17) x30 0x80012d14
core   0: 0x80011d18 (0x2e3f2623) sw      gp, 748(t5)
core   0: 3 0x80011d18 (0x2e3f2623) mem 0x80013000 0x00000001
core   0: 0x80011d1c (0x0000bfe5) c.j     pc - 8
core   0: 3 0x80011d1c (0xbfe5)
core   0: 0x80011d14 (0x00001f17) auipc   t5, 0x1
core   0: 3 0x80011d14 (0x00001f17) x30 0x80012d14
core   0: 0x80011d18 (0x2e3f2623) sw      gp, 748(t5)
core   0: 3 0x80011d18 (0x2e3f2623) mem 0x80013000 0x00000001
core   0: 0x80011d1c (0x0000bfe5) c.j     pc - 8
core   0: 3 0x80011d1c (0xbfe5)
core   0: 0x80011d14 (0x00001f17) auipc   t5, 0x1
core   0: 3 0x80011d14 (0x00001f17) x30 0x80012d14
core   0: 0x80011d18 (0x2e3f2623) sw      gp, 748(t5)
core   0: 3 0x80011d18 (0x2e3f2623) mem 0x80013000 0x00000001
core   0: 0x80011d1c (0x0000bfe5) c.j     pc - 8
core   0: 3 0x80011d1c (0xbfe5)
core   0: 0x80011d14 (0x00001f17) auipc   t5, 0x1
core   0: 3 0x80011d14 (0x00001f17) x30 0x80012d14
core   0: 0x80011d18 (0x2e3f2623) sw      gp, 748(t5)
core   0: 3 0x80011d18 (0x2e3f2623) mem 0x80013000 0x00000001
core   0: 0x80011d1c (0x0000bfe5) c.j     pc - 8
core   0: 3 0x80011d1c (0xbfe5)
core   0: 0x80011d14 (0x00001f17) auipc   t5, 0x1
core   0: 3 0x80011d14 (0x00001f17) x30 0x80012d14
core   0: 0x80011d18 (0x2e3f2623) sw      gp, 748(t5)
core   0: 3 0x80011d18 (0x2e3f2623) mem 0x80013000 0x00000001
core   0: 0x80011d1c (0x0000bfe5) c.j     pc - 8
core   0: 3 0x80011d1c (0xbfe5)
core   0: 0x80011d14 (0x00001f17) auipc   t5, 0x1
core   0: 3 0x80011d14 (0x00001f17) x30 0x80012d14
core   0: 0x80011d18 (0x2e3f2623) sw      gp, 748(t5)
core   0: 3 0x80011d18 (0x2e3f2623) mem 0x80013000 0x00000001
core   0: 0x80011d1c (0x0000bfe5) c.j     pc - 8
core   0: 3 0x80011d1c (0xbfe5)
core   0: 0x80011d14 (0x00001f17) auipc   t5, 0x1
core   0: 3 0x80011d14 (0x00001f17) x30 0x80012d14
core   0: 0x80011d18 (0x2e3f2623) sw      gp, 748(t5)
core   0: 3 0x80011d18 (0x2e3f2623) mem 0x80013000 0x00000001
core   0: 0x80011d1c (0x0000bfe5) c.j     pc - 8
core   0: 3 0x80011d1c (0xbfe5)
core   0: 0x80011d14 (0x00001f17) auipc   t5, 0x1
core   0: 3 0x80011d14 (0x00001f17) x30 0x80012d14
core   0: 0x80011d18 (0x2e3f2623) sw      gp, 748(t5)
core   0: 3 0x80011d18 (0x2e3f2623) mem 0x80013000 0x00000001
core   0: 0x80011d1c (0x0000bfe5) c.j     pc - 8
core   0: 3 0x80011d1c (0xbfe5)
core   0: 0x80011d14 (0x00001f17) auipc   t5, 0x1
core   0: 3 0x80011d14 (0x00001f17) x30 0x80012d14
core   0: 0x80011d18 (0x2e3f2623) sw      gp, 748(t5)
core   0: 3 0x80011d18 (0x2e3f2623) mem 0x80013000 0x00000001
core   0: 0x80011d1c (0x0000bfe5) c.j     pc - 8
core   0: 3 0x80011d1c (0xbfe5)
core   0: 0x80011d14 (0x00001f17) auipc   t5, 0x1
core   0: 3 0x80011d14 (0x00001f17) x30 0x80012d14
core   0: 0x80011d18 (0x2e3f2623) sw      gp, 748(t5)
core   0: 3 0x80011d18 (0x2e3f2623) mem 0x80013000 0x00000001
core   0: 0x80011d1c (0x0000bfe5) c.j     pc - 8
core   0: 3 0x80011d1c (0xbfe5)
core   0: 0x80011d14 (0x00001f17) auipc   t5, 0x1
core   0: 3 0x80011d14 (0x00001f17) x30 0x80012d14
core   0: 0x80011d18 (0x2e3f2623) sw      gp, 748(t5)
core   0: 3 0x80011d18 (0x2e3f2623) mem 0x80013000 0x00000001
core   0: 0x80011d1c (0x0000bfe5) c.j     pc - 8
core   0: 3 0x80011d1c (0xbfe5)
core   0: 0x80011d14 (0x00001f17) auipc   t5, 0x1
core   0: 3 0x80011d14 (0x00001f17) x30 0x80012d14
core   0: 0x80011d18 (0x2e3f2623) sw      gp, 748(t5)
core   0: 3 0x80011d18 (0x2e3f2623) mem 0x80013000 0x00000001
core   0: 0x80011d1c (0x0000bfe5) c.j     pc - 8
core   0: 3 0x80011d1c (0xbfe5)
core   0: 0x80011d14 (0x00001f17) auipc   t5, 0x1
core   0: 3 0x80011d14 (0x00001f17) x30 0x80012d14
core   0: 0x80011d18 (0x2e3f2623) sw      gp, 748(t5)
core   0: 3 0x80011d18 (0x2e3f2623) mem 0x80013000 0x00000001
core   0: 0x80011d1c (0x0000bfe5) c.j     pc - 8
core   0: 3 0x80011d1c (0xbfe5)
core   0: 0x80011d14 (0x00001f17) auipc   t5, 0x1
core   0: 3 0x80011d14 (0x00001f17) x30 0x80012d14
core   0: 0x80011d18 (0x2e3f2623) sw      gp, 748(t5)
core   0: 3 0x80011d18 (0x2e3f2623) mem 0x80013000 0x00000001
core   0: 0x80011d1c (0x0000bfe5) c.j     pc - 8
core   0: 3 0x80011d1c (0xbfe5)
core   0: 0x80011d14 (0x00001f17) auipc   t5, 0x1
core   0: 3 0x80011d14 (0x00001f17) x30 0x80012d14
core   0: 0x80011d18 (0x2e3f2623) sw      gp, 748(t5)
core   0: 3 0x80011d18 (0x2e3f2623) mem 0x80013000 0x00000001
core   0: 0x80011d1c (0x0000bfe5) c.j     pc - 8
core   0: 3 0x80011d1c (0xbfe5)
core   0: 0x80011d14 (0x00001f17) auipc   t5, 0x1
core   0: 3 0x80011d14 (0x00001f17) x30 0x80012d14
core   0: 0x80011d18 (0x2e3f2623) sw      gp, 748(t5)
core   0: 3 0x80011d18 (0x2e3f2623) mem 0x80013000 0x00000001
core   0: 0x80011d1c (0x0000bfe5) c.j     pc - 8
core   0: 3 0x80011d1c (0xbfe5)
core   0: 0x80011d14 (0x00001f17) auipc   t5, 0x1
core   0: 3 0x80011d14 (0x00001f17) x30 0x80012d14
core   0: 0x80011d18 (0x2e3f2623) sw      gp, 748(t5)
core   0: 3 0x80011d18 (0x2e3f2623) mem 0x80013000 0x00000001
core   0: 0x80011d1c (0x0000bfe5) c.j     pc - 8
core   0: 3 0x80011d1c (0xbfe5)
core   0: 0x80011d14 (0x00001f17) auipc   t5, 0x1
core   0: 3 0x80011d14 (0x00001f17) x30 0x80012d14
core   0: 0x80011d18 (0x2e3f2623) sw      gp, 748(t5)
core   0: 3 0x80011d18 (0x2e3f2623) mem 0x80013000 0x00000001
core   0: 0x80011d1c (0x0000bfe5) c.j     pc - 8
core   0: 3 0x80011d1c (0xbfe5)
core   0: 0x80011d14 (0x00001f17) auipc   t5, 0x1
core   0: 3 0x80011d14 (0x00001f17) x30 0x80012d14
core   0: 0x80011d18 (0x2e3f2623) sw      gp, 748(t5)
core   0: 3 0x80011d18 (0x2e3f2623) mem 0x80013000 0x00000001
core   0: 0x80011d1c (0x0000bfe5) c.j     pc - 8
core   0: 3 0x80011d1c (0xbfe5)
core   0: 0x80011d14 (0x00001f17) auipc   t5, 0x1
core   0: 3 0x80011d14 (0x00001f17) x30 0x80012d14
core   0: 0x80011d18 (0x2e3f2623) sw      gp, 748(t5)
core   0: 3 0x80011d18 (0x2e3f2623) mem 0x80013000 0x00000001
core   0: 0x80011d1c (0x0000bfe5) c.j     pc - 8
core   0: 3 0x80011d1c (0xbfe5)
core   0: 0x80011d14 (0x00001f17) auipc   t5, 0x1
core   0: 3 0x80011d14 (0x00001f17) x30 0x80012d14
core   0: 0x80011d18 (0x2e3f2623) sw      gp, 748(t5)
core   0: 3 0x80011d18 (0x2e3f2623) mem 0x80013000 0x00000001
core   0: 0x80011d1c (0x0000bfe5) c.j     pc - 8
core   0: 3 0x80011d1c (0xbfe5)
core   0: 0x80011d14 (0x00001f17) auipc   t5, 0x1
core   0: 3 0x80011d14 (0x00001f17) x30 0x80012d14
core   0: 0x80011d18 (0x2e3f2623) sw      gp, 748(t5)
core   0: 3 0x80011d18 (0x2e3f2623) mem 0x80013000 0x00000001
core   0: 0x80011d1c (0x0000bfe5) c.j     pc - 8
core   0: 3 0x80011d1c (0xbfe5)
core   0: 0x80011d14 (0x00001f17) auipc   t5, 0x1
core   0: 3 0x80011d14 (0x00001f17) x30 0x80012d14
core   0: 0x80011d18 (0x2e3f2623) sw      gp, 748(t5)
core   0: 3 0x80011d18 (0x2e3f2623) mem 0x80013000 0x00000001
core   0: 0x80011d1c (0x0000bfe5) c.j     pc - 8
core   0: 3 0x80011d1c (0xbfe5)
core   0: 0x80011d14 (0x00001f17) auipc   t5, 0x1
core   0: 3 0x80011d14 (0x00001f17) x30 0x80012d14
core   0: 0x80011d18 (0x2e3f2623) sw      gp, 748(t5)
core   0: 3 0x80011d18 (0x2e3f2623) mem 0x80013000 0x00000001
core   0: 0x80011d1c (0x0000bfe5) c.j     pc - 8
core   0: 3 0x80011d1c (0xbfe5)
core   0: 0x80011d14 (0x00001f17) auipc   t5, 0x1
core   0: 3 0x80011d14 (0x00001f17) x30 0x80012d14
core   0: 0x80011d18 (0x2e3f2623) sw      gp, 748(t5)
core   0: 3 0x80011d18 (0x2e3f2623) mem 0x80013000 0x00000001
core   0: 0x80011d1c (0x0000bfe5) c.j     pc - 8
core   0: 3 0x80011d1c (0xbfe5)
core   0: 0x80011d14 (0x00001f17) auipc   t5, 0x1
core   0: 3 0x80011d14 (0x00001f17) x30 0x80012d14
core   0: 0x80011d18 (0x2e3f2623) sw      gp, 748(t5)
core   0: 3 0x80011d18 (0x2e3f2623) mem 0x80013000 0x00000001
core   0: 0x80011d1c (0x0000bfe5) c.j     pc - 8
core   0: 3 0x80011d1c (0xbfe5)
core   0: 0x80011d14 (0x00001f17) auipc   t5, 0x1
core   0: 3 0x80011d14 (0x00001f17) x30 0x80012d14
core   0: 0x80011d18 (0x2e3f2623) sw      gp, 748(t5)
core   0: 3 0x80011d18 (0x2e3f2623) mem 0x80013000 0x00000001
core   0: 0x80011d1c (0x0000bfe5) c.j     pc - 8
core   0: 3 0x80011d1c (0xbfe5)
core   0: 0x80011d14 (0x00001f17) auipc   t5, 0x1
core   0: 3 0x80011d14 (0x00001f17) x30 0x80012d14
core   0: 0x80011d18 (0x2e3f2623) sw      gp, 748(t5)
core   0: 3 0x80011d18 (0x2e3f2623) mem 0x80013000 0x00000001
core   0: 0x80011d1c (0x0000bfe5) c.j     pc - 8
core   0: 3 0x80011d1c (0xbfe5)
core   0: 0x80011d14 (0x00001f17) auipc   t5, 0x1
core   0: 3 0x80011d14 (0x00001f17) x30 0x80012d14
core   0: 0x80011d18 (0x2e3f2623) sw      gp, 748(t5)
core   0: 3 0x80011d18 (0x2e3f2623) mem 0x80013000 0x00000001
core   0: 0x80011d1c (0x0000bfe5) c.j     pc - 8
core   0: 3 0x80011d1c (0xbfe5)
core   0: 0x80011d14 (0x00001f17) auipc   t5, 0x1
core   0: 3 0x80011d14 (0x00001f17) x30 0x80012d14
core   0: 0x80011d18 (0x2e3f2623) sw      gp, 748(t5)
core   0: 3 0x80011d18 (0x2e3f2623) mem 0x80013000 0x00000001
core   0: 0x80011d1c (0x0000bfe5) c.j     pc - 8
core   0: 3 0x80011d1c (0xbfe5)
core   0: 0x80011d14 (0x00001f17) auipc   t5, 0x1
core   0: 3 0x80011d14 (0x00001f17) x30 0x80012d14
core   0: 0x80011d18 (0x2e3f2623) sw      gp, 748(t5)
core   0: 3 0x80011d18 (0x2e3f2623) mem 0x80013000 0x00000001
core   0: 0x80011d1c (0x0000bfe5) c.j     pc - 8
core   0: 3 0x80011d1c (0xbfe5)
core   0: 0x80011d14 (0x00001f17) auipc   t5, 0x1
core   0: 3 0x80011d14 (0x00001f17) x30 0x80012d14
core   0: 0x80011d18 (0x2e3f2623) sw      gp, 748(t5)
core   0: 3 0x80011d18 (0x2e3f2623) mem 0x80013000 0x00000001
core   0: 0x80011d1c (0x0000bfe5) c.j     pc - 8
core   0: 3 0x80011d1c (0xbfe5)
core   0: 0x80011d14 (0x00001f17) auipc   t5, 0x1
core   0: 3 0x80011d14 (0x00001f17) x30 0x80012d14
core   0: 0x80011d18 (0x2e3f2623) sw      gp, 748(t5)
core   0: 3 0x80011d18 (0x2e3f2623) mem 0x80013000 0x00000001
core   0: 0x80011d1c (0x0000bfe5) c.j     pc - 8
core   0: 3 0x80011d1c (0xbfe5)
core   0: 0x80011d14 (0x00001f17) auipc   t5, 0x1
core   0: 3 0x80011d14 (0x00001f17) x30 0x80012d14
core   0: 0x80011d18 (0x2e3f2623) sw      gp, 748(t5)
core   0: 3 0x80011d18 (0x2e3f2623) mem 0x80013000 0x00000001
core   0: 0x80011d1c (0x0000bfe5) c.j     pc - 8
core   0: 3 0x80011d1c (0xbfe5)
core   0: 0x80011d14 (0x00001f17) auipc   t5, 0x1
core   0: 3 0x80011d14 (0x00001f17) x30 0x80012d14
core   0: 0x80011d18 (0x2e3f2623) sw      gp, 748(t5)
core   0: 3 0x80011d18 (0x2e3f2623) mem 0x80013000 0x00000001
core   0: 0x80011d1c (0x0000bfe5) c.j     pc - 8
core   0: 3 0x80011d1c (0xbfe5)
core   0: 0x80011d14 (0x00001f17) auipc   t5, 0x1
core   0: 3 0x80011d14 (0x00001f17) x30 0x80012d14
core   0: 0x80011d18 (0x2e3f2623) sw      gp, 748(t5)
core   0: 3 0x80011d18 (0x2e3f2623) mem 0x80013000 0x00000001
core   0: 0x80011d1c (0x0000bfe5) c.j     pc - 8
core   0: 3 0x80011d1c (0xbfe5)
core   0: 0x80011d14 (0x00001f17) auipc   t5, 0x1
core   0: 3 0x80011d14 (0x00001f17) x30 0x80012d14
core   0: 0x80011d18 (0x2e3f2623) sw      gp, 748(t5)
core   0: 3 0x80011d18 (0x2e3f2623) mem 0x80013000 0x00000001
core   0: 0x80011d1c (0x0000bfe5) c.j     pc - 8
core   0: 3 0x80011d1c (0xbfe5)
core   0: 0x80011d14 (0x00001f17) auipc   t5, 0x1
core   0: 3 0x80011d14 (0x00001f17) x30 0x80012d14
core   0: 0x80011d18 (0x2e3f2623) sw      gp, 748(t5)
core   0: 3 0x80011d18 (0x2e3f2623) mem 0x80013000 0x00000001
core   0: 0x80011d1c (0x0000bfe5) c.j     pc - 8
core   0: 3 0x80011d1c (0xbfe5)
core   0: 0x80011d14 (0x00001f17) auipc   t5, 0x1
core   0: 3 0x80011d14 (0x00001f17) x30 0x80012d14
core   0: 0x80011d18 (0x2e3f2623) sw      gp, 748(t5)
core   0: 3 0x80011d18 (0x2e3f2623) mem 0x80013000 0x00000001
core   0: 0x80011d1c (0x0000bfe5) c.j     pc - 8
core   0: 3 0x80011d1c (0xbfe5)
core   0: 0x80011d14 (0x00001f17) auipc   t5, 0x1
core   0: 3 0x80011d14 (0x00001f17) x30 0x80012d14
core   0: 0x80011d18 (0x2e3f2623) sw      gp, 748(t5)
core   0: 3 0x80011d18 (0x2e3f2623) mem 0x80013000 0x00000001
core   0: 0x80011d1c (0x0000bfe5) c.j     pc - 8
core   0: 3 0x80011d1c (0xbfe5)
core   0: 0x80011d14 (0x00001f17) auipc   t5, 0x1
core   0: 3 0x80011d14 (0x00001f17) x30 0x80012d14
core   0: 0x80011d18 (0x2e3f2623) sw      gp, 748(t5)
core   0: 3 0x80011d18 (0x2e3f2623) mem 0x80013000 0x00000001
core   0: 0x80011d1c (0x0000bfe5) c.j     pc - 8
core   0: 3 0x80011d1c (0xbfe5)
core   0: 0x80011d14 (0x00001f17) auipc   t5, 0x1
core   0: 3 0x80011d14 (0x00001f17) x30 0x80012d14
core   0: 0x80011d18 (0x2e3f2623) sw      gp, 748(t5)
core   0: 3 0x80011d18 (0x2e3f2623) mem 0x80013000 0x00000001
core   0: 0x80011d1c (0x0000bfe5) c.j     pc - 8
core   0: 3 0x80011d1c (0xbfe5)
core   0: 0x80011d14 (0x00001f17) auipc   t5, 0x1
core   0: 3 0x80011d14 (0x00001f17) x30 0x80012d14
core   0: 0x80011d18 (0x2e3f2623) sw      gp, 748(t5)
core   0: 3 0x80011d18 (0x2e3f2623) mem 0x80013000 0x00000001
core   0: 0x80011d1c (0x0000bfe5) c.j     pc - 8
core   0: 3 0x80011d1c (0xbfe5)
core   0: 0x80011d14 (0x00001f17) auipc   t5, 0x1
core   0: 3 0x80011d14 (0x00001f17) x30 0x80012d14
core   0: 0x80011d18 (0x2e3f2623) sw      gp, 748(t5)
core   0: 3 0x80011d18 (0x2e3f2623) mem 0x80013000 0x00000001
core   0: 0x80011d1c (0x0000bfe5) c.j     pc - 8
core   0: 3 0x80011d1c (0xbfe5)
core   0: 0x80011d14 (0x00001f17) auipc   t5, 0x1
core   0: 3 0x80011d14 (0x00001f17) x30 0x80012d14
core   0: 0x80011d18 (0x2e3f2623) sw      gp, 748(t5)
core   0: 3 0x80011d18 (0x2e3f2623) mem 0x80013000 0x00000001
core   0: 0x80011d1c (0x0000bfe5) c.j     pc - 8
core   0: 3 0x80011d1c (0xbfe5)
core   0: 0x80011d14 (0x00001f17) auipc   t5, 0x1
core   0: 3 0x80011d14 (0x00001f17) x30 0x80012d14
core   0: 0x80011d18 (0x2e3f2623) sw      gp, 748(t5)
core   0: 3 0x80011d18 (0x2e3f2623) mem 0x80013000 0x00000001
core   0: 0x80011d1c (0x0000bfe5) c.j     pc - 8
core   0: 3 0x80011d1c (0xbfe5)
core   0: 0x80011d14 (0x00001f17) auipc   t5, 0x1
core   0: 3 0x80011d14 (0x00001f17) x30 0x80012d14
core   0: 0x80011d18 (0x2e3f2623) sw      gp, 748(t5)
core   0: 3 0x80011d18 (0x2e3f2623) mem 0x80013000 0x00000001
core   0: 0x80011d1c (0x0000bfe5) c.j     pc - 8
core   0: 3 0x80011d1c (0xbfe5)
core   0: 0x80011d14 (0x00001f17) auipc   t5, 0x1
core   0: 3 0x80011d14 (0x00001f17) x30 0x80012d14
core   0: 0x80011d18 (0x2e3f2623) sw      gp, 748(t5)
core   0: 3 0x80011d18 (0x2e3f2623) mem 0x80013000 0x00000001
core   0: 0x80011d1c (0x0000bfe5) c.j     pc - 8
core   0: 3 0x80011d1c (0xbfe5)
core   0: 0x80011d14 (0x00001f17) auipc   t5, 0x1
core   0: 3 0x80011d14 (0x00001f17) x30 0x80012d14
core   0: 0x80011d18 (0x2e3f2623) sw      gp, 748(t5)
core   0: 3 0x80011d18 (0x2e3f2623) mem 0x80013000 0x00000001
core   0: 0x80011d1c (0x0000bfe5) c.j     pc - 8
core   0: 3 0x80011d1c (0xbfe5)
core   0: 0x80011d14 (0x00001f17) auipc   t5, 0x1
core   0: 3 0x80011d14 (0x00001f17) x30 0x80012d14
core   0: 0x80011d18 (0x2e3f2623) sw      gp, 748(t5)
core   0: 3 0x80011d18 (0x2e3f2623) mem 0x80013000 0x00000001
core   0: 0x80011d1c (0x0000bfe5) c.j     pc - 8
core   0: 3 0x80011d1c (0xbfe5)
core   0: 0x80011d14 (0x00001f17) auipc   t5, 0x1
core   0: 3 0x80011d14 (0x00001f17) x30 0x80012d14
core   0: 0x80011d18 (0x2e3f2623) sw      gp, 748(t5)
core   0: 3 0x80011d18 (0x2e3f2623) mem 0x80013000 0x00000001
core   0: 0x80011d1c (0x0000bfe5) c.j     pc - 8
core   0: 3 0x80011d1c (0xbfe5)
core   0: 0x80011d14 (0x00001f17) auipc   t5, 0x1
core   0: 3 0x80011d14 (0x00001f17) x30 0x80012d14
core   0: 0x80011d18 (0x2e3f2623) sw      gp, 748(t5)
core   0: 3 0x80011d18 (0x2e3f2623) mem 0x80013000 0x00000001
core   0: 0x80011d1c (0x0000bfe5) c.j     pc - 8
core   0: 3 0x80011d1c (0xbfe5)
core   0: 0x80011d14 (0x00001f17) auipc   t5, 0x1
core   0: 3 0x80011d14 (0x00001f17) x30 0x80012d14
core   0: 0x80011d18 (0x2e3f2623) sw      gp, 748(t5)
core   0: 3 0x80011d18 (0x2e3f2623) mem 0x80013000 0x00000001
core   0: 0x80011d1c (0x0000bfe5) c.j     pc - 8
core   0: 3 0x80011d1c (0xbfe5)
core   0: 0x80011d14 (0x00001f17) auipc   t5, 0x1
core   0: 3 0x80011d14 (0x00001f17) x30 0x80012d14
core   0: 0x80011d18 (0x2e3f2623) sw      gp, 748(t5)
core   0: 3 0x80011d18 (0x2e3f2623) mem 0x80013000 0x00000001
core   0: 0x80011d1c (0x0000bfe5) c.j     pc - 8
core   0: 3 0x80011d1c (0xbfe5)
core   0: 0x80011d14 (0x00001f17) auipc   t5, 0x1
core   0: 3 0x80011d14 (0x00001f17) x30 0x80012d14
core   0: 0x80011d18 (0x2e3f2623) sw      gp, 748(t5)
core   0: 3 0x80011d18 (0x2e3f2623) mem 0x80013000 0x00000001
core   0: 0x80011d1c (0x0000bfe5) c.j     pc - 8
core   0: 3 0x80011d1c (0xbfe5)
core   0: 0x80011d14 (0x00001f17) auipc   t5, 0x1
core   0: 3 0x80011d14 (0x00001f17) x30 0x80012d14
core   0: 0x80011d18 (0x2e3f2623) sw      gp, 748(t5)
core   0: 3 0x80011d18 (0x2e3f2623) mem 0x80013000 0x00000001
core   0: 0x80011d1c (0x0000bfe5) c.j     pc - 8
core   0: 3 0x80011d1c (0xbfe5)
core   0: 0x80011d14 (0x00001f17) auipc   t5, 0x1
core   0: 3 0x80011d14 (0x00001f17) x30 0x80012d14
core   0: 0x80011d18 (0x2e3f2623) sw      gp, 748(t5)
core   0: 3 0x80011d18 (0x2e3f2623) mem 0x80013000 0x00000001
core   0: 0x80011d1c (0x0000bfe5) c.j     pc - 8
core   0: 3 0x80011d1c (0xbfe5)
core   0: 0x80011d14 (0x00001f17) auipc   t5, 0x1
core   0: 3 0x80011d14 (0x00001f17) x30 0x80012d14
core   0: 0x80011d18 (0x2e3f2623) sw      gp, 748(t5)
core   0: 3 0x80011d18 (0x2e3f2623) mem 0x80013000 0x00000001
core   0: 0x80011d1c (0x0000bfe5) c.j     pc - 8
core   0: 3 0x80011d1c (0xbfe5)
core   0: 0x80011d14 (0x00001f17) auipc   t5, 0x1
core   0: 3 0x80011d14 (0x00001f17) x30 0x80012d14
core   0: 0x80011d18 (0x2e3f2623) sw      gp, 748(t5)
core   0: 3 0x80011d18 (0x2e3f2623) mem 0x80013000 0x00000001
core   0: 0x80011d1c (0x0000bfe5) c.j     pc - 8
core   0: 3 0x80011d1c (0xbfe5)
core   0: 0x80011d14 (0x00001f17) auipc   t5, 0x1
core   0: 3 0x80011d14 (0x00001f17) x30 0x80012d14
core   0: 0x80011d18 (0x2e3f2623) sw      gp, 748(t5)
core   0: 3 0x80011d18 (0x2e3f2623) mem 0x80013000 0x00000001
core   0: 0x80011d1c (0x0000bfe5) c.j     pc - 8
core   0: 3 0x80011d1c (0xbfe5)
core   0: 0x80011d14 (0x00001f17) auipc   t5, 0x1
core   0: 3 0x80011d14 (0x00001f17) x30 0x80012d14
core   0: 0x80011d18 (0x2e3f2623) sw      gp, 748(t5)
core   0: 3 0x80011d18 (0x2e3f2623) mem 0x80013000 0x00000001
core   0: 0x80011d1c (0x0000bfe5) c.j     pc - 8
core   0: 3 0x80011d1c (0xbfe5)
core   0: 0x80011d14 (0x00001f17) auipc   t5, 0x1
core   0: 3 0x80011d14 (0x00001f17) x30 0x80012d14
core   0: 0x80011d18 (0x2e3f2623) sw      gp, 748(t5)
core   0: 3 0x80011d18 (0x2e3f2623) mem 0x80013000 0x00000001
core   0: 0x80011d1c (0x0000bfe5) c.j     pc - 8
core   0: 3 0x80011d1c (0xbfe5)
core   0: 0x80011d14 (0x00001f17) auipc   t5, 0x1
core   0: 3 0x80011d14 (0x00001f17) x30 0x80012d14
core   0: 0x80011d18 (0x2e3f2623) sw      gp, 748(t5)
core   0: 3 0x80011d18 (0x2e3f2623) mem 0x80013000 0x00000001
core   0: 0x80011d1c (0x0000bfe5) c.j     pc - 8
core   0: 3 0x80011d1c (0xbfe5)
core   0: 0x80011d14 (0x00001f17) auipc   t5, 0x1
core   0: 3 0x80011d14 (0x00001f17) x30 0x80012d14
core   0: 0x80011d18 (0x2e3f2623) sw      gp, 748(t5)
core   0: 3 0x80011d18 (0x2e3f2623) mem 0x80013000 0x00000001
core   0: 0x80011d1c (0x0000bfe5) c.j     pc - 8
core   0: 3 0x80011d1c (0xbfe5)
core   0: 0x80011d14 (0x00001f17) auipc   t5, 0x1
core   0: 3 0x80011d14 (0x00001f17) x30 0x80012d14
core   0: 0x80011d18 (0x2e3f2623) sw      gp, 748(t5)
core   0: 3 0x80011d18 (0x2e3f2623) mem 0x80013000 0x00000001
core   0: 0x80011d1c (0x0000bfe5) c.j     pc - 8
core   0: 3 0x80011d1c (0xbfe5)
core   0: 0x80011d14 (0x00001f17) auipc   t5, 0x1
core   0: 3 0x80011d14 (0x00001f17) x30 0x80012d14
core   0: 0x80011d18 (0x2e3f2623) sw      gp, 748(t5)
core   0: 3 0x80011d18 (0x2e3f2623) mem 0x80013000 0x00000001
core   0: 0x80011d1c (0x0000bfe5) c.j     pc - 8
core   0: 3 0x80011d1c (0xbfe5)
core   0: 0x80011d14 (0x00001f17) auipc   t5, 0x1
core   0: 3 0x80011d14 (0x00001f17) x30 0x80012d14
core   0: 0x80011d18 (0x2e3f2623) sw      gp, 748(t5)
core   0: 3 0x80011d18 (0x2e3f2623) mem 0x80013000 0x00000001
core   0: 0x80011d1c (0x0000bfe5) c.j     pc - 8
core   0: 3 0x80011d1c (0xbfe5)
core   0: 0x80011d14 (0x00001f17) auipc   t5, 0x1
core   0: 3 0x80011d14 (0x00001f17) x30 0x80012d14
core   0: 0x80011d18 (0x2e3f2623) sw      gp, 748(t5)
core   0: 3 0x80011d18 (0x2e3f2623) mem 0x80013000 0x00000001
core   0: 0x80011d1c (0x0000bfe5) c.j     pc - 8
core   0: 3 0x80011d1c (0xbfe5)
core   0: 0x80011d14 (0x00001f17) auipc   t5, 0x1
core   0: 3 0x80011d14 (0x00001f17) x30 0x80012d14
core   0: 0x80011d18 (0x2e3f2623) sw      gp, 748(t5)
core   0: 3 0x80011d18 (0x2e3f2623) mem 0x80013000 0x00000001
core   0: 0x80011d1c (0x0000bfe5) c.j     pc - 8
core   0: 3 0x80011d1c (0xbfe5)
core   0: 0x80011d14 (0x00001f17) auipc   t5, 0x1
core   0: 3 0x80011d14 (0x00001f17) x30 0x80012d14
core   0: 0x80011d18 (0x2e3f2623) sw      gp, 748(t5)
core   0: 3 0x80011d18 (0x2e3f2623) mem 0x80013000 0x00000001
core   0: 0x80011d1c (0x0000bfe5) c.j     pc - 8
core   0: 3 0x80011d1c (0xbfe5)
core   0: 0x80011d14 (0x00001f17) auipc   t5, 0x1
core   0: 3 0x80011d14 (0x00001f17) x30 0x80012d14
core   0: 0x80011d18 (0x2e3f2623) sw      gp, 748(t5)
core   0: 3 0x80011d18 (0x2e3f2623) mem 0x80013000 0x00000001
core   0: 0x80011d1c (0x0000bfe5) c.j     pc - 8
core   0: 3 0x80011d1c (0xbfe5)
core   0: 0x80011d14 (0x00001f17) auipc   t5, 0x1
core   0: 3 0x80011d14 (0x00001f17) x30 0x80012d14
core   0: 0x80011d18 (0x2e3f2623) sw      gp, 748(t5)
core   0: 3 0x80011d18 (0x2e3f2623) mem 0x80013000 0x00000001
core   0: 0x80011d1c (0x0000bfe5) c.j     pc - 8
core   0: 3 0x80011d1c (0xbfe5)
core   0: 0x80011d14 (0x00001f17) auipc   t5, 0x1
core   0: 3 0x80011d14 (0x00001f17) x30 0x80012d14
core   0: 0x80011d18 (0x2e3f2623) sw      gp, 748(t5)
core   0: 3 0x80011d18 (0x2e3f2623) mem 0x80013000 0x00000001
core   0: 0x80011d1c (0x0000bfe5) c.j     pc - 8
core   0: 3 0x80011d1c (0xbfe5)
core   0: 0x80011d14 (0x00001f17) auipc   t5, 0x1
core   0: 3 0x80011d14 (0x00001f17) x30 0x80012d14
core   0: 0x80011d18 (0x2e3f2623) sw      gp, 748(t5)
core   0: 3 0x80011d18 (0x2e3f2623) mem 0x80013000 0x00000001
core   0: 0x80011d1c (0x0000bfe5) c.j     pc - 8
core   0: 3 0x80011d1c (0xbfe5)
core   0: 0x80011d14 (0x00001f17) auipc   t5, 0x1
core   0: 3 0x80011d14 (0x00001f17) x30 0x80012d14
core   0: 0x80011d18 (0x2e3f2623) sw      gp, 748(t5)
core   0: 3 0x80011d18 (0x2e3f2623) mem 0x80013000 0x00000001
core   0: 0x80011d1c (0x0000bfe5) c.j     pc - 8
core   0: 3 0x80011d1c (0xbfe5)
core   0: 0x80011d14 (0x00001f17) auipc   t5, 0x1
core   0: 3 0x80011d14 (0x00001f17) x30 0x80012d14
core   0: 0x80011d18 (0x2e3f2623) sw      gp, 748(t5)
core   0: 3 0x80011d18 (0x2e3f2623) mem 0x80013000 0x00000001
core   0: 0x80011d1c (0x0000bfe5) c.j     pc - 8
core   0: 3 0x80011d1c (0xbfe5)
core   0: 0x80011d14 (0x00001f17) auipc   t5, 0x1
core   0: 3 0x80011d14 (0x00001f17) x30 0x80012d14
core   0: 0x80011d18 (0x2e3f2623) sw      gp, 748(t5)
core   0: 3 0x80011d18 (0x2e3f2623) mem 0x80013000 0x00000001
core   0: 0x80011d1c (0x0000bfe5) c.j     pc - 8
core   0: 3 0x80011d1c (0xbfe5)
core   0: 0x80011d14 (0x00001f17) auipc   t5, 0x1
core   0: 3 0x80011d14 (0x00001f17) x30 0x80012d14
core   0: 0x80011d18 (0x2e3f2623) sw      gp, 748(t5)
core   0: 3 0x80011d18 (0x2e3f2623) mem 0x80013000 0x00000001
core   0: 0x80011d1c (0x0000bfe5) c.j     pc - 8
core   0: 3 0x80011d1c (0xbfe5)
core   0: 0x80011d14 (0x00001f17) auipc   t5, 0x1
core   0: 3 0x80011d14 (0x00001f17) x30 0x80012d14
core   0: 0x80011d18 (0x2e3f2623) sw      gp, 748(t5)
core   0: 3 0x80011d18 (0x2e3f2623) mem 0x80013000 0x00000001
core   0: 0x80011d1c (0x0000bfe5) c.j     pc - 8
core   0: 3 0x80011d1c (0xbfe5)
core   0: 0x80011d14 (0x00001f17) auipc   t5, 0x1
core   0: 3 0x80011d14 (0x00001f17) x30 0x80012d14
core   0: 0x80011d18 (0x2e3f2623) sw      gp, 748(t5)
core   0: 3 0x80011d18 (0x2e3f2623) mem 0x80013000 0x00000001
core   0: 0x80011d1c (0x0000bfe5) c.j     pc - 8
core   0: 3 0x80011d1c (0xbfe5)
core   0: 0x80011d14 (0x00001f17) auipc   t5, 0x1
core   0: 3 0x80011d14 (0x00001f17) x30 0x80012d14
core   0: 0x80011d18 (0x2e3f2623) sw      gp, 748(t5)
core   0: 3 0x80011d18 (0x2e3f2623) mem 0x80013000 0x00000001
core   0: 0x80011d1c (0x0000bfe5) c.j     pc - 8
core   0: 3 0x80011d1c (0xbfe5)
core   0: 0x80011d14 (0x00001f17) auipc   t5, 0x1
core   0: 3 0x80011d14 (0x00001f17) x30 0x80012d14
core   0: 0x80011d18 (0x2e3f2623) sw      gp, 748(t5)
core   0: 3 0x80011d18 (0x2e3f2623) mem 0x80013000 0x00000001
core   0: 0x80011d1c (0x0000bfe5) c.j     pc - 8
core   0: 3 0x80011d1c (0xbfe5)
core   0: 0x80011d14 (0x00001f17) auipc   t5, 0x1
core   0: 3 0x80011d14 (0x00001f17) x30 0x80012d14
core   0: 0x80011d18 (0x2e3f2623) sw      gp, 748(t5)
core   0: 3 0x80011d18 (0x2e3f2623) mem 0x80013000 0x00000001
core   0: 0x80011d1c (0x0000bfe5) c.j     pc - 8
core   0: 3 0x80011d1c (0xbfe5)
core   0: 0x80011d14 (0x00001f17) auipc   t5, 0x1
core   0: 3 0x80011d14 (0x00001f17) x30 0x80012d14
core   0: 0x80011d18 (0x2e3f2623) sw      gp, 748(t5)
core   0: 3 0x80011d18 (0x2e3f2623) mem 0x80013000 0x00000001
core   0: 0x80011d1c (0x0000bfe5) c.j     pc - 8
core   0: 3 0x80011d1c (0xbfe5)
core   0: 0x80011d14 (0x00001f17) auipc   t5, 0x1
core   0: 3 0x80011d14 (0x00001f17) x30 0x80012d14
core   0: 0x80011d18 (0x2e3f2623) sw      gp, 748(t5)
core   0: 3 0x80011d18 (0x2e3f2623) mem 0x80013000 0x00000001
core   0: 0x80011d1c (0x0000bfe5) c.j     pc - 8
core   0: 3 0x80011d1c (0xbfe5)
core   0: 0x80011d14 (0x00001f17) auipc   t5, 0x1
core   0: 3 0x80011d14 (0x00001f17) x30 0x80012d14
core   0: 0x80011d18 (0x2e3f2623) sw      gp, 748(t5)
core   0: 3 0x80011d18 (0x2e3f2623) mem 0x80013000 0x00000001
core   0: 0x80011d1c (0x0000bfe5) c.j     pc - 8
core   0: 3 0x80011d1c (0xbfe5)
core   0: 0x80011d14 (0x00001f17) auipc   t5, 0x1
core   0: 3 0x80011d14 (0x00001f17) x30 0x80012d14
core   0: 0x80011d18 (0x2e3f2623) sw      gp, 748(t5)
core   0: 3 0x80011d18 (0x2e3f2623) mem 0x80013000 0x00000001
core   0: 0x80011d1c (0x0000bfe5) c.j     pc - 8
core   0: 3 0x80011d1c (0xbfe5)
core   0: 0x80011d14 (0x00001f17) auipc   t5, 0x1
core   0: 3 0x80011d14 (0x00001f17) x30 0x80012d14
core   0: 0x80011d18 (0x2e3f2623) sw      gp, 748(t5)
core   0: 3 0x80011d18 (0x2e3f2623) mem 0x80013000 0x00000001
core   0: 0x80011d1c (0x0000bfe5) c.j     pc - 8
core   0: 3 0x80011d1c (0xbfe5)
core   0: 0x80011d14 (0x00001f17) auipc   t5, 0x1
core   0: 3 0x80011d14 (0x00001f17) x30 0x80012d14
core   0: 0x80011d18 (0x2e3f2623) sw      gp, 748(t5)
core   0: 3 0x80011d18 (0x2e3f2623) mem 0x80013000 0x00000001
core   0: 0x80011d1c (0x0000bfe5) c.j     pc - 8
core   0: 3 0x80011d1c (0xbfe5)
core   0: 0x80011d14 (0x00001f17) auipc   t5, 0x1
core   0: 3 0x80011d14 (0x00001f17) x30 0x80012d14
core   0: 0x80011d18 (0x2e3f2623) sw      gp, 748(t5)
core   0: 3 0x80011d18 (0x2e3f2623) mem 0x80013000 0x00000001
core   0: 0x80011d1c (0x0000bfe5) c.j     pc - 8
core   0: 3 0x80011d1c (0xbfe5)
core   0: 0x80011d14 (0x00001f17) auipc   t5, 0x1
core   0: 3 0x80011d14 (0x00001f17) x30 0x80012d14
core   0: 0x80011d18 (0x2e3f2623) sw      gp, 748(t5)
core   0: 3 0x80011d18 (0x2e3f2623) mem 0x80013000 0x00000001
core   0: 0x80011d1c (0x0000bfe5) c.j     pc - 8
core   0: 3 0x80011d1c (0xbfe5)
core   0: 0x80011d14 (0x00001f17) auipc   t5, 0x1
core   0: 3 0x80011d14 (0x00001f17) x30 0x80012d14
core   0: 0x80011d18 (0x2e3f2623) sw      gp, 748(t5)
core   0: 3 0x80011d18 (0x2e3f2623) mem 0x80013000 0x00000001
core   0: 0x80011d1c (0x0000bfe5) c.j     pc - 8
core   0: 3 0x80011d1c (0xbfe5)
core   0: 0x80011d14 (0x00001f17) auipc   t5, 0x1
core   0: 3 0x80011d14 (0x00001f17) x30 0x80012d14
core   0: 0x80011d18 (0x2e3f2623) sw      gp, 748(t5)
core   0: 3 0x80011d18 (0x2e3f2623) mem 0x80013000 0x00000001
core   0: 0x80011d1c (0x0000bfe5) c.j     pc - 8
core   0: 3 0x80011d1c (0xbfe5)
core   0: 0x80011d14 (0x00001f17) auipc   t5, 0x1
core   0: 3 0x80011d14 (0x00001f17) x30 0x80012d14
core   0: 0x80011d18 (0x2e3f2623) sw      gp, 748(t5)
core   0: 3 0x80011d18 (0x2e3f2623) mem 0x80013000 0x00000001
core   0: 0x80011d1c (0x0000bfe5) c.j     pc - 8
core   0: 3 0x80011d1c (0xbfe5)
core   0: 0x80011d14 (0x00001f17) auipc   t5, 0x1
core   0: 3 0x80011d14 (0x00001f17) x30 0x80012d14
core   0: 0x80011d18 (0x2e3f2623) sw      gp, 748(t5)
core   0: 3 0x80011d18 (0x2e3f2623) mem 0x80013000 0x00000001
core   0: 0x80011d1c (0x0000bfe5) c.j     pc - 8
core   0: 3 0x80011d1c (0xbfe5)
core   0: 0x80011d14 (0x00001f17) auipc   t5, 0x1
core   0: 3 0x80011d14 (0x00001f17) x30 0x80012d14
core   0: 0x80011d18 (0x2e3f2623) sw      gp, 748(t5)
core   0: 3 0x80011d18 (0x2e3f2623) mem 0x80013000 0x00000001
core   0: 0x80011d1c (0x0000bfe5) c.j     pc - 8
core   0: 3 0x80011d1c (0xbfe5)
core   0: 0x80011d14 (0x00001f17) auipc   t5, 0x1
core   0: 3 0x80011d14 (0x00001f17) x30 0x80012d14
core   0: 0x80011d18 (0x2e3f2623) sw      gp, 748(t5)
core   0: 3 0x80011d18 (0x2e3f2623) mem 0x80013000 0x00000001
core   0: 0x80011d1c (0x0000bfe5) c.j     pc - 8
core   0: 3 0x80011d1c (0xbfe5)
core   0: 0x80011d14 (0x00001f17) auipc   t5, 0x1
core   0: 3 0x80011d14 (0x00001f17) x30 0x80012d14
core   0: 0x80011d18 (0x2e3f2623) sw      gp, 748(t5)
core   0: 3 0x80011d18 (0x2e3f2623) mem 0x80013000 0x00000001
core   0: 0x80011d1c (0x0000bfe5) c.j     pc - 8
core   0: 3 0x80011d1c (0xbfe5)
core   0: 0x80011d14 (0x00001f17) auipc   t5, 0x1
core   0: 3 0x80011d14 (0x00001f17) x30 0x80012d14
core   0: 0x80011d18 (0x2e3f2623) sw      gp, 748(t5)
core   0: 3 0x80011d18 (0x2e3f2623) mem 0x80013000 0x00000001
core   0: 0x80011d1c (0x0000bfe5) c.j     pc - 8
core   0: 3 0x80011d1c (0xbfe5)
core   0: 0x80011d14 (0x00001f17) auipc   t5, 0x1
core   0: 3 0x80011d14 (0x00001f17) x30 0x80012d14
core   0: 0x80011d18 (0x2e3f2623) sw      gp, 748(t5)
core   0: 3 0x80011d18 (0x2e3f2623) mem 0x80013000 0x00000001
core   0: 0x80011d1c (0x0000bfe5) c.j     pc - 8
core   0: 3 0x80011d1c (0xbfe5)
core   0: 0x80011d14 (0x00001f17) auipc   t5, 0x1
core   0: 3 0x80011d14 (0x00001f17) x30 0x80012d14
core   0: 0x80011d18 (0x2e3f2623) sw      gp, 748(t5)
core   0: 3 0x80011d18 (0x2e3f2623) mem 0x80013000 0x00000001
core   0: 0x80011d1c (0x0000bfe5) c.j     pc - 8
core   0: 3 0x80011d1c (0xbfe5)
core   0: 0x80011d14 (0x00001f17) auipc   t5, 0x1
core   0: 3 0x80011d14 (0x00001f17) x30 0x80012d14
core   0: 0x80011d18 (0x2e3f2623) sw      gp, 748(t5)
core   0: 3 0x80011d18 (0x2e3f2623) mem 0x80013000 0x00000001
core   0: 0x80011d1c (0x0000bfe5) c.j     pc - 8
core   0: 3 0x80011d1c (0xbfe5)
core   0: 0x80011d14 (0x00001f17) auipc   t5, 0x1
core   0: 3 0x80011d14 (0x00001f17) x30 0x80012d14
core   0: 0x80011d18 (0x2e3f2623) sw      gp, 748(t5)
core   0: 3 0x80011d18 (0x2e3f2623) mem 0x80013000 0x00000001
core   0: 0x80011d1c (0x0000bfe5) c.j     pc - 8
core   0: 3 0x80011d1c (0xbfe5)
core   0: 0x80011d14 (0x00001f17) auipc   t5, 0x1
core   0: 3 0x80011d14 (0x00001f17) x30 0x80012d14
core   0: 0x80011d18 (0x2e3f2623) sw      gp, 748(t5)
core   0: 3 0x80011d18 (0x2e3f2623) mem 0x80013000 0x00000001
core   0: 0x80011d1c (0x0000bfe5) c.j     pc - 8
core   0: 3 0x80011d1c (0xbfe5)
core   0: 0x80011d14 (0x00001f17) auipc   t5, 0x1
core   0: 3 0x80011d14 (0x00001f17) x30 0x80012d14
core   0: 0x80011d18 (0x2e3f2623) sw      gp, 748(t5)
core   0: 3 0x80011d18 (0x2e3f2623) mem 0x80013000 0x00000001
core   0: 0x80011d1c (0x0000bfe5) c.j     pc - 8
core   0: 3 0x80011d1c (0xbfe5)
core   0: 0x80011d14 (0x00001f17) auipc   t5, 0x1
core   0: 3 0x80011d14 (0x00001f17) x30 0x80012d14
core   0: 0x80011d18 (0x2e3f2623) sw      gp, 748(t5)
core   0: 3 0x80011d18 (0x2e3f2623) mem 0x80013000 0x00000001
core   0: 0x80011d1c (0x0000bfe5) c.j     pc - 8
core   0: 3 0x80011d1c (0xbfe5)
core   0: 0x80011d14 (0x00001f17) auipc   t5, 0x1
core   0: 3 0x80011d14 (0x00001f17) x30 0x80012d14
core   0: 0x80011d18 (0x2e3f2623) sw      gp, 748(t5)
core   0: 3 0x80011d18 (0x2e3f2623) mem 0x80013000 0x00000001
core   0: 0x80011d1c (0x0000bfe5) c.j     pc - 8
core   0: 3 0x80011d1c (0xbfe5)
core   0: 0x80011d14 (0x00001f17) auipc   t5, 0x1
core   0: 3 0x80011d14 (0x00001f17) x30 0x80012d14
core   0: 0x80011d18 (0x2e3f2623) sw      gp, 748(t5)
core   0: 3 0x80011d18 (0x2e3f2623) mem 0x80013000 0x00000001
core   0: 0x80011d1c (0x0000bfe5) c.j     pc - 8
core   0: 3 0x80011d1c (0xbfe5)
core   0: 0x80011d14 (0x00001f17) auipc   t5, 0x1
core   0: 3 0x80011d14 (0x00001f17) x30 0x80012d14
core   0: 0x80011d18 (0x2e3f2623) sw      gp, 748(t5)
core   0: 3 0x80011d18 (0x2e3f2623) mem 0x80013000 0x00000001
core   0: 0x80011d1c (0x0000bfe5) c.j     pc - 8
core   0: 3 0x80011d1c (0xbfe5)
core   0: 0x80011d14 (0x00001f17) auipc   t5, 0x1
core   0: 3 0x80011d14 (0x00001f17) x30 0x80012d14
core   0: 0x80011d18 (0x2e3f2623) sw      gp, 748(t5)
core   0: 3 0x80011d18 (0x2e3f2623) mem 0x80013000 0x00000001
core   0: 0x80011d1c (0x0000bfe5) c.j     pc - 8
core   0: 3 0x80011d1c (0xbfe5)
core   0: 0x80011d14 (0x00001f17) auipc   t5, 0x1
core   0: 3 0x80011d14 (0x00001f17) x30 0x80012d14
core   0: 0x80011d18 (0x2e3f2623) sw      gp, 748(t5)
core   0: 3 0x80011d18 (0x2e3f2623) mem 0x80013000 0x00000001
core   0: 0x80011d1c (0x0000bfe5) c.j     pc - 8
core   0: 3 0x80011d1c (0xbfe5)
core   0: 0x80011d14 (0x00001f17) auipc   t5, 0x1
core   0: 3 0x80011d14 (0x00001f17) x30 0x80012d14
core   0: 0x80011d18 (0x2e3f2623) sw      gp, 748(t5)
core   0: 3 0x80011d18 (0x2e3f2623) mem 0x80013000 0x00000001
core   0: 0x80011d1c (0x0000bfe5) c.j     pc - 8
core   0: 3 0x80011d1c (0xbfe5)
core   0: 0x80011d14 (0x00001f17) auipc   t5, 0x1
core   0: 3 0x80011d14 (0x00001f17) x30 0x80012d14
core   0: 0x80011d18 (0x2e3f2623) sw      gp, 748(t5)
core   0: 3 0x80011d18 (0x2e3f2623) mem 0x80013000 0x00000001
core   0: 0x80011d1c (0x0000bfe5) c.j     pc - 8
core   0: 3 0x80011d1c (0xbfe5)
core   0: 0x80011d14 (0x00001f17) auipc   t5, 0x1
core   0: 3 0x80011d14 (0x00001f17) x30 0x80012d14
core   0: 0x80011d18 (0x2e3f2623) sw      gp, 748(t5)
core   0: 3 0x80011d18 (0x2e3f2623) mem 0x80013000 0x00000001
core   0: 0x80011d1c (0x0000bfe5) c.j     pc - 8
core   0: 3 0x80011d1c (0xbfe5)
core   0: 0x80011d14 (0x00001f17) auipc   t5, 0x1
core   0: 3 0x80011d14 (0x00001f17) x30 0x80012d14
core   0: 0x80011d18 (0x2e3f2623) sw      gp, 748(t5)
core   0: 3 0x80011d18 (0x2e3f2623) mem 0x80013000 0x00000001
core   0: 0x80011d1c (0x0000bfe5) c.j     pc - 8
core   0: 3 0x80011d1c (0xbfe5)
core   0: 0x80011d14 (0x00001f17) auipc   t5, 0x1
core   0: 3 0x80011d14 (0x00001f17) x30 0x80012d14
core   0: 0x80011d18 (0x2e3f2623) sw      gp, 748(t5)
core   0: 3 0x80011d18 (0x2e3f2623) mem 0x80013000 0x00000001
core   0: 0x80011d1c (0x0000bfe5) c.j     pc - 8
core   0: 3 0x80011d1c (0xbfe5)
core   0: 0x80011d14 (0x00001f17) auipc   t5, 0x1
core   0: 3 0x80011d14 (0x00001f17) x30 0x80012d14
core   0: 0x80011d18 (0x2e3f2623) sw      gp, 748(t5)
core   0: 3 0x80011d18 (0x2e3f2623) mem 0x80013000 0x00000001
core   0: 0x80011d1c (0x0000bfe5) c.j     pc - 8
core   0: 3 0x80011d1c (0xbfe5)
core   0: 0x80011d14 (0x00001f17) auipc   t5, 0x1
core   0: 3 0x80011d14 (0x00001f17) x30 0x80012d14
core   0: 0x80011d18 (0x2e3f2623) sw      gp, 748(t5)
core   0: 3 0x80011d18 (0x2e3f2623) mem 0x80013000 0x00000001
core   0: 0x80011d1c (0x0000bfe5) c.j     pc - 8
core   0: 3 0x80011d1c (0xbfe5)
core   0: 0x80011d14 (0x00001f17) auipc   t5, 0x1
core   0: 3 0x80011d14 (0x00001f17) x30 0x80012d14
core   0: 0x80011d18 (0x2e3f2623) sw      gp, 748(t5)
core   0: 3 0x80011d18 (0x2e3f2623) mem 0x80013000 0x00000001
core   0: 0x80011d1c (0x0000bfe5) c.j     pc - 8
core   0: 3 0x80011d1c (0xbfe5)
core   0: 0x80011d14 (0x00001f17) auipc   t5, 0x1
core   0: 3 0x80011d14 (0x00001f17) x30 0x80012d14
core   0: 0x80011d18 (0x2e3f2623) sw      gp, 748(t5)
core   0: 3 0x80011d18 (0x2e3f2623) mem 0x80013000 0x00000001
core   0: 0x80011d1c (0x0000bfe5) c.j     pc - 8
core   0: 3 0x80011d1c (0xbfe5)
core   0: 0x80011d14 (0x00001f17) auipc   t5, 0x1
core   0: 3 0x80011d14 (0x00001f17) x30 0x80012d14
core   0: 0x80011d18 (0x2e3f2623) sw      gp, 748(t5)
core   0: 3 0x80011d18 (0x2e3f2623) mem 0x80013000 0x00000001
core   0: 0x80011d1c (0x0000bfe5) c.j     pc - 8
core   0: 3 0x80011d1c (0xbfe5)
core   0: 0x80011d14 (0x00001f17) auipc   t5, 0x1
core   0: 3 0x80011d14 (0x00001f17) x30 0x80012d14
core   0: 0x80011d18 (0x2e3f2623) sw      gp, 748(t5)
core   0: 3 0x80011d18 (0x2e3f2623) mem 0x80013000 0x00000001
core   0: 0x80011d1c (0x0000bfe5) c.j     pc - 8
core   0: 3 0x80011d1c (0xbfe5)
core   0: 0x80011d14 (0x00001f17) auipc   t5, 0x1
core   0: 3 0x80011d14 (0x00001f17) x30 0x80012d14
core   0: 0x80011d18 (0x2e3f2623) sw      gp, 748(t5)
core   0: 3 0x80011d18 (0x2e3f2623) mem 0x80013000 0x00000001
core   0: 0x80011d1c (0x0000bfe5) c.j     pc - 8
core   0: 3 0x80011d1c (0xbfe5)
core   0: 0x80011d14 (0x00001f17) auipc   t5, 0x1
core   0: 3 0x80011d14 (0x00001f17) x30 0x80012d14
core   0: 0x80011d18 (0x2e3f2623) sw      gp, 748(t5)
core   0: 3 0x80011d18 (0x2e3f2623) mem 0x80013000 0x00000001
core   0: 0x80011d1c (0x0000bfe5) c.j     pc - 8
core   0: 3 0x80011d1c (0xbfe5)
core   0: 0x80011d14 (0x00001f17) auipc   t5, 0x1
core   0: 3 0x80011d14 (0x00001f17) x30 0x80012d14
core   0: 0x80011d18 (0x2e3f2623) sw      gp, 748(t5)
core   0: 3 0x80011d18 (0x2e3f2623) mem 0x80013000 0x00000001
core   0: 0x80011d1c (0x0000bfe5) c.j     pc - 8
core   0: 3 0x80011d1c (0xbfe5)
core   0: 0x80011d14 (0x00001f17) auipc   t5, 0x1
core   0: 3 0x80011d14 (0x00001f17) x30 0x80012d14
core   0: 0x80011d18 (0x2e3f2623) sw      gp, 748(t5)
core   0: 3 0x80011d18 (0x2e3f2623) mem 0x80013000 0x00000001
core   0: 0x80011d1c (0x0000bfe5) c.j     pc - 8
core   0: 3 0x80011d1c (0xbfe5)
core   0: 0x80011d14 (0x00001f17) auipc   t5, 0x1
core   0: 3 0x80011d14 (0x00001f17) x30 0x80012d14
core   0: 0x80011d18 (0x2e3f2623) sw      gp, 748(t5)
core   0: 3 0x80011d18 (0x2e3f2623) mem 0x80013000 0x00000001
core   0: 0x80011d1c (0x0000bfe5) c.j     pc - 8
core   0: 3 0x80011d1c (0xbfe5)
core   0: 0x80011d14 (0x00001f17) auipc   t5, 0x1
core   0: 3 0x80011d14 (0x00001f17) x30 0x80012d14
core   0: 0x80011d18 (0x2e3f2623) sw      gp, 748(t5)
core   0: 3 0x80011d18 (0x2e3f2623) mem 0x80013000 0x00000001
core   0: 0x80011d1c (0x0000bfe5) c.j     pc - 8
core   0: 3 0x80011d1c (0xbfe5)
core   0: 0x80011d14 (0x00001f17) auipc   t5, 0x1
core   0: 3 0x80011d14 (0x00001f17) x30 0x80012d14
core   0: 0x80011d18 (0x2e3f2623) sw      gp, 748(t5)
core   0: 3 0x80011d18 (0x2e3f2623) mem 0x80013000 0x00000001
core   0: 0x80011d1c (0x0000bfe5) c.j     pc - 8
core   0: 3 0x80011d1c (0xbfe5)
core   0: 0x80011d14 (0x00001f17) auipc   t5, 0x1
core   0: 3 0x80011d14 (0x00001f17) x30 0x80012d14
core   0: 0x80011d18 (0x2e3f2623) sw      gp, 748(t5)
core   0: 3 0x80011d18 (0x2e3f2623) mem 0x80013000 0x00000001
core   0: 0x80011d1c (0x0000bfe5) c.j     pc - 8
core   0: 3 0x80011d1c (0xbfe5)
core   0: 0x80011d14 (0x00001f17) auipc   t5, 0x1
core   0: 3 0x80011d14 (0x00001f17) x30 0x80012d14
core   0: 0x80011d18 (0x2e3f2623) sw      gp, 748(t5)
core   0: 3 0x80011d18 (0x2e3f2623) mem 0x80013000 0x00000001
core   0: 0x80011d1c (0x0000bfe5) c.j     pc - 8
core   0: 3 0x80011d1c (0xbfe5)
core   0: 0x80011d14 (0x00001f17) auipc   t5, 0x1
core   0: 3 0x80011d14 (0x00001f17) x30 0x80012d14
core   0: 0x80011d18 (0x2e3f2623) sw      gp, 748(t5)
core   0: 3 0x80011d18 (0x2e3f2623) mem 0x80013000 0x00000001
core   0: 0x80011d1c (0x0000bfe5) c.j     pc - 8
core   0: 3 0x80011d1c (0xbfe5)
core   0: 0x80011d14 (0x00001f17) auipc   t5, 0x1
core   0: 3 0x80011d14 (0x00001f17) x30 0x80012d14
core   0: 0x80011d18 (0x2e3f2623) sw      gp, 748(t5)
core   0: 3 0x80011d18 (0x2e3f2623) mem 0x80013000 0x00000001
core   0: 0x80011d1c (0x0000bfe5) c.j     pc - 8
core   0: 3 0x80011d1c (0xbfe5)
core   0: 0x80011d14 (0x00001f17) auipc   t5, 0x1
core   0: 3 0x80011d14 (0x00001f17) x30 0x80012d14
core   0: 0x80011d18 (0x2e3f2623) sw      gp, 748(t5)
core   0: 3 0x80011d18 (0x2e3f2623) mem 0x80013000 0x00000001
core   0: 0x80011d1c (0x0000bfe5) c.j     pc - 8
core   0: 3 0x80011d1c (0xbfe5)
core   0: 0x80011d14 (0x00001f17) auipc   t5, 0x1
core   0: 3 0x80011d14 (0x00001f17) x30 0x80012d14
core   0: 0x80011d18 (0x2e3f2623) sw      gp, 748(t5)
core   0: 3 0x80011d18 (0x2e3f2623) mem 0x80013000 0x00000001
core   0: 0x80011d1c (0x0000bfe5) c.j     pc - 8
core   0: 3 0x80011d1c (0xbfe5)
core   0: 0x80011d14 (0x00001f17) auipc   t5, 0x1
core   0: 3 0x80011d14 (0x00001f17) x30 0x80012d14
core   0: 0x80011d18 (0x2e3f2623) sw      gp, 748(t5)
core   0: 3 0x80011d18 (0x2e3f2623) mem 0x80013000 0x00000001
core   0: 0x80011d1c (0x0000bfe5) c.j     pc - 8
core   0: 3 0x80011d1c (0xbfe5)
core   0: 0x80011d14 (0x00001f17) auipc   t5, 0x1
core   0: 3 0x80011d14 (0x00001f17) x30 0x80012d14
core   0: 0x80011d18 (0x2e3f2623) sw      gp, 748(t5)
core   0: 3 0x80011d18 (0x2e3f2623) mem 0x80013000 0x00000001
core   0: 0x80011d1c (0x0000bfe5) c.j     pc - 8
core   0: 3 0x80011d1c (0xbfe5)
core   0: 0x80011d14 (0x00001f17) auipc   t5, 0x1
core   0: 3 0x80011d14 (0x00001f17) x30 0x80012d14
core   0: 0x80011d18 (0x2e3f2623) sw      gp, 748(t5)
core   0: 3 0x80011d18 (0x2e3f2623) mem 0x80013000 0x00000001
core   0: 0x80011d1c (0x0000bfe5) c.j     pc - 8
core   0: 3 0x80011d1c (0xbfe5)
core   0: 0x80011d14 (0x00001f17) auipc   t5, 0x1
core   0: 3 0x80011d14 (0x00001f17) x30 0x80012d14
core   0: 0x80011d18 (0x2e3f2623) sw      gp, 748(t5)
core   0: 3 0x80011d18 (0x2e3f2623) mem 0x80013000 0x00000001
core   0: 0x80011d1c (0x0000bfe5) c.j     pc - 8
core   0: 3 0x80011d1c (0xbfe5)
core   0: 0x80011d14 (0x00001f17) auipc   t5, 0x1
core   0: 3 0x80011d14 (0x00001f17) x30 0x80012d14
core   0: 0x80011d18 (0x2e3f2623) sw      gp, 748(t5)
core   0: 3 0x80011d18 (0x2e3f2623) mem 0x80013000 0x00000001
core   0: 0x80011d1c (0x0000bfe5) c.j     pc - 8
core   0: 3 0x80011d1c (0xbfe5)
core   0: 0x80011d14 (0x00001f17) auipc   t5, 0x1
core   0: 3 0x80011d14 (0x00001f17) x30 0x80012d14
core   0: 0x80011d18 (0x2e3f2623) sw      gp, 748(t5)
core   0: 3 0x80011d18 (0x2e3f2623) mem 0x80013000 0x00000001
core   0: 0x80011d1c (0x0000bfe5) c.j     pc - 8
core   0: 3 0x80011d1c (0xbfe5)
core   0: 0x80011d14 (0x00001f17) auipc   t5, 0x1
core   0: 3 0x80011d14 (0x00001f17) x30 0x80012d14
core   0: 0x80011d18 (0x2e3f2623) sw      gp, 748(t5)
core   0: 3 0x80011d18 (0x2e3f2623) mem 0x80013000 0x00000001
core   0: 0x80011d1c (0x0000bfe5) c.j     pc - 8
core   0: 3 0x80011d1c (0xbfe5)
core   0: 0x80011d14 (0x00001f17) auipc   t5, 0x1
core   0: 3 0x80011d14 (0x00001f17) x30 0x80012d14
core   0: 0x80011d18 (0x2e3f2623) sw      gp, 748(t5)
core   0: 3 0x80011d18 (0x2e3f2623) mem 0x80013000 0x00000001
core   0: 0x80011d1c (0x0000bfe5) c.j     pc - 8
core   0: 3 0x80011d1c (0xbfe5)
core   0: 0x80011d14 (0x00001f17) auipc   t5, 0x1
core   0: 3 0x80011d14 (0x00001f17) x30 0x80012d14
core   0: 0x80011d18 (0x2e3f2623) sw      gp, 748(t5)
core   0: 3 0x80011d18 (0x2e3f2623) mem 0x80013000 0x00000001
core   0: 0x80011d1c (0x0000bfe5) c.j     pc - 8
core   0: 3 0x80011d1c (0xbfe5)
core   0: 0x80011d14 (0x00001f17) auipc   t5, 0x1
core   0: 3 0x80011d14 (0x00001f17) x30 0x80012d14
core   0: 0x80011d18 (0x2e3f2623) sw      gp, 748(t5)
core   0: 3 0x80011d18 (0x2e3f2623) mem 0x80013000 0x00000001
core   0: 0x80011d1c (0x0000bfe5) c.j     pc - 8
core   0: 3 0x80011d1c (0xbfe5)
core   0: 0x80011d14 (0x00001f17) auipc   t5, 0x1
core   0: 3 0x80011d14 (0x00001f17) x30 0x80012d14
core   0: 0x80011d18 (0x2e3f2623) sw      gp, 748(t5)
core   0: 3 0x80011d18 (0x2e3f2623) mem 0x80013000 0x00000001
core   0: 0x80011d1c (0x0000bfe5) c.j     pc - 8
core   0: 3 0x80011d1c (0xbfe5)
core   0: 0x80011d14 (0x00001f17) auipc   t5, 0x1
core   0: 3 0x80011d14 (0x00001f17) x30 0x80012d14
core   0: 0x80011d18 (0x2e3f2623) sw      gp, 748(t5)
core   0: 3 0x80011d18 (0x2e3f2623) mem 0x80013000 0x00000001
core   0: 0x80011d1c (0x0000bfe5) c.j     pc - 8
core   0: 3 0x80011d1c (0xbfe5)
core   0: 0x80011d14 (0x00001f17) auipc   t5, 0x1
core   0: 3 0x80011d14 (0x00001f17) x30 0x80012d14
core   0: 0x80011d18 (0x2e3f2623) sw      gp, 748(t5)
core   0: 3 0x80011d18 (0x2e3f2623) mem 0x80013000 0x00000001
core   0: 0x80011d1c (0x0000bfe5) c.j     pc - 8
core   0: 3 0x80011d1c (0xbfe5)
core   0: 0x80011d14 (0x00001f17) auipc   t5, 0x1
core   0: 3 0x80011d14 (0x00001f17) x30 0x80012d14
core   0: 0x80011d18 (0x2e3f2623) sw      gp, 748(t5)
core   0: 3 0x80011d18 (0x2e3f2623) mem 0x80013000 0x00000001
core   0: 0x80011d1c (0x0000bfe5) c.j     pc - 8
core   0: 3 0x80011d1c (0xbfe5)
core   0: 0x80011d14 (0x00001f17) auipc   t5, 0x1
core   0: 3 0x80011d14 (0x00001f17) x30 0x80012d14
core   0: 0x80011d18 (0x2e3f2623) sw      gp, 748(t5)
core   0: 3 0x80011d18 (0x2e3f2623) mem 0x80013000 0x00000001
core   0: 0x80011d1c (0x0000bfe5) c.j     pc - 8
core   0: 3 0x80011d1c (0xbfe5)
core   0: 0x80011d14 (0x00001f17) auipc   t5, 0x1
core   0: 3 0x80011d14 (0x00001f17) x30 0x80012d14
core   0: 0x80011d18 (0x2e3f2623) sw      gp, 748(t5)
core   0: 3 0x80011d18 (0x2e3f2623) mem 0x80013000 0x00000001
core   0: 0x80011d1c (0x0000bfe5) c.j     pc - 8
core   0: 3 0x80011d1c (0xbfe5)
core   0: 0x80011d14 (0x00001f17) auipc   t5, 0x1
core   0: 3 0x80011d14 (0x00001f17) x30 0x80012d14
core   0: 0x80011d18 (0x2e3f2623) sw      gp, 748(t5)
core   0: 3 0x80011d18 (0x2e3f2623) mem 0x80013000 0x00000001
core   0: 0x80011d1c (0x0000bfe5) c.j     pc - 8
core   0: 3 0x80011d1c (0xbfe5)
core   0: 0x80011d14 (0x00001f17) auipc   t5, 0x1
core   0: 3 0x80011d14 (0x00001f17) x30 0x80012d14
core   0: 0x80011d18 (0x2e3f2623) sw      gp, 748(t5)
core   0: 3 0x80011d18 (0x2e3f2623) mem 0x80013000 0x00000001
core   0: 0x80011d1c (0x0000bfe5) c.j     pc - 8
core   0: 3 0x80011d1c (0xbfe5)
core   0: 0x80011d14 (0x00001f17) auipc   t5, 0x1
core   0: 3 0x80011d14 (0x00001f17) x30 0x80012d14
core   0: 0x80011d18 (0x2e3f2623) sw      gp, 748(t5)
core   0: 3 0x80011d18 (0x2e3f2623) mem 0x80013000 0x00000001
core   0: 0x80011d1c (0x0000bfe5) c.j     pc - 8
core   0: 3 0x80011d1c (0xbfe5)
core   0: 0x80011d14 (0x00001f17) auipc   t5, 0x1
core   0: 3 0x80011d14 (0x00001f17) x30 0x80012d14
core   0: 0x80011d18 (0x2e3f2623) sw      gp, 748(t5)
core   0: 3 0x80011d18 (0x2e3f2623) mem 0x80013000 0x00000001
core   0: 0x80011d1c (0x0000bfe5) c.j     pc - 8
core   0: 3 0x80011d1c (0xbfe5)
core   0: 0x80011d14 (0x00001f17) auipc   t5, 0x1
core   0: 3 0x80011d14 (0x00001f17) x30 0x80012d14
core   0: 0x80011d18 (0x2e3f2623) sw      gp, 748(t5)
core   0: 3 0x80011d18 (0x2e3f2623) mem 0x80013000 0x00000001
core   0: 0x80011d1c (0x0000bfe5) c.j     pc - 8
core   0: 3 0x80011d1c (0xbfe5)
core   0: 0x80011d14 (0x00001f17) auipc   t5, 0x1
core   0: 3 0x80011d14 (0x00001f17) x30 0x80012d14
core   0: 0x80011d18 (0x2e3f2623) sw      gp, 748(t5)
core   0: 3 0x80011d18 (0x2e3f2623) mem 0x80013000 0x00000001
core   0: 0x80011d1c (0x0000bfe5) c.j     pc - 8
core   0: 3 0x80011d1c (0xbfe5)
core   0: 0x80011d14 (0x00001f17) auipc   t5, 0x1
core   0: 3 0x80011d14 (0x00001f17) x30 0x80012d14
core   0: 0x80011d18 (0x2e3f2623) sw      gp, 748(t5)
core   0: 3 0x80011d18 (0x2e3f2623) mem 0x80013000 0x00000001
core   0: 0x80011d1c (0x0000bfe5) c.j     pc - 8
core   0: 3 0x80011d1c (0xbfe5)
core   0: 0x80011d14 (0x00001f17) auipc   t5, 0x1
core   0: 3 0x80011d14 (0x00001f17) x30 0x80012d14
core   0: 0x80011d18 (0x2e3f2623) sw      gp, 748(t5)
core   0: 3 0x80011d18 (0x2e3f2623) mem 0x80013000 0x00000001
core   0: 0x80011d1c (0x0000bfe5) c.j     pc - 8
core   0: 3 0x80011d1c (0xbfe5)
core   0: 0x80011d14 (0x00001f17) auipc   t5, 0x1
core   0: 3 0x80011d14 (0x00001f17) x30 0x80012d14
core   0: 0x80011d18 (0x2e3f2623) sw      gp, 748(t5)
core   0: 3 0x80011d18 (0x2e3f2623) mem 0x80013000 0x00000001
core   0: 0x80011d1c (0x0000bfe5) c.j     pc - 8
core   0: 3 0x80011d1c (0xbfe5)
core   0: 0x80011d14 (0x00001f17) auipc   t5, 0x1
core   0: 3 0x80011d14 (0x00001f17) x30 0x80012d14
core   0: 0x80011d18 (0x2e3f2623) sw      gp, 748(t5)
core   0: 3 0x80011d18 (0x2e3f2623) mem 0x80013000 0x00000001
core   0: 0x80011d1c (0x0000bfe5) c.j     pc - 8
core   0: 3 0x80011d1c (0xbfe5)
core   0: 0x80011d14 (0x00001f17) auipc   t5, 0x1
core   0: 3 0x80011d14 (0x00001f17) x30 0x80012d14
core   0: 0x80011d18 (0x2e3f2623) sw      gp, 748(t5)
core   0: 3 0x80011d18 (0x2e3f2623) mem 0x80013000 0x00000001
core   0: 0x80011d1c (0x0000bfe5) c.j     pc - 8
core   0: 3 0x80011d1c (0xbfe5)
core   0: 0x80011d14 (0x00001f17) auipc   t5, 0x1
core   0: 3 0x80011d14 (0x00001f17) x30 0x80012d14
core   0: 0x80011d18 (0x2e3f2623) sw      gp, 748(t5)
core   0: 3 0x80011d18 (0x2e3f2623) mem 0x80013000 0x00000001
core   0: 0x80011d1c (0x0000bfe5) c.j     pc - 8
core   0: 3 0x80011d1c (0xbfe5)
core   0: 0x80011d14 (0x00001f17) auipc   t5, 0x1
core   0: 3 0x80011d14 (0x00001f17) x30 0x80012d14
core   0: 0x80011d18 (0x2e3f2623) sw      gp, 748(t5)
core   0: 3 0x80011d18 (0x2e3f2623) mem 0x80013000 0x00000001
core   0: 0x80011d1c (0x0000bfe5) c.j     pc - 8
core   0: 3 0x80011d1c (0xbfe5)
core   0: 0x80011d14 (0x00001f17) auipc   t5, 0x1
core   0: 3 0x80011d14 (0x00001f17) x30 0x80012d14
core   0: 0x80011d18 (0x2e3f2623) sw      gp, 748(t5)
core   0: 3 0x80011d18 (0x2e3f2623) mem 0x80013000 0x00000001
core   0: 0x80011d1c (0x0000bfe5) c.j     pc - 8
core   0: 3 0x80011d1c (0xbfe5)
core   0: 0x80011d14 (0x00001f17) auipc   t5, 0x1
core   0: 3 0x80011d14 (0x00001f17) x30 0x80012d14
core   0: 0x80011d18 (0x2e3f2623) sw      gp, 748(t5)
core   0: 3 0x80011d18 (0x2e3f2623) mem 0x80013000 0x00000001
core   0: 0x80011d1c (0x0000bfe5) c.j     pc - 8
core   0: 3 0x80011d1c (0xbfe5)
core   0: 0x80011d14 (0x00001f17) auipc   t5, 0x1
core   0: 3 0x80011d14 (0x00001f17) x30 0x80012d14
core   0: 0x80011d18 (0x2e3f2623) sw      gp, 748(t5)
core   0: 3 0x80011d18 (0x2e3f2623) mem 0x80013000 0x00000001
core   0: 0x80011d1c (0x0000bfe5) c.j     pc - 8
core   0: 3 0x80011d1c (0xbfe5)
core   0: 0x80011d14 (0x00001f17) auipc   t5, 0x1
core   0: 3 0x80011d14 (0x00001f17) x30 0x80012d14
core   0: 0x80011d18 (0x2e3f2623) sw      gp, 748(t5)
core   0: 3 0x80011d18 (0x2e3f2623) mem 0x80013000 0x00000001
core   0: 0x80011d1c (0x0000bfe5) c.j     pc - 8
core   0: 3 0x80011d1c (0xbfe5)
core   0: 0x80011d14 (0x00001f17) auipc   t5, 0x1
core   0: 3 0x80011d14 (0x00001f17) x30 0x80012d14
core   0: 0x80011d18 (0x2e3f2623) sw      gp, 748(t5)
core   0: 3 0x80011d18 (0x2e3f2623) mem 0x80013000 0x00000001
core   0: 0x80011d1c (0x0000bfe5) c.j     pc - 8
core   0: 3 0x80011d1c (0xbfe5)
core   0: 0x80011d14 (0x00001f17) auipc   t5, 0x1
core   0: 3 0x80011d14 (0x00001f17) x30 0x80012d14
core   0: 0x80011d18 (0x2e3f2623) sw      gp, 748(t5)
core   0: 3 0x80011d18 (0x2e3f2623) mem 0x80013000 0x00000001
core   0: 0x80011d1c (0x0000bfe5) c.j     pc - 8
core   0: 3 0x80011d1c (0xbfe5)
core   0: 0x80011d14 (0x00001f17) auipc   t5, 0x1
core   0: 3 0x80011d14 (0x00001f17) x30 0x80012d14
core   0: 0x80011d18 (0x2e3f2623) sw      gp, 748(t5)
core   0: 3 0x80011d18 (0x2e3f2623) mem 0x80013000 0x00000001
core   0: 0x80011d1c (0x0000bfe5) c.j     pc - 8
core   0: 3 0x80011d1c (0xbfe5)
core   0: 0x80011d14 (0x00001f17) auipc   t5, 0x1
core   0: 3 0x80011d14 (0x00001f17) x30 0x80012d14
core   0: 0x80011d18 (0x2e3f2623) sw      gp, 748(t5)
core   0: 3 0x80011d18 (0x2e3f2623) mem 0x80013000 0x00000001
core   0: 0x80011d1c (0x0000bfe5) c.j     pc - 8
core   0: 3 0x80011d1c (0xbfe5)
core   0: 0x80011d14 (0x00001f17) auipc   t5, 0x1
core   0: 3 0x80011d14 (0x00001f17) x30 0x80012d14
core   0: 0x80011d18 (0x2e3f2623) sw      gp, 748(t5)
core   0: 3 0x80011d18 (0x2e3f2623) mem 0x80013000 0x00000001
core   0: 0x80011d1c (0x0000bfe5) c.j     pc - 8
core   0: 3 0x80011d1c (0xbfe5)
core   0: 0x80011d14 (0x00001f17) auipc   t5, 0x1
core   0: 3 0x80011d14 (0x00001f17) x30 0x80012d14
core   0: 0x80011d18 (0x2e3f2623) sw      gp, 748(t5)
core   0: 3 0x80011d18 (0x2e3f2623) mem 0x80013000 0x00000001
core   0: 0x80011d1c (0x0000bfe5) c.j     pc - 8
core   0: 3 0x80011d1c (0xbfe5)
core   0: 0x80011d14 (0x00001f17) auipc   t5, 0x1
core   0: 3 0x80011d14 (0x00001f17) x30 0x80012d14
core   0: 0x80011d18 (0x2e3f2623) sw      gp, 748(t5)
core   0: 3 0x80011d18 (0x2e3f2623) mem 0x80013000 0x00000001
core   0: 0x80011d1c (0x0000bfe5) c.j     pc - 8
core   0: 3 0x80011d1c (0xbfe5)
core   0: 0x80011d14 (0x00001f17) auipc   t5, 0x1
core   0: 3 0x80011d14 (0x00001f17) x30 0x80012d14
core   0: 0x80011d18 (0x2e3f2623) sw      gp, 748(t5)
core   0: 3 0x80011d18 (0x2e3f2623) mem 0x80013000 0x00000001
core   0: 0x80011d1c (0x0000bfe5) c.j     pc - 8
core   0: 3 0x80011d1c (0xbfe5)
core   0: 0x80011d14 (0x00001f17) auipc   t5, 0x1
core   0: 3 0x80011d14 (0x00001f17) x30 0x80012d14
core   0: 0x80011d18 (0x2e3f2623) sw      gp, 748(t5)
core   0: 3 0x80011d18 (0x2e3f2623) mem 0x80013000 0x00000001
core   0: 0x80011d1c (0x0000bfe5) c.j     pc - 8
core   0: 3 0x80011d1c (0xbfe5)
core   0: 0x80011d14 (0x00001f17) auipc   t5, 0x1
core   0: 3 0x80011d14 (0x00001f17) x30 0x80012d14
core   0: 0x80011d18 (0x2e3f2623) sw      gp, 748(t5)
core   0: 3 0x80011d18 (0x2e3f2623) mem 0x80013000 0x00000001
core   0: 0x80011d1c (0x0000bfe5) c.j     pc - 8
core   0: 3 0x80011d1c (0xbfe5)
core   0: 0x80011d14 (0x00001f17) auipc   t5, 0x1
core   0: 3 0x80011d14 (0x00001f17) x30 0x80012d14
core   0: 0x80011d18 (0x2e3f2623) sw      gp, 748(t5)
core   0: 3 0x80011d18 (0x2e3f2623) mem 0x80013000 0x00000001
core   0: 0x80011d1c (0x0000bfe5) c.j     pc - 8
core   0: 3 0x80011d1c (0xbfe5)
core   0: 0x80011d14 (0x00001f17) auipc   t5, 0x1
core   0: 3 0x80011d14 (0x00001f17) x30 0x80012d14
core   0: 0x80011d18 (0x2e3f2623) sw      gp, 748(t5)
core   0: 3 0x80011d18 (0x2e3f2623) mem 0x80013000 0x00000001
core   0: 0x80011d1c (0x0000bfe5) c.j     pc - 8
core   0: 3 0x80011d1c (0xbfe5)
core   0: 0x80011d14 (0x00001f17) auipc   t5, 0x1
core   0: 3 0x80011d14 (0x00001f17) x30 0x80012d14
core   0: 0x80011d18 (0x2e3f2623) sw      gp, 748(t5)
core   0: 3 0x80011d18 (0x2e3f2623) mem 0x80013000 0x00000001
core   0: 0x80011d1c (0x0000bfe5) c.j     pc - 8
core   0: 3 0x80011d1c (0xbfe5)
core   0: 0x80011d14 (0x00001f17) auipc   t5, 0x1
core   0: 3 0x80011d14 (0x00001f17) x30 0x80012d14
core   0: 0x80011d18 (0x2e3f2623) sw      gp, 748(t5)
core   0: 3 0x80011d18 (0x2e3f2623) mem 0x80013000 0x00000001
core   0: 0x80011d1c (0x0000bfe5) c.j     pc - 8
core   0: 3 0x80011d1c (0xbfe5)
core   0: 0x80011d14 (0x00001f17) auipc   t5, 0x1
core   0: 3 0x80011d14 (0x00001f17) x30 0x80012d14
core   0: 0x80011d18 (0x2e3f2623) sw      gp, 748(t5)
core   0: 3 0x80011d18 (0x2e3f2623) mem 0x80013000 0x00000001
core   0: 0x80011d1c (0x0000bfe5) c.j     pc - 8
core   0: 3 0x80011d1c (0xbfe5)
core   0: 0x80011d14 (0x00001f17) auipc   t5, 0x1
core   0: 3 0x80011d14 (0x00001f17) x30 0x80012d14
core   0: 0x80011d18 (0x2e3f2623) sw      gp, 748(t5)
core   0: 3 0x80011d18 (0x2e3f2623) mem 0x80013000 0x00000001
core   0: 0x80011d1c (0x0000bfe5) c.j     pc - 8
core   0: 3 0x80011d1c (0xbfe5)
core   0: 0x80011d14 (0x00001f17) auipc   t5, 0x1
core   0: 3 0x80011d14 (0x00001f17) x30 0x80012d14
core   0: 0x80011d18 (0x2e3f2623) sw      gp, 748(t5)
core   0: 3 0x80011d18 (0x2e3f2623) mem 0x80013000 0x00000001
core   0: 0x80011d1c (0x0000bfe5) c.j     pc - 8
core   0: 3 0x80011d1c (0xbfe5)
core   0: 0x80011d14 (0x00001f17) auipc   t5, 0x1
core   0: 3 0x80011d14 (0x00001f17) x30 0x80012d14
core   0: 0x80011d18 (0x2e3f2623) sw      gp, 748(t5)
core   0: 3 0x80011d18 (0x2e3f2623) mem 0x80013000 0x00000001
core   0: 0x80011d1c (0x0000bfe5) c.j     pc - 8
core   0: 3 0x80011d1c (0xbfe5)
core   0: 0x80011d14 (0x00001f17) auipc   t5, 0x1
core   0: 3 0x80011d14 (0x00001f17) x30 0x80012d14
core   0: 0x80011d18 (0x2e3f2623) sw      gp, 748(t5)
core   0: 3 0x80011d18 (0x2e3f2623) mem 0x80013000 0x00000001
core   0: 0x80011d1c (0x0000bfe5) c.j     pc - 8
core   0: 3 0x80011d1c (0xbfe5)
core   0: 0x80011d14 (0x00001f17) auipc   t5, 0x1
core   0: 3 0x80011d14 (0x00001f17) x30 0x80012d14
core   0: 0x80011d18 (0x2e3f2623) sw      gp, 748(t5)
core   0: 3 0x80011d18 (0x2e3f2623) mem 0x80013000 0x00000001
core   0: 0x80011d1c (0x0000bfe5) c.j     pc - 8
core   0: 3 0x80011d1c (0xbfe5)
core   0: 0x80011d14 (0x00001f17) auipc   t5, 0x1
core   0: 3 0x80011d14 (0x00001f17) x30 0x80012d14
core   0: 0x80011d18 (0x2e3f2623) sw      gp, 748(t5)
core   0: 3 0x80011d18 (0x2e3f2623) mem 0x80013000 0x00000001
core   0: 0x80011d1c (0x0000bfe5) c.j     pc - 8
core   0: 3 0x80011d1c (0xbfe5)
core   0: 0x80011d14 (0x00001f17) auipc   t5, 0x1
core   0: 3 0x80011d14 (0x00001f17) x30 0x80012d14
core   0: 0x80011d18 (0x2e3f2623) sw      gp, 748(t5)
core   0: 3 0x80011d18 (0x2e3f2623) mem 0x80013000 0x00000001
core   0: 0x80011d1c (0x0000bfe5) c.j     pc - 8
core   0: 3 0x80011d1c (0xbfe5)
core   0: 0x80011d14 (0x00001f17) auipc   t5, 0x1
core   0: 3 0x80011d14 (0x00001f17) x30 0x80012d14
core   0: 0x80011d18 (0x2e3f2623) sw      gp, 748(t5)
core   0: 3 0x80011d18 (0x2e3f2623) mem 0x80013000 0x00000001
core   0: 0x80011d1c (0x0000bfe5) c.j     pc - 8
core   0: 3 0x80011d1c (0xbfe5)
core   0: 0x80011d14 (0x00001f17) auipc   t5, 0x1
core   0: 3 0x80011d14 (0x00001f17) x30 0x80012d14
core   0: 0x80011d18 (0x2e3f2623) sw      gp, 748(t5)
core   0: 3 0x80011d18 (0x2e3f2623) mem 0x80013000 0x00000001
core   0: 0x80011d1c (0x0000bfe5) c.j     pc - 8
core   0: 3 0x80011d1c (0xbfe5)
core   0: 0x80011d14 (0x00001f17) auipc   t5, 0x1
core   0: 3 0x80011d14 (0x00001f17) x30 0x80012d14
core   0: 0x80011d18 (0x2e3f2623) sw      gp, 748(t5)
core   0: 3 0x80011d18 (0x2e3f2623) mem 0x80013000 0x00000001
core   0: 0x80011d1c (0x0000bfe5) c.j     pc - 8
core   0: 3 0x80011d1c (0xbfe5)
core   0: 0x80011d14 (0x00001f17) auipc   t5, 0x1
core   0: 3 0x80011d14 (0x00001f17) x30 0x80012d14
core   0: 0x80011d18 (0x2e3f2623) sw      gp, 748(t5)
core   0: 3 0x80011d18 (0x2e3f2623) mem 0x80013000 0x00000001
core   0: 0x80011d1c (0x0000bfe5) c.j     pc - 8
core   0: 3 0x80011d1c (0xbfe5)
core   0: 0x80011d14 (0x00001f17) auipc   t5, 0x1
core   0: 3 0x80011d14 (0x00001f17) x30 0x80012d14
core   0: 0x80011d18 (0x2e3f2623) sw      gp, 748(t5)
core   0: 3 0x80011d18 (0x2e3f2623) mem 0x80013000 0x00000001
core   0: 0x80011d1c (0x0000bfe5) c.j     pc - 8
core   0: 3 0x80011d1c (0xbfe5)
core   0: 0x80011d14 (0x00001f17) auipc   t5, 0x1
core   0: 3 0x80011d14 (0x00001f17) x30 0x80012d14
core   0: 0x80011d18 (0x2e3f2623) sw      gp, 748(t5)
core   0: 3 0x80011d18 (0x2e3f2623) mem 0x80013000 0x00000001
core   0: 0x80011d1c (0x0000bfe5) c.j     pc - 8
core   0: 3 0x80011d1c (0xbfe5)
core   0: 0x80011d14 (0x00001f17) auipc   t5, 0x1
core   0: 3 0x80011d14 (0x00001f17) x30 0x80012d14
core   0: 0x80011d18 (0x2e3f2623) sw      gp, 748(t5)
core   0: 3 0x80011d18 (0x2e3f2623) mem 0x80013000 0x00000001
core   0: 0x80011d1c (0x0000bfe5) c.j     pc - 8
core   0: 3 0x80011d1c (0xbfe5)
core   0: 0x80011d14 (0x00001f17) auipc   t5, 0x1
core   0: 3 0x80011d14 (0x00001f17) x30 0x80012d14
core   0: 0x80011d18 (0x2e3f2623) sw      gp, 748(t5)
core   0: 3 0x80011d18 (0x2e3f2623) mem 0x80013000 0x00000001
core   0: 0x80011d1c (0x0000bfe5) c.j     pc - 8
core   0: 3 0x80011d1c (0xbfe5)
core   0: 0x80011d14 (0x00001f17) auipc   t5, 0x1
core   0: 3 0x80011d14 (0x00001f17) x30 0x80012d14
core   0: 0x80011d18 (0x2e3f2623) sw      gp, 748(t5)
core   0: 3 0x80011d18 (0x2e3f2623) mem 0x80013000 0x00000001
core   0: 0x80011d1c (0x0000bfe5) c.j     pc - 8
core   0: 3 0x80011d1c (0xbfe5)
core   0: 0x80011d14 (0x00001f17) auipc   t5, 0x1
core   0: 3 0x80011d14 (0x00001f17) x30 0x80012d14
core   0: 0x80011d18 (0x2e3f2623) sw      gp, 748(t5)
core   0: 3 0x80011d18 (0x2e3f2623) mem 0x80013000 0x00000001
core   0: 0x80011d1c (0x0000bfe5) c.j     pc - 8
core   0: 3 0x80011d1c (0xbfe5)
core   0: 0x80011d14 (0x00001f17) auipc   t5, 0x1
core   0: 3 0x80011d14 (0x00001f17) x30 0x80012d14
core   0: 0x80011d18 (0x2e3f2623) sw      gp, 748(t5)
core   0: 3 0x80011d18 (0x2e3f2623) mem 0x80013000 0x00000001
core   0: 0x80011d1c (0x0000bfe5) c.j     pc - 8
core   0: 3 0x80011d1c (0xbfe5)
core   0: 0x80011d14 (0x00001f17) auipc   t5, 0x1
core   0: 3 0x80011d14 (0x00001f17) x30 0x80012d14
core   0: 0x80011d18 (0x2e3f2623) sw      gp, 748(t5)
core   0: 3 0x80011d18 (0x2e3f2623) mem 0x80013000 0x00000001
core   0: 0x80011d1c (0x0000bfe5) c.j     pc - 8
core   0: 3 0x80011d1c (0xbfe5)
core   0: 0x80011d14 (0x00001f17) auipc   t5, 0x1
core   0: 3 0x80011d14 (0x00001f17) x30 0x80012d14
core   0: 0x80011d18 (0x2e3f2623) sw      gp, 748(t5)
core   0: 3 0x80011d18 (0x2e3f2623) mem 0x80013000 0x00000001
core   0: 0x80011d1c (0x0000bfe5) c.j     pc - 8
core   0: 3 0x80011d1c (0xbfe5)
core   0: 0x80011d14 (0x00001f17) auipc   t5, 0x1
core   0: 3 0x80011d14 (0x00001f17) x30 0x80012d14
core   0: 0x80011d18 (0x2e3f2623) sw      gp, 748(t5)
core   0: 3 0x80011d18 (0x2e3f2623) mem 0x80013000 0x00000001
core   0: 0x80011d1c (0x0000bfe5) c.j     pc - 8
core   0: 3 0x80011d1c (0xbfe5)
core   0: 0x80011d14 (0x00001f17) auipc   t5, 0x1
core   0: 3 0x80011d14 (0x00001f17) x30 0x80012d14
core   0: 0x80011d18 (0x2e3f2623) sw      gp, 748(t5)
core   0: 3 0x80011d18 (0x2e3f2623) mem 0x80013000 0x00000001
core   0: 0x80011d1c (0x0000bfe5) c.j     pc - 8
core   0: 3 0x80011d1c (0xbfe5)
core   0: 0x80011d14 (0x00001f17) auipc   t5, 0x1
core   0: 3 0x80011d14 (0x00001f17) x30 0x80012d14
core   0: 0x80011d18 (0x2e3f2623) sw      gp, 748(t5)
core   0: 3 0x80011d18 (0x2e3f2623) mem 0x80013000 0x00000001
core   0: 0x80011d1c (0x0000bfe5) c.j     pc - 8
core   0: 3 0x80011d1c (0xbfe5)
core   0: 0x80011d14 (0x00001f17) auipc   t5, 0x1
core   0: 3 0x80011d14 (0x00001f17) x30 0x80012d14
core   0: 0x80011d18 (0x2e3f2623) sw      gp, 748(t5)
core   0: 3 0x80011d18 (0x2e3f2623) mem 0x80013000 0x00000001
core   0: 0x80011d1c (0x0000bfe5) c.j     pc - 8
core   0: 3 0x80011d1c (0xbfe5)
core   0: 0x80011d14 (0x00001f17) auipc   t5, 0x1
core   0: 3 0x80011d14 (0x00001f17) x30 0x80012d14
core   0: 0x80011d18 (0x2e3f2623) sw      gp, 748(t5)
core   0: 3 0x80011d18 (0x2e3f2623) mem 0x80013000 0x00000001
core   0: 0x80011d1c (0x0000bfe5) c.j     pc - 8
core   0: 3 0x80011d1c (0xbfe5)
core   0: 0x80011d14 (0x00001f17) auipc   t5, 0x1
core   0: 3 0x80011d14 (0x00001f17) x30 0x80012d14
core   0: 0x80011d18 (0x2e3f2623) sw      gp, 748(t5)
core   0: 3 0x80011d18 (0x2e3f2623) mem 0x80013000 0x00000001
core   0: 0x80011d1c (0x0000bfe5) c.j     pc - 8
core   0: 3 0x80011d1c (0xbfe5)
core   0: 0x80011d14 (0x00001f17) auipc   t5, 0x1
core   0: 3 0x80011d14 (0x00001f17) x30 0x80012d14
core   0: 0x80011d18 (0x2e3f2623) sw      gp, 748(t5)
core   0: 3 0x80011d18 (0x2e3f2623) mem 0x80013000 0x00000001
core   0: 0x80011d1c (0x0000bfe5) c.j     pc - 8
core   0: 3 0x80011d1c (0xbfe5)
core   0: 0x80011d14 (0x00001f17) auipc   t5, 0x1
core   0: 3 0x80011d14 (0x00001f17) x30 0x80012d14
core   0: 0x80011d18 (0x2e3f2623) sw      gp, 748(t5)
core   0: 3 0x80011d18 (0x2e3f2623) mem 0x80013000 0x00000001
core   0: 0x80011d1c (0x0000bfe5) c.j     pc - 8
core   0: 3 0x80011d1c (0xbfe5)
core   0: 0x80011d14 (0x00001f17) auipc   t5, 0x1
core   0: 3 0x80011d14 (0x00001f17) x30 0x80012d14
core   0: 0x80011d18 (0x2e3f2623) sw      gp, 748(t5)
core   0: 3 0x80011d18 (0x2e3f2623) mem 0x80013000 0x00000001
core   0: 0x80011d1c (0x0000bfe5) c.j     pc - 8
core   0: 3 0x80011d1c (0xbfe5)
core   0: 0x80011d14 (0x00001f17) auipc   t5, 0x1
core   0: 3 0x80011d14 (0x00001f17) x30 0x80012d14
core   0: 0x80011d18 (0x2e3f2623) sw      gp, 748(t5)
core   0: 3 0x80011d18 (0x2e3f2623) mem 0x80013000 0x00000001
core   0: 0x80011d1c (0x0000bfe5) c.j     pc - 8
core   0: 3 0x80011d1c (0xbfe5)
core   0: 0x80011d14 (0x00001f17) auipc   t5, 0x1
core   0: 3 0x80011d14 (0x00001f17) x30 0x80012d14
core   0: 0x80011d18 (0x2e3f2623) sw      gp, 748(t5)
core   0: 3 0x80011d18 (0x2e3f2623) mem 0x80013000 0x00000001
core   0: 0x80011d1c (0x0000bfe5) c.j     pc - 8
core   0: 3 0x80011d1c (0xbfe5)
core   0: 0x80011d14 (0x00001f17) auipc   t5, 0x1
core   0: 3 0x80011d14 (0x00001f17) x30 0x80012d14
core   0: 0x80011d18 (0x2e3f2623) sw      gp, 748(t5)
core   0: 3 0x80011d18 (0x2e3f2623) mem 0x80013000 0x00000001
core   0: 0x80011d1c (0x0000bfe5) c.j     pc - 8
core   0: 3 0x80011d1c (0xbfe5)
core   0: 0x80011d14 (0x00001f17) auipc   t5, 0x1
core   0: 3 0x80011d14 (0x00001f17) x30 0x80012d14
core   0: 0x80011d18 (0x2e3f2623) sw      gp, 748(t5)
core   0: 3 0x80011d18 (0x2e3f2623) mem 0x80013000 0x00000001
core   0: 0x80011d1c (0x0000bfe5) c.j     pc - 8
core   0: 3 0x80011d1c (0xbfe5)
core   0: 0x80011d14 (0x00001f17) auipc   t5, 0x1
core   0: 3 0x80011d14 (0x00001f17) x30 0x80012d14
core   0: 0x80011d18 (0x2e3f2623) sw      gp, 748(t5)
core   0: 3 0x80011d18 (0x2e3f2623) mem 0x80013000 0x00000001
core   0: 0x80011d1c (0x0000bfe5) c.j     pc - 8
core   0: 3 0x80011d1c (0xbfe5)
core   0: 0x80011d14 (0x00001f17) auipc   t5, 0x1
core   0: 3 0x80011d14 (0x00001f17) x30 0x80012d14
core   0: 0x80011d18 (0x2e3f2623) sw      gp, 748(t5)
core   0: 3 0x80011d18 (0x2e3f2623) mem 0x80013000 0x00000001
core   0: 0x80011d1c (0x0000bfe5) c.j     pc - 8
core   0: 3 0x80011d1c (0xbfe5)
core   0: 0x80011d14 (0x00001f17) auipc   t5, 0x1
core   0: 3 0x80011d14 (0x00001f17) x30 0x80012d14
core   0: 0x80011d18 (0x2e3f2623) sw      gp, 748(t5)
core   0: 3 0x80011d18 (0x2e3f2623) mem 0x80013000 0x00000001
core   0: 0x80011d1c (0x0000bfe5) c.j     pc - 8
core   0: 3 0x80011d1c (0xbfe5)
core   0: 0x80011d14 (0x00001f17) auipc   t5, 0x1
core   0: 3 0x80011d14 (0x00001f17) x30 0x80012d14
core   0: 0x80011d18 (0x2e3f2623) sw      gp, 748(t5)
core   0: 3 0x80011d18 (0x2e3f2623) mem 0x80013000 0x00000001
core   0: 0x80011d1c (0x0000bfe5) c.j     pc - 8
core   0: 3 0x80011d1c (0xbfe5)
core   0: 0x80011d14 (0x00001f17) auipc   t5, 0x1
core   0: 3 0x80011d14 (0x00001f17) x30 0x80012d14
core   0: 0x80011d18 (0x2e3f2623) sw      gp, 748(t5)
core   0: 3 0x80011d18 (0x2e3f2623) mem 0x80013000 0x00000001
core   0: 0x80011d1c (0x0000bfe5) c.j     pc - 8
core   0: 3 0x80011d1c (0xbfe5)
core   0: 0x80011d14 (0x00001f17) auipc   t5, 0x1
core   0: 3 0x80011d14 (0x00001f17) x30 0x80012d14
core   0: 0x80011d18 (0x2e3f2623) sw      gp, 748(t5)
core   0: 3 0x80011d18 (0x2e3f2623) mem 0x80013000 0x00000001
core   0: 0x80011d1c (0x0000bfe5) c.j     pc - 8
core   0: 3 0x80011d1c (0xbfe5)
core   0: 0x80011d14 (0x00001f17) auipc   t5, 0x1
core   0: 3 0x80011d14 (0x00001f17) x30 0x80012d14
core   0: 0x80011d18 (0x2e3f2623) sw      gp, 748(t5)
core   0: 3 0x80011d18 (0x2e3f2623) mem 0x80013000 0x00000001
core   0: 0x80011d1c (0x0000bfe5) c.j     pc - 8
core   0: 3 0x80011d1c (0xbfe5)
core   0: 0x80011d14 (0x00001f17) auipc   t5, 0x1
core   0: 3 0x80011d14 (0x00001f17) x30 0x80012d14
core   0: 0x80011d18 (0x2e3f2623) sw      gp, 748(t5)
core   0: 3 0x80011d18 (0x2e3f2623) mem 0x80013000 0x00000001
core   0: 0x80011d1c (0x0000bfe5) c.j     pc - 8
core   0: 3 0x80011d1c (0xbfe5)
core   0: 0x80011d14 (0x00001f17) auipc   t5, 0x1
core   0: 3 0x80011d14 (0x00001f17) x30 0x80012d14
core   0: 0x80011d18 (0x2e3f2623) sw      gp, 748(t5)
core   0: 3 0x80011d18 (0x2e3f2623) mem 0x80013000 0x00000001
core   0: 0x80011d1c (0x0000bfe5) c.j     pc - 8
core   0: 3 0x80011d1c (0xbfe5)
core   0: 0x80011d14 (0x00001f17) auipc   t5, 0x1
core   0: 3 0x80011d14 (0x00001f17) x30 0x80012d14
core   0: 0x80011d18 (0x2e3f2623) sw      gp, 748(t5)
core   0: 3 0x80011d18 (0x2e3f2623) mem 0x80013000 0x00000001
core   0: 0x80011d1c (0x0000bfe5) c.j     pc - 8
core   0: 3 0x80011d1c (0xbfe5)
core   0: 0x80011d14 (0x00001f17) auipc   t5, 0x1
core   0: 3 0x80011d14 (0x00001f17) x30 0x80012d14
core   0: 0x80011d18 (0x2e3f2623) sw      gp, 748(t5)
core   0: 3 0x80011d18 (0x2e3f2623) mem 0x80013000 0x00000001
core   0: 0x80011d1c (0x0000bfe5) c.j     pc - 8
core   0: 3 0x80011d1c (0xbfe5)
core   0: 0x80011d14 (0x00001f17) auipc   t5, 0x1
core   0: 3 0x80011d14 (0x00001f17) x30 0x80012d14
core   0: 0x80011d18 (0x2e3f2623) sw      gp, 748(t5)
core   0: 3 0x80011d18 (0x2e3f2623) mem 0x80013000 0x00000001
core   0: 0x80011d1c (0x0000bfe5) c.j     pc - 8
core   0: 3 0x80011d1c (0xbfe5)
core   0: 0x80011d14 (0x00001f17) auipc   t5, 0x1
core   0: 3 0x80011d14 (0x00001f17) x30 0x80012d14
core   0: 0x80011d18 (0x2e3f2623) sw      gp, 748(t5)
core   0: 3 0x80011d18 (0x2e3f2623) mem 0x80013000 0x00000001
core   0: 0x80011d1c (0x0000bfe5) c.j     pc - 8
core   0: 3 0x80011d1c (0xbfe5)
core   0: 0x80011d14 (0x00001f17) auipc   t5, 0x1
core   0: 3 0x80011d14 (0x00001f17) x30 0x80012d14
core   0: 0x80011d18 (0x2e3f2623) sw      gp, 748(t5)
core   0: 3 0x80011d18 (0x2e3f2623) mem 0x80013000 0x00000001
core   0: 0x80011d1c (0x0000bfe5) c.j     pc - 8
core   0: 3 0x80011d1c (0xbfe5)
core   0: 0x80011d14 (0x00001f17) auipc   t5, 0x1
core   0: 3 0x80011d14 (0x00001f17) x30 0x80012d14
core   0: 0x80011d18 (0x2e3f2623) sw      gp, 748(t5)
core   0: 3 0x80011d18 (0x2e3f2623) mem 0x80013000 0x00000001
core   0: 0x80011d1c (0x0000bfe5) c.j     pc - 8
core   0: 3 0x80011d1c (0xbfe5)
core   0: 0x80011d14 (0x00001f17) auipc   t5, 0x1
core   0: 3 0x80011d14 (0x00001f17) x30 0x80012d14
core   0: 0x80011d18 (0x2e3f2623) sw      gp, 748(t5)
core   0: 3 0x80011d18 (0x2e3f2623) mem 0x80013000 0x00000001
core   0: 0x80011d1c (0x0000bfe5) c.j     pc - 8
core   0: 3 0x80011d1c (0xbfe5)
core   0: 0x80011d14 (0x00001f17) auipc   t5, 0x1
core   0: 3 0x80011d14 (0x00001f17) x30 0x80012d14
core   0: 0x80011d18 (0x2e3f2623) sw      gp, 748(t5)
core   0: 3 0x80011d18 (0x2e3f2623) mem 0x80013000 0x00000001
core   0: 0x80011d1c (0x0000bfe5) c.j     pc - 8
core   0: 3 0x80011d1c (0xbfe5)
core   0: 0x80011d14 (0x00001f17) auipc   t5, 0x1
core   0: 3 0x80011d14 (0x00001f17) x30 0x80012d14
core   0: 0x80011d18 (0x2e3f2623) sw      gp, 748(t5)
core   0: 3 0x80011d18 (0x2e3f2623) mem 0x80013000 0x00000001
core   0: 0x80011d1c (0x0000bfe5) c.j     pc - 8
core   0: 3 0x80011d1c (0xbfe5)
core   0: 0x80011d14 (0x00001f17) auipc   t5, 0x1
core   0: 3 0x80011d14 (0x00001f17) x30 0x80012d14
core   0: 0x80011d18 (0x2e3f2623) sw      gp, 748(t5)
core   0: 3 0x80011d18 (0x2e3f2623) mem 0x80013000 0x00000001
core   0: 0x80011d1c (0x0000bfe5) c.j     pc - 8
core   0: 3 0x80011d1c (0xbfe5)
core   0: 0x80011d14 (0x00001f17) auipc   t5, 0x1
core   0: 3 0x80011d14 (0x00001f17) x30 0x80012d14
core   0: 0x80011d18 (0x2e3f2623) sw      gp, 748(t5)
core   0: 3 0x80011d18 (0x2e3f2623) mem 0x80013000 0x00000001
core   0: 0x80011d1c (0x0000bfe5) c.j     pc - 8
core   0: 3 0x80011d1c (0xbfe5)
core   0: 0x80011d14 (0x00001f17) auipc   t5, 0x1
core   0: 3 0x80011d14 (0x00001f17) x30 0x80012d14
core   0: 0x80011d18 (0x2e3f2623) sw      gp, 748(t5)
core   0: 3 0x80011d18 (0x2e3f2623) mem 0x80013000 0x00000001
core   0: 0x80011d1c (0x0000bfe5) c.j     pc - 8
core   0: 3 0x80011d1c (0xbfe5)
core   0: 0x80011d14 (0x00001f17) auipc   t5, 0x1
core   0: 3 0x80011d14 (0x00001f17) x30 0x80012d14
core   0: 0x80011d18 (0x2e3f2623) sw      gp, 748(t5)
core   0: 3 0x80011d18 (0x2e3f2623) mem 0x80013000 0x00000001
core   0: 0x80011d1c (0x0000bfe5) c.j     pc - 8
core   0: 3 0x80011d1c (0xbfe5)
core   0: 0x80011d14 (0x00001f17) auipc   t5, 0x1
core   0: 3 0x80011d14 (0x00001f17) x30 0x80012d14
core   0: 0x80011d18 (0x2e3f2623) sw      gp, 748(t5)
core   0: 3 0x80011d18 (0x2e3f2623) mem 0x80013000 0x00000001
core   0: 0x80011d1c (0x0000bfe5) c.j     pc - 8
core   0: 3 0x80011d1c (0xbfe5)
core   0: 0x80011d14 (0x00001f17) auipc   t5, 0x1
core   0: 3 0x80011d14 (0x00001f17) x30 0x80012d14
core   0: 0x80011d18 (0x2e3f2623) sw      gp, 748(t5)
core   0: 3 0x80011d18 (0x2e3f2623) mem 0x80013000 0x00000001
core   0: 0x80011d1c (0x0000bfe5) c.j     pc - 8
core   0: 3 0x80011d1c (0xbfe5)
core   0: 0x80011d14 (0x00001f17) auipc   t5, 0x1
core   0: 3 0x80011d14 (0x00001f17) x30 0x80012d14
core   0: 0x80011d18 (0x2e3f2623) sw      gp, 748(t5)
core   0: 3 0x80011d18 (0x2e3f2623) mem 0x80013000 0x00000001
core   0: 0x80011d1c (0x0000bfe5) c.j     pc - 8
core   0: 3 0x80011d1c (0xbfe5)
core   0: 0x80011d14 (0x00001f17) auipc   t5, 0x1
core   0: 3 0x80011d14 (0x00001f17) x30 0x80012d14
core   0: 0x80011d18 (0x2e3f2623) sw      gp, 748(t5)
core   0: 3 0x80011d18 (0x2e3f2623) mem 0x80013000 0x00000001
core   0: 0x80011d1c (0x0000bfe5) c.j     pc - 8
core   0: 3 0x80011d1c (0xbfe5)
core   0: 0x80011d14 (0x00001f17) auipc   t5, 0x1
core   0: 3 0x80011d14 (0x00001f17) x30 0x80012d14
core   0: 0x80011d18 (0x2e3f2623) sw      gp, 748(t5)
core   0: 3 0x80011d18 (0x2e3f2623) mem 0x80013000 0x00000001
core   0: 0x80011d1c (0x0000bfe5) c.j     pc - 8
core   0: 3 0x80011d1c (0xbfe5)
core   0: 0x80011d14 (0x00001f17) auipc   t5, 0x1
core   0: 3 0x80011d14 (0x00001f17) x30 0x80012d14
core   0: 0x80011d18 (0x2e3f2623) sw      gp, 748(t5)
core   0: 3 0x80011d18 (0x2e3f2623) mem 0x80013000 0x00000001
core   0: 0x80011d1c (0x0000bfe5) c.j     pc - 8
core   0: 3 0x80011d1c (0xbfe5)
core   0: 0x80011d14 (0x00001f17) auipc   t5, 0x1
core   0: 3 0x80011d14 (0x00001f17) x30 0x80012d14
core   0: 0x80011d18 (0x2e3f2623) sw      gp, 748(t5)
core   0: 3 0x80011d18 (0x2e3f2623) mem 0x80013000 0x00000001
core   0: 0x80011d1c (0x0000bfe5) c.j     pc - 8
core   0: 3 0x80011d1c (0xbfe5)
core   0: 0x80011d14 (0x00001f17) auipc   t5, 0x1
core   0: 3 0x80011d14 (0x00001f17) x30 0x80012d14
core   0: 0x80011d18 (0x2e3f2623) sw      gp, 748(t5)
core   0: 3 0x80011d18 (0x2e3f2623) mem 0x80013000 0x00000001
core   0: 0x80011d1c (0x0000bfe5) c.j     pc - 8
core   0: 3 0x80011d1c (0xbfe5)
core   0: 0x80011d14 (0x00001f17) auipc   t5, 0x1
core   0: 3 0x80011d14 (0x00001f17) x30 0x80012d14
core   0: 0x80011d18 (0x2e3f2623) sw      gp, 748(t5)
core   0: 3 0x80011d18 (0x2e3f2623) mem 0x80013000 0x00000001
core   0: 0x80011d1c (0x0000bfe5) c.j     pc - 8
core   0: 3 0x80011d1c (0xbfe5)
core   0: 0x80011d14 (0x00001f17) auipc   t5, 0x1
core   0: 3 0x80011d14 (0x00001f17) x30 0x80012d14
core   0: 0x80011d18 (0x2e3f2623) sw      gp, 748(t5)
core   0: 3 0x80011d18 (0x2e3f2623) mem 0x80013000 0x00000001
core   0: 0x80011d1c (0x0000bfe5) c.j     pc - 8
core   0: 3 0x80011d1c (0xbfe5)
core   0: 0x80011d14 (0x00001f17) auipc   t5, 0x1
core   0: 3 0x80011d14 (0x00001f17) x30 0x80012d14
core   0: 0x80011d18 (0x2e3f2623) sw      gp, 748(t5)
core   0: 3 0x80011d18 (0x2e3f2623) mem 0x80013000 0x00000001
core   0: 0x80011d1c (0x0000bfe5) c.j     pc - 8
core   0: 3 0x80011d1c (0xbfe5)
core   0: 0x80011d14 (0x00001f17) auipc   t5, 0x1
core   0: 3 0x80011d14 (0x00001f17) x30 0x80012d14
core   0: 0x80011d18 (0x2e3f2623) sw      gp, 748(t5)
core   0: 3 0x80011d18 (0x2e3f2623) mem 0x80013000 0x00000001
core   0: 0x80011d1c (0x0000bfe5) c.j     pc - 8
core   0: 3 0x80011d1c (0xbfe5)
core   0: 0x80011d14 (0x00001f17) auipc   t5, 0x1
core   0: 3 0x80011d14 (0x00001f17) x30 0x80012d14
core   0: 0x80011d18 (0x2e3f2623) sw      gp, 748(t5)
core   0: 3 0x80011d18 (0x2e3f2623) mem 0x80013000 0x00000001
core   0: 0x80011d1c (0x0000bfe5) c.j     pc - 8
core   0: 3 0x80011d1c (0xbfe5)
core   0: 0x80011d14 (0x00001f17) auipc   t5, 0x1
core   0: 3 0x80011d14 (0x00001f17) x30 0x80012d14
core   0: 0x80011d18 (0x2e3f2623) sw      gp, 748(t5)
core   0: 3 0x80011d18 (0x2e3f2623) mem 0x80013000 0x00000001
core   0: 0x80011d1c (0x0000bfe5) c.j     pc - 8
core   0: 3 0x80011d1c (0xbfe5)
core   0: 0x80011d14 (0x00001f17) auipc   t5, 0x1
core   0: 3 0x80011d14 (0x00001f17) x30 0x80012d14
core   0: 0x80011d18 (0x2e3f2623) sw      gp, 748(t5)
core   0: 3 0x80011d18 (0x2e3f2623) mem 0x80013000 0x00000001
core   0: 0x80011d1c (0x0000bfe5) c.j     pc - 8
core   0: 3 0x80011d1c (0xbfe5)
core   0: 0x80011d14 (0x00001f17) auipc   t5, 0x1
core   0: 3 0x80011d14 (0x00001f17) x30 0x80012d14
core   0: 0x80011d18 (0x2e3f2623) sw      gp, 748(t5)
core   0: 3 0x80011d18 (0x2e3f2623) mem 0x80013000 0x00000001
core   0: 0x80011d1c (0x0000bfe5) c.j     pc - 8
core   0: 3 0x80011d1c (0xbfe5)
core   0: 0x80011d14 (0x00001f17) auipc   t5, 0x1
core   0: 3 0x80011d14 (0x00001f17) x30 0x80012d14
core   0: 0x80011d18 (0x2e3f2623) sw      gp, 748(t5)
core   0: 3 0x80011d18 (0x2e3f2623) mem 0x80013000 0x00000001
core   0: 0x80011d1c (0x0000bfe5) c.j     pc - 8
core   0: 3 0x80011d1c (0xbfe5)
core   0: 0x80011d14 (0x00001f17) auipc   t5, 0x1
core   0: 3 0x80011d14 (0x00001f17) x30 0x80012d14
core   0: 0x80011d18 (0x2e3f2623) sw      gp, 748(t5)
core   0: 3 0x80011d18 (0x2e3f2623) mem 0x80013000 0x00000001
core   0: 0x80011d1c (0x0000bfe5) c.j     pc - 8
core   0: 3 0x80011d1c (0xbfe5)
core   0: 0x80011d14 (0x00001f17) auipc   t5, 0x1
core   0: 3 0x80011d14 (0x00001f17) x30 0x80012d14
core   0: 0x80011d18 (0x2e3f2623) sw      gp, 748(t5)
core   0: 3 0x80011d18 (0x2e3f2623) mem 0x80013000 0x00000001
core   0: 0x80011d1c (0x0000bfe5) c.j     pc - 8
core   0: 3 0x80011d1c (0xbfe5)
core   0: 0x80011d14 (0x00001f17) auipc   t5, 0x1
core   0: 3 0x80011d14 (0x00001f17) x30 0x80012d14
core   0: 0x80011d18 (0x2e3f2623) sw      gp, 748(t5)
core   0: 3 0x80011d18 (0x2e3f2623) mem 0x80013000 0x00000001
core   0: 0x80011d1c (0x0000bfe5) c.j     pc - 8
core   0: 3 0x80011d1c (0xbfe5)
core   0: 0x80011d14 (0x00001f17) auipc   t5, 0x1
core   0: 3 0x80011d14 (0x00001f17) x30 0x80012d14
core   0: 0x80011d18 (0x2e3f2623) sw      gp, 748(t5)
core   0: 3 0x80011d18 (0x2e3f2623) mem 0x80013000 0x00000001
core   0: 0x80011d1c (0x0000bfe5) c.j     pc - 8
core   0: 3 0x80011d1c (0xbfe5)
core   0: 0x80011d14 (0x00001f17) auipc   t5, 0x1
core   0: 3 0x80011d14 (0x00001f17) x30 0x80012d14
core   0: 0x80011d18 (0x2e3f2623) sw      gp, 748(t5)
core   0: 3 0x80011d18 (0x2e3f2623) mem 0x80013000 0x00000001
core   0: 0x80011d1c (0x0000bfe5) c.j     pc - 8
core   0: 3 0x80011d1c (0xbfe5)
core   0: 0x80011d14 (0x00001f17) auipc   t5, 0x1
core   0: 3 0x80011d14 (0x00001f17) x30 0x80012d14
core   0: 0x80011d18 (0x2e3f2623) sw      gp, 748(t5)
core   0: 3 0x80011d18 (0x2e3f2623) mem 0x80013000 0x00000001
core   0: 0x80011d1c (0x0000bfe5) c.j     pc - 8
core   0: 3 0x80011d1c (0xbfe5)
core   0: 0x80011d14 (0x00001f17) auipc   t5, 0x1
core   0: 3 0x80011d14 (0x00001f17) x30 0x80012d14
core   0: 0x80011d18 (0x2e3f2623) sw      gp, 748(t5)
core   0: 3 0x80011d18 (0x2e3f2623) mem 0x80013000 0x00000001
core   0: 0x80011d1c (0x0000bfe5) c.j     pc - 8
core   0: 3 0x80011d1c (0xbfe5)
core   0: 0x80011d14 (0x00001f17) auipc   t5, 0x1
core   0: 3 0x80011d14 (0x00001f17) x30 0x80012d14
core   0: 0x80011d18 (0x2e3f2623) sw      gp, 748(t5)
core   0: 3 0x80011d18 (0x2e3f2623) mem 0x80013000 0x00000001
core   0: 0x80011d1c (0x0000bfe5) c.j     pc - 8
core   0: 3 0x80011d1c (0xbfe5)
core   0: 0x80011d14 (0x00001f17) auipc   t5, 0x1
core   0: 3 0x80011d14 (0x00001f17) x30 0x80012d14
core   0: 0x80011d18 (0x2e3f2623) sw      gp, 748(t5)
core   0: 3 0x80011d18 (0x2e3f2623) mem 0x80013000 0x00000001
core   0: 0x80011d1c (0x0000bfe5) c.j     pc - 8
core   0: 3 0x80011d1c (0xbfe5)
core   0: 0x80011d14 (0x00001f17) auipc   t5, 0x1
core   0: 3 0x80011d14 (0x00001f17) x30 0x80012d14
core   0: 0x80011d18 (0x2e3f2623) sw      gp, 748(t5)
core   0: 3 0x80011d18 (0x2e3f2623) mem 0x80013000 0x00000001
core   0: 0x80011d1c (0x0000bfe5) c.j     pc - 8
core   0: 3 0x80011d1c (0xbfe5)
core   0: 0x80011d14 (0x00001f17) auipc   t5, 0x1
core   0: 3 0x80011d14 (0x00001f17) x30 0x80012d14
core   0: 0x80011d18 (0x2e3f2623) sw      gp, 748(t5)
core   0: 3 0x80011d18 (0x2e3f2623) mem 0x80013000 0x00000001
core   0: 0x80011d1c (0x0000bfe5) c.j     pc - 8
core   0: 3 0x80011d1c (0xbfe5)
core   0: 0x80011d14 (0x00001f17) auipc   t5, 0x1
core   0: 3 0x80011d14 (0x00001f17) x30 0x80012d14
core   0: 0x80011d18 (0x2e3f2623) sw      gp, 748(t5)
core   0: 3 0x80011d18 (0x2e3f2623) mem 0x80013000 0x00000001
core   0: 0x80011d1c (0x0000bfe5) c.j     pc - 8
core   0: 3 0x80011d1c (0xbfe5)
core   0: 0x80011d14 (0x00001f17) auipc   t5, 0x1
core   0: 3 0x80011d14 (0x00001f17) x30 0x80012d14
core   0: 0x80011d18 (0x2e3f2623) sw      gp, 748(t5)
core   0: 3 0x80011d18 (0x2e3f2623) mem 0x80013000 0x00000001
core   0: 0x80011d1c (0x0000bfe5) c.j     pc - 8
core   0: 3 0x80011d1c (0xbfe5)
core   0: 0x80011d14 (0x00001f17) auipc   t5, 0x1
core   0: 3 0x80011d14 (0x00001f17) x30 0x80012d14
core   0: 0x80011d18 (0x2e3f2623) sw      gp, 748(t5)
core   0: 3 0x80011d18 (0x2e3f2623) mem 0x80013000 0x00000001
core   0: 0x80011d1c (0x0000bfe5) c.j     pc - 8
core   0: 3 0x80011d1c (0xbfe5)
core   0: 0x80011d14 (0x00001f17) auipc   t5, 0x1
core   0: 3 0x80011d14 (0x00001f17) x30 0x80012d14
core   0: 0x80011d18 (0x2e3f2623) sw      gp, 748(t5)
core   0: 3 0x80011d18 (0x2e3f2623) mem 0x80013000 0x00000001
core   0: 0x80011d1c (0x0000bfe5) c.j     pc - 8
core   0: 3 0x80011d1c (0xbfe5)
core   0: 0x80011d14 (0x00001f17) auipc   t5, 0x1
core   0: 3 0x80011d14 (0x00001f17) x30 0x80012d14
core   0: 0x80011d18 (0x2e3f2623) sw      gp, 748(t5)
core   0: 3 0x80011d18 (0x2e3f2623) mem 0x80013000 0x00000001
core   0: 0x80011d1c (0x0000bfe5) c.j     pc - 8
core   0: 3 0x80011d1c (0xbfe5)
core   0: 0x80011d14 (0x00001f17) auipc   t5, 0x1
core   0: 3 0x80011d14 (0x00001f17) x30 0x80012d14
core   0: 0x80011d18 (0x2e3f2623) sw      gp, 748(t5)
core   0: 3 0x80011d18 (0x2e3f2623) mem 0x80013000 0x00000001
core   0: 0x80011d1c (0x0000bfe5) c.j     pc - 8
core   0: 3 0x80011d1c (0xbfe5)
core   0: 0x80011d14 (0x00001f17) auipc   t5, 0x1
core   0: 3 0x80011d14 (0x00001f17) x30 0x80012d14
core   0: 0x80011d18 (0x2e3f2623) sw      gp, 748(t5)
core   0: 3 0x80011d18 (0x2e3f2623) mem 0x80013000 0x00000001
core   0: 0x80011d1c (0x0000bfe5) c.j     pc - 8
core   0: 3 0x80011d1c (0xbfe5)
core   0: 0x80011d14 (0x00001f17) auipc   t5, 0x1
core   0: 3 0x80011d14 (0x00001f17) x30 0x80012d14
core   0: 0x80011d18 (0x2e3f2623) sw      gp, 748(t5)
core   0: 3 0x80011d18 (0x2e3f2623) mem 0x80013000 0x00000001
core   0: 0x80011d1c (0x0000bfe5) c.j     pc - 8
core   0: 3 0x80011d1c (0xbfe5)
core   0: 0x80011d14 (0x00001f17) auipc   t5, 0x1
core   0: 3 0x80011d14 (0x00001f17) x30 0x80012d14
core   0: 0x80011d18 (0x2e3f2623) sw      gp, 748(t5)
core   0: 3 0x80011d18 (0x2e3f2623) mem 0x80013000 0x00000001
core   0: 0x80011d1c (0x0000bfe5) c.j     pc - 8
core   0: 3 0x80011d1c (0xbfe5)
core   0: 0x80011d14 (0x00001f17) auipc   t5, 0x1
core   0: 3 0x80011d14 (0x00001f17) x30 0x80012d14
core   0: 0x80011d18 (0x2e3f2623) sw      gp, 748(t5)
core   0: 3 0x80011d18 (0x2e3f2623) mem 0x80013000 0x00000001
core   0: 0x80011d1c (0x0000bfe5) c.j     pc - 8
core   0: 3 0x80011d1c (0xbfe5)
core   0: 0x80011d14 (0x00001f17) auipc   t5, 0x1
core   0: 3 0x80011d14 (0x00001f17) x30 0x80012d14
core   0: 0x80011d18 (0x2e3f2623) sw      gp, 748(t5)
core   0: 3 0x80011d18 (0x2e3f2623) mem 0x80013000 0x00000001
core   0: 0x80011d1c (0x0000bfe5) c.j     pc - 8
core   0: 3 0x80011d1c (0xbfe5)
core   0: 0x80011d14 (0x00001f17) auipc   t5, 0x1
core   0: 3 0x80011d14 (0x00001f17) x30 0x80012d14
core   0: 0x80011d18 (0x2e3f2623) sw      gp, 748(t5)
core   0: 3 0x80011d18 (0x2e3f2623) mem 0x80013000 0x00000001
core   0: 0x80011d1c (0x0000bfe5) c.j     pc - 8
core   0: 3 0x80011d1c (0xbfe5)
core   0: 0x80011d14 (0x00001f17) auipc   t5, 0x1
core   0: 3 0x80011d14 (0x00001f17) x30 0x80012d14
core   0: 0x80011d18 (0x2e3f2623) sw      gp, 748(t5)
core   0: 3 0x80011d18 (0x2e3f2623) mem 0x80013000 0x00000001
core   0: 0x80011d1c (0x0000bfe5) c.j     pc - 8
core   0: 3 0x80011d1c (0xbfe5)
core   0: 0x80011d14 (0x00001f17) auipc   t5, 0x1
core   0: 3 0x80011d14 (0x00001f17) x30 0x80012d14
core   0: 0x80011d18 (0x2e3f2623) sw      gp, 748(t5)
core   0: 3 0x80011d18 (0x2e3f2623) mem 0x80013000 0x00000001
core   0: 0x80011d1c (0x0000bfe5) c.j     pc - 8
core   0: 3 0x80011d1c (0xbfe5)
core   0: 0x80011d14 (0x00001f17) auipc   t5, 0x1
core   0: 3 0x80011d14 (0x00001f17) x30 0x80012d14
core   0: 0x80011d18 (0x2e3f2623) sw      gp, 748(t5)
core   0: 3 0x80011d18 (0x2e3f2623) mem 0x80013000 0x00000001
core   0: 0x80011d1c (0x0000bfe5) c.j     pc - 8
core   0: 3 0x80011d1c (0xbfe5)
core   0: 0x80011d14 (0x00001f17) auipc   t5, 0x1
core   0: 3 0x80011d14 (0x00001f17) x30 0x80012d14
core   0: 0x80011d18 (0x2e3f2623) sw      gp, 748(t5)
core   0: 3 0x80011d18 (0x2e3f2623) mem 0x80013000 0x00000001
core   0: 0x80011d1c (0x0000bfe5) c.j     pc - 8
core   0: 3 0x80011d1c (0xbfe5)
core   0: 0x80011d14 (0x00001f17) auipc   t5, 0x1
core   0: 3 0x80011d14 (0x00001f17) x30 0x80012d14
core   0: 0x80011d18 (0x2e3f2623) sw      gp, 748(t5)
core   0: 3 0x80011d18 (0x2e3f2623) mem 0x80013000 0x00000001
core   0: 0x80011d1c (0x0000bfe5) c.j     pc - 8
core   0: 3 0x80011d1c (0xbfe5)
core   0: 0x80011d14 (0x00001f17) auipc   t5, 0x1
core   0: 3 0x80011d14 (0x00001f17) x30 0x80012d14
core   0: 0x80011d18 (0x2e3f2623) sw      gp, 748(t5)
core   0: 3 0x80011d18 (0x2e3f2623) mem 0x80013000 0x00000001
core   0: 0x80011d1c (0x0000bfe5) c.j     pc - 8
core   0: 3 0x80011d1c (0xbfe5)
core   0: 0x80011d14 (0x00001f17) auipc   t5, 0x1
core   0: 3 0x80011d14 (0x00001f17) x30 0x80012d14
core   0: 0x80011d18 (0x2e3f2623) sw      gp, 748(t5)
core   0: 3 0x80011d18 (0x2e3f2623) mem 0x80013000 0x00000001
core   0: 0x80011d1c (0x0000bfe5) c.j     pc - 8
core   0: 3 0x80011d1c (0xbfe5)
core   0: 0x80011d14 (0x00001f17) auipc   t5, 0x1
core   0: 3 0x80011d14 (0x00001f17) x30 0x80012d14
core   0: 0x80011d18 (0x2e3f2623) sw      gp, 748(t5)
core   0: 3 0x80011d18 (0x2e3f2623) mem 0x80013000 0x00000001
core   0: 0x80011d1c (0x0000bfe5) c.j     pc - 8
core   0: 3 0x80011d1c (0xbfe5)
core   0: 0x80011d14 (0x00001f17) auipc   t5, 0x1
core   0: 3 0x80011d14 (0x00001f17) x30 0x80012d14
core   0: 0x80011d18 (0x2e3f2623) sw      gp, 748(t5)
core   0: 3 0x80011d18 (0x2e3f2623) mem 0x80013000 0x00000001
core   0: 0x80011d1c (0x0000bfe5) c.j     pc - 8
core   0: 3 0x80011d1c (0xbfe5)
core   0: 0x80011d14 (0x00001f17) auipc   t5, 0x1
core   0: 3 0x80011d14 (0x00001f17) x30 0x80012d14
core   0: 0x80011d18 (0x2e3f2623) sw      gp, 748(t5)
core   0: 3 0x80011d18 (0x2e3f2623) mem 0x80013000 0x00000001
core   0: 0x80011d1c (0x0000bfe5) c.j     pc - 8
core   0: 3 0x80011d1c (0xbfe5)
core   0: 0x80011d14 (0x00001f17) auipc   t5, 0x1
core   0: 3 0x80011d14 (0x00001f17) x30 0x80012d14
core   0: 0x80011d18 (0x2e3f2623) sw      gp, 748(t5)
core   0: 3 0x80011d18 (0x2e3f2623) mem 0x80013000 0x00000001
core   0: 0x80011d1c (0x0000bfe5) c.j     pc - 8
core   0: 3 0x80011d1c (0xbfe5)
core   0: 0x80011d14 (0x00001f17) auipc   t5, 0x1
core   0: 3 0x80011d14 (0x00001f17) x30 0x80012d14
core   0: 0x80011d18 (0x2e3f2623) sw      gp, 748(t5)
core   0: 3 0x80011d18 (0x2e3f2623) mem 0x80013000 0x00000001
core   0: 0x80011d1c (0x0000bfe5) c.j     pc - 8
core   0: 3 0x80011d1c (0xbfe5)
core   0: 0x80011d14 (0x00001f17) auipc   t5, 0x1
core   0: 3 0x80011d14 (0x00001f17) x30 0x80012d14
core   0: 0x80011d18 (0x2e3f2623) sw      gp, 748(t5)
core   0: 3 0x80011d18 (0x2e3f2623) mem 0x80013000 0x00000001
core   0: 0x80011d1c (0x0000bfe5) c.j     pc - 8
core   0: 3 0x80011d1c (0xbfe5)
core   0: 0x80011d14 (0x00001f17) auipc   t5, 0x1
core   0: 3 0x80011d14 (0x00001f17) x30 0x80012d14
core   0: 0x80011d18 (0x2e3f2623) sw      gp, 748(t5)
core   0: 3 0x80011d18 (0x2e3f2623) mem 0x80013000 0x00000001
core   0: 0x80011d1c (0x0000bfe5) c.j     pc - 8
core   0: 3 0x80011d1c (0xbfe5)
core   0: 0x80011d14 (0x00001f17) auipc   t5, 0x1
core   0: 3 0x80011d14 (0x00001f17) x30 0x80012d14
core   0: 0x80011d18 (0x2e3f2623) sw      gp, 748(t5)
core   0: 3 0x80011d18 (0x2e3f2623) mem 0x80013000 0x00000001
core   0: 0x80011d1c (0x0000bfe5) c.j     pc - 8
core   0: 3 0x80011d1c (0xbfe5)
core   0: 0x80011d14 (0x00001f17) auipc   t5, 0x1
core   0: 3 0x80011d14 (0x00001f17) x30 0x80012d14
core   0: 0x80011d18 (0x2e3f2623) sw      gp, 748(t5)
core   0: 3 0x80011d18 (0x2e3f2623) mem 0x80013000 0x00000001
core   0: 0x80011d1c (0x0000bfe5) c.j     pc - 8
core   0: 3 0x80011d1c (0xbfe5)
core   0: 0x80011d14 (0x00001f17) auipc   t5, 0x1
core   0: 3 0x80011d14 (0x00001f17) x30 0x80012d14
core   0: 0x80011d18 (0x2e3f2623) sw      gp, 748(t5)
core   0: 3 0x80011d18 (0x2e3f2623) mem 0x80013000 0x00000001
core   0: 0x80011d1c (0x0000bfe5) c.j     pc - 8
core   0: 3 0x80011d1c (0xbfe5)
core   0: 0x80011d14 (0x00001f17) auipc   t5, 0x1
core   0: 3 0x80011d14 (0x00001f17) x30 0x80012d14
core   0: 0x80011d18 (0x2e3f2623) sw      gp, 748(t5)
core   0: 3 0x80011d18 (0x2e3f2623) mem 0x80013000 0x00000001
core   0: 0x80011d1c (0x0000bfe5) c.j     pc - 8
core   0: 3 0x80011d1c (0xbfe5)
core   0: 0x80011d14 (0x00001f17) auipc   t5, 0x1
core   0: 3 0x80011d14 (0x00001f17) x30 0x80012d14
core   0: 0x80011d18 (0x2e3f2623) sw      gp, 748(t5)
core   0: 3 0x80011d18 (0x2e3f2623) mem 0x80013000 0x00000001
core   0: 0x80011d1c (0x0000bfe5) c.j     pc - 8
core   0: 3 0x80011d1c (0xbfe5)
core   0: 0x80011d14 (0x00001f17) auipc   t5, 0x1
core   0: 3 0x80011d14 (0x00001f17) x30 0x80012d14
core   0: 0x80011d18 (0x2e3f2623) sw      gp, 748(t5)
core   0: 3 0x80011d18 (0x2e3f2623) mem 0x80013000 0x00000001
core   0: 0x80011d1c (0x0000bfe5) c.j     pc - 8
core   0: 3 0x80011d1c (0xbfe5)
core   0: 0x80011d14 (0x00001f17) auipc   t5, 0x1
core   0: 3 0x80011d14 (0x00001f17) x30 0x80012d14
core   0: 0x80011d18 (0x2e3f2623) sw      gp, 748(t5)
core   0: 3 0x80011d18 (0x2e3f2623) mem 0x80013000 0x00000001
core   0: 0x80011d1c (0x0000bfe5) c.j     pc - 8
core   0: 3 0x80011d1c (0xbfe5)
core   0: 0x80011d14 (0x00001f17) auipc   t5, 0x1
core   0: 3 0x80011d14 (0x00001f17) x30 0x80012d14
core   0: 0x80011d18 (0x2e3f2623) sw      gp, 748(t5)
core   0: 3 0x80011d18 (0x2e3f2623) mem 0x80013000 0x00000001
core   0: 0x80011d1c (0x0000bfe5) c.j     pc - 8
core   0: 3 0x80011d1c (0xbfe5)
core   0: 0x80011d14 (0x00001f17) auipc   t5, 0x1
core   0: 3 0x80011d14 (0x00001f17) x30 0x80012d14
core   0: 0x80011d18 (0x2e3f2623) sw      gp, 748(t5)
core   0: 3 0x80011d18 (0x2e3f2623) mem 0x80013000 0x00000001
core   0: 0x80011d1c (0x0000bfe5) c.j     pc - 8
core   0: 3 0x80011d1c (0xbfe5)
core   0: 0x80011d14 (0x00001f17) auipc   t5, 0x1
core   0: 3 0x80011d14 (0x00001f17) x30 0x80012d14
core   0: 0x80011d18 (0x2e3f2623) sw      gp, 748(t5)
core   0: 3 0x80011d18 (0x2e3f2623) mem 0x80013000 0x00000001
core   0: 0x80011d1c (0x0000bfe5) c.j     pc - 8
core   0: 3 0x80011d1c (0xbfe5)
core   0: 0x80011d14 (0x00001f17) auipc   t5, 0x1
core   0: 3 0x80011d14 (0x00001f17) x30 0x80012d14
core   0: 0x80011d18 (0x2e3f2623) sw      gp, 748(t5)
core   0: 3 0x80011d18 (0x2e3f2623) mem 0x80013000 0x00000001
core   0: 0x80011d1c (0x0000bfe5) c.j     pc - 8
core   0: 3 0x80011d1c (0xbfe5)
core   0: 0x80011d14 (0x00001f17) auipc   t5, 0x1
core   0: 3 0x80011d14 (0x00001f17) x30 0x80012d14
core   0: 0x80011d18 (0x2e3f2623) sw      gp, 748(t5)
core   0: 3 0x80011d18 (0x2e3f2623) mem 0x80013000 0x00000001
core   0: 0x80011d1c (0x0000bfe5) c.j     pc - 8
core   0: 3 0x80011d1c (0xbfe5)
core   0: 0x80011d14 (0x00001f17) auipc   t5, 0x1
core   0: 3 0x80011d14 (0x00001f17) x30 0x80012d14
core   0: 0x80011d18 (0x2e3f2623) sw      gp, 748(t5)
core   0: 3 0x80011d18 (0x2e3f2623) mem 0x80013000 0x00000001
core   0: 0x80011d1c (0x0000bfe5) c.j     pc - 8
core   0: 3 0x80011d1c (0xbfe5)
core   0: 0x80011d14 (0x00001f17) auipc   t5, 0x1
core   0: 3 0x80011d14 (0x00001f17) x30 0x80012d14
core   0: 0x80011d18 (0x2e3f2623) sw      gp, 748(t5)
core   0: 3 0x80011d18 (0x2e3f2623) mem 0x80013000 0x00000001
core   0: 0x80011d1c (0x0000bfe5) c.j     pc - 8
core   0: 3 0x80011d1c (0xbfe5)
core   0: 0x80011d14 (0x00001f17) auipc   t5, 0x1
core   0: 3 0x80011d14 (0x00001f17) x30 0x80012d14
core   0: 0x80011d18 (0x2e3f2623) sw      gp, 748(t5)
core   0: 3 0x80011d18 (0x2e3f2623) mem 0x80013000 0x00000001
core   0: 0x80011d1c (0x0000bfe5) c.j     pc - 8
core   0: 3 0x80011d1c (0xbfe5)
core   0: 0x80011d14 (0x00001f17) auipc   t5, 0x1
core   0: 3 0x80011d14 (0x00001f17) x30 0x80012d14
core   0: 0x80011d18 (0x2e3f2623) sw      gp, 748(t5)
core   0: 3 0x80011d18 (0x2e3f2623) mem 0x80013000 0x00000001
core   0: 0x80011d1c (0x0000bfe5) c.j     pc - 8
core   0: 3 0x80011d1c (0xbfe5)
core   0: 0x80011d14 (0x00001f17) auipc   t5, 0x1
core   0: 3 0x80011d14 (0x00001f17) x30 0x80012d14
core   0: 0x80011d18 (0x2e3f2623) sw      gp, 748(t5)
core   0: 3 0x80011d18 (0x2e3f2623) mem 0x80013000 0x00000001
core   0: 0x80011d1c (0x0000bfe5) c.j     pc - 8
core   0: 3 0x80011d1c (0xbfe5)
core   0: 0x80011d14 (0x00001f17) auipc   t5, 0x1
core   0: 3 0x80011d14 (0x00001f17) x30 0x80012d14
core   0: 0x80011d18 (0x2e3f2623) sw      gp, 748(t5)
core   0: 3 0x80011d18 (0x2e3f2623) mem 0x80013000 0x00000001
core   0: 0x80011d1c (0x0000bfe5) c.j     pc - 8
core   0: 3 0x80011d1c (0xbfe5)
core   0: 0x80011d14 (0x00001f17) auipc   t5, 0x1
core   0: 3 0x80011d14 (0x00001f17) x30 0x80012d14
core   0: 0x80011d18 (0x2e3f2623) sw      gp, 748(t5)
core   0: 3 0x80011d18 (0x2e3f2623) mem 0x80013000 0x00000001
core   0: 0x80011d1c (0x0000bfe5) c.j     pc - 8
core   0: 3 0x80011d1c (0xbfe5)
core   0: 0x80011d14 (0x00001f17) auipc   t5, 0x1
core   0: 3 0x80011d14 (0x00001f17) x30 0x80012d14
core   0: 0x80011d18 (0x2e3f2623) sw      gp, 748(t5)
core   0: 3 0x80011d18 (0x2e3f2623) mem 0x80013000 0x00000001
core   0: 0x80011d1c (0x0000bfe5) c.j     pc - 8
core   0: 3 0x80011d1c (0xbfe5)
core   0: 0x80011d14 (0x00001f17) auipc   t5, 0x1
core   0: 3 0x80011d14 (0x00001f17) x30 0x80012d14
core   0: 0x80011d18 (0x2e3f2623) sw      gp, 748(t5)
core   0: 3 0x80011d18 (0x2e3f2623) mem 0x80013000 0x00000001
core   0: 0x80011d1c (0x0000bfe5) c.j     pc - 8
core   0: 3 0x80011d1c (0xbfe5)
core   0: 0x80011d14 (0x00001f17) auipc   t5, 0x1
core   0: 3 0x80011d14 (0x00001f17) x30 0x80012d14
core   0: 0x80011d18 (0x2e3f2623) sw      gp, 748(t5)
core   0: 3 0x80011d18 (0x2e3f2623) mem 0x80013000 0x00000001
core   0: 0x80011d1c (0x0000bfe5) c.j     pc - 8
core   0: 3 0x80011d1c (0xbfe5)
core   0: 0x80011d14 (0x00001f17) auipc   t5, 0x1
core   0: 3 0x80011d14 (0x00001f17) x30 0x80012d14
core   0: 0x80011d18 (0x2e3f2623) sw      gp, 748(t5)
core   0: 3 0x80011d18 (0x2e3f2623) mem 0x80013000 0x00000001
core   0: 0x80011d1c (0x0000bfe5) c.j     pc - 8
core   0: 3 0x80011d1c (0xbfe5)
core   0: 0x80011d14 (0x00001f17) auipc   t5, 0x1
core   0: 3 0x80011d14 (0x00001f17) x30 0x80012d14
core   0: 0x80011d18 (0x2e3f2623) sw      gp, 748(t5)
core   0: 3 0x80011d18 (0x2e3f2623) mem 0x80013000 0x00000001
core   0: 0x80011d1c (0x0000bfe5) c.j     pc - 8
core   0: 3 0x80011d1c (0xbfe5)
core   0: 0x80011d14 (0x00001f17) auipc   t5, 0x1
core   0: 3 0x80011d14 (0x00001f17) x30 0x80012d14
core   0: 0x80011d18 (0x2e3f2623) sw      gp, 748(t5)
core   0: 3 0x80011d18 (0x2e3f2623) mem 0x80013000 0x00000001
core   0: 0x80011d1c (0x0000bfe5) c.j     pc - 8
core   0: 3 0x80011d1c (0xbfe5)
core   0: 0x80011d14 (0x00001f17) auipc   t5, 0x1
core   0: 3 0x80011d14 (0x00001f17) x30 0x80012d14
core   0: 0x80011d18 (0x2e3f2623) sw      gp, 748(t5)
core   0: 3 0x80011d18 (0x2e3f2623) mem 0x80013000 0x00000001
core   0: 0x80011d1c (0x0000bfe5) c.j     pc - 8
core   0: 3 0x80011d1c (0xbfe5)
core   0: 0x80011d14 (0x00001f17) auipc   t5, 0x1
core   0: 3 0x80011d14 (0x00001f17) x30 0x80012d14
core   0: 0x80011d18 (0x2e3f2623) sw      gp, 748(t5)
core   0: 3 0x80011d18 (0x2e3f2623) mem 0x80013000 0x00000001
core   0: 0x80011d1c (0x0000bfe5) c.j     pc - 8
core   0: 3 0x80011d1c (0xbfe5)
core   0: 0x80011d14 (0x00001f17) auipc   t5, 0x1
core   0: 3 0x80011d14 (0x00001f17) x30 0x80012d14
core   0: 0x80011d18 (0x2e3f2623) sw      gp, 748(t5)
core   0: 3 0x80011d18 (0x2e3f2623) mem 0x80013000 0x00000001
core   0: 0x80011d1c (0x0000bfe5) c.j     pc - 8
core   0: 3 0x80011d1c (0xbfe5)
core   0: 0x80011d14 (0x00001f17) auipc   t5, 0x1
core   0: 3 0x80011d14 (0x00001f17) x30 0x80012d14
core   0: 0x80011d18 (0x2e3f2623) sw      gp, 748(t5)
core   0: 3 0x80011d18 (0x2e3f2623) mem 0x80013000 0x00000001
core   0: 0x80011d1c (0x0000bfe5) c.j     pc - 8
core   0: 3 0x80011d1c (0xbfe5)
core   0: 0x80011d14 (0x00001f17) auipc   t5, 0x1
core   0: 3 0x80011d14 (0x00001f17) x30 0x80012d14
core   0: 0x80011d18 (0x2e3f2623) sw      gp, 748(t5)
core   0: 3 0x80011d18 (0x2e3f2623) mem 0x80013000 0x00000001
core   0: 0x80011d1c (0x0000bfe5) c.j     pc - 8
core   0: 3 0x80011d1c (0xbfe5)
core   0: 0x80011d14 (0x00001f17) auipc   t5, 0x1
core   0: 3 0x80011d14 (0x00001f17) x30 0x80012d14
core   0: 0x80011d18 (0x2e3f2623) sw      gp, 748(t5)
core   0: 3 0x80011d18 (0x2e3f2623) mem 0x80013000 0x00000001
core   0: 0x80011d1c (0x0000bfe5) c.j     pc - 8
core   0: 3 0x80011d1c (0xbfe5)
core   0: 0x80011d14 (0x00001f17) auipc   t5, 0x1
core   0: 3 0x80011d14 (0x00001f17) x30 0x80012d14
core   0: 0x80011d18 (0x2e3f2623) sw      gp, 748(t5)
core   0: 3 0x80011d18 (0x2e3f2623) mem 0x80013000 0x00000001
core   0: 0x80011d1c (0x0000bfe5) c.j     pc - 8
core   0: 3 0x80011d1c (0xbfe5)
core   0: 0x80011d14 (0x00001f17) auipc   t5, 0x1
core   0: 3 0x80011d14 (0x00001f17) x30 0x80012d14
core   0: 0x80011d18 (0x2e3f2623) sw      gp, 748(t5)
core   0: 3 0x80011d18 (0x2e3f2623) mem 0x80013000 0x00000001
core   0: 0x80011d1c (0x0000bfe5) c.j     pc - 8
core   0: 3 0x80011d1c (0xbfe5)
core   0: 0x80011d14 (0x00001f17) auipc   t5, 0x1
core   0: 3 0x80011d14 (0x00001f17) x30 0x80012d14
core   0: 0x80011d18 (0x2e3f2623) sw      gp, 748(t5)
core   0: 3 0x80011d18 (0x2e3f2623) mem 0x80013000 0x00000001
core   0: 0x80011d1c (0x0000bfe5) c.j     pc - 8
core   0: 3 0x80011d1c (0xbfe5)
core   0: 0x80011d14 (0x00001f17) auipc   t5, 0x1
core   0: 3 0x80011d14 (0x00001f17) x30 0x80012d14
core   0: 0x80011d18 (0x2e3f2623) sw      gp, 748(t5)
core   0: 3 0x80011d18 (0x2e3f2623) mem 0x80013000 0x00000001
core   0: 0x80011d1c (0x0000bfe5) c.j     pc - 8
core   0: 3 0x80011d1c (0xbfe5)
core   0: 0x80011d14 (0x00001f17) auipc   t5, 0x1
core   0: 3 0x80011d14 (0x00001f17) x30 0x80012d14
core   0: 0x80011d18 (0x2e3f2623) sw      gp, 748(t5)
core   0: 3 0x80011d18 (0x2e3f2623) mem 0x80013000 0x00000001
core   0: 0x80011d1c (0x0000bfe5) c.j     pc - 8
core   0: 3 0x80011d1c (0xbfe5)
core   0: 0x80011d14 (0x00001f17) auipc   t5, 0x1
core   0: 3 0x80011d14 (0x00001f17) x30 0x80012d14
core   0: 0x80011d18 (0x2e3f2623) sw      gp, 748(t5)
core   0: 3 0x80011d18 (0x2e3f2623) mem 0x80013000 0x00000001
core   0: 0x80011d1c (0x0000bfe5) c.j     pc - 8
core   0: 3 0x80011d1c (0xbfe5)
core   0: 0x80011d14 (0x00001f17) auipc   t5, 0x1
core   0: 3 0x80011d14 (0x00001f17) x30 0x80012d14
core   0: 0x80011d18 (0x2e3f2623) sw      gp, 748(t5)
core   0: 3 0x80011d18 (0x2e3f2623) mem 0x80013000 0x00000001
core   0: 0x80011d1c (0x0000bfe5) c.j     pc - 8
core   0: 3 0x80011d1c (0xbfe5)
core   0: 0x80011d14 (0x00001f17) auipc   t5, 0x1
core   0: 3 0x80011d14 (0x00001f17) x30 0x80012d14
core   0: 0x80011d18 (0x2e3f2623) sw      gp, 748(t5)
core   0: 3 0x80011d18 (0x2e3f2623) mem 0x80013000 0x00000001
core   0: 0x80011d1c (0x0000bfe5) c.j     pc - 8
core   0: 3 0x80011d1c (0xbfe5)
core   0: 0x80011d14 (0x00001f17) auipc   t5, 0x1
core   0: 3 0x80011d14 (0x00001f17) x30 0x80012d14
core   0: 0x80011d18 (0x2e3f2623) sw      gp, 748(t5)
core   0: 3 0x80011d18 (0x2e3f2623) mem 0x80013000 0x00000001
core   0: 0x80011d1c (0x0000bfe5) c.j     pc - 8
core   0: 3 0x80011d1c (0xbfe5)
core   0: 0x80011d14 (0x00001f17) auipc   t5, 0x1
core   0: 3 0x80011d14 (0x00001f17) x30 0x80012d14
core   0: 0x80011d18 (0x2e3f2623) sw      gp, 748(t5)
core   0: 3 0x80011d18 (0x2e3f2623) mem 0x80013000 0x00000001
core   0: 0x80011d1c (0x0000bfe5) c.j     pc - 8
core   0: 3 0x80011d1c (0xbfe5)
core   0: 0x80011d14 (0x00001f17) auipc   t5, 0x1
core   0: 3 0x80011d14 (0x00001f17) x30 0x80012d14
core   0: 0x80011d18 (0x2e3f2623) sw      gp, 748(t5)
core   0: 3 0x80011d18 (0x2e3f2623) mem 0x80013000 0x00000001
core   0: 0x80011d1c (0x0000bfe5) c.j     pc - 8
core   0: 3 0x80011d1c (0xbfe5)
core   0: 0x80011d14 (0x00001f17) auipc   t5, 0x1
core   0: 3 0x80011d14 (0x00001f17) x30 0x80012d14
core   0: 0x80011d18 (0x2e3f2623) sw      gp, 748(t5)
core   0: 3 0x80011d18 (0x2e3f2623) mem 0x80013000 0x00000001
core   0: 0x80011d1c (0x0000bfe5) c.j     pc - 8
core   0: 3 0x80011d1c (0xbfe5)
core   0: 0x80011d14 (0x00001f17) auipc   t5, 0x1
core   0: 3 0x80011d14 (0x00001f17) x30 0x80012d14
core   0: 0x80011d18 (0x2e3f2623) sw      gp, 748(t5)
core   0: 3 0x80011d18 (0x2e3f2623) mem 0x80013000 0x00000001
core   0: 0x80011d1c (0x0000bfe5) c.j     pc - 8
core   0: 3 0x80011d1c (0xbfe5)
core   0: 0x80011d14 (0x00001f17) auipc   t5, 0x1
core   0: 3 0x80011d14 (0x00001f17) x30 0x80012d14
core   0: 0x80011d18 (0x2e3f2623) sw      gp, 748(t5)
core   0: 3 0x80011d18 (0x2e3f2623) mem 0x80013000 0x00000001
core   0: 0x80011d1c (0x0000bfe5) c.j     pc - 8
core   0: 3 0x80011d1c (0xbfe5)
core   0: 0x80011d14 (0x00001f17) auipc   t5, 0x1
core   0: 3 0x80011d14 (0x00001f17) x30 0x80012d14
core   0: 0x80011d18 (0x2e3f2623) sw      gp, 748(t5)
core   0: 3 0x80011d18 (0x2e3f2623) mem 0x80013000 0x00000001
core   0: 0x80011d1c (0x0000bfe5) c.j     pc - 8
core   0: 3 0x80011d1c (0xbfe5)
core   0: 0x80011d14 (0x00001f17) auipc   t5, 0x1
core   0: 3 0x80011d14 (0x00001f17) x30 0x80012d14
core   0: 0x80011d18 (0x2e3f2623) sw      gp, 748(t5)
core   0: 3 0x80011d18 (0x2e3f2623) mem 0x80013000 0x00000001
core   0: 0x80011d1c (0x0000bfe5) c.j     pc - 8
core   0: 3 0x80011d1c (0xbfe5)
core   0: 0x80011d14 (0x00001f17) auipc   t5, 0x1
core   0: 3 0x80011d14 (0x00001f17) x30 0x80012d14
core   0: 0x80011d18 (0x2e3f2623) sw      gp, 748(t5)
core   0: 3 0x80011d18 (0x2e3f2623) mem 0x80013000 0x00000001
core   0: 0x80011d1c (0x0000bfe5) c.j     pc - 8
core   0: 3 0x80011d1c (0xbfe5)
core   0: 0x80011d14 (0x00001f17) auipc   t5, 0x1
core   0: 3 0x80011d14 (0x00001f17) x30 0x80012d14
core   0: 0x80011d18 (0x2e3f2623) sw      gp, 748(t5)
core   0: 3 0x80011d18 (0x2e3f2623) mem 0x80013000 0x00000001
core   0: 0x80011d1c (0x0000bfe5) c.j     pc - 8
core   0: 3 0x80011d1c (0xbfe5)
core   0: 0x80011d14 (0x00001f17) auipc   t5, 0x1
core   0: 3 0x80011d14 (0x00001f17) x30 0x80012d14
core   0: 0x80011d18 (0x2e3f2623) sw      gp, 748(t5)
core   0: 3 0x80011d18 (0x2e3f2623) mem 0x80013000 0x00000001
core   0: 0x80011d1c (0x0000bfe5) c.j     pc - 8
core   0: 3 0x80011d1c (0xbfe5)
core   0: 0x80011d14 (0x00001f17) auipc   t5, 0x1
core   0: 3 0x80011d14 (0x00001f17) x30 0x80012d14
core   0: 0x80011d18 (0x2e3f2623) sw      gp, 748(t5)
core   0: 3 0x80011d18 (0x2e3f2623) mem 0x80013000 0x00000001
core   0: 0x80011d1c (0x0000bfe5) c.j     pc - 8
core   0: 3 0x80011d1c (0xbfe5)
core   0: 0x80011d14 (0x00001f17) auipc   t5, 0x1
core   0: 3 0x80011d14 (0x00001f17) x30 0x80012d14
core   0: 0x80011d18 (0x2e3f2623) sw      gp, 748(t5)
core   0: 3 0x80011d18 (0x2e3f2623) mem 0x80013000 0x00000001
core   0: 0x80011d1c (0x0000bfe5) c.j     pc - 8
core   0: 3 0x80011d1c (0xbfe5)
core   0: 0x80011d14 (0x00001f17) auipc   t5, 0x1
core   0: 3 0x80011d14 (0x00001f17) x30 0x80012d14
core   0: 0x80011d18 (0x2e3f2623) sw      gp, 748(t5)
core   0: 3 0x80011d18 (0x2e3f2623) mem 0x80013000 0x00000001
core   0: 0x80011d1c (0x0000bfe5) c.j     pc - 8
core   0: 3 0x80011d1c (0xbfe5)
core   0: 0x80011d14 (0x00001f17) auipc   t5, 0x1
core   0: 3 0x80011d14 (0x00001f17) x30 0x80012d14
core   0: 0x80011d18 (0x2e3f2623) sw      gp, 748(t5)
core   0: 3 0x80011d18 (0x2e3f2623) mem 0x80013000 0x00000001
core   0: 0x80011d1c (0x0000bfe5) c.j     pc - 8
core   0: 3 0x80011d1c (0xbfe5)
core   0: 0x80011d14 (0x00001f17) auipc   t5, 0x1
core   0: 3 0x80011d14 (0x00001f17) x30 0x80012d14
core   0: 0x80011d18 (0x2e3f2623) sw      gp, 748(t5)
core   0: 3 0x80011d18 (0x2e3f2623) mem 0x80013000 0x00000001
core   0: 0x80011d1c (0x0000bfe5) c.j     pc - 8
core   0: 3 0x80011d1c (0xbfe5)
core   0: 0x80011d14 (0x00001f17) auipc   t5, 0x1
core   0: 3 0x80011d14 (0x00001f17) x30 0x80012d14
core   0: 0x80011d18 (0x2e3f2623) sw      gp, 748(t5)
core   0: 3 0x80011d18 (0x2e3f2623) mem 0x80013000 0x00000001
core   0: 0x80011d1c (0x0000bfe5) c.j     pc - 8
core   0: 3 0x80011d1c (0xbfe5)
core   0: 0x80011d14 (0x00001f17) auipc   t5, 0x1
core   0: 3 0x80011d14 (0x00001f17) x30 0x80012d14
core   0: 0x80011d18 (0x2e3f2623) sw      gp, 748(t5)
core   0: 3 0x80011d18 (0x2e3f2623) mem 0x80013000 0x00000001
core   0: 0x80011d1c (0x0000bfe5) c.j     pc - 8
core   0: 3 0x80011d1c (0xbfe5)
core   0: 0x80011d14 (0x00001f17) auipc   t5, 0x1
core   0: 3 0x80011d14 (0x00001f17) x30 0x80012d14
core   0: 0x80011d18 (0x2e3f2623) sw      gp, 748(t5)
core   0: 3 0x80011d18 (0x2e3f2623) mem 0x80013000 0x00000001
core   0: 0x80011d1c (0x0000bfe5) c.j     pc - 8
core   0: 3 0x80011d1c (0xbfe5)
core   0: 0x80011d14 (0x00001f17) auipc   t5, 0x1
core   0: 3 0x80011d14 (0x00001f17) x30 0x80012d14
core   0: 0x80011d18 (0x2e3f2623) sw      gp, 748(t5)
core   0: 3 0x80011d18 (0x2e3f2623) mem 0x80013000 0x00000001
core   0: 0x80011d1c (0x0000bfe5) c.j     pc - 8
core   0: 3 0x80011d1c (0xbfe5)
core   0: 0x80011d14 (0x00001f17) auipc   t5, 0x1
core   0: 3 0x80011d14 (0x00001f17) x30 0x80012d14
core   0: 0x80011d18 (0x2e3f2623) sw      gp, 748(t5)
core   0: 3 0x80011d18 (0x2e3f2623) mem 0x80013000 0x00000001
core   0: 0x80011d1c (0x0000bfe5) c.j     pc - 8
core   0: 3 0x80011d1c (0xbfe5)
core   0: 0x80011d14 (0x00001f17) auipc   t5, 0x1
core   0: 3 0x80011d14 (0x00001f17) x30 0x80012d14
core   0: 0x80011d18 (0x2e3f2623) sw      gp, 748(t5)
core   0: 3 0x80011d18 (0x2e3f2623) mem 0x80013000 0x00000001
core   0: 0x80011d1c (0x0000bfe5) c.j     pc - 8
core   0: 3 0x80011d1c (0xbfe5)
core   0: 0x80011d14 (0x00001f17) auipc   t5, 0x1
core   0: 3 0x80011d14 (0x00001f17) x30 0x80012d14
core   0: 0x80011d18 (0x2e3f2623) sw      gp, 748(t5)
core   0: 3 0x80011d18 (0x2e3f2623) mem 0x80013000 0x00000001
core   0: 0x80011d1c (0x0000bfe5) c.j     pc - 8
core   0: 3 0x80011d1c (0xbfe5)
core   0: 0x80011d14 (0x00001f17) auipc   t5, 0x1
core   0: 3 0x80011d14 (0x00001f17) x30 0x80012d14
core   0: 0x80011d18 (0x2e3f2623) sw      gp, 748(t5)
core   0: 3 0x80011d18 (0x2e3f2623) mem 0x80013000 0x00000001
core   0: 0x80011d1c (0x0000bfe5) c.j     pc - 8
core   0: 3 0x80011d1c (0xbfe5)
core   0: 0x80011d14 (0x00001f17) auipc   t5, 0x1
core   0: 3 0x80011d14 (0x00001f17) x30 0x80012d14
core   0: 0x80011d18 (0x2e3f2623) sw      gp, 748(t5)
core   0: 3 0x80011d18 (0x2e3f2623) mem 0x80013000 0x00000001
core   0: 0x80011d1c (0x0000bfe5) c.j     pc - 8
core   0: 3 0x80011d1c (0xbfe5)
core   0: 0x80011d14 (0x00001f17) auipc   t5, 0x1
core   0: 3 0x80011d14 (0x00001f17) x30 0x80012d14
core   0: 0x80011d18 (0x2e3f2623) sw      gp, 748(t5)
core   0: 3 0x80011d18 (0x2e3f2623) mem 0x80013000 0x00000001
core   0: 0x80011d1c (0x0000bfe5) c.j     pc - 8
core   0: 3 0x80011d1c (0xbfe5)
core   0: 0x80011d14 (0x00001f17) auipc   t5, 0x1
core   0: 3 0x80011d14 (0x00001f17) x30 0x80012d14
core   0: 0x80011d18 (0x2e3f2623) sw      gp, 748(t5)
core   0: 3 0x80011d18 (0x2e3f2623) mem 0x80013000 0x00000001
core   0: 0x80011d1c (0x0000bfe5) c.j     pc - 8
core   0: 3 0x80011d1c (0xbfe5)
core   0: 0x80011d14 (0x00001f17) auipc   t5, 0x1
core   0: 3 0x80011d14 (0x00001f17) x30 0x80012d14
core   0: 0x80011d18 (0x2e3f2623) sw      gp, 748(t5)
core   0: 3 0x80011d18 (0x2e3f2623) mem 0x80013000 0x00000001
core   0: 0x80011d1c (0x0000bfe5) c.j     pc - 8
core   0: 3 0x80011d1c (0xbfe5)
core   0: 0x80011d14 (0x00001f17) auipc   t5, 0x1
core   0: 3 0x80011d14 (0x00001f17) x30 0x80012d14
core   0: 0x80011d18 (0x2e3f2623) sw      gp, 748(t5)
core   0: 3 0x80011d18 (0x2e3f2623) mem 0x80013000 0x00000001
core   0: 0x80011d1c (0x0000bfe5) c.j     pc - 8
core   0: 3 0x80011d1c (0xbfe5)
core   0: 0x80011d14 (0x00001f17) auipc   t5, 0x1
core   0: 3 0x80011d14 (0x00001f17) x30 0x80012d14
core   0: 0x80011d18 (0x2e3f2623) sw      gp, 748(t5)
core   0: 3 0x80011d18 (0x2e3f2623) mem 0x80013000 0x00000001
core   0: 0x80011d1c (0x0000bfe5) c.j     pc - 8
core   0: 3 0x80011d1c (0xbfe5)
core   0: 0x80011d14 (0x00001f17) auipc   t5, 0x1
core   0: 3 0x80011d14 (0x00001f17) x30 0x80012d14
core   0: 0x80011d18 (0x2e3f2623) sw      gp, 748(t5)
core   0: 3 0x80011d18 (0x2e3f2623) mem 0x80013000 0x00000001
core   0: 0x80011d1c (0x0000bfe5) c.j     pc - 8
core   0: 3 0x80011d1c (0xbfe5)
core   0: 0x80011d14 (0x00001f17) auipc   t5, 0x1
core   0: 3 0x80011d14 (0x00001f17) x30 0x80012d14
core   0: 0x80011d18 (0x2e3f2623) sw      gp, 748(t5)
core   0: 3 0x80011d18 (0x2e3f2623) mem 0x80013000 0x00000001
core   0: 0x80011d1c (0x0000bfe5) c.j     pc - 8
core   0: 3 0x80011d1c (0xbfe5)
core   0: 0x80011d14 (0x00001f17) auipc   t5, 0x1
core   0: 3 0x80011d14 (0x00001f17) x30 0x80012d14
core   0: 0x80011d18 (0x2e3f2623) sw      gp, 748(t5)
core   0: 3 0x80011d18 (0x2e3f2623) mem 0x80013000 0x00000001
core   0: 0x80011d1c (0x0000bfe5) c.j     pc - 8
core   0: 3 0x80011d1c (0xbfe5)
core   0: 0x80011d14 (0x00001f17) auipc   t5, 0x1
core   0: 3 0x80011d14 (0x00001f17) x30 0x80012d14
core   0: 0x80011d18 (0x2e3f2623) sw      gp, 748(t5)
core   0: 3 0x80011d18 (0x2e3f2623) mem 0x80013000 0x00000001
core   0: 0x80011d1c (0x0000bfe5) c.j     pc - 8
core   0: 3 0x80011d1c (0xbfe5)
core   0: 0x80011d14 (0x00001f17) auipc   t5, 0x1
core   0: 3 0x80011d14 (0x00001f17) x30 0x80012d14
core   0: 0x80011d18 (0x2e3f2623) sw      gp, 748(t5)
core   0: 3 0x80011d18 (0x2e3f2623) mem 0x80013000 0x00000001
core   0: 0x80011d1c (0x0000bfe5) c.j     pc - 8
core   0: 3 0x80011d1c (0xbfe5)
core   0: 0x80011d14 (0x00001f17) auipc   t5, 0x1
core   0: 3 0x80011d14 (0x00001f17) x30 0x80012d14
core   0: 0x80011d18 (0x2e3f2623) sw      gp, 748(t5)
core   0: 3 0x80011d18 (0x2e3f2623) mem 0x80013000 0x00000001
core   0: 0x80011d1c (0x0000bfe5) c.j     pc - 8
core   0: 3 0x80011d1c (0xbfe5)
core   0: 0x80011d14 (0x00001f17) auipc   t5, 0x1
core   0: 3 0x80011d14 (0x00001f17) x30 0x80012d14
core   0: 0x80011d18 (0x2e3f2623) sw      gp, 748(t5)
core   0: 3 0x80011d18 (0x2e3f2623) mem 0x80013000 0x00000001
core   0: 0x80011d1c (0x0000bfe5) c.j     pc - 8
core   0: 3 0x80011d1c (0xbfe5)
core   0: 0x80011d14 (0x00001f17) auipc   t5, 0x1
core   0: 3 0x80011d14 (0x00001f17) x30 0x80012d14
core   0: 0x80011d18 (0x2e3f2623) sw      gp, 748(t5)
core   0: 3 0x80011d18 (0x2e3f2623) mem 0x80013000 0x00000001
core   0: 0x80011d1c (0x0000bfe5) c.j     pc - 8
core   0: 3 0x80011d1c (0xbfe5)
core   0: 0x80011d14 (0x00001f17) auipc   t5, 0x1
core   0: 3 0x80011d14 (0x00001f17) x30 0x80012d14
core   0: 0x80011d18 (0x2e3f2623) sw      gp, 748(t5)
core   0: 3 0x80011d18 (0x2e3f2623) mem 0x80013000 0x00000001
core   0: 0x80011d1c (0x0000bfe5) c.j     pc - 8
core   0: 3 0x80011d1c (0xbfe5)
core   0: 0x80011d14 (0x00001f17) auipc   t5, 0x1
core   0: 3 0x80011d14 (0x00001f17) x30 0x80012d14
core   0: 0x80011d18 (0x2e3f2623) sw      gp, 748(t5)
core   0: 3 0x80011d18 (0x2e3f2623) mem 0x80013000 0x00000001
core   0: 0x80011d1c (0x0000bfe5) c.j     pc - 8
core   0: 3 0x80011d1c (0xbfe5)
core   0: 0x80011d14 (0x00001f17) auipc   t5, 0x1
core   0: 3 0x80011d14 (0x00001f17) x30 0x80012d14
core   0: 0x80011d18 (0x2e3f2623) sw      gp, 748(t5)
core   0: 3 0x80011d18 (0x2e3f2623) mem 0x80013000 0x00000001
core   0: 0x80011d1c (0x0000bfe5) c.j     pc - 8
core   0: 3 0x80011d1c (0xbfe5)
core   0: 0x80011d14 (0x00001f17) auipc   t5, 0x1
core   0: 3 0x80011d14 (0x00001f17) x30 0x80012d14
core   0: 0x80011d18 (0x2e3f2623) sw      gp, 748(t5)
core   0: 3 0x80011d18 (0x2e3f2623) mem 0x80013000 0x00000001
core   0: 0x80011d1c (0x0000bfe5) c.j     pc - 8
core   0: 3 0x80011d1c (0xbfe5)
core   0: 0x80011d14 (0x00001f17) auipc   t5, 0x1
core   0: 3 0x80011d14 (0x00001f17) x30 0x80012d14
core   0: 0x80011d18 (0x2e3f2623) sw      gp, 748(t5)
core   0: 3 0x80011d18 (0x2e3f2623) mem 0x80013000 0x00000001
core   0: 0x80011d1c (0x0000bfe5) c.j     pc - 8
core   0: 3 0x80011d1c (0xbfe5)
core   0: 0x80011d14 (0x00001f17) auipc   t5, 0x1
core   0: 3 0x80011d14 (0x00001f17) x30 0x80012d14
core   0: 0x80011d18 (0x2e3f2623) sw      gp, 748(t5)
core   0: 3 0x80011d18 (0x2e3f2623) mem 0x80013000 0x00000001
core   0: 0x80011d1c (0x0000bfe5) c.j     pc - 8
core   0: 3 0x80011d1c (0xbfe5)
core   0: 0x80011d14 (0x00001f17) auipc   t5, 0x1
core   0: 3 0x80011d14 (0x00001f17) x30 0x80012d14
core   0: 0x80011d18 (0x2e3f2623) sw      gp, 748(t5)
core   0: 3 0x80011d18 (0x2e3f2623) mem 0x80013000 0x00000001
core   0: 0x80011d1c (0x0000bfe5) c.j     pc - 8
core   0: 3 0x80011d1c (0xbfe5)
core   0: 0x80011d14 (0x00001f17) auipc   t5, 0x1
core   0: 3 0x80011d14 (0x00001f17) x30 0x80012d14
core   0: 0x80011d18 (0x2e3f2623) sw      gp, 748(t5)
core   0: 3 0x80011d18 (0x2e3f2623) mem 0x80013000 0x00000001
core   0: 0x80011d1c (0x0000bfe5) c.j     pc - 8
core   0: 3 0x80011d1c (0xbfe5)
core   0: 0x80011d14 (0x00001f17) auipc   t5, 0x1
core   0: 3 0x80011d14 (0x00001f17) x30 0x80012d14
core   0: 0x80011d18 (0x2e3f2623) sw      gp, 748(t5)
core   0: 3 0x80011d18 (0x2e3f2623) mem 0x80013000 0x00000001
core   0: 0x80011d1c (0x0000bfe5) c.j     pc - 8
core   0: 3 0x80011d1c (0xbfe5)
core   0: 0x80011d14 (0x00001f17) auipc   t5, 0x1
core   0: 3 0x80011d14 (0x00001f17) x30 0x80012d14
core   0: 0x80011d18 (0x2e3f2623) sw      gp, 748(t5)
core   0: 3 0x80011d18 (0x2e3f2623) mem 0x80013000 0x00000001
core   0: 0x80011d1c (0x0000bfe5) c.j     pc - 8
core   0: 3 0x80011d1c (0xbfe5)
core   0: 0x80011d14 (0x00001f17) auipc   t5, 0x1
core   0: 3 0x80011d14 (0x00001f17) x30 0x80012d14
core   0: 0x80011d18 (0x2e3f2623) sw      gp, 748(t5)
core   0: 3 0x80011d18 (0x2e3f2623) mem 0x80013000 0x00000001
core   0: 0x80011d1c (0x0000bfe5) c.j     pc - 8
core   0: 3 0x80011d1c (0xbfe5)
core   0: 0x80011d14 (0x00001f17) auipc   t5, 0x1
core   0: 3 0x80011d14 (0x00001f17) x30 0x80012d14
core   0: 0x80011d18 (0x2e3f2623) sw      gp, 748(t5)
core   0: 3 0x80011d18 (0x2e3f2623) mem 0x80013000 0x00000001
core   0: 0x80011d1c (0x0000bfe5) c.j     pc - 8
core   0: 3 0x80011d1c (0xbfe5)
core   0: 0x80011d14 (0x00001f17) auipc   t5, 0x1
core   0: 3 0x80011d14 (0x00001f17) x30 0x80012d14
core   0: 0x80011d18 (0x2e3f2623) sw      gp, 748(t5)
core   0: 3 0x80011d18 (0x2e3f2623) mem 0x80013000 0x00000001
core   0: 0x80011d1c (0x0000bfe5) c.j     pc - 8
core   0: 3 0x80011d1c (0xbfe5)
core   0: 0x80011d14 (0x00001f17) auipc   t5, 0x1
core   0: 3 0x80011d14 (0x00001f17) x30 0x80012d14
core   0: 0x80011d18 (0x2e3f2623) sw      gp, 748(t5)
core   0: 3 0x80011d18 (0x2e3f2623) mem 0x80013000 0x00000001
core   0: 0x80011d1c (0x0000bfe5) c.j     pc - 8
core   0: 3 0x80011d1c (0xbfe5)
core   0: 0x80011d14 (0x00001f17) auipc   t5, 0x1
core   0: 3 0x80011d14 (0x00001f17) x30 0x80012d14
core   0: 0x80011d18 (0x2e3f2623) sw      gp, 748(t5)
core   0: 3 0x80011d18 (0x2e3f2623) mem 0x80013000 0x00000001
core   0: 0x80011d1c (0x0000bfe5) c.j     pc - 8
core   0: 3 0x80011d1c (0xbfe5)
core   0: 0x80011d14 (0x00001f17) auipc   t5, 0x1
core   0: 3 0x80011d14 (0x00001f17) x30 0x80012d14
core   0: 0x80011d18 (0x2e3f2623) sw      gp, 748(t5)
core   0: 3 0x80011d18 (0x2e3f2623) mem 0x80013000 0x00000001
core   0: 0x80011d1c (0x0000bfe5) c.j     pc - 8
core   0: 3 0x80011d1c (0xbfe5)
core   0: 0x80011d14 (0x00001f17) auipc   t5, 0x1
core   0: 3 0x80011d14 (0x00001f17) x30 0x80012d14
core   0: 0x80011d18 (0x2e3f2623) sw      gp, 748(t5)
core   0: 3 0x80011d18 (0x2e3f2623) mem 0x80013000 0x00000001
core   0: 0x80011d1c (0x0000bfe5) c.j     pc - 8
core   0: 3 0x80011d1c (0xbfe5)
core   0: 0x80011d14 (0x00001f17) auipc   t5, 0x1
core   0: 3 0x80011d14 (0x00001f17) x30 0x80012d14
core   0: 0x80011d18 (0x2e3f2623) sw      gp, 748(t5)
core   0: 3 0x80011d18 (0x2e3f2623) mem 0x80013000 0x00000001
core   0: 0x80011d1c (0x0000bfe5) c.j     pc - 8
core   0: 3 0x80011d1c (0xbfe5)
core   0: 0x80011d14 (0x00001f17) auipc   t5, 0x1
core   0: 3 0x80011d14 (0x00001f17) x30 0x80012d14
core   0: 0x80011d18 (0x2e3f2623) sw      gp, 748(t5)
core   0: 3 0x80011d18 (0x2e3f2623) mem 0x80013000 0x00000001
core   0: 0x80011d1c (0x0000bfe5) c.j     pc - 8
core   0: 3 0x80011d1c (0xbfe5)
core   0: 0x80011d14 (0x00001f17) auipc   t5, 0x1
core   0: 3 0x80011d14 (0x00001f17) x30 0x80012d14
core   0: 0x80011d18 (0x2e3f2623) sw      gp, 748(t5)
core   0: 3 0x80011d18 (0x2e3f2623) mem 0x80013000 0x00000001
core   0: 0x80011d1c (0x0000bfe5) c.j     pc - 8
core   0: 3 0x80011d1c (0xbfe5)
core   0: 0x80011d14 (0x00001f17) auipc   t5, 0x1
core   0: 3 0x80011d14 (0x00001f17) x30 0x80012d14
core   0: 0x80011d18 (0x2e3f2623) sw      gp, 748(t5)
core   0: 3 0x80011d18 (0x2e3f2623) mem 0x80013000 0x00000001
core   0: 0x80011d1c (0x0000bfe5) c.j     pc - 8
core   0: 3 0x80011d1c (0xbfe5)
core   0: 0x80011d14 (0x00001f17) auipc   t5, 0x1
core   0: 3 0x80011d14 (0x00001f17) x30 0x80012d14
core   0: 0x80011d18 (0x2e3f2623) sw      gp, 748(t5)
core   0: 3 0x80011d18 (0x2e3f2623) mem 0x80013000 0x00000001
core   0: 0x80011d1c (0x0000bfe5) c.j     pc - 8
core   0: 3 0x80011d1c (0xbfe5)
core   0: 0x80011d14 (0x00001f17) auipc   t5, 0x1
core   0: 3 0x80011d14 (0x00001f17) x30 0x80012d14
core   0: 0x80011d18 (0x2e3f2623) sw      gp, 748(t5)
core   0: 3 0x80011d18 (0x2e3f2623) mem 0x80013000 0x00000001
core   0: 0x80011d1c (0x0000bfe5) c.j     pc - 8
core   0: 3 0x80011d1c (0xbfe5)
core   0: 0x80011d14 (0x00001f17) auipc   t5, 0x1
core   0: 3 0x80011d14 (0x00001f17) x30 0x80012d14
core   0: 0x80011d18 (0x2e3f2623) sw      gp, 748(t5)
core   0: 3 0x80011d18 (0x2e3f2623) mem 0x80013000 0x00000001
core   0: 0x80011d1c (0x0000bfe5) c.j     pc - 8
core   0: 3 0x80011d1c (0xbfe5)
core   0: 0x80011d14 (0x00001f17) auipc   t5, 0x1
core   0: 3 0x80011d14 (0x00001f17) x30 0x80012d14
core   0: 0x80011d18 (0x2e3f2623) sw      gp, 748(t5)
core   0: 3 0x80011d18 (0x2e3f2623) mem 0x80013000 0x00000001
core   0: 0x80011d1c (0x0000bfe5) c.j     pc - 8
core   0: 3 0x80011d1c (0xbfe5)
core   0: 0x80011d14 (0x00001f17) auipc   t5, 0x1
core   0: 3 0x80011d14 (0x00001f17) x30 0x80012d14
core   0: 0x80011d18 (0x2e3f2623) sw      gp, 748(t5)
core   0: 3 0x80011d18 (0x2e3f2623) mem 0x80013000 0x00000001
core   0: 0x80011d1c (0x0000bfe5) c.j     pc - 8
core   0: 3 0x80011d1c (0xbfe5)
core   0: 0x80011d14 (0x00001f17) auipc   t5, 0x1
core   0: 3 0x80011d14 (0x00001f17) x30 0x80012d14
core   0: 0x80011d18 (0x2e3f2623) sw      gp, 748(t5)
core   0: 3 0x80011d18 (0x2e3f2623) mem 0x80013000 0x00000001
core   0: 0x80011d1c (0x0000bfe5) c.j     pc - 8
core   0: 3 0x80011d1c (0xbfe5)
core   0: 0x80011d14 (0x00001f17) auipc   t5, 0x1
core   0: 3 0x80011d14 (0x00001f17) x30 0x80012d14
core   0: 0x80011d18 (0x2e3f2623) sw      gp, 748(t5)
core   0: 3 0x80011d18 (0x2e3f2623) mem 0x80013000 0x00000001
core   0: 0x80011d1c (0x0000bfe5) c.j     pc - 8
core   0: 3 0x80011d1c (0xbfe5)
core   0: 0x80011d14 (0x00001f17) auipc   t5, 0x1
core   0: 3 0x80011d14 (0x00001f17) x30 0x80012d14
core   0: 0x80011d18 (0x2e3f2623) sw      gp, 748(t5)
core   0: 3 0x80011d18 (0x2e3f2623) mem 0x80013000 0x00000001
core   0: 0x80011d1c (0x0000bfe5) c.j     pc - 8
core   0: 3 0x80011d1c (0xbfe5)
core   0: 0x80011d14 (0x00001f17) auipc   t5, 0x1
core   0: 3 0x80011d14 (0x00001f17) x30 0x80012d14
core   0: 0x80011d18 (0x2e3f2623) sw      gp, 748(t5)
core   0: 3 0x80011d18 (0x2e3f2623) mem 0x80013000 0x00000001
core   0: 0x80011d1c (0x0000bfe5) c.j     pc - 8
core   0: 3 0x80011d1c (0xbfe5)
core   0: 0x80011d14 (0x00001f17) auipc   t5, 0x1
core   0: 3 0x80011d14 (0x00001f17) x30 0x80012d14
core   0: 0x80011d18 (0x2e3f2623) sw      gp, 748(t5)
core   0: 3 0x80011d18 (0x2e3f2623) mem 0x80013000 0x00000001
core   0: 0x80011d1c (0x0000bfe5) c.j     pc - 8
core   0: 3 0x80011d1c (0xbfe5)
core   0: 0x80011d14 (0x00001f17) auipc   t5, 0x1
core   0: 3 0x80011d14 (0x00001f17) x30 0x80012d14
core   0: 0x80011d18 (0x2e3f2623) sw      gp, 748(t5)
core   0: 3 0x80011d18 (0x2e3f2623) mem 0x80013000 0x00000001
core   0: 0x80011d1c (0x0000bfe5) c.j     pc - 8
core   0: 3 0x80011d1c (0xbfe5)
core   0: 0x80011d14 (0x00001f17) auipc   t5, 0x1
core   0: 3 0x80011d14 (0x00001f17) x30 0x80012d14
core   0: 0x80011d18 (0x2e3f2623) sw      gp, 748(t5)
core   0: 3 0x80011d18 (0x2e3f2623) mem 0x80013000 0x00000001
core   0: 0x80011d1c (0x0000bfe5) c.j     pc - 8
core   0: 3 0x80011d1c (0xbfe5)
core   0: 0x80011d14 (0x00001f17) auipc   t5, 0x1
core   0: 3 0x80011d14 (0x00001f17) x30 0x80012d14
core   0: 0x80011d18 (0x2e3f2623) sw      gp, 748(t5)
core   0: 3 0x80011d18 (0x2e3f2623) mem 0x80013000 0x00000001
core   0: 0x80011d1c (0x0000bfe5) c.j     pc - 8
core   0: 3 0x80011d1c (0xbfe5)
core   0: 0x80011d14 (0x00001f17) auipc   t5, 0x1
core   0: 3 0x80011d14 (0x00001f17) x30 0x80012d14
core   0: 0x80011d18 (0x2e3f2623) sw      gp, 748(t5)
core   0: 3 0x80011d18 (0x2e3f2623) mem 0x80013000 0x00000001
core   0: 0x80011d1c (0x0000bfe5) c.j     pc - 8
core   0: 3 0x80011d1c (0xbfe5)
core   0: 0x80011d14 (0x00001f17) auipc   t5, 0x1
core   0: 3 0x80011d14 (0x00001f17) x30 0x80012d14
core   0: 0x80011d18 (0x2e3f2623) sw      gp, 748(t5)
core   0: 3 0x80011d18 (0x2e3f2623) mem 0x80013000 0x00000001
core   0: 0x80011d1c (0x0000bfe5) c.j     pc - 8
core   0: 3 0x80011d1c (0xbfe5)
core   0: 0x80011d14 (0x00001f17) auipc   t5, 0x1
core   0: 3 0x80011d14 (0x00001f17) x30 0x80012d14
core   0: 0x80011d18 (0x2e3f2623) sw      gp, 748(t5)
core   0: 3 0x80011d18 (0x2e3f2623) mem 0x80013000 0x00000001
core   0: 0x80011d1c (0x0000bfe5) c.j     pc - 8
core   0: 3 0x80011d1c (0xbfe5)
core   0: 0x80011d14 (0x00001f17) auipc   t5, 0x1
core   0: 3 0x80011d14 (0x00001f17) x30 0x80012d14
core   0: 0x80011d18 (0x2e3f2623) sw      gp, 748(t5)
core   0: 3 0x80011d18 (0x2e3f2623) mem 0x80013000 0x00000001
core   0: 0x80011d1c (0x0000bfe5) c.j     pc - 8
core   0: 3 0x80011d1c (0xbfe5)
core   0: 0x80011d14 (0x00001f17) auipc   t5, 0x1
core   0: 3 0x80011d14 (0x00001f17) x30 0x80012d14
core   0: 0x80011d18 (0x2e3f2623) sw      gp, 748(t5)
core   0: 3 0x80011d18 (0x2e3f2623) mem 0x80013000 0x00000001
core   0: 0x80011d1c (0x0000bfe5) c.j     pc - 8
core   0: 3 0x80011d1c (0xbfe5)
core   0: 0x80011d14 (0x00001f17) auipc   t5, 0x1
core   0: 3 0x80011d14 (0x00001f17) x30 0x80012d14
core   0: 0x80011d18 (0x2e3f2623) sw      gp, 748(t5)
core   0: 3 0x80011d18 (0x2e3f2623) mem 0x80013000 0x00000001
core   0: 0x80011d1c (0x0000bfe5) c.j     pc - 8
core   0: 3 0x80011d1c (0xbfe5)
core   0: 0x80011d14 (0x00001f17) auipc   t5, 0x1
core   0: 3 0x80011d14 (0x00001f17) x30 0x80012d14
core   0: 0x80011d18 (0x2e3f2623) sw      gp, 748(t5)
core   0: 3 0x80011d18 (0x2e3f2623) mem 0x80013000 0x00000001
core   0: 0x80011d1c (0x0000bfe5) c.j     pc - 8
core   0: 3 0x80011d1c (0xbfe5)
core   0: 0x80011d14 (0x00001f17) auipc   t5, 0x1
core   0: 3 0x80011d14 (0x00001f17) x30 0x80012d14
core   0: 0x80011d18 (0x2e3f2623) sw      gp, 748(t5)
core   0: 3 0x80011d18 (0x2e3f2623) mem 0x80013000 0x00000001
core   0: 0x80011d1c (0x0000bfe5) c.j     pc - 8
core   0: 3 0x80011d1c (0xbfe5)
core   0: 0x80011d14 (0x00001f17) auipc   t5, 0x1
core   0: 3 0x80011d14 (0x00001f17) x30 0x80012d14
core   0: 0x80011d18 (0x2e3f2623) sw      gp, 748(t5)
core   0: 3 0x80011d18 (0x2e3f2623) mem 0x80013000 0x00000001
core   0: 0x80011d1c (0x0000bfe5) c.j     pc - 8
core   0: 3 0x80011d1c (0xbfe5)
core   0: 0x80011d14 (0x00001f17) auipc   t5, 0x1
core   0: 3 0x80011d14 (0x00001f17) x30 0x80012d14
core   0: 0x80011d18 (0x2e3f2623) sw      gp, 748(t5)
core   0: 3 0x80011d18 (0x2e3f2623) mem 0x80013000 0x00000001
core   0: 0x80011d1c (0x0000bfe5) c.j     pc - 8
core   0: 3 0x80011d1c (0xbfe5)
core   0: 0x80011d14 (0x00001f17) auipc   t5, 0x1
core   0: 3 0x80011d14 (0x00001f17) x30 0x80012d14
core   0: 0x80011d18 (0x2e3f2623) sw      gp, 748(t5)
core   0: 3 0x80011d18 (0x2e3f2623) mem 0x80013000 0x00000001
core   0: 0x80011d1c (0x0000bfe5) c.j     pc - 8
core   0: 3 0x80011d1c (0xbfe5)
core   0: 0x80011d14 (0x00001f17) auipc   t5, 0x1
core   0: 3 0x80011d14 (0x00001f17) x30 0x80012d14
core   0: 0x80011d18 (0x2e3f2623) sw      gp, 748(t5)
core   0: 3 0x80011d18 (0x2e3f2623) mem 0x80013000 0x00000001
core   0: 0x80011d1c (0x0000bfe5) c.j     pc - 8
core   0: 3 0x80011d1c (0xbfe5)
core   0: 0x80011d14 (0x00001f17) auipc   t5, 0x1
core   0: 3 0x80011d14 (0x00001f17) x30 0x80012d14
core   0: 0x80011d18 (0x2e3f2623) sw      gp, 748(t5)
core   0: 3 0x80011d18 (0x2e3f2623) mem 0x80013000 0x00000001
core   0: 0x80011d1c (0x0000bfe5) c.j     pc - 8
core   0: 3 0x80011d1c (0xbfe5)
core   0: 0x80011d14 (0x00001f17) auipc   t5, 0x1
core   0: 3 0x80011d14 (0x00001f17) x30 0x80012d14
core   0: 0x80011d18 (0x2e3f2623) sw      gp, 748(t5)
core   0: 3 0x80011d18 (0x2e3f2623) mem 0x80013000 0x00000001
core   0: 0x80011d1c (0x0000bfe5) c.j     pc - 8
core   0: 3 0x80011d1c (0xbfe5)
core   0: 0x80011d14 (0x00001f17) auipc   t5, 0x1
core   0: 3 0x80011d14 (0x00001f17) x30 0x80012d14
core   0: 0x80011d18 (0x2e3f2623) sw      gp, 748(t5)
core   0: 3 0x80011d18 (0x2e3f2623) mem 0x80013000 0x00000001
core   0: 0x80011d1c (0x0000bfe5) c.j     pc - 8
core   0: 3 0x80011d1c (0xbfe5)
core   0: 0x80011d14 (0x00001f17) auipc   t5, 0x1
core   0: 3 0x80011d14 (0x00001f17) x30 0x80012d14
core   0: 0x80011d18 (0x2e3f2623) sw      gp, 748(t5)
core   0: 3 0x80011d18 (0x2e3f2623) mem 0x80013000 0x00000001
core   0: 0x80011d1c (0x0000bfe5) c.j     pc - 8
core   0: 3 0x80011d1c (0xbfe5)
core   0: 0x80011d14 (0x00001f17) auipc   t5, 0x1
core   0: 3 0x80011d14 (0x00001f17) x30 0x80012d14
core   0: 0x80011d18 (0x2e3f2623) sw      gp, 748(t5)
core   0: 3 0x80011d18 (0x2e3f2623) mem 0x80013000 0x00000001
core   0: 0x80011d1c (0x0000bfe5) c.j     pc - 8
core   0: 3 0x80011d1c (0xbfe5)
core   0: 0x80011d14 (0x00001f17) auipc   t5, 0x1
core   0: 3 0x80011d14 (0x00001f17) x30 0x80012d14
core   0: 0x80011d18 (0x2e3f2623) sw      gp, 748(t5)
core   0: 3 0x80011d18 (0x2e3f2623) mem 0x80013000 0x00000001
core   0: 0x80011d1c (0x0000bfe5) c.j     pc - 8
core   0: 3 0x80011d1c (0xbfe5)
core   0: 0x80011d14 (0x00001f17) auipc   t5, 0x1
core   0: 3 0x80011d14 (0x00001f17) x30 0x80012d14
core   0: 0x80011d18 (0x2e3f2623) sw      gp, 748(t5)
core   0: 3 0x80011d18 (0x2e3f2623) mem 0x80013000 0x00000001
core   0: 0x80011d1c (0x0000bfe5) c.j     pc - 8
core   0: 3 0x80011d1c (0xbfe5)
core   0: 0x80011d14 (0x00001f17) auipc   t5, 0x1
core   0: 3 0x80011d14 (0x00001f17) x30 0x80012d14
core   0: 0x80011d18 (0x2e3f2623) sw      gp, 748(t5)
core   0: 3 0x80011d18 (0x2e3f2623) mem 0x80013000 0x00000001
core   0: 0x80011d1c (0x0000bfe5) c.j     pc - 8
core   0: 3 0x80011d1c (0xbfe5)
core   0: 0x80011d14 (0x00001f17) auipc   t5, 0x1
core   0: 3 0x80011d14 (0x00001f17) x30 0x80012d14
core   0: 0x80011d18 (0x2e3f2623) sw      gp, 748(t5)
core   0: 3 0x80011d18 (0x2e3f2623) mem 0x80013000 0x00000001
core   0: 0x80011d1c (0x0000bfe5) c.j     pc - 8
core   0: 3 0x80011d1c (0xbfe5)
core   0: 0x80011d14 (0x00001f17) auipc   t5, 0x1
core   0: 3 0x80011d14 (0x00001f17) x30 0x80012d14
core   0: 0x80011d18 (0x2e3f2623) sw      gp, 748(t5)
core   0: 3 0x80011d18 (0x2e3f2623) mem 0x80013000 0x00000001
core   0: 0x80011d1c (0x0000bfe5) c.j     pc - 8
core   0: 3 0x80011d1c (0xbfe5)
core   0: 0x80011d14 (0x00001f17) auipc   t5, 0x1
core   0: 3 0x80011d14 (0x00001f17) x30 0x80012d14
core   0: 0x80011d18 (0x2e3f2623) sw      gp, 748(t5)
core   0: 3 0x80011d18 (0x2e3f2623) mem 0x80013000 0x00000001
core   0: 0x80011d1c (0x0000bfe5) c.j     pc - 8
core   0: 3 0x80011d1c (0xbfe5)
core   0: 0x80011d14 (0x00001f17) auipc   t5, 0x1
core   0: 3 0x80011d14 (0x00001f17) x30 0x80012d14
core   0: 0x80011d18 (0x2e3f2623) sw      gp, 748(t5)
core   0: 3 0x80011d18 (0x2e3f2623) mem 0x80013000 0x00000001
core   0: 0x80011d1c (0x0000bfe5) c.j     pc - 8
core   0: 3 0x80011d1c (0xbfe5)
core   0: 0x80011d14 (0x00001f17) auipc   t5, 0x1
core   0: 3 0x80011d14 (0x00001f17) x30 0x80012d14
core   0: 0x80011d18 (0x2e3f2623) sw      gp, 748(t5)
core   0: 3 0x80011d18 (0x2e3f2623) mem 0x80013000 0x00000001
core   0: 0x80011d1c (0x0000bfe5) c.j     pc - 8
core   0: 3 0x80011d1c (0xbfe5)
core   0: 0x80011d14 (0x00001f17) auipc   t5, 0x1
core   0: 3 0x80011d14 (0x00001f17) x30 0x80012d14
core   0: 0x80011d18 (0x2e3f2623) sw      gp, 748(t5)
core   0: 3 0x80011d18 (0x2e3f2623) mem 0x80013000 0x00000001
core   0: 0x80011d1c (0x0000bfe5) c.j     pc - 8
core   0: 3 0x80011d1c (0xbfe5)
core   0: 0x80011d14 (0x00001f17) auipc   t5, 0x1
core   0: 3 0x80011d14 (0x00001f17) x30 0x80012d14
core   0: 0x80011d18 (0x2e3f2623) sw      gp, 748(t5)
core   0: 3 0x80011d18 (0x2e3f2623) mem 0x80013000 0x00000001
core   0: 0x80011d1c (0x0000bfe5) c.j     pc - 8
core   0: 3 0x80011d1c (0xbfe5)
core   0: 0x80011d14 (0x00001f17) auipc   t5, 0x1
core   0: 3 0x80011d14 (0x00001f17) x30 0x80012d14
core   0: 0x80011d18 (0x2e3f2623) sw      gp, 748(t5)
core   0: 3 0x80011d18 (0x2e3f2623) mem 0x80013000 0x00000001
core   0: 0x80011d1c (0x0000bfe5) c.j     pc - 8
core   0: 3 0x80011d1c (0xbfe5)
core   0: 0x80011d14 (0x00001f17) auipc   t5, 0x1
core   0: 3 0x80011d14 (0x00001f17) x30 0x80012d14
core   0: 0x80011d18 (0x2e3f2623) sw      gp, 748(t5)
core   0: 3 0x80011d18 (0x2e3f2623) mem 0x80013000 0x00000001
core   0: 0x80011d1c (0x0000bfe5) c.j     pc - 8
core   0: 3 0x80011d1c (0xbfe5)
core   0: 0x80011d14 (0x00001f17) auipc   t5, 0x1
core   0: 3 0x80011d14 (0x00001f17) x30 0x80012d14
core   0: 0x80011d18 (0x2e3f2623) sw      gp, 748(t5)
core   0: 3 0x80011d18 (0x2e3f2623) mem 0x80013000 0x00000001
core   0: 0x80011d1c (0x0000bfe5) c.j     pc - 8
core   0: 3 0x80011d1c (0xbfe5)
core   0: 0x80011d14 (0x00001f17) auipc   t5, 0x1
core   0: 3 0x80011d14 (0x00001f17) x30 0x80012d14
core   0: 0x80011d18 (0x2e3f2623) sw      gp, 748(t5)
core   0: 3 0x80011d18 (0x2e3f2623) mem 0x80013000 0x00000001
core   0: 0x80011d1c (0x0000bfe5) c.j     pc - 8
core   0: 3 0x80011d1c (0xbfe5)
core   0: 0x80011d14 (0x00001f17) auipc   t5, 0x1
core   0: 3 0x80011d14 (0x00001f17) x30 0x80012d14
core   0: 0x80011d18 (0x2e3f2623) sw      gp, 748(t5)
core   0: 3 0x80011d18 (0x2e3f2623) mem 0x80013000 0x00000001
core   0: 0x80011d1c (0x0000bfe5) c.j     pc - 8
core   0: 3 0x80011d1c (0xbfe5)
core   0: 0x80011d14 (0x00001f17) auipc   t5, 0x1
core   0: 3 0x80011d14 (0x00001f17) x30 0x80012d14
core   0: 0x80011d18 (0x2e3f2623) sw      gp, 748(t5)
core   0: 3 0x80011d18 (0x2e3f2623) mem 0x80013000 0x00000001
core   0: 0x80011d1c (0x0000bfe5) c.j     pc - 8
core   0: 3 0x80011d1c (0xbfe5)
core   0: 0x80011d14 (0x00001f17) auipc   t5, 0x1
core   0: 3 0x80011d14 (0x00001f17) x30 0x80012d14
core   0: 0x80011d18 (0x2e3f2623) sw      gp, 748(t5)
core   0: 3 0x80011d18 (0x2e3f2623) mem 0x80013000 0x00000001
core   0: 0x80011d1c (0x0000bfe5) c.j     pc - 8
core   0: 3 0x80011d1c (0xbfe5)
core   0: 0x80011d14 (0x00001f17) auipc   t5, 0x1
core   0: 3 0x80011d14 (0x00001f17) x30 0x80012d14
core   0: 0x80011d18 (0x2e3f2623) sw      gp, 748(t5)
core   0: 3 0x80011d18 (0x2e3f2623) mem 0x80013000 0x00000001
core   0: 0x80011d1c (0x0000bfe5) c.j     pc - 8
core   0: 3 0x80011d1c (0xbfe5)
core   0: 0x80011d14 (0x00001f17) auipc   t5, 0x1
core   0: 3 0x80011d14 (0x00001f17) x30 0x80012d14
core   0: 0x80011d18 (0x2e3f2623) sw      gp, 748(t5)
core   0: 3 0x80011d18 (0x2e3f2623) mem 0x80013000 0x00000001
core   0: 0x80011d1c (0x0000bfe5) c.j     pc - 8
core   0: 3 0x80011d1c (0xbfe5)
core   0: 0x80011d14 (0x00001f17) auipc   t5, 0x1
core   0: 3 0x80011d14 (0x00001f17) x30 0x80012d14
core   0: 0x80011d18 (0x2e3f2623) sw      gp, 748(t5)
core   0: 3 0x80011d18 (0x2e3f2623) mem 0x80013000 0x00000001
core   0: 0x80011d1c (0x0000bfe5) c.j     pc - 8
core   0: 3 0x80011d1c (0xbfe5)
core   0: 0x80011d14 (0x00001f17) auipc   t5, 0x1
core   0: 3 0x80011d14 (0x00001f17) x30 0x80012d14
core   0: 0x80011d18 (0x2e3f2623) sw      gp, 748(t5)
core   0: 3 0x80011d18 (0x2e3f2623) mem 0x80013000 0x00000001
core   0: 0x80011d1c (0x0000bfe5) c.j     pc - 8
core   0: 3 0x80011d1c (0xbfe5)
core   0: 0x80011d14 (0x00001f17) auipc   t5, 0x1
core   0: 3 0x80011d14 (0x00001f17) x30 0x80012d14
core   0: 0x80011d18 (0x2e3f2623) sw      gp, 748(t5)
core   0: 3 0x80011d18 (0x2e3f2623) mem 0x80013000 0x00000001
core   0: 0x80011d1c (0x0000bfe5) c.j     pc - 8
core   0: 3 0x80011d1c (0xbfe5)
core   0: 0x80011d14 (0x00001f17) auipc   t5, 0x1
core   0: 3 0x80011d14 (0x00001f17) x30 0x80012d14
core   0: 0x80011d18 (0x2e3f2623) sw      gp, 748(t5)
core   0: 3 0x80011d18 (0x2e3f2623) mem 0x80013000 0x00000001
core   0: 0x80011d1c (0x0000bfe5) c.j     pc - 8
core   0: 3 0x80011d1c (0xbfe5)
core   0: 0x80011d14 (0x00001f17) auipc   t5, 0x1
core   0: 3 0x80011d14 (0x00001f17) x30 0x80012d14
core   0: 0x80011d18 (0x2e3f2623) sw      gp, 748(t5)
core   0: 3 0x80011d18 (0x2e3f2623) mem 0x80013000 0x00000001
core   0: 0x80011d1c (0x0000bfe5) c.j     pc - 8
core   0: 3 0x80011d1c (0xbfe5)
core   0: 0x80011d14 (0x00001f17) auipc   t5, 0x1
core   0: 3 0x80011d14 (0x00001f17) x30 0x80012d14
core   0: 0x80011d18 (0x2e3f2623) sw      gp, 748(t5)
core   0: 3 0x80011d18 (0x2e3f2623) mem 0x80013000 0x00000001
core   0: 0x80011d1c (0x0000bfe5) c.j     pc - 8
core   0: 3 0x80011d1c (0xbfe5)
core   0: 0x80011d14 (0x00001f17) auipc   t5, 0x1
core   0: 3 0x80011d14 (0x00001f17) x30 0x80012d14
core   0: 0x80011d18 (0x2e3f2623) sw      gp, 748(t5)
core   0: 3 0x80011d18 (0x2e3f2623) mem 0x80013000 0x00000001
core   0: 0x80011d1c (0x0000bfe5) c.j     pc - 8
core   0: 3 0x80011d1c (0xbfe5)
core   0: 0x80011d14 (0x00001f17) auipc   t5, 0x1
core   0: 3 0x80011d14 (0x00001f17) x30 0x80012d14
core   0: 0x80011d18 (0x2e3f2623) sw      gp, 748(t5)
core   0: 3 0x80011d18 (0x2e3f2623) mem 0x80013000 0x00000001
core   0: 0x80011d1c (0x0000bfe5) c.j     pc - 8
core   0: 3 0x80011d1c (0xbfe5)
core   0: 0x80011d14 (0x00001f17) auipc   t5, 0x1
core   0: 3 0x80011d14 (0x00001f17) x30 0x80012d14
core   0: 0x80011d18 (0x2e3f2623) sw      gp, 748(t5)
core   0: 3 0x80011d18 (0x2e3f2623) mem 0x80013000 0x00000001
core   0: 0x80011d1c (0x0000bfe5) c.j     pc - 8
core   0: 3 0x80011d1c (0xbfe5)
core   0: 0x80011d14 (0x00001f17) auipc   t5, 0x1
core   0: 3 0x80011d14 (0x00001f17) x30 0x80012d14
core   0: 0x80011d18 (0x2e3f2623) sw      gp, 748(t5)
core   0: 3 0x80011d18 (0x2e3f2623) mem 0x80013000 0x00000001
core   0: 0x80011d1c (0x0000bfe5) c.j     pc - 8
core   0: 3 0x80011d1c (0xbfe5)
core   0: 0x80011d14 (0x00001f17) auipc   t5, 0x1
core   0: 3 0x80011d14 (0x00001f17) x30 0x80012d14
core   0: 0x80011d18 (0x2e3f2623) sw      gp, 748(t5)
core   0: 3 0x80011d18 (0x2e3f2623) mem 0x80013000 0x00000001
core   0: 0x80011d1c (0x0000bfe5) c.j     pc - 8
core   0: 3 0x80011d1c (0xbfe5)
core   0: 0x80011d14 (0x00001f17) auipc   t5, 0x1
core   0: 3 0x80011d14 (0x00001f17) x30 0x80012d14
core   0: 0x80011d18 (0x2e3f2623) sw      gp, 748(t5)
core   0: 3 0x80011d18 (0x2e3f2623) mem 0x80013000 0x00000001
core   0: 0x80011d1c (0x0000bfe5) c.j     pc - 8
core   0: 3 0x80011d1c (0xbfe5)
core   0: 0x80011d14 (0x00001f17) auipc   t5, 0x1
core   0: 3 0x80011d14 (0x00001f17) x30 0x80012d14
core   0: 0x80011d18 (0x2e3f2623) sw      gp, 748(t5)
core   0: 3 0x80011d18 (0x2e3f2623) mem 0x80013000 0x00000001
core   0: 0x80011d1c (0x0000bfe5) c.j     pc - 8
core   0: 3 0x80011d1c (0xbfe5)
core   0: 0x80011d14 (0x00001f17) auipc   t5, 0x1
core   0: 3 0x80011d14 (0x00001f17) x30 0x80012d14
core   0: 0x80011d18 (0x2e3f2623) sw      gp, 748(t5)
core   0: 3 0x80011d18 (0x2e3f2623) mem 0x80013000 0x00000001
core   0: 0x80011d1c (0x0000bfe5) c.j     pc - 8
core   0: 3 0x80011d1c (0xbfe5)
core   0: 0x80011d14 (0x00001f17) auipc   t5, 0x1
core   0: 3 0x80011d14 (0x00001f17) x30 0x80012d14
core   0: 0x80011d18 (0x2e3f2623) sw      gp, 748(t5)
core   0: 3 0x80011d18 (0x2e3f2623) mem 0x80013000 0x00000001
core   0: 0x80011d1c (0x0000bfe5) c.j     pc - 8
core   0: 3 0x80011d1c (0xbfe5)
core   0: 0x80011d14 (0x00001f17) auipc   t5, 0x1
core   0: 3 0x80011d14 (0x00001f17) x30 0x80012d14
core   0: 0x80011d18 (0x2e3f2623) sw      gp, 748(t5)
core   0: 3 0x80011d18 (0x2e3f2623) mem 0x80013000 0x00000001
core   0: 0x80011d1c (0x0000bfe5) c.j     pc - 8
core   0: 3 0x80011d1c (0xbfe5)
core   0: 0x80011d14 (0x00001f17) auipc   t5, 0x1
core   0: 3 0x80011d14 (0x00001f17) x30 0x80012d14
core   0: 0x80011d18 (0x2e3f2623) sw      gp, 748(t5)
core   0: 3 0x80011d18 (0x2e3f2623) mem 0x80013000 0x00000001
core   0: 0x80011d1c (0x0000bfe5) c.j     pc - 8
core   0: 3 0x80011d1c (0xbfe5)
core   0: 0x80011d14 (0x00001f17) auipc   t5, 0x1
core   0: 3 0x80011d14 (0x00001f17) x30 0x80012d14
core   0: 0x80011d18 (0x2e3f2623) sw      gp, 748(t5)
core   0: 3 0x80011d18 (0x2e3f2623) mem 0x80013000 0x00000001
core   0: 0x80011d1c (0x0000bfe5) c.j     pc - 8
core   0: 3 0x80011d1c (0xbfe5)
core   0: 0x80011d14 (0x00001f17) auipc   t5, 0x1
core   0: 3 0x80011d14 (0x00001f17) x30 0x80012d14
core   0: 0x80011d18 (0x2e3f2623) sw      gp, 748(t5)
core   0: 3 0x80011d18 (0x2e3f2623) mem 0x80013000 0x00000001
core   0: 0x80011d1c (0x0000bfe5) c.j     pc - 8
core   0: 3 0x80011d1c (0xbfe5)
core   0: 0x80011d14 (0x00001f17) auipc   t5, 0x1
core   0: 3 0x80011d14 (0x00001f17) x30 0x80012d14
core   0: 0x80011d18 (0x2e3f2623) sw      gp, 748(t5)
core   0: 3 0x80011d18 (0x2e3f2623) mem 0x80013000 0x00000001
core   0: 0x80011d1c (0x0000bfe5) c.j     pc - 8
core   0: 3 0x80011d1c (0xbfe5)
core   0: 0x80011d14 (0x00001f17) auipc   t5, 0x1
core   0: 3 0x80011d14 (0x00001f17) x30 0x80012d14
core   0: 0x80011d18 (0x2e3f2623) sw      gp, 748(t5)
core   0: 3 0x80011d18 (0x2e3f2623) mem 0x80013000 0x00000001
core   0: 0x80011d1c (0x0000bfe5) c.j     pc - 8
core   0: 3 0x80011d1c (0xbfe5)
core   0: 0x80011d14 (0x00001f17) auipc   t5, 0x1
core   0: 3 0x80011d14 (0x00001f17) x30 0x80012d14
core   0: 0x80011d18 (0x2e3f2623) sw      gp, 748(t5)
core   0: 3 0x80011d18 (0x2e3f2623) mem 0x80013000 0x00000001
core   0: 0x80011d1c (0x0000bfe5) c.j     pc - 8
core   0: 3 0x80011d1c (0xbfe5)
core   0: 0x80011d14 (0x00001f17) auipc   t5, 0x1
core   0: 3 0x80011d14 (0x00001f17) x30 0x80012d14
core   0: 0x80011d18 (0x2e3f2623) sw      gp, 748(t5)
core   0: 3 0x80011d18 (0x2e3f2623) mem 0x80013000 0x00000001
core   0: 0x80011d1c (0x0000bfe5) c.j     pc - 8
core   0: 3 0x80011d1c (0xbfe5)
core   0: 0x80011d14 (0x00001f17) auipc   t5, 0x1
core   0: 3 0x80011d14 (0x00001f17) x30 0x80012d14
core   0: 0x80011d18 (0x2e3f2623) sw      gp, 748(t5)
core   0: 3 0x80011d18 (0x2e3f2623) mem 0x80013000 0x00000001
core   0: 0x80011d1c (0x0000bfe5) c.j     pc - 8
core   0: 3 0x80011d1c (0xbfe5)
core   0: 0x80011d14 (0x00001f17) auipc   t5, 0x1
core   0: 3 0x80011d14 (0x00001f17) x30 0x80012d14
core   0: 0x80011d18 (0x2e3f2623) sw      gp, 748(t5)
core   0: 3 0x80011d18 (0x2e3f2623) mem 0x80013000 0x00000001
core   0: 0x80011d1c (0x0000bfe5) c.j     pc - 8
core   0: 3 0x80011d1c (0xbfe5)
core   0: 0x80011d14 (0x00001f17) auipc   t5, 0x1
core   0: 3 0x80011d14 (0x00001f17) x30 0x80012d14
core   0: 0x80011d18 (0x2e3f2623) sw      gp, 748(t5)
core   0: 3 0x80011d18 (0x2e3f2623) mem 0x80013000 0x00000001
core   0: 0x80011d1c (0x0000bfe5) c.j     pc - 8
core   0: 3 0x80011d1c (0xbfe5)
core   0: 0x80011d14 (0x00001f17) auipc   t5, 0x1
core   0: 3 0x80011d14 (0x00001f17) x30 0x80012d14
core   0: 0x80011d18 (0x2e3f2623) sw      gp, 748(t5)
core   0: 3 0x80011d18 (0x2e3f2623) mem 0x80013000 0x00000001
core   0: 0x80011d1c (0x0000bfe5) c.j     pc - 8
core   0: 3 0x80011d1c (0xbfe5)
core   0: 0x80011d14 (0x00001f17) auipc   t5, 0x1
core   0: 3 0x80011d14 (0x00001f17) x30 0x80012d14
core   0: 0x80011d18 (0x2e3f2623) sw      gp, 748(t5)
core   0: 3 0x80011d18 (0x2e3f2623) mem 0x80013000 0x00000001
core   0: 0x80011d1c (0x0000bfe5) c.j     pc - 8
core   0: 3 0x80011d1c (0xbfe5)
core   0: 0x80011d14 (0x00001f17) auipc   t5, 0x1
core   0: 3 0x80011d14 (0x00001f17) x30 0x80012d14
core   0: 0x80011d18 (0x2e3f2623) sw      gp, 748(t5)
core   0: 3 0x80011d18 (0x2e3f2623) mem 0x80013000 0x00000001
core   0: 0x80011d1c (0x0000bfe5) c.j     pc - 8
core   0: 3 0x80011d1c (0xbfe5)
core   0: 0x80011d14 (0x00001f17) auipc   t5, 0x1
core   0: 3 0x80011d14 (0x00001f17) x30 0x80012d14
core   0: 0x80011d18 (0x2e3f2623) sw      gp, 748(t5)
core   0: 3 0x80011d18 (0x2e3f2623) mem 0x80013000 0x00000001
core   0: 0x80011d1c (0x0000bfe5) c.j     pc - 8
core   0: 3 0x80011d1c (0xbfe5)
core   0: 0x80011d14 (0x00001f17) auipc   t5, 0x1
core   0: 3 0x80011d14 (0x00001f17) x30 0x80012d14
core   0: 0x80011d18 (0x2e3f2623) sw      gp, 748(t5)
core   0: 3 0x80011d18 (0x2e3f2623) mem 0x80013000 0x00000001
core   0: 0x80011d1c (0x0000bfe5) c.j     pc - 8
core   0: 3 0x80011d1c (0xbfe5)
core   0: 0x80011d14 (0x00001f17) auipc   t5, 0x1
core   0: 3 0x80011d14 (0x00001f17) x30 0x80012d14
core   0: 0x80011d18 (0x2e3f2623) sw      gp, 748(t5)
core   0: 3 0x80011d18 (0x2e3f2623) mem 0x80013000 0x00000001
core   0: 0x80011d1c (0x0000bfe5) c.j     pc - 8
core   0: 3 0x80011d1c (0xbfe5)
core   0: 0x80011d14 (0x00001f17) auipc   t5, 0x1
core   0: 3 0x80011d14 (0x00001f17) x30 0x80012d14
core   0: 0x80011d18 (0x2e3f2623) sw      gp, 748(t5)
core   0: 3 0x80011d18 (0x2e3f2623) mem 0x80013000 0x00000001
core   0: 0x80011d1c (0x0000bfe5) c.j     pc - 8
core   0: 3 0x80011d1c (0xbfe5)
core   0: 0x80011d14 (0x00001f17) auipc   t5, 0x1
core   0: 3 0x80011d14 (0x00001f17) x30 0x80012d14
core   0: 0x80011d18 (0x2e3f2623) sw      gp, 748(t5)
core   0: 3 0x80011d18 (0x2e3f2623) mem 0x80013000 0x00000001
core   0: 0x80011d1c (0x0000bfe5) c.j     pc - 8
core   0: 3 0x80011d1c (0xbfe5)
core   0: 0x80011d14 (0x00001f17) auipc   t5, 0x1
core   0: 3 0x80011d14 (0x00001f17) x30 0x80012d14
core   0: 0x80011d18 (0x2e3f2623) sw      gp, 748(t5)
core   0: 3 0x80011d18 (0x2e3f2623) mem 0x80013000 0x00000001
core   0: 0x80011d1c (0x0000bfe5) c.j     pc - 8
core   0: 3 0x80011d1c (0xbfe5)
core   0: 0x80011d14 (0x00001f17) auipc   t5, 0x1
core   0: 3 0x80011d14 (0x00001f17) x30 0x80012d14
core   0: 0x80011d18 (0x2e3f2623) sw      gp, 748(t5)
core   0: 3 0x80011d18 (0x2e3f2623) mem 0x80013000 0x00000001
core   0: 0x80011d1c (0x0000bfe5) c.j     pc - 8
core   0: 3 0x80011d1c (0xbfe5)
core   0: 0x80011d14 (0x00001f17) auipc   t5, 0x1
core   0: 3 0x80011d14 (0x00001f17) x30 0x80012d14
core   0: 0x80011d18 (0x2e3f2623) sw      gp, 748(t5)
core   0: 3 0x80011d18 (0x2e3f2623) mem 0x80013000 0x00000001
core   0: 0x80011d1c (0x0000bfe5) c.j     pc - 8
core   0: 3 0x80011d1c (0xbfe5)
core   0: 0x80011d14 (0x00001f17) auipc   t5, 0x1
core   0: 3 0x80011d14 (0x00001f17) x30 0x80012d14
core   0: 0x80011d18 (0x2e3f2623) sw      gp, 748(t5)
core   0: 3 0x80011d18 (0x2e3f2623) mem 0x80013000 0x00000001
core   0: 0x80011d1c (0x0000bfe5) c.j     pc - 8
core   0: 3 0x80011d1c (0xbfe5)
core   0: 0x80011d14 (0x00001f17) auipc   t5, 0x1
core   0: 3 0x80011d14 (0x00001f17) x30 0x80012d14
core   0: 0x80011d18 (0x2e3f2623) sw      gp, 748(t5)
core   0: 3 0x80011d18 (0x2e3f2623) mem 0x80013000 0x00000001
core   0: 0x80011d1c (0x0000bfe5) c.j     pc - 8
core   0: 3 0x80011d1c (0xbfe5)
core   0: 0x80011d14 (0x00001f17) auipc   t5, 0x1
core   0: 3 0x80011d14 (0x00001f17) x30 0x80012d14
core   0: 0x80011d18 (0x2e3f2623) sw      gp, 748(t5)
core   0: 3 0x80011d18 (0x2e3f2623) mem 0x80013000 0x00000001
core   0: 0x80011d1c (0x0000bfe5) c.j     pc - 8
core   0: 3 0x80011d1c (0xbfe5)
core   0: 0x80011d14 (0x00001f17) auipc   t5, 0x1
core   0: 3 0x80011d14 (0x00001f17) x30 0x80012d14
core   0: 0x80011d18 (0x2e3f2623) sw      gp, 748(t5)
core   0: 3 0x80011d18 (0x2e3f2623) mem 0x80013000 0x00000001
core   0: 0x80011d1c (0x0000bfe5) c.j     pc - 8
core   0: 3 0x80011d1c (0xbfe5)
core   0: 0x80011d14 (0x00001f17) auipc   t5, 0x1
core   0: 3 0x80011d14 (0x00001f17) x30 0x80012d14
core   0: 0x80011d18 (0x2e3f2623) sw      gp, 748(t5)
core   0: 3 0x80011d18 (0x2e3f2623) mem 0x80013000 0x00000001
core   0: 0x80011d1c (0x0000bfe5) c.j     pc - 8
core   0: 3 0x80011d1c (0xbfe5)
core   0: 0x80011d14 (0x00001f17) auipc   t5, 0x1
core   0: 3 0x80011d14 (0x00001f17) x30 0x80012d14
core   0: 0x80011d18 (0x2e3f2623) sw      gp, 748(t5)
core   0: 3 0x80011d18 (0x2e3f2623) mem 0x80013000 0x00000001
core   0: 0x80011d1c (0x0000bfe5) c.j     pc - 8
core   0: 3 0x80011d1c (0xbfe5)
core   0: 0x80011d14 (0x00001f17) auipc   t5, 0x1
core   0: 3 0x80011d14 (0x00001f17) x30 0x80012d14
core   0: 0x80011d18 (0x2e3f2623) sw      gp, 748(t5)
core   0: 3 0x80011d18 (0x2e3f2623) mem 0x80013000 0x00000001
core   0: 0x80011d1c (0x0000bfe5) c.j     pc - 8
core   0: 3 0x80011d1c (0xbfe5)
core   0: 0x80011d14 (0x00001f17) auipc   t5, 0x1
core   0: 3 0x80011d14 (0x00001f17) x30 0x80012d14
core   0: 0x80011d18 (0x2e3f2623) sw      gp, 748(t5)
core   0: 3 0x80011d18 (0x2e3f2623) mem 0x80013000 0x00000001
core   0: 0x80011d1c (0x0000bfe5) c.j     pc - 8
core   0: 3 0x80011d1c (0xbfe5)
core   0: 0x80011d14 (0x00001f17) auipc   t5, 0x1
core   0: 3 0x80011d14 (0x00001f17) x30 0x80012d14
core   0: 0x80011d18 (0x2e3f2623) sw      gp, 748(t5)
core   0: 3 0x80011d18 (0x2e3f2623) mem 0x80013000 0x00000001
core   0: 0x80011d1c (0x0000bfe5) c.j     pc - 8
core   0: 3 0x80011d1c (0xbfe5)
core   0: 0x80011d14 (0x00001f17) auipc   t5, 0x1
core   0: 3 0x80011d14 (0x00001f17) x30 0x80012d14
core   0: 0x80011d18 (0x2e3f2623) sw      gp, 748(t5)
core   0: 3 0x80011d18 (0x2e3f2623) mem 0x80013000 0x00000001
core   0: 0x80011d1c (0x0000bfe5) c.j     pc - 8
core   0: 3 0x80011d1c (0xbfe5)
core   0: 0x80011d14 (0x00001f17) auipc   t5, 0x1
core   0: 3 0x80011d14 (0x00001f17) x30 0x80012d14
core   0: 0x80011d18 (0x2e3f2623) sw      gp, 748(t5)
core   0: 3 0x80011d18 (0x2e3f2623) mem 0x80013000 0x00000001
core   0: 0x80011d1c (0x0000bfe5) c.j     pc - 8
core   0: 3 0x80011d1c (0xbfe5)
core   0: 0x80011d14 (0x00001f17) auipc   t5, 0x1
core   0: 3 0x80011d14 (0x00001f17) x30 0x80012d14
core   0: 0x80011d18 (0x2e3f2623) sw      gp, 748(t5)
core   0: 3 0x80011d18 (0x2e3f2623) mem 0x80013000 0x00000001
core   0: 0x80011d1c (0x0000bfe5) c.j     pc - 8
core   0: 3 0x80011d1c (0xbfe5)
core   0: 0x80011d14 (0x00001f17) auipc   t5, 0x1
core   0: 3 0x80011d14 (0x00001f17) x30 0x80012d14
core   0: 0x80011d18 (0x2e3f2623) sw      gp, 748(t5)
core   0: 3 0x80011d18 (0x2e3f2623) mem 0x80013000 0x00000001
core   0: 0x80011d1c (0x0000bfe5) c.j     pc - 8
core   0: 3 0x80011d1c (0xbfe5)
core   0: 0x80011d14 (0x00001f17) auipc   t5, 0x1
core   0: 3 0x80011d14 (0x00001f17) x30 0x80012d14
core   0: 0x80011d18 (0x2e3f2623) sw      gp, 748(t5)
core   0: 3 0x80011d18 (0x2e3f2623) mem 0x80013000 0x00000001
core   0: 0x80011d1c (0x0000bfe5) c.j     pc - 8
core   0: 3 0x80011d1c (0xbfe5)
core   0: 0x80011d14 (0x00001f17) auipc   t5, 0x1
core   0: 3 0x80011d14 (0x00001f17) x30 0x80012d14
core   0: 0x80011d18 (0x2e3f2623) sw      gp, 748(t5)
core   0: 3 0x80011d18 (0x2e3f2623) mem 0x80013000 0x00000001
core   0: 0x80011d1c (0x0000bfe5) c.j     pc - 8
core   0: 3 0x80011d1c (0xbfe5)
core   0: 0x80011d14 (0x00001f17) auipc   t5, 0x1
core   0: 3 0x80011d14 (0x00001f17) x30 0x80012d14
core   0: 0x80011d18 (0x2e3f2623) sw      gp, 748(t5)
core   0: 3 0x80011d18 (0x2e3f2623) mem 0x80013000 0x00000001
core   0: 0x80011d1c (0x0000bfe5) c.j     pc - 8
core   0: 3 0x80011d1c (0xbfe5)
core   0: 0x80011d14 (0x00001f17) auipc   t5, 0x1
core   0: 3 0x80011d14 (0x00001f17) x30 0x80012d14
core   0: 0x80011d18 (0x2e3f2623) sw      gp, 748(t5)
core   0: 3 0x80011d18 (0x2e3f2623) mem 0x80013000 0x00000001
core   0: 0x80011d1c (0x0000bfe5) c.j     pc - 8
core   0: 3 0x80011d1c (0xbfe5)
core   0: 0x80011d14 (0x00001f17) auipc   t5, 0x1
core   0: 3 0x80011d14 (0x00001f17) x30 0x80012d14
core   0: 0x80011d18 (0x2e3f2623) sw      gp, 748(t5)
core   0: 3 0x80011d18 (0x2e3f2623) mem 0x80013000 0x00000001
core   0: 0x80011d1c (0x0000bfe5) c.j     pc - 8
core   0: 3 0x80011d1c (0xbfe5)
core   0: 0x80011d14 (0x00001f17) auipc   t5, 0x1
core   0: 3 0x80011d14 (0x00001f17) x30 0x80012d14
core   0: 0x80011d18 (0x2e3f2623) sw      gp, 748(t5)
core   0: 3 0x80011d18 (0x2e3f2623) mem 0x80013000 0x00000001
core   0: 0x80011d1c (0x0000bfe5) c.j     pc - 8
core   0: 3 0x80011d1c (0xbfe5)
core   0: 0x80011d14 (0x00001f17) auipc   t5, 0x1
core   0: 3 0x80011d14 (0x00001f17) x30 0x80012d14
core   0: 0x80011d18 (0x2e3f2623) sw      gp, 748(t5)
core   0: 3 0x80011d18 (0x2e3f2623) mem 0x80013000 0x00000001
core   0: 0x80011d1c (0x0000bfe5) c.j     pc - 8
core   0: 3 0x80011d1c (0xbfe5)
core   0: 0x80011d14 (0x00001f17) auipc   t5, 0x1
core   0: 3 0x80011d14 (0x00001f17) x30 0x80012d14
core   0: 0x80011d18 (0x2e3f2623) sw      gp, 748(t5)
core   0: 3 0x80011d18 (0x2e3f2623) mem 0x80013000 0x00000001
core   0: 0x80011d1c (0x0000bfe5) c.j     pc - 8
core   0: 3 0x80011d1c (0xbfe5)
core   0: 0x80011d14 (0x00001f17) auipc   t5, 0x1
core   0: 3 0x80011d14 (0x00001f17) x30 0x80012d14
core   0: 0x80011d18 (0x2e3f2623) sw      gp, 748(t5)
core   0: 3 0x80011d18 (0x2e3f2623) mem 0x80013000 0x00000001
core   0: 0x80011d1c (0x0000bfe5) c.j     pc - 8
core   0: 3 0x80011d1c (0xbfe5)
core   0: 0x80011d14 (0x00001f17) auipc   t5, 0x1
core   0: 3 0x80011d14 (0x00001f17) x30 0x80012d14
core   0: 0x80011d18 (0x2e3f2623) sw      gp, 748(t5)
core   0: 3 0x80011d18 (0x2e3f2623) mem 0x80013000 0x00000001
core   0: 0x80011d1c (0x0000bfe5) c.j     pc - 8
core   0: 3 0x80011d1c (0xbfe5)
core   0: 0x80011d14 (0x00001f17) auipc   t5, 0x1
core   0: 3 0x80011d14 (0x00001f17) x30 0x80012d14
core   0: 0x80011d18 (0x2e3f2623) sw      gp, 748(t5)
core   0: 3 0x80011d18 (0x2e3f2623) mem 0x80013000 0x00000001
core   0: 0x80011d1c (0x0000bfe5) c.j     pc - 8
core   0: 3 0x80011d1c (0xbfe5)
core   0: 0x80011d14 (0x00001f17) auipc   t5, 0x1
core   0: 3 0x80011d14 (0x00001f17) x30 0x80012d14
core   0: 0x80011d18 (0x2e3f2623) sw      gp, 748(t5)
core   0: 3 0x80011d18 (0x2e3f2623) mem 0x80013000 0x00000001
core   0: 0x80011d1c (0x0000bfe5) c.j     pc - 8
core   0: 3 0x80011d1c (0xbfe5)
core   0: 0x80011d14 (0x00001f17) auipc   t5, 0x1
core   0: 3 0x80011d14 (0x00001f17) x30 0x80012d14
core   0: 0x80011d18 (0x2e3f2623) sw      gp, 748(t5)
core   0: 3 0x80011d18 (0x2e3f2623) mem 0x80013000 0x00000001
core   0: 0x80011d1c (0x0000bfe5) c.j     pc - 8
core   0: 3 0x80011d1c (0xbfe5)
core   0: 0x80011d14 (0x00001f17) auipc   t5, 0x1
core   0: 3 0x80011d14 (0x00001f17) x30 0x80012d14
core   0: 0x80011d18 (0x2e3f2623) sw      gp, 748(t5)
core   0: 3 0x80011d18 (0x2e3f2623) mem 0x80013000 0x00000001
core   0: 0x80011d1c (0x0000bfe5) c.j     pc - 8
core   0: 3 0x80011d1c (0xbfe5)
core   0: 0x80011d14 (0x00001f17) auipc   t5, 0x1
core   0: 3 0x80011d14 (0x00001f17) x30 0x80012d14
core   0: 0x80011d18 (0x2e3f2623) sw      gp, 748(t5)
core   0: 3 0x80011d18 (0x2e3f2623) mem 0x80013000 0x00000001
core   0: 0x80011d1c (0x0000bfe5) c.j     pc - 8
core   0: 3 0x80011d1c (0xbfe5)
core   0: 0x80011d14 (0x00001f17) auipc   t5, 0x1
core   0: 3 0x80011d14 (0x00001f17) x30 0x80012d14
core   0: 0x80011d18 (0x2e3f2623) sw      gp, 748(t5)
core   0: 3 0x80011d18 (0x2e3f2623) mem 0x80013000 0x00000001
core   0: 0x80011d1c (0x0000bfe5) c.j     pc - 8
core   0: 3 0x80011d1c (0xbfe5)
core   0: 0x80011d14 (0x00001f17) auipc   t5, 0x1
core   0: 3 0x80011d14 (0x00001f17) x30 0x80012d14
core   0: 0x80011d18 (0x2e3f2623) sw      gp, 748(t5)
core   0: 3 0x80011d18 (0x2e3f2623) mem 0x80013000 0x00000001
core   0: 0x80011d1c (0x0000bfe5) c.j     pc - 8
core   0: 3 0x80011d1c (0xbfe5)
core   0: 0x80011d14 (0x00001f17) auipc   t5, 0x1
core   0: 3 0x80011d14 (0x00001f17) x30 0x80012d14
core   0: 0x80011d18 (0x2e3f2623) sw      gp, 748(t5)
core   0: 3 0x80011d18 (0x2e3f2623) mem 0x80013000 0x00000001
core   0: 0x80011d1c (0x0000bfe5) c.j     pc - 8
core   0: 3 0x80011d1c (0xbfe5)
core   0: 0x80011d14 (0x00001f17) auipc   t5, 0x1
core   0: 3 0x80011d14 (0x00001f17) x30 0x80012d14
core   0: 0x80011d18 (0x2e3f2623) sw      gp, 748(t5)
core   0: 3 0x80011d18 (0x2e3f2623) mem 0x80013000 0x00000001
core   0: 0x80011d1c (0x0000bfe5) c.j     pc - 8
core   0: 3 0x80011d1c (0xbfe5)
core   0: 0x80011d14 (0x00001f17) auipc   t5, 0x1
core   0: 3 0x80011d14 (0x00001f17) x30 0x80012d14
core   0: 0x80011d18 (0x2e3f2623) sw      gp, 748(t5)
core   0: 3 0x80011d18 (0x2e3f2623) mem 0x80013000 0x00000001
core   0: 0x80011d1c (0x0000bfe5) c.j     pc - 8
core   0: 3 0x80011d1c (0xbfe5)
core   0: 0x80011d14 (0x00001f17) auipc   t5, 0x1
core   0: 3 0x80011d14 (0x00001f17) x30 0x80012d14
core   0: 0x80011d18 (0x2e3f2623) sw      gp, 748(t5)
core   0: 3 0x80011d18 (0x2e3f2623) mem 0x80013000 0x00000001
core   0: 0x80011d1c (0x0000bfe5) c.j     pc - 8
core   0: 3 0x80011d1c (0xbfe5)
core   0: 0x80011d14 (0x00001f17) auipc   t5, 0x1
core   0: 3 0x80011d14 (0x00001f17) x30 0x80012d14
core   0: 0x80011d18 (0x2e3f2623) sw      gp, 748(t5)
core   0: 3 0x80011d18 (0x2e3f2623) mem 0x80013000 0x00000001
core   0: 0x80011d1c (0x0000bfe5) c.j     pc - 8
core   0: 3 0x80011d1c (0xbfe5)
core   0: 0x80011d14 (0x00001f17) auipc   t5, 0x1
core   0: 3 0x80011d14 (0x00001f17) x30 0x80012d14
core   0: 0x80011d18 (0x2e3f2623) sw      gp, 748(t5)
core   0: 3 0x80011d18 (0x2e3f2623) mem 0x80013000 0x00000001
core   0: 0x80011d1c (0x0000bfe5) c.j     pc - 8
core   0: 3 0x80011d1c (0xbfe5)
core   0: 0x80011d14 (0x00001f17) auipc   t5, 0x1
core   0: 3 0x80011d14 (0x00001f17) x30 0x80012d14
core   0: 0x80011d18 (0x2e3f2623) sw      gp, 748(t5)
core   0: 3 0x80011d18 (0x2e3f2623) mem 0x80013000 0x00000001
core   0: 0x80011d1c (0x0000bfe5) c.j     pc - 8
core   0: 3 0x80011d1c (0xbfe5)
core   0: 0x80011d14 (0x00001f17) auipc   t5, 0x1
core   0: 3 0x80011d14 (0x00001f17) x30 0x80012d14
core   0: 0x80011d18 (0x2e3f2623) sw      gp, 748(t5)
core   0: 3 0x80011d18 (0x2e3f2623) mem 0x80013000 0x00000001
core   0: 0x80011d1c (0x0000bfe5) c.j     pc - 8
core   0: 3 0x80011d1c (0xbfe5)
core   0: 0x80011d14 (0x00001f17) auipc   t5, 0x1
core   0: 3 0x80011d14 (0x00001f17) x30 0x80012d14
core   0: 0x80011d18 (0x2e3f2623) sw      gp, 748(t5)
core   0: 3 0x80011d18 (0x2e3f2623) mem 0x80013000 0x00000001
core   0: 0x80011d1c (0x0000bfe5) c.j     pc - 8
core   0: 3 0x80011d1c (0xbfe5)
core   0: 0x80011d14 (0x00001f17) auipc   t5, 0x1
core   0: 3 0x80011d14 (0x00001f17) x30 0x80012d14
core   0: 0x80011d18 (0x2e3f2623) sw      gp, 748(t5)
core   0: 3 0x80011d18 (0x2e3f2623) mem 0x80013000 0x00000001
core   0: 0x80011d1c (0x0000bfe5) c.j     pc - 8
core   0: 3 0x80011d1c (0xbfe5)
core   0: 0x80011d14 (0x00001f17) auipc   t5, 0x1
core   0: 3 0x80011d14 (0x00001f17) x30 0x80012d14
core   0: 0x80011d18 (0x2e3f2623) sw      gp, 748(t5)
core   0: 3 0x80011d18 (0x2e3f2623) mem 0x80013000 0x00000001
core   0: 0x80011d1c (0x0000bfe5) c.j     pc - 8
core   0: 3 0x80011d1c (0xbfe5)
core   0: 0x80011d14 (0x00001f17) auipc   t5, 0x1
core   0: 3 0x80011d14 (0x00001f17) x30 0x80012d14
core   0: 0x80011d18 (0x2e3f2623) sw      gp, 748(t5)
core   0: 3 0x80011d18 (0x2e3f2623) mem 0x80013000 0x00000001
core   0: 0x80011d1c (0x0000bfe5) c.j     pc - 8
core   0: 3 0x80011d1c (0xbfe5)
core   0: 0x80011d14 (0x00001f17) auipc   t5, 0x1
core   0: 3 0x80011d14 (0x00001f17) x30 0x80012d14
core   0: 0x80011d18 (0x2e3f2623) sw      gp, 748(t5)
core   0: 3 0x80011d18 (0x2e3f2623) mem 0x80013000 0x00000001
core   0: 0x80011d1c (0x0000bfe5) c.j     pc - 8
core   0: 3 0x80011d1c (0xbfe5)
core   0: 0x80011d14 (0x00001f17) auipc   t5, 0x1
core   0: 3 0x80011d14 (0x00001f17) x30 0x80012d14
core   0: 0x80011d18 (0x2e3f2623) sw      gp, 748(t5)
core   0: 3 0x80011d18 (0x2e3f2623) mem 0x80013000 0x00000001
core   0: 0x80011d1c (0x0000bfe5) c.j     pc - 8
core   0: 3 0x80011d1c (0xbfe5)
core   0: 0x80011d14 (0x00001f17) auipc   t5, 0x1
core   0: 3 0x80011d14 (0x00001f17) x30 0x80012d14
core   0: 0x80011d18 (0x2e3f2623) sw      gp, 748(t5)
core   0: 3 0x80011d18 (0x2e3f2623) mem 0x80013000 0x00000001
core   0: 0x80011d1c (0x0000bfe5) c.j     pc - 8
core   0: 3 0x80011d1c (0xbfe5)
core   0: 0x80011d14 (0x00001f17) auipc   t5, 0x1
core   0: 3 0x80011d14 (0x00001f17) x30 0x80012d14
core   0: 0x80011d18 (0x2e3f2623) sw      gp, 748(t5)
core   0: 3 0x80011d18 (0x2e3f2623) mem 0x80013000 0x00000001
core   0: 0x80011d1c (0x0000bfe5) c.j     pc - 8
core   0: 3 0x80011d1c (0xbfe5)
core   0: 0x80011d14 (0x00001f17) auipc   t5, 0x1
core   0: 3 0x80011d14 (0x00001f17) x30 0x80012d14
core   0: 0x80011d18 (0x2e3f2623) sw      gp, 748(t5)
core   0: 3 0x80011d18 (0x2e3f2623) mem 0x80013000 0x00000001
core   0: 0x80011d1c (0x0000bfe5) c.j     pc - 8
core   0: 3 0x80011d1c (0xbfe5)
core   0: 0x80011d14 (0x00001f17) auipc   t5, 0x1
core   0: 3 0x80011d14 (0x00001f17) x30 0x80012d14
core   0: 0x80011d18 (0x2e3f2623) sw      gp, 748(t5)
core   0: 3 0x80011d18 (0x2e3f2623) mem 0x80013000 0x00000001
core   0: 0x80011d1c (0x0000bfe5) c.j     pc - 8
core   0: 3 0x80011d1c (0xbfe5)
core   0: 0x80011d14 (0x00001f17) auipc   t5, 0x1
core   0: 3 0x80011d14 (0x00001f17) x30 0x80012d14
core   0: 0x80011d18 (0x2e3f2623) sw      gp, 748(t5)
core   0: 3 0x80011d18 (0x2e3f2623) mem 0x80013000 0x00000001
core   0: 0x80011d1c (0x0000bfe5) c.j     pc - 8
core   0: 3 0x80011d1c (0xbfe5)
core   0: 0x80011d14 (0x00001f17) auipc   t5, 0x1
core   0: 3 0x80011d14 (0x00001f17) x30 0x80012d14
core   0: 0x80011d18 (0x2e3f2623) sw      gp, 748(t5)
core   0: 3 0x80011d18 (0x2e3f2623) mem 0x80013000 0x00000001
core   0: 0x80011d1c (0x0000bfe5) c.j     pc - 8
core   0: 3 0x80011d1c (0xbfe5)
core   0: 0x80011d14 (0x00001f17) auipc   t5, 0x1
core   0: 3 0x80011d14 (0x00001f17) x30 0x80012d14
core   0: 0x80011d18 (0x2e3f2623) sw      gp, 748(t5)
core   0: 3 0x80011d18 (0x2e3f2623) mem 0x80013000 0x00000001
core   0: 0x80011d1c (0x0000bfe5) c.j     pc - 8
core   0: 3 0x80011d1c (0xbfe5)
core   0: 0x80011d14 (0x00001f17) auipc   t5, 0x1
core   0: 3 0x80011d14 (0x00001f17) x30 0x80012d14
core   0: 0x80011d18 (0x2e3f2623) sw      gp, 748(t5)
core   0: 3 0x80011d18 (0x2e3f2623) mem 0x80013000 0x00000001
core   0: 0x80011d1c (0x0000bfe5) c.j     pc - 8
core   0: 3 0x80011d1c (0xbfe5)
core   0: 0x80011d14 (0x00001f17) auipc   t5, 0x1
core   0: 3 0x80011d14 (0x00001f17) x30 0x80012d14
core   0: 0x80011d18 (0x2e3f2623) sw      gp, 748(t5)
core   0: 3 0x80011d18 (0x2e3f2623) mem 0x80013000 0x00000001
core   0: 0x80011d1c (0x0000bfe5) c.j     pc - 8
core   0: 3 0x80011d1c (0xbfe5)
core   0: 0x80011d14 (0x00001f17) auipc   t5, 0x1
core   0: 3 0x80011d14 (0x00001f17) x30 0x80012d14
core   0: 0x80011d18 (0x2e3f2623) sw      gp, 748(t5)
core   0: 3 0x80011d18 (0x2e3f2623) mem 0x80013000 0x00000001
core   0: 0x80011d1c (0x0000bfe5) c.j     pc - 8
core   0: 3 0x80011d1c (0xbfe5)
core   0: 0x80011d14 (0x00001f17) auipc   t5, 0x1
core   0: 3 0x80011d14 (0x00001f17) x30 0x80012d14
core   0: 0x80011d18 (0x2e3f2623) sw      gp, 748(t5)
core   0: 3 0x80011d18 (0x2e3f2623) mem 0x80013000 0x00000001
core   0: 0x80011d1c (0x0000bfe5) c.j     pc - 8
core   0: 3 0x80011d1c (0xbfe5)
core   0: 0x80011d14 (0x00001f17) auipc   t5, 0x1
core   0: 3 0x80011d14 (0x00001f17) x30 0x80012d14
core   0: 0x80011d18 (0x2e3f2623) sw      gp, 748(t5)
core   0: 3 0x80011d18 (0x2e3f2623) mem 0x80013000 0x00000001
core   0: 0x80011d1c (0x0000bfe5) c.j     pc - 8
core   0: 3 0x80011d1c (0xbfe5)
core   0: 0x80011d14 (0x00001f17) auipc   t5, 0x1
core   0: 3 0x80011d14 (0x00001f17) x30 0x80012d14
core   0: 0x80011d18 (0x2e3f2623) sw      gp, 748(t5)
core   0: 3 0x80011d18 (0x2e3f2623) mem 0x80013000 0x00000001
core   0: 0x80011d1c (0x0000bfe5) c.j     pc - 8
core   0: 3 0x80011d1c (0xbfe5)
core   0: 0x80011d14 (0x00001f17) auipc   t5, 0x1
core   0: 3 0x80011d14 (0x00001f17) x30 0x80012d14
core   0: 0x80011d18 (0x2e3f2623) sw      gp, 748(t5)
core   0: 3 0x80011d18 (0x2e3f2623) mem 0x80013000 0x00000001
core   0: 0x80011d1c (0x0000bfe5) c.j     pc - 8
core   0: 3 0x80011d1c (0xbfe5)
core   0: 0x80011d14 (0x00001f17) auipc   t5, 0x1
core   0: 3 0x80011d14 (0x00001f17) x30 0x80012d14
core   0: 0x80011d18 (0x2e3f2623) sw      gp, 748(t5)
core   0: 3 0x80011d18 (0x2e3f2623) mem 0x80013000 0x00000001
core   0: 0x80011d1c (0x0000bfe5) c.j     pc - 8
core   0: 3 0x80011d1c (0xbfe5)
core   0: 0x80011d14 (0x00001f17) auipc   t5, 0x1
core   0: 3 0x80011d14 (0x00001f17) x30 0x80012d14
core   0: 0x80011d18 (0x2e3f2623) sw      gp, 748(t5)
core   0: 3 0x80011d18 (0x2e3f2623) mem 0x80013000 0x00000001
core   0: 0x80011d1c (0x0000bfe5) c.j     pc - 8
core   0: 3 0x80011d1c (0xbfe5)
core   0: 0x80011d14 (0x00001f17) auipc   t5, 0x1
core   0: 3 0x80011d14 (0x00001f17) x30 0x80012d14
core   0: 0x80011d18 (0x2e3f2623) sw      gp, 748(t5)
core   0: 3 0x80011d18 (0x2e3f2623) mem 0x80013000 0x00000001
core   0: 0x80011d1c (0x0000bfe5) c.j     pc - 8
core   0: 3 0x80011d1c (0xbfe5)
core   0: 0x80011d14 (0x00001f17) auipc   t5, 0x1
core   0: 3 0x80011d14 (0x00001f17) x30 0x80012d14
core   0: 0x80011d18 (0x2e3f2623) sw      gp, 748(t5)
core   0: 3 0x80011d18 (0x2e3f2623) mem 0x80013000 0x00000001
core   0: 0x80011d1c (0x0000bfe5) c.j     pc - 8
core   0: 3 0x80011d1c (0xbfe5)
core   0: 0x80011d14 (0x00001f17) auipc   t5, 0x1
core   0: 3 0x80011d14 (0x00001f17) x30 0x80012d14
core   0: 0x80011d18 (0x2e3f2623) sw      gp, 748(t5)
core   0: 3 0x80011d18 (0x2e3f2623) mem 0x80013000 0x00000001
core   0: 0x80011d1c (0x0000bfe5) c.j     pc - 8
core   0: 3 0x80011d1c (0xbfe5)
core   0: 0x80011d14 (0x00001f17) auipc   t5, 0x1
core   0: 3 0x80011d14 (0x00001f17) x30 0x80012d14
core   0: 0x80011d18 (0x2e3f2623) sw      gp, 748(t5)
core   0: 3 0x80011d18 (0x2e3f2623) mem 0x80013000 0x00000001
core   0: 0x80011d1c (0x0000bfe5) c.j     pc - 8
core   0: 3 0x80011d1c (0xbfe5)
core   0: 0x80011d14 (0x00001f17) auipc   t5, 0x1
core   0: 3 0x80011d14 (0x00001f17) x30 0x80012d14
core   0: 0x80011d18 (0x2e3f2623) sw      gp, 748(t5)
core   0: 3 0x80011d18 (0x2e3f2623) mem 0x80013000 0x00000001
core   0: 0x80011d1c (0x0000bfe5) c.j     pc - 8
core   0: 3 0x80011d1c (0xbfe5)
core   0: 0x80011d14 (0x00001f17) auipc   t5, 0x1
core   0: 3 0x80011d14 (0x00001f17) x30 0x80012d14
core   0: 0x80011d18 (0x2e3f2623) sw      gp, 748(t5)
core   0: 3 0x80011d18 (0x2e3f2623) mem 0x80013000 0x00000001
core   0: 0x80011d1c (0x0000bfe5) c.j     pc - 8
core   0: 3 0x80011d1c (0xbfe5)
core   0: 0x80011d14 (0x00001f17) auipc   t5, 0x1
core   0: 3 0x80011d14 (0x00001f17) x30 0x80012d14
core   0: 0x80011d18 (0x2e3f2623) sw      gp, 748(t5)
core   0: 3 0x80011d18 (0x2e3f2623) mem 0x80013000 0x00000001
core   0: 0x80011d1c (0x0000bfe5) c.j     pc - 8
core   0: 3 0x80011d1c (0xbfe5)
core   0: 0x80011d14 (0x00001f17) auipc   t5, 0x1
core   0: 3 0x80011d14 (0x00001f17) x30 0x80012d14
core   0: 0x80011d18 (0x2e3f2623) sw      gp, 748(t5)
core   0: 3 0x80011d18 (0x2e3f2623) mem 0x80013000 0x00000001
core   0: 0x80011d1c (0x0000bfe5) c.j     pc - 8
core   0: 3 0x80011d1c (0xbfe5)
core   0: 0x80011d14 (0x00001f17) auipc   t5, 0x1
core   0: 3 0x80011d14 (0x00001f17) x30 0x80012d14
core   0: 0x80011d18 (0x2e3f2623) sw      gp, 748(t5)
core   0: 3 0x80011d18 (0x2e3f2623) mem 0x80013000 0x00000001
core   0: 0x80011d1c (0x0000bfe5) c.j     pc - 8
core   0: 3 0x80011d1c (0xbfe5)
core   0: 0x80011d14 (0x00001f17) auipc   t5, 0x1
core   0: 3 0x80011d14 (0x00001f17) x30 0x80012d14
core   0: 0x80011d18 (0x2e3f2623) sw      gp, 748(t5)
core   0: 3 0x80011d18 (0x2e3f2623) mem 0x80013000 0x00000001
core   0: 0x80011d1c (0x0000bfe5) c.j     pc - 8
core   0: 3 0x80011d1c (0xbfe5)
core   0: 0x80011d14 (0x00001f17) auipc   t5, 0x1
core   0: 3 0x80011d14 (0x00001f17) x30 0x80012d14
core   0: 0x80011d18 (0x2e3f2623) sw      gp, 748(t5)
core   0: 3 0x80011d18 (0x2e3f2623) mem 0x80013000 0x00000001
core   0: 0x80011d1c (0x0000bfe5) c.j     pc - 8
core   0: 3 0x80011d1c (0xbfe5)
core   0: 0x80011d14 (0x00001f17) auipc   t5, 0x1
core   0: 3 0x80011d14 (0x00001f17) x30 0x80012d14
core   0: 0x80011d18 (0x2e3f2623) sw      gp, 748(t5)
core   0: 3 0x80011d18 (0x2e3f2623) mem 0x80013000 0x00000001
core   0: 0x80011d1c (0x0000bfe5) c.j     pc - 8
core   0: 3 0x80011d1c (0xbfe5)
core   0: 0x80011d14 (0x00001f17) auipc   t5, 0x1
core   0: 3 0x80011d14 (0x00001f17) x30 0x80012d14
core   0: 0x80011d18 (0x2e3f2623) sw      gp, 748(t5)
core   0: 3 0x80011d18 (0x2e3f2623) mem 0x80013000 0x00000001
core   0: 0x80011d1c (0x0000bfe5) c.j     pc - 8
core   0: 3 0x80011d1c (0xbfe5)
core   0: 0x80011d14 (0x00001f17) auipc   t5, 0x1
core   0: 3 0x80011d14 (0x00001f17) x30 0x80012d14
core   0: 0x80011d18 (0x2e3f2623) sw      gp, 748(t5)
core   0: 3 0x80011d18 (0x2e3f2623) mem 0x80013000 0x00000001
core   0: 0x80011d1c (0x0000bfe5) c.j     pc - 8
core   0: 3 0x80011d1c (0xbfe5)
core   0: 0x80011d14 (0x00001f17) auipc   t5, 0x1
core   0: 3 0x80011d14 (0x00001f17) x30 0x80012d14
core   0: 0x80011d18 (0x2e3f2623) sw      gp, 748(t5)
core   0: 3 0x80011d18 (0x2e3f2623) mem 0x80013000 0x00000001
core   0: 0x80011d1c (0x0000bfe5) c.j     pc - 8
core   0: 3 0x80011d1c (0xbfe5)
core   0: 0x80011d14 (0x00001f17) auipc   t5, 0x1
core   0: 3 0x80011d14 (0x00001f17) x30 0x80012d14
core   0: 0x80011d18 (0x2e3f2623) sw      gp, 748(t5)
core   0: 3 0x80011d18 (0x2e3f2623) mem 0x80013000 0x00000001
core   0: 0x80011d1c (0x0000bfe5) c.j     pc - 8
core   0: 3 0x80011d1c (0xbfe5)
core   0: 0x80011d14 (0x00001f17) auipc   t5, 0x1
core   0: 3 0x80011d14 (0x00001f17) x30 0x80012d14
core   0: 0x80011d18 (0x2e3f2623) sw      gp, 748(t5)
core   0: 3 0x80011d18 (0x2e3f2623) mem 0x80013000 0x00000001
core   0: 0x80011d1c (0x0000bfe5) c.j     pc - 8
core   0: 3 0x80011d1c (0xbfe5)
core   0: 0x80011d14 (0x00001f17) auipc   t5, 0x1
core   0: 3 0x80011d14 (0x00001f17) x30 0x80012d14
core   0: 0x80011d18 (0x2e3f2623) sw      gp, 748(t5)
core   0: 3 0x80011d18 (0x2e3f2623) mem 0x80013000 0x00000001
core   0: 0x80011d1c (0x0000bfe5) c.j     pc - 8
core   0: 3 0x80011d1c (0xbfe5)
core   0: 0x80011d14 (0x00001f17) auipc   t5, 0x1
core   0: 3 0x80011d14 (0x00001f17) x30 0x80012d14
core   0: 0x80011d18 (0x2e3f2623) sw      gp, 748(t5)
core   0: 3 0x80011d18 (0x2e3f2623) mem 0x80013000 0x00000001
core   0: 0x80011d1c (0x0000bfe5) c.j     pc - 8
core   0: 3 0x80011d1c (0xbfe5)
core   0: 0x80011d14 (0x00001f17) auipc   t5, 0x1
core   0: 3 0x80011d14 (0x00001f17) x30 0x80012d14
core   0: 0x80011d18 (0x2e3f2623) sw      gp, 748(t5)
core   0: 3 0x80011d18 (0x2e3f2623) mem 0x80013000 0x00000001
core   0: 0x80011d1c (0x0000bfe5) c.j     pc - 8
core   0: 3 0x80011d1c (0xbfe5)
core   0: 0x80011d14 (0x00001f17) auipc   t5, 0x1
core   0: 3 0x80011d14 (0x00001f17) x30 0x80012d14
core   0: 0x80011d18 (0x2e3f2623) sw      gp, 748(t5)
core   0: 3 0x80011d18 (0x2e3f2623) mem 0x80013000 0x00000001
core   0: 0x80011d1c (0x0000bfe5) c.j     pc - 8
core   0: 3 0x80011d1c (0xbfe5)
core   0: 0x80011d14 (0x00001f17) auipc   t5, 0x1
core   0: 3 0x80011d14 (0x00001f17) x30 0x80012d14
core   0: 0x80011d18 (0x2e3f2623) sw      gp, 748(t5)
core   0: 3 0x80011d18 (0x2e3f2623) mem 0x80013000 0x00000001
core   0: 0x80011d1c (0x0000bfe5) c.j     pc - 8
core   0: 3 0x80011d1c (0xbfe5)
core   0: 0x80011d14 (0x00001f17) auipc   t5, 0x1
core   0: 3 0x80011d14 (0x00001f17) x30 0x80012d14
core   0: 0x80011d18 (0x2e3f2623) sw      gp, 748(t5)
core   0: 3 0x80011d18 (0x2e3f2623) mem 0x80013000 0x00000001
core   0: 0x80011d1c (0x0000bfe5) c.j     pc - 8
core   0: 3 0x80011d1c (0xbfe5)
core   0: 0x80011d14 (0x00001f17) auipc   t5, 0x1
core   0: 3 0x80011d14 (0x00001f17) x30 0x80012d14
core   0: 0x80011d18 (0x2e3f2623) sw      gp, 748(t5)
core   0: 3 0x80011d18 (0x2e3f2623) mem 0x80013000 0x00000001
core   0: 0x80011d1c (0x0000bfe5) c.j     pc - 8
core   0: 3 0x80011d1c (0xbfe5)
core   0: 0x80011d14 (0x00001f17) auipc   t5, 0x1
core   0: 3 0x80011d14 (0x00001f17) x30 0x80012d14
core   0: 0x80011d18 (0x2e3f2623) sw      gp, 748(t5)
core   0: 3 0x80011d18 (0x2e3f2623) mem 0x80013000 0x00000001
core   0: 0x80011d1c (0x0000bfe5) c.j     pc - 8
core   0: 3 0x80011d1c (0xbfe5)
core   0: 0x80011d14 (0x00001f17) auipc   t5, 0x1
core   0: 3 0x80011d14 (0x00001f17) x30 0x80012d14
core   0: 0x80011d18 (0x2e3f2623) sw      gp, 748(t5)
core   0: 3 0x80011d18 (0x2e3f2623) mem 0x80013000 0x00000001
core   0: 0x80011d1c (0x0000bfe5) c.j     pc - 8
core   0: 3 0x80011d1c (0xbfe5)
core   0: 0x80011d14 (0x00001f17) auipc   t5, 0x1
core   0: 3 0x80011d14 (0x00001f17) x30 0x80012d14
core   0: 0x80011d18 (0x2e3f2623) sw      gp, 748(t5)
core   0: 3 0x80011d18 (0x2e3f2623) mem 0x80013000 0x00000001
core   0: 0x80011d1c (0x0000bfe5) c.j     pc - 8
core   0: 3 0x80011d1c (0xbfe5)
core   0: 0x80011d14 (0x00001f17) auipc   t5, 0x1
core   0: 3 0x80011d14 (0x00001f17) x30 0x80012d14
core   0: 0x80011d18 (0x2e3f2623) sw      gp, 748(t5)
core   0: 3 0x80011d18 (0x2e3f2623) mem 0x80013000 0x00000001
core   0: 0x80011d1c (0x0000bfe5) c.j     pc - 8
core   0: 3 0x80011d1c (0xbfe5)
core   0: 0x80011d14 (0x00001f17) auipc   t5, 0x1
core   0: 3 0x80011d14 (0x00001f17) x30 0x80012d14
core   0: 0x80011d18 (0x2e3f2623) sw      gp, 748(t5)
core   0: 3 0x80011d18 (0x2e3f2623) mem 0x80013000 0x00000001
core   0: 0x80011d1c (0x0000bfe5) c.j     pc - 8
core   0: 3 0x80011d1c (0xbfe5)
core   0: 0x80011d14 (0x00001f17) auipc   t5, 0x1
core   0: 3 0x80011d14 (0x00001f17) x30 0x80012d14
core   0: 0x80011d18 (0x2e3f2623) sw      gp, 748(t5)
core   0: 3 0x80011d18 (0x2e3f2623) mem 0x80013000 0x00000001
core   0: 0x80011d1c (0x0000bfe5) c.j     pc - 8
core   0: 3 0x80011d1c (0xbfe5)
core   0: 0x80011d14 (0x00001f17) auipc   t5, 0x1
core   0: 3 0x80011d14 (0x00001f17) x30 0x80012d14
core   0: 0x80011d18 (0x2e3f2623) sw      gp, 748(t5)
core   0: 3 0x80011d18 (0x2e3f2623) mem 0x80013000 0x00000001
core   0: 0x80011d1c (0x0000bfe5) c.j     pc - 8
core   0: 3 0x80011d1c (0xbfe5)
core   0: 0x80011d14 (0x00001f17) auipc   t5, 0x1
core   0: 3 0x80011d14 (0x00001f17) x30 0x80012d14
core   0: 0x80011d18 (0x2e3f2623) sw      gp, 748(t5)
core   0: 3 0x80011d18 (0x2e3f2623) mem 0x80013000 0x00000001
core   0: 0x80011d1c (0x0000bfe5) c.j     pc - 8
core   0: 3 0x80011d1c (0xbfe5)
core   0: 0x80011d14 (0x00001f17) auipc   t5, 0x1
core   0: 3 0x80011d14 (0x00001f17) x30 0x80012d14
core   0: 0x80011d18 (0x2e3f2623) sw      gp, 748(t5)
core   0: 3 0x80011d18 (0x2e3f2623) mem 0x80013000 0x00000001
core   0: 0x80011d1c (0x0000bfe5) c.j     pc - 8
core   0: 3 0x80011d1c (0xbfe5)
core   0: 0x80011d14 (0x00001f17) auipc   t5, 0x1
core   0: 3 0x80011d14 (0x00001f17) x30 0x80012d14
core   0: 0x80011d18 (0x2e3f2623) sw      gp, 748(t5)
core   0: 3 0x80011d18 (0x2e3f2623) mem 0x80013000 0x00000001
core   0: 0x80011d1c (0x0000bfe5) c.j     pc - 8
core   0: 3 0x80011d1c (0xbfe5)
core   0: 0x80011d14 (0x00001f17) auipc   t5, 0x1
core   0: 3 0x80011d14 (0x00001f17) x30 0x80012d14
core   0: 0x80011d18 (0x2e3f2623) sw      gp, 748(t5)
core   0: 3 0x80011d18 (0x2e3f2623) mem 0x80013000 0x00000001
core   0: 0x80011d1c (0x0000bfe5) c.j     pc - 8
core   0: 3 0x80011d1c (0xbfe5)
core   0: 0x80011d14 (0x00001f17) auipc   t5, 0x1
core   0: 3 0x80011d14 (0x00001f17) x30 0x80012d14
core   0: 0x80011d18 (0x2e3f2623) sw      gp, 748(t5)
core   0: 3 0x80011d18 (0x2e3f2623) mem 0x80013000 0x00000001
core   0: 0x80011d1c (0x0000bfe5) c.j     pc - 8
core   0: 3 0x80011d1c (0xbfe5)
core   0: 0x80011d14 (0x00001f17) auipc   t5, 0x1
core   0: 3 0x80011d14 (0x00001f17) x30 0x80012d14
core   0: 0x80011d18 (0x2e3f2623) sw      gp, 748(t5)
core   0: 3 0x80011d18 (0x2e3f2623) mem 0x80013000 0x00000001
core   0: 0x80011d1c (0x0000bfe5) c.j     pc - 8
core   0: 3 0x80011d1c (0xbfe5)
core   0: 0x80011d14 (0x00001f17) auipc   t5, 0x1
core   0: 3 0x80011d14 (0x00001f17) x30 0x80012d14
core   0: 0x80011d18 (0x2e3f2623) sw      gp, 748(t5)
core   0: 3 0x80011d18 (0x2e3f2623) mem 0x80013000 0x00000001
core   0: 0x80011d1c (0x0000bfe5) c.j     pc - 8
core   0: 3 0x80011d1c (0xbfe5)
core   0: 0x80011d14 (0x00001f17) auipc   t5, 0x1
core   0: 3 0x80011d14 (0x00001f17) x30 0x80012d14
core   0: 0x80011d18 (0x2e3f2623) sw      gp, 748(t5)
core   0: 3 0x80011d18 (0x2e3f2623) mem 0x80013000 0x00000001
core   0: 0x80011d1c (0x0000bfe5) c.j     pc - 8
core   0: 3 0x80011d1c (0xbfe5)
core   0: 0x80011d14 (0x00001f17) auipc   t5, 0x1
core   0: 3 0x80011d14 (0x00001f17) x30 0x80012d14
core   0: 0x80011d18 (0x2e3f2623) sw      gp, 748(t5)
core   0: 3 0x80011d18 (0x2e3f2623) mem 0x80013000 0x00000001
core   0: 0x80011d1c (0x0000bfe5) c.j     pc - 8
core   0: 3 0x80011d1c (0xbfe5)
core   0: 0x80011d14 (0x00001f17) auipc   t5, 0x1
core   0: 3 0x80011d14 (0x00001f17) x30 0x80012d14
core   0: 0x80011d18 (0x2e3f2623) sw      gp, 748(t5)
core   0: 3 0x80011d18 (0x2e3f2623) mem 0x80013000 0x00000001
core   0: 0x80011d1c (0x0000bfe5) c.j     pc - 8
core   0: 3 0x80011d1c (0xbfe5)
core   0: 0x80011d14 (0x00001f17) auipc   t5, 0x1
core   0: 3 0x80011d14 (0x00001f17) x30 0x80012d14
core   0: 0x80011d18 (0x2e3f2623) sw      gp, 748(t5)
core   0: 3 0x80011d18 (0x2e3f2623) mem 0x80013000 0x00000001
core   0: 0x80011d1c (0x0000bfe5) c.j     pc - 8
core   0: 3 0x80011d1c (0xbfe5)
core   0: 0x80011d14 (0x00001f17) auipc   t5, 0x1
core   0: 3 0x80011d14 (0x00001f17) x30 0x80012d14
core   0: 0x80011d18 (0x2e3f2623) sw      gp, 748(t5)
core   0: 3 0x80011d18 (0x2e3f2623) mem 0x80013000 0x00000001
core   0: 0x80011d1c (0x0000bfe5) c.j     pc - 8
core   0: 3 0x80011d1c (0xbfe5)
core   0: 0x80011d14 (0x00001f17) auipc   t5, 0x1
core   0: 3 0x80011d14 (0x00001f17) x30 0x80012d14
core   0: 0x80011d18 (0x2e3f2623) sw      gp, 748(t5)
core   0: 3 0x80011d18 (0x2e3f2623) mem 0x80013000 0x00000001
core   0: 0x80011d1c (0x0000bfe5) c.j     pc - 8
core   0: 3 0x80011d1c (0xbfe5)
core   0: 0x80011d14 (0x00001f17) auipc   t5, 0x1
core   0: 3 0x80011d14 (0x00001f17) x30 0x80012d14
core   0: 0x80011d18 (0x2e3f2623) sw      gp, 748(t5)
core   0: 3 0x80011d18 (0x2e3f2623) mem 0x80013000 0x00000001
core   0: 0x80011d1c (0x0000bfe5) c.j     pc - 8
core   0: 3 0x80011d1c (0xbfe5)
core   0: 0x80011d14 (0x00001f17) auipc   t5, 0x1
core   0: 3 0x80011d14 (0x00001f17) x30 0x80012d14
core   0: 0x80011d18 (0x2e3f2623) sw      gp, 748(t5)
core   0: 3 0x80011d18 (0x2e3f2623) mem 0x80013000 0x00000001
core   0: 0x80011d1c (0x0000bfe5) c.j     pc - 8
core   0: 3 0x80011d1c (0xbfe5)
core   0: 0x80011d14 (0x00001f17) auipc   t5, 0x1
core   0: 3 0x80011d14 (0x00001f17) x30 0x80012d14
core   0: 0x80011d18 (0x2e3f2623) sw      gp, 748(t5)
core   0: 3 0x80011d18 (0x2e3f2623) mem 0x80013000 0x00000001
core   0: 0x80011d1c (0x0000bfe5) c.j     pc - 8
core   0: 3 0x80011d1c (0xbfe5)
core   0: 0x80011d14 (0x00001f17) auipc   t5, 0x1
core   0: 3 0x80011d14 (0x00001f17) x30 0x80012d14
core   0: 0x80011d18 (0x2e3f2623) sw      gp, 748(t5)
core   0: 3 0x80011d18 (0x2e3f2623) mem 0x80013000 0x00000001
core   0: 0x80011d1c (0x0000bfe5) c.j     pc - 8
core   0: 3 0x80011d1c (0xbfe5)
core   0: 0x80011d14 (0x00001f17) auipc   t5, 0x1
core   0: 3 0x80011d14 (0x00001f17) x30 0x80012d14
core   0: 0x80011d18 (0x2e3f2623) sw      gp, 748(t5)
core   0: 3 0x80011d18 (0x2e3f2623) mem 0x80013000 0x00000001
core   0: 0x80011d1c (0x0000bfe5) c.j     pc - 8
core   0: 3 0x80011d1c (0xbfe5)
core   0: 0x80011d14 (0x00001f17) auipc   t5, 0x1
core   0: 3 0x80011d14 (0x00001f17) x30 0x80012d14
core   0: 0x80011d18 (0x2e3f2623) sw      gp, 748(t5)
core   0: 3 0x80011d18 (0x2e3f2623) mem 0x80013000 0x00000001
core   0: 0x80011d1c (0x0000bfe5) c.j     pc - 8
core   0: 3 0x80011d1c (0xbfe5)
core   0: 0x80011d14 (0x00001f17) auipc   t5, 0x1
core   0: 3 0x80011d14 (0x00001f17) x30 0x80012d14
core   0: 0x80011d18 (0x2e3f2623) sw      gp, 748(t5)
core   0: 3 0x80011d18 (0x2e3f2623) mem 0x80013000 0x00000001
core   0: 0x80011d1c (0x0000bfe5) c.j     pc - 8
core   0: 3 0x80011d1c (0xbfe5)
core   0: 0x80011d14 (0x00001f17) auipc   t5, 0x1
core   0: 3 0x80011d14 (0x00001f17) x30 0x80012d14
core   0: 0x80011d18 (0x2e3f2623) sw      gp, 748(t5)
core   0: 3 0x80011d18 (0x2e3f2623) mem 0x80013000 0x00000001
core   0: 0x80011d1c (0x0000bfe5) c.j     pc - 8
core   0: 3 0x80011d1c (0xbfe5)
core   0: 0x80011d14 (0x00001f17) auipc   t5, 0x1
core   0: 3 0x80011d14 (0x00001f17) x30 0x80012d14
core   0: 0x80011d18 (0x2e3f2623) sw      gp, 748(t5)
core   0: 3 0x80011d18 (0x2e3f2623) mem 0x80013000 0x00000001
core   0: 0x80011d1c (0x0000bfe5) c.j     pc - 8
core   0: 3 0x80011d1c (0xbfe5)
core   0: 0x80011d14 (0x00001f17) auipc   t5, 0x1
core   0: 3 0x80011d14 (0x00001f17) x30 0x80012d14
core   0: 0x80011d18 (0x2e3f2623) sw      gp, 748(t5)
core   0: 3 0x80011d18 (0x2e3f2623) mem 0x80013000 0x00000001
core   0: 0x80011d1c (0x0000bfe5) c.j     pc - 8
core   0: 3 0x80011d1c (0xbfe5)
core   0: 0x80011d14 (0x00001f17) auipc   t5, 0x1
core   0: 3 0x80011d14 (0x00001f17) x30 0x80012d14
core   0: 0x80011d18 (0x2e3f2623) sw      gp, 748(t5)
core   0: 3 0x80011d18 (0x2e3f2623) mem 0x80013000 0x00000001
core   0: 0x80011d1c (0x0000bfe5) c.j     pc - 8
core   0: 3 0x80011d1c (0xbfe5)
core   0: 0x80011d14 (0x00001f17) auipc   t5, 0x1
core   0: 3 0x80011d14 (0x00001f17) x30 0x80012d14
core   0: 0x80011d18 (0x2e3f2623) sw      gp, 748(t5)
core   0: 3 0x80011d18 (0x2e3f2623) mem 0x80013000 0x00000001
core   0: 0x80011d1c (0x0000bfe5) c.j     pc - 8
core   0: 3 0x80011d1c (0xbfe5)
core   0: 0x80011d14 (0x00001f17) auipc   t5, 0x1
core   0: 3 0x80011d14 (0x00001f17) x30 0x80012d14
core   0: 0x80011d18 (0x2e3f2623) sw      gp, 748(t5)
core   0: 3 0x80011d18 (0x2e3f2623) mem 0x80013000 0x00000001
core   0: 0x80011d1c (0x0000bfe5) c.j     pc - 8
core   0: 3 0x80011d1c (0xbfe5)
core   0: 0x80011d14 (0x00001f17) auipc   t5, 0x1
core   0: 3 0x80011d14 (0x00001f17) x30 0x80012d14
core   0: 0x80011d18 (0x2e3f2623) sw      gp, 748(t5)
core   0: 3 0x80011d18 (0x2e3f2623) mem 0x80013000 0x00000001
core   0: 0x80011d1c (0x0000bfe5) c.j     pc - 8
core   0: 3 0x80011d1c (0xbfe5)
core   0: 0x80011d14 (0x00001f17) auipc   t5, 0x1
core   0: 3 0x80011d14 (0x00001f17) x30 0x80012d14
core   0: 0x80011d18 (0x2e3f2623) sw      gp, 748(t5)
core   0: 3 0x80011d18 (0x2e3f2623) mem 0x80013000 0x00000001
core   0: 0x80011d1c (0x0000bfe5) c.j     pc - 8
core   0: 3 0x80011d1c (0xbfe5)
core   0: 0x80011d14 (0x00001f17) auipc   t5, 0x1
core   0: 3 0x80011d14 (0x00001f17) x30 0x80012d14
core   0: 0x80011d18 (0x2e3f2623) sw      gp, 748(t5)
core   0: 3 0x80011d18 (0x2e3f2623) mem 0x80013000 0x00000001
core   0: 0x80011d1c (0x0000bfe5) c.j     pc - 8
core   0: 3 0x80011d1c (0xbfe5)
core   0: 0x80011d14 (0x00001f17) auipc   t5, 0x1
core   0: 3 0x80011d14 (0x00001f17) x30 0x80012d14
core   0: 0x80011d18 (0x2e3f2623) sw      gp, 748(t5)
core   0: 3 0x80011d18 (0x2e3f2623) mem 0x80013000 0x00000001
core   0: 0x80011d1c (0x0000bfe5) c.j     pc - 8
core   0: 3 0x80011d1c (0xbfe5)
core   0: 0x80011d14 (0x00001f17) auipc   t5, 0x1
core   0: 3 0x80011d14 (0x00001f17) x30 0x80012d14
core   0: 0x80011d18 (0x2e3f2623) sw      gp, 748(t5)
core   0: 3 0x80011d18 (0x2e3f2623) mem 0x80013000 0x00000001
core   0: 0x80011d1c (0x0000bfe5) c.j     pc - 8
core   0: 3 0x80011d1c (0xbfe5)
core   0: 0x80011d14 (0x00001f17) auipc   t5, 0x1
core   0: 3 0x80011d14 (0x00001f17) x30 0x80012d14
core   0: 0x80011d18 (0x2e3f2623) sw      gp, 748(t5)
core   0: 3 0x80011d18 (0x2e3f2623) mem 0x80013000 0x00000001
core   0: 0x80011d1c (0x0000bfe5) c.j     pc - 8
core   0: 3 0x80011d1c (0xbfe5)
core   0: 0x80011d14 (0x00001f17) auipc   t5, 0x1
core   0: 3 0x80011d14 (0x00001f17) x30 0x80012d14
core   0: 0x80011d18 (0x2e3f2623) sw      gp, 748(t5)
core   0: 3 0x80011d18 (0x2e3f2623) mem 0x80013000 0x00000001
core   0: 0x80011d1c (0x0000bfe5) c.j     pc - 8
core   0: 3 0x80011d1c (0xbfe5)
core   0: 0x80011d14 (0x00001f17) auipc   t5, 0x1
core   0: 3 0x80011d14 (0x00001f17) x30 0x80012d14
core   0: 0x80011d18 (0x2e3f2623) sw      gp, 748(t5)
core   0: 3 0x80011d18 (0x2e3f2623) mem 0x80013000 0x00000001
core   0: 0x80011d1c (0x0000bfe5) c.j     pc - 8
core   0: 3 0x80011d1c (0xbfe5)
core   0: 0x80011d14 (0x00001f17) auipc   t5, 0x1
core   0: 3 0x80011d14 (0x00001f17) x30 0x80012d14
core   0: 0x80011d18 (0x2e3f2623) sw      gp, 748(t5)
core   0: 3 0x80011d18 (0x2e3f2623) mem 0x80013000 0x00000001
core   0: 0x80011d1c (0x0000bfe5) c.j     pc - 8
core   0: 3 0x80011d1c (0xbfe5)
core   0: 0x80011d14 (0x00001f17) auipc   t5, 0x1
core   0: 3 0x80011d14 (0x00001f17) x30 0x80012d14
core   0: 0x80011d18 (0x2e3f2623) sw      gp, 748(t5)
core   0: 3 0x80011d18 (0x2e3f2623) mem 0x80013000 0x00000001
core   0: 0x80011d1c (0x0000bfe5) c.j     pc - 8
core   0: 3 0x80011d1c (0xbfe5)
core   0: 0x80011d14 (0x00001f17) auipc   t5, 0x1
core   0: 3 0x80011d14 (0x00001f17) x30 0x80012d14
core   0: 0x80011d18 (0x2e3f2623) sw      gp, 748(t5)
core   0: 3 0x80011d18 (0x2e3f2623) mem 0x80013000 0x00000001
core   0: 0x80011d1c (0x0000bfe5) c.j     pc - 8
core   0: 3 0x80011d1c (0xbfe5)
core   0: 0x80011d14 (0x00001f17) auipc   t5, 0x1
core   0: 3 0x80011d14 (0x00001f17) x30 0x80012d14
core   0: 0x80011d18 (0x2e3f2623) sw      gp, 748(t5)
core   0: 3 0x80011d18 (0x2e3f2623) mem 0x80013000 0x00000001
core   0: 0x80011d1c (0x0000bfe5) c.j     pc - 8
core   0: 3 0x80011d1c (0xbfe5)
core   0: 0x80011d14 (0x00001f17) auipc   t5, 0x1
core   0: 3 0x80011d14 (0x00001f17) x30 0x80012d14
core   0: 0x80011d18 (0x2e3f2623) sw      gp, 748(t5)
core   0: 3 0x80011d18 (0x2e3f2623) mem 0x80013000 0x00000001
core   0: 0x80011d1c (0x0000bfe5) c.j     pc - 8
core   0: 3 0x80011d1c (0xbfe5)
core   0: 0x80011d14 (0x00001f17) auipc   t5, 0x1
core   0: 3 0x80011d14 (0x00001f17) x30 0x80012d14
core   0: 0x80011d18 (0x2e3f2623) sw      gp, 748(t5)
core   0: 3 0x80011d18 (0x2e3f2623) mem 0x80013000 0x00000001
core   0: 0x80011d1c (0x0000bfe5) c.j     pc - 8
core   0: 3 0x80011d1c (0xbfe5)
core   0: 0x80011d14 (0x00001f17) auipc   t5, 0x1
core   0: 3 0x80011d14 (0x00001f17) x30 0x80012d14
core   0: 0x80011d18 (0x2e3f2623) sw      gp, 748(t5)
core   0: 3 0x80011d18 (0x2e3f2623) mem 0x80013000 0x00000001
core   0: 0x80011d1c (0x0000bfe5) c.j     pc - 8
core   0: 3 0x80011d1c (0xbfe5)
core   0: 0x80011d14 (0x00001f17) auipc   t5, 0x1
core   0: 3 0x80011d14 (0x00001f17) x30 0x80012d14
core   0: 0x80011d18 (0x2e3f2623) sw      gp, 748(t5)
core   0: 3 0x80011d18 (0x2e3f2623) mem 0x80013000 0x00000001
core   0: 0x80011d1c (0x0000bfe5) c.j     pc - 8
core   0: 3 0x80011d1c (0xbfe5)
core   0: 0x80011d14 (0x00001f17) auipc   t5, 0x1
core   0: 3 0x80011d14 (0x00001f17) x30 0x80012d14
core   0: 0x80011d18 (0x2e3f2623) sw      gp, 748(t5)
core   0: 3 0x80011d18 (0x2e3f2623) mem 0x80013000 0x00000001
core   0: 0x80011d1c (0x0000bfe5) c.j     pc - 8
core   0: 3 0x80011d1c (0xbfe5)
core   0: 0x80011d14 (0x00001f17) auipc   t5, 0x1
core   0: 3 0x80011d14 (0x00001f17) x30 0x80012d14
core   0: 0x80011d18 (0x2e3f2623) sw      gp, 748(t5)
core   0: 3 0x80011d18 (0x2e3f2623) mem 0x80013000 0x00000001
core   0: 0x80011d1c (0x0000bfe5) c.j     pc - 8
core   0: 3 0x80011d1c (0xbfe5)
core   0: 0x80011d14 (0x00001f17) auipc   t5, 0x1
core   0: 3 0x80011d14 (0x00001f17) x30 0x80012d14
core   0: 0x80011d18 (0x2e3f2623) sw      gp, 748(t5)
core   0: 3 0x80011d18 (0x2e3f2623) mem 0x80013000 0x00000001
core   0: 0x80011d1c (0x0000bfe5) c.j     pc - 8
core   0: 3 0x80011d1c (0xbfe5)
core   0: 0x80011d14 (0x00001f17) auipc   t5, 0x1
core   0: 3 0x80011d14 (0x00001f17) x30 0x80012d14
core   0: 0x80011d18 (0x2e3f2623) sw      gp, 748(t5)
core   0: 3 0x80011d18 (0x2e3f2623) mem 0x80013000 0x00000001
core   0: 0x80011d1c (0x0000bfe5) c.j     pc - 8
core   0: 3 0x80011d1c (0xbfe5)
core   0: 0x80011d14 (0x00001f17) auipc   t5, 0x1
core   0: 3 0x80011d14 (0x00001f17) x30 0x80012d14
core   0: 0x80011d18 (0x2e3f2623) sw      gp, 748(t5)
core   0: 3 0x80011d18 (0x2e3f2623) mem 0x80013000 0x00000001
core   0: 0x80011d1c (0x0000bfe5) c.j     pc - 8
core   0: 3 0x80011d1c (0xbfe5)
core   0: 0x80011d14 (0x00001f17) auipc   t5, 0x1
core   0: 3 0x80011d14 (0x00001f17) x30 0x80012d14
core   0: 0x80011d18 (0x2e3f2623) sw      gp, 748(t5)
core   0: 3 0x80011d18 (0x2e3f2623) mem 0x80013000 0x00000001
core   0: 0x80011d1c (0x0000bfe5) c.j     pc - 8
core   0: 3 0x80011d1c (0xbfe5)
core   0: 0x80011d14 (0x00001f17) auipc   t5, 0x1
core   0: 3 0x80011d14 (0x00001f17) x30 0x80012d14
core   0: 0x80011d18 (0x2e3f2623) sw      gp, 748(t5)
core   0: 3 0x80011d18 (0x2e3f2623) mem 0x80013000 0x00000001
core   0: 0x80011d1c (0x0000bfe5) c.j     pc - 8
core   0: 3 0x80011d1c (0xbfe5)
core   0: 0x80011d14 (0x00001f17) auipc   t5, 0x1
core   0: 3 0x80011d14 (0x00001f17) x30 0x80012d14
core   0: 0x80011d18 (0x2e3f2623) sw      gp, 748(t5)
core   0: 3 0x80011d18 (0x2e3f2623) mem 0x80013000 0x00000001
core   0: 0x80011d1c (0x0000bfe5) c.j     pc - 8
core   0: 3 0x80011d1c (0xbfe5)
core   0: 0x80011d14 (0x00001f17) auipc   t5, 0x1
core   0: 3 0x80011d14 (0x00001f17) x30 0x80012d14
core   0: 0x80011d18 (0x2e3f2623) sw      gp, 748(t5)
core   0: 3 0x80011d18 (0x2e3f2623) mem 0x80013000 0x00000001
core   0: 0x80011d1c (0x0000bfe5) c.j     pc - 8
core   0: 3 0x80011d1c (0xbfe5)
core   0: 0x80011d14 (0x00001f17) auipc   t5, 0x1
core   0: 3 0x80011d14 (0x00001f17) x30 0x80012d14
core   0: 0x80011d18 (0x2e3f2623) sw      gp, 748(t5)
core   0: 3 0x80011d18 (0x2e3f2623) mem 0x80013000 0x00000001
core   0: 0x80011d1c (0x0000bfe5) c.j     pc - 8
core   0: 3 0x80011d1c (0xbfe5)
core   0: 0x80011d14 (0x00001f17) auipc   t5, 0x1
core   0: 3 0x80011d14 (0x00001f17) x30 0x80012d14
core   0: 0x80011d18 (0x2e3f2623) sw      gp, 748(t5)
core   0: 3 0x80011d18 (0x2e3f2623) mem 0x80013000 0x00000001
core   0: 0x80011d1c (0x0000bfe5) c.j     pc - 8
core   0: 3 0x80011d1c (0xbfe5)
core   0: 0x80011d14 (0x00001f17) auipc   t5, 0x1
core   0: 3 0x80011d14 (0x00001f17) x30 0x80012d14
core   0: 0x80011d18 (0x2e3f2623) sw      gp, 748(t5)
core   0: 3 0x80011d18 (0x2e3f2623) mem 0x80013000 0x00000001
core   0: 0x80011d1c (0x0000bfe5) c.j     pc - 8
core   0: 3 0x80011d1c (0xbfe5)
core   0: 0x80011d14 (0x00001f17) auipc   t5, 0x1
core   0: 3 0x80011d14 (0x00001f17) x30 0x80012d14
core   0: 0x80011d18 (0x2e3f2623) sw      gp, 748(t5)
core   0: 3 0x80011d18 (0x2e3f2623) mem 0x80013000 0x00000001
core   0: 0x80011d1c (0x0000bfe5) c.j     pc - 8
core   0: 3 0x80011d1c (0xbfe5)
core   0: 0x80011d14 (0x00001f17) auipc   t5, 0x1
core   0: 3 0x80011d14 (0x00001f17) x30 0x80012d14
core   0: 0x80011d18 (0x2e3f2623) sw      gp, 748(t5)
core   0: 3 0x80011d18 (0x2e3f2623) mem 0x80013000 0x00000001
core   0: 0x80011d1c (0x0000bfe5) c.j     pc - 8
core   0: 3 0x80011d1c (0xbfe5)
core   0: 0x80011d14 (0x00001f17) auipc   t5, 0x1
core   0: 3 0x80011d14 (0x00001f17) x30 0x80012d14
core   0: 0x80011d18 (0x2e3f2623) sw      gp, 748(t5)
core   0: 3 0x80011d18 (0x2e3f2623) mem 0x80013000 0x00000001
core   0: 0x80011d1c (0x0000bfe5) c.j     pc - 8
core   0: 3 0x80011d1c (0xbfe5)
core   0: 0x80011d14 (0x00001f17) auipc   t5, 0x1
core   0: 3 0x80011d14 (0x00001f17) x30 0x80012d14
core   0: 0x80011d18 (0x2e3f2623) sw      gp, 748(t5)
core   0: 3 0x80011d18 (0x2e3f2623) mem 0x80013000 0x00000001
core   0: 0x80011d1c (0x0000bfe5) c.j     pc - 8
core   0: 3 0x80011d1c (0xbfe5)
core   0: 0x80011d14 (0x00001f17) auipc   t5, 0x1
core   0: 3 0x80011d14 (0x00001f17) x30 0x80012d14
core   0: 0x80011d18 (0x2e3f2623) sw      gp, 748(t5)
core   0: 3 0x80011d18 (0x2e3f2623) mem 0x80013000 0x00000001
core   0: 0x80011d1c (0x0000bfe5) c.j     pc - 8
core   0: 3 0x80011d1c (0xbfe5)
core   0: 0x80011d14 (0x00001f17) auipc   t5, 0x1
core   0: 3 0x80011d14 (0x00001f17) x30 0x80012d14
core   0: 0x80011d18 (0x2e3f2623) sw      gp, 748(t5)
core   0: 3 0x80011d18 (0x2e3f2623) mem 0x80013000 0x00000001
core   0: 0x80011d1c (0x0000bfe5) c.j     pc - 8
core   0: 3 0x80011d1c (0xbfe5)
core   0: 0x80011d14 (0x00001f17) auipc   t5, 0x1
core   0: 3 0x80011d14 (0x00001f17) x30 0x80012d14
core   0: 0x80011d18 (0x2e3f2623) sw      gp, 748(t5)
core   0: 3 0x80011d18 (0x2e3f2623) mem 0x80013000 0x00000001
core   0: 0x80011d1c (0x0000bfe5) c.j     pc - 8
core   0: 3 0x80011d1c (0xbfe5)
core   0: 0x80011d14 (0x00001f17) auipc   t5, 0x1
core   0: 3 0x80011d14 (0x00001f17) x30 0x80012d14
core   0: 0x80011d18 (0x2e3f2623) sw      gp, 748(t5)
core   0: 3 0x80011d18 (0x2e3f2623) mem 0x80013000 0x00000001
core   0: 0x80011d1c (0x0000bfe5) c.j     pc - 8
core   0: 3 0x80011d1c (0xbfe5)
core   0: 0x80011d14 (0x00001f17) auipc   t5, 0x1
core   0: 3 0x80011d14 (0x00001f17) x30 0x80012d14
core   0: 0x80011d18 (0x2e3f2623) sw      gp, 748(t5)
core   0: 3 0x80011d18 (0x2e3f2623) mem 0x80013000 0x00000001
core   0: 0x80011d1c (0x0000bfe5) c.j     pc - 8
core   0: 3 0x80011d1c (0xbfe5)
core   0: 0x80011d14 (0x00001f17) auipc   t5, 0x1
core   0: 3 0x80011d14 (0x00001f17) x30 0x80012d14
core   0: 0x80011d18 (0x2e3f2623) sw      gp, 748(t5)
core   0: 3 0x80011d18 (0x2e3f2623) mem 0x80013000 0x00000001
core   0: 0x80011d1c (0x0000bfe5) c.j     pc - 8
core   0: 3 0x80011d1c (0xbfe5)
core   0: 0x80011d14 (0x00001f17) auipc   t5, 0x1
core   0: 3 0x80011d14 (0x00001f17) x30 0x80012d14
core   0: 0x80011d18 (0x2e3f2623) sw      gp, 748(t5)
core   0: 3 0x80011d18 (0x2e3f2623) mem 0x80013000 0x00000001
core   0: 0x80011d1c (0x0000bfe5) c.j     pc - 8
core   0: 3 0x80011d1c (0xbfe5)
core   0: 0x80011d14 (0x00001f17) auipc   t5, 0x1
core   0: 3 0x80011d14 (0x00001f17) x30 0x80012d14
core   0: 0x80011d18 (0x2e3f2623) sw      gp, 748(t5)
core   0: 3 0x80011d18 (0x2e3f2623) mem 0x80013000 0x00000001
core   0: 0x80011d1c (0x0000bfe5) c.j     pc - 8
core   0: 3 0x80011d1c (0xbfe5)
core   0: 0x80011d14 (0x00001f17) auipc   t5, 0x1
core   0: 3 0x80011d14 (0x00001f17) x30 0x80012d14
core   0: 0x80011d18 (0x2e3f2623) sw      gp, 748(t5)
core   0: 3 0x80011d18 (0x2e3f2623) mem 0x80013000 0x00000001
core   0: 0x80011d1c (0x0000bfe5) c.j     pc - 8
core   0: 3 0x80011d1c (0xbfe5)
core   0: 0x80011d14 (0x00001f17) auipc   t5, 0x1
core   0: 3 0x80011d14 (0x00001f17) x30 0x80012d14
core   0: 0x80011d18 (0x2e3f2623) sw      gp, 748(t5)
core   0: 3 0x80011d18 (0x2e3f2623) mem 0x80013000 0x00000001
core   0: 0x80011d1c (0x0000bfe5) c.j     pc - 8
core   0: 3 0x80011d1c (0xbfe5)
core   0: 0x80011d14 (0x00001f17) auipc   t5, 0x1
core   0: 3 0x80011d14 (0x00001f17) x30 0x80012d14
core   0: 0x80011d18 (0x2e3f2623) sw      gp, 748(t5)
core   0: 3 0x80011d18 (0x2e3f2623) mem 0x80013000 0x00000001
core   0: 0x80011d1c (0x0000bfe5) c.j     pc - 8
core   0: 3 0x80011d1c (0xbfe5)
core   0: 0x80011d14 (0x00001f17) auipc   t5, 0x1
core   0: 3 0x80011d14 (0x00001f17) x30 0x80012d14
core   0: 0x80011d18 (0x2e3f2623) sw      gp, 748(t5)
core   0: 3 0x80011d18 (0x2e3f2623) mem 0x80013000 0x00000001
core   0: 0x80011d1c (0x0000bfe5) c.j     pc - 8
core   0: 3 0x80011d1c (0xbfe5)
core   0: 0x80011d14 (0x00001f17) auipc   t5, 0x1
core   0: 3 0x80011d14 (0x00001f17) x30 0x80012d14
core   0: 0x80011d18 (0x2e3f2623) sw      gp, 748(t5)
core   0: 3 0x80011d18 (0x2e3f2623) mem 0x80013000 0x00000001
core   0: 0x80011d1c (0x0000bfe5) c.j     pc - 8
core   0: 3 0x80011d1c (0xbfe5)
core   0: 0x80011d14 (0x00001f17) auipc   t5, 0x1
core   0: 3 0x80011d14 (0x00001f17) x30 0x80012d14
core   0: 0x80011d18 (0x2e3f2623) sw      gp, 748(t5)
core   0: 3 0x80011d18 (0x2e3f2623) mem 0x80013000 0x00000001
core   0: 0x80011d1c (0x0000bfe5) c.j     pc - 8
core   0: 3 0x80011d1c (0xbfe5)
core   0: 0x80011d14 (0x00001f17) auipc   t5, 0x1
core   0: 3 0x80011d14 (0x00001f17) x30 0x80012d14
core   0: 0x80011d18 (0x2e3f2623) sw      gp, 748(t5)
core   0: 3 0x80011d18 (0x2e3f2623) mem 0x80013000 0x00000001
core   0: 0x80011d1c (0x0000bfe5) c.j     pc - 8
core   0: 3 0x80011d1c (0xbfe5)
core   0: 0x80011d14 (0x00001f17) auipc   t5, 0x1
core   0: 3 0x80011d14 (0x00001f17) x30 0x80012d14
core   0: 0x80011d18 (0x2e3f2623) sw      gp, 748(t5)
core   0: 3 0x80011d18 (0x2e3f2623) mem 0x80013000 0x00000001
core   0: 0x80011d1c (0x0000bfe5) c.j     pc - 8
core   0: 3 0x80011d1c (0xbfe5)
core   0: 0x80011d14 (0x00001f17) auipc   t5, 0x1
core   0: 3 0x80011d14 (0x00001f17) x30 0x80012d14
core   0: 0x80011d18 (0x2e3f2623) sw      gp, 748(t5)
core   0: 3 0x80011d18 (0x2e3f2623) mem 0x80013000 0x00000001
core   0: 0x80011d1c (0x0000bfe5) c.j     pc - 8
core   0: 3 0x80011d1c (0xbfe5)
core   0: 0x80011d14 (0x00001f17) auipc   t5, 0x1
core   0: 3 0x80011d14 (0x00001f17) x30 0x80012d14
core   0: 0x80011d18 (0x2e3f2623) sw      gp, 748(t5)
core   0: 3 0x80011d18 (0x2e3f2623) mem 0x80013000 0x00000001
core   0: 0x80011d1c (0x0000bfe5) c.j     pc - 8
core   0: 3 0x80011d1c (0xbfe5)
core   0: 0x80011d14 (0x00001f17) auipc   t5, 0x1
core   0: 3 0x80011d14 (0x00001f17) x30 0x80012d14
core   0: 0x80011d18 (0x2e3f2623) sw      gp, 748(t5)
core   0: 3 0x80011d18 (0x2e3f2623) mem 0x80013000 0x00000001
core   0: 0x80011d1c (0x0000bfe5) c.j     pc - 8
core   0: 3 0x80011d1c (0xbfe5)
core   0: 0x80011d14 (0x00001f17) auipc   t5, 0x1
core   0: 3 0x80011d14 (0x00001f17) x30 0x80012d14
core   0: 0x80011d18 (0x2e3f2623) sw      gp, 748(t5)
core   0: 3 0x80011d18 (0x2e3f2623) mem 0x80013000 0x00000001
core   0: 0x80011d1c (0x0000bfe5) c.j     pc - 8
core   0: 3 0x80011d1c (0xbfe5)
core   0: 0x80011d14 (0x00001f17) auipc   t5, 0x1
core   0: 3 0x80011d14 (0x00001f17) x30 0x80012d14
core   0: 0x80011d18 (0x2e3f2623) sw      gp, 748(t5)
core   0: 3 0x80011d18 (0x2e3f2623) mem 0x80013000 0x00000001
core   0: 0x80011d1c (0x0000bfe5) c.j     pc - 8
core   0: 3 0x80011d1c (0xbfe5)
core   0: 0x80011d14 (0x00001f17) auipc   t5, 0x1
core   0: 3 0x80011d14 (0x00001f17) x30 0x80012d14
core   0: 0x80011d18 (0x2e3f2623) sw      gp, 748(t5)
core   0: 3 0x80011d18 (0x2e3f2623) mem 0x80013000 0x00000001
core   0: 0x80011d1c (0x0000bfe5) c.j     pc - 8
core   0: 3 0x80011d1c (0xbfe5)
core   0: 0x80011d14 (0x00001f17) auipc   t5, 0x1
core   0: 3 0x80011d14 (0x00001f17) x30 0x80012d14
core   0: 0x80011d18 (0x2e3f2623) sw      gp, 748(t5)
core   0: 3 0x80011d18 (0x2e3f2623) mem 0x80013000 0x00000001
core   0: 0x80011d1c (0x0000bfe5) c.j     pc - 8
core   0: 3 0x80011d1c (0xbfe5)
core   0: 0x80011d14 (0x00001f17) auipc   t5, 0x1
core   0: 3 0x80011d14 (0x00001f17) x30 0x80012d14
core   0: 0x80011d18 (0x2e3f2623) sw      gp, 748(t5)
core   0: 3 0x80011d18 (0x2e3f2623) mem 0x80013000 0x00000001
core   0: 0x80011d1c (0x0000bfe5) c.j     pc - 8
core   0: 3 0x80011d1c (0xbfe5)
core   0: 0x80011d14 (0x00001f17) auipc   t5, 0x1
core   0: 3 0x80011d14 (0x00001f17) x30 0x80012d14
core   0: 0x80011d18 (0x2e3f2623) sw      gp, 748(t5)
core   0: 3 0x80011d18 (0x2e3f2623) mem 0x80013000 0x00000001
core   0: 0x80011d1c (0x0000bfe5) c.j     pc - 8
core   0: 3 0x80011d1c (0xbfe5)
core   0: 0x80011d14 (0x00001f17) auipc   t5, 0x1
core   0: 3 0x80011d14 (0x00001f17) x30 0x80012d14
core   0: 0x80011d18 (0x2e3f2623) sw      gp, 748(t5)
core   0: 3 0x80011d18 (0x2e3f2623) mem 0x80013000 0x00000001
core   0: 0x80011d1c (0x0000bfe5) c.j     pc - 8
core   0: 3 0x80011d1c (0xbfe5)
core   0: 0x80011d14 (0x00001f17) auipc   t5, 0x1
core   0: 3 0x80011d14 (0x00001f17) x30 0x80012d14
core   0: 0x80011d18 (0x2e3f2623) sw      gp, 748(t5)
core   0: 3 0x80011d18 (0x2e3f2623) mem 0x80013000 0x00000001
core   0: 0x80011d1c (0x0000bfe5) c.j     pc - 8
core   0: 3 0x80011d1c (0xbfe5)
core   0: 0x80011d14 (0x00001f17) auipc   t5, 0x1
core   0: 3 0x80011d14 (0x00001f17) x30 0x80012d14
core   0: 0x80011d18 (0x2e3f2623) sw      gp, 748(t5)
core   0: 3 0x80011d18 (0x2e3f2623) mem 0x80013000 0x00000001
core   0: 0x80011d1c (0x0000bfe5) c.j     pc - 8
core   0: 3 0x80011d1c (0xbfe5)
core   0: 0x80011d14 (0x00001f17) auipc   t5, 0x1
core   0: 3 0x80011d14 (0x00001f17) x30 0x80012d14
core   0: 0x80011d18 (0x2e3f2623) sw      gp, 748(t5)
core   0: 3 0x80011d18 (0x2e3f2623) mem 0x80013000 0x00000001
core   0: 0x80011d1c (0x0000bfe5) c.j     pc - 8
core   0: 3 0x80011d1c (0xbfe5)
core   0: 0x80011d14 (0x00001f17) auipc   t5, 0x1
core   0: 3 0x80011d14 (0x00001f17) x30 0x80012d14
core   0: 0x80011d18 (0x2e3f2623) sw      gp, 748(t5)
core   0: 3 0x80011d18 (0x2e3f2623) mem 0x80013000 0x00000001
core   0: 0x80011d1c (0x0000bfe5) c.j     pc - 8
core   0: 3 0x80011d1c (0xbfe5)
core   0: 0x80011d14 (0x00001f17) auipc   t5, 0x1
core   0: 3 0x80011d14 (0x00001f17) x30 0x80012d14
core   0: 0x80011d18 (0x2e3f2623) sw      gp, 748(t5)
core   0: 3 0x80011d18 (0x2e3f2623) mem 0x80013000 0x00000001
core   0: 0x80011d1c (0x0000bfe5) c.j     pc - 8
core   0: 3 0x80011d1c (0xbfe5)
core   0: 0x80011d14 (0x00001f17) auipc   t5, 0x1
core   0: 3 0x80011d14 (0x00001f17) x30 0x80012d14
core   0: 0x80011d18 (0x2e3f2623) sw      gp, 748(t5)
core   0: 3 0x80011d18 (0x2e3f2623) mem 0x80013000 0x00000001
core   0: 0x80011d1c (0x0000bfe5) c.j     pc - 8
core   0: 3 0x80011d1c (0xbfe5)
core   0: 0x80011d14 (0x00001f17) auipc   t5, 0x1
core   0: 3 0x80011d14 (0x00001f17) x30 0x80012d14
core   0: 0x80011d18 (0x2e3f2623) sw      gp, 748(t5)
core   0: 3 0x80011d18 (0x2e3f2623) mem 0x80013000 0x00000001
core   0: 0x80011d1c (0x0000bfe5) c.j     pc - 8
core   0: 3 0x80011d1c (0xbfe5)
core   0: 0x80011d14 (0x00001f17) auipc   t5, 0x1
core   0: 3 0x80011d14 (0x00001f17) x30 0x80012d14
core   0: 0x80011d18 (0x2e3f2623) sw      gp, 748(t5)
core   0: 3 0x80011d18 (0x2e3f2623) mem 0x80013000 0x00000001
core   0: 0x80011d1c (0x0000bfe5) c.j     pc - 8
core   0: 3 0x80011d1c (0xbfe5)
core   0: 0x80011d14 (0x00001f17) auipc   t5, 0x1
core   0: 3 0x80011d14 (0x00001f17) x30 0x80012d14
core   0: 0x80011d18 (0x2e3f2623) sw      gp, 748(t5)
core   0: 3 0x80011d18 (0x2e3f2623) mem 0x80013000 0x00000001
core   0: 0x80011d1c (0x0000bfe5) c.j     pc - 8
core   0: 3 0x80011d1c (0xbfe5)
core   0: 0x80011d14 (0x00001f17) auipc   t5, 0x1
core   0: 3 0x80011d14 (0x00001f17) x30 0x80012d14
core   0: 0x80011d18 (0x2e3f2623) sw      gp, 748(t5)
core   0: 3 0x80011d18 (0x2e3f2623) mem 0x80013000 0x00000001
core   0: 0x80011d1c (0x0000bfe5) c.j     pc - 8
core   0: 3 0x80011d1c (0xbfe5)
core   0: 0x80011d14 (0x00001f17) auipc   t5, 0x1
core   0: 3 0x80011d14 (0x00001f17) x30 0x80012d14
core   0: 0x80011d18 (0x2e3f2623) sw      gp, 748(t5)
core   0: 3 0x80011d18 (0x2e3f2623) mem 0x80013000 0x00000001
core   0: 0x80011d1c (0x0000bfe5) c.j     pc - 8
core   0: 3 0x80011d1c (0xbfe5)
core   0: 0x80011d14 (0x00001f17) auipc   t5, 0x1
core   0: 3 0x80011d14 (0x00001f17) x30 0x80012d14
core   0: 0x80011d18 (0x2e3f2623) sw      gp, 748(t5)
core   0: 3 0x80011d18 (0x2e3f2623) mem 0x80013000 0x00000001
core   0: 0x80011d1c (0x0000bfe5) c.j     pc - 8
core   0: 3 0x80011d1c (0xbfe5)
core   0: 0x80011d14 (0x00001f17) auipc   t5, 0x1
core   0: 3 0x80011d14 (0x00001f17) x30 0x80012d14
core   0: 0x80011d18 (0x2e3f2623) sw      gp, 748(t5)
core   0: 3 0x80011d18 (0x2e3f2623) mem 0x80013000 0x00000001
core   0: 0x80011d1c (0x0000bfe5) c.j     pc - 8
core   0: 3 0x80011d1c (0xbfe5)
core   0: 0x80011d14 (0x00001f17) auipc   t5, 0x1
core   0: 3 0x80011d14 (0x00001f17) x30 0x80012d14
core   0: 0x80011d18 (0x2e3f2623) sw      gp, 748(t5)
core   0: 3 0x80011d18 (0x2e3f2623) mem 0x80013000 0x00000001
core   0: 0x80011d1c (0x0000bfe5) c.j     pc - 8
core   0: 3 0x80011d1c (0xbfe5)
core   0: 0x80011d14 (0x00001f17) auipc   t5, 0x1
core   0: 3 0x80011d14 (0x00001f17) x30 0x80012d14
core   0: 0x80011d18 (0x2e3f2623) sw      gp, 748(t5)
core   0: 3 0x80011d18 (0x2e3f2623) mem 0x80013000 0x00000001
core   0: 0x80011d1c (0x0000bfe5) c.j     pc - 8
core   0: 3 0x80011d1c (0xbfe5)
core   0: 0x80011d14 (0x00001f17) auipc   t5, 0x1
core   0: 3 0x80011d14 (0x00001f17) x30 0x80012d14
core   0: 0x80011d18 (0x2e3f2623) sw      gp, 748(t5)
core   0: 3 0x80011d18 (0x2e3f2623) mem 0x80013000 0x00000001
core   0: 0x80011d1c (0x0000bfe5) c.j     pc - 8
core   0: 3 0x80011d1c (0xbfe5)
core   0: 0x80011d14 (0x00001f17) auipc   t5, 0x1
core   0: 3 0x80011d14 (0x00001f17) x30 0x80012d14
core   0: 0x80011d18 (0x2e3f2623) sw      gp, 748(t5)
core   0: 3 0x80011d18 (0x2e3f2623) mem 0x80013000 0x00000001
core   0: 0x80011d1c (0x0000bfe5) c.j     pc - 8
core   0: 3 0x80011d1c (0xbfe5)
core   0: 0x80011d14 (0x00001f17) auipc   t5, 0x1
core   0: 3 0x80011d14 (0x00001f17) x30 0x80012d14
core   0: 0x80011d18 (0x2e3f2623) sw      gp, 748(t5)
core   0: 3 0x80011d18 (0x2e3f2623) mem 0x80013000 0x00000001
core   0: 0x80011d1c (0x0000bfe5) c.j     pc - 8
core   0: 3 0x80011d1c (0xbfe5)
core   0: 0x80011d14 (0x00001f17) auipc   t5, 0x1
core   0: 3 0x80011d14 (0x00001f17) x30 0x80012d14
core   0: 0x80011d18 (0x2e3f2623) sw      gp, 748(t5)
core   0: 3 0x80011d18 (0x2e3f2623) mem 0x80013000 0x00000001
core   0: 0x80011d1c (0x0000bfe5) c.j     pc - 8
core   0: 3 0x80011d1c (0xbfe5)
core   0: 0x80011d14 (0x00001f17) auipc   t5, 0x1
core   0: 3 0x80011d14 (0x00001f17) x30 0x80012d14
core   0: 0x80011d18 (0x2e3f2623) sw      gp, 748(t5)
core   0: 3 0x80011d18 (0x2e3f2623) mem 0x80013000 0x00000001
core   0: 0x80011d1c (0x0000bfe5) c.j     pc - 8
core   0: 3 0x80011d1c (0xbfe5)
core   0: 0x80011d14 (0x00001f17) auipc   t5, 0x1
core   0: 3 0x80011d14 (0x00001f17) x30 0x80012d14
core   0: 0x80011d18 (0x2e3f2623) sw      gp, 748(t5)
core   0: 3 0x80011d18 (0x2e3f2623) mem 0x80013000 0x00000001
core   0: 0x80011d1c (0x0000bfe5) c.j     pc - 8
core   0: 3 0x80011d1c (0xbfe5)
core   0: 0x80011d14 (0x00001f17) auipc   t5, 0x1
core   0: 3 0x80011d14 (0x00001f17) x30 0x80012d14
core   0: 0x80011d18 (0x2e3f2623) sw      gp, 748(t5)
core   0: 3 0x80011d18 (0x2e3f2623) mem 0x80013000 0x00000001
core   0: 0x80011d1c (0x0000bfe5) c.j     pc - 8
core   0: 3 0x80011d1c (0xbfe5)
core   0: 0x80011d14 (0x00001f17) auipc   t5, 0x1
core   0: 3 0x80011d14 (0x00001f17) x30 0x80012d14
core   0: 0x80011d18 (0x2e3f2623) sw      gp, 748(t5)
core   0: 3 0x80011d18 (0x2e3f2623) mem 0x80013000 0x00000001
core   0: 0x80011d1c (0x0000bfe5) c.j     pc - 8
core   0: 3 0x80011d1c (0xbfe5)
core   0: 0x80011d14 (0x00001f17) auipc   t5, 0x1
core   0: 3 0x80011d14 (0x00001f17) x30 0x80012d14
core   0: 0x80011d18 (0x2e3f2623) sw      gp, 748(t5)
core   0: 3 0x80011d18 (0x2e3f2623) mem 0x80013000 0x00000001
core   0: 0x80011d1c (0x0000bfe5) c.j     pc - 8
core   0: 3 0x80011d1c (0xbfe5)
core   0: 0x80011d14 (0x00001f17) auipc   t5, 0x1
core   0: 3 0x80011d14 (0x00001f17) x30 0x80012d14
core   0: 0x80011d18 (0x2e3f2623) sw      gp, 748(t5)
core   0: 3 0x80011d18 (0x2e3f2623) mem 0x80013000 0x00000001
core   0: 0x80011d1c (0x0000bfe5) c.j     pc - 8
core   0: 3 0x80011d1c (0xbfe5)
core   0: 0x80011d14 (0x00001f17) auipc   t5, 0x1
core   0: 3 0x80011d14 (0x00001f17) x30 0x80012d14
core   0: 0x80011d18 (0x2e3f2623) sw      gp, 748(t5)
core   0: 3 0x80011d18 (0x2e3f2623) mem 0x80013000 0x00000001
core   0: 0x80011d1c (0x0000bfe5) c.j     pc - 8
core   0: 3 0x80011d1c (0xbfe5)
core   0: 0x80011d14 (0x00001f17) auipc   t5, 0x1
core   0: 3 0x80011d14 (0x00001f17) x30 0x80012d14
core   0: 0x80011d18 (0x2e3f2623) sw      gp, 748(t5)
core   0: 3 0x80011d18 (0x2e3f2623) mem 0x80013000 0x00000001
core   0: 0x80011d1c (0x0000bfe5) c.j     pc - 8
core   0: 3 0x80011d1c (0xbfe5)
core   0: 0x80011d14 (0x00001f17) auipc   t5, 0x1
core   0: 3 0x80011d14 (0x00001f17) x30 0x80012d14
core   0: 0x80011d18 (0x2e3f2623) sw      gp, 748(t5)
core   0: 3 0x80011d18 (0x2e3f2623) mem 0x80013000 0x00000001
core   0: 0x80011d1c (0x0000bfe5) c.j     pc - 8
core   0: 3 0x80011d1c (0xbfe5)
core   0: 0x80011d14 (0x00001f17) auipc   t5, 0x1
core   0: 3 0x80011d14 (0x00001f17) x30 0x80012d14
core   0: 0x80011d18 (0x2e3f2623) sw      gp, 748(t5)
core   0: 3 0x80011d18 (0x2e3f2623) mem 0x80013000 0x00000001
core   0: 0x80011d1c (0x0000bfe5) c.j     pc - 8
core   0: 3 0x80011d1c (0xbfe5)
core   0: 0x80011d14 (0x00001f17) auipc   t5, 0x1
core   0: 3 0x80011d14 (0x00001f17) x30 0x80012d14
core   0: 0x80011d18 (0x2e3f2623) sw      gp, 748(t5)
core   0: 3 0x80011d18 (0x2e3f2623) mem 0x80013000 0x00000001
core   0: 0x80011d1c (0x0000bfe5) c.j     pc - 8
core   0: 3 0x80011d1c (0xbfe5)
core   0: 0x80011d14 (0x00001f17) auipc   t5, 0x1
core   0: 3 0x80011d14 (0x00001f17) x30 0x80012d14
core   0: 0x80011d18 (0x2e3f2623) sw      gp, 748(t5)
core   0: 3 0x80011d18 (0x2e3f2623) mem 0x80013000 0x00000001
core   0: 0x80011d1c (0x0000bfe5) c.j     pc - 8
core   0: 3 0x80011d1c (0xbfe5)
core   0: 0x80011d14 (0x00001f17) auipc   t5, 0x1
core   0: 3 0x80011d14 (0x00001f17) x30 0x80012d14
core   0: 0x80011d18 (0x2e3f2623) sw      gp, 748(t5)
core   0: 3 0x80011d18 (0x2e3f2623) mem 0x80013000 0x00000001
core   0: 0x80011d1c (0x0000bfe5) c.j     pc - 8
core   0: 3 0x80011d1c (0xbfe5)
core   0: 0x80011d14 (0x00001f17) auipc   t5, 0x1
core   0: 3 0x80011d14 (0x00001f17) x30 0x80012d14
core   0: 0x80011d18 (0x2e3f2623) sw      gp, 748(t5)
core   0: 3 0x80011d18 (0x2e3f2623) mem 0x80013000 0x00000001
core   0: 0x80011d1c (0x0000bfe5) c.j     pc - 8
core   0: 3 0x80011d1c (0xbfe5)
core   0: 0x80011d14 (0x00001f17) auipc   t5, 0x1
core   0: 3 0x80011d14 (0x00001f17) x30 0x80012d14
core   0: 0x80011d18 (0x2e3f2623) sw      gp, 748(t5)
core   0: 3 0x80011d18 (0x2e3f2623) mem 0x80013000 0x00000001
core   0: 0x80011d1c (0x0000bfe5) c.j     pc - 8
core   0: 3 0x80011d1c (0xbfe5)
core   0: 0x80011d14 (0x00001f17) auipc   t5, 0x1
core   0: 3 0x80011d14 (0x00001f17) x30 0x80012d14
core   0: 0x80011d18 (0x2e3f2623) sw      gp, 748(t5)
core   0: 3 0x80011d18 (0x2e3f2623) mem 0x80013000 0x00000001
core   0: 0x80011d1c (0x0000bfe5) c.j     pc - 8
core   0: 3 0x80011d1c (0xbfe5)
core   0: 0x80011d14 (0x00001f17) auipc   t5, 0x1
core   0: 3 0x80011d14 (0x00001f17) x30 0x80012d14
core   0: 0x80011d18 (0x2e3f2623) sw      gp, 748(t5)
core   0: 3 0x80011d18 (0x2e3f2623) mem 0x80013000 0x00000001
core   0: 0x80011d1c (0x0000bfe5) c.j     pc - 8
core   0: 3 0x80011d1c (0xbfe5)
core   0: 0x80011d14 (0x00001f17) auipc   t5, 0x1
core   0: 3 0x80011d14 (0x00001f17) x30 0x80012d14
core   0: 0x80011d18 (0x2e3f2623) sw      gp, 748(t5)
core   0: 3 0x80011d18 (0x2e3f2623) mem 0x80013000 0x00000001
core   0: 0x80011d1c (0x0000bfe5) c.j     pc - 8
core   0: 3 0x80011d1c (0xbfe5)
core   0: 0x80011d14 (0x00001f17) auipc   t5, 0x1
core   0: 3 0x80011d14 (0x00001f17) x30 0x80012d14
core   0: 0x80011d18 (0x2e3f2623) sw      gp, 748(t5)
core   0: 3 0x80011d18 (0x2e3f2623) mem 0x80013000 0x00000001
core   0: 0x80011d1c (0x0000bfe5) c.j     pc - 8
core   0: 3 0x80011d1c (0xbfe5)
core   0: 0x80011d14 (0x00001f17) auipc   t5, 0x1
core   0: 3 0x80011d14 (0x00001f17) x30 0x80012d14
core   0: 0x80011d18 (0x2e3f2623) sw      gp, 748(t5)
core   0: 3 0x80011d18 (0x2e3f2623) mem 0x80013000 0x00000001
core   0: 0x80011d1c (0x0000bfe5) c.j     pc - 8
core   0: 3 0x80011d1c (0xbfe5)
core   0: 0x80011d14 (0x00001f17) auipc   t5, 0x1
core   0: 3 0x80011d14 (0x00001f17) x30 0x80012d14
core   0: 0x80011d18 (0x2e3f2623) sw      gp, 748(t5)
core   0: 3 0x80011d18 (0x2e3f2623) mem 0x80013000 0x00000001
core   0: 0x80011d1c (0x0000bfe5) c.j     pc - 8
core   0: 3 0x80011d1c (0xbfe5)
core   0: 0x80011d14 (0x00001f17) auipc   t5, 0x1
core   0: 3 0x80011d14 (0x00001f17) x30 0x80012d14
core   0: 0x80011d18 (0x2e3f2623) sw      gp, 748(t5)
core   0: 3 0x80011d18 (0x2e3f2623) mem 0x80013000 0x00000001
core   0: 0x80011d1c (0x0000bfe5) c.j     pc - 8
core   0: 3 0x80011d1c (0xbfe5)
core   0: 0x80011d14 (0x00001f17) auipc   t5, 0x1
core   0: 3 0x80011d14 (0x00001f17) x30 0x80012d14
core   0: 0x80011d18 (0x2e3f2623) sw      gp, 748(t5)
core   0: 3 0x80011d18 (0x2e3f2623) mem 0x80013000 0x00000001
core   0: 0x80011d1c (0x0000bfe5) c.j     pc - 8
core   0: 3 0x80011d1c (0xbfe5)
core   0: 0x80011d14 (0x00001f17) auipc   t5, 0x1
core   0: 3 0x80011d14 (0x00001f17) x30 0x80012d14
core   0: 0x80011d18 (0x2e3f2623) sw      gp, 748(t5)
core   0: 3 0x80011d18 (0x2e3f2623) mem 0x80013000 0x00000001
core   0: 0x80011d1c (0x0000bfe5) c.j     pc - 8
core   0: 3 0x80011d1c (0xbfe5)
core   0: 0x80011d14 (0x00001f17) auipc   t5, 0x1
core   0: 3 0x80011d14 (0x00001f17) x30 0x80012d14
core   0: 0x80011d18 (0x2e3f2623) sw      gp, 748(t5)
core   0: 3 0x80011d18 (0x2e3f2623) mem 0x80013000 0x00000001
core   0: 0x80011d1c (0x0000bfe5) c.j     pc - 8
core   0: 3 0x80011d1c (0xbfe5)
core   0: 0x80011d14 (0x00001f17) auipc   t5, 0x1
core   0: 3 0x80011d14 (0x00001f17) x30 0x80012d14
core   0: 0x80011d18 (0x2e3f2623) sw      gp, 748(t5)
core   0: 3 0x80011d18 (0x2e3f2623) mem 0x80013000 0x00000001
core   0: 0x80011d1c (0x0000bfe5) c.j     pc - 8
core   0: 3 0x80011d1c (0xbfe5)
core   0: 0x80011d14 (0x00001f17) auipc   t5, 0x1
core   0: 3 0x80011d14 (0x00001f17) x30 0x80012d14
core   0: 0x80011d18 (0x2e3f2623) sw      gp, 748(t5)
core   0: 3 0x80011d18 (0x2e3f2623) mem 0x80013000 0x00000001
core   0: 0x80011d1c (0x0000bfe5) c.j     pc - 8
core   0: 3 0x80011d1c (0xbfe5)
core   0: 0x80011d14 (0x00001f17) auipc   t5, 0x1
core   0: 3 0x80011d14 (0x00001f17) x30 0x80012d14
core   0: 0x80011d18 (0x2e3f2623) sw      gp, 748(t5)
core   0: 3 0x80011d18 (0x2e3f2623) mem 0x80013000 0x00000001
core   0: 0x80011d1c (0x0000bfe5) c.j     pc - 8
core   0: 3 0x80011d1c (0xbfe5)
core   0: 0x80011d14 (0x00001f17) auipc   t5, 0x1
core   0: 3 0x80011d14 (0x00001f17) x30 0x80012d14
core   0: 0x80011d18 (0x2e3f2623) sw      gp, 748(t5)
core   0: 3 0x80011d18 (0x2e3f2623) mem 0x80013000 0x00000001
core   0: 0x80011d1c (0x0000bfe5) c.j     pc - 8
core   0: 3 0x80011d1c (0xbfe5)
core   0: 0x80011d14 (0x00001f17) auipc   t5, 0x1
core   0: 3 0x80011d14 (0x00001f17) x30 0x80012d14
core   0: 0x80011d18 (0x2e3f2623) sw      gp, 748(t5)
core   0: 3 0x80011d18 (0x2e3f2623) mem 0x80013000 0x00000001
core   0: 0x80011d1c (0x0000bfe5) c.j     pc - 8
core   0: 3 0x80011d1c (0xbfe5)
core   0: 0x80011d14 (0x00001f17) auipc   t5, 0x1
core   0: 3 0x80011d14 (0x00001f17) x30 0x80012d14
core   0: 0x80011d18 (0x2e3f2623) sw      gp, 748(t5)
core   0: 3 0x80011d18 (0x2e3f2623) mem 0x80013000 0x00000001
core   0: 0x80011d1c (0x0000bfe5) c.j     pc - 8
core   0: 3 0x80011d1c (0xbfe5)
core   0: 0x80011d14 (0x00001f17) auipc   t5, 0x1
core   0: 3 0x80011d14 (0x00001f17) x30 0x80012d14
core   0: 0x80011d18 (0x2e3f2623) sw      gp, 748(t5)
core   0: 3 0x80011d18 (0x2e3f2623) mem 0x80013000 0x00000001
core   0: 0x80011d1c (0x0000bfe5) c.j     pc - 8
core   0: 3 0x80011d1c (0xbfe5)
core   0: 0x80011d14 (0x00001f17) auipc   t5, 0x1
core   0: 3 0x80011d14 (0x00001f17) x30 0x80012d14
core   0: 0x80011d18 (0x2e3f2623) sw      gp, 748(t5)
core   0: 3 0x80011d18 (0x2e3f2623) mem 0x80013000 0x00000001
core   0: 0x80011d1c (0x0000bfe5) c.j     pc - 8
core   0: 3 0x80011d1c (0xbfe5)
core   0: 0x80011d14 (0x00001f17) auipc   t5, 0x1
core   0: 3 0x80011d14 (0x00001f17) x30 0x80012d14
core   0: 0x80011d18 (0x2e3f2623) sw      gp, 748(t5)
core   0: 3 0x80011d18 (0x2e3f2623) mem 0x80013000 0x00000001
core   0: 0x80011d1c (0x0000bfe5) c.j     pc - 8
core   0: 3 0x80011d1c (0xbfe5)
core   0: 0x80011d14 (0x00001f17) auipc   t5, 0x1
core   0: 3 0x80011d14 (0x00001f17) x30 0x80012d14
core   0: 0x80011d18 (0x2e3f2623) sw      gp, 748(t5)
core   0: 3 0x80011d18 (0x2e3f2623) mem 0x80013000 0x00000001
core   0: 0x80011d1c (0x0000bfe5) c.j     pc - 8
core   0: 3 0x80011d1c (0xbfe5)
core   0: 0x80011d14 (0x00001f17) auipc   t5, 0x1
core   0: 3 0x80011d14 (0x00001f17) x30 0x80012d14
core   0: 0x80011d18 (0x2e3f2623) sw      gp, 748(t5)
core   0: 3 0x80011d18 (0x2e3f2623) mem 0x80013000 0x00000001
core   0: 0x80011d1c (0x0000bfe5) c.j     pc - 8
core   0: 3 0x80011d1c (0xbfe5)
core   0: 0x80011d14 (0x00001f17) auipc   t5, 0x1
core   0: 3 0x80011d14 (0x00001f17) x30 0x80012d14
core   0: 0x80011d18 (0x2e3f2623) sw      gp, 748(t5)
core   0: 3 0x80011d18 (0x2e3f2623) mem 0x80013000 0x00000001
core   0: 0x80011d1c (0x0000bfe5) c.j     pc - 8
core   0: 3 0x80011d1c (0xbfe5)
core   0: 0x80011d14 (0x00001f17) auipc   t5, 0x1
core   0: 3 0x80011d14 (0x00001f17) x30 0x80012d14
core   0: 0x80011d18 (0x2e3f2623) sw      gp, 748(t5)
core   0: 3 0x80011d18 (0x2e3f2623) mem 0x80013000 0x00000001
core   0: 0x80011d1c (0x0000bfe5) c.j     pc - 8
core   0: 3 0x80011d1c (0xbfe5)
core   0: 0x80011d14 (0x00001f17) auipc   t5, 0x1
core   0: 3 0x80011d14 (0x00001f17) x30 0x80012d14
core   0: 0x80011d18 (0x2e3f2623) sw      gp, 748(t5)
core   0: 3 0x80011d18 (0x2e3f2623) mem 0x80013000 0x00000001
core   0: 0x80011d1c (0x0000bfe5) c.j     pc - 8
core   0: 3 0x80011d1c (0xbfe5)
core   0: 0x80011d14 (0x00001f17) auipc   t5, 0x1
core   0: 3 0x80011d14 (0x00001f17) x30 0x80012d14
core   0: 0x80011d18 (0x2e3f2623) sw      gp, 748(t5)
core   0: 3 0x80011d18 (0x2e3f2623) mem 0x80013000 0x00000001
core   0: 0x80011d1c (0x0000bfe5) c.j     pc - 8
core   0: 3 0x80011d1c (0xbfe5)
core   0: 0x80011d14 (0x00001f17) auipc   t5, 0x1
core   0: 3 0x80011d14 (0x00001f17) x30 0x80012d14
core   0: 0x80011d18 (0x2e3f2623) sw      gp, 748(t5)
core   0: 3 0x80011d18 (0x2e3f2623) mem 0x80013000 0x00000001
core   0: 0x80011d1c (0x0000bfe5) c.j     pc - 8
core   0: 3 0x80011d1c (0xbfe5)
core   0: 0x80011d14 (0x00001f17) auipc   t5, 0x1
core   0: 3 0x80011d14 (0x00001f17) x30 0x80012d14
core   0: 0x80011d18 (0x2e3f2623) sw      gp, 748(t5)
core   0: 3 0x80011d18 (0x2e3f2623) mem 0x80013000 0x00000001
core   0: 0x80011d1c (0x0000bfe5) c.j     pc - 8
core   0: 3 0x80011d1c (0xbfe5)
core   0: 0x80011d14 (0x00001f17) auipc   t5, 0x1
core   0: 3 0x80011d14 (0x00001f17) x30 0x80012d14
core   0: 0x80011d18 (0x2e3f2623) sw      gp, 748(t5)
core   0: 3 0x80011d18 (0x2e3f2623) mem 0x80013000 0x00000001
core   0: 0x80011d1c (0x0000bfe5) c.j     pc - 8
core   0: 3 0x80011d1c (0xbfe5)
core   0: 0x80011d14 (0x00001f17) auipc   t5, 0x1
core   0: 3 0x80011d14 (0x00001f17) x30 0x80012d14
core   0: 0x80011d18 (0x2e3f2623) sw      gp, 748(t5)
core   0: 3 0x80011d18 (0x2e3f2623) mem 0x80013000 0x00000001
core   0: 0x80011d1c (0x0000bfe5) c.j     pc - 8
core   0: 3 0x80011d1c (0xbfe5)
core   0: 0x80011d14 (0x00001f17) auipc   t5, 0x1
core   0: 3 0x80011d14 (0x00001f17) x30 0x80012d14
core   0: 0x80011d18 (0x2e3f2623) sw      gp, 748(t5)
core   0: 3 0x80011d18 (0x2e3f2623) mem 0x80013000 0x00000001
core   0: 0x80011d1c (0x0000bfe5) c.j     pc - 8
core   0: 3 0x80011d1c (0xbfe5)
core   0: 0x80011d14 (0x00001f17) auipc   t5, 0x1
core   0: 3 0x80011d14 (0x00001f17) x30 0x80012d14
core   0: 0x80011d18 (0x2e3f2623) sw      gp, 748(t5)
core   0: 3 0x80011d18 (0x2e3f2623) mem 0x80013000 0x00000001
core   0: 0x80011d1c (0x0000bfe5) c.j     pc - 8
core   0: 3 0x80011d1c (0xbfe5)
core   0: 0x80011d14 (0x00001f17) auipc   t5, 0x1
core   0: 3 0x80011d14 (0x00001f17) x30 0x80012d14
core   0: 0x80011d18 (0x2e3f2623) sw      gp, 748(t5)
core   0: 3 0x80011d18 (0x2e3f2623) mem 0x80013000 0x00000001
core   0: 0x80011d1c (0x0000bfe5) c.j     pc - 8
core   0: 3 0x80011d1c (0xbfe5)
core   0: 0x80011d14 (0x00001f17) auipc   t5, 0x1
core   0: 3 0x80011d14 (0x00001f17) x30 0x80012d14
core   0: 0x80011d18 (0x2e3f2623) sw      gp, 748(t5)
core   0: 3 0x80011d18 (0x2e3f2623) mem 0x80013000 0x00000001
core   0: 0x80011d1c (0x0000bfe5) c.j     pc - 8
core   0: 3 0x80011d1c (0xbfe5)
core   0: 0x80011d14 (0x00001f17) auipc   t5, 0x1
core   0: 3 0x80011d14 (0x00001f17) x30 0x80012d14
core   0: 0x80011d18 (0x2e3f2623) sw      gp, 748(t5)
core   0: 3 0x80011d18 (0x2e3f2623) mem 0x80013000 0x00000001
core   0: 0x80011d1c (0x0000bfe5) c.j     pc - 8
core   0: 3 0x80011d1c (0xbfe5)
core   0: 0x80011d14 (0x00001f17) auipc   t5, 0x1
core   0: 3 0x80011d14 (0x00001f17) x30 0x80012d14
core   0: 0x80011d18 (0x2e3f2623) sw      gp, 748(t5)
core   0: 3 0x80011d18 (0x2e3f2623) mem 0x80013000 0x00000001
core   0: 0x80011d1c (0x0000bfe5) c.j     pc - 8
core   0: 3 0x80011d1c (0xbfe5)
core   0: 0x80011d14 (0x00001f17) auipc   t5, 0x1
core   0: 3 0x80011d14 (0x00001f17) x30 0x80012d14
core   0: 0x80011d18 (0x2e3f2623) sw      gp, 748(t5)
core   0: 3 0x80011d18 (0x2e3f2623) mem 0x80013000 0x00000001
core   0: 0x80011d1c (0x0000bfe5) c.j     pc - 8
core   0: 3 0x80011d1c (0xbfe5)
core   0: 0x80011d14 (0x00001f17) auipc   t5, 0x1
core   0: 3 0x80011d14 (0x00001f17) x30 0x80012d14
core   0: 0x80011d18 (0x2e3f2623) sw      gp, 748(t5)
core   0: 3 0x80011d18 (0x2e3f2623) mem 0x80013000 0x00000001
core   0: 0x80011d1c (0x0000bfe5) c.j     pc - 8
core   0: 3 0x80011d1c (0xbfe5)
core   0: 0x80011d14 (0x00001f17) auipc   t5, 0x1
core   0: 3 0x80011d14 (0x00001f17) x30 0x80012d14
core   0: 0x80011d18 (0x2e3f2623) sw      gp, 748(t5)
core   0: 3 0x80011d18 (0x2e3f2623) mem 0x80013000 0x00000001
core   0: 0x80011d1c (0x0000bfe5) c.j     pc - 8
core   0: 3 0x80011d1c (0xbfe5)
core   0: 0x80011d14 (0x00001f17) auipc   t5, 0x1
core   0: 3 0x80011d14 (0x00001f17) x30 0x80012d14
core   0: 0x80011d18 (0x2e3f2623) sw      gp, 748(t5)
core   0: 3 0x80011d18 (0x2e3f2623) mem 0x80013000 0x00000001
core   0: 0x80011d1c (0x0000bfe5) c.j     pc - 8
core   0: 3 0x80011d1c (0xbfe5)
core   0: 0x80011d14 (0x00001f17) auipc   t5, 0x1
core   0: 3 0x80011d14 (0x00001f17) x30 0x80012d14
core   0: 0x80011d18 (0x2e3f2623) sw      gp, 748(t5)
core   0: 3 0x80011d18 (0x2e3f2623) mem 0x80013000 0x00000001
core   0: 0x80011d1c (0x0000bfe5) c.j     pc - 8
core   0: 3 0x80011d1c (0xbfe5)
core   0: 0x80011d14 (0x00001f17) auipc   t5, 0x1
core   0: 3 0x80011d14 (0x00001f17) x30 0x80012d14
core   0: 0x80011d18 (0x2e3f2623) sw      gp, 748(t5)
core   0: 3 0x80011d18 (0x2e3f2623) mem 0x80013000 0x00000001
core   0: 0x80011d1c (0x0000bfe5) c.j     pc - 8
core   0: 3 0x80011d1c (0xbfe5)
core   0: 0x80011d14 (0x00001f17) auipc   t5, 0x1
core   0: 3 0x80011d14 (0x00001f17) x30 0x80012d14
core   0: 0x80011d18 (0x2e3f2623) sw      gp, 748(t5)
core   0: 3 0x80011d18 (0x2e3f2623) mem 0x80013000 0x00000001
core   0: 0x80011d1c (0x0000bfe5) c.j     pc - 8
core   0: 3 0x80011d1c (0xbfe5)
core   0: 0x80011d14 (0x00001f17) auipc   t5, 0x1
core   0: 3 0x80011d14 (0x00001f17) x30 0x80012d14
core   0: 0x80011d18 (0x2e3f2623) sw      gp, 748(t5)
core   0: 3 0x80011d18 (0x2e3f2623) mem 0x80013000 0x00000001
core   0: 0x80011d1c (0x0000bfe5) c.j     pc - 8
core   0: 3 0x80011d1c (0xbfe5)
core   0: 0x80011d14 (0x00001f17) auipc   t5, 0x1
core   0: 3 0x80011d14 (0x00001f17) x30 0x80012d14
core   0: 0x80011d18 (0x2e3f2623) sw      gp, 748(t5)
core   0: 3 0x80011d18 (0x2e3f2623) mem 0x80013000 0x00000001
core   0: 0x80011d1c (0x0000bfe5) c.j     pc - 8
core   0: 3 0x80011d1c (0xbfe5)
core   0: 0x80011d14 (0x00001f17) auipc   t5, 0x1
core   0: 3 0x80011d14 (0x00001f17) x30 0x80012d14
core   0: 0x80011d18 (0x2e3f2623) sw      gp, 748(t5)
core   0: 3 0x80011d18 (0x2e3f2623) mem 0x80013000 0x00000001
core   0: 0x80011d1c (0x0000bfe5) c.j     pc - 8
core   0: 3 0x80011d1c (0xbfe5)
core   0: 0x80011d14 (0x00001f17) auipc   t5, 0x1
core   0: 3 0x80011d14 (0x00001f17) x30 0x80012d14
core   0: 0x80011d18 (0x2e3f2623) sw      gp, 748(t5)
core   0: 3 0x80011d18 (0x2e3f2623) mem 0x80013000 0x00000001
core   0: 0x80011d1c (0x0000bfe5) c.j     pc - 8
core   0: 3 0x80011d1c (0xbfe5)
core   0: 0x80011d14 (0x00001f17) auipc   t5, 0x1
core   0: 3 0x80011d14 (0x00001f17) x30 0x80012d14
core   0: 0x80011d18 (0x2e3f2623) sw      gp, 748(t5)
core   0: 3 0x80011d18 (0x2e3f2623) mem 0x80013000 0x00000001
core   0: 0x80011d1c (0x0000bfe5) c.j     pc - 8
core   0: 3 0x80011d1c (0xbfe5)
core   0: 0x80011d14 (0x00001f17) auipc   t5, 0x1
core   0: 3 0x80011d14 (0x00001f17) x30 0x80012d14
core   0: 0x80011d18 (0x2e3f2623) sw      gp, 748(t5)
core   0: 3 0x80011d18 (0x2e3f2623) mem 0x80013000 0x00000001
core   0: 0x80011d1c (0x0000bfe5) c.j     pc - 8
core   0: 3 0x80011d1c (0xbfe5)
core   0: 0x80011d14 (0x00001f17) auipc   t5, 0x1
core   0: 3 0x80011d14 (0x00001f17) x30 0x80012d14
core   0: 0x80011d18 (0x2e3f2623) sw      gp, 748(t5)
core   0: 3 0x80011d18 (0x2e3f2623) mem 0x80013000 0x00000001
core   0: 0x80011d1c (0x0000bfe5) c.j     pc - 8
core   0: 3 0x80011d1c (0xbfe5)
core   0: 0x80011d14 (0x00001f17) auipc   t5, 0x1
core   0: 3 0x80011d14 (0x00001f17) x30 0x80012d14
core   0: 0x80011d18 (0x2e3f2623) sw      gp, 748(t5)
core   0: 3 0x80011d18 (0x2e3f2623) mem 0x80013000 0x00000001
core   0: 0x80011d1c (0x0000bfe5) c.j     pc - 8
core   0: 3 0x80011d1c (0xbfe5)
core   0: 0x80011d14 (0x00001f17) auipc   t5, 0x1
core   0: 3 0x80011d14 (0x00001f17) x30 0x80012d14
core   0: 0x80011d18 (0x2e3f2623) sw      gp, 748(t5)
core   0: 3 0x80011d18 (0x2e3f2623) mem 0x80013000 0x00000001
core   0: 0x80011d1c (0x0000bfe5) c.j     pc - 8
core   0: 3 0x80011d1c (0xbfe5)
core   0: 0x80011d14 (0x00001f17) auipc   t5, 0x1
core   0: 3 0x80011d14 (0x00001f17) x30 0x80012d14
core   0: 0x80011d18 (0x2e3f2623) sw      gp, 748(t5)
core   0: 3 0x80011d18 (0x2e3f2623) mem 0x80013000 0x00000001
core   0: 0x80011d1c (0x0000bfe5) c.j     pc - 8
core   0: 3 0x80011d1c (0xbfe5)
core   0: 0x80011d14 (0x00001f17) auipc   t5, 0x1
core   0: 3 0x80011d14 (0x00001f17) x30 0x80012d14
core   0: 0x80011d18 (0x2e3f2623) sw      gp, 748(t5)
core   0: 3 0x80011d18 (0x2e3f2623) mem 0x80013000 0x00000001
core   0: 0x80011d1c (0x0000bfe5) c.j     pc - 8
core   0: 3 0x80011d1c (0xbfe5)
core   0: 0x80011d14 (0x00001f17) auipc   t5, 0x1
core   0: 3 0x80011d14 (0x00001f17) x30 0x80012d14
core   0: 0x80011d18 (0x2e3f2623) sw      gp, 748(t5)
core   0: 3 0x80011d18 (0x2e3f2623) mem 0x80013000 0x00000001
core   0: 0x80011d1c (0x0000bfe5) c.j     pc - 8
core   0: 3 0x80011d1c (0xbfe5)
core   0: 0x80011d14 (0x00001f17) auipc   t5, 0x1
core   0: 3 0x80011d14 (0x00001f17) x30 0x80012d14
core   0: 0x80011d18 (0x2e3f2623) sw      gp, 748(t5)
core   0: 3 0x80011d18 (0x2e3f2623) mem 0x80013000 0x00000001
core   0: 0x80011d1c (0x0000bfe5) c.j     pc - 8
core   0: 3 0x80011d1c (0xbfe5)
core   0: 0x80011d14 (0x00001f17) auipc   t5, 0x1
core   0: 3 0x80011d14 (0x00001f17) x30 0x80012d14
core   0: 0x80011d18 (0x2e3f2623) sw      gp, 748(t5)
core   0: 3 0x80011d18 (0x2e3f2623) mem 0x80013000 0x00000001
core   0: 0x80011d1c (0x0000bfe5) c.j     pc - 8
core   0: 3 0x80011d1c (0xbfe5)
core   0: 0x80011d14 (0x00001f17) auipc   t5, 0x1
core   0: 3 0x80011d14 (0x00001f17) x30 0x80012d14
core   0: 0x80011d18 (0x2e3f2623) sw      gp, 748(t5)
core   0: 3 0x80011d18 (0x2e3f2623) mem 0x80013000 0x00000001
core   0: 0x80011d1c (0x0000bfe5) c.j     pc - 8
core   0: 3 0x80011d1c (0xbfe5)
core   0: 0x80011d14 (0x00001f17) auipc   t5, 0x1
core   0: 3 0x80011d14 (0x00001f17) x30 0x80012d14
core   0: 0x80011d18 (0x2e3f2623) sw      gp, 748(t5)
core   0: 3 0x80011d18 (0x2e3f2623) mem 0x80013000 0x00000001
core   0: 0x80011d1c (0x0000bfe5) c.j     pc - 8
core   0: 3 0x80011d1c (0xbfe5)
core   0: 0x80011d14 (0x00001f17) auipc   t5, 0x1
core   0: 3 0x80011d14 (0x00001f17) x30 0x80012d14
core   0: 0x80011d18 (0x2e3f2623) sw      gp, 748(t5)
core   0: 3 0x80011d18 (0x2e3f2623) mem 0x80013000 0x00000001
core   0: 0x80011d1c (0x0000bfe5) c.j     pc - 8
core   0: 3 0x80011d1c (0xbfe5)
core   0: 0x80011d14 (0x00001f17) auipc   t5, 0x1
core   0: 3 0x80011d14 (0x00001f17) x30 0x80012d14
core   0: 0x80011d18 (0x2e3f2623) sw      gp, 748(t5)
core   0: 3 0x80011d18 (0x2e3f2623) mem 0x80013000 0x00000001
core   0: 0x80011d1c (0x0000bfe5) c.j     pc - 8
core   0: 3 0x80011d1c (0xbfe5)
core   0: 0x80011d14 (0x00001f17) auipc   t5, 0x1
core   0: 3 0x80011d14 (0x00001f17) x30 0x80012d14
core   0: 0x80011d18 (0x2e3f2623) sw      gp, 748(t5)
core   0: 3 0x80011d18 (0x2e3f2623) mem 0x80013000 0x00000001
core   0: 0x80011d1c (0x0000bfe5) c.j     pc - 8
core   0: 3 0x80011d1c (0xbfe5)
core   0: 0x80011d14 (0x00001f17) auipc   t5, 0x1
core   0: 3 0x80011d14 (0x00001f17) x30 0x80012d14
core   0: 0x80011d18 (0x2e3f2623) sw      gp, 748(t5)
core   0: 3 0x80011d18 (0x2e3f2623) mem 0x80013000 0x00000001
core   0: 0x80011d1c (0x0000bfe5) c.j     pc - 8
core   0: 3 0x80011d1c (0xbfe5)
core   0: 0x80011d14 (0x00001f17) auipc   t5, 0x1
core   0: 3 0x80011d14 (0x00001f17) x30 0x80012d14
core   0: 0x80011d18 (0x2e3f2623) sw      gp, 748(t5)
core   0: 3 0x80011d18 (0x2e3f2623) mem 0x80013000 0x00000001
core   0: 0x80011d1c (0x0000bfe5) c.j     pc - 8
core   0: 3 0x80011d1c (0xbfe5)
core   0: 0x80011d14 (0x00001f17) auipc   t5, 0x1
core   0: 3 0x80011d14 (0x00001f17) x30 0x80012d14
core   0: 0x80011d18 (0x2e3f2623) sw      gp, 748(t5)
core   0: 3 0x80011d18 (0x2e3f2623) mem 0x80013000 0x00000001
core   0: 0x80011d1c (0x0000bfe5) c.j     pc - 8
core   0: 3 0x80011d1c (0xbfe5)
core   0: 0x80011d14 (0x00001f17) auipc   t5, 0x1
core   0: 3 0x80011d14 (0x00001f17) x30 0x80012d14
core   0: 0x80011d18 (0x2e3f2623) sw      gp, 748(t5)
core   0: 3 0x80011d18 (0x2e3f2623) mem 0x80013000 0x00000001
core   0: 0x80011d1c (0x0000bfe5) c.j     pc - 8
core   0: 3 0x80011d1c (0xbfe5)
core   0: 0x80011d14 (0x00001f17) auipc   t5, 0x1
core   0: 3 0x80011d14 (0x00001f17) x30 0x80012d14
core   0: 0x80011d18 (0x2e3f2623) sw      gp, 748(t5)
core   0: 3 0x80011d18 (0x2e3f2623) mem 0x80013000 0x00000001
core   0: 0x80011d1c (0x0000bfe5) c.j     pc - 8
core   0: 3 0x80011d1c (0xbfe5)
core   0: 0x80011d14 (0x00001f17) auipc   t5, 0x1
core   0: 3 0x80011d14 (0x00001f17) x30 0x80012d14
core   0: 0x80011d18 (0x2e3f2623) sw      gp, 748(t5)
core   0: 3 0x80011d18 (0x2e3f2623) mem 0x80013000 0x00000001
core   0: 0x80011d1c (0x0000bfe5) c.j     pc - 8
core   0: 3 0x80011d1c (0xbfe5)
core   0: 0x80011d14 (0x00001f17) auipc   t5, 0x1
core   0: 3 0x80011d14 (0x00001f17) x30 0x80012d14
core   0: 0x80011d18 (0x2e3f2623) sw      gp, 748(t5)
core   0: 3 0x80011d18 (0x2e3f2623) mem 0x80013000 0x00000001
core   0: 0x80011d1c (0x0000bfe5) c.j     pc - 8
core   0: 3 0x80011d1c (0xbfe5)
core   0: 0x80011d14 (0x00001f17) auipc   t5, 0x1
core   0: 3 0x80011d14 (0x00001f17) x30 0x80012d14
core   0: 0x80011d18 (0x2e3f2623) sw      gp, 748(t5)
core   0: 3 0x80011d18 (0x2e3f2623) mem 0x80013000 0x00000001
core   0: 0x80011d1c (0x0000bfe5) c.j     pc - 8
core   0: 3 0x80011d1c (0xbfe5)
core   0: 0x80011d14 (0x00001f17) auipc   t5, 0x1
core   0: 3 0x80011d14 (0x00001f17) x30 0x80012d14
core   0: 0x80011d18 (0x2e3f2623) sw      gp, 748(t5)
core   0: 3 0x80011d18 (0x2e3f2623) mem 0x80013000 0x00000001
core   0: 0x80011d1c (0x0000bfe5) c.j     pc - 8
core   0: 3 0x80011d1c (0xbfe5)
core   0: 0x80011d14 (0x00001f17) auipc   t5, 0x1
core   0: 3 0x80011d14 (0x00001f17) x30 0x80012d14
core   0: 0x80011d18 (0x2e3f2623) sw      gp, 748(t5)
core   0: 3 0x80011d18 (0x2e3f2623) mem 0x80013000 0x00000001
core   0: 0x80011d1c (0x0000bfe5) c.j     pc - 8
core   0: 3 0x80011d1c (0xbfe5)
core   0: 0x80011d14 (0x00001f17) auipc   t5, 0x1
core   0: 3 0x80011d14 (0x00001f17) x30 0x80012d14
core   0: 0x80011d18 (0x2e3f2623) sw      gp, 748(t5)
core   0: 3 0x80011d18 (0x2e3f2623) mem 0x80013000 0x00000001
core   0: 0x80011d1c (0x0000bfe5) c.j     pc - 8
core   0: 3 0x80011d1c (0xbfe5)
core   0: 0x80011d14 (0x00001f17) auipc   t5, 0x1
core   0: 3 0x80011d14 (0x00001f17) x30 0x80012d14
core   0: 0x80011d18 (0x2e3f2623) sw      gp, 748(t5)
core   0: 3 0x80011d18 (0x2e3f2623) mem 0x80013000 0x00000001
core   0: 0x80011d1c (0x0000bfe5) c.j     pc - 8
core   0: 3 0x80011d1c (0xbfe5)
core   0: 0x80011d14 (0x00001f17) auipc   t5, 0x1
core   0: 3 0x80011d14 (0x00001f17) x30 0x80012d14
core   0: 0x80011d18 (0x2e3f2623) sw      gp, 748(t5)
core   0: 3 0x80011d18 (0x2e3f2623) mem 0x80013000 0x00000001
core   0: 0x80011d1c (0x0000bfe5) c.j     pc - 8
core   0: 3 0x80011d1c (0xbfe5)
core   0: 0x80011d14 (0x00001f17) auipc   t5, 0x1
core   0: 3 0x80011d14 (0x00001f17) x30 0x80012d14
core   0: 0x80011d18 (0x2e3f2623) sw      gp, 748(t5)
core   0: 3 0x80011d18 (0x2e3f2623) mem 0x80013000 0x00000001
core   0: 0x80011d1c (0x0000bfe5) c.j     pc - 8
core   0: 3 0x80011d1c (0xbfe5)
core   0: 0x80011d14 (0x00001f17) auipc   t5, 0x1
core   0: 3 0x80011d14 (0x00001f17) x30 0x80012d14
core   0: 0x80011d18 (0x2e3f2623) sw      gp, 748(t5)
core   0: 3 0x80011d18 (0x2e3f2623) mem 0x80013000 0x00000001
core   0: 0x80011d1c (0x0000bfe5) c.j     pc - 8
core   0: 3 0x80011d1c (0xbfe5)
core   0: 0x80011d14 (0x00001f17) auipc   t5, 0x1
core   0: 3 0x80011d14 (0x00001f17) x30 0x80012d14
core   0: 0x80011d18 (0x2e3f2623) sw      gp, 748(t5)
core   0: 3 0x80011d18 (0x2e3f2623) mem 0x80013000 0x00000001
core   0: 0x80011d1c (0x0000bfe5) c.j     pc - 8
core   0: 3 0x80011d1c (0xbfe5)
core   0: 0x80011d14 (0x00001f17) auipc   t5, 0x1
core   0: 3 0x80011d14 (0x00001f17) x30 0x80012d14
core   0: 0x80011d18 (0x2e3f2623) sw      gp, 748(t5)
core   0: 3 0x80011d18 (0x2e3f2623) mem 0x80013000 0x00000001
core   0: 0x80011d1c (0x0000bfe5) c.j     pc - 8
core   0: 3 0x80011d1c (0xbfe5)
core   0: 0x80011d14 (0x00001f17) auipc   t5, 0x1
core   0: 3 0x80011d14 (0x00001f17) x30 0x80012d14
core   0: 0x80011d18 (0x2e3f2623) sw      gp, 748(t5)
core   0: 3 0x80011d18 (0x2e3f2623) mem 0x80013000 0x00000001
core   0: 0x80011d1c (0x0000bfe5) c.j     pc - 8
core   0: 3 0x80011d1c (0xbfe5)
core   0: 0x80011d14 (0x00001f17) auipc   t5, 0x1
core   0: 3 0x80011d14 (0x00001f17) x30 0x80012d14
core   0: 0x80011d18 (0x2e3f2623) sw      gp, 748(t5)
core   0: 3 0x80011d18 (0x2e3f2623) mem 0x80013000 0x00000001
core   0: 0x80011d1c (0x0000bfe5) c.j     pc - 8
core   0: 3 0x80011d1c (0xbfe5)
core   0: 0x80011d14 (0x00001f17) auipc   t5, 0x1
core   0: 3 0x80011d14 (0x00001f17) x30 0x80012d14
core   0: 0x80011d18 (0x2e3f2623) sw      gp, 748(t5)
core   0: 3 0x80011d18 (0x2e3f2623) mem 0x80013000 0x00000001
core   0: 0x80011d1c (0x0000bfe5) c.j     pc - 8
core   0: 3 0x80011d1c (0xbfe5)
core   0: 0x80011d14 (0x00001f17) auipc   t5, 0x1
core   0: 3 0x80011d14 (0x00001f17) x30 0x80012d14
core   0: 0x80011d18 (0x2e3f2623) sw      gp, 748(t5)
core   0: 3 0x80011d18 (0x2e3f2623) mem 0x80013000 0x00000001
core   0: 0x80011d1c (0x0000bfe5) c.j     pc - 8
core   0: 3 0x80011d1c (0xbfe5)
core   0: 0x80011d14 (0x00001f17) auipc   t5, 0x1
core   0: 3 0x80011d14 (0x00001f17) x30 0x80012d14
core   0: 0x80011d18 (0x2e3f2623) sw      gp, 748(t5)
core   0: 3 0x80011d18 (0x2e3f2623) mem 0x80013000 0x00000001
core   0: 0x80011d1c (0x0000bfe5) c.j     pc - 8
core   0: 3 0x80011d1c (0xbfe5)
core   0: 0x80011d14 (0x00001f17) auipc   t5, 0x1
core   0: 3 0x80011d14 (0x00001f17) x30 0x80012d14
core   0: 0x80011d18 (0x2e3f2623) sw      gp, 748(t5)
core   0: 3 0x80011d18 (0x2e3f2623) mem 0x80013000 0x00000001
core   0: 0x80011d1c (0x0000bfe5) c.j     pc - 8
core   0: 3 0x80011d1c (0xbfe5)
core   0: 0x80011d14 (0x00001f17) auipc   t5, 0x1
core   0: 3 0x80011d14 (0x00001f17) x30 0x80012d14
core   0: 0x80011d18 (0x2e3f2623) sw      gp, 748(t5)
core   0: 3 0x80011d18 (0x2e3f2623) mem 0x80013000 0x00000001
core   0: 0x80011d1c (0x0000bfe5) c.j     pc - 8
core   0: 3 0x80011d1c (0xbfe5)
core   0: 0x80011d14 (0x00001f17) auipc   t5, 0x1
core   0: 3 0x80011d14 (0x00001f17) x30 0x80012d14
core   0: 0x80011d18 (0x2e3f2623) sw      gp, 748(t5)
core   0: 3 0x80011d18 (0x2e3f2623) mem 0x80013000 0x00000001
core   0: 0x80011d1c (0x0000bfe5) c.j     pc - 8
core   0: 3 0x80011d1c (0xbfe5)
core   0: 0x80011d14 (0x00001f17) auipc   t5, 0x1
core   0: 3 0x80011d14 (0x00001f17) x30 0x80012d14
core   0: 0x80011d18 (0x2e3f2623) sw      gp, 748(t5)
core   0: 3 0x80011d18 (0x2e3f2623) mem 0x80013000 0x00000001
core   0: 0x80011d1c (0x0000bfe5) c.j     pc - 8
core   0: 3 0x80011d1c (0xbfe5)
core   0: 0x80011d14 (0x00001f17) auipc   t5, 0x1
core   0: 3 0x80011d14 (0x00001f17) x30 0x80012d14
core   0: 0x80011d18 (0x2e3f2623) sw      gp, 748(t5)
core   0: 3 0x80011d18 (0x2e3f2623) mem 0x80013000 0x00000001
core   0: 0x80011d1c (0x0000bfe5) c.j     pc - 8
core   0: 3 0x80011d1c (0xbfe5)
core   0: 0x80011d14 (0x00001f17) auipc   t5, 0x1
core   0: 3 0x80011d14 (0x00001f17) x30 0x80012d14
core   0: 0x80011d18 (0x2e3f2623) sw      gp, 748(t5)
core   0: 3 0x80011d18 (0x2e3f2623) mem 0x80013000 0x00000001
core   0: 0x80011d1c (0x0000bfe5) c.j     pc - 8
core   0: 3 0x80011d1c (0xbfe5)
core   0: 0x80011d14 (0x00001f17) auipc   t5, 0x1
core   0: 3 0x80011d14 (0x00001f17) x30 0x80012d14
core   0: 0x80011d18 (0x2e3f2623) sw      gp, 748(t5)
core   0: 3 0x80011d18 (0x2e3f2623) mem 0x80013000 0x00000001
core   0: 0x80011d1c (0x0000bfe5) c.j     pc - 8
core   0: 3 0x80011d1c (0xbfe5)
core   0: 0x80011d14 (0x00001f17) auipc   t5, 0x1
core   0: 3 0x80011d14 (0x00001f17) x30 0x80012d14
core   0: 0x80011d18 (0x2e3f2623) sw      gp, 748(t5)
core   0: 3 0x80011d18 (0x2e3f2623) mem 0x80013000 0x00000001
core   0: 0x80011d1c (0x0000bfe5) c.j     pc - 8
core   0: 3 0x80011d1c (0xbfe5)
core   0: 0x80011d14 (0x00001f17) auipc   t5, 0x1
core   0: 3 0x80011d14 (0x00001f17) x30 0x80012d14
core   0: 0x80011d18 (0x2e3f2623) sw      gp, 748(t5)
core   0: 3 0x80011d18 (0x2e3f2623) mem 0x80013000 0x00000001
core   0: 0x80011d1c (0x0000bfe5) c.j     pc - 8
core   0: 3 0x80011d1c (0xbfe5)
core   0: 0x80011d14 (0x00001f17) auipc   t5, 0x1
core   0: 3 0x80011d14 (0x00001f17) x30 0x80012d14
core   0: 0x80011d18 (0x2e3f2623) sw      gp, 748(t5)
core   0: 3 0x80011d18 (0x2e3f2623) mem 0x80013000 0x00000001
core   0: 0x80011d1c (0x0000bfe5) c.j     pc - 8
core   0: 3 0x80011d1c (0xbfe5)
core   0: 0x80011d14 (0x00001f17) auipc   t5, 0x1
core   0: 3 0x80011d14 (0x00001f17) x30 0x80012d14
core   0: 0x80011d18 (0x2e3f2623) sw      gp, 748(t5)
core   0: 3 0x80011d18 (0x2e3f2623) mem 0x80013000 0x00000001
core   0: 0x80011d1c (0x0000bfe5) c.j     pc - 8
core   0: 3 0x80011d1c (0xbfe5)
core   0: 0x80011d14 (0x00001f17) auipc   t5, 0x1
core   0: 3 0x80011d14 (0x00001f17) x30 0x80012d14
core   0: 0x80011d18 (0x2e3f2623) sw      gp, 748(t5)
core   0: 3 0x80011d18 (0x2e3f2623) mem 0x80013000 0x00000001
core   0: 0x80011d1c (0x0000bfe5) c.j     pc - 8
core   0: 3 0x80011d1c (0xbfe5)
core   0: 0x80011d14 (0x00001f17) auipc   t5, 0x1
core   0: 3 0x80011d14 (0x00001f17) x30 0x80012d14
core   0: 0x80011d18 (0x2e3f2623) sw      gp, 748(t5)
core   0: 3 0x80011d18 (0x2e3f2623) mem 0x80013000 0x00000001
core   0: 0x80011d1c (0x0000bfe5) c.j     pc - 8
core   0: 3 0x80011d1c (0xbfe5)
core   0: 0x80011d14 (0x00001f17) auipc   t5, 0x1
core   0: 3 0x80011d14 (0x00001f17) x30 0x80012d14
core   0: 0x80011d18 (0x2e3f2623) sw      gp, 748(t5)
core   0: 3 0x80011d18 (0x2e3f2623) mem 0x80013000 0x00000001
core   0: 0x80011d1c (0x0000bfe5) c.j     pc - 8
core   0: 3 0x80011d1c (0xbfe5)
core   0: 0x80011d14 (0x00001f17) auipc   t5, 0x1
core   0: 3 0x80011d14 (0x00001f17) x30 0x80012d14
core   0: 0x80011d18 (0x2e3f2623) sw      gp, 748(t5)
core   0: 3 0x80011d18 (0x2e3f2623) mem 0x80013000 0x00000001
core   0: 0x80011d1c (0x0000bfe5) c.j     pc - 8
core   0: 3 0x80011d1c (0xbfe5)
core   0: 0x80011d14 (0x00001f17) auipc   t5, 0x1
core   0: 3 0x80011d14 (0x00001f17) x30 0x80012d14
core   0: 0x80011d18 (0x2e3f2623) sw      gp, 748(t5)
core   0: 3 0x80011d18 (0x2e3f2623) mem 0x80013000 0x00000001
core   0: 0x80011d1c (0x0000bfe5) c.j     pc - 8
core   0: 3 0x80011d1c (0xbfe5)
core   0: 0x80011d14 (0x00001f17) auipc   t5, 0x1
core   0: 3 0x80011d14 (0x00001f17) x30 0x80012d14
core   0: 0x80011d18 (0x2e3f2623) sw      gp, 748(t5)
core   0: 3 0x80011d18 (0x2e3f2623) mem 0x80013000 0x00000001
core   0: 0x80011d1c (0x0000bfe5) c.j     pc - 8
core   0: 3 0x80011d1c (0xbfe5)
core   0: 0x80011d14 (0x00001f17) auipc   t5, 0x1
core   0: 3 0x80011d14 (0x00001f17) x30 0x80012d14
core   0: 0x80011d18 (0x2e3f2623) sw      gp, 748(t5)
core   0: 3 0x80011d18 (0x2e3f2623) mem 0x80013000 0x00000001
core   0: 0x80011d1c (0x0000bfe5) c.j     pc - 8
core   0: 3 0x80011d1c (0xbfe5)
core   0: 0x80011d14 (0x00001f17) auipc   t5, 0x1
core   0: 3 0x80011d14 (0x00001f17) x30 0x80012d14
core   0: 0x80011d18 (0x2e3f2623) sw      gp, 748(t5)
core   0: 3 0x80011d18 (0x2e3f2623) mem 0x80013000 0x00000001
core   0: 0x80011d1c (0x0000bfe5) c.j     pc - 8
core   0: 3 0x80011d1c (0xbfe5)
core   0: 0x80011d14 (0x00001f17) auipc   t5, 0x1
core   0: 3 0x80011d14 (0x00001f17) x30 0x80012d14
core   0: 0x80011d18 (0x2e3f2623) sw      gp, 748(t5)
core   0: 3 0x80011d18 (0x2e3f2623) mem 0x80013000 0x00000001
core   0: 0x80011d1c (0x0000bfe5) c.j     pc - 8
core   0: 3 0x80011d1c (0xbfe5)
core   0: 0x80011d14 (0x00001f17) auipc   t5, 0x1
core   0: 3 0x80011d14 (0x00001f17) x30 0x80012d14
core   0: 0x80011d18 (0x2e3f2623) sw      gp, 748(t5)
core   0: 3 0x80011d18 (0x2e3f2623) mem 0x80013000 0x00000001
core   0: 0x80011d1c (0x0000bfe5) c.j     pc - 8
core   0: 3 0x80011d1c (0xbfe5)
core   0: 0x80011d14 (0x00001f17) auipc   t5, 0x1
core   0: 3 0x80011d14 (0x00001f17) x30 0x80012d14
core   0: 0x80011d18 (0x2e3f2623) sw      gp, 748(t5)
core   0: 3 0x80011d18 (0x2e3f2623) mem 0x80013000 0x00000001
core   0: 0x80011d1c (0x0000bfe5) c.j     pc - 8
core   0: 3 0x80011d1c (0xbfe5)
core   0: 0x80011d14 (0x00001f17) auipc   t5, 0x1
core   0: 3 0x80011d14 (0x00001f17) x30 0x80012d14
core   0: 0x80011d18 (0x2e3f2623) sw      gp, 748(t5)
core   0: 3 0x80011d18 (0x2e3f2623) mem 0x80013000 0x00000001
core   0: 0x80011d1c (0x0000bfe5) c.j     pc - 8
core   0: 3 0x80011d1c (0xbfe5)
core   0: 0x80011d14 (0x00001f17) auipc   t5, 0x1
core   0: 3 0x80011d14 (0x00001f17) x30 0x80012d14
core   0: 0x80011d18 (0x2e3f2623) sw      gp, 748(t5)
core   0: 3 0x80011d18 (0x2e3f2623) mem 0x80013000 0x00000001
core   0: 0x80011d1c (0x0000bfe5) c.j     pc - 8
core   0: 3 0x80011d1c (0xbfe5)
core   0: 0x80011d14 (0x00001f17) auipc   t5, 0x1
core   0: 3 0x80011d14 (0x00001f17) x30 0x80012d14
core   0: 0x80011d18 (0x2e3f2623) sw      gp, 748(t5)
core   0: 3 0x80011d18 (0x2e3f2623) mem 0x80013000 0x00000001
core   0: 0x80011d1c (0x0000bfe5) c.j     pc - 8
core   0: 3 0x80011d1c (0xbfe5)
core   0: 0x80011d14 (0x00001f17) auipc   t5, 0x1
core   0: 3 0x80011d14 (0x00001f17) x30 0x80012d14
core   0: 0x80011d18 (0x2e3f2623) sw      gp, 748(t5)
core   0: 3 0x80011d18 (0x2e3f2623) mem 0x80013000 0x00000001
core   0: 0x80011d1c (0x0000bfe5) c.j     pc - 8
core   0: 3 0x80011d1c (0xbfe5)
core   0: 0x80011d14 (0x00001f17) auipc   t5, 0x1
core   0: 3 0x80011d14 (0x00001f17) x30 0x80012d14
core   0: 0x80011d18 (0x2e3f2623) sw      gp, 748(t5)
core   0: 3 0x80011d18 (0x2e3f2623) mem 0x80013000 0x00000001
core   0: 0x80011d1c (0x0000bfe5) c.j     pc - 8
core   0: 3 0x80011d1c (0xbfe5)
core   0: 0x80011d14 (0x00001f17) auipc   t5, 0x1
core   0: 3 0x80011d14 (0x00001f17) x30 0x80012d14
core   0: 0x80011d18 (0x2e3f2623) sw      gp, 748(t5)
core   0: 3 0x80011d18 (0x2e3f2623) mem 0x80013000 0x00000001
core   0: 0x80011d1c (0x0000bfe5) c.j     pc - 8
core   0: 3 0x80011d1c (0xbfe5)
core   0: 0x80011d14 (0x00001f17) auipc   t5, 0x1
core   0: 3 0x80011d14 (0x00001f17) x30 0x80012d14
core   0: 0x80011d18 (0x2e3f2623) sw      gp, 748(t5)
core   0: 3 0x80011d18 (0x2e3f2623) mem 0x80013000 0x00000001
core   0: 0x80011d1c (0x0000bfe5) c.j     pc - 8
core   0: 3 0x80011d1c (0xbfe5)
core   0: 0x80011d14 (0x00001f17) auipc   t5, 0x1
core   0: 3 0x80011d14 (0x00001f17) x30 0x80012d14
core   0: 0x80011d18 (0x2e3f2623) sw      gp, 748(t5)
core   0: 3 0x80011d18 (0x2e3f2623) mem 0x80013000 0x00000001
core   0: 0x80011d1c (0x0000bfe5) c.j     pc - 8
core   0: 3 0x80011d1c (0xbfe5)
core   0: 0x80011d14 (0x00001f17) auipc   t5, 0x1
core   0: 3 0x80011d14 (0x00001f17) x30 0x80012d14
core   0: 0x80011d18 (0x2e3f2623) sw      gp, 748(t5)
core   0: 3 0x80011d18 (0x2e3f2623) mem 0x80013000 0x00000001
core   0: 0x80011d1c (0x0000bfe5) c.j     pc - 8
core   0: 3 0x80011d1c (0xbfe5)
core   0: 0x80011d14 (0x00001f17) auipc   t5, 0x1
core   0: 3 0x80011d14 (0x00001f17) x30 0x80012d14
core   0: 0x80011d18 (0x2e3f2623) sw      gp, 748(t5)
core   0: 3 0x80011d18 (0x2e3f2623) mem 0x80013000 0x00000001
core   0: 0x80011d1c (0x0000bfe5) c.j     pc - 8
core   0: 3 0x80011d1c (0xbfe5)
core   0: 0x80011d14 (0x00001f17) auipc   t5, 0x1
core   0: 3 0x80011d14 (0x00001f17) x30 0x80012d14
core   0: 0x80011d18 (0x2e3f2623) sw      gp, 748(t5)
core   0: 3 0x80011d18 (0x2e3f2623) mem 0x80013000 0x00000001
core   0: 0x80011d1c (0x0000bfe5) c.j     pc - 8
core   0: 3 0x80011d1c (0xbfe5)
core   0: 0x80011d14 (0x00001f17) auipc   t5, 0x1
core   0: 3 0x80011d14 (0x00001f17) x30 0x80012d14
core   0: 0x80011d18 (0x2e3f2623) sw      gp, 748(t5)
core   0: 3 0x80011d18 (0x2e3f2623) mem 0x80013000 0x00000001
core   0: 0x80011d1c (0x0000bfe5) c.j     pc - 8
core   0: 3 0x80011d1c (0xbfe5)
core   0: 0x80011d14 (0x00001f17) auipc   t5, 0x1
core   0: 3 0x80011d14 (0x00001f17) x30 0x80012d14
core   0: 0x80011d18 (0x2e3f2623) sw      gp, 748(t5)
core   0: 3 0x80011d18 (0x2e3f2623) mem 0x80013000 0x00000001
core   0: 0x80011d1c (0x0000bfe5) c.j     pc - 8
core   0: 3 0x80011d1c (0xbfe5)
core   0: 0x80011d14 (0x00001f17) auipc   t5, 0x1
core   0: 3 0x80011d14 (0x00001f17) x30 0x80012d14
core   0: 0x80011d18 (0x2e3f2623) sw      gp, 748(t5)
core   0: 3 0x80011d18 (0x2e3f2623) mem 0x80013000 0x00000001
core   0: 0x80011d1c (0x0000bfe5) c.j     pc - 8
core   0: 3 0x80011d1c (0xbfe5)
core   0: 0x80011d14 (0x00001f17) auipc   t5, 0x1
core   0: 3 0x80011d14 (0x00001f17) x30 0x80012d14
core   0: 0x80011d18 (0x2e3f2623) sw      gp, 748(t5)
core   0: 3 0x80011d18 (0x2e3f2623) mem 0x80013000 0x00000001
core   0: 0x80011d1c (0x0000bfe5) c.j     pc - 8
core   0: 3 0x80011d1c (0xbfe5)
core   0: 0x80011d14 (0x00001f17) auipc   t5, 0x1
core   0: 3 0x80011d14 (0x00001f17) x30 0x80012d14
core   0: 0x80011d18 (0x2e3f2623) sw      gp, 748(t5)
core   0: 3 0x80011d18 (0x2e3f2623) mem 0x80013000 0x00000001
core   0: 0x80011d1c (0x0000bfe5) c.j     pc - 8
core   0: 3 0x80011d1c (0xbfe5)
core   0: 0x80011d14 (0x00001f17) auipc   t5, 0x1
core   0: 3 0x80011d14 (0x00001f17) x30 0x80012d14
core   0: 0x80011d18 (0x2e3f2623) sw      gp, 748(t5)
core   0: 3 0x80011d18 (0x2e3f2623) mem 0x80013000 0x00000001
core   0: 0x80011d1c (0x0000bfe5) c.j     pc - 8
core   0: 3 0x80011d1c (0xbfe5)
core   0: 0x80011d14 (0x00001f17) auipc   t5, 0x1
core   0: 3 0x80011d14 (0x00001f17) x30 0x80012d14
core   0: 0x80011d18 (0x2e3f2623) sw      gp, 748(t5)
core   0: 3 0x80011d18 (0x2e3f2623) mem 0x80013000 0x00000001
core   0: 0x80011d1c (0x0000bfe5) c.j     pc - 8
core   0: 3 0x80011d1c (0xbfe5)
core   0: 0x80011d14 (0x00001f17) auipc   t5, 0x1
core   0: 3 0x80011d14 (0x00001f17) x30 0x80012d14
core   0: 0x80011d18 (0x2e3f2623) sw      gp, 748(t5)
core   0: 3 0x80011d18 (0x2e3f2623) mem 0x80013000 0x00000001
core   0: 0x80011d1c (0x0000bfe5) c.j     pc - 8
core   0: 3 0x80011d1c (0xbfe5)
core   0: 0x80011d14 (0x00001f17) auipc   t5, 0x1
core   0: 3 0x80011d14 (0x00001f17) x30 0x80012d14
core   0: 0x80011d18 (0x2e3f2623) sw      gp, 748(t5)
core   0: 3 0x80011d18 (0x2e3f2623) mem 0x80013000 0x00000001
core   0: 0x80011d1c (0x0000bfe5) c.j     pc - 8
core   0: 3 0x80011d1c (0xbfe5)
core   0: 0x80011d14 (0x00001f17) auipc   t5, 0x1
core   0: 3 0x80011d14 (0x00001f17) x30 0x80012d14
core   0: 0x80011d18 (0x2e3f2623) sw      gp, 748(t5)
core   0: 3 0x80011d18 (0x2e3f2623) mem 0x80013000 0x00000001
core   0: 0x80011d1c (0x0000bfe5) c.j     pc - 8
core   0: 3 0x80011d1c (0xbfe5)
core   0: 0x80011d14 (0x00001f17) auipc   t5, 0x1
core   0: 3 0x80011d14 (0x00001f17) x30 0x80012d14
core   0: 0x80011d18 (0x2e3f2623) sw      gp, 748(t5)
core   0: 3 0x80011d18 (0x2e3f2623) mem 0x80013000 0x00000001
core   0: 0x80011d1c (0x0000bfe5) c.j     pc - 8
core   0: 3 0x80011d1c (0xbfe5)
core   0: 0x80011d14 (0x00001f17) auipc   t5, 0x1
core   0: 3 0x80011d14 (0x00001f17) x30 0x80012d14
core   0: 0x80011d18 (0x2e3f2623) sw      gp, 748(t5)
core   0: 3 0x80011d18 (0x2e3f2623) mem 0x80013000 0x00000001
core   0: 0x80011d1c (0x0000bfe5) c.j     pc - 8
core   0: 3 0x80011d1c (0xbfe5)
core   0: 0x80011d14 (0x00001f17) auipc   t5, 0x1
core   0: 3 0x80011d14 (0x00001f17) x30 0x80012d14
core   0: 0x80011d18 (0x2e3f2623) sw      gp, 748(t5)
core   0: 3 0x80011d18 (0x2e3f2623) mem 0x80013000 0x00000001
core   0: 0x80011d1c (0x0000bfe5) c.j     pc - 8
core   0: 3 0x80011d1c (0xbfe5)
core   0: 0x80011d14 (0x00001f17) auipc   t5, 0x1
core   0: 3 0x80011d14 (0x00001f17) x30 0x80012d14
core   0: 0x80011d18 (0x2e3f2623) sw      gp, 748(t5)
core   0: 3 0x80011d18 (0x2e3f2623) mem 0x80013000 0x00000001
core   0: 0x80011d1c (0x0000bfe5) c.j     pc - 8
core   0: 3 0x80011d1c (0xbfe5)
core   0: 0x80011d14 (0x00001f17) auipc   t5, 0x1
core   0: 3 0x80011d14 (0x00001f17) x30 0x80012d14
core   0: 0x80011d18 (0x2e3f2623) sw      gp, 748(t5)
core   0: 3 0x80011d18 (0x2e3f2623) mem 0x80013000 0x00000001
core   0: 0x80011d1c (0x0000bfe5) c.j     pc - 8
core   0: 3 0x80011d1c (0xbfe5)
core   0: 0x80011d14 (0x00001f17) auipc   t5, 0x1
core   0: 3 0x80011d14 (0x00001f17) x30 0x80012d14
core   0: 0x80011d18 (0x2e3f2623) sw      gp, 748(t5)
core   0: 3 0x80011d18 (0x2e3f2623) mem 0x80013000 0x00000001
core   0: 0x80011d1c (0x0000bfe5) c.j     pc - 8
core   0: 3 0x80011d1c (0xbfe5)
core   0: 0x80011d14 (0x00001f17) auipc   t5, 0x1
core   0: 3 0x80011d14 (0x00001f17) x30 0x80012d14
core   0: 0x80011d18 (0x2e3f2623) sw      gp, 748(t5)
core   0: 3 0x80011d18 (0x2e3f2623) mem 0x80013000 0x00000001
core   0: 0x80011d1c (0x0000bfe5) c.j     pc - 8
core   0: 3 0x80011d1c (0xbfe5)
core   0: 0x80011d14 (0x00001f17) auipc   t5, 0x1
core   0: 3 0x80011d14 (0x00001f17) x30 0x80012d14
core   0: 0x80011d18 (0x2e3f2623) sw      gp, 748(t5)
core   0: 3 0x80011d18 (0x2e3f2623) mem 0x80013000 0x00000001
core   0: 0x80011d1c (0x0000bfe5) c.j     pc - 8
core   0: 3 0x80011d1c (0xbfe5)
core   0: 0x80011d14 (0x00001f17) auipc   t5, 0x1
core   0: 3 0x80011d14 (0x00001f17) x30 0x80012d14
core   0: 0x80011d18 (0x2e3f2623) sw      gp, 748(t5)
core   0: 3 0x80011d18 (0x2e3f2623) mem 0x80013000 0x00000001
core   0: 0x80011d1c (0x0000bfe5) c.j     pc - 8
core   0: 3 0x80011d1c (0xbfe5)
core   0: 0x80011d14 (0x00001f17) auipc   t5, 0x1
core   0: 3 0x80011d14 (0x00001f17) x30 0x80012d14
core   0: 0x80011d18 (0x2e3f2623) sw      gp, 748(t5)
core   0: 3 0x80011d18 (0x2e3f2623) mem 0x80013000 0x00000001
core   0: 0x80011d1c (0x0000bfe5) c.j     pc - 8
core   0: 3 0x80011d1c (0xbfe5)
core   0: 0x80011d14 (0x00001f17) auipc   t5, 0x1
core   0: 3 0x80011d14 (0x00001f17) x30 0x80012d14
core   0: 0x80011d18 (0x2e3f2623) sw      gp, 748(t5)
core   0: 3 0x80011d18 (0x2e3f2623) mem 0x80013000 0x00000001
core   0: 0x80011d1c (0x0000bfe5) c.j     pc - 8
core   0: 3 0x80011d1c (0xbfe5)
core   0: 0x80011d14 (0x00001f17) auipc   t5, 0x1
core   0: 3 0x80011d14 (0x00001f17) x30 0x80012d14
core   0: 0x80011d18 (0x2e3f2623) sw      gp, 748(t5)
core   0: 3 0x80011d18 (0x2e3f2623) mem 0x80013000 0x00000001
core   0: 0x80011d1c (0x0000bfe5) c.j     pc - 8
core   0: 3 0x80011d1c (0xbfe5)
core   0: 0x80011d14 (0x00001f17) auipc   t5, 0x1
core   0: 3 0x80011d14 (0x00001f17) x30 0x80012d14
core   0: 0x80011d18 (0x2e3f2623) sw      gp, 748(t5)
core   0: 3 0x80011d18 (0x2e3f2623) mem 0x80013000 0x00000001
core   0: 0x80011d1c (0x0000bfe5) c.j     pc - 8
core   0: 3 0x80011d1c (0xbfe5)
core   0: 0x80011d14 (0x00001f17) auipc   t5, 0x1
core   0: 3 0x80011d14 (0x00001f17) x30 0x80012d14
core   0: 0x80011d18 (0x2e3f2623) sw      gp, 748(t5)
core   0: 3 0x80011d18 (0x2e3f2623) mem 0x80013000 0x00000001
core   0: 0x80011d1c (0x0000bfe5) c.j     pc - 8
core   0: 3 0x80011d1c (0xbfe5)
core   0: 0x80011d14 (0x00001f17) auipc   t5, 0x1
core   0: 3 0x80011d14 (0x00001f17) x30 0x80012d14
core   0: 0x80011d18 (0x2e3f2623) sw      gp, 748(t5)
core   0: 3 0x80011d18 (0x2e3f2623) mem 0x80013000 0x00000001
core   0: 0x80011d1c (0x0000bfe5) c.j     pc - 8
core   0: 3 0x80011d1c (0xbfe5)
core   0: 0x80011d14 (0x00001f17) auipc   t5, 0x1
core   0: 3 0x80011d14 (0x00001f17) x30 0x80012d14
core   0: 0x80011d18 (0x2e3f2623) sw      gp, 748(t5)
core   0: 3 0x80011d18 (0x2e3f2623) mem 0x80013000 0x00000001
core   0: 0x80011d1c (0x0000bfe5) c.j     pc - 8
core   0: 3 0x80011d1c (0xbfe5)
core   0: 0x80011d14 (0x00001f17) auipc   t5, 0x1
core   0: 3 0x80011d14 (0x00001f17) x30 0x80012d14
core   0: 0x80011d18 (0x2e3f2623) sw      gp, 748(t5)
core   0: 3 0x80011d18 (0x2e3f2623) mem 0x80013000 0x00000001
core   0: 0x80011d1c (0x0000bfe5) c.j     pc - 8
core   0: 3 0x80011d1c (0xbfe5)
core   0: 0x80011d14 (0x00001f17) auipc   t5, 0x1
core   0: 3 0x80011d14 (0x00001f17) x30 0x80012d14
core   0: 0x80011d18 (0x2e3f2623) sw      gp, 748(t5)
core   0: 3 0x80011d18 (0x2e3f2623) mem 0x80013000 0x00000001
core   0: 0x80011d1c (0x0000bfe5) c.j     pc - 8
core   0: 3 0x80011d1c (0xbfe5)
core   0: 0x80011d14 (0x00001f17) auipc   t5, 0x1
core   0: 3 0x80011d14 (0x00001f17) x30 0x80012d14
core   0: 0x80011d18 (0x2e3f2623) sw      gp, 748(t5)
core   0: 3 0x80011d18 (0x2e3f2623) mem 0x80013000 0x00000001
core   0: 0x80011d1c (0x0000bfe5) c.j     pc - 8
core   0: 3 0x80011d1c (0xbfe5)
core   0: 0x80011d14 (0x00001f17) auipc   t5, 0x1
core   0: 3 0x80011d14 (0x00001f17) x30 0x80012d14
core   0: 0x80011d18 (0x2e3f2623) sw      gp, 748(t5)
core   0: 3 0x80011d18 (0x2e3f2623) mem 0x80013000 0x00000001
core   0: 0x80011d1c (0x0000bfe5) c.j     pc - 8
core   0: 3 0x80011d1c (0xbfe5)
core   0: 0x80011d14 (0x00001f17) auipc   t5, 0x1
core   0: 3 0x80011d14 (0x00001f17) x30 0x80012d14
core   0: 0x80011d18 (0x2e3f2623) sw      gp, 748(t5)
core   0: 3 0x80011d18 (0x2e3f2623) mem 0x80013000 0x00000001
core   0: 0x80011d1c (0x0000bfe5) c.j     pc - 8
core   0: 3 0x80011d1c (0xbfe5)
core   0: 0x80011d14 (0x00001f17) auipc   t5, 0x1
core   0: 3 0x80011d14 (0x00001f17) x30 0x80012d14
core   0: 0x80011d18 (0x2e3f2623) sw      gp, 748(t5)
core   0: 3 0x80011d18 (0x2e3f2623) mem 0x80013000 0x00000001
core   0: 0x80011d1c (0x0000bfe5) c.j     pc - 8
core   0: 3 0x80011d1c (0xbfe5)
core   0: 0x80011d14 (0x00001f17) auipc   t5, 0x1
core   0: 3 0x80011d14 (0x00001f17) x30 0x80012d14
core   0: 0x80011d18 (0x2e3f2623) sw      gp, 748(t5)
core   0: 3 0x80011d18 (0x2e3f2623) mem 0x80013000 0x00000001
core   0: 0x80011d1c (0x0000bfe5) c.j     pc - 8
core   0: 3 0x80011d1c (0xbfe5)
core   0: 0x80011d14 (0x00001f17) auipc   t5, 0x1
core   0: 3 0x80011d14 (0x00001f17) x30 0x80012d14
core   0: 0x80011d18 (0x2e3f2623) sw      gp, 748(t5)
core   0: 3 0x80011d18 (0x2e3f2623) mem 0x80013000 0x00000001
core   0: 0x80011d1c (0x0000bfe5) c.j     pc - 8
core   0: 3 0x80011d1c (0xbfe5)
core   0: 0x80011d14 (0x00001f17) auipc   t5, 0x1
core   0: 3 0x80011d14 (0x00001f17) x30 0x80012d14
core   0: 0x80011d18 (0x2e3f2623) sw      gp, 748(t5)
core   0: 3 0x80011d18 (0x2e3f2623) mem 0x80013000 0x00000001
core   0: 0x80011d1c (0x0000bfe5) c.j     pc - 8
core   0: 3 0x80011d1c (0xbfe5)
core   0: 0x80011d14 (0x00001f17) auipc   t5, 0x1
core   0: 3 0x80011d14 (0x00001f17) x30 0x80012d14
core   0: 0x80011d18 (0x2e3f2623) sw      gp, 748(t5)
core   0: 3 0x80011d18 (0x2e3f2623) mem 0x80013000 0x00000001
core   0: 0x80011d1c (0x0000bfe5) c.j     pc - 8
core   0: 3 0x80011d1c (0xbfe5)
core   0: 0x80011d14 (0x00001f17) auipc   t5, 0x1
core   0: 3 0x80011d14 (0x00001f17) x30 0x80012d14
core   0: 0x80011d18 (0x2e3f2623) sw      gp, 748(t5)
core   0: 3 0x80011d18 (0x2e3f2623) mem 0x80013000 0x00000001
core   0: 0x80011d1c (0x0000bfe5) c.j     pc - 8
core   0: 3 0x80011d1c (0xbfe5)
core   0: 0x80011d14 (0x00001f17) auipc   t5, 0x1
core   0: 3 0x80011d14 (0x00001f17) x30 0x80012d14
core   0: 0x80011d18 (0x2e3f2623) sw      gp, 748(t5)
core   0: 3 0x80011d18 (0x2e3f2623) mem 0x80013000 0x00000001
core   0: 0x80011d1c (0x0000bfe5) c.j     pc - 8
core   0: 3 0x80011d1c (0xbfe5)
core   0: 0x80011d14 (0x00001f17) auipc   t5, 0x1
core   0: 3 0x80011d14 (0x00001f17) x30 0x80012d14
core   0: 0x80011d18 (0x2e3f2623) sw      gp, 748(t5)
core   0: 3 0x80011d18 (0x2e3f2623) mem 0x80013000 0x00000001
core   0: 0x80011d1c (0x0000bfe5) c.j     pc - 8
core   0: 3 0x80011d1c (0xbfe5)
core   0: 0x80011d14 (0x00001f17) auipc   t5, 0x1
core   0: 3 0x80011d14 (0x00001f17) x30 0x80012d14
core   0: 0x80011d18 (0x2e3f2623) sw      gp, 748(t5)
core   0: 3 0x80011d18 (0x2e3f2623) mem 0x80013000 0x00000001
core   0: 0x80011d1c (0x0000bfe5) c.j     pc - 8
core   0: 3 0x80011d1c (0xbfe5)
core   0: 0x80011d14 (0x00001f17) auipc   t5, 0x1
core   0: 3 0x80011d14 (0x00001f17) x30 0x80012d14
core   0: 0x80011d18 (0x2e3f2623) sw      gp, 748(t5)
core   0: 3 0x80011d18 (0x2e3f2623) mem 0x80013000 0x00000001
core   0: 0x80011d1c (0x0000bfe5) c.j     pc - 8
core   0: 3 0x80011d1c (0xbfe5)
core   0: 0x80011d14 (0x00001f17) auipc   t5, 0x1
core   0: 3 0x80011d14 (0x00001f17) x30 0x80012d14
core   0: 0x80011d18 (0x2e3f2623) sw      gp, 748(t5)
core   0: 3 0x80011d18 (0x2e3f2623) mem 0x80013000 0x00000001
core   0: 0x80011d1c (0x0000bfe5) c.j     pc - 8
core   0: 3 0x80011d1c (0xbfe5)
core   0: 0x80011d14 (0x00001f17) auipc   t5, 0x1
core   0: 3 0x80011d14 (0x00001f17) x30 0x80012d14
core   0: 0x80011d18 (0x2e3f2623) sw      gp, 748(t5)
core   0: 3 0x80011d18 (0x2e3f2623) mem 0x80013000 0x00000001
core   0: 0x80011d1c (0x0000bfe5) c.j     pc - 8
core   0: 3 0x80011d1c (0xbfe5)
core   0: 0x80011d14 (0x00001f17) auipc   t5, 0x1
core   0: 3 0x80011d14 (0x00001f17) x30 0x80012d14
core   0: 0x80011d18 (0x2e3f2623) sw      gp, 748(t5)
core   0: 3 0x80011d18 (0x2e3f2623) mem 0x80013000 0x00000001
core   0: 0x80011d1c (0x0000bfe5) c.j     pc - 8
core   0: 3 0x80011d1c (0xbfe5)
core   0: 0x80011d14 (0x00001f17) auipc   t5, 0x1
core   0: 3 0x80011d14 (0x00001f17) x30 0x80012d14
core   0: 0x80011d18 (0x2e3f2623) sw      gp, 748(t5)
core   0: 3 0x80011d18 (0x2e3f2623) mem 0x80013000 0x00000001
core   0: 0x80011d1c (0x0000bfe5) c.j     pc - 8
core   0: 3 0x80011d1c (0xbfe5)
core   0: 0x80011d14 (0x00001f17) auipc   t5, 0x1
core   0: 3 0x80011d14 (0x00001f17) x30 0x80012d14
core   0: 0x80011d18 (0x2e3f2623) sw      gp, 748(t5)
core   0: 3 0x80011d18 (0x2e3f2623) mem 0x80013000 0x00000001
core   0: 0x80011d1c (0x0000bfe5) c.j     pc - 8
core   0: 3 0x80011d1c (0xbfe5)
core   0: 0x80011d14 (0x00001f17) auipc   t5, 0x1
core   0: 3 0x80011d14 (0x00001f17) x30 0x80012d14
core   0: 0x80011d18 (0x2e3f2623) sw      gp, 748(t5)
core   0: 3 0x80011d18 (0x2e3f2623) mem 0x80013000 0x00000001
core   0: 0x80011d1c (0x0000bfe5) c.j     pc - 8
core   0: 3 0x80011d1c (0xbfe5)
core   0: 0x80011d14 (0x00001f17) auipc   t5, 0x1
core   0: 3 0x80011d14 (0x00001f17) x30 0x80012d14
core   0: 0x80011d18 (0x2e3f2623) sw      gp, 748(t5)
core   0: 3 0x80011d18 (0x2e3f2623) mem 0x80013000 0x00000001
core   0: 0x80011d1c (0x0000bfe5) c.j     pc - 8
core   0: 3 0x80011d1c (0xbfe5)
core   0: 0x80011d14 (0x00001f17) auipc   t5, 0x1
core   0: 3 0x80011d14 (0x00001f17) x30 0x80012d14
core   0: 0x80011d18 (0x2e3f2623) sw      gp, 748(t5)
core   0: 3 0x80011d18 (0x2e3f2623) mem 0x80013000 0x00000001
core   0: 0x80011d1c (0x0000bfe5) c.j     pc - 8
core   0: 3 0x80011d1c (0xbfe5)
core   0: 0x80011d14 (0x00001f17) auipc   t5, 0x1
core   0: 3 0x80011d14 (0x00001f17) x30 0x80012d14
core   0: 0x80011d18 (0x2e3f2623) sw      gp, 748(t5)
core   0: 3 0x80011d18 (0x2e3f2623) mem 0x80013000 0x00000001
core   0: 0x80011d1c (0x0000bfe5) c.j     pc - 8
core   0: 3 0x80011d1c (0xbfe5)
core   0: 0x80011d14 (0x00001f17) auipc   t5, 0x1
core   0: 3 0x80011d14 (0x00001f17) x30 0x80012d14
core   0: 0x80011d18 (0x2e3f2623) sw      gp, 748(t5)
core   0: 3 0x80011d18 (0x2e3f2623) mem 0x80013000 0x00000001
core   0: 0x80011d1c (0x0000bfe5) c.j     pc - 8
core   0: 3 0x80011d1c (0xbfe5)
core   0: 0x80011d14 (0x00001f17) auipc   t5, 0x1
core   0: 3 0x80011d14 (0x00001f17) x30 0x80012d14
core   0: 0x80011d18 (0x2e3f2623) sw      gp, 748(t5)
core   0: 3 0x80011d18 (0x2e3f2623) mem 0x80013000 0x00000001
core   0: 0x80011d1c (0x0000bfe5) c.j     pc - 8
core   0: 3 0x80011d1c (0xbfe5)
core   0: 0x80011d14 (0x00001f17) auipc   t5, 0x1
core   0: 3 0x80011d14 (0x00001f17) x30 0x80012d14
core   0: 0x80011d18 (0x2e3f2623) sw      gp, 748(t5)
core   0: 3 0x80011d18 (0x2e3f2623) mem 0x80013000 0x00000001
core   0: 0x80011d1c (0x0000bfe5) c.j     pc - 8
core   0: 3 0x80011d1c (0xbfe5)
core   0: 0x80011d14 (0x00001f17) auipc   t5, 0x1
core   0: 3 0x80011d14 (0x00001f17) x30 0x80012d14
core   0: 0x80011d18 (0x2e3f2623) sw      gp, 748(t5)
core   0: 3 0x80011d18 (0x2e3f2623) mem 0x80013000 0x00000001
core   0: 0x80011d1c (0x0000bfe5) c.j     pc - 8
core   0: 3 0x80011d1c (0xbfe5)
core   0: 0x80011d14 (0x00001f17) auipc   t5, 0x1
core   0: 3 0x80011d14 (0x00001f17) x30 0x80012d14
core   0: 0x80011d18 (0x2e3f2623) sw      gp, 748(t5)
core   0: 3 0x80011d18 (0x2e3f2623) mem 0x80013000 0x00000001
core   0: 0x80011d1c (0x0000bfe5) c.j     pc - 8
core   0: 3 0x80011d1c (0xbfe5)
core   0: 0x80011d14 (0x00001f17) auipc   t5, 0x1
core   0: 3 0x80011d14 (0x00001f17) x30 0x80012d14
core   0: 0x80011d18 (0x2e3f2623) sw      gp, 748(t5)
core   0: 3 0x80011d18 (0x2e3f2623) mem 0x80013000 0x00000001
core   0: 0x80011d1c (0x0000bfe5) c.j     pc - 8
core   0: 3 0x80011d1c (0xbfe5)
core   0: 0x80011d14 (0x00001f17) auipc   t5, 0x1
core   0: 3 0x80011d14 (0x00001f17) x30 0x80012d14
core   0: 0x80011d18 (0x2e3f2623) sw      gp, 748(t5)
core   0: 3 0x80011d18 (0x2e3f2623) mem 0x80013000 0x00000001
core   0: 0x80011d1c (0x0000bfe5) c.j     pc - 8
core   0: 3 0x80011d1c (0xbfe5)
core   0: 0x80011d14 (0x00001f17) auipc   t5, 0x1
core   0: 3 0x80011d14 (0x00001f17) x30 0x80012d14
core   0: 0x80011d18 (0x2e3f2623) sw      gp, 748(t5)
core   0: 3 0x80011d18 (0x2e3f2623) mem 0x80013000 0x00000001
core   0: 0x80011d1c (0x0000bfe5) c.j     pc - 8
core   0: 3 0x80011d1c (0xbfe5)
core   0: 0x80011d14 (0x00001f17) auipc   t5, 0x1
core   0: 3 0x80011d14 (0x00001f17) x30 0x80012d14
core   0: 0x80011d18 (0x2e3f2623) sw      gp, 748(t5)
core   0: 3 0x80011d18 (0x2e3f2623) mem 0x80013000 0x00000001
core   0: 0x80011d1c (0x0000bfe5) c.j     pc - 8
core   0: 3 0x80011d1c (0xbfe5)
core   0: 0x80011d14 (0x00001f17) auipc   t5, 0x1
core   0: 3 0x80011d14 (0x00001f17) x30 0x80012d14
core   0: 0x80011d18 (0x2e3f2623) sw      gp, 748(t5)
core   0: 3 0x80011d18 (0x2e3f2623) mem 0x80013000 0x00000001
core   0: 0x80011d1c (0x0000bfe5) c.j     pc - 8
core   0: 3 0x80011d1c (0xbfe5)
core   0: 0x80011d14 (0x00001f17) auipc   t5, 0x1
core   0: 3 0x80011d14 (0x00001f17) x30 0x80012d14
core   0: 0x80011d18 (0x2e3f2623) sw      gp, 748(t5)
core   0: 3 0x80011d18 (0x2e3f2623) mem 0x80013000 0x00000001
core   0: 0x80011d1c (0x0000bfe5) c.j     pc - 8
core   0: 3 0x80011d1c (0xbfe5)
core   0: 0x80011d14 (0x00001f17) auipc   t5, 0x1
core   0: 3 0x80011d14 (0x00001f17) x30 0x80012d14
core   0: 0x80011d18 (0x2e3f2623) sw      gp, 748(t5)
core   0: 3 0x80011d18 (0x2e3f2623) mem 0x80013000 0x00000001
core   0: 0x80011d1c (0x0000bfe5) c.j     pc - 8
core   0: 3 0x80011d1c (0xbfe5)
core   0: 0x80011d14 (0x00001f17) auipc   t5, 0x1
core   0: 3 0x80011d14 (0x00001f17) x30 0x80012d14
core   0: 0x80011d18 (0x2e3f2623) sw      gp, 748(t5)
core   0: 3 0x80011d18 (0x2e3f2623) mem 0x80013000 0x00000001
core   0: 0x80011d1c (0x0000bfe5) c.j     pc - 8
core   0: 3 0x80011d1c (0xbfe5)
core   0: 0x80011d14 (0x00001f17) auipc   t5, 0x1
core   0: 3 0x80011d14 (0x00001f17) x30 0x80012d14
core   0: 0x80011d18 (0x2e3f2623) sw      gp, 748(t5)
core   0: 3 0x80011d18 (0x2e3f2623) mem 0x80013000 0x00000001
core   0: 0x80011d1c (0x0000bfe5) c.j     pc - 8
core   0: 3 0x80011d1c (0xbfe5)
core   0: 0x80011d14 (0x00001f17) auipc   t5, 0x1
core   0: 3 0x80011d14 (0x00001f17) x30 0x80012d14
core   0: 0x80011d18 (0x2e3f2623) sw      gp, 748(t5)
core   0: 3 0x80011d18 (0x2e3f2623) mem 0x80013000 0x00000001
core   0: 0x80011d1c (0x0000bfe5) c.j     pc - 8
core   0: 3 0x80011d1c (0xbfe5)
core   0: 0x80011d14 (0x00001f17) auipc   t5, 0x1
core   0: 3 0x80011d14 (0x00001f17) x30 0x80012d14
core   0: 0x80011d18 (0x2e3f2623) sw      gp, 748(t5)
core   0: 3 0x80011d18 (0x2e3f2623) mem 0x80013000 0x00000001
core   0: 0x80011d1c (0x0000bfe5) c.j     pc - 8
core   0: 3 0x80011d1c (0xbfe5)
core   0: 0x80011d14 (0x00001f17) auipc   t5, 0x1
core   0: 3 0x80011d14 (0x00001f17) x30 0x80012d14
core   0: 0x80011d18 (0x2e3f2623) sw      gp, 748(t5)
core   0: 3 0x80011d18 (0x2e3f2623) mem 0x80013000 0x00000001
core   0: 0x80011d1c (0x0000bfe5) c.j     pc - 8
core   0: 3 0x80011d1c (0xbfe5)
core   0: 0x80011d14 (0x00001f17) auipc   t5, 0x1
core   0: 3 0x80011d14 (0x00001f17) x30 0x80012d14
core   0: 0x80011d18 (0x2e3f2623) sw      gp, 748(t5)
core   0: 3 0x80011d18 (0x2e3f2623) mem 0x80013000 0x00000001
core   0: 0x80011d1c (0x0000bfe5) c.j     pc - 8
core   0: 3 0x80011d1c (0xbfe5)
core   0: 0x80011d14 (0x00001f17) auipc   t5, 0x1
core   0: 3 0x80011d14 (0x00001f17) x30 0x80012d14
core   0: 0x80011d18 (0x2e3f2623) sw      gp, 748(t5)
core   0: 3 0x80011d18 (0x2e3f2623) mem 0x80013000 0x00000001
core   0: 0x80011d1c (0x0000bfe5) c.j     pc - 8
core   0: 3 0x80011d1c (0xbfe5)
core   0: 0x80011d14 (0x00001f17) auipc   t5, 0x1
core   0: 3 0x80011d14 (0x00001f17) x30 0x80012d14
core   0: 0x80011d18 (0x2e3f2623) sw      gp, 748(t5)
core   0: 3 0x80011d18 (0x2e3f2623) mem 0x80013000 0x00000001
core   0: 0x80011d1c (0x0000bfe5) c.j     pc - 8
core   0: 3 0x80011d1c (0xbfe5)
core   0: 0x80011d14 (0x00001f17) auipc   t5, 0x1
core   0: 3 0x80011d14 (0x00001f17) x30 0x80012d14
core   0: 0x80011d18 (0x2e3f2623) sw      gp, 748(t5)
core   0: 3 0x80011d18 (0x2e3f2623) mem 0x80013000 0x00000001
core   0: 0x80011d1c (0x0000bfe5) c.j     pc - 8
core   0: 3 0x80011d1c (0xbfe5)
core   0: 0x80011d14 (0x00001f17) auipc   t5, 0x1
core   0: 3 0x80011d14 (0x00001f17) x30 0x80012d14
core   0: 0x80011d18 (0x2e3f2623) sw      gp, 748(t5)
core   0: 3 0x80011d18 (0x2e3f2623) mem 0x80013000 0x00000001
core   0: 0x80011d1c (0x0000bfe5) c.j     pc - 8
core   0: 3 0x80011d1c (0xbfe5)
core   0: 0x80011d14 (0x00001f17) auipc   t5, 0x1
core   0: 3 0x80011d14 (0x00001f17) x30 0x80012d14
core   0: 0x80011d18 (0x2e3f2623) sw      gp, 748(t5)
core   0: 3 0x80011d18 (0x2e3f2623) mem 0x80013000 0x00000001
core   0: 0x80011d1c (0x0000bfe5) c.j     pc - 8
core   0: 3 0x80011d1c (0xbfe5)
core   0: 0x80011d14 (0x00001f17) auipc   t5, 0x1
core   0: 3 0x80011d14 (0x00001f17) x30 0x80012d14
core   0: 0x80011d18 (0x2e3f2623) sw      gp, 748(t5)
core   0: 3 0x80011d18 (0x2e3f2623) mem 0x80013000 0x00000001
core   0: 0x80011d1c (0x0000bfe5) c.j     pc - 8
core   0: 3 0x80011d1c (0xbfe5)
core   0: 0x80011d14 (0x00001f17) auipc   t5, 0x1
core   0: 3 0x80011d14 (0x00001f17) x30 0x80012d14
core   0: 0x80011d18 (0x2e3f2623) sw      gp, 748(t5)
core   0: 3 0x80011d18 (0x2e3f2623) mem 0x80013000 0x00000001
core   0: 0x80011d1c (0x0000bfe5) c.j     pc - 8
core   0: 3 0x80011d1c (0xbfe5)
core   0: 0x80011d14 (0x00001f17) auipc   t5, 0x1
core   0: 3 0x80011d14 (0x00001f17) x30 0x80012d14
core   0: 0x80011d18 (0x2e3f2623) sw      gp, 748(t5)
core   0: 3 0x80011d18 (0x2e3f2623) mem 0x80013000 0x00000001
core   0: 0x80011d1c (0x0000bfe5) c.j     pc - 8
core   0: 3 0x80011d1c (0xbfe5)
core   0: 0x80011d14 (0x00001f17) auipc   t5, 0x1
core   0: 3 0x80011d14 (0x00001f17) x30 0x80012d14
core   0: 0x80011d18 (0x2e3f2623) sw      gp, 748(t5)
core   0: 3 0x80011d18 (0x2e3f2623) mem 0x80013000 0x00000001
core   0: 0x80011d1c (0x0000bfe5) c.j     pc - 8
core   0: 3 0x80011d1c (0xbfe5)
core   0: 0x80011d14 (0x00001f17) auipc   t5, 0x1
core   0: 3 0x80011d14 (0x00001f17) x30 0x80012d14
core   0: 0x80011d18 (0x2e3f2623) sw      gp, 748(t5)
core   0: 3 0x80011d18 (0x2e3f2623) mem 0x80013000 0x00000001
core   0: 0x80011d1c (0x0000bfe5) c.j     pc - 8
core   0: 3 0x80011d1c (0xbfe5)
core   0: 0x80011d14 (0x00001f17) auipc   t5, 0x1
core   0: 3 0x80011d14 (0x00001f17) x30 0x80012d14
core   0: 0x80011d18 (0x2e3f2623) sw      gp, 748(t5)
core   0: 3 0x80011d18 (0x2e3f2623) mem 0x80013000 0x00000001
core   0: 0x80011d1c (0x0000bfe5) c.j     pc - 8
core   0: 3 0x80011d1c (0xbfe5)
core   0: 0x80011d14 (0x00001f17) auipc   t5, 0x1
core   0: 3 0x80011d14 (0x00001f17) x30 0x80012d14
core   0: 0x80011d18 (0x2e3f2623) sw      gp, 748(t5)
core   0: 3 0x80011d18 (0x2e3f2623) mem 0x80013000 0x00000001
core   0: 0x80011d1c (0x0000bfe5) c.j     pc - 8
core   0: 3 0x80011d1c (0xbfe5)
core   0: 0x80011d14 (0x00001f17) auipc   t5, 0x1
core   0: 3 0x80011d14 (0x00001f17) x30 0x80012d14
core   0: 0x80011d18 (0x2e3f2623) sw      gp, 748(t5)
core   0: 3 0x80011d18 (0x2e3f2623) mem 0x80013000 0x00000001
core   0: 0x80011d1c (0x0000bfe5) c.j     pc - 8
core   0: 3 0x80011d1c (0xbfe5)
core   0: 0x80011d14 (0x00001f17) auipc   t5, 0x1
core   0: 3 0x80011d14 (0x00001f17) x30 0x80012d14
core   0: 0x80011d18 (0x2e3f2623) sw      gp, 748(t5)
core   0: 3 0x80011d18 (0x2e3f2623) mem 0x80013000 0x00000001
core   0: 0x80011d1c (0x0000bfe5) c.j     pc - 8
core   0: 3 0x80011d1c (0xbfe5)
core   0: 0x80011d14 (0x00001f17) auipc   t5, 0x1
core   0: 3 0x80011d14 (0x00001f17) x30 0x80012d14
core   0: 0x80011d18 (0x2e3f2623) sw      gp, 748(t5)
core   0: 3 0x80011d18 (0x2e3f2623) mem 0x80013000 0x00000001
core   0: 0x80011d1c (0x0000bfe5) c.j     pc - 8
core   0: 3 0x80011d1c (0xbfe5)
core   0: 0x80011d14 (0x00001f17) auipc   t5, 0x1
core   0: 3 0x80011d14 (0x00001f17) x30 0x80012d14
core   0: 0x80011d18 (0x2e3f2623) sw      gp, 748(t5)
core   0: 3 0x80011d18 (0x2e3f2623) mem 0x80013000 0x00000001
core   0: 0x80011d1c (0x0000bfe5) c.j     pc - 8
core   0: 3 0x80011d1c (0xbfe5)
core   0: 0x80011d14 (0x00001f17) auipc   t5, 0x1
core   0: 3 0x80011d14 (0x00001f17) x30 0x80012d14
core   0: 0x80011d18 (0x2e3f2623) sw      gp, 748(t5)
core   0: 3 0x80011d18 (0x2e3f2623) mem 0x80013000 0x00000001
core   0: 0x80011d1c (0x0000bfe5) c.j     pc - 8
core   0: 3 0x80011d1c (0xbfe5)
core   0: 0x80011d14 (0x00001f17) auipc   t5, 0x1
core   0: 3 0x80011d14 (0x00001f17) x30 0x80012d14
core   0: 0x80011d18 (0x2e3f2623) sw      gp, 748(t5)
core   0: 3 0x80011d18 (0x2e3f2623) mem 0x80013000 0x00000001
core   0: 0x80011d1c (0x0000bfe5) c.j     pc - 8
core   0: 3 0x80011d1c (0xbfe5)
core   0: 0x80011d14 (0x00001f17) auipc   t5, 0x1
core   0: 3 0x80011d14 (0x00001f17) x30 0x80012d14
core   0: 0x80011d18 (0x2e3f2623) sw      gp, 748(t5)
core   0: 3 0x80011d18 (0x2e3f2623) mem 0x80013000 0x00000001
core   0: 0x80011d1c (0x0000bfe5) c.j     pc - 8
core   0: 3 0x80011d1c (0xbfe5)
core   0: 0x80011d14 (0x00001f17) auipc   t5, 0x1
core   0: 3 0x80011d14 (0x00001f17) x30 0x80012d14
core   0: 0x80011d18 (0x2e3f2623) sw      gp, 748(t5)
core   0: 3 0x80011d18 (0x2e3f2623) mem 0x80013000 0x00000001
core   0: 0x80011d1c (0x0000bfe5) c.j     pc - 8
core   0: 3 0x80011d1c (0xbfe5)
core   0: 0x80011d14 (0x00001f17) auipc   t5, 0x1
core   0: 3 0x80011d14 (0x00001f17) x30 0x80012d14
core   0: 0x80011d18 (0x2e3f2623) sw      gp, 748(t5)
core   0: 3 0x80011d18 (0x2e3f2623) mem 0x80013000 0x00000001
core   0: 0x80011d1c (0x0000bfe5) c.j     pc - 8
core   0: 3 0x80011d1c (0xbfe5)
core   0: 0x80011d14 (0x00001f17) auipc   t5, 0x1
core   0: 3 0x80011d14 (0x00001f17) x30 0x80012d14
core   0: 0x80011d18 (0x2e3f2623) sw      gp, 748(t5)
core   0: 3 0x80011d18 (0x2e3f2623) mem 0x80013000 0x00000001
core   0: 0x80011d1c (0x0000bfe5) c.j     pc - 8
core   0: 3 0x80011d1c (0xbfe5)
core   0: 0x80011d14 (0x00001f17) auipc   t5, 0x1
core   0: 3 0x80011d14 (0x00001f17) x30 0x80012d14
core   0: 0x80011d18 (0x2e3f2623) sw      gp, 748(t5)
core   0: 3 0x80011d18 (0x2e3f2623) mem 0x80013000 0x00000001
core   0: 0x80011d1c (0x0000bfe5) c.j     pc - 8
core   0: 3 0x80011d1c (0xbfe5)
core   0: 0x80011d14 (0x00001f17) auipc   t5, 0x1
core   0: 3 0x80011d14 (0x00001f17) x30 0x80012d14
core   0: 0x80011d18 (0x2e3f2623) sw      gp, 748(t5)
core   0: 3 0x80011d18 (0x2e3f2623) mem 0x80013000 0x00000001
core   0: 0x80011d1c (0x0000bfe5) c.j     pc - 8
core   0: 3 0x80011d1c (0xbfe5)
core   0: 0x80011d14 (0x00001f17) auipc   t5, 0x1
core   0: 3 0x80011d14 (0x00001f17) x30 0x80012d14
core   0: 0x80011d18 (0x2e3f2623) sw      gp, 748(t5)
core   0: 3 0x80011d18 (0x2e3f2623) mem 0x80013000 0x00000001
core   0: 0x80011d1c (0x0000bfe5) c.j     pc - 8
core   0: 3 0x80011d1c (0xbfe5)
core   0: 0x80011d14 (0x00001f17) auipc   t5, 0x1
core   0: 3 0x80011d14 (0x00001f17) x30 0x80012d14
core   0: 0x80011d18 (0x2e3f2623) sw      gp, 748(t5)
core   0: 3 0x80011d18 (0x2e3f2623) mem 0x80013000 0x00000001
core   0: 0x80011d1c (0x0000bfe5) c.j     pc - 8
core   0: 3 0x80011d1c (0xbfe5)
core   0: 0x80011d14 (0x00001f17) auipc   t5, 0x1
core   0: 3 0x80011d14 (0x00001f17) x30 0x80012d14
core   0: 0x80011d18 (0x2e3f2623) sw      gp, 748(t5)
core   0: 3 0x80011d18 (0x2e3f2623) mem 0x80013000 0x00000001
core   0: 0x80011d1c (0x0000bfe5) c.j     pc - 8
core   0: 3 0x80011d1c (0xbfe5)
core   0: 0x80011d14 (0x00001f17) auipc   t5, 0x1
core   0: 3 0x80011d14 (0x00001f17) x30 0x80012d14
core   0: 0x80011d18 (0x2e3f2623) sw      gp, 748(t5)
core   0: 3 0x80011d18 (0x2e3f2623) mem 0x80013000 0x00000001
core   0: 0x80011d1c (0x0000bfe5) c.j     pc - 8
core   0: 3 0x80011d1c (0xbfe5)
core   0: 0x80011d14 (0x00001f17) auipc   t5, 0x1
core   0: 3 0x80011d14 (0x00001f17) x30 0x80012d14
core   0: 0x80011d18 (0x2e3f2623) sw      gp, 748(t5)
core   0: 3 0x80011d18 (0x2e3f2623) mem 0x80013000 0x00000001
core   0: 0x80011d1c (0x0000bfe5) c.j     pc - 8
core   0: 3 0x80011d1c (0xbfe5)
core   0: 0x80011d14 (0x00001f17) auipc   t5, 0x1
core   0: 3 0x80011d14 (0x00001f17) x30 0x80012d14
core   0: 0x80011d18 (0x2e3f2623) sw      gp, 748(t5)
core   0: 3 0x80011d18 (0x2e3f2623) mem 0x80013000 0x00000001
core   0: 0x80011d1c (0x0000bfe5) c.j     pc - 8
core   0: 3 0x80011d1c (0xbfe5)
core   0: 0x80011d14 (0x00001f17) auipc   t5, 0x1
core   0: 3 0x80011d14 (0x00001f17) x30 0x80012d14
core   0: 0x80011d18 (0x2e3f2623) sw      gp, 748(t5)
core   0: 3 0x80011d18 (0x2e3f2623) mem 0x80013000 0x00000001
core   0: 0x80011d1c (0x0000bfe5) c.j     pc - 8
core   0: 3 0x80011d1c (0xbfe5)
core   0: 0x80011d14 (0x00001f17) auipc   t5, 0x1
core   0: 3 0x80011d14 (0x00001f17) x30 0x80012d14
core   0: 0x80011d18 (0x2e3f2623) sw      gp, 748(t5)
core   0: 3 0x80011d18 (0x2e3f2623) mem 0x80013000 0x00000001
core   0: 0x80011d1c (0x0000bfe5) c.j     pc - 8
core   0: 3 0x80011d1c (0xbfe5)
core   0: 0x80011d14 (0x00001f17) auipc   t5, 0x1
core   0: 3 0x80011d14 (0x00001f17) x30 0x80012d14
core   0: 0x80011d18 (0x2e3f2623) sw      gp, 748(t5)
core   0: 3 0x80011d18 (0x2e3f2623) mem 0x80013000 0x00000001
core   0: 0x80011d1c (0x0000bfe5) c.j     pc - 8
core   0: 3 0x80011d1c (0xbfe5)
core   0: 0x80011d14 (0x00001f17) auipc   t5, 0x1
core   0: 3 0x80011d14 (0x00001f17) x30 0x80012d14
core   0: 0x80011d18 (0x2e3f2623) sw      gp, 748(t5)
core   0: 3 0x80011d18 (0x2e3f2623) mem 0x80013000 0x00000001
core   0: 0x80011d1c (0x0000bfe5) c.j     pc - 8
core   0: 3 0x80011d1c (0xbfe5)
core   0: 0x80011d14 (0x00001f17) auipc   t5, 0x1
core   0: 3 0x80011d14 (0x00001f17) x30 0x80012d14
core   0: 0x80011d18 (0x2e3f2623) sw      gp, 748(t5)
core   0: 3 0x80011d18 (0x2e3f2623) mem 0x80013000 0x00000001
core   0: 0x80011d1c (0x0000bfe5) c.j     pc - 8
core   0: 3 0x80011d1c (0xbfe5)
core   0: 0x80011d14 (0x00001f17) auipc   t5, 0x1
core   0: 3 0x80011d14 (0x00001f17) x30 0x80012d14
core   0: 0x80011d18 (0x2e3f2623) sw      gp, 748(t5)
core   0: 3 0x80011d18 (0x2e3f2623) mem 0x80013000 0x00000001
core   0: 0x80011d1c (0x0000bfe5) c.j     pc - 8
core   0: 3 0x80011d1c (0xbfe5)
core   0: 0x80011d14 (0x00001f17) auipc   t5, 0x1
core   0: 3 0x80011d14 (0x00001f17) x30 0x80012d14
core   0: 0x80011d18 (0x2e3f2623) sw      gp, 748(t5)
core   0: 3 0x80011d18 (0x2e3f2623) mem 0x80013000 0x00000001
core   0: 0x80011d1c (0x0000bfe5) c.j     pc - 8
core   0: 3 0x80011d1c (0xbfe5)
core   0: 0x80011d14 (0x00001f17) auipc   t5, 0x1
core   0: 3 0x80011d14 (0x00001f17) x30 0x80012d14
core   0: 0x80011d18 (0x2e3f2623) sw      gp, 748(t5)
core   0: 3 0x80011d18 (0x2e3f2623) mem 0x80013000 0x00000001
core   0: 0x80011d1c (0x0000bfe5) c.j     pc - 8
core   0: 3 0x80011d1c (0xbfe5)
core   0: 0x80011d14 (0x00001f17) auipc   t5, 0x1
core   0: 3 0x80011d14 (0x00001f17) x30 0x80012d14
core   0: 0x80011d18 (0x2e3f2623) sw      gp, 748(t5)
core   0: 3 0x80011d18 (0x2e3f2623) mem 0x80013000 0x00000001
core   0: 0x80011d1c (0x0000bfe5) c.j     pc - 8
core   0: 3 0x80011d1c (0xbfe5)
core   0: 0x80011d14 (0x00001f17) auipc   t5, 0x1
core   0: 3 0x80011d14 (0x00001f17) x30 0x80012d14
core   0: 0x80011d18 (0x2e3f2623) sw      gp, 748(t5)
core   0: 3 0x80011d18 (0x2e3f2623) mem 0x80013000 0x00000001
core   0: 0x80011d1c (0x0000bfe5) c.j     pc - 8
core   0: 3 0x80011d1c (0xbfe5)
core   0: 0x80011d14 (0x00001f17) auipc   t5, 0x1
core   0: 3 0x80011d14 (0x00001f17) x30 0x80012d14
core   0: 0x80011d18 (0x2e3f2623) sw      gp, 748(t5)
core   0: 3 0x80011d18 (0x2e3f2623) mem 0x80013000 0x00000001
core   0: 0x80011d1c (0x0000bfe5) c.j     pc - 8
core   0: 3 0x80011d1c (0xbfe5)
core   0: 0x80011d14 (0x00001f17) auipc   t5, 0x1
core   0: 3 0x80011d14 (0x00001f17) x30 0x80012d14
core   0: 0x80011d18 (0x2e3f2623) sw      gp, 748(t5)
core   0: 3 0x80011d18 (0x2e3f2623) mem 0x80013000 0x00000001
core   0: 0x80011d1c (0x0000bfe5) c.j     pc - 8
core   0: 3 0x80011d1c (0xbfe5)
core   0: 0x80011d14 (0x00001f17) auipc   t5, 0x1
core   0: 3 0x80011d14 (0x00001f17) x30 0x80012d14
core   0: 0x80011d18 (0x2e3f2623) sw      gp, 748(t5)
core   0: 3 0x80011d18 (0x2e3f2623) mem 0x80013000 0x00000001
core   0: 0x80011d1c (0x0000bfe5) c.j     pc - 8
core   0: 3 0x80011d1c (0xbfe5)
core   0: 0x80011d14 (0x00001f17) auipc   t5, 0x1
core   0: 3 0x80011d14 (0x00001f17) x30 0x80012d14
core   0: 0x80011d18 (0x2e3f2623) sw      gp, 748(t5)
core   0: 3 0x80011d18 (0x2e3f2623) mem 0x80013000 0x00000001
core   0: 0x80011d1c (0x0000bfe5) c.j     pc - 8
core   0: 3 0x80011d1c (0xbfe5)
core   0: 0x80011d14 (0x00001f17) auipc   t5, 0x1
core   0: 3 0x80011d14 (0x00001f17) x30 0x80012d14
core   0: 0x80011d18 (0x2e3f2623) sw      gp, 748(t5)
core   0: 3 0x80011d18 (0x2e3f2623) mem 0x80013000 0x00000001
core   0: 0x80011d1c (0x0000bfe5) c.j     pc - 8
core   0: 3 0x80011d1c (0xbfe5)
core   0: 0x80011d14 (0x00001f17) auipc   t5, 0x1
core   0: 3 0x80011d14 (0x00001f17) x30 0x80012d14
core   0: 0x80011d18 (0x2e3f2623) sw      gp, 748(t5)
core   0: 3 0x80011d18 (0x2e3f2623) mem 0x80013000 0x00000001
core   0: 0x80011d1c (0x0000bfe5) c.j     pc - 8
core   0: 3 0x80011d1c (0xbfe5)
core   0: 0x80011d14 (0x00001f17) auipc   t5, 0x1
core   0: 3 0x80011d14 (0x00001f17) x30 0x80012d14
core   0: 0x80011d18 (0x2e3f2623) sw      gp, 748(t5)
core   0: 3 0x80011d18 (0x2e3f2623) mem 0x80013000 0x00000001
core   0: 0x80011d1c (0x0000bfe5) c.j     pc - 8
core   0: 3 0x80011d1c (0xbfe5)
core   0: 0x80011d14 (0x00001f17) auipc   t5, 0x1
core   0: 3 0x80011d14 (0x00001f17) x30 0x80012d14
core   0: 0x80011d18 (0x2e3f2623) sw      gp, 748(t5)
core   0: 3 0x80011d18 (0x2e3f2623) mem 0x80013000 0x00000001
core   0: 0x80011d1c (0x0000bfe5) c.j     pc - 8
core   0: 3 0x80011d1c (0xbfe5)
core   0: 0x80011d14 (0x00001f17) auipc   t5, 0x1
core   0: 3 0x80011d14 (0x00001f17) x30 0x80012d14
core   0: 0x80011d18 (0x2e3f2623) sw      gp, 748(t5)
core   0: 3 0x80011d18 (0x2e3f2623) mem 0x80013000 0x00000001
core   0: 0x80011d1c (0x0000bfe5) c.j     pc - 8
core   0: 3 0x80011d1c (0xbfe5)
core   0: 0x80011d14 (0x00001f17) auipc   t5, 0x1
core   0: 3 0x80011d14 (0x00001f17) x30 0x80012d14
core   0: 0x80011d18 (0x2e3f2623) sw      gp, 748(t5)
core   0: 3 0x80011d18 (0x2e3f2623) mem 0x80013000 0x00000001
core   0: 0x80011d1c (0x0000bfe5) c.j     pc - 8
core   0: 3 0x80011d1c (0xbfe5)
core   0: 0x80011d14 (0x00001f17) auipc   t5, 0x1
core   0: 3 0x80011d14 (0x00001f17) x30 0x80012d14
core   0: 0x80011d18 (0x2e3f2623) sw      gp, 748(t5)
core   0: 3 0x80011d18 (0x2e3f2623) mem 0x80013000 0x00000001
core   0: 0x80011d1c (0x0000bfe5) c.j     pc - 8
core   0: 3 0x80011d1c (0xbfe5)
core   0: 0x80011d14 (0x00001f17) auipc   t5, 0x1
core   0: 3 0x80011d14 (0x00001f17) x30 0x80012d14
core   0: 0x80011d18 (0x2e3f2623) sw      gp, 748(t5)
core   0: 3 0x80011d18 (0x2e3f2623) mem 0x80013000 0x00000001
core   0: 0x80011d1c (0x0000bfe5) c.j     pc - 8
core   0: 3 0x80011d1c (0xbfe5)
core   0: 0x80011d14 (0x00001f17) auipc   t5, 0x1
core   0: 3 0x80011d14 (0x00001f17) x30 0x80012d14
core   0: 0x80011d18 (0x2e3f2623) sw      gp, 748(t5)
core   0: 3 0x80011d18 (0x2e3f2623) mem 0x80013000 0x00000001
core   0: 0x80011d1c (0x0000bfe5) c.j     pc - 8
core   0: 3 0x80011d1c (0xbfe5)
core   0: 0x80011d14 (0x00001f17) auipc   t5, 0x1
core   0: 3 0x80011d14 (0x00001f17) x30 0x80012d14
core   0: 0x80011d18 (0x2e3f2623) sw      gp, 748(t5)
core   0: 3 0x80011d18 (0x2e3f2623) mem 0x80013000 0x00000001
core   0: 0x80011d1c (0x0000bfe5) c.j     pc - 8
core   0: 3 0x80011d1c (0xbfe5)
core   0: 0x80011d14 (0x00001f17) auipc   t5, 0x1
core   0: 3 0x80011d14 (0x00001f17) x30 0x80012d14
core   0: 0x80011d18 (0x2e3f2623) sw      gp, 748(t5)
core   0: 3 0x80011d18 (0x2e3f2623) mem 0x80013000 0x00000001
core   0: 0x80011d1c (0x0000bfe5) c.j     pc - 8
core   0: 3 0x80011d1c (0xbfe5)
core   0: 0x80011d14 (0x00001f17) auipc   t5, 0x1
core   0: 3 0x80011d14 (0x00001f17) x30 0x80012d14
core   0: 0x80011d18 (0x2e3f2623) sw      gp, 748(t5)
core   0: 3 0x80011d18 (0x2e3f2623) mem 0x80013000 0x00000001
core   0: 0x80011d1c (0x0000bfe5) c.j     pc - 8
core   0: 3 0x80011d1c (0xbfe5)
core   0: 0x80011d14 (0x00001f17) auipc   t5, 0x1
core   0: 3 0x80011d14 (0x00001f17) x30 0x80012d14
core   0: 0x80011d18 (0x2e3f2623) sw      gp, 748(t5)
core   0: 3 0x80011d18 (0x2e3f2623) mem 0x80013000 0x00000001
core   0: 0x80011d1c (0x0000bfe5) c.j     pc - 8
core   0: 3 0x80011d1c (0xbfe5)
core   0: 0x80011d14 (0x00001f17) auipc   t5, 0x1
core   0: 3 0x80011d14 (0x00001f17) x30 0x80012d14
core   0: 0x80011d18 (0x2e3f2623) sw      gp, 748(t5)
core   0: 3 0x80011d18 (0x2e3f2623) mem 0x80013000 0x00000001
core   0: 0x80011d1c (0x0000bfe5) c.j     pc - 8
core   0: 3 0x80011d1c (0xbfe5)
core   0: 0x80011d14 (0x00001f17) auipc   t5, 0x1
core   0: 3 0x80011d14 (0x00001f17) x30 0x80012d14
core   0: 0x80011d18 (0x2e3f2623) sw      gp, 748(t5)
core   0: 3 0x80011d18 (0x2e3f2623) mem 0x80013000 0x00000001
core   0: 0x80011d1c (0x0000bfe5) c.j     pc - 8
core   0: 3 0x80011d1c (0xbfe5)
core   0: 0x80011d14 (0x00001f17) auipc   t5, 0x1
core   0: 3 0x80011d14 (0x00001f17) x30 0x80012d14
core   0: 0x80011d18 (0x2e3f2623) sw      gp, 748(t5)
core   0: 3 0x80011d18 (0x2e3f2623) mem 0x80013000 0x00000001
core   0: 0x80011d1c (0x0000bfe5) c.j     pc - 8
core   0: 3 0x80011d1c (0xbfe5)
core   0: 0x80011d14 (0x00001f17) auipc   t5, 0x1
core   0: 3 0x80011d14 (0x00001f17) x30 0x80012d14
core   0: 0x80011d18 (0x2e3f2623) sw      gp, 748(t5)
core   0: 3 0x80011d18 (0x2e3f2623) mem 0x80013000 0x00000001
core   0: 0x80011d1c (0x0000bfe5) c.j     pc - 8
core   0: 3 0x80011d1c (0xbfe5)
core   0: 0x80011d14 (0x00001f17) auipc   t5, 0x1
core   0: 3 0x80011d14 (0x00001f17) x30 0x80012d14
core   0: 0x80011d18 (0x2e3f2623) sw      gp, 748(t5)
core   0: 3 0x80011d18 (0x2e3f2623) mem 0x80013000 0x00000001
core   0: 0x80011d1c (0x0000bfe5) c.j     pc - 8
core   0: 3 0x80011d1c (0xbfe5)
core   0: 0x80011d14 (0x00001f17) auipc   t5, 0x1
core   0: 3 0x80011d14 (0x00001f17) x30 0x80012d14
core   0: 0x80011d18 (0x2e3f2623) sw      gp, 748(t5)
core   0: 3 0x80011d18 (0x2e3f2623) mem 0x80013000 0x00000001
core   0: 0x80011d1c (0x0000bfe5) c.j     pc - 8
core   0: 3 0x80011d1c (0xbfe5)
core   0: 0x80011d14 (0x00001f17) auipc   t5, 0x1
core   0: 3 0x80011d14 (0x00001f17) x30 0x80012d14
core   0: 0x80011d18 (0x2e3f2623) sw      gp, 748(t5)
core   0: 3 0x80011d18 (0x2e3f2623) mem 0x80013000 0x00000001
core   0: 0x80011d1c (0x0000bfe5) c.j     pc - 8
core   0: 3 0x80011d1c (0xbfe5)
core   0: 0x80011d14 (0x00001f17) auipc   t5, 0x1
core   0: 3 0x80011d14 (0x00001f17) x30 0x80012d14
core   0: 0x80011d18 (0x2e3f2623) sw      gp, 748(t5)
core   0: 3 0x80011d18 (0x2e3f2623) mem 0x80013000 0x00000001
core   0: 0x80011d1c (0x0000bfe5) c.j     pc - 8
core   0: 3 0x80011d1c (0xbfe5)
core   0: 0x80011d14 (0x00001f17) auipc   t5, 0x1
core   0: 3 0x80011d14 (0x00001f17) x30 0x80012d14
core   0: 0x80011d18 (0x2e3f2623) sw      gp, 748(t5)
core   0: 3 0x80011d18 (0x2e3f2623) mem 0x80013000 0x00000001
core   0: 0x80011d1c (0x0000bfe5) c.j     pc - 8
core   0: 3 0x80011d1c (0xbfe5)
core   0: 0x80011d14 (0x00001f17) auipc   t5, 0x1
core   0: 3 0x80011d14 (0x00001f17) x30 0x80012d14
core   0: 0x80011d18 (0x2e3f2623) sw      gp, 748(t5)
core   0: 3 0x80011d18 (0x2e3f2623) mem 0x80013000 0x00000001
core   0: 0x80011d1c (0x0000bfe5) c.j     pc - 8
core   0: 3 0x80011d1c (0xbfe5)
core   0: 0x80011d14 (0x00001f17) auipc   t5, 0x1
core   0: 3 0x80011d14 (0x00001f17) x30 0x80012d14
core   0: 0x80011d18 (0x2e3f2623) sw      gp, 748(t5)
core   0: 3 0x80011d18 (0x2e3f2623) mem 0x80013000 0x00000001
core   0: 0x80011d1c (0x0000bfe5) c.j     pc - 8
core   0: 3 0x80011d1c (0xbfe5)
core   0: 0x80011d14 (0x00001f17) auipc   t5, 0x1
core   0: 3 0x80011d14 (0x00001f17) x30 0x80012d14
core   0: 0x80011d18 (0x2e3f2623) sw      gp, 748(t5)
core   0: 3 0x80011d18 (0x2e3f2623) mem 0x80013000 0x00000001
core   0: 0x80011d1c (0x0000bfe5) c.j     pc - 8
core   0: 3 0x80011d1c (0xbfe5)
core   0: 0x80011d14 (0x00001f17) auipc   t5, 0x1
core   0: 3 0x80011d14 (0x00001f17) x30 0x80012d14
core   0: 0x80011d18 (0x2e3f2623) sw      gp, 748(t5)
core   0: 3 0x80011d18 (0x2e3f2623) mem 0x80013000 0x00000001
core   0: 0x80011d1c (0x0000bfe5) c.j     pc - 8
core   0: 3 0x80011d1c (0xbfe5)
core   0: 0x80011d14 (0x00001f17) auipc   t5, 0x1
core   0: 3 0x80011d14 (0x00001f17) x30 0x80012d14
core   0: 0x80011d18 (0x2e3f2623) sw      gp, 748(t5)
core   0: 3 0x80011d18 (0x2e3f2623) mem 0x80013000 0x00000001
core   0: 0x80011d1c (0x0000bfe5) c.j     pc - 8
core   0: 3 0x80011d1c (0xbfe5)
core   0: 0x80011d14 (0x00001f17) auipc   t5, 0x1
core   0: 3 0x80011d14 (0x00001f17) x30 0x80012d14
core   0: 0x80011d18 (0x2e3f2623) sw      gp, 748(t5)
core   0: 3 0x80011d18 (0x2e3f2623) mem 0x80013000 0x00000001
core   0: 0x80011d1c (0x0000bfe5) c.j     pc - 8
core   0: 3 0x80011d1c (0xbfe5)
core   0: 0x80011d14 (0x00001f17) auipc   t5, 0x1
core   0: 3 0x80011d14 (0x00001f17) x30 0x80012d14
core   0: 0x80011d18 (0x2e3f2623) sw      gp, 748(t5)
core   0: 3 0x80011d18 (0x2e3f2623) mem 0x80013000 0x00000001
core   0: 0x80011d1c (0x0000bfe5) c.j     pc - 8
core   0: 3 0x80011d1c (0xbfe5)
core   0: 0x80011d14 (0x00001f17) auipc   t5, 0x1
core   0: 3 0x80011d14 (0x00001f17) x30 0x80012d14
core   0: 0x80011d18 (0x2e3f2623) sw      gp, 748(t5)
core   0: 3 0x80011d18 (0x2e3f2623) mem 0x80013000 0x00000001
core   0: 0x80011d1c (0x0000bfe5) c.j     pc - 8
core   0: 3 0x80011d1c (0xbfe5)
core   0: 0x80011d14 (0x00001f17) auipc   t5, 0x1
core   0: 3 0x80011d14 (0x00001f17) x30 0x80012d14
core   0: 0x80011d18 (0x2e3f2623) sw      gp, 748(t5)
core   0: 3 0x80011d18 (0x2e3f2623) mem 0x80013000 0x00000001
core   0: 0x80011d1c (0x0000bfe5) c.j     pc - 8
core   0: 3 0x80011d1c (0xbfe5)
core   0: 0x80011d14 (0x00001f17) auipc   t5, 0x1
core   0: 3 0x80011d14 (0x00001f17) x30 0x80012d14
core   0: 0x80011d18 (0x2e3f2623) sw      gp, 748(t5)
core   0: 3 0x80011d18 (0x2e3f2623) mem 0x80013000 0x00000001
core   0: 0x80011d1c (0x0000bfe5) c.j     pc - 8
core   0: 3 0x80011d1c (0xbfe5)
core   0: 0x80011d14 (0x00001f17) auipc   t5, 0x1
core   0: 3 0x80011d14 (0x00001f17) x30 0x80012d14
core   0: 0x80011d18 (0x2e3f2623) sw      gp, 748(t5)
core   0: 3 0x80011d18 (0x2e3f2623) mem 0x80013000 0x00000001
core   0: 0x80011d1c (0x0000bfe5) c.j     pc - 8
core   0: 3 0x80011d1c (0xbfe5)
core   0: 0x80011d14 (0x00001f17) auipc   t5, 0x1
core   0: 3 0x80011d14 (0x00001f17) x30 0x80012d14
core   0: 0x80011d18 (0x2e3f2623) sw      gp, 748(t5)
core   0: 3 0x80011d18 (0x2e3f2623) mem 0x80013000 0x00000001
core   0: 0x80011d1c (0x0000bfe5) c.j     pc - 8
core   0: 3 0x80011d1c (0xbfe5)
core   0: 0x80011d14 (0x00001f17) auipc   t5, 0x1
core   0: 3 0x80011d14 (0x00001f17) x30 0x80012d14
core   0: 0x80011d18 (0x2e3f2623) sw      gp, 748(t5)
core   0: 3 0x80011d18 (0x2e3f2623) mem 0x80013000 0x00000001
core   0: 0x80011d1c (0x0000bfe5) c.j     pc - 8
core   0: 3 0x80011d1c (0xbfe5)
core   0: 0x80011d14 (0x00001f17) auipc   t5, 0x1
core   0: 3 0x80011d14 (0x00001f17) x30 0x80012d14
core   0: 0x80011d18 (0x2e3f2623) sw      gp, 748(t5)
core   0: 3 0x80011d18 (0x2e3f2623) mem 0x80013000 0x00000001
core   0: 0x80011d1c (0x0000bfe5) c.j     pc - 8
core   0: 3 0x80011d1c (0xbfe5)
core   0: 0x80011d14 (0x00001f17) auipc   t5, 0x1
core   0: 3 0x80011d14 (0x00001f17) x30 0x80012d14
core   0: 0x80011d18 (0x2e3f2623) sw      gp, 748(t5)
core   0: 3 0x80011d18 (0x2e3f2623) mem 0x80013000 0x00000001
core   0: 0x80011d1c (0x0000bfe5) c.j     pc - 8
core   0: 3 0x80011d1c (0xbfe5)
core   0: 0x80011d14 (0x00001f17) auipc   t5, 0x1
core   0: 3 0x80011d14 (0x00001f17) x30 0x80012d14
core   0: 0x80011d18 (0x2e3f2623) sw      gp, 748(t5)
core   0: 3 0x80011d18 (0x2e3f2623) mem 0x80013000 0x00000001
core   0: 0x80011d1c (0x0000bfe5) c.j     pc - 8
core   0: 3 0x80011d1c (0xbfe5)
core   0: 0x80011d14 (0x00001f17) auipc   t5, 0x1
core   0: 3 0x80011d14 (0x00001f17) x30 0x80012d14
core   0: 0x80011d18 (0x2e3f2623) sw      gp, 748(t5)
core   0: 3 0x80011d18 (0x2e3f2623) mem 0x80013000 0x00000001
core   0: 0x80011d1c (0x0000bfe5) c.j     pc - 8
core   0: 3 0x80011d1c (0xbfe5)
core   0: 0x80011d14 (0x00001f17) auipc   t5, 0x1
core   0: 3 0x80011d14 (0x00001f17) x30 0x80012d14
core   0: 0x80011d18 (0x2e3f2623) sw      gp, 748(t5)
core   0: 3 0x80011d18 (0x2e3f2623) mem 0x80013000 0x00000001
core   0: 0x80011d1c (0x0000bfe5) c.j     pc - 8
core   0: 3 0x80011d1c (0xbfe5)
core   0: 0x80011d14 (0x00001f17) auipc   t5, 0x1
core   0: 3 0x80011d14 (0x00001f17) x30 0x80012d14
core   0: 0x80011d18 (0x2e3f2623) sw      gp, 748(t5)
core   0: 3 0x80011d18 (0x2e3f2623) mem 0x80013000 0x00000001
core   0: 0x80011d1c (0x0000bfe5) c.j     pc - 8
core   0: 3 0x80011d1c (0xbfe5)
core   0: 0x80011d14 (0x00001f17) auipc   t5, 0x1
core   0: 3 0x80011d14 (0x00001f17) x30 0x80012d14
core   0: 0x80011d18 (0x2e3f2623) sw      gp, 748(t5)
core   0: 3 0x80011d18 (0x2e3f2623) mem 0x80013000 0x00000001
core   0: 0x80011d1c (0x0000bfe5) c.j     pc - 8
core   0: 3 0x80011d1c (0xbfe5)
core   0: 0x80011d14 (0x00001f17) auipc   t5, 0x1
core   0: 3 0x80011d14 (0x00001f17) x30 0x80012d14
core   0: 0x80011d18 (0x2e3f2623) sw      gp, 748(t5)
core   0: 3 0x80011d18 (0x2e3f2623) mem 0x80013000 0x00000001
core   0: 0x80011d1c (0x0000bfe5) c.j     pc - 8
core   0: 3 0x80011d1c (0xbfe5)
core   0: 0x80011d14 (0x00001f17) auipc   t5, 0x1
core   0: 3 0x80011d14 (0x00001f17) x30 0x80012d14
core   0: 0x80011d18 (0x2e3f2623) sw      gp, 748(t5)
core   0: 3 0x80011d18 (0x2e3f2623) mem 0x80013000 0x00000001
core   0: 0x80011d1c (0x0000bfe5) c.j     pc - 8
core   0: 3 0x80011d1c (0xbfe5)
core   0: 0x80011d14 (0x00001f17) auipc   t5, 0x1
core   0: 3 0x80011d14 (0x00001f17) x30 0x80012d14
core   0: 0x80011d18 (0x2e3f2623) sw      gp, 748(t5)
core   0: 3 0x80011d18 (0x2e3f2623) mem 0x80013000 0x00000001
core   0: 0x80011d1c (0x0000bfe5) c.j     pc - 8
core   0: 3 0x80011d1c (0xbfe5)
core   0: 0x80011d14 (0x00001f17) auipc   t5, 0x1
core   0: 3 0x80011d14 (0x00001f17) x30 0x80012d14
core   0: 0x80011d18 (0x2e3f2623) sw      gp, 748(t5)
core   0: 3 0x80011d18 (0x2e3f2623) mem 0x80013000 0x00000001
core   0: 0x80011d1c (0x0000bfe5) c.j     pc - 8
core   0: 3 0x80011d1c (0xbfe5)
core   0: 0x80011d14 (0x00001f17) auipc   t5, 0x1
core   0: 3 0x80011d14 (0x00001f17) x30 0x80012d14
core   0: 0x80011d18 (0x2e3f2623) sw      gp, 748(t5)
core   0: 3 0x80011d18 (0x2e3f2623) mem 0x80013000 0x00000001
core   0: 0x80011d1c (0x0000bfe5) c.j     pc - 8
core   0: 3 0x80011d1c (0xbfe5)
core   0: 0x80011d14 (0x00001f17) auipc   t5, 0x1
core   0: 3 0x80011d14 (0x00001f17) x30 0x80012d14
core   0: 0x80011d18 (0x2e3f2623) sw      gp, 748(t5)
core   0: 3 0x80011d18 (0x2e3f2623) mem 0x80013000 0x00000001
core   0: 0x80011d1c (0x0000bfe5) c.j     pc - 8
core   0: 3 0x80011d1c (0xbfe5)
core   0: 0x80011d14 (0x00001f17) auipc   t5, 0x1
core   0: 3 0x80011d14 (0x00001f17) x30 0x80012d14
core   0: 0x80011d18 (0x2e3f2623) sw      gp, 748(t5)
core   0: 3 0x80011d18 (0x2e3f2623) mem 0x80013000 0x00000001
core   0: 0x80011d1c (0x0000bfe5) c.j     pc - 8
core   0: 3 0x80011d1c (0xbfe5)
core   0: 0x80011d14 (0x00001f17) auipc   t5, 0x1
core   0: 3 0x80011d14 (0x00001f17) x30 0x80012d14
core   0: 0x80011d18 (0x2e3f2623) sw      gp, 748(t5)
core   0: 3 0x80011d18 (0x2e3f2623) mem 0x80013000 0x00000001
core   0: 0x80011d1c (0x0000bfe5) c.j     pc - 8
core   0: 3 0x80011d1c (0xbfe5)
core   0: 0x80011d14 (0x00001f17) auipc   t5, 0x1
core   0: 3 0x80011d14 (0x00001f17) x30 0x80012d14
core   0: 0x80011d18 (0x2e3f2623) sw      gp, 748(t5)
core   0: 3 0x80011d18 (0x2e3f2623) mem 0x80013000 0x00000001
core   0: 0x80011d1c (0x0000bfe5) c.j     pc - 8
core   0: 3 0x80011d1c (0xbfe5)
core   0: 0x80011d14 (0x00001f17) auipc   t5, 0x1
core   0: 3 0x80011d14 (0x00001f17) x30 0x80012d14
core   0: 0x80011d18 (0x2e3f2623) sw      gp, 748(t5)
core   0: 3 0x80011d18 (0x2e3f2623) mem 0x80013000 0x00000001
core   0: 0x80011d1c (0x0000bfe5) c.j     pc - 8
core   0: 3 0x80011d1c (0xbfe5)
core   0: 0x80011d14 (0x00001f17) auipc   t5, 0x1
core   0: 3 0x80011d14 (0x00001f17) x30 0x80012d14
core   0: 0x80011d18 (0x2e3f2623) sw      gp, 748(t5)
core   0: 3 0x80011d18 (0x2e3f2623) mem 0x80013000 0x00000001
core   0: 0x80011d1c (0x0000bfe5) c.j     pc - 8
core   0: 3 0x80011d1c (0xbfe5)
core   0: 0x80011d14 (0x00001f17) auipc   t5, 0x1
core   0: 3 0x80011d14 (0x00001f17) x30 0x80012d14
core   0: 0x80011d18 (0x2e3f2623) sw      gp, 748(t5)
core   0: 3 0x80011d18 (0x2e3f2623) mem 0x80013000 0x00000001
core   0: 0x80011d1c (0x0000bfe5) c.j     pc - 8
core   0: 3 0x80011d1c (0xbfe5)
core   0: 0x80011d14 (0x00001f17) auipc   t5, 0x1
core   0: 3 0x80011d14 (0x00001f17) x30 0x80012d14
core   0: 0x80011d18 (0x2e3f2623) sw      gp, 748(t5)
core   0: 3 0x80011d18 (0x2e3f2623) mem 0x80013000 0x00000001
core   0: 0x80011d1c (0x0000bfe5) c.j     pc - 8
core   0: 3 0x80011d1c (0xbfe5)
core   0: 0x80011d14 (0x00001f17) auipc   t5, 0x1
core   0: 3 0x80011d14 (0x00001f17) x30 0x80012d14
core   0: 0x80011d18 (0x2e3f2623) sw      gp, 748(t5)
core   0: 3 0x80011d18 (0x2e3f2623) mem 0x80013000 0x00000001
core   0: 0x80011d1c (0x0000bfe5) c.j     pc - 8
core   0: 3 0x80011d1c (0xbfe5)
core   0: 0x80011d14 (0x00001f17) auipc   t5, 0x1
core   0: 3 0x80011d14 (0x00001f17) x30 0x80012d14
core   0: 0x80011d18 (0x2e3f2623) sw      gp, 748(t5)
core   0: 3 0x80011d18 (0x2e3f2623) mem 0x80013000 0x00000001
core   0: 0x80011d1c (0x0000bfe5) c.j     pc - 8
core   0: 3 0x80011d1c (0xbfe5)
core   0: 0x80011d14 (0x00001f17) auipc   t5, 0x1
core   0: 3 0x80011d14 (0x00001f17) x30 0x80012d14
core   0: 0x80011d18 (0x2e3f2623) sw      gp, 748(t5)
core   0: 3 0x80011d18 (0x2e3f2623) mem 0x80013000 0x00000001
core   0: 0x80011d1c (0x0000bfe5) c.j     pc - 8
core   0: 3 0x80011d1c (0xbfe5)
core   0: 0x80011d14 (0x00001f17) auipc   t5, 0x1
core   0: 3 0x80011d14 (0x00001f17) x30 0x80012d14
core   0: 0x80011d18 (0x2e3f2623) sw      gp, 748(t5)
core   0: 3 0x80011d18 (0x2e3f2623) mem 0x80013000 0x00000001
core   0: 0x80011d1c (0x0000bfe5) c.j     pc - 8
core   0: 3 0x80011d1c (0xbfe5)
core   0: 0x80011d14 (0x00001f17) auipc   t5, 0x1
core   0: 3 0x80011d14 (0x00001f17) x30 0x80012d14
core   0: 0x80011d18 (0x2e3f2623) sw      gp, 748(t5)
core   0: 3 0x80011d18 (0x2e3f2623) mem 0x80013000 0x00000001
core   0: 0x80011d1c (0x0000bfe5) c.j     pc - 8
core   0: 3 0x80011d1c (0xbfe5)
core   0: 0x80011d14 (0x00001f17) auipc   t5, 0x1
core   0: 3 0x80011d14 (0x00001f17) x30 0x80012d14
core   0: 0x80011d18 (0x2e3f2623) sw      gp, 748(t5)
core   0: 3 0x80011d18 (0x2e3f2623) mem 0x80013000 0x00000001
core   0: 0x80011d1c (0x0000bfe5) c.j     pc - 8
core   0: 3 0x80011d1c (0xbfe5)
core   0: 0x80011d14 (0x00001f17) auipc   t5, 0x1
core   0: 3 0x80011d14 (0x00001f17) x30 0x80012d14
core   0: 0x80011d18 (0x2e3f2623) sw      gp, 748(t5)
core   0: 3 0x80011d18 (0x2e3f2623) mem 0x80013000 0x00000001
core   0: 0x80011d1c (0x0000bfe5) c.j     pc - 8
core   0: 3 0x80011d1c (0xbfe5)
core   0: 0x80011d14 (0x00001f17) auipc   t5, 0x1
core   0: 3 0x80011d14 (0x00001f17) x30 0x80012d14
core   0: 0x80011d18 (0x2e3f2623) sw      gp, 748(t5)
core   0: 3 0x80011d18 (0x2e3f2623) mem 0x80013000 0x00000001
core   0: 0x80011d1c (0x0000bfe5) c.j     pc - 8
core   0: 3 0x80011d1c (0xbfe5)
core   0: 0x80011d14 (0x00001f17) auipc   t5, 0x1
core   0: 3 0x80011d14 (0x00001f17) x30 0x80012d14
core   0: 0x80011d18 (0x2e3f2623) sw      gp, 748(t5)
core   0: 3 0x80011d18 (0x2e3f2623) mem 0x80013000 0x00000001
core   0: 0x80011d1c (0x0000bfe5) c.j     pc - 8
core   0: 3 0x80011d1c (0xbfe5)
core   0: 0x80011d14 (0x00001f17) auipc   t5, 0x1
core   0: 3 0x80011d14 (0x00001f17) x30 0x80012d14
core   0: 0x80011d18 (0x2e3f2623) sw      gp, 748(t5)
core   0: 3 0x80011d18 (0x2e3f2623) mem 0x80013000 0x00000001
core   0: 0x80011d1c (0x0000bfe5) c.j     pc - 8
core   0: 3 0x80011d1c (0xbfe5)
core   0: 0x80011d14 (0x00001f17) auipc   t5, 0x1
core   0: 3 0x80011d14 (0x00001f17) x30 0x80012d14
core   0: 0x80011d18 (0x2e3f2623) sw      gp, 748(t5)
core   0: 3 0x80011d18 (0x2e3f2623) mem 0x80013000 0x00000001
core   0: 0x80011d1c (0x0000bfe5) c.j     pc - 8
core   0: 3 0x80011d1c (0xbfe5)
core   0: 0x80011d14 (0x00001f17) auipc   t5, 0x1
core   0: 3 0x80011d14 (0x00001f17) x30 0x80012d14
core   0: 0x80011d18 (0x2e3f2623) sw      gp, 748(t5)
core   0: 3 0x80011d18 (0x2e3f2623) mem 0x80013000 0x00000001
core   0: 0x80011d1c (0x0000bfe5) c.j     pc - 8
core   0: 3 0x80011d1c (0xbfe5)
core   0: 0x80011d14 (0x00001f17) auipc   t5, 0x1
core   0: 3 0x80011d14 (0x00001f17) x30 0x80012d14
core   0: 0x80011d18 (0x2e3f2623) sw      gp, 748(t5)
core   0: 3 0x80011d18 (0x2e3f2623) mem 0x80013000 0x00000001
core   0: 0x80011d1c (0x0000bfe5) c.j     pc - 8
core   0: 3 0x80011d1c (0xbfe5)
core   0: 0x80011d14 (0x00001f17) auipc   t5, 0x1
core   0: 3 0x80011d14 (0x00001f17) x30 0x80012d14
core   0: 0x80011d18 (0x2e3f2623) sw      gp, 748(t5)
core   0: 3 0x80011d18 (0x2e3f2623) mem 0x80013000 0x00000001
core   0: 0x80011d1c (0x0000bfe5) c.j     pc - 8
core   0: 3 0x80011d1c (0xbfe5)
core   0: 0x80011d14 (0x00001f17) auipc   t5, 0x1
core   0: 3 0x80011d14 (0x00001f17) x30 0x80012d14
core   0: 0x80011d18 (0x2e3f2623) sw      gp, 748(t5)
core   0: 3 0x80011d18 (0x2e3f2623) mem 0x80013000 0x00000001
core   0: 0x80011d1c (0x0000bfe5) c.j     pc - 8
core   0: 3 0x80011d1c (0xbfe5)
core   0: 0x80011d14 (0x00001f17) auipc   t5, 0x1
core   0: 3 0x80011d14 (0x00001f17) x30 0x80012d14
core   0: 0x80011d18 (0x2e3f2623) sw      gp, 748(t5)
core   0: 3 0x80011d18 (0x2e3f2623) mem 0x80013000 0x00000001
core   0: 0x80011d1c (0x0000bfe5) c.j     pc - 8
core   0: 3 0x80011d1c (0xbfe5)
core   0: 0x80011d14 (0x00001f17) auipc   t5, 0x1
core   0: 3 0x80011d14 (0x00001f17) x30 0x80012d14
core   0: 0x80011d18 (0x2e3f2623) sw      gp, 748(t5)
core   0: 3 0x80011d18 (0x2e3f2623) mem 0x80013000 0x00000001
core   0: 0x80011d1c (0x0000bfe5) c.j     pc - 8
core   0: 3 0x80011d1c (0xbfe5)
core   0: 0x80011d14 (0x00001f17) auipc   t5, 0x1
core   0: 3 0x80011d14 (0x00001f17) x30 0x80012d14
core   0: 0x80011d18 (0x2e3f2623) sw      gp, 748(t5)
core   0: 3 0x80011d18 (0x2e3f2623) mem 0x80013000 0x00000001
core   0: 0x80011d1c (0x0000bfe5) c.j     pc - 8
core   0: 3 0x80011d1c (0xbfe5)
core   0: 0x80011d14 (0x00001f17) auipc   t5, 0x1
core   0: 3 0x80011d14 (0x00001f17) x30 0x80012d14
core   0: 0x80011d18 (0x2e3f2623) sw      gp, 748(t5)
core   0: 3 0x80011d18 (0x2e3f2623) mem 0x80013000 0x00000001
core   0: 0x80011d1c (0x0000bfe5) c.j     pc - 8
core   0: 3 0x80011d1c (0xbfe5)
core   0: 0x80011d14 (0x00001f17) auipc   t5, 0x1
core   0: 3 0x80011d14 (0x00001f17) x30 0x80012d14
core   0: 0x80011d18 (0x2e3f2623) sw      gp, 748(t5)
core   0: 3 0x80011d18 (0x2e3f2623) mem 0x80013000 0x00000001
core   0: 0x80011d1c (0x0000bfe5) c.j     pc - 8
core   0: 3 0x80011d1c (0xbfe5)
core   0: 0x80011d14 (0x00001f17) auipc   t5, 0x1
core   0: 3 0x80011d14 (0x00001f17) x30 0x80012d14
core   0: 0x80011d18 (0x2e3f2623) sw      gp, 748(t5)
core   0: 3 0x80011d18 (0x2e3f2623) mem 0x80013000 0x00000001
core   0: 0x80011d1c (0x0000bfe5) c.j     pc - 8
core   0: 3 0x80011d1c (0xbfe5)
core   0: 0x80011d14 (0x00001f17) auipc   t5, 0x1
core   0: 3 0x80011d14 (0x00001f17) x30 0x80012d14
core   0: 0x80011d18 (0x2e3f2623) sw      gp, 748(t5)
core   0: 3 0x80011d18 (0x2e3f2623) mem 0x80013000 0x00000001
core   0: 0x80011d1c (0x0000bfe5) c.j     pc - 8
core   0: 3 0x80011d1c (0xbfe5)
core   0: 0x80011d14 (0x00001f17) auipc   t5, 0x1
core   0: 3 0x80011d14 (0x00001f17) x30 0x80012d14
core   0: 0x80011d18 (0x2e3f2623) sw      gp, 748(t5)
core   0: 3 0x80011d18 (0x2e3f2623) mem 0x80013000 0x00000001
core   0: 0x80011d1c (0x0000bfe5) c.j     pc - 8
core   0: 3 0x80011d1c (0xbfe5)
core   0: 0x80011d14 (0x00001f17) auipc   t5, 0x1
core   0: 3 0x80011d14 (0x00001f17) x30 0x80012d14
core   0: 0x80011d18 (0x2e3f2623) sw      gp, 748(t5)
core   0: 3 0x80011d18 (0x2e3f2623) mem 0x80013000 0x00000001
core   0: 0x80011d1c (0x0000bfe5) c.j     pc - 8
core   0: 3 0x80011d1c (0xbfe5)
core   0: 0x80011d14 (0x00001f17) auipc   t5, 0x1
core   0: 3 0x80011d14 (0x00001f17) x30 0x80012d14
core   0: 0x80011d18 (0x2e3f2623) sw      gp, 748(t5)
core   0: 3 0x80011d18 (0x2e3f2623) mem 0x80013000 0x00000001
core   0: 0x80011d1c (0x0000bfe5) c.j     pc - 8
core   0: 3 0x80011d1c (0xbfe5)
core   0: 0x80011d14 (0x00001f17) auipc   t5, 0x1
core   0: 3 0x80011d14 (0x00001f17) x30 0x80012d14
core   0: 0x80011d18 (0x2e3f2623) sw      gp, 748(t5)
core   0: 3 0x80011d18 (0x2e3f2623) mem 0x80013000 0x00000001
core   0: 0x80011d1c (0x0000bfe5) c.j     pc - 8
core   0: 3 0x80011d1c (0xbfe5)
core   0: 0x80011d14 (0x00001f17) auipc   t5, 0x1
core   0: 3 0x80011d14 (0x00001f17) x30 0x80012d14
core   0: 0x80011d18 (0x2e3f2623) sw      gp, 748(t5)
core   0: 3 0x80011d18 (0x2e3f2623) mem 0x80013000 0x00000001
core   0: 0x80011d1c (0x0000bfe5) c.j     pc - 8
core   0: 3 0x80011d1c (0xbfe5)
core   0: 0x80011d14 (0x00001f17) auipc   t5, 0x1
core   0: 3 0x80011d14 (0x00001f17) x30 0x80012d14
core   0: 0x80011d18 (0x2e3f2623) sw      gp, 748(t5)
core   0: 3 0x80011d18 (0x2e3f2623) mem 0x80013000 0x00000001
core   0: 0x80011d1c (0x0000bfe5) c.j     pc - 8
core   0: 3 0x80011d1c (0xbfe5)
core   0: 0x80011d14 (0x00001f17) auipc   t5, 0x1
core   0: 3 0x80011d14 (0x00001f17) x30 0x80012d14
core   0: 0x80011d18 (0x2e3f2623) sw      gp, 748(t5)
core   0: 3 0x80011d18 (0x2e3f2623) mem 0x80013000 0x00000001
core   0: 0x80011d1c (0x0000bfe5) c.j     pc - 8
core   0: 3 0x80011d1c (0xbfe5)
core   0: 0x80011d14 (0x00001f17) auipc   t5, 0x1
core   0: 3 0x80011d14 (0x00001f17) x30 0x80012d14
core   0: 0x80011d18 (0x2e3f2623) sw      gp, 748(t5)
core   0: 3 0x80011d18 (0x2e3f2623) mem 0x80013000 0x00000001
core   0: 0x80011d1c (0x0000bfe5) c.j     pc - 8
core   0: 3 0x80011d1c (0xbfe5)
core   0: 0x80011d14 (0x00001f17) auipc   t5, 0x1
core   0: 3 0x80011d14 (0x00001f17) x30 0x80012d14
core   0: 0x80011d18 (0x2e3f2623) sw      gp, 748(t5)
core   0: 3 0x80011d18 (0x2e3f2623) mem 0x80013000 0x00000001
core   0: 0x80011d1c (0x0000bfe5) c.j     pc - 8
core   0: 3 0x80011d1c (0xbfe5)
core   0: 0x80011d14 (0x00001f17) auipc   t5, 0x1
core   0: 3 0x80011d14 (0x00001f17) x30 0x80012d14
core   0: 0x80011d18 (0x2e3f2623) sw      gp, 748(t5)
core   0: 3 0x80011d18 (0x2e3f2623) mem 0x80013000 0x00000001
core   0: 0x80011d1c (0x0000bfe5) c.j     pc - 8
core   0: 3 0x80011d1c (0xbfe5)
core   0: 0x80011d14 (0x00001f17) auipc   t5, 0x1
core   0: 3 0x80011d14 (0x00001f17) x30 0x80012d14
core   0: 0x80011d18 (0x2e3f2623) sw      gp, 748(t5)
core   0: 3 0x80011d18 (0x2e3f2623) mem 0x80013000 0x00000001
core   0: 0x80011d1c (0x0000bfe5) c.j     pc - 8
core   0: 3 0x80011d1c (0xbfe5)
core   0: 0x80011d14 (0x00001f17) auipc   t5, 0x1
core   0: 3 0x80011d14 (0x00001f17) x30 0x80012d14
core   0: 0x80011d18 (0x2e3f2623) sw      gp, 748(t5)
core   0: 3 0x80011d18 (0x2e3f2623) mem 0x80013000 0x00000001
core   0: 0x80011d1c (0x0000bfe5) c.j     pc - 8
core   0: 3 0x80011d1c (0xbfe5)
core   0: 0x80011d14 (0x00001f17) auipc   t5, 0x1
core   0: 3 0x80011d14 (0x00001f17) x30 0x80012d14
core   0: 0x80011d18 (0x2e3f2623) sw      gp, 748(t5)
core   0: 3 0x80011d18 (0x2e3f2623) mem 0x80013000 0x00000001
core   0: 0x80011d1c (0x0000bfe5) c.j     pc - 8
core   0: 3 0x80011d1c (0xbfe5)
core   0: 0x80011d14 (0x00001f17) auipc   t5, 0x1
core   0: 3 0x80011d14 (0x00001f17) x30 0x80012d14
core   0: 0x80011d18 (0x2e3f2623) sw      gp, 748(t5)
core   0: 3 0x80011d18 (0x2e3f2623) mem 0x80013000 0x00000001
core   0: 0x80011d1c (0x0000bfe5) c.j     pc - 8
core   0: 3 0x80011d1c (0xbfe5)
core   0: 0x80011d14 (0x00001f17) auipc   t5, 0x1
core   0: 3 0x80011d14 (0x00001f17) x30 0x80012d14
core   0: 0x80011d18 (0x2e3f2623) sw      gp, 748(t5)
core   0: 3 0x80011d18 (0x2e3f2623) mem 0x80013000 0x00000001
core   0: 0x80011d1c (0x0000bfe5) c.j     pc - 8
core   0: 3 0x80011d1c (0xbfe5)
core   0: 0x80011d14 (0x00001f17) auipc   t5, 0x1
core   0: 3 0x80011d14 (0x00001f17) x30 0x80012d14
core   0: 0x80011d18 (0x2e3f2623) sw      gp, 748(t5)
core   0: 3 0x80011d18 (0x2e3f2623) mem 0x80013000 0x00000001
core   0: 0x80011d1c (0x0000bfe5) c.j     pc - 8
core   0: 3 0x80011d1c (0xbfe5)
core   0: 0x80011d14 (0x00001f17) auipc   t5, 0x1
core   0: 3 0x80011d14 (0x00001f17) x30 0x80012d14
core   0: 0x80011d18 (0x2e3f2623) sw      gp, 748(t5)
core   0: 3 0x80011d18 (0x2e3f2623) mem 0x80013000 0x00000001
core   0: 0x80011d1c (0x0000bfe5) c.j     pc - 8
core   0: 3 0x80011d1c (0xbfe5)
core   0: 0x80011d14 (0x00001f17) auipc   t5, 0x1
core   0: 3 0x80011d14 (0x00001f17) x30 0x80012d14
core   0: 0x80011d18 (0x2e3f2623) sw      gp, 748(t5)
core   0: 3 0x80011d18 (0x2e3f2623) mem 0x80013000 0x00000001
core   0: 0x80011d1c (0x0000bfe5) c.j     pc - 8
core   0: 3 0x80011d1c (0xbfe5)
core   0: 0x80011d14 (0x00001f17) auipc   t5, 0x1
core   0: 3 0x80011d14 (0x00001f17) x30 0x80012d14
core   0: 0x80011d18 (0x2e3f2623) sw      gp, 748(t5)
core   0: 3 0x80011d18 (0x2e3f2623) mem 0x80013000 0x00000001
core   0: 0x80011d1c (0x0000bfe5) c.j     pc - 8
core   0: 3 0x80011d1c (0xbfe5)
core   0: 0x80011d14 (0x00001f17) auipc   t5, 0x1
core   0: 3 0x80011d14 (0x00001f17) x30 0x80012d14
core   0: 0x80011d18 (0x2e3f2623) sw      gp, 748(t5)
core   0: 3 0x80011d18 (0x2e3f2623) mem 0x80013000 0x00000001
core   0: 0x80011d1c (0x0000bfe5) c.j     pc - 8
core   0: 3 0x80011d1c (0xbfe5)
core   0: 0x80011d14 (0x00001f17) auipc   t5, 0x1
core   0: 3 0x80011d14 (0x00001f17) x30 0x80012d14
core   0: 0x80011d18 (0x2e3f2623) sw      gp, 748(t5)
core   0: 3 0x80011d18 (0x2e3f2623) mem 0x80013000 0x00000001
core   0: 0x80011d1c (0x0000bfe5) c.j     pc - 8
core   0: 3 0x80011d1c (0xbfe5)
core   0: 0x80011d14 (0x00001f17) auipc   t5, 0x1
core   0: 3 0x80011d14 (0x00001f17) x30 0x80012d14
core   0: 0x80011d18 (0x2e3f2623) sw      gp, 748(t5)
core   0: 3 0x80011d18 (0x2e3f2623) mem 0x80013000 0x00000001
core   0: 0x80011d1c (0x0000bfe5) c.j     pc - 8
core   0: 3 0x80011d1c (0xbfe5)
core   0: 0x80011d14 (0x00001f17) auipc   t5, 0x1
core   0: 3 0x80011d14 (0x00001f17) x30 0x80012d14
core   0: 0x80011d18 (0x2e3f2623) sw      gp, 748(t5)
core   0: 3 0x80011d18 (0x2e3f2623) mem 0x80013000 0x00000001
core   0: 0x80011d1c (0x0000bfe5) c.j     pc - 8
core   0: 3 0x80011d1c (0xbfe5)
core   0: 0x80011d14 (0x00001f17) auipc   t5, 0x1
core   0: 3 0x80011d14 (0x00001f17) x30 0x80012d14
core   0: 0x80011d18 (0x2e3f2623) sw      gp, 748(t5)
core   0: 3 0x80011d18 (0x2e3f2623) mem 0x80013000 0x00000001
core   0: 0x80011d1c (0x0000bfe5) c.j     pc - 8
core   0: 3 0x80011d1c (0xbfe5)
core   0: 0x80011d14 (0x00001f17) auipc   t5, 0x1
core   0: 3 0x80011d14 (0x00001f17) x30 0x80012d14
core   0: 0x80011d18 (0x2e3f2623) sw      gp, 748(t5)
core   0: 3 0x80011d18 (0x2e3f2623) mem 0x80013000 0x00000001
core   0: 0x80011d1c (0x0000bfe5) c.j     pc - 8
core   0: 3 0x80011d1c (0xbfe5)
core   0: 0x80011d14 (0x00001f17) auipc   t5, 0x1
core   0: 3 0x80011d14 (0x00001f17) x30 0x80012d14
core   0: 0x80011d18 (0x2e3f2623) sw      gp, 748(t5)
core   0: 3 0x80011d18 (0x2e3f2623) mem 0x80013000 0x00000001
core   0: 0x80011d1c (0x0000bfe5) c.j     pc - 8
core   0: 3 0x80011d1c (0xbfe5)
core   0: 0x80011d14 (0x00001f17) auipc   t5, 0x1
core   0: 3 0x80011d14 (0x00001f17) x30 0x80012d14
core   0: 0x80011d18 (0x2e3f2623) sw      gp, 748(t5)
core   0: 3 0x80011d18 (0x2e3f2623) mem 0x80013000 0x00000001
core   0: 0x80011d1c (0x0000bfe5) c.j     pc - 8
core   0: 3 0x80011d1c (0xbfe5)
core   0: 0x80011d14 (0x00001f17) auipc   t5, 0x1
core   0: 3 0x80011d14 (0x00001f17) x30 0x80012d14
core   0: 0x80011d18 (0x2e3f2623) sw      gp, 748(t5)
core   0: 3 0x80011d18 (0x2e3f2623) mem 0x80013000 0x00000001
core   0: 0x80011d1c (0x0000bfe5) c.j     pc - 8
core   0: 3 0x80011d1c (0xbfe5)
core   0: 0x80011d14 (0x00001f17) auipc   t5, 0x1
core   0: 3 0x80011d14 (0x00001f17) x30 0x80012d14
core   0: 0x80011d18 (0x2e3f2623) sw      gp, 748(t5)
core   0: 3 0x80011d18 (0x2e3f2623) mem 0x80013000 0x00000001
core   0: 0x80011d1c (0x0000bfe5) c.j     pc - 8
core   0: 3 0x80011d1c (0xbfe5)
core   0: 0x80011d14 (0x00001f17) auipc   t5, 0x1
core   0: 3 0x80011d14 (0x00001f17) x30 0x80012d14
core   0: 0x80011d18 (0x2e3f2623) sw      gp, 748(t5)
core   0: 3 0x80011d18 (0x2e3f2623) mem 0x80013000 0x00000001
core   0: 0x80011d1c (0x0000bfe5) c.j     pc - 8
core   0: 3 0x80011d1c (0xbfe5)
core   0: 0x80011d14 (0x00001f17) auipc   t5, 0x1
core   0: 3 0x80011d14 (0x00001f17) x30 0x80012d14
core   0: 0x80011d18 (0x2e3f2623) sw      gp, 748(t5)
core   0: 3 0x80011d18 (0x2e3f2623) mem 0x80013000 0x00000001
core   0: 0x80011d1c (0x0000bfe5) c.j     pc - 8
core   0: 3 0x80011d1c (0xbfe5)
core   0: 0x80011d14 (0x00001f17) auipc   t5, 0x1
core   0: 3 0x80011d14 (0x00001f17) x30 0x80012d14
core   0: 0x80011d18 (0x2e3f2623) sw      gp, 748(t5)
core   0: 3 0x80011d18 (0x2e3f2623) mem 0x80013000 0x00000001
core   0: 0x80011d1c (0x0000bfe5) c.j     pc - 8
core   0: 3 0x80011d1c (0xbfe5)
core   0: 0x80011d14 (0x00001f17) auipc   t5, 0x1
core   0: 3 0x80011d14 (0x00001f17) x30 0x80012d14
core   0: 0x80011d18 (0x2e3f2623) sw      gp, 748(t5)
core   0: 3 0x80011d18 (0x2e3f2623) mem 0x80013000 0x00000001
core   0: 0x80011d1c (0x0000bfe5) c.j     pc - 8
core   0: 3 0x80011d1c (0xbfe5)
core   0: 0x80011d14 (0x00001f17) auipc   t5, 0x1
core   0: 3 0x80011d14 (0x00001f17) x30 0x80012d14
core   0: 0x80011d18 (0x2e3f2623) sw      gp, 748(t5)
core   0: 3 0x80011d18 (0x2e3f2623) mem 0x80013000 0x00000001
core   0: 0x80011d1c (0x0000bfe5) c.j     pc - 8
core   0: 3 0x80011d1c (0xbfe5)
core   0: 0x80011d14 (0x00001f17) auipc   t5, 0x1
core   0: 3 0x80011d14 (0x00001f17) x30 0x80012d14
core   0: 0x80011d18 (0x2e3f2623) sw      gp, 748(t5)
core   0: 3 0x80011d18 (0x2e3f2623) mem 0x80013000 0x00000001
core   0: 0x80011d1c (0x0000bfe5) c.j     pc - 8
core   0: 3 0x80011d1c (0xbfe5)
core   0: 0x80011d14 (0x00001f17) auipc   t5, 0x1
core   0: 3 0x80011d14 (0x00001f17) x30 0x80012d14
core   0: 0x80011d18 (0x2e3f2623) sw      gp, 748(t5)
core   0: 3 0x80011d18 (0x2e3f2623) mem 0x80013000 0x00000001
core   0: 0x80011d1c (0x0000bfe5) c.j     pc - 8
core   0: 3 0x80011d1c (0xbfe5)
core   0: 0x80011d14 (0x00001f17) auipc   t5, 0x1
core   0: 3 0x80011d14 (0x00001f17) x30 0x80012d14
core   0: 0x80011d18 (0x2e3f2623) sw      gp, 748(t5)
core   0: 3 0x80011d18 (0x2e3f2623) mem 0x80013000 0x00000001
core   0: 0x80011d1c (0x0000bfe5) c.j     pc - 8
core   0: 3 0x80011d1c (0xbfe5)
core   0: 0x80011d14 (0x00001f17) auipc   t5, 0x1
core   0: 3 0x80011d14 (0x00001f17) x30 0x80012d14
core   0: 0x80011d18 (0x2e3f2623) sw      gp, 748(t5)
core   0: 3 0x80011d18 (0x2e3f2623) mem 0x80013000 0x00000001
core   0: 0x80011d1c (0x0000bfe5) c.j     pc - 8
core   0: 3 0x80011d1c (0xbfe5)
core   0: 0x80011d14 (0x00001f17) auipc   t5, 0x1
core   0: 3 0x80011d14 (0x00001f17) x30 0x80012d14
core   0: 0x80011d18 (0x2e3f2623) sw      gp, 748(t5)
core   0: 3 0x80011d18 (0x2e3f2623) mem 0x80013000 0x00000001
core   0: 0x80011d1c (0x0000bfe5) c.j     pc - 8
core   0: 3 0x80011d1c (0xbfe5)
core   0: 0x80011d14 (0x00001f17) auipc   t5, 0x1
core   0: 3 0x80011d14 (0x00001f17) x30 0x80012d14
core   0: 0x80011d18 (0x2e3f2623) sw      gp, 748(t5)
core   0: 3 0x80011d18 (0x2e3f2623) mem 0x80013000 0x00000001
core   0: 0x80011d1c (0x0000bfe5) c.j     pc - 8
core   0: 3 0x80011d1c (0xbfe5)
core   0: 0x80011d14 (0x00001f17) auipc   t5, 0x1
core   0: 3 0x80011d14 (0x00001f17) x30 0x80012d14
core   0: 0x80011d18 (0x2e3f2623) sw      gp, 748(t5)
core   0: 3 0x80011d18 (0x2e3f2623) mem 0x80013000 0x00000001
core   0: 0x80011d1c (0x0000bfe5) c.j     pc - 8
core   0: 3 0x80011d1c (0xbfe5)
core   0: 0x80011d14 (0x00001f17) auipc   t5, 0x1
core   0: 3 0x80011d14 (0x00001f17) x30 0x80012d14
core   0: 0x80011d18 (0x2e3f2623) sw      gp, 748(t5)
core   0: 3 0x80011d18 (0x2e3f2623) mem 0x80013000 0x00000001
core   0: 0x80011d1c (0x0000bfe5) c.j     pc - 8
core   0: 3 0x80011d1c (0xbfe5)
core   0: 0x80011d14 (0x00001f17) auipc   t5, 0x1
core   0: 3 0x80011d14 (0x00001f17) x30 0x80012d14
core   0: 0x80011d18 (0x2e3f2623) sw      gp, 748(t5)
core   0: 3 0x80011d18 (0x2e3f2623) mem 0x80013000 0x00000001
core   0: 0x80011d1c (0x0000bfe5) c.j     pc - 8
core   0: 3 0x80011d1c (0xbfe5)
core   0: 0x80011d14 (0x00001f17) auipc   t5, 0x1
core   0: 3 0x80011d14 (0x00001f17) x30 0x80012d14
core   0: 0x80011d18 (0x2e3f2623) sw      gp, 748(t5)
core   0: 3 0x80011d18 (0x2e3f2623) mem 0x80013000 0x00000001
core   0: 0x80011d1c (0x0000bfe5) c.j     pc - 8
core   0: 3 0x80011d1c (0xbfe5)
core   0: 0x80011d14 (0x00001f17) auipc   t5, 0x1
core   0: 3 0x80011d14 (0x00001f17) x30 0x80012d14
core   0: 0x80011d18 (0x2e3f2623) sw      gp, 748(t5)
core   0: 3 0x80011d18 (0x2e3f2623) mem 0x80013000 0x00000001
core   0: 0x80011d1c (0x0000bfe5) c.j     pc - 8
core   0: 3 0x80011d1c (0xbfe5)
core   0: 0x80011d14 (0x00001f17) auipc   t5, 0x1
core   0: 3 0x80011d14 (0x00001f17) x30 0x80012d14
core   0: 0x80011d18 (0x2e3f2623) sw      gp, 748(t5)
core   0: 3 0x80011d18 (0x2e3f2623) mem 0x80013000 0x00000001
core   0: 0x80011d1c (0x0000bfe5) c.j     pc - 8
core   0: 3 0x80011d1c (0xbfe5)
core   0: 0x80011d14 (0x00001f17) auipc   t5, 0x1
core   0: 3 0x80011d14 (0x00001f17) x30 0x80012d14
core   0: 0x80011d18 (0x2e3f2623) sw      gp, 748(t5)
core   0: 3 0x80011d18 (0x2e3f2623) mem 0x80013000 0x00000001
core   0: 0x80011d1c (0x0000bfe5) c.j     pc - 8
core   0: 3 0x80011d1c (0xbfe5)
core   0: 0x80011d14 (0x00001f17) auipc   t5, 0x1
core   0: 3 0x80011d14 (0x00001f17) x30 0x80012d14
core   0: 0x80011d18 (0x2e3f2623) sw      gp, 748(t5)
core   0: 3 0x80011d18 (0x2e3f2623) mem 0x80013000 0x00000001
core   0: 0x80011d1c (0x0000bfe5) c.j     pc - 8
core   0: 3 0x80011d1c (0xbfe5)
core   0: 0x80011d14 (0x00001f17) auipc   t5, 0x1
core   0: 3 0x80011d14 (0x00001f17) x30 0x80012d14
core   0: 0x80011d18 (0x2e3f2623) sw      gp, 748(t5)
core   0: 3 0x80011d18 (0x2e3f2623) mem 0x80013000 0x00000001
core   0: 0x80011d1c (0x0000bfe5) c.j     pc - 8
core   0: 3 0x80011d1c (0xbfe5)
core   0: 0x80011d14 (0x00001f17) auipc   t5, 0x1
core   0: 3 0x80011d14 (0x00001f17) x30 0x80012d14
core   0: 0x80011d18 (0x2e3f2623) sw      gp, 748(t5)
core   0: 3 0x80011d18 (0x2e3f2623) mem 0x80013000 0x00000001
core   0: 0x80011d1c (0x0000bfe5) c.j     pc - 8
core   0: 3 0x80011d1c (0xbfe5)
core   0: 0x80011d14 (0x00001f17) auipc   t5, 0x1
core   0: 3 0x80011d14 (0x00001f17) x30 0x80012d14
core   0: 0x80011d18 (0x2e3f2623) sw      gp, 748(t5)
core   0: 3 0x80011d18 (0x2e3f2623) mem 0x80013000 0x00000001
core   0: 0x80011d1c (0x0000bfe5) c.j     pc - 8
core   0: 3 0x80011d1c (0xbfe5)
core   0: 0x80011d14 (0x00001f17) auipc   t5, 0x1
core   0: 3 0x80011d14 (0x00001f17) x30 0x80012d14
core   0: 0x80011d18 (0x2e3f2623) sw      gp, 748(t5)
core   0: 3 0x80011d18 (0x2e3f2623) mem 0x80013000 0x00000001
core   0: 0x80011d1c (0x0000bfe5) c.j     pc - 8
core   0: 3 0x80011d1c (0xbfe5)
core   0: 0x80011d14 (0x00001f17) auipc   t5, 0x1
core   0: 3 0x80011d14 (0x00001f17) x30 0x80012d14
core   0: 0x80011d18 (0x2e3f2623) sw      gp, 748(t5)
core   0: 3 0x80011d18 (0x2e3f2623) mem 0x80013000 0x00000001
core   0: 0x80011d1c (0x0000bfe5) c.j     pc - 8
core   0: 3 0x80011d1c (0xbfe5)
core   0: 0x80011d14 (0x00001f17) auipc   t5, 0x1
core   0: 3 0x80011d14 (0x00001f17) x30 0x80012d14
core   0: 0x80011d18 (0x2e3f2623) sw      gp, 748(t5)
core   0: 3 0x80011d18 (0x2e3f2623) mem 0x80013000 0x00000001
core   0: 0x80011d1c (0x0000bfe5) c.j     pc - 8
core   0: 3 0x80011d1c (0xbfe5)
core   0: 0x80011d14 (0x00001f17) auipc   t5, 0x1
core   0: 3 0x80011d14 (0x00001f17) x30 0x80012d14
core   0: 0x80011d18 (0x2e3f2623) sw      gp, 748(t5)
core   0: 3 0x80011d18 (0x2e3f2623) mem 0x80013000 0x00000001
core   0: 0x80011d1c (0x0000bfe5) c.j     pc - 8
core   0: 3 0x80011d1c (0xbfe5)
core   0: 0x80011d14 (0x00001f17) auipc   t5, 0x1
core   0: 3 0x80011d14 (0x00001f17) x30 0x80012d14
core   0: 0x80011d18 (0x2e3f2623) sw      gp, 748(t5)
core   0: 3 0x80011d18 (0x2e3f2623) mem 0x80013000 0x00000001
core   0: 0x80011d1c (0x0000bfe5) c.j     pc - 8
core   0: 3 0x80011d1c (0xbfe5)
core   0: 0x80011d14 (0x00001f17) auipc   t5, 0x1
core   0: 3 0x80011d14 (0x00001f17) x30 0x80012d14
core   0: 0x80011d18 (0x2e3f2623) sw      gp, 748(t5)
core   0: 3 0x80011d18 (0x2e3f2623) mem 0x80013000 0x00000001
core   0: 0x80011d1c (0x0000bfe5) c.j     pc - 8
core   0: 3 0x80011d1c (0xbfe5)
core   0: 0x80011d14 (0x00001f17) auipc   t5, 0x1
core   0: 3 0x80011d14 (0x00001f17) x30 0x80012d14
core   0: 0x80011d18 (0x2e3f2623) sw      gp, 748(t5)
core   0: 3 0x80011d18 (0x2e3f2623) mem 0x80013000 0x00000001
core   0: 0x80011d1c (0x0000bfe5) c.j     pc - 8
core   0: 3 0x80011d1c (0xbfe5)
core   0: 0x80011d14 (0x00001f17) auipc   t5, 0x1
core   0: 3 0x80011d14 (0x00001f17) x30 0x80012d14
core   0: 0x80011d18 (0x2e3f2623) sw      gp, 748(t5)
core   0: 3 0x80011d18 (0x2e3f2623) mem 0x80013000 0x00000001
core   0: 0x80011d1c (0x0000bfe5) c.j     pc - 8
core   0: 3 0x80011d1c (0xbfe5)
core   0: 0x80011d14 (0x00001f17) auipc   t5, 0x1
core   0: 3 0x80011d14 (0x00001f17) x30 0x80012d14
core   0: 0x80011d18 (0x2e3f2623) sw      gp, 748(t5)
core   0: 3 0x80011d18 (0x2e3f2623) mem 0x80013000 0x00000001
core   0: 0x80011d1c (0x0000bfe5) c.j     pc - 8
core   0: 3 0x80011d1c (0xbfe5)
core   0: 0x80011d14 (0x00001f17) auipc   t5, 0x1
core   0: 3 0x80011d14 (0x00001f17) x30 0x80012d14
core   0: 0x80011d18 (0x2e3f2623) sw      gp, 748(t5)
core   0: 3 0x80011d18 (0x2e3f2623) mem 0x80013000 0x00000001
core   0: 0x80011d1c (0x0000bfe5) c.j     pc - 8
core   0: 3 0x80011d1c (0xbfe5)
core   0: 0x80011d14 (0x00001f17) auipc   t5, 0x1
core   0: 3 0x80011d14 (0x00001f17) x30 0x80012d14
core   0: 0x80011d18 (0x2e3f2623) sw      gp, 748(t5)
core   0: 3 0x80011d18 (0x2e3f2623) mem 0x80013000 0x00000001
core   0: 0x80011d1c (0x0000bfe5) c.j     pc - 8
core   0: 3 0x80011d1c (0xbfe5)
core   0: 0x80011d14 (0x00001f17) auipc   t5, 0x1
core   0: 3 0x80011d14 (0x00001f17) x30 0x80012d14
core   0: 0x80011d18 (0x2e3f2623) sw      gp, 748(t5)
core   0: 3 0x80011d18 (0x2e3f2623) mem 0x80013000 0x00000001
core   0: 0x80011d1c (0x0000bfe5) c.j     pc - 8
core   0: 3 0x80011d1c (0xbfe5)
core   0: 0x80011d14 (0x00001f17) auipc   t5, 0x1
core   0: 3 0x80011d14 (0x00001f17) x30 0x80012d14
core   0: 0x80011d18 (0x2e3f2623) sw      gp, 748(t5)
core   0: 3 0x80011d18 (0x2e3f2623) mem 0x80013000 0x00000001
core   0: 0x80011d1c (0x0000bfe5) c.j     pc - 8
core   0: 3 0x80011d1c (0xbfe5)
core   0: 0x80011d14 (0x00001f17) auipc   t5, 0x1
core   0: 3 0x80011d14 (0x00001f17) x30 0x80012d14
core   0: 0x80011d18 (0x2e3f2623) sw      gp, 748(t5)
core   0: 3 0x80011d18 (0x2e3f2623) mem 0x80013000 0x00000001
core   0: 0x80011d1c (0x0000bfe5) c.j     pc - 8
core   0: 3 0x80011d1c (0xbfe5)
core   0: 0x80011d14 (0x00001f17) auipc   t5, 0x1
core   0: 3 0x80011d14 (0x00001f17) x30 0x80012d14
core   0: 0x80011d18 (0x2e3f2623) sw      gp, 748(t5)
core   0: 3 0x80011d18 (0x2e3f2623) mem 0x80013000 0x00000001
core   0: 0x80011d1c (0x0000bfe5) c.j     pc - 8
core   0: 3 0x80011d1c (0xbfe5)
core   0: 0x80011d14 (0x00001f17) auipc   t5, 0x1
core   0: 3 0x80011d14 (0x00001f17) x30 0x80012d14
core   0: 0x80011d18 (0x2e3f2623) sw      gp, 748(t5)
core   0: 3 0x80011d18 (0x2e3f2623) mem 0x80013000 0x00000001
core   0: 0x80011d1c (0x0000bfe5) c.j     pc - 8
core   0: 3 0x80011d1c (0xbfe5)
core   0: 0x80011d14 (0x00001f17) auipc   t5, 0x1
core   0: 3 0x80011d14 (0x00001f17) x30 0x80012d14
core   0: 0x80011d18 (0x2e3f2623) sw      gp, 748(t5)
core   0: 3 0x80011d18 (0x2e3f2623) mem 0x80013000 0x00000001
core   0: 0x80011d1c (0x0000bfe5) c.j     pc - 8
core   0: 3 0x80011d1c (0xbfe5)
core   0: 0x80011d14 (0x00001f17) auipc   t5, 0x1
core   0: 3 0x80011d14 (0x00001f17) x30 0x80012d14
core   0: 0x80011d18 (0x2e3f2623) sw      gp, 748(t5)
core   0: 3 0x80011d18 (0x2e3f2623) mem 0x80013000 0x00000001
core   0: 0x80011d1c (0x0000bfe5) c.j     pc - 8
core   0: 3 0x80011d1c (0xbfe5)
core   0: 0x80011d14 (0x00001f17) auipc   t5, 0x1
core   0: 3 0x80011d14 (0x00001f17) x30 0x80012d14
core   0: 0x80011d18 (0x2e3f2623) sw      gp, 748(t5)
core   0: 3 0x80011d18 (0x2e3f2623) mem 0x80013000 0x00000001
core   0: 0x80011d1c (0x0000bfe5) c.j     pc - 8
core   0: 3 0x80011d1c (0xbfe5)
core   0: 0x80011d14 (0x00001f17) auipc   t5, 0x1
core   0: 3 0x80011d14 (0x00001f17) x30 0x80012d14
core   0: 0x80011d18 (0x2e3f2623) sw      gp, 748(t5)
core   0: 3 0x80011d18 (0x2e3f2623) mem 0x80013000 0x00000001
core   0: 0x80011d1c (0x0000bfe5) c.j     pc - 8
core   0: 3 0x80011d1c (0xbfe5)
core   0: 0x80011d14 (0x00001f17) auipc   t5, 0x1
core   0: 3 0x80011d14 (0x00001f17) x30 0x80012d14
core   0: 0x80011d18 (0x2e3f2623) sw      gp, 748(t5)
core   0: 3 0x80011d18 (0x2e3f2623) mem 0x80013000 0x00000001
core   0: 0x80011d1c (0x0000bfe5) c.j     pc - 8
core   0: 3 0x80011d1c (0xbfe5)
core   0: 0x80011d14 (0x00001f17) auipc   t5, 0x1
core   0: 3 0x80011d14 (0x00001f17) x30 0x80012d14
core   0: 0x80011d18 (0x2e3f2623) sw      gp, 748(t5)
core   0: 3 0x80011d18 (0x2e3f2623) mem 0x80013000 0x00000001
core   0: 0x80011d1c (0x0000bfe5) c.j     pc - 8
core   0: 3 0x80011d1c (0xbfe5)
core   0: 0x80011d14 (0x00001f17) auipc   t5, 0x1
core   0: 3 0x80011d14 (0x00001f17) x30 0x80012d14
core   0: 0x80011d18 (0x2e3f2623) sw      gp, 748(t5)
core   0: 3 0x80011d18 (0x2e3f2623) mem 0x80013000 0x00000001
core   0: 0x80011d1c (0x0000bfe5) c.j     pc - 8
core   0: 3 0x80011d1c (0xbfe5)
core   0: 0x80011d14 (0x00001f17) auipc   t5, 0x1
core   0: 3 0x80011d14 (0x00001f17) x30 0x80012d14
core   0: 0x80011d18 (0x2e3f2623) sw      gp, 748(t5)
core   0: 3 0x80011d18 (0x2e3f2623) mem 0x80013000 0x00000001
core   0: 0x80011d1c (0x0000bfe5) c.j     pc - 8
core   0: 3 0x80011d1c (0xbfe5)
core   0: 0x80011d14 (0x00001f17) auipc   t5, 0x1
core   0: 3 0x80011d14 (0x00001f17) x30 0x80012d14
core   0: 0x80011d18 (0x2e3f2623) sw      gp, 748(t5)
core   0: 3 0x80011d18 (0x2e3f2623) mem 0x80013000 0x00000001
core   0: 0x80011d1c (0x0000bfe5) c.j     pc - 8
core   0: 3 0x80011d1c (0xbfe5)
core   0: 0x80011d14 (0x00001f17) auipc   t5, 0x1
core   0: 3 0x80011d14 (0x00001f17) x30 0x80012d14
core   0: 0x80011d18 (0x2e3f2623) sw      gp, 748(t5)
core   0: 3 0x80011d18 (0x2e3f2623) mem 0x80013000 0x00000001
core   0: 0x80011d1c (0x0000bfe5) c.j     pc - 8
core   0: 3 0x80011d1c (0xbfe5)
core   0: 0x80011d14 (0x00001f17) auipc   t5, 0x1
core   0: 3 0x80011d14 (0x00001f17) x30 0x80012d14
core   0: 0x80011d18 (0x2e3f2623) sw      gp, 748(t5)
core   0: 3 0x80011d18 (0x2e3f2623) mem 0x80013000 0x00000001
core   0: 0x80011d1c (0x0000bfe5) c.j     pc - 8
core   0: 3 0x80011d1c (0xbfe5)
core   0: 0x80011d14 (0x00001f17) auipc   t5, 0x1
core   0: 3 0x80011d14 (0x00001f17) x30 0x80012d14
core   0: 0x80011d18 (0x2e3f2623) sw      gp, 748(t5)
core   0: 3 0x80011d18 (0x2e3f2623) mem 0x80013000 0x00000001
core   0: 0x80011d1c (0x0000bfe5) c.j     pc - 8
core   0: 3 0x80011d1c (0xbfe5)
core   0: 0x80011d14 (0x00001f17) auipc   t5, 0x1
core   0: 3 0x80011d14 (0x00001f17) x30 0x80012d14
core   0: 0x80011d18 (0x2e3f2623) sw      gp, 748(t5)
core   0: 3 0x80011d18 (0x2e3f2623) mem 0x80013000 0x00000001
core   0: 0x80011d1c (0x0000bfe5) c.j     pc - 8
core   0: 3 0x80011d1c (0xbfe5)
core   0: 0x80011d14 (0x00001f17) auipc   t5, 0x1
core   0: 3 0x80011d14 (0x00001f17) x30 0x80012d14
core   0: 0x80011d18 (0x2e3f2623) sw      gp, 748(t5)
core   0: 3 0x80011d18 (0x2e3f2623) mem 0x80013000 0x00000001
core   0: 0x80011d1c (0x0000bfe5) c.j     pc - 8
core   0: 3 0x80011d1c (0xbfe5)
core   0: 0x80011d14 (0x00001f17) auipc   t5, 0x1
core   0: 3 0x80011d14 (0x00001f17) x30 0x80012d14
core   0: 0x80011d18 (0x2e3f2623) sw      gp, 748(t5)
core   0: 3 0x80011d18 (0x2e3f2623) mem 0x80013000 0x00000001
core   0: 0x80011d1c (0x0000bfe5) c.j     pc - 8
core   0: 3 0x80011d1c (0xbfe5)
core   0: 0x80011d14 (0x00001f17) auipc   t5, 0x1
core   0: 3 0x80011d14 (0x00001f17) x30 0x80012d14
core   0: 0x80011d18 (0x2e3f2623) sw      gp, 748(t5)
core   0: 3 0x80011d18 (0x2e3f2623) mem 0x80013000 0x00000001
core   0: 0x80011d1c (0x0000bfe5) c.j     pc - 8
core   0: 3 0x80011d1c (0xbfe5)
core   0: 0x80011d14 (0x00001f17) auipc   t5, 0x1
core   0: 3 0x80011d14 (0x00001f17) x30 0x80012d14
core   0: 0x80011d18 (0x2e3f2623) sw      gp, 748(t5)
core   0: 3 0x80011d18 (0x2e3f2623) mem 0x80013000 0x00000001
core   0: 0x80011d1c (0x0000bfe5) c.j     pc - 8
core   0: 3 0x80011d1c (0xbfe5)
core   0: 0x80011d14 (0x00001f17) auipc   t5, 0x1
core   0: 3 0x80011d14 (0x00001f17) x30 0x80012d14
core   0: 0x80011d18 (0x2e3f2623) sw      gp, 748(t5)
core   0: 3 0x80011d18 (0x2e3f2623) mem 0x80013000 0x00000001
core   0: 0x80011d1c (0x0000bfe5) c.j     pc - 8
core   0: 3 0x80011d1c (0xbfe5)
core   0: 0x80011d14 (0x00001f17) auipc   t5, 0x1
core   0: 3 0x80011d14 (0x00001f17) x30 0x80012d14
core   0: 0x80011d18 (0x2e3f2623) sw      gp, 748(t5)
core   0: 3 0x80011d18 (0x2e3f2623) mem 0x80013000 0x00000001
core   0: 0x80011d1c (0x0000bfe5) c.j     pc - 8
core   0: 3 0x80011d1c (0xbfe5)
core   0: 0x80011d14 (0x00001f17) auipc   t5, 0x1
core   0: 3 0x80011d14 (0x00001f17) x30 0x80012d14
core   0: 0x80011d18 (0x2e3f2623) sw      gp, 748(t5)
core   0: 3 0x80011d18 (0x2e3f2623) mem 0x80013000 0x00000001
core   0: 0x80011d1c (0x0000bfe5) c.j     pc - 8
core   0: 3 0x80011d1c (0xbfe5)
core   0: 0x80011d14 (0x00001f17) auipc   t5, 0x1
core   0: 3 0x80011d14 (0x00001f17) x30 0x80012d14
core   0: 0x80011d18 (0x2e3f2623) sw      gp, 748(t5)
core   0: 3 0x80011d18 (0x2e3f2623) mem 0x80013000 0x00000001
core   0: 0x80011d1c (0x0000bfe5) c.j     pc - 8
core   0: 3 0x80011d1c (0xbfe5)
core   0: 0x80011d14 (0x00001f17) auipc   t5, 0x1
core   0: 3 0x80011d14 (0x00001f17) x30 0x80012d14
core   0: 0x80011d18 (0x2e3f2623) sw      gp, 748(t5)
core   0: 3 0x80011d18 (0x2e3f2623) mem 0x80013000 0x00000001
core   0: 0x80011d1c (0x0000bfe5) c.j     pc - 8
core   0: 3 0x80011d1c (0xbfe5)
core   0: 0x80011d14 (0x00001f17) auipc   t5, 0x1
core   0: 3 0x80011d14 (0x00001f17) x30 0x80012d14
core   0: 0x80011d18 (0x2e3f2623) sw      gp, 748(t5)
core   0: 3 0x80011d18 (0x2e3f2623) mem 0x80013000 0x00000001
core   0: 0x80011d1c (0x0000bfe5) c.j     pc - 8
core   0: 3 0x80011d1c (0xbfe5)
core   0: 0x80011d14 (0x00001f17) auipc   t5, 0x1
core   0: 3 0x80011d14 (0x00001f17) x30 0x80012d14
core   0: 0x80011d18 (0x2e3f2623) sw      gp, 748(t5)
core   0: 3 0x80011d18 (0x2e3f2623) mem 0x80013000 0x00000001
core   0: 0x80011d1c (0x0000bfe5) c.j     pc - 8
core   0: 3 0x80011d1c (0xbfe5)
core   0: 0x80011d14 (0x00001f17) auipc   t5, 0x1
core   0: 3 0x80011d14 (0x00001f17) x30 0x80012d14
core   0: 0x80011d18 (0x2e3f2623) sw      gp, 748(t5)
core   0: 3 0x80011d18 (0x2e3f2623) mem 0x80013000 0x00000001
core   0: 0x80011d1c (0x0000bfe5) c.j     pc - 8
core   0: 3 0x80011d1c (0xbfe5)
core   0: 0x80011d14 (0x00001f17) auipc   t5, 0x1
core   0: 3 0x80011d14 (0x00001f17) x30 0x80012d14
core   0: 0x80011d18 (0x2e3f2623) sw      gp, 748(t5)
core   0: 3 0x80011d18 (0x2e3f2623) mem 0x80013000 0x00000001
core   0: 0x80011d1c (0x0000bfe5) c.j     pc - 8
core   0: 3 0x80011d1c (0xbfe5)
core   0: 0x80011d14 (0x00001f17) auipc   t5, 0x1
core   0: 3 0x80011d14 (0x00001f17) x30 0x80012d14
core   0: 0x80011d18 (0x2e3f2623) sw      gp, 748(t5)
core   0: 3 0x80011d18 (0x2e3f2623) mem 0x80013000 0x00000001
core   0: 0x80011d1c (0x0000bfe5) c.j     pc - 8
core   0: 3 0x80011d1c (0xbfe5)
core   0: 0x80011d14 (0x00001f17) auipc   t5, 0x1
core   0: 3 0x80011d14 (0x00001f17) x30 0x80012d14
core   0: 0x80011d18 (0x2e3f2623) sw      gp, 748(t5)
core   0: 3 0x80011d18 (0x2e3f2623) mem 0x80013000 0x00000001
core   0: 0x80011d1c (0x0000bfe5) c.j     pc - 8
core   0: 3 0x80011d1c (0xbfe5)
core   0: 0x80011d14 (0x00001f17) auipc   t5, 0x1
core   0: 3 0x80011d14 (0x00001f17) x30 0x80012d14
core   0: 0x80011d18 (0x2e3f2623) sw      gp, 748(t5)
core   0: 3 0x80011d18 (0x2e3f2623) mem 0x80013000 0x00000001
core   0: 0x80011d1c (0x0000bfe5) c.j     pc - 8
core   0: 3 0x80011d1c (0xbfe5)
core   0: 0x80011d14 (0x00001f17) auipc   t5, 0x1
core   0: 3 0x80011d14 (0x00001f17) x30 0x80012d14
core   0: 0x80011d18 (0x2e3f2623) sw      gp, 748(t5)
core   0: 3 0x80011d18 (0x2e3f2623) mem 0x80013000 0x00000001
core   0: 0x80011d1c (0x0000bfe5) c.j     pc - 8
core   0: 3 0x80011d1c (0xbfe5)
core   0: 0x80011d14 (0x00001f17) auipc   t5, 0x1
core   0: 3 0x80011d14 (0x00001f17) x30 0x80012d14
core   0: 0x80011d18 (0x2e3f2623) sw      gp, 748(t5)
core   0: 3 0x80011d18 (0x2e3f2623) mem 0x80013000 0x00000001
core   0: 0x80011d1c (0x0000bfe5) c.j     pc - 8
core   0: 3 0x80011d1c (0xbfe5)
core   0: 0x80011d14 (0x00001f17) auipc   t5, 0x1
core   0: 3 0x80011d14 (0x00001f17) x30 0x80012d14
core   0: 0x80011d18 (0x2e3f2623) sw      gp, 748(t5)
core   0: 3 0x80011d18 (0x2e3f2623) mem 0x80013000 0x00000001
core   0: 0x80011d1c (0x0000bfe5) c.j     pc - 8
core   0: 3 0x80011d1c (0xbfe5)
core   0: 0x80011d14 (0x00001f17) auipc   t5, 0x1
core   0: 3 0x80011d14 (0x00001f17) x30 0x80012d14
core   0: 0x80011d18 (0x2e3f2623) sw      gp, 748(t5)
core   0: 3 0x80011d18 (0x2e3f2623) mem 0x80013000 0x00000001
core   0: 0x80011d1c (0x0000bfe5) c.j     pc - 8
core   0: 3 0x80011d1c (0xbfe5)
core   0: 0x80011d14 (0x00001f17) auipc   t5, 0x1
core   0: 3 0x80011d14 (0x00001f17) x30 0x80012d14
core   0: 0x80011d18 (0x2e3f2623) sw      gp, 748(t5)
core   0: 3 0x80011d18 (0x2e3f2623) mem 0x80013000 0x00000001
core   0: 0x80011d1c (0x0000bfe5) c.j     pc - 8
core   0: 3 0x80011d1c (0xbfe5)
core   0: 0x80011d14 (0x00001f17) auipc   t5, 0x1
core   0: 3 0x80011d14 (0x00001f17) x30 0x80012d14
core   0: 0x80011d18 (0x2e3f2623) sw      gp, 748(t5)
core   0: 3 0x80011d18 (0x2e3f2623) mem 0x80013000 0x00000001
core   0: 0x80011d1c (0x0000bfe5) c.j     pc - 8
core   0: 3 0x80011d1c (0xbfe5)
core   0: 0x80011d14 (0x00001f17) auipc   t5, 0x1
core   0: 3 0x80011d14 (0x00001f17) x30 0x80012d14
core   0: 0x80011d18 (0x2e3f2623) sw      gp, 748(t5)
core   0: 3 0x80011d18 (0x2e3f2623) mem 0x80013000 0x00000001
core   0: 0x80011d1c (0x0000bfe5) c.j     pc - 8
core   0: 3 0x80011d1c (0xbfe5)
core   0: 0x80011d14 (0x00001f17) auipc   t5, 0x1
core   0: 3 0x80011d14 (0x00001f17) x30 0x80012d14
core   0: 0x80011d18 (0x2e3f2623) sw      gp, 748(t5)
core   0: 3 0x80011d18 (0x2e3f2623) mem 0x80013000 0x00000001
core   0: 0x80011d1c (0x0000bfe5) c.j     pc - 8
core   0: 3 0x80011d1c (0xbfe5)
core   0: 0x80011d14 (0x00001f17) auipc   t5, 0x1
core   0: 3 0x80011d14 (0x00001f17) x30 0x80012d14
core   0: 0x80011d18 (0x2e3f2623) sw      gp, 748(t5)
core   0: 3 0x80011d18 (0x2e3f2623) mem 0x80013000 0x00000001
core   0: 0x80011d1c (0x0000bfe5) c.j     pc - 8
core   0: 3 0x80011d1c (0xbfe5)
core   0: 0x80011d14 (0x00001f17) auipc   t5, 0x1
core   0: 3 0x80011d14 (0x00001f17) x30 0x80012d14
core   0: 0x80011d18 (0x2e3f2623) sw      gp, 748(t5)
core   0: 3 0x80011d18 (0x2e3f2623) mem 0x80013000 0x00000001
core   0: 0x80011d1c (0x0000bfe5) c.j     pc - 8
core   0: 3 0x80011d1c (0xbfe5)
core   0: 0x80011d14 (0x00001f17) auipc   t5, 0x1
core   0: 3 0x80011d14 (0x00001f17) x30 0x80012d14
core   0: 0x80011d18 (0x2e3f2623) sw      gp, 748(t5)
core   0: 3 0x80011d18 (0x2e3f2623) mem 0x80013000 0x00000001
core   0: 0x80011d1c (0x0000bfe5) c.j     pc - 8
core   0: 3 0x80011d1c (0xbfe5)
core   0: 0x80011d14 (0x00001f17) auipc   t5, 0x1
core   0: 3 0x80011d14 (0x00001f17) x30 0x80012d14
core   0: 0x80011d18 (0x2e3f2623) sw      gp, 748(t5)
core   0: 3 0x80011d18 (0x2e3f2623) mem 0x80013000 0x00000001
core   0: 0x80011d1c (0x0000bfe5) c.j     pc - 8
core   0: 3 0x80011d1c (0xbfe5)
core   0: 0x80011d14 (0x00001f17) auipc   t5, 0x1
core   0: 3 0x80011d14 (0x00001f17) x30 0x80012d14
core   0: 0x80011d18 (0x2e3f2623) sw      gp, 748(t5)
core   0: 3 0x80011d18 (0x2e3f2623) mem 0x80013000 0x00000001
core   0: 0x80011d1c (0x0000bfe5) c.j     pc - 8
core   0: 3 0x80011d1c (0xbfe5)
core   0: 0x80011d14 (0x00001f17) auipc   t5, 0x1
core   0: 3 0x80011d14 (0x00001f17) x30 0x80012d14
core   0: 0x80011d18 (0x2e3f2623) sw      gp, 748(t5)
core   0: 3 0x80011d18 (0x2e3f2623) mem 0x80013000 0x00000001
core   0: 0x80011d1c (0x0000bfe5) c.j     pc - 8
core   0: 3 0x80011d1c (0xbfe5)
core   0: 0x80011d14 (0x00001f17) auipc   t5, 0x1
core   0: 3 0x80011d14 (0x00001f17) x30 0x80012d14
core   0: 0x80011d18 (0x2e3f2623) sw      gp, 748(t5)
core   0: 3 0x80011d18 (0x2e3f2623) mem 0x80013000 0x00000001
core   0: 0x80011d1c (0x0000bfe5) c.j     pc - 8
core   0: 3 0x80011d1c (0xbfe5)
core   0: 0x80011d14 (0x00001f17) auipc   t5, 0x1
core   0: 3 0x80011d14 (0x00001f17) x30 0x80012d14
core   0: 0x80011d18 (0x2e3f2623) sw      gp, 748(t5)
core   0: 3 0x80011d18 (0x2e3f2623) mem 0x80013000 0x00000001
core   0: 0x80011d1c (0x0000bfe5) c.j     pc - 8
core   0: 3 0x80011d1c (0xbfe5)
core   0: 0x80011d14 (0x00001f17) auipc   t5, 0x1
core   0: 3 0x80011d14 (0x00001f17) x30 0x80012d14
core   0: 0x80011d18 (0x2e3f2623) sw      gp, 748(t5)
core   0: 3 0x80011d18 (0x2e3f2623) mem 0x80013000 0x00000001
core   0: 0x80011d1c (0x0000bfe5) c.j     pc - 8
core   0: 3 0x80011d1c (0xbfe5)
core   0: 0x80011d14 (0x00001f17) auipc   t5, 0x1
core   0: 3 0x80011d14 (0x00001f17) x30 0x80012d14
core   0: 0x80011d18 (0x2e3f2623) sw      gp, 748(t5)
core   0: 3 0x80011d18 (0x2e3f2623) mem 0x80013000 0x00000001
core   0: 0x80011d1c (0x0000bfe5) c.j     pc - 8
core   0: 3 0x80011d1c (0xbfe5)
core   0: 0x80011d14 (0x00001f17) auipc   t5, 0x1
core   0: 3 0x80011d14 (0x00001f17) x30 0x80012d14
core   0: 0x80011d18 (0x2e3f2623) sw      gp, 748(t5)
core   0: 3 0x80011d18 (0x2e3f2623) mem 0x80013000 0x00000001
core   0: 0x80011d1c (0x0000bfe5) c.j     pc - 8
core   0: 3 0x80011d1c (0xbfe5)
core   0: 0x80011d14 (0x00001f17) auipc   t5, 0x1
core   0: 3 0x80011d14 (0x00001f17) x30 0x80012d14
core   0: 0x80011d18 (0x2e3f2623) sw      gp, 748(t5)
core   0: 3 0x80011d18 (0x2e3f2623) mem 0x80013000 0x00000001
core   0: 0x80011d1c (0x0000bfe5) c.j     pc - 8
core   0: 3 0x80011d1c (0xbfe5)
core   0: 0x80011d14 (0x00001f17) auipc   t5, 0x1
core   0: 3 0x80011d14 (0x00001f17) x30 0x80012d14
core   0: 0x80011d18 (0x2e3f2623) sw      gp, 748(t5)
core   0: 3 0x80011d18 (0x2e3f2623) mem 0x80013000 0x00000001
core   0: 0x80011d1c (0x0000bfe5) c.j     pc - 8
core   0: 3 0x80011d1c (0xbfe5)
core   0: 0x80011d14 (0x00001f17) auipc   t5, 0x1
core   0: 3 0x80011d14 (0x00001f17) x30 0x80012d14
core   0: 0x80011d18 (0x2e3f2623) sw      gp, 748(t5)
core   0: 3 0x80011d18 (0x2e3f2623) mem 0x80013000 0x00000001
core   0: 0x80011d1c (0x0000bfe5) c.j     pc - 8
core   0: 3 0x80011d1c (0xbfe5)
core   0: 0x80011d14 (0x00001f17) auipc   t5, 0x1
core   0: 3 0x80011d14 (0x00001f17) x30 0x80012d14
core   0: 0x80011d18 (0x2e3f2623) sw      gp, 748(t5)
core   0: 3 0x80011d18 (0x2e3f2623) mem 0x80013000 0x00000001
core   0: 0x80011d1c (0x0000bfe5) c.j     pc - 8
core   0: 3 0x80011d1c (0xbfe5)
core   0: 0x80011d14 (0x00001f17) auipc   t5, 0x1
core   0: 3 0x80011d14 (0x00001f17) x30 0x80012d14
core   0: 0x80011d18 (0x2e3f2623) sw      gp, 748(t5)
core   0: 3 0x80011d18 (0x2e3f2623) mem 0x80013000 0x00000001
core   0: 0x80011d1c (0x0000bfe5) c.j     pc - 8
core   0: 3 0x80011d1c (0xbfe5)
core   0: 0x80011d14 (0x00001f17) auipc   t5, 0x1
core   0: 3 0x80011d14 (0x00001f17) x30 0x80012d14
core   0: 0x80011d18 (0x2e3f2623) sw      gp, 748(t5)
core   0: 3 0x80011d18 (0x2e3f2623) mem 0x80013000 0x00000001
core   0: 0x80011d1c (0x0000bfe5) c.j     pc - 8
core   0: 3 0x80011d1c (0xbfe5)
core   0: 0x80011d14 (0x00001f17) auipc   t5, 0x1
core   0: 3 0x80011d14 (0x00001f17) x30 0x80012d14
core   0: 0x80011d18 (0x2e3f2623) sw      gp, 748(t5)
core   0: 3 0x80011d18 (0x2e3f2623) mem 0x80013000 0x00000001
core   0: 0x80011d1c (0x0000bfe5) c.j     pc - 8
core   0: 3 0x80011d1c (0xbfe5)
core   0: 0x80011d14 (0x00001f17) auipc   t5, 0x1
core   0: 3 0x80011d14 (0x00001f17) x30 0x80012d14
core   0: 0x80011d18 (0x2e3f2623) sw      gp, 748(t5)
core   0: 3 0x80011d18 (0x2e3f2623) mem 0x80013000 0x00000001
core   0: 0x80011d1c (0x0000bfe5) c.j     pc - 8
core   0: 3 0x80011d1c (0xbfe5)
core   0: 0x80011d14 (0x00001f17) auipc   t5, 0x1
core   0: 3 0x80011d14 (0x00001f17) x30 0x80012d14
core   0: 0x80011d18 (0x2e3f2623) sw      gp, 748(t5)
core   0: 3 0x80011d18 (0x2e3f2623) mem 0x80013000 0x00000001
core   0: 0x80011d1c (0x0000bfe5) c.j     pc - 8
core   0: 3 0x80011d1c (0xbfe5)
core   0: 0x80011d14 (0x00001f17) auipc   t5, 0x1
core   0: 3 0x80011d14 (0x00001f17) x30 0x80012d14
core   0: 0x80011d18 (0x2e3f2623) sw      gp, 748(t5)
core   0: 3 0x80011d18 (0x2e3f2623) mem 0x80013000 0x00000001
core   0: 0x80011d1c (0x0000bfe5) c.j     pc - 8
core   0: 3 0x80011d1c (0xbfe5)
core   0: 0x80011d14 (0x00001f17) auipc   t5, 0x1
core   0: 3 0x80011d14 (0x00001f17) x30 0x80012d14
core   0: 0x80011d18 (0x2e3f2623) sw      gp, 748(t5)
core   0: 3 0x80011d18 (0x2e3f2623) mem 0x80013000 0x00000001
core   0: 0x80011d1c (0x0000bfe5) c.j     pc - 8
core   0: 3 0x80011d1c (0xbfe5)
core   0: 0x80011d14 (0x00001f17) auipc   t5, 0x1
core   0: 3 0x80011d14 (0x00001f17) x30 0x80012d14
core   0: 0x80011d18 (0x2e3f2623) sw      gp, 748(t5)
core   0: 3 0x80011d18 (0x2e3f2623) mem 0x80013000 0x00000001
core   0: 0x80011d1c (0x0000bfe5) c.j     pc - 8
core   0: 3 0x80011d1c (0xbfe5)
core   0: 0x80011d14 (0x00001f17) auipc   t5, 0x1
core   0: 3 0x80011d14 (0x00001f17) x30 0x80012d14
core   0: 0x80011d18 (0x2e3f2623) sw      gp, 748(t5)
core   0: 3 0x80011d18 (0x2e3f2623) mem 0x80013000 0x00000001
core   0: 0x80011d1c (0x0000bfe5) c.j     pc - 8
core   0: 3 0x80011d1c (0xbfe5)
core   0: 0x80011d14 (0x00001f17) auipc   t5, 0x1
core   0: 3 0x80011d14 (0x00001f17) x30 0x80012d14
core   0: 0x80011d18 (0x2e3f2623) sw      gp, 748(t5)
core   0: 3 0x80011d18 (0x2e3f2623) mem 0x80013000 0x00000001
core   0: 0x80011d1c (0x0000bfe5) c.j     pc - 8
core   0: 3 0x80011d1c (0xbfe5)
core   0: 0x80011d14 (0x00001f17) auipc   t5, 0x1
core   0: 3 0x80011d14 (0x00001f17) x30 0x80012d14
core   0: 0x80011d18 (0x2e3f2623) sw      gp, 748(t5)
core   0: 3 0x80011d18 (0x2e3f2623) mem 0x80013000 0x00000001
core   0: 0x80011d1c (0x0000bfe5) c.j     pc - 8
core   0: 3 0x80011d1c (0xbfe5)
core   0: 0x80011d14 (0x00001f17) auipc   t5, 0x1
core   0: 3 0x80011d14 (0x00001f17) x30 0x80012d14
core   0: 0x80011d18 (0x2e3f2623) sw      gp, 748(t5)
core   0: 3 0x80011d18 (0x2e3f2623) mem 0x80013000 0x00000001
core   0: 0x80011d1c (0x0000bfe5) c.j     pc - 8
core   0: 3 0x80011d1c (0xbfe5)
core   0: 0x80011d14 (0x00001f17) auipc   t5, 0x1
core   0: 3 0x80011d14 (0x00001f17) x30 0x80012d14
core   0: 0x80011d18 (0x2e3f2623) sw      gp, 748(t5)
core   0: 3 0x80011d18 (0x2e3f2623) mem 0x80013000 0x00000001
core   0: 0x80011d1c (0x0000bfe5) c.j     pc - 8
core   0: 3 0x80011d1c (0xbfe5)
core   0: 0x80011d14 (0x00001f17) auipc   t5, 0x1
core   0: 3 0x80011d14 (0x00001f17) x30 0x80012d14
core   0: 0x80011d18 (0x2e3f2623) sw      gp, 748(t5)
core   0: 3 0x80011d18 (0x2e3f2623) mem 0x80013000 0x00000001
core   0: 0x80011d1c (0x0000bfe5) c.j     pc - 8
core   0: 3 0x80011d1c (0xbfe5)
core   0: 0x80011d14 (0x00001f17) auipc   t5, 0x1
core   0: 3 0x80011d14 (0x00001f17) x30 0x80012d14
core   0: 0x80011d18 (0x2e3f2623) sw      gp, 748(t5)
core   0: 3 0x80011d18 (0x2e3f2623) mem 0x80013000 0x00000001
core   0: 0x80011d1c (0x0000bfe5) c.j     pc - 8
core   0: 3 0x80011d1c (0xbfe5)
core   0: 0x80011d14 (0x00001f17) auipc   t5, 0x1
core   0: 3 0x80011d14 (0x00001f17) x30 0x80012d14
core   0: 0x80011d18 (0x2e3f2623) sw      gp, 748(t5)
core   0: 3 0x80011d18 (0x2e3f2623) mem 0x80013000 0x00000001
core   0: 0x80011d1c (0x0000bfe5) c.j     pc - 8
core   0: 3 0x80011d1c (0xbfe5)
core   0: 0x80011d14 (0x00001f17) auipc   t5, 0x1
core   0: 3 0x80011d14 (0x00001f17) x30 0x80012d14
core   0: 0x80011d18 (0x2e3f2623) sw      gp, 748(t5)
core   0: 3 0x80011d18 (0x2e3f2623) mem 0x80013000 0x00000001
core   0: 0x80011d1c (0x0000bfe5) c.j     pc - 8
core   0: 3 0x80011d1c (0xbfe5)
core   0: 0x80011d14 (0x00001f17) auipc   t5, 0x1
core   0: 3 0x80011d14 (0x00001f17) x30 0x80012d14
core   0: 0x80011d18 (0x2e3f2623) sw      gp, 748(t5)
core   0: 3 0x80011d18 (0x2e3f2623) mem 0x80013000 0x00000001
core   0: 0x80011d1c (0x0000bfe5) c.j     pc - 8
core   0: 3 0x80011d1c (0xbfe5)
core   0: 0x80011d14 (0x00001f17) auipc   t5, 0x1
core   0: 3 0x80011d14 (0x00001f17) x30 0x80012d14
core   0: 0x80011d18 (0x2e3f2623) sw      gp, 748(t5)
core   0: 3 0x80011d18 (0x2e3f2623) mem 0x80013000 0x00000001
core   0: 0x80011d1c (0x0000bfe5) c.j     pc - 8
core   0: 3 0x80011d1c (0xbfe5)
core   0: 0x80011d14 (0x00001f17) auipc   t5, 0x1
core   0: 3 0x80011d14 (0x00001f17) x30 0x80012d14
core   0: 0x80011d18 (0x2e3f2623) sw      gp, 748(t5)
core   0: 3 0x80011d18 (0x2e3f2623) mem 0x80013000 0x00000001
core   0: 0x80011d1c (0x0000bfe5) c.j     pc - 8
core   0: 3 0x80011d1c (0xbfe5)
core   0: 0x80011d14 (0x00001f17) auipc   t5, 0x1
core   0: 3 0x80011d14 (0x00001f17) x30 0x80012d14
core   0: 0x80011d18 (0x2e3f2623) sw      gp, 748(t5)
core   0: 3 0x80011d18 (0x2e3f2623) mem 0x80013000 0x00000001
core   0: 0x80011d1c (0x0000bfe5) c.j     pc - 8
core   0: 3 0x80011d1c (0xbfe5)
core   0: 0x80011d14 (0x00001f17) auipc   t5, 0x1
core   0: 3 0x80011d14 (0x00001f17) x30 0x80012d14
core   0: 0x80011d18 (0x2e3f2623) sw      gp, 748(t5)
core   0: 3 0x80011d18 (0x2e3f2623) mem 0x80013000 0x00000001
core   0: 0x80011d1c (0x0000bfe5) c.j     pc - 8
core   0: 3 0x80011d1c (0xbfe5)
core   0: 0x80011d14 (0x00001f17) auipc   t5, 0x1
core   0: 3 0x80011d14 (0x00001f17) x30 0x80012d14
core   0: 0x80011d18 (0x2e3f2623) sw      gp, 748(t5)
core   0: 3 0x80011d18 (0x2e3f2623) mem 0x80013000 0x00000001
core   0: 0x80011d1c (0x0000bfe5) c.j     pc - 8
core   0: 3 0x80011d1c (0xbfe5)
core   0: 0x80011d14 (0x00001f17) auipc   t5, 0x1
core   0: 3 0x80011d14 (0x00001f17) x30 0x80012d14
core   0: 0x80011d18 (0x2e3f2623) sw      gp, 748(t5)
core   0: 3 0x80011d18 (0x2e3f2623) mem 0x80013000 0x00000001
core   0: 0x80011d1c (0x0000bfe5) c.j     pc - 8
core   0: 3 0x80011d1c (0xbfe5)
core   0: 0x80011d14 (0x00001f17) auipc   t5, 0x1
core   0: 3 0x80011d14 (0x00001f17) x30 0x80012d14
core   0: 0x80011d18 (0x2e3f2623) sw      gp, 748(t5)
core   0: 3 0x80011d18 (0x2e3f2623) mem 0x80013000 0x00000001
core   0: 0x80011d1c (0x0000bfe5) c.j     pc - 8
core   0: 3 0x80011d1c (0xbfe5)
core   0: 0x80011d14 (0x00001f17) auipc   t5, 0x1
core   0: 3 0x80011d14 (0x00001f17) x30 0x80012d14
core   0: 0x80011d18 (0x2e3f2623) sw      gp, 748(t5)
core   0: 3 0x80011d18 (0x2e3f2623) mem 0x80013000 0x00000001
core   0: 0x80011d1c (0x0000bfe5) c.j     pc - 8
core   0: 3 0x80011d1c (0xbfe5)
core   0: 0x80011d14 (0x00001f17) auipc   t5, 0x1
core   0: 3 0x80011d14 (0x00001f17) x30 0x80012d14
core   0: 0x80011d18 (0x2e3f2623) sw      gp, 748(t5)
core   0: 3 0x80011d18 (0x2e3f2623) mem 0x80013000 0x00000001
core   0: 0x80011d1c (0x0000bfe5) c.j     pc - 8
core   0: 3 0x80011d1c (0xbfe5)
core   0: 0x80011d14 (0x00001f17) auipc   t5, 0x1
core   0: 3 0x80011d14 (0x00001f17) x30 0x80012d14
core   0: 0x80011d18 (0x2e3f2623) sw      gp, 748(t5)
core   0: 3 0x80011d18 (0x2e3f2623) mem 0x80013000 0x00000001
core   0: 0x80011d1c (0x0000bfe5) c.j     pc - 8
core   0: 3 0x80011d1c (0xbfe5)
core   0: 0x80011d14 (0x00001f17) auipc   t5, 0x1
core   0: 3 0x80011d14 (0x00001f17) x30 0x80012d14
core   0: 0x80011d18 (0x2e3f2623) sw      gp, 748(t5)
core   0: 3 0x80011d18 (0x2e3f2623) mem 0x80013000 0x00000001
core   0: 0x80011d1c (0x0000bfe5) c.j     pc - 8
core   0: 3 0x80011d1c (0xbfe5)
core   0: 0x80011d14 (0x00001f17) auipc   t5, 0x1
core   0: 3 0x80011d14 (0x00001f17) x30 0x80012d14
core   0: 0x80011d18 (0x2e3f2623) sw      gp, 748(t5)
core   0: 3 0x80011d18 (0x2e3f2623) mem 0x80013000 0x00000001
core   0: 0x80011d1c (0x0000bfe5) c.j     pc - 8
core   0: 3 0x80011d1c (0xbfe5)
core   0: 0x80011d14 (0x00001f17) auipc   t5, 0x1
core   0: 3 0x80011d14 (0x00001f17) x30 0x80012d14
core   0: 0x80011d18 (0x2e3f2623) sw      gp, 748(t5)
core   0: 3 0x80011d18 (0x2e3f2623) mem 0x80013000 0x00000001
core   0: 0x80011d1c (0x0000bfe5) c.j     pc - 8
core   0: 3 0x80011d1c (0xbfe5)
core   0: 0x80011d14 (0x00001f17) auipc   t5, 0x1
core   0: 3 0x80011d14 (0x00001f17) x30 0x80012d14
core   0: 0x80011d18 (0x2e3f2623) sw      gp, 748(t5)
core   0: 3 0x80011d18 (0x2e3f2623) mem 0x80013000 0x00000001
core   0: 0x80011d1c (0x0000bfe5) c.j     pc - 8
core   0: 3 0x80011d1c (0xbfe5)
core   0: 0x80011d14 (0x00001f17) auipc   t5, 0x1
core   0: 3 0x80011d14 (0x00001f17) x30 0x80012d14
core   0: 0x80011d18 (0x2e3f2623) sw      gp, 748(t5)
core   0: 3 0x80011d18 (0x2e3f2623) mem 0x80013000 0x00000001
core   0: 0x80011d1c (0x0000bfe5) c.j     pc - 8
core   0: 3 0x80011d1c (0xbfe5)
core   0: 0x80011d14 (0x00001f17) auipc   t5, 0x1
core   0: 3 0x80011d14 (0x00001f17) x30 0x80012d14
core   0: 0x80011d18 (0x2e3f2623) sw      gp, 748(t5)
core   0: 3 0x80011d18 (0x2e3f2623) mem 0x80013000 0x00000001
core   0: 0x80011d1c (0x0000bfe5) c.j     pc - 8
core   0: 3 0x80011d1c (0xbfe5)
core   0: 0x80011d14 (0x00001f17) auipc   t5, 0x1
core   0: 3 0x80011d14 (0x00001f17) x30 0x80012d14
core   0: 0x80011d18 (0x2e3f2623) sw      gp, 748(t5)
core   0: 3 0x80011d18 (0x2e3f2623) mem 0x80013000 0x00000001
core   0: 0x80011d1c (0x0000bfe5) c.j     pc - 8
core   0: 3 0x80011d1c (0xbfe5)
core   0: 0x80011d14 (0x00001f17) auipc   t5, 0x1
core   0: 3 0x80011d14 (0x00001f17) x30 0x80012d14
core   0: 0x80011d18 (0x2e3f2623) sw      gp, 748(t5)
core   0: 3 0x80011d18 (0x2e3f2623) mem 0x80013000 0x00000001
core   0: 0x80011d1c (0x0000bfe5) c.j     pc - 8
core   0: 3 0x80011d1c (0xbfe5)
core   0: 0x80011d14 (0x00001f17) auipc   t5, 0x1
core   0: 3 0x80011d14 (0x00001f17) x30 0x80012d14
core   0: 0x80011d18 (0x2e3f2623) sw      gp, 748(t5)
core   0: 3 0x80011d18 (0x2e3f2623) mem 0x80013000 0x00000001
core   0: 0x80011d1c (0x0000bfe5) c.j     pc - 8
core   0: 3 0x80011d1c (0xbfe5)
core   0: 0x80011d14 (0x00001f17) auipc   t5, 0x1
core   0: 3 0x80011d14 (0x00001f17) x30 0x80012d14
core   0: 0x80011d18 (0x2e3f2623) sw      gp, 748(t5)
core   0: 3 0x80011d18 (0x2e3f2623) mem 0x80013000 0x00000001
core   0: 0x80011d1c (0x0000bfe5) c.j     pc - 8
core   0: 3 0x80011d1c (0xbfe5)
core   0: 0x80011d14 (0x00001f17) auipc   t5, 0x1
core   0: 3 0x80011d14 (0x00001f17) x30 0x80012d14
core   0: 0x80011d18 (0x2e3f2623) sw      gp, 748(t5)
core   0: 3 0x80011d18 (0x2e3f2623) mem 0x80013000 0x00000001
core   0: 0x80011d1c (0x0000bfe5) c.j     pc - 8
core   0: 3 0x80011d1c (0xbfe5)
core   0: 0x80011d14 (0x00001f17) auipc   t5, 0x1
core   0: 3 0x80011d14 (0x00001f17) x30 0x80012d14
core   0: 0x80011d18 (0x2e3f2623) sw      gp, 748(t5)
core   0: 3 0x80011d18 (0x2e3f2623) mem 0x80013000 0x00000001
core   0: 0x80011d1c (0x0000bfe5) c.j     pc - 8
core   0: 3 0x80011d1c (0xbfe5)
core   0: 0x80011d14 (0x00001f17) auipc   t5, 0x1
core   0: 3 0x80011d14 (0x00001f17) x30 0x80012d14
core   0: 0x80011d18 (0x2e3f2623) sw      gp, 748(t5)
core   0: 3 0x80011d18 (0x2e3f2623) mem 0x80013000 0x00000001
core   0: 0x80011d1c (0x0000bfe5) c.j     pc - 8
core   0: 3 0x80011d1c (0xbfe5)
core   0: 0x80011d14 (0x00001f17) auipc   t5, 0x1
core   0: 3 0x80011d14 (0x00001f17) x30 0x80012d14
core   0: 0x80011d18 (0x2e3f2623) sw      gp, 748(t5)
core   0: 3 0x80011d18 (0x2e3f2623) mem 0x80013000 0x00000001
core   0: 0x80011d1c (0x0000bfe5) c.j     pc - 8
core   0: 3 0x80011d1c (0xbfe5)
core   0: 0x80011d14 (0x00001f17) auipc   t5, 0x1
core   0: 3 0x80011d14 (0x00001f17) x30 0x80012d14
core   0: 0x80011d18 (0x2e3f2623) sw      gp, 748(t5)
core   0: 3 0x80011d18 (0x2e3f2623) mem 0x80013000 0x00000001
core   0: 0x80011d1c (0x0000bfe5) c.j     pc - 8
core   0: 3 0x80011d1c (0xbfe5)
core   0: 0x80011d14 (0x00001f17) auipc   t5, 0x1
core   0: 3 0x80011d14 (0x00001f17) x30 0x80012d14
core   0: 0x80011d18 (0x2e3f2623) sw      gp, 748(t5)
core   0: 3 0x80011d18 (0x2e3f2623) mem 0x80013000 0x00000001
core   0: 0x80011d1c (0x0000bfe5) c.j     pc - 8
core   0: 3 0x80011d1c (0xbfe5)
core   0: 0x80011d14 (0x00001f17) auipc   t5, 0x1
core   0: 3 0x80011d14 (0x00001f17) x30 0x80012d14
core   0: 0x80011d18 (0x2e3f2623) sw      gp, 748(t5)
core   0: 3 0x80011d18 (0x2e3f2623) mem 0x80013000 0x00000001
core   0: 0x80011d1c (0x0000bfe5) c.j     pc - 8
core   0: 3 0x80011d1c (0xbfe5)
core   0: 0x80011d14 (0x00001f17) auipc   t5, 0x1
core   0: 3 0x80011d14 (0x00001f17) x30 0x80012d14
core   0: 0x80011d18 (0x2e3f2623) sw      gp, 748(t5)
core   0: 3 0x80011d18 (0x2e3f2623) mem 0x80013000 0x00000001
core   0: 0x80011d1c (0x0000bfe5) c.j     pc - 8
core   0: 3 0x80011d1c (0xbfe5)
core   0: 0x80011d14 (0x00001f17) auipc   t5, 0x1
core   0: 3 0x80011d14 (0x00001f17) x30 0x80012d14
core   0: 0x80011d18 (0x2e3f2623) sw      gp, 748(t5)
core   0: 3 0x80011d18 (0x2e3f2623) mem 0x80013000 0x00000001
core   0: 0x80011d1c (0x0000bfe5) c.j     pc - 8
core   0: 3 0x80011d1c (0xbfe5)
core   0: 0x80011d14 (0x00001f17) auipc   t5, 0x1
core   0: 3 0x80011d14 (0x00001f17) x30 0x80012d14
core   0: 0x80011d18 (0x2e3f2623) sw      gp, 748(t5)
core   0: 3 0x80011d18 (0x2e3f2623) mem 0x80013000 0x00000001
core   0: 0x80011d1c (0x0000bfe5) c.j     pc - 8
core   0: 3 0x80011d1c (0xbfe5)
core   0: 0x80011d14 (0x00001f17) auipc   t5, 0x1
core   0: 3 0x80011d14 (0x00001f17) x30 0x80012d14
core   0: 0x80011d18 (0x2e3f2623) sw      gp, 748(t5)
core   0: 3 0x80011d18 (0x2e3f2623) mem 0x80013000 0x00000001
core   0: 0x80011d1c (0x0000bfe5) c.j     pc - 8
core   0: 3 0x80011d1c (0xbfe5)
core   0: 0x80011d14 (0x00001f17) auipc   t5, 0x1
core   0: 3 0x80011d14 (0x00001f17) x30 0x80012d14
core   0: 0x80011d18 (0x2e3f2623) sw      gp, 748(t5)
core   0: 3 0x80011d18 (0x2e3f2623) mem 0x80013000 0x00000001
core   0: 0x80011d1c (0x0000bfe5) c.j     pc - 8
core   0: 3 0x80011d1c (0xbfe5)
core   0: 0x80011d14 (0x00001f17) auipc   t5, 0x1
core   0: 3 0x80011d14 (0x00001f17) x30 0x80012d14
core   0: 0x80011d18 (0x2e3f2623) sw      gp, 748(t5)
core   0: 3 0x80011d18 (0x2e3f2623) mem 0x80013000 0x00000001
core   0: 0x80011d1c (0x0000bfe5) c.j     pc - 8
core   0: 3 0x80011d1c (0xbfe5)
core   0: 0x80011d14 (0x00001f17) auipc   t5, 0x1
core   0: 3 0x80011d14 (0x00001f17) x30 0x80012d14
core   0: 0x80011d18 (0x2e3f2623) sw      gp, 748(t5)
core   0: 3 0x80011d18 (0x2e3f2623) mem 0x80013000 0x00000001
core   0: 0x80011d1c (0x0000bfe5) c.j     pc - 8
core   0: 3 0x80011d1c (0xbfe5)
core   0: 0x80011d14 (0x00001f17) auipc   t5, 0x1
core   0: 3 0x80011d14 (0x00001f17) x30 0x80012d14
core   0: 0x80011d18 (0x2e3f2623) sw      gp, 748(t5)
core   0: 3 0x80011d18 (0x2e3f2623) mem 0x80013000 0x00000001
core   0: 0x80011d1c (0x0000bfe5) c.j     pc - 8
core   0: 3 0x80011d1c (0xbfe5)
core   0: 0x80011d14 (0x00001f17) auipc   t5, 0x1
core   0: 3 0x80011d14 (0x00001f17) x30 0x80012d14
core   0: 0x80011d18 (0x2e3f2623) sw      gp, 748(t5)
core   0: 3 0x80011d18 (0x2e3f2623) mem 0x80013000 0x00000001
core   0: 0x80011d1c (0x0000bfe5) c.j     pc - 8
core   0: 3 0x80011d1c (0xbfe5)
core   0: 0x80011d14 (0x00001f17) auipc   t5, 0x1
core   0: 3 0x80011d14 (0x00001f17) x30 0x80012d14
core   0: 0x80011d18 (0x2e3f2623) sw      gp, 748(t5)
core   0: 3 0x80011d18 (0x2e3f2623) mem 0x80013000 0x00000001
core   0: 0x80011d1c (0x0000bfe5) c.j     pc - 8
core   0: 3 0x80011d1c (0xbfe5)
core   0: 0x80011d14 (0x00001f17) auipc   t5, 0x1
core   0: 3 0x80011d14 (0x00001f17) x30 0x80012d14
core   0: 0x80011d18 (0x2e3f2623) sw      gp, 748(t5)
core   0: 3 0x80011d18 (0x2e3f2623) mem 0x80013000 0x00000001
core   0: 0x80011d1c (0x0000bfe5) c.j     pc - 8
core   0: 3 0x80011d1c (0xbfe5)
core   0: 0x80011d14 (0x00001f17) auipc   t5, 0x1
core   0: 3 0x80011d14 (0x00001f17) x30 0x80012d14
core   0: 0x80011d18 (0x2e3f2623) sw      gp, 748(t5)
core   0: 3 0x80011d18 (0x2e3f2623) mem 0x80013000 0x00000001
core   0: 0x80011d1c (0x0000bfe5) c.j     pc - 8
core   0: 3 0x80011d1c (0xbfe5)
core   0: 0x80011d14 (0x00001f17) auipc   t5, 0x1
core   0: 3 0x80011d14 (0x00001f17) x30 0x80012d14
core   0: 0x80011d18 (0x2e3f2623) sw      gp, 748(t5)
core   0: 3 0x80011d18 (0x2e3f2623) mem 0x80013000 0x00000001
core   0: 0x80011d1c (0x0000bfe5) c.j     pc - 8
core   0: 3 0x80011d1c (0xbfe5)
core   0: 0x80011d14 (0x00001f17) auipc   t5, 0x1
core   0: 3 0x80011d14 (0x00001f17) x30 0x80012d14
core   0: 0x80011d18 (0x2e3f2623) sw      gp, 748(t5)
core   0: 3 0x80011d18 (0x2e3f2623) mem 0x80013000 0x00000001
core   0: 0x80011d1c (0x0000bfe5) c.j     pc - 8
core   0: 3 0x80011d1c (0xbfe5)
core   0: 0x80011d14 (0x00001f17) auipc   t5, 0x1
core   0: 3 0x80011d14 (0x00001f17) x30 0x80012d14
core   0: 0x80011d18 (0x2e3f2623) sw      gp, 748(t5)
core   0: 3 0x80011d18 (0x2e3f2623) mem 0x80013000 0x00000001
core   0: 0x80011d1c (0x0000bfe5) c.j     pc - 8
core   0: 3 0x80011d1c (0xbfe5)
core   0: 0x80011d14 (0x00001f17) auipc   t5, 0x1
core   0: 3 0x80011d14 (0x00001f17) x30 0x80012d14
core   0: 0x80011d18 (0x2e3f2623) sw      gp, 748(t5)
core   0: 3 0x80011d18 (0x2e3f2623) mem 0x80013000 0x00000001
core   0: 0x80011d1c (0x0000bfe5) c.j     pc - 8
core   0: 3 0x80011d1c (0xbfe5)
core   0: 0x80011d14 (0x00001f17) auipc   t5, 0x1
core   0: 3 0x80011d14 (0x00001f17) x30 0x80012d14
core   0: 0x80011d18 (0x2e3f2623) sw      gp, 748(t5)
core   0: 3 0x80011d18 (0x2e3f2623) mem 0x80013000 0x00000001
core   0: 0x80011d1c (0x0000bfe5) c.j     pc - 8
core   0: 3 0x80011d1c (0xbfe5)
core   0: 0x80011d14 (0x00001f17) auipc   t5, 0x1
core   0: 3 0x80011d14 (0x00001f17) x30 0x80012d14
core   0: 0x80011d18 (0x2e3f2623) sw      gp, 748(t5)
core   0: 3 0x80011d18 (0x2e3f2623) mem 0x80013000 0x00000001
core   0: 0x80011d1c (0x0000bfe5) c.j     pc - 8
core   0: 3 0x80011d1c (0xbfe5)
core   0: 0x80011d14 (0x00001f17) auipc   t5, 0x1
core   0: 3 0x80011d14 (0x00001f17) x30 0x80012d14
core   0: 0x80011d18 (0x2e3f2623) sw      gp, 748(t5)
core   0: 3 0x80011d18 (0x2e3f2623) mem 0x80013000 0x00000001
core   0: 0x80011d1c (0x0000bfe5) c.j     pc - 8
core   0: 3 0x80011d1c (0xbfe5)
core   0: 0x80011d14 (0x00001f17) auipc   t5, 0x1
core   0: 3 0x80011d14 (0x00001f17) x30 0x80012d14
core   0: 0x80011d18 (0x2e3f2623) sw      gp, 748(t5)
core   0: 3 0x80011d18 (0x2e3f2623) mem 0x80013000 0x00000001
core   0: 0x80011d1c (0x0000bfe5) c.j     pc - 8
core   0: 3 0x80011d1c (0xbfe5)
core   0: 0x80011d14 (0x00001f17) auipc   t5, 0x1
core   0: 3 0x80011d14 (0x00001f17) x30 0x80012d14
core   0: 0x80011d18 (0x2e3f2623) sw      gp, 748(t5)
core   0: 3 0x80011d18 (0x2e3f2623) mem 0x80013000 0x00000001
core   0: 0x80011d1c (0x0000bfe5) c.j     pc - 8
core   0: 3 0x80011d1c (0xbfe5)
core   0: 0x80011d14 (0x00001f17) auipc   t5, 0x1
core   0: 3 0x80011d14 (0x00001f17) x30 0x80012d14
core   0: 0x80011d18 (0x2e3f2623) sw      gp, 748(t5)
core   0: 3 0x80011d18 (0x2e3f2623) mem 0x80013000 0x00000001
core   0: 0x80011d1c (0x0000bfe5) c.j     pc - 8
core   0: 3 0x80011d1c (0xbfe5)
core   0: 0x80011d14 (0x00001f17) auipc   t5, 0x1
core   0: 3 0x80011d14 (0x00001f17) x30 0x80012d14
core   0: 0x80011d18 (0x2e3f2623) sw      gp, 748(t5)
core   0: 3 0x80011d18 (0x2e3f2623) mem 0x80013000 0x00000001
core   0: 0x80011d1c (0x0000bfe5) c.j     pc - 8
core   0: 3 0x80011d1c (0xbfe5)
core   0: 0x80011d14 (0x00001f17) auipc   t5, 0x1
core   0: 3 0x80011d14 (0x00001f17) x30 0x80012d14
core   0: 0x80011d18 (0x2e3f2623) sw      gp, 748(t5)
core   0: 3 0x80011d18 (0x2e3f2623) mem 0x80013000 0x00000001
core   0: 0x80011d1c (0x0000bfe5) c.j     pc - 8
core   0: 3 0x80011d1c (0xbfe5)
core   0: 0x80011d14 (0x00001f17) auipc   t5, 0x1
core   0: 3 0x80011d14 (0x00001f17) x30 0x80012d14
core   0: 0x80011d18 (0x2e3f2623) sw      gp, 748(t5)
core   0: 3 0x80011d18 (0x2e3f2623) mem 0x80013000 0x00000001
core   0: 0x80011d1c (0x0000bfe5) c.j     pc - 8
core   0: 3 0x80011d1c (0xbfe5)
core   0: 0x80011d14 (0x00001f17) auipc   t5, 0x1
core   0: 3 0x80011d14 (0x00001f17) x30 0x80012d14
core   0: 0x80011d18 (0x2e3f2623) sw      gp, 748(t5)
core   0: 3 0x80011d18 (0x2e3f2623) mem 0x80013000 0x00000001
core   0: 0x80011d1c (0x0000bfe5) c.j     pc - 8
core   0: 3 0x80011d1c (0xbfe5)
core   0: 0x80011d14 (0x00001f17) auipc   t5, 0x1
core   0: 3 0x80011d14 (0x00001f17) x30 0x80012d14
core   0: 0x80011d18 (0x2e3f2623) sw      gp, 748(t5)
core   0: 3 0x80011d18 (0x2e3f2623) mem 0x80013000 0x00000001
core   0: 0x80011d1c (0x0000bfe5) c.j     pc - 8
core   0: 3 0x80011d1c (0xbfe5)
core   0: 0x80011d14 (0x00001f17) auipc   t5, 0x1
core   0: 3 0x80011d14 (0x00001f17) x30 0x80012d14
core   0: 0x80011d18 (0x2e3f2623) sw      gp, 748(t5)
core   0: 3 0x80011d18 (0x2e3f2623) mem 0x80013000 0x00000001
core   0: 0x80011d1c (0x0000bfe5) c.j     pc - 8
core   0: 3 0x80011d1c (0xbfe5)
core   0: 0x80011d14 (0x00001f17) auipc   t5, 0x1
core   0: 3 0x80011d14 (0x00001f17) x30 0x80012d14
core   0: 0x80011d18 (0x2e3f2623) sw      gp, 748(t5)
core   0: 3 0x80011d18 (0x2e3f2623) mem 0x80013000 0x00000001
core   0: 0x80011d1c (0x0000bfe5) c.j     pc - 8
core   0: 3 0x80011d1c (0xbfe5)
core   0: 0x80011d14 (0x00001f17) auipc   t5, 0x1
core   0: 3 0x80011d14 (0x00001f17) x30 0x80012d14
core   0: 0x80011d18 (0x2e3f2623) sw      gp, 748(t5)
core   0: 3 0x80011d18 (0x2e3f2623) mem 0x80013000 0x00000001
core   0: 0x80011d1c (0x0000bfe5) c.j     pc - 8
core   0: 3 0x80011d1c (0xbfe5)
core   0: 0x80011d14 (0x00001f17) auipc   t5, 0x1
core   0: 3 0x80011d14 (0x00001f17) x30 0x80012d14
core   0: 0x80011d18 (0x2e3f2623) sw      gp, 748(t5)
core   0: 3 0x80011d18 (0x2e3f2623) mem 0x80013000 0x00000001
core   0: 0x80011d1c (0x0000bfe5) c.j     pc - 8
core   0: 3 0x80011d1c (0xbfe5)
core   0: 0x80011d14 (0x00001f17) auipc   t5, 0x1
core   0: 3 0x80011d14 (0x00001f17) x30 0x80012d14
core   0: 0x80011d18 (0x2e3f2623) sw      gp, 748(t5)
core   0: 3 0x80011d18 (0x2e3f2623) mem 0x80013000 0x00000001
core   0: 0x80011d1c (0x0000bfe5) c.j     pc - 8
core   0: 3 0x80011d1c (0xbfe5)
core   0: 0x80011d14 (0x00001f17) auipc   t5, 0x1
core   0: 3 0x80011d14 (0x00001f17) x30 0x80012d14
core   0: 0x80011d18 (0x2e3f2623) sw      gp, 748(t5)
core   0: 3 0x80011d18 (0x2e3f2623) mem 0x80013000 0x00000001
core   0: 0x80011d1c (0x0000bfe5) c.j     pc - 8
core   0: 3 0x80011d1c (0xbfe5)
core   0: 0x80011d14 (0x00001f17) auipc   t5, 0x1
core   0: 3 0x80011d14 (0x00001f17) x30 0x80012d14
core   0: 0x80011d18 (0x2e3f2623) sw      gp, 748(t5)
core   0: 3 0x80011d18 (0x2e3f2623) mem 0x80013000 0x00000001
core   0: 0x80011d1c (0x0000bfe5) c.j     pc - 8
core   0: 3 0x80011d1c (0xbfe5)
core   0: 0x80011d14 (0x00001f17) auipc   t5, 0x1
core   0: 3 0x80011d14 (0x00001f17) x30 0x80012d14
core   0: 0x80011d18 (0x2e3f2623) sw      gp, 748(t5)
core   0: 3 0x80011d18 (0x2e3f2623) mem 0x80013000 0x00000001
core   0: 0x80011d1c (0x0000bfe5) c.j     pc - 8
core   0: 3 0x80011d1c (0xbfe5)
core   0: 0x80011d14 (0x00001f17) auipc   t5, 0x1
core   0: 3 0x80011d14 (0x00001f17) x30 0x80012d14
core   0: 0x80011d18 (0x2e3f2623) sw      gp, 748(t5)
core   0: 3 0x80011d18 (0x2e3f2623) mem 0x80013000 0x00000001
core   0: 0x80011d1c (0x0000bfe5) c.j     pc - 8
core   0: 3 0x80011d1c (0xbfe5)
core   0: 0x80011d14 (0x00001f17) auipc   t5, 0x1
core   0: 3 0x80011d14 (0x00001f17) x30 0x80012d14
core   0: 0x80011d18 (0x2e3f2623) sw      gp, 748(t5)
core   0: 3 0x80011d18 (0x2e3f2623) mem 0x80013000 0x00000001
core   0: 0x80011d1c (0x0000bfe5) c.j     pc - 8
core   0: 3 0x80011d1c (0xbfe5)
core   0: 0x80011d14 (0x00001f17) auipc   t5, 0x1
core   0: 3 0x80011d14 (0x00001f17) x30 0x80012d14
core   0: 0x80011d18 (0x2e3f2623) sw      gp, 748(t5)
core   0: 3 0x80011d18 (0x2e3f2623) mem 0x80013000 0x00000001
core   0: 0x80011d1c (0x0000bfe5) c.j     pc - 8
core   0: 3 0x80011d1c (0xbfe5)
core   0: 0x80011d14 (0x00001f17) auipc   t5, 0x1
core   0: 3 0x80011d14 (0x00001f17) x30 0x80012d14
core   0: 0x80011d18 (0x2e3f2623) sw      gp, 748(t5)
core   0: 3 0x80011d18 (0x2e3f2623) mem 0x80013000 0x00000001
core   0: 0x80011d1c (0x0000bfe5) c.j     pc - 8
core   0: 3 0x80011d1c (0xbfe5)
core   0: 0x80011d14 (0x00001f17) auipc   t5, 0x1
core   0: 3 0x80011d14 (0x00001f17) x30 0x80012d14
core   0: 0x80011d18 (0x2e3f2623) sw      gp, 748(t5)
core   0: 3 0x80011d18 (0x2e3f2623) mem 0x80013000 0x00000001
core   0: 0x80011d1c (0x0000bfe5) c.j     pc - 8
core   0: 3 0x80011d1c (0xbfe5)
core   0: 0x80011d14 (0x00001f17) auipc   t5, 0x1
core   0: 3 0x80011d14 (0x00001f17) x30 0x80012d14
core   0: 0x80011d18 (0x2e3f2623) sw      gp, 748(t5)
core   0: 3 0x80011d18 (0x2e3f2623) mem 0x80013000 0x00000001
core   0: 0x80011d1c (0x0000bfe5) c.j     pc - 8
core   0: 3 0x80011d1c (0xbfe5)
core   0: 0x80011d14 (0x00001f17) auipc   t5, 0x1
core   0: 3 0x80011d14 (0x00001f17) x30 0x80012d14
core   0: 0x80011d18 (0x2e3f2623) sw      gp, 748(t5)
core   0: 3 0x80011d18 (0x2e3f2623) mem 0x80013000 0x00000001
core   0: 0x80011d1c (0x0000bfe5) c.j     pc - 8
core   0: 3 0x80011d1c (0xbfe5)
core   0: 0x80011d14 (0x00001f17) auipc   t5, 0x1
core   0: 3 0x80011d14 (0x00001f17) x30 0x80012d14
core   0: 0x80011d18 (0x2e3f2623) sw      gp, 748(t5)
core   0: 3 0x80011d18 (0x2e3f2623) mem 0x80013000 0x00000001
core   0: 0x80011d1c (0x0000bfe5) c.j     pc - 8
core   0: 3 0x80011d1c (0xbfe5)
core   0: 0x80011d14 (0x00001f17) auipc   t5, 0x1
core   0: 3 0x80011d14 (0x00001f17) x30 0x80012d14
core   0: 0x80011d18 (0x2e3f2623) sw      gp, 748(t5)
core   0: 3 0x80011d18 (0x2e3f2623) mem 0x80013000 0x00000001
core   0: 0x80011d1c (0x0000bfe5) c.j     pc - 8
core   0: 3 0x80011d1c (0xbfe5)
core   0: 0x80011d14 (0x00001f17) auipc   t5, 0x1
core   0: 3 0x80011d14 (0x00001f17) x30 0x80012d14
core   0: 0x80011d18 (0x2e3f2623) sw      gp, 748(t5)
core   0: 3 0x80011d18 (0x2e3f2623) mem 0x80013000 0x00000001
core   0: 0x80011d1c (0x0000bfe5) c.j     pc - 8
core   0: 3 0x80011d1c (0xbfe5)
core   0: 0x80011d14 (0x00001f17) auipc   t5, 0x1
core   0: 3 0x80011d14 (0x00001f17) x30 0x80012d14
core   0: 0x80011d18 (0x2e3f2623) sw      gp, 748(t5)
core   0: 3 0x80011d18 (0x2e3f2623) mem 0x80013000 0x00000001
core   0: 0x80011d1c (0x0000bfe5) c.j     pc - 8
core   0: 3 0x80011d1c (0xbfe5)
core   0: 0x80011d14 (0x00001f17) auipc   t5, 0x1
core   0: 3 0x80011d14 (0x00001f17) x30 0x80012d14
core   0: 0x80011d18 (0x2e3f2623) sw      gp, 748(t5)
core   0: 3 0x80011d18 (0x2e3f2623) mem 0x80013000 0x00000001
core   0: 0x80011d1c (0x0000bfe5) c.j     pc - 8
core   0: 3 0x80011d1c (0xbfe5)
core   0: 0x80011d14 (0x00001f17) auipc   t5, 0x1
core   0: 3 0x80011d14 (0x00001f17) x30 0x80012d14
core   0: 0x80011d18 (0x2e3f2623) sw      gp, 748(t5)
core   0: 3 0x80011d18 (0x2e3f2623) mem 0x80013000 0x00000001
core   0: 0x80011d1c (0x0000bfe5) c.j     pc - 8
core   0: 3 0x80011d1c (0xbfe5)
core   0: 0x80011d14 (0x00001f17) auipc   t5, 0x1
core   0: 3 0x80011d14 (0x00001f17) x30 0x80012d14
core   0: 0x80011d18 (0x2e3f2623) sw      gp, 748(t5)
core   0: 3 0x80011d18 (0x2e3f2623) mem 0x80013000 0x00000001
core   0: 0x80011d1c (0x0000bfe5) c.j     pc - 8
core   0: 3 0x80011d1c (0xbfe5)
core   0: 0x80011d14 (0x00001f17) auipc   t5, 0x1
core   0: 3 0x80011d14 (0x00001f17) x30 0x80012d14
core   0: 0x80011d18 (0x2e3f2623) sw      gp, 748(t5)
core   0: 3 0x80011d18 (0x2e3f2623) mem 0x80013000 0x00000001
core   0: 0x80011d1c (0x0000bfe5) c.j     pc - 8
core   0: 3 0x80011d1c (0xbfe5)
core   0: 0x80011d14 (0x00001f17) auipc   t5, 0x1
core   0: 3 0x80011d14 (0x00001f17) x30 0x80012d14
core   0: 0x80011d18 (0x2e3f2623) sw      gp, 748(t5)
core   0: 3 0x80011d18 (0x2e3f2623) mem 0x80013000 0x00000001
core   0: 0x80011d1c (0x0000bfe5) c.j     pc - 8
core   0: 3 0x80011d1c (0xbfe5)
core   0: 0x80011d14 (0x00001f17) auipc   t5, 0x1
core   0: 3 0x80011d14 (0x00001f17) x30 0x80012d14
core   0: 0x80011d18 (0x2e3f2623) sw      gp, 748(t5)
core   0: 3 0x80011d18 (0x2e3f2623) mem 0x80013000 0x00000001
core   0: 0x80011d1c (0x0000bfe5) c.j     pc - 8
core   0: 3 0x80011d1c (0xbfe5)
core   0: 0x80011d14 (0x00001f17) auipc   t5, 0x1
core   0: 3 0x80011d14 (0x00001f17) x30 0x80012d14
core   0: 0x80011d18 (0x2e3f2623) sw      gp, 748(t5)
core   0: 3 0x80011d18 (0x2e3f2623) mem 0x80013000 0x00000001
core   0: 0x80011d1c (0x0000bfe5) c.j     pc - 8
core   0: 3 0x80011d1c (0xbfe5)
core   0: 0x80011d14 (0x00001f17) auipc   t5, 0x1
core   0: 3 0x80011d14 (0x00001f17) x30 0x80012d14
core   0: 0x80011d18 (0x2e3f2623) sw      gp, 748(t5)
core   0: 3 0x80011d18 (0x2e3f2623) mem 0x80013000 0x00000001
core   0: 0x80011d1c (0x0000bfe5) c.j     pc - 8
core   0: 3 0x80011d1c (0xbfe5)
core   0: 0x80011d14 (0x00001f17) auipc   t5, 0x1
core   0: 3 0x80011d14 (0x00001f17) x30 0x80012d14
core   0: 0x80011d18 (0x2e3f2623) sw      gp, 748(t5)
core   0: 3 0x80011d18 (0x2e3f2623) mem 0x80013000 0x00000001
core   0: 0x80011d1c (0x0000bfe5) c.j     pc - 8
core   0: 3 0x80011d1c (0xbfe5)
core   0: 0x80011d14 (0x00001f17) auipc   t5, 0x1
core   0: 3 0x80011d14 (0x00001f17) x30 0x80012d14
core   0: 0x80011d18 (0x2e3f2623) sw      gp, 748(t5)
core   0: 3 0x80011d18 (0x2e3f2623) mem 0x80013000 0x00000001
core   0: 0x80011d1c (0x0000bfe5) c.j     pc - 8
core   0: 3 0x80011d1c (0xbfe5)
core   0: 0x80011d14 (0x00001f17) auipc   t5, 0x1
core   0: 3 0x80011d14 (0x00001f17) x30 0x80012d14
core   0: 0x80011d18 (0x2e3f2623) sw      gp, 748(t5)
core   0: 3 0x80011d18 (0x2e3f2623) mem 0x80013000 0x00000001
core   0: 0x80011d1c (0x0000bfe5) c.j     pc - 8
core   0: 3 0x80011d1c (0xbfe5)
core   0: 0x80011d14 (0x00001f17) auipc   t5, 0x1
core   0: 3 0x80011d14 (0x00001f17) x30 0x80012d14
core   0: 0x80011d18 (0x2e3f2623) sw      gp, 748(t5)
core   0: 3 0x80011d18 (0x2e3f2623) mem 0x80013000 0x00000001
core   0: 0x80011d1c (0x0000bfe5) c.j     pc - 8
core   0: 3 0x80011d1c (0xbfe5)
core   0: 0x80011d14 (0x00001f17) auipc   t5, 0x1
core   0: 3 0x80011d14 (0x00001f17) x30 0x80012d14
core   0: 0x80011d18 (0x2e3f2623) sw      gp, 748(t5)
core   0: 3 0x80011d18 (0x2e3f2623) mem 0x80013000 0x00000001
core   0: 0x80011d1c (0x0000bfe5) c.j     pc - 8
core   0: 3 0x80011d1c (0xbfe5)
core   0: 0x80011d14 (0x00001f17) auipc   t5, 0x1
core   0: 3 0x80011d14 (0x00001f17) x30 0x80012d14
core   0: 0x80011d18 (0x2e3f2623) sw      gp, 748(t5)
core   0: 3 0x80011d18 (0x2e3f2623) mem 0x80013000 0x00000001
core   0: 0x80011d1c (0x0000bfe5) c.j     pc - 8
core   0: 3 0x80011d1c (0xbfe5)
core   0: 0x80011d14 (0x00001f17) auipc   t5, 0x1
core   0: 3 0x80011d14 (0x00001f17) x30 0x80012d14
core   0: 0x80011d18 (0x2e3f2623) sw      gp, 748(t5)
core   0: 3 0x80011d18 (0x2e3f2623) mem 0x80013000 0x00000001
core   0: 0x80011d1c (0x0000bfe5) c.j     pc - 8
core   0: 3 0x80011d1c (0xbfe5)
core   0: 0x80011d14 (0x00001f17) auipc   t5, 0x1
core   0: 3 0x80011d14 (0x00001f17) x30 0x80012d14
core   0: 0x80011d18 (0x2e3f2623) sw      gp, 748(t5)
core   0: 3 0x80011d18 (0x2e3f2623) mem 0x80013000 0x00000001
core   0: 0x80011d1c (0x0000bfe5) c.j     pc - 8
core   0: 3 0x80011d1c (0xbfe5)
core   0: 0x80011d14 (0x00001f17) auipc   t5, 0x1
core   0: 3 0x80011d14 (0x00001f17) x30 0x80012d14
core   0: 0x80011d18 (0x2e3f2623) sw      gp, 748(t5)
core   0: 3 0x80011d18 (0x2e3f2623) mem 0x80013000 0x00000001
core   0: 0x80011d1c (0x0000bfe5) c.j     pc - 8
core   0: 3 0x80011d1c (0xbfe5)
core   0: 0x80011d14 (0x00001f17) auipc   t5, 0x1
core   0: 3 0x80011d14 (0x00001f17) x30 0x80012d14
core   0: 0x80011d18 (0x2e3f2623) sw      gp, 748(t5)
core   0: 3 0x80011d18 (0x2e3f2623) mem 0x80013000 0x00000001
core   0: 0x80011d1c (0x0000bfe5) c.j     pc - 8
core   0: 3 0x80011d1c (0xbfe5)
core   0: 0x80011d14 (0x00001f17) auipc   t5, 0x1
core   0: 3 0x80011d14 (0x00001f17) x30 0x80012d14
core   0: 0x80011d18 (0x2e3f2623) sw      gp, 748(t5)
core   0: 3 0x80011d18 (0x2e3f2623) mem 0x80013000 0x00000001
core   0: 0x80011d1c (0x0000bfe5) c.j     pc - 8
core   0: 3 0x80011d1c (0xbfe5)
core   0: 0x80011d14 (0x00001f17) auipc   t5, 0x1
core   0: 3 0x80011d14 (0x00001f17) x30 0x80012d14
core   0: 0x80011d18 (0x2e3f2623) sw      gp, 748(t5)
core   0: 3 0x80011d18 (0x2e3f2623) mem 0x80013000 0x00000001
core   0: 0x80011d1c (0x0000bfe5) c.j     pc - 8
core   0: 3 0x80011d1c (0xbfe5)
core   0: 0x80011d14 (0x00001f17) auipc   t5, 0x1
core   0: 3 0x80011d14 (0x00001f17) x30 0x80012d14
core   0: 0x80011d18 (0x2e3f2623) sw      gp, 748(t5)
core   0: 3 0x80011d18 (0x2e3f2623) mem 0x80013000 0x00000001
core   0: 0x80011d1c (0x0000bfe5) c.j     pc - 8
core   0: 3 0x80011d1c (0xbfe5)
core   0: 0x80011d14 (0x00001f17) auipc   t5, 0x1
core   0: 3 0x80011d14 (0x00001f17) x30 0x80012d14
core   0: 0x80011d18 (0x2e3f2623) sw      gp, 748(t5)
core   0: 3 0x80011d18 (0x2e3f2623) mem 0x80013000 0x00000001
core   0: 0x80011d1c (0x0000bfe5) c.j     pc - 8
core   0: 3 0x80011d1c (0xbfe5)
core   0: 0x80011d14 (0x00001f17) auipc   t5, 0x1
core   0: 3 0x80011d14 (0x00001f17) x30 0x80012d14
core   0: 0x80011d18 (0x2e3f2623) sw      gp, 748(t5)
core   0: 3 0x80011d18 (0x2e3f2623) mem 0x80013000 0x00000001
core   0: 0x80011d1c (0x0000bfe5) c.j     pc - 8
core   0: 3 0x80011d1c (0xbfe5)
core   0: 0x80011d14 (0x00001f17) auipc   t5, 0x1
core   0: 3 0x80011d14 (0x00001f17) x30 0x80012d14
core   0: 0x80011d18 (0x2e3f2623) sw      gp, 748(t5)
core   0: 3 0x80011d18 (0x2e3f2623) mem 0x80013000 0x00000001
core   0: 0x80011d1c (0x0000bfe5) c.j     pc - 8
core   0: 3 0x80011d1c (0xbfe5)
core   0: 0x80011d14 (0x00001f17) auipc   t5, 0x1
core   0: 3 0x80011d14 (0x00001f17) x30 0x80012d14
core   0: 0x80011d18 (0x2e3f2623) sw      gp, 748(t5)
core   0: 3 0x80011d18 (0x2e3f2623) mem 0x80013000 0x00000001
core   0: 0x80011d1c (0x0000bfe5) c.j     pc - 8
core   0: 3 0x80011d1c (0xbfe5)
core   0: 0x80011d14 (0x00001f17) auipc   t5, 0x1
core   0: 3 0x80011d14 (0x00001f17) x30 0x80012d14
core   0: 0x80011d18 (0x2e3f2623) sw      gp, 748(t5)
core   0: 3 0x80011d18 (0x2e3f2623) mem 0x80013000 0x00000001
core   0: 0x80011d1c (0x0000bfe5) c.j     pc - 8
core   0: 3 0x80011d1c (0xbfe5)
core   0: 0x80011d14 (0x00001f17) auipc   t5, 0x1
core   0: 3 0x80011d14 (0x00001f17) x30 0x80012d14
core   0: 0x80011d18 (0x2e3f2623) sw      gp, 748(t5)
core   0: 3 0x80011d18 (0x2e3f2623) mem 0x80013000 0x00000001
core   0: 0x80011d1c (0x0000bfe5) c.j     pc - 8
core   0: 3 0x80011d1c (0xbfe5)
core   0: 0x80011d14 (0x00001f17) auipc   t5, 0x1
core   0: 3 0x80011d14 (0x00001f17) x30 0x80012d14
core   0: 0x80011d18 (0x2e3f2623) sw      gp, 748(t5)
core   0: 3 0x80011d18 (0x2e3f2623) mem 0x80013000 0x00000001
core   0: 0x80011d1c (0x0000bfe5) c.j     pc - 8
core   0: 3 0x80011d1c (0xbfe5)
core   0: 0x80011d14 (0x00001f17) auipc   t5, 0x1
core   0: 3 0x80011d14 (0x00001f17) x30 0x80012d14
core   0: 0x80011d18 (0x2e3f2623) sw      gp, 748(t5)
core   0: 3 0x80011d18 (0x2e3f2623) mem 0x80013000 0x00000001
core   0: 0x80011d1c (0x0000bfe5) c.j     pc - 8
core   0: 3 0x80011d1c (0xbfe5)
core   0: 0x80011d14 (0x00001f17) auipc   t5, 0x1
core   0: 3 0x80011d14 (0x00001f17) x30 0x80012d14
core   0: 0x80011d18 (0x2e3f2623) sw      gp, 748(t5)
core   0: 3 0x80011d18 (0x2e3f2623) mem 0x80013000 0x00000001
core   0: 0x80011d1c (0x0000bfe5) c.j     pc - 8
core   0: 3 0x80011d1c (0xbfe5)
core   0: 0x80011d14 (0x00001f17) auipc   t5, 0x1
core   0: 3 0x80011d14 (0x00001f17) x30 0x80012d14
core   0: 0x80011d18 (0x2e3f2623) sw      gp, 748(t5)
core   0: 3 0x80011d18 (0x2e3f2623) mem 0x80013000 0x00000001
core   0: 0x80011d1c (0x0000bfe5) c.j     pc - 8
core   0: 3 0x80011d1c (0xbfe5)
core   0: 0x80011d14 (0x00001f17) auipc   t5, 0x1
core   0: 3 0x80011d14 (0x00001f17) x30 0x80012d14
core   0: 0x80011d18 (0x2e3f2623) sw      gp, 748(t5)
core   0: 3 0x80011d18 (0x2e3f2623) mem 0x80013000 0x00000001
core   0: 0x80011d1c (0x0000bfe5) c.j     pc - 8
core   0: 3 0x80011d1c (0xbfe5)
core   0: 0x80011d14 (0x00001f17) auipc   t5, 0x1
core   0: 3 0x80011d14 (0x00001f17) x30 0x80012d14
core   0: 0x80011d18 (0x2e3f2623) sw      gp, 748(t5)
core   0: 3 0x80011d18 (0x2e3f2623) mem 0x80013000 0x00000001
core   0: 0x80011d1c (0x0000bfe5) c.j     pc - 8
core   0: 3 0x80011d1c (0xbfe5)
core   0: 0x80011d14 (0x00001f17) auipc   t5, 0x1
core   0: 3 0x80011d14 (0x00001f17) x30 0x80012d14
core   0: 0x80011d18 (0x2e3f2623) sw      gp, 748(t5)
core   0: 3 0x80011d18 (0x2e3f2623) mem 0x80013000 0x00000001
core   0: 0x80011d1c (0x0000bfe5) c.j     pc - 8
core   0: 3 0x80011d1c (0xbfe5)
core   0: 0x80011d14 (0x00001f17) auipc   t5, 0x1
core   0: 3 0x80011d14 (0x00001f17) x30 0x80012d14
core   0: 0x80011d18 (0x2e3f2623) sw      gp, 748(t5)
core   0: 3 0x80011d18 (0x2e3f2623) mem 0x80013000 0x00000001
core   0: 0x80011d1c (0x0000bfe5) c.j     pc - 8
core   0: 3 0x80011d1c (0xbfe5)
core   0: 0x80011d14 (0x00001f17) auipc   t5, 0x1
core   0: 3 0x80011d14 (0x00001f17) x30 0x80012d14
core   0: 0x80011d18 (0x2e3f2623) sw      gp, 748(t5)
core   0: 3 0x80011d18 (0x2e3f2623) mem 0x80013000 0x00000001
core   0: 0x80011d1c (0x0000bfe5) c.j     pc - 8
core   0: 3 0x80011d1c (0xbfe5)
core   0: 0x80011d14 (0x00001f17) auipc   t5, 0x1
core   0: 3 0x80011d14 (0x00001f17) x30 0x80012d14
core   0: 0x80011d18 (0x2e3f2623) sw      gp, 748(t5)
core   0: 3 0x80011d18 (0x2e3f2623) mem 0x80013000 0x00000001
core   0: 0x80011d1c (0x0000bfe5) c.j     pc - 8
core   0: 3 0x80011d1c (0xbfe5)
core   0: 0x80011d14 (0x00001f17) auipc   t5, 0x1
core   0: 3 0x80011d14 (0x00001f17) x30 0x80012d14
core   0: 0x80011d18 (0x2e3f2623) sw      gp, 748(t5)
core   0: 3 0x80011d18 (0x2e3f2623) mem 0x80013000 0x00000001
core   0: 0x80011d1c (0x0000bfe5) c.j     pc - 8
core   0: 3 0x80011d1c (0xbfe5)
core   0: 0x80011d14 (0x00001f17) auipc   t5, 0x1
core   0: 3 0x80011d14 (0x00001f17) x30 0x80012d14
core   0: 0x80011d18 (0x2e3f2623) sw      gp, 748(t5)
core   0: 3 0x80011d18 (0x2e3f2623) mem 0x80013000 0x00000001
core   0: 0x80011d1c (0x0000bfe5) c.j     pc - 8
core   0: 3 0x80011d1c (0xbfe5)
core   0: 0x80011d14 (0x00001f17) auipc   t5, 0x1
core   0: 3 0x80011d14 (0x00001f17) x30 0x80012d14
core   0: 0x80011d18 (0x2e3f2623) sw      gp, 748(t5)
core   0: 3 0x80011d18 (0x2e3f2623) mem 0x80013000 0x00000001
core   0: 0x80011d1c (0x0000bfe5) c.j     pc - 8
core   0: 3 0x80011d1c (0xbfe5)
core   0: 0x80011d14 (0x00001f17) auipc   t5, 0x1
core   0: 3 0x80011d14 (0x00001f17) x30 0x80012d14
core   0: 0x80011d18 (0x2e3f2623) sw      gp, 748(t5)
core   0: 3 0x80011d18 (0x2e3f2623) mem 0x80013000 0x00000001
core   0: 0x80011d1c (0x0000bfe5) c.j     pc - 8
core   0: 3 0x80011d1c (0xbfe5)
core   0: 0x80011d14 (0x00001f17) auipc   t5, 0x1
core   0: 3 0x80011d14 (0x00001f17) x30 0x80012d14
core   0: 0x80011d18 (0x2e3f2623) sw      gp, 748(t5)
core   0: 3 0x80011d18 (0x2e3f2623) mem 0x80013000 0x00000001
core   0: 0x80011d1c (0x0000bfe5) c.j     pc - 8
core   0: 3 0x80011d1c (0xbfe5)
core   0: 0x80011d14 (0x00001f17) auipc   t5, 0x1
core   0: 3 0x80011d14 (0x00001f17) x30 0x80012d14
core   0: 0x80011d18 (0x2e3f2623) sw      gp, 748(t5)
core   0: 3 0x80011d18 (0x2e3f2623) mem 0x80013000 0x00000001
core   0: 0x80011d1c (0x0000bfe5) c.j     pc - 8
core   0: 3 0x80011d1c (0xbfe5)
core   0: 0x80011d14 (0x00001f17) auipc   t5, 0x1
core   0: 3 0x80011d14 (0x00001f17) x30 0x80012d14
core   0: 0x80011d18 (0x2e3f2623) sw      gp, 748(t5)
core   0: 3 0x80011d18 (0x2e3f2623) mem 0x80013000 0x00000001
core   0: 0x80011d1c (0x0000bfe5) c.j     pc - 8
core   0: 3 0x80011d1c (0xbfe5)
core   0: 0x80011d14 (0x00001f17) auipc   t5, 0x1
core   0: 3 0x80011d14 (0x00001f17) x30 0x80012d14
core   0: 0x80011d18 (0x2e3f2623) sw      gp, 748(t5)
core   0: 3 0x80011d18 (0x2e3f2623) mem 0x80013000 0x00000001
core   0: 0x80011d1c (0x0000bfe5) c.j     pc - 8
core   0: 3 0x80011d1c (0xbfe5)
core   0: 0x80011d14 (0x00001f17) auipc   t5, 0x1
core   0: 3 0x80011d14 (0x00001f17) x30 0x80012d14
core   0: 0x80011d18 (0x2e3f2623) sw      gp, 748(t5)
core   0: 3 0x80011d18 (0x2e3f2623) mem 0x80013000 0x00000001
core   0: 0x80011d1c (0x0000bfe5) c.j     pc - 8
core   0: 3 0x80011d1c (0xbfe5)
core   0: 0x80011d14 (0x00001f17) auipc   t5, 0x1
core   0: 3 0x80011d14 (0x00001f17) x30 0x80012d14
core   0: 0x80011d18 (0x2e3f2623) sw      gp, 748(t5)
core   0: 3 0x80011d18 (0x2e3f2623) mem 0x80013000 0x00000001
core   0: 0x80011d1c (0x0000bfe5) c.j     pc - 8
core   0: 3 0x80011d1c (0xbfe5)
core   0: 0x80011d14 (0x00001f17) auipc   t5, 0x1
core   0: 3 0x80011d14 (0x00001f17) x30 0x80012d14
core   0: 0x80011d18 (0x2e3f2623) sw      gp, 748(t5)
core   0: 3 0x80011d18 (0x2e3f2623) mem 0x80013000 0x00000001
core   0: 0x80011d1c (0x0000bfe5) c.j     pc - 8
core   0: 3 0x80011d1c (0xbfe5)
core   0: 0x80011d14 (0x00001f17) auipc   t5, 0x1
core   0: 3 0x80011d14 (0x00001f17) x30 0x80012d14
core   0: 0x80011d18 (0x2e3f2623) sw      gp, 748(t5)
core   0: 3 0x80011d18 (0x2e3f2623) mem 0x80013000 0x00000001
core   0: 0x80011d1c (0x0000bfe5) c.j     pc - 8
core   0: 3 0x80011d1c (0xbfe5)
core   0: 0x80011d14 (0x00001f17) auipc   t5, 0x1
core   0: 3 0x80011d14 (0x00001f17) x30 0x80012d14
core   0: 0x80011d18 (0x2e3f2623) sw      gp, 748(t5)
core   0: 3 0x80011d18 (0x2e3f2623) mem 0x80013000 0x00000001
core   0: 0x80011d1c (0x0000bfe5) c.j     pc - 8
core   0: 3 0x80011d1c (0xbfe5)
core   0: 0x80011d14 (0x00001f17) auipc   t5, 0x1
core   0: 3 0x80011d14 (0x00001f17) x30 0x80012d14
core   0: 0x80011d18 (0x2e3f2623) sw      gp, 748(t5)
core   0: 3 0x80011d18 (0x2e3f2623) mem 0x80013000 0x00000001
core   0: 0x80011d1c (0x0000bfe5) c.j     pc - 8
core   0: 3 0x80011d1c (0xbfe5)
core   0: 0x80011d14 (0x00001f17) auipc   t5, 0x1
core   0: 3 0x80011d14 (0x00001f17) x30 0x80012d14
core   0: 0x80011d18 (0x2e3f2623) sw      gp, 748(t5)
core   0: 3 0x80011d18 (0x2e3f2623) mem 0x80013000 0x00000001
core   0: 0x80011d1c (0x0000bfe5) c.j     pc - 8
core   0: 3 0x80011d1c (0xbfe5)
core   0: 0x80011d14 (0x00001f17) auipc   t5, 0x1
core   0: 3 0x80011d14 (0x00001f17) x30 0x80012d14
core   0: 0x80011d18 (0x2e3f2623) sw      gp, 748(t5)
core   0: 3 0x80011d18 (0x2e3f2623) mem 0x80013000 0x00000001
core   0: 0x80011d1c (0x0000bfe5) c.j     pc - 8
core   0: 3 0x80011d1c (0xbfe5)
core   0: 0x80011d14 (0x00001f17) auipc   t5, 0x1
core   0: 3 0x80011d14 (0x00001f17) x30 0x80012d14
core   0: 0x80011d18 (0x2e3f2623) sw      gp, 748(t5)
core   0: 3 0x80011d18 (0x2e3f2623) mem 0x80013000 0x00000001
core   0: 0x80011d1c (0x0000bfe5) c.j     pc - 8
core   0: 3 0x80011d1c (0xbfe5)
core   0: 0x80011d14 (0x00001f17) auipc   t5, 0x1
core   0: 3 0x80011d14 (0x00001f17) x30 0x80012d14
core   0: 0x80011d18 (0x2e3f2623) sw      gp, 748(t5)
core   0: 3 0x80011d18 (0x2e3f2623) mem 0x80013000 0x00000001
core   0: 0x80011d1c (0x0000bfe5) c.j     pc - 8
core   0: 3 0x80011d1c (0xbfe5)
core   0: 0x80011d14 (0x00001f17) auipc   t5, 0x1
core   0: 3 0x80011d14 (0x00001f17) x30 0x80012d14
core   0: 0x80011d18 (0x2e3f2623) sw      gp, 748(t5)
core   0: 3 0x80011d18 (0x2e3f2623) mem 0x80013000 0x00000001
core   0: 0x80011d1c (0x0000bfe5) c.j     pc - 8
core   0: 3 0x80011d1c (0xbfe5)
core   0: 0x80011d14 (0x00001f17) auipc   t5, 0x1
core   0: 3 0x80011d14 (0x00001f17) x30 0x80012d14
core   0: 0x80011d18 (0x2e3f2623) sw      gp, 748(t5)
core   0: 3 0x80011d18 (0x2e3f2623) mem 0x80013000 0x00000001
core   0: 0x80011d1c (0x0000bfe5) c.j     pc - 8
core   0: 3 0x80011d1c (0xbfe5)
core   0: 0x80011d14 (0x00001f17) auipc   t5, 0x1
core   0: 3 0x80011d14 (0x00001f17) x30 0x80012d14
core   0: 0x80011d18 (0x2e3f2623) sw      gp, 748(t5)
core   0: 3 0x80011d18 (0x2e3f2623) mem 0x80013000 0x00000001
core   0: 0x80011d1c (0x0000bfe5) c.j     pc - 8
core   0: 3 0x80011d1c (0xbfe5)
core   0: 0x80011d14 (0x00001f17) auipc   t5, 0x1
core   0: 3 0x80011d14 (0x00001f17) x30 0x80012d14
core   0: 0x80011d18 (0x2e3f2623) sw      gp, 748(t5)
core   0: 3 0x80011d18 (0x2e3f2623) mem 0x80013000 0x00000001
core   0: 0x80011d1c (0x0000bfe5) c.j     pc - 8
core   0: 3 0x80011d1c (0xbfe5)
core   0: 0x80011d14 (0x00001f17) auipc   t5, 0x1
core   0: 3 0x80011d14 (0x00001f17) x30 0x80012d14
core   0: 0x80011d18 (0x2e3f2623) sw      gp, 748(t5)
core   0: 3 0x80011d18 (0x2e3f2623) mem 0x80013000 0x00000001
core   0: 0x80011d1c (0x0000bfe5) c.j     pc - 8
core   0: 3 0x80011d1c (0xbfe5)
core   0: 0x80011d14 (0x00001f17) auipc   t5, 0x1
core   0: 3 0x80011d14 (0x00001f17) x30 0x80012d14
core   0: 0x80011d18 (0x2e3f2623) sw      gp, 748(t5)
core   0: 3 0x80011d18 (0x2e3f2623) mem 0x80013000 0x00000001
core   0: 0x80011d1c (0x0000bfe5) c.j     pc - 8
core   0: 3 0x80011d1c (0xbfe5)
core   0: 0x80011d14 (0x00001f17) auipc   t5, 0x1
core   0: 3 0x80011d14 (0x00001f17) x30 0x80012d14
core   0: 0x80011d18 (0x2e3f2623) sw      gp, 748(t5)
core   0: 3 0x80011d18 (0x2e3f2623) mem 0x80013000 0x00000001
core   0: 0x80011d1c (0x0000bfe5) c.j     pc - 8
core   0: 3 0x80011d1c (0xbfe5)
core   0: 0x80011d14 (0x00001f17) auipc   t5, 0x1
core   0: 3 0x80011d14 (0x00001f17) x30 0x80012d14
core   0: 0x80011d18 (0x2e3f2623) sw      gp, 748(t5)
core   0: 3 0x80011d18 (0x2e3f2623) mem 0x80013000 0x00000001
core   0: 0x80011d1c (0x0000bfe5) c.j     pc - 8
core   0: 3 0x80011d1c (0xbfe5)
core   0: 0x80011d14 (0x00001f17) auipc   t5, 0x1
core   0: 3 0x80011d14 (0x00001f17) x30 0x80012d14
core   0: 0x80011d18 (0x2e3f2623) sw      gp, 748(t5)
core   0: 3 0x80011d18 (0x2e3f2623) mem 0x80013000 0x00000001
core   0: 0x80011d1c (0x0000bfe5) c.j     pc - 8
core   0: 3 0x80011d1c (0xbfe5)
core   0: 0x80011d14 (0x00001f17) auipc   t5, 0x1
core   0: 3 0x80011d14 (0x00001f17) x30 0x80012d14
core   0: 0x80011d18 (0x2e3f2623) sw      gp, 748(t5)
core   0: 3 0x80011d18 (0x2e3f2623) mem 0x80013000 0x00000001
core   0: 0x80011d1c (0x0000bfe5) c.j     pc - 8
core   0: 3 0x80011d1c (0xbfe5)
core   0: 0x80011d14 (0x00001f17) auipc   t5, 0x1
core   0: 3 0x80011d14 (0x00001f17) x30 0x80012d14
core   0: 0x80011d18 (0x2e3f2623) sw      gp, 748(t5)
core   0: 3 0x80011d18 (0x2e3f2623) mem 0x80013000 0x00000001
core   0: 0x80011d1c (0x0000bfe5) c.j     pc - 8
core   0: 3 0x80011d1c (0xbfe5)
core   0: 0x80011d14 (0x00001f17) auipc   t5, 0x1
core   0: 3 0x80011d14 (0x00001f17) x30 0x80012d14
core   0: 0x80011d18 (0x2e3f2623) sw      gp, 748(t5)
core   0: 3 0x80011d18 (0x2e3f2623) mem 0x80013000 0x00000001
core   0: 0x80011d1c (0x0000bfe5) c.j     pc - 8
core   0: 3 0x80011d1c (0xbfe5)
core   0: 0x80011d14 (0x00001f17) auipc   t5, 0x1
core   0: 3 0x80011d14 (0x00001f17) x30 0x80012d14
core   0: 0x80011d18 (0x2e3f2623) sw      gp, 748(t5)
core   0: 3 0x80011d18 (0x2e3f2623) mem 0x80013000 0x00000001
core   0: 0x80011d1c (0x0000bfe5) c.j     pc - 8
core   0: 3 0x80011d1c (0xbfe5)
core   0: 0x80011d14 (0x00001f17) auipc   t5, 0x1
core   0: 3 0x80011d14 (0x00001f17) x30 0x80012d14
core   0: 0x80011d18 (0x2e3f2623) sw      gp, 748(t5)
core   0: 3 0x80011d18 (0x2e3f2623) mem 0x80013000 0x00000001
core   0: 0x80011d1c (0x0000bfe5) c.j     pc - 8
core   0: 3 0x80011d1c (0xbfe5)
core   0: 0x80011d14 (0x00001f17) auipc   t5, 0x1
core   0: 3 0x80011d14 (0x00001f17) x30 0x80012d14
core   0: 0x80011d18 (0x2e3f2623) sw      gp, 748(t5)
core   0: 3 0x80011d18 (0x2e3f2623) mem 0x80013000 0x00000001
core   0: 0x80011d1c (0x0000bfe5) c.j     pc - 8
core   0: 3 0x80011d1c (0xbfe5)
core   0: 0x80011d14 (0x00001f17) auipc   t5, 0x1
core   0: 3 0x80011d14 (0x00001f17) x30 0x80012d14
core   0: 0x80011d18 (0x2e3f2623) sw      gp, 748(t5)
core   0: 3 0x80011d18 (0x2e3f2623) mem 0x80013000 0x00000001
core   0: 0x80011d1c (0x0000bfe5) c.j     pc - 8
core   0: 3 0x80011d1c (0xbfe5)
core   0: 0x80011d14 (0x00001f17) auipc   t5, 0x1
core   0: 3 0x80011d14 (0x00001f17) x30 0x80012d14
core   0: 0x80011d18 (0x2e3f2623) sw      gp, 748(t5)
core   0: 3 0x80011d18 (0x2e3f2623) mem 0x80013000 0x00000001
core   0: 0x80011d1c (0x0000bfe5) c.j     pc - 8
core   0: 3 0x80011d1c (0xbfe5)
core   0: 0x80011d14 (0x00001f17) auipc   t5, 0x1
core   0: 3 0x80011d14 (0x00001f17) x30 0x80012d14
core   0: 0x80011d18 (0x2e3f2623) sw      gp, 748(t5)
core   0: 3 0x80011d18 (0x2e3f2623) mem 0x80013000 0x00000001
core   0: 0x80011d1c (0x0000bfe5) c.j     pc - 8
core   0: 3 0x80011d1c (0xbfe5)
core   0: 0x80011d14 (0x00001f17) auipc   t5, 0x1
core   0: 3 0x80011d14 (0x00001f17) x30 0x80012d14
core   0: 0x80011d18 (0x2e3f2623) sw      gp, 748(t5)
core   0: 3 0x80011d18 (0x2e3f2623) mem 0x80013000 0x00000001
core   0: 0x80011d1c (0x0000bfe5) c.j     pc - 8
core   0: 3 0x80011d1c (0xbfe5)
core   0: 0x80011d14 (0x00001f17) auipc   t5, 0x1
core   0: 3 0x80011d14 (0x00001f17) x30 0x80012d14
core   0: 0x80011d18 (0x2e3f2623) sw      gp, 748(t5)
core   0: 3 0x80011d18 (0x2e3f2623) mem 0x80013000 0x00000001
core   0: 0x80011d1c (0x0000bfe5) c.j     pc - 8
core   0: 3 0x80011d1c (0xbfe5)
core   0: 0x80011d14 (0x00001f17) auipc   t5, 0x1
core   0: 3 0x80011d14 (0x00001f17) x30 0x80012d14
core   0: 0x80011d18 (0x2e3f2623) sw      gp, 748(t5)
core   0: 3 0x80011d18 (0x2e3f2623) mem 0x80013000 0x00000001
core   0: 0x80011d1c (0x0000bfe5) c.j     pc - 8
core   0: 3 0x80011d1c (0xbfe5)
core   0: 0x80011d14 (0x00001f17) auipc   t5, 0x1
core   0: 3 0x80011d14 (0x00001f17) x30 0x80012d14
core   0: 0x80011d18 (0x2e3f2623) sw      gp, 748(t5)
core   0: 3 0x80011d18 (0x2e3f2623) mem 0x80013000 0x00000001
core   0: 0x80011d1c (0x0000bfe5) c.j     pc - 8
core   0: 3 0x80011d1c (0xbfe5)
core   0: 0x80011d14 (0x00001f17) auipc   t5, 0x1
core   0: 3 0x80011d14 (0x00001f17) x30 0x80012d14
core   0: 0x80011d18 (0x2e3f2623) sw      gp, 748(t5)
core   0: 3 0x80011d18 (0x2e3f2623) mem 0x80013000 0x00000001
core   0: 0x80011d1c (0x0000bfe5) c.j     pc - 8
core   0: 3 0x80011d1c (0xbfe5)
core   0: 0x80011d14 (0x00001f17) auipc   t5, 0x1
core   0: 3 0x80011d14 (0x00001f17) x30 0x80012d14
core   0: 0x80011d18 (0x2e3f2623) sw      gp, 748(t5)
core   0: 3 0x80011d18 (0x2e3f2623) mem 0x80013000 0x00000001
core   0: 0x80011d1c (0x0000bfe5) c.j     pc - 8
core   0: 3 0x80011d1c (0xbfe5)
core   0: 0x80011d14 (0x00001f17) auipc   t5, 0x1
core   0: 3 0x80011d14 (0x00001f17) x30 0x80012d14
core   0: 0x80011d18 (0x2e3f2623) sw      gp, 748(t5)
core   0: 3 0x80011d18 (0x2e3f2623) mem 0x80013000 0x00000001
core   0: 0x80011d1c (0x0000bfe5) c.j     pc - 8
core   0: 3 0x80011d1c (0xbfe5)
core   0: 0x80011d14 (0x00001f17) auipc   t5, 0x1
core   0: 3 0x80011d14 (0x00001f17) x30 0x80012d14
core   0: 0x80011d18 (0x2e3f2623) sw      gp, 748(t5)
core   0: 3 0x80011d18 (0x2e3f2623) mem 0x80013000 0x00000001
core   0: 0x80011d1c (0x0000bfe5) c.j     pc - 8
core   0: 3 0x80011d1c (0xbfe5)
core   0: 0x80011d14 (0x00001f17) auipc   t5, 0x1
core   0: 3 0x80011d14 (0x00001f17) x30 0x80012d14
core   0: 0x80011d18 (0x2e3f2623) sw      gp, 748(t5)
core   0: 3 0x80011d18 (0x2e3f2623) mem 0x80013000 0x00000001
core   0: 0x80011d1c (0x0000bfe5) c.j     pc - 8
core   0: 3 0x80011d1c (0xbfe5)
core   0: 0x80011d14 (0x00001f17) auipc   t5, 0x1
core   0: 3 0x80011d14 (0x00001f17) x30 0x80012d14
core   0: 0x80011d18 (0x2e3f2623) sw      gp, 748(t5)
core   0: 3 0x80011d18 (0x2e3f2623) mem 0x80013000 0x00000001
core   0: 0x80011d1c (0x0000bfe5) c.j     pc - 8
core   0: 3 0x80011d1c (0xbfe5)
core   0: 0x80011d14 (0x00001f17) auipc   t5, 0x1
core   0: 3 0x80011d14 (0x00001f17) x30 0x80012d14
core   0: 0x80011d18 (0x2e3f2623) sw      gp, 748(t5)
core   0: 3 0x80011d18 (0x2e3f2623) mem 0x80013000 0x00000001
core   0: 0x80011d1c (0x0000bfe5) c.j     pc - 8
core   0: 3 0x80011d1c (0xbfe5)
core   0: 0x80011d14 (0x00001f17) auipc   t5, 0x1
core   0: 3 0x80011d14 (0x00001f17) x30 0x80012d14
core   0: 0x80011d18 (0x2e3f2623) sw      gp, 748(t5)
core   0: 3 0x80011d18 (0x2e3f2623) mem 0x80013000 0x00000001
core   0: 0x80011d1c (0x0000bfe5) c.j     pc - 8
core   0: 3 0x80011d1c (0xbfe5)
core   0: 0x80011d14 (0x00001f17) auipc   t5, 0x1
core   0: 3 0x80011d14 (0x00001f17) x30 0x80012d14
core   0: 0x80011d18 (0x2e3f2623) sw      gp, 748(t5)
core   0: 3 0x80011d18 (0x2e3f2623) mem 0x80013000 0x00000001
core   0: 0x80011d1c (0x0000bfe5) c.j     pc - 8
core   0: 3 0x80011d1c (0xbfe5)
core   0: 0x80011d14 (0x00001f17) auipc   t5, 0x1
core   0: 3 0x80011d14 (0x00001f17) x30 0x80012d14
core   0: 0x80011d18 (0x2e3f2623) sw      gp, 748(t5)
core   0: 3 0x80011d18 (0x2e3f2623) mem 0x80013000 0x00000001
core   0: 0x80011d1c (0x0000bfe5) c.j     pc - 8
core   0: 3 0x80011d1c (0xbfe5)
core   0: 0x80011d14 (0x00001f17) auipc   t5, 0x1
core   0: 3 0x80011d14 (0x00001f17) x30 0x80012d14
core   0: 0x80011d18 (0x2e3f2623) sw      gp, 748(t5)
core   0: 3 0x80011d18 (0x2e3f2623) mem 0x80013000 0x00000001
core   0: 0x80011d1c (0x0000bfe5) c.j     pc - 8
core   0: 3 0x80011d1c (0xbfe5)
core   0: 0x80011d14 (0x00001f17) auipc   t5, 0x1
core   0: 3 0x80011d14 (0x00001f17) x30 0x80012d14
core   0: 0x80011d18 (0x2e3f2623) sw      gp, 748(t5)
core   0: 3 0x80011d18 (0x2e3f2623) mem 0x80013000 0x00000001
core   0: 0x80011d1c (0x0000bfe5) c.j     pc - 8
core   0: 3 0x80011d1c (0xbfe5)
core   0: 0x80011d14 (0x00001f17) auipc   t5, 0x1
core   0: 3 0x80011d14 (0x00001f17) x30 0x80012d14
core   0: 0x80011d18 (0x2e3f2623) sw      gp, 748(t5)
core   0: 3 0x80011d18 (0x2e3f2623) mem 0x80013000 0x00000001
core   0: 0x80011d1c (0x0000bfe5) c.j     pc - 8
core   0: 3 0x80011d1c (0xbfe5)
core   0: 0x80011d14 (0x00001f17) auipc   t5, 0x1
core   0: 3 0x80011d14 (0x00001f17) x30 0x80012d14
core   0: 0x80011d18 (0x2e3f2623) sw      gp, 748(t5)
core   0: 3 0x80011d18 (0x2e3f2623) mem 0x80013000 0x00000001
core   0: 0x80011d1c (0x0000bfe5) c.j     pc - 8
core   0: 3 0x80011d1c (0xbfe5)
core   0: 0x80011d14 (0x00001f17) auipc   t5, 0x1
core   0: 3 0x80011d14 (0x00001f17) x30 0x80012d14
core   0: 0x80011d18 (0x2e3f2623) sw      gp, 748(t5)
core   0: 3 0x80011d18 (0x2e3f2623) mem 0x80013000 0x00000001
core   0: 0x80011d1c (0x0000bfe5) c.j     pc - 8
core   0: 3 0x80011d1c (0xbfe5)
core   0: 0x80011d14 (0x00001f17) auipc   t5, 0x1
core   0: 3 0x80011d14 (0x00001f17) x30 0x80012d14
core   0: 0x80011d18 (0x2e3f2623) sw      gp, 748(t5)
core   0: 3 0x80011d18 (0x2e3f2623) mem 0x80013000 0x00000001
core   0: 0x80011d1c (0x0000bfe5) c.j     pc - 8
core   0: 3 0x80011d1c (0xbfe5)
core   0: 0x80011d14 (0x00001f17) auipc   t5, 0x1
core   0: 3 0x80011d14 (0x00001f17) x30 0x80012d14
core   0: 0x80011d18 (0x2e3f2623) sw      gp, 748(t5)
core   0: 3 0x80011d18 (0x2e3f2623) mem 0x80013000 0x00000001
core   0: 0x80011d1c (0x0000bfe5) c.j     pc - 8
core   0: 3 0x80011d1c (0xbfe5)
core   0: 0x80011d14 (0x00001f17) auipc   t5, 0x1
core   0: 3 0x80011d14 (0x00001f17) x30 0x80012d14
core   0: 0x80011d18 (0x2e3f2623) sw      gp, 748(t5)
core   0: 3 0x80011d18 (0x2e3f2623) mem 0x80013000 0x00000001
core   0: 0x80011d1c (0x0000bfe5) c.j     pc - 8
core   0: 3 0x80011d1c (0xbfe5)
core   0: 0x80011d14 (0x00001f17) auipc   t5, 0x1
core   0: 3 0x80011d14 (0x00001f17) x30 0x80012d14
core   0: 0x80011d18 (0x2e3f2623) sw      gp, 748(t5)
core   0: 3 0x80011d18 (0x2e3f2623) mem 0x80013000 0x00000001
core   0: 0x80011d1c (0x0000bfe5) c.j     pc - 8
core   0: 3 0x80011d1c (0xbfe5)
core   0: 0x80011d14 (0x00001f17) auipc   t5, 0x1
core   0: 3 0x80011d14 (0x00001f17) x30 0x80012d14
core   0: 0x80011d18 (0x2e3f2623) sw      gp, 748(t5)
core   0: 3 0x80011d18 (0x2e3f2623) mem 0x80013000 0x00000001
core   0: 0x80011d1c (0x0000bfe5) c.j     pc - 8
core   0: 3 0x80011d1c (0xbfe5)
core   0: 0x80011d14 (0x00001f17) auipc   t5, 0x1
core   0: 3 0x80011d14 (0x00001f17) x30 0x80012d14
core   0: 0x80011d18 (0x2e3f2623) sw      gp, 748(t5)
core   0: 3 0x80011d18 (0x2e3f2623) mem 0x80013000 0x00000001
core   0: 0x80011d1c (0x0000bfe5) c.j     pc - 8
core   0: 3 0x80011d1c (0xbfe5)
core   0: 0x80011d14 (0x00001f17) auipc   t5, 0x1
core   0: 3 0x80011d14 (0x00001f17) x30 0x80012d14
core   0: 0x80011d18 (0x2e3f2623) sw      gp, 748(t5)
core   0: 3 0x80011d18 (0x2e3f2623) mem 0x80013000 0x00000001
core   0: 0x80011d1c (0x0000bfe5) c.j     pc - 8
core   0: 3 0x80011d1c (0xbfe5)
core   0: 0x80011d14 (0x00001f17) auipc   t5, 0x1
core   0: 3 0x80011d14 (0x00001f17) x30 0x80012d14
core   0: 0x80011d18 (0x2e3f2623) sw      gp, 748(t5)
core   0: 3 0x80011d18 (0x2e3f2623) mem 0x80013000 0x00000001
core   0: 0x80011d1c (0x0000bfe5) c.j     pc - 8
core   0: 3 0x80011d1c (0xbfe5)
core   0: 0x80011d14 (0x00001f17) auipc   t5, 0x1
core   0: 3 0x80011d14 (0x00001f17) x30 0x80012d14
core   0: 0x80011d18 (0x2e3f2623) sw      gp, 748(t5)
core   0: 3 0x80011d18 (0x2e3f2623) mem 0x80013000 0x00000001
core   0: 0x80011d1c (0x0000bfe5) c.j     pc - 8
core   0: 3 0x80011d1c (0xbfe5)
core   0: 0x80011d14 (0x00001f17) auipc   t5, 0x1
core   0: 3 0x80011d14 (0x00001f17) x30 0x80012d14
core   0: 0x80011d18 (0x2e3f2623) sw      gp, 748(t5)
core   0: 3 0x80011d18 (0x2e3f2623) mem 0x80013000 0x00000001
core   0: 0x80011d1c (0x0000bfe5) c.j     pc - 8
core   0: 3 0x80011d1c (0xbfe5)
core   0: 0x80011d14 (0x00001f17) auipc   t5, 0x1
core   0: 3 0x80011d14 (0x00001f17) x30 0x80012d14
core   0: 0x80011d18 (0x2e3f2623) sw      gp, 748(t5)
core   0: 3 0x80011d18 (0x2e3f2623) mem 0x80013000 0x00000001
core   0: 0x80011d1c (0x0000bfe5) c.j     pc - 8
core   0: 3 0x80011d1c (0xbfe5)
core   0: 0x80011d14 (0x00001f17) auipc   t5, 0x1
core   0: 3 0x80011d14 (0x00001f17) x30 0x80012d14
core   0: 0x80011d18 (0x2e3f2623) sw      gp, 748(t5)
core   0: 3 0x80011d18 (0x2e3f2623) mem 0x80013000 0x00000001
core   0: 0x80011d1c (0x0000bfe5) c.j     pc - 8
core   0: 3 0x80011d1c (0xbfe5)
core   0: 0x80011d14 (0x00001f17) auipc   t5, 0x1
core   0: 3 0x80011d14 (0x00001f17) x30 0x80012d14
core   0: 0x80011d18 (0x2e3f2623) sw      gp, 748(t5)
core   0: 3 0x80011d18 (0x2e3f2623) mem 0x80013000 0x00000001
core   0: 0x80011d1c (0x0000bfe5) c.j     pc - 8
core   0: 3 0x80011d1c (0xbfe5)
core   0: 0x80011d14 (0x00001f17) auipc   t5, 0x1
core   0: 3 0x80011d14 (0x00001f17) x30 0x80012d14
core   0: 0x80011d18 (0x2e3f2623) sw      gp, 748(t5)
core   0: 3 0x80011d18 (0x2e3f2623) mem 0x80013000 0x00000001
core   0: 0x80011d1c (0x0000bfe5) c.j     pc - 8
core   0: 3 0x80011d1c (0xbfe5)
core   0: 0x80011d14 (0x00001f17) auipc   t5, 0x1
core   0: 3 0x80011d14 (0x00001f17) x30 0x80012d14
core   0: 0x80011d18 (0x2e3f2623) sw      gp, 748(t5)
core   0: 3 0x80011d18 (0x2e3f2623) mem 0x80013000 0x00000001
core   0: 0x80011d1c (0x0000bfe5) c.j     pc - 8
core   0: 3 0x80011d1c (0xbfe5)
core   0: 0x80011d14 (0x00001f17) auipc   t5, 0x1
core   0: 3 0x80011d14 (0x00001f17) x30 0x80012d14
core   0: 0x80011d18 (0x2e3f2623) sw      gp, 748(t5)
core   0: 3 0x80011d18 (0x2e3f2623) mem 0x80013000 0x00000001
core   0: 0x80011d1c (0x0000bfe5) c.j     pc - 8
core   0: 3 0x80011d1c (0xbfe5)
core   0: 0x80011d14 (0x00001f17) auipc   t5, 0x1
core   0: 3 0x80011d14 (0x00001f17) x30 0x80012d14
core   0: 0x80011d18 (0x2e3f2623) sw      gp, 748(t5)
core   0: 3 0x80011d18 (0x2e3f2623) mem 0x80013000 0x00000001
core   0: 0x80011d1c (0x0000bfe5) c.j     pc - 8
core   0: 3 0x80011d1c (0xbfe5)
core   0: 0x80011d14 (0x00001f17) auipc   t5, 0x1
core   0: 3 0x80011d14 (0x00001f17) x30 0x80012d14
core   0: 0x80011d18 (0x2e3f2623) sw      gp, 748(t5)
core   0: 3 0x80011d18 (0x2e3f2623) mem 0x80013000 0x00000001
core   0: 0x80011d1c (0x0000bfe5) c.j     pc - 8
core   0: 3 0x80011d1c (0xbfe5)
core   0: 0x80011d14 (0x00001f17) auipc   t5, 0x1
core   0: 3 0x80011d14 (0x00001f17) x30 0x80012d14
core   0: 0x80011d18 (0x2e3f2623) sw      gp, 748(t5)
core   0: 3 0x80011d18 (0x2e3f2623) mem 0x80013000 0x00000001
core   0: 0x80011d1c (0x0000bfe5) c.j     pc - 8
core   0: 3 0x80011d1c (0xbfe5)
core   0: 0x80011d14 (0x00001f17) auipc   t5, 0x1
core   0: 3 0x80011d14 (0x00001f17) x30 0x80012d14
core   0: 0x80011d18 (0x2e3f2623) sw      gp, 748(t5)
core   0: 3 0x80011d18 (0x2e3f2623) mem 0x80013000 0x00000001
core   0: 0x80011d1c (0x0000bfe5) c.j     pc - 8
core   0: 3 0x80011d1c (0xbfe5)
core   0: 0x80011d14 (0x00001f17) auipc   t5, 0x1
core   0: 3 0x80011d14 (0x00001f17) x30 0x80012d14
core   0: 0x80011d18 (0x2e3f2623) sw      gp, 748(t5)
core   0: 3 0x80011d18 (0x2e3f2623) mem 0x80013000 0x00000001
core   0: 0x80011d1c (0x0000bfe5) c.j     pc - 8
core   0: 3 0x80011d1c (0xbfe5)
core   0: 0x80011d14 (0x00001f17) auipc   t5, 0x1
core   0: 3 0x80011d14 (0x00001f17) x30 0x80012d14
core   0: 0x80011d18 (0x2e3f2623) sw      gp, 748(t5)
core   0: 3 0x80011d18 (0x2e3f2623) mem 0x80013000 0x00000001
core   0: 0x80011d1c (0x0000bfe5) c.j     pc - 8
core   0: 3 0x80011d1c (0xbfe5)
core   0: 0x80011d14 (0x00001f17) auipc   t5, 0x1
core   0: 3 0x80011d14 (0x00001f17) x30 0x80012d14
core   0: 0x80011d18 (0x2e3f2623) sw      gp, 748(t5)
core   0: 3 0x80011d18 (0x2e3f2623) mem 0x80013000 0x00000001
core   0: 0x80011d1c (0x0000bfe5) c.j     pc - 8
core   0: 3 0x80011d1c (0xbfe5)
core   0: 0x80011d14 (0x00001f17) auipc   t5, 0x1
core   0: 3 0x80011d14 (0x00001f17) x30 0x80012d14
core   0: 0x80011d18 (0x2e3f2623) sw      gp, 748(t5)
core   0: 3 0x80011d18 (0x2e3f2623) mem 0x80013000 0x00000001
core   0: 0x80011d1c (0x0000bfe5) c.j     pc - 8
core   0: 3 0x80011d1c (0xbfe5)
core   0: 0x80011d14 (0x00001f17) auipc   t5, 0x1
core   0: 3 0x80011d14 (0x00001f17) x30 0x80012d14
core   0: 0x80011d18 (0x2e3f2623) sw      gp, 748(t5)
core   0: 3 0x80011d18 (0x2e3f2623) mem 0x80013000 0x00000001
core   0: 0x80011d1c (0x0000bfe5) c.j     pc - 8
core   0: 3 0x80011d1c (0xbfe5)
core   0: 0x80011d14 (0x00001f17) auipc   t5, 0x1
core   0: 3 0x80011d14 (0x00001f17) x30 0x80012d14
core   0: 0x80011d18 (0x2e3f2623) sw      gp, 748(t5)
core   0: 3 0x80011d18 (0x2e3f2623) mem 0x80013000 0x00000001
core   0: 0x80011d1c (0x0000bfe5) c.j     pc - 8
core   0: 3 0x80011d1c (0xbfe5)
core   0: 0x80011d14 (0x00001f17) auipc   t5, 0x1
core   0: 3 0x80011d14 (0x00001f17) x30 0x80012d14
core   0: 0x80011d18 (0x2e3f2623) sw      gp, 748(t5)
core   0: 3 0x80011d18 (0x2e3f2623) mem 0x80013000 0x00000001
core   0: 0x80011d1c (0x0000bfe5) c.j     pc - 8
core   0: 3 0x80011d1c (0xbfe5)
core   0: 0x80011d14 (0x00001f17) auipc   t5, 0x1
core   0: 3 0x80011d14 (0x00001f17) x30 0x80012d14
core   0: 0x80011d18 (0x2e3f2623) sw      gp, 748(t5)
core   0: 3 0x80011d18 (0x2e3f2623) mem 0x80013000 0x00000001
core   0: 0x80011d1c (0x0000bfe5) c.j     pc - 8
core   0: 3 0x80011d1c (0xbfe5)
core   0: 0x80011d14 (0x00001f17) auipc   t5, 0x1
core   0: 3 0x80011d14 (0x00001f17) x30 0x80012d14
core   0: 0x80011d18 (0x2e3f2623) sw      gp, 748(t5)
core   0: 3 0x80011d18 (0x2e3f2623) mem 0x80013000 0x00000001
core   0: 0x80011d1c (0x0000bfe5) c.j     pc - 8
core   0: 3 0x80011d1c (0xbfe5)
core   0: 0x80011d14 (0x00001f17) auipc   t5, 0x1
core   0: 3 0x80011d14 (0x00001f17) x30 0x80012d14
core   0: 0x80011d18 (0x2e3f2623) sw      gp, 748(t5)
core   0: 3 0x80011d18 (0x2e3f2623) mem 0x80013000 0x00000001
core   0: 0x80011d1c (0x0000bfe5) c.j     pc - 8
core   0: 3 0x80011d1c (0xbfe5)
core   0: 0x80011d14 (0x00001f17) auipc   t5, 0x1
core   0: 3 0x80011d14 (0x00001f17) x30 0x80012d14
core   0: 0x80011d18 (0x2e3f2623) sw      gp, 748(t5)
core   0: 3 0x80011d18 (0x2e3f2623) mem 0x80013000 0x00000001
core   0: 0x80011d1c (0x0000bfe5) c.j     pc - 8
core   0: 3 0x80011d1c (0xbfe5)
core   0: 0x80011d14 (0x00001f17) auipc   t5, 0x1
core   0: 3 0x80011d14 (0x00001f17) x30 0x80012d14
core   0: 0x80011d18 (0x2e3f2623) sw      gp, 748(t5)
core   0: 3 0x80011d18 (0x2e3f2623) mem 0x80013000 0x00000001
core   0: 0x80011d1c (0x0000bfe5) c.j     pc - 8
core   0: 3 0x80011d1c (0xbfe5)
core   0: 0x80011d14 (0x00001f17) auipc   t5, 0x1
core   0: 3 0x80011d14 (0x00001f17) x30 0x80012d14
core   0: 0x80011d18 (0x2e3f2623) sw      gp, 748(t5)
core   0: 3 0x80011d18 (0x2e3f2623) mem 0x80013000 0x00000001
core   0: 0x80011d1c (0x0000bfe5) c.j     pc - 8
core   0: 3 0x80011d1c (0xbfe5)
core   0: 0x80011d14 (0x00001f17) auipc   t5, 0x1
core   0: 3 0x80011d14 (0x00001f17) x30 0x80012d14
core   0: 0x80011d18 (0x2e3f2623) sw      gp, 748(t5)
core   0: 3 0x80011d18 (0x2e3f2623) mem 0x80013000 0x00000001
core   0: 0x80011d1c (0x0000bfe5) c.j     pc - 8
core   0: 3 0x80011d1c (0xbfe5)
core   0: 0x80011d14 (0x00001f17) auipc   t5, 0x1
core   0: 3 0x80011d14 (0x00001f17) x30 0x80012d14
core   0: 0x80011d18 (0x2e3f2623) sw      gp, 748(t5)
core   0: 3 0x80011d18 (0x2e3f2623) mem 0x80013000 0x00000001
core   0: 0x80011d1c (0x0000bfe5) c.j     pc - 8
core   0: 3 0x80011d1c (0xbfe5)
core   0: 0x80011d14 (0x00001f17) auipc   t5, 0x1
core   0: 3 0x80011d14 (0x00001f17) x30 0x80012d14
core   0: 0x80011d18 (0x2e3f2623) sw      gp, 748(t5)
core   0: 3 0x80011d18 (0x2e3f2623) mem 0x80013000 0x00000001
core   0: 0x80011d1c (0x0000bfe5) c.j     pc - 8
core   0: 3 0x80011d1c (0xbfe5)
core   0: 0x80011d14 (0x00001f17) auipc   t5, 0x1
core   0: 3 0x80011d14 (0x00001f17) x30 0x80012d14
core   0: 0x80011d18 (0x2e3f2623) sw      gp, 748(t5)
core   0: 3 0x80011d18 (0x2e3f2623) mem 0x80013000 0x00000001
core   0: 0x80011d1c (0x0000bfe5) c.j     pc - 8
core   0: 3 0x80011d1c (0xbfe5)
core   0: 0x80011d14 (0x00001f17) auipc   t5, 0x1
core   0: 3 0x80011d14 (0x00001f17) x30 0x80012d14
core   0: 0x80011d18 (0x2e3f2623) sw      gp, 748(t5)
core   0: 3 0x80011d18 (0x2e3f2623) mem 0x80013000 0x00000001
core   0: 0x80011d1c (0x0000bfe5) c.j     pc - 8
core   0: 3 0x80011d1c (0xbfe5)
core   0: 0x80011d14 (0x00001f17) auipc   t5, 0x1
core   0: 3 0x80011d14 (0x00001f17) x30 0x80012d14
core   0: 0x80011d18 (0x2e3f2623) sw      gp, 748(t5)
core   0: 3 0x80011d18 (0x2e3f2623) mem 0x80013000 0x00000001
core   0: 0x80011d1c (0x0000bfe5) c.j     pc - 8
core   0: 3 0x80011d1c (0xbfe5)
core   0: 0x80011d14 (0x00001f17) auipc   t5, 0x1
core   0: 3 0x80011d14 (0x00001f17) x30 0x80012d14
core   0: 0x80011d18 (0x2e3f2623) sw      gp, 748(t5)
core   0: 3 0x80011d18 (0x2e3f2623) mem 0x80013000 0x00000001
core   0: 0x80011d1c (0x0000bfe5) c.j     pc - 8
core   0: 3 0x80011d1c (0xbfe5)
core   0: 0x80011d14 (0x00001f17) auipc   t5, 0x1
core   0: 3 0x80011d14 (0x00001f17) x30 0x80012d14
core   0: 0x80011d18 (0x2e3f2623) sw      gp, 748(t5)
core   0: 3 0x80011d18 (0x2e3f2623) mem 0x80013000 0x00000001
core   0: 0x80011d1c (0x0000bfe5) c.j     pc - 8
core   0: 3 0x80011d1c (0xbfe5)
core   0: 0x80011d14 (0x00001f17) auipc   t5, 0x1
core   0: 3 0x80011d14 (0x00001f17) x30 0x80012d14
core   0: 0x80011d18 (0x2e3f2623) sw      gp, 748(t5)
core   0: 3 0x80011d18 (0x2e3f2623) mem 0x80013000 0x00000001
core   0: 0x80011d1c (0x0000bfe5) c.j     pc - 8
core   0: 3 0x80011d1c (0xbfe5)
core   0: 0x80011d14 (0x00001f17) auipc   t5, 0x1
core   0: 3 0x80011d14 (0x00001f17) x30 0x80012d14
core   0: 0x80011d18 (0x2e3f2623) sw      gp, 748(t5)
core   0: 3 0x80011d18 (0x2e3f2623) mem 0x80013000 0x00000001
core   0: 0x80011d1c (0x0000bfe5) c.j     pc - 8
core   0: 3 0x80011d1c (0xbfe5)
core   0: 0x80011d14 (0x00001f17) auipc   t5, 0x1
core   0: 3 0x80011d14 (0x00001f17) x30 0x80012d14
core   0: 0x80011d18 (0x2e3f2623) sw      gp, 748(t5)
core   0: 3 0x80011d18 (0x2e3f2623) mem 0x80013000 0x00000001
core   0: 0x80011d1c (0x0000bfe5) c.j     pc - 8
core   0: 3 0x80011d1c (0xbfe5)
core   0: 0x80011d14 (0x00001f17) auipc   t5, 0x1
core   0: 3 0x80011d14 (0x00001f17) x30 0x80012d14
core   0: 0x80011d18 (0x2e3f2623) sw      gp, 748(t5)
core   0: 3 0x80011d18 (0x2e3f2623) mem 0x80013000 0x00000001
core   0: 0x80011d1c (0x0000bfe5) c.j     pc - 8
core   0: 3 0x80011d1c (0xbfe5)
core   0: 0x80011d14 (0x00001f17) auipc   t5, 0x1
core   0: 3 0x80011d14 (0x00001f17) x30 0x80012d14
core   0: 0x80011d18 (0x2e3f2623) sw      gp, 748(t5)
core   0: 3 0x80011d18 (0x2e3f2623) mem 0x80013000 0x00000001
core   0: 0x80011d1c (0x0000bfe5) c.j     pc - 8
core   0: 3 0x80011d1c (0xbfe5)
core   0: 0x80011d14 (0x00001f17) auipc   t5, 0x1
core   0: 3 0x80011d14 (0x00001f17) x30 0x80012d14
core   0: 0x80011d18 (0x2e3f2623) sw      gp, 748(t5)
core   0: 3 0x80011d18 (0x2e3f2623) mem 0x80013000 0x00000001
core   0: 0x80011d1c (0x0000bfe5) c.j     pc - 8
core   0: 3 0x80011d1c (0xbfe5)
core   0: 0x80011d14 (0x00001f17) auipc   t5, 0x1
core   0: 3 0x80011d14 (0x00001f17) x30 0x80012d14
core   0: 0x80011d18 (0x2e3f2623) sw      gp, 748(t5)
core   0: 3 0x80011d18 (0x2e3f2623) mem 0x80013000 0x00000001
core   0: 0x80011d1c (0x0000bfe5) c.j     pc - 8
core   0: 3 0x80011d1c (0xbfe5)
core   0: 0x80011d14 (0x00001f17) auipc   t5, 0x1
core   0: 3 0x80011d14 (0x00001f17) x30 0x80012d14
core   0: 0x80011d18 (0x2e3f2623) sw      gp, 748(t5)
core   0: 3 0x80011d18 (0x2e3f2623) mem 0x80013000 0x00000001
core   0: 0x80011d1c (0x0000bfe5) c.j     pc - 8
core   0: 3 0x80011d1c (0xbfe5)
core   0: 0x80011d14 (0x00001f17) auipc   t5, 0x1
core   0: 3 0x80011d14 (0x00001f17) x30 0x80012d14
core   0: 0x80011d18 (0x2e3f2623) sw      gp, 748(t5)
core   0: 3 0x80011d18 (0x2e3f2623) mem 0x80013000 0x00000001
core   0: 0x80011d1c (0x0000bfe5) c.j     pc - 8
core   0: 3 0x80011d1c (0xbfe5)
core   0: 0x80011d14 (0x00001f17) auipc   t5, 0x1
core   0: 3 0x80011d14 (0x00001f17) x30 0x80012d14
core   0: 0x80011d18 (0x2e3f2623) sw      gp, 748(t5)
core   0: 3 0x80011d18 (0x2e3f2623) mem 0x80013000 0x00000001
core   0: 0x80011d1c (0x0000bfe5) c.j     pc - 8
core   0: 3 0x80011d1c (0xbfe5)
core   0: 0x80011d14 (0x00001f17) auipc   t5, 0x1
core   0: 3 0x80011d14 (0x00001f17) x30 0x80012d14
core   0: 0x80011d18 (0x2e3f2623) sw      gp, 748(t5)
core   0: 3 0x80011d18 (0x2e3f2623) mem 0x80013000 0x00000001
core   0: 0x80011d1c (0x0000bfe5) c.j     pc - 8
core   0: 3 0x80011d1c (0xbfe5)
core   0: 0x80011d14 (0x00001f17) auipc   t5, 0x1
core   0: 3 0x80011d14 (0x00001f17) x30 0x80012d14
core   0: 0x80011d18 (0x2e3f2623) sw      gp, 748(t5)
core   0: 3 0x80011d18 (0x2e3f2623) mem 0x80013000 0x00000001
core   0: 0x80011d1c (0x0000bfe5) c.j     pc - 8
core   0: 3 0x80011d1c (0xbfe5)
core   0: 0x80011d14 (0x00001f17) auipc   t5, 0x1
core   0: 3 0x80011d14 (0x00001f17) x30 0x80012d14
core   0: 0x80011d18 (0x2e3f2623) sw      gp, 748(t5)
core   0: 3 0x80011d18 (0x2e3f2623) mem 0x80013000 0x00000001
core   0: 0x80011d1c (0x0000bfe5) c.j     pc - 8
core   0: 3 0x80011d1c (0xbfe5)
core   0: 0x80011d14 (0x00001f17) auipc   t5, 0x1
core   0: 3 0x80011d14 (0x00001f17) x30 0x80012d14
core   0: 0x80011d18 (0x2e3f2623) sw      gp, 748(t5)
core   0: 3 0x80011d18 (0x2e3f2623) mem 0x80013000 0x00000001
core   0: 0x80011d1c (0x0000bfe5) c.j     pc - 8
core   0: 3 0x80011d1c (0xbfe5)
core   0: 0x80011d14 (0x00001f17) auipc   t5, 0x1
core   0: 3 0x80011d14 (0x00001f17) x30 0x80012d14
core   0: 0x80011d18 (0x2e3f2623) sw      gp, 748(t5)
core   0: 3 0x80011d18 (0x2e3f2623) mem 0x80013000 0x00000001
core   0: 0x80011d1c (0x0000bfe5) c.j     pc - 8
core   0: 3 0x80011d1c (0xbfe5)
core   0: 0x80011d14 (0x00001f17) auipc   t5, 0x1
core   0: 3 0x80011d14 (0x00001f17) x30 0x80012d14
core   0: 0x80011d18 (0x2e3f2623) sw      gp, 748(t5)
core   0: 3 0x80011d18 (0x2e3f2623) mem 0x80013000 0x00000001
core   0: 0x80011d1c (0x0000bfe5) c.j     pc - 8
core   0: 3 0x80011d1c (0xbfe5)
core   0: 0x80011d14 (0x00001f17) auipc   t5, 0x1
core   0: 3 0x80011d14 (0x00001f17) x30 0x80012d14
core   0: 0x80011d18 (0x2e3f2623) sw      gp, 748(t5)
core   0: 3 0x80011d18 (0x2e3f2623) mem 0x80013000 0x00000001
core   0: 0x80011d1c (0x0000bfe5) c.j     pc - 8
core   0: 3 0x80011d1c (0xbfe5)
core   0: 0x80011d14 (0x00001f17) auipc   t5, 0x1
core   0: 3 0x80011d14 (0x00001f17) x30 0x80012d14
core   0: 0x80011d18 (0x2e3f2623) sw      gp, 748(t5)
core   0: 3 0x80011d18 (0x2e3f2623) mem 0x80013000 0x00000001
core   0: 0x80011d1c (0x0000bfe5) c.j     pc - 8
core   0: 3 0x80011d1c (0xbfe5)
core   0: 0x80011d14 (0x00001f17) auipc   t5, 0x1
core   0: 3 0x80011d14 (0x00001f17) x30 0x80012d14
core   0: 0x80011d18 (0x2e3f2623) sw      gp, 748(t5)
core   0: 3 0x80011d18 (0x2e3f2623) mem 0x80013000 0x00000001
core   0: 0x80011d1c (0x0000bfe5) c.j     pc - 8
core   0: 3 0x80011d1c (0xbfe5)
core   0: 0x80011d14 (0x00001f17) auipc   t5, 0x1
core   0: 3 0x80011d14 (0x00001f17) x30 0x80012d14
core   0: 0x80011d18 (0x2e3f2623) sw      gp, 748(t5)
core   0: 3 0x80011d18 (0x2e3f2623) mem 0x80013000 0x00000001
core   0: 0x80011d1c (0x0000bfe5) c.j     pc - 8
core   0: 3 0x80011d1c (0xbfe5)
core   0: 0x80011d14 (0x00001f17) auipc   t5, 0x1
core   0: 3 0x80011d14 (0x00001f17) x30 0x80012d14
core   0: 0x80011d18 (0x2e3f2623) sw      gp, 748(t5)
core   0: 3 0x80011d18 (0x2e3f2623) mem 0x80013000 0x00000001
core   0: 0x80011d1c (0x0000bfe5) c.j     pc - 8
core   0: 3 0x80011d1c (0xbfe5)
core   0: 0x80011d14 (0x00001f17) auipc   t5, 0x1
core   0: 3 0x80011d14 (0x00001f17) x30 0x80012d14
core   0: 0x80011d18 (0x2e3f2623) sw      gp, 748(t5)
core   0: 3 0x80011d18 (0x2e3f2623) mem 0x80013000 0x00000001
core   0: 0x80011d1c (0x0000bfe5) c.j     pc - 8
core   0: 3 0x80011d1c (0xbfe5)
core   0: 0x80011d14 (0x00001f17) auipc   t5, 0x1
core   0: 3 0x80011d14 (0x00001f17) x30 0x80012d14
core   0: 0x80011d18 (0x2e3f2623) sw      gp, 748(t5)
core   0: 3 0x80011d18 (0x2e3f2623) mem 0x80013000 0x00000001
core   0: 0x80011d1c (0x0000bfe5) c.j     pc - 8
core   0: 3 0x80011d1c (0xbfe5)
core   0: 0x80011d14 (0x00001f17) auipc   t5, 0x1
core   0: 3 0x80011d14 (0x00001f17) x30 0x80012d14
core   0: 0x80011d18 (0x2e3f2623) sw      gp, 748(t5)
core   0: 3 0x80011d18 (0x2e3f2623) mem 0x80013000 0x00000001
core   0: 0x80011d1c (0x0000bfe5) c.j     pc - 8
core   0: 3 0x80011d1c (0xbfe5)
core   0: 0x80011d14 (0x00001f17) auipc   t5, 0x1
core   0: 3 0x80011d14 (0x00001f17) x30 0x80012d14
core   0: 0x80011d18 (0x2e3f2623) sw      gp, 748(t5)
core   0: 3 0x80011d18 (0x2e3f2623) mem 0x80013000 0x00000001
core   0: 0x80011d1c (0x0000bfe5) c.j     pc - 8
core   0: 3 0x80011d1c (0xbfe5)
core   0: 0x80011d14 (0x00001f17) auipc   t5, 0x1
core   0: 3 0x80011d14 (0x00001f17) x30 0x80012d14
core   0: 0x80011d18 (0x2e3f2623) sw      gp, 748(t5)
core   0: 3 0x80011d18 (0x2e3f2623) mem 0x80013000 0x00000001
core   0: 0x80011d1c (0x0000bfe5) c.j     pc - 8
core   0: 3 0x80011d1c (0xbfe5)
core   0: 0x80011d14 (0x00001f17) auipc   t5, 0x1
core   0: 3 0x80011d14 (0x00001f17) x30 0x80012d14
core   0: 0x80011d18 (0x2e3f2623) sw      gp, 748(t5)
core   0: 3 0x80011d18 (0x2e3f2623) mem 0x80013000 0x00000001
core   0: 0x80011d1c (0x0000bfe5) c.j     pc - 8
core   0: 3 0x80011d1c (0xbfe5)
core   0: 0x80011d14 (0x00001f17) auipc   t5, 0x1
core   0: 3 0x80011d14 (0x00001f17) x30 0x80012d14
core   0: 0x80011d18 (0x2e3f2623) sw      gp, 748(t5)
core   0: 3 0x80011d18 (0x2e3f2623) mem 0x80013000 0x00000001
core   0: 0x80011d1c (0x0000bfe5) c.j     pc - 8
core   0: 3 0x80011d1c (0xbfe5)
core   0: 0x80011d14 (0x00001f17) auipc   t5, 0x1
core   0: 3 0x80011d14 (0x00001f17) x30 0x80012d14
core   0: 0x80011d18 (0x2e3f2623) sw      gp, 748(t5)
core   0: 3 0x80011d18 (0x2e3f2623) mem 0x80013000 0x00000001
