core   0: 0x00001000 (0x00000297) auipc   t0, 0x0
core   0: 3 0x00001000 (0x00000297) x 5 0x00001000
core   0: 0x00001004 (0x02028593) addi    a1, t0, 32
core   0: 3 0x00001004 (0x02028593) x11 0x00001020
core   0: 0x00001008 (0xf1402573) csrr    a0, mhartid
core   0: 3 0x00001008 (0xf1402573) x10 0x00000000
core   0: 0x0000100c (0x0182a283) lw      t0, 24(t0)
core   0: 3 0x0000100c (0x0182a283) x 5 0x80000000 mem 0x00001018
core   0: 0x00001010 (0x00028067) jr      t0
core   0: 3 0x00001010 (0x00028067)
core   0: 0x80000000 (0xf14022f3) csrr    t0, mhartid
core   0: 3 0x80000000 (0xf14022f3) x 5 0x00000000
core   0: 0x80000004 (0x00004301) c.li    t1, 0
core   0: 3 0x80000004 (0x4301) x 6 0x00000000
core   0: 0x80000006 (0x00628263) beq     t0, t1, pc + 4
core   0: 3 0x80000006 (0x00628263)
core   0: 0x8000000a (0x00000d97) auipc   s11, 0x0
core   0: 3 0x8000000a (0x00000d97) x27 0x8000000a
core   0: 0x8000000e (0x00cd8d93) addi    s11, s11, 12
core   0: 3 0x8000000e (0x00cd8d93) x27 0x80000016
core   0: 0x80000012 (0x000d8067) jr      s11
core   0: 3 0x80000012 (0x000d8067)
core   0: 0x80000016 (0x400014b7) lui     s1, 0x40001
core   0: 3 0x80000016 (0x400014b7) x 9 0x40001000
core   0: 0x8000001a (0x10448493) addi    s1, s1, 260
core   0: 3 0x8000001a (0x10448493) x 9 0x40001104
core   0: 0x8000001e (0x30149073) csrw    misa, s1
core   0: 3 0x8000001e (0x30149073) c769_misa 0x40141104
core   0: 0x80000022 (0x0002a517) auipc   a0, 0x2a
core   0: 3 0x80000022 (0x0002a517) x10 0x8002a022
core   0: 0x80000026 (0xcc250513) addi    a0, a0, -830
core   0: 3 0x80000026 (0xcc250513) x10 0x80029ce4
core   0: 0x8000002a (0x00010497) auipc   s1, 0x10
core   0: 3 0x8000002a (0x00010497) x 9 0x8001002a
core   0: 0x8000002e (0x94648493) addi    s1, s1, -1722
core   0: 3 0x8000002e (0x94648493) x 9 0x8000f970
core   0: 0x80000032 (0x0014e493) ori     s1, s1, 1
core   0: 3 0x80000032 (0x0014e493) x 9 0x8000f971
core   0: 0x80000036 (0x30549073) csrw    mtvec, s1
core   0: 3 0x80000036 (0x30549073) c773_mtvec 0x8000f971
core   0: 0x8000003a (0x00000497) auipc   s1, 0x0
core   0: 3 0x8000003a (0x00000497) x 9 0x8000003a
core   0: 0x8000003e (0x02448493) addi    s1, s1, 36
core   0: 3 0x8000003e (0x02448493) x 9 0x8000005e
core   0: 0x80000042 (0x34149073) csrw    mepc, s1
core   0: 3 0x80000042 (0x34149073) c833_mepc 0x8000005e
core   0: 0x80000046 (0x00000001) c.nop
core   0: 3 0x80000046 (0x0001)
core   0: 0x80000048 (0x000024b7) lui     s1, 0x2
core   0: 3 0x80000048 (0x000024b7) x 9 0x00002000
core   0: 0x8000004c (0x80048493) addi    s1, s1, -2048
core   0: 3 0x8000004c (0x80048493) x 9 0x00001800
core   0: 0x80000050 (0x30049073) csrw    mstatus, s1
core   0: 3 0x80000050 (0x30049073) c768_mstatus 0x00001800
core   0: 0x80000054 (0x00004481) c.li    s1, 0
core   0: 3 0x80000054 (0x4481) x 9 0x00000000
core   0: 0x80000056 (0x30449073) csrw    mie, s1
core   0: 3 0x80000056 (0x30449073) c772_mie 0x00000000
core   0: 0x8000005a (0x30200073) mret
core   0: 3 0x8000005a (0x30200073) c768_mstatus 0x00000080
core   0: >>>>  init
core   0: 0x8000005e (0x00200013) li      zero, 2
core   0: 3 0x8000005e (0x00200013)
core   0: 0x80000062 (0x4b9510b7) lui     ra, 0x4b951
core   0: 3 0x80000062 (0x4b9510b7) x 1 0x4b951000
core   0: 0x80000066 (0x7a708093) addi    ra, ra, 1959
core   0: 3 0x80000066 (0x7a708093) x 1 0x4b9517a7
core   0: 0x8000006a (0x80000137) lui     sp, 0x80000
core   0: 3 0x8000006a (0x80000137) x 2 0x80000000
core   0: 0x8000006e (0xf62a31b7) lui     gp, 0xf62a3
core   0: 3 0x8000006e (0xf62a31b7) x 3 0xf62a3000
core   0: 0x80000072 (0x58c18193) addi    gp, gp, 1420
core   0: 3 0x80000072 (0x58c18193) x 3 0xf62a358c
core   0: 0x80000076 (0xc1aef237) lui     tp, 0xc1aef
core   0: 3 0x80000076 (0xc1aef237) x 4 0xc1aef000
core   0: 0x8000007a (0xa9320213) addi    tp, tp, -1389
core   0: 3 0x8000007a (0xa9320213) x 4 0xc1aeea93
core   0: 0x8000007e (0x569a82b7) lui     t0, 0x569a8
core   0: 3 0x8000007e (0x569a82b7) x 5 0x569a8000
core   0: 0x80000082 (0x7bd28293) addi    t0, t0, 1981
core   0: 3 0x80000082 (0x7bd28293) x 5 0x569a87bd
core   0: 0x80000086 (0x00004331) c.li    t1, 12
core   0: 3 0x80000086 (0x4331) x 6 0x0000000c
core   0: 0x80000088 (0x800003b7) lui     t2, 0x80000
core   0: 3 0x80000088 (0x800003b7) x 7 0x80000000
core   0: 0x8000008c (0xf4c91437) lui     s0, 0xf4c91
core   0: 3 0x8000008c (0xf4c91437) x 8 0xf4c91000
core   0: 0x80000090 (0x92940413) addi    s0, s0, -1751
core   0: 3 0x80000090 (0x92940413) x 8 0xf4c90929
core   0: 0x80000094 (0xf3db04b7) lui     s1, 0xf3db0
core   0: 3 0x80000094 (0xf3db04b7) x 9 0xf3db0000
core   0: 0x80000098 (0x76748493) addi    s1, s1, 1895
core   0: 3 0x80000098 (0x76748493) x 9 0xf3db0767
core   0: 0x8000009c (0xa63d55b7) lui     a1, 0xa63d5
core   0: 3 0x8000009c (0xa63d55b7) x11 0xa63d5000
core   0: 0x800000a0 (0x25c58593) addi    a1, a1, 604
core   0: 3 0x800000a0 (0x25c58593) x11 0xa63d525c
core   0: 0x800000a4 (0xf8cb36b7) lui     a3, 0xf8cb3
core   0: 3 0x800000a4 (0xf8cb36b7) x13 0xf8cb3000
core   0: 0x800000a8 (0x1d168693) addi    a3, a3, 465
core   0: 3 0x800000a8 (0x1d168693) x13 0xf8cb31d1
core   0: 0x800000ac (0xffbf7737) lui     a4, 0xffbf7
core   0: 3 0x800000ac (0xffbf7737) x14 0xffbf7000
core   0: 0x800000b0 (0xd7f70713) addi    a4, a4, -641
core   0: 3 0x800000b0 (0xd7f70713) x14 0xffbf6d7f
core   0: 0x800000b4 (0x0000478d) c.li    a5, 3
core   0: 3 0x800000b4 (0x478d) x15 0x00000003
core   0: 0x800000b6 (0xf9124837) lui     a6, 0xf9124
core   0: 3 0x800000b6 (0xf9124837) x16 0xf9124000
core   0: 0x800000ba (0x53280813) addi    a6, a6, 1330
core   0: 3 0x800000ba (0x53280813) x16 0xf9124532
core   0: 0x800000be (0x800008b7) lui     a7, 0x80000
core   0: 3 0x800000be (0x800008b7) x17 0x80000000
core   0: 0x800000c2 (0x10400937) lui     s2, 0x10400
core   0: 3 0x800000c2 (0x10400937) x18 0x10400000
core   0: 0x800000c6 (0x93090913) addi    s2, s2, -1744
core   0: 3 0x800000c6 (0x93090913) x18 0x103ff930
core   0: 0x800000ca (0x0000498d) c.li    s3, 3
core   0: 3 0x800000ca (0x498d) x19 0x00000003
core   0: 0x800000cc (0x80000a37) lui     s4, 0x80000
core   0: 3 0x800000cc (0x80000a37) x20 0x80000000
core   0: 0x800000d0 (0xfe11aab7) lui     s5, 0xfe11a
core   0: 3 0x800000d0 (0xfe11aab7) x21 0xfe11a000
core   0: 0x800000d4 (0xa3ca8a93) addi    s5, s5, -1476
core   0: 3 0x800000d4 (0xa3ca8a93) x21 0xfe119a3c
core   0: 0x800000d8 (0x0390eb37) lui     s6, 0x390e
core   0: 3 0x800000d8 (0x0390eb37) x22 0x0390e000
core   0: 0x800000dc (0xf17b0b13) addi    s6, s6, -233
core   0: 3 0x800000dc (0xf17b0b13) x22 0x0390df17
core   0: 0x800000e0 (0x00004b81) c.li    s7, 0
core   0: 3 0x800000e0 (0x4b81) x23 0x00000000
core   0: 0x800000e2 (0x00004c01) c.li    s8, 0
core   0: 3 0x800000e2 (0x4c01) x24 0x00000000
core   0: 0x800000e4 (0xf2713cb7) lui     s9, 0xf2713
core   0: 3 0x800000e4 (0xf2713cb7) x25 0xf2713000
core   0: 0x800000e8 (0xa64c8c93) addi    s9, s9, -1436
core   0: 3 0x800000e8 (0xa64c8c93) x25 0xf2712a64
core   0: 0x800000ec (0xf769bd37) lui     s10, 0xf769b
core   0: 3 0x800000ec (0xf769bd37) x26 0xf769b000
core   0: 0x800000f0 (0x36ed0d13) addi    s10, s10, 878
core   0: 3 0x800000f0 (0x36ed0d13) x26 0xf769b36e
core   0: 0x800000f4 (0x4242edb7) lui     s11, 0x4242e
core   0: 3 0x800000f4 (0x4242edb7) x27 0x4242e000
core   0: 0x800000f8 (0x194d8d93) addi    s11, s11, 404
core   0: 3 0x800000f8 (0x194d8d93) x27 0x4242e194
core   0: 0x800000fc (0x00004e01) c.li    t3, 0
core   0: 3 0x800000fc (0x4e01) x28 0x00000000
core   0: 0x800000fe (0x00004eb5) c.li    t4, 13
core   0: 3 0x800000fe (0x4eb5) x29 0x0000000d
core   0: 0x80000100 (0x09d01f37) lui     t5, 0x9d01
core   0: 3 0x80000100 (0x09d01f37) x30 0x09d01000
core   0: 0x80000104 (0xb23f0f13) addi    t5, t5, -1245
core   0: 3 0x80000104 (0xb23f0f13) x30 0x09d00b23
core   0: 0x80000108 (0xf2506fb7) lui     t6, 0xf2506
core   0: 3 0x80000108 (0xf2506fb7) x31 0xf2506000
core   0: 0x8000010c (0x964f8f93) addi    t6, t6, -1692
core   0: 3 0x8000010c (0x964f8f93) x31 0xf2505964
core   0: 0x80000110 (0x00026617) auipc   a2, 0x26
core   0: 3 0x80000110 (0x00026617) x12 0x80026110
core   0: 0x80000114 (0xd5460613) addi    a2, a2, -684
core   0: 3 0x80000114 (0xd5460613) x12 0x80025e64
core   0: 0x80000118 (0x00012c17) auipc   s8, 0x12
core   0: 3 0x80000118 (0x00012c17) x24 0x80012118
core   0: 0x8000011c (0x369c0c13) addi    s8, s8, 873
core   0: 3 0x8000011c (0x369c0c13) x24 0x80012481
core   0: 0x80000120 (0x2e4c4583) lbu     a1, 740(s8)
core   0: 3 0x80000120 (0x2e4c4583) x11 0x00000000 mem 0x80012765
core   0: 0x80000124 (0x67fc5a83) lhu     s5, 1663(s8)
core   0: 3 0x80000124 (0x67fc5a83) x21 0x00000000 mem 0x80012b00
core   0: 0x80000128 (0x67fc2a03) lw      s4, 1663(s8)
core   0: 3 0x80000128 (0x67fc2a03) x20 0x00000000 mem 0x80012b00
core   0: 0x8000012c (0x531c0c83) lb      s9, 1329(s8)
core   0: 3 0x8000012c (0x531c0c83) x25 0x00000000 mem 0x800129b2
core   0: 0x80000130 (0x351c5283) lhu     t0, 849(s8)
core   0: 3 0x80000130 (0x351c5283) x 5 0x00000000 mem 0x800127d2
core   0: 0x80000134 (0xcaec17a3) sh      a4, -849(s8)
core   0: 3 0x80000134 (0xcaec17a3) mem 0x80012130 0x6d7f
core   0: 0x80000138 (0xcafc1a83) lh      s5, -849(s8)
core   0: 3 0x80000138 (0xcafc1a83) x21 0x00006d7f mem 0x80012130
core   0: 0x8000013c (0xcadc07a3) sb      a3, -849(s8)
core   0: 3 0x8000013c (0xcadc07a3) mem 0x80012130 0xd1
core   0: 0x80000140 (0xcafc2e03) lw      t3, -849(s8)
core   0: 3 0x80000140 (0xcafc2e03) x28 0x00006dd1 mem 0x80012130
core   0: 0x80000144 (0xcb2c27a3) sw      s2, -849(s8)
core   0: 3 0x80000144 (0xcb2c27a3) mem 0x80012130 0x103ff930
core   0: 0x80000148 (0xcafc1703) lh      a4, -849(s8)
core   0: 3 0x80000148 (0xcafc1703) x14 0xfffff930 mem 0x80012130
core   0: 0x8000014c (0xcafc5403) lhu     s0, -849(s8)
core   0: 3 0x8000014c (0xcafc5403) x 8 0x0000f930 mem 0x80012130
core   0: 0x80000150 (0xca2c27a3) sw      sp, -849(s8)
core   0: 3 0x80000150 (0xca2c27a3) mem 0x80012130 0x80000000
core   0: 0x80000154 (0xcafc5683) lhu     a3, -849(s8)
core   0: 3 0x80000154 (0xcafc5683) x13 0x00000000 mem 0x80012130
core   0: 0x80000158 (0x39124813) xori    a6, tp, 913
core   0: 3 0x80000158 (0x39124813) x16 0xc1aee902
core   0: 0x8000015c (0xcb0c07a3) sb      a6, -849(s8)
core   0: 3 0x8000015c (0xcb0c07a3) mem 0x80012130 0x2
core   0: 0x80000160 (0xcafc1b83) lh      s7, -849(s8)
core   0: 3 0x80000160 (0xcafc1b83) x23 0x00000002 mem 0x80012130
core   0: 0x80000164 (0xcafc0803) lb      a6, -849(s8)
core   0: 3 0x80000164 (0xcafc0803) x16 0x00000002 mem 0x80012130
core   0: 0x80000168 (0xca6c27a3) sw      t1, -849(s8)
core   0: 3 0x80000168 (0xca6c27a3) mem 0x80012130 0x0000000c
core   0: 0x8000016c (0xcafc1283) lh      t0, -849(s8)
core   0: 3 0x8000016c (0xcafc1283) x 5 0x0000000c mem 0x80012130
core   0: 0x80000170 (0xcafc0183) lb      gp, -849(s8)
core   0: 3 0x80000170 (0xcafc0183) x 3 0x0000000c mem 0x80012130
core   0: 0x80000174 (0x00011497) auipc   s1, 0x11
core   0: 3 0x80000174 (0x00011497) x 9 0x80011174
core   0: 0x80000178 (0x98348493) addi    s1, s1, -1661
core   0: 3 0x80000178 (0x98348493) x 9 0x80010af7
core   0: 0x8000017c (0x00549083) lh      ra, 5(s1)
core   0: 3 0x8000017c (0x00549083) x 1 0x00000000 mem 0x80010afc
core   0: 0x80000180 (0xfeb48823) sb      a1, -16(s1)
core   0: 3 0x80000180 (0xfeb48823) mem 0x80010ae7 0x0
core   0: 0x80000184 (0x00848983) lb      s3, 8(s1)
core   0: 3 0x80000184 (0x00848983) x19 0x00000000 mem 0x80010aff
core   0: 0x80000188 (0x0ff0000f) fence   iorw,iorw
core   0: 3 0x80000188 (0x0ff0000f)
core   0: 0x8000018c (0x40b5d3b3) sra     t2, a1, a1
core   0: 3 0x8000018c (0x40b5d3b3) x 7 0x00000000
core   0: 0x80000190 (0x0ff0000f) fence   iorw,iorw
core   0: 3 0x80000190 (0x0ff0000f)
core   0: 0x80000194 (0x019c80b3) add     ra, s9, s9
core   0: 3 0x80000194 (0x019c80b3) x 1 0x00000000
core   0: 0x80000198 (0xffe48c83) lb      s9, -2(s1)
core   0: 3 0x80000198 (0xffe48c83) x25 0x00000000 mem 0x80010af5
core   0: 0x8000019c (0xffb4d783) lhu     a5, -5(s1)
core   0: 3 0x8000019c (0xffb4d783) x15 0x00000000 mem 0x80010af2
core   0: 0x800001a0 (0x0000008d) c.addi  ra, 3
core   0: 3 0x800001a0 (0x008d) x 1 0x00000003
core   0: 0x800001a2 (0x0004c983) lbu     s3, 0(s1)
core   0: 3 0x800001a2 (0x0004c983) x19 0x00000000 mem 0x80010af7
core   0: 0x800001a6 (0x00b4d583) lhu     a1, 11(s1)
core   0: 3 0x800001a6 (0x00b4d583) x11 0x00000000 mem 0x80010b02
core   0: 0x800001aa (0x00349583) lh      a1, 3(s1)
core   0: 3 0x800001aa (0x00349583) x11 0x00000000 mem 0x80010afa
core   0: 0x800001ae (0x0007d093) srli    ra, a5, 0
core   0: 3 0x800001ae (0x0007d093) x 1 0x00000000
core   0: 0x800001b2 (0xff548383) lb      t2, -11(s1)
core   0: 3 0x800001b2 (0xff548383) x 7 0x00000000 mem 0x80010aec
core   0: 0x800001b6 (0x00248983) lb      s3, 2(s1)
core   0: 3 0x800001b6 (0x00248983) x19 0x00000000 mem 0x80010af9
core   0: 0x800001ba (0x033383b3) mul     t2, t2, s3
core   0: 3 0x800001ba (0x033383b3) x 7 0x00000000
core   0: 0x800001be (0x0054d783) lhu     a5, 5(s1)
core   0: 3 0x800001be (0x0054d783) x15 0x00000000 mem 0x80010afc
core   0: 0x800001c2 (0x00f9bcb3) sltu    s9, s3, a5
core   0: 3 0x800001c2 (0x00f9bcb3) x25 0x00000000
core   0: 0x800001c6 (0x00a4c383) lbu     t2, 10(s1)
core   0: 3 0x800001c6 (0x00a4c383) x 7 0x00000000 mem 0x80010b01
core   0: 0x800001ca (0xfe149ca3) sh      ra, -7(s1)
core   0: 3 0x800001ca (0xfe149ca3) mem 0x80010af0 0x0000
core   0: 0x800001ce (0xff04cc83) lbu     s9, -16(s1)
core   0: 3 0x800001ce (0xff04cc83) x25 0x00000000 mem 0x80010ae7
core   0: 0x800001d2 (0x2522ccb7) lui     s9, 0x2522c
core   0: 3 0x800001d2 (0x2522ccb7) x25 0x2522c000
core   0: 0x800001d6 (0x1821b5b7) lui     a1, 0x1821b
core   0: 3 0x800001d6 (0x1821b5b7) x11 0x1821b000
core   0: 0x800001da (0x02f7a5b3) mulhsu  a1, a5, a5
core   0: 3 0x800001da (0x02f7a5b3) x11 0x00000000
core   0: 0x800001de (0x0399b5b3) mulhu   a1, s3, s9
core   0: 3 0x800001de (0x0399b5b3) x11 0x00000000
core   0: 0x800001e2 (0x0094d383) lhu     t2, 9(s1)
core   0: 3 0x800001e2 (0x0094d383) x 7 0x00000000 mem 0x80010b00
core   0: 0x800001e6 (0x00006ced) c.lui   s9, 0x1b
core   0: 3 0x800001e6 (0x6ced) x25 0x0001b000
core   0: 0x800001e8 (0x00c48783) lb      a5, 12(s1)
core   0: 3 0x800001e8 (0x00c48783) x15 0x00000000 mem 0x80010b03
core   0: 0x800001ec (0x0001c117) auipc   sp, 0x1c
core   0: 3 0x800001ec (0x0001c117) x 2 0x8001c1ec
core   0: 0x800001f0 (0xfd210113) addi    sp, sp, -46
core   0: 3 0x800001f0 (0xfd210113) x 2 0x8001c1be
core   0: 0x800001f4 (0x00006bf1) c.lui   s7, 0x1c
core   0: 3 0x800001f4 (0x6bf1) x23 0x0001c000
core   0: 0x800001f6 (0x00000452) c.slli  s0, 20
core   0: 3 0x800001f6 (0x0452) x 8 0x93000000
core   0: 0x800001f8 (0x00ffdc93) srli    s9, t6, 15
core   0: 3 0x800001f8 (0x00ffdc93) x25 0x0001e4a0
core   0: 0x800001fc (0x01c57ab3) and     s5, a0, t3
core   0: 3 0x800001fc (0x01c57ab3) x21 0x00000cc0
core   0: 0x80000200 (0x8d010283) lb      t0, -1840(sp)
core   0: 3 0x80000200 (0x8d010283) x 5 0x00000000 mem 0x8001ba8e
core   0: 0x80000204 (0x01ded093) srli    ra, t4, 29
core   0: 3 0x80000204 (0x01ded093) x 1 0x00000000
core   0: 0x80000208 (0xc74102a3) sb      s4, -923(sp)
core   0: 3 0x80000208 (0xc74102a3) mem 0x8001be23 0x0
core   0: 0x8000020c (0x0302f5b3) remu    a1, t0, a6
core   0: 3 0x8000020c (0x0302f5b3) x11 0x00000000
core   0: 0x80000210 (0x42884913) xori    s2, a6, 1064
core   0: 3 0x80000210 (0x42884913) x18 0x0000042a
core   0: 0x80000214 (0x00008891) c.andi  s1, 4
core   0: 3 0x80000214 (0x8891) x 9 0x00000004
core   0: 0x80000216 (0x03cc6433) rem     s0, s8, t3
core   0: 3 0x80000216 (0x03cc6433) x 8 0xffff9ce1
core   0: 0x8000021a (0xa1811183) lh      gp, -1512(sp)
core   0: 3 0x8000021a (0xa1811183) x 3 0x00000000 mem 0x8001bbd6
core   0: 0x8000021e (0xc4814b03) lbu     s6, -952(sp)
core   0: 3 0x8000021e (0xc4814b03) x22 0x00000000 mem 0x8001be06
core   0: 0x80000222 (0x011802b3) add     t0, a6, a7
core   0: 3 0x80000222 (0x011802b3) x 5 0x80000002
core   0: 0x80000226 (0x02bbbeb3) mulhu   t4, s7, a1
core   0: 3 0x80000226 (0x02bbbeb3) x29 0x00000000
core   0: 0x8000022a (0xa0502793) slti    a5, zero, -1531
core   0: 3 0x8000022a (0xa0502793) x15 0x00000000
core   0: 0x8000022e (0x0000100f) fence.i
core   0: 3 0x8000022e (0x0000100f)
core   0: 0x80000232 (0x00ede9b3) or      s3, s11, a4
core   0: 3 0x80000232 (0x00ede9b3) x19 0xfffff9b4
core   0: 0x80000236 (0x41a85eb3) sra     t4, a6, s10
core   0: 3 0x80000236 (0x41a85eb3) x29 0x00000000
core   0: 0x8000023a (0x10810703) lb      a4, 264(sp)
core   0: 3 0x8000023a (0x10810703) x14 0x00000000 mem 0x8001c2c6
core   0: 0x8000023e (0x00000001) c.nop
core   0: 3 0x8000023e (0x0001)
core   0: 0x80000240 (0xd4410aa3) sb      tp, -683(sp)
core   0: 3 0x80000240 (0xd4410aa3) mem 0x8001bf13 0x93
core   0: 0x80000244 (0x0000846d) c.srai  s0, 27
core   0: 3 0x80000244 (0x846d) x 8 0xffffffff
core   0: 0x80000246 (0x0000037a) c.slli  t1, 30
core   0: 3 0x80000246 (0x037a) x 6 0x00000000
core   0: 0x80000248 (0x2a764a93) xori    s5, a2, 679
core   0: 3 0x80000248 (0x2a764a93) x21 0x80025cc3
core   0: 0x8000024c (0x9d312f23) sw      s3, -1570(sp)
core   0: 3 0x8000024c (0x9d312f23) mem 0x8001bb9c 0xfffff9b4
core   0: 0x80000250 (0x4191da93) srai    s5, gp, 25
core   0: 3 0x80000250 (0x4191da93) x21 0x00000000
core   0: 0x80000254 (0xa9210703) lb      a4, -1390(sp)
core   0: 3 0x80000254 (0xa9210703) x14 0x00000000 mem 0x8001bc50
core   0: 0x80000258 (0x00762c33) slt     s8, a2, t2
core   0: 3 0x80000258 (0x00762c33) x24 0x00000001
core   0: 0x8000025c (0xec010c23) sb      zero, -296(sp)
core   0: 3 0x8000025c (0xec010c23) mem 0x8001c096 0x0
core   0: 0x80000260 (0x8f610f83) lb      t6, -1802(sp)
core   0: 3 0x80000260 (0x8f610f83) x31 0x00000000 mem 0x8001bab4
core   0: 0x80000264 (0x00c15cb3) srl     s9, sp, a2
core   0: 3 0x80000264 (0x00c15cb3) x25 0x08001c1b
core   0: 0x80000268 (0x5c310183) lb      gp, 1475(sp)
core   0: 3 0x80000268 (0x5c310183) x 3 0x00000000 mem 0x8001c781
core   0: 0x8000026c (0xd4714703) lbu     a4, -697(sp)
core   0: 3 0x8000026c (0xd4714703) x14 0x00000000 mem 0x8001bf05
core   0: 0x80000270 (0x00018397) auipc   t2, 0x18
core   0: 3 0x80000270 (0x00018397) x 7 0x80018270
core   0: 0x80000274 (0xce038393) addi    t2, t2, -800
core   0: 3 0x80000274 (0xce038393) x 7 0x80017f50
core   0: 0x80000278 (0x00011b17) auipc   s6, 0x11
core   0: 3 0x80000278 (0x00011b17) x22 0x80011278
core   0: 0x8000027c (0x9a8b0b13) addi    s6, s6, -1624
core   0: 3 0x8000027c (0x9a8b0b13) x22 0x80010c20
core   0: 0x80000280 (0x03d38703) lb      a4, 61(t2)
core   0: 3 0x80000280 (0x03d38703) x14 0x00000000 mem 0x80017f8d
core   0: 0x80000284 (0x006b4003) lbu     zero, 6(s6)
core   0: 3 0x80000284 (0x006b4003) mem 0x80010c26
core   0: 0x80000288 (0xff1b4c83) lbu     s9, -15(s6)
core   0: 3 0x80000288 (0xff1b4c83) x25 0x00000000 mem 0x80010c11
core   0: 0x8000028c (0xff839e03) lh      t3, -8(t2)
core   0: 3 0x8000028c (0xff839e03) x28 0x00000000 mem 0x80017f48
core   0: 0x80000290 (0xfc8380a3) sb      s0, -63(t2)
core   0: 3 0x80000290 (0xfc8380a3) mem 0x80017f11 0xff
core   0: 0x80000294 (0xfcd39f23) sh      a3, -34(t2)
core   0: 3 0x80000294 (0xfcd39f23) mem 0x80017f2e 0x0000
core   0: 0x80000298 (0x014b0023) sb      s4, 0(s6)
core   0: 3 0x80000298 (0x014b0023) mem 0x80010c20 0x0
core   0: 0x8000029c (0x01e38083) lb      ra, 30(t2)
core   0: 3 0x8000029c (0x01e38083) x 1 0x00000000 mem 0x80017f6e
core   0: 0x800002a0 (0xfffb0d03) lb      s10, -1(s6)
core   0: 3 0x800002a0 (0xfffb0d03) x26 0x00000000 mem 0x80010c1f
core   0: 0x800002a4 (0xff7b0d03) lb      s10, -9(s6)
core   0: 3 0x800002a4 (0xff7b0d03) x26 0x00000000 mem 0x80010c17
core   0: 0x800002a8 (0xfd73cc83) lbu     s9, -41(t2)
core   0: 3 0x800002a8 (0xfd73cc83) x25 0x00000000 mem 0x80017f27
core   0: 0x800002ac (0x00011097) auipc   ra, 0x11
core   0: 3 0x800002ac (0x00011097) x 1 0x800112ac
core   0: 0x800002b0 (0xc8208093) addi    ra, ra, -894
core   0: 3 0x800002b0 (0xc8208093) x 1 0x80010f2e
core   0: 0x800002b4 (0x0f50ce03) lbu     t3, 245(ra)
core   0: 3 0x800002b4 (0x0f50ce03) x28 0x00000000 mem 0x80011023
core   0: 0x800002b8 (0x09e0a923) sw      t5, 146(ra)
core   0: 3 0x800002b8 (0x09e0a923) mem 0x80010fc0 0x09d00b23
core   0: 0x800002bc (0x00010c97) auipc   s9, 0x10
core   0: 3 0x800002bc (0x00010c97) x25 0x800102bc
core   0: 0x800002c0 (0x28cc8c93) addi    s9, s9, 652
core   0: 3 0x800002c0 (0x28cc8c93) x25 0x80010548
core   0: 0x800002c4 (0x036c81a3) sb      s6, 35(s9)
core   0: 3 0x800002c4 (0x036c81a3) mem 0x8001056b 0x20
core   0: 0x800002c8 (0xfecc89a3) sb      a2, -13(s9)
core   0: 3 0x800002c8 (0xfecc89a3) mem 0x8001053b 0x64
core   0: 0x800002cc (0xf430cc03) lbu     s8, -189(ra)
core   0: 3 0x800002cc (0xf430cc03) x24 0x00000000 mem 0x80010e71
core   0: 0x800002d0 (0x000c8ca3) sb      zero, 25(s9)
core   0: 3 0x800002d0 (0x000c8ca3) mem 0x80010561 0x0
core   0: 0x800002d4 (0x0e508c23) sb      t0, 248(ra)
core   0: 3 0x800002d4 (0x0e508c23) mem 0x80011026 0x2
core   0: 0x800002d8 (0xfc1cc883) lbu     a7, -63(s9)
core   0: 3 0x800002d8 (0xfc1cc883) x17 0x00000000 mem 0x80010509
core   0: 0x800002dc (0xf0408723) sb      tp, -242(ra)
core   0: 3 0x800002dc (0xf0408723) mem 0x80010e3c 0x93
core   0: 0x800002e0 (0x036c8ea3) sb      s6, 61(s9)
core   0: 3 0x800002e0 (0x036c8ea3) mem 0x80010585 0x20
core   0: 0x800002e4 (0xfdf0c283) lbu     t0, -33(ra)
core   0: 3 0x800002e4 (0xfdf0c283) x 5 0x00000000 mem 0x80010f0d
core   0: 0x800002e8 (0xff908203) lb      tp, -7(ra)
core   0: 3 0x800002e8 (0xff908203) x 4 0x00000000 mem 0x80010f27
core   0: 0x800002ec (0x074082a3) sb      s4, 101(ra)
core   0: 3 0x800002ec (0x074082a3) mem 0x80010f93 0x0
core   0: 0x800002f0 (0xf3d08703) lb      a4, -195(ra)
core   0: 3 0x800002f0 (0xf3d08703) x14 0x00000000 mem 0x80010e6b
core   0: 0x800002f4 (0x00014197) auipc   gp, 0x14
core   0: 3 0x800002f4 (0x00014197) x 3 0x800142f4
core   0: 0x800002f8 (0x86618193) addi    gp, gp, -1946
core   0: 3 0x800002f8 (0x86618193) x 3 0x80013b5a
core   0: 0x800002fc (0xe8c1de03) lhu     t3, -372(gp)
core   0: 3 0x800002fc (0xe8c1de03) x28 0x00000000 mem 0x800139e6
core   0: 0x80000300 (0xe8c18983) lb      s3, -372(gp)
core   0: 3 0x80000300 (0xe8c18983) x19 0x00000000 mem 0x800139e6
core   0: 0x80000304 (0x035ed333) divu    t1, t4, s5
core   0: 3 0x80000304 (0x035ed333) x 6 0xffffffff
core   0: 0x80000308 (0x029cb433) mulhu   s0, s9, s1
core   0: 3 0x80000308 (0x029cb433) x 8 0x00000002
core   0: 0x8000030c (0xe8c18903) lb      s2, -372(gp)
core   0: 3 0x8000030c (0xe8c18903) x18 0x00000000 mem 0x800139e6
core   0: 0x80000310 (0xe8c1d383) lhu     t2, -372(gp)
core   0: 3 0x80000310 (0xe8c1d383) x 7 0x00000000 mem 0x800139e6
core   0: 0x80000314 (0xe8c18b83) lb      s7, -372(gp)
core   0: 3 0x80000314 (0xe8c18b83) x23 0x00000000 mem 0x800139e6
core   0: 0x80000318 (0x0062e933) or      s2, t0, t1
core   0: 3 0x80000318 (0x0062e933) x18 0xffffffff
core   0: 0x8000031c (0xe8c18983) lb      s3, -372(gp)
core   0: 3 0x8000031c (0xe8c18983) x19 0x00000000 mem 0x800139e6
core   0: 0x80000320 (0xe9a18623) sb      s10, -372(gp)
core   0: 3 0x80000320 (0xe9a18623) mem 0x800139e6 0x0
core   0: 0x80000324 (0xdbd1c983) lbu     s3, -579(gp)
core   0: 3 0x80000324 (0xdbd1c983) x19 0x00000000 mem 0x80013917
core   0: 0x80000328 (0x15e185a3) sb      t5, 331(gp)
core   0: 3 0x80000328 (0x15e185a3) mem 0x80013ca5 0x23
core   0: 0x8000032c (0x14b1ca03) lbu     s4, 331(gp)
core   0: 3 0x8000032c (0x14b1ca03) x20 0x00000023 mem 0x80013ca5
core   0: 0x80000330 (0x14b1cf83) lbu     t6, 331(gp)
core   0: 3 0x80000330 (0x14b1cf83) x31 0x00000023 mem 0x80013ca5
core   0: 0x80000334 (0x150185a3) sb      a6, 331(gp)
core   0: 3 0x80000334 (0x150185a3) mem 0x80013ca5 0x2
core   0: 0x80000338 (0x4841d103) lhu     sp, 1156(gp)
core   0: 3 0x80000338 (0x4841d103) x 2 0x00000000 mem 0x80013fde
core   0: 0x8000033c (0x8c6182a3) sb      t1, -1851(gp)
core   0: 3 0x8000033c (0x8c6182a3) mem 0x8001341f 0xff
core   0: 0x80000340 (0x9cb1ce03) lbu     t3, -1589(gp)
core   0: 3 0x80000340 (0x9cb1ce03) x28 0x00000000 mem 0x80013525
core   0: 0x80000344 (0x9d8185a3) sb      s8, -1589(gp)
core   0: 3 0x80000344 (0x9d8185a3) mem 0x80013525 0x0
core   0: 0x80000348 (0x9cb1c983) lbu     s3, -1589(gp)
core   0: 3 0x80000348 (0x9cb1c983) x19 0x00000000 mem 0x80013525
core   0: 0x8000034c (0x00f3e233) or      tp, t2, a5
core   0: 3 0x8000034c (0x00f3e233) x 4 0x00000000
core   0: 0x80000350 (0x9cb18103) lb      sp, -1589(gp)
core   0: 3 0x80000350 (0x9cb18103) x 2 0x00000000 mem 0x80013525
core   0: 0x80000354 (0x7f51cb03) lbu     s6, 2037(gp)
core   0: 3 0x80000354 (0x7f51cb03) x22 0x00000000 mem 0x8001434f
core   0: 0x80000358 (0xc1e19d03) lh      s10, -994(gp)
core   0: 3 0x80000358 (0xc1e19d03) x26 0x00000000 mem 0x80013778
core   0: 0x8000035c (0x00011097) auipc   ra, 0x11
core   0: 3 0x8000035c (0x00011097) x 1 0x8001135c
core   0: 0x80000360 (0xbee08093) addi    ra, ra, -1042
core   0: 3 0x80000360 (0xbee08093) x 1 0x80010f4a
core   0: 0x80000364 (0x00010297) auipc   t0, 0x10
core   0: 3 0x80000364 (0x00010297) x 5 0x80010364
core   0: 0x80000368 (0xfc728293) addi    t0, t0, -57
core   0: 3 0x80000368 (0xfc728293) x 5 0x8001032b
core   0: 0x8000036c (0x00010497) auipc   s1, 0x10
core   0: 3 0x8000036c (0x00010497) x 9 0x8001036c
core   0: 0x80000370 (0x46348493) addi    s1, s1, 1123
core   0: 3 0x80000370 (0x46348493) x 9 0x800107cf
core   0: 0x80000374 (0x00b4c883) lbu     a7, 11(s1)
core   0: 3 0x80000374 (0x00b4c883) x17 0x00000000 mem 0x800107da
core   0: 0x80000378 (0x01048123) sb      a6, 2(s1)
core   0: 3 0x80000378 (0x01048123) mem 0x800107d1 0x2
core   0: 0x8000037c (0x0252d103) lhu     sp, 37(t0)
core   0: 3 0x8000037c (0x0252d103) x 2 0x00000000 mem 0x80010350
core   0: 0x80000380 (0x0262ca03) lbu     s4, 38(t0)
core   0: 3 0x80000380 (0x0262ca03) x20 0x00000000 mem 0x80010351
core   0: 0x80000384 (0xff308c23) sb      s3, -8(ra)
core   0: 3 0x80000384 (0xff308c23) mem 0x80010f42 0x0
core   0: 0x80000388 (0xffa08f83) lb      t6, -6(ra)
core   0: 3 0x80000388 (0xffa08f83) x31 0x00000000 mem 0x80010f44
core   0: 0x8000038c (0xfe12dc03) lhu     s8, -31(t0)
core   0: 3 0x8000038c (0xfe12dc03) x24 0x00000000 mem 0x8001030c
core   0: 0x80000390 (0xffc0cc03) lbu     s8, -4(ra)
core   0: 3 0x80000390 (0xffc0cc03) x24 0x00000000 mem 0x80010f46
core   0: 0x80000394 (0x0392a303) lw      t1, 57(t0)
core   0: 3 0x80000394 (0x0392a303) x 6 0x00000000 mem 0x80010364
core   0: 0x80000398 (0xff10c903) lbu     s2, -15(ra)
core   0: 3 0x80000398 (0xff10c903) x18 0x00000000 mem 0x80010f3b
core   0: 0x8000039c (0xff42c903) lbu     s2, -12(t0)
core   0: 3 0x8000039c (0xff42c903) x18 0x00000000 mem 0x8001031f
core   0: 0x800003a0 (0xff74da03) lhu     s4, -9(s1)
core   0: 3 0x800003a0 (0xff74da03) x20 0x00000000 mem 0x800107c6
core   0: 0x800003a4 (0xffc4c883) lbu     a7, -4(s1)
core   0: 3 0x800003a4 (0xffc4c883) x17 0x00000000 mem 0x800107cb
core   0: 0x800003a8 (0x00c084a3) sb      a2, 9(ra)
core   0: 3 0x800003a8 (0x00c084a3) mem 0x80010f53 0x64
core   0: 0x800003ac (0x00048903) lb      s2, 0(s1)
core   0: 3 0x800003ac (0x00048903) x18 0x00000000 mem 0x800107cf
core   0: 0x800003b0 (0xff148b03) lb      s6, -15(s1)
core   0: 3 0x800003b0 (0xff148b03) x22 0x00000000 mem 0x800107c0
core   0: 0x800003b4 (0x00149683) lh      a3, 1(s1)
core   0: 3 0x800003b4 (0x00149683) x13 0x00000200 mem 0x800107d0
core   0: 0x800003b8 (0x00709123) sh      t2, 2(ra)
core   0: 3 0x800003b8 (0x00709123) mem 0x80010f4c 0x0000
core   0: 0x800003bc (0x0050c583) lbu     a1, 5(ra)
core   0: 3 0x800003bc (0x0050c583) x11 0x00000000 mem 0x80010f4f
core   0: 0x800003c0 (0x002487a3) sb      sp, 15(s1)
core   0: 3 0x800003c0 (0x002487a3) mem 0x800107de 0x0
core   0: 0x800003c4 (0x0272da83) lhu     s5, 39(t0)
core   0: 3 0x800003c4 (0x0272da83) x21 0x00000000 mem 0x80010352
core   0: 0x800003c8 (0xff809e23) sh      s8, -4(ra)
core   0: 3 0x800003c8 (0xff809e23) mem 0x80010f46 0x0000
core   0: 0x800003cc (0xff04c803) lbu     a6, -16(s1)
core   0: 3 0x800003cc (0xff04c803) x16 0x00000000 mem 0x800107bf
core   0: 0x800003d0 (0x01208423) sb      s2, 8(ra)
core   0: 3 0x800003d0 (0x01208423) mem 0x80010f52 0x0
core   0: 0x800003d4 (0xfc32d683) lhu     a3, -61(t0)
core   0: 3 0x800003d4 (0xfc32d683) x13 0x00000000 mem 0x800102ee
core   0: 0x800003d8 (0x00010b97) auipc   s7, 0x10
core   0: 3 0x800003d8 (0x00010b97) x23 0x800103d8
core   0: 0x800003dc (0x1aab8b93) addi    s7, s7, 426
core   0: 3 0x800003dc (0x1aab8b93) x23 0x80010582
core   0: 0x800003e0 (0x008c14b3) sll     s1, s8, s0
core   0: 3 0x800003e0 (0x008c14b3) x 9 0x00000000
core   0: 0x800003e4 (0xff0b9c83) lh      s9, -16(s7)
core   0: 3 0x800003e4 (0xff0b9c83) x25 0x00000000 mem 0x80010572
core   0: 0x800003e8 (0xffeb8f83) lb      t6, -2(s7)
core   0: 3 0x800003e8 (0xffeb8f83) x31 0x00000000 mem 0x80010580
core   0: 0x800003ec (0xff2b8f23) sb      s2, -2(s7)
core   0: 3 0x800003ec (0xff2b8f23) mem 0x80010580 0x0
core   0: 0x800003f0 (0xfe1b8f23) sb      ra, -2(s7)
core   0: 3 0x800003f0 (0xfe1b8f23) mem 0x80010580 0x4a
core   0: 0x800003f4 (0x012b87a3) sb      s2, 15(s7)
core   0: 3 0x800003f4 (0x012b87a3) mem 0x80010591 0x0
core   0: 0x800003f8 (0x01fa9793) slli    a5, s5, 31
core   0: 3 0x800003f8 (0x01fa9793) x15 0x00000000
core   0: 0x800003fc (0x81f26913) ori     s2, tp, -2017
core   0: 3 0x800003fc (0x81f26913) x18 0xfffff81f
core   0: 0x80000400 (0x0023d7b3) srl     a5, t2, sp
core   0: 3 0x80000400 (0x0023d7b3) x15 0x00000000
core   0: 0x80000404 (0x016b9323) sh      s6, 6(s7)
core   0: 3 0x80000404 (0x016b9323) mem 0x80010588 0x0000
core   0: 0x80000408 (0x006bc383) lbu     t2, 6(s7)
core   0: 3 0x80000408 (0x006bc383) x 7 0x00000000 mem 0x80010588
core   0: 0x8000040c (0x006ba283) lw      t0, 6(s7)
core   0: 3 0x8000040c (0x006ba283) x 5 0x00000000 mem 0x80010588
core   0: 0x80000410 (0x00bb8d03) lb      s10, 11(s7)
core   0: 3 0x80000410 (0x00bb8d03) x26 0x00000000 mem 0x8001058d
core   0: 0x80000414 (0x00bb8903) lb      s2, 11(s7)
core   0: 3 0x80000414 (0x00bb8903) x18 0x00000000 mem 0x8001058d
core   0: 0x80000418 (0x00eb58b3) srl     a7, s6, a4
core   0: 3 0x80000418 (0x00eb58b3) x17 0x00000000
core   0: 0x8000041c (0x415f0c33) sub     s8, t5, s5
core   0: 3 0x8000041c (0x415f0c33) x24 0x09d00b23
core   0: 0x80000420 (0x000068e9) c.lui   a7, 0x1a
core   0: 3 0x80000420 (0x68e9) x17 0x0001a000
core   0: 0x80000422 (0x004b85a3) sb      tp, 11(s7)
core   0: 3 0x80000422 (0x004b85a3) mem 0x8001058d 0x0
core   0: 0x80000426 (0x01a0036f) jal     t1, pc + 0x1a
core   0: 3 0x80000426 (0x01a0036f) x 6 0x8000042a
core   0: 0x80000440 (0x00003fed) c.jal   pc - 6
core   0: 3 0x80000440 (0x3fed) x 1 0x80000442
core   0: 0x8000043a (0xff1ff0ef) jal     pc - 0x10
core   0: 3 0x8000043a (0xff1ff0ef) x 1 0x8000043e
core   0: 0x8000042a (0x00002009) c.jal   pc + 2
core   0: 3 0x8000042a (0x2009) x 1 0x8000042c
core   0: 0x8000042c (0x00002021) c.jal   pc + 8
core   0: 3 0x8000042c (0x2021) x 1 0x8000042e
core   0: 0x80000434 (0x0000bffd) c.j     pc - 2
core   0: 3 0x80000434 (0xbffd)
core   0: 0x80000432 (0x0000a011) c.j     pc + 4
core   0: 3 0x80000432 (0xa011)
core   0: 0x80000436 (0x00e000ef) jal     pc + 0xe
core   0: 3 0x80000436 (0x00e000ef) x 1 0x8000043a
core   0: 0x80000444 (0x000037ed) c.jal   pc - 22
core   0: 3 0x80000444 (0x37ed) x 1 0x80000446
core   0: 0x8000042e (0x014009ef) jal     s3, pc + 0x14
core   0: 3 0x8000042e (0x014009ef) x19 0x80000432
core   0: 0x80000442 (0x0000bff5) c.j     pc - 4
core   0: 3 0x80000442 (0xbff5)
core   0: 0x8000043e (0x0000a021) c.j     pc + 8
core   0: 3 0x8000043e (0xa021)
core   0: 0x80000446 (0x03690233) mul     tp, s2, s6
core   0: 3 0x80000446 (0x03690233) x 4 0x00000000
core   0: 0x8000044a (0x0180036f) jal     t1, pc + 0x18
core   0: 3 0x8000044a (0x0180036f) x 6 0x8000044e
core   0: 0x80000462 (0x0000b7f5) c.j     pc - 20
core   0: 3 0x80000462 (0xb7f5)
core   0: 0x8000044e (0x006009ef) jal     s3, pc + 0x6
core   0: 3 0x8000044e (0x006009ef) x19 0x80000452
core   0: 0x80000454 (0x00c000ef) jal     pc + 0xc
core   0: 3 0x80000454 (0x00c000ef) x 1 0x80000458
core   0: 0x80000460 (0x0000a021) c.j     pc + 8
core   0: 3 0x80000460 (0xa021)
core   0: 0x80000468 (0x0000a029) c.j     pc + 10
core   0: 3 0x80000468 (0xa029)
core   0: 0x80000472 (0x00002009) c.jal   pc + 2
core   0: 3 0x80000472 (0x2009) x 1 0x80000474
core   0: 0x80000474 (0x0000bfc5) c.j     pc - 16
core   0: 3 0x80000474 (0xbfc5)
core   0: 0x80000464 (0xff9ff0ef) jal     pc - 0x8
core   0: 3 0x80000464 (0xff9ff0ef) x 1 0x80000468
core   0: 0x8000045c (0x00002009) c.jal   pc + 2
core   0: 3 0x8000045c (0x2009) x 1 0x8000045e
core   0: 0x8000045e (0x0000bfd5) c.j     pc - 12
core   0: 3 0x8000045e (0xbfd5)
core   0: 0x80000452 (0x00002019) c.jal   pc + 6
core   0: 3 0x80000452 (0x2019) x 1 0x80000454
core   0: 0x80000458 (0x0140096f) jal     s2, pc + 0x14
core   0: 3 0x80000458 (0x0140096f) x18 0x8000045c
core   0: 0x8000046c (0xfffff0ef) jal     pc - 0x2
core   0: 3 0x8000046c (0xfffff0ef) x 1 0x80000470
core   0: 0x8000046a (0x00002019) c.jal   pc + 6
core   0: 3 0x8000046a (0x2019) x 1 0x8000046c
core   0: 0x80000470 (0x0000a019) c.j     pc + 6
core   0: 3 0x80000470 (0xa019)
core   0: 0x80000476 (0x81d3bd13) sltiu   s10, t2, -2019
core   0: 3 0x80000476 (0x81d3bd13) x26 0x00000001
core   0: 0x8000047a (0x0001b117) auipc   sp, 0x1b
core   0: 3 0x8000047a (0x0001b117) x 2 0x8001b47a
core   0: 0x8000047e (0x5a910113) addi    sp, sp, 1449
core   0: 3 0x8000047e (0x5a910113) x 2 0x8001ba23
core   0: 0x80000482 (0xfcc10803) lb      a6, -52(sp)
core   0: 3 0x80000482 (0xfcc10803) x16 0x00000000 mem 0x8001b9ef
core   0: 0x80000486 (0xfc710623) sb      t2, -52(sp)
core   0: 3 0x80000486 (0xfc710623) mem 0x8001b9ef 0x0
core   0: 0x8000048a (0xfcc14303) lbu     t1, -52(sp)
core   0: 3 0x8000048a (0xfcc14303) x 6 0x00000000 mem 0x8001b9ef
core   0: 0x8000048e (0xfcf15f83) lhu     t6, -49(sp)
core   0: 3 0x8000048e (0xfcf15f83) x31 0x00000000 mem 0x8001b9f2
core   0: 0x80000492 (0x02c10383) lb      t2, 44(sp)
core   0: 3 0x80000492 (0x02c10383) x 7 0x00000000 mem 0x8001ba4f
core   0: 0x80000496 (0x00009476) c.add   s0, t4
core   0: 3 0x80000496 (0x9476) x 8 0x00000002
core   0: 0x80000498 (0x02c14983) lbu     s3, 44(sp)
core   0: 3 0x80000498 (0x02c14983) x19 0x00000000 mem 0x8001ba4f
core   0: 0x8000049c (0xfed15f83) lhu     t6, -19(sp)
core   0: 3 0x8000049c (0xfed15f83) x31 0x00000000 mem 0x8001ba10
core   0: 0x800004a0 (0xfed10b83) lb      s7, -19(sp)
core   0: 3 0x800004a0 (0xfed10b83) x23 0x00000000 mem 0x8001ba10
core   0: 0x800004a4 (0x0037fa33) and     s4, a5, gp
core   0: 3 0x800004a4 (0x0037fa33) x20 0x00000000
core   0: 0x800004a8 (0xfe8126a3) sw      s0, -19(sp)
core   0: 3 0x800004a8 (0xfe8126a3) mem 0x8001ba10 0x00000002
core   0: 0x800004ac (0x01a3cd33) xor     s10, t2, s10
core   0: 3 0x800004ac (0x01a3cd33) x26 0x00000001
core   0: 0x800004b0 (0xfed14c03) lbu     s8, -19(sp)
core   0: 3 0x800004b0 (0xfed14c03) x24 0x00000002 mem 0x8001ba10
core   0: 0x800004b4 (0xfdd14003) lbu     zero, -35(sp)
core   0: 3 0x800004b4 (0xfdd14003) mem 0x8001ba00
core   0: 0x800004b8 (0xfdd12403) lw      s0, -35(sp)
core   0: 3 0x800004b8 (0xfdd12403) x 8 0x00000000 mem 0x8001ba00
core   0: 0x800004bc (0xfd111983) lh      s3, -47(sp)
core   0: 3 0x800004bc (0xfd111983) x19 0x00000000 mem 0x8001b9f4
core   0: 0x800004c0 (0xfd111c03) lh      s8, -47(sp)
core   0: 3 0x800004c0 (0xfd111c03) x24 0x00000000 mem 0x8001b9f4
core   0: 0x800004c4 (0x00008da1) c.xor   a1, s0
core   0: 3 0x800004c4 (0x8da1) x11 0x00000000
core   0: 0x800004c6 (0xfc3118a3) sh      gp, -47(sp)
core   0: 3 0x800004c6 (0xfc3118a3) mem 0x8001b9f4 0x3b5a
core   0: 0x800004ca (0x02a10d23) sb      a0, 58(sp)
core   0: 3 0x800004ca (0x02a10d23) mem 0x8001ba5d 0xe4
core   0: 0x800004ce (0x00008f4d) c.or    a4, a1
core   0: 3 0x800004ce (0x8f4d) x14 0x00000000
core   0: 0x800004d0 (0x1c4f9ab7) lui     s5, 0x1c4f9
core   0: 3 0x800004d0 (0x1c4f9ab7) x21 0x1c4f9000
core   0: 0x800004d4 (0x00008029) c.srli  s0, 10
core   0: 3 0x800004d4 (0x8029) x 8 0x00000000
core   0: 0x800004d6 (0x03a14383) lbu     t2, 58(sp)
core   0: 3 0x800004d6 (0x03a14383) x 7 0x000000e4 mem 0x8001ba5d
core   0: 0x800004da (0x00011417) auipc   s0, 0x11
core   0: 3 0x800004da (0x00011417) x 8 0x800114da
core   0: 0x800004de (0x3e740413) addi    s0, s0, 999
core   0: 3 0x800004de (0x3e740413) x 8 0x800118c1
core   0: 0x800004e2 (0xf646b813) sltiu   a6, a3, -156
core   0: 3 0x800004e2 (0xf646b813) x16 0x00000001
core   0: 0x800004e6 (0x01e12ab3) slt     s5, sp, t5
core   0: 3 0x800004e6 (0x01e12ab3) x21 0x00000001
core   0: 0x800004ea (0x000080cd) c.srli  s1, 19
core   0: 3 0x800004ea (0x80cd) x 9 0x00000000
core   0: 0x800004ec (0x00006d2d) c.lui   s10, 0xb
core   0: 3 0x800004ec (0x6d2d) x26 0x0000b000
core   0: 0x800004ee (0x0065c833) xor     a6, a1, t1
core   0: 3 0x800004ee (0x0065c833) x16 0x00000000
core   0: 0x800004f2 (0x0000717d) c.addi16sp sp, -16
core   0: 3 0x800004f2 (0x717d) x 2 0x8001ba13
core   0: 0x800004f4 (0x00006ae5) c.lui   s5, 0x19
core   0: 3 0x800004f4 (0x6ae5) x21 0x00019000
core   0: 0x800004f6 (0x0b440103) lb      sp, 180(s0)
core   0: 3 0x800004f6 (0x0b440103) x 2 0x00000000 mem 0x80011975
core   0: 0x800004fa (0x02f22333) mulhsu  t1, tp, a5
core   0: 3 0x800004fa (0x02f22333) x 6 0x00000000
core   0: 0x800004fe (0x00008e91) c.sub   a3, a2
core   0: 3 0x800004fe (0x8e91) x13 0x7ffda19c
core   0: 0x80000500 (0xf3244d03) lbu     s10, -206(s0)
core   0: 3 0x80000500 (0xf3244d03) x26 0x00000000 mem 0x800117f3
core   0: 0x80000504 (0x012911b3) sll     gp, s2, s2
core   0: 3 0x80000504 (0x012911b3) x 3 0xc0000000
core   0: 0x80000508 (0x0fa44703) lbu     a4, 250(s0)
core   0: 3 0x80000508 (0x0fa44703) x14 0x00000000 mem 0x800119bb
core   0: 0x8000050c (0x00008eb1) c.xor   a3, a2
core   0: 3 0x8000050c (0x8eb1) x13 0xfffffff8
core   0: 0x8000050e (0x0ff0000f) fence   iorw,iorw
core   0: 3 0x8000050e (0x0ff0000f)
core   0: 0x80000512 (0x000063fd) c.lui   t2, 0x1f
core   0: 3 0x80000512 (0x63fd) x 7 0x0001f000
core   0: 0x80000514 (0xfe341b83) lh      s7, -29(s0)
core   0: 3 0x80000514 (0xfe341b83) x23 0x00000000 mem 0x800118a4
core   0: 0x80000518 (0x0000876d) c.srai  a4, 27
core   0: 3 0x80000518 (0x876d) x14 0x00000000
core   0: 0x8000051a (0x0c940aa3) sb      s1, 213(s0)
core   0: 3 0x8000051a (0x0c940aa3) mem 0x80011996 0x0
core   0: 0x8000051e (0x004dc833) xor     a6, s11, tp
core   0: 3 0x8000051e (0x004dc833) x16 0x4242e194
core   0: 0x80000522 (0xf1a40023) sb      s10, -256(s0)
core   0: 3 0x80000522 (0xf1a40023) mem 0x800117c1 0x0
core   0: 0x80000526 (0x0255d133) divu    sp, a1, t0
core   0: 3 0x80000526 (0x0255d133) x 2 0xffffffff
core   0: 0x8000052a (0xe747a297) auipc   t0, 0xe747a
core   0: 3 0x8000052a (0xe747a297) x 5 0x6747a52a
core   0: 0x8000052e (0x0d741483) lh      s1, 215(s0)
core   0: 3 0x8000052e (0x0d741483) x 9 0x00000000 mem 0x80011998
core   0: 0x80000532 (0x03b44f03) lbu     t5, 59(s0)
core   0: 3 0x80000532 (0x03b44f03) x30 0x00000000 mem 0x800118fc
core   0: 0x80000536 (0x025b8fb3) mul     t6, s7, t0
core   0: 3 0x80000536 (0x025b8fb3) x31 0x00000000
core   0: 0x8000053a (0x022fde33) divu    t3, t6, sp
core   0: 3 0x8000053a (0x022fde33) x28 0x00000000
core   0: 0x8000053e (0x00006139) c.addi16sp sp, 448
core   0: 3 0x8000053e (0x6139) x 2 0x000001bf
core   0: 0x80000540 (0x008f9fb3) sll     t6, t6, s0
core   0: 3 0x80000540 (0x008f9fb3) x31 0x00000000
core   0: 0x80000544 (0x03d0aab3) mulhsu  s5, ra, t4
core   0: 3 0x80000544 (0x03d0aab3) x21 0x00000000
core   0: 0x80000548 (0xf2544d03) lbu     s10, -219(s0)
core   0: 3 0x80000548 (0xf2544d03) x26 0x00000000 mem 0x800117e6
core   0: 0x8000054c (0xfc742003) lw      zero, -57(s0)
core   0: 3 0x8000054c (0xfc742003) mem 0x80011888
core   0: 0x80000550 (0xfc444e83) lbu     t4, -60(s0)
core   0: 3 0x80000550 (0xfc444e83) x29 0x00000000 mem 0x80011885
core   0: 0x80000554 (0x00000001) c.nop
core   0: 3 0x80000554 (0x0001)
core   0: 0x80000556 (0x00e01213) slli    tp, zero, 14
core   0: 3 0x80000556 (0x00e01213) x 4 0x00000000
core   0: 0x8000055a (0x02ec6c33) rem     s8, s8, a4
core   0: 3 0x8000055a (0x02ec6c33) x24 0x00000000
core   0: 0x8000055e (0xf7f42883) lw      a7, -129(s0)
core   0: 3 0x8000055e (0xf7f42883) x17 0x00000000 mem 0x80011840
core   0: 0x80000562 (0x00008f4d) c.or    a4, a1
core   0: 3 0x80000562 (0x8f4d) x14 0x00000000
core   0: 0x80000564 (0x00001d8c) c.addi4spn a1, sp, 752
core   0: 3 0x80000564 (0x1d8c) x11 0x000004af
core   0: 0x80000566 (0x00008ee5) c.and   a3, s1
core   0: 3 0x80000566 (0x8ee5) x13 0x00000000
core   0: 0x80000568 (0x03d40f23) sb      t4, 62(s0)
core   0: 3 0x80000568 (0x03d40f23) mem 0x800118ff 0x0
core   0: 0x8000056c (0x0001b217) auipc   tp, 0x1b
core   0: 3 0x8000056c (0x0001b217) x 4 0x8001b56c
core   0: 0x80000570 (0x7a720213) addi    tp, tp, 1959
core   0: 3 0x80000570 (0x7a720213) x 4 0x8001bd13
core   0: 0x80000574 (0x00924683) lbu     a3, 9(tp)
core   0: 3 0x80000574 (0x00924683) x13 0x00000000 mem 0x8001bd1c
core   0: 0x80000578 (0x00008ff5) c.and   a5, a3
core   0: 3 0x80000578 (0x8ff5) x15 0x00000000
core   0: 0x8000057a (0xfcf25a83) lhu     s5, -49(tp)
core   0: 3 0x8000057a (0xfcf25a83) x21 0x00000000 mem 0x8001bce2
core   0: 0x8000057e (0x02b8ad33) mulhsu  s10, a7, a1
core   0: 3 0x8000057e (0x02b8ad33) x26 0x00000000
core   0: 0x80000582 (0x000095fe) c.add   a1, t6
core   0: 3 0x80000582 (0x95fe) x11 0x000004af
core   0: 0x80000584 (0x00005c7d) c.li    s8, -1
core   0: 3 0x80000584 (0x5c7d) x24 0xffffffff
core   0: 0x80000586 (0x004e6eb3) or      t4, t3, tp
core   0: 3 0x80000586 (0x004e6eb3) x29 0x8001bd13
core   0: 0x8000058a (0xc9e4f493) andi    s1, s1, -866
core   0: 3 0x8000058a (0xc9e4f493) x 9 0x00000000
core   0: 0x8000058e (0xfd420523) sb      s4, -54(tp)
core   0: 3 0x8000058e (0xfd420523) mem 0x8001bcdd 0x0
core   0: 0x80000592 (0xff820e03) lb      t3, -8(tp)
core   0: 3 0x80000592 (0xff820e03) x28 0x00000000 mem 0x8001bd0b
core   0: 0x80000596 (0x000085d6) c.mv    a1, s5
core   0: 3 0x80000596 (0x85d6) x11 0x00000000
core   0: 0x80000598 (0x03925d03) lhu     s10, 57(tp)
core   0: 3 0x80000598 (0x03925d03) x26 0x00000000 mem 0x8001bd4c
core   0: 0x8000059c (0x0000537d) c.li    t1, -1
core   0: 3 0x8000059c (0x537d) x 6 0xffffffff
core   0: 0x8000059e (0x00c24803) lbu     a6, 12(tp)
core   0: 3 0x8000059e (0x00c24803) x16 0x00000000 mem 0x8001bd1f
core   0: 0x800005a2 (0xffb21983) lh      s3, -5(tp)
core   0: 3 0x800005a2 (0xffb21983) x19 0x00000000 mem 0x8001bd0e
core   0: 0x800005a6 (0x41790033) sub     zero, s2, s7
core   0: 3 0x800005a6 (0x41790033)
core   0: 0x800005aa (0x0000816a) c.mv    sp, s10
core   0: 3 0x800005aa (0x816a) x 2 0x00000000
core   0: 0x800005ac (0x02ece7b3) rem     a5, s9, a4
core   0: 3 0x800005ac (0x02ece7b3) x15 0x00000000
core   0: 0x800005b0 (0xfe724c83) lbu     s9, -25(tp)
core   0: 3 0x800005b0 (0xfe724c83) x25 0x00000000 mem 0x8001bcfa
core   0: 0x800005b4 (0x00c20583) lb      a1, 12(tp)
core   0: 3 0x800005b4 (0x00c20583) x11 0x00000000 mem 0x8001bd1f
core   0: 0x800005b8 (0xff824a83) lbu     s5, -8(tp)
core   0: 3 0x800005b8 (0xff824a83) x21 0x00000000 mem 0x8001bd0b
core   0: 0x800005bc (0x03d22d03) lw      s10, 61(tp)
core   0: 3 0x800005bc (0x03d22d03) x26 0x00000000 mem 0x8001bd50
core   0: 0x800005c0 (0x020208a3) sb      zero, 49(tp)
core   0: 3 0x800005c0 (0x020208a3) mem 0x8001bd44 0x0
core   0: 0x800005c4 (0x02220023) sb      sp, 32(tp)
core   0: 3 0x800005c4 (0x02220023) mem 0x8001bd33 0x0
core   0: 0x800005c8 (0x000083aa) c.mv    t2, a0
core   0: 3 0x800005c8 (0x83aa) x 7 0x80029ce4
core   0: 0x800005ca (0xffc20583) lb      a1, -4(tp)
core   0: 3 0x800005ca (0xffc20583) x11 0x00000000 mem 0x8001bd0f
core   0: 0x800005ce (0x40b98c33) sub     s8, s3, a1
core   0: 3 0x800005ce (0x40b98c33) x24 0x00000000
core   0: 0x800005d2 (0x02c210a3) sh      a2, 33(tp)
core   0: 3 0x800005d2 (0x02c210a3) mem 0x8001bd34 0x5e64
core   0: 0x800005d6 (0x0ff0000f) fence   iorw,iorw
core   0: 3 0x800005d6 (0x0ff0000f)
core   0: 0x800005da (0xd0884417) auipc   s0, 0xd0884
core   0: 3 0x800005da (0xd0884417) x 8 0x508845da
core   0: 0x800005de (0x0ff0000f) fence   iorw,iorw
core   0: 3 0x800005de (0x0ff0000f)
core   0: 0x800005e2 (0x00001e18) c.addi4spn a4, sp, 816
core   0: 3 0x800005e2 (0x1e18) x14 0x00000330
core   0: 0x800005e4 (0x024bc9b3) div     s3, s7, tp
core   0: 3 0x800005e4 (0x024bc9b3) x19 0x00000000
core   0: 0x800005e8 (0x000003e5) c.addi  t2, 25
core   0: 3 0x800005e8 (0x03e5) x 7 0x80029cfd
core   0: 0x800005ea (0x0212f493) andi    s1, t0, 33
core   0: 3 0x800005ea (0x0212f493) x 9 0x00000020
core   0: 0x800005ee (0x00222aa3) sw      sp, 21(tp)
core   0: 3 0x800005ee (0x00222aa3) mem 0x8001bd28 0x00000000
core   0: 0x800005f2 (0x01024583) lbu     a1, 16(tp)
core   0: 3 0x800005f2 (0x01024583) x11 0x00000000 mem 0x8001bd23
core   0: 0x800005f6 (0x00008c7d) c.and   s0, a5
core   0: 3 0x800005f6 (0x8c7d) x 8 0x00000000
core   0: 0x800005f8 (0x02b091b3) mulh    gp, ra, a1
core   0: 3 0x800005f8 (0x02b091b3) x 3 0x00000000
core   0: 0x800005fc (0x01c08033) add     zero, ra, t3
core   0: 3 0x800005fc (0x01c08033)
core   0: 0x80000600 (0x03fcb133) mulhu   sp, s9, t6
core   0: 3 0x80000600 (0x03fcb133) x 2 0x00000000
core   0: 0x80000604 (0x01922aa3) sw      s9, 21(tp)
core   0: 3 0x80000604 (0x01922aa3) mem 0x8001bd28 0x00000000
core   0: 0x80000608 (0xffe20823) sb      t5, -16(tp)
core   0: 3 0x80000608 (0xffe20823) mem 0x8001bd03 0x0
core   0: 0x8000060c (0xffc00593) li      a1, -4
core   0: 3 0x8000060c (0xffc00593) x11 0xfffffffc
core   0: 0x80000610 (0x43caa313) slti    t1, s5, 1084
core   0: 3 0x80000610 (0x43caa313) x 6 0x00000001
core   0: 0x80000614 (0x00000001) c.nop
core   0: 3 0x80000614 (0x0001)
core   0: 0x80000616 (0x03181833) mulh    a6, a6, a7
core   0: 3 0x80000616 (0x03181833) x16 0x00000000
core   0: 0x8000061a (0x0000668d) c.lui   a3, 0x3
core   0: 3 0x8000061a (0x668d) x13 0x00003000
core   0: 0x8000061c (0x01879813) slli    a6, a5, 24
core   0: 3 0x8000061c (0x01879813) x16 0x00000000
core   0: 0x80000620 (0x00000591) c.addi  a1, 4
core   0: 3 0x80000620 (0x0591) x11 0x00000000
core   0: 0x80000622 (0xff600713) li      a4, -10
core   0: 3 0x80000622 (0xff600713) x14 0xfffffff6
core   0: 0x80000626 (0x03616d33) rem     s10, sp, s6
core   0: 3 0x80000626 (0x03616d33) x26 0x00000000
core   0: 0x8000062a (0x00200f13) li      t5, 2
core   0: 3 0x8000062a (0x00200f13) x30 0x00000002
core   0: 0x8000062e (0x000004ea) c.slli  s1, 26
core   0: 3 0x8000062e (0x04ea) x 9 0x80000000
core   0: 0x80000630 (0x027a08b3) mul     a7, s4, t2
core   0: 3 0x80000630 (0x027a08b3) x17 0x00000000
core   0: 0x80000634 (0x0000100f) fence.i
core   0: 3 0x80000634 (0x0000100f)
core   0: 0x80000638 (0x0292bfb3) mulhu   t6, t0, s1
core   0: 3 0x80000638 (0x0292bfb3) x31 0x33a3d295
core   0: 0x8000063c (0x00000719) c.addi  a4, 6
core   0: 3 0x8000063c (0x0719) x14 0xfffffffc
core   0: 0x8000063e (0xffe769e3) bltu    a4, t5, pc - 14
core   0: 3 0x8000063e (0xffe769e3)
core   0: 0x80000642 (0xbc5fe893) ori     a7, t6, -1083
core   0: 3 0x80000642 (0xbc5fe893) x17 0xfffffbd5
core   0: 0x80000646 (0x029b50b3) divu    ra, s6, s1
core   0: 3 0x80000646 (0x029b50b3) x 1 0x00000000
core   0: 0x8000064a (0x01150433) add     s0, a0, a7
core   0: 3 0x8000064a (0x01150433) x 8 0x800298b9
core   0: 0x8000064e (0x0000d5e1) c.beqz  a1, pc - 56
core   0: 3 0x8000064e (0xd5e1)
core   0: 0x80000616 (0x03181833) mulh    a6, a6, a7
core   0: 3 0x80000616 (0x03181833) x16 0x00000000
core   0: 0x8000061a (0x0000668d) c.lui   a3, 0x3
core   0: 3 0x8000061a (0x668d) x13 0x00003000
core   0: 0x8000061c (0x01879813) slli    a6, a5, 24
core   0: 3 0x8000061c (0x01879813) x16 0x00000000
core   0: 0x80000620 (0x00000591) c.addi  a1, 4
core   0: 3 0x80000620 (0x0591) x11 0x00000004
core   0: 0x80000622 (0xff600713) li      a4, -10
core   0: 3 0x80000622 (0xff600713) x14 0xfffffff6
core   0: 0x80000626 (0x03616d33) rem     s10, sp, s6
core   0: 3 0x80000626 (0x03616d33) x26 0x00000000
core   0: 0x8000062a (0x00200f13) li      t5, 2
core   0: 3 0x8000062a (0x00200f13) x30 0x00000002
core   0: 0x8000062e (0x000004ea) c.slli  s1, 26
core   0: 3 0x8000062e (0x04ea) x 9 0x00000000
core   0: 0x80000630 (0x027a08b3) mul     a7, s4, t2
core   0: 3 0x80000630 (0x027a08b3) x17 0x00000000
core   0: 0x80000634 (0x0000100f) fence.i
core   0: 3 0x80000634 (0x0000100f)
core   0: 0x80000638 (0x0292bfb3) mulhu   t6, t0, s1
core   0: 3 0x80000638 (0x0292bfb3) x31 0x00000000
core   0: 0x8000063c (0x00000719) c.addi  a4, 6
core   0: 3 0x8000063c (0x0719) x14 0xfffffffc
core   0: 0x8000063e (0xffe769e3) bltu    a4, t5, pc - 14
core   0: 3 0x8000063e (0xffe769e3)
core   0: 0x80000642 (0xbc5fe893) ori     a7, t6, -1083
core   0: 3 0x80000642 (0xbc5fe893) x17 0xfffffbc5
core   0: 0x80000646 (0x029b50b3) divu    ra, s6, s1
core   0: 3 0x80000646 (0x029b50b3) x 1 0xffffffff
core   0: 0x8000064a (0x01150433) add     s0, a0, a7
core   0: 3 0x8000064a (0x01150433) x 8 0x800298a9
core   0: 0x8000064e (0x0000d5e1) c.beqz  a1, pc - 56
core   0: 3 0x8000064e (0xd5e1)
core   0: 0x80000650 (0x039a2313) slti    t1, s4, 57
core   0: 3 0x80000650 (0x039a2313) x 6 0x00000001
core   0: 0x80000654 (0x00010c17) auipc   s8, 0x10
core   0: 3 0x80000654 (0x00010c17) x24 0x80010654
core   0: 0x80000658 (0x060c0c13) addi    s8, s8, 96
core   0: 3 0x80000658 (0x060c0c13) x24 0x800106b4
core   0: 0x8000065c (0xd48c1523) sh      s0, -694(s8)
core   0: 3 0x8000065c (0xd48c1523) mem 0x800103fe 0x98a9
core   0: 0x80000660 (0xbd0c4783) lbu     a5, -1072(s8)
core   0: 3 0x80000660 (0xbd0c4783) x15 0x00000000 mem 0x80010284
core   0: 0x80000664 (0x03aba5b3) mulhsu  a1, s7, s10
core   0: 3 0x80000664 (0x03aba5b3) x11 0x00000000
core   0: 0x80000668 (0x3fcc0203) lb      tp, 1020(s8)
core   0: 3 0x80000668 (0x3fcc0203) x 4 0x00000000 mem 0x80010ab0
core   0: 0x8000066c (0x01734bb3) xor     s7, t1, s7
core   0: 3 0x8000066c (0x01734bb3) x23 0x00000001
core   0: 0x80000670 (0x0182a833) slt     a6, t0, s8
core   0: 3 0x80000670 (0x0182a833) x16 0x00000000
core   0: 0x80000674 (0x058c2d03) lw      s10, 88(s8)
core   0: 3 0x80000674 (0x058c2d03) x26 0x00000000 mem 0x8001070c
core   0: 0x80000678 (0x0bbc0a83) lb      s5, 187(s8)
core   0: 3 0x80000678 (0x0bbc0a83) x21 0x00000000 mem 0x8001076f
core   0: 0x8000067c (0xc7ac1703) lh      a4, -902(s8)
core   0: 3 0x8000067c (0xc7ac1703) x14 0x00000000 mem 0x8001032e
core   0: 0x80000680 (0xb66c0423) sb      t1, -1176(s8)
core   0: 3 0x80000680 (0xb66c0423) mem 0x8001021c 0x1
core   0: 0x80000684 (0x9a6c5903) lhu     s2, -1626(s8)
core   0: 3 0x80000684 (0x9a6c5903) x18 0x00000000 mem 0x8001005a
core   0: 0x80000688 (0x00008021) c.srli  s0, 8
core   0: 3 0x80000688 (0x8021) x 8 0x00800298
core   0: 0x8000068a (0x00ee34b3) sltu    s1, t3, a4
core   0: 3 0x8000068a (0x00ee34b3) x 9 0x00000000
core   0: 0x8000068e (0x86a2fb13) andi    s6, t0, -1942
core   0: 3 0x8000068e (0x86a2fb13) x22 0x6747a02a
core   0: 0x80000692 (0xc02c1e83) lh      t4, -1022(s8)
core   0: 3 0x80000692 (0xc02c1e83) x29 0x00000000 mem 0x800102b6
core   0: 0x80000696 (0x0ff0000f) fence   iorw,iorw
core   0: 3 0x80000696 (0x0ff0000f)
core   0: 0x8000069a (0xf2fc0103) lb      sp, -209(s8)
core   0: 3 0x8000069a (0xf2fc0103) x 2 0x00000000 mem 0x800105e3
core   0: 0x8000069e (0x0000717d) c.addi16sp sp, -16
core   0: 3 0x8000069e (0x717d) x 2 0xfffffff0
core   0: 0x800006a0 (0x000084a1) c.srai  s1, 8
core   0: 3 0x800006a0 (0x84a1) x 9 0x00000000
core   0: 0x800006a2 (0x4167d713) srai    a4, a5, 22
core   0: 3 0x800006a2 (0x4167d713) x14 0x00000000
core   0: 0x800006a6 (0x520ec593) xori    a1, t4, 1312
core   0: 3 0x800006a6 (0x520ec593) x11 0x00000520
core   0: 0x800006aa (0x0343ceb3) div     t4, t2, s4
core   0: 3 0x800006aa (0x0343ceb3) x29 0xffffffff
core   0: 0x800006ae (0xf3ec5483) lhu     s1, -194(s8)
core   0: 3 0x800006ae (0xf3ec5483) x 9 0x00000000 mem 0x800105f2
core   0: 0x800006b2 (0x3f7c0b23) sb      s7, 1014(s8)
core   0: 3 0x800006b2 (0x3f7c0b23) mem 0x80010aaa 0x1
core   0: 0x800006b6 (0x02028b33) mul     s6, t0, zero
core   0: 3 0x800006b6 (0x02028b33) x22 0x00000000
core   0: 0x800006ba (0x03694f33) div     t5, s2, s6
core   0: 3 0x800006ba (0x03694f33) x30 0xffffffff
core   0: 0x800006be (0x00008785) c.srai  a5, 1
core   0: 3 0x800006be (0x8785) x15 0x00000000
core   0: 0x800006c0 (0xc52c04a3) sb      s2, -951(s8)
core   0: 3 0x800006c0 (0xc52c04a3) mem 0x800102fd 0x0
core   0: 0x800006c4 (0x00004b41) c.li    s6, 16
core   0: 3 0x800006c4 (0x4b41) x22 0x00000010
core   0: 0x800006c6 (0xac6c1e83) lh      t4, -1338(s8)
core   0: 3 0x800006c6 (0xac6c1e83) x29 0x00000000 mem 0x8001017a
core   0: 0x800006ca (0xa82634b7) lui     s1, 0xa8263
core   0: 3 0x800006ca (0xa82634b7) x 9 0xa8263000
core   0: 0x800006ce (0x526c4f03) lbu     t5, 1318(s8)
core   0: 3 0x800006ce (0x526c4f03) x30 0x00000000 mem 0x80010bda
core   0: 0x800006d2 (0x0ff0000f) fence   iorw,iorw
core   0: 3 0x800006d2 (0x0ff0000f)
core   0: 0x800006d6 (0xe5a9ec93) ori     s9, s3, -422
core   0: 3 0x800006d6 (0xe5a9ec93) x25 0xfffffe5a
core   0: 0x800006da (0x029d1433) mulh    s0, s10, s1
core   0: 3 0x800006da (0x029d1433) x 8 0x00000000
core   0: 0x800006de (0xb34c2e23) sw      s4, -1220(s8)
core   0: 3 0x800006de (0xb34c2e23) mem 0x800101f0 0x00000000
core   0: 0x800006e2 (0x00008f7d) c.and   a4, a5
core   0: 3 0x800006e2 (0x8f7d) x14 0x00000000
core   0: 0x800006e4 (0x99ec1483) lh      s1, -1634(s8)
core   0: 3 0x800006e4 (0x99ec1483) x 9 0x00000000 mem 0x80010052
core   0: 0x800006e8 (0x000013fd) c.addi  t2, -1
core   0: 3 0x800006e8 (0x13fd) x 7 0x80029cfc
core   0: 0x800006ea (0x00000afa) c.slli  s5, 30
core   0: 3 0x800006ea (0x0afa) x21 0x00000000
core   0: 0x800006ec (0x064c4e03) lbu     t3, 100(s8)
core   0: 3 0x800006ec (0x064c4e03) x28 0x00000000 mem 0x80010718
core   0: 0x800006f0 (0x00015f97) auipc   t6, 0x15
core   0: 3 0x800006f0 (0x00015f97) x31 0x800156f0
core   0: 0x800006f4 (0xcb6f8f93) addi    t6, t6, -842
core   0: 3 0x800006f4 (0xcb6f8f93) x31 0x800153a6
core   0: 0x800006f8 (0x0001b897) auipc   a7, 0x1b
core   0: 3 0x800006f8 (0x0001b897) x17 0x8001b6f8
core   0: 0x800006fc (0x26c88893) addi    a7, a7, 620
core   0: 3 0x800006fc (0x26c88893) x17 0x8001b964
core   0: 0x80000700 (0x00020a97) auipc   s5, 0x20
core   0: 3 0x80000700 (0x00020a97) x21 0x80020700
core   0: 0x80000704 (0xeaea8a93) addi    s5, s5, -338
core   0: 3 0x80000704 (0xeaea8a93) x21 0x800205ae
core   0: 0x80000708 (0xfe08d903) lhu     s2, -32(a7)
core   0: 3 0x80000708 (0xfe08d903) x18 0x00000000 mem 0x8001b944
core   0: 0x8000070c (0x00016197) auipc   gp, 0x16
core   0: 3 0x8000070c (0x00016197) x 3 0x8001670c
core   0: 0x80000710 (0x06018193) addi    gp, gp, 96
core   0: 3 0x80000710 (0x06018193) x 3 0x8001676c
core   0: 0x80000714 (0x02818923) sb      s0, 50(gp)
core   0: 3 0x80000714 (0x02818923) mem 0x8001679e 0x0
core   0: 0x80000718 (0xdfff80a3) sb      t6, -543(t6)
core   0: 3 0x80000718 (0xdfff80a3) mem 0x80015187 0xa6
core   0: 0x8000071c (0x0221c783) lbu     a5, 34(gp)
core   0: 3 0x8000071c (0x0221c783) x15 0x00000000 mem 0x8001678e
core   0: 0x80000720 (0x05fa8023) sb      t6, 64(s5)
core   0: 3 0x80000720 (0x05fa8023) mem 0x800205ee 0xa6
core   0: 0x80000724 (0x03119123) sh      a7, 34(gp)
core   0: 3 0x80000724 (0x03119123) mem 0x8001678e 0xb964
core   0: 0x80000728 (0x1d1fce83) lbu     t4, 465(t6)
core   0: 3 0x80000728 (0x1d1fce83) x29 0x00000000 mem 0x80015577
core   0: 0x8000072c (0xfe9a8da3) sb      s1, -5(s5)
core   0: 3 0x8000072c (0xfe9a8da3) mem 0x800205a9 0x0
core   0: 0x80000730 (0xfe088a23) sb      zero, -12(a7)
core   0: 3 0x80000730 (0xfe088a23) mem 0x8001b958 0x0
core   0: 0x80000734 (0x0151c383) lbu     t2, 21(gp)
core   0: 3 0x80000734 (0x0151c383) x 7 0x00000000 mem 0x80016781
core   0: 0x80000738 (0x620f84a3) sb      zero, 1577(t6)
core   0: 3 0x80000738 (0x620f84a3) mem 0x800159cf 0x0
core   0: 0x8000073c (0x003a8c03) lb      s8, 3(s5)
core   0: 3 0x8000073c (0x003a8c03) x24 0x00000000 mem 0x800205b1
core   0: 0x80000740 (0xfdd88703) lb      a4, -35(a7)
core   0: 3 0x80000740 (0xfdd88703) x14 0x00000000 mem 0x8001b941
core   0: 0x80000744 (0x8b6fd983) lhu     s3, -1866(t6)
core   0: 3 0x80000744 (0x8b6fd983) x19 0x00000000 mem 0x80014c5c
core   0: 0x80000748 (0x01218c83) lb      s9, 18(gp)
core   0: 3 0x80000748 (0x01218c83) x25 0x00000000 mem 0x8001677e
core   0: 0x8000074c (0xfcb8c683) lbu     a3, -53(a7)
core   0: 3 0x8000074c (0xfcb8c683) x13 0x00000000 mem 0x8001b92f
core   0: 0x80000750 (0xfdbaa723) sw      s11, -50(s5)
core   0: 3 0x80000750 (0xfdbaa723) mem 0x8002057c 0x4242e194
core   0: 0x80000754 (0xfd888683) lb      a3, -40(a7)
core   0: 3 0x80000754 (0xfd888683) x13 0x00000000 mem 0x8001b93c
core   0: 0x80000758 (0x139f80a3) sb      s9, 289(t6)
core   0: 3 0x80000758 (0x139f80a3) mem 0x800154c7 0x0
core   0: 0x8000075c (0xfcd88ca3) sb      a3, -39(a7)
core   0: 3 0x8000075c (0xfcd88ca3) mem 0x8001b93d 0x0
core   0: 0x80000760 (0x0288cc03) lbu     s8, 40(a7)
core   0: 3 0x80000760 (0x0288cc03) x24 0x00000000 mem 0x8001b98c
core   0: 0x80000764 (0xff4a8403) lb      s0, -12(s5)
core   0: 3 0x80000764 (0xff4a8403) x 8 0x00000000 mem 0x800205a2
core   0: 0x80000768 (0x1b9fce83) lbu     t4, 441(t6)
core   0: 3 0x80000768 (0x1b9fce83) x29 0x00000000 mem 0x8001555f
core   0: 0x8000076c (0xffe89e03) lh      t3, -2(a7)
core   0: 3 0x8000076c (0xffe89e03) x28 0x00000000 mem 0x8001b962
core   0: 0x80000770 (0x02a1c303) lbu     t1, 42(gp)
core   0: 3 0x80000770 (0x02a1c303) x 6 0x00000000 mem 0x80016796
core   0: 0x80000774 (0x9f5fc103) lbu     sp, -1547(t6)
core   0: 3 0x80000774 (0x9f5fc103) x 2 0x00000000 mem 0x80014d9b
core   0: 0x80000778 (0x023aad23) sw      gp, 58(s5)
core   0: 3 0x80000778 (0x023aad23) mem 0x800205e8 0x8001676c
core   0: 0x8000077c (0x00017297) auipc   t0, 0x17
core   0: 3 0x8000077c (0x00017297) x 5 0x8001777c
core   0: 0x80000780 (0x04528293) addi    t0, t0, 69
core   0: 3 0x80000780 (0x04528293) x 5 0x800177c1
core   0: 0x80000784 (0x8e528183) lb      gp, -1819(t0)
core   0: 3 0x80000784 (0x8e528183) x 3 0x00000000 mem 0x800170a6
core   0: 0x80000788 (0x85b29aa3) sh      s11, -1963(t0)
core   0: 3 0x80000788 (0x85b29aa3) mem 0x80017016 0xe194
core   0: 0x8000078c (0xc0c2c583) lbu     a1, -1012(t0)
core   0: 3 0x8000078c (0xc0c2c583) x11 0x00000000 mem 0x800173cd
core   0: 0x80000790 (0xeb329ca3) sh      s3, -327(t0)
core   0: 3 0x80000790 (0xeb329ca3) mem 0x8001767a 0x0000
core   0: 0x80000794 (0x300f2cb7) lui     s9, 0x300f2
core   0: 3 0x80000794 (0x300f2cb7) x25 0x300f2000
core   0: 0x80000798 (0x1851bfb7) lui     t6, 0x1851b
core   0: 3 0x80000798 (0x1851bfb7) x31 0x1851b000
core   0: 0x8000079c (0xa8428b83) lb      s7, -1404(t0)
core   0: 3 0x8000079c (0xa8428b83) x23 0x00000000 mem 0x80017245
core   0: 0x800007a0 (0x92928d23) sb      s1, -1734(t0)
core   0: 3 0x800007a0 (0x92928d23) mem 0x800170fb 0x0
core   0: 0x800007a4 (0xc4529fa3) sh      t0, -929(t0)
core   0: 3 0x800007a4 (0xc4529fa3) mem 0x80017420 0x77c1
core   0: 0x800007a8 (0x6992c383) lbu     t2, 1689(t0)
core   0: 3 0x800007a8 (0x6992c383) x 7 0x00000000 mem 0x80017e5a
core   0: 0x800007ac (0x28529803) lh      a6, 645(t0)
core   0: 3 0x800007ac (0x28529803) x16 0x00000000 mem 0x80017a46
core   0: 0x800007b0 (0x56528123) sb      t0, 1378(t0)
core   0: 3 0x800007b0 (0x56528123) mem 0x80017d23 0xc1
core   0: 0x800007b4 (0x0cc28083) lb      ra, 204(t0)
core   0: 3 0x800007b4 (0x0cc28083) x 1 0x00000000 mem 0x8001788d
core   0: 0x800007b8 (0xf712cb83) lbu     s7, -143(t0)
core   0: 3 0x800007b8 (0xf712cb83) x23 0x00000000 mem 0x80017732
core   0: 0x800007bc (0x00000001) c.nop
core   0: 3 0x800007bc (0x0001)
core   0: 0x800007be (0x0000717d) c.addi16sp sp, -16
core   0: 3 0x800007be (0x717d) x 2 0xfffffff0
core   0: 0x800007c0 (0x3a92a7a3) sw      s1, 943(t0)
core   0: 3 0x800007c0 (0x3a92a7a3) mem 0x80017b70 0x00000000
core   0: 0x800007c4 (0x85d29c03) lh      s8, -1955(t0)
core   0: 3 0x800007c4 (0x85d29c03) x24 0x00000000 mem 0x8001701e
core   0: 0x800007c8 (0x73d290a3) sh      t4, 1825(t0)
core   0: 3 0x800007c8 (0x73d290a3) mem 0x80017ee2 0x0000
core   0: 0x800007cc (0x00bb9b13) slli    s6, s7, 11
core   0: 3 0x800007cc (0x00bb9b13) x22 0x00000000
core   0: 0x800007d0 (0x00008ea1) c.xor   a3, s0
core   0: 3 0x800007d0 (0x8ea1) x13 0x00000000
core   0: 0x800007d2 (0x0000017e) c.slli  sp, 31
core   0: 3 0x800007d2 (0x017e) x 2 0x00000000
core   0: 0x800007d4 (0x89128a23) sb      a7, -1900(t0)
core   0: 3 0x800007d4 (0x89128a23) mem 0x80017055 0x64
core   0: 0x800007d8 (0x75b28f23) sb      s11, 1886(t0)
core   0: 3 0x800007d8 (0x75b28f23) mem 0x80017f1f 0x94
core   0: 0x800007dc (0xee02c403) lbu     s0, -288(t0)
core   0: 3 0x800007dc (0xee02c403) x 8 0x00000000 mem 0x800176a1
core   0: 0x800007e0 (0xbda28f03) lb      t5, -1062(t0)
core   0: 3 0x800007e0 (0xbda28f03) x30 0x00000000 mem 0x8001739b
core   0: 0x800007e4 (0x1f22c083) lbu     ra, 498(t0)
core   0: 3 0x800007e4 (0x1f22c083) x 1 0x00000000 mem 0x800179b3
core   0: 0x800007e8 (0x61f29e83) lh      t4, 1567(t0)
core   0: 3 0x800007e8 (0x61f29e83) x29 0x00000000 mem 0x80017de0
core   0: 0x800007ec (0xa452c583) lbu     a1, -1467(t0)
core   0: 3 0x800007ec (0xa452c583) x11 0x00000000 mem 0x80017206
core   0: 0x800007f0 (0x00008fc9) c.or    a5, a0
core   0: 3 0x800007f0 (0x8fc9) x15 0x80029ce4
core   0: 0x800007f2 (0x8722c383) lbu     t2, -1934(t0)
core   0: 3 0x800007f2 (0x8722c383) x 7 0x00000000 mem 0x80017033
core   0: 0x800007f6 (0x039dc933) div     s2, s11, s9
core   0: 3 0x800007f6 (0x039dc933) x18 0x00000001
core   0: 0x800007fa (0x030c39b3) mulhu   s3, s8, a6
core   0: 3 0x800007fa (0x030c39b3) x19 0x00000000
core   0: 0x800007fe (0x00008079) c.srli  s0, 30
core   0: 3 0x800007fe (0x8079) x 8 0x00000000
core   0: 0x80000800 (0x0302ebb3) rem     s7, t0, a6
core   0: 3 0x80000800 (0x0302ebb3) x23 0x800177c1
core   0: 0x80000804 (0x9f12cf03) lbu     t5, -1551(t0)
core   0: 3 0x80000804 (0x9f12cf03) x30 0x00000000 mem 0x800171b2
core   0: 0x80000808 (0x00020a97) auipc   s5, 0x20
core   0: 3 0x80000808 (0x00020a97) x21 0x80020808
core   0: 0x8000080c (0xc3ba8a93) addi    s5, s5, -965
core   0: 3 0x8000080c (0xc3ba8a93) x21 0x80020443
core   0: 0x80000810 (0x00010e17) auipc   t3, 0x10
core   0: 3 0x80000810 (0x00010e17) x28 0x80010810
core   0: 0x80000814 (0x230e0e13) addi    t3, t3, 560
core   0: 3 0x80000814 (0x230e0e13) x28 0x80010a40
core   0: 0x80000818 (0xff4ac103) lbu     sp, -12(s5)
core   0: 3 0x80000818 (0xff4ac103) x 2 0x00000000 mem 0x80020437
core   0: 0x8000081c (0xff8ac183) lbu     gp, -8(s5)
core   0: 3 0x8000081c (0xff8ac183) x 3 0x00000000 mem 0x8002043b
core   0: 0x80000820 (0xffea89a3) sb      t5, -13(s5)
core   0: 3 0x80000820 (0xffea89a3) mem 0x80020436 0x0
core   0: 0x80000824 (0x394e0583) lb      a1, 916(t3)
core   0: 3 0x80000824 (0x394e0583) x11 0x00000000 mem 0x80010dd4
core   0: 0x80000828 (0xff8a8b03) lb      s6, -8(s5)
core   0: 3 0x80000828 (0xff8a8b03) x22 0x00000000 mem 0x8002043b
core   0: 0x8000082c (0x00da9d03) lh      s10, 13(s5)
core   0: 3 0x8000082c (0x00da9d03) x26 0x00000000 mem 0x80020450
core   0: 0x80000830 (0x003adc03) lhu     s8, 3(s5)
core   0: 3 0x80000830 (0x003adc03) x24 0x00000000 mem 0x80020446
core   0: 0x80000834 (0xff8a8403) lb      s0, -8(s5)
core   0: 3 0x80000834 (0xff8a8403) x 8 0x00000000 mem 0x8002043b
core   0: 0x80000838 (0x923e0e83) lb      t4, -1757(t3)
core   0: 3 0x80000838 (0x923e0e83) x29 0x00000000 mem 0x80010363
core   0: 0x8000083c (0x008aa6a3) sw      s0, 13(s5)
core   0: 3 0x8000083c (0x008aa6a3) mem 0x80020450 0x00000000
core   0: 0x80000840 (0x840e1423) sh      zero, -1976(t3)
core   0: 3 0x80000840 (0x840e1423) mem 0x80010288 0x0000
core   0: 0x80000844 (0xb04e4203) lbu     tp, -1276(t3)
core   0: 3 0x80000844 (0xb04e4203) x 4 0x00000000 mem 0x80010544
core   0: 0x80000848 (0x00ea8203) lb      tp, 14(s5)
core   0: 3 0x80000848 (0x00ea8203) x 4 0x00000000 mem 0x80020451
core   0: 0x8000084c (0xdd2e4583) lbu     a1, -558(t3)
core   0: 3 0x8000084c (0xdd2e4583) x11 0x00000000 mem 0x80010812
core   0: 0x80000850 (0x0001df97) auipc   t6, 0x1d
core   0: 3 0x80000850 (0x0001df97) x31 0x8001d850
core   0: 0x80000854 (0x856f8f93) addi    t6, t6, -1962
core   0: 3 0x80000854 (0x856f8f93) x31 0x8001d0a6
core   0: 0x80000858 (0x031718b3) mulh    a7, a4, a7
core   0: 3 0x80000858 (0x031718b3) x17 0x00000000
core   0: 0x8000085c (0xa2cf8703) lb      a4, -1492(t6)
core   0: 3 0x8000085c (0xa2cf8703) x14 0x00000000 mem 0x8001cad2
core   0: 0x80000860 (0xb60f8ba3) sb      zero, -1161(t6)
core   0: 3 0x80000860 (0xb60f8ba3) mem 0x8001cc1d 0x0
core   0: 0x80000864 (0x156fdf03) lhu     t5, 342(t6)
core   0: 3 0x80000864 (0x156fdf03) x30 0x00000000 mem 0x8001d1fc
core   0: 0x80000868 (0x000098c6) c.add   a7, a7
core   0: 3 0x80000868 (0x98c6) x17 0x00000000
core   0: 0x8000086a (0x00000742) c.slli  a4, 16
core   0: 3 0x8000086a (0x0742) x14 0x00000000
core   0: 0x8000086c (0x40ef0733) sub     a4, t5, a4
core   0: 3 0x8000086c (0x40ef0733) x14 0x00000000
core   0: 0x80000870 (0x000d68b3) or      a7, s10, zero
core   0: 3 0x80000870 (0x000d68b3) x17 0x00000000
core   0: 0x80000874 (0x0000870a) c.mv    a4, sp
core   0: 3 0x80000874 (0x870a) x14 0x00000000
core   0: 0x80000876 (0x00008f79) c.and   a4, a4
core   0: 3 0x80000876 (0x8f79) x14 0x00000000
core   0: 0x80000878 (0x0acf9f03) lh      t5, 172(t6)
core   0: 3 0x80000878 (0x0acf9f03) x30 0x00000000 mem 0x8001d152
core   0: 0x8000087c (0x0d4f9d03) lh      s10, 212(t6)
core   0: 3 0x8000087c (0x0d4f9d03) x26 0x00000000 mem 0x8001d17a
core   0: 0x80000880 (0xa7dad717) auipc   a4, 0xa7dad
core   0: 3 0x80000880 (0xa7dad717) x14 0x27dad880
core   0: 0x80000884 (0xba76cd17) auipc   s10, 0xba76c
core   0: 3 0x80000884 (0xba76cd17) x26 0x3a76c884
core   0: 0x80000888 (0x44cfdd03) lhu     s10, 1100(t6)
core   0: 3 0x80000888 (0x44cfdd03) x26 0x00000000 mem 0x8001d4f2
core   0: 0x8000088c (0x80afa883) lw      a7, -2038(t6)
core   0: 3 0x8000088c (0x80afa883) x17 0x00000000 mem 0x8001c8b0
core   0: 0x80000890 (0x0abfc883) lbu     a7, 171(t6)
core   0: 3 0x80000890 (0x0abfc883) x17 0x00000000 mem 0x8001d151
core   0: 0x80000894 (0x1e1f8f03) lb      t5, 481(t6)
core   0: 3 0x80000894 (0x1e1f8f03) x30 0x00000000 mem 0x8001d287
core   0: 0x80000898 (0x01e8fd33) and     s10, a7, t5
core   0: 3 0x80000898 (0x01e8fd33) x26 0x00000000
core   0: 0x8000089c (0x02e77033) remu    zero, a4, a4
core   0: 3 0x8000089c (0x02e77033)
core   0: 0x800008a0 (0x471faf23) sw      a7, 1150(t6)
core   0: 3 0x800008a0 (0x471faf23) mem 0x8001d524 0x00000000
core   0: 0x800008a4 (0x020d78b3) remu    a7, s10, zero
core   0: 3 0x800008a4 (0x020d78b3) x17 0x00000000
core   0: 0x800008a8 (0x000d08b3) add     a7, s10, zero
core   0: 3 0x800008a8 (0x000d08b3) x17 0x00000000
core   0: 0x800008ac (0x03117033) remu    zero, sp, a7
core   0: 3 0x800008ac (0x03117033)
core   0: 0x800008b0 (0x751f8023) sb      a7, 1856(t6)
core   0: 3 0x800008b0 (0x751f8023) mem 0x8001d7e6 0x0
core   0: 0x800008b4 (0x000f18b3) sll     a7, t5, zero
core   0: 3 0x800008b4 (0x000f18b3) x17 0x00000000
core   0: 0x800008b8 (0x00008f19) c.sub   a4, a4
core   0: 3 0x800008b8 (0x8f19) x14 0x00000000
core   0: 0x800008ba (0x03a038b3) mulhu   a7, zero, s10
core   0: 3 0x800008ba (0x03a038b3) x17 0x00000000
core   0: 0x800008be (0x00615d13) srli    s10, sp, 6
core   0: 3 0x800008be (0x00615d13) x26 0x00000000
core   0: 0x800008c2 (0x048f9003) lh      zero, 72(t6)
core   0: 3 0x800008c2 (0x048f9003) mem 0x8001d0ee
core   0: 0x800008c6 (0x00212133) slt     sp, sp, sp
core   0: 3 0x800008c6 (0x00212133) x 2 0x00000000
core   0: 0x800008ca (0xb1cf8703) lb      a4, -1252(t6)
core   0: 3 0x800008ca (0xb1cf8703) x14 0x00000000 mem 0x8001cbc2
core   0: 0x800008ce (0x8b7fcf03) lbu     t5, -1865(t6)
core   0: 3 0x800008ce (0x8b7fcf03) x30 0x00000000 mem 0x8001c95d
core   0: 0x800008d2 (0x49afab23) sw      s10, 1174(t6)
core   0: 3 0x800008d2 (0x49afab23) mem 0x8001d53c 0x00000000
core   0: 0x800008d6 (0xb40f9103) lh      sp, -1216(t6)
core   0: 3 0x800008d6 (0xb40f9103) x 2 0x00000000 mem 0x8001cbe6
core   0: 0x800008da (0x76e88013) addi    zero, a7, 1902
core   0: 3 0x800008da (0x76e88013)
core   0: 0x800008de (0x31efd883) lhu     a7, 798(t6)
core   0: 3 0x800008de (0x31efd883) x17 0x00000000 mem 0x8001d3c4
core   0: 0x800008e2 (0x839fc103) lbu     sp, -1991(t6)
core   0: 3 0x800008e2 (0x839fc103) x 2 0x00000000 mem 0x8001c8df
core   0: 0x800008e6 (0x02e76d33) rem     s10, a4, a4
core   0: 3 0x800008e6 (0x02e76d33) x26 0x00000000
core   0: 0x800008ea (0xc9ef8ba3) sb      t5, -873(t6)
core   0: 3 0x800008ea (0xc9ef8ba3) mem 0x8001cd3d 0x0
core   0: 0x800008ee (0x37ef89a3) sb      t5, 883(t6)
core   0: 3 0x800008ee (0x37ef89a3) mem 0x8001d419 0x0
core   0: 0x800008f2 (0x0000717d) c.addi16sp sp, -16
core   0: 3 0x800008f2 (0x717d) x 2 0xfffffff0
core   0: 0x800008f4 (0xd98fc003) lbu     zero, -616(t6)
core   0: 3 0x800008f4 (0xd98fc003) mem 0x8001ce3e
core   0: 0x800008f8 (0x00008375) c.srli  a4, 29
core   0: 3 0x800008f8 (0x8375) x14 0x00000000
core   0: 0x800008fa (0x0008e733) or      a4, a7, zero
core   0: 3 0x800008fa (0x0008e733) x14 0x00000000
core   0: 0x800008fe (0x02e068b3) rem     a7, zero, a4
core   0: 3 0x800008fe (0x02e068b3) x17 0x00000000
core   0: 0x80000902 (0xc68f8703) lb      a4, -920(t6)
core   0: 3 0x80000902 (0xc68f8703) x14 0x00000000 mem 0x8001cd0e
core   0: 0x80000906 (0x0200036f) jal     t1, pc + 0x20
core   0: 3 0x80000906 (0x0200036f) x 6 0x8000090a
core   0: 0x80000926 (0x00003fcd) c.jal   pc - 14
core   0: 3 0x80000926 (0x3fcd) x 1 0x80000928
core   0: 0x80000918 (0x014000ef) jal     pc + 0x14
core   0: 3 0x80000918 (0x014000ef) x 1 0x8000091c
core   0: 0x8000092c (0x00003fdd) c.jal   pc - 10
core   0: 3 0x8000092c (0x3fdd) x 1 0x8000092e
core   0: 0x80000922 (0xffdff0ef) jal     pc - 0x4
core   0: 3 0x80000922 (0xffdff0ef) x 1 0x80000926
core   0: 0x8000091e (0x00003fc5) c.jal   pc - 16
core   0: 3 0x8000091e (0x3fc5) x 1 0x80000920
core   0: 0x8000090e (0x00e000ef) jal     pc + 0xe
core   0: 3 0x8000090e (0x00e000ef) x 1 0x80000912
core   0: 0x8000091c (0x00003fdd) c.jal   pc - 10
core   0: 3 0x8000091c (0x3fdd) x 1 0x8000091e
core   0: 0x80000912 (0x00002819) c.jal   pc + 22
core   0: 3 0x80000912 (0x2819) x 1 0x80000914
core   0: 0x80000928 (0xff9ff0ef) jal     pc - 0x8
core   0: 3 0x80000928 (0xff9ff0ef) x 1 0x8000092c
core   0: 0x80000920 (0x0000bfd5) c.j     pc - 12
core   0: 3 0x80000920 (0xbfd5)
core   0: 0x80000914 (0xff7ff3ef) jal     t2, pc - 0xa
core   0: 3 0x80000914 (0xff7ff3ef) x 7 0x80000918
core   0: 0x8000090a (0x024000ef) jal     pc + 0x24
core   0: 3 0x8000090a (0x024000ef) x 1 0x8000090e
core   0: 0x8000092e (0x02558833) mul     a6, a1, t0
core   0: 3 0x8000092e (0x02558833) x16 0x00000000
core   0: 0x80000932 (0x0060036f) jal     t1, pc + 0x6
core   0: 3 0x80000932 (0x0060036f) x 6 0x80000936
core   0: 0x80000938 (0x0060036f) jal     t1, pc + 0x6
core   0: 3 0x80000938 (0x0060036f) x 6 0x8000093c
core   0: 0x8000093e (0x00003fe5) c.jal   pc - 8
core   0: 3 0x8000093e (0x3fe5) x 1 0x80000940
core   0: 0x80000936 (0x00002839) c.jal   pc + 30
core   0: 3 0x80000936 (0x2839) x 1 0x80000938
core   0: 0x80000954 (0x004000ef) jal     pc + 0x4
core   0: 3 0x80000954 (0x004000ef) x 1 0x80000958
core   0: 0x80000958 (0x00003fd5) c.jal   pc - 12
core   0: 3 0x80000958 (0x3fd5) x 1 0x8000095a
core   0: 0x8000094c (0x00002809) c.jal   pc + 18
core   0: 3 0x8000094c (0x2809) x 1 0x8000094e
core   0: 0x8000095e (0xff5ffe6f) jal     t3, pc - 0xc
core   0: 3 0x8000095e (0xff5ffe6f) x28 0x80000962
core   0: 0x80000952 (0x0000b7fd) c.j     pc - 18
core   0: 3 0x80000952 (0xb7fd)
core   0: 0x80000940 (0x00002019) c.jal   pc + 6
core   0: 3 0x80000940 (0x2019) x 1 0x80000942
core   0: 0x80000946 (0xff7ff0ef) jal     pc - 0xa
core   0: 3 0x80000946 (0xff7ff0ef) x 1 0x8000094a
core   0: 0x8000093c (0x00002019) c.jal   pc + 6
core   0: 3 0x8000093c (0x2019) x 1 0x8000093e
core   0: 0x80000942 (0x00e0036f) jal     t1, pc + 0xe
core   0: 3 0x80000942 (0x00e0036f) x 6 0x80000946
core   0: 0x80000950 (0x0000a809) c.j     pc + 18
core   0: 3 0x80000950 (0xa809)
core   0: 0x80000962 (0xff9ff0ef) jal     pc - 0x8
core   0: 3 0x80000962 (0xff9ff0ef) x 1 0x80000966
core   0: 0x8000095a (0xff5ff36f) jal     t1, pc - 0xc
core   0: 3 0x8000095a (0xff5ff36f) x 6 0x8000095e
core   0: 0x8000094e (0x0000bff5) c.j     pc - 4
core   0: 3 0x8000094e (0xbff5)
core   0: 0x8000094a (0x0000a831) c.j     pc + 28
core   0: 3 0x8000094a (0xa831)
core   0: 0x80000966 (0x03f64733) div     a4, a2, t6
core   0: 3 0x80000966 (0x03f64733) x14 0x00000000
core   0: 0x8000096a (0x00018497) auipc   s1, 0x18
core   0: 3 0x8000096a (0x00018497) x 9 0x8001896a
core   0: 0x8000096e (0x3d148493) addi    s1, s1, 977
core   0: 3 0x8000096e (0x3d148493) x 9 0x80018d3b
core   0: 0x80000972 (0x6ae4cb03) lbu     s6, 1710(s1)
core   0: 3 0x80000972 (0x6ae4cb03) x22 0x00000000 mem 0x800193e9
core   0: 0x80000976 (0x024b3433) mulhu   s0, s6, tp
core   0: 3 0x80000976 (0x024b3433) x 8 0x00000000
core   0: 0x8000097a (0x00008db9) c.xor   a1, a4
core   0: 3 0x8000097a (0x8db9) x11 0x00000000
core   0: 0x8000097c (0x0000823a) c.mv    tp, a4
core   0: 3 0x8000097c (0x823a) x 4 0x00000000
core   0: 0x8000097e (0x05448583) lb      a1, 84(s1)
core   0: 3 0x8000097e (0x05448583) x11 0x00000000 mem 0x80018d8f
core   0: 0x80000982 (0x46848ba3) sb      s0, 1143(s1)
core   0: 3 0x80000982 (0x46848ba3) mem 0x800191b2 0x0
core   0: 0x80000986 (0xe064c403) lbu     s0, -506(s1)
core   0: 3 0x80000986 (0xe064c403) x 8 0x00000000 mem 0x80018b41
core   0: 0x8000098a (0x016705b3) add     a1, a4, s6
core   0: 3 0x8000098a (0x016705b3) x11 0x00000000
core   0: 0x8000098e (0x1cb48423) sb      a1, 456(s1)
core   0: 3 0x8000098e (0x1cb48423) mem 0x80018f03 0x0
core   0: 0x80000992 (0x000089bd) c.andi  a1, 15
core   0: 3 0x80000992 (0x89bd) x11 0x00000000
core   0: 0x80000994 (0xa0e48923) sb      a4, -1518(s1)
core   0: 3 0x80000994 (0xa0e48923) mem 0x8001874d 0x0
core   0: 0x80000998 (0x00005bfd) c.li    s7, -1
core   0: 3 0x80000998 (0x5bfd) x23 0xffffffff
core   0: 0x8000099a (0xf164aaa3) sw      s6, -235(s1)
core   0: 3 0x8000099a (0xf164aaa3) mem 0x80018c50 0x00000000
core   0: 0x8000099e (0x40b705b3) sub     a1, a4, a1
core   0: 3 0x8000099e (0x40b705b3) x11 0x00000000
core   0: 0x800009a2 (0x00bbe433) or      s0, s7, a1
core   0: 3 0x800009a2 (0x00bbe433) x 8 0xffffffff
core   0: 0x800009a6 (0xe97494a3) sh      s7, -375(s1)
core   0: 3 0x800009a6 (0xe97494a3) mem 0x80018bc4 0xffff
core   0: 0x800009aa (0x000085d5) c.srai  a1, 21
core   0: 3 0x800009aa (0x85d5) x11 0x00000000
core   0: 0x800009ac (0x00008c61) c.and   s0, s0
core   0: 3 0x800009ac (0x8c61) x 8 0xffffffff
core   0: 0x800009ae (0x00823bb3) sltu    s7, tp, s0
core   0: 3 0x800009ae (0x00823bb3) x23 0x00000001
core   0: 0x800009b2 (0x10448c23) sb      tp, 280(s1)
core   0: 3 0x800009b2 (0x10448c23) mem 0x80018e53 0x0
core   0: 0x800009b6 (0xec849aa3) sh      s0, -299(s1)
core   0: 3 0x800009b6 (0xec849aa3) mem 0x80018c10 0xffff
core   0: 0x800009ba (0x008b3bb3) sltu    s7, s6, s0
core   0: 3 0x800009ba (0x008b3bb3) x23 0x00000001
core   0: 0x800009be (0x40b70233) sub     tp, a4, a1
core   0: 3 0x800009be (0x40b70233) x 4 0x00000000
core   0: 0x800009c2 (0x00008c6d) c.and   s0, a1
core   0: 3 0x800009c2 (0x8c6d) x 8 0x00000000
core   0: 0x800009c4 (0x70b48323) sb      a1, 1798(s1)
core   0: 3 0x800009c4 (0x70b48323) mem 0x80019441 0x0
core   0: 0x800009c8 (0xbee48323) sb      a4, -1050(s1)
core   0: 3 0x800009c8 (0xbee48323) mem 0x80018921 0x0
core   0: 0x800009cc (0x00008f61) c.and   a4, s0
core   0: 3 0x800009cc (0x8f61) x14 0x00000000
core   0: 0x800009ce (0xe9c4c403) lbu     s0, -356(s1)
core   0: 3 0x800009ce (0xe9c4c403) x 8 0x00000000 mem 0x80018bd7
core   0: 0x800009d2 (0x00008041) c.srli  s0, 16
core   0: 3 0x800009d2 (0x8041) x 8 0x00000000
core   0: 0x800009d4 (0x5b648523) sb      s6, 1450(s1)
core   0: 3 0x800009d4 (0x5b648523) mem 0x800192e5 0x0
core   0: 0x800009d8 (0x70b48123) sb      a1, 1794(s1)
core   0: 3 0x800009d8 (0x70b48123) mem 0x8001943d 0x0
core   0: 0x800009dc (0x01459713) slli    a4, a1, 20
core   0: 3 0x800009dc (0x01459713) x14 0x00000000
core   0: 0x800009e0 (0x0000100f) fence.i
core   0: 3 0x800009e0 (0x0000100f)
core   0: 0x800009e4 (0xaa348b83) lb      s7, -1373(s1)
core   0: 3 0x800009e4 (0xaa348b83) x23 0x00000000 mem 0x800187de
core   0: 0x800009e8 (0xf6848323) sb      s0, -154(s1)
core   0: 3 0x800009e8 (0xf6848323) mem 0x80018ca1 0x0
core   0: 0x800009ec (0xd924cb83) lbu     s7, -622(s1)
core   0: 3 0x800009ec (0xd924cb83) x23 0x00000000 mem 0x80018acd
core   0: 0x800009f0 (0x3f348583) lb      a1, 1011(s1)
core   0: 3 0x800009f0 (0x3f348583) x11 0x00000000 mem 0x8001912e
core   0: 0x800009f4 (0x036dc5b7) lui     a1, 0x36dc
core   0: 3 0x800009f4 (0x036dc5b7) x11 0x036dc000
core   0: 0x800009f8 (0x01c59413) slli    s0, a1, 28
core   0: 3 0x800009f8 (0x01c59413) x 8 0x00000000
core   0: 0x800009fc (0x1664c703) lbu     a4, 358(s1)
core   0: 3 0x800009fc (0x1664c703) x14 0x00000000 mem 0x80018ea1
core   0: 0x80000a00 (0x0285e733) rem     a4, a1, s0
core   0: 3 0x80000a00 (0x0285e733) x14 0x036dc000
core   0: 0x80000a04 (0x02822733) mulhsu  a4, tp, s0
core   0: 3 0x80000a04 (0x02822733) x14 0x00000000
core   0: 0x80000a08 (0xa07bcb93) xori    s7, s7, -1529
core   0: 3 0x80000a08 (0xa07bcb93) x23 0xfffffa07
core   0: 0x80000a0c (0xe2748583) lb      a1, -473(s1)
core   0: 3 0x80000a0c (0xe2748583) x11 0x00000000 mem 0x80018b62
core   0: 0x80000a10 (0x000065c5) c.lui   a1, 0x11
core   0: 3 0x80000a10 (0x65c5) x11 0x00011000
core   0: 0x80000a12 (0x511b8713) addi    a4, s7, 1297
core   0: 3 0x80000a12 (0x511b8713) x14 0xffffff18
core   0: 0x80000a16 (0x72848823) sb      s0, 1840(s1)
core   0: 3 0x80000a16 (0x72848823) mem 0x8001946b 0x0
core   0: 0x80000a1a (0xffc00193) li      gp, -4
core   0: 3 0x80000a1a (0xffc00193) x 3 0xfffffffc
core   0: 0x80000a1e (0x00700313) li      t1, 7
core   0: 3 0x80000a1e (0x00700313) x 6 0x00000007
core   0: 0x80000a22 (0x00515213) srli    tp, sp, 5
core   0: 3 0x80000a22 (0x00515213) x 4 0x07ffffff
core   0: 0x80000a26 (0x56554793) xori    a5, a0, 1381
core   0: 3 0x80000a26 (0x56554793) x15 0x80029981
core   0: 0x80000a2a (0x00000185) c.addi  gp, 1
core   0: 3 0x80000a2a (0x0185) x 3 0xfffffffd
core   0: 0x80000a2c (0xfe619de3) bne     gp, t1, pc - 6
core   0: 3 0x80000a2c (0xfe619de3)
core   0: 0x80000a26 (0x56554793) xori    a5, a0, 1381
core   0: 3 0x80000a26 (0x56554793) x15 0x80029981
core   0: 0x80000a2a (0x00000185) c.addi  gp, 1
core   0: 3 0x80000a2a (0x0185) x 3 0xfffffffe
core   0: 0x80000a2c (0xfe619de3) bne     gp, t1, pc - 6
core   0: 3 0x80000a2c (0xfe619de3)
core   0: 0x80000a26 (0x56554793) xori    a5, a0, 1381
core   0: 3 0x80000a26 (0x56554793) x15 0x80029981
core   0: 0x80000a2a (0x00000185) c.addi  gp, 1
core   0: 3 0x80000a2a (0x0185) x 3 0xffffffff
core   0: 0x80000a2c (0xfe619de3) bne     gp, t1, pc - 6
core   0: 3 0x80000a2c (0xfe619de3)
core   0: 0x80000a26 (0x56554793) xori    a5, a0, 1381
core   0: 3 0x80000a26 (0x56554793) x15 0x80029981
core   0: 0x80000a2a (0x00000185) c.addi  gp, 1
core   0: 3 0x80000a2a (0x0185) x 3 0x00000000
core   0: 0x80000a2c (0xfe619de3) bne     gp, t1, pc - 6
core   0: 3 0x80000a2c (0xfe619de3)
core   0: 0x80000a26 (0x56554793) xori    a5, a0, 1381
core   0: 3 0x80000a26 (0x56554793) x15 0x80029981
core   0: 0x80000a2a (0x00000185) c.addi  gp, 1
core   0: 3 0x80000a2a (0x0185) x 3 0x00000001
core   0: 0x80000a2c (0xfe619de3) bne     gp, t1, pc - 6
core   0: 3 0x80000a2c (0xfe619de3)
core   0: 0x80000a26 (0x56554793) xori    a5, a0, 1381
core   0: 3 0x80000a26 (0x56554793) x15 0x80029981
core   0: 0x80000a2a (0x00000185) c.addi  gp, 1
core   0: 3 0x80000a2a (0x0185) x 3 0x00000002
core   0: 0x80000a2c (0xfe619de3) bne     gp, t1, pc - 6
core   0: 3 0x80000a2c (0xfe619de3)
core   0: 0x80000a26 (0x56554793) xori    a5, a0, 1381
core   0: 3 0x80000a26 (0x56554793) x15 0x80029981
core   0: 0x80000a2a (0x00000185) c.addi  gp, 1
core   0: 3 0x80000a2a (0x0185) x 3 0x00000003
core   0: 0x80000a2c (0xfe619de3) bne     gp, t1, pc - 6
core   0: 3 0x80000a2c (0xfe619de3)
core   0: 0x80000a26 (0x56554793) xori    a5, a0, 1381
core   0: 3 0x80000a26 (0x56554793) x15 0x80029981
core   0: 0x80000a2a (0x00000185) c.addi  gp, 1
core   0: 3 0x80000a2a (0x0185) x 3 0x00000004
core   0: 0x80000a2c (0xfe619de3) bne     gp, t1, pc - 6
core   0: 3 0x80000a2c (0xfe619de3)
core   0: 0x80000a26 (0x56554793) xori    a5, a0, 1381
core   0: 3 0x80000a26 (0x56554793) x15 0x80029981
core   0: 0x80000a2a (0x00000185) c.addi  gp, 1
core   0: 3 0x80000a2a (0x0185) x 3 0x00000005
core   0: 0x80000a2c (0xfe619de3) bne     gp, t1, pc - 6
core   0: 3 0x80000a2c (0xfe619de3)
core   0: 0x80000a26 (0x56554793) xori    a5, a0, 1381
core   0: 3 0x80000a26 (0x56554793) x15 0x80029981
core   0: 0x80000a2a (0x00000185) c.addi  gp, 1
core   0: 3 0x80000a2a (0x0185) x 3 0x00000006
core   0: 0x80000a2c (0xfe619de3) bne     gp, t1, pc - 6
core   0: 3 0x80000a2c (0xfe619de3)
core   0: 0x80000a26 (0x56554793) xori    a5, a0, 1381
core   0: 3 0x80000a26 (0x56554793) x15 0x80029981
core   0: 0x80000a2a (0x00000185) c.addi  gp, 1
core   0: 3 0x80000a2a (0x0185) x 3 0x00000007
core   0: 0x80000a2c (0xfe619de3) bne     gp, t1, pc - 6
core   0: 3 0x80000a2c (0xfe619de3)
core   0: 0x80000a30 (0x0000717d) c.addi16sp sp, -16
core   0: 3 0x80000a30 (0x717d) x 2 0xffffffe0
core   0: 0x80000a32 (0x0160036f) jal     t1, pc + 0x16
core   0: 3 0x80000a32 (0x0160036f) x 6 0x80000a36
core   0: 0x80000a48 (0x0300036f) jal     t1, pc + 0x30
core   0: 3 0x80000a48 (0x0300036f) x 6 0x80000a4c
core   0: 0x80000a78 (0x0000b7c9) c.j     pc - 62
core   0: 3 0x80000a78 (0xb7c9)
core   0: 0x80000a3a (0x00002031) c.jal   pc + 12
core   0: 3 0x80000a3a (0x2031) x 1 0x80000a3c
core   0: 0x80000a46 (0x0000a829) c.j     pc + 26
core   0: 3 0x80000a46 (0xa829)
core   0: 0x80000a60 (0x00003ff1) c.jal   pc - 36
core   0: 3 0x80000a60 (0x3ff1) x 1 0x80000a62
core   0: 0x80000a3c (0x006001ef) jal     gp, pc + 0x6
core   0: 3 0x80000a3c (0x006001ef) x 3 0x80000a40
core   0: 0x80000a42 (0x0000a035) c.j     pc + 44
core   0: 3 0x80000a42 (0xa035)
core   0: 0x80000a6e (0x00002801) c.jal   pc + 16
core   0: 3 0x80000a6e (0x2801) x 1 0x80000a70
core   0: 0x80000a7e (0x000037c9) c.jal   pc - 62
core   0: 3 0x80000a7e (0x37c9) x 1 0x80000a80
core   0: 0x80000a40 (0x0000a831) c.j     pc + 28
core   0: 3 0x80000a40 (0xa831)
core   0: 0x80000a5c (0x00002009) c.jal   pc + 2
core   0: 3 0x80000a5c (0x2009) x 1 0x80000a5e
core   0: 0x80000a5e (0x0000a031) c.j     pc + 12
core   0: 3 0x80000a5e (0xa031)
core   0: 0x80000a6a (0x0100036f) jal     t1, pc + 0x10
core   0: 3 0x80000a6a (0x0100036f) x 6 0x80000a6e
core   0: 0x80000a7a (0xfd9ff0ef) jal     pc - 0x28
core   0: 3 0x80000a7a (0xfd9ff0ef) x 1 0x80000a7e
core   0: 0x80000a52 (0x00002809) c.jal   pc + 18
core   0: 3 0x80000a52 (0x2809) x 1 0x80000a54
core   0: 0x80000a64 (0x00002009) c.jal   pc + 2
core   0: 3 0x80000a64 (0x2009) x 1 0x80000a66
core   0: 0x80000a66 (0x00c000ef) jal     pc + 0xc
core   0: 3 0x80000a66 (0x00c000ef) x 1 0x80000a6a
core   0: 0x80000a72 (0x000037cd) c.jal   pc - 30
core   0: 3 0x80000a72 (0x37cd) x 1 0x80000a74
core   0: 0x80000a54 (0xff1ff36f) jal     t1, pc - 0x10
core   0: 3 0x80000a54 (0xff1ff36f) x 6 0x80000a58
core   0: 0x80000a44 (0x00002021) c.jal   pc + 8
core   0: 3 0x80000a44 (0x2021) x 1 0x80000a46
core   0: 0x80000a4c (0x00002009) c.jal   pc + 2
core   0: 3 0x80000a4c (0x2009) x 1 0x80000a4e
core   0: 0x80000a4e (0x00002029) c.jal   pc + 10
core   0: 3 0x80000a4e (0x2029) x 1 0x80000a50
core   0: 0x80000a58 (0xff9ff36f) jal     t1, pc - 0x8
core   0: 3 0x80000a58 (0xff9ff36f) x 6 0x80000a5c
core   0: 0x80000a50 (0x00002015) c.jal   pc + 36
core   0: 3 0x80000a50 (0x2015) x 1 0x80000a52
core   0: 0x80000a74 (0xfc3ff0ef) jal     pc - 0x3e
core   0: 3 0x80000a74 (0xfc3ff0ef) x 1 0x80000a78
core   0: 0x80000a36 (0x0000a035) c.j     pc + 44
core   0: 3 0x80000a36 (0xa035)
core   0: 0x80000a62 (0x00003fd9) c.jal   pc - 42
core   0: 3 0x80000a62 (0x3fd9) x 1 0x80000a64
core   0: 0x80000a38 (0x0000a825) c.j     pc + 56
core   0: 3 0x80000a38 (0xa825)
core   0: 0x80000a70 (0x0000a801) c.j     pc + 16
core   0: 3 0x80000a70 (0xa801)
core   0: 0x80000a80 (0x01ca81b3) add     gp, s5, t3
core   0: 3 0x80000a80 (0x01ca81b3) x 3 0x00020da5
core   0: 0x80000a84 (0x0000f697) auipc   a3, 0xf
core   0: 3 0x80000a84 (0x0000f697) x13 0x8000fa84
core   0: 0x80000a88 (0x68668693) addi    a3, a3, 1670
core   0: 3 0x80000a88 (0x68668693) x13 0x8001010a
core   0: 0x80000a8c (0x4128d113) srai    sp, a7, 18
core   0: 3 0x80000a8c (0x4128d113) x 2 0x00000000
core   0: 0x80000a90 (0x04c69383) lh      t2, 76(a3)
core   0: 3 0x80000a90 (0x04c69383) x 7 0x00000000 mem 0x80010156
core   0: 0x80000a94 (0x4ff6a123) sw      t6, 1250(a3)
core   0: 3 0x80000a94 (0x4ff6a123) mem 0x800105ec 0x8001d0a6
core   0: 0x80000a98 (0x7b36c783) lbu     a5, 1971(a3)
core   0: 3 0x80000a98 (0x7b36c783) x15 0x00000000 mem 0x800108bd
core   0: 0x80000a9c (0x03b6f133) remu    sp, a3, s11
core   0: 3 0x80000a9c (0x03b6f133) x 2 0x3dbe1f76
core   0: 0x80000aa0 (0x009004b3) add     s1, zero, s1
core   0: 3 0x80000aa0 (0x009004b3) x 9 0x80018d3b
core   0: 0x80000aa4 (0x5416cc03) lbu     s8, 1345(a3)
core   0: 3 0x80000aa4 (0x5416cc03) x24 0x00000000 mem 0x8001064b
core   0: 0x80000aa8 (0x5eb6c203) lbu     tp, 1515(a3)
core   0: 3 0x80000aa8 (0x5eb6c203) x 4 0x00000000 mem 0x800106f5
core   0: 0x80000aac (0x00006cbd) c.lui   s9, 0xf
core   0: 3 0x80000aac (0x6cbd) x25 0x0000f000
core   0: 0x80000aae (0x73469583) lh      a1, 1844(a3)
core   0: 3 0x80000aae (0x73469583) x11 0x00000000 mem 0x8001083e
core   0: 0x80000ab2 (0x00008061) c.srli  s0, 24
core   0: 3 0x80000ab2 (0x8061) x 8 0x00000000
core   0: 0x80000ab4 (0x1de6a003) lw      zero, 478(a3)
core   0: 3 0x80000ab4 (0x1de6a003) mem 0x800102e8
core   0: 0x80000ab8 (0x0000091d) c.addi  s2, 7
core   0: 3 0x80000ab8 (0x091d) x18 0x00000008
core   0: 0x80000aba (0x007c0cb3) add     s9, s8, t2
core   0: 3 0x80000aba (0x007c0cb3) x25 0x00000000
core   0: 0x80000abe (0x41568033) sub     zero, a3, s5
core   0: 3 0x80000abe (0x41568033)
core   0: 0x80000ac2 (0x00008df5) c.and   a1, a3
core   0: 3 0x80000ac2 (0x8df5) x11 0x00000000
core   0: 0x80000ac4 (0x56c69083) lh      ra, 1388(a3)
core   0: 3 0x80000ac4 (0x56c69083) x 1 0x00000000 mem 0x80010676
core   0: 0x80000ac8 (0x38a69723) sh      a0, 910(a3)
core   0: 3 0x80000ac8 (0x38a69723) mem 0x80010498 0x9ce4
core   0: 0x80000acc (0xaf02b593) sltiu   a1, t0, -1296
core   0: 3 0x80000acc (0xaf02b593) x11 0x00000001
core   0: 0x80000ad0 (0x3086df03) lhu     t5, 776(a3)
core   0: 3 0x80000ad0 (0x3086df03) x30 0x00000000 mem 0x80010412
core   0: 0x80000ad4 (0x0042b3b3) sltu    t2, t0, tp
core   0: 3 0x80000ad4 (0x0042b3b3) x 7 0x00000000
core   0: 0x80000ad8 (0xfd5681a3) sb      s5, -61(a3)
core   0: 3 0x80000ad8 (0xfd5681a3) mem 0x800100cd 0x43
core   0: 0x80000adc (0x2526d483) lhu     s1, 594(a3)
core   0: 3 0x80000adc (0x2526d483) x 9 0x00000000 mem 0x8001035c
core   0: 0x80000ae0 (0x00defab3) and     s5, t4, a3
core   0: 3 0x80000ae0 (0x00defab3) x21 0x00000000
core   0: 0x80000ae4 (0x4826c303) lbu     t1, 1154(a3)
core   0: 3 0x80000ae4 (0x4826c303) x 6 0x00000000 mem 0x8001058c
core   0: 0x80000ae8 (0x6e693313) sltiu   t1, s2, 1766
core   0: 3 0x80000ae8 (0x6e693313) x 6 0x00000001
core   0: 0x80000aec (0x51569523) sh      s5, 1290(a3)
core   0: 3 0x80000aec (0x51569523) mem 0x80010614 0x0000
core   0: 0x80000af0 (0x39f68c83) lb      s9, 927(a3)
core   0: 3 0x80000af0 (0x39f68c83) x25 0x00000000 mem 0x800104a9
core   0: 0x80000af4 (0x4d968b03) lb      s6, 1241(a3)
core   0: 3 0x80000af4 (0x4d968b03) x22 0x00000000 mem 0x800105e3
core   0: 0x80000af8 (0x2bf6c703) lbu     a4, 703(a3)
core   0: 3 0x80000af8 (0x2bf6c703) x14 0x00000000 mem 0x800103c9
core   0: 0x80000afc (0x00008fd1) c.or    a5, a2
core   0: 3 0x80000afc (0x8fd1) x15 0x80025e64
core   0: 0x80000afe (0x55a6d203) lhu     tp, 1370(a3)
core   0: 3 0x80000afe (0x55a6d203) x 4 0x00000000 mem 0x80010664
core   0: 0x80000b02 (0xfed68da3) sb      a3, -5(a3)
core   0: 3 0x80000b02 (0xfed68da3) mem 0x80010105 0xa
core   0: 0x80000b06 (0x58c68a03) lb      s4, 1420(a3)
core   0: 3 0x80000b06 (0x58c68a03) x20 0x00000000 mem 0x80010696
core   0: 0x80000b0a (0x74568003) lb      zero, 1861(a3)
core   0: 3 0x80000b0a (0x74568003) mem 0x8001084f
core   0: 0x80000b0e (0x00f8f233) and     tp, a7, a5
core   0: 3 0x80000b0e (0x00f8f233) x 4 0x00000000
core   0: 0x80000b12 (0x00013833) sltu    a6, sp, zero
core   0: 3 0x80000b12 (0x00013833) x16 0x00000000
core   0: 0x80000b16 (0x8c62c937) lui     s2, 0x8c62c
core   0: 3 0x80000b16 (0x8c62c937) x18 0x8c62c000
core   0: 0x80000b1a (0x71368e03) lb      t3, 1811(a3)
core   0: 3 0x80000b1a (0x71368e03) x28 0x00000000 mem 0x8001081d
core   0: 0x80000b1e (0x06968703) lb      a4, 105(a3)
core   0: 3 0x80000b1e (0x06968703) x14 0x00000000 mem 0x80010173
core   0: 0x80000b22 (0x0001c597) auipc   a1, 0x1c
core   0: 3 0x80000b22 (0x0001c597) x11 0x8001cb22
core   0: 0x80000b26 (0xf5c58593) addi    a1, a1, -164
core   0: 3 0x80000b26 (0xf5c58593) x11 0x8001ca7e
core   0: 0x80000b2a (0xdea58aa3) sb      a0, -523(a1)
core   0: 3 0x80000b2a (0xdea58aa3) mem 0x8001c873 0xe4
core   0: 0x80000b2e (0xdf55ca83) lbu     s5, -523(a1)
core   0: 3 0x80000b2e (0xdf55ca83) x21 0x000000e4 mem 0x8001c873
core   0: 0x80000b32 (0xdf558e03) lb      t3, -523(a1)
core   0: 3 0x80000b32 (0xdf558e03) x28 0xffffffe4 mem 0x8001c873
core   0: 0x80000b36 (0x000061b5) c.lui   gp, 0xd
core   0: 3 0x80000b36 (0x61b5) x 3 0x0000d000
core   0: 0x80000b38 (0x02cf1133) mulh    sp, t5, a2
core   0: 3 0x80000b38 (0x02cf1133) x 2 0x00000000
core   0: 0x80000b3c (0x13958483) lb      s1, 313(a1)
core   0: 3 0x80000b3c (0x13958483) x 9 0x00000000 mem 0x8001cbb7
core   0: 0x80000b40 (0x13358ca3) sb      s3, 313(a1)
core   0: 3 0x80000b40 (0x13358ca3) mem 0x8001cbb7 0x0
core   0: 0x80000b44 (0x13958b03) lb      s6, 313(a1)
core   0: 3 0x80000b44 (0x13958b03) x22 0x00000000 mem 0x8001cbb7
core   0: 0x80000b48 (0x13158ca3) sb      a7, 313(a1)
core   0: 3 0x80000b48 (0x13158ca3) mem 0x8001cbb7 0x0
core   0: 0x80000b4c (0x12658ca3) sb      t1, 313(a1)
core   0: 3 0x80000b4c (0x12658ca3) mem 0x8001cbb7 0x1
core   0: 0x80000b50 (0x0000488d) c.li    a7, 3
core   0: 3 0x80000b50 (0x488d) x17 0x00000003
core   0: 0x80000b52 (0x13758ca3) sb      s7, 313(a1)
core   0: 3 0x80000b52 (0x13758ca3) mem 0x8001cbb7 0x7
core   0: 0x80000b56 (0x13958d03) lb      s10, 313(a1)
core   0: 3 0x80000b56 (0x13958d03) x26 0x00000007 mem 0x8001cbb7
core   0: 0x80000b5a (0xb1c5dd03) lhu     s10, -1252(a1)
core   0: 3 0x80000b5a (0xb1c5dd03) x26 0x00000000 mem 0x8001c59a
core   0: 0x80000b5e (0x00156d33) or      s10, a0, ra
core   0: 3 0x80000b5e (0x00156d33) x26 0x80029ce4
core   0: 0x80000b62 (0x00000001) c.nop
core   0: 3 0x80000b62 (0x0001)
core   0: 0x80000b64 (0x5be5a003) lw      zero, 1470(a1)
core   0: 3 0x80000b64 (0x5be5a003) mem 0x8001d03c
core   0: 0x80000b68 (0x03bfa7b3) mulhsu  a5, t6, s11
core   0: 3 0x80000b68 (0x03bfa7b3) x15 0xdedf077a
core   0: 0x80000b6c (0x5a55af23) sw      t0, 1470(a1)
core   0: 3 0x80000b6c (0x5a55af23) mem 0x8001d03c 0x800177c1
core   0: 0x80000b70 (0x00010717) auipc   a4, 0x10
core   0: 3 0x80000b70 (0x00010717) x14 0x80010b70
core   0: 0x80000b74 (0x0ef70713) addi    a4, a4, 239
core   0: 3 0x80000b74 (0x0ef70713) x14 0x80010c5f
core   0: 0x80000b78 (0xf1670523) sb      s6, -246(a4)
core   0: 3 0x80000b78 (0xf1670523) mem 0x80010b69 0x0
core   0: 0x80000b7c (0x00018297) auipc   t0, 0x18
core   0: 3 0x80000b7c (0x00018297) x 5 0x80018b7c
core   0: 0x80000b80 (0x51828293) addi    t0, t0, 1304
core   0: 3 0x80000b80 (0x51828293) x 5 0x80019094
core   0: 0x80000b84 (0x08d70a03) lb      s4, 141(a4)
core   0: 3 0x80000b84 (0x08d70a03) x20 0x00000000 mem 0x80010cec
core   0: 0x80000b88 (0x0a128c83) lb      s9, 161(t0)
core   0: 3 0x80000b88 (0x0a128c83) x25 0x00000000 mem 0x80019135
core   0: 0x80000b8c (0xf4474383) lbu     t2, -188(a4)
core   0: 3 0x80000b8c (0xf4474383) x 7 0x00000000 mem 0x80010ba3
core   0: 0x80000b90 (0x0fd70923) sb      t4, 242(a4)
core   0: 3 0x80000b90 (0x0fd70923) mem 0x80010d51 0x0
core   0: 0x80000b94 (0xfaf70f23) sb      a5, -66(a4)
core   0: 3 0x80000b94 (0xfaf70f23) mem 0x80010c1d 0x7a
core   0: 0x80000b98 (0xf4d28f03) lb      t5, -179(t0)
core   0: 3 0x80000b98 (0xf4d28f03) x30 0x00000000 mem 0x80018fe1
core   0: 0x80000b9c (0x0df28d03) lb      s10, 223(t0)
core   0: 3 0x80000b9c (0x0df28d03) x26 0x00000000 mem 0x80019173
core   0: 0x80000ba0 (0x0a92c983) lbu     s3, 169(t0)
core   0: 3 0x80000ba0 (0x0a92c983) x19 0x00000000 mem 0x8001913d
core   0: 0x80000ba4 (0xf8375483) lhu     s1, -125(a4)
core   0: 3 0x80000ba4 (0xf8375483) x 9 0x00000000 mem 0x80010be2
core   0: 0x80000ba8 (0x03828d03) lb      s10, 56(t0)
core   0: 3 0x80000ba8 (0x03828d03) x26 0x00000000 mem 0x800190cc
core   0: 0x80000bac (0xf8c28983) lb      s3, -116(t0)
core   0: 3 0x80000bac (0xf8c28983) x19 0x00000000 mem 0x80019020
core   0: 0x80000bb0 (0xf8b280a3) sb      a1, -127(t0)
core   0: 3 0x80000bb0 (0xf8b280a3) mem 0x80019015 0x7e
core   0: 0x80000bb4 (0x00010117) auipc   sp, 0x10
core   0: 3 0x80000bb4 (0x00010117) x 2 0x80010bb4
core   0: 0x80000bb8 (0xc2a10113) addi    sp, sp, -982
core   0: 3 0x80000bb8 (0xc2a10113) x 2 0x800107de
core   0: 0x80000bbc (0x023933b3) mulhu   t2, s2, gp
core   0: 3 0x80000bbc (0x023933b3) x 7 0x00007210
core   0: 0x80000bc0 (0x00008f9d) c.sub   a5, a5
core   0: 3 0x80000bc0 (0x8f9d) x15 0x00000000
core   0: 0x80000bc2 (0x067105a3) sb      t2, 107(sp)
core   0: 3 0x80000bc2 (0x067105a3) mem 0x80010849 0x10
core   0: 0x80000bc6 (0x01e12983) lw      s3, 30(sp)
core   0: 3 0x80000bc6 (0x01e12983) x19 0x00000000 mem 0x800107fc
core   0: 0x80000bca (0xf1f14a83) lbu     s5, -225(sp)
core   0: 3 0x80000bca (0xf1f14a83) x21 0x00000000 mem 0x800106fd
core   0: 0x80000bce (0x0d2100a3) sb      s2, 193(sp)
core   0: 3 0x80000bce (0x0d2100a3) mem 0x8001089f 0x0
core   0: 0x80000bd2 (0xfef10703) lb      a4, -17(sp)
core   0: 3 0x80000bd2 (0xfef10703) x14 0x00000000 mem 0x800107cd
core   0: 0x80000bd6 (0x01c91d13) slli    s10, s2, 28
core   0: 3 0x80000bd6 (0x01c91d13) x26 0x00000000
core   0: 0x80000bda (0x0000100f) fence.i
core   0: 3 0x80000bda (0x0000100f)
core   0: 0x80000bde (0xf1011023) sh      a6, -256(sp)
core   0: 3 0x80000bde (0xf1011023) mem 0x800106de 0x0000
core   0: 0x80000be2 (0xfbd108a3) sb      t4, -79(sp)
core   0: 3 0x80000be2 (0xfbd108a3) mem 0x8001078f 0x0
core   0: 0x80000be6 (0xfc110ea3) sb      ra, -35(sp)
core   0: 3 0x80000be6 (0xfc110ea3) mem 0x800107bb 0x0
core   0: 0x80000bea (0x000086b9) c.srai  a3, 14
core   0: 3 0x80000bea (0x86b9) x13 0xfffe0004
core   0: 0x80000bec (0xf8010e03) lb      t3, -128(sp)
core   0: 3 0x80000bec (0xf8010e03) x28 0x00000000 mem 0x8001075e
core   0: 0x80000bf0 (0xf6014c83) lbu     s9, -160(sp)
core   0: 3 0x80000bf0 (0xf6014c83) x25 0x00000000 mem 0x8001073e
core   0: 0x80000bf4 (0x03890d33) mul     s10, s2, s8
core   0: 3 0x80000bf4 (0x03890d33) x26 0x00000000
core   0: 0x80000bf8 (0x287cfd13) andi    s10, s9, 647
core   0: 3 0x80000bf8 (0x287cfd13) x26 0x00000000
core   0: 0x80000bfc (0x03ff7333) remu    t1, t5, t6
core   0: 3 0x80000bfc (0x03ff7333) x 6 0x00000000
core   0: 0x80000c00 (0x02f711b3) mulh    gp, a4, a5
core   0: 3 0x80000c00 (0x02f711b3) x 3 0x00000000
core   0: 0x80000c04 (0x000066e1) c.lui   a3, 0x18
core   0: 3 0x80000c04 (0x66e1) x13 0x00018000
core   0: 0x80000c06 (0x000042dd) c.li    t0, 23
core   0: 3 0x80000c06 (0x42dd) x 5 0x00000017
core   0: 0x80000c08 (0xfe710483) lb      s1, -25(sp)
core   0: 3 0x80000c08 (0xfe710483) x 9 0x00000000 mem 0x800107c5
core   0: 0x80000c0c (0x01756fb3) or      t6, a0, s7
core   0: 3 0x80000c0c (0x01756fb3) x31 0xfffffee7
core   0: 0x80000c10 (0x0ff0000f) fence   iorw,iorw
core   0: 3 0x80000c10 (0x0ff0000f)
core   0: 0x80000c14 (0xf8510683) lb      a3, -123(sp)
core   0: 3 0x80000c14 (0xf8510683) x13 0x00000000 mem 0x80010763
core   0: 0x80000c18 (0x01d4b833) sltu    a6, s1, t4
core   0: 3 0x80000c18 (0x01d4b833) x16 0x00000000
core   0: 0x80000c1c (0x01132333) slt     t1, t1, a7
core   0: 3 0x80000c1c (0x01132333) x 6 0x00000001
core   0: 0x80000c20 (0x00f85793) srli    a5, a6, 15
core   0: 3 0x80000c20 (0x00f85793) x15 0x00000000
core   0: 0x80000c24 (0xfba10f83) lb      t6, -70(sp)
core   0: 3 0x80000c24 (0xfba10f83) x31 0x00000000 mem 0x80010798
core   0: 0x80000c28 (0x0cf14283) lbu     t0, 207(sp)
core   0: 3 0x80000c28 (0x0cf14283) x 5 0x00000000 mem 0x800108ad
core   0: 0x80000c2c (0x00b4d8b3) srl     a7, s1, a1
core   0: 3 0x80000c2c (0x00b4d8b3) x17 0x00000000
core   0: 0x80000c30 (0x00008cfd) c.and   s1, a5
core   0: 3 0x80000c30 (0x8cfd) x 9 0x00000000
core   0: 0x80000c32 (0x08d14e83) lbu     t4, 141(sp)
core   0: 3 0x80000c32 (0x08d14e83) x29 0x00000000 mem 0x8001086b
core   0: 0x80000c36 (0x51943e93) sltiu   t4, s0, 1305
core   0: 3 0x80000c36 (0x51943e93) x29 0x00000001
core   0: 0x80000c3a (0x0b415e83) lhu     t4, 180(sp)
core   0: 3 0x80000c3a (0x0b415e83) x29 0x00000000 mem 0x80010892
core   0: 0x80000c3e (0x00008fd1) c.or    a5, a2
core   0: 3 0x80000c3e (0x8fd1) x15 0x80025e64
core   0: 0x80000c40 (0xf1514983) lbu     s3, -235(sp)
core   0: 3 0x80000c40 (0xf1514983) x19 0x00000000 mem 0x800106f3
core   0: 0x80000c44 (0x0e810203) lb      tp, 232(sp)
core   0: 3 0x80000c44 (0x0e810203) x 4 0x00000000 mem 0x800108c6
core   0: 0x80000c48 (0xfb614783) lbu     a5, -74(sp)
core   0: 3 0x80000c48 (0xfb614783) x15 0x00000000 mem 0x80010794
core   0: 0x80000c4c (0xf3c11c83) lh      s9, -196(sp)
core   0: 3 0x80000c4c (0xf3c11c83) x25 0x00000000 mem 0x8001071a
core   0: 0x80000c50 (0x05614683) lbu     a3, 86(sp)
core   0: 3 0x80000c50 (0x05614683) x13 0x00000000 mem 0x80010834
core   0: 0x80000c54 (0x08e10903) lb      s2, 142(sp)
core   0: 3 0x80000c54 (0x08e10903) x18 0x00000000 mem 0x8001086c
core   0: 0x80000c58 (0x0f410923) sb      s4, 242(sp)
core   0: 3 0x80000c58 (0x0f410923) mem 0x800108d0 0x0
core   0: 0x80000c5c (0x00008479) c.srai  s0, 30
core   0: 3 0x80000c5c (0x8479) x 8 0x00000000
core   0: 0x80000c5e (0x0ab10583) lb      a1, 171(sp)
core   0: 3 0x80000c5e (0x0ab10583) x11 0x00000000 mem 0x80010889
core   0: 0x80000c62 (0x01814c03) lbu     s8, 24(sp)
core   0: 3 0x80000c62 (0x01814c03) x24 0x00000000 mem 0x800107f6
core   0: 0x80000c66 (0x0ee10aa3) sb      a4, 245(sp)
core   0: 3 0x80000c66 (0x0ee10aa3) mem 0x800108d3 0x0
core   0: 0x80000c6a (0x00006221) c.lui   tp, 0x8
core   0: 3 0x80000c6a (0x6221) x 4 0x00008000
core   0: 0x80000c6c (0x00217a33) and     s4, sp, sp
core   0: 3 0x80000c6c (0x00217a33) x20 0x800107de
core   0: 0x80000c70 (0xf7f14483) lbu     s1, -129(sp)
core   0: 3 0x80000c70 (0xf7f14483) x 9 0x00000000 mem 0x8001075d
core   0: 0x80000c74 (0x028ac333) div     t1, s5, s0
core   0: 3 0x80000c74 (0x028ac333) x 6 0xffffffff
core   0: 0x80000c78 (0xf4814e83) lbu     t4, -184(sp)
core   0: 3 0x80000c78 (0xf4814e83) x29 0x00000000 mem 0x80010726
core   0: 0x80000c7c (0x02a10b83) lb      s7, 42(sp)
core   0: 3 0x80000c7c (0x02a10b83) x23 0x00000000 mem 0x80010808
core   0: 0x80000c80 (0x00018117) auipc   sp, 0x18
core   0: 3 0x80000c80 (0x00018117) x 2 0x80018c80
core   0: 0x80000c84 (0x61d10113) addi    sp, sp, 1565
core   0: 3 0x80000c84 (0x61d10113) x 2 0x8001929d
core   0: 0x80000c88 (0xff010f83) lb      t6, -16(sp)
core   0: 3 0x80000c88 (0xff010f83) x31 0x00000000 mem 0x8001928d
core   0: 0x80000c8c (0x00008db9) c.xor   a1, a4
core   0: 3 0x80000c8c (0x8db9) x11 0x00000000
core   0: 0x80000c8e (0x5fd5c913) xori    s2, a1, 1533
core   0: 3 0x80000c8e (0x5fd5c913) x18 0x000005fd
core   0: 0x80000c92 (0x0000039a) c.slli  t2, 6
core   0: 3 0x80000c92 (0x039a) x 7 0x001c8400
core   0: 0x80000c94 (0x02c088b3) mul     a7, ra, a2
core   0: 3 0x80000c94 (0x02c088b3) x17 0x00000000
core   0: 0x80000c98 (0x01a10d23) sb      s10, 26(sp)
core   0: 3 0x80000c98 (0x01a10d23) mem 0x800192b7 0x0
core   0: 0x80000c9c (0x002252b3) srl     t0, tp, sp
core   0: 3 0x80000c9c (0x002252b3) x 5 0x00000000
core   0: 0x80000ca0 (0xfca11fa3) sh      a0, -33(sp)
core   0: 3 0x80000ca0 (0xfca11fa3) mem 0x8001927c 0x9ce4
core   0: 0x80000ca4 (0x01b11403) lh      s0, 27(sp)
core   0: 3 0x80000ca4 (0x01b11403) x 8 0x00000000 mem 0x800192b8
core   0: 0x80000ca8 (0xfdb116a3) sh      s11, -51(sp)
core   0: 3 0x80000ca8 (0xfdb116a3) mem 0x8001926a 0xe194
core   0: 0x80000cac (0x000093a2) c.add   t2, s0
core   0: 3 0x80000cac (0x93a2) x 7 0x001c8400
core   0: 0x80000cae (0x00008ee9) c.and   a3, a0
core   0: 3 0x80000cae (0x8ee9) x13 0x00000000
core   0: 0x80000cb0 (0xfe2102a3) sb      sp, -27(sp)
core   0: 3 0x80000cb0 (0xfe2102a3) mem 0x80019282 0x9d
core   0: 0x80000cb4 (0x00fc1593) slli    a1, s8, 15
core   0: 3 0x80000cb4 (0x00fc1593) x11 0x00000000
core   0: 0x80000cb8 (0x00008f09) c.sub   a4, a0
core   0: 3 0x80000cb8 (0x8f09) x14 0x7ffd631c
core   0: 0x80000cba (0x00448833) add     a6, s1, tp
core   0: 3 0x80000cba (0x00448833) x16 0x00008000
core   0: 0x80000cbe (0x02d116a3) sh      a3, 45(sp)
core   0: 3 0x80000cbe (0x02d116a3) mem 0x800192ca 0x0000
core   0: 0x80000cc2 (0xfff107a3) sb      t6, -17(sp)
core   0: 3 0x80000cc2 (0xfff107a3) mem 0x8001928c 0x0
core   0: 0x80000cc6 (0xfe311b03) lh      s6, -29(sp)
core   0: 3 0x80000cc6 (0xfe311b03) x22 0x00000000 mem 0x80019280
core   0: 0x80000cca (0xfd110983) lb      s3, -47(sp)
core   0: 3 0x80000cca (0xfd110983) x19 0x00000000 mem 0x8001926e
core   0: 0x80000cce (0x01d11f03) lh      t5, 29(sp)
core   0: 3 0x80000cce (0x01d11f03) x30 0x00000000 mem 0x800192ba
core   0: 0x80000cd2 (0x03e528b3) mulhsu  a7, a0, t5
core   0: 3 0x80000cd2 (0x03e528b3) x17 0x00000000
core   0: 0x80000cd6 (0xfc610083) lb      ra, -58(sp)
core   0: 3 0x80000cd6 (0xfc610083) x 1 0x00000000 mem 0x80019263
core   0: 0x80000cda (0x02600eb3) mul     t4, zero, t1
core   0: 3 0x80000cda (0x02600eb3) x29 0x00000000
core   0: 0x80000cde (0x00000001) c.nop
core   0: 3 0x80000cde (0x0001)
core   0: 0x80000ce0 (0x018b87b3) add     a5, s7, s8
core   0: 3 0x80000ce0 (0x018b87b3) x15 0x00000000
core   0: 0x80000ce4 (0x00008749) c.srai  a4, 18
core   0: 3 0x80000ce4 (0x8749) x14 0x00001fff
core   0: 0x80000ce6 (0x41fd5d13) srai    s10, s10, 31
core   0: 3 0x80000ce6 (0x41fd5d13) x26 0x00000000
core   0: 0x80000cea (0x0000636d) c.lui   t1, 0x1b
core   0: 3 0x80000cea (0x636d) x 6 0x0001b000
core   0: 0x80000cec (0x0ff0000f) fence   iorw,iorw
core   0: 3 0x80000cec (0x0ff0000f)
core   0: 0x80000cf0 (0xfdf10923) sb      t6, -46(sp)
core   0: 3 0x80000cf0 (0xfdf10923) mem 0x8001926f 0x0
core   0: 0x80000cf4 (0xfc310a23) sb      gp, -44(sp)
core   0: 3 0x80000cf4 (0xfc310a23) mem 0x80019271 0x0
core   0: 0x80000cf8 (0x00814483) lbu     s1, 8(sp)
core   0: 3 0x80000cf8 (0x00814483) x 9 0x00000000 mem 0x800192a5
core   0: 0x80000cfc (0x0000100f) fence.i
core   0: 3 0x80000cfc (0x0000100f)
core   0: 0x80000d00 (0x007ae833) or      a6, s5, t2
core   0: 3 0x80000d00 (0x007ae833) x16 0x001c8400
core   0: 0x80000d04 (0x00000cee) c.slli  s9, 27
core   0: 3 0x80000d04 (0x0cee) x25 0x00000000
core   0: 0x80000d06 (0xfe614403) lbu     s0, -26(sp)
core   0: 3 0x80000d06 (0xfe614403) x 8 0x00000000 mem 0x80019283
core   0: 0x80000d0a (0x00010c17) auipc   s8, 0x10
core   0: 3 0x80000d0a (0x00010c17) x24 0x80010d0a
core   0: 0x80000d0e (0xcefc0c13) addi    s8, s8, -785
core   0: 3 0x80000d0e (0xcefc0c13) x24 0x800109f9
core   0: 0x80000d12 (0x00008c5d) c.or    s0, a5
core   0: 3 0x80000d12 (0x8c5d) x 8 0x00000000
core   0: 0x80000d14 (0x0ff0000f) fence   iorw,iorw
core   0: 3 0x80000d14 (0x0ff0000f)
core   0: 0x80000d18 (0xf1dc18a3) sh      t4, -239(s8)
core   0: 3 0x80000d18 (0xf1dc18a3) mem 0x8001090a 0x0000
core   0: 0x80000d1c (0x000086ae) c.mv    a3, a1
core   0: 3 0x80000d1c (0x86ae) x13 0x00000000
core   0: 0x80000d1e (0xf23c5083) lhu     ra, -221(s8)
core   0: 3 0x80000d1e (0xf23c5083) x 1 0x00000000 mem 0x8001091c
core   0: 0x80000d22 (0x047c0123) sb      t2, 66(s8)
core   0: 3 0x80000d22 (0x047c0123) mem 0x80010a3b 0x0
core   0: 0x80000d26 (0x40630cb3) sub     s9, t1, t1
core   0: 3 0x80000d26 (0x40630cb3) x25 0x00000000
core   0: 0x80000d2a (0x0ff0000f) fence   iorw,iorw
core   0: 3 0x80000d2a (0x0ff0000f)
core   0: 0x80000d2e (0x00008ed1) c.or    a3, a2
core   0: 3 0x80000d2e (0x8ed1) x13 0x80025e64
core   0: 0x80000d30 (0x096c0c23) sb      s6, 152(s8)
core   0: 3 0x80000d30 (0x096c0c23) mem 0x80010a91 0x0
core   0: 0x80000d34 (0xfafc1003) lh      zero, -81(s8)
core   0: 3 0x80000d34 (0xfafc1003) mem 0x800109a8
core   0: 0x80000d38 (0x03bc1ca3) sh      s11, 57(s8)
core   0: 3 0x80000d38 (0x03bc1ca3) mem 0x80010a32 0xe194
core   0: 0x80000d3c (0x099c0423) sb      s9, 136(s8)
core   0: 3 0x80000d3c (0x099c0423) mem 0x80010a81 0x0
core   0: 0x80000d40 (0x0fdc0da3) sb      t4, 251(s8)
core   0: 3 0x80000d40 (0x0fdc0da3) mem 0x80010af4 0x0
core   0: 0x80000d44 (0x045c5883) lhu     a7, 69(s8)
core   0: 3 0x80000d44 (0x045c5883) x17 0x00000000 mem 0x80010a3e
core   0: 0x80000d48 (0xf18c0f83) lb      t6, -232(s8)
core   0: 3 0x80000d48 (0xf18c0f83) x31 0x00000000 mem 0x80010911
core   0: 0x80000d4c (0x76e54837) lui     a6, 0x76e54
core   0: 3 0x80000d4c (0x76e54837) x16 0x76e54000
core   0: 0x80000d50 (0x02e647b3) div     a5, a2, a4
core   0: 3 0x80000d50 (0x02e647b3) x15 0xfffbfff3
core   0: 0x80000d54 (0x00713cb3) sltu    s9, sp, t2
core   0: 3 0x80000d54 (0x00713cb3) x25 0x00000000
core   0: 0x80000d58 (0x00008025) c.srli  s0, 9
core   0: 3 0x80000d58 (0x8025) x 8 0x00000000
core   0: 0x80000d5a (0x00275ab3) srl     s5, a4, sp
core   0: 3 0x80000d5a (0x00275ab3) x21 0x00000000
core   0: 0x80000d5e (0xf61c1ea3) sh      ra, -131(s8)
core   0: 3 0x80000d5e (0xf61c1ea3) mem 0x80010976 0x0000
core   0: 0x80000d62 (0xf17c4683) lbu     a3, -233(s8)
core   0: 3 0x80000d62 (0xf17c4683) x13 0x00000000 mem 0x80010910
core   0: 0x80000d66 (0x031c4c83) lbu     s9, 49(s8)
core   0: 3 0x80000d66 (0x031c4c83) x25 0x00000000 mem 0x80010a2a
core   0: 0x80000d6a (0x00e142b3) xor     t0, sp, a4
core   0: 3 0x80000d6a (0x00e142b3) x 5 0x80018d62
core   0: 0x80000d6e (0x0228d0b3) divu    ra, a7, sp
core   0: 3 0x80000d6e (0x0228d0b3) x 1 0x00000000
core   0: 0x80000d72 (0x00cc4903) lbu     s2, 12(s8)
core   0: 3 0x80000d72 (0x00cc4903) x18 0x00000000 mem 0x80010a05
core   0: 0x80000d76 (0x01d15233) srl     tp, sp, t4
core   0: 3 0x80000d76 (0x01d15233) x 4 0x8001929d
core   0: 0x80000d7a (0x00008c75) c.and   s0, a3
core   0: 3 0x80000d7a (0x8c75) x 8 0x00000000
core   0: 0x80000d7c (0xcf4a5fb7) lui     t6, 0xcf4a5
core   0: 3 0x80000d7c (0xcf4a5fb7) x31 0xcf4a5000
core   0: 0x80000d80 (0x000103b3) add     t2, sp, zero
core   0: 3 0x80000d80 (0x000103b3) x 7 0x8001929d
core   0: 0x80000d84 (0x01faa333) slt     t1, s5, t6
core   0: 3 0x80000d84 (0x01faa333) x 6 0x00000000
core   0: 0x80000d88 (0x7c100313) li      t1, 1985
core   0: 3 0x80000d88 (0x7c100313) x 6 0x000007c1
core   0: 0x80000d8c (0x01b9a1b3) slt     gp, s3, s11
core   0: 3 0x80000d8c (0x01b9a1b3) x 3 0x00000001
core   0: 0x80000d90 (0xffec0123) sb      t5, -30(s8)
core   0: 3 0x80000d90 (0xffec0123) mem 0x800109db 0x0
core   0: 0x80000d94 (0x00006fa1) c.lui   t6, 0x8
core   0: 3 0x80000d94 (0x6fa1) x31 0x00008000
core   0: 0x80000d96 (0x00fc16a3) sh      a5, 13(s8)
core   0: 3 0x80000d96 (0x00fc16a3) mem 0x80010a06 0xfff3
core   0: 0x80000d9a (0x096c0103) lb      sp, 150(s8)
core   0: 3 0x80000d9a (0x096c0103) x 2 0x00000000 mem 0x80010a8f
core   0: 0x80000d9e (0x3bd08b97) auipc   s7, 0x3bd08
core   0: 3 0x80000d9e (0x3bd08b97) x23 0xbbd08d9e
core   0: 0x80000da2 (0x000051fd) c.li    gp, -1
core   0: 3 0x80000da2 (0x51fd) x 3 0xffffffff
core   0: 0x80000da4 (0xfd1c5c83) lhu     s9, -47(s8)
core   0: 3 0x80000da4 (0xfd1c5c83) x25 0x00000000 mem 0x800109ca
core   0: 0x80000da8 (0xf66c18a3) sh      t1, -143(s8)
core   0: 3 0x80000da8 (0xf66c18a3) mem 0x8001096a 0x07c1
core   0: 0x80000dac (0x030eed33) rem     s10, t4, a6
core   0: 3 0x80000dac (0x030eed33) x26 0x00000000
core   0: 0x80000db0 (0xf62c4403) lbu     s0, -158(s8)
core   0: 3 0x80000db0 (0xf62c4403) x 8 0x00000000 mem 0x8001095b
core   0: 0x80000db4 (0xf6fc5a83) lhu     s5, -145(s8)
core   0: 3 0x80000db4 (0xf6fc5a83) x21 0x00000000 mem 0x80010968
core   0: 0x80000db8 (0x00006305) c.lui   t1, 0x1
core   0: 3 0x80000db8 (0x6305) x 6 0x00001000
core   0: 0x80000dba (0x00008365) c.srli  a4, 25
core   0: 3 0x80000dba (0x8365) x14 0x00000000
core   0: 0x80000dbc (0xf44c0223) sb      tp, -188(s8)
core   0: 3 0x80000dbc (0xf44c0223) mem 0x8001093d 0x9d
core   0: 0x80000dc0 (0x00010b97) auipc   s7, 0x10
core   0: 3 0x80000dc0 (0x00010b97) x23 0x80010dc0
core   0: 0x80000dc4 (0xf9cb8b93) addi    s7, s7, -100
core   0: 3 0x80000dc4 (0xf9cb8b93) x23 0x80010d5c
core   0: 0x80000dc8 (0x0382aeb3) mulhsu  t4, t0, s8
core   0: 3 0x80000dc8 (0x0382aeb3) x29 0xc00041b6
core   0: 0x80000dcc (0x00000001) c.nop
core   0: 3 0x80000dcc (0x0001)
core   0: 0x80000dce (0x9a424f13) xori    t5, tp, -1628
core   0: 3 0x80000dce (0x9a424f13) x30 0x7ffe6b39
core   0: 0x80000dd2 (0x01719233) sll     tp, gp, s7
core   0: 3 0x80000dd2 (0x01719233) x 4 0xf0000000
core   0: 0x80000dd6 (0x0f2bc483) lbu     s1, 242(s7)
core   0: 3 0x80000dd6 (0x0f2bc483) x 9 0x00000000 mem 0x80010e4e
core   0: 0x80000dda (0x01dd0833) add     a6, s10, t4
core   0: 3 0x80000dda (0x01dd0833) x16 0xc00041b6
core   0: 0x80000dde (0x0b4bdb03) lhu     s6, 180(s7)
core   0: 3 0x80000dde (0x0b4bdb03) x22 0x00000000 mem 0x80010e10
core   0: 0x80000de2 (0x00008f21) c.xor   a4, s0
core   0: 3 0x80000de2 (0x8f21) x14 0x00000000
core   0: 0x80000de4 (0x00000e22) c.slli  t3, 8
core   0: 3 0x80000de4 (0x0e22) x28 0x00000000
core   0: 0x80000de6 (0xf91b8883) lb      a7, -111(s7)
core   0: 3 0x80000de6 (0xf91b8883) x17 0x00000000 mem 0x80010ced
core   0: 0x80000dea (0x01a95433) srl     s0, s2, s10
core   0: 3 0x80000dea (0x01a95433) x 8 0x00000000
core   0: 0x80000dee (0x00000001) c.nop
core   0: 3 0x80000dee (0x0001)
core   0: 0x80000df0 (0x00000001) c.nop
core   0: 3 0x80000df0 (0x0001)
core   0: 0x80000df2 (0x08eb86a3) sb      a4, 141(s7)
core   0: 3 0x80000df2 (0x08eb86a3) mem 0x80010de9 0x0
core   0: 0x80000df6 (0xbf8a2193) slti    gp, s4, -1032
core   0: 3 0x80000df6 (0xbf8a2193) x 3 0x00000001
core   0: 0x80000dfa (0x00798f33) add     t5, s3, t2
core   0: 3 0x80000dfa (0x00798f33) x30 0x8001929d
core   0: 0x80000dfe (0x0c8bd903) lhu     s2, 200(s7)
core   0: 3 0x80000dfe (0x0c8bd903) x18 0x00000000 mem 0x80010e24
core   0: 0x80000e02 (0x05eb8803) lb      a6, 94(s7)
core   0: 3 0x80000e02 (0x05eb8803) x16 0x00000000 mem 0x80010dba
core   0: 0x80000e06 (0x03dba023) sw      t4, 32(s7)
core   0: 3 0x80000e06 (0x03dba023) mem 0x80010d7c 0xc00041b6
core   0: 0x80000e0a (0x01386133) or      sp, a6, s3
core   0: 3 0x80000e0a (0x01386133) x 2 0x00000000
core   0: 0x80000e0e (0xf7cb8003) lb      zero, -132(s7)
core   0: 3 0x80000e0e (0xf7cb8003) mem 0x80010cd8
core   0: 0x80000e12 (0x08fb8283) lb      t0, 143(s7)
core   0: 3 0x80000e12 (0x08fb8283) x 5 0x00000000 mem 0x80010deb
core   0: 0x80000e16 (0xfa1b8723) sb      ra, -82(s7)
core   0: 3 0x80000e16 (0xfa1b8723) mem 0x80010d0a 0x0
core   0: 0x80000e1a (0x071bcf83) lbu     t6, 113(s7)
core   0: 3 0x80000e1a (0x071bcf83) x31 0x00000000 mem 0x80010dcd
core   0: 0x80000e1e (0x00c85f93) srli    t6, a6, 12
core   0: 3 0x80000e1e (0x00c85f93) x31 0x00000000
core   0: 0x80000e22 (0xff8b8203) lb      tp, -8(s7)
core   0: 3 0x80000e22 (0xff8b8203) x 4 0x00000000 mem 0x80010d54
core   0: 0x80000e26 (0x03181ab3) mulh    s5, a6, a7
core   0: 3 0x80000e26 (0x03181ab3) x21 0x00000000
core   0: 0x80000e2a (0x25317593) andi    a1, sp, 595
core   0: 3 0x80000e2a (0x25317593) x11 0x00000000
core   0: 0x80000e2e (0x032b0f33) mul     t5, s6, s2
core   0: 3 0x80000e2e (0x032b0f33) x30 0x00000000
core   0: 0x80000e32 (0x00527a33) and     s4, tp, t0
core   0: 3 0x80000e32 (0x00527a33) x20 0x00000000
core   0: 0x80000e36 (0xf72b83a3) sb      s2, -153(s7)
core   0: 3 0x80000e36 (0xf72b83a3) mem 0x80010cc3 0x0
core   0: 0x80000e3a (0x00644a33) xor     s4, s0, t1
core   0: 3 0x80000e3a (0x00644a33) x20 0x00001000
core   0: 0x80000e3e (0x0a0b8b23) sb      zero, 182(s7)
core   0: 3 0x80000e3e (0x0a0b8b23) mem 0x80010e12 0x0
core   0: 0x80000e42 (0x00006fa5) c.lui   t6, 0x9
core   0: 3 0x80000e42 (0x6fa5) x31 0x00009000
core   0: 0x80000e44 (0x41a70e33) sub     t3, a4, s10
core   0: 3 0x80000e44 (0x41a70e33) x28 0x00000000
core   0: 0x80000e48 (0xfd9b9723) sh      s9, -50(s7)
core   0: 3 0x80000e48 (0xfd9b9723) mem 0x80010d2a 0x0000
core   0: 0x80000e4c (0x02007833) remu    a6, zero, zero
core   0: 3 0x80000e4c (0x02007833) x16 0x00000000
core   0: 0x80000e50 (0x0000100f) fence.i
core   0: 3 0x80000e50 (0x0000100f)
core   0: 0x80000e54 (0x01f24433) xor     s0, tp, t6
core   0: 3 0x80000e54 (0x01f24433) x 8 0x00009000
core   0: 0x80000e58 (0xfc5b8623) sb      t0, -52(s7)
core   0: 3 0x80000e58 (0xfc5b8623) mem 0x80010d28 0x0
core   0: 0x80000e5c (0x010d5213) srli    tp, s10, 16
core   0: 3 0x80000e5c (0x010d5213) x 4 0x00000000
core   0: 0x80000e60 (0xff8b9a83) lh      s5, -8(s7)
core   0: 3 0x80000e60 (0xff8b9a83) x21 0x00000000 mem 0x80010d54
core   0: 0x80000e64 (0x035bcc83) lbu     s9, 53(s7)
core   0: 3 0x80000e64 (0x035bcc83) x25 0x00000000 mem 0x80010d91
core   0: 0x80000e68 (0x00020e17) auipc   t3, 0x20
core   0: 3 0x80000e68 (0x00020e17) x28 0x80020e68
core   0: 0x80000e6c (0xe69e0e13) addi    t3, t3, -407
core   0: 3 0x80000e6c (0xe69e0e13) x28 0x80020cd1
core   0: 0x80000e70 (0xf58e0623) sb      s8, -180(t3)
core   0: 3 0x80000e70 (0xf58e0623) mem 0x80020c1d 0xf9
core   0: 0x80000e74 (0x00008f79) c.and   a4, a4
core   0: 3 0x80000e74 (0x8f79) x14 0x00000000
core   0: 0x80000e76 (0x0073f333) and     t1, t2, t2
core   0: 3 0x80000e76 (0x0073f333) x 6 0x8001929d
core   0: 0x80000e7a (0x007c2333) slt     t1, s8, t2
core   0: 3 0x80000e7a (0x007c2333) x 6 0x00000001
core   0: 0x80000e7e (0x0063fc33) and     s8, t2, t1
core   0: 3 0x80000e7e (0x0063fc33) x24 0x00000001
core   0: 0x80000e82 (0x00000001) c.nop
core   0: 3 0x80000e82 (0x0001)
core   0: 0x80000e84 (0xf3ee4f03) lbu     t5, -194(t3)
core   0: 3 0x80000e84 (0xf3ee4f03) x30 0x00000000 mem 0x80020c0f
core   0: 0x80000e88 (0x0abe1283) lh      t0, 171(t3)
core   0: 3 0x80000e88 (0x0abe1283) x 5 0x00000000 mem 0x80020d7c
core   0: 0x80000e8c (0xfa3e0303) lb      t1, -93(t3)
core   0: 3 0x80000e8c (0xfa3e0303) x 6 0x00000000 mem 0x80020c74
core   0: 0x80000e90 (0xf46e0b23) sb      t1, -170(t3)
core   0: 3 0x80000e90 (0xf46e0b23) mem 0x80020c27 0x0
core   0: 0x80000e94 (0x03ec0c33) mul     s8, s8, t5
core   0: 3 0x80000e94 (0x03ec0c33) x24 0x00000000
core   0: 0x80000e98 (0xff4e0c03) lb      s8, -12(t3)
core   0: 3 0x80000e98 (0xff4e0c03) x24 0x00000000 mem 0x80020cc5
core   0: 0x80000e9c (0x007323b3) slt     t2, t1, t2
core   0: 3 0x80000e9c (0x007323b3) x 7 0x00000000
core   0: 0x80000ea0 (0x013e5f03) lhu     t5, 19(t3)
core   0: 3 0x80000ea0 (0x013e5f03) x30 0x00000000 mem 0x80020ce4
core   0: 0x80000ea4 (0xfe7e4703) lbu     a4, -25(t3)
core   0: 3 0x80000ea4 (0xfe7e4703) x14 0x00000000 mem 0x80020cb8
core   0: 0x80000ea8 (0x0000100f) fence.i
core   0: 3 0x80000ea8 (0x0000100f)
core   0: 0x80000eac (0xf7be2283) lw      t0, -133(t3)
core   0: 3 0x80000eac (0xf7be2283) x 5 0x00000000 mem 0x80020c4c
core   0: 0x80000eb0 (0x07ee0f23) sb      t5, 126(t3)
core   0: 3 0x80000eb0 (0x07ee0f23) mem 0x80020d4f 0x0
core   0: 0x80000eb4 (0x03ef3f33) mulhu   t5, t5, t5
core   0: 3 0x80000eb4 (0x03ef3f33) x30 0x00000000
core   0: 0x80000eb8 (0x005e1ea3) sh      t0, 29(t3)
core   0: 3 0x80000eb8 (0x005e1ea3) mem 0x80020cee 0x0000
core   0: 0x80000ebc (0x230c7293) andi    t0, s8, 560
core   0: 3 0x80000ebc (0x230c7293) x 5 0x00000000
core   0: 0x80000ec0 (0x00008f19) c.sub   a4, a4
core   0: 3 0x80000ec0 (0x8f19) x14 0x00000000
core   0: 0x80000ec2 (0x0c1e4c03) lbu     s8, 193(t3)
core   0: 3 0x80000ec2 (0x0c1e4c03) x24 0x00000000 mem 0x80020d92
core   0: 0x80000ec6 (0x00008f19) c.sub   a4, a4
core   0: 3 0x80000ec6 (0x8f19) x14 0x00000000
core   0: 0x80000ec8 (0x02728c33) mul     s8, t0, t2
core   0: 3 0x80000ec8 (0x02728c33) x24 0x00000000
core   0: 0x80000ecc (0x00008f19) c.sub   a4, a4
core   0: 3 0x80000ecc (0x8f19) x14 0x00000000
core   0: 0x80000ece (0xfd8e0523) sb      s8, -54(t3)
core   0: 3 0x80000ece (0xfd8e0523) mem 0x80020c9b 0x0
core   0: 0x80000ed2 (0x0000100f) fence.i
core   0: 3 0x80000ed2 (0x0000100f)
core   0: 0x80000ed6 (0x022c3313) sltiu   t1, s8, 34
core   0: 3 0x80000ed6 (0x022c3313) x 6 0x00000001
core   0: 0x80000eda (0x05be5303) lhu     t1, 91(t3)
core   0: 3 0x80000eda (0x05be5303) x 6 0x00000000 mem 0x80020d2c
core   0: 0x80000ede (0x03e3d2b3) divu    t0, t2, t5
core   0: 3 0x80000ede (0x03e3d2b3) x 5 0xffffffff
core   0: 0x80000ee2 (0x03829c33) mulh    s8, t0, s8
core   0: 3 0x80000ee2 (0x03829c33) x24 0x00000000
core   0: 0x80000ee6 (0x038c3733) mulhu   a4, s8, s8
core   0: 3 0x80000ee6 (0x038c3733) x14 0x00000000
core   0: 0x80000eea (0x0d6e0383) lb      t2, 214(t3)
core   0: 3 0x80000eea (0x0d6e0383) x 7 0x00000000 mem 0x80020da7
core   0: 0x80000eee (0x0001b597) auipc   a1, 0x1b
core   0: 3 0x80000eee (0x0001b597) x11 0x8001beee
core   0: 0x80000ef2 (0xcac58593) addi    a1, a1, -852
core   0: 3 0x80000ef2 (0xcac58593) x11 0x8001bb9a
core   0: 0x80000ef6 (0x00008f9d) c.sub   a5, a5
core   0: 3 0x80000ef6 (0x8f9d) x15 0x00000000
core   0: 0x80000ef8 (0x02f1c1b3) div     gp, gp, a5
core   0: 3 0x80000ef8 (0x02f1c1b3) x 3 0xffffffff
core   0: 0x80000efc (0x02fec8b3) div     a7, t4, a5
core   0: 3 0x80000efc (0x02fec8b3) x17 0xffffffff
core   0: 0x80000f00 (0x0278beb3) mulhu   t4, a7, t2
core   0: 3 0x80000f00 (0x0278beb3) x29 0x00000000
core   0: 0x80000f04 (0x01d7a7b3) slt     a5, a5, t4
core   0: 3 0x80000f04 (0x01d7a7b3) x15 0x00000000
core   0: 0x80000f08 (0x00008ffd) c.and   a5, a5
core   0: 3 0x80000f08 (0x8ffd) x15 0x00000000
core   0: 0x80000f0a (0x0071f7b3) and     a5, gp, t2
core   0: 3 0x80000f0a (0x0071f7b3) x15 0x00000000
core   0: 0x80000f0e (0x00000001) c.nop
core   0: 3 0x80000f0e (0x0001)
core   0: 0x80000f10 (0x28859183) lh      gp, 648(a1)
core   0: 3 0x80000f10 (0x28859183) x 3 0x00000000 mem 0x8001be22
core   0: 0x80000f14 (0x0000083a) c.slli  a6, 14
core   0: 3 0x80000f14 (0x083a) x16 0x00000000
core   0: 0x80000f16 (0x000063d5) c.lui   t2, 0x15
core   0: 3 0x80000f16 (0x63d5) x 7 0x00015000
core   0: 0x80000f18 (0xf1d588a3) sb      t4, -239(a1)
core   0: 3 0x80000f18 (0xf1d588a3) mem 0x8001baab 0x0
core   0: 0x80000f1c (0x00384833) xor     a6, a6, gp
core   0: 3 0x80000f1c (0x00384833) x16 0x00000000
core   0: 0x80000f20 (0x00009876) c.add   a6, t4
core   0: 3 0x80000f20 (0x9876) x16 0x00000000
core   0: 0x80000f22 (0x00005efd) c.li    t4, -1
core   0: 3 0x80000f22 (0x5efd) x29 0xffffffff
core   0: 0x80000f24 (0x6145c883) lbu     a7, 1556(a1)
core   0: 3 0x80000f24 (0x6145c883) x17 0x00000000 mem 0x8001c1ae
core   0: 0x80000f28 (0xc7f4c197) auipc   gp, 0xc7f4c
core   0: 3 0x80000f28 (0xc7f4c197) x 3 0x47f4cf28
core   0: 0x80000f2c (0x00f3f833) and     a6, t2, a5
core   0: 3 0x80000f2c (0x00f3f833) x16 0x00000000
core   0: 0x80000f30 (0x41ded833) sra     a6, t4, t4
core   0: 3 0x80000f30 (0x41ded833) x16 0xffffffff
core   0: 0x80000f34 (0x0000100f) fence.i
core   0: 3 0x80000f34 (0x0000100f)
core   0: 0x80000f38 (0x410858b3) sra     a7, a6, a6
core   0: 3 0x80000f38 (0x410858b3) x17 0xffffffff
core   0: 0x80000f3c (0x0277aeb3) mulhsu  t4, a5, t2
core   0: 3 0x80000f3c (0x0277aeb3) x29 0x00000000
core   0: 0x80000f40 (0x7fd5ce83) lbu     t4, 2045(a1)
core   0: 3 0x80000f40 (0x7fd5ce83) x29 0x00000000 mem 0x8001c397
core   0: 0x80000f44 (0x1395ce83) lbu     t4, 313(a1)
core   0: 3 0x80000f44 (0x1395ce83) x29 0x00000000 mem 0x8001bcd3
core   0: 0x80000f48 (0x8505c803) lbu     a6, -1968(a1)
core   0: 3 0x80000f48 (0x8505c803) x16 0x00000000 mem 0x8001b3ea
core   0: 0x80000f4c (0x0033b1b3) sltu    gp, t2, gp
core   0: 3 0x80000f4c (0x0033b1b3) x 3 0x00000001
core   0: 0x80000f50 (0x7de65817) auipc   a6, 0x7de65
core   0: 3 0x80000f50 (0x7de65817) x16 0xfde65f50
core   0: 0x80000f54 (0x9f76b797) auipc   a5, 0x9f76b
core   0: 3 0x80000f54 (0x9f76b797) x15 0x1f76bf54
core   0: 0x80000f58 (0x027897b3) mulh    a5, a7, t2
core   0: 3 0x80000f58 (0x027897b3) x15 0xffffffff
core   0: 0x80000f5c (0x3475a123) sw      t2, 834(a1)
core   0: 3 0x80000f5c (0x3475a123) mem 0x8001bedc 0x00015000
core   0: 0x80000f60 (0x00008842) c.mv    a6, a6
core   0: 3 0x80000f60 (0x8842) x16 0xfde65f50
core   0: 0x80000f62 (0x000087a1) c.srai  a5, 8
core   0: 3 0x80000f62 (0x87a1) x15 0xffffffff
core   0: 0x80000f64 (0xed25d803) lhu     a6, -302(a1)
core   0: 3 0x80000f64 (0xed25d803) x16 0x00000000 mem 0x8001ba6c
core   0: 0x80000f68 (0x2f558883) lb      a7, 757(a1)
core   0: 3 0x80000f68 (0x2f558883) x17 0x00000000 mem 0x8001be8f
core   0: 0x80000f6c (0x528ec793) xori    a5, t4, 1320
core   0: 3 0x80000f6c (0x528ec793) x15 0x00000528
core   0: 0x80000f70 (0xadd59f23) sh      t4, -1314(a1)
core   0: 3 0x80000f70 (0xadd59f23) mem 0x8001b678 0x0000
core   0: 0x80000f74 (0x07758783) lb      a5, 119(a1)
core   0: 3 0x80000f74 (0x07758783) x15 0x00000000 mem 0x8001bc11
core   0: 0x80000f78 (0x00017f97) auipc   t6, 0x17
core   0: 3 0x80000f78 (0x00017f97) x31 0x80017f78
core   0: 0x80000f7c (0x92ff8f93) addi    t6, t6, -1745
core   0: 3 0x80000f7c (0x92ff8f93) x31 0x800178a7
core   0: 0x80000f80 (0xb0b77b13) andi    s6, a4, -1269
core   0: 3 0x80000f80 (0xb0b77b13) x22 0x00000000
core   0: 0x80000f84 (0x089f90a3) sh      s1, 129(t6)
core   0: 3 0x80000f84 (0x089f90a3) mem 0x80017928 0x0000
core   0: 0x80000f88 (0x028f8783) lb      a5, 40(t6)
core   0: 3 0x80000f88 (0x028f8783) x15 0x00000000 mem 0x800178cf
core   0: 0x80000f8c (0xf96fc703) lbu     a4, -106(t6)
core   0: 3 0x80000f8c (0xf96fc703) x14 0x00000000 mem 0x8001783d
core   0: 0x80000f90 (0x00000a8a) c.slli  s5, 2
core   0: 3 0x80000f90 (0x0a8a) x21 0x00000000
core   0: 0x80000f92 (0xf7dfd483) lhu     s1, -131(t6)
core   0: 3 0x80000f92 (0xf7dfd483) x 9 0x00000000 mem 0x80017824
core   0: 0x80000f96 (0xf47fc483) lbu     s1, -185(t6)
core   0: 3 0x80000f96 (0xf47fc483) x 9 0x00000000 mem 0x800177ee
core   0: 0x80000f9a (0xbd34fc93) andi    s9, s1, -1069
core   0: 3 0x80000f9a (0xbd34fc93) x25 0x00000000
core   0: 0x80000f9e (0xf32aa793) slti    a5, s5, -206
core   0: 3 0x80000f9e (0xf32aa793) x15 0x00000000
core   0: 0x80000fa2 (0x01574ab3) xor     s5, a4, s5
core   0: 3 0x80000fa2 (0x01574ab3) x21 0x00000000
core   0: 0x80000fa6 (0x00008f25) c.xor   a4, s1
core   0: 3 0x80000fa6 (0x8f25) x14 0x00000000
core   0: 0x80000fa8 (0xf39f8123) sb      s9, -222(t6)
core   0: 3 0x80000fa8 (0xf39f8123) mem 0x800177c9 0x0
core   0: 0x80000fac (0x00009ce6) c.add   s9, s9
core   0: 3 0x80000fac (0x9ce6) x25 0x00000000
core   0: 0x80000fae (0x0d9f8ba3) sb      s9, 215(t6)
core   0: 3 0x80000fae (0x0d9f8ba3) mem 0x8001797e 0x0
core   0: 0x80000fb2 (0x01979ab3) sll     s5, a5, s9
core   0: 3 0x80000fb2 (0x01979ab3) x21 0x00000000
core   0: 0x80000fb6 (0x0b5f8323) sb      s5, 166(t6)
core   0: 3 0x80000fb6 (0x0b5f8323) mem 0x8001794d 0x0
core   0: 0x80000fba (0xc6e78713) addi    a4, a5, -914
core   0: 3 0x80000fba (0xc6e78713) x14 0xfffffc6e
core   0: 0x80000fbe (0x000094ba) c.add   s1, a4
core   0: 3 0x80000fbe (0x94ba) x 9 0xfffffc6e
core   0: 0x80000fc0 (0x022fc483) lbu     s1, 34(t6)
core   0: 3 0x80000fc0 (0x022fc483) x 9 0x00000000 mem 0x800178c9
core   0: 0x80000fc4 (0x000084b9) c.srai  s1, 14
core   0: 3 0x80000fc4 (0x84b9) x 9 0x00000000
core   0: 0x80000fc6 (0xfcaf8783) lb      a5, -54(t6)
core   0: 3 0x80000fc6 (0xfcaf8783) x15 0x00000000 mem 0x80017871
core   0: 0x80000fca (0xa544bc93) sltiu   s9, s1, -1452
core   0: 3 0x80000fca (0xa544bc93) x25 0x00000001
core   0: 0x80000fce (0x055f89a3) sb      s5, 83(t6)
core   0: 3 0x80000fce (0x055f89a3) mem 0x800178fa 0x0
core   0: 0x80000fd2 (0x04ffa8a3) sw      a5, 81(t6)
core   0: 3 0x80000fd2 (0x04ffa8a3) mem 0x800178f8 0x00000000
core   0: 0x80000fd6 (0x015b47b3) xor     a5, s6, s5
core   0: 3 0x80000fd6 (0x015b47b3) x15 0x00000000
core   0: 0x80000fda (0xf67f8b03) lb      s6, -153(t6)
core   0: 3 0x80000fda (0xf67f8b03) x22 0x00000000 mem 0x8001780e
core   0: 0x80000fde (0x00008f39) c.xor   a4, a4
core   0: 3 0x80000fde (0x8f39) x14 0x00000000
core   0: 0x80000fe0 (0x7ee4c737) lui     a4, 0x7ee4c
core   0: 3 0x80000fe0 (0x7ee4c737) x14 0x7ee4c000
core   0: 0x80000fe4 (0x08ff8223) sb      a5, 132(t6)
core   0: 3 0x80000fe4 (0x08ff8223) mem 0x8001792b 0x0
core   0: 0x80000fe8 (0x40e7db33) sra     s6, a5, a4
core   0: 3 0x80000fe8 (0x40e7db33) x22 0x00000000
core   0: 0x80000fec (0x029c84b3) mul     s1, s9, s1
core   0: 3 0x80000fec (0x029c84b3) x 9 0x00000000
core   0: 0x80000ff0 (0xf79f84a3) sb      s9, -151(t6)
core   0: 3 0x80000ff0 (0xf79f84a3) mem 0x80017810 0x1
core   0: 0x80000ff4 (0xfc9fc483) lbu     s1, -55(t6)
core   0: 3 0x80000ff4 (0xfc9fc483) x 9 0x00000000 mem 0x80017870
core   0: 0x80000ff8 (0x036b27b3) mulhsu  a5, s6, s6
core   0: 3 0x80000ff8 (0x036b27b3) x15 0x00000000
core   0: 0x80000ffc (0xf99f90a3) sh      s9, -127(t6)
core   0: 3 0x80000ffc (0xf99f90a3) mem 0x80017828 0x0001
core   0: 0x80001000 (0xca7acb13) xori    s6, s5, -857
core   0: 3 0x80001000 (0xca7acb13) x22 0xfffffca7
core   0: 0x80001004 (0xfc3fda83) lhu     s5, -61(t6)
core   0: 3 0x80001004 (0xfc3fda83) x21 0x00000000 mem 0x8001786a
core   0: 0x80001008 (0x035f8da3) sb      s5, 59(t6)
core   0: 3 0x80001008 (0x035f8da3) mem 0x800178e2 0x0
core   0: 0x8000100c (0x0eff8123) sb      a5, 226(t6)
core   0: 3 0x8000100c (0x0eff8123) mem 0x80017989 0x0
core   0: 0x80001010 (0xfaef8483) lb      s1, -82(t6)
core   0: 3 0x80001010 (0xfaef8483) x 9 0x00000000 mem 0x80017855
core   0: 0x80001014 (0x00f4b4b3) sltu    s1, s1, a5
core   0: 3 0x80001014 (0x00f4b4b3) x 9 0x00000000
core   0: 0x80001018 (0x40f78b33) sub     s6, a5, a5
core   0: 3 0x80001018 (0x40f78b33) x22 0x00000000
core   0: 0x8000101c (0x00008cdd) c.or    s1, a5
core   0: 3 0x8000101c (0x8cdd) x 9 0x00000000
core   0: 0x8000101e (0x0197a7b3) slt     a5, a5, s9
core   0: 3 0x8000101e (0x0197a7b3) x15 0x00000001
core   0: 0x80001022 (0x03ef8c83) lb      s9, 62(t6)
core   0: 3 0x80001022 (0x03ef8c83) x25 0x00000000 mem 0x800178e5
core   0: 0x80001026 (0xf4efcb03) lbu     s6, -178(t6)
core   0: 3 0x80001026 (0xf4efcb03) x22 0x00000000 mem 0x800177f5
core   0: 0x8000102a (0x035b0ab3) mul     s5, s6, s5
core   0: 3 0x8000102a (0x035b0ab3) x21 0x00000000
core   0: 0x8000102e (0x00000001) c.nop
core   0: 3 0x8000102e (0x0001)
core   0: 0x80001030 (0xf2cafb13) andi    s6, s5, -212
core   0: 3 0x80001030 (0xf2cafb13) x22 0x00000000
core   0: 0x80001034 (0x00008fbd) c.xor   a5, a5
core   0: 3 0x80001034 (0x8fbd) x15 0x00000000
core   0: 0x80001036 (0xf58f8483) lb      s1, -168(t6)
core   0: 3 0x80001036 (0xf58f8483) x 9 0x00000000 mem 0x800177ff
core   0: 0x8000103a (0x03648ab3) mul     s5, s1, s6
core   0: 3 0x8000103a (0x03648ab3) x21 0x00000000
core   0: 0x8000103e (0x001f9c83) lh      s9, 1(t6)
core   0: 3 0x8000103e (0x001f9c83) x25 0x00000000 mem 0x800178a8
core   0: 0x80001042 (0xff6faca3) sw      s6, -7(t6)
core   0: 3 0x80001042 (0xff6faca3) mem 0x800178a0 0x00000000
core   0: 0x80001046 (0x00a00793) li      a5, 10
core   0: 3 0x80001046 (0x00a00793) x15 0x0000000a
core   0: 0x8000104a (0x00000001) c.nop
core   0: 3 0x8000104a (0x0001)
core   0: 0x8000104c (0x000081f5) c.srli  a1, 29
core   0: 3 0x8000104c (0x81f5) x11 0x00000004
core   0: 0x8000104e (0x00a00313) li      t1, 10
core   0: 3 0x8000104e (0x00a00313) x 6 0x0000000a
core   0: 0x80001052 (0x000010fd) c.addi  ra, -1
core   0: 3 0x80001052 (0x10fd) x 1 0xffffffff
core   0: 0x80001054 (0x01e05393) srli    t2, zero, 30
core   0: 3 0x80001054 (0x01e05393) x 7 0x00000000
core   0: 0x80001058 (0x000084e9) c.srai  s1, 26
core   0: 3 0x80001058 (0x84e9) x 9 0x00000000
core   0: 0x8000105a (0x000017dd) c.addi  a5, -9
core   0: 3 0x8000105a (0x17dd) x15 0x00000001
core   0: 0x8000105c (0xff900713) li      a4, -7
core   0: 3 0x8000105c (0xff900713) x14 0xfffffff9
core   0: 0x80001060 (0xa34f0213) addi    tp, t5, -1484
core   0: 3 0x80001060 (0xa34f0213) x 4 0xfffffa34
core   0: 0x80001064 (0x00000001) c.nop
core   0: 3 0x80001064 (0x0001)
core   0: 0x80001066 (0x017413b3) sll     t2, s0, s7
core   0: 3 0x80001066 (0x017413b3) x 7 0x00000000
core   0: 0x8000106a (0x42873293) sltiu   t0, a4, 1064
core   0: 3 0x8000106a (0x42873293) x 5 0x00000000
core   0: 0x8000106e (0x00000705) c.addi  a4, 1
core   0: 3 0x8000106e (0x0705) x14 0xfffffffa
core   0: 0x80001070 (0x1af68113) addi    sp, a3, 431
core   0: 3 0x80001070 (0x1af68113) x 2 0x000001af
core   0: 0x80001074 (0x0000fb7d) c.bnez  a4, pc - 10
core   0: 3 0x80001074 (0xfb7d)
core   0: 0x8000106a (0x42873293) sltiu   t0, a4, 1064
core   0: 3 0x8000106a (0x42873293) x 5 0x00000000
core   0: 0x8000106e (0x00000705) c.addi  a4, 1
core   0: 3 0x8000106e (0x0705) x14 0xfffffffb
core   0: 0x80001070 (0x1af68113) addi    sp, a3, 431
core   0: 3 0x80001070 (0x1af68113) x 2 0x000001af
core   0: 0x80001074 (0x0000fb7d) c.bnez  a4, pc - 10
core   0: 3 0x80001074 (0xfb7d)
core   0: 0x8000106a (0x42873293) sltiu   t0, a4, 1064
core   0: 3 0x8000106a (0x42873293) x 5 0x00000000
core   0: 0x8000106e (0x00000705) c.addi  a4, 1
core   0: 3 0x8000106e (0x0705) x14 0xfffffffc
core   0: 0x80001070 (0x1af68113) addi    sp, a3, 431
core   0: 3 0x80001070 (0x1af68113) x 2 0x000001af
core   0: 0x80001074 (0x0000fb7d) c.bnez  a4, pc - 10
core   0: 3 0x80001074 (0xfb7d)
core   0: 0x8000106a (0x42873293) sltiu   t0, a4, 1064
core   0: 3 0x8000106a (0x42873293) x 5 0x00000000
core   0: 0x8000106e (0x00000705) c.addi  a4, 1
core   0: 3 0x8000106e (0x0705) x14 0xfffffffd
core   0: 0x80001070 (0x1af68113) addi    sp, a3, 431
core   0: 3 0x80001070 (0x1af68113) x 2 0x000001af
core   0: 0x80001074 (0x0000fb7d) c.bnez  a4, pc - 10
core   0: 3 0x80001074 (0xfb7d)
core   0: 0x8000106a (0x42873293) sltiu   t0, a4, 1064
core   0: 3 0x8000106a (0x42873293) x 5 0x00000000
core   0: 0x8000106e (0x00000705) c.addi  a4, 1
core   0: 3 0x8000106e (0x0705) x14 0xfffffffe
core   0: 0x80001070 (0x1af68113) addi    sp, a3, 431
core   0: 3 0x80001070 (0x1af68113) x 2 0x000001af
core   0: 0x80001074 (0x0000fb7d) c.bnez  a4, pc - 10
core   0: 3 0x80001074 (0xfb7d)
core   0: 0x8000106a (0x42873293) sltiu   t0, a4, 1064
core   0: 3 0x8000106a (0x42873293) x 5 0x00000000
core   0: 0x8000106e (0x00000705) c.addi  a4, 1
core   0: 3 0x8000106e (0x0705) x14 0xffffffff
core   0: 0x80001070 (0x1af68113) addi    sp, a3, 431
core   0: 3 0x80001070 (0x1af68113) x 2 0x000001af
core   0: 0x80001074 (0x0000fb7d) c.bnez  a4, pc - 10
core   0: 3 0x80001074 (0xfb7d)
core   0: 0x8000106a (0x42873293) sltiu   t0, a4, 1064
core   0: 3 0x8000106a (0x42873293) x 5 0x00000000
core   0: 0x8000106e (0x00000705) c.addi  a4, 1
core   0: 3 0x8000106e (0x0705) x14 0x00000000
core   0: 0x80001070 (0x1af68113) addi    sp, a3, 431
core   0: 3 0x80001070 (0x1af68113) x 2 0x000001af
core   0: 0x80001074 (0x0000fb7d) c.bnez  a4, pc - 10
core   0: 3 0x80001074 (0xfb7d)
core   0: 0x80001076 (0xbc4b1237) lui     tp, 0xbc4b1
core   0: 3 0x80001076 (0xbc4b1237) x 4 0xbc4b1000
core   0: 0x8000107a (0xfc67fce3) bgeu    a5, t1, pc - 40
core   0: 3 0x8000107a (0xfc67fce3)
core   0: 0x8000107e (0x013accb3) xor     s9, s5, s3
core   0: 3 0x8000107e (0x013accb3) x25 0x00000000
core   0: 0x80001082 (0x00010a17) auipc   s4, 0x10
core   0: 3 0x80001082 (0x00010a17) x20 0x80011082
core   0: 0x80001086 (0xe96a0a13) addi    s4, s4, -362
core   0: 3 0x80001086 (0xe96a0a13) x20 0x80010f18
core   0: 0x8000108a (0x00fa04a3) sb      a5, 9(s4)
core   0: 3 0x8000108a (0x00fa04a3) mem 0x80010f21 0x1
core   0: 0x8000108e (0x016a04a3) sb      s6, 9(s4)
core   0: 3 0x8000108e (0x016a04a3) mem 0x80010f21 0x0
core   0: 0x80001092 (0x00fa0a83) lb      s5, 15(s4)
core   0: 3 0x80001092 (0x00fa0a83) x21 0x00000000 mem 0x80010f27
core   0: 0x80001096 (0x00fa0a83) lb      s5, 15(s4)
core   0: 3 0x80001096 (0x00fa0a83) x21 0x00000000 mem 0x80010f27
core   0: 0x8000109a (0x001a07a3) sb      ra, 15(s4)
core   0: 3 0x8000109a (0x001a07a3) mem 0x80010f27 0xff
core   0: 0x8000109e (0x00fa4583) lbu     a1, 15(s4)
core   0: 3 0x8000109e (0x00fa4583) x11 0x000000ff mem 0x80010f27
core   0: 0x800010a2 (0xfe1a1b23) sh      ra, -10(s4)
core   0: 3 0x800010a2 (0xfe1a1b23) mem 0x80010f0e 0xffff
core   0: 0x800010a6 (0xfe4a0b23) sb      tp, -10(s4)
core   0: 3 0x800010a6 (0xfe4a0b23) mem 0x80010f0e 0x0
core   0: 0x800010aa (0xff6a4203) lbu     tp, -10(s4)
core   0: 3 0x800010aa (0xff6a4203) x 4 0x00000000 mem 0x80010f0e
core   0: 0x800010ae (0x005a4803) lbu     a6, 5(s4)
core   0: 3 0x800010ae (0x005a4803) x16 0x00000000 mem 0x80010f1d
core   0: 0x800010b2 (0x006a0483) lb      s1, 6(s4)
core   0: 3 0x800010b2 (0x006a0483) x 9 0x00000000 mem 0x80010f1e
core   0: 0x800010b6 (0xff7a1d23) sh      s7, -6(s4)
core   0: 3 0x800010b6 (0xff7a1d23) mem 0x80010f12 0x0d5c
core   0: 0x800010ba (0x010d4033) xor     zero, s10, a6
core   0: 3 0x800010ba (0x010d4033)
core   0: 0x800010be (0x0354a5b3) mulhsu  a1, s1, s5
core   0: 3 0x800010be (0x0354a5b3) x11 0x00000000
core   0: 0x800010c2 (0xfeea1d23) sh      a4, -6(s4)
core   0: 3 0x800010c2 (0xfeea1d23) mem 0x80010f12 0x0000
core   0: 0x800010c6 (0xffaa1083) lh      ra, -6(s4)
core   0: 3 0x800010c6 (0xffaa1083) x 1 0x00000000 mem 0x80010f12
core   0: 0x800010ca (0xff9a4e83) lbu     t4, -7(s4)
core   0: 3 0x800010ca (0xff9a4e83) x29 0x00000000 mem 0x80010f11
core   0: 0x800010ce (0xff9a4d03) lbu     s10, -7(s4)
core   0: 3 0x800010ce (0xff9a4d03) x26 0x00000000 mem 0x80010f11
core   0: 0x800010d2 (0x001a0723) sb      ra, 14(s4)
core   0: 3 0x800010d2 (0x001a0723) mem 0x80010f26 0x0
core   0: 0x800010d6 (0x41a5dcb3) sra     s9, a1, s10
core   0: 3 0x800010d6 (0x41a5dcb3) x25 0x00000000
core   0: 0x800010da (0xff2a5c83) lhu     s9, -14(s4)
core   0: 3 0x800010da (0xff2a5c83) x25 0x00000000 mem 0x80010f0a
core   0: 0x800010de (0x010a2103) lw      sp, 16(s4)
core   0: 3 0x800010de (0x010a2103) x 2 0x00000000 mem 0x80010f28
core   0: 0x800010e2 (0x00700413) li      s0, 7
core   0: 3 0x800010e2 (0x00700413) x 8 0x00000007
core   0: 0x800010e6 (0x098d3813) sltiu   a6, s10, 152
core   0: 3 0x800010e6 (0x098d3813) x16 0x00000001
core   0: 0x800010ea (0x00000b45) c.addi  s6, 17
core   0: 3 0x800010ea (0x0b45) x22 0x00000011
core   0: 0x800010ec (0x012ef933) and     s2, t4, s2
core   0: 3 0x800010ec (0x012ef933) x18 0x00000000
core   0: 0x800010f0 (0x000064c9) c.lui   s1, 0x12
core   0: 3 0x800010f0 (0x64c9) x 9 0x00012000
core   0: 0x800010f2 (0x41d45593) srai    a1, s0, 29
core   0: 3 0x800010f2 (0x41d45593) x11 0x00000000
core   0: 0x800010f6 (0x414f06b3) sub     a3, t5, s4
core   0: 3 0x800010f6 (0x414f06b3) x13 0x7ffef0e8
core   0: 0x800010fa (0x00b00213) li      tp, 11
core   0: 3 0x800010fa (0x00b00213) x 4 0x0000000b
core   0: 0x800010fe (0x00008c4a) c.mv    s8, s2
core   0: 3 0x800010fe (0x8c4a) x24 0x00000000
core   0: 0x80001100 (0x00009d6e) c.add   s10, s11
core   0: 3 0x80001100 (0x9d6e) x26 0x4242e194
core   0: 0x80001102 (0x1e1d7993) andi    s3, s10, 481
core   0: 3 0x80001102 (0x1e1d7993) x19 0x00000180
core   0: 0x80001106 (0x0000011e) c.slli  sp, 7
core   0: 3 0x80001106 (0x011e) x 2 0x00000000
core   0: 0x80001108 (0x0000717d) c.addi16sp sp, -16
core   0: 3 0x80001108 (0x717d) x 2 0xfffffff0
core   0: 0x8000110a (0x0000040d) c.addi  s0, 3
core   0: 3 0x8000110a (0x040d) x 8 0x0000000a
core   0: 0x8000110c (0x4dd51c37) lui     s8, 0x4dd51
core   0: 3 0x8000110c (0x4dd51c37) x24 0x4dd51000
core   0: 0x80001110 (0x02b985b3) mul     a1, s3, a1
core   0: 3 0x80001110 (0x02b985b3) x11 0x00000000
core   0: 0x80001114 (0xfe4466e3) bltu    s0, tp, pc - 20
core   0: 3 0x80001114 (0xfe4466e3)
core   0: 0x80001100 (0x00009d6e) c.add   s10, s11
core   0: 3 0x80001100 (0x9d6e) x26 0x8485c328
core   0: 0x80001102 (0x1e1d7993) andi    s3, s10, 481
core   0: 3 0x80001102 (0x1e1d7993) x19 0x00000120
core   0: 0x80001106 (0x0000011e) c.slli  sp, 7
core   0: 3 0x80001106 (0x011e) x 2 0xfffff800
core   0: 0x80001108 (0x0000717d) c.addi16sp sp, -16
core   0: 3 0x80001108 (0x717d) x 2 0xfffff7f0
core   0: 0x8000110a (0x0000040d) c.addi  s0, 3
core   0: 3 0x8000110a (0x040d) x 8 0x0000000d
core   0: 0x8000110c (0x4dd51c37) lui     s8, 0x4dd51
core   0: 3 0x8000110c (0x4dd51c37) x24 0x4dd51000
core   0: 0x80001110 (0x02b985b3) mul     a1, s3, a1
core   0: 3 0x80001110 (0x02b985b3) x11 0x00000000
core   0: 0x80001114 (0xfe4466e3) bltu    s0, tp, pc - 20
core   0: 3 0x80001114 (0xfe4466e3)
core   0: 0x80001118 (0xc35e6297) auipc   t0, 0xc35e6
core   0: 3 0x80001118 (0xc35e6297) x 5 0x435e7118
core   0: 0x8000111c (0x00010f17) auipc   t5, 0x10
core   0: 3 0x8000111c (0x00010f17) x30 0x8001111c
core   0: 0x80001120 (0xae5f0f13) addi    t5, t5, -1307
core   0: 3 0x80001120 (0xae5f0f13) x30 0x80010c01
core   0: 0x80001124 (0x021f2eb3) mulhsu  t4, t5, ra
core   0: 3 0x80001124 (0x021f2eb3) x29 0x00000000
core   0: 0x80001128 (0x0000100f) fence.i
core   0: 3 0x80001128 (0x0000100f)
core   0: 0x8000112c (0x00008c96) c.mv    s9, t0
core   0: 3 0x8000112c (0x8c96) x25 0x435e7118
core   0: 0x8000112e (0xff0f09a3) sb      a6, -13(t5)
core   0: 3 0x8000112e (0xff0f09a3) mem 0x80010bf4 0x1
core   0: 0x80001132 (0xffff5703) lhu     a4, -1(t5)
core   0: 3 0x80001132 (0xffff5703) x14 0x00000000 mem 0x80010c00
core   0: 0x80001136 (0x0034d113) srli    sp, s1, 3
core   0: 3 0x80001136 (0x0034d113) x 2 0x00002400
core   0: 0x8000113a (0x00de1fb3) sll     t6, t3, a3
core   0: 3 0x8000113a (0x00de1fb3) x31 0x020cd100
core   0: 0x8000113e (0x003f0d03) lb      s10, 3(t5)
core   0: 3 0x8000113e (0x003f0d03) x26 0x00000000 mem 0x80010c04
core   0: 0x80001142 (0x011d4fb3) xor     t6, s10, a7
core   0: 3 0x80001142 (0x011d4fb3) x31 0x00000000
core   0: 0x80001146 (0x012bd5b3) srl     a1, s7, s2
core   0: 3 0x80001146 (0x012bd5b3) x11 0x80010d5c
core   0: 0x8000114a (0xffbf0303) lb      t1, -5(t5)
core   0: 3 0x8000114a (0xffbf0303) x 6 0x00000000 mem 0x80010bfc
core   0: 0x8000114e (0x005a1433) sll     s0, s4, t0
core   0: 3 0x8000114e (0x005a1433) x 8 0x18000000
core   0: 0x80001152 (0x00bf10a3) sh      a1, 1(t5)
core   0: 3 0x80001152 (0x00bf10a3) mem 0x80010c02 0x0d5c
core   0: 0x80001156 (0x00008cf9) c.and   s1, a4
core   0: 3 0x80001156 (0x8cf9) x 9 0x00000000
core   0: 0x80001158 (0x0284a233) mulhsu  tp, s1, s0
core   0: 3 0x80001158 (0x0284a233) x 4 0x00000000
core   0: 0x8000115c (0x00000001) c.nop
core   0: 3 0x8000115c (0x0001)
core   0: 0x8000115e (0x03bd0a33) mul     s4, s10, s11
core   0: 3 0x8000115e (0x03bd0a33) x20 0x00000000
core   0: 0x80001162 (0x41fc01b3) sub     gp, s8, t6
core   0: 3 0x80001162 (0x41fc01b3) x 3 0x4dd51000
core   0: 0x80001166 (0x0000717d) c.addi16sp sp, -16
core   0: 3 0x80001166 (0x717d) x 2 0x000023f0
core   0: 0x80001168 (0x0055b133) sltu    sp, a1, t0
core   0: 3 0x80001168 (0x0055b133) x 2 0x00000000
core   0: 0x8000116c (0xfe6f1ba3) sh      t1, -9(t5)
core   0: 3 0x8000116c (0xfe6f1ba3) mem 0x80010bf8 0x0000
core   0: 0x80001170 (0xa94b74b7) lui     s1, 0xa94b7
core   0: 3 0x80001170 (0xa94b74b7) x 9 0xa94b7000
core   0: 0x80001174 (0x02804233) div     tp, zero, s0
core   0: 3 0x80001174 (0x02804233) x 4 0x00000000
core   0: 0x80001178 (0x02839fb3) mulh    t6, t2, s0
core   0: 3 0x80001178 (0x02839fb3) x31 0x00000000
core   0: 0x8000117c (0x000084d9) c.srai  s1, 22
core   0: 3 0x8000117c (0x84d9) x 9 0xfffffea5
core   0: 0x8000117e (0x01efed33) or      s10, t6, t5
core   0: 3 0x8000117e (0x01efed33) x26 0x80010c01
core   0: 0x80001182 (0x64d1c913) xori    s2, gp, 1613
core   0: 3 0x80001182 (0x64d1c913) x18 0x4dd5164d
core   0: 0x80001186 (0xa0b32793) slti    a5, t1, -1525
core   0: 3 0x80001186 (0xa0b32793) x15 0x00000000
core   0: 0x8000118a (0x001f5483) lhu     s1, 1(t5)
core   0: 3 0x8000118a (0x001f5483) x 9 0x00000d5c mem 0x80010c02
core   0: 0x8000118e (0xffef4a83) lbu     s5, -2(t5)
core   0: 3 0x8000118e (0xffef4a83) x21 0x00000000 mem 0x80010bff
core   0: 0x80001192 (0x0000017a) c.slli  sp, 30
core   0: 3 0x80001192 (0x017a) x 2 0x00000000
core   0: 0x80001194 (0x003f1c83) lh      s9, 3(t5)
core   0: 3 0x80001194 (0x003f1c83) x25 0x00000000 mem 0x80010c04
core   0: 0x80001198 (0x33aba393) slti    t2, s7, 826
core   0: 3 0x80001198 (0x33aba393) x 7 0x00000001
core   0: 0x8000119c (0x003dde13) srli    t3, s11, 3
core   0: 3 0x8000119c (0x003dde13) x28 0x08485c32
core   0: 0x800011a0 (0xffcf4283) lbu     t0, -4(t5)
core   0: 3 0x800011a0 (0xffcf4283) x 5 0x00000000 mem 0x80010bfd
core   0: 0x800011a4 (0x00df0103) lb      sp, 13(t5)
core   0: 3 0x800011a4 (0x00df0103) x 2 0x00000000 mem 0x80010c0e
core   0: 0x800011a8 (0x00008709) c.srai  a4, 2
core   0: 3 0x800011a8 (0x8709) x14 0x00000000
core   0: 0x800011aa (0x00006c41) c.lui   s8, 0x10
core   0: 3 0x800011aa (0x6c41) x24 0x00010000
core   0: 0x800011ac (0x00cf06a3) sb      a2, 13(t5)
core   0: 3 0x800011ac (0x00cf06a3) mem 0x80010c0e 0x64
core   0: 0x800011b0 (0x0049f333) and     t1, s3, tp
core   0: 3 0x800011b0 (0x0049f333) x 6 0x00000000
core   0: 0x800011b4 (0x006cefb3) or      t6, s9, t1
core   0: 3 0x800011b4 (0x006cefb3) x31 0x00000000
core   0: 0x800011b8 (0xff0f0c23) sb      a6, -8(t5)
core   0: 3 0x800011b8 (0xff0f0c23) mem 0x80010bf9 0x1
core   0: 0x800011bc (0xff0f0183) lb      gp, -16(t5)
core   0: 3 0x800011bc (0xff0f0183) x 3 0x00000000 mem 0x80010bf1
core   0: 0x800011c0 (0xb156e397) auipc   t2, 0xb156e
core   0: 3 0x800011c0 (0xb156e397) x 7 0x3156f1c0
core   0: 0x800011c4 (0x00cf0303) lb      t1, 12(t5)
core   0: 3 0x800011c4 (0x00cf0303) x 6 0x00000000 mem 0x80010c0d
core   0: 0x800011c8 (0x0120036f) jal     t1, pc + 0x12
core   0: 3 0x800011c8 (0x0120036f) x 6 0x800011cc
core   0: 0x800011da (0x0000bff5) c.j     pc - 4
core   0: 3 0x800011da (0xbff5)
core   0: 0x800011d6 (0x0000bffd) c.j     pc - 2
core   0: 3 0x800011d6 (0xbffd)
core   0: 0x800011d4 (0x0000a005) c.j     pc + 32
core   0: 3 0x800011d4 (0xa005)
core   0: 0x800011f4 (0x000037d5) c.jal   pc - 28
core   0: 3 0x800011f4 (0x37d5) x 1 0x800011f6
core   0: 0x800011d8 (0x0000bfe5) c.j     pc - 8
core   0: 3 0x800011d8 (0xbfe5)
core   0: 0x800011d0 (0xffdff0ef) jal     pc - 0x4
core   0: 3 0x800011d0 (0xffdff0ef) x 1 0x800011d4
core   0: 0x800011cc (0x0000a801) c.j     pc + 16
core   0: 3 0x800011cc (0xa801)
core   0: 0x800011dc (0x0000a801) c.j     pc + 16
core   0: 3 0x800011dc (0xa801)
core   0: 0x800011ec (0x000037cd) c.jal   pc - 30
core   0: 3 0x800011ec (0x37cd) x 1 0x800011ee
core   0: 0x800011ce (0x00002831) c.jal   pc + 28
core   0: 3 0x800011ce (0x2831) x 1 0x800011d0
core   0: 0x800011ea (0x0000bffd) c.j     pc - 2
core   0: 3 0x800011ea (0xbffd)
core   0: 0x800011e8 (0x0000bfe5) c.j     pc - 8
core   0: 3 0x800011e8 (0xbfe5)
core   0: 0x800011e0 (0x004000ef) jal     pc + 0x4
core   0: 3 0x800011e0 (0x004000ef) x 1 0x800011e4
core   0: 0x800011e4 (0x0000a029) c.j     pc + 10
core   0: 3 0x800011e4 (0xa029)
core   0: 0x800011ee (0x0080036f) jal     t1, pc + 0x8
core   0: 3 0x800011ee (0x0080036f) x 6 0x800011f2
core   0: 0x800011f6 (0xffdff0ef) jal     pc - 0x4
core   0: 3 0x800011f6 (0xffdff0ef) x 1 0x800011fa
core   0: 0x800011f2 (0x000037f5) c.jal   pc - 20
core   0: 3 0x800011f2 (0x37f5) x 1 0x800011f4
core   0: 0x800011de (0x0000a021) c.j     pc + 8
core   0: 3 0x800011de (0xa021)
core   0: 0x800011e6 (0x0000a811) c.j     pc + 20
core   0: 3 0x800011e6 (0xa811)
core   0: 0x800011fa (0xae9a3917) auipc   s2, 0xae9a3
core   0: 3 0x800011fa (0xae9a3917) x18 0x2e9a41fa
core   0: 0x800011fe (0x0000f997) auipc   s3, 0xf
core   0: 3 0x800011fe (0x0000f997) x19 0x800101fe
core   0: 0x80001202 (0x6cf98993) addi    s3, s3, 1743
core   0: 3 0x80001202 (0x6cf98993) x19 0x800108cd
core   0: 0x80001206 (0x0039a383) lw      t2, 3(s3)
core   0: 3 0x80001206 (0x0039a383) x 7 0x00000000 mem 0x800108d0
core   0: 0x8000120a (0x0769cf03) lbu     t5, 118(s3)
core   0: 3 0x8000120a (0x0769cf03) x30 0x00000000 mem 0x80010943
core   0: 0x8000120e (0x0000100f) fence.i
core   0: 3 0x8000120e (0x0000100f)
core   0: 0x80001212 (0xb061a097) auipc   ra, 0xb061a
core   0: 3 0x80001212 (0xb061a097) x 1 0x3061b212
core   0: 0x80001216 (0x41c508b3) sub     a7, a0, t3
core   0: 3 0x80001216 (0x41c508b3) x17 0x77ba40b2
core   0: 0x8000121a (0x0119cd33) xor     s10, s3, a7
core   0: 3 0x8000121a (0x0119cd33) x26 0xf7bb487f
core   0: 0x8000121e (0x007a9713) slli    a4, s5, 7
core   0: 3 0x8000121e (0x007a9713) x14 0x00000000
core   0: 0x80001222 (0x01bc1b93) slli    s7, s8, 27
core   0: 3 0x80001222 (0x01bc1b93) x23 0x00000000
core   0: 0x80001226 (0xe1dc1b17) auipc   s6, 0xe1dc1
core   0: 3 0x80001226 (0xe1dc1b17) x22 0x61dc2226
core   0: 0x8000122a (0xf669ce83) lbu     t4, -154(s3)
core   0: 3 0x8000122a (0xf669ce83) x29 0x00000000 mem 0x80010833
core   0: 0x8000122e (0xfa898183) lb      gp, -88(s3)
core   0: 3 0x8000122e (0xfa898183) x 3 0x00000000 mem 0x80010875
core   0: 0x80001232 (0x01497cb3) and     s9, s2, s4
core   0: 3 0x80001232 (0x01497cb3) x25 0x00000000
core   0: 0x80001236 (0x00008f99) c.sub   a5, a4
core   0: 3 0x80001236 (0x8f99) x15 0x00000000
core   0: 0x80001238 (0x00000001) c.nop
core   0: 3 0x80001238 (0x0001)
core   0: 0x8000123a (0x0a898f03) lb      t5, 168(s3)
core   0: 3 0x8000123a (0x0a898f03) x30 0x00000000 mem 0x80010975
core   0: 0x8000123e (0xfc29cc83) lbu     s9, -62(s3)
core   0: 3 0x8000123e (0xfc29cc83) x25 0x00000000 mem 0x8001088f
core   0: 0x80001242 (0xfb49cc03) lbu     s8, -76(s3)
core   0: 3 0x80001242 (0xfb49cc03) x24 0x00000000 mem 0x80010881
core   0: 0x80001246 (0xf0b99a83) lh      s5, -245(s3)
core   0: 3 0x80001246 (0xf0b99a83) x21 0x00000000 mem 0x800107d8
core   0: 0x8000124a (0xf5f98ca3) sb      t6, -167(s3)
core   0: 3 0x8000124a (0xf5f98ca3) mem 0x80010826 0x0
core   0: 0x8000124e (0x02298623) sb      sp, 44(s3)
core   0: 3 0x8000124e (0x02298623) mem 0x800108f9 0x0
core   0: 0x80001252 (0xfca9a5a3) sw      a0, -53(s3)
core   0: 3 0x80001252 (0xfca9a5a3) mem 0x80010898 0x80029ce4
core   0: 0x80001256 (0x00020e97) auipc   t4, 0x20
core   0: 3 0x80001256 (0x00020e97) x29 0x80021256
core   0: 0x8000125a (0xcb5e8e93) addi    t4, t4, -843
core   0: 3 0x8000125a (0xcb5e8e93) x29 0x80020f0b
core   0: 0x8000125e (0x00010897) auipc   a7, 0x10
core   0: 3 0x8000125e (0x00010897) x17 0x8001125e
core   0: 0x80001262 (0x9a788893) addi    a7, a7, -1625
core   0: 3 0x80001262 (0x9a788893) x17 0x80010c05
core   0: 0x80001266 (0xfc98d683) lhu     a3, -55(a7)
core   0: 3 0x80001266 (0xfc98d683) x13 0x00000000 mem 0x80010bce
core   0: 0x8000126a (0x0a088583) lb      a1, 160(a7)
core   0: 3 0x8000126a (0x0a088583) x11 0x00000000 mem 0x80010ca5
core   0: 0x8000126e (0x016ec783) lbu     a5, 22(t4)
core   0: 3 0x8000126e (0x016ec783) x15 0x00000000 mem 0x80020f21
core   0: 0x80001272 (0x04a89ea3) sh      a0, 93(a7)
core   0: 3 0x80001272 (0x04a89ea3) mem 0x80010c62 0x9ce4
core   0: 0x80001276 (0x00588d23) sb      t0, 26(a7)
core   0: 3 0x80001276 (0x00588d23) mem 0x80010c1f 0x0
core   0: 0x8000127a (0x012e8c23) sb      s2, 24(t4)
core   0: 3 0x8000127a (0x012e8c23) mem 0x80020f23 0xfa
core   0: 0x8000127e (0x04288e03) lb      t3, 66(a7)
core   0: 3 0x8000127e (0x04288e03) x28 0x00000000 mem 0x80010c47
core   0: 0x80001282 (0x0c28ce03) lbu     t3, 194(a7)
core   0: 3 0x80001282 (0x0c28ce03) x28 0x00000000 mem 0x80010cc7
core   0: 0x80001286 (0x036e8683) lb      a3, 54(t4)
core   0: 3 0x80001286 (0x036e8683) x13 0x00000000 mem 0x80020f41
core   0: 0x8000128a (0x032e8023) sb      s2, 32(t4)
core   0: 3 0x8000128a (0x032e8023) mem 0x80020f2b 0xfa
core   0: 0x8000128e (0x022e8683) lb      a3, 34(t4)
core   0: 3 0x8000128e (0x022e8683) x13 0x00000000 mem 0x80020f2d
core   0: 0x80001292 (0x02e89da3) sh      a4, 59(a7)
core   0: 3 0x80001292 (0x02e89da3) mem 0x80010c40 0x0000
core   0: 0x80001296 (0x000e8803) lb      a6, 0(t4)
core   0: 3 0x80001296 (0x000e8803) x16 0x00000000 mem 0x80020f0b
core   0: 0x8000129a (0x006ea2a3) sw      t1, 5(t4)
core   0: 3 0x8000129a (0x006ea2a3) mem 0x80020f10 0x800011f2
core   0: 0x8000129e (0x0aa8cc83) lbu     s9, 170(a7)
core   0: 3 0x8000129e (0x0aa8cc83) x25 0x00000000 mem 0x80010caf
core   0: 0x800012a2 (0xfd9e80a3) sb      s9, -63(t4)
core   0: 3 0x800012a2 (0xfd9e80a3) mem 0x80020ecc 0x0
core   0: 0x800012a6 (0x0000fe97) auipc   t4, 0xf
core   0: 3 0x800012a6 (0x0000fe97) x29 0x800102a6
core   0: 0x800012aa (0x71ee8e93) addi    t4, t4, 1822
core   0: 3 0x800012aa (0x71ee8e93) x29 0x800109c4
core   0: 0x800012ae (0xbafe8403) lb      s0, -1105(t4)
core   0: 3 0x800012ae (0xbafe8403) x 8 0x00000000 mem 0x80010573
core   0: 0x800012b2 (0x9eee8f83) lb      t6, -1554(t4)
core   0: 3 0x800012b2 (0x9eee8f83) x31 0x00000000 mem 0x800103b2
core   0: 0x800012b6 (0x9eee9403) lh      s0, -1554(t4)
core   0: 3 0x800012b6 (0x9eee9403) x 8 0x00000000 mem 0x800103b2
core   0: 0x800012ba (0x9eeec703) lbu     a4, -1554(t4)
core   0: 3 0x800012ba (0x9eeec703) x14 0x00000000 mem 0x800103b2
core   0: 0x800012be (0x9eee8b03) lb      s6, -1554(t4)
core   0: 3 0x800012be (0x9eee8b03) x22 0x00000000 mem 0x800103b2
core   0: 0x800012c2 (0x9eeec803) lbu     a6, -1554(t4)
core   0: 3 0x800012c2 (0x9eeec803) x16 0x00000000 mem 0x800103b2
core   0: 0x800012c6 (0xd3dec583) lbu     a1, -707(t4)
core   0: 3 0x800012c6 (0xd3dec583) x11 0x00000000 mem 0x80010701
core   0: 0x800012ca (0xd3dec303) lbu     t1, -707(t4)
core   0: 3 0x800012ca (0xd3dec303) x 6 0x00000000 mem 0x80010701
core   0: 0x800012ce (0xd30e8ea3) sb      a6, -707(t4)
core   0: 3 0x800012ce (0xd30e8ea3) mem 0x80010701 0x0
core   0: 0x800012d2 (0xf85ec283) lbu     t0, -123(t4)
core   0: 3 0x800012d2 (0xf85ec283) x 5 0x00000000 mem 0x80010949
core   0: 0x800012d6 (0x95fec103) lbu     sp, -1697(t4)
core   0: 3 0x800012d6 (0x95fec103) x 2 0x00000000 mem 0x80010323
core   0: 0x800012da (0x95fec683) lbu     a3, -1697(t4)
core   0: 3 0x800012da (0x95fec683) x13 0x00000000 mem 0x80010323
core   0: 0x800012de (0x95fe8e03) lb      t3, -1697(t4)
core   0: 3 0x800012de (0x95fe8e03) x28 0x00000000 mem 0x80010323
core   0: 0x800012e2 (0x94ee8fa3) sb      a4, -1697(t4)
core   0: 3 0x800012e2 (0x94ee8fa3) mem 0x80010323 0x0
core   0: 0x800012e6 (0x95fe8783) lb      a5, -1697(t4)
core   0: 3 0x800012e6 (0x95fe8783) x15 0x00000000 mem 0x80010323
core   0: 0x800012ea (0x95fe8183) lb      gp, -1697(t4)
core   0: 3 0x800012ea (0x95fe8183) x 3 0x00000000 mem 0x80010323
core   0: 0x800012ee (0x00c85693) srli    a3, a6, 12
core   0: 3 0x800012ee (0x00c85693) x13 0x00000000
core   0: 0x800012f2 (0x95fe8b83) lb      s7, -1697(t4)
core   0: 3 0x800012f2 (0x95fe8b83) x23 0x00000000 mem 0x80010323
core   0: 0x800012f6 (0x95fecf03) lbu     t5, -1697(t4)
core   0: 3 0x800012f6 (0x95fecf03) x30 0x00000000 mem 0x80010323
core   0: 0x800012fa (0x378ecd03) lbu     s10, 888(t4)
core   0: 3 0x800012fa (0x378ecd03) x26 0x00000000 mem 0x80010d3c
core   0: 0x800012fe (0x00300493) li      s1, 3
core   0: 3 0x800012fe (0x00300493) x 9 0x00000003
core   0: 0x80001302 (0x4016df33) sra     t5, a3, ra
core   0: 3 0x80001302 (0x4016df33) x30 0x00000000
core   0: 0x80001306 (0x00008c1d) c.sub   s0, a5
core   0: 3 0x80001306 (0x8c1d) x 8 0x00000000
core   0: 0x80001308 (0x40328433) sub     s0, t0, gp
core   0: 3 0x80001308 (0x40328433) x 8 0x00000000
core   0: 0x8000130c (0x402ed593) srai    a1, t4, 2
core   0: 3 0x8000130c (0x402ed593) x11 0xe0004271
core   0: 0x80001310 (0x034625b3) mulhsu  a1, a2, s4
core   0: 3 0x80001310 (0x034625b3) x11 0x00000000
core   0: 0x80001314 (0x01300813) li      a6, 19
core   0: 3 0x80001314 (0x01300813) x16 0x00000013
core   0: 0x80001318 (0x03ddb1b3) mulhu   gp, s11, t4
core   0: 3 0x80001318 (0x03ddb1b3) x 3 0x2121b593
core   0: 0x8000131c (0x020c25b3) mulhsu  a1, s8, zero
core   0: 3 0x8000131c (0x020c25b3) x11 0x00000000
core   0: 0x80001320 (0x02340d33) mul     s10, s0, gp
core   0: 3 0x80001320 (0x02340d33) x26 0x00000000
core   0: 0x80001324 (0x00611f13) slli    t5, sp, 6
core   0: 3 0x80001324 (0x00611f13) x30 0x00000000
core   0: 0x80001328 (0x00e099b3) sll     s3, ra, a4
core   0: 3 0x80001328 (0x00e099b3) x19 0x3061b212
core   0: 0x8000132c (0x00000485) c.addi  s1, 1
core   0: 3 0x8000132c (0x0485) x 9 0x00000004
core   0: 0x8000132e (0x00800713) li      a4, 8
core   0: 3 0x8000132e (0x00800713) x14 0x00000008
core   0: 0x80001332 (0x023e92b3) mulh    t0, t4, gp
core   0: 3 0x80001332 (0x023e92b3) x 5 0xef6f479b
core   0: 0x80001336 (0x030e3433) mulhu   s0, t3, a6
core   0: 3 0x80001336 (0x030e3433) x 8 0x00000000
core   0: 0x8000133a (0x036c8233) mul     tp, s9, s6
core   0: 3 0x8000133a (0x036c8233) x 4 0x00000000
core   0: 0x8000133e (0x00000001) c.nop
core   0: 3 0x8000133e (0x0001)
core   0: 0x80001340 (0x0350bb33) mulhu   s6, ra, s5
core   0: 3 0x80001340 (0x0350bb33) x22 0x00000000
core   0: 0x80001344 (0x414f0433) sub     s0, t5, s4
core   0: 3 0x80001344 (0x414f0433) x 8 0x00000000
core   0: 0x80001348 (0x00001761) c.addi  a4, -8
core   0: 3 0x80001348 (0x1761) x14 0x00000000
core   0: 0x8000134a (0x01a64f33) xor     t5, a2, s10
core   0: 3 0x8000134a (0x01a64f33) x30 0x80025e64
core   0: 0x8000134e (0x0000db6d) c.beqz  a4, pc - 14
core   0: 3 0x8000134e (0xdb6d)
core   0: 0x80001340 (0x0350bb33) mulhu   s6, ra, s5
core   0: 3 0x80001340 (0x0350bb33) x22 0x00000000
core   0: 0x80001344 (0x414f0433) sub     s0, t5, s4
core   0: 3 0x80001344 (0x414f0433) x 8 0x80025e64
core   0: 0x80001348 (0x00001761) c.addi  a4, -8
core   0: 3 0x80001348 (0x1761) x14 0xfffffff8
core   0: 0x8000134a (0x01a64f33) xor     t5, a2, s10
core   0: 3 0x8000134a (0x01a64f33) x30 0x80025e64
core   0: 0x8000134e (0x0000db6d) c.beqz  a4, pc - 14
core   0: 3 0x8000134e (0xdb6d)
core   0: 0x80001350 (0x01e6d9b3) srl     s3, a3, t5
core   0: 3 0x80001350 (0x01e6d9b3) x19 0x00000000
core   0: 0x80001354 (0x40af0233) sub     tp, t5, a0
core   0: 3 0x80001354 (0x40af0233) x 4 0xffffc180
core   0: 0x80001358 (0x0000914a) c.add   sp, s2
core   0: 3 0x80001358 (0x914a) x 2 0x2e9a41fa
core   0: 0x8000135a (0x003dbcb3) sltu    s9, s11, gp
core   0: 3 0x8000135a (0x003dbcb3) x25 0x00000000
core   0: 0x8000135e (0xfb048de3) beq     s1, a6, pc - 70
core   0: 3 0x8000135e (0xfb048de3)
core   0: 0x80001362 (0x00008c1d) c.sub   s0, a5
core   0: 3 0x80001362 (0x8c1d) x 8 0x80025e64
core   0: 0x80001364 (0x00010117) auipc   sp, 0x10
core   0: 3 0x80001364 (0x00010117) x 2 0x80011364
core   0: 0x80001368 (0xcc510113) addi    sp, sp, -827
core   0: 3 0x80001368 (0xcc510113) x 2 0x80011029
core   0: 0x8000136c (0xfba11fa3) sh      s10, -65(sp)
core   0: 3 0x8000136c (0xfba11fa3) mem 0x80010fe8 0x0000
core   0: 0x80001370 (0xfbf14903) lbu     s2, -65(sp)
core   0: 3 0x80001370 (0xfbf14903) x18 0x00000000 mem 0x80010fe8
core   0: 0x80001374 (0xafd10da3) sb      t4, -1285(sp)
core   0: 3 0x80001374 (0xafd10da3) mem 0x80010b24 0xc4
core   0: 0x80001378 (0x00d15903) lhu     s2, 13(sp)
core   0: 3 0x80001378 (0x00d15903) x18 0x00000000 mem 0x80011036
core   0: 0x8000137c (0xdce10903) lb      s2, -562(sp)
core   0: 3 0x8000137c (0xdce10903) x18 0x00000000 mem 0x80010df7
core   0: 0x80001380 (0x93c10f03) lb      t5, -1732(sp)
core   0: 3 0x80001380 (0x93c10f03) x30 0x00000000 mem 0x80010965
core   0: 0x80001384 (0x00b2fbb3) and     s7, t0, a1
core   0: 3 0x80001384 (0x00b2fbb3) x23 0x00000000
core   0: 0x80001388 (0x0399c1b3) div     gp, s3, s9
core   0: 3 0x80001388 (0x0399c1b3) x 3 0xffffffff
core   0: 0x8000138c (0x0112e333) or      t1, t0, a7
core   0: 3 0x8000138c (0x0112e333) x 6 0xef6f4f9f
core   0: 0x80001390 (0x92110e23) sb      ra, -1732(sp)
core   0: 3 0x80001390 (0x92110e23) mem 0x80010965 0x12
core   0: 0x80001394 (0x93d10e23) sb      t4, -1732(sp)
core   0: 3 0x80001394 (0x93d10e23) mem 0x80010965 0xc4
core   0: 0x80001398 (0x93c14203) lbu     tp, -1732(sp)
core   0: 3 0x80001398 (0x93c14203) x 4 0x000000c4 mem 0x80010965
core   0: 0x8000139c (0xf28b7a97) auipc   s5, 0xf28b7
core   0: 3 0x8000139c (0xf28b7a97) x21 0x728b839c
core   0: 0x800013a0 (0x83e10283) lb      t0, -1986(sp)
core   0: 3 0x800013a0 (0x83e10283) x 5 0x00000000 mem 0x80010867
core   0: 0x800013a4 (0x83e10203) lb      tp, -1986(sp)
core   0: 3 0x800013a4 (0x83e10203) x 4 0x00000000 mem 0x80010867
core   0: 0x800013a8 (0xdd910023) sb      s9, -576(sp)
core   0: 3 0x800013a8 (0xdd910023) mem 0x80010de9 0x0
core   0: 0x800013ac (0xfb111d03) lh      s10, -79(sp)
core   0: 3 0x800013ac (0xfb111d03) x26 0x00000000 mem 0x80010fda
core   0: 0x800013b0 (0x25533e13) sltiu   t3, t1, 597
core   0: 3 0x800013b0 (0x25533e13) x28 0x00000000
core   0: 0x800013b4 (0xfb111303) lh      t1, -79(sp)
core   0: 3 0x800013b4 (0xfb111303) x 6 0x00000000 mem 0x80010fda
core   0: 0x800013b8 (0xfb114f83) lbu     t6, -79(sp)
core   0: 3 0x800013b8 (0xfb114f83) x31 0x00000000 mem 0x80010fda
core   0: 0x800013bc (0xfb111383) lh      t2, -79(sp)
core   0: 3 0x800013bc (0xfb111383) x 7 0x00000000 mem 0x80010fda
core   0: 0x800013c0 (0xfa9118a3) sh      s1, -79(sp)
core   0: 3 0x800013c0 (0xfa9118a3) mem 0x80010fda 0x0004
core   0: 0x800013c4 (0xd1e14083) lbu     ra, -738(sp)
core   0: 3 0x800013c4 (0xd1e14083) x 1 0x00000000 mem 0x80010d47
core   0: 0x800013c8 (0xd8710d23) sb      t2, -614(sp)
core   0: 3 0x800013c8 (0xd8710d23) mem 0x80010dc3 0x0
core   0: 0x800013cc (0x00000001) c.nop
core   0: 3 0x800013cc (0x0001)
core   0: 0x800013ce (0xcb910523) sb      s9, -854(sp)
core   0: 3 0x800013ce (0xcb910523) mem 0x80010cd3 0x0
core   0: 0x800013d2 (0x0220036f) jal     t1, pc + 0x22
core   0: 3 0x800013d2 (0x0220036f) x 6 0x800013d6
core   0: 0x800013f4 (0xff5ff36f) jal     t1, pc - 0xc
core   0: 3 0x800013f4 (0xff5ff36f) x 6 0x800013f8
core   0: 0x800013e8 (0xfefffb6f) jal     s6, pc - 0x12
core   0: 3 0x800013e8 (0xfefffb6f) x22 0x800013ec
core   0: 0x800013d6 (0x00002029) c.jal   pc + 10
core   0: 3 0x800013d6 (0x2029) x 1 0x800013d8
core   0: 0x800013e0 (0x010000ef) jal     pc + 0x10
core   0: 3 0x800013e0 (0x010000ef) x 1 0x800013e4
core   0: 0x800013f0 (0x00002009) c.jal   pc + 2
core   0: 3 0x800013f0 (0x2009) x 1 0x800013f2
core   0: 0x800013f2 (0x00002029) c.jal   pc + 10
core   0: 3 0x800013f2 (0x2029) x 1 0x800013f4
core   0: 0x800013fc (0xfffff0ef) jal     pc - 0x2
core   0: 3 0x800013fc (0xfffff0ef) x 1 0x80001400
core   0: 0x800013fa (0x00002019) c.jal   pc + 6
core   0: 3 0x800013fa (0x2019) x 1 0x800013fc
core   0: 0x80001400 (0x00003fe1) c.jal   pc - 40
core   0: 3 0x80001400 (0x3fe1) x 1 0x80001402
core   0: 0x800013d8 (0x004000ef) jal     pc + 0x4
core   0: 3 0x800013d8 (0x004000ef) x 1 0x800013dc
core   0: 0x800013dc (0x01c000ef) jal     pc + 0x1c
core   0: 3 0x800013dc (0x01c000ef) x 1 0x800013e0
core   0: 0x800013f8 (0x0000a029) c.j     pc + 10
core   0: 3 0x800013f8 (0xa029)
core   0: 0x80001402 (0x0000b7ed) c.j     pc - 22
core   0: 3 0x80001402 (0xb7ed)
core   0: 0x800013ec (0xff9ff0ef) jal     pc - 0x8
core   0: 3 0x800013ec (0xff9ff0ef) x 1 0x800013f0
core   0: 0x800013e4 (0x0200036f) jal     t1, pc + 0x20
core   0: 3 0x800013e4 (0x0200036f) x 6 0x800013e8
core   0: 0x80001404 (0x16e16913) ori     s2, sp, 366
core   0: 3 0x80001404 (0x16e16913) x18 0x8001116f
core   0: 0x80001408 (0x0001b997) auipc   s3, 0x1b
core   0: 3 0x80001408 (0x0001b997) x19 0x8001c408
core   0: 0x8000140c (0x23598993) addi    s3, s3, 565
core   0: 3 0x8000140c (0x23598993) x19 0x8001c63d
core   0: 0x80001410 (0x0001dd17) auipc   s10, 0x1d
core   0: 3 0x80001410 (0x0001dd17) x26 0x8001e410
core   0: 0x80001414 (0x71ad0d13) addi    s10, s10, 1818
core   0: 3 0x80001414 (0x71ad0d13) x26 0x8001eb2a
core   0: 0x80001418 (0x012d1023) sh      s2, 0(s10)
core   0: 3 0x80001418 (0x012d1023) mem 0x8001eb2a 0x116f
core   0: 0x8000141c (0xff0d0b23) sb      a6, -10(s10)
core   0: 3 0x8000141c (0xff0d0b23) mem 0x8001eb20 0x13
core   0: 0x80001420 (0x00898203) lb      tp, 8(s3)
core   0: 3 0x80001420 (0x00898203) x 4 0x00000000 mem 0x8001c645
core   0: 0x80001424 (0xff898783) lb      a5, -8(s3)
core   0: 3 0x80001424 (0xff898783) x15 0x00000000 mem 0x8001c635
core   0: 0x80001428 (0xfe398a23) sb      gp, -12(s3)
core   0: 3 0x80001428 (0xfe398a23) mem 0x8001c631 0xff
core   0: 0x8000142c (0x00798783) lb      a5, 7(s3)
core   0: 3 0x8000142c (0x00798783) x15 0x00000000 mem 0x8001c644
core   0: 0x80001430 (0x00fd0803) lb      a6, 15(s10)
core   0: 3 0x80001430 (0x00fd0803) x16 0x00000000 mem 0x8001eb39
core   0: 0x80001434 (0x015983a3) sb      s5, 7(s3)
core   0: 3 0x80001434 (0x015983a3) mem 0x8001c644 0x9c
core   0: 0x80001438 (0xff5d4f83) lbu     t6, -11(s10)
core   0: 3 0x80001438 (0xff5d4f83) x31 0x00000000 mem 0x8001eb1f
core   0: 0x8000143c (0xff79d483) lhu     s1, -9(s3)
core   0: 3 0x8000143c (0xff79d483) x 9 0x00000000 mem 0x8001c634
core   0: 0x80001440 (0xff8d1003) lh      zero, -8(s10)
core   0: 3 0x80001440 (0xff8d1003) mem 0x8001eb22
core   0: 0x80001444 (0x00b9c203) lbu     tp, 11(s3)
core   0: 3 0x80001444 (0x00b9c203) x 4 0x00000000 mem 0x8001c648
core   0: 0x80001448 (0x0029c583) lbu     a1, 2(s3)
core   0: 3 0x80001448 (0x0029c583) x11 0x00000000 mem 0x8001c63f
core   0: 0x8000144c (0xfe2998a3) sh      sp, -15(s3)
core   0: 3 0x8000144c (0xfe2998a3) mem 0x8001c62e 0x1029
core   0: 0x80001450 (0x00300293) li      t0, 3
core   0: 3 0x80001450 (0x00300293) x 5 0x00000003
core   0: 0x80001454 (0x00900f93) li      t6, 9
core   0: 3 0x80001454 (0x00900f93) x31 0x00000009
core   0: 0x80001458 (0x00008199) c.srli  a1, 6
core   0: 3 0x80001458 (0x8199) x11 0x00000000
core   0: 0x8000145a (0xdbd9c417) auipc   s0, 0xdbd9c
core   0: 3 0x8000145a (0xdbd9c417) x 8 0x5bd9d45a
core   0: 0x8000145e (0x33498b13) addi    s6, s3, 820
core   0: 3 0x8000145e (0x33498b13) x22 0x8001c971
core   0: 0x80001462 (0x00008f91) c.sub   a5, a2
core   0: 3 0x80001462 (0x8f91) x15 0x7ffda19c
core   0: 0x80001464 (0x00000285) c.addi  t0, 1
core   0: 3 0x80001464 (0x0285) x 5 0x00000004
core   0: 0x80001466 (0x17156c93) ori     s9, a0, 369
core   0: 3 0x80001466 (0x17156c93) x25 0x80029df5
core   0: 0x8000146a (0xfff29ae3) bne     t0, t6, pc - 12
core   0: 3 0x8000146a (0xfff29ae3)
core   0: 0x8000145e (0x33498b13) addi    s6, s3, 820
core   0: 3 0x8000145e (0x33498b13) x22 0x8001c971
core   0: 0x80001462 (0x00008f91) c.sub   a5, a2
core   0: 3 0x80001462 (0x8f91) x15 0xfffb4338
core   0: 0x80001464 (0x00000285) c.addi  t0, 1
core   0: 3 0x80001464 (0x0285) x 5 0x00000005
core   0: 0x80001466 (0x17156c93) ori     s9, a0, 369
core   0: 3 0x80001466 (0x17156c93) x25 0x80029df5
core   0: 0x8000146a (0xfff29ae3) bne     t0, t6, pc - 12
core   0: 3 0x8000146a (0xfff29ae3)
core   0: 0x8000145e (0x33498b13) addi    s6, s3, 820
core   0: 3 0x8000145e (0x33498b13) x22 0x8001c971
core   0: 0x80001462 (0x00008f91) c.sub   a5, a2
core   0: 3 0x80001462 (0x8f91) x15 0x7ff8e4d4
core   0: 0x80001464 (0x00000285) c.addi  t0, 1
core   0: 3 0x80001464 (0x0285) x 5 0x00000006
core   0: 0x80001466 (0x17156c93) ori     s9, a0, 369
core   0: 3 0x80001466 (0x17156c93) x25 0x80029df5
core   0: 0x8000146a (0xfff29ae3) bne     t0, t6, pc - 12
core   0: 3 0x8000146a (0xfff29ae3)
core   0: 0x8000145e (0x33498b13) addi    s6, s3, 820
core   0: 3 0x8000145e (0x33498b13) x22 0x8001c971
core   0: 0x80001462 (0x00008f91) c.sub   a5, a2
core   0: 3 0x80001462 (0x8f91) x15 0xfff68670
core   0: 0x80001464 (0x00000285) c.addi  t0, 1
core   0: 3 0x80001464 (0x0285) x 5 0x00000007
core   0: 0x80001466 (0x17156c93) ori     s9, a0, 369
core   0: 3 0x80001466 (0x17156c93) x25 0x80029df5
core   0: 0x8000146a (0xfff29ae3) bne     t0, t6, pc - 12
core   0: 3 0x8000146a (0xfff29ae3)
core   0: 0x8000145e (0x33498b13) addi    s6, s3, 820
core   0: 3 0x8000145e (0x33498b13) x22 0x8001c971
core   0: 0x80001462 (0x00008f91) c.sub   a5, a2
core   0: 3 0x80001462 (0x8f91) x15 0x7ff4280c
core   0: 0x80001464 (0x00000285) c.addi  t0, 1
core   0: 3 0x80001464 (0x0285) x 5 0x00000008
core   0: 0x80001466 (0x17156c93) ori     s9, a0, 369
core   0: 3 0x80001466 (0x17156c93) x25 0x80029df5
core   0: 0x8000146a (0xfff29ae3) bne     t0, t6, pc - 12
core   0: 3 0x8000146a (0xfff29ae3)
core   0: 0x8000145e (0x33498b13) addi    s6, s3, 820
core   0: 3 0x8000145e (0x33498b13) x22 0x8001c971
core   0: 0x80001462 (0x00008f91) c.sub   a5, a2
core   0: 3 0x80001462 (0x8f91) x15 0xfff1c9a8
core   0: 0x80001464 (0x00000285) c.addi  t0, 1
core   0: 3 0x80001464 (0x0285) x 5 0x00000009
core   0: 0x80001466 (0x17156c93) ori     s9, a0, 369
core   0: 3 0x80001466 (0x17156c93) x25 0x80029df5
core   0: 0x8000146a (0xfff29ae3) bne     t0, t6, pc - 12
core   0: 3 0x8000146a (0xfff29ae3)
core   0: 0x8000146e (0x0000610d) c.addi16sp sp, 160
core   0: 3 0x8000146e (0x610d) x 2 0x800110c9
core   0: 0x80001470 (0x01c0036f) jal     t1, pc + 0x1c
core   0: 3 0x80001470 (0x01c0036f) x 6 0x80001474
core   0: 0x8000148c (0xff1ff0ef) jal     pc - 0x10
core   0: 3 0x8000148c (0xff1ff0ef) x 1 0x80001490
core   0: 0x8000147c (0x0000bfe5) c.j     pc - 8
core   0: 3 0x8000147c (0xbfe5)
core   0: 0x80001474 (0x0000a019) c.j     pc + 6
core   0: 3 0x80001474 (0xa019)
core   0: 0x8000147a (0x0000a839) c.j     pc + 30
core   0: 3 0x8000147a (0xa839)
core   0: 0x80001498 (0x0000bfe5) c.j     pc - 8
core   0: 3 0x80001498 (0xbfe5)
core   0: 0x80001490 (0x00003fe5) c.jal   pc - 8
core   0: 3 0x80001490 (0x3fe5) x 1 0x80001492
core   0: 0x80001488 (0x00a0036f) jal     t1, pc + 0xa
core   0: 3 0x80001488 (0x00a0036f) x 6 0x8000148c
core   0: 0x80001492 (0x00003fcd) c.jal   pc - 14
core   0: 3 0x80001492 (0x3fcd) x 1 0x80001494
core   0: 0x80001484 (0xffbff1ef) jal     gp, pc - 0x6
core   0: 3 0x80001484 (0xffbff1ef) x 3 0x80001488
core   0: 0x8000147e (0x00002831) c.jal   pc + 28
core   0: 3 0x8000147e (0x2831) x 1 0x80001480
core   0: 0x8000149a (0xfe7ffbef) jal     s7, pc - 0x1a
core   0: 3 0x8000149a (0xfe7ffbef) x23 0x8000149e
core   0: 0x80001480 (0x00002811) c.jal   pc + 20
core   0: 3 0x80001480 (0x2811) x 1 0x80001482
core   0: 0x80001494 (0xfe3ff36f) jal     t1, pc - 0x1e
core   0: 3 0x80001494 (0xfe3ff36f) x 6 0x80001498
core   0: 0x80001476 (0x00c0026f) jal     tp, pc + 0xc
core   0: 3 0x80001476 (0x00c0026f) x 4 0x8000147a
core   0: 0x80001482 (0x0000a831) c.j     pc + 28
core   0: 3 0x80001482 (0xa831)
core   0: 0x8000149e (0x02c259b3) divu    s3, tp, a2
core   0: 3 0x8000149e (0x02c259b3) x19 0x00000000
core   0: 0x800014a2 (0x0000f117) auipc   sp, 0xf
core   0: 3 0x800014a2 (0x0000f117) x 2 0x800104a2
core   0: 0x800014a6 (0xdfd10113) addi    sp, sp, -515
core   0: 3 0x800014a6 (0xdfd10113) x 2 0x8001029f
core   0: 0x800014aa (0x00008c41) c.or    s0, s0
core   0: 3 0x800014aa (0x8c41) x 8 0x5bd9d45a
core   0: 0x800014ac (0xfed15303) lhu     t1, -19(sp)
core   0: 3 0x800014ac (0xfed15303) x 6 0x00000000 mem 0x8001028c
core   0: 0x800014b0 (0x00d6f333) and     t1, a3, a3
core   0: 3 0x800014b0 (0x00d6f333) x 6 0x00000000
core   0: 0x800014b4 (0x026128a3) sw      t1, 49(sp)
core   0: 3 0x800014b4 (0x026128a3) mem 0x800102d0 0x00000000
core   0: 0x800014b8 (0x7c233313) sltiu   t1, t1, 1986
core   0: 3 0x800014b8 (0x7c233313) x 6 0x00000001
core   0: 0x800014bc (0x75c30d13) addi    s10, t1, 1884
core   0: 3 0x800014bc (0x75c30d13) x26 0x0000075d
core   0: 0x800014c0 (0x02710f03) lb      t5, 39(sp)
core   0: 3 0x800014c0 (0x02710f03) x30 0x00000000 mem 0x800102c6
core   0: 0x800014c4 (0x03514403) lbu     s0, 53(sp)
core   0: 3 0x800014c4 (0x03514403) x 8 0x00000000 mem 0x800102d4
core   0: 0x800014c8 (0x039f0cb3) mul     s9, t5, s9
core   0: 3 0x800014c8 (0x039f0cb3) x25 0x00000000
core   0: 0x800014cc (0x00d10223) sb      a3, 4(sp)
core   0: 3 0x800014cc (0x00d10223) mem 0x800102a3 0x0
core   0: 0x800014d0 (0x00410403) lb      s0, 4(sp)
core   0: 3 0x800014d0 (0x00410403) x 8 0x00000000 mem 0x800102a3
core   0: 0x800014d4 (0xff512303) lw      t1, -11(sp)
core   0: 3 0x800014d4 (0xff512303) x 6 0x00000000 mem 0x80010294
core   0: 0x800014d8 (0xfd514403) lbu     s0, -43(sp)
core   0: 3 0x800014d8 (0xfd514403) x 8 0x00000000 mem 0x80010274
core   0: 0x800014dc (0x00009afd) c.andi  a3, -1
core   0: 3 0x800014dc (0x9afd) x13 0x00000000
core   0: 0x800014de (0x4dd6f313) andi    t1, a3, 1245
core   0: 3 0x800014de (0x4dd6f313) x 6 0x00000000
core   0: 0x800014e2 (0x019346b3) xor     a3, t1, s9
core   0: 3 0x800014e2 (0x019346b3) x13 0x00000000
core   0: 0x800014e6 (0x01af2cb3) slt     s9, t5, s10
core   0: 3 0x800014e6 (0x01af2cb3) x25 0x00000001
core   0: 0x800014ea (0x03af6333) rem     t1, t5, s10
core   0: 3 0x800014ea (0x03af6333) x 6 0x00000000
core   0: 0x800014ee (0xff310683) lb      a3, -13(sp)
core   0: 3 0x800014ee (0xff310683) x13 0x00000000 mem 0x80010292
core   0: 0x800014f2 (0x026cbf33) mulhu   t5, s9, t1
core   0: 3 0x800014f2 (0x026cbf33) x30 0x00000000
core   0: 0x800014f6 (0xfe814c83) lbu     s9, -24(sp)
core   0: 3 0x800014f6 (0xfe814c83) x25 0x00000000 mem 0x80010287
core   0: 0x800014fa (0x00000001) c.nop
core   0: 3 0x800014fa (0x0001)
core   0: 0x800014fc (0xfe210683) lb      a3, -30(sp)
core   0: 3 0x800014fc (0xfe210683) x13 0x00000000 mem 0x80010281
core   0: 0x80001500 (0x6d7dbd37) lui     s10, 0x6d7db
core   0: 3 0x80001500 (0x6d7dbd37) x26 0x6d7db000
core   0: 0x80001504 (0xff9122a3) sw      s9, -27(sp)
core   0: 3 0x80001504 (0xff9122a3) mem 0x80010284 0x00000000
core   0: 0x80001508 (0x02010d03) lb      s10, 32(sp)
core   0: 3 0x80001508 (0x02010d03) x26 0x00000000 mem 0x800102bf
core   0: 0x8000150c (0x00008e81) c.sub   a3, s0
core   0: 3 0x8000150c (0x8e81) x13 0x00000000
core   0: 0x8000150e (0x03214f03) lbu     t5, 50(sp)
core   0: 3 0x8000150e (0x03214f03) x30 0x00000000 mem 0x800102d1
core   0: 0x80001512 (0x0000f317) auipc   t1, 0xf
core   0: 3 0x80001512 (0x0000f317) x 6 0x80010512
core   0: 0x80001516 (0xc2e30313) addi    t1, t1, -978
core   0: 3 0x80001516 (0xc2e30313) x 6 0x80010140
core   0: 0x8000151a (0x1fc30ea3) sb      t3, 509(t1)
core   0: 3 0x8000151a (0x1fc30ea3) mem 0x8001033d 0x0
core   0: 0x8000151e (0x0000100f) fence.i
core   0: 3 0x8000151e (0x0000100f)
core   0: 0x80001522 (0x09934103) lbu     sp, 153(t1)
core   0: 3 0x80001522 (0x09934103) x 2 0x00000000 mem 0x800101d9
core   0: 0x80001526 (0x76830ca3) sb      s0, 1913(t1)
core   0: 3 0x80001526 (0x76830ca3) mem 0x800108b9 0x0
core   0: 0x8000152a (0x5cc35183) lhu     gp, 1484(t1)
core   0: 3 0x8000152a (0x5cc35183) x 3 0x00000000 mem 0x8001070c
core   0: 0x8000152e (0x03c9ee33) rem     t3, s3, t3
core   0: 3 0x8000152e (0x03c9ee33) x28 0x00000000
core   0: 0x80001532 (0xe8318193) addi    gp, gp, -381
core   0: 3 0x80001532 (0xe8318193) x 3 0xfffffe83
core   0: 0x80001536 (0xfa734e03) lbu     t3, -89(t1)
core   0: 3 0x80001536 (0xfa734e03) x28 0x00000000 mem 0x800100e7
core   0: 0x8000153a (0xf73300a3) sb      s3, -159(t1)
core   0: 3 0x8000153a (0xf73300a3) mem 0x800100a1 0x0
core   0: 0x8000153e (0x23a34403) lbu     s0, 570(t1)
core   0: 3 0x8000153e (0x23a34403) x 8 0x00000000 mem 0x8001037a
core   0: 0x80001542 (0x00008b4e) c.mv    s6, s3
core   0: 3 0x80001542 (0x8b4e) x22 0x00000000
core   0: 0x80001544 (0x30231323) sh      sp, 774(t1)
core   0: 3 0x80001544 (0x30231323) mem 0x80010446 0x0000
core   0: 0x80001548 (0x02432e03) lw      t3, 36(t1)
core   0: 3 0x80001548 (0x02432e03) x28 0x00000000 mem 0x80010164
core   0: 0x8000154c (0x0281c433) div     s0, gp, s0
core   0: 3 0x8000154c (0x0281c433) x 8 0xffffffff
core   0: 0x80001550 (0x036b7b33) remu    s6, s6, s6
core   0: 3 0x80001550 (0x036b7b33) x22 0x00000000
core   0: 0x80001554 (0x40815e33) sra     t3, sp, s0
core   0: 3 0x80001554 (0x40815e33) x28 0x00000000
core   0: 0x80001558 (0xaf8e4993) xori    s3, t3, -1288
core   0: 3 0x80001558 (0xaf8e4993) x19 0xfffffaf8
core   0: 0x8000155c (0x1ab34183) lbu     gp, 427(t1)
core   0: 3 0x8000155c (0x1ab34183) x 3 0x00000000 mem 0x800102eb
core   0: 0x80001560 (0x68331423) sh      gp, 1672(t1)
core   0: 3 0x80001560 (0x68331423) mem 0x800107c8 0x0000
core   0: 0x80001564 (0x413e0e33) sub     t3, t3, s3
core   0: 3 0x80001564 (0x413e0e33) x28 0x00000508
core   0: 0x80001568 (0x02f34403) lbu     s0, 47(t1)
core   0: 3 0x80001568 (0x02f34403) x 8 0x00000000 mem 0x8001016f
core   0: 0x8000156c (0x002e71b3) and     gp, t3, sp
core   0: 3 0x8000156c (0x002e71b3) x 3 0x00000000
core   0: 0x80001570 (0x10835983) lhu     s3, 264(t1)
core   0: 3 0x80001570 (0x10835983) x19 0x00000000 mem 0x80010248
core   0: 0x80001574 (0x00008e22) c.mv    t3, s0
core   0: 3 0x80001574 (0x8e22) x28 0x00000000
core   0: 0x80001576 (0x01645e13) srli    t3, s0, 22
core   0: 3 0x80001576 (0x01645e13) x28 0x00000000
core   0: 0x8000157a (0x74110197) auipc   gp, 0x74110
core   0: 3 0x8000157a (0x74110197) x 3 0xf411157a
core   0: 0x8000157e (0x66db7b13) andi    s6, s6, 1645
core   0: 3 0x8000157e (0x66db7b13) x22 0x00000000
core   0: 0x80001582 (0x1a034b03) lbu     s6, 416(t1)
core   0: 3 0x80001582 (0x1a034b03) x22 0x00000000 mem 0x800102e0
core   0: 0x80001586 (0x4b831403) lh      s0, 1208(t1)
core   0: 3 0x80001586 (0x4b831403) x 8 0x00000000 mem 0x800105f8
core   0: 0x8000158a (0x66e30403) lb      s0, 1646(t1)
core   0: 3 0x8000158a (0x66e30403) x 8 0x00000000 mem 0x800107ae
core   0: 0x8000158e (0x00008c01) c.sub   s0, s0
core   0: 3 0x8000158e (0x8c01) x 8 0x00000000
core   0: 0x80001590 (0x000069c5) c.lui   s3, 0x11
core   0: 3 0x80001590 (0x69c5) x19 0x00011000
core   0: 0x80001592 (0x64130983) lb      s3, 1601(t1)
core   0: 3 0x80001592 (0x64130983) x19 0x00000000 mem 0x80010781
core   0: 0x80001596 (0x013b1e33) sll     t3, s6, s3
core   0: 3 0x80001596 (0x013b1e33) x28 0x00000000
core   0: 0x8000159a (0x2c2304a3) sb      sp, 713(t1)
core   0: 3 0x8000159a (0x2c2304a3) mem 0x80010409 0x0
core   0: 0x8000159e (0x3bb30983) lb      s3, 955(t1)
core   0: 3 0x8000159e (0x3bb30983) x19 0x00000000 mem 0x800104fb
core   0: 0x800015a2 (0x76f34183) lbu     gp, 1903(t1)
core   0: 3 0x800015a2 (0x76f34183) x 3 0x00000000 mem 0x800108af
core   0: 0x800015a6 (0x42435403) lhu     s0, 1060(t1)
core   0: 3 0x800015a6 (0x42435403) x 8 0x00000000 mem 0x80010564
core   0: 0x800015aa (0x0001ca17) auipc   s4, 0x1c
core   0: 3 0x800015aa (0x0001ca17) x20 0x8001d5aa
core   0: 0x800015ae (0x993a0a13) addi    s4, s4, -1645
core   0: 3 0x800015ae (0x993a0a13) x20 0x8001cf3d
core   0: 0x800015b2 (0x00010e17) auipc   t3, 0x10
core   0: 3 0x800015b2 (0x00010e17) x28 0x800115b2
core   0: 0x800015b6 (0x9d5e0e13) addi    t3, t3, -1579
core   0: 3 0x800015b6 (0x9d5e0e13) x28 0x80010f87
core   0: 0x800015ba (0x070a0303) lb      t1, 112(s4)
core   0: 3 0x800015ba (0x070a0303) x 6 0x00000000 mem 0x8001cfad
core   0: 0x800015be (0xb4be5283) lhu     t0, -1205(t3)
core   0: 3 0x800015be (0xb4be5283) x 5 0x00000000 mem 0x80010ad2
core   0: 0x800015c2 (0x0eca0a83) lb      s5, 236(s4)
core   0: 3 0x800015c2 (0x0eca0a83) x21 0x00000000 mem 0x8001d029
core   0: 0x800015c6 (0xfb5e4e83) lbu     t4, -75(t3)
core   0: 3 0x800015c6 (0xfb5e4e83) x29 0x00000000 mem 0x80010f3c
core   0: 0x800015ca (0xbdbe1983) lh      s3, -1061(t3)
core   0: 3 0x800015ca (0xbdbe1983) x19 0x00000000 mem 0x80010b62
core   0: 0x800015ce (0xf49a1ca3) sh      s1, -167(s4)
core   0: 3 0x800015ce (0xf49a1ca3) mem 0x8001ce96 0x0000
core   0: 0x800015d2 (0x9d5e1083) lh      ra, -1579(t3)
core   0: 3 0x800015d2 (0x9d5e1083) x 1 0x00000000 mem 0x8001095c
core   0: 0x800015d6 (0x0b7a4403) lbu     s0, 183(s4)
core   0: 3 0x800015d6 (0x0b7a4403) x 8 0x00000000 mem 0x8001cff4
core   0: 0x800015da (0xe7ce1da3) sh      t3, -389(t3)
core   0: 3 0x800015da (0xe7ce1da3) mem 0x80010e02 0x0f87
core   0: 0x800015de (0x094a0f23) sb      s4, 158(s4)
core   0: 3 0x800015de (0x094a0f23) mem 0x8001cfdb 0x3d
core   0: 0x800015e2 (0x00700713) li      a4, 7
core   0: 3 0x800015e2 (0x00700713) x14 0x00000007
core   0: 0x800015e6 (0x0ff0000f) fence   iorw,iorw
core   0: 3 0x800015e6 (0x0ff0000f)
core   0: 0x800015ea (0x01fddf33) srl     t5, s11, t6
core   0: 3 0x800015ea (0x01fddf33) x30 0x00212170
core   0: 0x800015ee (0x0000616d) c.addi16sp sp, 240
core   0: 3 0x800015ee (0x616d) x 2 0x000000f0
core   0: 0x800015f0 (0x000087e1) c.srai  a5, 24
core   0: 3 0x800015f0 (0x87e1) x15 0xffffffff
core   0: 0x800015f2 (0x024ff2b3) remu    t0, t6, tp
core   0: 3 0x800015f2 (0x024ff2b3) x 5 0x00000009
core   0: 0x800015f6 (0x00700313) li      t1, 7
core   0: 3 0x800015f6 (0x00700313) x 6 0x00000007
core   0: 0x800015fa (0x00000001) c.nop
core   0: 3 0x800015fa (0x0001)
core   0: 0x800015fc (0x0000177d) c.addi  a4, -1
core   0: 3 0x800015fc (0x177d) x14 0x00000006
core   0: 0x800015fe (0x00009b16) c.add   s6, t0
core   0: 3 0x800015fe (0x9b16) x22 0x00000009
core   0: 0x80001600 (0xff600e93) li      t4, -10
core   0: 3 0x80001600 (0xff600e93) x29 0xfffffff6
core   0: 0x80001604 (0x00008ee1) c.and   a3, s0
core   0: 3 0x80001604 (0x8ee1) x13 0x00000000
core   0: 0x80001606 (0x02b31fb3) mulh    t6, t1, a1
core   0: 3 0x80001606 (0x02b31fb3) x31 0x00000000
core   0: 0x8000160a (0x01100493) li      s1, 17
core   0: 3 0x8000160a (0x01100493) x 9 0x00000011
core   0: 0x8000160e (0x00000001) c.nop
core   0: 3 0x8000160e (0x0001)
core   0: 0x80001610 (0x00008c2d) c.xor   s0, a1
core   0: 3 0x80001610 (0x8c2d) x 8 0x00000000
core   0: 0x80001612 (0x00000ea9) c.addi  t4, 10
core   0: 3 0x80001612 (0x0ea9) x29 0x00000000
core   0: 0x80001614 (0xaa95e137) lui     sp, 0xaa95e
core   0: 3 0x80001614 (0xaa95e137) x 2 0xaa95e000
core   0: 0x80001618 (0x0342d133) divu    sp, t0, s4
core   0: 3 0x80001618 (0x0342d133) x 2 0x00000000
core   0: 0x8000161c (0xfe9ee9e3) bltu    t4, s1, pc - 14
core   0: 3 0x8000161c (0xfe9ee9e3)
core   0: 0x8000160e (0x00000001) c.nop
core   0: 3 0x8000160e (0x0001)
core   0: 0x80001610 (0x00008c2d) c.xor   s0, a1
core   0: 3 0x80001610 (0x8c2d) x 8 0x00000000
core   0: 0x80001612 (0x00000ea9) c.addi  t4, 10
core   0: 3 0x80001612 (0x0ea9) x29 0x0000000a
core   0: 0x80001614 (0xaa95e137) lui     sp, 0xaa95e
core   0: 3 0x80001614 (0xaa95e137) x 2 0xaa95e000
core   0: 0x80001618 (0x0342d133) divu    sp, t0, s4
core   0: 3 0x80001618 (0x0342d133) x 2 0x00000000
core   0: 0x8000161c (0xfe9ee9e3) bltu    t4, s1, pc - 14
core   0: 3 0x8000161c (0xfe9ee9e3)
core   0: 0x8000160e (0x00000001) c.nop
core   0: 3 0x8000160e (0x0001)
core   0: 0x80001610 (0x00008c2d) c.xor   s0, a1
core   0: 3 0x80001610 (0x8c2d) x 8 0x00000000
core   0: 0x80001612 (0x00000ea9) c.addi  t4, 10
core   0: 3 0x80001612 (0x0ea9) x29 0x00000014
core   0: 0x80001614 (0xaa95e137) lui     sp, 0xaa95e
core   0: 3 0x80001614 (0xaa95e137) x 2 0xaa95e000
core   0: 0x80001618 (0x0342d133) divu    sp, t0, s4
core   0: 3 0x80001618 (0x0342d133) x 2 0x00000000
core   0: 0x8000161c (0xfe9ee9e3) bltu    t4, s1, pc - 14
core   0: 3 0x8000161c (0xfe9ee9e3)
core   0: 0x80001620 (0x40bcdc13) srai    s8, s9, 11
core   0: 3 0x80001620 (0x40bcdc13) x24 0x00000000
core   0: 0x80001624 (0x79976893) ori     a7, a4, 1945
core   0: 3 0x80001624 (0x79976893) x17 0x0000079f
core   0: 0x80001628 (0xfc6779e3) bgeu    a4, t1, pc - 46
core   0: 3 0x80001628 (0xfc6779e3)
core   0: 0x8000162c (0x00009a2a) c.add   s4, a0
core   0: 3 0x8000162c (0x9a2a) x20 0x00046c21
core   0: 0x8000162e (0x00014817) auipc   a6, 0x14
core   0: 3 0x8000162e (0x00014817) x16 0x8001562e
core   0: 0x80001632 (0x2cb80813) addi    a6, a6, 715
core   0: 3 0x80001632 (0x2cb80813) x16 0x800158f9
core   0: 0x80001636 (0x7e585c83) lhu     s9, 2021(a6)
core   0: 3 0x80001636 (0x7e585c83) x25 0x00000000 mem 0x800160de
core   0: 0x8000163a (0x41ecd913) srai    s2, s9, 30
core   0: 3 0x8000163a (0x41ecd913) x18 0x00000000
core   0: 0x8000163e (0x4060d693) srai    a3, ra, 6
core   0: 3 0x8000163e (0x4060d693) x13 0x00000000
core   0: 0x80001642 (0xebf82203) lw      tp, -321(a6)
core   0: 3 0x80001642 (0xebf82203) x 4 0x00000000 mem 0x800157b8
core   0: 0x80001646 (0x5cbf0893) addi    a7, t5, 1483
core   0: 3 0x80001646 (0x5cbf0893) x17 0x0021273b
core   0: 0x8000164a (0x00000001) c.nop
core   0: 3 0x8000164a (0x0001)
core   0: 0x8000164c (0x09981783) lh      a5, 153(a6)
core   0: 3 0x8000164c (0x09981783) x15 0x00000000 mem 0x80015992
core   0: 0x80001650 (0x0000875e) c.mv    a4, s7
core   0: 3 0x80001650 (0x875e) x14 0x8000149e
core   0: 0x80001652 (0x6cb80e83) lb      t4, 1739(a6)
core   0: 3 0x80001652 (0x6cb80e83) x29 0x00000000 mem 0x80015fc4
core   0: 0x80001656 (0x000082e2) c.mv    t0, s8
core   0: 3 0x80001656 (0x82e2) x 5 0x00000000
core   0: 0x80001658 (0x68c80a83) lb      s5, 1676(a6)
core   0: 3 0x80001658 (0x68c80a83) x21 0x00000000 mem 0x80015f85
core   0: 0x8000165c (0x0000717d) c.addi16sp sp, -16
core   0: 3 0x8000165c (0x717d) x 2 0xfffffff0
core   0: 0x8000165e (0xdf480a03) lb      s4, -524(a6)
core   0: 3 0x8000165e (0xdf480a03) x20 0x00000000 mem 0x800156ed
core   0: 0x80001662 (0x0000717d) c.addi16sp sp, -16
core   0: 3 0x80001662 (0x717d) x 2 0xffffffe0
core   0: 0x80001664 (0x4ff3b113) sltiu   sp, t2, 1279
core   0: 3 0x80001664 (0x4ff3b113) x 2 0x00000001
core   0: 0x80001668 (0x00000d18) c.addi4spn a4, sp, 656
core   0: 3 0x80001668 (0x0d18) x14 0x00000291
core   0: 0x8000166a (0x0000822a) c.mv    tp, a0
core   0: 3 0x8000166a (0x822a) x 4 0x80029ce4
core   0: 0x8000166c (0xd6980583) lb      a1, -663(a6)
core   0: 3 0x8000166c (0xd6980583) x11 0x00000000 mem 0x80015662
core   0: 0x80001670 (0x00008729) c.srai  a4, 10
core   0: 3 0x80001670 (0x8729) x14 0x00000000
core   0: 0x80001672 (0x0000987d) c.andi  s0, -1
core   0: 3 0x80001672 (0x987d) x 8 0x00000000
core   0: 0x80001674 (0x405ad393) srai    t2, s5, 5
core   0: 3 0x80001674 (0x405ad393) x 7 0x00000000
core   0: 0x80001678 (0xacd80523) sb      a3, -1334(a6)
core   0: 3 0x80001678 (0xacd80523) mem 0x800153c3 0x0
core   0: 0x8000167c (0x00005d7d) c.li    s10, -1
core   0: 3 0x8000167c (0x5d7d) x26 0xffffffff
core   0: 0x8000167e (0x89384383) lbu     t2, -1901(a6)
core   0: 3 0x8000167e (0x89384383) x 7 0x00000000 mem 0x8001518c
core   0: 0x80001682 (0x00008f0d) c.sub   a4, a1
core   0: 3 0x80001682 (0x8f0d) x14 0x00000000
core   0: 0x80001684 (0x01186433) or      s0, a6, a7
core   0: 3 0x80001684 (0x01186433) x 8 0x80217ffb
core   0: 0x80001688 (0x78f85583) lhu     a1, 1935(a6)
core   0: 3 0x80001688 (0x78f85583) x11 0x00000000 mem 0x80016088
core   0: 0x8000168c (0x0ff0000f) fence   iorw,iorw
core   0: 3 0x8000168c (0x0ff0000f)
core   0: 0x80001690 (0xd3167a93) andi    s5, a2, -719
core   0: 3 0x80001690 (0xd3167a93) x21 0x80025c20
core   0: 0x80001694 (0xdbf80c03) lb      s8, -577(a6)
core   0: 3 0x80001694 (0xdbf80c03) x24 0x00000000 mem 0x800156b8
core   0: 0x80001698 (0x93684383) lbu     t2, -1738(a6)
core   0: 3 0x80001698 (0x93684383) x 7 0x00000000 mem 0x8001522f
core   0: 0x8000169c (0x0000177d) c.addi  a4, -1
core   0: 3 0x8000169c (0x177d) x14 0xffffffff
core   0: 0x8000169e (0xda184883) lbu     a7, -607(a6)
core   0: 3 0x8000169e (0xda184883) x17 0x00000000 mem 0x8001569a
core   0: 0x800016a2 (0x00000d1a) c.slli  s10, 6
core   0: 3 0x800016a2 (0x0d1a) x26 0xffffffc0
core   0: 0x800016a4 (0x22a819a3) sh      a0, 563(a6)
core   0: 3 0x800016a4 (0x22a819a3) mem 0x80015b2c 0x9ce4
core   0: 0x800016a8 (0x00008de1) c.and   a1, s0
core   0: 3 0x800016a8 (0x8de1) x11 0x00000000
core   0: 0x800016aa (0x00009b62) c.add   s6, s8
core   0: 3 0x800016aa (0x9b62) x22 0x00000009
core   0: 0x800016ac (0x02ebf8b3) remu    a7, s7, a4
core   0: 3 0x800016ac (0x02ebf8b3) x17 0x8000149e
core   0: 0x800016b0 (0xfaa84303) lbu     t1, -86(a6)
core   0: 3 0x800016b0 (0xfaa84303) x 6 0x00000000 mem 0x800158a3
core   0: 0x800016b4 (0x00001194) c.addi4spn a3, sp, 224
core   0: 3 0x800016b4 (0x1194) x13 0x000000e1
core   0: 0x800016b6 (0x000087fd) c.srai  a5, 31
core   0: 3 0x800016b6 (0x87fd) x15 0x00000000
core   0: 0x800016b8 (0x03fd6333) rem     t1, s10, t6
core   0: 3 0x800016b8 (0x03fd6333) x 6 0xffffffc0
core   0: 0x800016bc (0x1f8818a3) sh      s8, 497(a6)
core   0: 3 0x800016bc (0x1f8818a3) mem 0x80015aea 0x0000
core   0: 0x800016c0 (0x047804a3) sb      t2, 73(a6)
core   0: 3 0x800016c0 (0x047804a3) mem 0x80015942 0x0
core   0: 0x800016c4 (0x71680323) sb      s6, 1798(a6)
core   0: 3 0x800016c4 (0x71680323) mem 0x80015fff 0x9
core   0: 0x800016c8 (0x20b814a3) sh      a1, 521(a6)
core   0: 3 0x800016c8 (0x20b814a3) mem 0x80015b02 0x0000
core   0: 0x800016cc (0x3d284583) lbu     a1, 978(a6)
core   0: 3 0x800016cc (0x3d284583) x11 0x00000000 mem 0x80015ccb
core   0: 0x800016d0 (0xaed85a03) lhu     s4, -1299(a6)
core   0: 3 0x800016d0 (0xaed85a03) x20 0x00000000 mem 0x800153e6
core   0: 0x800016d4 (0x5f680123) sb      s6, 1506(a6)
core   0: 3 0x800016d4 (0x5f680123) mem 0x80015edb 0x9
core   0: 0x800016d8 (0xaf084883) lbu     a7, -1296(a6)
core   0: 3 0x800016d8 (0xaf084883) x17 0x00000000 mem 0x800153e9
core   0: 0x800016dc (0x3c280403) lb      s0, 962(a6)
core   0: 3 0x800016dc (0x3c280403) x 8 0x00000000 mem 0x80015cbb
core   0: 0x800016e0 (0x00004afd) c.li    s5, 31
core   0: 3 0x800016e0 (0x4afd) x21 0x0000001f
core   0: 0x800016e2 (0xc2d80923) sb      a3, -974(a6)
core   0: 3 0x800016e2 (0xc2d80923) mem 0x8001552b 0xe1
core   0: 0x800016e6 (0xcbf82c83) lw      s9, -833(a6)
core   0: 3 0x800016e6 (0xcbf82c83) x25 0x00000000 mem 0x800155b8
core   0: 0x800016ea (0x41180723) sb      a7, 1038(a6)
core   0: 3 0x800016ea (0x41180723) mem 0x80015d07 0x0
core   0: 0x800016ee (0x00019397) auipc   t2, 0x19
core   0: 3 0x800016ee (0x00019397) x 7 0x8001a6ee
core   0: 0x800016f2 (0x42c38393) addi    t2, t2, 1068
core   0: 3 0x800016f2 (0x42c38393) x 7 0x8001ab1a
core   0: 0x800016f6 (0x0083c303) lbu     t1, 8(t2)
core   0: 3 0x800016f6 (0x0083c303) x 6 0x00000000 mem 0x8001ab22
core   0: 0x800016fa (0xfef38e23) sb      a5, -4(t2)
core   0: 3 0x800016fa (0xfef38e23) mem 0x8001ab16 0x0
core   0: 0x800016fe (0x0003db83) lhu     s7, 0(t2)
core   0: 3 0x800016fe (0x0003db83) x23 0x00000000 mem 0x8001ab1a
core   0: 0x80001702 (0x0003c703) lbu     a4, 0(t2)
core   0: 3 0x80001702 (0x0003c703) x14 0x00000000 mem 0x8001ab1a
core   0: 0x80001706 (0x01339023) sh      s3, 0(t2)
core   0: 3 0x80001706 (0x01339023) mem 0x8001ab1a 0x0000
core   0: 0x8000170a (0x00b38103) lb      sp, 11(t2)
core   0: 3 0x8000170a (0x00b38103) x 2 0x00000000 mem 0x8001ab25
core   0: 0x8000170e (0x00b3c283) lbu     t0, 11(t2)
core   0: 3 0x8000170e (0x00b3c283) x 5 0x00000000 mem 0x8001ab25
core   0: 0x80001712 (0x00f3c303) lbu     t1, 15(t2)
core   0: 3 0x80001712 (0x00f3c303) x 6 0x00000000 mem 0x8001ab29
core   0: 0x80001716 (0x00f3c903) lbu     s2, 15(t2)
core   0: 3 0x80001716 (0x00f3c903) x18 0x00000000 mem 0x8001ab29
core   0: 0x8000171a (0x00f38283) lb      t0, 15(t2)
core   0: 3 0x8000171a (0x00f38283) x 5 0x00000000 mem 0x8001ab29
core   0: 0x8000171e (0x010386a3) sb      a6, 13(t2)
core   0: 3 0x8000171e (0x010386a3) mem 0x8001ab27 0xf9
core   0: 0x80001722 (0x03bcd9b3) divu    s3, s9, s11
core   0: 3 0x80001722 (0x03bcd9b3) x19 0x00000000
core   0: 0x80001726 (0x003386a3) sb      gp, 13(t2)
core   0: 3 0x80001726 (0x003386a3) mem 0x8001ab27 0x0
core   0: 0x8000172a (0xff538303) lb      t1, -11(t2)
core   0: 3 0x8000172a (0xff538303) x 6 0x00000000 mem 0x8001ab0f
core   0: 0x8000172e (0xffb38903) lb      s2, -5(t2)
core   0: 3 0x8000172e (0xffb38903) x18 0x00000000 mem 0x8001ab15
core   0: 0x80001732 (0x00300593) li      a1, 3
core   0: 3 0x80001732 (0x00300593) x11 0x00000003
core   0: 0x80001736 (0x00008ae1) c.andi  a3, 24
core   0: 3 0x80001736 (0x8ae1) x13 0x00000000
core   0: 0x80001738 (0x02b4a433) mulhsu  s0, s1, a1
core   0: 3 0x80001738 (0x02b4a433) x 8 0x00000000
core   0: 0x8000173c (0x02cb8133) mul     sp, s7, a2
core   0: 3 0x8000173c (0x02cb8133) x 2 0x00000000
core   0: 0x80001740 (0x00000001) c.nop
core   0: 3 0x80001740 (0x0001)
core   0: 0x80001742 (0x000096a6) c.add   a3, s1
core   0: 3 0x80001742 (0x96a6) x13 0x00000011
core   0: 0x80001744 (0x00008429) c.srai  s0, 10
core   0: 3 0x80001744 (0x8429) x 8 0x00000000
core   0: 0x80001746 (0x01cabc33) sltu    s8, s5, t3
core   0: 3 0x80001746 (0x01cabc33) x24 0x00000001
core   0: 0x8000174a (0x000015f5) c.addi  a1, -3
core   0: 3 0x8000174a (0x15f5) x11 0x00000000
core   0: 0x8000174c (0x05f4dcb7) lui     s9, 0x5f4d
core   0: 3 0x8000174c (0x05f4dcb7) x25 0x05f4d000
core   0: 0x80001750 (0xff600493) li      s1, -10
core   0: 3 0x80001750 (0xff600493) x 9 0xfffffff6
core   0: 0x80001754 (0xff900d13) li      s10, -7
core   0: 3 0x80001754 (0xff900d13) x26 0xfffffff9
core   0: 0x80001758 (0x01b77ab3) and     s5, a4, s11
core   0: 3 0x80001758 (0x01b77ab3) x21 0x00000000
core   0: 0x8000175c (0x9b396a13) ori     s4, s2, -1613
core   0: 3 0x8000175c (0x9b396a13) x20 0xfffff9b3
core   0: 0x80001760 (0x735bce97) auipc   t4, 0x735bc
core   0: 3 0x80001760 (0x735bce97) x29 0xf35bd760
core   0: 0x80001764 (0x025161b3) rem     gp, sp, t0
core   0: 3 0x80001764 (0x025161b3) x 3 0x00000000
core   0: 0x80001768 (0x00e59913) slli    s2, a1, 14
core   0: 3 0x80001768 (0x00e59913) x18 0x00000000
core   0: 0x8000176c (0x01b61a13) slli    s4, a2, 27
core   0: 3 0x8000176c (0x01b61a13) x20 0x20000000
core   0: 0x80001770 (0x41eadc33) sra     s8, s5, t5
core   0: 3 0x80001770 (0x41eadc33) x24 0x00000000
core   0: 0x80001774 (0x00008365) c.srli  a4, 25
core   0: 3 0x80001774 (0x8365) x14 0x00000000
core   0: 0x80001776 (0x00004101) c.li    sp, 0
core   0: 3 0x80001776 (0x4101) x 2 0x00000000
core   0: 0x80001778 (0x0000100f) fence.i
core   0: 3 0x80001778 (0x0000100f)
core   0: 0x8000177c (0x40ded113) srai    sp, t4, 13
core   0: 3 0x8000177c (0x40ded113) x 2 0xffff9ade
core   0: 0x80001780 (0x00000485) c.addi  s1, 1
core   0: 3 0x80001780 (0x0485) x 9 0xfffffff7
core   0: 0x80001782 (0xfda49de3) bne     s1, s10, pc - 38
core   0: 3 0x80001782 (0xfda49de3)
core   0: 0x8000175c (0x9b396a13) ori     s4, s2, -1613
core   0: 3 0x8000175c (0x9b396a13) x20 0xfffff9b3
core   0: 0x80001760 (0x735bce97) auipc   t4, 0x735bc
core   0: 3 0x80001760 (0x735bce97) x29 0xf35bd760
core   0: 0x80001764 (0x025161b3) rem     gp, sp, t0
core   0: 3 0x80001764 (0x025161b3) x 3 0xffff9ade
core   0: 0x80001768 (0x00e59913) slli    s2, a1, 14
core   0: 3 0x80001768 (0x00e59913) x18 0x00000000
core   0: 0x8000176c (0x01b61a13) slli    s4, a2, 27
core   0: 3 0x8000176c (0x01b61a13) x20 0x20000000
core   0: 0x80001770 (0x41eadc33) sra     s8, s5, t5
core   0: 3 0x80001770 (0x41eadc33) x24 0x00000000
core   0: 0x80001774 (0x00008365) c.srli  a4, 25
core   0: 3 0x80001774 (0x8365) x14 0x00000000
core   0: 0x80001776 (0x00004101) c.li    sp, 0
core   0: 3 0x80001776 (0x4101) x 2 0x00000000
core   0: 0x80001778 (0x0000100f) fence.i
core   0: 3 0x80001778 (0x0000100f)
core   0: 0x8000177c (0x40ded113) srai    sp, t4, 13
core   0: 3 0x8000177c (0x40ded113) x 2 0xffff9ade
core   0: 0x80001780 (0x00000485) c.addi  s1, 1
core   0: 3 0x80001780 (0x0485) x 9 0xfffffff8
core   0: 0x80001782 (0xfda49de3) bne     s1, s10, pc - 38
core   0: 3 0x80001782 (0xfda49de3)
core   0: 0x8000175c (0x9b396a13) ori     s4, s2, -1613
core   0: 3 0x8000175c (0x9b396a13) x20 0xfffff9b3
core   0: 0x80001760 (0x735bce97) auipc   t4, 0x735bc
core   0: 3 0x80001760 (0x735bce97) x29 0xf35bd760
core   0: 0x80001764 (0x025161b3) rem     gp, sp, t0
core   0: 3 0x80001764 (0x025161b3) x 3 0xffff9ade
core   0: 0x80001768 (0x00e59913) slli    s2, a1, 14
core   0: 3 0x80001768 (0x00e59913) x18 0x00000000
core   0: 0x8000176c (0x01b61a13) slli    s4, a2, 27
core   0: 3 0x8000176c (0x01b61a13) x20 0x20000000
core   0: 0x80001770 (0x41eadc33) sra     s8, s5, t5
core   0: 3 0x80001770 (0x41eadc33) x24 0x00000000
core   0: 0x80001774 (0x00008365) c.srli  a4, 25
core   0: 3 0x80001774 (0x8365) x14 0x00000000
core   0: 0x80001776 (0x00004101) c.li    sp, 0
core   0: 3 0x80001776 (0x4101) x 2 0x00000000
core   0: 0x80001778 (0x0000100f) fence.i
core   0: 3 0x80001778 (0x0000100f)
core   0: 0x8000177c (0x40ded113) srai    sp, t4, 13
core   0: 3 0x8000177c (0x40ded113) x 2 0xffff9ade
core   0: 0x80001780 (0x00000485) c.addi  s1, 1
core   0: 3 0x80001780 (0x0485) x 9 0xfffffff9
core   0: 0x80001782 (0xfda49de3) bne     s1, s10, pc - 38
core   0: 3 0x80001782 (0xfda49de3)
core   0: 0x80001786 (0xdf6aac13) slti    s8, s5, -522
core   0: 3 0x80001786 (0xdf6aac13) x24 0x00000000
core   0: 0x8000178a (0x00645cb3) srl     s9, s0, t1
core   0: 3 0x8000178a (0x00645cb3) x25 0x00000000
core   0: 0x8000178e (0x001b5333) srl     t1, s6, ra
core   0: 3 0x8000178e (0x001b5333) x 6 0x00000009
core   0: 0x80001792 (0x2f2d2e93) slti    t4, s10, 754
core   0: 3 0x80001792 (0x2f2d2e93) x29 0x00000001
core   0: 0x80001796 (0x0000f5d5) c.bnez  a1, pc - 84
core   0: 3 0x80001796 (0xf5d5)
core   0: 0x80001798 (0x00000895) c.addi  a7, 5
core   0: 3 0x80001798 (0x0895) x17 0x00000005
core   0: 0x8000179a (0x00011397) auipc   t2, 0x11
core   0: 3 0x8000179a (0x00011397) x 7 0x8001279a
core   0: 0x8000179e (0xead38393) addi    t2, t2, -339
core   0: 3 0x8000179e (0xead38393) x 7 0x80012647
core   0: 0x800017a2 (0x00f3c883) lbu     a7, 15(t2)
core   0: 3 0x800017a2 (0x00f3c883) x17 0x00000000 mem 0x80012656
core   0: 0x800017a6 (0x00009e7a) c.add   t3, t5
core   0: 3 0x800017a6 (0x9e7a) x28 0x802230f7
core   0: 0x800017a8 (0x00f3cb83) lbu     s7, 15(t2)
core   0: 3 0x800017a8 (0x00f3cb83) x23 0x00000000 mem 0x80012656
core   0: 0x800017ac (0x01c397a3) sh      t3, 15(t2)
core   0: 3 0x800017ac (0x01c397a3) mem 0x80012656 0x30f7
core   0: 0x800017b0 (0x00ddde13) srli    t3, s11, 13
core   0: 3 0x800017b0 (0x00ddde13) x28 0x00021217
core   0: 0x800017b4 (0x00008dd9) c.or    a1, a4
core   0: 3 0x800017b4 (0x8dd9) x11 0x00000000
core   0: 0x800017b6 (0x01a387a3) sb      s10, 15(t2)
core   0: 3 0x800017b6 (0x01a387a3) mem 0x80012656 0xf9
core   0: 0x800017ba (0x01e387a3) sb      t5, 15(t2)
core   0: 3 0x800017ba (0x01e387a3) mem 0x80012656 0x70
core   0: 0x800017be (0x00f39283) lh      t0, 15(t2)
core   0: 3 0x800017be (0x00f39283) x 5 0x00003070 mem 0x80012656
core   0: 0x800017c2 (0x00638823) sb      t1, 16(t2)
core   0: 3 0x800017c2 (0x00638823) mem 0x80012657 0x9
core   0: 0x800017c6 (0xff438c83) lb      s9, -12(t2)
core   0: 3 0x800017c6 (0xff438c83) x25 0x00000000 mem 0x8001263b
core   0: 0x800017ca (0x66dc7893) andi    a7, s8, 1645
core   0: 3 0x800017ca (0x66dc7893) x17 0x00000000
core   0: 0x800017ce (0xfef38a23) sb      a5, -12(t2)
core   0: 3 0x800017ce (0xfef38a23) mem 0x8001263b 0x0
core   0: 0x800017d2 (0xff438d03) lb      s10, -12(t2)
core   0: 3 0x800017d2 (0xff438d03) x26 0x00000000 mem 0x8001263b
core   0: 0x800017d6 (0x025ed133) divu    sp, t4, t0
core   0: 3 0x800017d6 (0x025ed133) x 2 0x00000000
core   0: 0x800017da (0xfe138a23) sb      ra, -12(t2)
core   0: 3 0x800017da (0xfe138a23) mem 0x8001263b 0x0
core   0: 0x800017de (0xffa38a23) sb      s10, -12(t2)
core   0: 3 0x800017de (0xffa38a23) mem 0x8001263b 0x0
core   0: 0x800017e2 (0xff438c03) lb      s8, -12(t2)
core   0: 3 0x800017e2 (0xff438c03) x24 0x00000000 mem 0x8001263b
core   0: 0x800017e6 (0xfe638a23) sb      t1, -12(t2)
core   0: 3 0x800017e6 (0xfe638a23) mem 0x8001263b 0x9
core   0: 0x800017ea (0x0093c783) lbu     a5, 9(t2)
core   0: 3 0x800017ea (0x0093c783) x15 0x00000000 mem 0x80012650
core   0: 0x800017ee (0x00939703) lh      a4, 9(t2)
core   0: 3 0x800017ee (0x00939703) x14 0x00000000 mem 0x80012650
core   0: 0x800017f2 (0x014384a3) sb      s4, 9(t2)
core   0: 3 0x800017f2 (0x014384a3) mem 0x80012650 0x0
core   0: 0x800017f6 (0x010384a3) sb      a6, 9(t2)
core   0: 3 0x800017f6 (0x010384a3) mem 0x80012650 0xf9
core   0: 0x800017fa (0x00038123) sb      zero, 2(t2)
core   0: 3 0x800017fa (0x00038123) mem 0x80012649 0x0
core   0: 0x800017fe (0x00238183) lb      gp, 2(t2)
core   0: 3 0x800017fe (0x00238183) x 3 0x00000000 mem 0x80012649
core   0: 0x80001802 (0x00020817) auipc   a6, 0x20
core   0: 3 0x80001802 (0x00020817) x16 0x80021802
core   0: 0x80001806 (0x82280813) addi    a6, a6, -2014
core   0: 3 0x80001806 (0x82280813) x16 0x80021024
core   0: 0x8000180a (0x00001efd) c.addi  t4, -1
core   0: 3 0x8000180a (0x1efd) x29 0x00000000
core   0: 0x8000180c (0x00bec7b3) xor     a5, t4, a1
core   0: 3 0x8000180c (0x00bec7b3) x15 0x00000000
core   0: 0x80001810 (0x02bd6eb3) rem     t4, s10, a1
core   0: 3 0x80001810 (0x02bd6eb3) x29 0x00000000
core   0: 0x80001814 (0x8cf84e83) lbu     t4, -1841(a6)
core   0: 3 0x80001814 (0x8cf84e83) x29 0x00000000 mem 0x800208f3
core   0: 0x80001818 (0x000099fd) c.andi  a1, -1
core   0: 3 0x80001818 (0x99fd) x11 0x00000000
core   0: 0x8000181a (0xc6e2fd13) andi    s10, t0, -914
core   0: 3 0x8000181a (0xc6e2fd13) x26 0x00003060
core   0: 0x8000181e (0x95a81623) sh      s10, -1716(a6)
core   0: 3 0x8000181e (0x95a81623) mem 0x80020970 0x3060
core   0: 0x80001822 (0xe9d80283) lb      t0, -355(a6)
core   0: 3 0x80001822 (0xe9d80283) x 5 0x00000000 mem 0x80020ec1
core   0: 0x80001826 (0xe62efe93) andi    t4, t4, -414
core   0: 3 0x80001826 (0xe62efe93) x29 0x00000000
core   0: 0x8000182a (0x000083fd) c.srli  a5, 31
core   0: 3 0x8000182a (0x83fd) x15 0x00000000
core   0: 0x8000182c (0x000099fd) c.andi  a1, -1
core   0: 3 0x8000182c (0x99fd) x11 0x00000000
core   0: 0x8000182e (0x40bc5793) srai    a5, s8, 11
core   0: 3 0x8000182e (0x40bc5793) x15 0x00000000
core   0: 0x80001832 (0x0257d5b3) divu    a1, a5, t0
core   0: 3 0x80001832 (0x0257d5b3) x11 0xffffffff
core   0: 0x80001836 (0x96581823) sh      t0, -1680(a6)
core   0: 3 0x80001836 (0x96581823) mem 0x80020994 0x0000
core   0: 0x8000183a (0x8fe80283) lb      t0, -1794(a6)
core   0: 3 0x8000183a (0x8fe80283) x 5 0x00000000 mem 0x80020922
core   0: 0x8000183e (0x00b2a7b3) slt     a5, t0, a1
core   0: 3 0x8000183e (0x00b2a7b3) x15 0x00000000
core   0: 0x80001842 (0xe6b807a3) sb      a1, -401(a6)
core   0: 3 0x80001842 (0xe6b807a3) mem 0x80020e93 0xff
core   0: 0x80001846 (0x038c42b3) div     t0, s8, s8
core   0: 3 0x80001846 (0x038c42b3) x 5 0xffffffff
core   0: 0x8000184a (0x01d58c33) add     s8, a1, t4
core   0: 3 0x8000184a (0x01d58c33) x24 0xffffffff
core   0: 0x8000184e (0xe7285d03) lhu     s10, -398(a6)
core   0: 3 0x8000184e (0xe7285d03) x26 0x00000000 mem 0x80020e96
core   0: 0x80001852 (0x000002fd) c.addi  t0, 31
core   0: 3 0x80001852 (0x02fd) x 5 0x0000001e
core   0: 0x80001854 (0x00009296) c.add   t0, t0
core   0: 3 0x80001854 (0x9296) x 5 0x0000003c
core   0: 0x80001856 (0x025d55b3) divu    a1, s10, t0
core   0: 3 0x80001856 (0x025d55b3) x11 0x00000000
core   0: 0x8000185a (0xf2e85283) lhu     t0, -210(a6)
core   0: 3 0x8000185a (0xf2e85283) x 5 0x00000000 mem 0x80020f52
core   0: 0x8000185e (0xde984283) lbu     t0, -535(a6)
core   0: 3 0x8000185e (0xde984283) x 5 0x00000000 mem 0x80020e0d
core   0: 0x80001862 (0xfef800a3) sb      a5, -31(a6)
core   0: 3 0x80001862 (0xfef800a3) mem 0x80021005 0x0
core   0: 0x80001866 (0xec580283) lb      t0, -315(a6)
core   0: 3 0x80001866 (0xec580283) x 5 0x00000000 mem 0x80020ee9
core   0: 0x8000186a (0xb7880923) sb      s8, -1166(a6)
core   0: 3 0x8000186a (0xb7880923) mem 0x80020b96 0xff
core   0: 0x8000186e (0x41cd5293) srai    t0, s10, 28
core   0: 3 0x8000186e (0x41cd5293) x 5 0x00000000
core   0: 0x80001872 (0x00b809a3) sb      a1, 19(a6)
core   0: 3 0x80001872 (0x00b809a3) mem 0x80021037 0x0
core   0: 0x80001876 (0x98f803a3) sb      a5, -1657(a6)
core   0: 3 0x80001876 (0x98f803a3) mem 0x800209ab 0x0
core   0: 0x8000187a (0x000005e6) c.slli  a1, 25
core   0: 3 0x8000187a (0x05e6) x11 0x00000000
core   0: 0x8000187c (0xa2b802a3) sb      a1, -1499(a6)
core   0: 3 0x8000187c (0xa2b802a3) mem 0x80020a49 0x0
core   0: 0x80001880 (0xe5885e83) lhu     t4, -424(a6)
core   0: 3 0x80001880 (0xe5885e83) x29 0x00000000 mem 0x80020e7c
core   0: 0x80001884 (0x00000001) c.nop
core   0: 3 0x80001884 (0x0001)
core   0: 0x80001886 (0xda580a23) sb      t0, -588(a6)
core   0: 3 0x80001886 (0xda580a23) mem 0x80020dd8 0x0
core   0: 0x8000188a (0x000092e2) c.add   t0, s8
core   0: 3 0x8000188a (0x92e2) x 5 0xffffffff
core   0: 0x8000188c (0x405585b3) sub     a1, a1, t0
core   0: 3 0x8000188c (0x405585b3) x11 0x00000001
core   0: 0x80001890 (0x00008fed) c.and   a5, a1
core   0: 3 0x80001890 (0x8fed) x15 0x00000000
core   0: 0x80001892 (0xbb984583) lbu     a1, -1095(a6)
core   0: 3 0x80001892 (0xbb984583) x11 0x00000000 mem 0x80020bdd
core   0: 0x80001896 (0xb5a800a3) sb      s10, -1215(a6)
core   0: 3 0x80001896 (0xb5a800a3) mem 0x80020b65 0x0
core   0: 0x8000189a (0x92f807a3) sb      a5, -1745(a6)
core   0: 3 0x8000189a (0x92f807a3) mem 0x80020953 0x0
core   0: 0x8000189e (0x0140036f) jal     t1, pc + 0x14
core   0: 3 0x8000189e (0x0140036f) x 6 0x800018a2
core   0: 0x800018b2 (0x00002831) c.jal   pc + 28
core   0: 3 0x800018b2 (0x2831) x 1 0x800018b4
core   0: 0x800018ce (0x0000bff9) c.j     pc - 34
core   0: 3 0x800018ce (0xbff9)
core   0: 0x800018ac (0x0000a819) c.j     pc + 22
core   0: 3 0x800018ac (0xa819)
core   0: 0x800018c2 (0x0000bfcd) c.j     pc - 14
core   0: 3 0x800018c2 (0xbfcd)
core   0: 0x800018b4 (0x0000a009) c.j     pc + 2
core   0: 3 0x800018b4 (0xa009)
core   0: 0x800018b6 (0x00002011) c.jal   pc + 4
core   0: 3 0x800018b6 (0x2011) x 1 0x800018b8
core   0: 0x800018ba (0x0040036f) jal     t1, pc + 0x4
core   0: 3 0x800018ba (0x0040036f) x 6 0x800018be
core   0: 0x800018be (0xfe5ff36f) jal     t1, pc - 0x1c
core   0: 3 0x800018be (0xfe5ff36f) x 6 0x800018c2
core   0: 0x800018a2 (0x00002031) c.jal   pc + 12
core   0: 3 0x800018a2 (0x2031) x 1 0x800018a4
core   0: 0x800018ae (0x01c000ef) jal     pc + 0x1c
core   0: 3 0x800018ae (0x01c000ef) x 1 0x800018b2
core   0: 0x800018ca (0x000037fd) c.jal   pc - 18
core   0: 3 0x800018ca (0x37fd) x 1 0x800018cc
core   0: 0x800018b8 (0x0000bfcd) c.j     pc - 14
core   0: 3 0x800018b8 (0xbfcd)
core   0: 0x800018aa (0x00003ff5) c.jal   pc - 4
core   0: 3 0x800018aa (0x3ff5) x 1 0x800018ac
core   0: 0x800018a6 (0x020000ef) jal     pc + 0x20
core   0: 3 0x800018a6 (0x020000ef) x 1 0x800018aa
core   0: 0x800018c6 (0xfdfff36f) jal     t1, pc - 0x22
core   0: 3 0x800018c6 (0xfdfff36f) x 6 0x800018ca
core   0: 0x800018a4 (0x0000a005) c.j     pc + 32
core   0: 3 0x800018a4 (0xa005)
core   0: 0x800018c4 (0x0000a021) c.j     pc + 8
core   0: 3 0x800018c4 (0xa021)
core   0: 0x800018cc (0x0000a011) c.j     pc + 4
core   0: 3 0x800018cc (0xa011)
core   0: 0x800018d0 (0x8fe5bb97) auipc   s7, 0x8fe5b
core   0: 3 0x800018d0 (0x8fe5bb97) x23 0x0fe5c8d0
core   0: 0x800018d4 (0x00015997) auipc   s3, 0x15
core   0: 3 0x800018d4 (0x00015997) x19 0x800168d4
core   0: 0x800018d8 (0xd8d98993) addi    s3, s3, -627
core   0: 3 0x800018d8 (0xd8d98993) x19 0x80016661
core   0: 0x800018dc (0x020f6eb3) rem     t4, t5, zero
core   0: 3 0x800018dc (0x020f6eb3) x29 0x00212170
core   0: 0x800018e0 (0x00008755) c.srai  a4, 21
core   0: 3 0x800018e0 (0x8755) x14 0x00000000
core   0: 0x800018e2 (0x013987a3) sb      s3, 15(s3)
core   0: 3 0x800018e2 (0x013987a3) mem 0x80016670 0x61
core   0: 0x800018e6 (0x00008e85) c.sub   a3, s1
core   0: 3 0x800018e6 (0x8e85) x13 0x00000018
core   0: 0x800018e8 (0x0b376593) ori     a1, a4, 179
core   0: 3 0x800018e8 (0x0b376593) x11 0x000000b3
core   0: 0x800018ec (0x02ed1833) mulh    a6, s10, a4
core   0: 3 0x800018ec (0x02ed1833) x16 0x00000000
core   0: 0x800018f0 (0x0000886a) c.mv    a6, s10
core   0: 3 0x800018f0 (0x886a) x16 0x00000000
core   0: 0x800018f2 (0x010a04b3) add     s1, s4, a6
core   0: 3 0x800018f2 (0x010a04b3) x 9 0x20000000
core   0: 0x800018f6 (0x00005b7d) c.li    s6, -1
core   0: 3 0x800018f6 (0x5b7d) x22 0xffffffff
core   0: 0x800018f8 (0x00a9ca03) lbu     s4, 10(s3)
core   0: 3 0x800018f8 (0x00a9ca03) x20 0x00000000 mem 0x8001666b
core   0: 0x800018fc (0x0050d293) srli    t0, ra, 5
core   0: 3 0x800018fc (0x0050d293) x 5 0x040000c5
core   0: 0x80001900 (0x0069cf83) lbu     t6, 6(s3)
core   0: 3 0x80001900 (0x0069cf83) x31 0x00000000 mem 0x80016667
core   0: 0x80001904 (0xff79d203) lhu     tp, -9(s3)
core   0: 3 0x80001904 (0xff79d203) x 4 0x00000000 mem 0x80016658
core   0: 0x80001908 (0x02cc4f33) div     t5, s8, a2
core   0: 3 0x80001908 (0x02cc4f33) x30 0x00000000
core   0: 0x8000190c (0x00008f39) c.xor   a4, a4
core   0: 3 0x8000190c (0x8f39) x14 0x00000000
core   0: 0x8000190e (0x3c40a013) slti    zero, ra, 964
core   0: 3 0x8000190e (0x3c40a013)
core   0: 0x80001912 (0xfe498d23) sb      tp, -6(s3)
core   0: 3 0x80001912 (0xfe498d23) mem 0x8001665b 0x0
core   0: 0x80001916 (0x024ec833) div     a6, t4, tp
core   0: 3 0x80001916 (0x024ec833) x16 0xffffffff
core   0: 0x8000191a (0x0009cf83) lbu     t6, 0(s3)
core   0: 3 0x8000191a (0x0009cf83) x31 0x00000000 mem 0x80016661
core   0: 0x8000191e (0x007a3233) sltu    tp, s4, t2
core   0: 3 0x8000191e (0x007a3233) x 4 0x00000001
core   0: 0x80001922 (0x00de5f13) srli    t5, t3, 13
core   0: 3 0x80001922 (0x00de5f13) x30 0x00000010
core   0: 0x80001926 (0xfe698a23) sb      t1, -12(s3)
core   0: 3 0x80001926 (0xfe698a23) mem 0x80016655 0xca
core   0: 0x8000192a (0x0000613d) c.addi16sp sp, 480
core   0: 3 0x8000192a (0x613d) x 2 0x000001e0
core   0: 0x8000192c (0x03d96833) rem     a6, s2, t4
core   0: 3 0x8000192c (0x03d96833) x16 0x00000000
core   0: 0x80001930 (0x00008ca1) c.xor   s1, s0
core   0: 3 0x80001930 (0x8ca1) x 9 0x20000000
core   0: 0x80001932 (0x428c24b7) lui     s1, 0x428c2
core   0: 3 0x80001932 (0x428c24b7) x 9 0x428c2000
core   0: 0x80001936 (0x758c2693) slti    a3, s8, 1880
core   0: 3 0x80001936 (0x758c2693) x13 0x00000001
core   0: 0x8000193a (0x0004b3b3) sltu    t2, s1, zero
core   0: 3 0x8000193a (0x0004b3b3) x 7 0x00000000
core   0: 0x8000193e (0x00598523) sb      t0, 10(s3)
core   0: 3 0x8000193e (0x00598523) mem 0x8001666b 0xc5
core   0: 0x80001942 (0x01298623) sb      s2, 12(s3)
core   0: 3 0x80001942 (0x01298623) mem 0x8001666d 0x0
core   0: 0x80001946 (0x000015fd) c.addi  a1, -1
core   0: 3 0x80001946 (0x15fd) x11 0x000000b2
core   0: 0x80001948 (0x4afab413) sltiu   s0, s5, 1199
core   0: 3 0x80001948 (0x4afab413) x 8 0x00000001
core   0: 0x8000194c (0x00008cd9) c.or    s1, a4
core   0: 3 0x8000194c (0x8cd9) x 9 0x428c2000
core   0: 0x8000194e (0x0214b333) mulhu   t1, s1, ra
core   0: 3 0x8000194e (0x0214b333) x 6 0x21461669
core   0: 0x80001952 (0xffd98703) lb      a4, -3(s3)
core   0: 3 0x80001952 (0xffd98703) x14 0x00000000 mem 0x8001665e
core   0: 0x80001956 (0x00c98203) lb      tp, 12(s3)
core   0: 3 0x80001956 (0x00c98203) x 4 0x00000000 mem 0x8001666d
core   0: 0x8000195a (0x01c0036f) jal     t1, pc + 0x1c
core   0: 3 0x8000195a (0x01c0036f) x 6 0x8000195e
core   0: 0x80001976 (0x0000a009) c.j     pc + 2
core   0: 3 0x80001976 (0xa009)
core   0: 0x80001978 (0xfedff0ef) jal     pc - 0x14
core   0: 3 0x80001978 (0xfedff0ef) x 1 0x8000197c
core   0: 0x80001964 (0x0060036f) jal     t1, pc + 0x6
core   0: 3 0x80001964 (0x0060036f) x 6 0x80001968
core   0: 0x8000196a (0x00003fd5) c.jal   pc - 12
core   0: 3 0x8000196a (0x3fd5) x 1 0x8000196c
core   0: 0x8000195e (0x00002839) c.jal   pc + 30
core   0: 3 0x8000195e (0x2839) x 1 0x80001960
core   0: 0x8000197c (0x0000b7f5) c.j     pc - 20
core   0: 3 0x8000197c (0xb7f5)
core   0: 0x80001968 (0x00002019) c.jal   pc + 6
core   0: 3 0x80001968 (0x2019) x 1 0x8000196a
core   0: 0x8000196e (0xff3ff36f) jal     t1, pc - 0xe
core   0: 3 0x8000196e (0xff3ff36f) x 6 0x80001972
core   0: 0x80001960 (0x00c00fef) jal     t6, pc + 0xc
core   0: 3 0x80001960 (0x00c00fef) x31 0x80001964
core   0: 0x8000196c (0x00002019) c.jal   pc + 6
core   0: 3 0x8000196c (0x2019) x 1 0x8000196e
core   0: 0x80001972 (0x00002009) c.jal   pc + 2
core   0: 3 0x80001972 (0x2009) x 1 0x80001974
core   0: 0x80001974 (0x0000a029) c.j     pc + 10
core   0: 3 0x80001974 (0xa029)
core   0: 0x8000197e (0x00941733) sll     a4, s0, s1
core   0: 3 0x8000197e (0x00941733) x14 0x00000001
core   0: 0x80001982 (0x00018897) auipc   a7, 0x18
core   0: 3 0x80001982 (0x00018897) x17 0x80019982
core   0: 0x80001986 (0xb3c88893) addi    a7, a7, -1220
core   0: 3 0x80001986 (0xb3c88893) x17 0x800194be
core   0: 0x8000198a (0x0001fc17) auipc   s8, 0x1f
core   0: 3 0x8000198a (0x0001fc17) x24 0x8002098a
core   0: 0x8000198e (0xc2bc0c13) addi    s8, s8, -981
core   0: 3 0x8000198e (0xc2bc0c13) x24 0x800205b5
core   0: 0x80001992 (0x00016597) auipc   a1, 0x16
core   0: 3 0x80001992 (0x00016597) x11 0x80017992
core   0: 0x80001996 (0xc6258593) addi    a1, a1, -926
core   0: 3 0x80001996 (0xc6258593) x11 0x800175f4
core   0: 0x8000199a (0xff6c0d03) lb      s10, -10(s8)
core   0: 3 0x8000199a (0xff6c0d03) x26 0x00000000 mem 0x800205ab
core   0: 0x8000199e (0x018c02a3) sb      s8, 5(s8)
core   0: 3 0x8000199e (0x018c02a3) mem 0x800205ba 0xb5
core   0: 0x800019a2 (0xb56884a3) sb      s6, -1207(a7)
core   0: 3 0x800019a2 (0xb56884a3) mem 0x80019007 0xff
core   0: 0x800019a6 (0x005c0623) sb      t0, 12(s8)
core   0: 3 0x800019a6 (0x005c0623) mem 0x800205c1 0xc5
core   0: 0x800019aa (0xe028dd03) lhu     s10, -510(a7)
core   0: 3 0x800019aa (0xe028dd03) x26 0x00000000 mem 0x800192c0
core   0: 0x800019ae (0x0001c117) auipc   sp, 0x1c
core   0: 3 0x800019ae (0x0001c117) x 2 0x8001d9ae
core   0: 0x800019b2 (0xce010113) addi    sp, sp, -800
core   0: 3 0x800019b2 (0xce010113) x 2 0x8001d68e
core   0: 0x800019b6 (0x6938c783) lbu     a5, 1683(a7)
core   0: 3 0x800019b6 (0x6938c783) x15 0x00000000 mem 0x80019b51
core   0: 0x800019ba (0xf3a8dd03) lhu     s10, -198(a7)
core   0: 3 0x800019ba (0xf3a8dd03) x26 0x00000000 mem 0x800193f8
core   0: 0x800019be (0xe6c5d183) lhu     gp, -404(a1)
core   0: 3 0x800019be (0xe6c5d183) x 3 0x00000000 mem 0x80017460
core   0: 0x800019c2 (0xf2a102a3) sb      a0, -219(sp)
core   0: 3 0x800019c2 (0xf2a102a3) mem 0x8001d5b3 0xe4
core   0: 0x800019c6 (0x1d38c083) lbu     ra, 467(a7)
core   0: 3 0x800019c6 (0x1d38c083) x 1 0x00000000 mem 0x80019691
core   0: 0x800019ca (0xffbc2e03) lw      t3, -5(s8)
core   0: 3 0x800019ca (0xffbc2e03) x28 0x00000000 mem 0x800205b0
core   0: 0x800019ce (0xe4a8de83) lhu     t4, -438(a7)
core   0: 3 0x800019ce (0xe4a8de83) x29 0x00000000 mem 0x80019308
core   0: 0x800019d2 (0xf4215383) lhu     t2, -190(sp)
core   0: 3 0x800019d2 (0xf4215383) x 7 0x00000000 mem 0x8001d5d0
core   0: 0x800019d6 (0x4055c803) lbu     a6, 1029(a1)
core   0: 3 0x800019d6 (0x4055c803) x16 0x00000000 mem 0x800179f9
core   0: 0x800019da (0xfc310c83) lb      s9, -61(sp)
core   0: 3 0x800019da (0xfc310c83) x25 0x00000000 mem 0x8001d651
core   0: 0x800019de (0x08d10803) lb      a6, 141(sp)
core   0: 3 0x800019de (0x08d10803) x16 0x00000000 mem 0x8001d71b
core   0: 0x800019e2 (0x46c5aa83) lw      s5, 1132(a1)
core   0: 3 0x800019e2 (0x46c5aa83) x21 0x00000000 mem 0x80017a60
core   0: 0x800019e6 (0x00ec4d03) lbu     s10, 14(s8)
core   0: 3 0x800019e6 (0x00ec4d03) x26 0x00000000 mem 0x800205c3
core   0: 0x800019ea (0x2f6583a3) sb      s6, 743(a1)
core   0: 3 0x800019ea (0x2f6583a3) mem 0x800178db 0xff
core   0: 0x800019ee (0xa3d5c303) lbu     t1, -1475(a1)
core   0: 3 0x800019ee (0xa3d5c303) x 6 0x00000000 mem 0x80017031
core   0: 0x800019f2 (0x02514203) lbu     tp, 37(sp)
core   0: 3 0x800019f2 (0x02514203) x 4 0x00000000 mem 0x8001d6b3
core   0: 0x800019f6 (0x22889a03) lh      s4, 552(a7)
core   0: 3 0x800019f6 (0x22889a03) x20 0x00000000 mem 0x800196e6
core   0: 0x800019fa (0xf9a104a3) sb      s10, -119(sp)
core   0: 3 0x800019fa (0xf9a104a3) mem 0x8001d617 0x0
core   0: 0x800019fe (0xaac5c003) lbu     zero, -1364(a1)
core   0: 3 0x800019fe (0xaac5c003) mem 0x800170a0
core   0: 0x80001a02 (0x0000f417) auipc   s0, 0xf
core   0: 3 0x80001a02 (0x0000f417) x 8 0x80010a02
core   0: 0x80001a06 (0x55b40413) addi    s0, s0, 1371
core   0: 3 0x80001a06 (0x55b40413) x 8 0x80010f5d
core   0: 0x80001a0a (0x0000fd17) auipc   s10, 0xf
core   0: 3 0x80001a0a (0x0000fd17) x26 0x80010a0a
core   0: 0x80001a0e (0x5bdd0d13) addi    s10, s10, 1469
core   0: 3 0x80001a0e (0x5bdd0d13) x26 0x80010fc7
core   0: 0x80001a12 (0xff244183) lbu     gp, -14(s0)
core   0: 3 0x80001a12 (0xff244183) x 3 0x00000000 mem 0x80010f4f
core   0: 0x80001a16 (0x00440083) lb      ra, 4(s0)
core   0: 3 0x80001a16 (0x00440083) x 1 0x00000000 mem 0x80010f61
core   0: 0x80001a1a (0x0000eb97) auipc   s7, 0xe
core   0: 3 0x80001a1a (0x0000eb97) x23 0x8000fa1a
core   0: 0x80001a1e (0x77bb8b93) addi    s7, s7, 1915
core   0: 3 0x80001a1e (0x77bb8b93) x23 0x80010195
core   0: 0x80001a22 (0x0000ff17) auipc   t5, 0xf
core   0: 3 0x80001a22 (0x0000ff17) x30 0x80010a22
core   0: 0x80001a26 (0xfbbf0f13) addi    t5, t5, -69
core   0: 3 0x80001a26 (0xfbbf0f13) x30 0x800109dd
core   0: 0x80001a2a (0x00ed4a83) lbu     s5, 14(s10)
core   0: 3 0x80001a2a (0x00ed4a83) x21 0x00000000 mem 0x80010fd5
core   0: 0x80001a2e (0xffe40583) lb      a1, -2(s0)
core   0: 3 0x80001a2e (0xffe40583) x11 0x00000000 mem 0x80010f5b
core   0: 0x80001a32 (0x019412a3) sh      s9, 5(s0)
core   0: 3 0x80001a32 (0x019412a3) mem 0x80010f62 0x0000
core   0: 0x80001a36 (0x0000f897) auipc   a7, 0xf
core   0: 3 0x80001a36 (0x0000f897) x17 0x80010a36
core   0: 0x80001a3a (0xec888893) addi    a7, a7, -312
core   0: 3 0x80001a3a (0xec888893) x17 0x800108fe
core   0: 0x80001a3e (0xff5bd183) lhu     gp, -11(s7)
core   0: 3 0x80001a3e (0xff5bd183) x 3 0x00000000 mem 0x8001018a
core   0: 0x80001a42 (0x00ad4703) lbu     a4, 10(s10)
core   0: 3 0x80001a42 (0x00ad4703) x14 0x00000000 mem 0x80010fd1
core   0: 0x80001a46 (0x4f2f0203) lb      tp, 1266(t5)
core   0: 3 0x80001a46 (0x4f2f0203) x 4 0x00000000 mem 0x80010ecf
core   0: 0x80001a4a (0x02d89123) sh      a3, 34(a7)
core   0: 3 0x80001a4a (0x02d89123) mem 0x80010920 0x0001
core   0: 0x80001a4e (0x00340903) lb      s2, 3(s0)
core   0: 3 0x80001a4e (0x00340903) x18 0x00000000 mem 0x80010f60
core   0: 0x80001a52 (0xffdbca83) lbu     s5, -3(s7)
core   0: 3 0x80001a52 (0xffdbca83) x21 0x00000000 mem 0x80010192
core   0: 0x80001a56 (0xfdd88683) lb      a3, -35(a7)
core   0: 3 0x80001a56 (0xfdd88683) x13 0x00000000 mem 0x800108db
core   0: 0x80001a5a (0x1e9f5203) lhu     tp, 489(t5)
core   0: 3 0x80001a5a (0x1e9f5203) x 4 0x00000000 mem 0x80010bc6
core   0: 0x80001a5e (0xff8d4003) lbu     zero, -8(s10)
core   0: 3 0x80001a5e (0xff8d4003) mem 0x80010fbf
core   0: 0x80001a62 (0x2c3f2583) lw      a1, 707(t5)
core   0: 3 0x80001a62 (0x2c3f2583) x11 0x00000000 mem 0x80010ca0
core   0: 0x80001a66 (0xffe44f83) lbu     t6, -2(s0)
core   0: 3 0x80001a66 (0xffe44f83) x31 0x00000000 mem 0x80010f5b
core   0: 0x80001a6a (0xffab8f83) lb      t6, -6(s7)
core   0: 3 0x80001a6a (0xffab8f83) x31 0x00000000 mem 0x8001018f
core   0: 0x80001a6e (0xff8d4c03) lbu     s8, -8(s10)
core   0: 3 0x80001a6e (0xff8d4c03) x24 0x00000000 mem 0x80010fbf
core   0: 0x80001a72 (0x3d9f0223) sb      s9, 964(t5)
core   0: 3 0x80001a72 (0x3d9f0223) mem 0x80010da1 0x0
core   0: 0x80001a76 (0x008d0903) lb      s2, 8(s10)
core   0: 3 0x80001a76 (0x008d0903) x18 0x00000000 mem 0x80010fcf
core   0: 0x80001a7a (0x00cd4f83) lbu     t6, 12(s10)
core   0: 3 0x80001a7a (0x00cd4f83) x31 0x00000000 mem 0x80010fd3
core   0: 0x80001a7e (0x008b8a03) lb      s4, 8(s7)
core   0: 3 0x80001a7e (0x008b8a03) x20 0x00000000 mem 0x8001019d
core   0: 0x80001a82 (0x014b84a3) sb      s4, 9(s7)
core   0: 3 0x80001a82 (0x014b84a3) mem 0x8001019e 0x0
core   0: 0x80001a86 (0xfda886a3) sb      s10, -51(a7)
core   0: 3 0x80001a86 (0xfda886a3) mem 0x800108cb 0xc7
core   0: 0x80001a8a (0xffcd0a83) lb      s5, -4(s10)
core   0: 3 0x80001a8a (0xffcd0a83) x21 0x00000009 mem 0x80010fc3
core   0: 0x80001a8e (0xfea40a23) sb      a0, -12(s0)
core   0: 3 0x80001a8e (0xfea40a23) mem 0x80010f51 0xe4
core   0: 0x80001a92 (0xfcff1f83) lh      t6, -49(t5)
core   0: 3 0x80001a92 (0xfcff1f83) x31 0x00000000 mem 0x800109ac
core   0: 0x80001a96 (0x0758c203) lbu     tp, 117(a7)
core   0: 3 0x80001a96 (0x0758c203) x 4 0x00000000 mem 0x80010973
core   0: 0x80001a9a (0xffdd2203) lw      tp, -3(s10)
core   0: 3 0x80001a9a (0xffdd2203) x 4 0x00000000 mem 0x80010fc4
core   0: 0x80001a9e (0x00340223) sb      gp, 4(s0)
core   0: 3 0x80001a9e (0x00340223) mem 0x80010f61 0x0
core   0: 0x80001aa2 (0x045f5203) lhu     tp, 69(t5)
core   0: 3 0x80001aa2 (0x045f5203) x 4 0x00000000 mem 0x80010a22
core   0: 0x80001aa6 (0xffdd0683) lb      a3, -3(s10)
core   0: 3 0x80001aa6 (0xffdd0683) x13 0x00000000 mem 0x80010fc4
core   0: 0x80001aaa (0x0de8d583) lhu     a1, 222(a7)
core   0: 3 0x80001aaa (0x0de8d583) x11 0x00000000 mem 0x800109dc
core   0: 0x80001aae (0x01e416a3) sh      t5, 13(s0)
core   0: 3 0x80001aae (0x01e416a3) mem 0x80010f6a 0x09dd
core   0: 0x80001ab2 (0xffbd0c83) lb      s9, -5(s10)
core   0: 3 0x80001ab2 (0xffbd0c83) x25 0xffffffd0 mem 0x80010fc2
core   0: 0x80001ab6 (0x00644a03) lbu     s4, 6(s0)
core   0: 3 0x80001ab6 (0x00644a03) x20 0x00000000 mem 0x80010f63
core   0: 0x80001aba (0xc57f0023) sb      s7, -960(t5)
core   0: 3 0x80001aba (0xc57f0023) mem 0x8001061d 0x95
core   0: 0x80001abe (0x0000ee97) auipc   t4, 0xe
core   0: 3 0x80001abe (0x0000ee97) x29 0x8000fabe
core   0: 0x80001ac2 (0x744e8e93) addi    t4, t4, 1860
core   0: 3 0x80001ac2 (0x744e8e93) x29 0x80010202
core   0: 0x80001ac6 (0x0001db97) auipc   s7, 0x1d
core   0: 3 0x80001ac6 (0x0001db97) x23 0x8001eac6
core   0: 0x80001aca (0xd37b8b93) addi    s7, s7, -713
core   0: 3 0x80001aca (0xd37b8b93) x23 0x8001e7fd
core   0: 0x80001ace (0xff0e9a83) lh      s5, -16(t4)
core   0: 3 0x80001ace (0xff0e9a83) x21 0x00000000 mem 0x800101f2
core   0: 0x80001ad2 (0x00fba083) lw      ra, 15(s7)
core   0: 3 0x80001ad2 (0x00fba083) x 1 0x00000000 mem 0x8001e80c
core   0: 0x80001ad6 (0xfe6b8e23) sb      t1, -4(s7)
core   0: 3 0x80001ad6 (0xfe6b8e23) mem 0x8001e7f9 0x0
core   0: 0x80001ada (0xff9e8183) lb      gp, -7(t4)
core   0: 3 0x80001ada (0xff9e8183) x 3 0x00000000 mem 0x800101fb
core   0: 0x80001ade (0x00be8f03) lb      t5, 11(t4)
core   0: 3 0x80001ade (0x00be8f03) x30 0x00000000 mem 0x8001020d
core   0: 0x80001ae2 (0x054bc403) lbu     s0, 84(s7)
core   0: 3 0x80001ae2 (0x054bc403) x 8 0x00000000 mem 0x8001e851
core   0: 0x80001ae6 (0xf55bd903) lhu     s2, -171(s7)
core   0: 3 0x80001ae6 (0xf55bd903) x18 0x00000000 mem 0x8001e752
core   0: 0x80001aea (0xff0e9703) lh      a4, -16(t4)
core   0: 3 0x80001aea (0xff0e9703) x14 0x00000000 mem 0x800101f2
core   0: 0x80001aee (0x089b8fa3) sb      s1, 159(s7)
core   0: 3 0x80001aee (0x089b8fa3) mem 0x8001e89c 0x0
core   0: 0x80001af2 (0x0aab8683) lb      a3, 170(s7)
core   0: 3 0x80001af2 (0x0aab8683) x13 0x00000000 mem 0x8001e8a7
core   0: 0x80001af6 (0x00ae9a03) lh      s4, 10(t4)
core   0: 3 0x80001af6 (0x00ae9a03) x20 0x00000000 mem 0x8001020c
core   0: 0x80001afa (0x000e82a3) sb      zero, 5(t4)
core   0: 3 0x80001afa (0x000e82a3) mem 0x80010207 0x0
core   0: 0x80001afe (0xf8db8c03) lb      s8, -115(s7)
core   0: 3 0x80001afe (0xf8db8c03) x24 0x00000000 mem 0x8001e78a
core   0: 0x80001b02 (0x009ec003) lbu     zero, 9(t4)
core   0: 3 0x80001b02 (0x009ec003) mem 0x8001020b
core   0: 0x80001b06 (0xfe7b9803) lh      a6, -25(s7)
core   0: 3 0x80001b06 (0xfe7b9803) x16 0x00000000 mem 0x8001e7e4
core   0: 0x80001b0a (0x00decd03) lbu     s10, 13(t4)
core   0: 3 0x80001b0a (0x00decd03) x26 0x00000000 mem 0x8001020f
core   0: 0x80001b0e (0xf16b88a3) sb      s6, -239(s7)
core   0: 3 0x80001b0e (0xf16b88a3) mem 0x8001e70e 0xff
core   0: 0x80001b12 (0xfe3e9f23) sh      gp, -2(t4)
core   0: 3 0x80001b12 (0xfe3e9f23) mem 0x80010200 0x0000
core   0: 0x80001b16 (0x061b9d03) lh      s10, 97(s7)
core   0: 3 0x80001b16 (0x061b9d03) x26 0x00000000 mem 0x8001e85e
core   0: 0x80001b1a (0x0001c817) auipc   a6, 0x1c
core   0: 3 0x80001b1a (0x0001c817) x16 0x8001db1a
core   0: 0x80001b1e (0xf5080813) addi    a6, a6, -176
core   0: 3 0x80001b1e (0xf5080813) x16 0x8001da6a
core   0: 0x80001b22 (0x0000fe97) auipc   t4, 0xf
core   0: 3 0x80001b22 (0x0000fe97) x29 0x80010b22
core   0: 0x80001b26 (0x4e4e8e93) addi    t4, t4, 1252
core   0: 3 0x80001b26 (0x4e4e8e93) x29 0x80011006
core   0: 0x80001b2a (0xfd080b83) lb      s7, -48(a6)
core   0: 3 0x80001b2a (0xfd080b83) x23 0x00000000 mem 0x8001da3a
core   0: 0x80001b2e (0x8efeca83) lbu     s5, -1809(t4)
core   0: 3 0x80001b2e (0x8efeca83) x21 0x00000000 mem 0x800108f5
core   0: 0x80001b32 (0x00280203) lb      tp, 2(a6)
core   0: 3 0x80001b32 (0x00280203) x 4 0x00000000 mem 0x8001da6c
core   0: 0x80001b36 (0x875e8c83) lb      s9, -1931(t4)
core   0: 3 0x80001b36 (0x875e8c83) x25 0x00000000 mem 0x8001087b
core   0: 0x80001b3a (0x01d80523) sb      t4, 10(a6)
core   0: 3 0x80001b3a (0x01d80523) mem 0x8001da74 0x6
core   0: 0x80001b3e (0xfc5808a3) sb      t0, -47(a6)
core   0: 3 0x80001b3e (0xfc5808a3) mem 0x8001da3b 0xc5
core   0: 0x80001b42 (0xc27e8123) sb      t2, -990(t4)
core   0: 3 0x80001b42 (0xc27e8123) mem 0x80010c28 0x0
core   0: 0x80001b46 (0xdb3ec983) lbu     s3, -589(t4)
core   0: 3 0x80001b46 (0xdb3ec983) x19 0x00000000 mem 0x80010db9
core   0: 0x80001b4a (0xfdd80e03) lb      t3, -35(a6)
core   0: 3 0x80001b4a (0xfdd80e03) x28 0x00000000 mem 0x8001da47
core   0: 0x80001b4e (0xe4de8ba3) sb      a3, -425(t4)
core   0: 3 0x80001b4e (0xe4de8ba3) mem 0x80010e5d 0x0
core   0: 0x80001b52 (0xabaea283) lw      t0, -1350(t4)
core   0: 3 0x80001b52 (0xabaea283) x 5 0x00000000 mem 0x80010ac0
core   0: 0x80001b56 (0x8c5e83a3) sb      t0, -1849(t4)
core   0: 3 0x80001b56 (0x8c5e83a3) mem 0x800108cd 0x0
core   0: 0x80001b5a (0xd51ecd03) lbu     s10, -687(t4)
core   0: 3 0x80001b5a (0xd51ecd03) x26 0x00000000 mem 0x80010d57
core   0: 0x80001b5e (0xcabec183) lbu     gp, -853(t4)
core   0: 3 0x80001b5e (0xcabec183) x 3 0x00000000 mem 0x80010cb1
core   0: 0x80001b62 (0x0000f117) auipc   sp, 0xf
core   0: 3 0x80001b62 (0x0000f117) x 2 0x80010b62
core   0: 0x80001b66 (0x23710113) addi    sp, sp, 567
core   0: 3 0x80001b66 (0x23710113) x 2 0x80010d99
core   0: 0x80001b6a (0x0f715e83) lhu     t4, 247(sp)
core   0: 3 0x80001b6a (0x0f715e83) x29 0x00000000 mem 0x80010e90
core   0: 0x80001b6e (0xf0f10323) sb      a5, -250(sp)
core   0: 3 0x80001b6e (0xf0f10323) mem 0x80010c9f 0x0
core   0: 0x80001b72 (0x01695913) srli    s2, s2, 22
core   0: 3 0x80001b72 (0x01695913) x18 0x00000000
core   0: 0x80001b76 (0x22f70913) addi    s2, a4, 559
core   0: 3 0x80001b76 (0x22f70913) x18 0x0000022f
core   0: 0x80001b7a (0xf6414903) lbu     s2, -156(sp)
core   0: 3 0x80001b7a (0xf6414903) x18 0x00000000 mem 0x80010cfd
core   0: 0x80001b7e (0x0ce113a3) sh      a4, 199(sp)
core   0: 3 0x80001b7e (0x0ce113a3) mem 0x80010e60 0x0000
core   0: 0x80001b82 (0x01514903) lbu     s2, 21(sp)
core   0: 3 0x80001b82 (0x01514903) x18 0x00000000 mem 0x80010dae
core   0: 0x80001b86 (0x0f014783) lbu     a5, 240(sp)
core   0: 3 0x80001b86 (0x0f014783) x15 0x00000000 mem 0x80010e89
core   0: 0x80001b8a (0x02e10c23) sb      a4, 56(sp)
core   0: 3 0x80001b8a (0x02e10c23) mem 0x80010dd1 0x0
core   0: 0x80001b8e (0x04515903) lhu     s2, 69(sp)
core   0: 3 0x80001b8e (0x04515903) x18 0x00000000 mem 0x80010dde
core   0: 0x80001b92 (0xf2f10223) sb      a5, -220(sp)
core   0: 3 0x80001b92 (0xf2f10223) mem 0x80010cbd 0x0
core   0: 0x80001b96 (0x02f3d933) divu    s2, t2, a5
core   0: 3 0x80001b96 (0x02f3d933) x18 0xffffffff
core   0: 0x80001b9a (0x00008f1d) c.sub   a4, a5
core   0: 3 0x80001b9a (0x8f1d) x14 0x00000000
core   0: 0x80001b9c (0x0000836d) c.srli  a4, 27
core   0: 3 0x80001b9c (0x836d) x14 0x00000000
core   0: 0x80001b9e (0x00000001) c.nop
core   0: 3 0x80001b9e (0x0001)
core   0: 0x80001ba0 (0xfb210123) sb      s2, -94(sp)
core   0: 3 0x80001ba0 (0xfb210123) mem 0x80010d3b 0xff
core   0: 0x80001ba4 (0x03010903) lb      s2, 48(sp)
core   0: 3 0x80001ba4 (0x03010903) x18 0x00000000 mem 0x80010dc9
core   0: 0x80001ba8 (0x0e710623) sb      t2, 236(sp)
core   0: 3 0x80001ba8 (0x0e710623) mem 0x80010e85 0x0
core   0: 0x80001bac (0x02f11ba3) sh      a5, 55(sp)
core   0: 3 0x80001bac (0x02f11ba3) mem 0x80010dd0 0x0000
core   0: 0x80001bb0 (0xf9eec793) xori    a5, t4, -98
core   0: 3 0x80001bb0 (0xf9eec793) x15 0xffffff9e
core   0: 0x80001bb4 (0x00008ffd) c.and   a5, a5
core   0: 3 0x80001bb4 (0x8ffd) x15 0xffffff9e
core   0: 0x80001bb6 (0x00008791) c.srai  a5, 4
core   0: 3 0x80001bb6 (0x8791) x15 0xfffffff9
core   0: 0x80001bb8 (0x407edeb3) sra     t4, t4, t2
core   0: 3 0x80001bb8 (0x407edeb3) x29 0x00000000
core   0: 0x80001bbc (0x0000939e) c.add   t2, t2
core   0: 3 0x80001bbc (0x939e) x 7 0x00000000
core   0: 0x80001bbe (0x8c576e93) ori     t4, a4, -1851
core   0: 3 0x80001bbe (0x8c576e93) x29 0xfffff8c5
core   0: 0x80001bc2 (0x03d93eb3) mulhu   t4, s2, t4
core   0: 3 0x80001bc2 (0x03d93eb3) x29 0x00000000
core   0: 0x80001bc6 (0xfb610703) lb      a4, -74(sp)
core   0: 3 0x80001bc6 (0xfb610703) x14 0x00000000 mem 0x80010d4f
core   0: 0x80001bca (0x40ee83b3) sub     t2, t4, a4
core   0: 3 0x80001bca (0x40ee83b3) x 7 0x00000000
core   0: 0x80001bce (0x06f10b23) sb      a5, 118(sp)
core   0: 3 0x80001bce (0x06f10b23) mem 0x80010e0f 0xf9
core   0: 0x80001bd2 (0xf3d14703) lbu     a4, -195(sp)
core   0: 3 0x80001bd2 (0xf3d14703) x14 0x00000000 mem 0x80010cd6
core   0: 0x80001bd6 (0x41e95eb3) sra     t4, s2, t5
core   0: 3 0x80001bd6 (0x41e95eb3) x29 0x00000000
core   0: 0x80001bda (0x02e90933) mul     s2, s2, a4
core   0: 3 0x80001bda (0x02e90933) x18 0x00000000
core   0: 0x80001bde (0x00006f79) c.lui   t5, 0x1e
core   0: 3 0x80001bde (0x6f79) x30 0x0001e000
core   0: 0x80001be0 (0x00000eb6) c.slli  t4, 13
core   0: 3 0x80001be0 (0x0eb6) x29 0x00000000
core   0: 0x80001be2 (0x03c14903) lbu     s2, 60(sp)
core   0: 3 0x80001be2 (0x03c14903) x18 0x00000000 mem 0x80010dd5
core   0: 0x80001be6 (0x00000001) c.nop
core   0: 3 0x80001be6 (0x0001)
core   0: 0x80001be8 (0xfa7111a3) sh      t2, -93(sp)
core   0: 3 0x80001be8 (0xfa7111a3) mem 0x80010d3c 0x0000
core   0: 0x80001bec (0x00ff77b3) and     a5, t5, a5
core   0: 3 0x80001bec (0x00ff77b3) x15 0x0001e000
core   0: 0x80001bf0 (0xf1214383) lbu     t2, -238(sp)
core   0: 3 0x80001bf0 (0xf1214383) x 7 0x00000000 mem 0x80010cab
core   0: 0x80001bf4 (0x09e14783) lbu     a5, 158(sp)
core   0: 3 0x80001bf4 (0x09e14783) x15 0x00000000 mem 0x80010e37
core   0: 0x80001bf8 (0x0001e097) auipc   ra, 0x1e
core   0: 3 0x80001bf8 (0x0001e097) x 1 0x8001fbf8
core   0: 0x80001bfc (0xb7708093) addi    ra, ra, -1161
core   0: 3 0x80001bfc (0xb7708093) x 1 0x8001f76f
core   0: 0x80001c00 (0x003d0eb3) add     t4, s10, gp
core   0: 3 0x80001c00 (0x003d0eb3) x29 0x00000000
core   0: 0x80001c04 (0x010086a3) sb      a6, 13(ra)
core   0: 3 0x80001c04 (0x010086a3) mem 0x8001f77c 0x6a
core   0: 0x80001c08 (0x0121d793) srli    a5, gp, 18
core   0: 3 0x80001c08 (0x0121d793) x15 0x00000000
core   0: 0x80001c0c (0x002086a3) sb      sp, 13(ra)
core   0: 3 0x80001c0c (0x002086a3) mem 0x8001f77c 0x99
core   0: 0x80001c10 (0xff60c983) lbu     s3, -10(ra)
core   0: 3 0x80001c10 (0xff60c983) x19 0x00000000 mem 0x8001f765
core   0: 0x80001c14 (0x0000100f) fence.i
core   0: 3 0x80001c14 (0x0000100f)
core   0: 0x80001c18 (0x00a084a3) sb      a0, 9(ra)
core   0: 3 0x80001c18 (0x00a084a3) mem 0x8001f778 0xe4
core   0: 0x80001c1c (0x0090a103) lw      sp, 9(ra)
core   0: 3 0x80001c1c (0x0090a103) x 2 0x000000e4 mem 0x8001f778
core   0: 0x80001c20 (0x00d09883) lh      a7, 13(ra)
core   0: 3 0x80001c20 (0x00d09883) x17 0x00000099 mem 0x8001f77c
core   0: 0x80001c24 (0xb6a14cb7) lui     s9, 0xb6a14
core   0: 3 0x80001c24 (0xb6a14cb7) x25 0xb6a14000
core   0: 0x80001c28 (0xffb0ca03) lbu     s4, -5(ra)
core   0: 3 0x80001c28 (0xffb0ca03) x20 0x00000000 mem 0x8001f76a
core   0: 0x80001c2c (0xffb09483) lh      s1, -5(ra)
core   0: 3 0x80001c2c (0xffb09483) x 9 0x00000000 mem 0x8001f76a
core   0: 0x80001c30 (0xffb0cf83) lbu     t6, -5(ra)
core   0: 3 0x80001c30 (0xffb0cf83) x31 0x00000000 mem 0x8001f76a
core   0: 0x80001c34 (0x002c1b93) slli    s7, s8, 2
core   0: 3 0x80001c34 (0x002c1b93) x23 0x00000000
core   0: 0x80001c38 (0x00f0d283) lhu     t0, 15(ra)
core   0: 3 0x80001c38 (0x00f0d283) x 5 0x00000000 mem 0x8001f77e
core   0: 0x80001c3c (0xfea08ba3) sb      a0, -9(ra)
core   0: 3 0x80001c3c (0xfea08ba3) mem 0x8001f766 0xe4
core   0: 0x80001c40 (0x01a08423) sb      s10, 8(ra)
core   0: 3 0x80001c40 (0x01a08423) mem 0x8001f777 0x0
core   0: 0x80001c44 (0x00d08d03) lb      s10, 13(ra)
core   0: 3 0x80001c44 (0x00d08d03) x26 0xffffff99 mem 0x8001f77c
core   0: 0x80001c48 (0x00c096a3) sh      a2, 13(ra)
core   0: 3 0x80001c48 (0x00c096a3) mem 0x8001f77c 0x5e64
core   0: 0x80001c4c (0x01108023) sb      a7, 0(ra)
core   0: 3 0x80001c4c (0x01108023) mem 0x8001f76f 0x99
core   0: 0x80001c50 (0xfe509ea3) sh      t0, -3(ra)
core   0: 3 0x80001c50 (0xfe509ea3) mem 0x8001f76c 0x0000
core   0: 0x80001c54 (0x0000e117) auipc   sp, 0xe
core   0: 3 0x80001c54 (0x0000e117) x 2 0x8000fc54
core   0: 0x80001c58 (0x5b210113) addi    sp, sp, 1458
core   0: 3 0x80001c58 (0x5b210113) x 2 0x80010206
core   0: 0x80001c5c (0x00005e7d) c.li    t3, -1
core   0: 3 0x80001c5c (0x5e7d) x28 0xffffffff
core   0: 0x80001c5e (0x00f4dcb3) srl     s9, s1, a5
core   0: 3 0x80001c5e (0x00f4dcb3) x25 0x00000000
core   0: 0x80001c62 (0x03914583) lbu     a1, 57(sp)
core   0: 3 0x80001c62 (0x03914583) x11 0x00000000 mem 0x8001023f
core   0: 0x80001c66 (0x00006ccd) c.lui   s9, 0x13
core   0: 3 0x80001c66 (0x6ccd) x25 0x00013000
core   0: 0x80001c68 (0x017832b3) sltu    t0, a6, s7
core   0: 3 0x80001c68 (0x017832b3) x 5 0x00000000
core   0: 0x80001c6c (0xf7e10da3) sb      t5, -133(sp)
core   0: 3 0x80001c6c (0xf7e10da3) mem 0x80010181 0x0
core   0: 0x80001c70 (0x00008745) c.srai  a4, 17
core   0: 3 0x80001c70 (0x8745) x14 0x00000000
core   0: 0x80001c72 (0x00d2ed33) or      s10, t0, a3
core   0: 3 0x80001c72 (0x00d2ed33) x26 0x00000000
core   0: 0x80001c76 (0x01932ab3) slt     s5, t1, s9
core   0: 3 0x80001c76 (0x01932ab3) x21 0x00000001
core   0: 0x80001c7a (0x02c94ab3) div     s5, s2, a2
core   0: 3 0x80001c7a (0x02c94ab3) x21 0x00000000
core   0: 0x80001c7e (0x04714403) lbu     s0, 71(sp)
core   0: 3 0x80001c7e (0x04714403) x 8 0x00000000 mem 0x8001024d
core   0: 0x80001c82 (0x0ea15883) lhu     a7, 234(sp)
core   0: 3 0x80001c82 (0x0ea15883) x17 0x00000000 mem 0x800102f0
core   0: 0x80001c86 (0x0b410f83) lb      t6, 180(sp)
core   0: 3 0x80001c86 (0x0b410f83) x31 0x00000000 mem 0x800102ba
core   0: 0x80001c8a (0xf0015183) lhu     gp, -256(sp)
core   0: 3 0x80001c8a (0xf0015183) x 3 0x00000000 mem 0x80010106
core   0: 0x80001c8e (0x051108a3) sb      a7, 81(sp)
core   0: 3 0x80001c8e (0x051108a3) mem 0x80010257 0x0
core   0: 0x80001c92 (0x06414303) lbu     t1, 100(sp)
core   0: 3 0x80001c92 (0x06414303) x 6 0x00000000 mem 0x8001026a
core   0: 0x80001c96 (0xfb810a03) lb      s4, -72(sp)
core   0: 3 0x80001c96 (0xfb810a03) x20 0x00000000 mem 0x800101be
core   0: 0x80001c9a (0x01410ea3) sb      s4, 29(sp)
core   0: 3 0x80001c9a (0x01410ea3) mem 0x80010223 0x0
core   0: 0x80001c9e (0x01010423) sb      a6, 8(sp)
core   0: 3 0x80001c9e (0x01010423) mem 0x8001020e 0x6a
core   0: 0x80001ca2 (0x001beeb3) or      t4, s7, ra
core   0: 3 0x80001ca2 (0x001beeb3) x29 0x8001f76f
core   0: 0x80001ca6 (0x0c8103a3) sb      s0, 199(sp)
core   0: 3 0x80001ca6 (0x0c8103a3) mem 0x800102cd 0x0
core   0: 0x80001caa (0x0fd10fa3) sb      t4, 255(sp)
core   0: 3 0x80001caa (0x0fd10fa3) mem 0x80010305 0x6f
core   0: 0x80001cae (0x04110403) lb      s0, 65(sp)
core   0: 3 0x80001cae (0x04110403) x 8 0x00000000 mem 0x80010247
core   0: 0x80001cb2 (0x025cbeb3) mulhu   t4, s9, t0
core   0: 3 0x80001cb2 (0x025cbeb3) x29 0x00000000
core   0: 0x80001cb6 (0x0000872a) c.mv    a4, a0
core   0: 3 0x80001cb6 (0x872a) x14 0x80029ce4
core   0: 0x80001cb8 (0x0ee11e83) lh      t4, 238(sp)
core   0: 3 0x80001cb8 (0x0ee11e83) x29 0x00000000 mem 0x800102f4
core   0: 0x80001cbc (0xf0814703) lbu     a4, -248(sp)
core   0: 3 0x80001cbc (0xf0814703) x14 0x00000000 mem 0x8001010e
core   0: 0x80001cc0 (0xfd811f03) lh      t5, -40(sp)
core   0: 3 0x80001cc0 (0xfd811f03) x30 0x00000000 mem 0x800101de
core   0: 0x80001cc4 (0x00008419) c.srai  s0, 6
core   0: 3 0x80001cc4 (0x8419) x 8 0x00000000
core   0: 0x80001cc6 (0x2664b893) sltiu   a7, s1, 614
core   0: 3 0x80001cc6 (0x2664b893) x17 0x00000001
core   0: 0x80001cca (0x000083d1) c.srli  a5, 20
core   0: 3 0x80001cca (0x83d1) x15 0x00000000
core   0: 0x80001ccc (0x0000100f) fence.i
core   0: 3 0x80001ccc (0x0000100f)
core   0: 0x80001cd0 (0x00bf0433) add     s0, t5, a1
core   0: 3 0x80001cd0 (0x00bf0433) x 8 0x00000000
core   0: 0x80001cd4 (0x00008b1d) c.andi  a4, 7
core   0: 3 0x80001cd4 (0x8b1d) x14 0x00000000
core   0: 0x80001cd6 (0x02cc29b3) mulhsu  s3, s8, a2
core   0: 3 0x80001cd6 (0x02cc29b3) x19 0x00000000
core   0: 0x80001cda (0xfd710123) sb      s7, -62(sp)
core   0: 3 0x80001cda (0xfd710123) mem 0x800101c8 0x0
core   0: 0x80001cde (0x411807b3) sub     a5, a6, a7
core   0: 3 0x80001cde (0x411807b3) x15 0x8001da69
core   0: 0x80001ce2 (0xf5011e23) sh      a6, -164(sp)
core   0: 3 0x80001ce2 (0xf5011e23) mem 0x80010162 0xda6a
core   0: 0x80001ce6 (0x41e25bb3) sra     s7, tp, t5
core   0: 3 0x80001ce6 (0x41e25bb3) x23 0x00000000
core   0: 0x80001cea (0xfdb14483) lbu     s1, -37(sp)
core   0: 3 0x80001cea (0xfdb14483) x 9 0x00000000 mem 0x800101e1
core   0: 0x80001cee (0xf0215483) lhu     s1, -254(sp)
core   0: 3 0x80001cee (0xf0215483) x 9 0x00000000 mem 0x80010108
core   0: 0x80001cf2 (0x01b87033) and     zero, a6, s11
core   0: 3 0x80001cf2 (0x01b87033)
core   0: 0x80001cf6 (0x00005e7d) c.li    t3, -1
core   0: 3 0x80001cf6 (0x5e7d) x28 0xffffffff
core   0: 0x80001cf8 (0x0020c3b3) xor     t2, ra, sp
core   0: 3 0x80001cf8 (0x0020c3b3) x 7 0x0000f569
core   0: 0x80001cfc (0xf6a12d23) sw      a0, -134(sp)
core   0: 3 0x80001cfc (0xf6a12d23) mem 0x80010180 0x80029ce4
core   0: 0x80001d00 (0x0001ae17) auipc   t3, 0x1a
core   0: 3 0x80001d00 (0x0001ae17) x28 0x8001bd00
core   0: 0x80001d04 (0xa43e0e13) addi    t3, t3, -1469
core   0: 3 0x80001d04 (0xa43e0e13) x28 0x8001b743
core   0: 0x80001d08 (0xf57e5283) lhu     t0, -169(t3)
core   0: 3 0x80001d08 (0xf57e5283) x 5 0x00000000 mem 0x8001b69a
core   0: 0x80001d0c (0x0000ff17) auipc   t5, 0xf
core   0: 3 0x80001d0c (0x0000ff17) x30 0x80010d0c
core   0: 0x80001d10 (0xb6cf0f13) addi    t5, t5, -1172
core   0: 3 0x80001d10 (0xb6cf0f13) x30 0x80010878
core   0: 0x80001d14 (0xff8f1183) lh      gp, -8(t5)
core   0: 3 0x80001d14 (0xff8f1183) x 3 0x00000000 mem 0x80010870
core   0: 0x80001d18 (0xf37e0b23) sb      s7, -202(t3)
core   0: 3 0x80001d18 (0xf37e0b23) mem 0x8001b679 0x0
core   0: 0x80001d1c (0xfe3f1b23) sh      gp, -10(t5)
core   0: 3 0x80001d1c (0xfe3f1b23) mem 0x8001086e 0x0000
core   0: 0x80001d20 (0xfe9e0403) lb      s0, -23(t3)
core   0: 3 0x80001d20 (0xfe9e0403) x 8 0x00000000 mem 0x8001b72c
core   0: 0x80001d24 (0x00bf0383) lb      t2, 11(t5)
core   0: 3 0x80001d24 (0x00bf0383) x 7 0x00000000 mem 0x80010883
core   0: 0x80001d28 (0x046e0903) lb      s2, 70(t3)
core   0: 3 0x80001d28 (0x046e0903) x18 0x00000000 mem 0x8001b789
core   0: 0x80001d2c (0x007f4f83) lbu     t6, 7(t5)
core   0: 3 0x80001d2c (0x007f4f83) x31 0x00000000 mem 0x8001087f
core   0: 0x80001d30 (0x016f0623) sb      s6, 12(t5)
core   0: 3 0x80001d30 (0x016f0623) mem 0x80010884 0xff
core   0: 0x80001d34 (0xff0e0023) sb      a6, -32(t3)
core   0: 3 0x80001d34 (0xff0e0023) mem 0x8001b723 0x6a
core   0: 0x80001d38 (0xfeff0923) sb      a5, -14(t5)
core   0: 3 0x80001d38 (0xfeff0923) mem 0x8001086a 0x69
core   0: 0x80001d3c (0x00ef07a3) sb      a4, 15(t5)
core   0: 3 0x80001d3c (0x00ef07a3) mem 0x80010887 0x0
core   0: 0x80001d40 (0xfe5e2303) lw      t1, -27(t3)
core   0: 3 0x80001d40 (0xfe5e2303) x 6 0x00000000 mem 0x8001b728
core   0: 0x80001d44 (0xf31e2203) lw      tp, -207(t3)
core   0: 3 0x80001d44 (0xf31e2203) x 4 0x00000000 mem 0x8001b674
core   0: 0x80001d48 (0x010f0a83) lb      s5, 16(t5)
core   0: 3 0x80001d48 (0x010f0a83) x21 0x00000000 mem 0x80010888
core   0: 0x80001d4c (0x001f4303) lbu     t1, 1(t5)
core   0: 3 0x80001d4c (0x001f4303) x 6 0x00000000 mem 0x80010879
core   0: 0x80001d50 (0x0000f297) auipc   t0, 0xf
core   0: 3 0x80001d50 (0x0000f297) x 5 0x80010d50
core   0: 0x80001d54 (0xce228293) addi    t0, t0, -798
core   0: 3 0x80001d54 (0xce228293) x 5 0x80010a32
core   0: 0x80001d58 (0x00019b17) auipc   s6, 0x19
core   0: 3 0x80001d58 (0x00019b17) x22 0x8001ad58
core   0: 0x80001d5c (0xb99b0b13) addi    s6, s6, -1127
core   0: 3 0x80001d5c (0xb99b0b13) x22 0x8001a8f1
core   0: 0x80001d60 (0xffdb5903) lhu     s2, -3(s6)
core   0: 3 0x80001d60 (0xffdb5903) x18 0x00000000 mem 0x8001a8ee
core   0: 0x80001d64 (0x00928d03) lb      s10, 9(t0)
core   0: 3 0x80001d64 (0x00928d03) x26 0x00000000 mem 0x80010a3b
core   0: 0x80001d68 (0x0032c583) lbu     a1, 3(t0)
core   0: 3 0x80001d68 (0x0032c583) x11 0x00000000 mem 0x80010a35
core   0: 0x80001d6c (0x0022a523) sw      sp, 10(t0)
core   0: 3 0x80001d6c (0x0022a523) mem 0x80010a3c 0x80010206
core   0: 0x80001d70 (0x014b0523) sb      s4, 10(s6)
core   0: 3 0x80001d70 (0x014b0523) mem 0x8001a8fb 0x0
core   0: 0x80001d74 (0x014283a3) sb      s4, 7(t0)
core   0: 3 0x80001d74 (0x014283a3) mem 0x80010a39 0x0
core   0: 0x80001d78 (0xffdb1083) lh      ra, -3(s6)
core   0: 3 0x80001d78 (0xffdb1083) x 1 0x00000000 mem 0x8001a8ee
core   0: 0x80001d7c (0x004280a3) sb      tp, 1(t0)
core   0: 3 0x80001d7c (0x004280a3) mem 0x80010a33 0x0
core   0: 0x80001d80 (0xfe3b0b23) sb      gp, -10(s6)
core   0: 3 0x80001d80 (0xfe3b0b23) mem 0x8001a8e7 0x0
core   0: 0x80001d84 (0x016b04a3) sb      s6, 9(s6)
core   0: 3 0x80001d84 (0x016b04a3) mem 0x8001a8fa 0xf1
core   0: 0x80001d88 (0xff028383) lb      t2, -16(t0)
core   0: 3 0x80001d88 (0xff028383) x 7 0x00000000 mem 0x80010a22
core   0: 0x80001d8c (0xfeab1aa3) sh      a0, -11(s6)
core   0: 3 0x80001d8c (0xfeab1aa3) mem 0x8001a8e6 0x9ce4
core   0: 0x80001d90 (0x00628a83) lb      s5, 6(t0)
core   0: 3 0x80001d90 (0x00628a83) x21 0x00000000 mem 0x80010a38
core   0: 0x80001d94 (0x015b0023) sb      s5, 0(s6)
core   0: 3 0x80001d94 (0x015b0023) mem 0x8001a8f1 0x0
core   0: 0x80001d98 (0x00d2cf83) lbu     t6, 13(t0)
core   0: 3 0x80001d98 (0x00d2cf83) x31 0x00000080 mem 0x80010a3f
core   0: 0x80001d9c (0xff5288a3) sb      s5, -15(t0)
core   0: 3 0x80001d9c (0xff5288a3) mem 0x80010a23 0x0
core   0: 0x80001da0 (0xff929823) sh      s9, -16(t0)
core   0: 3 0x80001da0 (0xff929823) mem 0x80010a22 0x3000
core   0: 0x80001da4 (0xff7b0103) lb      sp, -9(s6)
core   0: 3 0x80001da4 (0xff7b0103) x 2 0x00000000 mem 0x8001a8e8
core   0: 0x80001da8 (0x00015b97) auipc   s7, 0x15
core   0: 3 0x80001da8 (0x00015b97) x23 0x80016da8
core   0: 0x80001dac (0xbe7b8b93) addi    s7, s7, -1049
core   0: 3 0x80001dac (0xbe7b8b93) x23 0x8001698f
core   0: 0x80001db0 (0xfa5b9ba3) sh      t0, -73(s7)
core   0: 3 0x80001db0 (0xfa5b9ba3) mem 0x80016946 0x0a32
core   0: 0x80001db4 (0x0000e597) auipc   a1, 0xe
core   0: 3 0x80001db4 (0x0000e597) x11 0x8000fdb4
core   0: 0x80001db8 (0x67658593) addi    a1, a1, 1654
core   0: 3 0x80001db8 (0x67658593) x11 0x8001042a
core   0: 0x80001dbc (0x0e2bc003) lbu     zero, 226(s7)
core   0: 3 0x80001dbc (0x0e2bc003) mem 0x80016a71
core   0: 0x80001dc0 (0xfe958ea3) sb      s1, -3(a1)
core   0: 3 0x80001dc0 (0xfe958ea3) mem 0x80010427 0x0
core   0: 0x80001dc4 (0xff958103) lb      sp, -7(a1)
core   0: 3 0x80001dc4 (0xff958103) x 2 0x00000000 mem 0x80010423
core   0: 0x80001dc8 (0xfcdb8d23) sb      a3, -38(s7)
core   0: 3 0x80001dc8 (0xfcdb8d23) mem 0x80016969 0x0
core   0: 0x80001dcc (0xff858c83) lb      s9, -8(a1)
core   0: 3 0x80001dcc (0xff858c83) x25 0x00000000 mem 0x80010422
core   0: 0x80001dd0 (0xffd58303) lb      t1, -3(a1)
core   0: 3 0x80001dd0 (0xffd58303) x 6 0x00000000 mem 0x80010427
core   0: 0x80001dd4 (0x023bde03) lhu     t3, 35(s7)
core   0: 3 0x80001dd4 (0x023bde03) x28 0x00000000 mem 0x800169b2
core   0: 0x80001dd8 (0x00158883) lb      a7, 1(a1)
core   0: 3 0x80001dd8 (0x00158883) x17 0x00000000 mem 0x8001042b
core   0: 0x80001ddc (0xff05cc83) lbu     s9, -16(a1)
core   0: 3 0x80001ddc (0xff05cc83) x25 0x00000000 mem 0x8001041a
core   0: 0x80001de0 (0xf10bce83) lbu     t4, -240(s7)
core   0: 3 0x80001de0 (0xf10bce83) x29 0x00000000 mem 0x8001689f
core   0: 0x80001de4 (0x0000e117) auipc   sp, 0xe
core   0: 3 0x80001de4 (0x0000e117) x 2 0x8000fde4
core   0: 0x80001de8 (0x33c10113) addi    sp, sp, 828
core   0: 3 0x80001de8 (0x33c10113) x 2 0x80010120
core   0: 0x80001dec (0x19010f03) lb      t5, 400(sp)
core   0: 3 0x80001dec (0x19010f03) x30 0x00000000 mem 0x800102b0
core   0: 0x80001df0 (0x19011d03) lh      s10, 400(sp)
core   0: 3 0x80001df0 (0x19011d03) x26 0x00000000 mem 0x800102b0
core   0: 0x80001df4 (0x47510203) lb      tp, 1141(sp)
core   0: 3 0x80001df4 (0x47510203) x 4 0x00000000 mem 0x80010595
core   0: 0x80001df8 (0x47510e03) lb      t3, 1141(sp)
core   0: 3 0x80001df8 (0x47510e03) x28 0x00000000 mem 0x80010595
core   0: 0x80001dfc (0x3bc102a3) sb      t3, 933(sp)
core   0: 3 0x80001dfc (0x3bc102a3) mem 0x800104c5 0x0
core   0: 0x80001e00 (0x3a514e03) lbu     t3, 933(sp)
core   0: 3 0x80001e00 (0x3a514e03) x28 0x00000000 mem 0x800104c5
core   0: 0x80001e04 (0x00008ae6) c.mv    s5, s9
core   0: 3 0x80001e04 (0x8ae6) x21 0x00000000
core   0: 0x80001e06 (0x22914a03) lbu     s4, 553(sp)
core   0: 3 0x80001e06 (0x22914a03) x20 0x00000000 mem 0x80010349
core   0: 0x80001e0a (0x5f510e83) lb      t4, 1525(sp)
core   0: 3 0x80001e0a (0x5f510e83) x29 0x00000000 mem 0x80010715
core   0: 0x80001e0e (0x00008871) c.andi  s0, 28
core   0: 3 0x80001e0e (0x8871) x 8 0x00000000
core   0: 0x80001e10 (0x59e15583) lhu     a1, 1438(sp)
core   0: 3 0x80001e10 (0x59e15583) x11 0x00000000 mem 0x800106be
core   0: 0x80001e14 (0x17114303) lbu     t1, 369(sp)
core   0: 3 0x80001e14 (0x17114303) x 6 0x00000000 mem 0x80010291
core   0: 0x80001e18 (0x55710a03) lb      s4, 1367(sp)
core   0: 3 0x80001e18 (0x55710a03) x20 0x00000000 mem 0x80010677
core   0: 0x80001e1c (0x0000f317) auipc   t1, 0xf
core   0: 3 0x80001e1c (0x0000f317) x 6 0x80010e1c
core   0: 0x80001e20 (0xb1e30313) addi    t1, t1, -1250
core   0: 3 0x80001e20 (0xb1e30313) x 6 0x8001093a
core   0: 0x80001e24 (0x0000ee17) auipc   t3, 0xe
core   0: 3 0x80001e24 (0x0000ee17) x28 0x8000fe24
core   0: 0x80001e28 (0x731e0e13) addi    t3, t3, 1841
core   0: 3 0x80001e28 (0x731e0e13) x28 0x80010555
core   0: 0x80001e2c (0xffd34e83) lbu     t4, -3(t1)
core   0: 3 0x80001e2c (0xffd34e83) x29 0x00000000 mem 0x80010937
core   0: 0x80001e30 (0x0000f217) auipc   tp, 0xf
core   0: 3 0x80001e30 (0x0000f217) x 4 0x80010e30
core   0: 0x80001e34 (0x1da20213) addi    tp, tp, 474
core   0: 3 0x80001e34 (0x1da20213) x 4 0x8001100a
core   0: 0x80001e38 (0xfdd24583) lbu     a1, -35(tp)
core   0: 3 0x80001e38 (0xfdd24583) x11 0x00000000 mem 0x80010fe7
core   0: 0x80001e3c (0x070e0083) lb      ra, 112(t3)
core   0: 3 0x80001e3c (0x070e0083) x 1 0x00000000 mem 0x800105c5
core   0: 0x80001e40 (0xff631883) lh      a7, -10(t1)
core   0: 3 0x80001e40 (0xff631883) x17 0x00000000 mem 0x80010930
core   0: 0x80001e44 (0x01e20f83) lb      t6, 30(tp)
core   0: 3 0x80001e44 (0x01e20f83) x31 0x00000000 mem 0x80011028
core   0: 0x80001e48 (0xff430d03) lb      s10, -12(t1)
core   0: 3 0x80001e48 (0xff430d03) x26 0x00000000 mem 0x8001092e
core   0: 0x80001e4c (0x01320103) lb      sp, 19(tp)
core   0: 3 0x80001e4c (0x01320103) x 2 0x00000000 mem 0x8001101d
core   0: 0x80001e50 (0x2d6e0583) lb      a1, 726(t3)
core   0: 3 0x80001e50 (0x2d6e0583) x11 0x00000000 mem 0x8001082b
core   0: 0x80001e54 (0x01034803) lbu     a6, 16(t1)
core   0: 3 0x80001e54 (0x01034803) x16 0x00000000 mem 0x8001094a
core   0: 0x80001e58 (0x00d30d03) lb      s10, 13(t1)
core   0: 3 0x80001e58 (0x00d30d03) x26 0x00000000 mem 0x80010947
core   0: 0x80001e5c (0x065e0fa3) sb      t0, 127(t3)
core   0: 3 0x80001e5c (0x065e0fa3) mem 0x800105d4 0x32
core   0: 0x80001e60 (0xfda25903) lhu     s2, -38(tp)
core   0: 3 0x80001e60 (0xfda25903) x18 0x00000000 mem 0x80010fe4
core   0: 0x80001e64 (0x00f30423) sb      a5, 8(t1)
core   0: 3 0x80001e64 (0x00f30423) mem 0x80010942 0x69
core   0: 0x80001e68 (0xfe420223) sb      tp, -28(tp)
core   0: 3 0x80001e68 (0xfe420223) mem 0x80010fee 0xa
core   0: 0x80001e6c (0x00134403) lbu     s0, 1(t1)
core   0: 3 0x80001e6c (0x00134403) x 8 0x00000000 mem 0x8001093b
core   0: 0x80001e70 (0x478e07a3) sb      s8, 1135(t3)
core   0: 3 0x80001e70 (0x478e07a3) mem 0x800109c4 0x0
core   0: 0x80001e74 (0x549e4683) lbu     a3, 1353(t3)
core   0: 3 0x80001e74 (0x549e4683) x13 0x00000000 mem 0x80010a9e
core   0: 0x80001e78 (0xffc31c83) lh      s9, -4(t1)
core   0: 3 0x80001e78 (0xffc31c83) x25 0x00000000 mem 0x80010936
core   0: 0x80001e7c (0x03622403) lw      s0, 54(tp)
core   0: 3 0x80001e7c (0x03622403) x 8 0x00000000 mem 0x80011040
core   0: 0x80001e80 (0xff030883) lb      a7, -16(t1)
core   0: 3 0x80001e80 (0xff030883) x17 0x00000000 mem 0x8001092a
core   0: 0x80001e84 (0xb39e5003) lhu     zero, -1223(t3)
core   0: 3 0x80001e84 (0xb39e5003) mem 0x8001008e
core   0: 0x80001e88 (0xffb30e83) lb      t4, -5(t1)
core   0: 3 0x80001e88 (0xffb30e83) x29 0x00000000 mem 0x80010935
core   0: 0x80001e8c (0x70fe0c83) lb      s9, 1807(t3)
core   0: 3 0x80001e8c (0x70fe0c83) x25 0x00000000 mem 0x80010c64
core   0: 0x80001e90 (0x10be4f03) lbu     t5, 267(t3)
core   0: 3 0x80001e90 (0x10be4f03) x30 0x00000000 mem 0x80010660
core   0: 0x80001e94 (0x00010a17) auipc   s4, 0x10
core   0: 3 0x80001e94 (0x00010a17) x20 0x80011e94
core   0: 0x80001e98 (0xeaea0a13) addi    s4, s4, -338
core   0: 3 0x80001e98 (0xeaea0a13) x20 0x80011d42
core   0: 0x80001e9c (0x0000fc17) auipc   s8, 0xf
core   0: 3 0x80001e9c (0x0000fc17) x24 0x80010e9c
core   0: 0x80001ea0 (0xbb6c0c13) addi    s8, s8, -1098
core   0: 3 0x80001ea0 (0xbb6c0c13) x24 0x80010a52
core   0: 0x80001ea4 (0x0c3a0d23) sb      gp, 218(s4)
core   0: 3 0x80001ea4 (0x0c3a0d23) mem 0x80011e1c 0x0
core   0: 0x80001ea8 (0x8afc4083) lbu     ra, -1873(s8)
core   0: 3 0x80001ea8 (0x8afc4083) x 1 0x00000000 mem 0x80010301
core   0: 0x80001eac (0x44bc4e83) lbu     t4, 1099(s8)
core   0: 3 0x80001eac (0x44bc4e83) x29 0x00000000 mem 0x80010e9d
core   0: 0x80001eb0 (0xfeda0803) lb      a6, -19(s4)
core   0: 3 0x80001eb0 (0xfeda0803) x16 0x00000000 mem 0x80011d2f
core   0: 0x80001eb4 (0x398c05a3) sb      s8, 907(s8)
core   0: 3 0x80001eb4 (0x398c05a3) mem 0x80010ddd 0x52
core   0: 0x80001eb8 (0x5cbc0403) lb      s0, 1483(s8)
core   0: 3 0x80001eb8 (0x5cbc0403) x 8 0x00000000 mem 0x8001101d
core   0: 0x80001ebc (0x046c00a3) sb      t1, 65(s8)
core   0: 3 0x80001ebc (0x046c00a3) mem 0x80010a93 0x3a
core   0: 0x80001ec0 (0x133c0303) lb      t1, 307(s8)
core   0: 3 0x80001ec0 (0x133c0303) x 6 0x00000000 mem 0x80010b85
core   0: 0x80001ec4 (0x0cda4c83) lbu     s9, 205(s4)
core   0: 3 0x80001ec4 (0x0cda4c83) x25 0x00000000 mem 0x80011e0f
core   0: 0x80001ec8 (0x09fa1e23) sh      t6, 156(s4)
core   0: 3 0x80001ec8 (0x09fa1e23) mem 0x80011dde 0x0000
core   0: 0x80001ecc (0xfcfa4583) lbu     a1, -49(s4)
core   0: 3 0x80001ecc (0xfcfa4583) x11 0x00000000 mem 0x80011d11
core   0: 0x80001ed0 (0x4c9c0c23) sb      s1, 1240(s8)
core   0: 3 0x80001ed0 (0x4c9c0c23) mem 0x80010f2a 0x0
core   0: 0x80001ed4 (0x041a2d23) sw      ra, 90(s4)
core   0: 3 0x80001ed4 (0x041a2d23) mem 0x80011d9c 0x00000000
core   0: 0x80001ed8 (0x3b7c04a3) sb      s7, 937(s8)
core   0: 3 0x80001ed8 (0x3b7c04a3) mem 0x80010dfb 0x8f
core   0: 0x80001edc (0x00011e97) auipc   t4, 0x11
core   0: 3 0x80001edc (0x00011e97) x29 0x80012edc
core   0: 0x80001ee0 (0x0dfe8e93) addi    t4, t4, 223
core   0: 3 0x80001ee0 (0x0dfe8e93) x29 0x80012fbb
core   0: 0x80001ee4 (0x000089da) c.mv    s3, s6
core   0: 3 0x80001ee4 (0x89da) x19 0x8001a8f1
core   0: 0x80001ee6 (0x036e8c23) sb      s6, 56(t4)
core   0: 3 0x80001ee6 (0x036e8c23) mem 0x80012ff3 0xf1
core   0: 0x80001eea (0x05837737) lui     a4, 0x5837
core   0: 3 0x80001eea (0x05837737) x14 0x05837000
core   0: 0x80001eee (0x00000001) c.nop
core   0: 3 0x80001eee (0x0001)
core   0: 0x80001ef0 (0x00008c79) c.and   s0, a4
core   0: 3 0x80001ef0 (0x8c79) x 8 0x00000000
core   0: 0x80001ef2 (0x00ee8823) sb      a4, 16(t4)
core   0: 3 0x80001ef2 (0x00ee8823) mem 0x80012fcb 0x0
core   0: 0x80001ef6 (0x030ec403) lbu     s0, 48(t4)
core   0: 3 0x80001ef6 (0x030ec403) x 8 0x00000000 mem 0x80012feb
core   0: 0x80001efa (0x016b59b3) srl     s3, s6, s6
core   0: 3 0x80001efa (0x016b59b3) x19 0x00004000
core   0: 0x80001efe (0x0000476d) c.li    a4, 27
core   0: 3 0x80001efe (0x476d) x14 0x0000001b
core   0: 0x80001f00 (0x0000974e) c.add   a4, s3
core   0: 3 0x80001f00 (0x974e) x14 0x0000401b
core   0: 0x80001f02 (0x41e9d713) srai    a4, s3, 30
core   0: 3 0x80001f02 (0x41e9d713) x14 0x00000000
core   0: 0x80001f06 (0x0000100f) fence.i
core   0: 3 0x80001f06 (0x0000100f)
core   0: 0x80001f0a (0x00ab9713) slli    a4, s7, 10
core   0: 3 0x80001f0a (0x00ab9713) x14 0x05a63c00
core   0: 0x80001f0e (0xff7ea0a3) sw      s7, -31(t4)
core   0: 3 0x80001f0e (0xff7ea0a3) mem 0x80012f9c 0x8001698f
core   0: 0x80001f12 (0xfe8e8703) lb      a4, -24(t4)
core   0: 3 0x80001f12 (0xfe8e8703) x14 0x00000000 mem 0x80012fa3
core   0: 0x80001f16 (0x038b9b33) mulh    s6, s7, s8
core   0: 3 0x80001f16 (0x038b9b33) x22 0x3ffec610
core   0: 0x80001f1a (0xfccec983) lbu     s3, -52(t4)
core   0: 3 0x80001f1a (0xfccec983) x19 0x00000000 mem 0x80012f87
core   0: 0x80001f1e (0x413b89b3) sub     s3, s7, s3
core   0: 3 0x80001f1e (0x413b89b3) x19 0x8001698f
core   0: 0x80001f22 (0x00008b29) c.andi  a4, 10
core   0: 3 0x80001f22 (0x8b29) x14 0x00000000
core   0: 0x80001f24 (0xfc8ecb83) lbu     s7, -56(t4)
core   0: 3 0x80001f24 (0xfc8ecb83) x23 0x00000000 mem 0x80012f83
core   0: 0x80001f28 (0x00006b51) c.lui   s6, 0x14
core   0: 3 0x80001f28 (0x6b51) x22 0x00014000
core   0: 0x80001f2a (0x00004b11) c.li    s6, 4
core   0: 3 0x80001f2a (0x4b11) x22 0x00000004
core   0: 0x80001f2c (0xfc8e84a3) sb      s0, -55(t4)
core   0: 3 0x80001f2c (0xfc8e84a3) mem 0x80012f84 0x0
core   0: 0x80001f30 (0x006e8703) lb      a4, 6(t4)
core   0: 3 0x80001f30 (0x006e8703) x14 0x00000000 mem 0x80012fc1
core   0: 0x80001f34 (0xff1e9c03) lh      s8, -15(t4)
core   0: 3 0x80001f34 (0xff1e9c03) x24 0x00000000 mem 0x80012fac
core   0: 0x80001f38 (0x0000071e) c.slli  a4, 7
core   0: 3 0x80001f38 (0x071e) x14 0x00000000
core   0: 0x80001f3a (0x03872c33) mulhsu  s8, a4, s8
core   0: 3 0x80001f3a (0x03872c33) x24 0x00000000
core   0: 0x80001f3e (0x427b0c13) addi    s8, s6, 1063
core   0: 3 0x80001f3e (0x427b0c13) x24 0x0000042b
core   0: 0x80001f42 (0xfdcecc03) lbu     s8, -36(t4)
core   0: 3 0x80001f42 (0xfdcecc03) x24 0x00000000 mem 0x80012f97
core   0: 0x80001f46 (0xff2e8b83) lb      s7, -14(t4)
core   0: 3 0x80001f46 (0xff2e8b83) x23 0x00000000 mem 0x80012fad
core   0: 0x80001f4a (0xfffe9b03) lh      s6, -1(t4)
core   0: 3 0x80001f4a (0xfffe9b03) x22 0x00000000 mem 0x80012fba
core   0: 0x80001f4e (0x0000147d) c.addi  s0, -1
core   0: 3 0x80001f4e (0x147d) x 8 0xffffffff
core   0: 0x80001f50 (0xfeeea2a3) sw      a4, -27(t4)
core   0: 3 0x80001f50 (0xfeeea2a3) mem 0x80012fa0 0x00000000
core   0: 0x80001f54 (0x0169ac33) slt     s8, s3, s6
core   0: 3 0x80001f54 (0x0169ac33) x24 0x00000001
core   0: 0x80001f58 (0x0000845d) c.srai  s0, 23
core   0: 3 0x80001f58 (0x845d) x 8 0xffffffff
core   0: 0x80001f5a (0xfeeecc03) lbu     s8, -18(t4)
core   0: 3 0x80001f5a (0xfeeecc03) x24 0x00000000 mem 0x80012fa9
core   0: 0x80001f5e (0xfd6ec403) lbu     s0, -42(t4)
core   0: 3 0x80001f5e (0xfd6ec403) x 8 0x00000000 mem 0x80012f91
core   0: 0x80001f62 (0xfc4ec703) lbu     a4, -60(t4)
core   0: 3 0x80001f62 (0xfc4ec703) x14 0x00000000 mem 0x80012f7f
core   0: 0x80001f66 (0x1d9fcc37) lui     s8, 0x1d9fc
core   0: 3 0x80001f66 (0x1d9fcc37) x24 0x1d9fc000
core   0: 0x80001f6a (0x00004c05) c.li    s8, 1
core   0: 3 0x80001f6a (0x4c05) x24 0x00000001
core   0: 0x80001f6c (0xdf473c13) sltiu   s8, a4, -524
core   0: 3 0x80001f6c (0xdf473c13) x24 0x00000001
core   0: 0x80001f70 (0x00008c61) c.and   s0, s0
core   0: 3 0x80001f70 (0x8c61) x 8 0x00000000
core   0: 0x80001f72 (0xff6e8123) sb      s6, -30(t4)
core   0: 3 0x80001f72 (0xff6e8123) mem 0x80012f9d 0x0
core   0: 0x80001f76 (0x016b4c33) xor     s8, s6, s6
core   0: 3 0x80001f76 (0x016b4c33) x24 0x00000000
core   0: 0x80001f7a (0xffee8c03) lb      s8, -2(t4)
core   0: 3 0x80001f7a (0xffee8c03) x24 0x00000000 mem 0x80012fb9
core   0: 0x80001f7e (0x00000001) c.nop
core   0: 3 0x80001f7e (0x0001)
core   0: 0x80001f80 (0x018b1c33) sll     s8, s6, s8
core   0: 3 0x80001f80 (0x018b1c33) x24 0x00000000
core   0: 0x80001f84 (0x01cbd993) srli    s3, s7, 28
core   0: 3 0x80001f84 (0x01cbd993) x19 0x00000000
core   0: 0x80001f88 (0x018e8423) sb      s8, 8(t4)
core   0: 3 0x80001f88 (0x018e8423) mem 0x80012fc3 0x0
core   0: 0x80001f8c (0x032ecc03) lbu     s8, 50(t4)
core   0: 3 0x80001f8c (0x032ecc03) x24 0x00000000 mem 0x80012fed
core   0: 0x80001f90 (0x00019117) auipc   sp, 0x19
core   0: 3 0x80001f90 (0x00019117) x 2 0x8001af90
core   0: 0x80001f94 (0x18710113) addi    sp, sp, 391
core   0: 3 0x80001f94 (0x18710113) x 2 0x8001b117
core   0: 0x80001f98 (0x87a14c03) lbu     s8, -1926(sp)
core   0: 3 0x80001f98 (0x87a14c03) x24 0x00000000 mem 0x8001a991
core   0: 0x80001f9c (0x87a10803) lb      a6, -1926(sp)
core   0: 3 0x80001f9c (0x87a10803) x16 0x00000000 mem 0x8001a991
core   0: 0x80001fa0 (0x86510d23) sb      t0, -1926(sp)
core   0: 3 0x80001fa0 (0x86510d23) mem 0x8001a991 0x32
core   0: 0x80001fa4 (0x86b10d23) sb      a1, -1926(sp)
core   0: 3 0x80001fa4 (0x86b10d23) mem 0x8001a991 0x0
core   0: 0x80001fa8 (0x87a10a03) lb      s4, -1926(sp)
core   0: 3 0x80001fa8 (0x87a10a03) x20 0x00000000 mem 0x8001a991
core   0: 0x80001fac (0x87a14283) lbu     t0, -1926(sp)
core   0: 3 0x80001fac (0x87a14283) x 5 0x00000000 mem 0x8001a991
core   0: 0x80001fb0 (0x87a10583) lb      a1, -1926(sp)
core   0: 3 0x80001fb0 (0x87a10583) x11 0x00000000 mem 0x8001a991
core   0: 0x80001fb4 (0x87a14983) lbu     s3, -1926(sp)
core   0: 3 0x80001fb4 (0x87a14983) x19 0x00000000 mem 0x8001a991
core   0: 0x80001fb8 (0x24db7c13) andi    s8, s6, 589
core   0: 3 0x80001fb8 (0x24db7c13) x24 0x00000000
core   0: 0x80001fbc (0x87a14f03) lbu     t5, -1926(sp)
core   0: 3 0x80001fbc (0x87a14f03) x30 0x00000000 mem 0x8001a991
core   0: 0x80001fc0 (0x00008c19) c.sub   s0, a4
core   0: 3 0x80001fc0 (0x8c19) x 8 0x00000000
core   0: 0x80001fc2 (0x87310d23) sb      s3, -1926(sp)
core   0: 3 0x80001fc2 (0x87310d23) mem 0x8001a991 0x0
core   0: 0x80001fc6 (0x87310d23) sb      s3, -1926(sp)
core   0: 3 0x80001fc6 (0x87310d23) mem 0x8001a991 0x0
core   0: 0x80001fca (0x87a14083) lbu     ra, -1926(sp)
core   0: 3 0x80001fca (0x87a14083) x 1 0x00000000 mem 0x8001a991
core   0: 0x80001fce (0x86710d23) sb      t2, -1926(sp)
core   0: 3 0x80001fce (0x86710d23) mem 0x8001a991 0x0
core   0: 0x80001fd2 (0x87a10983) lb      s3, -1926(sp)
core   0: 3 0x80001fd2 (0x87a10983) x19 0x00000000 mem 0x8001a991
core   0: 0x80001fd6 (0x87a14003) lbu     zero, -1926(sp)
core   0: 3 0x80001fd6 (0x87a14003) mem 0x8001a991
core   0: 0x80001fda (0x87a10003) lb      zero, -1926(sp)
core   0: 3 0x80001fda (0x87a10003) mem 0x8001a991
core   0: 0x80001fde (0x87a10583) lb      a1, -1926(sp)
core   0: 3 0x80001fde (0x87a10583) x11 0x00000000 mem 0x8001a991
core   0: 0x80001fe2 (0x87a14f83) lbu     t6, -1926(sp)
core   0: 3 0x80001fe2 (0x87a14f83) x31 0x00000000 mem 0x8001a991
core   0: 0x80001fe6 (0x87a10c03) lb      s8, -1926(sp)
core   0: 3 0x80001fe6 (0x87a10c03) x24 0x00000000 mem 0x8001a991
core   0: 0x80001fea (0xff800713) li      a4, -8
core   0: 3 0x80001fea (0xff800713) x14 0xfffffff8
core   0: 0x80001fee (0x00008055) c.srli  s0, 21
core   0: 3 0x80001fee (0x8055) x 8 0x00000000
core   0: 0x80001ff0 (0x028f9433) mulh    s0, t6, s0
core   0: 3 0x80001ff0 (0x028f9433) x 8 0x00000000
core   0: 0x80001ff4 (0x00006145) c.addi16sp sp, 48
core   0: 3 0x80001ff4 (0x6145) x 2 0x8001b147
core   0: 0x80001ff6 (0x40835f13) srai    t5, t1, 8
core   0: 3 0x80001ff6 (0x40835f13) x30 0x00000000
core   0: 0x80001ffa (0x005f5e13) srli    t3, t5, 5
core   0: 3 0x80001ffa (0x005f5e13) x28 0x00000000
core   0: 0x80001ffe (0x00008f95) c.sub   a5, a3
core   0: 3 0x80001ffe (0x8f95) x15 0x8001da69
core   0: 0x80002000 (0x13e68b17) auipc   s6, 0x13e68
core   0: 3 0x80002000 (0x13e68b17) x22 0x93e6a000
core   0: 0x80002004 (0x03d40d33) mul     s10, s0, t4
core   0: 3 0x80002004 (0x03d40d33) x26 0x00000000
core   0: 0x80002008 (0x03e23cb3) mulhu   s9, tp, t5
core   0: 3 0x80002008 (0x03e23cb3) x25 0x00000000
core   0: 0x8000200c (0x00008799) c.srai  a5, 6
core   0: 3 0x8000200c (0x8799) x15 0xfe000769
core   0: 0x8000200e (0xff100193) li      gp, -15
core   0: 3 0x8000200e (0xff100193) x 3 0xfffffff1
core   0: 0x80002012 (0xdc363813) sltiu   a6, a2, -573
core   0: 3 0x80002012 (0xdc363813) x16 0x00000001
core   0: 0x80002016 (0xfb29f593) andi    a1, s3, -78
core   0: 3 0x80002016 (0xfb29f593) x11 0x00000000
core   0: 0x8000201a (0x41785113) srai    sp, a6, 23
core   0: 3 0x8000201a (0x41785113) x 2 0x00000000
core   0: 0x8000201e (0x00001765) c.addi  a4, -7
core   0: 3 0x8000201e (0x1765) x14 0xfffffff1
core   0: 0x80002020 (0x011c8d33) add     s10, s9, a7
core   0: 3 0x80002020 (0x011c8d33) x26 0x00000000
core   0: 0x80002024 (0x41d45d33) sra     s10, s0, t4
core   0: 3 0x80002024 (0x41d45d33) x26 0x00000000
core   0: 0x80002028 (0x00008c61) c.and   s0, s0
core   0: 3 0x80002028 (0x8c61) x 8 0x00000000
core   0: 0x8000202a (0x00008c91) c.sub   s1, a2
core   0: 3 0x8000202a (0x8c91) x 9 0x7ffda19c
core   0: 0x8000202c (0x210a2d37) lui     s10, 0x210a2
core   0: 3 0x8000202c (0x210a2d37) x26 0x210a2000
core   0: 0x80002030 (0x003ad233) srl     tp, s5, gp
core   0: 3 0x80002030 (0x003ad233) x 4 0x00000000
core   0: 0x80002034 (0xfc371fe3) bne     a4, gp, pc - 34
core   0: 3 0x80002034 (0xfc371fe3)
core   0: 0x80002038 (0xfcee7837) lui     a6, 0xfcee7
core   0: 3 0x80002038 (0xfcee7837) x16 0xfcee7000
core   0: 0x8000203c (0x0000fa97) auipc   s5, 0xf
core   0: 3 0x8000203c (0x0000fa97) x21 0x8001103c
core   0: 0x80002040 (0xe19a8a93) addi    s5, s5, -487
core   0: 3 0x80002040 (0xe19a8a93) x21 0x80010e55
core   0: 0x80002044 (0x96ca8523) sb      a2, -1686(s5)
core   0: 3 0x80002044 (0x96ca8523) mem 0x800107bf 0x64
core   0: 0x80002048 (0xe0eaca03) lbu     s4, -498(s5)
core   0: 3 0x80002048 (0xe0eaca03) x20 0x0000009c mem 0x80010c63
core   0: 0x8000204c (0x004f71b3) and     gp, t5, tp
core   0: 3 0x8000204c (0x004f71b3) x 3 0x00000000
core   0: 0x80002050 (0x00008df1) c.and   a1, a2
core   0: 3 0x80002050 (0x8df1) x11 0x00000000
core   0: 0x80002052 (0xe0da8723) sb      a3, -498(s5)
core   0: 3 0x80002052 (0xe0da8723) mem 0x80010c63 0x0
core   0: 0x80002056 (0xc62a8f83) lb      t6, -926(s5)
core   0: 3 0x80002056 (0xc62a8f83) x31 0x00000000 mem 0x80010ab7
core   0: 0x8000205a (0x01b944b3) xor     s1, s2, s11
core   0: 3 0x8000205a (0x01b944b3) x 9 0x4242e194
core   0: 0x8000205e (0x1cfa8b23) sb      a5, 470(s5)
core   0: 3 0x8000205e (0x1cfa8b23) mem 0x8001102b 0x69
core   0: 0x80002062 (0x077a8923) sb      s7, 114(s5)
core   0: 3 0x80002062 (0x077a8923) mem 0x80010ec7 0x0
core   0: 0x80002066 (0x00006791) c.lui   a5, 0x4
core   0: 3 0x80002066 (0x6791) x15 0x00004000
core   0: 0x80002068 (0x072ac803) lbu     a6, 114(s5)
core   0: 3 0x80002068 (0x072ac803) x16 0x00000000 mem 0x80010ec7
core   0: 0x8000206c (0x1dba8923) sb      s11, 466(s5)
core   0: 3 0x8000206c (0x1dba8923) mem 0x80011027 0x94
core   0: 0x80002070 (0x00008c2d) c.xor   s0, a1
core   0: 3 0x80002070 (0x8c2d) x 8 0x00000000
core   0: 0x80002072 (0x0bdad283) lhu     t0, 189(s5)
core   0: 3 0x80002072 (0x0bdad283) x 5 0x00000000 mem 0x80010f12
core   0: 0x80002076 (0xb0cac883) lbu     a7, -1268(s5)
core   0: 3 0x80002076 (0xb0cac883) x17 0x00000000 mem 0x80010961
core   0: 0x8000207a (0xb3ca8b23) sb      t3, -1226(s5)
core   0: 3 0x8000207a (0xb3ca8b23) mem 0x8001098b 0x0
core   0: 0x8000207e (0xb2da8b23) sb      a3, -1226(s5)
core   0: 3 0x8000207e (0xb2da8b23) mem 0x8001098b 0x0
core   0: 0x80002082 (0x9b5a9583) lh      a1, -1611(s5)
core   0: 3 0x80002082 (0x9b5a9583) x11 0x00000000 mem 0x8001080a
core   0: 0x80002086 (0xd3aa8e83) lb      t4, -710(s5)
core   0: 3 0x80002086 (0xd3aa8e83) x29 0x00000000 mem 0x80010b8f
core   0: 0x8000208a (0x0bba8283) lb      t0, 187(s5)
core   0: 3 0x8000208a (0x0bba8283) x 5 0x00000000 mem 0x80010f10
core   0: 0x8000208e (0x0000e417) auipc   s0, 0xe
core   0: 3 0x8000208e (0x0000e417) x 8 0x8001008e
core   0: 0x80002092 (0x7a140413) addi    s0, s0, 1953
core   0: 3 0x80002092 (0x7a140413) x 8 0x8001082f
core   0: 0x80002096 (0x0000e197) auipc   gp, 0xe
core   0: 3 0x80002096 (0x0000e197) x 3 0x80010096
core   0: 0x8000209a (0x13b18193) addi    gp, gp, 315
core   0: 3 0x8000209a (0x13b18193) x 3 0x800101d1
core   0: 0x8000209e (0x0000f697) auipc   a3, 0xf
core   0: 3 0x8000209e (0x0000f697) x13 0x8001109e
core   0: 0x800020a2 (0xa9b68693) addi    a3, a3, -1381
core   0: 3 0x800020a2 (0xa9b68693) x13 0x80010b39
core   0: 0x800020a6 (0xbf940f23) sb      s9, -1026(s0)
core   0: 3 0x800020a6 (0xbf940f23) mem 0x8001042d 0x0
core   0: 0x800020aa (0xcb940a23) sb      s9, -844(s0)
core   0: 3 0x800020aa (0xcb940a23) mem 0x800104e3 0x0
core   0: 0x800020ae (0xf5c69aa3) sh      t3, -171(a3)
core   0: 3 0x800020ae (0xf5c69aa3) mem 0x80010a8e 0x0000
core   0: 0x800020b2 (0xa2540b83) lb      s7, -1499(s0)
core   0: 3 0x800020b2 (0xa2540b83) x23 0x00000000 mem 0x80010254
core   0: 0x800020b6 (0x32319ca3) sh      gp, 825(gp)
core   0: 3 0x800020b6 (0x32319ca3) mem 0x8001050a 0x01d1
core   0: 0x800020ba (0x48040f83) lb      t6, 1152(s0)
core   0: 3 0x800020ba (0x48040f83) x31 0x00000000 mem 0x80010caf
core   0: 0x800020be (0x44644803) lbu     a6, 1094(s0)
core   0: 3 0x800020be (0x44644803) x16 0x00000000 mem 0x80010c75
core   0: 0x800020c2 (0x27918323) sb      s9, 614(gp)
core   0: 3 0x800020c2 (0x27918323) mem 0x80010437 0x0
core   0: 0x800020c6 (0x55919f83) lh      t6, 1369(gp)
core   0: 3 0x800020c6 (0x55919f83) x31 0x00000000 mem 0x8001072a
core   0: 0x800020ca (0xf921cf03) lbu     t5, -110(gp)
core   0: 3 0x800020ca (0xf921cf03) x30 0x000000da mem 0x80010163
core   0: 0x800020ce (0x4cb413a3) sh      a1, 1223(s0)
core   0: 3 0x800020ce (0x4cb413a3) mem 0x80010cf6 0x0000
core   0: 0x800020d2 (0x0db6d803) lhu     a6, 219(a3)
core   0: 3 0x800020d2 (0x0db6d803) x16 0x00000000 mem 0x80010c14
core   0: 0x800020d6 (0x17b45a83) lhu     s5, 379(s0)
core   0: 3 0x800020d6 (0x17b45a83) x21 0x00000000 mem 0x800109aa
core   0: 0x800020da (0x8fb40483) lb      s1, -1797(s0)
core   0: 3 0x800020da (0x8fb40483) x 9 0x00000000 mem 0x8001012a
core   0: 0x800020de (0x0556c703) lbu     a4, 85(a3)
core   0: 3 0x800020de (0x0556c703) x14 0x00000000 mem 0x80010b8e
core   0: 0x800020e2 (0x06568823) sb      t0, 112(a3)
core   0: 3 0x800020e2 (0x06568823) mem 0x80010ba9 0x0
core   0: 0x800020e6 (0xe0b40c03) lb      s8, -501(s0)
core   0: 3 0x800020e6 (0xe0b40c03) x24 0x00000000 mem 0x8001063a
core   0: 0x800020ea (0x5731df03) lhu     t5, 1395(gp)
core   0: 3 0x800020ea (0x5731df03) x30 0x00000000 mem 0x80010744
core   0: 0x800020ee (0x07c415a3) sh      t3, 107(s0)
core   0: 3 0x800020ee (0x07c415a3) mem 0x8001089a 0x0000
core   0: 0x800020f2 (0xff8696a3) sh      s8, -19(a3)
core   0: 3 0x800020f2 (0xff8696a3) mem 0x80010b26 0x0000
core   0: 0x800020f6 (0x1b61c103) lbu     sp, 438(gp)
core   0: 3 0x800020f6 (0x1b61c103) x 2 0x00000000 mem 0x80010387
core   0: 0x800020fa (0x00015117) auipc   sp, 0x15
core   0: 3 0x800020fa (0x00015117) x 2 0x800170fa
core   0: 0x800020fe (0x01710113) addi    sp, sp, 23
core   0: 3 0x800020fe (0x01710113) x 2 0x80017111
core   0: 0x80002102 (0xf3814683) lbu     a3, -200(sp)
core   0: 3 0x80002102 (0xf3814683) x13 0x00000000 mem 0x80017049
core   0: 0x80002106 (0x00311a03) lh      s4, 3(sp)
core   0: 3 0x80002106 (0x00311a03) x20 0x00000000 mem 0x80017114
core   0: 0x8000210a (0x0e414b83) lbu     s7, 228(sp)
core   0: 3 0x8000210a (0x0e414b83) x23 0x00000000 mem 0x800171f5
core   0: 0x8000210e (0x00008f25) c.xor   a4, s1
core   0: 3 0x8000210e (0x8f25) x14 0x00000000
core   0: 0x80002110 (0x00008c4d) c.or    s0, a1
core   0: 3 0x80002110 (0x8c4d) x 8 0x8001082f
core   0: 0x80002112 (0x401859b3) sra     s3, a6, ra
core   0: 3 0x80002112 (0x401859b3) x19 0x00000000
core   0: 0x80002116 (0x5f626493) ori     s1, tp, 1526
core   0: 3 0x80002116 (0x5f626493) x 9 0x000005f6
core   0: 0x8000211a (0x03271bb3) mulh    s7, a4, s2
core   0: 3 0x8000211a (0x03271bb3) x23 0x00000000
core   0: 0x8000211e (0x00008189) c.srli  a1, 2
core   0: 3 0x8000211e (0x8189) x11 0x00000000
core   0: 0x80002120 (0x05311183) lh      gp, 83(sp)
core   0: 3 0x80002120 (0x05311183) x 3 0x00000000 mem 0x80017164
core   0: 0x80002124 (0x0e110a23) sb      ra, 244(sp)
core   0: 3 0x80002124 (0x0e110a23) mem 0x80017205 0x0
core   0: 0x80002128 (0xf8e11fa3) sh      a4, -97(sp)
core   0: 3 0x80002128 (0xf8e11fa3) mem 0x800170b0 0x0000
core   0: 0x8000212c (0xfd110323) sb      a7, -58(sp)
core   0: 3 0x8000212c (0xfd110323) mem 0x800170d7 0x0
core   0: 0x80002130 (0x00008885) c.andi  s1, 1
core   0: 3 0x80002130 (0x8885) x 9 0x00000000
core   0: 0x80002132 (0x2587b793) sltiu   a5, a5, 600
core   0: 3 0x80002132 (0x2587b793) x15 0x00000000
core   0: 0x80002136 (0xf0914e83) lbu     t4, -247(sp)
core   0: 3 0x80002136 (0xf0914e83) x29 0x00000000 mem 0x8001701a
core   0: 0x8000213a (0x03002e33) mulhsu  t3, zero, a6
core   0: 3 0x8000213a (0x03002e33) x28 0x00000000
core   0: 0x8000213e (0x02f14d03) lbu     s10, 47(sp)
core   0: 3 0x8000213e (0x02f14d03) x26 0x00000000 mem 0x80017140
core   0: 0x80002142 (0xbcc4b093) sltiu   ra, s1, -1076
core   0: 3 0x80002142 (0xbcc4b093) x 1 0x00000001
core   0: 0x80002146 (0x000098fd) c.andi  s1, -1
core   0: 3 0x80002146 (0x98fd) x 9 0x00000000
core   0: 0x80002148 (0x02c10783) lb      a5, 44(sp)
core   0: 3 0x80002148 (0x02c10783) x15 0x00000000 mem 0x8001713d
core   0: 0x8000214c (0x03f14b83) lbu     s7, 63(sp)
core   0: 3 0x8000214c (0x03f14b83) x23 0x00000000 mem 0x80017150
core   0: 0x80002150 (0x01bcb5b3) sltu    a1, s9, s11
core   0: 3 0x80002150 (0x01bcb5b3) x11 0x00000001
core   0: 0x80002154 (0x00008df9) c.and   a1, a4
core   0: 3 0x80002154 (0x8df9) x11 0x00000000
core   0: 0x80002156 (0xfa7116a3) sh      t2, -83(sp)
core   0: 3 0x80002156 (0xfa7116a3) mem 0x800170be 0x0000
core   0: 0x8000215a (0xb0110593) addi    a1, sp, -1279
core   0: 3 0x8000215a (0xb0110593) x11 0x80016c12
core   0: 0x8000215e (0x00008d85) c.sub   a1, s1
core   0: 3 0x8000215e (0x8d85) x11 0x80016c12
core   0: 0x80002160 (0xf9f10923) sb      t6, -110(sp)
core   0: 3 0x80002160 (0xf9f10923) mem 0x800170a3 0x0
core   0: 0x80002164 (0xfff00793) li      a5, -1
core   0: 3 0x80002164 (0xfff00793) x15 0xffffffff
core   0: 0x80002168 (0x00008c2d) c.xor   s0, a1
core   0: 3 0x80002168 (0x8c2d) x 8 0x0000643d
core   0: 0x8000216a (0x012b5893) srli    a7, s6, 18
core   0: 3 0x8000216a (0x012b5893) x17 0x000024f9
core   0: 0x8000216e (0x00305cb3) srl     s9, zero, gp
core   0: 3 0x8000216e (0x00305cb3) x25 0x00000000
core   0: 0x80002172 (0x00001414) c.addi4spn a3, sp, 544
core   0: 3 0x80002172 (0x1414) x13 0x80017331
core   0: 0x80002174 (0xccbecb93) xori    s7, t4, -821
core   0: 3 0x80002174 (0xccbecb93) x23 0xfffffccb
core   0: 0x80002178 (0x01100593) li      a1, 17
core   0: 3 0x80002178 (0x01100593) x11 0x00000011
core   0: 0x8000217c (0x00008e91) c.sub   a3, a2
core   0: 3 0x8000217c (0x8e91) x13 0xffff14cd
core   0: 0x8000217e (0x0026b0b3) sltu    ra, a3, sp
core   0: 3 0x8000217e (0x0026b0b3) x 1 0x00000000
core   0: 0x80002182 (0x00008419) c.srai  s0, 6
core   0: 3 0x80002182 (0x8419) x 8 0x00000190
core   0: 0x80002184 (0x000007a5) c.addi  a5, 9
core   0: 3 0x80002184 (0x07a5) x15 0x00000008
core   0: 0x80002186 (0x032cacb3) mulhsu  s9, s9, s2
core   0: 3 0x80002186 (0x032cacb3) x25 0x00000000
core   0: 0x8000218a (0xc6afce37) lui     t3, 0xc6afc
core   0: 3 0x8000218a (0xc6afce37) x28 0xc6afc000
core   0: 0x8000218e (0x3b53c313) xori    t1, t2, 949
core   0: 3 0x8000218e (0x3b53c313) x 6 0x000003b5
core   0: 0x80002192 (0x03f0bb33) mulhu   s6, ra, t6
core   0: 3 0x80002192 (0x03f0bb33) x22 0x00000000
core   0: 0x80002196 (0x00009cd6) c.add   s9, s5
core   0: 3 0x80002196 (0x9cd6) x25 0x00000000
core   0: 0x80002198 (0x036c6133) rem     sp, s8, s6
core   0: 3 0x80002198 (0x036c6133) x 2 0x00000000
core   0: 0x8000219c (0xfeb7e1e3) bltu    a5, a1, pc - 30
core   0: 3 0x8000219c (0xfeb7e1e3)
core   0: 0x8000217e (0x0026b0b3) sltu    ra, a3, sp
core   0: 3 0x8000217e (0x0026b0b3) x 1 0x00000000
core   0: 0x80002182 (0x00008419) c.srai  s0, 6
core   0: 3 0x80002182 (0x8419) x 8 0x00000006
core   0: 0x80002184 (0x000007a5) c.addi  a5, 9
core   0: 3 0x80002184 (0x07a5) x15 0x00000011
core   0: 0x80002186 (0x032cacb3) mulhsu  s9, s9, s2
core   0: 3 0x80002186 (0x032cacb3) x25 0x00000000
core   0: 0x8000218a (0xc6afce37) lui     t3, 0xc6afc
core   0: 3 0x8000218a (0xc6afce37) x28 0xc6afc000
core   0: 0x8000218e (0x3b53c313) xori    t1, t2, 949
core   0: 3 0x8000218e (0x3b53c313) x 6 0x000003b5
core   0: 0x80002192 (0x03f0bb33) mulhu   s6, ra, t6
core   0: 3 0x80002192 (0x03f0bb33) x22 0x00000000
core   0: 0x80002196 (0x00009cd6) c.add   s9, s5
core   0: 3 0x80002196 (0x9cd6) x25 0x00000000
core   0: 0x80002198 (0x036c6133) rem     sp, s8, s6
core   0: 3 0x80002198 (0x036c6133) x 2 0x00000000
core   0: 0x8000219c (0xfeb7e1e3) bltu    a5, a1, pc - 30
core   0: 3 0x8000219c (0xfeb7e1e3)
core   0: 0x800021a0 (0x00006c15) c.lui   s8, 0x5
core   0: 3 0x800021a0 (0x6c15) x24 0x00005000
core   0: 0x800021a2 (0x0000e897) auipc   a7, 0xe
core   0: 3 0x800021a2 (0x0000e897) x17 0x800101a2
core   0: 0x800021a6 (0x66a88893) addi    a7, a7, 1642
core   0: 3 0x800021a6 (0x66a88893) x17 0x8001080c
core   0: 0x800021aa (0xfe48a823) sw      tp, -16(a7)
core   0: 3 0x800021aa (0xfe48a823) mem 0x800107fc 0x00000000
core   0: 0x800021ae (0xfd988a83) lb      s5, -39(a7)
core   0: 3 0x800021ae (0xfd988a83) x21 0x00000000 mem 0x800107e5
core   0: 0x800021b2 (0xfc08d403) lhu     s0, -64(a7)
core   0: 3 0x800021b2 (0xfc08d403) x 8 0x00000000 mem 0x800107cc
core   0: 0x800021b6 (0x00a88383) lb      t2, 10(a7)
core   0: 3 0x800021b6 (0x00a88383) x 7 0x00000000 mem 0x80010816
core   0: 0x800021ba (0x00388aa3) sb      gp, 21(a7)
core   0: 3 0x800021ba (0x00388aa3) mem 0x80010821 0x0
core   0: 0x800021be (0x02591c33) mulh    s8, s2, t0
core   0: 3 0x800021be (0x02591c33) x24 0x00000000
core   0: 0x800021c2 (0xfc589b23) sh      t0, -42(a7)
core   0: 3 0x800021c2 (0xfc589b23) mem 0x800107e2 0x0000
core   0: 0x800021c6 (0xffa8ac23) sw      s10, -8(a7)
core   0: 3 0x800021c6 (0xffa8ac23) mem 0x80010804 0x00000000
core   0: 0x800021ca (0x0278c203) lbu     tp, 39(a7)
core   0: 3 0x800021ca (0x0278c203) x 4 0x00000000 mem 0x80010833
core   0: 0x800021ce (0x00000e3e) c.slli  t3, 15
core   0: 3 0x800021ce (0x0e3e) x28 0xe0000000
core   0: 0x800021d0 (0x01188903) lb      s2, 17(a7)
core   0: 3 0x800021d0 (0x01188903) x18 0x00000000 mem 0x8001081d
core   0: 0x800021d4 (0xfc689723) sh      t1, -50(a7)
core   0: 3 0x800021d4 (0xfc689723) mem 0x800107da 0x03b5
core   0: 0x800021d8 (0xfd88c403) lbu     s0, -40(a7)
core   0: 3 0x800021d8 (0xfd88c403) x 8 0x00000000 mem 0x800107e4
core   0: 0x800021dc (0x00006149) c.addi16sp sp, 144
core   0: 3 0x800021dc (0x6149) x 2 0x00000090
core   0: 0x800021de (0xf712ca13) xori    s4, t0, -143
core   0: 3 0x800021de (0xf712ca13) x20 0xffffff71
core   0: 0x800021e2 (0x03a2b5b3) mulhu   a1, t0, s10
core   0: 3 0x800021e2 (0x03a2b5b3) x11 0x00000000
core   0: 0x800021e6 (0x038b96b3) mulh    a3, s7, s8
core   0: 3 0x800021e6 (0x038b96b3) x13 0x00000000
core   0: 0x800021ea (0x0198c083) lbu     ra, 25(a7)
core   0: 3 0x800021ea (0x0198c083) x 1 0x00000000 mem 0x80010825
core   0: 0x800021ee (0x0394a5b3) mulhsu  a1, s1, s9
core   0: 3 0x800021ee (0x0394a5b3) x11 0x00000000
core   0: 0x800021f2 (0x00004419) c.li    s0, 6
core   0: 3 0x800021f2 (0x4419) x 8 0x00000006
core   0: 0x800021f4 (0xfeb88523) sb      a1, -22(a7)
core   0: 3 0x800021f4 (0xfeb88523) mem 0x800107f6 0x0
core   0: 0x800021f8 (0x02188d23) sb      ra, 58(a7)
core   0: 3 0x800021f8 (0x02188d23) mem 0x80010846 0x0
core   0: 0x800021fc (0x03089703) lh      a4, 48(a7)
core   0: 3 0x800021fc (0x03089703) x14 0x00000000 mem 0x8001083c
core   0: 0x80002200 (0x0318c483) lbu     s1, 49(a7)
core   0: 3 0x80002200 (0x0318c483) x 9 0x00000000 mem 0x8001083d
core   0: 0x80002204 (0x023883a3) sb      gp, 39(a7)
core   0: 3 0x80002204 (0x023883a3) mem 0x80010833 0x0
core   0: 0x80002208 (0xfd788f23) sb      s7, -34(a7)
core   0: 3 0x80002208 (0xfd788f23) mem 0x800107ea 0xcb
core   0: 0x8000220c (0x2e842193) slti    gp, s0, 744
core   0: 3 0x8000220c (0x2e842193) x 3 0x00000001
core   0: 0x80002210 (0xfce8c083) lbu     ra, -50(a7)
core   0: 3 0x80002210 (0xfce8c083) x 1 0x000000b5 mem 0x800107da
core   0: 0x80002214 (0xff088b83) lb      s7, -16(a7)
core   0: 3 0x80002214 (0xff088b83) x23 0x00000000 mem 0x800107fc
core   0: 0x80002218 (0x01e89923) sh      t5, 18(a7)
core   0: 3 0x80002218 (0x01e89923) mem 0x8001081e 0x0000
core   0: 0x8000221c (0x0007b833) sltu    a6, a5, zero
core   0: 3 0x8000221c (0x0007b833) x16 0x00000000
core   0: 0x80002220 (0x0038c683) lbu     a3, 3(a7)
core   0: 3 0x80002220 (0x0038c683) x13 0x00000000 mem 0x8001080f
core   0: 0x80002224 (0xfe589123) sh      t0, -30(a7)
core   0: 3 0x80002224 (0xfe589123) mem 0x800107ee 0x0000
core   0: 0x80002228 (0xfda89983) lh      s3, -38(a7)
core   0: 3 0x80002228 (0xfda89983) x19 0x00000000 mem 0x800107e6
core   0: 0x8000222c (0xfc288083) lb      ra, -62(a7)
core   0: 3 0x8000222c (0xfc288083) x 1 0x00000000 mem 0x800107ce
core   0: 0x80002230 (0x0268c903) lbu     s2, 38(a7)
core   0: 3 0x80002230 (0x0268c903) x18 0x00000000 mem 0x80010832
core   0: 0x80002234 (0x03f8c583) lbu     a1, 63(a7)
core   0: 3 0x80002234 (0x03f8c583) x11 0x00000000 mem 0x8001084b
core   0: 0x80002238 (0x0001e717) auipc   a4, 0x1e
core   0: 3 0x80002238 (0x0001e717) x14 0x80020238
core   0: 0x8000223c (0x63e70713) addi    a4, a4, 1598
core   0: 3 0x8000223c (0x63e70713) x14 0x80020876
core   0: 0x80002240 (0x00fb4e33) xor     t3, s6, a5
core   0: 3 0x80002240 (0x00fb4e33) x28 0x00000011
core   0: 0x80002244 (0x00000001) c.nop
core   0: 3 0x80002244 (0x0001)
core   0: 0x80002246 (0xff770e03) lb      t3, -9(a4)
core   0: 3 0x80002246 (0xff770e03) x28 0x00000000 mem 0x8002086d
core   0: 0x8000224a (0xfeb70ba3) sb      a1, -9(a4)
core   0: 3 0x8000224a (0xfeb70ba3) mem 0x8002086d 0x0
core   0: 0x8000224e (0xfe570da3) sb      t0, -5(a4)
core   0: 3 0x8000224e (0xfe570da3) mem 0x80020871 0x0
core   0: 0x80002252 (0xff770f23) sb      s7, -2(a4)
core   0: 3 0x80002252 (0xff770f23) mem 0x80020874 0x0
core   0: 0x80002256 (0xb6507593) andi    a1, zero, -1179
core   0: 3 0x80002256 (0xb6507593) x11 0x00000000
core   0: 0x8000225a (0x000702a3) sb      zero, 5(a4)
core   0: 3 0x8000225a (0x000702a3) mem 0x8002087b 0x0
core   0: 0x8000225e (0x00574f03) lbu     t5, 5(a4)
core   0: 3 0x8000225e (0x00574f03) x30 0x00000000 mem 0x8002087b
core   0: 0x80002262 (0x00774403) lbu     s0, 7(a4)
core   0: 3 0x80002262 (0x00774403) x 8 0x00000000 mem 0x8002087d
core   0: 0x80002266 (0xff574c83) lbu     s9, -11(a4)
core   0: 3 0x80002266 (0xff574c83) x25 0x00000000 mem 0x8002086b
core   0: 0x8000226a (0xff570303) lb      t1, -11(a4)
core   0: 3 0x8000226a (0xff570303) x 6 0x00000000 mem 0x8002086b
core   0: 0x8000226e (0x00006129) c.addi16sp sp, 192
core   0: 3 0x8000226e (0x6129) x 2 0x00000150
core   0: 0x80002270 (0x00370b03) lb      s6, 3(a4)
core   0: 3 0x80002270 (0x00370b03) x22 0x00000000 mem 0x80020879
core   0: 0x80002274 (0x019704a3) sb      s9, 9(a4)
core   0: 3 0x80002274 (0x019704a3) mem 0x8002087f 0x0
core   0: 0x80002278 (0x00970b83) lb      s7, 9(a4)
core   0: 3 0x80002278 (0x00970b83) x23 0x00000000 mem 0x8002087f
core   0: 0x8000227c (0xff675683) lhu     a3, -10(a4)
core   0: 3 0x8000227c (0xff675683) x13 0x00000000 mem 0x8002086c
core   0: 0x80002280 (0x00770b03) lb      s6, 7(a4)
core   0: 3 0x80002280 (0x00770b03) x22 0x00000000 mem 0x8002087d
core   0: 0x80002284 (0x00770103) lb      sp, 7(a4)
core   0: 3 0x80002284 (0x00770103) x 2 0x00000000 mem 0x8002087d
core   0: 0x80002288 (0x00374583) lbu     a1, 3(a4)
core   0: 3 0x80002288 (0x00374583) x11 0x00000000 mem 0x80020879
core   0: 0x8000228c (0x00d70203) lb      tp, 13(a4)
core   0: 3 0x8000228c (0x00d70203) x 4 0x00000000 mem 0x80020883
core   0: 0x80002290 (0x00008d89) c.sub   a1, a0
core   0: 3 0x80002290 (0x8d89) x11 0x7ffd631c
core   0: 0x80002292 (0xffd74c83) lbu     s9, -3(a4)
core   0: 3 0x80002292 (0xffd74c83) x25 0x00000000 mem 0x80020873
core   0: 0x80002296 (0xff970183) lb      gp, -7(a4)
core   0: 3 0x80002296 (0xff970183) x 3 0x00000000 mem 0x8002086f
core   0: 0x8000229a (0x0000fb97) auipc   s7, 0xf
core   0: 3 0x8000229a (0x0000fb97) x23 0x8001129a
core   0: 0x8000229e (0x9ceb8b93) addi    s7, s7, -1586
core   0: 3 0x8000229e (0x9ceb8b93) x23 0x80010c68
core   0: 0x800022a2 (0x00019197) auipc   gp, 0x19
core   0: 3 0x800022a2 (0x00019197) x 3 0x8001b2a2
core   0: 0x800022a6 (0x1fb18193) addi    gp, gp, 507
core   0: 3 0x800022a6 (0x1fb18193) x 3 0x8001b49d
core   0: 0x800022aa (0xfc8bd683) lhu     a3, -56(s7)
core   0: 3 0x800022aa (0xfc8bd683) x13 0x00000000 mem 0x80010c30
core   0: 0x800022ae (0xfca18683) lb      a3, -54(gp)
core   0: 3 0x800022ae (0xfca18683) x13 0x00000000 mem 0x8001b467
core   0: 0x800022b2 (0xfd81c003) lbu     zero, -40(gp)
core   0: 3 0x800022b2 (0xfd81c003) mem 0x8001b475
core   0: 0x800022b6 (0x025bc383) lbu     t2, 37(s7)
core   0: 3 0x800022b6 (0x025bc383) x 7 0x00000000 mem 0x80010c8d
core   0: 0x800022ba (0x00c186a3) sb      a2, 13(gp)
core   0: 3 0x800022ba (0x00c186a3) mem 0x8001b4aa 0x64
core   0: 0x800022be (0x015b8903) lb      s2, 21(s7)
core   0: 3 0x800022be (0x015b8903) x18 0x00000000 mem 0x80010c7d
core   0: 0x800022c2 (0x034b8223) sb      s4, 36(s7)
core   0: 3 0x800022c2 (0x034b8223) mem 0x80010c8c 0x71
core   0: 0x800022c6 (0x0101c203) lbu     tp, 16(gp)
core   0: 3 0x800022c6 (0x0101c203) x 4 0x00000000 mem 0x8001b4ad
core   0: 0x800022ca (0xfe7b81a3) sb      t2, -29(s7)
core   0: 3 0x800022ca (0xfe7b81a3) mem 0x80010c4b 0x0
core   0: 0x800022ce (0xfe7b88a3) sb      t2, -15(s7)
core   0: 3 0x800022ce (0xfe7b88a3) mem 0x80010c59 0x0
core   0: 0x800022d2 (0x00518c83) lb      s9, 5(gp)
core   0: 3 0x800022d2 (0x00518c83) x25 0x00000000 mem 0x8001b4a2
core   0: 0x800022d6 (0x02718ea3) sb      t2, 61(gp)
core   0: 3 0x800022d6 (0x02718ea3) mem 0x8001b4da 0x0
core   0: 0x800022da (0xfd91cc83) lbu     s9, -39(gp)
core   0: 3 0x800022da (0xfd91cc83) x25 0x00000000 mem 0x8001b476
core   0: 0x800022de (0xff4bd003) lhu     zero, -12(s7)
core   0: 3 0x800022de (0xff4bd003) mem 0x80010c5c
core   0: 0x800022e2 (0x03db8803) lb      a6, 61(s7)
core   0: 3 0x800022e2 (0x03db8803) x16 0x00000000 mem 0x80010ca5
core   0: 0x800022e6 (0x0381ce03) lbu     t3, 56(gp)
core   0: 3 0x800022e6 (0x0381ce03) x28 0x00000000 mem 0x8001b4d5
core   0: 0x800022ea (0x03fbce03) lbu     t3, 63(s7)
core   0: 3 0x800022ea (0x03fbce03) x28 0x00000000 mem 0x80010ca7
core   0: 0x800022ee (0xfe919483) lh      s1, -23(gp)
core   0: 3 0x800022ee (0xfe919483) x 9 0x00000000 mem 0x8001b486
core   0: 0x800022f2 (0x0000ef17) auipc   t5, 0xe
core   0: 3 0x800022f2 (0x0000ef17) x30 0x800102f2
core   0: 0x800022f6 (0xfeef0f13) addi    t5, t5, -18
core   0: 3 0x800022f6 (0xfeef0f13) x30 0x800102e0
core   0: 0x800022fa (0x6a8f0103) lb      sp, 1704(t5)
core   0: 3 0x800022fa (0x6a8f0103) x 2 0x00000000 mem 0x80010988
core   0: 0x800022fe (0x00dd1cb3) sll     s9, s10, a3
core   0: 3 0x800022fe (0x00dd1cb3) x25 0x00000000
core   0: 0x80002302 (0x2aecec13) ori     s8, s9, 686
core   0: 3 0x80002302 (0x2aecec13) x24 0x000002ae
core   0: 0x80002306 (0x0ff0000f) fence   iorw,iorw
core   0: 3 0x80002306 (0x0ff0000f)
core   0: 0x8000230a (0x0266c133) div     sp, a3, t1
core   0: 3 0x8000230a (0x0266c133) x 2 0xffffffff
core   0: 0x8000230e (0x41ec4693) xori    a3, s8, 1054
core   0: 3 0x8000230e (0x41ec4693) x13 0x000006b0
core   0: 0x80002312 (0x00000001) c.nop
core   0: 3 0x80002312 (0x0001)
core   0: 0x80002314 (0x0000717d) c.addi16sp sp, -16
core   0: 3 0x80002314 (0x717d) x 2 0xffffffef
core   0: 0x80002316 (0x00008e95) c.sub   a3, a3
core   0: 3 0x80002316 (0x8e95) x13 0x00000000
core   0: 0x80002318 (0xdb9f2a23) sw      s9, -588(t5)
core   0: 3 0x80002318 (0xdb9f2a23) mem 0x80010094 0x00000000
core   0: 0x8000231c (0x751f4c83) lbu     s9, 1873(t5)
core   0: 3 0x8000231c (0x751f4c83) x25 0x00000000 mem 0x80010a31
core   0: 0x80002320 (0x02dc9c33) mulh    s8, s9, a3
core   0: 3 0x80002320 (0x02dc9c33) x24 0x00000000
core   0: 0x80002324 (0x00001794) c.addi4spn a3, sp, 992
core   0: 3 0x80002324 (0x1794) x13 0x000003cf
core   0: 0x80002326 (0x000086e9) c.srai  a3, 26
core   0: 3 0x80002326 (0x86e9) x13 0x00000000
core   0: 0x80002328 (0x000086b1) c.srai  a3, 12
core   0: 3 0x80002328 (0x86b1) x13 0x00000000
core   0: 0x8000232a (0x00008e95) c.sub   a3, a3
core   0: 3 0x8000232a (0x8e95) x13 0x00000000
core   0: 0x8000232c (0x5cdf4d03) lbu     s10, 1485(t5)
core   0: 3 0x8000232c (0x5cdf4d03) x26 0x00000000 mem 0x800108ad
core   0: 0x80002330 (0x0ff0000f) fence   iorw,iorw
core   0: 3 0x80002330 (0x0ff0000f)
core   0: 0x80002334 (0xfb0f4c03) lbu     s8, -80(t5)
core   0: 3 0x80002334 (0xfb0f4c03) x24 0x00000000 mem 0x80010290
core   0: 0x80002338 (0x026c2333) mulhsu  t1, s8, t1
core   0: 3 0x80002338 (0x026c2333) x 6 0x00000000
core   0: 0x8000233c (0x180f5103) lhu     sp, 384(t5)
core   0: 3 0x8000233c (0x180f5103) x 2 0x00000000 mem 0x80010460
core   0: 0x80002340 (0x0000911a) c.add   sp, t1
core   0: 3 0x80002340 (0x911a) x 2 0x00000000
core   0: 0x80002342 (0x7cd13113) sltiu   sp, sp, 1997
core   0: 3 0x80002342 (0x7cd13113) x 2 0x00000001
core   0: 0x80002346 (0x00008ed5) c.or    a3, a3
core   0: 3 0x80002346 (0x8ed5) x13 0x00000000
core   0: 0x80002348 (0x00006351) c.lui   t1, 0x14
core   0: 3 0x80002348 (0x6351) x 6 0x00014000
core   0: 0x8000234a (0x7b5f0683) lb      a3, 1973(t5)
core   0: 3 0x8000234a (0x7b5f0683) x13 0x00000000 mem 0x80010a95
core   0: 0x8000234e (0x0000634d) c.lui   t1, 0x13
core   0: 3 0x8000234e (0x634d) x 6 0x00013000
core   0: 0x80002350 (0x02635d33) divu    s10, t1, t1
core   0: 3 0x80002350 (0x02635d33) x26 0x00000001
core   0: 0x80002354 (0x00008e95) c.sub   a3, a3
core   0: 3 0x80002354 (0x8e95) x13 0x00000000
core   0: 0x80002356 (0x6f6f0103) lb      sp, 1782(t5)
core   0: 3 0x80002356 (0x6f6f0103) x 2 0x00000000 mem 0x800109d6
core   0: 0x8000235a (0x03a11d33) mulh    s10, sp, s10
core   0: 3 0x8000235a (0x03a11d33) x26 0x00000000
core   0: 0x8000235e (0x642f5c03) lhu     s8, 1602(t5)
core   0: 3 0x8000235e (0x642f5c03) x24 0x00000000 mem 0x80010922
core   0: 0x80002362 (0x41a68d33) sub     s10, a3, s10
core   0: 3 0x80002362 (0x41a68d33) x26 0x00000000
core   0: 0x80002366 (0x0e2f1823) sh      sp, 240(t5)
core   0: 3 0x80002366 (0x0e2f1823) mem 0x800103d0 0x0000
core   0: 0x8000236a (0x00008e95) c.sub   a3, a3
core   0: 3 0x8000236a (0x8e95) x13 0x00000000
core   0: 0x8000236c (0x00000001) c.nop
core   0: 3 0x8000236c (0x0001)
core   0: 0x8000236e (0x00008ed5) c.or    a3, a3
core   0: 3 0x8000236e (0x8ed5) x13 0x00000000
core   0: 0x80002370 (0x215f0683) lb      a3, 533(t5)
core   0: 3 0x80002370 (0x215f0683) x13 0x00000000 mem 0x800104f5
core   0: 0x80002374 (0x0001de17) auipc   t3, 0x1d
core   0: 3 0x80002374 (0x0001de17) x28 0x8001f374
core   0: 0x80002378 (0x8bae0e13) addi    t3, t3, -1862
core   0: 3 0x80002378 (0x8bae0e13) x28 0x8001ec2e
core   0: 0x8000237c (0xfffe0b03) lb      s6, -1(t3)
core   0: 3 0x8000237c (0xfffe0b03) x22 0x00000000 mem 0x8001ec2d
core   0: 0x80002380 (0x0001ca97) auipc   s5, 0x1c
core   0: 3 0x80002380 (0x0001ca97) x21 0x8001e380
core   0: 0x80002384 (0xc23a8a93) addi    s5, s5, -989
core   0: 3 0x80002384 (0xc23a8a93) x21 0x8001dfa3
core   0: 0x80002388 (0x00016217) auipc   tp, 0x16
core   0: 3 0x80002388 (0x00016217) x 4 0x80018388
core   0: 0x8000238c (0xd4620213) addi    tp, tp, -698
core   0: 3 0x8000238c (0xd4620213) x 4 0x800180ce
core   0: 0x80002390 (0x003e4b83) lbu     s7, 3(t3)
core   0: 3 0x80002390 (0x003e4b83) x23 0x00000000 mem 0x8001ec31
core   0: 0x80002394 (0x094a8623) sb      s4, 140(s5)
core   0: 3 0x80002394 (0x094a8623) mem 0x8001e02f 0x71
core   0: 0x80002398 (0x01924303) lbu     t1, 25(tp)
core   0: 3 0x80002398 (0x01924303) x 6 0x00000000 mem 0x800180e7
core   0: 0x8000239c (0xfeae0ea3) sb      a0, -3(t3)
core   0: 3 0x8000239c (0xfeae0ea3) mem 0x8001ec2b 0xe4
core   0: 0x800023a0 (0xff624a03) lbu     s4, -10(tp)
core   0: 3 0x800023a0 (0xff624a03) x20 0x00000000 mem 0x800180c4
core   0: 0x800023a4 (0xf0cac883) lbu     a7, -244(s5)
core   0: 3 0x800023a4 (0xf0cac883) x17 0x00000000 mem 0x8001deaf
core   0: 0x800023a8 (0x010e4183) lbu     gp, 16(t3)
core   0: 3 0x800023a8 (0x010e4183) x 3 0x00000000 mem 0x8001ec3e
core   0: 0x800023ac (0x046a83a3) sb      t1, 71(s5)
core   0: 3 0x800023ac (0x046a83a3) mem 0x8001dfea 0x0
core   0: 0x800023b0 (0x03622383) lw      t2, 54(tp)
core   0: 3 0x800023b0 (0x03622383) x 7 0x00000000 mem 0x80018104
core   0: 0x800023b4 (0xfef24003) lbu     zero, -17(tp)
core   0: 3 0x800023b4 (0xfef24003) mem 0x800180bd
core   0: 0x800023b8 (0xf6ca95a3) sh      a2, -149(s5)
core   0: 3 0x800023b8 (0xf6ca95a3) mem 0x8001df0e 0x5e64
core   0: 0x800023bc (0xffce08a3) sb      t3, -15(t3)
core   0: 3 0x800023bc (0xffce08a3) mem 0x8001ec1f 0x2e
core   0: 0x800023c0 (0xff524e83) lbu     t4, -11(tp)
core   0: 3 0x800023c0 (0xff524e83) x29 0x00000000 mem 0x800180c3
core   0: 0x800023c4 (0x02820223) sb      s0, 36(tp)
core   0: 3 0x800023c4 (0x02820223) mem 0x800180f2 0x0
core   0: 0x800023c8 (0xf0fac883) lbu     a7, -241(s5)
core   0: 3 0x800023c8 (0xf0fac883) x17 0x00000000 mem 0x8001deb2
core   0: 0x800023cc (0x037a8e83) lb      t4, 55(s5)
core   0: 3 0x800023cc (0x037a8e83) x29 0x00000000 mem 0x8001dfda
core   0: 0x800023d0 (0x00019417) auipc   s0, 0x19
core   0: 3 0x800023d0 (0x00019417) x 8 0x8001b3d0
core   0: 0x800023d4 (0x77940413) addi    s0, s0, 1913
core   0: 3 0x800023d4 (0x77940413) x 8 0x8001bb49
core   0: 0x800023d8 (0x0000e917) auipc   s2, 0xe
core   0: 3 0x800023d8 (0x0000e917) x18 0x800103d8
core   0: 0x800023dc (0x01290913) addi    s2, s2, 18
core   0: 3 0x800023dc (0x01290913) x18 0x800103ea
core   0: 0x800023e0 (0x6a644283) lbu     t0, 1702(s0)
core   0: 3 0x800023e0 (0x6a644283) x 5 0x00000000 mem 0x8001c1ef
core   0: 0x800023e4 (0x2a140283) lb      t0, 673(s0)
core   0: 3 0x800023e4 (0x2a140283) x 5 0x00000000 mem 0x8001bdea
core   0: 0x800023e8 (0x71695703) lhu     a4, 1814(s2)
core   0: 3 0x800023e8 (0x71695703) x14 0x00000000 mem 0x80010b00
core   0: 0x800023ec (0xaff40c03) lb      s8, -1281(s0)
core   0: 3 0x800023ec (0xaff40c03) x24 0x00000000 mem 0x8001b648
core   0: 0x800023f0 (0xd7c91e03) lh      t3, -644(s2)
core   0: 3 0x800023f0 (0xd7c91e03) x28 0x00000000 mem 0x80010166
core   0: 0x800023f4 (0x5d340c23) sb      s3, 1496(s0)
core   0: 3 0x800023f4 (0x5d340c23) mem 0x8001c121 0x0
core   0: 0x800023f8 (0xe1740803) lb      a6, -489(s0)
core   0: 3 0x800023f8 (0xe1740803) x16 0x00000000 mem 0x8001b960
core   0: 0x800023fc (0xb38415a3) sh      s8, -1237(s0)
core   0: 3 0x800023fc (0xb38415a3) mem 0x8001b674 0x0000
core   0: 0x80002400 (0x28891583) lh      a1, 648(s2)
core   0: 3 0x80002400 (0x28891583) x11 0x00000000 mem 0x80010672
core   0: 0x80002404 (0xd2894783) lbu     a5, -728(s2)
core   0: 3 0x80002404 (0xd2894783) x15 0x00000000 mem 0x80010112
core   0: 0x80002408 (0x34040303) lb      t1, 832(s0)
core   0: 3 0x80002408 (0x34040303) x 6 0x00000000 mem 0x8001be89
core   0: 0x8000240c (0x39691923) sh      s6, 914(s2)
core   0: 3 0x8000240c (0x39691923) mem 0x8001077c 0x0000
core   0: 0x80002410 (0xb6e44483) lbu     s1, -1170(s0)
core   0: 3 0x80002410 (0xb6e44483) x 9 0x00000000 mem 0x8001b6b7
core   0: 0x80002414 (0xccd45a03) lhu     s4, -819(s0)
core   0: 3 0x80002414 (0xccd45a03) x20 0x00000000 mem 0x8001b816
core   0: 0x80002418 (0x0a144a03) lbu     s4, 161(s0)
core   0: 3 0x80002418 (0x0a144a03) x20 0x00000000 mem 0x8001bbea
core   0: 0x8000241c (0x3b490a03) lb      s4, 948(s2)
core   0: 3 0x8000241c (0x3b490a03) x20 0x00000000 mem 0x8001079e
core   0: 0x80002420 (0x0000f817) auipc   a6, 0xf
core   0: 3 0x80002420 (0x0000f817) x16 0x80011420
core   0: 0x80002424 (0xaa980813) addi    a6, a6, -1367
core   0: 3 0x80002424 (0xaa980813) x16 0x80010ec9
core   0: 0x80002428 (0x00585783) lhu     a5, 5(a6)
core   0: 3 0x80002428 (0x00585783) x15 0x00000000 mem 0x80010ece
core   0: 0x8000242c (0x0001b217) auipc   tp, 0x1b
core   0: 3 0x8000242c (0x0001b217) x 4 0x8001d42c
core   0: 0x80002430 (0x24f20213) addi    tp, tp, 591
core   0: 3 0x80002430 (0x24f20213) x 4 0x8001d67b
core   0: 0x80002434 (0xff580583) lb      a1, -11(a6)
core   0: 3 0x80002434 (0xff580583) x11 0x00000000 mem 0x80010ebe
core   0: 0x80002438 (0xff684703) lbu     a4, -10(a6)
core   0: 3 0x80002438 (0xff684703) x14 0x00000000 mem 0x80010ebf
core   0: 0x8000243c (0xf8d20323) sb      a3, -122(tp)
core   0: 3 0x8000243c (0xf8d20323) mem 0x8001d601 0x0
core   0: 0x80002440 (0x0bb205a3) sb      s11, 171(tp)
core   0: 3 0x80002440 (0x0bb205a3) mem 0x8001d726 0x94
core   0: 0x80002444 (0xff584b83) lbu     s7, -11(a6)
core   0: 3 0x80002444 (0xff584b83) x23 0x00000000 mem 0x80010ebe
core   0: 0x80002448 (0xfcf222a3) sw      a5, -59(tp)
core   0: 3 0x80002448 (0xfcf222a3) mem 0x8001d640 0x00000000
core   0: 0x8000244c (0x00984003) lbu     zero, 9(a6)
core   0: 3 0x8000244c (0x00984003) mem 0x80010ed2
core   0: 0x80002450 (0x00384683) lbu     a3, 3(a6)
core   0: 3 0x80002450 (0x00384683) x13 0x00000000 mem 0x80010ecc
core   0: 0x80002454 (0xf3d21583) lh      a1, -195(tp)
core   0: 3 0x80002454 (0xf3d21583) x11 0x00000000 mem 0x8001d5b8
core   0: 0x80002458 (0xf4725983) lhu     s3, -185(tp)
core   0: 3 0x80002458 (0xf4725983) x19 0x00000000 mem 0x8001d5c2
core   0: 0x8000245c (0xff184a83) lbu     s5, -15(a6)
core   0: 3 0x8000245c (0xff184a83) x21 0x00000000 mem 0x80010eba
core   0: 0x80002460 (0x00680323) sb      t1, 6(a6)
core   0: 3 0x80002460 (0x00680323) mem 0x80010ecf 0x0
core   0: 0x80002464 (0xffe00693) li      a3, -2
core   0: 3 0x80002464 (0xffe00693) x13 0xfffffffe
core   0: 0x80002468 (0x0141d233) srl     tp, gp, s4
core   0: 3 0x80002468 (0x0141d233) x 4 0x00000000
core   0: 0x8000246c (0x00000001) c.nop
core   0: 3 0x8000246c (0x0001)
core   0: 0x8000246e (0x98b0bc13) sltiu   s8, ra, -1653
core   0: 3 0x8000246e (0x98b0bc13) x24 0x00000001
core   0: 0x80002472 (0x00000685) c.addi  a3, 1
core   0: 3 0x80002472 (0x0685) x13 0xffffffff
core   0: 0x80002474 (0x0000feed) c.bnez  a3, pc - 6
core   0: 3 0x80002474 (0xfeed)
core   0: 0x8000246e (0x98b0bc13) sltiu   s8, ra, -1653
core   0: 3 0x8000246e (0x98b0bc13) x24 0x00000001
core   0: 0x80002472 (0x00000685) c.addi  a3, 1
core   0: 3 0x80002472 (0x0685) x13 0x00000000
core   0: 0x80002474 (0x0000feed) c.bnez  a3, pc - 6
core   0: 3 0x80002474 (0xfeed)
core   0: 0x80002476 (0x2bfbf093) andi    ra, s7, 703
core   0: 3 0x80002476 (0x2bfbf093) x 1 0x00000000
core   0: 0x8000247a (0x0000ec97) auipc   s9, 0xe
core   0: 3 0x8000247a (0x0000ec97) x25 0x8001047a
core   0: 0x8000247e (0xc09c8c93) addi    s9, s9, -1015
core   0: 3 0x8000247e (0xc09c8c93) x25 0x80010083
core   0: 0x80002482 (0x00fcd403) lhu     s0, 15(s9)
core   0: 3 0x80002482 (0x00fcd403) x 8 0x00000000 mem 0x80010092
core   0: 0x80002486 (0x0000ec17) auipc   s8, 0xe
core   0: 3 0x80002486 (0x0000ec17) x24 0x80010486
core   0: 0x8000248a (0x004c0c13) addi    s8, s8, 4
core   0: 3 0x8000248a (0x004c0c13) x24 0x8001048a
core   0: 0x8000248e (0xfeec85a3) sb      a4, -21(s9)
core   0: 3 0x8000248e (0xfeec85a3) mem 0x8001006e 0x0
core   0: 0x80002492 (0x005c86a3) sb      t0, 13(s9)
core   0: 3 0x80002492 (0x005c86a3) mem 0x80010090 0x0
core   0: 0x80002496 (0xcbac1383) lh      t2, -838(s8)
core   0: 3 0x80002496 (0xcbac1383) x 7 0x00000000 mem 0x80010144
core   0: 0x8000249a (0x1aec4383) lbu     t2, 430(s8)
core   0: 3 0x8000249a (0x1aec4383) x 7 0x00000000 mem 0x80010638
core   0: 0x8000249e (0xfe0ccb83) lbu     s7, -32(s9)
core   0: 3 0x8000249e (0xfe0ccb83) x23 0x00000000 mem 0x80010063
core   0: 0x800024a2 (0x5a7c2523) sw      t2, 1450(s8)
core   0: 3 0x800024a2 (0x5a7c2523) mem 0x80010a34 0x00000000
core   0: 0x800024a6 (0x239c0703) lb      a4, 569(s8)
core   0: 3 0x800024a6 (0x239c0703) x14 0x00000000 mem 0x800106c3
core   0: 0x800024aa (0xfd4c93a3) sh      s4, -57(s9)
core   0: 3 0x800024aa (0xfd4c93a3) mem 0x8001004a 0x0000
core   0: 0x800024ae (0x088c0303) lb      t1, 136(s8)
core   0: 3 0x800024ae (0x088c0303) x 6 0x00000000 mem 0x80010512
core   0: 0x800024b2 (0x6ecc1903) lh      s2, 1772(s8)
core   0: 3 0x800024b2 (0x6ecc1903) x18 0x00000000 mem 0x80010b76
core   0: 0x800024b6 (0x03dc8423) sb      t4, 40(s9)
core   0: 3 0x800024b6 (0x03dc8423) mem 0x800100ab 0x0
core   0: 0x800024ba (0xfcacca03) lbu     s4, -54(s9)
core   0: 3 0x800024ba (0xfcacca03) x20 0x00000000 mem 0x8001004d
core   0: 0x800024be (0x00013497) auipc   s1, 0x13
core   0: 3 0x800024be (0x00013497) x 9 0x800154be
core   0: 0x800024c2 (0x44148493) addi    s1, s1, 1089
core   0: 3 0x800024c2 (0x44148493) x 9 0x800158ff
core   0: 0x800024c6 (0x4e349783) lh      a5, 1251(s1)
core   0: 3 0x800024c6 (0x4e349783) x15 0x00000000 mem 0x80015de2
core   0: 0x800024ca (0x84f48e23) sb      a5, -1956(s1)
core   0: 3 0x800024ca (0x84f48e23) mem 0x8001515b 0x0
core   0: 0x800024ce (0x00f7ec33) or      s8, a5, a5
core   0: 3 0x800024ce (0x00f7ec33) x24 0x00000000
core   0: 0x800024d2 (0x0312bc33) mulhu   s8, t0, a7
core   0: 3 0x800024d2 (0x0312bc33) x24 0x00000000
core   0: 0x800024d6 (0x451489a3) sb      a7, 1107(s1)
core   0: 3 0x800024d6 (0x451489a3) mem 0x80015d52 0x0
core   0: 0x800024da (0x0137c7b3) xor     a5, a5, s3
core   0: 3 0x800024da (0x0137c7b3) x15 0x00000000
core   0: 0x800024de (0x68a4cc03) lbu     s8, 1674(s1)
core   0: 3 0x800024de (0x68a4cc03) x24 0x00000000 mem 0x80015f89
core   0: 0x800024e2 (0x3e37bc13) sltiu   s8, a5, 995
core   0: 3 0x800024e2 (0x3e37bc13) x24 0x00000001
core   0: 0x800024e6 (0x025c22b3) mulhsu  t0, s8, t0
core   0: 3 0x800024e6 (0x025c22b3) x 5 0x00000000
core   0: 0x800024ea (0x1ff48e23) sb      t6, 508(s1)
core   0: 3 0x800024ea (0x1ff48e23) mem 0x80015afb 0x0
core   0: 0x800024ee (0xbbd48f83) lb      t6, -1091(s1)
core   0: 3 0x800024ee (0xbbd48f83) x31 0x00000000 mem 0x800154bc
core   0: 0x800024f2 (0xd5e4c783) lbu     a5, -674(s1)
core   0: 3 0x800024f2 (0xd5e4c783) x15 0x00000000 mem 0x8001565d
core   0: 0x800024f6 (0x43848323) sb      s8, 1062(s1)
core   0: 3 0x800024f6 (0x43848323) mem 0x80015d25 0x1
core   0: 0x800024fa (0xe5e4c983) lbu     s3, -418(s1)
core   0: 3 0x800024fa (0xe5e4c983) x19 0x00000000 mem 0x8001575d
core   0: 0x800024fe (0xea248283) lb      t0, -350(s1)
core   0: 3 0x800024fe (0xea248283) x 5 0x00000000 mem 0x800157a1
core   0: 0x80002502 (0x87b48883) lb      a7, -1925(s1)
core   0: 3 0x80002502 (0x87b48883) x17 0x00000000 mem 0x8001517a
core   0: 0x80002506 (0x193c6893) ori     a7, s8, 403
core   0: 3 0x80002506 (0x193c6893) x17 0x00000193
core   0: 0x8000250a (0x49e432b7) lui     t0, 0x49e43
core   0: 3 0x8000250a (0x49e432b7) x 5 0x49e43000
core   0: 0x8000250e (0x03f48023) sb      t6, 32(s1)
core   0: 3 0x8000250e (0x03f48023) mem 0x8001591f 0x0
core   0: 0x80002512 (0xf0c48283) lb      t0, -244(s1)
core   0: 3 0x80002512 (0xf0c48283) x 5 0x00000000 mem 0x8001580b
core   0: 0x80002516 (0xec9fa793) slti    a5, t6, -311
core   0: 3 0x80002516 (0xec9fa793) x15 0x00000000
core   0: 0x8000251a (0x005c0fb3) add     t6, s8, t0
core   0: 3 0x8000251a (0x005c0fb3) x31 0x00000001
core   0: 0x8000251e (0x00000001) c.nop
core   0: 3 0x8000251e (0x0001)
core   0: 0x80002520 (0x01e2d293) srli    t0, t0, 30
core   0: 3 0x80002520 (0x01e2d293) x 5 0x00000000
core   0: 0x80002524 (0xbdd49983) lh      s3, -1059(s1)
core   0: 3 0x80002524 (0xbdd49983) x19 0x00000000 mem 0x800154dc
core   0: 0x80002528 (0x000057fd) c.li    a5, -1
core   0: 3 0x80002528 (0x57fd) x15 0xffffffff
core   0: 0x8000252a (0xe5148c23) sb      a7, -424(s1)
core   0: 3 0x8000252a (0xe5148c23) mem 0x80015757 0x93
core   0: 0x8000252e (0xe5f48623) sb      t6, -436(s1)
core   0: 3 0x8000252e (0xe5f48623) mem 0x8001574b 0x1
core   0: 0x80002532 (0x00000f8a) c.slli  t6, 2
core   0: 3 0x80002532 (0x0f8a) x31 0x00000004
core   0: 0x80002534 (0x00008fbd) c.xor   a5, a5
core   0: 3 0x80002534 (0x8fbd) x15 0x00000000
core   0: 0x80002536 (0x0312ec33) rem     s8, t0, a7
core   0: 3 0x80002536 (0x0312ec33) x24 0x00000000
core   0: 0x8000253a (0x0099dc13) srli    s8, s3, 9
core   0: 3 0x8000253a (0x0099dc13) x24 0x00000000
core   0: 0x8000253e (0x4404c983) lbu     s3, 1088(s1)
core   0: 3 0x8000253e (0x4404c983) x19 0x00000000 mem 0x80015d3f
core   0: 0x80002542 (0xcae48c03) lb      s8, -850(s1)
core   0: 3 0x80002542 (0xcae48c03) x24 0x00000000 mem 0x800155ad
core   0: 0x80002546 (0x198498a3) sh      s8, 401(s1)
core   0: 3 0x80002546 (0x198498a3) mem 0x80015a90 0x0000
core   0: 0x8000254a (0x89f48123) sb      t6, -1918(s1)
core   0: 3 0x8000254a (0x89f48123) mem 0x80015181 0x4
core   0: 0x8000254e (0x82549783) lh      a5, -2011(s1)
core   0: 3 0x8000254e (0x82549783) x15 0x00000000 mem 0x80015124
core   0: 0x80002552 (0x80c48783) lb      a5, -2036(s1)
core   0: 3 0x80002552 (0x80c48783) x15 0x00000000 mem 0x8001510b
core   0: 0x80002556 (0x01f2c2b3) xor     t0, t0, t6
core   0: 3 0x80002556 (0x01f2c2b3) x 5 0x00000004
core   0: 0x8000255a (0xf794dc03) lhu     s8, -135(s1)
core   0: 3 0x8000255a (0xf794dc03) x24 0x00000000 mem 0x80015878
core   0: 0x8000255e (0x038c09b3) mul     s3, s8, s8
core   0: 3 0x8000255e (0x038c09b3) x19 0x00000000
core   0: 0x80002562 (0x000083ad) c.srli  a5, 11
core   0: 3 0x80002562 (0x83ad) x15 0x00000000
core   0: 0x80002564 (0x1514aaa3) sw      a7, 341(s1)
core   0: 3 0x80002564 (0x1514aaa3) mem 0x80015a54 0x00000193
core   0: 0x80002568 (0x0cefff93) andi    t6, t6, 206
core   0: 3 0x80002568 (0x0cefff93) x31 0x00000004
core   0: 0x8000256c (0x3654aea3) sw      t0, 893(s1)
core   0: 3 0x8000256c (0x3654aea3) mem 0x80015c7c 0x00000004
core   0: 0x80002570 (0xbc34cc03) lbu     s8, -1085(s1)
core   0: 3 0x80002570 (0xbc34cc03) x24 0x00000000 mem 0x800154c2
core   0: 0x80002574 (0x79448c03) lb      s8, 1940(s1)
core   0: 3 0x80002574 (0x79448c03) x24 0x00000000 mem 0x80016093
core   0: 0x80002578 (0x0b72e993) ori     s3, t0, 183
core   0: 3 0x80002578 (0x0b72e993) x19 0x000000b7
core   0: 0x8000257c (0x6c14dc03) lhu     s8, 1729(s1)
core   0: 3 0x8000257c (0x6c14dc03) x24 0x00000000 mem 0x80015fc0
core   0: 0x80002580 (0xffa00493) li      s1, -6
core   0: 3 0x80002580 (0xffa00493) x 9 0xfffffffa
core   0: 0x80002584 (0xc89acc13) xori    s8, s5, -887
core   0: 3 0x80002584 (0xc89acc13) x24 0xfffffc89
core   0: 0x80002588 (0x00008f1d) c.sub   a4, a5
core   0: 3 0x80002588 (0x8f1d) x14 0x00000000
core   0: 0x8000258a (0x00000001) c.nop
core   0: 3 0x8000258a (0x0001)
core   0: 0x8000258c (0x00900a93) li      s5, 9
core   0: 3 0x8000258c (0x00900a93) x21 0x00000009
core   0: 0x80002590 (0x00008c9a) c.mv    s9, t1
core   0: 3 0x80002590 (0x8c9a) x25 0x00000000
core   0: 0x80002592 (0x02e53e33) mulhu   t3, a0, a4
core   0: 3 0x80002592 (0x02e53e33) x28 0x00000000
core   0: 0x80002596 (0x033ca133) mulhsu  sp, s9, s3
core   0: 3 0x80002596 (0x033ca133) x 2 0x00000000
core   0: 0x8000259a (0x0000048d) c.addi  s1, 3
core   0: 3 0x8000259a (0x048d) x 9 0xfffffffd
core   0: 0x8000259c (0x01c9dfb3) srl     t6, s3, t3
core   0: 3 0x8000259c (0x01c9dfb3) x31 0x000000b7
core   0: 0x800025a0 (0x00000435) c.addi  s0, 13
core   0: 3 0x800025a0 (0x0435) x 8 0x0000000d
core   0: 0x800025a2 (0x000085f9) c.srai  a1, 30
core   0: 3 0x800025a2 (0x85f9) x11 0x00000000
core   0: 0x800025a4 (0x00400293) li      t0, 4
core   0: 3 0x800025a4 (0x00400293) x 5 0x00000004
core   0: 0x800025a8 (0x00006415) c.lui   s0, 0x5
core   0: 3 0x800025a8 (0x6415) x 8 0x00005000
core   0: 0x800025aa (0x0000100f) fence.i
core   0: 3 0x800025aa (0x0000100f)
core   0: 0x800025ae (0x00e00993) li      s3, 14
core   0: 3 0x800025ae (0x00e00993) x19 0x0000000e
core   0: 0x800025b2 (0xef6a7897) auipc   a7, 0xef6a7
core   0: 3 0x800025b2 (0xef6a7897) x17 0x6f6a95b2
core   0: 0x800025b6 (0xec9ac313) xori    t1, s5, -311
core   0: 3 0x800025b6 (0xec9ac313) x 6 0xfffffec0
core   0: 0x800025ba (0x01a16f33) or      t5, sp, s10
core   0: 3 0x800025ba (0x01a16f33) x30 0x00000000
core   0: 0x800025be (0x00008705) c.srai  a4, 1
core   0: 3 0x800025be (0x8705) x14 0x00000000
core   0: 0x800025c0 (0x02c66cb3) rem     s9, a2, a2
core   0: 3 0x800025c0 (0x02c66cb3) x25 0x00000000
core   0: 0x800025c4 (0x9ef3e793) ori     a5, t2, -1553
core   0: 3 0x800025c4 (0x9ef3e793) x15 0xfffff9ef
core   0: 0x800025c8 (0x006d8a33) add     s4, s11, t1
core   0: 3 0x800025c8 (0x006d8a33) x20 0x4242e054
core   0: 0x800025cc (0xee750c13) addi    s8, a0, -281
core   0: 3 0x800025cc (0xee750c13) x24 0x80029bcb
core   0: 0x800025d0 (0x00000a26) c.slli  s4, 9
core   0: 3 0x800025d0 (0x0a26) x20 0x85c0a800
core   0: 0x800025d2 (0x0000029d) c.addi  t0, 7
core   0: 3 0x800025d2 (0x029d) x 5 0x0000000b
core   0: 0x800025d4 (0x00009b7d) c.andi  a4, -1
core   0: 3 0x800025d4 (0x9b7d) x14 0x00000000
core   0: 0x800025d6 (0xff32e2e3) bltu    t0, s3, pc - 28
core   0: 3 0x800025d6 (0xff32e2e3)
core   0: 0x800025ba (0x01a16f33) or      t5, sp, s10
core   0: 3 0x800025ba (0x01a16f33) x30 0x00000000
core   0: 0x800025be (0x00008705) c.srai  a4, 1
core   0: 3 0x800025be (0x8705) x14 0x00000000
core   0: 0x800025c0 (0x02c66cb3) rem     s9, a2, a2
core   0: 3 0x800025c0 (0x02c66cb3) x25 0x00000000
core   0: 0x800025c4 (0x9ef3e793) ori     a5, t2, -1553
core   0: 3 0x800025c4 (0x9ef3e793) x15 0xfffff9ef
core   0: 0x800025c8 (0x006d8a33) add     s4, s11, t1
core   0: 3 0x800025c8 (0x006d8a33) x20 0x4242e054
core   0: 0x800025cc (0xee750c13) addi    s8, a0, -281
core   0: 3 0x800025cc (0xee750c13) x24 0x80029bcb
core   0: 0x800025d0 (0x00000a26) c.slli  s4, 9
core   0: 3 0x800025d0 (0x0a26) x20 0x85c0a800
core   0: 0x800025d2 (0x0000029d) c.addi  t0, 7
core   0: 3 0x800025d2 (0x029d) x 5 0x00000012
core   0: 0x800025d4 (0x00009b7d) c.andi  a4, -1
core   0: 3 0x800025d4 (0x9b7d) x14 0x00000000
core   0: 0x800025d6 (0xff32e2e3) bltu    t0, s3, pc - 28
core   0: 3 0x800025d6 (0xff32e2e3)
core   0: 0x800025da (0x01faa833) slt     a6, s5, t6
core   0: 3 0x800025da (0x01faa833) x16 0x00000001
core   0: 0x800025de (0x03162433) mulhsu  s0, a2, a7
core   0: 3 0x800025de (0x03162433) x 8 0xc84bbd10
core   0: 0x800025e2 (0xfb54c8e3) blt     s1, s5, pc - 80
core   0: 3 0x800025e2 (0xfb54c8e3)
core   0: 0x80002592 (0x02e53e33) mulhu   t3, a0, a4
core   0: 3 0x80002592 (0x02e53e33) x28 0x00000000
core   0: 0x80002596 (0x033ca133) mulhsu  sp, s9, s3
core   0: 3 0x80002596 (0x033ca133) x 2 0x00000000
core   0: 0x8000259a (0x0000048d) c.addi  s1, 3
core   0: 3 0x8000259a (0x048d) x 9 0x00000000
core   0: 0x8000259c (0x01c9dfb3) srl     t6, s3, t3
core   0: 3 0x8000259c (0x01c9dfb3) x31 0x0000000e
core   0: 0x800025a0 (0x00000435) c.addi  s0, 13
core   0: 3 0x800025a0 (0x0435) x 8 0xc84bbd1d
core   0: 0x800025a2 (0x000085f9) c.srai  a1, 30
core   0: 3 0x800025a2 (0x85f9) x11 0x00000000
core   0: 0x800025a4 (0x00400293) li      t0, 4
core   0: 3 0x800025a4 (0x00400293) x 5 0x00000004
core   0: 0x800025a8 (0x00006415) c.lui   s0, 0x5
core   0: 3 0x800025a8 (0x6415) x 8 0x00005000
core   0: 0x800025aa (0x0000100f) fence.i
core   0: 3 0x800025aa (0x0000100f)
core   0: 0x800025ae (0x00e00993) li      s3, 14
core   0: 3 0x800025ae (0x00e00993) x19 0x0000000e
core   0: 0x800025b2 (0xef6a7897) auipc   a7, 0xef6a7
core   0: 3 0x800025b2 (0xef6a7897) x17 0x6f6a95b2
core   0: 0x800025b6 (0xec9ac313) xori    t1, s5, -311
core   0: 3 0x800025b6 (0xec9ac313) x 6 0xfffffec0
core   0: 0x800025ba (0x01a16f33) or      t5, sp, s10
core   0: 3 0x800025ba (0x01a16f33) x30 0x00000000
core   0: 0x800025be (0x00008705) c.srai  a4, 1
core   0: 3 0x800025be (0x8705) x14 0x00000000
core   0: 0x800025c0 (0x02c66cb3) rem     s9, a2, a2
core   0: 3 0x800025c0 (0x02c66cb3) x25 0x00000000
core   0: 0x800025c4 (0x9ef3e793) ori     a5, t2, -1553
core   0: 3 0x800025c4 (0x9ef3e793) x15 0xfffff9ef
core   0: 0x800025c8 (0x006d8a33) add     s4, s11, t1
core   0: 3 0x800025c8 (0x006d8a33) x20 0x4242e054
core   0: 0x800025cc (0xee750c13) addi    s8, a0, -281
core   0: 3 0x800025cc (0xee750c13) x24 0x80029bcb
core   0: 0x800025d0 (0x00000a26) c.slli  s4, 9
core   0: 3 0x800025d0 (0x0a26) x20 0x85c0a800
core   0: 0x800025d2 (0x0000029d) c.addi  t0, 7
core   0: 3 0x800025d2 (0x029d) x 5 0x0000000b
core   0: 0x800025d4 (0x00009b7d) c.andi  a4, -1
core   0: 3 0x800025d4 (0x9b7d) x14 0x00000000
core   0: 0x800025d6 (0xff32e2e3) bltu    t0, s3, pc - 28
core   0: 3 0x800025d6 (0xff32e2e3)
core   0: 0x800025ba (0x01a16f33) or      t5, sp, s10
core   0: 3 0x800025ba (0x01a16f33) x30 0x00000000
core   0: 0x800025be (0x00008705) c.srai  a4, 1
core   0: 3 0x800025be (0x8705) x14 0x00000000
core   0: 0x800025c0 (0x02c66cb3) rem     s9, a2, a2
core   0: 3 0x800025c0 (0x02c66cb3) x25 0x00000000
core   0: 0x800025c4 (0x9ef3e793) ori     a5, t2, -1553
core   0: 3 0x800025c4 (0x9ef3e793) x15 0xfffff9ef
core   0: 0x800025c8 (0x006d8a33) add     s4, s11, t1
core   0: 3 0x800025c8 (0x006d8a33) x20 0x4242e054
core   0: 0x800025cc (0xee750c13) addi    s8, a0, -281
core   0: 3 0x800025cc (0xee750c13) x24 0x80029bcb
core   0: 0x800025d0 (0x00000a26) c.slli  s4, 9
core   0: 3 0x800025d0 (0x0a26) x20 0x85c0a800
core   0: 0x800025d2 (0x0000029d) c.addi  t0, 7
core   0: 3 0x800025d2 (0x029d) x 5 0x00000012
core   0: 0x800025d4 (0x00009b7d) c.andi  a4, -1
core   0: 3 0x800025d4 (0x9b7d) x14 0x00000000
core   0: 0x800025d6 (0xff32e2e3) bltu    t0, s3, pc - 28
core   0: 3 0x800025d6 (0xff32e2e3)
core   0: 0x800025da (0x01faa833) slt     a6, s5, t6
core   0: 3 0x800025da (0x01faa833) x16 0x00000001
core   0: 0x800025de (0x03162433) mulhsu  s0, a2, a7
core   0: 3 0x800025de (0x03162433) x 8 0xc84bbd10
core   0: 0x800025e2 (0xfb54c8e3) blt     s1, s5, pc - 80
core   0: 3 0x800025e2 (0xfb54c8e3)
core   0: 0x80002592 (0x02e53e33) mulhu   t3, a0, a4
core   0: 3 0x80002592 (0x02e53e33) x28 0x00000000
core   0: 0x80002596 (0x033ca133) mulhsu  sp, s9, s3
core   0: 3 0x80002596 (0x033ca133) x 2 0x00000000
core   0: 0x8000259a (0x0000048d) c.addi  s1, 3
core   0: 3 0x8000259a (0x048d) x 9 0x00000003
core   0: 0x8000259c (0x01c9dfb3) srl     t6, s3, t3
core   0: 3 0x8000259c (0x01c9dfb3) x31 0x0000000e
core   0: 0x800025a0 (0x00000435) c.addi  s0, 13
core   0: 3 0x800025a0 (0x0435) x 8 0xc84bbd1d
core   0: 0x800025a2 (0x000085f9) c.srai  a1, 30
core   0: 3 0x800025a2 (0x85f9) x11 0x00000000
core   0: 0x800025a4 (0x00400293) li      t0, 4
core   0: 3 0x800025a4 (0x00400293) x 5 0x00000004
core   0: 0x800025a8 (0x00006415) c.lui   s0, 0x5
core   0: 3 0x800025a8 (0x6415) x 8 0x00005000
core   0: 0x800025aa (0x0000100f) fence.i
core   0: 3 0x800025aa (0x0000100f)
core   0: 0x800025ae (0x00e00993) li      s3, 14
core   0: 3 0x800025ae (0x00e00993) x19 0x0000000e
core   0: 0x800025b2 (0xef6a7897) auipc   a7, 0xef6a7
core   0: 3 0x800025b2 (0xef6a7897) x17 0x6f6a95b2
core   0: 0x800025b6 (0xec9ac313) xori    t1, s5, -311
core   0: 3 0x800025b6 (0xec9ac313) x 6 0xfffffec0
core   0: 0x800025ba (0x01a16f33) or      t5, sp, s10
core   0: 3 0x800025ba (0x01a16f33) x30 0x00000000
core   0: 0x800025be (0x00008705) c.srai  a4, 1
core   0: 3 0x800025be (0x8705) x14 0x00000000
core   0: 0x800025c0 (0x02c66cb3) rem     s9, a2, a2
core   0: 3 0x800025c0 (0x02c66cb3) x25 0x00000000
core   0: 0x800025c4 (0x9ef3e793) ori     a5, t2, -1553
core   0: 3 0x800025c4 (0x9ef3e793) x15 0xfffff9ef
core   0: 0x800025c8 (0x006d8a33) add     s4, s11, t1
core   0: 3 0x800025c8 (0x006d8a33) x20 0x4242e054
core   0: 0x800025cc (0xee750c13) addi    s8, a0, -281
core   0: 3 0x800025cc (0xee750c13) x24 0x80029bcb
core   0: 0x800025d0 (0x00000a26) c.slli  s4, 9
core   0: 3 0x800025d0 (0x0a26) x20 0x85c0a800
core   0: 0x800025d2 (0x0000029d) c.addi  t0, 7
core   0: 3 0x800025d2 (0x029d) x 5 0x0000000b
core   0: 0x800025d4 (0x00009b7d) c.andi  a4, -1
core   0: 3 0x800025d4 (0x9b7d) x14 0x00000000
core   0: 0x800025d6 (0xff32e2e3) bltu    t0, s3, pc - 28
core   0: 3 0x800025d6 (0xff32e2e3)
core   0: 0x800025ba (0x01a16f33) or      t5, sp, s10
core   0: 3 0x800025ba (0x01a16f33) x30 0x00000000
core   0: 0x800025be (0x00008705) c.srai  a4, 1
core   0: 3 0x800025be (0x8705) x14 0x00000000
core   0: 0x800025c0 (0x02c66cb3) rem     s9, a2, a2
core   0: 3 0x800025c0 (0x02c66cb3) x25 0x00000000
core   0: 0x800025c4 (0x9ef3e793) ori     a5, t2, -1553
core   0: 3 0x800025c4 (0x9ef3e793) x15 0xfffff9ef
core   0: 0x800025c8 (0x006d8a33) add     s4, s11, t1
core   0: 3 0x800025c8 (0x006d8a33) x20 0x4242e054
core   0: 0x800025cc (0xee750c13) addi    s8, a0, -281
core   0: 3 0x800025cc (0xee750c13) x24 0x80029bcb
core   0: 0x800025d0 (0x00000a26) c.slli  s4, 9
core   0: 3 0x800025d0 (0x0a26) x20 0x85c0a800
core   0: 0x800025d2 (0x0000029d) c.addi  t0, 7
core   0: 3 0x800025d2 (0x029d) x 5 0x00000012
core   0: 0x800025d4 (0x00009b7d) c.andi  a4, -1
core   0: 3 0x800025d4 (0x9b7d) x14 0x00000000
core   0: 0x800025d6 (0xff32e2e3) bltu    t0, s3, pc - 28
core   0: 3 0x800025d6 (0xff32e2e3)
core   0: 0x800025da (0x01faa833) slt     a6, s5, t6
core   0: 3 0x800025da (0x01faa833) x16 0x00000001
core   0: 0x800025de (0x03162433) mulhsu  s0, a2, a7
core   0: 3 0x800025de (0x03162433) x 8 0xc84bbd10
core   0: 0x800025e2 (0xfb54c8e3) blt     s1, s5, pc - 80
core   0: 3 0x800025e2 (0xfb54c8e3)
core   0: 0x80002592 (0x02e53e33) mulhu   t3, a0, a4
core   0: 3 0x80002592 (0x02e53e33) x28 0x00000000
core   0: 0x80002596 (0x033ca133) mulhsu  sp, s9, s3
core   0: 3 0x80002596 (0x033ca133) x 2 0x00000000
core   0: 0x8000259a (0x0000048d) c.addi  s1, 3
core   0: 3 0x8000259a (0x048d) x 9 0x00000006
core   0: 0x8000259c (0x01c9dfb3) srl     t6, s3, t3
core   0: 3 0x8000259c (0x01c9dfb3) x31 0x0000000e
core   0: 0x800025a0 (0x00000435) c.addi  s0, 13
core   0: 3 0x800025a0 (0x0435) x 8 0xc84bbd1d
core   0: 0x800025a2 (0x000085f9) c.srai  a1, 30
core   0: 3 0x800025a2 (0x85f9) x11 0x00000000
core   0: 0x800025a4 (0x00400293) li      t0, 4
core   0: 3 0x800025a4 (0x00400293) x 5 0x00000004
core   0: 0x800025a8 (0x00006415) c.lui   s0, 0x5
core   0: 3 0x800025a8 (0x6415) x 8 0x00005000
core   0: 0x800025aa (0x0000100f) fence.i
core   0: 3 0x800025aa (0x0000100f)
core   0: 0x800025ae (0x00e00993) li      s3, 14
core   0: 3 0x800025ae (0x00e00993) x19 0x0000000e
core   0: 0x800025b2 (0xef6a7897) auipc   a7, 0xef6a7
core   0: 3 0x800025b2 (0xef6a7897) x17 0x6f6a95b2
core   0: 0x800025b6 (0xec9ac313) xori    t1, s5, -311
core   0: 3 0x800025b6 (0xec9ac313) x 6 0xfffffec0
core   0: 0x800025ba (0x01a16f33) or      t5, sp, s10
core   0: 3 0x800025ba (0x01a16f33) x30 0x00000000
core   0: 0x800025be (0x00008705) c.srai  a4, 1
core   0: 3 0x800025be (0x8705) x14 0x00000000
core   0: 0x800025c0 (0x02c66cb3) rem     s9, a2, a2
core   0: 3 0x800025c0 (0x02c66cb3) x25 0x00000000
core   0: 0x800025c4 (0x9ef3e793) ori     a5, t2, -1553
core   0: 3 0x800025c4 (0x9ef3e793) x15 0xfffff9ef
core   0: 0x800025c8 (0x006d8a33) add     s4, s11, t1
core   0: 3 0x800025c8 (0x006d8a33) x20 0x4242e054
core   0: 0x800025cc (0xee750c13) addi    s8, a0, -281
core   0: 3 0x800025cc (0xee750c13) x24 0x80029bcb
core   0: 0x800025d0 (0x00000a26) c.slli  s4, 9
core   0: 3 0x800025d0 (0x0a26) x20 0x85c0a800
core   0: 0x800025d2 (0x0000029d) c.addi  t0, 7
core   0: 3 0x800025d2 (0x029d) x 5 0x0000000b
core   0: 0x800025d4 (0x00009b7d) c.andi  a4, -1
core   0: 3 0x800025d4 (0x9b7d) x14 0x00000000
core   0: 0x800025d6 (0xff32e2e3) bltu    t0, s3, pc - 28
core   0: 3 0x800025d6 (0xff32e2e3)
core   0: 0x800025ba (0x01a16f33) or      t5, sp, s10
core   0: 3 0x800025ba (0x01a16f33) x30 0x00000000
core   0: 0x800025be (0x00008705) c.srai  a4, 1
core   0: 3 0x800025be (0x8705) x14 0x00000000
core   0: 0x800025c0 (0x02c66cb3) rem     s9, a2, a2
core   0: 3 0x800025c0 (0x02c66cb3) x25 0x00000000
core   0: 0x800025c4 (0x9ef3e793) ori     a5, t2, -1553
core   0: 3 0x800025c4 (0x9ef3e793) x15 0xfffff9ef
core   0: 0x800025c8 (0x006d8a33) add     s4, s11, t1
core   0: 3 0x800025c8 (0x006d8a33) x20 0x4242e054
core   0: 0x800025cc (0xee750c13) addi    s8, a0, -281
core   0: 3 0x800025cc (0xee750c13) x24 0x80029bcb
core   0: 0x800025d0 (0x00000a26) c.slli  s4, 9
core   0: 3 0x800025d0 (0x0a26) x20 0x85c0a800
core   0: 0x800025d2 (0x0000029d) c.addi  t0, 7
core   0: 3 0x800025d2 (0x029d) x 5 0x00000012
core   0: 0x800025d4 (0x00009b7d) c.andi  a4, -1
core   0: 3 0x800025d4 (0x9b7d) x14 0x00000000
core   0: 0x800025d6 (0xff32e2e3) bltu    t0, s3, pc - 28
core   0: 3 0x800025d6 (0xff32e2e3)
core   0: 0x800025da (0x01faa833) slt     a6, s5, t6
core   0: 3 0x800025da (0x01faa833) x16 0x00000001
core   0: 0x800025de (0x03162433) mulhsu  s0, a2, a7
core   0: 3 0x800025de (0x03162433) x 8 0xc84bbd10
core   0: 0x800025e2 (0xfb54c8e3) blt     s1, s5, pc - 80
core   0: 3 0x800025e2 (0xfb54c8e3)
core   0: 0x80002592 (0x02e53e33) mulhu   t3, a0, a4
core   0: 3 0x80002592 (0x02e53e33) x28 0x00000000
core   0: 0x80002596 (0x033ca133) mulhsu  sp, s9, s3
core   0: 3 0x80002596 (0x033ca133) x 2 0x00000000
core   0: 0x8000259a (0x0000048d) c.addi  s1, 3
core   0: 3 0x8000259a (0x048d) x 9 0x00000009
core   0: 0x8000259c (0x01c9dfb3) srl     t6, s3, t3
core   0: 3 0x8000259c (0x01c9dfb3) x31 0x0000000e
core   0: 0x800025a0 (0x00000435) c.addi  s0, 13
core   0: 3 0x800025a0 (0x0435) x 8 0xc84bbd1d
core   0: 0x800025a2 (0x000085f9) c.srai  a1, 30
core   0: 3 0x800025a2 (0x85f9) x11 0x00000000
core   0: 0x800025a4 (0x00400293) li      t0, 4
core   0: 3 0x800025a4 (0x00400293) x 5 0x00000004
core   0: 0x800025a8 (0x00006415) c.lui   s0, 0x5
core   0: 3 0x800025a8 (0x6415) x 8 0x00005000
core   0: 0x800025aa (0x0000100f) fence.i
core   0: 3 0x800025aa (0x0000100f)
core   0: 0x800025ae (0x00e00993) li      s3, 14
core   0: 3 0x800025ae (0x00e00993) x19 0x0000000e
core   0: 0x800025b2 (0xef6a7897) auipc   a7, 0xef6a7
core   0: 3 0x800025b2 (0xef6a7897) x17 0x6f6a95b2
core   0: 0x800025b6 (0xec9ac313) xori    t1, s5, -311
core   0: 3 0x800025b6 (0xec9ac313) x 6 0xfffffec0
core   0: 0x800025ba (0x01a16f33) or      t5, sp, s10
core   0: 3 0x800025ba (0x01a16f33) x30 0x00000000
core   0: 0x800025be (0x00008705) c.srai  a4, 1
core   0: 3 0x800025be (0x8705) x14 0x00000000
core   0: 0x800025c0 (0x02c66cb3) rem     s9, a2, a2
core   0: 3 0x800025c0 (0x02c66cb3) x25 0x00000000
core   0: 0x800025c4 (0x9ef3e793) ori     a5, t2, -1553
core   0: 3 0x800025c4 (0x9ef3e793) x15 0xfffff9ef
core   0: 0x800025c8 (0x006d8a33) add     s4, s11, t1
core   0: 3 0x800025c8 (0x006d8a33) x20 0x4242e054
core   0: 0x800025cc (0xee750c13) addi    s8, a0, -281
core   0: 3 0x800025cc (0xee750c13) x24 0x80029bcb
core   0: 0x800025d0 (0x00000a26) c.slli  s4, 9
core   0: 3 0x800025d0 (0x0a26) x20 0x85c0a800
core   0: 0x800025d2 (0x0000029d) c.addi  t0, 7
core   0: 3 0x800025d2 (0x029d) x 5 0x0000000b
core   0: 0x800025d4 (0x00009b7d) c.andi  a4, -1
core   0: 3 0x800025d4 (0x9b7d) x14 0x00000000
core   0: 0x800025d6 (0xff32e2e3) bltu    t0, s3, pc - 28
core   0: 3 0x800025d6 (0xff32e2e3)
core   0: 0x800025ba (0x01a16f33) or      t5, sp, s10
core   0: 3 0x800025ba (0x01a16f33) x30 0x00000000
core   0: 0x800025be (0x00008705) c.srai  a4, 1
core   0: 3 0x800025be (0x8705) x14 0x00000000
core   0: 0x800025c0 (0x02c66cb3) rem     s9, a2, a2
core   0: 3 0x800025c0 (0x02c66cb3) x25 0x00000000
core   0: 0x800025c4 (0x9ef3e793) ori     a5, t2, -1553
core   0: 3 0x800025c4 (0x9ef3e793) x15 0xfffff9ef
core   0: 0x800025c8 (0x006d8a33) add     s4, s11, t1
core   0: 3 0x800025c8 (0x006d8a33) x20 0x4242e054
core   0: 0x800025cc (0xee750c13) addi    s8, a0, -281
core   0: 3 0x800025cc (0xee750c13) x24 0x80029bcb
core   0: 0x800025d0 (0x00000a26) c.slli  s4, 9
core   0: 3 0x800025d0 (0x0a26) x20 0x85c0a800
core   0: 0x800025d2 (0x0000029d) c.addi  t0, 7
core   0: 3 0x800025d2 (0x029d) x 5 0x00000012
core   0: 0x800025d4 (0x00009b7d) c.andi  a4, -1
core   0: 3 0x800025d4 (0x9b7d) x14 0x00000000
core   0: 0x800025d6 (0xff32e2e3) bltu    t0, s3, pc - 28
core   0: 3 0x800025d6 (0xff32e2e3)
core   0: 0x800025da (0x01faa833) slt     a6, s5, t6
core   0: 3 0x800025da (0x01faa833) x16 0x00000001
core   0: 0x800025de (0x03162433) mulhsu  s0, a2, a7
core   0: 3 0x800025de (0x03162433) x 8 0xc84bbd10
core   0: 0x800025e2 (0xfb54c8e3) blt     s1, s5, pc - 80
core   0: 3 0x800025e2 (0xfb54c8e3)
core   0: 0x800025e6 (0x39150a13) addi    s4, a0, 913
core   0: 3 0x800025e6 (0x39150a13) x20 0x8002a075
core   0: 0x800025ea (0x0000e217) auipc   tp, 0xe
core   0: 3 0x800025ea (0x0000e217) x 4 0x800105ea
core   0: 0x800025ee (0xc8720213) addi    tp, tp, -889
core   0: 3 0x800025ee (0xc8720213) x 4 0x80010271
core   0: 0x800025f2 (0x0000e397) auipc   t2, 0xe
core   0: 3 0x800025f2 (0x0000e397) x 7 0x800105f2
core   0: 0x800025f6 (0x66138393) addi    t2, t2, 1633
core   0: 3 0x800025f6 (0x66138393) x 7 0x80010c53
core   0: 0x800025fa (0xfdb38b23) sb      s11, -42(t2)
core   0: 3 0x800025fa (0xfdb38b23) mem 0x80010c29 0x94
core   0: 0x800025fe (0x0000e317) auipc   t1, 0xe
core   0: 3 0x800025fe (0x0000e317) x 6 0x800105fe
core   0: 0x80002602 (0x56530313) addi    t1, t1, 1381
core   0: 3 0x80002602 (0x56530313) x 6 0x80010b63
core   0: 0x80002606 (0x38220723) sb      sp, 910(tp)
core   0: 3 0x80002606 (0x38220723) mem 0x800105ff 0x0
core   0: 0x8000260a (0x01a38183) lb      gp, 26(t2)
core   0: 3 0x8000260a (0x01a38183) x 3 0x00000000 mem 0x80010c6d
core   0: 0x8000260e (0x0ca38123) sb      a0, 194(t2)
core   0: 3 0x8000260e (0x0ca38123) mem 0x80010d15 0xe4
core   0: 0x80002612 (0x3cb20b03) lb      s6, 971(tp)
core   0: 3 0x80002612 (0x3cb20b03) x22 0x00000000 mem 0x8001063c
core   0: 0x80002616 (0x00935a83) lhu     s5, 9(t1)
core   0: 3 0x80002616 (0x00935a83) x21 0x00000000 mem 0x80010b6c
core   0: 0x8000261a (0x3b420d23) sb      s4, 954(tp)
core   0: 3 0x8000261a (0x3b420d23) mem 0x8001062b 0x75
core   0: 0x8000261e (0x0000e717) auipc   a4, 0xe
core   0: 3 0x8000261e (0x0000e717) x14 0x8001061e
core   0: 0x80002622 (0x0e070713) addi    a4, a4, 224
core   0: 3 0x80002622 (0x0e070713) x14 0x800106fe
core   0: 0x80002626 (0x70125a03) lhu     s4, 1793(tp)
core   0: 3 0x80002626 (0x70125a03) x20 0x00000000 mem 0x80010972
core   0: 0x8000262a (0x0503cb83) lbu     s7, 80(t2)
core   0: 3 0x8000262a (0x0503cb83) x23 0x00000000 mem 0x80010ca3
core   0: 0x8000262e (0x14620f83) lb      t6, 326(tp)
core   0: 3 0x8000262e (0x14620f83) x31 0x00000000 mem 0x800103b7
core   0: 0x80002632 (0x09339c83) lh      s9, 147(t2)
core   0: 3 0x80002632 (0x09339c83) x25 0x00000000 mem 0x80010ce6
core   0: 0x80002636 (0xf6774903) lbu     s2, -153(a4)
core   0: 3 0x80002636 (0xf6774903) x18 0x00000000 mem 0x80010665
core   0: 0x8000263a (0xc7c71403) lh      s0, -900(a4)
core   0: 3 0x8000263a (0xc7c71403) x 8 0x00000000 mem 0x8001037a
core   0: 0x8000263e (0x0db38f23) sb      s11, 222(t2)
core   0: 3 0x8000263e (0x0db38f23) mem 0x80010d31 0x94
core   0: 0x80002642 (0x00a324a3) sw      a0, 9(t1)
core   0: 3 0x80002642 (0x00a324a3) mem 0x80010b6c 0x80029ce4
core   0: 0x80002646 (0x26c701a3) sb      a2, 611(a4)
core   0: 3 0x80002646 (0x26c701a3) mem 0x80010961 0x64
core   0: 0x8000264a (0x14b74e83) lbu     t4, 331(a4)
core   0: 3 0x8000264a (0x14b74e83) x29 0x00000010 mem 0x80010849
core   0: 0x8000264e (0x01630223) sb      s6, 4(t1)
core   0: 3 0x8000264e (0x01630223) mem 0x80010b67 0x0
core   0: 0x80002652 (0x5e071f03) lh      t5, 1504(a4)
core   0: 3 0x80002652 (0x5e071f03) x30 0x00000000 mem 0x80010cde
core   0: 0x80002656 (0xf073de03) lhu     t3, -249(t2)
core   0: 3 0x80002656 (0xf073de03) x28 0x00000000 mem 0x80010b5a
core   0: 0x8000265a (0x52620783) lb      a5, 1318(tp)
core   0: 3 0x8000265a (0x52620783) x15 0x00000000 mem 0x80010797
core   0: 0x8000265e (0x00932483) lw      s1, 9(t1)
core   0: 3 0x8000265e (0x00932483) x 9 0x80029ce4 mem 0x80010b6c
core   0: 0x80002662 (0x00834683) lbu     a3, 8(t1)
core   0: 3 0x80002662 (0x00834683) x13 0x00000000 mem 0x80010b6b
core   0: 0x80002666 (0x10624903) lbu     s2, 262(tp)
core   0: 3 0x80002666 (0x10624903) x18 0x00000000 mem 0x80010377
core   0: 0x8000266a (0x00834483) lbu     s1, 8(t1)
core   0: 3 0x8000266a (0x00834483) x 9 0x00000000 mem 0x80010b6b
core   0: 0x8000266e (0xb8774683) lbu     a3, -1145(a4)
core   0: 3 0x8000266e (0xb8774683) x13 0x00000000 mem 0x80010285
core   0: 0x80002672 (0xffe30583) lb      a1, -2(t1)
core   0: 3 0x80002672 (0xffe30583) x11 0x00000000 mem 0x80010b61
core   0: 0x80002676 (0x26921803) lh      a6, 617(tp)
core   0: 3 0x80002676 (0x26921803) x16 0x00000000 mem 0x800104da
core   0: 0x8000267a (0x52d74903) lbu     s2, 1325(a4)
core   0: 3 0x8000267a (0x52d74903) x18 0x00000000 mem 0x80010c2b
core   0: 0x8000267e (0xf1038803) lb      a6, -240(t2)
core   0: 3 0x8000267e (0xf1038803) x16 0x00000000 mem 0x80010b63
core   0: 0x80002682 (0x00a34583) lbu     a1, 10(t1)
core   0: 3 0x80002682 (0x00a34583) x11 0x0000009c mem 0x80010b6d
core   0: 0x80002686 (0xffb35f83) lhu     t6, -5(t1)
core   0: 3 0x80002686 (0xffb35f83) x31 0x00000000 mem 0x80010b5e
core   0: 0x8000268a (0x0000e117) auipc   sp, 0xe
core   0: 3 0x8000268a (0x0000e117) x 2 0x8001068a
core   0: 0x8000268e (0x73210113) addi    sp, sp, 1842
core   0: 3 0x8000268e (0x73210113) x 2 0x80010dbc
core   0: 0x80002692 (0x000099a2) c.add   s3, s0
core   0: 3 0x80002692 (0x99a2) x19 0x0000000e
core   0: 0x80002694 (0xacaba393) slti    t2, s7, -1334
core   0: 3 0x80002694 (0xacaba393) x 7 0x00000000
core   0: 0x80002698 (0x00008f9d) c.sub   a5, a5
core   0: 3 0x80002698 (0x8f9d) x15 0x00000000
core   0: 0x8000269a (0x028459b3) divu    s3, s0, s0
core   0: 3 0x8000269a (0x028459b3) x19 0xffffffff
core   0: 0x8000269e (0x00004452) c.lwsp  s0, 20(sp)
core   0: 3 0x8000269e (0x4452) x 8 0x00000000 mem 0x80010dd0
core   0: 0x800026a0 (0x00004439) c.li    s0, 14
core   0: 3 0x800026a0 (0x4439) x 8 0x0000000e
core   0: 0x800026a2 (0x0137d1b3) srl     gp, a5, s3
core   0: 3 0x800026a2 (0x0137d1b3) x 3 0x00000000
core   0: 0x800026a6 (0x00000001) c.nop
core   0: 3 0x800026a6 (0x0001)
core   0: 0x800026a8 (0xffa10403) lb      s0, -6(sp)
core   0: 3 0x800026a8 (0xffa10403) x 8 0x00000000 mem 0x80010db6
core   0: 0x800026ac (0x02840bb3) mul     s7, s0, s0
core   0: 3 0x800026ac (0x02840bb3) x23 0x00000000
core   0: 0x800026b0 (0x00000001) c.nop
core   0: 3 0x800026b0 (0x0001)
core   0: 0x800026b2 (0x00008039) c.srli  s0, 14
core   0: 3 0x800026b2 (0x8039) x 8 0x00000000
core   0: 0x800026b4 (0x00000001) c.nop
core   0: 3 0x800026b4 (0x0001)
core   0: 0x800026b6 (0x01710123) sb      s7, 2(sp)
core   0: 3 0x800026b6 (0x01710123) mem 0x80010dbe 0x0
core   0: 0x800026ba (0x00008fc1) c.or    a5, s0
core   0: 3 0x800026ba (0x8fc1) x15 0x00000000
core   0: 0x800026bc (0x03510783) lb      a5, 53(sp)
core   0: 3 0x800026bc (0x03510783) x15 0x00000000 mem 0x80010df1
core   0: 0x800026c0 (0x0000d80e) c.swsp  gp, 48(sp)
core   0: 3 0x800026c0 (0xd80e) mem 0x80010dec 0x00000000
core   0: 0x800026c2 (0x0000100f) fence.i
core   0: 3 0x800026c2 (0x0000100f)
core   0: 0x800026c6 (0x0ff0000f) fence   iorw,iorw
core   0: 3 0x800026c6 (0x0ff0000f)
core   0: 0x800026ca (0x00000001) c.nop
core   0: 3 0x800026ca (0x0001)
core   0: 0x800026cc (0x00211983) lh      s3, 2(sp)
core   0: 3 0x800026cc (0x00211983) x19 0x00000000 mem 0x80010dbe
core   0: 0x800026d0 (0x253bc193) xori    gp, s7, 595
core   0: 3 0x800026d0 (0x253bc193) x 3 0x00000253
core   0: 0x800026d4 (0x00005442) c.lwsp  s0, 48(sp)
core   0: 3 0x800026d4 (0x5442) x 8 0x00000000 mem 0x80010dec
core   0: 0x800026d6 (0x00f41433) sll     s0, s0, a5
core   0: 3 0x800026d6 (0x00f41433) x 8 0x00000000
core   0: 0x800026da (0x01941b93) slli    s7, s0, 25
core   0: 3 0x800026da (0x01941b93) x23 0x00000000
core   0: 0x800026de (0x008bd3b3) srl     t2, s7, s0
core   0: 3 0x800026de (0x008bd3b3) x 7 0x00000000
core   0: 0x800026e2 (0x0339d433) divu    s0, s3, s3
core   0: 3 0x800026e2 (0x0339d433) x 8 0xffffffff
core   0: 0x800026e6 (0x0000100f) fence.i
core   0: 3 0x800026e6 (0x0000100f)
core   0: 0x800026ea (0x00008c7d) c.and   s0, a5
core   0: 3 0x800026ea (0x8c7d) x 8 0x00000000
core   0: 0x800026ec (0xfef10403) lb      s0, -17(sp)
core   0: 3 0x800026ec (0xfef10403) x 8 0x00000000 mem 0x80010dab
core   0: 0x800026f0 (0xfc8102a3) sb      s0, -59(sp)
core   0: 3 0x800026f0 (0xfc8102a3) mem 0x80010d81 0x0
core   0: 0x800026f4 (0x00000412) c.slli  s0, 4
core   0: 3 0x800026f4 (0x0412) x 8 0x00000000
core   0: 0x800026f6 (0x00008f81) c.sub   a5, s0
core   0: 3 0x800026f6 (0x8f81) x15 0x00000000
core   0: 0x800026f8 (0x02f10ba3) sb      a5, 55(sp)
core   0: 3 0x800026f8 (0x02f10ba3) mem 0x80010df3 0x0
core   0: 0x800026fc (0xfc3109a3) sb      gp, -45(sp)
core   0: 3 0x800026fc (0xfc3109a3) mem 0x80010d8f 0x53
core   0: 0x80002700 (0xbfbbf793) andi    a5, s7, -1029
core   0: 3 0x80002700 (0xbfbbf793) x15 0x00000000
core   0: 0x80002704 (0x0ac44413) xori    s0, s0, 172
core   0: 3 0x80002704 (0x0ac44413) x 8 0x000000ac
core   0: 0x80002708 (0x0000de0e) c.swsp  gp, 60(sp)
core   0: 3 0x80002708 (0xde0e) mem 0x80010df8 0x00000253
core   0: 0x8000270a (0x0000945e) c.add   s0, s7
core   0: 3 0x8000270a (0x945e) x 8 0x000000ac
core   0: 0x8000270c (0xfe710f23) sb      t2, -2(sp)
core   0: 3 0x8000270c (0xfe710f23) mem 0x80010dba 0x0
core   0: 0x80002710 (0x00011597) auipc   a1, 0x11
core   0: 3 0x80002710 (0x00011597) x11 0x80013710
core   0: 0x80002714 (0x04958593) addi    a1, a1, 73
core   0: 3 0x80002714 (0x04958593) x11 0x80013759
core   0: 0x80002718 (0x00017a97) auipc   s5, 0x17
core   0: 3 0x80002718 (0x00017a97) x21 0x80019718
core   0: 0x8000271c (0xd1fa8a93) addi    s5, s5, -737
core   0: 3 0x8000271c (0xd1fa8a93) x21 0x80019437
core   0: 0x80002720 (0x0001c197) auipc   gp, 0x1c
core   0: 3 0x80002720 (0x0001c197) x 3 0x8001e720
core   0: 0x80002724 (0x13f18193) addi    gp, gp, 319
core   0: 3 0x80002724 (0x13f18193) x 3 0x8001e85f
core   0: 0x80002728 (0x2be58223) sb      t5, 676(a1)
core   0: 3 0x80002728 (0x2be58223) mem 0x800139fd 0x0
core   0: 0x8000272c (0x0001c117) auipc   sp, 0x1c
core   0: 3 0x8000272c (0x0001c117) x 2 0x8001e72c
core   0: 0x80002730 (0x08310113) addi    sp, sp, 131
core   0: 3 0x80002730 (0x08310113) x 2 0x8001e7af
core   0: 0x80002734 (0xa63586a3) sb      gp, -1427(a1)
core   0: 3 0x80002734 (0xa63586a3) mem 0x800131c6 0x5f
core   0: 0x80002738 (0xff11db83) lhu     s7, -15(gp)
core   0: 3 0x80002738 (0xff11db83) x23 0x00000000 mem 0x8001e850
core   0: 0x8000273c (0x00013f97) auipc   t6, 0x13
core   0: 3 0x8000273c (0x00013f97) x31 0x8001573c
core   0: 0x80002740 (0x469f8f93) addi    t6, t6, 1129
core   0: 3 0x80002740 (0x469f8f93) x31 0x80015ba5
core   0: 0x80002744 (0x00a1c783) lbu     a5, 10(gp)
core   0: 3 0x80002744 (0x00a1c783) x15 0x00000000 mem 0x8001e869
core   0: 0x80002748 (0x1f6f8083) lb      ra, 502(t6)
core   0: 3 0x80002748 (0x1f6f8083) x 1 0x00000000 mem 0x80015d9b
core   0: 0x8000274c (0x9f3a9c83) lh      s9, -1549(s5)
core   0: 3 0x8000274c (0x9f3a9c83) x25 0x00000000 mem 0x80018e2a
core   0: 0x80002750 (0xe3af8003) lb      zero, -454(t6)
core   0: 3 0x80002750 (0xe3af8003) mem 0x800159df
core   0: 0x80002754 (0xfe711c83) lh      s9, -25(sp)
core   0: 3 0x80002754 (0xfe711c83) x25 0x00000000 mem 0x8001e796
core   0: 0x80002758 (0x03814083) lbu     ra, 56(sp)
core   0: 3 0x80002758 (0x03814083) x 1 0x00000000 mem 0x8001e7e7
core   0: 0x8000275c (0x1b5a86a3) sb      s5, 429(s5)
core   0: 3 0x8000275c (0x1b5a86a3) mem 0x800195e4 0x37
core   0: 0x80002760 (0xc3459da3) sh      s4, -965(a1)
core   0: 3 0x80002760 (0xc3459da3) mem 0x80013394 0x0000
core   0: 0x80002764 (0x057f97a3) sh      s7, 79(t6)
core   0: 3 0x80002764 (0x057f97a3) mem 0x80015bf4 0x0000
core   0: 0x80002768 (0x0071d903) lhu     s2, 7(gp)
core   0: 3 0x80002768 (0x0071d903) x18 0x00000000 mem 0x8001e866
core   0: 0x8000276c (0x7c45c003) lbu     zero, 1988(a1)
core   0: 3 0x8000276c (0x7c45c003) mem 0x80013f1d
core   0: 0x80002770 (0xff818b83) lb      s7, -8(gp)
core   0: 3 0x80002770 (0xff818b83) x23 0x00000000 mem 0x8001e857
core   0: 0x80002774 (0x06e58623) sb      a4, 108(a1)
core   0: 3 0x80002774 (0x06e58623) mem 0x800137c5 0xfe
core   0: 0x80002778 (0xa9fa85a3) sb      t6, -1397(s5)
core   0: 3 0x80002778 (0xa9fa85a3) mem 0x80018ec2 0xa5
core   0: 0x8000277c (0xfd510d23) sb      s5, -38(sp)
core   0: 3 0x8000277c (0xfd510d23) mem 0x8001e789 0x37
core   0: 0x80002780 (0x94da8e83) lb      t4, -1715(s5)
core   0: 3 0x80002780 (0x94da8e83) x29 0x00000000 mem 0x80018d84
core   0: 0x80002784 (0xdc0f8383) lb      t2, -576(t6)
core   0: 3 0x80002784 (0xdc0f8383) x 7 0x00000000 mem 0x80015965
core   0: 0x80002788 (0xfc512203) lw      tp, -59(sp)
core   0: 3 0x80002788 (0xfc512203) x 4 0x00000000 mem 0x8001e774
core   0: 0x8000278c (0xa6858003) lb      zero, -1432(a1)
core   0: 3 0x8000278c (0xa6858003) mem 0x800131c1
core   0: 0x80002790 (0xa99f94a3) sh      s9, -1399(t6)
core   0: 3 0x80002790 (0xa99f94a3) mem 0x8001562e 0x0000
core   0: 0x80002794 (0xff519a03) lh      s4, -11(gp)
core   0: 3 0x80002794 (0xff519a03) x20 0x00000000 mem 0x8001e854
core   0: 0x80002798 (0xf7ea8703) lb      a4, -130(s5)
core   0: 3 0x80002798 (0xf7ea8703) x14 0x00000000 mem 0x800193b5
core   0: 0x8000279c (0x8915c783) lbu     a5, -1903(a1)
core   0: 3 0x8000279c (0x8915c783) x15 0x00000000 mem 0x80012fea
core   0: 0x800027a0 (0x01b10923) sb      s11, 18(sp)
core   0: 3 0x800027a0 (0x01b10923) mem 0x8001e7c1 0x94
core   0: 0x800027a4 (0x1c05ce83) lbu     t4, 448(a1)
core   0: 3 0x800027a4 (0x1c05ce83) x29 0x00000000 mem 0x80013919
core   0: 0x800027a8 (0xff81c483) lbu     s1, -8(gp)
core   0: 3 0x800027a8 (0xff81c483) x 9 0x00000000 mem 0x8001e857
core   0: 0x800027ac (0x023fd383) lhu     t2, 35(t6)
core   0: 3 0x800027ac (0x023fd383) x 7 0x00000000 mem 0x80015bc8
core   0: 0x800027b0 (0xf4a58c83) lb      s9, -182(a1)
core   0: 3 0x800027b0 (0xf4a58c83) x25 0x00000000 mem 0x800136a3
core   0: 0x800027b4 (0x00710523) sb      t2, 10(sp)
core   0: 3 0x800027b4 (0x00710523) mem 0x8001e7b9 0x0
core   0: 0x800027b8 (0x02f11283) lh      t0, 47(sp)
core   0: 3 0x800027b8 (0x02f11283) x 5 0x00000000 mem 0x8001e7de
core   0: 0x800027bc (0x6faa8283) lb      t0, 1786(s5)
core   0: 3 0x800027bc (0x6faa8283) x 5 0x00000000 mem 0x80019b31
core   0: 0x800027c0 (0x02e14d03) lbu     s10, 46(sp)
core   0: 3 0x800027c0 (0x02e14d03) x26 0x00000000 mem 0x8001e7dd
core   0: 0x800027c4 (0xfe618e23) sb      t1, -4(gp)
core   0: 3 0x800027c4 (0xfe618e23) mem 0x8001e85b 0x63
core   0: 0x800027c8 (0x7a3a89a3) sb      gp, 1971(s5)
core   0: 3 0x800027c8 (0x7a3a89a3) mem 0x80019bea 0x5f
core   0: 0x800027cc (0x03511aa3) sh      s5, 53(sp)
core   0: 3 0x800027cc (0x03511aa3) mem 0x8001e7e4 0x9437
core   0: 0x800027d0 (0xf42a8f23) sb      sp, -162(s5)
core   0: 3 0x800027d0 (0xf42a8f23) mem 0x80019395 0xaf
core   0: 0x800027d4 (0x0021c203) lbu     tp, 2(gp)
core   0: 3 0x800027d4 (0x0021c203) x 4 0x00000000 mem 0x8001e861
core   0: 0x800027d8 (0x0000e097) auipc   ra, 0xe
core   0: 3 0x800027d8 (0x0000e097) x 1 0x800107d8
core   0: 0x800027dc (0x63a08093) addi    ra, ra, 1594
core   0: 3 0x800027dc (0x63a08093) x 1 0x80010e12
core   0: 0x800027e0 (0x00019b17) auipc   s6, 0x19
core   0: 3 0x800027e0 (0x00019b17) x22 0x8001b7e0
core   0: 0x800027e4 (0x643b0b13) addi    s6, s6, 1603
core   0: 3 0x800027e4 (0x643b0b13) x22 0x8001be23
core   0: 0x800027e8 (0xff2b0283) lb      t0, -14(s6)
core   0: 3 0x800027e8 (0xff2b0283) x 5 0x00000000 mem 0x8001be15
core   0: 0x800027ec (0xffb08c83) lb      s9, -5(ra)
core   0: 3 0x800027ec (0xffb08c83) x25 0x00000000 mem 0x80010e0d
core   0: 0x800027f0 (0x000b0283) lb      t0, 0(s6)
core   0: 3 0x800027f0 (0x000b0283) x 5 0x00000000 mem 0x8001be23
core   0: 0x800027f4 (0xffd08aa3) sb      t4, -11(ra)
core   0: 3 0x800027f4 (0xffd08aa3) mem 0x80010e07 0x0
core   0: 0x800027f8 (0xfefb0ba3) sb      a5, -9(s6)
core   0: 3 0x800027f8 (0xfefb0ba3) mem 0x8001be1a 0x0
core   0: 0x800027fc (0xfff088a3) sb      t6, -15(ra)
core   0: 3 0x800027fc (0xfff088a3) mem 0x80010e03 0xa5
core   0: 0x80002800 (0xff3b1f03) lh      t5, -13(s6)
core   0: 3 0x80002800 (0xff3b1f03) x30 0x00000000 mem 0x8001be16
core   0: 0x80002804 (0x0000de83) lhu     t4, 0(ra)
core   0: 3 0x80002804 (0x0000de83) x29 0x00000000 mem 0x80010e12
core   0: 0x80002808 (0x01208823) sb      s2, 16(ra)
core   0: 3 0x80002808 (0x01208823) mem 0x80010e22 0x0
core   0: 0x8000280c (0xfeeb0823) sb      a4, -16(s6)
core   0: 3 0x8000280c (0xfeeb0823) mem 0x8001be13 0x0
core   0: 0x80002810 (0xff50c003) lbu     zero, -11(ra)
core   0: 3 0x80002810 (0xff50c003) mem 0x80010e07
core   0: 0x80002814 (0xff9b0e03) lb      t3, -7(s6)
core   0: 3 0x80002814 (0xff9b0e03) x28 0x00000000 mem 0x8001be1c
core   0: 0x80002818 (0x01708523) sb      s7, 10(ra)
core   0: 3 0x80002818 (0x01708523) mem 0x80010e1c 0x0
core   0: 0x8000281c (0x010b4883) lbu     a7, 16(s6)
core   0: 3 0x8000281c (0x010b4883) x17 0x00000000 mem 0x8001be33
core   0: 0x80002820 (0x0000eb17) auipc   s6, 0xe
core   0: 3 0x80002820 (0x0000eb17) x22 0x80010820
core   0: 0x80002824 (0xbbfb0b13) addi    s6, s6, -1089
core   0: 3 0x80002824 (0xbbfb0b13) x22 0x800103df
core   0: 0x80002828 (0x0001af97) auipc   t6, 0x1a
core   0: 3 0x80002828 (0x0001af97) x31 0x8001c828
core   0: 0x8000282c (0x9fef8f93) addi    t6, t6, -1538
core   0: 3 0x8000282c (0x9fef8f93) x31 0x8001c226
core   0: 0x80002830 (0x006fd703) lhu     a4, 6(t6)
core   0: 3 0x80002830 (0x006fd703) x14 0x00000000 mem 0x8001c22c
core   0: 0x80002834 (0x0f7f8683) lb      a3, 247(t6)
core   0: 3 0x80002834 (0x0f7f8683) x13 0x00000000 mem 0x8001c31d
core   0: 0x80002838 (0x6a6b0d23) sb      t1, 1722(s6)
core   0: 3 0x80002838 (0x6a6b0d23) mem 0x80010a99 0x63
core   0: 0x8000283c (0x014b0783) lb      a5, 20(s6)
core   0: 3 0x8000283c (0x014b0783) x15 0x00000000 mem 0x800103f3
core   0: 0x80002840 (0xf8dfc183) lbu     gp, -115(t6)
core   0: 3 0x80002840 (0xf8dfc183) x 3 0x00000000 mem 0x8001c1b3
core   0: 0x80002844 (0x06ab0c03) lb      s8, 106(s6)
core   0: 3 0x80002844 (0x06ab0c03) x24 0x00000000 mem 0x80010449
core   0: 0x80002848 (0xf94f87a3) sb      s4, -113(t6)
core   0: 3 0x80002848 (0xf94f87a3) mem 0x8001c1b5 0x0
core   0: 0x8000284c (0xe24b0d03) lb      s10, -476(s6)
core   0: 3 0x8000284c (0xe24b0d03) x26 0x00000000 mem 0x80010203
core   0: 0x80002850 (0x0fcf9703) lh      a4, 252(t6)
core   0: 3 0x80002850 (0x0fcf9703) x14 0x00000000 mem 0x8001c322
core   0: 0x80002854 (0x090fc083) lbu     ra, 144(t6)
core   0: 3 0x80002854 (0x090fc083) x 1 0x00000000 mem 0x8001c2b6
core   0: 0x80002858 (0xf1cb0823) sb      t3, -240(s6)
core   0: 3 0x80002858 (0xf1cb0823) mem 0x800102ef 0x0
core   0: 0x8000285c (0xff6f9e23) sh      s6, -4(t6)
core   0: 3 0x8000285c (0xff6f9e23) mem 0x8001c222 0x03df
core   0: 0x80002860 (0xf6df8803) lb      a6, -147(t6)
core   0: 3 0x80002860 (0xf6df8803) x16 0x00000000 mem 0x8001c193
core   0: 0x80002864 (0xfa5f8383) lb      t2, -91(t6)
core   0: 3 0x80002864 (0xfa5f8383) x 7 0x00000000 mem 0x8001c1cb
core   0: 0x80002868 (0x0001b497) auipc   s1, 0x1b
core   0: 3 0x80002868 (0x0001b497) x 9 0x8001d868
core   0: 0x8000286c (0xd6648493) addi    s1, s1, -666
core   0: 3 0x8000286c (0xd6648493) x 9 0x8001d5ce
core   0: 0x80002870 (0x00148a83) lb      s5, 1(s1)
core   0: 3 0x80002870 (0x00148a83) x21 0x00000000 mem 0x8001d5cf
core   0: 0x80002874 (0xfe248a23) sb      sp, -12(s1)
core   0: 3 0x80002874 (0xfe248a23) mem 0x8001d5c2 0xaf
core   0: 0x80002878 (0x03534ab3) div     s5, t1, s5
core   0: 3 0x80002878 (0x03534ab3) x21 0xffffffff
core   0: 0x8000287c (0x00648783) lb      a5, 6(s1)
core   0: 3 0x8000287c (0x00648783) x15 0x00000000 mem 0x8001d5d4
core   0: 0x80002880 (0xff848783) lb      a5, -8(s1)
core   0: 3 0x80002880 (0xff848783) x15 0x00000000 mem 0x8001d5c6
core   0: 0x80002884 (0x00648423) sb      t1, 8(s1)
core   0: 3 0x80002884 (0x00648423) mem 0x8001d5d6 0x63
core   0: 0x80002888 (0x01e484a3) sb      t5, 9(s1)
core   0: 3 0x80002888 (0x01e484a3) mem 0x8001d5d7 0x0
core   0: 0x8000288c (0x006ae333) or      t1, s5, t1
core   0: 3 0x8000288c (0x006ae333) x 6 0xffffffff
core   0: 0x80002890 (0x0e0a4f37) lui     t5, 0xe0a4
core   0: 3 0x80002890 (0x0e0a4f37) x30 0x0e0a4000
core   0: 0x80002894 (0x00f49623) sh      a5, 12(s1)
core   0: 3 0x80002894 (0x00f49623) mem 0x8001d5da 0x0000
core   0: 0x80002898 (0x0000517d) c.li    sp, -1
core   0: 3 0x80002898 (0x517d) x 2 0xffffffff
core   0: 0x8000289a (0x00e48103) lb      sp, 14(s1)
core   0: 3 0x8000289a (0x00e48103) x 2 0x00000000 mem 0x8001d5dc
core   0: 0x8000289e (0x00f48423) sb      a5, 8(s1)
core   0: 3 0x8000289e (0x00f48423) mem 0x8001d5d6 0x0
core   0: 0x800028a2 (0x00008fdd) c.or    a5, a5
core   0: 3 0x800028a2 (0x8fdd) x15 0x00000000
core   0: 0x800028a4 (0x415a8ab3) sub     s5, s5, s5
core   0: 3 0x800028a4 (0x415a8ab3) x21 0x00000000
core   0: 0x800028a8 (0x011fd113) srli    sp, t6, 17
core   0: 3 0x800028a8 (0x011fd113) x 2 0x00004000
core   0: 0x800028ac (0x00008f9d) c.sub   a5, a5
core   0: 3 0x800028ac (0x8f9d) x15 0x00000000
core   0: 0x800028ae (0xff548783) lb      a5, -11(s1)
core   0: 3 0x800028ae (0xff548783) x15 0x00000000 mem 0x8001d5c3
core   0: 0x800028b2 (0xff448f03) lb      t5, -12(s1)
core   0: 3 0x800028b2 (0xff448f03) x30 0xffffffaf mem 0x8001d5c2
core   0: 0x800028b6 (0xffd4c103) lbu     sp, -3(s1)
core   0: 3 0x800028b6 (0xffd4c103) x 2 0x00000000 mem 0x8001d5cb
core   0: 0x800028ba (0x00ff37b3) sltu    a5, t5, a5
core   0: 3 0x800028ba (0x00ff37b3) x15 0x00000000
core   0: 0x800028be (0x0024a103) lw      sp, 2(s1)
core   0: 3 0x800028be (0x0024a103) x 2 0x00000000 mem 0x8001d5d0
core   0: 0x800028c2 (0x01548223) sb      s5, 4(s1)
core   0: 3 0x800028c2 (0x01548223) mem 0x8001d5d2 0x0
core   0: 0x800028c6 (0x02614333) div     t1, sp, t1
core   0: 3 0x800028c6 (0x02614333) x 6 0x00000000
core   0: 0x800028ca (0x0094cf03) lbu     t5, 9(s1)
core   0: 3 0x800028ca (0x0094cf03) x30 0x00000000 mem 0x8001d5d7
core   0: 0x800028ce (0x016f5f93) srli    t6, t5, 22
core   0: 3 0x800028ce (0x016f5f93) x31 0x00000000
core   0: 0x800028d2 (0x0034cf03) lbu     t5, 3(s1)
core   0: 3 0x800028d2 (0x0034cf03) x30 0x00000000 mem 0x8001d5d1
core   0: 0x800028d6 (0xff548ba3) sb      s5, -9(s1)
core   0: 3 0x800028d6 (0xff548ba3) mem 0x8001d5c5 0x0
core   0: 0x800028da (0x014f1a93) slli    s5, t5, 20
core   0: 3 0x800028da (0x014f1a93) x21 0x00000000
core   0: 0x800028de (0xfe648823) sb      t1, -16(s1)
core   0: 3 0x800028de (0xfe648823) mem 0x8001d5be 0x0
core   0: 0x800028e2 (0x00000152) c.slli  sp, 20
core   0: 3 0x800028e2 (0x0152) x 2 0x00000000
core   0: 0x800028e4 (0xff14c103) lbu     sp, -15(s1)
core   0: 3 0x800028e4 (0xff14c103) x 2 0x00000000 mem 0x8001d5bf
core   0: 0x800028e8 (0x00008f9d) c.sub   a5, a5
core   0: 3 0x800028e8 (0x8f9d) x15 0x00000000
core   0: 0x800028ea (0xffc49a83) lh      s5, -4(s1)
core   0: 3 0x800028ea (0xffc49a83) x21 0x00000000 mem 0x8001d5ca
core   0: 0x800028ee (0x01517333) and     t1, sp, s5
core   0: 3 0x800028ee (0x01517333) x 6 0x00000000
core   0: 0x800028f2 (0x0000100f) fence.i
core   0: 3 0x800028f2 (0x0000100f)
core   0: 0x800028f6 (0xfef48ca3) sb      a5, -7(s1)
core   0: 3 0x800028f6 (0xfef48ca3) mem 0x8001d5c7 0x0
core   0: 0x800028fa (0xff44c783) lbu     a5, -12(s1)
core   0: 3 0x800028fa (0xff44c783) x15 0x000000af mem 0x8001d5c2
core   0: 0x800028fe (0xffb4cf03) lbu     t5, -5(s1)
core   0: 3 0x800028fe (0xffb4cf03) x30 0x00000000 mem 0x8001d5c9
core   0: 0x80002902 (0xe0a59fb7) lui     t6, 0xe0a59
core   0: 3 0x80002902 (0xe0a59fb7) x31 0xe0a59000
core   0: 0x80002906 (0xe4cf2f13) slti    t5, t5, -436
core   0: 3 0x80002906 (0xe4cf2f13) x30 0x00000000
core   0: 0x8000290a (0xfe649c23) sh      t1, -8(s1)
core   0: 3 0x8000290a (0xfe649c23) mem 0x8001d5c6 0x0000
core   0: 0x8000290e (0x03510133) mul     sp, sp, s5
core   0: 3 0x8000290e (0x03510133) x 2 0x00000000
core   0: 0x80002912 (0x62910f13) addi    t5, sp, 1577
core   0: 3 0x80002912 (0x62910f13) x30 0x00000629
core   0: 0x80002916 (0x00648223) sb      t1, 4(s1)
core   0: 3 0x80002916 (0x00648223) mem 0x8001d5d2 0x0
core   0: 0x8000291a (0x00e4c103) lbu     sp, 14(s1)
core   0: 3 0x8000291a (0x00e4c103) x 2 0x00000000 mem 0x8001d5dc
core   0: 0x8000291e (0xfe649923) sh      t1, -14(s1)
core   0: 3 0x8000291e (0xfe649923) mem 0x8001d5c0 0x0000
core   0: 0x80002922 (0x0004c783) lbu     a5, 0(s1)
core   0: 3 0x80002922 (0x0004c783) x15 0x00000000 mem 0x8001d5ce
core   0: 0x80002926 (0x00b4ca83) lbu     s5, 11(s1)
core   0: 3 0x80002926 (0x00b4ca83) x21 0x00000000 mem 0x8001d5d9
core   0: 0x8000292a (0x0000e917) auipc   s2, 0xe
core   0: 3 0x8000292a (0x0000e917) x18 0x8001092a
core   0: 0x8000292e (0x8ac90913) addi    s2, s2, -1876
core   0: 3 0x8000292e (0x8ac90913) x18 0x800101d6
core   0: 0x80002932 (0x0000e997) auipc   s3, 0xe
core   0: 3 0x80002932 (0x0000e997) x19 0x80010932
core   0: 0x80002936 (0x97698993) addi    s3, s3, -1674
core   0: 3 0x80002936 (0x97698993) x19 0x800102a8
core   0: 0x8000293a (0xff490183) lb      gp, -12(s2)
core   0: 3 0x8000293a (0xff490183) x 3 0x00000000 mem 0x800101ca
core   0: 0x8000293e (0x075985a3) sb      s5, 107(s3)
core   0: 3 0x8000293e (0x075985a3) mem 0x80010313 0x0
core   0: 0x80002942 (0xff091403) lh      s0, -16(s2)
core   0: 3 0x80002942 (0xff091403) x 8 0x00000000 mem 0x800101c6
core   0: 0x80002946 (0x012907a3) sb      s2, 15(s2)
core   0: 3 0x80002946 (0x012907a3) mem 0x800101e5 0xd6
core   0: 0x8000294a (0xff090a83) lb      s5, -16(s2)
core   0: 3 0x8000294a (0xff090a83) x21 0x00000000 mem 0x800101c6
core   0: 0x8000294e (0x0479cc03) lbu     s8, 71(s3)
core   0: 3 0x8000294e (0x0479cc03) x24 0x00000000 mem 0x800102ef
core   0: 0x80002952 (0x00794b03) lbu     s6, 7(s2)
core   0: 3 0x80002952 (0x00794b03) x22 0x00000000 mem 0x800101dd
core   0: 0x80002956 (0x014900a3) sb      s4, 1(s2)
core   0: 3 0x80002956 (0x014900a3) mem 0x800101d7 0x0
core   0: 0x8000295a (0xfc09cb03) lbu     s6, -64(s3)
core   0: 3 0x8000295a (0xfc09cb03) x22 0x00000000 mem 0x80010268
core   0: 0x8000295e (0xfe0988a3) sb      zero, -15(s3)
core   0: 3 0x8000295e (0xfe0988a3) mem 0x80010299 0x0
core   0: 0x80002962 (0x02b9ca03) lbu     s4, 43(s3)
core   0: 3 0x80002962 (0x02b9ca03) x20 0x00000000 mem 0x800102d3
core   0: 0x80002966 (0xf699ce83) lbu     t4, -151(s3)
core   0: 3 0x80002966 (0xf699ce83) x29 0x00000000 mem 0x80010211
core   0: 0x8000296a (0xf2399323) sh      gp, -218(s3)
core   0: 3 0x8000296a (0xf2399323) mem 0x800101ce 0x0000
core   0: 0x8000296e (0x0000e797) auipc   a5, 0xe
core   0: 3 0x8000296e (0x0000e797) x15 0x8001096e
core   0: 0x80002972 (0xd2578793) addi    a5, a5, -731
core   0: 3 0x80002972 (0xd2578793) x15 0x80010693
core   0: 0x80002976 (0x02d78423) sb      a3, 40(a5)
core   0: 3 0x80002976 (0x02d78423) mem 0x800106bb 0x0
core   0: 0x8000297a (0x0ff0000f) fence   iorw,iorw
core   0: 3 0x8000297a (0x0ff0000f)
core   0: 0x8000297e (0x01ce9bb3) sll     s7, t4, t3
core   0: 3 0x8000297e (0x01ce9bb3) x23 0x00000000
core   0: 0x80002982 (0x00008d8d) c.sub   a1, a1
core   0: 3 0x80002982 (0x8d8d) x11 0x00000000
core   0: 0x80002984 (0xfcb7a2a3) sw      a1, -59(a5)
core   0: 3 0x80002984 (0xfcb7a2a3) mem 0x80010658 0x00000000
core   0: 0x80002988 (0xfc579f83) lh      t6, -59(a5)
core   0: 3 0x80002988 (0xfc579f83) x31 0x00000000 mem 0x80010658
core   0: 0x8000298c (0x03b7d883) lhu     a7, 59(a5)
core   0: 3 0x8000298c (0x03b7d883) x17 0x00000000 mem 0x800106ce
core   0: 0x80002990 (0xfca78583) lb      a1, -54(a5)
core   0: 3 0x80002990 (0xfca78583) x11 0x00000000 mem 0x8001065d
core   0: 0x80002994 (0xfca7ce83) lbu     t4, -54(a5)
core   0: 3 0x80002994 (0xfca7ce83) x29 0x00000000 mem 0x8001065d
core   0: 0x80002998 (0x0000486d) c.li    a6, 27
core   0: 3 0x80002998 (0x486d) x16 0x0000001b
core   0: 0x8000299a (0xfc478f23) sb      tp, -34(a5)
core   0: 3 0x8000299a (0xfc478f23) mem 0x80010671 0x0
core   0: 0x8000299e (0xfde7cb03) lbu     s6, -34(a5)
core   0: 3 0x8000299e (0xfde7cb03) x22 0x00000000 mem 0x80010671
core   0: 0x800029a2 (0x0277cf03) lbu     t5, 39(a5)
core   0: 3 0x800029a2 (0x0277cf03) x30 0x00000000 mem 0x800106ba
core   0: 0x800029a6 (0x013d46b3) xor     a3, s10, s3
core   0: 3 0x800029a6 (0x013d46b3) x13 0x800102a8
core   0: 0x800029aa (0xfd7798a3) sh      s7, -47(a5)
core   0: 3 0x800029aa (0xfd7798a3) mem 0x80010664 0x0000
core   0: 0x800029ae (0xfe07cd03) lbu     s10, -32(a5)
core   0: 3 0x800029ae (0xfe07cd03) x26 0x00000000 mem 0x80010673
core   0: 0x800029b2 (0xfdb78f03) lb      t5, -37(a5)
core   0: 3 0x800029b2 (0xfdb78f03) x30 0x00000000 mem 0x8001066e
core   0: 0x800029b6 (0x00010a17) auipc   s4, 0x10
core   0: 3 0x800029b6 (0x00010a17) x20 0x800129b6
core   0: 0x800029ba (0xa02a0a13) addi    s4, s4, -1534
core   0: 3 0x800029ba (0xa02a0a13) x20 0x800123b8
core   0: 0x800029be (0xf1fa0883) lb      a7, -225(s4)
core   0: 3 0x800029be (0xf1fa0883) x17 0x00000000 mem 0x800122d7
core   0: 0x800029c2 (0x0bca4903) lbu     s2, 188(s4)
core   0: 3 0x800029c2 (0x0bca4903) x18 0x00000000 mem 0x80012474
core   0: 0x800029c6 (0x0000ee17) auipc   t3, 0xe
core   0: 3 0x800029c6 (0x0000ee17) x28 0x800109c6
core   0: 0x800029ca (0xd31e0e13) addi    t3, t3, -719
core   0: 3 0x800029ca (0xd31e0e13) x28 0x800106f7
core   0: 0x800029ce (0x0dea0403) lb      s0, 222(s4)
core   0: 3 0x800029ce (0x0dea0403) x 8 0x00000000 mem 0x80012496
core   0: 0x800029d2 (0xfc2e0683) lb      a3, -62(t3)
core   0: 3 0x800029d2 (0xfc2e0683) x13 0x00000000 mem 0x800106b9
core   0: 0x800029d6 (0xf95e5903) lhu     s2, -107(t3)
core   0: 3 0x800029d6 (0xf95e5903) x18 0x00000000 mem 0x8001068c
core   0: 0x800029da (0x0b9a2223) sw      s9, 164(s4)
core   0: 3 0x800029da (0x0b9a2223) mem 0x8001245c 0x00000000
core   0: 0x800029de (0x054a0423) sb      s4, 72(s4)
core   0: 3 0x800029de (0x054a0423) mem 0x80012400 0xb8
core   0: 0x800029e2 (0xf38e0e23) sb      s8, -196(t3)
core   0: 3 0x800029e2 (0xf38e0e23) mem 0x80010633 0x0
core   0: 0x800029e6 (0xfd6a1983) lh      s3, -42(s4)
core   0: 3 0x800029e6 (0xfd6a1983) x19 0x00000000 mem 0x8001238e
core   0: 0x800029ea (0xf75a4203) lbu     tp, -139(s4)
core   0: 3 0x800029ea (0xf75a4203) x 4 0x00000000 mem 0x8001232d
core   0: 0x800029ee (0x029e0223) sb      s1, 36(t3)
core   0: 3 0x800029ee (0x029e0223) mem 0x8001071b 0xce
core   0: 0x800029f2 (0x055a00a3) sb      s5, 65(s4)
core   0: 3 0x800029f2 (0x055a00a3) mem 0x800123f9 0x0
core   0: 0x800029f6 (0x0e0a4303) lbu     t1, 224(s4)
core   0: 3 0x800029f6 (0x0e0a4303) x 6 0x00000000 mem 0x80012498
core   0: 0x800029fa (0xf80e4b03) lbu     s6, -128(t3)
core   0: 3 0x800029fa (0xf80e4b03) x22 0x00000000 mem 0x80010677
core   0: 0x800029fe (0xf15a4f03) lbu     t5, -235(s4)
core   0: 3 0x800029fe (0xf15a4f03) x30 0x00000000 mem 0x800122cd
core   0: 0x80002a02 (0xf76e1ca3) sh      s6, -135(t3)
core   0: 3 0x80002a02 (0xf76e1ca3) mem 0x80010670 0x0000
core   0: 0x80002a06 (0x0040036f) jal     t1, pc + 0x4
core   0: 3 0x80002a06 (0x0040036f) x 6 0x80002a0a
core   0: 0x80002a0a (0x00002005) c.jal   pc + 32
core   0: 3 0x80002a0a (0x2005) x 1 0x80002a0c
core   0: 0x80002a2a (0xfebff26f) jal     tp, pc - 0x16
core   0: 3 0x80002a2a (0xfebff26f) x 4 0x80002a2e
core   0: 0x80002a14 (0x0000bfe5) c.j     pc - 8
core   0: 3 0x80002a14 (0xbfe5)
core   0: 0x80002a0c (0x0000a009) c.j     pc + 2
core   0: 3 0x80002a0c (0xa009)
core   0: 0x80002a0e (0x0000200d) c.jal   pc + 34
core   0: 3 0x80002a0e (0x200d) x 1 0x80002a10
core   0: 0x80002a30 (0xff7ff0ef) jal     pc - 0xa
core   0: 3 0x80002a30 (0xff7ff0ef) x 1 0x80002a34
core   0: 0x80002a26 (0x00002039) c.jal   pc + 14
core   0: 3 0x80002a26 (0x2039) x 1 0x80002a28
core   0: 0x80002a34 (0x004000ef) jal     pc + 0x4
core   0: 3 0x80002a34 (0x004000ef) x 1 0x80002a38
core   0: 0x80002a38 (0xff1ff0ef) jal     pc - 0x10
core   0: 3 0x80002a38 (0xff1ff0ef) x 1 0x80002a3c
core   0: 0x80002a28 (0x00003fd5) c.jal   pc - 12
core   0: 3 0x80002a28 (0x3fd5) x 1 0x80002a2a
core   0: 0x80002a1c (0xff5ff0ef) jal     pc - 0xc
core   0: 3 0x80002a1c (0xff5ff0ef) x 1 0x80002a20
core   0: 0x80002a10 (0x012009ef) jal     s3, pc + 0x12
core   0: 3 0x80002a10 (0x012009ef) x19 0x80002a14
core   0: 0x80002a22 (0x00002031) c.jal   pc + 12
core   0: 3 0x80002a22 (0x2031) x 1 0x80002a24
core   0: 0x80002a2e (0x00002829) c.jal   pc + 26
core   0: 3 0x80002a2e (0x2829) x 1 0x80002a30
core   0: 0x80002a48 (0x0000bffd) c.j     pc - 2
core   0: 3 0x80002a48 (0xbffd)
core   0: 0x80002a46 (0x0000bff9) c.j     pc - 34
core   0: 3 0x80002a46 (0xbff9)
core   0: 0x80002a24 (0x0000bff5) c.j     pc - 4
core   0: 3 0x80002a24 (0xbff5)
core   0: 0x80002a20 (0x00002831) c.jal   pc + 28
core   0: 3 0x80002a20 (0x2831) x 1 0x80002a22
core   0: 0x80002a3c (0x00003fe9) c.jal   pc - 38
core   0: 3 0x80002a3c (0x3fe9) x 1 0x80002a3e
core   0: 0x80002a16 (0x0000a03d) c.j     pc + 46
core   0: 3 0x80002a16 (0xa03d)
core   0: 0x80002a44 (0x00003fd1) c.jal   pc - 44
core   0: 3 0x80002a44 (0x3fd1) x 1 0x80002a46
core   0: 0x80002a18 (0x028000ef) jal     pc + 0x28
core   0: 3 0x80002a18 (0x028000ef) x 1 0x80002a1c
core   0: 0x80002a40 (0xfffff0ef) jal     pc - 0x2
core   0: 3 0x80002a40 (0xfffff0ef) x 1 0x80002a44
core   0: 0x80002a3e (0x0000a031) c.j     pc + 12
core   0: 3 0x80002a3e (0xa031)
core   0: 0x80002a4a (0x035215b3) mulh    a1, tp, s5
core   0: 3 0x80002a4a (0x035215b3) x11 0x00000000
core   0: 0x80002a4e (0x0000fe97) auipc   t4, 0xf
core   0: 3 0x80002a4e (0x0000fe97) x29 0x80011a4e
core   0: 0x80002a52 (0x029e8e93) addi    t4, t4, 41
core   0: 3 0x80002a52 (0x029e8e93) x29 0x80011a77
core   0: 0x80002a56 (0xdf374313) xori    t1, a4, -525
core   0: 3 0x80002a56 (0xdf374313) x 6 0xfffffdf3
core   0: 0x80002a5a (0x3e5e8da3) sb      t0, 1019(t4)
core   0: 3 0x80002a5a (0x3e5e8da3) mem 0x80011e72 0x0
core   0: 0x80002a5e (0x6a4e9ca3) sh      tp, 1721(t4)
core   0: 3 0x80002a5e (0x6a4e9ca3) mem 0x80012130 0x2a2e
core   0: 0x80002a62 (0xd69e8003) lb      zero, -663(t4)
core   0: 3 0x80002a62 (0xd69e8003) mem 0x800117e0
core   0: 0x80002a66 (0x4012dd13) srai    s10, t0, 1
core   0: 3 0x80002a66 (0x4012dd13) x26 0x00000000
core   0: 0x80002a6a (0x219ec803) lbu     a6, 537(t4)
core   0: 3 0x80002a6a (0x219ec803) x16 0x00000000 mem 0x80011c90
core   0: 0x80002a6e (0x945ed983) lhu     s3, -1723(t4)
core   0: 3 0x80002a6e (0x945ed983) x19 0x00000000 mem 0x800113bc
core   0: 0x80002a72 (0xfe7e8b23) sb      t2, -10(t4)
core   0: 3 0x80002a72 (0xfe7e8b23) mem 0x80011a6d 0x0
core   0: 0x80002a76 (0x7dbe8aa3) sb      s11, 2005(t4)
core   0: 3 0x80002a76 (0x7dbe8aa3) mem 0x8001224c 0x94
core   0: 0x80002a7a (0x00004f85) c.li    t6, 1
core   0: 3 0x80002a7a (0x4f85) x31 0x00000001
core   0: 0x80002a7c (0x01831433) sll     s0, t1, s8
core   0: 3 0x80002a7c (0x01831433) x 8 0xfffffdf3
core   0: 0x80002a80 (0xe4dedb83) lhu     s7, -435(t4)
core   0: 3 0x80002a80 (0xe4dedb83) x23 0x00000000 mem 0x800118c4
core   0: 0x80002a84 (0x660e8b03) lb      s6, 1632(t4)
core   0: 3 0x80002a84 (0x660e8b03) x22 0x00000000 mem 0x800120d7
core   0: 0x80002a88 (0x0000828a) c.mv    t0, sp
core   0: 3 0x80002a88 (0x828a) x 5 0x00000000
core   0: 0x80002a8a (0x004cdcb3) srl     s9, s9, tp
core   0: 3 0x80002a8a (0x004cdcb3) x25 0x00000000
core   0: 0x80002a8e (0xd28a4f93) xori    t6, s4, -728
core   0: 3 0x80002a8e (0xd28a4f93) x31 0x7ffede90
core   0: 0x80002a92 (0x9a9e91a3) sh      s1, -1629(t4)
core   0: 3 0x80002a92 (0x9a9e91a3) mem 0x8001141a 0xd5ce
core   0: 0x80002a96 (0x5a8e8883) lb      a7, 1448(t4)
core   0: 3 0x80002a96 (0x5a8e8883) x17 0x00000000 mem 0x8001201f
core   0: 0x80002a9a (0x400eca03) lbu     s4, 1024(t4)
core   0: 3 0x80002a9a (0x400eca03) x20 0x00000000 mem 0x80011e77
core   0: 0x80002a9e (0x0297d6b3) divu    a3, a5, s1
core   0: 3 0x80002a9e (0x0297d6b3) x13 0x00000000
core   0: 0x80002aa2 (0x00000f16) c.slli  t5, 5
core   0: 3 0x80002aa2 (0x0f16) x30 0x00000000
core   0: 0x80002aa4 (0xcc7de193) ori     gp, s11, -825
core   0: 3 0x80002aa4 (0xcc7de193) x 3 0xfffffdd7
core   0: 0x80002aa8 (0x6d3eaea3) sw      s3, 1757(t4)
core   0: 3 0x80002aa8 (0x6d3eaea3) mem 0x80012154 0x00000000
core   0: 0x80002aac (0xad2e8a23) sb      s2, -1324(t4)
core   0: 3 0x80002aac (0xad2e8a23) mem 0x8001154b 0x0
core   0: 0x80002ab0 (0xc6e23113) sltiu   sp, tp, -914
core   0: 3 0x80002ab0 (0xc6e23113) x 2 0x00000001
core   0: 0x80002ab4 (0xd4de8223) sb      a3, -700(t4)
core   0: 3 0x80002ab4 (0xd4de8223) mem 0x800117bb 0x0
core   0: 0x80002ab8 (0x338e8383) lb      t2, 824(t4)
core   0: 3 0x80002ab8 (0x338e8383) x 7 0x00000000 mem 0x80011daf
core   0: 0x80002abc (0x000067c1) c.lui   a5, 0x10
core   0: 3 0x80002abc (0x67c1) x15 0x00010000
core   0: 0x80002abe (0xc44e8703) lb      a4, -956(t4)
core   0: 3 0x80002abe (0xc44e8703) x14 0x00000000 mem 0x800116bb
core   0: 0x80002ac2 (0x022cd3b3) divu    t2, s9, sp
core   0: 3 0x80002ac2 (0x022cd3b3) x 7 0x00000000
core   0: 0x80002ac6 (0x610ecc83) lbu     s9, 1552(t4)
core   0: 3 0x80002ac6 (0x610ecc83) x25 0x00000000 mem 0x80012087
core   0: 0x80002aca (0x00012117) auipc   sp, 0x12
core   0: 3 0x80002aca (0x00012117) x 2 0x80014aca
core   0: 0x80002ace (0xd3310113) addi    sp, sp, -717
core   0: 3 0x80002ace (0xd3310113) x 2 0x800147fd
core   0: 0x80002ad2 (0x00e14383) lbu     t2, 14(sp)
core   0: 3 0x80002ad2 (0x00e14383) x 7 0x00000000 mem 0x8001480b
core   0: 0x80002ad6 (0xfdc14683) lbu     a3, -36(sp)
core   0: 3 0x80002ad6 (0xfdc14683) x13 0x00000000 mem 0x800147d9
core   0: 0x80002ada (0x023b03b3) mul     t2, s6, gp
core   0: 3 0x80002ada (0x023b03b3) x 7 0x00000000
core   0: 0x80002ade (0x0381bc33) mulhu   s8, gp, s8
core   0: 3 0x80002ade (0x0381bc33) x24 0x00000000
core   0: 0x80002ae2 (0x01712183) lw      gp, 23(sp)
core   0: 3 0x80002ae2 (0x01712183) x 3 0x00000000 mem 0x80014814
core   0: 0x80002ae6 (0xfd8107a3) sb      s8, -49(sp)
core   0: 3 0x80002ae6 (0xfd8107a3) mem 0x800147cc 0x0
core   0: 0x80002aea (0x03b15b03) lhu     s6, 59(sp)
core   0: 3 0x80002aea (0x03b15b03) x22 0x00000000 mem 0x80014838
core   0: 0x80002aee (0x02110c03) lb      s8, 33(sp)
core   0: 3 0x80002aee (0x02110c03) x24 0x00000000 mem 0x8001481e
core   0: 0x80002af2 (0x016183b3) add     t2, gp, s6
core   0: 3 0x80002af2 (0x016183b3) x 7 0x00000000
core   0: 0x80002af6 (0x0000019d) c.addi  gp, 7
core   0: 3 0x80002af6 (0x019d) x 3 0x00000007
core   0: 0x80002af8 (0x00006c0d) c.lui   s8, 0x3
core   0: 3 0x80002af8 (0x6c0d) x24 0x00003000
core   0: 0x80002afa (0x03d15383) lhu     t2, 61(sp)
core   0: 3 0x80002afa (0x03d15383) x 7 0x00000000 mem 0x8001483a
core   0: 0x80002afe (0x02b6b1b3) mulhu   gp, a3, a1
core   0: 3 0x80002afe (0x02b6b1b3) x 3 0x00000000
core   0: 0x80002b02 (0xffd11c03) lh      s8, -3(sp)
core   0: 3 0x80002b02 (0xffd11c03) x24 0x00000000 mem 0x800147fa
core   0: 0x80002b06 (0x03a14b03) lbu     s6, 58(sp)
core   0: 3 0x80002b06 (0x03a14b03) x22 0x00000000 mem 0x80014837
core   0: 0x80002b0a (0xfde14583) lbu     a1, -34(sp)
core   0: 3 0x80002b0a (0xfde14583) x11 0x00000000 mem 0x800147db
core   0: 0x80002b0e (0xfd711683) lh      a3, -41(sp)
core   0: 3 0x80002b0e (0xfd711683) x13 0x00000000 mem 0x800147d4
core   0: 0x80002b12 (0x01810123) sb      s8, 2(sp)
core   0: 3 0x80002b12 (0x01810123) mem 0x800147ff 0x0
core   0: 0x80002b16 (0x00009afd) c.andi  a3, -1
core   0: 3 0x80002b16 (0x9afd) x13 0x00000000
core   0: 0x80002b18 (0x00310c23) sb      gp, 24(sp)
core   0: 3 0x80002b18 (0x00310c23) mem 0x80014815 0x0
core   0: 0x80002b1c (0x0076d3b3) srl     t2, a3, t2
core   0: 3 0x80002b1c (0x0076d3b3) x 7 0x00000000
core   0: 0x80002b20 (0x038681b3) mul     gp, a3, s8
core   0: 3 0x80002b20 (0x038681b3) x 3 0x00000000
core   0: 0x80002b24 (0x01c14c03) lbu     s8, 28(sp)
core   0: 3 0x80002b24 (0x01c14c03) x24 0x00000000 mem 0x80014819
core   0: 0x80002b28 (0x03711183) lh      gp, 55(sp)
core   0: 3 0x80002b28 (0x03711183) x 3 0x00000000 mem 0x80014834
core   0: 0x80002b2c (0x00000001) c.nop
core   0: 3 0x80002b2c (0x0001)
core   0: 0x80002b2e (0xfe910c03) lb      s8, -23(sp)
core   0: 3 0x80002b2e (0xfe910c03) x24 0x00000000 mem 0x800147e6
core   0: 0x80002b32 (0xfe310823) sb      gp, -16(sp)
core   0: 3 0x80002b32 (0xfe310823) mem 0x800147ed 0x0
core   0: 0x80002b36 (0x01810d23) sb      s8, 26(sp)
core   0: 3 0x80002b36 (0x01810d23) mem 0x80014817 0x0
core   0: 0x80002b3a (0x00000001) c.nop
core   0: 3 0x80002b3a (0x0001)
core   0: 0x80002b3c (0xff915c03) lhu     s8, -7(sp)
core   0: 3 0x80002b3c (0xff915c03) x24 0x00000000 mem 0x800147f6
core   0: 0x80002b40 (0x03410383) lb      t2, 52(sp)
core   0: 3 0x80002b40 (0x03410383) x 7 0x00000000 mem 0x80014831
core   0: 0x80002b44 (0xfd311b03) lh      s6, -45(sp)
core   0: 3 0x80002b44 (0xfd311b03) x22 0x00000000 mem 0x800147d0
core   0: 0x80002b48 (0xfe310c03) lb      s8, -29(sp)
core   0: 3 0x80002b48 (0xfe310c03) x24 0x00000000 mem 0x800147e0
core   0: 0x80002b4c (0x0000100f) fence.i
core   0: 3 0x80002b4c (0x0000100f)
core   0: 0x80002b50 (0x00008dcd) c.or    a1, a1
core   0: 3 0x80002b50 (0x8dcd) x11 0x00000000
core   0: 0x80002b52 (0xfee14c03) lbu     s8, -18(sp)
core   0: 3 0x80002b52 (0xfee14c03) x24 0x00000000 mem 0x800147eb
core   0: 0x80002b56 (0x03f15b03) lhu     s6, 63(sp)
core   0: 3 0x80002b56 (0x03f15b03) x22 0x00000000 mem 0x8001483c
core   0: 0x80002b5a (0xfce10c03) lb      s8, -50(sp)
core   0: 3 0x80002b5a (0xfce10c03) x24 0x00000000 mem 0x800147cb
core   0: 0x80002b5e (0x023396b3) mulh    a3, t2, gp
core   0: 3 0x80002b5e (0x023396b3) x13 0x00000000
core   0: 0x80002b62 (0x03712683) lw      a3, 55(sp)
core   0: 3 0x80002b62 (0x03712683) x13 0x00000000 mem 0x80014834
core   0: 0x80002b66 (0x03f14383) lbu     t2, 63(sp)
core   0: 3 0x80002b66 (0x03f14383) x 7 0x00000000 mem 0x8001483c
core   0: 0x80002b6a (0x03b14b03) lbu     s6, 59(sp)
core   0: 3 0x80002b6a (0x03b14b03) x22 0x00000000 mem 0x80014838
core   0: 0x80002b6e (0x03e10183) lb      gp, 62(sp)
core   0: 3 0x80002b6e (0x03e10183) x 3 0x00000000 mem 0x8001483b
core   0: 0x80002b72 (0x007127a3) sw      t2, 15(sp)
core   0: 3 0x80002b72 (0x007127a3) mem 0x8001480c 0x00000000
core   0: 0x80002b76 (0x00014097) auipc   ra, 0x14
core   0: 3 0x80002b76 (0x00014097) x 1 0x80016b76
core   0: 0x80002b7a (0x4af08093) addi    ra, ra, 1199
core   0: 3 0x80002b7a (0x4af08093) x 1 0x80017025
core   0: 0x80002b7e (0xff20c203) lbu     tp, -14(ra)
core   0: 3 0x80002b7e (0xff20c203) x 4 0x000000e1 mem 0x80017017
core   0: 0x80002b82 (0x0000f797) auipc   a5, 0xf
core   0: 3 0x80002b82 (0x0000f797) x15 0x80011b82
core   0: 0x80002b86 (0x88978793) addi    a5, a5, -1911
core   0: 3 0x80002b86 (0x88978793) x15 0x8001140b
core   0: 0x80002b8a (0xf557d803) lhu     a6, -171(a5)
core   0: 3 0x80002b8a (0xf557d803) x16 0x00000000 mem 0x80011360
core   0: 0x80002b8e (0x0001b297) auipc   t0, 0x1b
core   0: 3 0x80002b8e (0x0001b297) x 5 0x8001db8e
core   0: 0x80002b92 (0xc0228293) addi    t0, t0, -1022
core   0: 3 0x80002b92 (0xc0228293) x 5 0x8001d790
core   0: 0x80002b96 (0x00808e83) lb      t4, 8(ra)
core   0: 3 0x80002b96 (0x00808e83) x29 0x00000000 mem 0x8001702d
core   0: 0x80002b9a (0x0001b497) auipc   s1, 0x1b
core   0: 3 0x80002b9a (0x0001b497) x 9 0x8001db9a
core   0: 0x80002b9e (0xff848493) addi    s1, s1, -8
core   0: 3 0x80002b9e (0xff848493) x 9 0x8001db92
core   0: 0x80002ba2 (0xfde281a3) sb      t5, -61(t0)
core   0: 3 0x80002ba2 (0xfde281a3) mem 0x8001d753 0x0
core   0: 0x80002ba6 (0xfe808ba3) sb      s0, -9(ra)
core   0: 3 0x80002ba6 (0xfe808ba3) mem 0x8001701c 0xf3
core   0: 0x80002baa (0x0050c683) lbu     a3, 5(ra)
core   0: 3 0x80002baa (0x0050c683) x13 0x00000000 mem 0x8001702a
core   0: 0x80002bae (0xff448ba3) sb      s4, -9(s1)
core   0: 3 0x80002bae (0xff448ba3) mem 0x8001db89 0x0
core   0: 0x80002bb2 (0x43a78983) lb      s3, 1082(a5)
core   0: 3 0x80002bb2 (0x43a78983) x19 0x00000000 mem 0x80011845
core   0: 0x80002bb6 (0x0010c683) lbu     a3, 1(ra)
core   0: 3 0x80002bb6 (0x0010c683) x13 0x00000000 mem 0x80017026
core   0: 0x80002bba (0x01329823) sh      s3, 16(t0)
core   0: 3 0x80002bba (0x01329823) mem 0x8001d7a0 0x0000
core   0: 0x80002bbe (0xfed2c583) lbu     a1, -19(t0)
core   0: 3 0x80002bbe (0xfed2c583) x11 0x00000000 mem 0x8001d77d
core   0: 0x80002bc2 (0xffb48683) lb      a3, -5(s1)
core   0: 3 0x80002bc2 (0xffb48683) x13 0x00000000 mem 0x8001db8d
core   0: 0x80002bc6 (0xcac7c903) lbu     s2, -852(a5)
core   0: 3 0x80002bc6 (0xcac7c903) x18 0x00000000 mem 0x800110b7
core   0: 0x80002bca (0x0100a5a3) sw      a6, 11(ra)
core   0: 3 0x80002bca (0x0100a5a3) mem 0x80017030 0x00000000
core   0: 0x80002bce (0xffa2ca83) lbu     s5, -6(t0)
core   0: 3 0x80002bce (0xffa2ca83) x21 0x00000000 mem 0x8001d78a
core   0: 0x80002bd2 (0x0fa7aea3) sw      s10, 253(a5)
core   0: 3 0x80002bd2 (0x0fa7aea3) mem 0x80011508 0x00000000
core   0: 0x80002bd6 (0xfea09ca3) sh      a0, -7(ra)
core   0: 3 0x80002bd6 (0xfea09ca3) mem 0x8001701e 0x9ce4
core   0: 0x80002bda (0xedd7da03) lhu     s4, -291(a5)
core   0: 3 0x80002bda (0xedd7da03) x20 0x00000000 mem 0x800112e8
core   0: 0x80002bde (0x00d48983) lb      s3, 13(s1)
core   0: 3 0x80002bde (0x00d48983) x19 0x00000000 mem 0x8001db9f
core   0: 0x80002be2 (0x00e4a903) lw      s2, 14(s1)
core   0: 3 0x80002be2 (0x00e4a903) x18 0x00000000 mem 0x8001dba0
core   0: 0x80002be6 (0x01e08823) sb      t5, 16(ra)
core   0: 3 0x80002be6 (0x01e08823) mem 0x80017035 0x0
core   0: 0x80002bea (0x02828703) lb      a4, 40(t0)
core   0: 3 0x80002bea (0x02828703) x14 0x00000000 mem 0x8001d7b8
core   0: 0x80002bee (0xecf78423) sb      a5, -312(a5)
core   0: 3 0x80002bee (0xecf78423) mem 0x800112d3 0xb
core   0: 0x80002bf2 (0x5707c803) lbu     a6, 1392(a5)
core   0: 3 0x80002bf2 (0x5707c803) x16 0x00000000 mem 0x8001197b
core   0: 0x80002bf6 (0x01049a83) lh      s5, 16(s1)
core   0: 3 0x80002bf6 (0x01049a83) x21 0x00000000 mem 0x8001dba2
core   0: 0x80002bfa (0x01628fa3) sb      s6, 31(t0)
core   0: 3 0x80002bfa (0x01628fa3) mem 0x8001d7af 0x0
core   0: 0x80002bfe (0xff30da03) lhu     s4, -13(ra)
core   0: 3 0x80002bfe (0xff30da03) x20 0x00000000 mem 0x80017018
core   0: 0x80002c02 (0x54678903) lb      s2, 1350(a5)
core   0: 3 0x80002c02 (0x54678903) x18 0x00000000 mem 0x80011951
core   0: 0x80002c06 (0x004097a3) sh      tp, 15(ra)
core   0: 3 0x80002c06 (0x004097a3) mem 0x80017034 0x00e1
core   0: 0x80002c0a (0xffd48ba3) sb      t4, -9(s1)
core   0: 3 0x80002c0a (0xffd48ba3) mem 0x8001db89 0x0
core   0: 0x80002c0e (0x0001bb17) auipc   s6, 0x1b
core   0: 3 0x80002c0e (0x0001bb17) x22 0x8001dc0e
core   0: 0x80002c12 (0x7e1b0b13) addi    s6, s6, 2017
core   0: 3 0x80002c12 (0x7e1b0b13) x22 0x8001e3ef
core   0: 0x80002c16 (0x0001e817) auipc   a6, 0x1e
core   0: 3 0x80002c16 (0x0001e817) x16 0x80020c16
core   0: 0x80002c1a (0xa8e80813) addi    a6, a6, -1394
core   0: 3 0x80002c1a (0xa8e80813) x16 0x800206a4
core   0: 0x80002c1e (0xff9b0903) lb      s2, -7(s6)
core   0: 3 0x80002c1e (0xff9b0903) x18 0x00000000 mem 0x8001e3e8
core   0: 0x80002c22 (0x01485f83) lhu     t6, 20(a6)
core   0: 3 0x80002c22 (0x01485f83) x31 0x00000000 mem 0x800206b8
core   0: 0x80002c26 (0x0c380d23) sb      gp, 218(a6)
core   0: 3 0x80002c26 (0x0c380d23) mem 0x8002077e 0x0
core   0: 0x80002c2a (0x001b1683) lh      a3, 1(s6)
core   0: 3 0x80002c2a (0x001b1683) x13 0x00000000 mem 0x8001e3f0
core   0: 0x80002c2e (0x0001be97) auipc   t4, 0x1b
core   0: 3 0x80002c2e (0x0001be97) x29 0x8001dc2e
core   0: 0x80002c32 (0x03de8e93) addi    t4, t4, 61
core   0: 3 0x80002c32 (0x03de8e93) x29 0x8001dc6b
core   0: 0x80002c36 (0x00017317) auipc   t1, 0x17
core   0: 3 0x80002c36 (0x00017317) x 6 0x80019c36
core   0: 0x80002c3a (0x23b30313) addi    t1, t1, 571
core   0: 3 0x80002c3a (0x23b30313) x 6 0x80019e71
core   0: 0x80002c3e (0x003ec583) lbu     a1, 3(t4)
core   0: 3 0x80002c3e (0x003ec583) x11 0x00000000 mem 0x8001dc6e
core   0: 0x80002c42 (0xff030003) lb      zero, -16(t1)
core   0: 3 0x80002c42 (0xff030003) mem 0x80019e61
core   0: 0x80002c46 (0x00bb5a83) lhu     s5, 11(s6)
core   0: 3 0x80002c46 (0x00bb5a83) x21 0x00000000 mem 0x8001e3fa
core   0: 0x80002c4a (0x03e30923) sb      t5, 50(t1)
core   0: 3 0x80002c4a (0x03e30923) mem 0x80019ea3 0x0
core   0: 0x80002c4e (0x00019717) auipc   a4, 0x19
core   0: 3 0x80002c4e (0x00019717) x14 0x8001bc4e
core   0: 0x80002c52 (0x37270713) addi    a4, a4, 882
core   0: 3 0x80002c52 (0x37270713) x14 0x8001bfc0
core   0: 0x80002c56 (0x01bb0123) sb      s11, 2(s6)
core   0: 3 0x80002c56 (0x01bb0123) mem 0x8001e3f1 0x94
core   0: 0x80002c5a (0x00770f83) lb      t6, 7(a4)
core   0: 3 0x80002c5a (0x00770f83) x31 0x00000000 mem 0x8001bfc7
core   0: 0x80002c5e (0x03b801a3) sb      s11, 35(a6)
core   0: 3 0x80002c5e (0x03b801a3) mem 0x800206c7 0x94
core   0: 0x80002c62 (0x015e8123) sb      s5, 2(t4)
core   0: 3 0x80002c62 (0x015e8123) mem 0x8001dc6d 0x0
core   0: 0x80002c66 (0xfc080023) sb      zero, -64(a6)
core   0: 3 0x80002c66 (0xfc080023) mem 0x80020664 0x0
core   0: 0x80002c6a (0xf5384c03) lbu     s8, -173(a6)
core   0: 3 0x80002c6a (0xf5384c03) x24 0x00000000 mem 0x800205f7
core   0: 0x80002c6e (0x017e8823) sb      s7, 16(t4)
core   0: 3 0x80002c6e (0x017e8823) mem 0x8001dc7b 0x0
core   0: 0x80002c72 (0xff6b4f03) lbu     t5, -10(s6)
core   0: 3 0x80002c72 (0xff6b4f03) x30 0x00000000 mem 0x8001e3e5
core   0: 0x80002c76 (0xff9ec983) lbu     s3, -7(t4)
core   0: 3 0x80002c76 (0xff9ec983) x19 0x00000000 mem 0x8001dc64
core   0: 0x80002c7a (0xff274b83) lbu     s7, -14(a4)
core   0: 3 0x80002c7a (0xff274b83) x23 0x00000000 mem 0x8001bfb2
core   0: 0x80002c7e (0xff875c83) lhu     s9, -8(a4)
core   0: 3 0x80002c7e (0xff875c83) x25 0x00000000 mem 0x8001bfb8
core   0: 0x80002c82 (0xfe332883) lw      a7, -29(t1)
core   0: 3 0x80002c82 (0xfe332883) x17 0x00000000 mem 0x80019e54
core   0: 0x80002c86 (0x01b80ca3) sb      s11, 25(a6)
core   0: 3 0x80002c86 (0x01b80ca3) mem 0x800206bd 0x94
core   0: 0x80002c8a (0x008b0623) sb      s0, 12(s6)
core   0: 3 0x80002c8a (0x008b0623) mem 0x8001e3fb 0xf3
core   0: 0x80002c8e (0x004e90a3) sh      tp, 1(t4)
core   0: 3 0x80002c8e (0x004e90a3) mem 0x8001dc6c 0x00e1
core   0: 0x80002c92 (0xffbe9983) lh      s3, -5(t4)
core   0: 3 0x80002c92 (0xffbe9983) x19 0x00000000 mem 0x8001dc66
core   0: 0x80002c96 (0x010b4983) lbu     s3, 16(s6)
core   0: 3 0x80002c96 (0x010b4983) x19 0x00000000 mem 0x8001e3ff
core   0: 0x80002c9a (0x01f70423) sb      t6, 8(a4)
core   0: 3 0x80002c9a (0x01f70423) mem 0x8001bfc8 0x0
core   0: 0x80002c9e (0xffaec583) lbu     a1, -6(t4)
core   0: 3 0x80002c9e (0xffaec583) x11 0x00000000 mem 0x8001dc65
core   0: 0x80002ca2 (0x02980083) lb      ra, 41(a6)
core   0: 3 0x80002ca2 (0x02980083) x 1 0x00000000 mem 0x800206cd
core   0: 0x80002ca6 (0x01fe8823) sb      t6, 16(t4)
core   0: 3 0x80002ca6 (0x01fe8823) mem 0x8001dc7b 0x0
core   0: 0x80002caa (0x02731f83) lh      t6, 39(t1)
core   0: 3 0x80002caa (0x02731f83) x31 0x00000000 mem 0x80019e98
core   0: 0x80002cae (0x02882c03) lw      s8, 40(a6)
core   0: 3 0x80002cae (0x02882c03) x24 0x00000000 mem 0x800206cc
core   0: 0x80002cb2 (0x008eca03) lbu     s4, 8(t4)
core   0: 3 0x80002cb2 (0x008eca03) x20 0x00000000 mem 0x8001dc73
core   0: 0x80002cb6 (0xfffb2ea3) sw      t6, -3(s6)
core   0: 3 0x80002cb6 (0xfffb2ea3) mem 0x8001e3ec 0x00000000
core   0: 0x80002cba (0xfa884f03) lbu     t5, -88(a6)
core   0: 3 0x80002cba (0xfa884f03) x30 0x00000000 mem 0x8002064c
core   0: 0x80002cbe (0x008703a3) sb      s0, 7(a4)
core   0: 3 0x80002cbe (0x008703a3) mem 0x8001bfc7 0xf3
core   0: 0x80002cc2 (0x005ea403) lw      s0, 5(t4)
core   0: 3 0x80002cc2 (0x005ea403) x 8 0x00000000 mem 0x8001dc70
core   0: 0x80002cc6 (0xff9b1983) lh      s3, -7(s6)
core   0: 3 0x80002cc6 (0xff9b1983) x19 0x00000000 mem 0x8001e3e8
core   0: 0x80002cca (0xfdc34a03) lbu     s4, -36(t1)
core   0: 3 0x80002cca (0xfdc34a03) x20 0x00000000 mem 0x80019e4d
core   0: 0x80002cce (0xf1780403) lb      s0, -233(a6)
core   0: 3 0x80002cce (0xf1780403) x 8 0x00000000 mem 0x800205bb
core   0: 0x80002cd2 (0x00015717) auipc   a4, 0x15
core   0: 3 0x80002cd2 (0x00015717) x14 0x80017cd2
core   0: 0x80002cd6 (0xeac70713) addi    a4, a4, -340
core   0: 3 0x80002cd6 (0xeac70713) x14 0x80017b7e
core   0: 0x80002cda (0x031aebb3) rem     s7, s5, a7
core   0: 3 0x80002cda (0x031aebb3) x23 0x00000000
core   0: 0x80002cde (0xff672c03) lw      s8, -10(a4)
core   0: 3 0x80002cde (0xff672c03) x24 0x00000000 mem 0x80017b74
core   0: 0x80002ce2 (0xff671a83) lh      s5, -10(a4)
core   0: 3 0x80002ce2 (0xff671a83) x21 0x00000000 mem 0x80017b74
core   0: 0x80002ce6 (0x00008ca5) c.xor   s1, s1
core   0: 3 0x80002ce6 (0x8ca5) x 9 0x00000000
core   0: 0x80002ce8 (0xfff72b23) sw      t6, -10(a4)
core   0: 3 0x80002ce8 (0xfff72b23) mem 0x80017b74 0x00000000
core   0: 0x80002cec (0xff674983) lbu     s3, -10(a4)
core   0: 3 0x80002cec (0xff674983) x19 0x00000000 mem 0x80017b74
core   0: 0x80002cf0 (0xff674a03) lbu     s4, -10(a4)
core   0: 3 0x80002cf0 (0xff674a03) x20 0x00000000 mem 0x80017b74
core   0: 0x80002cf4 (0xff675003) lhu     zero, -10(a4)
core   0: 3 0x80002cf4 (0xff675003) mem 0x80017b74
core   0: 0x80002cf8 (0xee18f2b7) lui     t0, 0xee18f
core   0: 3 0x80002cf8 (0xee18f2b7) x 5 0xee18f000
core   0: 0x80002cfc (0xff672983) lw      s3, -10(a4)
core   0: 3 0x80002cfc (0xff672983) x19 0x00000000 mem 0x80017b74
core   0: 0x80002d00 (0xff671b83) lh      s7, -10(a4)
core   0: 3 0x80002d00 (0xff671b83) x23 0x00000000 mem 0x80017b74
core   0: 0x80002d04 (0xff672b23) sw      s6, -10(a4)
core   0: 3 0x80002d04 (0xff672b23) mem 0x80017b74 0x8001e3ef
core   0: 0x80002d08 (0x02f3a413) slti    s0, t2, 47
core   0: 3 0x80002d08 (0x02f3a413) x 8 0x00000001
core   0: 0x80002d0c (0xfed71b23) sh      a3, -10(a4)
core   0: 3 0x80002d0c (0xfed71b23) mem 0x80017b74 0x0000
core   0: 0x80002d10 (0xa99f2093) slti    ra, t5, -1383
core   0: 3 0x80002d10 (0xa99f2093) x 1 0x00000000
core   0: 0x80002d14 (0xff674403) lbu     s0, -10(a4)
core   0: 3 0x80002d14 (0xff674403) x 8 0x00000000 mem 0x80017b74
core   0: 0x80002d18 (0xff674e83) lbu     t4, -10(a4)
core   0: 3 0x80002d18 (0xff674e83) x29 0x00000000 mem 0x80017b74
core   0: 0x80002d1c (0xff675783) lhu     a5, -10(a4)
core   0: 3 0x80002d1c (0xff675783) x15 0x00000000 mem 0x80017b74
core   0: 0x80002d20 (0xff675f03) lhu     t5, -10(a4)
core   0: 3 0x80002d20 (0xff675f03) x30 0x00000000 mem 0x80017b74
core   0: 0x80002d24 (0xff672983) lw      s3, -10(a4)
core   0: 3 0x80002d24 (0xff672983) x19 0x80010000 mem 0x80017b74
core   0: 0x80002d28 (0xfeb70b23) sb      a1, -10(a4)
core   0: 3 0x80002d28 (0xfeb70b23) mem 0x80017b74 0x0
core   0: 0x80002d2c (0xff675003) lhu     zero, -10(a4)
core   0: 3 0x80002d2c (0xff675003) mem 0x80017b74
core   0: 0x80002d30 (0xfb3d7b97) auipc   s7, 0xfb3d7
core   0: 3 0x80002d30 (0xfb3d7b97) x23 0x7b3d9d30
core   0: 0x80002d34 (0xff671e03) lh      t3, -10(a4)
core   0: 3 0x80002d34 (0xff671e03) x28 0x00000000 mem 0x80017b74
core   0: 0x80002d38 (0xff675e83) lhu     t4, -10(a4)
core   0: 3 0x80002d38 (0xff675e83) x29 0x00000000 mem 0x80017b74
core   0: 0x80002d3c (0x00010f97) auipc   t6, 0x10
core   0: 3 0x80002d3c (0x00010f97) x31 0x80012d3c
core   0: 0x80002d40 (0x5bcf8f93) addi    t6, t6, 1468
core   0: 3 0x80002d40 (0x5bcf8f93) x31 0x800132f8
core   0: 0x80002d44 (0x00018297) auipc   t0, 0x18
core   0: 3 0x80002d44 (0x00018297) x 5 0x8001ad44
core   0: 0x80002d48 (0x1a128293) addi    t0, t0, 417
core   0: 3 0x80002d48 (0x1a128293) x 5 0x8001aee5
core   0: 0x80002d4c (0x00ef9083) lh      ra, 14(t6)
core   0: 3 0x80002d4c (0x00ef9083) x 1 0x00000000 mem 0x80013306
core   0: 0x80002d50 (0xf36fcb83) lbu     s7, -202(t6)
core   0: 3 0x80002d50 (0xf36fcb83) x23 0x00000000 mem 0x8001322e
core   0: 0x80002d54 (0xfc529703) lh      a4, -59(t0)
core   0: 3 0x80002d54 (0xfc529703) x14 0x00000000 mem 0x8001aeaa
core   0: 0x80002d58 (0xfc12ca03) lbu     s4, -63(t0)
core   0: 3 0x80002d58 (0xfc12ca03) x20 0x00000000 mem 0x8001aea6
core   0: 0x80002d5c (0x042f88a3) sb      sp, 81(t6)
core   0: 3 0x80002d5c (0x042f88a3) mem 0x80013349 0xfd
core   0: 0x80002d60 (0xfd92de03) lhu     t3, -39(t0)
core   0: 3 0x80002d60 (0xfd92de03) x28 0x00000000 mem 0x8001aebe
core   0: 0x80002d64 (0x09bf8b23) sb      s11, 150(t6)
core   0: 3 0x80002d64 (0x09bf8b23) mem 0x8001338e 0x94
core   0: 0x80002d68 (0xfc4296a3) sh      tp, -51(t0)
core   0: 3 0x80002d68 (0xfc4296a3) mem 0x8001aeb2 0x00e1
core   0: 0x80002d6c (0xfe529b83) lh      s7, -27(t0)
core   0: 3 0x80002d6c (0xfe529b83) x23 0x00000000 mem 0x8001aeca
core   0: 0x80002d70 (0xfd1fa023) sw      a7, -64(t6)
core   0: 3 0x80002d70 (0xfd1fa023) mem 0x800132b8 0x00000000
core   0: 0x80002d74 (0xfeb2af03) lw      t5, -21(t0)
core   0: 3 0x80002d74 (0xfeb2af03) x30 0x00000000 mem 0x8001aed0
core   0: 0x80002d78 (0x011294a3) sh      a7, 9(t0)
core   0: 3 0x80002d78 (0x011294a3) mem 0x8001aeee 0x0000
core   0: 0x80002d7c (0xfc72d583) lhu     a1, -57(t0)
core   0: 3 0x80002d7c (0xfc72d583) x11 0x00000000 mem 0x8001aeac
core   0: 0x80002d80 (0xf96fc903) lbu     s2, -106(t6)
core   0: 3 0x80002d80 (0xf96fc903) x18 0x00000000 mem 0x8001328e
core   0: 0x80002d84 (0x005fc403) lbu     s0, 5(t6)
core   0: 3 0x80002d84 (0x005fc403) x 8 0x00000000 mem 0x800132fd
core   0: 0x80002d88 (0x00428083) lb      ra, 4(t0)
core   0: 3 0x80002d88 (0x00428083) x 1 0x00000000 mem 0x8001aee9
core   0: 0x80002d8c (0x0f6f8e03) lb      t3, 246(t6)
core   0: 3 0x80002d8c (0x0f6f8e03) x28 0x00000000 mem 0x800133ee
core   0: 0x80002d90 (0xffe00413) li      s0, -2
core   0: 3 0x80002d90 (0xffe00413) x 8 0xfffffffe
core   0: 0x80002d94 (0x0000100f) fence.i
core   0: 3 0x80002d94 (0x0000100f)
core   0: 0x80002d98 (0x00008cbd) c.xor   s1, a5
core   0: 3 0x80002d98 (0x8cbd) x 9 0x00000000
core   0: 0x80002d9a (0x0ff0000f) fence   iorw,iorw
core   0: 3 0x80002d9a (0x0ff0000f)
core   0: 0x80002d9e (0x00008de9) c.and   a1, a0
core   0: 3 0x80002d9e (0x8de9) x11 0x00000000
core   0: 0x80002da0 (0xff700893) li      a7, -9
core   0: 3 0x80002da0 (0xff700893) x17 0xfffffff7
core   0: 0x80002da4 (0x037e9fb3) mulh    t6, t4, s7
core   0: 3 0x80002da4 (0x037e9fb3) x31 0x00000000
core   0: 0x80002da8 (0x00000094) c.addi4spn a3, sp, 64
core   0: 3 0x80002da8 (0x0094) x13 0x8001483d
core   0: 0x80002daa (0x00a97c33) and     s8, s2, a0
core   0: 3 0x80002daa (0x00a97c33) x24 0x00000000
core   0: 0x80002dae (0x014d3033) sltu    zero, s10, s4
core   0: 3 0x80002dae (0x014d3033)
core   0: 0x80002db2 (0xcc5aa593) slti    a1, s5, -827
core   0: 3 0x80002db2 (0xcc5aa593) x11 0x00000000
core   0: 0x80002db6 (0x0000147d) c.addi  s0, -1
core   0: 3 0x80002db6 (0x147d) x 8 0xfffffffd
core   0: 0x80002db8 (0x00008cf9) c.and   s1, a4
core   0: 3 0x80002db8 (0x8cf9) x 9 0x00000000
core   0: 0x80002dba (0x0007c7b3) xor     a5, a5, zero
core   0: 3 0x80002dba (0x0007c7b3) x15 0x00000000
core   0: 0x80002dbe (0xff700d13) li      s10, -9
core   0: 3 0x80002dbe (0xff700d13) x26 0xfffffff7
core   0: 0x80002dc2 (0x40ca5e93) srai    t4, s4, 12
core   0: 3 0x80002dc2 (0x40ca5e93) x29 0x00000000
core   0: 0x80002dc6 (0x00008e91) c.sub   a3, a2
core   0: 3 0x80002dc6 (0x8e91) x13 0xfffee9d9
core   0: 0x80002dc8 (0x02a6c3b3) div     t2, a3, a0
core   0: 3 0x80002dc8 (0x02a6c3b3) x 7 0x00000000
core   0: 0x80002dcc (0x00000001) c.nop
core   0: 3 0x80002dcc (0x0001)
core   0: 0x80002dce (0x00f00a93) li      s5, 15
core   0: 3 0x80002dce (0x00f00a93) x21 0x0000000f
core   0: 0x80002dd2 (0x00001698) c.addi4spn a4, sp, 864
core   0: 3 0x80002dd2 (0x1698) x14 0x80014b5d
core   0: 0x80002dd4 (0x9351b213) sltiu   tp, gp, -1739
core   0: 3 0x80002dd4 (0x9351b213) x 4 0x00000001
core   0: 0x80002dd8 (0x00008db9) c.xor   a1, a4
core   0: 3 0x80002dd8 (0x8db9) x11 0x80014b5d
core   0: 0x80002dda (0x79932393) slti    t2, t1, 1945
core   0: 3 0x80002dda (0x79932393) x 7 0x00000001
core   0: 0x80002dde (0x000095ee) c.add   a1, s11
core   0: 3 0x80002dde (0x95ee) x11 0xc2442cf1
core   0: 0x80002de0 (0x00001efd) c.addi  t4, -1
core   0: 3 0x80002de0 (0x1efd) x29 0xffffffff
core   0: 0x80002de2 (0x58988113) addi    sp, a7, 1417
core   0: 3 0x80002de2 (0x58988113) x 2 0x00000580
core   0: 0x80002de6 (0x00000d05) c.addi  s10, 1
core   0: 3 0x80002de6 (0x0d05) x26 0xfffffff8
core   0: 0x80002de8 (0x00000001) c.nop
core   0: 3 0x80002de8 (0x0001)
core   0: 0x80002dea (0x00767bb3) and     s7, a2, t2
core   0: 3 0x80002dea (0x00767bb3) x23 0x00000000
core   0: 0x80002dee (0xff5d03e3) beq     s10, s5, pc - 26
core   0: 3 0x80002dee (0xff5d03e3)
core   0: 0x80002df2 (0x0282c5b3) div     a1, t0, s0
core   0: 3 0x80002df2 (0x0282c5b3) x11 0x2aaa1b09
core   0: 0x80002df6 (0x01abfb33) and     s6, s7, s10
core   0: 3 0x80002df6 (0x01abfb33) x22 0x00000000
core   0: 0x80002dfa (0xfb1418e3) bne     s0, a7, pc - 80
core   0: 3 0x80002dfa (0xfb1418e3)
core   0: 0x80002daa (0x00a97c33) and     s8, s2, a0
core   0: 3 0x80002daa (0x00a97c33) x24 0x00000000
core   0: 0x80002dae (0x014d3033) sltu    zero, s10, s4
core   0: 3 0x80002dae (0x014d3033)
core   0: 0x80002db2 (0xcc5aa593) slti    a1, s5, -827
core   0: 3 0x80002db2 (0xcc5aa593) x11 0x00000000
core   0: 0x80002db6 (0x0000147d) c.addi  s0, -1
core   0: 3 0x80002db6 (0x147d) x 8 0xfffffffc
core   0: 0x80002db8 (0x00008cf9) c.and   s1, a4
core   0: 3 0x80002db8 (0x8cf9) x 9 0x00000000
core   0: 0x80002dba (0x0007c7b3) xor     a5, a5, zero
core   0: 3 0x80002dba (0x0007c7b3) x15 0x00000000
core   0: 0x80002dbe (0xff700d13) li      s10, -9
core   0: 3 0x80002dbe (0xff700d13) x26 0xfffffff7
core   0: 0x80002dc2 (0x40ca5e93) srai    t4, s4, 12
core   0: 3 0x80002dc2 (0x40ca5e93) x29 0x00000000
core   0: 0x80002dc6 (0x00008e91) c.sub   a3, a2
core   0: 3 0x80002dc6 (0x8e91) x13 0x7ffc8b75
core   0: 0x80002dc8 (0x02a6c3b3) div     t2, a3, a0
core   0: 3 0x80002dc8 (0x02a6c3b3) x 7 0x00000000
core   0: 0x80002dcc (0x00000001) c.nop
core   0: 3 0x80002dcc (0x0001)
core   0: 0x80002dce (0x00f00a93) li      s5, 15
core   0: 3 0x80002dce (0x00f00a93) x21 0x0000000f
core   0: 0x80002dd2 (0x00001698) c.addi4spn a4, sp, 864
core   0: 3 0x80002dd2 (0x1698) x14 0x000008e0
core   0: 0x80002dd4 (0x9351b213) sltiu   tp, gp, -1739
core   0: 3 0x80002dd4 (0x9351b213) x 4 0x00000001
core   0: 0x80002dd8 (0x00008db9) c.xor   a1, a4
core   0: 3 0x80002dd8 (0x8db9) x11 0x000008e0
core   0: 0x80002dda (0x79932393) slti    t2, t1, 1945
core   0: 3 0x80002dda (0x79932393) x 7 0x00000001
core   0: 0x80002dde (0x000095ee) c.add   a1, s11
core   0: 3 0x80002dde (0x95ee) x11 0x4242ea74
core   0: 0x80002de0 (0x00001efd) c.addi  t4, -1
core   0: 3 0x80002de0 (0x1efd) x29 0xffffffff
core   0: 0x80002de2 (0x58988113) addi    sp, a7, 1417
core   0: 3 0x80002de2 (0x58988113) x 2 0x00000580
core   0: 0x80002de6 (0x00000d05) c.addi  s10, 1
core   0: 3 0x80002de6 (0x0d05) x26 0xfffffff8
core   0: 0x80002de8 (0x00000001) c.nop
core   0: 3 0x80002de8 (0x0001)
core   0: 0x80002dea (0x00767bb3) and     s7, a2, t2
core   0: 3 0x80002dea (0x00767bb3) x23 0x00000000
core   0: 0x80002dee (0xff5d03e3) beq     s10, s5, pc - 26
core   0: 3 0x80002dee (0xff5d03e3)
core   0: 0x80002df2 (0x0282c5b3) div     a1, t0, s0
core   0: 3 0x80002df2 (0x0282c5b3) x11 0x1fff9446
core   0: 0x80002df6 (0x01abfb33) and     s6, s7, s10
core   0: 3 0x80002df6 (0x01abfb33) x22 0x00000000
core   0: 0x80002dfa (0xfb1418e3) bne     s0, a7, pc - 80
core   0: 3 0x80002dfa (0xfb1418e3)
core   0: 0x80002daa (0x00a97c33) and     s8, s2, a0
core   0: 3 0x80002daa (0x00a97c33) x24 0x00000000
core   0: 0x80002dae (0x014d3033) sltu    zero, s10, s4
core   0: 3 0x80002dae (0x014d3033)
core   0: 0x80002db2 (0xcc5aa593) slti    a1, s5, -827
core   0: 3 0x80002db2 (0xcc5aa593) x11 0x00000000
core   0: 0x80002db6 (0x0000147d) c.addi  s0, -1
core   0: 3 0x80002db6 (0x147d) x 8 0xfffffffb
core   0: 0x80002db8 (0x00008cf9) c.and   s1, a4
core   0: 3 0x80002db8 (0x8cf9) x 9 0x00000000
core   0: 0x80002dba (0x0007c7b3) xor     a5, a5, zero
core   0: 3 0x80002dba (0x0007c7b3) x15 0x00000000
core   0: 0x80002dbe (0xff700d13) li      s10, -9
core   0: 3 0x80002dbe (0xff700d13) x26 0xfffffff7
core   0: 0x80002dc2 (0x40ca5e93) srai    t4, s4, 12
core   0: 3 0x80002dc2 (0x40ca5e93) x29 0x00000000
core   0: 0x80002dc6 (0x00008e91) c.sub   a3, a2
core   0: 3 0x80002dc6 (0x8e91) x13 0xfffa2d11
core   0: 0x80002dc8 (0x02a6c3b3) div     t2, a3, a0
core   0: 3 0x80002dc8 (0x02a6c3b3) x 7 0x00000000
core   0: 0x80002dcc (0x00000001) c.nop
core   0: 3 0x80002dcc (0x0001)
core   0: 0x80002dce (0x00f00a93) li      s5, 15
core   0: 3 0x80002dce (0x00f00a93) x21 0x0000000f
core   0: 0x80002dd2 (0x00001698) c.addi4spn a4, sp, 864
core   0: 3 0x80002dd2 (0x1698) x14 0x000008e0
core   0: 0x80002dd4 (0x9351b213) sltiu   tp, gp, -1739
core   0: 3 0x80002dd4 (0x9351b213) x 4 0x00000001
core   0: 0x80002dd8 (0x00008db9) c.xor   a1, a4
core   0: 3 0x80002dd8 (0x8db9) x11 0x000008e0
core   0: 0x80002dda (0x79932393) slti    t2, t1, 1945
core   0: 3 0x80002dda (0x79932393) x 7 0x00000001
core   0: 0x80002dde (0x000095ee) c.add   a1, s11
core   0: 3 0x80002dde (0x95ee) x11 0x4242ea74
core   0: 0x80002de0 (0x00001efd) c.addi  t4, -1
core   0: 3 0x80002de0 (0x1efd) x29 0xffffffff
core   0: 0x80002de2 (0x58988113) addi    sp, a7, 1417
core   0: 3 0x80002de2 (0x58988113) x 2 0x00000580
core   0: 0x80002de6 (0x00000d05) c.addi  s10, 1
core   0: 3 0x80002de6 (0x0d05) x26 0xfffffff8
core   0: 0x80002de8 (0x00000001) c.nop
core   0: 3 0x80002de8 (0x0001)
core   0: 0x80002dea (0x00767bb3) and     s7, a2, t2
core   0: 3 0x80002dea (0x00767bb3) x23 0x00000000
core   0: 0x80002dee (0xff5d03e3) beq     s10, s5, pc - 26
core   0: 3 0x80002dee (0xff5d03e3)
core   0: 0x80002df2 (0x0282c5b3) div     a1, t0, s0
core   0: 3 0x80002df2 (0x0282c5b3) x11 0x1999436b
core   0: 0x80002df6 (0x01abfb33) and     s6, s7, s10
core   0: 3 0x80002df6 (0x01abfb33) x22 0x00000000
core   0: 0x80002dfa (0xfb1418e3) bne     s0, a7, pc - 80
core   0: 3 0x80002dfa (0xfb1418e3)
core   0: 0x80002daa (0x00a97c33) and     s8, s2, a0
core   0: 3 0x80002daa (0x00a97c33) x24 0x00000000
core   0: 0x80002dae (0x014d3033) sltu    zero, s10, s4
core   0: 3 0x80002dae (0x014d3033)
core   0: 0x80002db2 (0xcc5aa593) slti    a1, s5, -827
core   0: 3 0x80002db2 (0xcc5aa593) x11 0x00000000
core   0: 0x80002db6 (0x0000147d) c.addi  s0, -1
core   0: 3 0x80002db6 (0x147d) x 8 0xfffffffa
core   0: 0x80002db8 (0x00008cf9) c.and   s1, a4
core   0: 3 0x80002db8 (0x8cf9) x 9 0x00000000
core   0: 0x80002dba (0x0007c7b3) xor     a5, a5, zero
core   0: 3 0x80002dba (0x0007c7b3) x15 0x00000000
core   0: 0x80002dbe (0xff700d13) li      s10, -9
core   0: 3 0x80002dbe (0xff700d13) x26 0xfffffff7
core   0: 0x80002dc2 (0x40ca5e93) srai    t4, s4, 12
core   0: 3 0x80002dc2 (0x40ca5e93) x29 0x00000000
core   0: 0x80002dc6 (0x00008e91) c.sub   a3, a2
core   0: 3 0x80002dc6 (0x8e91) x13 0x7ff7cead
core   0: 0x80002dc8 (0x02a6c3b3) div     t2, a3, a0
core   0: 3 0x80002dc8 (0x02a6c3b3) x 7 0x00000000
core   0: 0x80002dcc (0x00000001) c.nop
core   0: 3 0x80002dcc (0x0001)
core   0: 0x80002dce (0x00f00a93) li      s5, 15
core   0: 3 0x80002dce (0x00f00a93) x21 0x0000000f
core   0: 0x80002dd2 (0x00001698) c.addi4spn a4, sp, 864
core   0: 3 0x80002dd2 (0x1698) x14 0x000008e0
core   0: 0x80002dd4 (0x9351b213) sltiu   tp, gp, -1739
core   0: 3 0x80002dd4 (0x9351b213) x 4 0x00000001
core   0: 0x80002dd8 (0x00008db9) c.xor   a1, a4
core   0: 3 0x80002dd8 (0x8db9) x11 0x000008e0
core   0: 0x80002dda (0x79932393) slti    t2, t1, 1945
core   0: 3 0x80002dda (0x79932393) x 7 0x00000001
core   0: 0x80002dde (0x000095ee) c.add   a1, s11
core   0: 3 0x80002dde (0x95ee) x11 0x4242ea74
core   0: 0x80002de0 (0x00001efd) c.addi  t4, -1
core   0: 3 0x80002de0 (0x1efd) x29 0xffffffff
core   0: 0x80002de2 (0x58988113) addi    sp, a7, 1417
core   0: 3 0x80002de2 (0x58988113) x 2 0x00000580
core   0: 0x80002de6 (0x00000d05) c.addi  s10, 1
core   0: 3 0x80002de6 (0x0d05) x26 0xfffffff8
core   0: 0x80002de8 (0x00000001) c.nop
core   0: 3 0x80002de8 (0x0001)
core   0: 0x80002dea (0x00767bb3) and     s7, a2, t2
core   0: 3 0x80002dea (0x00767bb3) x23 0x00000000
core   0: 0x80002dee (0xff5d03e3) beq     s10, s5, pc - 26
core   0: 3 0x80002dee (0xff5d03e3)
core   0: 0x80002df2 (0x0282c5b3) div     a1, t0, s0
core   0: 3 0x80002df2 (0x0282c5b3) x11 0x15550d84
core   0: 0x80002df6 (0x01abfb33) and     s6, s7, s10
core   0: 3 0x80002df6 (0x01abfb33) x22 0x00000000
core   0: 0x80002dfa (0xfb1418e3) bne     s0, a7, pc - 80
core   0: 3 0x80002dfa (0xfb1418e3)
core   0: 0x80002daa (0x00a97c33) and     s8, s2, a0
core   0: 3 0x80002daa (0x00a97c33) x24 0x00000000
core   0: 0x80002dae (0x014d3033) sltu    zero, s10, s4
core   0: 3 0x80002dae (0x014d3033)
core   0: 0x80002db2 (0xcc5aa593) slti    a1, s5, -827
core   0: 3 0x80002db2 (0xcc5aa593) x11 0x00000000
core   0: 0x80002db6 (0x0000147d) c.addi  s0, -1
core   0: 3 0x80002db6 (0x147d) x 8 0xfffffff9
core   0: 0x80002db8 (0x00008cf9) c.and   s1, a4
core   0: 3 0x80002db8 (0x8cf9) x 9 0x00000000
core   0: 0x80002dba (0x0007c7b3) xor     a5, a5, zero
core   0: 3 0x80002dba (0x0007c7b3) x15 0x00000000
core   0: 0x80002dbe (0xff700d13) li      s10, -9
core   0: 3 0x80002dbe (0xff700d13) x26 0xfffffff7
core   0: 0x80002dc2 (0x40ca5e93) srai    t4, s4, 12
core   0: 3 0x80002dc2 (0x40ca5e93) x29 0x00000000
core   0: 0x80002dc6 (0x00008e91) c.sub   a3, a2
core   0: 3 0x80002dc6 (0x8e91) x13 0xfff57049
core   0: 0x80002dc8 (0x02a6c3b3) div     t2, a3, a0
core   0: 3 0x80002dc8 (0x02a6c3b3) x 7 0x00000000
core   0: 0x80002dcc (0x00000001) c.nop
core   0: 3 0x80002dcc (0x0001)
core   0: 0x80002dce (0x00f00a93) li      s5, 15
core   0: 3 0x80002dce (0x00f00a93) x21 0x0000000f
core   0: 0x80002dd2 (0x00001698) c.addi4spn a4, sp, 864
core   0: 3 0x80002dd2 (0x1698) x14 0x000008e0
core   0: 0x80002dd4 (0x9351b213) sltiu   tp, gp, -1739
core   0: 3 0x80002dd4 (0x9351b213) x 4 0x00000001
core   0: 0x80002dd8 (0x00008db9) c.xor   a1, a4
core   0: 3 0x80002dd8 (0x8db9) x11 0x000008e0
core   0: 0x80002dda (0x79932393) slti    t2, t1, 1945
core   0: 3 0x80002dda (0x79932393) x 7 0x00000001
core   0: 0x80002dde (0x000095ee) c.add   a1, s11
core   0: 3 0x80002dde (0x95ee) x11 0x4242ea74
core   0: 0x80002de0 (0x00001efd) c.addi  t4, -1
core   0: 3 0x80002de0 (0x1efd) x29 0xffffffff
core   0: 0x80002de2 (0x58988113) addi    sp, a7, 1417
core   0: 3 0x80002de2 (0x58988113) x 2 0x00000580
core   0: 0x80002de6 (0x00000d05) c.addi  s10, 1
core   0: 3 0x80002de6 (0x0d05) x26 0xfffffff8
core   0: 0x80002de8 (0x00000001) c.nop
core   0: 3 0x80002de8 (0x0001)
core   0: 0x80002dea (0x00767bb3) and     s7, a2, t2
core   0: 3 0x80002dea (0x00767bb3) x23 0x00000000
core   0: 0x80002dee (0xff5d03e3) beq     s10, s5, pc - 26
core   0: 3 0x80002dee (0xff5d03e3)
core   0: 0x80002df2 (0x0282c5b3) div     a1, t0, s0
core   0: 3 0x80002df2 (0x0282c5b3) x11 0x1248e703
core   0: 0x80002df6 (0x01abfb33) and     s6, s7, s10
core   0: 3 0x80002df6 (0x01abfb33) x22 0x00000000
core   0: 0x80002dfa (0xfb1418e3) bne     s0, a7, pc - 80
core   0: 3 0x80002dfa (0xfb1418e3)
core   0: 0x80002daa (0x00a97c33) and     s8, s2, a0
core   0: 3 0x80002daa (0x00a97c33) x24 0x00000000
core   0: 0x80002dae (0x014d3033) sltu    zero, s10, s4
core   0: 3 0x80002dae (0x014d3033)
core   0: 0x80002db2 (0xcc5aa593) slti    a1, s5, -827
core   0: 3 0x80002db2 (0xcc5aa593) x11 0x00000000
core   0: 0x80002db6 (0x0000147d) c.addi  s0, -1
core   0: 3 0x80002db6 (0x147d) x 8 0xfffffff8
core   0: 0x80002db8 (0x00008cf9) c.and   s1, a4
core   0: 3 0x80002db8 (0x8cf9) x 9 0x00000000
core   0: 0x80002dba (0x0007c7b3) xor     a5, a5, zero
core   0: 3 0x80002dba (0x0007c7b3) x15 0x00000000
core   0: 0x80002dbe (0xff700d13) li      s10, -9
core   0: 3 0x80002dbe (0xff700d13) x26 0xfffffff7
core   0: 0x80002dc2 (0x40ca5e93) srai    t4, s4, 12
core   0: 3 0x80002dc2 (0x40ca5e93) x29 0x00000000
core   0: 0x80002dc6 (0x00008e91) c.sub   a3, a2
core   0: 3 0x80002dc6 (0x8e91) x13 0x7ff311e5
core   0: 0x80002dc8 (0x02a6c3b3) div     t2, a3, a0
core   0: 3 0x80002dc8 (0x02a6c3b3) x 7 0x00000000
core   0: 0x80002dcc (0x00000001) c.nop
core   0: 3 0x80002dcc (0x0001)
core   0: 0x80002dce (0x00f00a93) li      s5, 15
core   0: 3 0x80002dce (0x00f00a93) x21 0x0000000f
core   0: 0x80002dd2 (0x00001698) c.addi4spn a4, sp, 864
core   0: 3 0x80002dd2 (0x1698) x14 0x000008e0
core   0: 0x80002dd4 (0x9351b213) sltiu   tp, gp, -1739
core   0: 3 0x80002dd4 (0x9351b213) x 4 0x00000001
core   0: 0x80002dd8 (0x00008db9) c.xor   a1, a4
core   0: 3 0x80002dd8 (0x8db9) x11 0x000008e0
core   0: 0x80002dda (0x79932393) slti    t2, t1, 1945
core   0: 3 0x80002dda (0x79932393) x 7 0x00000001
core   0: 0x80002dde (0x000095ee) c.add   a1, s11
core   0: 3 0x80002dde (0x95ee) x11 0x4242ea74
core   0: 0x80002de0 (0x00001efd) c.addi  t4, -1
core   0: 3 0x80002de0 (0x1efd) x29 0xffffffff
core   0: 0x80002de2 (0x58988113) addi    sp, a7, 1417
core   0: 3 0x80002de2 (0x58988113) x 2 0x00000580
core   0: 0x80002de6 (0x00000d05) c.addi  s10, 1
core   0: 3 0x80002de6 (0x0d05) x26 0xfffffff8
core   0: 0x80002de8 (0x00000001) c.nop
core   0: 3 0x80002de8 (0x0001)
core   0: 0x80002dea (0x00767bb3) and     s7, a2, t2
core   0: 3 0x80002dea (0x00767bb3) x23 0x00000000
core   0: 0x80002dee (0xff5d03e3) beq     s10, s5, pc - 26
core   0: 3 0x80002dee (0xff5d03e3)
core   0: 0x80002df2 (0x0282c5b3) div     a1, t0, s0
core   0: 3 0x80002df2 (0x0282c5b3) x11 0x0fffca23
core   0: 0x80002df6 (0x01abfb33) and     s6, s7, s10
core   0: 3 0x80002df6 (0x01abfb33) x22 0x00000000
core   0: 0x80002dfa (0xfb1418e3) bne     s0, a7, pc - 80
core   0: 3 0x80002dfa (0xfb1418e3)
core   0: 0x80002daa (0x00a97c33) and     s8, s2, a0
core   0: 3 0x80002daa (0x00a97c33) x24 0x00000000
core   0: 0x80002dae (0x014d3033) sltu    zero, s10, s4
core   0: 3 0x80002dae (0x014d3033)
core   0: 0x80002db2 (0xcc5aa593) slti    a1, s5, -827
core   0: 3 0x80002db2 (0xcc5aa593) x11 0x00000000
core   0: 0x80002db6 (0x0000147d) c.addi  s0, -1
core   0: 3 0x80002db6 (0x147d) x 8 0xfffffff7
core   0: 0x80002db8 (0x00008cf9) c.and   s1, a4
core   0: 3 0x80002db8 (0x8cf9) x 9 0x00000000
core   0: 0x80002dba (0x0007c7b3) xor     a5, a5, zero
core   0: 3 0x80002dba (0x0007c7b3) x15 0x00000000
core   0: 0x80002dbe (0xff700d13) li      s10, -9
core   0: 3 0x80002dbe (0xff700d13) x26 0xfffffff7
core   0: 0x80002dc2 (0x40ca5e93) srai    t4, s4, 12
core   0: 3 0x80002dc2 (0x40ca5e93) x29 0x00000000
core   0: 0x80002dc6 (0x00008e91) c.sub   a3, a2
core   0: 3 0x80002dc6 (0x8e91) x13 0xfff0b381
core   0: 0x80002dc8 (0x02a6c3b3) div     t2, a3, a0
core   0: 3 0x80002dc8 (0x02a6c3b3) x 7 0x00000000
core   0: 0x80002dcc (0x00000001) c.nop
core   0: 3 0x80002dcc (0x0001)
core   0: 0x80002dce (0x00f00a93) li      s5, 15
core   0: 3 0x80002dce (0x00f00a93) x21 0x0000000f
core   0: 0x80002dd2 (0x00001698) c.addi4spn a4, sp, 864
core   0: 3 0x80002dd2 (0x1698) x14 0x000008e0
core   0: 0x80002dd4 (0x9351b213) sltiu   tp, gp, -1739
core   0: 3 0x80002dd4 (0x9351b213) x 4 0x00000001
core   0: 0x80002dd8 (0x00008db9) c.xor   a1, a4
core   0: 3 0x80002dd8 (0x8db9) x11 0x000008e0
core   0: 0x80002dda (0x79932393) slti    t2, t1, 1945
core   0: 3 0x80002dda (0x79932393) x 7 0x00000001
core   0: 0x80002dde (0x000095ee) c.add   a1, s11
core   0: 3 0x80002dde (0x95ee) x11 0x4242ea74
core   0: 0x80002de0 (0x00001efd) c.addi  t4, -1
core   0: 3 0x80002de0 (0x1efd) x29 0xffffffff
core   0: 0x80002de2 (0x58988113) addi    sp, a7, 1417
core   0: 3 0x80002de2 (0x58988113) x 2 0x00000580
core   0: 0x80002de6 (0x00000d05) c.addi  s10, 1
core   0: 3 0x80002de6 (0x0d05) x26 0xfffffff8
core   0: 0x80002de8 (0x00000001) c.nop
core   0: 3 0x80002de8 (0x0001)
core   0: 0x80002dea (0x00767bb3) and     s7, a2, t2
core   0: 3 0x80002dea (0x00767bb3) x23 0x00000000
core   0: 0x80002dee (0xff5d03e3) beq     s10, s5, pc - 26
core   0: 3 0x80002dee (0xff5d03e3)
core   0: 0x80002df2 (0x0282c5b3) div     a1, t0, s0
core   0: 3 0x80002df2 (0x0282c5b3) x11 0x0e38b3ad
core   0: 0x80002df6 (0x01abfb33) and     s6, s7, s10
core   0: 3 0x80002df6 (0x01abfb33) x22 0x00000000
core   0: 0x80002dfa (0xfb1418e3) bne     s0, a7, pc - 80
core   0: 3 0x80002dfa (0xfb1418e3)
core   0: 0x80002dfe (0x00000b2d) c.addi  s6, 11
core   0: 3 0x80002dfe (0x0b2d) x22 0x0000000b
core   0: 0x80002e00 (0x0000e117) auipc   sp, 0xe
core   0: 3 0x80002e00 (0x0000e117) x 2 0x80010e00
core   0: 0x80002e04 (0xf4310113) addi    sp, sp, -189
core   0: 3 0x80002e04 (0xf4310113) x 2 0x80010d43
core   0: 0x80002e08 (0x3b502f93) slti    t6, zero, 949
core   0: 3 0x80002e08 (0x3b502f93) x31 0x00000001
core   0: 0x80002e0c (0x00000e42) c.slli  t3, 16
core   0: 3 0x80002e0c (0x0e42) x28 0x00000000
core   0: 0x80002e0e (0x97112083) lw      ra, -1679(sp)
core   0: 3 0x80002e0e (0x97112083) x 1 0x00000000 mem 0x800106b4
core   0: 0x80002e12 (0x15410a03) lb      s4, 340(sp)
core   0: 3 0x80002e12 (0x15410a03) x20 0x00000000 mem 0x80010e97
core   0: 0x80002e16 (0x419087b3) sub     a5, ra, s9
core   0: 3 0x80002e16 (0x419087b3) x15 0x00000000
core   0: 0x80002e1a (0x2ca10583) lb      a1, 714(sp)
core   0: 3 0x80002e1a (0x2ca10583) x11 0x00000000 mem 0x8001100d
core   0: 0x80002e1e (0xc3610423) sb      s6, -984(sp)
core   0: 3 0x80002e1e (0xc3610423) mem 0x8001096b 0xb
core   0: 0x80002e22 (0xfff117a3) sh      t6, -17(sp)
core   0: 3 0x80002e22 (0xfff117a3) mem 0x80010d32 0x0001
core   0: 0x80002e26 (0x00008339) c.srli  a4, 14
core   0: 3 0x80002e26 (0x8339) x14 0x00000000
core   0: 0x80002e28 (0x00000001) c.nop
core   0: 3 0x80002e28 (0x0001)
core   0: 0x80002e2a (0xd6614f83) lbu     t6, -666(sp)
core   0: 3 0x80002e2a (0xd6614f83) x31 0x00000000 mem 0x80010aa9
core   0: 0x80002e2e (0x8f74b593) sltiu   a1, s1, -1801
core   0: 3 0x80002e2e (0x8f74b593) x11 0x00000001
core   0: 0x80002e32 (0x87a14003) lbu     zero, -1926(sp)
core   0: 3 0x80002e32 (0x87a14003) mem 0x800105bd
core   0: 0x80002e36 (0x013dda13) srli    s4, s11, 19
core   0: 3 0x80002e36 (0x013dda13) x20 0x00000848
core   0: 0x80002e3a (0xfa3101a3) sb      gp, -93(sp)
core   0: 3 0x80002e3a (0xfa3101a3) mem 0x80010ce6 0x0
core   0: 0x80002e3e (0x005708b3) add     a7, a4, t0
core   0: 3 0x80002e3e (0x005708b3) x17 0x8001aee5
core   0: 0x80002e42 (0x00008091) c.srli  s1, 4
core   0: 3 0x80002e42 (0x8091) x 9 0x00000000
core   0: 0x80002e44 (0x00cd8eb3) add     t4, s11, a2
core   0: 3 0x80002e44 (0x00cd8eb3) x29 0xc2453ff8
core   0: 0x80002e48 (0x02166fb3) rem     t6, a2, ra
core   0: 3 0x80002e48 (0x02166fb3) x31 0x80025e64
core   0: 0x80002e4c (0x0000833d) c.srli  a4, 15
core   0: 3 0x80002e4c (0x833d) x14 0x00000000
core   0: 0x80002e4e (0x414659b3) sra     s3, a2, s4
core   0: 3 0x80002e4e (0x414659b3) x19 0xff80025e
core   0: 0x80002e52 (0x00008f29) c.xor   a4, a0
core   0: 3 0x80002e52 (0x8f29) x14 0x80029ce4
core   0: 0x80002e54 (0xbd4107a3) sb      s4, -1073(sp)
core   0: 3 0x80002e54 (0xbd4107a3) mem 0x80010912 0x48
core   0: 0x80002e58 (0xc4836897) auipc   a7, 0xc4836
core   0: 3 0x80002e58 (0xc4836897) x17 0x44838e58
core   0: 0x80002e5c (0xeaf15983) lhu     s3, -337(sp)
core   0: 3 0x80002e5c (0xeaf15983) x19 0x00000000 mem 0x80010bf2
core   0: 0x80002e60 (0xf6810403) lb      s0, -152(sp)
core   0: 3 0x80002e60 (0xf6810403) x 8 0x00000000 mem 0x80010cab
core   0: 0x80002e64 (0x88f15d03) lhu     s10, -1905(sp)
core   0: 3 0x80002e64 (0x88f15d03) x26 0x00000000 mem 0x800105d2
core   0: 0x80002e68 (0x4fa6e013) ori     zero, a3, 1274
core   0: 3 0x80002e68 (0x4fa6e013)
core   0: 0x80002e6c (0x00008c81) c.sub   s1, s0
core   0: 3 0x80002e6c (0x8c81) x 9 0x00000000
core   0: 0x80002e6e (0x00006a1d) c.lui   s4, 0x7
core   0: 3 0x80002e6e (0x6a1d) x20 0x00007000
core   0: 0x80002e70 (0x00008439) c.srai  s0, 14
core   0: 3 0x80002e70 (0x8439) x 8 0x00000000
core   0: 0x80002e72 (0x00265b13) srli    s6, a2, 2
core   0: 3 0x80002e72 (0x00265b13) x22 0x20009799
core   0: 0x80002e76 (0xc4814c83) lbu     s9, -952(sp)
core   0: 3 0x80002e76 (0xc4814c83) x25 0x00000000 mem 0x8001098b
core   0: 0x80002e7a (0xe3e10723) sb      t5, -466(sp)
core   0: 3 0x80002e7a (0xe3e10723) mem 0x80010b71 0x0
core   0: 0x80002e7e (0x19a14403) lbu     s0, 410(sp)
core   0: 3 0x80002e7e (0x19a14403) x 8 0x00000000 mem 0x80010edd
core   0: 0x80002e82 (0xdc414b03) lbu     s6, -572(sp)
core   0: 3 0x80002e82 (0xdc414b03) x22 0x00000000 mem 0x80010b07
core   0: 0x80002e86 (0x1c11fa13) andi    s4, gp, 449
core   0: 3 0x80002e86 (0x1c11fa13) x20 0x00000000
core   0: 0x80002e8a (0xc8910203) lb      tp, -887(sp)
core   0: 3 0x80002e8a (0xc8910203) x 4 0x00000000 mem 0x800109cc
core   0: 0x80002e8e (0x0ff0000f) fence   iorw,iorw
core   0: 3 0x80002e8e (0x0ff0000f)
core   0: 0x80002e92 (0x1fb11d03) lh      s10, 507(sp)
core   0: 3 0x80002e92 (0x1fb11d03) x26 0x00000000 mem 0x80010f3e
core   0: 0x80002e96 (0x0000941e) c.add   s0, t2
core   0: 3 0x80002e96 (0x941e) x 8 0x00000001
core   0: 0x80002e98 (0x1e5b8e93) addi    t4, s7, 485
core   0: 3 0x80002e98 (0x1e5b8e93) x29 0x000001e5
core   0: 0x80002e9c (0xb6210183) lb      gp, -1182(sp)
core   0: 3 0x80002e9c (0xb6210183) x 3 0x00000000 mem 0x800108a5
core   0: 0x80002ea0 (0x06414683) lbu     a3, 100(sp)
core   0: 3 0x80002ea0 (0x06414683) x13 0x00000000 mem 0x80010da7
core   0: 0x80002ea4 (0x00008fd9) c.or    a5, a4
core   0: 3 0x80002ea4 (0x8fd9) x15 0x80029ce4
core   0: 0x80002ea6 (0x91d12d03) lw      s10, -1763(sp)
core   0: 3 0x80002ea6 (0x91d12d03) x26 0x00000000 mem 0x80010660
core   0: 0x80002eaa (0x00e0c233) xor     tp, ra, a4
core   0: 3 0x80002eaa (0x00e0c233) x 4 0x80029ce4
core   0: 0x80002eae (0x007738b3) sltu    a7, a4, t2
core   0: 3 0x80002eae (0x007738b3) x17 0x00000000
core   0: 0x80002eb2 (0x13511f03) lh      t5, 309(sp)
core   0: 3 0x80002eb2 (0x13511f03) x30 0x00000000 mem 0x80010e78
core   0: 0x80002eb6 (0x10610203) lb      tp, 262(sp)
core   0: 3 0x80002eb6 (0x10610203) x 4 0x00000000 mem 0x80010e49
core   0: 0x80002eba (0xfff00913) li      s2, -1
core   0: 3 0x80002eba (0xfff00913) x18 0xffffffff
core   0: 0x80002ebe (0x02b34f33) div     t5, t1, a1
core   0: 3 0x80002ebe (0x02b34f33) x30 0x80019e71
core   0: 0x80002ec2 (0x00fe3e33) sltu    t3, t3, a5
core   0: 3 0x80002ec2 (0x00fe3e33) x28 0x00000001
core   0: 0x80002ec6 (0x03317733) remu    a4, sp, s3
core   0: 3 0x80002ec6 (0x03317733) x14 0x80010d43
core   0: 0x80002eca (0xfed00213) li      tp, -19
core   0: 3 0x80002eca (0xfed00213) x 4 0xffffffed
core   0: 0x80002ece (0x01ac39b3) sltu    s3, s8, s10
core   0: 3 0x80002ece (0x01ac39b3) x19 0x00000000
core   0: 0x80002ed2 (0x002f83b3) add     t2, t6, sp
core   0: 3 0x80002ed2 (0x002f83b3) x 7 0x00036ba7
core   0: 0x80002ed6 (0x41960ab3) sub     s5, a2, s9
core   0: 3 0x80002ed6 (0x41960ab3) x21 0x80025e64
core   0: 0x80002eda (0x00001975) c.addi  s2, -3
core   0: 3 0x80002eda (0x1975) x18 0xfffffffc
core   0: 0x80002edc (0xc80d2e37) lui     t3, 0xc80d2
core   0: 3 0x80002edc (0xc80d2e37) x28 0xc80d2000
core   0: 0x80002ee0 (0x032ca833) mulhsu  a6, s9, s2
core   0: 3 0x80002ee0 (0x032ca833) x16 0x00000000
core   0: 0x80002ee4 (0xe5b6a113) slti    sp, a3, -421
core   0: 3 0x80002ee4 (0xe5b6a113) x 2 0x00000000
core   0: 0x80002ee8 (0x00004b35) c.li    s6, 13
core   0: 3 0x80002ee8 (0x4b35) x22 0x0000000d
core   0: 0x80002eea (0x03071433) mulh    s0, a4, a6
core   0: 3 0x80002eea (0x03071433) x 8 0x00000000
core   0: 0x80002eee (0xfe4902e3) beq     s2, tp, pc - 28
core   0: 3 0x80002eee (0xfe4902e3)
core   0: 0x80002ef2 (0x000085bd) c.srai  a1, 15
core   0: 3 0x80002ef2 (0x85bd) x11 0x00000000
core   0: 0x80002ef4 (0x0000e897) auipc   a7, 0xe
core   0: 3 0x80002ef4 (0x0000e897) x17 0x80010ef4
core   0: 0x80002ef8 (0x82e88893) addi    a7, a7, -2002
core   0: 3 0x80002ef8 (0x82e88893) x17 0x80010722
core   0: 0x80002efc (0x94688403) lb      s0, -1722(a7)
core   0: 3 0x80002efc (0x94688403) x 8 0x00000000 mem 0x80010068
core   0: 0x80002f00 (0xa8f8c403) lbu     s0, -1393(a7)
core   0: 3 0x80002f00 (0xa8f8c403) x 8 0x00000000 mem 0x800101b1
core   0: 0x80002f04 (0x75a887a3) sb      s10, 1871(a7)
core   0: 3 0x80002f04 (0x75a887a3) mem 0x80010e71 0x0
core   0: 0x80002f08 (0x010d79b3) and     s3, s10, a6
core   0: 3 0x80002f08 (0x010d79b3) x19 0x00000000
core   0: 0x80002f0c (0xb01cce13) xori    t3, s9, -1279
core   0: 3 0x80002f0c (0xb01cce13) x28 0xfffffb01
core   0: 0x80002f10 (0x49188823) sb      a7, 1168(a7)
core   0: 3 0x80002f10 (0x49188823) mem 0x80010bb2 0x22
core   0: 0x80002f14 (0x032ba9b3) mulhsu  s3, s7, s2
core   0: 3 0x80002f14 (0x032ba9b3) x19 0x00000000
core   0: 0x80002f18 (0x2b88db03) lhu     s6, 696(a7)
core   0: 3 0x80002f18 (0x2b88db03) x22 0x00000000 mem 0x800109da
core   0: 0x80002f1c (0x02871433) mulh    s0, a4, s0
core   0: 3 0x80002f1c (0x02871433) x 8 0x00000000
core   0: 0x80002f20 (0x015e9b93) slli    s7, t4, 21
core   0: 3 0x80002f20 (0x015e9b93) x23 0x3ca00000
core   0: 0x80002f24 (0x5c189623) sh      ra, 1484(a7)
core   0: 3 0x80002f24 (0x5c189623) mem 0x80010cee 0x0000
core   0: 0x80002f28 (0x000088d9) c.andi  s1, 22
core   0: 3 0x80002f28 (0x88d9) x 9 0x00000000
core   0: 0x80002f2a (0x10150f13) addi    t5, a0, 257
core   0: 3 0x80002f2a (0x10150f13) x30 0x80029de5
core   0: 0x80002f2e (0x00a0c933) xor     s2, ra, a0
core   0: 3 0x80002f2e (0x00a0c933) x18 0x80029ce4
core   0: 0x80002f32 (0x04f4cc17) auipc   s8, 0x4f4c
core   0: 3 0x80002f32 (0x04f4cc17) x24 0x84f4ef32
core   0: 0x80002f36 (0x95288f83) lb      t6, -1710(a7)
core   0: 3 0x80002f36 (0x95288f83) x31 0x00000000 mem 0x80010074
core   0: 0x80002f3a (0x0ff0000f) fence   iorw,iorw
core   0: 3 0x80002f3a (0x0ff0000f)
core   0: 0x80002f3e (0x01d29eb3) sll     t4, t0, t4
core   0: 3 0x80002f3e (0x01d29eb3) x29 0x0035dca0
core   0: 0x80002f42 (0x0a38c203) lbu     tp, 163(a7)
core   0: 3 0x80002f42 (0x0a38c203) x 4 0x00000000 mem 0x800107c5
core   0: 0x80002f46 (0x6178c583) lbu     a1, 1559(a7)
core   0: 3 0x80002f46 (0x6178c583) x11 0x00000000 mem 0x80010d39
core   0: 0x80002f4a (0xc9f88da3) sb      t6, -869(a7)
core   0: 3 0x80002f4a (0xc9f88da3) mem 0x800103bd 0x0
core   0: 0x80002f4e (0xb618cc03) lbu     s8, -1183(a7)
core   0: 3 0x80002f4e (0xb618cc03) x24 0x00000000 mem 0x80010283
core   0: 0x80002f52 (0x56058913) addi    s2, a1, 1376
core   0: 3 0x80002f52 (0x56058913) x18 0x00000560
core   0: 0x80002f56 (0xe5788b23) sb      s7, -426(a7)
core   0: 3 0x80002f56 (0xe5788b23) mem 0x80010578 0x0
core   0: 0x80002f5a (0xc2c6e293) ori     t0, a3, -980
core   0: 3 0x80002f5a (0xc2c6e293) x 5 0xfffffc2c
core   0: 0x80002f5e (0x0000883a) c.mv    a6, a4
core   0: 3 0x80002f5e (0x883a) x16 0x80010d43
core   0: 0x80002f60 (0x03c692b3) mulh    t0, a3, t3
core   0: 3 0x80002f60 (0x03c692b3) x 5 0x00000000
core   0: 0x80002f64 (0x84faa813) slti    a6, s5, -1969
core   0: 3 0x80002f64 (0x84faa813) x16 0x00000001
core   0: 0x80002f68 (0x126880a3) sb      t1, 289(a7)
core   0: 3 0x80002f68 (0x126880a3) mem 0x80010843 0x71
core   0: 0x80002f6c (0x2088d203) lhu     tp, 520(a7)
core   0: 3 0x80002f6c (0x2088d203) x 4 0x00000000 mem 0x8001092a
core   0: 0x80002f70 (0x24388f83) lb      t6, 579(a7)
core   0: 3 0x80002f70 (0x24388f83) x31 0xffffffc4 mem 0x80010965
core   0: 0x80002f74 (0x00008c61) c.and   s0, s0
core   0: 3 0x80002f74 (0x8c61) x 8 0x00000000
core   0: 0x80002f76 (0x4008df93) srai    t6, a7, 0
core   0: 3 0x80002f76 (0x4008df93) x31 0x80010722
core   0: 0x80002f7a (0x00004ae1) c.li    s5, 24
core   0: 3 0x80002f7a (0x4ae1) x21 0x00000018
core   0: 0x80002f7c (0x2f38c403) lbu     s0, 755(a7)
core   0: 3 0x80002f7c (0x2f38c403) x 8 0x00000000 mem 0x80010a15
core   0: 0x80002f80 (0x73288523) sb      s2, 1834(a7)
core   0: 3 0x80002f80 (0x73288523) mem 0x80010e4c 0x60
core   0: 0x80002f84 (0x00000001) c.nop
core   0: 3 0x80002f84 (0x0001)
core   0: 0x80002f86 (0x00006cf1) c.lui   s9, 0x1c
core   0: 3 0x80002f86 (0x6cf1) x25 0x0001c000
core   0: 0x80002f88 (0xcb78c303) lbu     t1, -841(a7)
core   0: 3 0x80002f88 (0xcb78c303) x 6 0x00000000 mem 0x800103d9
core   0: 0x80002f8c (0xd1b88203) lb      tp, -741(a7)
core   0: 3 0x80002f8c (0xd1b88203) x 4 0x00000000 mem 0x8001043d
core   0: 0x80002f90 (0xb9488003) lb      zero, -1132(a7)
core   0: 3 0x80002f90 (0xb9488003) mem 0x800102b6
core   0: 0x80002f94 (0xb8489423) sh      tp, -1144(a7)
core   0: 3 0x80002f94 (0xb8489423) mem 0x800102aa 0x0000
core   0: 0x80002f98 (0x40465bb3) sra     s7, a2, tp
core   0: 3 0x80002f98 (0x40465bb3) x23 0x80025e64
core   0: 0x80002f9c (0xc8a8a083) lw      ra, -886(a7)
core   0: 3 0x80002f9c (0xc8a8a083) x 1 0x00000000 mem 0x800103ac
core   0: 0x80002fa0 (0xdf2882a3) sb      s2, -539(a7)
core   0: 3 0x80002fa0 (0xdf2882a3) mem 0x80010507 0x60
core   0: 0x80002fa4 (0x01b9aa33) slt     s4, s3, s11
core   0: 3 0x80002fa4 (0x01b9aa33) x20 0x00000001
core   0: 0x80002fa8 (0x5e489303) lh      t1, 1508(a7)
core   0: 3 0x80002fa8 (0x5e489303) x 6 0x00000000 mem 0x80010d06
core   0: 0x80002fac (0x00006b3d) c.lui   s6, 0xf
core   0: 3 0x80002fac (0x6b3d) x22 0x0000f000
core   0: 0x80002fae (0xe5888e23) sb      s8, -420(a7)
core   0: 3 0x80002fae (0xe5888e23) mem 0x8001057e 0x0
core   0: 0x80002fb2 (0x0000d797) auipc   a5, 0xd
core   0: 3 0x80002fb2 (0x0000d797) x15 0x8000ffb2
core   0: 0x80002fb6 (0x1bb78793) addi    a5, a5, 443
core   0: 3 0x80002fb6 (0x1bb78793) x15 0x8001016d
core   0: 0x80002fba (0x0000d117) auipc   sp, 0xd
core   0: 3 0x80002fba (0x0000d117) x 2 0x8000ffba
core   0: 0x80002fbe (0x49910113) addi    sp, sp, 1177
core   0: 3 0x80002fbe (0x49910113) x 2 0x80010453
core   0: 0x80002fc2 (0x0000d097) auipc   ra, 0xd
core   0: 3 0x80002fc2 (0x0000d097) x 1 0x8000ffc2
core   0: 0x80002fc6 (0x31408093) addi    ra, ra, 788
core   0: 3 0x80002fc6 (0x31408093) x 1 0x800102d6
core   0: 0x80002fca (0x0000ee97) auipc   t4, 0xe
core   0: 3 0x80002fca (0x0000ee97) x29 0x80010fca
core   0: 0x80002fce (0x81be8e93) addi    t4, t4, -2021
core   0: 3 0x80002fce (0x81be8e93) x29 0x800107e5
core   0: 0x80002fd2 (0x25c78c83) lb      s9, 604(a5)
core   0: 3 0x80002fd2 (0x25c78c83) x25 0x00000000 mem 0x800103c9
core   0: 0x80002fd6 (0xe9708f83) lb      t6, -361(ra)
core   0: 3 0x80002fd6 (0xe9708f83) x31 0x00000000 mem 0x8001016d
core   0: 0x80002fda (0xda408903) lb      s2, -604(ra)
core   0: 3 0x80002fda (0xda408903) x18 0x00000000 mem 0x8001007a
core   0: 0x80002fde (0x0960ca83) lbu     s5, 150(ra)
core   0: 3 0x80002fde (0x0960ca83) x21 0x00000000 mem 0x8001036c
core   0: 0x80002fe2 (0xfd311803) lh      a6, -45(sp)
core   0: 3 0x80002fe2 (0xfd311803) x16 0x00000000 mem 0x80010426
core   0: 0x80002fe6 (0x71278a83) lb      s5, 1810(a5)
core   0: 3 0x80002fe6 (0x71278a83) x21 0x00000000 mem 0x8001087f
core   0: 0x80002fea (0x25979983) lh      s3, 601(a5)
core   0: 3 0x80002fea (0x25979983) x19 0x00000000 mem 0x800103c6
core   0: 0x80002fee (0x788e8c83) lb      s9, 1928(t4)
core   0: 3 0x80002fee (0x788e8c83) x25 0x00000000 mem 0x80010f6d
core   0: 0x80002ff2 (0x6cc083a3) sb      a2, 1735(ra)
core   0: 3 0x80002ff2 (0x6cc083a3) mem 0x8001099d 0x64
core   0: 0x80002ff6 (0x527792a3) sh      t2, 1317(a5)
core   0: 3 0x80002ff6 (0x527792a3) mem 0x80010692 0x6ba7
core   0: 0x80002ffa (0x249ec483) lbu     s1, 585(t4)
core   0: 3 0x80002ffa (0x249ec483) x 9 0x00000000 mem 0x80010a2e
core   0: 0x80002ffe (0x7d009f83) lh      t6, 2000(ra)
core   0: 3 0x80002ffe (0x7d009f83) x31 0x00000000 mem 0x80010aa6
core   0: 0x80003002 (0x01f10703) lb      a4, 31(sp)
core   0: 3 0x80003002 (0x01f10703) x14 0x00000000 mem 0x80010472
core   0: 0x80003006 (0x7c6ea1a3) sw      t1, 1987(t4)
core   0: 3 0x80003006 (0x7c6ea1a3) mem 0x80010fa8 0x00000000
core   0: 0x8000300a (0x1c1788a3) sb      ra, 465(a5)
core   0: 3 0x8000300a (0x1c1788a3) mem 0x8001033e 0xd6
core   0: 0x8000300e (0x7e308023) sb      gp, 2016(ra)
core   0: 3 0x8000300e (0x7e308023) mem 0x80010ab6 0x0
core   0: 0x80003012 (0x3aaecf83) lbu     t6, 938(t4)
core   0: 3 0x80003012 (0x3aaecf83) x31 0x00000000 mem 0x80010b8f
core   0: 0x80003016 (0x60578403) lb      s0, 1541(a5)
core   0: 3 0x80003016 (0x60578403) x 8 0x00000000 mem 0x80010772
core   0: 0x8000301a (0x3bce8b23) sb      t3, 950(t4)
core   0: 3 0x8000301a (0x3bce8b23) mem 0x80010b9b 0x1
core   0: 0x8000301e (0x6587cb83) lbu     s7, 1624(a5)
core   0: 3 0x8000301e (0x6587cb83) x23 0x00000000 mem 0x800107c5
core   0: 0x80003022 (0xd930c983) lbu     s3, -621(ra)
core   0: 3 0x80003022 (0xd930c983) x19 0x00000000 mem 0x80010069
core   0: 0x80003026 (0xfc214683) lbu     a3, -62(sp)
core   0: 3 0x80003026 (0xfc214683) x13 0x00000000 mem 0x80010415
core   0: 0x8000302a (0x52b78d03) lb      s10, 1323(a5)
core   0: 3 0x8000302a (0x52b78d03) x26 0x00000000 mem 0x80010698
core   0: 0x8000302e (0xfea14a83) lbu     s5, -22(sp)
core   0: 3 0x8000302e (0xfea14a83) x21 0x00000000 mem 0x8001043d
core   0: 0x80003032 (0x6447cc83) lbu     s9, 1604(a5)
core   0: 3 0x80003032 (0x6447cc83) x25 0x00000000 mem 0x800107b1
core   0: 0x80003036 (0x50eec283) lbu     t0, 1294(t4)
core   0: 3 0x80003036 (0x50eec283) x 5 0x00000000 mem 0x80010cf3
core   0: 0x8000303a (0xee4e89a3) sb      tp, -269(t4)
core   0: 3 0x8000303a (0xee4e89a3) mem 0x800106d8 0x0
core   0: 0x8000303e (0xa34e8f83) lb      t6, -1484(t4)
core   0: 3 0x8000303e (0xa34e8f83) x31 0x00000000 mem 0x80010219
core   0: 0x80003042 (0x7617c583) lbu     a1, 1889(a5)
core   0: 3 0x80003042 (0x7617c583) x11 0x00000000 mem 0x800108ce
core   0: 0x80003046 (0xfda10183) lb      gp, -38(sp)
core   0: 3 0x80003046 (0xfda10183) x 3 0x00000000 mem 0x8001042d
core   0: 0x8000304a (0xea0e8c03) lb      s8, -352(t4)
core   0: 3 0x8000304a (0xea0e8c03) x24 0x00000000 mem 0x80010685
core   0: 0x8000304e (0x0000e917) auipc   s2, 0xe
core   0: 3 0x8000304e (0x0000e917) x18 0x8001104e
core   0: 0x80003052 (0x9ed90913) addi    s2, s2, -1555
core   0: 3 0x80003052 (0x9ed90913) x18 0x80010a3b
core   0: 0x80003056 (0x00c149b3) xor     s3, sp, a2
core   0: 3 0x80003056 (0x00c149b3) x19 0x00035a37
core   0: 0x8000305a (0xf1f94683) lbu     a3, -225(s2)
core   0: 3 0x8000305a (0xf1f94683) x13 0x00000000 mem 0x8001095a
core   0: 0x8000305e (0xf1f90583) lb      a1, -225(s2)
core   0: 3 0x8000305e (0xf1f90583) x11 0x00000000 mem 0x8001095a
core   0: 0x80003062 (0xfae90223) sb      a4, -92(s2)
core   0: 3 0x80003062 (0xfae90223) mem 0x800109df 0x0
core   0: 0x80003066 (0x00000352) c.slli  t1, 20
core   0: 3 0x80003066 (0x0352) x 6 0x00000000
core   0: 0x80003068 (0xfdd90ba3) sb      t4, -41(s2)
core   0: 3 0x80003068 (0xfdd90ba3) mem 0x80010a12 0xe5
core   0: 0x8000306c (0xf69906a3) sb      s1, -147(s2)
core   0: 3 0x8000306c (0xf69906a3) mem 0x800109a8 0x0
core   0: 0x80003070 (0x04690f83) lb      t6, 70(s2)
core   0: 3 0x80003070 (0x04690f83) x31 0x00000000 mem 0x80010a81
core   0: 0x80003074 (0xf93901a3) sb      s3, -125(s2)
core   0: 3 0x80003074 (0xf93901a3) mem 0x800109be 0x37
core   0: 0x80003078 (0xf9494783) lbu     a5, -108(s2)
core   0: 3 0x80003078 (0xf9494783) x15 0x00000000 mem 0x800109cf
core   0: 0x8000307c (0x02b95c03) lhu     s8, 43(s2)
core   0: 3 0x8000307c (0x02b95c03) x24 0x00000000 mem 0x80010a66
core   0: 0x80003080 (0xfb594683) lbu     a3, -75(s2)
core   0: 3 0x80003080 (0xfb594683) x13 0x00000000 mem 0x800109f0
core   0: 0x80003084 (0x0e890fa3) sb      s0, 255(s2)
core   0: 3 0x80003084 (0x0e890fa3) mem 0x80010b3a 0x0
core   0: 0x80003088 (0xf5c90c03) lb      s8, -164(s2)
core   0: 3 0x80003088 (0xf5c90c03) x24 0x00000000 mem 0x80010997
core   0: 0x8000308c (0x07b94403) lbu     s0, 123(s2)
core   0: 3 0x8000308c (0x07b94403) x 8 0x00000000 mem 0x80010ab6
core   0: 0x80003090 (0x0b995e03) lhu     t3, 185(s2)
core   0: 3 0x80003090 (0x0b995e03) x28 0x00000000 mem 0x80010af4
core   0: 0x80003094 (0x01490d03) lb      s10, 20(s2)
core   0: 3 0x80003094 (0x01490d03) x26 0x00000000 mem 0x80010a4f
core   0: 0x80003098 (0x0f290da3) sb      s2, 251(s2)
core   0: 3 0x80003098 (0x0f290da3) mem 0x80010b36 0x3b
core   0: 0x8000309c (0x0fb90403) lb      s0, 251(s2)
core   0: 3 0x8000309c (0x0fb90403) x 8 0x0000003b mem 0x80010b36
core   0: 0x800030a0 (0x0000d117) auipc   sp, 0xd
core   0: 3 0x800030a0 (0x0000d117) x 2 0x800100a0
core   0: 0x800030a4 (0x79810113) addi    sp, sp, 1944
core   0: 3 0x800030a4 (0x79810113) x 2 0x80010838
core   0: 0x800030a8 (0x0000fe97) auipc   t4, 0xf
core   0: 3 0x800030a8 (0x0000fe97) x29 0x800120a8
core   0: 0x800030ac (0x49be8e93) addi    t4, t4, 1179
core   0: 3 0x800030ac (0x49be8e93) x29 0x80012543
core   0: 0x800030b0 (0xffc15583) lhu     a1, -4(sp)
core   0: 3 0x800030b0 (0xffc15583) x11 0x00000000 mem 0x80010834
core   0: 0x800030b4 (0xff711c23) sh      s7, -8(sp)
core   0: 3 0x800030b4 (0xff711c23) mem 0x80010830 0x0000
core   0: 0x800030b8 (0x254eca83) lbu     s5, 596(t4)
core   0: 3 0x800030b8 (0x254eca83) x21 0x00000000 mem 0x80012797
core   0: 0x800030bc (0x01010323) sb      a6, 6(sp)
core   0: 3 0x800030bc (0x01010323) mem 0x8001083e 0x0
core   0: 0x800030c0 (0x2e6e8003) lb      zero, 742(t4)
core   0: 3 0x800030c0 (0x2e6e8003) mem 0x80012829
core   0: 0x800030c4 (0xff310a83) lb      s5, -13(sp)
core   0: 3 0x800030c4 (0xff310a83) x21 0x00000000 mem 0x8001082b
core   0: 0x800030c8 (0x561ec203) lbu     tp, 1377(t4)
core   0: 3 0x800030c8 (0x561ec203) x 4 0x00000000 mem 0x80012aa4
core   0: 0x800030cc (0xfeb11e23) sh      a1, -4(sp)
core   0: 3 0x800030cc (0xfeb11e23) mem 0x80010834 0x0000
core   0: 0x800030d0 (0x5e4e8b23) sb      tp, 1526(t4)
core   0: 3 0x800030d0 (0x5e4e8b23) mem 0x80012b39 0x0
core   0: 0x800030d4 (0xff214c83) lbu     s9, -14(sp)
core   0: 3 0x800030d4 (0xff214c83) x25 0x00000000 mem 0x8001082a
core   0: 0x800030d8 (0x013104a3) sb      s3, 9(sp)
core   0: 3 0x800030d8 (0x013104a3) mem 0x80010841 0x37
core   0: 0x800030dc (0x00114c83) lbu     s9, 1(sp)
core   0: 3 0x800030dc (0x00114c83) x25 0x00000000 mem 0x80010839
core   0: 0x800030e0 (0xfe6e8003) lb      zero, -26(t4)
core   0: 3 0x800030e0 (0xfe6e8003) mem 0x80012529
core   0: 0x800030e4 (0xfc6e8c03) lb      s8, -58(t4)
core   0: 3 0x800030e4 (0xfc6e8c03) x24 0x00000000 mem 0x80012509
core   0: 0x800030e8 (0xfa2e8d23) sb      sp, -70(t4)
core   0: 3 0x800030e8 (0xfa2e8d23) mem 0x800124fd 0x38
core   0: 0x800030ec (0x00710703) lb      a4, 7(sp)
core   0: 3 0x800030ec (0x00710703) x14 0x00000000 mem 0x8001083f
core   0: 0x800030f0 (0x523ed483) lhu     s1, 1315(t4)
core   0: 3 0x800030f0 (0x523ed483) x 9 0x00000000 mem 0x80012a66
core   0: 0x800030f4 (0xff714483) lbu     s1, -9(sp)
core   0: 3 0x800030f4 (0xff714483) x 9 0x00000000 mem 0x8001082f
core   0: 0x800030f8 (0xd71e9983) lh      s3, -655(t4)
core   0: 3 0x800030f8 (0xd71e9983) x19 0x00000000 mem 0x800122b4
core   0: 0x800030fc (0x0000e117) auipc   sp, 0xe
core   0: 3 0x800030fc (0x0000e117) x 2 0x800110fc
core   0: 0x80003100 (0xb6e10113) addi    sp, sp, -1170
core   0: 3 0x80003100 (0xb6e10113) x 2 0x80010c6a
core   0: 0x80003104 (0x0001ce17) auipc   t3, 0x1c
core   0: 3 0x80003104 (0x0001ce17) x28 0x8001f104
core   0: 0x80003108 (0xa1fe0e13) addi    t3, t3, -1505
core   0: 3 0x80003108 (0xa1fe0e13) x28 0x8001eb23
core   0: 0x8000310c (0x966e0e23) sb      t1, -1668(t3)
core   0: 3 0x8000310c (0x966e0e23) mem 0x8001e49f 0x0
core   0: 0x80003110 (0x24d11223) sh      a3, 580(sp)
core   0: 3 0x80003110 (0x24d11223) mem 0x80010eae 0x0000
core   0: 0x80003114 (0x0b1e12a3) sh      a7, 165(t3)
core   0: 3 0x80003114 (0x0b1e12a3) mem 0x8001ebc8 0x0722
core   0: 0x80003118 (0x61de0023) sb      t4, 1536(t3)
core   0: 3 0x80003118 (0x61de0023) mem 0x8001f123 0x43
core   0: 0x8000311c (0x89c10383) lb      t2, -1892(sp)
core   0: 3 0x8000311c (0x89c10383) x 7 0x00000000 mem 0x80010506
core   0: 0x80003120 (0x0f412f23) sw      s4, 254(sp)
core   0: 3 0x80003120 (0x0f412f23) mem 0x80010d68 0x00000001
core   0: 0x80003124 (0x587e0723) sb      t2, 1422(t3)
core   0: 3 0x80003124 (0x587e0723) mem 0x8001f0b1 0x0
core   0: 0x80003128 (0xbae10183) lb      gp, -1106(sp)
core   0: 3 0x80003128 (0xbae10183) x 3 0x00000000 mem 0x80010818
core   0: 0x8000312c (0x11211b03) lh      s6, 274(sp)
core   0: 3 0x8000312c (0x11211b03) x22 0x000041b6 mem 0x80010d7c
core   0: 0x80003130 (0xb08e4a83) lbu     s5, -1272(t3)
core   0: 3 0x80003130 (0xb08e4a83) x21 0x00000000 mem 0x8001e62b
core   0: 0x80003134 (0x75ae0283) lb      t0, 1882(t3)
core   0: 3 0x80003134 (0x75ae0283) x 5 0x00000000 mem 0x8001f27d
core   0: 0x80003138 (0x26ae4403) lbu     s0, 618(t3)
core   0: 3 0x80003138 (0x26ae4403) x 8 0x00000000 mem 0x8001ed8d
core   0: 0x8000313c (0xe1110083) lb      ra, -495(sp)
core   0: 3 0x8000313c (0xe1110083) x 1 0x00000000 mem 0x80010a7b
core   0: 0x80003140 (0xa61e0283) lb      t0, -1439(t3)
core   0: 3 0x80003140 (0xa61e0283) x 5 0x00000000 mem 0x8001e584
core   0: 0x80003144 (0x0000d697) auipc   a3, 0xd
core   0: 3 0x80003144 (0x0000d697) x13 0x80010144
core   0: 0x80003148 (0x06b68693) addi    a3, a3, 107
core   0: 3 0x80003148 (0x06b68693) x13 0x800101af
core   0: 0x8000314c (0x0001b397) auipc   t2, 0x1b
core   0: 3 0x8000314c (0x0001b397) x 7 0x8001e14c
core   0: 0x80003150 (0x4ff38393) addi    t2, t2, 1279
core   0: 3 0x80003150 (0x4ff38393) x 7 0x8001e64b
core   0: 0x80003154 (0xffd6c703) lbu     a4, -3(a3)
core   0: 3 0x80003154 (0xffd6c703) x14 0x00000000 mem 0x800101ac
core   0: 0x80003158 (0xfd73d583) lhu     a1, -41(t2)
core   0: 3 0x80003158 (0xfd73d583) x11 0x00000000 mem 0x8001e622
core   0: 0x8000315c (0xffc6cf83) lbu     t6, -4(a3)
core   0: 3 0x8000315c (0xffc6cf83) x31 0x00000000 mem 0x800101ab
core   0: 0x80003160 (0x02438323) sb      tp, 38(t2)
core   0: 3 0x80003160 (0x02438323) mem 0x8001e671 0x0
core   0: 0x80003164 (0xffd6c003) lbu     zero, -3(a3)
core   0: 3 0x80003164 (0xffd6c003) mem 0x800101ac
core   0: 0x80003168 (0xfc23c803) lbu     a6, -62(t2)
core   0: 3 0x80003168 (0xfc23c803) x16 0x00000000 mem 0x8001e60d
core   0: 0x8000316c (0x01038f23) sb      a6, 30(t2)
core   0: 3 0x8000316c (0x01038f23) mem 0x8001e669 0x0
core   0: 0x80003170 (0x03a3ce03) lbu     t3, 58(t2)
core   0: 3 0x80003170 (0x03a3ce03) x28 0x00000000 mem 0x8001e685
core   0: 0x80003174 (0xfea3c903) lbu     s2, -22(t2)
core   0: 3 0x80003174 (0xfea3c903) x18 0x00000000 mem 0x8001e635
core   0: 0x80003178 (0xfe0688a3) sb      zero, -15(a3)
core   0: 3 0x80003178 (0xfe0688a3) mem 0x800101a0 0x0
core   0: 0x8000317c (0xff369ea3) sh      s3, -3(a3)
core   0: 3 0x8000317c (0xff369ea3) mem 0x800101ac 0x0000
core   0: 0x80003180 (0xfe43c403) lbu     s0, -28(t2)
core   0: 3 0x80003180 (0xfe43c403) x 8 0x00000000 mem 0x8001e62f
core   0: 0x80003184 (0xfd13c983) lbu     s3, -47(t2)
core   0: 3 0x80003184 (0xfd13c983) x19 0x00000000 mem 0x8001e61c
core   0: 0x80003188 (0xffc6ca03) lbu     s4, -4(a3)
core   0: 3 0x80003188 (0xffc6ca03) x20 0x00000000 mem 0x800101ab
core   0: 0x8000318c (0x02c3cb83) lbu     s7, 44(t2)
core   0: 3 0x8000318c (0x02c3cb83) x23 0x00000000 mem 0x8001e677
core   0: 0x80003190 (0x01938203) lb      tp, 25(t2)
core   0: 3 0x80003190 (0x01938203) x 4 0x00000000 mem 0x8001e664
core   0: 0x80003194 (0x0000ec17) auipc   s8, 0xe
core   0: 3 0x80003194 (0x0000ec17) x24 0x80011194
core   0: 0x80003198 (0xd74c0c13) addi    s8, s8, -652
core   0: 3 0x80003198 (0xd74c0c13) x24 0x80010f08
core   0: 0x8000319c (0x0000d817) auipc   a6, 0xd
core   0: 3 0x8000319c (0x0000d817) x16 0x8001019c
core   0: 0x800031a0 (0x79e80813) addi    a6, a6, 1950
core   0: 3 0x800031a0 (0x79e80813) x16 0x8001093a
core   0: 0x800031a4 (0x0000e217) auipc   tp, 0xe
core   0: 3 0x800031a4 (0x0000e217) x 4 0x800111a4
core   0: 0x800031a8 (0xc9220213) addi    tp, tp, -878
core   0: 3 0x800031a8 (0xc9220213) x 4 0x80010e36
core   0: 0x800031ac (0xcef20a83) lb      s5, -785(tp)
core   0: 3 0x800031ac (0xcef20a83) x21 0x00000000 mem 0x80010b25
core   0: 0x800031b0 (0x08fc0a03) lb      s4, 143(s8)
core   0: 3 0x800031b0 (0x08fc0a03) x20 0x00000000 mem 0x80010f97
core   0: 0x800031b4 (0x0000dd17) auipc   s10, 0xd
core   0: 3 0x800031b4 (0x0000dd17) x26 0x800101b4
core   0: 0x800031b8 (0x678d0d13) addi    s10, s10, 1656
core   0: 3 0x800031b8 (0x678d0d13) x26 0x8001082c
core   0: 0x800031bc (0x01ec4303) lbu     t1, 30(s8)
core   0: 3 0x800031bc (0x01ec4303) x 6 0x00000000 mem 0x80010f26
core   0: 0x800031c0 (0xf4184183) lbu     gp, -191(a6)
core   0: 3 0x800031c0 (0xf4184183) x 3 0x00000000 mem 0x8001087b
core   0: 0x800031c4 (0xffcd5103) lhu     sp, -4(s10)
core   0: 3 0x800031c4 (0xffcd5103) x 2 0x00000000 mem 0x80010828
core   0: 0x800031c8 (0xffcc08a3) sb      t3, -15(s8)
core   0: 3 0x800031c8 (0xffcc08a3) mem 0x80010ef9 0x0
core   0: 0x800031cc (0x0000e597) auipc   a1, 0xe
core   0: 3 0x800031cc (0x0000e597) x11 0x800111cc
core   0: 0x800031d0 (0xe6058593) addi    a1, a1, -416
core   0: 3 0x800031d0 (0xe6058593) x11 0x8001102c
core   0: 0x800031d4 (0xbb481f03) lh      t5, -1100(a6)
core   0: 3 0x800031d4 (0xbb481f03) x30 0x00000000 mem 0x800104ee
core   0: 0x800031d8 (0x01dd01a3) sb      t4, 3(s10)
core   0: 3 0x800031d8 (0x01dd01a3) mem 0x8001082f 0x43
core   0: 0x800031dc (0xfdb58f03) lb      t5, -37(a1)
core   0: 3 0x800031dc (0xfdb58f03) x30 0x00000000 mem 0x80011007
core   0: 0x800031e0 (0x0d4c1f03) lh      t5, 212(s8)
core   0: 3 0x800031e0 (0x0d4c1f03) x30 0x00000000 mem 0x80010fdc
core   0: 0x800031e4 (0x48a84783) lbu     a5, 1162(a6)
core   0: 3 0x800031e4 (0x48a84783) x15 0x00000000 mem 0x80010dc4
core   0: 0x800031e8 (0x0adc4703) lbu     a4, 173(s8)
core   0: 3 0x800031e8 (0x0adc4703) x14 0x00000000 mem 0x80010fb5
core   0: 0x800031ec (0xf06808a3) sb      t1, -239(a6)
core   0: 3 0x800031ec (0xf06808a3) mem 0x8001084b 0x0
core   0: 0x800031f0 (0xfcd58183) lb      gp, -51(a1)
core   0: 3 0x800031f0 (0xfcd58183) x 3 0x00000000 mem 0x80010ff9
core   0: 0x800031f4 (0x62d84e03) lbu     t3, 1581(a6)
core   0: 3 0x800031f4 (0x62d84e03) x28 0x00000000 mem 0x80010f67
core   0: 0x800031f8 (0xff9d4403) lbu     s0, -7(s10)
core   0: 3 0x800031f8 (0xff9d4403) x 8 0x00000000 mem 0x80010825
core   0: 0x800031fc (0x9ab24983) lbu     s3, -1621(tp)
core   0: 3 0x800031fc (0x9ab24983) x19 0x00000000 mem 0x800107e1
core   0: 0x80003200 (0xd5480903) lb      s2, -684(a6)
core   0: 3 0x80003200 (0xd5480903) x18 0x00000000 mem 0x8001068e
core   0: 0x80003204 (0xfd424003) lbu     zero, -44(tp)
core   0: 3 0x80003204 (0xfd424003) mem 0x80010e0a
core   0: 0x80003208 (0xfe95c403) lbu     s0, -23(a1)
core   0: 3 0x80003208 (0xfe95c403) x 8 0x00000000 mem 0x80011015
core   0: 0x8000320c (0xfd020623) sb      a6, -52(tp)
core   0: 3 0x8000320c (0xfd020623) mem 0x80010e02 0x3a
core   0: 0x80003210 (0xfe259403) lh      s0, -30(a1)
core   0: 3 0x80003210 (0xfe259403) x 8 0x00000000 mem 0x8001100e
core   0: 0x80003214 (0xff158883) lb      a7, -15(a1)
core   0: 3 0x80003214 (0xff158883) x17 0x00000000 mem 0x8001101d
core   0: 0x80003218 (0x1d520103) lb      sp, 469(tp)
core   0: 3 0x80003218 (0x1d520103) x 2 0x00000000 mem 0x8001100b
core   0: 0x8000321c (0x018d1323) sh      s8, 6(s10)
core   0: 3 0x8000321c (0x018d1323) mem 0x80010832 0x0f08
core   0: 0x80003220 (0xf2920b03) lb      s6, -215(tp)
core   0: 3 0x80003220 (0xf2920b03) x22 0x00000000 mem 0x80010d5f
core   0: 0x80003224 (0x002d1703) lh      a4, 2(s10)
core   0: 3 0x80003224 (0x002d1703) x14 0x00004300 mem 0x8001082e
core   0: 0x80003228 (0xff85aa03) lw      s4, -8(a1)
core   0: 3 0x80003228 (0xff85aa03) x20 0x94020000 mem 0x80011024
core   0: 0x8000322c (0xff0d5183) lhu     gp, -16(s10)
core   0: 3 0x8000322c (0xff0d5183) x 3 0x00000000 mem 0x8001081c
core   0: 0x80003230 (0xf9021e83) lh      t4, -112(tp)
core   0: 3 0x80003230 (0xf9021e83) x29 0x00000000 mem 0x80010dc6
core   0: 0x80003234 (0x00859403) lh      s0, 8(a1)
core   0: 3 0x80003234 (0x00859403) x 8 0x00000000 mem 0x80011034
core   0: 0x80003238 (0xffbd4283) lbu     t0, -5(s10)
core   0: 3 0x80003238 (0xffbd4283) x 5 0x00000000 mem 0x80010827
core   0: 0x8000323c (0xfe559323) sh      t0, -26(a1)
core   0: 3 0x8000323c (0xfe559323) mem 0x80011012 0x0000
core   0: 0x80003240 (0xad324903) lbu     s2, -1325(tp)
core   0: 3 0x80003240 (0xad324903) x18 0x00000000 mem 0x80010909
core   0: 0x80003244 (0xff4d0a03) lb      s4, -12(s10)
core   0: 3 0x80003244 (0xff4d0a03) x20 0x00000000 mem 0x80010820
core   0: 0x80003248 (0x53884283) lbu     t0, 1336(a6)
core   0: 3 0x80003248 (0x53884283) x 5 0x00000000 mem 0x80010e72
core   0: 0x8000324c (0x02fc4403) lbu     s0, 47(s8)
core   0: 3 0x8000324c (0x02fc4403) x 8 0x00000000 mem 0x80010f37
core   0: 0x80003250 (0xfd258f83) lb      t6, -46(a1)
core   0: 3 0x80003250 (0xfd258f83) x31 0x00000000 mem 0x80010ffe
core   0: 0x80003254 (0x0000f317) auipc   t1, 0xf
core   0: 3 0x80003254 (0x0000f317) x 6 0x80012254
core   0: 0x80003258 (0xd3d30313) addi    t1, t1, -707
core   0: 3 0x80003258 (0xd3d30313) x 6 0x80011f91
core   0: 0x8000325c (0x00011a97) auipc   s5, 0x11
core   0: 3 0x8000325c (0x00011a97) x21 0x8001425c
core   0: 0x80003260 (0xee4a8a93) addi    s5, s5, -284
core   0: 3 0x80003260 (0xee4a8a93) x21 0x80014140
core   0: 0x80003264 (0x00013b17) auipc   s6, 0x13
core   0: 3 0x80003264 (0x00013b17) x22 0x80016264
core   0: 0x80003268 (0xb71b0b13) addi    s6, s6, -1167
core   0: 3 0x80003268 (0xb71b0b13) x22 0x80015dd5
core   0: 0x8000326c (0x00010117) auipc   sp, 0x10
core   0: 3 0x8000326c (0x00010117) x 2 0x8001326c
core   0: 0x80003270 (0x90c10113) addi    sp, sp, -1780
core   0: 3 0x80003270 (0x90c10113) x 2 0x80012b78
core   0: 0x80003274 (0x0c6a9d23) sh      t1, 218(s5)
core   0: 3 0x80003274 (0x0c6a9d23) mem 0x8001421a 0x1f91
core   0: 0x80003278 (0x0cbb11a3) sh      a1, 195(s6)
core   0: 3 0x80003278 (0x0cbb11a3) mem 0x80015e98 0x102c
core   0: 0x8000327c (0x01eb4583) lbu     a1, 30(s6)
core   0: 3 0x8000327c (0x01eb4583) x11 0x00000000 mem 0x80015df3
core   0: 0x80003280 (0x09da8e23) sb      t4, 156(s5)
core   0: 3 0x80003280 (0x09da8e23) mem 0x800141dc 0x0
core   0: 0x80003284 (0x00a100a3) sb      a0, 1(sp)
core   0: 3 0x80003284 (0x00a100a3) mem 0x80012b79 0xe4
core   0: 0x80003288 (0xfaaadf83) lhu     t6, -86(s5)
core   0: 3 0x80003288 (0xfaaadf83) x31 0x00000000 mem 0x800140ea
core   0: 0x8000328c (0xff934f03) lbu     t5, -7(t1)
core   0: 3 0x8000328c (0xff934f03) x30 0x00000000 mem 0x80011f8a
core   0: 0x80003290 (0x05fa9b23) sh      t6, 86(s5)
core   0: 3 0x80003290 (0x05fa9b23) mem 0x80014196 0x0000
core   0: 0x80003294 (0x01c104a3) sb      t3, 9(sp)
core   0: 3 0x80003294 (0x01c104a3) mem 0x80012b81 0x0
core   0: 0x80003298 (0xf27b1c03) lh      s8, -217(s6)
core   0: 3 0x80003298 (0xf27b1c03) x24 0x00000000 mem 0x80015cfc
core   0: 0x8000329c (0x04f34e83) lbu     t4, 79(t1)
core   0: 3 0x8000329c (0x04f34e83) x29 0x00000000 mem 0x80011fe0
core   0: 0x800032a0 (0x07bb0223) sb      s11, 100(s6)
core   0: 3 0x800032a0 (0x07bb0223) mem 0x80015e39 0x94
core   0: 0x800032a4 (0x0cb31803) lh      a6, 203(t1)
core   0: 3 0x800032a4 (0x0cb31803) x16 0x00000000 mem 0x8001205c
core   0: 0x800032a8 (0xffc12483) lw      s1, -4(sp)
core   0: 3 0x800032a8 (0xffc12483) x 9 0x00000000 mem 0x80012b74
core   0: 0x800032ac (0xfe0b0123) sb      zero, -30(s6)
core   0: 3 0x800032ac (0xfe0b0123) mem 0x80015db7 0x0
core   0: 0x800032b0 (0x00714683) lbu     a3, 7(sp)
core   0: 3 0x800032b0 (0x00714683) x13 0x00000000 mem 0x80012b7f
core   0: 0x800032b4 (0x09b35083) lhu     ra, 155(t1)
core   0: 3 0x800032b4 (0x09b35083) x 1 0x00000000 mem 0x8001202c
core   0: 0x800032b8 (0x081ac783) lbu     a5, 129(s5)
core   0: 3 0x800032b8 (0x081ac783) x15 0x00000000 mem 0x800141c1
core   0: 0x800032bc (0xfb5313a3) sh      s5, -89(t1)
core   0: 3 0x800032bc (0xfb5313a3) mem 0x80011f38 0x4140
core   0: 0x800032c0 (0xf4bb04a3) sb      a1, -183(s6)
core   0: 3 0x800032c0 (0xf4bb04a3) mem 0x80015d1e 0x0
core   0: 0x800032c4 (0x0fda8703) lb      a4, 253(s5)
core   0: 3 0x800032c4 (0x0fda8703) x14 0x00000000 mem 0x8001423d
core   0: 0x800032c8 (0xff410e83) lb      t4, -12(sp)
core   0: 3 0x800032c8 (0xff410e83) x29 0x00000000 mem 0x80012b6c
core   0: 0x800032cc (0x0000f117) auipc   sp, 0xf
core   0: 3 0x800032cc (0x0000f117) x 2 0x800122cc
core   0: 0x800032d0 (0xd6510113) addi    sp, sp, -667
core   0: 3 0x800032d0 (0xd6510113) x 2 0x80012031
core   0: 0x800032d4 (0xfc710003) lb      zero, -57(sp)
core   0: 3 0x800032d4 (0xfc710003) mem 0x80011ff8
core   0: 0x800032d8 (0x40e08f33) sub     t5, ra, a4
core   0: 3 0x800032d8 (0x40e08f33) x30 0x00000000
core   0: 0x800032dc (0x0000100f) fence.i
core   0: 3 0x800032dc (0x0000100f)
core   0: 0x800032e0 (0xfc115083) lhu     ra, -63(sp)
core   0: 3 0x800032e0 (0xfc115083) x 1 0x00000000 mem 0x80011ff2
core   0: 0x800032e4 (0x000760b3) or      ra, a4, zero
core   0: 3 0x800032e4 (0x000760b3) x 1 0x00000000
core   0: 0x800032e8 (0x00009586) c.add   a1, ra
core   0: 3 0x800032e8 (0x9586) x11 0x00000000
core   0: 0x800032ea (0x00008406) c.mv    s0, ra
core   0: 3 0x800032ea (0x8406) x 8 0x00000000
core   0: 0x800032ec (0xffa14583) lbu     a1, -6(sp)
core   0: 3 0x800032ec (0xffa14583) x11 0x00000000 mem 0x8001202b
core   0: 0x800032f0 (0xfcb15f03) lhu     t5, -53(sp)
core   0: 3 0x800032f0 (0xfcb15f03) x30 0x00000000 mem 0x80011ffc
core   0: 0x800032f4 (0x401f00b3) sub     ra, t5, ra
core   0: 3 0x800032f4 (0x401f00b3) x 1 0x00000000
core   0: 0x800032f8 (0x03c14403) lbu     s0, 60(sp)
core   0: 3 0x800032f8 (0x03c14403) x 8 0x00000000 mem 0x8001206d
core   0: 0x800032fc (0x99745097) auipc   ra, 0x99745
core   0: 3 0x800032fc (0x99745097) x 1 0x197482fc
core   0: 0x80003300 (0x4085d093) srai    ra, a1, 8
core   0: 3 0x80003300 (0x4085d093) x 1 0x00000000
core   0: 0x80003304 (0x0215ff33) remu    t5, a1, ra
core   0: 3 0x80003304 (0x0215ff33) x30 0x00000000
core   0: 0x80003308 (0x00000001) c.nop
core   0: 3 0x80003308 (0x0001)
core   0: 0x8000330a (0x00008f01) c.sub   a4, s0
core   0: 3 0x8000330a (0x8f01) x14 0x00000000
core   0: 0x8000330c (0x00008ded) c.and   a1, a1
core   0: 3 0x8000330c (0x8ded) x11 0x00000000
core   0: 0x8000330e (0x00008dad) c.xor   a1, a1
core   0: 3 0x8000330e (0x8dad) x11 0x00000000
core   0: 0x80003310 (0x00008c39) c.xor   s0, a4
core   0: 3 0x80003310 (0x8c39) x 8 0x00000000
core   0: 0x80003312 (0x01312583) lw      a1, 19(sp)
core   0: 3 0x80003312 (0x01312583) x11 0x00000000 mem 0x80012044
core   0: 0x80003316 (0xfd314583) lbu     a1, -45(sp)
core   0: 3 0x80003316 (0xfd314583) x11 0x00000000 mem 0x80012004
core   0: 0x8000331a (0x02614003) lbu     zero, 38(sp)
core   0: 3 0x8000331a (0x02614003) mem 0x80012057
core   0: 0x8000331e (0x0ff0000f) fence   iorw,iorw
core   0: 3 0x8000331e (0x0ff0000f)
core   0: 0x80003322 (0xfc514083) lbu     ra, -59(sp)
core   0: 3 0x80003322 (0xfc514083) x 1 0x00000000 mem 0x80011ff6
core   0: 0x80003326 (0x0d970713) addi    a4, a4, 217
core   0: 3 0x80003326 (0x0d970713) x14 0x000000d9
core   0: 0x8000332a (0x02e05f33) divu    t5, zero, a4
core   0: 3 0x8000332a (0x02e05f33) x30 0x00000000
core   0: 0x8000332e (0x01e10703) lb      a4, 30(sp)
core   0: 3 0x8000332e (0x01e10703) x14 0x00000000 mem 0x8001204f
core   0: 0x80003332 (0x00008b65) c.andi  a4, 25
core   0: 3 0x80003332 (0x8b65) x14 0x00000000
core   0: 0x80003334 (0xfe115003) lhu     zero, -31(sp)
core   0: 3 0x80003334 (0xfe115003) mem 0x80012012
core   0: 0x80003338 (0x028060b3) rem     ra, zero, s0
core   0: 3 0x80003338 (0x028060b3) x 1 0x00000000
core   0: 0x8000333c (0x01c05093) srli    ra, zero, 28
core   0: 3 0x8000333c (0x01c05093) x 1 0x00000000
core   0: 0x80003340 (0xfc514583) lbu     a1, -59(sp)
core   0: 3 0x80003340 (0xfc514583) x11 0x00000000 mem 0x80011ff6
core   0: 0x80003344 (0x40245093) srai    ra, s0, 2
core   0: 3 0x80003344 (0x40245093) x 1 0x00000000
core   0: 0x80003348 (0x021f7433) remu    s0, t5, ra
core   0: 3 0x80003348 (0x021f7433) x 8 0x00000000
core   0: 0x8000334c (0x00008086) c.mv    ra, ra
core   0: 3 0x8000334c (0x8086) x 1 0x00000000
core   0: 0x8000334e (0x01610403) lb      s0, 22(sp)
core   0: 3 0x8000334e (0x01610403) x 8 0x00000000 mem 0x80012047
core   0: 0x80003352 (0x02d14083) lbu     ra, 45(sp)
core   0: 3 0x80003352 (0x02d14083) x 1 0x00000000 mem 0x8001205e
core   0: 0x80003356 (0x04014083) lbu     ra, 64(sp)
core   0: 3 0x80003356 (0x04014083) x 1 0x00000000 mem 0x80012071
core   0: 0x8000335a (0x00341093) slli    ra, s0, 3
core   0: 3 0x8000335a (0x00341093) x 1 0x00000000
core   0: 0x8000335e (0x00010a23) sb      zero, 20(sp)
core   0: 3 0x8000335e (0x00010a23) mem 0x80012045 0x0
core   0: 0x80003362 (0x03ef65b3) rem     a1, t5, t5
core   0: 3 0x80003362 (0x03ef65b3) x11 0x00000000
core   0: 0x80003366 (0xfc414f03) lbu     t5, -60(sp)
core   0: 3 0x80003366 (0xfc414f03) x30 0x00000000 mem 0x80011ff5
core   0: 0x8000336a (0x02bf0733) mul     a4, t5, a1
core   0: 3 0x8000336a (0x02bf0733) x14 0x00000000
core   0: 0x8000336e (0xfcb14583) lbu     a1, -53(sp)
core   0: 3 0x8000336e (0xfcb14583) x11 0x00000000 mem 0x80011ffc
core   0: 0x80003372 (0x00008c6d) c.and   s0, a1
core   0: 3 0x80003372 (0x8c6d) x 8 0x00000000
core   0: 0x80003374 (0xfde10c23) sb      t5, -40(sp)
core   0: 3 0x80003374 (0xfde10c23) mem 0x80012009 0x0
core   0: 0x80003378 (0x00010d17) auipc   s10, 0x10
core   0: 3 0x80003378 (0x00010d17) x26 0x80013378
core   0: 0x8000337c (0x7cad0d13) addi    s10, s10, 1994
core   0: 3 0x8000337c (0x7cad0d13) x26 0x80013b42
core   0: 0x80003380 (0x00a8fbb3) and     s7, a7, a0
core   0: 3 0x80003380 (0x00a8fbb3) x23 0x00000000
core   0: 0x80003384 (0x03eefab3) remu    s5, t4, t5
core   0: 3 0x80003384 (0x03eefab3) x21 0x00000000
core   0: 0x80003388 (0x00bd4383) lbu     t2, 11(s10)
core   0: 3 0x80003388 (0x00bd4383) x 7 0x00000000 mem 0x80013b4d
core   0: 0x8000338c (0x00bd0403) lb      s0, 11(s10)
core   0: 3 0x8000338c (0x00bd0403) x 8 0x00000000 mem 0x80013b4d
core   0: 0x80003390 (0x01dd05a3) sb      t4, 11(s10)
core   0: 3 0x80003390 (0x01dd05a3) mem 0x80013b4d 0x0
core   0: 0x80003394 (0x00008c61) c.and   s0, s0
core   0: 3 0x80003394 (0x8c61) x 8 0x00000000
core   0: 0x80003396 (0x00bd0e83) lb      t4, 11(s10)
core   0: 3 0x80003396 (0x00bd0e83) x29 0x00000000 mem 0x80013b4d
core   0: 0x8000339a (0x016d05a3) sb      s6, 11(s10)
core   0: 3 0x8000339a (0x016d05a3) mem 0x80013b4d 0xd5
core   0: 0x8000339e (0x00bd4783) lbu     a5, 11(s10)
core   0: 3 0x8000339e (0x00bd4783) x15 0x000000d5 mem 0x80013b4d
core   0: 0x800033a2 (0x00bd4703) lbu     a4, 11(s10)
core   0: 3 0x800033a2 (0x00bd4703) x14 0x000000d5 mem 0x80013b4d
core   0: 0x800033a6 (0x03ad91b3) mulh    gp, s11, s10
core   0: 3 0x800033a6 (0x03ad91b3) x 3 0xdedee0cf
core   0: 0x800033aa (0x006d0b83) lb      s7, 6(s10)
core   0: 3 0x800033aa (0x006d0b83) x23 0x00000000 mem 0x80013b48
core   0: 0x800033ae (0x008097b3) sll     a5, ra, s0
core   0: 3 0x800033ae (0x008097b3) x15 0x00000000
core   0: 0x800033b2 (0x006d4083) lbu     ra, 6(s10)
core   0: 3 0x800033b2 (0x006d4083) x 1 0x00000000 mem 0x80013b48
core   0: 0x800033b6 (0x9432e393) ori     t2, t0, -1725
core   0: 3 0x800033b6 (0x9432e393) x 7 0xfffff943
core   0: 0x800033ba (0x0000010e) c.slli  sp, 3
core   0: 3 0x800033ba (0x010e) x 2 0x00090188
core   0: 0x800033bc (0x006d1b83) lh      s7, 6(s10)
core   0: 3 0x800033bc (0x006d1b83) x23 0x00000000 mem 0x80013b48
core   0: 0x800033c0 (0x019d0323) sb      s9, 6(s10)
core   0: 3 0x800033c0 (0x019d0323) mem 0x80013b48 0x0
core   0: 0x800033c4 (0x006d5a83) lhu     s5, 6(s10)
core   0: 3 0x800033c4 (0x006d5a83) x21 0x00000000 mem 0x80013b48
core   0: 0x800033c8 (0x00015117) auipc   sp, 0x15
core   0: 3 0x800033c8 (0x00015117) x 2 0x800183c8
core   0: 0x800033cc (0x6bf10113) addi    sp, sp, 1727
core   0: 3 0x800033cc (0x6bf10113) x 2 0x80018a87
core   0: 0x800033d0 (0x00000001) c.nop
core   0: 3 0x800033d0 (0x0001)
core   0: 0x800033d2 (0xfd214983) lbu     s3, -46(sp)
core   0: 3 0x800033d2 (0xfd214983) x19 0x00000000 mem 0x80018a59
core   0: 0x800033d6 (0x41b9df33) sra     t5, s3, s11
core   0: 3 0x800033d6 (0x41b9df33) x30 0x00000000
core   0: 0x800033da (0xfe4110a3) sh      tp, -31(sp)
core   0: 3 0x800033da (0xfe4110a3) mem 0x80018a68 0x0e36
core   0: 0x800033de (0x00000cb5) c.addi  s9, 13
core   0: 3 0x800033de (0x0cb5) x25 0x0000000d
core   0: 0x800033e0 (0xfca10d03) lb      s10, -54(sp)
core   0: 3 0x800033e0 (0xfca10d03) x26 0x00000000 mem 0x80018a51
core   0: 0x800033e4 (0xfe010e03) lb      t3, -32(sp)
core   0: 3 0x800033e4 (0xfe010e03) x28 0x00000000 mem 0x80018a67
core   0: 0x800033e8 (0xfea14903) lbu     s2, -22(sp)
core   0: 3 0x800033e8 (0xfea14903) x18 0x00000000 mem 0x80018a71
core   0: 0x800033ec (0x00009ec6) c.add   t4, a7
core   0: 3 0x800033ec (0x9ec6) x29 0x00000000
core   0: 0x800033ee (0x03e14203) lbu     tp, 62(sp)
core   0: 3 0x800033ee (0x03e14203) x 4 0x00000000 mem 0x80018ac5
core   0: 0x800033f2 (0x03315c03) lhu     s8, 51(sp)
core   0: 3 0x800033f2 (0x03315c03) x24 0x00000000 mem 0x80018aba
core   0: 0x800033f6 (0xfeb10183) lb      gp, -21(sp)
core   0: 3 0x800033f6 (0xfeb10183) x 3 0x00000000 mem 0x80018a72
core   0: 0x800033fa (0xff210683) lb      a3, -14(sp)
core   0: 3 0x800033fa (0xff210683) x13 0x00000000 mem 0x80018a79
core   0: 0x800033fe (0x5a7acf93) xori    t6, s5, 1447
core   0: 3 0x800033fe (0x5a7acf93) x31 0x000005a7
core   0: 0x80003402 (0x02d24733) div     a4, tp, a3
core   0: 3 0x80003402 (0x02d24733) x14 0xffffffff
core   0: 0x80003406 (0x40595413) srai    s0, s2, 5
core   0: 3 0x80003406 (0x40595413) x 8 0x00000000
core   0: 0x8000340a (0xfc911803) lh      a6, -55(sp)
core   0: 3 0x8000340a (0xfc911803) x16 0x00000000 mem 0x80018a50
core   0: 0x8000340e (0x00945993) srli    s3, s0, 9
core   0: 3 0x8000340e (0x00945993) x19 0x00000000
core   0: 0x80003412 (0xff5db793) sltiu   a5, s11, -11
core   0: 3 0x80003412 (0xff5db793) x15 0x00000001
core   0: 0x80003416 (0x00202e33) slt     t3, zero, sp
core   0: 3 0x80003416 (0x00202e33) x28 0x00000000
core   0: 0x8000341a (0x40df83b3) sub     t2, t6, a3
core   0: 3 0x8000341a (0x40df83b3) x 7 0x000005a7
core   0: 0x8000341e (0x03bd2bb3) mulhsu  s7, s10, s11
core   0: 3 0x8000341e (0x03bd2bb3) x23 0x00000000
core   0: 0x80003422 (0x01c5c833) xor     a6, a1, t3
core   0: 3 0x80003422 (0x01c5c833) x16 0x00000000
core   0: 0x80003426 (0x417057b3) sra     a5, zero, s7
core   0: 3 0x80003426 (0x417057b3) x15 0x00000000
core   0: 0x8000342a (0x00a47e33) and     t3, s0, a0
core   0: 3 0x8000342a (0x00a47e33) x28 0x00000000
core   0: 0x8000342e (0x00a10783) lb      a5, 10(sp)
core   0: 3 0x8000342e (0x00a10783) x15 0x00000000 mem 0x80018a91
core   0: 0x80003432 (0xfe711303) lh      t1, -25(sp)
core   0: 3 0x80003432 (0xfe711303) x 6 0x00000000 mem 0x80018a6e
core   0: 0x80003436 (0xfc514303) lbu     t1, -59(sp)
core   0: 3 0x80003436 (0xfc514303) x 6 0x00000000 mem 0x80018a4c
core   0: 0x8000343a (0xcf290a13) addi    s4, s2, -782
core   0: 3 0x8000343a (0xcf290a13) x20 0xfffffcf2
core   0: 0x8000343e (0xfc910423) sb      s1, -56(sp)
core   0: 3 0x8000343e (0xfc910423) mem 0x80018a4f 0x0
core   0: 0x80003442 (0x00000cda) c.slli  s9, 22
core   0: 3 0x80003442 (0x0cda) x25 0x03400000
core   0: 0x80003444 (0x002102a3) sb      sp, 5(sp)
core   0: 3 0x80003444 (0x002102a3) mem 0x80018a8c 0x87
core   0: 0x80003448 (0xff614003) lbu     zero, -10(sp)
core   0: 3 0x80003448 (0xff614003) mem 0x80018a7d
core   0: 0x8000344c (0x00008f01) c.sub   a4, s0
core   0: 3 0x8000344c (0x8f01) x14 0xffffffff
core   0: 0x8000344e (0xff110fa3) sb      a7, -1(sp)
core   0: 3 0x8000344e (0xff110fa3) mem 0x80018a86 0x0
core   0: 0x80003452 (0xfd1109a3) sb      a7, -45(sp)
core   0: 3 0x80003452 (0xfd1109a3) mem 0x80018a5a 0x0
core   0: 0x80003456 (0x03010b23) sb      a6, 54(sp)
core   0: 3 0x80003456 (0x03010b23) mem 0x80018abd 0x0
core   0: 0x8000345a (0xa6a4ac93) slti    s9, s1, -1430
core   0: 3 0x8000345a (0xa6a4ac93) x25 0x00000000
core   0: 0x8000345e (0x01115303) lhu     t1, 17(sp)
core   0: 3 0x8000345e (0x01115303) x 6 0x00000000 mem 0x80018a98
core   0: 0x80003462 (0x000099ce) c.add   s3, s3
core   0: 3 0x80003462 (0x99ce) x19 0x00000000
core   0: 0x80003464 (0x01914903) lbu     s2, 25(sp)
core   0: 3 0x80003464 (0x01914903) x18 0x00000000 mem 0x80018aa0
core   0: 0x80003468 (0x0000d117) auipc   sp, 0xd
core   0: 3 0x80003468 (0x0000d117) x 2 0x80010468
core   0: 0x8000346c (0x14d10113) addi    sp, sp, 333
core   0: 3 0x8000346c (0x14d10113) x 2 0x800105b5
core   0: 0x80003470 (0xf7210c83) lb      s9, -142(sp)
core   0: 3 0x80003470 (0xf7210c83) x25 0x00000000 mem 0x80010527
core   0: 0x80003474 (0x01712a83) lw      s5, 23(sp)
core   0: 3 0x80003474 (0x01712a83) x21 0x00000000 mem 0x800105cc
core   0: 0x80003478 (0x82548a93) addi    s5, s1, -2011
core   0: 3 0x80003478 (0x82548a93) x21 0xfffff825
core   0: 0x8000347c (0xfc214883) lbu     a7, -62(sp)
core   0: 3 0x8000347c (0xfc214883) x17 0x00000000 mem 0x80010577
core   0: 0x80003480 (0x00006a95) c.lui   s5, 0x5
core   0: 3 0x80003480 (0x6a95) x21 0x00005000
core   0: 0x80003482 (0x029cb433) mulhu   s0, s9, s1
core   0: 3 0x80003482 (0x029cb433) x 8 0x00000000
core   0: 0x80003486 (0xfe310703) lb      a4, -29(sp)
core   0: 3 0x80003486 (0xfe310703) x14 0x00000000 mem 0x80010598
core   0: 0x8000348a (0xf2014403) lbu     s0, -224(sp)
core   0: 3 0x8000348a (0xf2014403) x 8 0x00000000 mem 0x800104d5
core   0: 0x8000348e (0x0e214883) lbu     a7, 226(sp)
core   0: 3 0x8000348e (0x0e214883) x17 0x00000000 mem 0x80010697
core   0: 0x80003492 (0x035113a3) sh      s5, 39(sp)
core   0: 3 0x80003492 (0x035113a3) mem 0x800105dc 0x5000
core   0: 0x80003496 (0x00008f61) c.and   a4, s0
core   0: 3 0x80003496 (0x8f61) x14 0x00000000
core   0: 0x80003498 (0xf5114a83) lbu     s5, -175(sp)
core   0: 3 0x80003498 (0xf5114a83) x21 0x00000000 mem 0x80010506
core   0: 0x8000349c (0xf9f10a83) lb      s5, -97(sp)
core   0: 3 0x8000349c (0xf9f10a83) x21 0x00000000 mem 0x80010554
core   0: 0x800034a0 (0xffd14403) lbu     s0, -3(sp)
core   0: 3 0x800034a0 (0xffd14403) x 8 0x00000000 mem 0x800105b2
core   0: 0x800034a4 (0x00008c79) c.and   s0, a4
core   0: 3 0x800034a4 (0x8c79) x 8 0x00000000
core   0: 0x800034a6 (0x039cb733) mulhu   a4, s9, s9
core   0: 3 0x800034a6 (0x039cb733) x14 0x00000000
core   0: 0x800034aa (0xaed8ea93) ori     s5, a7, -1299
core   0: 3 0x800034aa (0xaed8ea93) x21 0xfffffaed
core   0: 0x800034ae (0xf2811ba3) sh      s0, -201(sp)
core   0: 3 0x800034ae (0xf2811ba3) mem 0x800104ec 0x0000
core   0: 0x800034b2 (0x0e014a83) lbu     s5, 224(sp)
core   0: 3 0x800034b2 (0x0e014a83) x21 0x00000000 mem 0x80010695
core   0: 0x800034b6 (0xfe814c83) lbu     s9, -24(sp)
core   0: 3 0x800034b6 (0xfe814c83) x25 0x00000000 mem 0x8001059d
core   0: 0x800034ba (0x01572733) slt     a4, a4, s5
core   0: 3 0x800034ba (0x01572733) x14 0x00000000
core   0: 0x800034be (0x019ca733) slt     a4, s9, s9
core   0: 3 0x800034be (0x019ca733) x14 0x00000000
core   0: 0x800034c2 (0xf48117a3) sh      s0, -177(sp)
core   0: 3 0x800034c2 (0xf48117a3) mem 0x80010504 0x0000
core   0: 0x800034c6 (0x00008f19) c.sub   a4, a4
core   0: 3 0x800034c6 (0x8f19) x14 0x00000000
core   0: 0x800034c8 (0xfc8100a3) sb      s0, -63(sp)
core   0: 3 0x800034c8 (0xfc8100a3) mem 0x80010576 0x0
core   0: 0x800034cc (0xf5110923) sb      a7, -174(sp)
core   0: 3 0x800034cc (0xf5110923) mem 0x80010507 0x0
core   0: 0x800034d0 (0x00006a91) c.lui   s5, 0x4
core   0: 3 0x800034d0 (0x6a91) x21 0x00004000
core   0: 0x800034d2 (0x0a414483) lbu     s1, 164(sp)
core   0: 3 0x800034d2 (0x0a414483) x 9 0x00000000 mem 0x80010659
core   0: 0x800034d6 (0xf2a14a83) lbu     s5, -214(sp)
core   0: 3 0x800034d6 (0xf2a14a83) x21 0x00000000 mem 0x800104df
core   0: 0x800034da (0x01514883) lbu     a7, 21(sp)
core   0: 3 0x800034da (0x01514883) x17 0x00000000 mem 0x800105ca
core   0: 0x800034de (0xf3014403) lbu     s0, -208(sp)
core   0: 3 0x800034de (0xf3014403) x 8 0x00000000 mem 0x800104e5
core   0: 0x800034e2 (0x969a6717) auipc   a4, 0x969a6
core   0: 3 0x800034e2 (0x969a6717) x14 0x169a94e2
core   0: 0x800034e6 (0x000004aa) c.slli  s1, 10
core   0: 3 0x800034e6 (0x04aa) x 9 0x00000000
core   0: 0x800034e8 (0x369cba93) sltiu   s5, s9, 873
core   0: 3 0x800034e8 (0x369cba93) x21 0x00000001
core   0: 0x800034ec (0xf6910323) sb      s1, -154(sp)
core   0: 3 0x800034ec (0xf6910323) mem 0x8001051b 0x0
core   0: 0x800034f0 (0x06614c83) lbu     s9, 102(sp)
core   0: 3 0x800034f0 (0x06614c83) x25 0x00000000 mem 0x8001061b
core   0: 0x800034f4 (0x0000070a) c.slli  a4, 2
core   0: 3 0x800034f4 (0x070a) x14 0x5a6a5388
core   0: 0x800034f6 (0x00e72433) slt     s0, a4, a4
core   0: 3 0x800034f6 (0x00e72433) x 8 0x00000000
core   0: 0x800034fa (0x03510f23) sb      s5, 62(sp)
core   0: 3 0x800034fa (0x03510f23) mem 0x800105f3 0x1
core   0: 0x800034fe (0x00008f25) c.xor   a4, s1
core   0: 3 0x800034fe (0x8f25) x14 0x5a6a5388
core   0: 0x80003500 (0x00008f79) c.and   a4, a4
core   0: 3 0x80003500 (0x8f79) x14 0x5a6a5388
core   0: 0x80003502 (0xf35100a3) sb      s5, -223(sp)
core   0: 3 0x80003502 (0xf35100a3) mem 0x800104d6 0x1
core   0: 0x80003506 (0xfb5110a3) sh      s5, -95(sp)
core   0: 3 0x80003506 (0xfb5110a3) mem 0x80010556 0x0001
core   0: 0x8000350a (0xf9510823) sb      s5, -112(sp)
core   0: 3 0x8000350a (0xf9510823) mem 0x80010545 0x1
core   0: 0x8000350e (0x00c0036f) jal     t1, pc + 0xc
core   0: 3 0x8000350e (0x00c0036f) x 6 0x80003512
core   0: 0x8000351a (0x0000bff5) c.j     pc - 4
core   0: 3 0x8000351a (0xbff5)
core   0: 0x80003516 (0x00e0026f) jal     tp, pc + 0xe
core   0: 3 0x80003516 (0x00e0026f) x 4 0x8000351a
core   0: 0x80003524 (0x00003fe5) c.jal   pc - 8
core   0: 3 0x80003524 (0x3fe5) x 1 0x80003526
core   0: 0x8000351c (0x0000bfe5) c.j     pc - 8
core   0: 3 0x8000351c (0xbfe5)
core   0: 0x80003514 (0x0000a839) c.j     pc + 30
core   0: 3 0x80003514 (0xa839)
core   0: 0x80003532 (0x0000bfed) c.j     pc - 6
core   0: 3 0x80003532 (0xbfed)
core   0: 0x8000352c (0x0000bfd5) c.j     pc - 12
core   0: 3 0x8000352c (0xbfd5)
core   0: 0x80003520 (0xfffff0ef) jal     pc - 0x2
core   0: 3 0x80003520 (0xfffff0ef) x 1 0x80003524
core   0: 0x8000351e (0x0000a021) c.j     pc + 8
core   0: 3 0x8000351e (0xa021)
core   0: 0x80003526 (0x008001ef) jal     gp, pc + 0x8
core   0: 3 0x80003526 (0x008001ef) x 3 0x8000352a
core   0: 0x8000352e (0xfe5ff36f) jal     t1, pc - 0x1c
core   0: 3 0x8000352e (0xfe5ff36f) x 6 0x80003532
core   0: 0x80003512 (0x00002821) c.jal   pc + 24
core   0: 3 0x80003512 (0x2821) x 1 0x80003514
core   0: 0x8000352a (0x0000a029) c.j     pc + 10
core   0: 3 0x8000352a (0xa029)
core   0: 0x80003534 (0x02fb2d33) mulhsu  s10, s6, a5
core   0: 3 0x80003534 (0x02fb2d33) x26 0x00000000
core   0: 0x80003538 (0x00a00413) li      s0, 10
core   0: 3 0x80003538 (0x00a00413) x 8 0x0000000a
core   0: 0x8000353c (0xedf9a393) slti    t2, s3, -289
core   0: 3 0x8000353c (0xedf9a393) x 7 0x00000000
core   0: 0x80003540 (0x00008f19) c.sub   a4, a4
core   0: 3 0x80003540 (0x8f19) x14 0x00000000
core   0: 0x80003542 (0x01a5df33) srl     t5, a1, s10
core   0: 3 0x80003542 (0x01a5df33) x30 0x00000000
core   0: 0x80003546 (0x0119bf33) sltu    t5, s3, a7
core   0: 3 0x80003546 (0x0119bf33) x30 0x00000000
core   0: 0x8000354a (0x00000001) c.nop
core   0: 3 0x8000354a (0x0001)
core   0: 0x8000354c (0x0000717d) c.addi16sp sp, -16
core   0: 3 0x8000354c (0x717d) x 2 0x800105a5
core   0: 0x8000354e (0x0ff0000f) fence   iorw,iorw
core   0: 3 0x8000354e (0x0ff0000f)
core   0: 0x80003552 (0x01c28cb3) add     s9, t0, t3
core   0: 3 0x80003552 (0x01c28cb3) x25 0x00000000
core   0: 0x80003556 (0x024063b3) rem     t2, zero, tp
core   0: 3 0x80003556 (0x024063b3) x 7 0x00000000
core   0: 0x8000355a (0x0dec3d13) sltiu   s10, s8, 222
core   0: 3 0x8000355a (0x0dec3d13) x26 0x00000001
core   0: 0x8000355e (0x01cd8f33) add     t5, s11, t3
core   0: 3 0x8000355e (0x01cd8f33) x30 0x4242e194
core   0: 0x80003562 (0x01507e33) and     t3, zero, s5
core   0: 3 0x80003562 (0x01507e33) x28 0x00000000
core   0: 0x80003566 (0x00000001) c.nop
core   0: 3 0x80003566 (0x0001)
core   0: 0x80003568 (0x01a7b6b3) sltu    a3, a5, s10
core   0: 3 0x80003568 (0x01a7b6b3) x13 0x00000001
core   0: 0x8000356c (0x00000001) c.nop
core   0: 3 0x8000356c (0x0001)
core   0: 0x8000356e (0x0000038c) c.addi4spn a1, sp, 448
core   0: 3 0x8000356e (0x038c) x11 0x80010765
core   0: 0x80003570 (0x00004705) c.li    a4, 1
core   0: 3 0x80003570 (0x4705) x14 0x00000001
core   0: 0x80003572 (0x03f4ca33) div     s4, s1, t6
core   0: 3 0x80003572 (0x03f4ca33) x20 0x00000000
core   0: 0x80003576 (0xe3208a13) addi    s4, ra, -462
core   0: 3 0x80003576 (0xe3208a13) x20 0x80003346
core   0: 0x8000357a (0x03d043b3) div     t2, zero, t4
core   0: 3 0x8000357a (0x03d043b3) x 7 0xffffffff
core   0: 0x8000357e (0xf6db8a17) auipc   s4, 0xf6db8
core   0: 3 0x8000357e (0xf6db8a17) x20 0x76dbb57e
core   0: 0x80003582 (0x0000147d) c.addi  s0, -1
core   0: 3 0x80003582 (0x147d) x 8 0x00000009
core   0: 0x80003584 (0x03fafa33) remu    s4, s5, t6
core   0: 3 0x80003584 (0x03fafa33) x20 0x00000001
core   0: 0x80003588 (0x028750b3) divu    ra, a4, s0
core   0: 3 0x80003588 (0x028750b3) x 1 0x00000000
core   0: 0x8000358c (0x41448233) sub     tp, s1, s4
core   0: 3 0x8000358c (0x41448233) x 4 0xffffffff
core   0: 0x80003590 (0x00008edd) c.or    a3, a5
core   0: 3 0x80003590 (0x8edd) x13 0x00000001
core   0: 0x80003592 (0x002929b3) slt     s3, s2, sp
core   0: 3 0x80003592 (0x002929b3) x19 0x00000000
core   0: 0x80003596 (0x0000dc71) c.beqz  s0, pc - 36
core   0: 3 0x80003596 (0xdc71)
core   0: 0x80003598 (0x029c76b3) remu    a3, s8, s1
core   0: 3 0x80003598 (0x029c76b3) x13 0x00000000
core   0: 0x8000359c (0x0001a317) auipc   t1, 0x1a
core   0: 3 0x8000359c (0x0001a317) x 6 0x8001d59c
core   0: 0x800035a0 (0x54630313) addi    t1, t1, 1350
core   0: 3 0x800035a0 (0x54630313) x 6 0x8001dae2
core   0: 0x800035a4 (0x00011217) auipc   tp, 0x11
core   0: 3 0x800035a4 (0x00011217) x 4 0x800145a4
core   0: 0x800035a8 (0x01020213) addi    tp, tp, 16
core   0: 3 0x800035a8 (0x01020213) x 4 0x800145b4
core   0: 0x800035ac (0x00520283) lb      t0, 5(tp)
core   0: 3 0x800035ac (0x00520283) x 5 0x00000000 mem 0x800145b9
core   0: 0x800035b0 (0xffe25e03) lhu     t3, -2(tp)
core   0: 3 0x800035b0 (0xffe25e03) x28 0x00000000 mem 0x800145b2
core   0: 0x800035b4 (0xfff24583) lbu     a1, -1(tp)
core   0: 3 0x800035b4 (0xfff24583) x11 0x00000000 mem 0x800145b3
core   0: 0x800035b8 (0x00221423) sh      sp, 8(tp)
core   0: 3 0x800035b8 (0x00221423) mem 0x800145bc 0x05a5
core   0: 0x800035bc (0x0e930da3) sb      s1, 251(t1)
core   0: 3 0x800035bc (0x0e930da3) mem 0x8001dbdd 0x0
core   0: 0x800035c0 (0xff821383) lh      t2, -8(tp)
core   0: 3 0x800035c0 (0xff821383) x 7 0x00000000 mem 0x800145ac
core   0: 0x800035c4 (0xf8734683) lbu     a3, -121(t1)
core   0: 3 0x800035c4 (0xf8734683) x13 0x00000000 mem 0x8001da69
core   0: 0x800035c8 (0x0000ed17) auipc   s10, 0xe
core   0: 3 0x800035c8 (0x0000ed17) x26 0x800115c8
core   0: 0x800035cc (0xfe3d0d13) addi    s10, s10, -29
core   0: 3 0x800035cc (0xfe3d0d13) x26 0x800115ab
core   0: 0x800035d0 (0xf1930d23) sb      s9, -230(t1)
core   0: 3 0x800035d0 (0xf1930d23) mem 0x8001d9fc 0x0
core   0: 0x800035d4 (0x00f20403) lb      s0, 15(tp)
core   0: 3 0x800035d4 (0x00f20403) x 8 0x00000000 mem 0x800145c3
core   0: 0x800035d8 (0x00225f83) lhu     t6, 2(tp)
core   0: 3 0x800035d8 (0x00225f83) x31 0x00000000 mem 0x800145b6
core   0: 0x800035dc (0xffe25a03) lhu     s4, -2(tp)
core   0: 3 0x800035dc (0xffe25a03) x20 0x00000000 mem 0x800145b2
core   0: 0x800035e0 (0xf95d1a03) lh      s4, -107(s10)
core   0: 3 0x800035e0 (0xf95d1a03) x20 0x00000000 mem 0x80011540
core   0: 0x800035e4 (0x01ed4383) lbu     t2, 30(s10)
core   0: 3 0x800035e4 (0x01ed4383) x 7 0x00000000 mem 0x800115c9
core   0: 0x800035e8 (0x0ef34083) lbu     ra, 239(t1)
core   0: 3 0x800035e8 (0x0ef34083) x 1 0x00000000 mem 0x8001dbd1
core   0: 0x800035ec (0xffe21703) lh      a4, -2(tp)
core   0: 3 0x800035ec (0xffe21703) x14 0x00000000 mem 0x800145b2
core   0: 0x800035f0 (0xffb20d23) sb      s11, -6(tp)
core   0: 3 0x800035f0 (0xffb20d23) mem 0x800145ae 0x94
core   0: 0x800035f4 (0xf03d5703) lhu     a4, -253(s10)
core   0: 3 0x800035f4 (0xf03d5703) x14 0x00000000 mem 0x800114ae
core   0: 0x800035f8 (0xfd730a03) lb      s4, -41(t1)
core   0: 3 0x800035f8 (0xfd730a03) x20 0x00000000 mem 0x8001dab9
core   0: 0x800035fc (0x025d1903) lh      s2, 37(s10)
core   0: 3 0x800035fc (0x025d1903) x18 0x00000000 mem 0x800115d0
core   0: 0x80003600 (0xf9ed4b03) lbu     s6, -98(s10)
core   0: 3 0x80003600 (0xf9ed4b03) x22 0x00000000 mem 0x80011549
core   0: 0x80003604 (0x0001a297) auipc   t0, 0x1a
core   0: 3 0x80003604 (0x0001a297) x 5 0x8001d604
core   0: 0x80003608 (0xb4428293) addi    t0, t0, -1212
core   0: 3 0x80003608 (0xb4428293) x 5 0x8001d148
core   0: 0x8000360c (0xffe29c83) lh      s9, -2(t0)
core   0: 3 0x8000360c (0xffe29c83) x25 0x00000000 mem 0x8001d146
core   0: 0x80003610 (0x03c2d703) lhu     a4, 60(t0)
core   0: 3 0x80003610 (0x03c2d703) x14 0x00000000 mem 0x8001d184
core   0: 0x80003614 (0x0000100f) fence.i
core   0: 3 0x80003614 (0x0000100f)
core   0: 0x80003618 (0x02f5e233) rem     tp, a1, a5
core   0: 3 0x80003618 (0x02f5e233) x 4 0x00000000
core   0: 0x8000361c (0x0ff0000f) fence   iorw,iorw
core   0: 3 0x8000361c (0x0ff0000f)
core   0: 0x80003620 (0x0000100f) fence.i
core   0: 3 0x80003620 (0x0000100f)
core   0: 0x80003624 (0xfff28703) lb      a4, -1(t0)
core   0: 3 0x80003624 (0xfff28703) x14 0x00000000 mem 0x8001d147
core   0: 0x80003628 (0x039267b3) rem     a5, tp, s9
core   0: 3 0x80003628 (0x039267b3) x15 0x00000000
core   0: 0x8000362c (0x00009b7d) c.andi  a4, -1
core   0: 3 0x8000362c (0x9b7d) x14 0x00000000
core   0: 0x8000362e (0xfcd2cc83) lbu     s9, -51(t0)
core   0: 3 0x8000362e (0xfcd2cc83) x25 0x00000000 mem 0x8001d115
core   0: 0x80003632 (0xfef2a623) sw      a5, -20(t0)
core   0: 3 0x80003632 (0xfef2a623) mem 0x8001d134 0x00000000
core   0: 0x80003636 (0xfe32cc83) lbu     s9, -29(t0)
core   0: 3 0x80003636 (0xfe32cc83) x25 0x00000000 mem 0x8001d12b
core   0: 0x8000363a (0x01f2c683) lbu     a3, 31(t0)
core   0: 3 0x8000363a (0x01f2c683) x13 0x00000000 mem 0x8001d167
core   0: 0x8000363e (0xd0d58793) addi    a5, a1, -755
core   0: 3 0x8000363e (0xd0d58793) x15 0xfffffd0d
core   0: 0x80003642 (0x00628683) lb      a3, 6(t0)
core   0: 3 0x80003642 (0x00628683) x13 0x00000000 mem 0x8001d14e
core   0: 0x80003646 (0xfd929123) sh      s9, -62(t0)
core   0: 3 0x80003646 (0xfd929123) mem 0x8001d10a 0x0000
core   0: 0x8000364a (0x02f2c683) lbu     a3, 47(t0)
core   0: 3 0x8000364a (0x02f2c683) x13 0x00000000 mem 0x8001d177
core   0: 0x8000364e (0x40b25233) sra     tp, tp, a1
core   0: 3 0x8000364e (0x40b25233) x 4 0x00000000
core   0: 0x80003652 (0x76e7a713) slti    a4, a5, 1902
core   0: 3 0x80003652 (0x76e7a713) x14 0x00000001
core   0: 0x80003656 (0x0000872e) c.mv    a4, a1
core   0: 3 0x80003656 (0x872e) x14 0x00000000
core   0: 0x80003658 (0x00008375) c.srli  a4, 29
core   0: 3 0x80003658 (0x8375) x14 0x00000000
core   0: 0x8000365a (0x0152c703) lbu     a4, 21(t0)
core   0: 3 0x8000365a (0x0152c703) x14 0x00000000 mem 0x8001d15d
core   0: 0x8000365e (0xfde28703) lb      a4, -34(t0)
core   0: 3 0x8000365e (0xfde28703) x14 0x00000000 mem 0x8001d126
core   0: 0x80003662 (0x00008df9) c.and   a1, a4
core   0: 3 0x80003662 (0x8df9) x11 0x00000000
core   0: 0x80003664 (0x01923cb3) sltu    s9, tp, s9
core   0: 3 0x80003664 (0x01923cb3) x25 0x00000000
core   0: 0x80003668 (0x40f786b3) sub     a3, a5, a5
core   0: 3 0x80003668 (0x40f786b3) x13 0x00000000
core   0: 0x8000366c (0x024cccb3) div     s9, s9, tp
core   0: 3 0x8000366c (0x024cccb3) x25 0xffffffff
core   0: 0x80003670 (0xfcd2a023) sw      a3, -64(t0)
core   0: 3 0x80003670 (0xfcd2a023) mem 0x8001d108 0x00000000
core   0: 0x80003674 (0x0000100f) fence.i
core   0: 3 0x80003674 (0x0000100f)
core   0: 0x80003678 (0x00c28203) lb      tp, 12(t0)
core   0: 3 0x80003678 (0x00c28203) x 4 0x00000000 mem 0x8001d154
core   0: 0x8000367c (0x02f715b3) mulh    a1, a4, a5
core   0: 3 0x8000367c (0x02f715b3) x11 0x00000000
core   0: 0x80003680 (0x000086b1) c.srai  a3, 12
core   0: 3 0x80003680 (0x86b1) x13 0x00000000
core   0: 0x80003682 (0x7f958793) addi    a5, a1, 2041
core   0: 3 0x80003682 (0x7f958793) x15 0x000007f9
core   0: 0x80003686 (0x00004249) c.li    tp, 18
core   0: 3 0x80003686 (0x4249) x 4 0x00000012
core   0: 0x80003688 (0x00d207b3) add     a5, tp, a3
core   0: 3 0x80003688 (0x00d207b3) x15 0x00000012
core   0: 0x8000368c (0x02b2ae23) sw      a1, 60(t0)
core   0: 3 0x8000368c (0x02b2ae23) mem 0x8001d184 0x00000000
core   0: 0x80003690 (0x0ff0000f) fence   iorw,iorw
core   0: 3 0x80003690 (0x0ff0000f)
core   0: 0x80003694 (0x03926233) rem     tp, tp, s9
core   0: 3 0x80003694 (0x03926233) x 4 0x00000000
core   0: 0x80003698 (0xfd72c203) lbu     tp, -41(t0)
core   0: 3 0x80003698 (0xfd72c203) x 4 0x00000000 mem 0x8001d11f
core   0: 0x8000369c (0x00a0036f) jal     t1, pc + 0xa
core   0: 3 0x8000369c (0x00a0036f) x 6 0x800036a0
core   0: 0x800036a6 (0x00e0036f) jal     t1, pc + 0xe
core   0: 3 0x800036a6 (0x00e0036f) x 6 0x800036aa
core   0: 0x800036b4 (0x00003fdd) c.jal   pc - 10
core   0: 3 0x800036b4 (0x3fdd) x 1 0x800036b6
core   0: 0x800036aa (0x00c0036f) jal     t1, pc + 0xc
core   0: 3 0x800036aa (0x00c0036f) x 6 0x800036ae
core   0: 0x800036b6 (0x0000a009) c.j     pc + 2
core   0: 3 0x800036b6 (0xa009)
core   0: 0x800036b8 (0x0000b7ed) c.j     pc - 22
core   0: 3 0x800036b8 (0xb7ed)
core   0: 0x800036a2 (0x00002801) c.jal   pc + 16
core   0: 3 0x800036a2 (0x2801) x 1 0x800036a4
core   0: 0x800036b2 (0x0000bffd) c.j     pc - 2
core   0: 3 0x800036b2 (0xbffd)
core   0: 0x800036b0 (0x00003fd5) c.jal   pc - 12
core   0: 3 0x800036b0 (0x3fd5) x 1 0x800036b2
core   0: 0x800036a4 (0x0000bff5) c.j     pc - 4
core   0: 3 0x800036a4 (0xbff5)
core   0: 0x800036a0 (0x00002039) c.jal   pc + 14
core   0: 3 0x800036a0 (0x2039) x 1 0x800036a2
core   0: 0x800036ae (0x00002031) c.jal   pc + 12
core   0: 3 0x800036ae (0x2031) x 1 0x800036b0
core   0: 0x800036ba (0x00008c29) c.xor   s0, a0
core   0: 3 0x800036ba (0x8c29) x 8 0x80029ce4
core   0: 0x800036bc (0x00019117) auipc   sp, 0x19
core   0: 3 0x800036bc (0x00019117) x 2 0x8001c6bc
core   0: 0x800036c0 (0x12e10113) addi    sp, sp, 302
core   0: 3 0x800036c0 (0x12e10113) x 2 0x8001c7ea
core   0: 0x800036c4 (0x00010783) lb      a5, 0(sp)
core   0: 3 0x800036c4 (0x00010783) x15 0x00000000 mem 0x8001c7ea
core   0: 0x800036c8 (0x16e06593) ori     a1, zero, 366
core   0: 3 0x800036c8 (0x16e06593) x11 0x0000016e
core   0: 0x800036cc (0xff814c83) lbu     s9, -8(sp)
core   0: 3 0x800036cc (0xff814c83) x25 0x00000000 mem 0x8001c7e2
core   0: 0x800036d0 (0x00614203) lbu     tp, 6(sp)
core   0: 3 0x800036d0 (0x00614203) x 4 0x00000000 mem 0x8001c7f0
core   0: 0x800036d4 (0x02bcdcb3) divu    s9, s9, a1
core   0: 3 0x800036d4 (0x02bcdcb3) x25 0x00000000
core   0: 0x800036d8 (0xff914c83) lbu     s9, -7(sp)
core   0: 3 0x800036d8 (0xff914c83) x25 0x00000000 mem 0x8001c7e3
core   0: 0x800036dc (0x019ca7b3) slt     a5, s9, s9
core   0: 3 0x800036dc (0x019ca7b3) x15 0x00000000
core   0: 0x800036e0 (0x00411623) sh      tp, 12(sp)
core   0: 3 0x800036e0 (0x00411623) mem 0x8001c7f6 0x0000
core   0: 0x800036e4 (0xff215c83) lhu     s9, -14(sp)
core   0: 3 0x800036e4 (0xff215c83) x25 0x00000000 mem 0x8001c7dc
core   0: 0x800036e8 (0xffd14383) lbu     t2, -3(sp)
core   0: 3 0x800036e8 (0xffd14383) x 7 0x00000000 mem 0x8001c7e7
core   0: 0x800036ec (0xff910203) lb      tp, -7(sp)
core   0: 3 0x800036ec (0xff910203) x 4 0x00000000 mem 0x8001c7e3
core   0: 0x800036f0 (0x00008d9d) c.sub   a1, a5
core   0: 3 0x800036f0 (0x8d9d) x11 0x0000016e
core   0: 0x800036f2 (0x00d10383) lb      t2, 13(sp)
core   0: 3 0x800036f2 (0x00d10383) x 7 0x00000000 mem 0x8001c7f7
core   0: 0x800036f6 (0xe837e013) ori     zero, a5, -381
core   0: 3 0x800036f6 (0xe837e013)
core   0: 0x800036fa (0x0000100f) fence.i
core   0: 3 0x800036fa (0x0000100f)
core   0: 0x800036fe (0x00008ddd) c.or    a1, a5
core   0: 3 0x800036fe (0x8ddd) x11 0x0000016e
core   0: 0x80003700 (0x02422cb3) mulhsu  s9, tp, tp
core   0: 3 0x80003700 (0x02422cb3) x25 0x00000000
core   0: 0x80003704 (0x00f01cb3) sll     s9, zero, a5
core   0: 3 0x80003704 (0x00f01cb3) x25 0x00000000
core   0: 0x80003708 (0x00310783) lb      a5, 3(sp)
core   0: 3 0x80003708 (0x00310783) x15 0x00000000 mem 0x8001c7ed
core   0: 0x8000370c (0xff714003) lbu     zero, -9(sp)
core   0: 3 0x8000370c (0xff714003) mem 0x8001c7e1
core   0: 0x80003710 (0x01922cb3) slt     s9, tp, s9
core   0: 3 0x80003710 (0x01922cb3) x25 0x00000000
core   0: 0x80003714 (0xff014383) lbu     t2, -16(sp)
core   0: 3 0x80003714 (0xff014383) x 7 0x00000000 mem 0x8001c7da
core   0: 0x80003718 (0x00000001) c.nop
core   0: 3 0x80003718 (0x0001)
core   0: 0x8000371a (0xff814c83) lbu     s9, -8(sp)
core   0: 3 0x8000371a (0xff814c83) x25 0x00000000 mem 0x8001c7e2
core   0: 0x8000371e (0x00d14203) lbu     tp, 13(sp)
core   0: 3 0x8000371e (0x00d14203) x 4 0x00000000 mem 0x8001c7f7
core   0: 0x80003722 (0x039205b3) mul     a1, tp, s9
core   0: 3 0x80003722 (0x039205b3) x11 0x00000000
core   0: 0x80003726 (0x00610c83) lb      s9, 6(sp)
core   0: 3 0x80003726 (0x00610c83) x25 0x00000000 mem 0x8001c7f0
core   0: 0x8000372a (0xffb14783) lbu     a5, -5(sp)
core   0: 3 0x8000372a (0xffb14783) x15 0x00000000 mem 0x8001c7e5
core   0: 0x8000372e (0x00a11383) lh      t2, 10(sp)
core   0: 3 0x8000372e (0x00a11383) x 7 0x00000000 mem 0x8001c7f4
core   0: 0x80003732 (0x01014c83) lbu     s9, 16(sp)
core   0: 3 0x80003732 (0x01014c83) x25 0x00000000 mem 0x8001c7fa
core   0: 0x80003736 (0x00000001) c.nop
core   0: 3 0x80003736 (0x0001)
core   0: 0x80003738 (0x00914383) lbu     t2, 9(sp)
core   0: 3 0x80003738 (0x00914383) x 7 0x00000000 mem 0x8001c7f3
core   0: 0x8000373c (0xff611383) lh      t2, -10(sp)
core   0: 3 0x8000373c (0xff611383) x 7 0x00000000 mem 0x8001c7e0
core   0: 0x80003740 (0x00810c83) lb      s9, 8(sp)
core   0: 3 0x80003740 (0x00810c83) x25 0x00000000 mem 0x8001c7f2
core   0: 0x80003744 (0xff010003) lb      zero, -16(sp)
core   0: 3 0x80003744 (0xff010003) mem 0x8001c7da
core   0: 0x80003748 (0x0000db17) auipc   s6, 0xd
core   0: 3 0x80003748 (0x0000db17) x22 0x80010748
core   0: 0x8000374c (0x706b0b13) addi    s6, s6, 1798
core   0: 3 0x8000374c (0x706b0b13) x22 0x80010e4e
core   0: 0x80003750 (0x0000dd17) auipc   s10, 0xd
core   0: 3 0x80003750 (0x0000dd17) x26 0x80010750
core   0: 0x80003754 (0xc72d0d13) addi    s10, s10, -910
core   0: 3 0x80003754 (0xc72d0d13) x26 0x800103c2
core   0: 0x80003758 (0x0000d997) auipc   s3, 0xd
core   0: 3 0x80003758 (0x0000d997) x19 0x80010758
core   0: 0x8000375c (0x20298993) addi    s3, s3, 514
core   0: 3 0x8000375c (0x20298993) x19 0x8001095a
core   0: 0x80003760 (0x0000d117) auipc   sp, 0xd
core   0: 3 0x80003760 (0x0000d117) x 2 0x80010760
core   0: 0x80003764 (0x73710113) addi    sp, sp, 1847
core   0: 3 0x80003764 (0x73710113) x 2 0x80010e97
core   0: 0x80003768 (0x023b4b83) lbu     s7, 35(s6)
core   0: 3 0x80003768 (0x023b4b83) x23 0x00000000 mem 0x80010e71
core   0: 0x8000376c (0xfe6d0023) sb      t1, -32(s10)
core   0: 3 0x8000376c (0xfe6d0023) mem 0x800103a2 0xae
core   0: 0x80003770 (0x0b39ca03) lbu     s4, 179(s3)
core   0: 3 0x80003770 (0x0b39ca03) x20 0x00000000 mem 0x80010a0d
core   0: 0x80003774 (0xfdb10ba3) sb      s11, -41(sp)
core   0: 3 0x80003774 (0xfdb10ba3) mem 0x80010e6e 0x94
core   0: 0x80003778 (0x017b0403) lb      s0, 23(s6)
core   0: 3 0x80003778 (0x017b0403) x 8 0x00000000 mem 0x80010e65
core   0: 0x8000377c (0x035d4e03) lbu     t3, 53(s10)
core   0: 3 0x8000377c (0x035d4e03) x28 0x00000000 mem 0x800103f7
core   0: 0x80003780 (0x01614403) lbu     s0, 22(sp)
core   0: 3 0x80003780 (0x01614403) x 8 0x00000000 mem 0x80010ead
core   0: 0x80003784 (0xfea9d683) lhu     a3, -22(s3)
core   0: 3 0x80003784 (0xfea9d683) x13 0x00000000 mem 0x80010944
core   0: 0x80003788 (0xfccb1523) sh      a2, -54(s6)
core   0: 3 0x80003788 (0xfccb1523) mem 0x80010e18 0x5e64
core   0: 0x8000378c (0xfc0b5403) lhu     s0, -64(s6)
core   0: 3 0x8000378c (0xfc0b5403) x 8 0x0000f900 mem 0x80010e0e
core   0: 0x80003790 (0x000d01a3) sb      zero, 3(s10)
core   0: 3 0x80003790 (0x000d01a3) mem 0x800103c5 0x0
core   0: 0x80003794 (0x02899f83) lh      t6, 40(s3)
core   0: 3 0x80003794 (0x02899f83) x31 0x00000000 mem 0x80010982
core   0: 0x80003798 (0xfc714683) lbu     a3, -57(sp)
core   0: 3 0x80003798 (0xfc714683) x13 0x00000000 mem 0x80010e5e
core   0: 0x8000379c (0xfeb9c583) lbu     a1, -21(s3)
core   0: 3 0x8000379c (0xfeb9c583) x11 0x00000000 mem 0x80010945
core   0: 0x800037a0 (0x027b0e23) sb      t2, 60(s6)
core   0: 3 0x800037a0 (0x027b0e23) mem 0x80010e8a 0x0
core   0: 0x800037a4 (0xfc5d0523) sb      t0, -54(s10)
core   0: 3 0x800037a4 (0xfc5d0523) mem 0x8001038c 0x48
core   0: 0x800037a8 (0x03ab4803) lbu     a6, 58(s6)
core   0: 3 0x800037a8 (0x03ab4803) x16 0x00000000 mem 0x80010e88
core   0: 0x800037ac (0xfe310c03) lb      s8, -29(sp)
core   0: 3 0x800037ac (0xfe310c03) x24 0x00000000 mem 0x80010e7a
core   0: 0x800037b0 (0xfcab03a3) sb      a0, -57(s6)
core   0: 3 0x800037b0 (0xfcab03a3) mem 0x80010e15 0xe4
core   0: 0x800037b4 (0x02ed0f03) lb      t5, 46(s10)
core   0: 3 0x800037b4 (0x02ed0f03) x30 0x00000000 mem 0x800103f0
core   0: 0x800037b8 (0xfe3b0ea3) sb      gp, -3(s6)
core   0: 3 0x800037b8 (0xfe3b0ea3) mem 0x80010e4b 0x2a
core   0: 0x800037bc (0x08c9c303) lbu     t1, 140(s3)
core   0: 3 0x800037bc (0x08c9c303) x 6 0x00000000 mem 0x800109e6
core   0: 0x800037c0 (0x02f11703) lh      a4, 47(sp)
core   0: 3 0x800037c0 (0x02f11703) x14 0x00000000 mem 0x80010ec6
core   0: 0x800037c4 (0x0001b817) auipc   a6, 0x1b
core   0: 3 0x800037c4 (0x0001b817) x16 0x8001e7c4
core   0: 0x800037c8 (0x91880813) addi    a6, a6, -1768
core   0: 3 0x800037c8 (0x91880813) x16 0x8001e0dc
core   0: 0x800037cc (0x018800a3) sb      s8, 1(a6)
core   0: 3 0x800037cc (0x018800a3) mem 0x8001e0dd 0x0
core   0: 0x800037d0 (0x00580403) lb      s0, 5(a6)
core   0: 3 0x800037d0 (0x00580403) x 8 0x00000000 mem 0x8001e0e1
core   0: 0x800037d4 (0x0000d797) auipc   a5, 0xd
core   0: 3 0x800037d4 (0x0000d797) x15 0x800107d4
core   0: 0x800037d8 (0x2e978793) addi    a5, a5, 745
core   0: 3 0x800037d8 (0x2e978793) x15 0x80010abd
core   0: 0x800037dc (0x4d67cb83) lbu     s7, 1238(a5)
core   0: 3 0x800037dc (0x4d67cb83) x23 0x00000000 mem 0x80010f93
core   0: 0x800037e0 (0xff681183) lh      gp, -10(a6)
core   0: 3 0x800037e0 (0xff681183) x 3 0x00000000 mem 0x8001e0d2
core   0: 0x800037e4 (0xac979ba3) sh      s1, -1321(a5)
core   0: 3 0x800037e4 (0xac979ba3) mem 0x80010594 0x0000
core   0: 0x800037e8 (0xff481e03) lh      t3, -12(a6)
core   0: 3 0x800037e8 (0xff481e03) x28 0x00000000 mem 0x8001e0d0
core   0: 0x800037ec (0x0ee7ca03) lbu     s4, 238(a5)
core   0: 3 0x800037ec (0x0ee7ca03) x20 0x00000000 mem 0x80010bab
core   0: 0x800037f0 (0xca078423) sb      zero, -856(a5)
core   0: 3 0x800037f0 (0xca078423) mem 0x80010765 0x0
core   0: 0x800037f4 (0xff885183) lhu     gp, -8(a6)
core   0: 3 0x800037f4 (0xff885183) x 3 0x00000000 mem 0x8001e0d4
core   0: 0x800037f8 (0x12579a03) lh      s4, 293(a5)
core   0: 3 0x800037f8 (0x12579a03) x20 0x00000000 mem 0x80010be2
core   0: 0x800037fc (0x00485883) lhu     a7, 4(a6)
core   0: 3 0x800037fc (0x00485883) x17 0x00000000 mem 0x8001e0e0
core   0: 0x80003800 (0x90c799a3) sh      a2, -1773(a5)
core   0: 3 0x80003800 (0x90c799a3) mem 0x800103d0 0x5e64
core   0: 0x80003804 (0x05878e23) sb      s8, 92(a5)
core   0: 3 0x80003804 (0x05878e23) mem 0x80010b19 0x0
core   0: 0x80003808 (0x00184c03) lbu     s8, 1(a6)
core   0: 3 0x80003808 (0x00184c03) x24 0x00000000 mem 0x8001e0dd
core   0: 0x8000380c (0x01e0036f) jal     t1, pc + 0x1e
core   0: 3 0x8000380c (0x01e0036f) x 6 0x80003810
core   0: 0x8000382a (0xff9ff2ef) jal     t0, pc - 0x8
core   0: 3 0x8000382a (0xff9ff2ef) x 5 0x8000382e
core   0: 0x80003822 (0xffdff0ef) jal     pc - 0x4
core   0: 3 0x80003822 (0xffdff0ef) x 1 0x80003826
core   0: 0x8000381e (0x00002021) c.jal   pc + 8
core   0: 3 0x8000381e (0x2021) x 1 0x80003820
core   0: 0x80003826 (0x00e0036f) jal     t1, pc + 0xe
core   0: 3 0x80003826 (0x00e0036f) x 6 0x8000382a
core   0: 0x80003834 (0x0000b7c5) c.j     pc - 32
core   0: 3 0x80003834 (0xb7c5)
core   0: 0x80003814 (0x0000a009) c.j     pc + 2
core   0: 3 0x80003814 (0xa009)
core   0: 0x80003816 (0x00003fed) c.jal   pc - 6
core   0: 3 0x80003816 (0x3fed) x 1 0x80003818
core   0: 0x80003810 (0x00c00aef) jal     s5, pc + 0xc
core   0: 3 0x80003810 (0x00c00aef) x21 0x80003814
core   0: 0x8000381c (0x0000a809) c.j     pc + 18
core   0: 3 0x8000381c (0xa809)
core   0: 0x8000382e (0xfebff0ef) jal     pc - 0x16
core   0: 3 0x8000382e (0xfebff0ef) x 1 0x80003832
core   0: 0x80003818 (0x008000ef) jal     pc + 0x8
core   0: 3 0x80003818 (0x008000ef) x 1 0x8000381c
core   0: 0x80003820 (0x00002809) c.jal   pc + 18
core   0: 3 0x80003820 (0x2809) x 1 0x80003822
core   0: 0x80003832 (0x00002011) c.jal   pc + 4
core   0: 3 0x80003832 (0x2011) x 1 0x80003834
core   0: 0x80003836 (0x00000001) c.nop
core   0: 3 0x80003836 (0x0001)
core   0: 0x80003838 (0x00700913) li      s2, 7
core   0: 3 0x80003838 (0x00700913) x18 0x00000007
core   0: 0x8000383c (0x24206593) ori     a1, zero, 578
core   0: 3 0x8000383c (0x24206593) x11 0x00000242
core   0: 0x80003840 (0x03f83cb3) mulhu   s9, a6, t6
core   0: 3 0x80003840 (0x03f83cb3) x25 0x00000000
core   0: 0x80003844 (0x00008f01) c.sub   a4, s0
core   0: 3 0x80003844 (0x8f01) x14 0x00000000
core   0: 0x80003846 (0x00500b13) li      s6, 5
core   0: 3 0x80003846 (0x00500b13) x22 0x00000005
core   0: 0x8000384a (0x0ff0000f) fence   iorw,iorw
core   0: 3 0x8000384a (0x0ff0000f)
core   0: 0x8000384e (0x03f589b3) mul     s3, a1, t6
core   0: 3 0x8000384e (0x03f589b3) x19 0x00000000
core   0: 0x80003852 (0x027d6cb3) rem     s9, s10, t2
core   0: 3 0x80003852 (0x027d6cb3) x25 0x800103c2
core   0: 0x80003856 (0x00001975) c.addi  s2, -3
core   0: 3 0x80003856 (0x1975) x18 0x00000004
core   0: 0x80003858 (0xba862493) slti    s1, a2, -1112
core   0: 3 0x80003858 (0xba862493) x 9 0x00000001
core   0: 0x8000385c (0x3ae6bd13) sltiu   s10, a3, 942
core   0: 3 0x8000385c (0x3ae6bd13) x26 0x00000001
core   0: 0x80003860 (0x02697eb3) remu    t4, s2, t1
core   0: 3 0x80003860 (0x02697eb3) x29 0x00000004
core   0: 0x80003864 (0x6c613d13) sltiu   s10, sp, 1734
core   0: 3 0x80003864 (0x6c613d13) x26 0x00000000
core   0: 0x80003868 (0x00ea7a33) and     s4, s4, a4
core   0: 3 0x80003868 (0x00ea7a33) x20 0x00000000
core   0: 0x8000386c (0x00008dc9) c.or    a1, a0
core   0: 3 0x8000386c (0x8dc9) x11 0x80029ee6
core   0: 0x8000386e (0x000004c9) c.addi  s1, 18
core   0: 3 0x8000386e (0x04c9) x 9 0x00000013
core   0: 0x80003870 (0x00000001) c.nop
core   0: 3 0x80003870 (0x0001)
core   0: 0x80003872 (0x0000100f) fence.i
core   0: 3 0x80003872 (0x0000100f)
core   0: 0x80003876 (0x00315d13) srli    s10, sp, 3
core   0: 3 0x80003876 (0x00315d13) x26 0x100021d2
core   0: 0x8000387a (0x00000001) c.nop
core   0: 3 0x8000387a (0x0001)
core   0: 0x8000387c (0xfd697be3) bgeu    s2, s6, pc - 42
core   0: 3 0x8000387c (0xfd697be3)
core   0: 0x80003880 (0x0249b5b3) mulhu   a1, s3, tp
core   0: 3 0x80003880 (0x0249b5b3) x11 0x00000000
core   0: 0x80003884 (0x0000de97) auipc   t4, 0xd
core   0: 3 0x80003884 (0x0000de97) x29 0x80010884
core   0: 0x80003888 (0xd26e8e93) addi    t4, t4, -730
core   0: 3 0x80003888 (0xd26e8e93) x29 0x800105aa
core   0: 0x8000388c (0xff5e8d03) lb      s10, -11(t4)
core   0: 3 0x8000388c (0xff5e8d03) x26 0x00000000 mem 0x8001059f
core   0: 0x80003890 (0x00be9023) sh      a1, 0(t4)
core   0: 3 0x80003890 (0x00be9023) mem 0x800105aa 0x0000
core   0: 0x80003894 (0x01963d33) sltu    s10, a2, s9
core   0: 3 0x80003894 (0x01963d33) x26 0x00000000
core   0: 0x80003898 (0x000e9103) lh      sp, 0(t4)
core   0: 3 0x80003898 (0x000e9103) x 2 0x00000000 mem 0x800105aa
core   0: 0x8000389c (0x000ed683) lhu     a3, 0(t4)
core   0: 3 0x8000389c (0x000ed683) x13 0x00000000 mem 0x800105aa
core   0: 0x800038a0 (0x01ce8023) sb      t3, 0(t4)
core   0: 3 0x800038a0 (0x01ce8023) mem 0x800105aa 0x0
core   0: 0x800038a4 (0x000eda03) lhu     s4, 0(t4)
core   0: 3 0x800038a4 (0x000eda03) x20 0x00000000 mem 0x800105aa
core   0: 0x800038a8 (0x004e9023) sh      tp, 0(t4)
core   0: 3 0x800038a8 (0x004e9023) mem 0x800105aa 0x0000
core   0: 0x800038ac (0x000ed983) lhu     s3, 0(t4)
core   0: 3 0x800038ac (0x000ed983) x19 0x00000000 mem 0x800105aa
core   0: 0x800038b0 (0x000e8783) lb      a5, 0(t4)
core   0: 3 0x800038b0 (0x000e8783) x15 0x00000000 mem 0x800105aa
core   0: 0x800038b4 (0xffee8103) lb      sp, -2(t4)
core   0: 3 0x800038b4 (0xffee8103) x 2 0x00000000 mem 0x800105a8
core   0: 0x800038b8 (0xff5ec803) lbu     a6, -11(t4)
core   0: 3 0x800038b8 (0xff5ec803) x16 0x00000000 mem 0x8001059f
core   0: 0x800038bc (0x00000001) c.nop
core   0: 3 0x800038bc (0x0001)
core   0: 0x800038be (0x00ae9703) lh      a4, 10(t4)
core   0: 3 0x800038be (0x00ae9703) x14 0x00000000 mem 0x800105b4
core   0: 0x800038c2 (0x00aed103) lhu     sp, 10(t4)
core   0: 3 0x800038c2 (0x00aed103) x 2 0x00000000 mem 0x800105b4
core   0: 0x800038c6 (0xff0ec683) lbu     a3, -16(t4)
core   0: 3 0x800038c6 (0xff0ec683) x13 0x00000000 mem 0x8001059a
core   0: 0x800038ca (0xff0ed983) lhu     s3, -16(t4)
core   0: 3 0x800038ca (0xff0ed983) x19 0x00000000 mem 0x8001059a
core   0: 0x800038ce (0xff0e9903) lh      s2, -16(t4)
core   0: 3 0x800038ce (0xff0e9903) x18 0x00000000 mem 0x8001059a
core   0: 0x800038d2 (0x0000d117) auipc   sp, 0xd
core   0: 3 0x800038d2 (0x0000d117) x 2 0x800108d2
core   0: 0x800038d6 (0x47910113) addi    sp, sp, 1145
core   0: 3 0x800038d6 (0x47910113) x 2 0x80010d4b
core   0: 0x800038da (0xfc214d03) lbu     s10, -62(sp)
core   0: 3 0x800038da (0xfc214d03) x26 0x00000000 mem 0x80010d0d
core   0: 0x800038de (0xfc610123) sb      t1, -62(sp)
core   0: 3 0x800038de (0xfc610123) mem 0x80010d0d 0x2a
core   0: 0x800038e2 (0x01a14c03) lbu     s8, 26(sp)
core   0: 3 0x800038e2 (0x01a14c03) x24 0x00000000 mem 0x80010d65
core   0: 0x800038e6 (0x02c10723) sb      a2, 46(sp)
core   0: 3 0x800038e6 (0x02c10723) mem 0x80010d79 0x64
core   0: 0x800038ea (0xff8111a3) sh      s8, -29(sp)
core   0: 3 0x800038ea (0xff8111a3) mem 0x80010d2e 0x0000
core   0: 0x800038ee (0xfe314183) lbu     gp, -29(sp)
core   0: 3 0x800038ee (0xfe314183) x 3 0x00000000 mem 0x80010d2e
core   0: 0x800038f2 (0xfe311303) lh      t1, -29(sp)
core   0: 3 0x800038f2 (0xfe311303) x 6 0x00000000 mem 0x80010d2e
core   0: 0x800038f6 (0x01f2c9b3) xor     s3, t0, t6
core   0: 3 0x800038f6 (0x01f2c9b3) x19 0x8000382e
core   0: 0x800038fa (0xfd311c83) lh      s9, -45(sp)
core   0: 3 0x800038fa (0xfd311c83) x25 0x00000000 mem 0x80010d1e
core   0: 0x800038fe (0xfc610d03) lb      s10, -58(sp)
core   0: 3 0x800038fe (0xfc610d03) x26 0x00000000 mem 0x80010d11
core   0: 0x80003902 (0xfe014b03) lbu     s6, -32(sp)
core   0: 3 0x80003902 (0xfe014b03) x22 0x00000000 mem 0x80010d2b
core   0: 0x80003906 (0xfe014003) lbu     zero, -32(sp)
core   0: 3 0x80003906 (0xfe014003) mem 0x80010d2b
core   0: 0x8000390a (0xfe010983) lb      s3, -32(sp)
core   0: 3 0x8000390a (0xfe010983) x19 0x00000000 mem 0x80010d2b
core   0: 0x8000390e (0xffe00c93) li      s9, -2
core   0: 3 0x8000390e (0xffe00c93) x25 0xfffffffe
core   0: 0x80003912 (0x01000a13) li      s4, 16
core   0: 3 0x80003912 (0x01000a13) x20 0x00000010
core   0: 0x80003916 (0x00000001) c.nop
core   0: 3 0x80003916 (0x0001)
core   0: 0x80003918 (0x00000c95) c.addi  s9, 5
core   0: 3 0x80003918 (0x0c95) x25 0x00000003
core   0: 0x8000391a (0xff4ccee3) blt     s9, s4, pc - 4
core   0: 3 0x8000391a (0xff4ccee3)
core   0: 0x80003916 (0x00000001) c.nop
core   0: 3 0x80003916 (0x0001)
core   0: 0x80003918 (0x00000c95) c.addi  s9, 5
core   0: 3 0x80003918 (0x0c95) x25 0x00000008
core   0: 0x8000391a (0xff4ccee3) blt     s9, s4, pc - 4
core   0: 3 0x8000391a (0xff4ccee3)
core   0: 0x80003916 (0x00000001) c.nop
core   0: 3 0x80003916 (0x0001)
core   0: 0x80003918 (0x00000c95) c.addi  s9, 5
core   0: 3 0x80003918 (0x0c95) x25 0x0000000d
core   0: 0x8000391a (0xff4ccee3) blt     s9, s4, pc - 4
core   0: 3 0x8000391a (0xff4ccee3)
core   0: 0x80003916 (0x00000001) c.nop
core   0: 3 0x80003916 (0x0001)
core   0: 0x80003918 (0x00000c95) c.addi  s9, 5
core   0: 3 0x80003918 (0x0c95) x25 0x00000012
core   0: 0x8000391a (0xff4ccee3) blt     s9, s4, pc - 4
core   0: 3 0x8000391a (0xff4ccee3)
core   0: 0x8000391e (0x030a4e33) div     t3, s4, a6
core   0: 3 0x8000391e (0x030a4e33) x28 0xffffffff
core   0: 0x80003922 (0x00018e97) auipc   t4, 0x18
core   0: 3 0x80003922 (0x00018e97) x29 0x8001b922
core   0: 0x80003926 (0x20ae8e93) addi    t4, t4, 522
core   0: 3 0x80003926 (0x20ae8e93) x29 0x8001bb2c
core   0: 0x8000392a (0x0000db97) auipc   s7, 0xd
core   0: 3 0x8000392a (0x0000db97) x23 0x8001092a
core   0: 0x8000392e (0x63bb8b93) addi    s7, s7, 1595
core   0: 3 0x8000392e (0x63bb8b93) x23 0x80010f65
core   0: 0x80003932 (0xfd1ec783) lbu     a5, -47(t4)
core   0: 3 0x80003932 (0xfd1ec783) x15 0x00000000 mem 0x8001bafd
core   0: 0x80003936 (0x098b83a3) sb      s8, 135(s7)
core   0: 3 0x80003936 (0x098b83a3) mem 0x80010fec 0x0
core   0: 0x8000393a (0x02aec883) lbu     a7, 42(t4)
core   0: 3 0x8000393a (0x02aec883) x17 0x00000000 mem 0x8001bb56
core   0: 0x8000393e (0x003e83a3) sb      gp, 7(t4)
core   0: 3 0x8000393e (0x003e83a3) mem 0x8001bb33 0x0
core   0: 0x80003942 (0xfe7e8683) lb      a3, -25(t4)
core   0: 3 0x80003942 (0xfe7e8683) x13 0x00000000 mem 0x8001bb13
core   0: 0x80003946 (0xfd6e85a3) sb      s6, -53(t4)
core   0: 3 0x80003946 (0xfd6e85a3) mem 0x8001baf7 0x0
core   0: 0x8000394a (0xfe9e8203) lb      tp, -23(t4)
core   0: 3 0x8000394a (0xfe9e8203) x 4 0x00000000 mem 0x8001bb15
core   0: 0x8000394e (0xfd9bc983) lbu     s3, -39(s7)
core   0: 3 0x8000394e (0xfd9bc983) x19 0x00000000 mem 0x80010f3e
core   0: 0x80003952 (0xfc6ec803) lbu     a6, -58(t4)
core   0: 3 0x80003952 (0xfc6ec803) x16 0x00000000 mem 0x8001baf2
core   0: 0x80003956 (0x0cbb9203) lh      tp, 203(s7)
core   0: 3 0x80003956 (0x0cbb9203) x 4 0x00000000 mem 0x80011030
core   0: 0x8000395a (0x01eedb03) lhu     s6, 30(t4)
core   0: 3 0x8000395a (0x01eedb03) x22 0x00000000 mem 0x8001bb4a
core   0: 0x8000395e (0xff5e8183) lb      gp, -11(t4)
core   0: 3 0x8000395e (0xff5e8183) x 3 0x00000000 mem 0x8001bb21
core   0: 0x80003962 (0xfdabc203) lbu     tp, -38(s7)
core   0: 3 0x80003962 (0xfdabc203) x 4 0x00000000 mem 0x80010f3f
core   0: 0x80003966 (0xfd5bcd03) lbu     s10, -43(s7)
core   0: 3 0x80003966 (0xfd5bcd03) x26 0x00000000 mem 0x80010f3a
core   0: 0x8000396a (0xf9bb9803) lh      a6, -101(s7)
core   0: 3 0x8000396a (0xf9bb9803) x16 0x00000000 mem 0x80010f00
core   0: 0x8000396e (0xfe6e82a3) sb      t1, -27(t4)
core   0: 3 0x8000396e (0xfe6e82a3) mem 0x8001bb11 0x0
core   0: 0x80003972 (0x0000ce17) auipc   t3, 0xc
core   0: 3 0x80003972 (0x0000ce17) x28 0x8000f972
core   0: 0x80003976 (0x7ece0e13) addi    t3, t3, 2028
core   0: 3 0x80003976 (0x7ece0e13) x28 0x8001015e
core   0: 0x8000397a (0x41b4d013) srai    zero, s1, 27
core   0: 3 0x8000397a (0x41b4d013)
core   0: 0x8000397e (0xb9ec7213) andi    tp, s8, -1122
core   0: 3 0x8000397e (0xb9ec7213) x 4 0x00000000
core   0: 0x80003982 (0x00009b7d) c.andi  a4, -1
core   0: 3 0x80003982 (0x9b7d) x14 0x00000000
core   0: 0x80003984 (0x40e00233) sub     tp, zero, a4
core   0: 3 0x80003984 (0x40e00233) x 4 0x00000000
core   0: 0x80003988 (0x00009726) c.add   a4, s1
core   0: 3 0x80003988 (0x9726) x14 0x00000013
core   0: 0x8000398a (0x40ee0ca3) sb      a4, 1049(t3)
core   0: 3 0x8000398a (0x40ee0ca3) mem 0x80010577 0x13
core   0: 0x8000398e (0xb0f77c13) andi    s8, a4, -1265
core   0: 3 0x8000398e (0xb0f77c13) x24 0x00000003
core   0: 0x80003992 (0x441e0703) lb      a4, 1089(t3)
core   0: 3 0x80003992 (0x441e0703) x14 0x00000000 mem 0x8001059f
core   0: 0x80003996 (0x0ece0483) lb      s1, 236(t3)
core   0: 3 0x80003996 (0x0ece0483) x 9 0x00000000 mem 0x8001024a
core   0: 0x8000399a (0x01a4d013) srli    zero, s1, 26
core   0: 3 0x8000399a (0x01a4d013)
core   0: 0x8000399e (0x169e4483) lbu     s1, 361(t3)
core   0: 3 0x8000399e (0x169e4483) x 9 0x00000000 mem 0x800102c7
core   0: 0x800039a2 (0x1c4e00a3) sb      tp, 449(t3)
core   0: 3 0x800039a2 (0x1c4e00a3) mem 0x8001031f 0x0
core   0: 0x800039a6 (0xee4e2723) sw      tp, -274(t3)
core   0: 3 0x800039a6 (0xee4e2723) mem 0x8001004c 0x00000000
core   0: 0x800039aa (0x00925013) srli    zero, tp, 9
core   0: 3 0x800039aa (0x00925013)
core   0: 0x800039ae (0x00006d55) c.lui   s10, 0x15
core   0: 3 0x800039ae (0x6d55) x26 0x00015000
core   0: 0x800039b0 (0xfd2e5483) lhu     s1, -46(t3)
core   0: 3 0x800039b0 (0xfd2e5483) x 9 0x00000000 mem 0x80010130
core   0: 0x800039b4 (0x00e06733) or      a4, zero, a4
core   0: 3 0x800039b4 (0x00e06733) x14 0x00000000
core   0: 0x800039b8 (0x00008f65) c.and   a4, s1
core   0: 3 0x800039b8 (0x8f65) x14 0x00000000
core   0: 0x800039ba (0xbb574493) xori    s1, a4, -1099
core   0: 3 0x800039ba (0xbb574493) x 9 0xfffffbb5
core   0: 0x800039be (0x500e0d23) sb      zero, 1306(t3)
core   0: 3 0x800039be (0x500e0d23) mem 0x80010678 0x0
core   0: 0x800039c2 (0x00008885) c.andi  s1, 1
core   0: 3 0x800039c2 (0x8885) x 9 0x00000001
core   0: 0x800039c4 (0x024e1b23) sh      tp, 54(t3)
core   0: 3 0x800039c4 (0x024e1b23) mem 0x80010194 0x0000
core   0: 0x800039c8 (0xf81e0203) lb      tp, -127(t3)
core   0: 3 0x800039c8 (0xf81e0203) x 4 0x00000000 mem 0x800100df
core   0: 0x800039cc (0xf0ee5203) lhu     tp, -242(t3)
core   0: 3 0x800039cc (0xf0ee5203) x 4 0x00000000 mem 0x8001006c
core   0: 0x800039d0 (0x0000d297) auipc   t0, 0xd
core   0: 3 0x800039d0 (0x0000d297) x 5 0x800109d0
core   0: 0x800039d4 (0x8bd28293) addi    t0, t0, -1859
core   0: 3 0x800039d4 (0x8bd28293) x 5 0x8001028d
core   0: 0x800039d8 (0x00028e03) lb      t3, 0(t0)
core   0: 3 0x800039d8 (0x00028e03) x28 0x00000000 mem 0x8001028d
core   0: 0x800039dc (0x003100b3) add     ra, sp, gp
core   0: 3 0x800039dc (0x003100b3) x 1 0x80010d4b
core   0: 0x800039e0 (0x808bae13) slti    t3, s7, -2040
core   0: 3 0x800039e0 (0x808bae13) x28 0x00000001
core   0: 0x800039e4 (0x00001efd) c.addi  t4, -1
core   0: 3 0x800039e4 (0x1efd) x29 0x8001bb2b
core   0: 0x800039e6 (0x5cf84213) xori    tp, a6, 1487
core   0: 3 0x800039e6 (0x5cf84213) x 4 0x000005cf
core   0: 0x800039ea (0x000040e9) c.li    ra, 26
core   0: 3 0x800039ea (0x40e9) x 1 0x0000001a
core   0: 0x800039ec (0x008297a3) sh      s0, 15(t0)
core   0: 3 0x800039ec (0x008297a3) mem 0x8001029c 0x0000
core   0: 0x800039f0 (0x03cae433) rem     s0, s5, t3
core   0: 3 0x800039f0 (0x03cae433) x 8 0x00000000
core   0: 0x800039f4 (0x00c2c483) lbu     s1, 12(t0)
core   0: 3 0x800039f4 (0x00c2c483) x 9 0x00000000 mem 0x80010299
core   0: 0x800039f8 (0x00129c83) lh      s9, 1(t0)
core   0: 3 0x800039f8 (0x00129c83) x25 0x00000000 mem 0x8001028e
core   0: 0x800039fc (0xff529ea3) sh      s5, -3(t0)
core   0: 3 0x800039fc (0xff529ea3) mem 0x8001028a 0x3814
core   0: 0x80003a00 (0x000085ad) c.srai  a1, 11
core   0: 3 0x80003a00 (0x85ad) x11 0x00000000
core   0: 0x80003a02 (0x00008f5d) c.or    a4, a5
core   0: 3 0x80003a02 (0x8f5d) x14 0x00000000
core   0: 0x80003a04 (0x01628623) sb      s6, 12(t0)
core   0: 3 0x80003a04 (0x01628623) mem 0x80010299 0x0
core   0: 0x80003a08 (0x00c28203) lb      tp, 12(t0)
core   0: 3 0x80003a08 (0x00c28203) x 4 0x00000000 mem 0x80010299
core   0: 0x80003a0c (0x010840b3) xor     ra, a6, a6
core   0: 3 0x80003a0c (0x010840b3) x 1 0x00000000
core   0: 0x80003a10 (0x00928b03) lb      s6, 9(t0)
core   0: 3 0x80003a10 (0x00928b03) x22 0x00000000 mem 0x80010296
core   0: 0x80003a14 (0xfff2c203) lbu     tp, -1(t0)
core   0: 3 0x80003a14 (0xfff2c203) x 4 0x00000000 mem 0x8001028c
core   0: 0x80003a18 (0x00d2db83) lhu     s7, 13(t0)
core   0: 3 0x80003a18 (0x00d2db83) x23 0x00000000 mem 0x8001029a
core   0: 0x80003a1c (0x00008f85) c.sub   a5, s1
core   0: 3 0x80003a1c (0x8f85) x15 0x00000000
core   0: 0x80003a1e (0xff528e23) sb      s5, -4(t0)
core   0: 3 0x80003a1e (0xff528e23) mem 0x80010289 0x14
core   0: 0x80003a22 (0xff52da83) lhu     s5, -11(t0)
core   0: 3 0x80003a22 (0xff52da83) x21 0x00000000 mem 0x80010282
core   0: 0x80003a26 (0xff529183) lh      gp, -11(t0)
core   0: 3 0x80003a26 (0xff529183) x 3 0x00000000 mem 0x80010282
core   0: 0x80003a2a (0xff128f03) lb      t5, -15(t0)
core   0: 3 0x80003a2a (0xff128f03) x30 0x00000000 mem 0x8001027e
core   0: 0x80003a2e (0x000086d1) c.srai  a3, 20
core   0: 3 0x80003a2e (0x86d1) x13 0x00000000
core   0: 0x80003a30 (0xffe28f83) lb      t6, -2(t0)
core   0: 3 0x80003a30 (0xffe28f83) x31 0x00000038 mem 0x8001028b
core   0: 0x80003a34 (0x00008eed) c.and   a3, a1
core   0: 3 0x80003a34 (0x8eed) x13 0x00000000
core   0: 0x80003a36 (0x00d366b3) or      a3, t1, a3
core   0: 3 0x80003a36 (0x00d366b3) x13 0x00000000
core   0: 0x80003a3a (0xff428583) lb      a1, -12(t0)
core   0: 3 0x80003a3a (0xff428583) x11 0x00000000 mem 0x80010281
core   0: 0x80003a3e (0x559a7437) lui     s0, 0x559a7
core   0: 3 0x80003a3e (0x559a7437) x 8 0x559a7000
core   0: 0x80003a42 (0xffd28703) lb      a4, -3(t0)
core   0: 3 0x80003a42 (0xffd28703) x14 0x00000014 mem 0x8001028a
core   0: 0x80003a46 (0x1e717713) andi    a4, sp, 487
core   0: 3 0x80003a46 (0x1e717713) x14 0x00000143
core   0: 0x80003a4a (0x0000617d) c.addi16sp sp, 496
core   0: 3 0x80003a4a (0x617d) x 2 0x80010f3b
core   0: 0x80003a4c (0xfe128f23) sb      ra, -2(t0)
core   0: 3 0x80003a4c (0xfe128f23) mem 0x8001028b 0x0
core   0: 0x80003a50 (0x00528423) sb      t0, 8(t0)
core   0: 3 0x80003a50 (0x00528423) mem 0x80010295 0x8d
core   0: 0x80003a54 (0x0000694d) c.lui   s2, 0x13
core   0: 3 0x80003a54 (0x694d) x18 0x00013000
core   0: 0x80003a56 (0x01a28723) sb      s10, 14(t0)
core   0: 3 0x80003a56 (0x01a28723) mem 0x8001029b 0x0
core   0: 0x80003a5a (0x0042c783) lbu     a5, 4(t0)
core   0: 3 0x80003a5a (0x0042c783) x15 0x00000000 mem 0x80010291
core   0: 0x80003a5e (0xfff00413) li      s0, -1
core   0: 3 0x80003a5e (0xfff00413) x 8 0xffffffff
core   0: 0x80003a62 (0x00d90cb3) add     s9, s2, a3
core   0: 3 0x80003a62 (0x00d90cb3) x25 0x00013000
core   0: 0x80003a66 (0x010a5d33) srl     s10, s4, a6
core   0: 3 0x80003a66 (0x010a5d33) x26 0x00000010
core   0: 0x80003a6a (0x00000001) c.nop
core   0: 3 0x80003a6a (0x0001)
core   0: 0x80003a6c (0x31fb4d17) auipc   s10, 0x31fb4
core   0: 3 0x80003a6c (0x31fb4d17) x26 0xb1fb7a6c
core   0: 0x80003a70 (0x00300c13) li      s8, 3
core   0: 3 0x80003a70 (0x00300c13) x24 0x00000003
core   0: 0x80003a74 (0x00000bfd) c.addi  s7, 31
core   0: 3 0x80003a74 (0x0bfd) x23 0x0000001f
core   0: 0x80003a76 (0x0000088c) c.addi4spn a1, sp, 80
core   0: 3 0x80003a76 (0x088c) x11 0x80010f8b
core   0: 0x80003a78 (0x000068b1) c.lui   a7, 0xc
core   0: 3 0x80003a78 (0x68b1) x17 0x0000c000
core   0: 0x80003a7a (0x0039ccb3) xor     s9, s3, gp
core   0: 3 0x80003a7a (0x0039ccb3) x25 0x00000000
core   0: 0x80003a7e (0x41575833) sra     a6, a4, s5
core   0: 3 0x80003a7e (0x41575833) x16 0x00000143
core   0: 0x80003a82 (0x00008f65) c.and   a4, s1
core   0: 3 0x80003a82 (0x8f65) x14 0x00000000
core   0: 0x80003a84 (0xfb056f13) ori     t5, a0, -80
core   0: 3 0x80003a84 (0xfb056f13) x30 0xfffffff4
core   0: 0x80003a88 (0x016770b3) and     ra, a4, s6
core   0: 3 0x80003a88 (0x016770b3) x 1 0x00000000
core   0: 0x80003a8c (0x00c847b3) xor     a5, a6, a2
core   0: 3 0x80003a8c (0x00c847b3) x15 0x80025f27
core   0: 0x80003a90 (0x00008d9d) c.sub   a1, a5
core   0: 3 0x80003a90 (0x8d9d) x11 0xfffeb064
core   0: 0x80003a92 (0x016096b3) sll     a3, ra, s6
core   0: 3 0x80003a92 (0x016096b3) x13 0x00000000
core   0: 0x80003a96 (0x0000041d) c.addi  s0, 7
core   0: 3 0x80003a96 (0x041d) x 8 0x00000006
core   0: 0x80003a98 (0x010abf33) sltu    t5, s5, a6
core   0: 3 0x80003a98 (0x010abf33) x30 0x00000001
core   0: 0x80003a9c (0x0337dab3) divu    s5, a5, s3
core   0: 3 0x80003a9c (0x0337dab3) x21 0xffffffff
core   0: 0x80003aa0 (0x00009b8a) c.add   s7, sp
core   0: 3 0x80003aa0 (0x9b8a) x23 0x80010f5a
core   0: 0x80003aa2 (0x41dedd33) sra     s10, t4, t4
core   0: 3 0x80003aa2 (0x41dedd33) x26 0xfff00037
core   0: 0x80003aa6 (0xfd8469e3) bltu    s0, s8, pc - 46
core   0: 3 0x80003aa6 (0xfd8469e3)
core   0: 0x80003aaa (0x0ff0000f) fence   iorw,iorw
core   0: 3 0x80003aaa (0x0ff0000f)
core   0: 0x80003aae (0x0000ce97) auipc   t4, 0xc
core   0: 3 0x80003aae (0x0000ce97) x29 0x8000faae
core   0: 0x80003ab2 (0x6d8e8e93) addi    t4, t4, 1752
core   0: 3 0x80003ab2 (0x6d8e8e93) x29 0x80010186
core   0: 0x80003ab6 (0x044ed803) lhu     a6, 68(t4)
core   0: 3 0x80003ab6 (0x044ed803) x16 0x00000000 mem 0x800101ca
core   0: 0x80003aba (0x0c8ed403) lhu     s0, 200(t4)
core   0: 3 0x80003aba (0x0c8ed403) x 8 0x00000000 mem 0x8001024e
core   0: 0x80003abe (0x02893833) mulhu   a6, s2, s0
core   0: 3 0x80003abe (0x02893833) x16 0x00000000
core   0: 0x80003ac2 (0x042ec403) lbu     s0, 66(t4)
core   0: 3 0x80003ac2 (0x042ec403) x 8 0x00000000 mem 0x800101c8
core   0: 0x80003ac6 (0x0f2e8223) sb      s2, 228(t4)
core   0: 3 0x80003ac6 (0x0f2e8223) mem 0x8001026a 0x0
core   0: 0x80003aca (0x0085ae33) slt     t3, a1, s0
core   0: 3 0x80003aca (0x0085ae33) x28 0x00000001
core   0: 0x80003ace (0x00be8aa3) sb      a1, 21(t4)
core   0: 3 0x80003ace (0x00be8aa3) mem 0x8001019b 0x64
core   0: 0x80003ad2 (0x09be8583) lb      a1, 155(t4)
core   0: 3 0x80003ad2 (0x09be8583) x11 0x00000000 mem 0x80010221
core   0: 0x80003ad6 (0x01296433) or      s0, s2, s2
core   0: 3 0x80003ad6 (0x01296433) x 8 0x00013000
core   0: 0x80003ada (0x872dc597) auipc   a1, 0x872dc
core   0: 3 0x80003ada (0x872dc597) x11 0x072dfada
core   0: 0x80003ade (0x0000587d) c.li    a6, -1
core   0: 3 0x80003ade (0x587d) x16 0xffffffff
core   0: 0x80003ae0 (0x084e8403) lb      s0, 132(t4)
core   0: 3 0x80003ae0 (0x084e8403) x 8 0x00000000 mem 0x8001020a
core   0: 0x80003ae4 (0x0000842e) c.mv    s0, a1
core   0: 3 0x80003ae4 (0x842e) x 8 0x072dfada
core   0: 0x80003ae6 (0x02bbdbb3) divu    s7, s7, a1
core   0: 3 0x80003ae6 (0x02bbdbb3) x23 0x00000011
core   0: 0x80003aea (0x0c8e80a3) sb      s0, 193(t4)
core   0: 3 0x80003aea (0x0c8e80a3) mem 0x80010247 0xda
core   0: 0x80003aee (0x00008de1) c.and   a1, s0
core   0: 3 0x80003aee (0x8de1) x11 0x072dfada
core   0: 0x80003af0 (0x0e8e9523) sh      s0, 234(t4)
core   0: 3 0x80003af0 (0x0e8e9523) mem 0x80010270 0xfada
core   0: 0x80003af4 (0xf8be88a3) sb      a1, -111(t4)
core   0: 3 0x80003af4 (0xf8be88a3) mem 0x80010117 0xda
core   0: 0x80003af8 (0xf5cea523) sw      t3, -182(t4)
core   0: 3 0x80003af8 (0xf5cea523) mem 0x800100d0 0x00000001
core   0: 0x80003afc (0x0f0e8fa3) sb      a6, 255(t4)
core   0: 3 0x80003afc (0x0f0e8fa3) mem 0x80010285 0xff
core   0: 0x80003b00 (0x0e8ec903) lbu     s2, 232(t4)
core   0: 3 0x80003b00 (0x0e8ec903) x18 0x00000000 mem 0x8001026e
core   0: 0x80003b04 (0xf84e8583) lb      a1, -124(t4)
core   0: 3 0x80003b04 (0xf84e8583) x11 0x00000000 mem 0x8001010a
core   0: 0x80003b08 (0x068e8803) lb      a6, 104(t4)
core   0: 3 0x80003b08 (0x068e8803) x16 0x00000000 mem 0x800101ee
core   0: 0x80003b0c (0x0e0e9b83) lh      s7, 224(t4)
core   0: 3 0x80003b0c (0x0e0e9b83) x23 0x00000000 mem 0x80010266
core   0: 0x80003b10 (0x05ced583) lhu     a1, 92(t4)
core   0: 3 0x80003b10 (0x05ced583) x11 0x00000000 mem 0x800101e2
core   0: 0x80003b14 (0x032945b3) div     a1, s2, s2
core   0: 3 0x80003b14 (0x032945b3) x11 0xffffffff
core   0: 0x80003b18 (0xff9e7913) andi    s2, t3, -7
core   0: 3 0x80003b18 (0xff9e7913) x18 0x00000001
core   0: 0x80003b1c (0x0c8e9323) sh      s0, 198(t4)
core   0: 3 0x80003b1c (0x0c8e9323) mem 0x8001024c 0xfada
core   0: 0x80003b20 (0x0b2e8e03) lb      t3, 178(t4)
core   0: 3 0x80003b20 (0x0b2e8e03) x28 0x00000000 mem 0x80010238
core   0: 0x80003b24 (0xf6be9b23) sh      a1, -138(t4)
core   0: 3 0x80003b24 (0xf6be9b23) mem 0x800100fc 0xffff
core   0: 0x80003b28 (0x00000001) c.nop
core   0: 3 0x80003b28 (0x0001)
core   0: 0x80003b2a (0x0f7e8ea3) sb      s7, 253(t4)
core   0: 3 0x80003b2a (0x0f7e8ea3) mem 0x80010283 0x0
core   0: 0x80003b2e (0x0d4ed803) lhu     a6, 212(t4)
core   0: 3 0x80003b2e (0x0d4ed803) x16 0x00000000 mem 0x8001025a
core   0: 0x80003b32 (0x0000100f) fence.i
core   0: 3 0x80003b32 (0x0000100f)
core   0: 0x80003b36 (0x0285c933) div     s2, a1, s0
core   0: 3 0x80003b36 (0x0285c933) x18 0x00000000
core   0: 0x80003b3a (0x030e6bb3) rem     s7, t3, a6
core   0: 3 0x80003b3a (0x030e6bb3) x23 0x00000000
core   0: 0x80003b3e (0x01c915b3) sll     a1, s2, t3
core   0: 3 0x80003b3e (0x01c915b3) x11 0x00000000
core   0: 0x80003b42 (0x0f6e8583) lb      a1, 246(t4)
core   0: 3 0x80003b42 (0x0f6e8583) x11 0x00000000 mem 0x8001027c
core   0: 0x80003b46 (0x03dece03) lbu     t3, 61(t4)
core   0: 3 0x80003b46 (0x03dece03) x28 0x00000000 mem 0x800101c3
core   0: 0x80003b4a (0xfa8e82a3) sb      s0, -91(t4)
core   0: 3 0x80003b4a (0xfa8e82a3) mem 0x8001012b 0xda
core   0: 0x80003b4e (0xf7ced803) lhu     a6, -132(t4)
core   0: 3 0x80003b4e (0xf7ced803) x16 0x00000000 mem 0x80010102
core   0: 0x80003b52 (0x00e0036f) jal     t1, pc + 0xe
core   0: 3 0x80003b52 (0x00e0036f) x 6 0x80003b56
core   0: 0x80003b60 (0x0000a019) c.j     pc + 6
core   0: 3 0x80003b60 (0xa019)
core   0: 0x80003b66 (0x0000a01d) c.j     pc + 38
core   0: 3 0x80003b66 (0xa01d)
core   0: 0x80003b8c (0x00002029) c.jal   pc + 10
core   0: 3 0x80003b8c (0x2029) x 1 0x80003b8e
core   0: 0x80003b96 (0x00003fc9) c.jal   pc - 46
core   0: 3 0x80003b96 (0x3fc9) x 1 0x80003b98
core   0: 0x80003b68 (0x00002811) c.jal   pc + 20
core   0: 3 0x80003b68 (0x2811) x 1 0x80003b6a
core   0: 0x80003b7c (0xff3ff26f) jal     tp, pc - 0xe
core   0: 3 0x80003b7c (0xff3ff26f) x 4 0x80003b80
core   0: 0x80003b6e (0x0000a009) c.j     pc + 2
core   0: 3 0x80003b6e (0xa009)
core   0: 0x80003b70 (0x0000a009) c.j     pc + 2
core   0: 3 0x80003b70 (0xa009)
core   0: 0x80003b72 (0x00003fe5) c.jal   pc - 8
core   0: 3 0x80003b72 (0x3fe5) x 1 0x80003b74
core   0: 0x80003b6a (0x00002819) c.jal   pc + 22
core   0: 3 0x80003b6a (0x2819) x 1 0x80003b6c
core   0: 0x80003b80 (0x006000ef) jal     pc + 0x6
core   0: 3 0x80003b80 (0x006000ef) x 1 0x80003b84
core   0: 0x80003b86 (0x00002029) c.jal   pc + 10
core   0: 3 0x80003b86 (0x2029) x 1 0x80003b88
core   0: 0x80003b90 (0xff5ff0ef) jal     pc - 0xc
core   0: 3 0x80003b90 (0xff5ff0ef) x 1 0x80003b94
core   0: 0x80003b84 (0x0000a029) c.j     pc + 10
core   0: 3 0x80003b84 (0xa029)
core   0: 0x80003b8e (0x000037f1) c.jal   pc - 52
core   0: 3 0x80003b8e (0x37f1) x 1 0x80003b90
core   0: 0x80003b5a (0x0000a82d) c.j     pc + 58
core   0: 3 0x80003b5a (0xa82d)
core   0: 0x80003b94 (0x0000b7e1) c.j     pc - 56
core   0: 3 0x80003b94 (0xb7e1)
core   0: 0x80003b5c (0x01c000ef) jal     pc + 0x1c
core   0: 3 0x80003b5c (0x01c000ef) x 1 0x80003b60
core   0: 0x80003b78 (0x00002801) c.jal   pc + 16
core   0: 3 0x80003b78 (0x2801) x 1 0x80003b7a
core   0: 0x80003b88 (0xfcfff0ef) jal     pc - 0x32
core   0: 3 0x80003b88 (0xfcfff0ef) x 1 0x80003b8c
core   0: 0x80003b56 (0x0000a009) c.j     pc + 2
core   0: 3 0x80003b56 (0xa009)
core   0: 0x80003b58 (0x0000200d) c.jal   pc + 34
core   0: 3 0x80003b58 (0x200d) x 1 0x80003b5a
core   0: 0x80003b7a (0x0000bfcd) c.j     pc - 14
core   0: 3 0x80003b7a (0xbfcd)
core   0: 0x80003b6c (0x00002021) c.jal   pc + 8
core   0: 3 0x80003b6c (0x2021) x 1 0x80003b6e
core   0: 0x80003b74 (0xff1ff1ef) jal     gp, pc - 0x10
core   0: 3 0x80003b74 (0xff1ff1ef) x 3 0x80003b78
core   0: 0x80003b64 (0x00002815) c.jal   pc + 52
core   0: 3 0x80003b64 (0x2815) x 1 0x80003b66
core   0: 0x80003b98 (0x0000b7e9) c.j     pc - 54
core   0: 3 0x80003b98 (0xb7e9)
core   0: 0x80003b62 (0x00002825) c.jal   pc + 56
core   0: 3 0x80003b62 (0x2825) x 1 0x80003b64
core   0: 0x80003b9a (0x40c5d1b3) sra     gp, a1, a2
core   0: 3 0x80003b9a (0x40c5d1b3) x 3 0x00000000
core   0: 0x80003b9e (0x0000c697) auipc   a3, 0xc
core   0: 3 0x80003b9e (0x0000c697) x13 0x8000fb9e
core   0: 0x80003ba2 (0x77668693) addi    a3, a3, 1910
core   0: 3 0x80003ba2 (0x77668693) x13 0x80010314
core   0: 0x80003ba6 (0x05368e83) lb      t4, 83(a3)
core   0: 3 0x80003ba6 (0x05368e83) x29 0x00000000 mem 0x80010367
core   0: 0x80003baa (0x42613a93) sltiu   s5, sp, 1062
core   0: 3 0x80003baa (0x42613a93) x21 0x00000000
core   0: 0x80003bae (0x01335e33) srl     t3, t1, s3
core   0: 3 0x80003bae (0x01335e33) x28 0x80003b56
core   0: 0x80003bb2 (0xfa369c23) sh      gp, -72(a3)
core   0: 3 0x80003bb2 (0xfa369c23) mem 0x800102cc 0x0000
core   0: 0x80003bb6 (0xfb869903) lh      s2, -72(a3)
core   0: 3 0x80003bb6 (0xfb869903) x18 0x00000000 mem 0x800102cc
core   0: 0x80003bba (0xfb869183) lh      gp, -72(a3)
core   0: 3 0x80003bba (0xfb869183) x 3 0x00000000 mem 0x800102cc
core   0: 0x80003bbe (0x04a69383) lh      t2, 74(a3)
core   0: 3 0x80003bbe (0x04a69383) x 7 0x00000000 mem 0x8001035e
core   0: 0x80003bc2 (0xf846cf03) lbu     t5, -124(a3)
core   0: 3 0x80003bc2 (0xf846cf03) x30 0x00000000 mem 0x80010298
core   0: 0x80003bc6 (0xf846c183) lbu     gp, -124(a3)
core   0: 3 0x80003bc6 (0xf846c183) x 3 0x00000000 mem 0x80010298
core   0: 0x80003bca (0x00006131) c.addi16sp sp, 320
core   0: 3 0x80003bca (0x6131) x 2 0x8001107b
core   0: 0x80003bcc (0x00001efd) c.addi  t4, -1
core   0: 3 0x80003bcc (0x1efd) x29 0xffffffff
core   0: 0x80003bce (0x00009e06) c.add   t3, ra
core   0: 3 0x80003bce (0x9e06) x28 0x000076ba
core   0: 0x80003bd0 (0xf996a223) sw      s9, -124(a3)
core   0: 3 0x80003bd0 (0xf996a223) mem 0x80010298 0x00000000
core   0: 0x80003bd4 (0xf5268703) lb      a4, -174(a3)
core   0: 3 0x80003bd4 (0xf5268703) x14 0x00000000 mem 0x80010266
core   0: 0x80003bd8 (0xf5269d03) lh      s10, -174(a3)
core   0: 3 0x80003bd8 (0xf5269d03) x26 0x00000000 mem 0x80010266
core   0: 0x80003bdc (0xf4e69923) sh      a4, -174(a3)
core   0: 3 0x80003bdc (0xf4e69923) mem 0x80010266 0x0000
core   0: 0x80003be0 (0x000007fe) c.slli  a5, 31
core   0: 3 0x80003be0 (0x07fe) x15 0x80000000
core   0: 0x80003be2 (0x0000d6a8) c.sw    a0, 104(a3)
core   0: 3 0x80003be2 (0xd6a8) mem 0x8001037c 0x80029ce4
core   0: 0x80003be4 (0xfac69523) sh      a2, -86(a3)
core   0: 3 0x80003be4 (0xfac69523) mem 0x800102be 0x5e64
core   0: 0x80003be8 (0xfaa6cc83) lbu     s9, -86(a3)
core   0: 3 0x80003be8 (0xfaa6cc83) x25 0x00000064 mem 0x800102be
core   0: 0x80003bec (0xfaa69c83) lh      s9, -86(a3)
core   0: 3 0x80003bec (0xfaa69c83) x25 0x00005e64 mem 0x800102be
core   0: 0x80003bf0 (0x8b5e6cb7) lui     s9, 0x8b5e6
core   0: 3 0x80003bf0 (0x8b5e6cb7) x25 0x8b5e6000
core   0: 0x80003bf4 (0xfb169523) sh      a7, -86(a3)
core   0: 3 0x80003bf4 (0xfb169523) mem 0x800102be 0xc000
core   0: 0x80003bf8 (0x0000c597) auipc   a1, 0xc
core   0: 3 0x80003bf8 (0x0000c597) x11 0x8000fbf8
core   0: 0x80003bfc (0x53e58593) addi    a1, a1, 1342
core   0: 3 0x80003bfc (0x53e58593) x11 0x80010136
core   0: 0x80003c00 (0x0000d197) auipc   gp, 0xd
core   0: 3 0x80003c00 (0x0000d197) x 3 0x80010c00
core   0: 0x80003c04 (0xcc918193) addi    gp, gp, -823
core   0: 3 0x80003c04 (0xcc918193) x 3 0x800108c9
core   0: 0x80003c08 (0x0000dc97) auipc   s9, 0xd
core   0: 3 0x80003c08 (0x0000dc97) x25 0x80010c08
core   0: 0x80003c0c (0x23ec8c93) addi    s9, s9, 574
core   0: 3 0x80003c0c (0x23ec8c93) x25 0x80010e46
core   0: 0x80003c10 (0x052585a3) sb      s2, 75(a1)
core   0: 3 0x80003c10 (0x052585a3) mem 0x80010181 0x0
core   0: 0x80003c14 (0x0000c297) auipc   t0, 0xc
core   0: 3 0x80003c14 (0x0000c297) x 5 0x8000fc14
core   0: 0x80003c18 (0x79128293) addi    t0, t0, 1937
core   0: 3 0x80003c18 (0x79128293) x 5 0x800103a5
core   0: 0x80003c1c (0x0000d817) auipc   a6, 0xd
core   0: 3 0x80003c1c (0x0000d817) x16 0x80010c1c
core   0: 0x80003c20 (0x30f80813) addi    a6, a6, 783
core   0: 3 0x80003c20 (0x30f80813) x16 0x80010f2b
core   0: 0x80003c24 (0xff958203) lb      tp, -7(a1)
core   0: 3 0x80003c24 (0xff958203) x 4 0x00000000 mem 0x8001012f
core   0: 0x80003c28 (0xf6e58f83) lb      t6, -146(a1)
core   0: 3 0x80003c28 (0xf6e58f83) x31 0x00000000 mem 0x800100a4
core   0: 0x80003c2c (0x01880c03) lb      s8, 24(a6)
core   0: 3 0x80003c2c (0x01880c03) x24 0x00000000 mem 0x80010f43
core   0: 0x80003c30 (0xcf3c9023) sh      s3, -800(s9)
core   0: 3 0x80003c30 (0xcf3c9023) mem 0x80010b26 0x0000
core   0: 0x80003c34 (0x0da5a703) lw      a4, 218(a1)
core   0: 3 0x80003c34 (0x0da5a703) x14 0x00000000 mem 0x80010210
core   0: 0x80003c38 (0x02a82ca3) sw      a0, 57(a6)
core   0: 3 0x80003c38 (0x02a82ca3) mem 0x80010f64 0x80029ce4
core   0: 0x80003c3c (0x18428b83) lb      s7, 388(t0)
core   0: 3 0x80003c3c (0x18428b83) x23 0x00000000 mem 0x80010529
core   0: 0x80003c40 (0x03284383) lbu     t2, 50(a6)
core   0: 3 0x80003c40 (0x03284383) x 7 0x00000000 mem 0x80010f5d
core   0: 0x80003c44 (0x0a418b83) lb      s7, 164(gp)
core   0: 3 0x80003c44 (0x0a418b83) x23 0x00000000 mem 0x8001096d
core   0: 0x80003c48 (0xf7080c03) lb      s8, -144(a6)
core   0: 3 0x80003c48 (0xf7080c03) x24 0x00000000 mem 0x80010e9b
core   0: 0x80003c4c (0xe4dc9e23) sh      a3, -420(s9)
core   0: 3 0x80003c4c (0xe4dc9e23) mem 0x80010ca2 0x0314
core   0: 0x80003c50 (0xf7b58383) lb      t2, -133(a1)
core   0: 3 0x80003c50 (0xf7b58383) x 7 0x00000000 mem 0x800100b1
core   0: 0x80003c54 (0xfbb198a3) sh      s11, -79(gp)
core   0: 3 0x80003c54 (0xfbb198a3) mem 0x8001087a 0xe194
core   0: 0x80003c58 (0xb06ca123) sw      t1, -1278(s9)
core   0: 3 0x80003c58 (0xb06ca123) mem 0x80010948 0x80003b56
core   0: 0x80003c5c (0x85bc8683) lb      a3, -1957(s9)
core   0: 3 0x80003c5c (0x85bc8683) x13 0x00000000 mem 0x800106a1
core   0: 0x80003c60 (0x6b22cd03) lbu     s10, 1714(t0)
core   0: 3 0x80003c60 (0x6b22cd03) x26 0x00000000 mem 0x80010a57
core   0: 0x80003c64 (0xdbbc86a3) sb      s11, -595(s9)
core   0: 3 0x80003c64 (0xdbbc86a3) mem 0x80010bf3 0x94
core   0: 0x80003c68 (0x02680683) lb      a3, 38(a6)
core   0: 3 0x80003c68 (0x02680683) x13 0xffffffe4 mem 0x80010f51
core   0: 0x80003c6c (0x03618a03) lb      s4, 54(gp)
core   0: 3 0x80003c6c (0x03618a03) x20 0x00000000 mem 0x800108ff
core   0: 0x80003c70 (0xf171a683) lw      a3, -233(gp)
core   0: 3 0x80003c70 (0xf171a683) x13 0x00000000 mem 0x800107e0
core   0: 0x80003c74 (0x2fa28823) sb      s10, 752(t0)
core   0: 3 0x80003c74 (0x2fa28823) mem 0x80010695 0x0
core   0: 0x80003c78 (0xf7ac87a3) sb      s10, -145(s9)
core   0: 3 0x80003c78 (0xf7ac87a3) mem 0x80010db5 0x0
core   0: 0x80003c7c (0x02918903) lb      s2, 41(gp)
core   0: 3 0x80003c7c (0x02918903) x18 0x00000000 mem 0x800108f2
core   0: 0x80003c80 (0xffa1c483) lbu     s1, -6(gp)
core   0: 3 0x80003c80 (0xffa1c483) x 9 0x00000000 mem 0x800108c3
core   0: 0x80003c84 (0x66d29ca3) sh      a3, 1657(t0)
core   0: 3 0x80003c84 (0x66d29ca3) mem 0x80010a1e 0x0000
core   0: 0x80003c88 (0xfb8199a3) sh      s8, -77(gp)
core   0: 3 0x80003c88 (0xfb8199a3) mem 0x8001087c 0x0000
core   0: 0x80003c8c (0x5d1290a3) sh      a7, 1473(t0)
core   0: 3 0x80003c8c (0x5d1290a3) mem 0x80010966 0xc000
core   0: 0x80003c90 (0xfab80723) sb      a1, -82(a6)
core   0: 3 0x80003c90 (0xfab80723) mem 0x80010ed9 0x36
core   0: 0x80003c94 (0x07e18a83) lb      s5, 126(gp)
core   0: 3 0x80003c94 (0x07e18a83) x21 0x00000000 mem 0x80010947
core   0: 0x80003c98 (0xb99c8303) lb      t1, -1127(s9)
core   0: 3 0x80003c98 (0xb99c8303) x 6 0x00000000 mem 0x800109df
core   0: 0x80003c9c (0xf12c9023) sh      s2, -256(s9)
core   0: 3 0x80003c9c (0xf12c9023) mem 0x80010d46 0x0000
core   0: 0x80003ca0 (0x0ad84c03) lbu     s8, 173(a6)
core   0: 3 0x80003ca0 (0x0ad84c03) x24 0x00000000 mem 0x80010fd8
core   0: 0x80003ca4 (0x94fcca03) lbu     s4, -1713(s9)
core   0: 3 0x80003ca4 (0x94fcca03) x20 0x00000000 mem 0x80010795
core   0: 0x80003ca8 (0x09e5d703) lhu     a4, 158(a1)
core   0: 3 0x80003ca8 (0x09e5d703) x14 0x00000000 mem 0x800101d4
core   0: 0x80003cac (0xf3659403) lh      s0, -202(a1)
core   0: 3 0x80003cac (0xf3659403) x 8 0x00000000 mem 0x8001006c
core   0: 0x80003cb0 (0xfd618423) sb      s6, -56(gp)
core   0: 3 0x80003cb0 (0xfd618423) mem 0x80010891 0x0
core   0: 0x80003cb4 (0xfd1804a3) sb      a7, -55(a6)
core   0: 3 0x80003cb4 (0xfd1804a3) mem 0x80010ef4 0x0
core   0: 0x80003cb8 (0x5a828d23) sb      s0, 1466(t0)
core   0: 3 0x80003cb8 (0x5a828d23) mem 0x8001095f 0x0
core   0: 0x80003cbc (0xf7f1a883) lw      a7, -129(gp)
core   0: 3 0x80003cbc (0xf7f1a883) x17 0x00001000 mem 0x80010848
core   0: 0x80003cc0 (0x0000de97) auipc   t4, 0xd
core   0: 3 0x80003cc0 (0x0000de97) x29 0x80010cc0
core   0: 0x80003cc4 (0x267e8e93) addi    t4, t4, 615
core   0: 3 0x80003cc4 (0x267e8e93) x29 0x80010f27
core   0: 0x80003cc8 (0x00013997) auipc   s3, 0x13
core   0: 3 0x80003cc8 (0x00013997) x19 0x80016cc8
core   0: 0x80003ccc (0x30998993) addi    s3, s3, 777
core   0: 3 0x80003ccc (0x30998993) x19 0x80016fd1
core   0: 0x80003cd0 (0xf76e8783) lb      a5, -138(t4)
core   0: 3 0x80003cd0 (0xf76e8783) x15 0x00000000 mem 0x80010e9d
core   0: 0x80003cd4 (0xfd798623) sb      s7, -52(s3)
core   0: 3 0x80003cd4 (0xfd798623) mem 0x80016f9d 0x0
core   0: 0x80003cd8 (0xff09c283) lbu     t0, -16(s3)
core   0: 3 0x80003cd8 (0xff09c283) x 5 0x00000000 mem 0x80016fc1
core   0: 0x80003cdc (0x0e2eca03) lbu     s4, 226(t4)
core   0: 3 0x80003cdc (0x0e2eca03) x20 0x00000000 mem 0x80011009
core   0: 0x80003ce0 (0xf21e9ea3) sh      ra, -195(t4)
core   0: 3 0x80003ce0 (0xf21e9ea3) mem 0x80010e64 0x3b64
core   0: 0x80003ce4 (0x0cbe9903) lh      s2, 203(t4)
core   0: 3 0x80003ce4 (0x0cbe9903) x18 0x00000000 mem 0x80010ff2
core   0: 0x80003ce8 (0xfde9cc83) lbu     s9, -34(s3)
core   0: 3 0x80003ce8 (0xfde9cc83) x25 0x00000000 mem 0x80016faf
core   0: 0x80003cec (0xfdc98703) lb      a4, -36(s3)
core   0: 3 0x80003cec (0xfdc98703) x14 0x00000000 mem 0x80016fad
core   0: 0x80003cf0 (0xfc3ed883) lhu     a7, -61(t4)
core   0: 3 0x80003cf0 (0xfc3ed883) x17 0x00000000 mem 0x80010eea
core   0: 0x80003cf4 (0x0239d403) lhu     s0, 35(s3)
core   0: 3 0x80003cf4 (0x0239d403) x 8 0x00000000 mem 0x80016ff4
core   0: 0x80003cf8 (0x0079dc83) lhu     s9, 7(s3)
core   0: 3 0x80003cf8 (0x0079dc83) x25 0x00000000 mem 0x80016fd8
core   0: 0x80003cfc (0xfe098d03) lb      s10, -32(s3)
core   0: 3 0x80003cfc (0xfe098d03) x26 0x00000000 mem 0x80016fb1
core   0: 0x80003d00 (0xf72e85a3) sb      s2, -149(t4)
core   0: 3 0x80003d00 (0xf72e85a3) mem 0x80010e92 0x0
core   0: 0x80003d04 (0xf02ec183) lbu     gp, -254(t4)
core   0: 3 0x80003d04 (0xf02ec183) x 3 0x00000000 mem 0x80010e29
core   0: 0x80003d08 (0x02d99703) lh      a4, 45(s3)
core   0: 3 0x80003d08 (0x02d99703) x14 0x00000000 mem 0x80016ffe
core   0: 0x80003d0c (0x0139cd03) lbu     s10, 19(s3)
core   0: 3 0x80003d0c (0x0139cd03) x26 0x00000000 mem 0x80016fe4
core   0: 0x80003d10 (0x005e9da3) sh      t0, 27(t4)
core   0: 3 0x80003d10 (0x005e9da3) mem 0x80010f42 0x0000
core   0: 0x80003d14 (0xfcb99ba3) sh      a1, -41(s3)
core   0: 3 0x80003d14 (0xfcb99ba3) mem 0x80016fa8 0x0136
core   0: 0x80003d18 (0x0120036f) jal     t1, pc + 0x12
core   0: 3 0x80003d18 (0x0120036f) x 6 0x80003d1c
core   0: 0x80003d2a (0x0000a00d) c.j     pc + 34
core   0: 3 0x80003d2a (0xa00d)
core   0: 0x80003d4c (0x00003fcd) c.jal   pc - 14
core   0: 3 0x80003d4c (0x3fcd) x 1 0x80003d4e
core   0: 0x80003d3e (0x00c000ef) jal     pc + 0xc
core   0: 3 0x80003d3e (0x00c000ef) x 1 0x80003d42
core   0: 0x80003d4a (0x0000bfc9) c.j     pc - 46
core   0: 3 0x80003d4a (0xbfc9)
core   0: 0x80003d1c (0x03c0036f) jal     t1, pc + 0x3c
core   0: 3 0x80003d1c (0x03c0036f) x 6 0x80003d20
core   0: 0x80003d58 (0x00003fe5) c.jal   pc - 8
core   0: 3 0x80003d58 (0x3fe5) x 1 0x80003d5a
core   0: 0x80003d50 (0x00003fcd) c.jal   pc - 14
core   0: 3 0x80003d50 (0x3fcd) x 1 0x80003d52
core   0: 0x80003d42 (0xfefff0ef) jal     pc - 0x12
core   0: 3 0x80003d42 (0xfefff0ef) x 1 0x80003d46
core   0: 0x80003d30 (0x00002031) c.jal   pc + 12
core   0: 3 0x80003d30 (0x2031) x 1 0x80003d32
core   0: 0x80003d3c (0x0000a029) c.j     pc + 10
core   0: 3 0x80003d3c (0xa029)
core   0: 0x80003d46 (0xfedff16f) jal     sp, pc - 0x14
core   0: 3 0x80003d46 (0xfedff16f) x 2 0x80003d4a
core   0: 0x80003d32 (0x00003fc5) c.jal   pc - 16
core   0: 3 0x80003d32 (0x3fc5) x 1 0x80003d34
core   0: 0x80003d22 (0x012000ef) jal     pc + 0x12
core   0: 3 0x80003d22 (0x012000ef) x 1 0x80003d26
core   0: 0x80003d34 (0x0260036f) jal     t1, pc + 0x26
core   0: 3 0x80003d34 (0x0260036f) x 6 0x80003d38
core   0: 0x80003d5a (0xffbff2ef) jal     t0, pc - 0x6
core   0: 3 0x80003d5a (0xffbff2ef) x 5 0x80003d5e
core   0: 0x80003d54 (0xfe5ff0ef) jal     pc - 0x1c
core   0: 3 0x80003d54 (0xfe5ff0ef) x 1 0x80003d58
core   0: 0x80003d38 (0xff5ff0ef) jal     pc - 0xc
core   0: 3 0x80003d38 (0xff5ff0ef) x 1 0x80003d3c
core   0: 0x80003d2c (0x0000bfed) c.j     pc - 6
core   0: 3 0x80003d2c (0xbfed)
core   0: 0x80003d26 (0x02c002ef) jal     t0, pc + 0x2c
core   0: 3 0x80003d26 (0x02c002ef) x 5 0x80003d2a
core   0: 0x80003d52 (0x000037f9) c.jal   pc - 50
core   0: 3 0x80003d52 (0x37f9) x 1 0x80003d54
core   0: 0x80003d20 (0x0000a03d) c.j     pc + 46
core   0: 3 0x80003d20 (0xa03d)
core   0: 0x80003d4e (0x000037c5) c.jal   pc - 32
core   0: 3 0x80003d4e (0x37c5) x 1 0x80003d50
core   0: 0x80003d2e (0x00002805) c.jal   pc + 48
core   0: 3 0x80003d2e (0x2805) x 1 0x80003d30
core   0: 0x80003d5e (0x03a31333) mulh    t1, t1, s10
core   0: 3 0x80003d5e (0x03a31333) x 6 0x00000000
core   0: 0x80003d62 (0x0001c117) auipc   sp, 0x1c
core   0: 3 0x80003d62 (0x0001c117) x 2 0x8001fd62
core   0: 0x80003d66 (0xe1710113) addi    sp, sp, -489
core   0: 3 0x80003d66 (0xe1710113) x 2 0x8001fb79
core   0: 0x80003d6a (0xf8310723) sb      gp, -114(sp)
core   0: 3 0x80003d6a (0xf8310723) mem 0x8001fb07 0x0
core   0: 0x80003d6e (0xf2915783) lhu     a5, -215(sp)
core   0: 3 0x80003d6e (0xf2915783) x15 0x00000000 mem 0x8001faa2
core   0: 0x80003d72 (0xf0010da3) sb      zero, -229(sp)
core   0: 3 0x80003d72 (0xf0010da3) mem 0x8001fa94 0x0
core   0: 0x80003d76 (0xf1515b03) lhu     s6, -235(sp)
core   0: 3 0x80003d76 (0xf1515b03) x22 0x00000000 mem 0x8001fa8e
core   0: 0x80003d7a (0xfa010a83) lb      s5, -96(sp)
core   0: 3 0x80003d7a (0xfa010a83) x21 0x00000000 mem 0x8001fb19
core   0: 0x80003d7e (0xfa010e83) lb      t4, -96(sp)
core   0: 3 0x80003d7e (0xfa010e83) x29 0x00000000 mem 0x8001fb19
core   0: 0x80003d82 (0x0e014783) lbu     a5, 224(sp)
core   0: 3 0x80003d82 (0x0e014783) x15 0x00000000 mem 0x8001fc59
core   0: 0x80003d86 (0xf19115a3) sh      s9, -245(sp)
core   0: 3 0x80003d86 (0xf19115a3) mem 0x8001fa84 0x0000
core   0: 0x80003d8a (0x00000001) c.nop
core   0: 3 0x80003d8a (0x0001)
core   0: 0x80003d8c (0xfbc10323) sb      t3, -90(sp)
core   0: 3 0x80003d8c (0xfbc10323) mem 0x8001fb1f 0xba
core   0: 0x80003d90 (0x000f98b3) sll     a7, t6, zero
core   0: 3 0x80003d90 (0x000f98b3) x17 0x00000000
core   0: 0x80003d94 (0xfa614483) lbu     s1, -90(sp)
core   0: 3 0x80003d94 (0xfa614483) x 9 0x000000ba mem 0x8001fb1f
core   0: 0x80003d98 (0x06f12383) lw      t2, 111(sp)
core   0: 3 0x80003d98 (0x06f12383) x 7 0x00000000 mem 0x8001fbe8
core   0: 0x80003d9c (0x029dc9b3) div     s3, s11, s1
core   0: 3 0x80003d9c (0x029dc9b3) x19 0x005b32c2
core   0: 0x80003da0 (0xfb511a03) lh      s4, -75(sp)
core   0: 3 0x80003da0 (0xfb511a03) x20 0x00000000 mem 0x8001fb2e
core   0: 0x80003da4 (0xfb515f03) lhu     t5, -75(sp)
core   0: 3 0x80003da4 (0xfb515f03) x30 0x00000000 mem 0x8001fb2e
core   0: 0x80003da8 (0xfb511a83) lh      s5, -75(sp)
core   0: 3 0x80003da8 (0xfb511a83) x21 0x00000000 mem 0x8001fb2e
core   0: 0x80003dac (0xae812493) slti    s1, sp, -1304
core   0: 3 0x80003dac (0xae812493) x 9 0x00000001
core   0: 0x80003db0 (0xfb511583) lh      a1, -75(sp)
core   0: 3 0x80003db0 (0xfb511583) x11 0x00000000 mem 0x8001fb2e
core   0: 0x80003db4 (0xfb511303) lh      t1, -75(sp)
core   0: 3 0x80003db4 (0xfb511303) x 6 0x00000000 mem 0x8001fb2e
core   0: 0x80003db8 (0x00d598b3) sll     a7, a1, a3
core   0: 3 0x80003db8 (0x00d598b3) x17 0x00000000
core   0: 0x80003dbc (0xfb515983) lhu     s3, -75(sp)
core   0: 3 0x80003dbc (0xfb515983) x19 0x00000000 mem 0x8001fb2e
core   0: 0x80003dc0 (0xfb515003) lhu     zero, -75(sp)
core   0: 3 0x80003dc0 (0xfb515003) mem 0x8001fb2e
core   0: 0x80003dc4 (0x031b3cb3) mulhu   s9, s6, a7
core   0: 3 0x80003dc4 (0x031b3cb3) x25 0x00000000
core   0: 0x80003dc8 (0xfb515083) lhu     ra, -75(sp)
core   0: 3 0x80003dc8 (0xfb515083) x 1 0x00000000 mem 0x8001fb2e
core   0: 0x80003dcc (0xfec10723) sb      a2, -18(sp)
core   0: 3 0x80003dcc (0xfec10723) mem 0x8001fb67 0x64
core   0: 0x80003dd0 (0x01c0036f) jal     t1, pc + 0x1c
core   0: 3 0x80003dd0 (0x01c0036f) x 6 0x80003dd4
core   0: 0x80003dec (0x00003ffd) c.jal   pc - 2
core   0: 3 0x80003dec (0x3ffd) x 1 0x80003dee
core   0: 0x80003dea (0x0000bff5) c.j     pc - 4
core   0: 3 0x80003dea (0xbff5)
core   0: 0x80003de6 (0x00003fe5) c.jal   pc - 8
core   0: 3 0x80003de6 (0x3fe5) x 1 0x80003de8
core   0: 0x80003dde (0xff9ff0ef) jal     pc - 0x8
core   0: 3 0x80003dde (0xff9ff0ef) x 1 0x80003de2
core   0: 0x80003dd6 (0x0000a009) c.j     pc + 2
core   0: 3 0x80003dd6 (0xa009)
core   0: 0x80003dd8 (0x00003ff5) c.jal   pc - 4
core   0: 3 0x80003dd8 (0x3ff5) x 1 0x80003dda
core   0: 0x80003dd4 (0x0000a039) c.j     pc + 14
core   0: 3 0x80003dd4 (0xa039)
core   0: 0x80003de2 (0x00002009) c.jal   pc + 2
core   0: 3 0x80003de2 (0x2009) x 1 0x80003de4
core   0: 0x80003de4 (0x00002011) c.jal   pc + 4
core   0: 3 0x80003de4 (0x2011) x 1 0x80003de6
core   0: 0x80003de8 (0x0000bfcd) c.j     pc - 14
core   0: 3 0x80003de8 (0xbfcd)
core   0: 0x80003dda (0x01400c6f) jal     s8, pc + 0x14
core   0: 3 0x80003dda (0x01400c6f) x24 0x80003dde
core   0: 0x80003dee (0xaf63f2b7) lui     t0, 0xaf63f
core   0: 3 0x80003dee (0xaf63f2b7) x 5 0xaf63f000
core   0: 0x80003df2 (0x00017917) auipc   s2, 0x17
core   0: 3 0x80003df2 (0x00017917) x18 0x8001adf2
core   0: 0x80003df6 (0xa4490913) addi    s2, s2, -1468
core   0: 3 0x80003df6 (0xa4490913) x18 0x8001a836
core   0: 0x80003dfa (0x957d4293) xori    t0, s10, -1705
core   0: 3 0x80003dfa (0x957d4293) x 5 0xfffff957
core   0: 0x80003dfe (0x00000001) c.nop
core   0: 3 0x80003dfe (0x0001)
core   0: 0x80003e00 (0x35c2c113) xori    sp, t0, 860
core   0: 3 0x80003e00 (0x35c2c113) x 2 0xfffffa0b
core   0: 0x80003e04 (0xda75a293) slti    t0, a1, -601
core   0: 3 0x80003e04 (0xda75a293) x 5 0x00000000
core   0: 0x80003e08 (0x0000717d) c.addi16sp sp, -16
core   0: 3 0x80003e08 (0x717d) x 2 0xfffff9fb
core   0: 0x80003e0a (0x1cc91283) lh      t0, 460(s2)
core   0: 3 0x80003e0a (0x1cc91283) x 5 0x00000000 mem 0x8001aa02
core   0: 0x80003e0e (0x01a58033) add     zero, a1, s10
core   0: 3 0x80003e0e (0x01a58033)
core   0: 0x80003e12 (0x025d15b3) mulh    a1, s10, t0
core   0: 3 0x80003e12 (0x025d15b3) x11 0x00000000
core   0: 0x80003e16 (0x76390d03) lb      s10, 1891(s2)
core   0: 3 0x80003e16 (0x76390d03) x26 0x00000000 mem 0x8001af99
core   0: 0x80003e1a (0x02229d33) mulh    s10, t0, sp
core   0: 3 0x80003e1a (0x02229d33) x26 0x00000000
core   0: 0x80003e1e (0x7e890ba3) sb      s0, 2039(s2)
core   0: 3 0x80003e1e (0x7e890ba3) mem 0x8001b02d 0x0
core   0: 0x80003e22 (0x0000611d) c.addi16sp sp, 416
core   0: 3 0x80003e22 (0x611d) x 2 0xfffffb9b
core   0: 0x80003e24 (0xea290223) sb      sp, -348(s2)
core   0: 3 0x80003e24 (0xea290223) mem 0x8001a6da 0x9b
core   0: 0x80003e28 (0x11594103) lbu     sp, 277(s2)
core   0: 3 0x80003e28 (0x11594103) x 2 0x00000000 mem 0x8001a94b
core   0: 0x80003e2c (0x0ff0000f) fence   iorw,iorw
core   0: 3 0x80003e2c (0x0ff0000f)
core   0: 0x80003e30 (0x38b901a3) sb      a1, 899(s2)
core   0: 3 0x80003e30 (0x38b901a3) mem 0x8001abb9 0x0
core   0: 0x80003e34 (0xa88904a3) sb      s0, -1399(s2)
core   0: 3 0x80003e34 (0xa88904a3) mem 0x8001a2bf 0x0
core   0: 0x80003e38 (0x02029433) mulh    s0, t0, zero
core   0: 3 0x80003e38 (0x02029433) x 8 0x00000000
core   0: 0x80003e3c (0x9c594583) lbu     a1, -1595(s2)
core   0: 3 0x80003e3c (0x9c594583) x11 0x00000000 mem 0x8001a1fb
core   0: 0x80003e40 (0xd1194003) lbu     zero, -751(s2)
core   0: 3 0x80003e40 (0xd1194003) mem 0x8001a547
core   0: 0x80003e44 (0x00008c4d) c.or    s0, a1
core   0: 3 0x80003e44 (0x8c4d) x 8 0x00000000
core   0: 0x80003e46 (0x36092923) sw      zero, 882(s2)
core   0: 3 0x80003e46 (0x36092923) mem 0x8001aba8 0x00000000
core   0: 0x80003e4a (0x0000cb97) auipc   s7, 0xc
core   0: 3 0x80003e4a (0x0000cb97) x23 0x8000fe4a
core   0: 0x80003e4e (0x678b8b93) addi    s7, s7, 1656
core   0: 3 0x80003e4e (0x678b8b93) x23 0x800104c2
core   0: 0x80003e52 (0x037b8483) lb      s1, 55(s7)
core   0: 3 0x80003e52 (0x037b8483) x 9 0x00000000 mem 0x800104f9
core   0: 0x80003e56 (0x0001bd17) auipc   s10, 0x1b
core   0: 3 0x80003e56 (0x0001bd17) x26 0x8001ee56
core   0: 0x80003e5a (0x3cfd0d13) addi    s10, s10, 975
core   0: 3 0x80003e5a (0x3cfd0d13) x26 0x8001f225
core   0: 0x80003e5e (0x005d5803) lhu     a6, 5(s10)
core   0: 3 0x80003e5e (0x005d5803) x16 0x00000000 mem 0x8001f22a
core   0: 0x80003e62 (0x02ebc983) lbu     s3, 46(s7)
core   0: 3 0x80003e62 (0x02ebc983) x19 0x00000000 mem 0x800104f0
core   0: 0x80003e66 (0x015bcb03) lbu     s6, 21(s7)
core   0: 3 0x80003e66 (0x015bcb03) x22 0x00000000 mem 0x800104d7
core   0: 0x80003e6a (0xff3d0da3) sb      s3, -5(s10)
core   0: 3 0x80003e6a (0xff3d0da3) mem 0x8001f220 0x0
core   0: 0x80003e6e (0xfe3d0a23) sb      gp, -12(s10)
core   0: 3 0x80003e6e (0xfe3d0a23) mem 0x8001f219 0x0
core   0: 0x80003e72 (0xfffb8983) lb      s3, -1(s7)
core   0: 3 0x80003e72 (0xfffb8983) x19 0x00000000 mem 0x800104c1
core   0: 0x80003e76 (0x002d0683) lb      a3, 2(s10)
core   0: 3 0x80003e76 (0x002d0683) x13 0x00000000 mem 0x8001f227
core   0: 0x80003e7a (0x001d1583) lh      a1, 1(s10)
core   0: 3 0x80003e7a (0x001d1583) x11 0x00000000 mem 0x8001f226
core   0: 0x80003e7e (0x003bcc83) lbu     s9, 3(s7)
core   0: 3 0x80003e7e (0x003bcc83) x25 0x00000000 mem 0x800104c5
core   0: 0x80003e82 (0xff6d1ea3) sh      s6, -3(s10)
core   0: 3 0x80003e82 (0xff6d1ea3) mem 0x8001f222 0x0000
core   0: 0x80003e86 (0xff2b9f83) lh      t6, -14(s7)
core   0: 3 0x80003e86 (0xff2b9f83) x31 0x00000000 mem 0x800104b4
core   0: 0x80003e8a (0xfc0b8423) sb      zero, -56(s7)
core   0: 3 0x80003e8a (0xfc0b8423) mem 0x8001048a 0x0
core   0: 0x80003e8e (0x007b8c03) lb      s8, 7(s7)
core   0: 3 0x80003e8e (0x007b8c03) x24 0x00000000 mem 0x800104c9
core   0: 0x80003e92 (0xff3d1f03) lh      t5, -13(s10)
core   0: 3 0x80003e92 (0xff3d1f03) x30 0x00000000 mem 0x8001f218
core   0: 0x80003e96 (0x01cd25a3) sw      t3, 11(s10)
core   0: 3 0x80003e96 (0x01cd25a3) mem 0x8001f230 0x000076ba
core   0: 0x80003e9a (0x00a0036f) jal     t1, pc + 0xa
core   0: 3 0x80003e9a (0x00a0036f) x 6 0x80003e9e
core   0: 0x80003ea4 (0x00002011) c.jal   pc + 4
core   0: 3 0x80003ea4 (0x2011) x 1 0x80003ea6
core   0: 0x80003ea8 (0x00003fdd) c.jal   pc - 10
core   0: 3 0x80003ea8 (0x3fdd) x 1 0x80003eaa
core   0: 0x80003e9e (0x0000a021) c.j     pc + 8
core   0: 3 0x80003e9e (0xa021)
core   0: 0x80003ea6 (0x0000a015) c.j     pc + 36
core   0: 3 0x80003ea6 (0xa015)
core   0: 0x80003eca (0xff5ff2ef) jal     t0, pc - 0xc
core   0: 3 0x80003eca (0xff5ff2ef) x 5 0x80003ece
core   0: 0x80003ebe (0x0000bfc5) c.j     pc - 16
core   0: 3 0x80003ebe (0xbfc5)
core   0: 0x80003eae (0x00002829) c.jal   pc + 26
core   0: 3 0x80003eae (0x2829) x 1 0x80003eb0
core   0: 0x80003ec8 (0x00003fed) c.jal   pc - 6
core   0: 3 0x80003ec8 (0x3fed) x 1 0x80003eca
core   0: 0x80003ec2 (0xffbff16f) jal     sp, pc - 0x6
core   0: 3 0x80003ec2 (0xffbff16f) x 2 0x80003ec6
core   0: 0x80003ebc (0x000037fd) c.jal   pc - 18
core   0: 3 0x80003ebc (0x37fd) x 1 0x80003ebe
core   0: 0x80003eaa (0x008002ef) jal     t0, pc + 0x8
core   0: 3 0x80003eaa (0x008002ef) x 5 0x80003eae
core   0: 0x80003eb2 (0x014001ef) jal     gp, pc + 0x14
core   0: 3 0x80003eb2 (0x014001ef) x 3 0x80003eb6
core   0: 0x80003ec6 (0x00002021) c.jal   pc + 8
core   0: 3 0x80003ec6 (0x2021) x 1 0x80003ec8
core   0: 0x80003ece (0x0000b7e5) c.j     pc - 24
core   0: 3 0x80003ece (0xb7e5)
core   0: 0x80003eb6 (0xfebff0ef) jal     pc - 0x16
core   0: 3 0x80003eb6 (0xfebff0ef) x 1 0x80003eba
core   0: 0x80003ea0 (0x020000ef) jal     pc + 0x20
core   0: 3 0x80003ea0 (0x020000ef) x 1 0x80003ea4
core   0: 0x80003ec0 (0x0000bfc5) c.j     pc - 16
core   0: 3 0x80003ec0 (0xbfc5)
core   0: 0x80003eb0 (0x00002029) c.jal   pc + 10
core   0: 3 0x80003eb0 (0x2029) x 1 0x80003eb2
core   0: 0x80003eba (0x00002819) c.jal   pc + 22
core   0: 3 0x80003eba (0x2819) x 1 0x80003ebc
core   0: 0x80003ed0 (0x0201ec33) rem     s8, gp, zero
core   0: 3 0x80003ed0 (0x0201ec33) x24 0x80003eb6
core   0: 0x80003ed4 (0x0000cd17) auipc   s10, 0xc
core   0: 3 0x80003ed4 (0x0000cd17) x26 0x8000fed4
core   0: 0x80003ed8 (0x79fd0d13) addi    s10, s10, 1951
core   0: 3 0x80003ed8 (0x79fd0d13) x26 0x80010673
core   0: 0x80003edc (0x00018997) auipc   s3, 0x18
core   0: 3 0x80003edc (0x00018997) x19 0x8001bedc
core   0: 0x80003ee0 (0x62398993) addi    s3, s3, 1571
core   0: 3 0x80003ee0 (0x62398993) x19 0x8001c4ff
core   0: 0x80003ee4 (0x02fd0723) sb      a5, 46(s10)
core   0: 3 0x80003ee4 (0x02fd0723) mem 0x800106a1 0x0
core   0: 0x80003ee8 (0xfea98c23) sb      a0, -8(s3)
core   0: 3 0x80003ee8 (0xfea98c23) mem 0x8001c4f7 0xe4
core   0: 0x80003eec (0x01098183) lb      gp, 16(s3)
core   0: 3 0x80003eec (0x01098183) x 3 0x00000000 mem 0x8001c50f
core   0: 0x80003ef0 (0x039d1403) lh      s0, 57(s10)
core   0: 3 0x80003ef0 (0x039d1403) x 8 0x00000000 mem 0x800106ac
core   0: 0x80003ef4 (0xfe8d0183) lb      gp, -24(s10)
core   0: 3 0x80003ef4 (0xfe8d0183) x 3 0x00000000 mem 0x8001065b
core   0: 0x80003ef8 (0xff79c083) lbu     ra, -9(s3)
core   0: 3 0x80003ef8 (0xff79c083) x 1 0x00000000 mem 0x8001c4f6
core   0: 0x80003efc (0x00098823) sb      zero, 16(s3)
core   0: 3 0x80003efc (0x00098823) mem 0x8001c50f 0x0
core   0: 0x80003f00 (0x029d0723) sb      s1, 46(s10)
core   0: 3 0x80003f00 (0x029d0723) mem 0x800106a1 0x0
core   0: 0x80003f04 (0x0009cc83) lbu     s9, 0(s3)
core   0: 3 0x80003f04 (0x0009cc83) x25 0x00000000 mem 0x8001c4ff
core   0: 0x80003f08 (0xfcbd5383) lhu     t2, -53(s10)
core   0: 3 0x80003f08 (0xfcbd5383) x 7 0x00000000 mem 0x8001063e
core   0: 0x80003f0c (0x00a98e83) lb      t4, 10(s3)
core   0: 3 0x80003f0c (0x00a98e83) x29 0x00000000 mem 0x8001c509
core   0: 0x80003f10 (0x0009c183) lbu     gp, 0(s3)
core   0: 3 0x80003f10 (0x0009c183) x 3 0x00000000 mem 0x8001c4ff
core   0: 0x80003f14 (0xfcad4b03) lbu     s6, -54(s10)
core   0: 3 0x80003f14 (0xfcad4b03) x22 0x00000000 mem 0x8001063d
core   0: 0x80003f18 (0x00b986a3) sb      a1, 13(s3)
core   0: 3 0x80003f18 (0x00b986a3) mem 0x8001c50c 0x0
core   0: 0x80003f1c (0x0199a4a3) sw      s9, 9(s3)
core   0: 3 0x80003f1c (0x0199a4a3) mem 0x8001c508 0x00000000
core   0: 0x80003f20 (0x00a00393) li      t2, 10
core   0: 3 0x80003f20 (0x00a00393) x 7 0x0000000a
core   0: 0x80003f24 (0x00006d25) c.lui   s10, 0x9
core   0: 3 0x80003f24 (0x6d25) x26 0x00009000
core   0: 0x80003f26 (0x00093433) sltu    s0, s2, zero
core   0: 3 0x80003f26 (0x00093433) x 8 0x00000000
core   0: 0x80003f2a (0x9ac58437) lui     s0, 0x9ac58
core   0: 3 0x80003f2a (0x9ac58437) x 8 0x9ac58000
core   0: 0x80003f2e (0x00a00313) li      t1, 10
core   0: 3 0x80003f2e (0x00a00313) x 6 0x0000000a
core   0: 0x80003f32 (0x0ff0000f) fence   iorw,iorw
core   0: 3 0x80003f32 (0x0ff0000f)
core   0: 0x80003f36 (0x01ec2b33) slt     s6, s8, t5
core   0: 3 0x80003f36 (0x01ec2b33) x22 0x00000001
core   0: 0x80003f3a (0x40f358b3) sra     a7, t1, a5
core   0: 3 0x80003f3a (0x40f358b3) x17 0x0000000a
core   0: 0x80003f3e (0x02688bb3) mul     s7, a7, t1
core   0: 3 0x80003f3e (0x02688bb3) x23 0x00000064
core   0: 0x80003f42 (0x0194ceb3) xor     t4, s1, s9
core   0: 3 0x80003f42 (0x0194ceb3) x29 0x00000000
core   0: 0x80003f46 (0x00000284) c.addi4spn s1, sp, 320
core   0: 3 0x80003f46 (0x0284) x 9 0x80004006
core   0: 0x80003f48 (0x00377c33) and     s8, a4, gp
core   0: 3 0x80003f48 (0x00377c33) x24 0x00000000
core   0: 0x80003f4c (0x4093d133) sra     sp, t2, s1
core   0: 3 0x80003f4c (0x4093d133) x 2 0x00000000
core   0: 0x80003f50 (0x00000001) c.nop
core   0: 3 0x80003f50 (0x0001)
core   0: 0x80003f52 (0x000013f1) c.addi  t2, -4
core   0: 3 0x80003f52 (0x13f1) x 7 0x00000006
core   0: 0x80003f54 (0x0195b7b3) sltu    a5, a1, s9
core   0: 3 0x80003f54 (0x0195b7b3) x15 0x00000000
core   0: 0x80003f58 (0x0262ecb3) rem     s9, t0, t1
core   0: 3 0x80003f58 (0x0262ecb3) x25 0xfffffffe
core   0: 0x80003f5c (0x0000100f) fence.i
core   0: 3 0x80003f5c (0x0000100f)
core   0: 0x80003f60 (0x03417433) remu    s0, sp, s4
core   0: 3 0x80003f60 (0x03417433) x 8 0x00000000
core   0: 0x80003f64 (0x00000001) c.nop
core   0: 3 0x80003f64 (0x0001)
core   0: 0x80003f66 (0x031ec133) div     sp, t4, a7
core   0: 3 0x80003f66 (0x031ec133) x 2 0x00000000
core   0: 0x80003f6a (0xfc63fee3) bgeu    t2, t1, pc - 36
core   0: 3 0x80003f6a (0xfc63fee3)
core   0: 0x80003f6e (0xd52d55b7) lui     a1, 0xd52d5
core   0: 3 0x80003f6e (0xd52d55b7) x11 0xd52d5000
core   0: 0x80003f72 (0x00900413) li      s0, 9
core   0: 3 0x80003f72 (0x00900413) x 8 0x00000009
core   0: 0x80003f76 (0x02ccaa33) mulhsu  s4, s9, a2
core   0: 3 0x80003f76 (0x02ccaa33) x20 0xfffffffe
core   0: 0x80003f7a (0x03f8f933) remu    s2, a7, t6
core   0: 3 0x80003f7a (0x03f8f933) x18 0x0000000a
core   0: 0x80003f7e (0x62683217) auipc   tp, 0x62683
core   0: 3 0x80003f7e (0x62683217) x 4 0xe2686f7e
core   0: 0x80003f82 (0x17dc7f93) andi    t6, s8, 381
core   0: 3 0x80003f82 (0x17dc7f93) x31 0x00000000
core   0: 0x80003f86 (0x00d00d13) li      s10, 13
core   0: 3 0x80003f86 (0x00d00d13) x26 0x0000000d
core   0: 0x80003f8a (0x011780b3) add     ra, a5, a7
core   0: 3 0x80003f8a (0x011780b3) x 1 0x0000000a
core   0: 0x80003f8e (0x7284c793) xori    a5, s1, 1832
core   0: 3 0x80003f8e (0x7284c793) x15 0x8000472e
core   0: 0x80003f92 (0x072f3f97) auipc   t6, 0x72f3
core   0: 3 0x80003f92 (0x072f3f97) x31 0x872f6f92
core   0: 0x80003f96 (0x7ef24893) xori    a7, tp, 2031
core   0: 3 0x80003f96 (0x7ef24893) x17 0xe2686891
core   0: 0x80003f9a (0x01e48333) add     t1, s1, t5
core   0: 3 0x80003f9a (0x01e48333) x 6 0x80004006
core   0: 0x80003f9e (0x00006905) c.lui   s2, 0x1
core   0: 3 0x80003f9e (0x6905) x18 0x00001000
core   0: 0x80003fa0 (0x0ff0000f) fence   iorw,iorw
core   0: 3 0x80003fa0 (0x0ff0000f)
core   0: 0x80003fa4 (0x00006a39) c.lui   s4, 0xe
core   0: 3 0x80003fa4 (0x6a39) x20 0x0000e000
core   0: 0x80003fa6 (0x02cdb333) mulhu   t1, s11, a2
core   0: 3 0x80003fa6 (0x02cdb333) x 6 0x21220dbe
core   0: 0x80003faa (0x00000411) c.addi  s0, 4
core   0: 3 0x80003faa (0x0411) x 8 0x0000000d
core   0: 0x80003fac (0x69744313) xori    t1, s0, 1687
core   0: 3 0x80003fac (0x69744313) x 6 0x0000069a
core   0: 0x80003fb0 (0x00900493) li      s1, 9
core   0: 3 0x80003fb0 (0x00900493) x 9 0x00000009
core   0: 0x80003fb4 (0x40368733) sub     a4, a3, gp
core   0: 3 0x80003fb4 (0x40368733) x14 0x00000000
core   0: 0x80003fb8 (0x00000001) c.nop
core   0: 3 0x80003fb8 (0x0001)
core   0: 0x80003fba (0x008c9593) slli    a1, s9, 8
core   0: 3 0x80003fba (0x008c9593) x11 0xfffffe00
core   0: 0x80003fbe (0x0371e233) rem     tp, gp, s7
core   0: 3 0x80003fbe (0x0371e233) x 4 0x00000000
core   0: 0x80003fc2 (0x0280bbb3) mulhu   s7, ra, s0
core   0: 3 0x80003fc2 (0x0280bbb3) x23 0x00000000
core   0: 0x80003fc6 (0xe547fb13) andi    s6, a5, -428
core   0: 3 0x80003fc6 (0xe547fb13) x22 0x80004604
core   0: 0x80003fca (0x40bc58b3) sra     a7, s8, a1
core   0: 3 0x80003fca (0x40bc58b3) x17 0x00000000
core   0: 0x80003fce (0x000014dd) c.addi  s1, -9
core   0: 3 0x80003fce (0x14dd) x 9 0x00000000
core   0: 0x80003fd0 (0x0000f8fd) c.bnez  s1, pc - 10
core   0: 3 0x80003fd0 (0xf8fd)
core   0: 0x80003fd2 (0xfba44ee3) blt     s0, s10, pc - 68
core   0: 3 0x80003fd2 (0xfba44ee3)
core   0: 0x80003fd6 (0x00008d81) c.sub   a1, s0
core   0: 3 0x80003fd6 (0x8d81) x11 0xfffffdf3
core   0: 0x80003fd8 (0x0000d297) auipc   t0, 0xd
core   0: 3 0x80003fd8 (0x0000d297) x 5 0x80010fd8
core   0: 0x80003fdc (0xd3e28293) addi    t0, t0, -706
core   0: 3 0x80003fdc (0xd3e28293) x 5 0x80010d16
core   0: 0x80003fe0 (0xcbb2c103) lbu     sp, -837(t0)
core   0: 3 0x80003fe0 (0xcbb2c103) x 2 0x00000000 mem 0x800109d1
core   0: 0x80003fe4 (0xb3728383) lb      t2, -1225(t0)
core   0: 3 0x80003fe4 (0xb3728383) x 7 0x00000000 mem 0x8001084d
core   0: 0x80003fe8 (0xe1928883) lb      a7, -487(t0)
core   0: 3 0x80003fe8 (0xe1928883) x17 0x00000000 mem 0x80010b2f
core   0: 0x80003fec (0xe1928103) lb      sp, -487(t0)
core   0: 3 0x80003fec (0xe1928103) x 2 0x00000000 mem 0x80010b2f
core   0: 0x80003ff0 (0xe1928803) lb      a6, -487(t0)
core   0: 3 0x80003ff0 (0xe1928803) x16 0x00000000 mem 0x80010b2f
core   0: 0x80003ff4 (0xe0e28ca3) sb      a4, -487(t0)
core   0: 3 0x80003ff4 (0xe0e28ca3) mem 0x80010b2f 0x0
core   0: 0x80003ff8 (0x828eee37) lui     t3, 0x828ee
core   0: 3 0x80003ff8 (0x828eee37) x28 0x828ee000
core   0: 0x80003ffc (0xe1728ca3) sb      s7, -487(t0)
core   0: 3 0x80003ffc (0xe1728ca3) mem 0x80010b2f 0x0
core   0: 0x80004000 (0x97b283a3) sb      s11, -1689(t0)
core   0: 3 0x80004000 (0x97b283a3) mem 0x8001067d 0x94
core   0: 0x80004004 (0x012a6eb3) or      t4, s4, s2
core   0: 3 0x80004004 (0x012a6eb3) x29 0x0000f000
core   0: 0x80004008 (0x0000612d) c.addi16sp sp, 224
core   0: 3 0x80004008 (0x612d) x 2 0x000000e0
core   0: 0x8000400a (0x91d2c683) lbu     a3, -1763(t0)
core   0: 3 0x8000400a (0x91d2c683) x13 0x00000000 mem 0x80010633
core   0: 0x8000400e (0xb152c683) lbu     a3, -1259(t0)
core   0: 3 0x8000400e (0xb152c683) x13 0x00000000 mem 0x8001082b
core   0: 0x80004012 (0x00011717) auipc   a4, 0x11
core   0: 3 0x80004012 (0x00011717) x14 0x80015012
core   0: 0x80004016 (0x17a70713) addi    a4, a4, 378
core   0: 3 0x80004016 (0x17a70713) x14 0x8001518c
core   0: 0x8000401a (0xf2171523) sh      ra, -214(a4)
core   0: 3 0x8000401a (0xf2171523) mem 0x800150b6 0x000a
core   0: 0x8000401e (0x00009afd) c.andi  a3, -1
core   0: 3 0x8000401e (0x9afd) x13 0x00000000
core   0: 0x80004020 (0x40a68133) sub     sp, a3, a0
core   0: 3 0x80004020 (0x40a68133) x 2 0x7ffd631c
core   0: 0x80004024 (0x000088d6) c.mv    a7, s5
core   0: 3 0x80004024 (0x88d6) x17 0x00000000
core   0: 0x80004026 (0x00009faa) c.add   t6, a0
core   0: 3 0x80004026 (0x9faa) x31 0x07320c76
core   0: 0x80004028 (0x000083aa) c.mv    t2, a0
core   0: 3 0x80004028 (0x83aa) x 7 0x80029ce4
core   0: 0x8000402a (0xfc570b03) lb      s6, -59(a4)
core   0: 3 0x8000402a (0xfc570b03) x22 0x00000000 mem 0x80015151
core   0: 0x8000402e (0x0af70303) lb      t1, 175(a4)
core   0: 3 0x8000402e (0x0af70303) x 6 0x00000000 mem 0x8001523b
core   0: 0x80004032 (0x40ba8133) sub     sp, s5, a1
core   0: 3 0x80004032 (0x40ba8133) x 2 0x0000020d
core   0: 0x80004036 (0xf4875583) lhu     a1, -184(a4)
core   0: 3 0x80004036 (0xf4875583) x11 0x00000000 mem 0x800150d4
core   0: 0x8000403a (0xf1c72e83) lw      t4, -228(a4)
core   0: 3 0x8000403a (0xf1c72e83) x29 0x00000000 mem 0x800150a8
core   0: 0x8000403e (0xf6070c03) lb      s8, -160(a4)
core   0: 3 0x8000403e (0xf6070c03) x24 0x00000000 mem 0x800150ec
core   0: 0x80004042 (0xf8838c97) auipc   s9, 0xf8838
core   0: 3 0x80004042 (0xf8838c97) x25 0x7883c042
core   0: 0x80004046 (0x40b58eb3) sub     t4, a1, a1
core   0: 3 0x80004046 (0x40b58eb3) x29 0x00000000
core   0: 0x8000404a (0x03c5f0b3) remu    ra, a1, t3
core   0: 3 0x8000404a (0x03c5f0b3) x 1 0x00000000
core   0: 0x8000404e (0xff072423) sw      a6, -24(a4)
core   0: 3 0x8000404e (0xff072423) mem 0x80015174 0x00000000
core   0: 0x80004052 (0x00009442) c.add   s0, a6
core   0: 3 0x80004052 (0x9442) x 8 0x0000000d
core   0: 0x80004054 (0xe9e80293) addi    t0, a6, -354
core   0: 3 0x80004054 (0xe9e80293) x 5 0xfffffe9e
core   0: 0x80004058 (0x00867eb3) and     t4, a2, s0
core   0: 3 0x80004058 (0x00867eb3) x29 0x00000004
core   0: 0x8000405c (0x8a72f413) andi    s0, t0, -1881
core   0: 3 0x8000405c (0x8a72f413) x 8 0xfffff886
core   0: 0x80004060 (0x0c174303) lbu     t1, 193(a4)
core   0: 3 0x80004060 (0x0c174303) x 6 0x00000000 mem 0x8001524d
core   0: 0x80004064 (0x00009ee6) c.add   t4, s9
core   0: 3 0x80004064 (0x9ee6) x29 0x7883c046
core   0: 0x80004066 (0x00008cd1) c.or    s1, a2
core   0: 3 0x80004066 (0x8cd1) x 9 0x80025e64
core   0: 0x80004068 (0x00008eb9) c.xor   a3, a4
core   0: 3 0x80004068 (0x8eb9) x13 0x8001518c
core   0: 0x8000406a (0x0000100f) fence.i
core   0: 3 0x8000406a (0x0000100f)
core   0: 0x8000406e (0x000082ed) c.srli  a3, 27
core   0: 3 0x8000406e (0x82ed) x13 0x00000010
core   0: 0x80004070 (0x0009d313) srli    t1, s3, 0
core   0: 3 0x80004070 (0x0009d313) x 6 0x8001c4ff
core   0: 0x80004074 (0x0170f833) and     a6, ra, s7
core   0: 3 0x80004074 (0x0170f833) x16 0x00000000
core   0: 0x80004078 (0xf0d70983) lb      s3, -243(a4)
core   0: 3 0x80004078 (0xf0d70983) x19 0x00000000 mem 0x80015099
core   0: 0x8000407c (0x0fe709a3) sb      t5, 243(a4)
core   0: 3 0x8000407c (0x0fe709a3) mem 0x8001527f 0x0
core   0: 0x80004080 (0x0180036f) jal     t1, pc + 0x18
core   0: 3 0x80004080 (0x0180036f) x 6 0x80004084
core   0: 0x80004098 (0x01a0036f) jal     t1, pc + 0x1a
core   0: 3 0x80004098 (0x01a0036f) x 6 0x8000409c
core   0: 0x800040b2 (0x00003fd5) c.jal   pc - 12
core   0: 3 0x800040b2 (0x3fd5) x 1 0x800040b4
core   0: 0x800040a6 (0x0000bfdd) c.j     pc - 10
core   0: 3 0x800040a6 (0xbfdd)
core   0: 0x8000409c (0x00002031) c.jal   pc + 12
core   0: 3 0x8000409c (0x2031) x 1 0x8000409e
core   0: 0x800040a8 (0xfebff36f) jal     t1, pc - 0x16
core   0: 3 0x800040a8 (0xfebff36f) x 6 0x800040ac
core   0: 0x80004092 (0x0000a801) c.j     pc + 16
core   0: 3 0x80004092 (0xa801)
core   0: 0x800040a2 (0x0000a029) c.j     pc + 10
core   0: 3 0x800040a2 (0xa029)
core   0: 0x800040ac (0x0040036f) jal     t1, pc + 0x4
core   0: 3 0x800040ac (0x0040036f) x 6 0x800040b0
core   0: 0x800040b0 (0x0000bff1) c.j     pc - 36
core   0: 3 0x800040b0 (0xbff1)
core   0: 0x8000408c (0x0120036f) jal     t1, pc + 0x12
core   0: 3 0x8000408c (0x0120036f) x 6 0x80004090
core   0: 0x8000409e (0xfedff26f) jal     tp, pc - 0x14
core   0: 3 0x8000409e (0xfedff26f) x 4 0x800040a2
core   0: 0x8000408a (0x00002019) c.jal   pc + 6
core   0: 3 0x8000408a (0x2019) x 1 0x8000408c
core   0: 0x80004090 (0x00003fdd) c.jal   pc - 10
core   0: 3 0x80004090 (0x3fdd) x 1 0x80004092
core   0: 0x80004086 (0x01e0036f) jal     t1, pc + 0x1e
core   0: 3 0x80004086 (0x01e0036f) x 6 0x8000408a
core   0: 0x800040a4 (0x00003fc5) c.jal   pc - 16
core   0: 3 0x800040a4 (0x3fc5) x 1 0x800040a6
core   0: 0x80004094 (0xff1ff0ef) jal     pc - 0x10
core   0: 3 0x80004094 (0xff1ff0ef) x 1 0x80004098
core   0: 0x80004084 (0x00002805) c.jal   pc + 48
core   0: 3 0x80004084 (0x2805) x 1 0x80004086
core   0: 0x800040b4 (0x000084ad) c.srai  s1, 11
core   0: 3 0x800040b4 (0x84ad) x 9 0xfff0004b
core   0: 0x800040b6 (0x0001ca17) auipc   s4, 0x1c
core   0: 3 0x800040b6 (0x0001ca17) x20 0x800200b6
core   0: 0x800040ba (0xc45a0a13) addi    s4, s4, -955
core   0: 3 0x800040ba (0xc45a0a13) x20 0x8001fcfb
core   0: 0x800040be (0x00018297) auipc   t0, 0x18
core   0: 3 0x800040be (0x00018297) x 5 0x8001c0be
core   0: 0x800040c2 (0x65828293) addi    t0, t0, 1624
core   0: 3 0x800040c2 (0x65828293) x 5 0x8001c716
core   0: 0x800040c6 (0x0aa2c683) lbu     a3, 170(t0)
core   0: 3 0x800040c6 (0x0aa2c683) x13 0x00000000 mem 0x8001c7c0
core   0: 0x800040ca (0x00015217) auipc   tp, 0x15
core   0: 3 0x800040ca (0x00015217) x 4 0x800190ca
core   0: 0x800040ce (0x9d620213) addi    tp, tp, -1578
core   0: 3 0x800040ce (0x9d620213) x 4 0x80018aa0
core   0: 0x800040d2 (0x0000e997) auipc   s3, 0xe
core   0: 3 0x800040d2 (0x0000e997) x19 0x800120d2
core   0: 0x800040d6 (0x42998993) addi    s3, s3, 1065
core   0: 3 0x800040d6 (0x42998993) x19 0x800124fb
core   0: 0x800040da (0x02fa0fa3) sb      a5, 63(s4)
core   0: 3 0x800040da (0x02fa0fa3) mem 0x8001fd3a 0x2e
core   0: 0x800040de (0x00019097) auipc   ra, 0x19
core   0: 3 0x800040de (0x00019097) x 1 0x8001d0de
core   0: 0x800040e2 (0x28d08093) addi    ra, ra, 653
core   0: 3 0x800040e2 (0x28d08093) x 1 0x8001d36b
core   0: 0x800040e6 (0xe6a20fa3) sb      a0, -385(tp)
core   0: 3 0x800040e6 (0xe6a20fa3) mem 0x8001891f 0xe4
core   0: 0x800040ea (0xfae9c883) lbu     a7, -82(s3)
core   0: 3 0x800040ea (0xfae9c883) x17 0x00000000 mem 0x800124a9
core   0: 0x800040ee (0x0b429e23) sh      s4, 188(t0)
core   0: 3 0x800040ee (0x0b429e23) mem 0x8001c7d2 0xfcfb
core   0: 0x800040f2 (0xfcea4103) lbu     sp, -50(s4)
core   0: 3 0x800040f2 (0xfcea4103) x 2 0x00000000 mem 0x8001fcc9
core   0: 0x800040f6 (0x85220ea3) sb      s2, -1955(tp)
core   0: 3 0x800040f6 (0x85220ea3) mem 0x800182fd 0x0
core   0: 0x800040fa (0xf2f28303) lb      t1, -209(t0)
core   0: 3 0x800040fa (0xf2f28303) x 6 0x00000000 mem 0x8001c645
core   0: 0x800040fe (0xffd98003) lb      zero, -3(s3)
core   0: 3 0x800040fe (0xffd98003) mem 0x800124f8
core   0: 0x80004102 (0x43e20823) sb      t5, 1072(tp)
core   0: 3 0x80004102 (0x43e20823) mem 0x80018ed0 0x0
core   0: 0x80004106 (0xffb09883) lh      a7, -5(ra)
core   0: 3 0x80004106 (0xffb09883) x17 0x00000000 mem 0x8001d366
core   0: 0x8000410a (0xfd1a0003) lb      zero, -47(s4)
core   0: 3 0x8000410a (0xfd1a0003) mem 0x8001fccc
core   0: 0x8000410e (0x0c3282a3) sb      gp, 197(t0)
core   0: 3 0x8000410e (0x0c3282a3) mem 0x8001c7db 0x0
core   0: 0x80004112 (0xfd2a0e03) lb      t3, -46(s4)
core   0: 3 0x80004112 (0xfd2a0e03) x28 0x00000000 mem 0x8001fccd
core   0: 0x80004116 (0x00f08423) sb      a5, 8(ra)
core   0: 3 0x80004116 (0x00f08423) mem 0x8001d373 0x2e
core   0: 0x8000411a (0x0a898ca3) sb      s0, 185(s3)
core   0: 3 0x8000411a (0x0a898ca3) mem 0x800125b4 0x86
core   0: 0x8000411e (0x09b99e03) lh      t3, 155(s3)
core   0: 3 0x8000411e (0x09b99e03) x28 0x00000000 mem 0x80012596
core   0: 0x80004122 (0x90221f83) lh      t6, -1790(tp)
core   0: 3 0x80004122 (0x90221f83) x31 0x00000000 mem 0x800183a2
core   0: 0x80004126 (0xf5098423) sb      a6, -184(s3)
core   0: 3 0x80004126 (0xf5098423) mem 0x80012443 0x0
core   0: 0x8000412a (0x06999d03) lh      s10, 105(s3)
core   0: 3 0x8000412a (0x06999d03) x26 0x00000000 mem 0x80012564
core   0: 0x8000412e (0xfc59ce83) lbu     t4, -59(s3)
core   0: 3 0x8000412e (0xfc59ce83) x29 0x00000000 mem 0x800124c0
core   0: 0x80004132 (0x02a2c003) lbu     zero, 42(t0)
core   0: 3 0x80004132 (0x02a2c003) mem 0x8001c740
core   0: 0x80004136 (0xde020f83) lb      t6, -544(tp)
core   0: 3 0x80004136 (0xde020f83) x31 0x00000000 mem 0x80018880
core   0: 0x8000413a (0xffa08da3) sb      s10, -5(ra)
core   0: 3 0x8000413a (0xffa08da3) mem 0x8001d366 0x0
core   0: 0x8000413e (0x08d286a3) sb      a3, 141(t0)
core   0: 3 0x8000413e (0x08d286a3) mem 0x8001c7a3 0x0
core   0: 0x80004142 (0xd6a24103) lbu     sp, -662(tp)
core   0: 3 0x80004142 (0xd6a24103) x 2 0x00000000 mem 0x8001880a
core   0: 0x80004146 (0x01aa0303) lb      t1, 26(s4)
core   0: 3 0x80004146 (0x01aa0303) x 6 0x00000000 mem 0x8001fd15
core   0: 0x8000414a (0x0010a183) lw      gp, 1(ra)
core   0: 3 0x8000414a (0x0010a183) x 3 0x00000000 mem 0x8001d36c
core   0: 0x8000414e (0xfeb28303) lb      t1, -21(t0)
core   0: 3 0x8000414e (0xfeb28303) x 6 0x00000000 mem 0x8001c701
core   0: 0x80004152 (0xbf420f23) sb      s4, -1026(tp)
core   0: 3 0x80004152 (0xbf420f23) mem 0x8001869e 0xfb
core   0: 0x80004156 (0xa7c21803) lh      a6, -1412(tp)
core   0: 3 0x80004156 (0xa7c21803) x16 0x00000000 mem 0x8001851c
core   0: 0x8000415a (0xfe409fa3) sh      tp, -1(ra)
core   0: 3 0x8000415a (0xfe409fa3) mem 0x8001d36a 0x8aa0
core   0: 0x8000415e (0xfd39d683) lhu     a3, -45(s3)
core   0: 3 0x8000415e (0xfd39d683) x13 0x00000000 mem 0x800124ce
core   0: 0x80004162 (0x57920e03) lb      t3, 1401(tp)
core   0: 3 0x80004162 (0x57920e03) x28 0x00000000 mem 0x80019019
core   0: 0x80004166 (0x00017b97) auipc   s7, 0x17
core   0: 3 0x80004166 (0x00017b97) x23 0x8001b166
core   0: 0x8000416a (0xaa4b8b93) addi    s7, s7, -1372
core   0: 3 0x8000416a (0xaa4b8b93) x23 0x8001ac0a
core   0: 0x8000416e (0x00008ebd) c.xor   a3, a5
core   0: 3 0x8000416e (0x8ebd) x13 0x8000472e
core   0: 0x80004170 (0x00006d19) c.lui   s10, 0x6
core   0: 3 0x80004170 (0x6d19) x26 0x00006000
core   0: 0x80004172 (0x0ff0000f) fence   iorw,iorw
core   0: 3 0x80004172 (0x0ff0000f)
core   0: 0x80004176 (0x00000001) c.nop
core   0: 3 0x80004176 (0x0001)
core   0: 0x80004178 (0xfffb8103) lb      sp, -1(s7)
core   0: 3 0x80004178 (0xfffb8103) x 2 0x00000000 mem 0x8001ac09
core   0: 0x8000417c (0x41535c13) srai    s8, t1, 21
core   0: 3 0x8000417c (0x41535c13) x24 0x00000000
core   0: 0x80004180 (0x008b9023) sh      s0, 0(s7)
core   0: 3 0x80004180 (0x008b9023) mem 0x8001ac0a 0xf886
core   0: 0x80004184 (0x00000001) c.nop
core   0: 3 0x80004184 (0x0001)
core   0: 0x80004186 (0x00009f6a) c.add   t5, s10
core   0: 3 0x80004186 (0x9f6a) x30 0x00006000
core   0: 0x80004188 (0x0000717d) c.addi16sp sp, -16
core   0: 3 0x80004188 (0x717d) x 2 0xfffffff0
core   0: 0x8000418a (0xc52a99b7) lui     s3, 0xc52a9
core   0: 3 0x8000418a (0xc52a99b7) x19 0xc52a9000
core   0: 0x8000418e (0x00045413) srli    s0, s0, 0
core   0: 3 0x8000418e (0x00045413) x 8 0xfffff886
core   0: 0x80004192 (0x00008385) c.srli  a5, 1
core   0: 3 0x80004192 (0x8385) x15 0x40002397
core   0: 0x80004194 (0x002bcf83) lbu     t6, 2(s7)
core   0: 3 0x80004194 (0x002bcf83) x31 0x00000000 mem 0x8001ac0c
core   0: 0x80004198 (0xff6bd083) lhu     ra, -10(s7)
core   0: 3 0x80004198 (0xff6bd083) x 1 0x00000000 mem 0x8001ac00
core   0: 0x8000419c (0xff0b8303) lb      t1, -16(s7)
core   0: 3 0x8000419c (0xff0b8303) x 6 0x00000000 mem 0x8001abfa
core   0: 0x800041a0 (0x2916ce17) auipc   t3, 0x2916c
core   0: 3 0x800041a0 (0x2916ce17) x28 0xa91701a0
core   0: 0x800041a4 (0x00bbc403) lbu     s0, 11(s7)
core   0: 3 0x800041a4 (0x00bbc403) x 8 0x00000000 mem 0x8001ac15
core   0: 0x800041a8 (0xffdb8ba3) sb      t4, -9(s7)
core   0: 3 0x800041a8 (0xffdb8ba3) mem 0x8001ac01 0x0
core   0: 0x800041ac (0x000081b9) c.srli  a1, 14
core   0: 3 0x800041ac (0x81b9) x11 0x00000000
core   0: 0x800041ae (0xfe5b9823) sh      t0, -16(s7)
core   0: 3 0x800041ae (0xfe5b9823) mem 0x8001abfa 0xc716
core   0: 0x800041b2 (0x002b8323) sb      sp, 6(s7)
core   0: 3 0x800041b2 (0x002b8323) mem 0x8001ac10 0xf0
core   0: 0x800041b6 (0x000087b1) c.srai  a5, 12
core   0: 3 0x800041b6 (0x87b1) x15 0x00040002
core   0: 0x800041b8 (0x000001c1) c.addi  gp, 16
core   0: 3 0x800041b8 (0x01c1) x 3 0x00000010
core   0: 0x800041ba (0x008b8983) lb      s3, 8(s7)
core   0: 3 0x800041ba (0x008b8983) x19 0x00000000 mem 0x8001ac12
core   0: 0x800041be (0xff6b8aa3) sb      s6, -11(s7)
core   0: 3 0x800041be (0xff6b8aa3) mem 0x8001abff 0x0
core   0: 0x800041c2 (0x00fbc783) lbu     a5, 15(s7)
core   0: 3 0x800041c2 (0x00fbc783) x15 0x00000000 mem 0x8001ac19
core   0: 0x800041c6 (0x001b8b03) lb      s6, 1(s7)
core   0: 3 0x800041c6 (0x001b8b03) x22 0xfffffff8 mem 0x8001ac0b
core   0: 0x800041ca (0x001bc803) lbu     a6, 1(s7)
core   0: 3 0x800041ca (0x001bc803) x16 0x000000f8 mem 0x8001ac0b
core   0: 0x800041ce (0x221c7893) andi    a7, s8, 545
core   0: 3 0x800041ce (0x221c7893) x17 0x00000000
core   0: 0x800041d2 (0x4137dc13) srai    s8, a5, 19
core   0: 3 0x800041d2 (0x4137dc13) x24 0x00000000
core   0: 0x800041d6 (0xffebc703) lbu     a4, -2(s7)
core   0: 3 0x800041d6 (0xffebc703) x14 0x00000000 mem 0x8001ac08
core   0: 0x800041da (0xf048a213) slti    tp, a7, -252
core   0: 3 0x800041da (0xf048a213) x 4 0x00000000
core   0: 0x800041de (0xfffb8f03) lb      t5, -1(s7)
core   0: 3 0x800041de (0xfffb8f03) x30 0x00000000 mem 0x8001ac09
core   0: 0x800041e2 (0x2446be13) sltiu   t3, a3, 580
core   0: 3 0x800041e2 (0x2446be13) x28 0x00000000
core   0: 0x800041e6 (0x309e0a13) addi    s4, t3, 777
core   0: 3 0x800041e6 (0x309e0a13) x20 0x00000309
core   0: 0x800041ea (0x00000001) c.nop
core   0: 3 0x800041ea (0x0001)
core   0: 0x800041ec (0x01321113) slli    sp, tp, 19
core   0: 3 0x800041ec (0x01321113) x 2 0x00000000
core   0: 0x800041f0 (0x41748933) sub     s2, s1, s7
core   0: 3 0x800041f0 (0x41748933) x18 0x7fee5441
core   0: 0x800041f4 (0x00008aaa) c.mv    s5, a0
core   0: 3 0x800041f4 (0x8aaa) x21 0x80029ce4
core   0: 0x800041f6 (0x000087a1) c.srai  a5, 8
core   0: 3 0x800041f6 (0x87a1) x15 0x00000000
core   0: 0x800041f8 (0xff2b8ca3) sb      s2, -7(s7)
core   0: 3 0x800041f8 (0xff2b8ca3) mem 0x8001ac03 0x41
core   0: 0x800041fc (0x02b72d33) mulhsu  s10, a4, a1
core   0: 3 0x800041fc (0x02b72d33) x26 0x00000000
core   0: 0x80004200 (0x03f57133) remu    sp, a0, t6
core   0: 3 0x80004200 (0x03f57133) x 2 0x80029ce4
core   0: 0x80004204 (0x21a1b793) sltiu   a5, gp, 538
core   0: 3 0x80004204 (0x21a1b793) x15 0x00000001
core   0: 0x80004208 (0xff7b8a03) lb      s4, -9(s7)
core   0: 3 0x80004208 (0xff7b8a03) x20 0x00000000 mem 0x8001ac01
core   0: 0x8000420c (0xff6b9f83) lh      t6, -10(s7)
core   0: 3 0x8000420c (0xff6b9f83) x31 0x00000000 mem 0x8001ac00
core   0: 0x80004210 (0x0380036f) jal     t1, pc + 0x38
core   0: 3 0x80004210 (0x0380036f) x 6 0x80004214
core   0: 0x80004248 (0xffbff36f) jal     t1, pc - 0x6
core   0: 3 0x80004248 (0xffbff36f) x 6 0x8000424c
core   0: 0x80004242 (0xfffffb6f) jal     s6, pc - 0x2
core   0: 3 0x80004242 (0xfffffb6f) x22 0x80004246
core   0: 0x80004240 (0x00003fc5) c.jal   pc - 16
core   0: 3 0x80004240 (0x3fc5) x 1 0x80004242
core   0: 0x80004230 (0x00002019) c.jal   pc + 6
core   0: 3 0x80004230 (0x2019) x 1 0x80004232
core   0: 0x80004236 (0x0000bfd5) c.j     pc - 12
core   0: 3 0x80004236 (0xbfd5)
core   0: 0x8000422a (0x0000a009) c.j     pc + 2
core   0: 3 0x8000422a (0xa009)
core   0: 0x8000422c (0x01200eef) jal     t4, pc + 0x12
core   0: 3 0x8000422c (0x01200eef) x29 0x80004230
core   0: 0x8000423e (0x00003fd5) c.jal   pc - 12
core   0: 3 0x8000423e (0x3fd5) x 1 0x80004240
core   0: 0x80004232 (0x0000a009) c.j     pc + 2
core   0: 3 0x80004232 (0xa009)
core   0: 0x80004234 (0x00002019) c.jal   pc + 6
core   0: 3 0x80004234 (0x2019) x 1 0x80004236
core   0: 0x8000423a (0xfdbff0ef) jal     pc - 0x26
core   0: 3 0x8000423a (0xfdbff0ef) x 1 0x8000423e
core   0: 0x80004214 (0x0000a801) c.j     pc + 16
core   0: 3 0x80004214 (0xa801)
core   0: 0x80004224 (0x00002011) c.jal   pc + 4
core   0: 3 0x80004224 (0x2011) x 1 0x80004226
core   0: 0x80004228 (0x00002801) c.jal   pc + 16
core   0: 3 0x80004228 (0x2801) x 1 0x8000422a
core   0: 0x80004238 (0x0000b7ed) c.j     pc - 22
core   0: 3 0x80004238 (0xb7ed)
core   0: 0x80004222 (0x0000203d) c.jal   pc + 46
core   0: 3 0x80004222 (0x203d) x 1 0x80004224
core   0: 0x80004250 (0xfcfff36f) jal     t1, pc - 0x32
core   0: 3 0x80004250 (0xfcfff36f) x 6 0x80004254
core   0: 0x8000421e (0x0000a025) c.j     pc + 40
core   0: 3 0x8000421e (0xa025)
core   0: 0x80004246 (0x00003fd1) c.jal   pc - 44
core   0: 3 0x80004246 (0x3fd1) x 1 0x80004248
core   0: 0x8000421a (0x0000a019) c.j     pc + 6
core   0: 3 0x8000421a (0xa019)
core   0: 0x80004220 (0x00002035) c.jal   pc + 44
core   0: 3 0x80004220 (0x2035) x 1 0x80004222
core   0: 0x8000424c (0xfdbff0ef) jal     pc - 0x26
core   0: 3 0x8000424c (0xfdbff0ef) x 1 0x80004250
core   0: 0x80004226 (0x00003fdd) c.jal   pc - 10
core   0: 3 0x80004226 (0x3fdd) x 1 0x80004228
core   0: 0x8000421c (0x00003fed) c.jal   pc - 6
core   0: 3 0x8000421c (0x3fed) x 1 0x8000421e
core   0: 0x80004216 (0x03e0036f) jal     t1, pc + 0x3e
core   0: 3 0x80004216 (0x03e0036f) x 6 0x8000421a
core   0: 0x80004254 (0x017fd813) srli    a6, t6, 23
core   0: 3 0x80004254 (0x017fd813) x16 0x00000000
core   0: 0x80004258 (0x0000c897) auipc   a7, 0xc
core   0: 3 0x80004258 (0x0000c897) x17 0x80010258
core   0: 0x8000425c (0xf4e88893) addi    a7, a7, -178
core   0: 3 0x8000425c (0xf4e88893) x17 0x800101a6
core   0: 0x80004260 (0x70988e03) lb      t3, 1801(a7)
core   0: 3 0x80004260 (0x70988e03) x28 0x00000000 mem 0x800108af
core   0: 0x80004264 (0x00008c85) c.sub   s1, s1
core   0: 3 0x80004264 (0x8c85) x 9 0x00000000
core   0: 0x80004266 (0x4bf24e13) xori    t3, tp, 1215
core   0: 3 0x80004266 (0x4bf24e13) x28 0x000004bf
core   0: 0x8000426a (0x00008ca5) c.xor   s1, s1
core   0: 3 0x8000426a (0x8ca5) x 9 0x00000000
core   0: 0x8000426c (0xf4788203) lb      tp, -185(a7)
core   0: 3 0x8000426c (0xf4788203) x 4 0x00000000 mem 0x800100ed
core   0: 0x80004270 (0x24c26e13) ori     t3, tp, 588
core   0: 3 0x80004270 (0x24c26e13) x28 0x0000024c
core   0: 0x80004274 (0x7a188e03) lb      t3, 1953(a7)
core   0: 3 0x80004274 (0x7a188e03) x28 0x00000000 mem 0x80010947
core   0: 0x80004278 (0x789885a3) sb      s1, 1931(a7)
core   0: 3 0x80004278 (0x789885a3) mem 0x80010931 0x0
core   0: 0x8000427c (0x00008ca5) c.xor   s1, s1
core   0: 3 0x8000427c (0x8ca5) x 9 0x00000000
core   0: 0x8000427e (0x004bebb3) or      s7, s7, tp
core   0: 3 0x8000427e (0x004bebb3) x23 0x8001ac0a
core   0: 0x80004282 (0x00008c85) c.sub   s1, s1
core   0: 3 0x80004282 (0x8c85) x 9 0x00000000
core   0: 0x80004284 (0x49888203) lb      tp, 1176(a7)
core   0: 3 0x80004284 (0x49888203) x 4 0x00000000 mem 0x8001063e
core   0: 0x80004288 (0x5ee48e13) addi    t3, s1, 1518
core   0: 3 0x80004288 (0x5ee48e13) x28 0x000005ee
core   0: 0x8000428c (0x00008e56) c.mv    t3, s5
core   0: 3 0x8000428c (0x8e56) x28 0x80029ce4
core   0: 0x8000428e (0x6ed8c483) lbu     s1, 1773(a7)
core   0: 3 0x8000428e (0x6ed8c483) x 9 0x00000000 mem 0x80010893
core   0: 0x80004292 (0x1828dc03) lhu     s8, 386(a7)
core   0: 3 0x80004292 (0x1828dc03) x24 0x00000000 mem 0x80010328
core   0: 0x80004296 (0x1e588c03) lb      s8, 485(a7)
core   0: 3 0x80004296 (0x1e588c03) x24 0x00000000 mem 0x8001038b
core   0: 0x8000429a (0x4ec304b7) lui     s1, 0x4ec30
core   0: 3 0x8000429a (0x4ec304b7) x 9 0x4ec30000
core   0: 0x8000429e (0x1334aa93) slti    s5, s1, 307
core   0: 3 0x8000429e (0x1334aa93) x21 0x00000000
core   0: 0x800042a2 (0x31c89b83) lh      s7, 796(a7)
core   0: 3 0x800042a2 (0x31c89b83) x23 0x00000000 mem 0x800104c2
core   0: 0x800042a6 (0x4f588aa3) sb      s5, 1269(a7)
core   0: 3 0x800042a6 (0x4f588aa3) mem 0x8001069b 0x0
core   0: 0x800042aa (0x00700793) li      a5, 7
core   0: 3 0x800042aa (0x00700793) x15 0x00000007
core   0: 0x800042ae (0x026aaab3) mulhsu  s5, s5, t1
core   0: 3 0x800042ae (0x026aaab3) x21 0x00000000
core   0: 0x800042b2 (0x96078713) addi    a4, a5, -1696
core   0: 3 0x800042b2 (0x96078713) x14 0xfffff967
core   0: 0x800042b6 (0xff700493) li      s1, -9
core   0: 3 0x800042b6 (0xff700493) x 9 0xfffffff7
core   0: 0x800042ba (0x018e51b3) srl     gp, t3, s8
core   0: 3 0x800042ba (0x018e51b3) x 3 0x80029ce4
core   0: 0x800042be (0x00000d32) c.slli  s10, 12
core   0: 3 0x800042be (0x0d32) x26 0x00000000
core   0: 0x800042c0 (0xf031ad13) slti    s10, gp, -253
core   0: 3 0x800042c0 (0xf031ad13) x26 0x00000001
core   0: 0x800042c4 (0x0d194593) xori    a1, s2, 209
core   0: 3 0x800042c4 (0x0d194593) x11 0x7fee5490
core   0: 0x800042c8 (0x009ecfb3) xor     t6, t4, s1
core   0: 3 0x800042c8 (0x009ecfb3) x31 0x7fffbdc7
core   0: 0x800042cc (0x00008f75) c.and   a4, a3
core   0: 3 0x800042cc (0x8f75) x14 0x80004126
core   0: 0x800042ce (0x000081c5) c.srli  a1, 17
core   0: 3 0x800042ce (0x81c5) x11 0x00003ff7
core   0: 0x800042d0 (0x000017e1) c.addi  a5, -8
core   0: 3 0x800042d0 (0x17e1) x15 0xffffffff
core   0: 0x800042d2 (0x41bb8fb3) sub     t6, s7, s11
core   0: 3 0x800042d2 (0x41bb8fb3) x31 0xbdbd1e6c
core   0: 0x800042d6 (0x25a32593) slti    a1, t1, 602
core   0: 3 0x800042d6 (0x25a32593) x11 0x00000001
core   0: 0x800042da (0x41d58bb3) sub     s7, a1, t4
core   0: 3 0x800042da (0x41d58bb3) x23 0x7fffbdd1
core   0: 0x800042de (0x00001a94) c.addi4spn a3, sp, 368
core   0: 3 0x800042de (0x1a94) x13 0x80029e54
core   0: 0x800042e0 (0x00008856) c.mv    a6, s5
core   0: 3 0x800042e0 (0x8856) x16 0x00000000
core   0: 0x800042e2 (0x02ba83b3) mul     t2, s5, a1
core   0: 3 0x800042e2 (0x02ba83b3) x 7 0x00000000
core   0: 0x800042e6 (0xfe9793e3) bne     a5, s1, pc - 26
core   0: 3 0x800042e6 (0xfe9793e3)
core   0: 0x800042cc (0x00008f75) c.and   a4, a3
core   0: 3 0x800042cc (0x8f75) x14 0x80000004
core   0: 0x800042ce (0x000081c5) c.srli  a1, 17
core   0: 3 0x800042ce (0x81c5) x11 0x00000000
core   0: 0x800042d0 (0x000017e1) c.addi  a5, -8
core   0: 3 0x800042d0 (0x17e1) x15 0xfffffff7
core   0: 0x800042d2 (0x41bb8fb3) sub     t6, s7, s11
core   0: 3 0x800042d2 (0x41bb8fb3) x31 0x3dbcdc3d
core   0: 0x800042d6 (0x25a32593) slti    a1, t1, 602
core   0: 3 0x800042d6 (0x25a32593) x11 0x00000001
core   0: 0x800042da (0x41d58bb3) sub     s7, a1, t4
core   0: 3 0x800042da (0x41d58bb3) x23 0x7fffbdd1
core   0: 0x800042de (0x00001a94) c.addi4spn a3, sp, 368
core   0: 3 0x800042de (0x1a94) x13 0x80029e54
core   0: 0x800042e0 (0x00008856) c.mv    a6, s5
core   0: 3 0x800042e0 (0x8856) x16 0x00000000
core   0: 0x800042e2 (0x02ba83b3) mul     t2, s5, a1
core   0: 3 0x800042e2 (0x02ba83b3) x 7 0x00000000
core   0: 0x800042e6 (0xfe9793e3) bne     a5, s1, pc - 26
core   0: 3 0x800042e6 (0xfe9793e3)
core   0: 0x800042ea (0x000061ad) c.lui   gp, 0xb
core   0: 3 0x800042ea (0x61ad) x 3 0x0000b000
core   0: 0x800042ec (0x0000c117) auipc   sp, 0xc
core   0: 3 0x800042ec (0x0000c117) x 2 0x800102ec
core   0: 0x800042f0 (0x17110113) addi    sp, sp, 369
core   0: 3 0x800042f0 (0x17110113) x 2 0x8001045d
core   0: 0x800042f4 (0x00c475b3) and     a1, s0, a2
core   0: 3 0x800042f4 (0x00c475b3) x11 0x00000000
core   0: 0x800042f8 (0x11610023) sb      s6, 256(sp)
core   0: 3 0x800042f8 (0x11610023) mem 0x8001055d 0x46
core   0: 0x800042fc (0xdab24413) xori    s0, tp, -597
core   0: 3 0x800042fc (0xdab24413) x 8 0xfffffdab
core   0: 0x80004300 (0x09a14383) lbu     t2, 154(sp)
core   0: 3 0x80004300 (0x09a14383) x 7 0x00000000 mem 0x800104f7
core   0: 0x80004304 (0x0e514d03) lbu     s10, 229(sp)
core   0: 3 0x80004304 (0x0e514d03) x26 0x00000000 mem 0x80010542
core   0: 0x80004308 (0x04f15c83) lhu     s9, 79(sp)
core   0: 3 0x80004308 (0x04f15c83) x25 0x00000000 mem 0x800104ac
core   0: 0x8000430c (0x0e010c03) lb      s8, 224(sp)
core   0: 3 0x8000430c (0x0e010c03) x24 0x00000000 mem 0x8001053d
core   0: 0x80004310 (0xf8110e23) sb      ra, -100(sp)
core   0: 3 0x80004310 (0xf8110e23) mem 0x800103f9 0x1e
core   0: 0x80004314 (0xfe311403) lh      s0, -29(sp)
core   0: 3 0x80004314 (0xfe311403) x 8 0x00000000 mem 0x80010440
core   0: 0x80004318 (0x63086897) auipc   a7, 0x63086
core   0: 3 0x80004318 (0x63086897) x17 0xe308a318
core   0: 0x8000431c (0x00001a7d) c.addi  s4, -1
core   0: 3 0x8000431c (0x1a7d) x20 0xffffffff
core   0: 0x8000431e (0x2c387713) andi    a4, a6, 707
core   0: 3 0x8000431e (0x2c387713) x14 0x00000000
core   0: 0x80004322 (0x01414d33) xor     s10, sp, s4
core   0: 3 0x80004322 (0x01414d33) x26 0x7ffefba2
core   0: 0x80004326 (0x01ce5b33) srl     s6, t3, t3
core   0: 3 0x80004326 (0x01ce5b33) x22 0x080029ce
core   0: 0x8000432a (0x40f405b3) sub     a1, s0, a5
core   0: 3 0x8000432a (0x40f405b3) x11 0x00000009
core   0: 0x8000432e (0x07014703) lbu     a4, 112(sp)
core   0: 3 0x8000432e (0x07014703) x14 0x00000000 mem 0x800104cd
core   0: 0x80004332 (0x0000100f) fence.i
core   0: 3 0x80004332 (0x0000100f)
core   0: 0x80004336 (0xfb210123) sb      s2, -94(sp)
core   0: 3 0x80004336 (0xfb210123) mem 0x800103ff 0x41
core   0: 0x8000433a (0x0a411ea3) sh      tp, 189(sp)
core   0: 3 0x8000433a (0x0a411ea3) mem 0x8001051a 0x0000
core   0: 0x8000433e (0x00276433) or      s0, a4, sp
core   0: 3 0x8000433e (0x00276433) x 8 0x8001045d
core   0: 0x80004342 (0xff010e23) sb      a6, -4(sp)
core   0: 3 0x80004342 (0xff010e23) mem 0x80010459 0x0
core   0: 0x80004346 (0x076107a3) sb      s6, 111(sp)
core   0: 3 0x80004346 (0x076107a3) mem 0x800104cc 0xce
core   0: 0x8000434a (0x0d010023) sb      a6, 192(sp)
core   0: 3 0x8000434a (0x0d010023) mem 0x8001051d 0x0
core   0: 0x8000434e (0x00001cfd) c.addi  s9, -1
core   0: 3 0x8000434e (0x1cfd) x25 0xffffffff
core   0: 0x80004350 (0x125c3013) sltiu   zero, s8, 293
core   0: 3 0x80004350 (0x125c3013)
core   0: 0x80004354 (0xf95118a3) sh      s5, -111(sp)
core   0: 3 0x80004354 (0xf95118a3) mem 0x800103ee 0x0000
core   0: 0x80004358 (0xfb0100a3) sb      a6, -95(sp)
core   0: 3 0x80004358 (0xfb0100a3) mem 0x800103fe 0x0
core   0: 0x8000435c (0x2df05937) lui     s2, 0x2df05
core   0: 3 0x8000435c (0x2df05937) x18 0x2df05000
core   0: 0x80004360 (0x21c1e593) ori     a1, gp, 540
core   0: 3 0x80004360 (0x21c1e593) x11 0x0000b21c
core   0: 0x80004364 (0xff014d03) lbu     s10, -16(sp)
core   0: 3 0x80004364 (0xff014d03) x26 0x00000000 mem 0x8001044d
core   0: 0x80004368 (0x01220bb3) add     s7, tp, s2
core   0: 3 0x80004368 (0x01220bb3) x23 0x2df05000
core   0: 0x8000436c (0x003dd7b3) srl     a5, s11, gp
core   0: 3 0x8000436c (0x003dd7b3) x15 0x4242e194
core   0: 0x80004370 (0xfcb15f83) lhu     t6, -53(sp)
core   0: 3 0x80004370 (0xfcb15f83) x31 0x00000000 mem 0x80010428
core   0: 0x80004374 (0x10810023) sb      s0, 256(sp)
core   0: 3 0x80004374 (0x10810023) mem 0x8001055d 0x5d
core   0: 0x80004378 (0x08814183) lbu     gp, 136(sp)
core   0: 3 0x80004378 (0x08814183) x 3 0x00000000 mem 0x800104e5
core   0: 0x8000437c (0x0cd127a3) sw      a3, 207(sp)
core   0: 3 0x8000437c (0x0cd127a3) mem 0x8001052c 0x80029e54
core   0: 0x80004380 (0x00004d1d) c.li    s10, 7
core   0: 3 0x80004380 (0x4d1d) x26 0x00000007
core   0: 0x80004382 (0x0000d697) auipc   a3, 0xd
core   0: 3 0x80004382 (0x0000d697) x13 0x80011382
core   0: 0x80004386 (0xdc268693) addi    a3, a3, -574
core   0: 3 0x80004386 (0xdc268693) x13 0x80011144
core   0: 0x8000438a (0x0001a797) auipc   a5, 0x1a
core   0: 3 0x8000438a (0x0001a797) x15 0x8001e38a
core   0: 0x8000438e (0xb9578793) addi    a5, a5, -1131
core   0: 3 0x8000438e (0xb9578793) x15 0x8001df1f
core   0: 0x80004392 (0x69268483) lb      s1, 1682(a3)
core   0: 3 0x80004392 (0x69268483) x 9 0x00000000 mem 0x800117d6
core   0: 0x80004396 (0xfee78183) lb      gp, -18(a5)
core   0: 3 0x80004396 (0xfee78183) x 3 0x00000000 mem 0x8001df0d
core   0: 0x8000439a (0x01578da3) sb      s5, 27(a5)
core   0: 3 0x8000439a (0x01578da3) mem 0x8001df3a 0x0
core   0: 0x8000439e (0x3e568283) lb      t0, 997(a3)
core   0: 3 0x8000439e (0x3e568283) x 5 0x00000000 mem 0x80011529
core   0: 0x800043a2 (0xfdc7c183) lbu     gp, -36(a5)
core   0: 3 0x800043a2 (0xfdc7c183) x 3 0x00000000 mem 0x8001defb
core   0: 0x800043a6 (0x4ca69523) sh      a0, 1226(a3)
core   0: 3 0x800043a6 (0x4ca69523) mem 0x8001160e 0x9ce4
core   0: 0x800043aa (0xf0b6ca83) lbu     s5, -245(a3)
core   0: 3 0x800043aa (0xf0b6ca83) x21 0x00000000 mem 0x8001104f
core   0: 0x800043ae (0x03c78323) sb      t3, 38(a5)
core   0: 3 0x800043ae (0x03c78323) mem 0x8001df45 0xe4
core   0: 0x800043b2 (0xff678b23) sb      s6, -10(a5)
core   0: 3 0x800043b2 (0xff678b23) mem 0x8001df15 0xce
core   0: 0x800043b6 (0x2fb68a83) lb      s5, 763(a3)
core   0: 3 0x800043b6 (0x2fb68a83) x21 0x00000000 mem 0x8001143f
core   0: 0x800043ba (0x00078b03) lb      s6, 0(a5)
core   0: 3 0x800043ba (0x00078b03) x22 0x00000000 mem 0x8001df1f
core   0: 0x800043be (0x0397a8a3) sw      s9, 49(a5)
core   0: 3 0x800043be (0x0397a8a3) mem 0x8001df50 0xffffffff
core   0: 0x800043c2 (0x32a68303) lb      t1, 810(a3)
core   0: 3 0x800043c2 (0x32a68303) x 6 0x00000000 mem 0x8001146e
core   0: 0x800043c6 (0x2fc69083) lh      ra, 764(a3)
core   0: 3 0x800043c6 (0x2fc69083) x 1 0x00000000 mem 0x80011440
core   0: 0x800043ca (0xfcb79e03) lh      t3, -53(a5)
core   0: 3 0x800043ca (0xfcb79e03) x28 0x00000000 mem 0x8001deea
core   0: 0x800043ce (0x1b268d03) lb      s10, 434(a3)
core   0: 3 0x800043ce (0x1b268d03) x26 0x00000000 mem 0x800112f6
core   0: 0x800043d2 (0x03e78083) lb      ra, 62(a5)
core   0: 3 0x800043d2 (0x03e78083) x 1 0x00000000 mem 0x8001df5d
core   0: 0x800043d6 (0x0ab68e03) lb      t3, 171(a3)
core   0: 3 0x800043d6 (0x0ab68e03) x28 0x00000000 mem 0x800111ef
core   0: 0x800043da (0xfdd7cc03) lbu     s8, -35(a5)
core   0: 3 0x800043da (0xfdd7cc03) x24 0x00000000 mem 0x8001defc
core   0: 0x800043de (0x0000141c) c.addi4spn a5, sp, 544
core   0: 3 0x800043de (0x141c) x15 0x8001067d
core   0: 0x800043e0 (0x014a3a33) sltu    s4, s4, s4
core   0: 3 0x800043e0 (0x014a3a33) x20 0x00000000
core   0: 0x800043e4 (0x02249cb3) mulh    s9, s1, sp
core   0: 3 0x800043e4 (0x02249cb3) x25 0x00000000
core   0: 0x800043e8 (0x00000eee) c.slli  t4, 27
core   0: 3 0x800043e8 (0x0eee) x29 0x80000000
core   0: 0x800043ea (0x002274b3) and     s1, tp, sp
core   0: 3 0x800043ea (0x002274b3) x 9 0x00000000
core   0: 0x800043ee (0x00006155) c.addi16sp sp, 304
core   0: 3 0x800043ee (0x6155) x 2 0x8001058d
core   0: 0x800043f0 (0x00008c55) c.or    s0, a3
core   0: 3 0x800043f0 (0x8c55) x 8 0x8001155d
core   0: 0x800043f2 (0x0000987d) c.andi  s0, -1
core   0: 3 0x800043f2 (0x987d) x 8 0x8001155d
core   0: 0x800043f4 (0xd5876697) auipc   a3, 0xd5876
core   0: 3 0x800043f4 (0xd5876697) x13 0x5587a3f4
core   0: 0x800043f8 (0x017fbeb3) sltu    t4, t6, s7
core   0: 3 0x800043f8 (0x017fbeb3) x29 0x00000001
core   0: 0x800043fc (0x03872e33) mulhsu  t3, a4, s8
core   0: 3 0x800043fc (0x03872e33) x28 0x00000000
core   0: 0x80004400 (0x000084a1) c.srai  s1, 8
core   0: 3 0x80004400 (0x84a1) x 9 0x00000000
core   0: 0x80004402 (0x418fd713) srai    a4, t6, 24
core   0: 3 0x80004402 (0x418fd713) x14 0x00000000
core   0: 0x80004406 (0x00006b99) c.lui   s7, 0x6
core   0: 3 0x80004406 (0x6b99) x23 0x00006000
core   0: 0x80004408 (0x03968e33) mul     t3, a3, s9
core   0: 3 0x80004408 (0x03968e33) x28 0x00000000
core   0: 0x8000440c (0x000018fd) c.addi  a7, -1
core   0: 3 0x8000440c (0x18fd) x17 0xe308a317
core   0: 0x8000440e (0x01d19493) slli    s1, gp, 29
core   0: 3 0x8000440e (0x01d19493) x 9 0x00000000
core   0: 0x80004412 (0x855e3413) sltiu   s0, t3, -1963
core   0: 3 0x80004412 (0x855e3413) x 8 0x00000001
core   0: 0x80004416 (0x000062fd) c.lui   t0, 0x1f
core   0: 3 0x80004416 (0x62fd) x 5 0x0001f000
core   0: 0x80004418 (0x017cdb93) srli    s7, s9, 23
core   0: 3 0x80004418 (0x017cdb93) x23 0x00000000
core   0: 0x8000441c (0x00301c63) bne     zero, gp, pc + 24
core   0: 3 0x8000441c (0x00301c63)
core   0: 0x80004420 (0x000084e5) c.srai  s1, 25
core   0: 3 0x80004420 (0x84e5) x 9 0x00000000
core   0: 0x80004422 (0x00008f71) c.and   a4, a2
core   0: 3 0x80004422 (0x8f71) x14 0x00000000
core   0: 0x80004424 (0x02c65363) bge     a2, a2, pc + 38
core   0: 3 0x80004424 (0x02c65363)
core   0: 0x8000444a (0x0039b033) sltu    zero, s3, gp
core   0: 3 0x8000444a (0x0039b033)
core   0: 0x8000444e (0x04f2f263) bgeu    t0, a5, pc + 68
core   0: 3 0x8000444e (0x04f2f263)
core   0: 0x80004452 (0x00000001) c.nop
core   0: 3 0x80004452 (0x0001)
core   0: 0x80004454 (0x00197f63) bgeu    s2, ra, pc + 30
core   0: 3 0x80004454 (0x00197f63)
core   0: 0x80004472 (0x0000c789) c.beqz  a5, pc + 10
core   0: 3 0x80004472 (0xc789)
core   0: 0x80004474 (0x00001ffd) c.addi  t6, -1
core   0: 3 0x80004474 (0x1ffd) x31 0xffffffff
core   0: 0x80004476 (0x01d5dfb3) srl     t6, a1, t4
core   0: 3 0x80004476 (0x01d5dfb3) x31 0x0000590e
core   0: 0x8000447a (0x0000577d) c.li    a4, -1
core   0: 3 0x8000447a (0x577d) x14 0xffffffff
core   0: 0x8000447c (0xb682f493) andi    s1, t0, -1176
core   0: 3 0x8000447c (0xb682f493) x 9 0x0001f000
core   0: 0x80004480 (0x00000001) c.nop
core   0: 3 0x80004480 (0x0001)
core   0: 0x80004482 (0x8b3e0a13) addi    s4, t3, -1869
core   0: 3 0x80004482 (0x8b3e0a13) x20 0xfffff8b3
core   0: 0x80004486 (0xa7927113) andi    sp, tp, -1415
core   0: 3 0x80004486 (0xa7927113) x 2 0x00000000
core   0: 0x8000448a (0x02e00163) beq     zero, a4, pc + 34
core   0: 3 0x8000448a (0x02e00163)
core   0: 0x8000448e (0x01cbbe33) sltu    t3, s7, t3
core   0: 3 0x8000448e (0x01cbbe33) x28 0x00000000
core   0: 0x80004492 (0x00231e93) slli    t4, t1, 2
core   0: 3 0x80004492 (0x00231e93) x29 0x00000000
core   0: 0x80004496 (0x00877eb3) and     t4, a4, s0
core   0: 3 0x80004496 (0x00877eb3) x29 0x00000001
core   0: 0x8000449a (0x0ff0000f) fence   iorw,iorw
core   0: 3 0x8000449a (0x0ff0000f)
core   0: 0x8000449e (0x01e8fa33) and     s4, a7, t5
core   0: 3 0x8000449e (0x01e8fa33) x20 0x00000000
core   0: 0x800044a2 (0xd269ec17) auipc   s8, 0xd269e
core   0: 3 0x800044a2 (0xd269ec17) x24 0x526a24a2
core   0: 0x800044a6 (0x00008f71) c.and   a4, a2
core   0: 3 0x800044a6 (0x8f71) x14 0x80025e64
core   0: 0x800044a8 (0x00000cb6) c.slli  s9, 13
core   0: 3 0x800044a8 (0x0cb6) x25 0x00000000
core   0: 0x800044aa (0x00008dd5) c.or    a1, a3
core   0: 3 0x800044aa (0x8dd5) x11 0x5587b3fc
core   0: 0x800044ac (0x01628463) beq     t0, s6, pc + 8
core   0: 3 0x800044ac (0x01628463)
core   0: 0x800044b0 (0x63714713) xori    a4, sp, 1591
core   0: 3 0x800044b0 (0x63714713) x14 0x00000637
core   0: 0x800044b4 (0x03f08233) mul     tp, ra, t6
core   0: 3 0x800044b4 (0x03f08233) x 4 0x00000000
core   0: 0x800044b8 (0x0029ad33) slt     s10, s3, sp
core   0: 3 0x800044b8 (0x0029ad33) x26 0x00000000
core   0: 0x800044bc (0x0000048a) c.slli  s1, 2
core   0: 3 0x800044bc (0x048a) x 9 0x0007c000
core   0: 0x800044be (0x03aa3433) mulhu   s0, s4, s10
core   0: 3 0x800044be (0x03aa3433) x 8 0x00000000
core   0: 0x800044c2 (0x40f28e33) sub     t3, t0, a5
core   0: 3 0x800044c2 (0x40f28e33) x28 0x8000e983
core   0: 0x800044c6 (0x00c7d663) bge     a5, a2, pc + 12
core   0: 3 0x800044c6 (0x00c7d663)
core   0: 0x800044ca (0x0a510813) addi    a6, sp, 165
core   0: 3 0x800044ca (0x0a510813) x16 0x000000a5
core   0: 0x800044ce (0x00000001) c.nop
core   0: 3 0x800044ce (0x0001)
core   0: 0x800044d0 (0x00008ef5) c.and   a3, a3
core   0: 3 0x800044d0 (0x8ef5) x13 0x5587a3f4
core   0: 0x800044d2 (0x00006745) c.lui   a4, 0x11
core   0: 3 0x800044d2 (0x6745) x14 0x00011000
core   0: 0x800044d4 (0x00ef7b63) bgeu    t5, a4, pc + 22
core   0: 3 0x800044d4 (0x00ef7b63)
core   0: 0x800044d8 (0x0ff0000f) fence   iorw,iorw
core   0: 3 0x800044d8 (0x0ff0000f)
core   0: 0x800044dc (0x01fb54b3) srl     s1, s6, t6
core   0: 3 0x800044dc (0x01fb54b3) x 9 0x00000000
core   0: 0x800044e0 (0x0391cf33) div     t5, gp, s9
core   0: 3 0x800044e0 (0x0391cf33) x30 0xffffffff
core   0: 0x800044e4 (0x00008f41) c.or    a4, s0
core   0: 3 0x800044e4 (0x8f41) x14 0x00011000
core   0: 0x800044e6 (0x0000859d) c.srai  a1, 7
core   0: 3 0x800044e6 (0x859d) x11 0x00ab0f67
core   0: 0x800044e8 (0x000019fd) c.addi  s3, -1
core   0: 3 0x800044e8 (0x19fd) x19 0xffffffff
core   0: 0x800044ea (0x000001de) c.slli  gp, 23
core   0: 3 0x800044ea (0x01de) x 3 0x00000000
core   0: 0x800044ec (0x031b80b3) mul     ra, s7, a7
core   0: 3 0x800044ec (0x031b80b3) x 1 0x00000000
core   0: 0x800044f0 (0x00009f62) c.add   t5, s8
core   0: 3 0x800044f0 (0x9f62) x30 0x526a24a1
core   0: 0x800044f2 (0x01694033) xor     zero, s2, s6
core   0: 3 0x800044f2 (0x01694033)
core   0: 0x800044f6 (0x0000c019) c.beqz  s0, pc + 6
core   0: 3 0x800044f6 (0xc019)
core   0: 0x800044fc (0xc011e913) ori     s2, gp, -1023
core   0: 3 0x800044fc (0xc011e913) x18 0xfffffc01
core   0: 0x80004500 (0x404dd4b3) sra     s1, s11, tp
core   0: 3 0x80004500 (0x404dd4b3) x 9 0x4242e194
core   0: 0x80004504 (0x0153e663) bltu    t2, s5, pc + 12
core   0: 3 0x80004504 (0x0153e663)
core   0: 0x80004508 (0x40d0d093) srai    ra, ra, 13
core   0: 3 0x80004508 (0x40d0d093) x 1 0x00000000
core   0: 0x8000450c (0x01dddc33) srl     s8, s11, t4
core   0: 3 0x8000450c (0x01dddc33) x24 0x212170ca
core   0: 0x80004510 (0x0000ef81) c.bnez  a5, pc + 24
core   0: 3 0x80004510 (0xef81)
core   0: 0x80004528 (0xe5f97c93) andi    s9, s2, -417
core   0: 3 0x80004528 (0xe5f97c93) x25 0xfffffc01
core   0: 0x8000452c (0xc81a8e93) addi    t4, s5, -895
core   0: 3 0x8000452c (0xc81a8e93) x29 0xfffffc81
core   0: 0x80004530 (0x00008d81) c.sub   a1, s0
core   0: 3 0x80004530 (0x8d81) x11 0x00ab0f67
core   0: 0x80004532 (0x00000001) c.nop
core   0: 3 0x80004532 (0x0001)
core   0: 0x80004534 (0x02e931b3) mulhu   gp, s2, a4
core   0: 3 0x80004534 (0x02e931b3) x 3 0x00010fff
core   0: 0x80004538 (0x00001600) c.addi4spn s0, sp, 800
core   0: 3 0x80004538 (0x1600) x 8 0x00000320
core   0: 0x8000453a (0x020972b3) remu    t0, s2, zero
core   0: 3 0x8000453a (0x020972b3) x 5 0xfffffc01
core   0: 0x8000453e (0x4d88fd13) andi    s10, a7, 1240
core   0: 3 0x8000453e (0x4d88fd13) x26 0x00000010
core   0: 0x80004542 (0x03b40eb3) mul     t4, s0, s11
core   0: 3 0x80004542 (0x03b40eb3) x29 0x1100ee80
core   0: 0x80004546 (0x017665b3) or      a1, a2, s7
core   0: 3 0x80004546 (0x017665b3) x11 0x80025e64
core   0: 0x8000454a (0x000080fe) c.mv    ra, t6
core   0: 3 0x8000454a (0x80fe) x 1 0x0000590e
core   0: 0x8000454c (0xd451a493) slti    s1, gp, -699
core   0: 3 0x8000454c (0xd451a493) x 9 0x00000000
core   0: 0x80004550 (0x00008dc1) c.or    a1, s0
core   0: 3 0x80004550 (0x8dc1) x11 0x80025f64
core   0: 0x80004552 (0x00008f25) c.xor   a4, s1
core   0: 3 0x80004552 (0x8f25) x14 0x00011000
core   0: 0x80004554 (0x0ff0000f) fence   iorw,iorw
core   0: 3 0x80004554 (0x0ff0000f)
core   0: 0x80004558 (0x012fe763) bltu    t6, s2, pc + 14
core   0: 3 0x80004558 (0x012fe763)
core   0: 0x80004566 (0x01a08eb3) add     t4, ra, s10
core   0: 3 0x80004566 (0x01a08eb3) x29 0x0000591e
core   0: 0x8000456a (0x00000001) c.nop
core   0: 3 0x8000456a (0x0001)
core   0: 0x8000456c (0x0000e491) c.bnez  s1, pc + 12
core   0: 3 0x8000456c (0xe491)
core   0: 0x8000456e (0x00009e3e) c.add   t3, a5
core   0: 3 0x8000456e (0x9e3e) x28 0x0001f000
core   0: 0x80004570 (0x0173dcb3) srl     s9, t2, s7
core   0: 3 0x80004570 (0x0173dcb3) x25 0x00000000
core   0: 0x80004574 (0x02fdb133) mulhu   sp, s11, a5
core   0: 3 0x80004574 (0x02fdb133) x 2 0x2121b4ba
core   0: 0x80004578 (0x00008ff1) c.and   a5, a2
core   0: 3 0x80004578 (0x8ff1) x15 0x80000664
core   0: 0x8000457a (0x00000001) c.nop
core   0: 3 0x8000457a (0x0001)
core   0: 0x8000457c (0x02d7f233) remu    tp, a5, a3
core   0: 3 0x8000457c (0x02d7f233) x 4 0x2a786270
core   0: 0x80004580 (0x8a404693) xori    a3, zero, -1884
core   0: 3 0x80004580 (0x8a404693) x13 0xfffff8a4
core   0: 0x80004584 (0x00008cd9) c.or    s1, a4
core   0: 3 0x80004584 (0x8cd9) x 9 0x00011000
core   0: 0x80004586 (0x48f4a493) slti    s1, s1, 1167
core   0: 3 0x80004586 (0x48f4a493) x 9 0x00000000
core   0: 0x8000458a (0x96526793) ori     a5, tp, -1691
core   0: 3 0x8000458a (0x96526793) x15 0xfffffb75
core   0: 0x8000458e (0x40fc01b3) sub     gp, s8, a5
core   0: 3 0x8000458e (0x40fc01b3) x 3 0x21217555
core   0: 0x80004592 (0x00000001) c.nop
core   0: 3 0x80004592 (0x0001)
core   0: 0x80004594 (0x0281da33) divu    s4, gp, s0
core   0: 3 0x80004594 (0x0281da33) x20 0x000a9a11
core   0: 0x80004598 (0x00008da1) c.xor   a1, s0
core   0: 3 0x80004598 (0x8da1) x11 0x80025c44
core   0: 0x8000459a (0x00385933) srl     s2, a6, gp
core   0: 3 0x8000459a (0x00385933) x18 0x00000000
core   0: 0x8000459e (0x0287dfb3) divu    t6, a5, s0
core   0: 3 0x8000459e (0x0287dfb3) x31 0x0051eb83
core   0: 0x800045a2 (0x79f00717) auipc   a4, 0x79f00
core   0: 3 0x800045a2 (0x79f00717) x14 0xf9f045a2
core   0: 0x800045a6 (0x017f8eb3) add     t4, t6, s7
core   0: 3 0x800045a6 (0x017f8eb3) x29 0x0051eb83
core   0: 0x800045aa (0x00008b92) c.mv    s7, tp
core   0: 3 0x800045aa (0x8b92) x23 0x2a786270
core   0: 0x800045ac (0x40c3c113) xori    sp, t2, 1036
core   0: 3 0x800045ac (0x40c3c113) x 2 0x0000040c
core   0: 0x800045b0 (0x000055fd) c.li    a1, -1
core   0: 3 0x800045b0 (0x55fd) x11 0xffffffff
core   0: 0x800045b2 (0x0d766817) auipc   a6, 0xd766
core   0: 3 0x800045b2 (0x0d766817) x16 0x8d76a5b2
core   0: 0x800045b6 (0x00745d33) srl     s10, s0, t2
core   0: 3 0x800045b6 (0x00745d33) x26 0x00000320
core   0: 0x800045ba (0xdba50693) addi    a3, a0, -582
core   0: 3 0x800045ba (0xdba50693) x13 0x80029a9e
core   0: 0x800045be (0x03608d33) mul     s10, ra, s6
core   0: 3 0x800045be (0x03608d33) x26 0x00000000
core   0: 0x800045c2 (0x01b4bcb3) sltu    s9, s1, s11
core   0: 3 0x800045c2 (0x01b4bcb3) x25 0x00000001
core   0: 0x800045c6 (0x00ef1893) slli    a7, t5, 14
core   0: 3 0x800045c6 (0x00ef1893) x17 0x89284000
core   0: 0x800045ca (0x0000717d) c.addi16sp sp, -16
core   0: 3 0x800045ca (0x717d) x 2 0x000003fc
core   0: 0x800045cc (0x03263233) mulhu   tp, a2, s2
core   0: 3 0x800045cc (0x03263233) x 4 0x00000000
core   0: 0x800045d0 (0x01156933) or      s2, a0, a7
core   0: 3 0x800045d0 (0x01156933) x18 0x892adce4
core   0: 0x800045d4 (0x00ad95b3) sll     a1, s11, a0
core   0: 3 0x800045d4 (0x00ad95b3) x11 0x242e1940
core   0: 0x800045d8 (0x03e8f863) bgeu    a7, t5, pc + 48
core   0: 3 0x800045d8 (0x03e8f863)
core   0: 0x80004608 (0x41305733) sra     a4, zero, s3
core   0: 3 0x80004608 (0x41305733) x14 0x00000000
core   0: 0x8000460c (0x02be83b3) mul     t2, t4, a1
core   0: 3 0x8000460c (0x02be83b3) x 7 0xd204abc0
core   0: 0x80004610 (0xaeae7813) andi    a6, t3, -1302
core   0: 3 0x80004610 (0xaeae7813) x16 0x0001f000
core   0: 0x80004614 (0x00009ede) c.add   t4, s7
core   0: 3 0x80004614 (0x9ede) x29 0x2aca4df3
core   0: 0x80004616 (0x01a47bb3) and     s7, s0, s10
core   0: 3 0x80004616 (0x01a47bb3) x23 0x00000000
core   0: 0x8000461a (0x01a6e033) or      zero, a3, s10
core   0: 3 0x8000461a (0x01a6e033)
core   0: 0x8000461e (0xf6a3b413) sltiu   s0, t2, -150
core   0: 3 0x8000461e (0xf6a3b413) x 8 0x00000001
core   0: 0x80004622 (0x005f43b3) xor     t2, t5, t0
core   0: 3 0x80004622 (0x005f43b3) x 7 0xad95d8a0
core   0: 0x80004626 (0x00009b7d) c.andi  a4, -1
core   0: 3 0x80004626 (0x9b7d) x14 0x00000000
core   0: 0x80004628 (0x000082c5) c.srli  a3, 17
core   0: 3 0x80004628 (0x82c5) x13 0x00004001
core   0: 0x8000462a (0x41965413) srai    s0, a2, 25
core   0: 3 0x8000462a (0x41965413) x 8 0xffffffc0
core   0: 0x8000462e (0x01dafe33) and     t3, s5, t4
core   0: 3 0x8000462e (0x01dafe33) x28 0x00000000
core   0: 0x80004632 (0x00001efd) c.addi  t4, -1
core   0: 3 0x80004632 (0x1efd) x29 0x2aca4df2
core   0: 0x80004634 (0x0000e589) c.bnez  a1, pc + 10
core   0: 3 0x80004634 (0xe589)
core   0: 0x8000463e (0x00000422) c.slli  s0, 8
core   0: 3 0x8000463e (0x0422) x 8 0xffffc000
core   0: 0x80004640 (0x00f75413) srli    s0, a4, 15
core   0: 3 0x80004640 (0x00f75413) x 8 0x00000000
core   0: 0x80004644 (0x04163c97) auipc   s9, 0x4163
core   0: 3 0x80004644 (0x04163c97) x25 0x84167644
core   0: 0x80004648 (0x00008f39) c.xor   a4, a4
core   0: 3 0x80004648 (0x8f39) x14 0x00000000
core   0: 0x8000464a (0xe45f2a93) slti    s5, t5, -443
core   0: 3 0x8000464a (0xe45f2a93) x21 0x00000000
core   0: 0x8000464e (0x14387797) auipc   a5, 0x14387
core   0: 3 0x8000464e (0x14387797) x15 0x9438b64e
core   0: 0x80004652 (0x0077c5b3) xor     a1, a5, t2
core   0: 3 0x80004652 (0x0077c5b3) x11 0x39ad6eee
core   0: 0x80004656 (0x0363dcb3) divu    s9, t2, s6
core   0: 3 0x80004656 (0x0363dcb3) x25 0xffffffff
core   0: 0x8000465a (0xae728b13) addi    s6, t0, -1305
core   0: 3 0x8000465a (0xae728b13) x22 0xfffff6e8
core   0: 0x8000465e (0x0000e385) c.bnez  a5, pc + 32
core   0: 3 0x8000465e (0xe385)
core   0: 0x8000467e (0x01408133) add     sp, ra, s4
core   0: 3 0x8000467e (0x01408133) x 2 0x000af31f
core   0: 0x80004682 (0x019af733) and     a4, s5, s9
core   0: 3 0x80004682 (0x019af733) x14 0x00000000
core   0: 0x80004686 (0x00000001) c.nop
core   0: 3 0x80004686 (0x0001)
core   0: 0x80004688 (0x00008f85) c.sub   a5, s1
core   0: 3 0x80004688 (0x8f85) x15 0x9438b64e
core   0: 0x8000468a (0x42c27713) andi    a4, tp, 1068
core   0: 3 0x8000468a (0x42c27713) x14 0x00000000
core   0: 0x8000468e (0x019d8f63) beq     s11, s9, pc + 30
core   0: 3 0x8000468e (0x019d8f63)
core   0: 0x80004692 (0x00000001) c.nop
core   0: 3 0x80004692 (0x0001)
core   0: 0x80004694 (0x0343ecb3) rem     s9, t2, s4
core   0: 3 0x80004694 (0x0343ecb3) x25 0xffff78c6
core   0: 0x80004698 (0x00000001) c.nop
core   0: 3 0x80004698 (0x0001)
core   0: 0x8000469a (0x016e5f93) srli    t6, t3, 22
core   0: 3 0x8000469a (0x016e5f93) x31 0x00000000
core   0: 0x8000469e (0x000098ea) c.add   a7, s10
core   0: 3 0x8000469e (0x98ea) x17 0x89284000
core   0: 0x800046a0 (0x00008599) c.srai  a1, 6
core   0: 3 0x800046a0 (0x8599) x11 0x00e6b5bb
core   0: 0x800046a2 (0x01a13d33) sltu    s10, sp, s10
core   0: 3 0x800046a2 (0x01a13d33) x26 0x00000000
core   0: 0x800046a6 (0x01fa2fb3) slt     t6, s4, t6
core   0: 3 0x800046a6 (0x01fa2fb3) x31 0x00000000
core   0: 0x800046aa (0x00008cc9) c.or    s1, a0
core   0: 3 0x800046aa (0x8cc9) x 9 0x80029ce4
core   0: 0x800046ac (0x5c7aee13) ori     t3, s5, 1479
core   0: 3 0x800046ac (0x5c7aee13) x28 0x000005c7
core   0: 0x800046b0 (0x0000717d) c.addi16sp sp, -16
core   0: 3 0x800046b0 (0x717d) x 2 0x000af30f
core   0: 0x800046b2 (0x00000001) c.nop
core   0: 3 0x800046b2 (0x0001)
core   0: 0x800046b4 (0x41908f33) sub     t5, ra, s9
core   0: 3 0x800046b4 (0x41908f33) x30 0x0000e048
core   0: 0x800046b8 (0x41ad5793) srai    a5, s10, 26
core   0: 3 0x800046b8 (0x41ad5793) x15 0x00000000
core   0: 0x800046bc (0x00008db1) c.xor   a1, a2
core   0: 3 0x800046bc (0x8db1) x11 0x80e4ebdf
core   0: 0x800046be (0x00000f7a) c.slli  t5, 30
core   0: 3 0x800046be (0x0f7a) x30 0x00000000
core   0: 0x800046c0 (0x033c8d33) mul     s10, s9, s3
core   0: 3 0x800046c0 (0x033c8d33) x26 0x0000873a
core   0: 0x800046c4 (0x0ff0000f) fence   iorw,iorw
core   0: 3 0x800046c4 (0x0ff0000f)
core   0: 0x800046c8 (0x02122cb3) mulhsu  s9, tp, ra
core   0: 3 0x800046c8 (0x02122cb3) x25 0x00000000
core   0: 0x800046cc (0x3bdc7c93) andi    s9, s8, 957
core   0: 3 0x800046cc (0x3bdc7c93) x25 0x00000088
core   0: 0x800046d0 (0x00008c3d) c.xor   s0, a5
core   0: 3 0x800046d0 (0x8c3d) x 8 0x00000000
core   0: 0x800046d2 (0x00008dd1) c.or    a1, a2
core   0: 3 0x800046d2 (0x8dd1) x11 0x80e6ffff
core   0: 0x800046d4 (0x03a76563) bltu    a4, s10, pc + 42
core   0: 3 0x800046d4 (0x03a76563)
core   0: 0x800046fe (0x00009fea) c.add   t6, s10
core   0: 3 0x800046fe (0x9fea) x31 0x0000873a
core   0: 0x80004700 (0x00008435) c.srai  s0, 13
core   0: 3 0x80004700 (0x8435) x 8 0x00000000
core   0: 0x80004702 (0xa2202597) auipc   a1, 0xa2202
core   0: 3 0x80004702 (0xa2202597) x11 0x22206702
core   0: 0x80004706 (0x03c01363) bne     zero, t3, pc + 38
core   0: 3 0x80004706 (0x03c01363)
core   0: 0x8000472c (0x02647b63) bgeu    s0, t1, pc + 54
core   0: 3 0x8000472c (0x02647b63)
core   0: 0x80004762 (0x40645213) srai    tp, s0, 6
core   0: 3 0x80004762 (0x40645213) x 4 0x00000000
core   0: 0x80004766 (0x009150b3) srl     ra, sp, s1
core   0: 3 0x80004766 (0x009150b3) x 1 0x0000af30
core   0: 0x8000476a (0x000048e1) c.li    a7, 24
core   0: 3 0x8000476a (0x48e1) x17 0x00000018
core   0: 0x8000476c (0x00006c6d) c.lui   s8, 0x1b
core   0: 3 0x8000476c (0x6c6d) x24 0x0001b000
core   0: 0x8000476e (0x00bf3d33) sltu    s10, t5, a1
core   0: 3 0x8000476e (0x00bf3d33) x26 0x00000001
core   0: 0x80004772 (0x02689333) mulh    t1, a7, t1
core   0: 3 0x80004772 (0x02689333) x 6 0x00000000
core   0: 0x80004776 (0x00009b7d) c.andi  a4, -1
core   0: 3 0x80004776 (0x9b7d) x14 0x00000000
core   0: 0x80004778 (0x0ff0000f) fence   iorw,iorw
core   0: 3 0x80004778 (0x0ff0000f)
core   0: 0x8000477c (0xe1a44c13) xori    s8, s0, -486
core   0: 3 0x8000477c (0xe1a44c13) x24 0xfffffe1a
core   0: 0x80004780 (0xc654bc93) sltiu   s9, s1, -923
core   0: 3 0x80004780 (0xc654bc93) x25 0x00000001
core   0: 0x80004784 (0x02a78bb3) mul     s7, a5, a0
core   0: 3 0x80004784 (0x02a78bb3) x23 0x00000000
core   0: 0x80004788 (0x03397433) remu    s0, s2, s3
core   0: 3 0x80004788 (0x03397433) x 8 0x892adce4
core   0: 0x8000478c (0x0000cc8d) c.beqz  s1, pc + 58
core   0: 3 0x8000478c (0xcc8d)
core   0: 0x8000478e (0x00008339) c.srli  a4, 14
core   0: 3 0x8000478e (0x8339) x14 0x00000000
core   0: 0x80004790 (0x024a01b3) mul     gp, s4, tp
core   0: 3 0x80004790 (0x024a01b3) x 3 0x00000000
core   0: 0x80004794 (0x0000100f) fence.i
core   0: 3 0x80004794 (0x0000100f)
core   0: 0x80004798 (0x00008c81) c.sub   s1, s0
core   0: 3 0x80004798 (0x8c81) x 9 0xf6d7c000
core   0: 0x8000479a (0x02ba5cb3) divu    s9, s4, a1
core   0: 3 0x8000479a (0x02ba5cb3) x25 0x00000000
core   0: 0x8000479e (0x04b30163) beq     t1, a1, pc + 66
core   0: 3 0x8000479e (0x04b30163)
core   0: 0x800047a2 (0x0000597d) c.li    s2, -1
core   0: 3 0x800047a2 (0x597d) x18 0xffffffff
core   0: 0x800047a4 (0x00bdd763) bge     s11, a1, pc + 14
core   0: 3 0x800047a4 (0x00bdd763)
core   0: 0x800047b2 (0x0072c463) blt     t0, t2, pc + 8
core   0: 3 0x800047b2 (0x0072c463)
core   0: 0x800047b6 (0x0102f7b3) and     a5, t0, a6
core   0: 3 0x800047b6 (0x0102f7b3) x15 0x0001f000
core   0: 0x800047ba (0x00f336b3) sltu    a3, t1, a5
core   0: 3 0x800047ba (0x00f336b3) x13 0x00000001
core   0: 0x800047be (0x01016033) or      zero, sp, a6
core   0: 3 0x800047be (0x01016033)
core   0: 0x800047c2 (0x008ab4b3) sltu    s1, s5, s0
core   0: 3 0x800047c2 (0x008ab4b3) x 9 0x00000001
core   0: 0x800047c6 (0x00008a36) c.mv    s4, a3
core   0: 3 0x800047c6 (0x8a36) x20 0x00000001
core   0: 0x800047c8 (0x00008be2) c.mv    s7, s8
core   0: 3 0x800047c8 (0x8be2) x23 0xfffffe1a
core   0: 0x800047ca (0x006609b3) add     s3, a2, t1
core   0: 3 0x800047ca (0x006609b3) x19 0x80025e64
core   0: 0x800047ce (0x00008c11) c.sub   s0, a2
core   0: 3 0x800047ce (0x8c11) x 8 0x09287e80
core   0: 0x800047d0 (0x02757c33) remu    s8, a0, t2
core   0: 3 0x800047d0 (0x02757c33) x24 0x80029ce4
core   0: 0x800047d4 (0x000089dd) c.andi  a1, 23
core   0: 3 0x800047d4 (0x89dd) x11 0x00000002
core   0: 0x800047d6 (0x00000001) c.nop
core   0: 3 0x800047d6 (0x0001)
core   0: 0x800047d8 (0xb2a20593) addi    a1, tp, -1238
core   0: 3 0x800047d8 (0xb2a20593) x11 0xfffffb2a
core   0: 0x800047dc (0x03ebbc33) mulhu   s8, s7, t5
core   0: 3 0x800047dc (0x03ebbc33) x24 0x00000000
core   0: 0x800047e0 (0x00008735) c.srai  a4, 13
core   0: 3 0x800047e0 (0x8735) x14 0x00000000
core   0: 0x800047e2 (0x000a4763) bltz    s4, pc + 14
core   0: 3 0x800047e2 (0x000a4763)
core   0: 0x800047e6 (0x46604e13) xori    t3, zero, 1126
core   0: 3 0x800047e6 (0x46604e13) x28 0x00000466
core   0: 0x800047ea (0x0000100f) fence.i
core   0: 3 0x800047ea (0x0000100f)
core   0: 0x800047ee (0x00000ea9) c.addi  t4, 10
core   0: 3 0x800047ee (0x0ea9) x29 0x2aca4dfc
core   0: 0x800047f0 (0x03faeb33) rem     s6, s5, t6
core   0: 3 0x800047f0 (0x03faeb33) x22 0x00000000
core   0: 0x800047f4 (0x00ee9193) slli    gp, t4, 14
core   0: 3 0x800047f4 (0x00ee9193) x 3 0x937f0000
core   0: 0x800047f8 (0x00000fb6) c.slli  t6, 13
core   0: 3 0x800047f8 (0x0fb6) x31 0x10e74000
core   0: 0x800047fa (0x00006215) c.lui   tp, 0x5
core   0: 3 0x800047fa (0x6215) x 4 0x00005000
core   0: 0x800047fc (0x00006991) c.lui   s3, 0x4
core   0: 3 0x800047fc (0x6991) x19 0x00004000
core   0: 0x800047fe (0xd0d03393) sltiu   t2, zero, -755
core   0: 3 0x800047fe (0xd0d03393) x 7 0x00000001
core   0: 0x80004802 (0x03387bb3) remu    s7, a6, s3
core   0: 3 0x80004802 (0x03387bb3) x23 0x00003000
core   0: 0x80004806 (0x00001780) c.addi4spn s0, sp, 992
core   0: 3 0x80004806 (0x1780) x 8 0x000af6ef
core   0: 0x80004808 (0x03150763) beq     a0, a7, pc + 46
core   0: 3 0x80004808 (0x03150763)
core   0: 0x8000480c (0x034a0563) beq     s4, s4, pc + 42
core   0: 3 0x8000480c (0x034a0563)
core   0: 0x80004836 (0x00000518) c.addi4spn a4, sp, 640
core   0: 3 0x80004836 (0x0518) x14 0x000af58f
core   0: 0x80004838 (0x879deb13) ori     s6, s11, -1927
core   0: 3 0x80004838 (0x879deb13) x22 0xfffff9fd
core   0: 0x8000483c (0xf1b6e397) auipc   t2, 0xf1b6e
core   0: 3 0x8000483c (0xf1b6e397) x 7 0x71b7283c
core   0: 0x80004840 (0x0ff0000f) fence   iorw,iorw
core   0: 3 0x80004840 (0x0ff0000f)
core   0: 0x80004844 (0x110b3c93) sltiu   s9, s6, 272
core   0: 3 0x80004844 (0x110b3c93) x25 0x00000000
core   0: 0x80004848 (0x018ecd63) blt     t4, s8, pc + 26
core   0: 3 0x80004848 (0x018ecd63)
core   0: 0x8000484c (0x009b72b3) and     t0, s6, s1
core   0: 3 0x8000484c (0x009b72b3) x 5 0x00000001
core   0: 0x80004850 (0x0000e581) c.bnez  a1, pc + 8
core   0: 3 0x80004850 (0xe581)
core   0: 0x80004858 (0x00004cfd) c.li    s9, 31
core   0: 3 0x80004858 (0x4cfd) x25 0x0000001f
core   0: 0x8000485a (0x01245263) bge     s0, s2, pc + 4
core   0: 3 0x8000485a (0x01245263)
core   0: 0x8000485e (0xb60bca13) xori    s4, s7, -1184
core   0: 3 0x8000485e (0xb60bca13) x20 0xffffcb60
core   0: 0x80004862 (0x0000e809) c.bnez  s0, pc + 18
core   0: 3 0x80004862 (0xe809)
core   0: 0x80004874 (0x0000c699) c.beqz  a3, pc + 14
core   0: 3 0x80004874 (0xc699)
core   0: 0x80004876 (0x0122d433) srl     s0, t0, s2
core   0: 3 0x80004876 (0x0122d433) x 8 0x00000000
core   0: 0x8000487a (0x03710cb3) mul     s9, sp, s7
core   0: 3 0x8000487a (0x03710cb3) x25 0x0d92d000
core   0: 0x8000487e (0x017c7b33) and     s6, s8, s7
core   0: 3 0x8000487e (0x017c7b33) x22 0x00000000
core   0: 0x80004882 (0x03d45fb3) divu    t6, s0, t4
core   0: 3 0x80004882 (0x03d45fb3) x31 0x00000000
core   0: 0x80004886 (0x02460333) mul     t1, a2, tp
core   0: 3 0x80004886 (0x02460333) x 6 0xbd7f4000
core   0: 0x8000488a (0x026d8433) mul     s0, s11, t1
core   0: 3 0x8000488a (0x026d8433) x 8 0xe4d10000
core   0: 0x8000488e (0x00008c35) c.xor   s0, a3
core   0: 3 0x8000488e (0x8c35) x 8 0xe4d10001
core   0: 0x80004890 (0xadc64f93) xori    t6, a2, -1316
core   0: 3 0x80004890 (0xadc64f93) x31 0x7ffda4b8
core   0: 0x80004894 (0xde626593) ori     a1, tp, -538
core   0: 3 0x80004894 (0xde626593) x11 0xfffffde6
core   0: 0x80004898 (0x0120dc63) bge     ra, s2, pc + 24
core   0: 3 0x80004898 (0x0120dc63)
core   0: 0x800048b0 (0x0000c29d) c.beqz  a3, pc + 38
core   0: 3 0x800048b0 (0xc29d)
core   0: 0x800048b2 (0x003531b3) sltu    gp, a0, gp
core   0: 3 0x800048b2 (0x003531b3) x 3 0x00000001
core   0: 0x800048b6 (0x00008b4d) c.andi  a4, 19
core   0: 3 0x800048b6 (0x8b4d) x14 0x00000003
core   0: 0x800048b8 (0xd621ee93) ori     t4, gp, -670
core   0: 3 0x800048b8 (0xd621ee93) x29 0xfffffd63
core   0: 0x800048bc (0x023c22b3) mulhsu  t0, s8, gp
core   0: 3 0x800048bc (0x023c22b3) x 5 0x00000000
core   0: 0x800048c0 (0x68d20f13) addi    t5, tp, 1677
core   0: 3 0x800048c0 (0x68d20f13) x30 0x0000568d
core   0: 0x800048c4 (0x406bd593) srai    a1, s7, 6
core   0: 3 0x800048c4 (0x406bd593) x11 0x000000c0
core   0: 0x800048c8 (0x017da0b3) slt     ra, s11, s7
core   0: 3 0x800048c8 (0x017da0b3) x 1 0x00000000
core   0: 0x800048cc (0x40215033) sra     zero, sp, sp
core   0: 3 0x800048cc (0x40215033)
core   0: 0x800048d0 (0x00000a76) c.slli  s4, 29
core   0: 3 0x800048d0 (0x0a76) x20 0x00000000
core   0: 0x800048d2 (0x01f7f563) bgeu    a5, t6, pc + 10
core   0: 3 0x800048d2 (0x01f7f563)
core   0: 0x800048d6 (0x0000c019) c.beqz  s0, pc + 6
core   0: 3 0x800048d6 (0xc019)
core   0: 0x800048d8 (0x001027b3) slt     a5, zero, ra
core   0: 3 0x800048d8 (0x001027b3) x15 0x00000000
core   0: 0x800048dc (0x1adf2213) slti    tp, t5, 429
core   0: 3 0x800048dc (0x1adf2213) x 4 0x00000000
core   0: 0x800048e0 (0x783db913) sltiu   s2, s11, 1923
core   0: 3 0x800048e0 (0x783db913) x18 0x00000000
core   0: 0x800048e4 (0x44d97593) andi    a1, s2, 1101
core   0: 3 0x800048e4 (0x44d97593) x11 0x00000000
core   0: 0x800048e8 (0x00000a98) c.addi4spn a4, sp, 336
core   0: 3 0x800048e8 (0x0a98) x14 0x000af45f
core   0: 0x800048ea (0x0340c0b3) div     ra, ra, s4
core   0: 3 0x800048ea (0x0340c0b3) x 1 0xffffffff
core   0: 0x800048ee (0x00008df1) c.and   a1, a2
core   0: 3 0x800048ee (0x8df1) x11 0x00000000
core   0: 0x800048f0 (0x03a4cc33) div     s8, s1, s10
core   0: 3 0x800048f0 (0x03a4cc33) x24 0x00000001
core   0: 0x800048f4 (0x62ffcf13) xori    t5, t6, 1583
core   0: 3 0x800048f4 (0x62ffcf13) x30 0x7ffda297
core   0: 0x800048f8 (0x01c2d0b3) srl     ra, t0, t3
core   0: 3 0x800048f8 (0x01c2d0b3) x 1 0x00000000
core   0: 0x800048fc (0x00009926) c.add   s2, s1
core   0: 3 0x800048fc (0x9926) x18 0x00000001
core   0: 0x800048fe (0x0125e833) or      a6, a1, s2
core   0: 3 0x800048fe (0x0125e833) x16 0x00000001
core   0: 0x80004902 (0x0ff0000f) fence   iorw,iorw
core   0: 3 0x80004902 (0x0ff0000f)
core   0: 0x80004906 (0x00000fc9) c.addi  t6, 18
core   0: 3 0x80004906 (0x0fc9) x31 0x7ffda4ca
core   0: 0x80004908 (0x00caac33) slt     s8, s5, a2
core   0: 3 0x80004908 (0x00caac33) x24 0x00000000
core   0: 0x8000490c (0x40a55c93) srai    s9, a0, 10
core   0: 3 0x8000490c (0x40a55c93) x25 0xffe000a7
core   0: 0x80004910 (0x00135333) srl     t1, t1, ra
core   0: 3 0x80004910 (0x00135333) x 6 0xbd7f4000
core   0: 0x80004914 (0x01a90d63) beq     s2, s10, pc + 26
core   0: 3 0x80004914 (0x01a90d63)
core   0: 0x8000492e (0x008bdc13) srli    s8, s7, 8
core   0: 3 0x8000492e (0x008bdc13) x24 0x00000030
core   0: 0x80004932 (0x00000001) c.nop
core   0: 3 0x80004932 (0x0001)
core   0: 0x80004934 (0x037538b3) mulhu   a7, a0, s7
core   0: 3 0x80004934 (0x037538b3) x17 0x00001800
core   0: 0x80004938 (0x021489b3) mul     s3, s1, ra
core   0: 3 0x80004938 (0x021489b3) x19 0x00000000
core   0: 0x8000493c (0x02f3a0b3) mulhsu  ra, t2, a5
core   0: 3 0x8000493c (0x02f3a0b3) x 1 0x00000000
core   0: 0x80004940 (0x03450833) mul     a6, a0, s4
core   0: 3 0x80004940 (0x03450833) x16 0x00000000
core   0: 0x80004944 (0x032b3833) mulhu   a6, s6, s2
core   0: 3 0x80004944 (0x032b3833) x16 0x00000000
core   0: 0x80004948 (0x013ab333) sltu    t1, s5, s3
core   0: 3 0x80004948 (0x013ab333) x 6 0x00000000
core   0: 0x8000494c (0x01842233) slt     tp, s0, s8
core   0: 3 0x8000494c (0x01842233) x 4 0x00000001
core   0: 0x80004950 (0x00b55033) srl     zero, a0, a1
core   0: 3 0x80004950 (0x00b55033)
core   0: 0x80004954 (0x000066f5) c.lui   a3, 0x1d
core   0: 3 0x80004954 (0x66f5) x13 0x0001d000
core   0: 0x80004956 (0x030c6333) rem     t1, s8, a6
core   0: 3 0x80004956 (0x030c6333) x 6 0x00000030
core   0: 0x8000495a (0x0385a4b3) mulhsu  s1, a1, s8
core   0: 3 0x8000495a (0x0385a4b3) x 9 0x00000000
core   0: 0x8000495e (0x02370563) beq     a4, gp, pc + 42
core   0: 3 0x8000495e (0x02370563)
core   0: 0x80004962 (0x0ff0000f) fence   iorw,iorw
core   0: 3 0x80004962 (0x0ff0000f)
core   0: 0x80004966 (0x0000879d) c.srai  a5, 7
core   0: 3 0x80004966 (0x879d) x15 0x00000000
core   0: 0x80004968 (0x03503433) mulhu   s0, zero, s5
core   0: 3 0x80004968 (0x03503433) x 8 0x00000000
core   0: 0x8000496c (0x02dfd833) divu    a6, t6, a3
core   0: 3 0x8000496c (0x02dfd833) x16 0x0000469d
core   0: 0x80004970 (0x40001837) lui     a6, 0x40001
core   0: 3 0x80004970 (0x40001837) x16 0x40001000
core   0: 0x80004974 (0x004924b3) slt     s1, s2, tp
core   0: 3 0x80004974 (0x004924b3) x 9 0x00000000
core   0: 0x80004978 (0x00008ed1) c.or    a3, a2
core   0: 3 0x80004978 (0x8ed1) x13 0x8003de64
core   0: 0x8000497a (0xa25ca913) slti    s2, s9, -1499
core   0: 3 0x8000497a (0xa25ca913) x18 0x00000001
core   0: 0x8000497e (0x00008e85) c.sub   a3, s1
core   0: 3 0x8000497e (0x8e85) x13 0x8003de64
core   0: 0x80004980 (0x0000100f) fence.i
core   0: 3 0x80004980 (0x0000100f)
core   0: 0x80004984 (0x00f21663) bne     tp, a5, pc + 12
core   0: 3 0x80004984 (0x00f21663)
core   0: 0x80004990 (0x40a1d793) srai    a5, gp, 10
core   0: 3 0x80004990 (0x40a1d793) x15 0x00000000
core   0: 0x80004994 (0x68bb3d13) sltiu   s10, s6, 1675
core   0: 3 0x80004994 (0x68bb3d13) x26 0x00000001
core   0: 0x80004998 (0x0000717d) c.addi16sp sp, -16
core   0: 3 0x80004998 (0x717d) x 2 0x000af2ff
core   0: 0x8000499a (0x0000613d) c.addi16sp sp, 480
core   0: 3 0x8000499a (0x613d) x 2 0x000af4df
core   0: 0x8000499c (0x02b5d133) divu    sp, a1, a1
core   0: 3 0x8000499c (0x02b5d133) x 2 0xffffffff
core   0: 0x800049a0 (0x45f20213) addi    tp, tp, 1119
core   0: 3 0x800049a0 (0x45f20213) x 4 0x00000460
core   0: 0x800049a4 (0x0000527d) c.li    tp, -1
core   0: 3 0x800049a4 (0x527d) x 4 0xffffffff
core   0: 0x800049a6 (0x01566433) or      s0, a2, s5
core   0: 3 0x800049a6 (0x01566433) x 8 0x80025e64
core   0: 0x800049aa (0x00008762) c.mv    a4, s8
core   0: 3 0x800049aa (0x8762) x14 0x00000030
core   0: 0x800049ac (0x00000e05) c.addi  t3, 1
core   0: 3 0x800049ac (0x0e05) x28 0x00000467
core   0: 0x800049ae (0x00442433) slt     s0, s0, tp
core   0: 3 0x800049ae (0x00442433) x 8 0x00000001
core   0: 0x800049b2 (0x0ff0000f) fence   iorw,iorw
core   0: 3 0x800049b2 (0x0ff0000f)
core   0: 0x800049b6 (0x03fcc033) div     zero, s9, t6
core   0: 3 0x800049b6 (0x03fcc033)
core   0: 0x800049ba (0x025853b3) divu    t2, a6, t0
core   0: 3 0x800049ba (0x025853b3) x 7 0xffffffff
core   0: 0x800049be (0x2941ea37) lui     s4, 0x2941e
core   0: 3 0x800049be (0x2941ea37) x20 0x2941e000
core   0: 0x800049c2 (0x00ef03b3) add     t2, t5, a4
core   0: 3 0x800049c2 (0x00ef03b3) x 7 0x7ffda2c7
core   0: 0x800049c6 (0x01881313) slli    t1, a6, 24
core   0: 3 0x800049c6 (0x01881313) x 6 0x00000000
core   0: 0x800049ca (0x00008769) c.srai  a4, 26
core   0: 3 0x800049ca (0x8769) x14 0x00000000
core   0: 0x800049cc (0x00000001) c.nop
core   0: 3 0x800049cc (0x0001)
core   0: 0x800049ce (0x4d024913) xori    s2, tp, 1232
core   0: 3 0x800049ce (0x4d024913) x18 0xfffffb2f
core   0: 0x800049d2 (0x00fb0363) beq     s6, a5, pc + 6
core   0: 3 0x800049d2 (0x00fb0363)
core   0: 0x800049d8 (0x0255bf33) mulhu   t5, a1, t0
core   0: 3 0x800049d8 (0x0255bf33) x30 0x00000000
core   0: 0x800049dc (0x03a7e063) bltu    a5, s10, pc + 32
core   0: 3 0x800049dc (0x03a7e063)
core   0: 0x800049fc (0x00177733) and     a4, a4, ra
core   0: 3 0x800049fc (0x00177733) x14 0x00000000
core   0: 0x80004a00 (0x02b9f5b3) remu    a1, s3, a1
core   0: 3 0x80004a00 (0x02b9f5b3) x11 0x00000000
core   0: 0x80004a04 (0x01027263) bgeu    tp, a6, pc + 4
core   0: 3 0x80004a04 (0x01027263)
core   0: 0x80004a08 (0x0943e463) bltu    t2, s4, pc + 136
core   0: 3 0x80004a08 (0x0943e463)
core   0: 0x80004a0c (0x7251f193) andi    gp, gp, 1829
core   0: 3 0x80004a0c (0x7251f193) x 3 0x00000001
core   0: 0x80004a10 (0x00008ed1) c.or    a3, a2
core   0: 3 0x80004a10 (0x8ed1) x13 0x8003de64
core   0: 0x80004a12 (0x00ffc5b3) xor     a1, t6, a5
core   0: 3 0x80004a12 (0x00ffc5b3) x11 0x7ffda4ca
core   0: 0x80004a16 (0x09f19063) bne     gp, t6, pc + 128
core   0: 3 0x80004a16 (0x09f19063)
core   0: 0x80004a96 (0x41895593) srai    a1, s2, 24
core   0: 3 0x80004a96 (0x41895593) x11 0xffffffff
core   0: 0x80004a9a (0x0368fe33) remu    t3, a7, s6
core   0: 3 0x80004a9a (0x0368fe33) x28 0x00001800
core   0: 0x80004a9e (0xb526f693) andi    a3, a3, -1198
core   0: 3 0x80004a9e (0xb526f693) x13 0x8003da40
core   0: 0x80004aa2 (0x00008b75) c.andi  a4, 29
core   0: 3 0x80004aa2 (0x8b75) x14 0x00000000
core   0: 0x80004aa4 (0x00000115) c.addi  sp, 5
core   0: 3 0x80004aa4 (0x0115) x 2 0x00000004
core   0: 0x80004aa6 (0x000a96b3) sll     a3, s5, zero
core   0: 3 0x80004aa6 (0x000a96b3) x13 0x00000000
core   0: 0x80004aaa (0xaf1b2713) slti    a4, s6, -1295
core   0: 3 0x80004aaa (0xaf1b2713) x14 0x00000000
core   0: 0x80004aae (0x40cadbb3) sra     s7, s5, a2
core   0: 3 0x80004aae (0x40cadbb3) x23 0x00000000
core   0: 0x80004ab2 (0x01e7fd63) bgeu    a5, t5, pc + 26
core   0: 3 0x80004ab2 (0x01e7fd63)
core   0: 0x80004acc (0x0000808d) c.srli  s1, 3
core   0: 3 0x80004acc (0x808d) x 9 0x00000000
core   0: 0x80004ace (0x02df93b3) mulh    t2, t6, a3
core   0: 3 0x80004ace (0x02df93b3) x 7 0x00000000
core   0: 0x80004ad2 (0x02214433) div     s0, sp, sp
core   0: 3 0x80004ad2 (0x02214433) x 8 0x00000001
core   0: 0x80004ad6 (0x00000c39) c.addi  s8, 14
core   0: 3 0x80004ad6 (0x0c39) x24 0x0000003e
core   0: 0x80004ad8 (0x00925933) srl     s2, tp, s1
core   0: 3 0x80004ad8 (0x00925933) x18 0xffffffff
core   0: 0x80004adc (0x00000d52) c.slli  s10, 20
core   0: 3 0x80004adc (0x0d52) x26 0x00100000
core   0: 0x80004ade (0x00c29e33) sll     t3, t0, a2
core   0: 3 0x80004ade (0x00c29e33) x28 0x00000000
core   0: 0x80004ae2 (0x0ff0000f) fence   iorw,iorw
core   0: 3 0x80004ae2 (0x0ff0000f)
core   0: 0x80004ae6 (0x016d43b3) xor     t2, s10, s6
core   0: 3 0x80004ae6 (0x016d43b3) x 7 0x00100000
core   0: 0x80004aea (0x0000eb91) c.bnez  a5, pc + 20
core   0: 3 0x80004aea (0xeb91)
core   0: 0x80004aec (0x006519b3) sll     s3, a0, t1
core   0: 3 0x80004aec (0x006519b3) x19 0x80029ce4
core   0: 0x80004af0 (0x00009c86) c.add   s9, ra
core   0: 3 0x80004af0 (0x9c86) x25 0xffe000a7
core   0: 0x80004af2 (0x0000100f) fence.i
core   0: 3 0x80004af2 (0x0000100f)
core   0: 0x80004af6 (0x00008ce5) c.and   s1, s1
core   0: 3 0x80004af6 (0x8ce5) x 9 0x00000000
core   0: 0x80004af8 (0x0000c709) c.beqz  a4, pc + 10
core   0: 3 0x80004af8 (0xc709)
core   0: 0x80004b02 (0x00000106) c.slli  sp, 1
core   0: 3 0x80004b02 (0x0106) x 2 0x00000008
core   0: 0x80004b04 (0x01b55793) srli    a5, a0, 27
core   0: 3 0x80004b04 (0x01b55793) x15 0x00000010
core   0: 0x80004b08 (0x0251ce33) div     t3, gp, t0
core   0: 3 0x80004b08 (0x0251ce33) x28 0xffffffff
core   0: 0x80004b0c (0x00009ce2) c.add   s9, s8
core   0: 3 0x80004b0c (0x9ce2) x25 0xffe000e5
core   0: 0x80004b0e (0x022c4133) div     sp, s8, sp
core   0: 3 0x80004b0e (0x022c4133) x 2 0x00000007
core   0: 0x80004b12 (0x029a9b33) mulh    s6, s5, s1
core   0: 3 0x80004b12 (0x029a9b33) x22 0x00000000
core   0: 0x80004b16 (0x03497233) remu    tp, s2, s4
core   0: 3 0x80004b16 (0x03497233) x 4 0x0874bfff
core   0: 0x80004b1a (0x00000166) c.slli  sp, 25
core   0: 3 0x80004b1a (0x0166) x 2 0x0e000000
core   0: 0x80004b1c (0x0006cf63) bltz    a3, pc + 30
core   0: 3 0x80004b1c (0x0006cf63)
core   0: 0x80004b20 (0x03ac47b3) div     a5, s8, s10
core   0: 3 0x80004b20 (0x03ac47b3) x15 0x00000000
core   0: 0x80004b24 (0x000082d5) c.srli  a3, 21
core   0: 3 0x80004b24 (0x82d5) x13 0x00000000
core   0: 0x80004b26 (0x00000966) c.slli  s2, 25
core   0: 3 0x80004b26 (0x0966) x18 0xfe000000
core   0: 0x80004b28 (0x00008c61) c.and   s0, s0
core   0: 3 0x80004b28 (0x8c61) x 8 0x00000001
core   0: 0x80004b2a (0x00008f71) c.and   a4, a2
core   0: 3 0x80004b2a (0x8f71) x14 0x00000000
core   0: 0x80004b2c (0x000065f1) c.lui   a1, 0x1c
core   0: 3 0x80004b2c (0x65f1) x11 0x0001c000
core   0: 0x80004b2e (0x00008391) c.srli  a5, 4
core   0: 3 0x80004b2e (0x8391) x15 0x00000000
core   0: 0x80004b30 (0x00000914) c.addi4spn a3, sp, 144
core   0: 3 0x80004b30 (0x0914) x13 0x0e000090
core   0: 0x80004b32 (0x1bfbc393) xori    t2, s7, 447
core   0: 3 0x80004b32 (0x1bfbc393) x 7 0x000001bf
core   0: 0x80004b36 (0x41575c33) sra     s8, a4, s5
core   0: 3 0x80004b36 (0x41575c33) x24 0x00000000
core   0: 0x80004b3a (0x037dd9b3) divu    s3, s11, s7
core   0: 3 0x80004b3a (0x037dd9b3) x19 0xffffffff
core   0: 0x80004b3e (0x03ce0863) beq     t3, t3, pc + 48
core   0: 3 0x80004b3e (0x03ce0863)
core   0: 0x80004b6e (0x00008fd5) c.or    a5, a3
core   0: 3 0x80004b6e (0x8fd5) x15 0x0e000090
core   0: 0x80004b70 (0x00000c59) c.addi  s8, 22
core   0: 3 0x80004b70 (0x0c59) x24 0x00000016
core   0: 0x80004b72 (0x0078dc93) srli    s9, a7, 7
core   0: 3 0x80004b72 (0x0078dc93) x25 0x00000030
core   0: 0x80004b76 (0x028387b3) mul     a5, t2, s0
core   0: 3 0x80004b76 (0x028387b3) x15 0x000001bf
core   0: 0x80004b7a (0x00815013) srli    zero, sp, 8
core   0: 3 0x80004b7a (0x00815013)
core   0: 0x80004b7e (0x00006a99) c.lui   s5, 0x6
core   0: 3 0x80004b7e (0x6a99) x21 0x00006000
core   0: 0x80004b80 (0x0314a933) mulhsu  s2, s1, a7
core   0: 3 0x80004b80 (0x0314a933) x18 0x00000000
core   0: 0x80004b84 (0xa2ca6413) ori     s0, s4, -1492
core   0: 3 0x80004b84 (0xa2ca6413) x 8 0xfffffa2c
core   0: 0x80004b88 (0x00008de5) c.and   a1, s1
core   0: 3 0x80004b88 (0x8de5) x11 0x00000000
core   0: 0x80004b8a (0x0088a5b3) slt     a1, a7, s0
core   0: 3 0x80004b8a (0x0088a5b3) x11 0x00000000
core   0: 0x80004b8e (0xe6dcca37) lui     s4, 0xe6dcc
core   0: 3 0x80004b8e (0xe6dcca37) x20 0xe6dcc000
core   0: 0x80004b92 (0x02408433) mul     s0, ra, tp
core   0: 3 0x80004b92 (0x02408433) x 8 0x00000000
core   0: 0x80004b96 (0x0142c563) blt     t0, s4, pc + 10
core   0: 3 0x80004b96 (0x0142c563)
core   0: 0x80004b9a (0x00000001) c.nop
core   0: 3 0x80004b9a (0x0001)
core   0: 0x80004b9c (0x01da2a33) slt     s4, s4, t4
core   0: 3 0x80004b9c (0x01da2a33) x20 0x00000001
core   0: 0x80004ba0 (0x0000078e) c.slli  a5, 3
core   0: 3 0x80004ba0 (0x078e) x15 0x00000df8
core   0: 0x80004ba2 (0x40158ab3) sub     s5, a1, ra
core   0: 3 0x80004ba2 (0x40158ab3) x21 0x00000000
core   0: 0x80004ba6 (0x08b6af13) slti    t5, a3, 139
core   0: 3 0x80004ba6 (0x08b6af13) x30 0x00000000
core   0: 0x80004baa (0x40bf5e33) sra     t3, t5, a1
core   0: 3 0x80004baa (0x40bf5e33) x28 0x00000000
core   0: 0x80004bae (0x00008c5d) c.or    s0, a5
core   0: 3 0x80004bae (0x8c5d) x 8 0x00000df8
core   0: 0x80004bb0 (0x00a42933) slt     s2, s0, a0
core   0: 3 0x80004bb0 (0x00a42933) x18 0x00000000
core   0: 0x80004bb4 (0x01761c93) slli    s9, a2, 23
core   0: 3 0x80004bb4 (0x01761c93) x25 0x32000000
core   0: 0x80004bb8 (0x0000612d) c.addi16sp sp, 224
core   0: 3 0x80004bb8 (0x612d) x 2 0x0e0000e0
core   0: 0x80004bba (0x0000984e) c.add   a6, s3
core   0: 3 0x80004bba (0x984e) x16 0x40000fff
core   0: 0x80004bbc (0x019ddd33) srl     s10, s11, s9
core   0: 3 0x80004bbc (0x019ddd33) x26 0x4242e194
core   0: 0x80004bc0 (0x001cda13) srli    s4, s9, 1
core   0: 3 0x80004bc0 (0x001cda13) x20 0x19000000
core   0: 0x80004bc4 (0x00776a33) or      s4, a4, t2
core   0: 3 0x80004bc4 (0x00776a33) x20 0x000001bf
core   0: 0x80004bc8 (0x03eb6d33) rem     s10, s6, t5
core   0: 3 0x80004bc8 (0x03eb6d33) x26 0x00000000
core   0: 0x80004bcc (0x013799b3) sll     s3, a5, s3
core   0: 3 0x80004bcc (0x013799b3) x19 0x00000000
core   0: 0x80004bd0 (0x00000001) c.nop
core   0: 3 0x80004bd0 (0x0001)
core   0: 0x80004bd2 (0x403e5f33) sra     t5, t3, gp
core   0: 3 0x80004bd2 (0x403e5f33) x30 0x00000000
core   0: 0x80004bd6 (0x008a3ab3) sltu    s5, s4, s0
core   0: 3 0x80004bd6 (0x008a3ab3) x21 0x00000001
core   0: 0x80004bda (0x0164d7b3) srl     a5, s1, s6
core   0: 3 0x80004bda (0x0164d7b3) x15 0x00000000
core   0: 0x80004bde (0x00009abe) c.add   s5, a5
core   0: 3 0x80004bde (0x9abe) x21 0x00000001
core   0: 0x80004be0 (0x000007d5) c.addi  a5, 21
core   0: 3 0x80004be0 (0x07d5) x15 0x00000015
core   0: 0x80004be2 (0x01b7c333) xor     t1, a5, s11
core   0: 3 0x80004be2 (0x01b7c333) x 6 0x4242e181
core   0: 0x80004be6 (0x90548493) addi    s1, s1, -1787
core   0: 3 0x80004be6 (0x90548493) x 9 0xfffff905
core   0: 0x80004bea (0x00006f19) c.lui   t5, 0x6
core   0: 3 0x80004bea (0x6f19) x30 0x00006000
core   0: 0x80004bec (0x02d41163) bne     s0, a3, pc + 34
core   0: 3 0x80004bec (0x02d41163)
core   0: 0x80004c0e (0x03da93b3) mulh    t2, s5, t4
core   0: 3 0x80004c0e (0x03da93b3) x 7 0xffffffff
core   0: 0x80004c12 (0x07b7ce63) blt     a5, s11, pc + 124
core   0: 3 0x80004c12 (0x07b7ce63)
core   0: 0x80004c8e (0x00008df1) c.and   a1, a2
core   0: 3 0x80004c8e (0x8df1) x11 0x00000000
core   0: 0x80004c90 (0x03853bb3) mulhu   s7, a0, s8
core   0: 3 0x80004c90 (0x03853bb3) x23 0x0000000b
core   0: 0x80004c94 (0x00008f29) c.xor   a4, a0
core   0: 3 0x80004c94 (0x8f29) x14 0x80029ce4
core   0: 0x80004c96 (0x00555f63) bge     a0, t0, pc + 30
core   0: 3 0x80004c96 (0x00555f63)
core   0: 0x80004c9a (0x00ae91b3) sll     gp, t4, a0
core   0: 3 0x80004c9a (0x00ae91b3) x 3 0xffffd630
core   0: 0x80004c9e (0x69b6ef93) ori     t6, a3, 1691
core   0: 3 0x80004c9e (0x69b6ef93) x31 0x0e00069b
core   0: 0x80004ca2 (0x0000089c) c.addi4spn a5, sp, 80
core   0: 3 0x80004ca2 (0x089c) x15 0x0e000130
core   0: 0x80004ca4 (0x3e9aeb13) ori     s6, s5, 1001
core   0: 3 0x80004ca4 (0x3e9aeb13) x22 0x000003e9
core   0: 0x80004ca8 (0x01281433) sll     s0, a6, s2
core   0: 3 0x80004ca8 (0x01281433) x 8 0x40000fff
core   0: 0x80004cac (0xe2cbf013) andi    zero, s7, -468
core   0: 3 0x80004cac (0xe2cbf013)
core   0: 0x80004cb0 (0x0000100f) fence.i
core   0: 3 0x80004cb0 (0x0000100f)
core   0: 0x80004cb4 (0x00000f80) c.addi4spn s0, sp, 976
core   0: 3 0x80004cb4 (0x0f80) x 8 0x0e0004b0
core   0: 0x80004cb6 (0x00000001) c.nop
core   0: 3 0x80004cb6 (0x0001)
core   0: 0x80004cb8 (0x00000001) c.nop
core   0: 3 0x80004cb8 (0x0001)
core   0: 0x80004cba (0x02195163) bge     s2, ra, pc + 34
core   0: 3 0x80004cba (0x02195163)
core   0: 0x80004cdc (0x01a84fb3) xor     t6, a6, s10
core   0: 3 0x80004cdc (0x01a84fb3) x31 0x40000fff
core   0: 0x80004ce0 (0x021f82b3) mul     t0, t6, ra
core   0: 3 0x80004ce0 (0x021f82b3) x 5 0x00000000
core   0: 0x80004ce4 (0x00008df1) c.and   a1, a2
core   0: 3 0x80004ce4 (0x8df1) x11 0x00000000
core   0: 0x80004ce6 (0x00000001) c.nop
core   0: 3 0x80004ce6 (0x0001)
core   0: 0x80004ce8 (0x0ff0000f) fence   iorw,iorw
core   0: 3 0x80004ce8 (0x0ff0000f)
core   0: 0x80004cec (0x01066b33) or      s6, a2, a6
core   0: 3 0x80004cec (0x01066b33) x22 0xc0025fff
core   0: 0x80004cf0 (0x0000c1ad) c.beqz  a1, pc + 98
core   0: 3 0x80004cf0 (0xc1ad)
core   0: 0x80004d52 (0x03e18d33) mul     s10, gp, t5
core   0: 3 0x80004d52 (0x03e18d33) x26 0xf0520000
core   0: 0x80004d56 (0x03b3e663) bltu    t2, s11, pc + 44
core   0: 3 0x80004d56 (0x03b3e663)
core   0: 0x80004d5a (0x41d20cb3) sub     s9, tp, t4
core   0: 3 0x80004d5a (0x41d20cb3) x25 0x0874c29c
core   0: 0x80004d5e (0x01e0ccb3) xor     s9, ra, t5
core   0: 3 0x80004d5e (0x01e0ccb3) x25 0x00006000
core   0: 0x80004d62 (0x0000100f) fence.i
core   0: 3 0x80004d62 (0x0000100f)
core   0: 0x80004d66 (0x000010fd) c.addi  ra, -1
core   0: 3 0x80004d66 (0x10fd) x 1 0xffffffff
core   0: 0x80004d68 (0x01dcd563) bge     s9, t4, pc + 10
core   0: 3 0x80004d68 (0x01dcd563)
core   0: 0x80004d72 (0x028fb9b3) mulhu   s3, t6, s0
core   0: 3 0x80004d72 (0x028fb9b3) x19 0x0380020b
core   0: 0x80004d76 (0x032384b3) mul     s1, t2, s2
core   0: 3 0x80004d76 (0x032384b3) x 9 0x00000000
core   0: 0x80004d7a (0x0000717d) c.addi16sp sp, -16
core   0: 3 0x80004d7a (0x717d) x 2 0x0e0000d0
core   0: 0x80004d7c (0x00008c41) c.or    s0, s0
core   0: 3 0x80004d7c (0x8c41) x 8 0x0e0004b0
core   0: 0x80004d7e (0x02e8fe33) remu    t3, a7, a4
core   0: 3 0x80004d7e (0x02e8fe33) x28 0x00001800
core   0: 0x80004d82 (0x00d3c763) blt     t2, a3, pc + 14
core   0: 3 0x80004d82 (0x00d3c763)
core   0: 0x80004d90 (0x00008c4d) c.or    s0, a1
core   0: 3 0x80004d90 (0x8c4d) x 8 0x0e0004b0
core   0: 0x80004d92 (0x01eb9213) slli    tp, s7, 30
core   0: 3 0x80004d92 (0x01eb9213) x 4 0xc0000000
core   0: 0x80004d96 (0x00000001) c.nop
core   0: 3 0x80004d96 (0x0001)
core   0: 0x80004d98 (0x44f48993) addi    s3, s1, 1103
core   0: 3 0x80004d98 (0x44f48993) x19 0x0000044f
core   0: 0x80004d9c (0x019a5e93) srli    t4, s4, 25
core   0: 3 0x80004d9c (0x019a5e93) x29 0x00000000
core   0: 0x80004da0 (0x0266dfb3) divu    t6, a3, t1
core   0: 3 0x80004da0 (0x0266dfb3) x31 0x00000000
core   0: 0x80004da4 (0x018eb2b3) sltu    t0, t4, s8
core   0: 3 0x80004da4 (0x018eb2b3) x 5 0x00000001
core   0: 0x80004da8 (0x3758fa13) andi    s4, a7, 885
core   0: 3 0x80004da8 (0x3758fa13) x20 0x00000000
core   0: 0x80004dac (0x0355b733) mulhu   a4, a1, s5
core   0: 3 0x80004dac (0x0355b733) x14 0x00000000
core   0: 0x80004db0 (0x03432eb3) mulhsu  t4, t1, s4
core   0: 3 0x80004db0 (0x03432eb3) x29 0x00000000
core   0: 0x80004db4 (0x01812433) slt     s0, sp, s8
core   0: 3 0x80004db4 (0x01812433) x 8 0x00000000
core   0: 0x80004db8 (0x0ff0000f) fence   iorw,iorw
core   0: 3 0x80004db8 (0x0ff0000f)
core   0: 0x80004dbc (0x00009fca) c.add   t6, s2
core   0: 3 0x80004dbc (0x9fca) x31 0x00000000
core   0: 0x80004dbe (0x00008f75) c.and   a4, a3
core   0: 3 0x80004dbe (0x8f75) x14 0x00000000
core   0: 0x80004dc0 (0x0000100f) fence.i
core   0: 3 0x80004dc0 (0x0000100f)
core   0: 0x80004dc4 (0x0011d263) bge     gp, ra, pc + 4
core   0: 3 0x80004dc4 (0x0011d263)
core   0: 0x80004dc8 (0x009785b3) add     a1, a5, s1
core   0: 3 0x80004dc8 (0x009785b3) x11 0x0e000130
core   0: 0x80004dcc (0x034df233) remu    tp, s11, s4
core   0: 3 0x80004dcc (0x034df233) x 4 0x4242e194
core   0: 0x80004dd0 (0x00000001) c.nop
core   0: 3 0x80004dd0 (0x0001)
core   0: 0x80004dd2 (0xb6ad3c13) sltiu   s8, s10, -1174
core   0: 3 0x80004dd2 (0xb6ad3c13) x24 0x00000001
core   0: 0x80004dd6 (0x78582c93) slti    s9, a6, 1925
core   0: 3 0x80004dd6 (0x78582c93) x25 0x00000000
core   0: 0x80004dda (0x00008c11) c.sub   s0, a2
core   0: 3 0x80004dda (0x8c11) x 8 0x7ffda19c
core   0: 0x80004ddc (0x00009e86) c.add   t4, ra
core   0: 3 0x80004ddc (0x9e86) x29 0xffffffff
core   0: 0x80004dde (0x041d1063) bne     s10, ra, pc + 64
core   0: 3 0x80004dde (0x041d1063)
core   0: 0x80004e1e (0x01e3c363) blt     t2, t5, pc + 6
core   0: 3 0x80004e1e (0x01e3c363)
core   0: 0x80004e24 (0x0000e791) c.bnez  a5, pc + 12
core   0: 3 0x80004e24 (0xe791)
core   0: 0x80004e30 (0x01d9c433) xor     s0, s3, t4
core   0: 3 0x80004e30 (0x01d9c433) x 8 0xfffffbb0
core   0: 0x80004e34 (0x0319c033) div     zero, s3, a7
core   0: 3 0x80004e34 (0x0319c033)
core   0: 0x80004e38 (0x013e0ab3) add     s5, t3, s3
core   0: 3 0x80004e38 (0x013e0ab3) x21 0x00001c4f
core   0: 0x80004e3c (0x00f8d663) bge     a7, a5, pc + 12
core   0: 3 0x80004e3c (0x00f8d663)
core   0: 0x80004e40 (0x000093ae) c.add   t2, a1
core   0: 3 0x80004e40 (0x93ae) x 7 0x0e00012f
core   0: 0x80004e42 (0x00008c29) c.xor   s0, a0
core   0: 3 0x80004e42 (0x8c29) x 8 0x7ffd6754
core   0: 0x80004e44 (0x00298f33) add     t5, s3, sp
core   0: 3 0x80004e44 (0x00298f33) x30 0x0e00051f
core   0: 0x80004e48 (0x78637893) andi    a7, t1, 1926
core   0: 3 0x80004e48 (0x78637893) x17 0x00000180
core   0: 0x80004e4c (0x0353cb33) div     s6, t2, s5
core   0: 3 0x80004e4c (0x0353cb33) x22 0x00007e9a
core   0: 0x80004e50 (0x03e7f263) bgeu    a5, t5, pc + 36
core   0: 3 0x80004e50 (0x03e7f263)
core   0: 0x80004e54 (0x0ff0000f) fence   iorw,iorw
core   0: 3 0x80004e54 (0x0ff0000f)
core   0: 0x80004e58 (0x0000e311) c.bnez  a4, pc + 4
core   0: 3 0x80004e58 (0xe311)
core   0: 0x80004e5a (0x00009b7d) c.andi  a4, -1
core   0: 3 0x80004e5a (0x9b7d) x14 0x00000000
core   0: 0x80004e5c (0x40748cb3) sub     s9, s1, t2
core   0: 3 0x80004e5c (0x40748cb3) x25 0xf1fffed1
core   0: 0x80004e60 (0x02ce35b3) mulhu   a1, t3, a2
core   0: 3 0x80004e60 (0x02ce35b3) x11 0x00000c00
core   0: 0x80004e64 (0x0000717d) c.addi16sp sp, -16
core   0: 3 0x80004e64 (0x717d) x 2 0x0e0000c0
core   0: 0x80004e66 (0x000000f6) c.slli  ra, 29
core   0: 3 0x80004e66 (0x00f6) x 1 0xe0000000
core   0: 0x80004e68 (0x03c2c5b3) div     a1, t0, t3
core   0: 3 0x80004e68 (0x03c2c5b3) x11 0x00000000
core   0: 0x80004e6c (0x00837f63) bgeu    t1, s0, pc + 30
core   0: 3 0x80004e6c (0x00837f63)
core   0: 0x80004e70 (0x01144f33) xor     t5, s0, a7
core   0: 3 0x80004e70 (0x01144f33) x30 0x7ffd66d4
core   0: 0x80004e74 (0x00151a13) slli    s4, a0, 1
core   0: 3 0x80004e74 (0x00151a13) x20 0x000539c8
core   0: 0x80004e78 (0x01a09b33) sll     s6, ra, s10
core   0: 3 0x80004e78 (0x01a09b33) x22 0xe0000000
core   0: 0x80004e7c (0x000006ea) c.slli  a3, 26
core   0: 3 0x80004e7c (0x06ea) x13 0x40000000
core   0: 0x80004e7e (0x2d756f13) ori     t5, a0, 727
core   0: 3 0x80004e7e (0x2d756f13) x30 0x80029ef7
core   0: 0x80004e82 (0x0117eb33) or      s6, a5, a7
core   0: 3 0x80004e82 (0x0117eb33) x22 0x0e0001b0
core   0: 0x80004e86 (0x9e938713) addi    a4, t2, -1559
core   0: 3 0x80004e86 (0x9e938713) x14 0x0dfffb18
core   0: 0x80004e8a (0x022a8263) beq     s5, sp, pc + 36
core   0: 3 0x80004e8a (0x022a8263)
core   0: 0x80004e8e (0x0071fb33) and     s6, gp, t2
core   0: 3 0x80004e8e (0x0071fb33) x22 0x0e000020
core   0: 0x80004e92 (0x00008f3d) c.xor   a4, a5
core   0: 3 0x80004e92 (0x8f3d) x14 0x03fffa28
core   0: 0x80004e94 (0x0079f5b3) and     a1, s3, t2
core   0: 3 0x80004e94 (0x0079f5b3) x11 0x0000000f
core   0: 0x80004e98 (0x032cb6b3) mulhu   a3, s9, s2
core   0: 3 0x80004e98 (0x032cb6b3) x13 0x00000000
core   0: 0x80004e9c (0x0000e309) c.bnez  a4, pc + 2
core   0: 3 0x80004e9c (0xe309)
core   0: 0x80004e9e (0x00008c95) c.sub   s1, a3
core   0: 3 0x80004e9e (0x8c95) x 9 0x00000000
core   0: 0x80004ea0 (0x1c58bf97) auipc   t6, 0x1c58b
core   0: 3 0x80004ea0 (0x1c58bf97) x31 0x9c58fea0
core   0: 0x80004ea4 (0x00000001) c.nop
core   0: 3 0x80004ea4 (0x0001)
core   0: 0x80004ea6 (0x0422f317) auipc   t1, 0x422f
core   0: 3 0x80004ea6 (0x0422f317) x 6 0x84233ea6
core   0: 0x80004eaa (0x03291b33) mulh    s6, s2, s2
core   0: 3 0x80004eaa (0x03291b33) x22 0x00000000
core   0: 0x80004eae (0x0ac12f93) slti    t6, sp, 172
core   0: 3 0x80004eae (0x0ac12f93) x31 0x00000000
core   0: 0x80004eb2 (0x00000001) c.nop
core   0: 3 0x80004eb2 (0x0001)
core   0: 0x80004eb4 (0x00008ccd) c.or    s1, a1
core   0: 3 0x80004eb4 (0x8ccd) x 9 0x0000000f
core   0: 0x80004eb6 (0x4467fb97) auipc   s7, 0x4467f
core   0: 3 0x80004eb6 (0x4467fb97) x23 0xc4683eb6
core   0: 0x80004eba (0x0000e009) c.bnez  s0, pc + 2
core   0: 3 0x80004eba (0xe009)
core   0: 0x80004ebc (0x00029c63) bnez    t0, pc + 24
core   0: 3 0x80004ebc (0x00029c63)
core   0: 0x80004ed4 (0x5be8f293) andi    t0, a7, 1470
core   0: 3 0x80004ed4 (0x5be8f293) x 5 0x00000180
core   0: 0x80004ed8 (0x419c05b3) sub     a1, s8, s9
core   0: 3 0x80004ed8 (0x419c05b3) x11 0x0e000130
core   0: 0x80004edc (0x2f964e93) xori    t4, a2, 761
core   0: 3 0x80004edc (0x2f964e93) x29 0x80025c9d
core   0: 0x80004ee0 (0x6ec35237) lui     tp, 0x6ec35
core   0: 3 0x80004ee0 (0x6ec35237) x 4 0x6ec35000
core   0: 0x80004ee4 (0xcee28813) addi    a6, t0, -786
core   0: 3 0x80004ee4 (0xcee28813) x16 0xfffffe6e
core   0: 0x80004ee8 (0x00008359) c.srli  a4, 22
core   0: 3 0x80004ee8 (0x8359) x14 0x0000000f
core   0: 0x80004eea (0x00008ca9) c.xor   s1, a0
core   0: 3 0x80004eea (0x8ca9) x 9 0x80029ceb
core   0: 0x80004eec (0x016e5733) srl     a4, t3, s6
core   0: 3 0x80004eec (0x016e5733) x14 0x00001800
core   0: 0x80004ef0 (0x021b4bb3) div     s7, s6, ra
core   0: 3 0x80004ef0 (0x021b4bb3) x23 0x00000000
core   0: 0x80004ef4 (0x00008f35) c.xor   a4, a3
core   0: 3 0x80004ef4 (0x8f35) x14 0x00001800
core   0: 0x80004ef6 (0x01715bb3) srl     s7, sp, s7
core   0: 3 0x80004ef6 (0x01715bb3) x23 0x0e0000c0
core   0: 0x80004efa (0x00009afd) c.andi  a3, -1
core   0: 3 0x80004efa (0x9afd) x13 0x00000000
core   0: 0x80004efc (0x0000cf91) c.beqz  a5, pc + 28
core   0: 3 0x80004efc (0xcf91)
core   0: 0x80004efe (0x00827663) bgeu    tp, s0, pc + 12
core   0: 3 0x80004efe (0x00827663)
core   0: 0x80004f02 (0x233f8a93) addi    s5, t6, 563
core   0: 3 0x80004f02 (0x233f8a93) x21 0x00000233
core   0: 0x80004f06 (0x023b0363) beq     s6, gp, pc + 38
core   0: 3 0x80004f06 (0x023b0363)
core   0: 0x80004f0a (0x00cdfc63) bgeu    s11, a2, pc + 24
core   0: 3 0x80004f0a (0x00cdfc63)
core   0: 0x80004f0e (0x00008162) c.mv    sp, s8
core   0: 3 0x80004f0e (0x8162) x 2 0x00000001
core   0: 0x80004f10 (0x01a7b1b3) sltu    gp, a5, s10
core   0: 3 0x80004f10 (0x01a7b1b3) x 3 0x00000001
core   0: 0x80004f14 (0x0ff0000f) fence   iorw,iorw
core   0: 3 0x80004f14 (0x0ff0000f)
core   0: 0x80004f18 (0xcec00137) lui     sp, 0xcec00
core   0: 3 0x80004f18 (0xcec00137) x 2 0xcec00000
core   0: 0x80004f1c (0x49a08b17) auipc   s6, 0x49a08
core   0: 3 0x80004f1c (0x49a08b17) x22 0xc9a0cf1c
core   0: 0x80004f20 (0x00006ea1) c.lui   t4, 0x8
core   0: 3 0x80004f20 (0x6ea1) x29 0x00008000
core   0: 0x80004f22 (0x00008079) c.srli  s0, 30
core   0: 3 0x80004f22 (0x8079) x 8 0x00000001
core   0: 0x80004f24 (0x03bae3b3) rem     t2, s5, s11
core   0: 3 0x80004f24 (0x03bae3b3) x 7 0x00000233
core   0: 0x80004f28 (0x00000001) c.nop
core   0: 3 0x80004f28 (0x0001)
core   0: 0x80004f2a (0x0000987d) c.andi  s0, -1
core   0: 3 0x80004f2a (0x987d) x 8 0x00000001
core   0: 0x80004f2c (0x0396c933) div     s2, a3, s9
core   0: 3 0x80004f2c (0x0396c933) x18 0x00000000
core   0: 0x80004f30 (0x0000987d) c.andi  s0, -1
core   0: 3 0x80004f30 (0x987d) x 8 0x00000001
core   0: 0x80004f32 (0x79b7b193) sltiu   gp, a5, 1947
core   0: 3 0x80004f32 (0x79b7b193) x 3 0x00000000
core   0: 0x80004f36 (0x03e3f9b3) remu    s3, t2, t5
core   0: 3 0x80004f36 (0x03e3f9b3) x19 0x00000233
core   0: 0x80004f3a (0x00009966) c.add   s2, s9
core   0: 3 0x80004f3a (0x9966) x18 0xf1fffed1
core   0: 0x80004f3c (0x0000cf09) c.beqz  a4, pc + 26
core   0: 3 0x80004f3c (0xcf09)
core   0: 0x80004f3e (0x03a28033) mul     zero, t0, s10
core   0: 3 0x80004f3e (0x03a28033)
core   0: 0x80004f42 (0x00000001) c.nop
core   0: 3 0x80004f42 (0x0001)
core   0: 0x80004f44 (0x0255d6b3) divu    a3, a1, t0
core   0: 3 0x80004f44 (0x0255d6b3) x13 0x00095556
core   0: 0x80004f48 (0x00008c61) c.and   s0, s0
core   0: 3 0x80004f48 (0x8c61) x 8 0x00000001
core   0: 0x80004f4a (0x00c46863) bltu    s0, a2, pc + 16
core   0: 3 0x80004f4a (0x00c46863)
core   0: 0x80004f5a (0x00008f5a) c.mv    t5, s6
core   0: 3 0x80004f5a (0x8f5a) x30 0xc9a0cf1c
core   0: 0x80004f5c (0x5484ac93) slti    s9, s1, 1352
core   0: 3 0x80004f5c (0x5484ac93) x25 0x00000001
core   0: 0x80004f60 (0x012ed463) bge     t4, s2, pc + 8
core   0: 3 0x80004f60 (0x012ed463)
core   0: 0x80004f68 (0x00000946) c.slli  s2, 17
core   0: 3 0x80004f68 (0x0946) x18 0xfda20000
core   0: 0x80004f6a (0x01e74c33) xor     s8, a4, t5
core   0: 3 0x80004f6a (0x01e74c33) x24 0xc9a0d71c
core   0: 0x80004f6e (0xedf9f713) andi    a4, s3, -289
core   0: 3 0x80004f6e (0xedf9f713) x14 0x00000213
core   0: 0x80004f72 (0x02ba4933) div     s2, s4, a1
core   0: 3 0x80004f72 (0x02ba4933) x18 0x00000000
core   0: 0x80004f76 (0x0000e88d) c.bnez  s1, pc + 50
core   0: 3 0x80004f76 (0xe88d)
core   0: 0x80004fa8 (0x00e07033) and     zero, zero, a4
core   0: 3 0x80004fa8 (0x00e07033)
core   0: 0x80004fac (0x00bb9b63) bne     s7, a1, pc + 22
core   0: 3 0x80004fac (0x00bb9b63)
core   0: 0x80004fc2 (0x41e60233) sub     tp, a2, t5
core   0: 3 0x80004fc2 (0x41e60233) x 4 0xb6618f48
core   0: 0x80004fc6 (0x75befb37) lui     s6, 0x75bef
core   0: 3 0x80004fc6 (0x75befb37) x22 0x75bef000
core   0: 0x80004fca (0x000083c5) c.srli  a5, 17
core   0: 3 0x80004fca (0x83c5) x15 0x00000700
core   0: 0x80004fcc (0x05dc7063) bgeu    s8, t4, pc + 64
core   0: 3 0x80004fcc (0x05dc7063)
core   0: 0x8000500c (0x03f5af33) mulhsu  t5, a1, t6
core   0: 3 0x8000500c (0x03f5af33) x30 0x00000000
core   0: 0x80005010 (0x005c9563) bne     s9, t0, pc + 10
core   0: 3 0x80005010 (0x005c9563)
core   0: 0x8000501a (0x00000001) c.nop
core   0: 3 0x8000501a (0x0001)
core   0: 0x8000501c (0x0000100f) fence.i
core   0: 3 0x8000501c (0x0000100f)
core   0: 0x80005020 (0x00008759) c.srai  a4, 22
core   0: 3 0x80005020 (0x8759) x14 0x00000000
core   0: 0x80005022 (0x00008e89) c.sub   a3, a0
core   0: 3 0x80005022 (0x8e89) x13 0x8006b872
core   0: 0x80005024 (0x00a10bb3) add     s7, sp, a0
core   0: 3 0x80005024 (0x00a10bb3) x23 0x4ec29ce4
core   0: 0x80005028 (0x02fd8f63) beq     s11, a5, pc + 62
core   0: 3 0x80005028 (0x02fd8f63)
core   0: 0x8000502c (0x00008585) c.srai  a1, 1
core   0: 3 0x8000502c (0x8585) x11 0x07000098
core   0: 0x8000502e (0x0000c895) c.beqz  s1, pc + 52
core   0: 3 0x8000502e (0xc895)
core   0: 0x80005030 (0x0000e689) c.bnez  a3, pc + 10
core   0: 3 0x80005030 (0xe689)
core   0: 0x8000503a (0x00790033) add     zero, s2, t2
core   0: 3 0x8000503a (0x00790033)
core   0: 0x8000503e (0x035dc9b3) div     s3, s11, s5
core   0: 3 0x8000503e (0x035dc9b3) x19 0x001e2123
core   0: 0x80005042 (0x01c37463) bgeu    t1, t3, pc + 8
core   0: 3 0x80005042 (0x01c37463)
core   0: 0x8000504a (0x01f1d813) srli    a6, gp, 31
core   0: 3 0x8000504a (0x01f1d813) x16 0x00000000
core   0: 0x8000504e (0x01321463) bne     tp, s3, pc + 8
core   0: 3 0x8000504e (0x01321463)
core   0: 0x80005056 (0xebb1c5b7) lui     a1, 0xebb1c
core   0: 3 0x80005056 (0xebb1c5b7) x11 0xebb1c000
core   0: 0x8000505a (0x411182b3) sub     t0, gp, a7
core   0: 3 0x8000505a (0x411182b3) x 5 0xfffffe80
core   0: 0x8000505e (0x00aaaeb3) slt     t4, s5, a0
core   0: 3 0x8000505e (0x00aaaeb3) x29 0x00000000
core   0: 0x80005062 (0x030424b3) mulhsu  s1, s0, a6
core   0: 3 0x80005062 (0x030424b3) x 9 0x00000000
core   0: 0x80005066 (0x0000100f) fence.i
core   0: 3 0x80005066 (0x0000100f)
core   0: 0x8000506a (0x01354263) blt     a0, s3, pc + 4
core   0: 3 0x8000506a (0x01354263)
core   0: 0x8000506e (0x00008f55) c.or    a4, a3
core   0: 3 0x8000506e (0x8f55) x14 0x8006b872
core   0: 0x80005070 (0xc88a3593) sltiu   a1, s4, -888
core   0: 3 0x80005070 (0xc88a3593) x11 0x00000001
core   0: 0x80005074 (0x11643413) sltiu   s0, s0, 278
core   0: 3 0x80005074 (0x11643413) x 8 0x00000001
core   0: 0x80005078 (0x00000b94) c.addi4spn a3, sp, 464
core   0: 3 0x80005078 (0x0b94) x13 0xcec001d0
core   0: 0x8000507a (0x014edc13) srli    s8, t4, 20
core   0: 3 0x8000507a (0x014edc13) x24 0x00000000
core   0: 0x8000507e (0x00c9a8b3) slt     a7, s3, a2
core   0: 3 0x8000507e (0x00c9a8b3) x17 0x00000000
core   0: 0x80005082 (0x0015c233) xor     tp, a1, ra
core   0: 3 0x80005082 (0x0015c233) x 4 0xe0000001
core   0: 0x80005086 (0x01487433) and     s0, a6, s4
core   0: 3 0x80005086 (0x01487433) x 8 0x00000000
core   0: 0x8000508a (0x000095e6) c.add   a1, s9
core   0: 3 0x8000508a (0x95e6) x11 0x00000002
core   0: 0x8000508c (0x0000877d) c.srai  a4, 31
core   0: 3 0x8000508c (0x877d) x14 0xffffffff
core   0: 0x8000508e (0x02127933) remu    s2, tp, ra
core   0: 3 0x8000508e (0x02127933) x18 0x00000001
core   0: 0x80005092 (0x013f1893) slli    a7, t5, 19
core   0: 3 0x80005092 (0x013f1893) x17 0x00000000
core   0: 0x80005096 (0x018a1863) bne     s4, s8, pc + 16
core   0: 3 0x80005096 (0x018a1863)
core   0: 0x800050a6 (0x03302b33) mulhsu  s6, zero, s3
core   0: 3 0x800050a6 (0x03302b33) x22 0x00000000
core   0: 0x800050aa (0x012f8763) beq     t6, s2, pc + 14
core   0: 3 0x800050aa (0x012f8763)
core   0: 0x800050ae (0x61e86297) auipc   t0, 0x61e86
core   0: 3 0x800050ae (0x61e86297) x 5 0xe1e8b0ae
core   0: 0x800050b2 (0x00008f1e) c.mv    t5, t2
core   0: 3 0x800050b2 (0x8f1e) x30 0x00000233
core   0: 0x800050b4 (0x4f87c213) xori    tp, a5, 1272
core   0: 3 0x800050b4 (0x4f87c213) x 4 0x000003f8
core   0: 0x800050b8 (0x000082b1) c.srli  a3, 12
core   0: 3 0x800050b8 (0x82b1) x13 0x000cec00
core   0: 0x800050ba (0x025d8b63) beq     s11, t0, pc + 54
core   0: 3 0x800050ba (0x025d8b63)
core   0: 0x800050be (0x0000117d) c.addi  sp, -1
core   0: 3 0x800050be (0x117d) x 2 0xcebfffff
core   0: 0x800050c0 (0x0187da33) srl     s4, a5, s8
core   0: 3 0x800050c0 (0x0187da33) x20 0x00000700
core   0: 0x800050c4 (0x000056b3) srl     a3, zero, zero
core   0: 3 0x800050c4 (0x000056b3) x13 0x00000000
core   0: 0x800050c8 (0x00000001) c.nop
core   0: 3 0x800050c8 (0x0001)
core   0: 0x800050ca (0x00008cd9) c.or    s1, a4
core   0: 3 0x800050ca (0x8cd9) x 9 0xffffffff
core   0: 0x800050cc (0xcf4df993) andi    s3, s11, -780
core   0: 3 0x800050cc (0xcf4df993) x19 0x4242e094
core   0: 0x800050d0 (0x81baf693) andi    a3, s5, -2021
core   0: 3 0x800050d0 (0x81baf693) x13 0x00000013
core   0: 0x800050d4 (0x01fcfbb3) and     s7, s9, t6
core   0: 3 0x800050d4 (0x01fcfbb3) x23 0x00000000
core   0: 0x800050d8 (0x00006139) c.addi16sp sp, 448
core   0: 3 0x800050d8 (0x6139) x 2 0xcec001bf
core   0: 0x800050da (0x00008345) c.srli  a4, 17
core   0: 3 0x800050da (0x8345) x14 0x00007fff
core   0: 0x800050dc (0x000083b9) c.srli  a5, 14
core   0: 3 0x800050dc (0x83b9) x15 0x00000000
core   0: 0x800050de (0x00773eb3) sltu    t4, a4, t2
core   0: 3 0x800050de (0x00773eb3) x29 0x00000000
core   0: 0x800050e2 (0x0ff0000f) fence   iorw,iorw
core   0: 3 0x800050e2 (0x0ff0000f)
core   0: 0x800050e6 (0xf5bdf413) andi    s0, s11, -165
core   0: 3 0x800050e6 (0xf5bdf413) x 8 0x4242e110
core   0: 0x800050ea (0x000060c9) c.lui   ra, 0x12
core   0: 3 0x800050ea (0x60c9) x 1 0x00012000
core   0: 0x800050ec (0x0ff0000f) fence   iorw,iorw
core   0: 3 0x800050ec (0x0ff0000f)
core   0: 0x800050f0 (0x0265d9b3) divu    s3, a1, t1
core   0: 3 0x800050f0 (0x0265d9b3) x19 0x00000000
core   0: 0x800050f4 (0x0000c085) c.beqz  s1, pc + 32
core   0: 3 0x800050f4 (0xc085)
core   0: 0x800050f6 (0x00001cfd) c.addi  s9, -1
core   0: 3 0x800050f6 (0x1cfd) x25 0x00000000
core   0: 0x800050f8 (0x04249163) bne     s1, sp, pc + 66
core   0: 3 0x800050f8 (0x04249163)
core   0: 0x8000513a (0x00008c41) c.or    s0, s0
core   0: 3 0x8000513a (0x8c41) x 8 0x4242e110
core   0: 0x8000513c (0x0000987d) c.andi  s0, -1
core   0: 3 0x8000513c (0x987d) x 8 0x4242e110
core   0: 0x8000513e (0x00b290b3) sll     ra, t0, a1
core   0: 3 0x8000513e (0x00b290b3) x 1 0x87a2c2b8
core   0: 0x80005142 (0x0000717d) c.addi16sp sp, -16
core   0: 3 0x80005142 (0x717d) x 2 0xcec001af
core   0: 0x80005144 (0x00004ca5) c.li    s9, 9
core   0: 3 0x80005144 (0x4ca5) x25 0x00000009
core   0: 0x80005146 (0x00008acd) c.andi  a3, 19
core   0: 3 0x80005146 (0x8acd) x13 0x00000013
core   0: 0x80005148 (0x00008f99) c.sub   a5, a4
core   0: 3 0x80005148 (0x8f99) x15 0xffff8001
core   0: 0x8000514a (0x01d24a33) xor     s4, tp, t4
core   0: 3 0x8000514a (0x01d24a33) x20 0x000003f8
core   0: 0x8000514e (0x03c88c33) mul     s8, a7, t3
core   0: 3 0x8000514e (0x03c88c33) x24 0x00000000
core   0: 0x80005152 (0x00008c11) c.sub   s0, a2
core   0: 3 0x80005152 (0x8c11) x 8 0xc24082ac
core   0: 0x80005154 (0x00000001) c.nop
core   0: 3 0x80005154 (0x0001)
core   0: 0x80005156 (0x01b52413) slti    s0, a0, 27
core   0: 3 0x80005156 (0x01b52413) x 8 0x00000001
core   0: 0x8000515a (0x9f9e6d13) ori     s10, t3, -1543
core   0: 3 0x8000515a (0x9f9e6d13) x26 0xfffff9f9
core   0: 0x8000515e (0x03b2d3b3) divu    t2, t0, s11
core   0: 3 0x8000515e (0x03b2d3b3) x 7 0x00000003
core   0: 0x80005162 (0x012c6cb3) or      s9, s8, s2
core   0: 3 0x80005162 (0x012c6cb3) x25 0x00000001
core   0: 0x80005166 (0x41848f33) sub     t5, s1, s8
core   0: 3 0x80005166 (0x41848f33) x30 0xffffffff
core   0: 0x8000516a (0x0000717d) c.addi16sp sp, -16
core   0: 3 0x8000516a (0x717d) x 2 0xcec0019f
core   0: 0x8000516c (0x003a1963) bne     s4, gp, pc + 18
core   0: 3 0x8000516c (0x003a1963)
core   0: 0x8000517e (0x00a1d233) srl     tp, gp, a0
core   0: 3 0x8000517e (0x00a1d233) x 4 0x00000000
core   0: 0x80005182 (0x00008ca9) c.xor   s1, a0
core   0: 3 0x80005182 (0x8ca9) x 9 0x7ffd631b
core   0: 0x80005184 (0x8beb3497) auipc   s1, 0x8beb3
core   0: 3 0x80005184 (0x8beb3497) x 9 0x0beb8184
core   0: 0x80005188 (0x037f72b3) remu    t0, t5, s7
core   0: 3 0x80005188 (0x037f72b3) x 5 0xffffffff
core   0: 0x8000518c (0x0000ec01) c.bnez  s0, pc + 24
core   0: 3 0x8000518c (0xec01)
core   0: 0x800051a4 (0x901bc593) xori    a1, s7, -1791
core   0: 3 0x800051a4 (0x901bc593) x11 0xfffff901
core   0: 0x800051a8 (0x030d1cb3) mulh    s9, s10, a6
core   0: 3 0x800051a8 (0x030d1cb3) x25 0x00000000
core   0: 0x800051ac (0x00008462) c.mv    s0, s8
core   0: 3 0x800051ac (0x8462) x 8 0x00000000
core   0: 0x800051ae (0x02da7f33) remu    t5, s4, a3
core   0: 3 0x800051ae (0x02da7f33) x30 0x00000009
core   0: 0x800051b2 (0x0000100f) fence.i
core   0: 3 0x800051b2 (0x0000100f)
core   0: 0x800051b6 (0x000087e1) c.srai  a5, 24
core   0: 3 0x800051b6 (0x87e1) x15 0xffffffff
core   0: 0x800051b8 (0x0230f713) andi    a4, ra, 35
core   0: 3 0x800051b8 (0x0230f713) x14 0x00000020
core   0: 0x800051bc (0x01a4ce63) blt     s1, s10, pc + 28
core   0: 3 0x800051bc (0x01a4ce63)
core   0: 0x800051c0 (0x0385ca33) div     s4, a1, s8
core   0: 3 0x800051c0 (0x0385ca33) x20 0xffffffff
core   0: 0x800051c4 (0x00008d91) c.sub   a1, a2
core   0: 3 0x800051c4 (0x8d91) x11 0x7ffd9a9d
core   0: 0x800051c6 (0x000f3033) sltu    zero, t5, zero
core   0: 3 0x800051c6 (0x000f3033)
core   0: 0x800051ca (0x019f00b3) add     ra, t5, s9
core   0: 3 0x800051ca (0x019f00b3) x 1 0x00000009
core   0: 0x800051ce (0x0271d733) divu    a4, gp, t2
core   0: 3 0x800051ce (0x0271d733) x14 0x00000000
core   0: 0x800051d2 (0x00ebeb63) bltu    s7, a4, pc + 22
core   0: 3 0x800051d2 (0x00ebeb63)
core   0: 0x800051d6 (0x00008029) c.srli  s0, 10
core   0: 3 0x800051d6 (0x8029) x 8 0x00000000
core   0: 0x800051d8 (0x0263dc33) divu    s8, t2, t1
core   0: 3 0x800051d8 (0x0263dc33) x24 0x00000000
core   0: 0x800051dc (0x00008361) c.srli  a4, 24
core   0: 3 0x800051dc (0x8361) x14 0x00000000
core   0: 0x800051de (0x038fcb33) div     s6, t6, s8
core   0: 3 0x800051de (0x038fcb33) x22 0xffffffff
core   0: 0x800051e2 (0x00008469) c.srai  s0, 26
core   0: 3 0x800051e2 (0x8469) x 8 0x00000000
core   0: 0x800051e4 (0x01576263) bltu    a4, s5, pc + 4
core   0: 3 0x800051e4 (0x01576263)
core   0: 0x800051e8 (0x00000001) c.nop
core   0: 3 0x800051e8 (0x0001)
core   0: 0x800051ea (0x00008725) c.srai  a4, 9
core   0: 3 0x800051ea (0x8725) x14 0x00000000
core   0: 0x800051ec (0x01e881b3) add     gp, a7, t5
core   0: 3 0x800051ec (0x01e881b3) x 3 0x00000009
core   0: 0x800051f0 (0x00008712) c.mv    a4, tp
core   0: 3 0x800051f0 (0x8712) x14 0x00000000
core   0: 0x800051f2 (0x00008b05) c.andi  a4, 1
core   0: 3 0x800051f2 (0x8b05) x14 0x00000000
core   0: 0x800051f4 (0x0000e015) c.bnez  s0, pc + 36
core   0: 3 0x800051f4 (0xe015)
core   0: 0x800051f6 (0x00008319) c.srli  a4, 6
core   0: 3 0x800051f6 (0x8319) x14 0x00000000
core   0: 0x800051f8 (0x03bae963) bltu    s5, s11, pc + 50
core   0: 3 0x800051f8 (0x03bae963)
core   0: 0x8000522a (0x000063b1) c.lui   t2, 0xc
core   0: 3 0x8000522a (0x63b1) x 7 0x0000c000
core   0: 0x8000522c (0x0000e705) c.bnez  a4, pc + 40
core   0: 3 0x8000522c (0xe705)
core   0: 0x8000522e (0x0371f433) remu    s0, gp, s7
core   0: 3 0x8000522e (0x0371f433) x 8 0x00000009
core   0: 0x80005232 (0x0000187d) c.addi  a6, -1
core   0: 3 0x80005232 (0x187d) x16 0xffffffff
core   0: 0x80005234 (0x00c1fb33) and     s6, gp, a2
core   0: 3 0x80005234 (0x00c1fb33) x22 0x00000000
core   0: 0x80005238 (0x00000001) c.nop
core   0: 3 0x80005238 (0x0001)
core   0: 0x8000523a (0x03aac063) blt     s5, s10, pc + 32
core   0: 3 0x8000523a (0x03aac063)
core   0: 0x8000523e (0x00008c79) c.and   s0, a4
core   0: 3 0x8000523e (0x8c79) x 8 0x00000000
core   0: 0x80005240 (0x0000c31d) c.beqz  a4, pc + 38
core   0: 3 0x80005240 (0xc31d)
core   0: 0x80005266 (0x11d7c393) xori    t2, a5, 285
core   0: 3 0x80005266 (0x11d7c393) x 7 0xfffffee2
core   0: 0x8000526a (0xe48b9d37) lui     s10, 0xe48b9
core   0: 3 0x8000526a (0xe48b9d37) x26 0xe48b9000
core   0: 0x8000526e (0x02c968b3) rem     a7, s2, a2
core   0: 3 0x8000526e (0x02c968b3) x17 0x00000001
core   0: 0x80005272 (0x00008591) c.srai  a1, 4
core   0: 3 0x80005272 (0x8591) x11 0x07ffd9a9
core   0: 0x80005274 (0x00008199) c.srli  a1, 6
core   0: 3 0x80005274 (0x8199) x11 0x001fff66
core   0: 0x80005276 (0xdb07e093) ori     ra, a5, -592
core   0: 3 0x80005276 (0xdb07e093) x 1 0xffffffff
core   0: 0x8000527a (0x0000c189) c.beqz  a1, pc + 2
core   0: 3 0x8000527a (0xc189)
core   0: 0x8000527c (0x000043e5) c.li    t2, 25
core   0: 3 0x8000527c (0x43e5) x 7 0x00000019
core   0: 0x8000527e (0x02db7233) remu    tp, s6, a3
core   0: 3 0x8000527e (0x02db7233) x 4 0x00000000
core   0: 0x80005282 (0x0009f463) bgeu    s3, zero, pc + 8
core   0: 3 0x80005282 (0x0009f463)
core   0: 0x8000528a (0x0000987d) c.andi  s0, -1
core   0: 3 0x8000528a (0x987d) x 8 0x00000000
core   0: 0x8000528c (0x0000e689) c.bnez  a3, pc + 10
core   0: 3 0x8000528c (0xe689)
core   0: 0x80005296 (0x00009bfd) c.andi  a5, -1
core   0: 3 0x80005296 (0x9bfd) x15 0xffffffff
core   0: 0x80005298 (0x0e22e293) ori     t0, t0, 226
core   0: 3 0x80005298 (0x0e22e293) x 5 0xffffffff
core   0: 0x8000529c (0x00000001) c.nop
core   0: 3 0x8000529c (0x0001)
core   0: 0x8000529e (0x000093ce) c.add   t2, s3
core   0: 3 0x8000529e (0x93ce) x 7 0x00000019
core   0: 0x800052a0 (0x03cbeeb3) rem     t4, s7, t3
core   0: 3 0x800052a0 (0x03cbeeb3) x29 0x00000000
core   0: 0x800052a4 (0xeb96ae93) slti    t4, a3, -327
core   0: 3 0x800052a4 (0xeb96ae93) x29 0x00000000
core   0: 0x800052a8 (0x00008c49) c.or    s0, a0
core   0: 3 0x800052a8 (0x8c49) x 8 0x80029ce4
core   0: 0x800052aa (0x0000100f) fence.i
core   0: 3 0x800052aa (0x0000100f)
core   0: 0x800052ae (0x0000091e) c.slli  s2, 7
core   0: 3 0x800052ae (0x091e) x18 0x00000080
core   0: 0x800052b0 (0x00001f1c) c.addi4spn a5, sp, 944
core   0: 3 0x800052b0 (0x1f1c) x15 0xcec0054f
core   0: 0x800052b2 (0x1c2ae793) ori     a5, s5, 450
core   0: 3 0x800052b2 (0x1c2ae793) x15 0x000003f3
core   0: 0x800052b6 (0x028c48b3) div     a7, s8, s0
core   0: 3 0x800052b6 (0x028c48b3) x17 0x00000000
core   0: 0x800052ba (0x0301ecb3) rem     s9, gp, a6
core   0: 3 0x800052ba (0x0301ecb3) x25 0x00000000
core   0: 0x800052be (0xb44fa693) slti    a3, t6, -1212
core   0: 3 0x800052be (0xb44fa693) x13 0x00000000
core   0: 0x800052c2 (0x00001680) c.addi4spn s0, sp, 864
core   0: 3 0x800052c2 (0x1680) x 8 0xcec004ff
core   0: 0x800052c4 (0x00095f13) srli    t5, s2, 0
core   0: 3 0x800052c4 (0x00095f13) x30 0x00000080
core   0: 0x800052c8 (0x00008c69) c.and   s0, a0
core   0: 3 0x800052c8 (0x8c69) x 8 0x800004e4
core   0: 0x800052ca (0x02fd32b3) mulhu   t0, s10, a5
core   0: 3 0x800052ca (0x02fd32b3) x 5 0x00000386
core   0: 0x800052ce (0x03e90233) mul     tp, s2, t5
core   0: 3 0x800052ce (0x03e90233) x 4 0x00004000
core   0: 0x800052d2 (0x00009d7a) c.add   s10, t5
core   0: 3 0x800052d2 (0x9d7a) x26 0xe48b9080
core   0: 0x800052d4 (0x0000612d) c.addi16sp sp, 224
core   0: 3 0x800052d4 (0x612d) x 2 0xcec0027f
core   0: 0x800052d6 (0x00006451) c.lui   s0, 0x14
core   0: 3 0x800052d6 (0x6451) x 8 0x00014000
core   0: 0x800052d8 (0x0198bbb3) sltu    s7, a7, s9
core   0: 3 0x800052d8 (0x0198bbb3) x23 0x00000000
core   0: 0x800052dc (0x01180563) beq     a6, a7, pc + 10
core   0: 3 0x800052dc (0x01180563)
core   0: 0x800052e0 (0x00009212) c.add   tp, tp
core   0: 3 0x800052e0 (0x9212) x 4 0x00008000
core   0: 0x800052e2 (0x41e255b3) sra     a1, tp, t5
core   0: 3 0x800052e2 (0x41e255b3) x11 0x00008000
core   0: 0x800052e6 (0x03661663) bne     a2, s6, pc + 44
core   0: 3 0x800052e6 (0x03661663)
core   0: 0x80005312 (0xfa3d1217) auipc   tp, 0xfa3d1
core   0: 3 0x80005312 (0xfa3d1217) x 4 0x7a3d6312
core   0: 0x80005316 (0x0000070c) c.addi4spn a1, sp, 896
core   0: 3 0x80005316 (0x070c) x11 0xcec005ff
core   0: 0x80005318 (0x030e5163) bge     t3, a6, pc + 34
core   0: 3 0x80005318 (0x030e5163)
core   0: 0x8000533a (0x00005ffd) c.li    t6, -1
core   0: 3 0x8000533a (0x5ffd) x31 0xffffffff
core   0: 0x8000533c (0x035b14b3) mulh    s1, s6, s5
core   0: 3 0x8000533c (0x035b14b3) x 9 0x00000000
core   0: 0x80005340 (0x00008b16) c.mv    s6, t0
core   0: 3 0x80005340 (0x8b16) x22 0x00000386
core   0: 0x80005342 (0xe4e2ff93) andi    t6, t0, -434
core   0: 3 0x80005342 (0xe4e2ff93) x31 0x00000206
core   0: 0x80005346 (0xba9a0113) addi    sp, s4, -1111
core   0: 3 0x80005346 (0xba9a0113) x 2 0xfffffba8
core   0: 0x8000534a (0x018183b3) add     t2, gp, s8
core   0: 3 0x8000534a (0x018183b3) x 7 0x00000009
core   0: 0x8000534e (0x00008b79) c.andi  a4, 30
core   0: 3 0x8000534e (0x8b79) x14 0x00000000
core   0: 0x80005350 (0x000085e5) c.srai  a1, 25
core   0: 3 0x80005350 (0x85e5) x11 0xffffffe7
core   0: 0x80005352 (0x01d41733) sll     a4, s0, t4
core   0: 3 0x80005352 (0x01d41733) x14 0x00014000
core   0: 0x80005356 (0x7b042913) slti    s2, s0, 1968
core   0: 3 0x80005356 (0x7b042913) x18 0x00000000
core   0: 0x8000535a (0x00000919) c.addi  s2, 6
core   0: 3 0x8000535a (0x0919) x18 0x00000006
core   0: 0x8000535c (0x006b4433) xor     s0, s6, t1
core   0: 3 0x8000535c (0x006b4433) x 8 0x84233d20
core   0: 0x80005360 (0x02657163) bgeu    a0, t1, pc + 34
core   0: 3 0x80005360 (0x02657163)
core   0: 0x80005364 (0x02918963) beq     gp, s1, pc + 50
core   0: 3 0x80005364 (0x02918963)
core   0: 0x80005368 (0x00000945) c.addi  s2, 17
core   0: 3 0x80005368 (0x0945) x18 0x00000017
core   0: 0x8000536a (0x298130b7) lui     ra, 0x29813
core   0: 3 0x8000536a (0x298130b7) x 1 0x29813000
core   0: 0x8000536e (0x0000024e) c.slli  tp, 19
core   0: 3 0x8000536e (0x024e) x 4 0x18900000
core   0: 0x80005370 (0x006d4263) blt     s10, t1, pc + 4
core   0: 3 0x80005370 (0x006d4263)
core   0: 0x80005374 (0x00ac28b3) slt     a7, s8, a0
core   0: 3 0x80005374 (0x00ac28b3) x17 0x00000000
core   0: 0x80005378 (0x0377ba33) mulhu   s4, a5, s7
core   0: 3 0x80005378 (0x0377ba33) x20 0x00000000
core   0: 0x8000537c (0x0000717d) c.addi16sp sp, -16
core   0: 3 0x8000537c (0x717d) x 2 0xfffffb98
core   0: 0x8000537e (0x021fd063) bge     t6, ra, pc + 32
core   0: 3 0x8000537e (0x021fd063)
core   0: 0x80005382 (0x40b45993) srai    s3, s0, 11
core   0: 3 0x80005382 (0x40b45993) x19 0xfff08467
core   0: 0x80005386 (0x00f0dd13) srli    s10, ra, 15
core   0: 3 0x80005386 (0x00f0dd13) x26 0x00005302
core   0: 0x8000538a (0x01b4b4b3) sltu    s1, s1, s11
core   0: 3 0x8000538a (0x01b4b4b3) x 9 0x00000001
core   0: 0x8000538e (0x01a80d63) beq     a6, s10, pc + 26
core   0: 3 0x8000538e (0x01a80d63)
core   0: 0x80005392 (0x038cbcb3) mulhu   s9, s9, s8
core   0: 3 0x80005392 (0x038cbcb3) x25 0x00000000
core   0: 0x80005396 (0x02345733) divu    a4, s0, gp
core   0: 3 0x80005396 (0x02345733) x14 0x0eae9503
core   0: 0x8000539a (0x0000100f) fence.i
core   0: 3 0x8000539a (0x0000100f)
core   0: 0x8000539e (0x00006f49) c.lui   t5, 0x12
core   0: 3 0x8000539e (0x6f49) x30 0x00012000
core   0: 0x800053a0 (0x005709b3) add     s3, a4, t0
core   0: 3 0x800053a0 (0x005709b3) x19 0x0eae9889
core   0: 0x800053a4 (0x41955c93) srai    s9, a0, 25
core   0: 3 0x800053a4 (0x41955c93) x25 0xffffffc0
core   0: 0x800053a8 (0x00530933) add     s2, t1, t0
core   0: 3 0x800053a8 (0x00530933) x18 0x8423422c
core   0: 0x800053ac (0x0156e733) or      a4, a3, s5
core   0: 3 0x800053ac (0x0156e733) x14 0x00000233
core   0: 0x800053b0 (0x007e61b3) or      gp, t3, t2
core   0: 3 0x800053b0 (0x007e61b3) x 3 0x00001809
core   0: 0x800053b4 (0x00499c93) slli    s9, s3, 4
core   0: 3 0x800053b4 (0x00499c93) x25 0xeae98890
core   0: 0x800053b8 (0x02d2ffb3) remu    t6, t0, a3
core   0: 3 0x800053b8 (0x02d2ffb3) x31 0x00000386
core   0: 0x800053bc (0x00008fd1) c.or    a5, a2
core   0: 3 0x800053bc (0x8fd1) x15 0x80025ff7
core   0: 0x800053be (0x399eff93) andi    t6, t4, 921
core   0: 3 0x800053be (0x399eff93) x31 0x00000000
core   0: 0x800053c2 (0x00009886) c.add   a7, ra
core   0: 3 0x800053c2 (0x9886) x17 0x29813000
core   0: 0x800053c4 (0x030fc563) blt     t6, a6, pc + 42
core   0: 3 0x800053c4 (0x030fc563)
core   0: 0x800053c8 (0x0328d463) bge     a7, s2, pc + 40
core   0: 3 0x800053c8 (0x0328d463)
core   0: 0x800053f0 (0x00009b7d) c.andi  a4, -1
core   0: 3 0x800053f0 (0x9b7d) x14 0x00000233
core   0: 0x800053f2 (0x0000c329) c.beqz  a4, pc + 66
core   0: 3 0x800053f2 (0xc329)
core   0: 0x800053f4 (0x01245393) srli    t2, s0, 18
core   0: 3 0x800053f4 (0x01245393) x 7 0x00002108
core   0: 0x800053f8 (0x026c6bb3) rem     s7, s8, t1
core   0: 3 0x800053f8 (0x026c6bb3) x23 0x00000000
core   0: 0x800053fc (0x01c1f663) bgeu    gp, t3, pc + 12
core   0: 3 0x800053fc (0x01c1f663)
core   0: 0x80005408 (0x0000100f) fence.i
core   0: 3 0x80005408 (0x0000100f)
core   0: 0x8000540c (0x00009c92) c.add   s9, tp
core   0: 3 0x8000540c (0x9c92) x25 0x03798890
core   0: 0x8000540e (0x00006ee5) c.lui   t4, 0x19
core   0: 3 0x8000540e (0x6ee5) x29 0x00019000
core   0: 0x80005410 (0x00db9f33) sll     t5, s7, a3
core   0: 3 0x80005410 (0x00db9f33) x30 0x00000000
core   0: 0x80005414 (0x00000001) c.nop
core   0: 3 0x80005414 (0x0001)
core   0: 0x80005416 (0x0ff0000f) fence   iorw,iorw
core   0: 3 0x80005416 (0x0ff0000f)
core   0: 0x8000541a (0x01c5f5b3) and     a1, a1, t3
core   0: 3 0x8000541a (0x01c5f5b3) x11 0x00001800
core   0: 0x8000541e (0x00afd263) bge     t6, a0, pc + 4
core   0: 3 0x8000541e (0x00afd263)
core   0: 0x80005422 (0x006a7d63) bgeu    s4, t1, pc + 26
core   0: 3 0x80005422 (0x006a7d63)
core   0: 0x80005426 (0x0000100f) fence.i
core   0: 3 0x80005426 (0x0000100f)
core   0: 0x8000542a (0x03887763) bgeu    a6, s8, pc + 46
core   0: 3 0x8000542a (0x03887763)
core   0: 0x80005458 (0x00008dfd) c.and   a1, a5
core   0: 3 0x80005458 (0x8dfd) x11 0x00001800
core   0: 0x8000545a (0x0000100f) fence.i
core   0: 3 0x8000545a (0x0000100f)
core   0: 0x8000545e (0x021ea3b3) mulhsu  t2, t4, ra
core   0: 3 0x8000545e (0x021ea3b3) x 7 0x000040d9
core   0: 0x80005462 (0x033f3133) mulhu   sp, t5, s3
core   0: 3 0x80005462 (0x033f3133) x 2 0x00000000
core   0: 0x80005466 (0x03620cb3) mul     s9, tp, s6
core   0: 3 0x80005466 (0x03620cb3) x25 0x8b600000
core   0: 0x8000546a (0x023736b3) mulhu   a3, a4, gp
core   0: 3 0x8000546a (0x023736b3) x13 0x00000000
core   0: 0x8000546e (0x01911833) sll     a6, sp, s9
core   0: 3 0x8000546e (0x01911833) x16 0x00000000
core   0: 0x80005472 (0x00008c5d) c.or    s0, a5
core   0: 3 0x80005472 (0x8c5d) x 8 0x84237ff7
core   0: 0x80005474 (0x0257ae33) mulhsu  t3, a5, t0
core   0: 3 0x80005474 (0x0257ae33) x28 0xfffffe3d
core   0: 0x80005478 (0x41735e13) srai    t3, t1, 23
core   0: 3 0x80005478 (0x41735e13) x28 0xffffff08
core   0: 0x8000547c (0x00006589) c.lui   a1, 0x2
core   0: 3 0x8000547c (0x6589) x11 0x00002000
core   0: 0x8000547e (0x0038da93) srli    s5, a7, 3
core   0: 3 0x8000547e (0x0038da93) x21 0x05302600
core   0: 0x80005482 (0x016b2233) slt     tp, s6, s6
core   0: 3 0x80005482 (0x016b2233) x 4 0x00000000
core   0: 0x80005486 (0x000012fd) c.addi  t0, -1
core   0: 3 0x80005486 (0x12fd) x 5 0x00000385
core   0: 0x80005488 (0x00000189) c.addi  gp, 2
core   0: 3 0x80005488 (0x0189) x 3 0x0000180b
core   0: 0x8000548a (0x039e6fb3) rem     t6, t3, s9
core   0: 3 0x8000548a (0x039e6fb3) x31 0xffffff08
core   0: 0x8000548e (0x034145b3) div     a1, sp, s4
core   0: 3 0x8000548e (0x034145b3) x11 0xffffffff
core   0: 0x80005492 (0x00008c5d) c.or    s0, a5
core   0: 3 0x80005492 (0x8c5d) x 8 0x84237ff7
core   0: 0x80005494 (0x01bc9f63) bne     s9, s11, pc + 30
core   0: 3 0x80005494 (0x01bc9f63)
core   0: 0x800054b2 (0x02877463) bgeu    a4, s0, pc + 40
core   0: 3 0x800054b2 (0x02877463)
core   0: 0x800054b6 (0x00008809) c.andi  s0, 2
core   0: 3 0x800054b6 (0x8809) x 8 0x00000002
core   0: 0x800054b8 (0x036caeb3) mulhsu  t4, s9, s6
core   0: 3 0x800054b8 (0x036caeb3) x29 0xfffffe65
core   0: 0x800054bc (0x000d8463) beqz    s11, pc + 8
core   0: 3 0x800054bc (0x000d8463)
core   0: 0x800054c0 (0x4075db93) srai    s7, a1, 7
core   0: 3 0x800054c0 (0x4075db93) x23 0xffffffff
core   0: 0x800054c4 (0x034b7d33) remu    s10, s6, s4
core   0: 3 0x800054c4 (0x034b7d33) x26 0x00000386
core   0: 0x800054c8 (0x033e18b3) mulh    a7, t3, s3
core   0: 3 0x800054c8 (0x033e18b3) x17 0xfffffff1
core   0: 0x800054cc (0x00001f80) c.addi4spn s0, sp, 1008
core   0: 3 0x800054cc (0x1f80) x 8 0x000003f0
core   0: 0x800054ce (0x00121d13) slli    s10, tp, 1
core   0: 3 0x800054ce (0x00121d13) x26 0x00000000
core   0: 0x800054d2 (0x00ffe733) or      a4, t6, a5
core   0: 3 0x800054d2 (0x00ffe733) x14 0xffffffff
core   0: 0x800054d6 (0x0000100f) fence.i
core   0: 3 0x800054d6 (0x0000100f)
core   0: 0x800054da (0x00b1be33) sltu    t3, gp, a1
core   0: 3 0x800054da (0x00b1be33) x28 0x00000001
core   0: 0x800054de (0x018f5233) srl     tp, t5, s8
core   0: 3 0x800054de (0x018f5233) x 4 0x00000000
core   0: 0x800054e2 (0x000086de) c.mv    a3, s7
core   0: 3 0x800054e2 (0x86de) x13 0xffffffff
core   0: 0x800054e4 (0x0000058a) c.slli  a1, 2
core   0: 3 0x800054e4 (0x058a) x11 0xfffffffc
core   0: 0x800054e6 (0x00000001) c.nop
core   0: 3 0x800054e6 (0x0001)
core   0: 0x800054e8 (0x00008e4a) c.mv    t3, s2
core   0: 3 0x800054e8 (0x8e4a) x28 0x8423422c
core   0: 0x800054ea (0x000083a5) c.srli  a5, 9
core   0: 3 0x800054ea (0x83a5) x15 0x0040012f
core   0: 0x800054ec (0x0000800d) c.srli  s0, 3
core   0: 3 0x800054ec (0x800d) x 8 0x0000007e
core   0: 0x800054ee (0x024acd33) div     s10, s5, tp
core   0: 3 0x800054ee (0x024acd33) x26 0xffffffff
core   0: 0x800054f2 (0x00e994b3) sll     s1, s3, a4
core   0: 3 0x800054f2 (0x00e994b3) x 9 0x80000000
core   0: 0x800054f6 (0x249fbe13) sltiu   t3, t6, 585
core   0: 3 0x800054f6 (0x249fbe13) x28 0x00000000
core   0: 0x800054fa (0x00000001) c.nop
core   0: 3 0x800054fa (0x0001)
core   0: 0x800054fc (0x0000009e) c.slli  ra, 7
core   0: 3 0x800054fc (0x009e) x 1 0xc0980000
core   0: 0x800054fe (0x00005e7d) c.li    t3, -1
core   0: 3 0x800054fe (0x5e7d) x28 0xffffffff
core   0: 0x80005500 (0x00470433) add     s0, a4, tp
core   0: 3 0x80005500 (0x00470433) x 8 0xffffffff
core   0: 0x80005504 (0x03bfdf33) divu    t5, t6, s11
core   0: 3 0x80005504 (0x03bfdf33) x30 0x00000003
core   0: 0x80005508 (0x009f66b3) or      a3, t5, s1
core   0: 3 0x80005508 (0x009f66b3) x13 0x80000003
core   0: 0x8000550c (0x01350763) beq     a0, s3, pc + 14
core   0: 3 0x8000550c (0x01350763)
core   0: 0x80005510 (0x02df4733) div     a4, t5, a3
core   0: 3 0x80005510 (0x02df4733) x14 0x00000000
core   0: 0x80005514 (0x00008e8d) c.sub   a3, a1
core   0: 3 0x80005514 (0x8e8d) x13 0x80000007
core   0: 0x80005516 (0x9f29a4b7) lui     s1, 0x9f29a
core   0: 3 0x80005516 (0x9f29a4b7) x 9 0x9f29a000
core   0: 0x8000551a (0x41210233) sub     tp, sp, s2
core   0: 3 0x8000551a (0x41210233) x 4 0x7bdcbdd4
core   0: 0x8000551e (0x778fba13) sltiu   s4, t6, 1912
core   0: 3 0x8000551e (0x778fba13) x20 0x00000000
core   0: 0x80005522 (0xa0e42693) slti    a3, s0, -1522
core   0: 3 0x80005522 (0xa0e42693) x13 0x00000000
core   0: 0x80005526 (0x300ef293) andi    t0, t4, 768
core   0: 3 0x80005526 (0x300ef293) x 5 0x00000200
core   0: 0x8000552a (0x0042c263) blt     t0, tp, pc + 4
core   0: 3 0x8000552a (0x0042c263)
core   0: 0x8000552e (0xf38f6113) ori     sp, t5, -200
core   0: 3 0x8000552e (0xf38f6113) x 2 0xffffff3b
core   0: 0x80005532 (0x267eeb13) ori     s6, t4, 615
core   0: 3 0x80005532 (0x267eeb13) x22 0xfffffe67
core   0: 0x80005536 (0xd5443217) auipc   tp, 0xd5443
core   0: 3 0x80005536 (0xd5443217) x 4 0x55448536
core   0: 0x8000553a (0x000002ce) c.slli  t0, 19
core   0: 3 0x8000553a (0x02ce) x 5 0x10000000
core   0: 0x8000553c (0x0089d313) srli    t1, s3, 8
core   0: 3 0x8000553c (0x0089d313) x 6 0x000eae98
core   0: 0x80005540 (0x40220eb3) sub     t4, tp, sp
core   0: 3 0x80005540 (0x40220eb3) x29 0x554485fb
core   0: 0x80005544 (0x01cf5ab3) srl     s5, t5, t3
core   0: 3 0x80005544 (0x01cf5ab3) x21 0x00000000
core   0: 0x80005548 (0x030126b3) mulhsu  a3, sp, a6
core   0: 3 0x80005548 (0x030126b3) x13 0x00000000
core   0: 0x8000554c (0x98433993) sltiu   s3, t1, -1660
core   0: 3 0x8000554c (0x98433993) x19 0x00000001
core   0: 0x80005550 (0x004edc33) srl     s8, t4, tp
core   0: 3 0x80005550 (0x004edc33) x24 0x00000155
core   0: 0x80005554 (0x00cb5763) bge     s6, a2, pc + 14
core   0: 3 0x80005554 (0x00cb5763)
core   0: 0x80005562 (0x02a083b3) mul     t2, ra, a0
core   0: 3 0x80005562 (0x02a083b3) x 7 0x27600000
core   0: 0x80005566 (0x01969093) slli    ra, a3, 25
core   0: 3 0x80005566 (0x01969093) x 1 0x00000000
core   0: 0x8000556a (0xdceea793) slti    a5, t4, -562
core   0: 3 0x8000556a (0xdceea793) x15 0x00000000
core   0: 0x8000556e (0x0000082e) c.slli  a6, 11
core   0: 3 0x8000556e (0x082e) x16 0x00000000
core   0: 0x80005570 (0x00169813) slli    a6, a3, 1
core   0: 3 0x80005570 (0x00169813) x16 0x00000000
core   0: 0x80005574 (0x02f00ab3) mul     s5, zero, a5
core   0: 3 0x80005574 (0x02f00ab3) x21 0x00000000
core   0: 0x80005578 (0x0000717d) c.addi16sp sp, -16
core   0: 3 0x80005578 (0x717d) x 2 0xffffff2b
core   0: 0x8000557a (0x0279b433) mulhu   s0, s3, t2
core   0: 3 0x8000557a (0x0279b433) x 8 0x00000000
core   0: 0x8000557e (0x0000717d) c.addi16sp sp, -16
core   0: 3 0x8000557e (0x717d) x 2 0xffffff1b
core   0: 0x80005580 (0x0ff0000f) fence   iorw,iorw
core   0: 3 0x80005580 (0x0ff0000f)
core   0: 0x80005584 (0x00d91233) sll     tp, s2, a3
core   0: 3 0x80005584 (0x00d91233) x 4 0x8423422c
core   0: 0x80005588 (0x01e39463) bne     t2, t5, pc + 8
core   0: 3 0x80005588 (0x01e39463)
core   0: 0x80005590 (0x01b19d13) slli    s10, gp, 27
core   0: 3 0x80005590 (0x01b19d13) x26 0x58000000
core   0: 0x80005594 (0x0000e019) c.bnez  s0, pc + 6
core   0: 3 0x80005594 (0xe019)
core   0: 0x80005596 (0x00932f33) slt     t5, t1, s1
core   0: 3 0x80005596 (0x00932f33) x30 0x00000000
core   0: 0x8000559a (0x03a377b3) remu    a5, t1, s10
core   0: 3 0x8000559a (0x03a377b3) x15 0x000eae98
core   0: 0x8000559e (0x0000ef01) c.bnez  a4, pc + 24
core   0: 3 0x8000559e (0xef01)
core   0: 0x800055a0 (0x00006a71) c.lui   s4, 0x1c
core   0: 3 0x800055a0 (0x6a71) x20 0x0001c000
core   0: 0x800055a2 (0x0000933e) c.add   t1, a5
core   0: 3 0x800055a2 (0x933e) x 6 0x001d5d30
core   0: 0x800055a4 (0x41bad2b3) sra     t0, s5, s11
core   0: 3 0x800055a4 (0x41bad2b3) x 5 0x00000000
core   0: 0x800055a8 (0x02bf2c33) mulhsu  s8, t5, a1
core   0: 3 0x800055a8 (0x02bf2c33) x24 0x00000000
core   0: 0x800055ac (0x03331263) bne     t1, s3, pc + 36
core   0: 3 0x800055ac (0x03331263)
core   0: 0x800055d0 (0x000060dd) c.lui   ra, 0x17
core   0: 3 0x800055d0 (0x60dd) x 1 0x00017000
core   0: 0x800055d2 (0x038f5333) divu    t1, t5, s8
core   0: 3 0x800055d2 (0x038f5333) x 6 0xffffffff
core   0: 0x800055d6 (0x0324dc33) divu    s8, s1, s2
core   0: 3 0x800055d6 (0x0324dc33) x24 0x00000001
core   0: 0x800055da (0x9da91e17) auipc   t3, 0x9da91
core   0: 3 0x800055da (0x9da91e17) x28 0x1da965da
core   0: 0x800055de (0x01e185b3) add     a1, gp, t5
core   0: 3 0x800055de (0x01e185b3) x11 0x0000180b
core   0: 0x800055e2 (0x00001ffd) c.addi  t6, -1
core   0: 3 0x800055e2 (0x1ffd) x31 0xffffff07
core   0: 0x800055e4 (0x00006429) c.lui   s0, 0xa
core   0: 3 0x800055e4 (0x6429) x 8 0x0000a000
core   0: 0x800055e6 (0x0314e7b3) rem     a5, s1, a7
core   0: 3 0x800055e6 (0x0314e7b3) x15 0xffffffff
core   0: 0x800055ea (0x0303c363) blt     t2, a6, pc + 38
core   0: 3 0x800055ea (0x0303c363)
core   0: 0x800055ee (0x4bbc0213) addi    tp, s8, 1211
core   0: 3 0x800055ee (0x4bbc0213) x 4 0x000004bc
core   0: 0x800055f2 (0x00000001) c.nop
core   0: 3 0x800055f2 (0x0001)
core   0: 0x800055f4 (0x62ba0313) addi    t1, s4, 1579
core   0: 3 0x800055f4 (0x62ba0313) x 6 0x0001c62b
core   0: 0x800055f8 (0x817744b7) lui     s1, 0x81774
core   0: 3 0x800055f8 (0x817744b7) x 9 0x81774000
core   0: 0x800055fc (0x1ad8c113) xori    sp, a7, 429
core   0: 3 0x800055fc (0x1ad8c113) x 2 0xfffffe5c
core   0: 0x80005600 (0x00000efa) c.slli  t4, 30
core   0: 3 0x80005600 (0x0efa) x29 0xc0000000
core   0: 0x80005602 (0x0000100f) fence.i
core   0: 3 0x80005602 (0x0000100f)
core   0: 0x80005606 (0x03c53433) mulhu   s0, a0, t3
core   0: 3 0x80005606 (0x03c53433) x 8 0x0ed5006d
core   0: 0x8000560a (0x00008b99) c.andi  a5, 6
core   0: 3 0x8000560a (0x8b99) x15 0x00000006
core   0: 0x8000560c (0x9f7e6493) ori     s1, t3, -1545
core   0: 3 0x8000560c (0x9f7e6493) x 9 0xfffffdff
core   0: 0x80005610 (0x0ff0000f) fence   iorw,iorw
core   0: 3 0x80005610 (0x0ff0000f)
core   0: 0x80005614 (0x02d776b3) remu    a3, a4, a3
core   0: 3 0x80005614 (0x02d776b3) x13 0x00000000
core   0: 0x80005618 (0x00008f1d) c.sub   a4, a5
core   0: 3 0x80005618 (0x8f1d) x14 0xfffffffa
core   0: 0x8000561a (0x00008b79) c.andi  a4, 30
core   0: 3 0x8000561a (0x8b79) x14 0x0000001a
core   0: 0x8000561c (0x00008f49) c.or    a4, a0
core   0: 3 0x8000561c (0x8f49) x14 0x80029cfe
core   0: 0x8000561e (0x02b1c133) div     sp, gp, a1
core   0: 3 0x8000561e (0x02b1c133) x 2 0x00000001
core   0: 0x80005622 (0x004bd993) srli    s3, s7, 4
core   0: 3 0x80005622 (0x004bd993) x19 0x0fffffff
core   0: 0x80005626 (0x02bb0b33) mul     s6, s6, a1
core   0: 3 0x80005626 (0x02bb0b33) x22 0xffd9966d
core   0: 0x8000562a (0x000086ed) c.srai  a3, 27
core   0: 3 0x8000562a (0x86ed) x13 0x00000000
core   0: 0x8000562c (0x00000001) c.nop
core   0: 3 0x8000562c (0x0001)
core   0: 0x8000562e (0x0000717d) c.addi16sp sp, -16
core   0: 3 0x8000562e (0x717d) x 2 0xfffffff1
core   0: 0x80005630 (0x017a0f63) beq     s4, s7, pc + 30
core   0: 3 0x80005630 (0x017a0f63)
core   0: 0x80005634 (0x00008c3d) c.xor   s0, a5
core   0: 3 0x80005634 (0x8c3d) x 8 0x0ed5006b
core   0: 0x80005636 (0x82cbf897) auipc   a7, 0x82cbf
core   0: 3 0x80005636 (0x82cbf897) x17 0x02cc4636
core   0: 0x8000563a (0x00000314) c.addi4spn a3, sp, 384
core   0: 3 0x8000563a (0x0314) x13 0x00000171
core   0: 0x8000563c (0x000086f9) c.srai  a3, 30
core   0: 3 0x8000563c (0x86f9) x13 0x00000000
core   0: 0x8000563e (0xac4d0f93) addi    t6, s10, -1340
core   0: 3 0x8000563e (0xac4d0f93) x31 0x57fffac4
core   0: 0x80005642 (0x40afd393) srai    t2, t6, 10
core   0: 3 0x80005642 (0x40afd393) x 7 0x0015fffe
core   0: 0x80005646 (0x00009d72) c.add   s10, t3
core   0: 3 0x80005646 (0x9d72) x26 0x75a965da
core   0: 0x80005648 (0x658d1017) auipc   zero, 0x658d1
core   0: 3 0x80005648 (0x658d1017)
core   0: 0x8000564c (0x00000209) c.addi  tp, 2
core   0: 3 0x8000564c (0x0209) x 4 0x000004be
core   0: 0x8000564e (0x0000844e) c.mv    s0, s3
core   0: 3 0x8000564e (0x844e) x 8 0x0fffffff
core   0: 0x80005650 (0x02794233) div     tp, s2, t2
core   0: 3 0x80005650 (0x02794233) x 4 0xfffffa5f
core   0: 0x80005654 (0x000041a9) c.li    gp, 10
core   0: 3 0x80005654 (0x41a9) x 3 0x0000000a
core   0: 0x80005656 (0x19b4a893) slti    a7, s1, 411
core   0: 3 0x80005656 (0x19b4a893) x17 0x00000001
core   0: 0x8000565a (0x0229bcb3) mulhu   s9, s3, sp
core   0: 3 0x8000565a (0x0229bcb3) x25 0x0ffffffe
core   0: 0x8000565e (0x024b6c33) rem     s8, s6, tp
core   0: 3 0x8000565e (0x024b6c33) x24 0xfffffa7f
core   0: 0x80005662 (0x03783833) mulhu   a6, a6, s7
core   0: 3 0x80005662 (0x03783833) x16 0x00000000
core   0: 0x80005666 (0x0000ef81) c.bnez  a5, pc + 24
core   0: 3 0x80005666 (0xef81)
core   0: 0x8000567e (0x0000839e) c.mv    t2, t2
core   0: 3 0x8000567e (0x839e) x 7 0x0015fffe
core   0: 0x80005680 (0x00000001) c.nop
core   0: 3 0x80005680 (0x0001)
core   0: 0x80005682 (0x00006919) c.lui   s2, 0x6
core   0: 3 0x80005682 (0x6919) x18 0x00006000
core   0: 0x80005684 (0x02aa4eb3) div     t4, s4, a0
core   0: 3 0x80005684 (0x02aa4eb3) x29 0x00000000
core   0: 0x80005688 (0x017c0363) beq     s8, s7, pc + 6
core   0: 3 0x80005688 (0x017c0363)
core   0: 0x8000568c (0x00008fb1) c.xor   a5, a2
core   0: 3 0x8000568c (0x8fb1) x15 0x80025e62
core   0: 0x8000568e (0x04ef1363) bne     t5, a4, pc + 70
core   0: 3 0x8000568e (0x04ef1363)
core   0: 0x800056d4 (0x03160933) mul     s2, a2, a7
core   0: 3 0x800056d4 (0x03160933) x18 0x80025e64
core   0: 0x800056d8 (0x026c85b3) mul     a1, s9, t1
core   0: 3 0x800056d8 (0x026c85b3) x11 0xaffc73aa
core   0: 0x800056dc (0x4024d413) srai    s0, s1, 2
core   0: 3 0x800056dc (0x4024d413) x 8 0xffffff7f
core   0: 0x800056e0 (0x00004455) c.li    s0, 21
core   0: 3 0x800056e0 (0x4455) x 8 0x00000015
core   0: 0x800056e2 (0x25934293) xori    t0, t1, 601
core   0: 3 0x800056e2 (0x25934293) x 5 0x0001c472
core   0: 0x800056e6 (0x026dcfb3) div     t6, s11, t1
core   0: 3 0x800056e6 (0x026dcfb3) x31 0x00002559
core   0: 0x800056ea (0x41265f93) srai    t6, a2, 18
core   0: 3 0x800056ea (0x41265f93) x31 0xffffe000
core   0: 0x800056ee (0x00c769b3) or      s3, a4, a2
core   0: 3 0x800056ee (0x00c769b3) x19 0x8002defe
core   0: 0x800056f2 (0x00008c11) c.sub   s0, a2
core   0: 3 0x800056f2 (0x8c11) x 8 0x7ffda1b1
core   0: 0x800056f4 (0x01b816b3) sll     a3, a6, s11
core   0: 3 0x800056f4 (0x01b816b3) x13 0x00000000
core   0: 0x800056f8 (0x40b188b3) sub     a7, gp, a1
core   0: 3 0x800056f8 (0x40b188b3) x17 0x50038c60
core   0: 0x800056fc (0x02e559b3) divu    s3, a0, a4
core   0: 3 0x800056fc (0x02e559b3) x19 0x00000000
core   0: 0x80005700 (0x00000212) c.slli  tp, 4
core   0: 3 0x80005700 (0x0212) x 4 0xffffa5f0
core   0: 0x80005702 (0x01f1e933) or      s2, gp, t6
core   0: 3 0x80005702 (0x01f1e933) x18 0xffffe00a
core   0: 0x80005706 (0x02482033) mulhsu  zero, a6, tp
core   0: 3 0x80005706 (0x02482033)
core   0: 0x8000570a (0x0345c6b3) div     a3, a1, s4
core   0: 3 0x8000570a (0x0345c6b3) x13 0xffffd248
core   0: 0x8000570e (0x00000b4a) c.slli  s6, 18
core   0: 3 0x8000570e (0x0b4a) x22 0x59b40000
core   0: 0x80005710 (0x027b4c33) div     s8, s6, t2
core   0: 3 0x80005710 (0x027b4c33) x24 0x00000413
core   0: 0x80005714 (0x00474e33) xor     t3, a4, tp
core   0: 3 0x80005714 (0x00474e33) x28 0x7ffd390e
core   0: 0x80005718 (0x0122e8b3) or      a7, t0, s2
core   0: 3 0x80005718 (0x0122e8b3) x17 0xffffe47a
core   0: 0x8000571c (0x00875f13) srli    t5, a4, 8
core   0: 3 0x8000571c (0x00875f13) x30 0x0080029c
core   0: 0x80005720 (0x02130063) beq     t1, ra, pc + 32
core   0: 3 0x80005720 (0x02130063)
core   0: 0x80005724 (0x0002ce33) xor     t3, t0, zero
core   0: 3 0x80005724 (0x0002ce33) x28 0x0001c472
core   0: 0x80005728 (0x00a35f93) srli    t6, t1, 10
core   0: 3 0x80005728 (0x00a35f93) x31 0x00000071
core   0: 0x8000572c (0x40955013) srai    zero, a0, 9
core   0: 3 0x8000572c (0x40955013)
core   0: 0x80005730 (0x0070f5b3) and     a1, ra, t2
core   0: 3 0x80005730 (0x0070f5b3) x11 0x00017000
core   0: 0x80005734 (0x0302af33) mulhsu  t5, t0, a6
core   0: 3 0x80005734 (0x0302af33) x30 0x00000000
core   0: 0x80005738 (0x03e97033) remu    zero, s2, t5
core   0: 3 0x80005738 (0x03e97033)
core   0: 0x8000573c (0x035a5f33) divu    t5, s4, s5
core   0: 3 0x8000573c (0x035a5f33) x30 0xffffffff
core   0: 0x80005740 (0x00000001) c.nop
core   0: 3 0x80005740 (0x0001)
core   0: 0x80005742 (0x03282733) mulhsu  a4, a6, s2
core   0: 3 0x80005742 (0x03282733) x14 0x00000000
core   0: 0x80005746 (0x00a633b3) sltu    t2, a2, a0
core   0: 3 0x80005746 (0x00a633b3) x 7 0x00000001
core   0: 0x8000574a (0x00365213) srli    tp, a2, 3
core   0: 3 0x8000574a (0x00365213) x 4 0x10004bcc
core   0: 0x8000574e (0x000090e6) c.add   ra, s9
core   0: 3 0x8000574e (0x90e6) x 1 0x10016ffe
core   0: 0x80005750 (0x00008f99) c.sub   a5, a4
core   0: 3 0x80005750 (0x8f99) x15 0x80025e62
core   0: 0x80005752 (0x026f3933) mulhu   s2, t5, t1
core   0: 3 0x80005752 (0x026f3933) x18 0x0001c62a
core   0: 0x80005756 (0x000068ed) c.lui   a7, 0x1b
core   0: 3 0x80005756 (0x68ed) x17 0x0001b000
core   0: 0x80005758 (0x000099fd) c.andi  a1, -1
core   0: 3 0x80005758 (0x99fd) x11 0x00017000
core   0: 0x8000575a (0x0085de13) srli    t3, a1, 8
core   0: 3 0x8000575a (0x0085de13) x28 0x00000170
core   0: 0x8000575e (0x00008ff5) c.and   a5, a3
core   0: 3 0x8000575e (0x8ff5) x15 0x80025240
core   0: 0x80005760 (0x0000187d) c.addi  a6, -1
core   0: 3 0x80005760 (0x187d) x16 0xffffffff
core   0: 0x80005762 (0x03879e33) mulh    t3, a5, s8
core   0: 3 0x80005762 (0x03879e33) x28 0xfffffdf6
core   0: 0x80005766 (0x00664c63) blt     a2, t1, pc + 24
core   0: 3 0x80005766 (0x00664c63)
core   0: 0x8000577e (0x009cd7b3) srl     a5, s9, s1
core   0: 3 0x8000577e (0x009cd7b3) x15 0x00000000
core   0: 0x80005782 (0x01985cb3) srl     s9, a6, s9
core   0: 3 0x80005782 (0x01985cb3) x25 0x00000003
core   0: 0x80005786 (0x00000c06) c.slli  s8, 1
core   0: 3 0x80005786 (0x0c06) x24 0x00000826
core   0: 0x80005788 (0x027997b3) mulh    a5, s3, t2
core   0: 3 0x80005788 (0x027997b3) x15 0x00000000
core   0: 0x8000578c (0x000047bd) c.li    a5, 15
core   0: 3 0x8000578c (0x47bd) x15 0x0000000f
core   0: 0x8000578e (0x00006135) c.addi16sp sp, 352
core   0: 3 0x8000578e (0x6135) x 2 0x00000151
core   0: 0x80005790 (0x0000987d) c.andi  s0, -1
core   0: 3 0x80005790 (0x987d) x 8 0x7ffda1b1
core   0: 0x80005792 (0x00008e85) c.sub   a3, s1
core   0: 3 0x80005792 (0x8e85) x13 0xffffd449
core   0: 0x80005794 (0x0000944a) c.add   s0, s2
core   0: 3 0x80005794 (0x944a) x 8 0x7fff67db
core   0: 0x80005796 (0x00000298) c.addi4spn a4, sp, 320
core   0: 3 0x80005796 (0x0298) x14 0x00000291
core   0: 0x80005798 (0x0000e189) c.bnez  a1, pc + 2
core   0: 3 0x80005798 (0xe189)
core   0: 0x8000579a (0x0ff0000f) fence   iorw,iorw
core   0: 3 0x8000579a (0x0ff0000f)
core   0: 0x8000579e (0xcb2db397) auipc   t2, 0xcb2db
core   0: 3 0x8000579e (0xcb2db397) x 7 0x4b2e079e
core   0: 0x800057a2 (0x40715113) srai    sp, sp, 7
core   0: 3 0x800057a2 (0x40715113) x 2 0x00000002
core   0: 0x800057a6 (0x00008c31) c.xor   s0, a2
core   0: 3 0x800057a6 (0x8c31) x 8 0xfffd39bf
core   0: 0x800057a8 (0x02606263) bltu    zero, t1, pc + 36
core   0: 3 0x800057a8 (0x02606263)
core   0: 0x800057cc (0x0000c79d) c.beqz  a5, pc + 46
core   0: 3 0x800057cc (0xc79d)
core   0: 0x800057ce (0x01511213) slli    tp, sp, 21
core   0: 3 0x800057ce (0x01511213) x 4 0x00400000
core   0: 0x800057d2 (0x00000c32) c.slli  s8, 12
core   0: 3 0x800057d2 (0x0c32) x24 0x00826000
core   0: 0x800057d4 (0x016dd313) srli    t1, s11, 22
core   0: 3 0x800057d4 (0x016dd313) x 6 0x00000109
core   0: 0x800057d8 (0x13e7c413) xori    s0, a5, 318
core   0: 3 0x800057d8 (0x13e7c413) x 8 0x00000131
core   0: 0x800057dc (0x40f90333) sub     t1, s2, a5
core   0: 3 0x800057dc (0x40f90333) x 6 0x0001c61b
core   0: 0x800057e0 (0x039629b3) mulhsu  s3, a2, s9
core   0: 3 0x800057e0 (0x039629b3) x19 0xfffffffe
core   0: 0x800057e4 (0x02dd46b3) div     a3, s10, a3
core   0: 3 0x800057e4 (0x02dd46b3) x13 0xfffd4ef6
core   0: 0x800057e8 (0x0000717d) c.addi16sp sp, -16
core   0: 3 0x800057e8 (0x717d) x 2 0xfffffff2
core   0: 0x800057ea (0x03464263) blt     a2, s4, pc + 36
core   0: 3 0x800057ea (0x03464263)
core   0: 0x8000580e (0x00000e98) c.addi4spn a4, sp, 848
core   0: 3 0x8000580e (0x0e98) x14 0x00000342
core   0: 0x80005810 (0x011bc833) xor     a6, s7, a7
core   0: 3 0x80005810 (0x011bc833) x16 0xfffe4fff
core   0: 0x80005814 (0x00005f7d) c.li    t5, -1
core   0: 3 0x80005814 (0x5f7d) x30 0xffffffff
core   0: 0x80005816 (0x0214beb3) mulhu   t4, s1, ra
core   0: 3 0x80005816 (0x0214beb3) x29 0x10016fdd
core   0: 0x8000581a (0x05d2f163) bgeu    t0, t4, pc + 66
core   0: 3 0x8000581a (0x05d2f163)
core   0: 0x8000581e (0x146e8e13) addi    t3, t4, 326
core   0: 3 0x8000581e (0x146e8e13) x28 0x10017123
core   0: 0x80005822 (0x036b3833) mulhu   a6, s6, s6
core   0: 3 0x80005822 (0x036b3833) x16 0x1f6ea690
core   0: 0x80005826 (0x76336c13) ori     s8, t1, 1891
core   0: 3 0x80005826 (0x76336c13) x24 0x0001c77b
core   0: 0x8000582a (0x00008f29) c.xor   a4, a0
core   0: 3 0x8000582a (0x8f29) x14 0x80029fa6
core   0: 0x8000582c (0x00008f1d) c.sub   a4, a5
core   0: 3 0x8000582c (0x8f1d) x14 0x80029f97
core   0: 0x8000582e (0x00000594) c.addi4spn a3, sp, 704
core   0: 3 0x8000582e (0x0594) x13 0x000002b2
core   0: 0x80005830 (0x019049b3) xor     s3, zero, s9
core   0: 3 0x80005830 (0x019049b3) x19 0x00000003
core   0: 0x80005834 (0x039b9e33) mulh    t3, s7, s9
core   0: 3 0x80005834 (0x039b9e33) x28 0xffffffff
core   0: 0x80005838 (0x027d3133) mulhu   sp, s10, t2
core   0: 3 0x80005838 (0x027d3133) x 2 0x228dc8c7
core   0: 0x8000583c (0x0000e295) c.bnez  a3, pc + 36
core   0: 3 0x8000583c (0xe295)
core   0: 0x80005860 (0x00000001) c.nop
core   0: 3 0x80005860 (0x0001)
core   0: 0x80005862 (0x00008749) c.srai  a4, 18
core   0: 3 0x80005862 (0x8749) x14 0xffffe000
core   0: 0x80005864 (0x00185363) bge     a6, ra, pc + 6
core   0: 3 0x80005864 (0x00185363)
core   0: 0x8000586a (0x0ff0000f) fence   iorw,iorw
core   0: 3 0x8000586a (0x0ff0000f)
core   0: 0x8000586e (0x01931113) slli    sp, t1, 25
core   0: 3 0x8000586e (0x01931113) x 2 0x36000000
core   0: 0x80005872 (0x00add463) bge     s11, a0, pc + 8
core   0: 3 0x80005872 (0x00add463)
core   0: 0x8000587a (0x00e75e33) srl     t3, a4, a4
core   0: 3 0x8000587a (0x00e75e33) x28 0xffffe000
core   0: 0x8000587e (0x000094ba) c.add   s1, a4
core   0: 3 0x8000587e (0x94ba) x 9 0xffffddff
core   0: 0x80005880 (0xd66e7213) andi    tp, t3, -666
core   0: 3 0x80005880 (0xd66e7213) x 4 0xffffe000
core   0: 0x80005884 (0x01e45593) srli    a1, s0, 30
core   0: 3 0x80005884 (0x01e45593) x11 0x00000000
core   0: 0x80005888 (0x00bb2fb3) slt     t6, s6, a1
core   0: 3 0x80005888 (0x00bb2fb3) x31 0x00000000
core   0: 0x8000588c (0x03870663) beq     a4, s8, pc + 44
core   0: 3 0x8000588c (0x03870663)
core   0: 0x80005890 (0x00008dcd) c.or    a1, a1
core   0: 3 0x80005890 (0x8dcd) x11 0x00000000
core   0: 0x80005892 (0x4095d093) srai    ra, a1, 9
core   0: 3 0x80005892 (0x4095d093) x 1 0x00000000
core   0: 0x80005896 (0x00008589) c.srai  a1, 2
core   0: 3 0x80005896 (0x8589) x11 0x00000000
core   0: 0x80005898 (0x7587b293) sltiu   t0, a5, 1880
core   0: 3 0x80005898 (0x7587b293) x 5 0x00000001
core   0: 0x8000589c (0x00e01463) bne     zero, a4, pc + 8
core   0: 3 0x8000589c (0x00e01463)
core   0: 0x800058a4 (0x03b8f033) remu    zero, a7, s11
core   0: 3 0x800058a4 (0x03b8f033)
core   0: 0x800058a8 (0x00000001) c.nop
core   0: 3 0x800058a8 (0x0001)
core   0: 0x800058aa (0x01f15763) bge     sp, t6, pc + 14
core   0: 3 0x800058aa (0x01f15763)
core   0: 0x800058b8 (0x00008e5a) c.mv    t3, s6
core   0: 3 0x800058b8 (0x8e5a) x28 0x59b40000
core   0: 0x800058ba (0x03537eb3) remu    t4, t1, s5
core   0: 3 0x800058ba (0x03537eb3) x29 0x0001c61b
core   0: 0x800058be (0x01949f93) slli    t6, s1, 25
core   0: 3 0x800058be (0x01949f93) x31 0xfe000000
core   0: 0x800058c2 (0x00000ecd) c.addi  t4, 19
core   0: 3 0x800058c2 (0x0ecd) x29 0x0001c62e
core   0: 0x800058c4 (0xa6f4c813) xori    a6, s1, -1425
core   0: 3 0x800058c4 (0xa6f4c813) x16 0x00002790
core   0: 0x800058c8 (0x00d17fb3) and     t6, sp, a3
core   0: 3 0x800058c8 (0x00d17fb3) x31 0x00000000
core   0: 0x800058cc (0x00ba5d13) srli    s10, s4, 11
core   0: 3 0x800058cc (0x00ba5d13) x26 0x00000038
core   0: 0x800058d0 (0x00008725) c.srai  a4, 9
core   0: 3 0x800058d0 (0x8725) x14 0xfffffff0
core   0: 0x800058d2 (0x001e5093) srli    ra, t3, 1
core   0: 3 0x800058d2 (0x001e5093) x 1 0x2cda0000
core   0: 0x800058d6 (0x034617b3) mulh    a5, a2, s4
core   0: 3 0x800058d6 (0x034617b3) x15 0xffff2004
core   0: 0x800058da (0x612f8913) addi    s2, t6, 1554
core   0: 3 0x800058da (0x612f8913) x18 0x00000612
core   0: 0x800058de (0x004a59b3) srl     s3, s4, tp
core   0: 3 0x800058de (0x004a59b3) x19 0x0001c000
core   0: 0x800058e2 (0x00e35a13) srli    s4, t1, 14
core   0: 3 0x800058e2 (0x00e35a13) x20 0x00000007
core   0: 0x800058e6 (0x0000ed91) c.bnez  a1, pc + 28
core   0: 3 0x800058e6 (0xed91)
core   0: 0x800058e8 (0x01b65863) bge     a2, s11, pc + 16
core   0: 3 0x800058e8 (0x01b65863)
core   0: 0x800058ec (0x424cad13) slti    s10, s9, 1060
core   0: 3 0x800058ec (0x424cad13) x26 0x00000001
core   0: 0x800058f0 (0x006e3133) sltu    sp, t3, t1
core   0: 3 0x800058f0 (0x006e3133) x 2 0x00000000
core   0: 0x800058f4 (0x02edceb3) div     t4, s11, a4
core   0: 3 0x800058f4 (0x02edceb3) x29 0xfbdbd1e7
core   0: 0x800058f8 (0x00116f63) bltu    sp, ra, pc + 30
core   0: 3 0x800058f8 (0x00116f63)
core   0: 0x80005916 (0x0153cb33) xor     s6, t2, s5
core   0: 3 0x80005916 (0x0153cb33) x22 0x4b2e079e
core   0: 0x8000591a (0x00008d46) c.mv    s10, a7
core   0: 3 0x8000591a (0x8d46) x26 0x0001b000
core   0: 0x8000591c (0x00008422) c.mv    s0, s0
core   0: 3 0x8000591c (0x8422) x 8 0x00000131
core   0: 0x8000591e (0x0000078c) c.addi4spn a1, sp, 960
core   0: 3 0x8000591e (0x078c) x11 0x000003c0
core   0: 0x80005920 (0x005f8033) add     zero, t6, t0
core   0: 3 0x80005920 (0x005f8033)
core   0: 0x80005924 (0x00008dbd) c.xor   a1, a5
core   0: 3 0x80005924 (0x8dbd) x11 0xffff23c4
core   0: 0x80005926 (0x56a1cab7) lui     s5, 0x56a1c
core   0: 3 0x80005926 (0x56a1cab7) x21 0x56a1c000
core   0: 0x8000592a (0x009059b3) srl     s3, zero, s1
core   0: 3 0x8000592a (0x009059b3) x19 0x00000000
core   0: 0x8000592e (0x024fa2b3) mulhsu  t0, t6, tp
core   0: 3 0x8000592e (0x024fa2b3) x 5 0x00000000
core   0: 0x80005932 (0x40475693) srai    a3, a4, 4
core   0: 3 0x80005932 (0x40475693) x13 0xffffffff
core   0: 0x80005936 (0x03d10833) mul     a6, sp, t4
core   0: 3 0x80005936 (0x03d10833) x16 0x00000000
core   0: 0x8000593a (0x00bd1313) slli    t1, s10, 11
core   0: 3 0x8000593a (0x00bd1313) x 6 0x0d800000
core   0: 0x8000593e (0x00008c9d) c.sub   s1, a5
core   0: 3 0x8000593e (0x8c9d) x 9 0x0000bdfb
core   0: 0x80005940 (0x00645c63) bge     s0, t1, pc + 24
core   0: 3 0x80005940 (0x00645c63)
core   0: 0x80005944 (0x0ff0000f) fence   iorw,iorw
core   0: 3 0x80005944 (0x0ff0000f)
core   0: 0x80005948 (0x402d5793) srai    a5, s10, 2
core   0: 3 0x80005948 (0x402d5793) x15 0x00006c00
core   0: 0x8000594c (0x000090da) c.add   ra, s6
core   0: 3 0x8000594c (0x90da) x 1 0x7808079e
core   0: 0x8000594e (0x00aec563) blt     t4, a0, pc + 10
core   0: 3 0x8000594e (0x00aec563)
core   0: 0x80005952 (0x0000100f) fence.i
core   0: 3 0x80005952 (0x0000100f)
core   0: 0x80005956 (0x000066bd) c.lui   a3, 0xf
core   0: 3 0x80005956 (0x66bd) x13 0x0000f000
core   0: 0x80005958 (0x0204d333) divu    t1, s1, zero
core   0: 3 0x80005958 (0x0204d333) x 6 0xffffffff
core   0: 0x8000595c (0x00008421) c.srai  s0, 8
core   0: 3 0x8000595c (0x8421) x 8 0x00000001
core   0: 0x8000595e (0x00008f15) c.sub   a4, a3
core   0: 3 0x8000595e (0x8f15) x14 0xffff0ff0
core   0: 0x80005960 (0x00000880) c.addi4spn s0, sp, 80
core   0: 3 0x80005960 (0x0880) x 8 0x00000050
core   0: 0x80005962 (0x0000717d) c.addi16sp sp, -16
core   0: 3 0x80005962 (0x717d) x 2 0xfffffff0
core   0: 0x80005964 (0x0000920e) c.add   tp, gp
core   0: 3 0x80005964 (0x920e) x 4 0xffffe00a
core   0: 0x80005966 (0x0138cd33) xor     s10, a7, s3
core   0: 3 0x80005966 (0x0138cd33) x26 0x0001b000
core   0: 0x8000596a (0xe7a9a2b7) lui     t0, 0xe7a9a
core   0: 3 0x8000596a (0xe7a9a2b7) x 5 0xe7a9a000
core   0: 0x8000596e (0x00008055) c.srli  s0, 21
core   0: 3 0x8000596e (0x8055) x 8 0x00000000
core   0: 0x80005970 (0x00a0036f) jal     t1, pc + 0xa
core   0: 3 0x80005970 (0x00a0036f) x 6 0x80005974
core   0: 0x8000597a (0x012009ef) jal     s3, pc + 0x12
core   0: 3 0x8000597a (0x012009ef) x19 0x8000597e
core   0: 0x8000598c (0xfe9ff46f) jal     s0, pc - 0x18
core   0: 3 0x8000598c (0xfe9ff46f) x 8 0x80005990
core   0: 0x80005974 (0x0000a005) c.j     pc + 32
core   0: 3 0x80005974 (0xa005)
core   0: 0x80005994 (0x0000a01d) c.j     pc + 38
core   0: 3 0x80005994 (0xa01d)
core   0: 0x800059ba (0x0000bf75) c.j     pc - 68
core   0: 3 0x800059ba (0xbf75)
core   0: 0x80005976 (0x0360036f) jal     t1, pc + 0x36
core   0: 3 0x80005976 (0x0360036f) x 6 0x8000597a
core   0: 0x800059ac (0xff7ff7ef) jal     a5, pc - 0xa
core   0: 3 0x800059ac (0xff7ff7ef) x15 0x800059b0
core   0: 0x800059a2 (0x0000b7fd) c.j     pc - 18
core   0: 3 0x800059a2 (0xb7fd)
core   0: 0x80005990 (0xff9ff2ef) jal     t0, pc - 0x8
core   0: 3 0x80005990 (0xff9ff2ef) x 5 0x80005994
core   0: 0x80005988 (0x00002039) c.jal   pc + 14
core   0: 3 0x80005988 (0x2039) x 1 0x8000598a
core   0: 0x80005996 (0xff5ff0ef) jal     pc - 0xc
core   0: 3 0x80005996 (0xff5ff0ef) x 1 0x8000599a
core   0: 0x8000598a (0x0000bfd5) c.j     pc - 12
core   0: 3 0x8000598a (0xbfd5)
core   0: 0x8000597e (0x034000ef) jal     pc + 0x34
core   0: 3 0x8000597e (0x034000ef) x 1 0x80005982
core   0: 0x800059b2 (0xfd3ff0ef) jal     pc - 0x2e
core   0: 3 0x800059b2 (0xfd3ff0ef) x 1 0x800059b6
core   0: 0x80005984 (0x00002015) c.jal   pc + 36
core   0: 3 0x80005984 (0x2015) x 1 0x80005986
core   0: 0x800059a8 (0x0000bfe9) c.j     pc - 38
core   0: 3 0x800059a8 (0xbfe9)
core   0: 0x80005982 (0x00002831) c.jal   pc + 28
core   0: 3 0x80005982 (0x2831) x 1 0x80005984
core   0: 0x8000599e (0x00600b6f) jal     s6, pc + 0x6
core   0: 3 0x8000599e (0x00600b6f) x22 0x800059a2
core   0: 0x800059a4 (0x00002809) c.jal   pc + 18
core   0: 3 0x800059a4 (0x2809) x 1 0x800059a6
core   0: 0x800059b6 (0x000037d5) c.jal   pc - 28
core   0: 3 0x800059b6 (0x37d5) x 1 0x800059b8
core   0: 0x8000599a (0x0000a009) c.j     pc + 2
core   0: 3 0x8000599a (0xa009)
core   0: 0x8000599c (0x00002831) c.jal   pc + 28
core   0: 3 0x8000599c (0x2831) x 1 0x8000599e
core   0: 0x800059b8 (0x000037f9) c.jal   pc - 50
core   0: 3 0x800059b8 (0x37f9) x 1 0x800059ba
core   0: 0x80005986 (0x0000a02d) c.j     pc + 42
core   0: 3 0x80005986 (0xa02d)
core   0: 0x800059b0 (0x00003fed) c.jal   pc - 6
core   0: 3 0x800059b0 (0x3fed) x 1 0x800059b2
core   0: 0x800059aa (0x0000bff5) c.j     pc - 4
core   0: 3 0x800059aa (0xbff5)
core   0: 0x800059a6 (0x0000a819) c.j     pc + 22
core   0: 3 0x800059a6 (0xa819)
core   0: 0x800059bc (0x00009e42) c.add   t3, a6
core   0: 3 0x800059bc (0x9e42) x28 0x59b40000
core   0: 0x800059be (0x035fa5b3) mulhsu  a1, t6, s5
core   0: 3 0x800059be (0x035fa5b3) x11 0x00000000
core   0: 0x800059c2 (0x00008f6d) c.and   a4, a1
core   0: 3 0x800059c2 (0x8f6d) x14 0x00000000
core   0: 0x800059c4 (0x01a6d333) srl     t1, a3, s10
core   0: 3 0x800059c4 (0x01a6d333) x 6 0x0000f000
core   0: 0x800059c8 (0xad707913) andi    s2, zero, -1321
core   0: 3 0x800059c8 (0xad707913) x18 0x00000000
core   0: 0x800059cc (0x41118eb3) sub     t4, gp, a7
core   0: 3 0x800059cc (0x41118eb3) x29 0xfffe500a
core   0: 0x800059d0 (0x0276b9b3) mulhu   s3, a3, t2
core   0: 3 0x800059d0 (0x0276b9b3) x19 0x0000467b
core   0: 0x800059d4 (0x013e50b3) srl     ra, t3, s3
core   0: 3 0x800059d4 (0x013e50b3) x 1 0x0000000b
core   0: 0x800059d8 (0x0ff0000f) fence   iorw,iorw
core   0: 3 0x800059d8 (0x0ff0000f)
core   0: 0x800059dc (0x00008ddd) c.or    a1, a5
core   0: 3 0x800059dc (0x8ddd) x11 0x800059b0
core   0: 0x800059de (0x000c29b3) slt     s3, s8, zero
core   0: 3 0x800059de (0x000c29b3) x19 0x00000000
core   0: 0x800059e2 (0x01a9df63) bge     s3, s10, pc + 30
core   0: 3 0x800059e2 (0x01a9df63)
core   0: 0x800059e6 (0x0d072c93) slti    s9, a4, 208
core   0: 3 0x800059e6 (0x0d072c93) x25 0x00000001
core   0: 0x800059ea (0x0ff0000f) fence   iorw,iorw
core   0: 3 0x800059ea (0x0ff0000f)
core   0: 0x800059ee (0x40118d33) sub     s10, gp, ra
core   0: 3 0x800059ee (0x40118d33) x26 0xffffffff
core   0: 0x800059f2 (0x01de1a33) sll     s4, t3, t4
core   0: 3 0x800059f2 (0x01de1a33) x20 0xd0000000
core   0: 0x800059f6 (0xfb6da013) slti    zero, s11, -74
core   0: 3 0x800059f6 (0xfb6da013)
core   0: 0x800059fa (0x00008252) c.mv    tp, s4
core   0: 3 0x800059fa (0x8252) x 4 0xd0000000
core   0: 0x800059fc (0x00381b33) sll     s6, a6, gp
core   0: 3 0x800059fc (0x00381b33) x22 0x00000000
core   0: 0x80005a00 (0x021247b3) div     a5, tp, ra
core   0: 3 0x80005a00 (0x021247b3) x15 0xfba2e8bb
core   0: 0x80005a04 (0x011df2b3) and     t0, s11, a7
core   0: 3 0x80005a04 (0x011df2b3) x 5 0x0000a000
core   0: 0x80005a08 (0x01c16263) bltu    sp, t3, pc + 4
core   0: 3 0x80005a08 (0x01c16263)
core   0: 0x80005a0c (0x00008041) c.srli  s0, 16
core   0: 3 0x80005a0c (0x8041) x 8 0x00008000
core   0: 0x80005a0e (0x8b877d17) auipc   s10, 0x8b877
core   0: 3 0x80005a0e (0x8b877d17) x26 0x0b87ca0e
core   0: 0x80005a12 (0x0157f263) bgeu    a5, s5, pc + 4
core   0: 3 0x80005a12 (0x0157f263)
core   0: 0x80005a16 (0x02dc9a33) mulh    s4, s9, a3
core   0: 3 0x80005a16 (0x02dc9a33) x20 0x00000000
core   0: 0x80005a1a (0x0189b3b3) sltu    t2, s3, s8
core   0: 3 0x80005a1a (0x0189b3b3) x 7 0x00000001
core   0: 0x80005a1e (0x00699663) bne     s3, t1, pc + 12
core   0: 3 0x80005a1e (0x00699663)
core   0: 0x80005a2a (0x035377b3) remu    a5, t1, s5
core   0: 3 0x80005a2a (0x035377b3) x15 0x0000f000
core   0: 0x80005a2e (0x000004aa) c.slli  s1, 10
core   0: 3 0x80005a2e (0x04aa) x 9 0x02f7ec00
core   0: 0x80005a30 (0x00000001) c.nop
core   0: 3 0x80005a30 (0x0001)
core   0: 0x80005a32 (0x41085ab3) sra     s5, a6, a6
core   0: 3 0x80005a32 (0x41085ab3) x21 0x00000000
core   0: 0x80005a36 (0x00000580) c.addi4spn s0, sp, 704
core   0: 3 0x80005a36 (0x0580) x 8 0x000002b0
core   0: 0x80005a38 (0x00cd1cb3) sll     s9, s10, a2
core   0: 3 0x80005a38 (0x00cd1cb3) x25 0xb87ca0e0
core   0: 0x80005a3c (0x0000cc89) c.beqz  s1, pc + 26
core   0: 3 0x80005a3c (0xcc89)
core   0: 0x80005a3e (0x40c706b3) sub     a3, a4, a2
core   0: 3 0x80005a3e (0x40c706b3) x13 0x7ffda19c
core   0: 0x80005a42 (0x0115c663) blt     a1, a7, pc + 12
core   0: 3 0x80005a42 (0x0115c663)
core   0: 0x80005a4e (0x03b495b3) mulh    a1, s1, s11
core   0: 3 0x80005a4e (0x03b495b3) x11 0x00c4b160
core   0: 0x80005a52 (0x00c91293) slli    t0, s2, 12
core   0: 3 0x80005a52 (0x00c91293) x 5 0x00000000
core   0: 0x80005a56 (0x00000b79) c.addi  s6, 30
core   0: 3 0x80005a56 (0x0b79) x22 0x0000001e
core   0: 0x80005a58 (0x0000100f) fence.i
core   0: 3 0x80005a58 (0x0000100f)
core   0: 0x80005a5c (0x00006c2d) c.lui   s8, 0xb
core   0: 3 0x80005a5c (0x6c2d) x24 0x0000b000
core   0: 0x80005a5e (0x02955263) bge     a0, s1, pc + 36
core   0: 3 0x80005a5e (0x02955263)
core   0: 0x80005a62 (0x00008075) c.srli  s0, 29
core   0: 3 0x80005a62 (0x8075) x 8 0x00000000
core   0: 0x80005a64 (0x000055fd) c.li    a1, -1
core   0: 3 0x80005a64 (0x55fd) x11 0xffffffff
core   0: 0x80005a66 (0x4131df93) srai    t6, gp, 19
core   0: 3 0x80005a66 (0x4131df93) x31 0x00000000
core   0: 0x80005a6a (0x00008d8d) c.sub   a1, a1
core   0: 3 0x80005a6a (0x8d8d) x11 0x00000000
core   0: 0x80005a6c (0x01a0a7b3) slt     a5, ra, s10
core   0: 3 0x80005a6c (0x01a0a7b3) x15 0x00000001
core   0: 0x80005a70 (0x00009c4e) c.add   s8, s3
core   0: 3 0x80005a70 (0x9c4e) x24 0x0000b000
core   0: 0x80005a72 (0x03911363) bne     sp, s9, pc + 38
core   0: 3 0x80005a72 (0x03911363)
core   0: 0x80005a98 (0x00bee763) bltu    t4, a1, pc + 14
core   0: 3 0x80005a98 (0x00bee763)
core   0: 0x80005a9c (0x00006151) c.addi16sp sp, 272
core   0: 3 0x80005a9c (0x6151) x 2 0x00000100
core   0: 0x80005a9e (0x03154733) div     a4, a0, a7
core   0: 3 0x80005a9e (0x03154733) x14 0xffffb428
core   0: 0x80005aa2 (0x0140d663) bge     ra, s4, pc + 12
core   0: 3 0x80005aa2 (0x0140d663)
core   0: 0x80005aae (0x01055833) srl     a6, a0, a6
core   0: 3 0x80005aae (0x01055833) x16 0x80029ce4
core   0: 0x80005ab2 (0x01e1fc63) bgeu    gp, t5, pc + 24
core   0: 3 0x80005ab2 (0x01e1fc63)
core   0: 0x80005ab6 (0x006f8b63) beq     t6, t1, pc + 22
core   0: 3 0x80005ab6 (0x006f8b63)
core   0: 0x80005aba (0x000080fd) c.srli  s1, 31
core   0: 3 0x80005aba (0x80fd) x 9 0x00000000
core   0: 0x80005abc (0x01a43a33) sltu    s4, s0, s10
core   0: 3 0x80005abc (0x01a43a33) x20 0x00000001
core   0: 0x80005ac0 (0x020787b3) mul     a5, a5, zero
core   0: 3 0x80005ac0 (0x020787b3) x15 0x00000000
core   0: 0x80005ac4 (0x00008bb5) c.andi  a5, 13
core   0: 3 0x80005ac4 (0x8bb5) x15 0x00000000
core   0: 0x80005ac6 (0x0d09c213) xori    tp, s3, 208
core   0: 3 0x80005ac6 (0x0d09c213) x 4 0x000000d0
core   0: 0x80005aca (0x0000840e) c.mv    s0, gp
core   0: 3 0x80005aca (0x840e) x 8 0x0000000a
core   0: 0x80005acc (0x02799263) bne     s3, t2, pc + 36
core   0: 3 0x80005acc (0x02799263)
core   0: 0x80005af0 (0x32b90713) addi    a4, s2, 811
core   0: 3 0x80005af0 (0x32b90713) x14 0x0000032b
core   0: 0x80005af4 (0x00a2ed63) bltu    t0, a0, pc + 26
core   0: 3 0x80005af4 (0x00a2ed63)
core   0: 0x80005b0e (0x009d88b3) add     a7, s11, s1
core   0: 3 0x80005b0e (0x009d88b3) x17 0x4242e194
core   0: 0x80005b12 (0x00aa8cb3) add     s9, s5, a0
core   0: 3 0x80005b12 (0x00aa8cb3) x25 0x80029ce4
core   0: 0x80005b16 (0x00885413) srli    s0, a6, 8
core   0: 3 0x80005b16 (0x00885413) x 8 0x0080029c
core   0: 0x80005b1a (0x02a50e63) beq     a0, a0, pc + 60
core   0: 3 0x80005b1a (0x02a50e63)
core   0: 0x80005b56 (0x02d0d9b3) divu    s3, ra, a3
core   0: 3 0x80005b56 (0x02d0d9b3) x19 0x00000000
core   0: 0x80005b5a (0x00000001) c.nop
core   0: 3 0x80005b5a (0x0001)
core   0: 0x80005b5c (0x01e6b1b3) sltu    gp, a3, t5
core   0: 3 0x80005b5c (0x01e6b1b3) x 3 0x00000001
core   0: 0x80005b60 (0x04dc5463) bge     s8, a3, pc + 72
core   0: 3 0x80005b60 (0x04dc5463)
core   0: 0x80005b64 (0x022a33b3) mulhu   t2, s4, sp
core   0: 3 0x80005b64 (0x022a33b3) x 7 0x00000000
core   0: 0x80005b68 (0x001eb233) sltu    tp, t4, ra
core   0: 3 0x80005b68 (0x001eb233) x 4 0x00000000
core   0: 0x80005b6c (0x02333eb3) mulhu   t4, t1, gp
core   0: 3 0x80005b6c (0x02333eb3) x29 0x00000000
core   0: 0x80005b70 (0x41c5dab3) sra     s5, a1, t3
core   0: 3 0x80005b70 (0x41c5dab3) x21 0x00000000
core   0: 0x80005b74 (0x01539cb3) sll     s9, t2, s5
core   0: 3 0x80005b74 (0x01539cb3) x25 0x00000000
core   0: 0x80005b78 (0x0059d463) bge     s3, t0, pc + 8
core   0: 3 0x80005b78 (0x0059d463)
core   0: 0x80005b80 (0x00a47f63) bgeu    s0, a0, pc + 30
core   0: 3 0x80005b80 (0x00a47f63)
core   0: 0x80005b84 (0x0398acb3) mulhsu  s9, a7, s9
core   0: 3 0x80005b84 (0x0398acb3) x25 0x00000000
core   0: 0x80005b88 (0x01282833) slt     a6, a6, s2
core   0: 3 0x80005b88 (0x01282833) x16 0x00000001
core   0: 0x80005b8c (0x69764f93) xori    t6, a2, 1687
core   0: 3 0x80005b8c (0x69764f93) x31 0x800258f3
core   0: 0x80005b90 (0x01ebf7b3) and     a5, s7, t5
core   0: 3 0x80005b90 (0x01ebf7b3) x15 0xffffffff
core   0: 0x80005b94 (0x000098fd) c.andi  s1, -1
core   0: 3 0x80005b94 (0x98fd) x 9 0x00000000
core   0: 0x80005b96 (0x00215663) bge     sp, sp, pc + 12
core   0: 3 0x80005b96 (0x00215663)
core   0: 0x80005ba2 (0x0000c589) c.beqz  a1, pc + 10
core   0: 3 0x80005ba2 (0xc589)
core   0: 0x80005bac (0x00c26c63) bltu    tp, a2, pc + 24
core   0: 3 0x80005bac (0x00c26c63)
core   0: 0x80005bc4 (0x000006e6) c.slli  a3, 25
core   0: 3 0x80005bc4 (0x06e6) x13 0x38000000
core   0: 0x80005bc6 (0x03b74033) div     zero, a4, s11
core   0: 3 0x80005bc6 (0x03b74033)
core   0: 0x80005bca (0x00008c6d) c.and   s0, a1
core   0: 3 0x80005bca (0x8c6d) x 8 0x00000000
core   0: 0x80005bcc (0x000b7263) bgeu    s6, zero, pc + 4
core   0: 3 0x80005bcc (0x000b7263)
core   0: 0x80005bd0 (0x0388c033) div     zero, a7, s8
core   0: 3 0x80005bd0 (0x0388c033)
core   0: 0x80005bd4 (0x00006d55) c.lui   s10, 0x15
core   0: 3 0x80005bd4 (0x6d55) x26 0x00015000
core   0: 0x80005bd6 (0x03508363) beq     ra, s5, pc + 38
core   0: 3 0x80005bd6 (0x03508363)
core   0: 0x80005bda (0x00000001) c.nop
core   0: 3 0x80005bda (0x0001)
core   0: 0x80005bdc (0x000083b2) c.mv    t2, a2
core   0: 3 0x80005bdc (0x83b2) x 7 0x80025e64
core   0: 0x80005bde (0x00009c5e) c.add   s8, s7
core   0: 3 0x80005bde (0x9c5e) x24 0x0000afff
core   0: 0x80005be0 (0x00008dd1) c.or    a1, a2
core   0: 3 0x80005be0 (0x8dd1) x11 0x80025e64
core   0: 0x80005be2 (0x0000078e) c.slli  a5, 3
core   0: 3 0x80005be2 (0x078e) x15 0xfffffff8
core   0: 0x80005be4 (0x00000001) c.nop
core   0: 3 0x80005be4 (0x0001)
core   0: 0x80005be6 (0x00008039) c.srli  s0, 14
core   0: 3 0x80005be6 (0x8039) x 8 0x00000000
core   0: 0x80005be8 (0x036fdfb3) divu    t6, t6, s6
core   0: 3 0x80005be8 (0x036fdfb3) x31 0x0444584c
core   0: 0x80005bec (0x400787b3) sub     a5, a5, zero
core   0: 3 0x80005bec (0x400787b3) x15 0xfffffff8
core   0: 0x80005bf0 (0x00cdd6b3) srl     a3, s11, a2
core   0: 3 0x80005bf0 (0x00cdd6b3) x13 0x04242e19
core   0: 0x80005bf4 (0x00ade863) bltu    s11, a0, pc + 16
core   0: 3 0x80005bf4 (0x00ade863)
core   0: 0x80005c04 (0x0ff0000f) fence   iorw,iorw
core   0: 3 0x80005c04 (0x0ff0000f)
core   0: 0x80005c08 (0x0000ee89) c.bnez  a3, pc + 26
core   0: 3 0x80005c08 (0xee89)
core   0: 0x80005c22 (0x00004249) c.li    tp, 18
core   0: 3 0x80005c22 (0x4249) x 4 0x00000012
core   0: 0x80005c24 (0x00008ad1) c.andi  a3, 20
core   0: 3 0x80005c24 (0x8ad1) x13 0x00000010
core   0: 0x80005c26 (0x000081a5) c.srli  a1, 9
core   0: 3 0x80005c26 (0x81a5) x11 0x0040012f
core   0: 0x80005c28 (0x0316c363) blt     a3, a7, pc + 38
core   0: 3 0x80005c28 (0x0316c363)
core   0: 0x80005c4e (0x98296313) ori     t1, s2, -1662
core   0: 3 0x80005c4e (0x98296313) x 6 0xfffff982
core   0: 0x80005c52 (0x0ff0000f) fence   iorw,iorw
core   0: 3 0x80005c52 (0x0ff0000f)
core   0: 0x80005c56 (0x01700133) add     sp, zero, s7
core   0: 3 0x80005c56 (0x01700133) x 2 0xffffffff
core   0: 0x80005c5a (0x02697e33) remu    t3, s2, t1
core   0: 3 0x80005c5a (0x02697e33) x28 0x00000000
core   0: 0x80005c5e (0x00000159) c.addi  sp, 22
core   0: 3 0x80005c5e (0x0159) x 2 0x00000015
core   0: 0x80005c60 (0x00008895) c.andi  s1, 5
core   0: 3 0x80005c60 (0x8895) x 9 0x00000000
core   0: 0x80005c62 (0x00879313) slli    t1, a5, 8
core   0: 3 0x80005c62 (0x00879313) x 6 0xfffff800
core   0: 0x80005c66 (0x00009b7d) c.andi  a4, -1
core   0: 3 0x80005c66 (0x9b7d) x14 0x0000032b
core   0: 0x80005c68 (0x038efbb3) remu    s7, t4, s8
core   0: 3 0x80005c68 (0x038efbb3) x23 0x00000000
core   0: 0x80005c6c (0xd9600593) li      a1, -618
core   0: 3 0x80005c6c (0xd9600593) x11 0xfffffd96
core   0: 0x80005c70 (0x00f516b3) sll     a3, a0, a5
core   0: 3 0x80005c70 (0x00f516b3) x13 0xe4000000
core   0: 0x80005c74 (0x0307c2b3) div     t0, a5, a6
core   0: 3 0x80005c74 (0x0307c2b3) x 5 0xfffffff8
core   0: 0x80005c78 (0x00008f45) c.or    a4, s1
core   0: 3 0x80005c78 (0x8f45) x14 0x0000032b
core   0: 0x80005c7a (0x2c0fe213) ori     tp, t6, 704
core   0: 3 0x80005c7a (0x2c0fe213) x 4 0x04445acc
core   0: 0x80005c7e (0x00001994) c.addi4spn a3, sp, 240
core   0: 3 0x80005c7e (0x1994) x13 0x00000105
core   0: 0x80005c80 (0x005f7733) and     a4, t5, t0
core   0: 3 0x80005c80 (0x005f7733) x14 0xfffffff8
core   0: 0x80005c84 (0x6769b997) auipc   s3, 0x6769b
core   0: 3 0x80005c84 (0x6769b997) x19 0xe76a0c84
core   0: 0x80005c88 (0x01ad54b3) srl     s1, s10, s10
core   0: 3 0x80005c88 (0x01ad54b3) x 9 0x00015000
core   0: 0x80005c8c (0xa18b7d13) andi    s10, s6, -1512
core   0: 3 0x80005c8c (0xa18b7d13) x26 0x00000018
core   0: 0x80005c90 (0x7f4bb6b7) lui     a3, 0x7f4bb
core   0: 3 0x80005c90 (0x7f4bb6b7) x13 0x7f4bb000
core   0: 0x80005c94 (0x20163e97) auipc   t4, 0x20163
core   0: 3 0x80005c94 (0x20163e97) x29 0xa0168c94
core   0: 0x80005c98 (0x40b35333) sra     t1, t1, a1
core   0: 3 0x80005c98 (0x40b35333) x 6 0xffffffff
core   0: 0x80005c9c (0xf978bab7) lui     s5, 0xf978b
core   0: 3 0x80005c9c (0xf978bab7) x21 0xf978b000
core   0: 0x80005ca0 (0x03f5e9b3) rem     s3, a1, t6
core   0: 3 0x80005ca0 (0x03f5e9b3) x19 0xfffffd96
core   0: 0x80005ca4 (0x6d21c913) xori    s2, gp, 1746
core   0: 3 0x80005ca4 (0x6d21c913) x18 0x000006d3
core   0: 0x80005ca8 (0x00001984) c.addi4spn s1, sp, 240
core   0: 3 0x80005ca8 (0x1984) x 9 0x00000105
core   0: 0x80005caa (0x0136ffb3) and     t6, a3, s3
core   0: 3 0x80005caa (0x0136ffb3) x31 0x7f4bb000
core   0: 0x80005cae (0x00e2c933) xor     s2, t0, a4
core   0: 3 0x80005cae (0x00e2c933) x18 0x00000000
core   0: 0x80005cb2 (0x00005f7d) c.li    t5, -1
core   0: 3 0x80005cb2 (0x5f7d) x30 0xffffffff
core   0: 0x80005cb4 (0x0118d433) srl     s0, a7, a7
core   0: 3 0x80005cb4 (0x0118d433) x 8 0x00000424
core   0: 0x80005cb8 (0x00000aca) c.slli  s5, 18
core   0: 3 0x80005cb8 (0x0aca) x21 0xc0000000
core   0: 0x80005cba (0x000089f5) c.andi  a1, 29
core   0: 3 0x80005cba (0x89f5) x11 0x00000014
core   0: 0x80005cbc (0x00a6ffb3) and     t6, a3, a0
core   0: 3 0x80005cbc (0x00a6ffb3) x31 0x00029000
core   0: 0x80005cc0 (0x00008cf5) c.and   s1, a3
core   0: 3 0x80005cc0 (0x8cf5) x 9 0x00000000
core   0: 0x80005cc2 (0x0ff0000f) fence   iorw,iorw
core   0: 3 0x80005cc2 (0x0ff0000f)
core   0: 0x80005cc6 (0x00000001) c.nop
core   0: 3 0x80005cc6 (0x0001)
core   0: 0x80005cc8 (0x44966bb7) lui     s7, 0x44966
core   0: 3 0x80005cc8 (0x44966bb7) x23 0x44966000
core   0: 0x80005ccc (0x00000001) c.nop
core   0: 3 0x80005ccc (0x0001)
core   0: 0x80005cce (0x00000001) c.nop
core   0: 3 0x80005cce (0x0001)
core   0: 0x80005cd0 (0x181c02b7) lui     t0, 0x181c0
core   0: 3 0x80005cd0 (0x181c02b7) x 5 0x181c0000
core   0: 0x80005cd4 (0x000086e9) c.srai  a3, 26
core   0: 3 0x80005cd4 (0x86e9) x13 0x0000001f
core   0: 0x80005cd6 (0x006ae733) or      a4, s5, t1
core   0: 3 0x80005cd6 (0x006ae733) x14 0xffffffff
core   0: 0x80005cda (0xa964ec93) ori     s9, s1, -1386
core   0: 3 0x80005cda (0xa964ec93) x25 0xfffffa96
core   0: 0x80005cde (0x42cc8713) addi    a4, s9, 1068
core   0: 3 0x80005cde (0x42cc8713) x14 0xfffffec2
core   0: 0x80005ce2 (0x00000001) c.nop
core   0: 3 0x80005ce2 (0x0001)
core   0: 0x80005ce4 (0x4124d6b3) sra     a3, s1, s2
core   0: 3 0x80005ce4 (0x4124d6b3) x13 0x00000000
core   0: 0x80005ce8 (0x00009f42) c.add   t5, a6
core   0: 3 0x80005ce8 (0x9f42) x30 0x00000000
core   0: 0x80005cea (0x00000b96) c.slli  s7, 5
core   0: 3 0x80005cea (0x0b96) x23 0x92cc0000
core   0: 0x80005cec (0x03ea0463) beq     s4, t5, pc + 40
core   0: 3 0x80005cec (0x03ea0463)
core   0: 0x80005cf0 (0x0000845e) c.mv    s0, s7
core   0: 3 0x80005cf0 (0x845e) x 8 0x92cc0000
core   0: 0x80005cf2 (0x0395d8b3) divu    a7, a1, s9
core   0: 3 0x80005cf2 (0x0395d8b3) x17 0x00000000
core   0: 0x80005cf6 (0x01a8ab33) slt     s6, a7, s10
core   0: 3 0x80005cf6 (0x01a8ab33) x22 0x00000001
core   0: 0x80005cfa (0x0000871e) c.mv    a4, t2
core   0: 3 0x80005cfa (0x871e) x14 0x80025e64
core   0: 0x80005cfc (0x03bcb833) mulhu   a6, s9, s11
core   0: 3 0x80005cfc (0x03bcb833) x16 0x4242e02d
core   0: 0x80005d00 (0x40cbd493) srai    s1, s7, 12
core   0: 3 0x80005d00 (0x40cbd493) x 9 0xfff92cc0
core   0: 0x80005d04 (0x028c99b3) mulh    s3, s9, s0
core   0: 3 0x80005d04 (0x028c99b3) x19 0x0000024f
core   0: 0x80005d08 (0x0000c39d) c.beqz  a5, pc + 38
core   0: 3 0x80005d08 (0xc39d)
core   0: 0x80005d0a (0x0000597d) c.li    s2, -1
core   0: 3 0x80005d0a (0x597d) x18 0xffffffff
core   0: 0x80005d0c (0x03704bb3) div     s7, zero, s7
core   0: 3 0x80005d0c (0x03704bb3) x23 0x00000000
core   0: 0x80005d10 (0x0ff0000f) fence   iorw,iorw
core   0: 3 0x80005d10 (0x0ff0000f)
core   0: 0x80005d14 (0x0165de33) srl     t3, a1, s6
core   0: 3 0x80005d14 (0x0165de33) x28 0x0000000a
core   0: 0x80005d18 (0x9d53ae93) slti    t4, t2, -1579
core   0: 3 0x80005d18 (0x9d53ae93) x29 0x00000001
core   0: 0x80005d1c (0x03ac71b3) remu    gp, s8, s10
core   0: 3 0x80005d1c (0x03ac71b3) x 3 0x00000007
core   0: 0x80005d20 (0x01165793) srli    a5, a2, 17
core   0: 3 0x80005d20 (0x01165793) x15 0x00004001
core   0: 0x80005d24 (0x01710a33) add     s4, sp, s7
core   0: 3 0x80005d24 (0x01710a33) x20 0x00000015
core   0: 0x80005d28 (0x02ef9d33) mulh    s10, t6, a4
core   0: 3 0x80005d28 (0x02ef9d33) x26 0xfffeb806
core   0: 0x80005d2c (0x00006cbd) c.lui   s9, 0xf
core   0: 3 0x80005d2c (0x6cbd) x25 0x0000f000
core   0: 0x80005d2e (0x09c5cf93) xori    t6, a1, 156
core   0: 3 0x80005d2e (0x09c5cf93) x31 0x00000088
core   0: 0x80005d32 (0x03ebd033) divu    zero, s7, t5
core   0: 3 0x80005d32 (0x03ebd033)
core   0: 0x80005d36 (0x00008ea9) c.xor   a3, a0
core   0: 3 0x80005d36 (0x8ea9) x13 0x80029ce4
core   0: 0x80005d38 (0x0000e315) c.bnez  a4, pc + 36
core   0: 3 0x80005d38 (0xe315)
core   0: 0x80005d5c (0x000081a1) c.srli  a1, 8
core   0: 3 0x80005d5c (0x81a1) x11 0x00000000
core   0: 0x80005d5e (0x01ddf7b3) and     a5, s11, t4
core   0: 3 0x80005d5e (0x01ddf7b3) x15 0x00000000
core   0: 0x80005d62 (0x0102b3b3) sltu    t2, t0, a6
core   0: 3 0x80005d62 (0x0102b3b3) x 7 0x00000001
core   0: 0x80005d66 (0x00009d0e) c.add   s10, gp
core   0: 3 0x80005d66 (0x9d0e) x26 0xfffeb80d
core   0: 0x80005d68 (0x000083bd) c.srli  a5, 15
core   0: 3 0x80005d68 (0x83bd) x15 0x00000000
core   0: 0x80005d6a (0x08766893) ori     a7, a2, 135
core   0: 3 0x80005d6a (0x08766893) x17 0x80025ee7
core   0: 0x80005d6e (0x00f7ef33) or      t5, a5, a5
core   0: 3 0x80005d6e (0x00f7ef33) x30 0x00000000
core   0: 0x80005d72 (0x0120d313) srli    t1, ra, 18
core   0: 3 0x80005d72 (0x0120d313) x 6 0x00000000
core   0: 0x80005d76 (0x02b13f33) mulhu   t5, sp, a1
core   0: 3 0x80005d76 (0x02b13f33) x30 0x00000000
core   0: 0x80005d7a (0x022fa933) mulhsu  s2, t6, sp
core   0: 3 0x80005d7a (0x022fa933) x18 0x00000000
core   0: 0x80005d7e (0x0000845d) c.srai  s0, 23
core   0: 3 0x80005d7e (0x845d) x 8 0xffffff25
core   0: 0x80005d80 (0x00000001) c.nop
core   0: 3 0x80005d80 (0x0001)
core   0: 0x80005d82 (0x01b982b3) add     t0, s3, s11
core   0: 3 0x80005d82 (0x01b982b3) x 5 0x4242e3e3
core   0: 0x80005d86 (0x0000e825) c.bnez  s0, pc + 112
core   0: 3 0x80005d86 (0xe825)
core   0: 0x80005df6 (0x00004c19) c.li    s8, 6
core   0: 3 0x80005df6 (0x4c19) x24 0x00000006
core   0: 0x80005df8 (0x645c39b7) lui     s3, 0x645c3
core   0: 3 0x80005df8 (0x645c39b7) x19 0x645c3000
core   0: 0x80005dfc (0x00824033) xor     zero, tp, s0
core   0: 3 0x80005dfc (0x00824033)
core   0: 0x80005e00 (0x0000100f) fence.i
core   0: 3 0x80005e00 (0x0000100f)
core   0: 0x80005e04 (0x40915ab3) sra     s5, sp, s1
core   0: 3 0x80005e04 (0x40915ab3) x21 0x00000015
core   0: 0x80005e08 (0x01dd9193) slli    gp, s11, 29
core   0: 3 0x80005e08 (0x01dd9193) x 3 0x80000000
core   0: 0x80005e0c (0x00008c19) c.sub   s0, a4
core   0: 3 0x80005e0c (0x8c19) x 8 0x7ffda0c1
core   0: 0x80005e0e (0x00000ea6) c.slli  t4, 9
core   0: 3 0x80005e0e (0x0ea6) x29 0x00000200
core   0: 0x80005e10 (0x41c95a13) srai    s4, s2, 28
core   0: 3 0x80005e10 (0x41c95a13) x20 0x00000000
core   0: 0x80005e14 (0x0ff0000f) fence   iorw,iorw
core   0: 3 0x80005e14 (0x0ff0000f)
core   0: 0x80005e18 (0x024a5133) divu    sp, s4, tp
core   0: 3 0x80005e18 (0x024a5133) x 2 0x00000000
core   0: 0x80005e1c (0x024e46b3) div     a3, t3, tp
core   0: 3 0x80005e1c (0x024e46b3) x13 0x00000000
core   0: 0x80005e20 (0x01c59733) sll     a4, a1, t3
core   0: 3 0x80005e20 (0x01c59733) x14 0x00000000
core   0: 0x80005e24 (0x0ff0000f) fence   iorw,iorw
core   0: 3 0x80005e24 (0x0ff0000f)
core   0: 0x80005e28 (0x5334e813) ori     a6, s1, 1331
core   0: 3 0x80005e28 (0x5334e813) x16 0xfff92df3
core   0: 0x80005e2c (0x0012ec63) bltu    t0, ra, pc + 24
core   0: 3 0x80005e2c (0x0012ec63)
core   0: 0x80005e30 (0xd6060913) addi    s2, a2, -672
core   0: 3 0x80005e30 (0xd6060913) x18 0x80025bc4
core   0: 0x80005e34 (0x001c8f33) add     t5, s9, ra
core   0: 3 0x80005e34 (0x001c8f33) x30 0x0000f00b
core   0: 0x80005e38 (0x000084a2) c.mv    s1, s0
core   0: 3 0x80005e38 (0x84a2) x 9 0x7ffda0c1
core   0: 0x80005e3a (0x0029a7b3) slt     a5, s3, sp
core   0: 3 0x80005e3a (0x0029a7b3) x15 0x00000000
core   0: 0x80005e3e (0x0000100f) fence.i
core   0: 3 0x80005e3e (0x0000100f)
core   0: 0x80005e42 (0x00000001) c.nop
core   0: 3 0x80005e42 (0x0001)
core   0: 0x80005e44 (0x0185c433) xor     s0, a1, s8
core   0: 3 0x80005e44 (0x0185c433) x 8 0x00000006
core   0: 0x80005e48 (0x00001200) c.addi4spn s0, sp, 288
core   0: 3 0x80005e48 (0x1200) x 8 0x00000120
core   0: 0x80005e4a (0x02a7c7b3) div     a5, a5, a0
core   0: 3 0x80005e4a (0x02a7c7b3) x15 0x00000000
core   0: 0x80005e4e (0xa9dac693) xori    a3, s5, -1379
core   0: 3 0x80005e4e (0xa9dac693) x13 0xfffffa88
core   0: 0x80005e52 (0x005184b3) add     s1, gp, t0
core   0: 3 0x80005e52 (0x005184b3) x 9 0xc242e3e3
core   0: 0x80005e56 (0x00008f59) c.or    a4, a4
core   0: 3 0x80005e56 (0x8f59) x14 0x00000000
core   0: 0x80005e58 (0x00000001) c.nop
core   0: 3 0x80005e58 (0x0001)
core   0: 0x80005e5a (0x000085e9) c.srai  a1, 26
core   0: 3 0x80005e5a (0x85e9) x11 0x00000000
core   0: 0x80005e5c (0x02acec33) rem     s8, s9, a0
core   0: 3 0x80005e5c (0x02acec33) x24 0x0000f000
core   0: 0x80005e60 (0x02734333) div     t1, t1, t2
core   0: 3 0x80005e60 (0x02734333) x 6 0x00000000
core   0: 0x80005e64 (0x000013fd) c.addi  t2, -1
core   0: 3 0x80005e64 (0x13fd) x 7 0x00000000
core   0: 0x80005e66 (0x00008741) c.srai  a4, 16
core   0: 3 0x80005e66 (0x8741) x14 0x00000000
core   0: 0x80005e68 (0x0000717d) c.addi16sp sp, -16
core   0: 3 0x80005e68 (0x717d) x 2 0xfffffff0
core   0: 0x80005e6a (0xb1147693) andi    a3, s0, -1263
core   0: 3 0x80005e6a (0xb1147693) x13 0x00000100
core   0: 0x80005e6e (0x01dc0433) add     s0, s8, t4
core   0: 3 0x80005e6e (0x01dc0433) x 8 0x0000f200
core   0: 0x80005e72 (0x00000cf2) c.slli  s9, 28
core   0: 3 0x80005e72 (0x0cf2) x25 0x00000000
core   0: 0x80005e74 (0x40f00cb3) sub     s9, zero, a5
core   0: 3 0x80005e74 (0x40f00cb3) x25 0x00000000
core   0: 0x80005e78 (0x01ddc433) xor     s0, s11, t4
core   0: 3 0x80005e78 (0x01ddc433) x 8 0x4242e394
core   0: 0x80005e7c (0x0101a733) slt     a4, gp, a6
core   0: 3 0x80005e7c (0x0101a733) x14 0x00000001
core   0: 0x80005e80 (0x00000001) c.nop
core   0: 3 0x80005e80 (0x0001)
core   0: 0x80005e82 (0x0332f5b3) remu    a1, t0, s3
core   0: 3 0x80005e82 (0x0332f5b3) x11 0x4242e3e3
core   0: 0x80005e86 (0x01ccacb3) slt     s9, s9, t3
core   0: 3 0x80005e86 (0x01ccacb3) x25 0x00000001
core   0: 0x80005e8a (0x00000472) c.slli  s0, 28
core   0: 3 0x80005e8a (0x0472) x 8 0x40000000
core   0: 0x80005e8c (0x00008a8d) c.andi  a3, 3
core   0: 3 0x80005e8c (0x8a8d) x13 0x00000000
core   0: 0x80005e8e (0x409e88b3) sub     a7, t4, s1
core   0: 3 0x80005e8e (0x409e88b3) x17 0x3dbd1e1d
core   0: 0x80005e92 (0x03dc07b3) mul     a5, s8, t4
core   0: 3 0x80005e92 (0x03dc07b3) x15 0x01e00000
core   0: 0x80005e96 (0x00001580) c.addi4spn s0, sp, 736
core   0: 3 0x80005e96 (0x1580) x 8 0x000002d0
core   0: 0x80005e98 (0x0000877e) c.mv    a4, t6
core   0: 3 0x80005e98 (0x877e) x14 0x00000088
core   0: 0x80005e9a (0x00006969) c.lui   s2, 0x1a
core   0: 3 0x80005e9a (0x6969) x18 0x0001a000
core   0: 0x80005e9c (0x0ff0000f) fence   iorw,iorw
core   0: 3 0x80005e9c (0x0ff0000f)
core   0: 0x80005ea0 (0xe933f213) andi    tp, t2, -365
core   0: 3 0x80005ea0 (0xe933f213) x 4 0x00000000
core   0: 0x80005ea4 (0x03be4133) div     sp, t3, s11
core   0: 3 0x80005ea4 (0x03be4133) x 2 0x00000000
core   0: 0x80005ea8 (0x00b44463) blt     s0, a1, pc + 8
core   0: 3 0x80005ea8 (0x00b44463)
core   0: 0x80005eb0 (0x001b61b3) or      gp, s6, ra
core   0: 3 0x80005eb0 (0x001b61b3) x 3 0x0000000b
core   0: 0x80005eb4 (0x011359b3) srl     s3, t1, a7
core   0: 3 0x80005eb4 (0x011359b3) x19 0x00000000
core   0: 0x80005eb8 (0x00009bfd) c.andi  a5, -1
core   0: 3 0x80005eb8 (0x9bfd) x15 0x01e00000
core   0: 0x80005eba (0x0000100f) fence.i
core   0: 3 0x80005eba (0x0000100f)
core   0: 0x80005ebe (0x0d1ce993) ori     s3, s9, 209
core   0: 3 0x80005ebe (0x0d1ce993) x19 0x000000d1
core   0: 0x80005ec2 (0x0000187d) c.addi  a6, -1
core   0: 3 0x80005ec2 (0x187d) x16 0xfff92df2
core   0: 0x80005ec4 (0xcc1c0197) auipc   gp, 0xcc1c0
core   0: 3 0x80005ec4 (0xcc1c0197) x 3 0x4c1c5ec4
core   0: 0x80005ec8 (0x000080b6) c.mv    ra, a3
core   0: 3 0x80005ec8 (0x80b6) x 1 0x00000000
core   0: 0x80005eca (0x022fbd33) mulhu   s10, t6, sp
core   0: 3 0x80005eca (0x022fbd33) x26 0x00000000
core   0: 0x80005ece (0x000086d5) c.srai  a3, 21
core   0: 3 0x80005ece (0x86d5) x13 0x00000000
core   0: 0x80005ed0 (0x00004479) c.li    s0, 30
core   0: 3 0x80005ed0 (0x4479) x 8 0x0000001e
core   0: 0x80005ed2 (0x03385733) divu    a4, a6, s3
core   0: 3 0x80005ed2 (0x03385733) x14 0x01398968
core   0: 0x80005ed6 (0x009fdd33) srl     s10, t6, s1
core   0: 3 0x80005ed6 (0x009fdd33) x26 0x00000011
core   0: 0x80005eda (0x02ca8fb3) mul     t6, s5, a2
core   0: 3 0x80005eda (0x02ca8fb3) x31 0x8031be34
core   0: 0x80005ede (0x00e38333) add     t1, t2, a4
core   0: 3 0x80005ede (0x00e38333) x 6 0x01398968
core   0: 0x80005ee2 (0x00008f9d) c.sub   a5, a5
core   0: 3 0x80005ee2 (0x8f9d) x15 0x00000000
core   0: 0x80005ee4 (0x000056fd) c.li    a3, -1
core   0: 3 0x80005ee4 (0x56fd) x13 0xffffffff
core   0: 0x80005ee6 (0xbcb23713) sltiu   a4, tp, -1077
core   0: 3 0x80005ee6 (0xbcb23713) x14 0x00000001
core   0: 0x80005eea (0x0ff0000f) fence   iorw,iorw
core   0: 3 0x80005eea (0x0ff0000f)
core   0: 0x80005eee (0x009d8363) beq     s11, s1, pc + 6
core   0: 3 0x80005eee (0x009d8363)
core   0: 0x80005ef2 (0x00008335) c.srli  a4, 13
core   0: 3 0x80005ef2 (0x8335) x14 0x00000000
core   0: 0x80005ef4 (0x0000100f) fence.i
core   0: 3 0x80005ef4 (0x0000100f)
core   0: 0x80005ef8 (0x001d5d13) srli    s10, s10, 1
core   0: 3 0x80005ef8 (0x001d5d13) x26 0x00000008
core   0: 0x80005efc (0x03a71233) mulh    tp, a4, s10
core   0: 3 0x80005efc (0x03a71233) x 4 0x00000000
core   0: 0x80005f00 (0x01fbd2b3) srl     t0, s7, t6
core   0: 3 0x80005f00 (0x01fbd2b3) x 5 0x00000000
core   0: 0x80005f04 (0x00bc25b3) slt     a1, s8, a1
core   0: 3 0x80005f04 (0x00bc25b3) x11 0x00000001
core   0: 0x80005f08 (0x03b0da33) divu    s4, ra, s11
core   0: 3 0x80005f08 (0x03b0da33) x20 0x00000000
core   0: 0x80005f0c (0x000082ed) c.srli  a3, 27
core   0: 3 0x80005f0c (0x82ed) x13 0x0000001f
core   0: 0x80005f0e (0x03a10bb3) mul     s7, sp, s10
core   0: 3 0x80005f0e (0x03a10bb3) x23 0x00000000
core   0: 0x80005f12 (0x000085e6) c.mv    a1, s9
core   0: 3 0x80005f12 (0x85e6) x11 0x00000001
core   0: 0x80005f14 (0x44870013) addi    zero, a4, 1096
core   0: 3 0x80005f14 (0x44870013)
core   0: 0x80005f18 (0x03821e33) mulh    t3, tp, s8
core   0: 3 0x80005f18 (0x03821e33) x28 0x00000000
core   0: 0x80005f1c (0x03d44663) blt     s0, t4, pc + 44
core   0: 3 0x80005f1c (0x03d44663)
core   0: 0x80005f48 (0x03ab19b3) mulh    s3, s6, s10
core   0: 3 0x80005f48 (0x03ab19b3) x19 0x00000000
core   0: 0x80005f4c (0x00008e95) c.sub   a3, a3
core   0: 3 0x80005f4c (0x8e95) x13 0x00000000
core   0: 0x80005f4e (0x029eda33) divu    s4, t4, s1
core   0: 3 0x80005f4e (0x029eda33) x20 0x00000000
core   0: 0x80005f52 (0x33696693) ori     a3, s2, 822
core   0: 3 0x80005f52 (0x33696693) x13 0x0001a336
core   0: 0x80005f56 (0x029bbc33) mulhu   s8, s7, s1
core   0: 3 0x80005f56 (0x029bbc33) x24 0x00000000
core   0: 0x80005f5a (0x0ff0000f) fence   iorw,iorw
core   0: 3 0x80005f5a (0x0ff0000f)
core   0: 0x80005f5e (0x00000001) c.nop
core   0: 3 0x80005f5e (0x0001)
core   0: 0x80005f60 (0x0000717d) c.addi16sp sp, -16
core   0: 3 0x80005f60 (0x717d) x 2 0xfffffff0
core   0: 0x80005f62 (0x0000148c) c.addi4spn a1, sp, 608
core   0: 3 0x80005f62 (0x148c) x11 0x00000250
core   0: 0x80005f64 (0x0000100f) fence.i
core   0: 3 0x80005f64 (0x0000100f)
core   0: 0x80005f68 (0x0423d037) lui     zero, 0x423d
core   0: 3 0x80005f68 (0x0423d037)
core   0: 0x80005f6c (0x01795733) srl     a4, s2, s7
core   0: 3 0x80005f6c (0x01795733) x14 0x0001a000
core   0: 0x80005f70 (0x00008cc5) c.or    s1, s1
core   0: 3 0x80005f70 (0x8cc5) x 9 0xc242e3e3
core   0: 0x80005f72 (0x0173dc63) bge     t2, s7, pc + 24
core   0: 3 0x80005f72 (0x0173dc63)
core   0: 0x80005f8a (0x0339bb33) mulhu   s6, s3, s3
core   0: 3 0x80005f8a (0x0339bb33) x22 0x00000000
core   0: 0x80005f8e (0x0074d1b3) srl     gp, s1, t2
core   0: 3 0x80005f8e (0x0074d1b3) x 3 0xc242e3e3
core   0: 0x80005f92 (0x00b6ab33) slt     s6, a3, a1
core   0: 3 0x80005f92 (0x00b6ab33) x22 0x00000000
core   0: 0x80005f96 (0x018d0d63) beq     s10, s8, pc + 26
core   0: 3 0x80005f96 (0x018d0d63)
core   0: 0x80005f9a (0x00008e6e) c.mv    t3, s11
core   0: 3 0x80005f9a (0x8e6e) x28 0x4242e194
core   0: 0x80005f9c (0x00008c7d) c.and   s0, a5
core   0: 3 0x80005f9c (0x8c7d) x 8 0x00000000
core   0: 0x80005f9e (0x6236e437) lui     s0, 0x6236e
core   0: 3 0x80005f9e (0x6236e437) x 8 0x6236e000
core   0: 0x80005fa2 (0x40d85e93) srai    t4, a6, 13
core   0: 3 0x80005fa2 (0x40d85e93) x29 0xffffffc9
core   0: 0x80005fa6 (0x013e6763) bltu    t3, s3, pc + 14
core   0: 3 0x80005fa6 (0x013e6763)
core   0: 0x80005faa (0x416302b3) sub     t0, t1, s6
core   0: 3 0x80005faa (0x416302b3) x 5 0x01398968
core   0: 0x80005fae (0x00008c89) c.sub   s1, a0
core   0: 3 0x80005fae (0x8c89) x 9 0x424046ff
core   0: 0x80005fb0 (0x0000100f) fence.i
core   0: 3 0x80005fb0 (0x0000100f)
core   0: 0x80005fb4 (0x00000001) c.nop
core   0: 3 0x80005fb4 (0x0001)
core   0: 0x80005fb6 (0x411f5733) sra     a4, t5, a7
core   0: 3 0x80005fb6 (0x411f5733) x14 0x00000000
core   0: 0x80005fba (0x03891463) bne     s2, s8, pc + 40
core   0: 3 0x80005fba (0x03891463)
core   0: 0x80005fe2 (0xbaab8293) addi    t0, s7, -1110
core   0: 3 0x80005fe2 (0xbaab8293) x 5 0xfffffbaa
core   0: 0x80005fe6 (0x00008f15) c.sub   a4, a3
core   0: 3 0x80005fe6 (0x8f15) x14 0xfffe5cca
core   0: 0x80005fe8 (0x00008cf9) c.and   s1, a4
core   0: 3 0x80005fe8 (0x8cf9) x 9 0x424044ca
core   0: 0x80005fea (0x00009b7d) c.andi  a4, -1
core   0: 3 0x80005fea (0x9b7d) x14 0xfffe5cca
core   0: 0x80005fec (0x0000c309) c.beqz  a4, pc + 2
core   0: 3 0x80005fec (0xc309)
core   0: 0x80005fee (0x03ec5d63) bge     s8, t5, pc + 58
core   0: 3 0x80005fee (0x03ec5d63)
core   0: 0x80005ff2 (0x0000547d) c.li    s0, -1
core   0: 3 0x80005ff2 (0x547d) x 8 0xffffffff
core   0: 0x80005ff4 (0x00000001) c.nop
core   0: 3 0x80005ff4 (0x0001)
core   0: 0x80005ff6 (0x01bb4563) blt     s6, s11, pc + 10
core   0: 3 0x80005ff6 (0x01bb4563)
core   0: 0x80006000 (0x0000100f) fence.i
core   0: 3 0x80006000 (0x0000100f)
core   0: 0x80006004 (0x031c0363) beq     s8, a7, pc + 38
core   0: 3 0x80006004 (0x031c0363)
core   0: 0x80006008 (0x0000613d) c.addi16sp sp, 480
core   0: 3 0x80006008 (0x613d) x 2 0x000001d0
core   0: 0x8000600a (0xcf4ec013) xori    zero, t4, -780
core   0: 3 0x8000600a (0xcf4ec013)
core   0: 0x8000600e (0x0089d933) srl     s2, s3, s0
core   0: 3 0x8000600e (0x0089d933) x18 0x00000000
core   0: 0x80006012 (0x01149813) slli    a6, s1, 17
core   0: 3 0x80006012 (0x01149813) x16 0x89940000
core   0: 0x80006016 (0x00000001) c.nop
core   0: 3 0x80006016 (0x0001)
core   0: 0x80006018 (0x034389b3) mul     s3, t2, s4
core   0: 3 0x80006018 (0x034389b3) x19 0x00000000
core   0: 0x8000601c (0x008218b3) sll     a7, tp, s0
core   0: 3 0x8000601c (0x008218b3) x17 0x00000000
core   0: 0x80006020 (0x0000100f) fence.i
core   0: 3 0x80006020 (0x0000100f)
core   0: 0x80006024 (0x018fa1b3) slt     gp, t6, s8
core   0: 3 0x80006024 (0x018fa1b3) x 3 0x00000001
core   0: 0x80006028 (0x00008cc9) c.or    s1, a0
core   0: 3 0x80006028 (0x8cc9) x 9 0xc242dcee
core   0: 0x8000602a (0x0068eab3) or      s5, a7, t1
core   0: 3 0x8000602a (0x0068eab3) x21 0x01398968
core   0: 0x8000602e (0x007cd363) bge     s9, t2, pc + 6
core   0: 3 0x8000602e (0x007cd363)
core   0: 0x80006034 (0x031133b3) mulhu   t2, sp, a7
core   0: 3 0x80006034 (0x031133b3) x 7 0x00000000
core   0: 0x80006038 (0xc89b2713) slti    a4, s6, -887
core   0: 3 0x80006038 (0xc89b2713) x14 0x00000000
core   0: 0x8000603c (0x00008ea9) c.xor   a3, a0
core   0: 3 0x8000603c (0x8ea9) x13 0x80033fd2
core   0: 0x8000603e (0x037d5863) bge     s10, s7, pc + 48
core   0: 3 0x8000603e (0x037d5863)
core   0: 0x8000606e (0x00006355) c.lui   t1, 0x15
core   0: 3 0x8000606e (0x6355) x 6 0x00015000
core   0: 0x80006070 (0xa1216e13) ori     t3, sp, -1518
core   0: 3 0x80006070 (0xa1216e13) x28 0xfffffbd2
core   0: 0x80006074 (0x6436af13) slti    t5, a3, 1603
core   0: 3 0x80006074 (0x6436af13) x30 0x00000001
core   0: 0x80006078 (0x00f0ff63) bgeu    ra, a5, pc + 30
core   0: 3 0x80006078 (0x00f0ff63)
core   0: 0x80006096 (0x0169f033) and     zero, s3, s6
core   0: 3 0x80006096 (0x0169f033)
core   0: 0x8000609a (0x0114c733) xor     a4, s1, a7
core   0: 3 0x8000609a (0x0114c733) x14 0xc242dcee
core   0: 0x8000609e (0x037b8733) mul     a4, s7, s7
core   0: 3 0x8000609e (0x037b8733) x14 0x00000000
core   0: 0x800060a2 (0x00006e51) c.lui   t3, 0x14
core   0: 3 0x800060a2 (0x6e51) x28 0x00014000
core   0: 0x800060a4 (0x013d9763) bne     s11, s3, pc + 14
core   0: 3 0x800060a4 (0x013d9763)
core   0: 0x800060b2 (0x02c25663) bge     tp, a2, pc + 44
core   0: 3 0x800060b2 (0x02c25663)
core   0: 0x800060de (0x01eb8663) beq     s7, t5, pc + 12
core   0: 3 0x800060de (0x01eb8663)
core   0: 0x800060e2 (0x022315b3) mulh    a1, t1, sp
core   0: 3 0x800060e2 (0x022315b3) x11 0x00000000
core   0: 0x800060e6 (0x00169593) slli    a1, a3, 1
core   0: 3 0x800060e6 (0x00169593) x11 0x00067fa4
core   0: 0x800060ea (0x2f2efd13) andi    s10, t4, 754
core   0: 3 0x800060ea (0x2f2efd13) x26 0x000002c0
core   0: 0x800060ee (0x03acc4b3) div     s1, s9, s10
core   0: 3 0x800060ee (0x03acc4b3) x 9 0x00000000
core   0: 0x800060f2 (0x0000e389) c.bnez  a5, pc + 2
core   0: 3 0x800060f2 (0xe389)
core   0: 0x800060f4 (0x42b02393) slti    t2, zero, 1067
core   0: 3 0x800060f4 (0x42b02393) x 7 0x00000001
core   0: 0x800060f8 (0x7858f993) andi    s3, a7, 1925
core   0: 3 0x800060f8 (0x7858f993) x19 0x00000000
core   0: 0x800060fc (0x0000100f) fence.i
core   0: 3 0x800060fc (0x0000100f)
core   0: 0x80006100 (0x00000001) c.nop
core   0: 3 0x80006100 (0x0001)
core   0: 0x80006102 (0x00008445) c.srai  s0, 17
core   0: 3 0x80006102 (0x8445) x 8 0xffffffff
core   0: 0x80006104 (0x00008d89) c.sub   a1, a0
core   0: 3 0x80006104 (0x8d89) x11 0x8003e2c0
core   0: 0x80006106 (0x03be19b3) mulh    s3, t3, s11
core   0: 3 0x80006106 (0x03be19b3) x19 0x000052d3
core   0: 0x8000610a (0x0387ce33) div     t3, a5, s8
core   0: 3 0x8000610a (0x0387ce33) x28 0xffffffff
core   0: 0x8000610e (0xdab04013) xori    zero, zero, -597
core   0: 3 0x8000610e (0xdab04013)
core   0: 0x80006112 (0x40a75413) srai    s0, a4, 10
core   0: 3 0x80006112 (0x40a75413) x 8 0x00000000
core   0: 0x80006116 (0x0021f363) bgeu    gp, sp, pc + 6
core   0: 3 0x80006116 (0x0021f363)
core   0: 0x8000611a (0x00009b7d) c.andi  a4, -1
core   0: 3 0x8000611a (0x9b7d) x14 0x00000000
core   0: 0x8000611c (0x0000987d) c.andi  s0, -1
core   0: 3 0x8000611c (0x987d) x 8 0x00000000
core   0: 0x8000611e (0x01dae463) bltu    s5, t4, pc + 8
core   0: 3 0x8000611e (0x01dae463)
core   0: 0x80006126 (0x00006925) c.lui   s2, 0x9
core   0: 3 0x80006126 (0x6925) x18 0x00009000
core   0: 0x80006128 (0x001609b3) add     s3, a2, ra
core   0: 3 0x80006128 (0x001609b3) x19 0x80025e64
core   0: 0x8000612c (0x0309b233) mulhu   tp, s3, a6
core   0: 3 0x8000612c (0x0309b233) x 4 0x44cb45e2
core   0: 0x80006130 (0x03d8fd33) remu    s10, a7, t4
core   0: 3 0x80006130 (0x03d8fd33) x26 0x00000000
core   0: 0x80006134 (0x00000001) c.nop
core   0: 3 0x80006134 (0x0001)
core   0: 0x80006136 (0x0359d133) divu    sp, s3, s5
core   0: 3 0x80006136 (0x0359d133) x 2 0x00000068
core   0: 0x8000613a (0x03cbbc33) mulhu   s8, s7, t3
core   0: 3 0x8000613a (0x03cbbc33) x24 0x00000000
core   0: 0x8000613e (0x01840263) beq     s0, s8, pc + 4
core   0: 3 0x8000613e (0x01840263)
core   0: 0x80006142 (0x03afe7b3) rem     a5, t6, s10
core   0: 3 0x80006142 (0x03afe7b3) x15 0x8031be34
core   0: 0x80006146 (0x0000100f) fence.i
core   0: 3 0x80006146 (0x0000100f)
core   0: 0x8000614a (0x01b85b63) bge     a6, s11, pc + 22
core   0: 3 0x8000614a (0x01b85b63)
core   0: 0x8000614e (0x0293c2b3) div     t0, t2, s1
core   0: 3 0x8000614e (0x0293c2b3) x 5 0xffffffff
core   0: 0x80006152 (0x00000869) c.addi  a6, 26
core   0: 3 0x80006152 (0x0869) x16 0x8994001a
core   0: 0x80006154 (0x0000c185) c.beqz  a1, pc + 32
core   0: 3 0x80006154 (0xc185)
core   0: 0x80006156 (0x00004e31) c.li    t3, 12
core   0: 3 0x80006156 (0x4e31) x28 0x0000000c
core   0: 0x80006158 (0x00008c41) c.or    s0, s0
core   0: 3 0x80006158 (0x8c41) x 8 0x00000000
core   0: 0x8000615a (0x00320a33) add     s4, tp, gp
core   0: 3 0x8000615a (0x00320a33) x20 0x44cb45e3
core   0: 0x8000615e (0x000082a9) c.srli  a3, 10
core   0: 3 0x8000615e (0x82a9) x13 0x002000cf
core   0: 0x80006160 (0x02eb46b3) div     a3, s6, a4
core   0: 3 0x80006160 (0x02eb46b3) x13 0xffffffff
core   0: 0x80006164 (0x4053d033) sra     zero, t2, t0
core   0: 3 0x80006164 (0x4053d033)
core   0: 0x80006168 (0x0058e8b3) or      a7, a7, t0
core   0: 3 0x80006168 (0x0058e8b3) x17 0xffffffff
core   0: 0x8000616c (0x00008cd5) c.or    s1, a3
core   0: 3 0x8000616c (0x8cd5) x 9 0xffffffff
core   0: 0x8000616e (0x00d91433) sll     s0, s2, a3
core   0: 3 0x8000616e (0x00d91433) x 8 0x00000000
core   0: 0x80006172 (0x000001fe) c.slli  gp, 31
core   0: 3 0x80006172 (0x01fe) x 3 0x80000000
core   0: 0x80006174 (0x00008e99) c.sub   a3, a4
core   0: 3 0x80006174 (0x8e99) x13 0xffffffff
core   0: 0x80006176 (0x00009b7d) c.andi  a4, -1
core   0: 3 0x80006176 (0x9b7d) x14 0x00000000
core   0: 0x80006178 (0x024f8433) mul     s0, t6, tp
core   0: 3 0x80006178 (0x024f8433) x 8 0x3769ede8
core   0: 0x8000617c (0xcb86f893) andi    a7, a3, -840
core   0: 3 0x8000617c (0xcb86f893) x17 0xfffffcb8
core   0: 0x80006180 (0x01ceb4b3) sltu    s1, t4, t3
core   0: 3 0x80006180 (0x01ceb4b3) x 9 0x00000000
core   0: 0x80006184 (0x000064c9) c.lui   s1, 0x12
core   0: 3 0x80006184 (0x64c9) x 9 0x00012000
core   0: 0x80006186 (0x00ee6c63) bltu    t3, a4, pc + 24
core   0: 3 0x80006186 (0x00ee6c63)
core   0: 0x8000618a (0x020df133) remu    sp, s11, zero
core   0: 3 0x8000618a (0x020df133) x 2 0x4242e194
core   0: 0x8000618e (0x00009fe2) c.add   t6, s8
core   0: 3 0x8000618e (0x9fe2) x31 0x8031be34
core   0: 0x80006190 (0x21483b93) sltiu   s7, a6, 532
core   0: 3 0x80006190 (0x21483b93) x23 0x00000000
core   0: 0x80006194 (0x039f3133) mulhu   sp, t5, s9
core   0: 3 0x80006194 (0x039f3133) x 2 0x00000000
core   0: 0x80006198 (0x00008f8d) c.sub   a5, a1
core   0: 3 0x80006198 (0x8f8d) x15 0x002ddb74
core   0: 0x8000619a (0x00008c19) c.sub   s0, a4
core   0: 3 0x8000619a (0x8c19) x 8 0x3769ede8
core   0: 0x8000619c (0x0000ca99) c.beqz  a3, pc + 22
core   0: 3 0x8000619c (0xca99)
core   0: 0x8000619e (0x009c35b3) sltu    a1, s8, s1
core   0: 3 0x8000619e (0x009c35b3) x11 0x00000001
core   0: 0x800061a2 (0x01417cb3) and     s9, sp, s4
core   0: 3 0x800061a2 (0x01417cb3) x25 0x00000000
core   0: 0x800061a6 (0x00f79193) slli    gp, a5, 15
core   0: 3 0x800061a6 (0x00f79193) x 3 0xedba0000
core   0: 0x800061aa (0x034d7333) remu    t1, s10, s4
core   0: 3 0x800061aa (0x034d7333) x 6 0x00000000
core   0: 0x800061ae (0x00006111) c.addi16sp sp, 256
core   0: 3 0x800061ae (0x6111) x 2 0x00000100
core   0: 0x800061b0 (0x00006405) c.lui   s0, 0x1
core   0: 3 0x800061b0 (0x6405) x 8 0x00001000
core   0: 0x800061b2 (0x00000b29) c.addi  s6, 10
core   0: 3 0x800061b2 (0x0b29) x22 0x0000000a
core   0: 0x800061b4 (0x00008dc9) c.or    a1, a0
core   0: 3 0x800061b4 (0x8dc9) x11 0x80029ce5
core   0: 0x800061b6 (0x02d8d363) bge     a7, a3, pc + 38
core   0: 3 0x800061b6 (0x02d8d363)
core   0: 0x800061ba (0x00008c1d) c.sub   s0, a5
core   0: 3 0x800061ba (0x8c1d) x 8 0xffd2348c
core   0: 0x800061bc (0x60c4a713) slti    a4, s1, 1548
core   0: 3 0x800061bc (0x60c4a713) x14 0x00000000
core   0: 0x800061c0 (0x01cb2cb3) slt     s9, s6, t3
core   0: 3 0x800061c0 (0x01cb2cb3) x25 0x00000001
core   0: 0x800061c4 (0xf7440013) addi    zero, s0, -140
core   0: 3 0x800061c4 (0xf7440013)
core   0: 0x800061c8 (0x03fb0bb3) mul     s7, s6, t6
core   0: 3 0x800061c8 (0x03fb0bb3) x23 0x01f16e08
core   0: 0x800061cc (0x00659793) slli    a5, a1, 6
core   0: 3 0x800061cc (0x00659793) x15 0x00a73940
core   0: 0x800061d0 (0x02f6a9b3) mulhsu  s3, a3, a5
core   0: 3 0x800061d0 (0x02f6a9b3) x19 0xffffffff
core   0: 0x800061d4 (0x011f0b33) add     s6, t5, a7
core   0: 3 0x800061d4 (0x011f0b33) x22 0xfffffcb9
core   0: 0x800061d8 (0x00fff1b3) and     gp, t6, a5
core   0: 3 0x800061d8 (0x00fff1b3) x 3 0x00213800
core   0: 0x800061dc (0x00008ed9) c.or    a3, a4
core   0: 3 0x800061dc (0x8ed9) x13 0xffffffff
core   0: 0x800061de (0x0173f7b3) and     a5, t2, s7
core   0: 3 0x800061de (0x0173f7b3) x15 0x00000000
core   0: 0x800061e2 (0x0279f833) remu    a6, s3, t2
core   0: 3 0x800061e2 (0x0279f833) x16 0x00000000
core   0: 0x800061e6 (0x006f26b3) slt     a3, t5, t1
core   0: 3 0x800061e6 (0x006f26b3) x13 0x00000000
core   0: 0x800061ea (0x41398733) sub     a4, s3, s3
core   0: 3 0x800061ea (0x41398733) x14 0x00000000
core   0: 0x800061ee (0xbd787f37) lui     t5, 0xbd787
core   0: 3 0x800061ee (0xbd787f37) x30 0xbd787000
core   0: 0x800061f2 (0x03293333) mulhu   t1, s2, s2
core   0: 3 0x800061f2 (0x03293333) x 6 0x00000000
core   0: 0x800061f6 (0x0303b6b3) mulhu   a3, t2, a6
core   0: 3 0x800061f6 (0x0303b6b3) x13 0x00000000
core   0: 0x800061fa (0x9a81e717) auipc   a4, 0x9a81e
core   0: 3 0x800061fa (0x9a81e717) x14 0x1a8241fa
core   0: 0x800061fe (0x033b2fb3) mulhsu  t6, s6, s3
core   0: 3 0x800061fe (0x033b2fb3) x31 0xfffffcb9
core   0: 0x80006202 (0x586f3793) sltiu   a5, t5, 1414
core   0: 3 0x80006202 (0x586f3793) x15 0x00000000
core   0: 0x80006206 (0x00395813) srli    a6, s2, 3
core   0: 3 0x80006206 (0x00395813) x16 0x00001200
core   0: 0x8000620a (0x010cffb3) and     t6, s9, a6
core   0: 3 0x8000620a (0x010cffb3) x31 0x00000000
core   0: 0x8000620e (0x00b76c33) or      s8, a4, a1
core   0: 3 0x8000620e (0x00b76c33) x24 0x9a82ddff
core   0: 0x80006212 (0x00008055) c.srli  s0, 21
core   0: 3 0x80006212 (0x8055) x 8 0x000007fe
core   0: 0x80006214 (0x01450c63) beq     a0, s4, pc + 24
core   0: 3 0x80006214 (0x01450c63)
core   0: 0x80006218 (0x0000e409) c.bnez  s0, pc + 10
core   0: 3 0x80006218 (0xe409)
core   0: 0x80006222 (0x0422f813) andi    a6, t0, 66
core   0: 3 0x80006222 (0x0422f813) x16 0x00000042
core   0: 0x80006226 (0x5e59ae13) slti    t3, s3, 1509
core   0: 3 0x80006226 (0x5e59ae13) x28 0x00000001
core   0: 0x8000622a (0x0000e419) c.bnez  s0, pc + 14
core   0: 3 0x8000622a (0xe419)
core   0: 0x80006238 (0x00000001) c.nop
core   0: 3 0x80006238 (0x0001)
core   0: 0x8000623a (0x01fd5c33) srl     s8, s10, t6
core   0: 3 0x8000623a (0x01fd5c33) x24 0x00000000
core   0: 0x8000623e (0x00008c99) c.sub   s1, a4
core   0: 3 0x8000623e (0x8c99) x 9 0xe57ede06
core   0: 0x80006240 (0x01481f93) slli    t6, a6, 20
core   0: 3 0x80006240 (0x01481f93) x31 0x04200000
core   0: 0x80006244 (0x00a66d63) bltu    a2, a0, pc + 26
core   0: 3 0x80006244 (0x00a66d63)
core   0: 0x8000625e (0x027231b3) mulhu   gp, tp, t2
core   0: 3 0x8000625e (0x027231b3) x 3 0x00000000
core   0: 0x80006262 (0x01369863) bne     a3, s3, pc + 16
core   0: 3 0x80006262 (0x01369863)
core   0: 0x80006272 (0x00008f4d) c.or    a4, a1
core   0: 3 0x80006272 (0x8f4d) x14 0x9a82ddff
core   0: 0x80006274 (0x00001f7d) c.addi  t5, -1
core   0: 3 0x80006274 (0x1f7d) x30 0xbd786fff
core   0: 0x80006276 (0x88f50413) addi    s0, a0, -1905
core   0: 3 0x80006276 (0x88f50413) x 8 0x80029573
core   0: 0x8000627a (0x609d4f13) xori    t5, s10, 1545
core   0: 3 0x8000627a (0x609d4f13) x30 0x00000609
core   0: 0x8000627e (0x002a1793) slli    a5, s4, 2
core   0: 3 0x8000627e (0x002a1793) x15 0x132d178c
core   0: 0x80006282 (0x00001c9c) c.addi4spn a5, sp, 624
core   0: 3 0x80006282 (0x1c9c) x15 0x00000370
core   0: 0x80006284 (0x036382b3) mul     t0, t2, s6
core   0: 3 0x80006284 (0x036382b3) x 5 0xfffffcb9
core   0: 0x80006288 (0x401c8333) sub     t1, s9, ra
core   0: 3 0x80006288 (0x401c8333) x 6 0x00000001
core   0: 0x8000628c (0x01c35563) bge     t1, t3, pc + 10
core   0: 3 0x8000628c (0x01c35563)
core   0: 0x80006296 (0x03bc1fb3) mulh    t6, s8, s11
core   0: 3 0x80006296 (0x03bc1fb3) x31 0x00000000
core   0: 0x8000629a (0x016bf7b3) and     a5, s7, s6
core   0: 3 0x8000629a (0x016bf7b3) x15 0x01f16c08
core   0: 0x8000629e (0x03ed7cb3) remu    s9, s10, t5
core   0: 3 0x8000629e (0x03ed7cb3) x25 0x00000000
core   0: 0x800062a2 (0x03609263) bne     ra, s6, pc + 36
core   0: 3 0x800062a2 (0x03609263)
core   0: 0x800062c6 (0x0000c2a9) c.beqz  a3, pc + 66
core   0: 3 0x800062c6 (0xc2a9)
core   0: 0x80006308 (0x40638b33) sub     s6, t2, t1
core   0: 3 0x80006308 (0x40638b33) x22 0x00000000
core   0: 0x8000630c (0x00cd8d63) beq     s11, a2, pc + 26
core   0: 3 0x8000630c (0x00cd8d63)
core   0: 0x80006310 (0x00000001) c.nop
core   0: 3 0x80006310 (0x0001)
core   0: 0x80006312 (0xc954cc93) xori    s9, s1, -875
core   0: 3 0x80006312 (0xc954cc93) x25 0x1a812293
core   0: 0x80006316 (0x001b7263) bgeu    s6, ra, pc + 4
core   0: 3 0x80006316 (0x001b7263)
core   0: 0x8000631a (0x0096e663) bltu    a3, s1, pc + 12
core   0: 3 0x8000631a (0x0096e663)
core   0: 0x80006326 (0xe0b86a13) ori     s4, a6, -501
core   0: 3 0x80006326 (0xe0b86a13) x20 0xfffffe4b
core   0: 0x8000632a (0xd05fa717) auipc   a4, 0xd05fa
core   0: 3 0x8000632a (0xd05fa717) x14 0x5060032a
core   0: 0x8000632e (0x40f40ab3) sub     s5, s0, a5
core   0: 3 0x8000632e (0x40f40ab3) x21 0x7e11296b
core   0: 0x80006332 (0x02918263) beq     gp, s1, pc + 36
core   0: 3 0x80006332 (0x02918263)
core   0: 0x80006336 (0xc3037c93) andi    s9, t1, -976
core   0: 3 0x80006336 (0xc3037c93) x25 0x00000000
core   0: 0x8000633a (0x0000987d) c.andi  s0, -1
core   0: 3 0x8000633a (0x987d) x 8 0x80029573
core   0: 0x8000633c (0x359b2417) auipc   s0, 0x359b2
core   0: 3 0x8000633c (0x359b2417) x 8 0xb59b833c
core   0: 0x80006340 (0x00665763) bge     a2, t1, pc + 14
core   0: 3 0x80006340 (0x00665763)
core   0: 0x80006344 (0x00483eb3) sltu    t4, a6, tp
core   0: 3 0x80006344 (0x00483eb3) x29 0x00000001
core   0: 0x80006348 (0x008ad293) srli    t0, s5, 8
core   0: 3 0x80006348 (0x008ad293) x 5 0x007e1129
core   0: 0x8000634c (0x00008c05) c.sub   s0, s1
core   0: 3 0x8000634c (0x8c05) x 8 0xd01ca536
core   0: 0x8000634e (0x00000001) c.nop
core   0: 3 0x8000634e (0x0001)
core   0: 0x80006350 (0x00a9d233) srl     tp, s3, a0
core   0: 3 0x80006350 (0x00a9d233) x 4 0x0fffffff
core   0: 0x80006354 (0x00008075) c.srli  s0, 29
core   0: 3 0x80006354 (0x8075) x 8 0x00000006
core   0: 0x80006356 (0xfe8e3f13) sltiu   t5, t3, -24
core   0: 3 0x80006356 (0xfe8e3f13) x30 0x00000001
core   0: 0x8000635a (0xcc3b4497) auipc   s1, 0xcc3b4
core   0: 3 0x8000635a (0xcc3b4497) x 9 0x4c3ba35a
core   0: 0x8000635e (0x000060ad) c.lui   ra, 0xb
core   0: 3 0x8000635e (0x60ad) x 1 0x0000b000
core   0: 0x80006360 (0x00001504) c.addi4spn s1, sp, 672
core   0: 3 0x80006360 (0x1504) x 9 0x000003a0
core   0: 0x80006362 (0x0051c8b3) xor     a7, gp, t0
core   0: 3 0x80006362 (0x0051c8b3) x17 0x007e1129
core   0: 0x80006366 (0x0000100f) fence.i
core   0: 3 0x80006366 (0x0000100f)
core   0: 0x8000636a (0x01301263) bne     zero, s3, pc + 4
core   0: 3 0x8000636a (0x01301263)
core   0: 0x8000636e (0x03864e33) div     t3, a2, s8
core   0: 3 0x8000636e (0x03864e33) x28 0xffffffff
core   0: 0x80006372 (0x00001e98) c.addi4spn a4, sp, 880
core   0: 3 0x80006372 (0x1e98) x14 0x00000470
core   0: 0x80006374 (0x02fd1bb3) mulh    s7, s10, a5
core   0: 3 0x80006374 (0x02fd1bb3) x23 0x00000000
core   0: 0x80006378 (0x01fd5363) bge     s10, t6, pc + 6
core   0: 3 0x80006378 (0x01fd5363)
core   0: 0x8000637e (0x0000ec19) c.bnez  s0, pc + 30
core   0: 3 0x8000637e (0xec19)
core   0: 0x8000639c (0x0000e391) c.bnez  a5, pc + 4
core   0: 3 0x8000639c (0xe391)
core   0: 0x800063a0 (0x00008fdd) c.or    a5, a5
core   0: 3 0x800063a0 (0x8fdd) x15 0x01f16c08
core   0: 0x800063a2 (0x57046b13) ori     s6, s0, 1392
core   0: 3 0x800063a2 (0x57046b13) x22 0x00000576
core   0: 0x800063a6 (0x01841393) slli    t2, s0, 24
core   0: 3 0x800063a6 (0x01841393) x 7 0x06000000
core   0: 0x800063aa (0x03010233) mul     tp, sp, a6
core   0: 3 0x800063aa (0x03010233) x 4 0x00004200
core   0: 0x800063ae (0x02f65d33) divu    s10, a2, a5
core   0: 3 0x800063ae (0x02f65d33) x26 0x00000041
core   0: 0x800063b2 (0x03355a33) divu    s4, a0, s3
core   0: 3 0x800063b2 (0x03355a33) x20 0x00000000
core   0: 0x800063b6 (0x0000837d) c.srli  a4, 31
core   0: 3 0x800063b6 (0x837d) x14 0x00000000
core   0: 0x800063b8 (0x03c1e433) rem     s0, gp, t3
core   0: 3 0x800063b8 (0x03c1e433) x 8 0x00000000
core   0: 0x800063bc (0x008d7563) bgeu    s10, s0, pc + 10
core   0: 3 0x800063bc (0x008d7563)
core   0: 0x800063c6 (0x0000832d) c.srli  a4, 11
core   0: 3 0x800063c6 (0x832d) x14 0x00000000
core   0: 0x800063c8 (0x017534b3) sltu    s1, a0, s7
core   0: 3 0x800063c8 (0x017534b3) x 9 0x00000000
core   0: 0x800063cc (0x008f55b3) srl     a1, t5, s0
core   0: 3 0x800063cc (0x008f55b3) x11 0x00000001
core   0: 0x800063d0 (0x00c3f233) and     tp, t2, a2
core   0: 3 0x800063d0 (0x00c3f233) x 4 0x00000000
core   0: 0x800063d4 (0x000081c9) c.srli  a1, 18
core   0: 3 0x800063d4 (0x81c9) x11 0x00000000
core   0: 0x800063d6 (0x01bea0b3) slt     ra, t4, s11
core   0: 3 0x800063d6 (0x01bea0b3) x 1 0x00000001
core   0: 0x800063da (0x014277b3) and     a5, tp, s4
core   0: 3 0x800063da (0x014277b3) x15 0x00000000
core   0: 0x800063de (0x0000e719) c.bnez  a4, pc + 14
core   0: 3 0x800063de (0xe719)
core   0: 0x800063e0 (0x068e3c93) sltiu   s9, t3, 104
core   0: 3 0x800063e0 (0x068e3c93) x25 0x00000000
core   0: 0x800063e4 (0x01b84eb3) xor     t4, a6, s11
core   0: 3 0x800063e4 (0x01b84eb3) x29 0x4242e1d6
core   0: 0x800063e8 (0x01bb8433) add     s0, s7, s11
core   0: 3 0x800063e8 (0x01bb8433) x 8 0x4242e194
core   0: 0x800063ec (0xc7f84d13) xori    s10, a6, -897
core   0: 3 0x800063ec (0xc7f84d13) x26 0xfffffc3d
core   0: 0x800063f0 (0x000098ee) c.add   a7, s11
core   0: 3 0x800063f0 (0x98ee) x17 0x42c0f2bd
core   0: 0x800063f2 (0x00004789) c.li    a5, 2
core   0: 3 0x800063f2 (0x4789) x15 0x00000002
core   0: 0x800063f4 (0x0000100f) fence.i
core   0: 3 0x800063f4 (0x0000100f)
core   0: 0x800063f8 (0x00008f51) c.or    a4, a2
core   0: 3 0x800063f8 (0x8f51) x14 0x80025e64
core   0: 0x800063fa (0x00000001) c.nop
core   0: 3 0x800063fa (0x0001)
core   0: 0x800063fc (0x0293beb3) mulhu   t4, t2, s1
core   0: 3 0x800063fc (0x0293beb3) x29 0x00000000
core   0: 0x80006400 (0x00008f55) c.or    a4, a3
core   0: 3 0x80006400 (0x8f55) x14 0x80025e64
core   0: 0x80006402 (0xe30a0693) addi    a3, s4, -464
core   0: 3 0x80006402 (0xe30a0693) x13 0xfffffe30
core   0: 0x80006406 (0x40b7dc13) srai    s8, a5, 11
core   0: 3 0x80006406 (0x40b7dc13) x24 0x00000000
core   0: 0x8000640a (0x0000c385) c.beqz  a5, pc + 32
core   0: 3 0x8000640a (0xc385)
core   0: 0x8000640c (0x00001698) c.addi4spn a4, sp, 864
core   0: 3 0x8000640c (0x1698) x14 0x00000460
core   0: 0x8000640e (0x4189dc93) srai    s9, s3, 24
core   0: 3 0x8000640e (0x4189dc93) x25 0xffffffff
core   0: 0x80006412 (0x00008721) c.srai  a4, 8
core   0: 3 0x80006412 (0x8721) x14 0x00000004
core   0: 0x80006414 (0x1b578137) lui     sp, 0x1b578
core   0: 3 0x80006414 (0x1b578137) x 2 0x1b578000
core   0: 0x80006418 (0x00008f91) c.sub   a5, a2
core   0: 3 0x80006418 (0x8f91) x15 0x7ffda19e
core   0: 0x8000641a (0x01bbdd63) bge     s7, s11, pc + 26
core   0: 3 0x8000641a (0x01bbdd63)
core   0: 0x8000641e (0x0000100f) fence.i
core   0: 3 0x8000641e (0x0000100f)
core   0: 0x80006422 (0x0096fd33) and     s10, a3, s1
core   0: 3 0x80006422 (0x0096fd33) x26 0x00000000
core   0: 0x80006426 (0x40a98e33) sub     t3, s3, a0
core   0: 3 0x80006426 (0x40a98e33) x28 0x7ffd631b
core   0: 0x8000642a (0x7f60a113) slti    sp, ra, 2038
core   0: 3 0x8000642a (0x7f60a113) x 2 0x00000001
core   0: 0x8000642e (0x000085c6) c.mv    a1, a7
core   0: 3 0x8000642e (0x85c6) x11 0x42c0f2bd
core   0: 0x80006430 (0xea631fb7) lui     t6, 0xea631
core   0: 3 0x80006430 (0xea631fb7) x31 0xea631000
core   0: 0x80006434 (0x029275b3) remu    a1, tp, s1
core   0: 3 0x80006434 (0x029275b3) x11 0x00000000
core   0: 0x80006438 (0x00008fb1) c.xor   a5, a2
core   0: 3 0x80006438 (0x8fb1) x15 0xfffffffa
core   0: 0x8000643a (0x000081c9) c.srli  a1, 18
core   0: 3 0x8000643a (0x81c9) x11 0x00000000
core   0: 0x8000643c (0x00008691) c.srai  a3, 4
core   0: 3 0x8000643c (0x8691) x13 0xffffffe3
core   0: 0x8000643e (0x033771b3) remu    gp, a4, s3
core   0: 3 0x8000643e (0x033771b3) x 3 0x00000004
core   0: 0x80006442 (0x0000100f) fence.i
core   0: 3 0x80006442 (0x0000100f)
core   0: 0x80006446 (0x1b20a913) slti    s2, ra, 434
core   0: 3 0x80006446 (0x1b20a913) x18 0x00000001
core   0: 0x8000644a (0x02fd5033) divu    zero, s10, a5
core   0: 3 0x8000644a (0x02fd5033)
core   0: 0x8000644e (0x02f22f33) mulhsu  t5, tp, a5
core   0: 3 0x8000644e (0x02f22f33) x30 0x00000000
core   0: 0x80006452 (0x0116b133) sltu    sp, a3, a7
core   0: 3 0x80006452 (0x0116b133) x 2 0x00000000
core   0: 0x80006456 (0x9c2ef713) andi    a4, t4, -1598
core   0: 3 0x80006456 (0x9c2ef713) x14 0x00000000
core   0: 0x8000645a (0x00005efd) c.li    t4, -1
core   0: 3 0x8000645a (0x5efd) x29 0xffffffff
core   0: 0x8000645c (0x8161e113) ori     sp, gp, -2026
core   0: 3 0x8000645c (0x8161e113) x 2 0xfffff816
core   0: 0x80006460 (0x96cf5697) auipc   a3, 0x96cf5
core   0: 3 0x80006460 (0x96cf5697) x13 0x16cfb460
core   0: 0x80006464 (0x000098fd) c.andi  s1, -1
core   0: 3 0x80006464 (0x98fd) x 9 0x00000000
core   0: 0x80006466 (0x00008af1) c.andi  a3, 28
core   0: 3 0x80006466 (0x8af1) x13 0x00000000
core   0: 0x80006468 (0x00000c71) c.addi  s8, 28
core   0: 3 0x80006468 (0x0c71) x24 0x0000001c
core   0: 0x8000646a (0x00fad233) srl     tp, s5, a5
core   0: 3 0x8000646a (0x00fad233) x 4 0x0000001f
core   0: 0x8000646e (0x00000001) c.nop
core   0: 3 0x8000646e (0x0001)
core   0: 0x80006470 (0x4023d293) srai    t0, t2, 2
core   0: 3 0x80006470 (0x4023d293) x 5 0x01800000
core   0: 0x80006474 (0x03796563) bltu    s2, s7, pc + 42
core   0: 3 0x80006474 (0x03796563)
core   0: 0x80006478 (0x0230cc33) div     s8, ra, gp
core   0: 3 0x80006478 (0x0230cc33) x24 0x00000000
core   0: 0x8000647c (0x018aff33) and     t5, s5, s8
core   0: 3 0x8000647c (0x018aff33) x30 0x00000000
core   0: 0x80006480 (0xee700e13) li      t3, -281
core   0: 3 0x80006480 (0xee700e13) x28 0xfffffee7
core   0: 0x80006484 (0x03db8263) beq     s7, t4, pc + 36
core   0: 3 0x80006484 (0x03db8263)
core   0: 0x80006488 (0x0000717d) c.addi16sp sp, -16
core   0: 3 0x80006488 (0x717d) x 2 0xfffff806
core   0: 0x8000648a (0x00275733) srl     a4, a4, sp
core   0: 3 0x8000648a (0x00275733) x14 0x00000000
core   0: 0x8000648e (0x02611a63) bne     sp, t1, pc + 52
core   0: 3 0x8000648e (0x02611a63)
core   0: 0x800064c2 (0x02f8dd63) bge     a7, a5, pc + 58
core   0: 3 0x800064c2 (0x02f8dd63)
core   0: 0x800064fc (0x00000001) c.nop
core   0: 3 0x800064fc (0x0001)
core   0: 0x800064fe (0xd2455f17) auipc   t5, 0xd2455
core   0: 3 0x800064fe (0xd2455f17) x30 0x5245b4fe
core   0: 0x80006502 (0x0339ef33) rem     t5, s3, s3
core   0: 3 0x80006502 (0x0339ef33) x30 0x00000000
core   0: 0x80006506 (0x00b63c33) sltu    s8, a2, a1
core   0: 3 0x80006506 (0x00b63c33) x24 0x00000000
core   0: 0x8000650a (0x00037663) bgeu    t1, zero, pc + 12
core   0: 3 0x8000650a (0x00037663)
core   0: 0x80006516 (0x00b11d63) bne     sp, a1, pc + 26
core   0: 3 0x80006516 (0x00b11d63)
core   0: 0x80006530 (0x00000d79) c.addi  s10, 30
core   0: 3 0x80006530 (0x0d79) x26 0x0000001e
core   0: 0x80006532 (0x000fb033) sltu    zero, t6, zero
core   0: 3 0x80006532 (0x000fb033)
core   0: 0x80006536 (0x36dbea13) ori     s4, s7, 877
core   0: 3 0x80006536 (0x36dbea13) x20 0x0000036d
core   0: 0x8000653a (0x0ff0000f) fence   iorw,iorw
core   0: 3 0x8000653a (0x0ff0000f)
core   0: 0x8000653e (0x0000987d) c.andi  s0, -1
core   0: 3 0x8000653e (0x987d) x 8 0x4242e194
core   0: 0x80006540 (0x02484e33) div     t3, a6, tp
core   0: 3 0x80006540 (0x02484e33) x28 0x00000002
core   0: 0x80006544 (0x00008329) c.srli  a4, 10
core   0: 3 0x80006544 (0x8329) x14 0x00000000
core   0: 0x80006546 (0x03664133) div     sp, a2, s6
core   0: 3 0x80006546 (0x03664133) x 2 0xffe89000
core   0: 0x8000654a (0x02f07cb3) remu    s9, zero, a5
core   0: 3 0x8000654a (0x02f07cb3) x25 0x00000000
core   0: 0x8000654e (0x0000c089) c.beqz  s1, pc + 2
core   0: 3 0x8000654e (0xc089)
core   0: 0x80006550 (0x00000aae) c.slli  s5, 11
core   0: 3 0x80006550 (0x0aae) x21 0x894b5800
core   0: 0x80006552 (0x00800c93) li      s9, 8
core   0: 3 0x80006552 (0x00800c93) x25 0x00000008
core   0: 0x80006556 (0x01165033) srl     zero, a2, a7
core   0: 3 0x80006556 (0x01165033)
core   0: 0x8000655a (0x000003aa) c.slli  t2, 10
core   0: 3 0x8000655a (0x03aa) x 7 0x00000000
core   0: 0x8000655c (0x00006119) c.addi16sp sp, 384
core   0: 3 0x8000655c (0x6119) x 2 0xffe89180
core   0: 0x8000655e (0x02d91d33) mulh    s10, s2, a3
core   0: 3 0x8000655e (0x02d91d33) x26 0x00000000
core   0: 0x80006562 (0x00a00e13) li      t3, 10
core   0: 3 0x80006562 (0x00a00e13) x28 0x0000000a
core   0: 0x80006566 (0x00008f01) c.sub   a4, s0
core   0: 3 0x80006566 (0x8f01) x14 0xbdbd1e6c
core   0: 0x80006568 (0x02108733) mul     a4, ra, ra
core   0: 3 0x80006568 (0x02108733) x14 0x00000001
core   0: 0x8000656c (0x00008ecd) c.or    a3, a1
core   0: 3 0x8000656c (0x8ecd) x13 0x00000000
core   0: 0x8000656e (0x0121fd33) and     s10, gp, s2
core   0: 3 0x8000656e (0x0121fd33) x26 0x00000000
core   0: 0x80006572 (0x00dfcb33) xor     s6, t6, a3
core   0: 3 0x80006572 (0x00dfcb33) x22 0xea631000
core   0: 0x80006576 (0x03383eb3) mulhu   t4, a6, s3
core   0: 3 0x80006576 (0x03383eb3) x29 0x00000041
core   0: 0x8000657a (0xc38cc413) xori    s0, s9, -968
core   0: 3 0x8000657a (0xc38cc413) x 8 0xfffffc30
core   0: 0x8000657e (0x0000100f) fence.i
core   0: 3 0x8000657e (0x0000100f)
core   0: 0x80006582 (0x005d0433) add     s0, s10, t0
core   0: 3 0x80006582 (0x005d0433) x 8 0x01800000
core   0: 0x80006586 (0x00000c8d) c.addi  s9, 3
core   0: 3 0x80006586 (0x0c8d) x25 0x0000000b
core   0: 0x80006588 (0x0000884d) c.andi  s0, 19
core   0: 3 0x80006588 (0x884d) x 8 0x00000000
core   0: 0x8000658a (0x00009afd) c.andi  a3, -1
core   0: 3 0x8000658a (0x9afd) x13 0x00000000
core   0: 0x8000658c (0x00f41593) slli    a1, s0, 15
core   0: 3 0x8000658c (0x00f41593) x11 0x00000000
core   0: 0x80006590 (0x00006c55) c.lui   s8, 0x15
core   0: 3 0x80006590 (0x6c55) x24 0x00015000
core   0: 0x80006592 (0x3ee73293) sltiu   t0, a4, 1006
core   0: 3 0x80006592 (0x3ee73293) x 5 0x00000001
core   0: 0x80006596 (0x00b508b3) add     a7, a0, a1
core   0: 3 0x80006596 (0x00b508b3) x17 0x80029ce4
core   0: 0x8000659a (0x033708b3) mul     a7, a4, s3
core   0: 3 0x8000659a (0x033708b3) x17 0xffffffff
core   0: 0x8000659e (0x00006361) c.lui   t1, 0x18
core   0: 3 0x8000659e (0x6361) x 6 0x00018000
core   0: 0x800065a0 (0x00008ed5) c.or    a3, a3
core   0: 3 0x800065a0 (0x8ed5) x13 0x00000000
core   0: 0x800065a2 (0xcebf8937) lui     s2, 0xcebf8
core   0: 3 0x800065a2 (0xcebf8937) x18 0xcebf8000
core   0: 0x800065a6 (0x01bc4333) xor     t1, s8, s11
core   0: 3 0x800065a6 (0x01bc4333) x 6 0x4243b194
core   0: 0x800065aa (0xfdccc8e3) blt     s9, t3, pc - 48
core   0: 3 0x800065aa (0xfdccc8e3)
core   0: 0x800065ae (0x000097ca) c.add   a5, s2
core   0: 3 0x800065ae (0x97ca) x15 0xcebf7ffa
core   0: 0x800065b0 (0x415e5793) srai    a5, t3, 21
core   0: 3 0x800065b0 (0x415e5793) x15 0x00000000
core   0: 0x800065b4 (0x00256ab3) or      s5, a0, sp
core   0: 3 0x800065b4 (0x00256ab3) x21 0xffea9de4
core   0: 0x800065b8 (0x00008d95) c.sub   a1, a3
core   0: 3 0x800065b8 (0x8d95) x11 0x00000000
core   0: 0x800065ba (0x72592e97) auipc   t4, 0x72592
core   0: 3 0x800065ba (0x72592e97) x29 0xf25985ba
core   0: 0x800065be (0x5709f393) andi    t2, s3, 1392
core   0: 3 0x800065be (0x5709f393) x 7 0x00000570
core   0: 0x800065c2 (0x0ff0000f) fence   iorw,iorw
core   0: 3 0x800065c2 (0x0ff0000f)
core   0: 0x800065c6 (0x012587b3) add     a5, a1, s2
core   0: 3 0x800065c6 (0x012587b3) x15 0xcebf8000
core   0: 0x800065ca (0x000088f6) c.mv    a7, t4
core   0: 3 0x800065ca (0x88f6) x17 0xf25985ba
core   0: 0x800065cc (0x0357fa33) remu    s4, a5, s5
core   0: 3 0x800065cc (0x0357fa33) x20 0xcebf8000
core   0: 0x800065d0 (0x014523b3) slt     t2, a0, s4
core   0: 3 0x800065d0 (0x014523b3) x 7 0x00000001
core   0: 0x800065d4 (0x0ff0000f) fence   iorw,iorw
core   0: 3 0x800065d4 (0x0ff0000f)
core   0: 0x800065d8 (0x00009926) c.add   s2, s1
core   0: 3 0x800065d8 (0x9926) x18 0xcebf8000
core   0: 0x800065da (0x04ace163) bltu    s9, a0, pc + 66
core   0: 3 0x800065da (0x04ace163)
core   0: 0x8000661c (0x00c54133) xor     sp, a0, a2
core   0: 3 0x8000661c (0x00c54133) x 2 0x0000c280
core   0: 0x80006620 (0x00004499) c.li    s1, 6
core   0: 3 0x80006620 (0x4499) x 9 0x00000006
core   0: 0x80006622 (0x03dceab3) rem     s5, s9, t4
core   0: 3 0x80006622 (0x03dceab3) x21 0x0000000b
core   0: 0x80006626 (0x00008685) c.srai  a3, 1
core   0: 3 0x80006626 (0x8685) x13 0x00000000
core   0: 0x80006628 (0x00008ac1) c.andi  a3, 16
core   0: 3 0x80006628 (0x8ac1) x13 0x00000000
core   0: 0x8000662a (0x0000613d) c.addi16sp sp, 480
core   0: 3 0x8000662a (0x613d) x 2 0x0000c460
core   0: 0x8000662c (0x00000001) c.nop
core   0: 3 0x8000662c (0x0001)
core   0: 0x8000662e (0x000089fd) c.andi  a1, 31
core   0: 3 0x8000662e (0x89fd) x11 0x00000000
core   0: 0x80006630 (0x000062d5) c.lui   t0, 0x15
core   0: 3 0x80006630 (0x62d5) x 5 0x00015000
core   0: 0x80006632 (0xc3e8a813) slti    a6, a7, -962
core   0: 3 0x80006632 (0xc3e8a813) x16 0x00000001
core   0: 0x80006636 (0x0000100f) fence.i
core   0: 3 0x80006636 (0x0000100f)
core   0: 0x8000663a (0x035945b3) div     a1, s2, s5
core   0: 3 0x8000663a (0x035945b3) x11 0xfb85c5d2
core   0: 0x8000663e (0x01378463) beq     a5, s3, pc + 8
core   0: 3 0x8000663e (0x01378463)
core   0: 0x80006642 (0x02649f63) bne     s1, t1, pc + 62
core   0: 3 0x80006642 (0x02649f63)
core   0: 0x80006680 (0x00008c75) c.and   s0, a3
core   0: 3 0x80006680 (0x8c75) x 8 0x00000000
core   0: 0x80006682 (0x00008f3d) c.xor   a4, a5
core   0: 3 0x80006682 (0x8f3d) x14 0xcebf8001
core   0: 0x80006684 (0x03021cb3) mulh    s9, tp, a6
core   0: 3 0x80006684 (0x03021cb3) x25 0x00000000
core   0: 0x80006688 (0x00008f19) c.sub   a4, a4
core   0: 3 0x80006688 (0x8f19) x14 0x00000000
core   0: 0x8000668a (0x0000868d) c.srai  a3, 3
core   0: 3 0x8000668a (0x868d) x13 0x00000000
core   0: 0x8000668c (0x4ddbb293) sltiu   t0, s7, 1245
core   0: 3 0x8000668c (0x4ddbb293) x 5 0x00000001
core   0: 0x80006690 (0x612e0293) addi    t0, t3, 1554
core   0: 3 0x80006690 (0x612e0293) x 5 0x0000061c
core   0: 0x80006694 (0x8e77b013) sltiu   zero, a5, -1817
core   0: 3 0x80006694 (0x8e77b013)
core   0: 0x80006698 (0x0000e195) c.bnez  a1, pc + 36
core   0: 3 0x80006698 (0xe195)
core   0: 0x800066bc (0x01656763) bltu    a0, s6, pc + 14
core   0: 3 0x800066bc (0x01656763)
core   0: 0x800066ca (0x0000029c) c.addi4spn a5, sp, 320
core   0: 3 0x800066ca (0x029c) x15 0x0000c5a0
core   0: 0x800066cc (0x004c5e63) bge     s8, tp, pc + 28
core   0: 3 0x800066cc (0x004c5e63)
core   0: 0x800066e8 (0x00008b85) c.andi  a5, 1
core   0: 3 0x800066e8 (0x8b85) x15 0x00000000
core   0: 0x800066ea (0x000082e9) c.srli  a3, 26
core   0: 3 0x800066ea (0x82e9) x13 0x00000000
core   0: 0x800066ec (0x41668d33) sub     s10, a3, s6
core   0: 3 0x800066ec (0x41668d33) x26 0x159cf000
core   0: 0x800066f0 (0x0000c385) c.beqz  a5, pc + 32
core   0: 3 0x800066f0 (0xc385)
core   0: 0x80006710 (0x014128b3) slt     a7, sp, s4
core   0: 3 0x80006710 (0x014128b3) x17 0x00000000
core   0: 0x80006714 (0x0231c8b3) div     a7, gp, gp
core   0: 3 0x80006714 (0x0231c8b3) x17 0x00000001
core   0: 0x80006718 (0x00001e7d) c.addi  t3, -1
core   0: 3 0x80006718 (0x1e7d) x28 0x00000009
core   0: 0x8000671a (0xfa7a4d13) xori    s10, s4, -89
core   0: 3 0x8000671a (0xfa7a4d13) x26 0x31407fa7
core   0: 0x8000671e (0x0000887a) c.mv    a6, t5
core   0: 3 0x8000671e (0x887a) x16 0x00000000
core   0: 0x80006720 (0x00b424b3) slt     s1, s0, a1
core   0: 3 0x80006720 (0x00b424b3) x 9 0x00000000
core   0: 0x80006724 (0x011af933) and     s2, s5, a7
core   0: 3 0x80006724 (0x011af933) x18 0x00000001
core   0: 0x80006728 (0x0108a333) slt     t1, a7, a6
core   0: 3 0x80006728 (0x0108a333) x 6 0x00000000
core   0: 0x8000672c (0x41105093) srai    ra, zero, 17
core   0: 3 0x8000672c (0x41105093) x 1 0x00000000
core   0: 0x80006730 (0x023e87b3) mul     a5, t4, gp
core   0: 3 0x80006730 (0x023e87b3) x15 0xc96616e8
core   0: 0x80006734 (0x00000256) c.slli  tp, 21
core   0: 3 0x80006734 (0x0256) x 4 0x03e00000
core   0: 0x80006736 (0x0000137d) c.addi  t1, -1
core   0: 3 0x80006736 (0x137d) x 6 0xffffffff
core   0: 0x80006738 (0x93817113) andi    sp, sp, -1736
core   0: 3 0x80006738 (0x93817113) x 2 0x0000c020
core   0: 0x8000673c (0x00780133) add     sp, a6, t2
core   0: 3 0x8000673c (0x00780133) x 2 0x00000001
core   0: 0x80006740 (0x418a53b3) sra     t2, s4, s8
core   0: 3 0x80006740 (0x418a53b3) x 7 0xcebf8000
core   0: 0x80006744 (0x00008c4d) c.or    s0, a1
core   0: 3 0x80006744 (0x8c4d) x 8 0xfb85c5d2
core   0: 0x80006746 (0x0000100f) fence.i
core   0: 3 0x80006746 (0x0000100f)
core   0: 0x8000674a (0x00000001) c.nop
core   0: 3 0x8000674a (0x0001)
core   0: 0x8000674c (0x00000001) c.nop
core   0: 3 0x8000674c (0x0001)
core   0: 0x8000674e (0x0000ee91) c.bnez  a3, pc + 28
core   0: 3 0x8000674e (0xee91)
core   0: 0x80006750 (0x02d56363) bltu    a0, a3, pc + 38
core   0: 3 0x80006750 (0x02d56363)
core   0: 0x80006754 (0x01030463) beq     t1, a6, pc + 8
core   0: 3 0x80006754 (0x01030463)
core   0: 0x80006758 (0x1c6cba17) auipc   s4, 0x1c6cb
core   0: 3 0x80006758 (0x1c6cba17) x20 0x9c6d1758
core   0: 0x8000675c (0x41b9d8b3) sra     a7, s3, s11
core   0: 3 0x8000675c (0x41b9d8b3) x17 0xffffffff
core   0: 0x80006760 (0x019dc263) blt     s11, s9, pc + 4
core   0: 3 0x80006760 (0x019dc263)
core   0: 0x80006764 (0x00001cfd) c.addi  s9, -1
core   0: 3 0x80006764 (0x1cfd) x25 0xffffffff
core   0: 0x80006766 (0x025148b3) div     a7, sp, t0
core   0: 3 0x80006766 (0x025148b3) x17 0x00000000
core   0: 0x8000676a (0x00004c95) c.li    s9, 5
core   0: 3 0x8000676a (0x4c95) x25 0x00000005
core   0: 0x8000676c (0xf200e093) ori     ra, ra, -224
core   0: 3 0x8000676c (0xf200e093) x 1 0xffffff20
core   0: 0x80006770 (0x00a4df33) srl     t5, s1, a0
core   0: 3 0x80006770 (0x00a4df33) x30 0x00000000
core   0: 0x80006774 (0x00008cbd) c.xor   s1, a5
core   0: 3 0x80006774 (0x8cbd) x 9 0xc96616e8
core   0: 0x80006776 (0x0000833d) c.srli  a4, 15
core   0: 3 0x80006776 (0x833d) x14 0x00000000
core   0: 0x80006778 (0x00e58bb3) add     s7, a1, a4
core   0: 3 0x80006778 (0x00e58bb3) x23 0xfb85c5d2
core   0: 0x8000677c (0x00008c21) c.xor   s0, s0
core   0: 3 0x8000677c (0x8c21) x 8 0x00000000
core   0: 0x8000677e (0x03b62e33) mulhsu  t3, a2, s11
core   0: 3 0x8000677e (0x03b62e33) x28 0xdedf2c2a
core   0: 0x80006782 (0x4098d393) srai    t2, a7, 9
core   0: 3 0x80006782 (0x4098d393) x 7 0x00000000
core   0: 0x80006786 (0x037d67b3) rem     a5, s10, s7
core   0: 3 0x80006786 (0x037d67b3) x15 0x047a39db
core   0: 0x8000678a (0x01e809b3) add     s3, a6, t5
core   0: 3 0x8000678a (0x01e809b3) x19 0x00000000
core   0: 0x8000678e (0x01dab333) sltu    t1, s5, t4
core   0: 3 0x8000678e (0x01dab333) x 6 0x00000001
core   0: 0x80006792 (0x0198c433) xor     s0, a7, s9
core   0: 3 0x80006792 (0x0198c433) x 8 0x00000005
core   0: 0x80006796 (0x003823b3) slt     t2, a6, gp
core   0: 3 0x80006796 (0x003823b3) x 7 0x00000001
core   0: 0x8000679a (0x022f9b63) bne     t6, sp, pc + 54
core   0: 3 0x8000679a (0x022f9b63)
core   0: 0x800067d0 (0x00000001) c.nop
core   0: 3 0x800067d0 (0x0001)
core   0: 0x800067d2 (0x20bd4d13) xori    s10, s10, 523
core   0: 3 0x800067d2 (0x20bd4d13) x26 0x31407dac
core   0: 0x800067d6 (0x0923fb13) andi    s6, t2, 146
core   0: 3 0x800067d6 (0x0923fb13) x22 0x00000000
core   0: 0x800067da (0x00de1463) bne     t3, a3, pc + 8
core   0: 3 0x800067da (0x00de1463)
core   0: 0x800067e2 (0x00009afd) c.andi  a3, -1
core   0: 3 0x800067e2 (0x9afd) x13 0x00000000
core   0: 0x800067e4 (0x00bd3cb3) sltu    s9, s10, a1
core   0: 3 0x800067e4 (0x00bd3cb3) x25 0x00000001
core   0: 0x800067e8 (0x02d8f333) remu    t1, a7, a3
core   0: 3 0x800067e8 (0x02d8f333) x 6 0x00000000
core   0: 0x800067ec (0x00f822b3) slt     t0, a6, a5
core   0: 3 0x800067ec (0x00f822b3) x 5 0x00000001
core   0: 0x800067f0 (0x7555bd13) sltiu   s10, a1, 1877
core   0: 3 0x800067f0 (0x7555bd13) x26 0x00000000
core   0: 0x800067f4 (0x000086d5) c.srai  a3, 21
core   0: 3 0x800067f4 (0x86d5) x13 0x00000000
core   0: 0x800067f6 (0x00009eba) c.add   t4, a4
core   0: 3 0x800067f6 (0x9eba) x29 0xf25985ba
core   0: 0x800067f8 (0x00ab4763) blt     s6, a0, pc + 14
core   0: 3 0x800067f8 (0x00ab4763)
core   0: 0x800067fc (0x028750b3) divu    ra, a4, s0
core   0: 3 0x800067fc (0x028750b3) x 1 0x00000000
core   0: 0x80006800 (0x0000137d) c.addi  t1, -1
core   0: 3 0x80006800 (0x137d) x 6 0xffffffff
core   0: 0x80006802 (0x02b14ab3) div     s5, sp, a1
core   0: 3 0x80006802 (0x02b14ab3) x21 0x00000000
core   0: 0x80006806 (0x01862133) slt     sp, a2, s8
core   0: 3 0x80006806 (0x01862133) x 2 0x00000001
core   0: 0x8000680a (0x40025f13) srai    t5, tp, 0
core   0: 3 0x8000680a (0x40025f13) x30 0x03e00000
core   0: 0x8000680e (0x000d6263) bltu    s10, zero, pc + 4
core   0: 3 0x8000680e (0x000d6263)
core   0: 0x80006812 (0x00000001) c.nop
core   0: 3 0x80006812 (0x0001)
core   0: 0x80006814 (0x0140e433) or      s0, ra, s4
core   0: 3 0x80006814 (0x0140e433) x 8 0x9c6d1758
core   0: 0x80006818 (0x0000717d) c.addi16sp sp, -16
core   0: 3 0x80006818 (0x717d) x 2 0xfffffff1
core   0: 0x8000681a (0x01e68b33) add     s6, a3, t5
core   0: 3 0x8000681a (0x01e68b33) x22 0x03e00000
core   0: 0x8000681e (0x00006cd5) c.lui   s9, 0x15
core   0: 3 0x8000681e (0x6cd5) x25 0x00015000
core   0: 0x80006820 (0x00000001) c.nop
core   0: 3 0x80006820 (0x0001)
core   0: 0x80006822 (0x03e62133) mulhsu  sp, a2, t5
core   0: 3 0x80006822 (0x03e62133) x 2 0xfe10092d
core   0: 0x80006826 (0xf6254813) xori    a6, a0, -158
core   0: 3 0x80006826 (0xf6254813) x16 0x7ffd6386
core   0: 0x8000682a (0x0000082e) c.slli  a6, 11
core   0: 3 0x8000682a (0x082e) x16 0xeb1c3000
core   0: 0x8000682c (0x0000e899) c.bnez  s1, pc + 22
core   0: 3 0x8000682c (0xe899)
core   0: 0x80006842 (0x00000001) c.nop
core   0: 3 0x80006842 (0x0001)
core   0: 0x80006844 (0x0851b817) auipc   a6, 0x851b
core   0: 3 0x80006844 (0x0851b817) x16 0x88521844
core   0: 0x80006848 (0x03414163) blt     sp, s4, pc + 34
core   0: 3 0x80006848 (0x03414163)
core   0: 0x8000684c (0x0000815e) c.mv    sp, s7
core   0: 3 0x8000684c (0x815e) x 2 0xfb85c5d2
core   0: 0x8000684e (0x00001984) c.addi4spn s1, sp, 240
core   0: 3 0x8000684e (0x1984) x 9 0xfb85c6c2
core   0: 0x80006850 (0x000083c5) c.srli  a5, 17
core   0: 3 0x80006850 (0x83c5) x15 0x0000023d
core   0: 0x80006852 (0x2297bd13) sltiu   s10, a5, 553
core   0: 3 0x80006852 (0x2297bd13) x26 0x00000000
core   0: 0x80006856 (0x00008e7e) c.mv    t3, t6
core   0: 3 0x80006856 (0x8e7e) x28 0xea631000
core   0: 0x80006858 (0x0190d763) bge     ra, s9, pc + 14
core   0: 3 0x80006858 (0x0190d763)
core   0: 0x8000685c (0x0000823a) c.mv    tp, a4
core   0: 3 0x8000685c (0x823a) x 4 0x00000000
core   0: 0x8000685e (0x03c20733) mul     a4, tp, t3
core   0: 3 0x8000685e (0x03c20733) x14 0x00000000
core   0: 0x80006862 (0x01f01f33) sll     t5, zero, t6
core   0: 3 0x80006862 (0x01f01f33) x30 0x00000000
core   0: 0x80006866 (0x40b55e33) sra     t3, a0, a1
core   0: 3 0x80006866 (0x40b55e33) x28 0xffffe000
core   0: 0x8000686a (0x00cc0863) beq     s8, a2, pc + 16
core   0: 3 0x8000686a (0x00cc0863)
core   0: 0x8000686e (0x0ff0000f) fence   iorw,iorw
core   0: 3 0x8000686e (0x0ff0000f)
core   0: 0x80006872 (0x00eecd33) xor     s10, t4, a4
core   0: 3 0x80006872 (0x00eecd33) x26 0xf25985ba
core   0: 0x80006876 (0x02656033) rem     zero, a0, t1
core   0: 3 0x80006876 (0x02656033)
core   0: 0x8000687a (0x000081a6) c.mv    gp, s1
core   0: 3 0x8000687a (0x81a6) x 3 0xfb85c6c2
core   0: 0x8000687c (0x0004a4b3) slt     s1, s1, zero
core   0: 3 0x8000687c (0x0004a4b3) x 9 0x00000001
core   0: 0x80006880 (0x00001c00) c.addi4spn s0, sp, 560
core   0: 3 0x80006880 (0x1c00) x 8 0xfb85c802
core   0: 0x80006882 (0x350bab13) slti    s6, s7, 848
core   0: 3 0x80006882 (0x350bab13) x22 0x00000001
core   0: 0x80006886 (0xc994f913) andi    s2, s1, -871
core   0: 3 0x80006886 (0xc994f913) x18 0x00000001
core   0: 0x8000688a (0xad20f797) auipc   a5, 0xad20f
core   0: 3 0x8000688a (0xad20f797) x15 0x2d21588a
core   0: 0x8000688e (0xa137c593) xori    a1, a5, -1517
core   0: 3 0x8000688e (0xa137c593) x11 0xd2dea299
core   0: 0x80006892 (0x0204d9b3) divu    s3, s1, zero
core   0: 3 0x80006892 (0x0204d9b3) x19 0xffffffff
core   0: 0x80006896 (0x00008f49) c.or    a4, a0
core   0: 3 0x80006896 (0x8f49) x14 0x80029ce4
core   0: 0x80006898 (0x01eb0e33) add     t3, s6, t5
core   0: 3 0x80006898 (0x01eb0e33) x28 0x00000001
core   0: 0x8000689c (0x00000001) c.nop
core   0: 3 0x8000689c (0x0001)
core   0: 0x8000689e (0x02908f33) mul     t5, ra, s1
core   0: 3 0x8000689e (0x02908f33) x30 0x00000000
core   0: 0x800068a2 (0x411e89b3) sub     s3, t4, a7
core   0: 3 0x800068a2 (0x411e89b3) x19 0xf25985ba
core   0: 0x800068a6 (0x02ce7f33) remu    t5, t3, a2
core   0: 3 0x800068a6 (0x02ce7f33) x30 0x00000001
core   0: 0x800068aa (0xfe816013) ori     zero, sp, -24
core   0: 3 0x800068aa (0xfe816013)
core   0: 0x800068ae (0x00a6d2b3) srl     t0, a3, a0
core   0: 3 0x800068ae (0x00a6d2b3) x 5 0x00000000
core   0: 0x800068b2 (0x0373bd33) mulhu   s10, t2, s7
core   0: 3 0x800068b2 (0x0373bd33) x26 0x00000000
core   0: 0x800068b6 (0x03de2bb3) mulhsu  s7, t3, t4
core   0: 3 0x800068b6 (0x03de2bb3) x23 0x00000000
core   0: 0x800068ba (0x0000926e) c.add   tp, s11
core   0: 3 0x800068ba (0x926e) x 4 0x4242e194
core   0: 0x800068bc (0x030c4433) div     s0, s8, a6
core   0: 3 0x800068bc (0x030c4433) x 8 0x00000000
core   0: 0x800068c0 (0x024d86b3) mul     a3, s11, tp
core   0: 3 0x800068c0 (0x024d86b3) x13 0x67157d90
core   0: 0x800068c4 (0x000098fd) c.andi  s1, -1
core   0: 3 0x800068c4 (0x98fd) x 9 0x00000001
core   0: 0x800068c6 (0xdd013893) sltiu   a7, sp, -560
core   0: 3 0x800068c6 (0xdd013893) x17 0x00000001
core   0: 0x800068ca (0x02555bb3) divu    s7, a0, t0
core   0: 3 0x800068ca (0x02555bb3) x23 0xffffffff
core   0: 0x800068ce (0x03783e33) mulhu   t3, a6, s7
core   0: 3 0x800068ce (0x03783e33) x28 0x88521843
core   0: 0x800068d2 (0x52d5cc93) xori    s9, a1, 1325
core   0: 3 0x800068d2 (0x52d5cc93) x25 0xd2dea7b4
core   0: 0x800068d6 (0x00001bfd) c.addi  s7, -1
core   0: 3 0x800068d6 (0x1bfd) x23 0xfffffffe
core   0: 0x800068d8 (0x00008f75) c.and   a4, a3
core   0: 3 0x800068d8 (0x8f75) x14 0x00001c80
core   0: 0x800068da (0x00008ca5) c.xor   s1, s1
core   0: 3 0x800068da (0x8ca5) x 9 0x00000000
core   0: 0x800068dc (0x41b55f33) sra     t5, a0, s11
core   0: 3 0x800068dc (0x41b55f33) x30 0xfffff800
core   0: 0x800068e0 (0x019b4b63) blt     s6, s9, pc + 22
core   0: 3 0x800068e0 (0x019b4b63)
core   0: 0x800068e4 (0xa36bca93) xori    s5, s7, -1482
core   0: 3 0x800068e4 (0xa36bca93) x21 0x000005c8
core   0: 0x800068e8 (0x0a26cc93) xori    s9, a3, 162
core   0: 3 0x800068e8 (0x0a26cc93) x25 0x67157d32
core   0: 0x800068ec (0x000b6bb3) or      s7, s6, zero
core   0: 3 0x800068ec (0x000b6bb3) x23 0x00000001
core   0: 0x800068f0 (0x00000001) c.nop
core   0: 3 0x800068f0 (0x0001)
core   0: 0x800068f2 (0x00008e89) c.sub   a3, a0
core   0: 3 0x800068f2 (0x8e89) x13 0xe712e0ac
core   0: 0x800068f4 (0x00008f19) c.sub   a4, a4
core   0: 3 0x800068f4 (0x8f19) x14 0x00000000
core   0: 0x800068f6 (0x02705ab3) divu    s5, zero, t2
core   0: 3 0x800068f6 (0x02705ab3) x21 0x00000000
core   0: 0x800068fa (0x0000474d) c.li    a4, 19
core   0: 3 0x800068fa (0x474d) x14 0x00000013
core   0: 0x800068fc (0x317ccf13) xori    t5, s9, 791
core   0: 3 0x800068fc (0x317ccf13) x30 0x67157e25
core   0: 0x80006900 (0x41518233) sub     tp, gp, s5
core   0: 3 0x80006900 (0x41518233) x 4 0xfb85c6c2
core   0: 0x80006904 (0x0000ec81) c.bnez  s1, pc + 24
core   0: 3 0x80006904 (0xec81)
core   0: 0x80006906 (0x00000001) c.nop
core   0: 3 0x80006906 (0x0001)
core   0: 0x80006908 (0x4101dbb3) sra     s7, gp, a6
core   0: 3 0x80006908 (0x4101dbb3) x23 0xffb85c6c
core   0: 0x8000690c (0x022a1363) bne     s4, sp, pc + 38
core   0: 3 0x8000690c (0x022a1363)
core   0: 0x80006932 (0x00025913) srli    s2, tp, 0
core   0: 3 0x80006932 (0x00025913) x18 0xfb85c6c2
core   0: 0x80006936 (0x03b46363) bltu    s0, s11, pc + 38
core   0: 3 0x80006936 (0x03b46363)
core   0: 0x8000695c (0x00000001) c.nop
core   0: 3 0x8000695c (0x0001)
core   0: 0x8000695e (0x002a0e63) beq     s4, sp, pc + 28
core   0: 3 0x8000695e (0x002a0e63)
core   0: 0x80006962 (0x0000470d) c.li    a4, 3
core   0: 3 0x80006962 (0x470d) x14 0x00000003
core   0: 0x80006964 (0x40e105b3) sub     a1, sp, a4
core   0: 3 0x80006964 (0x40e105b3) x11 0xfb85c5cf
core   0: 0x80006968 (0x000089dd) c.andi  a1, 23
core   0: 3 0x80006968 (0x89dd) x11 0x00000007
core   0: 0x8000696a (0x008c0033) add     zero, s8, s0
core   0: 3 0x8000696a (0x008c0033)
core   0: 0x8000696e (0x64c4d037) lui     zero, 0x64c4d
core   0: 3 0x8000696e (0x64c4d037)
core   0: 0x80006972 (0x0180f333) and     t1, ra, s8
core   0: 3 0x80006972 (0x0180f333) x 6 0x00000000
core   0: 0x80006976 (0x01dd3433) sltu    s0, s10, t4
core   0: 3 0x80006976 (0x01dd3433) x 8 0x00000001
core   0: 0x8000697a (0x00da0f33) add     t5, s4, a3
core   0: 3 0x8000697a (0x00da0f33) x30 0x837ff804
core   0: 0x8000697e (0x0024deb3) srl     t4, s1, sp
core   0: 3 0x8000697e (0x0024deb3) x29 0x00000000
core   0: 0x80006982 (0x03c77b33) remu    s6, a4, t3
core   0: 3 0x80006982 (0x03c77b33) x22 0x00000003
core   0: 0x80006986 (0x0000e481) c.bnez  s1, pc + 8
core   0: 3 0x80006986 (0xe481)
core   0: 0x80006988 (0x0000658d) c.lui   a1, 0x3
core   0: 3 0x80006988 (0x658d) x11 0x00003000
core   0: 0x8000698a (0x405707b3) sub     a5, a4, t0
core   0: 3 0x8000698a (0x405707b3) x15 0x00000003
core   0: 0x8000698e (0x00b72fb3) slt     t6, a4, a1
core   0: 3 0x8000698e (0x00b72fb3) x31 0x00000001
core   0: 0x80006992 (0x00008df9) c.and   a1, a4
core   0: 3 0x80006992 (0x8df9) x11 0x00000000
core   0: 0x80006994 (0xddd02013) slti    zero, zero, -547
core   0: 3 0x80006994 (0xddd02013)
core   0: 0x80006998 (0x00000001) c.nop
core   0: 3 0x80006998 (0x0001)
core   0: 0x8000699a (0x025f0f33) mul     t5, t5, t0
core   0: 3 0x8000699a (0x025f0f33) x30 0x00000000
core   0: 0x8000699e (0x0c175163) bge     a4, ra, pc + 194
core   0: 3 0x8000699e (0x0c175163)
core   0: 0x80006a60 (0x02d67c33) remu    s8, a2, a3
core   0: 3 0x80006a60 (0x02d67c33) x24 0x80025e64
core   0: 0x80006a64 (0x00001f18) c.addi4spn a4, sp, 944
core   0: 3 0x80006a64 (0x1f18) x14 0xfb85c982
core   0: 0x80006a66 (0x018b84b3) add     s1, s7, s8
core   0: 3 0x80006a66 (0x018b84b3) x 9 0x7fbabad0
core   0: 0x80006a6a (0x00000001) c.nop
core   0: 3 0x80006a6a (0x0001)
core   0: 0x80006a6c (0x810a6a13) ori     s4, s4, -2032
core   0: 3 0x80006a6c (0x810a6a13) x20 0xffffff58
core   0: 0x80006a70 (0x00006149) c.addi16sp sp, 144
core   0: 3 0x80006a70 (0x6149) x 2 0xfb85c662
core   0: 0x80006a72 (0x5e54cf13) xori    t5, s1, 1509
core   0: 3 0x80006a72 (0x5e54cf13) x30 0x7fbabf35
core   0: 0x80006a76 (0x01211733) sll     a4, sp, s2
core   0: 3 0x80006a76 (0x01211733) x14 0xee171988
core   0: 0x80006a7a (0x0183a133) slt     sp, t2, s8
core   0: 3 0x80006a7a (0x0183a133) x 2 0x00000000
core   0: 0x80006a7e (0x76fffa13) andi    s4, t6, 1903
core   0: 3 0x80006a7e (0x76fffa13) x20 0x00000001
core   0: 0x80006a82 (0x2d2b7c13) andi    s8, s6, 722
core   0: 3 0x80006a82 (0x2d2b7c13) x24 0x00000002
core   0: 0x80006a86 (0x071eee63) bltu    t4, a7, pc + 124
core   0: 3 0x80006a86 (0x071eee63)
core   0: 0x80006b02 (0x00006161) c.addi16sp sp, 80
core   0: 3 0x80006b02 (0x6161) x 2 0x00000050
core   0: 0x80006b04 (0x01c56fb3) or      t6, a0, t3
core   0: 3 0x80006b04 (0x01c56fb3) x31 0x88529ce7
core   0: 0x80006b08 (0x01da1a33) sll     s4, s4, t4
core   0: 3 0x80006b08 (0x01da1a33) x20 0x00000001
core   0: 0x80006b0c (0x01720933) add     s2, tp, s7
core   0: 3 0x80006b0c (0x01720933) x18 0xfb3e232e
core   0: 0x80006b10 (0x41d68bb3) sub     s7, a3, t4
core   0: 3 0x80006b10 (0x41d68bb3) x23 0xe712e0ac
core   0: 0x80006b14 (0x00000001) c.nop
core   0: 3 0x80006b14 (0x0001)
core   0: 0x80006b16 (0x00645433) srl     s0, s0, t1
core   0: 3 0x80006b16 (0x00645433) x 8 0x00000001
core   0: 0x80006b1a (0x03adc563) blt     s11, s10, pc + 42
core   0: 3 0x80006b1a (0x03adc563)
core   0: 0x80006b1e (0x49dd54b7) lui     s1, 0x49dd5
core   0: 3 0x80006b1e (0x49dd54b7) x 9 0x49dd5000
core   0: 0x80006b22 (0x00008595) c.srai  a1, 5
core   0: 3 0x80006b22 (0x8595) x11 0x00000000
core   0: 0x80006b24 (0x00008749) c.srai  a4, 18
core   0: 3 0x80006b24 (0x8749) x14 0xfffffb85
core   0: 0x80006b26 (0x0000c00d) c.beqz  s0, pc + 34
core   0: 3 0x80006b26 (0xc00d)
core   0: 0x80006b28 (0x00000001) c.nop
core   0: 3 0x80006b28 (0x0001)
core   0: 0x80006b2a (0x007ddd63) bge     s11, t2, pc + 26
core   0: 3 0x80006b2a (0x007ddd63)
core   0: 0x80006b44 (0x00c74263) blt     a4, a2, pc + 4
core   0: 3 0x80006b44 (0x00c74263)
core   0: 0x80006b48 (0x0000100f) fence.i
core   0: 3 0x80006b48 (0x0000100f)
core   0: 0x80006b4c (0x00caa333) slt     t1, s5, a2
core   0: 3 0x80006b4c (0x00caa333) x 6 0x00000000
core   0: 0x80006b50 (0x038cef33) rem     t5, s9, s8
core   0: 3 0x80006b50 (0x038cef33) x30 0x00000000
core   0: 0x80006b54 (0x01d5d5b3) srl     a1, a1, t4
core   0: 3 0x80006b54 (0x01d5d5b3) x11 0x00000000
core   0: 0x80006b58 (0x00000eb2) c.slli  t4, 12
core   0: 3 0x80006b58 (0x0eb2) x29 0x00000000
core   0: 0x80006b5a (0x0000987d) c.andi  s0, -1
core   0: 3 0x80006b5a (0x987d) x 8 0x00000001
core   0: 0x80006b5c (0x007b5733) srl     a4, s6, t2
core   0: 3 0x80006b5c (0x007b5733) x14 0x00000001
core   0: 0x80006b60 (0x000049c9) c.li    s3, 18
core   0: 3 0x80006b60 (0x49c9) x19 0x00000012
core   0: 0x80006b62 (0x027e4ab3) div     s5, t3, t2
core   0: 3 0x80006b62 (0x027e4ab3) x21 0x88521843
core   0: 0x80006b66 (0x00a4f263) bgeu    s1, a0, pc + 4
core   0: 3 0x80006b66 (0x00a4f263)
core   0: 0x80006b6a (0x000004d6) c.slli  s1, 21
core   0: 3 0x80006b6a (0x04d6) x 9 0x00000000
core   0: 0x80006b6c (0x412ddb13) srai    s6, s11, 18
core   0: 3 0x80006b6c (0x412ddb13) x22 0x00001090
core   0: 0x80006b70 (0x0397f033) remu    zero, a5, s9
core   0: 3 0x80006b70 (0x0397f033)
core   0: 0x80006b74 (0x0000100f) fence.i
core   0: 3 0x80006b74 (0x0000100f)
core   0: 0x80006b78 (0x00001298) c.addi4spn a4, sp, 352
core   0: 3 0x80006b78 (0x1298) x14 0x000001b0
core   0: 0x80006b7a (0x55bee113) ori     sp, t4, 1371
core   0: 3 0x80006b7a (0x55bee113) x 2 0x0000055b
core   0: 0x80006b7e (0x001bc833) xor     a6, s7, ra
core   0: 3 0x80006b7e (0x001bc833) x16 0xe712e0ac
core   0: 0x80006b82 (0x3bb73413) sltiu   s0, a4, 955
core   0: 3 0x80006b82 (0x3bb73413) x 8 0x00000001
core   0: 0x80006b86 (0x000006c6) c.slli  a3, 17
core   0: 3 0x80006b86 (0x06c6) x13 0xc1580000
core   0: 0x80006b88 (0x00009bbe) c.add   s7, a5
core   0: 3 0x80006b88 (0x9bbe) x23 0xe712e0af
core   0: 0x80006b8a (0x00008c85) c.sub   s1, s1
core   0: 3 0x80006b8a (0x8c85) x 9 0x00000000
core   0: 0x80006b8c (0x00008dc9) c.or    a1, a0
core   0: 3 0x80006b8c (0x8dc9) x11 0x80029ce4
core   0: 0x80006b8e (0x03183033) mulhu   zero, a6, a7
core   0: 3 0x80006b8e (0x03183033)
core   0: 0x80006b92 (0x00bbb0b3) sltu    ra, s7, a1
core   0: 3 0x80006b92 (0x00bbb0b3) x 1 0x00000000
core   0: 0x80006b96 (0x015b1d13) slli    s10, s6, 21
core   0: 3 0x80006b96 (0x015b1d13) x26 0x12000000
core   0: 0x80006b9a (0x00009a26) c.add   s4, s1
core   0: 3 0x80006b9a (0x9a26) x20 0x00000001
core   0: 0x80006b9c (0x00008fc9) c.or    a5, a0
core   0: 3 0x80006b9c (0x8fc9) x15 0x80029ce7
core   0: 0x80006b9e (0x00009b7d) c.andi  a4, -1
core   0: 3 0x80006b9e (0x9b7d) x14 0x000001b0
core   0: 0x80006ba0 (0x00802cb3) slt     s9, zero, s0
core   0: 3 0x80006ba0 (0x00802cb3) x25 0x00000001
core   0: 0x80006ba4 (0x01d9ba33) sltu    s4, s3, t4
core   0: 3 0x80006ba4 (0x01d9ba33) x20 0x00000000
core   0: 0x80006ba8 (0x0000100f) fence.i
core   0: 3 0x80006ba8 (0x0000100f)
core   0: 0x80006bac (0x00414663) blt     sp, tp, pc + 12
core   0: 3 0x80006bac (0x00414663)
core   0: 0x80006bb0 (0x01f08a63) beq     ra, t6, pc + 20
core   0: 3 0x80006bb0 (0x01f08a63)
core   0: 0x80006bb4 (0x000057fd) c.li    a5, -1
core   0: 3 0x80006bb4 (0x57fd) x15 0xffffffff
core   0: 0x80006bb6 (0x0000874d) c.srai  a4, 19
core   0: 3 0x80006bb6 (0x874d) x14 0x00000000
core   0: 0x80006bb8 (0x028ae333) rem     t1, s5, s0
core   0: 3 0x80006bb8 (0x028ae333) x 6 0x00000000
core   0: 0x80006bbc (0x014c1213) slli    tp, s8, 20
core   0: 3 0x80006bbc (0x014c1213) x 4 0x00200000
core   0: 0x80006bc0 (0x00000001) c.nop
core   0: 3 0x80006bc0 (0x0001)
core   0: 0x80006bc2 (0x0000717d) c.addi16sp sp, -16
core   0: 3 0x80006bc2 (0x717d) x 2 0x0000054b
core   0: 0x80006bc4 (0x00008ac5) c.andi  a3, 17
core   0: 3 0x80006bc4 (0x8ac5) x13 0x00000000
core   0: 0x80006bc6 (0x0181a033) slt     zero, gp, s8
core   0: 3 0x80006bc6 (0x0181a033)
core   0: 0x80006bca (0x0038db33) srl     s6, a7, gp
core   0: 3 0x80006bca (0x0038db33) x22 0x00000000
core   0: 0x80006bce (0x00006145) c.addi16sp sp, 48
core   0: 3 0x80006bce (0x6145) x 2 0x0000057b
core   0: 0x80006bd0 (0x0ff0000f) fence   iorw,iorw
core   0: 3 0x80006bd0 (0x0ff0000f)
core   0: 0x80006bd4 (0x0000100f) fence.i
core   0: 3 0x80006bd4 (0x0000100f)
core   0: 0x80006bd8 (0x40855593) srai    a1, a0, 8
core   0: 3 0x80006bd8 (0x40855593) x11 0xff80029c
core   0: 0x80006bdc (0x10a882b7) lui     t0, 0x10a88
core   0: 3 0x80006bdc (0x10a882b7) x 5 0x10a88000
core   0: 0x80006be0 (0x0000e491) c.bnez  s1, pc + 12
core   0: 3 0x80006be0 (0xe491)
core   0: 0x80006be2 (0x00000995) c.addi  s3, 5
core   0: 3 0x80006be2 (0x0995) x19 0x00000017
core   0: 0x80006be4 (0x00912b33) slt     s6, sp, s1
core   0: 3 0x80006be4 (0x00912b33) x22 0x00000000
core   0: 0x80006be8 (0x03920a33) mul     s4, tp, s9
core   0: 3 0x80006be8 (0x03920a33) x20 0x00200000
core   0: 0x80006bec (0x0000181c) c.addi4spn a5, sp, 48
core   0: 3 0x80006bec (0x181c) x15 0x000005ab
core   0: 0x80006bee (0x00008fe5) c.and   a5, s1
core   0: 3 0x80006bee (0x8fe5) x15 0x00000000
core   0: 0x80006bf0 (0x03ed3233) mulhu   tp, s10, t5
core   0: 3 0x80006bf0 (0x03ed3233) x 4 0x00000000
core   0: 0x80006bf4 (0x01670c63) beq     a4, s6, pc + 24
core   0: 3 0x80006bf4 (0x01670c63)
core   0: 0x80006c0c (0x00006ea5) c.lui   t4, 0x9
core   0: 3 0x80006c0c (0x6ea5) x29 0x00009000
core   0: 0x80006c0e (0x03b21d33) mulh    s10, tp, s11
core   0: 3 0x80006c0e (0x03b21d33) x26 0x00000000
core   0: 0x80006c12 (0xd4fcbf93) sltiu   t6, s9, -689
core   0: 3 0x80006c12 (0xd4fcbf93) x31 0x00000001
core   0: 0x80006c16 (0x410f8cb3) sub     s9, t6, a6
core   0: 3 0x80006c16 (0x410f8cb3) x25 0x18ed1f55
core   0: 0x80006c1a (0x00603233) snez    tp, t1
core   0: 3 0x80006c1a (0x00603233) x 4 0x00000000
core   0: 0x80006c1e (0x00000a98) c.addi4spn a4, sp, 336
core   0: 3 0x80006c1e (0x0a98) x14 0x000006cb
core   0: 0x80006c20 (0x8fddc493) xori    s1, s11, -1795
core   0: 3 0x80006c20 (0x8fddc493) x 9 0xbdbd1969
core   0: 0x80006c24 (0xb9bd1cb7) lui     s9, 0xb9bd1
core   0: 3 0x80006c24 (0xb9bd1cb7) x25 0xb9bd1000
core   0: 0x80006c28 (0x00001018) c.addi4spn a4, sp, 32
core   0: 3 0x80006c28 (0x1018) x14 0x0000059b
core   0: 0x80006c2a (0x023455b3) divu    a1, s0, gp
core   0: 3 0x80006c2a (0x023455b3) x11 0x00000000
core   0: 0x80006c2e (0x03be7433) remu    s0, t3, s11
core   0: 3 0x80006c2e (0x03be7433) x 8 0x03cc551b
core   0: 0x80006c32 (0x0ff0000f) fence   iorw,iorw
core   0: 3 0x80006c32 (0x0ff0000f)
core   0: 0x80006c36 (0x00000e69) c.addi  t3, 26
core   0: 3 0x80006c36 (0x0e69) x28 0x8852185d
core   0: 0x80006c38 (0x03bc47b3) div     a5, s8, s11
core   0: 3 0x80006c38 (0x03bc47b3) x15 0x00000000
core   0: 0x80006c3c (0x00008c6d) c.and   s0, a1
core   0: 3 0x80006c3c (0x8c6d) x 8 0x00000000
core   0: 0x80006c3e (0x02abfd63) bgeu    s7, a0, pc + 58
core   0: 3 0x80006c3e (0x02abfd63)
core   0: 0x80006c78 (0x0139aa33) slt     s4, s3, s3
core   0: 3 0x80006c78 (0x0139aa33) x20 0x00000000
core   0: 0x80006c7c (0x0000181c) c.addi4spn a5, sp, 48
core   0: 3 0x80006c7c (0x181c) x15 0x000005ab
core   0: 0x80006c7e (0x01b9ce63) blt     s3, s11, pc + 28
core   0: 3 0x80006c7e (0x01b9ce63)
core   0: 0x80006c9a (0x00ba1333) sll     t1, s4, a1
core   0: 3 0x80006c9a (0x00ba1333) x 6 0x00000000
core   0: 0x80006c9e (0x0176b333) sltu    t1, a3, s7
core   0: 3 0x80006c9e (0x0176b333) x 6 0x00000001
core   0: 0x80006ca2 (0x2788f813) andi    a6, a7, 632
core   0: 3 0x80006ca2 (0x2788f813) x16 0x00000000
core   0: 0x80006ca6 (0x00008735) c.srai  a4, 13
core   0: 3 0x80006ca6 (0x8735) x14 0x00000000
core   0: 0x80006ca8 (0xcdd9e313) ori     t1, s3, -803
core   0: 3 0x80006ca8 (0xcdd9e313) x 6 0xfffffcdf
core   0: 0x80006cac (0x01851713) slli    a4, a0, 24
core   0: 3 0x80006cac (0x01851713) x14 0xe4000000
core   0: 0x80006cb0 (0x00000001) c.nop
core   0: 3 0x80006cb0 (0x0001)
core   0: 0x80006cb2 (0x0007c033) xor     zero, a5, zero
core   0: 3 0x80006cb2 (0x0007c033)
core   0: 0x80006cb6 (0x40c7deb3) sra     t4, a5, a2
core   0: 3 0x80006cb6 (0x40c7deb3) x29 0x0000005a
core   0: 0x80006cba (0x0000878d) c.srai  a5, 3
core   0: 3 0x80006cba (0x878d) x15 0x000000b5
core   0: 0x80006cbc (0x0000717d) c.addi16sp sp, -16
core   0: 3 0x80006cbc (0x717d) x 2 0x0000056b
core   0: 0x80006cbe (0x0ff0000f) fence   iorw,iorw
core   0: 3 0x80006cbe (0x0ff0000f)
core   0: 0x80006cc2 (0x0ff0000f) fence   iorw,iorw
core   0: 3 0x80006cc2 (0x0ff0000f)
core   0: 0x80006cc6 (0x40835113) srai    sp, t1, 8
core   0: 3 0x80006cc6 (0x40835113) x 2 0xfffffffc
core   0: 0x80006cca (0x02c97d33) remu    s10, s2, a2
core   0: 3 0x80006cca (0x02c97d33) x26 0x7b3bc4ca
core   0: 0x80006cce (0x40e85433) sra     s0, a6, a4
core   0: 3 0x80006cce (0x40e85433) x 8 0x00000000
core   0: 0x80006cd2 (0x77620393) addi    t2, tp, 1910
core   0: 3 0x80006cd2 (0x77620393) x 7 0x00000776
core   0: 0x80006cd6 (0x44307a93) andi    s5, zero, 1091
core   0: 3 0x80006cd6 (0x44307a93) x21 0x00000000
core   0: 0x80006cda (0x026d7333) remu    t1, s10, t1
core   0: 3 0x80006cda (0x026d7333) x 6 0x7b3bc4ca
core   0: 0x80006cde (0x00008c31) c.xor   s0, a2
core   0: 3 0x80006cde (0x8c31) x 8 0x80025e64
core   0: 0x80006ce0 (0xbd7fc413) xori    s0, t6, -1065
core   0: 3 0x80006ce0 (0xbd7fc413) x 8 0xfffffbd6
core   0: 0x80006ce4 (0x00008dc5) c.or    a1, s1
core   0: 3 0x80006ce4 (0x8dc5) x11 0xbdbd1969
core   0: 0x80006ce6 (0x028785b3) mul     a1, a5, s0
core   0: 3 0x80006ce6 (0x028785b3) x11 0xfffd0e4e
core   0: 0x80006cea (0x017567b3) or      a5, a0, s7
core   0: 3 0x80006cea (0x017567b3) x15 0xe712fcef
core   0: 0x80006cee (0x0ff0000f) fence   iorw,iorw
core   0: 3 0x80006cee (0x0ff0000f)
core   0: 0x80006cf2 (0xb6dc0013) addi    zero, s8, -1171
core   0: 3 0x80006cf2 (0xb6dc0013)
core   0: 0x80006cf6 (0x04881063) bne     a6, s0, pc + 64
core   0: 3 0x80006cf6 (0x04881063)
core   0: 0x80006d36 (0x02416733) rem     a4, sp, tp
core   0: 3 0x80006d36 (0x02416733) x14 0xfffffffc
core   0: 0x80006d3a (0x00008e95) c.sub   a3, a3
core   0: 3 0x80006d3a (0x8e95) x13 0x00000000
core   0: 0x80006d3c (0x3ccd2493) slti    s1, s10, 972
core   0: 3 0x80006d3c (0x3ccd2493) x 9 0x00000000
core   0: 0x80006d40 (0x1b8fae13) slti    t3, t6, 440
core   0: 3 0x80006d40 (0x1b8fae13) x28 0x00000001
core   0: 0x80006d44 (0x00006121) c.addi16sp sp, 64
core   0: 3 0x80006d44 (0x6121) x 2 0x0000003c
core   0: 0x80006d46 (0x02017463) bgeu    sp, zero, pc + 40
core   0: 3 0x80006d46 (0x02017463)
core   0: 0x80006d6e (0x0094a893) slti    a7, s1, 9
core   0: 3 0x80006d6e (0x0094a893) x17 0x00000001
core   0: 0x80006d72 (0x00000804) c.addi4spn s1, sp, 16
core   0: 3 0x80006d72 (0x0804) x 9 0x0000004c
core   0: 0x80006d74 (0x000066f9) c.lui   a3, 0x1e
core   0: 3 0x80006d74 (0x66f9) x13 0x0001e000
core   0: 0x80006d76 (0x000087da) c.mv    a5, s6
core   0: 3 0x80006d76 (0x87da) x15 0x00000000
core   0: 0x80006d78 (0x02b66933) rem     s2, a2, a1
core   0: 3 0x80006d78 (0x02b66933) x18 0xffff8186
core   0: 0x80006d7c (0x008d1263) bne     s10, s0, pc + 4
core   0: 3 0x80006d7c (0x008d1263)
core   0: 0x80006d80 (0x00cf9a93) slli    s5, t6, 12
core   0: 3 0x80006d80 (0x00cf9a93) x21 0x00001000
core   0: 0x80006d84 (0x0000cf81) c.beqz  a5, pc + 24
core   0: 3 0x80006d84 (0xcf81)
core   0: 0x80006d9c (0x41845013) srai    zero, s0, 24
core   0: 3 0x80006d9c (0x41845013)
core   0: 0x80006da0 (0x00008321) c.srli  a4, 8
core   0: 3 0x80006da0 (0x8321) x14 0x00ffffff
core   0: 0x80006da2 (0x000057fd) c.li    a5, -1
core   0: 3 0x80006da2 (0x57fd) x15 0xffffffff
core   0: 0x80006da4 (0x6c39c193) xori    gp, s3, 1731
core   0: 3 0x80006da4 (0x6c39c193) x 3 0x000006d4
core   0: 0x80006da8 (0x0000871d) c.srai  a4, 7
core   0: 3 0x80006da8 (0x871d) x14 0x0001ffff
core   0: 0x80006daa (0x01d85113) srli    sp, a6, 29
core   0: 3 0x80006daa (0x01d85113) x 2 0x00000000
core   0: 0x80006dae (0x00008985) c.andi  a1, 1
core   0: 3 0x80006dae (0x8985) x11 0x00000000
core   0: 0x80006db0 (0x0184d8b3) srl     a7, s1, s8
core   0: 3 0x80006db0 (0x0184d8b3) x17 0x00000013
core   0: 0x80006db4 (0x634d0c13) addi    s8, s10, 1588
core   0: 3 0x80006db4 (0x634d0c13) x24 0x7b3bcafe
core   0: 0x80006db8 (0xc26f3d13) sltiu   s10, t5, -986
core   0: 3 0x80006db8 (0xc26f3d13) x26 0x00000001
core   0: 0x80006dbc (0x014a28b3) slt     a7, s4, s4
core   0: 3 0x80006dbc (0x014a28b3) x17 0x00000000
core   0: 0x80006dc0 (0x00009afa) c.add   s5, t5
core   0: 3 0x80006dc0 (0x9afa) x21 0x00001000
core   0: 0x80006dc2 (0x0151d5b3) srl     a1, gp, s5
core   0: 3 0x80006dc2 (0x0151d5b3) x11 0x000006d4
core   0: 0x80006dc6 (0x010a5593) srli    a1, s4, 16
core   0: 3 0x80006dc6 (0x010a5593) x11 0x00000000
core   0: 0x80006dca (0x031c6a33) rem     s4, s8, a7
core   0: 3 0x80006dca (0x031c6a33) x20 0x7b3bcafe
core   0: 0x80006dce (0x0161ed33) or      s10, gp, s6
core   0: 3 0x80006dce (0x0161ed33) x26 0x000006d4
core   0: 0x80006dd2 (0x0000e18d) c.bnez  a1, pc + 34
core   0: 3 0x80006dd2 (0xe18d)
core   0: 0x80006dd4 (0x01c61b13) slli    s6, a2, 28
core   0: 3 0x80006dd4 (0x01c61b13) x22 0x40000000
core   0: 0x80006dd8 (0x0074e833) or      a6, s1, t2
core   0: 3 0x80006dd8 (0x0074e833) x16 0x0000077e
core   0: 0x80006ddc (0x00000001) c.nop
core   0: 3 0x80006ddc (0x0001)
core   0: 0x80006dde (0x000099da) c.add   s3, s6
core   0: 3 0x80006dde (0x99da) x19 0x40000017
core   0: 0x80006de0 (0x00005b7d) c.li    s6, -1
core   0: 3 0x80006de0 (0x5b7d) x22 0xffffffff
core   0: 0x80006de2 (0x00ef7133) and     sp, t5, a4
core   0: 3 0x80006de2 (0x00ef7133) x 2 0x00000000
core   0: 0x80006de6 (0x00008f35) c.xor   a4, a3
core   0: 3 0x80006de6 (0x8f35) x14 0x00001fff
core   0: 0x80006de8 (0x0ff0000f) fence   iorw,iorw
core   0: 3 0x80006de8 (0x0ff0000f)
core   0: 0x80006dec (0x020d1d33) mulh    s10, s10, zero
core   0: 3 0x80006dec (0x020d1d33) x26 0x00000000
core   0: 0x80006df0 (0x01681763) bne     a6, s6, pc + 14
core   0: 3 0x80006df0 (0x01681763)
core   0: 0x80006dfe (0x406c0733) sub     a4, s8, t1
core   0: 3 0x80006dfe (0x406c0733) x14 0x00000634
core   0: 0x80006e02 (0x68728f93) addi    t6, t0, 1671
core   0: 3 0x80006e02 (0x68728f93) x31 0x10a88687
core   0: 0x80006e06 (0x00008ed1) c.or    a3, a2
core   0: 3 0x80006e06 (0x8ed1) x13 0x8003fe64
core   0: 0x80006e08 (0x40a55a13) srai    s4, a0, 10
core   0: 3 0x80006e08 (0x40a55a13) x20 0xffe000a7
core   0: 0x80006e0c (0x039ae563) bltu    s5, s9, pc + 42
core   0: 3 0x80006e0c (0x039ae563)
core   0: 0x80006e36 (0x0000100f) fence.i
core   0: 3 0x80006e36 (0x0000100f)
core   0: 0x80006e3a (0x00008c95) c.sub   s1, a3
core   0: 3 0x80006e3a (0x8c95) x 9 0x7ffc01e8
core   0: 0x80006e3c (0x00bb40b3) xor     ra, s6, a1
core   0: 3 0x80006e3c (0x00bb40b3) x 1 0xffffffff
core   0: 0x80006e40 (0x0ff0000f) fence   iorw,iorw
core   0: 3 0x80006e40 (0x0ff0000f)
core   0: 0x80006e44 (0x00008f2d) c.xor   a4, a1
core   0: 3 0x80006e44 (0x8f2d) x14 0x00000634
core   0: 0x80006e46 (0xb4987037) lui     zero, 0xb4987
core   0: 3 0x80006e46 (0xb4987037)
core   0: 0x80006e4a (0x8ec33e93) sltiu   t4, t1, -1812
core   0: 3 0x80006e4a (0x8ec33e93) x29 0x00000001
core   0: 0x80006e4e (0xcd4a0b13) addi    s6, s4, -812
core   0: 3 0x80006e4e (0xcd4a0b13) x22 0xffdffd7b
core   0: 0x80006e52 (0x0112d6b3) srl     a3, t0, a7
core   0: 3 0x80006e52 (0x0112d6b3) x13 0x10a88000
core   0: 0x80006e56 (0x01725ab3) srl     s5, tp, s7
core   0: 3 0x80006e56 (0x01725ab3) x21 0x00000000
core   0: 0x80006e5a (0x0324f4b3) remu    s1, s1, s2
core   0: 3 0x80006e5a (0x0324f4b3) x 9 0x7ffc01e8
core   0: 0x80006e5e (0x000084a9) c.srai  s1, 10
core   0: 3 0x80006e5e (0x84a9) x 9 0x001fff00
core   0: 0x80006e60 (0x003d6833) or      a6, s10, gp
core   0: 3 0x80006e60 (0x003d6833) x16 0x000006d4
core   0: 0x80006e64 (0x000042c5) c.li    t0, 17
core   0: 3 0x80006e64 (0x42c5) x 5 0x00000011
core   0: 0x80006e66 (0x023d0ab3) mul     s5, s10, gp
core   0: 3 0x80006e66 (0x023d0ab3) x21 0x00000000
core   0: 0x80006e6a (0x834f7bb7) lui     s7, 0x834f7
core   0: 3 0x80006e6a (0x834f7bb7) x23 0x834f7000
core   0: 0x80006e6e (0x00006451) c.lui   s0, 0x14
core   0: 3 0x80006e6e (0x6451) x 8 0x00014000
core   0: 0x80006e70 (0x03eb6933) rem     s2, s6, t5
core   0: 3 0x80006e70 (0x03eb6933) x18 0xffdffd7b
core   0: 0x80006e74 (0x01caa5b3) slt     a1, s5, t3
core   0: 3 0x80006e74 (0x01caa5b3) x11 0x00000001
core   0: 0x80006e78 (0x03c726b3) mulhsu  a3, a4, t3
core   0: 3 0x80006e78 (0x03c726b3) x13 0x00000000
core   0: 0x80006e7c (0x00cd1e13) slli    t3, s10, 12
core   0: 3 0x80006e7c (0x00cd1e13) x28 0x00000000
core   0: 0x80006e80 (0x029e21b3) mulhsu  gp, t3, s1
core   0: 3 0x80006e80 (0x029e21b3) x 3 0x00000000
core   0: 0x80006e84 (0x0000e091) c.bnez  s1, pc + 4
core   0: 3 0x80006e84 (0xe091)
core   0: 0x80006e88 (0x0099b733) sltu    a4, s3, s1
core   0: 3 0x80006e88 (0x0099b733) x14 0x00000000
core   0: 0x80006e8c (0x00769433) sll     s0, a3, t2
core   0: 3 0x80006e8c (0x00769433) x 8 0x00000000
core   0: 0x80006e90 (0x8c3e4493) xori    s1, t3, -1853
core   0: 3 0x80006e90 (0x8c3e4493) x 9 0xfffff8c3
core   0: 0x80006e94 (0x0000717d) c.addi16sp sp, -16
core   0: 3 0x80006e94 (0x717d) x 2 0xfffffff0
core   0: 0x80006e96 (0x000085c5) c.srai  a1, 17
core   0: 3 0x80006e96 (0x85c5) x11 0x00000000
core   0: 0x80006e98 (0x00000001) c.nop
core   0: 3 0x80006e98 (0x0001)
core   0: 0x80006e9a (0x510a2a93) slti    s5, s4, 1296
core   0: 3 0x80006e9a (0x510a2a93) x21 0x00000001
core   0: 0x80006e9e (0x00000c0c) c.addi4spn a1, sp, 528
core   0: 3 0x80006e9e (0x0c0c) x11 0x00000200
core   0: 0x80006ea0 (0x6030f793) andi    a5, ra, 1539
core   0: 3 0x80006ea0 (0x6030f793) x15 0x00000603
core   0: 0x80006ea4 (0xa9638713) addi    a4, t2, -1386
core   0: 3 0x80006ea4 (0xa9638713) x14 0x0000020c
core   0: 0x80006ea8 (0x00006815) c.lui   a6, 0x5
core   0: 3 0x80006ea8 (0x6815) x16 0x00005000
core   0: 0x80006eaa (0x00006135) c.addi16sp sp, 352
core   0: 3 0x80006eaa (0x6135) x 2 0x00000150
core   0: 0x80006eac (0x03b9e363) bltu    s3, s11, pc + 38
core   0: 3 0x80006eac (0x03b9e363)
core   0: 0x80006ed2 (0x0000100f) fence.i
core   0: 3 0x80006ed2 (0x0000100f)
core   0: 0x80006ed6 (0x000086e1) c.srai  a3, 24
core   0: 3 0x80006ed6 (0x86e1) x13 0x00000000
core   0: 0x80006ed8 (0x00008c79) c.and   s0, a4
core   0: 3 0x80006ed8 (0x8c79) x 8 0x00000000
core   0: 0x80006eda (0x00134463) blt     t1, ra, pc + 8
core   0: 3 0x80006eda (0x00134463)
core   0: 0x80006ede (0x01ad5693) srli    a3, s10, 26
core   0: 3 0x80006ede (0x01ad5693) x13 0x00000000
core   0: 0x80006ee2 (0x00a9f263) bgeu    s3, a0, pc + 4
core   0: 3 0x80006ee2 (0x00a9f263)
core   0: 0x80006ee6 (0x032d0433) mul     s0, s10, s2
core   0: 3 0x80006ee6 (0x032d0433) x 8 0x00000000
core   0: 0x80006eea (0x0334f463) bgeu    s1, s3, pc + 40
core   0: 3 0x80006eea (0x0334f463)
core   0: 0x80006f12 (0x00008df9) c.and   a1, a4
core   0: 3 0x80006f12 (0x8df9) x11 0x00000200
core   0: 0x80006f14 (0x25742c93) slti    s9, s0, 599
core   0: 3 0x80006f14 (0x25742c93) x25 0x00000001
core   0: 0x80006f18 (0x0000100f) fence.i
core   0: 3 0x80006f18 (0x0000100f)
core   0: 0x80006f1c (0x03dd08b3) mul     a7, s10, t4
core   0: 3 0x80006f1c (0x03dd08b3) x17 0x00000000
core   0: 0x80006f20 (0x4195d8b3) sra     a7, a1, s9
core   0: 3 0x80006f20 (0x4195d8b3) x17 0x00000100
core   0: 0x80006f24 (0x403d0fb3) sub     t6, s10, gp
core   0: 3 0x80006f24 (0x403d0fb3) x31 0x00000000
core   0: 0x80006f28 (0x01a77933) and     s2, a4, s10
core   0: 3 0x80006f28 (0x01a77933) x18 0x00000000
core   0: 0x80006f2c (0x0ff0000f) fence   iorw,iorw
core   0: 3 0x80006f2c (0x0ff0000f)
core   0: 0x80006f30 (0xefc4cf13) xori    t5, s1, -260
core   0: 3 0x80006f30 (0xefc4cf13) x30 0x0000063f
core   0: 0x80006f34 (0x00f44ab3) xor     s5, s0, a5
core   0: 3 0x80006f34 (0x00f44ab3) x21 0x00000603
core   0: 0x80006f38 (0x01bc1733) sll     a4, s8, s11
core   0: 3 0x80006f38 (0x01bc1733) x14 0xafe00000
core   0: 0x80006f3c (0x02256b33) rem     s6, a0, sp
core   0: 3 0x80006f3c (0x02256b33) x22 0xffffff04
core   0: 0x80006f40 (0x00008bbe) c.mv    s7, a5
core   0: 3 0x80006f40 (0x8bbe) x23 0x00000603
core   0: 0x80006f42 (0x006d7a33) and     s4, s10, t1
core   0: 3 0x80006f42 (0x006d7a33) x20 0x00000000
core   0: 0x80006f46 (0x0192a333) slt     t1, t0, s9
core   0: 3 0x80006f46 (0x0192a333) x 6 0x00000000
core   0: 0x80006f4a (0x0000e899) c.bnez  s1, pc + 22
core   0: 3 0x80006f4a (0xe899)
core   0: 0x80006f60 (0xe1414413) xori    s0, sp, -492
core   0: 3 0x80006f60 (0xe1414413) x 8 0xffffff44
core   0: 0x80006f64 (0x0000cb1d) c.beqz  a4, pc + 54
core   0: 3 0x80006f64 (0xcb1d)
core   0: 0x80006f66 (0x00000001) c.nop
core   0: 3 0x80006f66 (0x0001)
core   0: 0x80006f68 (0x00156563) bltu    a0, ra, pc + 10
core   0: 3 0x80006f68 (0x00156563)
core   0: 0x80006f72 (0x01578763) beq     a5, s5, pc + 14
core   0: 3 0x80006f72 (0x01578763)
core   0: 0x80006f80 (0x41d081b3) sub     gp, ra, t4
core   0: 3 0x80006f80 (0x41d081b3) x 3 0xfffffffe
core   0: 0x80006f84 (0x00006d31) c.lui   s10, 0xc
core   0: 3 0x80006f84 (0x6d31) x26 0x0000c000
core   0: 0x80006f86 (0x00d48833) add     a6, s1, a3
core   0: 3 0x80006f86 (0x00d48833) x16 0xfffff8c3
core   0: 0x80006f8a (0x5f662d13) slti    s10, a2, 1526
core   0: 3 0x80006f8a (0x5f662d13) x26 0x00000001
core   0: 0x80006f8e (0x003a15b3) sll     a1, s4, gp
core   0: 3 0x80006f8e (0x003a15b3) x11 0x00000000
core   0: 0x80006f92 (0x0000717d) c.addi16sp sp, -16
core   0: 3 0x80006f92 (0x717d) x 2 0x00000140
core   0: 0x80006f94 (0x00008acd) c.andi  a3, 19
core   0: 3 0x80006f94 (0x8acd) x13 0x00000000
core   0: 0x80006f96 (0x01004563) blt     zero, a6, pc + 10
core   0: 3 0x80006f96 (0x01004563)
core   0: 0x80006f9a (0x0000029d) c.addi  t0, 7
core   0: 3 0x80006f9a (0x029d) x 5 0x00000018
core   0: 0x80006f9c (0x005f91b3) sll     gp, t6, t0
core   0: 3 0x80006f9c (0x005f91b3) x 3 0x00000000
core   0: 0x80006fa0 (0x00e14263) blt     sp, a4, pc + 4
core   0: 3 0x80006fa0 (0x00e14263)
core   0: 0x80006fa4 (0x00008c41) c.or    s0, s0
core   0: 3 0x80006fa4 (0x8c41) x 8 0xffffff44
core   0: 0x80006fa6 (0x52ab6f93) ori     t6, s6, 1322
core   0: 3 0x80006fa6 (0x52ab6f93) x31 0xffffff2e
core   0: 0x80006faa (0x00e054b3) srl     s1, zero, a4
core   0: 3 0x80006faa (0x00e054b3) x 9 0x00000000
core   0: 0x80006fae (0x03b336b3) mulhu   a3, t1, s11
core   0: 3 0x80006fae (0x03b336b3) x13 0x00000000
core   0: 0x80006fb2 (0x01f268b3) or      a7, tp, t6
core   0: 3 0x80006fb2 (0x01f268b3) x17 0xffffff2e
core   0: 0x80006fb6 (0x83756f93) ori     t6, a0, -1993
core   0: 3 0x80006fb6 (0x83756f93) x31 0xfffffcf7
core   0: 0x80006fba (0x0000100c) c.addi4spn a1, sp, 32
core   0: 3 0x80006fba (0x100c) x11 0x00000160
core   0: 0x80006fbc (0x57ab4393) xori    t2, s6, 1402
core   0: 3 0x80006fbc (0x57ab4393) x 7 0xfffffa7e
core   0: 0x80006fc0 (0x669aa713) slti    a4, s5, 1641
core   0: 3 0x80006fc0 (0x669aa713) x14 0x00000001
core   0: 0x80006fc4 (0x0247fab3) remu    s5, a5, tp
core   0: 3 0x80006fc4 (0x0247fab3) x21 0x00000603
core   0: 0x80006fc8 (0x010ab3b3) sltu    t2, s5, a6
core   0: 3 0x80006fc8 (0x010ab3b3) x 7 0x00000001
core   0: 0x80006fcc (0x01671f13) slli    t5, a4, 22
core   0: 3 0x80006fcc (0x01671f13) x30 0x00400000
core   0: 0x80006fd0 (0x00008c55) c.or    s0, a3
core   0: 3 0x80006fd0 (0x8c55) x 8 0xffffff44
core   0: 0x80006fd2 (0x03b06663) bltu    zero, s11, pc + 44
core   0: 3 0x80006fd2 (0x03b06663)
core   0: 0x80006ffe (0x03399133) mulh    sp, s3, s3
core   0: 3 0x80006ffe (0x03399133) x 2 0x1000000b
core   0: 0x80007002 (0x41e15433) sra     s0, sp, t5
core   0: 3 0x80007002 (0x41e15433) x 8 0x1000000b
core   0: 0x80007006 (0x0000cc99) c.beqz  s1, pc + 30
core   0: 3 0x80007006 (0xcc99)
core   0: 0x80007024 (0x971e7093) andi    ra, t3, -1679
core   0: 3 0x80007024 (0x971e7093) x 1 0x00000000
core   0: 0x80007028 (0x0000807d) c.srli  s0, 31
core   0: 3 0x80007028 (0x807d) x 8 0x00000000
core   0: 0x8000702a (0xe362a793) slti    a5, t0, -458
core   0: 3 0x8000702a (0xe362a793) x15 0x00000000
core   0: 0x8000702e (0x018a4f33) xor     t5, s4, s8
core   0: 3 0x8000702e (0x018a4f33) x30 0x7b3bcafe
core   0: 0x80007032 (0x000045d1) c.li    a1, 20
core   0: 3 0x80007032 (0x45d1) x11 0x00000014
core   0: 0x80007034 (0x02e9a733) mulhsu  a4, s3, a4
core   0: 3 0x80007034 (0x02e9a733) x14 0x00000000
core   0: 0x80007038 (0x0332e163) bltu    t0, s3, pc + 34
core   0: 3 0x80007038 (0x0332e163)
core   0: 0x8000705a (0x000083cd) c.srli  a5, 19
core   0: 3 0x8000705a (0x83cd) x15 0x00000000
core   0: 0x8000705c (0x020085b3) mul     a1, ra, zero
core   0: 3 0x8000705c (0x020085b3) x11 0x00000000
core   0: 0x80007060 (0x01561f13) slli    t5, a2, 21
core   0: 3 0x80007060 (0x01561f13) x30 0xcc800000
core   0: 0x80007064 (0xf9248493) addi    s1, s1, -110
core   0: 3 0x80007064 (0xf9248493) x 9 0xffffff92
core   0: 0x80007068 (0x00006151) c.addi16sp sp, 272
core   0: 3 0x80007068 (0x6151) x 2 0x1000011b
core   0: 0x8000706a (0x0252ea33) rem     s4, t0, t0
core   0: 3 0x8000706a (0x0252ea33) x20 0x00000000
core   0: 0x8000706e (0x00001efd) c.addi  t4, -1
core   0: 3 0x8000706e (0x1efd) x29 0x00000000
core   0: 0x80007070 (0x00000821) c.addi  a6, 8
core   0: 3 0x80007070 (0x0821) x16 0xfffff8cb
core   0: 0x80007072 (0x00000900) c.addi4spn s0, sp, 144
core   0: 3 0x80007072 (0x0900) x 8 0x100001ab
core   0: 0x80007074 (0x00008721) c.srai  a4, 8
core   0: 3 0x80007074 (0x8721) x14 0x00000000
core   0: 0x80007076 (0x0000100f) fence.i
core   0: 3 0x80007076 (0x0000100f)
core   0: 0x8000707a (0x00005e7d) c.li    t3, -1
core   0: 3 0x8000707a (0x5e7d) x28 0xffffffff
core   0: 0x8000707c (0x00000180) c.addi4spn s0, sp, 192
core   0: 3 0x8000707c (0x0180) x 8 0x100001db
core   0: 0x8000707e (0x00008f15) c.sub   a4, a3
core   0: 3 0x8000707e (0x8f15) x14 0x00000000
core   0: 0x80007080 (0x007ba033) slt     zero, s7, t2
core   0: 3 0x80007080 (0x007ba033)
core   0: 0x80007084 (0x02d0d4b3) divu    s1, ra, a3
core   0: 3 0x80007084 (0x02d0d4b3) x 9 0xffffffff
core   0: 0x80007088 (0x000dde33) srl     t3, s11, zero
core   0: 3 0x80007088 (0x000dde33) x28 0x4242e194
core   0: 0x8000708c (0x00000001) c.nop
core   0: 3 0x8000708c (0x0001)
core   0: 0x8000708e (0x93ee8493) addi    s1, t4, -1730
core   0: 3 0x8000708e (0x93ee8493) x 9 0xfffff93e
core   0: 0x80007092 (0xfee4ee13) ori     t3, s1, -18
core   0: 3 0x80007092 (0xfee4ee13) x28 0xfffffffe
core   0: 0x80007096 (0x01b31413) slli    s0, t1, 27
core   0: 3 0x80007096 (0x01b31413) x 8 0x00000000
core   0: 0x8000709a (0x00001d84) c.addi4spn s1, sp, 752
core   0: 3 0x8000709a (0x1d84) x 9 0x1000040b
core   0: 0x8000709c (0x81b20713) addi    a4, tp, -2021
core   0: 3 0x8000709c (0x81b20713) x14 0xfffff81b
core   0: 0x800070a0 (0x0000832a) c.mv    t1, a0
core   0: 3 0x800070a0 (0x832a) x 6 0x80029ce4
core   0: 0x800070a2 (0x80b4df97) auipc   t6, 0x80b4d
core   0: 3 0x800070a2 (0x80b4df97) x31 0x00b540a2
core   0: 0x800070a6 (0x007baab3) slt     s5, s7, t2
core   0: 3 0x800070a6 (0x007baab3) x21 0x00000000
core   0: 0x800070aa (0x00586b63) bltu    a6, t0, pc + 22
core   0: 3 0x800070aa (0x00586b63)
core   0: 0x800070ae (0x000004b1) c.addi  s1, 12
core   0: 3 0x800070ae (0x04b1) x 9 0x10000417
core   0: 0x800070b0 (0xc4670413) addi    s0, a4, -954
core   0: 3 0x800070b0 (0xc4670413) x 8 0xfffff461
core   0: 0x800070b4 (0x02d71a63) bne     a4, a3, pc + 52
core   0: 3 0x800070b4 (0x02d71a63)
core   0: 0x800070e8 (0x0034fcb3) and     s9, s1, gp
core   0: 3 0x800070e8 (0x0034fcb3) x25 0x00000000
core   0: 0x800070ec (0x02f67433) remu    s0, a2, a5
core   0: 3 0x800070ec (0x02f67433) x 8 0x80025e64
core   0: 0x800070f0 (0x00ed1013) slli    zero, s10, 14
core   0: 3 0x800070f0 (0x00ed1013)
core   0: 0x800070f4 (0x011a0b33) add     s6, s4, a7
core   0: 3 0x800070f4 (0x011a0b33) x22 0xffffff2e
core   0: 0x800070f8 (0x012e0b33) add     s6, t3, s2
core   0: 3 0x800070f8 (0x012e0b33) x22 0xfffffffe
core   0: 0x800070fc (0x00000001) c.nop
core   0: 3 0x800070fc (0x0001)
core   0: 0x800070fe (0x00006a97) auipc   s5, 0x6
core   0: 3 0x800070fe (0x00006a97) x21 0x8000d0fe
core   0: 0x80007102 (0x300a8a93) addi    s5, s5, 768
core   0: 3 0x80007102 (0x300a8a93) x21 0x8000d3fe
core   0: 0x80007106 (0x00008cd9) c.or    s1, a4
core   0: 3 0x80007106 (0x8cd9) x 9 0xfffffc1f
core   0: 0x80007108 (0x0000717d) c.addi16sp sp, -16
core   0: 3 0x80007108 (0x717d) x 2 0x1000010b
core   0: 0x8000710a (0x00f37933) and     s2, t1, a5
core   0: 3 0x8000710a (0x00f37933) x18 0x00000000
core   0: 0x8000710e (0x0000833d) c.srli  a4, 15
core   0: 3 0x8000710e (0x833d) x14 0x0001ffff
core   0: 0x80007110 (0x0106e333) or      t1, a3, a6
core   0: 3 0x80007110 (0x0106e333) x 6 0xfffff8cb
core   0: 0x80007114 (0x04ca8a93) addi    s5, s5, 76
core   0: 3 0x80007114 (0x04ca8a93) x21 0x8000d44a
core   0: 0x80007118 (0x03cd5b33) divu    s6, s10, t3
core   0: 3 0x80007118 (0x03cd5b33) x22 0x00000000
core   0: 0x8000711c (0xfb5a8367) jalr    t1, s5, -75
core   0: 3 0x8000711c (0xfb5a8367) x 6 0x80007120
core   0: 0x8000d3fe (0x00b013b3) sll     t2, zero, a1
core   0: 3 0x8000d3fe (0x00b013b3) x 7 0x00000000
core   0: 0x8000d402 (0x03393733) mulhu   a4, s2, s3
core   0: 3 0x8000d402 (0x03393733) x14 0x00000000
core   0: 0x8000d406 (0x002495b3) sll     a1, s1, sp
core   0: 3 0x8000d406 (0x002495b3) x11 0xffe0f800
core   0: 0x8000d40a (0xfd860613) addi    a2, a2, -40
core   0: 3 0x8000d40a (0xfd860613) x12 0x80025e3c
core   0: 0x8000d40e (0x88a3cd13) xori    s10, t2, -1910
core   0: 3 0x8000d40e (0x88a3cd13) x26 0xfffff88a
core   0: 0x8000d412 (0x0000717d) c.addi16sp sp, -16
core   0: 3 0x8000d412 (0x717d) x 2 0x100000fb
core   0: 0x8000d414 (0x00000001) c.nop
core   0: 3 0x8000d414 (0x0001)
core   0: 0x8000d416 (0xa34aa693) slti    a3, s5, -1484
core   0: 3 0x8000d416 (0xa34aa693) x13 0x00000001
core   0: 0x8000d41a (0x00662223) sw      t1, 4(a2)
core   0: 3 0x8000d41a (0x00662223) mem 0x80025e40 0x80007120
core   0: 0x8000d41e (0x00009afd) c.andi  a3, -1
core   0: 3 0x8000d41e (0x9afd) x13 0x00000001
core   0: 0x8000d420 (0x02a005b3) mul     a1, zero, a0
core   0: 3 0x8000d420 (0x02a005b3) x11 0x00000000
core   0: 0x8000d424 (0xef8b8593) addi    a1, s7, -264
core   0: 3 0x8000d424 (0xef8b8593) x11 0x000004fb
core   0: 0x8000d428 (0x00003f17) auipc   t5, 0x3
core   0: 3 0x8000d428 (0x00003f17) x30 0x80010428
core   0: 0x8000d42c (0x661f0f13) addi    t5, t5, 1633
core   0: 3 0x8000d42c (0x661f0f13) x30 0x80010a89
core   0: 0x8000d430 (0xfe3f0fa3) sb      gp, -1(t5)
core   0: 3 0x8000d430 (0xfe3f0fa3) mem 0x80010a88 0x0
core   0: 0x8000d434 (0x00008ec5) c.or    a3, s1
core   0: 3 0x8000d434 (0x8ec5) x13 0xfffffc1f
core   0: 0x8000d436 (0xfe0f0fa3) sb      zero, -1(t5)
core   0: 3 0x8000d436 (0xfe0f0fa3) mem 0x80010a88 0x0
core   0: 0x8000d43a (0xffff0b83) lb      s7, -1(t5)
core   0: 3 0x8000d43a (0xffff0b83) x23 0x00000000 mem 0x80010a88
core   0: 0x8000d43e (0x008f4e83) lbu     t4, 8(t5)
core   0: 3 0x8000d43e (0x008f4e83) x29 0x00000000 mem 0x80010a91
core   0: 0x8000d442 (0x008f0c83) lb      s9, 8(t5)
core   0: 3 0x8000d442 (0x008f0c83) x25 0x00000000 mem 0x80010a91
core   0: 0x8000d446 (0x00df5f83) lhu     t6, 13(t5)
core   0: 3 0x8000d446 (0x00df5f83) x31 0x00000000 mem 0x80010a96
core   0: 0x8000d44a (0xff2f4803) lbu     a6, -14(t5)
core   0: 3 0x8000d44a (0xff2f4803) x16 0x00000000 mem 0x80010a7b
core   0: 0x8000d44e (0x3b4b4213) xori    tp, s6, 948
core   0: 3 0x8000d44e (0x3b4b4213) x 4 0x000003b4
core   0: 0x8000d452 (0x0014cfb3) xor     t6, s1, ra
core   0: 3 0x8000d452 (0x0014cfb3) x31 0xfffffc1f
core   0: 0x8000d456 (0xfeff0923) sb      a5, -14(t5)
core   0: 3 0x8000d456 (0xfeff0923) mem 0x80010a7b 0x0
core   0: 0x8000d45a (0xff4f4a83) lbu     s5, -12(t5)
core   0: 3 0x8000d45a (0xff4f4a83) x21 0x00000000 mem 0x80010a7d
core   0: 0x8000d45e (0x0000804d) c.srli  s0, 19
core   0: 3 0x8000d45e (0x804d) x 8 0x00001000
core   0: 0x8000d460 (0x00006e61) c.lui   t3, 0x18
core   0: 3 0x8000d460 (0x6e61) x28 0x00018000
core   0: 0x8000d462 (0x00af4c83) lbu     s9, 10(t5)
core   0: 3 0x8000d462 (0x00af4c83) x25 0x0000003a mem 0x80010a93
core   0: 0x8000d466 (0xff9f0c23) sb      s9, -8(t5)
core   0: 3 0x8000d466 (0xff9f0c23) mem 0x80010a81 0x3a
core   0: 0x8000d46a (0x019b02b3) add     t0, s6, s9
core   0: 3 0x8000d46a (0x019b02b3) x 5 0x0000003a
core   0: 0x8000d46e (0xfebf0823) sb      a1, -16(t5)
core   0: 3 0x8000d46e (0xfebf0823) mem 0x80010a79 0xfb
core   0: 0x8000d472 (0xff0f0c83) lb      s9, -16(t5)
core   0: 3 0x8000d472 (0xff0f0c83) x25 0xfffffffb mem 0x80010a79
core   0: 0x8000d476 (0x012f0723) sb      s2, 14(t5)
core   0: 3 0x8000d476 (0x012f0723) mem 0x80010a97 0x0
core   0: 0x8000d47a (0xffaf0923) sb      s10, -14(t5)
core   0: 3 0x8000d47a (0xffaf0923) mem 0x80010a7b 0x8a
core   0: 0x8000d47e (0xff2f4883) lbu     a7, -14(t5)
core   0: 3 0x8000d47e (0xff2f4883) x17 0x0000008a mem 0x80010a7b
core   0: 0x8000d482 (0x003f5783) lhu     a5, 3(t5)
core   0: 3 0x8000d482 (0x003f5783) x15 0x00000000 mem 0x80010a8c
core   0: 0x8000d486 (0x006f4183) lbu     gp, 6(t5)
core   0: 3 0x8000d486 (0x006f4183) x 3 0x00000000 mem 0x80010a8f
core   0: 0x8000d48a (0xff5f1da3) sh      s5, -5(t5)
core   0: 3 0x8000d48a (0xff5f1da3) mem 0x80010a84 0x0000
core   0: 0x8000d48e (0x016a7433) and     s0, s4, s6
core   0: 3 0x8000d48e (0x016a7433) x 8 0x00000000
core   0: 0x8000d492 (0x003f0703) lb      a4, 3(t5)
core   0: 3 0x8000d492 (0x003f0703) x14 0x00000000 mem 0x80010a8c
core   0: 0x8000d496 (0x00000c93) li      s9, 0
core   0: 3 0x8000d496 (0x00000c93) x25 0x00000000
core   0: 0x8000d49a (0x418109b3) sub     s3, sp, s8
core   0: 3 0x8000d49a (0x418109b3) x19 0x94c435fd
core   0: 0x8000d49e (0x01200e13) li      t3, 18
core   0: 3 0x8000d49e (0x01200e13) x28 0x00000012
core   0: 0x8000d4a2 (0xf4c4a7b7) lui     a5, 0xf4c4a
core   0: 3 0x8000d4a2 (0xf4c4a7b7) x15 0xf4c4a000
core   0: 0x8000d4a6 (0x00000ca5) c.addi  s9, 9
core   0: 3 0x8000d4a6 (0x0ca5) x25 0x00000009
core   0: 0x8000d4a8 (0x00008021) c.srli  s0, 8
core   0: 3 0x8000d4a8 (0x8021) x 8 0x00000000
core   0: 0x8000d4aa (0x000055fd) c.li    a1, -1
core   0: 3 0x8000d4aa (0x55fd) x11 0xffffffff
core   0: 0x8000d4ac (0xb11fc737) lui     a4, 0xb11fc
core   0: 3 0x8000d4ac (0xb11fc737) x14 0xb11fc000
core   0: 0x8000d4b0 (0x406f0433) sub     s0, t5, t1
core   0: 3 0x8000d4b0 (0x406f0433) x 8 0x00009969
core   0: 0x8000d4b4 (0xffcce7e3) bltu    s9, t3, pc - 18
core   0: 3 0x8000d4b4 (0xffcce7e3)
core   0: 0x8000d4a2 (0xf4c4a7b7) lui     a5, 0xf4c4a
core   0: 3 0x8000d4a2 (0xf4c4a7b7) x15 0xf4c4a000
core   0: 0x8000d4a6 (0x00000ca5) c.addi  s9, 9
core   0: 3 0x8000d4a6 (0x0ca5) x25 0x00000012
core   0: 0x8000d4a8 (0x00008021) c.srli  s0, 8
core   0: 3 0x8000d4a8 (0x8021) x 8 0x00000099
core   0: 0x8000d4aa (0x000055fd) c.li    a1, -1
core   0: 3 0x8000d4aa (0x55fd) x11 0xffffffff
core   0: 0x8000d4ac (0xb11fc737) lui     a4, 0xb11fc
core   0: 3 0x8000d4ac (0xb11fc737) x14 0xb11fc000
core   0: 0x8000d4b0 (0x406f0433) sub     s0, t5, t1
core   0: 3 0x8000d4b0 (0x406f0433) x 8 0x00009969
core   0: 0x8000d4b4 (0xffcce7e3) bltu    s9, t3, pc - 18
core   0: 3 0x8000d4b4 (0xffcce7e3)
core   0: 0x8000d4b8 (0x000069d5) c.lui   s3, 0x15
core   0: 3 0x8000d4b8 (0x69d5) x19 0x00015000
core   0: 0x8000d4ba (0x00005217) auipc   tp, 0x5
core   0: 3 0x8000d4ba (0x00005217) x 4 0x800124ba
core   0: 0x8000d4be (0x45d20213) addi    tp, tp, 1117
core   0: 3 0x8000d4be (0x45d20213) x 4 0x80012917
core   0: 0x8000d4c2 (0x00e39833) sll     a6, t2, a4
core   0: 3 0x8000d4c2 (0x00e39833) x16 0x00000000
core   0: 0x8000d4c6 (0x00009b7d) c.andi  a4, -1
core   0: 3 0x8000d4c6 (0x9b7d) x14 0xb11fc000
core   0: 0x8000d4c8 (0x0c320023) sb      gp, 192(tp)
core   0: 3 0x8000d4c8 (0x0c320023) mem 0x800129d7 0x0
core   0: 0x8000d4cc (0x019a5193) srli    gp, s4, 25
core   0: 3 0x8000d4cc (0x019a5193) x 3 0x00000000
core   0: 0x8000d4d0 (0x00325403) lhu     s0, 3(tp)
core   0: 3 0x8000d4d0 (0x00325403) x 8 0x00000000 mem 0x8001291a
core   0: 0x8000d4d4 (0x41175893) srai    a7, a4, 17
core   0: 3 0x8000d4d4 (0x41175893) x17 0xffffd88f
core   0: 0x8000d4d8 (0x00004d61) c.li    s10, 24
core   0: 3 0x8000d4d8 (0x4d61) x26 0x00000018
core   0: 0x8000d4da (0x41525c33) sra     s8, tp, s5
core   0: 3 0x8000d4da (0x41525c33) x24 0x80012917
core   0: 0x8000d4de (0x000082a9) c.srli  a3, 10
core   0: 3 0x8000d4de (0x82a9) x13 0x003fffff
core   0: 0x8000d4e0 (0x002d7e33) and     t3, s10, sp
core   0: 3 0x8000d4e0 (0x002d7e33) x28 0x00000018
core   0: 0x8000d4e4 (0xf4721ca3) sh      t2, -167(tp)
core   0: 3 0x8000d4e4 (0xf4721ca3) mem 0x80012870 0x0000
core   0: 0x8000d4e8 (0x0000100f) fence.i
core   0: 3 0x8000d4e8 (0x0000100f)
core   0: 0x8000d4ec (0x00009ace) c.add   s5, s3
core   0: 3 0x8000d4ec (0x9ace) x21 0x00015000
core   0: 0x8000d4ee (0x93e86037) lui     zero, 0x93e86
core   0: 3 0x8000d4ee (0x93e86037)
core   0: 0x8000d4f2 (0xf3d24583) lbu     a1, -195(tp)
core   0: 3 0x8000d4f2 (0xf3d24583) x11 0x00000000 mem 0x80012854
core   0: 0x8000d4f6 (0x00a01993) slli    s3, zero, 10
core   0: 3 0x8000d4f6 (0x00a01993) x19 0x00000000
core   0: 0x8000d4fa (0x0bd24003) lbu     zero, 189(tp)
core   0: 3 0x8000d4fa (0x0bd24003) mem 0x800129d4
core   0: 0x8000d4fe (0x0ff0000f) fence   iorw,iorw
core   0: 3 0x8000d4fe (0x0ff0000f)
core   0: 0x8000d502 (0x0df204a3) sb      t6, 201(tp)
core   0: 3 0x8000d502 (0x0df204a3) mem 0x800129e0 0x1f
core   0: 0x8000d506 (0xf3220423) sb      s2, -216(tp)
core   0: 3 0x8000d506 (0xf3220423) mem 0x8001283f 0x0
core   0: 0x8000d50a (0x00008c19) c.sub   s0, a4
core   0: 3 0x8000d50a (0x8c19) x 8 0x4ee04000
core   0: 0x8000d50c (0xf81205a3) sb      ra, -117(tp)
core   0: 3 0x8000d50c (0xf81205a3) mem 0x800128a2 0x0
core   0: 0x8000d510 (0x00001d00) c.addi4spn s0, sp, 688
core   0: 3 0x8000d510 (0x1d00) x 8 0x100003ab
core   0: 0x8000d512 (0x02220103) lb      sp, 34(tp)
core   0: 3 0x8000d512 (0x02220103) x 2 0x00000000 mem 0x80012939
core   0: 0x8000d516 (0x00008fb1) c.xor   a5, a2
core   0: 3 0x8000d516 (0x8fb1) x15 0x74c6fe3c
core   0: 0x8000d518 (0xf3424903) lbu     s2, -204(tp)
core   0: 3 0x8000d518 (0xf3424903) x18 0x00000000 mem 0x8001284b
core   0: 0x8000d51c (0x03a56fb3) rem     t6, a0, s10
core   0: 3 0x8000d51c (0x03a56fb3) x31 0xfffffff4
core   0: 0x8000d520 (0x07388f13) addi    t5, a7, 115
core   0: 3 0x8000d520 (0x07388f13) x30 0xffffd902
core   0: 0x8000d524 (0x09f217a3) sh      t6, 143(tp)
core   0: 3 0x8000d524 (0x09f217a3) mem 0x800129a6 0xfff4
core   0: 0x8000d528 (0x0f820883) lb      a7, 248(tp)
core   0: 3 0x8000d528 (0x0f820883) x17 0x00000000 mem 0x80012a0f
core   0: 0x8000d52c (0x00001904) c.addi4spn s1, sp, 176
core   0: 3 0x8000d52c (0x1904) x 9 0x000000b0
core   0: 0x8000d52e (0xf0e20103) lb      sp, -242(tp)
core   0: 3 0x8000d52e (0xf0e20103) x 2 0x00000000 mem 0x80012825
core   0: 0x8000d532 (0xfc624783) lbu     a5, -58(tp)
core   0: 3 0x8000d532 (0xfc624783) x15 0x00000000 mem 0x800128dd
core   0: 0x8000d536 (0x000081b1) c.srli  a1, 12
core   0: 3 0x8000d536 (0x81b1) x11 0x00000000
core   0: 0x8000d538 (0x0f420fa3) sb      s4, 255(tp)
core   0: 3 0x8000d538 (0x0f420fa3) mem 0x80012a16 0x0
core   0: 0x8000d53c (0x00006769) c.lui   a4, 0x1a
core   0: 3 0x8000d53c (0x6769) x14 0x0001a000
core   0: 0x8000d53e (0x030017b3) mulh    a5, zero, a6
core   0: 3 0x8000d53e (0x030017b3) x15 0x00000000
core   0: 0x8000d542 (0xfc020e23) sb      zero, -36(tp)
core   0: 3 0x8000d542 (0xfc020e23) mem 0x800128f3 0x0
core   0: 0x8000d546 (0x000085b6) c.mv    a1, a3
core   0: 3 0x8000d546 (0x85b6) x11 0x003fffff
core   0: 0x8000d548 (0x02421ca3) sh      tp, 57(tp)
core   0: 3 0x8000d548 (0x02421ca3) mem 0x80012950 0x2917
core   0: 0x8000d54c (0x000004b2) c.slli  s1, 12
core   0: 3 0x8000d54c (0x04b2) x 9 0x000b0000
core   0: 0x8000d54e (0x00006a4d) c.lui   s4, 0x13
core   0: 3 0x8000d54e (0x6a4d) x20 0x00013000
core   0: 0x8000d550 (0x03e4d833) divu    a6, s1, t5
core   0: 3 0x8000d550 (0x03e4d833) x16 0x00000000
core   0: 0x8000d554 (0x11a20023) sb      s10, 256(tp)
core   0: 3 0x8000d554 (0x11a20023) mem 0x80012a17 0x18
core   0: 0x8000d558 (0xffe20e03) lb      t3, -2(tp)
core   0: 3 0x8000d558 (0xffe20e03) x28 0x00000000 mem 0x80012915
core   0: 0x8000d55c (0xf8624103) lbu     sp, -122(tp)
core   0: 3 0x8000d55c (0xf8624103) x 2 0x00000000 mem 0x8001289d
core   0: 0x8000d560 (0x00000151) c.addi  sp, 20
core   0: 3 0x8000d560 (0x0151) x 2 0x00000014
core   0: 0x8000d562 (0x01592cb3) slt     s9, s2, s5
core   0: 3 0x8000d562 (0x01592cb3) x25 0x00000001
core   0: 0x8000d566 (0xffc24783) lbu     a5, -4(tp)
core   0: 3 0x8000d566 (0xffc24783) x15 0x00000000 mem 0x80012913
core   0: 0x8000d56a (0x9ea07c13) andi    s8, zero, -1558
core   0: 3 0x8000d56a (0x9ea07c13) x24 0x00000000
core   0: 0x8000d56e (0x0ec20483) lb      s1, 236(tp)
core   0: 3 0x8000d56e (0x0ec20483) x 9 0x00000000 mem 0x80012a03
core   0: 0x8000d572 (0x00a00c13) li      s8, 10
core   0: 3 0x8000d572 (0x00a00c13) x24 0x0000000a
core   0: 0x8000d576 (0xff500093) li      ra, -11
core   0: 3 0x8000d576 (0xff500093) x 1 0xfffffff5
core   0: 0x8000d57a (0x0000839e) c.mv    t2, t2
core   0: 3 0x8000d57a (0x839e) x 7 0x00000000
core   0: 0x8000d57c (0x00001c7d) c.addi  s8, -1
core   0: 3 0x8000d57c (0x1c7d) x24 0x00000009
core   0: 0x8000d57e (0x00000d12) c.slli  s10, 4
core   0: 3 0x8000d57e (0x0d12) x26 0x00000180
core   0: 0x8000d580 (0xfe1c1de3) bne     s8, ra, pc - 6
core   0: 3 0x8000d580 (0xfe1c1de3)
core   0: 0x8000d57a (0x0000839e) c.mv    t2, t2
core   0: 3 0x8000d57a (0x839e) x 7 0x00000000
core   0: 0x8000d57c (0x00001c7d) c.addi  s8, -1
core   0: 3 0x8000d57c (0x1c7d) x24 0x00000008
core   0: 0x8000d57e (0x00000d12) c.slli  s10, 4
core   0: 3 0x8000d57e (0x0d12) x26 0x00001800
core   0: 0x8000d580 (0xfe1c1de3) bne     s8, ra, pc - 6
core   0: 3 0x8000d580 (0xfe1c1de3)
core   0: 0x8000d57a (0x0000839e) c.mv    t2, t2
core   0: 3 0x8000d57a (0x839e) x 7 0x00000000
core   0: 0x8000d57c (0x00001c7d) c.addi  s8, -1
core   0: 3 0x8000d57c (0x1c7d) x24 0x00000007
core   0: 0x8000d57e (0x00000d12) c.slli  s10, 4
core   0: 3 0x8000d57e (0x0d12) x26 0x00018000
core   0: 0x8000d580 (0xfe1c1de3) bne     s8, ra, pc - 6
core   0: 3 0x8000d580 (0xfe1c1de3)
core   0: 0x8000d57a (0x0000839e) c.mv    t2, t2
core   0: 3 0x8000d57a (0x839e) x 7 0x00000000
core   0: 0x8000d57c (0x00001c7d) c.addi  s8, -1
core   0: 3 0x8000d57c (0x1c7d) x24 0x00000006
core   0: 0x8000d57e (0x00000d12) c.slli  s10, 4
core   0: 3 0x8000d57e (0x0d12) x26 0x00180000
core   0: 0x8000d580 (0xfe1c1de3) bne     s8, ra, pc - 6
core   0: 3 0x8000d580 (0xfe1c1de3)
core   0: 0x8000d57a (0x0000839e) c.mv    t2, t2
core   0: 3 0x8000d57a (0x839e) x 7 0x00000000
core   0: 0x8000d57c (0x00001c7d) c.addi  s8, -1
core   0: 3 0x8000d57c (0x1c7d) x24 0x00000005
core   0: 0x8000d57e (0x00000d12) c.slli  s10, 4
core   0: 3 0x8000d57e (0x0d12) x26 0x01800000
core   0: 0x8000d580 (0xfe1c1de3) bne     s8, ra, pc - 6
core   0: 3 0x8000d580 (0xfe1c1de3)
core   0: 0x8000d57a (0x0000839e) c.mv    t2, t2
core   0: 3 0x8000d57a (0x839e) x 7 0x00000000
core   0: 0x8000d57c (0x00001c7d) c.addi  s8, -1
core   0: 3 0x8000d57c (0x1c7d) x24 0x00000004
core   0: 0x8000d57e (0x00000d12) c.slli  s10, 4
core   0: 3 0x8000d57e (0x0d12) x26 0x18000000
core   0: 0x8000d580 (0xfe1c1de3) bne     s8, ra, pc - 6
core   0: 3 0x8000d580 (0xfe1c1de3)
core   0: 0x8000d57a (0x0000839e) c.mv    t2, t2
core   0: 3 0x8000d57a (0x839e) x 7 0x00000000
core   0: 0x8000d57c (0x00001c7d) c.addi  s8, -1
core   0: 3 0x8000d57c (0x1c7d) x24 0x00000003
core   0: 0x8000d57e (0x00000d12) c.slli  s10, 4
core   0: 3 0x8000d57e (0x0d12) x26 0x80000000
core   0: 0x8000d580 (0xfe1c1de3) bne     s8, ra, pc - 6
core   0: 3 0x8000d580 (0xfe1c1de3)
core   0: 0x8000d57a (0x0000839e) c.mv    t2, t2
core   0: 3 0x8000d57a (0x839e) x 7 0x00000000
core   0: 0x8000d57c (0x00001c7d) c.addi  s8, -1
core   0: 3 0x8000d57c (0x1c7d) x24 0x00000002
core   0: 0x8000d57e (0x00000d12) c.slli  s10, 4
core   0: 3 0x8000d57e (0x0d12) x26 0x00000000
core   0: 0x8000d580 (0xfe1c1de3) bne     s8, ra, pc - 6
core   0: 3 0x8000d580 (0xfe1c1de3)
core   0: 0x8000d57a (0x0000839e) c.mv    t2, t2
core   0: 3 0x8000d57a (0x839e) x 7 0x00000000
core   0: 0x8000d57c (0x00001c7d) c.addi  s8, -1
core   0: 3 0x8000d57c (0x1c7d) x24 0x00000001
core   0: 0x8000d57e (0x00000d12) c.slli  s10, 4
core   0: 3 0x8000d57e (0x0d12) x26 0x00000000
core   0: 0x8000d580 (0xfe1c1de3) bne     s8, ra, pc - 6
core   0: 3 0x8000d580 (0xfe1c1de3)
core   0: 0x8000d57a (0x0000839e) c.mv    t2, t2
core   0: 3 0x8000d57a (0x839e) x 7 0x00000000
core   0: 0x8000d57c (0x00001c7d) c.addi  s8, -1
core   0: 3 0x8000d57c (0x1c7d) x24 0x00000000
core   0: 0x8000d57e (0x00000d12) c.slli  s10, 4
core   0: 3 0x8000d57e (0x0d12) x26 0x00000000
core   0: 0x8000d580 (0xfe1c1de3) bne     s8, ra, pc - 6
core   0: 3 0x8000d580 (0xfe1c1de3)
core   0: 0x8000d57a (0x0000839e) c.mv    t2, t2
core   0: 3 0x8000d57a (0x839e) x 7 0x00000000
core   0: 0x8000d57c (0x00001c7d) c.addi  s8, -1
core   0: 3 0x8000d57c (0x1c7d) x24 0xffffffff
core   0: 0x8000d57e (0x00000d12) c.slli  s10, 4
core   0: 3 0x8000d57e (0x0d12) x26 0x00000000
core   0: 0x8000d580 (0xfe1c1de3) bne     s8, ra, pc - 6
core   0: 3 0x8000d580 (0xfe1c1de3)
core   0: 0x8000d57a (0x0000839e) c.mv    t2, t2
core   0: 3 0x8000d57a (0x839e) x 7 0x00000000
core   0: 0x8000d57c (0x00001c7d) c.addi  s8, -1
core   0: 3 0x8000d57c (0x1c7d) x24 0xfffffffe
core   0: 0x8000d57e (0x00000d12) c.slli  s10, 4
core   0: 3 0x8000d57e (0x0d12) x26 0x00000000
core   0: 0x8000d580 (0xfe1c1de3) bne     s8, ra, pc - 6
core   0: 3 0x8000d580 (0xfe1c1de3)
core   0: 0x8000d57a (0x0000839e) c.mv    t2, t2
core   0: 3 0x8000d57a (0x839e) x 7 0x00000000
core   0: 0x8000d57c (0x00001c7d) c.addi  s8, -1
core   0: 3 0x8000d57c (0x1c7d) x24 0xfffffffd
core   0: 0x8000d57e (0x00000d12) c.slli  s10, 4
core   0: 3 0x8000d57e (0x0d12) x26 0x00000000
core   0: 0x8000d580 (0xfe1c1de3) bne     s8, ra, pc - 6
core   0: 3 0x8000d580 (0xfe1c1de3)
core   0: 0x8000d57a (0x0000839e) c.mv    t2, t2
core   0: 3 0x8000d57a (0x839e) x 7 0x00000000
core   0: 0x8000d57c (0x00001c7d) c.addi  s8, -1
core   0: 3 0x8000d57c (0x1c7d) x24 0xfffffffc
core   0: 0x8000d57e (0x00000d12) c.slli  s10, 4
core   0: 3 0x8000d57e (0x0d12) x26 0x00000000
core   0: 0x8000d580 (0xfe1c1de3) bne     s8, ra, pc - 6
core   0: 3 0x8000d580 (0xfe1c1de3)
core   0: 0x8000d57a (0x0000839e) c.mv    t2, t2
core   0: 3 0x8000d57a (0x839e) x 7 0x00000000
core   0: 0x8000d57c (0x00001c7d) c.addi  s8, -1
core   0: 3 0x8000d57c (0x1c7d) x24 0xfffffffb
core   0: 0x8000d57e (0x00000d12) c.slli  s10, 4
core   0: 3 0x8000d57e (0x0d12) x26 0x00000000
core   0: 0x8000d580 (0xfe1c1de3) bne     s8, ra, pc - 6
core   0: 3 0x8000d580 (0xfe1c1de3)
core   0: 0x8000d57a (0x0000839e) c.mv    t2, t2
core   0: 3 0x8000d57a (0x839e) x 7 0x00000000
core   0: 0x8000d57c (0x00001c7d) c.addi  s8, -1
core   0: 3 0x8000d57c (0x1c7d) x24 0xfffffffa
core   0: 0x8000d57e (0x00000d12) c.slli  s10, 4
core   0: 3 0x8000d57e (0x0d12) x26 0x00000000
core   0: 0x8000d580 (0xfe1c1de3) bne     s8, ra, pc - 6
core   0: 3 0x8000d580 (0xfe1c1de3)
core   0: 0x8000d57a (0x0000839e) c.mv    t2, t2
core   0: 3 0x8000d57a (0x839e) x 7 0x00000000
core   0: 0x8000d57c (0x00001c7d) c.addi  s8, -1
core   0: 3 0x8000d57c (0x1c7d) x24 0xfffffff9
core   0: 0x8000d57e (0x00000d12) c.slli  s10, 4
core   0: 3 0x8000d57e (0x0d12) x26 0x00000000
core   0: 0x8000d580 (0xfe1c1de3) bne     s8, ra, pc - 6
core   0: 3 0x8000d580 (0xfe1c1de3)
core   0: 0x8000d57a (0x0000839e) c.mv    t2, t2
core   0: 3 0x8000d57a (0x839e) x 7 0x00000000
core   0: 0x8000d57c (0x00001c7d) c.addi  s8, -1
core   0: 3 0x8000d57c (0x1c7d) x24 0xfffffff8
core   0: 0x8000d57e (0x00000d12) c.slli  s10, 4
core   0: 3 0x8000d57e (0x0d12) x26 0x00000000
core   0: 0x8000d580 (0xfe1c1de3) bne     s8, ra, pc - 6
core   0: 3 0x8000d580 (0xfe1c1de3)
core   0: 0x8000d57a (0x0000839e) c.mv    t2, t2
core   0: 3 0x8000d57a (0x839e) x 7 0x00000000
core   0: 0x8000d57c (0x00001c7d) c.addi  s8, -1
core   0: 3 0x8000d57c (0x1c7d) x24 0xfffffff7
core   0: 0x8000d57e (0x00000d12) c.slli  s10, 4
core   0: 3 0x8000d57e (0x0d12) x26 0x00000000
core   0: 0x8000d580 (0xfe1c1de3) bne     s8, ra, pc - 6
core   0: 3 0x8000d580 (0xfe1c1de3)
core   0: 0x8000d57a (0x0000839e) c.mv    t2, t2
core   0: 3 0x8000d57a (0x839e) x 7 0x00000000
core   0: 0x8000d57c (0x00001c7d) c.addi  s8, -1
core   0: 3 0x8000d57c (0x1c7d) x24 0xfffffff6
core   0: 0x8000d57e (0x00000d12) c.slli  s10, 4
core   0: 3 0x8000d57e (0x0d12) x26 0x00000000
core   0: 0x8000d580 (0xfe1c1de3) bne     s8, ra, pc - 6
core   0: 3 0x8000d580 (0xfe1c1de3)
core   0: 0x8000d57a (0x0000839e) c.mv    t2, t2
core   0: 3 0x8000d57a (0x839e) x 7 0x00000000
core   0: 0x8000d57c (0x00001c7d) c.addi  s8, -1
core   0: 3 0x8000d57c (0x1c7d) x24 0xfffffff5
core   0: 0x8000d57e (0x00000d12) c.slli  s10, 4
core   0: 3 0x8000d57e (0x0d12) x26 0x00000000
core   0: 0x8000d580 (0xfe1c1de3) bne     s8, ra, pc - 6
core   0: 3 0x8000d580 (0xfe1c1de3)
core   0: 0x8000d584 (0x01f0ecb3) or      s9, ra, t6
core   0: 3 0x8000d584 (0x01f0ecb3) x25 0xfffffff5
core   0: 0x8000d588 (0x00008497) auipc   s1, 0x8
core   0: 3 0x8000d588 (0x00008497) x 9 0x80015588
core   0: 0x8000d58c (0x1c548493) addi    s1, s1, 453
core   0: 3 0x8000d58c (0x1c548493) x 9 0x8001574d
core   0: 0x8000d590 (0x00008da9) c.xor   a1, a0
core   0: 3 0x8000d590 (0x8da9) x11 0x803d631b
core   0: 0x8000d592 (0x0000100f) fence.i
core   0: 3 0x8000d592 (0x0000100f)
core   0: 0x8000d596 (0x0e848203) lb      tp, 232(s1)
core   0: 3 0x8000d596 (0x0e848203) x 4 0x00000000 mem 0x80015835
core   0: 0x8000d59a (0x6fc9dd17) auipc   s10, 0x6fc9d
core   0: 3 0x8000d59a (0x6fc9dd17) x26 0xefcaa59a
core   0: 0x8000d59e (0xffe48523) sb      t5, -22(s1)
core   0: 3 0x8000d59e (0xffe48523) mem 0x80015737 0x2
core   0: 0x8000d5a2 (0x020c48b3) div     a7, s8, zero
core   0: 3 0x8000d5a2 (0x020c48b3) x17 0xffffffff
core   0: 0x8000d5a6 (0x016831b3) sltu    gp, a6, s6
core   0: 3 0x8000d5a6 (0x016831b3) x 3 0x00000000
core   0: 0x8000d5aa (0xf6948f23) sb      s1, -130(s1)
core   0: 3 0x8000d5aa (0xf6948f23) mem 0x800156cb 0x4d
core   0: 0x8000d5ae (0x000099fd) c.andi  a1, -1
core   0: 3 0x8000d5ae (0x99fd) x11 0x803d631b
core   0: 0x8000d5b0 (0x40315a33) sra     s4, sp, gp
core   0: 3 0x8000d5b0 (0x40315a33) x20 0x00000014
core   0: 0x8000d5b4 (0x41d45ab3) sra     s5, s0, t4
core   0: 3 0x8000d5b4 (0x41d45ab3) x21 0x100003ab
core   0: 0x8000d5b8 (0x013fd813) srli    a6, t6, 19
core   0: 3 0x8000d5b8 (0x013fd813) x16 0x00001fff
core   0: 0x8000d5bc (0x00008fe1) c.and   a5, s0
core   0: 3 0x8000d5bc (0x8fe1) x15 0x00000000
core   0: 0x8000d5be (0x0000098d) c.addi  s3, 3
core   0: 3 0x8000d5be (0x098d) x19 0x00000003
core   0: 0x8000d5c0 (0x00004ed9) c.li    t4, 22
core   0: 3 0x8000d5c0 (0x4ed9) x29 0x00000016
core   0: 0x8000d5c2 (0x04a48283) lb      t0, 74(s1)
core   0: 3 0x8000d5c2 (0x04a48283) x 5 0x00000000 mem 0x80015797
core   0: 0x8000d5c6 (0x012d1433) sll     s0, s10, s2
core   0: 3 0x8000d5c6 (0x012d1433) x 8 0xefcaa59a
core   0: 0x8000d5ca (0xf40487a3) sb      zero, -177(s1)
core   0: 3 0x8000d5ca (0xf40487a3) mem 0x8001569c 0x0
core   0: 0x8000d5ce (0x07b4ce03) lbu     t3, 123(s1)
core   0: 3 0x8000d5ce (0x07b4ce03) x28 0x00000000 mem 0x800157c8
core   0: 0x8000d5d2 (0x00000956) c.slli  s2, 21
core   0: 3 0x8000d5d2 (0x0956) x18 0x00000000
core   0: 0x8000d5d4 (0x0b149683) lh      a3, 177(s1)
core   0: 3 0x8000d5d4 (0x0b149683) x13 0x00000000 mem 0x800157fe
core   0: 0x8000d5d8 (0x0bb484a3) sb      s11, 169(s1)
core   0: 3 0x8000d5d8 (0x0bb484a3) mem 0x800157f6 0x94
core   0: 0x8000d5dc (0x000668b3) or      a7, a2, zero
core   0: 3 0x8000d5dc (0x000668b3) x17 0x80025e3c
core   0: 0x8000d5e0 (0x0329b3b3) mulhu   t2, s3, s2
core   0: 3 0x8000d5e0 (0x0329b3b3) x 7 0x00000000
core   0: 0x8000d5e4 (0x0121e5b3) or      a1, gp, s2
core   0: 3 0x8000d5e4 (0x0121e5b3) x11 0x00000000
core   0: 0x8000d5e8 (0x0d248c83) lb      s9, 210(s1)
core   0: 3 0x8000d5e8 (0x0d248c83) x25 0x00000000 mem 0x8001581f
core   0: 0x8000d5ec (0xe5d4af93) slti    t6, s1, -419
core   0: 3 0x8000d5ec (0xe5d4af93) x31 0x00000001
core   0: 0x8000d5f0 (0x83824797) auipc   a5, 0x83824
core   0: 3 0x8000d5f0 (0x83824797) x15 0x038315f0
core   0: 0x8000d5f4 (0xfe148ea3) sb      ra, -3(s1)
core   0: 3 0x8000d5f4 (0xfe148ea3) mem 0x8001574a 0xf5
core   0: 0x8000d5f8 (0x00008ddd) c.or    a1, a5
core   0: 3 0x8000d5f8 (0x8ddd) x11 0x038315f0
core   0: 0x8000d5fa (0xf2d4de83) lhu     t4, -211(s1)
core   0: 3 0x8000d5fa (0xf2d4de83) x29 0x00000000 mem 0x8001567a
core   0: 0x8000d5fe (0x0302f1b3) remu    gp, t0, a6
core   0: 3 0x8000d5fe (0x0302f1b3) x 3 0x00000000
core   0: 0x8000d602 (0x02a14033) div     zero, sp, a0
core   0: 3 0x8000d602 (0x02a14033)
core   0: 0x8000d606 (0x000081d1) c.srli  a1, 20
core   0: 3 0x8000d606 (0x81d1) x11 0x00000038
core   0: 0x8000d608 (0x00648b23) sb      t1, 22(s1)
core   0: 3 0x8000d608 (0x00648b23) mem 0x80015763 0x20
core   0: 0x8000d60c (0x00005297) auipc   t0, 0x5
core   0: 3 0x8000d60c (0x00005297) x 5 0x8001260c
core   0: 0x8000d610 (0x50328293) addi    t0, t0, 1283
core   0: 3 0x8000d610 (0x50328293) x 5 0x80012b0f
core   0: 0x8000d614 (0xffc29ca3) sh      t3, -7(t0)
core   0: 3 0x8000d614 (0xffc29ca3) mem 0x80012b08 0x0000
core   0: 0x8000d618 (0xff428583) lb      a1, -12(t0)
core   0: 3 0x8000d618 (0xff428583) x11 0x00000000 mem 0x80012b03
core   0: 0x8000d61c (0x00c28583) lb      a1, 12(t0)
core   0: 3 0x8000d61c (0x00c28583) x11 0x00000000 mem 0x80012b1b
core   0: 0x8000d620 (0x03c02733) mulhsu  a4, zero, t3
core   0: 3 0x8000d620 (0x03c02733) x14 0x00000000
core   0: 0x8000d624 (0xfff2c003) lbu     zero, -1(t0)
core   0: 3 0x8000d624 (0xfff2c003) mem 0x80012b0e
core   0: 0x8000d628 (0xfe928da3) sb      s1, -5(t0)
core   0: 3 0x8000d628 (0xfe928da3) mem 0x80012b0a 0x4d
core   0: 0x8000d62c (0x000e1713) slli    a4, t3, 0
core   0: 3 0x8000d62c (0x000e1713) x14 0x00000000
core   0: 0x8000d630 (0x00907733) and     a4, zero, s1
core   0: 3 0x8000d630 (0x00907733) x14 0x00000000
core   0: 0x8000d634 (0x00001e7d) c.addi  t3, -1
core   0: 3 0x8000d634 (0x1e7d) x28 0xffffffff
core   0: 0x8000d636 (0xfff2d583) lhu     a1, -1(t0)
core   0: 3 0x8000d636 (0xfff2d583) x11 0x00000000 mem 0x80012b0e
core   0: 0x8000d63a (0x0ba5a5b7) lui     a1, 0xba5a
core   0: 3 0x8000d63a (0x0ba5a5b7) x11 0x0ba5a000
core   0: 0x8000d63e (0x00000001) c.nop
core   0: 3 0x8000d63e (0x0001)
core   0: 0x8000d640 (0x00b4d4b3) srl     s1, s1, a1
core   0: 3 0x8000d640 (0x00b4d4b3) x 9 0x8001574d
core   0: 0x8000d644 (0x00d29703) lh      a4, 13(t0)
core   0: 3 0x8000d644 (0x00d29703) x14 0x00000000 mem 0x80012b1c
core   0: 0x8000d648 (0x0204be33) mulhu   t3, s1, zero
core   0: 3 0x8000d648 (0x0204be33) x28 0x00000000
core   0: 0x8000d64c (0xffe2c703) lbu     a4, -2(t0)
core   0: 3 0x8000d64c (0xffe2c703) x14 0x00000000 mem 0x80012b0d
core   0: 0x8000d650 (0xffc28e23) sb      t3, -4(t0)
core   0: 3 0x8000d650 (0xffc28e23) mem 0x80012b0b 0x0
core   0: 0x8000d654 (0x009e3733) sltu    a4, t3, s1
core   0: 3 0x8000d654 (0x009e3733) x14 0x00000001
core   0: 0x8000d658 (0xff628e03) lb      t3, -10(t0)
core   0: 3 0x8000d658 (0xff628e03) x28 0x00000000 mem 0x80012b05
core   0: 0x8000d65c (0x02e48d33) mul     s10, s1, a4
core   0: 3 0x8000d65c (0x02e48d33) x26 0x8001574d
core   0: 0x8000d660 (0xfff2d583) lhu     a1, -1(t0)
core   0: 3 0x8000d660 (0xfff2d583) x11 0x00000000 mem 0x80012b0e
core   0: 0x8000d664 (0x00000001) c.nop
core   0: 3 0x8000d664 (0x0001)
core   0: 0x8000d666 (0x0000848d) c.srai  s1, 3
core   0: 3 0x8000d666 (0x848d) x 9 0xf0002ae9
core   0: 0x8000d668 (0x0aad6493) ori     s1, s10, 170
core   0: 3 0x8000d668 (0x0aad6493) x 9 0x800157ef
core   0: 0x8000d66c (0x01c5a5b3) slt     a1, a1, t3
core   0: 3 0x8000d66c (0x01c5a5b3) x11 0x00000000
core   0: 0x8000d670 (0x00008761) c.srai  a4, 24
core   0: 3 0x8000d670 (0x8761) x14 0x00000000
core   0: 0x8000d672 (0x00428003) lb      zero, 4(t0)
core   0: 3 0x8000d672 (0x00428003) mem 0x80012b13
core   0: 0x8000d676 (0x41cd0033) sub     zero, s10, t3
core   0: 3 0x8000d676 (0x41cd0033)
core   0: 0x8000d67a (0x00009d3a) c.add   s10, a4
core   0: 3 0x8000d67a (0x9d3a) x26 0x8001574d
core   0: 0x8000d67c (0x02e48033) mul     zero, s1, a4
core   0: 3 0x8000d67c (0x02e48033)
core   0: 0x8000d680 (0x00028123) sb      zero, 2(t0)
core   0: 3 0x8000d680 (0x00028123) mem 0x80012b11 0x0
core   0: 0x8000d684 (0x00129703) lh      a4, 1(t0)
core   0: 3 0x8000d684 (0x00129703) x14 0x00000000 mem 0x80012b10
core   0: 0x8000d688 (0xfeb29ba3) sh      a1, -9(t0)
core   0: 3 0x8000d688 (0xfeb29ba3) mem 0x80012b06 0x0000
core   0: 0x8000d68c (0x02e74e33) div     t3, a4, a4
core   0: 3 0x8000d68c (0x02e74e33) x28 0xffffffff
core   0: 0x8000d690 (0x01c28423) sb      t3, 8(t0)
core   0: 3 0x8000d690 (0x01c28423) mem 0x80012b17 0xff
core   0: 0x8000d694 (0xfeb28aa3) sb      a1, -11(t0)
core   0: 3 0x8000d694 (0xfeb28aa3) mem 0x80012b04 0x0
core   0: 0x8000d698 (0x00e295a3) sh      a4, 11(t0)
core   0: 3 0x8000d698 (0x00e295a3) mem 0x80012b1a 0x0000
core   0: 0x8000d69c (0x60f76d13) ori     s10, a4, 1551
core   0: 3 0x8000d69c (0x60f76d13) x26 0x0000060f
core   0: 0x8000d6a0 (0x00628003) lb      zero, 6(t0)
core   0: 3 0x8000d6a0 (0x00628003) mem 0x80012b15
core   0: 0x8000d6a4 (0x000005b1) c.addi  a1, 12
core   0: 3 0x8000d6a4 (0x05b1) x11 0x0000000c
core   0: 0x8000d6a6 (0x00008b71) c.andi  a4, 28
core   0: 3 0x8000d6a6 (0x8b71) x14 0x00000000
core   0: 0x8000d6a8 (0xfff28483) lb      s1, -1(t0)
core   0: 3 0x8000d6a8 (0xfff28483) x 9 0x00000000 mem 0x80012b0e
core   0: 0x8000d6ac (0x00b2a0a3) sw      a1, 1(t0)
core   0: 3 0x8000d6ac (0x00b2a0a3) mem 0x80012b10 0x0000000c
core   0: 0x8000d6b0 (0x00000d75) c.addi  s10, 29
core   0: 3 0x8000d6b0 (0x0d75) x26 0x0000062c
core   0: 0x8000d6b2 (0xffc29ca3) sh      t3, -7(t0)
core   0: 3 0x8000d6b2 (0xffc29ca3) mem 0x80012b08 0xffff
core   0: 0x8000d6b6 (0x00003217) auipc   tp, 0x3
core   0: 3 0x8000d6b6 (0x00003217) x 4 0x800106b6
core   0: 0x8000d6ba (0x39820213) addi    tp, tp, 920
core   0: 3 0x8000d6ba (0x39820213) x 4 0x80010a4e
core   0: 0x8000d6be (0xffe208a3) sb      t5, -15(tp)
core   0: 3 0x8000d6be (0xffe208a3) mem 0x80010a3f 0x2
core   0: 0x8000d6c2 (0x00320b03) lb      s6, 3(tp)
core   0: 3 0x8000d6c2 (0x00320b03) x22 0x00000000 mem 0x80010a51
core   0: 0x8000d6c6 (0x00e20223) sb      a4, 4(tp)
core   0: 3 0x8000d6c6 (0x00e20223) mem 0x80010a52 0x0
core   0: 0x8000d6ca (0x0000a317) auipc   t1, 0xa
core   0: 3 0x8000d6ca (0x0000a317) x 6 0x800176ca
core   0: 0x8000d6ce (0x6ae30313) addi    t1, t1, 1710
core   0: 3 0x8000d6ce (0x6ae30313) x 6 0x80017d78
core   0: 0x8000d6d2 (0x00020e83) lb      t4, 0(tp)
core   0: 3 0x8000d6d2 (0x00020e83) x29 0x00000000 mem 0x80010a4e
core   0: 0x8000d6d6 (0x00c30583) lb      a1, 12(t1)
core   0: 3 0x8000d6d6 (0x00c30583) x11 0x00000000 mem 0x80017d84
core   0: 0x8000d6da (0x00520103) lb      sp, 5(tp)
core   0: 3 0x8000d6da (0x00520103) x 2 0x00000000 mem 0x80010a53
core   0: 0x8000d6de (0xffd30ba3) sb      t4, -9(t1)
core   0: 3 0x8000d6de (0xffd30ba3) mem 0x80017d6f 0x0
core   0: 0x8000d6e2 (0xffa20ca3) sb      s10, -7(tp)
core   0: 3 0x8000d6e2 (0xffa20ca3) mem 0x80010a47 0x2c
core   0: 0x8000d6e6 (0x02e30e23) sb      a4, 60(t1)
core   0: 3 0x8000d6e6 (0x02e30e23) mem 0x80017db4 0x0
core   0: 0x8000d6ea (0xfdf306a3) sb      t6, -51(t1)
core   0: 3 0x8000d6ea (0xfdf306a3) mem 0x80017d45 0x1
core   0: 0x8000d6ee (0xff220da3) sb      s2, -5(tp)
core   0: 3 0x8000d6ee (0xff220da3) mem 0x80010a49 0x0
core   0: 0x8000d6f2 (0xffa20f23) sb      s10, -2(tp)
core   0: 3 0x8000d6f2 (0xffa20f23) mem 0x80010a4c 0x2c
core   0: 0x8000d6f6 (0xfff20d03) lb      s10, -1(tp)
core   0: 3 0x8000d6f6 (0xfff20d03) x26 0x00000000 mem 0x80010a4d
core   0: 0x8000d6fa (0xfea30c03) lb      s8, -22(t1)
core   0: 3 0x8000d6fa (0xfea30c03) x24 0x00000000 mem 0x80017d62
core   0: 0x8000d6fe (0x01a21023) sh      s10, 0(tp)
core   0: 3 0x8000d6fe (0x01a21023) mem 0x80010a4e 0x0000
core   0: 0x8000d702 (0x0260036f) jal     t1, pc + 0x26
core   0: 3 0x8000d702 (0x0260036f) x 6 0x8000d706
core   0: 0x8000d728 (0x000037fd) c.jal   pc - 18
core   0: 3 0x8000d728 (0x37fd) x 1 0x8000d72a
core   0: 0x8000d716 (0x00002029) c.jal   pc + 10
core   0: 3 0x8000d716 (0x2029) x 1 0x8000d718
core   0: 0x8000d720 (0xff1ff0ef) jal     pc - 0x10
core   0: 3 0x8000d720 (0xff1ff0ef) x 1 0x8000d724
core   0: 0x8000d710 (0x00c0036f) jal     t1, pc + 0xc
core   0: 3 0x8000d710 (0x00c0036f) x 6 0x8000d714
core   0: 0x8000d71c (0x00003fc5) c.jal   pc - 16
core   0: 3 0x8000d71c (0x3fc5) x 1 0x8000d71e
core   0: 0x8000d70c (0x01a000ef) jal     pc + 0x1a
core   0: 3 0x8000d70c (0x01a000ef) x 1 0x8000d710
core   0: 0x8000d726 (0x0000bffd) c.j     pc - 2
core   0: 3 0x8000d726 (0xbffd)
core   0: 0x8000d724 (0x0000a019) c.j     pc + 6
core   0: 3 0x8000d724 (0xa019)
core   0: 0x8000d72a (0x0000bfd5) c.j     pc - 12
core   0: 3 0x8000d72a (0xbfd5)
core   0: 0x8000d71e (0x00003fed) c.jal   pc - 6
core   0: 3 0x8000d71e (0x3fed) x 1 0x8000d720
core   0: 0x8000d718 (0xffdffeef) jal     t4, pc - 0x4
core   0: 3 0x8000d718 (0xffdffeef) x29 0x8000d71c
core   0: 0x8000d714 (0x00002821) c.jal   pc + 24
core   0: 3 0x8000d714 (0x2821) x 1 0x8000d716
core   0: 0x8000d72c (0xfdfff36f) jal     t1, pc - 0x22
core   0: 3 0x8000d72c (0xfdfff36f) x 6 0x8000d730
core   0: 0x8000d70a (0x00003ff5) c.jal   pc - 4
core   0: 3 0x8000d70a (0x3ff5) x 1 0x8000d70c
core   0: 0x8000d706 (0x02a000ef) jal     pc + 0x2a
core   0: 3 0x8000d706 (0x02a000ef) x 1 0x8000d70a
core   0: 0x8000d730 (0x00002009) c.jal   pc + 2
core   0: 3 0x8000d730 (0x2009) x 1 0x8000d732
core   0: 0x8000d732 (0x00008de1) c.and   a1, s0
core   0: 3 0x8000d732 (0x8de1) x11 0x00000000
core   0: 0x8000d734 (0x0140036f) jal     t1, pc + 0x14
core   0: 3 0x8000d734 (0x0140036f) x 6 0x8000d738
core   0: 0x8000d748 (0x0000bfed) c.j     pc - 6
core   0: 3 0x8000d748 (0xbfed)
core   0: 0x8000d742 (0x0000a801) c.j     pc + 16
core   0: 3 0x8000d742 (0xa801)
core   0: 0x8000d752 (0x0000bfed) c.j     pc - 6
core   0: 3 0x8000d752 (0xbfed)
core   0: 0x8000d74c (0x00003ffd) c.jal   pc - 2
core   0: 3 0x8000d74c (0x3ffd) x 1 0x8000d74e
core   0: 0x8000d74a (0x00002029) c.jal   pc + 10
core   0: 3 0x8000d74a (0x2029) x 1 0x8000d74c
core   0: 0x8000d754 (0x0040046f) jal     s0, pc + 0x4
core   0: 3 0x8000d754 (0x0040046f) x 8 0x8000d758
core   0: 0x8000d758 (0xfefff5ef) jal     a1, pc - 0x12
core   0: 3 0x8000d758 (0xfefff5ef) x11 0x8000d75c
core   0: 0x8000d746 (0x00002021) c.jal   pc + 8
core   0: 3 0x8000d746 (0x2021) x 1 0x8000d748
core   0: 0x8000d74e (0x000037ed) c.jal   pc - 22
core   0: 3 0x8000d74e (0x37ed) x 1 0x8000d750
core   0: 0x8000d738 (0x0080016f) jal     sp, pc + 0x8
core   0: 3 0x8000d738 (0x0080016f) x 2 0x8000d73c
core   0: 0x8000d740 (0x00002801) c.jal   pc + 16
core   0: 3 0x8000d740 (0x2801) x 1 0x8000d742
core   0: 0x8000d750 (0x0000b7f5) c.j     pc - 20
core   0: 3 0x8000d750 (0xb7f5)
core   0: 0x8000d73c (0x0080036f) jal     t1, pc + 0x8
core   0: 3 0x8000d73c (0x0080036f) x 6 0x8000d740
core   0: 0x8000d744 (0x00002821) c.jal   pc + 24
core   0: 3 0x8000d744 (0x2821) x 1 0x8000d746
core   0: 0x8000d75c (0x00000b80) c.addi4spn s0, sp, 464
core   0: 3 0x8000d75c (0x0b80) x 8 0x8000d90c
core   0: 0x8000d75e (0x00003897) auipc   a7, 0x3
core   0: 3 0x8000d75e (0x00003897) x17 0x8001075e
core   0: 0x8000d762 (0x5b488893) addi    a7, a7, 1460
core   0: 3 0x8000d762 (0x5b488893) x17 0x80010d12
core   0: 0x8000d766 (0x00003f17) auipc   t5, 0x3
core   0: 3 0x8000d766 (0x00003f17) x30 0x80010766
core   0: 0x8000d76a (0x676f0f13) addi    t5, t5, 1654
core   0: 3 0x8000d76a (0x676f0f13) x30 0x80010ddc
core   0: 0x8000d76e (0x00003b97) auipc   s7, 0x3
core   0: 3 0x8000d76e (0x00003b97) x23 0x8001076e
core   0: 0x8000d772 (0x998b8b93) addi    s7, s7, -1640
core   0: 3 0x8000d772 (0x998b8b93) x23 0x80010106
core   0: 0x8000d776 (0x00003697) auipc   a3, 0x3
core   0: 3 0x8000d776 (0x00003697) x13 0x80010776
core   0: 0x8000d77a (0x67768693) addi    a3, a3, 1655
core   0: 3 0x8000d77a (0x67768693) x13 0x80010ded
core   0: 0x8000d77e (0x200690a3) sh      zero, 513(a3)
core   0: 3 0x8000d77e (0x200690a3) mem 0x80010fee 0x0000
core   0: 0x8000d782 (0x010bc103) lbu     sp, 16(s7)
core   0: 3 0x8000d782 (0x010bc103) x 2 0x00000000 mem 0x80010116
core   0: 0x8000d786 (0xff9b8303) lb      t1, -7(s7)
core   0: 3 0x8000d786 (0xff9b8303) x 6 0x00000000 mem 0x800100ff
core   0: 0x8000d78a (0x858f08a3) sb      s8, -1967(t5)
core   0: 3 0x8000d78a (0x858f08a3) mem 0x8001062d 0x0
core   0: 0x8000d78e (0xb50f1823) sh      a6, -1200(t5)
core   0: 3 0x8000d78e (0xb50f1823) mem 0x8001092c 0x1fff
core   0: 0x8000d792 (0xb3868283) lb      t0, -1224(a3)
core   0: 3 0x8000d792 (0xb3868283) x 5 0x00000000 mem 0x80010925
core   0: 0x8000d796 (0xe15f1d23) sh      s5, -486(t5)
core   0: 3 0x8000d796 (0xe15f1d23) mem 0x80010bf6 0x03ab
core   0: 0x8000d79a (0xfd38ce83) lbu     t4, -45(a7)
core   0: 3 0x8000d79a (0xfd38ce83) x29 0x00000000 mem 0x80010ce5
core   0: 0x8000d79e (0xfa58cd03) lbu     s10, -91(a7)
core   0: 3 0x8000d79e (0xfa58cd03) x26 0x00000000 mem 0x80010cb7
core   0: 0x8000d7a2 (0xdae69ea3) sh      a4, -579(a3)
core   0: 3 0x8000d7a2 (0xdae69ea3) mem 0x80010baa 0x0000
core   0: 0x8000d7a6 (0xfa189523) sh      ra, -86(a7)
core   0: 3 0x8000d7a6 (0xfa189523) mem 0x80010cbc 0xd746
core   0: 0x8000d7aa (0x00ebd203) lhu     tp, 14(s7)
core   0: 3 0x8000d7aa (0x00ebd203) x 4 0x00000000 mem 0x80010114
core   0: 0x8000d7ae (0xf8e8d583) lhu     a1, -114(a7)
core   0: 3 0x8000d7ae (0xf8e8d583) x11 0x00000000 mem 0x80010ca0
core   0: 0x8000d7b2 (0xdd26c103) lbu     sp, -558(a3)
core   0: 3 0x8000d7b2 (0xdd26c103) x 2 0x00000000 mem 0x80010bbf
core   0: 0x8000d7b6 (0xba7f0203) lb      tp, -1113(t5)
core   0: 3 0x8000d7b6 (0xba7f0203) x 4 0x00000000 mem 0x80010983
core   0: 0x8000d7ba (0xc00f1b03) lh      s6, -1024(t5)
core   0: 3 0x8000d7ba (0xc00f1b03) x22 0x00000000 mem 0x800109dc
core   0: 0x8000d7be (0xd46f0d23) sb      t1, -678(t5)
core   0: 3 0x8000d7be (0xd46f0d23) mem 0x80010b36 0x0
core   0: 0x8000d7c2 (0xf628c583) lbu     a1, -158(a7)
core   0: 3 0x8000d7c2 (0xf628c583) x11 0x00000000 mem 0x80010c74
core   0: 0x8000d7c6 (0x9a96d703) lhu     a4, -1623(a3)
core   0: 3 0x8000d7c6 (0x9a96d703) x14 0x00000000 mem 0x80010796
core   0: 0x8000d7ca (0xffbb8403) lb      s0, -5(s7)
core   0: 3 0x8000d7ca (0xffbb8403) x 8 0x00000000 mem 0x80010101
core   0: 0x8000d7ce (0xe4e6cd03) lbu     s10, -434(a3)
core   0: 3 0x8000d7ce (0xe4e6cd03) x26 0x00000000 mem 0x80010c3b
core   0: 0x8000d7d2 (0x07489c83) lh      s9, 116(a7)
core   0: 3 0x8000d7d2 (0x07489c83) x25 0x00000000 mem 0x80010d86
core   0: 0x8000d7d6 (0x00b6c803) lbu     a6, 11(a3)
core   0: 3 0x8000d7d6 (0x00b6c803) x16 0x00000053 mem 0x80010df8
core   0: 0x8000d7da (0xffcb8403) lb      s0, -4(s7)
core   0: 3 0x8000d7da (0xffcb8403) x 8 0x00000000 mem 0x80010102
core   0: 0x8000d7de (0x0918c583) lbu     a1, 145(a7)
core   0: 3 0x8000d7de (0x0918c583) x11 0x00000000 mem 0x80010da3
core   0: 0x8000d7e2 (0x13ef09a3) sb      t5, 307(t5)
core   0: 3 0x8000d7e2 (0x13ef09a3) mem 0x80010f0f 0xdc
core   0: 0x8000d7e6 (0x04188183) lb      gp, 65(a7)
core   0: 3 0x8000d7e6 (0x04188183) x 3 0x00000000 mem 0x80010d53
core   0: 0x8000d7ea (0x016b87a3) sb      s6, 15(s7)
core   0: 3 0x8000d7ea (0x016b87a3) mem 0x80010115 0x0
core   0: 0x8000d7ee (0xc3a68323) sb      s10, -986(a3)
core   0: 3 0x8000d7ee (0xc3a68323) mem 0x80010a13 0x0
core   0: 0x8000d7f2 (0x0dff0203) lb      tp, 223(t5)
core   0: 3 0x8000d7f2 (0x0dff0203) x 4 0x00000000 mem 0x80010ebb
core   0: 0x8000d7f6 (0xab96c403) lbu     s0, -1351(a3)
core   0: 3 0x8000d7f6 (0xab96c403) x 8 0x00000000 mem 0x800108a6
core   0: 0x8000d7fa (0xffab8ba3) sb      s10, -9(s7)
core   0: 3 0x8000d7fa (0xffab8ba3) mem 0x800100fd 0x0
core   0: 0x8000d7fe (0x02988383) lb      t2, 41(a7)
core   0: 3 0x8000d7fe (0x02988383) x 7 0xffffffff mem 0x80010d3b
core   0: 0x8000d802 (0xfa589923) sh      t0, -78(a7)
core   0: 3 0x8000d802 (0xfa589923) mem 0x80010cc4 0x0000
core   0: 0x8000d806 (0x00dbcc03) lbu     s8, 13(s7)
core   0: 3 0x8000d806 (0x00dbcc03) x24 0x00000000 mem 0x80010113
core   0: 0x8000d80a (0x009b8903) lb      s2, 9(s7)
core   0: 3 0x8000d80a (0x009b8903) x18 0x00000000 mem 0x8001010f
core   0: 0x8000d80e (0x00009f17) auipc   t5, 0x9
core   0: 3 0x8000d80e (0x00009f17) x30 0x8001680e
core   0: 0x8000d812 (0x1acf0f13) addi    t5, t5, 428
core   0: 3 0x8000d812 (0x1acf0f13) x30 0x800169ba
core   0: 0x8000d816 (0x0000e597) auipc   a1, 0xe
core   0: 3 0x8000d816 (0x0000e597) x11 0x8001b816
core   0: 0x8000d81a (0xedc58593) addi    a1, a1, -292
core   0: 3 0x8000d81a (0xedc58593) x11 0x8001b6f2
core   0: 0x8000d81e (0x00009797) auipc   a5, 0x9
core   0: 3 0x8000d81e (0x00009797) x15 0x8001681e
core   0: 0x8000d822 (0x0b878793) addi    a5, a5, 184
core   0: 3 0x8000d822 (0x0b878793) x15 0x800168d6
core   0: 0x8000d826 (0x2baf5803) lhu     a6, 698(t5)
core   0: 3 0x8000d826 (0x2baf5803) x16 0x00000000 mem 0x80016c74
core   0: 0x8000d82a (0x51f58483) lb      s1, 1311(a1)
core   0: 3 0x8000d82a (0x51f58483) x 9 0x00000000 mem 0x8001bc11
core   0: 0x8000d82e (0xfa2f1223) sh      sp, -92(t5)
core   0: 3 0x8000d82e (0xfa2f1223) mem 0x8001695e 0x0000
core   0: 0x8000d832 (0xd91f4083) lbu     ra, -623(t5)
core   0: 3 0x8000d832 (0xd91f4083) x 1 0x00000000 mem 0x8001674b
core   0: 0x8000d836 (0x01758c03) lb      s8, 23(a1)
core   0: 3 0x8000d836 (0x01758c03) x24 0x00000000 mem 0x8001b709
core   0: 0x8000d83a (0x03578a03) lb      s4, 53(a5)
core   0: 3 0x8000d83a (0x03578a03) x20 0x00000000 mem 0x8001690b
core   0: 0x8000d83e (0x7ecf4c83) lbu     s9, 2028(t5)
core   0: 3 0x8000d83e (0x7ecf4c83) x25 0x00000000 mem 0x800171a6
core   0: 0x8000d842 (0x03d79223) sh      t4, 36(a5)
core   0: 3 0x8000d842 (0x03d79223) mem 0x800168fa 0x0000
core   0: 0x8000d846 (0x73758e03) lb      t3, 1847(a1)
core   0: 3 0x8000d846 (0x73758e03) x28 0x00000000 mem 0x8001be29
core   0: 0x8000d84a (0x03d7ce83) lbu     t4, 61(a5)
core   0: 3 0x8000d84a (0x03d7ce83) x29 0x00000000 mem 0x80016913
core   0: 0x8000d84e (0x26cf4903) lbu     s2, 620(t5)
core   0: 3 0x8000d84e (0x26cf4903) x18 0x00000000 mem 0x80016c26
core   0: 0x8000d852 (0x27c58703) lb      a4, 636(a1)
core   0: 3 0x8000d852 (0x27c58703) x14 0x00000000 mem 0x8001b96e
core   0: 0x8000d856 (0x503f0023) sb      gp, 1280(t5)
core   0: 3 0x8000d856 (0x503f0023) mem 0x80016eba 0x0
core   0: 0x8000d85a (0x516580a3) sb      s6, 1281(a1)
core   0: 3 0x8000d85a (0x516580a3) mem 0x8001bbf3 0x0
core   0: 0x8000d85e (0xfdb78ea3) sb      s11, -35(a5)
core   0: 3 0x8000d85e (0xfdb78ea3) mem 0x800168b3 0x94
core   0: 0x8000d862 (0xdf5f0683) lb      a3, -523(t5)
core   0: 3 0x8000d862 (0xdf5f0683) x13 0x00000000 mem 0x800167af
core   0: 0x8000d866 (0x7d358f83) lb      t6, 2003(a1)
core   0: 3 0x8000d866 (0x7d358f83) x31 0x00000000 mem 0x8001bec5
core   0: 0x8000d86a (0x549f1823) sh      s1, 1360(t5)
core   0: 3 0x8000d86a (0x549f1823) mem 0x80016f0a 0x0000
core   0: 0x8000d86e (0x831f4703) lbu     a4, -1999(t5)
core   0: 3 0x8000d86e (0x831f4703) x14 0x00000000 mem 0x800161eb
core   0: 0x8000d872 (0xdd0586a3) sb      a6, -563(a1)
core   0: 3 0x8000d872 (0xdd0586a3) mem 0x8001b4bf 0x0
core   0: 0x8000d876 (0x6ccf0ca3) sb      a2, 1753(t5)
core   0: 3 0x8000d876 (0x6ccf0ca3) mem 0x80017093 0x3c
core   0: 0x8000d87a (0x00878e03) lb      t3, 8(a5)
core   0: 3 0x8000d87a (0x00878e03) x28 0x00000000 mem 0x800168de
core   0: 0x8000d87e (0x9a958b23) sb      s1, -1610(a1)
core   0: 3 0x8000d87e (0x9a958b23) mem 0x8001b0a8 0x0
core   0: 0x8000d882 (0x00012217) auipc   tp, 0x12
core   0: 3 0x8000d882 (0x00012217) x 4 0x8001f882
core   0: 0x8000d886 (0x64a20213) addi    tp, tp, 1610
core   0: 3 0x8000d886 (0x64a20213) x 4 0x8001fecc
core   0: 0x8000d88a (0xfb420103) lb      sp, -76(tp)
core   0: 3 0x8000d88a (0xfb420103) x 2 0x00000000 mem 0x8001fe80
core   0: 0x8000d88e (0x00003e17) auipc   t3, 0x3
core   0: 3 0x8000d88e (0x00003e17) x28 0x8001088e
core   0: 0x8000d892 (0xbabe0e13) addi    t3, t3, -1109
core   0: 3 0x8000d892 (0xbabe0e13) x28 0x80010439
core   0: 0x8000d896 (0xff9e1e83) lh      t4, -7(t3)
core   0: 3 0x8000d896 (0xff9e1e83) x29 0x00000000 mem 0x80010432
core   0: 0x8000d89a (0x08320a83) lb      s5, 131(tp)
core   0: 3 0x8000d89a (0x08320a83) x21 0x00000000 mem 0x8001ff4f
core   0: 0x8000d89e (0xfd424103) lbu     sp, -44(tp)
core   0: 3 0x8000d89e (0xfd424103) x 2 0x00000000 mem 0x8001fea0
core   0: 0x8000d8a2 (0x006e4803) lbu     a6, 6(t3)
core   0: 3 0x8000d8a2 (0x006e4803) x16 0x00000000 mem 0x8001043f
core   0: 0x8000d8a6 (0x02720fa3) sb      t2, 63(tp)
core   0: 3 0x8000d8a6 (0x02720fa3) mem 0x8001ff0b 0xff
core   0: 0x8000d8aa (0x06e20ca3) sb      a4, 121(tp)
core   0: 3 0x8000d8aa (0x06e20ca3) mem 0x8001ff45 0x0
core   0: 0x8000d8ae (0xffde0803) lb      a6, -3(t3)
core   0: 3 0x8000d8ae (0xffde0803) x16 0x00000000 mem 0x80010436
core   0: 0x8000d8b2 (0xf1422c03) lw      s8, -236(tp)
core   0: 3 0x8000d8b2 (0xf1422c03) x24 0x00000000 mem 0x8001fde0
core   0: 0x8000d8b6 (0xfd821183) lh      gp, -40(tp)
core   0: 3 0x8000d8b6 (0xfd821183) x 3 0x00000000 mem 0x8001fea4
core   0: 0x8000d8ba (0x0e425403) lhu     s0, 228(tp)
core   0: 3 0x8000d8ba (0x0e425403) x 8 0x00000000 mem 0x8001ffb0
core   0: 0x8000d8be (0x008e0823) sb      s0, 16(t3)
core   0: 3 0x8000d8be (0x008e0823) mem 0x80010449 0x0
core   0: 0x8000d8c2 (0x0e4200a3) sb      tp, 225(tp)
core   0: 3 0x8000d8c2 (0x0e4200a3) mem 0x8001ffad 0xcc
core   0: 0x8000d8c6 (0xfe8e2da3) sw      s0, -5(t3)
core   0: 3 0x8000d8c6 (0xfe8e2da3) mem 0x80010434 0x00000000
core   0: 0x8000d8ca (0x0000717d) c.addi16sp sp, -16
core   0: 3 0x8000d8ca (0x717d) x 2 0xfffffff0
core   0: 0x8000d8cc (0x00000001) c.nop
core   0: 3 0x8000d8cc (0x0001)
core   0: 0x8000d8ce (0x035958b3) divu    a7, s2, s5
core   0: 3 0x8000d8ce (0x035958b3) x17 0xffffffff
core   0: 0x8000d8d2 (0x00008da1) c.xor   a1, s0
core   0: 3 0x8000d8d2 (0x8da1) x11 0x8001b6f2
core   0: 0x8000d8d4 (0x40a0da33) sra     s4, ra, a0
core   0: 3 0x8000d8d4 (0x40a0da33) x20 0x00000000
core   0: 0x8000d8d8 (0x00ebe263) bltu    s7, a4, pc + 4
core   0: 3 0x8000d8d8 (0x00ebe263)
core   0: 0x8000d8dc (0x0000ee95) c.bnez  a3, pc + 60
core   0: 3 0x8000d8dc (0xee95)
core   0: 0x8000d8de (0x03318133) mul     sp, gp, s3
core   0: 3 0x8000d8de (0x03318133) x 2 0x00000000
core   0: 0x8000d8e2 (0x43e8bb17) auipc   s6, 0x43e8b
core   0: 3 0x8000d8e2 (0x43e8bb17) x22 0xc3e988e2
core   0: 0x8000d8e6 (0xd22fc693) xori    a3, t6, -734
core   0: 3 0x8000d8e6 (0xd22fc693) x13 0xfffffd22
core   0: 0x8000d8ea (0x00735213) srli    tp, t1, 7
core   0: 3 0x8000d8ea (0x00735213) x 4 0x00000000
core   0: 0x8000d8ee (0x0ff0000f) fence   iorw,iorw
core   0: 3 0x8000d8ee (0x0ff0000f)
core   0: 0x8000d8f2 (0x032b51b3) divu    gp, s6, s2
core   0: 3 0x8000d8f2 (0x032b51b3) x 3 0xffffffff
core   0: 0x8000d8f6 (0x03b3aeb3) mulhsu  t4, t2, s11
core   0: 3 0x8000d8f6 (0x03b3aeb3) x29 0xffffffff
core   0: 0x8000d8fa (0x02a77d33) remu    s10, a4, a0
core   0: 3 0x8000d8fa (0x02a77d33) x26 0x00000000
core   0: 0x8000d8fe (0x00008cb5) c.xor   s1, a3
core   0: 3 0x8000d8fe (0x8cb5) x 9 0xfffffd22
core   0: 0x8000d900 (0x00008d91) c.sub   a1, a2
core   0: 3 0x8000d900 (0x8d91) x11 0xffff58b6
core   0: 0x8000d902 (0x0000100f) fence.i
core   0: 3 0x8000d902 (0x0000100f)
core   0: 0x8000d906 (0x0ff0000f) fence   iorw,iorw
core   0: 3 0x8000d906 (0x0ff0000f)
core   0: 0x8000d90a (0x0000100f) fence.i
core   0: 3 0x8000d90a (0x0000100f)
core   0: 0x8000d90e (0x01ae9b33) sll     s6, t4, s10
core   0: 3 0x8000d90e (0x01ae9b33) x22 0xffffffff
core   0: 0x8000d912 (0x00008c95) c.sub   s1, a3
core   0: 3 0x8000d912 (0x8c95) x 9 0x00000000
core   0: 0x8000d914 (0x03458eb3) mul     t4, a1, s4
core   0: 3 0x8000d914 (0x03458eb3) x29 0x00000000
core   0: 0x8000d918 (0x01d0b033) sltu    zero, ra, t4
core   0: 3 0x8000d918 (0x01d0b033)
core   0: 0x8000d91c (0x00008f81) c.sub   a5, s0
core   0: 3 0x8000d91c (0x8f81) x15 0x800168d6
core   0: 0x8000d91e (0x03d57163) bgeu    a0, t4, pc + 34
core   0: 3 0x8000d91e (0x03d57163)
core   0: 0x8000d940 (0x01b1e863) bltu    gp, s11, pc + 16
core   0: 3 0x8000d940 (0x01b1e863)
core   0: 0x8000d944 (0x00004c55) c.li    s8, 21
core   0: 3 0x8000d944 (0x4c55) x24 0x00000015
core   0: 0x8000d946 (0x00006115) c.addi16sp sp, 288
core   0: 3 0x8000d946 (0x6115) x 2 0x00000120
core   0: 0x8000d948 (0x01751d33) sll     s10, a0, s7
core   0: 3 0x8000d948 (0x01751d33) x26 0x00a73900
core   0: 0x8000d94c (0x00000001) c.nop
core   0: 3 0x8000d94c (0x0001)
core   0: 0x8000d94e (0x00006875) c.lui   a6, 0x1d
core   0: 3 0x8000d94e (0x6875) x16 0x0001d000
core   0: 0x8000d950 (0x0000e589) c.bnez  a1, pc + 10
core   0: 3 0x8000d950 (0xe589)
core   0: 0x8000d95a (0x000055fd) c.li    a1, -1
core   0: 3 0x8000d95a (0x55fd) x11 0xffffffff
core   0: 0x8000d95c (0x418708b3) sub     a7, a4, s8
core   0: 3 0x8000d95c (0x418708b3) x17 0xffffffeb
core   0: 0x8000d960 (0x0136ad33) slt     s10, a3, s3
core   0: 3 0x8000d960 (0x0136ad33) x26 0x00000001
core   0: 0x8000d964 (0x00008839) c.andi  s0, 14
core   0: 3 0x8000d964 (0x8839) x 8 0x00000000
core   0: 0x8000d966 (0x039735b3) mulhu   a1, a4, s9
core   0: 3 0x8000d966 (0x039735b3) x11 0x00000000
core   0: 0x8000d96a (0x02045863) bgez    s0, pc + 48
core   0: 3 0x8000d96a (0x02045863)
core   0: 0x8000d99a (0x03945363) bge     s0, s9, pc + 38
core   0: 3 0x8000d99a (0x03945363)
core   0: 0x8000d9c0 (0x00d89d13) slli    s10, a7, 13
core   0: 3 0x8000d9c0 (0x00d89d13) x26 0xfffd6000
core   0: 0x8000d9c4 (0x00008fe5) c.and   a5, s1
core   0: 3 0x8000d9c4 (0x8fe5) x15 0x00000000
core   0: 0x8000d9c6 (0x0197ed63) bltu    a5, s9, pc + 26
core   0: 3 0x8000d9c6 (0x0197ed63)
core   0: 0x8000d9ca (0xf9d32693) slti    a3, t1, -99
core   0: 3 0x8000d9ca (0xf9d32693) x13 0x00000000
core   0: 0x8000d9ce (0x0391ee33) rem     t3, gp, s9
core   0: 3 0x8000d9ce (0x0391ee33) x28 0xffffffff
core   0: 0x8000d9d2 (0x41345e13) srai    t3, s0, 19
core   0: 3 0x8000d9d2 (0x41345e13) x28 0x00000000
core   0: 0x8000d9d6 (0x13f13a93) sltiu   s5, sp, 319
core   0: 3 0x8000d9d6 (0x13f13a93) x21 0x00000001
core   0: 0x8000d9da (0x00006179) c.addi16sp sp, 464
core   0: 3 0x8000d9da (0x6179) x 2 0x000002f0
core   0: 0x8000d9dc (0x00669933) sll     s2, a3, t1
core   0: 3 0x8000d9dc (0x00669933) x18 0x00000000
core   0: 0x8000d9e0 (0x01ce34b3) sltu    s1, t3, t3
core   0: 3 0x8000d9e0 (0x01ce34b3) x 9 0x00000000
core   0: 0x8000d9e4 (0x00008f99) c.sub   a5, a4
core   0: 3 0x8000d9e4 (0x8f99) x15 0x00000000
core   0: 0x8000d9e6 (0xb965e893) ori     a7, a1, -1130
core   0: 3 0x8000d9e6 (0xb965e893) x17 0xfffffb96
core   0: 0x8000d9ea (0xc82f6b97) auipc   s7, 0xc82f6
core   0: 3 0x8000d9ea (0xc82f6b97) x23 0x483039ea
core   0: 0x8000d9ee (0x00008195) c.srli  a1, 5
core   0: 3 0x8000d9ee (0x8195) x11 0x00000000
core   0: 0x8000d9f0 (0x40d655b3) sra     a1, a2, a3
core   0: 3 0x8000d9f0 (0x40d655b3) x11 0x80025e3c
core   0: 0x8000d9f4 (0x02b96733) rem     a4, s2, a1
core   0: 3 0x8000d9f4 (0x02b96733) x14 0x00000000
core   0: 0x8000d9f8 (0x03b7f063) bgeu    a5, s11, pc + 32
core   0: 3 0x8000d9f8 (0x03b7f063)
core   0: 0x8000d9fc (0x01c3fc33) and     s8, t2, t3
core   0: 3 0x8000d9fc (0x01c3fc33) x24 0x00000000
core   0: 0x8000da00 (0x00008e99) c.sub   a3, a4
core   0: 3 0x8000da00 (0x8e99) x13 0x00000000
core   0: 0x8000da02 (0x0000097a) c.slli  s2, 30
core   0: 3 0x8000da02 (0x097a) x18 0x00000000
core   0: 0x8000da04 (0x00000001) c.nop
core   0: 3 0x8000da04 (0x0001)
core   0: 0x8000da06 (0x00000001) c.nop
core   0: 3 0x8000da06 (0x0001)
core   0: 0x8000da08 (0xa5462013) slti    zero, a2, -1452
core   0: 3 0x8000da08 (0xa5462013)
core   0: 0x8000da0c (0x004f2b33) slt     s6, t5, tp
core   0: 3 0x8000da0c (0x004f2b33) x22 0x00000001
core   0: 0x8000da10 (0x00aed113) srli    sp, t4, 10
core   0: 3 0x8000da10 (0x00aed113) x 2 0x00000000
core   0: 0x8000da14 (0x02037563) bgeu    t1, zero, pc + 42
core   0: 3 0x8000da14 (0x02037563)
core   0: 0x8000da3e (0x0000100f) fence.i
core   0: 3 0x8000da3e (0x0000100f)
core   0: 0x8000da42 (0x0141c563) blt     gp, s4, pc + 10
core   0: 3 0x8000da42 (0x0141c563)
core   0: 0x8000da4c (0x00006e7d) c.lui   t3, 0x1f
core   0: 3 0x8000da4c (0x6e7d) x28 0x0001f000
core   0: 0x8000da4e (0x00006735) c.lui   a4, 0xd
core   0: 3 0x8000da4e (0x6735) x14 0x0000d000
core   0: 0x8000da50 (0x00008cc9) c.or    s1, a0
core   0: 3 0x8000da50 (0x8cc9) x 9 0x80029ce4
core   0: 0x8000da52 (0x00a95593) srli    a1, s2, 10
core   0: 3 0x8000da52 (0x00a95593) x11 0x00000000
core   0: 0x8000da56 (0x007319b3) sll     s3, t1, t2
core   0: 3 0x8000da56 (0x007319b3) x19 0x00000000
core   0: 0x8000da5a (0x66d00993) li      s3, 1645
core   0: 3 0x8000da5a (0x66d00993) x19 0x0000066d
core   0: 0x8000da5e (0x4d6d2913) slti    s2, s10, 1238
core   0: 3 0x8000da5e (0x4d6d2913) x18 0x00000001
core   0: 0x8000da62 (0xd1a42413) slti    s0, s0, -742
core   0: 3 0x8000da62 (0xd1a42413) x 8 0x00000000
core   0: 0x8000da66 (0x017dbf33) sltu    t5, s11, s7
core   0: 3 0x8000da66 (0x017dbf33) x30 0x00000001
core   0: 0x8000da6a (0xea4fc36f) jal     t1, pc - 0x395c
core   0: 3 0x8000da6a (0xea4fc36f) x 6 0x8000da6e
core   0: 0x8000a10e (0x0000c781) c.beqz  a5, pc + 8
core   0: 3 0x8000a10e (0xc781)
core   0: 0x8000a116 (0x00001631) c.addi  a2, -20
core   0: 3 0x8000a116 (0x1631) x12 0x80025e28
core   0: 0x8000a118 (0x00662223) sw      t1, 4(a2)
core   0: 3 0x8000a118 (0x00662223) mem 0x80025e2c 0x8000da6e
core   0: 0x8000a11c (0x02560c33) mul     s8, a2, t0
core   0: 3 0x8000a11c (0x02560c33) x24 0x00000000
core   0: 0x8000a120 (0x0113d593) srli    a1, t2, 17
core   0: 3 0x8000a120 (0x0113d593) x11 0x00007fff
core   0: 0x8000a124 (0x00008f35) c.xor   a4, a3
core   0: 3 0x8000a124 (0x8f35) x14 0x0000d000
core   0: 0x8000a126 (0x00001800) c.addi4spn s0, sp, 48
core   0: 3 0x8000a126 (0x1800) x 8 0x00000030
core   0: 0x8000a128 (0x00000e0e) c.slli  t3, 3
core   0: 3 0x8000a128 (0x0e0e) x28 0x000f8000
core   0: 0x8000a12a (0x404e5913) srai    s2, t3, 4
core   0: 3 0x8000a12a (0x404e5913) x18 0x0000f800
core   0: 0x8000a12e (0x00008f2d) c.xor   a4, a1
core   0: 3 0x8000a12e (0x8f2d) x14 0x0000afff
core   0: 0x8000a130 (0x0008e133) or      sp, a7, zero
core   0: 3 0x8000a130 (0x0008e133) x 2 0xfffffb96
core   0: 0x8000a134 (0xcc10d497) auipc   s1, 0xcc10d
core   0: 3 0x8000a134 (0xcc10d497) x 9 0x4c117134
core   0: 0x8000a138 (0x00005bfd) c.li    s7, -1
core   0: 3 0x8000a138 (0x5bfd) x23 0xffffffff
core   0: 0x8000a13a (0x0000717d) c.addi16sp sp, -16
core   0: 3 0x8000a13a (0x717d) x 2 0xfffffb86
core   0: 0x8000a13c (0x01244563) blt     s0, s2, pc + 10
core   0: 3 0x8000a13c (0x01244563)
core   0: 0x8000a146 (0x5b70036f) jal     t1, pc + 0xdb6
core   0: 3 0x8000a146 (0x5b70036f) x 6 0x8000a14a
core   0: 0x8000aefc (0x00000825) c.addi  a6, 9
core   0: 3 0x8000aefc (0x0825) x16 0x0001d009
core   0: 0x8000aefe (0xfcc60613) addi    a2, a2, -52
core   0: 3 0x8000aefe (0xfcc60613) x12 0x80025df4
core   0: 0x8000af02 (0x00662223) sw      t1, 4(a2)
core   0: 3 0x8000af02 (0x00662223) mem 0x80025df8 0x8000a14a
core   0: 0x8000af06 (0x01525c93) srli    s9, tp, 21
core   0: 3 0x8000af06 (0x01525c93) x25 0x00000000
core   0: 0x8000af0a (0x074a8f93) addi    t6, s5, 116
core   0: 3 0x8000af0a (0x074a8f93) x31 0x00000075
core   0: 0x8000af0e (0x03f18433) mul     s0, gp, t6
core   0: 3 0x8000af0e (0x03f18433) x 8 0xffffff8b
core   0: 0x8000af12 (0x00006217) auipc   tp, 0x6
core   0: 3 0x8000af12 (0x00006217) x 4 0x80010f12
core   0: 0x8000af16 (0x98120213) addi    tp, tp, -1663
core   0: 3 0x8000af16 (0x98120213) x 4 0x80010893
core   0: 0x8000af1a (0x0be24e83) lbu     t4, 190(tp)
core   0: 3 0x8000af1a (0x0be24e83) x29 0x00000000 mem 0x80010951
core   0: 0x8000af1e (0xf0c20523) sb      a2, -246(tp)
core   0: 3 0x8000af1e (0xf0c20523) mem 0x8001079d 0xf4
core   0: 0x8000af22 (0x01e422b3) slt     t0, s0, t5
core   0: 3 0x8000af22 (0x01e422b3) x 5 0x00000001
core   0: 0x8000af26 (0xc2680313) addi    t1, a6, -986
core   0: 3 0x8000af26 (0xc2680313) x 6 0x0001cc2f
core   0: 0x8000af2a (0x0c620c03) lb      s8, 198(tp)
core   0: 3 0x8000af2a (0x0c620c03) x24 0x00000000 mem 0x80010959
core   0: 0x8000af2e (0x01d20823) sb      t4, 16(tp)
core   0: 3 0x8000af2e (0x01d20823) mem 0x800108a3 0x0
core   0: 0x8000af32 (0xf2124a03) lbu     s4, -223(tp)
core   0: 3 0x8000af32 (0xf2124a03) x20 0x00000000 mem 0x800107b4
core   0: 0x8000af36 (0xf1b205a3) sb      s11, -245(tp)
core   0: 3 0x8000af36 (0xf1b205a3) mem 0x8001079e 0x94
core   0: 0x8000af3a (0xf0424d03) lbu     s10, -252(tp)
core   0: 3 0x8000af3a (0xf0424d03) x26 0x00000000 mem 0x80010797
core   0: 0x8000af3e (0x418bd593) srai    a1, s7, 24
core   0: 3 0x8000af3e (0x418bd593) x11 0xffffffff
core   0: 0x8000af42 (0x00000001) c.nop
core   0: 3 0x8000af42 (0x0001)
core   0: 0x8000af44 (0xf4f20323) sb      a5, -186(tp)
core   0: 3 0x8000af44 (0xf4f20323) mem 0x800107d9 0x0
core   0: 0x8000af48 (0x000082e1) c.srli  a3, 24
core   0: 3 0x8000af48 (0x82e1) x13 0x00000000
core   0: 0x8000af4a (0x0000140c) c.addi4spn a1, sp, 544
core   0: 3 0x8000af4a (0x140c) x11 0xfffffda6
core   0: 0x8000af4c (0x00008fbd) c.xor   a5, a5
core   0: 3 0x8000af4c (0x8fbd) x15 0x00000000
core   0: 0x8000af4e (0x01e11713) slli    a4, sp, 30
core   0: 3 0x8000af4e (0x01e11713) x14 0x80000000
core   0: 0x8000af52 (0x41f6d713) srai    a4, a3, 31
core   0: 3 0x8000af52 (0x41f6d713) x14 0x00000000
core   0: 0x8000af56 (0x00008dfd) c.and   a1, a5
core   0: 3 0x8000af56 (0x8dfd) x11 0x00000000
core   0: 0x8000af58 (0x0fc24183) lbu     gp, 252(tp)
core   0: 3 0x8000af58 (0x0fc24183) x 3 0x00000000 mem 0x8001098f
core   0: 0x8000af5c (0x01181693) slli    a3, a6, 17
core   0: 3 0x8000af5c (0x01181693) x13 0xa0120000
core   0: 0x8000af60 (0x02325083) lhu     ra, 35(tp)
core   0: 3 0x8000af60 (0x02325083) x 1 0x00000000 mem 0x800108b6
core   0: 0x8000af64 (0x0000059c) c.addi4spn a5, sp, 704
core   0: 3 0x8000af64 (0x059c) x15 0xfffffe46
core   0: 0x8000af66 (0x000086f9) c.srai  a3, 30
core   0: 3 0x8000af66 (0x86f9) x13 0xfffffffe
core   0: 0x8000af68 (0x03bef9b3) remu    s3, t4, s11
core   0: 3 0x8000af68 (0x03bef9b3) x19 0x00000000
core   0: 0x8000af6c (0xf7824103) lbu     sp, -136(tp)
core   0: 3 0x8000af6c (0xf7824103) x 2 0x00000000 mem 0x8001080b
core   0: 0x8000af70 (0x0c720023) sb      t2, 192(tp)
core   0: 3 0x8000af70 (0x0c720023) mem 0x80010953 0xff
core   0: 0x8000af74 (0x00014497) auipc   s1, 0x14
core   0: 3 0x8000af74 (0x00014497) x 9 0x8001ef74
core   0: 0x8000af78 (0xc5a48493) addi    s1, s1, -934
core   0: 3 0x8000af78 (0xc5a48493) x 9 0x8001ebce
core   0: 0x8000af7c (0x0000f917) auipc   s2, 0xf
core   0: 3 0x8000af7c (0x0000f917) x18 0x80019f7c
core   0: 0x8000af80 (0x20990913) addi    s2, s2, 521
core   0: 3 0x8000af80 (0x20990913) x18 0x8001a185
core   0: 0x8000af84 (0xffd48403) lb      s0, -3(s1)
core   0: 3 0x8000af84 (0xffd48403) x 8 0x00000000 mem 0x8001ebcb
core   0: 0x8000af88 (0x00390083) lb      ra, 3(s2)
core   0: 3 0x8000af88 (0x00390083) x 1 0x00000000 mem 0x8001a188
core   0: 0x8000af8c (0xff595783) lhu     a5, -11(s2)
core   0: 3 0x8000af8c (0xff595783) x15 0x00000000 mem 0x8001a17a
core   0: 0x8000af90 (0x0000e197) auipc   gp, 0xe
core   0: 3 0x8000af90 (0x0000e197) x 3 0x80018f90
core   0: 0x8000af94 (0x97018193) addi    gp, gp, -1680
core   0: 3 0x8000af94 (0x97018193) x 3 0x80018900
core   0: 0x8000af98 (0x00090f03) lb      t5, 0(s2)
core   0: 3 0x8000af98 (0x00090f03) x30 0x00000000 mem 0x8001a185
core   0: 0x8000af9c (0xfc04de83) lhu     t4, -64(s1)
core   0: 3 0x8000af9c (0xfc04de83) x29 0x00000000 mem 0x8001eb8e
core   0: 0x8000afa0 (0xfd84db03) lhu     s6, -40(s1)
core   0: 3 0x8000afa0 (0xfd84db03) x22 0x00000000 mem 0x8001eba6
core   0: 0x8000afa4 (0x0084c283) lbu     t0, 8(s1)
core   0: 3 0x8000afa4 (0x0084c283) x 5 0x00000000 mem 0x8001ebd6
core   0: 0x8000afa8 (0x00d90303) lb      t1, 13(s2)
core   0: 3 0x8000afa8 (0x00d90303) x 6 0x00000000 mem 0x8001a192
core   0: 0x8000afac (0x00049803) lh      a6, 0(s1)
core   0: 3 0x8000afac (0x00049803) x16 0x00000000 mem 0x8001ebce
core   0: 0x8000afb0 (0x00b1cc03) lbu     s8, 11(gp)
core   0: 3 0x8000afb0 (0x00b1cc03) x24 0x00000000 mem 0x8001890b
core   0: 0x8000afb4 (0x0151c983) lbu     s3, 21(gp)
core   0: 3 0x8000afb4 (0x0151c983) x19 0x00000000 mem 0x80018915
core   0: 0x8000afb8 (0xfe3183a3) sb      gp, -25(gp)
core   0: 3 0x8000afb8 (0xfe3183a3) mem 0x800188e7 0x0
core   0: 0x8000afbc (0xff490803) lb      a6, -12(s2)
core   0: 3 0x8000afbc (0xff490803) x16 0x00000000 mem 0x8001a179
core   0: 0x8000afc0 (0x011184a3) sb      a7, 9(gp)
core   0: 3 0x8000afc0 (0x011184a3) mem 0x80018909 0x96
core   0: 0x8000afc4 (0x007910a3) sh      t2, 1(s2)
core   0: 3 0x8000afc4 (0x007910a3) mem 0x8001a186 0xffff
core   0: 0x8000afc8 (0x00d90283) lb      t0, 13(s2)
core   0: 3 0x8000afc8 (0x00d90283) x 5 0x00000000 mem 0x8001a192
core   0: 0x8000afcc (0xff04c003) lbu     zero, -16(s1)
core   0: 3 0x8000afcc (0xff04c003) mem 0x8001ebbe
core   0: 0x8000afd0 (0xfda18083) lb      ra, -38(gp)
core   0: 3 0x8000afd0 (0xfda18083) x 1 0x00000000 mem 0x800188da
core   0: 0x8000afd4 (0x00a94783) lbu     a5, 10(s2)
core   0: 3 0x8000afd4 (0x00a94783) x15 0x00000000 mem 0x8001a18f
core   0: 0x8000afd8 (0xff791083) lh      ra, -9(s2)
core   0: 3 0x8000afd8 (0xff791083) x 1 0x00000000 mem 0x8001a17c
core   0: 0x8000afdc (0x00006817) auipc   a6, 0x6
core   0: 3 0x8000afdc (0x00006817) x16 0x80010fdc
core   0: 0x8000afe0 (0xc8f80813) addi    a6, a6, -881
core   0: 3 0x8000afe0 (0xc8f80813) x16 0x80010c6b
core   0: 0x8000afe4 (0x01e84983) lbu     s3, 30(a6)
core   0: 3 0x8000afe4 (0x01e84983) x19 0x00000000 mem 0x80010c89
core   0: 0x8000afe8 (0x00680f03) lb      t5, 6(a6)
core   0: 3 0x8000afe8 (0x00680f03) x30 0x00000000 mem 0x80010c71
core   0: 0x8000afec (0x037803a3) sb      s7, 39(a6)
core   0: 3 0x8000afec (0x037803a3) mem 0x80010c92 0xff
core   0: 0x8000aff0 (0x000086e9) c.srai  a3, 26
core   0: 3 0x8000aff0 (0x86e9) x13 0xffffffff
core   0: 0x8000aff2 (0x031807a3) sb      a7, 47(a6)
core   0: 3 0x8000aff2 (0x031807a3) mem 0x80010c9a 0x96
core   0: 0x8000aff6 (0xfd385203) lhu     tp, -45(a6)
core   0: 3 0x8000aff6 (0xfd385203) x 4 0x00000000 mem 0x80010c3e
core   0: 0x8000affa (0xff380ba3) sb      s3, -9(a6)
core   0: 3 0x8000affa (0xff380ba3) mem 0x80010c62 0x0
core   0: 0x8000affe (0x0000100f) fence.i
core   0: 3 0x8000affe (0x0000100f)
core   0: 0x8000b002 (0x03a84783) lbu     a5, 58(a6)
core   0: 3 0x8000b002 (0x03a84783) x15 0x00000000 mem 0x80010ca5
core   0: 0x8000b006 (0x000081e6) c.mv    gp, s9
core   0: 3 0x8000b006 (0x81e6) x 3 0x00000000
core   0: 0x8000b008 (0x02384783) lbu     a5, 35(a6)
core   0: 3 0x8000b008 (0x02384783) x15 0x00000000 mem 0x80010c8e
core   0: 0x8000b00c (0xfde80023) sb      t5, -64(a6)
core   0: 3 0x8000b00c (0xfde80023) mem 0x80010c2b 0x0
core   0: 0x8000b010 (0x03384583) lbu     a1, 51(a6)
core   0: 3 0x8000b010 (0x03384583) x11 0x00000000 mem 0x80010c9e
core   0: 0x8000b014 (0x517bc193) xori    gp, s7, 1303
core   0: 3 0x8000b014 (0x517bc193) x 3 0xfffffae8
core   0: 0x8000b018 (0xff884003) lbu     zero, -8(a6)
core   0: 3 0x8000b018 (0xff884003) mem 0x80010c63
core   0: 0x8000b01c (0xfe884203) lbu     tp, -24(a6)
core   0: 3 0x8000b01c (0xfe884203) x 4 0x00000000 mem 0x80010c53
core   0: 0x8000b020 (0x00000001) c.nop
core   0: 3 0x8000b020 (0x0001)
core   0: 0x8000b022 (0xfeb81203) lh      tp, -21(a6)
core   0: 3 0x8000b022 (0xfeb81203) x 4 0x00000000 mem 0x80010c56
core   0: 0x8000b026 (0x02981383) lh      t2, 41(a6)
core   0: 3 0x8000b026 (0x02981383) x 7 0x00000000 mem 0x80010c94
core   0: 0x8000b02a (0x02184f03) lbu     t5, 33(a6)
core   0: 3 0x8000b02a (0x02184f03) x30 0x00000071 mem 0x80010c8c
core   0: 0x8000b02e (0x01f816a3) sh      t6, 13(a6)
core   0: 3 0x8000b02e (0x01f816a3) mem 0x80010c78 0x0075
core   0: 0x8000b032 (0x1b4dbe13) sltiu   t3, s11, 436
core   0: 3 0x8000b032 (0x1b4dbe13) x28 0x00000000
core   0: 0x8000b036 (0x032dbeb3) mulhu   t4, s11, s2
core   0: 3 0x8000b036 (0x032dbeb3) x29 0x2121dcdb
core   0: 0x8000b03a (0x00000ce1) c.addi  s9, 24
core   0: 3 0x8000b03a (0x0ce1) x25 0x00000018
core   0: 0x8000b03c (0x01fbd193) srli    gp, s7, 31
core   0: 3 0x8000b03c (0x01fbd193) x 3 0x00000001
core   0: 0x8000b040 (0x02e808a3) sb      a4, 49(a6)
core   0: 3 0x8000b040 (0x02e808a3) mem 0x80010c9c 0x0
core   0: 0x8000b044 (0xfb0cf8b7) lui     a7, 0xfb0cf
core   0: 3 0x8000b044 (0xfb0cf8b7) x17 0xfb0cf000
core   0: 0x8000b048 (0x00f803a3) sb      a5, 7(a6)
core   0: 3 0x8000b048 (0x00f803a3) mem 0x80010c72 0x0
core   0: 0x8000b04c (0x019813a3) sh      s9, 7(a6)
core   0: 3 0x8000b04c (0x019813a3) mem 0x80010c72 0x0018
core   0: 0x8000b050 (0xff381a03) lh      s4, -13(a6)
core   0: 3 0x8000b050 (0xff381a03) x20 0x00000000 mem 0x80010c5e
core   0: 0x8000b054 (0x03584f83) lbu     t6, 53(a6)
core   0: 3 0x8000b054 (0x03584f83) x31 0x00000000 mem 0x80010ca0
core   0: 0x8000b058 (0x00889bb3) sll     s7, a7, s0
core   0: 3 0x8000b058 (0x00889bb3) x23 0xfb0cf000
core   0: 0x8000b05c (0x011bd493) srli    s1, s7, 17
core   0: 3 0x8000b05c (0x011bd493) x 9 0x00007d86
core   0: 0x8000b060 (0x00781b83) lh      s7, 7(a6)
core   0: 3 0x8000b060 (0x00781b83) x23 0x00000018 mem 0x80010c72
core   0: 0x8000b064 (0x0000d117) auipc   sp, 0xd
core   0: 3 0x8000b064 (0x0000d117) x 2 0x80018064
core   0: 0x8000b068 (0x5ae10113) addi    sp, sp, 1454
core   0: 3 0x8000b068 (0x5ae10113) x 2 0x80018612
core   0: 0x8000b06c (0x02714703) lbu     a4, 39(sp)
core   0: 3 0x8000b06c (0x02714703) x14 0x00000000 mem 0x80018639
core   0: 0x8000b070 (0x0c6109a3) sb      t1, 211(sp)
core   0: 3 0x8000b070 (0x0c6109a3) mem 0x800186e5 0x0
core   0: 0x8000b074 (0x40fe8eb3) sub     t4, t4, a5
core   0: 3 0x8000b074 (0x40fe8eb3) x29 0x2121dcdb
core   0: 0x8000b078 (0xf1d108a3) sb      t4, -239(sp)
core   0: 3 0x8000b078 (0xf1d108a3) mem 0x80018523 0xdb
core   0: 0x8000b07c (0x0c07eb93) ori     s7, a5, 192
core   0: 3 0x8000b07c (0x0c07eb93) x23 0x000000c0
core   0: 0x8000b080 (0xf1514e03) lbu     t3, -235(sp)
core   0: 3 0x8000b080 (0xf1514e03) x28 0x00000000 mem 0x80018527
core   0: 0x8000b084 (0x01814e03) lbu     t3, 24(sp)
core   0: 3 0x8000b084 (0x01814e03) x28 0x00000000 mem 0x8001862a
core   0: 0x8000b088 (0x02d14703) lbu     a4, 45(sp)
core   0: 3 0x8000b088 (0x02d14703) x14 0x00000000 mem 0x8001863f
core   0: 0x8000b08c (0x0dd10e83) lb      t4, 221(sp)
core   0: 3 0x8000b08c (0x0dd10e83) x29 0x00000000 mem 0x800186ef
core   0: 0x8000b090 (0x0cc14e83) lbu     t4, 204(sp)
core   0: 3 0x8000b090 (0x0cc14e83) x29 0x00000000 mem 0x800186de
core   0: 0x8000b094 (0x02b10e03) lb      t3, 43(sp)
core   0: 3 0x8000b094 (0x02b10e03) x28 0x00000000 mem 0x8001863d
core   0: 0x8000b098 (0xfb711523) sh      s7, -86(sp)
core   0: 3 0x8000b098 (0xfb711523) mem 0x800185bc 0x00c0
core   0: 0x8000b09c (0x00079b93) slli    s7, a5, 0
core   0: 3 0x8000b09c (0x00079b93) x23 0x00000000
core   0: 0x8000b0a0 (0x03771e33) mulh    t3, a4, s7
core   0: 3 0x8000b0a0 (0x03771e33) x28 0x00000000
core   0: 0x8000b0a4 (0x00009bbe) c.add   s7, a5
core   0: 3 0x8000b0a4 (0x9bbe) x23 0x00000000
core   0: 0x8000b0a6 (0xf2bbbe93) sltiu   t4, s7, -213
core   0: 3 0x8000b0a6 (0xf2bbbe93) x29 0x00000001
core   0: 0x8000b0aa (0x03de67b3) rem     a5, t3, t4
core   0: 3 0x8000b0aa (0x03de67b3) x15 0x00000000
core   0: 0x8000b0ae (0xfd010e03) lb      t3, -48(sp)
core   0: 3 0x8000b0ae (0xfd010e03) x28 0x00000000 mem 0x800185e2
core   0: 0x8000b0b2 (0x02f78bb3) mul     s7, a5, a5
core   0: 3 0x8000b0b2 (0x02f78bb3) x23 0x00000000
core   0: 0x8000b0b6 (0xf1c10623) sb      t3, -244(sp)
core   0: 3 0x8000b0b6 (0xf1c10623) mem 0x8001851e 0x0
core   0: 0x8000b0ba (0xf2b10303) lb      t1, -213(sp)
core   0: 3 0x8000b0ba (0xf2b10303) x 6 0x00000000 mem 0x8001853d
core   0: 0x8000b0be (0xf9310e03) lb      t3, -109(sp)
core   0: 3 0x8000b0be (0xf9310e03) x28 0x00000000 mem 0x800185a5
core   0: 0x8000b0c2 (0x00006ebd) c.lui   t4, 0xf
core   0: 3 0x8000b0c2 (0x6ebd) x29 0x0000f000
core   0: 0x8000b0c4 (0x41d7de33) sra     t3, a5, t4
core   0: 3 0x8000b0c4 (0x41d7de33) x28 0x00000000
core   0: 0x8000b0c8 (0x0a57fe13) andi    t3, a5, 165
core   0: 3 0x8000b0c8 (0x0a57fe13) x28 0x00000000
core   0: 0x8000b0cc (0x02f327b3) mulhsu  a5, t1, a5
core   0: 3 0x8000b0cc (0x02f327b3) x15 0x00000000
core   0: 0x8000b0d0 (0x00f7feb3) and     t4, a5, a5
core   0: 3 0x8000b0d0 (0x00f7feb3) x29 0x00000000
core   0: 0x8000b0d4 (0x00471b93) slli    s7, a4, 4
core   0: 3 0x8000b0d4 (0x00471b93) x23 0x00000000
core   0: 0x8000b0d8 (0x09d10303) lb      t1, 157(sp)
core   0: 3 0x8000b0d8 (0x09d10303) x 6 0x00000000 mem 0x800186af
core   0: 0x8000b0dc (0xf8c11703) lh      a4, -116(sp)
core   0: 3 0x8000b0dc (0xf8c11703) x14 0x00000000 mem 0x8001859e
core   0: 0x8000b0e0 (0x0d710e03) lb      t3, 215(sp)
core   0: 3 0x8000b0e0 (0x0d710e03) x28 0x00000000 mem 0x800186e9
core   0: 0x8000b0e4 (0x00000e2a) c.slli  t3, 10
core   0: 3 0x8000b0e4 (0x0e2a) x28 0x00000000
core   0: 0x8000b0e6 (0x01ce8bb3) add     s7, t4, t3
core   0: 3 0x8000b0e6 (0x01ce8bb3) x23 0x00000000
core   0: 0x8000b0ea (0x00008f1d) c.sub   a4, a5
core   0: 3 0x8000b0ea (0x8f1d) x14 0x00000000
core   0: 0x8000b0ec (0xffd10b83) lb      s7, -3(sp)
core   0: 3 0x8000b0ec (0xffd10b83) x23 0x00000000 mem 0x8001860f
core   0: 0x8000b0f0 (0xfcc11703) lh      a4, -52(sp)
core   0: 3 0x8000b0f0 (0xfcc11703) x14 0x00000000 mem 0x800185de
core   0: 0x8000b0f4 (0x4a103317) auipc   t1, 0x4a103
core   0: 3 0x8000b0f4 (0x4a103317) x 6 0xca10e0f4
core   0: 0x8000b0f8 (0x00008b6d) c.andi  a4, 27
core   0: 3 0x8000b0f8 (0x8b6d) x14 0x00000000
core   0: 0x8000b0fa (0x00009b7d) c.andi  a4, -1
core   0: 3 0x8000b0fa (0x9b7d) x14 0x00000000
core   0: 0x8000b0fc (0x06011303) lh      t1, 96(sp)
core   0: 3 0x8000b0fc (0x06011303) x 6 0x00000000 mem 0x80018672
core   0: 0x8000b100 (0x36be3b93) sltiu   s7, t3, 875
core   0: 3 0x8000b100 (0x36be3b93) x23 0x00000001
core   0: 0x8000b104 (0x0b215303) lhu     t1, 178(sp)
core   0: 3 0x8000b104 (0x0b215303) x 6 0x00000000 mem 0x800186c4
core   0: 0x8000b108 (0x00000001) c.nop
core   0: 3 0x8000b108 (0x0001)
core   0: 0x8000b10a (0xfad10303) lb      t1, -83(sp)
core   0: 3 0x8000b10a (0xfad10303) x 6 0x00000000 mem 0x800185bf
core   0: 0x8000b10e (0x00005117) auipc   sp, 0x5
core   0: 3 0x8000b10e (0x00005117) x 2 0x8001010e
core   0: 0x8000b112 (0x04b10113) addi    sp, sp, 75
core   0: 3 0x8000b112 (0x04b10113) x 2 0x80010159
core   0: 0x8000b116 (0x42ff2b97) auipc   s7, 0x42ff2
core   0: 3 0x8000b116 (0x42ff2b97) x23 0xc2ffd116
core   0: 0x8000b11a (0x378e2313) slti    t1, t3, 888
core   0: 3 0x8000b11a (0x378e2313) x 6 0x00000001
core   0: 0x8000b11e (0x000005ea) c.slli  a1, 26
core   0: 3 0x8000b11e (0x05ea) x11 0x00000000
core   0: 0x8000b120 (0x0ff0000f) fence   iorw,iorw
core   0: 3 0x8000b120 (0x0ff0000f)
core   0: 0x8000b124 (0x00008c45) c.or    s0, s1
core   0: 3 0x8000b124 (0x8c45) x 8 0x00007d86
core   0: 0x8000b126 (0x00f0fc33) and     s8, ra, a5
core   0: 3 0x8000b126 (0x00f0fc33) x24 0x00000000
core   0: 0x8000b12a (0x000087e5) c.srai  a5, 25
core   0: 3 0x8000b12a (0x87e5) x15 0x00000000
core   0: 0x8000b12c (0xfea10983) lb      s3, -22(sp)
core   0: 3 0x8000b12c (0xfea10983) x19 0x00000000 mem 0x80010143
core   0: 0x8000b130 (0x039c4333) div     t1, s8, s9
core   0: 3 0x8000b130 (0x039c4333) x 6 0x00000000
core   0: 0x8000b134 (0x01915903) lhu     s2, 25(sp)
core   0: 3 0x8000b134 (0x01915903) x18 0x00000000 mem 0x80010172
core   0: 0x8000b138 (0x4d2d8593) addi    a1, s11, 1234
core   0: 3 0x8000b138 (0x4d2d8593) x11 0x4242e666
core   0: 0x8000b13c (0x008f1413) slli    s0, t5, 8
core   0: 3 0x8000b13c (0x008f1413) x 8 0x00007100
core   0: 0x8000b140 (0xfd210e23) sb      s2, -36(sp)
core   0: 3 0x8000b140 (0xfd210e23) mem 0x80010135 0x0
core   0: 0x8000b144 (0x033f73b3) remu    t2, t5, s3
core   0: 3 0x8000b144 (0x033f73b3) x 7 0x00000071
core   0: 0x8000b148 (0x00006d21) c.lui   s10, 0x8
core   0: 3 0x8000b148 (0x6d21) x26 0x00008000
core   0: 0x8000b14a (0xfe810b03) lb      s6, -24(sp)
core   0: 3 0x8000b14a (0xfe810b03) x22 0x00000000 mem 0x80010141
core   0: 0x8000b14e (0x02410583) lb      a1, 36(sp)
core   0: 3 0x8000b14e (0x02410583) x11 0x00000000 mem 0x8001017d
core   0: 0x8000b152 (0x01014b83) lbu     s7, 16(sp)
core   0: 3 0x8000b152 (0x01014b83) x23 0x00000000 mem 0x80010169
core   0: 0x8000b156 (0x020310b3) mulh    ra, t1, zero
core   0: 3 0x8000b156 (0x020310b3) x 1 0x00000000
core   0: 0x8000b15a (0x03314d03) lbu     s10, 51(sp)
core   0: 3 0x8000b15a (0x03314d03) x26 0x00000000 mem 0x8001018c
core   0: 0x8000b15e (0xe0ff0337) lui     t1, 0xe0ff0
core   0: 3 0x8000b15e (0xe0ff0337) x 6 0xe0ff0000
core   0: 0x8000b162 (0xc5652913) slti    s2, a0, -938
core   0: 3 0x8000b162 (0xc5652913) x18 0x00000001
core   0: 0x8000b166 (0x00008c29) c.xor   s0, a0
core   0: 3 0x8000b166 (0x8c29) x 8 0x8002ede4
core   0: 0x8000b168 (0x03ddca33) div     s4, s11, t4
core   0: 3 0x8000b168 (0x03ddca33) x20 0xffffffff
core   0: 0x8000b16c (0xc699d217) auipc   tp, 0xc699d
core   0: 3 0x8000b16c (0xc699d217) x 4 0x469a816c
core   0: 0x8000b170 (0x01d337b3) sltu    a5, t1, t4
core   0: 3 0x8000b170 (0x01d337b3) x15 0x00000000
core   0: 0x8000b174 (0xfca114a3) sh      a0, -55(sp)
core   0: 3 0x8000b174 (0xfca114a3) mem 0x80010122 0x9ce4
core   0: 0x8000b178 (0x038961b3) rem     gp, s2, s8
core   0: 3 0x8000b178 (0x038961b3) x 3 0x00000001
core   0: 0x8000b17c (0x0057c333) xor     t1, a5, t0
core   0: 3 0x8000b17c (0x0057c333) x 6 0x00000000
core   0: 0x8000b180 (0x03e60e33) mul     t3, a2, t5
core   0: 3 0x8000b180 (0x03e60e33) x28 0x810b78b4
core   0: 0x8000b184 (0x02f10223) sb      a5, 36(sp)
core   0: 3 0x8000b184 (0x02f10223) mem 0x8001017d 0x0
core   0: 0x8000b188 (0x23573f13) sltiu   t5, a4, 565
core   0: 3 0x8000b188 (0x23573f13) x30 0x00000001
core   0: 0x8000b18c (0x0384e333) rem     t1, s1, s8
core   0: 3 0x8000b18c (0x0384e333) x 6 0x00007d86
core   0: 0x8000b190 (0x73b11c17) auipc   s8, 0x73b11
core   0: 3 0x8000b190 (0x73b11c17) x24 0xf3b1c190
core   0: 0x8000b194 (0x0ff0000f) fence   iorw,iorw
core   0: 3 0x8000b194 (0x0ff0000f)
core   0: 0x8000b198 (0x01614683) lbu     a3, 22(sp)
core   0: 3 0x8000b198 (0x01614683) x13 0x00000000 mem 0x8001016f
core   0: 0x8000b19c (0x02014483) lbu     s1, 32(sp)
core   0: 3 0x8000b19c (0x02014483) x 9 0x00000000 mem 0x80010179
core   0: 0x8000b1a0 (0x4013dfb3) sra     t6, t2, ra
core   0: 3 0x8000b1a0 (0x4013dfb3) x31 0x00000071
core   0: 0x8000b1a4 (0xff0108a3) sb      a6, -15(sp)
core   0: 3 0x8000b1a4 (0xff0108a3) mem 0x8001014a 0x6b
core   0: 0x8000b1a8 (0x0ff0000f) fence   iorw,iorw
core   0: 3 0x8000b1a8 (0x0ff0000f)
core   0: 0x8000b1ac (0x0000100f) fence.i
core   0: 3 0x8000b1ac (0x0000100f)
core   0: 0x8000b1b0 (0xffb10923) sb      s11, -14(sp)
core   0: 3 0x8000b1b0 (0xffb10923) mem 0x8001014b 0x94
core   0: 0x8000b1b4 (0x02c14183) lbu     gp, 44(sp)
core   0: 3 0x8000b1b4 (0x02c14183) x 3 0x00000000 mem 0x80010185
core   0: 0x8000b1b8 (0x00005597) auipc   a1, 0x5
core   0: 3 0x8000b1b8 (0x00005597) x11 0x800101b8
core   0: 0x8000b1bc (0x15e58593) addi    a1, a1, 350
core   0: 3 0x8000b1bc (0x15e58593) x11 0x80010316
core   0: 0x8000b1c0 (0x0395cc03) lbu     s8, 57(a1)
core   0: 3 0x8000b1c0 (0x0395cc03) x24 0x00000000 mem 0x8001034f
core   0: 0x8000b1c4 (0x02758903) lb      s2, 39(a1)
core   0: 3 0x8000b1c4 (0x02758903) x18 0x00000000 mem 0x8001033d
core   0: 0x8000b1c8 (0x46fcfb93) andi    s7, s9, 1135
core   0: 3 0x8000b1c8 (0x46fcfb93) x23 0x00000008
core   0: 0x8000b1cc (0xfdd58483) lb      s1, -35(a1)
core   0: 3 0x8000b1cc (0xfdd58483) x 9 0x00000000 mem 0x800102f3
core   0: 0x8000b1d0 (0x0000717d) c.addi16sp sp, -16
core   0: 3 0x8000b1d0 (0x717d) x 2 0x80010149
core   0: 0x8000b1d2 (0x0014c933) xor     s2, s1, ra
core   0: 3 0x8000b1d2 (0x0014c933) x18 0x00000000
core   0: 0x8000b1d6 (0xff65c103) lbu     sp, -10(a1)
core   0: 3 0x8000b1d6 (0xff65c103) x 2 0x00000000 mem 0x8001030c
core   0: 0x8000b1da (0x03a5a903) lw      s2, 58(a1)
core   0: 3 0x8000b1da (0x03a5a903) x18 0x00000000 mem 0x80010350
core   0: 0x8000b1de (0x02b22333) mulhsu  t1, tp, a1
core   0: 3 0x8000b1de (0x02b22333) x 6 0x234d882a
core   0: 0x8000b1e2 (0x5656bc13) sltiu   s8, a3, 1381
core   0: 3 0x8000b1e2 (0x5656bc13) x24 0x00000001
core   0: 0x8000b1e6 (0x03a5d403) lhu     s0, 58(a1)
core   0: 3 0x8000b1e6 (0x03a5d403) x 8 0x00000000 mem 0x80010350
core   0: 0x8000b1ea (0xfed58383) lb      t2, -19(a1)
core   0: 3 0x8000b1ea (0xfed58383) x 7 0x00000000 mem 0x80010303
core   0: 0x8000b1ee (0xfec58b03) lb      s6, -20(a1)
core   0: 3 0x8000b1ee (0xfec58b03) x22 0x00000000 mem 0x80010302
core   0: 0x8000b1f2 (0x00b58903) lb      s2, 11(a1)
core   0: 3 0x8000b1f2 (0x00b58903) x18 0x00000000 mem 0x80010321
core   0: 0x8000b1f6 (0x00b5c483) lbu     s1, 11(a1)
core   0: 3 0x8000b1f6 (0x00b5c483) x 9 0x00000000 mem 0x80010321
core   0: 0x8000b1fa (0x00b58803) lb      a6, 11(a1)
core   0: 3 0x8000b1fa (0x00b58803) x16 0x00000000 mem 0x80010321
core   0: 0x8000b1fe (0x029e9033) mulh    zero, t4, s1
core   0: 3 0x8000b1fe (0x029e9033)
core   0: 0x8000b202 (0x002585a3) sb      sp, 11(a1)
core   0: 3 0x8000b202 (0x002585a3) mem 0x80010321 0x0
core   0: 0x8000b206 (0x00e585a3) sb      a4, 11(a1)
core   0: 3 0x8000b206 (0x00e585a3) mem 0x80010321 0x0
core   0: 0x8000b20a (0x02f58803) lb      a6, 47(a1)
core   0: 3 0x8000b20a (0x02f58803) x16 0x00000000 mem 0x80010345
core   0: 0x8000b20e (0x00007697) auipc   a3, 0x7
core   0: 3 0x8000b20e (0x00007697) x13 0x8001220e
core   0: 0x8000b212 (0x25e68693) addi    a3, a3, 606
core   0: 3 0x8000b212 (0x25e68693) x13 0x8001246c
core   0: 0x8000b216 (0x0276ce83) lbu     t4, 39(a3)
core   0: 3 0x8000b216 (0x0276ce83) x29 0x00000000 mem 0x80012493
core   0: 0x8000b21a (0x0000b497) auipc   s1, 0xb
core   0: 3 0x8000b21a (0x0000b497) x 9 0x8001621a
core   0: 0x8000b21e (0xf3048493) addi    s1, s1, -208
core   0: 3 0x8000b21e (0xf3048493) x 9 0x8001614a
core   0: 0x8000b222 (0xffb68c03) lb      s8, -5(a3)
core   0: 3 0x8000b222 (0xffb68c03) x24 0x00000000 mem 0x80012467
core   0: 0x8000b226 (0x00011297) auipc   t0, 0x11
core   0: 3 0x8000b226 (0x00011297) x 5 0x8001c226
core   0: 0x8000b22a (0x8c228293) addi    t0, t0, -1854
core   0: 3 0x8000b22a (0x8c228293) x 5 0x8001bae8
core   0: 0x8000b22e (0x00009c97) auipc   s9, 0x9
core   0: 3 0x8000b22e (0x00009c97) x25 0x8001422e
core   0: 0x8000b232 (0x51bc8c93) addi    s9, s9, 1307
core   0: 3 0x8000b232 (0x51bc8c93) x25 0x80014749
core   0: 0x8000b236 (0xfaf481a3) sb      a5, -93(s1)
core   0: 3 0x8000b236 (0xfaf481a3) mem 0x800160ed 0x0
core   0: 0x8000b23a (0xfde29d23) sh      t5, -38(t0)
core   0: 3 0x8000b23a (0xfde29d23) mem 0x8001bac2 0x0001
core   0: 0x8000b23e (0xff9cde03) lhu     t3, -7(s9)
core   0: 3 0x8000b23e (0xff9cde03) x28 0x00000000 mem 0x80014742
core   0: 0x8000b242 (0x01d6ce83) lbu     t4, 29(a3)
core   0: 3 0x8000b242 (0x01d6ce83) x29 0x00000000 mem 0x80012489
core   0: 0x8000b246 (0x008c93a3) sh      s0, 7(s9)
core   0: 3 0x8000b246 (0x008c93a3) mem 0x80014750 0x0000
core   0: 0x8000b24a (0x00628aa3) sb      t1, 21(t0)
core   0: 3 0x8000b24a (0x00628aa3) mem 0x8001bafd 0x2a
core   0: 0x8000b24e (0xf664c103) lbu     sp, -154(s1)
core   0: 3 0x8000b24e (0xf664c103) x 2 0x00000000 mem 0x800160b0
core   0: 0x8000b252 (0xfe1c8ba3) sb      ra, -9(s9)
core   0: 3 0x8000b252 (0xfe1c8ba3) mem 0x80014740 0x0
core   0: 0x8000b256 (0x07048783) lb      a5, 112(s1)
core   0: 3 0x8000b256 (0x07048783) x15 0x00000000 mem 0x800161ba
core   0: 0x8000b25a (0xffac9ca3) sh      s10, -7(s9)
core   0: 3 0x8000b25a (0xffac9ca3) mem 0x80014742 0x0000
core   0: 0x8000b25e (0xff1c8f83) lb      t6, -15(s9)
core   0: 3 0x8000b25e (0xff1c8f83) x31 0x00000000 mem 0x8001473a
core   0: 0x8000b262 (0x03469103) lh      sp, 52(a3)
core   0: 3 0x8000b262 (0x03469103) x 2 0x00000000 mem 0x800124a0
core   0: 0x8000b266 (0x02728083) lb      ra, 39(t0)
core   0: 3 0x8000b266 (0x02728083) x 1 0x00000000 mem 0x8001bb0f
core   0: 0x8000b26a (0x001cd203) lhu     tp, 1(s9)
core   0: 3 0x8000b26a (0x001cd203) x 4 0x00000000 mem 0x8001474a
core   0: 0x8000b26e (0x011c86a3) sb      a7, 13(s9)
core   0: 3 0x8000b26e (0x011c86a3) mem 0x80014756 0x0
core   0: 0x8000b272 (0xfc068383) lb      t2, -64(a3)
core   0: 3 0x8000b272 (0xfc068383) x 7 0x00000000 mem 0x8001242c
core   0: 0x8000b276 (0xfe469323) sh      tp, -26(a3)
core   0: 3 0x8000b276 (0xfe469323) mem 0x80012452 0x0000
core   0: 0x8000b27a (0xf834cd03) lbu     s10, -125(s1)
core   0: 3 0x8000b27a (0xf834cd03) x26 0x00000000 mem 0x800160cd
core   0: 0x8000b27e (0xff86a583) lw      a1, -8(a3)
core   0: 3 0x8000b27e (0xff86a583) x11 0x00000000 mem 0x80012464
core   0: 0x8000b282 (0x01b2c703) lbu     a4, 27(t0)
core   0: 3 0x8000b282 (0x01b2c703) x14 0x00000000 mem 0x8001bb03
core   0: 0x8000b286 (0x03368f83) lb      t6, 51(a3)
core   0: 3 0x8000b286 (0x03368f83) x31 0x00000000 mem 0x8001249f
core   0: 0x8000b28a (0x01729c23) sh      s7, 24(t0)
core   0: 3 0x8000b28a (0x01729c23) mem 0x8001bb00 0x0008
core   0: 0x8000b28e (0xff6c8983) lb      s3, -10(s9)
core   0: 3 0x8000b28e (0xff6c8983) x19 0x00000000 mem 0x8001473f
core   0: 0x8000b292 (0x0342d383) lhu     t2, 52(t0)
core   0: 3 0x8000b292 (0x0342d383) x 7 0x00000000 mem 0x8001bb1c
core   0: 0x8000b296 (0xff5cd383) lhu     t2, -11(s9)
core   0: 3 0x8000b296 (0xff5cd383) x 7 0x00000000 mem 0x8001473e
core   0: 0x8000b29a (0xfcb28783) lb      a5, -53(t0)
core   0: 3 0x8000b29a (0xfcb28783) x15 0x00000000 mem 0x8001bab3
core   0: 0x8000b29e (0x0052c983) lbu     s3, 5(t0)
core   0: 3 0x8000b29e (0x0052c983) x19 0x00000000 mem 0x8001baed
core   0: 0x8000b2a2 (0xffd68fa3) sb      t4, -1(a3)
core   0: 3 0x8000b2a2 (0xffd68fa3) mem 0x8001246b 0x0
core   0: 0x8000b2a6 (0x0f64c083) lbu     ra, 246(s1)
core   0: 3 0x8000b2a6 (0x0f64c083) x 1 0x00000000 mem 0x80016240
core   0: 0x8000b2aa (0x0396c783) lbu     a5, 57(a3)
core   0: 3 0x8000b2aa (0x0396c783) x15 0x00000000 mem 0x800124a5
core   0: 0x8000b2ae (0xff42a983) lw      s3, -12(t0)
core   0: 3 0x8000b2ae (0xff42a983) x19 0x00000000 mem 0x8001badc
core   0: 0x8000b2b2 (0x019c8123) sb      s9, 2(s9)
core   0: 3 0x8000b2b2 (0x019c8123) mem 0x8001474b 0x49
core   0: 0x8000b2b6 (0x00a00d13) li      s10, 10
core   0: 3 0x8000b2b6 (0x00a00d13) x26 0x0000000a
core   0: 0x8000b2ba (0x00008f49) c.or    a4, a0
core   0: 3 0x8000b2ba (0x8f49) x14 0x80029ce4
core   0: 0x8000b2bc (0x795ec293) xori    t0, t4, 1941
core   0: 3 0x8000b2bc (0x795ec293) x 5 0x00000795
core   0: 0x8000b2c0 (0x00400793) li      a5, 4
core   0: 3 0x8000b2c0 (0x00400793) x15 0x00000004
core   0: 0x8000b2c4 (0x00006ba9) c.lui   s7, 0xa
core   0: 3 0x8000b2c4 (0x6ba9) x23 0x0000a000
core   0: 0x8000b2c6 (0x0287dbb3) divu    s7, a5, s0
core   0: 3 0x8000b2c6 (0x0287dbb3) x23 0xffffffff
core   0: 0x8000b2ca (0x0231e5b3) rem     a1, gp, gp
core   0: 3 0x8000b2ca (0x0231e5b3) x11 0x00000000
core   0: 0x8000b2ce (0x00001d75) c.addi  s10, -3
core   0: 3 0x8000b2ce (0x1d75) x26 0x00000007
core   0: 0x8000b2d0 (0xff600393) li      t2, -10
core   0: 3 0x8000b2d0 (0xff600393) x 7 0xfffffff6
core   0: 0x8000b2d4 (0x95839b97) auipc   s7, 0x95839
core   0: 3 0x8000b2d4 (0x95839b97) x23 0x158442d4
core   0: 0x8000b2d8 (0xfef00813) li      a6, -17
core   0: 3 0x8000b2d8 (0xfef00813) x16 0xffffffef
core   0: 0x8000b2dc (0x00000001) c.nop
core   0: 3 0x8000b2dc (0x0001)
core   0: 0x8000b2de (0x029d4fb3) div     t6, s10, s1
core   0: 3 0x8000b2de (0x029d4fb3) x31 0x00000000
core   0: 0x8000b2e2 (0x000013e5) c.addi  t2, -7
core   0: 3 0x8000b2e2 (0x13e5) x 7 0xffffffef
core   0: 0x8000b2e4 (0x41e00cb3) sub     s9, zero, t5
core   0: 3 0x8000b2e4 (0x41e00cb3) x25 0xffffffff
core   0: 0x8000b2e8 (0xff03dbe3) bge     t2, a6, pc - 10
core   0: 3 0x8000b2e8 (0xff03dbe3)
core   0: 0x8000b2de (0x029d4fb3) div     t6, s10, s1
core   0: 3 0x8000b2de (0x029d4fb3) x31 0x00000000
core   0: 0x8000b2e2 (0x000013e5) c.addi  t2, -7
core   0: 3 0x8000b2e2 (0x13e5) x 7 0xffffffe8
core   0: 0x8000b2e4 (0x41e00cb3) sub     s9, zero, t5
core   0: 3 0x8000b2e4 (0x41e00cb3) x25 0xffffffff
core   0: 0x8000b2e8 (0xff03dbe3) bge     t2, a6, pc - 10
core   0: 3 0x8000b2e8 (0xff03dbe3)
core   0: 0x8000b2ec (0x037a8a33) mul     s4, s5, s7
core   0: 3 0x8000b2ec (0x037a8a33) x20 0x158442d4
core   0: 0x8000b2f0 (0x029c1fb3) mulh    t6, s8, s1
core   0: 3 0x8000b2f0 (0x029c1fb3) x31 0x00000000
core   0: 0x8000b2f4 (0xfcfd79e3) bgeu    s10, a5, pc - 46
core   0: 3 0x8000b2f4 (0xfcfd79e3)
core   0: 0x8000b2c6 (0x0287dbb3) divu    s7, a5, s0
core   0: 3 0x8000b2c6 (0x0287dbb3) x23 0xffffffff
core   0: 0x8000b2ca (0x0231e5b3) rem     a1, gp, gp
core   0: 3 0x8000b2ca (0x0231e5b3) x11 0x00000000
core   0: 0x8000b2ce (0x00001d75) c.addi  s10, -3
core   0: 3 0x8000b2ce (0x1d75) x26 0x00000004
core   0: 0x8000b2d0 (0xff600393) li      t2, -10
core   0: 3 0x8000b2d0 (0xff600393) x 7 0xfffffff6
core   0: 0x8000b2d4 (0x95839b97) auipc   s7, 0x95839
core   0: 3 0x8000b2d4 (0x95839b97) x23 0x158442d4
core   0: 0x8000b2d8 (0xfef00813) li      a6, -17
core   0: 3 0x8000b2d8 (0xfef00813) x16 0xffffffef
core   0: 0x8000b2dc (0x00000001) c.nop
core   0: 3 0x8000b2dc (0x0001)
core   0: 0x8000b2de (0x029d4fb3) div     t6, s10, s1
core   0: 3 0x8000b2de (0x029d4fb3) x31 0x00000000
core   0: 0x8000b2e2 (0x000013e5) c.addi  t2, -7
core   0: 3 0x8000b2e2 (0x13e5) x 7 0xffffffef
core   0: 0x8000b2e4 (0x41e00cb3) sub     s9, zero, t5
core   0: 3 0x8000b2e4 (0x41e00cb3) x25 0xffffffff
core   0: 0x8000b2e8 (0xff03dbe3) bge     t2, a6, pc - 10
core   0: 3 0x8000b2e8 (0xff03dbe3)
core   0: 0x8000b2de (0x029d4fb3) div     t6, s10, s1
core   0: 3 0x8000b2de (0x029d4fb3) x31 0x00000000
core   0: 0x8000b2e2 (0x000013e5) c.addi  t2, -7
core   0: 3 0x8000b2e2 (0x13e5) x 7 0xffffffe8
core   0: 0x8000b2e4 (0x41e00cb3) sub     s9, zero, t5
core   0: 3 0x8000b2e4 (0x41e00cb3) x25 0xffffffff
core   0: 0x8000b2e8 (0xff03dbe3) bge     t2, a6, pc - 10
core   0: 3 0x8000b2e8 (0xff03dbe3)
core   0: 0x8000b2ec (0x037a8a33) mul     s4, s5, s7
core   0: 3 0x8000b2ec (0x037a8a33) x20 0x158442d4
core   0: 0x8000b2f0 (0x029c1fb3) mulh    t6, s8, s1
core   0: 3 0x8000b2f0 (0x029c1fb3) x31 0x00000000
core   0: 0x8000b2f4 (0xfcfd79e3) bgeu    s10, a5, pc - 46
core   0: 3 0x8000b2f4 (0xfcfd79e3)
core   0: 0x8000b2c6 (0x0287dbb3) divu    s7, a5, s0
core   0: 3 0x8000b2c6 (0x0287dbb3) x23 0xffffffff
core   0: 0x8000b2ca (0x0231e5b3) rem     a1, gp, gp
core   0: 3 0x8000b2ca (0x0231e5b3) x11 0x00000000
core   0: 0x8000b2ce (0x00001d75) c.addi  s10, -3
core   0: 3 0x8000b2ce (0x1d75) x26 0x00000001
core   0: 0x8000b2d0 (0xff600393) li      t2, -10
core   0: 3 0x8000b2d0 (0xff600393) x 7 0xfffffff6
core   0: 0x8000b2d4 (0x95839b97) auipc   s7, 0x95839
core   0: 3 0x8000b2d4 (0x95839b97) x23 0x158442d4
core   0: 0x8000b2d8 (0xfef00813) li      a6, -17
core   0: 3 0x8000b2d8 (0xfef00813) x16 0xffffffef
core   0: 0x8000b2dc (0x00000001) c.nop
core   0: 3 0x8000b2dc (0x0001)
core   0: 0x8000b2de (0x029d4fb3) div     t6, s10, s1
core   0: 3 0x8000b2de (0x029d4fb3) x31 0x00000000
core   0: 0x8000b2e2 (0x000013e5) c.addi  t2, -7
core   0: 3 0x8000b2e2 (0x13e5) x 7 0xffffffef
core   0: 0x8000b2e4 (0x41e00cb3) sub     s9, zero, t5
core   0: 3 0x8000b2e4 (0x41e00cb3) x25 0xffffffff
core   0: 0x8000b2e8 (0xff03dbe3) bge     t2, a6, pc - 10
core   0: 3 0x8000b2e8 (0xff03dbe3)
core   0: 0x8000b2de (0x029d4fb3) div     t6, s10, s1
core   0: 3 0x8000b2de (0x029d4fb3) x31 0x00000000
core   0: 0x8000b2e2 (0x000013e5) c.addi  t2, -7
core   0: 3 0x8000b2e2 (0x13e5) x 7 0xffffffe8
core   0: 0x8000b2e4 (0x41e00cb3) sub     s9, zero, t5
core   0: 3 0x8000b2e4 (0x41e00cb3) x25 0xffffffff
core   0: 0x8000b2e8 (0xff03dbe3) bge     t2, a6, pc - 10
core   0: 3 0x8000b2e8 (0xff03dbe3)
core   0: 0x8000b2ec (0x037a8a33) mul     s4, s5, s7
core   0: 3 0x8000b2ec (0x037a8a33) x20 0x158442d4
core   0: 0x8000b2f0 (0x029c1fb3) mulh    t6, s8, s1
core   0: 3 0x8000b2f0 (0x029c1fb3) x31 0x00000000
core   0: 0x8000b2f4 (0xfcfd79e3) bgeu    s10, a5, pc - 46
core   0: 3 0x8000b2f4 (0xfcfd79e3)
core   0: 0x8000b2f8 (0x00000aed) c.addi  s5, 27
core   0: 3 0x8000b2f8 (0x0aed) x21 0x0000001c
core   0: 0x8000b2fa (0x0160036f) jal     t1, pc + 0x16
core   0: 3 0x8000b2fa (0x0160036f) x 6 0x8000b2fe
core   0: 0x8000b310 (0xff9ff0ef) jal     pc - 0x8
core   0: 3 0x8000b310 (0xff9ff0ef) x 1 0x8000b314
core   0: 0x8000b308 (0x0000bfe5) c.j     pc - 8
core   0: 3 0x8000b308 (0xbfe5)
core   0: 0x8000b300 (0x0000bffd) c.j     pc - 2
core   0: 3 0x8000b300 (0xbffd)
core   0: 0x8000b2fe (0x00002801) c.jal   pc + 16
core   0: 3 0x8000b2fe (0x2801) x 1 0x8000b300
core   0: 0x8000b30e (0x0000bfe5) c.j     pc - 8
core   0: 3 0x8000b30e (0xbfe5)
core   0: 0x8000b306 (0x00002039) c.jal   pc + 14
core   0: 3 0x8000b306 (0x2039) x 1 0x8000b308
core   0: 0x8000b314 (0xff1ff36f) jal     t1, pc - 0x10
core   0: 3 0x8000b314 (0xff1ff36f) x 6 0x8000b318
core   0: 0x8000b304 (0x0000a019) c.j     pc + 6
core   0: 3 0x8000b304 (0xa019)
core   0: 0x8000b30a (0x0000a009) c.j     pc + 2
core   0: 3 0x8000b30a (0xa009)
core   0: 0x8000b30c (0x00003fdd) c.jal   pc - 10
core   0: 3 0x8000b30c (0x3fdd) x 1 0x8000b30e
core   0: 0x8000b302 (0x0000a819) c.j     pc + 22
core   0: 3 0x8000b302 (0xa819)
core   0: 0x8000b318 (0x0000a009) c.j     pc + 2
core   0: 3 0x8000b318 (0xa009)
core   0: 0x8000b31a (0x01fe5a33) srl     s4, t3, t6
core   0: 3 0x8000b31a (0x01fe5a33) x20 0x00000000
core   0: 0x8000b31e (0x00007117) auipc   sp, 0x7
core   0: 3 0x8000b31e (0x00007117) x 2 0x8001231e
core   0: 0x8000b322 (0x04b10113) addi    sp, sp, 75
core   0: 3 0x8000b322 (0x04b10113) x 2 0x80012369
core   0: 0x8000b326 (0xffc10f23) sb      t3, -2(sp)
core   0: 3 0x8000b326 (0xffc10f23) mem 0x80012367 0x0
core   0: 0x8000b32a (0x00df9233) sll     tp, t6, a3
core   0: 3 0x8000b32a (0x00df9233) x 4 0x00000000
core   0: 0x8000b32e (0x02210203) lb      tp, 34(sp)
core   0: 3 0x8000b32e (0x02210203) x 4 0x00000000 mem 0x8001238b
core   0: 0x8000b332 (0x03d10283) lb      t0, 61(sp)
core   0: 3 0x8000b332 (0x03d10283) x 5 0x00000000 mem 0x800123a6
core   0: 0x8000b336 (0x02329a33) mulh    s4, t0, gp
core   0: 3 0x8000b336 (0x02329a33) x20 0x00000000
core   0: 0x8000b33a (0x00b51933) sll     s2, a0, a1
core   0: 3 0x8000b33a (0x00b51933) x18 0x80029ce4
core   0: 0x8000b33e (0x00008cfe) c.mv    s9, t6
core   0: 3 0x8000b33e (0x8cfe) x25 0x00000000
core   0: 0x8000b340 (0x779a3c13) sltiu   s8, s4, 1913
core   0: 3 0x8000b340 (0x779a3c13) x24 0x00000001
core   0: 0x8000b344 (0xfe211ea3) sh      sp, -3(sp)
core   0: 3 0x8000b344 (0xfe211ea3) mem 0x80012366 0x2369
core   0: 0x8000b348 (0xfd610803) lb      a6, -42(sp)
core   0: 3 0x8000b348 (0xfd610803) x16 0x00000000 mem 0x8001233f
core   0: 0x8000b34c (0x01511583) lh      a1, 21(sp)
core   0: 3 0x8000b34c (0x01511583) x11 0x00000000 mem 0x8001237e
core   0: 0x8000b350 (0xff1112a3) sh      a7, -27(sp)
core   0: 3 0x8000b350 (0xff1112a3) mem 0x8001234e 0xf000
core   0: 0x8000b354 (0xfdd10d23) sb      t4, -38(sp)
core   0: 3 0x8000b354 (0xfdd10d23) mem 0x80012343 0x0
core   0: 0x8000b358 (0x000012fd) c.addi  t0, -1
core   0: 3 0x8000b358 (0x12fd) x 5 0xffffffff
core   0: 0x8000b35a (0xfda10b83) lb      s7, -38(sp)
core   0: 3 0x8000b35a (0xfda10b83) x23 0x00000000 mem 0x80012343
core   0: 0x8000b35e (0xfde10d23) sb      t5, -38(sp)
core   0: 3 0x8000b35e (0xfde10d23) mem 0x80012343 0x1
core   0: 0x8000b362 (0x02510123) sb      t0, 34(sp)
core   0: 3 0x8000b362 (0x02510123) mem 0x8001238b 0xff
core   0: 0x8000b366 (0x02214703) lbu     a4, 34(sp)
core   0: 3 0x8000b366 (0x02214703) x14 0x000000ff mem 0x8001238b
core   0: 0x8000b36a (0x03610123) sb      s6, 34(sp)
core   0: 3 0x8000b36a (0x03610123) mem 0x8001238b 0x0
core   0: 0x8000b36e (0xfcc14c03) lbu     s8, -52(sp)
core   0: 3 0x8000b36e (0xfcc14c03) x24 0x00000000 mem 0x80012335
core   0: 0x8000b372 (0xfc911b83) lh      s7, -55(sp)
core   0: 3 0x8000b372 (0xfc911b83) x23 0x00000000 mem 0x80012332
core   0: 0x8000b376 (0x00b15783) lhu     a5, 11(sp)
core   0: 3 0x8000b376 (0x00b15783) x15 0x00000000 mem 0x80012374
core   0: 0x8000b37a (0x02214183) lbu     gp, 34(sp)
core   0: 3 0x8000b37a (0x02214183) x 3 0x00000000 mem 0x8001238b
core   0: 0x8000b37e (0x03f39433) mulh    s0, t2, t6
core   0: 3 0x8000b37e (0x03f39433) x 8 0x00000000
core   0: 0x8000b382 (0x00d11203) lh      tp, 13(sp)
core   0: 3 0x8000b382 (0x00d11203) x 4 0x00000000 mem 0x80012376
core   0: 0x8000b386 (0x00711aa3) sh      t2, 21(sp)
core   0: 3 0x8000b386 (0x00711aa3) mem 0x8001237e 0xffe8
core   0: 0x8000b38a (0x0360036f) jal     t1, pc + 0x36
core   0: 3 0x8000b38a (0x0360036f) x 6 0x8000b38e
core   0: 0x8000b3c0 (0x00003fc1) c.jal   pc - 48
core   0: 3 0x8000b3c0 (0x3fc1) x 1 0x8000b3c2
core   0: 0x8000b390 (0x0000a801) c.j     pc + 16
core   0: 3 0x8000b390 (0xa801)
core   0: 0x8000b3a0 (0x026000ef) jal     pc + 0x26
core   0: 3 0x8000b3a0 (0x026000ef) x 1 0x8000b3a4
core   0: 0x8000b3c6 (0x00003fc9) c.jal   pc - 46
core   0: 3 0x8000b3c6 (0x3fc9) x 1 0x8000b3c8
core   0: 0x8000b398 (0x004000ef) jal     pc + 0x4
core   0: 3 0x8000b398 (0x004000ef) x 1 0x8000b39c
core   0: 0x8000b39c (0x0000a805) c.j     pc + 48
core   0: 3 0x8000b39c (0xa805)
core   0: 0x8000b3cc (0x0000bfdd) c.j     pc - 10
core   0: 3 0x8000b3cc (0xbfdd)
core   0: 0x8000b3c2 (0x00003fd1) c.jal   pc - 44
core   0: 3 0x8000b3c2 (0x3fd1) x 1 0x8000b3c4
core   0: 0x8000b396 (0x0000a821) c.j     pc + 24
core   0: 3 0x8000b396 (0xa821)
core   0: 0x8000b3ae (0x0000a011) c.j     pc + 4
core   0: 3 0x8000b3ae (0xa011)
core   0: 0x8000b3b2 (0x0000b7f5) c.j     pc - 20
core   0: 3 0x8000b3b2 (0xb7f5)
core   0: 0x8000b39e (0x0000202d) c.jal   pc + 42
core   0: 3 0x8000b39e (0x202d) x 1 0x8000b3a0
core   0: 0x8000b3c8 (0x0000b7f5) c.j     pc - 20
core   0: 3 0x8000b3c8 (0xb7f5)
core   0: 0x8000b3b4 (0xfdfff36f) jal     t1, pc - 0x22
core   0: 3 0x8000b3b4 (0xfdfff36f) x 6 0x8000b3b8
core   0: 0x8000b392 (0x0000bff5) c.j     pc - 4
core   0: 3 0x8000b392 (0xbff5)
core   0: 0x8000b38e (0x0000a019) c.j     pc + 6
core   0: 3 0x8000b38e (0xa019)
core   0: 0x8000b394 (0x0000a805) c.j     pc + 48
core   0: 3 0x8000b394 (0xa805)
core   0: 0x8000b3c4 (0x000037c5) c.jal   pc - 32
core   0: 3 0x8000b3c4 (0x37c5) x 1 0x8000b3c6
core   0: 0x8000b3a4 (0x00002009) c.jal   pc + 2
core   0: 3 0x8000b3a4 (0x2009) x 1 0x8000b3a6
core   0: 0x8000b3a6 (0x00002019) c.jal   pc + 6
core   0: 3 0x8000b3a6 (0x2019) x 1 0x8000b3a8
core   0: 0x8000b3ac (0x0000a839) c.j     pc + 30
core   0: 3 0x8000b3ac (0xa839)
core   0: 0x8000b3ca (0x0000bff9) c.j     pc - 34
core   0: 3 0x8000b3ca (0xbff9)
core   0: 0x8000b3a8 (0x012000ef) jal     pc + 0x12
core   0: 3 0x8000b3a8 (0x012000ef) x 1 0x8000b3ac
core   0: 0x8000b3ba (0x0000bfdd) c.j     pc - 10
core   0: 3 0x8000b3ba (0xbfdd)
core   0: 0x8000b3b0 (0x0000a021) c.j     pc + 8
core   0: 3 0x8000b3b0 (0xa021)
core   0: 0x8000b3b8 (0x00002011) c.jal   pc + 4
core   0: 3 0x8000b3b8 (0x2011) x 1 0x8000b3ba
core   0: 0x8000b3bc (0x0000a009) c.j     pc + 2
core   0: 3 0x8000b3bc (0xa009)
core   0: 0x8000b3be (0x00002801) c.jal   pc + 16
core   0: 3 0x8000b3be (0x2801) x 1 0x8000b3c0
core   0: 0x8000b3ce (0x0000100f) fence.i
core   0: 3 0x8000b3ce (0x0000100f)
core   0: 0x8000b3d2 (0x00a00e93) li      t4, 10
core   0: 3 0x8000b3d2 (0x00a00e93) x29 0x0000000a
core   0: 0x8000b3d6 (0x00400f93) li      t6, 4
core   0: 3 0x8000b3d6 (0x00400f93) x31 0x00000004
core   0: 0x8000b3da (0x00f91213) slli    tp, s2, 15
core   0: 3 0x8000b3da (0x00f91213) x 4 0x4e720000
core   0: 0x8000b3de (0x02f260b3) rem     ra, tp, a5
core   0: 3 0x8000b3de (0x02f260b3) x 1 0x4e720000
core   0: 0x8000b3e2 (0x00008c01) c.sub   s0, s0
core   0: 3 0x8000b3e2 (0x8c01) x 8 0x00000000
core   0: 0x8000b3e4 (0x00001ef5) c.addi  t4, -3
core   0: 3 0x8000b3e4 (0x1ef5) x29 0x00000007
core   0: 0x8000b3e6 (0x00008d7e) c.mv    s10, t6
core   0: 3 0x8000b3e6 (0x8d7e) x26 0x00000004
core   0: 0x8000b3e8 (0x00200693) li      a3, 2
core   0: 3 0x8000b3e8 (0x00200693) x13 0x00000002
core   0: 0x8000b3ec (0x00000001) c.nop
core   0: 3 0x8000b3ec (0x0001)
core   0: 0x8000b3ee (0x032b7a33) remu    s4, s6, s2
core   0: 3 0x8000b3ee (0x032b7a33) x20 0x00000000
core   0: 0x8000b3f2 (0x00008f2d) c.xor   a4, a1
core   0: 3 0x8000b3f2 (0x8f2d) x14 0x000000ff
core   0: 0x8000b3f4 (0x000016fd) c.addi  a3, -1
core   0: 3 0x8000b3f4 (0x16fd) x13 0x00000001
core   0: 0x8000b3f6 (0x0000fef5) c.bnez  a3, pc - 4
core   0: 3 0x8000b3f6 (0xfef5)
core   0: 0x8000b3f2 (0x00008f2d) c.xor   a4, a1
core   0: 3 0x8000b3f2 (0x8f2d) x14 0x000000ff
core   0: 0x8000b3f4 (0x000016fd) c.addi  a3, -1
core   0: 3 0x8000b3f4 (0x16fd) x13 0x00000000
core   0: 0x8000b3f6 (0x0000fef5) c.bnez  a3, pc - 4
core   0: 3 0x8000b3f6 (0xfef5)
core   0: 0x8000b3f8 (0x0ff0000f) fence   iorw,iorw
core   0: 3 0x8000b3f8 (0x0ff0000f)
core   0: 0x8000b3fc (0x00000001) c.nop
core   0: 3 0x8000b3fc (0x0001)
core   0: 0x8000b3fe (0xfffef0e3) bgeu    t4, t6, pc - 32
core   0: 3 0x8000b3fe (0xfffef0e3)
core   0: 0x8000b3de (0x02f260b3) rem     ra, tp, a5
core   0: 3 0x8000b3de (0x02f260b3) x 1 0x4e720000
core   0: 0x8000b3e2 (0x00008c01) c.sub   s0, s0
core   0: 3 0x8000b3e2 (0x8c01) x 8 0x00000000
core   0: 0x8000b3e4 (0x00001ef5) c.addi  t4, -3
core   0: 3 0x8000b3e4 (0x1ef5) x29 0x00000004
core   0: 0x8000b3e6 (0x00008d7e) c.mv    s10, t6
core   0: 3 0x8000b3e6 (0x8d7e) x26 0x00000004
core   0: 0x8000b3e8 (0x00200693) li      a3, 2
core   0: 3 0x8000b3e8 (0x00200693) x13 0x00000002
core   0: 0x8000b3ec (0x00000001) c.nop
core   0: 3 0x8000b3ec (0x0001)
core   0: 0x8000b3ee (0x032b7a33) remu    s4, s6, s2
core   0: 3 0x8000b3ee (0x032b7a33) x20 0x00000000
core   0: 0x8000b3f2 (0x00008f2d) c.xor   a4, a1
core   0: 3 0x8000b3f2 (0x8f2d) x14 0x000000ff
core   0: 0x8000b3f4 (0x000016fd) c.addi  a3, -1
core   0: 3 0x8000b3f4 (0x16fd) x13 0x00000001
core   0: 0x8000b3f6 (0x0000fef5) c.bnez  a3, pc - 4
core   0: 3 0x8000b3f6 (0xfef5)
core   0: 0x8000b3f2 (0x00008f2d) c.xor   a4, a1
core   0: 3 0x8000b3f2 (0x8f2d) x14 0x000000ff
core   0: 0x8000b3f4 (0x000016fd) c.addi  a3, -1
core   0: 3 0x8000b3f4 (0x16fd) x13 0x00000000
core   0: 0x8000b3f6 (0x0000fef5) c.bnez  a3, pc - 4
core   0: 3 0x8000b3f6 (0xfef5)
core   0: 0x8000b3f8 (0x0ff0000f) fence   iorw,iorw
core   0: 3 0x8000b3f8 (0x0ff0000f)
core   0: 0x8000b3fc (0x00000001) c.nop
core   0: 3 0x8000b3fc (0x0001)
core   0: 0x8000b3fe (0xfffef0e3) bgeu    t4, t6, pc - 32
core   0: 3 0x8000b3fe (0xfffef0e3)
core   0: 0x8000b3de (0x02f260b3) rem     ra, tp, a5
core   0: 3 0x8000b3de (0x02f260b3) x 1 0x4e720000
core   0: 0x8000b3e2 (0x00008c01) c.sub   s0, s0
core   0: 3 0x8000b3e2 (0x8c01) x 8 0x00000000
core   0: 0x8000b3e4 (0x00001ef5) c.addi  t4, -3
core   0: 3 0x8000b3e4 (0x1ef5) x29 0x00000001
core   0: 0x8000b3e6 (0x00008d7e) c.mv    s10, t6
core   0: 3 0x8000b3e6 (0x8d7e) x26 0x00000004
core   0: 0x8000b3e8 (0x00200693) li      a3, 2
core   0: 3 0x8000b3e8 (0x00200693) x13 0x00000002
core   0: 0x8000b3ec (0x00000001) c.nop
core   0: 3 0x8000b3ec (0x0001)
core   0: 0x8000b3ee (0x032b7a33) remu    s4, s6, s2
core   0: 3 0x8000b3ee (0x032b7a33) x20 0x00000000
core   0: 0x8000b3f2 (0x00008f2d) c.xor   a4, a1
core   0: 3 0x8000b3f2 (0x8f2d) x14 0x000000ff
core   0: 0x8000b3f4 (0x000016fd) c.addi  a3, -1
core   0: 3 0x8000b3f4 (0x16fd) x13 0x00000001
core   0: 0x8000b3f6 (0x0000fef5) c.bnez  a3, pc - 4
core   0: 3 0x8000b3f6 (0xfef5)
core   0: 0x8000b3f2 (0x00008f2d) c.xor   a4, a1
core   0: 3 0x8000b3f2 (0x8f2d) x14 0x000000ff
core   0: 0x8000b3f4 (0x000016fd) c.addi  a3, -1
core   0: 3 0x8000b3f4 (0x16fd) x13 0x00000000
core   0: 0x8000b3f6 (0x0000fef5) c.bnez  a3, pc - 4
core   0: 3 0x8000b3f6 (0xfef5)
core   0: 0x8000b3f8 (0x0ff0000f) fence   iorw,iorw
core   0: 3 0x8000b3f8 (0x0ff0000f)
core   0: 0x8000b3fc (0x00000001) c.nop
core   0: 3 0x8000b3fc (0x0001)
core   0: 0x8000b3fe (0xfffef0e3) bgeu    t4, t6, pc - 32
core   0: 3 0x8000b3fe (0xfffef0e3)
core   0: 0x8000b402 (0x01b91713) slli    a4, s2, 27
core   0: 3 0x8000b402 (0x01b91713) x14 0x20000000
core   0: 0x8000b406 (0x00005997) auipc   s3, 0x5
core   0: 3 0x8000b406 (0x00005997) x19 0x80010406
core   0: 0x8000b40a (0x69898993) addi    s3, s3, 1688
core   0: 3 0x8000b40a (0x69898993) x19 0x80010a9e
core   0: 0x8000b40e (0x00010f17) auipc   t5, 0x10
core   0: 3 0x8000b40e (0x00010f17) x30 0x8001b40e
core   0: 0x8000b412 (0x4b2f0f13) addi    t5, t5, 1202
core   0: 3 0x8000b412 (0x4b2f0f13) x30 0x8001b8c0
core   0: 0x8000b416 (0x01098ca3) sb      a6, 25(s3)
core   0: 3 0x8000b416 (0x01098ca3) mem 0x80010ab7 0x0
core   0: 0x8000b41a (0xfe998703) lb      a4, -23(s3)
core   0: 3 0x8000b41a (0xfe998703) x14 0x00000000 mem 0x80010a87
core   0: 0x8000b41e (0xff898183) lb      gp, -8(s3)
core   0: 3 0x8000b41e (0xff898183) x 3 0x00000000 mem 0x80010a96
core   0: 0x8000b422 (0xfeaf1d03) lh      s10, -22(t5)
core   0: 3 0x8000b422 (0xfeaf1d03) x26 0x00000000 mem 0x8001b8aa
core   0: 0x8000b426 (0xfcd98783) lb      a5, -51(s3)
core   0: 3 0x8000b426 (0xfcd98783) x15 0x00000000 mem 0x80010a6b
core   0: 0x8000b42a (0x014f1023) sh      s4, 0(t5)
core   0: 3 0x8000b42a (0x014f1023) mem 0x8001b8c0 0x0000
core   0: 0x8000b42e (0xfe699b83) lh      s7, -26(s3)
core   0: 3 0x8000b42e (0xfe699b83) x23 0x00000000 mem 0x80010a84
core   0: 0x8000b432 (0xfe6f4403) lbu     s0, -26(t5)
core   0: 3 0x8000b432 (0xfe6f4403) x 8 0x00000000 mem 0x8001b8a6
core   0: 0x8000b436 (0xfe4f1d23) sh      tp, -6(t5)
core   0: 3 0x8000b436 (0xfe4f1d23) mem 0x8001b8ba 0x0000
core   0: 0x8000b43a (0xfc29ad03) lw      s10, -62(s3)
core   0: 3 0x8000b43a (0xfc29ad03) x26 0x00000000 mem 0x80010a60
core   0: 0x8000b43e (0xfe59c583) lbu     a1, -27(s3)
core   0: 3 0x8000b43e (0xfe59c583) x11 0x00000000 mem 0x80010a83
core   0: 0x8000b442 (0xfea98fa3) sb      a0, -1(s3)
core   0: 3 0x8000b442 (0xfea98fa3) mem 0x80010a9d 0xe4
core   0: 0x8000b446 (0xffbf1b23) sh      s11, -10(t5)
core   0: 3 0x8000b446 (0xffbf1b23) mem 0x8001b8b6 0xe194
core   0: 0x8000b44a (0x00005497) auipc   s1, 0x5
core   0: 3 0x8000b44a (0x00005497) x 9 0x8001044a
core   0: 0x8000b44e (0x12248493) addi    s1, s1, 290
core   0: 3 0x8000b44e (0x12248493) x 9 0x8001056c
core   0: 0x8000b452 (0x0276f6b3) remu    a3, a3, t2
core   0: 3 0x8000b452 (0x0276f6b3) x13 0x00000000
core   0: 0x8000b456 (0x000068e9) c.lui   a7, 0x1a
core   0: 3 0x8000b456 (0x68e9) x17 0x0001a000
core   0: 0x8000b458 (0xfed489a3) sb      a3, -13(s1)
core   0: 3 0x8000b458 (0xfed489a3) mem 0x8001055f 0x0
core   0: 0x8000b45c (0x0318e2b3) rem     t0, a7, a7
core   0: 3 0x8000b45c (0x0318e2b3) x 5 0x00000000
core   0: 0x8000b460 (0x02d428b3) mulhsu  a7, s0, a3
core   0: 3 0x8000b460 (0x02d428b3) x17 0x00000000
core   0: 0x8000b464 (0x0036e1b3) or      gp, a3, gp
core   0: 3 0x8000b464 (0x0036e1b3) x 3 0x00000000
core   0: 0x8000b468 (0xfe44a183) lw      gp, -28(s1)
core   0: 3 0x8000b468 (0xfe44a183) x 3 0x00000000 mem 0x80010550
core   0: 0x8000b46c (0xfca48383) lb      t2, -54(s1)
core   0: 3 0x8000b46c (0xfca48383) x 7 0x00000000 mem 0x80010536
core   0: 0x8000b470 (0x0ff0000f) fence   iorw,iorw
core   0: 3 0x8000b470 (0x0ff0000f)
core   0: 0x8000b474 (0x00f48183) lb      gp, 15(s1)
core   0: 3 0x8000b474 (0x00f48183) x 3 0x00000000 mem 0x8001057b
core   0: 0x8000b478 (0x02568433) mul     s0, a3, t0
core   0: 3 0x8000b478 (0x02568433) x 8 0x00000000
core   0: 0x8000b47c (0xfd548883) lb      a7, -43(s1)
core   0: 3 0x8000b47c (0xfd548883) x17 0x00000000 mem 0x80010541
core   0: 0x8000b480 (0x028441b3) div     gp, s0, s0
core   0: 3 0x8000b480 (0x028441b3) x 3 0xffffffff
core   0: 0x8000b484 (0x00008c75) c.and   s0, a3
core   0: 3 0x8000b484 (0x8c75) x 8 0x00000000
core   0: 0x8000b486 (0x00009396) c.add   t2, t0
core   0: 3 0x8000b486 (0x9396) x 7 0x00000000
core   0: 0x8000b488 (0x0000919e) c.add   gp, t2
core   0: 3 0x8000b488 (0x919e) x 3 0xffffffff
core   0: 0x8000b48a (0x00f48183) lb      gp, 15(s1)
core   0: 3 0x8000b48a (0x00f48183) x 3 0x00000000 mem 0x8001057b
core   0: 0x8000b48e (0x00008ea1) c.xor   a3, s0
core   0: 3 0x8000b48e (0x8ea1) x13 0x00000000
core   0: 0x8000b490 (0xfd34c683) lbu     a3, -45(s1)
core   0: 3 0x8000b490 (0xfd34c683) x13 0x00000000 mem 0x8001053f
core   0: 0x8000b494 (0x50344893) xori    a7, s0, 1283
core   0: 3 0x8000b494 (0x50344893) x17 0x00000503
core   0: 0x8000b498 (0x0224d683) lhu     a3, 34(s1)
core   0: 3 0x8000b498 (0x0224d683) x13 0x00000000 mem 0x8001058e
core   0: 0x8000b49c (0x0086a433) slt     s0, a3, s0
core   0: 3 0x8000b49c (0x0086a433) x 8 0x00000000
core   0: 0x8000b4a0 (0x00000001) c.nop
core   0: 3 0x8000b4a0 (0x0001)
core   0: 0x8000b4a2 (0x02d1a8b3) mulhsu  a7, gp, a3
core   0: 3 0x8000b4a2 (0x02d1a8b3) x17 0x00000000
core   0: 0x8000b4a6 (0x40d3d1b3) sra     gp, t2, a3
core   0: 3 0x8000b4a6 (0x40d3d1b3) x 3 0x00000000
core   0: 0x8000b4aa (0xffa48403) lb      s0, -6(s1)
core   0: 3 0x8000b4aa (0xffa48403) x 8 0x00000000 mem 0x80010566
core   0: 0x8000b4ae (0xf1828293) addi    t0, t0, -232
core   0: 3 0x8000b4ae (0xf1828293) x 5 0xffffff18
core   0: 0x8000b4b2 (0xfc848fa3) sb      s0, -33(s1)
core   0: 3 0x8000b4b2 (0xfc848fa3) mem 0x8001054b 0x0
core   0: 0x8000b4b6 (0x0111b3b3) sltu    t2, gp, a7
core   0: 3 0x8000b4b6 (0x0111b3b3) x 7 0x00000000
core   0: 0x8000b4ba (0x0024d183) lhu     gp, 2(s1)
core   0: 3 0x8000b4ba (0x0024d183) x 3 0x00000000 mem 0x8001056e
core   0: 0x8000b4be (0x00005117) auipc   sp, 0x5
core   0: 3 0x8000b4be (0x00005117) x 2 0x800104be
core   0: 0x8000b4c2 (0xd0e10113) addi    sp, sp, -754
core   0: 3 0x8000b4c2 (0xd0e10113) x 2 0x800101cc
core   0: 0x8000b4c6 (0x000088b6) c.mv    a7, a3
core   0: 3 0x8000b4c6 (0x88b6) x17 0x00000000
core   0: 0x8000b4c8 (0xfdb10083) lb      ra, -37(sp)
core   0: 3 0x8000b4c8 (0xfdb10083) x 1 0x00000000 mem 0x800101a7
core   0: 0x8000b4cc (0x02514983) lbu     s3, 37(sp)
core   0: 3 0x8000b4cc (0x02514983) x19 0x00000000 mem 0x800101f1
core   0: 0x8000b4d0 (0x00000f92) c.slli  t6, 4
core   0: 3 0x8000b4d0 (0x0f92) x31 0x00000040
core   0: 0x8000b4d2 (0x019ef733) and     a4, t4, s9
core   0: 3 0x8000b4d2 (0x019ef733) x14 0x00000000
core   0: 0x8000b4d6 (0x02f103a3) sb      a5, 39(sp)
core   0: 3 0x8000b4d6 (0x02f103a3) mem 0x800101f3 0x0
core   0: 0x8000b4da (0x6673e913) ori     s2, t2, 1639
core   0: 3 0x8000b4da (0x6673e913) x18 0x00000667
core   0: 0x8000b4de (0x0000147d) c.addi  s0, -1
core   0: 3 0x8000b4de (0x147d) x 8 0xffffffff
core   0: 0x8000b4e0 (0x00008035) c.srli  s0, 13
core   0: 3 0x8000b4e0 (0x8035) x 8 0x0007ffff
core   0: 0x8000b4e2 (0x01710483) lb      s1, 23(sp)
core   0: 3 0x8000b4e2 (0x01710483) x 9 0x00000000 mem 0x800101e3
core   0: 0x8000b4e6 (0xfc514303) lbu     t1, -59(sp)
core   0: 3 0x8000b4e6 (0xfc514303) x 6 0x00000000 mem 0x80010191
core   0: 0x8000b4ea (0xff1105a3) sb      a7, -21(sp)
core   0: 3 0x8000b4ea (0xff1105a3) mem 0x800101b7 0x0
core   0: 0x8000b4ee (0xfe112a23) sw      ra, -12(sp)
core   0: 3 0x8000b4ee (0xfe112a23) mem 0x800101c0 0x00000000
core   0: 0x8000b4f2 (0x02b10883) lb      a7, 43(sp)
core   0: 3 0x8000b4f2 (0x02b10883) x17 0x00000000 mem 0x800101f7
core   0: 0x8000b4f6 (0x00009f06) c.add   t5, ra
core   0: 3 0x8000b4f6 (0x9f06) x30 0x8001b8c0
core   0: 0x8000b4f8 (0x02b10b23) sb      a1, 54(sp)
core   0: 3 0x8000b4f8 (0x02b10b23) mem 0x80010202 0x0
core   0: 0x8000b4fc (0xfd914403) lbu     s0, -39(sp)
core   0: 3 0x8000b4fc (0xfd914403) x 8 0x00000000 mem 0x800101a5
core   0: 0x8000b500 (0xfce15183) lhu     gp, -50(sp)
core   0: 3 0x8000b500 (0xfce15183) x 3 0x00006400 mem 0x8001019a
core   0: 0x8000b504 (0x00d6c2b3) xor     t0, a3, a3
core   0: 3 0x8000b504 (0x00d6c2b3) x 5 0x00000000
core   0: 0x8000b508 (0x00006699) c.lui   a3, 0x6
core   0: 3 0x8000b508 (0x6699) x13 0x00006000
core   0: 0x8000b50a (0x00000001) c.nop
core   0: 3 0x8000b50a (0x0001)
core   0: 0x8000b50c (0x00008f31) c.xor   a4, a2
core   0: 3 0x8000b50c (0x8f31) x14 0x80025df4
core   0: 0x8000b50e (0x01817bb3) and     s7, sp, s8
core   0: 3 0x8000b50e (0x01817bb3) x23 0x00000000
core   0: 0x8000b512 (0x02215c83) lhu     s9, 34(sp)
core   0: 3 0x8000b512 (0x02215c83) x25 0x00000000 mem 0x800101ee
core   0: 0x8000b516 (0x002126b3) slt     a3, sp, sp
core   0: 3 0x8000b516 (0x002126b3) x13 0x00000000
core   0: 0x8000b51a (0x00418033) add     zero, gp, tp
core   0: 3 0x8000b51a (0x00418033)
core   0: 0x8000b51e (0x411fd433) sra     s0, t6, a7
core   0: 3 0x8000b51e (0x411fd433) x 8 0x00000040
core   0: 0x8000b522 (0x0243d433) divu    s0, t2, tp
core   0: 3 0x8000b522 (0x0243d433) x 8 0x00000000
core   0: 0x8000b526 (0x00e103a3) sb      a4, 7(sp)
core   0: 3 0x8000b526 (0x00e103a3) mem 0x800101d3 0xf4
core   0: 0x8000b52a (0x000096f6) c.add   a3, t4
core   0: 3 0x8000b52a (0x96f6) x13 0x00000001
core   0: 0x8000b52c (0x00005a32) c.lwsp  s4, 44(sp)
core   0: 3 0x8000b52c (0x5a32) x20 0x00000000 mem 0x800101f8
core   0: 0x8000b52e (0x0141d913) srli    s2, gp, 20
core   0: 3 0x8000b52e (0x0141d913) x18 0x00000000
core   0: 0x8000b532 (0x000086a1) c.srai  a3, 8
core   0: 3 0x8000b532 (0x86a1) x13 0x00000000
core   0: 0x8000b534 (0x03b14f83) lbu     t6, 59(sp)
core   0: 3 0x8000b534 (0x03b14f83) x31 0x00000000 mem 0x80010207
core   0: 0x8000b538 (0x03156c33) rem     s8, a0, a7
core   0: 3 0x8000b538 (0x03156c33) x24 0x80029ce4
core   0: 0x8000b53c (0x02adeb33) rem     s6, s11, a0
core   0: 3 0x8000b53c (0x02adeb33) x22 0x4242e194
core   0: 0x8000b540 (0x005ad0b3) srl     ra, s5, t0
core   0: 3 0x8000b540 (0x005ad0b3) x 1 0x0000001c
core   0: 0x8000b544 (0x0171c733) xor     a4, gp, s7
core   0: 3 0x8000b544 (0x0171c733) x14 0x00006400
core   0: 0x8000b548 (0x00000001) c.nop
core   0: 3 0x8000b548 (0x0001)
core   0: 0x8000b54a (0x038dcd33) div     s10, s11, s8
core   0: 3 0x8000b54a (0x038dcd33) x26 0x00000000
core   0: 0x8000b54e (0x000001fe) c.slli  gp, 31
core   0: 3 0x8000b54e (0x01fe) x 3 0x00000000
core   0: 0x8000b550 (0xfed14e03) lbu     t3, -19(sp)
core   0: 3 0x8000b550 (0xfed14e03) x28 0x00000000 mem 0x800101b9
core   0: 0x8000b554 (0x00008ca5) c.xor   s1, s1
core   0: 3 0x8000b554 (0x8ca5) x 9 0x00000000
core   0: 0x8000b556 (0x0000587d) c.li    a6, -1
core   0: 3 0x8000b556 (0x587d) x16 0xffffffff
core   0: 0x8000b558 (0xfe910b03) lb      s6, -23(sp)
core   0: 3 0x8000b558 (0xfe910b03) x22 0x00000000 mem 0x800101b5
core   0: 0x8000b55c (0x00010f17) auipc   t5, 0x10
core   0: 3 0x8000b55c (0x00010f17) x30 0x8001b55c
core   0: 0x8000b560 (0xf53f0f13) addi    t5, t5, -173
core   0: 3 0x8000b560 (0xf53f0f13) x30 0x8001b4af
core   0: 0x8000b564 (0x00015417) auipc   s0, 0x15
core   0: 3 0x8000b564 (0x00015417) x 8 0x80020564
core   0: 0x8000b568 (0x99c40413) addi    s0, s0, -1636
core   0: 3 0x8000b568 (0x99c40413) x 8 0x8001ff00
core   0: 0x8000b56c (0x037f1583) lh      a1, 55(t5)
core   0: 3 0x8000b56c (0x037f1583) x11 0x00000000 mem 0x8001b4e6
core   0: 0x8000b570 (0x00013817) auipc   a6, 0x13
core   0: 3 0x8000b570 (0x00013817) x16 0x8001e570
core   0: 0x8000b574 (0x97980813) addi    a6, a6, -1671
core   0: 3 0x8000b574 (0x97980813) x16 0x8001dee9
core   0: 0x8000b578 (0x02a40ca3) sb      a0, 57(s0)
core   0: 3 0x8000b578 (0x02a40ca3) mem 0x8001ff39 0xe4
core   0: 0x8000b57c (0x18680703) lb      a4, 390(a6)
core   0: 3 0x8000b57c (0x18680703) x14 0x00000000 mem 0x8001e06f
core   0: 0x8000b580 (0x040f4783) lbu     a5, 64(t5)
core   0: 3 0x8000b580 (0x040f4783) x15 0x00000000 mem 0x8001b4ef
core   0: 0x8000b584 (0x72684703) lbu     a4, 1830(a6)
core   0: 3 0x8000b584 (0x72684703) x14 0x00000000 mem 0x8001e60f
core   0: 0x8000b588 (0x4f181d03) lh      s10, 1265(a6)
core   0: 3 0x8000b588 (0x4f181d03) x26 0x00000000 mem 0x8001e3da
core   0: 0x8000b58c (0x040f4d03) lbu     s10, 64(t5)
core   0: 3 0x8000b58c (0x040f4d03) x26 0x00000000 mem 0x8001b4ef
core   0: 0x8000b590 (0xfef44c03) lbu     s8, -17(s0)
core   0: 3 0x8000b590 (0xfef44c03) x24 0x00000000 mem 0x8001feef
core   0: 0x8000b594 (0xffef0123) sb      t5, -30(t5)
core   0: 3 0x8000b594 (0xffef0123) mem 0x8001b491 0xaf
core   0: 0x8000b598 (0x7e180c03) lb      s8, 2017(a6)
core   0: 3 0x8000b598 (0x7e180c03) x24 0x00000000 mem 0x8001e6ca
core   0: 0x8000b59c (0xff040d23) sb      a6, -6(s0)
core   0: 3 0x8000b59c (0xff040d23) mem 0x8001fefa 0xe9
core   0: 0x8000b5a0 (0x0000d408) c.sw    a0, 40(s0)
core   0: 3 0x8000b5a0 (0xd408) mem 0x8001ff28 0x80029ce4
core   0: 0x8000b5a2 (0xfc3f1783) lh      a5, -61(t5)
core   0: 3 0x8000b5a2 (0xfc3f1783) x15 0x00000000 mem 0x8001b472
core   0: 0x8000b5a6 (0xde680d23) sb      t1, -518(a6)
core   0: 3 0x8000b5a6 (0xde680d23) mem 0x8001dce3 0x0
core   0: 0x8000b5aa (0xc4c84303) lbu     t1, -948(a6)
core   0: 3 0x8000b5aa (0xc4c84303) x 6 0x00000000 mem 0x8001db35
core   0: 0x8000b5ae (0x03a42423) sw      s10, 40(s0)
core   0: 3 0x8000b5ae (0x03a42423) mem 0x8001ff28 0x00000000
core   0: 0x8000b5b2 (0xfd4f0003) lb      zero, -44(t5)
core   0: 3 0x8000b5b2 (0xfd4f0003) mem 0x8001b483
core   0: 0x8000b5b6 (0x03d44703) lbu     a4, 61(s0)
core   0: 3 0x8000b5b6 (0x03d44703) x14 0x00000000 mem 0x8001ff3d
core   0: 0x8000b5ba (0xfeef0323) sb      a4, -26(t5)
core   0: 3 0x8000b5ba (0xfeef0323) mem 0x8001b495 0x0
core   0: 0x8000b5be (0xffa00393) li      t2, -6
core   0: 3 0x8000b5be (0xffa00393) x 7 0xfffffffa
core   0: 0x8000b5c2 (0x035dd433) divu    s0, s11, s5
core   0: 3 0x8000b5c2 (0x035dd433) x 8 0x025dd133
core   0: 0x8000b5c6 (0x00008c01) c.sub   s0, s0
core   0: 3 0x8000b5c6 (0x8c01) x 8 0x00000000
core   0: 0x8000b5c8 (0x000010fd) c.addi  ra, -1
core   0: 3 0x8000b5c8 (0x10fd) x 1 0x0000001b
core   0: 0x8000b5ca (0x79aef013) andi    zero, t4, 1946
core   0: 3 0x8000b5ca (0x79aef013)
core   0: 0x8000b5ce (0xffd00593) li      a1, -3
core   0: 3 0x8000b5ce (0xffd00593) x11 0xfffffffd
core   0: 0x8000b5d2 (0x40a05a33) sra     s4, zero, a0
core   0: 3 0x8000b5d2 (0x40a05a33) x20 0x00000000
core   0: 0x8000b5d6 (0x40e08a33) sub     s4, ra, a4
core   0: 3 0x8000b5d6 (0x40e08a33) x20 0x0000001b
core   0: 0x8000b5da (0x0ff0000f) fence   iorw,iorw
core   0: 3 0x8000b5da (0x0ff0000f)
core   0: 0x8000b5de (0x000082f1) c.srli  a3, 28
core   0: 3 0x8000b5de (0x82f1) x13 0x00000000
core   0: 0x8000b5e0 (0x41420d33) sub     s10, tp, s4
core   0: 3 0x8000b5e0 (0x41420d33) x26 0x4e71ffe5
core   0: 0x8000b5e4 (0x00008f29) c.xor   a4, a0
core   0: 3 0x8000b5e4 (0x8f29) x14 0x80029ce4
core   0: 0x8000b5e6 (0x00006179) c.addi16sp sp, 464
core   0: 3 0x8000b5e6 (0x6179) x 2 0x8001039c
core   0: 0x8000b5e8 (0x00000452) c.slli  s0, 20
core   0: 3 0x8000b5e8 (0x0452) x 8 0x00000000
core   0: 0x8000b5ea (0x0000038d) c.addi  t2, 3
core   0: 3 0x8000b5ea (0x038d) x 7 0xfffffffd
core   0: 0x8000b5ec (0x00006109) c.addi16sp sp, 128
core   0: 3 0x8000b5ec (0x6109) x 2 0x8001041c
core   0: 0x8000b5ee (0x019d99b3) sll     s3, s11, s9
core   0: 3 0x8000b5ee (0x019d99b3) x19 0x4242e194
core   0: 0x8000b5f2 (0x025832b3) mulhu   t0, a6, t0
core   0: 3 0x8000b5f2 (0x025832b3) x 5 0x00000000
core   0: 0x8000b5f6 (0x853a2a13) slti    s4, s4, -1965
core   0: 3 0x8000b5f6 (0x853a2a13) x20 0x00000000
core   0: 0x8000b5fa (0x00009a5e) c.add   s4, s7
core   0: 3 0x8000b5fa (0x9a5e) x20 0x00000000
core   0: 0x8000b5fc (0x84c4b913) sltiu   s2, s1, -1972
core   0: 3 0x8000b5fc (0x84c4b913) x18 0x00000001
core   0: 0x8000b600 (0x00000a32) c.slli  s4, 12
core   0: 3 0x8000b600 (0x0a32) x20 0x00000000
core   0: 0x8000b602 (0x017c1693) slli    a3, s8, 23
core   0: 3 0x8000b602 (0x017c1693) x13 0x00000000
core   0: 0x8000b606 (0x03adc9b3) div     s3, s11, s10
core   0: 3 0x8000b606 (0x03adc9b3) x19 0x00000000
core   0: 0x8000b60a (0xfcb39de3) bne     t2, a1, pc - 38
core   0: 3 0x8000b60a (0xfcb39de3)
core   0: 0x8000b60e (0x33ea1017) auipc   zero, 0x33ea1
core   0: 3 0x8000b60e (0x33ea1017)
core   0: 0x8000b612 (0x0000c317) auipc   t1, 0xc
core   0: 3 0x8000b612 (0x0000c317) x 6 0x80017612
core   0: 0x8000b616 (0xc2d30313) addi    t1, t1, -979
core   0: 3 0x8000b616 (0xc2d30313) x 6 0x8001723f
core   0: 0x8000b61a (0x0a930703) lb      a4, 169(t1)
core   0: 3 0x8000b61a (0x0a930703) x14 0x00000000 mem 0x800172e8
core   0: 0x8000b61e (0x02f88f33) mul     t5, a7, a5
core   0: 3 0x8000b61e (0x02f88f33) x30 0x00000000
core   0: 0x8000b622 (0xfde30023) sb      t5, -64(t1)
core   0: 3 0x8000b622 (0xfde30023) mem 0x800171ff 0x0
core   0: 0x8000b626 (0x0317a5b3) mulhsu  a1, a5, a7
core   0: 3 0x8000b626 (0x0317a5b3) x11 0x00000000
core   0: 0x8000b62a (0x02e718b3) mulh    a7, a4, a4
core   0: 3 0x8000b62a (0x02e718b3) x17 0x00000000
core   0: 0x8000b62e (0xf4f30723) sb      a5, -178(t1)
core   0: 3 0x8000b62e (0xf4f30723) mem 0x8001718d 0x0
core   0: 0x8000b632 (0xfdc30703) lb      a4, -36(t1)
core   0: 3 0x8000b632 (0xfdc30703) x14 0x00000000 mem 0x8001721b
core   0: 0x8000b636 (0xff130703) lb      a4, -15(t1)
core   0: 3 0x8000b636 (0xff130703) x14 0x00000000 mem 0x80017230
core   0: 0x8000b63a (0xf5c34883) lbu     a7, -164(t1)
core   0: 3 0x8000b63a (0xf5c34883) x17 0x00000000 mem 0x8001719b
core   0: 0x8000b63e (0xf0534883) lbu     a7, -251(t1)
core   0: 3 0x8000b63e (0xf0534883) x17 0x00000000 mem 0x80017144
core   0: 0x8000b642 (0x0088e8b3) or      a7, a7, s0
core   0: 3 0x8000b642 (0x0088e8b3) x17 0x00000000
core   0: 0x8000b646 (0xf1f31583) lh      a1, -225(t1)
core   0: 3 0x8000b646 (0xf1f31583) x11 0x00000000 mem 0x8001715e
core   0: 0x8000b64a (0x00000001) c.nop
core   0: 3 0x8000b64a (0x0001)
core   0: 0x8000b64c (0xf8b30323) sb      a1, -122(t1)
core   0: 3 0x8000b64c (0xf8b30323) mem 0x800171c5 0x0
core   0: 0x8000b650 (0xfcb317a3) sh      a1, -49(t1)
core   0: 3 0x8000b650 (0xfcb317a3) mem 0x8001720e 0x0000
core   0: 0x8000b654 (0x04735583) lhu     a1, 71(t1)
core   0: 3 0x8000b654 (0x04735583) x11 0x00000000 mem 0x80017286
core   0: 0x8000b658 (0x0a132f03) lw      t5, 161(t1)
core   0: 3 0x8000b658 (0x0a132f03) x30 0x00000000 mem 0x800172e0
core   0: 0x8000b65c (0xe5f58f13) addi    t5, a1, -417
core   0: 3 0x8000b65c (0xe5f58f13) x30 0xfffffe5f
core   0: 0x8000b660 (0x03e8e433) rem     s0, a7, t5
core   0: 3 0x8000b660 (0x03e8e433) x 8 0x00000000
core   0: 0x8000b664 (0x09b31403) lh      s0, 155(t1)
core   0: 3 0x8000b664 (0x09b31403) x 8 0x00000000 mem 0x800172da
core   0: 0x8000b668 (0xf5030783) lb      a5, -176(t1)
core   0: 3 0x8000b668 (0xf5030783) x15 0x00000000 mem 0x8001718f
core   0: 0x8000b66c (0x0fe30fa3) sb      t5, 255(t1)
core   0: 3 0x8000b66c (0x0fe30fa3) mem 0x8001733e 0x5f
core   0: 0x8000b670 (0xdd98e7b7) lui     a5, 0xdd98e
core   0: 3 0x8000b670 (0xdd98e7b7) x15 0xdd98e000
core   0: 0x8000b674 (0x0288d433) divu    s0, a7, s0
core   0: 3 0x8000b674 (0x0288d433) x 8 0xffffffff
core   0: 0x8000b678 (0x02e8d433) divu    s0, a7, a4
core   0: 3 0x8000b678 (0x02e8d433) x 8 0xffffffff
core   0: 0x8000b67c (0x00006435) c.lui   s0, 0xd
core   0: 3 0x8000b67c (0x6435) x 8 0x0000d000
core   0: 0x8000b67e (0x03130923) sb      a7, 50(t1)
core   0: 3 0x8000b67e (0x03130923) mem 0x80017271 0x0
core   0: 0x8000b682 (0x00008bb1) c.andi  a5, 12
core   0: 3 0x8000b682 (0x8bb1) x15 0x00000000
core   0: 0x8000b684 (0xfd234703) lbu     a4, -46(t1)
core   0: 3 0x8000b684 (0xfd234703) x14 0x00000000 mem 0x80017211
core   0: 0x8000b688 (0x0ff0000f) fence   iorw,iorw
core   0: 3 0x8000b688 (0x0ff0000f)
core   0: 0x8000b68c (0x00e43f33) sltu    t5, s0, a4
core   0: 3 0x8000b68c (0x00e43f33) x30 0x00000000
core   0: 0x8000b690 (0xf71324a3) sw      a7, -151(t1)
core   0: 3 0x8000b690 (0xf71324a3) mem 0x800171a8 0x00000000
core   0: 0x8000b694 (0x02b408b3) mul     a7, s0, a1
core   0: 3 0x8000b694 (0x02b408b3) x17 0x00000000
core   0: 0x8000b698 (0x04834883) lbu     a7, 72(t1)
core   0: 3 0x8000b698 (0x04834883) x17 0x00000000 mem 0x80017287
core   0: 0x8000b69c (0x03e408b3) mul     a7, s0, t5
core   0: 3 0x8000b69c (0x03e408b3) x17 0x00000000
core   0: 0x8000b6a0 (0xf2e8f593) andi    a1, a7, -210
core   0: 3 0x8000b6a0 (0xf2e8f593) x11 0x00000000
core   0: 0x8000b6a4 (0x071324a3) sw      a7, 105(t1)
core   0: 3 0x8000b6a4 (0x071324a3) mem 0x800172a8 0x00000000
core   0: 0x8000b6a8 (0x00005397) auipc   t2, 0x5
core   0: 3 0x8000b6a8 (0x00005397) x 7 0x800106a8
core   0: 0x8000b6ac (0x7a638393) addi    t2, t2, 1958
core   0: 3 0x8000b6ac (0x7a638393) x 7 0x80010e4e
core   0: 0x8000b6b0 (0x9ba39683) lh      a3, -1606(t2)
core   0: 3 0x8000b6b0 (0x9ba39683) x13 0x00000000 mem 0x80010808
core   0: 0x8000b6b4 (0x8e139023) sh      ra, -1824(t2)
core   0: 3 0x8000b6b4 (0x8e139023) mem 0x8001072e 0x001b
core   0: 0x8000b6b8 (0x00012f17) auipc   t5, 0x12
core   0: 3 0x8000b6b8 (0x00012f17) x30 0x8001d6b8
core   0: 0x8000b6bc (0x31af0f13) addi    t5, t5, 794
core   0: 3 0x8000b6bc (0x31af0f13) x30 0x8001d9d2
core   0: 0x8000b6c0 (0x22bf0703) lb      a4, 555(t5)
core   0: 3 0x8000b6c0 (0x22bf0703) x14 0x00000000 mem 0x8001dbfd
core   0: 0x8000b6c4 (0xb533c283) lbu     t0, -1197(t2)
core   0: 3 0x8000b6c4 (0xb533c283) x 5 0x00000000 mem 0x800109a1
core   0: 0x8000b6c8 (0xd9d3c283) lbu     t0, -611(t2)
core   0: 3 0x8000b6c8 (0xd9d3c283) x 5 0x00000000 mem 0x80010beb
core   0: 0x8000b6cc (0xe50f1583) lh      a1, -432(t5)
core   0: 3 0x8000b6cc (0xe50f1583) x11 0x00000000 mem 0x8001d822
core   0: 0x8000b6d0 (0x11b3ce03) lbu     t3, 283(t2)
core   0: 3 0x8000b6d0 (0x11b3ce03) x28 0x00000000 mem 0x80010f69
core   0: 0x8000b6d4 (0x9ecf4003) lbu     zero, -1556(t5)
core   0: 3 0x8000b6d4 (0x9ecf4003) mem 0x8001d3be
core   0: 0x8000b6d8 (0x8d1f0a83) lb      s5, -1839(t5)
core   0: 3 0x8000b6d8 (0x8d1f0a83) x21 0x00000000 mem 0x8001d2a3
core   0: 0x8000b6dc (0x83c39003) lh      zero, -1988(t2)
core   0: 3 0x8000b6dc (0x83c39003) mem 0x8001068a
core   0: 0x8000b6e0 (0x359f0d03) lb      s10, 857(t5)
core   0: 3 0x8000b6e0 (0x359f0d03) x26 0x00000000 mem 0x8001dd2b
core   0: 0x8000b6e4 (0xcf338d03) lb      s10, -781(t2)
core   0: 3 0x8000b6e4 (0xcf338d03) x26 0x00000000 mem 0x80010b41
core   0: 0x8000b6e8 (0x3cff0203) lb      tp, 975(t5)
core   0: 3 0x8000b6e8 (0x3cff0203) x 4 0x00000000 mem 0x8001dda1
core   0: 0x8000b6ec (0x996389a3) sb      s6, -1645(t2)
core   0: 3 0x8000b6ec (0x996389a3) mem 0x800107e1 0x0
core   0: 0x8000b6f0 (0xb2ff2523) sw      a5, -1238(t5)
core   0: 3 0x8000b6f0 (0xb2ff2523) mem 0x8001d4fc 0x00000000
core   0: 0x8000b6f4 (0x01ff06a3) sb      t6, 13(t5)
core   0: 3 0x8000b6f4 (0x01ff06a3) mem 0x8001d9df 0x0
core   0: 0x8000b6f8 (0xb98f0d03) lb      s10, -1128(t5)
core   0: 3 0x8000b6f8 (0xb98f0d03) x26 0x00000000 mem 0x8001d56a
core   0: 0x8000b6fc (0x25ef0da3) sb      t5, 603(t5)
core   0: 3 0x8000b6fc (0x25ef0da3) mem 0x8001dc2d 0xd2
core   0: 0x8000b700 (0x0120036f) jal     t1, pc + 0x12
core   0: 3 0x8000b700 (0x0120036f) x 6 0x8000b704
core   0: 0x8000b712 (0x0000a039) c.j     pc + 14
core   0: 3 0x8000b712 (0xa039)
core   0: 0x8000b720 (0x00003fd5) c.jal   pc - 12
core   0: 3 0x8000b720 (0x3fd5) x 1 0x8000b722
core   0: 0x8000b714 (0xff9ffcef) jal     s9, pc - 0x8
core   0: 3 0x8000b714 (0xff9ffcef) x25 0x8000b718
core   0: 0x8000b70c (0x0100036f) jal     t1, pc + 0x10
core   0: 3 0x8000b70c (0x0100036f) x 6 0x8000b710
core   0: 0x8000b71c (0x00003fd5) c.jal   pc - 12
core   0: 3 0x8000b71c (0x3fd5) x 1 0x8000b71e
core   0: 0x8000b710 (0x0000a039) c.j     pc + 14
core   0: 3 0x8000b710 (0xa039)
core   0: 0x8000b71e (0x0000b7ed) c.j     pc - 22
core   0: 3 0x8000b71e (0xb7ed)
core   0: 0x8000b708 (0x012000ef) jal     pc + 0x12
core   0: 3 0x8000b708 (0x012000ef) x 1 0x8000b70c
core   0: 0x8000b71a (0x000037ed) c.jal   pc - 22
core   0: 3 0x8000b71a (0x37ed) x 1 0x8000b71c
core   0: 0x8000b704 (0x014003ef) jal     t2, pc + 0x14
core   0: 3 0x8000b704 (0x014003ef) x 7 0x8000b708
core   0: 0x8000b718 (0x00002029) c.jal   pc + 10
core   0: 3 0x8000b718 (0x2029) x 1 0x8000b71a
core   0: 0x8000b722 (0x00008fb5) c.xor   a5, a3
core   0: 3 0x8000b722 (0x8fb5) x15 0x00000000
core   0: 0x8000b724 (0x00600493) li      s1, 6
core   0: 3 0x8000b724 (0x00600493) x 9 0x00000006
core   0: 0x8000b728 (0x00008b0d) c.andi  a4, 3
core   0: 3 0x8000b728 (0x8b0d) x14 0x00000000
core   0: 0x8000b72a (0x0000058e) c.slli  a1, 3
core   0: 3 0x8000b72a (0x058e) x11 0x00000000
core   0: 0x8000b72c (0x00008309) c.srli  a4, 2
core   0: 3 0x8000b72c (0x8309) x14 0x00000000
core   0: 0x8000b72e (0x00001efd) c.addi  t4, -1
core   0: 3 0x8000b72e (0x1efd) x29 0x00000000
core   0: 0x8000b730 (0x00001100) c.addi4spn s0, sp, 160
core   0: 3 0x8000b730 (0x1100) x 8 0x800104bc
core   0: 0x8000b732 (0x00006859) c.lui   a6, 0x16
core   0: 3 0x8000b732 (0x6859) x16 0x00016000
core   0: 0x8000b734 (0x00000001) c.nop
core   0: 3 0x8000b734 (0x0001)
core   0: 0x8000b736 (0xdb85ac13) slti    s8, a1, -584
core   0: 3 0x8000b736 (0xdb85ac13) x24 0x00000000
core   0: 0x8000b73a (0x01bb9893) slli    a7, s7, 27
core   0: 3 0x8000b73a (0x01bb9893) x17 0x00000000
core   0: 0x8000b73e (0x03624433) div     s0, tp, s6
core   0: 3 0x8000b73e (0x03624433) x 8 0xffffffff
core   0: 0x8000b742 (0x000014f5) c.addi  s1, -3
core   0: 3 0x8000b742 (0x14f5) x 9 0x00000003
core   0: 0x8000b744 (0x02b08833) mul     a6, ra, a1
core   0: 3 0x8000b744 (0x02b08833) x16 0x00000000
core   0: 0x8000b748 (0x03ed7933) remu    s2, s10, t5
core   0: 3 0x8000b748 (0x03ed7933) x18 0x00000000
core   0: 0x8000b74c (0x01d55813) srli    a6, a0, 29
core   0: 3 0x8000b74c (0x01d55813) x16 0x00000004
core   0: 0x8000b750 (0x71278693) addi    a3, a5, 1810
core   0: 3 0x8000b750 (0x71278693) x13 0x00000712
core   0: 0x8000b754 (0x381bcc37) lui     s8, 0x381bc
core   0: 3 0x8000b754 (0x381bcc37) x24 0x381bc000
core   0: 0x8000b758 (0x895b43b7) lui     t2, 0x895b4
core   0: 3 0x8000b758 (0x895b43b7) x 7 0x895b4000
core   0: 0x8000b75c (0x0000dce9) c.beqz  s1, pc - 38
core   0: 3 0x8000b75c (0xdce9)
core   0: 0x8000b75e (0x00008de9) c.and   a1, a0
core   0: 3 0x8000b75e (0x8de9) x11 0x00000000
core   0: 0x8000b760 (0x00005817) auipc   a6, 0x5
core   0: 3 0x8000b760 (0x00005817) x16 0x80010760
core   0: 0x8000b764 (0xc1a80813) addi    a6, a6, -998
core   0: 3 0x8000b764 (0xc1a80813) x16 0x8001037a
core   0: 0x8000b768 (0x418bda13) srai    s4, s7, 24
core   0: 3 0x8000b768 (0x418bda13) x20 0x00000000
core   0: 0x8000b76c (0x07e82383) lw      t2, 126(a6)
core   0: 3 0x8000b76c (0x07e82383) x 7 0x00001e00 mem 0x800103f8
core   0: 0x8000b770 (0xff485c83) lhu     s9, -12(a6)
core   0: 3 0x8000b770 (0xff485c83) x25 0x00000000 mem 0x8001036e
core   0: 0x8000b774 (0xff481783) lh      a5, -12(a6)
core   0: 3 0x8000b774 (0xff481783) x15 0x00000000 mem 0x8001036e
core   0: 0x8000b778 (0x40bade33) sra     t3, s5, a1
core   0: 3 0x8000b778 (0x40bade33) x28 0x00000000
core   0: 0x8000b77c (0xff480a83) lb      s5, -12(a6)
core   0: 3 0x8000b77c (0xff480a83) x21 0x00000000 mem 0x8001036e
core   0: 0x8000b780 (0x00006c8d) c.lui   s9, 0x3
core   0: 3 0x8000b780 (0x6c8d) x25 0x00003000
core   0: 0x8000b782 (0x0000611d) c.addi16sp sp, 416
core   0: 3 0x8000b782 (0x611d) x 2 0x800105bc
core   0: 0x8000b784 (0xff485983) lhu     s3, -12(a6)
core   0: 3 0x8000b784 (0xff485983) x19 0x00000000 mem 0x8001036e
core   0: 0x8000b788 (0xf6f84983) lbu     s3, -145(a6)
core   0: 3 0x8000b788 (0xf6f84983) x19 0x00000000 mem 0x800102e9
core   0: 0x8000b78c (0xf77807a3) sb      s7, -145(a6)
core   0: 3 0x8000b78c (0xf77807a3) mem 0x800102e9 0x0
core   0: 0x8000b790 (0x00f955b3) srl     a1, s2, a5
core   0: 3 0x8000b790 (0x00f955b3) x11 0x00000000
core   0: 0x8000b794 (0x03580483) lb      s1, 53(a6)
core   0: 3 0x8000b794 (0x03580483) x 9 0x00000000 mem 0x800103af
core   0: 0x8000b798 (0x03584a83) lbu     s5, 53(a6)
core   0: 3 0x8000b798 (0x03584a83) x21 0x00000000 mem 0x800103af
core   0: 0x8000b79c (0xf1980f83) lb      t6, -231(a6)
core   0: 3 0x8000b79c (0xf1980f83) x31 0x00000000 mem 0x80010293
core   0: 0x8000b7a0 (0x0421e213) ori     tp, gp, 66
core   0: 3 0x8000b7a0 (0x0421e213) x 4 0x00000042
core   0: 0x8000b7a4 (0xf7b80003) lb      zero, -133(a6)
core   0: 3 0x8000b7a4 (0xf7b80003) mem 0x800102f5
core   0: 0x8000b7a8 (0xf6a80da3) sb      a0, -133(a6)
core   0: 3 0x8000b7a8 (0xf6a80da3) mem 0x800102f5 0xe4
core   0: 0x8000b7ac (0xfff00993) li      s3, -1
core   0: 3 0x8000b7ac (0xfff00993) x19 0xffffffff
core   0: 0x8000b7b0 (0x009085b3) add     a1, ra, s1
core   0: 3 0x8000b7b0 (0x009085b3) x11 0x8000b71a
core   0: 0x8000b7b4 (0x6947c213) xori    tp, a5, 1684
core   0: 3 0x8000b7b4 (0x6947c213) x 4 0x00000694
core   0: 0x8000b7b8 (0x41975f93) srai    t6, a4, 25
core   0: 3 0x8000b7b8 (0x41975f93) x31 0x00000000
core   0: 0x8000b7bc (0x01a231b3) sltu    gp, tp, s10
core   0: 3 0x8000b7bc (0x01a231b3) x 3 0x00000000
core   0: 0x8000b7c0 (0x02009e33) mulh    t3, ra, zero
core   0: 3 0x8000b7c0 (0x02009e33) x28 0x00000000
core   0: 0x8000b7c4 (0x034d4733) div     a4, s10, s4
core   0: 3 0x8000b7c4 (0x034d4733) x14 0xffffffff
core   0: 0x8000b7c8 (0x00f00c13) li      s8, 15
core   0: 3 0x8000b7c8 (0x00f00c13) x24 0x0000000f
core   0: 0x8000b7cc (0x0157fbb3) and     s7, a5, s5
core   0: 3 0x8000b7cc (0x0157fbb3) x23 0x00000000
core   0: 0x8000b7d0 (0x00008d32) c.mv    s10, a2
core   0: 3 0x8000b7d0 (0x8d32) x26 0x80025df4
core   0: 0x8000b7d2 (0x03fee433) rem     s0, t4, t6
core   0: 3 0x8000b7d2 (0x03fee433) x 8 0x00000000
core   0: 0x8000b7d6 (0x0000099d) c.addi  s3, 7
core   0: 3 0x8000b7d6 (0x099d) x19 0x00000006
core   0: 0x8000b7d8 (0x0182abb3) slt     s7, t0, s8
core   0: 3 0x8000b7d8 (0x0182abb3) x23 0x00000001
core   0: 0x8000b7dc (0xff600293) li      t0, -10
core   0: 3 0x8000b7dc (0xff600293) x 5 0xfffffff6
core   0: 0x8000b7e0 (0x01d20133) add     sp, tp, t4
core   0: 3 0x8000b7e0 (0x01d20133) x 2 0x00000694
core   0: 0x8000b7e4 (0x74d2e493) ori     s1, t0, 1869
core   0: 3 0x8000b7e4 (0x74d2e493) x 9 0xffffffff
core   0: 0x8000b7e8 (0x00200913) li      s2, 2
core   0: 3 0x8000b7e8 (0x00200913) x18 0x00000002
core   0: 0x8000b7ec (0xe9fc3f13) sltiu   t5, s8, -353
core   0: 3 0x8000b7ec (0xe9fc3f13) x30 0x00000001
core   0: 0x8000b7f0 (0x41ef0433) sub     s0, t5, t5
core   0: 3 0x8000b7f0 (0x41ef0433) x 8 0x00000000
core   0: 0x8000b7f4 (0x02f031b3) mulhu   gp, zero, a5
core   0: 3 0x8000b7f4 (0x02f031b3) x 3 0x00000000
core   0: 0x8000b7f8 (0x0000029d) c.addi  t0, 7
core   0: 3 0x8000b7f8 (0x029d) x 5 0xfffffffd
core   0: 0x8000b7fa (0x00000001) c.nop
core   0: 3 0x8000b7fa (0x0001)
core   0: 0x8000b7fc (0x006e00b3) add     ra, t3, t1
core   0: 3 0x8000b7fc (0x006e00b3) x 1 0x8000b710
core   0: 0x8000b800 (0xff22e6e3) bltu    t0, s2, pc - 20
core   0: 3 0x8000b800 (0xff22e6e3)
core   0: 0x8000b804 (0xfd89e6e3) bltu    s3, s8, pc - 52
core   0: 3 0x8000b804 (0xfd89e6e3)
core   0: 0x8000b7d0 (0x00008d32) c.mv    s10, a2
core   0: 3 0x8000b7d0 (0x8d32) x26 0x80025df4
core   0: 0x8000b7d2 (0x03fee433) rem     s0, t4, t6
core   0: 3 0x8000b7d2 (0x03fee433) x 8 0x00000000
core   0: 0x8000b7d6 (0x0000099d) c.addi  s3, 7
core   0: 3 0x8000b7d6 (0x099d) x19 0x0000000d
core   0: 0x8000b7d8 (0x0182abb3) slt     s7, t0, s8
core   0: 3 0x8000b7d8 (0x0182abb3) x23 0x00000001
core   0: 0x8000b7dc (0xff600293) li      t0, -10
core   0: 3 0x8000b7dc (0xff600293) x 5 0xfffffff6
core   0: 0x8000b7e0 (0x01d20133) add     sp, tp, t4
core   0: 3 0x8000b7e0 (0x01d20133) x 2 0x00000694
core   0: 0x8000b7e4 (0x74d2e493) ori     s1, t0, 1869
core   0: 3 0x8000b7e4 (0x74d2e493) x 9 0xffffffff
core   0: 0x8000b7e8 (0x00200913) li      s2, 2
core   0: 3 0x8000b7e8 (0x00200913) x18 0x00000002
core   0: 0x8000b7ec (0xe9fc3f13) sltiu   t5, s8, -353
core   0: 3 0x8000b7ec (0xe9fc3f13) x30 0x00000001
core   0: 0x8000b7f0 (0x41ef0433) sub     s0, t5, t5
core   0: 3 0x8000b7f0 (0x41ef0433) x 8 0x00000000
core   0: 0x8000b7f4 (0x02f031b3) mulhu   gp, zero, a5
core   0: 3 0x8000b7f4 (0x02f031b3) x 3 0x00000000
core   0: 0x8000b7f8 (0x0000029d) c.addi  t0, 7
core   0: 3 0x8000b7f8 (0x029d) x 5 0xfffffffd
core   0: 0x8000b7fa (0x00000001) c.nop
core   0: 3 0x8000b7fa (0x0001)
core   0: 0x8000b7fc (0x006e00b3) add     ra, t3, t1
core   0: 3 0x8000b7fc (0x006e00b3) x 1 0x8000b710
core   0: 0x8000b800 (0xff22e6e3) bltu    t0, s2, pc - 20
core   0: 3 0x8000b800 (0xff22e6e3)
core   0: 0x8000b804 (0xfd89e6e3) bltu    s3, s8, pc - 52
core   0: 3 0x8000b804 (0xfd89e6e3)
core   0: 0x8000b7d0 (0x00008d32) c.mv    s10, a2
core   0: 3 0x8000b7d0 (0x8d32) x26 0x80025df4
core   0: 0x8000b7d2 (0x03fee433) rem     s0, t4, t6
core   0: 3 0x8000b7d2 (0x03fee433) x 8 0x00000000
core   0: 0x8000b7d6 (0x0000099d) c.addi  s3, 7
core   0: 3 0x8000b7d6 (0x099d) x19 0x00000014
core   0: 0x8000b7d8 (0x0182abb3) slt     s7, t0, s8
core   0: 3 0x8000b7d8 (0x0182abb3) x23 0x00000001
core   0: 0x8000b7dc (0xff600293) li      t0, -10
core   0: 3 0x8000b7dc (0xff600293) x 5 0xfffffff6
core   0: 0x8000b7e0 (0x01d20133) add     sp, tp, t4
core   0: 3 0x8000b7e0 (0x01d20133) x 2 0x00000694
core   0: 0x8000b7e4 (0x74d2e493) ori     s1, t0, 1869
core   0: 3 0x8000b7e4 (0x74d2e493) x 9 0xffffffff
core   0: 0x8000b7e8 (0x00200913) li      s2, 2
core   0: 3 0x8000b7e8 (0x00200913) x18 0x00000002
core   0: 0x8000b7ec (0xe9fc3f13) sltiu   t5, s8, -353
core   0: 3 0x8000b7ec (0xe9fc3f13) x30 0x00000001
core   0: 0x8000b7f0 (0x41ef0433) sub     s0, t5, t5
core   0: 3 0x8000b7f0 (0x41ef0433) x 8 0x00000000
core   0: 0x8000b7f4 (0x02f031b3) mulhu   gp, zero, a5
core   0: 3 0x8000b7f4 (0x02f031b3) x 3 0x00000000
core   0: 0x8000b7f8 (0x0000029d) c.addi  t0, 7
core   0: 3 0x8000b7f8 (0x029d) x 5 0xfffffffd
core   0: 0x8000b7fa (0x00000001) c.nop
core   0: 3 0x8000b7fa (0x0001)
core   0: 0x8000b7fc (0x006e00b3) add     ra, t3, t1
core   0: 3 0x8000b7fc (0x006e00b3) x 1 0x8000b710
core   0: 0x8000b800 (0xff22e6e3) bltu    t0, s2, pc - 20
core   0: 3 0x8000b800 (0xff22e6e3)
core   0: 0x8000b804 (0xfd89e6e3) bltu    s3, s8, pc - 52
core   0: 3 0x8000b804 (0xfd89e6e3)
core   0: 0x8000b808 (0x02a9bfb3) mulhu   t6, s3, a0
core   0: 3 0x8000b808 (0x02a9bfb3) x31 0x0000000a
core   0: 0x8000b80c (0x00013697) auipc   a3, 0x13
core   0: 3 0x8000b80c (0x00013697) x13 0x8001e80c
core   0: 0x8000b810 (0x17d68693) addi    a3, a3, 381
core   0: 3 0x8000b810 (0x17d68693) x13 0x8001e989
core   0: 0x8000b814 (0x00668103) lb      sp, 6(a3)
core   0: 3 0x8000b814 (0x00668103) x 2 0x00000000 mem 0x8001e98f
core   0: 0x8000b818 (0x00005e97) auipc   t4, 0x5
core   0: 3 0x8000b818 (0x00005e97) x29 0x80010818
core   0: 0x8000b81c (0xa51e8e93) addi    t4, t4, -1455
core   0: 3 0x8000b81c (0xa51e8e93) x29 0x80010269
core   0: 0x8000b820 (0x00f69983) lh      s3, 15(a3)
core   0: 3 0x8000b820 (0x00f69983) x19 0x00000000 mem 0x8001e998
core   0: 0x8000b824 (0xfd9e9aa3) sh      s9, -43(t4)
core   0: 3 0x8000b824 (0xfd9e9aa3) mem 0x8001023e 0x3000
core   0: 0x8000b828 (0x01e680a3) sb      t5, 1(a3)
core   0: 3 0x8000b828 (0x01e680a3) mem 0x8001e98a 0x1
core   0: 0x8000b82c (0xff768303) lb      t1, -9(a3)
core   0: 3 0x8000b82c (0xff768303) x 6 0x00000000 mem 0x8001e980
core   0: 0x8000b830 (0xff668283) lb      t0, -10(a3)
core   0: 3 0x8000b830 (0xff668283) x 5 0x00000000 mem 0x8001e97f
core   0: 0x8000b834 (0xfe2e8583) lb      a1, -30(t4)
core   0: 3 0x8000b834 (0xfe2e8583) x11 0x00000000 mem 0x8001024b
core   0: 0x8000b838 (0x030e8d23) sb      a6, 58(t4)
core   0: 3 0x8000b838 (0x030e8d23) mem 0x800102a3 0x7a
core   0: 0x8000b83c (0xffa68923) sb      s10, -14(a3)
core   0: 3 0x8000b83c (0xffa68923) mem 0x8001e97b 0xf4
core   0: 0x8000b840 (0xffded383) lhu     t2, -3(t4)
core   0: 3 0x8000b840 (0xffded383) x 7 0x00000000 mem 0x80010266
core   0: 0x8000b844 (0x01368523) sb      s3, 10(a3)
core   0: 3 0x8000b844 (0x01368523) mem 0x8001e993 0x0
core   0: 0x8000b848 (0xff5e8523) sb      s5, -22(t4)
core   0: 3 0x8000b848 (0xff5e8523) mem 0x80010253 0x0
core   0: 0x8000b84c (0x00368e03) lb      t3, 3(a3)
core   0: 3 0x8000b84c (0x00368e03) x28 0x00000000 mem 0x8001e98c
core   0: 0x8000b850 (0x01e68423) sb      t5, 8(a3)
core   0: 3 0x8000b850 (0x01e68423) mem 0x8001e991 0x1
core   0: 0x8000b854 (0x00005797) auipc   a5, 0x5
core   0: 3 0x8000b854 (0x00005797) x15 0x80010854
core   0: 0x8000b858 (0x2b378793) addi    a5, a5, 691
core   0: 3 0x8000b858 (0x2b378793) x15 0x80010b07
core   0: 0x8000b85c (0x00010c97) auipc   s9, 0x10
core   0: 3 0x8000b85c (0x00010c97) x25 0x8001b85c
core   0: 0x8000b860 (0x241c8c93) addi    s9, s9, 577
core   0: 3 0x8000b860 (0x241c8c93) x25 0x8001ba9d
core   0: 0x8000b864 (0x91f78923) sb      t6, -1774(a5)
core   0: 3 0x8000b864 (0x91f78923) mem 0x80010419 0xa
core   0: 0x8000b868 (0xed3ca7a3) sw      s3, -305(s9)
core   0: 3 0x8000b868 (0xed3ca7a3) mem 0x8001b96c 0x00000000
core   0: 0x8000b86c (0xda47c683) lbu     a3, -604(a5)
core   0: 3 0x8000b86c (0xda47c683) x13 0x00000000 mem 0x800108ab
core   0: 0x8000b870 (0xfd27c683) lbu     a3, -46(a5)
core   0: 3 0x8000b870 (0xfd27c683) x13 0x00000000 mem 0x80010ad9
core   0: 0x8000b874 (0xa70c8203) lb      tp, -1424(s9)
core   0: 3 0x8000b874 (0xa70c8203) x 4 0x00000000 mem 0x8001b50d
core   0: 0x8000b878 (0x0137aaa3) sw      s3, 21(a5)
core   0: 3 0x8000b878 (0x0137aaa3) mem 0x80010b1c 0x00000000
core   0: 0x8000b87c (0xe3578a23) sb      s5, -460(a5)
core   0: 3 0x8000b87c (0xe3578a23) mem 0x8001093b 0x0
core   0: 0x8000b880 (0xcebcde83) lhu     t4, -789(s9)
core   0: 3 0x8000b880 (0xcebcde83) x29 0x00000000 mem 0x8001b788
core   0: 0x8000b884 (0xebdc80a3) sb      t4, -351(s9)
core   0: 3 0x8000b884 (0xebdc80a3) mem 0x8001b93e 0x0
core   0: 0x8000b888 (0x760cc303) lbu     t1, 1888(s9)
core   0: 3 0x8000b888 (0x760cc303) x 6 0x00000000 mem 0x8001c1fd
core   0: 0x8000b88c (0x9aa78b03) lb      s6, -1622(a5)
core   0: 3 0x8000b88c (0x9aa78b03) x22 0x00000000 mem 0x800104b1
core   0: 0x8000b890 (0x00005c17) auipc   s8, 0x5
core   0: 3 0x8000b890 (0x00005c17) x24 0x80010890
core   0: 0x8000b894 (0xd12c0c13) addi    s8, s8, -750
core   0: 3 0x8000b894 (0xd12c0c13) x24 0x800105a2
core   0: 0x8000b898 (0x133c0783) lb      a5, 307(s8)
core   0: 3 0x8000b898 (0x133c0783) x15 0x00000000 mem 0x800106d5
core   0: 0x8000b89c (0x55ec1103) lh      sp, 1374(s8)
core   0: 3 0x8000b89c (0x55ec1103) x 2 0x00000000 mem 0x80010b00
core   0: 0x8000b8a0 (0x000097ce) c.add   a5, s3
core   0: 3 0x8000b8a0 (0x97ce) x15 0x00000000
core   0: 0x8000b8a2 (0x2c014113) xori    sp, sp, 704
core   0: 3 0x8000b8a2 (0x2c014113) x 2 0x000002c0
core   0: 0x8000b8a6 (0x742c0ea3) sb      sp, 1885(s8)
core   0: 3 0x8000b8a6 (0x742c0ea3) mem 0x80010cff 0xc0
core   0: 0x8000b8aa (0x740c4983) lbu     s3, 1856(s8)
core   0: 3 0x8000b8aa (0x740c4983) x19 0x00000000 mem 0x80010ce2
core   0: 0x8000b8ae (0x0339e133) rem     sp, s3, s3
core   0: 3 0x8000b8ae (0x0339e133) x 2 0x00000000
core   0: 0x8000b8b2 (0xacfc4983) lbu     s3, -1329(s8)
core   0: 3 0x8000b8b2 (0xacfc4983) x19 0x00000000 mem 0x80010071
core   0: 0x8000b8b6 (0xf41c0103) lb      sp, -191(s8)
core   0: 3 0x8000b8b6 (0xf41c0103) x 2 0x00000000 mem 0x800104e3
core   0: 0x8000b8ba (0x000088e1) c.andi  s1, 24
core   0: 3 0x8000b8ba (0x88e1) x 9 0x00000018
core   0: 0x8000b8bc (0x00000001) c.nop
core   0: 3 0x8000b8bc (0x0001)
core   0: 0x8000b8be (0x00659793) slli    a5, a1, 6
core   0: 3 0x8000b8be (0x00659793) x15 0x00000000
core   0: 0x8000b8c2 (0xd97264b7) lui     s1, 0xd9726
core   0: 3 0x8000b8c2 (0xd97264b7) x 9 0xd9726000
core   0: 0x8000b8c6 (0x000017fd) c.addi  a5, -1
core   0: 3 0x8000b8c6 (0x17fd) x15 0xffffffff
core   0: 0x8000b8c8 (0x00006985) c.lui   s3, 0x1
core   0: 3 0x8000b8c8 (0x6985) x19 0x00001000
core   0: 0x8000b8ca (0x1efc4483) lbu     s1, 495(s8)
core   0: 3 0x8000b8ca (0x1efc4483) x 9 0x00000000 mem 0x80010791
core   0: 0x8000b8ce (0x000014fd) c.addi  s1, -1
core   0: 3 0x8000b8ce (0x14fd) x 9 0xffffffff
core   0: 0x8000b8d0 (0x00008981) c.andi  a1, 0
core   0: 3 0x8000b8d0 (0x8981) x11 0x00000000
core   0: 0x8000b8d2 (0x00008fb5) c.xor   a5, a3
core   0: 3 0x8000b8d2 (0x8fb5) x15 0xffffffff
core   0: 0x8000b8d4 (0x00008cdd) c.or    s1, a5
core   0: 3 0x8000b8d4 (0x8cdd) x 9 0xffffffff
core   0: 0x8000b8d6 (0x191c4683) lbu     a3, 401(s8)
core   0: 3 0x8000b8d6 (0x191c4683) x13 0x00000000 mem 0x80010733
core   0: 0x8000b8da (0x0135a4b3) slt     s1, a1, s3
core   0: 3 0x8000b8da (0x0135a4b3) x 9 0x00000001
core   0: 0x8000b8de (0xe0fc0da3) sb      a5, -485(s8)
core   0: 3 0x8000b8de (0xe0fc0da3) mem 0x800103bd 0xff
core   0: 0x8000b8e2 (0xe51c4783) lbu     a5, -431(s8)
core   0: 3 0x8000b8e2 (0xe51c4783) x15 0x00000000 mem 0x800103f3
core   0: 0x8000b8e6 (0x022786b3) mul     a3, a5, sp
core   0: 3 0x8000b8e6 (0x022786b3) x13 0x00000000
core   0: 0x8000b8ea (0x033156b3) divu    a3, sp, s3
core   0: 3 0x8000b8ea (0x033156b3) x13 0x00000000
core   0: 0x8000b8ee (0xe4dc04a3) sb      a3, -439(s8)
core   0: 3 0x8000b8ee (0xe4dc04a3) mem 0x800103eb 0x0
core   0: 0x8000b8f2 (0x442c02a3) sb      sp, 1093(s8)
core   0: 3 0x8000b8f2 (0x442c02a3) mem 0x800109e7 0x0
core   0: 0x8000b8f6 (0x01515693) srli    a3, sp, 21
core   0: 3 0x8000b8f6 (0x01515693) x13 0x00000000
core   0: 0x8000b8fa (0x06bc4783) lbu     a5, 107(s8)
core   0: 3 0x8000b8fa (0x06bc4783) x15 0x00000000 mem 0x8001060d
core   0: 0x8000b8fe (0x0000117d) c.addi  sp, -1
core   0: 3 0x8000b8fe (0x117d) x 2 0xffffffff
core   0: 0x8000b900 (0x56dc0223) sb      a3, 1380(s8)
core   0: 3 0x8000b900 (0x56dc0223) mem 0x80010b06 0x0
core   0: 0x8000b904 (0xf0fc01a3) sb      a5, -253(s8)
core   0: 3 0x8000b904 (0xf0fc01a3) mem 0x800104a5 0x0
core   0: 0x8000b908 (0x00008599) c.srai  a1, 6
core   0: 3 0x8000b908 (0x8599) x11 0x00000000
core   0: 0x8000b90a (0xc4bc0a23) sb      a1, -940(s8)
core   0: 3 0x8000b90a (0xc4bc0a23) mem 0x800101f6 0x0
core   0: 0x8000b90e (0x00008ecd) c.or    a3, a1
core   0: 3 0x8000b90e (0x8ecd) x13 0x00000000
core   0: 0x8000b910 (0x0000029c) c.addi4spn a5, sp, 320
core   0: 3 0x8000b910 (0x029c) x15 0x0000013f
core   0: 0x8000b912 (0x6396a793) slti    a5, a3, 1593
core   0: 3 0x8000b912 (0x6396a793) x15 0x00000001
core   0: 0x8000b916 (0x00b139b3) sltu    s3, sp, a1
core   0: 3 0x8000b916 (0x00b139b3) x19 0x00000000
core   0: 0x8000b91a (0x389c09a3) sb      s1, 915(s8)
core   0: 3 0x8000b91a (0x389c09a3) mem 0x80010935 0x1
core   0: 0x8000b91e (0xdb378793) addi    a5, a5, -589
core   0: 3 0x8000b91e (0xdb378793) x15 0xfffffdb4
core   0: 0x8000b922 (0x12dc04a3) sb      a3, 297(s8)
core   0: 3 0x8000b922 (0x12dc04a3) mem 0x800106cb 0x0
core   0: 0x8000b926 (0x569c0023) sb      s1, 1376(s8)
core   0: 3 0x8000b926 (0x569c0023) mem 0x80010b02 0x1
core   0: 0x8000b92a (0x000017fd) c.addi  a5, -1
core   0: 3 0x8000b92a (0x17fd) x15 0xfffffdb3
core   0: 0x8000b92c (0x369c4783) lbu     a5, 873(s8)
core   0: 3 0x8000b92c (0x369c4783) x15 0x00000000 mem 0x8001090b
core   0: 0x8000b930 (0x2b2c5983) lhu     s3, 690(s8)
core   0: 3 0x8000b930 (0x2b2c5983) x19 0x00000000 mem 0x80010854
core   0: 0x8000b934 (0x02f13133) mulhu   sp, sp, a5
core   0: 3 0x8000b934 (0x02f13133) x 2 0x00000000
core   0: 0x8000b938 (0x3b0c0983) lb      s3, 944(s8)
core   0: 3 0x8000b938 (0x3b0c0983) x19 0x00000000 mem 0x80010952
core   0: 0x8000b93c (0x438c4683) lbu     a3, 1080(s8)
core   0: 3 0x8000b93c (0x438c4683) x13 0x00000000 mem 0x800109da
core   0: 0x8000b940 (0xebec4683) lbu     a3, -322(s8)
core   0: 3 0x8000b940 (0xebec4683) x13 0x00000000 mem 0x80010460
core   0: 0x8000b944 (0x60bc1323) sh      a1, 1542(s8)
core   0: 3 0x8000b944 (0x60bc1323) mem 0x80010ba8 0x0000
core   0: 0x8000b948 (0xc29c0683) lb      a3, -983(s8)
core   0: 3 0x8000b948 (0xc29c0683) x13 0x00000000 mem 0x800101cb
core   0: 0x8000b94c (0xc1fc0783) lb      a5, -993(s8)
core   0: 3 0x8000b94c (0xc1fc0783) x15 0x00000000 mem 0x800101c1
core   0: 0x8000b950 (0x00b5c6b3) xor     a3, a1, a1
core   0: 3 0x8000b950 (0x00b5c6b3) x13 0x00000000
core   0: 0x8000b954 (0x00b11133) sll     sp, sp, a1
core   0: 3 0x8000b954 (0x00b11133) x 2 0x00000000
core   0: 0x8000b958 (0x00f155b3) srl     a1, sp, a5
core   0: 3 0x8000b958 (0x00f155b3) x11 0x00000000
core   0: 0x8000b95c (0x3d3c02a3) sb      s3, 965(s8)
core   0: 3 0x8000b95c (0x3d3c02a3) mem 0x80010967 0x0
core   0: 0x8000b960 (0x00005c97) auipc   s9, 0x5
core   0: 3 0x8000b960 (0x00005c97) x25 0x80010960
core   0: 0x8000b964 (0x5aac8c93) addi    s9, s9, 1450
core   0: 3 0x8000b964 (0x5aac8c93) x25 0x80010f0a
core   0: 0x8000b968 (0xc98c9583) lh      a1, -872(s9)
core   0: 3 0x8000b968 (0xc98c9583) x11 0x00000000 mem 0x80010ba2
core   0: 0x8000b96c (0xbffc8083) lb      ra, -1025(s9)
core   0: 3 0x8000b96c (0xbffc8083) x 1 0x00000000 mem 0x80010b09
core   0: 0x8000b970 (0xa05c8423) sb      t0, -1528(s9)
core   0: 3 0x8000b970 (0xa05c8423) mem 0x80010912 0x0
core   0: 0x8000b974 (0xcadc8ca3) sb      a3, -839(s9)
core   0: 3 0x8000b974 (0xcadc8ca3) mem 0x80010bc3 0x0
core   0: 0x8000b978 (0x0067cfb3) xor     t6, a5, t1
core   0: 3 0x8000b978 (0x0067cfb3) x31 0x00000000
core   0: 0x8000b97c (0x02dd7733) remu    a4, s10, a3
core   0: 3 0x8000b97c (0x02dd7733) x14 0x80025df4
core   0: 0x8000b980 (0xdde079b7) lui     s3, 0xdde07
core   0: 3 0x8000b980 (0xdde079b7) x19 0xdde07000
core   0: 0x8000b984 (0xf06c8983) lb      s3, -250(s9)
core   0: 3 0x8000b984 (0xf06c8983) x19 0x00000000 mem 0x80010e10
core   0: 0x8000b988 (0x02bc88a3) sb      a1, 49(s9)
core   0: 3 0x8000b988 (0x02bc88a3) mem 0x80010f3b 0x0
core   0: 0x8000b98c (0x032494b3) mulh    s1, s1, s2
core   0: 3 0x8000b98c (0x032494b3) x 9 0x00000000
core   0: 0x8000b990 (0x0000100f) fence.i
core   0: 3 0x8000b990 (0x0000100f)
core   0: 0x8000b994 (0x0000100f) fence.i
core   0: 3 0x8000b994 (0x0000100f)
core   0: 0x8000b998 (0x01a41e13) slli    t3, s0, 26
core   0: 3 0x8000b998 (0x01a41e13) x28 0x00000000
core   0: 0x8000b99c (0xb6ec9783) lh      a5, -1170(s9)
core   0: 3 0x8000b99c (0xb6ec9783) x15 0xfffffb00 mem 0x80010a78
core   0: 0x8000b9a0 (0x0000717d) c.addi16sp sp, -16
core   0: 3 0x8000b9a0 (0x717d) x 2 0xfffffff0
core   0: 0x8000b9a2 (0x00008ead) c.xor   a3, a1
core   0: 3 0x8000b9a2 (0x8ead) x13 0x00000000
core   0: 0x8000b9a4 (0xf2a9f113) andi    sp, s3, -214
core   0: 3 0x8000b9a4 (0xf2a9f113) x 2 0x00000000
core   0: 0x8000b9a8 (0xd4ac8483) lb      s1, -694(s9)
core   0: 3 0x8000b9a8 (0xd4ac8483) x 9 0x00000000 mem 0x80010c54
core   0: 0x8000b9ac (0x038c27b3) mulhsu  a5, s8, s8
core   0: 3 0x8000b9ac (0x038c27b3) x15 0xc0000001
core   0: 0x8000b9b0 (0x000080cd) c.srli  s1, 19
core   0: 3 0x8000b9b0 (0x80cd) x 9 0x00000000
core   0: 0x8000b9b2 (0x032e33b3) mulhu   t2, t3, s2
core   0: 3 0x8000b9b2 (0x032e33b3) x 7 0x00000000
core   0: 0x8000b9b6 (0x00009f3e) c.add   t5, a5
core   0: 3 0x8000b9b6 (0x9f3e) x30 0xc0000002
core   0: 0x8000b9b8 (0xa92ccb03) lbu     s6, -1390(s9)
core   0: 3 0x8000b9b8 (0xa92ccb03) x22 0x00000000 mem 0x8001099c
core   0: 0x8000b9bc (0xa66cc483) lbu     s1, -1434(s9)
core   0: 3 0x8000b9bc (0xa66cc483) x 9 0x00000000 mem 0x80010970
core   0: 0x8000b9c0 (0x4197d3b3) sra     t2, a5, s9
core   0: 3 0x8000b9c0 (0x4197d3b3) x 7 0xfff00000
core   0: 0x8000b9c4 (0x00000fea) c.slli  t6, 26
core   0: 3 0x8000b9c4 (0x0fea) x31 0x00000000
core   0: 0x8000b9c6 (0x02dcc983) lbu     s3, 45(s9)
core   0: 3 0x8000b9c6 (0x02dcc983) x19 0x00000000 mem 0x80010f37
core   0: 0x8000b9ca (0x10dcc083) lbu     ra, 269(s9)
core   0: 3 0x8000b9ca (0x10dcc083) x 1 0x00000000 mem 0x80011017
core   0: 0x8000b9ce (0x01d3b033) sltu    zero, t2, t4
core   0: 3 0x8000b9ce (0x01d3b033)
core   0: 0x8000b9d2 (0x00f3b033) sltu    zero, t2, a5
core   0: 3 0x8000b9d2 (0x00f3b033)
core   0: 0x8000b9d6 (0x0385b233) mulhu   tp, a1, s8
core   0: 3 0x8000b9d6 (0x0385b233) x 4 0x00000000
core   0: 0x8000b9da (0x0000922e) c.add   tp, a1
core   0: 3 0x8000b9da (0x922e) x 4 0x00000000
core   0: 0x8000b9dc (0x02be5733) divu    a4, t3, a1
core   0: 3 0x8000b9dc (0x02be5733) x14 0xffffffff
core   0: 0x8000b9e0 (0x000088dd) c.andi  s1, 23
core   0: 3 0x8000b9e0 (0x88dd) x 9 0x00000000
core   0: 0x8000b9e2 (0xc65c8fa3) sb      t0, -897(s9)
core   0: 3 0x8000b9e2 (0xc65c8fa3) mem 0x80010b89 0x0
core   0: 0x8000b9e6 (0x862cd383) lhu     t2, -1950(s9)
core   0: 3 0x8000b9e6 (0x862cd383) x 7 0x00000000 mem 0x8001076c
core   0: 0x8000b9ea (0xb13c8183) lb      gp, -1261(s9)
core   0: 3 0x8000b9ea (0xb13c8183) x 3 0x00000000 mem 0x80010a1d
core   0: 0x8000b9ee (0x00bbd2b3) srl     t0, s7, a1
core   0: 3 0x8000b9ee (0x00bbd2b3) x 5 0x00000001
core   0: 0x8000b9f2 (0x00008f19) c.sub   a4, a4
core   0: 3 0x8000b9f2 (0x8f19) x14 0x00000000
core   0: 0x8000b9f4 (0x00d79fb3) sll     t6, a5, a3
core   0: 3 0x8000b9f4 (0x00d79fb3) x31 0xc0000001
core   0: 0x8000b9f8 (0x03968d33) mul     s10, a3, s9
core   0: 3 0x8000b9f8 (0x03968d33) x26 0x00000000
core   0: 0x8000b9fc (0x00000001) c.nop
core   0: 3 0x8000b9fc (0x0001)
core   0: 0x8000b9fe (0x039dd233) divu    tp, s11, s9
core   0: 3 0x8000b9fe (0x039dd233) x 4 0x00000000
core   0: 0x8000ba02 (0xfb2c9383) lh      t2, -78(s9)
core   0: 3 0x8000ba02 (0xfb2c9383) x 7 0x00000000 mem 0x80010ebc
core   0: 0x8000ba06 (0xc71c8803) lb      a6, -911(s9)
core   0: 3 0x8000ba06 (0xc71c8803) x16 0x00000000 mem 0x80010b7b
core   0: 0x8000ba0a (0x0ff0000f) fence   iorw,iorw
core   0: 3 0x8000ba0a (0x0ff0000f)
core   0: 0x8000ba0e (0xe81c8983) lb      s3, -383(s9)
core   0: 3 0x8000ba0e (0xe81c8983) x19 0x00000000 mem 0x80010d8b
core   0: 0x8000ba12 (0x11bc8b03) lb      s6, 283(s9)
core   0: 3 0x8000ba12 (0x11bc8b03) x22 0x00000000 mem 0x80011025
core   0: 0x8000ba16 (0x00013117) auipc   sp, 0x13
core   0: 3 0x8000ba16 (0x00013117) x 2 0x8001ea16
core   0: 0x8000ba1a (0x6a910113) addi    sp, sp, 1705
core   0: 3 0x8000ba1a (0x6a910113) x 2 0x8001f0bf
core   0: 0x8000ba1e (0x00e0e733) or      a4, ra, a4
core   0: 3 0x8000ba1e (0x00e0e733) x14 0x00000000
core   0: 0x8000ba22 (0x00c10083) lb      ra, 12(sp)
core   0: 3 0x8000ba22 (0x00c10083) x 1 0x00000000 mem 0x8001f0cb
core   0: 0x8000ba26 (0x00000001) c.nop
core   0: 3 0x8000ba26 (0x0001)
core   0: 0x8000ba28 (0xff410483) lb      s1, -12(sp)
core   0: 3 0x8000ba28 (0xff410483) x 9 0x00000000 mem 0x8001f0b3
core   0: 0x8000ba2c (0x02136b33) rem     s6, t1, ra
core   0: 3 0x8000ba2c (0x02136b33) x22 0x00000000
core   0: 0x8000ba30 (0x00b14083) lbu     ra, 11(sp)
core   0: 3 0x8000ba30 (0x00b14083) x 1 0x00000000 mem 0x8001f0ca
core   0: 0x8000ba34 (0x00008f19) c.sub   a4, a4
core   0: 3 0x8000ba34 (0x8f19) x14 0x00000000
core   0: 0x8000ba36 (0x000098fd) c.andi  s1, -1
core   0: 3 0x8000ba36 (0x98fd) x 9 0x00000000
core   0: 0x8000ba38 (0x02e0bfb3) mulhu   t6, ra, a4
core   0: 3 0x8000ba38 (0x02e0bfb3) x31 0x00000000
core   0: 0x8000ba3c (0x000010fd) c.addi  ra, -1
core   0: 3 0x8000ba3c (0x10fd) x 1 0xffffffff
core   0: 0x8000ba3e (0x0210cfb3) div     t6, ra, ra
core   0: 3 0x8000ba3e (0x0210cfb3) x31 0x00000001
core   0: 0x8000ba42 (0x2b80f313) andi    t1, ra, 696
core   0: 3 0x8000ba42 (0x2b80f313) x 6 0x000002b8
core   0: 0x8000ba46 (0x01f4b333) sltu    t1, s1, t6
core   0: 3 0x8000ba46 (0x01f4b333) x 6 0x00000001
core   0: 0x8000ba4a (0x01309b13) slli    s6, ra, 19
core   0: 3 0x8000ba4a (0x01309b13) x22 0xfff80000
core   0: 0x8000ba4e (0xba9b3f93) sltiu   t6, s6, -1111
core   0: 3 0x8000ba4e (0xba9b3f93) x31 0x00000001
core   0: 0x8000ba52 (0x01f120a3) sw      t6, 1(sp)
core   0: 3 0x8000ba52 (0x01f120a3) mem 0x8001f0c0 0x00000001
core   0: 0x8000ba56 (0xffd14f83) lbu     t6, -3(sp)
core   0: 3 0x8000ba56 (0xffd14f83) x31 0x00000000 mem 0x8001f0bc
core   0: 0x8000ba5a (0x00e10703) lb      a4, 14(sp)
core   0: 3 0x8000ba5a (0x00e10703) x14 0x00000000 mem 0x8001f0cd
core   0: 0x8000ba5e (0x00006b35) c.lui   s6, 0xd
core   0: 3 0x8000ba5e (0x6b35) x22 0x0000d000
core   0: 0x8000ba60 (0x0000100f) fence.i
core   0: 3 0x8000ba60 (0x0000100f)
core   0: 0x8000ba64 (0x6eb07497) auipc   s1, 0x6eb07
core   0: 3 0x8000ba64 (0x6eb07497) x 9 0xeeb12a64
core   0: 0x8000ba68 (0xff910703) lb      a4, -7(sp)
core   0: 3 0x8000ba68 (0xff910703) x14 0x00000000 mem 0x8001f0b8
core   0: 0x8000ba6c (0x001104a3) sb      ra, 9(sp)
core   0: 3 0x8000ba6c (0x001104a3) mem 0x8001f0c8 0xff
core   0: 0x8000ba70 (0x0000100f) fence.i
core   0: 3 0x8000ba70 (0x0000100f)
core   0: 0x8000ba74 (0xff410083) lb      ra, -12(sp)
core   0: 3 0x8000ba74 (0xff410083) x 1 0x00000000 mem 0x8001f0b3
core   0: 0x8000ba78 (0x00008091) c.srli  s1, 4
core   0: 3 0x8000ba78 (0x8091) x 9 0x0eeb12a6
core   0: 0x8000ba7a (0x00c14083) lbu     ra, 12(sp)
core   0: 3 0x8000ba7a (0x00c14083) x 1 0x00000000 mem 0x8001f0cb
core   0: 0x8000ba7e (0xfe9119a3) sh      s1, -13(sp)
core   0: 3 0x8000ba7e (0xfe9119a3) mem 0x8001f0b2 0x12a6
core   0: 0x8000ba82 (0xfe612aa3) sw      t1, -11(sp)
core   0: 3 0x8000ba82 (0xfe612aa3) mem 0x8001f0b4 0x00000001
core   0: 0x8000ba86 (0x0000100f) fence.i
core   0: 3 0x8000ba86 (0x0000100f)
core   0: 0x8000ba8a (0x006111a3) sh      t1, 3(sp)
core   0: 3 0x8000ba8a (0x006111a3) mem 0x8001f0c2 0x0001
core   0: 0x8000ba8e (0x00008491) c.srai  s1, 4
core   0: 3 0x8000ba8e (0x8491) x 9 0x00eeb12a
core   0: 0x8000ba90 (0x00715083) lhu     ra, 7(sp)
core   0: 3 0x8000ba90 (0x00715083) x 1 0x00000000 mem 0x8001f0c6
core   0: 0x8000ba94 (0xadf48f93) addi    t6, s1, -1313
core   0: 3 0x8000ba94 (0xadf48f93) x31 0x00eeac09
core   0: 0x8000ba98 (0x00009fa6) c.add   t6, s1
core   0: 3 0x8000ba98 (0x9fa6) x31 0x01dd5d33
core   0: 0x8000ba9a (0xfe112aa3) sw      ra, -11(sp)
core   0: 3 0x8000ba9a (0xfe112aa3) mem 0x8001f0b4 0x00000000
core   0: 0x8000ba9e (0xff214303) lbu     t1, -14(sp)
core   0: 3 0x8000ba9e (0xff214303) x 6 0x00000000 mem 0x8001f0b1
core   0: 0x8000baa2 (0x00004297) auipc   t0, 0x4
core   0: 3 0x8000baa2 (0x00004297) x 5 0x8000faa2
core   0: 0x8000baa6 (0x6c928293) addi    t0, t0, 1737
core   0: 3 0x8000baa6 (0x6c928293) x 5 0x8001016b
core   0: 0x8000baaa (0x0152d803) lhu     a6, 21(t0)
core   0: 3 0x8000baaa (0x0152d803) x16 0x000000e4 mem 0x80010180
core   0: 0x8000baae (0x00929f03) lh      t5, 9(t0)
core   0: 3 0x8000baae (0x00929f03) x30 0x00000000 mem 0x80010174
core   0: 0x8000bab2 (0xc6aefb97) auipc   s7, 0xc6aef
core   0: 3 0x8000bab2 (0xc6aefb97) x23 0x46afaab2
core   0: 0x8000bab6 (0x00b29c03) lh      s8, 11(t0)
core   0: 3 0x8000bab6 (0x00b29c03) x24 0x00000000 mem 0x80010176
core   0: 0x8000baba (0x03228a83) lb      s5, 50(t0)
core   0: 3 0x8000baba (0x03228a83) x21 0x00000000 mem 0x8001019d
core   0: 0x8000babe (0xfdc2cc83) lbu     s9, -36(t0)
core   0: 3 0x8000babe (0xfdc2cc83) x25 0x00000000 mem 0x80010147
core   0: 0x8000bac2 (0x00929b03) lh      s6, 9(t0)
core   0: 3 0x8000bac2 (0x00929b03) x22 0x00000000 mem 0x80010174
core   0: 0x8000bac6 (0x0092cc83) lbu     s9, 9(t0)
core   0: 3 0x8000bac6 (0x0092cc83) x25 0x00000000 mem 0x80010174
core   0: 0x8000baca (0x02b294a3) sh      a1, 41(t0)
core   0: 3 0x8000baca (0x02b294a3) mem 0x80010194 0x0000
core   0: 0x8000bace (0x024281a3) sb      tp, 35(t0)
core   0: 3 0x8000bace (0x024281a3) mem 0x8001018e 0x0
core   0: 0x8000bad2 (0x03b28403) lb      s0, 59(t0)
core   0: 3 0x8000bad2 (0x03b28403) x 8 0x00000000 mem 0x800101a6
core   0: 0x8000bad6 (0xfcd2d703) lhu     a4, -51(t0)
core   0: 3 0x8000bad6 (0xfcd2d703) x14 0x00000000 mem 0x80010138
core   0: 0x8000bada (0xfcd2ae03) lw      t3, -51(t0)
core   0: 3 0x8000bada (0xfcd2ae03) x28 0x00000000 mem 0x80010138
core   0: 0x8000bade (0xfcd2d883) lhu     a7, -51(t0)
core   0: 3 0x8000bade (0xfcd2d883) x17 0x00000000 mem 0x80010138
core   0: 0x8000bae2 (0x01a28983) lb      s3, 26(t0)
core   0: 3 0x8000bae2 (0x01a28983) x19 0x00000000 mem 0x80010185
core   0: 0x8000bae6 (0xfd22ca83) lbu     s5, -46(t0)
core   0: 3 0x8000bae6 (0xfd22ca83) x21 0x00000000 mem 0x8001013d
core   0: 0x8000baea (0x00d283a3) sb      a3, 7(t0)
core   0: 3 0x8000baea (0x00d283a3) mem 0x80010172 0x0
core   0: 0x8000baee (0x013293a3) sh      s3, 7(t0)
core   0: 3 0x8000baee (0x013293a3) mem 0x80010172 0x0000
core   0: 0x8000baf2 (0x04128023) sb      ra, 64(t0)
core   0: 3 0x8000baf2 (0x04128023) mem 0x800101ab 0x0
core   0: 0x8000baf6 (0x04028003) lb      zero, 64(t0)
core   0: 3 0x8000baf6 (0x04028003) mem 0x800101ab
core   0: 0x8000bafa (0xfcc2c583) lbu     a1, -52(t0)
core   0: 3 0x8000bafa (0xfcc2c583) x11 0x00000000 mem 0x80010137
core   0: 0x8000bafe (0x02c0036f) jal     t1, pc + 0x2c
core   0: 3 0x8000bafe (0x02c0036f) x 6 0x8000bb02
core   0: 0x8000bb2a (0x00002039) c.jal   pc + 14
core   0: 3 0x8000bb2a (0x2039) x 1 0x8000bb2c
core   0: 0x8000bb38 (0x00002019) c.jal   pc + 6
core   0: 3 0x8000bb38 (0x2019) x 1 0x8000bb3a
core   0: 0x8000bb3e (0x0000b7d9) c.j     pc - 58
core   0: 3 0x8000bb3e (0xb7d9)
core   0: 0x8000bb04 (0x0000a819) c.j     pc + 22
core   0: 3 0x8000bb04 (0xa819)
core   0: 0x8000bb1a (0x0000a039) c.j     pc + 14
core   0: 3 0x8000bb1a (0xa039)
core   0: 0x8000bb28 (0x00003fc5) c.jal   pc - 16
core   0: 3 0x8000bb28 (0x3fc5) x 1 0x8000bb2a
core   0: 0x8000bb18 (0x00002811) c.jal   pc + 20
core   0: 3 0x8000bb18 (0x2811) x 1 0x8000bb1a
core   0: 0x8000bb2c (0x0000b7dd) c.j     pc - 26
core   0: 3 0x8000bb2c (0xb7dd)
core   0: 0x8000bb12 (0x0000a029) c.j     pc + 10
core   0: 3 0x8000bb12 (0xa029)
core   0: 0x8000bb1c (0x0000a819) c.j     pc + 22
core   0: 3 0x8000bb1c (0xa819)
core   0: 0x8000bb32 (0xff1ff0ef) jal     pc - 0x10
core   0: 3 0x8000bb32 (0xff1ff0ef) x 1 0x8000bb36
core   0: 0x8000bb22 (0x0140036f) jal     t1, pc + 0x14
core   0: 3 0x8000bb22 (0x0140036f) x 6 0x8000bb26
core   0: 0x8000bb36 (0x00003fe9) c.jal   pc - 38
core   0: 3 0x8000bb36 (0x3fe9) x 1 0x8000bb38
core   0: 0x8000bb10 (0x00003fcd) c.jal   pc - 14
core   0: 3 0x8000bb10 (0x3fcd) x 1 0x8000bb12
core   0: 0x8000bb02 (0x00002825) c.jal   pc + 56
core   0: 3 0x8000bb02 (0x2825) x 1 0x8000bb04
core   0: 0x8000bb3a (0xff5ff0ef) jal     pc - 0xc
core   0: 3 0x8000bb3a (0xff5ff0ef) x 1 0x8000bb3e
core   0: 0x8000bb2e (0xfdffffef) jal     t6, pc - 0x22
core   0: 3 0x8000bb2e (0xfdffffef) x31 0x8000bb32
core   0: 0x8000bb0c (0x008000ef) jal     pc + 0x8
core   0: 3 0x8000bb0c (0x008000ef) x 1 0x8000bb10
core   0: 0x8000bb14 (0x00002809) c.jal   pc + 18
core   0: 3 0x8000bb14 (0x2809) x 1 0x8000bb16
core   0: 0x8000bb26 (0x0000bfed) c.j     pc - 6
core   0: 3 0x8000bb26 (0xbfed)
core   0: 0x8000bb20 (0x0000bfdd) c.j     pc - 10
core   0: 3 0x8000bb20 (0xbfdd)
core   0: 0x8000bb16 (0x0000bfd5) c.j     pc - 12
core   0: 3 0x8000bb16 (0xbfd5)
core   0: 0x8000bb0a (0x0000bff5) c.j     pc - 4
core   0: 3 0x8000bb0a (0xbff5)
core   0: 0x8000bb06 (0x0180036f) jal     t1, pc + 0x18
core   0: 3 0x8000bb06 (0x0180036f) x 6 0x8000bb0a
core   0: 0x8000bb1e (0x0000a00d) c.j     pc + 34
core   0: 3 0x8000bb1e (0xa00d)
core   0: 0x8000bb40 (0x002e88b3) add     a7, t4, sp
core   0: 3 0x8000bb40 (0x002e88b3) x17 0x8001f0bf
core   0: 0x8000bb44 (0x00005d17) auipc   s10, 0x5
core   0: 3 0x8000bb44 (0x00005d17) x26 0x80010b44
core   0: 0x8000bb48 (0xab4d0d13) addi    s10, s10, -1356
core   0: 3 0x8000bb48 (0xab4d0d13) x26 0x800105f8
core   0: 0x8000bb4c (0xfe1d0803) lb      a6, -31(s10)
core   0: 3 0x8000bb4c (0xfe1d0803) x16 0x00000000 mem 0x800105d9
core   0: 0x8000bb50 (0xfe3d07a3) sb      gp, -17(s10)
core   0: 3 0x8000bb50 (0xfe3d07a3) mem 0x800105e7 0x0
core   0: 0x8000bb54 (0x00006159) c.addi16sp sp, 400
core   0: 3 0x8000bb54 (0x6159) x 2 0x8001f24f
core   0: 0x8000bb56 (0x009d4803) lbu     a6, 9(s10)
core   0: 3 0x8000bb56 (0x009d4803) x16 0x00000000 mem 0x80010601
core   0: 0x8000bb5a (0x036d0923) sb      s6, 50(s10)
core   0: 3 0x8000bb5a (0x036d0923) mem 0x8001062a 0x0
core   0: 0x8000bb5e (0x031d4a83) lbu     s5, 49(s10)
core   0: 3 0x8000bb5e (0x031d4a83) x21 0x00000000 mem 0x80010629
core   0: 0x8000bb62 (0x000091be) c.add   gp, a5
core   0: 3 0x8000bb62 (0x91be) x 3 0xc0000001
core   0: 0x8000bb64 (0x011d4c83) lbu     s9, 17(s10)
core   0: 3 0x8000bb64 (0x011d4c83) x25 0x00000000 mem 0x80010609
core   0: 0x8000bb68 (0x011d4283) lbu     t0, 17(s10)
core   0: 3 0x8000bb68 (0x011d4283) x 5 0x00000000 mem 0x80010609
core   0: 0x8000bb6c (0x0000040a) c.slli  s0, 2
core   0: 3 0x8000bb6c (0x040a) x 8 0x00000000
core   0: 0x8000bb6e (0x01ad08a3) sb      s10, 17(s10)
core   0: 3 0x8000bb6e (0x01ad08a3) mem 0x80010609 0xf8
core   0: 0x8000bb72 (0x019d0903) lb      s2, 25(s10)
core   0: 3 0x8000bb72 (0x019d0903) x18 0x00000000 mem 0x80010611
core   0: 0x8000bb76 (0x03adb433) mulhu   s0, s11, s10
core   0: 3 0x8000bb76 (0x03adb433) x 8 0x2121b498
core   0: 0x8000bb7a (0x70892b13) slti    s6, s2, 1800
core   0: 3 0x8000bb7a (0x70892b13) x22 0x00000001
core   0: 0x8000bb7e (0xfdbd08a3) sb      s11, -47(s10)
core   0: 3 0x8000bb7e (0xfdbd08a3) mem 0x800105c9 0x94
core   0: 0x8000bb82 (0xfd1d4b03) lbu     s6, -47(s10)
core   0: 3 0x8000bb82 (0xfd1d4b03) x22 0x00000094 mem 0x800105c9
core   0: 0x8000bb86 (0xfe6d1f83) lh      t6, -26(s10)
core   0: 3 0x8000bb86 (0xfe6d1f83) x31 0x00000000 mem 0x800105de
core   0: 0x8000bb8a (0xfd0d1683) lh      a3, -48(s10)
core   0: 3 0x8000bb8a (0xfd0d1683) x13 0xffff9400 mem 0x800105c8
core   0: 0x8000bb8e (0xff5d4483) lbu     s1, -11(s10)
core   0: 3 0x8000bb8e (0xff5d4483) x 9 0x000000d0 mem 0x800105ed
core   0: 0x8000bb92 (0xff1d4483) lbu     s1, -15(s10)
core   0: 3 0x8000bb92 (0xff1d4483) x 9 0x00000000 mem 0x800105e9
core   0: 0x8000bb96 (0xfffd1123) sh      t6, -30(s10)
core   0: 3 0x8000bb96 (0xfffd1123) mem 0x800105da 0x0000
core   0: 0x8000bb9a (0xfe2d4883) lbu     a7, -30(s10)
core   0: 3 0x8000bb9a (0xfe2d4883) x17 0x00000000 mem 0x800105da
core   0: 0x8000bb9e (0x00010f17) auipc   t5, 0x10
core   0: 3 0x8000bb9e (0x00010f17) x30 0x8001bb9e
core   0: 0x8000bba2 (0x16ef0f13) addi    t5, t5, 366
core   0: 3 0x8000bba2 (0x16ef0f13) x30 0x8001bd0c
core   0: 0x8000bba6 (0x0000c197) auipc   gp, 0xc
core   0: 3 0x8000bba6 (0x0000c197) x 3 0x80017ba6
core   0: 0x8000bbaa (0x9f818193) addi    gp, gp, -1544
core   0: 3 0x8000bbaa (0x9f818193) x 3 0x8001759e
core   0: 0x8000bbae (0x2741a123) sw      s4, 610(gp)
core   0: 3 0x8000bbae (0x2741a123) mem 0x80017800 0x00000000
core   0: 0x8000bbb2 (0x0000b417) auipc   s0, 0xb
core   0: 3 0x8000bbb2 (0x0000b417) x 8 0x80016bb2
core   0: 0x8000bbb6 (0x20740413) addi    s0, s0, 519
core   0: 3 0x8000bbb6 (0x20740413) x 8 0x80016db9
core   0: 0x8000bbba (0x71c1a523) sw      t3, 1802(gp)
core   0: 3 0x8000bbba (0x71c1a523) mem 0x80017ca8 0x00000000
core   0: 0x8000bbbe (0xf22f1e83) lh      t4, -222(t5)
core   0: 3 0x8000bbbe (0xf22f1e83) x29 0x00000000 mem 0x8001bc2e
core   0: 0x8000bbc2 (0xe5a44083) lbu     ra, -422(s0)
core   0: 3 0x8000bbc2 (0xe5a44083) x 1 0x00000000 mem 0x80016c13
core   0: 0x8000bbc6 (0x2baf0e03) lb      t3, 698(t5)
core   0: 3 0x8000bbc6 (0x2baf0e03) x28 0x00000000 mem 0x8001bfc6
core   0: 0x8000bbca (0x8f945903) lhu     s2, -1799(s0)
core   0: 3 0x8000bbca (0x8f945903) x18 0x00000000 mem 0x800166b2
core   0: 0x8000bbce (0x0d1189a3) sb      a7, 211(gp)
core   0: 3 0x8000bbce (0x0d1189a3) mem 0x80017671 0x0
core   0: 0x8000bbd2 (0x00015117) auipc   sp, 0x15
core   0: 3 0x8000bbd2 (0x00015117) x 2 0x80020bd2
core   0: 0x8000bbd6 (0xe3210113) addi    sp, sp, -462
core   0: 3 0x8000bbd6 (0xe3210113) x 2 0x80020a04
core   0: 0x8000bbda (0x14812c03) lw      s8, 328(sp)
core   0: 3 0x8000bbda (0x14812c03) x24 0x00000000 mem 0x80020b4c
core   0: 0x8000bbde (0x34b106a3) sb      a1, 845(sp)
core   0: 3 0x8000bbde (0x34b106a3) mem 0x80020d51 0x0
core   0: 0x8000bbe2 (0x11314583) lbu     a1, 275(sp)
core   0: 3 0x8000bbe2 (0x11314583) x11 0x00000000 mem 0x80020b17
core   0: 0x8000bbe6 (0xe3018a23) sb      a6, -460(gp)
core   0: 3 0x8000bbe6 (0xe3018a23) mem 0x800173d2 0x0
core   0: 0x8000bbea (0x4d240d03) lb      s10, 1234(s0)
core   0: 3 0x8000bbea (0x4d240d03) x26 0x00000000 mem 0x8001728b
core   0: 0x8000bbee (0xff340423) sb      s3, -24(s0)
core   0: 3 0x8000bbee (0xff340423) mem 0x80016da1 0x0
core   0: 0x8000bbf2 (0xa7d105a3) sb      t4, -1429(sp)
core   0: 3 0x8000bbf2 (0xa7d105a3) mem 0x8002046f 0x0
core   0: 0x8000bbf6 (0x442f0a03) lb      s4, 1090(t5)
core   0: 3 0x8000bbf6 (0x442f0a03) x20 0x00000000 mem 0x8001c14e
core   0: 0x8000bbfa (0x1c21d783) lhu     a5, 450(gp)
core   0: 3 0x8000bbfa (0x1c21d783) x15 0x00000000 mem 0x80017760
core   0: 0x8000bbfe (0x34c44803) lbu     a6, 844(s0)
core   0: 3 0x8000bbfe (0x34c44803) x16 0x00000000 mem 0x80017105
core   0: 0x8000bc02 (0xc1610aa3) sb      s6, -1003(sp)
core   0: 3 0x8000bc02 (0xc1610aa3) mem 0x80020619 0x94
core   0: 0x8000bc06 (0x14110c83) lb      s9, 321(sp)
core   0: 3 0x8000bc06 (0x14110c83) x25 0x00000000 mem 0x80020b45
core   0: 0x8000bc0a (0xc2545b83) lhu     s7, -987(s0)
core   0: 3 0x8000bc0a (0xc2545b83) x23 0x00000000 mem 0x800169de
core   0: 0x8000bc0e (0xff5f4003) lbu     zero, -11(t5)
core   0: 3 0x8000bc0e (0xff5f4003) mem 0x8001bd01
core   0: 0x8000bc12 (0x44014883) lbu     a7, 1088(sp)
core   0: 3 0x8000bc12 (0x44014883) x17 0x00000000 mem 0x80020e44
core   0: 0x8000bc16 (0xf0941583) lh      a1, -247(s0)
core   0: 3 0x8000bc16 (0xf0941583) x11 0x00000000 mem 0x80016cc2
core   0: 0x8000bc1a (0x251187a3) sb      a7, 591(gp)
core   0: 3 0x8000bc1a (0x251187a3) mem 0x800177ed 0x0
core   0: 0x8000bc1e (0x83bf02a3) sb      s11, -2011(t5)
core   0: 3 0x8000bc1e (0x83bf02a3) mem 0x8001b531 0x94
core   0: 0x8000bc22 (0xada40283) lb      t0, -1318(s0)
core   0: 3 0x8000bc22 (0xada40283) x 5 0x00000000 mem 0x80016893
core   0: 0x8000bc26 (0x1f71c703) lbu     a4, 503(gp)
core   0: 3 0x8000bc26 (0x1f71c703) x14 0x00000000 mem 0x80017795
core   0: 0x8000bc2a (0x5a1f4683) lbu     a3, 1441(t5)
core   0: 3 0x8000bc2a (0x5a1f4683) x13 0x00000000 mem 0x8001c2ad
core   0: 0x8000bc2e (0x0fc41ba3) sh      t3, 247(s0)
core   0: 3 0x8000bc2e (0x0fc41ba3) mem 0x80016eb0 0x0000
core   0: 0x8000bc32 (0x119f0a23) sb      s9, 276(t5)
core   0: 3 0x8000bc32 (0x119f0a23) mem 0x8001be20 0x0
core   0: 0x8000bc36 (0xda011823) sh      zero, -592(sp)
core   0: 3 0x8000bc36 (0xda011823) mem 0x800207b4 0x0000
core   0: 0x8000bc3a (0x2d010523) sb      a6, 714(sp)
core   0: 3 0x8000bc3a (0x2d010523) mem 0x80020cce 0x0
core   0: 0x8000bc3e (0x400f4303) lbu     t1, 1024(t5)
core   0: 3 0x8000bc3e (0x400f4303) x 6 0x00000000 mem 0x8001c10c
core   0: 0x8000bc42 (0x525f4003) lbu     zero, 1317(t5)
core   0: 3 0x8000bc42 (0x525f4003) mem 0x8001c231
core   0: 0x8000bc46 (0x87a10fa3) sb      s10, -1921(sp)
core   0: 3 0x8000bc46 (0x87a10fa3) mem 0x80020283 0x0
core   0: 0x8000bc4a (0x18019303) lh      t1, 384(gp)
core   0: 3 0x8000bc4a (0x18019303) x 6 0x00000000 mem 0x8001771e
core   0: 0x8000bc4e (0x26144383) lbu     t2, 609(s0)
core   0: 3 0x8000bc4e (0x26144383) x 7 0x00000000 mem 0x8001701a
core   0: 0x8000bc52 (0x00004917) auipc   s2, 0x4
core   0: 3 0x8000bc52 (0x00004917) x18 0x8000fc52
core   0: 0x8000bc56 (0x51b90913) addi    s2, s2, 1307
core   0: 3 0x8000bc56 (0x51b90913) x18 0x8001016d
core   0: 0x8000bc5a (0x00c90203) lb      tp, 12(s2)
core   0: 3 0x8000bc5a (0x00c90203) x 4 0x00000000 mem 0x80010179
core   0: 0x8000bc5e (0x00094d03) lbu     s10, 0(s2)
core   0: 3 0x8000bc5e (0x00094d03) x26 0x00000000 mem 0x8001016d
core   0: 0x8000bc62 (0x00c76d33) or      s10, a4, a2
core   0: 3 0x8000bc62 (0x00c76d33) x26 0x80025df4
core   0: 0x8000bc66 (0x01590023) sb      s5, 0(s2)
core   0: 3 0x8000bc66 (0x01590023) mem 0x8001016d 0x0
core   0: 0x8000bc6a (0xe0253713) sltiu   a4, a0, -510
core   0: 3 0x8000bc6a (0xe0253713) x14 0x00000001
core   0: 0x8000bc6e (0x023cd8b3) divu    a7, s9, gp
core   0: 3 0x8000bc6e (0x023cd8b3) x17 0x00000000
core   0: 0x8000bc72 (0x00090c03) lb      s8, 0(s2)
core   0: 3 0x8000bc72 (0x00090c03) x24 0x00000000 mem 0x8001016d
core   0: 0x8000bc76 (0x00690023) sb      t1, 0(s2)
core   0: 3 0x8000bc76 (0x00690023) mem 0x8001016d 0x0
core   0: 0x8000bc7a (0x01190023) sb      a7, 0(s2)
core   0: 3 0x8000bc7a (0x01190023) mem 0x8001016d 0x0
core   0: 0x8000bc7e (0x00009b62) c.add   s6, s8
core   0: 3 0x8000bc7e (0x9b62) x22 0x00000094
core   0: 0x8000bc80 (0xa8185817) auipc   a6, 0xa8185
core   0: 3 0x8000bc80 (0xa8185817) x16 0x28190c80
core   0: 0x8000bc84 (0x00094f83) lbu     t6, 0(s2)
core   0: 3 0x8000bc84 (0x00094f83) x31 0x00000000 mem 0x8001016d
core   0: 0x8000bc88 (0x00000001) c.nop
core   0: 3 0x8000bc88 (0x0001)
core   0: 0x8000bc8a (0x00090103) lb      sp, 0(s2)
core   0: 3 0x8000bc8a (0x00090103) x 2 0x00000000 mem 0x8001016d
core   0: 0x8000bc8e (0x00890023) sb      s0, 0(s2)
core   0: 3 0x8000bc8e (0x00890023) mem 0x8001016d 0xb9
core   0: 0x8000bc92 (0x01190023) sb      a7, 0(s2)
core   0: 3 0x8000bc92 (0x01190023) mem 0x8001016d 0x0
core   0: 0x8000bc96 (0x00090983) lb      s3, 0(s2)
core   0: 3 0x8000bc96 (0x00090983) x19 0x00000000 mem 0x8001016d
core   0: 0x8000bc9a (0x00094683) lbu     a3, 0(s2)
core   0: 3 0x8000bc9a (0x00094683) x13 0x00000000 mem 0x8001016d
core   0: 0x8000bc9e (0x0ff0000f) fence   iorw,iorw
core   0: 3 0x8000bc9e (0x0ff0000f)
core   0: 0x8000bca2 (0x00094b83) lbu     s7, 0(s2)
core   0: 3 0x8000bca2 (0x00094b83) x23 0x00000000 mem 0x8001016d
core   0: 0x8000bca6 (0x00094a83) lbu     s5, 0(s2)
core   0: 3 0x8000bca6 (0x00094a83) x21 0x00000000 mem 0x8001016d
core   0: 0x8000bcaa (0x01290023) sb      s2, 0(s2)
core   0: 3 0x8000bcaa (0x01290023) mem 0x8001016d 0x6d
core   0: 0x8000bcae (0x00014597) auipc   a1, 0x14
core   0: 3 0x8000bcae (0x00014597) x11 0x8001fcae
core   0: 0x8000bcb2 (0x77a58593) addi    a1, a1, 1914
core   0: 3 0x8000bcb2 (0x77a58593) x11 0x80020428
core   0: 0x8000bcb6 (0x00005317) auipc   t1, 0x5
core   0: 3 0x8000bcb6 (0x00005317) x 6 0x80010cb6
core   0: 0x8000bcba (0x8cc30313) addi    t1, t1, -1844
core   0: 3 0x8000bcba (0x8cc30313) x 6 0x80010582
core   0: 0x8000bcbe (0xff859d03) lh      s10, -8(a1)
core   0: 3 0x8000bcbe (0xff859d03) x26 0x00000000 mem 0x80020420
core   0: 0x8000bcc2 (0x01734983) lbu     s3, 23(t1)
core   0: 3 0x8000bcc2 (0x01734983) x19 0x00000000 mem 0x80010599
core   0: 0x8000bcc6 (0xff55ce03) lbu     t3, -11(a1)
core   0: 3 0x8000bcc6 (0xff55ce03) x28 0x00000000 mem 0x8002041d
core   0: 0x8000bcca (0xfba35403) lhu     s0, -70(t1)
core   0: 3 0x8000bcca (0xfba35403) x 8 0x00000000 mem 0x8001053c
core   0: 0x8000bcce (0x09e34983) lbu     s3, 158(t1)
core   0: 3 0x8000bcce (0x09e34983) x19 0x00000000 mem 0x80010620
core   0: 0x8000bcd2 (0xfc85ac03) lw      s8, -56(a1)
core   0: 3 0x8000bcd2 (0xfc85ac03) x24 0x00000000 mem 0x800203f0
core   0: 0x8000bcd6 (0x0ee30fa3) sb      a4, 255(t1)
core   0: 3 0x8000bcd6 (0x0ee30fa3) mem 0x80010681 0x1
core   0: 0x8000bcda (0x00f58c83) lb      s9, 15(a1)
core   0: 3 0x8000bcda (0x00f58c83) x25 0x00000000 mem 0x80020437
core   0: 0x8000bcde (0xfc859d23) sh      s0, -38(a1)
core   0: 3 0x8000bcde (0xfc859d23) mem 0x80020402 0x0000
core   0: 0x8000bce2 (0x009583a3) sb      s1, 7(a1)
core   0: 3 0x8000bce2 (0x009583a3) mem 0x8002042f 0x0
core   0: 0x8000bce6 (0xfd05de03) lhu     t3, -48(a1)
core   0: 3 0x8000bce6 (0xfd05de03) x28 0x00000000 mem 0x800203f8
core   0: 0x8000bcea (0x0d331123) sh      s3, 194(t1)
core   0: 3 0x8000bcea (0x0d331123) mem 0x80010644 0x0000
core   0: 0x8000bcee (0xff032923) sw      a6, -14(t1)
core   0: 3 0x8000bcee (0xff032923) mem 0x80010574 0x28190c80
core   0: 0x8000bcf2 (0x00004597) auipc   a1, 0x4
core   0: 3 0x8000bcf2 (0x00004597) x11 0x8000fcf2
core   0: 0x8000bcf6 (0x66858593) addi    a1, a1, 1640
core   0: 3 0x8000bcf6 (0x66858593) x11 0x8001035a
core   0: 0x8000bcfa (0xf8359e23) sh      gp, -100(a1)
core   0: 3 0x8000bcfa (0xf8359e23) mem 0x800102f6 0x759e
core   0: 0x8000bcfe (0x08758183) lb      gp, 135(a1)
core   0: 3 0x8000bcfe (0x08758183) x 3 0x00000000 mem 0x800103e1
core   0: 0x8000bd02 (0xf0459923) sh      tp, -238(a1)
core   0: 3 0x8000bd02 (0xf0459923) mem 0x8001026c 0x0000
core   0: 0x8000bd06 (0x000018fd) c.addi  a7, -1
core   0: 3 0x8000bd06 (0x18fd) x17 0xffffffff
core   0: 0x8000bd08 (0x2aa3b793) sltiu   a5, t2, 682
core   0: 3 0x8000bd08 (0x2aa3b793) x15 0x00000001
core   0: 0x8000bd0c (0x000087e5) c.srai  a5, 25
core   0: 3 0x8000bd0c (0x87e5) x15 0x00000000
core   0: 0x8000bd0e (0x00008f9d) c.sub   a5, a5
core   0: 3 0x8000bd0e (0x8f9d) x15 0x00000000
core   0: 0x8000bd10 (0x0241dcb3) divu    s9, gp, tp
core   0: 3 0x8000bd10 (0x0241dcb3) x25 0xffffffff
core   0: 0x8000bd14 (0x0325a383) lw      t2, 50(a1)
core   0: 3 0x8000bd14 (0x0325a383) x 7 0x00000048 mem 0x8001038c
core   0: 0x8000bd18 (0x027ce7b3) rem     a5, s9, t2
core   0: 3 0x8000bd18 (0x027ce7b3) x15 0xffffffff
core   0: 0x8000bd1c (0x0085dc83) lhu     s9, 8(a1)
core   0: 3 0x8000bd1c (0x0085dc83) x25 0x00000000 mem 0x80010362
core   0: 0x8000bd20 (0xfa05dc83) lhu     s9, -96(a1)
core   0: 3 0x8000bd20 (0xfa05dc83) x25 0x00000000 mem 0x800102fa
core   0: 0x8000bd24 (0xf2b58383) lb      t2, -213(a1)
core   0: 3 0x8000bd24 (0xf2b58383) x 7 0xffffffff mem 0x80010285
core   0: 0x8000bd28 (0x019208b3) add     a7, tp, s9
core   0: 3 0x8000bd28 (0x019208b3) x17 0x00000000
core   0: 0x8000bd2c (0x00008ffd) c.and   a5, a5
core   0: 3 0x8000bd2c (0x8ffd) x15 0xffffffff
core   0: 0x8000bd2e (0x01988233) add     tp, a7, s9
core   0: 3 0x8000bd2e (0x01988233) x 4 0x00000000
core   0: 0x8000bd32 (0x0395c383) lbu     t2, 57(a1)
core   0: 3 0x8000bd32 (0x0395c383) x 7 0x00000000 mem 0x80010393
core   0: 0x8000bd36 (0xf4458ea3) sb      tp, -163(a1)
core   0: 3 0x8000bd36 (0xf4458ea3) mem 0x800102b7 0x0
core   0: 0x8000bd3a (0x32224213) xori    tp, tp, 802
core   0: 3 0x8000bd3a (0x32224213) x 4 0x00000322
core   0: 0x8000bd3e (0x0071c1b3) xor     gp, gp, t2
core   0: 3 0x8000bd3e (0x0071c1b3) x 3 0x00000000
core   0: 0x8000bd42 (0x0271acb3) mulhsu  s9, gp, t2
core   0: 3 0x8000bd42 (0x0271acb3) x25 0x00000000
core   0: 0x8000bd46 (0x00008fdd) c.or    a5, a5
core   0: 3 0x8000bd46 (0x8fdd) x15 0xffffffff
core   0: 0x8000bd48 (0x0fe5dc83) lhu     s9, 254(a1)
core   0: 3 0x8000bd48 (0x0fe5dc83) x25 0x00000000 mem 0x80010458
core   0: 0x8000bd4c (0x11e1b793) sltiu   a5, gp, 286
core   0: 3 0x8000bd4c (0x11e1b793) x15 0x00000001
core   0: 0x8000bd50 (0x0f059183) lh      gp, 240(a1)
core   0: 3 0x8000bd50 (0x0f059183) x 3 0x00000000 mem 0x8001044a
core   0: 0x8000bd54 (0x21acb797) auipc   a5, 0x21acb
core   0: 3 0x8000bd54 (0x21acb797) x15 0xa1ad6d54
core   0: 0x8000bd58 (0xe9a1e213) ori     tp, gp, -358
core   0: 3 0x8000bd58 (0xe9a1e213) x 4 0xfffffe9a
core   0: 0x8000bd5c (0xe957b893) sltiu   a7, a5, -363
core   0: 3 0x8000bd5c (0xe957b893) x17 0x00000001
core   0: 0x8000bd60 (0x000087c9) c.srai  a5, 18
core   0: 3 0x8000bd60 (0x87c9) x15 0xffffe86b
core   0: 0x8000bd62 (0xfd059783) lh      a5, -48(a1)
core   0: 3 0x8000bd62 (0xfd059783) x15 0x00000000 mem 0x8001032a
core   0: 0x8000bd66 (0x000011fd) c.addi  gp, -1
core   0: 3 0x8000bd66 (0x11fd) x 3 0xffffffff
core   0: 0x8000bd68 (0xff958123) sb      s9, -30(a1)
core   0: 3 0x8000bd68 (0xff958123) mem 0x8001033c 0x0
core   0: 0x8000bd6c (0x08d58c83) lb      s9, 141(a1)
core   0: 3 0x8000bd6c (0x08d58c83) x25 0x00000000 mem 0x800103e7
core   0: 0x8000bd70 (0xffe00693) li      a3, -2
core   0: 3 0x8000bd70 (0xffe00693) x13 0xfffffffe
core   0: 0x8000bd74 (0x01200a93) li      s5, 18
core   0: 3 0x8000bd74 (0x01200a93) x21 0x00000012
core   0: 0x8000bd78 (0xe6dc2093) slti    ra, s8, -403
core   0: 3 0x8000bd78 (0xe6dc2093) x 1 0x00000000
core   0: 0x8000bd7c (0x00000691) c.addi  a3, 4
core   0: 3 0x8000bd7c (0x0691) x13 0x00000002
core   0: 0x8000bd7e (0xff800493) li      s1, -8
core   0: 3 0x8000bd7e (0xff800493) x 9 0xfffffff8
core   0: 0x8000bd82 (0xffc00793) li      a5, -4
core   0: 3 0x8000bd82 (0xffc00793) x15 0xfffffffc
core   0: 0x8000bd86 (0x000061a1) c.lui   gp, 0x8
core   0: 3 0x8000bd86 (0x61a1) x 3 0x00008000
core   0: 0x8000bd88 (0x00000495) c.addi  s1, 5
core   0: 3 0x8000bd88 (0x0495) x 9 0xfffffffd
core   0: 0x8000bd8a (0xfef4cee3) blt     s1, a5, pc - 4
core   0: 3 0x8000bd8a (0xfef4cee3)
core   0: 0x8000bd8e (0xff5695e3) bne     a3, s5, pc - 22
core   0: 3 0x8000bd8e (0xff5695e3)
core   0: 0x8000bd78 (0xe6dc2093) slti    ra, s8, -403
core   0: 3 0x8000bd78 (0xe6dc2093) x 1 0x00000000
core   0: 0x8000bd7c (0x00000691) c.addi  a3, 4
core   0: 3 0x8000bd7c (0x0691) x13 0x00000006
core   0: 0x8000bd7e (0xff800493) li      s1, -8
core   0: 3 0x8000bd7e (0xff800493) x 9 0xfffffff8
core   0: 0x8000bd82 (0xffc00793) li      a5, -4
core   0: 3 0x8000bd82 (0xffc00793) x15 0xfffffffc
core   0: 0x8000bd86 (0x000061a1) c.lui   gp, 0x8
core   0: 3 0x8000bd86 (0x61a1) x 3 0x00008000
core   0: 0x8000bd88 (0x00000495) c.addi  s1, 5
core   0: 3 0x8000bd88 (0x0495) x 9 0xfffffffd
core   0: 0x8000bd8a (0xfef4cee3) blt     s1, a5, pc - 4
core   0: 3 0x8000bd8a (0xfef4cee3)
core   0: 0x8000bd8e (0xff5695e3) bne     a3, s5, pc - 22
core   0: 3 0x8000bd8e (0xff5695e3)
core   0: 0x8000bd78 (0xe6dc2093) slti    ra, s8, -403
core   0: 3 0x8000bd78 (0xe6dc2093) x 1 0x00000000
core   0: 0x8000bd7c (0x00000691) c.addi  a3, 4
core   0: 3 0x8000bd7c (0x0691) x13 0x0000000a
core   0: 0x8000bd7e (0xff800493) li      s1, -8
core   0: 3 0x8000bd7e (0xff800493) x 9 0xfffffff8
core   0: 0x8000bd82 (0xffc00793) li      a5, -4
core   0: 3 0x8000bd82 (0xffc00793) x15 0xfffffffc
core   0: 0x8000bd86 (0x000061a1) c.lui   gp, 0x8
core   0: 3 0x8000bd86 (0x61a1) x 3 0x00008000
core   0: 0x8000bd88 (0x00000495) c.addi  s1, 5
core   0: 3 0x8000bd88 (0x0495) x 9 0xfffffffd
core   0: 0x8000bd8a (0xfef4cee3) blt     s1, a5, pc - 4
core   0: 3 0x8000bd8a (0xfef4cee3)
core   0: 0x8000bd8e (0xff5695e3) bne     a3, s5, pc - 22
core   0: 3 0x8000bd8e (0xff5695e3)
core   0: 0x8000bd78 (0xe6dc2093) slti    ra, s8, -403
core   0: 3 0x8000bd78 (0xe6dc2093) x 1 0x00000000
core   0: 0x8000bd7c (0x00000691) c.addi  a3, 4
core   0: 3 0x8000bd7c (0x0691) x13 0x0000000e
core   0: 0x8000bd7e (0xff800493) li      s1, -8
core   0: 3 0x8000bd7e (0xff800493) x 9 0xfffffff8
core   0: 0x8000bd82 (0xffc00793) li      a5, -4
core   0: 3 0x8000bd82 (0xffc00793) x15 0xfffffffc
core   0: 0x8000bd86 (0x000061a1) c.lui   gp, 0x8
core   0: 3 0x8000bd86 (0x61a1) x 3 0x00008000
core   0: 0x8000bd88 (0x00000495) c.addi  s1, 5
core   0: 3 0x8000bd88 (0x0495) x 9 0xfffffffd
core   0: 0x8000bd8a (0xfef4cee3) blt     s1, a5, pc - 4
core   0: 3 0x8000bd8a (0xfef4cee3)
core   0: 0x8000bd8e (0xff5695e3) bne     a3, s5, pc - 22
core   0: 3 0x8000bd8e (0xff5695e3)
core   0: 0x8000bd78 (0xe6dc2093) slti    ra, s8, -403
core   0: 3 0x8000bd78 (0xe6dc2093) x 1 0x00000000
core   0: 0x8000bd7c (0x00000691) c.addi  a3, 4
core   0: 3 0x8000bd7c (0x0691) x13 0x00000012
core   0: 0x8000bd7e (0xff800493) li      s1, -8
core   0: 3 0x8000bd7e (0xff800493) x 9 0xfffffff8
core   0: 0x8000bd82 (0xffc00793) li      a5, -4
core   0: 3 0x8000bd82 (0xffc00793) x15 0xfffffffc
core   0: 0x8000bd86 (0x000061a1) c.lui   gp, 0x8
core   0: 3 0x8000bd86 (0x61a1) x 3 0x00008000
core   0: 0x8000bd88 (0x00000495) c.addi  s1, 5
core   0: 3 0x8000bd88 (0x0495) x 9 0xfffffffd
core   0: 0x8000bd8a (0xfef4cee3) blt     s1, a5, pc - 4
core   0: 3 0x8000bd8a (0xfef4cee3)
core   0: 0x8000bd8e (0xff5695e3) bne     a3, s5, pc - 22
core   0: 3 0x8000bd8e (0xff5695e3)
core   0: 0x8000bd92 (0x40645f93) srai    t6, s0, 6
core   0: 3 0x8000bd92 (0x40645f93) x31 0x00000000
core   0: 0x8000bd96 (0x37ce4397) auipc   t2, 0x37ce4
core   0: 3 0x8000bd96 (0x37ce4397) x 7 0xb7cefd96
core   0: 0x8000bd9a (0x03cdc963) blt     s11, t3, pc + 50
core   0: 3 0x8000bd9a (0x03cdc963)
core   0: 0x8000bd9e (0x00008f01) c.sub   a4, s0
core   0: 3 0x8000bd9e (0x8f01) x14 0x00000001
core   0: 0x8000bda0 (0x0105f233) and     tp, a1, a6
core   0: 3 0x8000bda0 (0x0105f233) x 4 0x00010000
core   0: 0x8000bda4 (0x0000e085) c.bnez  s1, pc + 32
core   0: 3 0x8000bda4 (0xe085)
core   0: 0x8000bdc4 (0x00008cc2) c.mv    s9, a6
core   0: 3 0x8000bdc4 (0x8cc2) x25 0x28190c80
core   0: 0x8000bdc6 (0x00008fa1) c.xor   a5, s0
core   0: 3 0x8000bdc6 (0x8fa1) x15 0xfffffffc
core   0: 0x8000bdc8 (0xf7b38113) addi    sp, t2, -133
core   0: 3 0x8000bdc8 (0xf7b38113) x 2 0xb7cefd11
core   0: 0x8000bdcc (0x01fd5233) srl     tp, s10, t6
core   0: 3 0x8000bdcc (0x01fd5233) x 4 0x00000000
core   0: 0x8000bdd0 (0x0000c029) c.beqz  s0, pc + 66
core   0: 3 0x8000bdd0 (0xc029)
core   0: 0x8000be12 (0x01c167b3) or      a5, sp, t3
core   0: 3 0x8000be12 (0x01c167b3) x15 0xb7cefd11
core   0: 0x8000be16 (0x021702b3) mul     t0, a4, ra
core   0: 3 0x8000be16 (0x021702b3) x 5 0x00000000
core   0: 0x8000be1a (0x01fb1f63) bne     s6, t6, pc + 30
core   0: 3 0x8000be1a (0x01fb1f63)
core   0: 0x8000be38 (0xc2da6093) ori     ra, s4, -979
core   0: 3 0x8000be38 (0xc2da6093) x 1 0xfffffc2d
core   0: 0x8000be3c (0x02e8a733) mulhsu  a4, a7, a4
core   0: 3 0x8000be3c (0x02e8a733) x14 0x00000000
core   0: 0x8000be40 (0x897f3713) sltiu   a4, t5, -1897
core   0: 3 0x8000be40 (0x897f3713) x14 0x00000001
core   0: 0x8000be44 (0x0165c863) blt     a1, s6, pc + 16
core   0: 3 0x8000be44 (0x0165c863)
core   0: 0x8000be54 (0x03a5afb3) mulhsu  t6, a1, s10
core   0: 3 0x8000be54 (0x03a5afb3) x31 0x00000000
core   0: 0x8000be58 (0x09c2ee93) ori     t4, t0, 156
core   0: 3 0x8000be58 (0x09c2ee93) x29 0x0000009c
core   0: 0x8000be5c (0x00008e9d) c.sub   a3, a5
core   0: 3 0x8000be5c (0x8e9d) x13 0x48310301
core   0: 0x8000be5e (0x00008df1) c.and   a1, a2
core   0: 3 0x8000be5e (0x8df1) x11 0x80000150
core   0: 0x8000be60 (0x5f753193) sltiu   gp, a0, 1527
core   0: 3 0x8000be60 (0x5f753193) x 3 0x00000000
core   0: 0x8000be64 (0x00000001) c.nop
core   0: 3 0x8000be64 (0x0001)
core   0: 0x8000be66 (0x03696d63) bltu    s2, s6, pc + 58
core   0: 3 0x8000be66 (0x03696d63)
core   0: 0x8000be6a (0x02aafa33) remu    s4, s5, a0
core   0: 3 0x8000be6a (0x02aafa33) x20 0x00000012
core   0: 0x8000be6e (0x41af5893) srai    a7, t5, 26
core   0: 3 0x8000be6e (0x41af5893) x17 0xffffffe0
core   0: 0x8000be72 (0x000009d2) c.slli  s3, 20
core   0: 3 0x8000be72 (0x09d2) x19 0x00000000
core   0: 0x8000be74 (0x00008eed) c.and   a3, a1
core   0: 3 0x8000be74 (0x8eed) x13 0x00000100
core   0: 0x8000be76 (0x028251b3) divu    gp, tp, s0
core   0: 3 0x8000be76 (0x028251b3) x 3 0xffffffff
core   0: 0x8000be7a (0x0094d0b3) srl     ra, s1, s1
core   0: 3 0x8000be7a (0x0094d0b3) x 1 0x00000007
core   0: 0x8000be7e (0x000067bd) c.lui   a5, 0xf
core   0: 3 0x8000be7e (0x67bd) x15 0x0000f000
core   0: 0x8000be80 (0xafe0f893) andi    a7, ra, -1282
core   0: 3 0x8000be80 (0xafe0f893) x17 0x00000006
core   0: 0x8000be84 (0x0000100f) fence.i
core   0: 3 0x8000be84 (0x0000100f)
core   0: 0x8000be88 (0x02c10763) beq     sp, a2, pc + 46
core   0: 3 0x8000be88 (0x02c10763)
core   0: 0x8000be8c (0x00008c01) c.sub   s0, s0
core   0: 3 0x8000be8c (0x8c01) x 8 0x00000000
core   0: 0x8000be8e (0x28e74cb7) lui     s9, 0x28e74
core   0: 3 0x8000be8e (0x28e74cb7) x25 0x28e74000
core   0: 0x8000be92 (0x99aaab13) slti    s6, s5, -1638
core   0: 3 0x8000be92 (0x99aaab13) x22 0x00000000
core   0: 0x8000be96 (0x005189b3) add     s3, gp, t0
core   0: 3 0x8000be96 (0x005189b3) x19 0xffffffff
core   0: 0x8000be9a (0x00008ced) c.and   s1, a1
core   0: 3 0x8000be9a (0x8ced) x 9 0x80000150
core   0: 0x8000be9c (0x0b427f97) auipc   t6, 0xb427
core   0: 3 0x8000be9c (0x0b427f97) x31 0x8b432e9c
core   0: 0x8000bea0 (0x41d38cb3) sub     s9, t2, t4
core   0: 3 0x8000bea0 (0x41d38cb3) x25 0xb7cefcfa
core   0: 0x8000bea4 (0x0000c595) c.beqz  a1, pc + 44
core   0: 3 0x8000bea4 (0xc595)
core   0: 0x8000bea6 (0x021f29b3) mulhsu  s3, t5, ra
core   0: 3 0x8000bea6 (0x021f29b3) x19 0xfffffffc
core   0: 0x8000beaa (0x01b5aa33) slt     s4, a1, s11
core   0: 3 0x8000beaa (0x01b5aa33) x20 0x00000001
core   0: 0x8000beae (0x0000527d) c.li    tp, -1
core   0: 3 0x8000beae (0x527d) x 4 0xffffffff
core   0: 0x8000beb0 (0x00008c59) c.or    s0, a4
core   0: 3 0x8000beb0 (0x8c59) x 8 0x00000001
core   0: 0x8000beb2 (0x00008ee5) c.and   a3, s1
core   0: 3 0x8000beb2 (0x8ee5) x13 0x00000100
core   0: 0x8000beb4 (0x0000c99d) c.beqz  a1, pc + 54
core   0: 3 0x8000beb4 (0xc99d)
core   0: 0x8000beb6 (0x00006835) c.lui   a6, 0xd
core   0: 3 0x8000beb6 (0x6835) x16 0x0000d000
core   0: 0x8000beb8 (0x00000001) c.nop
core   0: 3 0x8000beb8 (0x0001)
core   0: 0x8000beba (0x00dd71b3) and     gp, s10, a3
core   0: 3 0x8000beba (0x00dd71b3) x 3 0x00000000
core   0: 0x8000bebe (0x00008e89) c.sub   a3, a0
core   0: 3 0x8000bebe (0x8e89) x13 0x7ffd641c
core   0: 0x8000bec0 (0x00000001) c.nop
core   0: 3 0x8000bec0 (0x0001)
core   0: 0x8000bec2 (0x22b53a93) sltiu   s5, a0, 555
core   0: 3 0x8000bec2 (0x22b53a93) x21 0x00000000
core   0: 0x8000bec6 (0x0000c799) c.beqz  a5, pc + 14
core   0: 3 0x8000bec6 (0xc799)
core   0: 0x8000bec8 (0x0000987d) c.andi  s0, -1
core   0: 3 0x8000bec8 (0x987d) x 8 0x00000001
core   0: 0x8000beca (0x00008cf5) c.and   s1, a3
core   0: 3 0x8000beca (0x8cf5) x 9 0x00000010
core   0: 0x8000becc (0x00008f41) c.or    a4, s0
core   0: 3 0x8000becc (0x8f41) x14 0x00000001
core   0: 0x8000bece (0x0000eb19) c.bnez  a4, pc + 22
core   0: 3 0x8000bece (0xeb19)
core   0: 0x8000bee4 (0x02d13f33) mulhu   t5, sp, a3
core   0: 3 0x8000bee4 (0x02d13f33) x30 0x5be59efc
core   0: 0x8000bee8 (0x00008fd9) c.or    a5, a4
core   0: 3 0x8000bee8 (0x8fd9) x15 0x0000f001
core   0: 0x8000beea (0x0ff0000f) fence   iorw,iorw
core   0: 3 0x8000beea (0x0ff0000f)
core   0: 0x8000beee (0x008c6f33) or      t5, s8, s0
core   0: 3 0x8000beee (0x008c6f33) x30 0x00000001
core   0: 0x8000bef2 (0x00008f69) c.and   a4, a0
core   0: 3 0x8000bef2 (0x8f69) x14 0x00000000
core   0: 0x8000bef4 (0x0335fcb3) remu    s9, a1, s3
core   0: 3 0x8000bef4 (0x0335fcb3) x25 0x80000150
core   0: 0x8000bef8 (0x000045e9) c.li    a1, 26
core   0: 3 0x8000bef8 (0x45e9) x11 0x0000001a
core   0: 0x8000befa (0x00d1f563) bgeu    gp, a3, pc + 10
core   0: 3 0x8000befa (0x00d1f563)
core   0: 0x8000befe (0x00008ca9) c.xor   s1, a0
core   0: 3 0x8000befe (0x8ca9) x 9 0x80029cf4
core   0: 0x8000bf00 (0x01fa7133) and     sp, s4, t6
core   0: 3 0x8000bf00 (0x01fa7133) x 2 0x00000000
core   0: 0x8000bf04 (0x01efc763) blt     t6, t5, pc + 14
core   0: 3 0x8000bf04 (0x01efc763)
core   0: 0x8000bf12 (0x012e52b3) srl     t0, t3, s2
core   0: 3 0x8000bf12 (0x012e52b3) x 5 0x00000000
core   0: 0x8000bf16 (0x08678d63) beq     a5, t1, pc + 154
core   0: 3 0x8000bf16 (0x08678d63)
core   0: 0x8000bf1a (0x00000241) c.addi  tp, 16
core   0: 3 0x8000bf1a (0x0241) x 4 0x0000000f
core   0: 0x8000bf1c (0x09586563) bltu    a6, s5, pc + 138
core   0: 3 0x8000bf1c (0x09586563)
core   0: 0x8000bf20 (0x40e85b13) srai    s6, a6, 14
core   0: 3 0x8000bf20 (0x40e85b13) x22 0x00000003
core   0: 0x8000bf24 (0x00008fbe) c.mv    t6, a5
core   0: 3 0x8000bf24 (0x8fbe) x31 0x0000f001
core   0: 0x8000bf26 (0x0ff0000f) fence   iorw,iorw
core   0: 3 0x8000bf26 (0x0ff0000f)
core   0: 0x8000bf2a (0x018b5cb3) srl     s9, s6, s8
core   0: 3 0x8000bf2a (0x018b5cb3) x25 0x00000003
core   0: 0x8000bf2e (0xb339b893) sltiu   a7, s3, -1229
core   0: 3 0x8000bf2e (0xb339b893) x17 0x00000000
core   0: 0x8000bf32 (0xe8d97a17) auipc   s4, 0xe8d97
core   0: 3 0x8000bf32 (0xe8d97a17) x20 0x68da2f32
core   0: 0x8000bf36 (0x0000100f) fence.i
core   0: 3 0x8000bf36 (0x0000100f)
core   0: 0x8000bf3a (0x00005217) auipc   tp, 0x5
core   0: 3 0x8000bf3a (0x00005217) x 4 0x80010f3a
core   0: 0x8000bf3e (0xa7620213) addi    tp, tp, -1418
core   0: 3 0x8000bf3e (0xa7620213) x 4 0x800109b0
core   0: 0x8000bf42 (0x01a20b23) sb      s10, 22(tp)
core   0: 3 0x8000bf42 (0x01a20b23) mem 0x800109c6 0x0
core   0: 0x8000bf46 (0x0000c397) auipc   t2, 0xc
core   0: 3 0x8000bf46 (0x0000c397) x 7 0x80017f46
core   0: 0x8000bf4a (0xb5938393) addi    t2, t2, -1191
core   0: 3 0x8000bf4a (0xb5938393) x 7 0x80017a9f
core   0: 0x8000bf4e (0x01238083) lb      ra, 18(t2)
core   0: 3 0x8000bf4e (0x01238083) x 1 0x00000000 mem 0x80017ab1
core   0: 0x8000bf52 (0xfc238d03) lb      s10, -62(t2)
core   0: 3 0x8000bf52 (0xfc238d03) x26 0x00000000 mem 0x80017a61
core   0: 0x8000bf56 (0x00625f83) lhu     t6, 6(tp)
core   0: 3 0x8000bf56 (0x00625f83) x31 0x00000000 mem 0x800109b6
core   0: 0x8000bf5a (0xfde384a3) sb      t5, -55(t2)
core   0: 3 0x8000bf5a (0xfde384a3) mem 0x80017a68 0x1
core   0: 0x8000bf5e (0xfe322823) sw      gp, -16(tp)
core   0: 3 0x8000bf5e (0xfe322823) mem 0x800109a0 0x00000000
core   0: 0x8000bf62 (0xff13df03) lhu     t5, -15(t2)
core   0: 3 0x8000bf62 (0xff13df03) x30 0x00000000 mem 0x80017a90
core   0: 0x8000bf66 (0xfc13d703) lhu     a4, -63(t2)
core   0: 3 0x8000bf66 (0xfc13d703) x14 0x00000000 mem 0x80017a60
core   0: 0x8000bf6a (0xfdc3aca3) sw      t3, -39(t2)
core   0: 3 0x8000bf6a (0xfdc3aca3) mem 0x80017a78 0x00000000
core   0: 0x8000bf6e (0xff620303) lb      t1, -10(tp)
core   0: 3 0x8000bf6e (0xff620303) x 6 0x00000000 mem 0x800109a6
core   0: 0x8000bf72 (0x0163cf03) lbu     t5, 22(t2)
core   0: 3 0x8000bf72 (0x0163cf03) x30 0x00000000 mem 0x80017ab5
core   0: 0x8000bf76 (0xfe220903) lb      s2, -30(tp)
core   0: 3 0x8000bf76 (0xfe220903) x18 0x00000000 mem 0x80010992
core   0: 0x8000bf7a (0xfe124a03) lbu     s4, -31(tp)
core   0: 3 0x8000bf7a (0xfe124a03) x20 0x00000000 mem 0x80010991
core   0: 0x8000bf7e (0xfd03cf83) lbu     t6, -48(t2)
core   0: 3 0x8000bf7e (0xfd03cf83) x31 0x00000000 mem 0x80017a6f
core   0: 0x8000bf82 (0xfc438103) lb      sp, -60(t2)
core   0: 3 0x8000bf82 (0xfc438103) x 2 0x00000000 mem 0x80017a63
core   0: 0x8000bf86 (0xffa25c83) lhu     s9, -6(tp)
core   0: 3 0x8000bf86 (0xffa25c83) x25 0x00000000 mem 0x800109aa
core   0: 0x8000bf8a (0x02638ba3) sb      t1, 55(t2)
core   0: 3 0x8000bf8a (0x02638ba3) mem 0x80017ad6 0x0
core   0: 0x8000bf8e (0xa6b3a113) slti    sp, t2, -1429
core   0: 3 0x8000bf8e (0xa6b3a113) x 2 0x00000001
core   0: 0x8000bf92 (0x00e95713) srli    a4, s2, 14
core   0: 3 0x8000bf92 (0x00e95713) x14 0x00000000
core   0: 0x8000bf96 (0x03370933) mul     s2, a4, s3
core   0: 3 0x8000bf96 (0x03370933) x18 0x00000000
core   0: 0x8000bf9a (0x02075263) bgez    a4, pc + 36
core   0: 3 0x8000bf9a (0x02075263)
core   0: 0x8000bfbe (0x000009c6) c.slli  s3, 17
core   0: 3 0x8000bfbe (0x09c6) x19 0xfff80000
core   0: 0x8000bfc0 (0x55dca813) slti    a6, s9, 1373
core   0: 3 0x8000bfc0 (0x55dca813) x16 0x00000001
core   0: 0x8000bfc4 (0x411a55b3) sra     a1, s4, a7
core   0: 3 0x8000bfc4 (0x411a55b3) x11 0x00000000
core   0: 0x8000bfc8 (0x00c95b93) srli    s7, s2, 12
core   0: 3 0x8000bfc8 (0x00c95b93) x23 0x00000000
core   0: 0x8000bfcc (0x00008c19) c.sub   s0, a4
core   0: 3 0x8000bfcc (0x8c19) x 8 0x00000001
core   0: 0x8000bfce (0x52752c13) slti    s8, a0, 1319
core   0: 3 0x8000bfce (0x52752c13) x24 0x00000001
core   0: 0x8000bfd2 (0x41838933) sub     s2, t2, s8
core   0: 3 0x8000bfd2 (0x41838933) x18 0x80017a9e
core   0: 0x8000bfd6 (0xf7796193) ori     gp, s2, -137
core   0: 3 0x8000bfd6 (0xf7796193) x 3 0xffffffff
core   0: 0x8000bfda (0x40e25093) srai    ra, tp, 14
core   0: 3 0x8000bfda (0x40e25093) x 1 0xfffe0004
core   0: 0x8000bfde (0x0000c599) c.beqz  a1, pc + 14
core   0: 3 0x8000bfde (0xc599)
core   0: 0x8000bfec (0xd4b33c93) sltiu   s9, t1, -693
core   0: 3 0x8000bfec (0xd4b33c93) x25 0x00000001
core   0: 0x8000bff0 (0x039fa7b3) mulhsu  a5, t6, s9
core   0: 3 0x8000bff0 (0x039fa7b3) x15 0x00000000
core   0: 0x8000bff4 (0x52623937) lui     s2, 0x52623
core   0: 3 0x8000bff4 (0x52623937) x18 0x52623000
core   0: 0x8000bff8 (0x0231de63) bge     gp, gp, pc + 60
core   0: 3 0x8000bff8 (0x0231de63)
core   0: 0x8000c034 (0x2d7bae97) auipc   t4, 0x2d7ba
core   0: 3 0x8000c034 (0x2d7bae97) x29 0xad7c6034
core   0: 0x8000c038 (0x019147b3) xor     a5, sp, s9
core   0: 3 0x8000c038 (0x019147b3) x15 0x00000000
core   0: 0x8000c03c (0x038344b3) div     s1, t1, s8
core   0: 3 0x8000c03c (0x038344b3) x 9 0x00000000
core   0: 0x8000c040 (0x018b31b3) sltu    gp, s6, s8
core   0: 3 0x8000c040 (0x018b31b3) x 3 0x00000000
core   0: 0x8000c044 (0x0000c029) c.beqz  s0, pc + 66
core   0: 3 0x8000c044 (0xc029)
core   0: 0x8000c046 (0x00000001) c.nop
core   0: 3 0x8000c046 (0x0001)
core   0: 0x8000c048 (0x00000001) c.nop
core   0: 3 0x8000c048 (0x0001)
core   0: 0x8000c04a (0x0191d293) srli    t0, gp, 25
core   0: 3 0x8000c04a (0x0191d293) x 5 0x00000000
core   0: 0x8000c04e (0x00690b63) beq     s2, t1, pc + 22
core   0: 3 0x8000c04e (0x00690b63)
core   0: 0x8000c052 (0x038be033) rem     zero, s7, s8
core   0: 3 0x8000c052 (0x038be033)
core   0: 0x8000c056 (0x000098fd) c.andi  s1, -1
core   0: 3 0x8000c056 (0x98fd) x 9 0x00000000
core   0: 0x8000c058 (0x3afc2e93) slti    t4, s8, 943
core   0: 3 0x8000c058 (0x3afc2e93) x29 0x00000001
core   0: 0x8000c05c (0x029b1a33) mulh    s4, s6, s1
core   0: 3 0x8000c05c (0x029b1a33) x20 0x00000000
core   0: 0x8000c060 (0x016aea63) bltu    s5, s6, pc + 20
core   0: 3 0x8000c060 (0x016aea63)
core   0: 0x8000c074 (0x0315e7b3) rem     a5, a1, a7
core   0: 3 0x8000c074 (0x0315e7b3) x15 0x00000000
core   0: 0x8000c078 (0x0163a9b3) slt     s3, t2, s6
core   0: 3 0x8000c078 (0x0163a9b3) x19 0x00000001
core   0: 0x8000c07c (0x8902e913) ori     s2, t0, -1904
core   0: 3 0x8000c07c (0x8902e913) x18 0xfffff890
core   0: 0x8000c080 (0x00009afd) c.andi  a3, -1
core   0: 3 0x8000c080 (0x9afd) x13 0x7ffd641c
core   0: 0x8000c082 (0x0000e3a1) c.bnez  a5, pc + 64
core   0: 3 0x8000c082 (0xe3a1)
core   0: 0x8000c084 (0x00008f81) c.sub   a5, s0
core   0: 3 0x8000c084 (0x8f81) x15 0xffffffff
core   0: 0x8000c086 (0x00000e9c) c.addi4spn a5, sp, 848
core   0: 3 0x8000c086 (0x0e9c) x15 0x00000351
core   0: 0x8000c088 (0x006d9793) slli    a5, s11, 6
core   0: 3 0x8000c088 (0x006d9793) x15 0x90b86500
core   0: 0x8000c08c (0x02678663) beq     a5, t1, pc + 44
core   0: 3 0x8000c08c (0x02678663)
core   0: 0x8000c090 (0x00008fd5) c.or    a5, a3
core   0: 3 0x8000c090 (0x8fd5) x15 0xfffd651c
core   0: 0x8000c092 (0x023372b3) remu    t0, t1, gp
core   0: 3 0x8000c092 (0x023372b3) x 5 0x00000000
core   0: 0x8000c096 (0x66a16c93) ori     s9, sp, 1642
core   0: 3 0x8000c096 (0x66a16c93) x25 0x0000066b
core   0: 0x8000c09a (0x0000128c) c.addi4spn a1, sp, 352
core   0: 3 0x8000c09a (0x128c) x11 0x00000161
core   0: 0x8000c09c (0x00008c3d) c.xor   s0, a5
core   0: 3 0x8000c09c (0x8c3d) x 8 0xfffd651d
core   0: 0x8000c09e (0x32e892b7) lui     t0, 0x32e89
core   0: 3 0x8000c09e (0x32e892b7) x 5 0x32e89000
core   0: 0x8000c0a2 (0xeafbfa93) andi    s5, s7, -337
core   0: 3 0x8000c0a2 (0xeafbfa93) x21 0x00000000
core   0: 0x8000c0a6 (0x038b38b3) mulhu   a7, s6, s8
core   0: 3 0x8000c0a6 (0x038b38b3) x17 0x00000000
core   0: 0x8000c0aa (0x03dbecb3) rem     s9, s7, t4
core   0: 3 0x8000c0aa (0x03dbecb3) x25 0x00000000
core   0: 0x8000c0ae (0x0291e933) rem     s2, gp, s1
core   0: 3 0x8000c0ae (0x0291e933) x18 0x00000000
core   0: 0x8000c0b2 (0x00fb9733) sll     a4, s7, a5
core   0: 3 0x8000c0b2 (0x00fb9733) x14 0x00000000
core   0: 0x8000c0b6 (0x00008e9d) c.sub   a3, a5
core   0: 3 0x8000c0b6 (0x8e9d) x13 0x7fffff00
core   0: 0x8000c0b8 (0x01c61193) slli    gp, a2, 28
core   0: 3 0x8000c0b8 (0x01c61193) x 3 0x40000000
core   0: 0x8000c0bc (0x02235b33) divu    s6, t1, sp
core   0: 3 0x8000c0bc (0x02235b33) x22 0x00000000
core   0: 0x8000c0c0 (0x00009b7d) c.andi  a4, -1
core   0: 3 0x8000c0c0 (0x9b7d) x14 0x00000000
core   0: 0x8000c0c2 (0xec87f217) auipc   tp, 0xec87f
core   0: 3 0x8000c0c2 (0xec87f217) x 4 0x6c88b0c2
core   0: 0x8000c0c6 (0x000010fd) c.addi  ra, -1
core   0: 3 0x8000c0c6 (0x10fd) x 1 0xfffe0003
core   0: 0x8000c0c8 (0x00827e63) bgeu    tp, s0, pc + 28
core   0: 3 0x8000c0c8 (0x00827e63)
core   0: 0x8000c0cc (0x0000147d) c.addi  s0, -1
core   0: 3 0x8000c0cc (0x147d) x 8 0xfffd651c
core   0: 0x8000c0ce (0x0000100f) fence.i
core   0: 3 0x8000c0ce (0x0000100f)
core   0: 0x8000c0d2 (0x03cf1033) mulh    zero, t5, t3
core   0: 3 0x8000c0d2 (0x03cf1033)
core   0: 0x8000c0d6 (0x00d319b3) sll     s3, t1, a3
core   0: 3 0x8000c0d6 (0x00d319b3) x19 0x00000000
core   0: 0x8000c0da (0x00001b84) c.addi4spn s1, sp, 496
core   0: 3 0x8000c0da (0x1b84) x 9 0x000001f1
core   0: 0x8000c0dc (0x01cdd713) srli    a4, s11, 28
core   0: 3 0x8000c0dc (0x01cdd713) x14 0x00000004
core   0: 0x8000c0e0 (0x03daa8b3) mulhsu  a7, s5, t4
core   0: 3 0x8000c0e0 (0x03daa8b3) x17 0x00000000
core   0: 0x8000c0e4 (0x05ec4063) blt     s8, t5, pc + 64
core   0: 3 0x8000c0e4 (0x05ec4063)
core   0: 0x8000c0e8 (0x4053d993) srai    s3, t2, 5
core   0: 3 0x8000c0e8 (0x4053d993) x19 0xfc000bd4
core   0: 0x8000c0ec (0x4f248293) addi    t0, s1, 1266
core   0: 3 0x8000c0ec (0x4f248293) x 5 0x000006e3
core   0: 0x8000c0f0 (0x01431813) slli    a6, t1, 20
core   0: 3 0x8000c0f0 (0x01431813) x16 0x00000000
core   0: 0x8000c0f4 (0x00008c61) c.and   s0, s0
core   0: 3 0x8000c0f4 (0x8c61) x 8 0xfffd651c
core   0: 0x8000c0f6 (0x00008fb1) c.xor   a5, a2
core   0: 3 0x8000c0f6 (0x8fb1) x15 0x7fff38e8
core   0: 0x8000c0f8 (0x01181113) slli    sp, a6, 17
core   0: 3 0x8000c0f8 (0x01181113) x 2 0x00000000
core   0: 0x8000c0fc (0x0356afb3) mulhsu  t6, a3, s5
core   0: 3 0x8000c0fc (0x0356afb3) x31 0x00000000
core   0: 0x8000c100 (0x04a8c163) blt     a7, a0, pc + 66
core   0: 3 0x8000c100 (0x04a8c163)
core   0: 0x8000c104 (0x00bb1713) slli    a4, s6, 11
core   0: 3 0x8000c104 (0x00bb1713) x14 0x00000000
core   0: 0x8000c108 (0x02439a63) bne     t2, tp, pc + 52
core   0: 3 0x8000c108 (0x02439a63)
core   0: 0x8000c13c (0x000005a6) c.slli  a1, 9
core   0: 3 0x8000c13c (0x05a6) x11 0x0002c200
core   0: 0x8000c13e (0x03e490b3) mulh    ra, s1, t5
core   0: 3 0x8000c13e (0x03e490b3) x 1 0x00000000
core   0: 0x8000c142 (0x01535413) srli    s0, t1, 21
core   0: 3 0x8000c142 (0x01535413) x 8 0x00000000
core   0: 0x8000c146 (0x0137f3b3) and     t2, a5, s3
core   0: 3 0x8000c146 (0x0137f3b3) x 7 0x7c0008c0
core   0: 0x8000c14a (0x00008c29) c.xor   s0, a0
core   0: 3 0x8000c14a (0x8c29) x 8 0x80029ce4
core   0: 0x8000c14c (0x50017817) auipc   a6, 0x50017
core   0: 3 0x8000c14c (0x50017817) x16 0xd002314c
core   0: 0x8000c150 (0x00000001) c.nop
core   0: 3 0x8000c150 (0x0001)
core   0: 0x8000c152 (0x031707b3) mul     a5, a4, a7
core   0: 3 0x8000c152 (0x031707b3) x15 0x00000000
core   0: 0x8000c156 (0x03551c33) mulh    s8, a0, s5
core   0: 3 0x8000c156 (0x03551c33) x24 0x00000000
core   0: 0x8000c15a (0x4930bd13) sltiu   s10, ra, 1171
core   0: 3 0x8000c15a (0x4930bd13) x26 0x00000001
core   0: 0x8000c15e (0x0000100f) fence.i
core   0: 3 0x8000c15e (0x0000100f)
core   0: 0x8000c162 (0x0270f363) bgeu    ra, t2, pc + 38
core   0: 3 0x8000c162 (0x0270f363)
core   0: 0x8000c166 (0x4161df33) sra     t5, gp, s6
core   0: 3 0x8000c166 (0x4161df33) x30 0x40000000
core   0: 0x8000c16a (0x00ee9733) sll     a4, t4, a4
core   0: 3 0x8000c16a (0x00ee9733) x14 0x00000001
core   0: 0x8000c16e (0x00001214) c.addi4spn a3, sp, 288
core   0: 3 0x8000c16e (0x1214) x13 0x00000120
core   0: 0x8000c170 (0x000017fd) c.addi  a5, -1
core   0: 3 0x8000c170 (0x17fd) x15 0xffffffff
core   0: 0x8000c172 (0x020e7c63) bgeu    t3, zero, pc + 56
core   0: 3 0x8000c172 (0x020e7c63)
core   0: 0x8000c1aa (0x00a2d433) srl     s0, t0, a0
core   0: 3 0x8000c1aa (0x00a2d433) x 8 0x0000006e
core   0: 0x8000c1ae (0x03af6e33) rem     t3, t5, s10
core   0: 3 0x8000c1ae (0x03af6e33) x28 0x00000000
core   0: 0x8000c1b2 (0x665ab213) sltiu   tp, s5, 1637
core   0: 3 0x8000c1b2 (0x665ab213) x 4 0x00000001
core   0: 0x8000c1b6 (0x00008c45) c.or    s0, s1
core   0: 3 0x8000c1b6 (0x8c45) x 8 0x000001ff
core   0: 0x8000c1b8 (0x000086ae) c.mv    a3, a1
core   0: 3 0x8000c1b8 (0x86ae) x13 0x0002c200
core   0: 0x8000c1ba (0x0000100f) fence.i
core   0: 3 0x8000c1ba (0x0000100f)
core   0: 0x8000c1be (0x0000ee81) c.bnez  a3, pc + 24
core   0: 3 0x8000c1be (0xee81)
core   0: 0x8000c1d6 (0x411e0bb3) sub     s7, t3, a7
core   0: 3 0x8000c1d6 (0x411e0bb3) x23 0x00000000
core   0: 0x8000c1da (0x0000678d) c.lui   a5, 0x3
core   0: 3 0x8000c1da (0x678d) x15 0x00003000
core   0: 0x8000c1dc (0x0000886e) c.mv    a6, s11
core   0: 3 0x8000c1dc (0x886e) x16 0x4242e194
core   0: 0x8000c1de (0x000009c9) c.addi  s3, 18
core   0: 3 0x8000c1de (0x09c9) x19 0xfc000be6
core   0: 0x8000c1e0 (0x00d763b3) or      t2, a4, a3
core   0: 3 0x8000c1e0 (0x00d763b3) x 7 0x0002c201
core   0: 0x8000c1e4 (0x52710893) addi    a7, sp, 1319
core   0: 3 0x8000c1e4 (0x52710893) x17 0x00000527
core   0: 0x8000c1e8 (0x0000cb1d) c.beqz  a4, pc + 54
core   0: 3 0x8000c1e8 (0xcb1d)
core   0: 0x8000c1ea (0x0000c0a9) c.beqz  s1, pc + 66
core   0: 3 0x8000c1ea (0xc0a9)
core   0: 0x8000c1ec (0x00709d63) bne     ra, t2, pc + 26
core   0: 3 0x8000c1ec (0x00709d63)
core   0: 0x8000c206 (0x05058163) beq     a1, a6, pc + 66
core   0: 3 0x8000c206 (0x05058163)
core   0: 0x8000c20a (0x7f0e10b7) lui     ra, 0x7f0e1
core   0: 3 0x8000c20a (0x7f0e10b7) x 1 0x7f0e1000
core   0: 0x8000c20e (0x403c5733) sra     a4, s8, gp
core   0: 3 0x8000c20e (0x403c5733) x14 0x00000000
core   0: 0x8000c212 (0x03a45ab3) divu    s5, s0, s10
core   0: 3 0x8000c212 (0x03a45ab3) x21 0x000001ff
core   0: 0x8000c216 (0x00dcb0b3) sltu    ra, s9, a3
core   0: 3 0x8000c216 (0x00dcb0b3) x 1 0x00000001
core   0: 0x8000c21a (0x00000e76) c.slli  t3, 29
core   0: 3 0x8000c21a (0x0e76) x28 0x00000000
core   0: 0x8000c21c (0x00001d7d) c.addi  s10, -1
core   0: 3 0x8000c21c (0x1d7d) x26 0x00000000
core   0: 0x8000c21e (0x4155d893) srai    a7, a1, 21
core   0: 3 0x8000c21e (0x4155d893) x17 0x00000000
core   0: 0x8000c222 (0x0073ad33) slt     s10, t2, t2
core   0: 3 0x8000c222 (0x0073ad33) x26 0x00000000
core   0: 0x8000c226 (0xadf1ac13) slti    s8, gp, -1313
core   0: 3 0x8000c226 (0xadf1ac13) x24 0x00000000
core   0: 0x8000c22a (0x0000c189) c.beqz  a1, pc + 2
core   0: 3 0x8000c22a (0xc189)
core   0: 0x8000c22c (0x034ab7b3) mulhu   a5, s5, s4
core   0: 3 0x8000c22c (0x034ab7b3) x15 0x00000000
core   0: 0x8000c230 (0x01f2e463) bltu    t0, t6, pc + 8
core   0: 3 0x8000c230 (0x01f2e463)
core   0: 0x8000c234 (0x00008ea1) c.xor   a3, s0
core   0: 3 0x8000c234 (0x8ea1) x13 0x0002c3ff
core   0: 0x8000c236 (0x00008f5d) c.or    a4, a5
core   0: 3 0x8000c236 (0x8f5d) x14 0x00000000
core   0: 0x8000c238 (0x02f55733) divu    a4, a0, a5
core   0: 3 0x8000c238 (0x02f55733) x14 0xffffffff
core   0: 0x8000c23c (0x0203ceb3) div     t4, t2, zero
core   0: 3 0x8000c23c (0x0203ceb3) x29 0xffffffff
core   0: 0x8000c240 (0x03270b33) mul     s6, a4, s2
core   0: 3 0x8000c240 (0x03270b33) x22 0x00000000
core   0: 0x8000c244 (0x0000030c) c.addi4spn a1, sp, 384
core   0: 3 0x8000c244 (0x030c) x11 0x00000180
core   0: 0x8000c246 (0x000008e2) c.slli  a7, 24
core   0: 3 0x8000c246 (0x08e2) x17 0x00000000
core   0: 0x8000c248 (0x02dc2f33) mulhsu  t5, s8, a3
core   0: 3 0x8000c248 (0x02dc2f33) x30 0x00000000
core   0: 0x8000c24c (0x00001100) c.addi4spn s0, sp, 160
core   0: 3 0x8000c24c (0x1100) x 8 0x000000a0
core   0: 0x8000c24e (0xf3b98893) addi    a7, s3, -197
core   0: 3 0x8000c24e (0xf3b98893) x17 0xfc000b21
core   0: 0x8000c252 (0x00abf663) bgeu    s7, a0, pc + 12
core   0: 3 0x8000c252 (0x00abf663)
core   0: 0x8000c256 (0x0304d333) divu    t1, s1, a6
core   0: 3 0x8000c256 (0x0304d333) x 6 0x00000000
core   0: 0x8000c25a (0x02d1e433) rem     s0, gp, a3
core   0: 3 0x8000c25a (0x02d1e433) x 8 0x00008724
core   0: 0x8000c25e (0x00009afd) c.andi  a3, -1
core   0: 3 0x8000c25e (0x9afd) x13 0x0002c3ff
core   0: 0x8000c260 (0x02df69b3) rem     s3, t5, a3
core   0: 3 0x8000c260 (0x02df69b3) x19 0x00000000
core   0: 0x8000c264 (0x00008f79) c.and   a4, a4
core   0: 3 0x8000c264 (0x8f79) x14 0xffffffff
core   0: 0x8000c266 (0x00000b2e) c.slli  s6, 11
core   0: 3 0x8000c266 (0x0b2e) x22 0x00000000
core   0: 0x8000c268 (0x99148013) addi    zero, s1, -1647
core   0: 3 0x8000c268 (0x99148013)
core   0: 0x8000c26c (0x00000001) c.nop
core   0: 3 0x8000c26c (0x0001)
core   0: 0x8000c26e (0x02294733) div     a4, s2, sp
core   0: 3 0x8000c26e (0x02294733) x14 0xffffffff
core   0: 0x8000c272 (0x00008009) c.srli  s0, 2
core   0: 3 0x8000c272 (0x8009) x 8 0x000021c9
core   0: 0x8000c274 (0x02ce7e63) bgeu    t3, a2, pc + 60
core   0: 3 0x8000c274 (0x02ce7e63)
core   0: 0x8000c278 (0x0ff0000f) fence   iorw,iorw
core   0: 3 0x8000c278 (0x0ff0000f)
core   0: 0x8000c27c (0x00009596) c.add   a1, t0
core   0: 3 0x8000c27c (0x9596) x11 0x00000863
core   0: 0x8000c27e (0x00469713) slli    a4, a3, 4
core   0: 3 0x8000c27e (0x00469713) x14 0x002c3ff0
core   0: 0x8000c282 (0x407a8133) sub     sp, s5, t2
core   0: 3 0x8000c282 (0x407a8133) x 2 0xfffd3ffe
core   0: 0x8000c286 (0x0045f433) and     s0, a1, tp
core   0: 3 0x8000c286 (0x0045f433) x 8 0x00000001
core   0: 0x8000c28a (0x0294bd33) mulhu   s10, s1, s1
core   0: 3 0x8000c28a (0x0294bd33) x26 0x00000000
core   0: 0x8000c28e (0x00008c79) c.and   s0, a4
core   0: 3 0x8000c28e (0x8c79) x 8 0x00000000
core   0: 0x8000c290 (0x02204d63) blt     zero, sp, pc + 58
core   0: 3 0x8000c290 (0x02204d63)
core   0: 0x8000c294 (0x8ba4cd13) xori    s10, s1, -1862
core   0: 3 0x8000c294 (0x8ba4cd13) x26 0xfffff94b
core   0: 0x8000c298 (0x0148b933) sltu    s2, a7, s4
core   0: 3 0x8000c298 (0x0148b933) x18 0x00000000
core   0: 0x8000c29c (0x00008c79) c.and   s0, a4
core   0: 3 0x8000c29c (0x8c79) x 8 0x00000000
core   0: 0x8000c29e (0x02f1c963) blt     gp, a5, pc + 50
core   0: 3 0x8000c29e (0x02f1c963)
core   0: 0x8000c2a2 (0x00008595) c.srai  a1, 5
core   0: 3 0x8000c2a2 (0x8595) x11 0x00000043
core   0: 0x8000c2a4 (0x02bbb033) mulhu   zero, s7, a1
core   0: 3 0x8000c2a4 (0x02bbb033)
core   0: 0x8000c2a8 (0x00765493) srli    s1, a2, 7
core   0: 3 0x8000c2a8 (0x00765493) x 9 0x010004bb
core   0: 0x8000c2ac (0x03f82833) mulhsu  a6, a6, t6
core   0: 3 0x8000c2ac (0x03f82833) x16 0x00000000
core   0: 0x8000c2b0 (0x00008df9) c.and   a1, a4
core   0: 3 0x8000c2b0 (0x8df9) x11 0x00000040
core   0: 0x8000c2b2 (0x0035d193) srli    gp, a1, 3
core   0: 3 0x8000c2b2 (0x0035d193) x 3 0x00000008
core   0: 0x8000c2b6 (0x0000831d) c.srli  a4, 7
core   0: 3 0x8000c2b6 (0x831d) x14 0x0000587f
core   0: 0x8000c2b8 (0x00000001) c.nop
core   0: 3 0x8000c2b8 (0x0001)
core   0: 0x8000c2ba (0x000061a5) c.lui   gp, 0x9
core   0: 3 0x8000c2ba (0x61a5) x 3 0x00009000
core   0: 0x8000c2bc (0x00000a3a) c.slli  s4, 14
core   0: 3 0x8000c2bc (0x0a3a) x20 0x00000000
core   0: 0x8000c2be (0x022e71b3) remu    gp, t3, sp
core   0: 3 0x8000c2be (0x022e71b3) x 3 0x00000000
core   0: 0x8000c2c2 (0x000045e5) c.li    a1, 25
core   0: 3 0x8000c2c2 (0x45e5) x11 0x00000019
core   0: 0x8000c2c4 (0x01339863) bne     t2, s3, pc + 16
core   0: 3 0x8000c2c4 (0x01339863)
core   0: 0x8000c2d4 (0x0000915a) c.add   sp, s6
core   0: 3 0x8000c2d4 (0x915a) x 2 0xfffd3ffe
core   0: 0x8000c2d6 (0xa5d26d13) ori     s10, tp, -1443
core   0: 3 0x8000c2d6 (0xa5d26d13) x26 0xfffffa5d
core   0: 0x8000c2da (0x0000876d) c.srai  a4, 27
core   0: 3 0x8000c2da (0x876d) x14 0x00000000
core   0: 0x8000c2dc (0x00008d81) c.sub   a1, s0
core   0: 3 0x8000c2dc (0x8d81) x11 0x00000019
core   0: 0x8000c2de (0x400b0ab3) sub     s5, s6, zero
core   0: 3 0x8000c2de (0x400b0ab3) x21 0x00000000
core   0: 0x8000c2e2 (0x00009bfd) c.andi  a5, -1
core   0: 3 0x8000c2e2 (0x9bfd) x15 0x00000000
core   0: 0x8000c2e4 (0x7424fb93) andi    s7, s1, 1858
core   0: 3 0x8000c2e4 (0x7424fb93) x23 0x00000402
core   0: 0x8000c2e8 (0x02bcce63) blt     s9, a1, pc + 60
core   0: 3 0x8000c2e8 (0x02bcce63)
core   0: 0x8000c324 (0x55e4ba93) sltiu   s5, s1, 1374
core   0: 3 0x8000c324 (0x55e4ba93) x21 0x00000000
core   0: 0x8000c328 (0x009a0a63) beq     s4, s1, pc + 20
core   0: 3 0x8000c328 (0x009a0a63)
core   0: 0x8000c32c (0x33b97813) andi    a6, s2, 827
core   0: 3 0x8000c32c (0x33b97813) x16 0x00000000
core   0: 0x8000c330 (0x00008c69) c.and   s0, a0
core   0: 3 0x8000c330 (0x8c69) x 8 0x00000000
core   0: 0x8000c332 (0x000099fd) c.andi  a1, -1
core   0: 3 0x8000c332 (0x99fd) x11 0x00000019
core   0: 0x8000c334 (0x00008451) c.srai  s0, 20
core   0: 3 0x8000c334 (0x8451) x 8 0x00000000
core   0: 0x8000c336 (0x000082fe) c.mv    t0, t6
core   0: 3 0x8000c336 (0x82fe) x 5 0x00000000
core   0: 0x8000c338 (0x03c85433) divu    s0, a6, t3
core   0: 3 0x8000c338 (0x03c85433) x 8 0xffffffff
core   0: 0x8000c33c (0xeea56713) ori     a4, a0, -278
core   0: 3 0x8000c33c (0xeea56713) x14 0xfffffeee
core   0: 0x8000c340 (0x00008eb1) c.xor   a3, a2
core   0: 3 0x8000c340 (0x8eb1) x13 0x80009e0b
core   0: 0x8000c342 (0x000bd093) srli    ra, s7, 0
core   0: 3 0x8000c342 (0x000bd093) x 1 0x00000402
core   0: 0x8000c346 (0x000086be) c.mv    a3, a5
core   0: 3 0x8000c346 (0x86be) x13 0x00000000
core   0: 0x8000c348 (0x03aef833) remu    a6, t4, s10
core   0: 3 0x8000c348 (0x03aef833) x16 0x000005a2
core   0: 0x8000c34c (0x0000090c) c.addi4spn a1, sp, 144
core   0: 3 0x8000c34c (0x090c) x11 0xfffd408e
core   0: 0x8000c34e (0x02a7e933) rem     s2, a5, a0
core   0: 3 0x8000c34e (0x02a7e933) x18 0x00000000
core   0: 0x8000c352 (0x414b8c33) sub     s8, s7, s4
core   0: 3 0x8000c352 (0x414b8c33) x24 0x00000402
core   0: 0x8000c356 (0x0166a433) slt     s0, a3, s6
core   0: 3 0x8000c356 (0x0166a433) x 8 0x00000000
core   0: 0x8000c35a (0x02fb52b3) divu    t0, s6, a5
core   0: 3 0x8000c35a (0x02fb52b3) x 5 0xffffffff
core   0: 0x8000c35e (0x000095fa) c.add   a1, t5
core   0: 3 0x8000c35e (0x95fa) x11 0xfffd408e
core   0: 0x8000c360 (0x00006251) c.lui   tp, 0x14
core   0: 3 0x8000c360 (0x6251) x 4 0x00014000
core   0: 0x8000c362 (0x00004c19) c.li    s8, 6
core   0: 3 0x8000c362 (0x4c19) x24 0x00000006
core   0: 0x8000c364 (0x0ff0000f) fence   iorw,iorw
core   0: 3 0x8000c364 (0x0ff0000f)
core   0: 0x8000c368 (0x038ded33) rem     s10, s11, s8
core   0: 3 0x8000c368 (0x038ded33) x26 0x00000004
core   0: 0x8000c36c (0x4057d493) srai    s1, a5, 5
core   0: 3 0x8000c36c (0x4057d493) x 9 0x00000000
core   0: 0x8000c370 (0x0000717d) c.addi16sp sp, -16
core   0: 3 0x8000c370 (0x717d) x 2 0xfffd3fee
core   0: 0x8000c372 (0x017cde13) srli    t3, s9, 23
core   0: 3 0x8000c372 (0x017cde13) x28 0x00000000
core   0: 0x8000c376 (0x00004b81) c.li    s7, 0
core   0: 3 0x8000c376 (0x4b81) x23 0x00000000
core   0: 0x8000c378 (0x00000ca2) c.slli  s9, 8
core   0: 3 0x8000c378 (0x0ca2) x25 0x00000000
core   0: 0x8000c37a (0x00006105) c.addi16sp sp, 32
core   0: 3 0x8000c37a (0x6105) x 2 0xfffd400e
core   0: 0x8000c37c (0x007516b3) sll     a3, a0, t2
core   0: 3 0x8000c37c (0x007516b3) x13 0x000539c8
core   0: 0x8000c380 (0x02a4f263) bgeu    s1, a0, pc + 36
core   0: 3 0x8000c380 (0x02a4f263)
core   0: 0x8000c384 (0x00008465) c.srai  s0, 25
core   0: 3 0x8000c384 (0x8465) x 8 0x00000000
core   0: 0x8000c386 (0xa96ea693) slti    a3, t4, -1386
core   0: 3 0x8000c386 (0xa96ea693) x13 0x00000000
core   0: 0x8000c38a (0x01df51b3) srl     gp, t5, t4
core   0: 3 0x8000c38a (0x01df51b3) x 3 0x00000000
core   0: 0x8000c38e (0x0159f7b3) and     a5, s3, s5
core   0: 3 0x8000c38e (0x0159f7b3) x15 0x00000000
core   0: 0x8000c392 (0x04c8b317) auipc   t1, 0x4c8b
core   0: 3 0x8000c392 (0x04c8b317) x 6 0x84c97392
core   0: 0x8000c396 (0x82f92a93) slti    s5, s2, -2001
core   0: 3 0x8000c396 (0x82f92a93) x21 0x00000000
core   0: 0x8000c39a (0x018a7433) and     s0, s4, s8
core   0: 3 0x8000c39a (0x018a7433) x 8 0x00000000
core   0: 0x8000c39e (0x024dbe33) mulhu   t3, s11, tp
core   0: 3 0x8000c39e (0x024dbe33) x28 0x000052d3
core   0: 0x8000c3a2 (0x00000001) c.nop
core   0: 3 0x8000c3a2 (0x0001)
core   0: 0x8000c3a4 (0x1199bb13) sltiu   s6, s3, 281
core   0: 3 0x8000c3a4 (0x1199bb13) x22 0x00000001
core   0: 0x8000c3a8 (0x03548b63) beq     s1, s5, pc + 54
core   0: 3 0x8000c3a8 (0x03548b63)
core   0: 0x8000c3de (0x0132ed33) or      s10, t0, s3
core   0: 3 0x8000c3de (0x0132ed33) x26 0xffffffff
core   0: 0x8000c3e2 (0x3ef52e13) slti    t3, a0, 1007
core   0: 3 0x8000c3e2 (0x3ef52e13) x28 0x00000001
core   0: 0x8000c3e6 (0x00ecda33) srl     s4, s9, a4
core   0: 3 0x8000c3e6 (0x00ecda33) x20 0x00000000
core   0: 0x8000c3ea (0x3adf0713) addi    a4, t5, 941
core   0: 3 0x8000c3ea (0x3adf0713) x14 0x000003ad
core   0: 0x8000c3ee (0x0000cc15) c.beqz  s0, pc + 60
core   0: 3 0x8000c3ee (0xcc15)
core   0: 0x8000c42a (0x407cd493) srai    s1, s9, 7
core   0: 3 0x8000c42a (0x407cd493) x 9 0x00000000
core   0: 0x8000c42e (0x00000001) c.nop
core   0: 3 0x8000c42e (0x0001)
core   0: 0x8000c430 (0x03fc9e33) mulh    t3, s9, t6
core   0: 3 0x8000c430 (0x03fc9e33) x28 0x00000000
core   0: 0x8000c434 (0x03fcc4b3) div     s1, s9, t6
core   0: 3 0x8000c434 (0x03fcc4b3) x 9 0xffffffff
core   0: 0x8000c438 (0x000eb333) sltu    t1, t4, zero
core   0: 3 0x8000c438 (0x000eb333) x 6 0x00000000
core   0: 0x8000c43c (0x000084d5) c.srai  s1, 21
core   0: 3 0x8000c43c (0x84d5) x 9 0xffffffff
core   0: 0x8000c43e (0x05259263) bne     a1, s2, pc + 68
core   0: 3 0x8000c43e (0x05259263)
core   0: 0x8000c482 (0x01f34f63) blt     t1, t6, pc + 30
core   0: 3 0x8000c482 (0x01f34f63)
core   0: 0x8000c486 (0x03dcc333) div     t1, s9, t4
core   0: 3 0x8000c486 (0x03dcc333) x 6 0x00000000
core   0: 0x8000c48a (0xc6ec6113) ori     sp, s8, -914
core   0: 3 0x8000c48a (0xc6ec6113) x 2 0xfffffc6e
core   0: 0x8000c48e (0x00008389) c.srli  a5, 2
core   0: 3 0x8000c48e (0x8389) x15 0x00000000
core   0: 0x8000c490 (0x0376d933) divu    s2, a3, s7
core   0: 3 0x8000c490 (0x0376d933) x18 0xffffffff
core   0: 0x8000c494 (0x36070f17) auipc   t5, 0x36070
core   0: 3 0x8000c494 (0x36070f17) x30 0xb607c494
core   0: 0x8000c498 (0x405d0eb3) sub     t4, s10, t0
core   0: 3 0x8000c498 (0x405d0eb3) x29 0x00000000
core   0: 0x8000c49c (0x035a0cb3) mul     s9, s4, s5
core   0: 3 0x8000c49c (0x035a0cb3) x25 0x00000000
core   0: 0x8000c4a0 (0x032b5c33) divu    s8, s6, s2
core   0: 3 0x8000c4a0 (0x032b5c33) x24 0x00000000
core   0: 0x8000c4a4 (0x02e94ab3) div     s5, s2, a4
core   0: 3 0x8000c4a4 (0x02e94ab3) x21 0x00000000
core   0: 0x8000c4a8 (0x01cb5d13) srli    s10, s6, 28
core   0: 3 0x8000c4a8 (0x01cb5d13) x26 0x00000000
core   0: 0x8000c4ac (0x03431c33) mulh    s8, t1, s4
core   0: 3 0x8000c4ac (0x03431c33) x24 0x00000000
core   0: 0x8000c4b0 (0x00000001) c.nop
core   0: 3 0x8000c4b0 (0x0001)
core   0: 0x8000c4b2 (0x00006263) bltu    zero, zero, pc + 4
core   0: 3 0x8000c4b2 (0x00006263)
core   0: 0x8000c4b6 (0x00969813) slli    a6, a3, 9
core   0: 3 0x8000c4b6 (0x00969813) x16 0x00000000
core   0: 0x8000c4ba (0x01126b63) bltu    tp, a7, pc + 22
core   0: 3 0x8000c4ba (0x01126b63)
core   0: 0x8000c4d0 (0x008ac233) xor     tp, s5, s0
core   0: 3 0x8000c4d0 (0x008ac233) x 4 0x00000000
core   0: 0x8000c4d4 (0xa68a6013) ori     zero, s4, -1432
core   0: 3 0x8000c4d4 (0xa68a6013)
core   0: 0x8000c4d8 (0x00712033) slt     zero, sp, t2
core   0: 3 0x8000c4d8 (0x00712033)
core   0: 0x8000c4dc (0x5d732913) slti    s2, t1, 1495
core   0: 3 0x8000c4dc (0x5d732913) x18 0x00000001
core   0: 0x8000c4e0 (0x00708133) add     sp, ra, t2
core   0: 3 0x8000c4e0 (0x00708133) x 2 0x0002c603
core   0: 0x8000c4e4 (0x40658933) sub     s2, a1, t1
core   0: 3 0x8000c4e4 (0x40658933) x18 0xfffd408e
core   0: 0x8000c4e8 (0x02bcc863) blt     s9, a1, pc + 48
core   0: 3 0x8000c4e8 (0x02bcc863)
core   0: 0x8000c4ec (0x00000f22) c.slli  t5, 8
core   0: 3 0x8000c4ec (0x0f22) x30 0x07c49400
core   0: 0x8000c4ee (0x02371663) bne     a4, gp, pc + 44
core   0: 3 0x8000c4ee (0x02371663)
core   0: 0x8000c51a (0x02270e63) beq     a4, sp, pc + 60
core   0: 3 0x8000c51a (0x02270e63)
core   0: 0x8000c51e (0x00008dfd) c.and   a1, a5
core   0: 3 0x8000c51e (0x8dfd) x11 0x00000000
core   0: 0x8000c520 (0x01c79cb3) sll     s9, a5, t3
core   0: 3 0x8000c520 (0x01c79cb3) x25 0x00000000
core   0: 0x8000c524 (0x0000cb05) c.beqz  a4, pc + 48
core   0: 3 0x8000c524 (0xcb05)
core   0: 0x8000c526 (0x00008719) c.srai  a4, 6
core   0: 3 0x8000c526 (0x8719) x14 0x0000000e
core   0: 0x8000c528 (0x0000c689) c.beqz  a3, pc + 10
core   0: 3 0x8000c528 (0xc689)
core   0: 0x8000c532 (0x4f7e0e13) addi    t3, t3, 1271
core   0: 3 0x8000c532 (0x4f7e0e13) x28 0x000004f7
core   0: 0x8000c536 (0x01555663) bge     a0, s5, pc + 12
core   0: 3 0x8000c536 (0x01555663)
core   0: 0x8000c53a (0x02ef6363) bltu    t5, a4, pc + 38
core   0: 3 0x8000c53a (0x02ef6363)
core   0: 0x8000c53e (0x03280a63) beq     a6, s2, pc + 52
core   0: 3 0x8000c53e (0x03280a63)
core   0: 0x8000c542 (0x03a34963) blt     t1, s10, pc + 50
core   0: 3 0x8000c542 (0x03a34963)
core   0: 0x8000c546 (0x00000001) c.nop
core   0: 3 0x8000c546 (0x0001)
core   0: 0x8000c548 (0x00000b69) c.addi  s6, 26
core   0: 3 0x8000c548 (0x0b69) x22 0x0000001b
core   0: 0x8000c54a (0x8fe2fc93) andi    s9, t0, -1794
core   0: 3 0x8000c54a (0x8fe2fc93) x25 0xfffff8fe
core   0: 0x8000c54e (0x00000001) c.nop
core   0: 3 0x8000c54e (0x0001)
core   0: 0x8000c550 (0x02b62cb3) mulhsu  s9, a2, a1
core   0: 3 0x8000c550 (0x02b62cb3) x25 0x00000000
core   0: 0x8000c554 (0x000012fd) c.addi  t0, -1
core   0: 3 0x8000c554 (0x12fd) x 5 0xfffffffe
core   0: 0x8000c556 (0x0353ed33) rem     s10, t2, s5
core   0: 3 0x8000c556 (0x0353ed33) x26 0x0002c201
core   0: 0x8000c55a (0x00008f95) c.sub   a5, a3
core   0: 3 0x8000c55a (0x8f95) x15 0x00000000
core   0: 0x8000c55c (0x03394b33) div     s6, s2, s3
core   0: 3 0x8000c55c (0x03394b33) x22 0xffffffff
core   0: 0x8000c560 (0x00009b7d) c.andi  a4, -1
core   0: 3 0x8000c560 (0x9b7d) x14 0x0000000e
core   0: 0x8000c562 (0x000018fd) c.addi  a7, -1
core   0: 3 0x8000c562 (0x18fd) x17 0xfc000b20
core   0: 0x8000c564 (0x01378433) add     s0, a5, s3
core   0: 3 0x8000c564 (0x01378433) x 8 0x00000000
core   0: 0x8000c568 (0x406ed493) srai    s1, t4, 6
core   0: 3 0x8000c568 (0x406ed493) x 9 0x00000000
core   0: 0x8000c56c (0x00009272) c.add   tp, t3
core   0: 3 0x8000c56c (0x9272) x 4 0x000004f7
core   0: 0x8000c56e (0x410d07b3) sub     a5, s10, a6
core   0: 3 0x8000c56e (0x410d07b3) x15 0x0002c201
core   0: 0x8000c572 (0x0000e989) c.bnez  a1, pc + 18
core   0: 3 0x8000c572 (0xe989)
core   0: 0x8000c574 (0x01a88c33) add     s8, a7, s10
core   0: 3 0x8000c574 (0x01a88c33) x24 0xfc02cd21
core   0: 0x8000c578 (0x0000681d) c.lui   a6, 0x7
core   0: 3 0x8000c578 (0x681d) x16 0x00007000
core   0: 0x8000c57a (0x01fa19b3) sll     s3, s4, t6
core   0: 3 0x8000c57a (0x01fa19b3) x19 0x00000000
core   0: 0x8000c57e (0x000084a9) c.srai  s1, 10
core   0: 3 0x8000c57e (0x84a9) x 9 0x00000000
core   0: 0x8000c580 (0xc52abe93) sltiu   t4, s5, -942
core   0: 3 0x8000c580 (0xc52abe93) x29 0x00000001
core   0: 0x8000c584 (0x0000010c) c.addi4spn a1, sp, 128
core   0: 3 0x8000c584 (0x010c) x11 0x0002c683
core   0: 0x8000c586 (0x0000100f) fence.i
core   0: 3 0x8000c586 (0x0000100f)
core   0: 0x8000c58a (0x0307c833) div     a6, a5, a6
core   0: 3 0x8000c58a (0x0307c833) x16 0x00000006
core   0: 0x8000c58e (0x002672b3) and     t0, a2, sp
core   0: 3 0x8000c58e (0x002672b3) x 5 0x00024400
core   0: 0x8000c592 (0x03f25cb3) divu    s9, tp, t6
core   0: 3 0x8000c592 (0x03f25cb3) x25 0xffffffff
core   0: 0x8000c596 (0x404a0733) sub     a4, s4, tp
core   0: 3 0x8000c596 (0x404a0733) x14 0xfffffb09
core   0: 0x8000c59a (0x024cabb3) mulhsu  s7, s9, tp
core   0: 3 0x8000c59a (0x024cabb3) x23 0xffffffff
core   0: 0x8000c59e (0x000000aa) c.slli  ra, 10
core   0: 3 0x8000c59e (0x00aa) x 1 0x00100800
core   0: 0x8000c5a0 (0x000e8463) beqz    t4, pc + 8
core   0: 3 0x8000c5a0 (0x000e8463)
core   0: 0x8000c5a4 (0x000008a2) c.slli  a7, 8
core   0: 3 0x8000c5a4 (0x08a2) x17 0x000b2000
core   0: 0x8000c5a6 (0x0000c98d) c.beqz  a1, pc + 50
core   0: 3 0x8000c5a6 (0xc98d)
core   0: 0x8000c5a8 (0x03836c63) bltu    t1, s8, pc + 56
core   0: 3 0x8000c5a8 (0x03836c63)
core   0: 0x8000c5e0 (0x64dce697) auipc   a3, 0x64dce
core   0: 3 0x8000c5e0 (0x64dce697) x13 0xe4dda5e0
core   0: 0x8000c5e4 (0x00adbcb3) sltu    s9, s11, a0
core   0: 3 0x8000c5e4 (0x00adbcb3) x25 0x00000001
core   0: 0x8000c5e8 (0x0ff0000f) fence   iorw,iorw
core   0: 3 0x8000c5e8 (0x0ff0000f)
core   0: 0x8000c5ec (0x2de67893) andi    a7, a2, 734
core   0: 3 0x8000c5ec (0x2de67893) x17 0x000000d4
core   0: 0x8000c5f0 (0x04d48263) beq     s1, a3, pc + 68
core   0: 3 0x8000c5f0 (0x04d48263)
core   0: 0x8000c5f4 (0x0ff0000f) fence   iorw,iorw
core   0: 3 0x8000c5f4 (0x0ff0000f)
core   0: 0x8000c5f8 (0xc749f493) andi    s1, s3, -908
core   0: 3 0x8000c5f8 (0xc749f493) x 9 0x00000000
core   0: 0x8000c5fc (0x00000001) c.nop
core   0: 3 0x8000c5fc (0x0001)
core   0: 0x8000c5fe (0x41a58433) sub     s0, a1, s10
core   0: 3 0x8000c5fe (0x41a58433) x 8 0x00000482
core   0: 0x8000c602 (0x0042bcb3) sltu    s9, t0, tp
core   0: 3 0x8000c602 (0x0042bcb3) x25 0x00000000
core   0: 0x8000c606 (0x85a06eb7) lui     t4, 0x85a06
core   0: 3 0x8000c606 (0x85a06eb7) x29 0x85a06000
core   0: 0x8000c60a (0x03c64863) blt     a2, t3, pc + 48
core   0: 3 0x8000c60a (0x03c64863)
core   0: 0x8000c63a (0x036a5cb3) divu    s9, s4, s6
core   0: 3 0x8000c63a (0x036a5cb3) x25 0x00000000
core   0: 0x8000c63e (0x01c15493) srli    s1, sp, 28
core   0: 3 0x8000c63e (0x01c15493) x 9 0x00000000
core   0: 0x8000c642 (0x00000001) c.nop
core   0: 3 0x8000c642 (0x0001)
core   0: 0x8000c644 (0x0000069d) c.addi  a3, 7
core   0: 3 0x8000c644 (0x069d) x13 0xe4dda5e7
core   0: 0x8000c646 (0x009a1213) slli    tp, s4, 9
core   0: 3 0x8000c646 (0x009a1213) x 4 0x00000000
core   0: 0x8000c64a (0x00005c7d) c.li    s8, -1
core   0: 3 0x8000c64a (0x5c7d) x24 0xffffffff
core   0: 0x8000c64c (0x00e99b13) slli    s6, s3, 14
core   0: 3 0x8000c64c (0x00e99b13) x22 0x00000000
core   0: 0x8000c650 (0x0000100f) fence.i
core   0: 3 0x8000c650 (0x0000100f)
core   0: 0x8000c654 (0x03ef4eb3) div     t4, t5, t5
core   0: 3 0x8000c654 (0x03ef4eb3) x29 0x00000001
core   0: 0x8000c658 (0x00000001) c.nop
core   0: 3 0x8000c658 (0x0001)
core   0: 0x8000c65a (0x0ff0000f) fence   iorw,iorw
core   0: 3 0x8000c65a (0x0ff0000f)
core   0: 0x8000c65e (0x039dc433) div     s0, s11, s9
core   0: 3 0x8000c65e (0x039dc433) x 8 0xffffffff
core   0: 0x8000c662 (0x00006d45) c.lui   s10, 0x11
core   0: 3 0x8000c662 (0x6d45) x26 0x00011000
core   0: 0x8000c664 (0x0181cb33) xor     s6, gp, s8
core   0: 3 0x8000c664 (0x0181cb33) x22 0xffffffff
core   0: 0x8000c668 (0x001d1093) slli    ra, s10, 1
core   0: 3 0x8000c668 (0x001d1093) x 1 0x00022000
core   0: 0x8000c66c (0x00008f05) c.sub   a4, s1
core   0: 3 0x8000c66c (0x8f05) x14 0xfffffb09
core   0: 0x8000c66e (0x0000c71d) c.beqz  a4, pc + 46
core   0: 3 0x8000c66e (0xc71d)
core   0: 0x8000c670 (0x00000001) c.nop
core   0: 3 0x8000c670 (0x0001)
core   0: 0x8000c672 (0x00bc0e63) beq     s8, a1, pc + 28
core   0: 3 0x8000c672 (0x00bc0e63)
core   0: 0x8000c676 (0x00008c61) c.and   s0, s0
core   0: 3 0x8000c676 (0x8c61) x 8 0xffffffff
core   0: 0x8000c678 (0x00001214) c.addi4spn a3, sp, 288
core   0: 3 0x8000c678 (0x1214) x13 0x0002c723
core   0: 0x8000c67a (0x01faf963) bgeu    s5, t6, pc + 18
core   0: 3 0x8000c67a (0x01faf963)
core   0: 0x8000c68c (0x000098fd) c.andi  s1, -1
core   0: 3 0x8000c68c (0x98fd) x 9 0x00000000
core   0: 0x8000c68e (0x0319aeb3) mulhsu  t4, s3, a7
core   0: 3 0x8000c68e (0x0319aeb3) x29 0x00000000
core   0: 0x8000c692 (0x00000001) c.nop
core   0: 3 0x8000c692 (0x0001)
core   0: 0x8000c694 (0x032f04b3) mul     s1, t5, s2
core   0: 3 0x8000c694 (0x032f04b3) x 9 0xb80a1800
core   0: 0x8000c698 (0x1451aa93) slti    s5, gp, 325
core   0: 3 0x8000c698 (0x1451aa93) x21 0x00000001
core   0: 0x8000c69c (0x7863e313) ori     t1, t2, 1926
core   0: 3 0x8000c69c (0x7863e313) x 6 0x0002c787
core   0: 0x8000c6a0 (0x02815333) divu    t1, sp, s0
core   0: 3 0x8000c6a0 (0x02815333) x 6 0x00000000
core   0: 0x8000c6a4 (0x96788893) addi    a7, a7, -1689
core   0: 3 0x8000c6a4 (0x96788893) x17 0xfffffa3b
core   0: 0x8000c6a8 (0x0038c763) blt     a7, gp, pc + 14
core   0: 3 0x8000c6a8 (0x0038c763)
core   0: 0x8000c6b6 (0x02615b63) bge     sp, t1, pc + 54
core   0: 3 0x8000c6b6 (0x02615b63)
core   0: 0x8000c6ec (0x012fe7b3) or      a5, t6, s2
core   0: 3 0x8000c6ec (0x012fe7b3) x15 0xfffd408e
core   0: 0x8000c6f0 (0x0005fab3) and     s5, a1, zero
core   0: 3 0x8000c6f0 (0x0005fab3) x21 0x00000000
core   0: 0x8000c6f4 (0x00a7ed63) bltu    a5, a0, pc + 26
core   0: 3 0x8000c6f4 (0x00a7ed63)
core   0: 0x8000c6f8 (0x03af36b3) mulhu   a3, t5, s10
core   0: 3 0x8000c6f8 (0x03af36b3) x13 0x00000840
core   0: 0x8000c6fc (0x00008f49) c.or    a4, a0
core   0: 3 0x8000c6fc (0x8f49) x14 0xffffffed
core   0: 0x8000c6fe (0xe0deaf93) slti    t6, t4, -499
core   0: 3 0x8000c6fe (0xe0deaf93) x31 0x00000000
core   0: 0x8000c702 (0x41ef06b3) sub     a3, t5, t5
core   0: 3 0x8000c702 (0x41ef06b3) x13 0x00000000
core   0: 0x8000c706 (0x01243e33) sltu    t3, s0, s2
core   0: 3 0x8000c706 (0x01243e33) x28 0x00000000
core   0: 0x8000c70a (0x00006309) c.lui   t1, 0x2
core   0: 3 0x8000c70a (0x6309) x 6 0x00002000
core   0: 0x8000c70c (0x0000458d) c.li    a1, 3
core   0: 3 0x8000c70c (0x458d) x11 0x00000003
core   0: 0x8000c70e (0x00008d81) c.sub   a1, s0
core   0: 3 0x8000c70e (0x8d81) x11 0x00000004
core   0: 0x8000c710 (0x01d1dfb3) srl     t6, gp, t4
core   0: 3 0x8000c710 (0x01d1dfb3) x31 0x00000000
core   0: 0x8000c714 (0x00cd5493) srli    s1, s10, 12
core   0: 3 0x8000c714 (0x00cd5493) x 9 0x00000011
core   0: 0x8000c718 (0x023a4863) blt     s4, gp, pc + 48
core   0: 3 0x8000c718 (0x023a4863)
core   0: 0x8000c71c (0x0000cf0d) c.beqz  a4, pc + 58
core   0: 3 0x8000c71c (0xcf0d)
core   0: 0x8000c71e (0x0142b133) sltu    sp, t0, s4
core   0: 3 0x8000c71e (0x0142b133) x 2 0x00000000
core   0: 0x8000c722 (0x02af2033) mulhsu  zero, t5, a0
core   0: 3 0x8000c722 (0x02af2033)
core   0: 0x8000c726 (0x011028b3) slt     a7, zero, a7
core   0: 3 0x8000c726 (0x011028b3) x17 0x00000000
core   0: 0x8000c72a (0x00c5ecb3) or      s9, a1, a2
core   0: 3 0x8000c72a (0x00c5ecb3) x25 0x80025df4
core   0: 0x8000c72e (0x00008c25) c.xor   s0, s1
core   0: 3 0x8000c72e (0x8c25) x 8 0xffffffee
core   0: 0x8000c730 (0x00008c85) c.sub   s1, s1
core   0: 3 0x8000c730 (0x8c85) x 9 0x00000000
core   0: 0x8000c732 (0x0000c885) c.beqz  s1, pc + 48
core   0: 3 0x8000c732 (0xc885)
core   0: 0x8000c762 (0xe72015b7) lui     a1, 0xe7201
core   0: 3 0x8000c762 (0xe72015b7) x11 0xe7201000
core   0: 0x8000c766 (0x55e32a93) slti    s5, t1, 1374
core   0: 3 0x8000c766 (0x55e32a93) x21 0x00000000
core   0: 0x8000c76a (0x00cf8763) beq     t6, a2, pc + 14
core   0: 3 0x8000c76a (0x00cf8763)
core   0: 0x8000c76e (0x0207c3b3) div     t2, a5, zero
core   0: 3 0x8000c76e (0x0207c3b3) x 7 0xffffffff
core   0: 0x8000c772 (0x000085d6) c.mv    a1, s5
core   0: 3 0x8000c772 (0x85d6) x11 0x00000000
core   0: 0x8000c774 (0x07a54863) blt     a0, s10, pc + 112
core   0: 3 0x8000c774 (0x07a54863)
core   0: 0x8000c7e4 (0xc0eb3b13) sltiu   s6, s6, -1010
core   0: 3 0x8000c7e4 (0xc0eb3b13) x22 0x00000000
core   0: 0x8000c7e8 (0x02e20eb3) mul     t4, tp, a4
core   0: 3 0x8000c7e8 (0x02e20eb3) x29 0x00000000
core   0: 0x8000c7ec (0x0000100f) fence.i
core   0: 3 0x8000c7ec (0x0000100f)
core   0: 0x8000c7f0 (0x01396833) or      a6, s2, s3
core   0: 3 0x8000c7f0 (0x01396833) x16 0xfffd408e
core   0: 0x8000c7f4 (0x01b9cfb3) xor     t6, s3, s11
core   0: 3 0x8000c7f4 (0x01b9cfb3) x31 0x4242e194
core   0: 0x8000c7f8 (0x0246ec33) rem     s8, a3, tp
core   0: 3 0x8000c7f8 (0x0246ec33) x24 0x00000000
core   0: 0x8000c7fc (0x028383b3) mul     t2, t2, s0
core   0: 3 0x8000c7fc (0x028383b3) x 7 0x00000012
core   0: 0x8000c800 (0x000085b5) c.srai  a1, 13
core   0: 3 0x8000c800 (0x85b5) x11 0x00000000
core   0: 0x8000c802 (0x00000001) c.nop
core   0: 3 0x8000c802 (0x0001)
core   0: 0x8000c804 (0x00008dc1) c.or    a1, s0
core   0: 3 0x8000c804 (0x8dc1) x11 0xffffffee
core   0: 0x8000c806 (0x039d8733) mul     a4, s11, s9
core   0: 3 0x8000c806 (0x039d8733) x14 0x36d9c510
core   0: 0x8000c80a (0x00008851) c.andi  s0, 20
core   0: 3 0x8000c80a (0x8851) x 8 0x00000004
core   0: 0x8000c80c (0x543aa713) slti    a4, s5, 1347
core   0: 3 0x8000c80c (0x543aa713) x14 0x00000001
core   0: 0x8000c810 (0xf0fdf193) andi    gp, s11, -241
core   0: 3 0x8000c810 (0xf0fdf193) x 3 0x4242e104
core   0: 0x8000c814 (0x00008d85) c.sub   a1, s1
core   0: 3 0x8000c814 (0x8d85) x11 0xffffffee
core   0: 0x8000c816 (0x04d05063) bge     zero, a3, pc + 64
core   0: 3 0x8000c816 (0x04d05063)
core   0: 0x8000c856 (0x419c5693) srai    a3, s8, 25
core   0: 3 0x8000c856 (0x419c5693) x13 0x00000000
core   0: 0x8000c85a (0x0000c309) c.beqz  a4, pc + 2
core   0: 3 0x8000c85a (0xc309)
core   0: 0x8000c85c (0x01db6a63) bltu    s6, t4, pc + 20
core   0: 3 0x8000c85c (0x01db6a63)
core   0: 0x8000c860 (0xb8ebfc93) andi    s9, s7, -1138
core   0: 3 0x8000c860 (0xb8ebfc93) x25 0xfffffb8e
core   0: 0x8000c864 (0x030f3b33) mulhu   s6, t5, a6
core   0: 3 0x8000c864 (0x030f3b33) x22 0x07c47ea7
core   0: 0x8000c868 (0x41055813) srai    a6, a0, 16
core   0: 3 0x8000c868 (0x41055813) x16 0xffff8002
core   0: 0x8000c86c (0x00009a56) c.add   s4, s5
core   0: 3 0x8000c86c (0x9a56) x20 0x00000000
core   0: 0x8000c86e (0x000086d1) c.srai  a3, 20
core   0: 3 0x8000c86e (0x86d1) x13 0x00000000
core   0: 0x8000c870 (0x02b797b3) mulh    a5, a5, a1
core   0: 3 0x8000c870 (0x02b797b3) x15 0x00000000
core   0: 0x8000c874 (0x00000d26) c.slli  s10, 9
core   0: 3 0x8000c874 (0x0d26) x26 0x02200000
core   0: 0x8000c876 (0x034019b3) mulh    s3, zero, s4
core   0: 3 0x8000c876 (0x034019b3) x19 0x00000000
core   0: 0x8000c87a (0x0000834d) c.srli  a4, 19
core   0: 3 0x8000c87a (0x834d) x14 0x00000000
core   0: 0x8000c87c (0x01f61713) slli    a4, a2, 31
core   0: 3 0x8000c87c (0x01f61713) x14 0x00000000
core   0: 0x8000c880 (0x00acf663) bgeu    s9, a0, pc + 12
core   0: 3 0x8000c880 (0x00acf663)
core   0: 0x8000c88c (0x45dfbf93) sltiu   t6, t6, 1117
core   0: 3 0x8000c88c (0x45dfbf93) x31 0x00000000
core   0: 0x8000c890 (0x0ff0000f) fence   iorw,iorw
core   0: 3 0x8000c890 (0x0ff0000f)
core   0: 0x8000c894 (0x0039afb3) slt     t6, s3, gp
core   0: 3 0x8000c894 (0x0039afb3) x31 0x00000001
core   0: 0x8000c898 (0x0025c233) xor     tp, a1, sp
core   0: 3 0x8000c898 (0x0025c233) x 4 0xffffffee
core   0: 0x8000c89c (0x00008c5d) c.or    s0, a5
core   0: 3 0x8000c89c (0x8c5d) x 8 0x00000004
core   0: 0x8000c89e (0x041f1363) bne     t5, ra, pc + 70
core   0: 3 0x8000c89e (0x041f1363)
core   0: 0x8000c8e4 (0x0000eb1d) c.bnez  a4, pc + 54
core   0: 3 0x8000c8e4 (0xeb1d)
core   0: 0x8000c8e6 (0x00fda9b3) slt     s3, s11, a5
core   0: 3 0x8000c8e6 (0x00fda9b3) x19 0x00000000
core   0: 0x8000c8ea (0x00008c75) c.and   s0, a3
core   0: 3 0x8000c8ea (0x8c75) x 8 0x00000000
core   0: 0x8000c8ec (0x00000001) c.nop
core   0: 3 0x8000c8ec (0x0001)
core   0: 0x8000c8ee (0x011d6733) or      a4, s10, a7
core   0: 3 0x8000c8ee (0x011d6733) x14 0x02200000
core   0: 0x8000c8f2 (0x03b09b63) bne     ra, s11, pc + 54
core   0: 3 0x8000c8f2 (0x03b09b63)
core   0: 0x8000c928 (0x007d0763) beq     s10, t2, pc + 14
core   0: 3 0x8000c928 (0x007d0763)
core   0: 0x8000c92c (0x00008df1) c.and   a1, a2
core   0: 3 0x8000c92c (0x8df1) x11 0x80025de4
core   0: 0x8000c92e (0xf3002993) slti    s3, zero, -208
core   0: 3 0x8000c92e (0xf3002993) x19 0x00000000
core   0: 0x8000c932 (0x0305a333) mulhsu  t1, a1, a6
core   0: 3 0x8000c932 (0x0305a333) x 6 0x80029de1
core   0: 0x8000c936 (0x0362e133) rem     sp, t0, s6
core   0: 3 0x8000c936 (0x0362e133) x 2 0x00024400
core   0: 0x8000c93a (0x4b28cc93) xori    s9, a7, 1202
core   0: 3 0x8000c93a (0x4b28cc93) x25 0x000004b2
core   0: 0x8000c93e (0x00b0cab3) xor     s5, ra, a1
core   0: 3 0x8000c93e (0x00b0cab3) x21 0x80007de4
core   0: 0x8000c942 (0x03dac763) blt     s5, t4, pc + 46
core   0: 3 0x8000c942 (0x03dac763)
core   0: 0x8000c970 (0x00009fea) c.add   t6, s10
core   0: 3 0x8000c970 (0x9fea) x31 0x02200001
core   0: 0x8000c972 (0x02830bb3) mul     s7, t1, s0
core   0: 3 0x8000c972 (0x02830bb3) x23 0x00000000
core   0: 0x8000c976 (0x0ff0000f) fence   iorw,iorw
core   0: 3 0x8000c976 (0x0ff0000f)
core   0: 0x8000c97a (0x0304d733) divu    a4, s1, a6
core   0: 3 0x8000c97a (0x0304d733) x14 0x00000000
core   0: 0x8000c97e (0x0000100f) fence.i
core   0: 3 0x8000c97e (0x0000100f)
core   0: 0x8000c982 (0x000085b1) c.srai  a1, 12
core   0: 3 0x8000c982 (0x85b1) x11 0xfff80025
core   0: 0x8000c984 (0x007c2ab3) slt     s5, s8, t2
core   0: 3 0x8000c984 (0x007c2ab3) x21 0x00000001
core   0: 0x8000c988 (0x01515f13) srli    t5, sp, 21
core   0: 3 0x8000c988 (0x01515f13) x30 0x00000000
core   0: 0x8000c98c (0x00000001) c.nop
core   0: 3 0x8000c98c (0x0001)
core   0: 0x8000c98e (0x011a9d63) bne     s5, a7, pc + 26
core   0: 3 0x8000c98e (0x011a9d63)
core   0: 0x8000c9a8 (0x02679fb3) mulh    t6, a5, t1
core   0: 3 0x8000c9a8 (0x02679fb3) x31 0x00000000
core   0: 0x8000c9ac (0xe3f52093) slti    ra, a0, -449
core   0: 3 0x8000c9ac (0xe3f52093) x 1 0x00000001
core   0: 0x8000c9b0 (0x00005bfd) c.li    s7, -1
core   0: 3 0x8000c9b0 (0x5bfd) x23 0xffffffff
core   0: 0x8000c9b2 (0xd18a3893) sltiu   a7, s4, -744
core   0: 3 0x8000c9b2 (0xd18a3893) x17 0x00000001
core   0: 0x8000c9b6 (0x00421a63) bne     tp, tp, pc + 20
core   0: 3 0x8000c9b6 (0x00421a63)
core   0: 0x8000c9ba (0x02fd2ab3) mulhsu  s5, s10, a5
core   0: 3 0x8000c9ba (0x02fd2ab3) x21 0x00000000
core   0: 0x8000c9be (0xe3436f13) ori     t5, t1, -460
core   0: 3 0x8000c9be (0xe3436f13) x30 0xfffffff5
core   0: 0x8000c9c2 (0x0225beb3) mulhu   t4, a1, sp
core   0: 3 0x8000c9c2 (0x0225beb3) x29 0x000243ed
core   0: 0x8000c9c6 (0x401756b3) sra     a3, a4, ra
core   0: 3 0x8000c9c6 (0x401756b3) x13 0x00000000
core   0: 0x8000c9ca (0x00009842) c.add   a6, a6
core   0: 3 0x8000c9ca (0x9842) x16 0xffff0004
core   0: 0x8000c9cc (0x020e1d33) mulh    s10, t3, zero
core   0: 3 0x8000c9cc (0x020e1d33) x26 0x00000000
core   0: 0x8000c9d0 (0x2cd07193) andi    gp, zero, 717
core   0: 3 0x8000c9d0 (0x2cd07193) x 3 0x00000000
core   0: 0x8000c9d4 (0x00a70233) add     tp, a4, a0
core   0: 3 0x8000c9d4 (0x00a70233) x 4 0x80029ce4
core   0: 0x8000c9d8 (0x00655a63) bge     a0, t1, pc + 20
core   0: 3 0x8000c9d8 (0x00655a63)
core   0: 0x8000c9dc (0x00008fad) c.xor   a5, a1
core   0: 3 0x8000c9dc (0x8fad) x15 0xfff80025
core   0: 0x8000c9de (0x000014fd) c.addi  s1, -1
core   0: 3 0x8000c9de (0x14fd) x 9 0xffffffff
core   0: 0x8000c9e0 (0x01ad73b3) and     t2, s10, s10
core   0: 3 0x8000c9e0 (0x01ad73b3) x 7 0x00000000
core   0: 0x8000c9e4 (0x01555f93) srli    t6, a0, 21
core   0: 3 0x8000c9e4 (0x01555f93) x31 0x00000400
core   0: 0x8000c9e8 (0x03fa1b33) mulh    s6, s4, t6
core   0: 3 0x8000c9e8 (0x03fa1b33) x22 0x00000000
core   0: 0x8000c9ec (0x03e51763) bne     a0, t5, pc + 46
core   0: 3 0x8000c9ec (0x03e51763)
core   0: 0x8000ca1a (0x02fe9b63) bne     t4, a5, pc + 54
core   0: 3 0x8000ca1a (0x02fe9b63)
core   0: 0x8000ca50 (0x01b31bb3) sll     s7, t1, s11
core   0: 3 0x8000ca50 (0x01b31bb3) x23 0xde100000
core   0: 0x8000ca54 (0x47d7c237) lui     tp, 0x47d7c
core   0: 3 0x8000ca54 (0x47d7c237) x 4 0x47d7c000
core   0: 0x8000ca58 (0x02694f63) blt     s2, t1, pc + 62
core   0: 3 0x8000ca58 (0x02694f63)
core   0: 0x8000ca5c (0x000055fd) c.li    a1, -1
core   0: 3 0x8000ca5c (0x55fd) x11 0xffffffff
core   0: 0x8000ca5e (0x00000001) c.nop
core   0: 3 0x8000ca5e (0x0001)
core   0: 0x8000ca60 (0x27fe0e13) addi    t3, t3, 639
core   0: 3 0x8000ca60 (0x27fe0e13) x28 0x0000027f
core   0: 0x8000ca64 (0x004b5833) srl     a6, s6, tp
core   0: 3 0x8000ca64 (0x004b5833) x16 0x00000000
core   0: 0x8000ca68 (0x00c382b3) add     t0, t2, a2
core   0: 3 0x8000ca68 (0x00c382b3) x 5 0x80025df4
core   0: 0x8000ca6c (0x88ae2193) slti    gp, t3, -1910
core   0: 3 0x8000ca6c (0x88ae2193) x 3 0x00000000
core   0: 0x8000ca70 (0x0ff0000f) fence   iorw,iorw
core   0: 3 0x8000ca70 (0x0ff0000f)
core   0: 0x8000ca74 (0x034fa733) mulhsu  a4, t6, s4
core   0: 3 0x8000ca74 (0x034fa733) x14 0x00000000
core   0: 0x8000ca78 (0x00eb8e33) add     t3, s7, a4
core   0: 3 0x8000ca78 (0x00eb8e33) x28 0xde100000
core   0: 0x8000ca7c (0x0000717d) c.addi16sp sp, -16
core   0: 3 0x8000ca7c (0x717d) x 2 0x000243f0
core   0: 0x8000ca7e (0x0ff0000f) fence   iorw,iorw
core   0: 3 0x8000ca7e (0x0ff0000f)
core   0: 0x8000ca82 (0x00001d7d) c.addi  s10, -1
core   0: 3 0x8000ca82 (0x1d7d) x26 0xffffffff
core   0: 0x8000ca84 (0x0000c889) c.beqz  s1, pc + 18
core   0: 3 0x8000ca84 (0xc889)
core   0: 0x8000ca86 (0x00000001) c.nop
core   0: 3 0x8000ca86 (0x0001)
core   0: 0x8000ca88 (0x01aa5d13) srli    s10, s4, 26
core   0: 3 0x8000ca88 (0x01aa5d13) x26 0x00000000
core   0: 0x8000ca8c (0x03031263) bne     t1, a6, pc + 36
core   0: 3 0x8000ca8c (0x03031263)
core   0: 0x8000cab0 (0x0000ce9d) c.beqz  a3, pc + 62
core   0: 3 0x8000cab0 (0xce9d)
core   0: 0x8000caee (0x000b1a13) slli    s4, s6, 0
core   0: 3 0x8000caee (0x000b1a13) x20 0x00000000
core   0: 0x8000caf2 (0x00008fa5) c.xor   a5, s1
core   0: 3 0x8000caf2 (0x8fa5) x15 0x0007ffda
core   0: 0x8000caf4 (0x00008d9d) c.sub   a1, a5
core   0: 3 0x8000caf4 (0x8d9d) x11 0xfff80025
core   0: 0x8000caf6 (0x042c4363) blt     s8, sp, pc + 70
core   0: 3 0x8000caf6 (0x042c4363)
core   0: 0x8000cb3c (0x0ff0000f) fence   iorw,iorw
core   0: 3 0x8000cb3c (0x0ff0000f)
core   0: 0x8000cb40 (0x00004fe9) c.li    t6, 26
core   0: 3 0x8000cb40 (0x4fe9) x31 0x0000001a
core   0: 0x8000cb42 (0x0000eb05) c.bnez  a4, pc + 48
core   0: 3 0x8000cb42 (0xeb05)
core   0: 0x8000cb44 (0x00008cb9) c.xor   s1, a4
core   0: 3 0x8000cb44 (0x8cb9) x 9 0xffffffff
core   0: 0x8000cb46 (0x01a277b3) and     a5, tp, s10
core   0: 3 0x8000cb46 (0x01a277b3) x15 0x00000000
core   0: 0x8000cb4a (0x00004fa9) c.li    t6, 10
core   0: 3 0x8000cb4a (0x4fa9) x31 0x0000000a
core   0: 0x8000cb4c (0x00009152) c.add   sp, s4
core   0: 3 0x8000cb4c (0x9152) x 2 0x000243f0
core   0: 0x8000cb4e (0x02a83733) mulhu   a4, a6, a0
core   0: 3 0x8000cb4e (0x02a83733) x14 0x00000000
core   0: 0x8000cb52 (0x01595213) srli    tp, s2, 21
core   0: 3 0x8000cb52 (0x01595213) x 4 0x000007ff
core   0: 0x8000cb56 (0x00008f69) c.and   a4, a0
core   0: 3 0x8000cb56 (0x8f69) x14 0x00000000
core   0: 0x8000cb58 (0x1bf57013) andi    zero, a0, 447
core   0: 3 0x8000cb58 (0x1bf57013)
core   0: 0x8000cb5c (0x00fd8833) add     a6, s11, a5
core   0: 3 0x8000cb5c (0x00fd8833) x16 0x4242e194
core   0: 0x8000cb60 (0x00395193) srli    gp, s2, 3
core   0: 3 0x8000cb60 (0x00395193) x 3 0x1fffa811
core   0: 0x8000cb64 (0x03c94933) div     s2, s2, t3
core   0: 3 0x8000cb64 (0x03c94933) x18 0x00000000
core   0: 0x8000cb68 (0x0000983e) c.add   a6, a5
core   0: 3 0x8000cb68 (0x983e) x16 0x4242e194
core   0: 0x8000cb6a (0xa0ce2793) slti    a5, t3, -1524
core   0: 3 0x8000cb6a (0xa0ce2793) x15 0x00000001
core   0: 0x8000cb6e (0x037eb5b3) mulhu   a1, t4, s7
core   0: 3 0x8000cb6e (0x037eb5b3) x11 0x0001f70b
core   0: 0x8000cb72 (0xa0857813) andi    a6, a0, -1528
core   0: 3 0x8000cb72 (0xa0857813) x16 0x80029800
core   0: 0x8000cb76 (0x008adc93) srli    s9, s5, 8
core   0: 3 0x8000cb76 (0x008adc93) x25 0x00000000
core   0: 0x8000cb7a (0x00616c63) bltu    sp, t1, pc + 24
core   0: 3 0x8000cb7a (0x00616c63)
core   0: 0x8000cb92 (0x87428493) addi    s1, t0, -1932
core   0: 3 0x8000cb92 (0x87428493) x 9 0x80025668
core   0: 0x8000cb96 (0x0000438d) c.li    t2, 3
core   0: 3 0x8000cb96 (0x438d) x 7 0x00000003
core   0: 0x8000cb98 (0x02a31033) mulh    zero, t1, a0
core   0: 3 0x8000cb98 (0x02a31033)
core   0: 0x8000cb9c (0x0346ad33) mulhsu  s10, a3, s4
core   0: 3 0x8000cb9c (0x0346ad33) x26 0x00000000
core   0: 0x8000cba0 (0x4042d913) srai    s2, t0, 4
core   0: 3 0x8000cba0 (0x4042d913) x18 0xf80025df
core   0: 0x8000cba4 (0x0000847d) c.srai  s0, 31
core   0: 3 0x8000cba4 (0x847d) x 8 0x00000000
core   0: 0x8000cba6 (0x00000001) c.nop
core   0: 3 0x8000cba6 (0x0001)
core   0: 0x8000cba8 (0x039451b3) divu    gp, s0, s9
core   0: 3 0x8000cba8 (0x039451b3) x 3 0xffffffff
core   0: 0x8000cbac (0x40a3dab3) sra     s5, t2, a0
core   0: 3 0x8000cbac (0x40a3dab3) x21 0x00000000
core   0: 0x8000cbb0 (0x0216c1b3) div     gp, a3, ra
core   0: 3 0x8000cbb0 (0x0216c1b3) x 3 0x00000000
core   0: 0x8000cbb4 (0x03fd1d63) bne     s10, t6, pc + 58
core   0: 3 0x8000cbb4 (0x03fd1d63)
core   0: 0x8000cbee (0xae343c93) sltiu   s9, s0, -1309
core   0: 3 0x8000cbee (0xae343c93) x25 0x00000001
core   0: 0x8000cbf2 (0x40670b33) sub     s6, a4, t1
core   0: 3 0x8000cbf2 (0x40670b33) x22 0x7ffd621f
core   0: 0x8000cbf6 (0xc3eba713) slti    a4, s7, -962
core   0: 3 0x8000cbf6 (0xc3eba713) x14 0x00000001
core   0: 0x8000cbfa (0x0000ef59) c.bnez  a4, pc + 158
core   0: 3 0x8000cbfa (0xef59)
core   0: 0x8000cc98 (0x0130c9b3) xor     s3, ra, s3
core   0: 3 0x8000cc98 (0x0130c9b3) x19 0x00000001
core   0: 0x8000cc9c (0x0067d4b3) srl     s1, a5, t1
core   0: 3 0x8000cc9c (0x0067d4b3) x 9 0x00000000
core   0: 0x8000cca0 (0x02e675b3) remu    a1, a2, a4
core   0: 3 0x8000cca0 (0x02e675b3) x11 0x00000000
core   0: 0x8000cca4 (0x00008eb5) c.xor   a3, a3
core   0: 3 0x8000cca4 (0x8eb5) x13 0x00000000
core   0: 0x8000cca6 (0x016c81b3) add     gp, s9, s6
core   0: 3 0x8000cca6 (0x016c81b3) x 3 0x7ffd6220
core   0: 0x8000ccaa (0x00000001) c.nop
core   0: 3 0x8000ccaa (0x0001)
core   0: 0x8000ccac (0x00009b7d) c.andi  a4, -1
core   0: 3 0x8000ccac (0x9b7d) x14 0x00000001
core   0: 0x8000ccae (0x0000ed91) c.bnez  a1, pc + 28
core   0: 3 0x8000ccae (0xed91)
core   0: 0x8000ccb0 (0x000001da) c.slli  gp, 22
core   0: 3 0x8000ccb0 (0x01da) x 3 0x88000000
core   0: 0x8000ccb2 (0x03e44cb3) div     s9, s0, t5
core   0: 3 0x8000ccb2 (0x03e44cb3) x25 0x00000000
core   0: 0x8000ccb6 (0x00008491) c.srai  s1, 4
core   0: 3 0x8000ccb6 (0x8491) x 9 0x00000000
core   0: 0x8000ccb8 (0x0000034e) c.slli  t1, 19
core   0: 3 0x8000ccb8 (0x034e) x 6 0xef080000
core   0: 0x8000ccba (0x02ad3a33) mulhu   s4, s10, a0
core   0: 3 0x8000ccba (0x02ad3a33) x20 0x00000000
core   0: 0x8000ccbe (0x0000c99d) c.beqz  a1, pc + 54
core   0: 3 0x8000ccbe (0xc99d)
core   0: 0x8000ccf4 (0x0000100f) fence.i
core   0: 3 0x8000ccf4 (0x0000100f)
core   0: 0x8000ccf8 (0x057eef13) ori     t5, t4, 87
core   0: 3 0x8000ccf8 (0x057eef13) x30 0x000243ff
core   0: 0x8000ccfc (0x02463033) mulhu   zero, a2, tp
core   0: 3 0x8000ccfc (0x02463033)
core   0: 0x8000cd00 (0x03b6bb33) mulhu   s6, a3, s11
core   0: 3 0x8000cd00 (0x03b6bb33) x22 0x00000000
core   0: 0x8000cd04 (0x006029b3) slt     s3, zero, t1
core   0: 3 0x8000cd04 (0x006029b3) x19 0x00000000
core   0: 0x8000cd08 (0x0000c711) c.beqz  a4, pc + 12
core   0: 3 0x8000cd08 (0xc711)
core   0: 0x8000cd0a (0x00000e80) c.addi4spn s0, sp, 848
core   0: 3 0x8000cd0a (0x0e80) x 8 0x00024740
core   0: 0x8000cd0c (0xdfca6193) ori     gp, s4, -516
core   0: 3 0x8000cd0c (0xdfca6193) x 3 0xfffffdfc
core   0: 0x8000cd10 (0x9d71a313) slti    t1, gp, -1577
core   0: 3 0x8000cd10 (0x9d71a313) x 6 0x00000000
core   0: 0x8000cd14 (0x01a0a9b3) slt     s3, ra, s10
core   0: 3 0x8000cd14 (0x01a0a9b3) x19 0x00000000
core   0: 0x8000cd18 (0x007e0bb3) add     s7, t3, t2
core   0: 3 0x8000cd18 (0x007e0bb3) x23 0xde100003
core   0: 0x8000cd1c (0x03d21c63) bne     tp, t4, pc + 56
core   0: 3 0x8000cd1c (0x03d21c63)
core   0: 0x8000cd54 (0x00000a98) c.addi4spn a4, sp, 336
core   0: 3 0x8000cd54 (0x0a98) x14 0x00024540
core   0: 0x8000cd56 (0x01b4ef63) bltu    s1, s11, pc + 30
core   0: 3 0x8000cd56 (0x01b4ef63)
core   0: 0x8000cd74 (0x001c2eb3) slt     t4, s8, ra
core   0: 3 0x8000cd74 (0x001c2eb3) x29 0x00000001
core   0: 0x8000cd78 (0x022d2933) mulhsu  s2, s10, sp
core   0: 3 0x8000cd78 (0x022d2933) x18 0x00000000
core   0: 0x8000cd7c (0x0000028a) c.slli  t0, 2
core   0: 3 0x8000cd7c (0x028a) x 5 0x000977d0
core   0: 0x8000cd7e (0x00000001) c.nop
core   0: 3 0x8000cd7e (0x0001)
core   0: 0x8000cd80 (0xb9654393) xori    t2, a0, -1130
core   0: 3 0x8000cd80 (0xb9654393) x 7 0x7ffd6772
core   0: 0x8000cd84 (0x07618163) beq     gp, s6, pc + 98
core   0: 3 0x8000cd84 (0x07618163)
core   0: 0x8000cd88 (0x3810b093) sltiu   ra, ra, 897
core   0: 3 0x8000cd88 (0x3810b093) x 1 0x00000001
core   0: 0x8000cd8c (0x00000704) c.addi4spn s1, sp, 896
core   0: 3 0x8000cd8c (0x0704) x 9 0x00024770
core   0: 0x8000cd8e (0x002ee563) bltu    t4, sp, pc + 10
core   0: 3 0x8000cd8e (0x002ee563)
core   0: 0x8000cd98 (0x00d5ac33) slt     s8, a1, a3
core   0: 3 0x8000cd98 (0x00d5ac33) x24 0x00000000
core   0: 0x8000cd9c (0x00008ec1) c.or    a3, s0
core   0: 3 0x8000cd9c (0x8ec1) x13 0x00024740
core   0: 0x8000cd9e (0x01cf2933) slt     s2, t5, t3
core   0: 3 0x8000cd9e (0x01cf2933) x18 0x00000000
core   0: 0x8000cda2 (0x01e23eb3) sltu    t4, tp, t5
core   0: 3 0x8000cda2 (0x01e23eb3) x29 0x00000001
core   0: 0x8000cda6 (0x00008c21) c.xor   s0, s0
core   0: 3 0x8000cda6 (0x8c21) x 8 0x00000000
core   0: 0x8000cda8 (0x01e0036f) jal     t1, pc + 0x1e
core   0: 3 0x8000cda8 (0x01e0036f) x 6 0x8000cdac
core   0: 0x8000cdc6 (0x00003fe5) c.jal   pc - 8
core   0: 3 0x8000cdc6 (0x3fe5) x 1 0x8000cdc8
core   0: 0x8000cdbe (0x0000a011) c.j     pc + 4
core   0: 3 0x8000cdbe (0xa011)
core   0: 0x8000cdc2 (0x00002021) c.jal   pc + 8
core   0: 3 0x8000cdc2 (0x2021) x 1 0x8000cdc4
core   0: 0x8000cdca (0xfedff16f) jal     sp, pc - 0x14
core   0: 3 0x8000cdca (0xfedff16f) x 2 0x8000cdce
core   0: 0x8000cdb6 (0x00400c6f) jal     s8, pc + 0x4
core   0: 3 0x8000cdb6 (0x00400c6f) x24 0x8000cdba
core   0: 0x8000cdba (0x00002821) c.jal   pc + 24
core   0: 3 0x8000cdba (0x2821) x 1 0x8000cdbc
core   0: 0x8000cdd2 (0x0000bfdd) c.j     pc - 10
core   0: 3 0x8000cdd2 (0xbfdd)
core   0: 0x8000cdc8 (0x00002801) c.jal   pc + 16
core   0: 3 0x8000cdc8 (0x2801) x 1 0x8000cdca
core   0: 0x8000cdd8 (0xfe9ff0ef) jal     pc - 0x18
core   0: 3 0x8000cdd8 (0xfe9ff0ef) x 1 0x8000cddc
core   0: 0x8000cdc0 (0x0000a039) c.j     pc + 14
core   0: 3 0x8000cdc0 (0xa039)
core   0: 0x8000cdce (0xfe3ff0ef) jal     pc - 0x1e
core   0: 3 0x8000cdce (0xfe3ff0ef) x 1 0x8000cdd2
core   0: 0x8000cdb0 (0x0000a031) c.j     pc + 12
core   0: 3 0x8000cdb0 (0xa031)
core   0: 0x8000cdbc (0x00003fdd) c.jal   pc - 10
core   0: 3 0x8000cdbc (0x3fdd) x 1 0x8000cdbe
core   0: 0x8000cdb2 (0x022000ef) jal     pc + 0x22
core   0: 3 0x8000cdb2 (0x022000ef) x 1 0x8000cdb6
core   0: 0x8000cdd4 (0x0000a009) c.j     pc + 2
core   0: 3 0x8000cdd4 (0xa009)
core   0: 0x8000cdd6 (0x00003fd9) c.jal   pc - 42
core   0: 3 0x8000cdd6 (0x3fd9) x 1 0x8000cdd8
core   0: 0x8000cdac (0x0180036f) jal     t1, pc + 0x18
core   0: 3 0x8000cdac (0x0180036f) x 6 0x8000cdb0
core   0: 0x8000cdc4 (0x0000a821) c.j     pc + 24
core   0: 3 0x8000cdc4 (0xa821)
core   0: 0x8000cddc (0x004000ef) jal     pc + 0x4
core   0: 3 0x8000cddc (0x004000ef) x 1 0x8000cde0
core   0: 0x8000cde0 (0x0000859d) c.srai  a1, 7
core   0: 3 0x8000cde0 (0x859d) x11 0x00000000
core   0: 0x8000cde2 (0x00005cfd) c.li    s9, -1
core   0: 3 0x8000cde2 (0x5cfd) x25 0xffffffff
core   0: 0x8000cde4 (0x000089dd) c.andi  a1, 23
core   0: 3 0x8000cde4 (0x89dd) x11 0x00000000
core   0: 0x8000cde6 (0x00000819) c.addi  a6, 6
core   0: 3 0x8000cde6 (0x0819) x16 0x80029806
core   0: 0x8000cde8 (0x0000ec85) c.bnez  s1, pc + 56
core   0: 3 0x8000cde8 (0xec85)
core   0: 0x8000ce20 (0x00b98c63) beq     s3, a1, pc + 24
core   0: 3 0x8000ce20 (0x00b98c63)
core   0: 0x8000ce38 (0x022fc6b3) div     a3, t6, sp
core   0: 3 0x8000ce38 (0x022fc6b3) x13 0x00000000
core   0: 0x8000ce3c (0x0000eb85) c.bnez  a5, pc + 48
core   0: 3 0x8000ce3c (0xeb85)
core   0: 0x8000ce6c (0x02a35eb3) divu    t4, t1, a0
core   0: 3 0x8000ce6c (0x02a35eb3) x29 0x00000000
core   0: 0x8000ce70 (0x0130c4b3) xor     s1, ra, s3
core   0: 3 0x8000ce70 (0x0130c4b3) x 9 0x8000cde0
core   0: 0x8000ce74 (0x03e65363) bge     a2, t5, pc + 38
core   0: 3 0x8000ce74 (0x03e65363)
core   0: 0x8000ce78 (0xadc44793) xori    a5, s0, -1316
core   0: 3 0x8000ce78 (0xadc44793) x15 0xfffffadc
core   0: 0x8000ce7c (0x0ff0000f) fence   iorw,iorw
core   0: 3 0x8000ce7c (0x0ff0000f)
core   0: 0x8000ce80 (0x2acc0313) addi    t1, s8, 684
core   0: 3 0x8000ce80 (0x2acc0313) x 6 0x8000d066
core   0: 0x8000ce84 (0x000052fd) c.li    t0, -1
core   0: 3 0x8000ce84 (0x52fd) x 5 0xffffffff
core   0: 0x8000ce86 (0x96288693) addi    a3, a7, -1694
core   0: 3 0x8000ce86 (0x96288693) x13 0xfffff963
core   0: 0x8000ce8a (0x01189733) sll     a4, a7, a7
core   0: 3 0x8000ce8a (0x01189733) x14 0x00000002
core   0: 0x8000ce8e (0x0ff0000f) fence   iorw,iorw
core   0: 3 0x8000ce8e (0x0ff0000f)
core   0: 0x8000ce92 (0x0ff0000f) fence   iorw,iorw
core   0: 3 0x8000ce92 (0x0ff0000f)
core   0: 0x8000ce96 (0x0485e063) bltu    a1, s0, pc + 64
core   0: 3 0x8000ce96 (0x0485e063)
core   0: 0x8000ce9a (0x99c8f293) andi    t0, a7, -1636
core   0: 3 0x8000ce9a (0x99c8f293) x 5 0x00000000
core   0: 0x8000ce9e (0x02db1b63) bne     s6, a3, pc + 54
core   0: 3 0x8000ce9e (0x02db1b63)
core   0: 0x8000ced4 (0x000063c5) c.lui   t2, 0x11
core   0: 3 0x8000ced4 (0x63c5) x 7 0x00011000
core   0: 0x8000ced6 (0xdbccac13) slti    s8, s9, -580
core   0: 3 0x8000ced6 (0xdbccac13) x24 0x00000000
core   0: 0x8000ceda (0x03ae5f63) bge     t3, s10, pc + 62
core   0: 3 0x8000ceda (0x03ae5f63)
core   0: 0x8000cede (0x02903d33) mulhu   s10, zero, s1
core   0: 3 0x8000cede (0x02903d33) x26 0x00000000
core   0: 0x8000cee2 (0x0000987d) c.andi  s0, -1
core   0: 3 0x8000cee2 (0x987d) x 8 0x00000000
core   0: 0x8000cee4 (0x002525b3) slt     a1, a0, sp
core   0: 3 0x8000cee4 (0x002525b3) x11 0x00000000
core   0: 0x8000cee8 (0x00fea833) slt     a6, t4, a5
core   0: 3 0x8000cee8 (0x00fea833) x16 0x00000000
core   0: 0x8000ceec (0x03883ab3) mulhu   s5, a6, s8
core   0: 3 0x8000ceec (0x03883ab3) x21 0x00000000
core   0: 0x8000cef0 (0x01a906b3) add     a3, s2, s10
core   0: 3 0x8000cef0 (0x01a906b3) x13 0x00000000
core   0: 0x8000cef4 (0x0000ca89) c.beqz  a3, pc + 18
core   0: 3 0x8000cef4 (0xca89)
core   0: 0x8000cf06 (0x0000873a) c.mv    a4, a4
core   0: 3 0x8000cf06 (0x873a) x14 0x00000002
core   0: 0x8000cf08 (0x03b80963) beq     a6, s11, pc + 50
core   0: 3 0x8000cf08 (0x03b80963)
core   0: 0x8000cf0c (0x4046d4b3) sra     s1, a3, tp
core   0: 3 0x8000cf0c (0x4046d4b3) x 9 0x00000000
core   0: 0x8000cf10 (0x007a1993) slli    s3, s4, 7
core   0: 3 0x8000cf10 (0x007a1993) x19 0x00000000
core   0: 0x8000cf14 (0x00a39793) slli    a5, t2, 10
core   0: 3 0x8000cf14 (0x00a39793) x15 0x04400000
core   0: 0x8000cf18 (0x025251b3) divu    gp, tp, t0
core   0: 3 0x8000cf18 (0x025251b3) x 3 0xffffffff
core   0: 0x8000cf1c (0x412d0eb3) sub     t4, s10, s2
core   0: 3 0x8000cf1c (0x412d0eb3) x29 0x00000000
core   0: 0x8000cf20 (0x0359aab3) mulhsu  s5, s3, s5
core   0: 3 0x8000cf20 (0x0359aab3) x21 0x00000000
core   0: 0x8000cf24 (0x0000717d) c.addi16sp sp, -16
core   0: 3 0x8000cf24 (0x717d) x 2 0x8000cdbe
core   0: 0x8000cf26 (0x0000c78d) c.beqz  a5, pc + 42
core   0: 3 0x8000cf26 (0xc78d)
core   0: 0x8000cf28 (0x15ac8193) addi    gp, s9, 346
core   0: 3 0x8000cf28 (0x15ac8193) x 3 0x00000159
core   0: 0x8000cf2c (0x0000080c) c.addi4spn a1, sp, 16
core   0: 3 0x8000cf2c (0x080c) x11 0x8000cdce
core   0: 0x8000cf2e (0x009aaf33) slt     t5, s5, s1
core   0: 3 0x8000cf2e (0x009aaf33) x30 0x00000000
core   0: 0x8000cf32 (0x00000c0c) c.addi4spn a1, sp, 528
core   0: 3 0x8000cf32 (0x0c0c) x11 0x8000cfce
core   0: 0x8000cf34 (0x014552b3) srl     t0, a0, s4
core   0: 3 0x8000cf34 (0x014552b3) x 5 0x80029ce4
core   0: 0x8000cf38 (0x00008c09) c.sub   s0, a0
core   0: 3 0x8000cf38 (0x8c09) x 8 0x7ffd631c
core   0: 0x8000cf3a (0x00000001) c.nop
core   0: 3 0x8000cf3a (0x0001)
core   0: 0x8000cf3c (0x0000873d) c.srai  a4, 15
core   0: 3 0x8000cf3c (0x873d) x14 0x00000000
core   0: 0x8000cf3e (0x00008b2e) c.mv    s6, a1
core   0: 3 0x8000cf3e (0x8b2e) x22 0x8000cfce
core   0: 0x8000cf40 (0x019050b3) srl     ra, zero, s9
core   0: 3 0x8000cf40 (0x019050b3) x 1 0x00000000
core   0: 0x8000cf44 (0x0000100f) fence.i
core   0: 3 0x8000cf44 (0x0000100f)
core   0: 0x8000cf48 (0x01a2d433) srl     s0, t0, s10
core   0: 3 0x8000cf48 (0x01a2d433) x 8 0x80029ce4
core   0: 0x8000cf4c (0x0016d663) bge     a3, ra, pc + 12
core   0: 3 0x8000cf4c (0x0016d663)
core   0: 0x8000cf58 (0x0000717d) c.addi16sp sp, -16
core   0: 3 0x8000cf58 (0x717d) x 2 0x8000cdae
core   0: 0x8000cf5a (0x0000cc81) c.beqz  s1, pc + 24
core   0: 3 0x8000cf5a (0xcc81)
core   0: 0x8000cf72 (0x00000985) c.addi  s3, 1
core   0: 3 0x8000cf72 (0x0985) x19 0x00000001
core   0: 0x8000cf74 (0x41ae0833) sub     a6, t3, s10
core   0: 3 0x8000cf74 (0x41ae0833) x16 0xde100000
core   0: 0x8000cf78 (0x03302cb3) mulhsu  s9, zero, s3
core   0: 3 0x8000cf78 (0x03302cb3) x25 0x00000000
core   0: 0x8000cf7c (0x00005cfd) c.li    s9, -1
core   0: 3 0x8000cf7c (0x5cfd) x25 0xffffffff
core   0: 0x8000cf7e (0x01e61093) slli    ra, a2, 30
core   0: 3 0x8000cf7e (0x01e61093) x 1 0x00000000
core   0: 0x8000cf82 (0x02ba8b63) beq     s5, a1, pc + 54
core   0: 3 0x8000cf82 (0x02ba8b63)
core   0: 0x8000cf86 (0x0000e389) c.bnez  a5, pc + 2
core   0: 3 0x8000cf86 (0xe389)
core   0: 0x8000cf88 (0x00006159) c.addi16sp sp, 400
core   0: 3 0x8000cf88 (0x6159) x 2 0x8000cf3e
core   0: 0x8000cf8a (0x00000001) c.nop
core   0: 3 0x8000cf8a (0x0001)
core   0: 0x8000cf8c (0x0000717d) c.addi16sp sp, -16
core   0: 3 0x8000cf8c (0x717d) x 2 0x8000cf2e
core   0: 0x8000cf8e (0x00009d6a) c.add   s10, s10
core   0: 3 0x8000cf8e (0x9d6a) x26 0x00000000
core   0: 0x8000cf90 (0xcd078a93) addi    s5, a5, -816
core   0: 3 0x8000cf90 (0xcd078a93) x21 0x043ffcd0
core   0: 0x8000cf94 (0x01deb7b3) sltu    a5, t4, t4
core   0: 3 0x8000cf94 (0x01deb7b3) x15 0x00000000
core   0: 0x8000cf98 (0x00e89313) slli    t1, a7, 14
core   0: 3 0x8000cf98 (0x00e89313) x 6 0x00004000
core   0: 0x8000cf9c (0x00412f33) slt     t5, sp, tp
core   0: 3 0x8000cf9c (0x00412f33) x30 0x00000001
core   0: 0x8000cfa0 (0x0000ed89) c.bnez  a1, pc + 26
core   0: 3 0x8000cfa0 (0xed89)
core   0: 0x8000cfba (0x02a5e833) rem     a6, a1, a0
core   0: 3 0x8000cfba (0x02a5e833) x16 0xfffe32ea
core   0: 0x8000cfbe (0x00815393) srli    t2, sp, 8
core   0: 3 0x8000cfbe (0x00815393) x 7 0x008000cf
core   0: 0x8000cfc2 (0x013f9a13) slli    s4, t6, 19
core   0: 3 0x8000cfc2 (0x013f9a13) x20 0x00500000
core   0: 0x8000cfc6 (0x01f71c13) slli    s8, a4, 31
core   0: 3 0x8000cfc6 (0x01f71c13) x24 0x00000000
core   0: 0x8000cfca (0x00008d95) c.sub   a1, a3
core   0: 3 0x8000cfca (0x8d95) x11 0x8000cfce
core   0: 0x8000cfcc (0xc09dd217) auipc   tp, 0xc09dd
core   0: 3 0x8000cfcc (0xc09dd217) x 4 0x409e9fcc
core   0: 0x8000cfd0 (0x0000840e) c.mv    s0, gp
core   0: 3 0x8000cfd0 (0x840e) x 8 0x00000159
core   0: 0x8000cfd2 (0x0364df33) divu    t5, s1, s6
core   0: 3 0x8000cfd2 (0x0364df33) x30 0x00000000
core   0: 0x8000cfd6 (0x02f70833) mul     a6, a4, a5
core   0: 3 0x8000cfd6 (0x02f70833) x16 0x00000000
core   0: 0x8000cfda (0x0296ec63) bltu    a3, s1, pc + 56
core   0: 3 0x8000cfda (0x0296ec63)
core   0: 0x8000cfde (0x00612933) slt     s2, sp, t1
core   0: 3 0x8000cfde (0x00612933) x18 0x00000001
core   0: 0x8000cfe2 (0x00006d49) c.lui   s10, 0x12
core   0: 3 0x8000cfe2 (0x6d49) x26 0x00012000
core   0: 0x8000cfe4 (0x05d90263) beq     s2, t4, pc + 68
core   0: 3 0x8000cfe4 (0x05d90263)
core   0: 0x8000cfe8 (0x000044cd) c.li    s1, 19
core   0: 3 0x8000cfe8 (0x44cd) x 9 0x00000013
core   0: 0x8000cfea (0x41aadd13) srai    s10, s5, 26
core   0: 3 0x8000cfea (0x41aadd13) x26 0x00000001
core   0: 0x8000cfee (0x0163db13) srli    s6, t2, 22
core   0: 3 0x8000cfee (0x0163db13) x22 0x00000002
core   0: 0x8000cff2 (0x00008c96) c.mv    s9, t0
core   0: 3 0x8000cff2 (0x8c96) x25 0x80029ce4
core   0: 0x8000cff4 (0x0000717d) c.addi16sp sp, -16
core   0: 3 0x8000cff4 (0x717d) x 2 0x8000cf1e
core   0: 0x8000cff6 (0x00008866) c.mv    a6, s9
core   0: 3 0x8000cff6 (0x8866) x16 0x80029ce4
core   0: 0x8000cff8 (0x03a01a33) mulh    s4, zero, s10
core   0: 3 0x8000cff8 (0x03a01a33) x20 0x00000000
core   0: 0x8000cffc (0x00008cf1) c.and   s1, a2
core   0: 3 0x8000cffc (0x8cf1) x 9 0x00000010
core   0: 0x8000cffe (0x02f41133) mulh    sp, s0, a5
core   0: 3 0x8000cffe (0x02f41133) x 2 0x00000000
core   0: 0x8000d002 (0x03d337b3) mulhu   a5, t1, t4
core   0: 3 0x8000d002 (0x03d337b3) x15 0x00000000
core   0: 0x8000d006 (0xf0d83f93) sltiu   t6, a6, -243
core   0: 3 0x8000d006 (0xf0d83f93) x31 0x00000001
core   0: 0x8000d00a (0x02adef63) bltu    s11, a0, pc + 62
core   0: 3 0x8000d00a (0x02adef63)
core   0: 0x8000d048 (0x00000001) c.nop
core   0: 3 0x8000d048 (0x0001)
core   0: 0x8000d04a (0x00008cdd) c.or    s1, a5
core   0: 3 0x8000d04a (0x8cdd) x 9 0x00000010
core   0: 0x8000d04c (0x01aef763) bgeu    t4, s10, pc + 14
core   0: 3 0x8000d04c (0x01aef763)
core   0: 0x8000d050 (0x0160e933) or      s2, ra, s6
core   0: 3 0x8000d050 (0x0160e933) x18 0x00000002
core   0: 0x8000d054 (0x025ad033) divu    zero, s5, t0
core   0: 3 0x8000d054 (0x025ad033)
core   0: 0x8000d058 (0x0000e28d) c.bnez  a3, pc + 34
core   0: 3 0x8000d058 (0xe28d)
core   0: 0x8000d05a (0x01d116b3) sll     a3, sp, t4
core   0: 3 0x8000d05a (0x01d116b3) x13 0x00000000
core   0: 0x8000d05e (0x0315c963) blt     a1, a7, pc + 50
core   0: 3 0x8000d05e (0x0315c963)
core   0: 0x8000d090 (0x035812b3) mulh    t0, a6, s5
core   0: 3 0x8000d090 (0x035812b3) x 5 0xfde00cb2
core   0: 0x8000d094 (0x797ff113) andi    sp, t6, 1943
core   0: 3 0x8000d094 (0x797ff113) x 2 0x00000001
core   0: 0x8000d098 (0x01299793) slli    a5, s3, 18
core   0: 3 0x8000d098 (0x01299793) x15 0x00040000
core   0: 0x8000d09c (0x401509b3) sub     s3, a0, ra
core   0: 3 0x8000d09c (0x401509b3) x19 0x80029ce4
core   0: 0x8000d0a0 (0x556ab5b7) lui     a1, 0x556ab
core   0: 3 0x8000d0a0 (0x556ab5b7) x11 0x556ab000
core   0: 0x8000d0a4 (0x03206c33) rem     s8, zero, s2
core   0: 3 0x8000d0a4 (0x03206c33) x24 0x00000000
core   0: 0x8000d0a8 (0x00004879) c.li    a6, 30
core   0: 3 0x8000d0a8 (0x4879) x16 0x0000001e
core   0: 0x8000d0aa (0x410b5113) srai    sp, s6, 16
core   0: 3 0x8000d0aa (0x410b5113) x 2 0x00000000
core   0: 0x8000d0ae (0x0000100f) fence.i
core   0: 3 0x8000d0ae (0x0000100f)
core   0: 0x8000d0b2 (0x0000100f) fence.i
core   0: 3 0x8000d0b2 (0x0000100f)
core   0: 0x8000d0b6 (0x400b5e17) auipc   t3, 0x400b5
core   0: 3 0x8000d0b6 (0x400b5e17) x28 0xc00c20b6
core   0: 0x8000d0ba (0x417b5b33) sra     s6, s6, s7
core   0: 3 0x8000d0ba (0x417b5b33) x22 0x00000000
core   0: 0x8000d0be (0x00008d85) c.sub   a1, s1
core   0: 3 0x8000d0be (0x8d85) x11 0x556aaff0
core   0: 0x8000d0c0 (0x00008fb1) c.xor   a5, a2
core   0: 3 0x8000d0c0 (0x8fb1) x15 0x80065df4
core   0: 0x8000d0c2 (0x40e9d333) sra     t1, s3, a4
core   0: 3 0x8000d0c2 (0x40e9d333) x 6 0x80029ce4
core   0: 0x8000d0c6 (0x011939b3) sltu    s3, s2, a7
core   0: 3 0x8000d0c6 (0x011939b3) x19 0x00000000
core   0: 0x8000d0ca (0x02c29333) mulh    t1, t0, a2
core   0: 3 0x8000d0ca (0x02c29333) x 6 0x010ff49f
core   0: 0x8000d0ce (0x02950ab3) mul     s5, a0, s1
core   0: 3 0x8000d0ce (0x02950ab3) x21 0x0029ce40
core   0: 0x8000d0d2 (0x01773d33) sltu    s10, a4, s7
core   0: 3 0x8000d0d2 (0x01773d33) x26 0x00000001
core   0: 0x8000d0d6 (0x027702b3) mul     t0, a4, t2
core   0: 3 0x8000d0d6 (0x027702b3) x 5 0x00000000
core   0: 0x8000d0da (0x033bd033) divu    zero, s7, s3
core   0: 3 0x8000d0da (0x033bd033)
core   0: 0x8000d0de (0x33d5ad13) slti    s10, a1, 829
core   0: 3 0x8000d0de (0x33d5ad13) x26 0x00000000
core   0: 0x8000d0e2 (0xb7b18993) addi    s3, gp, -1157
core   0: 3 0x8000d0e2 (0xb7b18993) x19 0xfffffcd4
core   0: 0x8000d0e6 (0x01ea08b3) add     a7, s4, t5
core   0: 3 0x8000d0e6 (0x01ea08b3) x17 0x00000000
core   0: 0x8000d0ea (0x00008c49) c.or    s0, a0
core   0: 3 0x8000d0ea (0x8c49) x 8 0x80029dfd
core   0: 0x8000d0ec (0xb6540e17) auipc   t3, 0xb6540
core   0: 3 0x8000d0ec (0xb6540e17) x28 0x3654d0ec
core   0: 0x8000d0f0 (0x41a753b3) sra     t2, a4, s10
core   0: 3 0x8000d0f0 (0x41a753b3) x 7 0x00000000
core   0: 0x8000d0f4 (0x018f9c63) bne     t6, s8, pc + 24
core   0: 3 0x8000d0f4 (0x018f9c63)
core   0: 0x8000d10c (0x41d85193) srai    gp, a6, 29
core   0: 3 0x8000d10c (0x41d85193) x 3 0x00000000
core   0: 0x8000d110 (0x00008e99) c.sub   a3, a4
core   0: 3 0x8000d110 (0x8e99) x13 0x00000000
core   0: 0x8000d112 (0x00000721) c.addi  a4, 8
core   0: 3 0x8000d112 (0x0721) x14 0x00000008
core   0: 0x8000d114 (0x000085bd) c.srai  a1, 15
core   0: 3 0x8000d114 (0x85bd) x11 0x0000aad5
core   0: 0x8000d116 (0x0000717d) c.addi16sp sp, -16
core   0: 3 0x8000d116 (0x717d) x 2 0xfffffff0
core   0: 0x8000d118 (0x40858c33) sub     s8, a1, s0
core   0: 3 0x8000d118 (0x40858c33) x24 0x7ffe0cd8
core   0: 0x8000d11c (0x00008725) c.srai  a4, 9
core   0: 3 0x8000d11c (0x8725) x14 0x00000000
core   0: 0x8000d11e (0x41305733) sra     a4, zero, s3
core   0: 3 0x8000d11e (0x41305733) x14 0x00000000
core   0: 0x8000d122 (0x02a17433) remu    s0, sp, a0
core   0: 3 0x8000d122 (0x02a17433) x 8 0x7ffd630c
core   0: 0x8000d126 (0x034cb4b3) mulhu   s1, s9, s4
core   0: 3 0x8000d126 (0x034cb4b3) x 9 0x00000000
core   0: 0x8000d12a (0x0000100f) fence.i
core   0: 3 0x8000d12a (0x0000100f)
core   0: 0x8000d12e (0x000069c9) c.lui   s3, 0x12
core   0: 3 0x8000d12e (0x69c9) x19 0x00012000
core   0: 0x8000d130 (0x406a50b3) sra     ra, s4, t1
core   0: 3 0x8000d130 (0x406a50b3) x 1 0x00000000
core   0: 0x8000d134 (0x03860e33) mul     t3, a2, s8
core   0: 3 0x8000d134 (0x03860e33) x28 0x627eb5e0
core   0: 0x8000d138 (0x02d6b2b3) mulhu   t0, a3, a3
core   0: 3 0x8000d138 (0x02d6b2b3) x 5 0x00000000
core   0: 0x8000d13c (0x00000001) c.nop
core   0: 3 0x8000d13c (0x0001)
core   0: 0x8000d13e (0x000099b2) c.add   s3, a2
core   0: 3 0x8000d13e (0x99b2) x19 0x80037df4
core   0: 0x8000d140 (0x02f3ce63) blt     t2, a5, pc + 60
core   0: 3 0x8000d140 (0x02f3ce63)
core   0: 0x8000d144 (0x01c29113) slli    sp, t0, 28
core   0: 3 0x8000d144 (0x01c29113) x 2 0x00000000
core   0: 0x8000d148 (0x04189263) bne     a7, ra, pc + 68
core   0: 3 0x8000d148 (0x04189263)
core   0: 0x8000d14c (0xedd809b7) lui     s3, 0xedd80
core   0: 3 0x8000d14c (0xedd809b7) x19 0xedd80000
core   0: 0x8000d150 (0x00db6f33) or      t5, s6, a3
core   0: 3 0x8000d150 (0x00db6f33) x30 0x00000000
core   0: 0x8000d154 (0x00006169) c.addi16sp sp, 208
core   0: 3 0x8000d154 (0x6169) x 2 0x000000d0
core   0: 0x8000d156 (0x03c8ed63) bltu    a7, t3, pc + 58
core   0: 3 0x8000d156 (0x03c8ed63)
core   0: 0x8000d190 (0x00000001) c.nop
core   0: 3 0x8000d190 (0x0001)
core   0: 0x8000d192 (0x00c59293) slli    t0, a1, 12
core   0: 3 0x8000d192 (0x00c59293) x 5 0x0aad5000
core   0: 0x8000d196 (0x00008db5) c.xor   a1, a3
core   0: 3 0x8000d196 (0x8db5) x11 0x0000aad5
core   0: 0x8000d198 (0x0000100f) fence.i
core   0: 3 0x8000d198 (0x0000100f)
core   0: 0x8000d19c (0x0000c0b1) c.beqz  s1, pc + 68
core   0: 3 0x8000d19c (0xc0b1)
core   0: 0x8000d1e0 (0x0000090c) c.addi4spn a1, sp, 144
core   0: 3 0x8000d1e0 (0x090c) x11 0x00000160
core   0: 0x8000d1e2 (0x01921f13) slli    t5, tp, 25
core   0: 3 0x8000d1e2 (0x01921f13) x30 0x98000000
core   0: 0x8000d1e6 (0x026055b3) divu    a1, zero, t1
core   0: 3 0x8000d1e6 (0x026055b3) x11 0x00000000
core   0: 0x8000d1ea (0x004fd713) srli    a4, t6, 4
core   0: 3 0x8000d1ea (0x004fd713) x14 0x00000000
core   0: 0x8000d1ee (0x03036cb3) rem     s9, t1, a6
core   0: 3 0x8000d1ee (0x03036cb3) x25 0x0000001d
core   0: 0x8000d1f2 (0xfab86713) ori     a4, a6, -85
core   0: 3 0x8000d1f2 (0xfab86713) x14 0xffffffbf
core   0: 0x8000d1f6 (0x008aa033) slt     zero, s5, s0
core   0: 3 0x8000d1f6 (0x008aa033)
core   0: 0x8000d1fa (0x000007a2) c.slli  a5, 8
core   0: 3 0x8000d1fa (0x07a2) x15 0x065df400
core   0: 0x8000d1fc (0x0000ee91) c.bnez  a3, pc + 28
core   0: 3 0x8000d1fc (0xee91)
core   0: 0x8000d1fe (0x00008f05) c.sub   a4, s1
core   0: 3 0x8000d1fe (0x8f05) x14 0xffffffbf
core   0: 0x8000d200 (0x0ff0000f) fence   iorw,iorw
core   0: 3 0x8000d200 (0x0ff0000f)
core   0: 0x8000d204 (0x0021d913) srli    s2, gp, 2
core   0: 3 0x8000d204 (0x0021d913) x18 0x00000000
core   0: 0x8000d208 (0x419ed393) srai    t2, t4, 25
core   0: 3 0x8000d208 (0x419ed393) x 7 0x00000000
core   0: 0x8000d20c (0x03aa2f33) mulhsu  t5, s4, s10
core   0: 3 0x8000d20c (0x03aa2f33) x30 0x00000000
core   0: 0x8000d210 (0x02441033) mulh    zero, s0, tp
core   0: 3 0x8000d210 (0x02441033)
core   0: 0x8000d214 (0x41125f33) sra     t5, tp, a7
core   0: 3 0x8000d214 (0x41125f33) x30 0x409e9fcc
core   0: 0x8000d218 (0x0000c0a5) c.beqz  s1, pc + 96
core   0: 3 0x8000d218 (0xc0a5)
core   0: 0x8000d278 (0x0000577d) c.li    a4, -1
core   0: 3 0x8000d278 (0x577d) x14 0xffffffff
core   0: 0x8000d27a (0x4a9ae693) ori     a3, s5, 1193
core   0: 3 0x8000d27a (0x4a9ae693) x13 0x0029cee9
core   0: 0x8000d27e (0x00adf263) bgeu    s11, a0, pc + 4
core   0: 3 0x8000d27e (0x00adf263)
core   0: 0x8000d282 (0x0000c879) c.beqz  s0, pc + 214
core   0: 3 0x8000d282 (0xc879)
core   0: 0x8000d284 (0x6ccd5237) lui     tp, 0x6ccd5
core   0: 3 0x8000d284 (0x6ccd5237) x 4 0x6ccd5000
core   0: 0x8000d288 (0x0ea3c363) blt     t2, a0, pc + 230
core   0: 3 0x8000d288 (0x0ea3c363)
core   0: 0x8000d28c (0x01e47eb3) and     t4, s0, t5
core   0: 3 0x8000d28c (0x01e47eb3) x29 0x409c030c
core   0: 0x8000d290 (0x0000c5ed) c.beqz  a1, pc + 234
core   0: 3 0x8000d290 (0xc5ed)
core   0: 0x8000d37a (0x00006ae9) c.lui   s5, 0x1a
core   0: 3 0x8000d37a (0x6ae9) x21 0x0001a000
core   0: 0x8000d37c (0x0022feb3) and     t4, t0, sp
core   0: 3 0x8000d37c (0x0022feb3) x29 0x00000000
core   0: 0x8000d380 (0x020c0463) beqz    s8, pc + 40
core   0: 3 0x8000d380 (0x020c0463)
core   0: 0x8000d384 (0x00008fad) c.xor   a5, a1
core   0: 3 0x8000d384 (0x8fad) x15 0x065df400
core   0: 0x8000d386 (0x00008c39) c.xor   s0, a4
core   0: 3 0x8000d386 (0x8c39) x 8 0x80029cf3
core   0: 0x8000d388 (0x000001de) c.slli  gp, 23
core   0: 3 0x8000d388 (0x01de) x 3 0x00000000
core   0: 0x8000d38a (0x4029dcb3) sra     s9, s3, sp
core   0: 3 0x8000d38a (0x4029dcb3) x25 0xffffedd8
core   0: 0x8000d38e (0x000081de) c.mv    gp, s7
core   0: 3 0x8000d38e (0x81de) x 3 0xde100003
core   0: 0x8000d390 (0x4010dfb3) sra     t6, ra, ra
core   0: 3 0x8000d390 (0x4010dfb3) x31 0x00000000
core   0: 0x8000d394 (0x02397733) remu    a4, s2, gp
core   0: 3 0x8000d394 (0x02397733) x14 0x00000000
core   0: 0x8000d398 (0x019a9b63) bne     s5, s9, pc + 22
core   0: 3 0x8000d398 (0x019a9b63)
core   0: 0x8000d3ae (0x00008d9d) c.sub   a1, a5
core   0: 3 0x8000d3ae (0x8d9d) x11 0xf9a20c00
core   0: 0x8000d3b0 (0x00000001) c.nop
core   0: 3 0x8000d3b0 (0x0001)
core   0: 0x8000d3b2 (0x00008059) c.srli  s0, 22
core   0: 3 0x8000d3b2 (0x8059) x 8 0x00000200
core   0: 0x8000d3b4 (0x1f1ce937) lui     s2, 0x1f1ce
core   0: 3 0x8000d3b4 (0x1f1ce937) x18 0x1f1ce000
core   0: 0x8000d3b8 (0x00860563) beq     a2, s0, pc + 10
core   0: 3 0x8000d3b8 (0x00860563)
core   0: 0x8000d3bc (0x0000058c) c.addi4spn a1, sp, 704
core   0: 3 0x8000d3bc (0x058c) x11 0x00000390
core   0: 0x8000d3be (0x03753133) mulhu   sp, a0, s7
core   0: 3 0x8000d3be (0x03753133) x 2 0x6f0a4439
core   0: 0x8000d3c2 (0x00000001) c.nop
core   0: 3 0x8000d3c2 (0x0001)
core   0: 0x8000d3c4 (0x014c99b3) sll     s3, s9, s4
core   0: 3 0x8000d3c4 (0x014c99b3) x19 0xffffedd8
core   0: 0x8000d3c8 (0x000086b5) c.srai  a3, 13
core   0: 3 0x8000d3c8 (0x86b5) x13 0x0000014e
core   0: 0x8000d3ca (0x00e25a33) srl     s4, tp, a4
core   0: 3 0x8000d3ca (0x00e25a33) x20 0x6ccd5000
core   0: 0x8000d3ce (0x01038463) beq     t2, a6, pc + 8
core   0: 3 0x8000d3ce (0x01038463)
core   0: 0x8000d3d2 (0x00fd9263) bne     s11, a5, pc + 4
core   0: 3 0x8000d3d2 (0x00fd9263)
core   0: 0x8000d3d6 (0x40b1a713) slti    a4, gp, 1035
core   0: 3 0x8000d3d6 (0x40b1a713) x14 0x00000001
core   0: 0x8000d3da (0x0265c8b3) div     a7, a1, t1
core   0: 3 0x8000d3da (0x0265c8b3) x17 0x00000000
core   0: 0x8000d3de (0x0377aab3) mulhsu  s5, a5, s7
core   0: 3 0x8000d3de (0x0377aab3) x21 0x0585df77
core   0: 0x8000d3e2 (0x00462303) lw      t1, 4(a2)
core   0: 3 0x8000d3e2 (0x00462303) x 6 0x8000a14a mem 0x80025df8
core   0: 0x8000d3e6 (0xb3be6b97) auipc   s7, 0xb3be6
core   0: 3 0x8000d3e6 (0xb3be6b97) x23 0x33bf33e6
core   0: 0x8000d3ea (0x03460613) addi    a2, a2, 52
core   0: 3 0x8000d3ea (0x03460613) x12 0x80025e28
core   0: 0x8000d3ee (0x00008c19) c.sub   s0, a4
core   0: 3 0x8000d3ee (0x8c19) x 8 0x000001ff
core   0: 0x8000d3f0 (0x030266b3) rem     a3, tp, a6
core   0: 3 0x8000d3f0 (0x030266b3) x13 0x00000012
core   0: 0x8000d3f4 (0x0000187d) c.addi  a6, -1
core   0: 3 0x8000d3f4 (0x187d) x16 0x0000001d
core   0: 0x8000d3f6 (0x00001480) c.addi4spn s0, sp, 608
core   0: 3 0x8000d3f6 (0x1480) x 8 0x6f0a4699
core   0: 0x8000d3f8 (0x00030e93) mv      t4, t1
core   0: 3 0x8000d3f8 (0x00030e93) x29 0x8000a14a
core   0: 0x8000d3fc (0x00009e82) c.jalr  t4
core   0: 3 0x8000d3fc (0x9e82) x 1 0x8000d3fe
core   0: 0x8000a14a (0x00010117) auipc   sp, 0x10
core   0: 3 0x8000a14a (0x00010117) x 2 0x8001a14a
core   0: 0x8000a14e (0xdc110113) addi    sp, sp, -575
core   0: 3 0x8000a14e (0xdc110113) x 2 0x80019f0b
core   0: 0x8000a152 (0x00008917) auipc   s2, 0x8
core   0: 3 0x8000a152 (0x00008917) x18 0x80012152
core   0: 0x8000a156 (0x2c590913) addi    s2, s2, 709
core   0: 3 0x8000a156 (0x2c590913) x18 0x80012417
core   0: 0x8000a15a (0x00013c97) auipc   s9, 0x13
core   0: 3 0x8000a15a (0x00013c97) x25 0x8001d15a
core   0: 0x8000a15e (0xf0fc8c93) addi    s9, s9, -241
core   0: 3 0x8000a15e (0xf0fc8c93) x25 0x8001d069
core   0: 0x8000a162 (0x02dc9703) lh      a4, 45(s9)
core   0: 3 0x8000a162 (0x02dc9703) x14 0x00000000 mem 0x8001d096
core   0: 0x8000a166 (0xf8310723) sb      gp, -114(sp)
core   0: 3 0x8000a166 (0xf8310723) mem 0x80019e99 0x3
core   0: 0x8000a16a (0xfdb91003) lh      zero, -37(s2)
core   0: 3 0x8000a16a (0xfdb91003) mem 0x800123f2
core   0: 0x8000a16e (0x0bc14403) lbu     s0, 188(sp)
core   0: 3 0x8000a16e (0x0bc14403) x 8 0x00000000 mem 0x80019fc7
core   0: 0x8000a172 (0x00015f97) auipc   t6, 0x15
core   0: 3 0x8000a172 (0x00015f97) x31 0x8001f172
core   0: 0x8000a176 (0xfbdf8f93) addi    t6, t6, -67
core   0: 3 0x8000a176 (0xfbdf8f93) x31 0x8001f12f
core   0: 0x8000a17a (0x00007697) auipc   a3, 0x7
core   0: 3 0x8000a17a (0x00007697) x13 0x8001117a
core   0: 0x8000a17e (0x5ef68693) addi    a3, a3, 1519
core   0: 3 0x8000a17e (0x5ef68693) x13 0x80011769
core   0: 0x8000a182 (0xffbc8b23) sb      s11, -10(s9)
core   0: 3 0x8000a182 (0xffbc8b23) mem 0x8001d05f 0x94
core   0: 0x8000a186 (0x018116a3) sh      s8, 13(sp)
core   0: 3 0x8000a186 (0x018116a3) mem 0x80019f18 0x0cd8
core   0: 0x8000a18a (0x792f8a23) sb      s2, 1940(t6)
core   0: 3 0x8000a18a (0x792f8a23) mem 0x8001f8c3 0x17
core   0: 0x8000a18e (0x09c14803) lbu     a6, 156(sp)
core   0: 3 0x8000a18e (0x09c14803) x16 0x00000000 mem 0x80019fa7
core   0: 0x8000a192 (0x696f99a3) sh      s6, 1683(t6)
core   0: 3 0x8000a192 (0x696f99a3) mem 0x8001f7c2 0x0000
core   0: 0x8000a196 (0xff668583) lb      a1, -10(a3)
core   0: 3 0x8000a196 (0xff668583) x11 0x00000000 mem 0x8001175f
core   0: 0x8000a19a (0xfef91e03) lh      t3, -17(s2)
core   0: 3 0x8000a19a (0xfef91e03) x28 0x00000000 mem 0x80012406
core   0: 0x8000a19e (0x013cd583) lhu     a1, 19(s9)
core   0: 3 0x8000a19e (0x013cd583) x11 0x00000000 mem 0x8001d07c
core   0: 0x8000a1a2 (0xfd690523) sb      s6, -54(s2)
core   0: 3 0x8000a1a2 (0xfd690523) mem 0x800123e1 0x0
core   0: 0x8000a1a6 (0x01dc9783) lh      a5, 29(s9)
core   0: 3 0x8000a1a6 (0x01dc9783) x15 0x00000000 mem 0x8001d086
core   0: 0x8000a1aa (0xffd68983) lb      s3, -3(a3)
core   0: 3 0x8000a1aa (0xffd68983) x19 0x00000000 mem 0x80011766
core   0: 0x8000a1ae (0xd92f8a03) lb      s4, -622(t6)
core   0: 3 0x8000a1ae (0xd92f8a03) x20 0x00000000 mem 0x8001eec1
core   0: 0x8000a1b2 (0xfcc90ba3) sb      a2, -41(s2)
core   0: 3 0x8000a1b2 (0xfcc90ba3) mem 0x800123ee 0x28
core   0: 0x8000a1b6 (0xc07f9003) lh      zero, -1017(t6)
core   0: 3 0x8000a1b6 (0xc07f9003) mem 0x8001ed36
core   0: 0x8000a1ba (0x03590c23) sb      s5, 56(s2)
core   0: 3 0x8000a1ba (0x03590c23) mem 0x8001244f 0x77
core   0: 0x8000a1be (0x012c8d03) lb      s10, 18(s9)
core   0: 3 0x8000a1be (0x012c8d03) x26 0x00000000 mem 0x8001d07b
core   0: 0x8000a1c2 (0x00b68203) lb      tp, 11(a3)
core   0: 3 0x8000a1c2 (0x00b68203) x 4 0x00000000 mem 0x80011774
core   0: 0x8000a1c6 (0x268fc003) lbu     zero, 616(t6)
core   0: 3 0x8000a1c6 (0x268fc003) mem 0x8001f397
core   0: 0x8000a1ca (0xebcf8583) lb      a1, -324(t6)
core   0: 3 0x8000a1ca (0xebcf8583) x11 0x00000000 mem 0x8001efeb
core   0: 0x8000a1ce (0x0b711283) lh      t0, 183(sp)
core   0: 3 0x8000a1ce (0x0b711283) x 5 0x00000000 mem 0x80019fc2
core   0: 0x8000a1d2 (0xfdac8883) lb      a7, -38(s9)
core   0: 3 0x8000a1d2 (0xfdac8883) x17 0x00000000 mem 0x8001d043
core   0: 0x8000a1d6 (0x9c2fc703) lbu     a4, -1598(t6)
core   0: 3 0x8000a1d6 (0x9c2fc703) x14 0x00000000 mem 0x8001eaf1
core   0: 0x8000a1da (0xfc190ca3) sb      ra, -39(s2)
core   0: 3 0x8000a1da (0xfc190ca3) mem 0x800123f0 0xfe
core   0: 0x8000a1de (0x016681a3) sb      s6, 3(a3)
core   0: 3 0x8000a1de (0x016681a3) mem 0x8001176c 0x0
core   0: 0x8000a1e2 (0x01ec8303) lb      t1, 30(s9)
core   0: 3 0x8000a1e2 (0x01ec8303) x 6 0x00000000 mem 0x8001d087
core   0: 0x8000a1e6 (0x008c8b23) sb      s0, 22(s9)
core   0: 3 0x8000a1e6 (0x008c8b23) mem 0x8001d07f 0x0
core   0: 0x8000a1ea (0xbd3f8283) lb      t0, -1069(t6)
core   0: 3 0x8000a1ea (0xbd3f8283) x 5 0x00000000 mem 0x8001ed02
core   0: 0x8000a1ee (0xa93f8e83) lb      t4, -1389(t6)
core   0: 3 0x8000a1ee (0xa93f8e83) x29 0x00000000 mem 0x8001ebc2
core   0: 0x8000a1f2 (0x01191e03) lh      t3, 17(s2)
core   0: 3 0x8000a1f2 (0x01191e03) x28 0x00000000 mem 0x80012428
core   0: 0x8000a1f6 (0xfee68923) sb      a4, -14(a3)
core   0: 3 0x8000a1f6 (0xfee68923) mem 0x8001175b 0x0
core   0: 0x8000a1fa (0xfcc90223) sb      a2, -60(s2)
core   0: 3 0x8000a1fa (0xfcc90223) mem 0x800123db 0x28
core   0: 0x8000a1fe (0x19bf9d03) lh      s10, 411(t6)
core   0: 3 0x8000a1fe (0x19bf9d03) x26 0x00000000 mem 0x8001f2ca
core   0: 0x8000a202 (0xfd1c8f03) lb      t5, -47(s9)
core   0: 3 0x8000a202 (0xfd1c8f03) x30 0x00000000 mem 0x8001d03a
core   0: 0x8000a206 (0xf5810023) sb      s8, -192(sp)
core   0: 3 0x8000a206 (0xf5810023) mem 0x80019e4b 0xd8
core   0: 0x8000a20a (0x01b68023) sb      s11, 0(a3)
core   0: 3 0x8000a20a (0x01b68023) mem 0x80011769 0x94
core   0: 0x8000a20e (0x0260036f) jal     t1, pc + 0x26
core   0: 3 0x8000a20e (0x0260036f) x 6 0x8000a212
core   0: 0x8000a234 (0x00003fcd) c.jal   pc - 14
core   0: 3 0x8000a234 (0x3fcd) x 1 0x8000a236
core   0: 0x8000a226 (0x0000a029) c.j     pc + 10
core   0: 3 0x8000a226 (0xa029)
core   0: 0x8000a230 (0x0000bfe5) c.j     pc - 8
core   0: 3 0x8000a230 (0xbfe5)
core   0: 0x8000a228 (0x00002819) c.jal   pc + 22
core   0: 3 0x8000a228 (0x2819) x 1 0x8000a22a
core   0: 0x8000a23e (0x0000bff1) c.j     pc - 36
core   0: 3 0x8000a23e (0xbff1)
core   0: 0x8000a21a (0x010000ef) jal     pc + 0x10
core   0: 3 0x8000a21a (0x010000ef) x 1 0x8000a21e
core   0: 0x8000a22a (0xff7ff0ef) jal     pc - 0xa
core   0: 3 0x8000a22a (0xff7ff0ef) x 1 0x8000a22e
core   0: 0x8000a220 (0x022000ef) jal     pc + 0x22
core   0: 3 0x8000a220 (0x022000ef) x 1 0x8000a224
core   0: 0x8000a242 (0x0000bfc1) c.j     pc - 48
core   0: 3 0x8000a242 (0xbfc1)
core   0: 0x8000a212 (0x004000ef) jal     pc + 0x4
core   0: 3 0x8000a212 (0x004000ef) x 1 0x8000a216
core   0: 0x8000a216 (0x02a0036f) jal     t1, pc + 0x2a
core   0: 3 0x8000a216 (0x02a0036f) x 6 0x8000a21a
core   0: 0x8000a240 (0x0000bff9) c.j     pc - 34
core   0: 3 0x8000a240 (0xbff9)
core   0: 0x8000a21e (0x0000a831) c.j     pc + 28
core   0: 3 0x8000a21e (0xa831)
core   0: 0x8000a23a (0x00a000ef) jal     pc + 0xa
core   0: 3 0x8000a23a (0x00a000ef) x 1 0x8000a23e
core   0: 0x8000a244 (0x000037fd) c.jal   pc - 18
core   0: 3 0x8000a244 (0x37fd) x 1 0x8000a246
core   0: 0x8000a232 (0x0000a011) c.j     pc + 4
core   0: 3 0x8000a232 (0xa011)
core   0: 0x8000a236 (0xff9ff36f) jal     t1, pc - 0x8
core   0: 3 0x8000a236 (0xff9ff36f) x 6 0x8000a23a
core   0: 0x8000a22e (0x00003fdd) c.jal   pc - 10
core   0: 3 0x8000a22e (0x3fdd) x 1 0x8000a230
core   0: 0x8000a224 (0x0000200d) c.jal   pc + 34
core   0: 3 0x8000a224 (0x200d) x 1 0x8000a226
core   0: 0x8000a246 (0x00008719) c.srai  a4, 6
core   0: 3 0x8000a246 (0x8719) x14 0x00000000
core   0: 0x8000a248 (0x00006e97) auipc   t4, 0x6
core   0: 3 0x8000a248 (0x00006e97) x29 0x80010248
core   0: 0x8000a24c (0x0dfe8e93) addi    t4, t4, 223
core   0: 3 0x8000a24c (0x0dfe8e93) x29 0x80010327
core   0: 0x8000a250 (0x00006717) auipc   a4, 0x6
core   0: 3 0x8000a250 (0x00006717) x14 0x80010250
core   0: 0x8000a254 (0x35270713) addi    a4, a4, 850
core   0: 3 0x8000a254 (0x35270713) x14 0x800105a2
core   0: 0x8000a258 (0x00006997) auipc   s3, 0x6
core   0: 3 0x8000a258 (0x00006997) x19 0x80010258
core   0: 0x8000a25c (0x35298993) addi    s3, s3, 850
core   0: 3 0x8000a25c (0x35298993) x19 0x800105aa
core   0: 0x8000a260 (0x00098a83) lb      s5, 0(s3)
core   0: 3 0x8000a260 (0x00098a83) x21 0x00000000 mem 0x800105aa
core   0: 0x8000a264 (0x075ecd03) lbu     s10, 117(t4)
core   0: 3 0x8000a264 (0x075ecd03) x26 0x00000000 mem 0x8001039c
core   0: 0x8000a268 (0xff6e8223) sb      s6, -28(t4)
core   0: 3 0x8000a268 (0xff6e8223) mem 0x8001030b 0x0
core   0: 0x8000a26c (0x00f70383) lb      t2, 15(a4)
core   0: 3 0x8000a26c (0x00f70383) x 7 0x00000000 mem 0x800105b1
core   0: 0x8000a270 (0x014981a3) sb      s4, 3(s3)
core   0: 3 0x8000a270 (0x014981a3) mem 0x800105ad 0x0
core   0: 0x8000a274 (0x019983a3) sb      s9, 7(s3)
core   0: 3 0x8000a274 (0x019983a3) mem 0x800105b1 0x69
core   0: 0x8000a278 (0x05ee8683) lb      a3, 94(t4)
core   0: 3 0x8000a278 (0x05ee8683) x13 0x00000000 mem 0x80010385
core   0: 0x8000a27c (0x00c9de03) lhu     t3, 12(s3)
core   0: 3 0x8000a27c (0x00c9de03) x28 0x00000000 mem 0x800105b6
core   0: 0x8000a280 (0xff09ab23) sw      a6, -10(s3)
core   0: 3 0x8000a280 (0xff09ab23) mem 0x800105a0 0x00000000
core   0: 0x8000a284 (0x00475d03) lhu     s10, 4(a4)
core   0: 3 0x8000a284 (0x00475d03) x26 0x00000000 mem 0x800105a6
core   0: 0x8000a288 (0xff69a583) lw      a1, -10(s3)
core   0: 3 0x8000a288 (0xff69a583) x11 0x00000000 mem 0x800105a0
core   0: 0x8000a28c (0x0a7ecf83) lbu     t6, 167(t4)
core   0: 3 0x8000a28c (0x0a7ecf83) x31 0x00000000 mem 0x800103ce
core   0: 0x8000a290 (0xff070ba3) sb      a6, -9(a4)
core   0: 3 0x8000a290 (0xff070ba3) mem 0x80010599 0x0
core   0: 0x8000a294 (0x00f71823) sh      a5, 16(a4)
core   0: 3 0x8000a294 (0x00f71823) mem 0x800105b2 0x0000
core   0: 0x8000a298 (0xffc70f83) lb      t6, -4(a4)
core   0: 3 0x8000a298 (0xffc70f83) x31 0x00000000 mem 0x8001059e
core   0: 0x8000a29c (0xfa7ecd03) lbu     s10, -89(t4)
core   0: 3 0x8000a29c (0xfa7ecd03) x26 0x00000000 mem 0x800102ce
core   0: 0x8000a2a0 (0xf1ee8c83) lb      s9, -226(t4)
core   0: 3 0x8000a2a0 (0xf1ee8c83) x25 0x00000000 mem 0x80010245
core   0: 0x8000a2a4 (0xfec98d23) sb      a2, -6(s3)
core   0: 3 0x8000a2a4 (0xfec98d23) mem 0x800105a4 0x28
core   0: 0x8000a2a8 (0xff171a23) sh      a7, -12(a4)
core   0: 3 0x8000a2a8 (0xff171a23) mem 0x80010596 0x0000
core   0: 0x8000a2ac (0x098ece03) lbu     t3, 152(t4)
core   0: 3 0x8000a2ac (0x098ece03) x28 0x00000000 mem 0x800103bf
core   0: 0x8000a2b0 (0xfed70923) sb      a3, -14(a4)
core   0: 3 0x8000a2b0 (0xfed70923) mem 0x80010594 0x0
core   0: 0x8000a2b4 (0xff498883) lb      a7, -12(s3)
core   0: 3 0x8000a2b4 (0xff498883) x17 0x00000000 mem 0x8001059e
core   0: 0x8000a2b8 (0x0069d583) lhu     a1, 6(s3)
core   0: 3 0x8000a2b8 (0x0069d583) x11 0x00006900 mem 0x800105b0
core   0: 0x8000a2bc (0xf4ae8f83) lb      t6, -182(t4)
core   0: 3 0x8000a2bc (0xf4ae8f83) x31 0xfffffffa mem 0x80010271
core   0: 0x8000a2c0 (0x00006117) auipc   sp, 0x6
core   0: 3 0x8000a2c0 (0x00006117) x 2 0x800102c0
core   0: 0x8000a2c4 (0x5a510113) addi    sp, sp, 1445
core   0: 3 0x8000a2c4 (0x5a510113) x 2 0x80010865
core   0: 0x8000a2c8 (0xffb10f03) lb      t5, -5(sp)
core   0: 3 0x8000a2c8 (0xffb10f03) x30 0x00000000 mem 0x80010860
core   0: 0x8000a2cc (0x3728cc37) lui     s8, 0x3728c
core   0: 3 0x8000a2cc (0x3728cc37) x24 0x3728c000
core   0: 0x8000a2d0 (0x00008dbd) c.xor   a1, a5
core   0: 3 0x8000a2d0 (0x8dbd) x11 0x00006900
core   0: 0x8000a2d2 (0xb6856793) ori     a5, a0, -1176
core   0: 3 0x8000a2d2 (0xb6856793) x15 0xffffffec
core   0: 0x8000a2d6 (0x00c14283) lbu     t0, 12(sp)
core   0: 3 0x8000a2d6 (0x00c14283) x 5 0x00000000 mem 0x80010871
core   0: 0x8000a2da (0x40b5df13) srai    t5, a1, 11
core   0: 3 0x8000a2da (0x40b5df13) x30 0x0000000d
core   0: 0x8000a2de (0xff310b03) lb      s6, -13(sp)
core   0: 3 0x8000a2de (0xff310b03) x22 0x00000000 mem 0x80010858
core   0: 0x8000a2e2 (0x00968833) add     a6, a3, s1
core   0: 3 0x8000a2e2 (0x00968833) x16 0x00000000
core   0: 0x8000a2e6 (0x00814583) lbu     a1, 8(sp)
core   0: 3 0x8000a2e6 (0x00814583) x11 0x00000000 mem 0x8001086d
core   0: 0x8000a2ea (0x00312e83) lw      t4, 3(sp)
core   0: 3 0x8000a2ea (0x00312e83) x29 0x00690000 mem 0x80010868
core   0: 0x8000a2ee (0xff111283) lh      t0, -15(sp)
core   0: 3 0x8000a2ee (0xff111283) x 5 0x00000000 mem 0x80010856
core   0: 0x8000a2f2 (0x00b12c83) lw      s9, 11(sp)
core   0: 3 0x8000a2f2 (0x00b12c83) x25 0x00000000 mem 0x80010870
core   0: 0x8000a2f6 (0xb4ae0013) addi    zero, t3, -1206
core   0: 3 0x8000a2f6 (0xb4ae0013)
core   0: 0x8000a2fa (0x00c69b13) slli    s6, a3, 12
core   0: 3 0x8000a2fa (0x00c69b13) x22 0x00000000
core   0: 0x8000a2fe (0xd3beb993) sltiu   s3, t4, -709
core   0: 3 0x8000a2fe (0xd3beb993) x19 0x00000001
core   0: 0x8000a302 (0xff614783) lbu     a5, -10(sp)
core   0: 3 0x8000a302 (0xff614783) x15 0x00000000 mem 0x8001085b
core   0: 0x8000a306 (0x00910803) lb      a6, 9(sp)
core   0: 3 0x8000a306 (0x00910803) x16 0x00000000 mem 0x8001086e
core   0: 0x8000a30a (0x00f2c433) xor     s0, t0, a5
core   0: 3 0x8000a30a (0x00f2c433) x 8 0x00000000
core   0: 0x8000a30e (0x00008775) c.srai  a4, 29
core   0: 3 0x8000a30e (0x8775) x14 0xfffffffc
core   0: 0x8000a310 (0x00008f51) c.or    a4, a2
core   0: 3 0x8000a310 (0x8f51) x14 0xfffffffc
core   0: 0x8000a312 (0x00006b0d) c.lui   s6, 0x3
core   0: 3 0x8000a312 (0x6b0d) x22 0x00003000
core   0: 0x8000a314 (0x0184c233) xor     tp, s1, s8
core   0: 3 0x8000a314 (0x0184c233) x 4 0x3728c000
core   0: 0x8000a318 (0x00008c09) c.sub   s0, a0
core   0: 3 0x8000a318 (0x8c09) x 8 0x7ffd631c
core   0: 0x8000a31a (0x00f982b3) add     t0, s3, a5
core   0: 3 0x8000a31a (0x00f982b3) x 5 0x00000001
core   0: 0x8000a31e (0x00f10323) sb      a5, 6(sp)
core   0: 3 0x8000a31e (0x00f10323) mem 0x8001086b 0x0
core   0: 0x8000a322 (0x00f14383) lbu     t2, 15(sp)
core   0: 3 0x8000a322 (0x00f14383) x 7 0x00000000 mem 0x80010874
core   0: 0x8000a326 (0xa0daf693) andi    a3, s5, -1523
core   0: 3 0x8000a326 (0xa0daf693) x13 0x00000000
core   0: 0x8000a32a (0x01091693) slli    a3, s2, 16
core   0: 3 0x8000a32a (0x01091693) x13 0x24170000
core   0: 0x8000a32e (0x020206b3) mul     a3, tp, zero
core   0: 3 0x8000a32e (0x020206b3) x13 0x00000000
core   0: 0x8000a332 (0x94f43a13) sltiu   s4, s0, -1713
core   0: 3 0x8000a332 (0x94f43a13) x20 0x00000001
core   0: 0x8000a336 (0x03e04933) div     s2, zero, t5
core   0: 3 0x8000a336 (0x03e04933) x18 0x00000000
core   0: 0x8000a33a (0x00000272) c.slli  tp, 28
core   0: 3 0x8000a33a (0x0272) x 4 0x00000000
core   0: 0x8000a33c (0x016326b3) slt     a3, t1, s6
core   0: 3 0x8000a33c (0x016326b3) x13 0x00000001
core   0: 0x8000a340 (0x00008fcd) c.or    a5, a1
core   0: 3 0x8000a340 (0x8fcd) x15 0x00000000
core   0: 0x8000a342 (0xffa10483) lb      s1, -6(sp)
core   0: 3 0x8000a342 (0xffa10483) x 9 0x00000000 mem 0x8001085f
core   0: 0x8000a346 (0x0200036f) jal     t1, pc + 0x20
core   0: 3 0x8000a346 (0x0200036f) x 6 0x8000a34a
core   0: 0x8000a366 (0x0000a805) c.j     pc + 48
core   0: 3 0x8000a366 (0xa805)
core   0: 0x8000a396 (0x00003fd5) c.jal   pc - 12
core   0: 3 0x8000a396 (0x3fd5) x 1 0x8000a398
core   0: 0x8000a38a (0x00002009) c.jal   pc + 2
core   0: 3 0x8000a38a (0x2009) x 1 0x8000a38c
core   0: 0x8000a38c (0x00003fdd) c.jal   pc - 10
core   0: 3 0x8000a38c (0x3fdd) x 1 0x8000a38e
core   0: 0x8000a382 (0xfd5ff36f) jal     t1, pc - 0x2c
core   0: 3 0x8000a382 (0xfd5ff36f) x 6 0x8000a386
core   0: 0x8000a356 (0x00003fe5) c.jal   pc - 8
core   0: 3 0x8000a356 (0x3fe5) x 1 0x8000a358
core   0: 0x8000a34e (0x030000ef) jal     pc + 0x30
core   0: 3 0x8000a34e (0x030000ef) x 1 0x8000a352
core   0: 0x8000a37e (0xfe5ff36f) jal     t1, pc - 0x1c
core   0: 3 0x8000a37e (0xfe5ff36f) x 6 0x8000a382
core   0: 0x8000a362 (0xfebff36f) jal     t1, pc - 0x16
core   0: 3 0x8000a362 (0xfebff36f) x 6 0x8000a366
core   0: 0x8000a34c (0x0000a03d) c.j     pc + 46
core   0: 3 0x8000a34c (0xa03d)
core   0: 0x8000a37a (0x0000bff5) c.j     pc - 4
core   0: 3 0x8000a37a (0xbff5)
core   0: 0x8000a376 (0x012000ef) jal     pc + 0x12
core   0: 3 0x8000a376 (0x012000ef) x 1 0x8000a37a
core   0: 0x8000a388 (0x0000b7dd) c.j     pc - 26
core   0: 3 0x8000a388 (0xb7dd)
core   0: 0x8000a36e (0x004000ef) jal     pc + 0x4
core   0: 3 0x8000a36e (0x004000ef) x 1 0x8000a372
core   0: 0x8000a372 (0xfedff0ef) jal     pc - 0x14
core   0: 3 0x8000a372 (0xfedff0ef) x 1 0x8000a376
core   0: 0x8000a35e (0x0320036f) jal     t1, pc + 0x32
core   0: 3 0x8000a35e (0x0320036f) x 6 0x8000a362
core   0: 0x8000a390 (0x0000bfe9) c.j     pc - 38
core   0: 3 0x8000a390 (0xbfe9)
core   0: 0x8000a36a (0xfe9ff0ef) jal     pc - 0x18
core   0: 3 0x8000a36a (0xfe9ff0ef) x 1 0x8000a36e
core   0: 0x8000a352 (0x0000a021) c.j     pc + 8
core   0: 3 0x8000a352 (0xa021)
core   0: 0x8000a35a (0x0000283d) c.jal   pc + 62
core   0: 3 0x8000a35a (0x283d) x 1 0x8000a35c
core   0: 0x8000a398 (0x0000b7d5) c.j     pc - 28
core   0: 3 0x8000a398 (0xb7d5)
core   0: 0x8000a37c (0x000037f5) c.jal   pc - 20
core   0: 3 0x8000a37c (0x37f5) x 1 0x8000a37e
core   0: 0x8000a368 (0x0000202d) c.jal   pc + 42
core   0: 3 0x8000a368 (0x202d) x 1 0x8000a36a
core   0: 0x8000a392 (0xff5ff2ef) jal     t0, pc - 0xc
core   0: 3 0x8000a392 (0xff5ff2ef) x 5 0x8000a396
core   0: 0x8000a386 (0x0000b7d1) c.j     pc - 60
core   0: 3 0x8000a386 (0xb7d1)
core   0: 0x8000a34a (0x00002029) c.jal   pc + 10
core   0: 3 0x8000a34a (0x2029) x 1 0x8000a34c
core   0: 0x8000a354 (0x0000a011) c.j     pc + 4
core   0: 3 0x8000a354 (0xa011)
core   0: 0x8000a358 (0x0000a81d) c.j     pc + 54
core   0: 3 0x8000a358 (0xa81d)
core   0: 0x8000a38e (0x000037f9) c.jal   pc - 50
core   0: 3 0x8000a38e (0x37f9) x 1 0x8000a390
core   0: 0x8000a35c (0x0000a83d) c.j     pc + 62
core   0: 3 0x8000a35c (0xa83d)
core   0: 0x8000a39a (0x00006fb9) c.lui   t6, 0xe
core   0: 3 0x8000a39a (0x6fb9) x31 0x0000e000
core   0: 0x8000a39c (0x0000d117) auipc   sp, 0xd
core   0: 3 0x8000a39c (0x0000d117) x 2 0x8001739c
core   0: 0x8000a3a0 (0x11c10113) addi    sp, sp, 284
core   0: 3 0x8000a3a0 (0x11c10113) x 2 0x800174b8
core   0: 0x8000a3a4 (0x00000fde) c.slli  t6, 23
core   0: 3 0x8000a3a4 (0x0fde) x31 0x00000000
core   0: 0x8000a3a6 (0xff211183) lh      gp, -14(sp)
core   0: 3 0x8000a3a6 (0xff211183) x 3 0x00000000 mem 0x800174aa
core   0: 0x8000a3aa (0x0000197d) c.addi  s2, -1
core   0: 3 0x8000a3aa (0x197d) x18 0xffffffff
core   0: 0x8000a3ac (0x00b14403) lbu     s0, 11(sp)
core   0: 3 0x8000a3ac (0x00b14403) x 8 0x00000000 mem 0x800174c3
core   0: 0x8000a3b0 (0x02045fb3) divu    t6, s0, zero
core   0: 3 0x8000a3b0 (0x02045fb3) x31 0xffffffff
core   0: 0x8000a3b4 (0x0000987d) c.andi  s0, -1
core   0: 3 0x8000a3b4 (0x987d) x 8 0x00000000
core   0: 0x8000a3b6 (0x0281c233) div     tp, gp, s0
core   0: 3 0x8000a3b6 (0x0281c233) x 4 0xffffffff
core   0: 0x8000a3ba (0x0000987d) c.andi  s0, -1
core   0: 3 0x8000a3ba (0x987d) x 8 0x00000000
core   0: 0x8000a3bc (0x41b95f93) srai    t6, s2, 27
core   0: 3 0x8000a3bc (0x41b95f93) x31 0xffffffff
core   0: 0x8000a3c0 (0x02490433) mul     s0, s2, tp
core   0: 3 0x8000a3c0 (0x02490433) x 8 0x00000001
core   0: 0x8000a3c4 (0x00000001) c.nop
core   0: 3 0x8000a3c4 (0x0001)
core   0: 0x8000a3c6 (0x01ffa433) slt     s0, t6, t6
core   0: 3 0x8000a3c6 (0x01ffa433) x 8 0x00000000
core   0: 0x8000a3ca (0x003102a3) sb      gp, 5(sp)
core   0: 3 0x8000a3ca (0x003102a3) mem 0x800174bd 0x0
core   0: 0x8000a3ce (0x0000804d) c.srli  s0, 19
core   0: 3 0x8000a3ce (0x804d) x 8 0x00000000
core   0: 0x8000a3d0 (0x008f81b3) add     gp, t6, s0
core   0: 3 0x8000a3d0 (0x008f81b3) x 3 0xffffffff
core   0: 0x8000a3d4 (0x00614903) lbu     s2, 6(sp)
core   0: 3 0x8000a3d4 (0x00614903) x18 0x00000000 mem 0x800174be
core   0: 0x8000a3d8 (0xff611f83) lh      t6, -10(sp)
core   0: 3 0x8000a3d8 (0xff611f83) x31 0x00000000 mem 0x800174ae
core   0: 0x8000a3dc (0xff510903) lb      s2, -11(sp)
core   0: 3 0x8000a3dc (0xff510903) x18 0x00000000 mem 0x800174ad
core   0: 0x8000a3e0 (0xfe010ea3) sb      zero, -3(sp)
core   0: 3 0x8000a3e0 (0xfe010ea3) mem 0x800174b5 0x0
core   0: 0x8000a3e4 (0x41d25213) srai    tp, tp, 29
core   0: 3 0x8000a3e4 (0x41d25213) x 4 0xffffffff
core   0: 0x8000a3e8 (0x03205933) divu    s2, zero, s2
core   0: 3 0x8000a3e8 (0x03205933) x18 0xffffffff
core   0: 0x8000a3ec (0x00004fa2) c.lwsp  t6, 8(sp)
core   0: 3 0x8000a3ec (0x4fa2) x31 0x00000000 mem 0x800174c0
core   0: 0x8000a3ee (0xffa10203) lb      tp, -6(sp)
core   0: 3 0x8000a3ee (0xffa10203) x 4 0x00000000 mem 0x800174b2
core   0: 0x8000a3f2 (0x01244fb3) xor     t6, s0, s2
core   0: 3 0x8000a3f2 (0x01244fb3) x31 0xffffffff
core   0: 0x8000a3f6 (0x0000841d) c.srai  s0, 7
core   0: 3 0x8000a3f6 (0x841d) x 8 0x00000000
core   0: 0x8000a3f8 (0x41f25933) sra     s2, tp, t6
core   0: 3 0x8000a3f8 (0x41f25933) x18 0x00000000
core   0: 0x8000a3fc (0x012104a3) sb      s2, 9(sp)
core   0: 3 0x8000a3fc (0x012104a3) mem 0x800174c1 0x0
core   0: 0x8000a400 (0xff710f83) lb      t6, -9(sp)
core   0: 3 0x8000a400 (0xff710f83) x31 0x00000000 mem 0x800174af
core   0: 0x8000a404 (0x40040fb3) sub     t6, s0, zero
core   0: 3 0x8000a404 (0x40040fb3) x31 0x00000000
core   0: 0x8000a408 (0xebcf8913) addi    s2, t6, -324
core   0: 3 0x8000a408 (0xebcf8913) x18 0xfffffebc
core   0: 0x8000a40c (0x00000001) c.nop
core   0: 3 0x8000a40c (0x0001)
core   0: 0x8000a40e (0x0000c012) c.swsp  tp, 0(sp)
core   0: 3 0x8000a40e (0xc012) mem 0x800174b8 0x00000000
core   0: 0x8000a410 (0x00110f83) lb      t6, 1(sp)
core   0: 3 0x8000a410 (0x00110f83) x31 0x00000000 mem 0x800174b9
core   0: 0x8000a414 (0x03297fb3) remu    t6, s2, s2
core   0: 3 0x8000a414 (0x03297fb3) x31 0x00000000
core   0: 0x8000a418 (0x00008c61) c.and   s0, s0
core   0: 3 0x8000a418 (0x8c61) x 8 0x00000000
core   0: 0x8000a41a (0x004fb933) sltu    s2, t6, tp
core   0: 3 0x8000a41a (0x004fb933) x18 0x00000000
core   0: 0x8000a41e (0x142db217) auipc   tp, 0x142db
core   0: 3 0x8000a41e (0x142db217) x 4 0x942e541e
core   0: 0x8000a422 (0xfe310da3) sb      gp, -5(sp)
core   0: 3 0x8000a422 (0xfe310da3) mem 0x800174b3 0xff
core   0: 0x8000a426 (0x0000c602) c.swsp  zero, 12(sp)
core   0: 3 0x8000a426 (0xc602) mem 0x800174c4 0x00000000
core   0: 0x8000a428 (0x67407913) andi    s2, zero, 1652
core   0: 3 0x8000a428 (0x67407913) x18 0x00000000
core   0: 0x8000a42c (0xffa10f83) lb      t6, -6(sp)
core   0: 3 0x8000a42c (0xffa10f83) x31 0x00000000 mem 0x800174b2
core   0: 0x8000a430 (0xfe410923) sb      tp, -14(sp)
core   0: 3 0x8000a430 (0xfe410923) mem 0x800174aa 0x1e
core   0: 0x8000a434 (0x00009412) c.add   s0, tp
core   0: 3 0x8000a434 (0x9412) x 8 0x942e541e
core   0: 0x8000a436 (0x00310203) lb      tp, 3(sp)
core   0: 3 0x8000a436 (0x00310203) x 4 0x00000000 mem 0x800174bb
core   0: 0x8000a43a (0xfff11c23) sh      t6, -8(sp)
core   0: 3 0x8000a43a (0xfff11c23) mem 0x800174b0 0x0000
core   0: 0x8000a43e (0x003106a3) sb      gp, 13(sp)
core   0: 3 0x8000a43e (0x003106a3) mem 0x800174c5 0xff
core   0: 0x8000a442 (0x02045933) divu    s2, s0, zero
core   0: 3 0x8000a442 (0x02045933) x18 0xffffffff
core   0: 0x8000a446 (0x0ff0000f) fence   iorw,iorw
core   0: 3 0x8000a446 (0x0ff0000f)
core   0: 0x8000a44a (0xfc48afb7) lui     t6, 0xfc48a
core   0: 3 0x8000a44a (0xfc48afb7) x31 0xfc48a000
core   0: 0x8000a44e (0xfff10f83) lb      t6, -1(sp)
core   0: 3 0x8000a44e (0xfff10f83) x31 0x00000000 mem 0x800174b7
core   0: 0x8000a452 (0x008fe233) or      tp, t6, s0
core   0: 3 0x8000a452 (0x008fe233) x 4 0x942e541e
core   0: 0x8000a456 (0xfe810ba3) sb      s0, -9(sp)
core   0: 3 0x8000a456 (0xfe810ba3) mem 0x800174af 0x1e
core   0: 0x8000a45a (0x00006117) auipc   sp, 0x6
core   0: 3 0x8000a45a (0x00006117) x 2 0x8001045a
core   0: 0x8000a45e (0x51810113) addi    sp, sp, 1304
core   0: 3 0x8000a45e (0x51810113) x 2 0x80010972
core   0: 0x8000a462 (0x88b11623) sh      a1, -1908(sp)
core   0: 3 0x8000a462 (0x88b11623) mem 0x800101fe 0x0000
core   0: 0x8000a466 (0xc9714703) lbu     a4, -873(sp)
core   0: 3 0x8000a466 (0xc9714703) x14 0x000000f8 mem 0x80010609
core   0: 0x8000a46a (0x037e45b3) div     a1, t3, s7
core   0: 3 0x8000a46a (0x037e45b3) x11 0x00000000
core   0: 0x8000a46e (0xc9714803) lbu     a6, -873(sp)
core   0: 3 0x8000a46e (0xc9714803) x16 0x000000f8 mem 0x80010609
core   0: 0x8000a472 (0xc9c10ba3) sb      t3, -873(sp)
core   0: 3 0x8000a472 (0xc9c10ba3) mem 0x80010609 0x0
core   0: 0x8000a476 (0xc9710883) lb      a7, -873(sp)
core   0: 3 0x8000a476 (0xc9710883) x17 0x00000000 mem 0x80010609
core   0: 0x8000a47a (0x00595eb3) srl     t4, s2, t0
core   0: 3 0x8000a47a (0x00595eb3) x29 0x000003ff
core   0: 0x8000a47e (0xc9714b83) lbu     s7, -873(sp)
core   0: 3 0x8000a47e (0xc9714b83) x23 0x00000000 mem 0x80010609
core   0: 0x8000a482 (0xc8e10ba3) sb      a4, -873(sp)
core   0: 3 0x8000a482 (0xc8e10ba3) mem 0x80010609 0xf8
core   0: 0x8000a486 (0xc9714003) lbu     zero, -873(sp)
core   0: 3 0x8000a486 (0xc9714003) mem 0x80010609
core   0: 0x8000a48a (0xc9714483) lbu     s1, -873(sp)
core   0: 3 0x8000a48a (0xc9714483) x 9 0x000000f8 mem 0x80010609
core   0: 0x8000a48e (0xfc010823) sb      zero, -48(sp)
core   0: 3 0x8000a48e (0xfc010823) mem 0x80010942 0x0
core   0: 0x8000a492 (0xfd011583) lh      a1, -48(sp)
core   0: 3 0x8000a492 (0xfd011583) x11 0x00000000 mem 0x80010942
core   0: 0x8000a496 (0x01a95e33) srl     t3, s2, s10
core   0: 3 0x8000a496 (0x01a95e33) x28 0xffffffff
core   0: 0x8000a49a (0x8fd10803) lb      a6, -1795(sp)
core   0: 3 0x8000a49a (0x8fd10803) x16 0x00000000 mem 0x8001026f
core   0: 0x8000a49e (0x8fd14083) lbu     ra, -1795(sp)
core   0: 3 0x8000a49e (0x8fd14083) x 1 0x00000000 mem 0x8001026f
core   0: 0x8000a4a2 (0x8fd10303) lb      t1, -1795(sp)
core   0: 3 0x8000a4a2 (0x8fd10303) x 6 0x00000000 mem 0x8001026f
core   0: 0x8000a4a6 (0x00007797) auipc   a5, 0x7
core   0: 3 0x8000a4a6 (0x00007797) x15 0x800114a6
core   0: 0x8000a4aa (0xaa578793) addi    a5, a5, -1371
core   0: 3 0x8000a4aa (0xaa578793) x15 0x80010f4b
core   0: 0x8000a4ae (0x00013297) auipc   t0, 0x13
core   0: 3 0x8000a4ae (0x00013297) x 5 0x8001d4ae
core   0: 0x8000a4b2 (0x84728293) addi    t0, t0, -1977
core   0: 3 0x8000a4b2 (0x84728293) x 5 0x8001ccf5
core   0: 0x8000a4b6 (0xfc52c103) lbu     sp, -59(t0)
core   0: 3 0x8000a4b6 (0xfc52c103) x 2 0x00000000 mem 0x8001ccba
core   0: 0x8000a4ba (0xffb28203) lb      tp, -5(t0)
core   0: 3 0x8000a4ba (0xffb28203) x 4 0x00000000 mem 0x8001ccf0
core   0: 0x8000a4be (0x02929203) lh      tp, 41(t0)
core   0: 3 0x8000a4be (0x02929203) x 4 0x00000000 mem 0x8001cd1e
core   0: 0x8000a4c2 (0x8bb793a3) sh      s11, -1881(a5)
core   0: 3 0x8000a4c2 (0x8bb793a3) mem 0x800107f2 0xe194
core   0: 0x8000a4c6 (0x001291a3) sh      ra, 3(t0)
core   0: 3 0x8000a4c6 (0x001291a3) mem 0x8001ccf8 0x0000
core   0: 0x8000a4ca (0x00329d03) lh      s10, 3(t0)
core   0: 3 0x8000a4ca (0x00329d03) x26 0x00000000 mem 0x8001ccf8
core   0: 0x8000a4ce (0xbc179703) lh      a4, -1087(a5)
core   0: 3 0x8000a4ce (0xbc179703) x14 0x00000000 mem 0x80010b0c
core   0: 0x8000a4d2 (0xb5278b83) lb      s7, -1198(a5)
core   0: 3 0x8000a4d2 (0xb5278b83) x23 0xffffffe4 mem 0x80010a9d
core   0: 0x8000a4d6 (0xffe2c703) lbu     a4, -2(t0)
core   0: 3 0x8000a4d6 (0xffe2c703) x14 0x00000000 mem 0x8001ccf3
core   0: 0x8000a4da (0x8507cb03) lbu     s6, -1968(a5)
core   0: 3 0x8000a4da (0x8507cb03) x22 0x00000000 mem 0x8001079b
core   0: 0x8000a4de (0xfdc29ca3) sh      t3, -39(t0)
core   0: 3 0x8000a4de (0xfdc29ca3) mem 0x8001ccce 0xffff
core   0: 0x8000a4e2 (0xfea78e03) lb      t3, -22(a5)
core   0: 3 0x8000a4e2 (0xfea78e03) x28 0x00000000 mem 0x80010f35
core   0: 0x8000a4e6 (0xfc228103) lb      sp, -62(t0)
core   0: 3 0x8000a4e6 (0xfc228103) x 2 0x00000000 mem 0x8001ccb7
core   0: 0x8000a4ea (0x9aa787a3) sb      a0, -1617(a5)
core   0: 3 0x8000a4ea (0x9aa787a3) mem 0x800108fa 0xe4
core   0: 0x8000a4ee (0xff028483) lb      s1, -16(t0)
core   0: 3 0x8000a4ee (0xff028483) x 9 0x00000000 mem 0x8001cce5
core   0: 0x8000a4f2 (0xe2978f23) sb      s1, -450(a5)
core   0: 3 0x8000a4f2 (0xe2978f23) mem 0x80010d89 0x0
core   0: 0x8000a4f6 (0xff700693) li      a3, -9
core   0: 3 0x8000a4f6 (0xff700693) x13 0xfffffff7
core   0: 0x8000a4fa (0x003552b3) srl     t0, a0, gp
core   0: 3 0x8000a4fa (0x003552b3) x 5 0x00000001
core   0: 0x8000a4fe (0x00b60933) add     s2, a2, a1
core   0: 3 0x8000a4fe (0x00b60933) x18 0x80025e28
core   0: 0x8000a502 (0x00481933) sll     s2, a6, tp
core   0: 3 0x8000a502 (0x00481933) x18 0x00000000
core   0: 0x8000a506 (0x0000100f) fence.i
core   0: 3 0x8000a506 (0x0000100f)
core   0: 0x8000a50a (0xf81ae713) ori     a4, s5, -127
core   0: 3 0x8000a50a (0xf81ae713) x14 0xffffff81
core   0: 0x8000a50e (0x00009fc2) c.add   t6, a6
core   0: 3 0x8000a50e (0x9fc2) x31 0x00000000
core   0: 0x8000a510 (0x0000872e) c.mv    a4, a1
core   0: 3 0x8000a510 (0x872e) x14 0x00000000
core   0: 0x8000a512 (0x000081f9) c.srli  a1, 30
core   0: 3 0x8000a512 (0x81f9) x11 0x00000000
core   0: 0x8000a514 (0x00008dfd) c.and   a1, a5
core   0: 3 0x8000a514 (0x8dfd) x11 0x00000000
core   0: 0x8000a516 (0x00008739) c.srai  a4, 14
core   0: 3 0x8000a516 (0x8739) x14 0x00000000
core   0: 0x8000a518 (0x019268b3) or      a7, tp, s9
core   0: 3 0x8000a518 (0x019268b3) x17 0x00000000
core   0: 0x8000a51c (0x00000001) c.nop
core   0: 3 0x8000a51c (0x0001)
core   0: 0x8000a51e (0x00008f59) c.or    a4, a4
core   0: 3 0x8000a51e (0x8f59) x14 0x00000000
core   0: 0x8000a520 (0x59206e13) ori     t3, zero, 1426
core   0: 3 0x8000a520 (0x59206e13) x28 0x00000592
core   0: 0x8000a524 (0x6fc4ce13) xori    t3, s1, 1788
core   0: 3 0x8000a524 (0x6fc4ce13) x28 0x000006fc
core   0: 0x8000a528 (0x00006111) c.addi16sp sp, 256
core   0: 3 0x8000a528 (0x6111) x 2 0x00000100
core   0: 0x8000a52a (0x01521233) sll     tp, tp, s5
core   0: 3 0x8000a52a (0x01521233) x 4 0x00000000
core   0: 0x8000a52e (0x00008dc5) c.or    a1, s1
core   0: 3 0x8000a52e (0x8dc5) x11 0x00000000
core   0: 0x8000a530 (0x00006349) c.lui   t1, 0x12
core   0: 3 0x8000a530 (0x6349) x 6 0x00012000
core   0: 0x8000a532 (0x6adf8213) addi    tp, t6, 1709
core   0: 3 0x8000a532 (0x6adf8213) x 4 0x000006ad
core   0: 0x8000a536 (0x00e13933) sltu    s2, sp, a4
core   0: 3 0x8000a536 (0x00e13933) x18 0x00000000
core   0: 0x8000a53a (0x00000685) c.addi  a3, 1
core   0: 3 0x8000a53a (0x0685) x13 0xfffffff8
core   0: 0x8000a53c (0x029f68b3) rem     a7, t5, s1
core   0: 3 0x8000a53c (0x029f68b3) x17 0x0000000d
core   0: 0x8000a540 (0x00006845) c.lui   a6, 0x11
core   0: 3 0x8000a540 (0x6845) x16 0x00011000
core   0: 0x8000a542 (0x00e27a33) and     s4, tp, a4
core   0: 3 0x8000a542 (0x00e27a33) x20 0x00000000
core   0: 0x8000a546 (0x013d3433) sltu    s0, s10, s3
core   0: 3 0x8000a546 (0x013d3433) x 8 0x00000001
core   0: 0x8000a54a (0x01fea433) slt     s0, t4, t6
core   0: 3 0x8000a54a (0x01fea433) x 8 0x00000000
core   0: 0x8000a54e (0x0000f2f5) c.bnez  a3, pc - 28
core   0: 3 0x8000a54e (0xf2f5)
core   0: 0x8000a532 (0x6adf8213) addi    tp, t6, 1709
core   0: 3 0x8000a532 (0x6adf8213) x 4 0x000006ad
core   0: 0x8000a536 (0x00e13933) sltu    s2, sp, a4
core   0: 3 0x8000a536 (0x00e13933) x18 0x00000000
core   0: 0x8000a53a (0x00000685) c.addi  a3, 1
core   0: 3 0x8000a53a (0x0685) x13 0xfffffff9
core   0: 0x8000a53c (0x029f68b3) rem     a7, t5, s1
core   0: 3 0x8000a53c (0x029f68b3) x17 0x0000000d
core   0: 0x8000a540 (0x00006845) c.lui   a6, 0x11
core   0: 3 0x8000a540 (0x6845) x16 0x00011000
core   0: 0x8000a542 (0x00e27a33) and     s4, tp, a4
core   0: 3 0x8000a542 (0x00e27a33) x20 0x00000000
core   0: 0x8000a546 (0x013d3433) sltu    s0, s10, s3
core   0: 3 0x8000a546 (0x013d3433) x 8 0x00000001
core   0: 0x8000a54a (0x01fea433) slt     s0, t4, t6
core   0: 3 0x8000a54a (0x01fea433) x 8 0x00000000
core   0: 0x8000a54e (0x0000f2f5) c.bnez  a3, pc - 28
core   0: 3 0x8000a54e (0xf2f5)
core   0: 0x8000a532 (0x6adf8213) addi    tp, t6, 1709
core   0: 3 0x8000a532 (0x6adf8213) x 4 0x000006ad
core   0: 0x8000a536 (0x00e13933) sltu    s2, sp, a4
core   0: 3 0x8000a536 (0x00e13933) x18 0x00000000
core   0: 0x8000a53a (0x00000685) c.addi  a3, 1
core   0: 3 0x8000a53a (0x0685) x13 0xfffffffa
core   0: 0x8000a53c (0x029f68b3) rem     a7, t5, s1
core   0: 3 0x8000a53c (0x029f68b3) x17 0x0000000d
core   0: 0x8000a540 (0x00006845) c.lui   a6, 0x11
core   0: 3 0x8000a540 (0x6845) x16 0x00011000
core   0: 0x8000a542 (0x00e27a33) and     s4, tp, a4
core   0: 3 0x8000a542 (0x00e27a33) x20 0x00000000
core   0: 0x8000a546 (0x013d3433) sltu    s0, s10, s3
core   0: 3 0x8000a546 (0x013d3433) x 8 0x00000001
core   0: 0x8000a54a (0x01fea433) slt     s0, t4, t6
core   0: 3 0x8000a54a (0x01fea433) x 8 0x00000000
core   0: 0x8000a54e (0x0000f2f5) c.bnez  a3, pc - 28
core   0: 3 0x8000a54e (0xf2f5)
core   0: 0x8000a532 (0x6adf8213) addi    tp, t6, 1709
core   0: 3 0x8000a532 (0x6adf8213) x 4 0x000006ad
core   0: 0x8000a536 (0x00e13933) sltu    s2, sp, a4
core   0: 3 0x8000a536 (0x00e13933) x18 0x00000000
core   0: 0x8000a53a (0x00000685) c.addi  a3, 1
core   0: 3 0x8000a53a (0x0685) x13 0xfffffffb
core   0: 0x8000a53c (0x029f68b3) rem     a7, t5, s1
core   0: 3 0x8000a53c (0x029f68b3) x17 0x0000000d
core   0: 0x8000a540 (0x00006845) c.lui   a6, 0x11
core   0: 3 0x8000a540 (0x6845) x16 0x00011000
core   0: 0x8000a542 (0x00e27a33) and     s4, tp, a4
core   0: 3 0x8000a542 (0x00e27a33) x20 0x00000000
core   0: 0x8000a546 (0x013d3433) sltu    s0, s10, s3
core   0: 3 0x8000a546 (0x013d3433) x 8 0x00000001
core   0: 0x8000a54a (0x01fea433) slt     s0, t4, t6
core   0: 3 0x8000a54a (0x01fea433) x 8 0x00000000
core   0: 0x8000a54e (0x0000f2f5) c.bnez  a3, pc - 28
core   0: 3 0x8000a54e (0xf2f5)
core   0: 0x8000a532 (0x6adf8213) addi    tp, t6, 1709
core   0: 3 0x8000a532 (0x6adf8213) x 4 0x000006ad
core   0: 0x8000a536 (0x00e13933) sltu    s2, sp, a4
core   0: 3 0x8000a536 (0x00e13933) x18 0x00000000
core   0: 0x8000a53a (0x00000685) c.addi  a3, 1
core   0: 3 0x8000a53a (0x0685) x13 0xfffffffc
core   0: 0x8000a53c (0x029f68b3) rem     a7, t5, s1
core   0: 3 0x8000a53c (0x029f68b3) x17 0x0000000d
core   0: 0x8000a540 (0x00006845) c.lui   a6, 0x11
core   0: 3 0x8000a540 (0x6845) x16 0x00011000
core   0: 0x8000a542 (0x00e27a33) and     s4, tp, a4
core   0: 3 0x8000a542 (0x00e27a33) x20 0x00000000
core   0: 0x8000a546 (0x013d3433) sltu    s0, s10, s3
core   0: 3 0x8000a546 (0x013d3433) x 8 0x00000001
core   0: 0x8000a54a (0x01fea433) slt     s0, t4, t6
core   0: 3 0x8000a54a (0x01fea433) x 8 0x00000000
core   0: 0x8000a54e (0x0000f2f5) c.bnez  a3, pc - 28
core   0: 3 0x8000a54e (0xf2f5)
core   0: 0x8000a532 (0x6adf8213) addi    tp, t6, 1709
core   0: 3 0x8000a532 (0x6adf8213) x 4 0x000006ad
core   0: 0x8000a536 (0x00e13933) sltu    s2, sp, a4
core   0: 3 0x8000a536 (0x00e13933) x18 0x00000000
core   0: 0x8000a53a (0x00000685) c.addi  a3, 1
core   0: 3 0x8000a53a (0x0685) x13 0xfffffffd
core   0: 0x8000a53c (0x029f68b3) rem     a7, t5, s1
core   0: 3 0x8000a53c (0x029f68b3) x17 0x0000000d
core   0: 0x8000a540 (0x00006845) c.lui   a6, 0x11
core   0: 3 0x8000a540 (0x6845) x16 0x00011000
core   0: 0x8000a542 (0x00e27a33) and     s4, tp, a4
core   0: 3 0x8000a542 (0x00e27a33) x20 0x00000000
core   0: 0x8000a546 (0x013d3433) sltu    s0, s10, s3
core   0: 3 0x8000a546 (0x013d3433) x 8 0x00000001
core   0: 0x8000a54a (0x01fea433) slt     s0, t4, t6
core   0: 3 0x8000a54a (0x01fea433) x 8 0x00000000
core   0: 0x8000a54e (0x0000f2f5) c.bnez  a3, pc - 28
core   0: 3 0x8000a54e (0xf2f5)
core   0: 0x8000a532 (0x6adf8213) addi    tp, t6, 1709
core   0: 3 0x8000a532 (0x6adf8213) x 4 0x000006ad
core   0: 0x8000a536 (0x00e13933) sltu    s2, sp, a4
core   0: 3 0x8000a536 (0x00e13933) x18 0x00000000
core   0: 0x8000a53a (0x00000685) c.addi  a3, 1
core   0: 3 0x8000a53a (0x0685) x13 0xfffffffe
core   0: 0x8000a53c (0x029f68b3) rem     a7, t5, s1
core   0: 3 0x8000a53c (0x029f68b3) x17 0x0000000d
core   0: 0x8000a540 (0x00006845) c.lui   a6, 0x11
core   0: 3 0x8000a540 (0x6845) x16 0x00011000
core   0: 0x8000a542 (0x00e27a33) and     s4, tp, a4
core   0: 3 0x8000a542 (0x00e27a33) x20 0x00000000
core   0: 0x8000a546 (0x013d3433) sltu    s0, s10, s3
core   0: 3 0x8000a546 (0x013d3433) x 8 0x00000001
core   0: 0x8000a54a (0x01fea433) slt     s0, t4, t6
core   0: 3 0x8000a54a (0x01fea433) x 8 0x00000000
core   0: 0x8000a54e (0x0000f2f5) c.bnez  a3, pc - 28
core   0: 3 0x8000a54e (0xf2f5)
core   0: 0x8000a532 (0x6adf8213) addi    tp, t6, 1709
core   0: 3 0x8000a532 (0x6adf8213) x 4 0x000006ad
core   0: 0x8000a536 (0x00e13933) sltu    s2, sp, a4
core   0: 3 0x8000a536 (0x00e13933) x18 0x00000000
core   0: 0x8000a53a (0x00000685) c.addi  a3, 1
core   0: 3 0x8000a53a (0x0685) x13 0xffffffff
core   0: 0x8000a53c (0x029f68b3) rem     a7, t5, s1
core   0: 3 0x8000a53c (0x029f68b3) x17 0x0000000d
core   0: 0x8000a540 (0x00006845) c.lui   a6, 0x11
core   0: 3 0x8000a540 (0x6845) x16 0x00011000
core   0: 0x8000a542 (0x00e27a33) and     s4, tp, a4
core   0: 3 0x8000a542 (0x00e27a33) x20 0x00000000
core   0: 0x8000a546 (0x013d3433) sltu    s0, s10, s3
core   0: 3 0x8000a546 (0x013d3433) x 8 0x00000001
core   0: 0x8000a54a (0x01fea433) slt     s0, t4, t6
core   0: 3 0x8000a54a (0x01fea433) x 8 0x00000000
core   0: 0x8000a54e (0x0000f2f5) c.bnez  a3, pc - 28
core   0: 3 0x8000a54e (0xf2f5)
core   0: 0x8000a532 (0x6adf8213) addi    tp, t6, 1709
core   0: 3 0x8000a532 (0x6adf8213) x 4 0x000006ad
core   0: 0x8000a536 (0x00e13933) sltu    s2, sp, a4
core   0: 3 0x8000a536 (0x00e13933) x18 0x00000000
core   0: 0x8000a53a (0x00000685) c.addi  a3, 1
core   0: 3 0x8000a53a (0x0685) x13 0x00000000
core   0: 0x8000a53c (0x029f68b3) rem     a7, t5, s1
core   0: 3 0x8000a53c (0x029f68b3) x17 0x0000000d
core   0: 0x8000a540 (0x00006845) c.lui   a6, 0x11
core   0: 3 0x8000a540 (0x6845) x16 0x00011000
core   0: 0x8000a542 (0x00e27a33) and     s4, tp, a4
core   0: 3 0x8000a542 (0x00e27a33) x20 0x00000000
core   0: 0x8000a546 (0x013d3433) sltu    s0, s10, s3
core   0: 3 0x8000a546 (0x013d3433) x 8 0x00000001
core   0: 0x8000a54a (0x01fea433) slt     s0, t4, t6
core   0: 3 0x8000a54a (0x01fea433) x 8 0x00000000
core   0: 0x8000a54e (0x0000f2f5) c.bnez  a3, pc - 28
core   0: 3 0x8000a54e (0xf2f5)
core   0: 0x8000a550 (0x0ca67713) andi    a4, a2, 202
core   0: 3 0x8000a550 (0x0ca67713) x14 0x00000008
core   0: 0x8000a554 (0x00006117) auipc   sp, 0x6
core   0: 3 0x8000a554 (0x00006117) x 2 0x80010554
core   0: 0x8000a558 (0xebf10113) addi    sp, sp, -321
core   0: 3 0x8000a558 (0xebf10113) x 2 0x80010413
core   0: 0x8000a55c (0x40a45713) srai    a4, s0, 10
core   0: 3 0x8000a55c (0x40a45713) x14 0x00000000
core   0: 0x8000a560 (0x0c310283) lb      t0, 195(sp)
core   0: 3 0x8000a560 (0x0c310283) x 5 0x00000001 mem 0x800104d6
core   0: 0x8000a564 (0x00563033) sltu    zero, a2, t0
core   0: 3 0x8000a564 (0x00563033)
core   0: 0x8000a568 (0x40125793) srai    a5, tp, 1
core   0: 3 0x8000a568 (0x40125793) x15 0x00000356
core   0: 0x8000a56c (0x01201b93) slli    s7, zero, 18
core   0: 3 0x8000a56c (0x01201b93) x23 0x00000000
core   0: 0x8000a570 (0x015df233) and     tp, s11, s5
core   0: 3 0x8000a570 (0x015df233) x 4 0x00000000
core   0: 0x8000a574 (0xfce10e03) lb      t3, -50(sp)
core   0: 3 0x8000a574 (0xfce10e03) x28 0x00000000 mem 0x800103e1
core   0: 0x8000a578 (0x0172d413) srli    s0, t0, 23
core   0: 3 0x8000a578 (0x0172d413) x 8 0x00000000
core   0: 0x8000a57c (0x039f7bb3) remu    s7, t5, s9
core   0: 3 0x8000a57c (0x039f7bb3) x23 0x0000000d
core   0: 0x8000a580 (0xfe110723) sb      ra, -18(sp)
core   0: 3 0x8000a580 (0xfe110723) mem 0x80010401 0x0
core   0: 0x8000a584 (0xf9014b83) lbu     s7, -112(sp)
core   0: 3 0x8000a584 (0xf9014b83) x23 0x00000000 mem 0x800103a3
core   0: 0x8000a588 (0x2590ff13) andi    t5, ra, 601
core   0: 3 0x8000a588 (0x2590ff13) x30 0x00000000
core   0: 0x8000a58c (0xf5910c23) sb      s9, -168(sp)
core   0: 3 0x8000a58c (0xf5910c23) mem 0x8001036b 0x0
core   0: 0x8000a590 (0xf1810803) lb      a6, -232(sp)
core   0: 3 0x8000a590 (0xf1810803) x16 0x00000000 mem 0x8001032b
core   0: 0x8000a594 (0xf2214803) lbu     a6, -222(sp)
core   0: 3 0x8000a594 (0xf2214803) x16 0x00000000 mem 0x80010335
core   0: 0x8000a598 (0xfba9a0b7) lui     ra, 0xfba9a
core   0: 3 0x8000a598 (0xfba9a0b7) x 1 0xfba9a000
core   0: 0x8000a59c (0x00008db1) c.xor   a1, a2
core   0: 3 0x8000a59c (0x8db1) x11 0x80025e28
core   0: 0x8000a59e (0x000015fd) c.addi  a1, -1
core   0: 3 0x8000a59e (0x15fd) x11 0x80025e27
core   0: 0x8000a5a0 (0x0000100f) fence.i
core   0: 3 0x8000a5a0 (0x0000100f)
core   0: 0x8000a5a4 (0x00000001) c.nop
core   0: 3 0x8000a5a4 (0x0001)
core   0: 0x8000a5a6 (0x0070dd33) srl     s10, ra, t2
core   0: 3 0x8000a5a6 (0x0070dd33) x26 0xfba9a000
core   0: 0x8000a5aa (0x0bf10783) lb      a5, 191(sp)
core   0: 3 0x8000a5aa (0x0bf10783) x15 0x00000000 mem 0x800104d2
core   0: 0x8000a5ae (0x0d810a83) lb      s5, 216(sp)
core   0: 3 0x8000a5ae (0x0d810a83) x21 0x00000000 mem 0x800104eb
core   0: 0x8000a5b2 (0x00000001) c.nop
core   0: 3 0x8000a5b2 (0x0001)
core   0: 0x8000a5b4 (0x03010803) lb      a6, 48(sp)
core   0: 3 0x8000a5b4 (0x03010803) x16 0x00000000 mem 0x80010443
core   0: 0x8000a5b8 (0x00f14083) lbu     ra, 15(sp)
core   0: 3 0x8000a5b8 (0x00f14083) x 1 0x00000000 mem 0x80010422
core   0: 0x8000a5bc (0x000009b6) c.slli  s3, 13
core   0: 3 0x8000a5bc (0x09b6) x19 0x00002000
core   0: 0x8000a5be (0x005494b3) sll     s1, s1, t0
core   0: 3 0x8000a5be (0x005494b3) x 9 0x00000000
core   0: 0x8000a5c2 (0xf4210303) lb      t1, -190(sp)
core   0: 3 0x8000a5c2 (0xf4210303) x 6 0x00000000 mem 0x80010355
core   0: 0x8000a5c6 (0x018966b3) or      a3, s2, s8
core   0: 3 0x8000a5c6 (0x018966b3) x13 0x3728c000
core   0: 0x8000a5ca (0x40910733) sub     a4, sp, s1
core   0: 3 0x8000a5ca (0x40910733) x14 0x80010413
core   0: 0x8000a5ce (0x06610583) lb      a1, 102(sp)
core   0: 3 0x8000a5ce (0x06610583) x11 0x00000000 mem 0x80010479
core   0: 0x8000a5d2 (0x000082ed) c.srli  a3, 27
core   0: 3 0x8000a5d2 (0x82ed) x13 0x00000006
core   0: 0x8000a5d4 (0x005789b3) add     s3, a5, t0
core   0: 3 0x8000a5d4 (0x005789b3) x19 0x00000001
core   0: 0x8000a5d8 (0x0db10023) sb      s11, 192(sp)
core   0: 3 0x8000a5d8 (0x0db10023) mem 0x800104d3 0x94
core   0: 0x8000a5dc (0x00006917) auipc   s2, 0x6
core   0: 3 0x8000a5dc (0x00006917) x18 0x800105dc
core   0: 0x8000a5e0 (0xe8090913) addi    s2, s2, -384
core   0: 3 0x8000a5e0 (0xe8090913) x18 0x8001045c
core   0: 0x8000a5e4 (0x00015997) auipc   s3, 0x15
core   0: 3 0x8000a5e4 (0x00015997) x19 0x8001f5e4
core   0: 0x8000a5e8 (0x9b298993) addi    s3, s3, -1614
core   0: 3 0x8000a5e8 (0x9b298993) x19 0x8001ef96
core   0: 0x8000a5ec (0x72794f83) lbu     t6, 1831(s2)
core   0: 3 0x8000a5ec (0x72794f83) x31 0x00000000 mem 0x80010b83
core   0: 0x8000a5f0 (0x28899023) sh      s0, 640(s3)
core   0: 3 0x8000a5f0 (0x28899023) mem 0x8001f216 0x0000
core   0: 0x8000a5f4 (0x46899683) lh      a3, 1128(s3)
core   0: 3 0x8000a5f4 (0x46899683) x13 0x00000000 mem 0x8001f3fe
core   0: 0x8000a5f8 (0x7da90f03) lb      t5, 2010(s2)
core   0: 3 0x8000a5f8 (0x7da90f03) x30 0x00000000 mem 0x80010c36
core   0: 0x8000a5fc (0x7c598ca3) sb      t0, 2009(s3)
core   0: 3 0x8000a5fc (0x7c598ca3) mem 0x8001f76f 0x1
core   0: 0x8000a600 (0x06c94f03) lbu     t5, 108(s2)
core   0: 3 0x8000a600 (0x06c94f03) x30 0x00000000 mem 0x800104c8
core   0: 0x8000a604 (0xb8699003) lh      zero, -1146(s3)
core   0: 3 0x8000a604 (0xb8699003) mem 0x8001eb1c
core   0: 0x8000a608 (0x86d98d03) lb      s10, -1939(s3)
core   0: 3 0x8000a608 (0x86d98d03) x26 0x00000000 mem 0x8001e803
core   0: 0x8000a60c (0x7ce94003) lbu     zero, 1998(s2)
core   0: 3 0x8000a60c (0x7ce94003) mem 0x80010c2a
core   0: 0x8000a610 (0xd1f9c783) lbu     a5, -737(s3)
core   0: 3 0x8000a610 (0xd1f9c783) x15 0x00000000 mem 0x8001ecb5
core   0: 0x8000a614 (0x26790aa3) sb      t2, 629(s2)
core   0: 3 0x8000a614 (0x26790aa3) mem 0x800106d1 0x0
core   0: 0x8000a618 (0x15b9c203) lbu     tp, 347(s3)
core   0: 3 0x8000a618 (0x15b9c203) x 4 0x00000000 mem 0x8001f0f1
core   0: 0x8000a61c (0x56c92003) lw      zero, 1388(s2)
core   0: 3 0x8000a61c (0x56c92003) mem 0x800109c8
core   0: 0x8000a620 (0x1ae9da83) lhu     s5, 430(s3)
core   0: 3 0x8000a620 (0x1ae9da83) x21 0x00000000 mem 0x8001f144
core   0: 0x8000a624 (0x617986a3) sb      s7, 1549(s3)
core   0: 3 0x8000a624 (0x617986a3) mem 0x8001f5a3 0x0
core   0: 0x8000a628 (0x22490f23) sb      tp, 574(s2)
core   0: 3 0x8000a628 (0x22490f23) mem 0x8001069a 0x0
core   0: 0x8000a62c (0x0bb90c83) lb      s9, 187(s2)
core   0: 3 0x8000a62c (0x0bb90c83) x25 0x00000000 mem 0x80010517
core   0: 0x8000a630 (0x9629cb83) lbu     s7, -1694(s3)
core   0: 3 0x8000a630 (0x9629cb83) x23 0x00000000 mem 0x8001e8f8
core   0: 0x8000a634 (0x000005fa) c.slli  a1, 30
core   0: 3 0x8000a634 (0x05fa) x11 0x00000000
core   0: 0x8000a636 (0x00a812b3) sll     t0, a6, a0
core   0: 3 0x8000a636 (0x00a812b3) x 5 0x00000000
core   0: 0x8000a63a (0x01585213) srli    tp, a6, 21
core   0: 3 0x8000a63a (0x01585213) x 4 0x00000000
core   0: 0x8000a63e (0x016dda13) srli    s4, s11, 22
core   0: 3 0x8000a63e (0x016dda13) x20 0x00000109
core   0: 0x8000a642 (0x00008dc9) c.or    a1, a0
core   0: 3 0x8000a642 (0x8dc9) x11 0x80029ce4
core   0: 0x8000a644 (0x00000001) c.nop
core   0: 3 0x8000a644 (0x0001)
core   0: 0x8000a646 (0x0000996a) c.add   s2, s10
core   0: 3 0x8000a646 (0x996a) x18 0x8001045c
core   0: 0x8000a648 (0x01af2b33) slt     s6, t5, s10
core   0: 3 0x8000a648 (0x01af2b33) x22 0x00000000
core   0: 0x8000a64c (0x00000842) c.slli  a6, 16
core   0: 3 0x8000a64c (0x0842) x16 0x00000000
core   0: 0x8000a64e (0x0208a233) mulhsu  tp, a7, zero
core   0: 3 0x8000a64e (0x0208a233) x 4 0x00000000
core   0: 0x8000a652 (0x00000001) c.nop
core   0: 3 0x8000a652 (0x0001)
core   0: 0x8000a654 (0x77546913) ori     s2, s0, 1909
core   0: 3 0x8000a654 (0x77546913) x18 0x00000775
core   0: 0x8000a658 (0x0004ab33) slt     s6, s1, zero
core   0: 3 0x8000a658 (0x0004ab33) x22 0x00000000
core   0: 0x8000a65c (0x0000896a) c.mv    s2, s10
core   0: 3 0x8000a65c (0x896a) x18 0x00000000
core   0: 0x8000a65e (0xa7ec4093) xori    ra, s8, -1410
core   0: 3 0x8000a65e (0xa7ec4093) x 1 0xc8d73a7e
core   0: 0x8000a662 (0x00009236) c.add   tp, a3
core   0: 3 0x8000a662 (0x9236) x 4 0x00000000
core   0: 0x8000a664 (0x40660933) sub     s2, a2, t1
core   0: 3 0x8000a664 (0x40660933) x18 0x80025e28
core   0: 0x8000a668 (0x0000100f) fence.i
core   0: 3 0x8000a668 (0x0000100f)
core   0: 0x8000a66c (0x02749963) bne     s1, t2, pc + 50
core   0: 3 0x8000a66c (0x02749963)
core   0: 0x8000a670 (0x0084d263) bge     s1, s0, pc + 4
core   0: 3 0x8000a670 (0x0084d263)
core   0: 0x8000a674 (0x0ff0000f) fence   iorw,iorw
core   0: 3 0x8000a674 (0x0ff0000f)
core   0: 0x8000a678 (0x02bb5063) bge     s6, a1, pc + 32
core   0: 3 0x8000a678 (0x02bb5063)
core   0: 0x8000a698 (0x00009b86) c.add   s7, ra
core   0: 3 0x8000a698 (0x9b86) x23 0xc8d73a7e
core   0: 0x8000a69a (0x03f2c433) div     s0, t0, t6
core   0: 3 0x8000a69a (0x03f2c433) x 8 0xffffffff
core   0: 0x8000a69e (0x03996f33) rem     t5, s2, s9
core   0: 3 0x8000a69e (0x03996f33) x30 0x80025e28
core   0: 0x8000a6a2 (0x00ba1593) slli    a1, s4, 11
core   0: 3 0x8000a6a2 (0x00ba1593) x11 0x00084800
core   0: 0x8000a6a6 (0x001ea0b3) slt     ra, t4, ra
core   0: 3 0x8000a6a6 (0x001ea0b3) x 1 0x00000000
core   0: 0x8000a6aa (0x027d9b33) mulh    s6, s11, t2
core   0: 3 0x8000a6aa (0x027d9b33) x22 0x00000000
core   0: 0x8000a6ae (0x00001980) c.addi4spn s0, sp, 240
core   0: 3 0x8000a6ae (0x1980) x 8 0x80010503
core   0: 0x8000a6b0 (0x01af98b3) sll     a7, t6, s10
core   0: 3 0x8000a6b0 (0x01af98b3) x17 0x00000000
core   0: 0x8000a6b4 (0x40cc50b3) sra     ra, s8, a2
core   0: 3 0x8000a6b4 (0x40cc50b3) x 1 0x003728c0
core   0: 0x8000a6b8 (0x0000c40d) c.beqz  s0, pc + 42
core   0: 3 0x8000a6b8 (0xc40d)
core   0: 0x8000a6ba (0x03cfaab3) mulhsu  s5, t6, t3
core   0: 3 0x8000a6ba (0x03cfaab3) x21 0x00000000
core   0: 0x8000a6be (0x0000983e) c.add   a6, a5
core   0: 3 0x8000a6be (0x983e) x16 0x00000000
core   0: 0x8000a6c0 (0x00b29233) sll     tp, t0, a1
core   0: 3 0x8000a6c0 (0x00b29233) x 4 0x00000000
core   0: 0x8000a6c4 (0x001dc563) blt     s11, ra, pc + 10
core   0: 3 0x8000a6c4 (0x001dc563)
core   0: 0x8000a6c8 (0x00009ba6) c.add   s7, s1
core   0: 3 0x8000a6c8 (0x9ba6) x23 0xc8d73a7e
core   0: 0x8000a6ca (0x40eeda33) sra     s4, t4, a4
core   0: 3 0x8000a6ca (0x40eeda33) x20 0x00000000
core   0: 0x8000a6ce (0x0000ea9d) c.bnez  a3, pc + 54
core   0: 3 0x8000a6ce (0xea9d)
core   0: 0x8000a6d0 (0x00f6e133) or      sp, a3, a5
core   0: 3 0x8000a6d0 (0x00f6e133) x 2 0x00000000
core   0: 0x8000a6d4 (0x000087c5) c.srai  a5, 17
core   0: 3 0x8000a6d4 (0x87c5) x15 0x00000000
core   0: 0x8000a6d6 (0x00b51b33) sll     s6, a0, a1
core   0: 3 0x8000a6d6 (0x00b51b33) x22 0x80029ce4
core   0: 0x8000a6da (0x000088d9) c.andi  s1, 22
core   0: 3 0x8000a6da (0x88d9) x 9 0x00000000
core   0: 0x8000a6dc (0xa7a1a313) slti    t1, gp, -1414
core   0: 3 0x8000a6dc (0xa7a1a313) x 6 0x00000000
core   0: 0x8000a6e0 (0x0000717d) c.addi16sp sp, -16
core   0: 3 0x8000a6e0 (0x717d) x 2 0xfffffff0
core   0: 0x8000a6e2 (0x41d3da93) srai    s5, t2, 29
core   0: 3 0x8000a6e2 (0x41d3da93) x21 0x00000000
core   0: 0x8000a6e6 (0x02b75033) divu    zero, a4, a1
core   0: 3 0x8000a6e6 (0x02b75033)
core   0: 0x8000a6ea (0x0000100f) fence.i
core   0: 3 0x8000a6ea (0x0000100f)
core   0: 0x8000a6ee (0x03fff0b3) remu    ra, t6, t6
core   0: 3 0x8000a6ee (0x03fff0b3) x 1 0x00000000
core   0: 0x8000a6f2 (0x0109d8b3) srl     a7, s3, a6
core   0: 3 0x8000a6f2 (0x0109d8b3) x17 0x8001ef96
core   0: 0x8000a6f6 (0x000067d5) c.lui   a5, 0x15
core   0: 3 0x8000a6f6 (0x67d5) x15 0x00015000
core   0: 0x8000a6f8 (0x0123ff33) and     t5, t2, s2
core   0: 3 0x8000a6f8 (0x0123ff33) x30 0x00000000
core   0: 0x8000a6fc (0x0135fab3) and     s5, a1, s3
core   0: 3 0x8000a6fc (0x0135fab3) x21 0x00004800
core   0: 0x8000a700 (0x0385ce33) div     t3, a1, s8
core   0: 3 0x8000a700 (0x0385ce33) x28 0x00000000
core   0: 0x8000a704 (0x000096ee) c.add   a3, s11
core   0: 3 0x8000a704 (0x96ee) x13 0x4242e194
core   0: 0x8000a706 (0x024fdd33) divu    s10, t6, tp
core   0: 3 0x8000a706 (0x024fdd33) x26 0xffffffff
core   0: 0x8000a70a (0x00e856b3) srl     a3, a6, a4
core   0: 3 0x8000a70a (0x00e856b3) x13 0x00000000
core   0: 0x8000a70e (0x0000717d) c.addi16sp sp, -16
core   0: 3 0x8000a70e (0x717d) x 2 0xffffffe0
core   0: 0x8000a710 (0x72f06c13) ori     s8, zero, 1839
core   0: 3 0x8000a710 (0x72f06c13) x24 0x0000072f
core   0: 0x8000a714 (0x024cd133) divu    sp, s9, tp
core   0: 3 0x8000a714 (0x024cd133) x 2 0xffffffff
core   0: 0x8000a718 (0x09f98563) beq     s3, t6, pc + 138
core   0: 3 0x8000a718 (0x09f98563)
core   0: 0x8000a71c (0x00008f65) c.and   a4, s1
core   0: 3 0x8000a71c (0x8f65) x14 0x00000000
core   0: 0x8000a71e (0x00008405) c.srai  s0, 1
core   0: 3 0x8000a71e (0x8405) x 8 0xc0008281
core   0: 0x8000a720 (0x01b54133) xor     sp, a0, s11
core   0: 3 0x8000a720 (0x01b54133) x 2 0xc2407d70
core   0: 0x8000a724 (0xa1f82893) slti    a7, a6, -1505
core   0: 3 0x8000a724 (0xa1f82893) x17 0x00000000
core   0: 0x8000a728 (0x00006117) auipc   sp, 0x6
core   0: 3 0x8000a728 (0x00006117) x 2 0x80010728
core   0: 0x8000a72c (0xc1710113) addi    sp, sp, -1001
core   0: 3 0x8000a72c (0xc1710113) x 2 0x8001033f
core   0: 0x8000a730 (0x05a10523) sb      s10, 74(sp)
core   0: 3 0x8000a730 (0x05a10523) mem 0x80010389 0xff
core   0: 0x8000a734 (0x0a610a83) lb      s5, 166(sp)
core   0: 3 0x8000a734 (0x0a610a83) x21 0x00000000 mem 0x800103e5
core   0: 0x8000a738 (0x00008fdd) c.or    a5, a5
core   0: 3 0x8000a738 (0x8fdd) x15 0x00015000
core   0: 0x8000a73a (0x01f367b3) or      a5, t1, t6
core   0: 3 0x8000a73a (0x01f367b3) x15 0x00000000
core   0: 0x8000a73e (0x00000001) c.nop
core   0: 3 0x8000a73e (0x0001)
core   0: 0x8000a740 (0x00000001) c.nop
core   0: 3 0x8000a740 (0x0001)
core   0: 0x8000a742 (0x9e533d13) sltiu   s10, t1, -1563
core   0: 3 0x8000a742 (0x9e533d13) x26 0x00000001
core   0: 0x8000a746 (0x93d90793) addi    a5, s2, -1731
core   0: 3 0x8000a746 (0x93d90793) x15 0x80025765
core   0: 0x8000a74a (0x41cad313) srai    t1, s5, 28
core   0: 3 0x8000a74a (0x41cad313) x 6 0x00000000
core   0: 0x8000a74e (0xf4614783) lbu     a5, -186(sp)
core   0: 3 0x8000a74e (0xf4614783) x15 0x000000ff mem 0x80010285
core   0: 0x8000a752 (0x00000afe) c.slli  s5, 31
core   0: 3 0x8000a752 (0x0afe) x21 0x00000000
core   0: 0x8000a754 (0xf6a10a83) lb      s5, -150(sp)
core   0: 3 0x8000a754 (0xf6a10a83) x21 0x00000000 mem 0x800102a9
core   0: 0x8000a758 (0xf6910903) lb      s2, -151(sp)
core   0: 3 0x8000a758 (0xf6910903) x18 0x00000000 mem 0x800102a8
core   0: 0x8000a75c (0xf3c10303) lb      t1, -196(sp)
core   0: 3 0x8000a75c (0xf3c10303) x 6 0x00000000 mem 0x8001027b
core   0: 0x8000a760 (0xceeaaa93) slti    s5, s5, -786
core   0: 3 0x8000a760 (0xceeaaa93) x21 0x00000000
core   0: 0x8000a764 (0xff610783) lb      a5, -10(sp)
core   0: 3 0x8000a764 (0xff610783) x15 0x00000000 mem 0x80010335
core   0: 0x8000a768 (0xfb910f83) lb      t6, -71(sp)
core   0: 3 0x8000a768 (0xfb910f83) x31 0x00000000 mem 0x800102f8
core   0: 0x8000a76c (0x00000001) c.nop
core   0: 3 0x8000a76c (0x0001)
core   0: 0x8000a76e (0xffa114a3) sh      s10, -23(sp)
core   0: 3 0x8000a76e (0xffa114a3) mem 0x80010328 0x0001
core   0: 0x8000a772 (0x00aada93) srli    s5, s5, 10
core   0: 3 0x8000a772 (0x00aada93) x21 0x00000000
core   0: 0x8000a776 (0x00ffcab3) xor     s5, t6, a5
core   0: 3 0x8000a776 (0x00ffcab3) x21 0x00000000
core   0: 0x8000a77a (0x01ad3933) sltu    s2, s10, s10
core   0: 3 0x8000a77a (0x01ad3933) x18 0x00000000
core   0: 0x8000a77e (0x00008f9d) c.sub   a5, a5
core   0: 3 0x8000a77e (0x8f9d) x15 0x00000000
core   0: 0x8000a780 (0x40e35313) srai    t1, t1, 14
core   0: 3 0x8000a780 (0x40e35313) x 6 0x00000000
core   0: 0x8000a784 (0x03d10783) lb      a5, 61(sp)
core   0: 3 0x8000a784 (0x03d10783) x15 0xffffffe4 mem 0x8001037c
core   0: 0x8000a788 (0x0000537d) c.li    t1, -1
core   0: 3 0x8000a788 (0x537d) x 6 0xffffffff
core   0: 0x8000a78a (0x05a10ea3) sb      s10, 93(sp)
core   0: 3 0x8000a78a (0x05a10ea3) mem 0x8001039c 0x1
core   0: 0x8000a78e (0x00008ca9) c.xor   s1, a0
core   0: 3 0x8000a78e (0x8ca9) x 9 0x80029ce4
core   0: 0x8000a790 (0x01e05e33) srl     t3, zero, t5
core   0: 3 0x8000a790 (0x01e05e33) x28 0x00000000
core   0: 0x8000a794 (0x406e84b3) sub     s1, t4, t1
core   0: 3 0x8000a794 (0x406e84b3) x 9 0x00000400
core   0: 0x8000a798 (0x01598e33) add     t3, s3, s5
core   0: 3 0x8000a798 (0x01598e33) x28 0x8001ef96
core   0: 0x8000a79c (0x00b189b3) add     s3, gp, a1
core   0: 3 0x8000a79c (0x00b189b3) x19 0x000847ff
core   0: 0x8000a7a0 (0x0000717d) c.addi16sp sp, -16
core   0: 3 0x8000a7a0 (0x717d) x 2 0x8001032f
core   0: 0x8000a7a2 (0x00000894) c.addi4spn a3, sp, 80
core   0: 3 0x8000a7a2 (0x0894) x13 0x8001037f
core   0: 0x8000a7a4 (0x0000100f) fence.i
core   0: 3 0x8000a7a4 (0x0000100f)
core   0: 0x8000a7a8 (0x00e00463) beq     zero, a4, pc + 8
core   0: 3 0x8000a7a8 (0x00e00463)
core   0: 0x8000a7b0 (0x03e267b3) rem     a5, tp, t5
core   0: 3 0x8000a7b0 (0x03e267b3) x15 0x00000000
core   0: 0x8000a7b4 (0x01005563) bge     zero, a6, pc + 10
core   0: 3 0x8000a7b4 (0x01005563)
core   0: 0x8000a7be (0x02cb19b3) mulh    s3, s6, a2
core   0: 3 0x8000a7be (0x02cb19b3) x19 0x3ffd8280
core   0: 0x8000a7c2 (0x026a0763) beq     s4, t1, pc + 46
core   0: 3 0x8000a7c2 (0x026a0763)
core   0: 0x8000a7c6 (0x03b0ea63) bltu    ra, s11, pc + 52
core   0: 3 0x8000a7c6 (0x03b0ea63)
core   0: 0x8000a7fa (0x00000001) c.nop
core   0: 3 0x8000a7fa (0x0001)
core   0: 0x8000a7fc (0x0311c6b3) div     a3, gp, a7
core   0: 3 0x8000a7fc (0x0311c6b3) x13 0xffffffff
core   0: 0x8000a800 (0x03235433) divu    s0, t1, s2
core   0: 3 0x8000a800 (0x03235433) x 8 0xffffffff
core   0: 0x8000a804 (0x0000035e) c.slli  t1, 23
core   0: 3 0x8000a804 (0x035e) x 6 0xff800000
core   0: 0x8000a806 (0x0367c063) blt     a5, s6, pc + 32
core   0: 3 0x8000a806 (0x0367c063)
core   0: 0x8000a80a (0x0000ce85) c.beqz  a3, pc + 56
core   0: 3 0x8000a80a (0xce85)
core   0: 0x8000a80c (0x002e8b63) beq     t4, sp, pc + 22
core   0: 3 0x8000a80c (0x002e8b63)
core   0: 0x8000a810 (0x033b5e63) bge     s6, s3, pc + 60
core   0: 3 0x8000a810 (0x033b5e63)
core   0: 0x8000a814 (0x030ffb33) remu    s6, t6, a6
core   0: 3 0x8000a814 (0x030ffb33) x22 0x00000000
core   0: 0x8000a818 (0x59322993) slti    s3, tp, 1427
core   0: 3 0x8000a818 (0x59322993) x19 0x00000001
core   0: 0x8000a81c (0x0000cd8d) c.beqz  a1, pc + 58
core   0: 3 0x8000a81c (0xcd8d)
core   0: 0x8000a81e (0x02081833) mulh    a6, a6, zero
core   0: 3 0x8000a81e (0x02081833) x16 0x00000000
core   0: 0x8000a822 (0x036ab4b3) mulhu   s1, s5, s6
core   0: 3 0x8000a822 (0x036ab4b3) x 9 0x00000000
core   0: 0x8000a826 (0x036c86b3) mul     a3, s9, s6
core   0: 3 0x8000a826 (0x036c86b3) x13 0x00000000
core   0: 0x8000a82a (0x010c3e33) sltu    t3, s8, a6
core   0: 3 0x8000a82a (0x010c3e33) x28 0x00000000
core   0: 0x8000a82e (0x039555b3) divu    a1, a0, s9
core   0: 3 0x8000a82e (0x039555b3) x11 0xffffffff
core   0: 0x8000a832 (0x00000001) c.nop
core   0: 3 0x8000a832 (0x0001)
core   0: 0x8000a834 (0x16da7d13) andi    s10, s4, 365
core   0: 3 0x8000a834 (0x16da7d13) x26 0x00000000
core   0: 0x8000a838 (0x03e06e33) rem     t3, zero, t5
core   0: 3 0x8000a838 (0x03e06e33) x28 0x00000000
core   0: 0x8000a83c (0x02d12733) mulhsu  a4, sp, a3
core   0: 3 0x8000a83c (0x02d12733) x14 0x00000000
core   0: 0x8000a840 (0x000083f5) c.srli  a5, 29
core   0: 3 0x8000a840 (0x83f5) x15 0x00000000
core   0: 0x8000a842 (0x00654cb3) xor     s9, a0, t1
core   0: 3 0x8000a842 (0x00654cb3) x25 0x7f829ce4
core   0: 0x8000a846 (0x00008029) c.srli  s0, 10
core   0: 3 0x8000a846 (0x8029) x 8 0x003fffff
core   0: 0x8000a848 (0x8d08fb93) andi    s7, a7, -1840
core   0: 3 0x8000a848 (0x8d08fb93) x23 0x00000000
core   0: 0x8000a84c (0x00008b89) c.andi  a5, 2
core   0: 3 0x8000a84c (0x8b89) x15 0x00000000
core   0: 0x8000a84e (0xbb874d13) xori    s10, a4, -1096
core   0: 3 0x8000a84e (0xbb874d13) x26 0xfffffbb8
core   0: 0x8000a852 (0x03871c63) bne     a4, s8, pc + 56
core   0: 3 0x8000a852 (0x03871c63)
core   0: 0x8000a88a (0x0000876d) c.srai  a4, 27
core   0: 3 0x8000a88a (0x876d) x14 0x00000000
core   0: 0x8000a88c (0x018246b3) xor     a3, tp, s8
core   0: 3 0x8000a88c (0x018246b3) x13 0x0000072f
core   0: 0x8000a890 (0x02401433) mulh    s0, zero, tp
core   0: 3 0x8000a890 (0x02401433) x 8 0x00000000
core   0: 0x8000a894 (0xfdf3cd17) auipc   s10, 0xfdf3c
core   0: 3 0x8000a894 (0xfdf3cd17) x26 0x7df46894
core   0: 0x8000a898 (0x00000001) c.nop
core   0: 3 0x8000a898 (0x0001)
core   0: 0x8000a89a (0x00145c33) srl     s8, s0, ra
core   0: 3 0x8000a89a (0x00145c33) x24 0x00000000
core   0: 0x8000a89e (0x6bbd95b7) lui     a1, 0x6bbd9
core   0: 3 0x8000a89e (0x6bbd95b7) x11 0x6bbd9000
core   0: 0x8000a8a2 (0x00008ffd) c.and   a5, a5
core   0: 3 0x8000a8a2 (0x8ffd) x15 0x00000000
core   0: 0x8000a8a4 (0x000081b9) c.srli  a1, 14
core   0: 3 0x8000a8a4 (0x81b9) x11 0x0001aef6
core   0: 0x8000a8a6 (0x000f1113) slli    sp, t5, 0
core   0: 3 0x8000a8a6 (0x000f1113) x 2 0x00000000
core   0: 0x8000a8aa (0x00008262) c.mv    tp, s8
core   0: 3 0x8000a8aa (0x8262) x 4 0x00000000
core   0: 0x8000a8ac (0x41285193) srai    gp, a6, 18
core   0: 3 0x8000a8ac (0x41285193) x 3 0x00000000
core   0: 0x8000a8b0 (0x01ed4b33) xor     s6, s10, t5
core   0: 3 0x8000a8b0 (0x01ed4b33) x22 0x7df46894
core   0: 0x8000a8b4 (0x71380993) addi    s3, a6, 1811
core   0: 3 0x8000a8b4 (0x71380993) x19 0x00000713
core   0: 0x8000a8b8 (0x03084033) div     zero, a6, a6
core   0: 3 0x8000a8b8 (0x03084033)
core   0: 0x8000a8bc (0x0205f5b3) remu    a1, a1, zero
core   0: 3 0x8000a8bc (0x0205f5b3) x11 0x0001aef6
core   0: 0x8000a8c0 (0x00fef0b3) and     ra, t4, a5
core   0: 3 0x8000a8c0 (0x00fef0b3) x 1 0x00000000
core   0: 0x8000a8c4 (0x0172ebb3) or      s7, t0, s7
core   0: 3 0x8000a8c4 (0x0172ebb3) x23 0x00000000
core   0: 0x8000a8c8 (0x006e9233) sll     tp, t4, t1
core   0: 3 0x8000a8c8 (0x006e9233) x 4 0x000003ff
core   0: 0x8000a8cc (0x02ec0063) beq     s8, a4, pc + 32
core   0: 3 0x8000a8cc (0x02ec0063)
core   0: 0x8000a8ec (0x0000e68d) c.bnez  a3, pc + 42
core   0: 3 0x8000a8ec (0xe68d)
core   0: 0x8000a916 (0x000083d5) c.srli  a5, 21
core   0: 3 0x8000a916 (0x83d5) x15 0x00000000
core   0: 0x8000a918 (0x00000bbe) c.slli  s7, 15
core   0: 3 0x8000a918 (0x0bbe) x23 0x00000000
core   0: 0x8000a91a (0xfa652193) slti    gp, a0, -90
core   0: 3 0x8000a91a (0xfa652193) x 3 0x00000001
core   0: 0x8000a91e (0x02b563b3) rem     t2, a0, a1
core   0: 3 0x8000a91e (0x02b563b3) x 7 0xffff6d9e
core   0: 0x8000a922 (0x021a26b3) mulhsu  a3, s4, ra
core   0: 3 0x8000a922 (0x021a26b3) x13 0x00000000
core   0: 0x8000a926 (0x905a2813) slti    a6, s4, -1787
core   0: 3 0x8000a926 (0x905a2813) x16 0x00000000
core   0: 0x8000a92a (0x016d1913) slli    s2, s10, 22
core   0: 3 0x8000a92a (0x016d1913) x18 0x25000000
core   0: 0x8000a92e (0x00001398) c.addi4spn a4, sp, 480
core   0: 3 0x8000a92e (0x1398) x14 0x000001e0
core   0: 0x8000a930 (0x007349b3) xor     s3, t1, t2
core   0: 3 0x8000a930 (0x007349b3) x19 0x007f6d9e
core   0: 0x8000a934 (0x000081c5) c.srli  a1, 17
core   0: 3 0x8000a934 (0x81c5) x11 0x00000000
core   0: 0x8000a936 (0x00000001) c.nop
core   0: 3 0x8000a936 (0x0001)
core   0: 0x8000a938 (0x0000c811) c.beqz  s0, pc + 20
core   0: 3 0x8000a938 (0xc811)
core   0: 0x8000a94c (0x00000001) c.nop
core   0: 3 0x8000a94c (0x0001)
core   0: 0x8000a94e (0x0156a333) slt     t1, a3, s5
core   0: 3 0x8000a94e (0x0156a333) x 6 0x00000000
core   0: 0x8000a952 (0x028378b3) remu    a7, t1, s0
core   0: 3 0x8000a952 (0x028378b3) x17 0x00000000
core   0: 0x8000a956 (0x0000ce99) c.beqz  a3, pc + 30
core   0: 3 0x8000a956 (0xce99)
core   0: 0x8000a974 (0x006c56b3) srl     a3, s8, t1
core   0: 3 0x8000a974 (0x006c56b3) x13 0x00000000
core   0: 0x8000a978 (0x3fab3f13) sltiu   t5, s6, 1018
core   0: 3 0x8000a978 (0x3fab3f13) x30 0x00000000
core   0: 0x8000a97c (0x000059fd) c.li    s3, -1
core   0: 3 0x8000a97c (0x59fd) x19 0xffffffff
core   0: 0x8000a97e (0x001e7433) and     s0, t3, ra
core   0: 3 0x8000a97e (0x001e7433) x 8 0x00000000
core   0: 0x8000a982 (0x408ed393) srai    t2, t4, 8
core   0: 3 0x8000a982 (0x408ed393) x 7 0x00000003
core   0: 0x8000a986 (0x00008f55) c.or    a4, a3
core   0: 3 0x8000a986 (0x8f55) x14 0x000001e0
core   0: 0x8000a988 (0x01c0d913) srli    s2, ra, 28
core   0: 3 0x8000a988 (0x01c0d913) x18 0x00000000
core   0: 0x8000a98c (0x000082d1) c.srli  a3, 20
core   0: 3 0x8000a98c (0x82d1) x13 0x00000000
core   0: 0x8000a98e (0x000053fd) c.li    t2, -1
core   0: 3 0x8000a98e (0x53fd) x 7 0xffffffff
core   0: 0x8000a990 (0x032eefb3) rem     t6, t4, s2
core   0: 3 0x8000a990 (0x032eefb3) x31 0x000003ff
core   0: 0x8000a994 (0x01b688b3) add     a7, a3, s11
core   0: 3 0x8000a994 (0x01b688b3) x17 0x4242e194
core   0: 0x8000a998 (0x030d2f33) mulhsu  t5, s10, a6
core   0: 3 0x8000a998 (0x030d2f33) x30 0x00000000
core   0: 0x8000a99c (0x417d5f33) sra     t5, s10, s7
core   0: 3 0x8000a99c (0x417d5f33) x30 0x7df46894
core   0: 0x8000a9a0 (0xa752f413) andi    s0, t0, -1419
core   0: 3 0x8000a9a0 (0xa752f413) x 8 0x00000000
core   0: 0x8000a9a4 (0x0ff0000f) fence   iorw,iorw
core   0: 3 0x8000a9a4 (0x0ff0000f)
core   0: 0x8000a9a8 (0x0136d013) srli    zero, a3, 19
core   0: 3 0x8000a9a8 (0x0136d013)
core   0: 0x8000a9ac (0xf44e3393) sltiu   t2, t3, -188
core   0: 3 0x8000a9ac (0xf44e3393) x 7 0x00000001
core   0: 0x8000a9b0 (0x0000ec1d) c.bnez  s0, pc + 62
core   0: 3 0x8000a9b0 (0xec1d)
core   0: 0x8000a9b2 (0x58c4ec13) ori     s8, s1, 1420
core   0: 3 0x8000a9b2 (0x58c4ec13) x24 0x0000058c
core   0: 0x8000a9b6 (0x00000001) c.nop
core   0: 3 0x8000a9b6 (0x0001)
core   0: 0x8000a9b8 (0x00009bfd) c.andi  a5, -1
core   0: 3 0x8000a9b8 (0x9bfd) x15 0x00000000
core   0: 0x8000a9ba (0x01a6afb3) slt     t6, a3, s10
core   0: 3 0x8000a9ba (0x01a6afb3) x31 0x00000001
core   0: 0x8000a9be (0x01457833) and     a6, a0, s4
core   0: 3 0x8000a9be (0x01457833) x16 0x00000000
core   0: 0x8000a9c2 (0x025ef663) bgeu    t4, t0, pc + 44
core   0: 3 0x8000a9c2 (0x025ef663)
core   0: 0x8000a9ee (0x00000f91) c.addi  t6, 4
core   0: 3 0x8000a9ee (0x0f91) x31 0x00000005
core   0: 0x8000a9f0 (0x3cc2bc93) sltiu   s9, t0, 972
core   0: 3 0x8000a9f0 (0x3cc2bc93) x25 0x00000001
core   0: 0x8000a9f4 (0x00008c01) c.sub   s0, s0
core   0: 3 0x8000a9f4 (0x8c01) x 8 0x00000000
core   0: 0x8000a9f6 (0x0000946a) c.add   s0, s10
core   0: 3 0x8000a9f6 (0x946a) x 8 0x7df46894
core   0: 0x8000a9f8 (0x02811d63) bne     sp, s0, pc + 58
core   0: 3 0x8000a9f8 (0x02811d63)
core   0: 0x8000aa32 (0x4db98993) addi    s3, s3, 1243
core   0: 3 0x8000aa32 (0x4db98993) x19 0x000004da
core   0: 0x8000aa36 (0x02e32733) mulhsu  a4, t1, a4
core   0: 3 0x8000aa36 (0x02e32733) x14 0x00000000
core   0: 0x8000aa3a (0x0112ed33) or      s10, t0, a7
core   0: 3 0x8000aa3a (0x0112ed33) x26 0x4242e194
core   0: 0x8000aa3e (0x02a59733) mulh    a4, a1, a0
core   0: 3 0x8000aa3e (0x02a59733) x14 0x00000000
core   0: 0x8000aa42 (0x5d45ea13) ori     s4, a1, 1492
core   0: 3 0x8000aa42 (0x5d45ea13) x20 0x000005d4
core   0: 0x8000aa46 (0x016f5993) srli    s3, t5, 22
core   0: 3 0x8000aa46 (0x016f5993) x19 0x000001f7
core   0: 0x8000aa4a (0x402306b3) sub     a3, t1, sp
core   0: 3 0x8000aa4a (0x402306b3) x13 0x00000000
core   0: 0x8000aa4e (0x01c04663) blt     zero, t3, pc + 12
core   0: 3 0x8000aa4e (0x01c04663)
core   0: 0x8000aa52 (0x00008f19) c.sub   a4, a4
core   0: 3 0x8000aa52 (0x8f19) x14 0x00000000
core   0: 0x8000aa54 (0x0000987d) c.andi  s0, -1
core   0: 3 0x8000aa54 (0x987d) x 8 0x7df46894
core   0: 0x8000aa56 (0x03685bb3) divu    s7, a6, s6
core   0: 3 0x8000aa56 (0x03685bb3) x23 0x00000000
core   0: 0x8000aa5a (0x03fc9a63) bne     s9, t6, pc + 52
core   0: 3 0x8000aa5a (0x03fc9a63)
core   0: 0x8000aa8e (0x012d9333) sll     t1, s11, s2
core   0: 3 0x8000aa8e (0x012d9333) x 6 0x4242e194
core   0: 0x8000aa92 (0x0000cfb9) c.beqz  a5, pc + 94
core   0: 3 0x8000aa92 (0xcfb9)
core   0: 0x8000aaf0 (0x00000880) c.addi4spn s0, sp, 80
core   0: 3 0x8000aaf0 (0x0880) x 8 0x00000050
core   0: 0x8000aaf2 (0x843d5c17) auipc   s8, 0x843d5
core   0: 3 0x8000aaf2 (0x843d5c17) x24 0x043dfaf2
core   0: 0x8000aaf6 (0x1ce1e693) ori     a3, gp, 462
core   0: 3 0x8000aaf6 (0x1ce1e693) x13 0x000001cf
core   0: 0x8000aafa (0x039150b3) divu    ra, sp, s9
core   0: 3 0x8000aafa (0x039150b3) x 1 0x00000000
core   0: 0x8000aafe (0xca48bb13) sltiu   s6, a7, -860
core   0: 3 0x8000aafe (0xca48bb13) x22 0x00000001
core   0: 0x8000ab02 (0x02725e63) bge     tp, t2, pc + 60
core   0: 3 0x8000ab02 (0x02725e63)
core   0: 0x8000ab3e (0x0255f663) bgeu    a1, t0, pc + 44
core   0: 3 0x8000ab3e (0x0255f663)
core   0: 0x8000ab6a (0x00006ce5) c.lui   s9, 0x19
core   0: 3 0x8000ab6a (0x6ce5) x25 0x00019000
core   0: 0x8000ab6c (0x03088f33) mul     t5, a7, a6
core   0: 3 0x8000ab6c (0x03088f33) x30 0x00000000
core   0: 0x8000ab70 (0x00000001) c.nop
core   0: 3 0x8000ab70 (0x0001)
core   0: 0x8000ab72 (0x9dc67c13) andi    s8, a2, -1572
core   0: 3 0x8000ab72 (0x9dc67c13) x24 0x80025808
core   0: 0x8000ab76 (0x03a03ab3) mulhu   s5, zero, s10
core   0: 3 0x8000ab76 (0x03a03ab3) x21 0x00000000
core   0: 0x8000ab7a (0x00006105) c.addi16sp sp, 32
core   0: 3 0x8000ab7a (0x6105) x 2 0x00000020
core   0: 0x8000ab7c (0x000096d2) c.add   a3, s4
core   0: 3 0x8000ab7c (0x96d2) x13 0x000007a3
core   0: 0x8000ab7e (0x0ff0000f) fence   iorw,iorw
core   0: 3 0x8000ab7e (0x0ff0000f)
core   0: 0x8000ab82 (0x9fffc013) xori    zero, t6, -1537
core   0: 3 0x8000ab82 (0x9fffc013)
core   0: 0x8000ab86 (0x034c7733) remu    a4, s8, s4
core   0: 3 0x8000ab86 (0x034c7733) x14 0x000000ec
core   0: 0x8000ab8a (0x000096c2) c.add   a3, a6
core   0: 3 0x8000ab8a (0x96c2) x13 0x000007a3
core   0: 0x8000ab8c (0x00c73d33) sltu    s10, a4, a2
core   0: 3 0x8000ab8c (0x00c73d33) x26 0x00000001
core   0: 0x8000ab90 (0x0000151c) c.addi4spn a5, sp, 672
core   0: 3 0x8000ab90 (0x151c) x15 0x000002c0
core   0: 0x8000ab92 (0x0000836d) c.srli  a4, 27
core   0: 3 0x8000ab92 (0x836d) x14 0x00000000
core   0: 0x8000ab94 (0x000088be) c.mv    a7, a5
core   0: 3 0x8000ab94 (0x88be) x17 0x000002c0
core   0: 0x8000ab96 (0x713e2093) slti    ra, t3, 1811
core   0: 3 0x8000ab96 (0x713e2093) x 1 0x00000001
core   0: 0x8000ab9a (0x00f31093) slli    ra, t1, 15
core   0: 3 0x8000ab9a (0x00f31093) x 1 0x70ca0000
core   0: 0x8000ab9e (0x0398e033) rem     zero, a7, s9
core   0: 3 0x8000ab9e (0x0398e033)
core   0: 0x8000aba2 (0x411c0c33) sub     s8, s8, a7
core   0: 3 0x8000aba2 (0x411c0c33) x24 0x80025548
core   0: 0x8000aba6 (0x03c50333) mul     t1, a0, t3
core   0: 3 0x8000aba6 (0x03c50333) x 6 0x00000000
core   0: 0x8000abaa (0x007775b3) and     a1, a4, t2
core   0: 3 0x8000abaa (0x007775b3) x11 0x00000000
core   0: 0x8000abae (0x0000881d) c.andi  s0, 7
core   0: 3 0x8000abae (0x881d) x 8 0x00000000
core   0: 0x8000abb0 (0x026b0a33) mul     s4, s6, t1
core   0: 3 0x8000abb0 (0x026b0a33) x20 0x00000000
core   0: 0x8000abb4 (0xd29cb093) sltiu   ra, s9, -727
core   0: 3 0x8000abb4 (0xd29cb093) x 1 0x00000001
core   0: 0x8000abb8 (0xdd3ecf13) xori    t5, t4, -557
core   0: 3 0x8000abb8 (0xdd3ecf13) x30 0xfffffe2c
core   0: 0x8000abbc (0x029c4ab3) div     s5, s8, s1
core   0: 3 0x8000abbc (0x029c4ab3) x21 0xffffffff
core   0: 0x8000abc0 (0x00008ec1) c.or    a3, s0
core   0: 3 0x8000abc0 (0x8ec1) x13 0x000007a3
core   0: 0x8000abc2 (0x013523b3) slt     t2, a0, s3
core   0: 3 0x8000abc2 (0x013523b3) x 7 0x00000001
core   0: 0x8000abc6 (0x00008399) c.srli  a5, 6
core   0: 3 0x8000abc6 (0x8399) x15 0x0000000b
core   0: 0x8000abc8 (0x000081f5) c.srli  a1, 29
core   0: 3 0x8000abc8 (0x81f5) x11 0x00000000
core   0: 0x8000abca (0x00a82a33) slt     s4, a6, a0
core   0: 3 0x8000abca (0x00a82a33) x20 0x00000000
core   0: 0x8000abce (0x417fd293) srai    t0, t6, 23
core   0: 3 0x8000abce (0x417fd293) x 5 0x00000000
core   0: 0x8000abd2 (0x00008059) c.srli  s0, 22
core   0: 3 0x8000abd2 (0x8059) x 8 0x00000000
core   0: 0x8000abd4 (0x01066963) bltu    a2, a6, pc + 18
core   0: 3 0x8000abd4 (0x01066963)
core   0: 0x8000abd8 (0x0018ffb3) and     t6, a7, ra
core   0: 3 0x8000abd8 (0x0018ffb3) x31 0x00000000
core   0: 0x8000abdc (0x00008059) c.srli  s0, 22
core   0: 3 0x8000abdc (0x8059) x 8 0x00000000
core   0: 0x8000abde (0x000061c9) c.lui   gp, 0x12
core   0: 3 0x8000abde (0x61c9) x 3 0x00012000
core   0: 0x8000abe0 (0x00008c19) c.sub   s0, a4
core   0: 3 0x8000abe0 (0x8c19) x 8 0x00000000
core   0: 0x8000abe2 (0x025fe863) bltu    t6, t0, pc + 48
core   0: 3 0x8000abe2 (0x025fe863)
core   0: 0x8000abe6 (0x00cc9033) sll     zero, s9, a2
core   0: 3 0x8000abe6 (0x00cc9033)
core   0: 0x8000abea (0x00005433) srl     s0, zero, zero
core   0: 3 0x8000abea (0x00005433) x 8 0x00000000
core   0: 0x8000abee (0x00d1ff63) bgeu    gp, a3, pc + 30
core   0: 3 0x8000abee (0x00d1ff63)
core   0: 0x8000ac0c (0x4a913e17) auipc   t3, 0x4a913
core   0: 3 0x8000ac0c (0x4a913e17) x28 0xca91dc0c
core   0: 0x8000ac10 (0x00008c59) c.or    s0, a4
core   0: 3 0x8000ac10 (0x8c59) x 8 0x00000000
core   0: 0x8000ac12 (0x02cce6b3) rem     a3, s9, a2
core   0: 3 0x8000ac12 (0x02cce6b3) x13 0x00019000
core   0: 0x8000ac16 (0x03741a33) mulh    s4, s0, s7
core   0: 3 0x8000ac16 (0x03741a33) x20 0x00000000
core   0: 0x8000ac1a (0x03932933) mulhsu  s2, t1, s9
core   0: 3 0x8000ac1a (0x03932933) x18 0x00000000
core   0: 0x8000ac1e (0x0000e691) c.bnez  a3, pc + 12
core   0: 3 0x8000ac1e (0xe691)
core   0: 0x8000ac2a (0x26c9c413) xori    s0, s3, 620
core   0: 3 0x8000ac2a (0x26c9c413) x 8 0x0000039b
core   0: 0x8000ac2e (0x4150deb3) sra     t4, ra, s5
core   0: 3 0x8000ac2e (0x4150deb3) x29 0x00000000
core   0: 0x8000ac32 (0x00008c05) c.sub   s0, s1
core   0: 3 0x8000ac32 (0x8c05) x 8 0x0000039b
core   0: 0x8000ac34 (0xc7bc92b7) lui     t0, 0xc7bc9
core   0: 3 0x8000ac34 (0xc7bc92b7) x 5 0xc7bc9000
core   0: 0x8000ac38 (0x01ade263) bltu    s11, s10, pc + 4
core   0: 3 0x8000ac38 (0x01ade263)
core   0: 0x8000ac3c (0x0ff0000f) fence   iorw,iorw
core   0: 3 0x8000ac3c (0x0ff0000f)
core   0: 0x8000ac40 (0x000098fd) c.andi  s1, -1
core   0: 3 0x8000ac40 (0x98fd) x 9 0x00000000
core   0: 0x8000ac42 (0x08cb4063) blt     s6, a2, pc + 128
core   0: 3 0x8000ac42 (0x08cb4063)
core   0: 0x8000ac46 (0x00eb1bb3) sll     s7, s6, a4
core   0: 3 0x8000ac46 (0x00eb1bb3) x23 0x00000001
core   0: 0x8000ac4a (0x00008731) c.srai  a4, 12
core   0: 3 0x8000ac4a (0x8731) x14 0x00000000
core   0: 0x8000ac4c (0x04c40d63) beq     s0, a2, pc + 90
core   0: 3 0x8000ac4c (0x04c40d63)
core   0: 0x8000ac50 (0x00008e95) c.sub   a3, a3
core   0: 3 0x8000ac50 (0x8e95) x13 0x00000000
core   0: 0x8000ac52 (0x02efc433) div     s0, t6, a4
core   0: 3 0x8000ac52 (0x02efc433) x 8 0xffffffff
core   0: 0x8000ac56 (0x00000f13) li      t5, 0
core   0: 3 0x8000ac56 (0x00000f13) x30 0x00000000
core   0: 0x8000ac5a (0x00009092) c.add   ra, tp
core   0: 3 0x8000ac5a (0x9092) x 1 0x00000400
core   0: 0x8000ac5c (0x00008b4d) c.andi  a4, 19
core   0: 3 0x8000ac5c (0x8b4d) x14 0x00000000
core   0: 0x8000ac5e (0x00008361) c.srli  a4, 24
core   0: 3 0x8000ac5e (0x8361) x14 0x00000000
core   0: 0x8000ac60 (0x41a0d193) srai    gp, ra, 26
core   0: 3 0x8000ac60 (0x41a0d193) x 3 0x00000000
core   0: 0x8000ac64 (0xff600b93) li      s7, -10
core   0: 3 0x8000ac64 (0xff600b93) x23 0xfffffff6
core   0: 0x8000ac68 (0x004527b3) slt     a5, a0, tp
core   0: 3 0x8000ac68 (0x004527b3) x15 0x00000001
core   0: 0x8000ac6c (0x00a457b3) srl     a5, s0, a0
core   0: 3 0x8000ac6c (0x00a457b3) x15 0x0fffffff
core   0: 0x8000ac70 (0x00001c14) c.addi4spn a3, sp, 560
core   0: 3 0x8000ac70 (0x1c14) x13 0x00000250
core   0: 0x8000ac72 (0x0000100f) fence.i
core   0: 3 0x8000ac72 (0x0000100f)
core   0: 0x8000ac76 (0x00001e7d) c.addi  t3, -1
core   0: 3 0x8000ac76 (0x1e7d) x28 0xca91dc0b
core   0: 0x8000ac78 (0x003f16b3) sll     a3, t5, gp
core   0: 3 0x8000ac78 (0x003f16b3) x13 0x00000000
core   0: 0x8000ac7c (0x00008fe5) c.and   a5, s1
core   0: 3 0x8000ac7c (0x8fe5) x15 0x00000000
core   0: 0x8000ac7e (0x0355e1b3) rem     gp, a1, s5
core   0: 3 0x8000ac7e (0x0355e1b3) x 3 0x00000000
core   0: 0x8000ac82 (0x0ff0000f) fence   iorw,iorw
core   0: 3 0x8000ac82 (0x0ff0000f)
core   0: 0x8000ac86 (0x0373f233) remu    tp, t2, s7
core   0: 3 0x8000ac86 (0x0373f233) x 4 0x00000001
core   0: 0x8000ac8a (0x01c5c333) xor     t1, a1, t3
core   0: 3 0x8000ac8a (0x01c5c333) x 6 0xca91dc0b
core   0: 0x8000ac8e (0x00000001) c.nop
core   0: 3 0x8000ac8e (0x0001)
core   0: 0x8000ac90 (0x02133d33) mulhu   s10, t1, ra
core   0: 3 0x8000ac90 (0x02133d33) x26 0x0000032a
core   0: 0x8000ac94 (0x00006959) c.lui   s2, 0x16
core   0: 3 0x8000ac94 (0x6959) x18 0x00016000
core   0: 0x8000ac96 (0x02dc8333) mul     t1, s9, a3
core   0: 3 0x8000ac96 (0x02dc8333) x 6 0x00000000
core   0: 0x8000ac9a (0x00001f59) c.addi  t5, -10
core   0: 3 0x8000ac9a (0x1f59) x30 0xfffffff6
core   0: 0x8000ac9c (0x00008ea9) c.xor   a3, a0
core   0: 3 0x8000ac9c (0x8ea9) x13 0x80029ce4
core   0: 0x8000ac9e (0xff7f5be3) bge     t5, s7, pc - 10
core   0: 3 0x8000ac9e (0xff7f5be3)
core   0: 0x8000ac94 (0x00006959) c.lui   s2, 0x16
core   0: 3 0x8000ac94 (0x6959) x18 0x00016000
core   0: 0x8000ac96 (0x02dc8333) mul     t1, s9, a3
core   0: 3 0x8000ac96 (0x02dc8333) x 6 0x15244000
core   0: 0x8000ac9a (0x00001f59) c.addi  t5, -10
core   0: 3 0x8000ac9a (0x1f59) x30 0xffffffec
core   0: 0x8000ac9c (0x00008ea9) c.xor   a3, a0
core   0: 3 0x8000ac9c (0x8ea9) x13 0x00000000
core   0: 0x8000ac9e (0xff7f5be3) bge     t5, s7, pc - 10
core   0: 3 0x8000ac9e (0xff7f5be3)
core   0: 0x8000aca2 (0x002d24b3) slt     s1, s10, sp
core   0: 3 0x8000aca2 (0x002d24b3) x 9 0x00000000
core   0: 0x8000aca6 (0x0000634d) c.lui   t1, 0x13
core   0: 3 0x8000aca6 (0x634d) x 6 0x00013000
core   0: 0x8000aca8 (0x00006ad5) c.lui   s5, 0x15
core   0: 3 0x8000aca8 (0x6ad5) x21 0x00015000
core   0: 0x8000acaa (0x01eb1713) slli    a4, s6, 30
core   0: 3 0x8000acaa (0x01eb1713) x14 0x40000000
core   0: 0x8000acae (0x40e2dc13) srai    s8, t0, 14
core   0: 3 0x8000acae (0x40e2dc13) x24 0xffff1ef2
core   0: 0x8000acb2 (0xaf54b793) sltiu   a5, s1, -1291
core   0: 3 0x8000acb2 (0xaf54b793) x15 0x00000001
core   0: 0x8000acb6 (0x00824433) xor     s0, tp, s0
core   0: 3 0x8000acb6 (0x00824433) x 8 0xfffffffe
core   0: 0x8000acba (0x41ea5793) srai    a5, s4, 30
core   0: 3 0x8000acba (0x41ea5793) x15 0x00000000
core   0: 0x8000acbe (0x275fc313) xori    t1, t6, 629
core   0: 3 0x8000acbe (0x275fc313) x 6 0x00000275
core   0: 0x8000acc2 (0x00008cc5) c.or    s1, s1
core   0: 3 0x8000acc2 (0x8cc5) x 9 0x00000000
core   0: 0x8000acc4 (0x50b92213) slti    tp, s2, 1291
core   0: 3 0x8000acc4 (0x50b92213) x 4 0x00000000
core   0: 0x8000acc8 (0x02f75f63) bge     a4, a5, pc + 62
core   0: 3 0x8000acc8 (0x02f75f63)
core   0: 0x8000ad06 (0x001369b3) or      s3, t1, ra
core   0: 3 0x8000ad06 (0x001369b3) x19 0x00000675
core   0: 0x8000ad0a (0x4145d133) sra     sp, a1, s4
core   0: 3 0x8000ad0a (0x4145d133) x 2 0x00000000
core   0: 0x8000ad0e (0x0ff0000f) fence   iorw,iorw
core   0: 3 0x8000ad0e (0x0ff0000f)
core   0: 0x8000ad12 (0x01735f13) srli    t5, t1, 23
core   0: 3 0x8000ad12 (0x01735f13) x30 0x00000000
core   0: 0x8000ad16 (0xdff0a593) slti    a1, ra, -513
core   0: 3 0x8000ad16 (0xdff0a593) x11 0x00000000
core   0: 0x8000ad1a (0x0ff0000f) fence   iorw,iorw
core   0: 3 0x8000ad1a (0x0ff0000f)
core   0: 0x8000ad1e (0x009ce333) or      t1, s9, s1
core   0: 3 0x8000ad1e (0x009ce333) x 6 0x00019000
core   0: 0x8000ad22 (0x031a1563) bne     s4, a7, pc + 42
core   0: 3 0x8000ad22 (0x031a1563)
core   0: 0x8000ad4c (0x01bede13) srli    t3, t4, 27
core   0: 3 0x8000ad4c (0x01bede13) x28 0x00000000
core   0: 0x8000ad50 (0x00c7d013) srli    zero, a5, 12
core   0: 3 0x8000ad50 (0x00c7d013)
core   0: 0x8000ad54 (0x00cc1f33) sll     t5, s8, a2
core   0: 3 0x8000ad54 (0x00cc1f33) x30 0xff1ef200
core   0: 0x8000ad58 (0x00008de5) c.and   a1, s1
core   0: 3 0x8000ad58 (0x8de5) x11 0x00000000
core   0: 0x8000ad5a (0x00008fd1) c.or    a5, a2
core   0: 3 0x8000ad5a (0x8fd1) x15 0x80025e28
core   0: 0x8000ad5c (0x0000c40d) c.beqz  s0, pc + 42
core   0: 3 0x8000ad5c (0xc40d)
core   0: 0x8000ad5e (0x01db7663) bgeu    s6, t4, pc + 12
core   0: 3 0x8000ad5e (0x01db7663)
core   0: 0x8000ad6a (0x00000001) c.nop
core   0: 3 0x8000ad6a (0x0001)
core   0: 0x8000ad6c (0x0223e863) bltu    t2, sp, pc + 48
core   0: 3 0x8000ad6c (0x0223e863)
core   0: 0x8000ad70 (0x966a0993) addi    s3, s4, -1690
core   0: 3 0x8000ad70 (0x966a0993) x19 0xfffff966
core   0: 0x8000ad74 (0x03542033) mulhsu  zero, s0, s5
core   0: 3 0x8000ad74 (0x03542033)
core   0: 0x8000ad78 (0x8c5b6b17) auipc   s6, 0x8c5b6
core   0: 3 0x8000ad78 (0x8c5b6b17) x22 0x0c5c0d78
core   0: 0x8000ad7c (0x008994b3) sll     s1, s3, s0
core   0: 3 0x8000ad7c (0x008994b3) x 9 0x80000000
core   0: 0x8000ad80 (0x00008ddd) c.or    a1, a5
core   0: 3 0x8000ad80 (0x8ddd) x11 0x80025e28
core   0: 0x8000ad82 (0x0ff0000f) fence   iorw,iorw
core   0: 3 0x8000ad82 (0x0ff0000f)
core   0: 0x8000ad86 (0x00000001) c.nop
core   0: 3 0x8000ad86 (0x0001)
core   0: 0x8000ad88 (0x00008f45) c.or    a4, s1
core   0: 3 0x8000ad88 (0x8f45) x14 0xc0000000
core   0: 0x8000ad8a (0x7acb0013) addi    zero, s6, 1964
core   0: 3 0x8000ad8a (0x7acb0013)
core   0: 0x8000ad8e (0x02efa4b3) mulhsu  s1, t6, a4
core   0: 3 0x8000ad8e (0x02efa4b3) x 9 0x00000000
core   0: 0x8000ad92 (0x00cac2b3) xor     t0, s5, a2
core   0: 3 0x8000ad92 (0x00cac2b3) x 5 0x80030e28
core   0: 0x8000ad96 (0x00008c85) c.sub   s1, s1
core   0: 3 0x8000ad96 (0x8c85) x 9 0x00000000
core   0: 0x8000ad98 (0xbc1d0717) auipc   a4, 0xbc1d0
core   0: 3 0x8000ad98 (0xbc1d0717) x14 0x3c1dad98
core   0: 0x8000ad9c (0x03c38d33) mul     s10, t2, t3
core   0: 3 0x8000ad9c (0x03c38d33) x26 0x00000000
core   0: 0x8000ada0 (0x000c1cb3) sll     s9, s8, zero
core   0: 3 0x8000ada0 (0x000c1cb3) x25 0xffff1ef2
core   0: 0x8000ada4 (0x73a5bb93) sltiu   s7, a1, 1850
core   0: 3 0x8000ada4 (0x73a5bb93) x23 0x00000000
core   0: 0x8000ada8 (0x003026b3) slt     a3, zero, gp
core   0: 3 0x8000ada8 (0x003026b3) x13 0x00000000
core   0: 0x8000adac (0x0321e933) rem     s2, gp, s2
core   0: 3 0x8000adac (0x0321e933) x18 0x00000000
core   0: 0x8000adb0 (0x00000bd9) c.addi  s7, 22
core   0: 3 0x8000adb0 (0x0bd9) x23 0x00000016
core   0: 0x8000adb2 (0x01320e63) beq     tp, s3, pc + 28
core   0: 3 0x8000adb2 (0x01320e63)
core   0: 0x8000adb6 (0x00dfdf63) bge     t6, a3, pc + 30
core   0: 3 0x8000adb6 (0x00dfdf63)
core   0: 0x8000add4 (0xf3e52d37) lui     s10, 0xf3e52
core   0: 3 0x8000add4 (0xf3e52d37) x26 0xf3e52000
core   0: 0x8000add8 (0x0000944a) c.add   s0, s2
core   0: 3 0x8000add8 (0x944a) x 8 0xfffffffe
core   0: 0x8000adda (0x09cf9463) bne     t6, t3, pc + 136
core   0: 3 0x8000adda (0x09cf9463)
core   0: 0x8000adde (0x00000001) c.nop
core   0: 3 0x8000adde (0x0001)
core   0: 0x8000ade0 (0x00009b7d) c.andi  a4, -1
core   0: 3 0x8000ade0 (0x9b7d) x14 0x3c1dad98
core   0: 0x8000ade2 (0x41dbd4b3) sra     s1, s7, t4
core   0: 3 0x8000ade2 (0x41dbd4b3) x 9 0x00000016
core   0: 0x8000ade6 (0x0000959e) c.add   a1, t2
core   0: 3 0x8000ade6 (0x959e) x11 0x80025e29
core   0: 0x8000ade8 (0x034d7eb3) remu    t4, s10, s4
core   0: 3 0x8000ade8 (0x034d7eb3) x29 0xf3e52000
core   0: 0x8000adec (0x00006117) auipc   sp, 0x6
core   0: 3 0x8000adec (0x00006117) x 2 0x80010dec
core   0: 0x8000adf0 (0x24f10113) addi    sp, sp, 591
core   0: 3 0x8000adf0 (0x24f10113) x 2 0x8001103b
core   0: 0x8000adf4 (0xe5e10023) sb      t5, -448(sp)
core   0: 3 0x8000adf4 (0xe5e10023) mem 0x80010e7b 0x0
core   0: 0x8000adf8 (0x026f4ab3) div     s5, t5, t1
core   0: 3 0x8000adf8 (0x026f4ab3) x21 0xffffff70
core   0: 0x8000adfc (0xddbe2a93) slti    s5, t3, -549
core   0: 3 0x8000adfc (0xddbe2a93) x21 0x00000000
core   0: 0x8000ae00 (0xe4010b03) lb      s6, -448(sp)
core   0: 3 0x8000ae00 (0xe4010b03) x22 0x00000000 mem 0x80010e7b
core   0: 0x8000ae04 (0xe5210023) sb      s2, -448(sp)
core   0: 3 0x8000ae04 (0xe5210023) mem 0x80010e7b 0x0
core   0: 0x8000ae08 (0x3dd93193) sltiu   gp, s2, 989
core   0: 3 0x8000ae08 (0x3dd93193) x 3 0x00000001
core   0: 0x8000ae0c (0xe4014903) lbu     s2, -448(sp)
core   0: 3 0x8000ae0c (0xe4014903) x18 0x00000000 mem 0x80010e7b
core   0: 0x8000ae10 (0x02b24fb3) div     t6, tp, a1
core   0: 3 0x8000ae10 (0x02b24fb3) x31 0x00000000
core   0: 0x8000ae14 (0xe4510023) sb      t0, -448(sp)
core   0: 3 0x8000ae14 (0xe4510023) mem 0x80010e7b 0x28
core   0: 0x8000ae18 (0xe4014c03) lbu     s8, -448(sp)
core   0: 3 0x8000ae18 (0xe4014c03) x24 0x00000028 mem 0x80010e7b
core   0: 0x8000ae1c (0xe5a10023) sb      s10, -448(sp)
core   0: 3 0x8000ae1c (0xe5a10023) mem 0x80010e7b 0x0
core   0: 0x8000ae20 (0xe4610023) sb      t1, -448(sp)
core   0: 3 0x8000ae20 (0xe4610023) mem 0x80010e7b 0x0
core   0: 0x8000ae24 (0xe5410023) sb      s4, -448(sp)
core   0: 3 0x8000ae24 (0xe5410023) mem 0x80010e7b 0x0
core   0: 0x8000ae28 (0xe4010203) lb      tp, -448(sp)
core   0: 3 0x8000ae28 (0xe4010203) x 4 0x00000000 mem 0x80010e7b
core   0: 0x8000ae2c (0xcb010983) lb      s3, -848(sp)
core   0: 3 0x8000ae2c (0xcb010983) x19 0x00000000 mem 0x80010ceb
core   0: 0x8000ae30 (0x668eef13) ori     t5, t4, 1640
core   0: 3 0x8000ae30 (0x668eef13) x30 0xf3e52668
core   0: 0x8000ae34 (0x00000001) c.nop
core   0: 3 0x8000ae34 (0x0001)
core   0: 0x8000ae36 (0xdbb10f83) lb      t6, -581(sp)
core   0: 3 0x8000ae36 (0xdbb10f83) x31 0x00000000 mem 0x80010df6
core   0: 0x8000ae3a (0xdbb15903) lhu     s2, -581(sp)
core   0: 3 0x8000ae3a (0xdbb15903) x18 0x00000000 mem 0x80010df6
core   0: 0x8000ae3e (0xda210da3) sb      sp, -581(sp)
core   0: 3 0x8000ae3e (0xda210da3) mem 0x80010df6 0x3b
core   0: 0x8000ae42 (0x00000001) c.nop
core   0: 3 0x8000ae42 (0x0001)
core   0: 0x8000ae44 (0x000081dd) c.srli  a1, 23
core   0: 3 0x8000ae44 (0x81dd) x11 0x00000100
core   0: 0x8000ae46 (0x8a404293) xori    t0, zero, -1884
core   0: 3 0x8000ae46 (0x8a404293) x 5 0xfffff8a4
core   0: 0x8000ae4a (0x40780b33) sub     s6, a6, t2
core   0: 3 0x8000ae4a (0x40780b33) x22 0xffffffff
core   0: 0x8000ae4e (0x00000001) c.nop
core   0: 3 0x8000ae4e (0x0001)
core   0: 0x8000ae50 (0x0000e599) c.bnez  a1, pc + 14
core   0: 3 0x8000ae50 (0xe599)
core   0: 0x8000ae5e (0x0000100f) fence.i
core   0: 3 0x8000ae5e (0x0000100f)
core   0: 0x8000ae62 (0x7c668597) auipc   a1, 0x7c668
core   0: 3 0x8000ae62 (0x7c668597) x11 0xfc672e62
core   0: 0x8000ae66 (0x0000987d) c.andi  s0, -1
core   0: 3 0x8000ae66 (0x987d) x 8 0xfffffffe
core   0: 0x8000ae68 (0x01e2f2b3) and     t0, t0, t5
core   0: 3 0x8000ae68 (0x01e2f2b3) x 5 0xf3e52020
core   0: 0x8000ae6c (0x0000527d) c.li    tp, -1
core   0: 3 0x8000ae6c (0x527d) x 4 0xffffffff
core   0: 0x8000ae6e (0x02211263) bne     sp, sp, pc + 36
core   0: 3 0x8000ae6e (0x02211263)
core   0: 0x8000ae72 (0x00009cfa) c.add   s9, t5
core   0: 3 0x8000ae72 (0x9cfa) x25 0xf3e4455a
core   0: 0x8000ae74 (0x0000c815) c.beqz  s0, pc + 52
core   0: 3 0x8000ae74 (0xc815)
core   0: 0x8000ae76 (0x41bf5433) sra     s0, t5, s11
core   0: 3 0x8000ae76 (0x41bf5433) x 8 0xffffff3e
core   0: 0x8000ae7a (0x0000e315) c.bnez  a4, pc + 36
core   0: 3 0x8000ae7a (0xe315)
core   0: 0x8000ae9e (0x00008805) c.andi  s0, 1
core   0: 3 0x8000ae9e (0x8805) x 8 0x00000000
core   0: 0x8000aea0 (0x00008f19) c.sub   a4, a4
core   0: 3 0x8000aea0 (0x8f19) x14 0x00000000
core   0: 0x8000aea2 (0x0074ed33) or      s10, s1, t2
core   0: 3 0x8000aea2 (0x0074ed33) x26 0x00000017
core   0: 0x8000aea6 (0x00001a80) c.addi4spn s0, sp, 368
core   0: 3 0x8000aea6 (0x1a80) x 8 0x800111ab
core   0: 0x8000aea8 (0x00006125) c.addi16sp sp, 96
core   0: 3 0x8000aea8 (0x6125) x 2 0x8001109b
core   0: 0x8000aeaa (0x0275e063) bltu    a1, t2, pc + 32
core   0: 3 0x8000aeaa (0x0275e063)
core   0: 0x8000aeae (0x00008c35) c.xor   s0, a3
core   0: 3 0x8000aeae (0x8c35) x 8 0x800111ab
core   0: 0x8000aeb0 (0x012cdc13) srli    s8, s9, 18
core   0: 3 0x8000aeb0 (0x012cdc13) x24 0x00003cf9
core   0: 0x8000aeb4 (0x0000c595) c.beqz  a1, pc + 44
core   0: 3 0x8000aeb4 (0xc595)
core   0: 0x8000aeb6 (0x03f76eb3) rem     t4, a4, t6
core   0: 3 0x8000aeb6 (0x03f76eb3) x29 0x00000000
core   0: 0x8000aeba (0xdf296493) ori     s1, s2, -526
core   0: 3 0x8000aeba (0xdf296493) x 9 0xfffffdf2
core   0: 0x8000aebe (0xa027ab93) slti    s7, a5, -1534
core   0: 3 0x8000aebe (0xa027ab93) x23 0x00000001
core   0: 0x8000aec2 (0x00008966) c.mv    s2, s9
core   0: 3 0x8000aec2 (0x8966) x18 0xf3e4455a
core   0: 0x8000aec4 (0x0000c891) c.beqz  s1, pc + 20
core   0: 3 0x8000aec4 (0xc891)
core   0: 0x8000aec6 (0x7aab2713) slti    a4, s6, 1962
core   0: 3 0x8000aec6 (0x7aab2713) x14 0x00000001
core   0: 0x8000aeca (0x00b18b63) beq     gp, a1, pc + 22
core   0: 3 0x8000aeca (0x00b18b63)
core   0: 0x8000aece (0x00008ef9) c.and   a3, a4
core   0: 3 0x8000aece (0x8ef9) x13 0x00000000
core   0: 0x8000aed0 (0x40b856b3) sra     a3, a6, a1
core   0: 3 0x8000aed0 (0x40b856b3) x13 0x00000000
core   0: 0x8000aed4 (0x00cf8663) beq     t6, a2, pc + 12
core   0: 3 0x8000aed4 (0x00cf8663)
core   0: 0x8000aed8 (0x025af0b3) remu    ra, s5, t0
core   0: 3 0x8000aed8 (0x025af0b3) x 1 0x00000000
core   0: 0x8000aedc (0xe3ab7293) andi    t0, s6, -454
core   0: 3 0x8000aedc (0xe3ab7293) x 5 0xfffffe3a
core   0: 0x8000aee0 (0x000720b3) slt     ra, a4, zero
core   0: 3 0x8000aee0 (0x000720b3) x 1 0x00000000
core   0: 0x8000aee4 (0x011da1b3) slt     gp, s11, a7
core   0: 3 0x8000aee4 (0x011da1b3) x 3 0x00000000
core   0: 0x8000aee8 (0x000081f9) c.srli  a1, 30
core   0: 3 0x8000aee8 (0x81f9) x11 0x00000003
core   0: 0x8000aeea (0x231b4c13) xori    s8, s6, 561
core   0: 3 0x8000aeea (0x231b4c13) x24 0xfffffdce
core   0: 0x8000aeee (0x00462303) lw      t1, 4(a2)
core   0: 3 0x8000aeee (0x00462303) x 6 0x8000da6e mem 0x80025e2c
core   0: 0x8000aef2 (0x00000651) c.addi  a2, 20
core   0: 3 0x8000aef2 (0x0651) x12 0x80025e3c
core   0: 0x8000aef4 (0x00006145) c.addi16sp sp, 48
core   0: 3 0x8000aef4 (0x6145) x 2 0x800110cb
core   0: 0x8000aef6 (0x00130093) addi    ra, t1, 1
core   0: 3 0x8000aef6 (0x00130093) x 1 0x8000da6f
core   0: 0x8000aefa (0x00009082) c.jalr  ra
core   0: 3 0x8000aefa (0x9082) x 1 0x8000aefc
core   0: 0x8000da6e (0x030efe63) bgeu    t4, a6, pc + 60
core   0: 3 0x8000da6e (0x030efe63)
core   0: 0x8000daaa (0x0000c1a1) c.beqz  a1, pc + 64
core   0: 3 0x8000daaa (0xc1a1)
core   0: 0x8000daac (0x000054fd) c.li    s1, -1
core   0: 3 0x8000daac (0x54fd) x 9 0xffffffff
core   0: 0x8000daae (0x0000ef1d) c.bnez  a4, pc + 62
core   0: 3 0x8000daae (0xef1d)
core   0: 0x8000daec (0x000089cd) c.andi  a1, 19
core   0: 3 0x8000daec (0x89cd) x11 0x00000003
core   0: 0x8000daee (0x09d75f63) bge     a4, t4, pc + 158
core   0: 3 0x8000daee (0x09d75f63)
core   0: 0x8000db8c (0x00000001) c.nop
core   0: 3 0x8000db8c (0x0001)
core   0: 0x8000db8e (0x035d0d63) beq     s10, s5, pc + 58
core   0: 3 0x8000db8e (0x035d0d63)
core   0: 0x8000db92 (0x410e4393) xori    t2, t3, 1040
core   0: 3 0x8000db92 (0x410e4393) x 7 0x00000410
core   0: 0x8000db96 (0x00008f65) c.and   a4, s1
core   0: 3 0x8000db96 (0x8f65) x14 0x00000001
core   0: 0x8000db98 (0x414a5b33) sra     s6, s4, s4
core   0: 3 0x8000db98 (0x414a5b33) x22 0x00000000
core   0: 0x8000db9c (0x00006125) c.addi16sp sp, 96
core   0: 3 0x8000db9c (0x6125) x 2 0x8001112b
core   0: 0x8000db9e (0x00008f71) c.and   a4, a2
core   0: 3 0x8000db9e (0x8f71) x14 0x00000000
core   0: 0x8000dba0 (0x7e14e837) lui     a6, 0x7e14e
core   0: 3 0x8000dba0 (0x7e14e837) x16 0x7e14e000
core   0: 0x8000dba4 (0x01d0d4b3) srl     s1, ra, t4
core   0: 3 0x8000dba4 (0x01d0d4b3) x 9 0x8000aefc
core   0: 0x8000dba8 (0x01d7d333) srl     t1, a5, t4
core   0: 3 0x8000dba8 (0x01d7d333) x 6 0x80025e28
core   0: 0x8000dbac (0x02cbc733) div     a4, s7, a2
core   0: 3 0x8000dbac (0x02cbc733) x14 0x00000000
core   0: 0x8000dbb0 (0x02c0c033) div     zero, ra, a2
core   0: 3 0x8000dbb0 (0x02c0c033)
core   0: 0x8000dbb4 (0xb7700193) li      gp, -1161
core   0: 3 0x8000dbb4 (0xb7700193) x 3 0xfffffb77
core   0: 0x8000dbb8 (0x00008b25) c.andi  a4, 9
core   0: 3 0x8000dbb8 (0x8b25) x14 0x00000000
core   0: 0x8000dbba (0x0f828963) beq     t0, s8, pc + 242
core   0: 3 0x8000dbba (0x0f828963)
core   0: 0x8000dbbe (0x0000c389) c.beqz  a5, pc + 2
core   0: 3 0x8000dbbe (0xc389)
core   0: 0x8000dbc0 (0x0e1b9463) bne     s7, ra, pc + 232
core   0: 3 0x8000dbc0 (0x0e1b9463)
core   0: 0x8000dca8 (0x03df0ab3) mul     s5, t5, t4
core   0: 3 0x8000dca8 (0x03df0ab3) x21 0x00000000
core   0: 0x8000dcac (0x00008fc2) c.mv    t6, a6
core   0: 3 0x8000dcac (0x8fc2) x31 0x7e14e000
core   0: 0x8000dcae (0x00697ab3) and     s5, s2, t1
core   0: 3 0x8000dcae (0x00697ab3) x21 0x80004408
core   0: 0x8000dcb2 (0x000089c1) c.andi  a1, 16
core   0: 3 0x8000dcb2 (0x89c1) x11 0x00000000
core   0: 0x8000dcb4 (0x0000801d) c.srli  s0, 7
core   0: 3 0x8000dcb4 (0x801d) x 8 0x01000223
core   0: 0x8000dcb6 (0x417e55b3) sra     a1, t3, s7
core   0: 3 0x8000dcb6 (0x417e55b3) x11 0x00000000
core   0: 0x8000dcba (0x1fc48a37) lui     s4, 0x1fc48
core   0: 3 0x8000dcba (0x1fc48a37) x20 0x1fc48000
core   0: 0x8000dcbe (0x012de563) bltu    s11, s2, pc + 10
core   0: 3 0x8000dcbe (0x012de563)
core   0: 0x8000dcc8 (0x00001784) c.addi4spn s1, sp, 992
core   0: 3 0x8000dcc8 (0x1784) x 9 0x8001150b
core   0: 0x8000dcca (0x92f06213) ori     tp, zero, -1745
core   0: 3 0x8000dcca (0x92f06213) x 4 0xfffff92f
core   0: 0x8000dcce (0x00006499) c.lui   s1, 0x6
core   0: 3 0x8000dcce (0x6499) x 9 0x00006000
core   0: 0x8000dcd0 (0x53e08413) addi    s0, ra, 1342
core   0: 3 0x8000dcd0 (0x53e08413) x 8 0x8000b43a
core   0: 0x8000dcd4 (0x0000db13) srli    s6, ra, 0
core   0: 3 0x8000dcd4 (0x0000db13) x22 0x8000aefc
core   0: 0x8000dcd8 (0x0ff0000f) fence   iorw,iorw
core   0: 3 0x8000dcd8 (0x0ff0000f)
core   0: 0x8000dcdc (0x00008c81) c.sub   s1, s0
core   0: 3 0x8000dcdc (0x8c81) x 9 0x7fffabc6
core   0: 0x8000dcde (0x00d2a433) slt     s0, t0, a3
core   0: 3 0x8000dcde (0x00d2a433) x 8 0x00000001
core   0: 0x8000dce2 (0xaa16be97) auipc   t4, 0xaa16b
core   0: 3 0x8000dce2 (0xaa16be97) x29 0x2a178ce2
core   0: 0x8000dce6 (0x32655eb7) lui     t4, 0x32655
core   0: 3 0x8000dce6 (0x32655eb7) x29 0x32655000
core   0: 0x8000dcea (0x191bf793) andi    a5, s7, 401
core   0: 3 0x8000dcea (0x191bf793) x15 0x00000001
core   0: 0x8000dcee (0x40e75b93) srai    s7, a4, 14
core   0: 3 0x8000dcee (0x40e75b93) x23 0x00000000
core   0: 0x8000dcf2 (0x013b2133) slt     sp, s6, s3
core   0: 3 0x8000dcf2 (0x013b2133) x 2 0x00000001
core   0: 0x8000dcf6 (0x40e35b13) srai    s6, t1, 14
core   0: 3 0x8000dcf6 (0x40e35b13) x22 0xfffe0009
core   0: 0x8000dcfa (0x00008c8d) c.sub   s1, a1
core   0: 3 0x8000dcfa (0x8c8d) x 9 0x7fffabc6
core   0: 0x8000dcfc (0x41d700b3) sub     ra, a4, t4
core   0: 3 0x8000dcfc (0x41d700b3) x 1 0xcd9ab000
core   0: 0x8000dd00 (0x01277433) and     s0, a4, s2
core   0: 3 0x8000dd00 (0x01277433) x 8 0x00000000
core   0: 0x8000dd04 (0x036f5763) bge     t5, s6, pc + 46
core   0: 3 0x8000dd04 (0x036f5763)
core   0: 0x8000dd08 (0x01f49693) slli    a3, s1, 31
core   0: 3 0x8000dd08 (0x01f49693) x13 0x00000000
core   0: 0x8000dd0c (0x41038fb3) sub     t6, t2, a6
core   0: 3 0x8000dd0c (0x41038fb3) x31 0x81eb2410
core   0: 0x8000dd10 (0x087e9217) auipc   tp, 0x87e9
core   0: 3 0x8000dd10 (0x087e9217) x 4 0x887f6d10
core   0: 0x8000dd14 (0x03845f33) divu    t5, s0, s8
core   0: 3 0x8000dd14 (0x03845f33) x30 0x00000000
core   0: 0x8000dd18 (0x413a5593) srai    a1, s4, 19
core   0: 3 0x8000dd18 (0x413a5593) x11 0x000003f8
core   0: 0x8000dd1c (0x03a6da33) divu    s4, a3, s10
core   0: 3 0x8000dd1c (0x03a6da33) x20 0x00000000
core   0: 0x8000dd20 (0x000085a1) c.srai  a1, 8
core   0: 3 0x8000dd20 (0x85a1) x11 0x00000003
core   0: 0x8000dd22 (0x02ace5b3) rem     a1, s9, a0
core   0: 3 0x8000dd22 (0x02ace5b3) x11 0xf3e4455a
core   0: 0x8000dd26 (0x0000e015) c.bnez  s0, pc + 36
core   0: 3 0x8000dd26 (0xe015)
core   0: 0x8000dd28 (0x00008c45) c.or    s0, s1
core   0: 3 0x8000dd28 (0x8c45) x 8 0x7fffabc6
core   0: 0x8000dd2a (0x00008b6a) c.mv    s6, s10
core   0: 3 0x8000dd2a (0x8b6a) x22 0x00000017
core   0: 0x8000dd2c (0x002e0263) beq     t3, sp, pc + 4
core   0: 3 0x8000dd2c (0x002e0263)
core   0: 0x8000dd30 (0x00008991) c.andi  a1, 4
core   0: 3 0x8000dd30 (0x8991) x11 0x00000000
core   0: 0x8000dd32 (0x8a70a413) slti    s0, ra, -1881
core   0: 3 0x8000dd32 (0x8a70a413) x 8 0x00000001
core   0: 0x8000dd36 (0x00000001) c.nop
core   0: 3 0x8000dd36 (0x0001)
core   0: 0x8000dd38 (0x00061593) slli    a1, a2, 0
core   0: 3 0x8000dd38 (0x00061593) x11 0x80025e3c
core   0: 0x8000dd3c (0x025855b3) divu    a1, a6, t0
core   0: 3 0x8000dd3c (0x025855b3) x11 0x00000000
core   0: 0x8000dd40 (0x0ff0000f) fence   iorw,iorw
core   0: 3 0x8000dd40 (0x0ff0000f)
core   0: 0x8000dd44 (0x000082a1) c.srli  a3, 8
core   0: 3 0x8000dd44 (0x82a1) x13 0x00000000
core   0: 0x8000dd46 (0x010c2bb3) slt     s7, s8, a6
core   0: 3 0x8000dd46 (0x010c2bb3) x23 0x00000001
core   0: 0x8000dd4a (0x01efbd33) sltu    s10, t6, t5
core   0: 3 0x8000dd4a (0x01efbd33) x26 0x00000000
core   0: 0x8000dd4e (0x03370463) beq     a4, s3, pc + 40
core   0: 3 0x8000dd4e (0x03370463)
core   0: 0x8000dd76 (0x00301363) bne     zero, gp, pc + 6
core   0: 3 0x8000dd76 (0x00301363)
core   0: 0x8000dd7c (0x02098333) mul     t1, s3, zero
core   0: 3 0x8000dd7c (0x02098333) x 6 0x00000000
core   0: 0x8000dd80 (0x01014cb3) xor     s9, sp, a6
core   0: 3 0x8000dd80 (0x01014cb3) x25 0x7e14e001
core   0: 0x8000dd84 (0x00000001) c.nop
core   0: 3 0x8000dd84 (0x0001)
core   0: 0x8000dd86 (0x41170133) sub     sp, a4, a7
core   0: 3 0x8000dd86 (0x41170133) x 2 0xfffffd40
core   0: 0x8000dd8a (0x01b30233) add     tp, t1, s11
core   0: 3 0x8000dd8a (0x01b30233) x 4 0x4242e194
core   0: 0x8000dd8e (0x000042a1) c.li    t0, 8
core   0: 3 0x8000dd8e (0x42a1) x 5 0x00000008
core   0: 0x8000dd90 (0x01f45663) bge     s0, t6, pc + 12
core   0: 3 0x8000dd90 (0x01f45663)
core   0: 0x8000dd9c (0x00008365) c.srli  a4, 25
core   0: 3 0x8000dd9c (0x8365) x14 0x00000000
core   0: 0x8000dd9e (0x0000e015) c.bnez  s0, pc + 36
core   0: 3 0x8000dd9e (0xe015)
core   0: 0x8000ddc2 (0x00006119) c.addi16sp sp, 384
core   0: 3 0x8000ddc2 (0x6119) x 2 0xfffffec0
core   0: 0x8000ddc4 (0x01458833) add     a6, a1, s4
core   0: 3 0x8000ddc4 (0x01458833) x16 0x00000000
core   0: 0x8000ddc8 (0x039c3bb3) mulhu   s7, s8, s9
core   0: 3 0x8000ddc8 (0x039c3bb3) x23 0x7e14deec
core   0: 0x8000ddcc (0x01e8d493) srli    s1, a7, 30
core   0: 3 0x8000ddcc (0x01e8d493) x 9 0x00000000
core   0: 0x8000ddd0 (0x0000cb11) c.beqz  a4, pc + 20
core   0: 3 0x8000ddd0 (0xcb11)
core   0: 0x8000dde4 (0x02a370b3) remu    ra, t1, a0
core   0: 3 0x8000dde4 (0x02a370b3) x 1 0x00000000
core   0: 0x8000dde8 (0x00008b69) c.andi  a4, 26
core   0: 3 0x8000dde8 (0x8b69) x14 0x00000000
core   0: 0x8000ddea (0x00767733) and     a4, a2, t2
core   0: 3 0x8000ddea (0x00767733) x14 0x00000410
core   0: 0x8000ddee (0x03c6f163) bgeu    a3, t3, pc + 34
core   0: 3 0x8000ddee (0x03c6f163)
core   0: 0x8000de10 (0x00000871) c.addi  a6, 28
core   0: 3 0x8000de10 (0x0871) x16 0x0000001c
core   0: 0x8000de12 (0x00001c80) c.addi4spn s0, sp, 624
core   0: 3 0x8000de12 (0x1c80) x 8 0x00000130
core   0: 0x8000de14 (0x02ed08b3) mul     a7, s10, a4
core   0: 3 0x8000de14 (0x02ed08b3) x17 0x00000000
core   0: 0x8000de18 (0x015b6a63) bltu    s6, s5, pc + 20
core   0: 3 0x8000de18 (0x015b6a63)
core   0: 0x8000de2c (0x0000008a) c.slli  ra, 2
core   0: 3 0x8000de2c (0x008a) x 1 0x00000000
core   0: 0x8000de2e (0x00006135) c.addi16sp sp, 352
core   0: 3 0x8000de2e (0x6135) x 2 0x00000020
core   0: 0x8000de30 (0x000088e1) c.andi  s1, 24
core   0: 3 0x8000de30 (0x88e1) x 9 0x00000000
core   0: 0x8000de32 (0x000049cd) c.li    s3, 19
core   0: 3 0x8000de32 (0x49cd) x19 0x00000013
core   0: 0x8000de34 (0x00000001) c.nop
core   0: 3 0x8000de34 (0x0001)
core   0: 0x8000de36 (0x01f1dc93) srli    s9, gp, 31
core   0: 3 0x8000de36 (0x01f1dc93) x25 0x00000001
core   0: 0x8000de3a (0x00006b61) c.lui   s6, 0x18
core   0: 3 0x8000de3a (0x6b61) x22 0x00018000
core   0: 0x8000de3c (0x02eba433) mulhsu  s0, s7, a4
core   0: 3 0x8000de3c (0x02eba433) x 8 0x00000200
core   0: 0x8000de40 (0x00006121) c.addi16sp sp, 64
core   0: 3 0x8000de40 (0x6121) x 2 0x00000060
core   0: 0x8000de42 (0x00004ec5) c.li    t4, 17
core   0: 3 0x8000de42 (0x4ec5) x29 0x00000011
core   0: 0x8000de44 (0x01549913) slli    s2, s1, 21
core   0: 3 0x8000de44 (0x01549913) x18 0x00000000
core   0: 0x8000de48 (0x00968033) add     zero, a3, s1
core   0: 3 0x8000de48 (0x00968033)
core   0: 0x8000de4c (0x026ff433) remu    s0, t6, t1
core   0: 3 0x8000de4c (0x026ff433) x 8 0x81eb2410
core   0: 0x8000de50 (0x009c11b3) sll     gp, s8, s1
core   0: 3 0x8000de50 (0x009c11b3) x 3 0xfffffdce
core   0: 0x8000de54 (0x03dc79b3) remu    s3, s8, t4
core   0: 3 0x8000de54 (0x03dc79b3) x19 0x00000000
core   0: 0x8000de58 (0x0000e399) c.bnez  a5, pc + 6
core   0: 3 0x8000de58 (0xe399)
core   0: 0x8000de5e (0x024299b3) mulh    s3, t0, tp
core   0: 3 0x8000de5e (0x024299b3) x19 0x00000002
core   0: 0x8000de62 (0x02045433) divu    s0, s0, zero
core   0: 3 0x8000de62 (0x02045433) x 8 0xffffffff
core   0: 0x8000de66 (0x0257feb3) remu    t4, a5, t0
core   0: 3 0x8000de66 (0x0257feb3) x29 0x00000001
core   0: 0x8000de6a (0x0000100f) fence.i
core   0: 3 0x8000de6a (0x0000100f)
core   0: 0x8000de6e (0x0000717d) c.addi16sp sp, -16
core   0: 3 0x8000de6e (0x717d) x 2 0x00000050
core   0: 0x8000de70 (0x0000869d) c.srai  a3, 7
core   0: 3 0x8000de70 (0x869d) x13 0x00000000
core   0: 0x8000de72 (0x03a3d663) bge     t2, s10, pc + 44
core   0: 3 0x8000de72 (0x03a3d663)
core   0: 0x8000de9e (0x00000001) c.nop
core   0: 3 0x8000de9e (0x0001)
core   0: 0x8000dea0 (0x02706433) rem     s0, zero, t2
core   0: 3 0x8000dea0 (0x02706433) x 8 0x00000000
core   0: 0x8000dea4 (0x05ed8263) beq     s11, t5, pc + 68
core   0: 3 0x8000dea4 (0x05ed8263)
core   0: 0x8000dea8 (0x41685c93) srai    s9, a6, 22
core   0: 3 0x8000dea8 (0x41685c93) x25 0x00000000
core   0: 0x8000deac (0xdbd70493) addi    s1, a4, -579
core   0: 3 0x8000deac (0xdbd70493) x 9 0x000001cd
core   0: 0x8000deb0 (0xbb265837) lui     a6, 0xbb265
core   0: 3 0x8000deb0 (0xbb265837) x16 0xbb265000
core   0: 0x8000deb4 (0xaff32137) lui     sp, 0xaff32
core   0: 3 0x8000deb4 (0xaff32137) x 2 0xaff32000
core   0: 0x8000deb8 (0x00008ed9) c.or    a3, a4
core   0: 3 0x8000deb8 (0x8ed9) x13 0x00000410
core   0: 0x8000deba (0x01858933) add     s2, a1, s8
core   0: 3 0x8000deba (0x01858933) x18 0xfffffdce
core   0: 0x8000debe (0x0c786a93) ori     s5, a6, 199
core   0: 3 0x8000debe (0x0c786a93) x21 0xbb2650c7
core   0: 0x8000dec2 (0xb33f7193) andi    gp, t5, -1229
core   0: 3 0x8000dec2 (0xb33f7193) x 3 0x00000000
core   0: 0x8000dec6 (0x0146d3b3) srl     t2, a3, s4
core   0: 3 0x8000dec6 (0x0146d3b3) x 7 0x00000410
core   0: 0x8000deca (0x0000100f) fence.i
core   0: 3 0x8000deca (0x0000100f)
core   0: 0x8000dece (0x00008f1d) c.sub   a4, a5
core   0: 3 0x8000dece (0x8f1d) x14 0x0000040f
core   0: 0x8000ded0 (0xb51ebd13) sltiu   s10, t4, -1199
core   0: 3 0x8000ded0 (0xb51ebd13) x26 0x00000001
core   0: 0x8000ded4 (0x00000001) c.nop
core   0: 3 0x8000ded4 (0x0001)
core   0: 0x8000ded6 (0x0ff0000f) fence   iorw,iorw
core   0: 3 0x8000ded6 (0x0ff0000f)
core   0: 0x8000deda (0x02670333) mul     t1, a4, t1
core   0: 3 0x8000deda (0x02670333) x 6 0x00000000
core   0: 0x8000dede (0x058e0263) beq     t3, s8, pc + 68
core   0: 3 0x8000dede (0x058e0263)
core   0: 0x8000dee2 (0x0000577d) c.li    a4, -1
core   0: 3 0x8000dee2 (0x577d) x14 0xffffffff
core   0: 0x8000dee4 (0x0000100f) fence.i
core   0: 3 0x8000dee4 (0x0000100f)
core   0: 0x8000dee8 (0x02090b33) mul     s6, s2, zero
core   0: 3 0x8000dee8 (0x02090b33) x22 0x00000000
core   0: 0x8000deec (0x0197f8b3) and     a7, a5, s9
core   0: 3 0x8000deec (0x0197f8b3) x17 0x00000000
core   0: 0x8000def0 (0x41e902b3) sub     t0, s2, t5
core   0: 3 0x8000def0 (0x41e902b3) x 5 0xfffffdce
core   0: 0x8000def4 (0x0033ad33) slt     s10, t2, gp
core   0: 3 0x8000def4 (0x0033ad33) x26 0x00000000
core   0: 0x8000def8 (0x00b996b3) sll     a3, s3, a1
core   0: 3 0x8000def8 (0x00b996b3) x13 0x00000002
core   0: 0x8000defc (0x007e26b3) slt     a3, t3, t2
core   0: 3 0x8000defc (0x007e26b3) x13 0x00000001
core   0: 0x8000df00 (0x64c46c93) ori     s9, s0, 1612
core   0: 3 0x8000df00 (0x64c46c93) x25 0x0000064c
core   0: 0x8000df04 (0x0096ffb3) and     t6, a3, s1
core   0: 3 0x8000df04 (0x0096ffb3) x31 0x00000001
core   0: 0x8000df08 (0x86ecbe97) auipc   t4, 0x86ecb
core   0: 3 0x8000df08 (0x86ecbe97) x29 0x06ed8f08
core   0: 0x8000df0c (0x7b3a2293) slti    t0, s4, 1971
core   0: 3 0x8000df0c (0x7b3a2293) x 5 0x00000001
core   0: 0x8000df10 (0x00008df1) c.and   a1, a2
core   0: 3 0x8000df10 (0x8df1) x11 0x00000000
core   0: 0x8000df12 (0x903efc13) andi    s8, t4, -1789
core   0: 3 0x8000df12 (0x903efc13) x24 0x06ed8900
core   0: 0x8000df16 (0x00008741) c.srai  a4, 16
core   0: 3 0x8000df16 (0x8741) x14 0xffffffff
core   0: 0x8000df18 (0x00000001) c.nop
core   0: 3 0x8000df18 (0x0001)
core   0: 0x8000df1a (0x00d6d493) srli    s1, a3, 13
core   0: 3 0x8000df1a (0x00d6d493) x 9 0x00000000
core   0: 0x8000df1e (0x01a35fb3) srl     t6, t1, s10
core   0: 3 0x8000df1e (0x01a35fb3) x31 0x00000000
core   0: 0x8000df22 (0x0000100f) fence.i
core   0: 3 0x8000df22 (0x0000100f)
core   0: 0x8000df26 (0x0000c31d) c.beqz  a4, pc + 38
core   0: 3 0x8000df26 (0xc31d)
core   0: 0x8000df28 (0x03c8aab3) mulhsu  s5, a7, t3
core   0: 3 0x8000df28 (0x03c8aab3) x21 0x00000000
core   0: 0x8000df2c (0x00008ded) c.and   a1, a1
core   0: 3 0x8000df2c (0x8ded) x11 0x00000000
core   0: 0x8000df2e (0x000f9c63) bnez    t6, pc + 24
core   0: 3 0x8000df2e (0x000f9c63)
core   0: 0x8000df32 (0x83956a17) auipc   s4, 0x83956
core   0: 3 0x8000df32 (0x83956a17) x20 0x03963f32
core   0: 0x8000df36 (0x034060b3) rem     ra, zero, s4
core   0: 3 0x8000df36 (0x034060b3) x 1 0x00000000
core   0: 0x8000df3a (0x0135a2b3) slt     t0, a1, s3
core   0: 3 0x8000df3a (0x0135a2b3) x 5 0x00000001
core   0: 0x8000df3e (0x0181be33) sltu    t3, gp, s8
core   0: 3 0x8000df3e (0x0181be33) x28 0x00000001
core   0: 0x8000df42 (0xde18b1b7) lui     gp, 0xde18b
core   0: 3 0x8000df42 (0xde18b1b7) x 3 0xde18b000
core   0: 0x8000df46 (0x00008aa9) c.andi  a3, 10
core   0: 3 0x8000df46 (0x8aa9) x13 0x00000000
core   0: 0x8000df48 (0x026f7c63) bgeu    t5, t1, pc + 56
core   0: 3 0x8000df48 (0x026f7c63)
core   0: 0x8000df80 (0x00008f55) c.or    a4, a3
core   0: 3 0x8000df80 (0x8f55) x14 0xffffffff
core   0: 0x8000df82 (0x00000bee) c.slli  s7, 27
core   0: 3 0x8000df82 (0x0bee) x23 0x60000000
core   0: 0x8000df84 (0x02c40a63) beq     s0, a2, pc + 52
core   0: 3 0x8000df84 (0x02c40a63)
core   0: 0x8000df88 (0x00000818) c.addi4spn a4, sp, 16
core   0: 3 0x8000df88 (0x0818) x14 0xaff32010
core   0: 0x8000df8a (0x00008de1) c.and   a1, s0
core   0: 3 0x8000df8a (0x8de1) x11 0x00000000
core   0: 0x8000df8c (0x00008875) c.andi  s0, 29
core   0: 3 0x8000df8c (0x8875) x 8 0x00000000
core   0: 0x8000df8e (0x0000832d) c.srli  a4, 11
core   0: 3 0x8000df8e (0x832d) x14 0x0015fe64
core   0: 0x8000df90 (0x00009aaa) c.add   s5, a0
core   0: 3 0x8000df90 (0x9aaa) x21 0x80029ce4
core   0: 0x8000df92 (0x0054cc33) xor     s8, s1, t0
core   0: 3 0x8000df92 (0x0054cc33) x24 0x00000001
core   0: 0x8000df96 (0x01076cb3) or      s9, a4, a6
core   0: 3 0x8000df96 (0x01076cb3) x25 0xbb37fe64
core   0: 0x8000df9a (0x00001a98) c.addi4spn a4, sp, 368
core   0: 3 0x8000df9a (0x1a98) x14 0xaff32170
core   0: 0x8000df9c (0x00008c69) c.and   s0, a0
core   0: 3 0x8000df9c (0x8c69) x 8 0x00000000
core   0: 0x8000df9e (0x000081c5) c.srli  a1, 17
core   0: 3 0x8000df9e (0x81c5) x11 0x00000000
core   0: 0x8000dfa0 (0x0000c28d) c.beqz  a3, pc + 34
core   0: 3 0x8000dfa0 (0xc28d)
core   0: 0x8000dfc2 (0x007bba33) sltu    s4, s7, t2
core   0: 3 0x8000dfc2 (0x007bba33) x20 0x00000000
core   0: 0x8000dfc6 (0x01854963) blt     a0, s8, pc + 18
core   0: 3 0x8000dfc6 (0x01854963)
core   0: 0x8000dfd8 (0xd760a813) slti    a6, ra, -650
core   0: 3 0x8000dfd8 (0xd760a813) x16 0x00000000
core   0: 0x8000dfdc (0x00008a26) c.mv    s4, s1
core   0: 3 0x8000dfdc (0x8a26) x20 0x00000000
core   0: 0x8000dfde (0x01ce6433) or      s0, t3, t3
core   0: 3 0x8000dfde (0x01ce6433) x 8 0x00000001
core   0: 0x8000dfe2 (0x02206433) rem     s0, zero, sp
core   0: 3 0x8000dfe2 (0x02206433) x 8 0x00000000
core   0: 0x8000dfe6 (0xc32af017) auipc   zero, 0xc32af
core   0: 3 0x8000dfe6 (0xc32af017)
core   0: 0x8000dfea (0x00008191) c.srli  a1, 4
core   0: 3 0x8000dfea (0x8191) x11 0x00000000
core   0: 0x8000dfec (0xc5b07413) andi    s0, zero, -933
core   0: 3 0x8000dfec (0xc5b07413) x 8 0x00000000
core   0: 0x8000dff0 (0x03da9863) bne     s5, t4, pc + 48
core   0: 3 0x8000dff0 (0x03da9863)
core   0: 0x8000e020 (0x7e240e93) addi    t4, s0, 2018
core   0: 3 0x8000e020 (0x7e240e93) x29 0x000007e2
core   0: 0x8000e024 (0x02744b63) blt     s0, t2, pc + 54
core   0: 3 0x8000e024 (0x02744b63)
core   0: 0x8000e05a (0x28d2f313) andi    t1, t0, 653
core   0: 3 0x8000e05a (0x28d2f313) x 6 0x00000001
core   0: 0x8000e05e (0x8b98f113) andi    sp, a7, -1863
core   0: 3 0x8000e05e (0x8b98f113) x 2 0x00000000
core   0: 0x8000e062 (0x00676863) bltu    a4, t1, pc + 16
core   0: 3 0x8000e062 (0x00676863)
core   0: 0x8000e066 (0x0006bb33) sltu    s6, a3, zero
core   0: 3 0x8000e066 (0x0006bb33) x22 0x00000000
core   0: 0x8000e06a (0x00008c5d) c.or    s0, a5
core   0: 3 0x8000e06a (0x8c5d) x 8 0x00000001
core   0: 0x8000e06c (0x0000100f) fence.i
core   0: 3 0x8000e06c (0x0000100f)
core   0: 0x8000e070 (0x00008de5) c.and   a1, s1
core   0: 3 0x8000e070 (0x8de5) x11 0x00000000
core   0: 0x8000e072 (0xf48c3c93) sltiu   s9, s8, -184
core   0: 3 0x8000e072 (0xf48c3c93) x25 0x00000001
core   0: 0x8000e076 (0x024bc433) div     s0, s7, tp
core   0: 3 0x8000e076 (0x024bc433) x 8 0x00000001
core   0: 0x8000e07a (0xf4a9a217) auipc   tp, 0xf4a9a
core   0: 3 0x8000e07a (0xf4a9a217) x 4 0x74aa807a
core   0: 0x8000e07e (0xde00a997) auipc   s3, 0xde00a
core   0: 3 0x8000e07e (0xde00a997) x19 0x5e01807e
core   0: 0x8000e082 (0x0b264893) xori    a7, a2, 178
core   0: 3 0x8000e082 (0x0b264893) x17 0x80025e8e
core   0: 0x8000e086 (0x17440393) addi    t2, s0, 372
core   0: 3 0x8000e086 (0x17440393) x 7 0x00000175
core   0: 0x8000e08a (0x0000100f) fence.i
core   0: 3 0x8000e08a (0x0000100f)
core   0: 0x8000e08e (0x0004f463) bgeu    s1, zero, pc + 8
core   0: 3 0x8000e08e (0x0004f463)
core   0: 0x8000e096 (0x00006f09) c.lui   t5, 0x2
core   0: 3 0x8000e096 (0x6f09) x30 0x00002000
core   0: 0x8000e098 (0x000066e9) c.lui   a3, 0x1a
core   0: 3 0x8000e098 (0x66e9) x13 0x0001a000
core   0: 0x8000e09a (0x02b65033) divu    zero, a2, a1
core   0: 3 0x8000e09a (0x02b65033)
core   0: 0x8000e09e (0x33001b17) auipc   s6, 0x33001
core   0: 3 0x8000e09e (0x33001b17) x22 0xb300f09e
core   0: 0x8000e0a2 (0x00001ffd) c.addi  t6, -1
core   0: 3 0x8000e0a2 (0x1ffd) x31 0xffffffff
core   0: 0x8000e0a4 (0xe8f9ec13) ori     s8, s3, -369
core   0: 3 0x8000e0a4 (0xe8f9ec13) x24 0xfffffeff
core   0: 0x8000e0a8 (0x016986b3) add     a3, s3, s6
core   0: 3 0x8000e0a8 (0x016986b3) x13 0x1102711c
core   0: 0x8000e0ac (0x00ca6733) or      a4, s4, a2
core   0: 3 0x8000e0ac (0x00ca6733) x14 0x80025e3c
core   0: 0x8000e0b0 (0x019bdeb3) srl     t4, s7, s9
core   0: 3 0x8000e0b0 (0x019bdeb3) x29 0x30000000
core   0: 0x8000e0b4 (0x018ef263) bgeu    t4, s8, pc + 4
core   0: 3 0x8000e0b4 (0x018ef263)
core   0: 0x8000e0b8 (0x00008585) c.srai  a1, 1
core   0: 3 0x8000e0b8 (0x8585) x11 0x00000000
core   0: 0x8000e0ba (0x0032cbb3) xor     s7, t0, gp
core   0: 3 0x8000e0ba (0x0032cbb3) x23 0xde18b001
core   0: 0x8000e0be (0x01e9e433) or      s0, s3, t5
core   0: 3 0x8000e0be (0x01e9e433) x 8 0x5e01a07e
core   0: 0x8000e0c2 (0x04e59063) bne     a1, a4, pc + 64
core   0: 3 0x8000e0c2 (0x04e59063)
core   0: 0x8000e102 (0x00000001) c.nop
core   0: 3 0x8000e102 (0x0001)
core   0: 0x8000e104 (0x00d5f3b3) and     t2, a1, a3
core   0: 3 0x8000e104 (0x00d5f3b3) x 7 0x00000000
core   0: 0x8000e108 (0x0000ca9d) c.beqz  a3, pc + 54
core   0: 3 0x8000e108 (0xca9d)
core   0: 0x8000e10a (0x00000001) c.nop
core   0: 3 0x8000e10a (0x0001)
core   0: 0x8000e10c (0x01dddf93) srli    t6, s11, 29
core   0: 3 0x8000e10c (0x01dddf93) x31 0x00000002
core   0: 0x8000e110 (0xbc2ac837) lui     a6, 0xbc2ac
core   0: 3 0x8000e110 (0xbc2ac837) x16 0xbc2ac000
core   0: 0x8000e114 (0x0000eb09) c.bnez  a4, pc + 18
core   0: 3 0x8000e114 (0xeb09)
core   0: 0x8000e126 (0xbe354e13) xori    t3, a0, -1053
core   0: 3 0x8000e126 (0xbe354e13) x28 0x7ffd6707
core   0: 0x8000e12a (0x00006c59) c.lui   s8, 0x16
core   0: 3 0x8000e12a (0x6c59) x24 0x00016000
core   0: 0x8000e12c (0x00897133) and     sp, s2, s0
core   0: 3 0x8000e12c (0x00897133) x 2 0x5e01a04e
core   0: 0x8000e130 (0x00008efd) c.and   a3, a5
core   0: 3 0x8000e130 (0x8efd) x13 0x00000000
core   0: 0x8000e132 (0x0000e80d) c.bnez  s0, pc + 50
core   0: 3 0x8000e132 (0xe80d)
core   0: 0x8000e164 (0x00008dc5) c.or    a1, s1
core   0: 3 0x8000e164 (0x8dc5) x11 0x00000000
core   0: 0x8000e166 (0x40700833) sub     a6, zero, t2
core   0: 3 0x8000e166 (0x40700833) x16 0x00000000
core   0: 0x8000e16a (0x4129d013) srai    zero, s3, 18
core   0: 3 0x8000e16a (0x4129d013)
core   0: 0x8000e16e (0x00008f75) c.and   a4, a3
core   0: 3 0x8000e16e (0x8f75) x14 0x00000000
core   0: 0x8000e170 (0x0000100f) fence.i
core   0: 3 0x8000e170 (0x0000100f)
core   0: 0x8000e174 (0x0e9fcb17) auipc   s6, 0xe9fc
core   0: 3 0x8000e174 (0x0e9fcb17) x22 0x8ea0a174
core   0: 0x8000e178 (0x03f5d463) bge     a1, t6, pc + 40
core   0: 3 0x8000e178 (0x03f5d463)
core   0: 0x8000e17c (0x01eb6563) bltu    s6, t5, pc + 10
core   0: 3 0x8000e17c (0x01eb6563)
core   0: 0x8000e180 (0x00000001) c.nop
core   0: 3 0x8000e180 (0x0001)
core   0: 0x8000e182 (0x2ba14937) lui     s2, 0x2ba14
core   0: 3 0x8000e182 (0x2ba14937) x18 0x2ba14000
core   0: 0x8000e186 (0x039ca9b3) mulhsu  s3, s9, s9
core   0: 3 0x8000e186 (0x039ca9b3) x19 0x00000000
core   0: 0x8000e18a (0x0eab0597) auipc   a1, 0xeab0
core   0: 3 0x8000e18a (0x0eab0597) x11 0x8eabe18a
core   0: 0x8000e18e (0x00001a7d) c.addi  s4, -1
core   0: 3 0x8000e18e (0x1a7d) x20 0xffffffff
core   0: 0x8000e190 (0x00000001) c.nop
core   0: 3 0x8000e190 (0x0001)
core   0: 0x8000e192 (0x00c865b3) or      a1, a6, a2
core   0: 3 0x8000e192 (0x00c865b3) x11 0x80025e3c
core   0: 0x8000e196 (0x000003d1) c.addi  t2, 20
core   0: 3 0x8000e196 (0x03d1) x 7 0x00000014
core   0: 0x8000e198 (0x0000cd8d) c.beqz  a1, pc + 58
core   0: 3 0x8000e198 (0xcd8d)
core   0: 0x8000e19a (0x0000717d) c.addi16sp sp, -16
core   0: 3 0x8000e19a (0x717d) x 2 0x5e01a03e
core   0: 0x8000e19c (0x82036093) ori     ra, t1, -2016
core   0: 3 0x8000e19c (0x82036093) x 1 0xfffff821
core   0: 0x8000e1a0 (0x416edd33) sra     s10, t4, s6
core   0: 3 0x8000e1a0 (0x416edd33) x26 0x00000300
core   0: 0x8000e1a4 (0x0000c58d) c.beqz  a1, pc + 42
core   0: 3 0x8000e1a4 (0xc58d)
core   0: 0x8000e1a6 (0x03afc763) blt     t6, s10, pc + 46
core   0: 3 0x8000e1a6 (0x03afc763)
core   0: 0x8000e1d4 (0x034059b3) divu    s3, zero, s4
core   0: 3 0x8000e1d4 (0x034059b3) x19 0x00000000
core   0: 0x8000e1d8 (0x0000100f) fence.i
core   0: 3 0x8000e1d8 (0x0000100f)
core   0: 0x8000e1dc (0x0329f963) bgeu    s3, s2, pc + 50
core   0: 3 0x8000e1dc (0x0329f963)
core   0: 0x8000e1e0 (0x021b9b33) mulh    s6, s7, ra
core   0: 3 0x8000e1e0 (0x021b9b33) x22 0x0000010a
core   0: 0x8000e1e4 (0x019a4133) xor     sp, s4, s9
core   0: 3 0x8000e1e4 (0x019a4133) x 2 0xfffffffe
core   0: 0x8000e1e8 (0x292b59b7) lui     s3, 0x292b5
core   0: 3 0x8000e1e8 (0x292b59b7) x19 0x292b5000
core   0: 0x8000e1ec (0x00000001) c.nop
core   0: 3 0x8000e1ec (0x0001)
core   0: 0x8000e1ee (0x030623b3) mulhsu  t2, a2, a6
core   0: 3 0x8000e1ee (0x030623b3) x 7 0x00000000
core   0: 0x8000e1f2 (0x40700c33) sub     s8, zero, t2
core   0: 3 0x8000e1f2 (0x40700c33) x24 0x00000000
core   0: 0x8000e1f6 (0x0ff0000f) fence   iorw,iorw
core   0: 3 0x8000e1f6 (0x0ff0000f)
core   0: 0x8000e1fa (0x000086b6) c.mv    a3, a3
core   0: 3 0x8000e1fa (0x86b6) x13 0x00000000
core   0: 0x8000e1fc (0x00001f94) c.addi4spn a3, sp, 1008
core   0: 3 0x8000e1fc (0x1f94) x13 0x000003ee
core   0: 0x8000e1fe (0x0217a233) mulhsu  tp, a5, ra
core   0: 3 0x8000e1fe (0x0217a233) x 4 0x00000000
core   0: 0x8000e202 (0x0b5bc593) xori    a1, s7, 181
core   0: 3 0x8000e202 (0x0b5bc593) x11 0xde18b0b4
core   0: 0x8000e206 (0x03325a63) bge     tp, s3, pc + 52
core   0: 3 0x8000e206 (0x03325a63)
core   0: 0x8000e20a (0x0050d9b3) srl     s3, ra, t0
core   0: 3 0x8000e20a (0x0050d9b3) x19 0x7ffffc10
core   0: 0x8000e20e (0x0141fa63) bgeu    gp, s4, pc + 20
core   0: 3 0x8000e20e (0x0141fa63)
core   0: 0x8000e212 (0x03caf7b3) remu    a5, s5, t3
core   0: 3 0x8000e212 (0x03caf7b3) x15 0x000535dd
core   0: 0x8000e216 (0x00f75bb3) srl     s7, a4, a5
core   0: 3 0x8000e216 (0x00f75bb3) x23 0x00000000
core   0: 0x8000e21a (0x000083ad) c.srli  a5, 11
core   0: 3 0x8000e21a (0x83ad) x15 0x000000a6
core   0: 0x8000e21c (0x000085b1) c.srai  a1, 12
core   0: 3 0x8000e21c (0x85b1) x11 0xfffde18b
core   0: 0x8000e21e (0x00008f29) c.xor   a4, a0
core   0: 3 0x8000e21e (0x8f29) x14 0x80029ce4
core   0: 0x8000e220 (0x0000ef01) c.bnez  a4, pc + 24
core   0: 3 0x8000e220 (0xef01)
core   0: 0x8000e238 (0x000008b2) c.slli  a7, 12
core   0: 3 0x8000e238 (0x08b2) x17 0x25e8e000
core   0: 0x8000e23a (0x40cada13) srai    s4, s5, 12
core   0: 3 0x8000e23a (0x40cada13) x20 0xfff80029
core   0: 0x8000e23e (0x000080b1) c.srli  s1, 12
core   0: 3 0x8000e23e (0x80b1) x 9 0x00000000
core   0: 0x8000e240 (0x035f9063) bne     t6, s5, pc + 32
core   0: 3 0x8000e240 (0x035f9063)
core   0: 0x8000e260 (0x0ff0000f) fence   iorw,iorw
core   0: 3 0x8000e260 (0x0ff0000f)
core   0: 0x8000e264 (0x00000f2e) c.slli  t5, 11
core   0: 3 0x8000e264 (0x0f2e) x30 0x01000000
core   0: 0x8000e266 (0x00008f25) c.xor   a4, s1
core   0: 3 0x8000e266 (0x8f25) x14 0x80029ce4
core   0: 0x8000e268 (0x00ea5213) srli    tp, s4, 14
core   0: 3 0x8000e268 (0x00ea5213) x 4 0x0003ffe0
core   0: 0x8000e26c (0x40f700b3) sub     ra, a4, a5
core   0: 3 0x8000e26c (0x40f700b3) x 1 0x80029c3e
core   0: 0x8000e270 (0x00b09bb3) sll     s7, ra, a1
core   0: 3 0x8000e270 (0x00b09bb3) x23 0x14e1f000
core   0: 0x8000e274 (0x0ff0000f) fence   iorw,iorw
core   0: 3 0x8000e274 (0x0ff0000f)
core   0: 0x8000e278 (0x00000e3e) c.slli  t3, 15
core   0: 3 0x8000e278 (0x0e3e) x28 0xb3838000
core   0: 0x8000e27a (0x03bbe563) bltu    s7, s11, pc + 42
core   0: 3 0x8000e27a (0x03bbe563)
core   0: 0x8000e2a4 (0x00008de5) c.and   a1, s1
core   0: 3 0x8000e2a4 (0x8de5) x11 0x00000000
core   0: 0x8000e2a6 (0x0006c0b3) xor     ra, a3, zero
core   0: 3 0x8000e2a6 (0x0006c0b3) x 1 0x000003ee
core   0: 0x8000e2aa (0x00000d36) c.slli  s10, 13
core   0: 3 0x8000e2aa (0x0d36) x26 0x00600000
core   0: 0x8000e2ac (0x9b172213) slti    tp, a4, -1615
core   0: 3 0x8000e2ac (0x9b172213) x 4 0x00000001
core   0: 0x8000e2b0 (0x001b6293) ori     t0, s6, 1
core   0: 3 0x8000e2b0 (0x001b6293) x 5 0x0000010b
core   0: 0x8000e2b4 (0x6a04d117) auipc   sp, 0x6a04d
core   0: 3 0x8000e2b4 (0x6a04d117) x 2 0xea05b2b4
core   0: 0x8000e2b8 (0x0133d8b3) srl     a7, t2, s3
core   0: 3 0x8000e2b8 (0x0133d8b3) x17 0x00000000
core   0: 0x8000e2bc (0x03c37f33) remu    t5, t1, t3
core   0: 3 0x8000e2bc (0x03c37f33) x30 0x00000001
core   0: 0x8000e2c0 (0x02b49ab3) mulh    s5, s1, a1
core   0: 3 0x8000e2c0 (0x02b49ab3) x21 0x00000000
core   0: 0x8000e2c4 (0x0294ba33) mulhu   s4, s1, s1
core   0: 3 0x8000e2c4 (0x0294ba33) x20 0x00000000
core   0: 0x8000e2c8 (0x0024e3b3) or      t2, s1, sp
core   0: 3 0x8000e2c8 (0x0024e3b3) x 7 0xea05b2b4
core   0: 0x8000e2cc (0x00006425) c.lui   s0, 0x9
core   0: 3 0x8000e2cc (0x6425) x 8 0x00009000
core   0: 0x8000e2ce (0x020d1233) mulh    tp, s10, zero
core   0: 3 0x8000e2ce (0x020d1233) x 4 0x00000000
core   0: 0x8000e2d2 (0x0000933e) c.add   t1, a5
core   0: 3 0x8000e2d2 (0x933e) x 6 0x000000a7
core   0: 0x8000e2d4 (0x83acf117) auipc   sp, 0x83acf
core   0: 3 0x8000e2d4 (0x83acf117) x 2 0x03add2d4
core   0: 0x8000e2d8 (0x00006329) c.lui   t1, 0xa
core   0: 3 0x8000e2d8 (0x6329) x 6 0x0000a000
core   0: 0x8000e2da (0x029ca4b3) mulhsu  s1, s9, s1
core   0: 3 0x8000e2da (0x029ca4b3) x 9 0x00000000
core   0: 0x8000e2de (0x0000041d) c.addi  s0, 7
core   0: 3 0x8000e2de (0x041d) x 8 0x00009007
core   0: 0x8000e2e0 (0xdb918fb7) lui     t6, 0xdb918
core   0: 3 0x8000e2e0 (0xdb918fb7) x31 0xdb918000
core   0: 0x8000e2e4 (0x00008f6d) c.and   a4, a1
core   0: 3 0x8000e2e4 (0x8f6d) x14 0x00000000
core   0: 0x8000e2e6 (0x00009d2e) c.add   s10, a1
core   0: 3 0x8000e2e6 (0x9d2e) x26 0x00600000
core   0: 0x8000e2e8 (0x00521113) slli    sp, tp, 5
core   0: 3 0x8000e2e8 (0x00521113) x 2 0x00000000
core   0: 0x8000e2ec (0x40335813) srai    a6, t1, 3
core   0: 3 0x8000e2ec (0x40335813) x16 0x00001400
core   0: 0x8000e2f0 (0x0308ecb3) rem     s9, a7, a6
core   0: 3 0x8000e2f0 (0x0308ecb3) x25 0x00000000
core   0: 0x8000e2f4 (0x00008cf5) c.and   s1, a3
core   0: 3 0x8000e2f4 (0x8cf5) x 9 0x00000000
core   0: 0x8000e2f6 (0x00008b69) c.andi  a4, 26
core   0: 3 0x8000e2f6 (0x8b69) x14 0x00000000
core   0: 0x8000e2f8 (0x01ead863) bge     s5, t5, pc + 16
core   0: 3 0x8000e2f8 (0x01ead863)
core   0: 0x8000e2fc (0x00000001) c.nop
core   0: 3 0x8000e2fc (0x0001)
core   0: 0x8000e2fe (0x09c6c313) xori    t1, a3, 156
core   0: 3 0x8000e2fe (0x09c6c313) x 6 0x00000372
core   0: 0x8000e302 (0xb69a2893) slti    a7, s4, -1175
core   0: 3 0x8000e302 (0xb69a2893) x17 0x00000000
core   0: 0x8000e306 (0x00000001) c.nop
core   0: 3 0x8000e306 (0x0001)
core   0: 0x8000e308 (0x01f39d33) sll     s10, t2, t6
core   0: 3 0x8000e308 (0x01f39d33) x26 0xea05b2b4
core   0: 0x8000e30c (0x00008591) c.srai  a1, 4
core   0: 3 0x8000e30c (0x8591) x11 0x00000000
core   0: 0x8000e30e (0x00000918) c.addi4spn a4, sp, 144
core   0: 3 0x8000e30e (0x0918) x14 0x00000090
core   0: 0x8000e310 (0x00006265) c.lui   tp, 0x19
core   0: 3 0x8000e310 (0x6265) x 4 0x00019000
core   0: 0x8000e312 (0x00462303) lw      t1, 4(a2)
core   0: 3 0x8000e312 (0x00462303) x 6 0x80007120 mem 0x80025e40
core   0: 0x8000e316 (0x038eecb3) rem     s9, t4, s8
core   0: 3 0x8000e316 (0x038eecb3) x25 0x30000000
core   0: 0x8000e31a (0x02860613) addi    a2, a2, 40
core   0: 3 0x8000e31a (0x02860613) x12 0x80025e64
core   0: 0x8000e31e (0x00008b62) c.mv    s6, s8
core   0: 3 0x8000e31e (0x8b62) x22 0x00000000
core   0: 0x8000e320 (0x00d218b3) sll     a7, tp, a3
core   0: 3 0x8000e320 (0x00d218b3) x17 0x64000000
core   0: 0x8000e324 (0x00030f93) mv      t6, t1
core   0: 3 0x8000e324 (0x00030f93) x31 0x80007120
core   0: 0x8000e328 (0x00008f82) c.jr    t6
core   0: 3 0x8000e328 (0x8f82)
core   0: 0x80007120 (0x00008c95) c.sub   s1, a3
core   0: 3 0x80007120 (0x8c95) x 9 0xfffffc12
core   0: 0x80007122 (0x00abc763) blt     s7, a0, pc + 14
core   0: 3 0x80007122 (0x00abc763)
core   0: 0x80007126 (0x982fc193) xori    gp, t6, -1662
core   0: 3 0x80007126 (0x982fc193) x 3 0x7fff88a2
core   0: 0x8000712a (0x00008edd) c.or    a3, a5
core   0: 3 0x8000712a (0x8edd) x13 0x000003ee
core   0: 0x8000712c (0x0367fab3) remu    s5, a5, s6
core   0: 3 0x8000712c (0x0367fab3) x21 0x000000a6
core   0: 0x80007130 (0x034f59b3) divu    s3, t5, s4
core   0: 3 0x80007130 (0x034f59b3) x19 0xffffffff
core   0: 0x80007134 (0x00008319) c.srli  a4, 6
core   0: 3 0x80007134 (0x8319) x14 0x00000002
core   0: 0x80007136 (0x028eb1b3) mulhu   gp, t4, s0
core   0: 3 0x80007136 (0x028eb1b3) x 3 0x00001b01
core   0: 0x8000713a (0x0000803d) c.srli  s0, 15
core   0: 3 0x8000713a (0x803d) x 8 0x00000001
core   0: 0x8000713c (0x00008f75) c.and   a4, a3
core   0: 3 0x8000713c (0x8f75) x14 0x00000002
core   0: 0x8000713e (0x010b5333) srl     t1, s6, a6
core   0: 3 0x8000713e (0x010b5333) x 6 0x00000000
core   0: 0x80007142 (0x00f018b3) sll     a7, zero, a5
core   0: 3 0x80007142 (0x00f018b3) x17 0x00000000
core   0: 0x80007146 (0x405c56b3) sra     a3, s8, t0
core   0: 3 0x80007146 (0x405c56b3) x13 0x00000000
core   0: 0x8000714a (0x00fa9717) auipc   a4, 0xfa9
core   0: 3 0x8000714a (0x00fa9717) x14 0x80fb014a
core   0: 0x8000714e (0x00008cb9) c.xor   s1, a4
core   0: 3 0x8000714e (0x8cb9) x 9 0x7f04fd58
core   0: 0x80007150 (0x0000100f) fence.i
core   0: 3 0x80007150 (0x0000100f)
core   0: 0x80007154 (0x03b8e5b3) rem     a1, a7, s11
core   0: 3 0x80007154 (0x03b8e5b3) x11 0x00000000
core   0: 0x80007158 (0x001b1d63) bne     s6, ra, pc + 26
core   0: 3 0x80007158 (0x001b1d63)
core   0: 0x80007172 (0x0000959e) c.add   a1, t2
core   0: 3 0x80007172 (0x959e) x11 0xea05b2b4
core   0: 0x80007174 (0xab1db813) sltiu   a6, s11, -1359
core   0: 3 0x80007174 (0xab1db813) x16 0x00000001
core   0: 0x80007178 (0x01011413) slli    s0, sp, 16
core   0: 3 0x80007178 (0x01011413) x 8 0x00000000
core   0: 0x8000717c (0xc18bb213) sltiu   tp, s7, -1000
core   0: 3 0x8000717c (0xc18bb213) x 4 0x00000001
core   0: 0x80007180 (0x0021cf63) blt     gp, sp, pc + 30
core   0: 3 0x80007180 (0x0021cf63)
core   0: 0x80007184 (0x00000425) c.addi  s0, 9
core   0: 3 0x80007184 (0x0425) x 8 0x00000009
core   0: 0x80007186 (0x01c0d993) srli    s3, ra, 28
core   0: 3 0x80007186 (0x01c0d993) x19 0x00000000
core   0: 0x8000718a (0x01cd3e33) sltu    t3, s10, t3
core   0: 3 0x8000718a (0x01cd3e33) x28 0x00000000
core   0: 0x8000718e (0x00008efd) c.and   a3, a5
core   0: 3 0x8000718e (0x8efd) x13 0x00000000
core   0: 0x80007190 (0x026d0f33) mul     t5, s10, t1
core   0: 3 0x80007190 (0x026d0f33) x30 0x00000000
core   0: 0x80007194 (0x00000001) c.nop
core   0: 3 0x80007194 (0x0001)
core   0: 0x80007196 (0x0000041a) c.slli  s0, 6
core   0: 3 0x80007196 (0x041a) x 8 0x00000240
core   0: 0x80007198 (0x52cd1297) auipc   t0, 0x52cd1
core   0: 3 0x80007198 (0x52cd1297) x 5 0xd2cd8198
core   0: 0x8000719c (0x00008db5) c.xor   a1, a3
core   0: 3 0x8000719c (0x8db5) x11 0xea05b2b4
core   0: 0x8000719e (0x0000674d) c.lui   a4, 0x13
core   0: 3 0x8000719e (0x674d) x14 0x00013000
core   0: 0x800071a0 (0x30da5417) auipc   s0, 0x30da5
core   0: 3 0x800071a0 (0x30da5417) x 8 0xb0dac1a0
core   0: 0x800071a4 (0x41fadfb3) sra     t6, s5, t6
core   0: 3 0x800071a4 (0x41fadfb3) x31 0x000000a6
core   0: 0x800071a8 (0x00001318) c.addi4spn a4, sp, 416
core   0: 3 0x800071a8 (0x1318) x14 0x000001a0
core   0: 0x800071aa (0x000000b1) c.addi  ra, 12
core   0: 3 0x800071aa (0x00b1) x 1 0x000003fa
core   0: 0x800071ac (0x00001680) c.addi4spn s0, sp, 864
core   0: 3 0x800071ac (0x1680) x 8 0x00000360
core   0: 0x800071ae (0x01f68263) beq     a3, t6, pc + 4
core   0: 3 0x800071ae (0x01f68263)
core   0: 0x800071b2 (0x03b5c8b3) div     a7, a1, s11
core   0: 3 0x800071b2 (0x03b5c8b3) x17 0x00000000
core   0: 0x800071b6 (0x00009792) c.add   a5, tp
core   0: 3 0x800071b6 (0x9792) x15 0x000000a7
core   0: 0x800071b8 (0x01a90a63) beq     s2, s10, pc + 20
core   0: 3 0x800071b8 (0x01a90a63)
core   0: 0x800071bc (0x01573ab3) sltu    s5, a4, s5
core   0: 3 0x800071bc (0x01573ab3) x21 0x00000000
core   0: 0x800071c0 (0x00008011) c.srli  s0, 4
core   0: 3 0x800071c0 (0x8011) x 8 0x00000036
core   0: 0x800071c2 (0x00000861) c.addi  a6, 24
core   0: 3 0x800071c2 (0x0861) x16 0x00000019
core   0: 0x800071c4 (0x0178fd63) bgeu    a7, s7, pc + 26
core   0: 3 0x800071c4 (0x0178fd63)
core   0: 0x800071c8 (0x00000001) c.nop
core   0: 3 0x800071c8 (0x0001)
core   0: 0x800071ca (0x00001600) c.addi4spn s0, sp, 800
core   0: 3 0x800071ca (0x1600) x 8 0x00000320
core   0: 0x800071cc (0x41b68733) sub     a4, a3, s11
core   0: 3 0x800071cc (0x41b68733) x14 0xbdbd1e6c
core   0: 0x800071d0 (0x01d57263) bgeu    a0, t4, pc + 4
core   0: 3 0x800071d0 (0x01d57263)
core   0: 0x800071d4 (0x41420233) sub     tp, tp, s4
core   0: 3 0x800071d4 (0x41420233) x 4 0x00000001
core   0: 0x800071d8 (0x03e64033) div     zero, a2, t5
core   0: 3 0x800071d8 (0x03e64033)
core   0: 0x800071dc (0x00008eb9) c.xor   a3, a4
core   0: 3 0x800071dc (0x8eb9) x13 0xbdbd1e6c
core   0: 0x800071de (0x407ed213) srai    tp, t4, 7
core   0: 3 0x800071de (0x407ed213) x 4 0x00600000
core   0: 0x800071e2 (0xa4fe1117) auipc   sp, 0xa4fe1
core   0: 3 0x800071e2 (0xa4fe1117) x 2 0x24fe81e2
core   0: 0x800071e6 (0x00000efd) c.addi  t4, 31
core   0: 3 0x800071e6 (0x0efd) x29 0x3000001f
core   0: 0x800071e8 (0xef22ba13) sltiu   s4, t0, -270
core   0: 3 0x800071e8 (0xef22ba13) x20 0x00000001
core   0: 0x800071ec (0x01c756b3) srl     a3, a4, t3
core   0: 3 0x800071ec (0x01c756b3) x13 0xbdbd1e6c
core   0: 0x800071f0 (0x0ff0000f) fence   iorw,iorw
core   0: 3 0x800071f0 (0x0ff0000f)
core   0: 0x800071f4 (0x9aa4a913) slti    s2, s1, -1622
core   0: 3 0x800071f4 (0x9aa4a913) x18 0x00000000
core   0: 0x800071f8 (0x1b7ab237) lui     tp, 0x1b7ab
core   0: 3 0x800071f8 (0x1b7ab237) x 4 0x1b7ab000
core   0: 0x800071fc (0x0000018c) c.addi4spn a1, sp, 192
core   0: 3 0x800071fc (0x018c) x11 0x24fe82a2
core   0: 0x800071fe (0x00004465) c.li    s0, 25
core   0: 3 0x800071fe (0x4465) x 8 0x00000019
core   0: 0x80007200 (0x018fa5b3) slt     a1, t6, s8
core   0: 3 0x80007200 (0x018fa5b3) x11 0x00000000
core   0: 0x80007204 (0x00008de1) c.and   a1, s0
core   0: 3 0x80007204 (0x8de1) x11 0x00000000
core   0: 0x80007206 (0x0ff0000f) fence   iorw,iorw
core   0: 3 0x80007206 (0x0ff0000f)
core   0: 0x8000720a (0x00009476) c.add   s0, t4
core   0: 3 0x8000720a (0x9476) x 8 0x30000038
core   0: 0x8000720c (0x00000580) c.addi4spn s0, sp, 704
core   0: 3 0x8000720c (0x0580) x 8 0x24fe84a2
core   0: 0x8000720e (0x039a8f63) beq     s5, s9, pc + 62
core   0: 3 0x8000720e (0x039a8f63)
core   0: 0x80007212 (0x0365eeb3) rem     t4, a1, s6
core   0: 3 0x80007212 (0x0365eeb3) x29 0x00000000
core   0: 0x80007216 (0x3da97d13) andi    s10, s2, 986
core   0: 3 0x80007216 (0x3da97d13) x26 0x00000000
core   0: 0x8000721a (0x00004695) c.li    a3, 5
core   0: 3 0x8000721a (0x4695) x13 0x00000005
core   0: 0x8000721c (0x00a51813) slli    a6, a0, 10
core   0: 3 0x8000721c (0x00a51813) x16 0x0a739000
core   0: 0x80007220 (0x417d52b3) sra     t0, s10, s7
core   0: 3 0x80007220 (0x417d52b3) x 5 0x00000000
core   0: 0x80007224 (0x00009b7d) c.andi  a4, -1
core   0: 3 0x80007224 (0x9b7d) x14 0xbdbd1e6c
core   0: 0x80007226 (0x007ba4b3) slt     s1, s7, t2
core   0: 3 0x80007226 (0x007ba4b3) x 9 0x00000000
core   0: 0x8000722a (0x61694cb7) lui     s9, 0x61694
core   0: 3 0x8000722a (0x61694cb7) x25 0x61694000
core   0: 0x8000722e (0x6ff7cb93) xori    s7, a5, 1791
core   0: 3 0x8000722e (0x6ff7cb93) x23 0x00000658
core   0: 0x80007232 (0x02d76463) bltu    a4, a3, pc + 40
core   0: 3 0x80007232 (0x02d76463)
core   0: 0x80007236 (0x00009afd) c.andi  a3, -1
core   0: 3 0x80007236 (0x9afd) x13 0x00000005
core   0: 0x80007238 (0x014d1863) bne     s10, s4, pc + 16
core   0: 3 0x80007238 (0x014d1863)
core   0: 0x80007248 (0x4019de13) srai    t3, s3, 1
core   0: 3 0x80007248 (0x4019de13) x28 0x00000000
core   0: 0x8000724c (0x36f84a13) xori    s4, a6, 879
core   0: 3 0x8000724c (0x36f84a13) x20 0x0a73936f
core   0: 0x80007250 (0x027f0cb3) mul     s9, t5, t2
core   0: 3 0x80007250 (0x027f0cb3) x25 0x00000000
core   0: 0x80007254 (0x000081dd) c.srli  a1, 23
core   0: 3 0x80007254 (0x81dd) x11 0x00000000
core   0: 0x80007256 (0x0ff0000f) fence   iorw,iorw
core   0: 3 0x80007256 (0x0ff0000f)
core   0: 0x8000725a (0xc2832137) lui     sp, 0xc2832
core   0: 3 0x8000725a (0xc2832137) x 2 0xc2832000
core   0: 0x8000725e (0x03c192b3) mulh    t0, gp, t3
core   0: 3 0x8000725e (0x03c192b3) x 5 0x00000000
core   0: 0x80007262 (0x0ff0000f) fence   iorw,iorw
core   0: 3 0x80007262 (0x0ff0000f)
core   0: 0x80007266 (0x41365033) sra     zero, a2, s3
core   0: 3 0x80007266 (0x41365033)
core   0: 0x8000726a (0x00e556b3) srl     a3, a0, a4
core   0: 3 0x8000726a (0x00e556b3) x13 0x00080029
core   0: 0x8000726e (0x00001214) c.addi4spn a3, sp, 288
core   0: 3 0x8000726e (0x1214) x13 0xc2832120
core   0: 0x80007270 (0x02861063) bne     a2, s0, pc + 32
core   0: 3 0x80007270 (0x02861063)
core   0: 0x80007290 (0x00008cd9) c.or    s1, a4
core   0: 3 0x80007290 (0x8cd9) x 9 0xbdbd1e6c
core   0: 0x80007292 (0x028774b3) remu    s1, a4, s0
core   0: 3 0x80007292 (0x028774b3) x 9 0x04c48742
core   0: 0x80007296 (0xdc164b13) xori    s6, a2, -575
core   0: 3 0x80007296 (0xdc164b13) x22 0x7ffda3a5
core   0: 0x8000729a (0x013114b3) sll     s1, sp, s3
core   0: 3 0x8000729a (0x013114b3) x 9 0xc2832000
core   0: 0x8000729e (0xb9af3a93) sltiu   s5, t5, -1126
core   0: 3 0x8000729e (0xb9af3a93) x21 0x00000001
core   0: 0x800072a2 (0x0000717d) c.addi16sp sp, -16
core   0: 3 0x800072a2 (0x717d) x 2 0xc2831ff0
core   0: 0x800072a4 (0x6efdb717) auipc   a4, 0x6efdb
core   0: 3 0x800072a4 (0x6efdb717) x14 0xeefe22a4
core   0: 0x800072a8 (0x0000717d) c.addi16sp sp, -16
core   0: 3 0x800072a8 (0x717d) x 2 0xc2831fe0
core   0: 0x800072aa (0x0ff0000f) fence   iorw,iorw
core   0: 3 0x800072aa (0x0ff0000f)
core   0: 0x800072ae (0x4066d2b3) sra     t0, a3, t1
core   0: 3 0x800072ae (0x4066d2b3) x 5 0xc2832120
core   0: 0x800072b2 (0x003af7b3) and     a5, s5, gp
core   0: 3 0x800072b2 (0x003af7b3) x15 0x00000001
core   0: 0x800072b6 (0x01f19993) slli    s3, gp, 31
core   0: 3 0x800072b6 (0x01f19993) x19 0x80000000
core   0: 0x800072ba (0x02ebbd33) mulhu   s10, s7, a4
core   0: 3 0x800072ba (0x02ebbd33) x26 0x000005ec
core   0: 0x800072be (0x0070c363) blt     ra, t2, pc + 6
core   0: 3 0x800072be (0x0070c363)
core   0: 0x800072c2 (0x0000e315) c.bnez  a4, pc + 36
core   0: 3 0x800072c2 (0xe315)
core   0: 0x800072e6 (0x00689993) slli    s3, a7, 6
core   0: 3 0x800072e6 (0x00689993) x19 0x00000000
core   0: 0x800072ea (0x0061eab3) or      s5, gp, t1
core   0: 3 0x800072ea (0x0061eab3) x21 0x00001b01
core   0: 0x800072ee (0x013d5493) srli    s1, s10, 19
core   0: 3 0x800072ee (0x013d5493) x 9 0x00000000
core   0: 0x800072f2 (0x0000e791) c.bnez  a5, pc + 12
core   0: 3 0x800072f2 (0xe791)
core   0: 0x800072fe (0x023f67b3) rem     a5, t5, gp
core   0: 3 0x800072fe (0x023f67b3) x15 0x00000000
core   0: 0x80007302 (0x019d0663) beq     s10, s9, pc + 12
core   0: 3 0x80007302 (0x019d0663)
core   0: 0x80007306 (0x00a19a93) slli    s5, gp, 10
core   0: 3 0x80007306 (0x00a19a93) x21 0x006c0400
core   0: 0x8000730a (0x015a5f33) srl     t5, s4, s5
core   0: 3 0x8000730a (0x015a5f33) x30 0x0a73936f
core   0: 0x8000730e (0xfc214c93) xori    s9, sp, -62
core   0: 3 0x8000730e (0xfc214c93) x25 0x3d7ce022
core   0: 0x80007312 (0x00839813) slli    a6, t2, 8
core   0: 3 0x80007312 (0x00839813) x16 0x05b2b400
core   0: 0x80007316 (0x150d4c93) xori    s9, s10, 336
core   0: 3 0x80007316 (0x150d4c93) x25 0x000004bc
core   0: 0x8000731a (0x00008ebd) c.xor   a3, a5
core   0: 3 0x8000731a (0x8ebd) x13 0xc2832120
core   0: 0x8000731c (0x004c1d63) bne     s8, tp, pc + 26
core   0: 3 0x8000731c (0x004c1d63)
core   0: 0x80007336 (0x0188cab3) xor     s5, a7, s8
core   0: 3 0x80007336 (0x0188cab3) x21 0x00000000
core   0: 0x8000733a (0x0245ee33) rem     t3, a1, tp
core   0: 3 0x8000733a (0x0245ee33) x28 0x00000000
core   0: 0x8000733e (0x4095de93) srai    t4, a1, 9
core   0: 3 0x8000733e (0x4095de93) x29 0x00000000
core   0: 0x80007342 (0x014d8e33) add     t3, s11, s4
core   0: 3 0x80007342 (0x014d8e33) x28 0x4cb67503
core   0: 0x80007346 (0x97d02a93) slti    s5, zero, -1667
core   0: 3 0x80007346 (0x97d02a93) x21 0x00000000
core   0: 0x8000734a (0x00008d99) c.sub   a1, a4
core   0: 3 0x8000734a (0x8d99) x11 0x1101dd5c
core   0: 0x8000734c (0x003f4b33) xor     s6, t5, gp
core   0: 3 0x8000734c (0x003f4b33) x22 0x0a73886e
core   0: 0x80007350 (0xfc85b693) sltiu   a3, a1, -56
core   0: 3 0x80007350 (0xfc85b693) x13 0x00000001
core   0: 0x80007354 (0xd9cb3f13) sltiu   t5, s6, -612
core   0: 3 0x80007354 (0xd9cb3f13) x30 0x00000001
core   0: 0x80007358 (0x00c7b933) sltu    s2, a5, a2
core   0: 3 0x80007358 (0x00c7b933) x18 0x00000001
core   0: 0x8000735c (0x03d47463) bgeu    s0, t4, pc + 40
core   0: 3 0x8000735c (0x03d47463)
core   0: 0x80007384 (0x023eeeb3) rem     t4, t4, gp
core   0: 3 0x80007384 (0x023eeeb3) x29 0x00000000
core   0: 0x80007388 (0x00b16bb3) or      s7, sp, a1
core   0: 3 0x80007388 (0x00b16bb3) x23 0xd383dffc
core   0: 0x8000738c (0x00001a18) c.addi4spn a4, sp, 304
core   0: 3 0x8000738c (0x1a18) x14 0xc2832110
core   0: 0x8000738e (0x01edc133) xor     sp, s11, t5
core   0: 3 0x8000738e (0x01edc133) x 2 0x4242e195
core   0: 0x80007392 (0x003f5f63) bge     t5, gp, pc + 30
core   0: 3 0x80007392 (0x003f5f63)
core   0: 0x80007396 (0x00008715) c.srai  a4, 5
core   0: 3 0x80007396 (0x8715) x14 0xfe141908
core   0: 0x80007398 (0x0129aab3) slt     s5, s3, s2
core   0: 3 0x80007398 (0x0129aab3) x21 0x00000001
core   0: 0x8000739c (0x0000887d) c.andi  s0, 31
core   0: 3 0x8000739c (0x887d) x 8 0x00000002
core   0: 0x8000739e (0x0146f263) bgeu    a3, s4, pc + 4
core   0: 3 0x8000739e (0x0146f263)
core   0: 0x800073a2 (0x02132933) mulhsu  s2, t1, ra
core   0: 3 0x800073a2 (0x02132933) x18 0x00000000
core   0: 0x800073a6 (0x00000001) c.nop
core   0: 3 0x800073a6 (0x0001)
core   0: 0x800073a8 (0x000043e9) c.li    t2, 26
core   0: 3 0x800073a8 (0x43e9) x 7 0x0000001a
core   0: 0x800073aa (0x00004ee1) c.li    t4, 24
core   0: 3 0x800073aa (0x4ee1) x29 0x00000018
core   0: 0x800073ac (0xd2c34393) xori    t2, t1, -724
core   0: 3 0x800073ac (0xd2c34393) x 7 0xfffffd2c
core   0: 0x800073b0 (0x00008f11) c.sub   a4, a2
core   0: 3 0x800073b0 (0x8f11) x14 0x7e11baa4
core   0: 0x800073b2 (0x00000a8e) c.slli  s5, 3
core   0: 3 0x800073b2 (0x0a8e) x21 0x00000008
core   0: 0x800073b4 (0x00008d95) c.sub   a1, a3
core   0: 3 0x800073b4 (0x8d95) x11 0x1101dd5b
core   0: 0x800073b6 (0x00008c22) c.mv    s8, s0
core   0: 3 0x800073b6 (0x8c22) x24 0x00000002
core   0: 0x800073b8 (0xda780b93) addi    s7, a6, -601
core   0: 3 0x800073b8 (0xda780b93) x23 0x05b2b1a7
core   0: 0x800073bc (0x0000eb11) c.bnez  a4, pc + 20
core   0: 3 0x800073bc (0xeb11)
core   0: 0x800073d0 (0x0febd263) bge     s7, t5, pc + 228
core   0: 3 0x800073d0 (0x0febd263)
core   0: 0x800074b4 (0x00008cb1) c.xor   s1, a2
core   0: 3 0x800074b4 (0x8cb1) x 9 0x80025e64
core   0: 0x800074b6 (0xad318413) addi    s0, gp, -1325
core   0: 3 0x800074b6 (0xad318413) x 8 0x000015d4
core   0: 0x800074ba (0x00167333) and     t1, a2, ra
core   0: 3 0x800074ba (0x00167333) x 6 0x00000260
core   0: 0x800074be (0x402d81b3) sub     gp, s11, sp
core   0: 3 0x800074be (0x402d81b3) x 3 0xffffffff
core   0: 0x800074c2 (0x000083e9) c.srli  a5, 26
core   0: 3 0x800074c2 (0x83e9) x15 0x00000000
core   0: 0x800074c4 (0x03e91433) mulh    s0, s2, t5
core   0: 3 0x800074c4 (0x03e91433) x 8 0x00000000
core   0: 0x800074c8 (0x0341da33) divu    s4, gp, s4
core   0: 3 0x800074c8 (0x0341da33) x20 0x00000018
core   0: 0x800074cc (0x01f66d33) or      s10, a2, t6
core   0: 3 0x800074cc (0x01f66d33) x26 0x80025ee6
core   0: 0x800074d0 (0x00000001) c.nop
core   0: 3 0x800074d0 (0x0001)
core   0: 0x800074d2 (0x0281fb33) remu    s6, gp, s0
core   0: 3 0x800074d2 (0x0281fb33) x22 0xffffffff
core   0: 0x800074d6 (0x00009b7d) c.andi  a4, -1
core   0: 3 0x800074d6 (0x9b7d) x14 0x7e11baa4
core   0: 0x800074d8 (0xb44f0713) addi    a4, t5, -1212
core   0: 3 0x800074d8 (0xb44f0713) x14 0xfffffb45
core   0: 0x800074dc (0x00c05f93) srli    t6, zero, 12
core   0: 3 0x800074dc (0x00c05f93) x31 0x00000000
core   0: 0x800074e0 (0x415d8433) sub     s0, s11, s5
core   0: 3 0x800074e0 (0x415d8433) x 8 0x4242e18c
core   0: 0x800074e4 (0x409e09b3) sub     s3, t3, s1
core   0: 3 0x800074e4 (0x409e09b3) x19 0xccb4169f
core   0: 0x800074e8 (0x0273c033) div     zero, t2, t2
core   0: 3 0x800074e8 (0x0273c033)
core   0: 0x800074ec (0x00006175) c.addi16sp sp, 368
core   0: 3 0x800074ec (0x6175) x 2 0x4242e305
core   0: 0x800074ee (0x00e16863) bltu    sp, a4, pc + 16
core   0: 3 0x800074ee (0x00e16863)
core   0: 0x800074fe (0x03ff4733) div     a4, t5, t6
core   0: 3 0x800074fe (0x03ff4733) x14 0xffffffff
core   0: 0x80007502 (0x0000c719) c.beqz  a4, pc + 14
core   0: 3 0x80007502 (0xc719)
core   0: 0x80007504 (0x02bb6463) bltu    s6, a1, pc + 40
core   0: 3 0x80007504 (0x02bb6463)
core   0: 0x80007508 (0x0221b933) mulhu   s2, gp, sp
core   0: 3 0x80007508 (0x0221b933) x18 0x4242e304
core   0: 0x8000750c (0x01504b33) xor     s6, zero, s5
core   0: 3 0x8000750c (0x01504b33) x22 0x00000008
core   0: 0x80007510 (0x00842033) slt     zero, s0, s0
core   0: 3 0x80007510 (0x00842033)
core   0: 0x80007514 (0x014ad313) srli    t1, s5, 20
core   0: 3 0x80007514 (0x014ad313) x 6 0x00000000
core   0: 0x80007518 (0x0000717d) c.addi16sp sp, -16
core   0: 3 0x80007518 (0x717d) x 2 0x4242e2f5
core   0: 0x8000751a (0x0ff0000f) fence   iorw,iorw
core   0: 3 0x8000751a (0x0ff0000f)
core   0: 0x8000751e (0x02dfdd33) divu    s10, t6, a3
core   0: 3 0x8000751e (0x02dfdd33) x26 0x00000000
core   0: 0x80007522 (0x0000100f) fence.i
core   0: 3 0x80007522 (0x0000100f)
core   0: 0x80007526 (0x00008de9) c.and   a1, a0
core   0: 3 0x80007526 (0x8de9) x11 0x00009c40
core   0: 0x80007528 (0x03e65333) divu    t1, a2, t5
core   0: 3 0x80007528 (0x03e65333) x 6 0x80025e64
core   0: 0x8000752c (0x6283e793) ori     a5, t2, 1576
core   0: 3 0x8000752c (0x6283e793) x15 0xffffff2c
core   0: 0x80007530 (0x01342213) slti    tp, s0, 19
core   0: 3 0x80007530 (0x01342213) x 4 0x00000000
core   0: 0x80007534 (0x008ea433) slt     s0, t4, s0
core   0: 3 0x80007534 (0x008ea433) x 8 0x00000001
core   0: 0x80007538 (0x011c1033) sll     zero, s8, a7
core   0: 3 0x80007538 (0x011c1033)
core   0: 0x8000753c (0x9650e093) ori     ra, ra, -1691
core   0: 3 0x8000753c (0x9650e093) x 1 0xfffffbff
core   0: 0x80007540 (0x000082fd) c.srli  a3, 31
core   0: 3 0x80007540 (0x82fd) x13 0x00000000
core   0: 0x80007542 (0x00261713) slli    a4, a2, 2
core   0: 3 0x80007542 (0x00261713) x14 0x00097990
core   0: 0x80007546 (0x00008df1) c.and   a1, a2
core   0: 3 0x80007546 (0x8df1) x11 0x00001c40
core   0: 0x80007548 (0x0000e199) c.bnez  a1, pc + 6
core   0: 3 0x80007548 (0xe199)
core   0: 0x8000754e (0x5b6cf713) andi    a4, s9, 1462
core   0: 3 0x8000754e (0x5b6cf713) x14 0x000004b4
core   0: 0x80007552 (0x00008311) c.srli  a4, 4
core   0: 3 0x80007552 (0x8311) x14 0x0000004b
core   0: 0x80007554 (0x03dd5433) divu    s0, s10, t4
core   0: 3 0x80007554 (0x03dd5433) x 8 0x00000000
core   0: 0x80007558 (0x01d00463) beq     zero, t4, pc + 8
core   0: 3 0x80007558 (0x01d00463)
core   0: 0x8000755c (0x01585233) srl     tp, a6, s5
core   0: 3 0x8000755c (0x01585233) x 4 0x0005b2b4
core   0: 0x80007560 (0x00008c55) c.or    s0, a3
core   0: 3 0x80007560 (0x8c55) x 8 0x00000000
core   0: 0x80007562 (0x0000809d) c.srli  s1, 7
core   0: 3 0x80007562 (0x809d) x 9 0x010004bc
core   0: 0x80007564 (0x020602b3) mul     t0, a2, zero
core   0: 3 0x80007564 (0x020602b3) x 5 0x00000000
core   0: 0x80007568 (0x0000830e) c.mv    t1, gp
core   0: 3 0x80007568 (0x830e) x 6 0xffffffff
core   0: 0x8000756a (0x0000080c) c.addi4spn a1, sp, 16
core   0: 3 0x8000756a (0x080c) x11 0x4242e305
core   0: 0x8000756c (0x00000a0d) c.addi  s4, 3
core   0: 3 0x8000756c (0x0a0d) x20 0x0000001b
core   0: 0x8000756e (0x00008f35) c.xor   a4, a3
core   0: 3 0x8000756e (0x8f35) x14 0x0000004b
core   0: 0x80007570 (0x00006129) c.addi16sp sp, 192
core   0: 3 0x80007570 (0x6129) x 2 0x4242e3b5
core   0: 0x80007572 (0x419bdb33) sra     s6, s7, s9
core   0: 3 0x80007572 (0x419bdb33) x22 0x00000000
core   0: 0x80007576 (0x00006099) c.lui   ra, 0x6
core   0: 3 0x80007576 (0x6099) x 1 0x00006000
core   0: 0x80007578 (0xf29fef93) ori     t6, t6, -215
core   0: 3 0x80007578 (0xf29fef93) x31 0xffffff29
core   0: 0x8000757c (0x00863433) sltu    s0, a2, s0
core   0: 3 0x8000757c (0x00863433) x 8 0x00000000
core   0: 0x80007580 (0x00c81363) bne     a6, a2, pc + 6
core   0: 3 0x80007580 (0x00c81363)
core   0: 0x80007586 (0x00008c95) c.sub   s1, a3
core   0: 3 0x80007586 (0x8c95) x 9 0x010004bc
core   0: 0x80007588 (0x01410333) add     t1, sp, s4
core   0: 3 0x80007588 (0x01410333) x 6 0x4242e3d0
core   0: 0x8000758c (0x00009f1e) c.add   t5, t2
core   0: 3 0x8000758c (0x9f1e) x30 0xfffffd2d
core   0: 0x8000758e (0x02209463) bne     ra, sp, pc + 40
core   0: 3 0x8000758e (0x02209463)
core   0: 0x800075b6 (0x0000e405) c.bnez  s0, pc + 40
core   0: 3 0x800075b6 (0xe405)
core   0: 0x800075b8 (0x01328433) add     s0, t0, s3
core   0: 3 0x800075b8 (0x01328433) x 8 0xccb4169f
core   0: 0x800075bc (0x03065cb3) divu    s9, a2, a6
core   0: 3 0x800075bc (0x03065cb3) x25 0x00000016
core   0: 0x800075c0 (0x00008b09) c.andi  a4, 2
core   0: 3 0x800075c0 (0x8b09) x14 0x00000002
core   0: 0x800075c2 (0x00459293) slli    t0, a1, 4
core   0: 3 0x800075c2 (0x00459293) x 5 0x242e3050
core   0: 0x800075c6 (0x03e34133) div     sp, t1, t5
core   0: 3 0x800075c6 (0x03e34133) x 2 0xffe889c7
core   0: 0x800075ca (0x00008fc1) c.or    a5, s0
core   0: 3 0x800075ca (0x8fc1) x15 0xffffffbf
core   0: 0x800075cc (0x038a7e33) remu    t3, s4, s8
core   0: 3 0x800075cc (0x038a7e33) x28 0x00000001
core   0: 0x800075d0 (0x0000871a) c.mv    a4, t1
core   0: 3 0x800075d0 (0x871a) x14 0x4242e3d0
core   0: 0x800075d2 (0x020a4893) xori    a7, s4, 32
core   0: 3 0x800075d2 (0x020a4893) x17 0x0000003b
core   0: 0x800075d6 (0x02d6f933) remu    s2, a3, a3
core   0: 3 0x800075d6 (0x02d6f933) x18 0x00000000
core   0: 0x800075da (0x00611433) sll     s0, sp, t1
core   0: 3 0x800075da (0x00611433) x 8 0x89c70000
core   0: 0x800075de (0xb7d6f013) andi    zero, a3, -1155
core   0: 3 0x800075de (0xb7d6f013)
core   0: 0x800075e2 (0x409b5013) srai    zero, s6, 9
core   0: 3 0x800075e2 (0x409b5013)
core   0: 0x800075e6 (0x00008f35) c.xor   a4, a3
core   0: 3 0x800075e6 (0x8f35) x14 0x4242e3d0
core   0: 0x800075e8 (0x037e1c33) mulh    s8, t3, s7
core   0: 3 0x800075e8 (0x037e1c33) x24 0x00000000
core   0: 0x800075ec (0x01f410b3) sll     ra, s0, t6
core   0: 3 0x800075ec (0x01f410b3) x 1 0x8e000000
core   0: 0x800075f0 (0x019f5b93) srli    s7, t5, 25
core   0: 3 0x800075f0 (0x019f5b93) x23 0x0000007f
core   0: 0x800075f4 (0x410ad713) srai    a4, s5, 16
core   0: 3 0x800075f4 (0x410ad713) x14 0x00000000
core   0: 0x800075f8 (0x41a0d713) srai    a4, ra, 26
core   0: 3 0x800075f8 (0x41a0d713) x14 0xffffffe3
core   0: 0x800075fc (0x0000e595) c.bnez  a1, pc + 44
core   0: 3 0x800075fc (0xe595)
core   0: 0x80007628 (0x01cc8763) beq     s9, t3, pc + 14
core   0: 3 0x80007628 (0x01cc8763)
core   0: 0x8000762c (0x0000100f) fence.i
core   0: 3 0x8000762c (0x0000100f)
core   0: 0x80007630 (0x00008ee9) c.and   a3, a0
core   0: 3 0x80007630 (0x8ee9) x13 0x00000000
core   0: 0x80007632 (0x011579b3) and     s3, a0, a7
core   0: 3 0x80007632 (0x011579b3) x19 0x00000020
core   0: 0x80007636 (0x03891063) bne     s2, s8, pc + 32
core   0: 3 0x80007636 (0x03891063)
core   0: 0x8000763a (0x00f5c3b3) xor     t2, a1, a5
core   0: 3 0x8000763a (0x00f5c3b3) x 7 0xbdbd1cba
core   0: 0x8000763e (0x01335c63) bge     t1, s3, pc + 24
core   0: 3 0x8000763e (0x01335c63)
core   0: 0x80007656 (0x0ff0000f) fence   iorw,iorw
core   0: 3 0x80007656 (0x0ff0000f)
core   0: 0x8000765a (0x00009986) c.add   s3, ra
core   0: 3 0x8000765a (0x9986) x19 0x8e000020
core   0: 0x8000765c (0x0000920a) c.add   tp, sp
core   0: 3 0x8000765c (0x920a) x 4 0xffee3c7b
core   0: 0x8000765e (0xa2f17813) andi    a6, sp, -1489
core   0: 3 0x8000765e (0xa2f17813) x16 0xffe88807
core   0: 0x80007662 (0x00c21293) slli    t0, tp, 12
core   0: 3 0x80007662 (0x00c21293) x 5 0xe3c7b000
core   0: 0x80007666 (0x00152033) slt     zero, a0, ra
core   0: 3 0x80007666 (0x00152033)
core   0: 0x8000766a (0x03ef7a33) remu    s4, t5, t5
core   0: 3 0x8000766a (0x03ef7a33) x20 0x00000000
core   0: 0x8000766e (0x030b8663) beq     s7, a6, pc + 44
core   0: 3 0x8000766e (0x030b8663)
core   0: 0x80007672 (0x0033cc33) xor     s8, t2, gp
core   0: 3 0x80007672 (0x0033cc33) x24 0x4242e345
core   0: 0x80007676 (0x00008b8d) c.andi  a5, 3
core   0: 3 0x80007676 (0x8b8d) x15 0x00000003
core   0: 0x80007678 (0x007dd193) srli    gp, s11, 7
core   0: 3 0x80007678 (0x007dd193) x 3 0x008485c3
core   0: 0x8000767c (0x02911863) bne     sp, s1, pc + 48
core   0: 3 0x8000767c (0x02911863)
core   0: 0x800076ac (0x4179dd13) srai    s10, s3, 23
core   0: 3 0x800076ac (0x4179dd13) x26 0xffffff1c
core   0: 0x800076b0 (0x0000eb11) c.bnez  a4, pc + 20
core   0: 3 0x800076b0 (0xeb11)
core   0: 0x800076c4 (0x0000611d) c.addi16sp sp, 416
core   0: 3 0x800076c4 (0x611d) x 2 0xffe88b67
core   0: 0x800076c6 (0x00008acd) c.andi  a3, 19
core   0: 3 0x800076c6 (0x8acd) x13 0x00000000
core   0: 0x800076c8 (0x00060eb3) add     t4, a2, zero
core   0: 3 0x800076c8 (0x00060eb3) x29 0x80025e64
core   0: 0x800076cc (0x5501a9b7) lui     s3, 0x5501a
core   0: 3 0x800076cc (0x5501a9b7) x19 0x5501a000
core   0: 0x800076d0 (0x025c7c33) remu    s8, s8, t0
core   0: 3 0x800076d0 (0x025c7c33) x24 0x4242e345
core   0: 0x800076d4 (0x1d996f93) ori     t6, s2, 473
core   0: 3 0x800076d4 (0x1d996f93) x31 0x000001d9
core   0: 0x800076d8 (0x018bf563) bgeu    s7, s8, pc + 10
core   0: 3 0x800076d8 (0x018bf563)
core   0: 0x800076dc (0x03ff0c33) mul     s8, t5, t6
core   0: 3 0x800076dc (0x03ff0c33) x24 0xfffac825
core   0: 0x800076e0 (0x00004199) c.li    gp, 6
core   0: 3 0x800076e0 (0x4199) x 3 0x00000006
core   0: 0x800076e2 (0x02a81033) mulh    zero, a6, a0
core   0: 3 0x800076e2 (0x02a81033)
core   0: 0x800076e6 (0x011f5233) srl     tp, t5, a7
core   0: 3 0x800076e6 (0x011f5233) x 4 0x0000001f
core   0: 0x800076ea (0x00008ca1) c.xor   s1, s0
core   0: 3 0x800076ea (0x8ca1) x 9 0x88c704bc
core   0: 0x800076ec (0x0000717d) c.addi16sp sp, -16
core   0: 3 0x800076ec (0x717d) x 2 0xffe88b57
core   0: 0x800076ee (0x014aa333) slt     t1, s5, s4
core   0: 3 0x800076ee (0x014aa333) x 6 0x00000000
core   0: 0x800076f2 (0x0ff0000f) fence   iorw,iorw
core   0: 3 0x800076f2 (0x0ff0000f)
core   0: 0x800076f6 (0x00000001) c.nop
core   0: 3 0x800076f6 (0x0001)
core   0: 0x800076f8 (0x6796b713) sltiu   a4, a3, 1657
core   0: 3 0x800076f8 (0x6796b713) x14 0x00000001
core   0: 0x800076fc (0x000089b6) c.mv    s3, a3
core   0: 3 0x800076fc (0x89b6) x19 0x00000000
core   0: 0x800076fe (0x008741b3) xor     gp, a4, s0
core   0: 3 0x800076fe (0x008741b3) x 3 0x89c70001
core   0: 0x80007702 (0x0023fe33) and     t3, t2, sp
core   0: 3 0x80007702 (0x0023fe33) x28 0xbda80812
core   0: 0x80007706 (0x00008e89) c.sub   a3, a0
core   0: 3 0x80007706 (0x8e89) x13 0x7ffd631c
core   0: 0x80007708 (0x00008f4d) c.or    a4, a1
core   0: 3 0x80007708 (0x8f4d) x14 0x4242e305
core   0: 0x8000770a (0x00008c75) c.and   s0, a3
core   0: 3 0x8000770a (0x8c75) x 8 0x09c50000
core   0: 0x8000770c (0x7b6f6413) ori     s0, t5, 1974
core   0: 3 0x8000770c (0x7b6f6413) x 8 0xffffffbf
core   0: 0x80007710 (0x02ec1833) mulh    a6, s8, a4
core   0: 3 0x80007710 (0x02ec1833) x16 0xfffea63c
core   0: 0x80007714 (0x0000987d) c.andi  s0, -1
core   0: 3 0x80007714 (0x987d) x 8 0xffffffbf
core   0: 0x80007716 (0x0000187d) c.addi  a6, -1
core   0: 3 0x80007716 (0x187d) x16 0xfffea63b
core   0: 0x80007718 (0x00005bfd) c.li    s7, -1
core   0: 3 0x80007718 (0x5bfd) x23 0xffffffff
core   0: 0x8000771a (0x0329f263) bgeu    s3, s2, pc + 36
core   0: 3 0x8000771a (0x0329f263)
core   0: 0x8000773e (0x0000882e) c.mv    a6, a1
core   0: 3 0x8000773e (0x882e) x16 0x4242e305
core   0: 0x80007740 (0x41235b13) srai    s6, t1, 18
core   0: 3 0x80007740 (0x41235b13) x22 0x00000000
core   0: 0x80007744 (0x01204863) blt     zero, s2, pc + 16
core   0: 3 0x80007744 (0x01204863)
core   0: 0x80007748 (0x0ff0000f) fence   iorw,iorw
core   0: 3 0x80007748 (0x0ff0000f)
core   0: 0x8000774c (0x01a47933) and     s2, s0, s10
core   0: 3 0x8000774c (0x01a47933) x18 0xffffff1c
core   0: 0x80007750 (0xee3ef013) andi    zero, t4, -285
core   0: 3 0x80007750 (0xee3ef013)
core   0: 0x80007754 (0xe2876097) auipc   ra, 0xe2876
core   0: 3 0x80007754 (0xe2876097) x 1 0x6287d754
core   0: 0x80007758 (0x40f5d433) sra     s0, a1, a5
core   0: 3 0x80007758 (0x40f5d433) x 8 0x08485c60
core   0: 0x8000775c (0x0361c363) blt     gp, s6, pc + 38
core   0: 3 0x8000775c (0x0361c363)
core   0: 0x80007782 (0x03701233) mulh    tp, zero, s7
core   0: 3 0x80007782 (0x03701233) x 4 0x00000000
core   0: 0x80007786 (0x00008795) c.srai  a5, 5
core   0: 3 0x80007786 (0x8795) x15 0x00000000
core   0: 0x80007788 (0x0ff0000f) fence   iorw,iorw
core   0: 3 0x80007788 (0x0ff0000f)
core   0: 0x8000778c (0x0000c889) c.beqz  s1, pc + 18
core   0: 3 0x8000778c (0xc889)
core   0: 0x8000778e (0x00008ca9) c.xor   s1, a0
core   0: 3 0x8000778e (0x8ca9) x 9 0x08c59858
core   0: 0x80007790 (0x00008f75) c.and   a4, a3
core   0: 3 0x80007790 (0x8f75) x14 0x42406304
core   0: 0x80007792 (0x00008f05) c.sub   a4, s1
core   0: 3 0x80007792 (0x8f05) x14 0x397acaac
core   0: 0x80007794 (0x00008d91) c.sub   a1, a2
core   0: 3 0x80007794 (0x8d91) x11 0xc24084a1
core   0: 0x80007796 (0x021c7033) remu    zero, s8, ra
core   0: 3 0x80007796 (0x021c7033)
core   0: 0x8000779a (0x033c8f33) mul     t5, s9, s3
core   0: 3 0x8000779a (0x033c8f33) x30 0x00000000
core   0: 0x8000779e (0x0000c85d) c.beqz  s0, pc + 182
core   0: 3 0x8000779e (0xc85d)
core   0: 0x800077a0 (0x0000071c) c.addi4spn a5, sp, 896
core   0: 3 0x800077a0 (0x071c) x15 0xffe88ed7
core   0: 0x800077a2 (0x0a775463) bge     a4, t2, pc + 168
core   0: 3 0x800077a2 (0x0a775463)
core   0: 0x8000784a (0x00008c3d) c.xor   s0, a5
core   0: 3 0x8000784a (0x8c3d) x 8 0xf7a0d2b7
core   0: 0x8000784c (0xb5292113) slti    sp, s2, -1198
core   0: 3 0x8000784c (0xb5292113) x 2 0x00000000
core   0: 0x80007850 (0xfdf0ce97) auipc   t4, 0xfdf0c
core   0: 3 0x80007850 (0xfdf0ce97) x29 0x7df13850
core   0: 0x80007854 (0x018e3b33) sltu    s6, t3, s8
core   0: 3 0x80007854 (0x018e3b33) x22 0x00000001
core   0: 0x80007858 (0x0000c30d) c.beqz  a4, pc + 34
core   0: 3 0x80007858 (0xc30d)
core   0: 0x8000785a (0x00b02433) slt     s0, zero, a1
core   0: 3 0x8000785a (0x00b02433) x 8 0x00000000
core   0: 0x8000785e (0x0000e189) c.bnez  a1, pc + 2
core   0: 3 0x8000785e (0xe189)
core   0: 0x80007860 (0x0000c791) c.beqz  a5, pc + 12
core   0: 3 0x80007860 (0xc791)
core   0: 0x80007862 (0xf6527593) andi    a1, tp, -155
core   0: 3 0x80007862 (0xf6527593) x11 0x00000000
core   0: 0x80007866 (0x00008ad5) c.andi  a3, 21
core   0: 3 0x80007866 (0x8ad5) x13 0x00000014
core   0: 0x80007868 (0x05b37363) bgeu    t1, s11, pc + 70
core   0: 3 0x80007868 (0x05b37363)
core   0: 0x8000786c (0x00000001) c.nop
core   0: 3 0x8000786c (0x0001)
core   0: 0x8000786e (0x02fad463) bge     s5, a5, pc + 40
core   0: 3 0x8000786e (0x02fad463)
core   0: 0x80007896 (0x01116263) bltu    sp, a7, pc + 4
core   0: 3 0x80007896 (0x01116263)
core   0: 0x8000789a (0x00000a1c) c.addi4spn a5, sp, 272
core   0: 3 0x8000789a (0x0a1c) x15 0x00000110
core   0: 0x8000789c (0x0366fc33) remu    s8, a3, s6
core   0: 3 0x8000789c (0x0366fc33) x24 0x00000000
core   0: 0x800078a0 (0x6d3a0c17) auipc   s8, 0x6d3a0
core   0: 3 0x800078a0 (0x6d3a0c17) x24 0xed3a78a0
core   0: 0x800078a4 (0x00a00933) add     s2, zero, a0
core   0: 3 0x800078a4 (0x00a00933) x18 0x80029ce4
core   0: 0x800078a8 (0x028f7733) remu    a4, t5, s0
core   0: 3 0x800078a8 (0x028f7733) x14 0x00000000
core   0: 0x800078ac (0x0000833d) c.srli  a4, 15
core   0: 3 0x800078ac (0x833d) x14 0x00000000
core   0: 0x800078ae (0x0000108c) c.addi4spn a1, sp, 96
core   0: 3 0x800078ae (0x108c) x11 0x00000060
core   0: 0x800078b0 (0x0000100f) fence.i
core   0: 3 0x800078b0 (0x0000100f)
core   0: 0x800078b4 (0x414cdd33) sra     s10, s9, s4
core   0: 3 0x800078b4 (0x414cdd33) x26 0x00000016
core   0: 0x800078b8 (0x00008c3d) c.xor   s0, a5
core   0: 3 0x800078b8 (0x8c3d) x 8 0x00000110
core   0: 0x800078ba (0x03d2a933) mulhsu  s2, t0, t4
core   0: 3 0x800078ba (0x03d2a933) x18 0xf21de9b7
core   0: 0x800078be (0x01933eb3) sltu    t4, t1, s9
core   0: 3 0x800078be (0x01933eb3) x29 0x00000001
core   0: 0x800078c2 (0x0000ce81) c.beqz  a3, pc + 24
core   0: 3 0x800078c2 (0xce81)
core   0: 0x800078c4 (0x011c6a33) or      s4, s8, a7
core   0: 3 0x800078c4 (0x011c6a33) x20 0xed3a78bb
core   0: 0x800078c8 (0x0286e9b3) rem     s3, a3, s0
core   0: 3 0x800078c8 (0x0286e9b3) x19 0x00000014
core   0: 0x800078cc (0x000098fd) c.andi  s1, -1
core   0: 3 0x800078cc (0x98fd) x 9 0x08c59858
core   0: 0x800078ce (0x8e393493) sltiu   s1, s2, -1821
core   0: 3 0x800078ce (0x8e393493) x 9 0x00000001
core   0: 0x800078d2 (0x00657fb3) and     t6, a0, t1
core   0: 3 0x800078d2 (0x00657fb3) x31 0x00000000
core   0: 0x800078d6 (0x00219f13) slli    t5, gp, 2
core   0: 3 0x800078d6 (0x00219f13) x30 0x271c0004
core   0: 0x800078da (0x02d30f33) mul     t5, t1, a3
core   0: 3 0x800078da (0x02d30f33) x30 0x00000000
core   0: 0x800078de (0x00006d19) c.lui   s10, 0x6
core   0: 3 0x800078de (0x6d19) x26 0x00006000
core   0: 0x800078e0 (0x3f14b4b7) lui     s1, 0x3f14b
core   0: 3 0x800078e0 (0x3f14b4b7) x 9 0x3f14b000
core   0: 0x800078e4 (0x0000717d) c.addi16sp sp, -16
core   0: 3 0x800078e4 (0x717d) x 2 0xfffffff0
core   0: 0x800078e6 (0x033606b3) mul     a3, a2, s3
core   0: 3 0x800078e6 (0x033606b3) x13 0x002f5fd0
core   0: 0x800078ea (0x00008df1) c.and   a1, a2
core   0: 3 0x800078ea (0x8df1) x11 0x00000060
core   0: 0x800078ec (0x00048233) add     tp, s1, zero
core   0: 3 0x800078ec (0x00048233) x 4 0x3f14b000
core   0: 0x800078f0 (0xf1ff29b7) lui     s3, 0xf1ff2
core   0: 3 0x800078f0 (0xf1ff29b7) x19 0xf1ff2000
core   0: 0x800078f4 (0x02057fb3) remu    t6, a0, zero
core   0: 3 0x800078f4 (0x02057fb3) x31 0x80029ce4
core   0: 0x800078f8 (0x009efbb3) and     s7, t4, s1
core   0: 3 0x800078f8 (0x009efbb3) x23 0x00000000
core   0: 0x800078fc (0x41308433) sub     s0, ra, s3
core   0: 3 0x800078fc (0x41308433) x 8 0x7088b754
core   0: 0x80007900 (0x0000100f) fence.i
core   0: 3 0x80007900 (0x0000100f)
core   0: 0x80007904 (0x412181b3) sub     gp, gp, s2
core   0: 3 0x80007904 (0x412181b3) x 3 0x97a9164a
core   0: 0x80007908 (0x40788a33) sub     s4, a7, t2
core   0: 3 0x80007908 (0x40788a33) x20 0x4242e381
core   0: 0x8000790c (0x00008309) c.srli  a4, 2
core   0: 3 0x8000790c (0x8309) x14 0x00000000
core   0: 0x8000790e (0x0ff0000f) fence   iorw,iorw
core   0: 3 0x8000790e (0x0ff0000f)
core   0: 0x80007912 (0x38fd03b7) lui     t2, 0x38fd0
core   0: 3 0x80007912 (0x38fd03b7) x 7 0x38fd0000
core   0: 0x80007916 (0xf195b393) sltiu   t2, a1, -231
core   0: 3 0x80007916 (0xf195b393) x 7 0x00000001
core   0: 0x8000791a (0x3af28a93) addi    s5, t0, 943
core   0: 3 0x8000791a (0x3af28a93) x21 0xe3c7b3af
core   0: 0x8000791e (0x10072d13) slti    s10, a4, 256
core   0: 3 0x8000791e (0x10072d13) x26 0x00000001
core   0: 0x80007922 (0x00150363) beq     a0, ra, pc + 6
core   0: 3 0x80007922 (0x00150363)
core   0: 0x80007926 (0x00009afd) c.andi  a3, -1
core   0: 3 0x80007926 (0x9afd) x13 0x002f5fd0
core   0: 0x80007928 (0x031d9eb3) mulh    t4, s11, a7
core   0: 3 0x80007928 (0x031d9eb3) x29 0x0000000f
core   0: 0x8000792c (0x013337b3) sltu    a5, t1, s3
core   0: 3 0x8000792c (0x013337b3) x15 0x00000001
core   0: 0x80007930 (0x00000001) c.nop
core   0: 3 0x80007930 (0x0001)
core   0: 0x80007932 (0x005eda33) srl     s4, t4, t0
core   0: 3 0x80007932 (0x005eda33) x20 0x0000000f
core   0: 0x80007936 (0x01c6fbb3) and     s7, a3, t3
core   0: 3 0x80007936 (0x01c6fbb3) x23 0x00280810
core   0: 0x8000793a (0x016b2d33) slt     s10, s6, s6
core   0: 3 0x8000793a (0x016b2d33) x26 0x00000000
core   0: 0x8000793e (0x00cb9913) slli    s2, s7, 12
core   0: 3 0x8000793e (0x00cb9913) x18 0x80810000
core   0: 0x80007942 (0x017dcbb3) xor     s7, s11, s7
core   0: 3 0x80007942 (0x017dcbb3) x23 0x426ae984
core   0: 0x80007946 (0x02ec8e63) beq     s9, a4, pc + 60
core   0: 3 0x80007946 (0x02ec8e63)
core   0: 0x8000794a (0x00d9e033) or      zero, s3, a3
core   0: 3 0x8000794a (0x00d9e033)
core   0: 0x8000794e (0x00008c75) c.and   s0, a3
core   0: 3 0x8000794e (0x8c75) x 8 0x00081750
core   0: 0x80007950 (0x0ff0000f) fence   iorw,iorw
core   0: 3 0x80007950 (0x0ff0000f)
core   0: 0x80007954 (0x00006c41) c.lui   s8, 0x10
core   0: 3 0x80007954 (0x6c41) x24 0x00010000
core   0: 0x80007956 (0x012d5d13) srli    s10, s10, 18
core   0: 3 0x80007956 (0x012d5d13) x26 0x00000000
core   0: 0x8000795a (0x00d6c463) blt     a3, a3, pc + 8
core   0: 3 0x8000795a (0x00d6c463)
core   0: 0x8000795e (0x000055fd) c.li    a1, -1
core   0: 3 0x8000795e (0x55fd) x11 0xffffffff
core   0: 0x80007960 (0x0000989e) c.add   a7, t2
core   0: 3 0x80007960 (0x989e) x17 0x0000003c
core   0: 0x80007962 (0x02320363) beq     tp, gp, pc + 38
core   0: 3 0x80007962 (0x02320363)
core   0: 0x80007966 (0x46d14b93) xori    s7, sp, 1133
core   0: 3 0x80007966 (0x46d14b93) x23 0xfffffb9d
core   0: 0x8000796a (0x4046d593) srai    a1, a3, 4
core   0: 3 0x8000796a (0x4046d593) x11 0x0002f5fd
core   0: 0x8000796e (0x0055f263) bgeu    a1, t0, pc + 4
core   0: 3 0x8000796e (0x0055f263)
core   0: 0x80007972 (0x0ca84693) xori    a3, a6, 202
core   0: 3 0x80007972 (0x0ca84693) x13 0x4242e3cf
core   0: 0x80007976 (0x00b67863) bgeu    a2, a1, pc + 16
core   0: 3 0x80007976 (0x00b67863)
core   0: 0x80007986 (0x00008431) c.srai  s0, 12
core   0: 3 0x80007986 (0x8431) x 8 0x00000081
core   0: 0x80007988 (0x03839163) bne     t2, s8, pc + 34
core   0: 3 0x80007988 (0x03839163)
core   0: 0x800079aa (0x410f5b13) srai    s6, t5, 16
core   0: 3 0x800079aa (0x410f5b13) x22 0x00000000
core   0: 0x800079ae (0x41968f33) sub     t5, a3, s9
core   0: 3 0x800079ae (0x41968f33) x30 0x4242e3b9
core   0: 0x800079b2 (0x0000100f) fence.i
core   0: 3 0x800079b2 (0x0000100f)
core   0: 0x800079b6 (0x02d4dfb3) divu    t6, s1, a3
core   0: 3 0x800079b6 (0x02d4dfb3) x31 0x00000000
core   0: 0x800079ba (0x00008455) c.srai  s0, 21
core   0: 3 0x800079ba (0x8455) x 8 0x00000000
core   0: 0x800079bc (0x00000001) c.nop
core   0: 3 0x800079bc (0x0001)
core   0: 0x800079be (0x003afab3) and     s5, s5, gp
core   0: 3 0x800079be (0x003afab3) x21 0x8381120a
core   0: 0x800079c2 (0x02590263) beq     s2, t0, pc + 36
core   0: 3 0x800079c2 (0x02590263)
core   0: 0x800079c6 (0xfbd0e093) ori     ra, ra, -67
core   0: 3 0x800079c6 (0xfbd0e093) x 1 0xfffffffd
core   0: 0x800079ca (0x0ff0000f) fence   iorw,iorw
core   0: 3 0x800079ca (0x0ff0000f)
core   0: 0x800079ce (0x01852ab3) slt     s5, a0, s8
core   0: 3 0x800079ce (0x01852ab3) x21 0x00000001
core   0: 0x800079d2 (0xbd008d13) addi    s10, ra, -1072
core   0: 3 0x800079d2 (0xbd008d13) x26 0xfffffbcd
core   0: 0x800079d6 (0x008bcfb3) xor     t6, s7, s0
core   0: 3 0x800079d6 (0x008bcfb3) x31 0xfffffb9d
core   0: 0x800079da (0x00000700) c.addi4spn s0, sp, 896
core   0: 3 0x800079da (0x0700) x 8 0x00000370
core   0: 0x800079dc (0x00e278b3) and     a7, tp, a4
core   0: 3 0x800079dc (0x00e278b3) x17 0x00000000
core   0: 0x800079e0 (0x02c300b3) mul     ra, t1, a2
core   0: 3 0x800079e0 (0x02c300b3) x 1 0x00000000
core   0: 0x800079e4 (0x0000717d) c.addi16sp sp, -16
core   0: 3 0x800079e4 (0x717d) x 2 0xffffffe0
core   0: 0x800079e6 (0x00006859) c.lui   a6, 0x16
core   0: 3 0x800079e6 (0x6859) x16 0x00016000
core   0: 0x800079e8 (0x0000100f) fence.i
core   0: 3 0x800079e8 (0x0000100f)
core   0: 0x800079ec (0x00008822) c.mv    a6, s0
core   0: 3 0x800079ec (0x8822) x16 0x00000370
core   0: 0x800079ee (0x00006155) c.addi16sp sp, 304
core   0: 3 0x800079ee (0x6155) x 2 0x00000110
core   0: 0x800079f0 (0x01c41233) sll     tp, s0, t3
core   0: 3 0x800079f0 (0x01c41233) x 4 0x0dc00000
core   0: 0x800079f4 (0x00000cee) c.slli  s9, 27
core   0: 3 0x800079f4 (0x0cee) x25 0xb0000000
core   0: 0x800079f6 (0x0000635d) c.lui   t1, 0x17
core   0: 3 0x800079f6 (0x635d) x 6 0x00017000
core   0: 0x800079f8 (0x001c1193) slli    gp, s8, 1
core   0: 3 0x800079f8 (0x001c1193) x 3 0x00020000
core   0: 0x800079fc (0x03429333) mulh    t1, t0, s4
core   0: 3 0x800079fc (0x03429333) x 6 0xfffffffe
core   0: 0x80007a00 (0x3b243e17) auipc   t3, 0x3b243
core   0: 3 0x80007a00 (0x3b243e17) x28 0xbb24aa00
core   0: 0x80007a04 (0x02a81c33) mulh    s8, a6, a0
core   0: 3 0x80007a04 (0x02a81c33) x24 0xfffffe48
core   0: 0x80007a08 (0x0032e263) bltu    t0, gp, pc + 4
core   0: 3 0x80007a08 (0x0032e263)
core   0: 0x80007a0c (0x01d54e33) xor     t3, a0, t4
core   0: 3 0x80007a0c (0x01d54e33) x28 0x80029ceb
core   0: 0x80007a10 (0x00008195) c.srli  a1, 5
core   0: 3 0x80007a10 (0x8195) x11 0x000017af
core   0: 0x80007a12 (0x00008479) c.srai  s0, 30
core   0: 3 0x80007a12 (0x8479) x 8 0x00000000
core   0: 0x80007a14 (0x006a1d13) slli    s10, s4, 6
core   0: 3 0x80007a14 (0x006a1d13) x26 0x000003c0
core   0: 0x80007a18 (0x02291363) bne     s2, sp, pc + 38
core   0: 3 0x80007a18 (0x02291363)
core   0: 0x80007a3e (0x000083d5) c.srli  a5, 21
core   0: 3 0x80007a3e (0x83d5) x15 0x00000000
core   0: 0x80007a40 (0x40ff5f93) srai    t6, t5, 15
core   0: 3 0x80007a40 (0x40ff5f93) x31 0x00008485
core   0: 0x80007a44 (0x00320263) beq     tp, gp, pc + 4
core   0: 3 0x80007a44 (0x00320263)
core   0: 0x80007a48 (0x03f39a33) mulh    s4, t2, t6
core   0: 3 0x80007a48 (0x03f39a33) x20 0x00000000
core   0: 0x80007a4c (0x40f05313) srai    t1, zero, 15
core   0: 3 0x80007a4c (0x40f05313) x 6 0x00000000
core   0: 0x80007a50 (0x03854263) blt     a0, s8, pc + 36
core   0: 3 0x80007a50 (0x03854263)
core   0: 0x80007a74 (0x413d0733) sub     a4, s10, s3
core   0: 3 0x80007a74 (0x413d0733) x14 0x0e00e3c0
core   0: 0x80007a78 (0x0217dfb3) divu    t6, a5, ra
core   0: 3 0x80007a78 (0x0217dfb3) x31 0xffffffff
core   0: 0x80007a7c (0x0000717d) c.addi16sp sp, -16
core   0: 3 0x80007a7c (0x717d) x 2 0x00000100
core   0: 0x80007a7e (0xfb85b397) auipc   t2, 0xfb85b
core   0: 3 0x80007a7e (0xfb85b397) x 7 0x7b862a7e
core   0: 0x80007a82 (0x635f8393) addi    t2, t6, 1589
core   0: 3 0x80007a82 (0x635f8393) x 7 0x00000634
core   0: 0x80007a86 (0x03e8ee33) rem     t3, a7, t5
core   0: 3 0x80007a86 (0x03e8ee33) x28 0x00000000
core   0: 0x80007a8a (0x6bafb6b7) lui     a3, 0x6bafb
core   0: 3 0x80007a8a (0x6bafb6b7) x13 0x6bafb000
core   0: 0x80007a8e (0x000086bd) c.srai  a3, 15
core   0: 3 0x80007a8e (0x86bd) x13 0x0000d75f
core   0: 0x80007a90 (0x000056fd) c.li    a3, -1
core   0: 3 0x80007a90 (0x56fd) x13 0xffffffff
core   0: 0x80007a92 (0x016059b3) srl     s3, zero, s6
core   0: 3 0x80007a92 (0x016059b3) x19 0x00000000
core   0: 0x80007a96 (0x00000e8a) c.slli  t4, 2
core   0: 3 0x80007a96 (0x0e8a) x29 0x0000003c
core   0: 0x80007a98 (0x41015113) srai    sp, sp, 16
core   0: 3 0x80007a98 (0x41015113) x 2 0x00000000
core   0: 0x80007a9c (0x4188d133) sra     sp, a7, s8
core   0: 3 0x80007a9c (0x4188d133) x 2 0x00000000
core   0: 0x80007aa0 (0x000004e9) c.addi  s1, 26
core   0: 3 0x80007aa0 (0x04e9) x 9 0x3f14b01a
core   0: 0x80007aa2 (0x00dc29b3) slt     s3, s8, a3
core   0: 3 0x80007aa2 (0x00dc29b3) x19 0x00000001
core   0: 0x80007aa6 (0x00e1fd63) bgeu    gp, a4, pc + 26
core   0: 3 0x80007aa6 (0x00e1fd63)
core   0: 0x80007aaa (0x00008f0d) c.sub   a4, a1
core   0: 3 0x80007aaa (0x8f0d) x14 0x0e00cc11
core   0: 0x80007aac (0xbbcdae93) slti    t4, s11, -1092
core   0: 3 0x80007aac (0xbbcdae93) x29 0x00000000
core   0: 0x80007ab0 (0x0000e689) c.bnez  a3, pc + 10
core   0: 3 0x80007ab0 (0xe689)
core   0: 0x80007aba (0x003bb4b3) sltu    s1, s7, gp
core   0: 3 0x80007aba (0x003bb4b3) x 9 0x00000000
core   0: 0x80007abe (0x00000001) c.nop
core   0: 3 0x80007abe (0x0001)
core   0: 0x80007ac0 (0x00000001) c.nop
core   0: 3 0x80007ac0 (0x0001)
core   0: 0x80007ac2 (0x02dc0263) beq     s8, a3, pc + 36
core   0: 3 0x80007ac2 (0x02dc0263)
core   0: 0x80007ac6 (0x40dd83b3) sub     t2, s11, a3
core   0: 3 0x80007ac6 (0x40dd83b3) x 7 0x4242e195
core   0: 0x80007aca (0x00a16363) bltu    sp, a0, pc + 6
core   0: 3 0x80007aca (0x00a16363)
core   0: 0x80007ad0 (0x0000912e) c.add   sp, a1
core   0: 3 0x80007ad0 (0x912e) x 2 0x000017af
core   0: 0x80007ad2 (0x000088fa) c.mv    a7, t5
core   0: 3 0x80007ad2 (0x88fa) x17 0x4242e3b9
core   0: 0x80007ad4 (0x64be2113) slti    sp, t3, 1611
core   0: 3 0x80007ad4 (0x64be2113) x 2 0x00000001
core   0: 0x80007ad8 (0x035f70b3) remu    ra, t5, s5
core   0: 3 0x80007ad8 (0x035f70b3) x 1 0x00000000
core   0: 0x80007adc (0x415584b3) sub     s1, a1, s5
core   0: 3 0x80007adc (0x415584b3) x 9 0x000017ae
core   0: 0x80007ae0 (0x0000808e) c.mv    ra, gp
core   0: 3 0x80007ae0 (0x808e) x 1 0x00020000
core   0: 0x80007ae2 (0x01237d33) and     s10, t1, s2
core   0: 3 0x80007ae2 (0x01237d33) x26 0x00000000
core   0: 0x80007ae6 (0x01e3de93) srli    t4, t2, 30
core   0: 3 0x80007ae6 (0x01e3de93) x29 0x00000001
core   0: 0x80007aea (0x40d15bb3) sra     s7, sp, a3
core   0: 3 0x80007aea (0x40d15bb3) x23 0x00000000
core   0: 0x80007aee (0xc9797037) lui     zero, 0xc9797
core   0: 3 0x80007aee (0xc9797037)
core   0: 0x80007af2 (0x00008c71) c.and   s0, a2
core   0: 3 0x80007af2 (0x8c71) x 8 0x00000000
core   0: 0x80007af4 (0x00000e21) c.addi  t3, 8
core   0: 3 0x80007af4 (0x0e21) x28 0x00000008
core   0: 0x80007af6 (0x7ff17693) andi    a3, sp, 2047
core   0: 3 0x80007af6 (0x7ff17693) x13 0x00000001
core   0: 0x80007afa (0xf1a0a693) slti    a3, ra, -230
core   0: 3 0x80007afa (0xf1a0a693) x13 0x00000000
core   0: 0x80007afe (0x00008f05) c.sub   a4, s1
core   0: 3 0x80007afe (0x8f05) x14 0x0e00b463
core   0: 0x80007b00 (0x00008c39) c.xor   s0, a4
core   0: 3 0x80007b00 (0x8c39) x 8 0x0e00b463
core   0: 0x80007b02 (0x008432b3) sltu    t0, s0, s0
core   0: 3 0x80007b02 (0x008432b3) x 5 0x00000000
core   0: 0x80007b06 (0x032817b3) mulh    a5, a6, s2
core   0: 3 0x80007b06 (0x032817b3) x15 0xfffffe49
core   0: 0x80007b0a (0x0134d233) srl     tp, s1, s3
core   0: 3 0x80007b0a (0x0134d233) x 4 0x00000bd7
core   0: 0x80007b0e (0x00008c45) c.or    s0, s1
core   0: 3 0x80007b0e (0x8c45) x 8 0x0e00b7ef
core   0: 0x80007b10 (0x00431d13) slli    s10, t1, 4
core   0: 3 0x80007b10 (0x00431d13) x26 0x00000000
core   0: 0x80007b14 (0x00001b7d) c.addi  s6, -1
core   0: 3 0x80007b14 (0x1b7d) x22 0xffffffff
core   0: 0x80007b16 (0x0223e463) bltu    t2, sp, pc + 40
core   0: 3 0x80007b16 (0x0223e463)
core   0: 0x80007b1a (0x000059fd) c.li    s3, -1
core   0: 3 0x80007b1a (0x59fd) x19 0xffffffff
core   0: 0x80007b1c (0x3b6ef893) andi    a7, t4, 950
core   0: 3 0x80007b1c (0x3b6ef893) x17 0x00000000
core   0: 0x80007b20 (0x541f3f97) auipc   t6, 0x541f3
core   0: 3 0x80007b20 (0x541f3f97) x31 0xd41fab20
core   0: 0x80007b24 (0x0384f0b3) remu    ra, s1, s8
core   0: 3 0x80007b24 (0x0384f0b3) x 1 0x000017ae
core   0: 0x80007b28 (0x0000100f) fence.i
core   0: 3 0x80007b28 (0x0000100f)
core   0: 0x80007b2c (0x0002cd63) bltz    t0, pc + 26
core   0: 3 0x80007b2c (0x0002cd63)
core   0: 0x80007b30 (0x03432733) mulhsu  a4, t1, s4
core   0: 3 0x80007b30 (0x03432733) x14 0x00000000
core   0: 0x80007b34 (0x00df1c33) sll     s8, t5, a3
core   0: 3 0x80007b34 (0x00df1c33) x24 0x4242e3b9
core   0: 0x80007b38 (0x03817b63) bgeu    sp, s8, pc + 54
core   0: 3 0x80007b38 (0x03817b63)
core   0: 0x80007b3c (0x00008b69) c.andi  a4, 26
core   0: 3 0x80007b3c (0x8b69) x14 0x00000000
core   0: 0x80007b3e (0x000004c2) c.slli  s1, 16
core   0: 3 0x80007b3e (0x04c2) x 9 0x17ae0000
core   0: 0x80007b40 (0x000091a6) c.add   gp, s1
core   0: 3 0x80007b40 (0x91a6) x 3 0x17b00000
core   0: 0x80007b42 (0x02c929b3) mulhsu  s3, s2, a2
core   0: 3 0x80007b42 (0x02c929b3) x19 0xc03f51ff
core   0: 0x80007b46 (0x03442b33) mulhsu  s6, s0, s4
core   0: 3 0x80007b46 (0x03442b33) x22 0x00000000
core   0: 0x80007b4a (0x000061a1) c.lui   gp, 0x8
core   0: 3 0x80007b4a (0x61a1) x 3 0x00008000
core   0: 0x80007b4c (0xc4a54293) xori    t0, a0, -950
core   0: 3 0x80007b4c (0xc4a54293) x 5 0x7ffd60ae
core   0: 0x80007b50 (0x008595b3) sll     a1, a1, s0
core   0: 3 0x80007b50 (0x008595b3) x11 0x0bd78000
core   0: 0x80007b54 (0x014e3433) sltu    s0, t3, s4
core   0: 3 0x80007b54 (0x014e3433) x 8 0x00000000
core   0: 0x80007b58 (0x3d56f9b7) lui     s3, 0x3d56f
core   0: 3 0x80007b58 (0x3d56f9b7) x19 0x3d56f000
core   0: 0x80007b5c (0x00000001) c.nop
core   0: 3 0x80007b5c (0x0001)
core   0: 0x80007b5e (0x0000e495) c.bnez  s1, pc + 44
core   0: 3 0x80007b5e (0xe495)
core   0: 0x80007b8a (0x0000100f) fence.i
core   0: 3 0x80007b8a (0x0000100f)
core   0: 0x80007b8e (0x00008772) c.mv    a4, t3
core   0: 3 0x80007b8e (0x8772) x14 0x00000008
core   0: 0x80007b90 (0x00000001) c.nop
core   0: 3 0x80007b90 (0x0001)
core   0: 0x80007b92 (0x00754663) blt     a0, t2, pc + 12
core   0: 3 0x80007b92 (0x00754663)
core   0: 0x80007b9e (0x00b29763) bne     t0, a1, pc + 14
core   0: 3 0x80007b9e (0x00b29763)
core   0: 0x80007bac (0x01a905b3) add     a1, s2, s10
core   0: 3 0x80007bac (0x01a905b3) x11 0x80810000
core   0: 0x80007bb0 (0x00008319) c.srli  a4, 6
core   0: 3 0x80007bb0 (0x8319) x14 0x00000000
core   0: 0x80007bb2 (0x01d8a833) slt     a6, a7, t4
core   0: 3 0x80007bb2 (0x01d8a833) x16 0x00000001
core   0: 0x80007bb6 (0x0302c363) blt     t0, a6, pc + 38
core   0: 3 0x80007bb6 (0x0302c363)
core   0: 0x80007bba (0x0131b233) sltu    tp, gp, s3
core   0: 3 0x80007bba (0x0131b233) x 4 0x00000001
core   0: 0x80007bbe (0x4046db33) sra     s6, a3, tp
core   0: 3 0x80007bbe (0x4046db33) x22 0x00000000
core   0: 0x80007bc2 (0x14daaa93) slti    s5, s5, 333
core   0: 3 0x80007bc2 (0x14daaa93) x21 0x00000001
core   0: 0x80007bc6 (0x01e19293) slli    t0, gp, 30
core   0: 3 0x80007bc6 (0x01e19293) x 5 0x00000000
core   0: 0x80007bca (0x3baae913) ori     s2, s5, 954
core   0: 3 0x80007bca (0x3baae913) x18 0x000003bb
core   0: 0x80007bce (0x02c70033) mul     zero, a4, a2
core   0: 3 0x80007bce (0x02c70033)
core   0: 0x80007bd2 (0x6bd0b393) sltiu   t2, ra, 1725
core   0: 3 0x80007bd2 (0x6bd0b393) x 7 0x00000000
core   0: 0x80007bd6 (0x00008fd5) c.or    a5, a3
core   0: 3 0x80007bd6 (0x8fd5) x15 0xfffffe49
core   0: 0x80007bd8 (0x01e26763) bltu    tp, t5, pc + 14
core   0: 3 0x80007bd8 (0x01e26763)
core   0: 0x80007be6 (0x40d70933) sub     s2, a4, a3
core   0: 3 0x80007be6 (0x40d70933) x18 0x00000000
core   0: 0x80007bea (0x40a087b3) sub     a5, ra, a0
core   0: 3 0x80007bea (0x40a087b3) x15 0x7ffd7aca
core   0: 0x80007bee (0x01b89263) bne     a7, s11, pc + 4
core   0: 3 0x80007bee (0x01b89263)
core   0: 0x80007bf2 (0x0000987d) c.andi  s0, -1
core   0: 3 0x80007bf2 (0x987d) x 8 0x00000000
core   0: 0x80007bf4 (0x011214b3) sll     s1, tp, a7
core   0: 3 0x80007bf4 (0x011214b3) x 9 0x00000001
core   0: 0x80007bf8 (0x00bf8b63) beq     t6, a1, pc + 22
core   0: 3 0x80007bf8 (0x00bf8b63)
core   0: 0x80007bfc (0x00848463) beq     s1, s0, pc + 8
core   0: 3 0x80007bfc (0x00848463)
core   0: 0x80007c00 (0x01f61d63) bne     a2, t6, pc + 26
core   0: 3 0x80007c00 (0x01f61d63)
core   0: 0x80007c1a (0x0069d113) srli    sp, s3, 6
core   0: 3 0x80007c1a (0x0069d113) x 2 0x00f55bc0
core   0: 0x80007c1e (0xe70eae13) slti    t3, t4, -400
core   0: 3 0x80007c1e (0xe70eae13) x28 0x00000000
core   0: 0x80007c22 (0x00000001) c.nop
core   0: 3 0x80007c22 (0x0001)
core   0: 0x80007c24 (0x00008c99) c.sub   s1, a4
core   0: 3 0x80007c24 (0x8c99) x 9 0x00000001
core   0: 0x80007c26 (0x0268c8b3) div     a7, a7, t1
core   0: 3 0x80007c26 (0x0268c8b3) x17 0xffffffff
core   0: 0x80007c2a (0x046ae363) bltu    s5, t1, pc + 70
core   0: 3 0x80007c2a (0x046ae363)
core   0: 0x80007c2e (0x01399663) bne     s3, s3, pc + 12
core   0: 3 0x80007c2e (0x01399663)
core   0: 0x80007c32 (0xb3c44697) auipc   a3, 0xb3c44
core   0: 3 0x80007c32 (0xb3c44697) x13 0x33c4bc32
core   0: 0x80007c36 (0x41705c33) sra     s8, zero, s7
core   0: 3 0x80007c36 (0x41705c33) x24 0x00000000
core   0: 0x80007c3a (0x00008059) c.srli  s0, 22
core   0: 3 0x80007c3a (0x8059) x 8 0x00000000
core   0: 0x80007c3c (0x00006ea5) c.lui   t4, 0x9
core   0: 3 0x80007c3c (0x6ea5) x29 0x00009000
core   0: 0x80007c3e (0xf58faf93) slti    t6, t6, -168
core   0: 3 0x80007c3e (0xf58faf93) x31 0x00000001
core   0: 0x80007c42 (0x00008b79) c.andi  a4, 30
core   0: 3 0x80007c42 (0x8b79) x14 0x00000000
core   0: 0x80007c44 (0x013a5463) bge     s4, s3, pc + 8
core   0: 3 0x80007c44 (0x013a5463)
core   0: 0x80007c48 (0xf4270b13) addi    s6, a4, -190
core   0: 3 0x80007c48 (0xf4270b13) x22 0xffffff42
core   0: 0x80007c4c (0x01691bb3) sll     s7, s2, s6
core   0: 3 0x80007c4c (0x01691bb3) x23 0x00000000
core   0: 0x80007c50 (0x0388b033) mulhu   zero, a7, s8
core   0: 3 0x80007c50 (0x0388b033)
core   0: 0x80007c54 (0x41bed413) srai    s0, t4, 27
core   0: 3 0x80007c54 (0x41bed413) x 8 0x00000000
core   0: 0x80007c58 (0x75af4c13) xori    s8, t5, 1882
core   0: 3 0x80007c58 (0x75af4c13) x24 0x4242e4e3
core   0: 0x80007c5c (0x0ff0000f) fence   iorw,iorw
core   0: 3 0x80007c5c (0x0ff0000f)
core   0: 0x80007c60 (0x00008b76) c.mv    s6, t4
core   0: 3 0x80007c60 (0x8b76) x22 0x00009000
core   0: 0x80007c62 (0x00cf3333) sltu    t1, t5, a2
core   0: 3 0x80007c62 (0x00cf3333) x 6 0x00000001
core   0: 0x80007c66 (0x00000001) c.nop
core   0: 3 0x80007c66 (0x0001)
core   0: 0x80007c68 (0x9d5fcc93) xori    s9, t6, -1579
core   0: 3 0x80007c68 (0x9d5fcc93) x25 0xfffff9d4
core   0: 0x80007c6c (0x03aabd33) mulhu   s10, s5, s10
core   0: 3 0x80007c6c (0x03aabd33) x26 0x00000000
core   0: 0x80007c70 (0x00008859) c.andi  s0, 22
core   0: 3 0x80007c70 (0x8859) x 8 0x00000000
core   0: 0x80007c72 (0x03f2dbb3) divu    s7, t0, t6
core   0: 3 0x80007c72 (0x03f2dbb3) x23 0x00000000
core   0: 0x80007c76 (0x00877663) bgeu    a4, s0, pc + 12
core   0: 3 0x80007c76 (0x00877663)
core   0: 0x80007c82 (0x5ca4a793) slti    a5, s1, 1482
core   0: 3 0x80007c82 (0x5ca4a793) x15 0x00000001
core   0: 0x80007c86 (0x0ff0000f) fence   iorw,iorw
core   0: 3 0x80007c86 (0x0ff0000f)
core   0: 0x80007c8a (0x00008f35) c.xor   a4, a3
core   0: 3 0x80007c8a (0x8f35) x14 0x33c4bc32
core   0: 0x80007c8c (0x4a113c93) sltiu   s9, sp, 1185
core   0: 3 0x80007c8c (0x4a113c93) x25 0x00000000
core   0: 0x80007c90 (0x00c0e6b3) or      a3, ra, a2
core   0: 3 0x80007c90 (0x00c0e6b3) x13 0x80025fee
core   0: 0x80007c94 (0x003c8333) add     t1, s9, gp
core   0: 3 0x80007c94 (0x003c8333) x 6 0x00008000
core   0: 0x80007c98 (0x02129733) mulh    a4, t0, ra
core   0: 3 0x80007c98 (0x02129733) x14 0x00000000
core   0: 0x80007c9c (0x00008db5) c.xor   a1, a3
core   0: 3 0x80007c9c (0x8db5) x11 0x00835fee
core   0: 0x80007c9e (0x000017fd) c.addi  a5, -1
core   0: 3 0x80007c9e (0x17fd) x15 0x00000000
core   0: 0x80007ca0 (0x00d100b3) add     ra, sp, a3
core   0: 3 0x80007ca0 (0x00d100b3) x 1 0x80f7bbae
core   0: 0x80007ca4 (0x021db5b3) mulhu   a1, s11, ra
core   0: 3 0x80007ca4 (0x021db5b3) x11 0x21618fe5
core   0: 0x80007ca8 (0x00008b31) c.andi  a4, 12
core   0: 3 0x80007ca8 (0x8b31) x14 0x00000000
core   0: 0x80007caa (0x415356b3) sra     a3, t1, s5
core   0: 3 0x80007caa (0x415356b3) x13 0x00004000
core   0: 0x80007cae (0x03afb2b3) mulhu   t0, t6, s10
core   0: 3 0x80007cae (0x03afb2b3) x 5 0x00000000
core   0: 0x80007cb2 (0x415501b3) sub     gp, a0, s5
core   0: 3 0x80007cb2 (0x415501b3) x 3 0x80029ce3
core   0: 0x80007cb6 (0x0000c005) c.beqz  s0, pc + 32
core   0: 3 0x80007cb6 (0xc005)
core   0: 0x80007cd6 (0x023e96b3) mulh    a3, t4, gp
core   0: 3 0x80007cd6 (0x023e96b3) x13 0xffffb801
core   0: 0x80007cda (0x40715c13) srai    s8, sp, 7
core   0: 3 0x80007cda (0x40715c13) x24 0x0001eab7
core   0: 0x80007cde (0x01c9cf63) blt     s3, t3, pc + 30
core   0: 3 0x80007cde (0x01c9cf63)
core   0: 0x80007ce2 (0x0000c809) c.beqz  s0, pc + 18
core   0: 3 0x80007ce2 (0xc809)
core   0: 0x80007cf4 (0x00e627b3) slt     a5, a2, a4
core   0: 3 0x80007cf4 (0x00e627b3) x15 0x00000001
core   0: 0x80007cf8 (0x00008b46) c.mv    s6, a7
core   0: 3 0x80007cf8 (0x8b46) x22 0xffffffff
core   0: 0x80007cfa (0x00000001) c.nop
core   0: 3 0x80007cfa (0x0001)
core   0: 0x80007cfc (0x00446463) bltu    s0, tp, pc + 8
core   0: 3 0x80007cfc (0x00446463)
core   0: 0x80007d04 (0x000089f5) c.andi  a1, 29
core   0: 3 0x80007d04 (0x89f5) x11 0x00000005
core   0: 0x80007d06 (0x0000cb19) c.beqz  a4, pc + 22
core   0: 3 0x80007d06 (0xcb19)
core   0: 0x80007d1c (0x0336f433) remu    s0, a3, s3
core   0: 3 0x80007d1c (0x0336f433) x 8 0x0aa3f801
core   0: 0x80007d20 (0x01a7d5b3) srl     a1, a5, s10
core   0: 3 0x80007d20 (0x01a7d5b3) x11 0x00000001
core   0: 0x80007d24 (0x40de5413) srai    s0, t3, 13
core   0: 3 0x80007d24 (0x40de5413) x 8 0x00000000
core   0: 0x80007d28 (0x015045b3) xor     a1, zero, s5
core   0: 3 0x80007d28 (0x015045b3) x11 0x00000001
core   0: 0x80007d2c (0x0000717d) c.addi16sp sp, -16
core   0: 3 0x80007d2c (0x717d) x 2 0x00f55bb0
core   0: 0x80007d2e (0x03f0f333) remu    t1, ra, t6
core   0: 3 0x80007d2e (0x03f0f333) x 6 0x00000000
core   0: 0x80007d32 (0x02f912b3) mulh    t0, s2, a5
core   0: 3 0x80007d32 (0x02f912b3) x 5 0x00000000
core   0: 0x80007d36 (0x0000036d) c.addi  t1, 27
core   0: 3 0x80007d36 (0x036d) x 6 0x0000001b
core   0: 0x80007d38 (0x00008f01) c.sub   a4, s0
core   0: 3 0x80007d38 (0x8f01) x14 0x00000000
core   0: 0x80007d3a (0x000065e5) c.lui   a1, 0x19
core   0: 3 0x80007d3a (0x65e5) x11 0x00019000
core   0: 0x80007d3c (0x40fe58b3) sra     a7, t3, a5
core   0: 3 0x80007d3c (0x40fe58b3) x17 0x00000000
core   0: 0x80007d40 (0x03b38163) beq     t2, s11, pc + 34
core   0: 3 0x80007d40 (0x03b38163)
core   0: 0x80007d44 (0x00008812) c.mv    a6, tp
core   0: 3 0x80007d44 (0x8812) x16 0x00000001
core   0: 0x80007d46 (0x0ff0000f) fence   iorw,iorw
core   0: 3 0x80007d46 (0x0ff0000f)
core   0: 0x80007d4a (0x409d59b3) sra     s3, s10, s1
core   0: 3 0x80007d4a (0x409d59b3) x19 0x00000000
core   0: 0x80007d4e (0x41068733) sub     a4, a3, a6
core   0: 3 0x80007d4e (0x41068733) x14 0xffffb800
core   0: 0x80007d52 (0x00008fe9) c.and   a5, a0
core   0: 3 0x80007d52 (0x8fe9) x15 0x00000000
core   0: 0x80007d54 (0x000089aa) c.mv    s3, a0
core   0: 3 0x80007d54 (0x89aa) x19 0x80029ce4
core   0: 0x80007d56 (0x90068293) addi    t0, a3, -1792
core   0: 3 0x80007d56 (0x90068293) x 5 0xffffb101
core   0: 0x80007d5a (0x41d39737) lui     a4, 0x41d39
core   0: 3 0x80007d5a (0x41d39737) x14 0x41d39000
core   0: 0x80007d5e (0x023292b3) mulh    t0, t0, gp
core   0: 3 0x80007d5e (0x023292b3) x 5 0x0000277e
core   0: 0x80007d62 (0x0000927e) c.add   tp, t6
core   0: 3 0x80007d62 (0x927e) x 4 0x00000002
core   0: 0x80007d64 (0x00000001) c.nop
core   0: 3 0x80007d64 (0x0001)
core   0: 0x80007d66 (0x0000717d) c.addi16sp sp, -16
core   0: 3 0x80007d66 (0x717d) x 2 0x00f55ba0
core   0: 0x80007d68 (0x00000242) c.slli  tp, 16
core   0: 3 0x80007d68 (0x0242) x 4 0x00020000
core   0: 0x80007d6a (0x00000001) c.nop
core   0: 3 0x80007d6a (0x0001)
core   0: 0x80007d6c (0x41d9dd33) sra     s10, s3, t4
core   0: 3 0x80007d6c (0x41d9dd33) x26 0x80029ce4
core   0: 0x80007d70 (0x00000001) c.nop
core   0: 3 0x80007d70 (0x0001)
core   0: 0x80007d72 (0x00008146) c.mv    sp, a7
core   0: 3 0x80007d72 (0x8146) x 2 0x00000000
core   0: 0x80007d74 (0x0000100f) fence.i
core   0: 3 0x80007d74 (0x0000100f)
core   0: 0x80007d78 (0x02400fb3) mul     t6, zero, tp
core   0: 3 0x80007d78 (0x02400fb3) x31 0x00000000
core   0: 0x80007d7c (0xe1f34113) xori    sp, t1, -481
core   0: 3 0x80007d7c (0xe1f34113) x 2 0xfffffe04
core   0: 0x80007d80 (0x40ddd713) srai    a4, s11, 13
core   0: 3 0x80007d80 (0x40ddd713) x14 0x00021217
core   0: 0x80007d84 (0x00c1c0b3) xor     ra, gp, a2
core   0: 3 0x80007d84 (0x00c1c0b3) x 1 0x0000c287
core   0: 0x80007d88 (0x0326afb3) mulhsu  t6, a3, s2
core   0: 3 0x80007d88 (0x0326afb3) x31 0x00000000
core   0: 0x80007d8c (0x0000717d) c.addi16sp sp, -16
core   0: 3 0x80007d8c (0x717d) x 2 0xfffffdf4
core   0: 0x80007d8e (0x40d20933) sub     s2, tp, a3
core   0: 3 0x80007d8e (0x40d20933) x18 0x000247ff
core   0: 0x80007d92 (0x00008015) c.srli  s0, 5
core   0: 3 0x80007d92 (0x8015) x 8 0x00000000
core   0: 0x80007d94 (0x000080c5) c.srli  s1, 17
core   0: 3 0x80007d94 (0x80c5) x 9 0x00000000
core   0: 0x80007d96 (0x00008f85) c.sub   a5, s1
core   0: 3 0x80007d96 (0x8f85) x15 0x00000000
core   0: 0x80007d98 (0x00ca1933) sll     s2, s4, a2
core   0: 3 0x80007d98 (0x00ca1933) x18 0x00000000
core   0: 0x80007d9c (0x0000894e) c.mv    s2, s3
core   0: 3 0x80007d9c (0x894e) x18 0x80029ce4
core   0: 0x80007d9e (0x026effb3) remu    t6, t4, t1
core   0: 3 0x80007d9e (0x026effb3) x31 0x00000009
core   0: 0x80007da2 (0x011e4663) blt     t3, a7, pc + 12
core   0: 3 0x80007da2 (0x011e4663)
core   0: 0x80007da6 (0x03a3e463) bltu    t2, s10, pc + 40
core   0: 3 0x80007da6 (0x03a3e463)
core   0: 0x80007dce (0x0000e289) c.bnez  a3, pc + 2
core   0: 3 0x80007dce (0xe289)
core   0: 0x80007dd0 (0x00009a6e) c.add   s4, s11
core   0: 3 0x80007dd0 (0x9a6e) x20 0x4242e194
core   0: 0x80007dd2 (0x00008be9) c.andi  a5, 26
core   0: 3 0x80007dd2 (0x8be9) x15 0x00000000
core   0: 0x80007dd4 (0x0000986a) c.add   a6, s10
core   0: 3 0x80007dd4 (0x986a) x16 0x80029ce5
core   0: 0x80007dd6 (0x40d35fb3) sra     t6, t1, a3
core   0: 3 0x80007dd6 (0x40d35fb3) x31 0x0000000d
core   0: 0x80007dda (0x00000001) c.nop
core   0: 3 0x80007dda (0x0001)
core   0: 0x80007ddc (0x03d92233) mulhsu  tp, s2, t4
core   0: 3 0x80007ddc (0x03d92233) x 4 0xffffb801
core   0: 0x80007de0 (0x00008fd1) c.or    a5, a2
core   0: 3 0x80007de0 (0x8fd1) x15 0x80025e64
core   0: 0x80007de2 (0x00009452) c.add   s0, s4
core   0: 3 0x80007de2 (0x9452) x 8 0x4242e194
core   0: 0x80007de4 (0x005ece33) xor     t3, t4, t0
core   0: 3 0x80007de4 (0x005ece33) x28 0x0000b77e
core   0: 0x80007de8 (0x01389733) sll     a4, a7, s3
core   0: 3 0x80007de8 (0x01389733) x14 0x00000000
core   0: 0x80007dec (0x0ff0000f) fence   iorw,iorw
core   0: 3 0x80007dec (0x0ff0000f)
core   0: 0x80007df0 (0x034a9e63) bne     s5, s4, pc + 60
core   0: 3 0x80007df0 (0x034a9e63)
core   0: 0x80007e2c (0x2ec6b693) sltiu   a3, a3, 748
core   0: 3 0x80007e2c (0x2ec6b693) x13 0x00000000
core   0: 0x80007e30 (0x02b0aab3) mulhsu  s5, ra, a1
core   0: 3 0x80007e30 (0x02b0aab3) x21 0x00000001
core   0: 0x80007e34 (0xd2224293) xori    t0, tp, -734
core   0: 3 0x80007e34 (0xd2224293) x 5 0x00004523
core   0: 0x80007e38 (0x000080fa) c.mv    ra, t5
core   0: 3 0x80007e38 (0x80fa) x 1 0x4242e3b9
core   0: 0x80007e3a (0x00001818) c.addi4spn a4, sp, 48
core   0: 3 0x80007e3a (0x1818) x14 0xfffffe24
core   0: 0x80007e3c (0x00008f4d) c.or    a4, a1
core   0: 3 0x80007e3c (0x8f4d) x14 0xfffffe24
core   0: 0x80007e3e (0x0000017e) c.slli  sp, 31
core   0: 3 0x80007e3e (0x017e) x 2 0x00000000
core   0: 0x80007e40 (0x04967993) andi    s3, a2, 73
core   0: 3 0x80007e40 (0x04967993) x19 0x00000040
core   0: 0x80007e44 (0x003f6033) or      zero, t5, gp
core   0: 3 0x80007e44 (0x003f6033)
core   0: 0x80007e48 (0x486f7597) auipc   a1, 0x486f7
core   0: 3 0x80007e48 (0x486f7597) x11 0xc86fee48
core   0: 0x80007e4c (0x00bdff63) bgeu    s11, a1, pc + 30
core   0: 3 0x80007e4c (0x00bdff63)
core   0: 0x80007e50 (0x3020ef93) ori     t6, ra, 770
core   0: 3 0x80007e50 (0x3020ef93) x31 0x4242e3bb
core   0: 0x80007e54 (0x00009772) c.add   a4, t3
core   0: 3 0x80007e54 (0x9772) x14 0x0000b5a2
core   0: 0x80007e56 (0x00cc1733) sll     a4, s8, a2
core   0: 3 0x80007e56 (0x00cc1733) x14 0x001eab70
core   0: 0x80007e5a (0x0ff0000f) fence   iorw,iorw
core   0: 3 0x80007e5a (0x0ff0000f)
core   0: 0x80007e5e (0x00c11863) bne     sp, a2, pc + 16
core   0: 3 0x80007e5e (0x00c11863)
core   0: 0x80007e6e (0x01451eb3) sll     t4, a0, s4
core   0: 3 0x80007e6e (0x01451eb3) x29 0xce400000
core   0: 0x80007e72 (0xb26b6813) ori     a6, s6, -1242
core   0: 3 0x80007e72 (0xb26b6813) x16 0xffffffff
core   0: 0x80007e76 (0x00000001) c.nop
core   0: 3 0x80007e76 (0x0001)
core   0: 0x80007e78 (0x02951cb3) mulh    s9, a0, s1
core   0: 3 0x80007e78 (0x02951cb3) x25 0x00000000
core   0: 0x80007e7c (0x03bb5163) bge     s6, s11, pc + 34
core   0: 3 0x80007e7c (0x03bb5163)
core   0: 0x80007e80 (0x450b4493) xori    s1, s6, 1104
core   0: 3 0x80007e80 (0x450b4493) x 9 0xfffffbaf
core   0: 0x80007e84 (0x00008f6d) c.and   a4, a1
core   0: 3 0x80007e84 (0x8f6d) x14 0x000eaa40
core   0: 0x80007e86 (0x03e77f33) remu    t5, a4, t5
core   0: 3 0x80007e86 (0x03e77f33) x30 0x000eaa40
core   0: 0x80007e8a (0x00000001) c.nop
core   0: 3 0x80007e8a (0x0001)
core   0: 0x80007e8c (0x00000001) c.nop
core   0: 3 0x80007e8c (0x0001)
core   0: 0x80007e8e (0x419105b3) sub     a1, sp, s9
core   0: 3 0x80007e8e (0x419105b3) x11 0x00000000
core   0: 0x80007e92 (0x4009d113) srai    sp, s3, 0
core   0: 3 0x80007e92 (0x4009d113) x 2 0x00000040
core   0: 0x80007e96 (0x00008ecd) c.or    a3, a1
core   0: 3 0x80007e96 (0x8ecd) x13 0x00000000
core   0: 0x80007e98 (0x00005cfd) c.li    s9, -1
core   0: 3 0x80007e98 (0x5cfd) x25 0xffffffff
core   0: 0x80007e9a (0x00acd093) srli    ra, s9, 10
core   0: 3 0x80007e9a (0x00acd093) x 1 0x003fffff
core   0: 0x80007e9e (0x000098fd) c.andi  s1, -1
core   0: 3 0x80007e9e (0x98fd) x 9 0xfffffbaf
core   0: 0x80007ea0 (0xe91f2893) slti    a7, t5, -367
core   0: 3 0x80007ea0 (0xe91f2893) x17 0x00000000
core   0: 0x80007ea4 (0x00b05433) srl     s0, zero, a1
core   0: 3 0x80007ea4 (0x00b05433) x 8 0x00000000
core   0: 0x80007ea8 (0x04caf693) andi    a3, s5, 76
core   0: 3 0x80007ea8 (0x04caf693) x13 0x00000000
core   0: 0x80007eac (0x2457c313) xori    t1, a5, 581
core   0: 3 0x80007eac (0x2457c313) x 6 0x80025c21
core   0: 0x80007eb0 (0x02801363) bne     zero, s0, pc + 38
core   0: 3 0x80007eb0 (0x02801363)
core   0: 0x80007eb4 (0x1bb2ac93) slti    s9, t0, 443
core   0: 3 0x80007eb4 (0x1bb2ac93) x25 0x00000000
core   0: 0x80007eb8 (0x5484e197) auipc   gp, 0x5484e
core   0: 3 0x80007eb8 (0x5484e197) x 3 0xd4855eb8
core   0: 0x80007ebc (0x0000045a) c.slli  s0, 22
core   0: 3 0x80007ebc (0x045a) x 8 0x00000000
core   0: 0x80007ebe (0x01dccd33) xor     s10, s9, t4
core   0: 3 0x80007ebe (0x01dccd33) x26 0xce400000
core   0: 0x80007ec2 (0x00009f4a) c.add   t5, s2
core   0: 3 0x80007ec2 (0x9f4a) x30 0x80114724
core   0: 0x80007ec4 (0x001b3c33) sltu    s8, s6, ra
core   0: 3 0x80007ec4 (0x001b3c33) x24 0x00000000
core   0: 0x80007ec8 (0x03aef863) bgeu    t4, s10, pc + 48
core   0: 3 0x80007ec8 (0x03aef863)
core   0: 0x80007ef8 (0x019fb833) sltu    a6, t6, s9
core   0: 3 0x80007ef8 (0x019fb833) x16 0x00000000
core   0: 0x80007efc (0x00004f65) c.li    t5, 25
core   0: 3 0x80007efc (0x4f65) x30 0x00000019
core   0: 0x80007efe (0xca45b593) sltiu   a1, a1, -860
core   0: 3 0x80007efe (0xca45b593) x11 0x00000001
core   0: 0x80007f02 (0x250b8913) addi    s2, s7, 592
core   0: 3 0x80007f02 (0x250b8913) x18 0x00000250
core   0: 0x80007f06 (0x0013d6b3) srl     a3, t2, ra
core   0: 3 0x80007f06 (0x0013d6b3) x13 0x00000000
core   0: 0x80007f0a (0x000005ce) c.slli  a1, 19
core   0: 3 0x80007f0a (0x05ce) x11 0x00080000
core   0: 0x80007f0c (0x01d65a33) srl     s4, a2, t4
core   0: 3 0x80007f0c (0x01d65a33) x20 0x80025e64
core   0: 0x80007f10 (0x00008305) c.srli  a4, 1
core   0: 3 0x80007f10 (0x8305) x14 0x00075520
core   0: 0x80007f12 (0x025925b3) mulhsu  a1, s2, t0
core   0: 3 0x80007f12 (0x025925b3) x11 0x00000000
core   0: 0x80007f16 (0x33cbaf93) slti    t6, s7, 828
core   0: 3 0x80007f16 (0x33cbaf93) x31 0x00000001
core   0: 0x80007f1a (0x00008f39) c.xor   a4, a4
core   0: 3 0x80007f1a (0x8f39) x14 0x00000000
core   0: 0x80007f1c (0xb8ffb3b7) lui     t2, 0xb8ffb
core   0: 3 0x80007f1c (0xb8ffb3b7) x 7 0xb8ffb000
core   0: 0x80007f20 (0x0000100f) fence.i
core   0: 3 0x80007f20 (0x0000100f)
core   0: 0x80007f24 (0x0176aeb3) slt     t4, a3, s7
core   0: 3 0x80007f24 (0x0176aeb3) x29 0x00000000
core   0: 0x80007f28 (0xf8ac4093) xori    ra, s8, -118
core   0: 3 0x80007f28 (0xf8ac4093) x 1 0xffffff8a
core   0: 0x80007f2c (0x000098e2) c.add   a7, s8
core   0: 3 0x80007f2c (0x98e2) x17 0x00000000
core   0: 0x80007f2e (0x000008b2) c.slli  a7, 12
core   0: 3 0x80007f2e (0x08b2) x17 0x00000000
core   0: 0x80007f30 (0x039c4833) div     a6, s8, s9
core   0: 3 0x80007f30 (0x039c4833) x16 0xffffffff
core   0: 0x80007f34 (0x403f5793) srai    a5, t5, 3
core   0: 3 0x80007f34 (0x403f5793) x15 0x00000003
core   0: 0x80007f38 (0x0ff0000f) fence   iorw,iorw
core   0: 3 0x80007f38 (0x0ff0000f)
core   0: 0x80007f3c (0x0000051c) c.addi4spn a5, sp, 640
core   0: 3 0x80007f3c (0x051c) x15 0x000002c0
core   0: 0x80007f3e (0x001a3cb3) sltu    s9, s4, ra
core   0: 3 0x80007f3e (0x001a3cb3) x25 0x00000001
core   0: 0x80007f42 (0x000055fd) c.li    a1, -1
core   0: 3 0x80007f42 (0x55fd) x11 0xffffffff
core   0: 0x80007f44 (0x0000e409) c.bnez  s0, pc + 10
core   0: 3 0x80007f44 (0xe409)
core   0: 0x80007f46 (0x01760c33) add     s8, a2, s7
core   0: 3 0x80007f46 (0x01760c33) x24 0x80025e64
core   0: 0x80007f4a (0x0048c763) blt     a7, tp, pc + 14
core   0: 3 0x80007f4a (0x0048c763)
core   0: 0x80007f4e (0x01b41393) slli    t2, s0, 27
core   0: 3 0x80007f4e (0x01b41393) x 7 0x00000000
core   0: 0x80007f52 (0x030ef463) bgeu    t4, a6, pc + 40
core   0: 3 0x80007f52 (0x030ef463)
core   0: 0x80007f56 (0x00008c71) c.and   s0, a2
core   0: 3 0x80007f56 (0x8c71) x 8 0x00000000
core   0: 0x80007f58 (0x027b70b3) remu    ra, s6, t2
core   0: 3 0x80007f58 (0x027b70b3) x 1 0xffffffff
core   0: 0x80007f5c (0x0000872d) c.srai  a4, 11
core   0: 3 0x80007f5c (0x872d) x14 0x00000000
core   0: 0x80007f5e (0xe0ebc913) xori    s2, s7, -498
core   0: 3 0x80007f5e (0xe0ebc913) x18 0xfffffe0e
core   0: 0x80007f62 (0x99288037) lui     zero, 0x99288
core   0: 3 0x80007f62 (0x99288037)
core   0: 0x80007f66 (0x005a86b3) add     a3, s5, t0
core   0: 3 0x80007f66 (0x005a86b3) x13 0x00004524
core   0: 0x80007f6a (0x000087ad) c.srai  a5, 11
core   0: 3 0x80007f6a (0x87ad) x15 0x00000000
core   0: 0x80007f6c (0x00dd5363) bge     s10, a3, pc + 6
core   0: 3 0x80007f6c (0x00dd5363)
core   0: 0x80007f70 (0x0000717d) c.addi16sp sp, -16
core   0: 3 0x80007f70 (0x717d) x 2 0x00000030
core   0: 0x80007f72 (0x4034d193) srai    gp, s1, 3
core   0: 3 0x80007f72 (0x4034d193) x 3 0xffffff75
core   0: 0x80007f76 (0x00ee0133) add     sp, t3, a4
core   0: 3 0x80007f76 (0x00ee0133) x 2 0x0000b77e
core   0: 0x80007f7a (0x68694813) xori    a6, s2, 1670
core   0: 3 0x80007f7a (0x68694813) x16 0xfffff888
core   0: 0x80007f7e (0x00001f04) c.addi4spn s1, sp, 944
core   0: 3 0x80007f7e (0x1f04) x 9 0x0000bb2e
core   0: 0x80007f80 (0xaa02ac13) slti    s8, t0, -1376
core   0: 3 0x80007f80 (0xaa02ac13) x24 0x00000000
core   0: 0x80007f84 (0x0000e991) c.bnez  a1, pc + 20
core   0: 3 0x80007f84 (0xe991)
core   0: 0x80007f98 (0x03b15033) divu    zero, sp, s11
core   0: 3 0x80007f98 (0x03b15033)
core   0: 0x80007f9c (0x01d15e13) srli    t3, sp, 29
core   0: 3 0x80007f9c (0x01d15e13) x28 0x00000000
core   0: 0x80007fa0 (0x0069ceb3) xor     t4, s3, t1
core   0: 3 0x80007fa0 (0x0069ceb3) x29 0x80025c61
core   0: 0x80007fa4 (0x03fe53b3) divu    t2, t3, t6
core   0: 3 0x80007fa4 (0x03fe53b3) x 7 0x00000000
core   0: 0x80007fa8 (0x00000686) c.slli  a3, 1
core   0: 3 0x80007fa8 (0x0686) x13 0x00008a48
core   0: 0x80007faa (0x05b01363) bne     zero, s11, pc + 70
core   0: 3 0x80007faa (0x05b01363)
core   0: 0x80007ff0 (0x00008f9d) c.sub   a5, a5
core   0: 3 0x80007ff0 (0x8f9d) x15 0x00000000
core   0: 0x80007ff2 (0x0ff0000f) fence   iorw,iorw
core   0: 3 0x80007ff2 (0x0ff0000f)
core   0: 0x80007ff6 (0x0292cab3) div     s5, t0, s1
core   0: 3 0x80007ff6 (0x0292cab3) x21 0x00000000
core   0: 0x80007ffa (0x00008da9) c.xor   a1, a0
core   0: 3 0x80007ffa (0x8da9) x11 0x7ffd631b
core   0: 0x80007ffc (0x00006189) c.lui   gp, 0x2
core   0: 3 0x80007ffc (0x6189) x 3 0x00002000
core   0: 0x80007ffe (0xa8692493) slti    s1, s2, -1402
core   0: 3 0x80007ffe (0xa8692493) x 9 0x00000000
core   0: 0x80008002 (0x0000e099) c.bnez  s1, pc + 6
core   0: 3 0x80008002 (0xe099)
core   0: 0x80008004 (0x3bd18a13) addi    s4, gp, 957
core   0: 3 0x80008004 (0x3bd18a13) x20 0x000023bd
core   0: 0x80008008 (0x00425e63) bge     tp, tp, pc + 28
core   0: 3 0x80008008 (0x00425e63)
core   0: 0x80008024 (0x00009242) c.add   tp, a6
core   0: 3 0x80008024 (0x9242) x 4 0xffffb089
core   0: 0x80008026 (0x01bd37b3) sltu    a5, s10, s11
core   0: 3 0x80008026 (0x01bd37b3) x15 0x00000000
core   0: 0x8000802a (0x0000cd99) c.beqz  a1, pc + 30
core   0: 3 0x8000802a (0xcd99)
core   0: 0x8000802c (0x0000987d) c.andi  s0, -1
core   0: 3 0x8000802c (0x987d) x 8 0x00000000
core   0: 0x8000802e (0x00008fa1) c.xor   a5, s0
core   0: 3 0x8000802e (0x8fa1) x15 0x00000000
core   0: 0x80008030 (0xbc640ab7) lui     s5, 0xbc640
core   0: 3 0x80008030 (0xbc640ab7) x21 0xbc640000
core   0: 0x80008034 (0x017ca0b3) slt     ra, s9, s7
core   0: 3 0x80008034 (0x017ca0b3) x 1 0x00000000
core   0: 0x80008038 (0x413205b3) sub     a1, tp, s3
core   0: 3 0x80008038 (0x413205b3) x11 0xffffb049
core   0: 0x8000803c (0x000084dd) c.srai  s1, 23
core   0: 3 0x8000803c (0x84dd) x 9 0x00000000
core   0: 0x8000803e (0x008985b3) add     a1, s3, s0
core   0: 3 0x8000803e (0x008985b3) x11 0x00000040
core   0: 0x80008042 (0x02f4c133) div     sp, s1, a5
core   0: 3 0x80008042 (0x02f4c133) x 2 0xffffffff
core   0: 0x80008046 (0x0000c0b9) c.beqz  s1, pc + 70
core   0: 3 0x80008046 (0xc0b9)
core   0: 0x8000808c (0x000053fd) c.li    t2, -1
core   0: 3 0x8000808c (0x53fd) x 7 0xffffffff
core   0: 0x8000808e (0x2f633a17) auipc   s4, 0x2f633
core   0: 3 0x8000808e (0x2f633a17) x20 0xaf63b08e
core   0: 0x80008092 (0x000099fd) c.andi  a1, -1
core   0: 3 0x80008092 (0x99fd) x11 0x00000040
core   0: 0x80008094 (0x027858b3) divu    a7, a6, t2
core   0: 3 0x80008094 (0x027858b3) x17 0x00000000
core   0: 0x80008098 (0x0368eab3) rem     s5, a7, s6
core   0: 3 0x80008098 (0x0368eab3) x21 0x00000000
core   0: 0x8000809c (0x03268cb3) mul     s9, a3, s2
core   0: 3 0x8000809c (0x03268cb3) x25 0xfef2fff0
core   0: 0x800080a0 (0x406250b3) sra     ra, tp, t1
core   0: 3 0x800080a0 (0x406250b3) x 1 0xffffd844
core   0: 0x800080a4 (0x00000001) c.nop
core   0: 3 0x800080a4 (0x0001)
core   0: 0x800080a6 (0x03c1b2b3) mulhu   t0, gp, t3
core   0: 3 0x800080a6 (0x03c1b2b3) x 5 0x00000000
core   0: 0x800080aa (0x039d8e63) beq     s11, s9, pc + 60
core   0: 3 0x800080aa (0x039d8e63)
core   0: 0x800080ae (0x000be463) bltu    s7, zero, pc + 8
core   0: 3 0x800080ae (0x000be463)
core   0: 0x800080b2 (0x0311c363) blt     gp, a7, pc + 38
core   0: 3 0x800080b2 (0x0311c363)
core   0: 0x800080b6 (0x01328763) beq     t0, s3, pc + 14
core   0: 3 0x800080b6 (0x01328763)
core   0: 0x800080ba (0x03f3ed33) rem     s10, t2, t6
core   0: 3 0x800080ba (0x03f3ed33) x26 0x00000000
core   0: 0x800080be (0x03981333) mulh    t1, a6, s9
core   0: 3 0x800080be (0x03981333) x 6 0x00000007
core   0: 0x800080c2 (0x00008da9) c.xor   a1, a0
core   0: 3 0x800080c2 (0x8da9) x11 0x80029ca4
core   0: 0x800080c4 (0x404cd5b3) sra     a1, s9, tp
core   0: 3 0x800080c4 (0x404cd5b3) x11 0xffff797f
core   0: 0x800080c8 (0x00cb85b3) add     a1, s7, a2
core   0: 3 0x800080c8 (0x00cb85b3) x11 0x80025e64
core   0: 0x800080cc (0x8d7dcb93) xori    s7, s11, -1833
core   0: 3 0x800080cc (0x8d7dcb93) x23 0xbdbd1943
core   0: 0x800080d0 (0x00008cfd) c.and   s1, a5
core   0: 3 0x800080d0 (0x8cfd) x 9 0x00000000
core   0: 0x800080d2 (0x00000e39) c.addi  t3, 14
core   0: 3 0x800080d2 (0x0e39) x28 0x0000000e
core   0: 0x800080d4 (0x0186e763) bltu    a3, s8, pc + 14
core   0: 3 0x800080d4 (0x0186e763)
core   0: 0x800080d8 (0x000b5263) bgez    s6, pc + 4
core   0: 3 0x800080d8 (0x000b5263)
core   0: 0x800080dc (0x402c0233) sub     tp, s8, sp
core   0: 3 0x800080dc (0x402c0233) x 4 0x00000001
core   0: 0x800080e0 (0x000098fd) c.andi  s1, -1
core   0: 3 0x800080e0 (0x98fd) x 9 0x00000000
core   0: 0x800080e2 (0xe4df8f13) addi    t5, t6, -435
core   0: 3 0x800080e2 (0xe4df8f13) x30 0xfffffe4e
core   0: 0x800080e6 (0x26360f13) addi    t5, a2, 611
core   0: 3 0x800080e6 (0x26360f13) x30 0x800260c7
core   0: 0x800080ea (0x0ff0000f) fence   iorw,iorw
core   0: 3 0x800080ea (0x0ff0000f)
core   0: 0x800080ee (0x00000001) c.nop
core   0: 3 0x800080ee (0x0001)
core   0: 0x800080f0 (0x00733033) sltu    zero, t1, t2
core   0: 3 0x800080f0 (0x00733033)
core   0: 0x800080f4 (0x4166d713) srai    a4, a3, 22
core   0: 3 0x800080f4 (0x4166d713) x14 0x00000000
core   0: 0x800080f8 (0x03032333) mulhsu  t1, t1, a6
core   0: 3 0x800080f8 (0x03032333) x 6 0x00000006
core   0: 0x800080fc (0x03360563) beq     a2, s3, pc + 42
core   0: 3 0x800080fc (0x03360563)
core   0: 0x80008100 (0xec7a4593) xori    a1, s4, -313
core   0: 3 0x80008100 (0xec7a4593) x11 0x509c4e49
core   0: 0x80008104 (0x3f70aeb7) lui     t4, 0x3f70a
core   0: 3 0x80008104 (0x3f70aeb7) x29 0x3f70a000
core   0: 0x80008108 (0x40748d33) sub     s10, s1, t2
core   0: 3 0x80008108 (0x40748d33) x26 0x00000001
core   0: 0x8000810c (0x76bdf093) andi    ra, s11, 1899
core   0: 3 0x8000810c (0x76bdf093) x 1 0x00000100
core   0: 0x80008110 (0x0000079c) c.addi4spn a5, sp, 960
core   0: 3 0x80008110 (0x079c) x15 0x000003bf
core   0: 0x80008112 (0x21a30b13) addi    s6, t1, 538
core   0: 3 0x80008112 (0x21a30b13) x22 0x00000220
core   0: 0x80008116 (0x00000300) c.addi4spn s0, sp, 384
core   0: 3 0x80008116 (0x0300) x 8 0x0000017f
core   0: 0x80008118 (0x001fd093) srli    ra, t6, 1
core   0: 3 0x80008118 (0x001fd093) x 1 0x00000000
core   0: 0x8000811c (0x00000001) c.nop
core   0: 3 0x8000811c (0x0001)
core   0: 0x8000811e (0x55043993) sltiu   s3, s0, 1360
core   0: 3 0x8000811e (0x55043993) x19 0x00000001
core   0: 0x80008122 (0x0000118c) c.addi4spn a1, sp, 224
core   0: 3 0x80008122 (0x118c) x11 0x000000df
core   0: 0x80008124 (0x00008365) c.srli  a4, 25
core   0: 3 0x80008124 (0x8365) x14 0x00000000
core   0: 0x80008126 (0x407b5293) srai    t0, s6, 7
core   0: 3 0x80008126 (0x407b5293) x 5 0x00000004
core   0: 0x8000812a (0x02bb4cb3) div     s9, s6, a1
core   0: 3 0x8000812a (0x02bb4cb3) x25 0x00000002
core   0: 0x8000812e (0x03ea73b3) remu    t2, s4, t5
core   0: 3 0x8000812e (0x03ea73b3) x 7 0x2f614fc7
core   0: 0x80008132 (0x034d0a33) mul     s4, s10, s4
core   0: 3 0x80008132 (0x034d0a33) x20 0xaf63b08e
core   0: 0x80008136 (0x03c79763) bne     a5, t3, pc + 46
core   0: 3 0x80008136 (0x03c79763)
core   0: 0x80008164 (0x00eaf2b3) and     t0, s5, a4
core   0: 3 0x80008164 (0x00eaf2b3) x 5 0x00000000
core   0: 0x80008168 (0x00b55933) srl     s2, a0, a1
core   0: 3 0x80008168 (0x00b55933) x18 0x00000001
core   0: 0x8000816c (0x03a33e33) mulhu   t3, t1, s10
core   0: 3 0x8000816c (0x03a33e33) x28 0x00000000
core   0: 0x80008170 (0x00008eb1) c.xor   a3, a2
core   0: 3 0x80008170 (0x8eb1) x13 0x8002d42c
core   0: 0x80008172 (0x0000ec11) c.bnez  s0, pc + 28
core   0: 3 0x80008172 (0xec11)
core   0: 0x8000818e (0x0000947a) c.add   s0, t5
core   0: 3 0x8000818e (0x947a) x 8 0x80026246
core   0: 0x80008190 (0x0000987d) c.andi  s0, -1
core   0: 3 0x80008190 (0x987d) x 8 0x80026246
core   0: 0x80008192 (0x03845563) bge     s0, s8, pc + 42
core   0: 3 0x80008192 (0x03845563)
core   0: 0x80008196 (0x02229563) bne     t0, sp, pc + 42
core   0: 3 0x80008196 (0x02229563)
core   0: 0x800081c0 (0x0000987d) c.andi  s0, -1
core   0: 3 0x800081c0 (0x987d) x 8 0x80026246
core   0: 0x800081c2 (0x00000398) c.addi4spn a4, sp, 448
core   0: 3 0x800081c2 (0x0398) x14 0x000001bf
core   0: 0x800081c4 (0x41ccd413) srai    s0, s9, 28
core   0: 3 0x800081c4 (0x41ccd413) x 8 0x00000000
core   0: 0x800081c8 (0x035acd33) div     s10, s5, s5
core   0: 3 0x800081c8 (0x035acd33) x26 0xffffffff
core   0: 0x800081cc (0x00008f75) c.and   a4, a3
core   0: 3 0x800081cc (0x8f75) x14 0x0000002c
core   0: 0x800081ce (0x013e0e63) beq     t3, s3, pc + 28
core   0: 3 0x800081ce (0x013e0e63)
core   0: 0x800081d2 (0x00008dc1) c.or    a1, s0
core   0: 3 0x800081d2 (0x8dc1) x11 0x000000df
core   0: 0x800081d4 (0x0107a233) slt     tp, a5, a6
core   0: 3 0x800081d4 (0x0107a233) x 4 0x00000000
core   0: 0x800081d8 (0x010089b3) add     s3, ra, a6
core   0: 3 0x800081d8 (0x010089b3) x19 0xfffff888
core   0: 0x800081dc (0x02bb43b3) div     t2, s6, a1
core   0: 3 0x800081dc (0x02bb43b3) x 7 0x00000002
core   0: 0x800081e0 (0x0196b933) sltu    s2, a3, s9
core   0: 3 0x800081e0 (0x0196b933) x18 0x00000000
core   0: 0x800081e4 (0x00006175) c.addi16sp sp, 368
core   0: 3 0x800081e4 (0x6175) x 2 0x0000016f
core   0: 0x800081e6 (0x01861693) slli    a3, a2, 24
core   0: 3 0x800081e6 (0x01861693) x13 0x64000000
core   0: 0x800081ea (0x00008ddd) c.or    a1, a5
core   0: 3 0x800081ea (0x8ddd) x11 0x000003ff
core   0: 0x800081ec (0x00001cfd) c.addi  s9, -1
core   0: 3 0x800081ec (0x1cfd) x25 0x00000001
core   0: 0x800081ee (0x0ff0000f) fence   iorw,iorw
core   0: 3 0x800081ee (0x0ff0000f)
core   0: 0x800081f2 (0x01a36733) or      a4, t1, s10
core   0: 3 0x800081f2 (0x01a36733) x14 0xffffffff
core   0: 0x800081f6 (0x00dff133) and     sp, t6, a3
core   0: 3 0x800081f6 (0x00dff133) x 2 0x00000000
core   0: 0x800081fa (0x00000001) c.nop
core   0: 3 0x800081fa (0x0001)
core   0: 0x800081fc (0x00302333) slt     t1, zero, gp
core   0: 3 0x800081fc (0x00302333) x 6 0x00000001
core   0: 0x80008200 (0x01601563) bne     zero, s6, pc + 10
core   0: 3 0x80008200 (0x01601563)
core   0: 0x8000820a (0xb935e913) ori     s2, a1, -1133
core   0: 3 0x8000820a (0xb935e913) x18 0xfffffbff
core   0: 0x8000820e (0x0000100f) fence.i
core   0: 3 0x8000820e (0x0000100f)
core   0: 0x80008212 (0x005dca63) blt     s11, t0, pc + 20
core   0: 3 0x80008212 (0x005dca63)
core   0: 0x80008216 (0x000098fd) c.andi  s1, -1
core   0: 3 0x80008216 (0x98fd) x 9 0x00000000
core   0: 0x80008218 (0x00008761) c.srai  a4, 24
core   0: 3 0x80008218 (0x8761) x14 0xffffffff
core   0: 0x8000821a (0x0000835d) c.srli  a4, 23
core   0: 3 0x8000821a (0x835d) x14 0x000001ff
core   0: 0x8000821c (0x00006145) c.addi16sp sp, 48
core   0: 3 0x8000821c (0x6145) x 2 0x00000030
core   0: 0x8000821e (0x00000001) c.nop
core   0: 3 0x8000821e (0x0001)
core   0: 0x80008220 (0x00008f71) c.and   a4, a2
core   0: 3 0x80008220 (0x8f71) x14 0x00000064
core   0: 0x80008222 (0x01956d33) or      s10, a0, s9
core   0: 3 0x80008222 (0x01956d33) x26 0x80029ce5
core   0: 0x80008226 (0x030d7ab3) remu    s5, s10, a6
core   0: 3 0x80008226 (0x030d7ab3) x21 0x80029ce5
core   0: 0x8000822a (0x01a7f8b3) and     a7, a5, s10
core   0: 3 0x8000822a (0x01a7f8b3) x17 0x000000a5
core   0: 0x8000822e (0xa6610693) addi    a3, sp, -1434
core   0: 3 0x8000822e (0xa6610693) x13 0xfffffa96
core   0: 0x80008232 (0x00000a9c) c.addi4spn a5, sp, 336
core   0: 3 0x80008232 (0x0a9c) x15 0x00000180
core   0: 0x80008234 (0x03020733) mul     a4, tp, a6
core   0: 3 0x80008234 (0x03020733) x14 0x00000000
core   0: 0x80008238 (0x00008f5d) c.or    a4, a5
core   0: 3 0x80008238 (0x8f5d) x14 0x00000180
core   0: 0x8000823a (0xdb368b13) addi    s6, a3, -589
core   0: 3 0x8000823a (0xdb368b13) x22 0xfffff849
core   0: 0x8000823e (0x6ef4c317) auipc   t1, 0x6ef4c
core   0: 3 0x8000823e (0x6ef4c317) x 6 0xeef5423e
core   0: 0x80008242 (0x614cbc13) sltiu   s8, s9, 1556
core   0: 3 0x80008242 (0x614cbc13) x24 0x00000001
core   0: 0x80008246 (0x00008c4d) c.or    s0, a1
core   0: 3 0x80008246 (0x8c4d) x 8 0x000003ff
core   0: 0x80008248 (0x00008f75) c.and   a4, a3
core   0: 3 0x80008248 (0x8f75) x14 0x00000080
core   0: 0x8000824a (0x00008f61) c.and   a4, s0
core   0: 3 0x8000824a (0x8f61) x14 0x00000080
core   0: 0x8000824c (0x11ffc717) auipc   a4, 0x11ffc
core   0: 3 0x8000824c (0x11ffc717) x14 0x9200424c
core   0: 0x80008250 (0x00418eb3) add     t4, gp, tp
core   0: 3 0x80008250 (0x00418eb3) x29 0x00002000
core   0: 0x80008254 (0x5f280413) addi    s0, a6, 1522
core   0: 3 0x80008254 (0x5f280413) x 8 0xfffffe7a
core   0: 0x80008258 (0x00000001) c.nop
core   0: 3 0x80008258 (0x0001)
core   0: 0x8000825a (0x024ee433) rem     s0, t4, tp
core   0: 3 0x8000825a (0x024ee433) x 8 0x00002000
core   0: 0x8000825e (0x0099ba33) sltu    s4, s3, s1
core   0: 3 0x8000825e (0x0099ba33) x20 0x00000000
core   0: 0x80008262 (0x001cd363) bge     s9, ra, pc + 6
core   0: 3 0x80008262 (0x001cd363)
core   0: 0x80008268 (0x036f88b3) mul     a7, t6, s6
core   0: 3 0x80008268 (0x036f88b3) x17 0xfffff849
core   0: 0x8000826c (0x00008326) c.mv    t1, s1
core   0: 3 0x8000826c (0x8326) x 6 0x00000000
core   0: 0x8000826e (0x0167c933) xor     s2, a5, s6
core   0: 3 0x8000826e (0x0167c933) x18 0xfffff9c9
core   0: 0x80008272 (0x014c4493) xori    s1, s8, 20
core   0: 3 0x80008272 (0x014c4493) x 9 0x00000015
core   0: 0x80008276 (0x0000979e) c.add   a5, t2
core   0: 3 0x80008276 (0x979e) x15 0x00000182
core   0: 0x80008278 (0x00006e49) c.lui   t3, 0x12
core   0: 3 0x80008278 (0x6e49) x28 0x00012000
core   0: 0x8000827a (0x00008019) c.srli  s0, 6
core   0: 3 0x8000827a (0x8019) x 8 0x00000080
core   0: 0x8000827c (0x025636b3) mulhu   a3, a2, t0
core   0: 3 0x8000827c (0x025636b3) x13 0x00000000
core   0: 0x80008280 (0x02eb16b3) mulh    a3, s6, a4
core   0: 3 0x80008280 (0x02eb16b3) x13 0x00000350
core   0: 0x80008284 (0x0000c781) c.beqz  a5, pc + 8
core   0: 3 0x80008284 (0xc781)
core   0: 0x80008286 (0x0ff0000f) fence   iorw,iorw
core   0: 3 0x80008286 (0x0ff0000f)
core   0: 0x8000828a (0x00008fe5) c.and   a5, s1
core   0: 3 0x8000828a (0x8fe5) x15 0x00000000
core   0: 0x8000828c (0x0ff0000f) fence   iorw,iorw
core   0: 3 0x8000828c (0x0ff0000f)
core   0: 0x80008290 (0xf3202413) slti    s0, zero, -206
core   0: 3 0x80008290 (0xf3202413) x 8 0x00000000
core   0: 0x80008294 (0x0203c833) div     a6, t2, zero
core   0: 3 0x80008294 (0x0203c833) x16 0xffffffff
core   0: 0x80008298 (0xb42fc213) xori    tp, t6, -1214
core   0: 3 0x80008298 (0xb42fc213) x 4 0xfffffb43
core   0: 0x8000829c (0x446fb793) sltiu   a5, t6, 1094
core   0: 3 0x8000829c (0x446fb793) x15 0x00000001
core   0: 0x800082a0 (0x0000815e) c.mv    sp, s7
core   0: 3 0x800082a0 (0x815e) x 2 0xbdbd1943
core   0: 0x800082a2 (0x0000ec99) c.bnez  s1, pc + 30
core   0: 3 0x800082a2 (0xec99)
core   0: 0x800082c0 (0xb2f64093) xori    ra, a2, -1233
core   0: 3 0x800082c0 (0xb2f64093) x 1 0x7ffda54b
core   0: 0x800082c4 (0x31fbae93) slti    t4, s7, 799
core   0: 3 0x800082c4 (0x31fbae93) x29 0x00000001
core   0: 0x800082c8 (0x00008f2d) c.xor   a4, a1
core   0: 3 0x800082c8 (0x8f2d) x14 0x920041b3
core   0: 0x800082ca (0x000005a6) c.slli  a1, 9
core   0: 3 0x800082ca (0x05a6) x11 0x0007fe00
core   0: 0x800082cc (0x00004e45) c.li    t3, 17
core   0: 3 0x800082cc (0x4e45) x28 0x00000011
core   0: 0x800082ce (0x01307263) bgeu    zero, s3, pc + 4
core   0: 3 0x800082ce (0x01307263)
core   0: 0x800082d2 (0x03ce16b3) mulh    a3, t3, t3
core   0: 3 0x800082d2 (0x03ce16b3) x13 0x00000000
core   0: 0x800082d6 (0x01129393) slli    t2, t0, 17
core   0: 3 0x800082d6 (0x01129393) x 7 0x00000000
core   0: 0x800082da (0x00071793) slli    a5, a4, 0
core   0: 3 0x800082da (0x00071793) x15 0x920041b3
core   0: 0x800082de (0xec02f113) andi    sp, t0, -320
core   0: 3 0x800082de (0xec02f113) x 2 0x00000000
core   0: 0x800082e2 (0x0180c733) xor     a4, ra, s8
core   0: 3 0x800082e2 (0x0180c733) x14 0x7ffda54a
core   0: 0x800082e6 (0x00000fbe) c.slli  t6, 15
core   0: 3 0x800082e6 (0x0fbe) x31 0x00008000
core   0: 0x800082e8 (0x02dfcb33) div     s6, t6, a3
core   0: 3 0x800082e8 (0x02dfcb33) x22 0xffffffff
core   0: 0x800082ec (0x03ce45b3) div     a1, t3, t3
core   0: 3 0x800082ec (0x03ce45b3) x11 0x00000001
core   0: 0x800082f0 (0x40b901b3) sub     gp, s2, a1
core   0: 3 0x800082f0 (0x40b901b3) x 3 0xfffff9c8
core   0: 0x800082f4 (0x0000e089) c.bnez  s1, pc + 2
core   0: 3 0x800082f4 (0xe089)
core   0: 0x800082f6 (0x00009122) c.add   sp, s0
core   0: 3 0x800082f6 (0x9122) x 2 0x00000000
core   0: 0x800082f8 (0x86a9a013) slti    zero, s3, -1942
core   0: 3 0x800082f8 (0x86a9a013)
core   0: 0x800082fc (0x0000100f) fence.i
core   0: 3 0x800082fc (0x0000100f)
core   0: 0x80008300 (0x000086ed) c.srai  a3, 27
core   0: 3 0x80008300 (0x86ed) x13 0x00000000
core   0: 0x80008302 (0x010ff133) and     sp, t6, a6
core   0: 3 0x80008302 (0x010ff133) x 2 0x00008000
core   0: 0x80008306 (0x0000894a) c.mv    s2, s2
core   0: 3 0x80008306 (0x894a) x18 0xfffff9c9
core   0: 0x80008308 (0x020412b3) mulh    t0, s0, zero
core   0: 3 0x80008308 (0x020412b3) x 5 0x00000000
core   0: 0x8000830c (0x00d11433) sll     s0, sp, a3
core   0: 3 0x8000830c (0x00d11433) x 8 0x00008000
core   0: 0x80008310 (0x01cea133) slt     sp, t4, t3
core   0: 3 0x80008310 (0x01cea133) x 2 0x00000001
core   0: 0x80008314 (0x00008fe9) c.and   a5, a0
core   0: 3 0x80008314 (0x8fe9) x15 0x800000a0
core   0: 0x80008316 (0x2fbb8f13) addi    t5, s7, 763
core   0: 3 0x80008316 (0x2fbb8f13) x30 0xbdbd1c3e
core   0: 0x8000831a (0x0000972a) c.add   a4, a0
core   0: 3 0x8000831a (0x972a) x14 0x0000422e
core   0: 0x8000831c (0x000085c9) c.srai  a1, 18
core   0: 3 0x8000831c (0x85c9) x11 0x00000000
core   0: 0x8000831e (0x000001e2) c.slli  gp, 24
core   0: 3 0x8000831e (0x01e2) x 3 0xc8000000
core   0: 0x80008320 (0x030be863) bltu    s7, a6, pc + 48
core   0: 3 0x80008320 (0x030be863)
core   0: 0x80008350 (0x00008b12) c.mv    s6, tp
core   0: 3 0x80008350 (0x8b12) x22 0xfffffb43
core   0: 0x80008352 (0x00bed213) srli    tp, t4, 11
core   0: 3 0x80008352 (0x00bed213) x 4 0x00000000
core   0: 0x80008356 (0x03270f33) mul     t5, a4, s2
core   0: 3 0x80008356 (0x03270f33) x30 0xfe64b41e
core   0: 0x8000835a (0x82eb7297) auipc   t0, 0x82eb7
core   0: 3 0x8000835a (0x82eb7297) x 5 0x02ebf35a
core   0: 0x8000835e (0x00000c31) c.addi  s8, 12
core   0: 3 0x8000835e (0x0c31) x24 0x0000000d
core   0: 0x80008360 (0x00000c00) c.addi4spn s0, sp, 528
core   0: 3 0x80008360 (0x0c00) x 8 0x00000211
core   0: 0x80008362 (0x01891213) slli    tp, s2, 24
core   0: 3 0x80008362 (0x01891213) x 4 0xc9000000
core   0: 0x80008366 (0x01d7e363) bltu    a5, t4, pc + 6
core   0: 3 0x80008366 (0x01d7e363)
core   0: 0x8000836a (0x00009686) c.add   a3, ra
core   0: 3 0x8000836a (0x9686) x13 0x7ffda54b
core   0: 0x8000836c (0x007dcd33) xor     s10, s11, t2
core   0: 3 0x8000836c (0x007dcd33) x26 0x4242e194
core   0: 0x80008370 (0x0e333313) sltiu   t1, t1, 227
core   0: 3 0x80008370 (0x0e333313) x 6 0x00000001
core   0: 0x80008374 (0x00008ef1) c.and   a3, a2
core   0: 3 0x80008374 (0x8ef1) x13 0x00000440
core   0: 0x80008376 (0x34672a93) slti    s5, a4, 838
core   0: 3 0x80008376 (0x34672a93) x21 0x00000000
core   0: 0x8000837a (0x0000100f) fence.i
core   0: 3 0x8000837a (0x0000100f)
core   0: 0x8000837e (0x00005c7d) c.li    s8, -1
core   0: 3 0x8000837e (0x5c7d) x24 0xffffffff
core   0: 0x80008380 (0x00004ccd) c.li    s9, 19
core   0: 3 0x80008380 (0x4ccd) x25 0x00000013
core   0: 0x80008382 (0x01d4a4b3) slt     s1, s1, t4
core   0: 3 0x80008382 (0x01d4a4b3) x 9 0x00000000
core   0: 0x80008386 (0x41f50b33) sub     s6, a0, t6
core   0: 3 0x80008386 (0x41f50b33) x22 0x80021ce4
core   0: 0x8000838a (0x00004309) c.li    t1, 2
core   0: 3 0x8000838a (0x4309) x 6 0x00000002
core   0: 0x8000838c (0x0000e791) c.bnez  a5, pc + 12
core   0: 3 0x8000838c (0xe791)
core   0: 0x80008398 (0x00000842) c.slli  a6, 16
core   0: 3 0x80008398 (0x0842) x16 0xffff0000
core   0: 0x8000839a (0x03612e33) mulhsu  t3, sp, s6
core   0: 3 0x8000839a (0x03612e33) x28 0x00000000
core   0: 0x8000839e (0x00a51c93) slli    s9, a0, 10
core   0: 3 0x8000839e (0x00a51c93) x25 0x0a739000
core   0: 0x800083a2 (0x98437d13) andi    s10, t1, -1660
core   0: 3 0x800083a2 (0x98437d13) x26 0x00000000
core   0: 0x800083a6 (0x00008fd9) c.or    a5, a4
core   0: 3 0x800083a6 (0x8fd9) x15 0x800042ae
core   0: 0x800083a8 (0x0ff0000f) fence   iorw,iorw
core   0: 3 0x800083a8 (0x0ff0000f)
core   0: 0x800083ac (0x9d35c993) xori    s3, a1, -1581
core   0: 3 0x800083ac (0x9d35c993) x19 0xfffff9d3
core   0: 0x800083b0 (0x000085b1) c.srai  a1, 12
core   0: 3 0x800083b0 (0x85b1) x11 0x00000000
core   0: 0x800083b2 (0x0ff0000f) fence   iorw,iorw
core   0: 3 0x800083b2 (0x0ff0000f)
core   0: 0x800083b6 (0x00008b4e) c.mv    s6, s3
core   0: 3 0x800083b6 (0x8b4e) x22 0xfffff9d3
core   0: 0x800083b8 (0x00001a00) c.addi4spn s0, sp, 304
core   0: 3 0x800083b8 (0x1a00) x 8 0x00000131
core   0: 0x800083ba (0x00000001) c.nop
core   0: 3 0x800083ba (0x0001)
core   0: 0x800083bc (0x00008f39) c.xor   a4, a4
core   0: 3 0x800083bc (0x8f39) x14 0x00000000
core   0: 0x800083be (0x00009e22) c.add   t3, s0
core   0: 3 0x800083be (0x9e22) x28 0x00000131
core   0: 0x800083c0 (0x005cbd33) sltu    s10, s9, t0
core   0: 3 0x800083c0 (0x005cbd33) x26 0x00000000
core   0: 0x800083c4 (0x024d3433) mulhu   s0, s10, tp
core   0: 3 0x800083c4 (0x024d3433) x 8 0x00000000
core   0: 0x800083c8 (0x00008f65) c.and   a4, s1
core   0: 3 0x800083c8 (0x8f65) x14 0x00000000
core   0: 0x800083ca (0x00001ffd) c.addi  t6, -1
core   0: 3 0x800083ca (0x1ffd) x31 0x00007fff
core   0: 0x800083cc (0x0200b933) mulhu   s2, ra, zero
core   0: 3 0x800083cc (0x0200b933) x18 0x00000000
core   0: 0x800083d0 (0x00009972) c.add   s2, t3
core   0: 3 0x800083d0 (0x9972) x18 0x00000131
core   0: 0x800083d2 (0x00dd5813) srli    a6, s10, 13
core   0: 3 0x800083d2 (0x00dd5813) x16 0x00000000
core   0: 0x800083d6 (0x02323eb3) mulhu   t4, tp, gp
core   0: 3 0x800083d6 (0x02323eb3) x29 0x9d080000
core   0: 0x800083da (0x0000cf15) c.beqz  a4, pc + 60
core   0: 3 0x800083da (0xcf15)
core   0: 0x80008416 (0x037f5363) bge     t5, s7, pc + 38
core   0: 3 0x80008416 (0x037f5363)
core   0: 0x8000843c (0x41d700b3) sub     ra, a4, t4
core   0: 3 0x8000843c (0x41d700b3) x 1 0x62f80000
core   0: 0x80008440 (0x00008f45) c.or    a4, s1
core   0: 3 0x80008440 (0x8f45) x14 0x00000000
core   0: 0x80008442 (0x01bc04b3) add     s1, s8, s11
core   0: 3 0x80008442 (0x01bc04b3) x 9 0x4242e193
core   0: 0x80008446 (0x0000859d) c.srai  a1, 7
core   0: 3 0x80008446 (0x859d) x11 0x00000000
core   0: 0x80008448 (0xe77c0c93) addi    s9, s8, -393
core   0: 3 0x80008448 (0xe77c0c93) x25 0xfffffe76
core   0: 0x8000844c (0x0112db13) srli    s6, t0, 17
core   0: 3 0x8000844c (0x0112db13) x22 0x00000175
core   0: 0x80008450 (0x4088de13) srai    t3, a7, 8
core   0: 3 0x80008450 (0x4088de13) x28 0xfffffff8
core   0: 0x80008454 (0x00008cd1) c.or    s1, a2
core   0: 3 0x80008454 (0x8cd1) x 9 0xc242fff7
core   0: 0x80008456 (0x624f7393) andi    t2, t5, 1572
core   0: 3 0x80008456 (0x624f7393) x 7 0x00000404
core   0: 0x8000845a (0x3c572893) slti    a7, a4, 965
core   0: 3 0x8000845a (0x3c572893) x17 0x00000001
core   0: 0x8000845e (0x402dd913) srai    s2, s11, 2
core   0: 3 0x8000845e (0x402dd913) x18 0x1090b865
core   0: 0x80008462 (0x41a0d933) sra     s2, ra, s10
core   0: 3 0x80008462 (0x41a0d933) x18 0x62f80000
core   0: 0x80008466 (0x000095ce) c.add   a1, s3
core   0: 3 0x80008466 (0x95ce) x11 0xfffff9d3
core   0: 0x80008468 (0x0000c489) c.beqz  s1, pc + 10
core   0: 3 0x80008468 (0xc489)
core   0: 0x8000846a (0x4182da13) srai    s4, t0, 24
core   0: 3 0x8000846a (0x4182da13) x20 0x00000002
core   0: 0x8000846e (0x15e82293) slti    t0, a6, 350
core   0: 3 0x8000846e (0x15e82293) x 5 0x00000001
core   0: 0x80008472 (0x054cf593) andi    a1, s9, 84
core   0: 3 0x80008472 (0x054cf593) x11 0x00000054
core   0: 0x80008476 (0x0000803d) c.srli  s0, 15
core   0: 3 0x80008476 (0x803d) x 8 0x00000000
core   0: 0x80008478 (0x02f507b3) mul     a5, a0, a5
core   0: 3 0x80008478 (0x02f507b3) x15 0xae396af8
core   0: 0x8000847c (0x01041333) sll     t1, s0, a6
core   0: 3 0x8000847c (0x01041333) x 6 0x00000000
core   0: 0x80008480 (0xd3dbb193) sltiu   gp, s7, -707
core   0: 3 0x80008480 (0xd3dbb193) x 3 0x00000001
core   0: 0x80008484 (0x00008ed2) c.mv    t4, s4
core   0: 3 0x80008484 (0x8ed2) x29 0x00000002
core   0: 0x80008486 (0x00008425) c.srai  s0, 9
core   0: 3 0x80008486 (0x8425) x 8 0x00000000
core   0: 0x80008488 (0x017e82b3) add     t0, t4, s7
core   0: 3 0x80008488 (0x017e82b3) x 5 0xbdbd1945
core   0: 0x8000848c (0x03012433) mulhsu  s0, sp, a6
core   0: 3 0x8000848c (0x03012433) x 8 0x00000000
core   0: 0x80008490 (0x00008fc5) c.or    a5, s1
core   0: 3 0x80008490 (0x8fc5) x15 0xee7bffff
core   0: 0x80008492 (0x00881ab3) sll     s5, a6, s0
core   0: 3 0x80008492 (0x00881ab3) x21 0x00000000
core   0: 0x80008496 (0x02797e33) remu    t3, s2, t2
core   0: 3 0x80008496 (0x02797e33) x28 0x00000298
core   0: 0x8000849a (0x00008fb9) c.xor   a5, a4
core   0: 3 0x8000849a (0x8fb9) x15 0xee7bffff
core   0: 0x8000849c (0x017df763) bgeu    s11, s7, pc + 14
core   0: 3 0x8000849c (0x017df763)
core   0: 0x800084a0 (0x02f0e763) bltu    ra, a5, pc + 46
core   0: 3 0x800084a0 (0x02f0e763)
core   0: 0x800084ce (0x53b3b213) sltiu   tp, t2, 1339
core   0: 3 0x800084ce (0x53b3b213) x 4 0x00000001
core   0: 0x800084d2 (0x9cc10993) addi    s3, sp, -1588
core   0: 3 0x800084d2 (0x9cc10993) x19 0xfffff9cd
core   0: 0x800084d6 (0x00008065) c.srli  s0, 25
core   0: 3 0x800084d6 (0x8065) x 8 0x00000000
core   0: 0x800084d8 (0x8c1a8a37) lui     s4, 0x8c1a8
core   0: 3 0x800084d8 (0x8c1a8a37) x20 0x8c1a8000
core   0: 0x800084dc (0x00012e97) auipc   t4, 0x12
core   0: 3 0x800084dc (0x00012e97) x29 0x8001a4dc
core   0: 0x800084e0 (0x785e8e93) addi    t4, t4, 1925
core   0: 3 0x800084e0 (0x785e8e93) x29 0x8001ac61
core   0: 0x800084e4 (0x02aecc83) lbu     s9, 42(t4)
core   0: 3 0x800084e4 (0x02aecc83) x25 0x00000000 mem 0x8001ac8b
core   0: 0x800084e8 (0x00008eed) c.and   a3, a1
core   0: 3 0x800084e8 (0x8eed) x13 0x00000040
core   0: 0x800084ea (0xfd6e8b03) lb      s6, -42(t4)
core   0: 3 0x800084ea (0xfd6e8b03) x22 0x00000000 mem 0x8001ac37
core   0: 0x800084ee (0xfd6ecc83) lbu     s9, -42(t4)
core   0: 3 0x800084ee (0xfd6ecc83) x25 0x00000000 mem 0x8001ac37
core   0: 0x800084f2 (0xfc9e8b23) sb      s1, -42(t4)
core   0: 3 0x800084f2 (0xfc9e8b23) mem 0x8001ac37 0xf7
core   0: 0x800084f6 (0x008e8123) sb      s0, 2(t4)
core   0: 3 0x800084f6 (0x008e8123) mem 0x8001ac63 0x0
core   0: 0x800084fa (0x6c57bf93) sltiu   t6, a5, 1733
core   0: 3 0x800084fa (0x6c57bf93) x31 0x00000000
core   0: 0x800084fe (0x016e8123) sb      s6, 2(t4)
core   0: 3 0x800084fe (0x016e8123) mem 0x8001ac63 0x0
core   0: 0x80008502 (0xff9e9703) lh      a4, -7(t4)
core   0: 3 0x80008502 (0xff9e9703) x14 0x00000000 mem 0x8001ac5a
core   0: 0x80008506 (0xfeee9ca3) sh      a4, -7(t4)
core   0: 3 0x80008506 (0xfeee9ca3) mem 0x8001ac5a 0x0000
core   0: 0x8000850a (0xff9ed303) lhu     t1, -7(t4)
core   0: 3 0x8000850a (0xff9ed303) x 6 0x00000000 mem 0x8001ac5a
core   0: 0x8000850e (0x02de7133) remu    sp, t3, a3
core   0: 3 0x8000850e (0x02de7133) x 2 0x00000018
core   0: 0x80008512 (0xff7edd03) lhu     s10, -9(t4)
core   0: 3 0x80008512 (0xff7edd03) x26 0x00000000 mem 0x8001ac58
core   0: 0x80008516 (0x6a19cf13) xori    t5, s3, 1697
core   0: 3 0x80008516 (0x6a19cf13) x30 0xffffff6c
core   0: 0x8000851a (0xfd2e8303) lb      t1, -46(t4)
core   0: 3 0x8000851a (0xfd2e8303) x 6 0x00000000 mem 0x8001ac33
core   0: 0x8000851e (0x40cdd6b3) sra     a3, s11, a2
core   0: 3 0x8000851e (0x40cdd6b3) x13 0x04242e19
core   0: 0x80008522 (0x0080db63) bge     ra, s0, pc + 22
core   0: 3 0x80008522 (0x0080db63)
core   0: 0x80008538 (0x01237cb3) and     s9, t1, s2
core   0: 3 0x80008538 (0x01237cb3) x25 0x00000000
core   0: 0x8000853c (0x01b6d263) bge     a3, s11, pc + 4
core   0: 3 0x8000853c (0x01b6d263)
core   0: 0x80008540 (0x02d1feb3) remu    t4, gp, a3
core   0: 3 0x80008540 (0x02d1feb3) x29 0x00000001
core   0: 0x80008544 (0x41a9dd13) srai    s10, s3, 26
core   0: 3 0x80008544 (0x41a9dd13) x26 0xffffffff
core   0: 0x80008548 (0x00e0036f) jal     t1, pc + 0xe
core   0: 3 0x80008548 (0x00e0036f) x 6 0x8000854c
core   0: 0x80008556 (0x0000a021) c.j     pc + 8
core   0: 3 0x80008556 (0xa021)
core   0: 0x8000855e (0x00c000ef) jal     pc + 0xc
core   0: 3 0x8000855e (0x00c000ef) x 1 0x80008562
core   0: 0x8000856a (0xfe3ff36f) jal     t1, pc - 0x1e
core   0: 3 0x8000856a (0xfe3ff36f) x 6 0x8000856e
core   0: 0x8000854c (0x0000a039) c.j     pc + 14
core   0: 3 0x8000854c (0xa039)
core   0: 0x8000855a (0x00002009) c.jal   pc + 2
core   0: 3 0x8000855a (0x2009) x 1 0x8000855c
core   0: 0x8000855c (0x0000a031) c.j     pc + 12
core   0: 3 0x8000855c (0xa031)
core   0: 0x80008568 (0x0000bfed) c.j     pc - 6
core   0: 3 0x80008568 (0xbfed)
core   0: 0x80008562 (0x0000bfc5) c.j     pc - 16
core   0: 3 0x80008562 (0xbfc5)
core   0: 0x80008552 (0xffdff0ef) jal     pc - 0x4
core   0: 3 0x80008552 (0xffdff0ef) x 1 0x80008556
core   0: 0x8000854e (0x00002005) c.jal   pc + 32
core   0: 3 0x8000854e (0x2005) x 1 0x80008550
core   0: 0x8000856e (0xff9ff0ef) jal     pc - 0x8
core   0: 3 0x8000856e (0xff9ff0ef) x 1 0x80008572
core   0: 0x80008566 (0x000037ed) c.jal   pc - 22
core   0: 3 0x80008566 (0x37ed) x 1 0x80008568
core   0: 0x80008550 (0x0000a021) c.j     pc + 8
core   0: 3 0x80008550 (0xa021)
core   0: 0x80008558 (0x00002031) c.jal   pc + 12
core   0: 3 0x80008558 (0x2031) x 1 0x8000855a
core   0: 0x80008564 (0x0000a039) c.j     pc + 14
core   0: 3 0x80008564 (0xa039)
core   0: 0x80008572 (0x03147c33) remu    s8, s0, a7
core   0: 3 0x80008572 (0x03147c33) x24 0x00000000
core   0: 0x80008576 (0x34e13b17) auipc   s6, 0x34e13
core   0: 3 0x80008576 (0x34e13b17) x22 0xb4e1b576
core   0: 0x8000857a (0x0000c815) c.beqz  s0, pc + 52
core   0: 3 0x8000857a (0xc815)
core   0: 0x800085ae (0x00000f80) c.addi4spn s0, sp, 976
core   0: 3 0x800085ae (0x0f80) x 8 0x000003e8
core   0: 0x800085b0 (0x023bb4b3) mulhu   s1, s7, gp
core   0: 3 0x800085b0 (0x023bb4b3) x 9 0x00000000
core   0: 0x800085b4 (0x818b2093) slti    ra, s6, -2024
core   0: 3 0x800085b4 (0x818b2093) x 1 0x00000001
core   0: 0x800085b8 (0x40c85693) srai    a3, a6, 12
core   0: 3 0x800085b8 (0x40c85693) x13 0x00000000
core   0: 0x800085bc (0x4155dc93) srai    s9, a1, 21
core   0: 3 0x800085bc (0x4155dc93) x25 0x00000000
core   0: 0x800085c0 (0x417ad413) srai    s0, s5, 23
core   0: 3 0x800085c0 (0x417ad413) x 8 0x00000000
core   0: 0x800085c4 (0x02b91b33) mulh    s6, s2, a1
core   0: 3 0x800085c4 (0x02b91b33) x22 0x00000020
core   0: 0x800085c8 (0x00000b8c) c.addi4spn a1, sp, 464
core   0: 3 0x800085c8 (0x0b8c) x11 0x000001e8
core   0: 0x800085ca (0x00000c55) c.addi  s8, 21
core   0: 3 0x800085ca (0x0c55) x24 0x00000015
core   0: 0x800085cc (0x4088d8b3) sra     a7, a7, s0
core   0: 3 0x800085cc (0x4088d8b3) x17 0x00000001
core   0: 0x800085d0 (0x001ec663) blt     t4, ra, pc + 12
core   0: 3 0x800085d0 (0x001ec663)
core   0: 0x800085d4 (0xc0c37913) andi    s2, t1, -1012
core   0: 3 0x800085d4 (0xc0c37913) x18 0x8000840c
core   0: 0x800085d8 (0x8ab7a893) slti    a7, a5, -1877
core   0: 3 0x800085d8 (0x8ab7a893) x17 0x00000001
core   0: 0x800085dc (0x00004975) c.li    s2, 29
core   0: 3 0x800085dc (0x4975) x18 0x0000001d
core   0: 0x800085de (0x0000100f) fence.i
core   0: 3 0x800085de (0x0000100f)
core   0: 0x800085e2 (0x0000100f) fence.i
core   0: 3 0x800085e2 (0x0000100f)
core   0: 0x800085e6 (0x028b3d33) mulhu   s10, s6, s0
core   0: 3 0x800085e6 (0x028b3d33) x26 0x00000000
core   0: 0x800085ea (0x02a1b1b3) mulhu   gp, gp, a0
core   0: 3 0x800085ea (0x02a1b1b3) x 3 0x00000000
core   0: 0x800085ee (0x00008dd5) c.or    a1, a3
core   0: 3 0x800085ee (0x8dd5) x11 0x000001e8
core   0: 0x800085f0 (0x000005b6) c.slli  a1, 13
core   0: 3 0x800085f0 (0x05b6) x11 0x003d0000
core   0: 0x800085f2 (0x00008041) c.srli  s0, 16
core   0: 3 0x800085f2 (0x8041) x 8 0x00000000
core   0: 0x800085f4 (0x195b8713) addi    a4, s7, 405
core   0: 3 0x800085f4 (0x195b8713) x14 0xbdbd1ad8
core   0: 0x800085f8 (0x000087ee) c.mv    a5, s11
core   0: 3 0x800085f8 (0x87ee) x15 0x4242e194
core   0: 0x800085fa (0x00c6e5b3) or      a1, a3, a2
core   0: 3 0x800085fa (0x00c6e5b3) x11 0x80025e64
core   0: 0x800085fe (0x00008c45) c.or    s0, s1
core   0: 3 0x800085fe (0x8c45) x 8 0x00000000
core   0: 0x80008600 (0x01c73ab3) sltu    s5, a4, t3
core   0: 3 0x80008600 (0x01c73ab3) x21 0x00000000
core   0: 0x80008604 (0x00979433) sll     s0, a5, s1
core   0: 3 0x80008604 (0x00979433) x 8 0x4242e194
core   0: 0x80008608 (0x004146b3) xor     a3, sp, tp
core   0: 3 0x80008608 (0x004146b3) x13 0x00000019
core   0: 0x8000860c (0x016a7fb3) and     t6, s4, s6
core   0: 3 0x8000860c (0x016a7fb3) x31 0x00000000
core   0: 0x80008610 (0x0000922e) c.add   tp, a1
core   0: 3 0x80008610 (0x922e) x 4 0x80025e65
core   0: 0x80008612 (0x00008f55) c.or    a4, a3
core   0: 3 0x80008612 (0x8f55) x14 0xbdbd1ad9
core   0: 0x80008614 (0x013f6d63) bltu    t5, s3, pc + 26
core   0: 3 0x80008614 (0x013f6d63)
core   0: 0x80008618 (0x4179de93) srai    t4, s3, 23
core   0: 3 0x80008618 (0x4179de93) x29 0xffffffff
core   0: 0x8000861c (0x02797d33) remu    s10, s2, t2
core   0: 3 0x8000861c (0x02797d33) x26 0x0000001d
core   0: 0x80008620 (0x001ac563) blt     s5, ra, pc + 10
core   0: 3 0x80008620 (0x001ac563)
core   0: 0x8000862a (0x4183d893) srai    a7, t2, 24
core   0: 3 0x8000862a (0x4183d893) x17 0x00000000
core   0: 0x8000862e (0x005f1193) slli    gp, t5, 5
core   0: 3 0x8000862e (0x005f1193) x 3 0xffffed80
core   0: 0x80008632 (0x018c0263) beq     s8, s8, pc + 4
core   0: 3 0x80008632 (0x018c0263)
core   0: 0x80008636 (0x00831833) sll     a6, t1, s0
core   0: 3 0x80008636 (0x00831833) x16 0x56e00000
core   0: 0x8000863a (0x002e1713) slli    a4, t3, 2
core   0: 3 0x8000863a (0x002e1713) x14 0x00000a60
core   0: 0x8000863e (0x50e2cc93) xori    s9, t0, 1294
core   0: 3 0x8000863e (0x50e2cc93) x25 0xbdbd1c4b
core   0: 0x80008642 (0x6c897413) andi    s0, s2, 1736
core   0: 3 0x80008642 (0x6c897413) x 8 0x00000008
core   0: 0x80008646 (0x3cc84f13) xori    t5, a6, 972
core   0: 3 0x80008646 (0x3cc84f13) x30 0x56e003cc
core   0: 0x8000864a (0x0ff0000f) fence   iorw,iorw
core   0: 3 0x8000864a (0x0ff0000f)
core   0: 0x8000864e (0x02e86063) bltu    a6, a4, pc + 32
core   0: 3 0x8000864e (0x02e86063)
core   0: 0x80008652 (0x0000ec09) c.bnez  s0, pc + 26
core   0: 3 0x80008652 (0xec09)
core   0: 0x8000866c (0x0000e31d) c.bnez  a4, pc + 38
core   0: 3 0x8000866c (0xe31d)
core   0: 0x80008692 (0x03eea933) mulhsu  s2, t4, t5
core   0: 3 0x80008692 (0x03eea933) x18 0xffffffff
core   0: 0x80008696 (0x00000914) c.addi4spn a3, sp, 144
core   0: 3 0x80008696 (0x0914) x13 0x000000a8
core   0: 0x80008698 (0x00008071) c.srli  s0, 28
core   0: 3 0x80008698 (0x8071) x 8 0x00000000
core   0: 0x8000869a (0x000090aa) c.add   ra, a0
core   0: 3 0x8000869a (0x90aa) x 1 0x80029ce5
core   0: 0x8000869c (0x03630933) mul     s2, t1, s6
core   0: 3 0x8000869c (0x03630933) x18 0x0010adc0
core   0: 0x800086a0 (0x00008cc5) c.or    s1, s1
core   0: 3 0x800086a0 (0x8cc5) x 9 0x00000000
core   0: 0x800086a2 (0x00006175) c.addi16sp sp, 368
core   0: 3 0x800086a2 (0x6175) x 2 0x00000188
core   0: 0x800086a4 (0x014ad8b3) srl     a7, s5, s4
core   0: 3 0x800086a4 (0x014ad8b3) x17 0x00000000
core   0: 0x800086a8 (0x03ac52b3) divu    t0, s8, s10
core   0: 3 0x800086a8 (0x03ac52b3) x 5 0x00000000
core   0: 0x800086ac (0x3b8b2f37) lui     t5, 0x3b8b2
core   0: 3 0x800086ac (0x3b8b2f37) x30 0x3b8b2000
core   0: 0x800086b0 (0x03f711b3) mulh    gp, a4, t6
core   0: 3 0x800086b0 (0x03f711b3) x 3 0x00000000
core   0: 0x800086b4 (0x00909b63) bne     ra, s1, pc + 22
core   0: 3 0x800086b4 (0x00909b63)
core   0: 0x800086ca (0x000082a5) c.srli  a3, 9
core   0: 3 0x800086ca (0x82a5) x13 0x00000000
core   0: 0x800086cc (0x00006e11) c.lui   t3, 0x4
core   0: 3 0x800086cc (0x6e11) x28 0x00004000
core   0: 0x800086ce (0x00001318) c.addi4spn a4, sp, 416
core   0: 3 0x800086ce (0x1318) x14 0x00000328
core   0: 0x800086d0 (0x40fd0d33) sub     s10, s10, a5
core   0: 3 0x800086d0 (0x40fd0d33) x26 0xbdbd1e89
core   0: 0x800086d4 (0x00008226) c.mv    tp, s1
core   0: 3 0x800086d4 (0x8226) x 4 0x00000000
core   0: 0x800086d6 (0x00006175) c.addi16sp sp, 368
core   0: 3 0x800086d6 (0x6175) x 2 0x000002f8
core   0: 0x800086d8 (0x001caeb3) slt     t4, s9, ra
core   0: 3 0x800086d8 (0x001caeb3) x29 0x00000000
core   0: 0x800086dc (0x8d047393) andi    t2, s0, -1840
core   0: 3 0x800086dc (0x8d047393) x 7 0x00000000
core   0: 0x800086e0 (0x41ca52b3) sra     t0, s4, t3
core   0: 3 0x800086e0 (0x41ca52b3) x 5 0x8c1a8000
core   0: 0x800086e4 (0x03076063) bltu    a4, a6, pc + 32
core   0: 3 0x800086e4 (0x03076063)
core   0: 0x80008704 (0x00008de9) c.and   a1, a0
core   0: 3 0x80008704 (0x8de9) x11 0x80021c64
core   0: 0x80008706 (0x40915d13) srai    s10, sp, 9
core   0: 3 0x80008706 (0x40915d13) x26 0x00000001
core   0: 0x8000870a (0x0000e711) c.bnez  a4, pc + 12
core   0: 3 0x8000870a (0xe711)
core   0: 0x80008716 (0x02467263) bgeu    a2, tp, pc + 36
core   0: 3 0x80008716 (0x02467263)
core   0: 0x8000873a (0x02de7233) remu    tp, t3, a3
core   0: 3 0x8000873a (0x02de7233) x 4 0x00004000
core   0: 0x8000873e (0x02aa6133) rem     sp, s4, a0
core   0: 3 0x8000873e (0x02aa6133) x 2 0x8c1a8000
core   0: 0x80008742 (0x00001694) c.addi4spn a3, sp, 864
core   0: 3 0x80008742 (0x1694) x13 0x8c1a8360
core   0: 0x80008744 (0x0060e563) bltu    ra, t1, pc + 10
core   0: 3 0x80008744 (0x0060e563)
core   0: 0x80008748 (0x027e6193) ori     gp, t3, 39
core   0: 3 0x80008748 (0x027e6193) x 3 0x00004027
core   0: 0x8000874c (0x0000ea99) c.bnez  a3, pc + 22
core   0: 3 0x8000874c (0xea99)
core   0: 0x80008762 (0x01416763) bltu    sp, s4, pc + 14
core   0: 3 0x80008762 (0x01416763)
core   0: 0x80008766 (0x00008c41) c.or    s0, s0
core   0: 3 0x80008766 (0x8c41) x 8 0x00000000
core   0: 0x80008768 (0x00345c93) srli    s9, s0, 3
core   0: 3 0x80008768 (0x00345c93) x25 0x00000000
core   0: 0x8000876c (0x0239a5b3) mulhsu  a1, s3, gp
core   0: 3 0x8000876c (0x0239a5b3) x11 0xffffffff
core   0: 0x80008770 (0x0000612d) c.addi16sp sp, 224
core   0: 3 0x80008770 (0x612d) x 2 0x8c1a80e0
core   0: 0x80008772 (0x00000001) c.nop
core   0: 3 0x80008772 (0x0001)
core   0: 0x80008774 (0x00008cc1) c.or    s1, s0
core   0: 3 0x80008774 (0x8cc1) x 9 0x00000000
core   0: 0x80008776 (0x00009c5e) c.add   s8, s7
core   0: 3 0x80008776 (0x9c5e) x24 0xbdbd1958
core   0: 0x80008778 (0x01c38f33) add     t5, t2, t3
core   0: 3 0x80008778 (0x01c38f33) x30 0x00004000
core   0: 0x8000877c (0x000008fd) c.addi  a7, 31
core   0: 3 0x8000877c (0x08fd) x17 0x0000001f
core   0: 0x8000877e (0x0000987e) c.add   a6, t6
core   0: 3 0x8000877e (0x987e) x16 0x56e00000
core   0: 0x80008780 (0x00000001) c.nop
core   0: 3 0x80008780 (0x0001)
core   0: 0x80008782 (0x03e97563) bgeu    s2, t5, pc + 42
core   0: 3 0x80008782 (0x03e97563)
core   0: 0x800087ac (0x0000e811) c.bnez  s0, pc + 20
core   0: 3 0x800087ac (0xe811)
core   0: 0x800087ae (0x00006c79) c.lui   s8, 0x1e
core   0: 3 0x800087ae (0x6c79) x24 0x0001e000
core   0: 0x800087b0 (0x000003f6) c.slli  t2, 29
core   0: 3 0x800087b0 (0x03f6) x 7 0x00000000
core   0: 0x800087b2 (0x00008d9d) c.sub   a1, a5
core   0: 3 0x800087b2 (0x8d9d) x11 0xbdbd1e6b
core   0: 0x800087b4 (0x0000717d) c.addi16sp sp, -16
core   0: 3 0x800087b4 (0x717d) x 2 0x8c1a80d0
core   0: 0x800087b6 (0x00648cb3) add     s9, s1, t1
core   0: 3 0x800087b6 (0x00648cb3) x25 0x8000856e
core   0: 0x800087ba (0x00008336) c.mv    t1, a3
core   0: 3 0x800087ba (0x8336) x 6 0x8c1a8360
core   0: 0x800087bc (0x0280ac33) mulhsu  s8, ra, s0
core   0: 3 0x800087bc (0x0280ac33) x24 0x00000000
core   0: 0x800087c0 (0x00009816) c.add   a6, t0
core   0: 3 0x800087c0 (0x9816) x16 0xe2fa8000
core   0: 0x800087c2 (0x019a5c93) srli    s9, s4, 25
core   0: 3 0x800087c2 (0x019a5c93) x25 0x00000046
core   0: 0x800087c6 (0x00501ab3) sll     s5, zero, t0
core   0: 3 0x800087c6 (0x00501ab3) x21 0x00000000
core   0: 0x800087ca (0x0ff0000f) fence   iorw,iorw
core   0: 3 0x800087ca (0x0ff0000f)
core   0: 0x800087ce (0x0000c289) c.beqz  a3, pc + 2
core   0: 3 0x800087ce (0xc289)
core   0: 0x800087d0 (0x013c50b3) srl     ra, s8, s3
core   0: 3 0x800087d0 (0x013c50b3) x 1 0x00000000
core   0: 0x800087d4 (0x03a711b3) mulh    gp, a4, s10
core   0: 3 0x800087d4 (0x03a711b3) x 3 0x00000000
core   0: 0x800087d8 (0x00000f6d) c.addi  t5, 27
core   0: 3 0x800087d8 (0x0f6d) x30 0x0000401b
core   0: 0x800087da (0x000003a1) c.addi  t2, 8
core   0: 3 0x800087da (0x03a1) x 7 0x00000008
core   0: 0x800087dc (0x00000700) c.addi4spn s0, sp, 896
core   0: 3 0x800087dc (0x0700) x 8 0x8c1a8450
core   0: 0x800087de (0x02b588b3) mul     a7, a1, a1
core   0: 3 0x800087de (0x02b588b3) x17 0xeb9b40b9
core   0: 0x800087e2 (0x00008f4d) c.or    a4, a1
core   0: 3 0x800087e2 (0x8f4d) x14 0xbdbd1f6b
core   0: 0x800087e4 (0x2e487e13) andi    t3, a6, 740
core   0: 3 0x800087e4 (0x2e487e13) x28 0x00000000
core   0: 0x800087e8 (0x007ea1b3) slt     gp, t4, t2
core   0: 3 0x800087e8 (0x007ea1b3) x 3 0x00000001
core   0: 0x800087ec (0x03f11863) bne     sp, t6, pc + 48
core   0: 3 0x800087ec (0x03f11863)
core   0: 0x8000881c (0x00008065) c.srli  s0, 25
core   0: 3 0x8000881c (0x8065) x 8 0x00000046
core   0: 0x8000881e (0x01098c63) beq     s3, a6, pc + 24
core   0: 3 0x8000881e (0x01098c63)
core   0: 0x80008822 (0x0000ce89) c.beqz  a3, pc + 26
core   0: 3 0x80008822 (0xce89)
core   0: 0x80008824 (0x00000432) c.slli  s0, 12
core   0: 3 0x80008824 (0x0432) x 8 0x00046000
core   0: 0x80008826 (0x0000844d) c.srai  s0, 19
core   0: 3 0x80008826 (0x844d) x 8 0x00000000
core   0: 0x80008828 (0x0000637d) c.lui   t1, 0x1f
core   0: 3 0x80008828 (0x637d) x 6 0x0001f000
core   0: 0x8000882a (0x030fb6b3) mulhu   a3, t6, a6
core   0: 3 0x8000882a (0x030fb6b3) x13 0x00000000
core   0: 0x8000882e (0x00001800) c.addi4spn s0, sp, 48
core   0: 3 0x8000882e (0x1800) x 8 0x8c1a8100
core   0: 0x80008830 (0x0000e019) c.bnez  s0, pc + 6
core   0: 3 0x80008830 (0xe019)
core   0: 0x80008836 (0x000080ed) c.srli  s1, 27
core   0: 3 0x80008836 (0x80ed) x 9 0x00000000
core   0: 0x80008838 (0x0000c015) c.beqz  s0, pc + 36
core   0: 3 0x80008838 (0xc015)
core   0: 0x8000883a (0x000091d6) c.add   gp, s5
core   0: 3 0x8000883a (0x91d6) x 3 0x00000001
core   0: 0x8000883c (0x7bb66e93) ori     t4, a2, 1979
core   0: 3 0x8000883c (0x7bb66e93) x29 0x80025fff
core   0: 0x80008840 (0x37e78997) auipc   s3, 0x37e78
core   0: 3 0x80008840 (0x37e78997) x19 0xb7e80840
core   0: 0x80008844 (0xe156ad13) slti    s10, a3, -491
core   0: 3 0x80008844 (0xe156ad13) x26 0x00000000
core   0: 0x80008848 (0x000085e1) c.srai  a1, 24
core   0: 3 0x80008848 (0x85e1) x11 0xffffffbd
core   0: 0x8000884a (0x02913833) mulhu   a6, sp, s1
core   0: 3 0x8000884a (0x02913833) x16 0x00000000
core   0: 0x8000884e (0x0ff0000f) fence   iorw,iorw
core   0: 3 0x8000884e (0x0ff0000f)
core   0: 0x80008852 (0x00008305) c.srli  a4, 1
core   0: 3 0x80008852 (0x8305) x14 0x5ede8fb5
core   0: 0x80008854 (0x010bbf33) sltu    t5, s7, a6
core   0: 3 0x80008854 (0x010bbf33) x30 0x00000000
core   0: 0x80008858 (0x00aa2ab3) slt     s5, s4, a0
core   0: 3 0x80008858 (0x00aa2ab3) x21 0x00000000
core   0: 0x8000885c (0x03575b33) divu    s6, a4, s5
core   0: 3 0x8000885c (0x03575b33) x22 0xffffffff
core   0: 0x80008860 (0x00008f7d) c.and   a4, a5
core   0: 3 0x80008860 (0x8f7d) x14 0x42428194
core   0: 0x80008862 (0x63f24917) auipc   s2, 0x63f24
core   0: 3 0x80008862 (0x63f24917) x18 0xe3f2c862
core   0: 0x80008866 (0x0379f433) remu    s0, s3, s7
core   0: 3 0x80008866 (0x0379f433) x 8 0xb7e80840
core   0: 0x8000886a (0x409080b3) sub     ra, ra, s1
core   0: 3 0x8000886a (0x409080b3) x 1 0x00000000
core   0: 0x8000886e (0x00008359) c.srli  a4, 22
core   0: 3 0x8000886e (0x8359) x14 0x00000109
core   0: 0x80008870 (0x003a43b3) xor     t2, s4, gp
core   0: 3 0x80008870 (0x003a43b3) x 7 0x8c1a8001
core   0: 0x80008874 (0x0000717d) c.addi16sp sp, -16
core   0: 3 0x80008874 (0x717d) x 2 0x8c1a80c0
core   0: 0x80008876 (0x40f785b3) sub     a1, a5, a5
core   0: 3 0x80008876 (0x40f785b3) x11 0x00000000
core   0: 0x8000887a (0x01930663) beq     t1, s9, pc + 12
core   0: 3 0x8000887a (0x01930663)
core   0: 0x8000887e (0x0350ea33) rem     s4, ra, s5
core   0: 3 0x8000887e (0x0350ea33) x20 0x00000000
core   0: 0x80008882 (0x40f003b3) sub     t2, zero, a5
core   0: 3 0x80008882 (0x40f003b3) x 7 0xbdbd1e6c
core   0: 0x80008886 (0x000089c9) c.andi  a1, 18
core   0: 3 0x80008886 (0x89c9) x11 0x00000000
core   0: 0x80008888 (0x03d8c6b3) div     a3, a7, t4
core   0: 3 0x80008888 (0x03d8c6b3) x13 0x00000000
core   0: 0x8000888c (0x00008976) c.mv    s2, t4
core   0: 3 0x8000888c (0x8976) x18 0x80025fff
core   0: 0x8000888e (0x0ff0000f) fence   iorw,iorw
core   0: 3 0x8000888e (0x0ff0000f)
core   0: 0x80008892 (0x00000d98) c.addi4spn a4, sp, 720
core   0: 3 0x80008892 (0x0d98) x14 0x8c1a8390
core   0: 0x80008894 (0x00000001) c.nop
core   0: 3 0x80008894 (0x0001)
core   0: 0x80008896 (0x0ff0000f) fence   iorw,iorw
core   0: 3 0x80008896 (0x0ff0000f)
core   0: 0x8000889a (0x889ca013) slti    zero, s9, -1911
core   0: 3 0x8000889a (0x889ca013)
core   0: 0x8000889e (0x00008c0d) c.sub   s0, a1
core   0: 3 0x8000889e (0x8c0d) x 8 0xb7e80840
core   0: 0x800088a0 (0x02cc5f33) divu    t5, s8, a2
core   0: 3 0x800088a0 (0x02cc5f33) x30 0x00000000
core   0: 0x800088a4 (0x40125713) srai    a4, tp, 1
core   0: 3 0x800088a4 (0x40125713) x14 0x00002000
core   0: 0x800088a8 (0x40595ab3) sra     s5, s2, t0
core   0: 3 0x800088a8 (0x40595ab3) x21 0x80025fff
core   0: 0x800088ac (0x00000001) c.nop
core   0: 3 0x800088ac (0x0001)
core   0: 0x800088ae (0x0ff0000f) fence   iorw,iorw
core   0: 3 0x800088ae (0x0ff0000f)
core   0: 0x800088b2 (0x0000021e) c.slli  tp, 7
core   0: 3 0x800088b2 (0x021e) x 4 0x00200000
core   0: 0x800088b4 (0x41e2ae13) slti    t3, t0, 1054
core   0: 3 0x800088b4 (0x41e2ae13) x28 0x00000001
core   0: 0x800088b8 (0x00eeb833) sltu    a6, t4, a4
core   0: 3 0x800088b8 (0x00eeb833) x16 0x00000000
core   0: 0x800088bc (0x0000100f) fence.i
core   0: 3 0x800088bc (0x0000100f)
core   0: 0x800088c0 (0x02bd7063) bgeu    s10, a1, pc + 32
core   0: 3 0x800088c0 (0x02bd7063)
core   0: 0x800088e0 (0x01349993) slli    s3, s1, 19
core   0: 3 0x800088e0 (0x01349993) x19 0x00000000
core   0: 0x800088e4 (0xff009837) lui     a6, 0xff009
core   0: 3 0x800088e4 (0xff009837) x16 0xff009000
core   0: 0x800088e8 (0x00554363) blt     a0, t0, pc + 6
core   0: 3 0x800088e8 (0x00554363)
core   0: 0x800088ee (0x00008cc9) c.or    s1, a0
core   0: 3 0x800088ee (0x8cc9) x 9 0x80029ce4
core   0: 0x800088f0 (0x00008cc9) c.or    s1, a0
core   0: 3 0x800088f0 (0x8cc9) x 9 0x80029ce4
core   0: 0x800088f2 (0x0ff0000f) fence   iorw,iorw
core   0: 3 0x800088f2 (0x0ff0000f)
core   0: 0x800088f6 (0x1589ae93) slti    t4, s3, 344
core   0: 3 0x800088f6 (0x1589ae93) x29 0x00000001
core   0: 0x800088fa (0x0000c30d) c.beqz  a4, pc + 34
core   0: 3 0x800088fa (0xc30d)
core   0: 0x800088fc (0x00008c51) c.or    s0, a2
core   0: 3 0x800088fc (0x8c51) x 8 0xb7ea5e64
core   0: 0x800088fe (0x0000100f) fence.i
core   0: 3 0x800088fe (0x0000100f)
core   0: 0x80008902 (0x00008ffd) c.and   a5, a5
core   0: 3 0x80008902 (0x8ffd) x15 0x4242e194
core   0: 0x80008904 (0x000066d1) c.lui   a3, 0x14
core   0: 3 0x80008904 (0x66d1) x13 0x00014000
core   0: 0x80008906 (0x00008dad) c.xor   a1, a1
core   0: 3 0x80008906 (0x8dad) x11 0x00000000
core   0: 0x80008908 (0x01aff863) bgeu    t6, s10, pc + 16
core   0: 3 0x80008908 (0x01aff863)
core   0: 0x80008918 (0x03a387b3) mul     a5, t2, s10
core   0: 3 0x80008918 (0x03a387b3) x15 0x00000000
core   0: 0x8000891c (0x01788263) beq     a7, s7, pc + 4
core   0: 3 0x8000891c (0x01788263)
core   0: 0x80008920 (0x1251b913) sltiu   s2, gp, 293
core   0: 3 0x80008920 (0x1251b913) x18 0x00000001
core   0: 0x80008924 (0x046c9363) bne     s9, t1, pc + 70
core   0: 3 0x80008924 (0x046c9363)
core   0: 0x8000896a (0x304a4d13) xori    s10, s4, 772
core   0: 3 0x8000896a (0x304a4d13) x26 0x00000304
core   0: 0x8000896e (0x4261c493) xori    s1, gp, 1062
core   0: 3 0x8000896e (0x4261c493) x 9 0x00000427
core   0: 0x80008972 (0x0000010c) c.addi4spn a1, sp, 128
core   0: 3 0x80008972 (0x010c) x11 0x8c1a8140
core   0: 0x80008974 (0x0182b4b3) sltu    s1, t0, s8
core   0: 3 0x80008974 (0x0182b4b3) x 9 0x00000000
core   0: 0x80008978 (0x0000717d) c.addi16sp sp, -16
core   0: 3 0x80008978 (0x717d) x 2 0x8c1a80b0
core   0: 0x8000897a (0x03961363) bne     a2, s9, pc + 38
core   0: 3 0x8000897a (0x03961363)
core   0: 0x800089a0 (0xe2397713) andi    a4, s2, -477
core   0: 3 0x800089a0 (0xe2397713) x14 0x00000001
core   0: 0x800089a4 (0x00999c63) bne     s3, s1, pc + 24
core   0: 3 0x800089a4 (0x00999c63)
core   0: 0x800089a8 (0x01f2d133) srl     sp, t0, t6
core   0: 3 0x800089a8 (0x01f2d133) x 2 0x8c1a8000
core   0: 0x800089ac (0x00501263) bne     zero, t0, pc + 4
core   0: 3 0x800089ac (0x00501263)
core   0: 0x800089b0 (0x02d9c5b3) div     a1, s3, a3
core   0: 3 0x800089b0 (0x02d9c5b3) x11 0x00000000
core   0: 0x800089b4 (0x000049f5) c.li    s3, 29
core   0: 3 0x800089b4 (0x49f5) x19 0x0000001d
core   0: 0x800089b6 (0x02c71d33) mulh    s10, a4, a2
core   0: 3 0x800089b6 (0x02c71d33) x26 0xffffffff
core   0: 0x800089ba (0x00000580) c.addi4spn s0, sp, 704
core   0: 3 0x800089ba (0x0580) x 8 0x8c1a82c0
core   0: 0x800089bc (0x020e37b3) mulhu   a5, t3, zero
core   0: 3 0x800089bc (0x020e37b3) x15 0x00000000
core   0: 0x800089c0 (0x00004b41) c.li    s6, 16
core   0: 3 0x800089c0 (0x4b41) x22 0x00000010
core   0: 0x800089c2 (0x00009bfd) c.andi  a5, -1
core   0: 3 0x800089c2 (0x9bfd) x15 0x00000000
core   0: 0x800089c4 (0x0000805d) c.srli  s0, 23
core   0: 3 0x800089c4 (0x805d) x 8 0x00000118
core   0: 0x800089c6 (0x0754f793) andi    a5, s1, 117
core   0: 3 0x800089c6 (0x0754f793) x15 0x00000000
core   0: 0x800089ca (0x00000821) c.addi  a6, 8
core   0: 3 0x800089ca (0x0821) x16 0xff009008
core   0: 0x800089cc (0x00009796) c.add   a5, t0
core   0: 3 0x800089cc (0x9796) x15 0x8c1a8000
core   0: 0x800089ce (0x0000831d) c.srli  a4, 7
core   0: 3 0x800089ce (0x831d) x14 0x00000000
core   0: 0x800089d0 (0x037177b3) remu    a5, sp, s7
core   0: 3 0x800089d0 (0x037177b3) x15 0x8c1a8000
core   0: 0x800089d4 (0x032f6e33) rem     t3, t5, s2
core   0: 3 0x800089d4 (0x032f6e33) x28 0x00000000
core   0: 0x800089d8 (0x03baed33) rem     s10, s5, s11
core   0: 3 0x800089d8 (0x03baed33) x26 0xc2454193
core   0: 0x800089dc (0x022c6863) bltu    s8, sp, pc + 48
core   0: 3 0x800089dc (0x022c6863)
core   0: 0x80008a0c (0x03585fb3) divu    t6, a6, s5
core   0: 3 0x80008a0c (0x03585fb3) x31 0x00000001
core   0: 0x80008a10 (0x01a15133) srl     sp, sp, s10
core   0: 3 0x80008a10 (0x01a15133) x 2 0x00001183
core   0: 0x80008a14 (0x0000717d) c.addi16sp sp, -16
core   0: 3 0x80008a14 (0x717d) x 2 0x00001173
core   0: 0x80008a16 (0x0243ebb3) rem     s7, t2, tp
core   0: 3 0x80008a16 (0x0243ebb3) x23 0xfffd1e6c
core   0: 0x80008a1a (0x00000001) c.nop
core   0: 3 0x80008a1a (0x0001)
core   0: 0x80008a1c (0x01e49d63) bne     s1, t5, pc + 26
core   0: 3 0x80008a1c (0x01e49d63)
core   0: 0x80008a20 (0x000091b2) c.add   gp, a2
core   0: 3 0x80008a20 (0x91b2) x 3 0x80025e65
core   0: 0x80008a22 (0x9157fc93) andi    s9, a5, -1771
core   0: 3 0x80008a22 (0x9157fc93) x25 0x8c1a8000
core   0: 0x80008a26 (0x0179cd63) blt     s3, s7, pc + 26
core   0: 3 0x80008a26 (0x0179cd63)
core   0: 0x80008a2a (0x00008f91) c.sub   a5, a2
core   0: 3 0x80008a2a (0x8f91) x15 0x0c18219c
core   0: 0x80008a2c (0x0000613d) c.addi16sp sp, 480
core   0: 3 0x80008a2c (0x613d) x 2 0x00001353
core   0: 0x80008a2e (0x00adf993) andi    s3, s11, 10
core   0: 3 0x80008a2e (0x00adf993) x19 0x00000000
core   0: 0x80008a32 (0x01fa7a33) and     s4, s4, t6
core   0: 3 0x80008a32 (0x01fa7a33) x20 0x00000000
core   0: 0x80008a36 (0x000081dd) c.srli  a1, 23
core   0: 3 0x80008a36 (0x81dd) x11 0x00000000
core   0: 0x80008a38 (0xe27b0937) lui     s2, 0xe27b0
core   0: 3 0x80008a38 (0xe27b0937) x18 0xe27b0000
core   0: 0x80008a3c (0x8cd87913) andi    s2, a6, -1843
core   0: 3 0x80008a3c (0x8cd87913) x18 0xff009008
core   0: 0x80008a40 (0x0000100f) fence.i
core   0: 3 0x80008a40 (0x0000100f)
core   0: 0x80008a44 (0x00008ded) c.and   a1, a1
core   0: 3 0x80008a44 (0x8ded) x11 0x00000000
core   0: 0x80008a46 (0x039b5563) bge     s6, s9, pc + 42
core   0: 3 0x80008a46 (0x039b5563)
core   0: 0x80008a70 (0x199e3817) auipc   a6, 0x199e3
core   0: 3 0x80008a70 (0x199e3817) x16 0x999eba70
core   0: 0x80008a74 (0xa7f13393) sltiu   t2, sp, -1409
core   0: 3 0x80008a74 (0xa7f13393) x 7 0x00000001
core   0: 0x80008a78 (0x036e85b3) mul     a1, t4, s6
core   0: 3 0x80008a78 (0x036e85b3) x11 0x00000010
core   0: 0x80008a7c (0x00004d69) c.li    s10, 26
core   0: 3 0x80008a7c (0x4d69) x26 0x0000001a
core   0: 0x80008a7e (0x00008d5e) c.mv    s10, s7
core   0: 3 0x80008a7e (0x8d5e) x26 0xfffd1e6c
core   0: 0x80008a80 (0x01821563) bne     tp, s8, pc + 10
core   0: 3 0x80008a80 (0x01821563)
core   0: 0x80008a8a (0x01e3ba33) sltu    s4, t2, t5
core   0: 3 0x80008a8a (0x01e3ba33) x20 0x00000000
core   0: 0x80008a8e (0x0000178c) c.addi4spn a1, sp, 992
core   0: 3 0x80008a8e (0x178c) x11 0x00001733
core   0: 0x80008a90 (0x007c9f93) slli    t6, s9, 7
core   0: 3 0x80008a90 (0x007c9f93) x31 0x0d400000
core   0: 0x80008a94 (0x0295ae33) mulhsu  t3, a1, s1
core   0: 3 0x80008a94 (0x0295ae33) x28 0x00000000
core   0: 0x80008a98 (0x0000eb19) c.bnez  a4, pc + 22
core   0: 3 0x80008a98 (0xeb19)
core   0: 0x80008a9a (0x40c55d33) sra     s10, a0, a2
core   0: 3 0x80008a9a (0x40c55d33) x26 0xf80029ce
core   0: 0x80008a9e (0x00000001) c.nop
core   0: 3 0x80008a9e (0x0001)
core   0: 0x80008aa0 (0x02202fb3) mulhsu  t6, zero, sp
core   0: 3 0x80008aa0 (0x02202fb3) x31 0x00000000
core   0: 0x80008aa4 (0x0148de93) srli    t4, a7, 20
core   0: 3 0x80008aa4 (0x0148de93) x29 0x00000eb9
core   0: 0x80008aa8 (0x00000375) c.addi  t1, 29
core   0: 3 0x80008aa8 (0x0375) x 6 0x0001f01d
core   0: 0x80008aaa (0x8cb9f493) andi    s1, s3, -1845
core   0: 3 0x80008aaa (0x8cb9f493) x 9 0x00000000
core   0: 0x80008aae (0x0ff0000f) fence   iorw,iorw
core   0: 3 0x80008aae (0x0ff0000f)
core   0: 0x80008ab2 (0x0000e309) c.bnez  a4, pc + 2
core   0: 3 0x80008ab2 (0xe309)
core   0: 0x80008ab4 (0x47fa2313) slti    t1, s4, 1151
core   0: 3 0x80008ab4 (0x47fa2313) x 6 0x00000001
core   0: 0x80008ab8 (0xb7d63a93) sltiu   s5, a2, -1155
core   0: 3 0x80008ab8 (0xb7d63a93) x21 0x00000001
core   0: 0x80008abc (0x010ae733) or      a4, s5, a6
core   0: 3 0x80008abc (0x010ae733) x14 0x999eba71
core   0: 0x80008ac0 (0x000050fd) c.li    ra, -1
core   0: 3 0x80008ac0 (0x50fd) x 1 0xffffffff
core   0: 0x80008ac2 (0x00000001) c.nop
core   0: 3 0x80008ac2 (0x0001)
core   0: 0x80008ac4 (0x009de433) or      s0, s11, s1
core   0: 3 0x80008ac4 (0x009de433) x 8 0x4242e194
core   0: 0x80008ac8 (0x00008715) c.srai  a4, 5
core   0: 3 0x80008ac8 (0x8715) x14 0xfcccf5d3
core   0: 0x80008aca (0x0000547d) c.li    s0, -1
core   0: 3 0x80008aca (0x547d) x 8 0xffffffff
core   0: 0x80008acc (0x00000001) c.nop
core   0: 3 0x80008acc (0x0001)
core   0: 0x80008ace (0x000088f1) c.andi  s1, 28
core   0: 3 0x80008ace (0x88f1) x 9 0x00000000
core   0: 0x80008ad0 (0x00008c8d) c.sub   s1, a1
core   0: 3 0x80008ad0 (0x8c8d) x 9 0xffffe8cd
core   0: 0x80008ad2 (0x00008e16) c.mv    t3, t0
core   0: 3 0x80008ad2 (0x8e16) x28 0x8c1a8000
core   0: 0x80008ad4 (0x00008c7d) c.and   s0, a5
core   0: 3 0x80008ad4 (0x8c7d) x 8 0x0c18219c
core   0: 0x80008ad6 (0x40b2d7b3) sra     a5, t0, a1
core   0: 3 0x80008ad6 (0x40b2d7b3) x15 0xfffff183
core   0: 0x80008ada (0x0220036f) jal     t1, pc + 0x22
core   0: 3 0x80008ada (0x0220036f) x 6 0x80008ade
core   0: 0x80008afc (0x00003fc5) c.jal   pc - 16
core   0: 3 0x80008afc (0x3fc5) x 1 0x80008afe
core   0: 0x80008aec (0xffdff36f) jal     t1, pc - 0x4
core   0: 3 0x80008aec (0xffdff36f) x 6 0x80008af0
core   0: 0x80008ae8 (0x00003fe5) c.jal   pc - 8
core   0: 3 0x80008ae8 (0x3fe5) x 1 0x80008aea
core   0: 0x80008ae0 (0x004000ef) jal     pc + 0x4
core   0: 3 0x80008ae0 (0x004000ef) x 1 0x80008ae4
core   0: 0x80008ae4 (0x00002031) c.jal   pc + 12
core   0: 3 0x80008ae4 (0x2031) x 1 0x80008ae6
core   0: 0x80008af0 (0x006007ef) jal     a5, pc + 0x6
core   0: 3 0x80008af0 (0x006007ef) x15 0x80008af4
core   0: 0x80008af6 (0x000037e5) c.jal   pc - 24
core   0: 3 0x80008af6 (0x37e5) x 1 0x80008af8
core   0: 0x80008ade (0x0000a831) c.j     pc + 28
core   0: 3 0x80008ade (0xa831)
core   0: 0x80008afa (0x00003ffd) c.jal   pc - 2
core   0: 3 0x80008afa (0x3ffd) x 1 0x80008afc
core   0: 0x80008af8 (0x00003fcd) c.jal   pc - 14
core   0: 3 0x80008af8 (0x3fcd) x 1 0x80008afa
core   0: 0x80008aea (0x0000a029) c.j     pc + 10
core   0: 3 0x80008aea (0xa029)
core   0: 0x80008af4 (0x00003fcd) c.jal   pc - 14
core   0: 3 0x80008af4 (0x3fcd) x 1 0x80008af6
core   0: 0x80008ae6 (0x0000a821) c.j     pc + 24
core   0: 3 0x80008ae6 (0xa821)
core   0: 0x80008afe (0x03bce233) rem     tp, s9, s11
core   0: 3 0x80008afe (0x03bce233) x 4 0xce5d6194
core   0: 0x80008b02 (0x000001ae) c.slli  gp, 11
core   0: 3 0x80008b02 (0x01ae) x 3 0x12f32800
core   0: 0x80008b04 (0x000060a1) c.lui   ra, 0x8
core   0: 3 0x80008b04 (0x60a1) x 1 0x00008000
core   0: 0x80008b06 (0x0000e28d) c.bnez  a3, pc + 34
core   0: 3 0x80008b06 (0xe28d)
core   0: 0x80008b28 (0x01216663) bltu    sp, s2, pc + 12
core   0: 3 0x80008b28 (0x01216663)
core   0: 0x80008b34 (0xb36abb93) sltiu   s7, s5, -1226
core   0: 3 0x80008b34 (0xb36abb93) x23 0x00000001
core   0: 0x80008b38 (0x03f6a9b3) mulhsu  s3, a3, t6
core   0: 3 0x80008b38 (0x03f6a9b3) x19 0x00000000
core   0: 0x80008b3c (0x0000717d) c.addi16sp sp, -16
core   0: 3 0x80008b3c (0x717d) x 2 0x00001343
core   0: 0x80008b3e (0x0000577d) c.li    a4, -1
core   0: 3 0x80008b3e (0x577d) x14 0xffffffff
core   0: 0x80008b40 (0xe579e293) ori     t0, s3, -425
core   0: 3 0x80008b40 (0xe579e293) x 5 0xfffffe57
core   0: 0x80008b44 (0x010616b3) sll     a3, a2, a6
core   0: 3 0x80008b44 (0x010616b3) x13 0x5e640000
core   0: 0x80008b48 (0x00000001) c.nop
core   0: 3 0x80008b48 (0x0001)
core   0: 0x80008b4a (0x02909363) bne     ra, s1, pc + 38
core   0: 3 0x80008b4a (0x02909363)
core   0: 0x80008b70 (0x19216093) ori     ra, sp, 402
core   0: 3 0x80008b70 (0x19216093) x 1 0x000013d3
core   0: 0x80008b74 (0x03a09363) bne     ra, s10, pc + 38
core   0: 3 0x80008b74 (0x03a09363)
core   0: 0x80008b9a (0x8cdcc837) lui     a6, 0x8cdcc
core   0: 3 0x80008b9a (0x8cdcc837) x16 0x8cdcc000
core   0: 0x80008b9e (0x01e8a733) slt     a4, a7, t5
core   0: 3 0x80008b9e (0x01e8a733) x14 0x00000001
core   0: 0x80008ba2 (0x01937cb3) and     s9, t1, s9
core   0: 3 0x80008ba2 (0x01937cb3) x25 0x80008000
core   0: 0x80008ba6 (0x34d0d2b7) lui     t0, 0x34d0d
core   0: 3 0x80008ba6 (0x34d0d2b7) x 5 0x34d0d000
core   0: 0x80008baa (0x41e38d33) sub     s10, t2, t5
core   0: 3 0x80008baa (0x41e38d33) x26 0x00000001
core   0: 0x80008bae (0x000085a2) c.mv    a1, s0
core   0: 3 0x80008bae (0x85a2) x11 0x0c18219c
core   0: 0x80008bb0 (0x00c48263) beq     s1, a2, pc + 4
core   0: 3 0x80008bb0 (0x00c48263)
core   0: 0x80008bb4 (0x418c5293) srai    t0, s8, 24
core   0: 3 0x80008bb4 (0x418c5293) x 5 0x00000000
core   0: 0x80008bb8 (0x7e0d90b7) lui     ra, 0x7e0d9
core   0: 3 0x80008bb8 (0x7e0d90b7) x 1 0x7e0d9000
core   0: 0x80008bbc (0x00000001) c.nop
core   0: 3 0x80008bbc (0x0001)
core   0: 0x80008bbe (0x0148d093) srli    ra, a7, 20
core   0: 3 0x80008bbe (0x0148d093) x 1 0x00000eb9
core   0: 0x80008bc2 (0x0398b233) mulhu   tp, a7, s9
core   0: 3 0x80008bc2 (0x0398b233) x 4 0x75ce162a
core   0: 0x80008bc6 (0x01bb72b3) and     t0, s6, s11
core   0: 3 0x80008bc6 (0x01bb72b3) x 5 0x00000010
core   0: 0x80008bca (0x40255e33) sra     t3, a0, sp
core   0: 3 0x80008bca (0x40255e33) x28 0xf000539c
core   0: 0x80008bce (0x01eeb133) sltu    sp, t4, t5
core   0: 3 0x80008bce (0x01eeb133) x 2 0x00000000
core   0: 0x80008bd2 (0x05d46063) bltu    s0, t4, pc + 64
core   0: 3 0x80008bd2 (0x05d46063)
core   0: 0x80008bd6 (0x00250cb3) add     s9, a0, sp
core   0: 3 0x80008bd6 (0x00250cb3) x25 0x80029ce4
core   0: 0x80008bda (0x00000001) c.nop
core   0: 3 0x80008bda (0x0001)
core   0: 0x80008bdc (0x01db8463) beq     s7, t4, pc + 8
core   0: 3 0x80008bdc (0x01db8463)
core   0: 0x80008be0 (0x00000001) c.nop
core   0: 3 0x80008be0 (0x0001)
core   0: 0x80008be2 (0x00006141) c.addi16sp sp, 16
core   0: 3 0x80008be2 (0x6141) x 2 0x00000010
core   0: 0x80008be4 (0xf452e413) ori     s0, t0, -187
core   0: 3 0x80008be4 (0xf452e413) x 8 0xffffff55
core   0: 0x80008be8 (0x024512b3) mulh    t0, a0, tp
core   0: 3 0x80008be8 (0x024512b3) x 5 0xc51a28b9
core   0: 0x80008bec (0x00008bca) c.mv    s7, s2
core   0: 3 0x80008bec (0x8bca) x23 0xff009008
core   0: 0x80008bee (0x00dfe263) bltu    t6, a3, pc + 4
core   0: 3 0x80008bee (0x00dfe263)
core   0: 0x80008bf2 (0x0000987d) c.andi  s0, -1
core   0: 3 0x80008bf2 (0x987d) x 8 0xffffff55
core   0: 0x80008bf4 (0x00008f2d) c.xor   a4, a1
core   0: 3 0x80008bf4 (0x8f2d) x14 0x0c18219d
core   0: 0x80008bf6 (0xd65a4413) xori    s0, s4, -667
core   0: 3 0x80008bf6 (0xd65a4413) x 8 0xfffffd65
core   0: 0x80008bfa (0x006a6133) or      sp, s4, t1
core   0: 3 0x80008bfa (0x006a6133) x 2 0x80008af0
core   0: 0x80008bfe (0x0323c263) blt     t2, s2, pc + 36
core   0: 3 0x80008bfe (0x0323c263)
core   0: 0x80008c02 (0x00008071) c.srli  s0, 28
core   0: 3 0x80008c02 (0x8071) x 8 0x0000000f
core   0: 0x80008c04 (0x02fd6d33) rem     s10, s10, a5
core   0: 3 0x80008c04 (0x02fd6d33) x26 0x00000001
core   0: 0x80008c08 (0x00009386) c.add   t2, ra
core   0: 3 0x80008c08 (0x9386) x 7 0x00000eba
core   0: 0x80008c0a (0x00f5e333) or      t1, a1, a5
core   0: 3 0x80008c0a (0x00f5e333) x 6 0x8c18abfc
core   0: 0x80008c0e (0x0071c933) xor     s2, gp, t2
core   0: 3 0x80008c0e (0x0071c933) x18 0x12f326ba
core   0: 0x80008c12 (0x029aafb3) mulhsu  t6, s5, s1
core   0: 3 0x80008c12 (0x029aafb3) x31 0x00000000
core   0: 0x80008c16 (0x0113c333) xor     t1, t2, a7
core   0: 3 0x80008c16 (0x0113c333) x 6 0xeb9b4e03
core   0: 0x80008c1a (0x00464233) xor     tp, a2, tp
core   0: 3 0x80008c1a (0x00464233) x 4 0xf5cc484e
core   0: 0x80008c1e (0x0000100f) fence.i
core   0: 3 0x80008c1e (0x0000100f)
core   0: 0x80008c22 (0x00029733) sll     a4, t0, zero
core   0: 3 0x80008c22 (0x00029733) x14 0xc51a28b9
core   0: 0x80008c26 (0x02416b33) rem     s6, sp, tp
core   0: 3 0x80008c26 (0x02416b33) x22 0xfa6d2748
core   0: 0x80008c2a (0x02b0f6b3) remu    a3, ra, a1
core   0: 3 0x80008c2a (0x02b0f6b3) x13 0x00000eb9
core   0: 0x80008c2e (0x02396463) bltu    s2, gp, pc + 40
core   0: 3 0x80008c2e (0x02396463)
core   0: 0x80008c56 (0x00006c79) c.lui   s8, 0x1e
core   0: 3 0x80008c56 (0x6c79) x24 0x0001e000
core   0: 0x80008c58 (0x00008da9) c.xor   a1, a0
core   0: 3 0x80008c58 (0x8da9) x11 0x8c1abd78
core   0: 0x80008c5a (0x01a411b3) sll     gp, s0, s10
core   0: 3 0x80008c5a (0x01a411b3) x 3 0x0000001e
core   0: 0x80008c5e (0x00b532b3) sltu    t0, a0, a1
core   0: 3 0x80008c5e (0x00b532b3) x 5 0x00000001
core   0: 0x80008c62 (0x00bd7a63) bgeu    s10, a1, pc + 20
core   0: 3 0x80008c62 (0x00bd7a63)
core   0: 0x80008c66 (0x000060b5) c.lui   ra, 0xd
core   0: 3 0x80008c66 (0x60b5) x 1 0x0000d000
core   0: 0x80008c68 (0x005b1c33) sll     s8, s6, t0
core   0: 3 0x80008c68 (0x005b1c33) x24 0xf4da4e90
core   0: 0x80008c6c (0x00008771) c.srai  a4, 28
core   0: 3 0x80008c6c (0x8771) x14 0xfffffffc
core   0: 0x80008c6e (0x00f956b3) srl     a3, s2, a5
core   0: 3 0x80008c6e (0x00f956b3) x13 0x0000012f
core   0: 0x80008c72 (0x00009886) c.add   a7, ra
core   0: 3 0x80008c72 (0x9886) x17 0xeb9c10b9
core   0: 0x80008c74 (0x000063a9) c.lui   t2, 0xa
core   0: 3 0x80008c74 (0x63a9) x 7 0x0000a000
core   0: 0x80008c76 (0x00008021) c.srli  s0, 8
core   0: 3 0x80008c76 (0x8021) x 8 0x00000000
core   0: 0x80008c78 (0x00008ef9) c.and   a3, a4
core   0: 3 0x80008c78 (0x8ef9) x13 0x0000012c
core   0: 0x80008c7a (0x01b892b3) sll     t0, a7, s11
core   0: 3 0x80008c7a (0x01b892b3) x 5 0x0b900000
core   0: 0x80008c7e (0x00008ea1) c.xor   a3, s0
core   0: 3 0x80008c7e (0x8ea1) x13 0x0000012c
core   0: 0x80008c80 (0x3ab83493) sltiu   s1, a6, 939
core   0: 3 0x80008c80 (0x3ab83493) x 9 0x00000000
core   0: 0x80008c84 (0x9a27f493) andi    s1, a5, -1630
core   0: 3 0x80008c84 (0x9a27f493) x 9 0x800088a0
core   0: 0x80008c88 (0x0000100f) fence.i
core   0: 3 0x80008c88 (0x0000100f)
core   0: 0x80008c8c (0x03745363) bge     s0, s7, pc + 38
core   0: 3 0x80008c8c (0x03745363)
core   0: 0x80008cb2 (0x00008045) c.srli  s0, 17
core   0: 3 0x80008cb2 (0x8045) x 8 0x00000000
core   0: 0x80008cb4 (0x01562133) slt     sp, a2, s5
core   0: 3 0x80008cb4 (0x01562133) x 2 0x00000001
core   0: 0x80008cb8 (0x00d8fbb3) and     s7, a7, a3
core   0: 3 0x80008cb8 (0x00d8fbb3) x23 0x00000028
core   0: 0x80008cbc (0x002320b3) slt     ra, t1, sp
core   0: 3 0x80008cbc (0x002320b3) x 1 0x00000001
core   0: 0x80008cc0 (0x41ccdfb3) sra     t6, s9, t3
core   0: 3 0x80008cc0 (0x41ccdfb3) x31 0xfffffff8
core   0: 0x80008cc4 (0x00008f39) c.xor   a4, a4
core   0: 3 0x80008cc4 (0x8f39) x14 0x00000000
core   0: 0x80008cc6 (0x0033afb3) slt     t6, t2, gp
core   0: 3 0x80008cc6 (0x0033afb3) x31 0x00000000
core   0: 0x80008cca (0x02583933) mulhu   s2, a6, t0
core   0: 3 0x80008cca (0x02583933) x18 0x065cb86c
core   0: 0x80008cce (0x29aa7893) andi    a7, s4, 666
core   0: 3 0x80008cce (0x29aa7893) x17 0x00000000
core   0: 0x80008cd2 (0x02ea47b3) div     a5, s4, a4
core   0: 3 0x80008cd2 (0x02ea47b3) x15 0xffffffff
core   0: 0x80008cd6 (0x0100036f) jal     t1, pc + 0x10
core   0: 3 0x80008cd6 (0x0100036f) x 6 0x80008cda
core   0: 0x80008ce6 (0x0000a021) c.j     pc + 8
core   0: 3 0x80008ce6 (0xa021)
core   0: 0x80008cee (0x01c000ef) jal     pc + 0x1c
core   0: 3 0x80008cee (0x01c000ef) x 1 0x80008cf2
core   0: 0x80008d0a (0x00003fcd) c.jal   pc - 14
core   0: 3 0x80008d0a (0x3fcd) x 1 0x80008d0c
core   0: 0x80008cfc (0x00003ff5) c.jal   pc - 4
core   0: 3 0x80008cfc (0x3ff5) x 1 0x80008cfe
core   0: 0x80008cf8 (0xfe7ff0ef) jal     pc - 0x1a
core   0: 3 0x80008cf8 (0xfe7ff0ef) x 1 0x80008cfc
core   0: 0x80008cde (0x0000a029) c.j     pc + 10
core   0: 3 0x80008cde (0xa029)
core   0: 0x80008ce8 (0x02e000ef) jal     pc + 0x2e
core   0: 3 0x80008ce8 (0x02e000ef) x 1 0x80008cec
core   0: 0x80008d16 (0x000037e5) c.jal   pc - 24
core   0: 3 0x80008d16 (0x37e5) x 1 0x80008d18
core   0: 0x80008cfe (0x000037fd) c.jal   pc - 18
core   0: 3 0x80008cfe (0x37fd) x 1 0x80008d00
core   0: 0x80008cec (0x00003fe5) c.jal   pc - 8
core   0: 3 0x80008cec (0x3fe5) x 1 0x80008cee
core   0: 0x80008ce4 (0x00002815) c.jal   pc + 52
core   0: 3 0x80008ce4 (0x2815) x 1 0x80008ce6
core   0: 0x80008d18 (0x0000b7e1) c.j     pc - 56
core   0: 3 0x80008d18 (0xb7e1)
core   0: 0x80008ce0 (0x020000ef) jal     pc + 0x20
core   0: 3 0x80008ce0 (0x020000ef) x 1 0x80008ce4
core   0: 0x80008d00 (0xff5ffcef) jal     s9, pc - 0xc
core   0: 3 0x80008d00 (0xff5ffcef) x25 0x80008d04
core   0: 0x80008cf4 (0x00002005) c.jal   pc + 32
core   0: 3 0x80008cf4 (0x2005) x 1 0x80008cf6
core   0: 0x80008d14 (0x000037e1) c.jal   pc - 56
core   0: 3 0x80008d14 (0x37e1) x 1 0x80008d16
core   0: 0x80008cdc (0x00002815) c.jal   pc + 52
core   0: 3 0x80008cdc (0x2815) x 1 0x80008cde
core   0: 0x80008d10 (0xfe3ff5ef) jal     a1, pc - 0x1e
core   0: 3 0x80008d10 (0xfe3ff5ef) x11 0x80008d14
core   0: 0x80008cf2 (0x00002011) c.jal   pc + 4
core   0: 3 0x80008cf2 (0x2011) x 1 0x80008cf4
core   0: 0x80008cf6 (0x0000a821) c.j     pc + 24
core   0: 3 0x80008cf6 (0xa821)
core   0: 0x80008d0e (0x0000bfdd) c.j     pc - 10
core   0: 3 0x80008d0e (0xbfdd)
core   0: 0x80008d04 (0x0000a009) c.j     pc + 2
core   0: 3 0x80008d04 (0xa009)
core   0: 0x80008d06 (0x006007ef) jal     a5, pc + 0x6
core   0: 3 0x80008d06 (0x006007ef) x15 0x80008d0a
core   0: 0x80008d0c (0x000037f9) c.jal   pc - 50
core   0: 3 0x80008d0c (0x37f9) x 1 0x80008d0e
core   0: 0x80008cda (0x0000a081) c.j     pc + 64
core   0: 3 0x80008cda (0xa081)
core   0: 0x80008d1a (0x038136b3) mulhu   a3, sp, s8
core   0: 3 0x80008d1a (0x038136b3) x13 0x00000000
core   0: 0x80008d1e (0x00202e33) slt     t3, zero, sp
core   0: 3 0x80008d1e (0x00202e33) x28 0x00000001
core   0: 0x80008d22 (0x40ee5213) srai    tp, t3, 14
core   0: 3 0x80008d22 (0x40ee5213) x 4 0x00000000
core   0: 0x80008d26 (0x00004205) c.li    tp, 1
core   0: 3 0x80008d26 (0x4205) x 4 0x00000001
core   0: 0x80008d28 (0x012caa33) slt     s4, s9, s2
core   0: 3 0x80008d28 (0x012caa33) x20 0x00000001
core   0: 0x80008d2c (0x1f14cd13) xori    s10, s1, 497
core   0: 3 0x80008d2c (0x1f14cd13) x26 0x80008951
core   0: 0x80008d30 (0x00008f69) c.and   a4, a0
core   0: 3 0x80008d30 (0x8f69) x14 0x00000000
core   0: 0x80008d32 (0x022f6d63) bltu    t5, sp, pc + 58
core   0: 3 0x80008d32 (0x022f6d63)
core   0: 0x80008d6c (0x0257f233) remu    tp, a5, t0
core   0: 3 0x80008d6c (0x0257f233) x 4 0x00d08d0a
core   0: 0x80008d70 (0x000080f5) c.srli  s1, 29
core   0: 3 0x80008d70 (0x80f5) x 9 0x00000004
core   0: 0x80008d72 (0x00008452) c.mv    s0, s4
core   0: 3 0x80008d72 (0x8452) x 8 0x00000001
core   0: 0x80008d74 (0x000089b2) c.mv    s3, a2
core   0: 3 0x80008d74 (0x89b2) x19 0x80025e64
core   0: 0x80008d76 (0x0000100f) fence.i
core   0: 3 0x80008d76 (0x0000100f)
core   0: 0x80008d7a (0x00000412) c.slli  s0, 4
core   0: 3 0x80008d7a (0x0412) x 8 0x00000010
core   0: 0x80008d7c (0x000089ad) c.andi  a1, 11
core   0: 3 0x80008d7c (0x89ad) x11 0x00000000
core   0: 0x80008d7e (0x010ed333) srl     t1, t4, a6
core   0: 3 0x80008d7e (0x010ed333) x 6 0x00000eb9
core   0: 0x80008d82 (0x0000612d) c.addi16sp sp, 224
core   0: 3 0x80008d82 (0x612d) x 2 0x000000e1
core   0: 0x80008d84 (0x00008e99) c.sub   a3, a4
core   0: 3 0x80008d84 (0x8e99) x13 0x00000000
core   0: 0x80008d86 (0x083909b7) lui     s3, 0x8390
core   0: 3 0x80008d86 (0x083909b7) x19 0x08390000
core   0: 0x80008d8a (0x000060d1) c.lui   ra, 0x14
core   0: 3 0x80008d8a (0x60d1) x 1 0x00014000
core   0: 0x80008d8c (0x414b5113) srai    sp, s6, 20
core   0: 3 0x80008d8c (0x414b5113) x 2 0xffffffa6
core   0: 0x80008d90 (0x0000717d) c.addi16sp sp, -16
core   0: 3 0x80008d90 (0x717d) x 2 0xffffff96
core   0: 0x80008d92 (0x0ff0000f) fence   iorw,iorw
core   0: 3 0x80008d92 (0x0ff0000f)
core   0: 0x80008d96 (0x00000c56) c.slli  s8, 21
core   0: 3 0x80008d96 (0x0c56) x24 0xd2000000
core   0: 0x80008d98 (0x02982233) mulhsu  tp, a6, s1
core   0: 3 0x80008d98 (0x02982233) x 4 0xfffffffe
core   0: 0x80008d9c (0xa5fb7093) andi    ra, s6, -1441
core   0: 3 0x80008d9c (0xa5fb7093) x 1 0xfa6d2248
core   0: 0x80008da0 (0x00008d5e) c.mv    s10, s7
core   0: 3 0x80008da0 (0x8d5e) x26 0x00000028
core   0: 0x80008da2 (0x000083e9) c.srli  a5, 26
core   0: 3 0x80008da2 (0x83e9) x15 0x00000020
core   0: 0x80008da4 (0x03cdef33) rem     t5, s11, t3
core   0: 3 0x80008da4 (0x03cdef33) x30 0x00000000
core   0: 0x80008da8 (0xc2f31e37) lui     t3, 0xc2f31
core   0: 3 0x80008da8 (0xc2f31e37) x28 0xc2f31000
core   0: 0x80008dac (0x9b002693) slti    a3, zero, -1616
core   0: 3 0x80008dac (0x9b002693) x13 0x00000000
core   0: 0x80008db0 (0x01fc5b93) srli    s7, s8, 31
core   0: 3 0x80008db0 (0x01fc5b93) x23 0x00000001
core   0: 0x80008db4 (0x02dac463) blt     s5, a3, pc + 40
core   0: 3 0x80008db4 (0x02dac463)
core   0: 0x80008db8 (0x000007d6) c.slli  a5, 21
core   0: 3 0x80008db8 (0x07d6) x15 0x04000000
core   0: 0x80008dba (0x02951e33) mulh    t3, a0, s1
core   0: 3 0x80008dba (0x02951e33) x28 0xfffffffe
core   0: 0x80008dbe (0x00006145) c.addi16sp sp, 48
core   0: 3 0x80008dbe (0x6145) x 2 0xffffffc6
core   0: 0x80008dc0 (0x0190c5b3) xor     a1, ra, s9
core   0: 3 0x80008dc0 (0x0190c5b3) x11 0x7a6daf4c
core   0: 0x80008dc4 (0x0101e663) bltu    gp, a6, pc + 12
core   0: 3 0x80008dc4 (0x0101e663)
core   0: 0x80008dd0 (0xa9aa4393) xori    t2, s4, -1382
core   0: 3 0x80008dd0 (0xa9aa4393) x 7 0xfffffa9b
core   0: 0x80008dd4 (0x02ac4233) div     tp, s8, a0
core   0: 3 0x80008dd4 (0x02ac4233) x 4 0x00000000
core   0: 0x80008dd8 (0x72c4ee17) auipc   t3, 0x72c4e
core   0: 3 0x80008dd8 (0x72c4ee17) x28 0xf2c56dd8
core   0: 0x80008ddc (0x408c2713) slti    a4, s8, 1032
core   0: 3 0x80008ddc (0x408c2713) x14 0x00000001
core   0: 0x80008de0 (0x01f2bab3) sltu    s5, t0, t6
core   0: 3 0x80008de0 (0x01f2bab3) x21 0x00000000
core   0: 0x80008de4 (0x00444d63) blt     s0, tp, pc + 26
core   0: 3 0x80008de4 (0x00444d63)
core   0: 0x80008de8 (0x41bc8733) sub     a4, s9, s11
core   0: 3 0x80008de8 (0x41bc8733) x14 0x3dbdab70
core   0: 0x80008dec (0x401d5933) sra     s2, s10, ra
core   0: 3 0x80008dec (0x401d5933) x18 0x00000000
core   0: 0x80008df0 (0x0000e711) c.bnez  a4, pc + 12
core   0: 3 0x80008df0 (0xe711)
core   0: 0x80008dfc (0x00008ee1) c.and   a3, s0
core   0: 3 0x80008dfc (0x8ee1) x13 0x00000000
core   0: 0x80008dfe (0x021314b3) mulh    s1, t1, ra
core   0: 3 0x80008dfe (0x021314b3) x 9 0xffffffad
core   0: 0x80008e02 (0x009ac363) blt     s5, s1, pc + 6
core   0: 3 0x80008e02 (0x009ac363)
core   0: 0x80008e06 (0x00008972) c.mv    s2, t3
core   0: 3 0x80008e06 (0x8972) x18 0xf2c56dd8
core   0: 0x80008e08 (0x01063033) sltu    zero, a2, a6
core   0: 3 0x80008e08 (0x01063033)
core   0: 0x80008e0c (0x56f4a913) slti    s2, s1, 1391
core   0: 3 0x80008e0c (0x56f4a913) x18 0x00000001
core   0: 0x80008e10 (0x00000001) c.nop
core   0: 3 0x80008e10 (0x0001)
core   0: 0x80008e12 (0x1744e193) ori     gp, s1, 372
core   0: 3 0x80008e12 (0x1744e193) x 3 0xfffffffd
core   0: 0x80008e16 (0x00006111) c.addi16sp sp, 256
core   0: 3 0x80008e16 (0x6111) x 2 0x000000c6
core   0: 0x80008e18 (0x0000100f) fence.i
core   0: 3 0x80008e18 (0x0000100f)
core   0: 0x80008e1c (0x0000987d) c.andi  s0, -1
core   0: 3 0x80008e1c (0x987d) x 8 0x00000010
core   0: 0x80008e1e (0x02234d33) div     s10, t1, sp
core   0: 3 0x80008e1e (0x02234d33) x26 0x00000013
core   0: 0x80008e22 (0x000049f1) c.li    s3, 28
core   0: 3 0x80008e22 (0x49f1) x19 0x0000001c
core   0: 0x80008e24 (0x00000001) c.nop
core   0: 3 0x80008e24 (0x0001)
core   0: 0x80008e26 (0x00a2f1b3) and     gp, t0, a0
core   0: 3 0x80008e26 (0x00a2f1b3) x 3 0x00000000
core   0: 0x80008e2a (0x038d2d33) mulhsu  s10, s10, s8
core   0: 3 0x80008e2a (0x038d2d33) x26 0x0000000f
core   0: 0x80008e2e (0x00008f65) c.and   a4, s1
core   0: 3 0x80008e2e (0x8f65) x14 0x3dbdab20
core   0: 0x80008e30 (0x01e11993) slli    s3, sp, 30
core   0: 3 0x80008e30 (0x01e11993) x19 0x80000000
core   0: 0x80008e34 (0x00e11463) bne     sp, a4, pc + 8
core   0: 3 0x80008e34 (0x00e11463)
core   0: 0x80008e3c (0x01ae68b3) or      a7, t3, s10
core   0: 3 0x80008e3c (0x01ae68b3) x17 0xf2c56ddf
core   0: 0x80008e40 (0x00b5fe33) and     t3, a1, a1
core   0: 3 0x80008e40 (0x00b5fe33) x28 0x7a6daf4c
core   0: 0x80008e44 (0xf6596213) ori     tp, s2, -155
core   0: 3 0x80008e44 (0xf6596213) x 4 0xffffff65
core   0: 0x80008e48 (0x00004b3d) c.li    s6, 15
core   0: 3 0x80008e48 (0x4b3d) x22 0x0000000f
core   0: 0x80008e4a (0x02c11e33) mulh    t3, sp, a2
core   0: 3 0x80008e4a (0x02c11e33) x28 0xffffff9d
core   0: 0x80008e4e (0x0072cd33) xor     s10, t0, t2
core   0: 3 0x80008e4e (0x0072cd33) x26 0xf46ffa9b
core   0: 0x80008e52 (0x001523b3) slt     t2, a0, ra
core   0: 3 0x80008e52 (0x001523b3) x 7 0x00000001
core   0: 0x80008e56 (0x000086c5) c.srai  a3, 17
core   0: 3 0x80008e56 (0x86c5) x13 0x00000000
core   0: 0x80008e58 (0x000080d5) c.srli  s1, 21
core   0: 3 0x80008e58 (0x80d5) x 9 0x000007ff
core   0: 0x80008e5a (0x41df09b3) sub     s3, t5, t4
core   0: 3 0x80008e5a (0x41df09b3) x19 0xfffff147
core   0: 0x80008e5e (0x03a9b7b3) mulhu   a5, s3, s10
core   0: 3 0x80008e5e (0x03a9b7b3) x15 0xf46fec8c
core   0: 0x80008e62 (0x00000001) c.nop
core   0: 3 0x80008e62 (0x0001)
core   0: 0x80008e64 (0x40f70bb3) sub     s7, a4, a5
core   0: 3 0x80008e64 (0x40f70bb3) x23 0x494dbe94
core   0: 0x80008e68 (0x00009762) c.add   a4, s8
core   0: 3 0x80008e68 (0x9762) x14 0x0fbdab20
core   0: 0x80008e6a (0x03734663) blt     t1, s7, pc + 44
core   0: 3 0x80008e6a (0x03734663)
core   0: 0x80008e96 (0x01264b63) blt     a2, s2, pc + 22
core   0: 3 0x80008e96 (0x01264b63)
core   0: 0x80008eac (0x41a651b3) sra     gp, a2, s10
core   0: 3 0x80008eac (0x41a651b3) x 3 0xfffffff0
core   0: 0x80008eb0 (0x01c9c8b3) xor     a7, s3, t3
core   0: 3 0x80008eb0 (0x01c9c8b3) x17 0x00000eda
core   0: 0x80008eb4 (0x00008f65) c.and   a4, s1
core   0: 3 0x80008eb4 (0x8f65) x14 0x00000320
core   0: 0x80008eb6 (0x9bad8593) addi    a1, s11, -1606
core   0: 3 0x80008eb6 (0x9bad8593) x11 0x4242db4e
core   0: 0x80008eba (0x03143ab3) mulhu   s5, s0, a7
core   0: 3 0x80008eba (0x03143ab3) x21 0x00000000
core   0: 0x80008ebe (0x0000717d) c.addi16sp sp, -16
core   0: 3 0x80008ebe (0x717d) x 2 0x000000b6
core   0: 0x80008ec0 (0x2a09c013) xori    zero, s3, 672
core   0: 3 0x80008ec0 (0x2a09c013)
core   0: 0x80008ec4 (0xaee02a93) slti    s5, zero, -1298
core   0: 3 0x80008ec4 (0xaee02a93) x21 0x00000000
core   0: 0x80008ec8 (0x92257b93) andi    s7, a0, -1758
core   0: 3 0x80008ec8 (0x92257b93) x23 0x80029820
core   0: 0x80008ecc (0x0241f333) remu    t1, gp, tp
core   0: 3 0x80008ecc (0x0241f333) x 6 0x0000008b
core   0: 0x80008ed0 (0x03fce9b3) rem     s3, s9, t6
core   0: 3 0x80008ed0 (0x03fce9b3) x19 0x80008d04
core   0: 0x80008ed4 (0x000010fd) c.addi  ra, -1
core   0: 3 0x80008ed4 (0x10fd) x 1 0xfa6d2247
core   0: 0x80008ed6 (0x00008fa9) c.xor   a5, a0
core   0: 3 0x80008ed6 (0x8fa9) x15 0x746d7068
core   0: 0x80008ed8 (0x010cacb3) slt     s9, s9, a6
core   0: 3 0x80008ed8 (0x010cacb3) x25 0x00000001
core   0: 0x80008edc (0x98dbaa93) slti    s5, s7, -1651
core   0: 3 0x80008edc (0x98dbaa93) x21 0x00000001
core   0: 0x80008ee0 (0x010668b3) or      a7, a2, a6
core   0: 3 0x80008ee0 (0x010668b3) x17 0x8cdede64
core   0: 0x80008ee4 (0x0000469d) c.li    a3, 7
core   0: 3 0x80008ee4 (0x469d) x13 0x00000007
core   0: 0x80008ee6 (0x02b667b3) rem     a5, a2, a1
core   0: 3 0x80008ee6 (0x02b667b3) x15 0xc24539b2
core   0: 0x80008eea (0x0000c091) c.beqz  s1, pc + 4
core   0: 3 0x80008eea (0xc091)
core   0: 0x80008eec (0x00008ea5) c.xor   a3, s1
core   0: 3 0x80008eec (0x8ea5) x13 0x000007f8
core   0: 0x80008eee (0x000062a1) c.lui   t0, 0x8
core   0: 3 0x80008eee (0x62a1) x 5 0x00008000
core   0: 0x80008ef0 (0x018d62b3) or      t0, s10, s8
core   0: 3 0x80008ef0 (0x018d62b3) x 5 0xf66ffa9b
core   0: 0x80008ef4 (0xd59ab413) sltiu   s0, s5, -679
core   0: 3 0x80008ef4 (0xd59ab413) x 8 0x00000001
core   0: 0x80008ef8 (0x00008866) c.mv    a6, s9
core   0: 3 0x80008ef8 (0x8866) x16 0x00000001
core   0: 0x80008efa (0x00000b0c) c.addi4spn a1, sp, 400
core   0: 3 0x80008efa (0x0b0c) x11 0x00000246
core   0: 0x80008efc (0x00e28fb3) add     t6, t0, a4
core   0: 3 0x80008efc (0x00e28fb3) x31 0xf66ffdbb
core   0: 0x80008f00 (0x0233ed33) rem     s10, t2, gp
core   0: 3 0x80008f00 (0x0233ed33) x26 0x00000001
core   0: 0x80008f04 (0x028b1fb3) mulh    t6, s6, s0
core   0: 3 0x80008f04 (0x028b1fb3) x31 0x00000000
core   0: 0x80008f08 (0x026188b3) mul     a7, gp, t1
core   0: 3 0x80008f08 (0x026188b3) x17 0xfffff750
core   0: 0x80008f0c (0x00000efa) c.slli  t4, 30
core   0: 3 0x80008f0c (0x0efa) x29 0x40000000
core   0: 0x80008f0e (0x0000029a) c.slli  t0, 6
core   0: 3 0x80008f0e (0x029a) x 5 0x9bfea6c0
core   0: 0x80008f10 (0x025e1433) mulh    s0, t3, t0
core   0: 3 0x80008f10 (0x025e1433) x 8 0x00000026
core   0: 0x80008f14 (0x000066e9) c.lui   a3, 0x1a
core   0: 3 0x80008f14 (0x66e9) x13 0x0001a000
core   0: 0x80008f16 (0x000081fd) c.srli  a1, 31
core   0: 3 0x80008f16 (0x81fd) x11 0x00000000
core   0: 0x80008f18 (0x02759563) bne     a1, t2, pc + 42
core   0: 3 0x80008f18 (0x02759563)
core   0: 0x80008f42 (0x0333d933) divu    s2, t2, s3
core   0: 3 0x80008f42 (0x0333d933) x18 0x00000000
core   0: 0x80008f46 (0x00004115) c.li    sp, 5
core   0: 3 0x80008f46 (0x4115) x 2 0x00000005
core   0: 0x80008f48 (0x018f0bb3) add     s7, t5, s8
core   0: 3 0x80008f48 (0x018f0bb3) x23 0xd2000000
core   0: 0x80008f4c (0x40695b33) sra     s6, s2, t1
core   0: 3 0x80008f4c (0x40695b33) x22 0x00000000
core   0: 0x80008f50 (0x0328e263) bltu    a7, s2, pc + 36
core   0: 3 0x80008f50 (0x0328e263)
core   0: 0x80008f54 (0x0000100f) fence.i
core   0: 3 0x80008f54 (0x0000100f)
core   0: 0x80008f58 (0x00008fa9) c.xor   a5, a0
core   0: 3 0x80008f58 (0x8fa9) x15 0x4247a556
core   0: 0x80008f5a (0xf579e993) ori     s3, s3, -169
core   0: 3 0x80008f5a (0xf579e993) x19 0xffffff57
core   0: 0x80008f5e (0x03895063) bge     s2, s8, pc + 32
core   0: 3 0x80008f5e (0x03895063)
core   0: 0x80008f7e (0x033e1cb3) mulh    s9, t3, s3
core   0: 3 0x80008f7e (0x033e1cb3) x25 0x00000000
core   0: 0x80008f82 (0x00008c09) c.sub   s0, a0
core   0: 3 0x80008f82 (0x8c09) x 8 0x7ffd6342
core   0: 0x80008f84 (0x00cf9863) bne     t6, a2, pc + 16
core   0: 3 0x80008f84 (0x00cf9863)
core   0: 0x80008f94 (0x400e5333) sra     t1, t3, zero
core   0: 3 0x80008f94 (0x400e5333) x 6 0xffffff9d
core   0: 0x80008f98 (0x01b05193) srli    gp, zero, 27
core   0: 3 0x80008f98 (0x01b05193) x 3 0x00000000
core   0: 0x80008f9c (0x018b9333) sll     t1, s7, s8
core   0: 3 0x80008f9c (0x018b9333) x 6 0xd2000000
core   0: 0x80008fa0 (0x01aed893) srli    a7, t4, 26
core   0: 3 0x80008fa0 (0x01aed893) x17 0x00000010
core   0: 0x80008fa4 (0x1ddace97) auipc   t4, 0x1ddac
core   0: 3 0x80008fa4 (0x1ddace97) x29 0x9ddb4fa4
core   0: 0x80008fa8 (0x00008985) c.andi  a1, 1
core   0: 3 0x80008fa8 (0x8985) x11 0x00000000
core   0: 0x80008faa (0x0122c463) blt     t0, s2, pc + 8
core   0: 3 0x80008faa (0x0122c463)
core   0: 0x80008fb2 (0x004e45b3) xor     a1, t3, tp
core   0: 3 0x80008fb2 (0x004e45b3) x11 0x000000f8
core   0: 0x80008fb6 (0x01940833) add     a6, s0, s9
core   0: 3 0x80008fb6 (0x01940833) x16 0x7ffd6342
core   0: 0x80008fba (0x00be99b3) sll     s3, t4, a1
core   0: 3 0x80008fba (0x00be99b3) x19 0xa4000000
core   0: 0x80008fbe (0x00008cc1) c.or    s1, s0
core   0: 3 0x80008fbe (0x8cc1) x 9 0x7ffd67ff
core   0: 0x80008fc0 (0x011d7663) bgeu    s10, a7, pc + 12
core   0: 3 0x80008fc0 (0x011d7663)
core   0: 0x80008fc4 (0x000093da) c.add   t2, s6
core   0: 3 0x80008fc4 (0x93da) x 7 0x00000001
core   0: 0x80008fc6 (0x00008df9) c.and   a1, a4
core   0: 3 0x80008fc6 (0x8df9) x11 0x00000020
core   0: 0x80008fc8 (0x02939163) bne     t2, s1, pc + 34
core   0: 3 0x80008fc8 (0x02939163)
core   0: 0x80008fea (0x0000100f) fence.i
core   0: 3 0x80008fea (0x0000100f)
core   0: 0x80008fee (0x1d2afd13) andi    s10, s5, 466
core   0: 3 0x80008fee (0x1d2afd13) x26 0x00000000
core   0: 0x80008ff2 (0x029da133) mulhsu  sp, s11, s1
core   0: 3 0x80008ff2 (0x029da133) x 2 0x2120c4ec
core   0: 0x80008ff6 (0x57c26093) ori     ra, tp, 1404
core   0: 3 0x80008ff6 (0x57c26093) x 1 0xffffff7d
core   0: 0x80008ffa (0x5f387e13) andi    t3, a6, 1523
core   0: 3 0x80008ffa (0x5f387e13) x28 0x00000142
core   0: 0x80008ffe (0x01619413) slli    s0, gp, 22
core   0: 3 0x80008ffe (0x01619413) x 8 0x00000000
core   0: 0x80009002 (0x404e5593) srai    a1, t3, 4
core   0: 3 0x80009002 (0x404e5593) x11 0x00000014
core   0: 0x80009006 (0x00ce9263) bne     t4, a2, pc + 4
core   0: 3 0x80009006 (0x00ce9263)
core   0: 0x8000900a (0x00000001) c.nop
core   0: 3 0x8000900a (0x0001)
core   0: 0x8000900c (0x0000611d) c.addi16sp sp, 416
core   0: 3 0x8000900c (0x611d) x 2 0x2120c68c
core   0: 0x8000900e (0x010c1d33) sll     s10, s8, a6
core   0: 3 0x8000900e (0x010c1d33) x26 0x48000000
core   0: 0x80009012 (0x00001b7d) c.addi  s6, -1
core   0: 3 0x80009012 (0x1b7d) x22 0xffffffff
core   0: 0x80009014 (0x03509c63) bne     ra, s5, pc + 56
core   0: 3 0x80009014 (0x03509c63)
core   0: 0x8000904c (0x0ff0000f) fence   iorw,iorw
core   0: 3 0x8000904c (0x0ff0000f)
core   0: 0x80009050 (0x40bd5f33) sra     t5, s10, a1
core   0: 3 0x80009050 (0x40bd5f33) x30 0x00000480
core   0: 0x80009054 (0xfa704393) xori    t2, zero, -89
core   0: 3 0x80009054 (0xfa704393) x 7 0xffffffa7
core   0: 0x80009058 (0x00008f15) c.sub   a4, a3
core   0: 3 0x80009058 (0x8f15) x14 0xfffe6320
core   0: 0x8000905a (0x0000100f) fence.i
core   0: 3 0x8000905a (0x0000100f)
core   0: 0x8000905e (0x00000001) c.nop
core   0: 3 0x8000905e (0x0001)
core   0: 0x80009060 (0x0000e715) c.bnez  a4, pc + 44
core   0: 3 0x80009060 (0xe715)
core   0: 0x8000908c (0x00008c19) c.sub   s0, a4
core   0: 3 0x8000908c (0x8c19) x 8 0x00019ce0
core   0: 0x8000908e (0x00000001) c.nop
core   0: 3 0x8000908e (0x0001)
core   0: 0x80009090 (0x412604b3) sub     s1, a2, s2
core   0: 3 0x80009090 (0x412604b3) x 9 0x80025e64
core   0: 0x80009094 (0x019affb3) and     t6, s5, s9
core   0: 3 0x80009094 (0x019affb3) x31 0x00000000
core   0: 0x80009098 (0x00000001) c.nop
core   0: 3 0x80009098 (0x0001)
core   0: 0x8000909a (0xace3c113) xori    sp, t2, -1330
core   0: 3 0x8000909a (0xace3c113) x 2 0x00000569
core   0: 0x8000909e (0x00000001) c.nop
core   0: 3 0x8000909e (0x0001)
core   0: 0x800090a0 (0x0ff0000f) fence   iorw,iorw
core   0: 3 0x800090a0 (0x0ff0000f)
core   0: 0x800090a4 (0xc6af6717) auipc   a4, 0xc6af6
core   0: 3 0x800090a4 (0xc6af6717) x14 0x46aff0a4
core   0: 0x800090a8 (0x000092da) c.add   t0, s6
core   0: 3 0x800090a8 (0x92da) x 5 0x9bfea6bf
core   0: 0x800090aa (0x40a05113) srai    sp, zero, 10
core   0: 3 0x800090aa (0x40a05113) x 2 0x00000000
core   0: 0x800090ae (0x02ac6333) rem     t1, s8, a0
core   0: 3 0x800090ae (0x02ac6333) x 6 0xd2000000
core   0: 0x800090b2 (0x01148e63) beq     s1, a7, pc + 28
core   0: 3 0x800090b2 (0x01148e63)
core   0: 0x800090b6 (0x03998bb3) mul     s7, s3, s9
core   0: 3 0x800090b6 (0x03998bb3) x23 0x00000000
core   0: 0x800090ba (0x01c05663) bge     zero, t3, pc + 12
core   0: 3 0x800090ba (0x01c05663)
core   0: 0x800090be (0x0000537d) c.li    t1, -1
core   0: 3 0x800090be (0x537d) x 6 0xffffffff
core   0: 0x800090c0 (0x41e55593) srai    a1, a0, 30
core   0: 3 0x800090c0 (0x41e55593) x11 0xfffffffe
core   0: 0x800090c4 (0x00008c1a) c.mv    s8, t1
core   0: 3 0x800090c4 (0x8c1a) x24 0xffffffff
core   0: 0x800090c6 (0x000d0a33) add     s4, s10, zero
core   0: 3 0x800090c6 (0x000d0a33) x20 0x48000000
core   0: 0x800090ca (0xcb79e293) ori     t0, s3, -841
core   0: 3 0x800090ca (0xcb79e293) x 5 0xfffffcb7
core   0: 0x800090ce (0xf309ba93) sltiu   s5, s3, -208
core   0: 3 0x800090ce (0xf309ba93) x21 0x00000001
core   0: 0x800090d2 (0x000012fd) c.addi  t0, -1
core   0: 3 0x800090d2 (0x12fd) x 5 0xfffffcb6
core   0: 0x800090d4 (0x410dd693) srai    a3, s11, 16
core   0: 3 0x800090d4 (0x410dd693) x13 0x00004242
core   0: 0x800090d8 (0x00005cfd) c.li    s9, -1
core   0: 3 0x800090d8 (0x5cfd) x25 0xffffffff
core   0: 0x800090da (0xefac8f13) addi    t5, s9, -262
core   0: 3 0x800090da (0xefac8f13) x30 0xfffffef9
core   0: 0x800090de (0x06907437) lui     s0, 0x6907
core   0: 3 0x800090de (0x06907437) x 8 0x06907000
core   0: 0x800090e2 (0x02bd20b3) mulhsu  ra, s10, a1
core   0: 3 0x800090e2 (0x02bd20b3) x 1 0x47ffffff
core   0: 0x800090e6 (0x00724563) blt     tp, t2, pc + 10
core   0: 3 0x800090e6 (0x00724563)
core   0: 0x800090f0 (0x01e4beb3) sltu    t4, s1, t5
core   0: 3 0x800090f0 (0x01e4beb3) x29 0x00000001
core   0: 0x800090f4 (0x4067d913) srai    s2, a5, 6
core   0: 3 0x800090f4 (0x4067d913) x18 0x01091e95
core   0: 0x800090f8 (0xbee2e093) ori     ra, t0, -1042
core   0: 3 0x800090f8 (0xbee2e093) x 1 0xfffffffe
core   0: 0x800090fc (0x03c40063) beq     s0, t3, pc + 32
core   0: 3 0x800090fc (0x03c40063)
core   0: 0x80009100 (0x026a35b3) mulhu   a1, s4, t1
core   0: 3 0x80009100 (0x026a35b3) x11 0x47ffffff
core   0: 0x80009104 (0x000084cd) c.srai  s1, 19
core   0: 3 0x80009104 (0x84cd) x 9 0xfffff000
core   0: 0x80009106 (0x02330263) beq     t1, gp, pc + 36
core   0: 3 0x80009106 (0x02330263)
core   0: 0x8000910a (0x00008759) c.srai  a4, 22
core   0: 3 0x8000910a (0x8759) x14 0x0000011a
core   0: 0x8000910c (0x0000ed89) c.bnez  a1, pc + 26
core   0: 3 0x8000910c (0xed89)
core   0: 0x80009126 (0x01f85bb3) srl     s7, a6, t6
core   0: 3 0x80009126 (0x01f85bb3) x23 0x7ffd6342
core   0: 0x8000912a (0x9224bb13) sltiu   s6, s1, -1758
core   0: 3 0x8000912a (0x9224bb13) x22 0x00000001
core   0: 0x8000912e (0x00000001) c.nop
core   0: 3 0x8000912e (0x0001)
core   0: 0x80009130 (0x000099d6) c.add   s3, s5
core   0: 3 0x80009130 (0x99d6) x19 0xa4000001
core   0: 0x80009132 (0x00004c9d) c.li    s9, 7
core   0: 3 0x80009132 (0x4c9d) x25 0x00000007
core   0: 0x80009134 (0x01021333) sll     t1, tp, a6
core   0: 3 0x80009134 (0x01021333) x 6 0xfffffd94
core   0: 0x80009138 (0x0000717d) c.addi16sp sp, -16
core   0: 3 0x80009138 (0x717d) x 2 0xfffffff0
core   0: 0x8000913a (0x02908e63) beq     ra, s1, pc + 60
core   0: 3 0x8000913a (0x02908e63)
core   0: 0x8000913e (0x000092aa) c.add   t0, a0
core   0: 3 0x8000913e (0x92aa) x 5 0x8002999a
core   0: 0x80009140 (0x00008039) c.srli  s0, 14
core   0: 3 0x80009140 (0x8039) x 8 0x00001a41
core   0: 0x80009142 (0x97c60a17) auipc   s4, 0x97c60
core   0: 3 0x80009142 (0x97c60a17) x20 0x17c69142
core   0: 0x80009146 (0x41d7d5b3) sra     a1, a5, t4
core   0: 3 0x80009146 (0x41d7d5b3) x11 0x2123d2ab
core   0: 0x8000914a (0x012c8363) beq     s9, s2, pc + 6
core   0: 3 0x8000914a (0x012c8363)
core   0: 0x8000914e (0x00000001) c.nop
core   0: 3 0x8000914e (0x0001)
core   0: 0x80009150 (0x00008f49) c.or    a4, a0
core   0: 3 0x80009150 (0x8f49) x14 0x80029dfe
core   0: 0x80009152 (0xb67d2a93) slti    s5, s10, -1177
core   0: 3 0x80009152 (0xb67d2a93) x21 0x00000000
core   0: 0x80009156 (0x0297a433) mulhsu  s0, a5, s1
core   0: 3 0x80009156 (0x0297a433) x 8 0x4247a131
core   0: 0x8000915a (0x00096863) bltu    s2, zero, pc + 16
core   0: 3 0x8000915a (0x00096863)
core   0: 0x8000915e (0x264f95b7) lui     a1, 0x264f9
core   0: 3 0x8000915e (0x264f95b7) x11 0x264f9000
core   0: 0x80009162 (0x01d35293) srli    t0, t1, 29
core   0: 3 0x80009162 (0x01d35293) x 5 0x00000007
core   0: 0x80009166 (0x88ad6e17) auipc   t3, 0x88ad6
core   0: 3 0x80009166 (0x88ad6e17) x28 0x08adf166
core   0: 0x8000916a (0xc7b94393) xori    t2, s2, -901
core   0: 3 0x8000916a (0xc7b94393) x 7 0xfef6e2ee
core   0: 0x8000916e (0x40fdd4b3) sra     s1, s11, a5
core   0: 3 0x8000916e (0x40fdd4b3) x 9 0x00000109
core   0: 0x80009172 (0xff928b13) addi    s6, t0, -7
core   0: 3 0x80009172 (0xff928b13) x22 0x00000000
core   0: 0x80009176 (0x00000f59) c.addi  t5, 22
core   0: 3 0x80009176 (0x0f59) x30 0xffffff0f
core   0: 0x80009178 (0x01549993) slli    s3, s1, 21
core   0: 3 0x80009178 (0x01549993) x19 0x21200000
core   0: 0x8000917c (0x0000829e) c.mv    t0, t2
core   0: 3 0x8000917c (0x829e) x 5 0xfef6e2ee
core   0: 0x8000917e (0x01ccd8b3) srl     a7, s9, t3
core   0: 3 0x8000917e (0x01ccd8b3) x17 0x00000000
core   0: 0x80009182 (0x00619393) slli    t2, gp, 6
core   0: 3 0x80009182 (0x00619393) x 7 0x00000000
core   0: 0x80009186 (0x40bc5d33) sra     s10, s8, a1
core   0: 3 0x80009186 (0x40bc5d33) x26 0xffffffff
core   0: 0x8000918a (0x00164433) xor     s0, a2, ra
core   0: 3 0x8000918a (0x00164433) x 8 0x7ffda19a
core   0: 0x8000918e (0x0000eb19) c.bnez  a4, pc + 22
core   0: 3 0x8000918e (0xeb19)
core   0: 0x800091a4 (0x0085b133) sltu    sp, a1, s0
core   0: 3 0x800091a4 (0x0085b133) x 2 0x00000001
core   0: 0x800091a8 (0x00007eb3) and     t4, zero, zero
core   0: 3 0x800091a8 (0x00007eb3) x29 0x00000000
core   0: 0x800091ac (0x0068a6b3) slt     a3, a7, t1
core   0: 3 0x800091ac (0x0068a6b3) x13 0x00000000
core   0: 0x800091b0 (0x00008f4d) c.or    a4, a1
core   0: 3 0x800091b0 (0x8f4d) x14 0xa64f9dfe
core   0: 0x800091b2 (0x0271d6b3) divu    a3, gp, t2
core   0: 3 0x800091b2 (0x0271d6b3) x13 0xffffffff
core   0: 0x800091b6 (0x000043a5) c.li    t2, 9
core   0: 3 0x800091b6 (0x43a5) x 7 0x00000009
core   0: 0x800091b8 (0x015b76b3) and     a3, s6, s5
core   0: 3 0x800091b8 (0x015b76b3) x13 0x00000000
core   0: 0x800091bc (0x00008189) c.srli  a1, 2
core   0: 3 0x800091bc (0x8189) x11 0x0993e400
core   0: 0x800091be (0x00000001) c.nop
core   0: 3 0x800091be (0x0001)
core   0: 0x800091c0 (0x01bf1c13) slli    s8, t5, 27
core   0: 3 0x800091c0 (0x01bf1c13) x24 0x78000000
core   0: 0x800091c4 (0x985e6713) ori     a4, t3, -1659
core   0: 3 0x800091c4 (0x985e6713) x14 0xfffff9e7
core   0: 0x800091c8 (0xb6b8b093) sltiu   ra, a7, -1173
core   0: 3 0x800091c8 (0xb6b8b093) x 1 0x00000001
core   0: 0x800091cc (0x75ee2993) slti    s3, t3, 1886
core   0: 3 0x800091cc (0x75ee2993) x19 0x00000000
core   0: 0x800091d0 (0x017fd833) srl     a6, t6, s7
core   0: 3 0x800091d0 (0x017fd833) x16 0x00000000
core   0: 0x800091d4 (0x00008ce2) c.mv    s9, s8
core   0: 3 0x800091d4 (0x8ce2) x25 0x78000000
core   0: 0x800091d6 (0x01845263) bge     s0, s8, pc + 4
core   0: 3 0x800091d6 (0x01845263)
core   0: 0x800091da (0x03f8e1b3) rem     gp, a7, t6
core   0: 3 0x800091da (0x03f8e1b3) x 3 0x00000000
core   0: 0x800091de (0x00008f25) c.xor   a4, s1
core   0: 3 0x800091de (0x8f25) x14 0xfffff8ee
core   0: 0x800091e0 (0x014637b3) sltu    a5, a2, s4
core   0: 3 0x800091e0 (0x014637b3) x15 0x00000000
core   0: 0x800091e4 (0x00001bfd) c.addi  s7, -1
core   0: 3 0x800091e4 (0x1bfd) x23 0x7ffd6341
core   0: 0x800091e6 (0x000085e1) c.srai  a1, 24
core   0: 3 0x800091e6 (0x85e1) x11 0x00000009
core   0: 0x800091e8 (0x0000717d) c.addi16sp sp, -16
core   0: 3 0x800091e8 (0x717d) x 2 0xfffffff1
core   0: 0x800091ea (0x04a81163) bne     a6, a0, pc + 66
core   0: 3 0x800091ea (0x04a81163)
core   0: 0x8000922c (0x0185f3b3) and     t2, a1, s8
core   0: 3 0x8000922c (0x0185f3b3) x 7 0x00000000
core   0: 0x80009230 (0x00000001) c.nop
core   0: 3 0x80009230 (0x0001)
core   0: 0x80009232 (0x028388b3) mul     a7, t2, s0
core   0: 3 0x80009232 (0x028388b3) x17 0x00000000
core   0: 0x80009236 (0xe5573f97) auipc   t6, 0xe5573
core   0: 3 0x80009236 (0xe5573f97) x31 0x6557c236
core   0: 0x8000923a (0x00d2a233) slt     tp, t0, a3
core   0: 3 0x8000923a (0x00d2a233) x 4 0x00000001
core   0: 0x8000923e (0x0000100f) fence.i
core   0: 3 0x8000923e (0x0000100f)
core   0: 0x80009242 (0x0ff0000f) fence   iorw,iorw
core   0: 3 0x80009242 (0x0ff0000f)
core   0: 0x80009246 (0x0000832d) c.srli  a4, 11
core   0: 3 0x80009246 (0x832d) x14 0x001fffff
core   0: 0x80009248 (0x007a0c63) beq     s4, t2, pc + 24
core   0: 3 0x80009248 (0x007a0c63)
core   0: 0x8000924c (0x6fe4c113) xori    sp, s1, 1790
core   0: 3 0x8000924c (0x6fe4c113) x 2 0x000007f7
core   0: 0x80009250 (0x0082fe63) bgeu    t0, s0, pc + 28
core   0: 3 0x80009250 (0x0082fe63)
core   0: 0x8000926c (0x00008cd5) c.or    s1, a3
core   0: 3 0x8000926c (0x8cd5) x 9 0x00000109
core   0: 0x8000926e (0xf22af317) auipc   t1, 0xf22af
core   0: 3 0x8000926e (0xf22af317) x 6 0x722b826e
core   0: 0x80009272 (0x796ed1b7) lui     gp, 0x796ed
core   0: 3 0x80009272 (0x796ed1b7) x 3 0x796ed000
core   0: 0x80009276 (0x01a4a733) slt     a4, s1, s10
core   0: 3 0x80009276 (0x01a4a733) x14 0x00000000
core   0: 0x8000927a (0x0b7858b7) lui     a7, 0xb785
core   0: 3 0x8000927a (0x0b7858b7) x17 0x0b785000
core   0: 0x8000927e (0x0000100f) fence.i
core   0: 3 0x8000927e (0x0000100f)
core   0: 0x80009282 (0x00004e55) c.li    t3, 21
core   0: 3 0x80009282 (0x4e55) x28 0x00000015
core   0: 0x80009284 (0x000086ba) c.mv    a3, a4
core   0: 3 0x80009284 (0x86ba) x13 0x00000000
core   0: 0x80009286 (0x5e2da813) slti    a6, s11, 1506
core   0: 3 0x80009286 (0x5e2da813) x16 0x00000000
core   0: 0x8000928a (0x028a1833) mulh    a6, s4, s0
core   0: 3 0x8000928a (0x028a1833) x16 0x0be3104f
core   0: 0x8000928e (0x0270c333) div     t1, ra, t2
core   0: 3 0x8000928e (0x0270c333) x 6 0xffffffff
core   0: 0x80009292 (0x7933a593) slti    a1, t2, 1939
core   0: 3 0x80009292 (0x7933a593) x11 0x00000001
core   0: 0x80009296 (0x14008f17) auipc   t5, 0x14008
core   0: 3 0x80009296 (0x14008f17) x30 0x94011296
core   0: 0x8000929a (0x01914263) blt     sp, s9, pc + 4
core   0: 3 0x8000929a (0x01914263)
core   0: 0x8000929e (0x026c9463) bne     s9, t1, pc + 40
core   0: 3 0x8000929e (0x026c9463)
core   0: 0x800092c6 (0x00008ded) c.and   a1, a1
core   0: 3 0x800092c6 (0x8ded) x11 0x00000001
core   0: 0x800092c8 (0x0000958a) c.add   a1, sp
core   0: 3 0x800092c8 (0x958a) x11 0x000007f8
core   0: 0x800092ca (0x017e1eb3) sll     t4, t3, s7
core   0: 3 0x800092ca (0x017e1eb3) x29 0x0000002a
core   0: 0x800092ce (0x007e1d63) bne     t3, t2, pc + 26
core   0: 3 0x800092ce (0x007e1d63)
core   0: 0x800092e8 (0x0ff0000f) fence   iorw,iorw
core   0: 3 0x800092e8 (0x0ff0000f)
core   0: 0x800092ec (0x022a9733) mulh    a4, s5, sp
core   0: 3 0x800092ec (0x022a9733) x14 0x00000000
core   0: 0x800092f0 (0x02ef6eb3) rem     t4, t5, a4
core   0: 3 0x800092f0 (0x02ef6eb3) x29 0x94011296
core   0: 0x800092f4 (0x7709f713) andi    a4, s3, 1904
core   0: 3 0x800092f4 (0x7709f713) x14 0x00000000
core   0: 0x800092f8 (0x01e90263) beq     s2, t5, pc + 4
core   0: 3 0x800092f8 (0x01e90263)
core   0: 0x800092fc (0x449ded13) ori     s10, s11, 1097
core   0: 3 0x800092fc (0x449ded13) x26 0x4242e5dd
core   0: 0x80009300 (0x0145bfb3) sltu    t6, a1, s4
core   0: 3 0x80009300 (0x0145bfb3) x31 0x00000001
core   0: 0x80009304 (0x0045cd33) xor     s10, a1, tp
core   0: 3 0x80009304 (0x0045cd33) x26 0x000007f9
core   0: 0x80009308 (0x00b593b3) sll     t2, a1, a1
core   0: 3 0x80009308 (0x00b593b3) x 7 0xf8000000
core   0: 0x8000930c (0x0f1dbf97) auipc   t6, 0xf1db
core   0: 3 0x8000930c (0x0f1dbf97) x31 0x8f1e430c
core   0: 0x80009310 (0x03240433) mul     s0, s0, s2
core   0: 3 0x80009310 (0x03240433) x 8 0x7ff91aa2
core   0: 0x80009314 (0x0159dd33) srl     s10, s3, s5
core   0: 3 0x80009314 (0x0159dd33) x26 0x00000000
core   0: 0x80009318 (0x00008cd5) c.or    s1, a3
core   0: 3 0x80009318 (0x8cd5) x 9 0x00000109
core   0: 0x8000931a (0x0000c485) c.beqz  s1, pc + 40
core   0: 3 0x8000931a (0xc485)
core   0: 0x8000931c (0x0200c433) div     s0, ra, zero
core   0: 3 0x8000931c (0x0200c433) x 8 0xffffffff
core   0: 0x80009320 (0x00009cda) c.add   s9, s6
core   0: 3 0x80009320 (0x9cda) x25 0x78000000
core   0: 0x80009322 (0x03024263) blt     tp, a6, pc + 36
core   0: 3 0x80009322 (0x03024263)
core   0: 0x80009346 (0x416055b3) sra     a1, zero, s6
core   0: 3 0x80009346 (0x416055b3) x11 0x00000000
core   0: 0x8000934a (0xdb5b3493) sltiu   s1, s6, -587
core   0: 3 0x8000934a (0xdb5b3493) x 9 0x00000001
core   0: 0x8000934e (0x02d37133) remu    sp, t1, a3
core   0: 3 0x8000934e (0x02d37133) x 2 0xffffffff
core   0: 0x80009352 (0x02fc5d33) divu    s10, s8, a5
core   0: 3 0x80009352 (0x02fc5d33) x26 0xffffffff
core   0: 0x80009356 (0x0000039c) c.addi4spn a5, sp, 448
core   0: 3 0x80009356 (0x039c) x15 0x000001bf
core   0: 0x80009358 (0x03749fb3) mulh    t6, s1, s7
core   0: 3 0x80009358 (0x03749fb3) x31 0x00000000
core   0: 0x8000935c (0x0000517d) c.li    sp, -1
core   0: 3 0x8000935c (0x517d) x 2 0xffffffff
core   0: 0x8000935e (0x000086dd) c.srai  a3, 23
core   0: 3 0x8000935e (0x86dd) x13 0x00000000
core   0: 0x80009360 (0x03868563) beq     a3, s8, pc + 42
core   0: 3 0x80009360 (0x03868563)
core   0: 0x80009364 (0x402b0133) sub     sp, s6, sp
core   0: 3 0x80009364 (0x402b0133) x 2 0x00000001
core   0: 0x80009368 (0x0000c699) c.beqz  a3, pc + 14
core   0: 3 0x80009368 (0xc699)
core   0: 0x80009376 (0xd8310b13) addi    s6, sp, -637
core   0: 3 0x80009376 (0xd8310b13) x22 0xfffffd84
core   0: 0x8000937a (0x40268833) sub     a6, a3, sp
core   0: 3 0x8000937a (0x40268833) x16 0xffffffff
core   0: 0x8000937e (0x02108163) beq     ra, ra, pc + 34
core   0: 3 0x8000937e (0x02108163)
core   0: 0x800093a0 (0xf06d8117) auipc   sp, 0xf06d8
core   0: 3 0x800093a0 (0xf06d8117) x 2 0x706e13a0
core   0: 0x800093a4 (0x03a96eb3) rem     t4, s2, s10
core   0: 3 0x800093a4 (0x03a96eb3) x29 0x00000000
core   0: 0x800093a8 (0x00e65e13) srli    t3, a2, 14
core   0: 3 0x800093a8 (0x00e65e13) x28 0x00020009
core   0: 0x800093ac (0x00008ca1) c.xor   s1, s0
core   0: 3 0x800093ac (0x8ca1) x 9 0xfffffffe
core   0: 0x800093ae (0x02be96b3) mulh    a3, t4, a1
core   0: 3 0x800093ae (0x02be96b3) x13 0x00000000
core   0: 0x800093b2 (0x013bde93) srli    t4, s7, 19
core   0: 3 0x800093b2 (0x013bde93) x29 0x00000fff
core   0: 0x800093b6 (0x87a3c093) xori    ra, t2, -1926
core   0: 3 0x800093b6 (0x87a3c093) x 1 0x07fff87a
core   0: 0x800093ba (0x00000aa6) c.slli  s5, 9
core   0: 3 0x800093ba (0x0aa6) x21 0x00000000
core   0: 0x800093bc (0x0000100f) fence.i
core   0: 3 0x800093bc (0x0000100f)
core   0: 0x800093c0 (0x00008d8d) c.sub   a1, a1
core   0: 3 0x800093c0 (0x8d8d) x11 0x00000000
core   0: 0x800093c2 (0x02c586b3) mul     a3, a1, a2
core   0: 3 0x800093c2 (0x02c586b3) x13 0x00000000
core   0: 0x800093c6 (0x00000001) c.nop
core   0: 3 0x800093c6 (0x0001)
core   0: 0x800093c8 (0xc51f2393) slti    t2, t5, -943
core   0: 3 0x800093c8 (0xc51f2393) x 7 0x00000001
core   0: 0x800093cc (0x41c351b3) sra     gp, t1, t3
core   0: 3 0x800093cc (0x41c351b3) x 3 0xffffffff
core   0: 0x800093d0 (0x40bbd213) srai    tp, s7, 11
core   0: 3 0x800093d0 (0x40bbd213) x 4 0x000fffac
core   0: 0x800093d4 (0x00bf9363) bne     t6, a1, pc + 6
core   0: 3 0x800093d4 (0x00bf9363)
core   0: 0x800093d8 (0x00006119) c.addi16sp sp, 384
core   0: 3 0x800093d8 (0x6119) x 2 0x706e1520
core   0: 0x800093da (0x03e076b3) remu    a3, zero, t5
core   0: 3 0x800093da (0x03e076b3) x13 0x00000000
core   0: 0x800093de (0x0106d733) srl     a4, a3, a6
core   0: 3 0x800093de (0x0106d733) x14 0x00000000
core   0: 0x800093e2 (0xffb00193) li      gp, -5
core   0: 3 0x800093e2 (0xffb00193) x 3 0xfffffffb
core   0: 0x800093e6 (0x007d56b3) srl     a3, s10, t2
core   0: 3 0x800093e6 (0x007d56b3) x13 0x7fffffff
core   0: 0x800093ea (0x00008f29) c.xor   a4, a0
core   0: 3 0x800093ea (0x8f29) x14 0x80029ce4
core   0: 0x800093ec (0x00f00f93) li      t6, 15
core   0: 3 0x800093ec (0x00f00f93) x31 0x0000000f
core   0: 0x800093f0 (0x03419bb3) mulh    s7, gp, s4
core   0: 3 0x800093f0 (0x03419bb3) x23 0xffffffff
core   0: 0x800093f4 (0x03a013b3) mulh    t2, zero, s10
core   0: 3 0x800093f4 (0x03a013b3) x 7 0x00000000
core   0: 0x800093f8 (0x005308b3) add     a7, t1, t0
core   0: 3 0x800093f8 (0x005308b3) x17 0xfef6e2ed
core   0: 0x800093fc (0x0ff0000f) fence   iorw,iorw
core   0: 3 0x800093fc (0x0ff0000f)
core   0: 0x80009400 (0x00009156) c.add   sp, s5
core   0: 3 0x80009400 (0x9156) x 2 0x706e1520
core   0: 0x80009402 (0x00008ee5) c.and   a3, s1
core   0: 3 0x80009402 (0x8ee5) x13 0x7ffffffe
core   0: 0x80009404 (0x00006bb9) c.lui   s7, 0xe
core   0: 3 0x80009404 (0x6bb9) x23 0x0000e000
core   0: 0x80009406 (0x000085c9) c.srai  a1, 18
core   0: 3 0x80009406 (0x85c9) x11 0x00000000
core   0: 0x80009408 (0x00000446) c.slli  s0, 17
core   0: 3 0x80009408 (0x0446) x 8 0xfffe0000
core   0: 0x8000940a (0x00000189) c.addi  gp, 2
core   0: 3 0x8000940a (0x0189) x 3 0xfffffffd
core   0: 0x8000940c (0x010c1793) slli    a5, s8, 16
core   0: 3 0x8000940c (0x010c1793) x15 0x00000000
core   0: 0x80009410 (0x00a01cb3) sll     s9, zero, a0
core   0: 3 0x80009410 (0x00a01cb3) x25 0x00000000
core   0: 0x80009414 (0x0000717d) c.addi16sp sp, -16
core   0: 3 0x80009414 (0x717d) x 2 0x706e1510
core   0: 0x80009416 (0x034158b3) divu    a7, sp, s4
core   0: 3 0x80009416 (0x034158b3) x17 0x00000004
core   0: 0x8000941a (0x0049ea33) or      s4, s3, tp
core   0: 3 0x8000941a (0x0049ea33) x20 0x000fffac
core   0: 0x8000941e (0x03628eb3) mul     t4, t0, s6
core   0: 3 0x8000941e (0x03628eb3) x29 0x92a438b8
core   0: 0x80009422 (0x01d21133) sll     sp, tp, t4
core   0: 3 0x80009422 (0x01d21133) x 2 0xac000000
core   0: 0x80009426 (0x00ff29b3) slt     s3, t5, a5
core   0: 3 0x80009426 (0x00ff29b3) x19 0x00000001
core   0: 0x8000942a (0xfdf1cbe3) blt     gp, t6, pc - 42
core   0: 3 0x8000942a (0xfdf1cbe3)
core   0: 0x80009400 (0x00009156) c.add   sp, s5
core   0: 3 0x80009400 (0x9156) x 2 0xac000000
core   0: 0x80009402 (0x00008ee5) c.and   a3, s1
core   0: 3 0x80009402 (0x8ee5) x13 0x7ffffffe
core   0: 0x80009404 (0x00006bb9) c.lui   s7, 0xe
core   0: 3 0x80009404 (0x6bb9) x23 0x0000e000
core   0: 0x80009406 (0x000085c9) c.srai  a1, 18
core   0: 3 0x80009406 (0x85c9) x11 0x00000000
core   0: 0x80009408 (0x00000446) c.slli  s0, 17
core   0: 3 0x80009408 (0x0446) x 8 0x00000000
core   0: 0x8000940a (0x00000189) c.addi  gp, 2
core   0: 3 0x8000940a (0x0189) x 3 0xffffffff
core   0: 0x8000940c (0x010c1793) slli    a5, s8, 16
core   0: 3 0x8000940c (0x010c1793) x15 0x00000000
core   0: 0x80009410 (0x00a01cb3) sll     s9, zero, a0
core   0: 3 0x80009410 (0x00a01cb3) x25 0x00000000
core   0: 0x80009414 (0x0000717d) c.addi16sp sp, -16
core   0: 3 0x80009414 (0x717d) x 2 0xabfffff0
core   0: 0x80009416 (0x034158b3) divu    a7, sp, s4
core   0: 3 0x80009416 (0x034158b3) x17 0x00000ac0
core   0: 0x8000941a (0x0049ea33) or      s4, s3, tp
core   0: 3 0x8000941a (0x0049ea33) x20 0x000fffad
core   0: 0x8000941e (0x03628eb3) mul     t4, t0, s6
core   0: 3 0x8000941e (0x03628eb3) x29 0x92a438b8
core   0: 0x80009422 (0x01d21133) sll     sp, tp, t4
core   0: 3 0x80009422 (0x01d21133) x 2 0xac000000
core   0: 0x80009426 (0x00ff29b3) slt     s3, t5, a5
core   0: 3 0x80009426 (0x00ff29b3) x19 0x00000001
core   0: 0x8000942a (0xfdf1cbe3) blt     gp, t6, pc - 42
core   0: 3 0x8000942a (0xfdf1cbe3)
core   0: 0x80009400 (0x00009156) c.add   sp, s5
core   0: 3 0x80009400 (0x9156) x 2 0xac000000
core   0: 0x80009402 (0x00008ee5) c.and   a3, s1
core   0: 3 0x80009402 (0x8ee5) x13 0x7ffffffe
core   0: 0x80009404 (0x00006bb9) c.lui   s7, 0xe
core   0: 3 0x80009404 (0x6bb9) x23 0x0000e000
core   0: 0x80009406 (0x000085c9) c.srai  a1, 18
core   0: 3 0x80009406 (0x85c9) x11 0x00000000
core   0: 0x80009408 (0x00000446) c.slli  s0, 17
core   0: 3 0x80009408 (0x0446) x 8 0x00000000
core   0: 0x8000940a (0x00000189) c.addi  gp, 2
core   0: 3 0x8000940a (0x0189) x 3 0x00000001
core   0: 0x8000940c (0x010c1793) slli    a5, s8, 16
core   0: 3 0x8000940c (0x010c1793) x15 0x00000000
core   0: 0x80009410 (0x00a01cb3) sll     s9, zero, a0
core   0: 3 0x80009410 (0x00a01cb3) x25 0x00000000
core   0: 0x80009414 (0x0000717d) c.addi16sp sp, -16
core   0: 3 0x80009414 (0x717d) x 2 0xabfffff0
core   0: 0x80009416 (0x034158b3) divu    a7, sp, s4
core   0: 3 0x80009416 (0x034158b3) x17 0x00000ac0
core   0: 0x8000941a (0x0049ea33) or      s4, s3, tp
core   0: 3 0x8000941a (0x0049ea33) x20 0x000fffad
core   0: 0x8000941e (0x03628eb3) mul     t4, t0, s6
core   0: 3 0x8000941e (0x03628eb3) x29 0x92a438b8
core   0: 0x80009422 (0x01d21133) sll     sp, tp, t4
core   0: 3 0x80009422 (0x01d21133) x 2 0xac000000
core   0: 0x80009426 (0x00ff29b3) slt     s3, t5, a5
core   0: 3 0x80009426 (0x00ff29b3) x19 0x00000001
core   0: 0x8000942a (0xfdf1cbe3) blt     gp, t6, pc - 42
core   0: 3 0x8000942a (0xfdf1cbe3)
core   0: 0x80009400 (0x00009156) c.add   sp, s5
core   0: 3 0x80009400 (0x9156) x 2 0xac000000
core   0: 0x80009402 (0x00008ee5) c.and   a3, s1
core   0: 3 0x80009402 (0x8ee5) x13 0x7ffffffe
core   0: 0x80009404 (0x00006bb9) c.lui   s7, 0xe
core   0: 3 0x80009404 (0x6bb9) x23 0x0000e000
core   0: 0x80009406 (0x000085c9) c.srai  a1, 18
core   0: 3 0x80009406 (0x85c9) x11 0x00000000
core   0: 0x80009408 (0x00000446) c.slli  s0, 17
core   0: 3 0x80009408 (0x0446) x 8 0x00000000
core   0: 0x8000940a (0x00000189) c.addi  gp, 2
core   0: 3 0x8000940a (0x0189) x 3 0x00000003
core   0: 0x8000940c (0x010c1793) slli    a5, s8, 16
core   0: 3 0x8000940c (0x010c1793) x15 0x00000000
core   0: 0x80009410 (0x00a01cb3) sll     s9, zero, a0
core   0: 3 0x80009410 (0x00a01cb3) x25 0x00000000
core   0: 0x80009414 (0x0000717d) c.addi16sp sp, -16
core   0: 3 0x80009414 (0x717d) x 2 0xabfffff0
core   0: 0x80009416 (0x034158b3) divu    a7, sp, s4
core   0: 3 0x80009416 (0x034158b3) x17 0x00000ac0
core   0: 0x8000941a (0x0049ea33) or      s4, s3, tp
core   0: 3 0x8000941a (0x0049ea33) x20 0x000fffad
core   0: 0x8000941e (0x03628eb3) mul     t4, t0, s6
core   0: 3 0x8000941e (0x03628eb3) x29 0x92a438b8
core   0: 0x80009422 (0x01d21133) sll     sp, tp, t4
core   0: 3 0x80009422 (0x01d21133) x 2 0xac000000
core   0: 0x80009426 (0x00ff29b3) slt     s3, t5, a5
core   0: 3 0x80009426 (0x00ff29b3) x19 0x00000001
core   0: 0x8000942a (0xfdf1cbe3) blt     gp, t6, pc - 42
core   0: 3 0x8000942a (0xfdf1cbe3)
core   0: 0x80009400 (0x00009156) c.add   sp, s5
core   0: 3 0x80009400 (0x9156) x 2 0xac000000
core   0: 0x80009402 (0x00008ee5) c.and   a3, s1
core   0: 3 0x80009402 (0x8ee5) x13 0x7ffffffe
core   0: 0x80009404 (0x00006bb9) c.lui   s7, 0xe
core   0: 3 0x80009404 (0x6bb9) x23 0x0000e000
core   0: 0x80009406 (0x000085c9) c.srai  a1, 18
core   0: 3 0x80009406 (0x85c9) x11 0x00000000
core   0: 0x80009408 (0x00000446) c.slli  s0, 17
core   0: 3 0x80009408 (0x0446) x 8 0x00000000
core   0: 0x8000940a (0x00000189) c.addi  gp, 2
core   0: 3 0x8000940a (0x0189) x 3 0x00000005
core   0: 0x8000940c (0x010c1793) slli    a5, s8, 16
core   0: 3 0x8000940c (0x010c1793) x15 0x00000000
core   0: 0x80009410 (0x00a01cb3) sll     s9, zero, a0
core   0: 3 0x80009410 (0x00a01cb3) x25 0x00000000
core   0: 0x80009414 (0x0000717d) c.addi16sp sp, -16
core   0: 3 0x80009414 (0x717d) x 2 0xabfffff0
core   0: 0x80009416 (0x034158b3) divu    a7, sp, s4
core   0: 3 0x80009416 (0x034158b3) x17 0x00000ac0
core   0: 0x8000941a (0x0049ea33) or      s4, s3, tp
core   0: 3 0x8000941a (0x0049ea33) x20 0x000fffad
core   0: 0x8000941e (0x03628eb3) mul     t4, t0, s6
core   0: 3 0x8000941e (0x03628eb3) x29 0x92a438b8
core   0: 0x80009422 (0x01d21133) sll     sp, tp, t4
core   0: 3 0x80009422 (0x01d21133) x 2 0xac000000
core   0: 0x80009426 (0x00ff29b3) slt     s3, t5, a5
core   0: 3 0x80009426 (0x00ff29b3) x19 0x00000001
core   0: 0x8000942a (0xfdf1cbe3) blt     gp, t6, pc - 42
core   0: 3 0x8000942a (0xfdf1cbe3)
core   0: 0x80009400 (0x00009156) c.add   sp, s5
core   0: 3 0x80009400 (0x9156) x 2 0xac000000
core   0: 0x80009402 (0x00008ee5) c.and   a3, s1
core   0: 3 0x80009402 (0x8ee5) x13 0x7ffffffe
core   0: 0x80009404 (0x00006bb9) c.lui   s7, 0xe
core   0: 3 0x80009404 (0x6bb9) x23 0x0000e000
core   0: 0x80009406 (0x000085c9) c.srai  a1, 18
core   0: 3 0x80009406 (0x85c9) x11 0x00000000
core   0: 0x80009408 (0x00000446) c.slli  s0, 17
core   0: 3 0x80009408 (0x0446) x 8 0x00000000
core   0: 0x8000940a (0x00000189) c.addi  gp, 2
core   0: 3 0x8000940a (0x0189) x 3 0x00000007
core   0: 0x8000940c (0x010c1793) slli    a5, s8, 16
core   0: 3 0x8000940c (0x010c1793) x15 0x00000000
core   0: 0x80009410 (0x00a01cb3) sll     s9, zero, a0
core   0: 3 0x80009410 (0x00a01cb3) x25 0x00000000
core   0: 0x80009414 (0x0000717d) c.addi16sp sp, -16
core   0: 3 0x80009414 (0x717d) x 2 0xabfffff0
core   0: 0x80009416 (0x034158b3) divu    a7, sp, s4
core   0: 3 0x80009416 (0x034158b3) x17 0x00000ac0
core   0: 0x8000941a (0x0049ea33) or      s4, s3, tp
core   0: 3 0x8000941a (0x0049ea33) x20 0x000fffad
core   0: 0x8000941e (0x03628eb3) mul     t4, t0, s6
core   0: 3 0x8000941e (0x03628eb3) x29 0x92a438b8
core   0: 0x80009422 (0x01d21133) sll     sp, tp, t4
core   0: 3 0x80009422 (0x01d21133) x 2 0xac000000
core   0: 0x80009426 (0x00ff29b3) slt     s3, t5, a5
core   0: 3 0x80009426 (0x00ff29b3) x19 0x00000001
core   0: 0x8000942a (0xfdf1cbe3) blt     gp, t6, pc - 42
core   0: 3 0x8000942a (0xfdf1cbe3)
core   0: 0x80009400 (0x00009156) c.add   sp, s5
core   0: 3 0x80009400 (0x9156) x 2 0xac000000
core   0: 0x80009402 (0x00008ee5) c.and   a3, s1
core   0: 3 0x80009402 (0x8ee5) x13 0x7ffffffe
core   0: 0x80009404 (0x00006bb9) c.lui   s7, 0xe
core   0: 3 0x80009404 (0x6bb9) x23 0x0000e000
core   0: 0x80009406 (0x000085c9) c.srai  a1, 18
core   0: 3 0x80009406 (0x85c9) x11 0x00000000
core   0: 0x80009408 (0x00000446) c.slli  s0, 17
core   0: 3 0x80009408 (0x0446) x 8 0x00000000
core   0: 0x8000940a (0x00000189) c.addi  gp, 2
core   0: 3 0x8000940a (0x0189) x 3 0x00000009
core   0: 0x8000940c (0x010c1793) slli    a5, s8, 16
core   0: 3 0x8000940c (0x010c1793) x15 0x00000000
core   0: 0x80009410 (0x00a01cb3) sll     s9, zero, a0
core   0: 3 0x80009410 (0x00a01cb3) x25 0x00000000
core   0: 0x80009414 (0x0000717d) c.addi16sp sp, -16
core   0: 3 0x80009414 (0x717d) x 2 0xabfffff0
core   0: 0x80009416 (0x034158b3) divu    a7, sp, s4
core   0: 3 0x80009416 (0x034158b3) x17 0x00000ac0
core   0: 0x8000941a (0x0049ea33) or      s4, s3, tp
core   0: 3 0x8000941a (0x0049ea33) x20 0x000fffad
core   0: 0x8000941e (0x03628eb3) mul     t4, t0, s6
core   0: 3 0x8000941e (0x03628eb3) x29 0x92a438b8
core   0: 0x80009422 (0x01d21133) sll     sp, tp, t4
core   0: 3 0x80009422 (0x01d21133) x 2 0xac000000
core   0: 0x80009426 (0x00ff29b3) slt     s3, t5, a5
core   0: 3 0x80009426 (0x00ff29b3) x19 0x00000001
core   0: 0x8000942a (0xfdf1cbe3) blt     gp, t6, pc - 42
core   0: 3 0x8000942a (0xfdf1cbe3)
core   0: 0x80009400 (0x00009156) c.add   sp, s5
core   0: 3 0x80009400 (0x9156) x 2 0xac000000
core   0: 0x80009402 (0x00008ee5) c.and   a3, s1
core   0: 3 0x80009402 (0x8ee5) x13 0x7ffffffe
core   0: 0x80009404 (0x00006bb9) c.lui   s7, 0xe
core   0: 3 0x80009404 (0x6bb9) x23 0x0000e000
core   0: 0x80009406 (0x000085c9) c.srai  a1, 18
core   0: 3 0x80009406 (0x85c9) x11 0x00000000
core   0: 0x80009408 (0x00000446) c.slli  s0, 17
core   0: 3 0x80009408 (0x0446) x 8 0x00000000
core   0: 0x8000940a (0x00000189) c.addi  gp, 2
core   0: 3 0x8000940a (0x0189) x 3 0x0000000b
core   0: 0x8000940c (0x010c1793) slli    a5, s8, 16
core   0: 3 0x8000940c (0x010c1793) x15 0x00000000
core   0: 0x80009410 (0x00a01cb3) sll     s9, zero, a0
core   0: 3 0x80009410 (0x00a01cb3) x25 0x00000000
core   0: 0x80009414 (0x0000717d) c.addi16sp sp, -16
core   0: 3 0x80009414 (0x717d) x 2 0xabfffff0
core   0: 0x80009416 (0x034158b3) divu    a7, sp, s4
core   0: 3 0x80009416 (0x034158b3) x17 0x00000ac0
core   0: 0x8000941a (0x0049ea33) or      s4, s3, tp
core   0: 3 0x8000941a (0x0049ea33) x20 0x000fffad
core   0: 0x8000941e (0x03628eb3) mul     t4, t0, s6
core   0: 3 0x8000941e (0x03628eb3) x29 0x92a438b8
core   0: 0x80009422 (0x01d21133) sll     sp, tp, t4
core   0: 3 0x80009422 (0x01d21133) x 2 0xac000000
core   0: 0x80009426 (0x00ff29b3) slt     s3, t5, a5
core   0: 3 0x80009426 (0x00ff29b3) x19 0x00000001
core   0: 0x8000942a (0xfdf1cbe3) blt     gp, t6, pc - 42
core   0: 3 0x8000942a (0xfdf1cbe3)
core   0: 0x80009400 (0x00009156) c.add   sp, s5
core   0: 3 0x80009400 (0x9156) x 2 0xac000000
core   0: 0x80009402 (0x00008ee5) c.and   a3, s1
core   0: 3 0x80009402 (0x8ee5) x13 0x7ffffffe
core   0: 0x80009404 (0x00006bb9) c.lui   s7, 0xe
core   0: 3 0x80009404 (0x6bb9) x23 0x0000e000
core   0: 0x80009406 (0x000085c9) c.srai  a1, 18
core   0: 3 0x80009406 (0x85c9) x11 0x00000000
core   0: 0x80009408 (0x00000446) c.slli  s0, 17
core   0: 3 0x80009408 (0x0446) x 8 0x00000000
core   0: 0x8000940a (0x00000189) c.addi  gp, 2
core   0: 3 0x8000940a (0x0189) x 3 0x0000000d
core   0: 0x8000940c (0x010c1793) slli    a5, s8, 16
core   0: 3 0x8000940c (0x010c1793) x15 0x00000000
core   0: 0x80009410 (0x00a01cb3) sll     s9, zero, a0
core   0: 3 0x80009410 (0x00a01cb3) x25 0x00000000
core   0: 0x80009414 (0x0000717d) c.addi16sp sp, -16
core   0: 3 0x80009414 (0x717d) x 2 0xabfffff0
core   0: 0x80009416 (0x034158b3) divu    a7, sp, s4
core   0: 3 0x80009416 (0x034158b3) x17 0x00000ac0
core   0: 0x8000941a (0x0049ea33) or      s4, s3, tp
core   0: 3 0x8000941a (0x0049ea33) x20 0x000fffad
core   0: 0x8000941e (0x03628eb3) mul     t4, t0, s6
core   0: 3 0x8000941e (0x03628eb3) x29 0x92a438b8
core   0: 0x80009422 (0x01d21133) sll     sp, tp, t4
core   0: 3 0x80009422 (0x01d21133) x 2 0xac000000
core   0: 0x80009426 (0x00ff29b3) slt     s3, t5, a5
core   0: 3 0x80009426 (0x00ff29b3) x19 0x00000001
core   0: 0x8000942a (0xfdf1cbe3) blt     gp, t6, pc - 42
core   0: 3 0x8000942a (0xfdf1cbe3)
core   0: 0x80009400 (0x00009156) c.add   sp, s5
core   0: 3 0x80009400 (0x9156) x 2 0xac000000
core   0: 0x80009402 (0x00008ee5) c.and   a3, s1
core   0: 3 0x80009402 (0x8ee5) x13 0x7ffffffe
core   0: 0x80009404 (0x00006bb9) c.lui   s7, 0xe
core   0: 3 0x80009404 (0x6bb9) x23 0x0000e000
core   0: 0x80009406 (0x000085c9) c.srai  a1, 18
core   0: 3 0x80009406 (0x85c9) x11 0x00000000
core   0: 0x80009408 (0x00000446) c.slli  s0, 17
core   0: 3 0x80009408 (0x0446) x 8 0x00000000
core   0: 0x8000940a (0x00000189) c.addi  gp, 2
core   0: 3 0x8000940a (0x0189) x 3 0x0000000f
core   0: 0x8000940c (0x010c1793) slli    a5, s8, 16
core   0: 3 0x8000940c (0x010c1793) x15 0x00000000
core   0: 0x80009410 (0x00a01cb3) sll     s9, zero, a0
core   0: 3 0x80009410 (0x00a01cb3) x25 0x00000000
core   0: 0x80009414 (0x0000717d) c.addi16sp sp, -16
core   0: 3 0x80009414 (0x717d) x 2 0xabfffff0
core   0: 0x80009416 (0x034158b3) divu    a7, sp, s4
core   0: 3 0x80009416 (0x034158b3) x17 0x00000ac0
core   0: 0x8000941a (0x0049ea33) or      s4, s3, tp
core   0: 3 0x8000941a (0x0049ea33) x20 0x000fffad
core   0: 0x8000941e (0x03628eb3) mul     t4, t0, s6
core   0: 3 0x8000941e (0x03628eb3) x29 0x92a438b8
core   0: 0x80009422 (0x01d21133) sll     sp, tp, t4
core   0: 3 0x80009422 (0x01d21133) x 2 0xac000000
core   0: 0x80009426 (0x00ff29b3) slt     s3, t5, a5
core   0: 3 0x80009426 (0x00ff29b3) x19 0x00000001
core   0: 0x8000942a (0xfdf1cbe3) blt     gp, t6, pc - 42
core   0: 3 0x8000942a (0xfdf1cbe3)
core   0: 0x8000942e (0x0155b7b3) sltu    a5, a1, s5
core   0: 3 0x8000942e (0x0155b7b3) x15 0x00000000
core   0: 0x80009432 (0x00299193) slli    gp, s3, 2
core   0: 3 0x80009432 (0x00299193) x 3 0x00000004
core   0: 0x80009436 (0x03d7e363) bltu    a5, t4, pc + 38
core   0: 3 0x80009436 (0x03d7e363)
core   0: 0x8000945c (0x78400e93) li      t4, 1924
core   0: 3 0x8000945c (0x78400e93) x29 0x00000784
core   0: 0x80009460 (0x40638133) sub     sp, t2, t1
core   0: 3 0x80009460 (0x40638133) x 2 0x00000001
core   0: 0x80009464 (0x04088063) beqz    a7, pc + 64
core   0: 3 0x80009464 (0x04088063)
core   0: 0x80009468 (0x0269e433) rem     s0, s3, t1
core   0: 3 0x80009468 (0x0269e433) x 8 0x00000000
core   0: 0x8000946c (0xe1aee193) ori     gp, t4, -486
core   0: 3 0x8000946c (0xe1aee193) x 3 0xffffff9e
core   0: 0x80009470 (0x0000100f) fence.i
core   0: 3 0x80009470 (0x0000100f)
core   0: 0x80009474 (0x032ff5b3) remu    a1, t6, s2
core   0: 3 0x80009474 (0x032ff5b3) x11 0x0000000f
core   0: 0x80009478 (0xc64152b7) lui     t0, 0xc6415
core   0: 3 0x80009478 (0xc64152b7) x 5 0xc6415000
core   0: 0x8000947c (0x9a222593) slti    a1, tp, -1630
core   0: 3 0x8000947c (0x9a222593) x11 0x00000000
core   0: 0x80009480 (0x0000c985) c.beqz  a1, pc + 48
core   0: 3 0x80009480 (0xc985)
core   0: 0x800094b0 (0x000002da) c.slli  t0, 22
core   0: 3 0x800094b0 (0x02da) x 5 0x00000000
core   0: 0x800094b2 (0x00235b63) bge     t1, sp, pc + 22
core   0: 3 0x800094b2 (0x00235b63)
core   0: 0x800094b6 (0x0000615d) c.addi16sp sp, 432
core   0: 3 0x800094b6 (0x615d) x 2 0x000001b1
core   0: 0x800094b8 (0x0359fb33) remu    s6, s3, s5
core   0: 3 0x800094b8 (0x0359fb33) x22 0x00000001
core   0: 0x800094bc (0x036c41b3) div     gp, s8, s6
core   0: 3 0x800094bc (0x036c41b3) x 3 0x78000000
core   0: 0x800094c0 (0x000087c1) c.srai  a5, 16
core   0: 3 0x800094c0 (0x87c1) x15 0x00000000
core   0: 0x800094c2 (0x00008c71) c.and   s0, a2
core   0: 3 0x800094c2 (0x8c71) x 8 0x00000000
core   0: 0x800094c4 (0x0000517d) c.li    sp, -1
core   0: 3 0x800094c4 (0x517d) x 2 0xffffffff
core   0: 0x800094c6 (0x00006431) c.lui   s0, 0xc
core   0: 3 0x800094c6 (0x6431) x 8 0x0000c000
core   0: 0x800094c8 (0x0af77713) andi    a4, a4, 175
core   0: 3 0x800094c8 (0x0af77713) x14 0x000000a4
core   0: 0x800094cc (0x007c5833) srl     a6, s8, t2
core   0: 3 0x800094cc (0x007c5833) x16 0x78000000
core   0: 0x800094d0 (0x9632f793) andi    a5, t0, -1693
core   0: 3 0x800094d0 (0x9632f793) x15 0x00000000
core   0: 0x800094d4 (0x0000e719) c.bnez  a4, pc + 14
core   0: 3 0x800094d4 (0xe719)
core   0: 0x800094e2 (0x00004131) c.li    sp, 12
core   0: 3 0x800094e2 (0x4131) x 2 0x0000000c
core   0: 0x800094e4 (0x00000001) c.nop
core   0: 3 0x800094e4 (0x0001)
core   0: 0x800094e6 (0x00417bb3) and     s7, sp, tp
core   0: 3 0x800094e6 (0x00417bb3) x23 0x0000000c
core   0: 0x800094ea (0x000082ae) c.mv    t0, a1
core   0: 3 0x800094ea (0x82ae) x 5 0x00000000
core   0: 0x800094ec (0x03210263) beq     sp, s2, pc + 36
core   0: 3 0x800094ec (0x03210263)
core   0: 0x800094f0 (0x0000e791) c.bnez  a5, pc + 12
core   0: 3 0x800094f0 (0xe791)
core   0: 0x800094f2 (0xaf6e6f13) ori     t5, t3, -1290
core   0: 3 0x800094f2 (0xaf6e6f13) x30 0xfffffaff
core   0: 0x800094f6 (0x034254b3) divu    s1, tp, s4
core   0: 3 0x800094f6 (0x034254b3) x 9 0x00000000
core   0: 0x800094fa (0x000080ed) c.srli  s1, 27
core   0: 3 0x800094fa (0x80ed) x 9 0x00000000
core   0: 0x800094fc (0x00008045) c.srli  s0, 17
core   0: 3 0x800094fc (0x8045) x 8 0x00000000
core   0: 0x800094fe (0x00eda433) slt     s0, s11, a4
core   0: 3 0x800094fe (0x00eda433) x 8 0x00000000
core   0: 0x80009502 (0x005e0333) add     t1, t3, t0
core   0: 3 0x80009502 (0x005e0333) x 6 0x00020009
core   0: 0x80009506 (0x00008de5) c.and   a1, s1
core   0: 3 0x80009506 (0x8de5) x11 0x00000000
core   0: 0x80009508 (0x025ebb33) mulhu   s6, t4, t0
core   0: 3 0x80009508 (0x025ebb33) x22 0x00000000
core   0: 0x8000950c (0x03a73233) mulhu   tp, a4, s10
core   0: 3 0x8000950c (0x03a73233) x 4 0x000000a3
core   0: 0x80009510 (0x000097e2) c.add   a5, s8
core   0: 3 0x80009510 (0x97e2) x15 0x78000000
core   0: 0x80009512 (0x00001b7d) c.addi  s6, -1
core   0: 3 0x80009512 (0x1b7d) x22 0xffffffff
core   0: 0x80009514 (0x1f2bcb17) auipc   s6, 0x1f2bc
core   0: 3 0x80009514 (0x1f2bcb17) x22 0x9f2c5514
core   0: 0x80009518 (0x0ff0000f) fence   iorw,iorw
core   0: 3 0x80009518 (0x0ff0000f)
core   0: 0x8000951c (0x01ee4263) blt     t3, t5, pc + 4
core   0: 3 0x8000951c (0x01ee4263)
core   0: 0x80009520 (0x00008ed5) c.or    a3, a3
core   0: 3 0x80009520 (0x8ed5) x13 0x7ffffffe
core   0: 0x80009522 (0x03a493b3) mulh    t2, s1, s10
core   0: 3 0x80009522 (0x03a493b3) x 7 0x00000000
core   0: 0x80009526 (0x00008ea1) c.xor   a3, s0
core   0: 3 0x80009526 (0x8ea1) x13 0x7ffffffe
core   0: 0x80009528 (0x0000100f) fence.i
core   0: 3 0x80009528 (0x0000100f)
core   0: 0x8000952c (0x00009b7d) c.andi  a4, -1
core   0: 3 0x8000952c (0x9b7d) x14 0x000000a4
core   0: 0x8000952e (0xf15d8e13) addi    t3, s11, -235
core   0: 3 0x8000952e (0xf15d8e13) x28 0x4242e0a9
core   0: 0x80009532 (0x0000807d) c.srli  s0, 31
core   0: 3 0x80009532 (0x807d) x 8 0x00000000
core   0: 0x80009534 (0xe343bb13) sltiu   s6, t2, -460
core   0: 3 0x80009534 (0xe343bb13) x22 0x00000001
core   0: 0x80009538 (0x014ec263) blt     t4, s4, pc + 4
core   0: 3 0x80009538 (0x014ec263)
core   0: 0x8000953c (0x00eb8863) beq     s7, a4, pc + 16
core   0: 3 0x8000953c (0x00eb8863)
core   0: 0x80009540 (0x407f5433) sra     s0, t5, t2
core   0: 3 0x80009540 (0x407f5433) x 8 0xfffffaff
core   0: 0x80009544 (0x75fb8b93) addi    s7, s7, 1887
core   0: 3 0x80009544 (0x75fb8b93) x23 0x0000076b
core   0: 0x80009548 (0xc5ad3413) sltiu   s0, s10, -934
core   0: 3 0x80009548 (0xc5ad3413) x 8 0x00000000
core   0: 0x8000954c (0x0000717d) c.addi16sp sp, -16
core   0: 3 0x8000954c (0x717d) x 2 0xfffffffc
core   0: 0x8000954e (0x013563b3) or      t2, a0, s3
core   0: 3 0x8000954e (0x013563b3) x 7 0x80029ce5
core   0: 0x80009552 (0x8ea08297) auipc   t0, 0x8ea08
core   0: 3 0x80009552 (0x8ea08297) x 5 0x0ea11552
core   0: 0x80009556 (0x0116ec63) bltu    a3, a7, pc + 24
core   0: 3 0x80009556 (0x0116ec63)
core   0: 0x8000955a (0x326fb693) sltiu   a3, t6, 806
core   0: 3 0x8000955a (0x326fb693) x13 0x00000001
core   0: 0x8000955e (0x00008ced) c.and   s1, a1
core   0: 3 0x8000955e (0x8ced) x 9 0x00000000
core   0: 0x80009560 (0x035a1e33) mulh    t3, s4, s5
core   0: 3 0x80009560 (0x035a1e33) x28 0x00000000
core   0: 0x80009564 (0x00000001) c.nop
core   0: 3 0x80009564 (0x0001)
core   0: 0x80009566 (0x021ce3b3) rem     t2, s9, ra
core   0: 3 0x80009566 (0x021ce3b3) x 7 0x00000000
core   0: 0x8000956a (0x69c48f13) addi    t5, s1, 1692
core   0: 3 0x8000956a (0x69c48f13) x30 0x0000069c
core   0: 0x8000956e (0x000099fd) c.andi  a1, -1
core   0: 3 0x8000956e (0x99fd) x11 0x00000000
core   0: 0x80009570 (0x00000001) c.nop
core   0: 3 0x80009570 (0x0001)
core   0: 0x80009572 (0x2a14cf13) xori    t5, s1, 673
core   0: 3 0x80009572 (0x2a14cf13) x30 0x000002a1
core   0: 0x80009576 (0x03dfed33) rem     s10, t6, t4
core   0: 3 0x80009576 (0x03dfed33) x26 0x0000000f
core   0: 0x8000957a (0x0007cf33) xor     t5, a5, zero
core   0: 3 0x8000957a (0x0007cf33) x30 0x78000000
core   0: 0x8000957e (0x00315033) srl     zero, sp, gp
core   0: 3 0x8000957e (0x00315033)
core   0: 0x80009582 (0x00000001) c.nop
core   0: 3 0x80009582 (0x0001)
core   0: 0x80009584 (0x00392bb3) slt     s7, s2, gp
core   0: 3 0x80009584 (0x00392bb3) x23 0x00000001
core   0: 0x80009588 (0x00008106) c.mv    sp, ra
core   0: 3 0x80009588 (0x8106) x 2 0x07fff87a
core   0: 0x8000958a (0x0000cc81) c.beqz  s1, pc + 24
core   0: 3 0x8000958a (0xcc81)
core   0: 0x800095a2 (0x03d7b5b3) mulhu   a1, a5, t4
core   0: 3 0x800095a2 (0x03d7b5b3) x11 0x00000385
core   0: 0x800095a6 (0x02f54eb3) div     t4, a0, a5
core   0: 3 0x800095a6 (0x02f54eb3) x29 0xffffffff
core   0: 0x800095aa (0x000081e1) c.srli  a1, 24
core   0: 3 0x800095aa (0x81e1) x11 0x00000000
core   0: 0x800095ac (0x003e9b33) sll     s6, t4, gp
core   0: 3 0x800095ac (0x003e9b33) x22 0xffffffff
core   0: 0x800095b0 (0x02e40733) mul     a4, s0, a4
core   0: 3 0x800095b0 (0x02e40733) x14 0x00000000
core   0: 0x800095b4 (0x9bd9b3b7) lui     t2, 0x9bd9b
core   0: 3 0x800095b4 (0x9bd9b3b7) x 7 0x9bd9b000
core   0: 0x800095b8 (0x00c4f833) and     a6, s1, a2
core   0: 3 0x800095b8 (0x00c4f833) x16 0x00000000
core   0: 0x800095bc (0x000015fd) c.addi  a1, -1
core   0: 3 0x800095bc (0x15fd) x11 0xffffffff
core   0: 0x800095be (0x0000e185) c.bnez  a1, pc + 32
core   0: 3 0x800095be (0xe185)
core   0: 0x800095de (0x00008c3d) c.xor   s0, a5
core   0: 3 0x800095de (0x8c3d) x 8 0x78000000
core   0: 0x800095e0 (0x9c474a93) xori    s5, a4, -1596
core   0: 3 0x800095e0 (0x9c474a93) x21 0xfffff9c4
core   0: 0x800095e4 (0x0197b6b3) sltu    a3, a5, s9
core   0: 3 0x800095e4 (0x0197b6b3) x13 0x00000000
core   0: 0x800095e8 (0x00d7d463) bge     a5, a3, pc + 8
core   0: 3 0x800095e8 (0x00d7d463)
core   0: 0x800095f0 (0x0000e689) c.bnez  a3, pc + 10
core   0: 3 0x800095f0 (0xe689)
core   0: 0x800095f2 (0xafba0093) addi    ra, s4, -1285
core   0: 3 0x800095f2 (0xafba0093) x 1 0x000ffaa8
core   0: 0x800095f6 (0x01ac0eb3) add     t4, s8, s10
core   0: 3 0x800095f6 (0x01ac0eb3) x29 0x7800000f
core   0: 0x800095fa (0x01a9b6b3) sltu    a3, s3, s10
core   0: 3 0x800095fa (0x01a9b6b3) x13 0x00000001
core   0: 0x800095fe (0x036aa333) mulhsu  t1, s5, s6
core   0: 3 0x800095fe (0x036aa333) x 6 0xfffff9c4
core   0: 0x80009602 (0x00008eb1) c.xor   a3, a2
core   0: 3 0x80009602 (0x8eb1) x13 0x80025e65
core   0: 0x80009604 (0x00008f35) c.xor   a4, a3
core   0: 3 0x80009604 (0x8f35) x14 0x80025e65
core   0: 0x80009606 (0x38bce893) ori     a7, s9, 907
core   0: 3 0x80009606 (0x38bce893) x17 0x0000038b
core   0: 0x8000960a (0x000086fe) c.mv    a3, t6
core   0: 3 0x8000960a (0x86fe) x13 0x0000000f
core   0: 0x8000960c (0xb68fe693) ori     a3, t6, -1176
core   0: 3 0x8000960c (0xb68fe693) x13 0xfffffb6f
core   0: 0x80009610 (0x7efc7693) andi    a3, s8, 2031
core   0: 3 0x80009610 (0x7efc7693) x13 0x00000000
core   0: 0x80009614 (0x02c06863) bltu    zero, a2, pc + 48
core   0: 3 0x80009614 (0x02c06863)
core   0: 0x80009644 (0x00001a94) c.addi4spn a3, sp, 368
core   0: 3 0x80009644 (0x1a94) x13 0x07fff9ea
core   0: 0x80009646 (0x000d5e93) srli    t4, s10, 0
core   0: 3 0x80009646 (0x000d5e93) x29 0x0000000f
core   0: 0x8000964a (0x01d8d413) srli    s0, a7, 29
core   0: 3 0x8000964a (0x01d8d413) x 8 0x00000000
core   0: 0x8000964e (0xdcdd4c93) xori    s9, s10, -563
core   0: 3 0x8000964e (0xdcdd4c93) x25 0xfffffdc2
core   0: 0x80009652 (0x00008ba9) c.andi  a5, 10
core   0: 3 0x80009652 (0x8ba9) x15 0x00000000
core   0: 0x80009654 (0x0ff0000f) fence   iorw,iorw
core   0: 3 0x80009654 (0x0ff0000f)
core   0: 0x80009658 (0x00008da9) c.xor   a1, a0
core   0: 3 0x80009658 (0x8da9) x11 0x7ffd631b
core   0: 0x8000965a (0x00008f55) c.or    a4, a3
core   0: 3 0x8000965a (0x8f55) x14 0x87ffffef
core   0: 0x8000965c (0x00b84a63) blt     a6, a1, pc + 20
core   0: 3 0x8000965c (0x00b84a63)
core   0: 0x80009670 (0x01e20763) beq     tp, t5, pc + 14
core   0: 3 0x80009670 (0x01e20763)
core   0: 0x80009674 (0x01088463) beq     a7, a6, pc + 8
core   0: 3 0x80009674 (0x01088463)
core   0: 0x80009678 (0x0000100f) fence.i
core   0: 3 0x80009678 (0x0000100f)
core   0: 0x8000967c (0x00008379) c.srli  a4, 30
core   0: 3 0x8000967c (0x8379) x14 0x00000002
core   0: 0x8000967e (0xbdda7793) andi    a5, s4, -1059
core   0: 3 0x8000967e (0xbdda7793) x15 0x000ffb8d
core   0: 0x80009682 (0x01b7b4b3) sltu    s1, a5, s11
core   0: 3 0x80009682 (0x01b7b4b3) x 9 0x00000001
core   0: 0x80009686 (0x001efe33) and     t3, t4, ra
core   0: 3 0x80009686 (0x001efe33) x28 0x00000008
core   0: 0x8000968a (0x1cada093) slti    ra, s11, 458
core   0: 3 0x8000968a (0x1cada093) x 1 0x00000000
core   0: 0x8000968e (0x41558a33) sub     s4, a1, s5
core   0: 3 0x8000968e (0x41558a33) x20 0x7ffd6957
core   0: 0x80009692 (0x000008f2) c.slli  a7, 28
core   0: 3 0x80009692 (0x08f2) x17 0xb0000000
core   0: 0x80009694 (0x03757463) bgeu    a0, s7, pc + 40
core   0: 3 0x80009694 (0x03757463)
core   0: 0x800096bc (0x01045663) bge     s0, a6, pc + 12
core   0: 3 0x800096bc (0x01045663)
core   0: 0x800096c8 (0x0384f563) bgeu    s1, s8, pc + 42
core   0: 3 0x800096c8 (0x0384f563)
core   0: 0x800096cc (0x0000717d) c.addi16sp sp, -16
core   0: 3 0x800096cc (0x717d) x 2 0x07fff86a
core   0: 0x800096ce (0x01ba9193) slli    gp, s5, 27
core   0: 3 0x800096ce (0x01ba9193) x 3 0x20000000
core   0: 0x800096d2 (0x01f2d113) srli    sp, t0, 31
core   0: 3 0x800096d2 (0x01f2d113) x 2 0x00000000
core   0: 0x800096d6 (0x9c52ce93) xori    t4, t0, -1595
core   0: 3 0x800096d6 (0x9c52ce93) x29 0xf15eec97
core   0: 0x800096da (0x0000537d) c.li    t1, -1
core   0: 3 0x800096da (0x537d) x 6 0xffffffff
core   0: 0x800096dc (0x00008591) c.srai  a1, 4
core   0: 3 0x800096dc (0x8591) x11 0x07ffd631
core   0: 0x800096de (0x035dd4b3) divu    s1, s11, s5
core   0: 3 0x800096de (0x035dd4b3) x 9 0x00000000
core   0: 0x800096e2 (0x00598663) beq     s3, t0, pc + 12
core   0: 3 0x800096e2 (0x00598663)
core   0: 0x800096e6 (0x02e34eb3) div     t4, t1, a4
core   0: 3 0x800096e6 (0x02e34eb3) x29 0x00000000
core   0: 0x800096ea (0x404fd9b3) sra     s3, t6, tp
core   0: 3 0x800096ea (0x404fd9b3) x19 0x00000001
core   0: 0x800096ee (0x00000e98) c.addi4spn a4, sp, 848
core   0: 3 0x800096ee (0x0e98) x14 0x00000350
core   0: 0x800096f0 (0x0000869e) c.mv    a3, t2
core   0: 3 0x800096f0 (0x869e) x13 0x9bd9b000
core   0: 0x800096f2 (0x1fd5d217) auipc   tp, 0x1fd5d
core   0: 3 0x800096f2 (0x1fd5d217) x 4 0x9fd666f2
core   0: 0x800096f6 (0x0000987d) c.andi  s0, -1
core   0: 3 0x800096f6 (0x987d) x 8 0x00000000
core   0: 0x800096f8 (0x000000d6) c.slli  ra, 21
core   0: 3 0x800096f8 (0x00d6) x 1 0x00000000
core   0: 0x800096fa (0x406c54b3) sra     s1, s8, t1
core   0: 3 0x800096fa (0x406c54b3) x 9 0x00000000
core   0: 0x800096fe (0x4050d113) srai    sp, ra, 5
core   0: 3 0x800096fe (0x4050d113) x 2 0x00000000
core   0: 0x80009702 (0x0142b133) sltu    sp, t0, s4
core   0: 3 0x80009702 (0x0142b133) x 2 0x00000001
core   0: 0x80009706 (0xbdf94993) xori    s3, s2, -1057
core   0: 3 0x80009706 (0xbdf94993) x19 0xfef6e54a
core   0: 0x8000970a (0x035ad1b3) divu    gp, s5, s5
core   0: 3 0x8000970a (0x035ad1b3) x 3 0x00000001
core   0: 0x8000970e (0x02925063) bge     tp, s1, pc + 32
core   0: 3 0x8000970e (0x02925063)
core   0: 0x80009712 (0x00008c4d) c.or    s0, a1
core   0: 3 0x80009712 (0x8c4d) x 8 0x07ffd631
core   0: 0x80009714 (0x000082e1) c.srli  a3, 24
core   0: 3 0x80009714 (0x82e1) x13 0x0000009b
core   0: 0x80009716 (0x74b14e97) auipc   t4, 0x74b14
core   0: 3 0x80009716 (0x74b14e97) x29 0xf4b1d716
core   0: 0x8000971a (0xb6632f97) auipc   t6, 0xb6632
core   0: 3 0x8000971a (0xb6632f97) x31 0x3663b71a
core   0: 0x8000971e (0x000084ed) c.srai  s1, 27
core   0: 3 0x8000971e (0x84ed) x 9 0x00000000
core   0: 0x80009720 (0x00444433) xor     s0, s0, tp
core   0: 3 0x80009720 (0x00444433) x 8 0x9829b0c3
core   0: 0x80009724 (0x0000816a) c.mv    sp, s10
core   0: 3 0x80009724 (0x816a) x 2 0x0000000f
core   0: 0x80009726 (0x00690a33) add     s4, s2, t1
core   0: 3 0x80009726 (0x00690a33) x20 0x01091e94
core   0: 0x8000972a (0x0000100f) fence.i
core   0: 3 0x8000972a (0x0000100f)
core   0: 0x8000972e (0x000086fd) c.srai  a3, 31
core   0: 3 0x8000972e (0x86fd) x13 0x00000000
core   0: 0x80009730 (0x9e31a4b7) lui     s1, 0x9e31a
core   0: 3 0x80009730 (0x9e31a4b7) x 9 0x9e31a000
core   0: 0x80009734 (0x00008c95) c.sub   s1, a3
core   0: 3 0x80009734 (0x8c95) x 9 0x9e31a000
core   0: 0x80009736 (0x00dda033) slt     zero, s11, a3
core   0: 3 0x80009736 (0x00dda033)
core   0: 0x8000973a (0x01bf1f63) bne     t5, s11, pc + 30
core   0: 3 0x8000973a (0x01bf1f63)
core   0: 0x80009758 (0x00000126) c.slli  sp, 9
core   0: 3 0x80009758 (0x0126) x 2 0x00001e00
core   0: 0x8000975a (0x00e9c263) blt     s3, a4, pc + 4
core   0: 3 0x8000975a (0x00e9c263)
core   0: 0x8000975e (0x01cfabb3) slt     s7, t6, t3
core   0: 3 0x8000975e (0x01cfabb3) x23 0x00000000
core   0: 0x80009762 (0x00000001) c.nop
core   0: 3 0x80009762 (0x0001)
core   0: 0x80009764 (0x00008d8d) c.sub   a1, a1
core   0: 3 0x80009764 (0x8d8d) x11 0x00000000
core   0: 0x80009766 (0x00a00193) li      gp, 10
core   0: 3 0x80009766 (0x00a00193) x 3 0x0000000a
core   0: 0x8000976a (0x00009b7d) c.andi  a4, -1
core   0: 3 0x8000976a (0x9b7d) x14 0x00000350
core   0: 0x8000976c (0x00d39433) sll     s0, t2, a3
core   0: 3 0x8000976c (0x00d39433) x 8 0x9bd9b000
core   0: 0x80009770 (0xf65f1e37) lui     t3, 0xf65f1
core   0: 3 0x80009770 (0xf65f1e37) x28 0xf65f1000
core   0: 0x80009774 (0x40420233) sub     tp, tp, tp
core   0: 3 0x80009774 (0x40420233) x 4 0x00000000
core   0: 0x80009778 (0x00900913) li      s2, 9
core   0: 3 0x80009778 (0x00900913) x18 0x00000009
core   0: 0x8000977c (0x01e645b3) xor     a1, a2, t5
core   0: 3 0x8000977c (0x01e645b3) x11 0xf8025e64
core   0: 0x80009780 (0x00d2b6b3) sltu    a3, t0, a3
core   0: 3 0x80009780 (0x00d2b6b3) x13 0x00000000
core   0: 0x80009784 (0x000011e1) c.addi  gp, -8
core   0: 3 0x80009784 (0x11e1) x 3 0x00000002
core   0: 0x80009786 (0x01e7bd33) sltu    s10, a5, t5
core   0: 3 0x80009786 (0x01e7bd33) x26 0x00000001
core   0: 0x8000978a (0x8159ab13) slti    s6, s3, -2027
core   0: 3 0x8000978a (0x8159ab13) x22 0x00000001
core   0: 0x8000978e (0x00000001) c.nop
core   0: 3 0x8000978e (0x0001)
core   0: 0x80009790 (0x00400a13) li      s4, 4
core   0: 3 0x80009790 (0x00400a13) x20 0x00000004
core   0: 0x80009794 (0x00a00c13) li      s8, 10
core   0: 3 0x80009794 (0x00a00c13) x24 0x0000000a
core   0: 0x80009798 (0x00000e66) c.slli  t3, 25
core   0: 3 0x80009798 (0x0e66) x28 0x00000000
core   0: 0x8000979a (0x00000001) c.nop
core   0: 3 0x8000979a (0x0001)
core   0: 0x8000979c (0x007a3e33) sltu    t3, s4, t2
core   0: 3 0x8000979c (0x007a3e33) x28 0x00000001
core   0: 0x800097a0 (0x00b8c4b3) xor     s1, a7, a1
core   0: 3 0x800097a0 (0x00b8c4b3) x 9 0x48025e64
core   0: 0x800097a4 (0x00000a05) c.addi  s4, 1
core   0: 3 0x800097a4 (0x0a05) x20 0x00000005
core   0: 0x800097a6 (0xff8a0de3) beq     s4, s8, pc - 6
core   0: 3 0x800097a6 (0xff8a0de3)
core   0: 0x800097aa (0x01f8c033) xor     zero, a7, t6
core   0: 3 0x800097aa (0x01f8c033)
core   0: 0x800097ae (0x00008fa5) c.xor   a5, s1
core   0: 3 0x800097ae (0x8fa5) x15 0x480da5e9
core   0: 0x800097b0 (0xfd21f6e3) bgeu    gp, s2, pc - 52
core   0: 3 0x800097b0 (0xfd21f6e3)
core   0: 0x800097b4 (0x00005d7d) c.li    s10, -1
core   0: 3 0x800097b4 (0x5d7d) x26 0xffffffff
core   0: 0x800097b6 (0x022f7cb3) remu    s9, t5, sp
core   0: 3 0x800097b6 (0x022f7cb3) x25 0x00000000
core   0: 0x800097ba (0x87603893) sltiu   a7, zero, -1930
core   0: 3 0x800097ba (0x87603893) x17 0x00000001
core   0: 0x800097be (0x0363c5b3) div     a1, t2, s6
core   0: 3 0x800097be (0x0363c5b3) x11 0x9bd9b000
core   0: 0x800097c2 (0x67496737) lui     a4, 0x67496
core   0: 3 0x800097c2 (0x67496737) x14 0x67496000
core   0: 0x800097c6 (0x03bec733) div     a4, t4, s11
core   0: 3 0x800097c6 (0x03bec733) x14 0x00000000
core   0: 0x800097ca (0x00008cb1) c.xor   s1, a2
core   0: 3 0x800097ca (0x8cb1) x 9 0xc8000000
core   0: 0x800097cc (0x00008cf1) c.and   s1, a2
core   0: 3 0x800097cc (0x8cf1) x 9 0x80000000
core   0: 0x800097ce (0x00000d21) c.addi  s10, 8
core   0: 3 0x800097ce (0x0d21) x26 0x00000007
core   0: 0x800097d0 (0x0000817e) c.mv    sp, t6
core   0: 3 0x800097d0 (0x817e) x 2 0x3663b71a
core   0: 0x800097d2 (0x0000c495) c.beqz  s1, pc + 44
core   0: 3 0x800097d2 (0xc495)
core   0: 0x800097d4 (0x00000001) c.nop
core   0: 3 0x800097d4 (0x0001)
core   0: 0x800097d6 (0x01352d33) slt     s10, a0, s3
core   0: 3 0x800097d6 (0x01352d33) x26 0x00000001
core   0: 0x800097da (0x00000001) c.nop
core   0: 3 0x800097da (0x0001)
core   0: 0x800097dc (0x00008aa9) c.andi  a3, 10
core   0: 3 0x800097dc (0x8aa9) x13 0x00000000
core   0: 0x800097de (0xa34232b7) lui     t0, 0xa3423
core   0: 3 0x800097de (0xa34232b7) x 5 0xa3423000
core   0: 0x800097e2 (0x01cd61b3) or      gp, s10, t3
core   0: 3 0x800097e2 (0x01cd61b3) x 3 0x00000001
core   0: 0x800097e6 (0x00001484) c.addi4spn s1, sp, 608
core   0: 3 0x800097e6 (0x1484) x 9 0x3663b97a
core   0: 0x800097e8 (0x031e4563) blt     t3, a7, pc + 42
core   0: 3 0x800097e8 (0x031e4563)
core   0: 0x800097ec (0x00dd1d63) bne     s10, a3, pc + 26
core   0: 3 0x800097ec (0x00dd1d63)
core   0: 0x80009806 (0x02b3fd33) remu    s10, t2, a1
core   0: 3 0x80009806 (0x02b3fd33) x26 0x00000000
core   0: 0x8000980a (0x024886b3) mul     a3, a7, tp
core   0: 3 0x8000980a (0x024886b3) x13 0x00000000
core   0: 0x8000980e (0x003bd933) srl     s2, s7, gp
core   0: 3 0x8000980e (0x003bd933) x18 0x00000000
core   0: 0x80009812 (0x00008e8d) c.sub   a3, a1
core   0: 3 0x80009812 (0x8e8d) x13 0x64265000
core   0: 0x80009814 (0x00008efe) c.mv    t4, t6
core   0: 3 0x80009814 (0x8efe) x29 0x3663b71a
core   0: 0x80009816 (0x022233b3) mulhu   t2, tp, sp
core   0: 3 0x80009816 (0x022233b3) x 7 0x00000000
core   0: 0x8000981a (0x02b87d33) remu    s10, a6, a1
core   0: 3 0x8000981a (0x02b87d33) x26 0x00000000
core   0: 0x8000981e (0xa8f82f93) slti    t6, a6, -1393
core   0: 3 0x8000981e (0xa8f82f93) x31 0x00000000
core   0: 0x80009822 (0xfa0f3393) sltiu   t2, t5, -96
core   0: 3 0x80009822 (0xfa0f3393) x 7 0x00000001
core   0: 0x80009826 (0x0ff0000f) fence   iorw,iorw
core   0: 3 0x80009826 (0x0ff0000f)
core   0: 0x8000982a (0xb02ae413) ori     s0, s5, -1278
core   0: 3 0x8000982a (0xb02ae413) x 8 0xfffffbc6
core   0: 0x8000982e (0x013e55b3) srl     a1, t3, s3
core   0: 3 0x8000982e (0x013e55b3) x11 0x00000000
core   0: 0x80009832 (0x039815b3) mulh    a1, a6, s9
core   0: 3 0x80009832 (0x039815b3) x11 0x00000000
core   0: 0x80009836 (0x02b65d33) divu    s10, a2, a1
core   0: 3 0x80009836 (0x02b65d33) x26 0xffffffff
core   0: 0x8000983a (0x00001f98) c.addi4spn a4, sp, 1008
core   0: 3 0x8000983a (0x1f98) x14 0x3663bb0a
core   0: 0x8000983c (0x0a1eba93) sltiu   s5, t4, 161
core   0: 3 0x8000983c (0x0a1eba93) x21 0x00000000
core   0: 0x80009840 (0x00006b65) c.lui   s6, 0x19
core   0: 3 0x80009840 (0x6b65) x22 0x00019000
core   0: 0x80009842 (0x00005d7d) c.li    s10, -1
core   0: 3 0x80009842 (0x5d7d) x26 0xffffffff
core   0: 0x80009844 (0x0000988e) c.add   a7, gp
core   0: 3 0x80009844 (0x988e) x17 0x00000002
core   0: 0x80009846 (0x00006bd5) c.lui   s7, 0x15
core   0: 3 0x80009846 (0x6bd5) x23 0x00015000
core   0: 0x80009848 (0x49796a13) ori     s4, s2, 1175
core   0: 3 0x80009848 (0x49796a13) x20 0x00000497
core   0: 0x8000984c (0x014f6763) bltu    t5, s4, pc + 14
core   0: 3 0x8000984c (0x014f6763)
core   0: 0x80009850 (0x00000001) c.nop
core   0: 3 0x80009850 (0x0001)
core   0: 0x80009852 (0x02206733) rem     a4, zero, sp
core   0: 3 0x80009852 (0x02206733) x14 0x00000000
core   0: 0x80009856 (0x001c1fb3) sll     t6, s8, ra
core   0: 3 0x80009856 (0x001c1fb3) x31 0x0000000a
core   0: 0x8000985a (0x015fbd33) sltu    s10, t6, s5
core   0: 3 0x8000985a (0x015fbd33) x26 0x00000000
core   0: 0x8000985e (0x000085d9) c.srai  a1, 22
core   0: 3 0x8000985e (0x85d9) x11 0x00000000
core   0: 0x80009860 (0x587af913) andi    s2, s5, 1415
core   0: 3 0x80009860 (0x587af913) x18 0x00000000
core   0: 0x80009864 (0x01291993) slli    s3, s2, 18
core   0: 3 0x80009864 (0x01291993) x19 0x00000000
core   0: 0x80009868 (0x00008f61) c.and   a4, s0
core   0: 3 0x80009868 (0x8f61) x14 0x00000000
core   0: 0x8000986a (0x00008f55) c.or    a4, a3
core   0: 3 0x8000986a (0x8f55) x14 0x64265000
core   0: 0x8000986c (0x00000001) c.nop
core   0: 3 0x8000986c (0x0001)
core   0: 0x8000986e (0x0165f0b3) and     ra, a1, s6
core   0: 3 0x8000986e (0x0165f0b3) x 1 0x00000000
core   0: 0x80009872 (0x020e3233) mulhu   tp, t3, zero
core   0: 3 0x80009872 (0x020e3233) x 4 0x00000000
core   0: 0x80009876 (0x016b5093) srli    ra, s6, 22
core   0: 3 0x80009876 (0x016b5093) x 1 0x00000000
core   0: 0x8000987a (0x00006ab9) c.lui   s5, 0xe
core   0: 3 0x8000987a (0x6ab9) x21 0x0000e000
core   0: 0x8000987c (0x54d24413) xori    s0, tp, 1357
core   0: 3 0x8000987c (0x54d24413) x 8 0x0000054d
core   0: 0x80009880 (0x00e3af33) slt     t5, t2, a4
core   0: 3 0x80009880 (0x00e3af33) x30 0x00000001
core   0: 0x80009884 (0x01d72933) slt     s2, a4, t4
core   0: 3 0x80009884 (0x01d72933) x18 0x00000000
core   0: 0x80009888 (0x02e33833) mulhu   a6, t1, a4
core   0: 3 0x80009888 (0x02e33833) x16 0x64264fff
core   0: 0x8000988c (0x01336663) bltu    t1, s3, pc + 12
core   0: 3 0x8000988c (0x01336663)
core   0: 0x80009890 (0x9331f493) andi    s1, gp, -1741
core   0: 3 0x80009890 (0x9331f493) x 9 0x00000001
core   0: 0x80009894 (0x01a01333) sll     t1, zero, s10
core   0: 3 0x80009894 (0x01a01333) x 6 0x00000000
core   0: 0x80009898 (0x01865293) srli    t0, a2, 24
core   0: 3 0x80009898 (0x01865293) x 5 0x00000080
core   0: 0x8000989c (0x008b8d33) add     s10, s7, s0
core   0: 3 0x8000989c (0x008b8d33) x26 0x0001554d
core   0: 0x800098a0 (0x00009cbe) c.add   s9, a5
core   0: 3 0x800098a0 (0x9cbe) x25 0x480da5e9
core   0: 0x800098a2 (0xa57c0a93) addi    s5, s8, -1449
core   0: 3 0x800098a2 (0xa57c0a93) x21 0xfffffa61
core   0: 0x800098a6 (0x000085ae) c.mv    a1, a1
core   0: 3 0x800098a6 (0x85ae) x11 0x00000000
core   0: 0x800098a8 (0x02f3b233) mulhu   tp, t2, a5
core   0: 3 0x800098a8 (0x02f3b233) x 4 0x00000000
core   0: 0x800098ac (0x007a2433) slt     s0, s4, t2
core   0: 3 0x800098ac (0x007a2433) x 8 0x00000000
core   0: 0x800098b0 (0x40555213) srai    tp, a0, 5
core   0: 3 0x800098b0 (0x40555213) x 4 0xfc0014e7
core   0: 0x800098b4 (0x03092fb3) mulhsu  t6, s2, a6
core   0: 3 0x800098b4 (0x03092fb3) x31 0x00000000
core   0: 0x800098b8 (0x00006a11) c.lui   s4, 0x4
core   0: 3 0x800098b8 (0x6a11) x20 0x00004000
core   0: 0x800098ba (0x00000001) c.nop
core   0: 3 0x800098ba (0x0001)
core   0: 0x800098bc (0x00c18d63) beq     gp, a2, pc + 26
core   0: 3 0x800098bc (0x00c18d63)
core   0: 0x800098c0 (0xa5140493) addi    s1, s0, -1455
core   0: 3 0x800098c0 (0xa5140493) x 9 0xfffffa51
core   0: 0x800098c4 (0x00174f63) blt     a4, ra, pc + 30
core   0: 3 0x800098c4 (0x00174f63)
core   0: 0x800098c8 (0x037698b3) mulh    a7, a3, s7
core   0: 3 0x800098c8 (0x037698b3) x17 0x00008372
core   0: 0x800098cc (0x0000073d) c.addi  a4, 15
core   0: 3 0x800098cc (0x073d) x14 0x6426500f
core   0: 0x800098ce (0x01c46cb3) or      s9, s0, t3
core   0: 3 0x800098ce (0x01c46cb3) x25 0x00000001
core   0: 0x800098d2 (0x0000100f) fence.i
core   0: 3 0x800098d2 (0x0000100f)
core   0: 0x800098d6 (0x03c87133) remu    sp, a6, t3
core   0: 3 0x800098d6 (0x03c87133) x 2 0x00000000
core   0: 0x800098da (0x033115b3) mulh    a1, sp, s3
core   0: 3 0x800098da (0x033115b3) x11 0x00000000
core   0: 0x800098de (0x00c22b33) slt     s6, tp, a2
core   0: 3 0x800098de (0x00c22b33) x22 0x00000000
core   0: 0x800098e2 (0x00000001) c.nop
core   0: 3 0x800098e2 (0x0001)
core   0: 0x800098e4 (0xaf834413) xori    s0, t1, -1288
core   0: 3 0x800098e4 (0xaf834413) x 8 0xfffffaf8
core   0: 0x800098e8 (0x005f1113) slli    sp, t5, 5
core   0: 3 0x800098e8 (0x005f1113) x 2 0x00000020
core   0: 0x800098ec (0x60f80713) addi    a4, a6, 1551
core   0: 3 0x800098ec (0x60f80713) x14 0x6426560e
core   0: 0x800098f0 (0x03d15d33) divu    s10, sp, t4
core   0: 3 0x800098f0 (0x03d15d33) x26 0x00000000
core   0: 0x800098f4 (0x0000019c) c.addi4spn a5, sp, 192
core   0: 3 0x800098f4 (0x019c) x15 0x000000e0
core   0: 0x800098f6 (0x0000e309) c.bnez  a4, pc + 2
core   0: 3 0x800098f6 (0xe309)
core   0: 0x800098f8 (0x0045b6b3) sltu    a3, a1, tp
core   0: 3 0x800098f8 (0x0045b6b3) x13 0x00000001
core   0: 0x800098fc (0x016dccb3) xor     s9, s11, s6
core   0: 3 0x800098fc (0x016dccb3) x25 0x4242e194
core   0: 0x80009900 (0x41858cb3) sub     s9, a1, s8
core   0: 3 0x80009900 (0x41858cb3) x25 0xfffffff6
core   0: 0x80009904 (0x03856033) rem     zero, a0, s8
core   0: 3 0x80009904 (0x03856033)
core   0: 0x80009908 (0x00006115) c.addi16sp sp, 288
core   0: 3 0x80009908 (0x6115) x 2 0x00000140
core   0: 0x8000990a (0x12723913) sltiu   s2, tp, 295
core   0: 3 0x8000990a (0x12723913) x18 0x00000000
core   0: 0x8000990e (0x6445ff93) andi    t6, a1, 1604
core   0: 3 0x8000990e (0x6445ff93) x31 0x00000000
core   0: 0x80009912 (0x00008f4d) c.or    a4, a1
core   0: 3 0x80009912 (0x8f4d) x14 0x6426560e
core   0: 0x80009914 (0x000017fd) c.addi  a5, -1
core   0: 3 0x80009914 (0x17fd) x15 0x000000df
core   0: 0x80009916 (0x00f71833) sll     a6, a4, a5
core   0: 3 0x80009916 (0x00f71833) x16 0x00000000
core   0: 0x8000991a (0x40a80733) sub     a4, a6, a0
core   0: 3 0x8000991a (0x40a80733) x14 0x7ffd631c
core   0: 0x8000991e (0x24a66a93) ori     s5, a2, 586
core   0: 3 0x8000991e (0x24a66a93) x21 0x80025e6e
core   0: 0x80009922 (0x02f931b3) mulhu   gp, s2, a5
core   0: 3 0x80009922 (0x02f931b3) x 3 0x00000000
core   0: 0x80009926 (0x00005c17) auipc   s8, 0x5
core   0: 3 0x80009926 (0x00005c17) x24 0x8000e926
core   0: 0x8000992a (0x09cc0c13) addi    s8, s8, 156
core   0: 3 0x8000992a (0x09cc0c13) x24 0x8000e9c2
core   0: 0x8000992e (0x018d11b3) sll     gp, s10, s8
core   0: 3 0x8000992e (0x018d11b3) x 3 0x00000000
core   0: 0x80009932 (0xec9c0c13) addi    s8, s8, -311
core   0: 3 0x80009932 (0xec9c0c13) x24 0x8000e88b
core   0: 0x80009936 (0x0000717d) c.addi16sp sp, -16
core   0: 3 0x80009936 (0x717d) x 2 0x00000130
core   0: 0x80009938 (0x01782a33) slt     s4, a6, s7
core   0: 3 0x80009938 (0x01782a33) x20 0x00000001
core   0: 0x8000993c (0x01230663) beq     t1, s2, pc + 12
core   0: 3 0x8000993c (0x01230663)
core   0: 0x80009948 (0x137c0367) jalr    t1, s8, 311
core   0: 3 0x80009948 (0x137c0367) x 6 0x8000994c
core   0: 0x8000e9c2 (0x00faf763) bgeu    s5, a5, pc + 14
core   0: 3 0x8000e9c2 (0x00faf763)
core   0: 0x8000e9d0 (0xfd860613) addi    a2, a2, -40
core   0: 3 0x8000e9d0 (0xfd860613) x12 0x80025e3c
core   0: 0x8000e9d4 (0x00662223) sw      t1, 4(a2)
core   0: 3 0x8000e9d4 (0x00662223) mem 0x80025e40 0x8000994c
core   0: 0x8000e9d8 (0x0ff0000f) fence   iorw,iorw
core   0: 3 0x8000e9d8 (0x0ff0000f)
core   0: 0x8000e9dc (0x0191e933) or      s2, gp, s9
core   0: 3 0x8000e9dc (0x0191e933) x18 0xfffffff6
core   0: 0x8000e9e0 (0x99de4093) xori    ra, t3, -1635
core   0: 3 0x8000e9e0 (0x99de4093) x 1 0xfffff99c
core   0: 0x8000e9e4 (0x0390abb3) mulhsu  s7, ra, s9
core   0: 3 0x8000e9e4 (0x0390abb3) x23 0xfffff99c
core   0: 0x8000e9e8 (0x000082f9) c.srli  a3, 30
core   0: 3 0x8000e9e8 (0x82f9) x13 0x00000000
core   0: 0x8000e9ea (0x00006597) auipc   a1, 0x6
core   0: 3 0x8000e9ea (0x00006597) x11 0x800149ea
core   0: 0x8000e9ee (0x0d358593) addi    a1, a1, 211
core   0: 3 0x8000e9ee (0x0d358593) x11 0x80014abd
core   0: 0x8000e9f2 (0x27258883) lb      a7, 626(a1)
core   0: 3 0x8000e9f2 (0x27258883) x17 0x00000000 mem 0x80014d2f
core   0: 0x8000e9f6 (0x01d648b3) xor     a7, a2, t4
core   0: 3 0x8000e9f6 (0x01d648b3) x17 0xb661e926
core   0: 0x8000e9fa (0x00805b13) srli    s6, zero, 8
core   0: 3 0x8000e9fa (0x00805b13) x22 0x00000000
core   0: 0x8000e9fe (0x0000717d) c.addi16sp sp, -16
core   0: 3 0x8000e9fe (0x717d) x 2 0x00000120
core   0: 0x8000ea00 (0x0236d6b3) divu    a3, a3, gp
core   0: 3 0x8000ea00 (0x0236d6b3) x13 0xffffffff
core   0: 0x8000ea04 (0x0000717d) c.addi16sp sp, -16
core   0: 3 0x8000ea04 (0x717d) x 2 0x00000110
core   0: 0x8000ea06 (0x7d859aa3) sh      s8, 2005(a1)
core   0: 3 0x8000ea06 (0x7d859aa3) mem 0x80015292 0xe88b
core   0: 0x8000ea0a (0xfac58703) lb      a4, -84(a1)
core   0: 3 0x8000ea0a (0xfac58703) x14 0x00000000 mem 0x80014a69
core   0: 0x8000ea0e (0x00008752) c.mv    a4, s4
core   0: 3 0x8000ea0e (0x8752) x14 0x00000001
core   0: 0x8000ea10 (0x6b959a83) lh      s5, 1721(a1)
core   0: 3 0x8000ea10 (0x6b959a83) x21 0x00000000 mem 0x80015176
core   0: 0x8000ea14 (0x0c458fa3) sb      tp, 223(a1)
core   0: 3 0x8000ea14 (0x0c458fa3) mem 0x80014b9c 0xe7
core   0: 0x8000ea18 (0x7ef58a03) lb      s4, 2031(a1)
core   0: 3 0x8000ea18 (0x7ef58a03) x20 0x00000000 mem 0x800152ac
core   0: 0x8000ea1c (0xa495dd03) lhu     s10, -1463(a1)
core   0: 3 0x8000ea1c (0xa495dd03) x26 0x00000000 mem 0x80014506
core   0: 0x8000ea20 (0x47959183) lh      gp, 1145(a1)
core   0: 3 0x8000ea20 (0x47959183) x 3 0x00000000 mem 0x80014f36
core   0: 0x8000ea24 (0x006c6ab3) or      s5, s8, t1
core   0: 3 0x8000ea24 (0x006c6ab3) x21 0x8000f9cf
core   0: 0x8000ea28 (0x014c1ab3) sll     s5, s8, s4
core   0: 3 0x8000ea28 (0x014c1ab3) x21 0x8000e88b
core   0: 0x8000ea2c (0x6f802a93) slti    s5, zero, 1784
core   0: 3 0x8000ea2c (0x6f802a93) x21 0x00000001
core   0: 0x8000ea30 (0x02082e33) mulhsu  t3, a6, zero
core   0: 3 0x8000ea30 (0x02082e33) x28 0x00000000
core   0: 0x8000ea34 (0x35c58923) sb      t3, 850(a1)
core   0: 3 0x8000ea34 (0x35c58923) mem 0x80014e0f 0x0
core   0: 0x8000ea38 (0x0000620d) c.lui   tp, 0x3
core   0: 3 0x8000ea38 (0x620d) x 4 0x00003000
core   0: 0x8000ea3a (0x001dd093) srli    ra, s11, 1
core   0: 3 0x8000ea3a (0x001dd093) x 1 0x212170ca
core   0: 0x8000ea3e (0x40658a03) lb      s4, 1030(a1)
core   0: 3 0x8000ea3e (0x40658a03) x20 0x00000000 mem 0x80014ec3
core   0: 0x8000ea42 (0x7a758b23) sb      t2, 1974(a1)
core   0: 3 0x8000ea42 (0x7a758b23) mem 0x80015273 0x1
core   0: 0x8000ea46 (0xafa5cc03) lbu     s8, -1286(a1)
core   0: 3 0x8000ea46 (0xafa5cc03) x24 0x00000000 mem 0x800145b7
core   0: 0x8000ea4a (0xbd15da03) lhu     s4, -1071(a1)
core   0: 3 0x8000ea4a (0xbd15da03) x20 0x00000000 mem 0x8001468e
core   0: 0x8000ea4e (0xc4b58523) sb      a1, -950(a1)
core   0: 3 0x8000ea4e (0xc4b58523) mem 0x80014707 0xbd
core   0: 0x8000ea52 (0x01a11ab3) sll     s5, sp, s10
core   0: 3 0x8000ea52 (0x01a11ab3) x21 0x00000110
core   0: 0x8000ea56 (0x01e62733) slt     a4, a2, t5
core   0: 3 0x8000ea56 (0x01e62733) x14 0x00000001
core   0: 0x8000ea5a (0x08b3c913) xori    s2, t2, 139
core   0: 3 0x8000ea5a (0x08b3c913) x18 0x0000008a
core   0: 0x8000ea5e (0x81b5df83) lhu     t6, -2021(a1)
core   0: 3 0x8000ea5e (0x81b5df83) x31 0x00000000 mem 0x800142d8
core   0: 0x8000ea62 (0x023ec1b3) div     gp, t4, gp
core   0: 3 0x8000ea62 (0x023ec1b3) x 3 0xffffffff
core   0: 0x8000ea66 (0xffe5c983) lbu     s3, -2(a1)
core   0: 3 0x8000ea66 (0xffe5c983) x19 0x00000000 mem 0x80014abb
core   0: 0x8000ea6a (0xd7658183) lb      gp, -650(a1)
core   0: 3 0x8000ea6a (0xd7658183) x 3 0x00000000 mem 0x80014833
core   0: 0x8000ea6e (0x02971933) mulh    s2, a4, s1
core   0: 3 0x8000ea6e (0x02971933) x18 0xffffffff
core   0: 0x8000ea72 (0xe35594a3) sh      s5, -471(a1)
core   0: 3 0x8000ea72 (0xe35594a3) mem 0x800148e6 0x0110
core   0: 0x8000ea76 (0x7855df83) lhu     t6, 1925(a1)
core   0: 3 0x8000ea76 (0x7855df83) x31 0x00000000 mem 0x80015242
core   0: 0x8000ea7a (0xf3e38893) addi    a7, t2, -194
core   0: 3 0x8000ea7a (0xf3e38893) x17 0xffffff3f
core   0: 0x8000ea7e (0x6485c703) lbu     a4, 1608(a1)
core   0: 3 0x8000ea7e (0x6485c703) x14 0x00000000 mem 0x80015105
core   0: 0x8000ea82 (0xaa75aba3) sw      t2, -1353(a1)
core   0: 3 0x8000ea82 (0xaa75aba3) mem 0x80014574 0x00000001
core   0: 0x8000ea86 (0x4b3590a3) sh      s3, 1185(a1)
core   0: 3 0x8000ea86 (0x4b3590a3) mem 0x80014f5e 0x0000
core   0: 0x8000ea8a (0x0ca72f13) slti    t5, a4, 202
core   0: 3 0x8000ea8a (0x0ca72f13) x30 0x00000001
core   0: 0x8000ea8e (0x29c58303) lb      t1, 668(a1)
core   0: 3 0x8000ea8e (0x29c58303) x 6 0x00000000 mem 0x80014d59
core   0: 0x8000ea92 (0x020b1933) mulh    s2, s6, zero
core   0: 3 0x8000ea92 (0x020b1933) x18 0x00000000
core   0: 0x8000ea96 (0x2c246e17) auipc   t3, 0x2c246
core   0: 3 0x8000ea96 (0x2c246e17) x28 0xac254a96
core   0: 0x8000ea9a (0xc1658e03) lb      t3, -1002(a1)
core   0: 3 0x8000ea9a (0xc1658e03) x28 0x00000000 mem 0x800146d3
core   0: 0x8000ea9e (0x00da5a13) srli    s4, s4, 13
core   0: 3 0x8000ea9e (0x00da5a13) x20 0x00000000
core   0: 0x8000eaa2 (0xbad5d303) lhu     t1, -1107(a1)
core   0: 3 0x8000eaa2 (0xbad5d303) x 6 0x00000000 mem 0x8001466a
core   0: 0x8000eaa6 (0xe6d59783) lh      a5, -403(a1)
core   0: 3 0x8000eaa6 (0xe6d59783) x15 0x00000000 mem 0x8001492a
core   0: 0x8000eaaa (0xa8858703) lb      a4, -1400(a1)
core   0: 3 0x8000eaaa (0xa8858703) x14 0x00000000 mem 0x80014545
core   0: 0x8000eaae (0x48f58b23) sb      a5, 1174(a1)
core   0: 3 0x8000eaae (0x48f58b23) mem 0x80014f53 0x0
core   0: 0x8000eab2 (0x00002097) auipc   ra, 0x2
core   0: 3 0x8000eab2 (0x00002097) x 1 0x80010ab2
core   0: 0x8000eab6 (0x3b608093) addi    ra, ra, 950
core   0: 3 0x8000eab6 (0x3b608093) x 1 0x80010e68
core   0: 0x8000eaba (0x0000a697) auipc   a3, 0xa
core   0: 3 0x8000eaba (0x0000a697) x13 0x80018aba
core   0: 0x8000eabe (0xb8168693) addi    a3, a3, -1151
core   0: 3 0x8000eabe (0xb8168693) x13 0x8001863b
core   0: 0x8000eac2 (0x0840c983) lbu     s3, 132(ra)
core   0: 3 0x8000eac2 (0x0840c983) x19 0x00000000 mem 0x80010eec
core   0: 0x8000eac6 (0x0ca08e83) lb      t4, 202(ra)
core   0: 3 0x8000eac6 (0x0ca08e83) x29 0x00000000 mem 0x80010f32
core   0: 0x8000eaca (0x0ac68a03) lb      s4, 172(a3)
core   0: 3 0x8000eaca (0x0ac68a03) x20 0x00000000 mem 0x800186e7
core   0: 0x8000eace (0xd10693a3) sh      a6, -761(a3)
core   0: 3 0x8000eace (0xd10693a3) mem 0x80018342 0x0000
core   0: 0x8000ead2 (0xf920df83) lhu     t6, -110(ra)
core   0: 3 0x8000ead2 (0xf920df83) x31 0x00000000 mem 0x80010dfa
core   0: 0x8000ead6 (0x84668003) lb      zero, -1978(a3)
core   0: 3 0x8000ead6 (0x84668003) mem 0x80017e81
core   0: 0x8000eada (0xf410ca03) lbu     s4, -191(ra)
core   0: 3 0x8000eada (0xf410ca03) x20 0x00000000 mem 0x80010da9
core   0: 0x8000eade (0x6f46a6a3) sw      s4, 1773(a3)
core   0: 3 0x8000eade (0x6f46a6a3) mem 0x80018d28 0x00000000
core   0: 0x8000eae2 (0xdc26cb83) lbu     s7, -574(a3)
core   0: 3 0x8000eae2 (0xdc26cb83) x23 0x00000000 mem 0x800183fd
core   0: 0x8000eae6 (0x0a008203) lb      tp, 160(ra)
core   0: 3 0x8000eae6 (0x0a008203) x 4 0x00000000 mem 0x80010f08
core   0: 0x8000eaea (0x0340df83) lhu     t6, 52(ra)
core   0: 3 0x8000eaea (0x0340df83) x31 0x00000000 mem 0x80010e9c
core   0: 0x8000eaee (0xb426cc83) lbu     s9, -1214(a3)
core   0: 3 0x8000eaee (0xb426cc83) x25 0x00000000 mem 0x8001817d
core   0: 0x8000eaf2 (0xf4208ea3) sb      sp, -163(ra)
core   0: 3 0x8000eaf2 (0xf4208ea3) mem 0x80010dc5 0x10
core   0: 0x8000eaf6 (0xffa0d403) lhu     s0, -6(ra)
core   0: 3 0x8000eaf6 (0xffa0d403) x 8 0x00000000 mem 0x80010e62
core   0: 0x8000eafa (0x67769c03) lh      s8, 1655(a3)
core   0: 3 0x8000eafa (0x67769c03) x24 0x00000000 mem 0x80018cb2
core   0: 0x8000eafe (0x0000ba17) auipc   s4, 0xb
core   0: 3 0x8000eafe (0x0000ba17) x20 0x80019afe
core   0: 0x8000eb02 (0x598a0a13) addi    s4, s4, 1432
core   0: 3 0x8000eb02 (0x598a0a13) x20 0x8001a096
core   0: 0x8000eb06 (0x93992493) slti    s1, s2, -1735
core   0: 3 0x8000eb06 (0x93992493) x 9 0x00000000
core   0: 0x8000eb0a (0xfe0a0623) sb      zero, -20(s4)
core   0: 3 0x8000eb0a (0xfe0a0623) mem 0x8001a082 0x0
core   0: 0x8000eb0e (0xfeca5b03) lhu     s6, -20(s4)
core   0: 3 0x8000eb0e (0xfeca5b03) x22 0x00000000 mem 0x8001a082
core   0: 0x8000eb12 (0xf84a4883) lbu     a7, -124(s4)
core   0: 3 0x8000eb12 (0xf84a4883) x17 0x00000000 mem 0x8001a01a
core   0: 0x8000eb16 (0xf25a0b03) lb      s6, -219(s4)
core   0: 3 0x8000eb16 (0xf25a0b03) x22 0x00000000 mem 0x80019fbb
core   0: 0x8000eb1a (0xfbfa0723) sb      t6, -82(s4)
core   0: 3 0x8000eb1a (0xfbfa0723) mem 0x8001a044 0x0
core   0: 0x8000eb1e (0xffca1623) sh      t3, -20(s4)
core   0: 3 0x8000eb1e (0xffca1623) mem 0x8001a082 0x0000
core   0: 0x8000eb22 (0xffaa0303) lb      t1, -6(s4)
core   0: 3 0x8000eb22 (0xffaa0303) x 6 0x00000000 mem 0x8001a090
core   0: 0x8000eb26 (0x0e7a0803) lb      a6, 231(s4)
core   0: 3 0x8000eb26 (0x0e7a0803) x16 0x00000000 mem 0x8001a17d
core   0: 0x8000eb2a (0xf42a2703) lw      a4, -190(s4)
core   0: 3 0x8000eb2a (0xf42a2703) x14 0x00000000 mem 0x80019fd8
core   0: 0x8000eb2e (0xf8ba0583) lb      a1, -117(s4)
core   0: 3 0x8000eb2e (0xf8ba0583) x11 0x00000000 mem 0x8001a021
core   0: 0x8000eb32 (0xf87a0c23) sb      t2, -104(s4)
core   0: 3 0x8000eb32 (0xf87a0c23) mem 0x8001a02e 0x1
core   0: 0x8000eb36 (0x0000051c) c.addi4spn a5, sp, 640
core   0: 3 0x8000eb36 (0x051c) x15 0x00000390
core   0: 0x8000eb38 (0x003a0103) lb      sp, 3(s4)
core   0: 3 0x8000eb38 (0x003a0103) x 2 0x00000000 mem 0x8001a099
core   0: 0x8000eb3c (0x003a0703) lb      a4, 3(s4)
core   0: 3 0x8000eb3c (0x003a0703) x14 0x00000000 mem 0x8001a099
core   0: 0x8000eb40 (0x02f83233) mulhu   tp, a6, a5
core   0: 3 0x8000eb40 (0x02f83233) x 4 0x00000000
core   0: 0x8000eb44 (0x047a1e23) sh      t2, 92(s4)
core   0: 3 0x8000eb44 (0x047a1e23) mem 0x8001a0f2 0x0001
core   0: 0x8000eb48 (0x00002397) auipc   t2, 0x2
core   0: 3 0x8000eb48 (0x00002397) x 7 0x80010b48
core   0: 0x8000eb4c (0x8be38393) addi    t2, t2, -1858
core   0: 3 0x8000eb4c (0x8be38393) x 7 0x80010406
core   0: 0x8000eb50 (0x00002697) auipc   a3, 0x2
core   0: 3 0x8000eb50 (0x00002697) x13 0x80010b50
core   0: 0x8000eb54 (0x93e68693) addi    a3, a3, -1730
core   0: 3 0x8000eb54 (0x93e68693) x13 0x8001048e
core   0: 0x8000eb58 (0x00002497) auipc   s1, 0x2
core   0: 3 0x8000eb58 (0x00002497) x 9 0x80010b58
core   0: 0x8000eb5c (0xa6048493) addi    s1, s1, -1440
core   0: 3 0x8000eb5c (0xa6048493) x 9 0x800105b8
core   0: 0x8000eb60 (0x03e4d903) lhu     s2, 62(s1)
core   0: 3 0x8000eb60 (0x03e4d903) x18 0x00000000 mem 0x800105f6
core   0: 0x8000eb64 (0x69968fa3) sb      s9, 1695(a3)
core   0: 3 0x8000eb64 (0x69968fa3) mem 0x80010b2d 0x0
core   0: 0x8000eb68 (0xf5a3cf83) lbu     t6, -166(t2)
core   0: 3 0x8000eb68 (0xf5a3cf83) x31 0x00000000 mem 0x80010360
core   0: 0x8000eb6c (0x2746db83) lhu     s7, 628(a3)
core   0: 3 0x8000eb6c (0x2746db83) x23 0x00000000 mem 0x80010702
core   0: 0x8000eb70 (0x6b568fa3) sb      s5, 1727(a3)
core   0: 3 0x8000eb70 (0x6b568fa3) mem 0x80010b4d 0x10
core   0: 0x8000eb74 (0x00f48003) lb      zero, 15(s1)
core   0: 3 0x8000eb74 (0x00f48003) mem 0x800105c7
core   0: 0x8000eb78 (0x00002997) auipc   s3, 0x2
core   0: 3 0x8000eb78 (0x00002997) x19 0x80010b78
core   0: 0x8000eb7c (0xcab98993) addi    s3, s3, -853
core   0: 3 0x8000eb7c (0xcab98993) x19 0x80010823
core   0: 0x8000eb80 (0xfe449583) lh      a1, -28(s1)
core   0: 3 0x8000eb80 (0xfe449583) x11 0x00000000 mem 0x8001059c
core   0: 0x8000eb84 (0x00148f03) lb      t5, 1(s1)
core   0: 3 0x8000eb84 (0x00148f03) x30 0x00000000 mem 0x800105b9
core   0: 0x8000eb88 (0x2c068283) lb      t0, 704(a3)
core   0: 3 0x8000eb88 (0x2c068283) x 5 0x00000000 mem 0x8001074e
core   0: 0x8000eb8c (0xff5482a3) sb      s5, -27(s1)
core   0: 3 0x8000eb8c (0xff5482a3) mem 0x8001059d 0x10
core   0: 0x8000eb90 (0x62799283) lh      t0, 1575(s3)
core   0: 3 0x8000eb90 (0x62799283) x 5 0x00002a00 mem 0x80010e4a
core   0: 0x8000eb94 (0x0dc3ab23) sw      t3, 214(t2)
core   0: 3 0x8000eb94 (0x0dc3ab23) mem 0x800104dc 0x00000000
core   0: 0x8000eb98 (0x5356c783) lbu     a5, 1333(a3)
core   0: 3 0x8000eb98 (0x5356c783) x15 0x00000000 mem 0x800109c3
core   0: 0x8000eb9c (0xcdf683a3) sb      t6, -825(a3)
core   0: 3 0x8000eb9c (0xcdf683a3) mem 0x80010155 0x0
core   0: 0x8000eba0 (0x08038903) lb      s2, 128(t2)
core   0: 3 0x8000eba0 (0x08038903) x18 0x00000000 mem 0x80010486
core   0: 0x8000eba4 (0x02e487a3) sb      a4, 47(s1)
core   0: 3 0x8000eba4 (0x02e487a3) mem 0x800105e7 0x0
core   0: 0x8000eba8 (0x93998ca3) sb      s9, -1735(s3)
core   0: 3 0x8000eba8 (0x93998ca3) mem 0x8001015c 0x0
core   0: 0x8000ebac (0x16c6ce83) lbu     t4, 364(a3)
core   0: 3 0x8000ebac (0x16c6ce83) x29 0x00000000 mem 0x800105fa
core   0: 0x8000ebb0 (0xf576cf03) lbu     t5, -169(a3)
core   0: 3 0x8000ebb0 (0xf576cf03) x30 0x00000000 mem 0x800103e5
core   0: 0x8000ebb4 (0xd0a987a3) sb      a0, -753(s3)
core   0: 3 0x8000ebb4 (0xd0a987a3) mem 0x80010532 0xe4
core   0: 0x8000ebb8 (0xff93af23) sw      s9, -2(t2)
core   0: 3 0x8000ebb8 (0xff93af23) mem 0x80010404 0x00000000
core   0: 0x8000ebbc (0xd866cb03) lbu     s6, -634(a3)
core   0: 3 0x8000ebbc (0xd866cb03) x22 0x00000000 mem 0x80010214
core   0: 0x8000ebc0 (0x0ad38303) lb      t1, 173(t2)
core   0: 3 0x8000ebc0 (0x0ad38303) x 6 0x00000000 mem 0x800104b3
core   0: 0x8000ebc4 (0x0174cc03) lbu     s8, 23(s1)
core   0: 3 0x8000ebc4 (0x0174cc03) x24 0x00000000 mem 0x800105cf
core   0: 0x8000ebc8 (0xaff9c103) lbu     sp, -1281(s3)
core   0: 3 0x8000ebc8 (0xaff9c103) x 2 0x00000000 mem 0x80010322
core   0: 0x8000ebcc (0x0c8388a3) sb      s0, 209(t2)
core   0: 3 0x8000ebcc (0x0c8388a3) mem 0x800104d7 0x0
core   0: 0x8000ebd0 (0xf8438aa3) sb      tp, -107(t2)
core   0: 3 0x8000ebd0 (0xf8438aa3) mem 0x8001039b 0x0
core   0: 0x8000ebd4 (0x12068403) lb      s0, 288(a3)
core   0: 3 0x8000ebd4 (0x12068403) x 8 0x00000000 mem 0x800105ae
core   0: 0x8000ebd8 (0xfee3a703) lw      a4, -18(t2)
core   0: 3 0x8000ebd8 (0xfee3a703) x14 0x00000000 mem 0x800103f4
core   0: 0x8000ebdc (0x90f9d183) lhu     gp, -1777(s3)
core   0: 3 0x8000ebdc (0x90f9d183) x 3 0x00000000 mem 0x80010132
core   0: 0x8000ebe0 (0x00a00a13) li      s4, 10
core   0: 3 0x8000ebe0 (0x00a00a13) x20 0x0000000a
core   0: 0x8000ebe4 (0x01d877b3) and     a5, a6, t4
core   0: 3 0x8000ebe4 (0x01d877b3) x15 0x00000000
core   0: 0x8000ebe8 (0x00005c7d) c.li    s8, -1
core   0: 3 0x8000ebe8 (0x5c7d) x24 0xffffffff
core   0: 0x8000ebea (0x000003a2) c.slli  t2, 8
core   0: 3 0x8000ebea (0x03a2) x 7 0x01040600
core   0: 0x8000ebec (0x6669f3b7) lui     t2, 0x6669f
core   0: 3 0x8000ebec (0x6669f3b7) x 7 0x6669f000
core   0: 0x8000ebf0 (0x00800913) li      s2, 8
core   0: 3 0x8000ebf0 (0x00800913) x18 0x00000008
core   0: 0x8000ebf4 (0x00009fc6) c.add   t6, a7
core   0: 3 0x8000ebf4 (0x9fc6) x31 0x00000000
core   0: 0x8000ebf6 (0x00000001) c.nop
core   0: 3 0x8000ebf6 (0x0001)
core   0: 0x8000ebf8 (0x00008dd5) c.or    a1, a3
core   0: 3 0x8000ebf8 (0x8dd5) x11 0x8001048e
core   0: 0x8000ebfa (0x0ff0000f) fence   iorw,iorw
core   0: 3 0x8000ebfa (0x0ff0000f)
core   0: 0x8000ebfe (0x00001a7d) c.addi  s4, -1
core   0: 3 0x8000ebfe (0x1a7d) x20 0x00000009
core   0: 0x8000ec00 (0x00008755) c.srai  a4, 21
core   0: 3 0x8000ec00 (0x8755) x14 0x00000000
core   0: 0x8000ec02 (0xff2a7be3) bgeu    s4, s2, pc - 10
core   0: 3 0x8000ec02 (0xff2a7be3)
core   0: 0x8000ebf8 (0x00008dd5) c.or    a1, a3
core   0: 3 0x8000ebf8 (0x8dd5) x11 0x8001048e
core   0: 0x8000ebfa (0x0ff0000f) fence   iorw,iorw
core   0: 3 0x8000ebfa (0x0ff0000f)
core   0: 0x8000ebfe (0x00001a7d) c.addi  s4, -1
core   0: 3 0x8000ebfe (0x1a7d) x20 0x00000008
core   0: 0x8000ec00 (0x00008755) c.srai  a4, 21
core   0: 3 0x8000ec00 (0x8755) x14 0x00000000
core   0: 0x8000ec02 (0xff2a7be3) bgeu    s4, s2, pc - 10
core   0: 3 0x8000ec02 (0xff2a7be3)
core   0: 0x8000ebf8 (0x00008dd5) c.or    a1, a3
core   0: 3 0x8000ebf8 (0x8dd5) x11 0x8001048e
core   0: 0x8000ebfa (0x0ff0000f) fence   iorw,iorw
core   0: 3 0x8000ebfa (0x0ff0000f)
core   0: 0x8000ebfe (0x00001a7d) c.addi  s4, -1
core   0: 3 0x8000ebfe (0x1a7d) x20 0x00000007
core   0: 0x8000ec00 (0x00008755) c.srai  a4, 21
core   0: 3 0x8000ec00 (0x8755) x14 0x00000000
core   0: 0x8000ec02 (0xff2a7be3) bgeu    s4, s2, pc - 10
core   0: 3 0x8000ec02 (0xff2a7be3)
core   0: 0x8000ec06 (0x00b42eb3) slt     t4, s0, a1
core   0: 3 0x8000ec06 (0x00b42eb3) x29 0x00000000
core   0: 0x8000ec0a (0x00001117) auipc   sp, 0x1
core   0: 3 0x8000ec0a (0x00001117) x 2 0x8000fc0a
core   0: 0x8000ec0e (0x47f10113) addi    sp, sp, 1151
core   0: 3 0x8000ec0e (0x47f10113) x 2 0x80010089
core   0: 0x8000ec12 (0x02614403) lbu     s0, 38(sp)
core   0: 3 0x8000ec12 (0x02614403) x 8 0x00000000 mem 0x800100af
core   0: 0x8000ec16 (0x7e940213) addi    tp, s0, 2025
core   0: 3 0x8000ec16 (0x7e940213) x 4 0x000007e9
core   0: 0x8000ec1a (0x9fb6e413) ori     s0, a3, -1541
core   0: 3 0x8000ec1a (0x9fb6e413) x 8 0xfffffdff
core   0: 0x8000ec1e (0x6b814703) lbu     a4, 1720(sp)
core   0: 3 0x8000ec1e (0x6b814703) x14 0x00000000 mem 0x80010741
core   0: 0x8000ec22 (0x50f10683) lb      a3, 1295(sp)
core   0: 3 0x8000ec22 (0x50f10683) x13 0x00000000 mem 0x80010598
core   0: 0x8000ec26 (0x0201c6b3) div     a3, gp, zero
core   0: 3 0x8000ec26 (0x0201c6b3) x13 0xffffffff
core   0: 0x8000ec2a (0x243102a3) sb      gp, 581(sp)
core   0: 3 0x8000ec2a (0x243102a3) mem 0x800102ce 0x0
core   0: 0x8000ec2e (0x53510683) lb      a3, 1333(sp)
core   0: 3 0x8000ec2e (0x53510683) x13 0x00000000 mem 0x800105be
core   0: 0x8000ec32 (0x78e10fa3) sb      a4, 1951(sp)
core   0: 3 0x8000ec32 (0x78e10fa3) mem 0x80010828 0x0
core   0: 0x8000ec36 (0x30e10723) sb      a4, 782(sp)
core   0: 3 0x8000ec36 (0x30e10723) mem 0x80010397 0x0
core   0: 0x8000ec3a (0x3ce110a3) sh      a4, 961(sp)
core   0: 3 0x8000ec3a (0x3ce110a3) mem 0x8001044a 0x0000
core   0: 0x8000ec3e (0x10410003) lb      zero, 260(sp)
core   0: 3 0x8000ec3e (0x10410003) mem 0x8001018d
core   0: 0x8000ec42 (0x02e1b1b3) mulhu   gp, gp, a4
core   0: 3 0x8000ec42 (0x02e1b1b3) x 3 0x00000000
core   0: 0x8000ec46 (0x18414403) lbu     s0, 388(sp)
core   0: 3 0x8000ec46 (0x18414403) x 8 0x00000000 mem 0x8001020d
core   0: 0x8000ec4a (0x6e810723) sb      s0, 1774(sp)
core   0: 3 0x8000ec4a (0x6e810723) mem 0x80010777 0x0
core   0: 0x8000ec4e (0x00e6d033) srl     zero, a3, a4
core   0: 3 0x8000ec4e (0x00e6d033)
core   0: 0x8000ec52 (0x42010203) lb      tp, 1056(sp)
core   0: 3 0x8000ec52 (0x42010203) x 4 0x00000000 mem 0x800104a9
core   0: 0x8000ec56 (0x6a410123) sb      tp, 1698(sp)
core   0: 3 0x8000ec56 (0x6a410123) mem 0x8001072b 0x0
core   0: 0x8000ec5a (0x34d10723) sb      a3, 846(sp)
core   0: 3 0x8000ec5a (0x34d10723) mem 0x800103d7 0x0
core   0: 0x8000ec5e (0x07210203) lb      tp, 114(sp)
core   0: 3 0x8000ec5e (0x07210203) x 4 0x00000000 mem 0x800100fb
core   0: 0x8000ec62 (0x123116a3) sh      gp, 301(sp)
core   0: 3 0x8000ec62 (0x123116a3) mem 0x800101b6 0x0000
core   0: 0x8000ec66 (0x02e231b3) mulhu   gp, tp, a4
core   0: 3 0x8000ec66 (0x02e231b3) x 3 0x00000000
core   0: 0x8000ec6a (0x00008c41) c.or    s0, s0
core   0: 3 0x8000ec6a (0x8c41) x 8 0x00000000
core   0: 0x8000ec6c (0x1ae14183) lbu     gp, 430(sp)
core   0: 3 0x8000ec6c (0x1ae14183) x 3 0x00000000 mem 0x80010237
core   0: 0x8000ec70 (0x3e410d23) sb      tp, 1018(sp)
core   0: 3 0x8000ec70 (0x3e410d23) mem 0x80010483 0x0
core   0: 0x8000ec74 (0x6a115003) lhu     zero, 1697(sp)
core   0: 3 0x8000ec74 (0x6a115003) mem 0x8001072a
core   0: 0x8000ec78 (0x28d11ba3) sh      a3, 663(sp)
core   0: 3 0x8000ec78 (0x28d11ba3) mem 0x80010320 0x0000
core   0: 0x8000ec7c (0x0000647d) c.lui   s0, 0x1f
core   0: 3 0x8000ec7c (0x647d) x 8 0x0001f000
core   0: 0x8000ec7e (0x3c810703) lb      a4, 968(sp)
core   0: 3 0x8000ec7e (0x3c810703) x14 0x00000000 mem 0x80010451
core   0: 0x8000ec82 (0x2a214183) lbu     gp, 674(sp)
core   0: 3 0x8000ec82 (0x2a214183) x 3 0x00000000 mem 0x8001032b
core   0: 0x8000ec86 (0x000016fd) c.addi  a3, -1
core   0: 3 0x8000ec86 (0x16fd) x13 0xffffffff
core   0: 0x8000ec88 (0x00006431) c.lui   s0, 0xc
core   0: 3 0x8000ec88 (0x6431) x 8 0x0000c000
core   0: 0x8000ec8a (0x00000001) c.nop
core   0: 3 0x8000ec8a (0x0001)
core   0: 0x8000ec8c (0x02822433) mulhsu  s0, tp, s0
core   0: 3 0x8000ec8c (0x02822433) x 8 0x00000000
core   0: 0x8000ec90 (0x7c810683) lb      a3, 1992(sp)
core   0: 3 0x8000ec90 (0x7c810683) x13 0x00000000 mem 0x80010851
core   0: 0x8000ec94 (0x6c204713) xori    a4, zero, 1730
core   0: 3 0x8000ec94 (0x6c204713) x14 0x000006c2
core   0: 0x8000ec98 (0xf8220413) addi    s0, tp, -126
core   0: 3 0x8000ec98 (0xf8220413) x 8 0xffffff82
core   0: 0x8000ec9c (0x60610703) lb      a4, 1542(sp)
core   0: 3 0x8000ec9c (0x60610703) x14 0x00000000 mem 0x8001068f
core   0: 0x8000eca0 (0x01468b63) beq     a3, s4, pc + 22
core   0: 3 0x8000eca0 (0x01468b63)
core   0: 0x8000eca4 (0x00000001) c.nop
core   0: 3 0x8000eca4 (0x0001)
core   0: 0x8000eca6 (0x00008f29) c.xor   a4, a0
core   0: 3 0x8000eca6 (0x8f29) x14 0x80029ce4
core   0: 0x8000eca8 (0xad3aba93) sltiu   s5, s5, -1325
core   0: 3 0x8000eca8 (0xad3aba93) x21 0x00000001
core   0: 0x8000ecac (0x00008f49) c.or    a4, a0
core   0: 3 0x8000ecac (0x8f49) x14 0x80029ce4
core   0: 0x8000ecae (0x00008c3d) c.xor   s0, a5
core   0: 3 0x8000ecae (0x8c3d) x 8 0xffffff82
core   0: 0x8000ecb0 (0x000017fd) c.addi  a5, -1
core   0: 3 0x8000ecb0 (0x17fd) x15 0xffffffff
core   0: 0x8000ecb2 (0x013f4fb3) xor     t6, t5, s3
core   0: 3 0x8000ecb2 (0x013f4fb3) x31 0x80010823
core   0: 0x8000ecb6 (0x2f9381b7) lui     gp, 0x2f938
core   0: 3 0x8000ecb6 (0x2f9381b7) x 3 0x2f938000
core   0: 0x8000ecba (0x03a3e433) rem     s0, t2, s10
core   0: 3 0x8000ecba (0x03a3e433) x 8 0x6669f000
core   0: 0x8000ecbe (0x00801913) slli    s2, zero, 8
core   0: 3 0x8000ecbe (0x00801913) x18 0x00000000
core   0: 0x8000ecc2 (0x000098fd) c.andi  s1, -1
core   0: 3 0x8000ecc2 (0x98fd) x 9 0x800105b8
core   0: 0x8000ecc4 (0x01309133) sll     sp, ra, s3
core   0: 3 0x8000ecc4 (0x01309133) x 2 0x00087340
core   0: 0x8000ecc8 (0x00008f75) c.and   a4, a3
core   0: 3 0x8000ecc8 (0x8f75) x14 0x00000000
core   0: 0x8000ecca (0x0363bab3) mulhu   s5, t2, s6
core   0: 3 0x8000ecca (0x0363bab3) x21 0x00000000
core   0: 0x8000ecce (0x006e7933) and     s2, t3, t1
core   0: 3 0x8000ecce (0x006e7933) x18 0x00000000
core   0: 0x8000ecd2 (0x0000e185) c.bnez  a1, pc + 32
core   0: 3 0x8000ecd2 (0xe185)
core   0: 0x8000ecf2 (0x59cab893) sltiu   a7, s5, 1436
core   0: 3 0x8000ecf2 (0x59cab893) x17 0x00000001
core   0: 0x8000ecf6 (0x74fd2a13) slti    s4, s10, 1871
core   0: 3 0x8000ecf6 (0x74fd2a13) x20 0x00000001
core   0: 0x8000ecfa (0x000061c5) c.lui   gp, 0x11
core   0: 3 0x8000ecfa (0x61c5) x 3 0x00011000
core   0: 0x8000ecfc (0x000061bd) c.lui   gp, 0xf
core   0: 3 0x8000ecfc (0x61bd) x 3 0x0000f000
core   0: 0x8000ecfe (0x00009b7d) c.andi  a4, -1
core   0: 3 0x8000ecfe (0x9b7d) x14 0x00000000
core   0: 0x8000ed00 (0x021acb63) blt     s5, ra, pc + 54
core   0: 3 0x8000ed00 (0x021acb63)
core   0: 0x8000ed04 (0xeb3c6413) ori     s0, s8, -333
core   0: 3 0x8000ed04 (0xeb3c6413) x 8 0xffffffff
core   0: 0x8000ed08 (0x00008eed) c.and   a3, a1
core   0: 3 0x8000ed08 (0x8eed) x13 0x00000000
core   0: 0x8000ed0a (0x511ca937) lui     s2, 0x511ca
core   0: 3 0x8000ed0a (0x511ca937) x18 0x511ca000
core   0: 0x8000ed0e (0x019b9263) bne     s7, s9, pc + 4
core   0: 3 0x8000ed0e (0x019b9263)
core   0: 0x8000ed12 (0x000083b9) c.srli  a5, 14
core   0: 3 0x8000ed12 (0x83b9) x15 0x0003ffff
core   0: 0x8000ed14 (0x036becb3) rem     s9, s7, s6
core   0: 3 0x8000ed14 (0x036becb3) x25 0x00000000
core   0: 0x8000ed18 (0x0000c71d) c.beqz  a4, pc + 46
core   0: 3 0x8000ed18 (0xc71d)
core   0: 0x8000ed46 (0x0322a733) mulhsu  a4, t0, s2
core   0: 3 0x8000ed46 (0x0322a733) x14 0x00000d4e
core   0: 0x8000ed4a (0x0000100f) fence.i
core   0: 3 0x8000ed4a (0x0000100f)
core   0: 0x8000ed4e (0x03b3bcb3) mulhu   s9, t2, s11
core   0: 3 0x8000ed4e (0x03b3bcb3) x25 0x1a82116e
core   0: 0x8000ed52 (0x40da54b3) sra     s1, s4, a3
core   0: 3 0x8000ed52 (0x40da54b3) x 9 0x00000001
core   0: 0x8000ed56 (0x021d8463) beq     s11, ra, pc + 40
core   0: 3 0x8000ed56 (0x021d8463)
core   0: 0x8000ed5a (0x00006cd5) c.lui   s9, 0x15
core   0: 3 0x8000ed5a (0x6cd5) x25 0x00015000
core   0: 0x8000ed5c (0x00fc3833) sltu    a6, s8, a5
core   0: 3 0x8000ed5c (0x00fc3833) x16 0x00000000
core   0: 0x8000ed60 (0x0041f463) bgeu    gp, tp, pc + 8
core   0: 3 0x8000ed60 (0x0041f463)
core   0: 0x8000ed68 (0x00000001) c.nop
core   0: 3 0x8000ed68 (0x0001)
core   0: 0x8000ed6a (0x416b5d13) srai    s10, s6, 22
core   0: 3 0x8000ed6a (0x416b5d13) x26 0x00000000
core   0: 0x8000ed6e (0x41378cb3) sub     s9, a5, s3
core   0: 3 0x8000ed6e (0x41378cb3) x25 0x8002f7dc
core   0: 0x8000ed72 (0x00009f32) c.add   t5, a2
core   0: 3 0x8000ed72 (0x9f32) x30 0x80025e3c
core   0: 0x8000ed74 (0x0000080c) c.addi4spn a1, sp, 16
core   0: 3 0x8000ed74 (0x080c) x11 0x00087350
core   0: 0x8000ed76 (0x00008eed) c.and   a3, a1
core   0: 3 0x8000ed76 (0x8eed) x13 0x00000000
core   0: 0x8000ed78 (0x0010d133) srl     sp, ra, ra
core   0: 3 0x8000ed78 (0x0010d133) x 2 0x0080010e
core   0: 0x8000ed7c (0x0000845d) c.srai  s0, 23
core   0: 3 0x8000ed7c (0x845d) x 8 0xffffffff
core   0: 0x8000ed7e (0x00016293) ori     t0, sp, 0
core   0: 3 0x8000ed7e (0x00016293) x 5 0x0080010e
core   0: 0x8000ed82 (0x03366563) bltu    a2, s3, pc + 42
core   0: 3 0x8000ed82 (0x03366563)
core   0: 0x8000ed86 (0x000004e2) c.slli  s1, 24
core   0: 3 0x8000ed86 (0x04e2) x 9 0x01000000
core   0: 0x8000ed88 (0x00008c65) c.and   s0, s1
core   0: 3 0x8000ed88 (0x8c65) x 8 0x01000000
core   0: 0x8000ed8a (0x00001480) c.addi4spn s0, sp, 608
core   0: 3 0x8000ed8a (0x1480) x 8 0x0080036e
core   0: 0x8000ed8c (0x0164c1b3) xor     gp, s1, s6
core   0: 3 0x8000ed8c (0x0164c1b3) x 3 0x01000000
core   0: 0x8000ed90 (0x508ffd17) auipc   s10, 0x508ff
core   0: 3 0x8000ed90 (0x508ffd17) x26 0xd090dd90
core   0: 0x8000ed94 (0x01994f63) blt     s2, s9, pc + 30
core   0: 3 0x8000ed94 (0x01994f63)
core   0: 0x8000ed98 (0x410208b3) sub     a7, tp, a6
core   0: 3 0x8000ed98 (0x410208b3) x17 0x00000000
core   0: 0x8000ed9c (0xc297c893) xori    a7, a5, -983
core   0: 3 0x8000ed9c (0xc297c893) x17 0xfffc03d6
core   0: 0x8000eda0 (0x00006175) c.addi16sp sp, 368
core   0: 3 0x8000eda0 (0x6175) x 2 0x0080027e
core   0: 0x8000eda2 (0x075f4b63) blt     t5, s5, pc + 118
core   0: 3 0x8000eda2 (0x075f4b63)
core   0: 0x8000ee18 (0x021ed333) divu    t1, t4, ra
core   0: 3 0x8000ee18 (0x021ed333) x 6 0x00000000
core   0: 0x8000ee1c (0x011b9893) slli    a7, s7, 17
core   0: 3 0x8000ee1c (0x011b9893) x17 0x00000000
core   0: 0x8000ee20 (0x01b62fb3) slt     t6, a2, s11
core   0: 3 0x8000ee20 (0x01b62fb3) x31 0x00000001
core   0: 0x8000ee24 (0x00008c55) c.or    s0, a3
core   0: 3 0x8000ee24 (0x8c55) x 8 0x0080036e
core   0: 0x8000ee26 (0x463c6f13) ori     t5, s8, 1123
core   0: 3 0x8000ee26 (0x463c6f13) x30 0xffffffff
core   0: 0x8000ee2a (0x4061d793) srai    a5, gp, 6
core   0: 3 0x8000ee2a (0x4061d793) x15 0x00040000
core   0: 0x8000ee2e (0x025b6433) rem     s0, s6, t0
core   0: 3 0x8000ee2e (0x025b6433) x 8 0x00000000
core   0: 0x8000ee32 (0x03d53833) mulhu   a6, a0, t4
core   0: 3 0x8000ee32 (0x03d53833) x16 0x00000000
core   0: 0x8000ee36 (0x023be033) rem     zero, s7, gp
core   0: 3 0x8000ee36 (0x023be033)
core   0: 0x8000ee3a (0x00008432) c.mv    s0, a2
core   0: 3 0x8000ee3a (0x8432) x 8 0x80025e3c
core   0: 0x8000ee3c (0x024a0ab3) mul     s5, s4, tp
core   0: 3 0x8000ee3c (0x024a0ab3) x21 0x00000000
core   0: 0x8000ee40 (0x00008dd9) c.or    a1, a4
core   0: 3 0x8000ee40 (0x8dd9) x11 0x00087f5e
core   0: 0x8000ee42 (0x00000001) c.nop
core   0: 3 0x8000ee42 (0x0001)
core   0: 0x8000ee44 (0x41e7dc13) srai    s8, a5, 30
core   0: 3 0x8000ee44 (0x41e7dc13) x24 0x00000000
core   0: 0x8000ee48 (0x03124cb3) div     s9, tp, a7
core   0: 3 0x8000ee48 (0x03124cb3) x25 0xffffffff
core   0: 0x8000ee4c (0x40fb80b3) sub     ra, s7, a5
core   0: 3 0x8000ee4c (0x40fb80b3) x 1 0xfffc0000
core   0: 0x8000ee50 (0x00876133) or      sp, a4, s0
core   0: 3 0x8000ee50 (0x00876133) x 2 0x80025f7e
core   0: 0x8000ee54 (0x19df3993) sltiu   s3, t5, 413
core   0: 3 0x8000ee54 (0x19df3993) x19 0x00000000
core   0: 0x8000ee58 (0x02a1db63) bge     gp, a0, pc + 54
core   0: 3 0x8000ee58 (0x02a1db63)
core   0: 0x8000ee8e (0x00006fa1) c.lui   t6, 0x8
core   0: 3 0x8000ee8e (0x6fa1) x31 0x00008000
core   0: 0x8000ee90 (0x00b9afb3) slt     t6, s3, a1
core   0: 3 0x8000ee90 (0x00b9afb3) x31 0x00000001
core   0: 0x8000ee94 (0x02336033) rem     zero, t1, gp
core   0: 3 0x8000ee94 (0x02336033)
core   0: 0x8000ee98 (0x00000001) c.nop
core   0: 3 0x8000ee98 (0x0001)
core   0: 0x8000ee9a (0x01cfd563) bge     t6, t3, pc + 10
core   0: 3 0x8000ee9a (0x01cfd563)
core   0: 0x8000eea4 (0x00fa03b3) add     t2, s4, a5
core   0: 3 0x8000eea4 (0x00fa03b3) x 7 0x00040001
core   0: 0x8000eea8 (0x405d0d33) sub     s10, s10, t0
core   0: 3 0x8000eea8 (0x405d0d33) x26 0xd010dc82
core   0: 0x8000eeac (0x00008f5d) c.or    a4, a5
core   0: 3 0x8000eeac (0x8f5d) x14 0x00040d4e
core   0: 0x8000eeae (0x00008cc1) c.or    s1, s0
core   0: 3 0x8000eeae (0x8cc1) x 9 0x81025e3c
core   0: 0x8000eeb0 (0x0480e163) bltu    ra, s0, pc + 66
core   0: 3 0x8000eeb0 (0x0480e163)
core   0: 0x8000eeb4 (0x00001594) c.addi4spn a3, sp, 736
core   0: 3 0x8000eeb4 (0x1594) x13 0x8002625e
core   0: 0x8000eeb6 (0x1bfe8493) addi    s1, t4, 447
core   0: 3 0x8000eeb6 (0x1bfe8493) x 9 0x000001bf
core   0: 0x8000eeba (0x03bd29b3) mulhsu  s3, s10, s11
core   0: 3 0x8000eeba (0x03bd29b3) x19 0xf397d2f5
core   0: 0x8000eebe (0x01ec3f33) sltu    t5, s8, t5
core   0: 3 0x8000eebe (0x01ec3f33) x30 0x00000001
core   0: 0x8000eec2 (0x034d4e33) div     t3, s10, s4
core   0: 3 0x8000eec2 (0x034d4e33) x28 0xd010dc82
core   0: 0x8000eec6 (0x034da233) mulhsu  tp, s11, s4
core   0: 3 0x8000eec6 (0x034da233) x 4 0x00000000
core   0: 0x8000eeca (0x0000c895) c.beqz  s1, pc + 52
core   0: 3 0x8000eeca (0xc895)
core   0: 0x8000eecc (0x00008ce5) c.and   s1, s1
core   0: 3 0x8000eecc (0x8ce5) x 9 0x000001bf
core   0: 0x8000eece (0x726e3593) sltiu   a1, t3, 1830
core   0: 3 0x8000eece (0x726e3593) x11 0x00000000
core   0: 0x8000eed2 (0x0295c3b3) div     t2, a1, s1
core   0: 3 0x8000eed2 (0x0295c3b3) x 7 0x00000000
core   0: 0x8000eed6 (0x0000c69d) c.beqz  a3, pc + 46
core   0: 3 0x8000eed6 (0xc69d)
core   0: 0x8000eed8 (0x002751b3) srl     gp, a4, sp
core   0: 3 0x8000eed8 (0x002751b3) x 3 0x00000000
core   0: 0x8000eedc (0x0000e0a9) c.bnez  s1, pc + 66
core   0: 3 0x8000eedc (0xe0a9)
core   0: 0x8000ef1e (0x006e2cb3) slt     s9, t3, t1
core   0: 3 0x8000ef1e (0x006e2cb3) x25 0x00000001
core   0: 0x8000ef22 (0x0005c563) bltz    a1, pc + 10
core   0: 3 0x8000ef22 (0x0005c563)
core   0: 0x8000ef26 (0x000095aa) c.add   a1, a0
core   0: 3 0x8000ef26 (0x95aa) x11 0x80029ce4
core   0: 0x8000ef28 (0xb9eef713) andi    a4, t4, -1122
core   0: 3 0x8000ef28 (0xb9eef713) x14 0x00000000
core   0: 0x8000ef2c (0xc4936193) ori     gp, t1, -951
core   0: 3 0x8000ef2c (0xc4936193) x 3 0xfffffc49
core   0: 0x8000ef30 (0x0317cf63) blt     a5, a7, pc + 62
core   0: 3 0x8000ef30 (0x0317cf63)
core   0: 0x8000ef34 (0x018f9963) bne     t6, s8, pc + 18
core   0: 3 0x8000ef34 (0x018f9963)
core   0: 0x8000ef46 (0x01513233) sltu    tp, sp, s5
core   0: 3 0x8000ef46 (0x01513233) x 4 0x00000000
core   0: 0x8000ef4a (0x00008fc9) c.or    a5, a0
core   0: 3 0x8000ef4a (0x8fc9) x15 0x80069ce4
core   0: 0x8000ef4c (0x03df8e33) mul     t3, t6, t4
core   0: 3 0x8000ef4c (0x03df8e33) x28 0x00000000
core   0: 0x8000ef50 (0x00006111) c.addi16sp sp, 256
core   0: 3 0x8000ef50 (0x6111) x 2 0x8002607e
core   0: 0x8000ef52 (0x001f4e63) blt     t5, ra, pc + 28
core   0: 3 0x8000ef52 (0x001f4e63)
core   0: 0x8000ef56 (0x415c51b3) sra     gp, s8, s5
core   0: 3 0x8000ef56 (0x415c51b3) x 3 0x00000000
core   0: 0x8000ef5a (0x00008962) c.mv    s2, s8
core   0: 3 0x8000ef5a (0x8962) x18 0x00000000
core   0: 0x8000ef5c (0x03815233) divu    tp, sp, s8
core   0: 3 0x8000ef5c (0x03815233) x 4 0xffffffff
core   0: 0x8000ef60 (0x40558fb3) sub     t6, a1, t0
core   0: 3 0x8000ef60 (0x40558fb3) x31 0x7f829bd6
core   0: 0x8000ef64 (0x032a7733) remu    a4, s4, s2
core   0: 3 0x8000ef64 (0x032a7733) x14 0x00000001
core   0: 0x8000ef68 (0x03aff233) remu    tp, t6, s10
core   0: 3 0x8000ef68 (0x03aff233) x 4 0x7f829bd6
core   0: 0x8000ef6c (0x00008ded) c.and   a1, a1
core   0: 3 0x8000ef6c (0x8ded) x11 0x80029ce4
core   0: 0x8000ef6e (0x00579113) slli    sp, a5, 5
core   0: 3 0x8000ef6e (0x00579113) x 2 0x00d39c80
core   0: 0x8000ef72 (0x000085c5) c.srai  a1, 17
core   0: 3 0x8000ef72 (0x85c5) x11 0xffffc001
core   0: 0x8000ef74 (0x000095d2) c.add   a1, s4
core   0: 3 0x8000ef74 (0x95d2) x11 0xffffc002
core   0: 0x8000ef76 (0x000d3333) sltu    t1, s10, zero
core   0: 3 0x8000ef76 (0x000d3333) x 6 0x00000000
core   0: 0x8000ef7a (0x01085f63) bge     a6, a6, pc + 30
core   0: 3 0x8000ef7a (0x01085f63)
core   0: 0x8000ef98 (0x00000001) c.nop
core   0: 3 0x8000ef98 (0x0001)
core   0: 0x8000ef9a (0x004c9f33) sll     t5, s9, tp
core   0: 3 0x8000ef9a (0x004c9f33) x30 0x00400000
core   0: 0x8000ef9e (0xfa408737) lui     a4, 0xfa408
core   0: 3 0x8000ef9e (0xfa408737) x14 0xfa408000
core   0: 0x8000efa2 (0x0000829d) c.srli  a3, 7
core   0: 3 0x8000efa2 (0x829d) x13 0x010004c4
core   0: 0x8000efa4 (0x02f9d4b3) divu    s1, s3, a5
core   0: 3 0x8000efa4 (0x02f9d4b3) x 9 0x00000001
core   0: 0x8000efa8 (0x00006eb1) c.lui   t4, 0xc
core   0: 3 0x8000efa8 (0x6eb1) x29 0x0000c000
core   0: 0x8000efaa (0x004d1a13) slli    s4, s10, 4
core   0: 3 0x8000efaa (0x004d1a13) x20 0x010dc820
core   0: 0x8000efae (0x0000831e) c.mv    t1, t2
core   0: 3 0x8000efae (0x831e) x 6 0x00000000
core   0: 0x8000efb0 (0x03d9cab3) div     s5, s3, t4
core   0: 3 0x8000efb0 (0x03d9cab3) x21 0xffffef76
core   0: 0x8000efb4 (0x00a51433) sll     s0, a0, a0
core   0: 3 0x8000efb4 (0x00a51433) x 8 0x0029ce40
core   0: 0x8000efb8 (0x03b550b3) divu    ra, a0, s11
core   0: 3 0x8000efb8 (0x03b550b3) x 1 0x00000001
core   0: 0x8000efbc (0x6a0097b7) lui     a5, 0x6a009
core   0: 3 0x8000efbc (0x6a0097b7) x15 0x6a009000
core   0: 0x8000efc0 (0x01afdc93) srli    s9, t6, 26
core   0: 3 0x8000efc0 (0x01afdc93) x25 0x0000001f
core   0: 0x8000efc4 (0x72733693) sltiu   a3, t1, 1831
core   0: 3 0x8000efc4 (0x72733693) x13 0x00000001
core   0: 0x8000efc8 (0x000084c5) c.srai  s1, 17
core   0: 3 0x8000efc8 (0x84c5) x 9 0x00000000
core   0: 0x8000efca (0x00901fb3) sll     t6, zero, s1
core   0: 3 0x8000efca (0x00901fb3) x31 0x00000000
core   0: 0x8000efce (0x01f6d593) srli    a1, a3, 31
core   0: 3 0x8000efce (0x01f6d593) x11 0x00000000
core   0: 0x8000efd2 (0x039f80b3) mul     ra, t6, s9
core   0: 3 0x8000efd2 (0x039f80b3) x 1 0x00000000
core   0: 0x8000efd6 (0x03f69663) bne     a3, t6, pc + 44
core   0: 3 0x8000efd6 (0x03f69663)
core   0: 0x8000f002 (0x5a880413) addi    s0, a6, 1448
core   0: 3 0x8000f002 (0x5a880413) x 8 0x000005a8
core   0: 0x8000f006 (0x12134e13) xori    t3, t1, 289
core   0: 3 0x8000f006 (0x12134e13) x28 0x00000121
core   0: 0x8000f00a (0x02b4f6b3) remu    a3, s1, a1
core   0: 3 0x8000f00a (0x02b4f6b3) x13 0x00000000
core   0: 0x8000f00e (0x00000135) c.addi  sp, 13
core   0: 3 0x8000f00e (0x0135) x 2 0x00d39c8d
core   0: 0x8000f010 (0x00008fc1) c.or    a5, s0
core   0: 3 0x8000f010 (0x8fc1) x15 0x6a0095a8
core   0: 0x8000f012 (0x01159563) bne     a1, a7, pc + 10
core   0: 3 0x8000f012 (0x01159563)
core   0: 0x8000f016 (0x02bfb6b3) mulhu   a3, t6, a1
core   0: 3 0x8000f016 (0x02bfb6b3) x13 0x00000000
core   0: 0x8000f01a (0x00008db1) c.xor   a1, a2
core   0: 3 0x8000f01a (0x8db1) x11 0x80025e3c
core   0: 0x8000f01c (0x02befbb3) remu    s7, t4, a1
core   0: 3 0x8000f01c (0x02befbb3) x23 0x0000c000
core   0: 0x8000f020 (0x00008f6d) c.and   a4, a1
core   0: 3 0x8000f020 (0x8f6d) x14 0x80000000
core   0: 0x8000f022 (0x00da5c93) srli    s9, s4, 13
core   0: 3 0x8000f022 (0x00da5c93) x25 0x0000086e
core   0: 0x8000f026 (0x0000100f) fence.i
core   0: 3 0x8000f026 (0x0000100f)
core   0: 0x8000f02a (0xdec9be13) sltiu   t3, s3, -532
core   0: 3 0x8000f02a (0xdec9be13) x28 0x00000001
core   0: 0x8000f02e (0x00008699) c.srai  a3, 6
core   0: 3 0x8000f02e (0x8699) x13 0x00000000
core   0: 0x8000f030 (0x000088c5) c.andi  s1, 17
core   0: 3 0x8000f030 (0x88c5) x 9 0x00000000
core   0: 0x8000f032 (0xb151c5b7) lui     a1, 0xb151c
core   0: 3 0x8000f032 (0xb151c5b7) x11 0xb151c000
core   0: 0x8000f036 (0x52d62293) slti    t0, a2, 1325
core   0: 3 0x8000f036 (0x52d62293) x 5 0x00000001
core   0: 0x8000f03a (0x00000cf9) c.addi  s9, 30
core   0: 3 0x8000f03a (0x0cf9) x25 0x0000088c
core   0: 0x8000f03c (0x03f611b3) mulh    gp, a2, t6
core   0: 3 0x8000f03c (0x03f611b3) x 3 0x00000000
core   0: 0x8000f040 (0x01453233) sltu    tp, a0, s4
core   0: 3 0x8000f040 (0x01453233) x 4 0x00000000
core   0: 0x8000f044 (0x0231c2b3) div     t0, gp, gp
core   0: 3 0x8000f044 (0x0231c2b3) x 5 0xffffffff
core   0: 0x8000f048 (0x00001c98) c.addi4spn a4, sp, 624
core   0: 3 0x8000f048 (0x1c98) x14 0x00d39efd
core   0: 0x8000f04a (0x207f7a13) andi    s4, t5, 519
core   0: 3 0x8000f04a (0x207f7a13) x20 0x00000000
core   0: 0x8000f04e (0xd9897a13) andi    s4, s2, -616
core   0: 3 0x8000f04e (0xd9897a13) x20 0x00000000
core   0: 0x8000f052 (0x89801217) auipc   tp, 0x89801
core   0: 3 0x8000f052 (0x89801217) x 4 0x09810052
core   0: 0x8000f056 (0x000081b1) c.srli  a1, 12
core   0: 3 0x8000f056 (0x81b1) x11 0x000b151c
core   0: 0x8000f058 (0x03ee1733) mulh    a4, t3, t5
core   0: 3 0x8000f058 (0x03ee1733) x14 0x00000000
core   0: 0x8000f05c (0x40f106b3) sub     a3, sp, a5
core   0: 3 0x8000f05c (0x40f106b3) x13 0x96d306e5
core   0: 0x8000f060 (0x03af03b3) mul     t2, t5, s10
core   0: 3 0x8000f060 (0x03af03b3) x 7 0x20800000
core   0: 0x8000f064 (0xd708ee13) ori     t3, a7, -656
core   0: 3 0x8000f064 (0xd708ee13) x28 0xfffffd70
core   0: 0x8000f068 (0x00c24f63) blt     tp, a2, pc + 30
core   0: 3 0x8000f068 (0x00c24f63)
core   0: 0x8000f06c (0x0000cc09) c.beqz  s0, pc + 26
core   0: 3 0x8000f06c (0xcc09)
core   0: 0x8000f06e (0x5c794d37) lui     s10, 0x5c794
core   0: 3 0x8000f06e (0x5c794d37) x26 0x5c794000
core   0: 0x8000f072 (0x0000c811) c.beqz  s0, pc + 20
core   0: 3 0x8000f072 (0xc811)
core   0: 0x8000f074 (0x00cc0963) beq     s8, a2, pc + 18
core   0: 3 0x8000f074 (0x00cc0963)
core   0: 0x8000f078 (0x000003b6) c.slli  t2, 13
core   0: 3 0x8000f078 (0x03b6) x 7 0x00000000
core   0: 0x8000f07a (0x0000100f) fence.i
core   0: 3 0x8000f07a (0x0000100f)
core   0: 0x8000f07e (0xc7f48993) addi    s3, s1, -897
core   0: 3 0x8000f07e (0xc7f48993) x19 0xfffffc7f
core   0: 0x8000f082 (0x01e88eb3) add     t4, a7, t5
core   0: 3 0x8000f082 (0x01e88eb3) x29 0x00400000
core   0: 0x8000f086 (0x0ff0000f) fence   iorw,iorw
core   0: 3 0x8000f086 (0x0ff0000f)
core   0: 0x8000f08a (0xeb903897) auipc   a7, 0xeb903
core   0: 3 0x8000f08a (0xeb903897) x17 0x6b91208a
core   0: 0x8000f08e (0x00462303) lw      t1, 4(a2)
core   0: 3 0x8000f08e (0x00462303) x 6 0x8000994c mem 0x80025e40
core   0: 0x8000f092 (0xd8294393) xori    t2, s2, -638
core   0: 3 0x8000f092 (0xd8294393) x 7 0xfffffd82
core   0: 0x8000f096 (0x02860613) addi    a2, a2, 40
core   0: 3 0x8000f096 (0x02860613) x12 0x80025e64
core   0: 0x8000f09a (0x41bad713) srai    a4, s5, 27
core   0: 3 0x8000f09a (0x41bad713) x14 0xffffffff
core   0: 0x8000f09e (0x000010fd) c.addi  ra, -1
core   0: 3 0x8000f09e (0x10fd) x 1 0xffffffff
core   0: 0x8000f0a0 (0x3ee7c493) xori    s1, a5, 1006
core   0: 3 0x8000f0a0 (0x3ee7c493) x 9 0x6a009646
core   0: 0x8000f0a4 (0x023ef133) remu    sp, t4, gp
core   0: 3 0x8000f0a4 (0x023ef133) x 2 0x00400000
core   0: 0x8000f0a8 (0x00006f69) c.lui   t5, 0x1a
core   0: 3 0x8000f0a8 (0x6f69) x30 0x0001a000
core   0: 0x8000f0aa (0x02cb19b3) mulh    s3, s6, a2
core   0: 3 0x8000f0aa (0x02cb19b3) x19 0x00000000
core   0: 0x8000f0ae (0x00008f99) c.sub   a5, a4
core   0: 3 0x8000f0ae (0x8f99) x15 0x6a0095a9
core   0: 0x8000f0b0 (0x00130693) addi    a3, t1, 1
core   0: 3 0x8000f0b0 (0x00130693) x13 0x8000994d
core   0: 0x8000f0b4 (0x000686e7) jalr    a3, a3, 0
core   0: 3 0x8000f0b4 (0x000686e7) x13 0x8000f0b8
core   0: 0x8000994c (0x00000462) c.slli  s0, 24
core   0: 3 0x8000994c (0x0462) x 8 0xa8000000
core   0: 0x8000994e (0x00008061) c.srli  s0, 24
core   0: 3 0x8000994e (0x8061) x 8 0x000000a8
core   0: 0x80009950 (0x0000987d) c.andi  s0, -1
core   0: 3 0x80009950 (0x987d) x 8 0x000000a8
core   0: 0x80009952 (0x000c43b3) xor     t2, s8, zero
core   0: 3 0x80009952 (0x000c43b3) x 7 0x00000000
core   0: 0x80009956 (0x013a2233) slt     tp, s4, s3
core   0: 3 0x80009956 (0x013a2233) x 4 0x00000000
core   0: 0x8000995a (0x40bd8d33) sub     s10, s11, a1
core   0: 3 0x8000995a (0x40bd8d33) x26 0x4237cc78
core   0: 0x8000995e (0x00006111) c.addi16sp sp, 256
core   0: 3 0x8000995e (0x6111) x 2 0x00400100
core   0: 0x80009960 (0x7a4fa713) slti    a4, t6, 1956
core   0: 3 0x80009960 (0x7a4fa713) x14 0x00000001
core   0: 0x80009964 (0x00008ccd) c.or    s1, a1
core   0: 3 0x80009964 (0x8ccd) x 9 0x6a0b975e
core   0: 0x80009966 (0x02468c33) mul     s8, a3, tp
core   0: 3 0x80009966 (0x02468c33) x24 0x00000000
core   0: 0x8000996a (0x010526b3) slt     a3, a0, a6
core   0: 3 0x8000996a (0x010526b3) x13 0x00000001
core   0: 0x8000996e (0x0088dd13) srli    s10, a7, 8
core   0: 3 0x8000996e (0x0088dd13) x26 0x006b9120
core   0: 0x80009972 (0x03750063) beq     a0, s7, pc + 32
core   0: 3 0x80009972 (0x03750063)
core   0: 0x80009976 (0x00000001) c.nop
core   0: 3 0x80009976 (0x0001)
core   0: 0x80009978 (0x01c15433) srl     s0, sp, t3
core   0: 3 0x80009978 (0x01c15433) x 8 0x00000040
core   0: 0x8000997c (0x02aae733) rem     a4, s5, a0
core   0: 3 0x8000997c (0x02aae733) x14 0xffffef76
core   0: 0x80009980 (0x00006589) c.lui   a1, 0x2
core   0: 3 0x80009980 (0x6589) x11 0x00002000
core   0: 0x80009982 (0x0027f363) bgeu    a5, sp, pc + 6
core   0: 3 0x80009982 (0x0027f363)
core   0: 0x80009988 (0x00004f21) c.li    t5, 8
core   0: 3 0x80009988 (0x4f21) x30 0x00000008
core   0: 0x8000998a (0x3d19a993) slti    s3, s3, 977
core   0: 3 0x8000998a (0x3d19a993) x19 0x00000001
core   0: 0x8000998e (0x0000717d) c.addi16sp sp, -16
core   0: 3 0x8000998e (0x717d) x 2 0x004000f0
core   0: 0x80009990 (0x0000e385) c.bnez  a5, pc + 32
core   0: 3 0x80009990 (0xe385)
core   0: 0x800099b0 (0x000045b9) c.li    a1, 14
core   0: 3 0x800099b0 (0x45b9) x11 0x0000000e
core   0: 0x800099b2 (0x02084a33) div     s4, a6, zero
core   0: 3 0x800099b2 (0x02084a33) x20 0xffffffff
core   0: 0x800099b6 (0x01bb5463) bge     s6, s11, pc + 8
core   0: 3 0x800099b6 (0x01bb5463)
core   0: 0x800099ba (0x1aec4313) xori    t1, s8, 430
core   0: 3 0x800099ba (0x1aec4313) x 6 0x000001ae
core   0: 0x800099be (0x0000987d) c.andi  s0, -1
core   0: 3 0x800099be (0x987d) x 8 0x00000040
core   0: 0x800099c0 (0x01c684b3) add     s1, a3, t3
core   0: 3 0x800099c0 (0x01c684b3) x 9 0xfffffd71
core   0: 0x800099c4 (0x39248717) auipc   a4, 0x39248
core   0: 3 0x800099c4 (0x39248717) x14 0xb92519c4
core   0: 0x800099c8 (0x00000001) c.nop
core   0: 3 0x800099c8 (0x0001)
core   0: 0x800099ca (0x0d9b4e93) xori    t4, s6, 217
core   0: 3 0x800099ca (0x0d9b4e93) x29 0x000000d9
core   0: 0x800099ce (0x008e0a33) add     s4, t3, s0
core   0: 3 0x800099ce (0x008e0a33) x20 0xfffffdb0
core   0: 0x800099d2 (0x40180fb3) sub     t6, a6, ra
core   0: 3 0x800099d2 (0x40180fb3) x31 0x00000001
core   0: 0x800099d6 (0x02136733) rem     a4, t1, ra
core   0: 3 0x800099d6 (0x02136733) x14 0x00000000
core   0: 0x800099da (0x02399733) mulh    a4, s3, gp
core   0: 3 0x800099da (0x02399733) x14 0x00000000
core   0: 0x800099de (0x0000127d) c.addi  tp, -1
core   0: 3 0x800099de (0x127d) x 4 0xffffffff
core   0: 0x800099e0 (0x0000e419) c.bnez  s0, pc + 14
core   0: 3 0x800099e0 (0xe419)
core   0: 0x800099ee (0x0061d133) srl     sp, gp, t1
core   0: 3 0x800099ee (0x0061d133) x 2 0x00000000
core   0: 0x800099f2 (0x0132e933) or      s2, t0, s3
core   0: 3 0x800099f2 (0x0132e933) x18 0xffffffff
core   0: 0x800099f6 (0x025a98b7) lui     a7, 0x25a9
core   0: 3 0x800099f6 (0x025a98b7) x17 0x025a9000
core   0: 0x800099fa (0x00d69263) bne     a3, a3, pc + 4
core   0: 3 0x800099fa (0x00d69263)
core   0: 0x800099fe (0x41a1d713) srai    a4, gp, 26
core   0: 3 0x800099fe (0x41a1d713) x14 0x00000000
core   0: 0x80009a02 (0x00008e3e) c.mv    t3, a5
core   0: 3 0x80009a02 (0x8e3e) x28 0x6a0095a9
core   0: 0x80009a04 (0x0000100f) fence.i
core   0: 3 0x80009a04 (0x0000100f)
core   0: 0x80009a08 (0x00008449) c.srai  s0, 18
core   0: 3 0x80009a08 (0x8449) x 8 0x00000000
core   0: 0x80009a0a (0x35e46f93) ori     t6, s0, 862
core   0: 3 0x80009a0a (0x35e46f93) x31 0x0000035e
core   0: 0x80009a0e (0x03046933) rem     s2, s0, a6
core   0: 3 0x80009a0e (0x03046933) x18 0x00000000
core   0: 0x80009a12 (0x0000049c) c.addi4spn a5, sp, 576
core   0: 3 0x80009a12 (0x049c) x15 0x00000240
core   0: 0x80009a14 (0x00006171) c.addi16sp sp, 336
core   0: 3 0x80009a14 (0x6171) x 2 0x00000150
core   0: 0x80009a16 (0xe0c0ed13) ori     s10, ra, -500
core   0: 3 0x80009a16 (0xe0c0ed13) x26 0xffffffff
core   0: 0x80009a1a (0x0000ce91) c.beqz  a3, pc + 28
core   0: 3 0x80009a1a (0xce91)
core   0: 0x80009a1c (0x00008421) c.srai  s0, 8
core   0: 3 0x80009a1c (0x8421) x 8 0x00000000
core   0: 0x80009a1e (0x01b0a6b3) slt     a3, ra, s11
core   0: 3 0x80009a1e (0x01b0a6b3) x13 0x00000001
core   0: 0x80009a22 (0x007d5863) bge     s10, t2, pc + 16
core   0: 3 0x80009a22 (0x007d5863)
core   0: 0x80009a26 (0x01f24433) xor     s0, tp, t6
core   0: 3 0x80009a26 (0x01f24433) x 8 0xfffffca1
core   0: 0x80009a2a (0x030e8363) beq     t4, a6, pc + 38
core   0: 3 0x80009a2a (0x030e8363)
core   0: 0x80009a2e (0x03578733) mul     a4, a5, s5
core   0: 3 0x80009a2e (0x03578733) x14 0xffdac980
core   0: 0x80009a32 (0x0331ee63) bltu    gp, s3, pc + 60
core   0: 3 0x80009a32 (0x0331ee63)
core   0: 0x80009a6e (0x02e55d33) divu    s10, a0, a4
core   0: 3 0x80009a6e (0x02e55d33) x26 0x00000000
core   0: 0x80009a72 (0x00219a33) sll     s4, gp, sp
core   0: 3 0x80009a72 (0x00219a33) x20 0x00000000
core   0: 0x80009a76 (0x0ff0000f) fence   iorw,iorw
core   0: 3 0x80009a76 (0x0ff0000f)
core   0: 0x80009a7a (0x01141263) bne     s0, a7, pc + 4
core   0: 3 0x80009a7a (0x01141263)
core   0: 0x80009a7e (0x0290e463) bltu    ra, s1, pc + 40
core   0: 3 0x80009a7e (0x0290e463)
core   0: 0x80009a82 (0x0000100f) fence.i
core   0: 3 0x80009a82 (0x0000100f)
core   0: 0x80009a86 (0x0385d263) bge     a1, s8, pc + 36
core   0: 3 0x80009a86 (0x0385d263)
core   0: 0x80009aaa (0x00008f69) c.and   a4, a0
core   0: 3 0x80009aaa (0x8f69) x14 0x80028880
core   0: 0x80009aac (0xb2b9a597) auipc   a1, 0xb2b9a
core   0: 3 0x80009aac (0xb2b9a597) x11 0x32ba3aac
core   0: 0x80009ab0 (0x00001698) c.addi4spn a4, sp, 864
core   0: 3 0x80009ab0 (0x1698) x14 0x000004b0
core   0: 0x80009ab2 (0x023612b3) mulh    t0, a2, gp
core   0: 3 0x80009ab2 (0x023612b3) x 5 0x00000000
core   0: 0x80009ab6 (0x015c5393) srli    t2, s8, 21
core   0: 3 0x80009ab6 (0x015c5393) x 7 0x00000000
core   0: 0x80009aba (0x01051a63) bne     a0, a6, pc + 20
core   0: 3 0x80009aba (0x01051a63)
core   0: 0x80009ace (0x00cf5d13) srli    s10, t5, 12
core   0: 3 0x80009ace (0x00cf5d13) x26 0x00000000
core   0: 0x80009ad2 (0x029671b3) remu    gp, a2, s1
core   0: 3 0x80009ad2 (0x029671b3) x 3 0x80025e64
core   0: 0x80009ad6 (0x00000001) c.nop
core   0: 3 0x80009ad6 (0x0001)
core   0: 0x80009ad8 (0x501e4213) xori    tp, t3, 1281
core   0: 3 0x80009ad8 (0x501e4213) x 4 0x6a0090a8
core   0: 0x80009adc (0x03cd62b3) rem     t0, s10, t3
core   0: 3 0x80009adc (0x03cd62b3) x 5 0x00000000
core   0: 0x80009ae0 (0x00008ed5) c.or    a3, a3
core   0: 3 0x80009ae0 (0x8ed5) x13 0x00000001
core   0: 0x80009ae2 (0x00008fbd) c.xor   a5, a5
core   0: 3 0x80009ae2 (0x8fbd) x15 0x00000000
core   0: 0x80009ae4 (0x00009bde) c.add   s7, s7
core   0: 3 0x80009ae4 (0x9bde) x23 0x00018000
core   0: 0x80009ae6 (0x0096c5b3) xor     a1, a3, s1
core   0: 3 0x80009ae6 (0x0096c5b3) x11 0xfffffd70
core   0: 0x80009aea (0x0227da63) bge     a5, sp, pc + 52
core   0: 3 0x80009aea (0x0227da63)
core   0: 0x80009aee (0x00008e9d) c.sub   a3, a5
core   0: 3 0x80009aee (0x8e9d) x13 0x00000001
core   0: 0x80009af0 (0x00009afd) c.andi  a3, -1
core   0: 3 0x80009af0 (0x9afd) x13 0x00000001
core   0: 0x80009af2 (0x0000c399) c.beqz  a5, pc + 6
core   0: 3 0x80009af2 (0xc399)
core   0: 0x80009af8 (0x03cd88b3) mul     a7, s11, t3
core   0: 3 0x80009af8 (0x03cd88b3) x17 0xf3720eb4
core   0: 0x80009afc (0x49557193) andi    gp, a0, 1173
core   0: 3 0x80009afc (0x49557193) x 3 0x00000484
core   0: 0x80009b00 (0xce104e13) xori    t3, zero, -799
core   0: 3 0x80009b00 (0xce104e13) x28 0xfffffce1
core   0: 0x80009b04 (0x00429e33) sll     t3, t0, tp
core   0: 3 0x80009b04 (0x00429e33) x28 0x00000000
core   0: 0x80009b08 (0x00008c65) c.and   s0, s1
core   0: 3 0x80009b08 (0x8c65) x 8 0xfffffc21
core   0: 0x80009b0a (0x00c01593) slli    a1, zero, 12
core   0: 3 0x80009b0a (0x00c01593) x11 0x00000000
core   0: 0x80009b0e (0xd75f1497) auipc   s1, 0xd75f1
core   0: 3 0x80009b0e (0xd75f1497) x 9 0x575fab0e
core   0: 0x80009b12 (0x0000c409) c.beqz  s0, pc + 10
core   0: 3 0x80009b12 (0xc409)
core   0: 0x80009b14 (0x00008c59) c.or    s0, a4
core   0: 3 0x80009b14 (0x8c59) x 8 0xfffffcb1
core   0: 0x80009b16 (0x00008c5d) c.or    s0, a5
core   0: 3 0x80009b16 (0x8c5d) x 8 0xfffffcb1
core   0: 0x80009b18 (0x03a64463) blt     a2, s10, pc + 40
core   0: 3 0x80009b18 (0x03a64463)
core   0: 0x80009b40 (0x031e58b3) divu    a7, t3, a7
core   0: 3 0x80009b40 (0x031e58b3) x17 0x00000000
core   0: 0x80009b44 (0x00009ea6) c.add   t4, s1
core   0: 3 0x80009b44 (0x9ea6) x29 0x575fabe7
core   0: 0x80009b46 (0x0000c817) auipc   a6, 0xc
core   0: 3 0x80009b46 (0x0000c817) x16 0x80015b46
core   0: 0x80009b4a (0xb9880813) addi    a6, a6, -1128
core   0: 3 0x80009b4a (0xb9880813) x16 0x800156de
core   0: 0x80009b4e (0x00014a97) auipc   s5, 0x14
core   0: 3 0x80009b4e (0x00014a97) x21 0x8001db4e
core   0: 0x80009b52 (0x820a8a93) addi    s5, s5, -2016
core   0: 3 0x80009b52 (0x820a8a93) x21 0x8001d36e
core   0: 0x80009b56 (0xff984c83) lbu     s9, -7(a6)
core   0: 3 0x80009b56 (0xff984c83) x25 0x00000000 mem 0x800156d7
core   0: 0x80009b5a (0x00d801a3) sb      a3, 3(a6)
core   0: 3 0x80009b5a (0x00d801a3) mem 0x800156e1 0x1
core   0: 0x80009b5e (0x00bac383) lbu     t2, 11(s5)
core   0: 3 0x80009b5e (0x00bac383) x 7 0x00000000 mem 0x8001d379
core   0: 0x80009b62 (0x03085f03) lhu     t5, 48(a6)
core   0: 3 0x80009b62 (0x03085f03) x30 0x00000000 mem 0x8001570e
core   0: 0x80009b66 (0x004a9903) lh      s2, 4(s5)
core   0: 3 0x80009b66 (0x004a9903) x18 0x00002e00 mem 0x8001d372
core   0: 0x80009b6a (0xf7380003) lb      zero, -141(a6)
core   0: 3 0x80009b6a (0xf7380003) mem 0x80015651
core   0: 0x80009b6e (0xff6a9b83) lh      s7, -10(s5)
core   0: 3 0x80009b6e (0xff6a9b83) x23 0x00000000 mem 0x8001d364
core   0: 0x80009b72 (0x0cb804a3) sb      a1, 201(a6)
core   0: 3 0x80009b72 (0x0cb804a3) mem 0x800157a7 0x0
core   0: 0x80009b76 (0xffbacf03) lbu     t5, -5(s5)
core   0: 3 0x80009b76 (0xffbacf03) x30 0x00000000 mem 0x8001d369
core   0: 0x80009b7a (0xffca9283) lh      t0, -4(s5)
core   0: 3 0x80009b7a (0xffca9283) x 5 0xffff8aa0 mem 0x8001d36a
core   0: 0x80009b7e (0x0b380ba3) sb      s3, 183(a6)
core   0: 3 0x80009b7e (0x0b380ba3) mem 0x80015795 0x1
core   0: 0x80009b82 (0xfd780e83) lb      t4, -41(a6)
core   0: 3 0x80009b82 (0xfd780e83) x29 0x00000000 mem 0x800156b5
core   0: 0x80009b86 (0xf3384483) lbu     s1, -205(a6)
core   0: 3 0x80009b86 (0xf3384483) x 9 0x00000000 mem 0x80015611
core   0: 0x80009b8a (0x002a9383) lh      t2, 2(s5)
core   0: 3 0x80009b8a (0x002a9383) x 7 0x00000000 mem 0x8001d370
core   0: 0x80009b8e (0xf4482123) sw      tp, -190(a6)
core   0: 3 0x80009b8e (0xf4482123) mem 0x80015620 0x6a0090a8
core   0: 0x80009b92 (0xff9a8da3) sb      s9, -5(s5)
core   0: 3 0x80009b92 (0xff9a8da3) mem 0x8001d369 0x0
core   0: 0x80009b96 (0x0e780403) lb      s0, 231(a6)
core   0: 3 0x80009b96 (0x0e780403) x 8 0x00000000 mem 0x800157c5
core   0: 0x80009b9a (0xff2a8f03) lb      t5, -14(s5)
core   0: 3 0x80009b9a (0xff2a8f03) x30 0x00000000 mem 0x8001d360
core   0: 0x80009b9e (0x0004cc63) bltz    s1, pc + 24
core   0: 3 0x80009b9e (0x0004cc63)
core   0: 0x80009ba2 (0x4082d713) srai    a4, t0, 8
core   0: 3 0x80009ba2 (0x4082d713) x14 0xffffff8a
core   0: 0x80009ba6 (0x40458a33) sub     s4, a1, tp
core   0: 3 0x80009ba6 (0x40458a33) x20 0x95ff6f58
core   0: 0x80009baa (0x0000717d) c.addi16sp sp, -16
core   0: 3 0x80009baa (0x717d) x 2 0x00000140
core   0: 0x80009bac (0x000081b9) c.srli  a1, 14
core   0: 3 0x80009bac (0x81b9) x11 0x00000000
core   0: 0x80009bae (0x00008d9d) c.sub   a1, a5
core   0: 3 0x80009bae (0x8d9d) x11 0x00000000
core   0: 0x80009bb0 (0x009c0b63) beq     s8, s1, pc + 22
core   0: 3 0x80009bb0 (0x009c0b63)
core   0: 0x80009bc6 (0x0347e133) rem     sp, a5, s4
core   0: 3 0x80009bc6 (0x0347e133) x 2 0x00000000
core   0: 0x80009bca (0x02975ab3) divu    s5, a4, s1
core   0: 3 0x80009bca (0x02975ab3) x21 0xffffffff
core   0: 0x80009bce (0x0000cf05) c.beqz  a4, pc + 56
core   0: 3 0x80009bce (0xcf05)
core   0: 0x80009bd0 (0x00f19d13) slli    s10, gp, 15
core   0: 3 0x80009bd0 (0x00f19d13) x26 0x02420000
core   0: 0x80009bd4 (0x68e1a693) slti    a3, gp, 1678
core   0: 3 0x80009bd4 (0x68e1a693) x13 0x00000001
core   0: 0x80009bd8 (0x03a007b3) mul     a5, zero, s10
core   0: 3 0x80009bd8 (0x03a007b3) x15 0x00000000
core   0: 0x80009bdc (0x8eb3b3b7) lui     t2, 0x8eb3b
core   0: 3 0x80009bdc (0x8eb3b3b7) x 7 0x8eb3b000
core   0: 0x80009be0 (0x00000ca2) c.slli  s9, 8
core   0: 3 0x80009be0 (0x0ca2) x25 0x00000000
core   0: 0x80009be2 (0x03940163) beq     s0, s9, pc + 34
core   0: 3 0x80009be2 (0x03940163)
core   0: 0x80009c04 (0x00008f6d) c.and   a4, a1
core   0: 3 0x80009c04 (0x8f6d) x14 0x00000000
core   0: 0x80009c06 (0x00f69433) sll     s0, a3, a5
core   0: 3 0x80009c06 (0x00f69433) x 8 0x00000001
core   0: 0x80009c0a (0x00000001) c.nop
core   0: 3 0x80009c0a (0x0001)
core   0: 0x80009c0c (0x02316363) bltu    sp, gp, pc + 38
core   0: 3 0x80009c0c (0x02316363)
core   0: 0x80009c32 (0x0000c689) c.beqz  a3, pc + 10
core   0: 3 0x80009c32 (0xc689)
core   0: 0x80009c34 (0x00000001) c.nop
core   0: 3 0x80009c34 (0x0001)
core   0: 0x80009c36 (0x02c3a2b3) mulhsu  t0, t2, a2
core   0: 3 0x80009c36 (0x02c3a2b3) x 5 0xc758cba1
core   0: 0x80009c3a (0x0000e19d) c.bnez  a1, pc + 38
core   0: 3 0x80009c3a (0xe19d)
core   0: 0x80009c3c (0x0033b233) sltu    tp, t2, gp
core   0: 3 0x80009c3c (0x0033b233) x 4 0x00000000
core   0: 0x80009c40 (0x00008f3d) c.xor   a4, a5
core   0: 3 0x80009c40 (0x8f3d) x14 0x00000000
core   0: 0x80009c42 (0x031faeb3) mulhsu  t4, t6, a7
core   0: 3 0x80009c42 (0x031faeb3) x29 0x00000000
core   0: 0x80009c46 (0x0077d563) bge     a5, t2, pc + 10
core   0: 3 0x80009c46 (0x0077d563)
core   0: 0x80009c50 (0xfa3baa93) slti    s5, s7, -93
core   0: 3 0x80009c50 (0xfa3baa93) x21 0x00000000
core   0: 0x80009c54 (0x0000e781) c.bnez  a5, pc + 8
core   0: 3 0x80009c54 (0xe781)
core   0: 0x80009c56 (0x039ac433) div     s0, s5, s9
core   0: 3 0x80009c56 (0x039ac433) x 8 0xffffffff
core   0: 0x80009c5a (0x00008d6e) c.mv    s10, s11
core   0: 3 0x80009c5a (0x8d6e) x26 0x4242e194
core   0: 0x80009c5c (0x031be9b3) rem     s3, s7, a7
core   0: 3 0x80009c5c (0x031be9b3) x19 0x00000000
core   0: 0x80009c60 (0x02560c33) mul     s8, a2, t0
core   0: 3 0x80009c60 (0x02560c33) x24 0x90b6a8e4
core   0: 0x80009c64 (0x0000c299) c.beqz  a3, pc + 6
core   0: 3 0x80009c64 (0xc299)
core   0: 0x80009c66 (0x01f6c4b3) xor     s1, a3, t6
core   0: 3 0x80009c66 (0x01f6c4b3) x 9 0x0000035f
core   0: 0x80009c6a (0x0000e719) c.bnez  a4, pc + 14
core   0: 3 0x80009c6a (0xe719)
core   0: 0x80009c6c (0x00ace333) or      t1, s9, a0
core   0: 3 0x80009c6c (0x00ace333) x 6 0x80029ce4
core   0: 0x80009c70 (0x1103f313) andi    t1, t2, 272
core   0: 3 0x80009c70 (0x1103f313) x 6 0x00000000
core   0: 0x80009c74 (0x00ce7233) and     tp, t3, a2
core   0: 3 0x80009c74 (0x00ce7233) x 4 0x00000000
core   0: 0x80009c78 (0x2925abb7) lui     s7, 0x2925a
core   0: 3 0x80009c78 (0x2925abb7) x23 0x2925a000
core   0: 0x80009c7c (0x01dcaab3) slt     s5, s9, t4
core   0: 3 0x80009c7c (0x01dcaab3) x21 0x00000000
core   0: 0x80009c80 (0x01e40263) beq     s0, t5, pc + 4
core   0: 3 0x80009c80 (0x01e40263)
core   0: 0x80009c84 (0x00bbecb3) or      s9, s7, a1
core   0: 3 0x80009c84 (0x00bbecb3) x25 0x2925a000
core   0: 0x80009c88 (0x82ee0793) addi    a5, t3, -2002
core   0: 3 0x80009c88 (0x82ee0793) x15 0xfffff82e
core   0: 0x80009c8c (0x00008c51) c.or    s0, a2
core   0: 3 0x80009c8c (0x8c51) x 8 0xffffffff
core   0: 0x80009c8e (0xea4f8293) addi    t0, t6, -348
core   0: 3 0x80009c8e (0xea4f8293) x 5 0x00000202
core   0: 0x80009c92 (0x01107863) bgeu    zero, a7, pc + 16
core   0: 3 0x80009c92 (0x01107863)
core   0: 0x80009ca2 (0x00008de1) c.and   a1, s0
core   0: 3 0x80009ca2 (0x8de1) x11 0x00000000
core   0: 0x80009ca4 (0x0000597d) c.li    s2, -1
core   0: 3 0x80009ca4 (0x597d) x18 0xffffffff
core   0: 0x80009ca6 (0x006fc6b3) xor     a3, t6, t1
core   0: 3 0x80009ca6 (0x006fc6b3) x13 0x0000035e
core   0: 0x80009caa (0x0ff0000f) fence   iorw,iorw
core   0: 3 0x80009caa (0x0ff0000f)
core   0: 0x80009cae (0x0000100f) fence.i
core   0: 3 0x80009cae (0x0000100f)
core   0: 0x80009cb2 (0x00008289) c.srli  a3, 2
core   0: 3 0x80009cb2 (0x8289) x13 0x000000d7
core   0: 0x80009cb4 (0x00631fb3) sll     t6, t1, t1
core   0: 3 0x80009cb4 (0x00631fb3) x31 0x00000000
core   0: 0x80009cb8 (0x0000c28d) c.beqz  a3, pc + 34
core   0: 3 0x80009cb8 (0xc28d)
core   0: 0x80009cba (0x01237563) bgeu    t1, s2, pc + 10
core   0: 3 0x80009cba (0x01237563)
core   0: 0x80009cbe (0x00008c19) c.sub   s0, a4
core   0: 3 0x80009cbe (0x8c19) x 8 0xffffffff
core   0: 0x80009cc0 (0x0111dd33) srl     s10, gp, a7
core   0: 3 0x80009cc0 (0x0111dd33) x26 0x00000484
core   0: 0x80009cc4 (0x0325f6b3) remu    a3, a1, s2
core   0: 3 0x80009cc4 (0x0325f6b3) x13 0x00000000
core   0: 0x80009cc8 (0x01b07e63) bgeu    zero, s11, pc + 28
core   0: 3 0x80009cc8 (0x01b07e63)
core   0: 0x80009ccc (0x002c0263) beq     s8, sp, pc + 4
core   0: 3 0x80009ccc (0x002c0263)
core   0: 0x80009cd0 (0x00bca3b3) slt     t2, s9, a1
core   0: 3 0x80009cd0 (0x00bca3b3) x 7 0x00000000
core   0: 0x80009cd4 (0x0000ec89) c.bnez  s1, pc + 26
core   0: 3 0x80009cd4 (0xec89)
core   0: 0x80009cee (0x0089dab3) srl     s5, s3, s0
core   0: 3 0x80009cee (0x0089dab3) x21 0x00000000
core   0: 0x80009cf2 (0x00000fa6) c.slli  t6, 9
core   0: 3 0x80009cf2 (0x0fa6) x31 0x00000000
core   0: 0x80009cf4 (0xd4ea4117) auipc   sp, 0xd4ea4
core   0: 3 0x80009cf4 (0xd4ea4117) x 2 0x54eadcf4
core   0: 0x80009cf8 (0x00008f35) c.xor   a4, a3
core   0: 3 0x80009cf8 (0x8f35) x14 0x00000000
core   0: 0x80009cfa (0x02b8e333) rem     t1, a7, a1
core   0: 3 0x80009cfa (0x02b8e333) x 6 0x00000000
core   0: 0x80009cfe (0x000085b9) c.srai  a1, 14
core   0: 3 0x80009cfe (0x85b9) x11 0x00000000
core   0: 0x80009d00 (0x01c5e9b3) or      s3, a1, t3
core   0: 3 0x80009d00 (0x01c5e9b3) x19 0x00000000
core   0: 0x80009d04 (0x00000b7a) c.slli  s6, 30
core   0: 3 0x80009d04 (0x0b7a) x22 0x00000000
core   0: 0x80009d06 (0x029182b3) mul     t0, gp, s1
core   0: 3 0x80009d06 (0x029182b3) x 5 0x000f38fc
core   0: 0x80009d0a (0x011cf363) bgeu    s9, a7, pc + 6
core   0: 3 0x80009d0a (0x011cf363)
core   0: 0x80009d10 (0x01124033) xor     zero, tp, a7
core   0: 3 0x80009d10 (0x01124033)
core   0: 0x80009d14 (0x000018fd) c.addi  a7, -1
core   0: 3 0x80009d14 (0x18fd) x17 0xffffffff
core   0: 0x80009d16 (0x00bcfd33) and     s10, s9, a1
core   0: 3 0x80009d16 (0x00bcfd33) x26 0x00000000
core   0: 0x80009d1a (0xc5c5f013) andi    zero, a1, -932
core   0: 3 0x80009d1a (0xc5c5f013)
core   0: 0x80009d1e (0x01d554b3) srl     s1, a0, t4
core   0: 3 0x80009d1e (0x01d554b3) x 9 0x80029ce4
core   0: 0x80009d22 (0x40bd06b3) sub     a3, s10, a1
core   0: 3 0x80009d22 (0x40bd06b3) x13 0x00000000
core   0: 0x80009d26 (0x0ff0000f) fence   iorw,iorw
core   0: 3 0x80009d26 (0x0ff0000f)
core   0: 0x80009d2a (0x000083e9) c.srli  a5, 26
core   0: 3 0x80009d2a (0x83e9) x15 0x0000003f
core   0: 0x80009d2c (0x0000c405) c.beqz  s0, pc + 40
core   0: 3 0x80009d2c (0xc405)
core   0: 0x80009d2e (0x41d25f93) srai    t6, tp, 29
core   0: 3 0x80009d2e (0x41d25f93) x31 0x00000000
core   0: 0x80009d32 (0x040e6463) bltu    t3, zero, pc + 72
core   0: 3 0x80009d32 (0x040e6463)
core   0: 0x80009d36 (0x0284a3b3) mulhsu  t2, s1, s0
core   0: 3 0x80009d36 (0x0284a3b3) x 7 0x80029ce4
core   0: 0x80009d3a (0x000014fd) c.addi  s1, -1
core   0: 3 0x80009d3a (0x14fd) x 9 0x80029ce3
core   0: 0x80009d3c (0x029b6963) bltu    s6, s1, pc + 50
core   0: 3 0x80009d3c (0x029b6963)
core   0: 0x80009d6e (0xa166ad13) slti    s10, a3, -1514
core   0: 3 0x80009d6e (0xa166ad13) x26 0x00000000
core   0: 0x80009d72 (0x000092fa) c.add   t0, t5
core   0: 3 0x80009d72 (0x92fa) x 5 0x000f38fc
core   0: 0x80009d74 (0x76626c13) ori     s8, tp, 1894
core   0: 3 0x80009d74 (0x76626c13) x24 0x00000766
core   0: 0x80009d78 (0x00008de9) c.and   a1, a0
core   0: 3 0x80009d78 (0x8de9) x11 0x00000000
core   0: 0x80009d7a (0x40ee5913) srai    s2, t3, 14
core   0: 3 0x80009d7a (0x40ee5913) x18 0x00000000
core   0: 0x80009d7e (0x0322de33) divu    t3, t0, s2
core   0: 3 0x80009d7e (0x0322de33) x28 0xffffffff
core   0: 0x80009d82 (0x0117ee33) or      t3, a5, a7
core   0: 3 0x80009d82 (0x0117ee33) x28 0xffffffff
core   0: 0x80009d86 (0x007c4f63) blt     s8, t2, pc + 30
core   0: 3 0x80009d86 (0x007c4f63)
core   0: 0x80009d8a (0xdb3b0293) addi    t0, s6, -589
core   0: 3 0x80009d8a (0xdb3b0293) x 5 0xfffffdb3
core   0: 0x80009d8e (0xfee70f13) addi    t5, a4, -18
core   0: 3 0x80009d8e (0xfee70f13) x30 0xffffffee
core   0: 0x80009d92 (0x563ea713) slti    a4, t4, 1379
core   0: 3 0x80009d92 (0x563ea713) x14 0x00000001
core   0: 0x80009d96 (0x031ee7b3) rem     a5, t4, a7
core   0: 3 0x80009d96 (0x031ee7b3) x15 0x00000000
core   0: 0x80009d9a (0x03c8e2b3) rem     t0, a7, t3
core   0: 3 0x80009d9a (0x03c8e2b3) x 5 0x00000000
core   0: 0x80009d9e (0x00008ced) c.and   s1, a1
core   0: 3 0x80009d9e (0x8ced) x 9 0x00000000
core   0: 0x80009da0 (0x00e2db63) bge     t0, a4, pc + 22
core   0: 3 0x80009da0 (0x00e2db63)
core   0: 0x80009da4 (0x00008fd6) c.mv    t6, s5
core   0: 3 0x80009da4 (0x8fd6) x31 0x00000000
core   0: 0x80009da6 (0x02e67eb3) remu    t4, a2, a4
core   0: 3 0x80009da6 (0x02e67eb3) x29 0x00000000
core   0: 0x80009daa (0x0000c009) c.beqz  s0, pc + 2
core   0: 3 0x80009daa (0xc009)
core   0: 0x80009dac (0x0ff0000f) fence   iorw,iorw
core   0: 3 0x80009dac (0x0ff0000f)
core   0: 0x80009db0 (0x03a3e6b3) rem     a3, t2, s10
core   0: 3 0x80009db0 (0x03a3e6b3) x13 0x80029ce4
core   0: 0x80009db4 (0x00000294) c.addi4spn a3, sp, 320
core   0: 3 0x80009db4 (0x0294) x13 0x54eade34
core   0: 0x80009db6 (0x0000644d) c.lui   s0, 0x13
core   0: 3 0x80009db6 (0x644d) x 8 0x00013000
core   0: 0x80009db8 (0x030e7d33) remu    s10, t3, a6
core   0: 3 0x80009db8 (0x030e7d33) x26 0x7ffea921
core   0: 0x80009dbc (0x58047213) andi    tp, s0, 1408
core   0: 3 0x80009dbc (0x58047213) x 4 0x00000000
core   0: 0x80009dc0 (0x402b5e93) srai    t4, s6, 2
core   0: 3 0x80009dc0 (0x402b5e93) x29 0x00000000
core   0: 0x80009dc4 (0x02aac463) blt     s5, a0, pc + 40
core   0: 3 0x80009dc4 (0x02aac463)
core   0: 0x80009dc8 (0x025b8f33) mul     t5, s7, t0
core   0: 3 0x80009dc8 (0x025b8f33) x30 0x00000000
core   0: 0x80009dcc (0x40ea5993) srai    s3, s4, 14
core   0: 3 0x80009dcc (0x40ea5993) x19 0xfffe57fd
core   0: 0x80009dd0 (0x00009afd) c.andi  a3, -1
core   0: 3 0x80009dd0 (0x9afd) x13 0x54eade34
core   0: 0x80009dd2 (0x36f36213) ori     tp, t1, 879
core   0: 3 0x80009dd2 (0x36f36213) x 4 0x0000036f
core   0: 0x80009dd6 (0xffa46f13) ori     t5, s0, -6
core   0: 3 0x80009dd6 (0xffa46f13) x30 0xfffffffa
core   0: 0x80009dda (0x019c7463) bgeu    s8, s9, pc + 8
core   0: 3 0x80009dda (0x019c7463)
core   0: 0x80009dde (0x02b196b3) mulh    a3, gp, a1
core   0: 3 0x80009dde (0x02b196b3) x13 0x00000000
core   0: 0x80009de2 (0x000088a9) c.andi  s1, 10
core   0: 3 0x80009de2 (0x88a9) x 9 0x00000000
core   0: 0x80009de4 (0x03ded1b3) divu    gp, t4, t4
core   0: 3 0x80009de4 (0x03ded1b3) x 3 0xffffffff
core   0: 0x80009de8 (0x015747b3) xor     a5, a4, s5
core   0: 3 0x80009de8 (0x015747b3) x15 0x00000001
core   0: 0x80009dec (0xacea3593) sltiu   a1, s4, -1330
core   0: 3 0x80009dec (0xacea3593) x11 0x00000001
core   0: 0x80009df0 (0x00cbcf63) blt     s7, a2, pc + 30
core   0: 3 0x80009df0 (0x00cbcf63)
core   0: 0x80009df4 (0x03b3b833) mulhu   a6, t2, s11
core   0: 3 0x80009df4 (0x03b3b833) x16 0x21221deb
core   0: 0x80009df8 (0xdb5e8a93) addi    s5, t4, -587
core   0: 3 0x80009df8 (0xdb5e8a93) x21 0xfffffdb5
core   0: 0x80009dfc (0x00426833) or      a6, tp, tp
core   0: 3 0x80009dfc (0x00426833) x16 0x0000036f
core   0: 0x80009e00 (0x000098a6) c.add   a7, s1
core   0: 3 0x80009e00 (0x98a6) x17 0xffffffff
core   0: 0x80009e02 (0x4057dc93) srai    s9, a5, 5
core   0: 3 0x80009e02 (0x4057dc93) x25 0x00000000
core   0: 0x80009e06 (0x03ceae33) mulhsu  t3, t4, t3
core   0: 3 0x80009e06 (0x03ceae33) x28 0x00000000
core   0: 0x80009e0a (0x01b85763) bge     a6, s11, pc + 14
core   0: 3 0x80009e0a (0x01b85763)
core   0: 0x80009e0e (0x000080b5) c.srli  s1, 13
core   0: 3 0x80009e0e (0x80b5) x 9 0x00000000
core   0: 0x80009e10 (0x1985ff13) andi    t5, a1, 408
core   0: 3 0x80009e10 (0x1985ff13) x30 0x00000000
core   0: 0x80009e14 (0x03fca4b3) mulhsu  s1, s9, t6
core   0: 3 0x80009e14 (0x03fca4b3) x 9 0x00000000
core   0: 0x80009e18 (0x0000100f) fence.i
core   0: 3 0x80009e18 (0x0000100f)
core   0: 0x80009e1c (0x01b79e63) bne     a5, s11, pc + 28
core   0: 3 0x80009e1c (0x01b79e63)
core   0: 0x80009e38 (0x00134233) xor     tp, t1, ra
core   0: 3 0x80009e38 (0x00134233) x 4 0xffffffff
core   0: 0x80009e3c (0x0000829d) c.srli  a3, 7
core   0: 3 0x80009e3c (0x829d) x13 0x00000000
core   0: 0x80009e3e (0xf37e8293) addi    t0, t4, -201
core   0: 3 0x80009e3e (0xf37e8293) x 5 0xffffff37
core   0: 0x80009e42 (0x983c2e13) slti    t3, s8, -1661
core   0: 3 0x80009e42 (0x983c2e13) x28 0x00000000
core   0: 0x80009e46 (0x0000c19d) c.beqz  a1, pc + 38
core   0: 3 0x80009e46 (0xc19d)
core   0: 0x80009e48 (0x00004c39) c.li    s8, 14
core   0: 3 0x80009e48 (0x4c39) x24 0x0000000e
core   0: 0x80009e4a (0x00008cb9) c.xor   s1, a4
core   0: 3 0x80009e4a (0x8cb9) x 9 0x00000001
core   0: 0x80009e4c (0x76a8bb13) sltiu   s6, a7, 1898
core   0: 3 0x80009e4c (0x76a8bb13) x22 0x00000000
core   0: 0x80009e50 (0x02252133) mulhsu  sp, a0, sp
core   0: 3 0x80009e50 (0x02252133) x 2 0xd58b6f66
core   0: 0x80009e54 (0x00005ffd) c.li    t6, -1
core   0: 3 0x80009e54 (0x5ffd) x31 0xffffffff
core   0: 0x80009e56 (0x03037f33) remu    t5, t1, a6
core   0: 3 0x80009e56 (0x03037f33) x30 0x00000000
core   0: 0x80009e5a (0x00008ecd) c.or    a3, a1
core   0: 3 0x80009e5a (0x8ecd) x13 0x00000001
core   0: 0x80009e5c (0x00008f25) c.xor   a4, s1
core   0: 3 0x80009e5c (0x8f25) x14 0x00000000
core   0: 0x80009e5e (0x02703933) mulhu   s2, zero, t2
core   0: 3 0x80009e5e (0x02703933) x18 0x00000000
core   0: 0x80009e62 (0x0000e185) c.bnez  a1, pc + 32
core   0: 3 0x80009e62 (0xe185)
core   0: 0x80009e82 (0x020ac263) bltz    s5, pc + 36
core   0: 3 0x80009e82 (0x020ac263)
core   0: 0x80009ea6 (0x01961713) slli    a4, a2, 25
core   0: 3 0x80009ea6 (0x01961713) x14 0xc8000000
core   0: 0x80009eaa (0x035eafb3) mulhsu  t6, t4, s5
core   0: 3 0x80009eaa (0x035eafb3) x31 0x00000000
core   0: 0x80009eae (0x01c46f33) or      t5, s0, t3
core   0: 3 0x80009eae (0x01c46f33) x30 0x00013000
core   0: 0x80009eb2 (0x01819a93) slli    s5, gp, 24
core   0: 3 0x80009eb2 (0x01819a93) x21 0xff000000
core   0: 0x80009eb6 (0x0009c563) bltz    s3, pc + 10
core   0: 3 0x80009eb6 (0x0009c563)
core   0: 0x80009ec0 (0x03df5163) bge     t5, t4, pc + 34
core   0: 3 0x80009ec0 (0x03df5163)
core   0: 0x80009ee2 (0x02e4fbb3) remu    s7, s1, a4
core   0: 3 0x80009ee2 (0x02e4fbb3) x23 0x00000001
core   0: 0x80009ee6 (0x5894b213) sltiu   tp, s1, 1417
core   0: 3 0x80009ee6 (0x5894b213) x 4 0x00000001
core   0: 0x80009eea (0x00009b7d) c.andi  a4, -1
core   0: 3 0x80009eea (0x9b7d) x14 0xc8000000
core   0: 0x80009eec (0x00008db9) c.xor   a1, a4
core   0: 3 0x80009eec (0x8db9) x11 0xc8000001
core   0: 0x80009eee (0x01d7cfb3) xor     t6, a5, t4
core   0: 3 0x80009eee (0x01d7cfb3) x31 0x00000001
core   0: 0x80009ef2 (0x009f1093) slli    ra, t5, 9
core   0: 3 0x80009ef2 (0x009f1093) x 1 0x02600000
core   0: 0x80009ef6 (0xe94017b7) lui     a5, 0xe9401
core   0: 3 0x80009ef6 (0xe94017b7) x15 0xe9401000
core   0: 0x80009efa (0x00008719) c.srai  a4, 6
core   0: 3 0x80009efa (0x8719) x14 0xff200000
core   0: 0x80009efc (0x0258e363) bltu    a7, t0, pc + 38
core   0: 3 0x80009efc (0x0258e363)
core   0: 0x80009f00 (0x001745b3) xor     a1, a4, ra
core   0: 3 0x80009f00 (0x001745b3) x11 0xfd400000
core   0: 0x80009f04 (0x003d90b3) sll     ra, s11, gp
core   0: 3 0x80009f04 (0x003d90b3) x 1 0x00000000
core   0: 0x80009f08 (0x000002f5) c.addi  t0, 29
core   0: 3 0x80009f08 (0x02f5) x 5 0xffffff54
core   0: 0x80009f0a (0xfe5d4737) lui     a4, 0xfe5d4
core   0: 3 0x80009f0a (0xfe5d4737) x14 0xfe5d4000
core   0: 0x80009f0e (0x023fbfb3) mulhu   t6, t6, gp
core   0: 3 0x80009f0e (0x023fbfb3) x31 0x00000000
core   0: 0x80009f12 (0x000050fd) c.li    ra, -1
core   0: 3 0x80009f12 (0x50fd) x 1 0xffffffff
core   0: 0x80009f14 (0x01f5c263) blt     a1, t6, pc + 4
core   0: 3 0x80009f14 (0x01f5c263)
core   0: 0x80009f18 (0x013f7263) bgeu    t5, s3, pc + 4
core   0: 3 0x80009f18 (0x013f7263)
core   0: 0x80009f1c (0x12070d63) beqz    a4, pc + 314
core   0: 3 0x80009f1c (0x12070d63)
core   0: 0x80009f20 (0x00008da9) c.xor   a1, a0
core   0: 3 0x80009f20 (0x8da9) x11 0x7d429ce4
core   0: 0x80009f22 (0x015fd5b3) srl     a1, t6, s5
core   0: 3 0x80009f22 (0x015fd5b3) x11 0x00000000
core   0: 0x80009f26 (0x00004c21) c.li    s8, 8
core   0: 3 0x80009f26 (0x4c21) x24 0x00000008
core   0: 0x80009f28 (0x00d41693) slli    a3, s0, 13
core   0: 3 0x80009f28 (0x00d41693) x13 0x26000000
core   0: 0x80009f2c (0xfc8c9817) auipc   a6, 0xfc8c9
core   0: 3 0x80009f2c (0xfc8c9817) x16 0x7c8d2f2c
core   0: 0x80009f30 (0x00008f49) c.or    a4, a0
core   0: 3 0x80009f30 (0x8f49) x14 0xfe5fdce4
core   0: 0x80009f32 (0x0b0a1c63) bne     s4, a6, pc + 184
core   0: 3 0x80009f32 (0x0b0a1c63)
core   0: 0x80009fea (0x01c64bb3) xor     s7, a2, t3
core   0: 3 0x80009fea (0x01c64bb3) x23 0x80025e64
core   0: 0x80009fee (0x00005c7d) c.li    s8, -1
core   0: 3 0x80009fee (0x5c7d) x24 0xffffffff
core   0: 0x80009ff0 (0x0319c033) div     zero, s3, a7
core   0: 3 0x80009ff0 (0x0319c033)
core   0: 0x80009ff4 (0x00008aa9) c.andi  a3, 10
core   0: 3 0x80009ff4 (0x8aa9) x13 0x00000000
core   0: 0x80009ff6 (0x07aff363) bgeu    t6, s10, pc + 102
core   0: 3 0x80009ff6 (0x07aff363)
core   0: 0x80009ffa (0x00006117) auipc   sp, 0x6
core   0: 3 0x80009ffa (0x00006117) x 2 0x8000fffa
core   0: 0x80009ffe (0x38010113) addi    sp, sp, 896
core   0: 3 0x80009ffe (0x38010113) x 2 0x8001037a
core   0: 0x8000a002 (0xfda107a3) sb      s10, -49(sp)
core   0: 3 0x8000a002 (0xfda107a3) mem 0x80010349 0x21
core   0: 0x8000a006 (0x038106a3) sb      s8, 45(sp)
core   0: 3 0x8000a006 (0x038106a3) mem 0x800103a7 0xff
core   0: 0x8000a00a (0x026106a3) sb      t1, 45(sp)
core   0: 3 0x8000a00a (0x026106a3) mem 0x800103a7 0x0
core   0: 0x8000a00e (0x02f101a3) sb      a5, 35(sp)
core   0: 3 0x8000a00e (0x02f101a3) mem 0x8001039d 0x0
core   0: 0x8000a012 (0x0281b413) sltiu   s0, gp, 40
core   0: 3 0x8000a012 (0x0281b413) x 8 0x00000000
core   0: 0x8000a016 (0x031108a3) sb      a7, 49(sp)
core   0: 3 0x8000a016 (0x031108a3) mem 0x800103ab 0xff
core   0: 0x8000a01a (0x02414e03) lbu     t3, 36(sp)
core   0: 3 0x8000a01a (0x02414e03) x28 0x00000000 mem 0x8001039e
core   0: 0x8000a01e (0x02410223) sb      tp, 36(sp)
core   0: 3 0x8000a01e (0x02410223) mem 0x8001039e 0x1
core   0: 0x8000a022 (0x02215883) lhu     a7, 34(sp)
core   0: 3 0x8000a022 (0x02215883) x17 0x00000001 mem 0x8001039c
core   0: 0x8000a026 (0x016104a3) sb      s6, 9(sp)
core   0: 3 0x8000a026 (0x016104a3) mem 0x80010383 0x0
core   0: 0x8000a02a (0xfd110b83) lb      s7, -47(sp)
core   0: 3 0x8000a02a (0xfd110b83) x23 0x00000000 mem 0x8001034b
core   0: 0x8000a02e (0xfd114c83) lbu     s9, -47(sp)
core   0: 3 0x8000a02e (0xfd114c83) x25 0x00000000 mem 0x8001034b
core   0: 0x8000a032 (0xfd110183) lb      gp, -47(sp)
core   0: 3 0x8000a032 (0xfd110183) x 3 0x00000000 mem 0x8001034b
core   0: 0x8000a036 (0xfd6107a3) sb      s6, -49(sp)
core   0: 3 0x8000a036 (0xfd6107a3) mem 0x80010349 0x0
core   0: 0x8000a03a (0x00ea38b3) sltu    a7, s4, a4
core   0: 3 0x8000a03a (0x00ea38b3) x17 0x00000001
core   0: 0x8000a03e (0x02710da3) sb      t2, 59(sp)
core   0: 3 0x8000a03e (0x02710da3) mem 0x800103b5 0xe4
core   0: 0x8000a042 (0x03c10da3) sb      t3, 59(sp)
core   0: 3 0x8000a042 (0x03c10da3) mem 0x800103b5 0x0
core   0: 0x8000a046 (0xfc710223) sb      t2, -60(sp)
core   0: 3 0x8000a046 (0xfc710223) mem 0x8001033e 0xe4
core   0: 0x8000a04a (0xfc410e03) lb      t3, -60(sp)
core   0: 3 0x8000a04a (0xfc410e03) x28 0xffffffe4 mem 0x8001033e
core   0: 0x8000a04e (0x03f14683) lbu     a3, 63(sp)
core   0: 3 0x8000a04e (0x03f14683) x13 0x00000000 mem 0x800103b9
core   0: 0x8000a052 (0x41d45733) sra     a4, s0, t4
core   0: 3 0x8000a052 (0x41d45733) x14 0x00000000
core   0: 0x8000a056 (0x00004c3d) c.li    s8, 15
core   0: 3 0x8000a056 (0x4c3d) x24 0x0000000f
core   0: 0x8000a058 (0x40415ab3) sra     s5, sp, tp
core   0: 3 0x8000a058 (0x40415ab3) x21 0xc00081bd
core   0: 0x8000a05c (0x023030b3) mulhu   ra, zero, gp
core   0: 3 0x8000a05c (0x023030b3) x 1 0x00000000
core   0: 0x8000a060 (0x026f0433) mul     s0, t5, t1
core   0: 3 0x8000a060 (0x026f0433) x 8 0x00000000
core   0: 0x8000a064 (0x013f8d63) beq     t6, s3, pc + 26
core   0: 3 0x8000a064 (0x013f8d63)
core   0: 0x8000a068 (0x0332d2b3) divu    t0, t0, s3
core   0: 3 0x8000a068 (0x0332d2b3) x 5 0x00000001
core   0: 0x8000a06c (0x0043a3b3) slt     t2, t2, tp
core   0: 3 0x8000a06c (0x0043a3b3) x 7 0x00000001
core   0: 0x8000a070 (0x015ed763) bge     t4, s5, pc + 14
core   0: 3 0x8000a070 (0x015ed763)
core   0: 0x8000a07e (0x0000100f) fence.i
core   0: 3 0x8000a07e (0x0000100f)
core   0: 0x8000a082 (0x02db8363) beq     s7, a3, pc + 38
core   0: 3 0x8000a082 (0x02db8363)
core   0: 0x8000a0a8 (0x0000837d) c.srli  a4, 31
core   0: 3 0x8000a0a8 (0x837d) x14 0x00000000
core   0: 0x8000a0aa (0x00000001) c.nop
core   0: 3 0x8000a0aa (0x0001)
core   0: 0x8000a0ac (0xc41f6a13) ori     s4, t5, -959
core   0: 3 0x8000a0ac (0xc41f6a13) x20 0xfffffc41
core   0: 0x8000a0b0 (0x1cfe7c37) lui     s8, 0x1cfe7
core   0: 3 0x8000a0b0 (0x1cfe7c37) x24 0x1cfe7000
core   0: 0x8000a0b4 (0x03c91eb3) mulh    t4, s2, t3
core   0: 3 0x8000a0b4 (0x03c91eb3) x29 0x00000000
core   0: 0x8000a0b8 (0x0146d013) srli    zero, a3, 20
core   0: 3 0x8000a0b8 (0x0146d013)
core   0: 0x8000a0bc (0x00008029) c.srli  s0, 10
core   0: 3 0x8000a0bc (0x8029) x 8 0x00000000
core   0: 0x8000a0be (0x000a5fb3) srl     t6, s4, zero
core   0: 3 0x8000a0be (0x000a5fb3) x31 0xfffffc41
core   0: 0x8000a0c2 (0x959f6837) lui     a6, 0x959f6
core   0: 3 0x8000a0c2 (0x959f6837) x16 0x959f6000
core   0: 0x8000a0c6 (0x412707b3) sub     a5, a4, s2
core   0: 3 0x8000a0c6 (0x412707b3) x15 0x00000000
core   0: 0x8000a0ca (0x63b8e093) ori     ra, a7, 1595
core   0: 3 0x8000a0ca (0x63b8e093) x 1 0x0000063b
core   0: 0x8000a0ce (0x01c9d733) srl     a4, s3, t3
core   0: 3 0x8000a0ce (0x01c9d733) x14 0x0fffe57f
core   0: 0x8000a0d2 (0x01ed85b3) add     a1, s11, t5
core   0: 3 0x8000a0d2 (0x01ed85b3) x11 0x42441194
core   0: 0x8000a0d6 (0x02b4f6b3) remu    a3, s1, a1
core   0: 3 0x8000a0d6 (0x02b4f6b3) x13 0x00000001
core   0: 0x8000a0da (0x0000cc19) c.beqz  s0, pc + 30
core   0: 3 0x8000a0da (0xcc19)
core   0: 0x8000a0f8 (0x02041b33) mulh    s6, s0, zero
core   0: 3 0x8000a0f8 (0x02041b33) x22 0x00000000
core   0: 0x8000a0fc (0x00000d97) auipc   s11, 0x0
core   0: 3 0x8000a0fc (0x00000d97) x27 0x8000a0fc
core   0: 0x8000a100 (0x00cd8d93) addi    s11, s11, 12
core   0: 3 0x8000a100 (0x00cd8d93) x27 0x8000a108
core   0: 0x8000a104 (0x000d8067) jr      s11
core   0: 3 0x8000a104 (0x000d8067)
core   0: 0x8000a108 (0x00004185) c.li    gp, 1
core   0: 3 0x8000a108 (0x4185) x 3 0x00000001
core   0: 0x8000a10a (0x00000073) ecall
core   0: exception trap_machine_ecall, epc 0x8000a10a
core   0: >>>>  mtvec_handler
core   0: 0x8000f970 (0x0400006f) j       pc + 0x40
core   0: 3 0x8000f970 (0x0400006f)
core   0: 0x8000f9b0 (0x00001571) c.addi  a0, -4
core   0: 3 0x8000f9b0 (0x1571) x10 0x80029ce0
core   0: 0x8000f9b2 (0x0000c110) c.sw    a2, 0(a0)
core   0: 3 0x8000f9b2 (0xc110) mem 0x80029ce0 0x80025e64
core   0: 0x8000f9b4 (0x00050633) add     a2, a0, zero
core   0: 3 0x8000f9b4 (0x00050633) x12 0x80029ce0
core   0: 0x8000f9b8 (0xf8060613) addi    a2, a2, -128
core   0: 3 0x8000f9b8 (0xf8060613) x12 0x80029c60
core   0: 0x8000f9bc (0x00162223) sw      ra, 4(a2)
core   0: 3 0x8000f9bc (0x00162223) mem 0x80029c64 0x0000063b
core   0: 0x8000f9c0 (0x00262423) sw      sp, 8(a2)
core   0: 3 0x8000f9c0 (0x00262423) mem 0x80029c68 0x8001037a
core   0: 0x8000f9c4 (0x00362623) sw      gp, 12(a2)
core   0: 3 0x8000f9c4 (0x00362623) mem 0x80029c6c 0x00000001
core   0: 0x8000f9c8 (0x00462823) sw      tp, 16(a2)
core   0: 3 0x8000f9c8 (0x00462823) mem 0x80029c70 0x00000001
core   0: 0x8000f9cc (0x00562a23) sw      t0, 20(a2)
core   0: 3 0x8000f9cc (0x00562a23) mem 0x80029c74 0x00000001
core   0: 0x8000f9d0 (0x00662c23) sw      t1, 24(a2)
core   0: 3 0x8000f9d0 (0x00662c23) mem 0x80029c78 0x00000000
core   0: 0x8000f9d4 (0x00762e23) sw      t2, 28(a2)
core   0: 3 0x8000f9d4 (0x00762e23) mem 0x80029c7c 0x00000001
core   0: 0x8000f9d8 (0x0000d200) c.sw    s0, 32(a2)
core   0: 3 0x8000f9d8 (0xd200) mem 0x80029c80 0x00000000
core   0: 0x8000f9da (0x0000d244) c.sw    s1, 36(a2)
core   0: 3 0x8000f9da (0xd244) mem 0x80029c84 0x00000001
core   0: 0x8000f9dc (0x0000d608) c.sw    a0, 40(a2)
core   0: 3 0x8000f9dc (0xd608) mem 0x80029c88 0x80029ce0
core   0: 0x8000f9de (0x0000d64c) c.sw    a1, 44(a2)
core   0: 3 0x8000f9de (0xd64c) mem 0x80029c8c 0x42441194
core   0: 0x8000f9e0 (0x0000da10) c.sw    a2, 48(a2)
core   0: 3 0x8000f9e0 (0xda10) mem 0x80029c90 0x80029c60
core   0: 0x8000f9e2 (0x0000da54) c.sw    a3, 52(a2)
core   0: 3 0x8000f9e2 (0xda54) mem 0x80029c94 0x00000001
core   0: 0x8000f9e4 (0x0000de18) c.sw    a4, 56(a2)
core   0: 3 0x8000f9e4 (0xde18) mem 0x80029c98 0x0fffe57f
core   0: 0x8000f9e6 (0x0000de5c) c.sw    a5, 60(a2)
core   0: 3 0x8000f9e6 (0xde5c) mem 0x80029c9c 0x00000000
core   0: 0x8000f9e8 (0x05062023) sw      a6, 64(a2)
core   0: 3 0x8000f9e8 (0x05062023) mem 0x80029ca0 0x959f6000
core   0: 0x8000f9ec (0x05162223) sw      a7, 68(a2)
core   0: 3 0x8000f9ec (0x05162223) mem 0x80029ca4 0x00000001
core   0: 0x8000f9f0 (0x05262423) sw      s2, 72(a2)
core   0: 3 0x8000f9f0 (0x05262423) mem 0x80029ca8 0x00000000
core   0: 0x8000f9f4 (0x05362623) sw      s3, 76(a2)
core   0: 3 0x8000f9f4 (0x05362623) mem 0x80029cac 0xfffe57fd
core   0: 0x8000f9f8 (0x05462823) sw      s4, 80(a2)
core   0: 3 0x8000f9f8 (0x05462823) mem 0x80029cb0 0xfffffc41
core   0: 0x8000f9fc (0x05562a23) sw      s5, 84(a2)
core   0: 3 0x8000f9fc (0x05562a23) mem 0x80029cb4 0xc00081bd
core   0: 0x8000fa00 (0x05662c23) sw      s6, 88(a2)
core   0: 3 0x8000fa00 (0x05662c23) mem 0x80029cb8 0x00000000
core   0: 0x8000fa04 (0x05762e23) sw      s7, 92(a2)
core   0: 3 0x8000fa04 (0x05762e23) mem 0x80029cbc 0x00000000
core   0: 0x8000fa08 (0x07862023) sw      s8, 96(a2)
core   0: 3 0x8000fa08 (0x07862023) mem 0x80029cc0 0x1cfe7000
core   0: 0x8000fa0c (0x07962223) sw      s9, 100(a2)
core   0: 3 0x8000fa0c (0x07962223) mem 0x80029cc4 0x00000000
core   0: 0x8000fa10 (0x07a62423) sw      s10, 104(a2)
core   0: 3 0x8000fa10 (0x07a62423) mem 0x80029cc8 0x7ffea921
core   0: 0x8000fa14 (0x07b62623) sw      s11, 108(a2)
core   0: 3 0x8000fa14 (0x07b62623) mem 0x80029ccc 0x8000a108
core   0: 0x8000fa18 (0x07c62823) sw      t3, 112(a2)
core   0: 3 0x8000fa18 (0x07c62823) mem 0x80029cd0 0xffffffe4
core   0: 0x8000fa1c (0x07d62a23) sw      t4, 116(a2)
core   0: 3 0x8000fa1c (0x07d62a23) mem 0x80029cd4 0x00000000
core   0: 0x8000fa20 (0x07e62c23) sw      t5, 120(a2)
core   0: 3 0x8000fa20 (0x07e62c23) mem 0x80029cd8 0x00013000
core   0: 0x8000fa24 (0x07f62e23) sw      t6, 124(a2)
core   0: 3 0x8000fa24 (0x07f62e23) mem 0x80029cdc 0xfffffc41
core   0: 0x8000fa28 (0x00060533) add     a0, a2, zero
core   0: 3 0x8000fa28 (0x00060533) x10 0x80029c60
core   0: 0x8000fa2c (0x341024f3) csrr    s1, mepc
core   0: 3 0x8000fa2c (0x341024f3) x 9 0x8000a10a
core   0: 0x8000fa30 (0x342024f3) csrr    s1, mcause
core   0: 3 0x8000fa30 (0x342024f3) x 9 0x0000000b
core   0: 0x8000fa34 (0x00004e0d) c.li    t3, 3
core   0: 3 0x8000fa34 (0x4e0d) x28 0x00000003
core   0: 0x8000fa36 (0x25c48a63) beq     s1, t3, pc + 596
core   0: 3 0x8000fa36 (0x25c48a63)
core   0: 0x8000fa3a (0x00004e21) c.li    t3, 8
core   0: 3 0x8000fa3a (0x4e21) x28 0x00000008
core   0: 0x8000fa3c (0x05c48563) beq     s1, t3, pc + 74
core   0: 3 0x8000fa3c (0x05c48563)
core   0: 0x8000fa40 (0x00004e25) c.li    t3, 9
core   0: 3 0x8000fa40 (0x4e25) x28 0x00000009
core   0: 0x8000fa42 (0x05c48263) beq     s1, t3, pc + 68
core   0: 3 0x8000fa42 (0x05c48263)
core   0: 0x8000fa46 (0x00004e2d) c.li    t3, 11
core   0: 3 0x8000fa46 (0x4e2d) x28 0x0000000b
core   0: 0x8000fa48 (0x03c48f63) beq     s1, t3, pc + 62
core   0: 3 0x8000fa48 (0x03c48f63)
core   0: 0x8000fa86 (0xffff0497) auipc   s1, 0xffff0
core   0: 3 0x8000fa86 (0xffff0497) x 9 0x7ffffa86
core   0: 0x8000fa8a (0x57a48493) addi    s1, s1, 1402
core   0: 3 0x8000fa8a (0x57a48493) x 9 0x80000000
core   0: 0x8000fa8e (0x0004a023) sw      zero, 0(s1)
core   0: 3 0x8000fa8e (0x0004a023) mem 0x80000000 0x00000000
core   0: 0x8000fa92 (0x0014a223) sw      ra, 4(s1)
core   0: 3 0x8000fa92 (0x0014a223) mem 0x80000004 0x0000063b
core   0: 0x8000fa96 (0x0024a423) sw      sp, 8(s1)
core   0: 3 0x8000fa96 (0x0024a423) mem 0x80000008 0x8001037a
core   0: 0x8000fa9a (0x0034a623) sw      gp, 12(s1)
core   0: 3 0x8000fa9a (0x0034a623) mem 0x8000000c 0x00000001
core   0: 0x8000fa9e (0x0044a823) sw      tp, 16(s1)
core   0: 3 0x8000fa9e (0x0044a823) mem 0x80000010 0x00000001
core   0: 0x8000faa2 (0x0054aa23) sw      t0, 20(s1)
core   0: 3 0x8000faa2 (0x0054aa23) mem 0x80000014 0x00000001
core   0: 0x8000faa6 (0x0064ac23) sw      t1, 24(s1)
core   0: 3 0x8000faa6 (0x0064ac23) mem 0x80000018 0x00000000
core   0: 0x8000faaa (0x0074ae23) sw      t2, 28(s1)
core   0: 3 0x8000faaa (0x0074ae23) mem 0x8000001c 0x00000001
core   0: 0x8000faae (0x0000d080) c.sw    s0, 32(s1)
core   0: 3 0x8000faae (0xd080) mem 0x80000020 0x00000000
core   0: 0x8000fab0 (0x0000d0c4) c.sw    s1, 36(s1)
core   0: 3 0x8000fab0 (0xd0c4) mem 0x80000024 0x80000000
core   0: 0x8000fab2 (0x0000d488) c.sw    a0, 40(s1)
core   0: 3 0x8000fab2 (0xd488) mem 0x80000028 0x80029c60
core   0: 0x8000fab4 (0x0000d4cc) c.sw    a1, 44(s1)
core   0: 3 0x8000fab4 (0xd4cc) mem 0x8000002c 0x42441194
core   0: 0x8000fab6 (0x0000d890) c.sw    a2, 48(s1)
core   0: 3 0x8000fab6 (0xd890) mem 0x80000030 0x80029c60
core   0: 0x8000fab8 (0x0000d8d4) c.sw    a3, 52(s1)
core   0: 3 0x8000fab8 (0xd8d4) mem 0x80000034 0x00000001
core   0: 0x8000faba (0x0000dc98) c.sw    a4, 56(s1)
core   0: 3 0x8000faba (0xdc98) mem 0x80000038 0x0fffe57f
core   0: 0x8000fabc (0x0000dcdc) c.sw    a5, 60(s1)
core   0: 3 0x8000fabc (0xdcdc) mem 0x8000003c 0x00000000
core   0: 0x8000fabe (0x0504a023) sw      a6, 64(s1)
core   0: 3 0x8000fabe (0x0504a023) mem 0x80000040 0x959f6000
core   0: 0x8000fac2 (0x0514a223) sw      a7, 68(s1)
core   0: 3 0x8000fac2 (0x0514a223) mem 0x80000044 0x00000001
core   0: 0x8000fac6 (0x0524a423) sw      s2, 72(s1)
core   0: 3 0x8000fac6 (0x0524a423) mem 0x80000048 0x00000000
core   0: 0x8000faca (0x0534a623) sw      s3, 76(s1)
core   0: 3 0x8000faca (0x0534a623) mem 0x8000004c 0xfffe57fd
core   0: 0x8000face (0x0544a823) sw      s4, 80(s1)
core   0: 3 0x8000face (0x0544a823) mem 0x80000050 0xfffffc41
core   0: 0x8000fad2 (0x0554aa23) sw      s5, 84(s1)
core   0: 3 0x8000fad2 (0x0554aa23) mem 0x80000054 0xc00081bd
core   0: 0x8000fad6 (0x0564ac23) sw      s6, 88(s1)
core   0: 3 0x8000fad6 (0x0564ac23) mem 0x80000058 0x00000000
core   0: 0x8000fada (0x0574ae23) sw      s7, 92(s1)
core   0: 3 0x8000fada (0x0574ae23) mem 0x8000005c 0x00000000
core   0: 0x8000fade (0x0784a023) sw      s8, 96(s1)
core   0: 3 0x8000fade (0x0784a023) mem 0x80000060 0x1cfe7000
core   0: 0x8000fae2 (0x0794a223) sw      s9, 100(s1)
core   0: 3 0x8000fae2 (0x0794a223) mem 0x80000064 0x00000000
core   0: 0x8000fae6 (0x07a4a423) sw      s10, 104(s1)
core   0: 3 0x8000fae6 (0x07a4a423) mem 0x80000068 0x7ffea921
core   0: 0x8000faea (0x07b4a623) sw      s11, 108(s1)
core   0: 3 0x8000faea (0x07b4a623) mem 0x8000006c 0x8000a108
core   0: 0x8000faee (0x07c4a823) sw      t3, 112(s1)
core   0: 3 0x8000faee (0x07c4a823) mem 0x80000070 0x0000000b
core   0: 0x8000faf2 (0x07d4aa23) sw      t4, 116(s1)
core   0: 3 0x8000faf2 (0x07d4aa23) mem 0x80000074 0x00000000
core   0: 0x8000faf6 (0x07e4ac23) sw      t5, 120(s1)
core   0: 3 0x8000faf6 (0x07e4ac23) mem 0x80000078 0x00013000
core   0: 0x8000fafa (0x07f4ae23) sw      t6, 124(s1)
core   0: 3 0x8000fafa (0x07f4ae23) mem 0x8000007c 0xfffffc41
core   0: 0x8000fafe (0xfffffd97) auipc   s11, 0xfffff
core   0: 3 0x8000fafe (0xfffffd97) x27 0x8000eafe
core   0: 0x8000fb02 (0x5bad8d93) addi    s11, s11, 1466
core   0: 3 0x8000fb02 (0x5bad8d93) x27 0x8000f0b8
core   0: 0x8000fb06 (0x000d8067) jr      s11
core   0: 3 0x8000fb06 (0x000d8067)
core   0: 0x8000f0b8 (0x00001f17) auipc   t5, 0x1
core   0: 3 0x8000f0b8 (0x00001f17) x30 0x800100b8
core   0: 0x8000f0bc (0xf43f2423) sw      gp, -184(t5)
core   0: 3 0x8000f0bc (0xf43f2423) mem 0x80010000 0x00000001
core   0: 0x8000f0c0 (0x0000bfe5) c.j     pc - 8
core   0: 3 0x8000f0c0 (0xbfe5)
core   0: 0x8000f0b8 (0x00001f17) auipc   t5, 0x1
core   0: 3 0x8000f0b8 (0x00001f17) x30 0x800100b8
core   0: 0x8000f0bc (0xf43f2423) sw      gp, -184(t5)
core   0: 3 0x8000f0bc (0xf43f2423) mem 0x80010000 0x00000001
core   0: 0x8000f0c0 (0x0000bfe5) c.j     pc - 8
core   0: 3 0x8000f0c0 (0xbfe5)
core   0: 0x8000f0b8 (0x00001f17) auipc   t5, 0x1
core   0: 3 0x8000f0b8 (0x00001f17) x30 0x800100b8
core   0: 0x8000f0bc (0xf43f2423) sw      gp, -184(t5)
core   0: 3 0x8000f0bc (0xf43f2423) mem 0x80010000 0x00000001
core   0: 0x8000f0c0 (0x0000bfe5) c.j     pc - 8
core   0: 3 0x8000f0c0 (0xbfe5)
core   0: 0x8000f0b8 (0x00001f17) auipc   t5, 0x1
core   0: 3 0x8000f0b8 (0x00001f17) x30 0x800100b8
core   0: 0x8000f0bc (0xf43f2423) sw      gp, -184(t5)
core   0: 3 0x8000f0bc (0xf43f2423) mem 0x80010000 0x00000001
core   0: 0x8000f0c0 (0x0000bfe5) c.j     pc - 8
core   0: 3 0x8000f0c0 (0xbfe5)
core   0: 0x8000f0b8 (0x00001f17) auipc   t5, 0x1
core   0: 3 0x8000f0b8 (0x00001f17) x30 0x800100b8
core   0: 0x8000f0bc (0xf43f2423) sw      gp, -184(t5)
core   0: 3 0x8000f0bc (0xf43f2423) mem 0x80010000 0x00000001
core   0: 0x8000f0c0 (0x0000bfe5) c.j     pc - 8
core   0: 3 0x8000f0c0 (0xbfe5)
core   0: 0x8000f0b8 (0x00001f17) auipc   t5, 0x1
core   0: 3 0x8000f0b8 (0x00001f17) x30 0x800100b8
core   0: 0x8000f0bc (0xf43f2423) sw      gp, -184(t5)
core   0: 3 0x8000f0bc (0xf43f2423) mem 0x80010000 0x00000001
core   0: 0x8000f0c0 (0x0000bfe5) c.j     pc - 8
core   0: 3 0x8000f0c0 (0xbfe5)
core   0: 0x8000f0b8 (0x00001f17) auipc   t5, 0x1
core   0: 3 0x8000f0b8 (0x00001f17) x30 0x800100b8
core   0: 0x8000f0bc (0xf43f2423) sw      gp, -184(t5)
core   0: 3 0x8000f0bc (0xf43f2423) mem 0x80010000 0x00000001
core   0: 0x8000f0c0 (0x0000bfe5) c.j     pc - 8
core   0: 3 0x8000f0c0 (0xbfe5)
core   0: 0x8000f0b8 (0x00001f17) auipc   t5, 0x1
core   0: 3 0x8000f0b8 (0x00001f17) x30 0x800100b8
core   0: 0x8000f0bc (0xf43f2423) sw      gp, -184(t5)
core   0: 3 0x8000f0bc (0xf43f2423) mem 0x80010000 0x00000001
core   0: 0x8000f0c0 (0x0000bfe5) c.j     pc - 8
core   0: 3 0x8000f0c0 (0xbfe5)
core   0: 0x8000f0b8 (0x00001f17) auipc   t5, 0x1
core   0: 3 0x8000f0b8 (0x00001f17) x30 0x800100b8
core   0: 0x8000f0bc (0xf43f2423) sw      gp, -184(t5)
core   0: 3 0x8000f0bc (0xf43f2423) mem 0x80010000 0x00000001
core   0: 0x8000f0c0 (0x0000bfe5) c.j     pc - 8
core   0: 3 0x8000f0c0 (0xbfe5)
core   0: 0x8000f0b8 (0x00001f17) auipc   t5, 0x1
core   0: 3 0x8000f0b8 (0x00001f17) x30 0x800100b8
core   0: 0x8000f0bc (0xf43f2423) sw      gp, -184(t5)
core   0: 3 0x8000f0bc (0xf43f2423) mem 0x80010000 0x00000001
core   0: 0x8000f0c0 (0x0000bfe5) c.j     pc - 8
core   0: 3 0x8000f0c0 (0xbfe5)
core   0: 0x8000f0b8 (0x00001f17) auipc   t5, 0x1
core   0: 3 0x8000f0b8 (0x00001f17) x30 0x800100b8
core   0: 0x8000f0bc (0xf43f2423) sw      gp, -184(t5)
core   0: 3 0x8000f0bc (0xf43f2423) mem 0x80010000 0x00000001
core   0: 0x8000f0c0 (0x0000bfe5) c.j     pc - 8
core   0: 3 0x8000f0c0 (0xbfe5)
core   0: 0x8000f0b8 (0x00001f17) auipc   t5, 0x1
core   0: 3 0x8000f0b8 (0x00001f17) x30 0x800100b8
core   0: 0x8000f0bc (0xf43f2423) sw      gp, -184(t5)
core   0: 3 0x8000f0bc (0xf43f2423) mem 0x80010000 0x00000001
core   0: 0x8000f0c0 (0x0000bfe5) c.j     pc - 8
core   0: 3 0x8000f0c0 (0xbfe5)
core   0: 0x8000f0b8 (0x00001f17) auipc   t5, 0x1
core   0: 3 0x8000f0b8 (0x00001f17) x30 0x800100b8
core   0: 0x8000f0bc (0xf43f2423) sw      gp, -184(t5)
core   0: 3 0x8000f0bc (0xf43f2423) mem 0x80010000 0x00000001
core   0: 0x8000f0c0 (0x0000bfe5) c.j     pc - 8
core   0: 3 0x8000f0c0 (0xbfe5)
core   0: 0x8000f0b8 (0x00001f17) auipc   t5, 0x1
core   0: 3 0x8000f0b8 (0x00001f17) x30 0x800100b8
core   0: 0x8000f0bc (0xf43f2423) sw      gp, -184(t5)
core   0: 3 0x8000f0bc (0xf43f2423) mem 0x80010000 0x00000001
core   0: 0x8000f0c0 (0x0000bfe5) c.j     pc - 8
core   0: 3 0x8000f0c0 (0xbfe5)
core   0: 0x8000f0b8 (0x00001f17) auipc   t5, 0x1
core   0: 3 0x8000f0b8 (0x00001f17) x30 0x800100b8
core   0: 0x8000f0bc (0xf43f2423) sw      gp, -184(t5)
core   0: 3 0x8000f0bc (0xf43f2423) mem 0x80010000 0x00000001
core   0: 0x8000f0c0 (0x0000bfe5) c.j     pc - 8
core   0: 3 0x8000f0c0 (0xbfe5)
core   0: 0x8000f0b8 (0x00001f17) auipc   t5, 0x1
core   0: 3 0x8000f0b8 (0x00001f17) x30 0x800100b8
core   0: 0x8000f0bc (0xf43f2423) sw      gp, -184(t5)
core   0: 3 0x8000f0bc (0xf43f2423) mem 0x80010000 0x00000001
core   0: 0x8000f0c0 (0x0000bfe5) c.j     pc - 8
core   0: 3 0x8000f0c0 (0xbfe5)
core   0: 0x8000f0b8 (0x00001f17) auipc   t5, 0x1
core   0: 3 0x8000f0b8 (0x00001f17) x30 0x800100b8
core   0: 0x8000f0bc (0xf43f2423) sw      gp, -184(t5)
core   0: 3 0x8000f0bc (0xf43f2423) mem 0x80010000 0x00000001
core   0: 0x8000f0c0 (0x0000bfe5) c.j     pc - 8
core   0: 3 0x8000f0c0 (0xbfe5)
core   0: 0x8000f0b8 (0x00001f17) auipc   t5, 0x1
core   0: 3 0x8000f0b8 (0x00001f17) x30 0x800100b8
core   0: 0x8000f0bc (0xf43f2423) sw      gp, -184(t5)
core   0: 3 0x8000f0bc (0xf43f2423) mem 0x80010000 0x00000001
core   0: 0x8000f0c0 (0x0000bfe5) c.j     pc - 8
core   0: 3 0x8000f0c0 (0xbfe5)
core   0: 0x8000f0b8 (0x00001f17) auipc   t5, 0x1
core   0: 3 0x8000f0b8 (0x00001f17) x30 0x800100b8
core   0: 0x8000f0bc (0xf43f2423) sw      gp, -184(t5)
core   0: 3 0x8000f0bc (0xf43f2423) mem 0x80010000 0x00000001
core   0: 0x8000f0c0 (0x0000bfe5) c.j     pc - 8
core   0: 3 0x8000f0c0 (0xbfe5)
core   0: 0x8000f0b8 (0x00001f17) auipc   t5, 0x1
core   0: 3 0x8000f0b8 (0x00001f17) x30 0x800100b8
core   0: 0x8000f0bc (0xf43f2423) sw      gp, -184(t5)
core   0: 3 0x8000f0bc (0xf43f2423) mem 0x80010000 0x00000001
core   0: 0x8000f0c0 (0x0000bfe5) c.j     pc - 8
core   0: 3 0x8000f0c0 (0xbfe5)
core   0: 0x8000f0b8 (0x00001f17) auipc   t5, 0x1
core   0: 3 0x8000f0b8 (0x00001f17) x30 0x800100b8
core   0: 0x8000f0bc (0xf43f2423) sw      gp, -184(t5)
core   0: 3 0x8000f0bc (0xf43f2423) mem 0x80010000 0x00000001
core   0: 0x8000f0c0 (0x0000bfe5) c.j     pc - 8
core   0: 3 0x8000f0c0 (0xbfe5)
core   0: 0x8000f0b8 (0x00001f17) auipc   t5, 0x1
core   0: 3 0x8000f0b8 (0x00001f17) x30 0x800100b8
core   0: 0x8000f0bc (0xf43f2423) sw      gp, -184(t5)
core   0: 3 0x8000f0bc (0xf43f2423) mem 0x80010000 0x00000001
core   0: 0x8000f0c0 (0x0000bfe5) c.j     pc - 8
core   0: 3 0x8000f0c0 (0xbfe5)
core   0: 0x8000f0b8 (0x00001f17) auipc   t5, 0x1
core   0: 3 0x8000f0b8 (0x00001f17) x30 0x800100b8
core   0: 0x8000f0bc (0xf43f2423) sw      gp, -184(t5)
core   0: 3 0x8000f0bc (0xf43f2423) mem 0x80010000 0x00000001
core   0: 0x8000f0c0 (0x0000bfe5) c.j     pc - 8
core   0: 3 0x8000f0c0 (0xbfe5)
core   0: 0x8000f0b8 (0x00001f17) auipc   t5, 0x1
core   0: 3 0x8000f0b8 (0x00001f17) x30 0x800100b8
core   0: 0x8000f0bc (0xf43f2423) sw      gp, -184(t5)
core   0: 3 0x8000f0bc (0xf43f2423) mem 0x80010000 0x00000001
core   0: 0x8000f0c0 (0x0000bfe5) c.j     pc - 8
core   0: 3 0x8000f0c0 (0xbfe5)
core   0: 0x8000f0b8 (0x00001f17) auipc   t5, 0x1
core   0: 3 0x8000f0b8 (0x00001f17) x30 0x800100b8
core   0: 0x8000f0bc (0xf43f2423) sw      gp, -184(t5)
core   0: 3 0x8000f0bc (0xf43f2423) mem 0x80010000 0x00000001
core   0: 0x8000f0c0 (0x0000bfe5) c.j     pc - 8
core   0: 3 0x8000f0c0 (0xbfe5)
core   0: 0x8000f0b8 (0x00001f17) auipc   t5, 0x1
core   0: 3 0x8000f0b8 (0x00001f17) x30 0x800100b8
core   0: 0x8000f0bc (0xf43f2423) sw      gp, -184(t5)
core   0: 3 0x8000f0bc (0xf43f2423) mem 0x80010000 0x00000001
core   0: 0x8000f0c0 (0x0000bfe5) c.j     pc - 8
core   0: 3 0x8000f0c0 (0xbfe5)
core   0: 0x8000f0b8 (0x00001f17) auipc   t5, 0x1
core   0: 3 0x8000f0b8 (0x00001f17) x30 0x800100b8
core   0: 0x8000f0bc (0xf43f2423) sw      gp, -184(t5)
core   0: 3 0x8000f0bc (0xf43f2423) mem 0x80010000 0x00000001
core   0: 0x8000f0c0 (0x0000bfe5) c.j     pc - 8
core   0: 3 0x8000f0c0 (0xbfe5)
core   0: 0x8000f0b8 (0x00001f17) auipc   t5, 0x1
core   0: 3 0x8000f0b8 (0x00001f17) x30 0x800100b8
core   0: 0x8000f0bc (0xf43f2423) sw      gp, -184(t5)
core   0: 3 0x8000f0bc (0xf43f2423) mem 0x80010000 0x00000001
core   0: 0x8000f0c0 (0x0000bfe5) c.j     pc - 8
core   0: 3 0x8000f0c0 (0xbfe5)
core   0: 0x8000f0b8 (0x00001f17) auipc   t5, 0x1
core   0: 3 0x8000f0b8 (0x00001f17) x30 0x800100b8
core   0: 0x8000f0bc (0xf43f2423) sw      gp, -184(t5)
core   0: 3 0x8000f0bc (0xf43f2423) mem 0x80010000 0x00000001
core   0: 0x8000f0c0 (0x0000bfe5) c.j     pc - 8
core   0: 3 0x8000f0c0 (0xbfe5)
core   0: 0x8000f0b8 (0x00001f17) auipc   t5, 0x1
core   0: 3 0x8000f0b8 (0x00001f17) x30 0x800100b8
core   0: 0x8000f0bc (0xf43f2423) sw      gp, -184(t5)
core   0: 3 0x8000f0bc (0xf43f2423) mem 0x80010000 0x00000001
core   0: 0x8000f0c0 (0x0000bfe5) c.j     pc - 8
core   0: 3 0x8000f0c0 (0xbfe5)
core   0: 0x8000f0b8 (0x00001f17) auipc   t5, 0x1
core   0: 3 0x8000f0b8 (0x00001f17) x30 0x800100b8
core   0: 0x8000f0bc (0xf43f2423) sw      gp, -184(t5)
core   0: 3 0x8000f0bc (0xf43f2423) mem 0x80010000 0x00000001
core   0: 0x8000f0c0 (0x0000bfe5) c.j     pc - 8
core   0: 3 0x8000f0c0 (0xbfe5)
core   0: 0x8000f0b8 (0x00001f17) auipc   t5, 0x1
core   0: 3 0x8000f0b8 (0x00001f17) x30 0x800100b8
core   0: 0x8000f0bc (0xf43f2423) sw      gp, -184(t5)
core   0: 3 0x8000f0bc (0xf43f2423) mem 0x80010000 0x00000001
core   0: 0x8000f0c0 (0x0000bfe5) c.j     pc - 8
core   0: 3 0x8000f0c0 (0xbfe5)
core   0: 0x8000f0b8 (0x00001f17) auipc   t5, 0x1
core   0: 3 0x8000f0b8 (0x00001f17) x30 0x800100b8
core   0: 0x8000f0bc (0xf43f2423) sw      gp, -184(t5)
core   0: 3 0x8000f0bc (0xf43f2423) mem 0x80010000 0x00000001
core   0: 0x8000f0c0 (0x0000bfe5) c.j     pc - 8
core   0: 3 0x8000f0c0 (0xbfe5)
core   0: 0x8000f0b8 (0x00001f17) auipc   t5, 0x1
core   0: 3 0x8000f0b8 (0x00001f17) x30 0x800100b8
core   0: 0x8000f0bc (0xf43f2423) sw      gp, -184(t5)
core   0: 3 0x8000f0bc (0xf43f2423) mem 0x80010000 0x00000001
core   0: 0x8000f0c0 (0x0000bfe5) c.j     pc - 8
core   0: 3 0x8000f0c0 (0xbfe5)
core   0: 0x8000f0b8 (0x00001f17) auipc   t5, 0x1
core   0: 3 0x8000f0b8 (0x00001f17) x30 0x800100b8
core   0: 0x8000f0bc (0xf43f2423) sw      gp, -184(t5)
core   0: 3 0x8000f0bc (0xf43f2423) mem 0x80010000 0x00000001
core   0: 0x8000f0c0 (0x0000bfe5) c.j     pc - 8
core   0: 3 0x8000f0c0 (0xbfe5)
core   0: 0x8000f0b8 (0x00001f17) auipc   t5, 0x1
core   0: 3 0x8000f0b8 (0x00001f17) x30 0x800100b8
core   0: 0x8000f0bc (0xf43f2423) sw      gp, -184(t5)
core   0: 3 0x8000f0bc (0xf43f2423) mem 0x80010000 0x00000001
core   0: 0x8000f0c0 (0x0000bfe5) c.j     pc - 8
core   0: 3 0x8000f0c0 (0xbfe5)
core   0: 0x8000f0b8 (0x00001f17) auipc   t5, 0x1
core   0: 3 0x8000f0b8 (0x00001f17) x30 0x800100b8
core   0: 0x8000f0bc (0xf43f2423) sw      gp, -184(t5)
core   0: 3 0x8000f0bc (0xf43f2423) mem 0x80010000 0x00000001
core   0: 0x8000f0c0 (0x0000bfe5) c.j     pc - 8
core   0: 3 0x8000f0c0 (0xbfe5)
core   0: 0x8000f0b8 (0x00001f17) auipc   t5, 0x1
core   0: 3 0x8000f0b8 (0x00001f17) x30 0x800100b8
core   0: 0x8000f0bc (0xf43f2423) sw      gp, -184(t5)
core   0: 3 0x8000f0bc (0xf43f2423) mem 0x80010000 0x00000001
core   0: 0x8000f0c0 (0x0000bfe5) c.j     pc - 8
core   0: 3 0x8000f0c0 (0xbfe5)
core   0: 0x8000f0b8 (0x00001f17) auipc   t5, 0x1
core   0: 3 0x8000f0b8 (0x00001f17) x30 0x800100b8
core   0: 0x8000f0bc (0xf43f2423) sw      gp, -184(t5)
core   0: 3 0x8000f0bc (0xf43f2423) mem 0x80010000 0x00000001
core   0: 0x8000f0c0 (0x0000bfe5) c.j     pc - 8
core   0: 3 0x8000f0c0 (0xbfe5)
core   0: 0x8000f0b8 (0x00001f17) auipc   t5, 0x1
core   0: 3 0x8000f0b8 (0x00001f17) x30 0x800100b8
core   0: 0x8000f0bc (0xf43f2423) sw      gp, -184(t5)
core   0: 3 0x8000f0bc (0xf43f2423) mem 0x80010000 0x00000001
core   0: 0x8000f0c0 (0x0000bfe5) c.j     pc - 8
core   0: 3 0x8000f0c0 (0xbfe5)
core   0: 0x8000f0b8 (0x00001f17) auipc   t5, 0x1
core   0: 3 0x8000f0b8 (0x00001f17) x30 0x800100b8
core   0: 0x8000f0bc (0xf43f2423) sw      gp, -184(t5)
core   0: 3 0x8000f0bc (0xf43f2423) mem 0x80010000 0x00000001
core   0: 0x8000f0c0 (0x0000bfe5) c.j     pc - 8
core   0: 3 0x8000f0c0 (0xbfe5)
core   0: 0x8000f0b8 (0x00001f17) auipc   t5, 0x1
core   0: 3 0x8000f0b8 (0x00001f17) x30 0x800100b8
core   0: 0x8000f0bc (0xf43f2423) sw      gp, -184(t5)
core   0: 3 0x8000f0bc (0xf43f2423) mem 0x80010000 0x00000001
core   0: 0x8000f0c0 (0x0000bfe5) c.j     pc - 8
core   0: 3 0x8000f0c0 (0xbfe5)
core   0: 0x8000f0b8 (0x00001f17) auipc   t5, 0x1
core   0: 3 0x8000f0b8 (0x00001f17) x30 0x800100b8
core   0: 0x8000f0bc (0xf43f2423) sw      gp, -184(t5)
core   0: 3 0x8000f0bc (0xf43f2423) mem 0x80010000 0x00000001
core   0: 0x8000f0c0 (0x0000bfe5) c.j     pc - 8
core   0: 3 0x8000f0c0 (0xbfe5)
core   0: 0x8000f0b8 (0x00001f17) auipc   t5, 0x1
core   0: 3 0x8000f0b8 (0x00001f17) x30 0x800100b8
core   0: 0x8000f0bc (0xf43f2423) sw      gp, -184(t5)
core   0: 3 0x8000f0bc (0xf43f2423) mem 0x80010000 0x00000001
core   0: 0x8000f0c0 (0x0000bfe5) c.j     pc - 8
core   0: 3 0x8000f0c0 (0xbfe5)
core   0: 0x8000f0b8 (0x00001f17) auipc   t5, 0x1
core   0: 3 0x8000f0b8 (0x00001f17) x30 0x800100b8
core   0: 0x8000f0bc (0xf43f2423) sw      gp, -184(t5)
core   0: 3 0x8000f0bc (0xf43f2423) mem 0x80010000 0x00000001
core   0: 0x8000f0c0 (0x0000bfe5) c.j     pc - 8
core   0: 3 0x8000f0c0 (0xbfe5)
core   0: 0x8000f0b8 (0x00001f17) auipc   t5, 0x1
core   0: 3 0x8000f0b8 (0x00001f17) x30 0x800100b8
core   0: 0x8000f0bc (0xf43f2423) sw      gp, -184(t5)
core   0: 3 0x8000f0bc (0xf43f2423) mem 0x80010000 0x00000001
core   0: 0x8000f0c0 (0x0000bfe5) c.j     pc - 8
core   0: 3 0x8000f0c0 (0xbfe5)
core   0: 0x8000f0b8 (0x00001f17) auipc   t5, 0x1
core   0: 3 0x8000f0b8 (0x00001f17) x30 0x800100b8
core   0: 0x8000f0bc (0xf43f2423) sw      gp, -184(t5)
core   0: 3 0x8000f0bc (0xf43f2423) mem 0x80010000 0x00000001
core   0: 0x8000f0c0 (0x0000bfe5) c.j     pc - 8
core   0: 3 0x8000f0c0 (0xbfe5)
core   0: 0x8000f0b8 (0x00001f17) auipc   t5, 0x1
core   0: 3 0x8000f0b8 (0x00001f17) x30 0x800100b8
core   0: 0x8000f0bc (0xf43f2423) sw      gp, -184(t5)
core   0: 3 0x8000f0bc (0xf43f2423) mem 0x80010000 0x00000001
core   0: 0x8000f0c0 (0x0000bfe5) c.j     pc - 8
core   0: 3 0x8000f0c0 (0xbfe5)
core   0: 0x8000f0b8 (0x00001f17) auipc   t5, 0x1
core   0: 3 0x8000f0b8 (0x00001f17) x30 0x800100b8
core   0: 0x8000f0bc (0xf43f2423) sw      gp, -184(t5)
core   0: 3 0x8000f0bc (0xf43f2423) mem 0x80010000 0x00000001
core   0: 0x8000f0c0 (0x0000bfe5) c.j     pc - 8
core   0: 3 0x8000f0c0 (0xbfe5)
core   0: 0x8000f0b8 (0x00001f17) auipc   t5, 0x1
core   0: 3 0x8000f0b8 (0x00001f17) x30 0x800100b8
core   0: 0x8000f0bc (0xf43f2423) sw      gp, -184(t5)
core   0: 3 0x8000f0bc (0xf43f2423) mem 0x80010000 0x00000001
core   0: 0x8000f0c0 (0x0000bfe5) c.j     pc - 8
core   0: 3 0x8000f0c0 (0xbfe5)
core   0: 0x8000f0b8 (0x00001f17) auipc   t5, 0x1
core   0: 3 0x8000f0b8 (0x00001f17) x30 0x800100b8
core   0: 0x8000f0bc (0xf43f2423) sw      gp, -184(t5)
core   0: 3 0x8000f0bc (0xf43f2423) mem 0x80010000 0x00000001
core   0: 0x8000f0c0 (0x0000bfe5) c.j     pc - 8
core   0: 3 0x8000f0c0 (0xbfe5)
core   0: 0x8000f0b8 (0x00001f17) auipc   t5, 0x1
core   0: 3 0x8000f0b8 (0x00001f17) x30 0x800100b8
core   0: 0x8000f0bc (0xf43f2423) sw      gp, -184(t5)
core   0: 3 0x8000f0bc (0xf43f2423) mem 0x80010000 0x00000001
core   0: 0x8000f0c0 (0x0000bfe5) c.j     pc - 8
core   0: 3 0x8000f0c0 (0xbfe5)
core   0: 0x8000f0b8 (0x00001f17) auipc   t5, 0x1
core   0: 3 0x8000f0b8 (0x00001f17) x30 0x800100b8
core   0: 0x8000f0bc (0xf43f2423) sw      gp, -184(t5)
core   0: 3 0x8000f0bc (0xf43f2423) mem 0x80010000 0x00000001
core   0: 0x8000f0c0 (0x0000bfe5) c.j     pc - 8
core   0: 3 0x8000f0c0 (0xbfe5)
core   0: 0x8000f0b8 (0x00001f17) auipc   t5, 0x1
core   0: 3 0x8000f0b8 (0x00001f17) x30 0x800100b8
core   0: 0x8000f0bc (0xf43f2423) sw      gp, -184(t5)
core   0: 3 0x8000f0bc (0xf43f2423) mem 0x80010000 0x00000001
core   0: 0x8000f0c0 (0x0000bfe5) c.j     pc - 8
core   0: 3 0x8000f0c0 (0xbfe5)
core   0: 0x8000f0b8 (0x00001f17) auipc   t5, 0x1
core   0: 3 0x8000f0b8 (0x00001f17) x30 0x800100b8
core   0: 0x8000f0bc (0xf43f2423) sw      gp, -184(t5)
core   0: 3 0x8000f0bc (0xf43f2423) mem 0x80010000 0x00000001
core   0: 0x8000f0c0 (0x0000bfe5) c.j     pc - 8
core   0: 3 0x8000f0c0 (0xbfe5)
core   0: 0x8000f0b8 (0x00001f17) auipc   t5, 0x1
core   0: 3 0x8000f0b8 (0x00001f17) x30 0x800100b8
core   0: 0x8000f0bc (0xf43f2423) sw      gp, -184(t5)
core   0: 3 0x8000f0bc (0xf43f2423) mem 0x80010000 0x00000001
core   0: 0x8000f0c0 (0x0000bfe5) c.j     pc - 8
core   0: 3 0x8000f0c0 (0xbfe5)
core   0: 0x8000f0b8 (0x00001f17) auipc   t5, 0x1
core   0: 3 0x8000f0b8 (0x00001f17) x30 0x800100b8
core   0: 0x8000f0bc (0xf43f2423) sw      gp, -184(t5)
core   0: 3 0x8000f0bc (0xf43f2423) mem 0x80010000 0x00000001
core   0: 0x8000f0c0 (0x0000bfe5) c.j     pc - 8
core   0: 3 0x8000f0c0 (0xbfe5)
core   0: 0x8000f0b8 (0x00001f17) auipc   t5, 0x1
core   0: 3 0x8000f0b8 (0x00001f17) x30 0x800100b8
core   0: 0x8000f0bc (0xf43f2423) sw      gp, -184(t5)
core   0: 3 0x8000f0bc (0xf43f2423) mem 0x80010000 0x00000001
core   0: 0x8000f0c0 (0x0000bfe5) c.j     pc - 8
core   0: 3 0x8000f0c0 (0xbfe5)
core   0: 0x8000f0b8 (0x00001f17) auipc   t5, 0x1
core   0: 3 0x8000f0b8 (0x00001f17) x30 0x800100b8
core   0: 0x8000f0bc (0xf43f2423) sw      gp, -184(t5)
core   0: 3 0x8000f0bc (0xf43f2423) mem 0x80010000 0x00000001
core   0: 0x8000f0c0 (0x0000bfe5) c.j     pc - 8
core   0: 3 0x8000f0c0 (0xbfe5)
core   0: 0x8000f0b8 (0x00001f17) auipc   t5, 0x1
core   0: 3 0x8000f0b8 (0x00001f17) x30 0x800100b8
core   0: 0x8000f0bc (0xf43f2423) sw      gp, -184(t5)
core   0: 3 0x8000f0bc (0xf43f2423) mem 0x80010000 0x00000001
core   0: 0x8000f0c0 (0x0000bfe5) c.j     pc - 8
core   0: 3 0x8000f0c0 (0xbfe5)
core   0: 0x8000f0b8 (0x00001f17) auipc   t5, 0x1
core   0: 3 0x8000f0b8 (0x00001f17) x30 0x800100b8
core   0: 0x8000f0bc (0xf43f2423) sw      gp, -184(t5)
core   0: 3 0x8000f0bc (0xf43f2423) mem 0x80010000 0x00000001
core   0: 0x8000f0c0 (0x0000bfe5) c.j     pc - 8
core   0: 3 0x8000f0c0 (0xbfe5)
core   0: 0x8000f0b8 (0x00001f17) auipc   t5, 0x1
core   0: 3 0x8000f0b8 (0x00001f17) x30 0x800100b8
core   0: 0x8000f0bc (0xf43f2423) sw      gp, -184(t5)
core   0: 3 0x8000f0bc (0xf43f2423) mem 0x80010000 0x00000001
core   0: 0x8000f0c0 (0x0000bfe5) c.j     pc - 8
core   0: 3 0x8000f0c0 (0xbfe5)
core   0: 0x8000f0b8 (0x00001f17) auipc   t5, 0x1
core   0: 3 0x8000f0b8 (0x00001f17) x30 0x800100b8
core   0: 0x8000f0bc (0xf43f2423) sw      gp, -184(t5)
core   0: 3 0x8000f0bc (0xf43f2423) mem 0x80010000 0x00000001
core   0: 0x8000f0c0 (0x0000bfe5) c.j     pc - 8
core   0: 3 0x8000f0c0 (0xbfe5)
core   0: 0x8000f0b8 (0x00001f17) auipc   t5, 0x1
core   0: 3 0x8000f0b8 (0x00001f17) x30 0x800100b8
core   0: 0x8000f0bc (0xf43f2423) sw      gp, -184(t5)
core   0: 3 0x8000f0bc (0xf43f2423) mem 0x80010000 0x00000001
core   0: 0x8000f0c0 (0x0000bfe5) c.j     pc - 8
core   0: 3 0x8000f0c0 (0xbfe5)
core   0: 0x8000f0b8 (0x00001f17) auipc   t5, 0x1
core   0: 3 0x8000f0b8 (0x00001f17) x30 0x800100b8
core   0: 0x8000f0bc (0xf43f2423) sw      gp, -184(t5)
core   0: 3 0x8000f0bc (0xf43f2423) mem 0x80010000 0x00000001
core   0: 0x8000f0c0 (0x0000bfe5) c.j     pc - 8
core   0: 3 0x8000f0c0 (0xbfe5)
core   0: 0x8000f0b8 (0x00001f17) auipc   t5, 0x1
core   0: 3 0x8000f0b8 (0x00001f17) x30 0x800100b8
core   0: 0x8000f0bc (0xf43f2423) sw      gp, -184(t5)
core   0: 3 0x8000f0bc (0xf43f2423) mem 0x80010000 0x00000001
core   0: 0x8000f0c0 (0x0000bfe5) c.j     pc - 8
core   0: 3 0x8000f0c0 (0xbfe5)
core   0: 0x8000f0b8 (0x00001f17) auipc   t5, 0x1
core   0: 3 0x8000f0b8 (0x00001f17) x30 0x800100b8
core   0: 0x8000f0bc (0xf43f2423) sw      gp, -184(t5)
core   0: 3 0x8000f0bc (0xf43f2423) mem 0x80010000 0x00000001
core   0: 0x8000f0c0 (0x0000bfe5) c.j     pc - 8
core   0: 3 0x8000f0c0 (0xbfe5)
core   0: 0x8000f0b8 (0x00001f17) auipc   t5, 0x1
core   0: 3 0x8000f0b8 (0x00001f17) x30 0x800100b8
core   0: 0x8000f0bc (0xf43f2423) sw      gp, -184(t5)
core   0: 3 0x8000f0bc (0xf43f2423) mem 0x80010000 0x00000001
core   0: 0x8000f0c0 (0x0000bfe5) c.j     pc - 8
core   0: 3 0x8000f0c0 (0xbfe5)
core   0: 0x8000f0b8 (0x00001f17) auipc   t5, 0x1
core   0: 3 0x8000f0b8 (0x00001f17) x30 0x800100b8
core   0: 0x8000f0bc (0xf43f2423) sw      gp, -184(t5)
core   0: 3 0x8000f0bc (0xf43f2423) mem 0x80010000 0x00000001
core   0: 0x8000f0c0 (0x0000bfe5) c.j     pc - 8
core   0: 3 0x8000f0c0 (0xbfe5)
core   0: 0x8000f0b8 (0x00001f17) auipc   t5, 0x1
core   0: 3 0x8000f0b8 (0x00001f17) x30 0x800100b8
core   0: 0x8000f0bc (0xf43f2423) sw      gp, -184(t5)
core   0: 3 0x8000f0bc (0xf43f2423) mem 0x80010000 0x00000001
core   0: 0x8000f0c0 (0x0000bfe5) c.j     pc - 8
core   0: 3 0x8000f0c0 (0xbfe5)
core   0: 0x8000f0b8 (0x00001f17) auipc   t5, 0x1
core   0: 3 0x8000f0b8 (0x00001f17) x30 0x800100b8
core   0: 0x8000f0bc (0xf43f2423) sw      gp, -184(t5)
core   0: 3 0x8000f0bc (0xf43f2423) mem 0x80010000 0x00000001
core   0: 0x8000f0c0 (0x0000bfe5) c.j     pc - 8
core   0: 3 0x8000f0c0 (0xbfe5)
core   0: 0x8000f0b8 (0x00001f17) auipc   t5, 0x1
core   0: 3 0x8000f0b8 (0x00001f17) x30 0x800100b8
core   0: 0x8000f0bc (0xf43f2423) sw      gp, -184(t5)
core   0: 3 0x8000f0bc (0xf43f2423) mem 0x80010000 0x00000001
core   0: 0x8000f0c0 (0x0000bfe5) c.j     pc - 8
core   0: 3 0x8000f0c0 (0xbfe5)
core   0: 0x8000f0b8 (0x00001f17) auipc   t5, 0x1
core   0: 3 0x8000f0b8 (0x00001f17) x30 0x800100b8
core   0: 0x8000f0bc (0xf43f2423) sw      gp, -184(t5)
core   0: 3 0x8000f0bc (0xf43f2423) mem 0x80010000 0x00000001
core   0: 0x8000f0c0 (0x0000bfe5) c.j     pc - 8
core   0: 3 0x8000f0c0 (0xbfe5)
core   0: 0x8000f0b8 (0x00001f17) auipc   t5, 0x1
core   0: 3 0x8000f0b8 (0x00001f17) x30 0x800100b8
core   0: 0x8000f0bc (0xf43f2423) sw      gp, -184(t5)
core   0: 3 0x8000f0bc (0xf43f2423) mem 0x80010000 0x00000001
core   0: 0x8000f0c0 (0x0000bfe5) c.j     pc - 8
core   0: 3 0x8000f0c0 (0xbfe5)
core   0: 0x8000f0b8 (0x00001f17) auipc   t5, 0x1
core   0: 3 0x8000f0b8 (0x00001f17) x30 0x800100b8
core   0: 0x8000f0bc (0xf43f2423) sw      gp, -184(t5)
core   0: 3 0x8000f0bc (0xf43f2423) mem 0x80010000 0x00000001
core   0: 0x8000f0c0 (0x0000bfe5) c.j     pc - 8
core   0: 3 0x8000f0c0 (0xbfe5)
core   0: 0x8000f0b8 (0x00001f17) auipc   t5, 0x1
core   0: 3 0x8000f0b8 (0x00001f17) x30 0x800100b8
core   0: 0x8000f0bc (0xf43f2423) sw      gp, -184(t5)
core   0: 3 0x8000f0bc (0xf43f2423) mem 0x80010000 0x00000001
core   0: 0x8000f0c0 (0x0000bfe5) c.j     pc - 8
core   0: 3 0x8000f0c0 (0xbfe5)
core   0: 0x8000f0b8 (0x00001f17) auipc   t5, 0x1
core   0: 3 0x8000f0b8 (0x00001f17) x30 0x800100b8
core   0: 0x8000f0bc (0xf43f2423) sw      gp, -184(t5)
core   0: 3 0x8000f0bc (0xf43f2423) mem 0x80010000 0x00000001
core   0: 0x8000f0c0 (0x0000bfe5) c.j     pc - 8
core   0: 3 0x8000f0c0 (0xbfe5)
core   0: 0x8000f0b8 (0x00001f17) auipc   t5, 0x1
core   0: 3 0x8000f0b8 (0x00001f17) x30 0x800100b8
core   0: 0x8000f0bc (0xf43f2423) sw      gp, -184(t5)
core   0: 3 0x8000f0bc (0xf43f2423) mem 0x80010000 0x00000001
core   0: 0x8000f0c0 (0x0000bfe5) c.j     pc - 8
core   0: 3 0x8000f0c0 (0xbfe5)
core   0: 0x8000f0b8 (0x00001f17) auipc   t5, 0x1
core   0: 3 0x8000f0b8 (0x00001f17) x30 0x800100b8
core   0: 0x8000f0bc (0xf43f2423) sw      gp, -184(t5)
core   0: 3 0x8000f0bc (0xf43f2423) mem 0x80010000 0x00000001
core   0: 0x8000f0c0 (0x0000bfe5) c.j     pc - 8
core   0: 3 0x8000f0c0 (0xbfe5)
core   0: 0x8000f0b8 (0x00001f17) auipc   t5, 0x1
core   0: 3 0x8000f0b8 (0x00001f17) x30 0x800100b8
core   0: 0x8000f0bc (0xf43f2423) sw      gp, -184(t5)
core   0: 3 0x8000f0bc (0xf43f2423) mem 0x80010000 0x00000001
core   0: 0x8000f0c0 (0x0000bfe5) c.j     pc - 8
core   0: 3 0x8000f0c0 (0xbfe5)
core   0: 0x8000f0b8 (0x00001f17) auipc   t5, 0x1
core   0: 3 0x8000f0b8 (0x00001f17) x30 0x800100b8
core   0: 0x8000f0bc (0xf43f2423) sw      gp, -184(t5)
core   0: 3 0x8000f0bc (0xf43f2423) mem 0x80010000 0x00000001
core   0: 0x8000f0c0 (0x0000bfe5) c.j     pc - 8
core   0: 3 0x8000f0c0 (0xbfe5)
core   0: 0x8000f0b8 (0x00001f17) auipc   t5, 0x1
core   0: 3 0x8000f0b8 (0x00001f17) x30 0x800100b8
core   0: 0x8000f0bc (0xf43f2423) sw      gp, -184(t5)
core   0: 3 0x8000f0bc (0xf43f2423) mem 0x80010000 0x00000001
core   0: 0x8000f0c0 (0x0000bfe5) c.j     pc - 8
core   0: 3 0x8000f0c0 (0xbfe5)
core   0: 0x8000f0b8 (0x00001f17) auipc   t5, 0x1
core   0: 3 0x8000f0b8 (0x00001f17) x30 0x800100b8
core   0: 0x8000f0bc (0xf43f2423) sw      gp, -184(t5)
core   0: 3 0x8000f0bc (0xf43f2423) mem 0x80010000 0x00000001
core   0: 0x8000f0c0 (0x0000bfe5) c.j     pc - 8
core   0: 3 0x8000f0c0 (0xbfe5)
core   0: 0x8000f0b8 (0x00001f17) auipc   t5, 0x1
core   0: 3 0x8000f0b8 (0x00001f17) x30 0x800100b8
core   0: 0x8000f0bc (0xf43f2423) sw      gp, -184(t5)
core   0: 3 0x8000f0bc (0xf43f2423) mem 0x80010000 0x00000001
core   0: 0x8000f0c0 (0x0000bfe5) c.j     pc - 8
core   0: 3 0x8000f0c0 (0xbfe5)
core   0: 0x8000f0b8 (0x00001f17) auipc   t5, 0x1
core   0: 3 0x8000f0b8 (0x00001f17) x30 0x800100b8
core   0: 0x8000f0bc (0xf43f2423) sw      gp, -184(t5)
core   0: 3 0x8000f0bc (0xf43f2423) mem 0x80010000 0x00000001
core   0: 0x8000f0c0 (0x0000bfe5) c.j     pc - 8
core   0: 3 0x8000f0c0 (0xbfe5)
core   0: 0x8000f0b8 (0x00001f17) auipc   t5, 0x1
core   0: 3 0x8000f0b8 (0x00001f17) x30 0x800100b8
core   0: 0x8000f0bc (0xf43f2423) sw      gp, -184(t5)
core   0: 3 0x8000f0bc (0xf43f2423) mem 0x80010000 0x00000001
core   0: 0x8000f0c0 (0x0000bfe5) c.j     pc - 8
core   0: 3 0x8000f0c0 (0xbfe5)
core   0: 0x8000f0b8 (0x00001f17) auipc   t5, 0x1
core   0: 3 0x8000f0b8 (0x00001f17) x30 0x800100b8
core   0: 0x8000f0bc (0xf43f2423) sw      gp, -184(t5)
core   0: 3 0x8000f0bc (0xf43f2423) mem 0x80010000 0x00000001
core   0: 0x8000f0c0 (0x0000bfe5) c.j     pc - 8
core   0: 3 0x8000f0c0 (0xbfe5)
core   0: 0x8000f0b8 (0x00001f17) auipc   t5, 0x1
core   0: 3 0x8000f0b8 (0x00001f17) x30 0x800100b8
core   0: 0x8000f0bc (0xf43f2423) sw      gp, -184(t5)
core   0: 3 0x8000f0bc (0xf43f2423) mem 0x80010000 0x00000001
core   0: 0x8000f0c0 (0x0000bfe5) c.j     pc - 8
core   0: 3 0x8000f0c0 (0xbfe5)
core   0: 0x8000f0b8 (0x00001f17) auipc   t5, 0x1
core   0: 3 0x8000f0b8 (0x00001f17) x30 0x800100b8
core   0: 0x8000f0bc (0xf43f2423) sw      gp, -184(t5)
core   0: 3 0x8000f0bc (0xf43f2423) mem 0x80010000 0x00000001
core   0: 0x8000f0c0 (0x0000bfe5) c.j     pc - 8
core   0: 3 0x8000f0c0 (0xbfe5)
core   0: 0x8000f0b8 (0x00001f17) auipc   t5, 0x1
core   0: 3 0x8000f0b8 (0x00001f17) x30 0x800100b8
core   0: 0x8000f0bc (0xf43f2423) sw      gp, -184(t5)
core   0: 3 0x8000f0bc (0xf43f2423) mem 0x80010000 0x00000001
core   0: 0x8000f0c0 (0x0000bfe5) c.j     pc - 8
core   0: 3 0x8000f0c0 (0xbfe5)
core   0: 0x8000f0b8 (0x00001f17) auipc   t5, 0x1
core   0: 3 0x8000f0b8 (0x00001f17) x30 0x800100b8
core   0: 0x8000f0bc (0xf43f2423) sw      gp, -184(t5)
core   0: 3 0x8000f0bc (0xf43f2423) mem 0x80010000 0x00000001
core   0: 0x8000f0c0 (0x0000bfe5) c.j     pc - 8
core   0: 3 0x8000f0c0 (0xbfe5)
core   0: 0x8000f0b8 (0x00001f17) auipc   t5, 0x1
core   0: 3 0x8000f0b8 (0x00001f17) x30 0x800100b8
core   0: 0x8000f0bc (0xf43f2423) sw      gp, -184(t5)
core   0: 3 0x8000f0bc (0xf43f2423) mem 0x80010000 0x00000001
core   0: 0x8000f0c0 (0x0000bfe5) c.j     pc - 8
core   0: 3 0x8000f0c0 (0xbfe5)
core   0: 0x8000f0b8 (0x00001f17) auipc   t5, 0x1
core   0: 3 0x8000f0b8 (0x00001f17) x30 0x800100b8
core   0: 0x8000f0bc (0xf43f2423) sw      gp, -184(t5)
core   0: 3 0x8000f0bc (0xf43f2423) mem 0x80010000 0x00000001
core   0: 0x8000f0c0 (0x0000bfe5) c.j     pc - 8
core   0: 3 0x8000f0c0 (0xbfe5)
core   0: 0x8000f0b8 (0x00001f17) auipc   t5, 0x1
core   0: 3 0x8000f0b8 (0x00001f17) x30 0x800100b8
core   0: 0x8000f0bc (0xf43f2423) sw      gp, -184(t5)
core   0: 3 0x8000f0bc (0xf43f2423) mem 0x80010000 0x00000001
core   0: 0x8000f0c0 (0x0000bfe5) c.j     pc - 8
core   0: 3 0x8000f0c0 (0xbfe5)
core   0: 0x8000f0b8 (0x00001f17) auipc   t5, 0x1
core   0: 3 0x8000f0b8 (0x00001f17) x30 0x800100b8
core   0: 0x8000f0bc (0xf43f2423) sw      gp, -184(t5)
core   0: 3 0x8000f0bc (0xf43f2423) mem 0x80010000 0x00000001
core   0: 0x8000f0c0 (0x0000bfe5) c.j     pc - 8
core   0: 3 0x8000f0c0 (0xbfe5)
core   0: 0x8000f0b8 (0x00001f17) auipc   t5, 0x1
core   0: 3 0x8000f0b8 (0x00001f17) x30 0x800100b8
core   0: 0x8000f0bc (0xf43f2423) sw      gp, -184(t5)
core   0: 3 0x8000f0bc (0xf43f2423) mem 0x80010000 0x00000001
core   0: 0x8000f0c0 (0x0000bfe5) c.j     pc - 8
core   0: 3 0x8000f0c0 (0xbfe5)
core   0: 0x8000f0b8 (0x00001f17) auipc   t5, 0x1
core   0: 3 0x8000f0b8 (0x00001f17) x30 0x800100b8
core   0: 0x8000f0bc (0xf43f2423) sw      gp, -184(t5)
core   0: 3 0x8000f0bc (0xf43f2423) mem 0x80010000 0x00000001
core   0: 0x8000f0c0 (0x0000bfe5) c.j     pc - 8
core   0: 3 0x8000f0c0 (0xbfe5)
core   0: 0x8000f0b8 (0x00001f17) auipc   t5, 0x1
core   0: 3 0x8000f0b8 (0x00001f17) x30 0x800100b8
core   0: 0x8000f0bc (0xf43f2423) sw      gp, -184(t5)
core   0: 3 0x8000f0bc (0xf43f2423) mem 0x80010000 0x00000001
core   0: 0x8000f0c0 (0x0000bfe5) c.j     pc - 8
core   0: 3 0x8000f0c0 (0xbfe5)
core   0: 0x8000f0b8 (0x00001f17) auipc   t5, 0x1
core   0: 3 0x8000f0b8 (0x00001f17) x30 0x800100b8
core   0: 0x8000f0bc (0xf43f2423) sw      gp, -184(t5)
core   0: 3 0x8000f0bc (0xf43f2423) mem 0x80010000 0x00000001
core   0: 0x8000f0c0 (0x0000bfe5) c.j     pc - 8
core   0: 3 0x8000f0c0 (0xbfe5)
core   0: 0x8000f0b8 (0x00001f17) auipc   t5, 0x1
core   0: 3 0x8000f0b8 (0x00001f17) x30 0x800100b8
core   0: 0x8000f0bc (0xf43f2423) sw      gp, -184(t5)
core   0: 3 0x8000f0bc (0xf43f2423) mem 0x80010000 0x00000001
core   0: 0x8000f0c0 (0x0000bfe5) c.j     pc - 8
core   0: 3 0x8000f0c0 (0xbfe5)
core   0: 0x8000f0b8 (0x00001f17) auipc   t5, 0x1
core   0: 3 0x8000f0b8 (0x00001f17) x30 0x800100b8
core   0: 0x8000f0bc (0xf43f2423) sw      gp, -184(t5)
core   0: 3 0x8000f0bc (0xf43f2423) mem 0x80010000 0x00000001
core   0: 0x8000f0c0 (0x0000bfe5) c.j     pc - 8
core   0: 3 0x8000f0c0 (0xbfe5)
core   0: 0x8000f0b8 (0x00001f17) auipc   t5, 0x1
core   0: 3 0x8000f0b8 (0x00001f17) x30 0x800100b8
core   0: 0x8000f0bc (0xf43f2423) sw      gp, -184(t5)
core   0: 3 0x8000f0bc (0xf43f2423) mem 0x80010000 0x00000001
core   0: 0x8000f0c0 (0x0000bfe5) c.j     pc - 8
core   0: 3 0x8000f0c0 (0xbfe5)
core   0: 0x8000f0b8 (0x00001f17) auipc   t5, 0x1
core   0: 3 0x8000f0b8 (0x00001f17) x30 0x800100b8
core   0: 0x8000f0bc (0xf43f2423) sw      gp, -184(t5)
core   0: 3 0x8000f0bc (0xf43f2423) mem 0x80010000 0x00000001
core   0: 0x8000f0c0 (0x0000bfe5) c.j     pc - 8
core   0: 3 0x8000f0c0 (0xbfe5)
core   0: 0x8000f0b8 (0x00001f17) auipc   t5, 0x1
core   0: 3 0x8000f0b8 (0x00001f17) x30 0x800100b8
core   0: 0x8000f0bc (0xf43f2423) sw      gp, -184(t5)
core   0: 3 0x8000f0bc (0xf43f2423) mem 0x80010000 0x00000001
core   0: 0x8000f0c0 (0x0000bfe5) c.j     pc - 8
core   0: 3 0x8000f0c0 (0xbfe5)
core   0: 0x8000f0b8 (0x00001f17) auipc   t5, 0x1
core   0: 3 0x8000f0b8 (0x00001f17) x30 0x800100b8
core   0: 0x8000f0bc (0xf43f2423) sw      gp, -184(t5)
core   0: 3 0x8000f0bc (0xf43f2423) mem 0x80010000 0x00000001
core   0: 0x8000f0c0 (0x0000bfe5) c.j     pc - 8
core   0: 3 0x8000f0c0 (0xbfe5)
core   0: 0x8000f0b8 (0x00001f17) auipc   t5, 0x1
core   0: 3 0x8000f0b8 (0x00001f17) x30 0x800100b8
core   0: 0x8000f0bc (0xf43f2423) sw      gp, -184(t5)
core   0: 3 0x8000f0bc (0xf43f2423) mem 0x80010000 0x00000001
core   0: 0x8000f0c0 (0x0000bfe5) c.j     pc - 8
core   0: 3 0x8000f0c0 (0xbfe5)
core   0: 0x8000f0b8 (0x00001f17) auipc   t5, 0x1
core   0: 3 0x8000f0b8 (0x00001f17) x30 0x800100b8
core   0: 0x8000f0bc (0xf43f2423) sw      gp, -184(t5)
core   0: 3 0x8000f0bc (0xf43f2423) mem 0x80010000 0x00000001
core   0: 0x8000f0c0 (0x0000bfe5) c.j     pc - 8
core   0: 3 0x8000f0c0 (0xbfe5)
core   0: 0x8000f0b8 (0x00001f17) auipc   t5, 0x1
core   0: 3 0x8000f0b8 (0x00001f17) x30 0x800100b8
core   0: 0x8000f0bc (0xf43f2423) sw      gp, -184(t5)
core   0: 3 0x8000f0bc (0xf43f2423) mem 0x80010000 0x00000001
core   0: 0x8000f0c0 (0x0000bfe5) c.j     pc - 8
core   0: 3 0x8000f0c0 (0xbfe5)
core   0: 0x8000f0b8 (0x00001f17) auipc   t5, 0x1
core   0: 3 0x8000f0b8 (0x00001f17) x30 0x800100b8
core   0: 0x8000f0bc (0xf43f2423) sw      gp, -184(t5)
core   0: 3 0x8000f0bc (0xf43f2423) mem 0x80010000 0x00000001
core   0: 0x8000f0c0 (0x0000bfe5) c.j     pc - 8
core   0: 3 0x8000f0c0 (0xbfe5)
core   0: 0x8000f0b8 (0x00001f17) auipc   t5, 0x1
core   0: 3 0x8000f0b8 (0x00001f17) x30 0x800100b8
core   0: 0x8000f0bc (0xf43f2423) sw      gp, -184(t5)
core   0: 3 0x8000f0bc (0xf43f2423) mem 0x80010000 0x00000001
core   0: 0x8000f0c0 (0x0000bfe5) c.j     pc - 8
core   0: 3 0x8000f0c0 (0xbfe5)
core   0: 0x8000f0b8 (0x00001f17) auipc   t5, 0x1
core   0: 3 0x8000f0b8 (0x00001f17) x30 0x800100b8
core   0: 0x8000f0bc (0xf43f2423) sw      gp, -184(t5)
core   0: 3 0x8000f0bc (0xf43f2423) mem 0x80010000 0x00000001
core   0: 0x8000f0c0 (0x0000bfe5) c.j     pc - 8
core   0: 3 0x8000f0c0 (0xbfe5)
core   0: 0x8000f0b8 (0x00001f17) auipc   t5, 0x1
core   0: 3 0x8000f0b8 (0x00001f17) x30 0x800100b8
core   0: 0x8000f0bc (0xf43f2423) sw      gp, -184(t5)
core   0: 3 0x8000f0bc (0xf43f2423) mem 0x80010000 0x00000001
core   0: 0x8000f0c0 (0x0000bfe5) c.j     pc - 8
core   0: 3 0x8000f0c0 (0xbfe5)
core   0: 0x8000f0b8 (0x00001f17) auipc   t5, 0x1
core   0: 3 0x8000f0b8 (0x00001f17) x30 0x800100b8
core   0: 0x8000f0bc (0xf43f2423) sw      gp, -184(t5)
core   0: 3 0x8000f0bc (0xf43f2423) mem 0x80010000 0x00000001
core   0: 0x8000f0c0 (0x0000bfe5) c.j     pc - 8
core   0: 3 0x8000f0c0 (0xbfe5)
core   0: 0x8000f0b8 (0x00001f17) auipc   t5, 0x1
core   0: 3 0x8000f0b8 (0x00001f17) x30 0x800100b8
core   0: 0x8000f0bc (0xf43f2423) sw      gp, -184(t5)
core   0: 3 0x8000f0bc (0xf43f2423) mem 0x80010000 0x00000001
core   0: 0x8000f0c0 (0x0000bfe5) c.j     pc - 8
core   0: 3 0x8000f0c0 (0xbfe5)
core   0: 0x8000f0b8 (0x00001f17) auipc   t5, 0x1
core   0: 3 0x8000f0b8 (0x00001f17) x30 0x800100b8
core   0: 0x8000f0bc (0xf43f2423) sw      gp, -184(t5)
core   0: 3 0x8000f0bc (0xf43f2423) mem 0x80010000 0x00000001
core   0: 0x8000f0c0 (0x0000bfe5) c.j     pc - 8
core   0: 3 0x8000f0c0 (0xbfe5)
core   0: 0x8000f0b8 (0x00001f17) auipc   t5, 0x1
core   0: 3 0x8000f0b8 (0x00001f17) x30 0x800100b8
core   0: 0x8000f0bc (0xf43f2423) sw      gp, -184(t5)
core   0: 3 0x8000f0bc (0xf43f2423) mem 0x80010000 0x00000001
core   0: 0x8000f0c0 (0x0000bfe5) c.j     pc - 8
core   0: 3 0x8000f0c0 (0xbfe5)
core   0: 0x8000f0b8 (0x00001f17) auipc   t5, 0x1
core   0: 3 0x8000f0b8 (0x00001f17) x30 0x800100b8
core   0: 0x8000f0bc (0xf43f2423) sw      gp, -184(t5)
core   0: 3 0x8000f0bc (0xf43f2423) mem 0x80010000 0x00000001
core   0: 0x8000f0c0 (0x0000bfe5) c.j     pc - 8
core   0: 3 0x8000f0c0 (0xbfe5)
core   0: 0x8000f0b8 (0x00001f17) auipc   t5, 0x1
core   0: 3 0x8000f0b8 (0x00001f17) x30 0x800100b8
core   0: 0x8000f0bc (0xf43f2423) sw      gp, -184(t5)
core   0: 3 0x8000f0bc (0xf43f2423) mem 0x80010000 0x00000001
core   0: 0x8000f0c0 (0x0000bfe5) c.j     pc - 8
core   0: 3 0x8000f0c0 (0xbfe5)
core   0: 0x8000f0b8 (0x00001f17) auipc   t5, 0x1
core   0: 3 0x8000f0b8 (0x00001f17) x30 0x800100b8
core   0: 0x8000f0bc (0xf43f2423) sw      gp, -184(t5)
core   0: 3 0x8000f0bc (0xf43f2423) mem 0x80010000 0x00000001
core   0: 0x8000f0c0 (0x0000bfe5) c.j     pc - 8
core   0: 3 0x8000f0c0 (0xbfe5)
core   0: 0x8000f0b8 (0x00001f17) auipc   t5, 0x1
core   0: 3 0x8000f0b8 (0x00001f17) x30 0x800100b8
core   0: 0x8000f0bc (0xf43f2423) sw      gp, -184(t5)
core   0: 3 0x8000f0bc (0xf43f2423) mem 0x80010000 0x00000001
core   0: 0x8000f0c0 (0x0000bfe5) c.j     pc - 8
core   0: 3 0x8000f0c0 (0xbfe5)
core   0: 0x8000f0b8 (0x00001f17) auipc   t5, 0x1
core   0: 3 0x8000f0b8 (0x00001f17) x30 0x800100b8
core   0: 0x8000f0bc (0xf43f2423) sw      gp, -184(t5)
core   0: 3 0x8000f0bc (0xf43f2423) mem 0x80010000 0x00000001
core   0: 0x8000f0c0 (0x0000bfe5) c.j     pc - 8
core   0: 3 0x8000f0c0 (0xbfe5)
core   0: 0x8000f0b8 (0x00001f17) auipc   t5, 0x1
core   0: 3 0x8000f0b8 (0x00001f17) x30 0x800100b8
core   0: 0x8000f0bc (0xf43f2423) sw      gp, -184(t5)
core   0: 3 0x8000f0bc (0xf43f2423) mem 0x80010000 0x00000001
core   0: 0x8000f0c0 (0x0000bfe5) c.j     pc - 8
core   0: 3 0x8000f0c0 (0xbfe5)
core   0: 0x8000f0b8 (0x00001f17) auipc   t5, 0x1
core   0: 3 0x8000f0b8 (0x00001f17) x30 0x800100b8
core   0: 0x8000f0bc (0xf43f2423) sw      gp, -184(t5)
core   0: 3 0x8000f0bc (0xf43f2423) mem 0x80010000 0x00000001
core   0: 0x8000f0c0 (0x0000bfe5) c.j     pc - 8
core   0: 3 0x8000f0c0 (0xbfe5)
core   0: 0x8000f0b8 (0x00001f17) auipc   t5, 0x1
core   0: 3 0x8000f0b8 (0x00001f17) x30 0x800100b8
core   0: 0x8000f0bc (0xf43f2423) sw      gp, -184(t5)
core   0: 3 0x8000f0bc (0xf43f2423) mem 0x80010000 0x00000001
core   0: 0x8000f0c0 (0x0000bfe5) c.j     pc - 8
core   0: 3 0x8000f0c0 (0xbfe5)
core   0: 0x8000f0b8 (0x00001f17) auipc   t5, 0x1
core   0: 3 0x8000f0b8 (0x00001f17) x30 0x800100b8
core   0: 0x8000f0bc (0xf43f2423) sw      gp, -184(t5)
core   0: 3 0x8000f0bc (0xf43f2423) mem 0x80010000 0x00000001
core   0: 0x8000f0c0 (0x0000bfe5) c.j     pc - 8
core   0: 3 0x8000f0c0 (0xbfe5)
core   0: 0x8000f0b8 (0x00001f17) auipc   t5, 0x1
core   0: 3 0x8000f0b8 (0x00001f17) x30 0x800100b8
core   0: 0x8000f0bc (0xf43f2423) sw      gp, -184(t5)
core   0: 3 0x8000f0bc (0xf43f2423) mem 0x80010000 0x00000001
core   0: 0x8000f0c0 (0x0000bfe5) c.j     pc - 8
core   0: 3 0x8000f0c0 (0xbfe5)
core   0: 0x8000f0b8 (0x00001f17) auipc   t5, 0x1
core   0: 3 0x8000f0b8 (0x00001f17) x30 0x800100b8
core   0: 0x8000f0bc (0xf43f2423) sw      gp, -184(t5)
core   0: 3 0x8000f0bc (0xf43f2423) mem 0x80010000 0x00000001
core   0: 0x8000f0c0 (0x0000bfe5) c.j     pc - 8
core   0: 3 0x8000f0c0 (0xbfe5)
core   0: 0x8000f0b8 (0x00001f17) auipc   t5, 0x1
core   0: 3 0x8000f0b8 (0x00001f17) x30 0x800100b8
core   0: 0x8000f0bc (0xf43f2423) sw      gp, -184(t5)
core   0: 3 0x8000f0bc (0xf43f2423) mem 0x80010000 0x00000001
core   0: 0x8000f0c0 (0x0000bfe5) c.j     pc - 8
core   0: 3 0x8000f0c0 (0xbfe5)
core   0: 0x8000f0b8 (0x00001f17) auipc   t5, 0x1
core   0: 3 0x8000f0b8 (0x00001f17) x30 0x800100b8
core   0: 0x8000f0bc (0xf43f2423) sw      gp, -184(t5)
core   0: 3 0x8000f0bc (0xf43f2423) mem 0x80010000 0x00000001
core   0: 0x8000f0c0 (0x0000bfe5) c.j     pc - 8
core   0: 3 0x8000f0c0 (0xbfe5)
core   0: 0x8000f0b8 (0x00001f17) auipc   t5, 0x1
core   0: 3 0x8000f0b8 (0x00001f17) x30 0x800100b8
core   0: 0x8000f0bc (0xf43f2423) sw      gp, -184(t5)
core   0: 3 0x8000f0bc (0xf43f2423) mem 0x80010000 0x00000001
core   0: 0x8000f0c0 (0x0000bfe5) c.j     pc - 8
core   0: 3 0x8000f0c0 (0xbfe5)
core   0: 0x8000f0b8 (0x00001f17) auipc   t5, 0x1
core   0: 3 0x8000f0b8 (0x00001f17) x30 0x800100b8
core   0: 0x8000f0bc (0xf43f2423) sw      gp, -184(t5)
core   0: 3 0x8000f0bc (0xf43f2423) mem 0x80010000 0x00000001
core   0: 0x8000f0c0 (0x0000bfe5) c.j     pc - 8
core   0: 3 0x8000f0c0 (0xbfe5)
core   0: 0x8000f0b8 (0x00001f17) auipc   t5, 0x1
core   0: 3 0x8000f0b8 (0x00001f17) x30 0x800100b8
core   0: 0x8000f0bc (0xf43f2423) sw      gp, -184(t5)
core   0: 3 0x8000f0bc (0xf43f2423) mem 0x80010000 0x00000001
core   0: 0x8000f0c0 (0x0000bfe5) c.j     pc - 8
core   0: 3 0x8000f0c0 (0xbfe5)
core   0: 0x8000f0b8 (0x00001f17) auipc   t5, 0x1
core   0: 3 0x8000f0b8 (0x00001f17) x30 0x800100b8
core   0: 0x8000f0bc (0xf43f2423) sw      gp, -184(t5)
core   0: 3 0x8000f0bc (0xf43f2423) mem 0x80010000 0x00000001
core   0: 0x8000f0c0 (0x0000bfe5) c.j     pc - 8
core   0: 3 0x8000f0c0 (0xbfe5)
core   0: 0x8000f0b8 (0x00001f17) auipc   t5, 0x1
core   0: 3 0x8000f0b8 (0x00001f17) x30 0x800100b8
core   0: 0x8000f0bc (0xf43f2423) sw      gp, -184(t5)
core   0: 3 0x8000f0bc (0xf43f2423) mem 0x80010000 0x00000001
core   0: 0x8000f0c0 (0x0000bfe5) c.j     pc - 8
core   0: 3 0x8000f0c0 (0xbfe5)
core   0: 0x8000f0b8 (0x00001f17) auipc   t5, 0x1
core   0: 3 0x8000f0b8 (0x00001f17) x30 0x800100b8
core   0: 0x8000f0bc (0xf43f2423) sw      gp, -184(t5)
core   0: 3 0x8000f0bc (0xf43f2423) mem 0x80010000 0x00000001
core   0: 0x8000f0c0 (0x0000bfe5) c.j     pc - 8
core   0: 3 0x8000f0c0 (0xbfe5)
core   0: 0x8000f0b8 (0x00001f17) auipc   t5, 0x1
core   0: 3 0x8000f0b8 (0x00001f17) x30 0x800100b8
core   0: 0x8000f0bc (0xf43f2423) sw      gp, -184(t5)
core   0: 3 0x8000f0bc (0xf43f2423) mem 0x80010000 0x00000001
core   0: 0x8000f0c0 (0x0000bfe5) c.j     pc - 8
core   0: 3 0x8000f0c0 (0xbfe5)
core   0: 0x8000f0b8 (0x00001f17) auipc   t5, 0x1
core   0: 3 0x8000f0b8 (0x00001f17) x30 0x800100b8
core   0: 0x8000f0bc (0xf43f2423) sw      gp, -184(t5)
core   0: 3 0x8000f0bc (0xf43f2423) mem 0x80010000 0x00000001
core   0: 0x8000f0c0 (0x0000bfe5) c.j     pc - 8
core   0: 3 0x8000f0c0 (0xbfe5)
core   0: 0x8000f0b8 (0x00001f17) auipc   t5, 0x1
core   0: 3 0x8000f0b8 (0x00001f17) x30 0x800100b8
core   0: 0x8000f0bc (0xf43f2423) sw      gp, -184(t5)
core   0: 3 0x8000f0bc (0xf43f2423) mem 0x80010000 0x00000001
core   0: 0x8000f0c0 (0x0000bfe5) c.j     pc - 8
core   0: 3 0x8000f0c0 (0xbfe5)
core   0: 0x8000f0b8 (0x00001f17) auipc   t5, 0x1
core   0: 3 0x8000f0b8 (0x00001f17) x30 0x800100b8
core   0: 0x8000f0bc (0xf43f2423) sw      gp, -184(t5)
core   0: 3 0x8000f0bc (0xf43f2423) mem 0x80010000 0x00000001
core   0: 0x8000f0c0 (0x0000bfe5) c.j     pc - 8
core   0: 3 0x8000f0c0 (0xbfe5)
core   0: 0x8000f0b8 (0x00001f17) auipc   t5, 0x1
core   0: 3 0x8000f0b8 (0x00001f17) x30 0x800100b8
core   0: 0x8000f0bc (0xf43f2423) sw      gp, -184(t5)
core   0: 3 0x8000f0bc (0xf43f2423) mem 0x80010000 0x00000001
core   0: 0x8000f0c0 (0x0000bfe5) c.j     pc - 8
core   0: 3 0x8000f0c0 (0xbfe5)
core   0: 0x8000f0b8 (0x00001f17) auipc   t5, 0x1
core   0: 3 0x8000f0b8 (0x00001f17) x30 0x800100b8
core   0: 0x8000f0bc (0xf43f2423) sw      gp, -184(t5)
core   0: 3 0x8000f0bc (0xf43f2423) mem 0x80010000 0x00000001
core   0: 0x8000f0c0 (0x0000bfe5) c.j     pc - 8
core   0: 3 0x8000f0c0 (0xbfe5)
core   0: 0x8000f0b8 (0x00001f17) auipc   t5, 0x1
core   0: 3 0x8000f0b8 (0x00001f17) x30 0x800100b8
core   0: 0x8000f0bc (0xf43f2423) sw      gp, -184(t5)
core   0: 3 0x8000f0bc (0xf43f2423) mem 0x80010000 0x00000001
core   0: 0x8000f0c0 (0x0000bfe5) c.j     pc - 8
core   0: 3 0x8000f0c0 (0xbfe5)
core   0: 0x8000f0b8 (0x00001f17) auipc   t5, 0x1
core   0: 3 0x8000f0b8 (0x00001f17) x30 0x800100b8
core   0: 0x8000f0bc (0xf43f2423) sw      gp, -184(t5)
core   0: 3 0x8000f0bc (0xf43f2423) mem 0x80010000 0x00000001
core   0: 0x8000f0c0 (0x0000bfe5) c.j     pc - 8
core   0: 3 0x8000f0c0 (0xbfe5)
core   0: 0x8000f0b8 (0x00001f17) auipc   t5, 0x1
core   0: 3 0x8000f0b8 (0x00001f17) x30 0x800100b8
core   0: 0x8000f0bc (0xf43f2423) sw      gp, -184(t5)
core   0: 3 0x8000f0bc (0xf43f2423) mem 0x80010000 0x00000001
core   0: 0x8000f0c0 (0x0000bfe5) c.j     pc - 8
core   0: 3 0x8000f0c0 (0xbfe5)
core   0: 0x8000f0b8 (0x00001f17) auipc   t5, 0x1
core   0: 3 0x8000f0b8 (0x00001f17) x30 0x800100b8
core   0: 0x8000f0bc (0xf43f2423) sw      gp, -184(t5)
core   0: 3 0x8000f0bc (0xf43f2423) mem 0x80010000 0x00000001
core   0: 0x8000f0c0 (0x0000bfe5) c.j     pc - 8
core   0: 3 0x8000f0c0 (0xbfe5)
core   0: 0x8000f0b8 (0x00001f17) auipc   t5, 0x1
core   0: 3 0x8000f0b8 (0x00001f17) x30 0x800100b8
core   0: 0x8000f0bc (0xf43f2423) sw      gp, -184(t5)
core   0: 3 0x8000f0bc (0xf43f2423) mem 0x80010000 0x00000001
core   0: 0x8000f0c0 (0x0000bfe5) c.j     pc - 8
core   0: 3 0x8000f0c0 (0xbfe5)
core   0: 0x8000f0b8 (0x00001f17) auipc   t5, 0x1
core   0: 3 0x8000f0b8 (0x00001f17) x30 0x800100b8
core   0: 0x8000f0bc (0xf43f2423) sw      gp, -184(t5)
core   0: 3 0x8000f0bc (0xf43f2423) mem 0x80010000 0x00000001
core   0: 0x8000f0c0 (0x0000bfe5) c.j     pc - 8
core   0: 3 0x8000f0c0 (0xbfe5)
core   0: 0x8000f0b8 (0x00001f17) auipc   t5, 0x1
core   0: 3 0x8000f0b8 (0x00001f17) x30 0x800100b8
core   0: 0x8000f0bc (0xf43f2423) sw      gp, -184(t5)
core   0: 3 0x8000f0bc (0xf43f2423) mem 0x80010000 0x00000001
core   0: 0x8000f0c0 (0x0000bfe5) c.j     pc - 8
core   0: 3 0x8000f0c0 (0xbfe5)
core   0: 0x8000f0b8 (0x00001f17) auipc   t5, 0x1
core   0: 3 0x8000f0b8 (0x00001f17) x30 0x800100b8
core   0: 0x8000f0bc (0xf43f2423) sw      gp, -184(t5)
core   0: 3 0x8000f0bc (0xf43f2423) mem 0x80010000 0x00000001
core   0: 0x8000f0c0 (0x0000bfe5) c.j     pc - 8
core   0: 3 0x8000f0c0 (0xbfe5)
core   0: 0x8000f0b8 (0x00001f17) auipc   t5, 0x1
core   0: 3 0x8000f0b8 (0x00001f17) x30 0x800100b8
core   0: 0x8000f0bc (0xf43f2423) sw      gp, -184(t5)
core   0: 3 0x8000f0bc (0xf43f2423) mem 0x80010000 0x00000001
core   0: 0x8000f0c0 (0x0000bfe5) c.j     pc - 8
core   0: 3 0x8000f0c0 (0xbfe5)
core   0: 0x8000f0b8 (0x00001f17) auipc   t5, 0x1
core   0: 3 0x8000f0b8 (0x00001f17) x30 0x800100b8
core   0: 0x8000f0bc (0xf43f2423) sw      gp, -184(t5)
core   0: 3 0x8000f0bc (0xf43f2423) mem 0x80010000 0x00000001
core   0: 0x8000f0c0 (0x0000bfe5) c.j     pc - 8
core   0: 3 0x8000f0c0 (0xbfe5)
core   0: 0x8000f0b8 (0x00001f17) auipc   t5, 0x1
core   0: 3 0x8000f0b8 (0x00001f17) x30 0x800100b8
core   0: 0x8000f0bc (0xf43f2423) sw      gp, -184(t5)
core   0: 3 0x8000f0bc (0xf43f2423) mem 0x80010000 0x00000001
core   0: 0x8000f0c0 (0x0000bfe5) c.j     pc - 8
core   0: 3 0x8000f0c0 (0xbfe5)
core   0: 0x8000f0b8 (0x00001f17) auipc   t5, 0x1
core   0: 3 0x8000f0b8 (0x00001f17) x30 0x800100b8
core   0: 0x8000f0bc (0xf43f2423) sw      gp, -184(t5)
core   0: 3 0x8000f0bc (0xf43f2423) mem 0x80010000 0x00000001
core   0: 0x8000f0c0 (0x0000bfe5) c.j     pc - 8
core   0: 3 0x8000f0c0 (0xbfe5)
core   0: 0x8000f0b8 (0x00001f17) auipc   t5, 0x1
core   0: 3 0x8000f0b8 (0x00001f17) x30 0x800100b8
core   0: 0x8000f0bc (0xf43f2423) sw      gp, -184(t5)
core   0: 3 0x8000f0bc (0xf43f2423) mem 0x80010000 0x00000001
core   0: 0x8000f0c0 (0x0000bfe5) c.j     pc - 8
core   0: 3 0x8000f0c0 (0xbfe5)
core   0: 0x8000f0b8 (0x00001f17) auipc   t5, 0x1
core   0: 3 0x8000f0b8 (0x00001f17) x30 0x800100b8
core   0: 0x8000f0bc (0xf43f2423) sw      gp, -184(t5)
core   0: 3 0x8000f0bc (0xf43f2423) mem 0x80010000 0x00000001
core   0: 0x8000f0c0 (0x0000bfe5) c.j     pc - 8
core   0: 3 0x8000f0c0 (0xbfe5)
core   0: 0x8000f0b8 (0x00001f17) auipc   t5, 0x1
core   0: 3 0x8000f0b8 (0x00001f17) x30 0x800100b8
core   0: 0x8000f0bc (0xf43f2423) sw      gp, -184(t5)
core   0: 3 0x8000f0bc (0xf43f2423) mem 0x80010000 0x00000001
core   0: 0x8000f0c0 (0x0000bfe5) c.j     pc - 8
core   0: 3 0x8000f0c0 (0xbfe5)
core   0: 0x8000f0b8 (0x00001f17) auipc   t5, 0x1
core   0: 3 0x8000f0b8 (0x00001f17) x30 0x800100b8
core   0: 0x8000f0bc (0xf43f2423) sw      gp, -184(t5)
core   0: 3 0x8000f0bc (0xf43f2423) mem 0x80010000 0x00000001
core   0: 0x8000f0c0 (0x0000bfe5) c.j     pc - 8
core   0: 3 0x8000f0c0 (0xbfe5)
core   0: 0x8000f0b8 (0x00001f17) auipc   t5, 0x1
core   0: 3 0x8000f0b8 (0x00001f17) x30 0x800100b8
core   0: 0x8000f0bc (0xf43f2423) sw      gp, -184(t5)
core   0: 3 0x8000f0bc (0xf43f2423) mem 0x80010000 0x00000001
core   0: 0x8000f0c0 (0x0000bfe5) c.j     pc - 8
core   0: 3 0x8000f0c0 (0xbfe5)
core   0: 0x8000f0b8 (0x00001f17) auipc   t5, 0x1
core   0: 3 0x8000f0b8 (0x00001f17) x30 0x800100b8
core   0: 0x8000f0bc (0xf43f2423) sw      gp, -184(t5)
core   0: 3 0x8000f0bc (0xf43f2423) mem 0x80010000 0x00000001
core   0: 0x8000f0c0 (0x0000bfe5) c.j     pc - 8
core   0: 3 0x8000f0c0 (0xbfe5)
core   0: 0x8000f0b8 (0x00001f17) auipc   t5, 0x1
core   0: 3 0x8000f0b8 (0x00001f17) x30 0x800100b8
core   0: 0x8000f0bc (0xf43f2423) sw      gp, -184(t5)
core   0: 3 0x8000f0bc (0xf43f2423) mem 0x80010000 0x00000001
core   0: 0x8000f0c0 (0x0000bfe5) c.j     pc - 8
core   0: 3 0x8000f0c0 (0xbfe5)
core   0: 0x8000f0b8 (0x00001f17) auipc   t5, 0x1
core   0: 3 0x8000f0b8 (0x00001f17) x30 0x800100b8
core   0: 0x8000f0bc (0xf43f2423) sw      gp, -184(t5)
core   0: 3 0x8000f0bc (0xf43f2423) mem 0x80010000 0x00000001
core   0: 0x8000f0c0 (0x0000bfe5) c.j     pc - 8
core   0: 3 0x8000f0c0 (0xbfe5)
core   0: 0x8000f0b8 (0x00001f17) auipc   t5, 0x1
core   0: 3 0x8000f0b8 (0x00001f17) x30 0x800100b8
core   0: 0x8000f0bc (0xf43f2423) sw      gp, -184(t5)
core   0: 3 0x8000f0bc (0xf43f2423) mem 0x80010000 0x00000001
core   0: 0x8000f0c0 (0x0000bfe5) c.j     pc - 8
core   0: 3 0x8000f0c0 (0xbfe5)
core   0: 0x8000f0b8 (0x00001f17) auipc   t5, 0x1
core   0: 3 0x8000f0b8 (0x00001f17) x30 0x800100b8
core   0: 0x8000f0bc (0xf43f2423) sw      gp, -184(t5)
core   0: 3 0x8000f0bc (0xf43f2423) mem 0x80010000 0x00000001
core   0: 0x8000f0c0 (0x0000bfe5) c.j     pc - 8
core   0: 3 0x8000f0c0 (0xbfe5)
core   0: 0x8000f0b8 (0x00001f17) auipc   t5, 0x1
core   0: 3 0x8000f0b8 (0x00001f17) x30 0x800100b8
core   0: 0x8000f0bc (0xf43f2423) sw      gp, -184(t5)
core   0: 3 0x8000f0bc (0xf43f2423) mem 0x80010000 0x00000001
core   0: 0x8000f0c0 (0x0000bfe5) c.j     pc - 8
core   0: 3 0x8000f0c0 (0xbfe5)
core   0: 0x8000f0b8 (0x00001f17) auipc   t5, 0x1
core   0: 3 0x8000f0b8 (0x00001f17) x30 0x800100b8
core   0: 0x8000f0bc (0xf43f2423) sw      gp, -184(t5)
core   0: 3 0x8000f0bc (0xf43f2423) mem 0x80010000 0x00000001
core   0: 0x8000f0c0 (0x0000bfe5) c.j     pc - 8
core   0: 3 0x8000f0c0 (0xbfe5)
core   0: 0x8000f0b8 (0x00001f17) auipc   t5, 0x1
core   0: 3 0x8000f0b8 (0x00001f17) x30 0x800100b8
core   0: 0x8000f0bc (0xf43f2423) sw      gp, -184(t5)
core   0: 3 0x8000f0bc (0xf43f2423) mem 0x80010000 0x00000001
core   0: 0x8000f0c0 (0x0000bfe5) c.j     pc - 8
core   0: 3 0x8000f0c0 (0xbfe5)
core   0: 0x8000f0b8 (0x00001f17) auipc   t5, 0x1
core   0: 3 0x8000f0b8 (0x00001f17) x30 0x800100b8
core   0: 0x8000f0bc (0xf43f2423) sw      gp, -184(t5)
core   0: 3 0x8000f0bc (0xf43f2423) mem 0x80010000 0x00000001
core   0: 0x8000f0c0 (0x0000bfe5) c.j     pc - 8
core   0: 3 0x8000f0c0 (0xbfe5)
core   0: 0x8000f0b8 (0x00001f17) auipc   t5, 0x1
core   0: 3 0x8000f0b8 (0x00001f17) x30 0x800100b8
core   0: 0x8000f0bc (0xf43f2423) sw      gp, -184(t5)
core   0: 3 0x8000f0bc (0xf43f2423) mem 0x80010000 0x00000001
core   0: 0x8000f0c0 (0x0000bfe5) c.j     pc - 8
core   0: 3 0x8000f0c0 (0xbfe5)
core   0: 0x8000f0b8 (0x00001f17) auipc   t5, 0x1
core   0: 3 0x8000f0b8 (0x00001f17) x30 0x800100b8
core   0: 0x8000f0bc (0xf43f2423) sw      gp, -184(t5)
core   0: 3 0x8000f0bc (0xf43f2423) mem 0x80010000 0x00000001
core   0: 0x8000f0c0 (0x0000bfe5) c.j     pc - 8
core   0: 3 0x8000f0c0 (0xbfe5)
core   0: 0x8000f0b8 (0x00001f17) auipc   t5, 0x1
core   0: 3 0x8000f0b8 (0x00001f17) x30 0x800100b8
core   0: 0x8000f0bc (0xf43f2423) sw      gp, -184(t5)
core   0: 3 0x8000f0bc (0xf43f2423) mem 0x80010000 0x00000001
core   0: 0x8000f0c0 (0x0000bfe5) c.j     pc - 8
core   0: 3 0x8000f0c0 (0xbfe5)
core   0: 0x8000f0b8 (0x00001f17) auipc   t5, 0x1
core   0: 3 0x8000f0b8 (0x00001f17) x30 0x800100b8
core   0: 0x8000f0bc (0xf43f2423) sw      gp, -184(t5)
core   0: 3 0x8000f0bc (0xf43f2423) mem 0x80010000 0x00000001
core   0: 0x8000f0c0 (0x0000bfe5) c.j     pc - 8
core   0: 3 0x8000f0c0 (0xbfe5)
core   0: 0x8000f0b8 (0x00001f17) auipc   t5, 0x1
core   0: 3 0x8000f0b8 (0x00001f17) x30 0x800100b8
core   0: 0x8000f0bc (0xf43f2423) sw      gp, -184(t5)
core   0: 3 0x8000f0bc (0xf43f2423) mem 0x80010000 0x00000001
core   0: 0x8000f0c0 (0x0000bfe5) c.j     pc - 8
core   0: 3 0x8000f0c0 (0xbfe5)
core   0: 0x8000f0b8 (0x00001f17) auipc   t5, 0x1
core   0: 3 0x8000f0b8 (0x00001f17) x30 0x800100b8
core   0: 0x8000f0bc (0xf43f2423) sw      gp, -184(t5)
core   0: 3 0x8000f0bc (0xf43f2423) mem 0x80010000 0x00000001
core   0: 0x8000f0c0 (0x0000bfe5) c.j     pc - 8
core   0: 3 0x8000f0c0 (0xbfe5)
core   0: 0x8000f0b8 (0x00001f17) auipc   t5, 0x1
core   0: 3 0x8000f0b8 (0x00001f17) x30 0x800100b8
core   0: 0x8000f0bc (0xf43f2423) sw      gp, -184(t5)
core   0: 3 0x8000f0bc (0xf43f2423) mem 0x80010000 0x00000001
core   0: 0x8000f0c0 (0x0000bfe5) c.j     pc - 8
core   0: 3 0x8000f0c0 (0xbfe5)
core   0: 0x8000f0b8 (0x00001f17) auipc   t5, 0x1
core   0: 3 0x8000f0b8 (0x00001f17) x30 0x800100b8
core   0: 0x8000f0bc (0xf43f2423) sw      gp, -184(t5)
core   0: 3 0x8000f0bc (0xf43f2423) mem 0x80010000 0x00000001
core   0: 0x8000f0c0 (0x0000bfe5) c.j     pc - 8
core   0: 3 0x8000f0c0 (0xbfe5)
core   0: 0x8000f0b8 (0x00001f17) auipc   t5, 0x1
core   0: 3 0x8000f0b8 (0x00001f17) x30 0x800100b8
core   0: 0x8000f0bc (0xf43f2423) sw      gp, -184(t5)
core   0: 3 0x8000f0bc (0xf43f2423) mem 0x80010000 0x00000001
core   0: 0x8000f0c0 (0x0000bfe5) c.j     pc - 8
core   0: 3 0x8000f0c0 (0xbfe5)
core   0: 0x8000f0b8 (0x00001f17) auipc   t5, 0x1
core   0: 3 0x8000f0b8 (0x00001f17) x30 0x800100b8
core   0: 0x8000f0bc (0xf43f2423) sw      gp, -184(t5)
core   0: 3 0x8000f0bc (0xf43f2423) mem 0x80010000 0x00000001
core   0: 0x8000f0c0 (0x0000bfe5) c.j     pc - 8
core   0: 3 0x8000f0c0 (0xbfe5)
core   0: 0x8000f0b8 (0x00001f17) auipc   t5, 0x1
core   0: 3 0x8000f0b8 (0x00001f17) x30 0x800100b8
core   0: 0x8000f0bc (0xf43f2423) sw      gp, -184(t5)
core   0: 3 0x8000f0bc (0xf43f2423) mem 0x80010000 0x00000001
core   0: 0x8000f0c0 (0x0000bfe5) c.j     pc - 8
core   0: 3 0x8000f0c0 (0xbfe5)
core   0: 0x8000f0b8 (0x00001f17) auipc   t5, 0x1
core   0: 3 0x8000f0b8 (0x00001f17) x30 0x800100b8
core   0: 0x8000f0bc (0xf43f2423) sw      gp, -184(t5)
core   0: 3 0x8000f0bc (0xf43f2423) mem 0x80010000 0x00000001
core   0: 0x8000f0c0 (0x0000bfe5) c.j     pc - 8
core   0: 3 0x8000f0c0 (0xbfe5)
core   0: 0x8000f0b8 (0x00001f17) auipc   t5, 0x1
core   0: 3 0x8000f0b8 (0x00001f17) x30 0x800100b8
core   0: 0x8000f0bc (0xf43f2423) sw      gp, -184(t5)
core   0: 3 0x8000f0bc (0xf43f2423) mem 0x80010000 0x00000001
core   0: 0x8000f0c0 (0x0000bfe5) c.j     pc - 8
core   0: 3 0x8000f0c0 (0xbfe5)
core   0: 0x8000f0b8 (0x00001f17) auipc   t5, 0x1
core   0: 3 0x8000f0b8 (0x00001f17) x30 0x800100b8
core   0: 0x8000f0bc (0xf43f2423) sw      gp, -184(t5)
core   0: 3 0x8000f0bc (0xf43f2423) mem 0x80010000 0x00000001
core   0: 0x8000f0c0 (0x0000bfe5) c.j     pc - 8
core   0: 3 0x8000f0c0 (0xbfe5)
core   0: 0x8000f0b8 (0x00001f17) auipc   t5, 0x1
core   0: 3 0x8000f0b8 (0x00001f17) x30 0x800100b8
core   0: 0x8000f0bc (0xf43f2423) sw      gp, -184(t5)
core   0: 3 0x8000f0bc (0xf43f2423) mem 0x80010000 0x00000001
core   0: 0x8000f0c0 (0x0000bfe5) c.j     pc - 8
core   0: 3 0x8000f0c0 (0xbfe5)
core   0: 0x8000f0b8 (0x00001f17) auipc   t5, 0x1
core   0: 3 0x8000f0b8 (0x00001f17) x30 0x800100b8
core   0: 0x8000f0bc (0xf43f2423) sw      gp, -184(t5)
core   0: 3 0x8000f0bc (0xf43f2423) mem 0x80010000 0x00000001
core   0: 0x8000f0c0 (0x0000bfe5) c.j     pc - 8
core   0: 3 0x8000f0c0 (0xbfe5)
core   0: 0x8000f0b8 (0x00001f17) auipc   t5, 0x1
core   0: 3 0x8000f0b8 (0x00001f17) x30 0x800100b8
core   0: 0x8000f0bc (0xf43f2423) sw      gp, -184(t5)
core   0: 3 0x8000f0bc (0xf43f2423) mem 0x80010000 0x00000001
core   0: 0x8000f0c0 (0x0000bfe5) c.j     pc - 8
core   0: 3 0x8000f0c0 (0xbfe5)
core   0: 0x8000f0b8 (0x00001f17) auipc   t5, 0x1
core   0: 3 0x8000f0b8 (0x00001f17) x30 0x800100b8
core   0: 0x8000f0bc (0xf43f2423) sw      gp, -184(t5)
core   0: 3 0x8000f0bc (0xf43f2423) mem 0x80010000 0x00000001
core   0: 0x8000f0c0 (0x0000bfe5) c.j     pc - 8
core   0: 3 0x8000f0c0 (0xbfe5)
core   0: 0x8000f0b8 (0x00001f17) auipc   t5, 0x1
core   0: 3 0x8000f0b8 (0x00001f17) x30 0x800100b8
core   0: 0x8000f0bc (0xf43f2423) sw      gp, -184(t5)
core   0: 3 0x8000f0bc (0xf43f2423) mem 0x80010000 0x00000001
core   0: 0x8000f0c0 (0x0000bfe5) c.j     pc - 8
core   0: 3 0x8000f0c0 (0xbfe5)
core   0: 0x8000f0b8 (0x00001f17) auipc   t5, 0x1
core   0: 3 0x8000f0b8 (0x00001f17) x30 0x800100b8
core   0: 0x8000f0bc (0xf43f2423) sw      gp, -184(t5)
core   0: 3 0x8000f0bc (0xf43f2423) mem 0x80010000 0x00000001
core   0: 0x8000f0c0 (0x0000bfe5) c.j     pc - 8
core   0: 3 0x8000f0c0 (0xbfe5)
core   0: 0x8000f0b8 (0x00001f17) auipc   t5, 0x1
core   0: 3 0x8000f0b8 (0x00001f17) x30 0x800100b8
core   0: 0x8000f0bc (0xf43f2423) sw      gp, -184(t5)
core   0: 3 0x8000f0bc (0xf43f2423) mem 0x80010000 0x00000001
core   0: 0x8000f0c0 (0x0000bfe5) c.j     pc - 8
core   0: 3 0x8000f0c0 (0xbfe5)
core   0: 0x8000f0b8 (0x00001f17) auipc   t5, 0x1
core   0: 3 0x8000f0b8 (0x00001f17) x30 0x800100b8
core   0: 0x8000f0bc (0xf43f2423) sw      gp, -184(t5)
core   0: 3 0x8000f0bc (0xf43f2423) mem 0x80010000 0x00000001
core   0: 0x8000f0c0 (0x0000bfe5) c.j     pc - 8
core   0: 3 0x8000f0c0 (0xbfe5)
core   0: 0x8000f0b8 (0x00001f17) auipc   t5, 0x1
core   0: 3 0x8000f0b8 (0x00001f17) x30 0x800100b8
core   0: 0x8000f0bc (0xf43f2423) sw      gp, -184(t5)
core   0: 3 0x8000f0bc (0xf43f2423) mem 0x80010000 0x00000001
core   0: 0x8000f0c0 (0x0000bfe5) c.j     pc - 8
core   0: 3 0x8000f0c0 (0xbfe5)
core   0: 0x8000f0b8 (0x00001f17) auipc   t5, 0x1
core   0: 3 0x8000f0b8 (0x00001f17) x30 0x800100b8
core   0: 0x8000f0bc (0xf43f2423) sw      gp, -184(t5)
core   0: 3 0x8000f0bc (0xf43f2423) mem 0x80010000 0x00000001
core   0: 0x8000f0c0 (0x0000bfe5) c.j     pc - 8
core   0: 3 0x8000f0c0 (0xbfe5)
core   0: 0x8000f0b8 (0x00001f17) auipc   t5, 0x1
core   0: 3 0x8000f0b8 (0x00001f17) x30 0x800100b8
core   0: 0x8000f0bc (0xf43f2423) sw      gp, -184(t5)
core   0: 3 0x8000f0bc (0xf43f2423) mem 0x80010000 0x00000001
core   0: 0x8000f0c0 (0x0000bfe5) c.j     pc - 8
core   0: 3 0x8000f0c0 (0xbfe5)
core   0: 0x8000f0b8 (0x00001f17) auipc   t5, 0x1
core   0: 3 0x8000f0b8 (0x00001f17) x30 0x800100b8
core   0: 0x8000f0bc (0xf43f2423) sw      gp, -184(t5)
core   0: 3 0x8000f0bc (0xf43f2423) mem 0x80010000 0x00000001
core   0: 0x8000f0c0 (0x0000bfe5) c.j     pc - 8
core   0: 3 0x8000f0c0 (0xbfe5)
core   0: 0x8000f0b8 (0x00001f17) auipc   t5, 0x1
core   0: 3 0x8000f0b8 (0x00001f17) x30 0x800100b8
core   0: 0x8000f0bc (0xf43f2423) sw      gp, -184(t5)
core   0: 3 0x8000f0bc (0xf43f2423) mem 0x80010000 0x00000001
core   0: 0x8000f0c0 (0x0000bfe5) c.j     pc - 8
core   0: 3 0x8000f0c0 (0xbfe5)
core   0: 0x8000f0b8 (0x00001f17) auipc   t5, 0x1
core   0: 3 0x8000f0b8 (0x00001f17) x30 0x800100b8
core   0: 0x8000f0bc (0xf43f2423) sw      gp, -184(t5)
core   0: 3 0x8000f0bc (0xf43f2423) mem 0x80010000 0x00000001
core   0: 0x8000f0c0 (0x0000bfe5) c.j     pc - 8
core   0: 3 0x8000f0c0 (0xbfe5)
core   0: 0x8000f0b8 (0x00001f17) auipc   t5, 0x1
core   0: 3 0x8000f0b8 (0x00001f17) x30 0x800100b8
core   0: 0x8000f0bc (0xf43f2423) sw      gp, -184(t5)
core   0: 3 0x8000f0bc (0xf43f2423) mem 0x80010000 0x00000001
core   0: 0x8000f0c0 (0x0000bfe5) c.j     pc - 8
core   0: 3 0x8000f0c0 (0xbfe5)
core   0: 0x8000f0b8 (0x00001f17) auipc   t5, 0x1
core   0: 3 0x8000f0b8 (0x00001f17) x30 0x800100b8
core   0: 0x8000f0bc (0xf43f2423) sw      gp, -184(t5)
core   0: 3 0x8000f0bc (0xf43f2423) mem 0x80010000 0x00000001
core   0: 0x8000f0c0 (0x0000bfe5) c.j     pc - 8
core   0: 3 0x8000f0c0 (0xbfe5)
core   0: 0x8000f0b8 (0x00001f17) auipc   t5, 0x1
core   0: 3 0x8000f0b8 (0x00001f17) x30 0x800100b8
core   0: 0x8000f0bc (0xf43f2423) sw      gp, -184(t5)
core   0: 3 0x8000f0bc (0xf43f2423) mem 0x80010000 0x00000001
core   0: 0x8000f0c0 (0x0000bfe5) c.j     pc - 8
core   0: 3 0x8000f0c0 (0xbfe5)
core   0: 0x8000f0b8 (0x00001f17) auipc   t5, 0x1
core   0: 3 0x8000f0b8 (0x00001f17) x30 0x800100b8
core   0: 0x8000f0bc (0xf43f2423) sw      gp, -184(t5)
core   0: 3 0x8000f0bc (0xf43f2423) mem 0x80010000 0x00000001
core   0: 0x8000f0c0 (0x0000bfe5) c.j     pc - 8
core   0: 3 0x8000f0c0 (0xbfe5)
core   0: 0x8000f0b8 (0x00001f17) auipc   t5, 0x1
core   0: 3 0x8000f0b8 (0x00001f17) x30 0x800100b8
core   0: 0x8000f0bc (0xf43f2423) sw      gp, -184(t5)
core   0: 3 0x8000f0bc (0xf43f2423) mem 0x80010000 0x00000001
core   0: 0x8000f0c0 (0x0000bfe5) c.j     pc - 8
core   0: 3 0x8000f0c0 (0xbfe5)
core   0: 0x8000f0b8 (0x00001f17) auipc   t5, 0x1
core   0: 3 0x8000f0b8 (0x00001f17) x30 0x800100b8
core   0: 0x8000f0bc (0xf43f2423) sw      gp, -184(t5)
core   0: 3 0x8000f0bc (0xf43f2423) mem 0x80010000 0x00000001
core   0: 0x8000f0c0 (0x0000bfe5) c.j     pc - 8
core   0: 3 0x8000f0c0 (0xbfe5)
core   0: 0x8000f0b8 (0x00001f17) auipc   t5, 0x1
core   0: 3 0x8000f0b8 (0x00001f17) x30 0x800100b8
core   0: 0x8000f0bc (0xf43f2423) sw      gp, -184(t5)
core   0: 3 0x8000f0bc (0xf43f2423) mem 0x80010000 0x00000001
core   0: 0x8000f0c0 (0x0000bfe5) c.j     pc - 8
core   0: 3 0x8000f0c0 (0xbfe5)
core   0: 0x8000f0b8 (0x00001f17) auipc   t5, 0x1
core   0: 3 0x8000f0b8 (0x00001f17) x30 0x800100b8
core   0: 0x8000f0bc (0xf43f2423) sw      gp, -184(t5)
core   0: 3 0x8000f0bc (0xf43f2423) mem 0x80010000 0x00000001
core   0: 0x8000f0c0 (0x0000bfe5) c.j     pc - 8
core   0: 3 0x8000f0c0 (0xbfe5)
core   0: 0x8000f0b8 (0x00001f17) auipc   t5, 0x1
core   0: 3 0x8000f0b8 (0x00001f17) x30 0x800100b8
core   0: 0x8000f0bc (0xf43f2423) sw      gp, -184(t5)
core   0: 3 0x8000f0bc (0xf43f2423) mem 0x80010000 0x00000001
core   0: 0x8000f0c0 (0x0000bfe5) c.j     pc - 8
core   0: 3 0x8000f0c0 (0xbfe5)
core   0: 0x8000f0b8 (0x00001f17) auipc   t5, 0x1
core   0: 3 0x8000f0b8 (0x00001f17) x30 0x800100b8
core   0: 0x8000f0bc (0xf43f2423) sw      gp, -184(t5)
core   0: 3 0x8000f0bc (0xf43f2423) mem 0x80010000 0x00000001
core   0: 0x8000f0c0 (0x0000bfe5) c.j     pc - 8
core   0: 3 0x8000f0c0 (0xbfe5)
core   0: 0x8000f0b8 (0x00001f17) auipc   t5, 0x1
core   0: 3 0x8000f0b8 (0x00001f17) x30 0x800100b8
core   0: 0x8000f0bc (0xf43f2423) sw      gp, -184(t5)
core   0: 3 0x8000f0bc (0xf43f2423) mem 0x80010000 0x00000001
core   0: 0x8000f0c0 (0x0000bfe5) c.j     pc - 8
core   0: 3 0x8000f0c0 (0xbfe5)
core   0: 0x8000f0b8 (0x00001f17) auipc   t5, 0x1
core   0: 3 0x8000f0b8 (0x00001f17) x30 0x800100b8
core   0: 0x8000f0bc (0xf43f2423) sw      gp, -184(t5)
core   0: 3 0x8000f0bc (0xf43f2423) mem 0x80010000 0x00000001
core   0: 0x8000f0c0 (0x0000bfe5) c.j     pc - 8
core   0: 3 0x8000f0c0 (0xbfe5)
core   0: 0x8000f0b8 (0x00001f17) auipc   t5, 0x1
core   0: 3 0x8000f0b8 (0x00001f17) x30 0x800100b8
core   0: 0x8000f0bc (0xf43f2423) sw      gp, -184(t5)
core   0: 3 0x8000f0bc (0xf43f2423) mem 0x80010000 0x00000001
core   0: 0x8000f0c0 (0x0000bfe5) c.j     pc - 8
core   0: 3 0x8000f0c0 (0xbfe5)
core   0: 0x8000f0b8 (0x00001f17) auipc   t5, 0x1
core   0: 3 0x8000f0b8 (0x00001f17) x30 0x800100b8
core   0: 0x8000f0bc (0xf43f2423) sw      gp, -184(t5)
core   0: 3 0x8000f0bc (0xf43f2423) mem 0x80010000 0x00000001
core   0: 0x8000f0c0 (0x0000bfe5) c.j     pc - 8
core   0: 3 0x8000f0c0 (0xbfe5)
core   0: 0x8000f0b8 (0x00001f17) auipc   t5, 0x1
core   0: 3 0x8000f0b8 (0x00001f17) x30 0x800100b8
core   0: 0x8000f0bc (0xf43f2423) sw      gp, -184(t5)
core   0: 3 0x8000f0bc (0xf43f2423) mem 0x80010000 0x00000001
core   0: 0x8000f0c0 (0x0000bfe5) c.j     pc - 8
core   0: 3 0x8000f0c0 (0xbfe5)
core   0: 0x8000f0b8 (0x00001f17) auipc   t5, 0x1
core   0: 3 0x8000f0b8 (0x00001f17) x30 0x800100b8
core   0: 0x8000f0bc (0xf43f2423) sw      gp, -184(t5)
core   0: 3 0x8000f0bc (0xf43f2423) mem 0x80010000 0x00000001
core   0: 0x8000f0c0 (0x0000bfe5) c.j     pc - 8
core   0: 3 0x8000f0c0 (0xbfe5)
core   0: 0x8000f0b8 (0x00001f17) auipc   t5, 0x1
core   0: 3 0x8000f0b8 (0x00001f17) x30 0x800100b8
core   0: 0x8000f0bc (0xf43f2423) sw      gp, -184(t5)
core   0: 3 0x8000f0bc (0xf43f2423) mem 0x80010000 0x00000001
core   0: 0x8000f0c0 (0x0000bfe5) c.j     pc - 8
core   0: 3 0x8000f0c0 (0xbfe5)
core   0: 0x8000f0b8 (0x00001f17) auipc   t5, 0x1
core   0: 3 0x8000f0b8 (0x00001f17) x30 0x800100b8
core   0: 0x8000f0bc (0xf43f2423) sw      gp, -184(t5)
core   0: 3 0x8000f0bc (0xf43f2423) mem 0x80010000 0x00000001
core   0: 0x8000f0c0 (0x0000bfe5) c.j     pc - 8
core   0: 3 0x8000f0c0 (0xbfe5)
core   0: 0x8000f0b8 (0x00001f17) auipc   t5, 0x1
core   0: 3 0x8000f0b8 (0x00001f17) x30 0x800100b8
core   0: 0x8000f0bc (0xf43f2423) sw      gp, -184(t5)
core   0: 3 0x8000f0bc (0xf43f2423) mem 0x80010000 0x00000001
core   0: 0x8000f0c0 (0x0000bfe5) c.j     pc - 8
core   0: 3 0x8000f0c0 (0xbfe5)
core   0: 0x8000f0b8 (0x00001f17) auipc   t5, 0x1
core   0: 3 0x8000f0b8 (0x00001f17) x30 0x800100b8
core   0: 0x8000f0bc (0xf43f2423) sw      gp, -184(t5)
core   0: 3 0x8000f0bc (0xf43f2423) mem 0x80010000 0x00000001
core   0: 0x8000f0c0 (0x0000bfe5) c.j     pc - 8
core   0: 3 0x8000f0c0 (0xbfe5)
core   0: 0x8000f0b8 (0x00001f17) auipc   t5, 0x1
core   0: 3 0x8000f0b8 (0x00001f17) x30 0x800100b8
core   0: 0x8000f0bc (0xf43f2423) sw      gp, -184(t5)
core   0: 3 0x8000f0bc (0xf43f2423) mem 0x80010000 0x00000001
core   0: 0x8000f0c0 (0x0000bfe5) c.j     pc - 8
core   0: 3 0x8000f0c0 (0xbfe5)
core   0: 0x8000f0b8 (0x00001f17) auipc   t5, 0x1
core   0: 3 0x8000f0b8 (0x00001f17) x30 0x800100b8
core   0: 0x8000f0bc (0xf43f2423) sw      gp, -184(t5)
core   0: 3 0x8000f0bc (0xf43f2423) mem 0x80010000 0x00000001
core   0: 0x8000f0c0 (0x0000bfe5) c.j     pc - 8
core   0: 3 0x8000f0c0 (0xbfe5)
core   0: 0x8000f0b8 (0x00001f17) auipc   t5, 0x1
core   0: 3 0x8000f0b8 (0x00001f17) x30 0x800100b8
core   0: 0x8000f0bc (0xf43f2423) sw      gp, -184(t5)
core   0: 3 0x8000f0bc (0xf43f2423) mem 0x80010000 0x00000001
core   0: 0x8000f0c0 (0x0000bfe5) c.j     pc - 8
core   0: 3 0x8000f0c0 (0xbfe5)
core   0: 0x8000f0b8 (0x00001f17) auipc   t5, 0x1
core   0: 3 0x8000f0b8 (0x00001f17) x30 0x800100b8
core   0: 0x8000f0bc (0xf43f2423) sw      gp, -184(t5)
core   0: 3 0x8000f0bc (0xf43f2423) mem 0x80010000 0x00000001
core   0: 0x8000f0c0 (0x0000bfe5) c.j     pc - 8
core   0: 3 0x8000f0c0 (0xbfe5)
core   0: 0x8000f0b8 (0x00001f17) auipc   t5, 0x1
core   0: 3 0x8000f0b8 (0x00001f17) x30 0x800100b8
core   0: 0x8000f0bc (0xf43f2423) sw      gp, -184(t5)
core   0: 3 0x8000f0bc (0xf43f2423) mem 0x80010000 0x00000001
core   0: 0x8000f0c0 (0x0000bfe5) c.j     pc - 8
core   0: 3 0x8000f0c0 (0xbfe5)
core   0: 0x8000f0b8 (0x00001f17) auipc   t5, 0x1
core   0: 3 0x8000f0b8 (0x00001f17) x30 0x800100b8
core   0: 0x8000f0bc (0xf43f2423) sw      gp, -184(t5)
core   0: 3 0x8000f0bc (0xf43f2423) mem 0x80010000 0x00000001
core   0: 0x8000f0c0 (0x0000bfe5) c.j     pc - 8
core   0: 3 0x8000f0c0 (0xbfe5)
core   0: 0x8000f0b8 (0x00001f17) auipc   t5, 0x1
core   0: 3 0x8000f0b8 (0x00001f17) x30 0x800100b8
core   0: 0x8000f0bc (0xf43f2423) sw      gp, -184(t5)
core   0: 3 0x8000f0bc (0xf43f2423) mem 0x80010000 0x00000001
core   0: 0x8000f0c0 (0x0000bfe5) c.j     pc - 8
core   0: 3 0x8000f0c0 (0xbfe5)
core   0: 0x8000f0b8 (0x00001f17) auipc   t5, 0x1
core   0: 3 0x8000f0b8 (0x00001f17) x30 0x800100b8
core   0: 0x8000f0bc (0xf43f2423) sw      gp, -184(t5)
core   0: 3 0x8000f0bc (0xf43f2423) mem 0x80010000 0x00000001
core   0: 0x8000f0c0 (0x0000bfe5) c.j     pc - 8
core   0: 3 0x8000f0c0 (0xbfe5)
core   0: 0x8000f0b8 (0x00001f17) auipc   t5, 0x1
core   0: 3 0x8000f0b8 (0x00001f17) x30 0x800100b8
core   0: 0x8000f0bc (0xf43f2423) sw      gp, -184(t5)
core   0: 3 0x8000f0bc (0xf43f2423) mem 0x80010000 0x00000001
core   0: 0x8000f0c0 (0x0000bfe5) c.j     pc - 8
core   0: 3 0x8000f0c0 (0xbfe5)
core   0: 0x8000f0b8 (0x00001f17) auipc   t5, 0x1
core   0: 3 0x8000f0b8 (0x00001f17) x30 0x800100b8
core   0: 0x8000f0bc (0xf43f2423) sw      gp, -184(t5)
core   0: 3 0x8000f0bc (0xf43f2423) mem 0x80010000 0x00000001
core   0: 0x8000f0c0 (0x0000bfe5) c.j     pc - 8
core   0: 3 0x8000f0c0 (0xbfe5)
core   0: 0x8000f0b8 (0x00001f17) auipc   t5, 0x1
core   0: 3 0x8000f0b8 (0x00001f17) x30 0x800100b8
core   0: 0x8000f0bc (0xf43f2423) sw      gp, -184(t5)
core   0: 3 0x8000f0bc (0xf43f2423) mem 0x80010000 0x00000001
core   0: 0x8000f0c0 (0x0000bfe5) c.j     pc - 8
core   0: 3 0x8000f0c0 (0xbfe5)
core   0: 0x8000f0b8 (0x00001f17) auipc   t5, 0x1
core   0: 3 0x8000f0b8 (0x00001f17) x30 0x800100b8
core   0: 0x8000f0bc (0xf43f2423) sw      gp, -184(t5)
core   0: 3 0x8000f0bc (0xf43f2423) mem 0x80010000 0x00000001
core   0: 0x8000f0c0 (0x0000bfe5) c.j     pc - 8
core   0: 3 0x8000f0c0 (0xbfe5)
core   0: 0x8000f0b8 (0x00001f17) auipc   t5, 0x1
core   0: 3 0x8000f0b8 (0x00001f17) x30 0x800100b8
core   0: 0x8000f0bc (0xf43f2423) sw      gp, -184(t5)
core   0: 3 0x8000f0bc (0xf43f2423) mem 0x80010000 0x00000001
core   0: 0x8000f0c0 (0x0000bfe5) c.j     pc - 8
core   0: 3 0x8000f0c0 (0xbfe5)
core   0: 0x8000f0b8 (0x00001f17) auipc   t5, 0x1
core   0: 3 0x8000f0b8 (0x00001f17) x30 0x800100b8
core   0: 0x8000f0bc (0xf43f2423) sw      gp, -184(t5)
core   0: 3 0x8000f0bc (0xf43f2423) mem 0x80010000 0x00000001
core   0: 0x8000f0c0 (0x0000bfe5) c.j     pc - 8
core   0: 3 0x8000f0c0 (0xbfe5)
core   0: 0x8000f0b8 (0x00001f17) auipc   t5, 0x1
core   0: 3 0x8000f0b8 (0x00001f17) x30 0x800100b8
core   0: 0x8000f0bc (0xf43f2423) sw      gp, -184(t5)
core   0: 3 0x8000f0bc (0xf43f2423) mem 0x80010000 0x00000001
core   0: 0x8000f0c0 (0x0000bfe5) c.j     pc - 8
core   0: 3 0x8000f0c0 (0xbfe5)
core   0: 0x8000f0b8 (0x00001f17) auipc   t5, 0x1
core   0: 3 0x8000f0b8 (0x00001f17) x30 0x800100b8
core   0: 0x8000f0bc (0xf43f2423) sw      gp, -184(t5)
core   0: 3 0x8000f0bc (0xf43f2423) mem 0x80010000 0x00000001
core   0: 0x8000f0c0 (0x0000bfe5) c.j     pc - 8
core   0: 3 0x8000f0c0 (0xbfe5)
core   0: 0x8000f0b8 (0x00001f17) auipc   t5, 0x1
core   0: 3 0x8000f0b8 (0x00001f17) x30 0x800100b8
core   0: 0x8000f0bc (0xf43f2423) sw      gp, -184(t5)
core   0: 3 0x8000f0bc (0xf43f2423) mem 0x80010000 0x00000001
core   0: 0x8000f0c0 (0x0000bfe5) c.j     pc - 8
core   0: 3 0x8000f0c0 (0xbfe5)
core   0: 0x8000f0b8 (0x00001f17) auipc   t5, 0x1
core   0: 3 0x8000f0b8 (0x00001f17) x30 0x800100b8
core   0: 0x8000f0bc (0xf43f2423) sw      gp, -184(t5)
core   0: 3 0x8000f0bc (0xf43f2423) mem 0x80010000 0x00000001
core   0: 0x8000f0c0 (0x0000bfe5) c.j     pc - 8
core   0: 3 0x8000f0c0 (0xbfe5)
core   0: 0x8000f0b8 (0x00001f17) auipc   t5, 0x1
core   0: 3 0x8000f0b8 (0x00001f17) x30 0x800100b8
core   0: 0x8000f0bc (0xf43f2423) sw      gp, -184(t5)
core   0: 3 0x8000f0bc (0xf43f2423) mem 0x80010000 0x00000001
core   0: 0x8000f0c0 (0x0000bfe5) c.j     pc - 8
core   0: 3 0x8000f0c0 (0xbfe5)
core   0: 0x8000f0b8 (0x00001f17) auipc   t5, 0x1
core   0: 3 0x8000f0b8 (0x00001f17) x30 0x800100b8
core   0: 0x8000f0bc (0xf43f2423) sw      gp, -184(t5)
core   0: 3 0x8000f0bc (0xf43f2423) mem 0x80010000 0x00000001
core   0: 0x8000f0c0 (0x0000bfe5) c.j     pc - 8
core   0: 3 0x8000f0c0 (0xbfe5)
core   0: 0x8000f0b8 (0x00001f17) auipc   t5, 0x1
core   0: 3 0x8000f0b8 (0x00001f17) x30 0x800100b8
core   0: 0x8000f0bc (0xf43f2423) sw      gp, -184(t5)
core   0: 3 0x8000f0bc (0xf43f2423) mem 0x80010000 0x00000001
core   0: 0x8000f0c0 (0x0000bfe5) c.j     pc - 8
core   0: 3 0x8000f0c0 (0xbfe5)
core   0: 0x8000f0b8 (0x00001f17) auipc   t5, 0x1
core   0: 3 0x8000f0b8 (0x00001f17) x30 0x800100b8
core   0: 0x8000f0bc (0xf43f2423) sw      gp, -184(t5)
core   0: 3 0x8000f0bc (0xf43f2423) mem 0x80010000 0x00000001
core   0: 0x8000f0c0 (0x0000bfe5) c.j     pc - 8
core   0: 3 0x8000f0c0 (0xbfe5)
core   0: 0x8000f0b8 (0x00001f17) auipc   t5, 0x1
core   0: 3 0x8000f0b8 (0x00001f17) x30 0x800100b8
core   0: 0x8000f0bc (0xf43f2423) sw      gp, -184(t5)
core   0: 3 0x8000f0bc (0xf43f2423) mem 0x80010000 0x00000001
core   0: 0x8000f0c0 (0x0000bfe5) c.j     pc - 8
core   0: 3 0x8000f0c0 (0xbfe5)
core   0: 0x8000f0b8 (0x00001f17) auipc   t5, 0x1
core   0: 3 0x8000f0b8 (0x00001f17) x30 0x800100b8
core   0: 0x8000f0bc (0xf43f2423) sw      gp, -184(t5)
core   0: 3 0x8000f0bc (0xf43f2423) mem 0x80010000 0x00000001
core   0: 0x8000f0c0 (0x0000bfe5) c.j     pc - 8
core   0: 3 0x8000f0c0 (0xbfe5)
core   0: 0x8000f0b8 (0x00001f17) auipc   t5, 0x1
core   0: 3 0x8000f0b8 (0x00001f17) x30 0x800100b8
core   0: 0x8000f0bc (0xf43f2423) sw      gp, -184(t5)
core   0: 3 0x8000f0bc (0xf43f2423) mem 0x80010000 0x00000001
core   0: 0x8000f0c0 (0x0000bfe5) c.j     pc - 8
core   0: 3 0x8000f0c0 (0xbfe5)
core   0: 0x8000f0b8 (0x00001f17) auipc   t5, 0x1
core   0: 3 0x8000f0b8 (0x00001f17) x30 0x800100b8
core   0: 0x8000f0bc (0xf43f2423) sw      gp, -184(t5)
core   0: 3 0x8000f0bc (0xf43f2423) mem 0x80010000 0x00000001
core   0: 0x8000f0c0 (0x0000bfe5) c.j     pc - 8
core   0: 3 0x8000f0c0 (0xbfe5)
core   0: 0x8000f0b8 (0x00001f17) auipc   t5, 0x1
core   0: 3 0x8000f0b8 (0x00001f17) x30 0x800100b8
core   0: 0x8000f0bc (0xf43f2423) sw      gp, -184(t5)
core   0: 3 0x8000f0bc (0xf43f2423) mem 0x80010000 0x00000001
core   0: 0x8000f0c0 (0x0000bfe5) c.j     pc - 8
core   0: 3 0x8000f0c0 (0xbfe5)
core   0: 0x8000f0b8 (0x00001f17) auipc   t5, 0x1
core   0: 3 0x8000f0b8 (0x00001f17) x30 0x800100b8
core   0: 0x8000f0bc (0xf43f2423) sw      gp, -184(t5)
core   0: 3 0x8000f0bc (0xf43f2423) mem 0x80010000 0x00000001
core   0: 0x8000f0c0 (0x0000bfe5) c.j     pc - 8
core   0: 3 0x8000f0c0 (0xbfe5)
core   0: 0x8000f0b8 (0x00001f17) auipc   t5, 0x1
core   0: 3 0x8000f0b8 (0x00001f17) x30 0x800100b8
core   0: 0x8000f0bc (0xf43f2423) sw      gp, -184(t5)
core   0: 3 0x8000f0bc (0xf43f2423) mem 0x80010000 0x00000001
core   0: 0x8000f0c0 (0x0000bfe5) c.j     pc - 8
core   0: 3 0x8000f0c0 (0xbfe5)
core   0: 0x8000f0b8 (0x00001f17) auipc   t5, 0x1
core   0: 3 0x8000f0b8 (0x00001f17) x30 0x800100b8
core   0: 0x8000f0bc (0xf43f2423) sw      gp, -184(t5)
core   0: 3 0x8000f0bc (0xf43f2423) mem 0x80010000 0x00000001
core   0: 0x8000f0c0 (0x0000bfe5) c.j     pc - 8
core   0: 3 0x8000f0c0 (0xbfe5)
core   0: 0x8000f0b8 (0x00001f17) auipc   t5, 0x1
core   0: 3 0x8000f0b8 (0x00001f17) x30 0x800100b8
core   0: 0x8000f0bc (0xf43f2423) sw      gp, -184(t5)
core   0: 3 0x8000f0bc (0xf43f2423) mem 0x80010000 0x00000001
core   0: 0x8000f0c0 (0x0000bfe5) c.j     pc - 8
core   0: 3 0x8000f0c0 (0xbfe5)
core   0: 0x8000f0b8 (0x00001f17) auipc   t5, 0x1
core   0: 3 0x8000f0b8 (0x00001f17) x30 0x800100b8
core   0: 0x8000f0bc (0xf43f2423) sw      gp, -184(t5)
core   0: 3 0x8000f0bc (0xf43f2423) mem 0x80010000 0x00000001
core   0: 0x8000f0c0 (0x0000bfe5) c.j     pc - 8
core   0: 3 0x8000f0c0 (0xbfe5)
core   0: 0x8000f0b8 (0x00001f17) auipc   t5, 0x1
core   0: 3 0x8000f0b8 (0x00001f17) x30 0x800100b8
core   0: 0x8000f0bc (0xf43f2423) sw      gp, -184(t5)
core   0: 3 0x8000f0bc (0xf43f2423) mem 0x80010000 0x00000001
core   0: 0x8000f0c0 (0x0000bfe5) c.j     pc - 8
core   0: 3 0x8000f0c0 (0xbfe5)
core   0: 0x8000f0b8 (0x00001f17) auipc   t5, 0x1
core   0: 3 0x8000f0b8 (0x00001f17) x30 0x800100b8
core   0: 0x8000f0bc (0xf43f2423) sw      gp, -184(t5)
core   0: 3 0x8000f0bc (0xf43f2423) mem 0x80010000 0x00000001
core   0: 0x8000f0c0 (0x0000bfe5) c.j     pc - 8
core   0: 3 0x8000f0c0 (0xbfe5)
core   0: 0x8000f0b8 (0x00001f17) auipc   t5, 0x1
core   0: 3 0x8000f0b8 (0x00001f17) x30 0x800100b8
core   0: 0x8000f0bc (0xf43f2423) sw      gp, -184(t5)
core   0: 3 0x8000f0bc (0xf43f2423) mem 0x80010000 0x00000001
core   0: 0x8000f0c0 (0x0000bfe5) c.j     pc - 8
core   0: 3 0x8000f0c0 (0xbfe5)
core   0: 0x8000f0b8 (0x00001f17) auipc   t5, 0x1
core   0: 3 0x8000f0b8 (0x00001f17) x30 0x800100b8
core   0: 0x8000f0bc (0xf43f2423) sw      gp, -184(t5)
core   0: 3 0x8000f0bc (0xf43f2423) mem 0x80010000 0x00000001
core   0: 0x8000f0c0 (0x0000bfe5) c.j     pc - 8
core   0: 3 0x8000f0c0 (0xbfe5)
core   0: 0x8000f0b8 (0x00001f17) auipc   t5, 0x1
core   0: 3 0x8000f0b8 (0x00001f17) x30 0x800100b8
core   0: 0x8000f0bc (0xf43f2423) sw      gp, -184(t5)
core   0: 3 0x8000f0bc (0xf43f2423) mem 0x80010000 0x00000001
core   0: 0x8000f0c0 (0x0000bfe5) c.j     pc - 8
core   0: 3 0x8000f0c0 (0xbfe5)
core   0: 0x8000f0b8 (0x00001f17) auipc   t5, 0x1
core   0: 3 0x8000f0b8 (0x00001f17) x30 0x800100b8
core   0: 0x8000f0bc (0xf43f2423) sw      gp, -184(t5)
core   0: 3 0x8000f0bc (0xf43f2423) mem 0x80010000 0x00000001
core   0: 0x8000f0c0 (0x0000bfe5) c.j     pc - 8
core   0: 3 0x8000f0c0 (0xbfe5)
core   0: 0x8000f0b8 (0x00001f17) auipc   t5, 0x1
core   0: 3 0x8000f0b8 (0x00001f17) x30 0x800100b8
core   0: 0x8000f0bc (0xf43f2423) sw      gp, -184(t5)
core   0: 3 0x8000f0bc (0xf43f2423) mem 0x80010000 0x00000001
core   0: 0x8000f0c0 (0x0000bfe5) c.j     pc - 8
core   0: 3 0x8000f0c0 (0xbfe5)
core   0: 0x8000f0b8 (0x00001f17) auipc   t5, 0x1
core   0: 3 0x8000f0b8 (0x00001f17) x30 0x800100b8
core   0: 0x8000f0bc (0xf43f2423) sw      gp, -184(t5)
core   0: 3 0x8000f0bc (0xf43f2423) mem 0x80010000 0x00000001
core   0: 0x8000f0c0 (0x0000bfe5) c.j     pc - 8
core   0: 3 0x8000f0c0 (0xbfe5)
core   0: 0x8000f0b8 (0x00001f17) auipc   t5, 0x1
core   0: 3 0x8000f0b8 (0x00001f17) x30 0x800100b8
core   0: 0x8000f0bc (0xf43f2423) sw      gp, -184(t5)
core   0: 3 0x8000f0bc (0xf43f2423) mem 0x80010000 0x00000001
core   0: 0x8000f0c0 (0x0000bfe5) c.j     pc - 8
core   0: 3 0x8000f0c0 (0xbfe5)
core   0: 0x8000f0b8 (0x00001f17) auipc   t5, 0x1
core   0: 3 0x8000f0b8 (0x00001f17) x30 0x800100b8
core   0: 0x8000f0bc (0xf43f2423) sw      gp, -184(t5)
core   0: 3 0x8000f0bc (0xf43f2423) mem 0x80010000 0x00000001
core   0: 0x8000f0c0 (0x0000bfe5) c.j     pc - 8
core   0: 3 0x8000f0c0 (0xbfe5)
core   0: 0x8000f0b8 (0x00001f17) auipc   t5, 0x1
core   0: 3 0x8000f0b8 (0x00001f17) x30 0x800100b8
core   0: 0x8000f0bc (0xf43f2423) sw      gp, -184(t5)
core   0: 3 0x8000f0bc (0xf43f2423) mem 0x80010000 0x00000001
core   0: 0x8000f0c0 (0x0000bfe5) c.j     pc - 8
core   0: 3 0x8000f0c0 (0xbfe5)
core   0: 0x8000f0b8 (0x00001f17) auipc   t5, 0x1
core   0: 3 0x8000f0b8 (0x00001f17) x30 0x800100b8
core   0: 0x8000f0bc (0xf43f2423) sw      gp, -184(t5)
core   0: 3 0x8000f0bc (0xf43f2423) mem 0x80010000 0x00000001
core   0: 0x8000f0c0 (0x0000bfe5) c.j     pc - 8
core   0: 3 0x8000f0c0 (0xbfe5)
core   0: 0x8000f0b8 (0x00001f17) auipc   t5, 0x1
core   0: 3 0x8000f0b8 (0x00001f17) x30 0x800100b8
core   0: 0x8000f0bc (0xf43f2423) sw      gp, -184(t5)
core   0: 3 0x8000f0bc (0xf43f2423) mem 0x80010000 0x00000001
core   0: 0x8000f0c0 (0x0000bfe5) c.j     pc - 8
core   0: 3 0x8000f0c0 (0xbfe5)
core   0: 0x8000f0b8 (0x00001f17) auipc   t5, 0x1
core   0: 3 0x8000f0b8 (0x00001f17) x30 0x800100b8
core   0: 0x8000f0bc (0xf43f2423) sw      gp, -184(t5)
core   0: 3 0x8000f0bc (0xf43f2423) mem 0x80010000 0x00000001
core   0: 0x8000f0c0 (0x0000bfe5) c.j     pc - 8
core   0: 3 0x8000f0c0 (0xbfe5)
core   0: 0x8000f0b8 (0x00001f17) auipc   t5, 0x1
core   0: 3 0x8000f0b8 (0x00001f17) x30 0x800100b8
core   0: 0x8000f0bc (0xf43f2423) sw      gp, -184(t5)
core   0: 3 0x8000f0bc (0xf43f2423) mem 0x80010000 0x00000001
core   0: 0x8000f0c0 (0x0000bfe5) c.j     pc - 8
core   0: 3 0x8000f0c0 (0xbfe5)
core   0: 0x8000f0b8 (0x00001f17) auipc   t5, 0x1
core   0: 3 0x8000f0b8 (0x00001f17) x30 0x800100b8
core   0: 0x8000f0bc (0xf43f2423) sw      gp, -184(t5)
core   0: 3 0x8000f0bc (0xf43f2423) mem 0x80010000 0x00000001
core   0: 0x8000f0c0 (0x0000bfe5) c.j     pc - 8
core   0: 3 0x8000f0c0 (0xbfe5)
core   0: 0x8000f0b8 (0x00001f17) auipc   t5, 0x1
core   0: 3 0x8000f0b8 (0x00001f17) x30 0x800100b8
core   0: 0x8000f0bc (0xf43f2423) sw      gp, -184(t5)
core   0: 3 0x8000f0bc (0xf43f2423) mem 0x80010000 0x00000001
core   0: 0x8000f0c0 (0x0000bfe5) c.j     pc - 8
core   0: 3 0x8000f0c0 (0xbfe5)
core   0: 0x8000f0b8 (0x00001f17) auipc   t5, 0x1
core   0: 3 0x8000f0b8 (0x00001f17) x30 0x800100b8
core   0: 0x8000f0bc (0xf43f2423) sw      gp, -184(t5)
core   0: 3 0x8000f0bc (0xf43f2423) mem 0x80010000 0x00000001
core   0: 0x8000f0c0 (0x0000bfe5) c.j     pc - 8
core   0: 3 0x8000f0c0 (0xbfe5)
core   0: 0x8000f0b8 (0x00001f17) auipc   t5, 0x1
core   0: 3 0x8000f0b8 (0x00001f17) x30 0x800100b8
core   0: 0x8000f0bc (0xf43f2423) sw      gp, -184(t5)
core   0: 3 0x8000f0bc (0xf43f2423) mem 0x80010000 0x00000001
core   0: 0x8000f0c0 (0x0000bfe5) c.j     pc - 8
core   0: 3 0x8000f0c0 (0xbfe5)
core   0: 0x8000f0b8 (0x00001f17) auipc   t5, 0x1
core   0: 3 0x8000f0b8 (0x00001f17) x30 0x800100b8
core   0: 0x8000f0bc (0xf43f2423) sw      gp, -184(t5)
core   0: 3 0x8000f0bc (0xf43f2423) mem 0x80010000 0x00000001
core   0: 0x8000f0c0 (0x0000bfe5) c.j     pc - 8
core   0: 3 0x8000f0c0 (0xbfe5)
core   0: 0x8000f0b8 (0x00001f17) auipc   t5, 0x1
core   0: 3 0x8000f0b8 (0x00001f17) x30 0x800100b8
core   0: 0x8000f0bc (0xf43f2423) sw      gp, -184(t5)
core   0: 3 0x8000f0bc (0xf43f2423) mem 0x80010000 0x00000001
core   0: 0x8000f0c0 (0x0000bfe5) c.j     pc - 8
core   0: 3 0x8000f0c0 (0xbfe5)
core   0: 0x8000f0b8 (0x00001f17) auipc   t5, 0x1
core   0: 3 0x8000f0b8 (0x00001f17) x30 0x800100b8
core   0: 0x8000f0bc (0xf43f2423) sw      gp, -184(t5)
core   0: 3 0x8000f0bc (0xf43f2423) mem 0x80010000 0x00000001
core   0: 0x8000f0c0 (0x0000bfe5) c.j     pc - 8
core   0: 3 0x8000f0c0 (0xbfe5)
core   0: 0x8000f0b8 (0x00001f17) auipc   t5, 0x1
core   0: 3 0x8000f0b8 (0x00001f17) x30 0x800100b8
core   0: 0x8000f0bc (0xf43f2423) sw      gp, -184(t5)
core   0: 3 0x8000f0bc (0xf43f2423) mem 0x80010000 0x00000001
core   0: 0x8000f0c0 (0x0000bfe5) c.j     pc - 8
core   0: 3 0x8000f0c0 (0xbfe5)
core   0: 0x8000f0b8 (0x00001f17) auipc   t5, 0x1
core   0: 3 0x8000f0b8 (0x00001f17) x30 0x800100b8
core   0: 0x8000f0bc (0xf43f2423) sw      gp, -184(t5)
core   0: 3 0x8000f0bc (0xf43f2423) mem 0x80010000 0x00000001
core   0: 0x8000f0c0 (0x0000bfe5) c.j     pc - 8
core   0: 3 0x8000f0c0 (0xbfe5)
core   0: 0x8000f0b8 (0x00001f17) auipc   t5, 0x1
core   0: 3 0x8000f0b8 (0x00001f17) x30 0x800100b8
core   0: 0x8000f0bc (0xf43f2423) sw      gp, -184(t5)
core   0: 3 0x8000f0bc (0xf43f2423) mem 0x80010000 0x00000001
core   0: 0x8000f0c0 (0x0000bfe5) c.j     pc - 8
core   0: 3 0x8000f0c0 (0xbfe5)
core   0: 0x8000f0b8 (0x00001f17) auipc   t5, 0x1
core   0: 3 0x8000f0b8 (0x00001f17) x30 0x800100b8
core   0: 0x8000f0bc (0xf43f2423) sw      gp, -184(t5)
core   0: 3 0x8000f0bc (0xf43f2423) mem 0x80010000 0x00000001
core   0: 0x8000f0c0 (0x0000bfe5) c.j     pc - 8
core   0: 3 0x8000f0c0 (0xbfe5)
core   0: 0x8000f0b8 (0x00001f17) auipc   t5, 0x1
core   0: 3 0x8000f0b8 (0x00001f17) x30 0x800100b8
core   0: 0x8000f0bc (0xf43f2423) sw      gp, -184(t5)
core   0: 3 0x8000f0bc (0xf43f2423) mem 0x80010000 0x00000001
core   0: 0x8000f0c0 (0x0000bfe5) c.j     pc - 8
core   0: 3 0x8000f0c0 (0xbfe5)
core   0: 0x8000f0b8 (0x00001f17) auipc   t5, 0x1
core   0: 3 0x8000f0b8 (0x00001f17) x30 0x800100b8
core   0: 0x8000f0bc (0xf43f2423) sw      gp, -184(t5)
core   0: 3 0x8000f0bc (0xf43f2423) mem 0x80010000 0x00000001
core   0: 0x8000f0c0 (0x0000bfe5) c.j     pc - 8
core   0: 3 0x8000f0c0 (0xbfe5)
core   0: 0x8000f0b8 (0x00001f17) auipc   t5, 0x1
core   0: 3 0x8000f0b8 (0x00001f17) x30 0x800100b8
core   0: 0x8000f0bc (0xf43f2423) sw      gp, -184(t5)
core   0: 3 0x8000f0bc (0xf43f2423) mem 0x80010000 0x00000001
core   0: 0x8000f0c0 (0x0000bfe5) c.j     pc - 8
core   0: 3 0x8000f0c0 (0xbfe5)
core   0: 0x8000f0b8 (0x00001f17) auipc   t5, 0x1
core   0: 3 0x8000f0b8 (0x00001f17) x30 0x800100b8
core   0: 0x8000f0bc (0xf43f2423) sw      gp, -184(t5)
core   0: 3 0x8000f0bc (0xf43f2423) mem 0x80010000 0x00000001
core   0: 0x8000f0c0 (0x0000bfe5) c.j     pc - 8
core   0: 3 0x8000f0c0 (0xbfe5)
core   0: 0x8000f0b8 (0x00001f17) auipc   t5, 0x1
core   0: 3 0x8000f0b8 (0x00001f17) x30 0x800100b8
core   0: 0x8000f0bc (0xf43f2423) sw      gp, -184(t5)
core   0: 3 0x8000f0bc (0xf43f2423) mem 0x80010000 0x00000001
core   0: 0x8000f0c0 (0x0000bfe5) c.j     pc - 8
core   0: 3 0x8000f0c0 (0xbfe5)
core   0: 0x8000f0b8 (0x00001f17) auipc   t5, 0x1
core   0: 3 0x8000f0b8 (0x00001f17) x30 0x800100b8
core   0: 0x8000f0bc (0xf43f2423) sw      gp, -184(t5)
core   0: 3 0x8000f0bc (0xf43f2423) mem 0x80010000 0x00000001
core   0: 0x8000f0c0 (0x0000bfe5) c.j     pc - 8
core   0: 3 0x8000f0c0 (0xbfe5)
core   0: 0x8000f0b8 (0x00001f17) auipc   t5, 0x1
core   0: 3 0x8000f0b8 (0x00001f17) x30 0x800100b8
core   0: 0x8000f0bc (0xf43f2423) sw      gp, -184(t5)
core   0: 3 0x8000f0bc (0xf43f2423) mem 0x80010000 0x00000001
core   0: 0x8000f0c0 (0x0000bfe5) c.j     pc - 8
core   0: 3 0x8000f0c0 (0xbfe5)
core   0: 0x8000f0b8 (0x00001f17) auipc   t5, 0x1
core   0: 3 0x8000f0b8 (0x00001f17) x30 0x800100b8
core   0: 0x8000f0bc (0xf43f2423) sw      gp, -184(t5)
core   0: 3 0x8000f0bc (0xf43f2423) mem 0x80010000 0x00000001
core   0: 0x8000f0c0 (0x0000bfe5) c.j     pc - 8
core   0: 3 0x8000f0c0 (0xbfe5)
core   0: 0x8000f0b8 (0x00001f17) auipc   t5, 0x1
core   0: 3 0x8000f0b8 (0x00001f17) x30 0x800100b8
core   0: 0x8000f0bc (0xf43f2423) sw      gp, -184(t5)
core   0: 3 0x8000f0bc (0xf43f2423) mem 0x80010000 0x00000001
core   0: 0x8000f0c0 (0x0000bfe5) c.j     pc - 8
core   0: 3 0x8000f0c0 (0xbfe5)
core   0: 0x8000f0b8 (0x00001f17) auipc   t5, 0x1
core   0: 3 0x8000f0b8 (0x00001f17) x30 0x800100b8
core   0: 0x8000f0bc (0xf43f2423) sw      gp, -184(t5)
core   0: 3 0x8000f0bc (0xf43f2423) mem 0x80010000 0x00000001
core   0: 0x8000f0c0 (0x0000bfe5) c.j     pc - 8
core   0: 3 0x8000f0c0 (0xbfe5)
core   0: 0x8000f0b8 (0x00001f17) auipc   t5, 0x1
core   0: 3 0x8000f0b8 (0x00001f17) x30 0x800100b8
core   0: 0x8000f0bc (0xf43f2423) sw      gp, -184(t5)
core   0: 3 0x8000f0bc (0xf43f2423) mem 0x80010000 0x00000001
core   0: 0x8000f0c0 (0x0000bfe5) c.j     pc - 8
core   0: 3 0x8000f0c0 (0xbfe5)
core   0: 0x8000f0b8 (0x00001f17) auipc   t5, 0x1
core   0: 3 0x8000f0b8 (0x00001f17) x30 0x800100b8
core   0: 0x8000f0bc (0xf43f2423) sw      gp, -184(t5)
core   0: 3 0x8000f0bc (0xf43f2423) mem 0x80010000 0x00000001
core   0: 0x8000f0c0 (0x0000bfe5) c.j     pc - 8
core   0: 3 0x8000f0c0 (0xbfe5)
core   0: 0x8000f0b8 (0x00001f17) auipc   t5, 0x1
core   0: 3 0x8000f0b8 (0x00001f17) x30 0x800100b8
core   0: 0x8000f0bc (0xf43f2423) sw      gp, -184(t5)
core   0: 3 0x8000f0bc (0xf43f2423) mem 0x80010000 0x00000001
core   0: 0x8000f0c0 (0x0000bfe5) c.j     pc - 8
core   0: 3 0x8000f0c0 (0xbfe5)
core   0: 0x8000f0b8 (0x00001f17) auipc   t5, 0x1
core   0: 3 0x8000f0b8 (0x00001f17) x30 0x800100b8
core   0: 0x8000f0bc (0xf43f2423) sw      gp, -184(t5)
core   0: 3 0x8000f0bc (0xf43f2423) mem 0x80010000 0x00000001
core   0: 0x8000f0c0 (0x0000bfe5) c.j     pc - 8
core   0: 3 0x8000f0c0 (0xbfe5)
core   0: 0x8000f0b8 (0x00001f17) auipc   t5, 0x1
core   0: 3 0x8000f0b8 (0x00001f17) x30 0x800100b8
core   0: 0x8000f0bc (0xf43f2423) sw      gp, -184(t5)
core   0: 3 0x8000f0bc (0xf43f2423) mem 0x80010000 0x00000001
core   0: 0x8000f0c0 (0x0000bfe5) c.j     pc - 8
core   0: 3 0x8000f0c0 (0xbfe5)
core   0: 0x8000f0b8 (0x00001f17) auipc   t5, 0x1
core   0: 3 0x8000f0b8 (0x00001f17) x30 0x800100b8
core   0: 0x8000f0bc (0xf43f2423) sw      gp, -184(t5)
core   0: 3 0x8000f0bc (0xf43f2423) mem 0x80010000 0x00000001
core   0: 0x8000f0c0 (0x0000bfe5) c.j     pc - 8
core   0: 3 0x8000f0c0 (0xbfe5)
core   0: 0x8000f0b8 (0x00001f17) auipc   t5, 0x1
core   0: 3 0x8000f0b8 (0x00001f17) x30 0x800100b8
core   0: 0x8000f0bc (0xf43f2423) sw      gp, -184(t5)
core   0: 3 0x8000f0bc (0xf43f2423) mem 0x80010000 0x00000001
core   0: 0x8000f0c0 (0x0000bfe5) c.j     pc - 8
core   0: 3 0x8000f0c0 (0xbfe5)
core   0: 0x8000f0b8 (0x00001f17) auipc   t5, 0x1
core   0: 3 0x8000f0b8 (0x00001f17) x30 0x800100b8
core   0: 0x8000f0bc (0xf43f2423) sw      gp, -184(t5)
core   0: 3 0x8000f0bc (0xf43f2423) mem 0x80010000 0x00000001
core   0: 0x8000f0c0 (0x0000bfe5) c.j     pc - 8
core   0: 3 0x8000f0c0 (0xbfe5)
core   0: 0x8000f0b8 (0x00001f17) auipc   t5, 0x1
core   0: 3 0x8000f0b8 (0x00001f17) x30 0x800100b8
core   0: 0x8000f0bc (0xf43f2423) sw      gp, -184(t5)
core   0: 3 0x8000f0bc (0xf43f2423) mem 0x80010000 0x00000001
core   0: 0x8000f0c0 (0x0000bfe5) c.j     pc - 8
core   0: 3 0x8000f0c0 (0xbfe5)
core   0: 0x8000f0b8 (0x00001f17) auipc   t5, 0x1
core   0: 3 0x8000f0b8 (0x00001f17) x30 0x800100b8
core   0: 0x8000f0bc (0xf43f2423) sw      gp, -184(t5)
core   0: 3 0x8000f0bc (0xf43f2423) mem 0x80010000 0x00000001
core   0: 0x8000f0c0 (0x0000bfe5) c.j     pc - 8
core   0: 3 0x8000f0c0 (0xbfe5)
core   0: 0x8000f0b8 (0x00001f17) auipc   t5, 0x1
core   0: 3 0x8000f0b8 (0x00001f17) x30 0x800100b8
core   0: 0x8000f0bc (0xf43f2423) sw      gp, -184(t5)
core   0: 3 0x8000f0bc (0xf43f2423) mem 0x80010000 0x00000001
core   0: 0x8000f0c0 (0x0000bfe5) c.j     pc - 8
core   0: 3 0x8000f0c0 (0xbfe5)
core   0: 0x8000f0b8 (0x00001f17) auipc   t5, 0x1
core   0: 3 0x8000f0b8 (0x00001f17) x30 0x800100b8
core   0: 0x8000f0bc (0xf43f2423) sw      gp, -184(t5)
core   0: 3 0x8000f0bc (0xf43f2423) mem 0x80010000 0x00000001
core   0: 0x8000f0c0 (0x0000bfe5) c.j     pc - 8
core   0: 3 0x8000f0c0 (0xbfe5)
core   0: 0x8000f0b8 (0x00001f17) auipc   t5, 0x1
core   0: 3 0x8000f0b8 (0x00001f17) x30 0x800100b8
core   0: 0x8000f0bc (0xf43f2423) sw      gp, -184(t5)
core   0: 3 0x8000f0bc (0xf43f2423) mem 0x80010000 0x00000001
core   0: 0x8000f0c0 (0x0000bfe5) c.j     pc - 8
core   0: 3 0x8000f0c0 (0xbfe5)
core   0: 0x8000f0b8 (0x00001f17) auipc   t5, 0x1
core   0: 3 0x8000f0b8 (0x00001f17) x30 0x800100b8
core   0: 0x8000f0bc (0xf43f2423) sw      gp, -184(t5)
core   0: 3 0x8000f0bc (0xf43f2423) mem 0x80010000 0x00000001
core   0: 0x8000f0c0 (0x0000bfe5) c.j     pc - 8
core   0: 3 0x8000f0c0 (0xbfe5)
core   0: 0x8000f0b8 (0x00001f17) auipc   t5, 0x1
core   0: 3 0x8000f0b8 (0x00001f17) x30 0x800100b8
core   0: 0x8000f0bc (0xf43f2423) sw      gp, -184(t5)
core   0: 3 0x8000f0bc (0xf43f2423) mem 0x80010000 0x00000001
core   0: 0x8000f0c0 (0x0000bfe5) c.j     pc - 8
core   0: 3 0x8000f0c0 (0xbfe5)
core   0: 0x8000f0b8 (0x00001f17) auipc   t5, 0x1
core   0: 3 0x8000f0b8 (0x00001f17) x30 0x800100b8
core   0: 0x8000f0bc (0xf43f2423) sw      gp, -184(t5)
core   0: 3 0x8000f0bc (0xf43f2423) mem 0x80010000 0x00000001
core   0: 0x8000f0c0 (0x0000bfe5) c.j     pc - 8
core   0: 3 0x8000f0c0 (0xbfe5)
core   0: 0x8000f0b8 (0x00001f17) auipc   t5, 0x1
core   0: 3 0x8000f0b8 (0x00001f17) x30 0x800100b8
core   0: 0x8000f0bc (0xf43f2423) sw      gp, -184(t5)
core   0: 3 0x8000f0bc (0xf43f2423) mem 0x80010000 0x00000001
core   0: 0x8000f0c0 (0x0000bfe5) c.j     pc - 8
core   0: 3 0x8000f0c0 (0xbfe5)
core   0: 0x8000f0b8 (0x00001f17) auipc   t5, 0x1
core   0: 3 0x8000f0b8 (0x00001f17) x30 0x800100b8
core   0: 0x8000f0bc (0xf43f2423) sw      gp, -184(t5)
core   0: 3 0x8000f0bc (0xf43f2423) mem 0x80010000 0x00000001
core   0: 0x8000f0c0 (0x0000bfe5) c.j     pc - 8
core   0: 3 0x8000f0c0 (0xbfe5)
core   0: 0x8000f0b8 (0x00001f17) auipc   t5, 0x1
core   0: 3 0x8000f0b8 (0x00001f17) x30 0x800100b8
core   0: 0x8000f0bc (0xf43f2423) sw      gp, -184(t5)
core   0: 3 0x8000f0bc (0xf43f2423) mem 0x80010000 0x00000001
core   0: 0x8000f0c0 (0x0000bfe5) c.j     pc - 8
core   0: 3 0x8000f0c0 (0xbfe5)
core   0: 0x8000f0b8 (0x00001f17) auipc   t5, 0x1
core   0: 3 0x8000f0b8 (0x00001f17) x30 0x800100b8
core   0: 0x8000f0bc (0xf43f2423) sw      gp, -184(t5)
core   0: 3 0x8000f0bc (0xf43f2423) mem 0x80010000 0x00000001
core   0: 0x8000f0c0 (0x0000bfe5) c.j     pc - 8
core   0: 3 0x8000f0c0 (0xbfe5)
core   0: 0x8000f0b8 (0x00001f17) auipc   t5, 0x1
core   0: 3 0x8000f0b8 (0x00001f17) x30 0x800100b8
core   0: 0x8000f0bc (0xf43f2423) sw      gp, -184(t5)
core   0: 3 0x8000f0bc (0xf43f2423) mem 0x80010000 0x00000001
core   0: 0x8000f0c0 (0x0000bfe5) c.j     pc - 8
core   0: 3 0x8000f0c0 (0xbfe5)
core   0: 0x8000f0b8 (0x00001f17) auipc   t5, 0x1
core   0: 3 0x8000f0b8 (0x00001f17) x30 0x800100b8
core   0: 0x8000f0bc (0xf43f2423) sw      gp, -184(t5)
core   0: 3 0x8000f0bc (0xf43f2423) mem 0x80010000 0x00000001
core   0: 0x8000f0c0 (0x0000bfe5) c.j     pc - 8
core   0: 3 0x8000f0c0 (0xbfe5)
core   0: 0x8000f0b8 (0x00001f17) auipc   t5, 0x1
core   0: 3 0x8000f0b8 (0x00001f17) x30 0x800100b8
core   0: 0x8000f0bc (0xf43f2423) sw      gp, -184(t5)
core   0: 3 0x8000f0bc (0xf43f2423) mem 0x80010000 0x00000001
core   0: 0x8000f0c0 (0x0000bfe5) c.j     pc - 8
core   0: 3 0x8000f0c0 (0xbfe5)
core   0: 0x8000f0b8 (0x00001f17) auipc   t5, 0x1
core   0: 3 0x8000f0b8 (0x00001f17) x30 0x800100b8
core   0: 0x8000f0bc (0xf43f2423) sw      gp, -184(t5)
core   0: 3 0x8000f0bc (0xf43f2423) mem 0x80010000 0x00000001
core   0: 0x8000f0c0 (0x0000bfe5) c.j     pc - 8
core   0: 3 0x8000f0c0 (0xbfe5)
core   0: 0x8000f0b8 (0x00001f17) auipc   t5, 0x1
core   0: 3 0x8000f0b8 (0x00001f17) x30 0x800100b8
core   0: 0x8000f0bc (0xf43f2423) sw      gp, -184(t5)
core   0: 3 0x8000f0bc (0xf43f2423) mem 0x80010000 0x00000001
core   0: 0x8000f0c0 (0x0000bfe5) c.j     pc - 8
core   0: 3 0x8000f0c0 (0xbfe5)
core   0: 0x8000f0b8 (0x00001f17) auipc   t5, 0x1
core   0: 3 0x8000f0b8 (0x00001f17) x30 0x800100b8
core   0: 0x8000f0bc (0xf43f2423) sw      gp, -184(t5)
core   0: 3 0x8000f0bc (0xf43f2423) mem 0x80010000 0x00000001
core   0: 0x8000f0c0 (0x0000bfe5) c.j     pc - 8
core   0: 3 0x8000f0c0 (0xbfe5)
core   0: 0x8000f0b8 (0x00001f17) auipc   t5, 0x1
core   0: 3 0x8000f0b8 (0x00001f17) x30 0x800100b8
core   0: 0x8000f0bc (0xf43f2423) sw      gp, -184(t5)
core   0: 3 0x8000f0bc (0xf43f2423) mem 0x80010000 0x00000001
core   0: 0x8000f0c0 (0x0000bfe5) c.j     pc - 8
core   0: 3 0x8000f0c0 (0xbfe5)
core   0: 0x8000f0b8 (0x00001f17) auipc   t5, 0x1
core   0: 3 0x8000f0b8 (0x00001f17) x30 0x800100b8
core   0: 0x8000f0bc (0xf43f2423) sw      gp, -184(t5)
core   0: 3 0x8000f0bc (0xf43f2423) mem 0x80010000 0x00000001
core   0: 0x8000f0c0 (0x0000bfe5) c.j     pc - 8
core   0: 3 0x8000f0c0 (0xbfe5)
core   0: 0x8000f0b8 (0x00001f17) auipc   t5, 0x1
core   0: 3 0x8000f0b8 (0x00001f17) x30 0x800100b8
core   0: 0x8000f0bc (0xf43f2423) sw      gp, -184(t5)
core   0: 3 0x8000f0bc (0xf43f2423) mem 0x80010000 0x00000001
core   0: 0x8000f0c0 (0x0000bfe5) c.j     pc - 8
core   0: 3 0x8000f0c0 (0xbfe5)
core   0: 0x8000f0b8 (0x00001f17) auipc   t5, 0x1
core   0: 3 0x8000f0b8 (0x00001f17) x30 0x800100b8
core   0: 0x8000f0bc (0xf43f2423) sw      gp, -184(t5)
core   0: 3 0x8000f0bc (0xf43f2423) mem 0x80010000 0x00000001
core   0: 0x8000f0c0 (0x0000bfe5) c.j     pc - 8
core   0: 3 0x8000f0c0 (0xbfe5)
core   0: 0x8000f0b8 (0x00001f17) auipc   t5, 0x1
core   0: 3 0x8000f0b8 (0x00001f17) x30 0x800100b8
core   0: 0x8000f0bc (0xf43f2423) sw      gp, -184(t5)
core   0: 3 0x8000f0bc (0xf43f2423) mem 0x80010000 0x00000001
core   0: 0x8000f0c0 (0x0000bfe5) c.j     pc - 8
core   0: 3 0x8000f0c0 (0xbfe5)
core   0: 0x8000f0b8 (0x00001f17) auipc   t5, 0x1
core   0: 3 0x8000f0b8 (0x00001f17) x30 0x800100b8
core   0: 0x8000f0bc (0xf43f2423) sw      gp, -184(t5)
core   0: 3 0x8000f0bc (0xf43f2423) mem 0x80010000 0x00000001
core   0: 0x8000f0c0 (0x0000bfe5) c.j     pc - 8
core   0: 3 0x8000f0c0 (0xbfe5)
core   0: 0x8000f0b8 (0x00001f17) auipc   t5, 0x1
core   0: 3 0x8000f0b8 (0x00001f17) x30 0x800100b8
core   0: 0x8000f0bc (0xf43f2423) sw      gp, -184(t5)
core   0: 3 0x8000f0bc (0xf43f2423) mem 0x80010000 0x00000001
core   0: 0x8000f0c0 (0x0000bfe5) c.j     pc - 8
core   0: 3 0x8000f0c0 (0xbfe5)
core   0: 0x8000f0b8 (0x00001f17) auipc   t5, 0x1
core   0: 3 0x8000f0b8 (0x00001f17) x30 0x800100b8
core   0: 0x8000f0bc (0xf43f2423) sw      gp, -184(t5)
core   0: 3 0x8000f0bc (0xf43f2423) mem 0x80010000 0x00000001
core   0: 0x8000f0c0 (0x0000bfe5) c.j     pc - 8
core   0: 3 0x8000f0c0 (0xbfe5)
core   0: 0x8000f0b8 (0x00001f17) auipc   t5, 0x1
core   0: 3 0x8000f0b8 (0x00001f17) x30 0x800100b8
core   0: 0x8000f0bc (0xf43f2423) sw      gp, -184(t5)
core   0: 3 0x8000f0bc (0xf43f2423) mem 0x80010000 0x00000001
core   0: 0x8000f0c0 (0x0000bfe5) c.j     pc - 8
core   0: 3 0x8000f0c0 (0xbfe5)
core   0: 0x8000f0b8 (0x00001f17) auipc   t5, 0x1
core   0: 3 0x8000f0b8 (0x00001f17) x30 0x800100b8
core   0: 0x8000f0bc (0xf43f2423) sw      gp, -184(t5)
core   0: 3 0x8000f0bc (0xf43f2423) mem 0x80010000 0x00000001
core   0: 0x8000f0c0 (0x0000bfe5) c.j     pc - 8
core   0: 3 0x8000f0c0 (0xbfe5)
core   0: 0x8000f0b8 (0x00001f17) auipc   t5, 0x1
core   0: 3 0x8000f0b8 (0x00001f17) x30 0x800100b8
core   0: 0x8000f0bc (0xf43f2423) sw      gp, -184(t5)
core   0: 3 0x8000f0bc (0xf43f2423) mem 0x80010000 0x00000001
core   0: 0x8000f0c0 (0x0000bfe5) c.j     pc - 8
core   0: 3 0x8000f0c0 (0xbfe5)
core   0: 0x8000f0b8 (0x00001f17) auipc   t5, 0x1
core   0: 3 0x8000f0b8 (0x00001f17) x30 0x800100b8
core   0: 0x8000f0bc (0xf43f2423) sw      gp, -184(t5)
core   0: 3 0x8000f0bc (0xf43f2423) mem 0x80010000 0x00000001
core   0: 0x8000f0c0 (0x0000bfe5) c.j     pc - 8
core   0: 3 0x8000f0c0 (0xbfe5)
core   0: 0x8000f0b8 (0x00001f17) auipc   t5, 0x1
core   0: 3 0x8000f0b8 (0x00001f17) x30 0x800100b8
core   0: 0x8000f0bc (0xf43f2423) sw      gp, -184(t5)
core   0: 3 0x8000f0bc (0xf43f2423) mem 0x80010000 0x00000001
core   0: 0x8000f0c0 (0x0000bfe5) c.j     pc - 8
core   0: 3 0x8000f0c0 (0xbfe5)
core   0: 0x8000f0b8 (0x00001f17) auipc   t5, 0x1
core   0: 3 0x8000f0b8 (0x00001f17) x30 0x800100b8
core   0: 0x8000f0bc (0xf43f2423) sw      gp, -184(t5)
core   0: 3 0x8000f0bc (0xf43f2423) mem 0x80010000 0x00000001
core   0: 0x8000f0c0 (0x0000bfe5) c.j     pc - 8
core   0: 3 0x8000f0c0 (0xbfe5)
core   0: 0x8000f0b8 (0x00001f17) auipc   t5, 0x1
core   0: 3 0x8000f0b8 (0x00001f17) x30 0x800100b8
core   0: 0x8000f0bc (0xf43f2423) sw      gp, -184(t5)
core   0: 3 0x8000f0bc (0xf43f2423) mem 0x80010000 0x00000001
core   0: 0x8000f0c0 (0x0000bfe5) c.j     pc - 8
core   0: 3 0x8000f0c0 (0xbfe5)
core   0: 0x8000f0b8 (0x00001f17) auipc   t5, 0x1
core   0: 3 0x8000f0b8 (0x00001f17) x30 0x800100b8
core   0: 0x8000f0bc (0xf43f2423) sw      gp, -184(t5)
core   0: 3 0x8000f0bc (0xf43f2423) mem 0x80010000 0x00000001
core   0: 0x8000f0c0 (0x0000bfe5) c.j     pc - 8
core   0: 3 0x8000f0c0 (0xbfe5)
core   0: 0x8000f0b8 (0x00001f17) auipc   t5, 0x1
core   0: 3 0x8000f0b8 (0x00001f17) x30 0x800100b8
core   0: 0x8000f0bc (0xf43f2423) sw      gp, -184(t5)
core   0: 3 0x8000f0bc (0xf43f2423) mem 0x80010000 0x00000001
core   0: 0x8000f0c0 (0x0000bfe5) c.j     pc - 8
core   0: 3 0x8000f0c0 (0xbfe5)
core   0: 0x8000f0b8 (0x00001f17) auipc   t5, 0x1
core   0: 3 0x8000f0b8 (0x00001f17) x30 0x800100b8
core   0: 0x8000f0bc (0xf43f2423) sw      gp, -184(t5)
core   0: 3 0x8000f0bc (0xf43f2423) mem 0x80010000 0x00000001
core   0: 0x8000f0c0 (0x0000bfe5) c.j     pc - 8
core   0: 3 0x8000f0c0 (0xbfe5)
core   0: 0x8000f0b8 (0x00001f17) auipc   t5, 0x1
core   0: 3 0x8000f0b8 (0x00001f17) x30 0x800100b8
core   0: 0x8000f0bc (0xf43f2423) sw      gp, -184(t5)
core   0: 3 0x8000f0bc (0xf43f2423) mem 0x80010000 0x00000001
core   0: 0x8000f0c0 (0x0000bfe5) c.j     pc - 8
core   0: 3 0x8000f0c0 (0xbfe5)
core   0: 0x8000f0b8 (0x00001f17) auipc   t5, 0x1
core   0: 3 0x8000f0b8 (0x00001f17) x30 0x800100b8
core   0: 0x8000f0bc (0xf43f2423) sw      gp, -184(t5)
core   0: 3 0x8000f0bc (0xf43f2423) mem 0x80010000 0x00000001
core   0: 0x8000f0c0 (0x0000bfe5) c.j     pc - 8
core   0: 3 0x8000f0c0 (0xbfe5)
core   0: 0x8000f0b8 (0x00001f17) auipc   t5, 0x1
core   0: 3 0x8000f0b8 (0x00001f17) x30 0x800100b8
core   0: 0x8000f0bc (0xf43f2423) sw      gp, -184(t5)
core   0: 3 0x8000f0bc (0xf43f2423) mem 0x80010000 0x00000001
core   0: 0x8000f0c0 (0x0000bfe5) c.j     pc - 8
core   0: 3 0x8000f0c0 (0xbfe5)
core   0: 0x8000f0b8 (0x00001f17) auipc   t5, 0x1
core   0: 3 0x8000f0b8 (0x00001f17) x30 0x800100b8
core   0: 0x8000f0bc (0xf43f2423) sw      gp, -184(t5)
core   0: 3 0x8000f0bc (0xf43f2423) mem 0x80010000 0x00000001
core   0: 0x8000f0c0 (0x0000bfe5) c.j     pc - 8
core   0: 3 0x8000f0c0 (0xbfe5)
core   0: 0x8000f0b8 (0x00001f17) auipc   t5, 0x1
core   0: 3 0x8000f0b8 (0x00001f17) x30 0x800100b8
core   0: 0x8000f0bc (0xf43f2423) sw      gp, -184(t5)
core   0: 3 0x8000f0bc (0xf43f2423) mem 0x80010000 0x00000001
core   0: 0x8000f0c0 (0x0000bfe5) c.j     pc - 8
core   0: 3 0x8000f0c0 (0xbfe5)
core   0: 0x8000f0b8 (0x00001f17) auipc   t5, 0x1
core   0: 3 0x8000f0b8 (0x00001f17) x30 0x800100b8
core   0: 0x8000f0bc (0xf43f2423) sw      gp, -184(t5)
core   0: 3 0x8000f0bc (0xf43f2423) mem 0x80010000 0x00000001
core   0: 0x8000f0c0 (0x0000bfe5) c.j     pc - 8
core   0: 3 0x8000f0c0 (0xbfe5)
core   0: 0x8000f0b8 (0x00001f17) auipc   t5, 0x1
core   0: 3 0x8000f0b8 (0x00001f17) x30 0x800100b8
core   0: 0x8000f0bc (0xf43f2423) sw      gp, -184(t5)
core   0: 3 0x8000f0bc (0xf43f2423) mem 0x80010000 0x00000001
core   0: 0x8000f0c0 (0x0000bfe5) c.j     pc - 8
core   0: 3 0x8000f0c0 (0xbfe5)
core   0: 0x8000f0b8 (0x00001f17) auipc   t5, 0x1
core   0: 3 0x8000f0b8 (0x00001f17) x30 0x800100b8
core   0: 0x8000f0bc (0xf43f2423) sw      gp, -184(t5)
core   0: 3 0x8000f0bc (0xf43f2423) mem 0x80010000 0x00000001
core   0: 0x8000f0c0 (0x0000bfe5) c.j     pc - 8
core   0: 3 0x8000f0c0 (0xbfe5)
core   0: 0x8000f0b8 (0x00001f17) auipc   t5, 0x1
core   0: 3 0x8000f0b8 (0x00001f17) x30 0x800100b8
core   0: 0x8000f0bc (0xf43f2423) sw      gp, -184(t5)
core   0: 3 0x8000f0bc (0xf43f2423) mem 0x80010000 0x00000001
core   0: 0x8000f0c0 (0x0000bfe5) c.j     pc - 8
core   0: 3 0x8000f0c0 (0xbfe5)
core   0: 0x8000f0b8 (0x00001f17) auipc   t5, 0x1
core   0: 3 0x8000f0b8 (0x00001f17) x30 0x800100b8
core   0: 0x8000f0bc (0xf43f2423) sw      gp, -184(t5)
core   0: 3 0x8000f0bc (0xf43f2423) mem 0x80010000 0x00000001
core   0: 0x8000f0c0 (0x0000bfe5) c.j     pc - 8
core   0: 3 0x8000f0c0 (0xbfe5)
core   0: 0x8000f0b8 (0x00001f17) auipc   t5, 0x1
core   0: 3 0x8000f0b8 (0x00001f17) x30 0x800100b8
core   0: 0x8000f0bc (0xf43f2423) sw      gp, -184(t5)
core   0: 3 0x8000f0bc (0xf43f2423) mem 0x80010000 0x00000001
core   0: 0x8000f0c0 (0x0000bfe5) c.j     pc - 8
core   0: 3 0x8000f0c0 (0xbfe5)
core   0: 0x8000f0b8 (0x00001f17) auipc   t5, 0x1
core   0: 3 0x8000f0b8 (0x00001f17) x30 0x800100b8
core   0: 0x8000f0bc (0xf43f2423) sw      gp, -184(t5)
core   0: 3 0x8000f0bc (0xf43f2423) mem 0x80010000 0x00000001
core   0: 0x8000f0c0 (0x0000bfe5) c.j     pc - 8
core   0: 3 0x8000f0c0 (0xbfe5)
core   0: 0x8000f0b8 (0x00001f17) auipc   t5, 0x1
core   0: 3 0x8000f0b8 (0x00001f17) x30 0x800100b8
core   0: 0x8000f0bc (0xf43f2423) sw      gp, -184(t5)
core   0: 3 0x8000f0bc (0xf43f2423) mem 0x80010000 0x00000001
core   0: 0x8000f0c0 (0x0000bfe5) c.j     pc - 8
core   0: 3 0x8000f0c0 (0xbfe5)
core   0: 0x8000f0b8 (0x00001f17) auipc   t5, 0x1
core   0: 3 0x8000f0b8 (0x00001f17) x30 0x800100b8
core   0: 0x8000f0bc (0xf43f2423) sw      gp, -184(t5)
core   0: 3 0x8000f0bc (0xf43f2423) mem 0x80010000 0x00000001
core   0: 0x8000f0c0 (0x0000bfe5) c.j     pc - 8
core   0: 3 0x8000f0c0 (0xbfe5)
core   0: 0x8000f0b8 (0x00001f17) auipc   t5, 0x1
core   0: 3 0x8000f0b8 (0x00001f17) x30 0x800100b8
core   0: 0x8000f0bc (0xf43f2423) sw      gp, -184(t5)
core   0: 3 0x8000f0bc (0xf43f2423) mem 0x80010000 0x00000001
core   0: 0x8000f0c0 (0x0000bfe5) c.j     pc - 8
core   0: 3 0x8000f0c0 (0xbfe5)
core   0: 0x8000f0b8 (0x00001f17) auipc   t5, 0x1
core   0: 3 0x8000f0b8 (0x00001f17) x30 0x800100b8
core   0: 0x8000f0bc (0xf43f2423) sw      gp, -184(t5)
core   0: 3 0x8000f0bc (0xf43f2423) mem 0x80010000 0x00000001
core   0: 0x8000f0c0 (0x0000bfe5) c.j     pc - 8
core   0: 3 0x8000f0c0 (0xbfe5)
core   0: 0x8000f0b8 (0x00001f17) auipc   t5, 0x1
core   0: 3 0x8000f0b8 (0x00001f17) x30 0x800100b8
core   0: 0x8000f0bc (0xf43f2423) sw      gp, -184(t5)
core   0: 3 0x8000f0bc (0xf43f2423) mem 0x80010000 0x00000001
core   0: 0x8000f0c0 (0x0000bfe5) c.j     pc - 8
core   0: 3 0x8000f0c0 (0xbfe5)
core   0: 0x8000f0b8 (0x00001f17) auipc   t5, 0x1
core   0: 3 0x8000f0b8 (0x00001f17) x30 0x800100b8
core   0: 0x8000f0bc (0xf43f2423) sw      gp, -184(t5)
core   0: 3 0x8000f0bc (0xf43f2423) mem 0x80010000 0x00000001
core   0: 0x8000f0c0 (0x0000bfe5) c.j     pc - 8
core   0: 3 0x8000f0c0 (0xbfe5)
core   0: 0x8000f0b8 (0x00001f17) auipc   t5, 0x1
core   0: 3 0x8000f0b8 (0x00001f17) x30 0x800100b8
core   0: 0x8000f0bc (0xf43f2423) sw      gp, -184(t5)
core   0: 3 0x8000f0bc (0xf43f2423) mem 0x80010000 0x00000001
core   0: 0x8000f0c0 (0x0000bfe5) c.j     pc - 8
core   0: 3 0x8000f0c0 (0xbfe5)
core   0: 0x8000f0b8 (0x00001f17) auipc   t5, 0x1
core   0: 3 0x8000f0b8 (0x00001f17) x30 0x800100b8
core   0: 0x8000f0bc (0xf43f2423) sw      gp, -184(t5)
core   0: 3 0x8000f0bc (0xf43f2423) mem 0x80010000 0x00000001
core   0: 0x8000f0c0 (0x0000bfe5) c.j     pc - 8
core   0: 3 0x8000f0c0 (0xbfe5)
core   0: 0x8000f0b8 (0x00001f17) auipc   t5, 0x1
core   0: 3 0x8000f0b8 (0x00001f17) x30 0x800100b8
core   0: 0x8000f0bc (0xf43f2423) sw      gp, -184(t5)
core   0: 3 0x8000f0bc (0xf43f2423) mem 0x80010000 0x00000001
core   0: 0x8000f0c0 (0x0000bfe5) c.j     pc - 8
core   0: 3 0x8000f0c0 (0xbfe5)
core   0: 0x8000f0b8 (0x00001f17) auipc   t5, 0x1
core   0: 3 0x8000f0b8 (0x00001f17) x30 0x800100b8
core   0: 0x8000f0bc (0xf43f2423) sw      gp, -184(t5)
core   0: 3 0x8000f0bc (0xf43f2423) mem 0x80010000 0x00000001
core   0: 0x8000f0c0 (0x0000bfe5) c.j     pc - 8
core   0: 3 0x8000f0c0 (0xbfe5)
core   0: 0x8000f0b8 (0x00001f17) auipc   t5, 0x1
core   0: 3 0x8000f0b8 (0x00001f17) x30 0x800100b8
core   0: 0x8000f0bc (0xf43f2423) sw      gp, -184(t5)
core   0: 3 0x8000f0bc (0xf43f2423) mem 0x80010000 0x00000001
core   0: 0x8000f0c0 (0x0000bfe5) c.j     pc - 8
core   0: 3 0x8000f0c0 (0xbfe5)
core   0: 0x8000f0b8 (0x00001f17) auipc   t5, 0x1
core   0: 3 0x8000f0b8 (0x00001f17) x30 0x800100b8
core   0: 0x8000f0bc (0xf43f2423) sw      gp, -184(t5)
core   0: 3 0x8000f0bc (0xf43f2423) mem 0x80010000 0x00000001
core   0: 0x8000f0c0 (0x0000bfe5) c.j     pc - 8
core   0: 3 0x8000f0c0 (0xbfe5)
core   0: 0x8000f0b8 (0x00001f17) auipc   t5, 0x1
core   0: 3 0x8000f0b8 (0x00001f17) x30 0x800100b8
core   0: 0x8000f0bc (0xf43f2423) sw      gp, -184(t5)
core   0: 3 0x8000f0bc (0xf43f2423) mem 0x80010000 0x00000001
core   0: 0x8000f0c0 (0x0000bfe5) c.j     pc - 8
core   0: 3 0x8000f0c0 (0xbfe5)
core   0: 0x8000f0b8 (0x00001f17) auipc   t5, 0x1
core   0: 3 0x8000f0b8 (0x00001f17) x30 0x800100b8
core   0: 0x8000f0bc (0xf43f2423) sw      gp, -184(t5)
core   0: 3 0x8000f0bc (0xf43f2423) mem 0x80010000 0x00000001
core   0: 0x8000f0c0 (0x0000bfe5) c.j     pc - 8
core   0: 3 0x8000f0c0 (0xbfe5)
core   0: 0x8000f0b8 (0x00001f17) auipc   t5, 0x1
core   0: 3 0x8000f0b8 (0x00001f17) x30 0x800100b8
core   0: 0x8000f0bc (0xf43f2423) sw      gp, -184(t5)
core   0: 3 0x8000f0bc (0xf43f2423) mem 0x80010000 0x00000001
core   0: 0x8000f0c0 (0x0000bfe5) c.j     pc - 8
core   0: 3 0x8000f0c0 (0xbfe5)
core   0: 0x8000f0b8 (0x00001f17) auipc   t5, 0x1
core   0: 3 0x8000f0b8 (0x00001f17) x30 0x800100b8
core   0: 0x8000f0bc (0xf43f2423) sw      gp, -184(t5)
core   0: 3 0x8000f0bc (0xf43f2423) mem 0x80010000 0x00000001
core   0: 0x8000f0c0 (0x0000bfe5) c.j     pc - 8
core   0: 3 0x8000f0c0 (0xbfe5)
core   0: 0x8000f0b8 (0x00001f17) auipc   t5, 0x1
core   0: 3 0x8000f0b8 (0x00001f17) x30 0x800100b8
core   0: 0x8000f0bc (0xf43f2423) sw      gp, -184(t5)
core   0: 3 0x8000f0bc (0xf43f2423) mem 0x80010000 0x00000001
core   0: 0x8000f0c0 (0x0000bfe5) c.j     pc - 8
core   0: 3 0x8000f0c0 (0xbfe5)
core   0: 0x8000f0b8 (0x00001f17) auipc   t5, 0x1
core   0: 3 0x8000f0b8 (0x00001f17) x30 0x800100b8
core   0: 0x8000f0bc (0xf43f2423) sw      gp, -184(t5)
core   0: 3 0x8000f0bc (0xf43f2423) mem 0x80010000 0x00000001
core   0: 0x8000f0c0 (0x0000bfe5) c.j     pc - 8
core   0: 3 0x8000f0c0 (0xbfe5)
core   0: 0x8000f0b8 (0x00001f17) auipc   t5, 0x1
core   0: 3 0x8000f0b8 (0x00001f17) x30 0x800100b8
core   0: 0x8000f0bc (0xf43f2423) sw      gp, -184(t5)
core   0: 3 0x8000f0bc (0xf43f2423) mem 0x80010000 0x00000001
core   0: 0x8000f0c0 (0x0000bfe5) c.j     pc - 8
core   0: 3 0x8000f0c0 (0xbfe5)
core   0: 0x8000f0b8 (0x00001f17) auipc   t5, 0x1
core   0: 3 0x8000f0b8 (0x00001f17) x30 0x800100b8
core   0: 0x8000f0bc (0xf43f2423) sw      gp, -184(t5)
core   0: 3 0x8000f0bc (0xf43f2423) mem 0x80010000 0x00000001
core   0: 0x8000f0c0 (0x0000bfe5) c.j     pc - 8
core   0: 3 0x8000f0c0 (0xbfe5)
core   0: 0x8000f0b8 (0x00001f17) auipc   t5, 0x1
core   0: 3 0x8000f0b8 (0x00001f17) x30 0x800100b8
core   0: 0x8000f0bc (0xf43f2423) sw      gp, -184(t5)
core   0: 3 0x8000f0bc (0xf43f2423) mem 0x80010000 0x00000001
core   0: 0x8000f0c0 (0x0000bfe5) c.j     pc - 8
core   0: 3 0x8000f0c0 (0xbfe5)
core   0: 0x8000f0b8 (0x00001f17) auipc   t5, 0x1
core   0: 3 0x8000f0b8 (0x00001f17) x30 0x800100b8
core   0: 0x8000f0bc (0xf43f2423) sw      gp, -184(t5)
core   0: 3 0x8000f0bc (0xf43f2423) mem 0x80010000 0x00000001
core   0: 0x8000f0c0 (0x0000bfe5) c.j     pc - 8
core   0: 3 0x8000f0c0 (0xbfe5)
core   0: 0x8000f0b8 (0x00001f17) auipc   t5, 0x1
core   0: 3 0x8000f0b8 (0x00001f17) x30 0x800100b8
core   0: 0x8000f0bc (0xf43f2423) sw      gp, -184(t5)
core   0: 3 0x8000f0bc (0xf43f2423) mem 0x80010000 0x00000001
core   0: 0x8000f0c0 (0x0000bfe5) c.j     pc - 8
core   0: 3 0x8000f0c0 (0xbfe5)
core   0: 0x8000f0b8 (0x00001f17) auipc   t5, 0x1
core   0: 3 0x8000f0b8 (0x00001f17) x30 0x800100b8
core   0: 0x8000f0bc (0xf43f2423) sw      gp, -184(t5)
core   0: 3 0x8000f0bc (0xf43f2423) mem 0x80010000 0x00000001
core   0: 0x8000f0c0 (0x0000bfe5) c.j     pc - 8
core   0: 3 0x8000f0c0 (0xbfe5)
core   0: 0x8000f0b8 (0x00001f17) auipc   t5, 0x1
core   0: 3 0x8000f0b8 (0x00001f17) x30 0x800100b8
core   0: 0x8000f0bc (0xf43f2423) sw      gp, -184(t5)
core   0: 3 0x8000f0bc (0xf43f2423) mem 0x80010000 0x00000001
core   0: 0x8000f0c0 (0x0000bfe5) c.j     pc - 8
core   0: 3 0x8000f0c0 (0xbfe5)
core   0: 0x8000f0b8 (0x00001f17) auipc   t5, 0x1
core   0: 3 0x8000f0b8 (0x00001f17) x30 0x800100b8
core   0: 0x8000f0bc (0xf43f2423) sw      gp, -184(t5)
core   0: 3 0x8000f0bc (0xf43f2423) mem 0x80010000 0x00000001
core   0: 0x8000f0c0 (0x0000bfe5) c.j     pc - 8
core   0: 3 0x8000f0c0 (0xbfe5)
core   0: 0x8000f0b8 (0x00001f17) auipc   t5, 0x1
core   0: 3 0x8000f0b8 (0x00001f17) x30 0x800100b8
core   0: 0x8000f0bc (0xf43f2423) sw      gp, -184(t5)
core   0: 3 0x8000f0bc (0xf43f2423) mem 0x80010000 0x00000001
core   0: 0x8000f0c0 (0x0000bfe5) c.j     pc - 8
core   0: 3 0x8000f0c0 (0xbfe5)
core   0: 0x8000f0b8 (0x00001f17) auipc   t5, 0x1
core   0: 3 0x8000f0b8 (0x00001f17) x30 0x800100b8
core   0: 0x8000f0bc (0xf43f2423) sw      gp, -184(t5)
core   0: 3 0x8000f0bc (0xf43f2423) mem 0x80010000 0x00000001
core   0: 0x8000f0c0 (0x0000bfe5) c.j     pc - 8
core   0: 3 0x8000f0c0 (0xbfe5)
core   0: 0x8000f0b8 (0x00001f17) auipc   t5, 0x1
core   0: 3 0x8000f0b8 (0x00001f17) x30 0x800100b8
core   0: 0x8000f0bc (0xf43f2423) sw      gp, -184(t5)
core   0: 3 0x8000f0bc (0xf43f2423) mem 0x80010000 0x00000001
core   0: 0x8000f0c0 (0x0000bfe5) c.j     pc - 8
core   0: 3 0x8000f0c0 (0xbfe5)
core   0: 0x8000f0b8 (0x00001f17) auipc   t5, 0x1
core   0: 3 0x8000f0b8 (0x00001f17) x30 0x800100b8
core   0: 0x8000f0bc (0xf43f2423) sw      gp, -184(t5)
core   0: 3 0x8000f0bc (0xf43f2423) mem 0x80010000 0x00000001
core   0: 0x8000f0c0 (0x0000bfe5) c.j     pc - 8
core   0: 3 0x8000f0c0 (0xbfe5)
core   0: 0x8000f0b8 (0x00001f17) auipc   t5, 0x1
core   0: 3 0x8000f0b8 (0x00001f17) x30 0x800100b8
core   0: 0x8000f0bc (0xf43f2423) sw      gp, -184(t5)
core   0: 3 0x8000f0bc (0xf43f2423) mem 0x80010000 0x00000001
core   0: 0x8000f0c0 (0x0000bfe5) c.j     pc - 8
core   0: 3 0x8000f0c0 (0xbfe5)
core   0: 0x8000f0b8 (0x00001f17) auipc   t5, 0x1
core   0: 3 0x8000f0b8 (0x00001f17) x30 0x800100b8
core   0: 0x8000f0bc (0xf43f2423) sw      gp, -184(t5)
core   0: 3 0x8000f0bc (0xf43f2423) mem 0x80010000 0x00000001
core   0: 0x8000f0c0 (0x0000bfe5) c.j     pc - 8
core   0: 3 0x8000f0c0 (0xbfe5)
core   0: 0x8000f0b8 (0x00001f17) auipc   t5, 0x1
core   0: 3 0x8000f0b8 (0x00001f17) x30 0x800100b8
core   0: 0x8000f0bc (0xf43f2423) sw      gp, -184(t5)
core   0: 3 0x8000f0bc (0xf43f2423) mem 0x80010000 0x00000001
core   0: 0x8000f0c0 (0x0000bfe5) c.j     pc - 8
core   0: 3 0x8000f0c0 (0xbfe5)
core   0: 0x8000f0b8 (0x00001f17) auipc   t5, 0x1
core   0: 3 0x8000f0b8 (0x00001f17) x30 0x800100b8
core   0: 0x8000f0bc (0xf43f2423) sw      gp, -184(t5)
core   0: 3 0x8000f0bc (0xf43f2423) mem 0x80010000 0x00000001
core   0: 0x8000f0c0 (0x0000bfe5) c.j     pc - 8
core   0: 3 0x8000f0c0 (0xbfe5)
core   0: 0x8000f0b8 (0x00001f17) auipc   t5, 0x1
core   0: 3 0x8000f0b8 (0x00001f17) x30 0x800100b8
core   0: 0x8000f0bc (0xf43f2423) sw      gp, -184(t5)
core   0: 3 0x8000f0bc (0xf43f2423) mem 0x80010000 0x00000001
core   0: 0x8000f0c0 (0x0000bfe5) c.j     pc - 8
core   0: 3 0x8000f0c0 (0xbfe5)
core   0: 0x8000f0b8 (0x00001f17) auipc   t5, 0x1
core   0: 3 0x8000f0b8 (0x00001f17) x30 0x800100b8
core   0: 0x8000f0bc (0xf43f2423) sw      gp, -184(t5)
core   0: 3 0x8000f0bc (0xf43f2423) mem 0x80010000 0x00000001
core   0: 0x8000f0c0 (0x0000bfe5) c.j     pc - 8
core   0: 3 0x8000f0c0 (0xbfe5)
core   0: 0x8000f0b8 (0x00001f17) auipc   t5, 0x1
core   0: 3 0x8000f0b8 (0x00001f17) x30 0x800100b8
core   0: 0x8000f0bc (0xf43f2423) sw      gp, -184(t5)
core   0: 3 0x8000f0bc (0xf43f2423) mem 0x80010000 0x00000001
core   0: 0x8000f0c0 (0x0000bfe5) c.j     pc - 8
core   0: 3 0x8000f0c0 (0xbfe5)
core   0: 0x8000f0b8 (0x00001f17) auipc   t5, 0x1
core   0: 3 0x8000f0b8 (0x00001f17) x30 0x800100b8
core   0: 0x8000f0bc (0xf43f2423) sw      gp, -184(t5)
core   0: 3 0x8000f0bc (0xf43f2423) mem 0x80010000 0x00000001
core   0: 0x8000f0c0 (0x0000bfe5) c.j     pc - 8
core   0: 3 0x8000f0c0 (0xbfe5)
core   0: 0x8000f0b8 (0x00001f17) auipc   t5, 0x1
core   0: 3 0x8000f0b8 (0x00001f17) x30 0x800100b8
core   0: 0x8000f0bc (0xf43f2423) sw      gp, -184(t5)
core   0: 3 0x8000f0bc (0xf43f2423) mem 0x80010000 0x00000001
core   0: 0x8000f0c0 (0x0000bfe5) c.j     pc - 8
core   0: 3 0x8000f0c0 (0xbfe5)
core   0: 0x8000f0b8 (0x00001f17) auipc   t5, 0x1
core   0: 3 0x8000f0b8 (0x00001f17) x30 0x800100b8
core   0: 0x8000f0bc (0xf43f2423) sw      gp, -184(t5)
core   0: 3 0x8000f0bc (0xf43f2423) mem 0x80010000 0x00000001
core   0: 0x8000f0c0 (0x0000bfe5) c.j     pc - 8
core   0: 3 0x8000f0c0 (0xbfe5)
core   0: 0x8000f0b8 (0x00001f17) auipc   t5, 0x1
core   0: 3 0x8000f0b8 (0x00001f17) x30 0x800100b8
core   0: 0x8000f0bc (0xf43f2423) sw      gp, -184(t5)
core   0: 3 0x8000f0bc (0xf43f2423) mem 0x80010000 0x00000001
core   0: 0x8000f0c0 (0x0000bfe5) c.j     pc - 8
core   0: 3 0x8000f0c0 (0xbfe5)
core   0: 0x8000f0b8 (0x00001f17) auipc   t5, 0x1
core   0: 3 0x8000f0b8 (0x00001f17) x30 0x800100b8
core   0: 0x8000f0bc (0xf43f2423) sw      gp, -184(t5)
core   0: 3 0x8000f0bc (0xf43f2423) mem 0x80010000 0x00000001
core   0: 0x8000f0c0 (0x0000bfe5) c.j     pc - 8
core   0: 3 0x8000f0c0 (0xbfe5)
core   0: 0x8000f0b8 (0x00001f17) auipc   t5, 0x1
core   0: 3 0x8000f0b8 (0x00001f17) x30 0x800100b8
core   0: 0x8000f0bc (0xf43f2423) sw      gp, -184(t5)
core   0: 3 0x8000f0bc (0xf43f2423) mem 0x80010000 0x00000001
core   0: 0x8000f0c0 (0x0000bfe5) c.j     pc - 8
core   0: 3 0x8000f0c0 (0xbfe5)
core   0: 0x8000f0b8 (0x00001f17) auipc   t5, 0x1
core   0: 3 0x8000f0b8 (0x00001f17) x30 0x800100b8
core   0: 0x8000f0bc (0xf43f2423) sw      gp, -184(t5)
core   0: 3 0x8000f0bc (0xf43f2423) mem 0x80010000 0x00000001
core   0: 0x8000f0c0 (0x0000bfe5) c.j     pc - 8
core   0: 3 0x8000f0c0 (0xbfe5)
core   0: 0x8000f0b8 (0x00001f17) auipc   t5, 0x1
core   0: 3 0x8000f0b8 (0x00001f17) x30 0x800100b8
core   0: 0x8000f0bc (0xf43f2423) sw      gp, -184(t5)
core   0: 3 0x8000f0bc (0xf43f2423) mem 0x80010000 0x00000001
core   0: 0x8000f0c0 (0x0000bfe5) c.j     pc - 8
core   0: 3 0x8000f0c0 (0xbfe5)
core   0: 0x8000f0b8 (0x00001f17) auipc   t5, 0x1
core   0: 3 0x8000f0b8 (0x00001f17) x30 0x800100b8
core   0: 0x8000f0bc (0xf43f2423) sw      gp, -184(t5)
core   0: 3 0x8000f0bc (0xf43f2423) mem 0x80010000 0x00000001
core   0: 0x8000f0c0 (0x0000bfe5) c.j     pc - 8
core   0: 3 0x8000f0c0 (0xbfe5)
core   0: 0x8000f0b8 (0x00001f17) auipc   t5, 0x1
core   0: 3 0x8000f0b8 (0x00001f17) x30 0x800100b8
core   0: 0x8000f0bc (0xf43f2423) sw      gp, -184(t5)
core   0: 3 0x8000f0bc (0xf43f2423) mem 0x80010000 0x00000001
core   0: 0x8000f0c0 (0x0000bfe5) c.j     pc - 8
core   0: 3 0x8000f0c0 (0xbfe5)
core   0: 0x8000f0b8 (0x00001f17) auipc   t5, 0x1
core   0: 3 0x8000f0b8 (0x00001f17) x30 0x800100b8
core   0: 0x8000f0bc (0xf43f2423) sw      gp, -184(t5)
core   0: 3 0x8000f0bc (0xf43f2423) mem 0x80010000 0x00000001
core   0: 0x8000f0c0 (0x0000bfe5) c.j     pc - 8
core   0: 3 0x8000f0c0 (0xbfe5)
core   0: 0x8000f0b8 (0x00001f17) auipc   t5, 0x1
core   0: 3 0x8000f0b8 (0x00001f17) x30 0x800100b8
core   0: 0x8000f0bc (0xf43f2423) sw      gp, -184(t5)
core   0: 3 0x8000f0bc (0xf43f2423) mem 0x80010000 0x00000001
core   0: 0x8000f0c0 (0x0000bfe5) c.j     pc - 8
core   0: 3 0x8000f0c0 (0xbfe5)
core   0: 0x8000f0b8 (0x00001f17) auipc   t5, 0x1
core   0: 3 0x8000f0b8 (0x00001f17) x30 0x800100b8
core   0: 0x8000f0bc (0xf43f2423) sw      gp, -184(t5)
core   0: 3 0x8000f0bc (0xf43f2423) mem 0x80010000 0x00000001
core   0: 0x8000f0c0 (0x0000bfe5) c.j     pc - 8
core   0: 3 0x8000f0c0 (0xbfe5)
core   0: 0x8000f0b8 (0x00001f17) auipc   t5, 0x1
core   0: 3 0x8000f0b8 (0x00001f17) x30 0x800100b8
core   0: 0x8000f0bc (0xf43f2423) sw      gp, -184(t5)
core   0: 3 0x8000f0bc (0xf43f2423) mem 0x80010000 0x00000001
core   0: 0x8000f0c0 (0x0000bfe5) c.j     pc - 8
core   0: 3 0x8000f0c0 (0xbfe5)
core   0: 0x8000f0b8 (0x00001f17) auipc   t5, 0x1
core   0: 3 0x8000f0b8 (0x00001f17) x30 0x800100b8
core   0: 0x8000f0bc (0xf43f2423) sw      gp, -184(t5)
core   0: 3 0x8000f0bc (0xf43f2423) mem 0x80010000 0x00000001
core   0: 0x8000f0c0 (0x0000bfe5) c.j     pc - 8
core   0: 3 0x8000f0c0 (0xbfe5)
core   0: 0x8000f0b8 (0x00001f17) auipc   t5, 0x1
core   0: 3 0x8000f0b8 (0x00001f17) x30 0x800100b8
core   0: 0x8000f0bc (0xf43f2423) sw      gp, -184(t5)
core   0: 3 0x8000f0bc (0xf43f2423) mem 0x80010000 0x00000001
core   0: 0x8000f0c0 (0x0000bfe5) c.j     pc - 8
core   0: 3 0x8000f0c0 (0xbfe5)
core   0: 0x8000f0b8 (0x00001f17) auipc   t5, 0x1
core   0: 3 0x8000f0b8 (0x00001f17) x30 0x800100b8
core   0: 0x8000f0bc (0xf43f2423) sw      gp, -184(t5)
core   0: 3 0x8000f0bc (0xf43f2423) mem 0x80010000 0x00000001
core   0: 0x8000f0c0 (0x0000bfe5) c.j     pc - 8
core   0: 3 0x8000f0c0 (0xbfe5)
core   0: 0x8000f0b8 (0x00001f17) auipc   t5, 0x1
core   0: 3 0x8000f0b8 (0x00001f17) x30 0x800100b8
core   0: 0x8000f0bc (0xf43f2423) sw      gp, -184(t5)
core   0: 3 0x8000f0bc (0xf43f2423) mem 0x80010000 0x00000001
core   0: 0x8000f0c0 (0x0000bfe5) c.j     pc - 8
core   0: 3 0x8000f0c0 (0xbfe5)
core   0: 0x8000f0b8 (0x00001f17) auipc   t5, 0x1
core   0: 3 0x8000f0b8 (0x00001f17) x30 0x800100b8
core   0: 0x8000f0bc (0xf43f2423) sw      gp, -184(t5)
core   0: 3 0x8000f0bc (0xf43f2423) mem 0x80010000 0x00000001
core   0: 0x8000f0c0 (0x0000bfe5) c.j     pc - 8
core   0: 3 0x8000f0c0 (0xbfe5)
core   0: 0x8000f0b8 (0x00001f17) auipc   t5, 0x1
core   0: 3 0x8000f0b8 (0x00001f17) x30 0x800100b8
core   0: 0x8000f0bc (0xf43f2423) sw      gp, -184(t5)
core   0: 3 0x8000f0bc (0xf43f2423) mem 0x80010000 0x00000001
core   0: 0x8000f0c0 (0x0000bfe5) c.j     pc - 8
core   0: 3 0x8000f0c0 (0xbfe5)
core   0: 0x8000f0b8 (0x00001f17) auipc   t5, 0x1
core   0: 3 0x8000f0b8 (0x00001f17) x30 0x800100b8
core   0: 0x8000f0bc (0xf43f2423) sw      gp, -184(t5)
core   0: 3 0x8000f0bc (0xf43f2423) mem 0x80010000 0x00000001
core   0: 0x8000f0c0 (0x0000bfe5) c.j     pc - 8
core   0: 3 0x8000f0c0 (0xbfe5)
core   0: 0x8000f0b8 (0x00001f17) auipc   t5, 0x1
core   0: 3 0x8000f0b8 (0x00001f17) x30 0x800100b8
core   0: 0x8000f0bc (0xf43f2423) sw      gp, -184(t5)
core   0: 3 0x8000f0bc (0xf43f2423) mem 0x80010000 0x00000001
core   0: 0x8000f0c0 (0x0000bfe5) c.j     pc - 8
core   0: 3 0x8000f0c0 (0xbfe5)
core   0: 0x8000f0b8 (0x00001f17) auipc   t5, 0x1
core   0: 3 0x8000f0b8 (0x00001f17) x30 0x800100b8
core   0: 0x8000f0bc (0xf43f2423) sw      gp, -184(t5)
core   0: 3 0x8000f0bc (0xf43f2423) mem 0x80010000 0x00000001
core   0: 0x8000f0c0 (0x0000bfe5) c.j     pc - 8
core   0: 3 0x8000f0c0 (0xbfe5)
core   0: 0x8000f0b8 (0x00001f17) auipc   t5, 0x1
core   0: 3 0x8000f0b8 (0x00001f17) x30 0x800100b8
core   0: 0x8000f0bc (0xf43f2423) sw      gp, -184(t5)
core   0: 3 0x8000f0bc (0xf43f2423) mem 0x80010000 0x00000001
core   0: 0x8000f0c0 (0x0000bfe5) c.j     pc - 8
core   0: 3 0x8000f0c0 (0xbfe5)
core   0: 0x8000f0b8 (0x00001f17) auipc   t5, 0x1
core   0: 3 0x8000f0b8 (0x00001f17) x30 0x800100b8
core   0: 0x8000f0bc (0xf43f2423) sw      gp, -184(t5)
core   0: 3 0x8000f0bc (0xf43f2423) mem 0x80010000 0x00000001
core   0: 0x8000f0c0 (0x0000bfe5) c.j     pc - 8
core   0: 3 0x8000f0c0 (0xbfe5)
core   0: 0x8000f0b8 (0x00001f17) auipc   t5, 0x1
core   0: 3 0x8000f0b8 (0x00001f17) x30 0x800100b8
core   0: 0x8000f0bc (0xf43f2423) sw      gp, -184(t5)
core   0: 3 0x8000f0bc (0xf43f2423) mem 0x80010000 0x00000001
core   0: 0x8000f0c0 (0x0000bfe5) c.j     pc - 8
core   0: 3 0x8000f0c0 (0xbfe5)
core   0: 0x8000f0b8 (0x00001f17) auipc   t5, 0x1
core   0: 3 0x8000f0b8 (0x00001f17) x30 0x800100b8
core   0: 0x8000f0bc (0xf43f2423) sw      gp, -184(t5)
core   0: 3 0x8000f0bc (0xf43f2423) mem 0x80010000 0x00000001
core   0: 0x8000f0c0 (0x0000bfe5) c.j     pc - 8
core   0: 3 0x8000f0c0 (0xbfe5)
core   0: 0x8000f0b8 (0x00001f17) auipc   t5, 0x1
core   0: 3 0x8000f0b8 (0x00001f17) x30 0x800100b8
core   0: 0x8000f0bc (0xf43f2423) sw      gp, -184(t5)
core   0: 3 0x8000f0bc (0xf43f2423) mem 0x80010000 0x00000001
core   0: 0x8000f0c0 (0x0000bfe5) c.j     pc - 8
core   0: 3 0x8000f0c0 (0xbfe5)
core   0: 0x8000f0b8 (0x00001f17) auipc   t5, 0x1
core   0: 3 0x8000f0b8 (0x00001f17) x30 0x800100b8
core   0: 0x8000f0bc (0xf43f2423) sw      gp, -184(t5)
core   0: 3 0x8000f0bc (0xf43f2423) mem 0x80010000 0x00000001
core   0: 0x8000f0c0 (0x0000bfe5) c.j     pc - 8
core   0: 3 0x8000f0c0 (0xbfe5)
core   0: 0x8000f0b8 (0x00001f17) auipc   t5, 0x1
core   0: 3 0x8000f0b8 (0x00001f17) x30 0x800100b8
core   0: 0x8000f0bc (0xf43f2423) sw      gp, -184(t5)
core   0: 3 0x8000f0bc (0xf43f2423) mem 0x80010000 0x00000001
core   0: 0x8000f0c0 (0x0000bfe5) c.j     pc - 8
core   0: 3 0x8000f0c0 (0xbfe5)
core   0: 0x8000f0b8 (0x00001f17) auipc   t5, 0x1
core   0: 3 0x8000f0b8 (0x00001f17) x30 0x800100b8
core   0: 0x8000f0bc (0xf43f2423) sw      gp, -184(t5)
core   0: 3 0x8000f0bc (0xf43f2423) mem 0x80010000 0x00000001
core   0: 0x8000f0c0 (0x0000bfe5) c.j     pc - 8
core   0: 3 0x8000f0c0 (0xbfe5)
core   0: 0x8000f0b8 (0x00001f17) auipc   t5, 0x1
core   0: 3 0x8000f0b8 (0x00001f17) x30 0x800100b8
core   0: 0x8000f0bc (0xf43f2423) sw      gp, -184(t5)
core   0: 3 0x8000f0bc (0xf43f2423) mem 0x80010000 0x00000001
core   0: 0x8000f0c0 (0x0000bfe5) c.j     pc - 8
core   0: 3 0x8000f0c0 (0xbfe5)
core   0: 0x8000f0b8 (0x00001f17) auipc   t5, 0x1
core   0: 3 0x8000f0b8 (0x00001f17) x30 0x800100b8
core   0: 0x8000f0bc (0xf43f2423) sw      gp, -184(t5)
core   0: 3 0x8000f0bc (0xf43f2423) mem 0x80010000 0x00000001
core   0: 0x8000f0c0 (0x0000bfe5) c.j     pc - 8
core   0: 3 0x8000f0c0 (0xbfe5)
core   0: 0x8000f0b8 (0x00001f17) auipc   t5, 0x1
core   0: 3 0x8000f0b8 (0x00001f17) x30 0x800100b8
core   0: 0x8000f0bc (0xf43f2423) sw      gp, -184(t5)
core   0: 3 0x8000f0bc (0xf43f2423) mem 0x80010000 0x00000001
core   0: 0x8000f0c0 (0x0000bfe5) c.j     pc - 8
core   0: 3 0x8000f0c0 (0xbfe5)
core   0: 0x8000f0b8 (0x00001f17) auipc   t5, 0x1
core   0: 3 0x8000f0b8 (0x00001f17) x30 0x800100b8
core   0: 0x8000f0bc (0xf43f2423) sw      gp, -184(t5)
core   0: 3 0x8000f0bc (0xf43f2423) mem 0x80010000 0x00000001
core   0: 0x8000f0c0 (0x0000bfe5) c.j     pc - 8
core   0: 3 0x8000f0c0 (0xbfe5)
core   0: 0x8000f0b8 (0x00001f17) auipc   t5, 0x1
core   0: 3 0x8000f0b8 (0x00001f17) x30 0x800100b8
core   0: 0x8000f0bc (0xf43f2423) sw      gp, -184(t5)
core   0: 3 0x8000f0bc (0xf43f2423) mem 0x80010000 0x00000001
core   0: 0x8000f0c0 (0x0000bfe5) c.j     pc - 8
core   0: 3 0x8000f0c0 (0xbfe5)
core   0: 0x8000f0b8 (0x00001f17) auipc   t5, 0x1
core   0: 3 0x8000f0b8 (0x00001f17) x30 0x800100b8
core   0: 0x8000f0bc (0xf43f2423) sw      gp, -184(t5)
core   0: 3 0x8000f0bc (0xf43f2423) mem 0x80010000 0x00000001
core   0: 0x8000f0c0 (0x0000bfe5) c.j     pc - 8
core   0: 3 0x8000f0c0 (0xbfe5)
core   0: 0x8000f0b8 (0x00001f17) auipc   t5, 0x1
core   0: 3 0x8000f0b8 (0x00001f17) x30 0x800100b8
core   0: 0x8000f0bc (0xf43f2423) sw      gp, -184(t5)
core   0: 3 0x8000f0bc (0xf43f2423) mem 0x80010000 0x00000001
core   0: 0x8000f0c0 (0x0000bfe5) c.j     pc - 8
core   0: 3 0x8000f0c0 (0xbfe5)
core   0: 0x8000f0b8 (0x00001f17) auipc   t5, 0x1
core   0: 3 0x8000f0b8 (0x00001f17) x30 0x800100b8
core   0: 0x8000f0bc (0xf43f2423) sw      gp, -184(t5)
core   0: 3 0x8000f0bc (0xf43f2423) mem 0x80010000 0x00000001
core   0: 0x8000f0c0 (0x0000bfe5) c.j     pc - 8
core   0: 3 0x8000f0c0 (0xbfe5)
core   0: 0x8000f0b8 (0x00001f17) auipc   t5, 0x1
core   0: 3 0x8000f0b8 (0x00001f17) x30 0x800100b8
core   0: 0x8000f0bc (0xf43f2423) sw      gp, -184(t5)
core   0: 3 0x8000f0bc (0xf43f2423) mem 0x80010000 0x00000001
core   0: 0x8000f0c0 (0x0000bfe5) c.j     pc - 8
core   0: 3 0x8000f0c0 (0xbfe5)
core   0: 0x8000f0b8 (0x00001f17) auipc   t5, 0x1
core   0: 3 0x8000f0b8 (0x00001f17) x30 0x800100b8
core   0: 0x8000f0bc (0xf43f2423) sw      gp, -184(t5)
core   0: 3 0x8000f0bc (0xf43f2423) mem 0x80010000 0x00000001
core   0: 0x8000f0c0 (0x0000bfe5) c.j     pc - 8
core   0: 3 0x8000f0c0 (0xbfe5)
core   0: 0x8000f0b8 (0x00001f17) auipc   t5, 0x1
core   0: 3 0x8000f0b8 (0x00001f17) x30 0x800100b8
core   0: 0x8000f0bc (0xf43f2423) sw      gp, -184(t5)
core   0: 3 0x8000f0bc (0xf43f2423) mem 0x80010000 0x00000001
core   0: 0x8000f0c0 (0x0000bfe5) c.j     pc - 8
core   0: 3 0x8000f0c0 (0xbfe5)
core   0: 0x8000f0b8 (0x00001f17) auipc   t5, 0x1
core   0: 3 0x8000f0b8 (0x00001f17) x30 0x800100b8
core   0: 0x8000f0bc (0xf43f2423) sw      gp, -184(t5)
core   0: 3 0x8000f0bc (0xf43f2423) mem 0x80010000 0x00000001
core   0: 0x8000f0c0 (0x0000bfe5) c.j     pc - 8
core   0: 3 0x8000f0c0 (0xbfe5)
core   0: 0x8000f0b8 (0x00001f17) auipc   t5, 0x1
core   0: 3 0x8000f0b8 (0x00001f17) x30 0x800100b8
core   0: 0x8000f0bc (0xf43f2423) sw      gp, -184(t5)
core   0: 3 0x8000f0bc (0xf43f2423) mem 0x80010000 0x00000001
core   0: 0x8000f0c0 (0x0000bfe5) c.j     pc - 8
core   0: 3 0x8000f0c0 (0xbfe5)
core   0: 0x8000f0b8 (0x00001f17) auipc   t5, 0x1
core   0: 3 0x8000f0b8 (0x00001f17) x30 0x800100b8
core   0: 0x8000f0bc (0xf43f2423) sw      gp, -184(t5)
core   0: 3 0x8000f0bc (0xf43f2423) mem 0x80010000 0x00000001
core   0: 0x8000f0c0 (0x0000bfe5) c.j     pc - 8
core   0: 3 0x8000f0c0 (0xbfe5)
core   0: 0x8000f0b8 (0x00001f17) auipc   t5, 0x1
core   0: 3 0x8000f0b8 (0x00001f17) x30 0x800100b8
core   0: 0x8000f0bc (0xf43f2423) sw      gp, -184(t5)
core   0: 3 0x8000f0bc (0xf43f2423) mem 0x80010000 0x00000001
core   0: 0x8000f0c0 (0x0000bfe5) c.j     pc - 8
core   0: 3 0x8000f0c0 (0xbfe5)
core   0: 0x8000f0b8 (0x00001f17) auipc   t5, 0x1
core   0: 3 0x8000f0b8 (0x00001f17) x30 0x800100b8
core   0: 0x8000f0bc (0xf43f2423) sw      gp, -184(t5)
core   0: 3 0x8000f0bc (0xf43f2423) mem 0x80010000 0x00000001
core   0: 0x8000f0c0 (0x0000bfe5) c.j     pc - 8
core   0: 3 0x8000f0c0 (0xbfe5)
core   0: 0x8000f0b8 (0x00001f17) auipc   t5, 0x1
core   0: 3 0x8000f0b8 (0x00001f17) x30 0x800100b8
core   0: 0x8000f0bc (0xf43f2423) sw      gp, -184(t5)
core   0: 3 0x8000f0bc (0xf43f2423) mem 0x80010000 0x00000001
core   0: 0x8000f0c0 (0x0000bfe5) c.j     pc - 8
core   0: 3 0x8000f0c0 (0xbfe5)
core   0: 0x8000f0b8 (0x00001f17) auipc   t5, 0x1
core   0: 3 0x8000f0b8 (0x00001f17) x30 0x800100b8
core   0: 0x8000f0bc (0xf43f2423) sw      gp, -184(t5)
core   0: 3 0x8000f0bc (0xf43f2423) mem 0x80010000 0x00000001
core   0: 0x8000f0c0 (0x0000bfe5) c.j     pc - 8
core   0: 3 0x8000f0c0 (0xbfe5)
core   0: 0x8000f0b8 (0x00001f17) auipc   t5, 0x1
core   0: 3 0x8000f0b8 (0x00001f17) x30 0x800100b8
core   0: 0x8000f0bc (0xf43f2423) sw      gp, -184(t5)
core   0: 3 0x8000f0bc (0xf43f2423) mem 0x80010000 0x00000001
core   0: 0x8000f0c0 (0x0000bfe5) c.j     pc - 8
core   0: 3 0x8000f0c0 (0xbfe5)
core   0: 0x8000f0b8 (0x00001f17) auipc   t5, 0x1
core   0: 3 0x8000f0b8 (0x00001f17) x30 0x800100b8
core   0: 0x8000f0bc (0xf43f2423) sw      gp, -184(t5)
core   0: 3 0x8000f0bc (0xf43f2423) mem 0x80010000 0x00000001
core   0: 0x8000f0c0 (0x0000bfe5) c.j     pc - 8
core   0: 3 0x8000f0c0 (0xbfe5)
core   0: 0x8000f0b8 (0x00001f17) auipc   t5, 0x1
core   0: 3 0x8000f0b8 (0x00001f17) x30 0x800100b8
core   0: 0x8000f0bc (0xf43f2423) sw      gp, -184(t5)
core   0: 3 0x8000f0bc (0xf43f2423) mem 0x80010000 0x00000001
core   0: 0x8000f0c0 (0x0000bfe5) c.j     pc - 8
core   0: 3 0x8000f0c0 (0xbfe5)
core   0: 0x8000f0b8 (0x00001f17) auipc   t5, 0x1
core   0: 3 0x8000f0b8 (0x00001f17) x30 0x800100b8
core   0: 0x8000f0bc (0xf43f2423) sw      gp, -184(t5)
core   0: 3 0x8000f0bc (0xf43f2423) mem 0x80010000 0x00000001
core   0: 0x8000f0c0 (0x0000bfe5) c.j     pc - 8
core   0: 3 0x8000f0c0 (0xbfe5)
core   0: 0x8000f0b8 (0x00001f17) auipc   t5, 0x1
core   0: 3 0x8000f0b8 (0x00001f17) x30 0x800100b8
core   0: 0x8000f0bc (0xf43f2423) sw      gp, -184(t5)
core   0: 3 0x8000f0bc (0xf43f2423) mem 0x80010000 0x00000001
core   0: 0x8000f0c0 (0x0000bfe5) c.j     pc - 8
core   0: 3 0x8000f0c0 (0xbfe5)
core   0: 0x8000f0b8 (0x00001f17) auipc   t5, 0x1
core   0: 3 0x8000f0b8 (0x00001f17) x30 0x800100b8
core   0: 0x8000f0bc (0xf43f2423) sw      gp, -184(t5)
core   0: 3 0x8000f0bc (0xf43f2423) mem 0x80010000 0x00000001
core   0: 0x8000f0c0 (0x0000bfe5) c.j     pc - 8
core   0: 3 0x8000f0c0 (0xbfe5)
core   0: 0x8000f0b8 (0x00001f17) auipc   t5, 0x1
core   0: 3 0x8000f0b8 (0x00001f17) x30 0x800100b8
core   0: 0x8000f0bc (0xf43f2423) sw      gp, -184(t5)
core   0: 3 0x8000f0bc (0xf43f2423) mem 0x80010000 0x00000001
core   0: 0x8000f0c0 (0x0000bfe5) c.j     pc - 8
core   0: 3 0x8000f0c0 (0xbfe5)
core   0: 0x8000f0b8 (0x00001f17) auipc   t5, 0x1
core   0: 3 0x8000f0b8 (0x00001f17) x30 0x800100b8
core   0: 0x8000f0bc (0xf43f2423) sw      gp, -184(t5)
core   0: 3 0x8000f0bc (0xf43f2423) mem 0x80010000 0x00000001
core   0: 0x8000f0c0 (0x0000bfe5) c.j     pc - 8
core   0: 3 0x8000f0c0 (0xbfe5)
core   0: 0x8000f0b8 (0x00001f17) auipc   t5, 0x1
core   0: 3 0x8000f0b8 (0x00001f17) x30 0x800100b8
core   0: 0x8000f0bc (0xf43f2423) sw      gp, -184(t5)
core   0: 3 0x8000f0bc (0xf43f2423) mem 0x80010000 0x00000001
core   0: 0x8000f0c0 (0x0000bfe5) c.j     pc - 8
core   0: 3 0x8000f0c0 (0xbfe5)
core   0: 0x8000f0b8 (0x00001f17) auipc   t5, 0x1
core   0: 3 0x8000f0b8 (0x00001f17) x30 0x800100b8
core   0: 0x8000f0bc (0xf43f2423) sw      gp, -184(t5)
core   0: 3 0x8000f0bc (0xf43f2423) mem 0x80010000 0x00000001
core   0: 0x8000f0c0 (0x0000bfe5) c.j     pc - 8
core   0: 3 0x8000f0c0 (0xbfe5)
core   0: 0x8000f0b8 (0x00001f17) auipc   t5, 0x1
core   0: 3 0x8000f0b8 (0x00001f17) x30 0x800100b8
core   0: 0x8000f0bc (0xf43f2423) sw      gp, -184(t5)
core   0: 3 0x8000f0bc (0xf43f2423) mem 0x80010000 0x00000001
core   0: 0x8000f0c0 (0x0000bfe5) c.j     pc - 8
core   0: 3 0x8000f0c0 (0xbfe5)
core   0: 0x8000f0b8 (0x00001f17) auipc   t5, 0x1
core   0: 3 0x8000f0b8 (0x00001f17) x30 0x800100b8
core   0: 0x8000f0bc (0xf43f2423) sw      gp, -184(t5)
core   0: 3 0x8000f0bc (0xf43f2423) mem 0x80010000 0x00000001
core   0: 0x8000f0c0 (0x0000bfe5) c.j     pc - 8
core   0: 3 0x8000f0c0 (0xbfe5)
core   0: 0x8000f0b8 (0x00001f17) auipc   t5, 0x1
core   0: 3 0x8000f0b8 (0x00001f17) x30 0x800100b8
core   0: 0x8000f0bc (0xf43f2423) sw      gp, -184(t5)
core   0: 3 0x8000f0bc (0xf43f2423) mem 0x80010000 0x00000001
core   0: 0x8000f0c0 (0x0000bfe5) c.j     pc - 8
core   0: 3 0x8000f0c0 (0xbfe5)
core   0: 0x8000f0b8 (0x00001f17) auipc   t5, 0x1
core   0: 3 0x8000f0b8 (0x00001f17) x30 0x800100b8
core   0: 0x8000f0bc (0xf43f2423) sw      gp, -184(t5)
core   0: 3 0x8000f0bc (0xf43f2423) mem 0x80010000 0x00000001
core   0: 0x8000f0c0 (0x0000bfe5) c.j     pc - 8
core   0: 3 0x8000f0c0 (0xbfe5)
core   0: 0x8000f0b8 (0x00001f17) auipc   t5, 0x1
core   0: 3 0x8000f0b8 (0x00001f17) x30 0x800100b8
core   0: 0x8000f0bc (0xf43f2423) sw      gp, -184(t5)
core   0: 3 0x8000f0bc (0xf43f2423) mem 0x80010000 0x00000001
core   0: 0x8000f0c0 (0x0000bfe5) c.j     pc - 8
core   0: 3 0x8000f0c0 (0xbfe5)
core   0: 0x8000f0b8 (0x00001f17) auipc   t5, 0x1
core   0: 3 0x8000f0b8 (0x00001f17) x30 0x800100b8
core   0: 0x8000f0bc (0xf43f2423) sw      gp, -184(t5)
core   0: 3 0x8000f0bc (0xf43f2423) mem 0x80010000 0x00000001
core   0: 0x8000f0c0 (0x0000bfe5) c.j     pc - 8
core   0: 3 0x8000f0c0 (0xbfe5)
core   0: 0x8000f0b8 (0x00001f17) auipc   t5, 0x1
core   0: 3 0x8000f0b8 (0x00001f17) x30 0x800100b8
core   0: 0x8000f0bc (0xf43f2423) sw      gp, -184(t5)
core   0: 3 0x8000f0bc (0xf43f2423) mem 0x80010000 0x00000001
core   0: 0x8000f0c0 (0x0000bfe5) c.j     pc - 8
core   0: 3 0x8000f0c0 (0xbfe5)
core   0: 0x8000f0b8 (0x00001f17) auipc   t5, 0x1
core   0: 3 0x8000f0b8 (0x00001f17) x30 0x800100b8
core   0: 0x8000f0bc (0xf43f2423) sw      gp, -184(t5)
core   0: 3 0x8000f0bc (0xf43f2423) mem 0x80010000 0x00000001
core   0: 0x8000f0c0 (0x0000bfe5) c.j     pc - 8
core   0: 3 0x8000f0c0 (0xbfe5)
core   0: 0x8000f0b8 (0x00001f17) auipc   t5, 0x1
core   0: 3 0x8000f0b8 (0x00001f17) x30 0x800100b8
core   0: 0x8000f0bc (0xf43f2423) sw      gp, -184(t5)
core   0: 3 0x8000f0bc (0xf43f2423) mem 0x80010000 0x00000001
core   0: 0x8000f0c0 (0x0000bfe5) c.j     pc - 8
core   0: 3 0x8000f0c0 (0xbfe5)
core   0: 0x8000f0b8 (0x00001f17) auipc   t5, 0x1
core   0: 3 0x8000f0b8 (0x00001f17) x30 0x800100b8
core   0: 0x8000f0bc (0xf43f2423) sw      gp, -184(t5)
core   0: 3 0x8000f0bc (0xf43f2423) mem 0x80010000 0x00000001
core   0: 0x8000f0c0 (0x0000bfe5) c.j     pc - 8
core   0: 3 0x8000f0c0 (0xbfe5)
core   0: 0x8000f0b8 (0x00001f17) auipc   t5, 0x1
core   0: 3 0x8000f0b8 (0x00001f17) x30 0x800100b8
core   0: 0x8000f0bc (0xf43f2423) sw      gp, -184(t5)
core   0: 3 0x8000f0bc (0xf43f2423) mem 0x80010000 0x00000001
core   0: 0x8000f0c0 (0x0000bfe5) c.j     pc - 8
core   0: 3 0x8000f0c0 (0xbfe5)
core   0: 0x8000f0b8 (0x00001f17) auipc   t5, 0x1
core   0: 3 0x8000f0b8 (0x00001f17) x30 0x800100b8
core   0: 0x8000f0bc (0xf43f2423) sw      gp, -184(t5)
core   0: 3 0x8000f0bc (0xf43f2423) mem 0x80010000 0x00000001
core   0: 0x8000f0c0 (0x0000bfe5) c.j     pc - 8
core   0: 3 0x8000f0c0 (0xbfe5)
core   0: 0x8000f0b8 (0x00001f17) auipc   t5, 0x1
core   0: 3 0x8000f0b8 (0x00001f17) x30 0x800100b8
core   0: 0x8000f0bc (0xf43f2423) sw      gp, -184(t5)
core   0: 3 0x8000f0bc (0xf43f2423) mem 0x80010000 0x00000001
core   0: 0x8000f0c0 (0x0000bfe5) c.j     pc - 8
core   0: 3 0x8000f0c0 (0xbfe5)
core   0: 0x8000f0b8 (0x00001f17) auipc   t5, 0x1
core   0: 3 0x8000f0b8 (0x00001f17) x30 0x800100b8
core   0: 0x8000f0bc (0xf43f2423) sw      gp, -184(t5)
core   0: 3 0x8000f0bc (0xf43f2423) mem 0x80010000 0x00000001
core   0: 0x8000f0c0 (0x0000bfe5) c.j     pc - 8
core   0: 3 0x8000f0c0 (0xbfe5)
core   0: 0x8000f0b8 (0x00001f17) auipc   t5, 0x1
core   0: 3 0x8000f0b8 (0x00001f17) x30 0x800100b8
core   0: 0x8000f0bc (0xf43f2423) sw      gp, -184(t5)
core   0: 3 0x8000f0bc (0xf43f2423) mem 0x80010000 0x00000001
core   0: 0x8000f0c0 (0x0000bfe5) c.j     pc - 8
core   0: 3 0x8000f0c0 (0xbfe5)
core   0: 0x8000f0b8 (0x00001f17) auipc   t5, 0x1
core   0: 3 0x8000f0b8 (0x00001f17) x30 0x800100b8
core   0: 0x8000f0bc (0xf43f2423) sw      gp, -184(t5)
core   0: 3 0x8000f0bc (0xf43f2423) mem 0x80010000 0x00000001
core   0: 0x8000f0c0 (0x0000bfe5) c.j     pc - 8
core   0: 3 0x8000f0c0 (0xbfe5)
core   0: 0x8000f0b8 (0x00001f17) auipc   t5, 0x1
core   0: 3 0x8000f0b8 (0x00001f17) x30 0x800100b8
core   0: 0x8000f0bc (0xf43f2423) sw      gp, -184(t5)
core   0: 3 0x8000f0bc (0xf43f2423) mem 0x80010000 0x00000001
core   0: 0x8000f0c0 (0x0000bfe5) c.j     pc - 8
core   0: 3 0x8000f0c0 (0xbfe5)
core   0: 0x8000f0b8 (0x00001f17) auipc   t5, 0x1
core   0: 3 0x8000f0b8 (0x00001f17) x30 0x800100b8
core   0: 0x8000f0bc (0xf43f2423) sw      gp, -184(t5)
core   0: 3 0x8000f0bc (0xf43f2423) mem 0x80010000 0x00000001
core   0: 0x8000f0c0 (0x0000bfe5) c.j     pc - 8
core   0: 3 0x8000f0c0 (0xbfe5)
core   0: 0x8000f0b8 (0x00001f17) auipc   t5, 0x1
core   0: 3 0x8000f0b8 (0x00001f17) x30 0x800100b8
core   0: 0x8000f0bc (0xf43f2423) sw      gp, -184(t5)
core   0: 3 0x8000f0bc (0xf43f2423) mem 0x80010000 0x00000001
core   0: 0x8000f0c0 (0x0000bfe5) c.j     pc - 8
core   0: 3 0x8000f0c0 (0xbfe5)
core   0: 0x8000f0b8 (0x00001f17) auipc   t5, 0x1
core   0: 3 0x8000f0b8 (0x00001f17) x30 0x800100b8
core   0: 0x8000f0bc (0xf43f2423) sw      gp, -184(t5)
core   0: 3 0x8000f0bc (0xf43f2423) mem 0x80010000 0x00000001
core   0: 0x8000f0c0 (0x0000bfe5) c.j     pc - 8
core   0: 3 0x8000f0c0 (0xbfe5)
core   0: 0x8000f0b8 (0x00001f17) auipc   t5, 0x1
core   0: 3 0x8000f0b8 (0x00001f17) x30 0x800100b8
core   0: 0x8000f0bc (0xf43f2423) sw      gp, -184(t5)
core   0: 3 0x8000f0bc (0xf43f2423) mem 0x80010000 0x00000001
core   0: 0x8000f0c0 (0x0000bfe5) c.j     pc - 8
core   0: 3 0x8000f0c0 (0xbfe5)
core   0: 0x8000f0b8 (0x00001f17) auipc   t5, 0x1
core   0: 3 0x8000f0b8 (0x00001f17) x30 0x800100b8
core   0: 0x8000f0bc (0xf43f2423) sw      gp, -184(t5)
core   0: 3 0x8000f0bc (0xf43f2423) mem 0x80010000 0x00000001
core   0: 0x8000f0c0 (0x0000bfe5) c.j     pc - 8
core   0: 3 0x8000f0c0 (0xbfe5)
core   0: 0x8000f0b8 (0x00001f17) auipc   t5, 0x1
core   0: 3 0x8000f0b8 (0x00001f17) x30 0x800100b8
core   0: 0x8000f0bc (0xf43f2423) sw      gp, -184(t5)
core   0: 3 0x8000f0bc (0xf43f2423) mem 0x80010000 0x00000001
core   0: 0x8000f0c0 (0x0000bfe5) c.j     pc - 8
core   0: 3 0x8000f0c0 (0xbfe5)
core   0: 0x8000f0b8 (0x00001f17) auipc   t5, 0x1
core   0: 3 0x8000f0b8 (0x00001f17) x30 0x800100b8
core   0: 0x8000f0bc (0xf43f2423) sw      gp, -184(t5)
core   0: 3 0x8000f0bc (0xf43f2423) mem 0x80010000 0x00000001
core   0: 0x8000f0c0 (0x0000bfe5) c.j     pc - 8
core   0: 3 0x8000f0c0 (0xbfe5)
core   0: 0x8000f0b8 (0x00001f17) auipc   t5, 0x1
core   0: 3 0x8000f0b8 (0x00001f17) x30 0x800100b8
core   0: 0x8000f0bc (0xf43f2423) sw      gp, -184(t5)
core   0: 3 0x8000f0bc (0xf43f2423) mem 0x80010000 0x00000001
core   0: 0x8000f0c0 (0x0000bfe5) c.j     pc - 8
core   0: 3 0x8000f0c0 (0xbfe5)
core   0: 0x8000f0b8 (0x00001f17) auipc   t5, 0x1
core   0: 3 0x8000f0b8 (0x00001f17) x30 0x800100b8
core   0: 0x8000f0bc (0xf43f2423) sw      gp, -184(t5)
core   0: 3 0x8000f0bc (0xf43f2423) mem 0x80010000 0x00000001
core   0: 0x8000f0c0 (0x0000bfe5) c.j     pc - 8
core   0: 3 0x8000f0c0 (0xbfe5)
core   0: 0x8000f0b8 (0x00001f17) auipc   t5, 0x1
core   0: 3 0x8000f0b8 (0x00001f17) x30 0x800100b8
core   0: 0x8000f0bc (0xf43f2423) sw      gp, -184(t5)
core   0: 3 0x8000f0bc (0xf43f2423) mem 0x80010000 0x00000001
core   0: 0x8000f0c0 (0x0000bfe5) c.j     pc - 8
core   0: 3 0x8000f0c0 (0xbfe5)
core   0: 0x8000f0b8 (0x00001f17) auipc   t5, 0x1
core   0: 3 0x8000f0b8 (0x00001f17) x30 0x800100b8
core   0: 0x8000f0bc (0xf43f2423) sw      gp, -184(t5)
core   0: 3 0x8000f0bc (0xf43f2423) mem 0x80010000 0x00000001
core   0: 0x8000f0c0 (0x0000bfe5) c.j     pc - 8
core   0: 3 0x8000f0c0 (0xbfe5)
core   0: 0x8000f0b8 (0x00001f17) auipc   t5, 0x1
core   0: 3 0x8000f0b8 (0x00001f17) x30 0x800100b8
core   0: 0x8000f0bc (0xf43f2423) sw      gp, -184(t5)
core   0: 3 0x8000f0bc (0xf43f2423) mem 0x80010000 0x00000001
core   0: 0x8000f0c0 (0x0000bfe5) c.j     pc - 8
core   0: 3 0x8000f0c0 (0xbfe5)
core   0: 0x8000f0b8 (0x00001f17) auipc   t5, 0x1
core   0: 3 0x8000f0b8 (0x00001f17) x30 0x800100b8
core   0: 0x8000f0bc (0xf43f2423) sw      gp, -184(t5)
core   0: 3 0x8000f0bc (0xf43f2423) mem 0x80010000 0x00000001
core   0: 0x8000f0c0 (0x0000bfe5) c.j     pc - 8
core   0: 3 0x8000f0c0 (0xbfe5)
core   0: 0x8000f0b8 (0x00001f17) auipc   t5, 0x1
core   0: 3 0x8000f0b8 (0x00001f17) x30 0x800100b8
core   0: 0x8000f0bc (0xf43f2423) sw      gp, -184(t5)
core   0: 3 0x8000f0bc (0xf43f2423) mem 0x80010000 0x00000001
core   0: 0x8000f0c0 (0x0000bfe5) c.j     pc - 8
core   0: 3 0x8000f0c0 (0xbfe5)
core   0: 0x8000f0b8 (0x00001f17) auipc   t5, 0x1
core   0: 3 0x8000f0b8 (0x00001f17) x30 0x800100b8
core   0: 0x8000f0bc (0xf43f2423) sw      gp, -184(t5)
core   0: 3 0x8000f0bc (0xf43f2423) mem 0x80010000 0x00000001
core   0: 0x8000f0c0 (0x0000bfe5) c.j     pc - 8
core   0: 3 0x8000f0c0 (0xbfe5)
core   0: 0x8000f0b8 (0x00001f17) auipc   t5, 0x1
core   0: 3 0x8000f0b8 (0x00001f17) x30 0x800100b8
core   0: 0x8000f0bc (0xf43f2423) sw      gp, -184(t5)
core   0: 3 0x8000f0bc (0xf43f2423) mem 0x80010000 0x00000001
core   0: 0x8000f0c0 (0x0000bfe5) c.j     pc - 8
core   0: 3 0x8000f0c0 (0xbfe5)
core   0: 0x8000f0b8 (0x00001f17) auipc   t5, 0x1
core   0: 3 0x8000f0b8 (0x00001f17) x30 0x800100b8
core   0: 0x8000f0bc (0xf43f2423) sw      gp, -184(t5)
core   0: 3 0x8000f0bc (0xf43f2423) mem 0x80010000 0x00000001
core   0: 0x8000f0c0 (0x0000bfe5) c.j     pc - 8
core   0: 3 0x8000f0c0 (0xbfe5)
core   0: 0x8000f0b8 (0x00001f17) auipc   t5, 0x1
core   0: 3 0x8000f0b8 (0x00001f17) x30 0x800100b8
core   0: 0x8000f0bc (0xf43f2423) sw      gp, -184(t5)
core   0: 3 0x8000f0bc (0xf43f2423) mem 0x80010000 0x00000001
core   0: 0x8000f0c0 (0x0000bfe5) c.j     pc - 8
core   0: 3 0x8000f0c0 (0xbfe5)
core   0: 0x8000f0b8 (0x00001f17) auipc   t5, 0x1
core   0: 3 0x8000f0b8 (0x00001f17) x30 0x800100b8
core   0: 0x8000f0bc (0xf43f2423) sw      gp, -184(t5)
core   0: 3 0x8000f0bc (0xf43f2423) mem 0x80010000 0x00000001
core   0: 0x8000f0c0 (0x0000bfe5) c.j     pc - 8
core   0: 3 0x8000f0c0 (0xbfe5)
core   0: 0x8000f0b8 (0x00001f17) auipc   t5, 0x1
core   0: 3 0x8000f0b8 (0x00001f17) x30 0x800100b8
core   0: 0x8000f0bc (0xf43f2423) sw      gp, -184(t5)
core   0: 3 0x8000f0bc (0xf43f2423) mem 0x80010000 0x00000001
core   0: 0x8000f0c0 (0x0000bfe5) c.j     pc - 8
core   0: 3 0x8000f0c0 (0xbfe5)
core   0: 0x8000f0b8 (0x00001f17) auipc   t5, 0x1
core   0: 3 0x8000f0b8 (0x00001f17) x30 0x800100b8
core   0: 0x8000f0bc (0xf43f2423) sw      gp, -184(t5)
core   0: 3 0x8000f0bc (0xf43f2423) mem 0x80010000 0x00000001
core   0: 0x8000f0c0 (0x0000bfe5) c.j     pc - 8
core   0: 3 0x8000f0c0 (0xbfe5)
core   0: 0x8000f0b8 (0x00001f17) auipc   t5, 0x1
core   0: 3 0x8000f0b8 (0x00001f17) x30 0x800100b8
core   0: 0x8000f0bc (0xf43f2423) sw      gp, -184(t5)
core   0: 3 0x8000f0bc (0xf43f2423) mem 0x80010000 0x00000001
core   0: 0x8000f0c0 (0x0000bfe5) c.j     pc - 8
core   0: 3 0x8000f0c0 (0xbfe5)
core   0: 0x8000f0b8 (0x00001f17) auipc   t5, 0x1
core   0: 3 0x8000f0b8 (0x00001f17) x30 0x800100b8
core   0: 0x8000f0bc (0xf43f2423) sw      gp, -184(t5)
core   0: 3 0x8000f0bc (0xf43f2423) mem 0x80010000 0x00000001
core   0: 0x8000f0c0 (0x0000bfe5) c.j     pc - 8
core   0: 3 0x8000f0c0 (0xbfe5)
core   0: 0x8000f0b8 (0x00001f17) auipc   t5, 0x1
core   0: 3 0x8000f0b8 (0x00001f17) x30 0x800100b8
core   0: 0x8000f0bc (0xf43f2423) sw      gp, -184(t5)
core   0: 3 0x8000f0bc (0xf43f2423) mem 0x80010000 0x00000001
core   0: 0x8000f0c0 (0x0000bfe5) c.j     pc - 8
core   0: 3 0x8000f0c0 (0xbfe5)
core   0: 0x8000f0b8 (0x00001f17) auipc   t5, 0x1
core   0: 3 0x8000f0b8 (0x00001f17) x30 0x800100b8
core   0: 0x8000f0bc (0xf43f2423) sw      gp, -184(t5)
core   0: 3 0x8000f0bc (0xf43f2423) mem 0x80010000 0x00000001
core   0: 0x8000f0c0 (0x0000bfe5) c.j     pc - 8
core   0: 3 0x8000f0c0 (0xbfe5)
core   0: 0x8000f0b8 (0x00001f17) auipc   t5, 0x1
core   0: 3 0x8000f0b8 (0x00001f17) x30 0x800100b8
core   0: 0x8000f0bc (0xf43f2423) sw      gp, -184(t5)
core   0: 3 0x8000f0bc (0xf43f2423) mem 0x80010000 0x00000001
core   0: 0x8000f0c0 (0x0000bfe5) c.j     pc - 8
core   0: 3 0x8000f0c0 (0xbfe5)
core   0: 0x8000f0b8 (0x00001f17) auipc   t5, 0x1
core   0: 3 0x8000f0b8 (0x00001f17) x30 0x800100b8
core   0: 0x8000f0bc (0xf43f2423) sw      gp, -184(t5)
core   0: 3 0x8000f0bc (0xf43f2423) mem 0x80010000 0x00000001
core   0: 0x8000f0c0 (0x0000bfe5) c.j     pc - 8
core   0: 3 0x8000f0c0 (0xbfe5)
core   0: 0x8000f0b8 (0x00001f17) auipc   t5, 0x1
core   0: 3 0x8000f0b8 (0x00001f17) x30 0x800100b8
core   0: 0x8000f0bc (0xf43f2423) sw      gp, -184(t5)
core   0: 3 0x8000f0bc (0xf43f2423) mem 0x80010000 0x00000001
core   0: 0x8000f0c0 (0x0000bfe5) c.j     pc - 8
core   0: 3 0x8000f0c0 (0xbfe5)
core   0: 0x8000f0b8 (0x00001f17) auipc   t5, 0x1
core   0: 3 0x8000f0b8 (0x00001f17) x30 0x800100b8
core   0: 0x8000f0bc (0xf43f2423) sw      gp, -184(t5)
core   0: 3 0x8000f0bc (0xf43f2423) mem 0x80010000 0x00000001
core   0: 0x8000f0c0 (0x0000bfe5) c.j     pc - 8
core   0: 3 0x8000f0c0 (0xbfe5)
core   0: 0x8000f0b8 (0x00001f17) auipc   t5, 0x1
core   0: 3 0x8000f0b8 (0x00001f17) x30 0x800100b8
core   0: 0x8000f0bc (0xf43f2423) sw      gp, -184(t5)
core   0: 3 0x8000f0bc (0xf43f2423) mem 0x80010000 0x00000001
core   0: 0x8000f0c0 (0x0000bfe5) c.j     pc - 8
core   0: 3 0x8000f0c0 (0xbfe5)
core   0: 0x8000f0b8 (0x00001f17) auipc   t5, 0x1
core   0: 3 0x8000f0b8 (0x00001f17) x30 0x800100b8
core   0: 0x8000f0bc (0xf43f2423) sw      gp, -184(t5)
core   0: 3 0x8000f0bc (0xf43f2423) mem 0x80010000 0x00000001
core   0: 0x8000f0c0 (0x0000bfe5) c.j     pc - 8
core   0: 3 0x8000f0c0 (0xbfe5)
core   0: 0x8000f0b8 (0x00001f17) auipc   t5, 0x1
core   0: 3 0x8000f0b8 (0x00001f17) x30 0x800100b8
core   0: 0x8000f0bc (0xf43f2423) sw      gp, -184(t5)
core   0: 3 0x8000f0bc (0xf43f2423) mem 0x80010000 0x00000001
core   0: 0x8000f0c0 (0x0000bfe5) c.j     pc - 8
core   0: 3 0x8000f0c0 (0xbfe5)
core   0: 0x8000f0b8 (0x00001f17) auipc   t5, 0x1
core   0: 3 0x8000f0b8 (0x00001f17) x30 0x800100b8
core   0: 0x8000f0bc (0xf43f2423) sw      gp, -184(t5)
core   0: 3 0x8000f0bc (0xf43f2423) mem 0x80010000 0x00000001
core   0: 0x8000f0c0 (0x0000bfe5) c.j     pc - 8
core   0: 3 0x8000f0c0 (0xbfe5)
core   0: 0x8000f0b8 (0x00001f17) auipc   t5, 0x1
core   0: 3 0x8000f0b8 (0x00001f17) x30 0x800100b8
core   0: 0x8000f0bc (0xf43f2423) sw      gp, -184(t5)
core   0: 3 0x8000f0bc (0xf43f2423) mem 0x80010000 0x00000001
core   0: 0x8000f0c0 (0x0000bfe5) c.j     pc - 8
core   0: 3 0x8000f0c0 (0xbfe5)
core   0: 0x8000f0b8 (0x00001f17) auipc   t5, 0x1
core   0: 3 0x8000f0b8 (0x00001f17) x30 0x800100b8
core   0: 0x8000f0bc (0xf43f2423) sw      gp, -184(t5)
core   0: 3 0x8000f0bc (0xf43f2423) mem 0x80010000 0x00000001
core   0: 0x8000f0c0 (0x0000bfe5) c.j     pc - 8
core   0: 3 0x8000f0c0 (0xbfe5)
core   0: 0x8000f0b8 (0x00001f17) auipc   t5, 0x1
core   0: 3 0x8000f0b8 (0x00001f17) x30 0x800100b8
core   0: 0x8000f0bc (0xf43f2423) sw      gp, -184(t5)
core   0: 3 0x8000f0bc (0xf43f2423) mem 0x80010000 0x00000001
core   0: 0x8000f0c0 (0x0000bfe5) c.j     pc - 8
core   0: 3 0x8000f0c0 (0xbfe5)
core   0: 0x8000f0b8 (0x00001f17) auipc   t5, 0x1
core   0: 3 0x8000f0b8 (0x00001f17) x30 0x800100b8
core   0: 0x8000f0bc (0xf43f2423) sw      gp, -184(t5)
core   0: 3 0x8000f0bc (0xf43f2423) mem 0x80010000 0x00000001
core   0: 0x8000f0c0 (0x0000bfe5) c.j     pc - 8
core   0: 3 0x8000f0c0 (0xbfe5)
core   0: 0x8000f0b8 (0x00001f17) auipc   t5, 0x1
core   0: 3 0x8000f0b8 (0x00001f17) x30 0x800100b8
core   0: 0x8000f0bc (0xf43f2423) sw      gp, -184(t5)
core   0: 3 0x8000f0bc (0xf43f2423) mem 0x80010000 0x00000001
core   0: 0x8000f0c0 (0x0000bfe5) c.j     pc - 8
core   0: 3 0x8000f0c0 (0xbfe5)
core   0: 0x8000f0b8 (0x00001f17) auipc   t5, 0x1
core   0: 3 0x8000f0b8 (0x00001f17) x30 0x800100b8
core   0: 0x8000f0bc (0xf43f2423) sw      gp, -184(t5)
core   0: 3 0x8000f0bc (0xf43f2423) mem 0x80010000 0x00000001
core   0: 0x8000f0c0 (0x0000bfe5) c.j     pc - 8
core   0: 3 0x8000f0c0 (0xbfe5)
core   0: 0x8000f0b8 (0x00001f17) auipc   t5, 0x1
core   0: 3 0x8000f0b8 (0x00001f17) x30 0x800100b8
core   0: 0x8000f0bc (0xf43f2423) sw      gp, -184(t5)
core   0: 3 0x8000f0bc (0xf43f2423) mem 0x80010000 0x00000001
core   0: 0x8000f0c0 (0x0000bfe5) c.j     pc - 8
core   0: 3 0x8000f0c0 (0xbfe5)
core   0: 0x8000f0b8 (0x00001f17) auipc   t5, 0x1
core   0: 3 0x8000f0b8 (0x00001f17) x30 0x800100b8
core   0: 0x8000f0bc (0xf43f2423) sw      gp, -184(t5)
core   0: 3 0x8000f0bc (0xf43f2423) mem 0x80010000 0x00000001
core   0: 0x8000f0c0 (0x0000bfe5) c.j     pc - 8
core   0: 3 0x8000f0c0 (0xbfe5)
core   0: 0x8000f0b8 (0x00001f17) auipc   t5, 0x1
core   0: 3 0x8000f0b8 (0x00001f17) x30 0x800100b8
core   0: 0x8000f0bc (0xf43f2423) sw      gp, -184(t5)
core   0: 3 0x8000f0bc (0xf43f2423) mem 0x80010000 0x00000001
core   0: 0x8000f0c0 (0x0000bfe5) c.j     pc - 8
core   0: 3 0x8000f0c0 (0xbfe5)
core   0: 0x8000f0b8 (0x00001f17) auipc   t5, 0x1
core   0: 3 0x8000f0b8 (0x00001f17) x30 0x800100b8
core   0: 0x8000f0bc (0xf43f2423) sw      gp, -184(t5)
core   0: 3 0x8000f0bc (0xf43f2423) mem 0x80010000 0x00000001
core   0: 0x8000f0c0 (0x0000bfe5) c.j     pc - 8
core   0: 3 0x8000f0c0 (0xbfe5)
core   0: 0x8000f0b8 (0x00001f17) auipc   t5, 0x1
core   0: 3 0x8000f0b8 (0x00001f17) x30 0x800100b8
core   0: 0x8000f0bc (0xf43f2423) sw      gp, -184(t5)
core   0: 3 0x8000f0bc (0xf43f2423) mem 0x80010000 0x00000001
core   0: 0x8000f0c0 (0x0000bfe5) c.j     pc - 8
core   0: 3 0x8000f0c0 (0xbfe5)
core   0: 0x8000f0b8 (0x00001f17) auipc   t5, 0x1
core   0: 3 0x8000f0b8 (0x00001f17) x30 0x800100b8
core   0: 0x8000f0bc (0xf43f2423) sw      gp, -184(t5)
core   0: 3 0x8000f0bc (0xf43f2423) mem 0x80010000 0x00000001
core   0: 0x8000f0c0 (0x0000bfe5) c.j     pc - 8
core   0: 3 0x8000f0c0 (0xbfe5)
core   0: 0x8000f0b8 (0x00001f17) auipc   t5, 0x1
core   0: 3 0x8000f0b8 (0x00001f17) x30 0x800100b8
core   0: 0x8000f0bc (0xf43f2423) sw      gp, -184(t5)
core   0: 3 0x8000f0bc (0xf43f2423) mem 0x80010000 0x00000001
core   0: 0x8000f0c0 (0x0000bfe5) c.j     pc - 8
core   0: 3 0x8000f0c0 (0xbfe5)
core   0: 0x8000f0b8 (0x00001f17) auipc   t5, 0x1
core   0: 3 0x8000f0b8 (0x00001f17) x30 0x800100b8
core   0: 0x8000f0bc (0xf43f2423) sw      gp, -184(t5)
core   0: 3 0x8000f0bc (0xf43f2423) mem 0x80010000 0x00000001
core   0: 0x8000f0c0 (0x0000bfe5) c.j     pc - 8
core   0: 3 0x8000f0c0 (0xbfe5)
core   0: 0x8000f0b8 (0x00001f17) auipc   t5, 0x1
core   0: 3 0x8000f0b8 (0x00001f17) x30 0x800100b8
core   0: 0x8000f0bc (0xf43f2423) sw      gp, -184(t5)
core   0: 3 0x8000f0bc (0xf43f2423) mem 0x80010000 0x00000001
core   0: 0x8000f0c0 (0x0000bfe5) c.j     pc - 8
core   0: 3 0x8000f0c0 (0xbfe5)
core   0: 0x8000f0b8 (0x00001f17) auipc   t5, 0x1
core   0: 3 0x8000f0b8 (0x00001f17) x30 0x800100b8
core   0: 0x8000f0bc (0xf43f2423) sw      gp, -184(t5)
core   0: 3 0x8000f0bc (0xf43f2423) mem 0x80010000 0x00000001
core   0: 0x8000f0c0 (0x0000bfe5) c.j     pc - 8
core   0: 3 0x8000f0c0 (0xbfe5)
core   0: 0x8000f0b8 (0x00001f17) auipc   t5, 0x1
core   0: 3 0x8000f0b8 (0x00001f17) x30 0x800100b8
core   0: 0x8000f0bc (0xf43f2423) sw      gp, -184(t5)
core   0: 3 0x8000f0bc (0xf43f2423) mem 0x80010000 0x00000001
core   0: 0x8000f0c0 (0x0000bfe5) c.j     pc - 8
core   0: 3 0x8000f0c0 (0xbfe5)
core   0: 0x8000f0b8 (0x00001f17) auipc   t5, 0x1
core   0: 3 0x8000f0b8 (0x00001f17) x30 0x800100b8
core   0: 0x8000f0bc (0xf43f2423) sw      gp, -184(t5)
core   0: 3 0x8000f0bc (0xf43f2423) mem 0x80010000 0x00000001
core   0: 0x8000f0c0 (0x0000bfe5) c.j     pc - 8
core   0: 3 0x8000f0c0 (0xbfe5)
core   0: 0x8000f0b8 (0x00001f17) auipc   t5, 0x1
core   0: 3 0x8000f0b8 (0x00001f17) x30 0x800100b8
core   0: 0x8000f0bc (0xf43f2423) sw      gp, -184(t5)
core   0: 3 0x8000f0bc (0xf43f2423) mem 0x80010000 0x00000001
core   0: 0x8000f0c0 (0x0000bfe5) c.j     pc - 8
core   0: 3 0x8000f0c0 (0xbfe5)
core   0: 0x8000f0b8 (0x00001f17) auipc   t5, 0x1
core   0: 3 0x8000f0b8 (0x00001f17) x30 0x800100b8
core   0: 0x8000f0bc (0xf43f2423) sw      gp, -184(t5)
core   0: 3 0x8000f0bc (0xf43f2423) mem 0x80010000 0x00000001
core   0: 0x8000f0c0 (0x0000bfe5) c.j     pc - 8
core   0: 3 0x8000f0c0 (0xbfe5)
core   0: 0x8000f0b8 (0x00001f17) auipc   t5, 0x1
core   0: 3 0x8000f0b8 (0x00001f17) x30 0x800100b8
core   0: 0x8000f0bc (0xf43f2423) sw      gp, -184(t5)
core   0: 3 0x8000f0bc (0xf43f2423) mem 0x80010000 0x00000001
core   0: 0x8000f0c0 (0x0000bfe5) c.j     pc - 8
core   0: 3 0x8000f0c0 (0xbfe5)
core   0: 0x8000f0b8 (0x00001f17) auipc   t5, 0x1
core   0: 3 0x8000f0b8 (0x00001f17) x30 0x800100b8
core   0: 0x8000f0bc (0xf43f2423) sw      gp, -184(t5)
core   0: 3 0x8000f0bc (0xf43f2423) mem 0x80010000 0x00000001
core   0: 0x8000f0c0 (0x0000bfe5) c.j     pc - 8
core   0: 3 0x8000f0c0 (0xbfe5)
core   0: 0x8000f0b8 (0x00001f17) auipc   t5, 0x1
core   0: 3 0x8000f0b8 (0x00001f17) x30 0x800100b8
core   0: 0x8000f0bc (0xf43f2423) sw      gp, -184(t5)
core   0: 3 0x8000f0bc (0xf43f2423) mem 0x80010000 0x00000001
core   0: 0x8000f0c0 (0x0000bfe5) c.j     pc - 8
core   0: 3 0x8000f0c0 (0xbfe5)
core   0: 0x8000f0b8 (0x00001f17) auipc   t5, 0x1
core   0: 3 0x8000f0b8 (0x00001f17) x30 0x800100b8
core   0: 0x8000f0bc (0xf43f2423) sw      gp, -184(t5)
core   0: 3 0x8000f0bc (0xf43f2423) mem 0x80010000 0x00000001
core   0: 0x8000f0c0 (0x0000bfe5) c.j     pc - 8
core   0: 3 0x8000f0c0 (0xbfe5)
core   0: 0x8000f0b8 (0x00001f17) auipc   t5, 0x1
core   0: 3 0x8000f0b8 (0x00001f17) x30 0x800100b8
core   0: 0x8000f0bc (0xf43f2423) sw      gp, -184(t5)
core   0: 3 0x8000f0bc (0xf43f2423) mem 0x80010000 0x00000001
core   0: 0x8000f0c0 (0x0000bfe5) c.j     pc - 8
core   0: 3 0x8000f0c0 (0xbfe5)
core   0: 0x8000f0b8 (0x00001f17) auipc   t5, 0x1
core   0: 3 0x8000f0b8 (0x00001f17) x30 0x800100b8
core   0: 0x8000f0bc (0xf43f2423) sw      gp, -184(t5)
core   0: 3 0x8000f0bc (0xf43f2423) mem 0x80010000 0x00000001
core   0: 0x8000f0c0 (0x0000bfe5) c.j     pc - 8
core   0: 3 0x8000f0c0 (0xbfe5)
core   0: 0x8000f0b8 (0x00001f17) auipc   t5, 0x1
core   0: 3 0x8000f0b8 (0x00001f17) x30 0x800100b8
core   0: 0x8000f0bc (0xf43f2423) sw      gp, -184(t5)
core   0: 3 0x8000f0bc (0xf43f2423) mem 0x80010000 0x00000001
core   0: 0x8000f0c0 (0x0000bfe5) c.j     pc - 8
core   0: 3 0x8000f0c0 (0xbfe5)
core   0: 0x8000f0b8 (0x00001f17) auipc   t5, 0x1
core   0: 3 0x8000f0b8 (0x00001f17) x30 0x800100b8
core   0: 0x8000f0bc (0xf43f2423) sw      gp, -184(t5)
core   0: 3 0x8000f0bc (0xf43f2423) mem 0x80010000 0x00000001
core   0: 0x8000f0c0 (0x0000bfe5) c.j     pc - 8
core   0: 3 0x8000f0c0 (0xbfe5)
core   0: 0x8000f0b8 (0x00001f17) auipc   t5, 0x1
core   0: 3 0x8000f0b8 (0x00001f17) x30 0x800100b8
core   0: 0x8000f0bc (0xf43f2423) sw      gp, -184(t5)
core   0: 3 0x8000f0bc (0xf43f2423) mem 0x80010000 0x00000001
core   0: 0x8000f0c0 (0x0000bfe5) c.j     pc - 8
core   0: 3 0x8000f0c0 (0xbfe5)
core   0: 0x8000f0b8 (0x00001f17) auipc   t5, 0x1
core   0: 3 0x8000f0b8 (0x00001f17) x30 0x800100b8
core   0: 0x8000f0bc (0xf43f2423) sw      gp, -184(t5)
core   0: 3 0x8000f0bc (0xf43f2423) mem 0x80010000 0x00000001
core   0: 0x8000f0c0 (0x0000bfe5) c.j     pc - 8
core   0: 3 0x8000f0c0 (0xbfe5)
core   0: 0x8000f0b8 (0x00001f17) auipc   t5, 0x1
core   0: 3 0x8000f0b8 (0x00001f17) x30 0x800100b8
core   0: 0x8000f0bc (0xf43f2423) sw      gp, -184(t5)
core   0: 3 0x8000f0bc (0xf43f2423) mem 0x80010000 0x00000001
core   0: 0x8000f0c0 (0x0000bfe5) c.j     pc - 8
core   0: 3 0x8000f0c0 (0xbfe5)
core   0: 0x8000f0b8 (0x00001f17) auipc   t5, 0x1
core   0: 3 0x8000f0b8 (0x00001f17) x30 0x800100b8
core   0: 0x8000f0bc (0xf43f2423) sw      gp, -184(t5)
core   0: 3 0x8000f0bc (0xf43f2423) mem 0x80010000 0x00000001
core   0: 0x8000f0c0 (0x0000bfe5) c.j     pc - 8
core   0: 3 0x8000f0c0 (0xbfe5)
core   0: 0x8000f0b8 (0x00001f17) auipc   t5, 0x1
core   0: 3 0x8000f0b8 (0x00001f17) x30 0x800100b8
core   0: 0x8000f0bc (0xf43f2423) sw      gp, -184(t5)
core   0: 3 0x8000f0bc (0xf43f2423) mem 0x80010000 0x00000001
core   0: 0x8000f0c0 (0x0000bfe5) c.j     pc - 8
core   0: 3 0x8000f0c0 (0xbfe5)
core   0: 0x8000f0b8 (0x00001f17) auipc   t5, 0x1
core   0: 3 0x8000f0b8 (0x00001f17) x30 0x800100b8
core   0: 0x8000f0bc (0xf43f2423) sw      gp, -184(t5)
core   0: 3 0x8000f0bc (0xf43f2423) mem 0x80010000 0x00000001
core   0: 0x8000f0c0 (0x0000bfe5) c.j     pc - 8
core   0: 3 0x8000f0c0 (0xbfe5)
core   0: 0x8000f0b8 (0x00001f17) auipc   t5, 0x1
core   0: 3 0x8000f0b8 (0x00001f17) x30 0x800100b8
core   0: 0x8000f0bc (0xf43f2423) sw      gp, -184(t5)
core   0: 3 0x8000f0bc (0xf43f2423) mem 0x80010000 0x00000001
core   0: 0x8000f0c0 (0x0000bfe5) c.j     pc - 8
core   0: 3 0x8000f0c0 (0xbfe5)
core   0: 0x8000f0b8 (0x00001f17) auipc   t5, 0x1
core   0: 3 0x8000f0b8 (0x00001f17) x30 0x800100b8
core   0: 0x8000f0bc (0xf43f2423) sw      gp, -184(t5)
core   0: 3 0x8000f0bc (0xf43f2423) mem 0x80010000 0x00000001
core   0: 0x8000f0c0 (0x0000bfe5) c.j     pc - 8
core   0: 3 0x8000f0c0 (0xbfe5)
core   0: 0x8000f0b8 (0x00001f17) auipc   t5, 0x1
core   0: 3 0x8000f0b8 (0x00001f17) x30 0x800100b8
core   0: 0x8000f0bc (0xf43f2423) sw      gp, -184(t5)
core   0: 3 0x8000f0bc (0xf43f2423) mem 0x80010000 0x00000001
core   0: 0x8000f0c0 (0x0000bfe5) c.j     pc - 8
core   0: 3 0x8000f0c0 (0xbfe5)
core   0: 0x8000f0b8 (0x00001f17) auipc   t5, 0x1
core   0: 3 0x8000f0b8 (0x00001f17) x30 0x800100b8
core   0: 0x8000f0bc (0xf43f2423) sw      gp, -184(t5)
core   0: 3 0x8000f0bc (0xf43f2423) mem 0x80010000 0x00000001
core   0: 0x8000f0c0 (0x0000bfe5) c.j     pc - 8
core   0: 3 0x8000f0c0 (0xbfe5)
core   0: 0x8000f0b8 (0x00001f17) auipc   t5, 0x1
core   0: 3 0x8000f0b8 (0x00001f17) x30 0x800100b8
core   0: 0x8000f0bc (0xf43f2423) sw      gp, -184(t5)
core   0: 3 0x8000f0bc (0xf43f2423) mem 0x80010000 0x00000001
core   0: 0x8000f0c0 (0x0000bfe5) c.j     pc - 8
core   0: 3 0x8000f0c0 (0xbfe5)
core   0: 0x8000f0b8 (0x00001f17) auipc   t5, 0x1
core   0: 3 0x8000f0b8 (0x00001f17) x30 0x800100b8
core   0: 0x8000f0bc (0xf43f2423) sw      gp, -184(t5)
core   0: 3 0x8000f0bc (0xf43f2423) mem 0x80010000 0x00000001
core   0: 0x8000f0c0 (0x0000bfe5) c.j     pc - 8
core   0: 3 0x8000f0c0 (0xbfe5)
core   0: 0x8000f0b8 (0x00001f17) auipc   t5, 0x1
core   0: 3 0x8000f0b8 (0x00001f17) x30 0x800100b8
core   0: 0x8000f0bc (0xf43f2423) sw      gp, -184(t5)
core   0: 3 0x8000f0bc (0xf43f2423) mem 0x80010000 0x00000001
core   0: 0x8000f0c0 (0x0000bfe5) c.j     pc - 8
core   0: 3 0x8000f0c0 (0xbfe5)
core   0: 0x8000f0b8 (0x00001f17) auipc   t5, 0x1
core   0: 3 0x8000f0b8 (0x00001f17) x30 0x800100b8
core   0: 0x8000f0bc (0xf43f2423) sw      gp, -184(t5)
core   0: 3 0x8000f0bc (0xf43f2423) mem 0x80010000 0x00000001
core   0: 0x8000f0c0 (0x0000bfe5) c.j     pc - 8
core   0: 3 0x8000f0c0 (0xbfe5)
core   0: 0x8000f0b8 (0x00001f17) auipc   t5, 0x1
core   0: 3 0x8000f0b8 (0x00001f17) x30 0x800100b8
core   0: 0x8000f0bc (0xf43f2423) sw      gp, -184(t5)
core   0: 3 0x8000f0bc (0xf43f2423) mem 0x80010000 0x00000001
core   0: 0x8000f0c0 (0x0000bfe5) c.j     pc - 8
core   0: 3 0x8000f0c0 (0xbfe5)
core   0: 0x8000f0b8 (0x00001f17) auipc   t5, 0x1
core   0: 3 0x8000f0b8 (0x00001f17) x30 0x800100b8
core   0: 0x8000f0bc (0xf43f2423) sw      gp, -184(t5)
core   0: 3 0x8000f0bc (0xf43f2423) mem 0x80010000 0x00000001
core   0: 0x8000f0c0 (0x0000bfe5) c.j     pc - 8
core   0: 3 0x8000f0c0 (0xbfe5)
core   0: 0x8000f0b8 (0x00001f17) auipc   t5, 0x1
core   0: 3 0x8000f0b8 (0x00001f17) x30 0x800100b8
core   0: 0x8000f0bc (0xf43f2423) sw      gp, -184(t5)
core   0: 3 0x8000f0bc (0xf43f2423) mem 0x80010000 0x00000001
core   0: 0x8000f0c0 (0x0000bfe5) c.j     pc - 8
core   0: 3 0x8000f0c0 (0xbfe5)
core   0: 0x8000f0b8 (0x00001f17) auipc   t5, 0x1
core   0: 3 0x8000f0b8 (0x00001f17) x30 0x800100b8
core   0: 0x8000f0bc (0xf43f2423) sw      gp, -184(t5)
core   0: 3 0x8000f0bc (0xf43f2423) mem 0x80010000 0x00000001
core   0: 0x8000f0c0 (0x0000bfe5) c.j     pc - 8
core   0: 3 0x8000f0c0 (0xbfe5)
core   0: 0x8000f0b8 (0x00001f17) auipc   t5, 0x1
core   0: 3 0x8000f0b8 (0x00001f17) x30 0x800100b8
core   0: 0x8000f0bc (0xf43f2423) sw      gp, -184(t5)
core   0: 3 0x8000f0bc (0xf43f2423) mem 0x80010000 0x00000001
core   0: 0x8000f0c0 (0x0000bfe5) c.j     pc - 8
core   0: 3 0x8000f0c0 (0xbfe5)
core   0: 0x8000f0b8 (0x00001f17) auipc   t5, 0x1
core   0: 3 0x8000f0b8 (0x00001f17) x30 0x800100b8
core   0: 0x8000f0bc (0xf43f2423) sw      gp, -184(t5)
core   0: 3 0x8000f0bc (0xf43f2423) mem 0x80010000 0x00000001
core   0: 0x8000f0c0 (0x0000bfe5) c.j     pc - 8
core   0: 3 0x8000f0c0 (0xbfe5)
core   0: 0x8000f0b8 (0x00001f17) auipc   t5, 0x1
core   0: 3 0x8000f0b8 (0x00001f17) x30 0x800100b8
core   0: 0x8000f0bc (0xf43f2423) sw      gp, -184(t5)
core   0: 3 0x8000f0bc (0xf43f2423) mem 0x80010000 0x00000001
core   0: 0x8000f0c0 (0x0000bfe5) c.j     pc - 8
core   0: 3 0x8000f0c0 (0xbfe5)
core   0: 0x8000f0b8 (0x00001f17) auipc   t5, 0x1
core   0: 3 0x8000f0b8 (0x00001f17) x30 0x800100b8
core   0: 0x8000f0bc (0xf43f2423) sw      gp, -184(t5)
core   0: 3 0x8000f0bc (0xf43f2423) mem 0x80010000 0x00000001
core   0: 0x8000f0c0 (0x0000bfe5) c.j     pc - 8
core   0: 3 0x8000f0c0 (0xbfe5)
core   0: 0x8000f0b8 (0x00001f17) auipc   t5, 0x1
core   0: 3 0x8000f0b8 (0x00001f17) x30 0x800100b8
core   0: 0x8000f0bc (0xf43f2423) sw      gp, -184(t5)
core   0: 3 0x8000f0bc (0xf43f2423) mem 0x80010000 0x00000001
core   0: 0x8000f0c0 (0x0000bfe5) c.j     pc - 8
core   0: 3 0x8000f0c0 (0xbfe5)
core   0: 0x8000f0b8 (0x00001f17) auipc   t5, 0x1
core   0: 3 0x8000f0b8 (0x00001f17) x30 0x800100b8
core   0: 0x8000f0bc (0xf43f2423) sw      gp, -184(t5)
core   0: 3 0x8000f0bc (0xf43f2423) mem 0x80010000 0x00000001
core   0: 0x8000f0c0 (0x0000bfe5) c.j     pc - 8
core   0: 3 0x8000f0c0 (0xbfe5)
core   0: 0x8000f0b8 (0x00001f17) auipc   t5, 0x1
core   0: 3 0x8000f0b8 (0x00001f17) x30 0x800100b8
core   0: 0x8000f0bc (0xf43f2423) sw      gp, -184(t5)
core   0: 3 0x8000f0bc (0xf43f2423) mem 0x80010000 0x00000001
core   0: 0x8000f0c0 (0x0000bfe5) c.j     pc - 8
core   0: 3 0x8000f0c0 (0xbfe5)
core   0: 0x8000f0b8 (0x00001f17) auipc   t5, 0x1
core   0: 3 0x8000f0b8 (0x00001f17) x30 0x800100b8
core   0: 0x8000f0bc (0xf43f2423) sw      gp, -184(t5)
core   0: 3 0x8000f0bc (0xf43f2423) mem 0x80010000 0x00000001
core   0: 0x8000f0c0 (0x0000bfe5) c.j     pc - 8
core   0: 3 0x8000f0c0 (0xbfe5)
core   0: 0x8000f0b8 (0x00001f17) auipc   t5, 0x1
core   0: 3 0x8000f0b8 (0x00001f17) x30 0x800100b8
core   0: 0x8000f0bc (0xf43f2423) sw      gp, -184(t5)
core   0: 3 0x8000f0bc (0xf43f2423) mem 0x80010000 0x00000001
core   0: 0x8000f0c0 (0x0000bfe5) c.j     pc - 8
core   0: 3 0x8000f0c0 (0xbfe5)
core   0: 0x8000f0b8 (0x00001f17) auipc   t5, 0x1
core   0: 3 0x8000f0b8 (0x00001f17) x30 0x800100b8
core   0: 0x8000f0bc (0xf43f2423) sw      gp, -184(t5)
core   0: 3 0x8000f0bc (0xf43f2423) mem 0x80010000 0x00000001
core   0: 0x8000f0c0 (0x0000bfe5) c.j     pc - 8
core   0: 3 0x8000f0c0 (0xbfe5)
core   0: 0x8000f0b8 (0x00001f17) auipc   t5, 0x1
core   0: 3 0x8000f0b8 (0x00001f17) x30 0x800100b8
core   0: 0x8000f0bc (0xf43f2423) sw      gp, -184(t5)
core   0: 3 0x8000f0bc (0xf43f2423) mem 0x80010000 0x00000001
core   0: 0x8000f0c0 (0x0000bfe5) c.j     pc - 8
core   0: 3 0x8000f0c0 (0xbfe5)
core   0: 0x8000f0b8 (0x00001f17) auipc   t5, 0x1
core   0: 3 0x8000f0b8 (0x00001f17) x30 0x800100b8
core   0: 0x8000f0bc (0xf43f2423) sw      gp, -184(t5)
core   0: 3 0x8000f0bc (0xf43f2423) mem 0x80010000 0x00000001
core   0: 0x8000f0c0 (0x0000bfe5) c.j     pc - 8
core   0: 3 0x8000f0c0 (0xbfe5)
core   0: 0x8000f0b8 (0x00001f17) auipc   t5, 0x1
core   0: 3 0x8000f0b8 (0x00001f17) x30 0x800100b8
core   0: 0x8000f0bc (0xf43f2423) sw      gp, -184(t5)
core   0: 3 0x8000f0bc (0xf43f2423) mem 0x80010000 0x00000001
core   0: 0x8000f0c0 (0x0000bfe5) c.j     pc - 8
core   0: 3 0x8000f0c0 (0xbfe5)
core   0: 0x8000f0b8 (0x00001f17) auipc   t5, 0x1
core   0: 3 0x8000f0b8 (0x00001f17) x30 0x800100b8
core   0: 0x8000f0bc (0xf43f2423) sw      gp, -184(t5)
core   0: 3 0x8000f0bc (0xf43f2423) mem 0x80010000 0x00000001
core   0: 0x8000f0c0 (0x0000bfe5) c.j     pc - 8
core   0: 3 0x8000f0c0 (0xbfe5)
core   0: 0x8000f0b8 (0x00001f17) auipc   t5, 0x1
core   0: 3 0x8000f0b8 (0x00001f17) x30 0x800100b8
core   0: 0x8000f0bc (0xf43f2423) sw      gp, -184(t5)
core   0: 3 0x8000f0bc (0xf43f2423) mem 0x80010000 0x00000001
core   0: 0x8000f0c0 (0x0000bfe5) c.j     pc - 8
core   0: 3 0x8000f0c0 (0xbfe5)
core   0: 0x8000f0b8 (0x00001f17) auipc   t5, 0x1
core   0: 3 0x8000f0b8 (0x00001f17) x30 0x800100b8
core   0: 0x8000f0bc (0xf43f2423) sw      gp, -184(t5)
core   0: 3 0x8000f0bc (0xf43f2423) mem 0x80010000 0x00000001
core   0: 0x8000f0c0 (0x0000bfe5) c.j     pc - 8
core   0: 3 0x8000f0c0 (0xbfe5)
core   0: 0x8000f0b8 (0x00001f17) auipc   t5, 0x1
core   0: 3 0x8000f0b8 (0x00001f17) x30 0x800100b8
core   0: 0x8000f0bc (0xf43f2423) sw      gp, -184(t5)
core   0: 3 0x8000f0bc (0xf43f2423) mem 0x80010000 0x00000001
core   0: 0x8000f0c0 (0x0000bfe5) c.j     pc - 8
core   0: 3 0x8000f0c0 (0xbfe5)
core   0: 0x8000f0b8 (0x00001f17) auipc   t5, 0x1
core   0: 3 0x8000f0b8 (0x00001f17) x30 0x800100b8
core   0: 0x8000f0bc (0xf43f2423) sw      gp, -184(t5)
core   0: 3 0x8000f0bc (0xf43f2423) mem 0x80010000 0x00000001
core   0: 0x8000f0c0 (0x0000bfe5) c.j     pc - 8
core   0: 3 0x8000f0c0 (0xbfe5)
core   0: 0x8000f0b8 (0x00001f17) auipc   t5, 0x1
core   0: 3 0x8000f0b8 (0x00001f17) x30 0x800100b8
core   0: 0x8000f0bc (0xf43f2423) sw      gp, -184(t5)
core   0: 3 0x8000f0bc (0xf43f2423) mem 0x80010000 0x00000001
core   0: 0x8000f0c0 (0x0000bfe5) c.j     pc - 8
core   0: 3 0x8000f0c0 (0xbfe5)
core   0: 0x8000f0b8 (0x00001f17) auipc   t5, 0x1
core   0: 3 0x8000f0b8 (0x00001f17) x30 0x800100b8
core   0: 0x8000f0bc (0xf43f2423) sw      gp, -184(t5)
core   0: 3 0x8000f0bc (0xf43f2423) mem 0x80010000 0x00000001
core   0: 0x8000f0c0 (0x0000bfe5) c.j     pc - 8
core   0: 3 0x8000f0c0 (0xbfe5)
core   0: 0x8000f0b8 (0x00001f17) auipc   t5, 0x1
core   0: 3 0x8000f0b8 (0x00001f17) x30 0x800100b8
core   0: 0x8000f0bc (0xf43f2423) sw      gp, -184(t5)
core   0: 3 0x8000f0bc (0xf43f2423) mem 0x80010000 0x00000001
core   0: 0x8000f0c0 (0x0000bfe5) c.j     pc - 8
core   0: 3 0x8000f0c0 (0xbfe5)
core   0: 0x8000f0b8 (0x00001f17) auipc   t5, 0x1
core   0: 3 0x8000f0b8 (0x00001f17) x30 0x800100b8
core   0: 0x8000f0bc (0xf43f2423) sw      gp, -184(t5)
core   0: 3 0x8000f0bc (0xf43f2423) mem 0x80010000 0x00000001
core   0: 0x8000f0c0 (0x0000bfe5) c.j     pc - 8
core   0: 3 0x8000f0c0 (0xbfe5)
core   0: 0x8000f0b8 (0x00001f17) auipc   t5, 0x1
core   0: 3 0x8000f0b8 (0x00001f17) x30 0x800100b8
core   0: 0x8000f0bc (0xf43f2423) sw      gp, -184(t5)
core   0: 3 0x8000f0bc (0xf43f2423) mem 0x80010000 0x00000001
core   0: 0x8000f0c0 (0x0000bfe5) c.j     pc - 8
core   0: 3 0x8000f0c0 (0xbfe5)
core   0: 0x8000f0b8 (0x00001f17) auipc   t5, 0x1
core   0: 3 0x8000f0b8 (0x00001f17) x30 0x800100b8
core   0: 0x8000f0bc (0xf43f2423) sw      gp, -184(t5)
core   0: 3 0x8000f0bc (0xf43f2423) mem 0x80010000 0x00000001
core   0: 0x8000f0c0 (0x0000bfe5) c.j     pc - 8
core   0: 3 0x8000f0c0 (0xbfe5)
core   0: 0x8000f0b8 (0x00001f17) auipc   t5, 0x1
core   0: 3 0x8000f0b8 (0x00001f17) x30 0x800100b8
core   0: 0x8000f0bc (0xf43f2423) sw      gp, -184(t5)
core   0: 3 0x8000f0bc (0xf43f2423) mem 0x80010000 0x00000001
core   0: 0x8000f0c0 (0x0000bfe5) c.j     pc - 8
core   0: 3 0x8000f0c0 (0xbfe5)
core   0: 0x8000f0b8 (0x00001f17) auipc   t5, 0x1
core   0: 3 0x8000f0b8 (0x00001f17) x30 0x800100b8
core   0: 0x8000f0bc (0xf43f2423) sw      gp, -184(t5)
core   0: 3 0x8000f0bc (0xf43f2423) mem 0x80010000 0x00000001
core   0: 0x8000f0c0 (0x0000bfe5) c.j     pc - 8
core   0: 3 0x8000f0c0 (0xbfe5)
core   0: 0x8000f0b8 (0x00001f17) auipc   t5, 0x1
core   0: 3 0x8000f0b8 (0x00001f17) x30 0x800100b8
core   0: 0x8000f0bc (0xf43f2423) sw      gp, -184(t5)
core   0: 3 0x8000f0bc (0xf43f2423) mem 0x80010000 0x00000001
core   0: 0x8000f0c0 (0x0000bfe5) c.j     pc - 8
core   0: 3 0x8000f0c0 (0xbfe5)
core   0: 0x8000f0b8 (0x00001f17) auipc   t5, 0x1
core   0: 3 0x8000f0b8 (0x00001f17) x30 0x800100b8
core   0: 0x8000f0bc (0xf43f2423) sw      gp, -184(t5)
core   0: 3 0x8000f0bc (0xf43f2423) mem 0x80010000 0x00000001
core   0: 0x8000f0c0 (0x0000bfe5) c.j     pc - 8
core   0: 3 0x8000f0c0 (0xbfe5)
core   0: 0x8000f0b8 (0x00001f17) auipc   t5, 0x1
core   0: 3 0x8000f0b8 (0x00001f17) x30 0x800100b8
core   0: 0x8000f0bc (0xf43f2423) sw      gp, -184(t5)
core   0: 3 0x8000f0bc (0xf43f2423) mem 0x80010000 0x00000001
core   0: 0x8000f0c0 (0x0000bfe5) c.j     pc - 8
core   0: 3 0x8000f0c0 (0xbfe5)
core   0: 0x8000f0b8 (0x00001f17) auipc   t5, 0x1
core   0: 3 0x8000f0b8 (0x00001f17) x30 0x800100b8
core   0: 0x8000f0bc (0xf43f2423) sw      gp, -184(t5)
core   0: 3 0x8000f0bc (0xf43f2423) mem 0x80010000 0x00000001
core   0: 0x8000f0c0 (0x0000bfe5) c.j     pc - 8
core   0: 3 0x8000f0c0 (0xbfe5)
core   0: 0x8000f0b8 (0x00001f17) auipc   t5, 0x1
core   0: 3 0x8000f0b8 (0x00001f17) x30 0x800100b8
core   0: 0x8000f0bc (0xf43f2423) sw      gp, -184(t5)
core   0: 3 0x8000f0bc (0xf43f2423) mem 0x80010000 0x00000001
core   0: 0x8000f0c0 (0x0000bfe5) c.j     pc - 8
core   0: 3 0x8000f0c0 (0xbfe5)
core   0: 0x8000f0b8 (0x00001f17) auipc   t5, 0x1
core   0: 3 0x8000f0b8 (0x00001f17) x30 0x800100b8
core   0: 0x8000f0bc (0xf43f2423) sw      gp, -184(t5)
core   0: 3 0x8000f0bc (0xf43f2423) mem 0x80010000 0x00000001
core   0: 0x8000f0c0 (0x0000bfe5) c.j     pc - 8
core   0: 3 0x8000f0c0 (0xbfe5)
core   0: 0x8000f0b8 (0x00001f17) auipc   t5, 0x1
core   0: 3 0x8000f0b8 (0x00001f17) x30 0x800100b8
core   0: 0x8000f0bc (0xf43f2423) sw      gp, -184(t5)
core   0: 3 0x8000f0bc (0xf43f2423) mem 0x80010000 0x00000001
core   0: 0x8000f0c0 (0x0000bfe5) c.j     pc - 8
core   0: 3 0x8000f0c0 (0xbfe5)
core   0: 0x8000f0b8 (0x00001f17) auipc   t5, 0x1
core   0: 3 0x8000f0b8 (0x00001f17) x30 0x800100b8
core   0: 0x8000f0bc (0xf43f2423) sw      gp, -184(t5)
core   0: 3 0x8000f0bc (0xf43f2423) mem 0x80010000 0x00000001
core   0: 0x8000f0c0 (0x0000bfe5) c.j     pc - 8
core   0: 3 0x8000f0c0 (0xbfe5)
core   0: 0x8000f0b8 (0x00001f17) auipc   t5, 0x1
core   0: 3 0x8000f0b8 (0x00001f17) x30 0x800100b8
core   0: 0x8000f0bc (0xf43f2423) sw      gp, -184(t5)
core   0: 3 0x8000f0bc (0xf43f2423) mem 0x80010000 0x00000001
core   0: 0x8000f0c0 (0x0000bfe5) c.j     pc - 8
core   0: 3 0x8000f0c0 (0xbfe5)
core   0: 0x8000f0b8 (0x00001f17) auipc   t5, 0x1
core   0: 3 0x8000f0b8 (0x00001f17) x30 0x800100b8
core   0: 0x8000f0bc (0xf43f2423) sw      gp, -184(t5)
core   0: 3 0x8000f0bc (0xf43f2423) mem 0x80010000 0x00000001
core   0: 0x8000f0c0 (0x0000bfe5) c.j     pc - 8
core   0: 3 0x8000f0c0 (0xbfe5)
core   0: 0x8000f0b8 (0x00001f17) auipc   t5, 0x1
core   0: 3 0x8000f0b8 (0x00001f17) x30 0x800100b8
core   0: 0x8000f0bc (0xf43f2423) sw      gp, -184(t5)
core   0: 3 0x8000f0bc (0xf43f2423) mem 0x80010000 0x00000001
core   0: 0x8000f0c0 (0x0000bfe5) c.j     pc - 8
core   0: 3 0x8000f0c0 (0xbfe5)
core   0: 0x8000f0b8 (0x00001f17) auipc   t5, 0x1
core   0: 3 0x8000f0b8 (0x00001f17) x30 0x800100b8
core   0: 0x8000f0bc (0xf43f2423) sw      gp, -184(t5)
core   0: 3 0x8000f0bc (0xf43f2423) mem 0x80010000 0x00000001
core   0: 0x8000f0c0 (0x0000bfe5) c.j     pc - 8
core   0: 3 0x8000f0c0 (0xbfe5)
core   0: 0x8000f0b8 (0x00001f17) auipc   t5, 0x1
core   0: 3 0x8000f0b8 (0x00001f17) x30 0x800100b8
core   0: 0x8000f0bc (0xf43f2423) sw      gp, -184(t5)
core   0: 3 0x8000f0bc (0xf43f2423) mem 0x80010000 0x00000001
core   0: 0x8000f0c0 (0x0000bfe5) c.j     pc - 8
core   0: 3 0x8000f0c0 (0xbfe5)
core   0: 0x8000f0b8 (0x00001f17) auipc   t5, 0x1
core   0: 3 0x8000f0b8 (0x00001f17) x30 0x800100b8
core   0: 0x8000f0bc (0xf43f2423) sw      gp, -184(t5)
core   0: 3 0x8000f0bc (0xf43f2423) mem 0x80010000 0x00000001
core   0: 0x8000f0c0 (0x0000bfe5) c.j     pc - 8
core   0: 3 0x8000f0c0 (0xbfe5)
core   0: 0x8000f0b8 (0x00001f17) auipc   t5, 0x1
core   0: 3 0x8000f0b8 (0x00001f17) x30 0x800100b8
core   0: 0x8000f0bc (0xf43f2423) sw      gp, -184(t5)
core   0: 3 0x8000f0bc (0xf43f2423) mem 0x80010000 0x00000001
core   0: 0x8000f0c0 (0x0000bfe5) c.j     pc - 8
core   0: 3 0x8000f0c0 (0xbfe5)
core   0: 0x8000f0b8 (0x00001f17) auipc   t5, 0x1
core   0: 3 0x8000f0b8 (0x00001f17) x30 0x800100b8
core   0: 0x8000f0bc (0xf43f2423) sw      gp, -184(t5)
core   0: 3 0x8000f0bc (0xf43f2423) mem 0x80010000 0x00000001
core   0: 0x8000f0c0 (0x0000bfe5) c.j     pc - 8
core   0: 3 0x8000f0c0 (0xbfe5)
core   0: 0x8000f0b8 (0x00001f17) auipc   t5, 0x1
core   0: 3 0x8000f0b8 (0x00001f17) x30 0x800100b8
core   0: 0x8000f0bc (0xf43f2423) sw      gp, -184(t5)
core   0: 3 0x8000f0bc (0xf43f2423) mem 0x80010000 0x00000001
core   0: 0x8000f0c0 (0x0000bfe5) c.j     pc - 8
core   0: 3 0x8000f0c0 (0xbfe5)
core   0: 0x8000f0b8 (0x00001f17) auipc   t5, 0x1
core   0: 3 0x8000f0b8 (0x00001f17) x30 0x800100b8
core   0: 0x8000f0bc (0xf43f2423) sw      gp, -184(t5)
core   0: 3 0x8000f0bc (0xf43f2423) mem 0x80010000 0x00000001
core   0: 0x8000f0c0 (0x0000bfe5) c.j     pc - 8
core   0: 3 0x8000f0c0 (0xbfe5)
core   0: 0x8000f0b8 (0x00001f17) auipc   t5, 0x1
core   0: 3 0x8000f0b8 (0x00001f17) x30 0x800100b8
core   0: 0x8000f0bc (0xf43f2423) sw      gp, -184(t5)
core   0: 3 0x8000f0bc (0xf43f2423) mem 0x80010000 0x00000001
core   0: 0x8000f0c0 (0x0000bfe5) c.j     pc - 8
core   0: 3 0x8000f0c0 (0xbfe5)
core   0: 0x8000f0b8 (0x00001f17) auipc   t5, 0x1
core   0: 3 0x8000f0b8 (0x00001f17) x30 0x800100b8
core   0: 0x8000f0bc (0xf43f2423) sw      gp, -184(t5)
core   0: 3 0x8000f0bc (0xf43f2423) mem 0x80010000 0x00000001
core   0: 0x8000f0c0 (0x0000bfe5) c.j     pc - 8
core   0: 3 0x8000f0c0 (0xbfe5)
core   0: 0x8000f0b8 (0x00001f17) auipc   t5, 0x1
core   0: 3 0x8000f0b8 (0x00001f17) x30 0x800100b8
core   0: 0x8000f0bc (0xf43f2423) sw      gp, -184(t5)
core   0: 3 0x8000f0bc (0xf43f2423) mem 0x80010000 0x00000001
core   0: 0x8000f0c0 (0x0000bfe5) c.j     pc - 8
core   0: 3 0x8000f0c0 (0xbfe5)
core   0: 0x8000f0b8 (0x00001f17) auipc   t5, 0x1
core   0: 3 0x8000f0b8 (0x00001f17) x30 0x800100b8
core   0: 0x8000f0bc (0xf43f2423) sw      gp, -184(t5)
core   0: 3 0x8000f0bc (0xf43f2423) mem 0x80010000 0x00000001
core   0: 0x8000f0c0 (0x0000bfe5) c.j     pc - 8
core   0: 3 0x8000f0c0 (0xbfe5)
core   0: 0x8000f0b8 (0x00001f17) auipc   t5, 0x1
core   0: 3 0x8000f0b8 (0x00001f17) x30 0x800100b8
core   0: 0x8000f0bc (0xf43f2423) sw      gp, -184(t5)
core   0: 3 0x8000f0bc (0xf43f2423) mem 0x80010000 0x00000001
core   0: 0x8000f0c0 (0x0000bfe5) c.j     pc - 8
core   0: 3 0x8000f0c0 (0xbfe5)
core   0: 0x8000f0b8 (0x00001f17) auipc   t5, 0x1
core   0: 3 0x8000f0b8 (0x00001f17) x30 0x800100b8
core   0: 0x8000f0bc (0xf43f2423) sw      gp, -184(t5)
core   0: 3 0x8000f0bc (0xf43f2423) mem 0x80010000 0x00000001
core   0: 0x8000f0c0 (0x0000bfe5) c.j     pc - 8
core   0: 3 0x8000f0c0 (0xbfe5)
core   0: 0x8000f0b8 (0x00001f17) auipc   t5, 0x1
core   0: 3 0x8000f0b8 (0x00001f17) x30 0x800100b8
core   0: 0x8000f0bc (0xf43f2423) sw      gp, -184(t5)
core   0: 3 0x8000f0bc (0xf43f2423) mem 0x80010000 0x00000001
core   0: 0x8000f0c0 (0x0000bfe5) c.j     pc - 8
core   0: 3 0x8000f0c0 (0xbfe5)
core   0: 0x8000f0b8 (0x00001f17) auipc   t5, 0x1
core   0: 3 0x8000f0b8 (0x00001f17) x30 0x800100b8
core   0: 0x8000f0bc (0xf43f2423) sw      gp, -184(t5)
core   0: 3 0x8000f0bc (0xf43f2423) mem 0x80010000 0x00000001
core   0: 0x8000f0c0 (0x0000bfe5) c.j     pc - 8
core   0: 3 0x8000f0c0 (0xbfe5)
core   0: 0x8000f0b8 (0x00001f17) auipc   t5, 0x1
core   0: 3 0x8000f0b8 (0x00001f17) x30 0x800100b8
core   0: 0x8000f0bc (0xf43f2423) sw      gp, -184(t5)
core   0: 3 0x8000f0bc (0xf43f2423) mem 0x80010000 0x00000001
core   0: 0x8000f0c0 (0x0000bfe5) c.j     pc - 8
core   0: 3 0x8000f0c0 (0xbfe5)
core   0: 0x8000f0b8 (0x00001f17) auipc   t5, 0x1
core   0: 3 0x8000f0b8 (0x00001f17) x30 0x800100b8
core   0: 0x8000f0bc (0xf43f2423) sw      gp, -184(t5)
core   0: 3 0x8000f0bc (0xf43f2423) mem 0x80010000 0x00000001
core   0: 0x8000f0c0 (0x0000bfe5) c.j     pc - 8
core   0: 3 0x8000f0c0 (0xbfe5)
core   0: 0x8000f0b8 (0x00001f17) auipc   t5, 0x1
core   0: 3 0x8000f0b8 (0x00001f17) x30 0x800100b8
core   0: 0x8000f0bc (0xf43f2423) sw      gp, -184(t5)
core   0: 3 0x8000f0bc (0xf43f2423) mem 0x80010000 0x00000001
core   0: 0x8000f0c0 (0x0000bfe5) c.j     pc - 8
core   0: 3 0x8000f0c0 (0xbfe5)
core   0: 0x8000f0b8 (0x00001f17) auipc   t5, 0x1
core   0: 3 0x8000f0b8 (0x00001f17) x30 0x800100b8
core   0: 0x8000f0bc (0xf43f2423) sw      gp, -184(t5)
core   0: 3 0x8000f0bc (0xf43f2423) mem 0x80010000 0x00000001
core   0: 0x8000f0c0 (0x0000bfe5) c.j     pc - 8
core   0: 3 0x8000f0c0 (0xbfe5)
core   0: 0x8000f0b8 (0x00001f17) auipc   t5, 0x1
core   0: 3 0x8000f0b8 (0x00001f17) x30 0x800100b8
core   0: 0x8000f0bc (0xf43f2423) sw      gp, -184(t5)
core   0: 3 0x8000f0bc (0xf43f2423) mem 0x80010000 0x00000001
core   0: 0x8000f0c0 (0x0000bfe5) c.j     pc - 8
core   0: 3 0x8000f0c0 (0xbfe5)
core   0: 0x8000f0b8 (0x00001f17) auipc   t5, 0x1
core   0: 3 0x8000f0b8 (0x00001f17) x30 0x800100b8
core   0: 0x8000f0bc (0xf43f2423) sw      gp, -184(t5)
core   0: 3 0x8000f0bc (0xf43f2423) mem 0x80010000 0x00000001
core   0: 0x8000f0c0 (0x0000bfe5) c.j     pc - 8
core   0: 3 0x8000f0c0 (0xbfe5)
core   0: 0x8000f0b8 (0x00001f17) auipc   t5, 0x1
core   0: 3 0x8000f0b8 (0x00001f17) x30 0x800100b8
core   0: 0x8000f0bc (0xf43f2423) sw      gp, -184(t5)
core   0: 3 0x8000f0bc (0xf43f2423) mem 0x80010000 0x00000001
core   0: 0x8000f0c0 (0x0000bfe5) c.j     pc - 8
core   0: 3 0x8000f0c0 (0xbfe5)
core   0: 0x8000f0b8 (0x00001f17) auipc   t5, 0x1
core   0: 3 0x8000f0b8 (0x00001f17) x30 0x800100b8
core   0: 0x8000f0bc (0xf43f2423) sw      gp, -184(t5)
core   0: 3 0x8000f0bc (0xf43f2423) mem 0x80010000 0x00000001
core   0: 0x8000f0c0 (0x0000bfe5) c.j     pc - 8
core   0: 3 0x8000f0c0 (0xbfe5)
core   0: 0x8000f0b8 (0x00001f17) auipc   t5, 0x1
core   0: 3 0x8000f0b8 (0x00001f17) x30 0x800100b8
core   0: 0x8000f0bc (0xf43f2423) sw      gp, -184(t5)
core   0: 3 0x8000f0bc (0xf43f2423) mem 0x80010000 0x00000001
core   0: 0x8000f0c0 (0x0000bfe5) c.j     pc - 8
core   0: 3 0x8000f0c0 (0xbfe5)
core   0: 0x8000f0b8 (0x00001f17) auipc   t5, 0x1
core   0: 3 0x8000f0b8 (0x00001f17) x30 0x800100b8
core   0: 0x8000f0bc (0xf43f2423) sw      gp, -184(t5)
core   0: 3 0x8000f0bc (0xf43f2423) mem 0x80010000 0x00000001
core   0: 0x8000f0c0 (0x0000bfe5) c.j     pc - 8
core   0: 3 0x8000f0c0 (0xbfe5)
core   0: 0x8000f0b8 (0x00001f17) auipc   t5, 0x1
core   0: 3 0x8000f0b8 (0x00001f17) x30 0x800100b8
core   0: 0x8000f0bc (0xf43f2423) sw      gp, -184(t5)
core   0: 3 0x8000f0bc (0xf43f2423) mem 0x80010000 0x00000001
core   0: 0x8000f0c0 (0x0000bfe5) c.j     pc - 8
core   0: 3 0x8000f0c0 (0xbfe5)
core   0: 0x8000f0b8 (0x00001f17) auipc   t5, 0x1
core   0: 3 0x8000f0b8 (0x00001f17) x30 0x800100b8
core   0: 0x8000f0bc (0xf43f2423) sw      gp, -184(t5)
core   0: 3 0x8000f0bc (0xf43f2423) mem 0x80010000 0x00000001
core   0: 0x8000f0c0 (0x0000bfe5) c.j     pc - 8
core   0: 3 0x8000f0c0 (0xbfe5)
core   0: 0x8000f0b8 (0x00001f17) auipc   t5, 0x1
core   0: 3 0x8000f0b8 (0x00001f17) x30 0x800100b8
core   0: 0x8000f0bc (0xf43f2423) sw      gp, -184(t5)
core   0: 3 0x8000f0bc (0xf43f2423) mem 0x80010000 0x00000001
core   0: 0x8000f0c0 (0x0000bfe5) c.j     pc - 8
core   0: 3 0x8000f0c0 (0xbfe5)
core   0: 0x8000f0b8 (0x00001f17) auipc   t5, 0x1
core   0: 3 0x8000f0b8 (0x00001f17) x30 0x800100b8
core   0: 0x8000f0bc (0xf43f2423) sw      gp, -184(t5)
core   0: 3 0x8000f0bc (0xf43f2423) mem 0x80010000 0x00000001
core   0: 0x8000f0c0 (0x0000bfe5) c.j     pc - 8
core   0: 3 0x8000f0c0 (0xbfe5)
core   0: 0x8000f0b8 (0x00001f17) auipc   t5, 0x1
core   0: 3 0x8000f0b8 (0x00001f17) x30 0x800100b8
core   0: 0x8000f0bc (0xf43f2423) sw      gp, -184(t5)
core   0: 3 0x8000f0bc (0xf43f2423) mem 0x80010000 0x00000001
core   0: 0x8000f0c0 (0x0000bfe5) c.j     pc - 8
core   0: 3 0x8000f0c0 (0xbfe5)
core   0: 0x8000f0b8 (0x00001f17) auipc   t5, 0x1
core   0: 3 0x8000f0b8 (0x00001f17) x30 0x800100b8
core   0: 0x8000f0bc (0xf43f2423) sw      gp, -184(t5)
core   0: 3 0x8000f0bc (0xf43f2423) mem 0x80010000 0x00000001
core   0: 0x8000f0c0 (0x0000bfe5) c.j     pc - 8
core   0: 3 0x8000f0c0 (0xbfe5)
core   0: 0x8000f0b8 (0x00001f17) auipc   t5, 0x1
core   0: 3 0x8000f0b8 (0x00001f17) x30 0x800100b8
core   0: 0x8000f0bc (0xf43f2423) sw      gp, -184(t5)
core   0: 3 0x8000f0bc (0xf43f2423) mem 0x80010000 0x00000001
core   0: 0x8000f0c0 (0x0000bfe5) c.j     pc - 8
core   0: 3 0x8000f0c0 (0xbfe5)
core   0: 0x8000f0b8 (0x00001f17) auipc   t5, 0x1
core   0: 3 0x8000f0b8 (0x00001f17) x30 0x800100b8
core   0: 0x8000f0bc (0xf43f2423) sw      gp, -184(t5)
core   0: 3 0x8000f0bc (0xf43f2423) mem 0x80010000 0x00000001
core   0: 0x8000f0c0 (0x0000bfe5) c.j     pc - 8
core   0: 3 0x8000f0c0 (0xbfe5)
core   0: 0x8000f0b8 (0x00001f17) auipc   t5, 0x1
core   0: 3 0x8000f0b8 (0x00001f17) x30 0x800100b8
core   0: 0x8000f0bc (0xf43f2423) sw      gp, -184(t5)
core   0: 3 0x8000f0bc (0xf43f2423) mem 0x80010000 0x00000001
core   0: 0x8000f0c0 (0x0000bfe5) c.j     pc - 8
core   0: 3 0x8000f0c0 (0xbfe5)
core   0: 0x8000f0b8 (0x00001f17) auipc   t5, 0x1
core   0: 3 0x8000f0b8 (0x00001f17) x30 0x800100b8
core   0: 0x8000f0bc (0xf43f2423) sw      gp, -184(t5)
core   0: 3 0x8000f0bc (0xf43f2423) mem 0x80010000 0x00000001
core   0: 0x8000f0c0 (0x0000bfe5) c.j     pc - 8
core   0: 3 0x8000f0c0 (0xbfe5)
core   0: 0x8000f0b8 (0x00001f17) auipc   t5, 0x1
core   0: 3 0x8000f0b8 (0x00001f17) x30 0x800100b8
core   0: 0x8000f0bc (0xf43f2423) sw      gp, -184(t5)
core   0: 3 0x8000f0bc (0xf43f2423) mem 0x80010000 0x00000001
core   0: 0x8000f0c0 (0x0000bfe5) c.j     pc - 8
core   0: 3 0x8000f0c0 (0xbfe5)
core   0: 0x8000f0b8 (0x00001f17) auipc   t5, 0x1
core   0: 3 0x8000f0b8 (0x00001f17) x30 0x800100b8
core   0: 0x8000f0bc (0xf43f2423) sw      gp, -184(t5)
core   0: 3 0x8000f0bc (0xf43f2423) mem 0x80010000 0x00000001
core   0: 0x8000f0c0 (0x0000bfe5) c.j     pc - 8
core   0: 3 0x8000f0c0 (0xbfe5)
core   0: 0x8000f0b8 (0x00001f17) auipc   t5, 0x1
core   0: 3 0x8000f0b8 (0x00001f17) x30 0x800100b8
core   0: 0x8000f0bc (0xf43f2423) sw      gp, -184(t5)
core   0: 3 0x8000f0bc (0xf43f2423) mem 0x80010000 0x00000001
core   0: 0x8000f0c0 (0x0000bfe5) c.j     pc - 8
core   0: 3 0x8000f0c0 (0xbfe5)
core   0: 0x8000f0b8 (0x00001f17) auipc   t5, 0x1
core   0: 3 0x8000f0b8 (0x00001f17) x30 0x800100b8
core   0: 0x8000f0bc (0xf43f2423) sw      gp, -184(t5)
core   0: 3 0x8000f0bc (0xf43f2423) mem 0x80010000 0x00000001
core   0: 0x8000f0c0 (0x0000bfe5) c.j     pc - 8
core   0: 3 0x8000f0c0 (0xbfe5)
core   0: 0x8000f0b8 (0x00001f17) auipc   t5, 0x1
core   0: 3 0x8000f0b8 (0x00001f17) x30 0x800100b8
core   0: 0x8000f0bc (0xf43f2423) sw      gp, -184(t5)
core   0: 3 0x8000f0bc (0xf43f2423) mem 0x80010000 0x00000001
core   0: 0x8000f0c0 (0x0000bfe5) c.j     pc - 8
core   0: 3 0x8000f0c0 (0xbfe5)
core   0: 0x8000f0b8 (0x00001f17) auipc   t5, 0x1
core   0: 3 0x8000f0b8 (0x00001f17) x30 0x800100b8
core   0: 0x8000f0bc (0xf43f2423) sw      gp, -184(t5)
core   0: 3 0x8000f0bc (0xf43f2423) mem 0x80010000 0x00000001
core   0: 0x8000f0c0 (0x0000bfe5) c.j     pc - 8
core   0: 3 0x8000f0c0 (0xbfe5)
core   0: 0x8000f0b8 (0x00001f17) auipc   t5, 0x1
core   0: 3 0x8000f0b8 (0x00001f17) x30 0x800100b8
core   0: 0x8000f0bc (0xf43f2423) sw      gp, -184(t5)
core   0: 3 0x8000f0bc (0xf43f2423) mem 0x80010000 0x00000001
core   0: 0x8000f0c0 (0x0000bfe5) c.j     pc - 8
core   0: 3 0x8000f0c0 (0xbfe5)
core   0: 0x8000f0b8 (0x00001f17) auipc   t5, 0x1
core   0: 3 0x8000f0b8 (0x00001f17) x30 0x800100b8
core   0: 0x8000f0bc (0xf43f2423) sw      gp, -184(t5)
core   0: 3 0x8000f0bc (0xf43f2423) mem 0x80010000 0x00000001
core   0: 0x8000f0c0 (0x0000bfe5) c.j     pc - 8
core   0: 3 0x8000f0c0 (0xbfe5)
core   0: 0x8000f0b8 (0x00001f17) auipc   t5, 0x1
core   0: 3 0x8000f0b8 (0x00001f17) x30 0x800100b8
core   0: 0x8000f0bc (0xf43f2423) sw      gp, -184(t5)
core   0: 3 0x8000f0bc (0xf43f2423) mem 0x80010000 0x00000001
core   0: 0x8000f0c0 (0x0000bfe5) c.j     pc - 8
core   0: 3 0x8000f0c0 (0xbfe5)
core   0: 0x8000f0b8 (0x00001f17) auipc   t5, 0x1
core   0: 3 0x8000f0b8 (0x00001f17) x30 0x800100b8
core   0: 0x8000f0bc (0xf43f2423) sw      gp, -184(t5)
core   0: 3 0x8000f0bc (0xf43f2423) mem 0x80010000 0x00000001
core   0: 0x8000f0c0 (0x0000bfe5) c.j     pc - 8
core   0: 3 0x8000f0c0 (0xbfe5)
core   0: 0x8000f0b8 (0x00001f17) auipc   t5, 0x1
core   0: 3 0x8000f0b8 (0x00001f17) x30 0x800100b8
core   0: 0x8000f0bc (0xf43f2423) sw      gp, -184(t5)
core   0: 3 0x8000f0bc (0xf43f2423) mem 0x80010000 0x00000001
core   0: 0x8000f0c0 (0x0000bfe5) c.j     pc - 8
core   0: 3 0x8000f0c0 (0xbfe5)
core   0: 0x8000f0b8 (0x00001f17) auipc   t5, 0x1
core   0: 3 0x8000f0b8 (0x00001f17) x30 0x800100b8
core   0: 0x8000f0bc (0xf43f2423) sw      gp, -184(t5)
core   0: 3 0x8000f0bc (0xf43f2423) mem 0x80010000 0x00000001
core   0: 0x8000f0c0 (0x0000bfe5) c.j     pc - 8
core   0: 3 0x8000f0c0 (0xbfe5)
core   0: 0x8000f0b8 (0x00001f17) auipc   t5, 0x1
core   0: 3 0x8000f0b8 (0x00001f17) x30 0x800100b8
core   0: 0x8000f0bc (0xf43f2423) sw      gp, -184(t5)
core   0: 3 0x8000f0bc (0xf43f2423) mem 0x80010000 0x00000001
core   0: 0x8000f0c0 (0x0000bfe5) c.j     pc - 8
core   0: 3 0x8000f0c0 (0xbfe5)
core   0: 0x8000f0b8 (0x00001f17) auipc   t5, 0x1
core   0: 3 0x8000f0b8 (0x00001f17) x30 0x800100b8
core   0: 0x8000f0bc (0xf43f2423) sw      gp, -184(t5)
core   0: 3 0x8000f0bc (0xf43f2423) mem 0x80010000 0x00000001
core   0: 0x8000f0c0 (0x0000bfe5) c.j     pc - 8
core   0: 3 0x8000f0c0 (0xbfe5)
core   0: 0x8000f0b8 (0x00001f17) auipc   t5, 0x1
core   0: 3 0x8000f0b8 (0x00001f17) x30 0x800100b8
core   0: 0x8000f0bc (0xf43f2423) sw      gp, -184(t5)
core   0: 3 0x8000f0bc (0xf43f2423) mem 0x80010000 0x00000001
core   0: 0x8000f0c0 (0x0000bfe5) c.j     pc - 8
core   0: 3 0x8000f0c0 (0xbfe5)
core   0: 0x8000f0b8 (0x00001f17) auipc   t5, 0x1
core   0: 3 0x8000f0b8 (0x00001f17) x30 0x800100b8
core   0: 0x8000f0bc (0xf43f2423) sw      gp, -184(t5)
core   0: 3 0x8000f0bc (0xf43f2423) mem 0x80010000 0x00000001
core   0: 0x8000f0c0 (0x0000bfe5) c.j     pc - 8
core   0: 3 0x8000f0c0 (0xbfe5)
core   0: 0x8000f0b8 (0x00001f17) auipc   t5, 0x1
core   0: 3 0x8000f0b8 (0x00001f17) x30 0x800100b8
core   0: 0x8000f0bc (0xf43f2423) sw      gp, -184(t5)
core   0: 3 0x8000f0bc (0xf43f2423) mem 0x80010000 0x00000001
core   0: 0x8000f0c0 (0x0000bfe5) c.j     pc - 8
core   0: 3 0x8000f0c0 (0xbfe5)
core   0: 0x8000f0b8 (0x00001f17) auipc   t5, 0x1
core   0: 3 0x8000f0b8 (0x00001f17) x30 0x800100b8
core   0: 0x8000f0bc (0xf43f2423) sw      gp, -184(t5)
core   0: 3 0x8000f0bc (0xf43f2423) mem 0x80010000 0x00000001
core   0: 0x8000f0c0 (0x0000bfe5) c.j     pc - 8
core   0: 3 0x8000f0c0 (0xbfe5)
core   0: 0x8000f0b8 (0x00001f17) auipc   t5, 0x1
core   0: 3 0x8000f0b8 (0x00001f17) x30 0x800100b8
core   0: 0x8000f0bc (0xf43f2423) sw      gp, -184(t5)
core   0: 3 0x8000f0bc (0xf43f2423) mem 0x80010000 0x00000001
core   0: 0x8000f0c0 (0x0000bfe5) c.j     pc - 8
core   0: 3 0x8000f0c0 (0xbfe5)
core   0: 0x8000f0b8 (0x00001f17) auipc   t5, 0x1
core   0: 3 0x8000f0b8 (0x00001f17) x30 0x800100b8
core   0: 0x8000f0bc (0xf43f2423) sw      gp, -184(t5)
core   0: 3 0x8000f0bc (0xf43f2423) mem 0x80010000 0x00000001
core   0: 0x8000f0c0 (0x0000bfe5) c.j     pc - 8
core   0: 3 0x8000f0c0 (0xbfe5)
core   0: 0x8000f0b8 (0x00001f17) auipc   t5, 0x1
core   0: 3 0x8000f0b8 (0x00001f17) x30 0x800100b8
core   0: 0x8000f0bc (0xf43f2423) sw      gp, -184(t5)
core   0: 3 0x8000f0bc (0xf43f2423) mem 0x80010000 0x00000001
core   0: 0x8000f0c0 (0x0000bfe5) c.j     pc - 8
core   0: 3 0x8000f0c0 (0xbfe5)
core   0: 0x8000f0b8 (0x00001f17) auipc   t5, 0x1
core   0: 3 0x8000f0b8 (0x00001f17) x30 0x800100b8
core   0: 0x8000f0bc (0xf43f2423) sw      gp, -184(t5)
core   0: 3 0x8000f0bc (0xf43f2423) mem 0x80010000 0x00000001
core   0: 0x8000f0c0 (0x0000bfe5) c.j     pc - 8
core   0: 3 0x8000f0c0 (0xbfe5)
core   0: 0x8000f0b8 (0x00001f17) auipc   t5, 0x1
core   0: 3 0x8000f0b8 (0x00001f17) x30 0x800100b8
core   0: 0x8000f0bc (0xf43f2423) sw      gp, -184(t5)
core   0: 3 0x8000f0bc (0xf43f2423) mem 0x80010000 0x00000001
core   0: 0x8000f0c0 (0x0000bfe5) c.j     pc - 8
core   0: 3 0x8000f0c0 (0xbfe5)
core   0: 0x8000f0b8 (0x00001f17) auipc   t5, 0x1
core   0: 3 0x8000f0b8 (0x00001f17) x30 0x800100b8
core   0: 0x8000f0bc (0xf43f2423) sw      gp, -184(t5)
core   0: 3 0x8000f0bc (0xf43f2423) mem 0x80010000 0x00000001
core   0: 0x8000f0c0 (0x0000bfe5) c.j     pc - 8
core   0: 3 0x8000f0c0 (0xbfe5)
core   0: 0x8000f0b8 (0x00001f17) auipc   t5, 0x1
core   0: 3 0x8000f0b8 (0x00001f17) x30 0x800100b8
core   0: 0x8000f0bc (0xf43f2423) sw      gp, -184(t5)
core   0: 3 0x8000f0bc (0xf43f2423) mem 0x80010000 0x00000001
core   0: 0x8000f0c0 (0x0000bfe5) c.j     pc - 8
core   0: 3 0x8000f0c0 (0xbfe5)
core   0: 0x8000f0b8 (0x00001f17) auipc   t5, 0x1
core   0: 3 0x8000f0b8 (0x00001f17) x30 0x800100b8
core   0: 0x8000f0bc (0xf43f2423) sw      gp, -184(t5)
core   0: 3 0x8000f0bc (0xf43f2423) mem 0x80010000 0x00000001
core   0: 0x8000f0c0 (0x0000bfe5) c.j     pc - 8
core   0: 3 0x8000f0c0 (0xbfe5)
core   0: 0x8000f0b8 (0x00001f17) auipc   t5, 0x1
core   0: 3 0x8000f0b8 (0x00001f17) x30 0x800100b8
core   0: 0x8000f0bc (0xf43f2423) sw      gp, -184(t5)
core   0: 3 0x8000f0bc (0xf43f2423) mem 0x80010000 0x00000001
core   0: 0x8000f0c0 (0x0000bfe5) c.j     pc - 8
core   0: 3 0x8000f0c0 (0xbfe5)
core   0: 0x8000f0b8 (0x00001f17) auipc   t5, 0x1
core   0: 3 0x8000f0b8 (0x00001f17) x30 0x800100b8
core   0: 0x8000f0bc (0xf43f2423) sw      gp, -184(t5)
core   0: 3 0x8000f0bc (0xf43f2423) mem 0x80010000 0x00000001
core   0: 0x8000f0c0 (0x0000bfe5) c.j     pc - 8
core   0: 3 0x8000f0c0 (0xbfe5)
core   0: 0x8000f0b8 (0x00001f17) auipc   t5, 0x1
core   0: 3 0x8000f0b8 (0x00001f17) x30 0x800100b8
core   0: 0x8000f0bc (0xf43f2423) sw      gp, -184(t5)
core   0: 3 0x8000f0bc (0xf43f2423) mem 0x80010000 0x00000001
core   0: 0x8000f0c0 (0x0000bfe5) c.j     pc - 8
core   0: 3 0x8000f0c0 (0xbfe5)
core   0: 0x8000f0b8 (0x00001f17) auipc   t5, 0x1
core   0: 3 0x8000f0b8 (0x00001f17) x30 0x800100b8
core   0: 0x8000f0bc (0xf43f2423) sw      gp, -184(t5)
core   0: 3 0x8000f0bc (0xf43f2423) mem 0x80010000 0x00000001
core   0: 0x8000f0c0 (0x0000bfe5) c.j     pc - 8
core   0: 3 0x8000f0c0 (0xbfe5)
core   0: 0x8000f0b8 (0x00001f17) auipc   t5, 0x1
core   0: 3 0x8000f0b8 (0x00001f17) x30 0x800100b8
core   0: 0x8000f0bc (0xf43f2423) sw      gp, -184(t5)
core   0: 3 0x8000f0bc (0xf43f2423) mem 0x80010000 0x00000001
core   0: 0x8000f0c0 (0x0000bfe5) c.j     pc - 8
core   0: 3 0x8000f0c0 (0xbfe5)
core   0: 0x8000f0b8 (0x00001f17) auipc   t5, 0x1
core   0: 3 0x8000f0b8 (0x00001f17) x30 0x800100b8
core   0: 0x8000f0bc (0xf43f2423) sw      gp, -184(t5)
core   0: 3 0x8000f0bc (0xf43f2423) mem 0x80010000 0x00000001
core   0: 0x8000f0c0 (0x0000bfe5) c.j     pc - 8
core   0: 3 0x8000f0c0 (0xbfe5)
core   0: 0x8000f0b8 (0x00001f17) auipc   t5, 0x1
core   0: 3 0x8000f0b8 (0x00001f17) x30 0x800100b8
core   0: 0x8000f0bc (0xf43f2423) sw      gp, -184(t5)
core   0: 3 0x8000f0bc (0xf43f2423) mem 0x80010000 0x00000001
core   0: 0x8000f0c0 (0x0000bfe5) c.j     pc - 8
core   0: 3 0x8000f0c0 (0xbfe5)
core   0: 0x8000f0b8 (0x00001f17) auipc   t5, 0x1
core   0: 3 0x8000f0b8 (0x00001f17) x30 0x800100b8
core   0: 0x8000f0bc (0xf43f2423) sw      gp, -184(t5)
core   0: 3 0x8000f0bc (0xf43f2423) mem 0x80010000 0x00000001
core   0: 0x8000f0c0 (0x0000bfe5) c.j     pc - 8
core   0: 3 0x8000f0c0 (0xbfe5)
core   0: 0x8000f0b8 (0x00001f17) auipc   t5, 0x1
core   0: 3 0x8000f0b8 (0x00001f17) x30 0x800100b8
core   0: 0x8000f0bc (0xf43f2423) sw      gp, -184(t5)
core   0: 3 0x8000f0bc (0xf43f2423) mem 0x80010000 0x00000001
core   0: 0x8000f0c0 (0x0000bfe5) c.j     pc - 8
core   0: 3 0x8000f0c0 (0xbfe5)
core   0: 0x8000f0b8 (0x00001f17) auipc   t5, 0x1
core   0: 3 0x8000f0b8 (0x00001f17) x30 0x800100b8
core   0: 0x8000f0bc (0xf43f2423) sw      gp, -184(t5)
core   0: 3 0x8000f0bc (0xf43f2423) mem 0x80010000 0x00000001
core   0: 0x8000f0c0 (0x0000bfe5) c.j     pc - 8
core   0: 3 0x8000f0c0 (0xbfe5)
core   0: 0x8000f0b8 (0x00001f17) auipc   t5, 0x1
core   0: 3 0x8000f0b8 (0x00001f17) x30 0x800100b8
core   0: 0x8000f0bc (0xf43f2423) sw      gp, -184(t5)
core   0: 3 0x8000f0bc (0xf43f2423) mem 0x80010000 0x00000001
core   0: 0x8000f0c0 (0x0000bfe5) c.j     pc - 8
core   0: 3 0x8000f0c0 (0xbfe5)
core   0: 0x8000f0b8 (0x00001f17) auipc   t5, 0x1
core   0: 3 0x8000f0b8 (0x00001f17) x30 0x800100b8
core   0: 0x8000f0bc (0xf43f2423) sw      gp, -184(t5)
core   0: 3 0x8000f0bc (0xf43f2423) mem 0x80010000 0x00000001
core   0: 0x8000f0c0 (0x0000bfe5) c.j     pc - 8
core   0: 3 0x8000f0c0 (0xbfe5)
core   0: 0x8000f0b8 (0x00001f17) auipc   t5, 0x1
core   0: 3 0x8000f0b8 (0x00001f17) x30 0x800100b8
core   0: 0x8000f0bc (0xf43f2423) sw      gp, -184(t5)
core   0: 3 0x8000f0bc (0xf43f2423) mem 0x80010000 0x00000001
core   0: 0x8000f0c0 (0x0000bfe5) c.j     pc - 8
core   0: 3 0x8000f0c0 (0xbfe5)
core   0: 0x8000f0b8 (0x00001f17) auipc   t5, 0x1
core   0: 3 0x8000f0b8 (0x00001f17) x30 0x800100b8
core   0: 0x8000f0bc (0xf43f2423) sw      gp, -184(t5)
core   0: 3 0x8000f0bc (0xf43f2423) mem 0x80010000 0x00000001
core   0: 0x8000f0c0 (0x0000bfe5) c.j     pc - 8
core   0: 3 0x8000f0c0 (0xbfe5)
core   0: 0x8000f0b8 (0x00001f17) auipc   t5, 0x1
core   0: 3 0x8000f0b8 (0x00001f17) x30 0x800100b8
core   0: 0x8000f0bc (0xf43f2423) sw      gp, -184(t5)
core   0: 3 0x8000f0bc (0xf43f2423) mem 0x80010000 0x00000001
core   0: 0x8000f0c0 (0x0000bfe5) c.j     pc - 8
core   0: 3 0x8000f0c0 (0xbfe5)
core   0: 0x8000f0b8 (0x00001f17) auipc   t5, 0x1
core   0: 3 0x8000f0b8 (0x00001f17) x30 0x800100b8
core   0: 0x8000f0bc (0xf43f2423) sw      gp, -184(t5)
core   0: 3 0x8000f0bc (0xf43f2423) mem 0x80010000 0x00000001
core   0: 0x8000f0c0 (0x0000bfe5) c.j     pc - 8
core   0: 3 0x8000f0c0 (0xbfe5)
core   0: 0x8000f0b8 (0x00001f17) auipc   t5, 0x1
core   0: 3 0x8000f0b8 (0x00001f17) x30 0x800100b8
core   0: 0x8000f0bc (0xf43f2423) sw      gp, -184(t5)
core   0: 3 0x8000f0bc (0xf43f2423) mem 0x80010000 0x00000001
core   0: 0x8000f0c0 (0x0000bfe5) c.j     pc - 8
core   0: 3 0x8000f0c0 (0xbfe5)
core   0: 0x8000f0b8 (0x00001f17) auipc   t5, 0x1
core   0: 3 0x8000f0b8 (0x00001f17) x30 0x800100b8
core   0: 0x8000f0bc (0xf43f2423) sw      gp, -184(t5)
core   0: 3 0x8000f0bc (0xf43f2423) mem 0x80010000 0x00000001
core   0: 0x8000f0c0 (0x0000bfe5) c.j     pc - 8
core   0: 3 0x8000f0c0 (0xbfe5)
core   0: 0x8000f0b8 (0x00001f17) auipc   t5, 0x1
core   0: 3 0x8000f0b8 (0x00001f17) x30 0x800100b8
core   0: 0x8000f0bc (0xf43f2423) sw      gp, -184(t5)
core   0: 3 0x8000f0bc (0xf43f2423) mem 0x80010000 0x00000001
core   0: 0x8000f0c0 (0x0000bfe5) c.j     pc - 8
core   0: 3 0x8000f0c0 (0xbfe5)
core   0: 0x8000f0b8 (0x00001f17) auipc   t5, 0x1
core   0: 3 0x8000f0b8 (0x00001f17) x30 0x800100b8
core   0: 0x8000f0bc (0xf43f2423) sw      gp, -184(t5)
core   0: 3 0x8000f0bc (0xf43f2423) mem 0x80010000 0x00000001
core   0: 0x8000f0c0 (0x0000bfe5) c.j     pc - 8
core   0: 3 0x8000f0c0 (0xbfe5)
core   0: 0x8000f0b8 (0x00001f17) auipc   t5, 0x1
core   0: 3 0x8000f0b8 (0x00001f17) x30 0x800100b8
core   0: 0x8000f0bc (0xf43f2423) sw      gp, -184(t5)
core   0: 3 0x8000f0bc (0xf43f2423) mem 0x80010000 0x00000001
core   0: 0x8000f0c0 (0x0000bfe5) c.j     pc - 8
core   0: 3 0x8000f0c0 (0xbfe5)
core   0: 0x8000f0b8 (0x00001f17) auipc   t5, 0x1
core   0: 3 0x8000f0b8 (0x00001f17) x30 0x800100b8
core   0: 0x8000f0bc (0xf43f2423) sw      gp, -184(t5)
core   0: 3 0x8000f0bc (0xf43f2423) mem 0x80010000 0x00000001
core   0: 0x8000f0c0 (0x0000bfe5) c.j     pc - 8
core   0: 3 0x8000f0c0 (0xbfe5)
core   0: 0x8000f0b8 (0x00001f17) auipc   t5, 0x1
core   0: 3 0x8000f0b8 (0x00001f17) x30 0x800100b8
core   0: 0x8000f0bc (0xf43f2423) sw      gp, -184(t5)
core   0: 3 0x8000f0bc (0xf43f2423) mem 0x80010000 0x00000001
core   0: 0x8000f0c0 (0x0000bfe5) c.j     pc - 8
core   0: 3 0x8000f0c0 (0xbfe5)
core   0: 0x8000f0b8 (0x00001f17) auipc   t5, 0x1
core   0: 3 0x8000f0b8 (0x00001f17) x30 0x800100b8
core   0: 0x8000f0bc (0xf43f2423) sw      gp, -184(t5)
core   0: 3 0x8000f0bc (0xf43f2423) mem 0x80010000 0x00000001
core   0: 0x8000f0c0 (0x0000bfe5) c.j     pc - 8
core   0: 3 0x8000f0c0 (0xbfe5)
core   0: 0x8000f0b8 (0x00001f17) auipc   t5, 0x1
core   0: 3 0x8000f0b8 (0x00001f17) x30 0x800100b8
core   0: 0x8000f0bc (0xf43f2423) sw      gp, -184(t5)
core   0: 3 0x8000f0bc (0xf43f2423) mem 0x80010000 0x00000001
core   0: 0x8000f0c0 (0x0000bfe5) c.j     pc - 8
core   0: 3 0x8000f0c0 (0xbfe5)
core   0: 0x8000f0b8 (0x00001f17) auipc   t5, 0x1
core   0: 3 0x8000f0b8 (0x00001f17) x30 0x800100b8
core   0: 0x8000f0bc (0xf43f2423) sw      gp, -184(t5)
core   0: 3 0x8000f0bc (0xf43f2423) mem 0x80010000 0x00000001
core   0: 0x8000f0c0 (0x0000bfe5) c.j     pc - 8
core   0: 3 0x8000f0c0 (0xbfe5)
core   0: 0x8000f0b8 (0x00001f17) auipc   t5, 0x1
core   0: 3 0x8000f0b8 (0x00001f17) x30 0x800100b8
core   0: 0x8000f0bc (0xf43f2423) sw      gp, -184(t5)
core   0: 3 0x8000f0bc (0xf43f2423) mem 0x80010000 0x00000001
core   0: 0x8000f0c0 (0x0000bfe5) c.j     pc - 8
core   0: 3 0x8000f0c0 (0xbfe5)
core   0: 0x8000f0b8 (0x00001f17) auipc   t5, 0x1
core   0: 3 0x8000f0b8 (0x00001f17) x30 0x800100b8
core   0: 0x8000f0bc (0xf43f2423) sw      gp, -184(t5)
core   0: 3 0x8000f0bc (0xf43f2423) mem 0x80010000 0x00000001
core   0: 0x8000f0c0 (0x0000bfe5) c.j     pc - 8
core   0: 3 0x8000f0c0 (0xbfe5)
core   0: 0x8000f0b8 (0x00001f17) auipc   t5, 0x1
core   0: 3 0x8000f0b8 (0x00001f17) x30 0x800100b8
core   0: 0x8000f0bc (0xf43f2423) sw      gp, -184(t5)
core   0: 3 0x8000f0bc (0xf43f2423) mem 0x80010000 0x00000001
core   0: 0x8000f0c0 (0x0000bfe5) c.j     pc - 8
core   0: 3 0x8000f0c0 (0xbfe5)
core   0: 0x8000f0b8 (0x00001f17) auipc   t5, 0x1
core   0: 3 0x8000f0b8 (0x00001f17) x30 0x800100b8
core   0: 0x8000f0bc (0xf43f2423) sw      gp, -184(t5)
core   0: 3 0x8000f0bc (0xf43f2423) mem 0x80010000 0x00000001
core   0: 0x8000f0c0 (0x0000bfe5) c.j     pc - 8
core   0: 3 0x8000f0c0 (0xbfe5)
core   0: 0x8000f0b8 (0x00001f17) auipc   t5, 0x1
core   0: 3 0x8000f0b8 (0x00001f17) x30 0x800100b8
core   0: 0x8000f0bc (0xf43f2423) sw      gp, -184(t5)
core   0: 3 0x8000f0bc (0xf43f2423) mem 0x80010000 0x00000001
core   0: 0x8000f0c0 (0x0000bfe5) c.j     pc - 8
core   0: 3 0x8000f0c0 (0xbfe5)
core   0: 0x8000f0b8 (0x00001f17) auipc   t5, 0x1
core   0: 3 0x8000f0b8 (0x00001f17) x30 0x800100b8
core   0: 0x8000f0bc (0xf43f2423) sw      gp, -184(t5)
core   0: 3 0x8000f0bc (0xf43f2423) mem 0x80010000 0x00000001
core   0: 0x8000f0c0 (0x0000bfe5) c.j     pc - 8
core   0: 3 0x8000f0c0 (0xbfe5)
core   0: 0x8000f0b8 (0x00001f17) auipc   t5, 0x1
core   0: 3 0x8000f0b8 (0x00001f17) x30 0x800100b8
core   0: 0x8000f0bc (0xf43f2423) sw      gp, -184(t5)
core   0: 3 0x8000f0bc (0xf43f2423) mem 0x80010000 0x00000001
core   0: 0x8000f0c0 (0x0000bfe5) c.j     pc - 8
core   0: 3 0x8000f0c0 (0xbfe5)
core   0: 0x8000f0b8 (0x00001f17) auipc   t5, 0x1
core   0: 3 0x8000f0b8 (0x00001f17) x30 0x800100b8
core   0: 0x8000f0bc (0xf43f2423) sw      gp, -184(t5)
core   0: 3 0x8000f0bc (0xf43f2423) mem 0x80010000 0x00000001
core   0: 0x8000f0c0 (0x0000bfe5) c.j     pc - 8
core   0: 3 0x8000f0c0 (0xbfe5)
core   0: 0x8000f0b8 (0x00001f17) auipc   t5, 0x1
core   0: 3 0x8000f0b8 (0x00001f17) x30 0x800100b8
core   0: 0x8000f0bc (0xf43f2423) sw      gp, -184(t5)
core   0: 3 0x8000f0bc (0xf43f2423) mem 0x80010000 0x00000001
core   0: 0x8000f0c0 (0x0000bfe5) c.j     pc - 8
core   0: 3 0x8000f0c0 (0xbfe5)
core   0: 0x8000f0b8 (0x00001f17) auipc   t5, 0x1
core   0: 3 0x8000f0b8 (0x00001f17) x30 0x800100b8
core   0: 0x8000f0bc (0xf43f2423) sw      gp, -184(t5)
core   0: 3 0x8000f0bc (0xf43f2423) mem 0x80010000 0x00000001
core   0: 0x8000f0c0 (0x0000bfe5) c.j     pc - 8
core   0: 3 0x8000f0c0 (0xbfe5)
core   0: 0x8000f0b8 (0x00001f17) auipc   t5, 0x1
core   0: 3 0x8000f0b8 (0x00001f17) x30 0x800100b8
core   0: 0x8000f0bc (0xf43f2423) sw      gp, -184(t5)
core   0: 3 0x8000f0bc (0xf43f2423) mem 0x80010000 0x00000001
core   0: 0x8000f0c0 (0x0000bfe5) c.j     pc - 8
core   0: 3 0x8000f0c0 (0xbfe5)
core   0: 0x8000f0b8 (0x00001f17) auipc   t5, 0x1
core   0: 3 0x8000f0b8 (0x00001f17) x30 0x800100b8
core   0: 0x8000f0bc (0xf43f2423) sw      gp, -184(t5)
core   0: 3 0x8000f0bc (0xf43f2423) mem 0x80010000 0x00000001
core   0: 0x8000f0c0 (0x0000bfe5) c.j     pc - 8
core   0: 3 0x8000f0c0 (0xbfe5)
core   0: 0x8000f0b8 (0x00001f17) auipc   t5, 0x1
core   0: 3 0x8000f0b8 (0x00001f17) x30 0x800100b8
core   0: 0x8000f0bc (0xf43f2423) sw      gp, -184(t5)
core   0: 3 0x8000f0bc (0xf43f2423) mem 0x80010000 0x00000001
core   0: 0x8000f0c0 (0x0000bfe5) c.j     pc - 8
core   0: 3 0x8000f0c0 (0xbfe5)
core   0: 0x8000f0b8 (0x00001f17) auipc   t5, 0x1
core   0: 3 0x8000f0b8 (0x00001f17) x30 0x800100b8
core   0: 0x8000f0bc (0xf43f2423) sw      gp, -184(t5)
core   0: 3 0x8000f0bc (0xf43f2423) mem 0x80010000 0x00000001
core   0: 0x8000f0c0 (0x0000bfe5) c.j     pc - 8
core   0: 3 0x8000f0c0 (0xbfe5)
core   0: 0x8000f0b8 (0x00001f17) auipc   t5, 0x1
core   0: 3 0x8000f0b8 (0x00001f17) x30 0x800100b8
core   0: 0x8000f0bc (0xf43f2423) sw      gp, -184(t5)
core   0: 3 0x8000f0bc (0xf43f2423) mem 0x80010000 0x00000001
core   0: 0x8000f0c0 (0x0000bfe5) c.j     pc - 8
core   0: 3 0x8000f0c0 (0xbfe5)
core   0: 0x8000f0b8 (0x00001f17) auipc   t5, 0x1
core   0: 3 0x8000f0b8 (0x00001f17) x30 0x800100b8
core   0: 0x8000f0bc (0xf43f2423) sw      gp, -184(t5)
core   0: 3 0x8000f0bc (0xf43f2423) mem 0x80010000 0x00000001
core   0: 0x8000f0c0 (0x0000bfe5) c.j     pc - 8
core   0: 3 0x8000f0c0 (0xbfe5)
core   0: 0x8000f0b8 (0x00001f17) auipc   t5, 0x1
core   0: 3 0x8000f0b8 (0x00001f17) x30 0x800100b8
core   0: 0x8000f0bc (0xf43f2423) sw      gp, -184(t5)
core   0: 3 0x8000f0bc (0xf43f2423) mem 0x80010000 0x00000001
core   0: 0x8000f0c0 (0x0000bfe5) c.j     pc - 8
core   0: 3 0x8000f0c0 (0xbfe5)
core   0: 0x8000f0b8 (0x00001f17) auipc   t5, 0x1
core   0: 3 0x8000f0b8 (0x00001f17) x30 0x800100b8
core   0: 0x8000f0bc (0xf43f2423) sw      gp, -184(t5)
core   0: 3 0x8000f0bc (0xf43f2423) mem 0x80010000 0x00000001
core   0: 0x8000f0c0 (0x0000bfe5) c.j     pc - 8
core   0: 3 0x8000f0c0 (0xbfe5)
core   0: 0x8000f0b8 (0x00001f17) auipc   t5, 0x1
core   0: 3 0x8000f0b8 (0x00001f17) x30 0x800100b8
core   0: 0x8000f0bc (0xf43f2423) sw      gp, -184(t5)
core   0: 3 0x8000f0bc (0xf43f2423) mem 0x80010000 0x00000001
core   0: 0x8000f0c0 (0x0000bfe5) c.j     pc - 8
core   0: 3 0x8000f0c0 (0xbfe5)
core   0: 0x8000f0b8 (0x00001f17) auipc   t5, 0x1
core   0: 3 0x8000f0b8 (0x00001f17) x30 0x800100b8
core   0: 0x8000f0bc (0xf43f2423) sw      gp, -184(t5)
core   0: 3 0x8000f0bc (0xf43f2423) mem 0x80010000 0x00000001
core   0: 0x8000f0c0 (0x0000bfe5) c.j     pc - 8
core   0: 3 0x8000f0c0 (0xbfe5)
core   0: 0x8000f0b8 (0x00001f17) auipc   t5, 0x1
core   0: 3 0x8000f0b8 (0x00001f17) x30 0x800100b8
core   0: 0x8000f0bc (0xf43f2423) sw      gp, -184(t5)
core   0: 3 0x8000f0bc (0xf43f2423) mem 0x80010000 0x00000001
core   0: 0x8000f0c0 (0x0000bfe5) c.j     pc - 8
core   0: 3 0x8000f0c0 (0xbfe5)
core   0: 0x8000f0b8 (0x00001f17) auipc   t5, 0x1
core   0: 3 0x8000f0b8 (0x00001f17) x30 0x800100b8
core   0: 0x8000f0bc (0xf43f2423) sw      gp, -184(t5)
core   0: 3 0x8000f0bc (0xf43f2423) mem 0x80010000 0x00000001
core   0: 0x8000f0c0 (0x0000bfe5) c.j     pc - 8
core   0: 3 0x8000f0c0 (0xbfe5)
core   0: 0x8000f0b8 (0x00001f17) auipc   t5, 0x1
core   0: 3 0x8000f0b8 (0x00001f17) x30 0x800100b8
core   0: 0x8000f0bc (0xf43f2423) sw      gp, -184(t5)
core   0: 3 0x8000f0bc (0xf43f2423) mem 0x80010000 0x00000001
core   0: 0x8000f0c0 (0x0000bfe5) c.j     pc - 8
core   0: 3 0x8000f0c0 (0xbfe5)
core   0: 0x8000f0b8 (0x00001f17) auipc   t5, 0x1
core   0: 3 0x8000f0b8 (0x00001f17) x30 0x800100b8
core   0: 0x8000f0bc (0xf43f2423) sw      gp, -184(t5)
core   0: 3 0x8000f0bc (0xf43f2423) mem 0x80010000 0x00000001
core   0: 0x8000f0c0 (0x0000bfe5) c.j     pc - 8
core   0: 3 0x8000f0c0 (0xbfe5)
core   0: 0x8000f0b8 (0x00001f17) auipc   t5, 0x1
core   0: 3 0x8000f0b8 (0x00001f17) x30 0x800100b8
core   0: 0x8000f0bc (0xf43f2423) sw      gp, -184(t5)
core   0: 3 0x8000f0bc (0xf43f2423) mem 0x80010000 0x00000001
core   0: 0x8000f0c0 (0x0000bfe5) c.j     pc - 8
core   0: 3 0x8000f0c0 (0xbfe5)
core   0: 0x8000f0b8 (0x00001f17) auipc   t5, 0x1
core   0: 3 0x8000f0b8 (0x00001f17) x30 0x800100b8
core   0: 0x8000f0bc (0xf43f2423) sw      gp, -184(t5)
core   0: 3 0x8000f0bc (0xf43f2423) mem 0x80010000 0x00000001
core   0: 0x8000f0c0 (0x0000bfe5) c.j     pc - 8
core   0: 3 0x8000f0c0 (0xbfe5)
core   0: 0x8000f0b8 (0x00001f17) auipc   t5, 0x1
core   0: 3 0x8000f0b8 (0x00001f17) x30 0x800100b8
core   0: 0x8000f0bc (0xf43f2423) sw      gp, -184(t5)
core   0: 3 0x8000f0bc (0xf43f2423) mem 0x80010000 0x00000001
core   0: 0x8000f0c0 (0x0000bfe5) c.j     pc - 8
core   0: 3 0x8000f0c0 (0xbfe5)
core   0: 0x8000f0b8 (0x00001f17) auipc   t5, 0x1
core   0: 3 0x8000f0b8 (0x00001f17) x30 0x800100b8
core   0: 0x8000f0bc (0xf43f2423) sw      gp, -184(t5)
core   0: 3 0x8000f0bc (0xf43f2423) mem 0x80010000 0x00000001
core   0: 0x8000f0c0 (0x0000bfe5) c.j     pc - 8
core   0: 3 0x8000f0c0 (0xbfe5)
core   0: 0x8000f0b8 (0x00001f17) auipc   t5, 0x1
core   0: 3 0x8000f0b8 (0x00001f17) x30 0x800100b8
core   0: 0x8000f0bc (0xf43f2423) sw      gp, -184(t5)
core   0: 3 0x8000f0bc (0xf43f2423) mem 0x80010000 0x00000001
core   0: 0x8000f0c0 (0x0000bfe5) c.j     pc - 8
core   0: 3 0x8000f0c0 (0xbfe5)
core   0: 0x8000f0b8 (0x00001f17) auipc   t5, 0x1
core   0: 3 0x8000f0b8 (0x00001f17) x30 0x800100b8
core   0: 0x8000f0bc (0xf43f2423) sw      gp, -184(t5)
core   0: 3 0x8000f0bc (0xf43f2423) mem 0x80010000 0x00000001
core   0: 0x8000f0c0 (0x0000bfe5) c.j     pc - 8
core   0: 3 0x8000f0c0 (0xbfe5)
core   0: 0x8000f0b8 (0x00001f17) auipc   t5, 0x1
core   0: 3 0x8000f0b8 (0x00001f17) x30 0x800100b8
core   0: 0x8000f0bc (0xf43f2423) sw      gp, -184(t5)
core   0: 3 0x8000f0bc (0xf43f2423) mem 0x80010000 0x00000001
core   0: 0x8000f0c0 (0x0000bfe5) c.j     pc - 8
core   0: 3 0x8000f0c0 (0xbfe5)
core   0: 0x8000f0b8 (0x00001f17) auipc   t5, 0x1
core   0: 3 0x8000f0b8 (0x00001f17) x30 0x800100b8
core   0: 0x8000f0bc (0xf43f2423) sw      gp, -184(t5)
core   0: 3 0x8000f0bc (0xf43f2423) mem 0x80010000 0x00000001
core   0: 0x8000f0c0 (0x0000bfe5) c.j     pc - 8
core   0: 3 0x8000f0c0 (0xbfe5)
core   0: 0x8000f0b8 (0x00001f17) auipc   t5, 0x1
core   0: 3 0x8000f0b8 (0x00001f17) x30 0x800100b8
core   0: 0x8000f0bc (0xf43f2423) sw      gp, -184(t5)
core   0: 3 0x8000f0bc (0xf43f2423) mem 0x80010000 0x00000001
core   0: 0x8000f0c0 (0x0000bfe5) c.j     pc - 8
core   0: 3 0x8000f0c0 (0xbfe5)
core   0: 0x8000f0b8 (0x00001f17) auipc   t5, 0x1
core   0: 3 0x8000f0b8 (0x00001f17) x30 0x800100b8
core   0: 0x8000f0bc (0xf43f2423) sw      gp, -184(t5)
core   0: 3 0x8000f0bc (0xf43f2423) mem 0x80010000 0x00000001
core   0: 0x8000f0c0 (0x0000bfe5) c.j     pc - 8
core   0: 3 0x8000f0c0 (0xbfe5)
core   0: 0x8000f0b8 (0x00001f17) auipc   t5, 0x1
core   0: 3 0x8000f0b8 (0x00001f17) x30 0x800100b8
core   0: 0x8000f0bc (0xf43f2423) sw      gp, -184(t5)
core   0: 3 0x8000f0bc (0xf43f2423) mem 0x80010000 0x00000001
core   0: 0x8000f0c0 (0x0000bfe5) c.j     pc - 8
core   0: 3 0x8000f0c0 (0xbfe5)
core   0: 0x8000f0b8 (0x00001f17) auipc   t5, 0x1
core   0: 3 0x8000f0b8 (0x00001f17) x30 0x800100b8
core   0: 0x8000f0bc (0xf43f2423) sw      gp, -184(t5)
core   0: 3 0x8000f0bc (0xf43f2423) mem 0x80010000 0x00000001
core   0: 0x8000f0c0 (0x0000bfe5) c.j     pc - 8
core   0: 3 0x8000f0c0 (0xbfe5)
core   0: 0x8000f0b8 (0x00001f17) auipc   t5, 0x1
core   0: 3 0x8000f0b8 (0x00001f17) x30 0x800100b8
core   0: 0x8000f0bc (0xf43f2423) sw      gp, -184(t5)
core   0: 3 0x8000f0bc (0xf43f2423) mem 0x80010000 0x00000001
core   0: 0x8000f0c0 (0x0000bfe5) c.j     pc - 8
core   0: 3 0x8000f0c0 (0xbfe5)
core   0: 0x8000f0b8 (0x00001f17) auipc   t5, 0x1
core   0: 3 0x8000f0b8 (0x00001f17) x30 0x800100b8
core   0: 0x8000f0bc (0xf43f2423) sw      gp, -184(t5)
core   0: 3 0x8000f0bc (0xf43f2423) mem 0x80010000 0x00000001
core   0: 0x8000f0c0 (0x0000bfe5) c.j     pc - 8
core   0: 3 0x8000f0c0 (0xbfe5)
core   0: 0x8000f0b8 (0x00001f17) auipc   t5, 0x1
core   0: 3 0x8000f0b8 (0x00001f17) x30 0x800100b8
core   0: 0x8000f0bc (0xf43f2423) sw      gp, -184(t5)
core   0: 3 0x8000f0bc (0xf43f2423) mem 0x80010000 0x00000001
core   0: 0x8000f0c0 (0x0000bfe5) c.j     pc - 8
core   0: 3 0x8000f0c0 (0xbfe5)
core   0: 0x8000f0b8 (0x00001f17) auipc   t5, 0x1
core   0: 3 0x8000f0b8 (0x00001f17) x30 0x800100b8
core   0: 0x8000f0bc (0xf43f2423) sw      gp, -184(t5)
core   0: 3 0x8000f0bc (0xf43f2423) mem 0x80010000 0x00000001
core   0: 0x8000f0c0 (0x0000bfe5) c.j     pc - 8
core   0: 3 0x8000f0c0 (0xbfe5)
core   0: 0x8000f0b8 (0x00001f17) auipc   t5, 0x1
core   0: 3 0x8000f0b8 (0x00001f17) x30 0x800100b8
core   0: 0x8000f0bc (0xf43f2423) sw      gp, -184(t5)
core   0: 3 0x8000f0bc (0xf43f2423) mem 0x80010000 0x00000001
core   0: 0x8000f0c0 (0x0000bfe5) c.j     pc - 8
core   0: 3 0x8000f0c0 (0xbfe5)
core   0: 0x8000f0b8 (0x00001f17) auipc   t5, 0x1
core   0: 3 0x8000f0b8 (0x00001f17) x30 0x800100b8
core   0: 0x8000f0bc (0xf43f2423) sw      gp, -184(t5)
core   0: 3 0x8000f0bc (0xf43f2423) mem 0x80010000 0x00000001
core   0: 0x8000f0c0 (0x0000bfe5) c.j     pc - 8
core   0: 3 0x8000f0c0 (0xbfe5)
core   0: 0x8000f0b8 (0x00001f17) auipc   t5, 0x1
core   0: 3 0x8000f0b8 (0x00001f17) x30 0x800100b8
core   0: 0x8000f0bc (0xf43f2423) sw      gp, -184(t5)
core   0: 3 0x8000f0bc (0xf43f2423) mem 0x80010000 0x00000001
core   0: 0x8000f0c0 (0x0000bfe5) c.j     pc - 8
core   0: 3 0x8000f0c0 (0xbfe5)
core   0: 0x8000f0b8 (0x00001f17) auipc   t5, 0x1
core   0: 3 0x8000f0b8 (0x00001f17) x30 0x800100b8
core   0: 0x8000f0bc (0xf43f2423) sw      gp, -184(t5)
core   0: 3 0x8000f0bc (0xf43f2423) mem 0x80010000 0x00000001
core   0: 0x8000f0c0 (0x0000bfe5) c.j     pc - 8
core   0: 3 0x8000f0c0 (0xbfe5)
core   0: 0x8000f0b8 (0x00001f17) auipc   t5, 0x1
core   0: 3 0x8000f0b8 (0x00001f17) x30 0x800100b8
core   0: 0x8000f0bc (0xf43f2423) sw      gp, -184(t5)
core   0: 3 0x8000f0bc (0xf43f2423) mem 0x80010000 0x00000001
core   0: 0x8000f0c0 (0x0000bfe5) c.j     pc - 8
core   0: 3 0x8000f0c0 (0xbfe5)
core   0: 0x8000f0b8 (0x00001f17) auipc   t5, 0x1
core   0: 3 0x8000f0b8 (0x00001f17) x30 0x800100b8
core   0: 0x8000f0bc (0xf43f2423) sw      gp, -184(t5)
core   0: 3 0x8000f0bc (0xf43f2423) mem 0x80010000 0x00000001
core   0: 0x8000f0c0 (0x0000bfe5) c.j     pc - 8
core   0: 3 0x8000f0c0 (0xbfe5)
core   0: 0x8000f0b8 (0x00001f17) auipc   t5, 0x1
core   0: 3 0x8000f0b8 (0x00001f17) x30 0x800100b8
core   0: 0x8000f0bc (0xf43f2423) sw      gp, -184(t5)
core   0: 3 0x8000f0bc (0xf43f2423) mem 0x80010000 0x00000001
core   0: 0x8000f0c0 (0x0000bfe5) c.j     pc - 8
core   0: 3 0x8000f0c0 (0xbfe5)
core   0: 0x8000f0b8 (0x00001f17) auipc   t5, 0x1
core   0: 3 0x8000f0b8 (0x00001f17) x30 0x800100b8
core   0: 0x8000f0bc (0xf43f2423) sw      gp, -184(t5)
core   0: 3 0x8000f0bc (0xf43f2423) mem 0x80010000 0x00000001
core   0: 0x8000f0c0 (0x0000bfe5) c.j     pc - 8
core   0: 3 0x8000f0c0 (0xbfe5)
core   0: 0x8000f0b8 (0x00001f17) auipc   t5, 0x1
core   0: 3 0x8000f0b8 (0x00001f17) x30 0x800100b8
core   0: 0x8000f0bc (0xf43f2423) sw      gp, -184(t5)
core   0: 3 0x8000f0bc (0xf43f2423) mem 0x80010000 0x00000001
core   0: 0x8000f0c0 (0x0000bfe5) c.j     pc - 8
core   0: 3 0x8000f0c0 (0xbfe5)
core   0: 0x8000f0b8 (0x00001f17) auipc   t5, 0x1
core   0: 3 0x8000f0b8 (0x00001f17) x30 0x800100b8
core   0: 0x8000f0bc (0xf43f2423) sw      gp, -184(t5)
core   0: 3 0x8000f0bc (0xf43f2423) mem 0x80010000 0x00000001
core   0: 0x8000f0c0 (0x0000bfe5) c.j     pc - 8
core   0: 3 0x8000f0c0 (0xbfe5)
core   0: 0x8000f0b8 (0x00001f17) auipc   t5, 0x1
core   0: 3 0x8000f0b8 (0x00001f17) x30 0x800100b8
core   0: 0x8000f0bc (0xf43f2423) sw      gp, -184(t5)
core   0: 3 0x8000f0bc (0xf43f2423) mem 0x80010000 0x00000001
core   0: 0x8000f0c0 (0x0000bfe5) c.j     pc - 8
core   0: 3 0x8000f0c0 (0xbfe5)
core   0: 0x8000f0b8 (0x00001f17) auipc   t5, 0x1
core   0: 3 0x8000f0b8 (0x00001f17) x30 0x800100b8
core   0: 0x8000f0bc (0xf43f2423) sw      gp, -184(t5)
core   0: 3 0x8000f0bc (0xf43f2423) mem 0x80010000 0x00000001
core   0: 0x8000f0c0 (0x0000bfe5) c.j     pc - 8
core   0: 3 0x8000f0c0 (0xbfe5)
core   0: 0x8000f0b8 (0x00001f17) auipc   t5, 0x1
core   0: 3 0x8000f0b8 (0x00001f17) x30 0x800100b8
core   0: 0x8000f0bc (0xf43f2423) sw      gp, -184(t5)
core   0: 3 0x8000f0bc (0xf43f2423) mem 0x80010000 0x00000001
core   0: 0x8000f0c0 (0x0000bfe5) c.j     pc - 8
core   0: 3 0x8000f0c0 (0xbfe5)
core   0: 0x8000f0b8 (0x00001f17) auipc   t5, 0x1
core   0: 3 0x8000f0b8 (0x00001f17) x30 0x800100b8
core   0: 0x8000f0bc (0xf43f2423) sw      gp, -184(t5)
core   0: 3 0x8000f0bc (0xf43f2423) mem 0x80010000 0x00000001
core   0: 0x8000f0c0 (0x0000bfe5) c.j     pc - 8
core   0: 3 0x8000f0c0 (0xbfe5)
core   0: 0x8000f0b8 (0x00001f17) auipc   t5, 0x1
core   0: 3 0x8000f0b8 (0x00001f17) x30 0x800100b8
core   0: 0x8000f0bc (0xf43f2423) sw      gp, -184(t5)
core   0: 3 0x8000f0bc (0xf43f2423) mem 0x80010000 0x00000001
core   0: 0x8000f0c0 (0x0000bfe5) c.j     pc - 8
core   0: 3 0x8000f0c0 (0xbfe5)
core   0: 0x8000f0b8 (0x00001f17) auipc   t5, 0x1
core   0: 3 0x8000f0b8 (0x00001f17) x30 0x800100b8
core   0: 0x8000f0bc (0xf43f2423) sw      gp, -184(t5)
core   0: 3 0x8000f0bc (0xf43f2423) mem 0x80010000 0x00000001
core   0: 0x8000f0c0 (0x0000bfe5) c.j     pc - 8
core   0: 3 0x8000f0c0 (0xbfe5)
core   0: 0x8000f0b8 (0x00001f17) auipc   t5, 0x1
core   0: 3 0x8000f0b8 (0x00001f17) x30 0x800100b8
core   0: 0x8000f0bc (0xf43f2423) sw      gp, -184(t5)
core   0: 3 0x8000f0bc (0xf43f2423) mem 0x80010000 0x00000001
core   0: 0x8000f0c0 (0x0000bfe5) c.j     pc - 8
core   0: 3 0x8000f0c0 (0xbfe5)
core   0: 0x8000f0b8 (0x00001f17) auipc   t5, 0x1
core   0: 3 0x8000f0b8 (0x00001f17) x30 0x800100b8
core   0: 0x8000f0bc (0xf43f2423) sw      gp, -184(t5)
core   0: 3 0x8000f0bc (0xf43f2423) mem 0x80010000 0x00000001
core   0: 0x8000f0c0 (0x0000bfe5) c.j     pc - 8
core   0: 3 0x8000f0c0 (0xbfe5)
core   0: 0x8000f0b8 (0x00001f17) auipc   t5, 0x1
core   0: 3 0x8000f0b8 (0x00001f17) x30 0x800100b8
core   0: 0x8000f0bc (0xf43f2423) sw      gp, -184(t5)
core   0: 3 0x8000f0bc (0xf43f2423) mem 0x80010000 0x00000001
core   0: 0x8000f0c0 (0x0000bfe5) c.j     pc - 8
core   0: 3 0x8000f0c0 (0xbfe5)
core   0: 0x8000f0b8 (0x00001f17) auipc   t5, 0x1
core   0: 3 0x8000f0b8 (0x00001f17) x30 0x800100b8
core   0: 0x8000f0bc (0xf43f2423) sw      gp, -184(t5)
core   0: 3 0x8000f0bc (0xf43f2423) mem 0x80010000 0x00000001
core   0: 0x8000f0c0 (0x0000bfe5) c.j     pc - 8
core   0: 3 0x8000f0c0 (0xbfe5)
core   0: 0x8000f0b8 (0x00001f17) auipc   t5, 0x1
core   0: 3 0x8000f0b8 (0x00001f17) x30 0x800100b8
core   0: 0x8000f0bc (0xf43f2423) sw      gp, -184(t5)
core   0: 3 0x8000f0bc (0xf43f2423) mem 0x80010000 0x00000001
core   0: 0x8000f0c0 (0x0000bfe5) c.j     pc - 8
core   0: 3 0x8000f0c0 (0xbfe5)
core   0: 0x8000f0b8 (0x00001f17) auipc   t5, 0x1
core   0: 3 0x8000f0b8 (0x00001f17) x30 0x800100b8
core   0: 0x8000f0bc (0xf43f2423) sw      gp, -184(t5)
core   0: 3 0x8000f0bc (0xf43f2423) mem 0x80010000 0x00000001
core   0: 0x8000f0c0 (0x0000bfe5) c.j     pc - 8
core   0: 3 0x8000f0c0 (0xbfe5)
core   0: 0x8000f0b8 (0x00001f17) auipc   t5, 0x1
core   0: 3 0x8000f0b8 (0x00001f17) x30 0x800100b8
core   0: 0x8000f0bc (0xf43f2423) sw      gp, -184(t5)
core   0: 3 0x8000f0bc (0xf43f2423) mem 0x80010000 0x00000001
core   0: 0x8000f0c0 (0x0000bfe5) c.j     pc - 8
core   0: 3 0x8000f0c0 (0xbfe5)
core   0: 0x8000f0b8 (0x00001f17) auipc   t5, 0x1
core   0: 3 0x8000f0b8 (0x00001f17) x30 0x800100b8
core   0: 0x8000f0bc (0xf43f2423) sw      gp, -184(t5)
core   0: 3 0x8000f0bc (0xf43f2423) mem 0x80010000 0x00000001
core   0: 0x8000f0c0 (0x0000bfe5) c.j     pc - 8
core   0: 3 0x8000f0c0 (0xbfe5)
core   0: 0x8000f0b8 (0x00001f17) auipc   t5, 0x1
core   0: 3 0x8000f0b8 (0x00001f17) x30 0x800100b8
core   0: 0x8000f0bc (0xf43f2423) sw      gp, -184(t5)
core   0: 3 0x8000f0bc (0xf43f2423) mem 0x80010000 0x00000001
core   0: 0x8000f0c0 (0x0000bfe5) c.j     pc - 8
core   0: 3 0x8000f0c0 (0xbfe5)
core   0: 0x8000f0b8 (0x00001f17) auipc   t5, 0x1
core   0: 3 0x8000f0b8 (0x00001f17) x30 0x800100b8
core   0: 0x8000f0bc (0xf43f2423) sw      gp, -184(t5)
core   0: 3 0x8000f0bc (0xf43f2423) mem 0x80010000 0x00000001
core   0: 0x8000f0c0 (0x0000bfe5) c.j     pc - 8
core   0: 3 0x8000f0c0 (0xbfe5)
core   0: 0x8000f0b8 (0x00001f17) auipc   t5, 0x1
core   0: 3 0x8000f0b8 (0x00001f17) x30 0x800100b8
core   0: 0x8000f0bc (0xf43f2423) sw      gp, -184(t5)
core   0: 3 0x8000f0bc (0xf43f2423) mem 0x80010000 0x00000001
core   0: 0x8000f0c0 (0x0000bfe5) c.j     pc - 8
core   0: 3 0x8000f0c0 (0xbfe5)
core   0: 0x8000f0b8 (0x00001f17) auipc   t5, 0x1
core   0: 3 0x8000f0b8 (0x00001f17) x30 0x800100b8
core   0: 0x8000f0bc (0xf43f2423) sw      gp, -184(t5)
core   0: 3 0x8000f0bc (0xf43f2423) mem 0x80010000 0x00000001
core   0: 0x8000f0c0 (0x0000bfe5) c.j     pc - 8
core   0: 3 0x8000f0c0 (0xbfe5)
core   0: 0x8000f0b8 (0x00001f17) auipc   t5, 0x1
core   0: 3 0x8000f0b8 (0x00001f17) x30 0x800100b8
core   0: 0x8000f0bc (0xf43f2423) sw      gp, -184(t5)
core   0: 3 0x8000f0bc (0xf43f2423) mem 0x80010000 0x00000001
core   0: 0x8000f0c0 (0x0000bfe5) c.j     pc - 8
core   0: 3 0x8000f0c0 (0xbfe5)
core   0: 0x8000f0b8 (0x00001f17) auipc   t5, 0x1
core   0: 3 0x8000f0b8 (0x00001f17) x30 0x800100b8
core   0: 0x8000f0bc (0xf43f2423) sw      gp, -184(t5)
core   0: 3 0x8000f0bc (0xf43f2423) mem 0x80010000 0x00000001
core   0: 0x8000f0c0 (0x0000bfe5) c.j     pc - 8
core   0: 3 0x8000f0c0 (0xbfe5)
core   0: 0x8000f0b8 (0x00001f17) auipc   t5, 0x1
core   0: 3 0x8000f0b8 (0x00001f17) x30 0x800100b8
core   0: 0x8000f0bc (0xf43f2423) sw      gp, -184(t5)
core   0: 3 0x8000f0bc (0xf43f2423) mem 0x80010000 0x00000001
core   0: 0x8000f0c0 (0x0000bfe5) c.j     pc - 8
core   0: 3 0x8000f0c0 (0xbfe5)
core   0: 0x8000f0b8 (0x00001f17) auipc   t5, 0x1
core   0: 3 0x8000f0b8 (0x00001f17) x30 0x800100b8
core   0: 0x8000f0bc (0xf43f2423) sw      gp, -184(t5)
core   0: 3 0x8000f0bc (0xf43f2423) mem 0x80010000 0x00000001
core   0: 0x8000f0c0 (0x0000bfe5) c.j     pc - 8
core   0: 3 0x8000f0c0 (0xbfe5)
core   0: 0x8000f0b8 (0x00001f17) auipc   t5, 0x1
core   0: 3 0x8000f0b8 (0x00001f17) x30 0x800100b8
core   0: 0x8000f0bc (0xf43f2423) sw      gp, -184(t5)
core   0: 3 0x8000f0bc (0xf43f2423) mem 0x80010000 0x00000001
core   0: 0x8000f0c0 (0x0000bfe5) c.j     pc - 8
core   0: 3 0x8000f0c0 (0xbfe5)
core   0: 0x8000f0b8 (0x00001f17) auipc   t5, 0x1
core   0: 3 0x8000f0b8 (0x00001f17) x30 0x800100b8
core   0: 0x8000f0bc (0xf43f2423) sw      gp, -184(t5)
core   0: 3 0x8000f0bc (0xf43f2423) mem 0x80010000 0x00000001
core   0: 0x8000f0c0 (0x0000bfe5) c.j     pc - 8
core   0: 3 0x8000f0c0 (0xbfe5)
core   0: 0x8000f0b8 (0x00001f17) auipc   t5, 0x1
core   0: 3 0x8000f0b8 (0x00001f17) x30 0x800100b8
core   0: 0x8000f0bc (0xf43f2423) sw      gp, -184(t5)
core   0: 3 0x8000f0bc (0xf43f2423) mem 0x80010000 0x00000001
core   0: 0x8000f0c0 (0x0000bfe5) c.j     pc - 8
core   0: 3 0x8000f0c0 (0xbfe5)
core   0: 0x8000f0b8 (0x00001f17) auipc   t5, 0x1
core   0: 3 0x8000f0b8 (0x00001f17) x30 0x800100b8
core   0: 0x8000f0bc (0xf43f2423) sw      gp, -184(t5)
core   0: 3 0x8000f0bc (0xf43f2423) mem 0x80010000 0x00000001
core   0: 0x8000f0c0 (0x0000bfe5) c.j     pc - 8
core   0: 3 0x8000f0c0 (0xbfe5)
core   0: 0x8000f0b8 (0x00001f17) auipc   t5, 0x1
core   0: 3 0x8000f0b8 (0x00001f17) x30 0x800100b8
core   0: 0x8000f0bc (0xf43f2423) sw      gp, -184(t5)
core   0: 3 0x8000f0bc (0xf43f2423) mem 0x80010000 0x00000001
core   0: 0x8000f0c0 (0x0000bfe5) c.j     pc - 8
core   0: 3 0x8000f0c0 (0xbfe5)
core   0: 0x8000f0b8 (0x00001f17) auipc   t5, 0x1
core   0: 3 0x8000f0b8 (0x00001f17) x30 0x800100b8
core   0: 0x8000f0bc (0xf43f2423) sw      gp, -184(t5)
core   0: 3 0x8000f0bc (0xf43f2423) mem 0x80010000 0x00000001
core   0: 0x8000f0c0 (0x0000bfe5) c.j     pc - 8
core   0: 3 0x8000f0c0 (0xbfe5)
core   0: 0x8000f0b8 (0x00001f17) auipc   t5, 0x1
core   0: 3 0x8000f0b8 (0x00001f17) x30 0x800100b8
core   0: 0x8000f0bc (0xf43f2423) sw      gp, -184(t5)
core   0: 3 0x8000f0bc (0xf43f2423) mem 0x80010000 0x00000001
core   0: 0x8000f0c0 (0x0000bfe5) c.j     pc - 8
core   0: 3 0x8000f0c0 (0xbfe5)
core   0: 0x8000f0b8 (0x00001f17) auipc   t5, 0x1
core   0: 3 0x8000f0b8 (0x00001f17) x30 0x800100b8
core   0: 0x8000f0bc (0xf43f2423) sw      gp, -184(t5)
core   0: 3 0x8000f0bc (0xf43f2423) mem 0x80010000 0x00000001
core   0: 0x8000f0c0 (0x0000bfe5) c.j     pc - 8
core   0: 3 0x8000f0c0 (0xbfe5)
core   0: 0x8000f0b8 (0x00001f17) auipc   t5, 0x1
core   0: 3 0x8000f0b8 (0x00001f17) x30 0x800100b8
core   0: 0x8000f0bc (0xf43f2423) sw      gp, -184(t5)
core   0: 3 0x8000f0bc (0xf43f2423) mem 0x80010000 0x00000001
core   0: 0x8000f0c0 (0x0000bfe5) c.j     pc - 8
core   0: 3 0x8000f0c0 (0xbfe5)
core   0: 0x8000f0b8 (0x00001f17) auipc   t5, 0x1
core   0: 3 0x8000f0b8 (0x00001f17) x30 0x800100b8
core   0: 0x8000f0bc (0xf43f2423) sw      gp, -184(t5)
core   0: 3 0x8000f0bc (0xf43f2423) mem 0x80010000 0x00000001
core   0: 0x8000f0c0 (0x0000bfe5) c.j     pc - 8
core   0: 3 0x8000f0c0 (0xbfe5)
core   0: 0x8000f0b8 (0x00001f17) auipc   t5, 0x1
core   0: 3 0x8000f0b8 (0x00001f17) x30 0x800100b8
core   0: 0x8000f0bc (0xf43f2423) sw      gp, -184(t5)
core   0: 3 0x8000f0bc (0xf43f2423) mem 0x80010000 0x00000001
core   0: 0x8000f0c0 (0x0000bfe5) c.j     pc - 8
core   0: 3 0x8000f0c0 (0xbfe5)
core   0: 0x8000f0b8 (0x00001f17) auipc   t5, 0x1
core   0: 3 0x8000f0b8 (0x00001f17) x30 0x800100b8
core   0: 0x8000f0bc (0xf43f2423) sw      gp, -184(t5)
core   0: 3 0x8000f0bc (0xf43f2423) mem 0x80010000 0x00000001
core   0: 0x8000f0c0 (0x0000bfe5) c.j     pc - 8
core   0: 3 0x8000f0c0 (0xbfe5)
core   0: 0x8000f0b8 (0x00001f17) auipc   t5, 0x1
core   0: 3 0x8000f0b8 (0x00001f17) x30 0x800100b8
core   0: 0x8000f0bc (0xf43f2423) sw      gp, -184(t5)
core   0: 3 0x8000f0bc (0xf43f2423) mem 0x80010000 0x00000001
core   0: 0x8000f0c0 (0x0000bfe5) c.j     pc - 8
core   0: 3 0x8000f0c0 (0xbfe5)
core   0: 0x8000f0b8 (0x00001f17) auipc   t5, 0x1
core   0: 3 0x8000f0b8 (0x00001f17) x30 0x800100b8
core   0: 0x8000f0bc (0xf43f2423) sw      gp, -184(t5)
core   0: 3 0x8000f0bc (0xf43f2423) mem 0x80010000 0x00000001
core   0: 0x8000f0c0 (0x0000bfe5) c.j     pc - 8
core   0: 3 0x8000f0c0 (0xbfe5)
core   0: 0x8000f0b8 (0x00001f17) auipc   t5, 0x1
core   0: 3 0x8000f0b8 (0x00001f17) x30 0x800100b8
core   0: 0x8000f0bc (0xf43f2423) sw      gp, -184(t5)
core   0: 3 0x8000f0bc (0xf43f2423) mem 0x80010000 0x00000001
core   0: 0x8000f0c0 (0x0000bfe5) c.j     pc - 8
core   0: 3 0x8000f0c0 (0xbfe5)
core   0: 0x8000f0b8 (0x00001f17) auipc   t5, 0x1
core   0: 3 0x8000f0b8 (0x00001f17) x30 0x800100b8
core   0: 0x8000f0bc (0xf43f2423) sw      gp, -184(t5)
core   0: 3 0x8000f0bc (0xf43f2423) mem 0x80010000 0x00000001
core   0: 0x8000f0c0 (0x0000bfe5) c.j     pc - 8
core   0: 3 0x8000f0c0 (0xbfe5)
core   0: 0x8000f0b8 (0x00001f17) auipc   t5, 0x1
core   0: 3 0x8000f0b8 (0x00001f17) x30 0x800100b8
core   0: 0x8000f0bc (0xf43f2423) sw      gp, -184(t5)
core   0: 3 0x8000f0bc (0xf43f2423) mem 0x80010000 0x00000001
core   0: 0x8000f0c0 (0x0000bfe5) c.j     pc - 8
core   0: 3 0x8000f0c0 (0xbfe5)
core   0: 0x8000f0b8 (0x00001f17) auipc   t5, 0x1
core   0: 3 0x8000f0b8 (0x00001f17) x30 0x800100b8
core   0: 0x8000f0bc (0xf43f2423) sw      gp, -184(t5)
core   0: 3 0x8000f0bc (0xf43f2423) mem 0x80010000 0x00000001
core   0: 0x8000f0c0 (0x0000bfe5) c.j     pc - 8
core   0: 3 0x8000f0c0 (0xbfe5)
core   0: 0x8000f0b8 (0x00001f17) auipc   t5, 0x1
core   0: 3 0x8000f0b8 (0x00001f17) x30 0x800100b8
core   0: 0x8000f0bc (0xf43f2423) sw      gp, -184(t5)
core   0: 3 0x8000f0bc (0xf43f2423) mem 0x80010000 0x00000001
core   0: 0x8000f0c0 (0x0000bfe5) c.j     pc - 8
core   0: 3 0x8000f0c0 (0xbfe5)
core   0: 0x8000f0b8 (0x00001f17) auipc   t5, 0x1
core   0: 3 0x8000f0b8 (0x00001f17) x30 0x800100b8
core   0: 0x8000f0bc (0xf43f2423) sw      gp, -184(t5)
core   0: 3 0x8000f0bc (0xf43f2423) mem 0x80010000 0x00000001
core   0: 0x8000f0c0 (0x0000bfe5) c.j     pc - 8
core   0: 3 0x8000f0c0 (0xbfe5)
core   0: 0x8000f0b8 (0x00001f17) auipc   t5, 0x1
core   0: 3 0x8000f0b8 (0x00001f17) x30 0x800100b8
core   0: 0x8000f0bc (0xf43f2423) sw      gp, -184(t5)
core   0: 3 0x8000f0bc (0xf43f2423) mem 0x80010000 0x00000001
core   0: 0x8000f0c0 (0x0000bfe5) c.j     pc - 8
core   0: 3 0x8000f0c0 (0xbfe5)
core   0: 0x8000f0b8 (0x00001f17) auipc   t5, 0x1
core   0: 3 0x8000f0b8 (0x00001f17) x30 0x800100b8
core   0: 0x8000f0bc (0xf43f2423) sw      gp, -184(t5)
core   0: 3 0x8000f0bc (0xf43f2423) mem 0x80010000 0x00000001
core   0: 0x8000f0c0 (0x0000bfe5) c.j     pc - 8
core   0: 3 0x8000f0c0 (0xbfe5)
core   0: 0x8000f0b8 (0x00001f17) auipc   t5, 0x1
core   0: 3 0x8000f0b8 (0x00001f17) x30 0x800100b8
core   0: 0x8000f0bc (0xf43f2423) sw      gp, -184(t5)
core   0: 3 0x8000f0bc (0xf43f2423) mem 0x80010000 0x00000001
core   0: 0x8000f0c0 (0x0000bfe5) c.j     pc - 8
core   0: 3 0x8000f0c0 (0xbfe5)
core   0: 0x8000f0b8 (0x00001f17) auipc   t5, 0x1
core   0: 3 0x8000f0b8 (0x00001f17) x30 0x800100b8
core   0: 0x8000f0bc (0xf43f2423) sw      gp, -184(t5)
core   0: 3 0x8000f0bc (0xf43f2423) mem 0x80010000 0x00000001
core   0: 0x8000f0c0 (0x0000bfe5) c.j     pc - 8
core   0: 3 0x8000f0c0 (0xbfe5)
core   0: 0x8000f0b8 (0x00001f17) auipc   t5, 0x1
core   0: 3 0x8000f0b8 (0x00001f17) x30 0x800100b8
core   0: 0x8000f0bc (0xf43f2423) sw      gp, -184(t5)
core   0: 3 0x8000f0bc (0xf43f2423) mem 0x80010000 0x00000001
core   0: 0x8000f0c0 (0x0000bfe5) c.j     pc - 8
core   0: 3 0x8000f0c0 (0xbfe5)
core   0: 0x8000f0b8 (0x00001f17) auipc   t5, 0x1
core   0: 3 0x8000f0b8 (0x00001f17) x30 0x800100b8
core   0: 0x8000f0bc (0xf43f2423) sw      gp, -184(t5)
core   0: 3 0x8000f0bc (0xf43f2423) mem 0x80010000 0x00000001
core   0: 0x8000f0c0 (0x0000bfe5) c.j     pc - 8
core   0: 3 0x8000f0c0 (0xbfe5)
core   0: 0x8000f0b8 (0x00001f17) auipc   t5, 0x1
core   0: 3 0x8000f0b8 (0x00001f17) x30 0x800100b8
core   0: 0x8000f0bc (0xf43f2423) sw      gp, -184(t5)
core   0: 3 0x8000f0bc (0xf43f2423) mem 0x80010000 0x00000001
core   0: 0x8000f0c0 (0x0000bfe5) c.j     pc - 8
core   0: 3 0x8000f0c0 (0xbfe5)
core   0: 0x8000f0b8 (0x00001f17) auipc   t5, 0x1
core   0: 3 0x8000f0b8 (0x00001f17) x30 0x800100b8
core   0: 0x8000f0bc (0xf43f2423) sw      gp, -184(t5)
core   0: 3 0x8000f0bc (0xf43f2423) mem 0x80010000 0x00000001
core   0: 0x8000f0c0 (0x0000bfe5) c.j     pc - 8
core   0: 3 0x8000f0c0 (0xbfe5)
core   0: 0x8000f0b8 (0x00001f17) auipc   t5, 0x1
core   0: 3 0x8000f0b8 (0x00001f17) x30 0x800100b8
core   0: 0x8000f0bc (0xf43f2423) sw      gp, -184(t5)
core   0: 3 0x8000f0bc (0xf43f2423) mem 0x80010000 0x00000001
core   0: 0x8000f0c0 (0x0000bfe5) c.j     pc - 8
core   0: 3 0x8000f0c0 (0xbfe5)
core   0: 0x8000f0b8 (0x00001f17) auipc   t5, 0x1
core   0: 3 0x8000f0b8 (0x00001f17) x30 0x800100b8
core   0: 0x8000f0bc (0xf43f2423) sw      gp, -184(t5)
core   0: 3 0x8000f0bc (0xf43f2423) mem 0x80010000 0x00000001
core   0: 0x8000f0c0 (0x0000bfe5) c.j     pc - 8
core   0: 3 0x8000f0c0 (0xbfe5)
core   0: 0x8000f0b8 (0x00001f17) auipc   t5, 0x1
core   0: 3 0x8000f0b8 (0x00001f17) x30 0x800100b8
core   0: 0x8000f0bc (0xf43f2423) sw      gp, -184(t5)
core   0: 3 0x8000f0bc (0xf43f2423) mem 0x80010000 0x00000001
core   0: 0x8000f0c0 (0x0000bfe5) c.j     pc - 8
core   0: 3 0x8000f0c0 (0xbfe5)
core   0: 0x8000f0b8 (0x00001f17) auipc   t5, 0x1
core   0: 3 0x8000f0b8 (0x00001f17) x30 0x800100b8
core   0: 0x8000f0bc (0xf43f2423) sw      gp, -184(t5)
core   0: 3 0x8000f0bc (0xf43f2423) mem 0x80010000 0x00000001
core   0: 0x8000f0c0 (0x0000bfe5) c.j     pc - 8
core   0: 3 0x8000f0c0 (0xbfe5)
core   0: 0x8000f0b8 (0x00001f17) auipc   t5, 0x1
core   0: 3 0x8000f0b8 (0x00001f17) x30 0x800100b8
core   0: 0x8000f0bc (0xf43f2423) sw      gp, -184(t5)
core   0: 3 0x8000f0bc (0xf43f2423) mem 0x80010000 0x00000001
core   0: 0x8000f0c0 (0x0000bfe5) c.j     pc - 8
core   0: 3 0x8000f0c0 (0xbfe5)
core   0: 0x8000f0b8 (0x00001f17) auipc   t5, 0x1
core   0: 3 0x8000f0b8 (0x00001f17) x30 0x800100b8
core   0: 0x8000f0bc (0xf43f2423) sw      gp, -184(t5)
core   0: 3 0x8000f0bc (0xf43f2423) mem 0x80010000 0x00000001
core   0: 0x8000f0c0 (0x0000bfe5) c.j     pc - 8
core   0: 3 0x8000f0c0 (0xbfe5)
core   0: 0x8000f0b8 (0x00001f17) auipc   t5, 0x1
core   0: 3 0x8000f0b8 (0x00001f17) x30 0x800100b8
core   0: 0x8000f0bc (0xf43f2423) sw      gp, -184(t5)
core   0: 3 0x8000f0bc (0xf43f2423) mem 0x80010000 0x00000001
core   0: 0x8000f0c0 (0x0000bfe5) c.j     pc - 8
core   0: 3 0x8000f0c0 (0xbfe5)
core   0: 0x8000f0b8 (0x00001f17) auipc   t5, 0x1
core   0: 3 0x8000f0b8 (0x00001f17) x30 0x800100b8
core   0: 0x8000f0bc (0xf43f2423) sw      gp, -184(t5)
core   0: 3 0x8000f0bc (0xf43f2423) mem 0x80010000 0x00000001
core   0: 0x8000f0c0 (0x0000bfe5) c.j     pc - 8
core   0: 3 0x8000f0c0 (0xbfe5)
core   0: 0x8000f0b8 (0x00001f17) auipc   t5, 0x1
core   0: 3 0x8000f0b8 (0x00001f17) x30 0x800100b8
core   0: 0x8000f0bc (0xf43f2423) sw      gp, -184(t5)
core   0: 3 0x8000f0bc (0xf43f2423) mem 0x80010000 0x00000001
core   0: 0x8000f0c0 (0x0000bfe5) c.j     pc - 8
core   0: 3 0x8000f0c0 (0xbfe5)
core   0: 0x8000f0b8 (0x00001f17) auipc   t5, 0x1
core   0: 3 0x8000f0b8 (0x00001f17) x30 0x800100b8
core   0: 0x8000f0bc (0xf43f2423) sw      gp, -184(t5)
core   0: 3 0x8000f0bc (0xf43f2423) mem 0x80010000 0x00000001
core   0: 0x8000f0c0 (0x0000bfe5) c.j     pc - 8
core   0: 3 0x8000f0c0 (0xbfe5)
core   0: 0x8000f0b8 (0x00001f17) auipc   t5, 0x1
core   0: 3 0x8000f0b8 (0x00001f17) x30 0x800100b8
core   0: 0x8000f0bc (0xf43f2423) sw      gp, -184(t5)
core   0: 3 0x8000f0bc (0xf43f2423) mem 0x80010000 0x00000001
core   0: 0x8000f0c0 (0x0000bfe5) c.j     pc - 8
core   0: 3 0x8000f0c0 (0xbfe5)
core   0: 0x8000f0b8 (0x00001f17) auipc   t5, 0x1
core   0: 3 0x8000f0b8 (0x00001f17) x30 0x800100b8
core   0: 0x8000f0bc (0xf43f2423) sw      gp, -184(t5)
core   0: 3 0x8000f0bc (0xf43f2423) mem 0x80010000 0x00000001
core   0: 0x8000f0c0 (0x0000bfe5) c.j     pc - 8
core   0: 3 0x8000f0c0 (0xbfe5)
core   0: 0x8000f0b8 (0x00001f17) auipc   t5, 0x1
core   0: 3 0x8000f0b8 (0x00001f17) x30 0x800100b8
core   0: 0x8000f0bc (0xf43f2423) sw      gp, -184(t5)
core   0: 3 0x8000f0bc (0xf43f2423) mem 0x80010000 0x00000001
core   0: 0x8000f0c0 (0x0000bfe5) c.j     pc - 8
core   0: 3 0x8000f0c0 (0xbfe5)
core   0: 0x8000f0b8 (0x00001f17) auipc   t5, 0x1
core   0: 3 0x8000f0b8 (0x00001f17) x30 0x800100b8
core   0: 0x8000f0bc (0xf43f2423) sw      gp, -184(t5)
core   0: 3 0x8000f0bc (0xf43f2423) mem 0x80010000 0x00000001
core   0: 0x8000f0c0 (0x0000bfe5) c.j     pc - 8
core   0: 3 0x8000f0c0 (0xbfe5)
core   0: 0x8000f0b8 (0x00001f17) auipc   t5, 0x1
core   0: 3 0x8000f0b8 (0x00001f17) x30 0x800100b8
core   0: 0x8000f0bc (0xf43f2423) sw      gp, -184(t5)
core   0: 3 0x8000f0bc (0xf43f2423) mem 0x80010000 0x00000001
core   0: 0x8000f0c0 (0x0000bfe5) c.j     pc - 8
core   0: 3 0x8000f0c0 (0xbfe5)
core   0: 0x8000f0b8 (0x00001f17) auipc   t5, 0x1
core   0: 3 0x8000f0b8 (0x00001f17) x30 0x800100b8
core   0: 0x8000f0bc (0xf43f2423) sw      gp, -184(t5)
core   0: 3 0x8000f0bc (0xf43f2423) mem 0x80010000 0x00000001
core   0: 0x8000f0c0 (0x0000bfe5) c.j     pc - 8
core   0: 3 0x8000f0c0 (0xbfe5)
core   0: 0x8000f0b8 (0x00001f17) auipc   t5, 0x1
core   0: 3 0x8000f0b8 (0x00001f17) x30 0x800100b8
core   0: 0x8000f0bc (0xf43f2423) sw      gp, -184(t5)
core   0: 3 0x8000f0bc (0xf43f2423) mem 0x80010000 0x00000001
core   0: 0x8000f0c0 (0x0000bfe5) c.j     pc - 8
core   0: 3 0x8000f0c0 (0xbfe5)
core   0: 0x8000f0b8 (0x00001f17) auipc   t5, 0x1
core   0: 3 0x8000f0b8 (0x00001f17) x30 0x800100b8
core   0: 0x8000f0bc (0xf43f2423) sw      gp, -184(t5)
core   0: 3 0x8000f0bc (0xf43f2423) mem 0x80010000 0x00000001
core   0: 0x8000f0c0 (0x0000bfe5) c.j     pc - 8
core   0: 3 0x8000f0c0 (0xbfe5)
core   0: 0x8000f0b8 (0x00001f17) auipc   t5, 0x1
core   0: 3 0x8000f0b8 (0x00001f17) x30 0x800100b8
core   0: 0x8000f0bc (0xf43f2423) sw      gp, -184(t5)
core   0: 3 0x8000f0bc (0xf43f2423) mem 0x80010000 0x00000001
core   0: 0x8000f0c0 (0x0000bfe5) c.j     pc - 8
core   0: 3 0x8000f0c0 (0xbfe5)
core   0: 0x8000f0b8 (0x00001f17) auipc   t5, 0x1
core   0: 3 0x8000f0b8 (0x00001f17) x30 0x800100b8
core   0: 0x8000f0bc (0xf43f2423) sw      gp, -184(t5)
core   0: 3 0x8000f0bc (0xf43f2423) mem 0x80010000 0x00000001
core   0: 0x8000f0c0 (0x0000bfe5) c.j     pc - 8
core   0: 3 0x8000f0c0 (0xbfe5)
core   0: 0x8000f0b8 (0x00001f17) auipc   t5, 0x1
core   0: 3 0x8000f0b8 (0x00001f17) x30 0x800100b8
core   0: 0x8000f0bc (0xf43f2423) sw      gp, -184(t5)
core   0: 3 0x8000f0bc (0xf43f2423) mem 0x80010000 0x00000001
core   0: 0x8000f0c0 (0x0000bfe5) c.j     pc - 8
core   0: 3 0x8000f0c0 (0xbfe5)
core   0: 0x8000f0b8 (0x00001f17) auipc   t5, 0x1
core   0: 3 0x8000f0b8 (0x00001f17) x30 0x800100b8
core   0: 0x8000f0bc (0xf43f2423) sw      gp, -184(t5)
core   0: 3 0x8000f0bc (0xf43f2423) mem 0x80010000 0x00000001
core   0: 0x8000f0c0 (0x0000bfe5) c.j     pc - 8
core   0: 3 0x8000f0c0 (0xbfe5)
core   0: 0x8000f0b8 (0x00001f17) auipc   t5, 0x1
core   0: 3 0x8000f0b8 (0x00001f17) x30 0x800100b8
core   0: 0x8000f0bc (0xf43f2423) sw      gp, -184(t5)
core   0: 3 0x8000f0bc (0xf43f2423) mem 0x80010000 0x00000001
core   0: 0x8000f0c0 (0x0000bfe5) c.j     pc - 8
core   0: 3 0x8000f0c0 (0xbfe5)
core   0: 0x8000f0b8 (0x00001f17) auipc   t5, 0x1
core   0: 3 0x8000f0b8 (0x00001f17) x30 0x800100b8
core   0: 0x8000f0bc (0xf43f2423) sw      gp, -184(t5)
core   0: 3 0x8000f0bc (0xf43f2423) mem 0x80010000 0x00000001
core   0: 0x8000f0c0 (0x0000bfe5) c.j     pc - 8
core   0: 3 0x8000f0c0 (0xbfe5)
core   0: 0x8000f0b8 (0x00001f17) auipc   t5, 0x1
core   0: 3 0x8000f0b8 (0x00001f17) x30 0x800100b8
core   0: 0x8000f0bc (0xf43f2423) sw      gp, -184(t5)
core   0: 3 0x8000f0bc (0xf43f2423) mem 0x80010000 0x00000001
core   0: 0x8000f0c0 (0x0000bfe5) c.j     pc - 8
core   0: 3 0x8000f0c0 (0xbfe5)
core   0: 0x8000f0b8 (0x00001f17) auipc   t5, 0x1
core   0: 3 0x8000f0b8 (0x00001f17) x30 0x800100b8
core   0: 0x8000f0bc (0xf43f2423) sw      gp, -184(t5)
core   0: 3 0x8000f0bc (0xf43f2423) mem 0x80010000 0x00000001
core   0: 0x8000f0c0 (0x0000bfe5) c.j     pc - 8
core   0: 3 0x8000f0c0 (0xbfe5)
core   0: 0x8000f0b8 (0x00001f17) auipc   t5, 0x1
core   0: 3 0x8000f0b8 (0x00001f17) x30 0x800100b8
core   0: 0x8000f0bc (0xf43f2423) sw      gp, -184(t5)
core   0: 3 0x8000f0bc (0xf43f2423) mem 0x80010000 0x00000001
core   0: 0x8000f0c0 (0x0000bfe5) c.j     pc - 8
core   0: 3 0x8000f0c0 (0xbfe5)
core   0: 0x8000f0b8 (0x00001f17) auipc   t5, 0x1
core   0: 3 0x8000f0b8 (0x00001f17) x30 0x800100b8
core   0: 0x8000f0bc (0xf43f2423) sw      gp, -184(t5)
core   0: 3 0x8000f0bc (0xf43f2423) mem 0x80010000 0x00000001
core   0: 0x8000f0c0 (0x0000bfe5) c.j     pc - 8
core   0: 3 0x8000f0c0 (0xbfe5)
core   0: 0x8000f0b8 (0x00001f17) auipc   t5, 0x1
core   0: 3 0x8000f0b8 (0x00001f17) x30 0x800100b8
core   0: 0x8000f0bc (0xf43f2423) sw      gp, -184(t5)
core   0: 3 0x8000f0bc (0xf43f2423) mem 0x80010000 0x00000001
core   0: 0x8000f0c0 (0x0000bfe5) c.j     pc - 8
core   0: 3 0x8000f0c0 (0xbfe5)
core   0: 0x8000f0b8 (0x00001f17) auipc   t5, 0x1
core   0: 3 0x8000f0b8 (0x00001f17) x30 0x800100b8
core   0: 0x8000f0bc (0xf43f2423) sw      gp, -184(t5)
core   0: 3 0x8000f0bc (0xf43f2423) mem 0x80010000 0x00000001
core   0: 0x8000f0c0 (0x0000bfe5) c.j     pc - 8
core   0: 3 0x8000f0c0 (0xbfe5)
core   0: 0x8000f0b8 (0x00001f17) auipc   t5, 0x1
core   0: 3 0x8000f0b8 (0x00001f17) x30 0x800100b8
core   0: 0x8000f0bc (0xf43f2423) sw      gp, -184(t5)
core   0: 3 0x8000f0bc (0xf43f2423) mem 0x80010000 0x00000001
core   0: 0x8000f0c0 (0x0000bfe5) c.j     pc - 8
core   0: 3 0x8000f0c0 (0xbfe5)
core   0: 0x8000f0b8 (0x00001f17) auipc   t5, 0x1
core   0: 3 0x8000f0b8 (0x00001f17) x30 0x800100b8
core   0: 0x8000f0bc (0xf43f2423) sw      gp, -184(t5)
core   0: 3 0x8000f0bc (0xf43f2423) mem 0x80010000 0x00000001
core   0: 0x8000f0c0 (0x0000bfe5) c.j     pc - 8
core   0: 3 0x8000f0c0 (0xbfe5)
core   0: 0x8000f0b8 (0x00001f17) auipc   t5, 0x1
core   0: 3 0x8000f0b8 (0x00001f17) x30 0x800100b8
core   0: 0x8000f0bc (0xf43f2423) sw      gp, -184(t5)
core   0: 3 0x8000f0bc (0xf43f2423) mem 0x80010000 0x00000001
core   0: 0x8000f0c0 (0x0000bfe5) c.j     pc - 8
core   0: 3 0x8000f0c0 (0xbfe5)
core   0: 0x8000f0b8 (0x00001f17) auipc   t5, 0x1
core   0: 3 0x8000f0b8 (0x00001f17) x30 0x800100b8
core   0: 0x8000f0bc (0xf43f2423) sw      gp, -184(t5)
core   0: 3 0x8000f0bc (0xf43f2423) mem 0x80010000 0x00000001
core   0: 0x8000f0c0 (0x0000bfe5) c.j     pc - 8
core   0: 3 0x8000f0c0 (0xbfe5)
core   0: 0x8000f0b8 (0x00001f17) auipc   t5, 0x1
core   0: 3 0x8000f0b8 (0x00001f17) x30 0x800100b8
core   0: 0x8000f0bc (0xf43f2423) sw      gp, -184(t5)
core   0: 3 0x8000f0bc (0xf43f2423) mem 0x80010000 0x00000001
core   0: 0x8000f0c0 (0x0000bfe5) c.j     pc - 8
core   0: 3 0x8000f0c0 (0xbfe5)
core   0: 0x8000f0b8 (0x00001f17) auipc   t5, 0x1
core   0: 3 0x8000f0b8 (0x00001f17) x30 0x800100b8
core   0: 0x8000f0bc (0xf43f2423) sw      gp, -184(t5)
core   0: 3 0x8000f0bc (0xf43f2423) mem 0x80010000 0x00000001
core   0: 0x8000f0c0 (0x0000bfe5) c.j     pc - 8
core   0: 3 0x8000f0c0 (0xbfe5)
core   0: 0x8000f0b8 (0x00001f17) auipc   t5, 0x1
core   0: 3 0x8000f0b8 (0x00001f17) x30 0x800100b8
core   0: 0x8000f0bc (0xf43f2423) sw      gp, -184(t5)
core   0: 3 0x8000f0bc (0xf43f2423) mem 0x80010000 0x00000001
core   0: 0x8000f0c0 (0x0000bfe5) c.j     pc - 8
core   0: 3 0x8000f0c0 (0xbfe5)
core   0: 0x8000f0b8 (0x00001f17) auipc   t5, 0x1
core   0: 3 0x8000f0b8 (0x00001f17) x30 0x800100b8
core   0: 0x8000f0bc (0xf43f2423) sw      gp, -184(t5)
core   0: 3 0x8000f0bc (0xf43f2423) mem 0x80010000 0x00000001
core   0: 0x8000f0c0 (0x0000bfe5) c.j     pc - 8
core   0: 3 0x8000f0c0 (0xbfe5)
core   0: 0x8000f0b8 (0x00001f17) auipc   t5, 0x1
core   0: 3 0x8000f0b8 (0x00001f17) x30 0x800100b8
core   0: 0x8000f0bc (0xf43f2423) sw      gp, -184(t5)
core   0: 3 0x8000f0bc (0xf43f2423) mem 0x80010000 0x00000001
core   0: 0x8000f0c0 (0x0000bfe5) c.j     pc - 8
core   0: 3 0x8000f0c0 (0xbfe5)
core   0: 0x8000f0b8 (0x00001f17) auipc   t5, 0x1
core   0: 3 0x8000f0b8 (0x00001f17) x30 0x800100b8
core   0: 0x8000f0bc (0xf43f2423) sw      gp, -184(t5)
core   0: 3 0x8000f0bc (0xf43f2423) mem 0x80010000 0x00000001
core   0: 0x8000f0c0 (0x0000bfe5) c.j     pc - 8
core   0: 3 0x8000f0c0 (0xbfe5)
core   0: 0x8000f0b8 (0x00001f17) auipc   t5, 0x1
core   0: 3 0x8000f0b8 (0x00001f17) x30 0x800100b8
core   0: 0x8000f0bc (0xf43f2423) sw      gp, -184(t5)
core   0: 3 0x8000f0bc (0xf43f2423) mem 0x80010000 0x00000001
core   0: 0x8000f0c0 (0x0000bfe5) c.j     pc - 8
core   0: 3 0x8000f0c0 (0xbfe5)
core   0: 0x8000f0b8 (0x00001f17) auipc   t5, 0x1
core   0: 3 0x8000f0b8 (0x00001f17) x30 0x800100b8
core   0: 0x8000f0bc (0xf43f2423) sw      gp, -184(t5)
core   0: 3 0x8000f0bc (0xf43f2423) mem 0x80010000 0x00000001
core   0: 0x8000f0c0 (0x0000bfe5) c.j     pc - 8
core   0: 3 0x8000f0c0 (0xbfe5)
core   0: 0x8000f0b8 (0x00001f17) auipc   t5, 0x1
core   0: 3 0x8000f0b8 (0x00001f17) x30 0x800100b8
core   0: 0x8000f0bc (0xf43f2423) sw      gp, -184(t5)
core   0: 3 0x8000f0bc (0xf43f2423) mem 0x80010000 0x00000001
core   0: 0x8000f0c0 (0x0000bfe5) c.j     pc - 8
core   0: 3 0x8000f0c0 (0xbfe5)
core   0: 0x8000f0b8 (0x00001f17) auipc   t5, 0x1
core   0: 3 0x8000f0b8 (0x00001f17) x30 0x800100b8
core   0: 0x8000f0bc (0xf43f2423) sw      gp, -184(t5)
core   0: 3 0x8000f0bc (0xf43f2423) mem 0x80010000 0x00000001
core   0: 0x8000f0c0 (0x0000bfe5) c.j     pc - 8
core   0: 3 0x8000f0c0 (0xbfe5)
core   0: 0x8000f0b8 (0x00001f17) auipc   t5, 0x1
core   0: 3 0x8000f0b8 (0x00001f17) x30 0x800100b8
core   0: 0x8000f0bc (0xf43f2423) sw      gp, -184(t5)
core   0: 3 0x8000f0bc (0xf43f2423) mem 0x80010000 0x00000001
core   0: 0x8000f0c0 (0x0000bfe5) c.j     pc - 8
core   0: 3 0x8000f0c0 (0xbfe5)
core   0: 0x8000f0b8 (0x00001f17) auipc   t5, 0x1
core   0: 3 0x8000f0b8 (0x00001f17) x30 0x800100b8
core   0: 0x8000f0bc (0xf43f2423) sw      gp, -184(t5)
core   0: 3 0x8000f0bc (0xf43f2423) mem 0x80010000 0x00000001
core   0: 0x8000f0c0 (0x0000bfe5) c.j     pc - 8
core   0: 3 0x8000f0c0 (0xbfe5)
core   0: 0x8000f0b8 (0x00001f17) auipc   t5, 0x1
core   0: 3 0x8000f0b8 (0x00001f17) x30 0x800100b8
core   0: 0x8000f0bc (0xf43f2423) sw      gp, -184(t5)
core   0: 3 0x8000f0bc (0xf43f2423) mem 0x80010000 0x00000001
core   0: 0x8000f0c0 (0x0000bfe5) c.j     pc - 8
core   0: 3 0x8000f0c0 (0xbfe5)
core   0: 0x8000f0b8 (0x00001f17) auipc   t5, 0x1
core   0: 3 0x8000f0b8 (0x00001f17) x30 0x800100b8
core   0: 0x8000f0bc (0xf43f2423) sw      gp, -184(t5)
core   0: 3 0x8000f0bc (0xf43f2423) mem 0x80010000 0x00000001
core   0: 0x8000f0c0 (0x0000bfe5) c.j     pc - 8
core   0: 3 0x8000f0c0 (0xbfe5)
core   0: 0x8000f0b8 (0x00001f17) auipc   t5, 0x1
core   0: 3 0x8000f0b8 (0x00001f17) x30 0x800100b8
core   0: 0x8000f0bc (0xf43f2423) sw      gp, -184(t5)
core   0: 3 0x8000f0bc (0xf43f2423) mem 0x80010000 0x00000001
core   0: 0x8000f0c0 (0x0000bfe5) c.j     pc - 8
core   0: 3 0x8000f0c0 (0xbfe5)
core   0: 0x8000f0b8 (0x00001f17) auipc   t5, 0x1
core   0: 3 0x8000f0b8 (0x00001f17) x30 0x800100b8
core   0: 0x8000f0bc (0xf43f2423) sw      gp, -184(t5)
core   0: 3 0x8000f0bc (0xf43f2423) mem 0x80010000 0x00000001
core   0: 0x8000f0c0 (0x0000bfe5) c.j     pc - 8
core   0: 3 0x8000f0c0 (0xbfe5)
core   0: 0x8000f0b8 (0x00001f17) auipc   t5, 0x1
core   0: 3 0x8000f0b8 (0x00001f17) x30 0x800100b8
core   0: 0x8000f0bc (0xf43f2423) sw      gp, -184(t5)
core   0: 3 0x8000f0bc (0xf43f2423) mem 0x80010000 0x00000001
core   0: 0x8000f0c0 (0x0000bfe5) c.j     pc - 8
core   0: 3 0x8000f0c0 (0xbfe5)
core   0: 0x8000f0b8 (0x00001f17) auipc   t5, 0x1
core   0: 3 0x8000f0b8 (0x00001f17) x30 0x800100b8
core   0: 0x8000f0bc (0xf43f2423) sw      gp, -184(t5)
core   0: 3 0x8000f0bc (0xf43f2423) mem 0x80010000 0x00000001
core   0: 0x8000f0c0 (0x0000bfe5) c.j     pc - 8
core   0: 3 0x8000f0c0 (0xbfe5)
core   0: 0x8000f0b8 (0x00001f17) auipc   t5, 0x1
core   0: 3 0x8000f0b8 (0x00001f17) x30 0x800100b8
core   0: 0x8000f0bc (0xf43f2423) sw      gp, -184(t5)
core   0: 3 0x8000f0bc (0xf43f2423) mem 0x80010000 0x00000001
core   0: 0x8000f0c0 (0x0000bfe5) c.j     pc - 8
core   0: 3 0x8000f0c0 (0xbfe5)
core   0: 0x8000f0b8 (0x00001f17) auipc   t5, 0x1
core   0: 3 0x8000f0b8 (0x00001f17) x30 0x800100b8
core   0: 0x8000f0bc (0xf43f2423) sw      gp, -184(t5)
core   0: 3 0x8000f0bc (0xf43f2423) mem 0x80010000 0x00000001
core   0: 0x8000f0c0 (0x0000bfe5) c.j     pc - 8
core   0: 3 0x8000f0c0 (0xbfe5)
core   0: 0x8000f0b8 (0x00001f17) auipc   t5, 0x1
core   0: 3 0x8000f0b8 (0x00001f17) x30 0x800100b8
core   0: 0x8000f0bc (0xf43f2423) sw      gp, -184(t5)
core   0: 3 0x8000f0bc (0xf43f2423) mem 0x80010000 0x00000001
core   0: 0x8000f0c0 (0x0000bfe5) c.j     pc - 8
core   0: 3 0x8000f0c0 (0xbfe5)
core   0: 0x8000f0b8 (0x00001f17) auipc   t5, 0x1
core   0: 3 0x8000f0b8 (0x00001f17) x30 0x800100b8
core   0: 0x8000f0bc (0xf43f2423) sw      gp, -184(t5)
core   0: 3 0x8000f0bc (0xf43f2423) mem 0x80010000 0x00000001
core   0: 0x8000f0c0 (0x0000bfe5) c.j     pc - 8
core   0: 3 0x8000f0c0 (0xbfe5)
core   0: 0x8000f0b8 (0x00001f17) auipc   t5, 0x1
core   0: 3 0x8000f0b8 (0x00001f17) x30 0x800100b8
core   0: 0x8000f0bc (0xf43f2423) sw      gp, -184(t5)
core   0: 3 0x8000f0bc (0xf43f2423) mem 0x80010000 0x00000001
core   0: 0x8000f0c0 (0x0000bfe5) c.j     pc - 8
core   0: 3 0x8000f0c0 (0xbfe5)
core   0: 0x8000f0b8 (0x00001f17) auipc   t5, 0x1
core   0: 3 0x8000f0b8 (0x00001f17) x30 0x800100b8
core   0: 0x8000f0bc (0xf43f2423) sw      gp, -184(t5)
core   0: 3 0x8000f0bc (0xf43f2423) mem 0x80010000 0x00000001
core   0: 0x8000f0c0 (0x0000bfe5) c.j     pc - 8
core   0: 3 0x8000f0c0 (0xbfe5)
core   0: 0x8000f0b8 (0x00001f17) auipc   t5, 0x1
core   0: 3 0x8000f0b8 (0x00001f17) x30 0x800100b8
core   0: 0x8000f0bc (0xf43f2423) sw      gp, -184(t5)
core   0: 3 0x8000f0bc (0xf43f2423) mem 0x80010000 0x00000001
core   0: 0x8000f0c0 (0x0000bfe5) c.j     pc - 8
core   0: 3 0x8000f0c0 (0xbfe5)
core   0: 0x8000f0b8 (0x00001f17) auipc   t5, 0x1
core   0: 3 0x8000f0b8 (0x00001f17) x30 0x800100b8
core   0: 0x8000f0bc (0xf43f2423) sw      gp, -184(t5)
core   0: 3 0x8000f0bc (0xf43f2423) mem 0x80010000 0x00000001
core   0: 0x8000f0c0 (0x0000bfe5) c.j     pc - 8
core   0: 3 0x8000f0c0 (0xbfe5)
core   0: 0x8000f0b8 (0x00001f17) auipc   t5, 0x1
core   0: 3 0x8000f0b8 (0x00001f17) x30 0x800100b8
core   0: 0x8000f0bc (0xf43f2423) sw      gp, -184(t5)
core   0: 3 0x8000f0bc (0xf43f2423) mem 0x80010000 0x00000001
core   0: 0x8000f0c0 (0x0000bfe5) c.j     pc - 8
core   0: 3 0x8000f0c0 (0xbfe5)
core   0: 0x8000f0b8 (0x00001f17) auipc   t5, 0x1
core   0: 3 0x8000f0b8 (0x00001f17) x30 0x800100b8
core   0: 0x8000f0bc (0xf43f2423) sw      gp, -184(t5)
core   0: 3 0x8000f0bc (0xf43f2423) mem 0x80010000 0x00000001
core   0: 0x8000f0c0 (0x0000bfe5) c.j     pc - 8
core   0: 3 0x8000f0c0 (0xbfe5)
core   0: 0x8000f0b8 (0x00001f17) auipc   t5, 0x1
core   0: 3 0x8000f0b8 (0x00001f17) x30 0x800100b8
core   0: 0x8000f0bc (0xf43f2423) sw      gp, -184(t5)
core   0: 3 0x8000f0bc (0xf43f2423) mem 0x80010000 0x00000001
core   0: 0x8000f0c0 (0x0000bfe5) c.j     pc - 8
core   0: 3 0x8000f0c0 (0xbfe5)
core   0: 0x8000f0b8 (0x00001f17) auipc   t5, 0x1
core   0: 3 0x8000f0b8 (0x00001f17) x30 0x800100b8
core   0: 0x8000f0bc (0xf43f2423) sw      gp, -184(t5)
core   0: 3 0x8000f0bc (0xf43f2423) mem 0x80010000 0x00000001
core   0: 0x8000f0c0 (0x0000bfe5) c.j     pc - 8
core   0: 3 0x8000f0c0 (0xbfe5)
core   0: 0x8000f0b8 (0x00001f17) auipc   t5, 0x1
core   0: 3 0x8000f0b8 (0x00001f17) x30 0x800100b8
core   0: 0x8000f0bc (0xf43f2423) sw      gp, -184(t5)
core   0: 3 0x8000f0bc (0xf43f2423) mem 0x80010000 0x00000001
core   0: 0x8000f0c0 (0x0000bfe5) c.j     pc - 8
core   0: 3 0x8000f0c0 (0xbfe5)
core   0: 0x8000f0b8 (0x00001f17) auipc   t5, 0x1
core   0: 3 0x8000f0b8 (0x00001f17) x30 0x800100b8
core   0: 0x8000f0bc (0xf43f2423) sw      gp, -184(t5)
core   0: 3 0x8000f0bc (0xf43f2423) mem 0x80010000 0x00000001
core   0: 0x8000f0c0 (0x0000bfe5) c.j     pc - 8
core   0: 3 0x8000f0c0 (0xbfe5)
core   0: 0x8000f0b8 (0x00001f17) auipc   t5, 0x1
core   0: 3 0x8000f0b8 (0x00001f17) x30 0x800100b8
core   0: 0x8000f0bc (0xf43f2423) sw      gp, -184(t5)
core   0: 3 0x8000f0bc (0xf43f2423) mem 0x80010000 0x00000001
core   0: 0x8000f0c0 (0x0000bfe5) c.j     pc - 8
core   0: 3 0x8000f0c0 (0xbfe5)
core   0: 0x8000f0b8 (0x00001f17) auipc   t5, 0x1
core   0: 3 0x8000f0b8 (0x00001f17) x30 0x800100b8
core   0: 0x8000f0bc (0xf43f2423) sw      gp, -184(t5)
core   0: 3 0x8000f0bc (0xf43f2423) mem 0x80010000 0x00000001
core   0: 0x8000f0c0 (0x0000bfe5) c.j     pc - 8
core   0: 3 0x8000f0c0 (0xbfe5)
core   0: 0x8000f0b8 (0x00001f17) auipc   t5, 0x1
core   0: 3 0x8000f0b8 (0x00001f17) x30 0x800100b8
core   0: 0x8000f0bc (0xf43f2423) sw      gp, -184(t5)
core   0: 3 0x8000f0bc (0xf43f2423) mem 0x80010000 0x00000001
core   0: 0x8000f0c0 (0x0000bfe5) c.j     pc - 8
core   0: 3 0x8000f0c0 (0xbfe5)
core   0: 0x8000f0b8 (0x00001f17) auipc   t5, 0x1
core   0: 3 0x8000f0b8 (0x00001f17) x30 0x800100b8
core   0: 0x8000f0bc (0xf43f2423) sw      gp, -184(t5)
core   0: 3 0x8000f0bc (0xf43f2423) mem 0x80010000 0x00000001
core   0: 0x8000f0c0 (0x0000bfe5) c.j     pc - 8
core   0: 3 0x8000f0c0 (0xbfe5)
core   0: 0x8000f0b8 (0x00001f17) auipc   t5, 0x1
core   0: 3 0x8000f0b8 (0x00001f17) x30 0x800100b8
core   0: 0x8000f0bc (0xf43f2423) sw      gp, -184(t5)
core   0: 3 0x8000f0bc (0xf43f2423) mem 0x80010000 0x00000001
core   0: 0x8000f0c0 (0x0000bfe5) c.j     pc - 8
core   0: 3 0x8000f0c0 (0xbfe5)
core   0: 0x8000f0b8 (0x00001f17) auipc   t5, 0x1
core   0: 3 0x8000f0b8 (0x00001f17) x30 0x800100b8
core   0: 0x8000f0bc (0xf43f2423) sw      gp, -184(t5)
core   0: 3 0x8000f0bc (0xf43f2423) mem 0x80010000 0x00000001
core   0: 0x8000f0c0 (0x0000bfe5) c.j     pc - 8
core   0: 3 0x8000f0c0 (0xbfe5)
core   0: 0x8000f0b8 (0x00001f17) auipc   t5, 0x1
core   0: 3 0x8000f0b8 (0x00001f17) x30 0x800100b8
core   0: 0x8000f0bc (0xf43f2423) sw      gp, -184(t5)
core   0: 3 0x8000f0bc (0xf43f2423) mem 0x80010000 0x00000001
core   0: 0x8000f0c0 (0x0000bfe5) c.j     pc - 8
core   0: 3 0x8000f0c0 (0xbfe5)
core   0: 0x8000f0b8 (0x00001f17) auipc   t5, 0x1
core   0: 3 0x8000f0b8 (0x00001f17) x30 0x800100b8
core   0: 0x8000f0bc (0xf43f2423) sw      gp, -184(t5)
core   0: 3 0x8000f0bc (0xf43f2423) mem 0x80010000 0x00000001
core   0: 0x8000f0c0 (0x0000bfe5) c.j     pc - 8
core   0: 3 0x8000f0c0 (0xbfe5)
core   0: 0x8000f0b8 (0x00001f17) auipc   t5, 0x1
core   0: 3 0x8000f0b8 (0x00001f17) x30 0x800100b8
core   0: 0x8000f0bc (0xf43f2423) sw      gp, -184(t5)
core   0: 3 0x8000f0bc (0xf43f2423) mem 0x80010000 0x00000001
core   0: 0x8000f0c0 (0x0000bfe5) c.j     pc - 8
core   0: 3 0x8000f0c0 (0xbfe5)
core   0: 0x8000f0b8 (0x00001f17) auipc   t5, 0x1
core   0: 3 0x8000f0b8 (0x00001f17) x30 0x800100b8
core   0: 0x8000f0bc (0xf43f2423) sw      gp, -184(t5)
core   0: 3 0x8000f0bc (0xf43f2423) mem 0x80010000 0x00000001
core   0: 0x8000f0c0 (0x0000bfe5) c.j     pc - 8
core   0: 3 0x8000f0c0 (0xbfe5)
core   0: 0x8000f0b8 (0x00001f17) auipc   t5, 0x1
core   0: 3 0x8000f0b8 (0x00001f17) x30 0x800100b8
core   0: 0x8000f0bc (0xf43f2423) sw      gp, -184(t5)
core   0: 3 0x8000f0bc (0xf43f2423) mem 0x80010000 0x00000001
core   0: 0x8000f0c0 (0x0000bfe5) c.j     pc - 8
core   0: 3 0x8000f0c0 (0xbfe5)
core   0: 0x8000f0b8 (0x00001f17) auipc   t5, 0x1
core   0: 3 0x8000f0b8 (0x00001f17) x30 0x800100b8
core   0: 0x8000f0bc (0xf43f2423) sw      gp, -184(t5)
core   0: 3 0x8000f0bc (0xf43f2423) mem 0x80010000 0x00000001
core   0: 0x8000f0c0 (0x0000bfe5) c.j     pc - 8
core   0: 3 0x8000f0c0 (0xbfe5)
core   0: 0x8000f0b8 (0x00001f17) auipc   t5, 0x1
core   0: 3 0x8000f0b8 (0x00001f17) x30 0x800100b8
core   0: 0x8000f0bc (0xf43f2423) sw      gp, -184(t5)
core   0: 3 0x8000f0bc (0xf43f2423) mem 0x80010000 0x00000001
core   0: 0x8000f0c0 (0x0000bfe5) c.j     pc - 8
core   0: 3 0x8000f0c0 (0xbfe5)
core   0: 0x8000f0b8 (0x00001f17) auipc   t5, 0x1
core   0: 3 0x8000f0b8 (0x00001f17) x30 0x800100b8
core   0: 0x8000f0bc (0xf43f2423) sw      gp, -184(t5)
core   0: 3 0x8000f0bc (0xf43f2423) mem 0x80010000 0x00000001
core   0: 0x8000f0c0 (0x0000bfe5) c.j     pc - 8
core   0: 3 0x8000f0c0 (0xbfe5)
core   0: 0x8000f0b8 (0x00001f17) auipc   t5, 0x1
core   0: 3 0x8000f0b8 (0x00001f17) x30 0x800100b8
core   0: 0x8000f0bc (0xf43f2423) sw      gp, -184(t5)
core   0: 3 0x8000f0bc (0xf43f2423) mem 0x80010000 0x00000001
core   0: 0x8000f0c0 (0x0000bfe5) c.j     pc - 8
core   0: 3 0x8000f0c0 (0xbfe5)
core   0: 0x8000f0b8 (0x00001f17) auipc   t5, 0x1
core   0: 3 0x8000f0b8 (0x00001f17) x30 0x800100b8
core   0: 0x8000f0bc (0xf43f2423) sw      gp, -184(t5)
core   0: 3 0x8000f0bc (0xf43f2423) mem 0x80010000 0x00000001
core   0: 0x8000f0c0 (0x0000bfe5) c.j     pc - 8
core   0: 3 0x8000f0c0 (0xbfe5)
core   0: 0x8000f0b8 (0x00001f17) auipc   t5, 0x1
core   0: 3 0x8000f0b8 (0x00001f17) x30 0x800100b8
core   0: 0x8000f0bc (0xf43f2423) sw      gp, -184(t5)
core   0: 3 0x8000f0bc (0xf43f2423) mem 0x80010000 0x00000001
core   0: 0x8000f0c0 (0x0000bfe5) c.j     pc - 8
core   0: 3 0x8000f0c0 (0xbfe5)
core   0: 0x8000f0b8 (0x00001f17) auipc   t5, 0x1
core   0: 3 0x8000f0b8 (0x00001f17) x30 0x800100b8
core   0: 0x8000f0bc (0xf43f2423) sw      gp, -184(t5)
core   0: 3 0x8000f0bc (0xf43f2423) mem 0x80010000 0x00000001
core   0: 0x8000f0c0 (0x0000bfe5) c.j     pc - 8
core   0: 3 0x8000f0c0 (0xbfe5)
core   0: 0x8000f0b8 (0x00001f17) auipc   t5, 0x1
core   0: 3 0x8000f0b8 (0x00001f17) x30 0x800100b8
core   0: 0x8000f0bc (0xf43f2423) sw      gp, -184(t5)
core   0: 3 0x8000f0bc (0xf43f2423) mem 0x80010000 0x00000001
core   0: 0x8000f0c0 (0x0000bfe5) c.j     pc - 8
core   0: 3 0x8000f0c0 (0xbfe5)
core   0: 0x8000f0b8 (0x00001f17) auipc   t5, 0x1
core   0: 3 0x8000f0b8 (0x00001f17) x30 0x800100b8
core   0: 0x8000f0bc (0xf43f2423) sw      gp, -184(t5)
core   0: 3 0x8000f0bc (0xf43f2423) mem 0x80010000 0x00000001
core   0: 0x8000f0c0 (0x0000bfe5) c.j     pc - 8
core   0: 3 0x8000f0c0 (0xbfe5)
core   0: 0x8000f0b8 (0x00001f17) auipc   t5, 0x1
core   0: 3 0x8000f0b8 (0x00001f17) x30 0x800100b8
core   0: 0x8000f0bc (0xf43f2423) sw      gp, -184(t5)
core   0: 3 0x8000f0bc (0xf43f2423) mem 0x80010000 0x00000001
core   0: 0x8000f0c0 (0x0000bfe5) c.j     pc - 8
core   0: 3 0x8000f0c0 (0xbfe5)
core   0: 0x8000f0b8 (0x00001f17) auipc   t5, 0x1
core   0: 3 0x8000f0b8 (0x00001f17) x30 0x800100b8
core   0: 0x8000f0bc (0xf43f2423) sw      gp, -184(t5)
core   0: 3 0x8000f0bc (0xf43f2423) mem 0x80010000 0x00000001
core   0: 0x8000f0c0 (0x0000bfe5) c.j     pc - 8
core   0: 3 0x8000f0c0 (0xbfe5)
core   0: 0x8000f0b8 (0x00001f17) auipc   t5, 0x1
core   0: 3 0x8000f0b8 (0x00001f17) x30 0x800100b8
core   0: 0x8000f0bc (0xf43f2423) sw      gp, -184(t5)
core   0: 3 0x8000f0bc (0xf43f2423) mem 0x80010000 0x00000001
core   0: 0x8000f0c0 (0x0000bfe5) c.j     pc - 8
core   0: 3 0x8000f0c0 (0xbfe5)
core   0: 0x8000f0b8 (0x00001f17) auipc   t5, 0x1
core   0: 3 0x8000f0b8 (0x00001f17) x30 0x800100b8
core   0: 0x8000f0bc (0xf43f2423) sw      gp, -184(t5)
core   0: 3 0x8000f0bc (0xf43f2423) mem 0x80010000 0x00000001
core   0: 0x8000f0c0 (0x0000bfe5) c.j     pc - 8
core   0: 3 0x8000f0c0 (0xbfe5)
core   0: 0x8000f0b8 (0x00001f17) auipc   t5, 0x1
core   0: 3 0x8000f0b8 (0x00001f17) x30 0x800100b8
core   0: 0x8000f0bc (0xf43f2423) sw      gp, -184(t5)
core   0: 3 0x8000f0bc (0xf43f2423) mem 0x80010000 0x00000001
core   0: 0x8000f0c0 (0x0000bfe5) c.j     pc - 8
core   0: 3 0x8000f0c0 (0xbfe5)
core   0: 0x8000f0b8 (0x00001f17) auipc   t5, 0x1
core   0: 3 0x8000f0b8 (0x00001f17) x30 0x800100b8
core   0: 0x8000f0bc (0xf43f2423) sw      gp, -184(t5)
core   0: 3 0x8000f0bc (0xf43f2423) mem 0x80010000 0x00000001
core   0: 0x8000f0c0 (0x0000bfe5) c.j     pc - 8
core   0: 3 0x8000f0c0 (0xbfe5)
core   0: 0x8000f0b8 (0x00001f17) auipc   t5, 0x1
core   0: 3 0x8000f0b8 (0x00001f17) x30 0x800100b8
core   0: 0x8000f0bc (0xf43f2423) sw      gp, -184(t5)
core   0: 3 0x8000f0bc (0xf43f2423) mem 0x80010000 0x00000001
core   0: 0x8000f0c0 (0x0000bfe5) c.j     pc - 8
core   0: 3 0x8000f0c0 (0xbfe5)
core   0: 0x8000f0b8 (0x00001f17) auipc   t5, 0x1
core   0: 3 0x8000f0b8 (0x00001f17) x30 0x800100b8
core   0: 0x8000f0bc (0xf43f2423) sw      gp, -184(t5)
core   0: 3 0x8000f0bc (0xf43f2423) mem 0x80010000 0x00000001
core   0: 0x8000f0c0 (0x0000bfe5) c.j     pc - 8
core   0: 3 0x8000f0c0 (0xbfe5)
core   0: 0x8000f0b8 (0x00001f17) auipc   t5, 0x1
core   0: 3 0x8000f0b8 (0x00001f17) x30 0x800100b8
core   0: 0x8000f0bc (0xf43f2423) sw      gp, -184(t5)
core   0: 3 0x8000f0bc (0xf43f2423) mem 0x80010000 0x00000001
core   0: 0x8000f0c0 (0x0000bfe5) c.j     pc - 8
core   0: 3 0x8000f0c0 (0xbfe5)
core   0: 0x8000f0b8 (0x00001f17) auipc   t5, 0x1
core   0: 3 0x8000f0b8 (0x00001f17) x30 0x800100b8
core   0: 0x8000f0bc (0xf43f2423) sw      gp, -184(t5)
core   0: 3 0x8000f0bc (0xf43f2423) mem 0x80010000 0x00000001
core   0: 0x8000f0c0 (0x0000bfe5) c.j     pc - 8
core   0: 3 0x8000f0c0 (0xbfe5)
core   0: 0x8000f0b8 (0x00001f17) auipc   t5, 0x1
core   0: 3 0x8000f0b8 (0x00001f17) x30 0x800100b8
core   0: 0x8000f0bc (0xf43f2423) sw      gp, -184(t5)
core   0: 3 0x8000f0bc (0xf43f2423) mem 0x80010000 0x00000001
core   0: 0x8000f0c0 (0x0000bfe5) c.j     pc - 8
core   0: 3 0x8000f0c0 (0xbfe5)
core   0: 0x8000f0b8 (0x00001f17) auipc   t5, 0x1
core   0: 3 0x8000f0b8 (0x00001f17) x30 0x800100b8
core   0: 0x8000f0bc (0xf43f2423) sw      gp, -184(t5)
core   0: 3 0x8000f0bc (0xf43f2423) mem 0x80010000 0x00000001
core   0: 0x8000f0c0 (0x0000bfe5) c.j     pc - 8
core   0: 3 0x8000f0c0 (0xbfe5)
core   0: 0x8000f0b8 (0x00001f17) auipc   t5, 0x1
core   0: 3 0x8000f0b8 (0x00001f17) x30 0x800100b8
core   0: 0x8000f0bc (0xf43f2423) sw      gp, -184(t5)
core   0: 3 0x8000f0bc (0xf43f2423) mem 0x80010000 0x00000001
core   0: 0x8000f0c0 (0x0000bfe5) c.j     pc - 8
core   0: 3 0x8000f0c0 (0xbfe5)
core   0: 0x8000f0b8 (0x00001f17) auipc   t5, 0x1
core   0: 3 0x8000f0b8 (0x00001f17) x30 0x800100b8
core   0: 0x8000f0bc (0xf43f2423) sw      gp, -184(t5)
core   0: 3 0x8000f0bc (0xf43f2423) mem 0x80010000 0x00000001
core   0: 0x8000f0c0 (0x0000bfe5) c.j     pc - 8
core   0: 3 0x8000f0c0 (0xbfe5)
core   0: 0x8000f0b8 (0x00001f17) auipc   t5, 0x1
core   0: 3 0x8000f0b8 (0x00001f17) x30 0x800100b8
core   0: 0x8000f0bc (0xf43f2423) sw      gp, -184(t5)
core   0: 3 0x8000f0bc (0xf43f2423) mem 0x80010000 0x00000001
core   0: 0x8000f0c0 (0x0000bfe5) c.j     pc - 8
core   0: 3 0x8000f0c0 (0xbfe5)
core   0: 0x8000f0b8 (0x00001f17) auipc   t5, 0x1
core   0: 3 0x8000f0b8 (0x00001f17) x30 0x800100b8
core   0: 0x8000f0bc (0xf43f2423) sw      gp, -184(t5)
core   0: 3 0x8000f0bc (0xf43f2423) mem 0x80010000 0x00000001
core   0: 0x8000f0c0 (0x0000bfe5) c.j     pc - 8
core   0: 3 0x8000f0c0 (0xbfe5)
core   0: 0x8000f0b8 (0x00001f17) auipc   t5, 0x1
core   0: 3 0x8000f0b8 (0x00001f17) x30 0x800100b8
core   0: 0x8000f0bc (0xf43f2423) sw      gp, -184(t5)
core   0: 3 0x8000f0bc (0xf43f2423) mem 0x80010000 0x00000001
core   0: 0x8000f0c0 (0x0000bfe5) c.j     pc - 8
core   0: 3 0x8000f0c0 (0xbfe5)
core   0: 0x8000f0b8 (0x00001f17) auipc   t5, 0x1
core   0: 3 0x8000f0b8 (0x00001f17) x30 0x800100b8
core   0: 0x8000f0bc (0xf43f2423) sw      gp, -184(t5)
core   0: 3 0x8000f0bc (0xf43f2423) mem 0x80010000 0x00000001
core   0: 0x8000f0c0 (0x0000bfe5) c.j     pc - 8
core   0: 3 0x8000f0c0 (0xbfe5)
core   0: 0x8000f0b8 (0x00001f17) auipc   t5, 0x1
core   0: 3 0x8000f0b8 (0x00001f17) x30 0x800100b8
core   0: 0x8000f0bc (0xf43f2423) sw      gp, -184(t5)
core   0: 3 0x8000f0bc (0xf43f2423) mem 0x80010000 0x00000001
core   0: 0x8000f0c0 (0x0000bfe5) c.j     pc - 8
core   0: 3 0x8000f0c0 (0xbfe5)
core   0: 0x8000f0b8 (0x00001f17) auipc   t5, 0x1
core   0: 3 0x8000f0b8 (0x00001f17) x30 0x800100b8
core   0: 0x8000f0bc (0xf43f2423) sw      gp, -184(t5)
core   0: 3 0x8000f0bc (0xf43f2423) mem 0x80010000 0x00000001
core   0: 0x8000f0c0 (0x0000bfe5) c.j     pc - 8
core   0: 3 0x8000f0c0 (0xbfe5)
core   0: 0x8000f0b8 (0x00001f17) auipc   t5, 0x1
core   0: 3 0x8000f0b8 (0x00001f17) x30 0x800100b8
core   0: 0x8000f0bc (0xf43f2423) sw      gp, -184(t5)
core   0: 3 0x8000f0bc (0xf43f2423) mem 0x80010000 0x00000001
core   0: 0x8000f0c0 (0x0000bfe5) c.j     pc - 8
core   0: 3 0x8000f0c0 (0xbfe5)
core   0: 0x8000f0b8 (0x00001f17) auipc   t5, 0x1
core   0: 3 0x8000f0b8 (0x00001f17) x30 0x800100b8
core   0: 0x8000f0bc (0xf43f2423) sw      gp, -184(t5)
core   0: 3 0x8000f0bc (0xf43f2423) mem 0x80010000 0x00000001
core   0: 0x8000f0c0 (0x0000bfe5) c.j     pc - 8
core   0: 3 0x8000f0c0 (0xbfe5)
core   0: 0x8000f0b8 (0x00001f17) auipc   t5, 0x1
core   0: 3 0x8000f0b8 (0x00001f17) x30 0x800100b8
core   0: 0x8000f0bc (0xf43f2423) sw      gp, -184(t5)
core   0: 3 0x8000f0bc (0xf43f2423) mem 0x80010000 0x00000001
core   0: 0x8000f0c0 (0x0000bfe5) c.j     pc - 8
core   0: 3 0x8000f0c0 (0xbfe5)
core   0: 0x8000f0b8 (0x00001f17) auipc   t5, 0x1
core   0: 3 0x8000f0b8 (0x00001f17) x30 0x800100b8
core   0: 0x8000f0bc (0xf43f2423) sw      gp, -184(t5)
core   0: 3 0x8000f0bc (0xf43f2423) mem 0x80010000 0x00000001
core   0: 0x8000f0c0 (0x0000bfe5) c.j     pc - 8
core   0: 3 0x8000f0c0 (0xbfe5)
core   0: 0x8000f0b8 (0x00001f17) auipc   t5, 0x1
core   0: 3 0x8000f0b8 (0x00001f17) x30 0x800100b8
core   0: 0x8000f0bc (0xf43f2423) sw      gp, -184(t5)
core   0: 3 0x8000f0bc (0xf43f2423) mem 0x80010000 0x00000001
core   0: 0x8000f0c0 (0x0000bfe5) c.j     pc - 8
core   0: 3 0x8000f0c0 (0xbfe5)
core   0: 0x8000f0b8 (0x00001f17) auipc   t5, 0x1
core   0: 3 0x8000f0b8 (0x00001f17) x30 0x800100b8
core   0: 0x8000f0bc (0xf43f2423) sw      gp, -184(t5)
core   0: 3 0x8000f0bc (0xf43f2423) mem 0x80010000 0x00000001
core   0: 0x8000f0c0 (0x0000bfe5) c.j     pc - 8
core   0: 3 0x8000f0c0 (0xbfe5)
core   0: 0x8000f0b8 (0x00001f17) auipc   t5, 0x1
core   0: 3 0x8000f0b8 (0x00001f17) x30 0x800100b8
core   0: 0x8000f0bc (0xf43f2423) sw      gp, -184(t5)
core   0: 3 0x8000f0bc (0xf43f2423) mem 0x80010000 0x00000001
core   0: 0x8000f0c0 (0x0000bfe5) c.j     pc - 8
core   0: 3 0x8000f0c0 (0xbfe5)
core   0: 0x8000f0b8 (0x00001f17) auipc   t5, 0x1
core   0: 3 0x8000f0b8 (0x00001f17) x30 0x800100b8
core   0: 0x8000f0bc (0xf43f2423) sw      gp, -184(t5)
core   0: 3 0x8000f0bc (0xf43f2423) mem 0x80010000 0x00000001
core   0: 0x8000f0c0 (0x0000bfe5) c.j     pc - 8
core   0: 3 0x8000f0c0 (0xbfe5)
core   0: 0x8000f0b8 (0x00001f17) auipc   t5, 0x1
core   0: 3 0x8000f0b8 (0x00001f17) x30 0x800100b8
core   0: 0x8000f0bc (0xf43f2423) sw      gp, -184(t5)
core   0: 3 0x8000f0bc (0xf43f2423) mem 0x80010000 0x00000001
core   0: 0x8000f0c0 (0x0000bfe5) c.j     pc - 8
core   0: 3 0x8000f0c0 (0xbfe5)
core   0: 0x8000f0b8 (0x00001f17) auipc   t5, 0x1
core   0: 3 0x8000f0b8 (0x00001f17) x30 0x800100b8
core   0: 0x8000f0bc (0xf43f2423) sw      gp, -184(t5)
core   0: 3 0x8000f0bc (0xf43f2423) mem 0x80010000 0x00000001
core   0: 0x8000f0c0 (0x0000bfe5) c.j     pc - 8
core   0: 3 0x8000f0c0 (0xbfe5)
core   0: 0x8000f0b8 (0x00001f17) auipc   t5, 0x1
core   0: 3 0x8000f0b8 (0x00001f17) x30 0x800100b8
core   0: 0x8000f0bc (0xf43f2423) sw      gp, -184(t5)
core   0: 3 0x8000f0bc (0xf43f2423) mem 0x80010000 0x00000001
core   0: 0x8000f0c0 (0x0000bfe5) c.j     pc - 8
core   0: 3 0x8000f0c0 (0xbfe5)
core   0: 0x8000f0b8 (0x00001f17) auipc   t5, 0x1
core   0: 3 0x8000f0b8 (0x00001f17) x30 0x800100b8
core   0: 0x8000f0bc (0xf43f2423) sw      gp, -184(t5)
core   0: 3 0x8000f0bc (0xf43f2423) mem 0x80010000 0x00000001
core   0: 0x8000f0c0 (0x0000bfe5) c.j     pc - 8
core   0: 3 0x8000f0c0 (0xbfe5)
core   0: 0x8000f0b8 (0x00001f17) auipc   t5, 0x1
core   0: 3 0x8000f0b8 (0x00001f17) x30 0x800100b8
core   0: 0x8000f0bc (0xf43f2423) sw      gp, -184(t5)
core   0: 3 0x8000f0bc (0xf43f2423) mem 0x80010000 0x00000001
core   0: 0x8000f0c0 (0x0000bfe5) c.j     pc - 8
core   0: 3 0x8000f0c0 (0xbfe5)
core   0: 0x8000f0b8 (0x00001f17) auipc   t5, 0x1
core   0: 3 0x8000f0b8 (0x00001f17) x30 0x800100b8
core   0: 0x8000f0bc (0xf43f2423) sw      gp, -184(t5)
core   0: 3 0x8000f0bc (0xf43f2423) mem 0x80010000 0x00000001
core   0: 0x8000f0c0 (0x0000bfe5) c.j     pc - 8
core   0: 3 0x8000f0c0 (0xbfe5)
core   0: 0x8000f0b8 (0x00001f17) auipc   t5, 0x1
core   0: 3 0x8000f0b8 (0x00001f17) x30 0x800100b8
core   0: 0x8000f0bc (0xf43f2423) sw      gp, -184(t5)
core   0: 3 0x8000f0bc (0xf43f2423) mem 0x80010000 0x00000001
core   0: 0x8000f0c0 (0x0000bfe5) c.j     pc - 8
core   0: 3 0x8000f0c0 (0xbfe5)
core   0: 0x8000f0b8 (0x00001f17) auipc   t5, 0x1
core   0: 3 0x8000f0b8 (0x00001f17) x30 0x800100b8
core   0: 0x8000f0bc (0xf43f2423) sw      gp, -184(t5)
core   0: 3 0x8000f0bc (0xf43f2423) mem 0x80010000 0x00000001
core   0: 0x8000f0c0 (0x0000bfe5) c.j     pc - 8
core   0: 3 0x8000f0c0 (0xbfe5)
core   0: 0x8000f0b8 (0x00001f17) auipc   t5, 0x1
core   0: 3 0x8000f0b8 (0x00001f17) x30 0x800100b8
core   0: 0x8000f0bc (0xf43f2423) sw      gp, -184(t5)
core   0: 3 0x8000f0bc (0xf43f2423) mem 0x80010000 0x00000001
core   0: 0x8000f0c0 (0x0000bfe5) c.j     pc - 8
core   0: 3 0x8000f0c0 (0xbfe5)
core   0: 0x8000f0b8 (0x00001f17) auipc   t5, 0x1
core   0: 3 0x8000f0b8 (0x00001f17) x30 0x800100b8
core   0: 0x8000f0bc (0xf43f2423) sw      gp, -184(t5)
core   0: 3 0x8000f0bc (0xf43f2423) mem 0x80010000 0x00000001
core   0: 0x8000f0c0 (0x0000bfe5) c.j     pc - 8
core   0: 3 0x8000f0c0 (0xbfe5)
core   0: 0x8000f0b8 (0x00001f17) auipc   t5, 0x1
core   0: 3 0x8000f0b8 (0x00001f17) x30 0x800100b8
core   0: 0x8000f0bc (0xf43f2423) sw      gp, -184(t5)
core   0: 3 0x8000f0bc (0xf43f2423) mem 0x80010000 0x00000001
core   0: 0x8000f0c0 (0x0000bfe5) c.j     pc - 8
core   0: 3 0x8000f0c0 (0xbfe5)
core   0: 0x8000f0b8 (0x00001f17) auipc   t5, 0x1
core   0: 3 0x8000f0b8 (0x00001f17) x30 0x800100b8
core   0: 0x8000f0bc (0xf43f2423) sw      gp, -184(t5)
core   0: 3 0x8000f0bc (0xf43f2423) mem 0x80010000 0x00000001
core   0: 0x8000f0c0 (0x0000bfe5) c.j     pc - 8
core   0: 3 0x8000f0c0 (0xbfe5)
core   0: 0x8000f0b8 (0x00001f17) auipc   t5, 0x1
core   0: 3 0x8000f0b8 (0x00001f17) x30 0x800100b8
core   0: 0x8000f0bc (0xf43f2423) sw      gp, -184(t5)
core   0: 3 0x8000f0bc (0xf43f2423) mem 0x80010000 0x00000001
core   0: 0x8000f0c0 (0x0000bfe5) c.j     pc - 8
core   0: 3 0x8000f0c0 (0xbfe5)
core   0: 0x8000f0b8 (0x00001f17) auipc   t5, 0x1
core   0: 3 0x8000f0b8 (0x00001f17) x30 0x800100b8
core   0: 0x8000f0bc (0xf43f2423) sw      gp, -184(t5)
core   0: 3 0x8000f0bc (0xf43f2423) mem 0x80010000 0x00000001
core   0: 0x8000f0c0 (0x0000bfe5) c.j     pc - 8
core   0: 3 0x8000f0c0 (0xbfe5)
core   0: 0x8000f0b8 (0x00001f17) auipc   t5, 0x1
core   0: 3 0x8000f0b8 (0x00001f17) x30 0x800100b8
core   0: 0x8000f0bc (0xf43f2423) sw      gp, -184(t5)
core   0: 3 0x8000f0bc (0xf43f2423) mem 0x80010000 0x00000001
core   0: 0x8000f0c0 (0x0000bfe5) c.j     pc - 8
core   0: 3 0x8000f0c0 (0xbfe5)
core   0: 0x8000f0b8 (0x00001f17) auipc   t5, 0x1
core   0: 3 0x8000f0b8 (0x00001f17) x30 0x800100b8
core   0: 0x8000f0bc (0xf43f2423) sw      gp, -184(t5)
core   0: 3 0x8000f0bc (0xf43f2423) mem 0x80010000 0x00000001
core   0: 0x8000f0c0 (0x0000bfe5) c.j     pc - 8
core   0: 3 0x8000f0c0 (0xbfe5)
core   0: 0x8000f0b8 (0x00001f17) auipc   t5, 0x1
core   0: 3 0x8000f0b8 (0x00001f17) x30 0x800100b8
core   0: 0x8000f0bc (0xf43f2423) sw      gp, -184(t5)
core   0: 3 0x8000f0bc (0xf43f2423) mem 0x80010000 0x00000001
core   0: 0x8000f0c0 (0x0000bfe5) c.j     pc - 8
core   0: 3 0x8000f0c0 (0xbfe5)
core   0: 0x8000f0b8 (0x00001f17) auipc   t5, 0x1
core   0: 3 0x8000f0b8 (0x00001f17) x30 0x800100b8
core   0: 0x8000f0bc (0xf43f2423) sw      gp, -184(t5)
core   0: 3 0x8000f0bc (0xf43f2423) mem 0x80010000 0x00000001
core   0: 0x8000f0c0 (0x0000bfe5) c.j     pc - 8
core   0: 3 0x8000f0c0 (0xbfe5)
core   0: 0x8000f0b8 (0x00001f17) auipc   t5, 0x1
core   0: 3 0x8000f0b8 (0x00001f17) x30 0x800100b8
core   0: 0x8000f0bc (0xf43f2423) sw      gp, -184(t5)
core   0: 3 0x8000f0bc (0xf43f2423) mem 0x80010000 0x00000001
core   0: 0x8000f0c0 (0x0000bfe5) c.j     pc - 8
core   0: 3 0x8000f0c0 (0xbfe5)
core   0: 0x8000f0b8 (0x00001f17) auipc   t5, 0x1
core   0: 3 0x8000f0b8 (0x00001f17) x30 0x800100b8
core   0: 0x8000f0bc (0xf43f2423) sw      gp, -184(t5)
core   0: 3 0x8000f0bc (0xf43f2423) mem 0x80010000 0x00000001
core   0: 0x8000f0c0 (0x0000bfe5) c.j     pc - 8
core   0: 3 0x8000f0c0 (0xbfe5)
core   0: 0x8000f0b8 (0x00001f17) auipc   t5, 0x1
core   0: 3 0x8000f0b8 (0x00001f17) x30 0x800100b8
core   0: 0x8000f0bc (0xf43f2423) sw      gp, -184(t5)
core   0: 3 0x8000f0bc (0xf43f2423) mem 0x80010000 0x00000001
core   0: 0x8000f0c0 (0x0000bfe5) c.j     pc - 8
core   0: 3 0x8000f0c0 (0xbfe5)
core   0: 0x8000f0b8 (0x00001f17) auipc   t5, 0x1
core   0: 3 0x8000f0b8 (0x00001f17) x30 0x800100b8
core   0: 0x8000f0bc (0xf43f2423) sw      gp, -184(t5)
core   0: 3 0x8000f0bc (0xf43f2423) mem 0x80010000 0x00000001
core   0: 0x8000f0c0 (0x0000bfe5) c.j     pc - 8
core   0: 3 0x8000f0c0 (0xbfe5)
core   0: 0x8000f0b8 (0x00001f17) auipc   t5, 0x1
core   0: 3 0x8000f0b8 (0x00001f17) x30 0x800100b8
core   0: 0x8000f0bc (0xf43f2423) sw      gp, -184(t5)
core   0: 3 0x8000f0bc (0xf43f2423) mem 0x80010000 0x00000001
core   0: 0x8000f0c0 (0x0000bfe5) c.j     pc - 8
core   0: 3 0x8000f0c0 (0xbfe5)
core   0: 0x8000f0b8 (0x00001f17) auipc   t5, 0x1
core   0: 3 0x8000f0b8 (0x00001f17) x30 0x800100b8
core   0: 0x8000f0bc (0xf43f2423) sw      gp, -184(t5)
core   0: 3 0x8000f0bc (0xf43f2423) mem 0x80010000 0x00000001
core   0: 0x8000f0c0 (0x0000bfe5) c.j     pc - 8
core   0: 3 0x8000f0c0 (0xbfe5)
core   0: 0x8000f0b8 (0x00001f17) auipc   t5, 0x1
core   0: 3 0x8000f0b8 (0x00001f17) x30 0x800100b8
core   0: 0x8000f0bc (0xf43f2423) sw      gp, -184(t5)
core   0: 3 0x8000f0bc (0xf43f2423) mem 0x80010000 0x00000001
core   0: 0x8000f0c0 (0x0000bfe5) c.j     pc - 8
core   0: 3 0x8000f0c0 (0xbfe5)
core   0: 0x8000f0b8 (0x00001f17) auipc   t5, 0x1
core   0: 3 0x8000f0b8 (0x00001f17) x30 0x800100b8
core   0: 0x8000f0bc (0xf43f2423) sw      gp, -184(t5)
core   0: 3 0x8000f0bc (0xf43f2423) mem 0x80010000 0x00000001
core   0: 0x8000f0c0 (0x0000bfe5) c.j     pc - 8
core   0: 3 0x8000f0c0 (0xbfe5)
core   0: 0x8000f0b8 (0x00001f17) auipc   t5, 0x1
core   0: 3 0x8000f0b8 (0x00001f17) x30 0x800100b8
core   0: 0x8000f0bc (0xf43f2423) sw      gp, -184(t5)
core   0: 3 0x8000f0bc (0xf43f2423) mem 0x80010000 0x00000001
core   0: 0x8000f0c0 (0x0000bfe5) c.j     pc - 8
core   0: 3 0x8000f0c0 (0xbfe5)
core   0: 0x8000f0b8 (0x00001f17) auipc   t5, 0x1
core   0: 3 0x8000f0b8 (0x00001f17) x30 0x800100b8
core   0: 0x8000f0bc (0xf43f2423) sw      gp, -184(t5)
core   0: 3 0x8000f0bc (0xf43f2423) mem 0x80010000 0x00000001
core   0: 0x8000f0c0 (0x0000bfe5) c.j     pc - 8
core   0: 3 0x8000f0c0 (0xbfe5)
core   0: 0x8000f0b8 (0x00001f17) auipc   t5, 0x1
core   0: 3 0x8000f0b8 (0x00001f17) x30 0x800100b8
core   0: 0x8000f0bc (0xf43f2423) sw      gp, -184(t5)
core   0: 3 0x8000f0bc (0xf43f2423) mem 0x80010000 0x00000001
core   0: 0x8000f0c0 (0x0000bfe5) c.j     pc - 8
core   0: 3 0x8000f0c0 (0xbfe5)
core   0: 0x8000f0b8 (0x00001f17) auipc   t5, 0x1
core   0: 3 0x8000f0b8 (0x00001f17) x30 0x800100b8
core   0: 0x8000f0bc (0xf43f2423) sw      gp, -184(t5)
core   0: 3 0x8000f0bc (0xf43f2423) mem 0x80010000 0x00000001
core   0: 0x8000f0c0 (0x0000bfe5) c.j     pc - 8
core   0: 3 0x8000f0c0 (0xbfe5)
core   0: 0x8000f0b8 (0x00001f17) auipc   t5, 0x1
core   0: 3 0x8000f0b8 (0x00001f17) x30 0x800100b8
core   0: 0x8000f0bc (0xf43f2423) sw      gp, -184(t5)
core   0: 3 0x8000f0bc (0xf43f2423) mem 0x80010000 0x00000001
core   0: 0x8000f0c0 (0x0000bfe5) c.j     pc - 8
core   0: 3 0x8000f0c0 (0xbfe5)
core   0: 0x8000f0b8 (0x00001f17) auipc   t5, 0x1
core   0: 3 0x8000f0b8 (0x00001f17) x30 0x800100b8
core   0: 0x8000f0bc (0xf43f2423) sw      gp, -184(t5)
core   0: 3 0x8000f0bc (0xf43f2423) mem 0x80010000 0x00000001
core   0: 0x8000f0c0 (0x0000bfe5) c.j     pc - 8
core   0: 3 0x8000f0c0 (0xbfe5)
core   0: 0x8000f0b8 (0x00001f17) auipc   t5, 0x1
core   0: 3 0x8000f0b8 (0x00001f17) x30 0x800100b8
core   0: 0x8000f0bc (0xf43f2423) sw      gp, -184(t5)
core   0: 3 0x8000f0bc (0xf43f2423) mem 0x80010000 0x00000001
core   0: 0x8000f0c0 (0x0000bfe5) c.j     pc - 8
core   0: 3 0x8000f0c0 (0xbfe5)
core   0: 0x8000f0b8 (0x00001f17) auipc   t5, 0x1
core   0: 3 0x8000f0b8 (0x00001f17) x30 0x800100b8
core   0: 0x8000f0bc (0xf43f2423) sw      gp, -184(t5)
core   0: 3 0x8000f0bc (0xf43f2423) mem 0x80010000 0x00000001
core   0: 0x8000f0c0 (0x0000bfe5) c.j     pc - 8
core   0: 3 0x8000f0c0 (0xbfe5)
core   0: 0x8000f0b8 (0x00001f17) auipc   t5, 0x1
core   0: 3 0x8000f0b8 (0x00001f17) x30 0x800100b8
core   0: 0x8000f0bc (0xf43f2423) sw      gp, -184(t5)
core   0: 3 0x8000f0bc (0xf43f2423) mem 0x80010000 0x00000001
core   0: 0x8000f0c0 (0x0000bfe5) c.j     pc - 8
core   0: 3 0x8000f0c0 (0xbfe5)
core   0: 0x8000f0b8 (0x00001f17) auipc   t5, 0x1
core   0: 3 0x8000f0b8 (0x00001f17) x30 0x800100b8
core   0: 0x8000f0bc (0xf43f2423) sw      gp, -184(t5)
core   0: 3 0x8000f0bc (0xf43f2423) mem 0x80010000 0x00000001
core   0: 0x8000f0c0 (0x0000bfe5) c.j     pc - 8
core   0: 3 0x8000f0c0 (0xbfe5)
core   0: 0x8000f0b8 (0x00001f17) auipc   t5, 0x1
core   0: 3 0x8000f0b8 (0x00001f17) x30 0x800100b8
core   0: 0x8000f0bc (0xf43f2423) sw      gp, -184(t5)
core   0: 3 0x8000f0bc (0xf43f2423) mem 0x80010000 0x00000001
core   0: 0x8000f0c0 (0x0000bfe5) c.j     pc - 8
core   0: 3 0x8000f0c0 (0xbfe5)
core   0: 0x8000f0b8 (0x00001f17) auipc   t5, 0x1
core   0: 3 0x8000f0b8 (0x00001f17) x30 0x800100b8
core   0: 0x8000f0bc (0xf43f2423) sw      gp, -184(t5)
core   0: 3 0x8000f0bc (0xf43f2423) mem 0x80010000 0x00000001
core   0: 0x8000f0c0 (0x0000bfe5) c.j     pc - 8
core   0: 3 0x8000f0c0 (0xbfe5)
core   0: 0x8000f0b8 (0x00001f17) auipc   t5, 0x1
core   0: 3 0x8000f0b8 (0x00001f17) x30 0x800100b8
core   0: 0x8000f0bc (0xf43f2423) sw      gp, -184(t5)
core   0: 3 0x8000f0bc (0xf43f2423) mem 0x80010000 0x00000001
core   0: 0x8000f0c0 (0x0000bfe5) c.j     pc - 8
core   0: 3 0x8000f0c0 (0xbfe5)
core   0: 0x8000f0b8 (0x00001f17) auipc   t5, 0x1
core   0: 3 0x8000f0b8 (0x00001f17) x30 0x800100b8
core   0: 0x8000f0bc (0xf43f2423) sw      gp, -184(t5)
core   0: 3 0x8000f0bc (0xf43f2423) mem 0x80010000 0x00000001
core   0: 0x8000f0c0 (0x0000bfe5) c.j     pc - 8
core   0: 3 0x8000f0c0 (0xbfe5)
core   0: 0x8000f0b8 (0x00001f17) auipc   t5, 0x1
core   0: 3 0x8000f0b8 (0x00001f17) x30 0x800100b8
core   0: 0x8000f0bc (0xf43f2423) sw      gp, -184(t5)
core   0: 3 0x8000f0bc (0xf43f2423) mem 0x80010000 0x00000001
core   0: 0x8000f0c0 (0x0000bfe5) c.j     pc - 8
core   0: 3 0x8000f0c0 (0xbfe5)
core   0: 0x8000f0b8 (0x00001f17) auipc   t5, 0x1
core   0: 3 0x8000f0b8 (0x00001f17) x30 0x800100b8
core   0: 0x8000f0bc (0xf43f2423) sw      gp, -184(t5)
core   0: 3 0x8000f0bc (0xf43f2423) mem 0x80010000 0x00000001
core   0: 0x8000f0c0 (0x0000bfe5) c.j     pc - 8
core   0: 3 0x8000f0c0 (0xbfe5)
core   0: 0x8000f0b8 (0x00001f17) auipc   t5, 0x1
core   0: 3 0x8000f0b8 (0x00001f17) x30 0x800100b8
core   0: 0x8000f0bc (0xf43f2423) sw      gp, -184(t5)
core   0: 3 0x8000f0bc (0xf43f2423) mem 0x80010000 0x00000001
core   0: 0x8000f0c0 (0x0000bfe5) c.j     pc - 8
core   0: 3 0x8000f0c0 (0xbfe5)
core   0: 0x8000f0b8 (0x00001f17) auipc   t5, 0x1
core   0: 3 0x8000f0b8 (0x00001f17) x30 0x800100b8
core   0: 0x8000f0bc (0xf43f2423) sw      gp, -184(t5)
core   0: 3 0x8000f0bc (0xf43f2423) mem 0x80010000 0x00000001
core   0: 0x8000f0c0 (0x0000bfe5) c.j     pc - 8
core   0: 3 0x8000f0c0 (0xbfe5)
core   0: 0x8000f0b8 (0x00001f17) auipc   t5, 0x1
core   0: 3 0x8000f0b8 (0x00001f17) x30 0x800100b8
core   0: 0x8000f0bc (0xf43f2423) sw      gp, -184(t5)
core   0: 3 0x8000f0bc (0xf43f2423) mem 0x80010000 0x00000001
core   0: 0x8000f0c0 (0x0000bfe5) c.j     pc - 8
core   0: 3 0x8000f0c0 (0xbfe5)
core   0: 0x8000f0b8 (0x00001f17) auipc   t5, 0x1
core   0: 3 0x8000f0b8 (0x00001f17) x30 0x800100b8
core   0: 0x8000f0bc (0xf43f2423) sw      gp, -184(t5)
core   0: 3 0x8000f0bc (0xf43f2423) mem 0x80010000 0x00000001
core   0: 0x8000f0c0 (0x0000bfe5) c.j     pc - 8
core   0: 3 0x8000f0c0 (0xbfe5)
core   0: 0x8000f0b8 (0x00001f17) auipc   t5, 0x1
core   0: 3 0x8000f0b8 (0x00001f17) x30 0x800100b8
core   0: 0x8000f0bc (0xf43f2423) sw      gp, -184(t5)
core   0: 3 0x8000f0bc (0xf43f2423) mem 0x80010000 0x00000001
core   0: 0x8000f0c0 (0x0000bfe5) c.j     pc - 8
core   0: 3 0x8000f0c0 (0xbfe5)
core   0: 0x8000f0b8 (0x00001f17) auipc   t5, 0x1
core   0: 3 0x8000f0b8 (0x00001f17) x30 0x800100b8
core   0: 0x8000f0bc (0xf43f2423) sw      gp, -184(t5)
core   0: 3 0x8000f0bc (0xf43f2423) mem 0x80010000 0x00000001
core   0: 0x8000f0c0 (0x0000bfe5) c.j     pc - 8
core   0: 3 0x8000f0c0 (0xbfe5)
core   0: 0x8000f0b8 (0x00001f17) auipc   t5, 0x1
core   0: 3 0x8000f0b8 (0x00001f17) x30 0x800100b8
core   0: 0x8000f0bc (0xf43f2423) sw      gp, -184(t5)
core   0: 3 0x8000f0bc (0xf43f2423) mem 0x80010000 0x00000001
core   0: 0x8000f0c0 (0x0000bfe5) c.j     pc - 8
core   0: 3 0x8000f0c0 (0xbfe5)
core   0: 0x8000f0b8 (0x00001f17) auipc   t5, 0x1
core   0: 3 0x8000f0b8 (0x00001f17) x30 0x800100b8
core   0: 0x8000f0bc (0xf43f2423) sw      gp, -184(t5)
core   0: 3 0x8000f0bc (0xf43f2423) mem 0x80010000 0x00000001
core   0: 0x8000f0c0 (0x0000bfe5) c.j     pc - 8
core   0: 3 0x8000f0c0 (0xbfe5)
core   0: 0x8000f0b8 (0x00001f17) auipc   t5, 0x1
core   0: 3 0x8000f0b8 (0x00001f17) x30 0x800100b8
core   0: 0x8000f0bc (0xf43f2423) sw      gp, -184(t5)
core   0: 3 0x8000f0bc (0xf43f2423) mem 0x80010000 0x00000001
core   0: 0x8000f0c0 (0x0000bfe5) c.j     pc - 8
core   0: 3 0x8000f0c0 (0xbfe5)
core   0: 0x8000f0b8 (0x00001f17) auipc   t5, 0x1
core   0: 3 0x8000f0b8 (0x00001f17) x30 0x800100b8
core   0: 0x8000f0bc (0xf43f2423) sw      gp, -184(t5)
core   0: 3 0x8000f0bc (0xf43f2423) mem 0x80010000 0x00000001
core   0: 0x8000f0c0 (0x0000bfe5) c.j     pc - 8
core   0: 3 0x8000f0c0 (0xbfe5)
core   0: 0x8000f0b8 (0x00001f17) auipc   t5, 0x1
core   0: 3 0x8000f0b8 (0x00001f17) x30 0x800100b8
core   0: 0x8000f0bc (0xf43f2423) sw      gp, -184(t5)
core   0: 3 0x8000f0bc (0xf43f2423) mem 0x80010000 0x00000001
core   0: 0x8000f0c0 (0x0000bfe5) c.j     pc - 8
core   0: 3 0x8000f0c0 (0xbfe5)
core   0: 0x8000f0b8 (0x00001f17) auipc   t5, 0x1
core   0: 3 0x8000f0b8 (0x00001f17) x30 0x800100b8
core   0: 0x8000f0bc (0xf43f2423) sw      gp, -184(t5)
core   0: 3 0x8000f0bc (0xf43f2423) mem 0x80010000 0x00000001
core   0: 0x8000f0c0 (0x0000bfe5) c.j     pc - 8
core   0: 3 0x8000f0c0 (0xbfe5)
core   0: 0x8000f0b8 (0x00001f17) auipc   t5, 0x1
core   0: 3 0x8000f0b8 (0x00001f17) x30 0x800100b8
core   0: 0x8000f0bc (0xf43f2423) sw      gp, -184(t5)
core   0: 3 0x8000f0bc (0xf43f2423) mem 0x80010000 0x00000001
core   0: 0x8000f0c0 (0x0000bfe5) c.j     pc - 8
core   0: 3 0x8000f0c0 (0xbfe5)
core   0: 0x8000f0b8 (0x00001f17) auipc   t5, 0x1
core   0: 3 0x8000f0b8 (0x00001f17) x30 0x800100b8
core   0: 0x8000f0bc (0xf43f2423) sw      gp, -184(t5)
core   0: 3 0x8000f0bc (0xf43f2423) mem 0x80010000 0x00000001
core   0: 0x8000f0c0 (0x0000bfe5) c.j     pc - 8
core   0: 3 0x8000f0c0 (0xbfe5)
core   0: 0x8000f0b8 (0x00001f17) auipc   t5, 0x1
core   0: 3 0x8000f0b8 (0x00001f17) x30 0x800100b8
core   0: 0x8000f0bc (0xf43f2423) sw      gp, -184(t5)
core   0: 3 0x8000f0bc (0xf43f2423) mem 0x80010000 0x00000001
core   0: 0x8000f0c0 (0x0000bfe5) c.j     pc - 8
core   0: 3 0x8000f0c0 (0xbfe5)
core   0: 0x8000f0b8 (0x00001f17) auipc   t5, 0x1
core   0: 3 0x8000f0b8 (0x00001f17) x30 0x800100b8
core   0: 0x8000f0bc (0xf43f2423) sw      gp, -184(t5)
core   0: 3 0x8000f0bc (0xf43f2423) mem 0x80010000 0x00000001
core   0: 0x8000f0c0 (0x0000bfe5) c.j     pc - 8
core   0: 3 0x8000f0c0 (0xbfe5)
core   0: 0x8000f0b8 (0x00001f17) auipc   t5, 0x1
core   0: 3 0x8000f0b8 (0x00001f17) x30 0x800100b8
core   0: 0x8000f0bc (0xf43f2423) sw      gp, -184(t5)
core   0: 3 0x8000f0bc (0xf43f2423) mem 0x80010000 0x00000001
core   0: 0x8000f0c0 (0x0000bfe5) c.j     pc - 8
core   0: 3 0x8000f0c0 (0xbfe5)
core   0: 0x8000f0b8 (0x00001f17) auipc   t5, 0x1
core   0: 3 0x8000f0b8 (0x00001f17) x30 0x800100b8
core   0: 0x8000f0bc (0xf43f2423) sw      gp, -184(t5)
core   0: 3 0x8000f0bc (0xf43f2423) mem 0x80010000 0x00000001
core   0: 0x8000f0c0 (0x0000bfe5) c.j     pc - 8
core   0: 3 0x8000f0c0 (0xbfe5)
core   0: 0x8000f0b8 (0x00001f17) auipc   t5, 0x1
core   0: 3 0x8000f0b8 (0x00001f17) x30 0x800100b8
core   0: 0x8000f0bc (0xf43f2423) sw      gp, -184(t5)
core   0: 3 0x8000f0bc (0xf43f2423) mem 0x80010000 0x00000001
core   0: 0x8000f0c0 (0x0000bfe5) c.j     pc - 8
core   0: 3 0x8000f0c0 (0xbfe5)
core   0: 0x8000f0b8 (0x00001f17) auipc   t5, 0x1
core   0: 3 0x8000f0b8 (0x00001f17) x30 0x800100b8
core   0: 0x8000f0bc (0xf43f2423) sw      gp, -184(t5)
core   0: 3 0x8000f0bc (0xf43f2423) mem 0x80010000 0x00000001
core   0: 0x8000f0c0 (0x0000bfe5) c.j     pc - 8
core   0: 3 0x8000f0c0 (0xbfe5)
core   0: 0x8000f0b8 (0x00001f17) auipc   t5, 0x1
core   0: 3 0x8000f0b8 (0x00001f17) x30 0x800100b8
core   0: 0x8000f0bc (0xf43f2423) sw      gp, -184(t5)
core   0: 3 0x8000f0bc (0xf43f2423) mem 0x80010000 0x00000001
core   0: 0x8000f0c0 (0x0000bfe5) c.j     pc - 8
core   0: 3 0x8000f0c0 (0xbfe5)
core   0: 0x8000f0b8 (0x00001f17) auipc   t5, 0x1
core   0: 3 0x8000f0b8 (0x00001f17) x30 0x800100b8
core   0: 0x8000f0bc (0xf43f2423) sw      gp, -184(t5)
core   0: 3 0x8000f0bc (0xf43f2423) mem 0x80010000 0x00000001
core   0: 0x8000f0c0 (0x0000bfe5) c.j     pc - 8
core   0: 3 0x8000f0c0 (0xbfe5)
core   0: 0x8000f0b8 (0x00001f17) auipc   t5, 0x1
core   0: 3 0x8000f0b8 (0x00001f17) x30 0x800100b8
core   0: 0x8000f0bc (0xf43f2423) sw      gp, -184(t5)
core   0: 3 0x8000f0bc (0xf43f2423) mem 0x80010000 0x00000001
core   0: 0x8000f0c0 (0x0000bfe5) c.j     pc - 8
core   0: 3 0x8000f0c0 (0xbfe5)
core   0: 0x8000f0b8 (0x00001f17) auipc   t5, 0x1
core   0: 3 0x8000f0b8 (0x00001f17) x30 0x800100b8
core   0: 0x8000f0bc (0xf43f2423) sw      gp, -184(t5)
core   0: 3 0x8000f0bc (0xf43f2423) mem 0x80010000 0x00000001
core   0: 0x8000f0c0 (0x0000bfe5) c.j     pc - 8
core   0: 3 0x8000f0c0 (0xbfe5)
core   0: 0x8000f0b8 (0x00001f17) auipc   t5, 0x1
core   0: 3 0x8000f0b8 (0x00001f17) x30 0x800100b8
core   0: 0x8000f0bc (0xf43f2423) sw      gp, -184(t5)
core   0: 3 0x8000f0bc (0xf43f2423) mem 0x80010000 0x00000001
core   0: 0x8000f0c0 (0x0000bfe5) c.j     pc - 8
core   0: 3 0x8000f0c0 (0xbfe5)
core   0: 0x8000f0b8 (0x00001f17) auipc   t5, 0x1
core   0: 3 0x8000f0b8 (0x00001f17) x30 0x800100b8
core   0: 0x8000f0bc (0xf43f2423) sw      gp, -184(t5)
core   0: 3 0x8000f0bc (0xf43f2423) mem 0x80010000 0x00000001
core   0: 0x8000f0c0 (0x0000bfe5) c.j     pc - 8
core   0: 3 0x8000f0c0 (0xbfe5)
core   0: 0x8000f0b8 (0x00001f17) auipc   t5, 0x1
core   0: 3 0x8000f0b8 (0x00001f17) x30 0x800100b8
core   0: 0x8000f0bc (0xf43f2423) sw      gp, -184(t5)
core   0: 3 0x8000f0bc (0xf43f2423) mem 0x80010000 0x00000001
core   0: 0x8000f0c0 (0x0000bfe5) c.j     pc - 8
core   0: 3 0x8000f0c0 (0xbfe5)
core   0: 0x8000f0b8 (0x00001f17) auipc   t5, 0x1
core   0: 3 0x8000f0b8 (0x00001f17) x30 0x800100b8
core   0: 0x8000f0bc (0xf43f2423) sw      gp, -184(t5)
core   0: 3 0x8000f0bc (0xf43f2423) mem 0x80010000 0x00000001
core   0: 0x8000f0c0 (0x0000bfe5) c.j     pc - 8
core   0: 3 0x8000f0c0 (0xbfe5)
core   0: 0x8000f0b8 (0x00001f17) auipc   t5, 0x1
core   0: 3 0x8000f0b8 (0x00001f17) x30 0x800100b8
core   0: 0x8000f0bc (0xf43f2423) sw      gp, -184(t5)
core   0: 3 0x8000f0bc (0xf43f2423) mem 0x80010000 0x00000001
core   0: 0x8000f0c0 (0x0000bfe5) c.j     pc - 8
core   0: 3 0x8000f0c0 (0xbfe5)
core   0: 0x8000f0b8 (0x00001f17) auipc   t5, 0x1
core   0: 3 0x8000f0b8 (0x00001f17) x30 0x800100b8
core   0: 0x8000f0bc (0xf43f2423) sw      gp, -184(t5)
core   0: 3 0x8000f0bc (0xf43f2423) mem 0x80010000 0x00000001
core   0: 0x8000f0c0 (0x0000bfe5) c.j     pc - 8
core   0: 3 0x8000f0c0 (0xbfe5)
core   0: 0x8000f0b8 (0x00001f17) auipc   t5, 0x1
core   0: 3 0x8000f0b8 (0x00001f17) x30 0x800100b8
core   0: 0x8000f0bc (0xf43f2423) sw      gp, -184(t5)
core   0: 3 0x8000f0bc (0xf43f2423) mem 0x80010000 0x00000001
core   0: 0x8000f0c0 (0x0000bfe5) c.j     pc - 8
core   0: 3 0x8000f0c0 (0xbfe5)
core   0: 0x8000f0b8 (0x00001f17) auipc   t5, 0x1
core   0: 3 0x8000f0b8 (0x00001f17) x30 0x800100b8
core   0: 0x8000f0bc (0xf43f2423) sw      gp, -184(t5)
core   0: 3 0x8000f0bc (0xf43f2423) mem 0x80010000 0x00000001
core   0: 0x8000f0c0 (0x0000bfe5) c.j     pc - 8
core   0: 3 0x8000f0c0 (0xbfe5)
core   0: 0x8000f0b8 (0x00001f17) auipc   t5, 0x1
core   0: 3 0x8000f0b8 (0x00001f17) x30 0x800100b8
core   0: 0x8000f0bc (0xf43f2423) sw      gp, -184(t5)
core   0: 3 0x8000f0bc (0xf43f2423) mem 0x80010000 0x00000001
core   0: 0x8000f0c0 (0x0000bfe5) c.j     pc - 8
core   0: 3 0x8000f0c0 (0xbfe5)
core   0: 0x8000f0b8 (0x00001f17) auipc   t5, 0x1
core   0: 3 0x8000f0b8 (0x00001f17) x30 0x800100b8
core   0: 0x8000f0bc (0xf43f2423) sw      gp, -184(t5)
core   0: 3 0x8000f0bc (0xf43f2423) mem 0x80010000 0x00000001
core   0: 0x8000f0c0 (0x0000bfe5) c.j     pc - 8
core   0: 3 0x8000f0c0 (0xbfe5)
core   0: 0x8000f0b8 (0x00001f17) auipc   t5, 0x1
core   0: 3 0x8000f0b8 (0x00001f17) x30 0x800100b8
core   0: 0x8000f0bc (0xf43f2423) sw      gp, -184(t5)
core   0: 3 0x8000f0bc (0xf43f2423) mem 0x80010000 0x00000001
core   0: 0x8000f0c0 (0x0000bfe5) c.j     pc - 8
core   0: 3 0x8000f0c0 (0xbfe5)
core   0: 0x8000f0b8 (0x00001f17) auipc   t5, 0x1
core   0: 3 0x8000f0b8 (0x00001f17) x30 0x800100b8
core   0: 0x8000f0bc (0xf43f2423) sw      gp, -184(t5)
core   0: 3 0x8000f0bc (0xf43f2423) mem 0x80010000 0x00000001
core   0: 0x8000f0c0 (0x0000bfe5) c.j     pc - 8
core   0: 3 0x8000f0c0 (0xbfe5)
core   0: 0x8000f0b8 (0x00001f17) auipc   t5, 0x1
core   0: 3 0x8000f0b8 (0x00001f17) x30 0x800100b8
core   0: 0x8000f0bc (0xf43f2423) sw      gp, -184(t5)
core   0: 3 0x8000f0bc (0xf43f2423) mem 0x80010000 0x00000001
core   0: 0x8000f0c0 (0x0000bfe5) c.j     pc - 8
core   0: 3 0x8000f0c0 (0xbfe5)
core   0: 0x8000f0b8 (0x00001f17) auipc   t5, 0x1
core   0: 3 0x8000f0b8 (0x00001f17) x30 0x800100b8
core   0: 0x8000f0bc (0xf43f2423) sw      gp, -184(t5)
core   0: 3 0x8000f0bc (0xf43f2423) mem 0x80010000 0x00000001
core   0: 0x8000f0c0 (0x0000bfe5) c.j     pc - 8
core   0: 3 0x8000f0c0 (0xbfe5)
core   0: 0x8000f0b8 (0x00001f17) auipc   t5, 0x1
core   0: 3 0x8000f0b8 (0x00001f17) x30 0x800100b8
core   0: 0x8000f0bc (0xf43f2423) sw      gp, -184(t5)
core   0: 3 0x8000f0bc (0xf43f2423) mem 0x80010000 0x00000001
core   0: 0x8000f0c0 (0x0000bfe5) c.j     pc - 8
core   0: 3 0x8000f0c0 (0xbfe5)
core   0: 0x8000f0b8 (0x00001f17) auipc   t5, 0x1
core   0: 3 0x8000f0b8 (0x00001f17) x30 0x800100b8
core   0: 0x8000f0bc (0xf43f2423) sw      gp, -184(t5)
core   0: 3 0x8000f0bc (0xf43f2423) mem 0x80010000 0x00000001
core   0: 0x8000f0c0 (0x0000bfe5) c.j     pc - 8
core   0: 3 0x8000f0c0 (0xbfe5)
core   0: 0x8000f0b8 (0x00001f17) auipc   t5, 0x1
core   0: 3 0x8000f0b8 (0x00001f17) x30 0x800100b8
core   0: 0x8000f0bc (0xf43f2423) sw      gp, -184(t5)
core   0: 3 0x8000f0bc (0xf43f2423) mem 0x80010000 0x00000001
core   0: 0x8000f0c0 (0x0000bfe5) c.j     pc - 8
core   0: 3 0x8000f0c0 (0xbfe5)
core   0: 0x8000f0b8 (0x00001f17) auipc   t5, 0x1
core   0: 3 0x8000f0b8 (0x00001f17) x30 0x800100b8
core   0: 0x8000f0bc (0xf43f2423) sw      gp, -184(t5)
core   0: 3 0x8000f0bc (0xf43f2423) mem 0x80010000 0x00000001
core   0: 0x8000f0c0 (0x0000bfe5) c.j     pc - 8
core   0: 3 0x8000f0c0 (0xbfe5)
core   0: 0x8000f0b8 (0x00001f17) auipc   t5, 0x1
core   0: 3 0x8000f0b8 (0x00001f17) x30 0x800100b8
core   0: 0x8000f0bc (0xf43f2423) sw      gp, -184(t5)
core   0: 3 0x8000f0bc (0xf43f2423) mem 0x80010000 0x00000001
core   0: 0x8000f0c0 (0x0000bfe5) c.j     pc - 8
core   0: 3 0x8000f0c0 (0xbfe5)
core   0: 0x8000f0b8 (0x00001f17) auipc   t5, 0x1
core   0: 3 0x8000f0b8 (0x00001f17) x30 0x800100b8
core   0: 0x8000f0bc (0xf43f2423) sw      gp, -184(t5)
core   0: 3 0x8000f0bc (0xf43f2423) mem 0x80010000 0x00000001
core   0: 0x8000f0c0 (0x0000bfe5) c.j     pc - 8
core   0: 3 0x8000f0c0 (0xbfe5)
core   0: 0x8000f0b8 (0x00001f17) auipc   t5, 0x1
core   0: 3 0x8000f0b8 (0x00001f17) x30 0x800100b8
core   0: 0x8000f0bc (0xf43f2423) sw      gp, -184(t5)
core   0: 3 0x8000f0bc (0xf43f2423) mem 0x80010000 0x00000001
core   0: 0x8000f0c0 (0x0000bfe5) c.j     pc - 8
core   0: 3 0x8000f0c0 (0xbfe5)
core   0: 0x8000f0b8 (0x00001f17) auipc   t5, 0x1
core   0: 3 0x8000f0b8 (0x00001f17) x30 0x800100b8
core   0: 0x8000f0bc (0xf43f2423) sw      gp, -184(t5)
core   0: 3 0x8000f0bc (0xf43f2423) mem 0x80010000 0x00000001
core   0: 0x8000f0c0 (0x0000bfe5) c.j     pc - 8
core   0: 3 0x8000f0c0 (0xbfe5)
core   0: 0x8000f0b8 (0x00001f17) auipc   t5, 0x1
core   0: 3 0x8000f0b8 (0x00001f17) x30 0x800100b8
core   0: 0x8000f0bc (0xf43f2423) sw      gp, -184(t5)
core   0: 3 0x8000f0bc (0xf43f2423) mem 0x80010000 0x00000001
core   0: 0x8000f0c0 (0x0000bfe5) c.j     pc - 8
core   0: 3 0x8000f0c0 (0xbfe5)
core   0: 0x8000f0b8 (0x00001f17) auipc   t5, 0x1
core   0: 3 0x8000f0b8 (0x00001f17) x30 0x800100b8
core   0: 0x8000f0bc (0xf43f2423) sw      gp, -184(t5)
core   0: 3 0x8000f0bc (0xf43f2423) mem 0x80010000 0x00000001
core   0: 0x8000f0c0 (0x0000bfe5) c.j     pc - 8
core   0: 3 0x8000f0c0 (0xbfe5)
core   0: 0x8000f0b8 (0x00001f17) auipc   t5, 0x1
core   0: 3 0x8000f0b8 (0x00001f17) x30 0x800100b8
core   0: 0x8000f0bc (0xf43f2423) sw      gp, -184(t5)
core   0: 3 0x8000f0bc (0xf43f2423) mem 0x80010000 0x00000001
core   0: 0x8000f0c0 (0x0000bfe5) c.j     pc - 8
core   0: 3 0x8000f0c0 (0xbfe5)
core   0: 0x8000f0b8 (0x00001f17) auipc   t5, 0x1
core   0: 3 0x8000f0b8 (0x00001f17) x30 0x800100b8
core   0: 0x8000f0bc (0xf43f2423) sw      gp, -184(t5)
core   0: 3 0x8000f0bc (0xf43f2423) mem 0x80010000 0x00000001
core   0: 0x8000f0c0 (0x0000bfe5) c.j     pc - 8
core   0: 3 0x8000f0c0 (0xbfe5)
core   0: 0x8000f0b8 (0x00001f17) auipc   t5, 0x1
core   0: 3 0x8000f0b8 (0x00001f17) x30 0x800100b8
core   0: 0x8000f0bc (0xf43f2423) sw      gp, -184(t5)
core   0: 3 0x8000f0bc (0xf43f2423) mem 0x80010000 0x00000001
core   0: 0x8000f0c0 (0x0000bfe5) c.j     pc - 8
core   0: 3 0x8000f0c0 (0xbfe5)
core   0: 0x8000f0b8 (0x00001f17) auipc   t5, 0x1
core   0: 3 0x8000f0b8 (0x00001f17) x30 0x800100b8
core   0: 0x8000f0bc (0xf43f2423) sw      gp, -184(t5)
core   0: 3 0x8000f0bc (0xf43f2423) mem 0x80010000 0x00000001
core   0: 0x8000f0c0 (0x0000bfe5) c.j     pc - 8
core   0: 3 0x8000f0c0 (0xbfe5)
core   0: 0x8000f0b8 (0x00001f17) auipc   t5, 0x1
core   0: 3 0x8000f0b8 (0x00001f17) x30 0x800100b8
core   0: 0x8000f0bc (0xf43f2423) sw      gp, -184(t5)
core   0: 3 0x8000f0bc (0xf43f2423) mem 0x80010000 0x00000001
core   0: 0x8000f0c0 (0x0000bfe5) c.j     pc - 8
core   0: 3 0x8000f0c0 (0xbfe5)
core   0: 0x8000f0b8 (0x00001f17) auipc   t5, 0x1
core   0: 3 0x8000f0b8 (0x00001f17) x30 0x800100b8
core   0: 0x8000f0bc (0xf43f2423) sw      gp, -184(t5)
core   0: 3 0x8000f0bc (0xf43f2423) mem 0x80010000 0x00000001
core   0: 0x8000f0c0 (0x0000bfe5) c.j     pc - 8
core   0: 3 0x8000f0c0 (0xbfe5)
core   0: 0x8000f0b8 (0x00001f17) auipc   t5, 0x1
core   0: 3 0x8000f0b8 (0x00001f17) x30 0x800100b8
core   0: 0x8000f0bc (0xf43f2423) sw      gp, -184(t5)
core   0: 3 0x8000f0bc (0xf43f2423) mem 0x80010000 0x00000001
core   0: 0x8000f0c0 (0x0000bfe5) c.j     pc - 8
core   0: 3 0x8000f0c0 (0xbfe5)
core   0: 0x8000f0b8 (0x00001f17) auipc   t5, 0x1
core   0: 3 0x8000f0b8 (0x00001f17) x30 0x800100b8
core   0: 0x8000f0bc (0xf43f2423) sw      gp, -184(t5)
core   0: 3 0x8000f0bc (0xf43f2423) mem 0x80010000 0x00000001
core   0: 0x8000f0c0 (0x0000bfe5) c.j     pc - 8
core   0: 3 0x8000f0c0 (0xbfe5)
core   0: 0x8000f0b8 (0x00001f17) auipc   t5, 0x1
core   0: 3 0x8000f0b8 (0x00001f17) x30 0x800100b8
core   0: 0x8000f0bc (0xf43f2423) sw      gp, -184(t5)
core   0: 3 0x8000f0bc (0xf43f2423) mem 0x80010000 0x00000001
core   0: 0x8000f0c0 (0x0000bfe5) c.j     pc - 8
core   0: 3 0x8000f0c0 (0xbfe5)
core   0: 0x8000f0b8 (0x00001f17) auipc   t5, 0x1
core   0: 3 0x8000f0b8 (0x00001f17) x30 0x800100b8
core   0: 0x8000f0bc (0xf43f2423) sw      gp, -184(t5)
core   0: 3 0x8000f0bc (0xf43f2423) mem 0x80010000 0x00000001
core   0: 0x8000f0c0 (0x0000bfe5) c.j     pc - 8
core   0: 3 0x8000f0c0 (0xbfe5)
core   0: 0x8000f0b8 (0x00001f17) auipc   t5, 0x1
core   0: 3 0x8000f0b8 (0x00001f17) x30 0x800100b8
core   0: 0x8000f0bc (0xf43f2423) sw      gp, -184(t5)
core   0: 3 0x8000f0bc (0xf43f2423) mem 0x80010000 0x00000001
core   0: 0x8000f0c0 (0x0000bfe5) c.j     pc - 8
core   0: 3 0x8000f0c0 (0xbfe5)
core   0: 0x8000f0b8 (0x00001f17) auipc   t5, 0x1
core   0: 3 0x8000f0b8 (0x00001f17) x30 0x800100b8
core   0: 0x8000f0bc (0xf43f2423) sw      gp, -184(t5)
core   0: 3 0x8000f0bc (0xf43f2423) mem 0x80010000 0x00000001
core   0: 0x8000f0c0 (0x0000bfe5) c.j     pc - 8
core   0: 3 0x8000f0c0 (0xbfe5)
core   0: 0x8000f0b8 (0x00001f17) auipc   t5, 0x1
core   0: 3 0x8000f0b8 (0x00001f17) x30 0x800100b8
core   0: 0x8000f0bc (0xf43f2423) sw      gp, -184(t5)
core   0: 3 0x8000f0bc (0xf43f2423) mem 0x80010000 0x00000001
core   0: 0x8000f0c0 (0x0000bfe5) c.j     pc - 8
core   0: 3 0x8000f0c0 (0xbfe5)
core   0: 0x8000f0b8 (0x00001f17) auipc   t5, 0x1
core   0: 3 0x8000f0b8 (0x00001f17) x30 0x800100b8
core   0: 0x8000f0bc (0xf43f2423) sw      gp, -184(t5)
core   0: 3 0x8000f0bc (0xf43f2423) mem 0x80010000 0x00000001
core   0: 0x8000f0c0 (0x0000bfe5) c.j     pc - 8
core   0: 3 0x8000f0c0 (0xbfe5)
core   0: 0x8000f0b8 (0x00001f17) auipc   t5, 0x1
core   0: 3 0x8000f0b8 (0x00001f17) x30 0x800100b8
core   0: 0x8000f0bc (0xf43f2423) sw      gp, -184(t5)
core   0: 3 0x8000f0bc (0xf43f2423) mem 0x80010000 0x00000001
core   0: 0x8000f0c0 (0x0000bfe5) c.j     pc - 8
core   0: 3 0x8000f0c0 (0xbfe5)
core   0: 0x8000f0b8 (0x00001f17) auipc   t5, 0x1
core   0: 3 0x8000f0b8 (0x00001f17) x30 0x800100b8
core   0: 0x8000f0bc (0xf43f2423) sw      gp, -184(t5)
core   0: 3 0x8000f0bc (0xf43f2423) mem 0x80010000 0x00000001
core   0: 0x8000f0c0 (0x0000bfe5) c.j     pc - 8
core   0: 3 0x8000f0c0 (0xbfe5)
core   0: 0x8000f0b8 (0x00001f17) auipc   t5, 0x1
core   0: 3 0x8000f0b8 (0x00001f17) x30 0x800100b8
core   0: 0x8000f0bc (0xf43f2423) sw      gp, -184(t5)
core   0: 3 0x8000f0bc (0xf43f2423) mem 0x80010000 0x00000001
core   0: 0x8000f0c0 (0x0000bfe5) c.j     pc - 8
core   0: 3 0x8000f0c0 (0xbfe5)
core   0: 0x8000f0b8 (0x00001f17) auipc   t5, 0x1
core   0: 3 0x8000f0b8 (0x00001f17) x30 0x800100b8
core   0: 0x8000f0bc (0xf43f2423) sw      gp, -184(t5)
core   0: 3 0x8000f0bc (0xf43f2423) mem 0x80010000 0x00000001
core   0: 0x8000f0c0 (0x0000bfe5) c.j     pc - 8
core   0: 3 0x8000f0c0 (0xbfe5)
core   0: 0x8000f0b8 (0x00001f17) auipc   t5, 0x1
core   0: 3 0x8000f0b8 (0x00001f17) x30 0x800100b8
core   0: 0x8000f0bc (0xf43f2423) sw      gp, -184(t5)
core   0: 3 0x8000f0bc (0xf43f2423) mem 0x80010000 0x00000001
core   0: 0x8000f0c0 (0x0000bfe5) c.j     pc - 8
core   0: 3 0x8000f0c0 (0xbfe5)
core   0: 0x8000f0b8 (0x00001f17) auipc   t5, 0x1
core   0: 3 0x8000f0b8 (0x00001f17) x30 0x800100b8
core   0: 0x8000f0bc (0xf43f2423) sw      gp, -184(t5)
core   0: 3 0x8000f0bc (0xf43f2423) mem 0x80010000 0x00000001
core   0: 0x8000f0c0 (0x0000bfe5) c.j     pc - 8
core   0: 3 0x8000f0c0 (0xbfe5)
core   0: 0x8000f0b8 (0x00001f17) auipc   t5, 0x1
core   0: 3 0x8000f0b8 (0x00001f17) x30 0x800100b8
core   0: 0x8000f0bc (0xf43f2423) sw      gp, -184(t5)
core   0: 3 0x8000f0bc (0xf43f2423) mem 0x80010000 0x00000001
core   0: 0x8000f0c0 (0x0000bfe5) c.j     pc - 8
core   0: 3 0x8000f0c0 (0xbfe5)
core   0: 0x8000f0b8 (0x00001f17) auipc   t5, 0x1
core   0: 3 0x8000f0b8 (0x00001f17) x30 0x800100b8
core   0: 0x8000f0bc (0xf43f2423) sw      gp, -184(t5)
core   0: 3 0x8000f0bc (0xf43f2423) mem 0x80010000 0x00000001
core   0: 0x8000f0c0 (0x0000bfe5) c.j     pc - 8
core   0: 3 0x8000f0c0 (0xbfe5)
core   0: 0x8000f0b8 (0x00001f17) auipc   t5, 0x1
core   0: 3 0x8000f0b8 (0x00001f17) x30 0x800100b8
core   0: 0x8000f0bc (0xf43f2423) sw      gp, -184(t5)
core   0: 3 0x8000f0bc (0xf43f2423) mem 0x80010000 0x00000001
core   0: 0x8000f0c0 (0x0000bfe5) c.j     pc - 8
core   0: 3 0x8000f0c0 (0xbfe5)
core   0: 0x8000f0b8 (0x00001f17) auipc   t5, 0x1
core   0: 3 0x8000f0b8 (0x00001f17) x30 0x800100b8
core   0: 0x8000f0bc (0xf43f2423) sw      gp, -184(t5)
core   0: 3 0x8000f0bc (0xf43f2423) mem 0x80010000 0x00000001
core   0: 0x8000f0c0 (0x0000bfe5) c.j     pc - 8
core   0: 3 0x8000f0c0 (0xbfe5)
core   0: 0x8000f0b8 (0x00001f17) auipc   t5, 0x1
core   0: 3 0x8000f0b8 (0x00001f17) x30 0x800100b8
core   0: 0x8000f0bc (0xf43f2423) sw      gp, -184(t5)
core   0: 3 0x8000f0bc (0xf43f2423) mem 0x80010000 0x00000001
core   0: 0x8000f0c0 (0x0000bfe5) c.j     pc - 8
core   0: 3 0x8000f0c0 (0xbfe5)
core   0: 0x8000f0b8 (0x00001f17) auipc   t5, 0x1
core   0: 3 0x8000f0b8 (0x00001f17) x30 0x800100b8
core   0: 0x8000f0bc (0xf43f2423) sw      gp, -184(t5)
core   0: 3 0x8000f0bc (0xf43f2423) mem 0x80010000 0x00000001
core   0: 0x8000f0c0 (0x0000bfe5) c.j     pc - 8
core   0: 3 0x8000f0c0 (0xbfe5)
core   0: 0x8000f0b8 (0x00001f17) auipc   t5, 0x1
core   0: 3 0x8000f0b8 (0x00001f17) x30 0x800100b8
core   0: 0x8000f0bc (0xf43f2423) sw      gp, -184(t5)
core   0: 3 0x8000f0bc (0xf43f2423) mem 0x80010000 0x00000001
core   0: 0x8000f0c0 (0x0000bfe5) c.j     pc - 8
core   0: 3 0x8000f0c0 (0xbfe5)
core   0: 0x8000f0b8 (0x00001f17) auipc   t5, 0x1
core   0: 3 0x8000f0b8 (0x00001f17) x30 0x800100b8
core   0: 0x8000f0bc (0xf43f2423) sw      gp, -184(t5)
core   0: 3 0x8000f0bc (0xf43f2423) mem 0x80010000 0x00000001
core   0: 0x8000f0c0 (0x0000bfe5) c.j     pc - 8
core   0: 3 0x8000f0c0 (0xbfe5)
core   0: 0x8000f0b8 (0x00001f17) auipc   t5, 0x1
core   0: 3 0x8000f0b8 (0x00001f17) x30 0x800100b8
core   0: 0x8000f0bc (0xf43f2423) sw      gp, -184(t5)
core   0: 3 0x8000f0bc (0xf43f2423) mem 0x80010000 0x00000001
core   0: 0x8000f0c0 (0x0000bfe5) c.j     pc - 8
core   0: 3 0x8000f0c0 (0xbfe5)
core   0: 0x8000f0b8 (0x00001f17) auipc   t5, 0x1
core   0: 3 0x8000f0b8 (0x00001f17) x30 0x800100b8
core   0: 0x8000f0bc (0xf43f2423) sw      gp, -184(t5)
core   0: 3 0x8000f0bc (0xf43f2423) mem 0x80010000 0x00000001
core   0: 0x8000f0c0 (0x0000bfe5) c.j     pc - 8
core   0: 3 0x8000f0c0 (0xbfe5)
core   0: 0x8000f0b8 (0x00001f17) auipc   t5, 0x1
core   0: 3 0x8000f0b8 (0x00001f17) x30 0x800100b8
core   0: 0x8000f0bc (0xf43f2423) sw      gp, -184(t5)
core   0: 3 0x8000f0bc (0xf43f2423) mem 0x80010000 0x00000001
core   0: 0x8000f0c0 (0x0000bfe5) c.j     pc - 8
core   0: 3 0x8000f0c0 (0xbfe5)
core   0: 0x8000f0b8 (0x00001f17) auipc   t5, 0x1
core   0: 3 0x8000f0b8 (0x00001f17) x30 0x800100b8
core   0: 0x8000f0bc (0xf43f2423) sw      gp, -184(t5)
core   0: 3 0x8000f0bc (0xf43f2423) mem 0x80010000 0x00000001
core   0: 0x8000f0c0 (0x0000bfe5) c.j     pc - 8
core   0: 3 0x8000f0c0 (0xbfe5)
core   0: 0x8000f0b8 (0x00001f17) auipc   t5, 0x1
core   0: 3 0x8000f0b8 (0x00001f17) x30 0x800100b8
core   0: 0x8000f0bc (0xf43f2423) sw      gp, -184(t5)
core   0: 3 0x8000f0bc (0xf43f2423) mem 0x80010000 0x00000001
core   0: 0x8000f0c0 (0x0000bfe5) c.j     pc - 8
core   0: 3 0x8000f0c0 (0xbfe5)
core   0: 0x8000f0b8 (0x00001f17) auipc   t5, 0x1
core   0: 3 0x8000f0b8 (0x00001f17) x30 0x800100b8
core   0: 0x8000f0bc (0xf43f2423) sw      gp, -184(t5)
core   0: 3 0x8000f0bc (0xf43f2423) mem 0x80010000 0x00000001
core   0: 0x8000f0c0 (0x0000bfe5) c.j     pc - 8
core   0: 3 0x8000f0c0 (0xbfe5)
core   0: 0x8000f0b8 (0x00001f17) auipc   t5, 0x1
core   0: 3 0x8000f0b8 (0x00001f17) x30 0x800100b8
core   0: 0x8000f0bc (0xf43f2423) sw      gp, -184(t5)
core   0: 3 0x8000f0bc (0xf43f2423) mem 0x80010000 0x00000001
core   0: 0x8000f0c0 (0x0000bfe5) c.j     pc - 8
core   0: 3 0x8000f0c0 (0xbfe5)
core   0: 0x8000f0b8 (0x00001f17) auipc   t5, 0x1
core   0: 3 0x8000f0b8 (0x00001f17) x30 0x800100b8
core   0: 0x8000f0bc (0xf43f2423) sw      gp, -184(t5)
core   0: 3 0x8000f0bc (0xf43f2423) mem 0x80010000 0x00000001
core   0: 0x8000f0c0 (0x0000bfe5) c.j     pc - 8
core   0: 3 0x8000f0c0 (0xbfe5)
core   0: 0x8000f0b8 (0x00001f17) auipc   t5, 0x1
core   0: 3 0x8000f0b8 (0x00001f17) x30 0x800100b8
core   0: 0x8000f0bc (0xf43f2423) sw      gp, -184(t5)
core   0: 3 0x8000f0bc (0xf43f2423) mem 0x80010000 0x00000001
core   0: 0x8000f0c0 (0x0000bfe5) c.j     pc - 8
core   0: 3 0x8000f0c0 (0xbfe5)
core   0: 0x8000f0b8 (0x00001f17) auipc   t5, 0x1
core   0: 3 0x8000f0b8 (0x00001f17) x30 0x800100b8
core   0: 0x8000f0bc (0xf43f2423) sw      gp, -184(t5)
core   0: 3 0x8000f0bc (0xf43f2423) mem 0x80010000 0x00000001
core   0: 0x8000f0c0 (0x0000bfe5) c.j     pc - 8
core   0: 3 0x8000f0c0 (0xbfe5)
core   0: 0x8000f0b8 (0x00001f17) auipc   t5, 0x1
core   0: 3 0x8000f0b8 (0x00001f17) x30 0x800100b8
core   0: 0x8000f0bc (0xf43f2423) sw      gp, -184(t5)
core   0: 3 0x8000f0bc (0xf43f2423) mem 0x80010000 0x00000001
core   0: 0x8000f0c0 (0x0000bfe5) c.j     pc - 8
core   0: 3 0x8000f0c0 (0xbfe5)
core   0: 0x8000f0b8 (0x00001f17) auipc   t5, 0x1
core   0: 3 0x8000f0b8 (0x00001f17) x30 0x800100b8
core   0: 0x8000f0bc (0xf43f2423) sw      gp, -184(t5)
core   0: 3 0x8000f0bc (0xf43f2423) mem 0x80010000 0x00000001
core   0: 0x8000f0c0 (0x0000bfe5) c.j     pc - 8
core   0: 3 0x8000f0c0 (0xbfe5)
core   0: 0x8000f0b8 (0x00001f17) auipc   t5, 0x1
core   0: 3 0x8000f0b8 (0x00001f17) x30 0x800100b8
core   0: 0x8000f0bc (0xf43f2423) sw      gp, -184(t5)
core   0: 3 0x8000f0bc (0xf43f2423) mem 0x80010000 0x00000001
core   0: 0x8000f0c0 (0x0000bfe5) c.j     pc - 8
core   0: 3 0x8000f0c0 (0xbfe5)
core   0: 0x8000f0b8 (0x00001f17) auipc   t5, 0x1
core   0: 3 0x8000f0b8 (0x00001f17) x30 0x800100b8
core   0: 0x8000f0bc (0xf43f2423) sw      gp, -184(t5)
core   0: 3 0x8000f0bc (0xf43f2423) mem 0x80010000 0x00000001
core   0: 0x8000f0c0 (0x0000bfe5) c.j     pc - 8
core   0: 3 0x8000f0c0 (0xbfe5)
core   0: 0x8000f0b8 (0x00001f17) auipc   t5, 0x1
core   0: 3 0x8000f0b8 (0x00001f17) x30 0x800100b8
core   0: 0x8000f0bc (0xf43f2423) sw      gp, -184(t5)
core   0: 3 0x8000f0bc (0xf43f2423) mem 0x80010000 0x00000001
core   0: 0x8000f0c0 (0x0000bfe5) c.j     pc - 8
core   0: 3 0x8000f0c0 (0xbfe5)
core   0: 0x8000f0b8 (0x00001f17) auipc   t5, 0x1
core   0: 3 0x8000f0b8 (0x00001f17) x30 0x800100b8
core   0: 0x8000f0bc (0xf43f2423) sw      gp, -184(t5)
core   0: 3 0x8000f0bc (0xf43f2423) mem 0x80010000 0x00000001
core   0: 0x8000f0c0 (0x0000bfe5) c.j     pc - 8
core   0: 3 0x8000f0c0 (0xbfe5)
core   0: 0x8000f0b8 (0x00001f17) auipc   t5, 0x1
core   0: 3 0x8000f0b8 (0x00001f17) x30 0x800100b8
core   0: 0x8000f0bc (0xf43f2423) sw      gp, -184(t5)
core   0: 3 0x8000f0bc (0xf43f2423) mem 0x80010000 0x00000001
core   0: 0x8000f0c0 (0x0000bfe5) c.j     pc - 8
core   0: 3 0x8000f0c0 (0xbfe5)
core   0: 0x8000f0b8 (0x00001f17) auipc   t5, 0x1
core   0: 3 0x8000f0b8 (0x00001f17) x30 0x800100b8
core   0: 0x8000f0bc (0xf43f2423) sw      gp, -184(t5)
core   0: 3 0x8000f0bc (0xf43f2423) mem 0x80010000 0x00000001
core   0: 0x8000f0c0 (0x0000bfe5) c.j     pc - 8
core   0: 3 0x8000f0c0 (0xbfe5)
core   0: 0x8000f0b8 (0x00001f17) auipc   t5, 0x1
core   0: 3 0x8000f0b8 (0x00001f17) x30 0x800100b8
core   0: 0x8000f0bc (0xf43f2423) sw      gp, -184(t5)
core   0: 3 0x8000f0bc (0xf43f2423) mem 0x80010000 0x00000001
core   0: 0x8000f0c0 (0x0000bfe5) c.j     pc - 8
core   0: 3 0x8000f0c0 (0xbfe5)
core   0: 0x8000f0b8 (0x00001f17) auipc   t5, 0x1
core   0: 3 0x8000f0b8 (0x00001f17) x30 0x800100b8
core   0: 0x8000f0bc (0xf43f2423) sw      gp, -184(t5)
core   0: 3 0x8000f0bc (0xf43f2423) mem 0x80010000 0x00000001
core   0: 0x8000f0c0 (0x0000bfe5) c.j     pc - 8
core   0: 3 0x8000f0c0 (0xbfe5)
core   0: 0x8000f0b8 (0x00001f17) auipc   t5, 0x1
core   0: 3 0x8000f0b8 (0x00001f17) x30 0x800100b8
core   0: 0x8000f0bc (0xf43f2423) sw      gp, -184(t5)
core   0: 3 0x8000f0bc (0xf43f2423) mem 0x80010000 0x00000001
core   0: 0x8000f0c0 (0x0000bfe5) c.j     pc - 8
core   0: 3 0x8000f0c0 (0xbfe5)
core   0: 0x8000f0b8 (0x00001f17) auipc   t5, 0x1
core   0: 3 0x8000f0b8 (0x00001f17) x30 0x800100b8
core   0: 0x8000f0bc (0xf43f2423) sw      gp, -184(t5)
core   0: 3 0x8000f0bc (0xf43f2423) mem 0x80010000 0x00000001
core   0: 0x8000f0c0 (0x0000bfe5) c.j     pc - 8
core   0: 3 0x8000f0c0 (0xbfe5)
core   0: 0x8000f0b8 (0x00001f17) auipc   t5, 0x1
core   0: 3 0x8000f0b8 (0x00001f17) x30 0x800100b8
core   0: 0x8000f0bc (0xf43f2423) sw      gp, -184(t5)
core   0: 3 0x8000f0bc (0xf43f2423) mem 0x80010000 0x00000001
core   0: 0x8000f0c0 (0x0000bfe5) c.j     pc - 8
core   0: 3 0x8000f0c0 (0xbfe5)
core   0: 0x8000f0b8 (0x00001f17) auipc   t5, 0x1
core   0: 3 0x8000f0b8 (0x00001f17) x30 0x800100b8
core   0: 0x8000f0bc (0xf43f2423) sw      gp, -184(t5)
core   0: 3 0x8000f0bc (0xf43f2423) mem 0x80010000 0x00000001
core   0: 0x8000f0c0 (0x0000bfe5) c.j     pc - 8
core   0: 3 0x8000f0c0 (0xbfe5)
core   0: 0x8000f0b8 (0x00001f17) auipc   t5, 0x1
core   0: 3 0x8000f0b8 (0x00001f17) x30 0x800100b8
core   0: 0x8000f0bc (0xf43f2423) sw      gp, -184(t5)
core   0: 3 0x8000f0bc (0xf43f2423) mem 0x80010000 0x00000001
core   0: 0x8000f0c0 (0x0000bfe5) c.j     pc - 8
core   0: 3 0x8000f0c0 (0xbfe5)
core   0: 0x8000f0b8 (0x00001f17) auipc   t5, 0x1
core   0: 3 0x8000f0b8 (0x00001f17) x30 0x800100b8
core   0: 0x8000f0bc (0xf43f2423) sw      gp, -184(t5)
core   0: 3 0x8000f0bc (0xf43f2423) mem 0x80010000 0x00000001
core   0: 0x8000f0c0 (0x0000bfe5) c.j     pc - 8
core   0: 3 0x8000f0c0 (0xbfe5)
core   0: 0x8000f0b8 (0x00001f17) auipc   t5, 0x1
core   0: 3 0x8000f0b8 (0x00001f17) x30 0x800100b8
core   0: 0x8000f0bc (0xf43f2423) sw      gp, -184(t5)
core   0: 3 0x8000f0bc (0xf43f2423) mem 0x80010000 0x00000001
core   0: 0x8000f0c0 (0x0000bfe5) c.j     pc - 8
core   0: 3 0x8000f0c0 (0xbfe5)
core   0: 0x8000f0b8 (0x00001f17) auipc   t5, 0x1
core   0: 3 0x8000f0b8 (0x00001f17) x30 0x800100b8
core   0: 0x8000f0bc (0xf43f2423) sw      gp, -184(t5)
core   0: 3 0x8000f0bc (0xf43f2423) mem 0x80010000 0x00000001
core   0: 0x8000f0c0 (0x0000bfe5) c.j     pc - 8
core   0: 3 0x8000f0c0 (0xbfe5)
core   0: 0x8000f0b8 (0x00001f17) auipc   t5, 0x1
core   0: 3 0x8000f0b8 (0x00001f17) x30 0x800100b8
core   0: 0x8000f0bc (0xf43f2423) sw      gp, -184(t5)
core   0: 3 0x8000f0bc (0xf43f2423) mem 0x80010000 0x00000001
core   0: 0x8000f0c0 (0x0000bfe5) c.j     pc - 8
core   0: 3 0x8000f0c0 (0xbfe5)
core   0: 0x8000f0b8 (0x00001f17) auipc   t5, 0x1
core   0: 3 0x8000f0b8 (0x00001f17) x30 0x800100b8
core   0: 0x8000f0bc (0xf43f2423) sw      gp, -184(t5)
core   0: 3 0x8000f0bc (0xf43f2423) mem 0x80010000 0x00000001
core   0: 0x8000f0c0 (0x0000bfe5) c.j     pc - 8
core   0: 3 0x8000f0c0 (0xbfe5)
core   0: 0x8000f0b8 (0x00001f17) auipc   t5, 0x1
core   0: 3 0x8000f0b8 (0x00001f17) x30 0x800100b8
core   0: 0x8000f0bc (0xf43f2423) sw      gp, -184(t5)
core   0: 3 0x8000f0bc (0xf43f2423) mem 0x80010000 0x00000001
core   0: 0x8000f0c0 (0x0000bfe5) c.j     pc - 8
core   0: 3 0x8000f0c0 (0xbfe5)
core   0: 0x8000f0b8 (0x00001f17) auipc   t5, 0x1
core   0: 3 0x8000f0b8 (0x00001f17) x30 0x800100b8
core   0: 0x8000f0bc (0xf43f2423) sw      gp, -184(t5)
core   0: 3 0x8000f0bc (0xf43f2423) mem 0x80010000 0x00000001
core   0: 0x8000f0c0 (0x0000bfe5) c.j     pc - 8
core   0: 3 0x8000f0c0 (0xbfe5)
core   0: 0x8000f0b8 (0x00001f17) auipc   t5, 0x1
core   0: 3 0x8000f0b8 (0x00001f17) x30 0x800100b8
core   0: 0x8000f0bc (0xf43f2423) sw      gp, -184(t5)
core   0: 3 0x8000f0bc (0xf43f2423) mem 0x80010000 0x00000001
core   0: 0x8000f0c0 (0x0000bfe5) c.j     pc - 8
core   0: 3 0x8000f0c0 (0xbfe5)
core   0: 0x8000f0b8 (0x00001f17) auipc   t5, 0x1
core   0: 3 0x8000f0b8 (0x00001f17) x30 0x800100b8
core   0: 0x8000f0bc (0xf43f2423) sw      gp, -184(t5)
core   0: 3 0x8000f0bc (0xf43f2423) mem 0x80010000 0x00000001
core   0: 0x8000f0c0 (0x0000bfe5) c.j     pc - 8
core   0: 3 0x8000f0c0 (0xbfe5)
core   0: 0x8000f0b8 (0x00001f17) auipc   t5, 0x1
core   0: 3 0x8000f0b8 (0x00001f17) x30 0x800100b8
core   0: 0x8000f0bc (0xf43f2423) sw      gp, -184(t5)
core   0: 3 0x8000f0bc (0xf43f2423) mem 0x80010000 0x00000001
core   0: 0x8000f0c0 (0x0000bfe5) c.j     pc - 8
core   0: 3 0x8000f0c0 (0xbfe5)
core   0: 0x8000f0b8 (0x00001f17) auipc   t5, 0x1
core   0: 3 0x8000f0b8 (0x00001f17) x30 0x800100b8
core   0: 0x8000f0bc (0xf43f2423) sw      gp, -184(t5)
core   0: 3 0x8000f0bc (0xf43f2423) mem 0x80010000 0x00000001
core   0: 0x8000f0c0 (0x0000bfe5) c.j     pc - 8
core   0: 3 0x8000f0c0 (0xbfe5)
core   0: 0x8000f0b8 (0x00001f17) auipc   t5, 0x1
core   0: 3 0x8000f0b8 (0x00001f17) x30 0x800100b8
core   0: 0x8000f0bc (0xf43f2423) sw      gp, -184(t5)
core   0: 3 0x8000f0bc (0xf43f2423) mem 0x80010000 0x00000001
core   0: 0x8000f0c0 (0x0000bfe5) c.j     pc - 8
core   0: 3 0x8000f0c0 (0xbfe5)
core   0: 0x8000f0b8 (0x00001f17) auipc   t5, 0x1
core   0: 3 0x8000f0b8 (0x00001f17) x30 0x800100b8
core   0: 0x8000f0bc (0xf43f2423) sw      gp, -184(t5)
core   0: 3 0x8000f0bc (0xf43f2423) mem 0x80010000 0x00000001
core   0: 0x8000f0c0 (0x0000bfe5) c.j     pc - 8
core   0: 3 0x8000f0c0 (0xbfe5)
core   0: 0x8000f0b8 (0x00001f17) auipc   t5, 0x1
core   0: 3 0x8000f0b8 (0x00001f17) x30 0x800100b8
core   0: 0x8000f0bc (0xf43f2423) sw      gp, -184(t5)
core   0: 3 0x8000f0bc (0xf43f2423) mem 0x80010000 0x00000001
core   0: 0x8000f0c0 (0x0000bfe5) c.j     pc - 8
core   0: 3 0x8000f0c0 (0xbfe5)
core   0: 0x8000f0b8 (0x00001f17) auipc   t5, 0x1
core   0: 3 0x8000f0b8 (0x00001f17) x30 0x800100b8
core   0: 0x8000f0bc (0xf43f2423) sw      gp, -184(t5)
core   0: 3 0x8000f0bc (0xf43f2423) mem 0x80010000 0x00000001
core   0: 0x8000f0c0 (0x0000bfe5) c.j     pc - 8
core   0: 3 0x8000f0c0 (0xbfe5)
core   0: 0x8000f0b8 (0x00001f17) auipc   t5, 0x1
core   0: 3 0x8000f0b8 (0x00001f17) x30 0x800100b8
core   0: 0x8000f0bc (0xf43f2423) sw      gp, -184(t5)
core   0: 3 0x8000f0bc (0xf43f2423) mem 0x80010000 0x00000001
core   0: 0x8000f0c0 (0x0000bfe5) c.j     pc - 8
core   0: 3 0x8000f0c0 (0xbfe5)
core   0: 0x8000f0b8 (0x00001f17) auipc   t5, 0x1
core   0: 3 0x8000f0b8 (0x00001f17) x30 0x800100b8
core   0: 0x8000f0bc (0xf43f2423) sw      gp, -184(t5)
core   0: 3 0x8000f0bc (0xf43f2423) mem 0x80010000 0x00000001
core   0: 0x8000f0c0 (0x0000bfe5) c.j     pc - 8
core   0: 3 0x8000f0c0 (0xbfe5)
core   0: 0x8000f0b8 (0x00001f17) auipc   t5, 0x1
core   0: 3 0x8000f0b8 (0x00001f17) x30 0x800100b8
core   0: 0x8000f0bc (0xf43f2423) sw      gp, -184(t5)
core   0: 3 0x8000f0bc (0xf43f2423) mem 0x80010000 0x00000001
core   0: 0x8000f0c0 (0x0000bfe5) c.j     pc - 8
core   0: 3 0x8000f0c0 (0xbfe5)
core   0: 0x8000f0b8 (0x00001f17) auipc   t5, 0x1
core   0: 3 0x8000f0b8 (0x00001f17) x30 0x800100b8
core   0: 0x8000f0bc (0xf43f2423) sw      gp, -184(t5)
core   0: 3 0x8000f0bc (0xf43f2423) mem 0x80010000 0x00000001
core   0: 0x8000f0c0 (0x0000bfe5) c.j     pc - 8
core   0: 3 0x8000f0c0 (0xbfe5)
core   0: 0x8000f0b8 (0x00001f17) auipc   t5, 0x1
core   0: 3 0x8000f0b8 (0x00001f17) x30 0x800100b8
core   0: 0x8000f0bc (0xf43f2423) sw      gp, -184(t5)
core   0: 3 0x8000f0bc (0xf43f2423) mem 0x80010000 0x00000001
core   0: 0x8000f0c0 (0x0000bfe5) c.j     pc - 8
core   0: 3 0x8000f0c0 (0xbfe5)
core   0: 0x8000f0b8 (0x00001f17) auipc   t5, 0x1
core   0: 3 0x8000f0b8 (0x00001f17) x30 0x800100b8
core   0: 0x8000f0bc (0xf43f2423) sw      gp, -184(t5)
core   0: 3 0x8000f0bc (0xf43f2423) mem 0x80010000 0x00000001
core   0: 0x8000f0c0 (0x0000bfe5) c.j     pc - 8
core   0: 3 0x8000f0c0 (0xbfe5)
core   0: 0x8000f0b8 (0x00001f17) auipc   t5, 0x1
core   0: 3 0x8000f0b8 (0x00001f17) x30 0x800100b8
core   0: 0x8000f0bc (0xf43f2423) sw      gp, -184(t5)
core   0: 3 0x8000f0bc (0xf43f2423) mem 0x80010000 0x00000001
core   0: 0x8000f0c0 (0x0000bfe5) c.j     pc - 8
core   0: 3 0x8000f0c0 (0xbfe5)
core   0: 0x8000f0b8 (0x00001f17) auipc   t5, 0x1
core   0: 3 0x8000f0b8 (0x00001f17) x30 0x800100b8
core   0: 0x8000f0bc (0xf43f2423) sw      gp, -184(t5)
core   0: 3 0x8000f0bc (0xf43f2423) mem 0x80010000 0x00000001
core   0: 0x8000f0c0 (0x0000bfe5) c.j     pc - 8
core   0: 3 0x8000f0c0 (0xbfe5)
core   0: 0x8000f0b8 (0x00001f17) auipc   t5, 0x1
core   0: 3 0x8000f0b8 (0x00001f17) x30 0x800100b8
core   0: 0x8000f0bc (0xf43f2423) sw      gp, -184(t5)
core   0: 3 0x8000f0bc (0xf43f2423) mem 0x80010000 0x00000001
core   0: 0x8000f0c0 (0x0000bfe5) c.j     pc - 8
core   0: 3 0x8000f0c0 (0xbfe5)
core   0: 0x8000f0b8 (0x00001f17) auipc   t5, 0x1
core   0: 3 0x8000f0b8 (0x00001f17) x30 0x800100b8
core   0: 0x8000f0bc (0xf43f2423) sw      gp, -184(t5)
core   0: 3 0x8000f0bc (0xf43f2423) mem 0x80010000 0x00000001
core   0: 0x8000f0c0 (0x0000bfe5) c.j     pc - 8
core   0: 3 0x8000f0c0 (0xbfe5)
core   0: 0x8000f0b8 (0x00001f17) auipc   t5, 0x1
core   0: 3 0x8000f0b8 (0x00001f17) x30 0x800100b8
core   0: 0x8000f0bc (0xf43f2423) sw      gp, -184(t5)
core   0: 3 0x8000f0bc (0xf43f2423) mem 0x80010000 0x00000001
core   0: 0x8000f0c0 (0x0000bfe5) c.j     pc - 8
core   0: 3 0x8000f0c0 (0xbfe5)
core   0: 0x8000f0b8 (0x00001f17) auipc   t5, 0x1
core   0: 3 0x8000f0b8 (0x00001f17) x30 0x800100b8
core   0: 0x8000f0bc (0xf43f2423) sw      gp, -184(t5)
core   0: 3 0x8000f0bc (0xf43f2423) mem 0x80010000 0x00000001
core   0: 0x8000f0c0 (0x0000bfe5) c.j     pc - 8
core   0: 3 0x8000f0c0 (0xbfe5)
core   0: 0x8000f0b8 (0x00001f17) auipc   t5, 0x1
core   0: 3 0x8000f0b8 (0x00001f17) x30 0x800100b8
core   0: 0x8000f0bc (0xf43f2423) sw      gp, -184(t5)
core   0: 3 0x8000f0bc (0xf43f2423) mem 0x80010000 0x00000001
core   0: 0x8000f0c0 (0x0000bfe5) c.j     pc - 8
core   0: 3 0x8000f0c0 (0xbfe5)
core   0: 0x8000f0b8 (0x00001f17) auipc   t5, 0x1
core   0: 3 0x8000f0b8 (0x00001f17) x30 0x800100b8
core   0: 0x8000f0bc (0xf43f2423) sw      gp, -184(t5)
core   0: 3 0x8000f0bc (0xf43f2423) mem 0x80010000 0x00000001
core   0: 0x8000f0c0 (0x0000bfe5) c.j     pc - 8
core   0: 3 0x8000f0c0 (0xbfe5)
core   0: 0x8000f0b8 (0x00001f17) auipc   t5, 0x1
core   0: 3 0x8000f0b8 (0x00001f17) x30 0x800100b8
core   0: 0x8000f0bc (0xf43f2423) sw      gp, -184(t5)
core   0: 3 0x8000f0bc (0xf43f2423) mem 0x80010000 0x00000001
core   0: 0x8000f0c0 (0x0000bfe5) c.j     pc - 8
core   0: 3 0x8000f0c0 (0xbfe5)
core   0: 0x8000f0b8 (0x00001f17) auipc   t5, 0x1
core   0: 3 0x8000f0b8 (0x00001f17) x30 0x800100b8
core   0: 0x8000f0bc (0xf43f2423) sw      gp, -184(t5)
core   0: 3 0x8000f0bc (0xf43f2423) mem 0x80010000 0x00000001
core   0: 0x8000f0c0 (0x0000bfe5) c.j     pc - 8
core   0: 3 0x8000f0c0 (0xbfe5)
core   0: 0x8000f0b8 (0x00001f17) auipc   t5, 0x1
core   0: 3 0x8000f0b8 (0x00001f17) x30 0x800100b8
core   0: 0x8000f0bc (0xf43f2423) sw      gp, -184(t5)
core   0: 3 0x8000f0bc (0xf43f2423) mem 0x80010000 0x00000001
core   0: 0x8000f0c0 (0x0000bfe5) c.j     pc - 8
core   0: 3 0x8000f0c0 (0xbfe5)
core   0: 0x8000f0b8 (0x00001f17) auipc   t5, 0x1
core   0: 3 0x8000f0b8 (0x00001f17) x30 0x800100b8
core   0: 0x8000f0bc (0xf43f2423) sw      gp, -184(t5)
core   0: 3 0x8000f0bc (0xf43f2423) mem 0x80010000 0x00000001
core   0: 0x8000f0c0 (0x0000bfe5) c.j     pc - 8
core   0: 3 0x8000f0c0 (0xbfe5)
core   0: 0x8000f0b8 (0x00001f17) auipc   t5, 0x1
core   0: 3 0x8000f0b8 (0x00001f17) x30 0x800100b8
core   0: 0x8000f0bc (0xf43f2423) sw      gp, -184(t5)
core   0: 3 0x8000f0bc (0xf43f2423) mem 0x80010000 0x00000001
core   0: 0x8000f0c0 (0x0000bfe5) c.j     pc - 8
core   0: 3 0x8000f0c0 (0xbfe5)
core   0: 0x8000f0b8 (0x00001f17) auipc   t5, 0x1
core   0: 3 0x8000f0b8 (0x00001f17) x30 0x800100b8
core   0: 0x8000f0bc (0xf43f2423) sw      gp, -184(t5)
core   0: 3 0x8000f0bc (0xf43f2423) mem 0x80010000 0x00000001
core   0: 0x8000f0c0 (0x0000bfe5) c.j     pc - 8
core   0: 3 0x8000f0c0 (0xbfe5)
core   0: 0x8000f0b8 (0x00001f17) auipc   t5, 0x1
core   0: 3 0x8000f0b8 (0x00001f17) x30 0x800100b8
core   0: 0x8000f0bc (0xf43f2423) sw      gp, -184(t5)
core   0: 3 0x8000f0bc (0xf43f2423) mem 0x80010000 0x00000001
core   0: 0x8000f0c0 (0x0000bfe5) c.j     pc - 8
core   0: 3 0x8000f0c0 (0xbfe5)
core   0: 0x8000f0b8 (0x00001f17) auipc   t5, 0x1
core   0: 3 0x8000f0b8 (0x00001f17) x30 0x800100b8
core   0: 0x8000f0bc (0xf43f2423) sw      gp, -184(t5)
core   0: 3 0x8000f0bc (0xf43f2423) mem 0x80010000 0x00000001
core   0: 0x8000f0c0 (0x0000bfe5) c.j     pc - 8
core   0: 3 0x8000f0c0 (0xbfe5)
core   0: 0x8000f0b8 (0x00001f17) auipc   t5, 0x1
core   0: 3 0x8000f0b8 (0x00001f17) x30 0x800100b8
core   0: 0x8000f0bc (0xf43f2423) sw      gp, -184(t5)
core   0: 3 0x8000f0bc (0xf43f2423) mem 0x80010000 0x00000001
core   0: 0x8000f0c0 (0x0000bfe5) c.j     pc - 8
core   0: 3 0x8000f0c0 (0xbfe5)
core   0: 0x8000f0b8 (0x00001f17) auipc   t5, 0x1
core   0: 3 0x8000f0b8 (0x00001f17) x30 0x800100b8
core   0: 0x8000f0bc (0xf43f2423) sw      gp, -184(t5)
core   0: 3 0x8000f0bc (0xf43f2423) mem 0x80010000 0x00000001
core   0: 0x8000f0c0 (0x0000bfe5) c.j     pc - 8
core   0: 3 0x8000f0c0 (0xbfe5)
core   0: 0x8000f0b8 (0x00001f17) auipc   t5, 0x1
core   0: 3 0x8000f0b8 (0x00001f17) x30 0x800100b8
core   0: 0x8000f0bc (0xf43f2423) sw      gp, -184(t5)
core   0: 3 0x8000f0bc (0xf43f2423) mem 0x80010000 0x00000001
core   0: 0x8000f0c0 (0x0000bfe5) c.j     pc - 8
core   0: 3 0x8000f0c0 (0xbfe5)
core   0: 0x8000f0b8 (0x00001f17) auipc   t5, 0x1
core   0: 3 0x8000f0b8 (0x00001f17) x30 0x800100b8
core   0: 0x8000f0bc (0xf43f2423) sw      gp, -184(t5)
core   0: 3 0x8000f0bc (0xf43f2423) mem 0x80010000 0x00000001
core   0: 0x8000f0c0 (0x0000bfe5) c.j     pc - 8
core   0: 3 0x8000f0c0 (0xbfe5)
core   0: 0x8000f0b8 (0x00001f17) auipc   t5, 0x1
core   0: 3 0x8000f0b8 (0x00001f17) x30 0x800100b8
core   0: 0x8000f0bc (0xf43f2423) sw      gp, -184(t5)
core   0: 3 0x8000f0bc (0xf43f2423) mem 0x80010000 0x00000001
core   0: 0x8000f0c0 (0x0000bfe5) c.j     pc - 8
core   0: 3 0x8000f0c0 (0xbfe5)
core   0: 0x8000f0b8 (0x00001f17) auipc   t5, 0x1
core   0: 3 0x8000f0b8 (0x00001f17) x30 0x800100b8
core   0: 0x8000f0bc (0xf43f2423) sw      gp, -184(t5)
core   0: 3 0x8000f0bc (0xf43f2423) mem 0x80010000 0x00000001
core   0: 0x8000f0c0 (0x0000bfe5) c.j     pc - 8
core   0: 3 0x8000f0c0 (0xbfe5)
core   0: 0x8000f0b8 (0x00001f17) auipc   t5, 0x1
core   0: 3 0x8000f0b8 (0x00001f17) x30 0x800100b8
core   0: 0x8000f0bc (0xf43f2423) sw      gp, -184(t5)
core   0: 3 0x8000f0bc (0xf43f2423) mem 0x80010000 0x00000001
core   0: 0x8000f0c0 (0x0000bfe5) c.j     pc - 8
core   0: 3 0x8000f0c0 (0xbfe5)
core   0: 0x8000f0b8 (0x00001f17) auipc   t5, 0x1
core   0: 3 0x8000f0b8 (0x00001f17) x30 0x800100b8
core   0: 0x8000f0bc (0xf43f2423) sw      gp, -184(t5)
core   0: 3 0x8000f0bc (0xf43f2423) mem 0x80010000 0x00000001
core   0: 0x8000f0c0 (0x0000bfe5) c.j     pc - 8
core   0: 3 0x8000f0c0 (0xbfe5)
core   0: 0x8000f0b8 (0x00001f17) auipc   t5, 0x1
core   0: 3 0x8000f0b8 (0x00001f17) x30 0x800100b8
core   0: 0x8000f0bc (0xf43f2423) sw      gp, -184(t5)
core   0: 3 0x8000f0bc (0xf43f2423) mem 0x80010000 0x00000001
core   0: 0x8000f0c0 (0x0000bfe5) c.j     pc - 8
core   0: 3 0x8000f0c0 (0xbfe5)
core   0: 0x8000f0b8 (0x00001f17) auipc   t5, 0x1
core   0: 3 0x8000f0b8 (0x00001f17) x30 0x800100b8
core   0: 0x8000f0bc (0xf43f2423) sw      gp, -184(t5)
core   0: 3 0x8000f0bc (0xf43f2423) mem 0x80010000 0x00000001
core   0: 0x8000f0c0 (0x0000bfe5) c.j     pc - 8
core   0: 3 0x8000f0c0 (0xbfe5)
core   0: 0x8000f0b8 (0x00001f17) auipc   t5, 0x1
core   0: 3 0x8000f0b8 (0x00001f17) x30 0x800100b8
core   0: 0x8000f0bc (0xf43f2423) sw      gp, -184(t5)
core   0: 3 0x8000f0bc (0xf43f2423) mem 0x80010000 0x00000001
core   0: 0x8000f0c0 (0x0000bfe5) c.j     pc - 8
core   0: 3 0x8000f0c0 (0xbfe5)
core   0: 0x8000f0b8 (0x00001f17) auipc   t5, 0x1
core   0: 3 0x8000f0b8 (0x00001f17) x30 0x800100b8
core   0: 0x8000f0bc (0xf43f2423) sw      gp, -184(t5)
core   0: 3 0x8000f0bc (0xf43f2423) mem 0x80010000 0x00000001
core   0: 0x8000f0c0 (0x0000bfe5) c.j     pc - 8
core   0: 3 0x8000f0c0 (0xbfe5)
core   0: 0x8000f0b8 (0x00001f17) auipc   t5, 0x1
core   0: 3 0x8000f0b8 (0x00001f17) x30 0x800100b8
core   0: 0x8000f0bc (0xf43f2423) sw      gp, -184(t5)
core   0: 3 0x8000f0bc (0xf43f2423) mem 0x80010000 0x00000001
core   0: 0x8000f0c0 (0x0000bfe5) c.j     pc - 8
core   0: 3 0x8000f0c0 (0xbfe5)
core   0: 0x8000f0b8 (0x00001f17) auipc   t5, 0x1
core   0: 3 0x8000f0b8 (0x00001f17) x30 0x800100b8
core   0: 0x8000f0bc (0xf43f2423) sw      gp, -184(t5)
core   0: 3 0x8000f0bc (0xf43f2423) mem 0x80010000 0x00000001
core   0: 0x8000f0c0 (0x0000bfe5) c.j     pc - 8
core   0: 3 0x8000f0c0 (0xbfe5)
core   0: 0x8000f0b8 (0x00001f17) auipc   t5, 0x1
core   0: 3 0x8000f0b8 (0x00001f17) x30 0x800100b8
core   0: 0x8000f0bc (0xf43f2423) sw      gp, -184(t5)
core   0: 3 0x8000f0bc (0xf43f2423) mem 0x80010000 0x00000001
core   0: 0x8000f0c0 (0x0000bfe5) c.j     pc - 8
core   0: 3 0x8000f0c0 (0xbfe5)
core   0: 0x8000f0b8 (0x00001f17) auipc   t5, 0x1
core   0: 3 0x8000f0b8 (0x00001f17) x30 0x800100b8
core   0: 0x8000f0bc (0xf43f2423) sw      gp, -184(t5)
core   0: 3 0x8000f0bc (0xf43f2423) mem 0x80010000 0x00000001
core   0: 0x8000f0c0 (0x0000bfe5) c.j     pc - 8
core   0: 3 0x8000f0c0 (0xbfe5)
core   0: 0x8000f0b8 (0x00001f17) auipc   t5, 0x1
core   0: 3 0x8000f0b8 (0x00001f17) x30 0x800100b8
core   0: 0x8000f0bc (0xf43f2423) sw      gp, -184(t5)
core   0: 3 0x8000f0bc (0xf43f2423) mem 0x80010000 0x00000001
core   0: 0x8000f0c0 (0x0000bfe5) c.j     pc - 8
core   0: 3 0x8000f0c0 (0xbfe5)
core   0: 0x8000f0b8 (0x00001f17) auipc   t5, 0x1
core   0: 3 0x8000f0b8 (0x00001f17) x30 0x800100b8
core   0: 0x8000f0bc (0xf43f2423) sw      gp, -184(t5)
core   0: 3 0x8000f0bc (0xf43f2423) mem 0x80010000 0x00000001
core   0: 0x8000f0c0 (0x0000bfe5) c.j     pc - 8
core   0: 3 0x8000f0c0 (0xbfe5)
core   0: 0x8000f0b8 (0x00001f17) auipc   t5, 0x1
core   0: 3 0x8000f0b8 (0x00001f17) x30 0x800100b8
core   0: 0x8000f0bc (0xf43f2423) sw      gp, -184(t5)
core   0: 3 0x8000f0bc (0xf43f2423) mem 0x80010000 0x00000001
core   0: 0x8000f0c0 (0x0000bfe5) c.j     pc - 8
core   0: 3 0x8000f0c0 (0xbfe5)
core   0: 0x8000f0b8 (0x00001f17) auipc   t5, 0x1
core   0: 3 0x8000f0b8 (0x00001f17) x30 0x800100b8
core   0: 0x8000f0bc (0xf43f2423) sw      gp, -184(t5)
core   0: 3 0x8000f0bc (0xf43f2423) mem 0x80010000 0x00000001
core   0: 0x8000f0c0 (0x0000bfe5) c.j     pc - 8
core   0: 3 0x8000f0c0 (0xbfe5)
core   0: 0x8000f0b8 (0x00001f17) auipc   t5, 0x1
core   0: 3 0x8000f0b8 (0x00001f17) x30 0x800100b8
core   0: 0x8000f0bc (0xf43f2423) sw      gp, -184(t5)
core   0: 3 0x8000f0bc (0xf43f2423) mem 0x80010000 0x00000001
core   0: 0x8000f0c0 (0x0000bfe5) c.j     pc - 8
core   0: 3 0x8000f0c0 (0xbfe5)
core   0: 0x8000f0b8 (0x00001f17) auipc   t5, 0x1
core   0: 3 0x8000f0b8 (0x00001f17) x30 0x800100b8
core   0: 0x8000f0bc (0xf43f2423) sw      gp, -184(t5)
core   0: 3 0x8000f0bc (0xf43f2423) mem 0x80010000 0x00000001
core   0: 0x8000f0c0 (0x0000bfe5) c.j     pc - 8
core   0: 3 0x8000f0c0 (0xbfe5)
core   0: 0x8000f0b8 (0x00001f17) auipc   t5, 0x1
core   0: 3 0x8000f0b8 (0x00001f17) x30 0x800100b8
core   0: 0x8000f0bc (0xf43f2423) sw      gp, -184(t5)
core   0: 3 0x8000f0bc (0xf43f2423) mem 0x80010000 0x00000001
core   0: 0x8000f0c0 (0x0000bfe5) c.j     pc - 8
core   0: 3 0x8000f0c0 (0xbfe5)
core   0: 0x8000f0b8 (0x00001f17) auipc   t5, 0x1
core   0: 3 0x8000f0b8 (0x00001f17) x30 0x800100b8
core   0: 0x8000f0bc (0xf43f2423) sw      gp, -184(t5)
core   0: 3 0x8000f0bc (0xf43f2423) mem 0x80010000 0x00000001
core   0: 0x8000f0c0 (0x0000bfe5) c.j     pc - 8
core   0: 3 0x8000f0c0 (0xbfe5)
core   0: 0x8000f0b8 (0x00001f17) auipc   t5, 0x1
core   0: 3 0x8000f0b8 (0x00001f17) x30 0x800100b8
core   0: 0x8000f0bc (0xf43f2423) sw      gp, -184(t5)
core   0: 3 0x8000f0bc (0xf43f2423) mem 0x80010000 0x00000001
core   0: 0x8000f0c0 (0x0000bfe5) c.j     pc - 8
core   0: 3 0x8000f0c0 (0xbfe5)
core   0: 0x8000f0b8 (0x00001f17) auipc   t5, 0x1
core   0: 3 0x8000f0b8 (0x00001f17) x30 0x800100b8
core   0: 0x8000f0bc (0xf43f2423) sw      gp, -184(t5)
core   0: 3 0x8000f0bc (0xf43f2423) mem 0x80010000 0x00000001
core   0: 0x8000f0c0 (0x0000bfe5) c.j     pc - 8
core   0: 3 0x8000f0c0 (0xbfe5)
core   0: 0x8000f0b8 (0x00001f17) auipc   t5, 0x1
core   0: 3 0x8000f0b8 (0x00001f17) x30 0x800100b8
core   0: 0x8000f0bc (0xf43f2423) sw      gp, -184(t5)
core   0: 3 0x8000f0bc (0xf43f2423) mem 0x80010000 0x00000001
core   0: 0x8000f0c0 (0x0000bfe5) c.j     pc - 8
core   0: 3 0x8000f0c0 (0xbfe5)
core   0: 0x8000f0b8 (0x00001f17) auipc   t5, 0x1
core   0: 3 0x8000f0b8 (0x00001f17) x30 0x800100b8
core   0: 0x8000f0bc (0xf43f2423) sw      gp, -184(t5)
core   0: 3 0x8000f0bc (0xf43f2423) mem 0x80010000 0x00000001
core   0: 0x8000f0c0 (0x0000bfe5) c.j     pc - 8
core   0: 3 0x8000f0c0 (0xbfe5)
core   0: 0x8000f0b8 (0x00001f17) auipc   t5, 0x1
core   0: 3 0x8000f0b8 (0x00001f17) x30 0x800100b8
core   0: 0x8000f0bc (0xf43f2423) sw      gp, -184(t5)
core   0: 3 0x8000f0bc (0xf43f2423) mem 0x80010000 0x00000001
core   0: 0x8000f0c0 (0x0000bfe5) c.j     pc - 8
core   0: 3 0x8000f0c0 (0xbfe5)
core   0: 0x8000f0b8 (0x00001f17) auipc   t5, 0x1
core   0: 3 0x8000f0b8 (0x00001f17) x30 0x800100b8
core   0: 0x8000f0bc (0xf43f2423) sw      gp, -184(t5)
core   0: 3 0x8000f0bc (0xf43f2423) mem 0x80010000 0x00000001
core   0: 0x8000f0c0 (0x0000bfe5) c.j     pc - 8
core   0: 3 0x8000f0c0 (0xbfe5)
core   0: 0x8000f0b8 (0x00001f17) auipc   t5, 0x1
core   0: 3 0x8000f0b8 (0x00001f17) x30 0x800100b8
core   0: 0x8000f0bc (0xf43f2423) sw      gp, -184(t5)
core   0: 3 0x8000f0bc (0xf43f2423) mem 0x80010000 0x00000001
core   0: 0x8000f0c0 (0x0000bfe5) c.j     pc - 8
core   0: 3 0x8000f0c0 (0xbfe5)
core   0: 0x8000f0b8 (0x00001f17) auipc   t5, 0x1
core   0: 3 0x8000f0b8 (0x00001f17) x30 0x800100b8
core   0: 0x8000f0bc (0xf43f2423) sw      gp, -184(t5)
core   0: 3 0x8000f0bc (0xf43f2423) mem 0x80010000 0x00000001
core   0: 0x8000f0c0 (0x0000bfe5) c.j     pc - 8
core   0: 3 0x8000f0c0 (0xbfe5)
core   0: 0x8000f0b8 (0x00001f17) auipc   t5, 0x1
core   0: 3 0x8000f0b8 (0x00001f17) x30 0x800100b8
core   0: 0x8000f0bc (0xf43f2423) sw      gp, -184(t5)
core   0: 3 0x8000f0bc (0xf43f2423) mem 0x80010000 0x00000001
core   0: 0x8000f0c0 (0x0000bfe5) c.j     pc - 8
core   0: 3 0x8000f0c0 (0xbfe5)
core   0: 0x8000f0b8 (0x00001f17) auipc   t5, 0x1
core   0: 3 0x8000f0b8 (0x00001f17) x30 0x800100b8
core   0: 0x8000f0bc (0xf43f2423) sw      gp, -184(t5)
core   0: 3 0x8000f0bc (0xf43f2423) mem 0x80010000 0x00000001
core   0: 0x8000f0c0 (0x0000bfe5) c.j     pc - 8
core   0: 3 0x8000f0c0 (0xbfe5)
core   0: 0x8000f0b8 (0x00001f17) auipc   t5, 0x1
core   0: 3 0x8000f0b8 (0x00001f17) x30 0x800100b8
core   0: 0x8000f0bc (0xf43f2423) sw      gp, -184(t5)
core   0: 3 0x8000f0bc (0xf43f2423) mem 0x80010000 0x00000001
core   0: 0x8000f0c0 (0x0000bfe5) c.j     pc - 8
core   0: 3 0x8000f0c0 (0xbfe5)
core   0: 0x8000f0b8 (0x00001f17) auipc   t5, 0x1
core   0: 3 0x8000f0b8 (0x00001f17) x30 0x800100b8
core   0: 0x8000f0bc (0xf43f2423) sw      gp, -184(t5)
core   0: 3 0x8000f0bc (0xf43f2423) mem 0x80010000 0x00000001
core   0: 0x8000f0c0 (0x0000bfe5) c.j     pc - 8
core   0: 3 0x8000f0c0 (0xbfe5)
core   0: 0x8000f0b8 (0x00001f17) auipc   t5, 0x1
core   0: 3 0x8000f0b8 (0x00001f17) x30 0x800100b8
core   0: 0x8000f0bc (0xf43f2423) sw      gp, -184(t5)
core   0: 3 0x8000f0bc (0xf43f2423) mem 0x80010000 0x00000001
core   0: 0x8000f0c0 (0x0000bfe5) c.j     pc - 8
core   0: 3 0x8000f0c0 (0xbfe5)
core   0: 0x8000f0b8 (0x00001f17) auipc   t5, 0x1
core   0: 3 0x8000f0b8 (0x00001f17) x30 0x800100b8
core   0: 0x8000f0bc (0xf43f2423) sw      gp, -184(t5)
core   0: 3 0x8000f0bc (0xf43f2423) mem 0x80010000 0x00000001
core   0: 0x8000f0c0 (0x0000bfe5) c.j     pc - 8
core   0: 3 0x8000f0c0 (0xbfe5)
core   0: 0x8000f0b8 (0x00001f17) auipc   t5, 0x1
core   0: 3 0x8000f0b8 (0x00001f17) x30 0x800100b8
core   0: 0x8000f0bc (0xf43f2423) sw      gp, -184(t5)
core   0: 3 0x8000f0bc (0xf43f2423) mem 0x80010000 0x00000001
core   0: 0x8000f0c0 (0x0000bfe5) c.j     pc - 8
core   0: 3 0x8000f0c0 (0xbfe5)
core   0: 0x8000f0b8 (0x00001f17) auipc   t5, 0x1
core   0: 3 0x8000f0b8 (0x00001f17) x30 0x800100b8
core   0: 0x8000f0bc (0xf43f2423) sw      gp, -184(t5)
core   0: 3 0x8000f0bc (0xf43f2423) mem 0x80010000 0x00000001
core   0: 0x8000f0c0 (0x0000bfe5) c.j     pc - 8
core   0: 3 0x8000f0c0 (0xbfe5)
core   0: 0x8000f0b8 (0x00001f17) auipc   t5, 0x1
core   0: 3 0x8000f0b8 (0x00001f17) x30 0x800100b8
core   0: 0x8000f0bc (0xf43f2423) sw      gp, -184(t5)
core   0: 3 0x8000f0bc (0xf43f2423) mem 0x80010000 0x00000001
core   0: 0x8000f0c0 (0x0000bfe5) c.j     pc - 8
core   0: 3 0x8000f0c0 (0xbfe5)
core   0: 0x8000f0b8 (0x00001f17) auipc   t5, 0x1
core   0: 3 0x8000f0b8 (0x00001f17) x30 0x800100b8
core   0: 0x8000f0bc (0xf43f2423) sw      gp, -184(t5)
core   0: 3 0x8000f0bc (0xf43f2423) mem 0x80010000 0x00000001
core   0: 0x8000f0c0 (0x0000bfe5) c.j     pc - 8
core   0: 3 0x8000f0c0 (0xbfe5)
core   0: 0x8000f0b8 (0x00001f17) auipc   t5, 0x1
core   0: 3 0x8000f0b8 (0x00001f17) x30 0x800100b8
core   0: 0x8000f0bc (0xf43f2423) sw      gp, -184(t5)
core   0: 3 0x8000f0bc (0xf43f2423) mem 0x80010000 0x00000001
core   0: 0x8000f0c0 (0x0000bfe5) c.j     pc - 8
core   0: 3 0x8000f0c0 (0xbfe5)
core   0: 0x8000f0b8 (0x00001f17) auipc   t5, 0x1
core   0: 3 0x8000f0b8 (0x00001f17) x30 0x800100b8
core   0: 0x8000f0bc (0xf43f2423) sw      gp, -184(t5)
core   0: 3 0x8000f0bc (0xf43f2423) mem 0x80010000 0x00000001
core   0: 0x8000f0c0 (0x0000bfe5) c.j     pc - 8
core   0: 3 0x8000f0c0 (0xbfe5)
core   0: 0x8000f0b8 (0x00001f17) auipc   t5, 0x1
core   0: 3 0x8000f0b8 (0x00001f17) x30 0x800100b8
core   0: 0x8000f0bc (0xf43f2423) sw      gp, -184(t5)
core   0: 3 0x8000f0bc (0xf43f2423) mem 0x80010000 0x00000001
core   0: 0x8000f0c0 (0x0000bfe5) c.j     pc - 8
core   0: 3 0x8000f0c0 (0xbfe5)
core   0: 0x8000f0b8 (0x00001f17) auipc   t5, 0x1
core   0: 3 0x8000f0b8 (0x00001f17) x30 0x800100b8
core   0: 0x8000f0bc (0xf43f2423) sw      gp, -184(t5)
core   0: 3 0x8000f0bc (0xf43f2423) mem 0x80010000 0x00000001
core   0: 0x8000f0c0 (0x0000bfe5) c.j     pc - 8
core   0: 3 0x8000f0c0 (0xbfe5)
core   0: 0x8000f0b8 (0x00001f17) auipc   t5, 0x1
core   0: 3 0x8000f0b8 (0x00001f17) x30 0x800100b8
core   0: 0x8000f0bc (0xf43f2423) sw      gp, -184(t5)
core   0: 3 0x8000f0bc (0xf43f2423) mem 0x80010000 0x00000001
core   0: 0x8000f0c0 (0x0000bfe5) c.j     pc - 8
core   0: 3 0x8000f0c0 (0xbfe5)
core   0: 0x8000f0b8 (0x00001f17) auipc   t5, 0x1
core   0: 3 0x8000f0b8 (0x00001f17) x30 0x800100b8
core   0: 0x8000f0bc (0xf43f2423) sw      gp, -184(t5)
core   0: 3 0x8000f0bc (0xf43f2423) mem 0x80010000 0x00000001
core   0: 0x8000f0c0 (0x0000bfe5) c.j     pc - 8
core   0: 3 0x8000f0c0 (0xbfe5)
core   0: 0x8000f0b8 (0x00001f17) auipc   t5, 0x1
core   0: 3 0x8000f0b8 (0x00001f17) x30 0x800100b8
core   0: 0x8000f0bc (0xf43f2423) sw      gp, -184(t5)
core   0: 3 0x8000f0bc (0xf43f2423) mem 0x80010000 0x00000001
core   0: 0x8000f0c0 (0x0000bfe5) c.j     pc - 8
core   0: 3 0x8000f0c0 (0xbfe5)
core   0: 0x8000f0b8 (0x00001f17) auipc   t5, 0x1
core   0: 3 0x8000f0b8 (0x00001f17) x30 0x800100b8
core   0: 0x8000f0bc (0xf43f2423) sw      gp, -184(t5)
core   0: 3 0x8000f0bc (0xf43f2423) mem 0x80010000 0x00000001
core   0: 0x8000f0c0 (0x0000bfe5) c.j     pc - 8
core   0: 3 0x8000f0c0 (0xbfe5)
core   0: 0x8000f0b8 (0x00001f17) auipc   t5, 0x1
core   0: 3 0x8000f0b8 (0x00001f17) x30 0x800100b8
core   0: 0x8000f0bc (0xf43f2423) sw      gp, -184(t5)
core   0: 3 0x8000f0bc (0xf43f2423) mem 0x80010000 0x00000001
core   0: 0x8000f0c0 (0x0000bfe5) c.j     pc - 8
core   0: 3 0x8000f0c0 (0xbfe5)
core   0: 0x8000f0b8 (0x00001f17) auipc   t5, 0x1
core   0: 3 0x8000f0b8 (0x00001f17) x30 0x800100b8
core   0: 0x8000f0bc (0xf43f2423) sw      gp, -184(t5)
core   0: 3 0x8000f0bc (0xf43f2423) mem 0x80010000 0x00000001
core   0: 0x8000f0c0 (0x0000bfe5) c.j     pc - 8
core   0: 3 0x8000f0c0 (0xbfe5)
core   0: 0x8000f0b8 (0x00001f17) auipc   t5, 0x1
core   0: 3 0x8000f0b8 (0x00001f17) x30 0x800100b8
core   0: 0x8000f0bc (0xf43f2423) sw      gp, -184(t5)
core   0: 3 0x8000f0bc (0xf43f2423) mem 0x80010000 0x00000001
core   0: 0x8000f0c0 (0x0000bfe5) c.j     pc - 8
core   0: 3 0x8000f0c0 (0xbfe5)
core   0: 0x8000f0b8 (0x00001f17) auipc   t5, 0x1
core   0: 3 0x8000f0b8 (0x00001f17) x30 0x800100b8
core   0: 0x8000f0bc (0xf43f2423) sw      gp, -184(t5)
core   0: 3 0x8000f0bc (0xf43f2423) mem 0x80010000 0x00000001
core   0: 0x8000f0c0 (0x0000bfe5) c.j     pc - 8
core   0: 3 0x8000f0c0 (0xbfe5)
core   0: 0x8000f0b8 (0x00001f17) auipc   t5, 0x1
core   0: 3 0x8000f0b8 (0x00001f17) x30 0x800100b8
core   0: 0x8000f0bc (0xf43f2423) sw      gp, -184(t5)
core   0: 3 0x8000f0bc (0xf43f2423) mem 0x80010000 0x00000001
core   0: 0x8000f0c0 (0x0000bfe5) c.j     pc - 8
core   0: 3 0x8000f0c0 (0xbfe5)
core   0: 0x8000f0b8 (0x00001f17) auipc   t5, 0x1
core   0: 3 0x8000f0b8 (0x00001f17) x30 0x800100b8
core   0: 0x8000f0bc (0xf43f2423) sw      gp, -184(t5)
core   0: 3 0x8000f0bc (0xf43f2423) mem 0x80010000 0x00000001
core   0: 0x8000f0c0 (0x0000bfe5) c.j     pc - 8
core   0: 3 0x8000f0c0 (0xbfe5)
core   0: 0x8000f0b8 (0x00001f17) auipc   t5, 0x1
core   0: 3 0x8000f0b8 (0x00001f17) x30 0x800100b8
core   0: 0x8000f0bc (0xf43f2423) sw      gp, -184(t5)
core   0: 3 0x8000f0bc (0xf43f2423) mem 0x80010000 0x00000001
core   0: 0x8000f0c0 (0x0000bfe5) c.j     pc - 8
core   0: 3 0x8000f0c0 (0xbfe5)
core   0: 0x8000f0b8 (0x00001f17) auipc   t5, 0x1
core   0: 3 0x8000f0b8 (0x00001f17) x30 0x800100b8
core   0: 0x8000f0bc (0xf43f2423) sw      gp, -184(t5)
core   0: 3 0x8000f0bc (0xf43f2423) mem 0x80010000 0x00000001
core   0: 0x8000f0c0 (0x0000bfe5) c.j     pc - 8
core   0: 3 0x8000f0c0 (0xbfe5)
core   0: 0x8000f0b8 (0x00001f17) auipc   t5, 0x1
core   0: 3 0x8000f0b8 (0x00001f17) x30 0x800100b8
core   0: 0x8000f0bc (0xf43f2423) sw      gp, -184(t5)
core   0: 3 0x8000f0bc (0xf43f2423) mem 0x80010000 0x00000001
core   0: 0x8000f0c0 (0x0000bfe5) c.j     pc - 8
core   0: 3 0x8000f0c0 (0xbfe5)
core   0: 0x8000f0b8 (0x00001f17) auipc   t5, 0x1
core   0: 3 0x8000f0b8 (0x00001f17) x30 0x800100b8
core   0: 0x8000f0bc (0xf43f2423) sw      gp, -184(t5)
core   0: 3 0x8000f0bc (0xf43f2423) mem 0x80010000 0x00000001
core   0: 0x8000f0c0 (0x0000bfe5) c.j     pc - 8
core   0: 3 0x8000f0c0 (0xbfe5)
core   0: 0x8000f0b8 (0x00001f17) auipc   t5, 0x1
core   0: 3 0x8000f0b8 (0x00001f17) x30 0x800100b8
core   0: 0x8000f0bc (0xf43f2423) sw      gp, -184(t5)
core   0: 3 0x8000f0bc (0xf43f2423) mem 0x80010000 0x00000001
core   0: 0x8000f0c0 (0x0000bfe5) c.j     pc - 8
core   0: 3 0x8000f0c0 (0xbfe5)
core   0: 0x8000f0b8 (0x00001f17) auipc   t5, 0x1
core   0: 3 0x8000f0b8 (0x00001f17) x30 0x800100b8
core   0: 0x8000f0bc (0xf43f2423) sw      gp, -184(t5)
core   0: 3 0x8000f0bc (0xf43f2423) mem 0x80010000 0x00000001
core   0: 0x8000f0c0 (0x0000bfe5) c.j     pc - 8
core   0: 3 0x8000f0c0 (0xbfe5)
core   0: 0x8000f0b8 (0x00001f17) auipc   t5, 0x1
core   0: 3 0x8000f0b8 (0x00001f17) x30 0x800100b8
core   0: 0x8000f0bc (0xf43f2423) sw      gp, -184(t5)
core   0: 3 0x8000f0bc (0xf43f2423) mem 0x80010000 0x00000001
core   0: 0x8000f0c0 (0x0000bfe5) c.j     pc - 8
core   0: 3 0x8000f0c0 (0xbfe5)
core   0: 0x8000f0b8 (0x00001f17) auipc   t5, 0x1
core   0: 3 0x8000f0b8 (0x00001f17) x30 0x800100b8
core   0: 0x8000f0bc (0xf43f2423) sw      gp, -184(t5)
core   0: 3 0x8000f0bc (0xf43f2423) mem 0x80010000 0x00000001
core   0: 0x8000f0c0 (0x0000bfe5) c.j     pc - 8
core   0: 3 0x8000f0c0 (0xbfe5)
core   0: 0x8000f0b8 (0x00001f17) auipc   t5, 0x1
core   0: 3 0x8000f0b8 (0x00001f17) x30 0x800100b8
core   0: 0x8000f0bc (0xf43f2423) sw      gp, -184(t5)
core   0: 3 0x8000f0bc (0xf43f2423) mem 0x80010000 0x00000001
core   0: 0x8000f0c0 (0x0000bfe5) c.j     pc - 8
core   0: 3 0x8000f0c0 (0xbfe5)
core   0: 0x8000f0b8 (0x00001f17) auipc   t5, 0x1
core   0: 3 0x8000f0b8 (0x00001f17) x30 0x800100b8
core   0: 0x8000f0bc (0xf43f2423) sw      gp, -184(t5)
core   0: 3 0x8000f0bc (0xf43f2423) mem 0x80010000 0x00000001
core   0: 0x8000f0c0 (0x0000bfe5) c.j     pc - 8
core   0: 3 0x8000f0c0 (0xbfe5)
core   0: 0x8000f0b8 (0x00001f17) auipc   t5, 0x1
core   0: 3 0x8000f0b8 (0x00001f17) x30 0x800100b8
core   0: 0x8000f0bc (0xf43f2423) sw      gp, -184(t5)
core   0: 3 0x8000f0bc (0xf43f2423) mem 0x80010000 0x00000001
core   0: 0x8000f0c0 (0x0000bfe5) c.j     pc - 8
core   0: 3 0x8000f0c0 (0xbfe5)
core   0: 0x8000f0b8 (0x00001f17) auipc   t5, 0x1
core   0: 3 0x8000f0b8 (0x00001f17) x30 0x800100b8
core   0: 0x8000f0bc (0xf43f2423) sw      gp, -184(t5)
core   0: 3 0x8000f0bc (0xf43f2423) mem 0x80010000 0x00000001
core   0: 0x8000f0c0 (0x0000bfe5) c.j     pc - 8
core   0: 3 0x8000f0c0 (0xbfe5)
core   0: 0x8000f0b8 (0x00001f17) auipc   t5, 0x1
core   0: 3 0x8000f0b8 (0x00001f17) x30 0x800100b8
core   0: 0x8000f0bc (0xf43f2423) sw      gp, -184(t5)
core   0: 3 0x8000f0bc (0xf43f2423) mem 0x80010000 0x00000001
core   0: 0x8000f0c0 (0x0000bfe5) c.j     pc - 8
core   0: 3 0x8000f0c0 (0xbfe5)
core   0: 0x8000f0b8 (0x00001f17) auipc   t5, 0x1
core   0: 3 0x8000f0b8 (0x00001f17) x30 0x800100b8
core   0: 0x8000f0bc (0xf43f2423) sw      gp, -184(t5)
core   0: 3 0x8000f0bc (0xf43f2423) mem 0x80010000 0x00000001
core   0: 0x8000f0c0 (0x0000bfe5) c.j     pc - 8
core   0: 3 0x8000f0c0 (0xbfe5)
core   0: 0x8000f0b8 (0x00001f17) auipc   t5, 0x1
core   0: 3 0x8000f0b8 (0x00001f17) x30 0x800100b8
core   0: 0x8000f0bc (0xf43f2423) sw      gp, -184(t5)
core   0: 3 0x8000f0bc (0xf43f2423) mem 0x80010000 0x00000001
core   0: 0x8000f0c0 (0x0000bfe5) c.j     pc - 8
core   0: 3 0x8000f0c0 (0xbfe5)
core   0: 0x8000f0b8 (0x00001f17) auipc   t5, 0x1
core   0: 3 0x8000f0b8 (0x00001f17) x30 0x800100b8
core   0: 0x8000f0bc (0xf43f2423) sw      gp, -184(t5)
core   0: 3 0x8000f0bc (0xf43f2423) mem 0x80010000 0x00000001
core   0: 0x8000f0c0 (0x0000bfe5) c.j     pc - 8
core   0: 3 0x8000f0c0 (0xbfe5)
core   0: 0x8000f0b8 (0x00001f17) auipc   t5, 0x1
core   0: 3 0x8000f0b8 (0x00001f17) x30 0x800100b8
core   0: 0x8000f0bc (0xf43f2423) sw      gp, -184(t5)
core   0: 3 0x8000f0bc (0xf43f2423) mem 0x80010000 0x00000001
core   0: 0x8000f0c0 (0x0000bfe5) c.j     pc - 8
core   0: 3 0x8000f0c0 (0xbfe5)
core   0: 0x8000f0b8 (0x00001f17) auipc   t5, 0x1
core   0: 3 0x8000f0b8 (0x00001f17) x30 0x800100b8
core   0: 0x8000f0bc (0xf43f2423) sw      gp, -184(t5)
core   0: 3 0x8000f0bc (0xf43f2423) mem 0x80010000 0x00000001
core   0: 0x8000f0c0 (0x0000bfe5) c.j     pc - 8
core   0: 3 0x8000f0c0 (0xbfe5)
core   0: 0x8000f0b8 (0x00001f17) auipc   t5, 0x1
core   0: 3 0x8000f0b8 (0x00001f17) x30 0x800100b8
core   0: 0x8000f0bc (0xf43f2423) sw      gp, -184(t5)
core   0: 3 0x8000f0bc (0xf43f2423) mem 0x80010000 0x00000001
core   0: 0x8000f0c0 (0x0000bfe5) c.j     pc - 8
core   0: 3 0x8000f0c0 (0xbfe5)
core   0: 0x8000f0b8 (0x00001f17) auipc   t5, 0x1
core   0: 3 0x8000f0b8 (0x00001f17) x30 0x800100b8
core   0: 0x8000f0bc (0xf43f2423) sw      gp, -184(t5)
core   0: 3 0x8000f0bc (0xf43f2423) mem 0x80010000 0x00000001
core   0: 0x8000f0c0 (0x0000bfe5) c.j     pc - 8
core   0: 3 0x8000f0c0 (0xbfe5)
core   0: 0x8000f0b8 (0x00001f17) auipc   t5, 0x1
core   0: 3 0x8000f0b8 (0x00001f17) x30 0x800100b8
core   0: 0x8000f0bc (0xf43f2423) sw      gp, -184(t5)
core   0: 3 0x8000f0bc (0xf43f2423) mem 0x80010000 0x00000001
core   0: 0x8000f0c0 (0x0000bfe5) c.j     pc - 8
core   0: 3 0x8000f0c0 (0xbfe5)
core   0: 0x8000f0b8 (0x00001f17) auipc   t5, 0x1
core   0: 3 0x8000f0b8 (0x00001f17) x30 0x800100b8
core   0: 0x8000f0bc (0xf43f2423) sw      gp, -184(t5)
core   0: 3 0x8000f0bc (0xf43f2423) mem 0x80010000 0x00000001
core   0: 0x8000f0c0 (0x0000bfe5) c.j     pc - 8
core   0: 3 0x8000f0c0 (0xbfe5)
core   0: 0x8000f0b8 (0x00001f17) auipc   t5, 0x1
core   0: 3 0x8000f0b8 (0x00001f17) x30 0x800100b8
core   0: 0x8000f0bc (0xf43f2423) sw      gp, -184(t5)
core   0: 3 0x8000f0bc (0xf43f2423) mem 0x80010000 0x00000001
core   0: 0x8000f0c0 (0x0000bfe5) c.j     pc - 8
core   0: 3 0x8000f0c0 (0xbfe5)
core   0: 0x8000f0b8 (0x00001f17) auipc   t5, 0x1
core   0: 3 0x8000f0b8 (0x00001f17) x30 0x800100b8
core   0: 0x8000f0bc (0xf43f2423) sw      gp, -184(t5)
core   0: 3 0x8000f0bc (0xf43f2423) mem 0x80010000 0x00000001
core   0: 0x8000f0c0 (0x0000bfe5) c.j     pc - 8
core   0: 3 0x8000f0c0 (0xbfe5)
core   0: 0x8000f0b8 (0x00001f17) auipc   t5, 0x1
core   0: 3 0x8000f0b8 (0x00001f17) x30 0x800100b8
core   0: 0x8000f0bc (0xf43f2423) sw      gp, -184(t5)
core   0: 3 0x8000f0bc (0xf43f2423) mem 0x80010000 0x00000001
core   0: 0x8000f0c0 (0x0000bfe5) c.j     pc - 8
core   0: 3 0x8000f0c0 (0xbfe5)
core   0: 0x8000f0b8 (0x00001f17) auipc   t5, 0x1
core   0: 3 0x8000f0b8 (0x00001f17) x30 0x800100b8
core   0: 0x8000f0bc (0xf43f2423) sw      gp, -184(t5)
core   0: 3 0x8000f0bc (0xf43f2423) mem 0x80010000 0x00000001
core   0: 0x8000f0c0 (0x0000bfe5) c.j     pc - 8
core   0: 3 0x8000f0c0 (0xbfe5)
core   0: 0x8000f0b8 (0x00001f17) auipc   t5, 0x1
core   0: 3 0x8000f0b8 (0x00001f17) x30 0x800100b8
core   0: 0x8000f0bc (0xf43f2423) sw      gp, -184(t5)
core   0: 3 0x8000f0bc (0xf43f2423) mem 0x80010000 0x00000001
core   0: 0x8000f0c0 (0x0000bfe5) c.j     pc - 8
core   0: 3 0x8000f0c0 (0xbfe5)
core   0: 0x8000f0b8 (0x00001f17) auipc   t5, 0x1
core   0: 3 0x8000f0b8 (0x00001f17) x30 0x800100b8
core   0: 0x8000f0bc (0xf43f2423) sw      gp, -184(t5)
core   0: 3 0x8000f0bc (0xf43f2423) mem 0x80010000 0x00000001
core   0: 0x8000f0c0 (0x0000bfe5) c.j     pc - 8
core   0: 3 0x8000f0c0 (0xbfe5)
core   0: 0x8000f0b8 (0x00001f17) auipc   t5, 0x1
core   0: 3 0x8000f0b8 (0x00001f17) x30 0x800100b8
core   0: 0x8000f0bc (0xf43f2423) sw      gp, -184(t5)
core   0: 3 0x8000f0bc (0xf43f2423) mem 0x80010000 0x00000001
core   0: 0x8000f0c0 (0x0000bfe5) c.j     pc - 8
core   0: 3 0x8000f0c0 (0xbfe5)
core   0: 0x8000f0b8 (0x00001f17) auipc   t5, 0x1
core   0: 3 0x8000f0b8 (0x00001f17) x30 0x800100b8
core   0: 0x8000f0bc (0xf43f2423) sw      gp, -184(t5)
core   0: 3 0x8000f0bc (0xf43f2423) mem 0x80010000 0x00000001
core   0: 0x8000f0c0 (0x0000bfe5) c.j     pc - 8
core   0: 3 0x8000f0c0 (0xbfe5)
core   0: 0x8000f0b8 (0x00001f17) auipc   t5, 0x1
core   0: 3 0x8000f0b8 (0x00001f17) x30 0x800100b8
core   0: 0x8000f0bc (0xf43f2423) sw      gp, -184(t5)
core   0: 3 0x8000f0bc (0xf43f2423) mem 0x80010000 0x00000001
core   0: 0x8000f0c0 (0x0000bfe5) c.j     pc - 8
core   0: 3 0x8000f0c0 (0xbfe5)
core   0: 0x8000f0b8 (0x00001f17) auipc   t5, 0x1
core   0: 3 0x8000f0b8 (0x00001f17) x30 0x800100b8
core   0: 0x8000f0bc (0xf43f2423) sw      gp, -184(t5)
core   0: 3 0x8000f0bc (0xf43f2423) mem 0x80010000 0x00000001
core   0: 0x8000f0c0 (0x0000bfe5) c.j     pc - 8
core   0: 3 0x8000f0c0 (0xbfe5)
core   0: 0x8000f0b8 (0x00001f17) auipc   t5, 0x1
core   0: 3 0x8000f0b8 (0x00001f17) x30 0x800100b8
core   0: 0x8000f0bc (0xf43f2423) sw      gp, -184(t5)
core   0: 3 0x8000f0bc (0xf43f2423) mem 0x80010000 0x00000001
core   0: 0x8000f0c0 (0x0000bfe5) c.j     pc - 8
core   0: 3 0x8000f0c0 (0xbfe5)
core   0: 0x8000f0b8 (0x00001f17) auipc   t5, 0x1
core   0: 3 0x8000f0b8 (0x00001f17) x30 0x800100b8
core   0: 0x8000f0bc (0xf43f2423) sw      gp, -184(t5)
core   0: 3 0x8000f0bc (0xf43f2423) mem 0x80010000 0x00000001
core   0: 0x8000f0c0 (0x0000bfe5) c.j     pc - 8
core   0: 3 0x8000f0c0 (0xbfe5)
core   0: 0x8000f0b8 (0x00001f17) auipc   t5, 0x1
core   0: 3 0x8000f0b8 (0x00001f17) x30 0x800100b8
core   0: 0x8000f0bc (0xf43f2423) sw      gp, -184(t5)
core   0: 3 0x8000f0bc (0xf43f2423) mem 0x80010000 0x00000001
core   0: 0x8000f0c0 (0x0000bfe5) c.j     pc - 8
core   0: 3 0x8000f0c0 (0xbfe5)
core   0: 0x8000f0b8 (0x00001f17) auipc   t5, 0x1
core   0: 3 0x8000f0b8 (0x00001f17) x30 0x800100b8
core   0: 0x8000f0bc (0xf43f2423) sw      gp, -184(t5)
core   0: 3 0x8000f0bc (0xf43f2423) mem 0x80010000 0x00000001
core   0: 0x8000f0c0 (0x0000bfe5) c.j     pc - 8
core   0: 3 0x8000f0c0 (0xbfe5)
core   0: 0x8000f0b8 (0x00001f17) auipc   t5, 0x1
core   0: 3 0x8000f0b8 (0x00001f17) x30 0x800100b8
core   0: 0x8000f0bc (0xf43f2423) sw      gp, -184(t5)
core   0: 3 0x8000f0bc (0xf43f2423) mem 0x80010000 0x00000001
core   0: 0x8000f0c0 (0x0000bfe5) c.j     pc - 8
core   0: 3 0x8000f0c0 (0xbfe5)
core   0: 0x8000f0b8 (0x00001f17) auipc   t5, 0x1
core   0: 3 0x8000f0b8 (0x00001f17) x30 0x800100b8
core   0: 0x8000f0bc (0xf43f2423) sw      gp, -184(t5)
core   0: 3 0x8000f0bc (0xf43f2423) mem 0x80010000 0x00000001
core   0: 0x8000f0c0 (0x0000bfe5) c.j     pc - 8
core   0: 3 0x8000f0c0 (0xbfe5)
core   0: 0x8000f0b8 (0x00001f17) auipc   t5, 0x1
core   0: 3 0x8000f0b8 (0x00001f17) x30 0x800100b8
core   0: 0x8000f0bc (0xf43f2423) sw      gp, -184(t5)
core   0: 3 0x8000f0bc (0xf43f2423) mem 0x80010000 0x00000001
core   0: 0x8000f0c0 (0x0000bfe5) c.j     pc - 8
core   0: 3 0x8000f0c0 (0xbfe5)
core   0: 0x8000f0b8 (0x00001f17) auipc   t5, 0x1
core   0: 3 0x8000f0b8 (0x00001f17) x30 0x800100b8
core   0: 0x8000f0bc (0xf43f2423) sw      gp, -184(t5)
core   0: 3 0x8000f0bc (0xf43f2423) mem 0x80010000 0x00000001
core   0: 0x8000f0c0 (0x0000bfe5) c.j     pc - 8
core   0: 3 0x8000f0c0 (0xbfe5)
core   0: 0x8000f0b8 (0x00001f17) auipc   t5, 0x1
core   0: 3 0x8000f0b8 (0x00001f17) x30 0x800100b8
core   0: 0x8000f0bc (0xf43f2423) sw      gp, -184(t5)
core   0: 3 0x8000f0bc (0xf43f2423) mem 0x80010000 0x00000001
core   0: 0x8000f0c0 (0x0000bfe5) c.j     pc - 8
core   0: 3 0x8000f0c0 (0xbfe5)
core   0: 0x8000f0b8 (0x00001f17) auipc   t5, 0x1
core   0: 3 0x8000f0b8 (0x00001f17) x30 0x800100b8
core   0: 0x8000f0bc (0xf43f2423) sw      gp, -184(t5)
core   0: 3 0x8000f0bc (0xf43f2423) mem 0x80010000 0x00000001
core   0: 0x8000f0c0 (0x0000bfe5) c.j     pc - 8
core   0: 3 0x8000f0c0 (0xbfe5)
core   0: 0x8000f0b8 (0x00001f17) auipc   t5, 0x1
core   0: 3 0x8000f0b8 (0x00001f17) x30 0x800100b8
core   0: 0x8000f0bc (0xf43f2423) sw      gp, -184(t5)
core   0: 3 0x8000f0bc (0xf43f2423) mem 0x80010000 0x00000001
core   0: 0x8000f0c0 (0x0000bfe5) c.j     pc - 8
core   0: 3 0x8000f0c0 (0xbfe5)
core   0: 0x8000f0b8 (0x00001f17) auipc   t5, 0x1
core   0: 3 0x8000f0b8 (0x00001f17) x30 0x800100b8
core   0: 0x8000f0bc (0xf43f2423) sw      gp, -184(t5)
core   0: 3 0x8000f0bc (0xf43f2423) mem 0x80010000 0x00000001
core   0: 0x8000f0c0 (0x0000bfe5) c.j     pc - 8
core   0: 3 0x8000f0c0 (0xbfe5)
core   0: 0x8000f0b8 (0x00001f17) auipc   t5, 0x1
core   0: 3 0x8000f0b8 (0x00001f17) x30 0x800100b8
core   0: 0x8000f0bc (0xf43f2423) sw      gp, -184(t5)
core   0: 3 0x8000f0bc (0xf43f2423) mem 0x80010000 0x00000001
core   0: 0x8000f0c0 (0x0000bfe5) c.j     pc - 8
core   0: 3 0x8000f0c0 (0xbfe5)
core   0: 0x8000f0b8 (0x00001f17) auipc   t5, 0x1
core   0: 3 0x8000f0b8 (0x00001f17) x30 0x800100b8
core   0: 0x8000f0bc (0xf43f2423) sw      gp, -184(t5)
core   0: 3 0x8000f0bc (0xf43f2423) mem 0x80010000 0x00000001
core   0: 0x8000f0c0 (0x0000bfe5) c.j     pc - 8
core   0: 3 0x8000f0c0 (0xbfe5)
core   0: 0x8000f0b8 (0x00001f17) auipc   t5, 0x1
core   0: 3 0x8000f0b8 (0x00001f17) x30 0x800100b8
core   0: 0x8000f0bc (0xf43f2423) sw      gp, -184(t5)
core   0: 3 0x8000f0bc (0xf43f2423) mem 0x80010000 0x00000001
core   0: 0x8000f0c0 (0x0000bfe5) c.j     pc - 8
core   0: 3 0x8000f0c0 (0xbfe5)
core   0: 0x8000f0b8 (0x00001f17) auipc   t5, 0x1
core   0: 3 0x8000f0b8 (0x00001f17) x30 0x800100b8
core   0: 0x8000f0bc (0xf43f2423) sw      gp, -184(t5)
core   0: 3 0x8000f0bc (0xf43f2423) mem 0x80010000 0x00000001
core   0: 0x8000f0c0 (0x0000bfe5) c.j     pc - 8
core   0: 3 0x8000f0c0 (0xbfe5)
core   0: 0x8000f0b8 (0x00001f17) auipc   t5, 0x1
core   0: 3 0x8000f0b8 (0x00001f17) x30 0x800100b8
core   0: 0x8000f0bc (0xf43f2423) sw      gp, -184(t5)
core   0: 3 0x8000f0bc (0xf43f2423) mem 0x80010000 0x00000001
core   0: 0x8000f0c0 (0x0000bfe5) c.j     pc - 8
core   0: 3 0x8000f0c0 (0xbfe5)
core   0: 0x8000f0b8 (0x00001f17) auipc   t5, 0x1
core   0: 3 0x8000f0b8 (0x00001f17) x30 0x800100b8
core   0: 0x8000f0bc (0xf43f2423) sw      gp, -184(t5)
core   0: 3 0x8000f0bc (0xf43f2423) mem 0x80010000 0x00000001
core   0: 0x8000f0c0 (0x0000bfe5) c.j     pc - 8
core   0: 3 0x8000f0c0 (0xbfe5)
core   0: 0x8000f0b8 (0x00001f17) auipc   t5, 0x1
core   0: 3 0x8000f0b8 (0x00001f17) x30 0x800100b8
core   0: 0x8000f0bc (0xf43f2423) sw      gp, -184(t5)
core   0: 3 0x8000f0bc (0xf43f2423) mem 0x80010000 0x00000001
core   0: 0x8000f0c0 (0x0000bfe5) c.j     pc - 8
core   0: 3 0x8000f0c0 (0xbfe5)
core   0: 0x8000f0b8 (0x00001f17) auipc   t5, 0x1
core   0: 3 0x8000f0b8 (0x00001f17) x30 0x800100b8
core   0: 0x8000f0bc (0xf43f2423) sw      gp, -184(t5)
core   0: 3 0x8000f0bc (0xf43f2423) mem 0x80010000 0x00000001
core   0: 0x8000f0c0 (0x0000bfe5) c.j     pc - 8
core   0: 3 0x8000f0c0 (0xbfe5)
core   0: 0x8000f0b8 (0x00001f17) auipc   t5, 0x1
core   0: 3 0x8000f0b8 (0x00001f17) x30 0x800100b8
core   0: 0x8000f0bc (0xf43f2423) sw      gp, -184(t5)
core   0: 3 0x8000f0bc (0xf43f2423) mem 0x80010000 0x00000001
core   0: 0x8000f0c0 (0x0000bfe5) c.j     pc - 8
core   0: 3 0x8000f0c0 (0xbfe5)
core   0: 0x8000f0b8 (0x00001f17) auipc   t5, 0x1
core   0: 3 0x8000f0b8 (0x00001f17) x30 0x800100b8
core   0: 0x8000f0bc (0xf43f2423) sw      gp, -184(t5)
core   0: 3 0x8000f0bc (0xf43f2423) mem 0x80010000 0x00000001
core   0: 0x8000f0c0 (0x0000bfe5) c.j     pc - 8
core   0: 3 0x8000f0c0 (0xbfe5)
core   0: 0x8000f0b8 (0x00001f17) auipc   t5, 0x1
core   0: 3 0x8000f0b8 (0x00001f17) x30 0x800100b8
core   0: 0x8000f0bc (0xf43f2423) sw      gp, -184(t5)
core   0: 3 0x8000f0bc (0xf43f2423) mem 0x80010000 0x00000001
core   0: 0x8000f0c0 (0x0000bfe5) c.j     pc - 8
core   0: 3 0x8000f0c0 (0xbfe5)
core   0: 0x8000f0b8 (0x00001f17) auipc   t5, 0x1
core   0: 3 0x8000f0b8 (0x00001f17) x30 0x800100b8
core   0: 0x8000f0bc (0xf43f2423) sw      gp, -184(t5)
core   0: 3 0x8000f0bc (0xf43f2423) mem 0x80010000 0x00000001
core   0: 0x8000f0c0 (0x0000bfe5) c.j     pc - 8
core   0: 3 0x8000f0c0 (0xbfe5)
core   0: 0x8000f0b8 (0x00001f17) auipc   t5, 0x1
core   0: 3 0x8000f0b8 (0x00001f17) x30 0x800100b8
core   0: 0x8000f0bc (0xf43f2423) sw      gp, -184(t5)
core   0: 3 0x8000f0bc (0xf43f2423) mem 0x80010000 0x00000001
core   0: 0x8000f0c0 (0x0000bfe5) c.j     pc - 8
core   0: 3 0x8000f0c0 (0xbfe5)
core   0: 0x8000f0b8 (0x00001f17) auipc   t5, 0x1
core   0: 3 0x8000f0b8 (0x00001f17) x30 0x800100b8
core   0: 0x8000f0bc (0xf43f2423) sw      gp, -184(t5)
core   0: 3 0x8000f0bc (0xf43f2423) mem 0x80010000 0x00000001
core   0: 0x8000f0c0 (0x0000bfe5) c.j     pc - 8
core   0: 3 0x8000f0c0 (0xbfe5)
core   0: 0x8000f0b8 (0x00001f17) auipc   t5, 0x1
core   0: 3 0x8000f0b8 (0x00001f17) x30 0x800100b8
core   0: 0x8000f0bc (0xf43f2423) sw      gp, -184(t5)
core   0: 3 0x8000f0bc (0xf43f2423) mem 0x80010000 0x00000001
core   0: 0x8000f0c0 (0x0000bfe5) c.j     pc - 8
core   0: 3 0x8000f0c0 (0xbfe5)
core   0: 0x8000f0b8 (0x00001f17) auipc   t5, 0x1
core   0: 3 0x8000f0b8 (0x00001f17) x30 0x800100b8
core   0: 0x8000f0bc (0xf43f2423) sw      gp, -184(t5)
core   0: 3 0x8000f0bc (0xf43f2423) mem 0x80010000 0x00000001
core   0: 0x8000f0c0 (0x0000bfe5) c.j     pc - 8
core   0: 3 0x8000f0c0 (0xbfe5)
core   0: 0x8000f0b8 (0x00001f17) auipc   t5, 0x1
core   0: 3 0x8000f0b8 (0x00001f17) x30 0x800100b8
core   0: 0x8000f0bc (0xf43f2423) sw      gp, -184(t5)
core   0: 3 0x8000f0bc (0xf43f2423) mem 0x80010000 0x00000001
core   0: 0x8000f0c0 (0x0000bfe5) c.j     pc - 8
core   0: 3 0x8000f0c0 (0xbfe5)
core   0: 0x8000f0b8 (0x00001f17) auipc   t5, 0x1
core   0: 3 0x8000f0b8 (0x00001f17) x30 0x800100b8
core   0: 0x8000f0bc (0xf43f2423) sw      gp, -184(t5)
core   0: 3 0x8000f0bc (0xf43f2423) mem 0x80010000 0x00000001
core   0: 0x8000f0c0 (0x0000bfe5) c.j     pc - 8
core   0: 3 0x8000f0c0 (0xbfe5)
core   0: 0x8000f0b8 (0x00001f17) auipc   t5, 0x1
core   0: 3 0x8000f0b8 (0x00001f17) x30 0x800100b8
core   0: 0x8000f0bc (0xf43f2423) sw      gp, -184(t5)
core   0: 3 0x8000f0bc (0xf43f2423) mem 0x80010000 0x00000001
core   0: 0x8000f0c0 (0x0000bfe5) c.j     pc - 8
core   0: 3 0x8000f0c0 (0xbfe5)
core   0: 0x8000f0b8 (0x00001f17) auipc   t5, 0x1
core   0: 3 0x8000f0b8 (0x00001f17) x30 0x800100b8
core   0: 0x8000f0bc (0xf43f2423) sw      gp, -184(t5)
core   0: 3 0x8000f0bc (0xf43f2423) mem 0x80010000 0x00000001
core   0: 0x8000f0c0 (0x0000bfe5) c.j     pc - 8
core   0: 3 0x8000f0c0 (0xbfe5)
core   0: 0x8000f0b8 (0x00001f17) auipc   t5, 0x1
core   0: 3 0x8000f0b8 (0x00001f17) x30 0x800100b8
core   0: 0x8000f0bc (0xf43f2423) sw      gp, -184(t5)
core   0: 3 0x8000f0bc (0xf43f2423) mem 0x80010000 0x00000001
core   0: 0x8000f0c0 (0x0000bfe5) c.j     pc - 8
core   0: 3 0x8000f0c0 (0xbfe5)
core   0: 0x8000f0b8 (0x00001f17) auipc   t5, 0x1
core   0: 3 0x8000f0b8 (0x00001f17) x30 0x800100b8
core   0: 0x8000f0bc (0xf43f2423) sw      gp, -184(t5)
core   0: 3 0x8000f0bc (0xf43f2423) mem 0x80010000 0x00000001
core   0: 0x8000f0c0 (0x0000bfe5) c.j     pc - 8
core   0: 3 0x8000f0c0 (0xbfe5)
core   0: 0x8000f0b8 (0x00001f17) auipc   t5, 0x1
core   0: 3 0x8000f0b8 (0x00001f17) x30 0x800100b8
core   0: 0x8000f0bc (0xf43f2423) sw      gp, -184(t5)
core   0: 3 0x8000f0bc (0xf43f2423) mem 0x80010000 0x00000001
core   0: 0x8000f0c0 (0x0000bfe5) c.j     pc - 8
core   0: 3 0x8000f0c0 (0xbfe5)
core   0: 0x8000f0b8 (0x00001f17) auipc   t5, 0x1
core   0: 3 0x8000f0b8 (0x00001f17) x30 0x800100b8
core   0: 0x8000f0bc (0xf43f2423) sw      gp, -184(t5)
core   0: 3 0x8000f0bc (0xf43f2423) mem 0x80010000 0x00000001
core   0: 0x8000f0c0 (0x0000bfe5) c.j     pc - 8
core   0: 3 0x8000f0c0 (0xbfe5)
core   0: 0x8000f0b8 (0x00001f17) auipc   t5, 0x1
core   0: 3 0x8000f0b8 (0x00001f17) x30 0x800100b8
core   0: 0x8000f0bc (0xf43f2423) sw      gp, -184(t5)
core   0: 3 0x8000f0bc (0xf43f2423) mem 0x80010000 0x00000001
core   0: 0x8000f0c0 (0x0000bfe5) c.j     pc - 8
core   0: 3 0x8000f0c0 (0xbfe5)
core   0: 0x8000f0b8 (0x00001f17) auipc   t5, 0x1
core   0: 3 0x8000f0b8 (0x00001f17) x30 0x800100b8
core   0: 0x8000f0bc (0xf43f2423) sw      gp, -184(t5)
core   0: 3 0x8000f0bc (0xf43f2423) mem 0x80010000 0x00000001
core   0: 0x8000f0c0 (0x0000bfe5) c.j     pc - 8
core   0: 3 0x8000f0c0 (0xbfe5)
core   0: 0x8000f0b8 (0x00001f17) auipc   t5, 0x1
core   0: 3 0x8000f0b8 (0x00001f17) x30 0x800100b8
core   0: 0x8000f0bc (0xf43f2423) sw      gp, -184(t5)
core   0: 3 0x8000f0bc (0xf43f2423) mem 0x80010000 0x00000001
core   0: 0x8000f0c0 (0x0000bfe5) c.j     pc - 8
core   0: 3 0x8000f0c0 (0xbfe5)
core   0: 0x8000f0b8 (0x00001f17) auipc   t5, 0x1
core   0: 3 0x8000f0b8 (0x00001f17) x30 0x800100b8
core   0: 0x8000f0bc (0xf43f2423) sw      gp, -184(t5)
core   0: 3 0x8000f0bc (0xf43f2423) mem 0x80010000 0x00000001
core   0: 0x8000f0c0 (0x0000bfe5) c.j     pc - 8
core   0: 3 0x8000f0c0 (0xbfe5)
core   0: 0x8000f0b8 (0x00001f17) auipc   t5, 0x1
core   0: 3 0x8000f0b8 (0x00001f17) x30 0x800100b8
core   0: 0x8000f0bc (0xf43f2423) sw      gp, -184(t5)
core   0: 3 0x8000f0bc (0xf43f2423) mem 0x80010000 0x00000001
core   0: 0x8000f0c0 (0x0000bfe5) c.j     pc - 8
core   0: 3 0x8000f0c0 (0xbfe5)
core   0: 0x8000f0b8 (0x00001f17) auipc   t5, 0x1
core   0: 3 0x8000f0b8 (0x00001f17) x30 0x800100b8
core   0: 0x8000f0bc (0xf43f2423) sw      gp, -184(t5)
core   0: 3 0x8000f0bc (0xf43f2423) mem 0x80010000 0x00000001
core   0: 0x8000f0c0 (0x0000bfe5) c.j     pc - 8
core   0: 3 0x8000f0c0 (0xbfe5)
core   0: 0x8000f0b8 (0x00001f17) auipc   t5, 0x1
core   0: 3 0x8000f0b8 (0x00001f17) x30 0x800100b8
core   0: 0x8000f0bc (0xf43f2423) sw      gp, -184(t5)
core   0: 3 0x8000f0bc (0xf43f2423) mem 0x80010000 0x00000001
core   0: 0x8000f0c0 (0x0000bfe5) c.j     pc - 8
core   0: 3 0x8000f0c0 (0xbfe5)
core   0: 0x8000f0b8 (0x00001f17) auipc   t5, 0x1
core   0: 3 0x8000f0b8 (0x00001f17) x30 0x800100b8
core   0: 0x8000f0bc (0xf43f2423) sw      gp, -184(t5)
core   0: 3 0x8000f0bc (0xf43f2423) mem 0x80010000 0x00000001
core   0: 0x8000f0c0 (0x0000bfe5) c.j     pc - 8
core   0: 3 0x8000f0c0 (0xbfe5)
core   0: 0x8000f0b8 (0x00001f17) auipc   t5, 0x1
core   0: 3 0x8000f0b8 (0x00001f17) x30 0x800100b8
core   0: 0x8000f0bc (0xf43f2423) sw      gp, -184(t5)
core   0: 3 0x8000f0bc (0xf43f2423) mem 0x80010000 0x00000001
core   0: 0x8000f0c0 (0x0000bfe5) c.j     pc - 8
core   0: 3 0x8000f0c0 (0xbfe5)
core   0: 0x8000f0b8 (0x00001f17) auipc   t5, 0x1
core   0: 3 0x8000f0b8 (0x00001f17) x30 0x800100b8
core   0: 0x8000f0bc (0xf43f2423) sw      gp, -184(t5)
core   0: 3 0x8000f0bc (0xf43f2423) mem 0x80010000 0x00000001
core   0: 0x8000f0c0 (0x0000bfe5) c.j     pc - 8
core   0: 3 0x8000f0c0 (0xbfe5)
core   0: 0x8000f0b8 (0x00001f17) auipc   t5, 0x1
core   0: 3 0x8000f0b8 (0x00001f17) x30 0x800100b8
core   0: 0x8000f0bc (0xf43f2423) sw      gp, -184(t5)
core   0: 3 0x8000f0bc (0xf43f2423) mem 0x80010000 0x00000001
core   0: 0x8000f0c0 (0x0000bfe5) c.j     pc - 8
core   0: 3 0x8000f0c0 (0xbfe5)
core   0: 0x8000f0b8 (0x00001f17) auipc   t5, 0x1
core   0: 3 0x8000f0b8 (0x00001f17) x30 0x800100b8
core   0: 0x8000f0bc (0xf43f2423) sw      gp, -184(t5)
core   0: 3 0x8000f0bc (0xf43f2423) mem 0x80010000 0x00000001
core   0: 0x8000f0c0 (0x0000bfe5) c.j     pc - 8
core   0: 3 0x8000f0c0 (0xbfe5)
core   0: 0x8000f0b8 (0x00001f17) auipc   t5, 0x1
core   0: 3 0x8000f0b8 (0x00001f17) x30 0x800100b8
core   0: 0x8000f0bc (0xf43f2423) sw      gp, -184(t5)
core   0: 3 0x8000f0bc (0xf43f2423) mem 0x80010000 0x00000001
core   0: 0x8000f0c0 (0x0000bfe5) c.j     pc - 8
core   0: 3 0x8000f0c0 (0xbfe5)
core   0: 0x8000f0b8 (0x00001f17) auipc   t5, 0x1
core   0: 3 0x8000f0b8 (0x00001f17) x30 0x800100b8
core   0: 0x8000f0bc (0xf43f2423) sw      gp, -184(t5)
core   0: 3 0x8000f0bc (0xf43f2423) mem 0x80010000 0x00000001
core   0: 0x8000f0c0 (0x0000bfe5) c.j     pc - 8
core   0: 3 0x8000f0c0 (0xbfe5)
core   0: 0x8000f0b8 (0x00001f17) auipc   t5, 0x1
core   0: 3 0x8000f0b8 (0x00001f17) x30 0x800100b8
core   0: 0x8000f0bc (0xf43f2423) sw      gp, -184(t5)
core   0: 3 0x8000f0bc (0xf43f2423) mem 0x80010000 0x00000001
core   0: 0x8000f0c0 (0x0000bfe5) c.j     pc - 8
core   0: 3 0x8000f0c0 (0xbfe5)
core   0: 0x8000f0b8 (0x00001f17) auipc   t5, 0x1
core   0: 3 0x8000f0b8 (0x00001f17) x30 0x800100b8
core   0: 0x8000f0bc (0xf43f2423) sw      gp, -184(t5)
core   0: 3 0x8000f0bc (0xf43f2423) mem 0x80010000 0x00000001
core   0: 0x8000f0c0 (0x0000bfe5) c.j     pc - 8
core   0: 3 0x8000f0c0 (0xbfe5)
core   0: 0x8000f0b8 (0x00001f17) auipc   t5, 0x1
core   0: 3 0x8000f0b8 (0x00001f17) x30 0x800100b8
core   0: 0x8000f0bc (0xf43f2423) sw      gp, -184(t5)
core   0: 3 0x8000f0bc (0xf43f2423) mem 0x80010000 0x00000001
core   0: 0x8000f0c0 (0x0000bfe5) c.j     pc - 8
core   0: 3 0x8000f0c0 (0xbfe5)
core   0: 0x8000f0b8 (0x00001f17) auipc   t5, 0x1
core   0: 3 0x8000f0b8 (0x00001f17) x30 0x800100b8
core   0: 0x8000f0bc (0xf43f2423) sw      gp, -184(t5)
core   0: 3 0x8000f0bc (0xf43f2423) mem 0x80010000 0x00000001
core   0: 0x8000f0c0 (0x0000bfe5) c.j     pc - 8
core   0: 3 0x8000f0c0 (0xbfe5)
core   0: 0x8000f0b8 (0x00001f17) auipc   t5, 0x1
core   0: 3 0x8000f0b8 (0x00001f17) x30 0x800100b8
core   0: 0x8000f0bc (0xf43f2423) sw      gp, -184(t5)
core   0: 3 0x8000f0bc (0xf43f2423) mem 0x80010000 0x00000001
core   0: 0x8000f0c0 (0x0000bfe5) c.j     pc - 8
core   0: 3 0x8000f0c0 (0xbfe5)
core   0: 0x8000f0b8 (0x00001f17) auipc   t5, 0x1
core   0: 3 0x8000f0b8 (0x00001f17) x30 0x800100b8
core   0: 0x8000f0bc (0xf43f2423) sw      gp, -184(t5)
core   0: 3 0x8000f0bc (0xf43f2423) mem 0x80010000 0x00000001
core   0: 0x8000f0c0 (0x0000bfe5) c.j     pc - 8
core   0: 3 0x8000f0c0 (0xbfe5)
core   0: 0x8000f0b8 (0x00001f17) auipc   t5, 0x1
core   0: 3 0x8000f0b8 (0x00001f17) x30 0x800100b8
core   0: 0x8000f0bc (0xf43f2423) sw      gp, -184(t5)
core   0: 3 0x8000f0bc (0xf43f2423) mem 0x80010000 0x00000001
core   0: 0x8000f0c0 (0x0000bfe5) c.j     pc - 8
core   0: 3 0x8000f0c0 (0xbfe5)
core   0: 0x8000f0b8 (0x00001f17) auipc   t5, 0x1
core   0: 3 0x8000f0b8 (0x00001f17) x30 0x800100b8
core   0: 0x8000f0bc (0xf43f2423) sw      gp, -184(t5)
core   0: 3 0x8000f0bc (0xf43f2423) mem 0x80010000 0x00000001
core   0: 0x8000f0c0 (0x0000bfe5) c.j     pc - 8
core   0: 3 0x8000f0c0 (0xbfe5)
core   0: 0x8000f0b8 (0x00001f17) auipc   t5, 0x1
core   0: 3 0x8000f0b8 (0x00001f17) x30 0x800100b8
core   0: 0x8000f0bc (0xf43f2423) sw      gp, -184(t5)
core   0: 3 0x8000f0bc (0xf43f2423) mem 0x80010000 0x00000001
core   0: 0x8000f0c0 (0x0000bfe5) c.j     pc - 8
core   0: 3 0x8000f0c0 (0xbfe5)
core   0: 0x8000f0b8 (0x00001f17) auipc   t5, 0x1
core   0: 3 0x8000f0b8 (0x00001f17) x30 0x800100b8
core   0: 0x8000f0bc (0xf43f2423) sw      gp, -184(t5)
core   0: 3 0x8000f0bc (0xf43f2423) mem 0x80010000 0x00000001
core   0: 0x8000f0c0 (0x0000bfe5) c.j     pc - 8
core   0: 3 0x8000f0c0 (0xbfe5)
core   0: 0x8000f0b8 (0x00001f17) auipc   t5, 0x1
core   0: 3 0x8000f0b8 (0x00001f17) x30 0x800100b8
core   0: 0x8000f0bc (0xf43f2423) sw      gp, -184(t5)
core   0: 3 0x8000f0bc (0xf43f2423) mem 0x80010000 0x00000001
core   0: 0x8000f0c0 (0x0000bfe5) c.j     pc - 8
core   0: 3 0x8000f0c0 (0xbfe5)
core   0: 0x8000f0b8 (0x00001f17) auipc   t5, 0x1
core   0: 3 0x8000f0b8 (0x00001f17) x30 0x800100b8
core   0: 0x8000f0bc (0xf43f2423) sw      gp, -184(t5)
core   0: 3 0x8000f0bc (0xf43f2423) mem 0x80010000 0x00000001
core   0: 0x8000f0c0 (0x0000bfe5) c.j     pc - 8
core   0: 3 0x8000f0c0 (0xbfe5)
core   0: 0x8000f0b8 (0x00001f17) auipc   t5, 0x1
core   0: 3 0x8000f0b8 (0x00001f17) x30 0x800100b8
core   0: 0x8000f0bc (0xf43f2423) sw      gp, -184(t5)
core   0: 3 0x8000f0bc (0xf43f2423) mem 0x80010000 0x00000001
core   0: 0x8000f0c0 (0x0000bfe5) c.j     pc - 8
core   0: 3 0x8000f0c0 (0xbfe5)
core   0: 0x8000f0b8 (0x00001f17) auipc   t5, 0x1
core   0: 3 0x8000f0b8 (0x00001f17) x30 0x800100b8
core   0: 0x8000f0bc (0xf43f2423) sw      gp, -184(t5)
core   0: 3 0x8000f0bc (0xf43f2423) mem 0x80010000 0x00000001
core   0: 0x8000f0c0 (0x0000bfe5) c.j     pc - 8
core   0: 3 0x8000f0c0 (0xbfe5)
core   0: 0x8000f0b8 (0x00001f17) auipc   t5, 0x1
core   0: 3 0x8000f0b8 (0x00001f17) x30 0x800100b8
core   0: 0x8000f0bc (0xf43f2423) sw      gp, -184(t5)
core   0: 3 0x8000f0bc (0xf43f2423) mem 0x80010000 0x00000001
core   0: 0x8000f0c0 (0x0000bfe5) c.j     pc - 8
core   0: 3 0x8000f0c0 (0xbfe5)
core   0: 0x8000f0b8 (0x00001f17) auipc   t5, 0x1
core   0: 3 0x8000f0b8 (0x00001f17) x30 0x800100b8
core   0: 0x8000f0bc (0xf43f2423) sw      gp, -184(t5)
core   0: 3 0x8000f0bc (0xf43f2423) mem 0x80010000 0x00000001
core   0: 0x8000f0c0 (0x0000bfe5) c.j     pc - 8
core   0: 3 0x8000f0c0 (0xbfe5)
core   0: 0x8000f0b8 (0x00001f17) auipc   t5, 0x1
core   0: 3 0x8000f0b8 (0x00001f17) x30 0x800100b8
core   0: 0x8000f0bc (0xf43f2423) sw      gp, -184(t5)
core   0: 3 0x8000f0bc (0xf43f2423) mem 0x80010000 0x00000001
core   0: 0x8000f0c0 (0x0000bfe5) c.j     pc - 8
core   0: 3 0x8000f0c0 (0xbfe5)
core   0: 0x8000f0b8 (0x00001f17) auipc   t5, 0x1
core   0: 3 0x8000f0b8 (0x00001f17) x30 0x800100b8
core   0: 0x8000f0bc (0xf43f2423) sw      gp, -184(t5)
core   0: 3 0x8000f0bc (0xf43f2423) mem 0x80010000 0x00000001
core   0: 0x8000f0c0 (0x0000bfe5) c.j     pc - 8
core   0: 3 0x8000f0c0 (0xbfe5)
core   0: 0x8000f0b8 (0x00001f17) auipc   t5, 0x1
core   0: 3 0x8000f0b8 (0x00001f17) x30 0x800100b8
core   0: 0x8000f0bc (0xf43f2423) sw      gp, -184(t5)
core   0: 3 0x8000f0bc (0xf43f2423) mem 0x80010000 0x00000001
core   0: 0x8000f0c0 (0x0000bfe5) c.j     pc - 8
core   0: 3 0x8000f0c0 (0xbfe5)
core   0: 0x8000f0b8 (0x00001f17) auipc   t5, 0x1
core   0: 3 0x8000f0b8 (0x00001f17) x30 0x800100b8
core   0: 0x8000f0bc (0xf43f2423) sw      gp, -184(t5)
core   0: 3 0x8000f0bc (0xf43f2423) mem 0x80010000 0x00000001
core   0: 0x8000f0c0 (0x0000bfe5) c.j     pc - 8
core   0: 3 0x8000f0c0 (0xbfe5)
core   0: 0x8000f0b8 (0x00001f17) auipc   t5, 0x1
core   0: 3 0x8000f0b8 (0x00001f17) x30 0x800100b8
core   0: 0x8000f0bc (0xf43f2423) sw      gp, -184(t5)
core   0: 3 0x8000f0bc (0xf43f2423) mem 0x80010000 0x00000001
core   0: 0x8000f0c0 (0x0000bfe5) c.j     pc - 8
core   0: 3 0x8000f0c0 (0xbfe5)
core   0: 0x8000f0b8 (0x00001f17) auipc   t5, 0x1
core   0: 3 0x8000f0b8 (0x00001f17) x30 0x800100b8
core   0: 0x8000f0bc (0xf43f2423) sw      gp, -184(t5)
core   0: 3 0x8000f0bc (0xf43f2423) mem 0x80010000 0x00000001
core   0: 0x8000f0c0 (0x0000bfe5) c.j     pc - 8
core   0: 3 0x8000f0c0 (0xbfe5)
core   0: 0x8000f0b8 (0x00001f17) auipc   t5, 0x1
core   0: 3 0x8000f0b8 (0x00001f17) x30 0x800100b8
core   0: 0x8000f0bc (0xf43f2423) sw      gp, -184(t5)
core   0: 3 0x8000f0bc (0xf43f2423) mem 0x80010000 0x00000001
core   0: 0x8000f0c0 (0x0000bfe5) c.j     pc - 8
core   0: 3 0x8000f0c0 (0xbfe5)
core   0: 0x8000f0b8 (0x00001f17) auipc   t5, 0x1
core   0: 3 0x8000f0b8 (0x00001f17) x30 0x800100b8
core   0: 0x8000f0bc (0xf43f2423) sw      gp, -184(t5)
core   0: 3 0x8000f0bc (0xf43f2423) mem 0x80010000 0x00000001
core   0: 0x8000f0c0 (0x0000bfe5) c.j     pc - 8
core   0: 3 0x8000f0c0 (0xbfe5)
core   0: 0x8000f0b8 (0x00001f17) auipc   t5, 0x1
core   0: 3 0x8000f0b8 (0x00001f17) x30 0x800100b8
core   0: 0x8000f0bc (0xf43f2423) sw      gp, -184(t5)
core   0: 3 0x8000f0bc (0xf43f2423) mem 0x80010000 0x00000001
core   0: 0x8000f0c0 (0x0000bfe5) c.j     pc - 8
core   0: 3 0x8000f0c0 (0xbfe5)
core   0: 0x8000f0b8 (0x00001f17) auipc   t5, 0x1
core   0: 3 0x8000f0b8 (0x00001f17) x30 0x800100b8
core   0: 0x8000f0bc (0xf43f2423) sw      gp, -184(t5)
core   0: 3 0x8000f0bc (0xf43f2423) mem 0x80010000 0x00000001
core   0: 0x8000f0c0 (0x0000bfe5) c.j     pc - 8
core   0: 3 0x8000f0c0 (0xbfe5)
core   0: 0x8000f0b8 (0x00001f17) auipc   t5, 0x1
core   0: 3 0x8000f0b8 (0x00001f17) x30 0x800100b8
core   0: 0x8000f0bc (0xf43f2423) sw      gp, -184(t5)
core   0: 3 0x8000f0bc (0xf43f2423) mem 0x80010000 0x00000001
core   0: 0x8000f0c0 (0x0000bfe5) c.j     pc - 8
core   0: 3 0x8000f0c0 (0xbfe5)
core   0: 0x8000f0b8 (0x00001f17) auipc   t5, 0x1
core   0: 3 0x8000f0b8 (0x00001f17) x30 0x800100b8
core   0: 0x8000f0bc (0xf43f2423) sw      gp, -184(t5)
core   0: 3 0x8000f0bc (0xf43f2423) mem 0x80010000 0x00000001
core   0: 0x8000f0c0 (0x0000bfe5) c.j     pc - 8
core   0: 3 0x8000f0c0 (0xbfe5)
core   0: 0x8000f0b8 (0x00001f17) auipc   t5, 0x1
core   0: 3 0x8000f0b8 (0x00001f17) x30 0x800100b8
core   0: 0x8000f0bc (0xf43f2423) sw      gp, -184(t5)
core   0: 3 0x8000f0bc (0xf43f2423) mem 0x80010000 0x00000001
core   0: 0x8000f0c0 (0x0000bfe5) c.j     pc - 8
core   0: 3 0x8000f0c0 (0xbfe5)
core   0: 0x8000f0b8 (0x00001f17) auipc   t5, 0x1
core   0: 3 0x8000f0b8 (0x00001f17) x30 0x800100b8
core   0: 0x8000f0bc (0xf43f2423) sw      gp, -184(t5)
core   0: 3 0x8000f0bc (0xf43f2423) mem 0x80010000 0x00000001
core   0: 0x8000f0c0 (0x0000bfe5) c.j     pc - 8
core   0: 3 0x8000f0c0 (0xbfe5)
core   0: 0x8000f0b8 (0x00001f17) auipc   t5, 0x1
core   0: 3 0x8000f0b8 (0x00001f17) x30 0x800100b8
core   0: 0x8000f0bc (0xf43f2423) sw      gp, -184(t5)
core   0: 3 0x8000f0bc (0xf43f2423) mem 0x80010000 0x00000001
core   0: 0x8000f0c0 (0x0000bfe5) c.j     pc - 8
core   0: 3 0x8000f0c0 (0xbfe5)
core   0: 0x8000f0b8 (0x00001f17) auipc   t5, 0x1
core   0: 3 0x8000f0b8 (0x00001f17) x30 0x800100b8
core   0: 0x8000f0bc (0xf43f2423) sw      gp, -184(t5)
core   0: 3 0x8000f0bc (0xf43f2423) mem 0x80010000 0x00000001
core   0: 0x8000f0c0 (0x0000bfe5) c.j     pc - 8
core   0: 3 0x8000f0c0 (0xbfe5)
core   0: 0x8000f0b8 (0x00001f17) auipc   t5, 0x1
core   0: 3 0x8000f0b8 (0x00001f17) x30 0x800100b8
core   0: 0x8000f0bc (0xf43f2423) sw      gp, -184(t5)
core   0: 3 0x8000f0bc (0xf43f2423) mem 0x80010000 0x00000001
core   0: 0x8000f0c0 (0x0000bfe5) c.j     pc - 8
core   0: 3 0x8000f0c0 (0xbfe5)
core   0: 0x8000f0b8 (0x00001f17) auipc   t5, 0x1
core   0: 3 0x8000f0b8 (0x00001f17) x30 0x800100b8
core   0: 0x8000f0bc (0xf43f2423) sw      gp, -184(t5)
core   0: 3 0x8000f0bc (0xf43f2423) mem 0x80010000 0x00000001
core   0: 0x8000f0c0 (0x0000bfe5) c.j     pc - 8
core   0: 3 0x8000f0c0 (0xbfe5)
core   0: 0x8000f0b8 (0x00001f17) auipc   t5, 0x1
core   0: 3 0x8000f0b8 (0x00001f17) x30 0x800100b8
core   0: 0x8000f0bc (0xf43f2423) sw      gp, -184(t5)
core   0: 3 0x8000f0bc (0xf43f2423) mem 0x80010000 0x00000001
core   0: 0x8000f0c0 (0x0000bfe5) c.j     pc - 8
core   0: 3 0x8000f0c0 (0xbfe5)
core   0: 0x8000f0b8 (0x00001f17) auipc   t5, 0x1
core   0: 3 0x8000f0b8 (0x00001f17) x30 0x800100b8
core   0: 0x8000f0bc (0xf43f2423) sw      gp, -184(t5)
core   0: 3 0x8000f0bc (0xf43f2423) mem 0x80010000 0x00000001
core   0: 0x8000f0c0 (0x0000bfe5) c.j     pc - 8
core   0: 3 0x8000f0c0 (0xbfe5)
core   0: 0x8000f0b8 (0x00001f17) auipc   t5, 0x1
core   0: 3 0x8000f0b8 (0x00001f17) x30 0x800100b8
core   0: 0x8000f0bc (0xf43f2423) sw      gp, -184(t5)
core   0: 3 0x8000f0bc (0xf43f2423) mem 0x80010000 0x00000001
core   0: 0x8000f0c0 (0x0000bfe5) c.j     pc - 8
core   0: 3 0x8000f0c0 (0xbfe5)
core   0: 0x8000f0b8 (0x00001f17) auipc   t5, 0x1
core   0: 3 0x8000f0b8 (0x00001f17) x30 0x800100b8
core   0: 0x8000f0bc (0xf43f2423) sw      gp, -184(t5)
core   0: 3 0x8000f0bc (0xf43f2423) mem 0x80010000 0x00000001
core   0: 0x8000f0c0 (0x0000bfe5) c.j     pc - 8
core   0: 3 0x8000f0c0 (0xbfe5)
core   0: 0x8000f0b8 (0x00001f17) auipc   t5, 0x1
core   0: 3 0x8000f0b8 (0x00001f17) x30 0x800100b8
core   0: 0x8000f0bc (0xf43f2423) sw      gp, -184(t5)
core   0: 3 0x8000f0bc (0xf43f2423) mem 0x80010000 0x00000001
core   0: 0x8000f0c0 (0x0000bfe5) c.j     pc - 8
core   0: 3 0x8000f0c0 (0xbfe5)
core   0: 0x8000f0b8 (0x00001f17) auipc   t5, 0x1
core   0: 3 0x8000f0b8 (0x00001f17) x30 0x800100b8
core   0: 0x8000f0bc (0xf43f2423) sw      gp, -184(t5)
core   0: 3 0x8000f0bc (0xf43f2423) mem 0x80010000 0x00000001
core   0: 0x8000f0c0 (0x0000bfe5) c.j     pc - 8
core   0: 3 0x8000f0c0 (0xbfe5)
core   0: 0x8000f0b8 (0x00001f17) auipc   t5, 0x1
core   0: 3 0x8000f0b8 (0x00001f17) x30 0x800100b8
core   0: 0x8000f0bc (0xf43f2423) sw      gp, -184(t5)
core   0: 3 0x8000f0bc (0xf43f2423) mem 0x80010000 0x00000001
core   0: 0x8000f0c0 (0x0000bfe5) c.j     pc - 8
core   0: 3 0x8000f0c0 (0xbfe5)
core   0: 0x8000f0b8 (0x00001f17) auipc   t5, 0x1
core   0: 3 0x8000f0b8 (0x00001f17) x30 0x800100b8
core   0: 0x8000f0bc (0xf43f2423) sw      gp, -184(t5)
core   0: 3 0x8000f0bc (0xf43f2423) mem 0x80010000 0x00000001
core   0: 0x8000f0c0 (0x0000bfe5) c.j     pc - 8
core   0: 3 0x8000f0c0 (0xbfe5)
core   0: 0x8000f0b8 (0x00001f17) auipc   t5, 0x1
core   0: 3 0x8000f0b8 (0x00001f17) x30 0x800100b8
core   0: 0x8000f0bc (0xf43f2423) sw      gp, -184(t5)
core   0: 3 0x8000f0bc (0xf43f2423) mem 0x80010000 0x00000001
core   0: 0x8000f0c0 (0x0000bfe5) c.j     pc - 8
core   0: 3 0x8000f0c0 (0xbfe5)
core   0: 0x8000f0b8 (0x00001f17) auipc   t5, 0x1
core   0: 3 0x8000f0b8 (0x00001f17) x30 0x800100b8
core   0: 0x8000f0bc (0xf43f2423) sw      gp, -184(t5)
core   0: 3 0x8000f0bc (0xf43f2423) mem 0x80010000 0x00000001
core   0: 0x8000f0c0 (0x0000bfe5) c.j     pc - 8
core   0: 3 0x8000f0c0 (0xbfe5)
core   0: 0x8000f0b8 (0x00001f17) auipc   t5, 0x1
core   0: 3 0x8000f0b8 (0x00001f17) x30 0x800100b8
core   0: 0x8000f0bc (0xf43f2423) sw      gp, -184(t5)
core   0: 3 0x8000f0bc (0xf43f2423) mem 0x80010000 0x00000001
core   0: 0x8000f0c0 (0x0000bfe5) c.j     pc - 8
core   0: 3 0x8000f0c0 (0xbfe5)
core   0: 0x8000f0b8 (0x00001f17) auipc   t5, 0x1
core   0: 3 0x8000f0b8 (0x00001f17) x30 0x800100b8
core   0: 0x8000f0bc (0xf43f2423) sw      gp, -184(t5)
core   0: 3 0x8000f0bc (0xf43f2423) mem 0x80010000 0x00000001
core   0: 0x8000f0c0 (0x0000bfe5) c.j     pc - 8
core   0: 3 0x8000f0c0 (0xbfe5)
core   0: 0x8000f0b8 (0x00001f17) auipc   t5, 0x1
core   0: 3 0x8000f0b8 (0x00001f17) x30 0x800100b8
core   0: 0x8000f0bc (0xf43f2423) sw      gp, -184(t5)
core   0: 3 0x8000f0bc (0xf43f2423) mem 0x80010000 0x00000001
core   0: 0x8000f0c0 (0x0000bfe5) c.j     pc - 8
core   0: 3 0x8000f0c0 (0xbfe5)
core   0: 0x8000f0b8 (0x00001f17) auipc   t5, 0x1
core   0: 3 0x8000f0b8 (0x00001f17) x30 0x800100b8
core   0: 0x8000f0bc (0xf43f2423) sw      gp, -184(t5)
core   0: 3 0x8000f0bc (0xf43f2423) mem 0x80010000 0x00000001
core   0: 0x8000f0c0 (0x0000bfe5) c.j     pc - 8
core   0: 3 0x8000f0c0 (0xbfe5)
core   0: 0x8000f0b8 (0x00001f17) auipc   t5, 0x1
core   0: 3 0x8000f0b8 (0x00001f17) x30 0x800100b8
core   0: 0x8000f0bc (0xf43f2423) sw      gp, -184(t5)
core   0: 3 0x8000f0bc (0xf43f2423) mem 0x80010000 0x00000001
core   0: 0x8000f0c0 (0x0000bfe5) c.j     pc - 8
core   0: 3 0x8000f0c0 (0xbfe5)
core   0: 0x8000f0b8 (0x00001f17) auipc   t5, 0x1
core   0: 3 0x8000f0b8 (0x00001f17) x30 0x800100b8
core   0: 0x8000f0bc (0xf43f2423) sw      gp, -184(t5)
core   0: 3 0x8000f0bc (0xf43f2423) mem 0x80010000 0x00000001
core   0: 0x8000f0c0 (0x0000bfe5) c.j     pc - 8
core   0: 3 0x8000f0c0 (0xbfe5)
core   0: 0x8000f0b8 (0x00001f17) auipc   t5, 0x1
core   0: 3 0x8000f0b8 (0x00001f17) x30 0x800100b8
core   0: 0x8000f0bc (0xf43f2423) sw      gp, -184(t5)
core   0: 3 0x8000f0bc (0xf43f2423) mem 0x80010000 0x00000001
core   0: 0x8000f0c0 (0x0000bfe5) c.j     pc - 8
core   0: 3 0x8000f0c0 (0xbfe5)
core   0: 0x8000f0b8 (0x00001f17) auipc   t5, 0x1
core   0: 3 0x8000f0b8 (0x00001f17) x30 0x800100b8
core   0: 0x8000f0bc (0xf43f2423) sw      gp, -184(t5)
core   0: 3 0x8000f0bc (0xf43f2423) mem 0x80010000 0x00000001
core   0: 0x8000f0c0 (0x0000bfe5) c.j     pc - 8
core   0: 3 0x8000f0c0 (0xbfe5)
core   0: 0x8000f0b8 (0x00001f17) auipc   t5, 0x1
core   0: 3 0x8000f0b8 (0x00001f17) x30 0x800100b8
core   0: 0x8000f0bc (0xf43f2423) sw      gp, -184(t5)
core   0: 3 0x8000f0bc (0xf43f2423) mem 0x80010000 0x00000001
core   0: 0x8000f0c0 (0x0000bfe5) c.j     pc - 8
core   0: 3 0x8000f0c0 (0xbfe5)
core   0: 0x8000f0b8 (0x00001f17) auipc   t5, 0x1
core   0: 3 0x8000f0b8 (0x00001f17) x30 0x800100b8
core   0: 0x8000f0bc (0xf43f2423) sw      gp, -184(t5)
core   0: 3 0x8000f0bc (0xf43f2423) mem 0x80010000 0x00000001
core   0: 0x8000f0c0 (0x0000bfe5) c.j     pc - 8
core   0: 3 0x8000f0c0 (0xbfe5)
core   0: 0x8000f0b8 (0x00001f17) auipc   t5, 0x1
core   0: 3 0x8000f0b8 (0x00001f17) x30 0x800100b8
core   0: 0x8000f0bc (0xf43f2423) sw      gp, -184(t5)
core   0: 3 0x8000f0bc (0xf43f2423) mem 0x80010000 0x00000001
core   0: 0x8000f0c0 (0x0000bfe5) c.j     pc - 8
core   0: 3 0x8000f0c0 (0xbfe5)
core   0: 0x8000f0b8 (0x00001f17) auipc   t5, 0x1
core   0: 3 0x8000f0b8 (0x00001f17) x30 0x800100b8
core   0: 0x8000f0bc (0xf43f2423) sw      gp, -184(t5)
core   0: 3 0x8000f0bc (0xf43f2423) mem 0x80010000 0x00000001
core   0: 0x8000f0c0 (0x0000bfe5) c.j     pc - 8
core   0: 3 0x8000f0c0 (0xbfe5)
core   0: 0x8000f0b8 (0x00001f17) auipc   t5, 0x1
core   0: 3 0x8000f0b8 (0x00001f17) x30 0x800100b8
core   0: 0x8000f0bc (0xf43f2423) sw      gp, -184(t5)
core   0: 3 0x8000f0bc (0xf43f2423) mem 0x80010000 0x00000001
core   0: 0x8000f0c0 (0x0000bfe5) c.j     pc - 8
core   0: 3 0x8000f0c0 (0xbfe5)
core   0: 0x8000f0b8 (0x00001f17) auipc   t5, 0x1
core   0: 3 0x8000f0b8 (0x00001f17) x30 0x800100b8
core   0: 0x8000f0bc (0xf43f2423) sw      gp, -184(t5)
core   0: 3 0x8000f0bc (0xf43f2423) mem 0x80010000 0x00000001
core   0: 0x8000f0c0 (0x0000bfe5) c.j     pc - 8
core   0: 3 0x8000f0c0 (0xbfe5)
core   0: 0x8000f0b8 (0x00001f17) auipc   t5, 0x1
core   0: 3 0x8000f0b8 (0x00001f17) x30 0x800100b8
core   0: 0x8000f0bc (0xf43f2423) sw      gp, -184(t5)
core   0: 3 0x8000f0bc (0xf43f2423) mem 0x80010000 0x00000001
core   0: 0x8000f0c0 (0x0000bfe5) c.j     pc - 8
core   0: 3 0x8000f0c0 (0xbfe5)
core   0: 0x8000f0b8 (0x00001f17) auipc   t5, 0x1
core   0: 3 0x8000f0b8 (0x00001f17) x30 0x800100b8
core   0: 0x8000f0bc (0xf43f2423) sw      gp, -184(t5)
core   0: 3 0x8000f0bc (0xf43f2423) mem 0x80010000 0x00000001
core   0: 0x8000f0c0 (0x0000bfe5) c.j     pc - 8
core   0: 3 0x8000f0c0 (0xbfe5)
core   0: 0x8000f0b8 (0x00001f17) auipc   t5, 0x1
core   0: 3 0x8000f0b8 (0x00001f17) x30 0x800100b8
core   0: 0x8000f0bc (0xf43f2423) sw      gp, -184(t5)
core   0: 3 0x8000f0bc (0xf43f2423) mem 0x80010000 0x00000001
core   0: 0x8000f0c0 (0x0000bfe5) c.j     pc - 8
core   0: 3 0x8000f0c0 (0xbfe5)
core   0: 0x8000f0b8 (0x00001f17) auipc   t5, 0x1
core   0: 3 0x8000f0b8 (0x00001f17) x30 0x800100b8
core   0: 0x8000f0bc (0xf43f2423) sw      gp, -184(t5)
core   0: 3 0x8000f0bc (0xf43f2423) mem 0x80010000 0x00000001
core   0: 0x8000f0c0 (0x0000bfe5) c.j     pc - 8
core   0: 3 0x8000f0c0 (0xbfe5)
core   0: 0x8000f0b8 (0x00001f17) auipc   t5, 0x1
core   0: 3 0x8000f0b8 (0x00001f17) x30 0x800100b8
core   0: 0x8000f0bc (0xf43f2423) sw      gp, -184(t5)
core   0: 3 0x8000f0bc (0xf43f2423) mem 0x80010000 0x00000001
core   0: 0x8000f0c0 (0x0000bfe5) c.j     pc - 8
core   0: 3 0x8000f0c0 (0xbfe5)
core   0: 0x8000f0b8 (0x00001f17) auipc   t5, 0x1
core   0: 3 0x8000f0b8 (0x00001f17) x30 0x800100b8
core   0: 0x8000f0bc (0xf43f2423) sw      gp, -184(t5)
core   0: 3 0x8000f0bc (0xf43f2423) mem 0x80010000 0x00000001
core   0: 0x8000f0c0 (0x0000bfe5) c.j     pc - 8
core   0: 3 0x8000f0c0 (0xbfe5)
core   0: 0x8000f0b8 (0x00001f17) auipc   t5, 0x1
core   0: 3 0x8000f0b8 (0x00001f17) x30 0x800100b8
core   0: 0x8000f0bc (0xf43f2423) sw      gp, -184(t5)
core   0: 3 0x8000f0bc (0xf43f2423) mem 0x80010000 0x00000001
core   0: 0x8000f0c0 (0x0000bfe5) c.j     pc - 8
core   0: 3 0x8000f0c0 (0xbfe5)
core   0: 0x8000f0b8 (0x00001f17) auipc   t5, 0x1
core   0: 3 0x8000f0b8 (0x00001f17) x30 0x800100b8
core   0: 0x8000f0bc (0xf43f2423) sw      gp, -184(t5)
core   0: 3 0x8000f0bc (0xf43f2423) mem 0x80010000 0x00000001
core   0: 0x8000f0c0 (0x0000bfe5) c.j     pc - 8
core   0: 3 0x8000f0c0 (0xbfe5)
core   0: 0x8000f0b8 (0x00001f17) auipc   t5, 0x1
core   0: 3 0x8000f0b8 (0x00001f17) x30 0x800100b8
core   0: 0x8000f0bc (0xf43f2423) sw      gp, -184(t5)
core   0: 3 0x8000f0bc (0xf43f2423) mem 0x80010000 0x00000001
core   0: 0x8000f0c0 (0x0000bfe5) c.j     pc - 8
core   0: 3 0x8000f0c0 (0xbfe5)
core   0: 0x8000f0b8 (0x00001f17) auipc   t5, 0x1
core   0: 3 0x8000f0b8 (0x00001f17) x30 0x800100b8
core   0: 0x8000f0bc (0xf43f2423) sw      gp, -184(t5)
core   0: 3 0x8000f0bc (0xf43f2423) mem 0x80010000 0x00000001
core   0: 0x8000f0c0 (0x0000bfe5) c.j     pc - 8
core   0: 3 0x8000f0c0 (0xbfe5)
core   0: 0x8000f0b8 (0x00001f17) auipc   t5, 0x1
core   0: 3 0x8000f0b8 (0x00001f17) x30 0x800100b8
core   0: 0x8000f0bc (0xf43f2423) sw      gp, -184(t5)
core   0: 3 0x8000f0bc (0xf43f2423) mem 0x80010000 0x00000001
core   0: 0x8000f0c0 (0x0000bfe5) c.j     pc - 8
core   0: 3 0x8000f0c0 (0xbfe5)
core   0: 0x8000f0b8 (0x00001f17) auipc   t5, 0x1
core   0: 3 0x8000f0b8 (0x00001f17) x30 0x800100b8
core   0: 0x8000f0bc (0xf43f2423) sw      gp, -184(t5)
core   0: 3 0x8000f0bc (0xf43f2423) mem 0x80010000 0x00000001
core   0: 0x8000f0c0 (0x0000bfe5) c.j     pc - 8
core   0: 3 0x8000f0c0 (0xbfe5)
core   0: 0x8000f0b8 (0x00001f17) auipc   t5, 0x1
core   0: 3 0x8000f0b8 (0x00001f17) x30 0x800100b8
core   0: 0x8000f0bc (0xf43f2423) sw      gp, -184(t5)
core   0: 3 0x8000f0bc (0xf43f2423) mem 0x80010000 0x00000001
core   0: 0x8000f0c0 (0x0000bfe5) c.j     pc - 8
core   0: 3 0x8000f0c0 (0xbfe5)
core   0: 0x8000f0b8 (0x00001f17) auipc   t5, 0x1
core   0: 3 0x8000f0b8 (0x00001f17) x30 0x800100b8
core   0: 0x8000f0bc (0xf43f2423) sw      gp, -184(t5)
core   0: 3 0x8000f0bc (0xf43f2423) mem 0x80010000 0x00000001
core   0: 0x8000f0c0 (0x0000bfe5) c.j     pc - 8
core   0: 3 0x8000f0c0 (0xbfe5)
core   0: 0x8000f0b8 (0x00001f17) auipc   t5, 0x1
core   0: 3 0x8000f0b8 (0x00001f17) x30 0x800100b8
core   0: 0x8000f0bc (0xf43f2423) sw      gp, -184(t5)
core   0: 3 0x8000f0bc (0xf43f2423) mem 0x80010000 0x00000001
core   0: 0x8000f0c0 (0x0000bfe5) c.j     pc - 8
core   0: 3 0x8000f0c0 (0xbfe5)
core   0: 0x8000f0b8 (0x00001f17) auipc   t5, 0x1
core   0: 3 0x8000f0b8 (0x00001f17) x30 0x800100b8
core   0: 0x8000f0bc (0xf43f2423) sw      gp, -184(t5)
core   0: 3 0x8000f0bc (0xf43f2423) mem 0x80010000 0x00000001
core   0: 0x8000f0c0 (0x0000bfe5) c.j     pc - 8
core   0: 3 0x8000f0c0 (0xbfe5)
core   0: 0x8000f0b8 (0x00001f17) auipc   t5, 0x1
core   0: 3 0x8000f0b8 (0x00001f17) x30 0x800100b8
core   0: 0x8000f0bc (0xf43f2423) sw      gp, -184(t5)
core   0: 3 0x8000f0bc (0xf43f2423) mem 0x80010000 0x00000001
core   0: 0x8000f0c0 (0x0000bfe5) c.j     pc - 8
core   0: 3 0x8000f0c0 (0xbfe5)
core   0: 0x8000f0b8 (0x00001f17) auipc   t5, 0x1
core   0: 3 0x8000f0b8 (0x00001f17) x30 0x800100b8
core   0: 0x8000f0bc (0xf43f2423) sw      gp, -184(t5)
core   0: 3 0x8000f0bc (0xf43f2423) mem 0x80010000 0x00000001
core   0: 0x8000f0c0 (0x0000bfe5) c.j     pc - 8
core   0: 3 0x8000f0c0 (0xbfe5)
core   0: 0x8000f0b8 (0x00001f17) auipc   t5, 0x1
core   0: 3 0x8000f0b8 (0x00001f17) x30 0x800100b8
core   0: 0x8000f0bc (0xf43f2423) sw      gp, -184(t5)
core   0: 3 0x8000f0bc (0xf43f2423) mem 0x80010000 0x00000001
core   0: 0x8000f0c0 (0x0000bfe5) c.j     pc - 8
core   0: 3 0x8000f0c0 (0xbfe5)
core   0: 0x8000f0b8 (0x00001f17) auipc   t5, 0x1
core   0: 3 0x8000f0b8 (0x00001f17) x30 0x800100b8
core   0: 0x8000f0bc (0xf43f2423) sw      gp, -184(t5)
core   0: 3 0x8000f0bc (0xf43f2423) mem 0x80010000 0x00000001
core   0: 0x8000f0c0 (0x0000bfe5) c.j     pc - 8
core   0: 3 0x8000f0c0 (0xbfe5)
core   0: 0x8000f0b8 (0x00001f17) auipc   t5, 0x1
core   0: 3 0x8000f0b8 (0x00001f17) x30 0x800100b8
core   0: 0x8000f0bc (0xf43f2423) sw      gp, -184(t5)
core   0: 3 0x8000f0bc (0xf43f2423) mem 0x80010000 0x00000001
core   0: 0x8000f0c0 (0x0000bfe5) c.j     pc - 8
core   0: 3 0x8000f0c0 (0xbfe5)
core   0: 0x8000f0b8 (0x00001f17) auipc   t5, 0x1
core   0: 3 0x8000f0b8 (0x00001f17) x30 0x800100b8
core   0: 0x8000f0bc (0xf43f2423) sw      gp, -184(t5)
core   0: 3 0x8000f0bc (0xf43f2423) mem 0x80010000 0x00000001
core   0: 0x8000f0c0 (0x0000bfe5) c.j     pc - 8
core   0: 3 0x8000f0c0 (0xbfe5)
core   0: 0x8000f0b8 (0x00001f17) auipc   t5, 0x1
core   0: 3 0x8000f0b8 (0x00001f17) x30 0x800100b8
core   0: 0x8000f0bc (0xf43f2423) sw      gp, -184(t5)
core   0: 3 0x8000f0bc (0xf43f2423) mem 0x80010000 0x00000001
core   0: 0x8000f0c0 (0x0000bfe5) c.j     pc - 8
core   0: 3 0x8000f0c0 (0xbfe5)
core   0: 0x8000f0b8 (0x00001f17) auipc   t5, 0x1
core   0: 3 0x8000f0b8 (0x00001f17) x30 0x800100b8
core   0: 0x8000f0bc (0xf43f2423) sw      gp, -184(t5)
core   0: 3 0x8000f0bc (0xf43f2423) mem 0x80010000 0x00000001
core   0: 0x8000f0c0 (0x0000bfe5) c.j     pc - 8
core   0: 3 0x8000f0c0 (0xbfe5)
core   0: 0x8000f0b8 (0x00001f17) auipc   t5, 0x1
core   0: 3 0x8000f0b8 (0x00001f17) x30 0x800100b8
core   0: 0x8000f0bc (0xf43f2423) sw      gp, -184(t5)
core   0: 3 0x8000f0bc (0xf43f2423) mem 0x80010000 0x00000001
core   0: 0x8000f0c0 (0x0000bfe5) c.j     pc - 8
core   0: 3 0x8000f0c0 (0xbfe5)
core   0: 0x8000f0b8 (0x00001f17) auipc   t5, 0x1
core   0: 3 0x8000f0b8 (0x00001f17) x30 0x800100b8
core   0: 0x8000f0bc (0xf43f2423) sw      gp, -184(t5)
core   0: 3 0x8000f0bc (0xf43f2423) mem 0x80010000 0x00000001
core   0: 0x8000f0c0 (0x0000bfe5) c.j     pc - 8
core   0: 3 0x8000f0c0 (0xbfe5)
core   0: 0x8000f0b8 (0x00001f17) auipc   t5, 0x1
core   0: 3 0x8000f0b8 (0x00001f17) x30 0x800100b8
core   0: 0x8000f0bc (0xf43f2423) sw      gp, -184(t5)
core   0: 3 0x8000f0bc (0xf43f2423) mem 0x80010000 0x00000001
core   0: 0x8000f0c0 (0x0000bfe5) c.j     pc - 8
core   0: 3 0x8000f0c0 (0xbfe5)
core   0: 0x8000f0b8 (0x00001f17) auipc   t5, 0x1
core   0: 3 0x8000f0b8 (0x00001f17) x30 0x800100b8
core   0: 0x8000f0bc (0xf43f2423) sw      gp, -184(t5)
core   0: 3 0x8000f0bc (0xf43f2423) mem 0x80010000 0x00000001
core   0: 0x8000f0c0 (0x0000bfe5) c.j     pc - 8
core   0: 3 0x8000f0c0 (0xbfe5)
core   0: 0x8000f0b8 (0x00001f17) auipc   t5, 0x1
core   0: 3 0x8000f0b8 (0x00001f17) x30 0x800100b8
core   0: 0x8000f0bc (0xf43f2423) sw      gp, -184(t5)
core   0: 3 0x8000f0bc (0xf43f2423) mem 0x80010000 0x00000001
core   0: 0x8000f0c0 (0x0000bfe5) c.j     pc - 8
core   0: 3 0x8000f0c0 (0xbfe5)
core   0: 0x8000f0b8 (0x00001f17) auipc   t5, 0x1
core   0: 3 0x8000f0b8 (0x00001f17) x30 0x800100b8
core   0: 0x8000f0bc (0xf43f2423) sw      gp, -184(t5)
core   0: 3 0x8000f0bc (0xf43f2423) mem 0x80010000 0x00000001
core   0: 0x8000f0c0 (0x0000bfe5) c.j     pc - 8
core   0: 3 0x8000f0c0 (0xbfe5)
core   0: 0x8000f0b8 (0x00001f17) auipc   t5, 0x1
core   0: 3 0x8000f0b8 (0x00001f17) x30 0x800100b8
core   0: 0x8000f0bc (0xf43f2423) sw      gp, -184(t5)
core   0: 3 0x8000f0bc (0xf43f2423) mem 0x80010000 0x00000001
core   0: 0x8000f0c0 (0x0000bfe5) c.j     pc - 8
core   0: 3 0x8000f0c0 (0xbfe5)
core   0: 0x8000f0b8 (0x00001f17) auipc   t5, 0x1
core   0: 3 0x8000f0b8 (0x00001f17) x30 0x800100b8
core   0: 0x8000f0bc (0xf43f2423) sw      gp, -184(t5)
core   0: 3 0x8000f0bc (0xf43f2423) mem 0x80010000 0x00000001
core   0: 0x8000f0c0 (0x0000bfe5) c.j     pc - 8
core   0: 3 0x8000f0c0 (0xbfe5)
core   0: 0x8000f0b8 (0x00001f17) auipc   t5, 0x1
core   0: 3 0x8000f0b8 (0x00001f17) x30 0x800100b8
core   0: 0x8000f0bc (0xf43f2423) sw      gp, -184(t5)
core   0: 3 0x8000f0bc (0xf43f2423) mem 0x80010000 0x00000001
core   0: 0x8000f0c0 (0x0000bfe5) c.j     pc - 8
core   0: 3 0x8000f0c0 (0xbfe5)
core   0: 0x8000f0b8 (0x00001f17) auipc   t5, 0x1
core   0: 3 0x8000f0b8 (0x00001f17) x30 0x800100b8
core   0: 0x8000f0bc (0xf43f2423) sw      gp, -184(t5)
core   0: 3 0x8000f0bc (0xf43f2423) mem 0x80010000 0x00000001
core   0: 0x8000f0c0 (0x0000bfe5) c.j     pc - 8
core   0: 3 0x8000f0c0 (0xbfe5)
core   0: 0x8000f0b8 (0x00001f17) auipc   t5, 0x1
core   0: 3 0x8000f0b8 (0x00001f17) x30 0x800100b8
core   0: 0x8000f0bc (0xf43f2423) sw      gp, -184(t5)
core   0: 3 0x8000f0bc (0xf43f2423) mem 0x80010000 0x00000001
core   0: 0x8000f0c0 (0x0000bfe5) c.j     pc - 8
core   0: 3 0x8000f0c0 (0xbfe5)
core   0: 0x8000f0b8 (0x00001f17) auipc   t5, 0x1
core   0: 3 0x8000f0b8 (0x00001f17) x30 0x800100b8
core   0: 0x8000f0bc (0xf43f2423) sw      gp, -184(t5)
core   0: 3 0x8000f0bc (0xf43f2423) mem 0x80010000 0x00000001
core   0: 0x8000f0c0 (0x0000bfe5) c.j     pc - 8
core   0: 3 0x8000f0c0 (0xbfe5)
core   0: 0x8000f0b8 (0x00001f17) auipc   t5, 0x1
core   0: 3 0x8000f0b8 (0x00001f17) x30 0x800100b8
core   0: 0x8000f0bc (0xf43f2423) sw      gp, -184(t5)
core   0: 3 0x8000f0bc (0xf43f2423) mem 0x80010000 0x00000001
core   0: 0x8000f0c0 (0x0000bfe5) c.j     pc - 8
core   0: 3 0x8000f0c0 (0xbfe5)
core   0: 0x8000f0b8 (0x00001f17) auipc   t5, 0x1
core   0: 3 0x8000f0b8 (0x00001f17) x30 0x800100b8
core   0: 0x8000f0bc (0xf43f2423) sw      gp, -184(t5)
core   0: 3 0x8000f0bc (0xf43f2423) mem 0x80010000 0x00000001
core   0: 0x8000f0c0 (0x0000bfe5) c.j     pc - 8
core   0: 3 0x8000f0c0 (0xbfe5)
core   0: 0x8000f0b8 (0x00001f17) auipc   t5, 0x1
core   0: 3 0x8000f0b8 (0x00001f17) x30 0x800100b8
core   0: 0x8000f0bc (0xf43f2423) sw      gp, -184(t5)
core   0: 3 0x8000f0bc (0xf43f2423) mem 0x80010000 0x00000001
core   0: 0x8000f0c0 (0x0000bfe5) c.j     pc - 8
core   0: 3 0x8000f0c0 (0xbfe5)
core   0: 0x8000f0b8 (0x00001f17) auipc   t5, 0x1
core   0: 3 0x8000f0b8 (0x00001f17) x30 0x800100b8
core   0: 0x8000f0bc (0xf43f2423) sw      gp, -184(t5)
core   0: 3 0x8000f0bc (0xf43f2423) mem 0x80010000 0x00000001
core   0: 0x8000f0c0 (0x0000bfe5) c.j     pc - 8
core   0: 3 0x8000f0c0 (0xbfe5)
core   0: 0x8000f0b8 (0x00001f17) auipc   t5, 0x1
core   0: 3 0x8000f0b8 (0x00001f17) x30 0x800100b8
core   0: 0x8000f0bc (0xf43f2423) sw      gp, -184(t5)
core   0: 3 0x8000f0bc (0xf43f2423) mem 0x80010000 0x00000001
core   0: 0x8000f0c0 (0x0000bfe5) c.j     pc - 8
core   0: 3 0x8000f0c0 (0xbfe5)
core   0: 0x8000f0b8 (0x00001f17) auipc   t5, 0x1
core   0: 3 0x8000f0b8 (0x00001f17) x30 0x800100b8
core   0: 0x8000f0bc (0xf43f2423) sw      gp, -184(t5)
core   0: 3 0x8000f0bc (0xf43f2423) mem 0x80010000 0x00000001
core   0: 0x8000f0c0 (0x0000bfe5) c.j     pc - 8
core   0: 3 0x8000f0c0 (0xbfe5)
core   0: 0x8000f0b8 (0x00001f17) auipc   t5, 0x1
core   0: 3 0x8000f0b8 (0x00001f17) x30 0x800100b8
core   0: 0x8000f0bc (0xf43f2423) sw      gp, -184(t5)
core   0: 3 0x8000f0bc (0xf43f2423) mem 0x80010000 0x00000001
core   0: 0x8000f0c0 (0x0000bfe5) c.j     pc - 8
core   0: 3 0x8000f0c0 (0xbfe5)
core   0: 0x8000f0b8 (0x00001f17) auipc   t5, 0x1
core   0: 3 0x8000f0b8 (0x00001f17) x30 0x800100b8
core   0: 0x8000f0bc (0xf43f2423) sw      gp, -184(t5)
core   0: 3 0x8000f0bc (0xf43f2423) mem 0x80010000 0x00000001
core   0: 0x8000f0c0 (0x0000bfe5) c.j     pc - 8
core   0: 3 0x8000f0c0 (0xbfe5)
core   0: 0x8000f0b8 (0x00001f17) auipc   t5, 0x1
core   0: 3 0x8000f0b8 (0x00001f17) x30 0x800100b8
core   0: 0x8000f0bc (0xf43f2423) sw      gp, -184(t5)
core   0: 3 0x8000f0bc (0xf43f2423) mem 0x80010000 0x00000001
core   0: 0x8000f0c0 (0x0000bfe5) c.j     pc - 8
core   0: 3 0x8000f0c0 (0xbfe5)
core   0: 0x8000f0b8 (0x00001f17) auipc   t5, 0x1
core   0: 3 0x8000f0b8 (0x00001f17) x30 0x800100b8
core   0: 0x8000f0bc (0xf43f2423) sw      gp, -184(t5)
core   0: 3 0x8000f0bc (0xf43f2423) mem 0x80010000 0x00000001
core   0: 0x8000f0c0 (0x0000bfe5) c.j     pc - 8
core   0: 3 0x8000f0c0 (0xbfe5)
core   0: 0x8000f0b8 (0x00001f17) auipc   t5, 0x1
core   0: 3 0x8000f0b8 (0x00001f17) x30 0x800100b8
core   0: 0x8000f0bc (0xf43f2423) sw      gp, -184(t5)
core   0: 3 0x8000f0bc (0xf43f2423) mem 0x80010000 0x00000001
core   0: 0x8000f0c0 (0x0000bfe5) c.j     pc - 8
core   0: 3 0x8000f0c0 (0xbfe5)
core   0: 0x8000f0b8 (0x00001f17) auipc   t5, 0x1
core   0: 3 0x8000f0b8 (0x00001f17) x30 0x800100b8
core   0: 0x8000f0bc (0xf43f2423) sw      gp, -184(t5)
core   0: 3 0x8000f0bc (0xf43f2423) mem 0x80010000 0x00000001
core   0: 0x8000f0c0 (0x0000bfe5) c.j     pc - 8
core   0: 3 0x8000f0c0 (0xbfe5)
core   0: 0x8000f0b8 (0x00001f17) auipc   t5, 0x1
core   0: 3 0x8000f0b8 (0x00001f17) x30 0x800100b8
core   0: 0x8000f0bc (0xf43f2423) sw      gp, -184(t5)
core   0: 3 0x8000f0bc (0xf43f2423) mem 0x80010000 0x00000001
core   0: 0x8000f0c0 (0x0000bfe5) c.j     pc - 8
core   0: 3 0x8000f0c0 (0xbfe5)
core   0: 0x8000f0b8 (0x00001f17) auipc   t5, 0x1
core   0: 3 0x8000f0b8 (0x00001f17) x30 0x800100b8
core   0: 0x8000f0bc (0xf43f2423) sw      gp, -184(t5)
core   0: 3 0x8000f0bc (0xf43f2423) mem 0x80010000 0x00000001
core   0: 0x8000f0c0 (0x0000bfe5) c.j     pc - 8
core   0: 3 0x8000f0c0 (0xbfe5)
core   0: 0x8000f0b8 (0x00001f17) auipc   t5, 0x1
core   0: 3 0x8000f0b8 (0x00001f17) x30 0x800100b8
core   0: 0x8000f0bc (0xf43f2423) sw      gp, -184(t5)
core   0: 3 0x8000f0bc (0xf43f2423) mem 0x80010000 0x00000001
core   0: 0x8000f0c0 (0x0000bfe5) c.j     pc - 8
core   0: 3 0x8000f0c0 (0xbfe5)
core   0: 0x8000f0b8 (0x00001f17) auipc   t5, 0x1
core   0: 3 0x8000f0b8 (0x00001f17) x30 0x800100b8
core   0: 0x8000f0bc (0xf43f2423) sw      gp, -184(t5)
core   0: 3 0x8000f0bc (0xf43f2423) mem 0x80010000 0x00000001
core   0: 0x8000f0c0 (0x0000bfe5) c.j     pc - 8
core   0: 3 0x8000f0c0 (0xbfe5)
core   0: 0x8000f0b8 (0x00001f17) auipc   t5, 0x1
core   0: 3 0x8000f0b8 (0x00001f17) x30 0x800100b8
core   0: 0x8000f0bc (0xf43f2423) sw      gp, -184(t5)
core   0: 3 0x8000f0bc (0xf43f2423) mem 0x80010000 0x00000001
core   0: 0x8000f0c0 (0x0000bfe5) c.j     pc - 8
core   0: 3 0x8000f0c0 (0xbfe5)
core   0: 0x8000f0b8 (0x00001f17) auipc   t5, 0x1
core   0: 3 0x8000f0b8 (0x00001f17) x30 0x800100b8
core   0: 0x8000f0bc (0xf43f2423) sw      gp, -184(t5)
core   0: 3 0x8000f0bc (0xf43f2423) mem 0x80010000 0x00000001
core   0: 0x8000f0c0 (0x0000bfe5) c.j     pc - 8
core   0: 3 0x8000f0c0 (0xbfe5)
core   0: 0x8000f0b8 (0x00001f17) auipc   t5, 0x1
core   0: 3 0x8000f0b8 (0x00001f17) x30 0x800100b8
core   0: 0x8000f0bc (0xf43f2423) sw      gp, -184(t5)
core   0: 3 0x8000f0bc (0xf43f2423) mem 0x80010000 0x00000001
core   0: 0x8000f0c0 (0x0000bfe5) c.j     pc - 8
core   0: 3 0x8000f0c0 (0xbfe5)
core   0: 0x8000f0b8 (0x00001f17) auipc   t5, 0x1
core   0: 3 0x8000f0b8 (0x00001f17) x30 0x800100b8
core   0: 0x8000f0bc (0xf43f2423) sw      gp, -184(t5)
core   0: 3 0x8000f0bc (0xf43f2423) mem 0x80010000 0x00000001
core   0: 0x8000f0c0 (0x0000bfe5) c.j     pc - 8
core   0: 3 0x8000f0c0 (0xbfe5)
core   0: 0x8000f0b8 (0x00001f17) auipc   t5, 0x1
core   0: 3 0x8000f0b8 (0x00001f17) x30 0x800100b8
core   0: 0x8000f0bc (0xf43f2423) sw      gp, -184(t5)
core   0: 3 0x8000f0bc (0xf43f2423) mem 0x80010000 0x00000001
core   0: 0x8000f0c0 (0x0000bfe5) c.j     pc - 8
core   0: 3 0x8000f0c0 (0xbfe5)
core   0: 0x8000f0b8 (0x00001f17) auipc   t5, 0x1
core   0: 3 0x8000f0b8 (0x00001f17) x30 0x800100b8
core   0: 0x8000f0bc (0xf43f2423) sw      gp, -184(t5)
core   0: 3 0x8000f0bc (0xf43f2423) mem 0x80010000 0x00000001
core   0: 0x8000f0c0 (0x0000bfe5) c.j     pc - 8
core   0: 3 0x8000f0c0 (0xbfe5)
core   0: 0x8000f0b8 (0x00001f17) auipc   t5, 0x1
core   0: 3 0x8000f0b8 (0x00001f17) x30 0x800100b8
core   0: 0x8000f0bc (0xf43f2423) sw      gp, -184(t5)
core   0: 3 0x8000f0bc (0xf43f2423) mem 0x80010000 0x00000001
core   0: 0x8000f0c0 (0x0000bfe5) c.j     pc - 8
core   0: 3 0x8000f0c0 (0xbfe5)
core   0: 0x8000f0b8 (0x00001f17) auipc   t5, 0x1
core   0: 3 0x8000f0b8 (0x00001f17) x30 0x800100b8
core   0: 0x8000f0bc (0xf43f2423) sw      gp, -184(t5)
core   0: 3 0x8000f0bc (0xf43f2423) mem 0x80010000 0x00000001
core   0: 0x8000f0c0 (0x0000bfe5) c.j     pc - 8
core   0: 3 0x8000f0c0 (0xbfe5)
core   0: 0x8000f0b8 (0x00001f17) auipc   t5, 0x1
core   0: 3 0x8000f0b8 (0x00001f17) x30 0x800100b8
core   0: 0x8000f0bc (0xf43f2423) sw      gp, -184(t5)
core   0: 3 0x8000f0bc (0xf43f2423) mem 0x80010000 0x00000001
core   0: 0x8000f0c0 (0x0000bfe5) c.j     pc - 8
core   0: 3 0x8000f0c0 (0xbfe5)
core   0: 0x8000f0b8 (0x00001f17) auipc   t5, 0x1
core   0: 3 0x8000f0b8 (0x00001f17) x30 0x800100b8
core   0: 0x8000f0bc (0xf43f2423) sw      gp, -184(t5)
core   0: 3 0x8000f0bc (0xf43f2423) mem 0x80010000 0x00000001
core   0: 0x8000f0c0 (0x0000bfe5) c.j     pc - 8
core   0: 3 0x8000f0c0 (0xbfe5)
core   0: 0x8000f0b8 (0x00001f17) auipc   t5, 0x1
core   0: 3 0x8000f0b8 (0x00001f17) x30 0x800100b8
core   0: 0x8000f0bc (0xf43f2423) sw      gp, -184(t5)
core   0: 3 0x8000f0bc (0xf43f2423) mem 0x80010000 0x00000001
core   0: 0x8000f0c0 (0x0000bfe5) c.j     pc - 8
core   0: 3 0x8000f0c0 (0xbfe5)
core   0: 0x8000f0b8 (0x00001f17) auipc   t5, 0x1
core   0: 3 0x8000f0b8 (0x00001f17) x30 0x800100b8
core   0: 0x8000f0bc (0xf43f2423) sw      gp, -184(t5)
core   0: 3 0x8000f0bc (0xf43f2423) mem 0x80010000 0x00000001
core   0: 0x8000f0c0 (0x0000bfe5) c.j     pc - 8
core   0: 3 0x8000f0c0 (0xbfe5)
core   0: 0x8000f0b8 (0x00001f17) auipc   t5, 0x1
core   0: 3 0x8000f0b8 (0x00001f17) x30 0x800100b8
core   0: 0x8000f0bc (0xf43f2423) sw      gp, -184(t5)
core   0: 3 0x8000f0bc (0xf43f2423) mem 0x80010000 0x00000001
core   0: 0x8000f0c0 (0x0000bfe5) c.j     pc - 8
core   0: 3 0x8000f0c0 (0xbfe5)
core   0: 0x8000f0b8 (0x00001f17) auipc   t5, 0x1
core   0: 3 0x8000f0b8 (0x00001f17) x30 0x800100b8
core   0: 0x8000f0bc (0xf43f2423) sw      gp, -184(t5)
core   0: 3 0x8000f0bc (0xf43f2423) mem 0x80010000 0x00000001
core   0: 0x8000f0c0 (0x0000bfe5) c.j     pc - 8
core   0: 3 0x8000f0c0 (0xbfe5)
core   0: 0x8000f0b8 (0x00001f17) auipc   t5, 0x1
core   0: 3 0x8000f0b8 (0x00001f17) x30 0x800100b8
core   0: 0x8000f0bc (0xf43f2423) sw      gp, -184(t5)
core   0: 3 0x8000f0bc (0xf43f2423) mem 0x80010000 0x00000001
core   0: 0x8000f0c0 (0x0000bfe5) c.j     pc - 8
core   0: 3 0x8000f0c0 (0xbfe5)
core   0: 0x8000f0b8 (0x00001f17) auipc   t5, 0x1
core   0: 3 0x8000f0b8 (0x00001f17) x30 0x800100b8
core   0: 0x8000f0bc (0xf43f2423) sw      gp, -184(t5)
core   0: 3 0x8000f0bc (0xf43f2423) mem 0x80010000 0x00000001
core   0: 0x8000f0c0 (0x0000bfe5) c.j     pc - 8
core   0: 3 0x8000f0c0 (0xbfe5)
core   0: 0x8000f0b8 (0x00001f17) auipc   t5, 0x1
core   0: 3 0x8000f0b8 (0x00001f17) x30 0x800100b8
core   0: 0x8000f0bc (0xf43f2423) sw      gp, -184(t5)
core   0: 3 0x8000f0bc (0xf43f2423) mem 0x80010000 0x00000001
core   0: 0x8000f0c0 (0x0000bfe5) c.j     pc - 8
core   0: 3 0x8000f0c0 (0xbfe5)
core   0: 0x8000f0b8 (0x00001f17) auipc   t5, 0x1
core   0: 3 0x8000f0b8 (0x00001f17) x30 0x800100b8
core   0: 0x8000f0bc (0xf43f2423) sw      gp, -184(t5)
core   0: 3 0x8000f0bc (0xf43f2423) mem 0x80010000 0x00000001
core   0: 0x8000f0c0 (0x0000bfe5) c.j     pc - 8
core   0: 3 0x8000f0c0 (0xbfe5)
core   0: 0x8000f0b8 (0x00001f17) auipc   t5, 0x1
core   0: 3 0x8000f0b8 (0x00001f17) x30 0x800100b8
core   0: 0x8000f0bc (0xf43f2423) sw      gp, -184(t5)
core   0: 3 0x8000f0bc (0xf43f2423) mem 0x80010000 0x00000001
core   0: 0x8000f0c0 (0x0000bfe5) c.j     pc - 8
core   0: 3 0x8000f0c0 (0xbfe5)
core   0: 0x8000f0b8 (0x00001f17) auipc   t5, 0x1
core   0: 3 0x8000f0b8 (0x00001f17) x30 0x800100b8
core   0: 0x8000f0bc (0xf43f2423) sw      gp, -184(t5)
core   0: 3 0x8000f0bc (0xf43f2423) mem 0x80010000 0x00000001
core   0: 0x8000f0c0 (0x0000bfe5) c.j     pc - 8
core   0: 3 0x8000f0c0 (0xbfe5)
core   0: 0x8000f0b8 (0x00001f17) auipc   t5, 0x1
core   0: 3 0x8000f0b8 (0x00001f17) x30 0x800100b8
core   0: 0x8000f0bc (0xf43f2423) sw      gp, -184(t5)
core   0: 3 0x8000f0bc (0xf43f2423) mem 0x80010000 0x00000001
core   0: 0x8000f0c0 (0x0000bfe5) c.j     pc - 8
core   0: 3 0x8000f0c0 (0xbfe5)
core   0: 0x8000f0b8 (0x00001f17) auipc   t5, 0x1
core   0: 3 0x8000f0b8 (0x00001f17) x30 0x800100b8
core   0: 0x8000f0bc (0xf43f2423) sw      gp, -184(t5)
core   0: 3 0x8000f0bc (0xf43f2423) mem 0x80010000 0x00000001
core   0: 0x8000f0c0 (0x0000bfe5) c.j     pc - 8
core   0: 3 0x8000f0c0 (0xbfe5)
core   0: 0x8000f0b8 (0x00001f17) auipc   t5, 0x1
core   0: 3 0x8000f0b8 (0x00001f17) x30 0x800100b8
core   0: 0x8000f0bc (0xf43f2423) sw      gp, -184(t5)
core   0: 3 0x8000f0bc (0xf43f2423) mem 0x80010000 0x00000001
core   0: 0x8000f0c0 (0x0000bfe5) c.j     pc - 8
core   0: 3 0x8000f0c0 (0xbfe5)
core   0: 0x8000f0b8 (0x00001f17) auipc   t5, 0x1
core   0: 3 0x8000f0b8 (0x00001f17) x30 0x800100b8
core   0: 0x8000f0bc (0xf43f2423) sw      gp, -184(t5)
core   0: 3 0x8000f0bc (0xf43f2423) mem 0x80010000 0x00000001
core   0: 0x8000f0c0 (0x0000bfe5) c.j     pc - 8
core   0: 3 0x8000f0c0 (0xbfe5)
core   0: 0x8000f0b8 (0x00001f17) auipc   t5, 0x1
core   0: 3 0x8000f0b8 (0x00001f17) x30 0x800100b8
core   0: 0x8000f0bc (0xf43f2423) sw      gp, -184(t5)
core   0: 3 0x8000f0bc (0xf43f2423) mem 0x80010000 0x00000001
core   0: 0x8000f0c0 (0x0000bfe5) c.j     pc - 8
core   0: 3 0x8000f0c0 (0xbfe5)
core   0: 0x8000f0b8 (0x00001f17) auipc   t5, 0x1
core   0: 3 0x8000f0b8 (0x00001f17) x30 0x800100b8
core   0: 0x8000f0bc (0xf43f2423) sw      gp, -184(t5)
core   0: 3 0x8000f0bc (0xf43f2423) mem 0x80010000 0x00000001
core   0: 0x8000f0c0 (0x0000bfe5) c.j     pc - 8
core   0: 3 0x8000f0c0 (0xbfe5)
core   0: 0x8000f0b8 (0x00001f17) auipc   t5, 0x1
core   0: 3 0x8000f0b8 (0x00001f17) x30 0x800100b8
core   0: 0x8000f0bc (0xf43f2423) sw      gp, -184(t5)
core   0: 3 0x8000f0bc (0xf43f2423) mem 0x80010000 0x00000001
core   0: 0x8000f0c0 (0x0000bfe5) c.j     pc - 8
core   0: 3 0x8000f0c0 (0xbfe5)
core   0: 0x8000f0b8 (0x00001f17) auipc   t5, 0x1
core   0: 3 0x8000f0b8 (0x00001f17) x30 0x800100b8
core   0: 0x8000f0bc (0xf43f2423) sw      gp, -184(t5)
core   0: 3 0x8000f0bc (0xf43f2423) mem 0x80010000 0x00000001
core   0: 0x8000f0c0 (0x0000bfe5) c.j     pc - 8
core   0: 3 0x8000f0c0 (0xbfe5)
core   0: 0x8000f0b8 (0x00001f17) auipc   t5, 0x1
core   0: 3 0x8000f0b8 (0x00001f17) x30 0x800100b8
core   0: 0x8000f0bc (0xf43f2423) sw      gp, -184(t5)
core   0: 3 0x8000f0bc (0xf43f2423) mem 0x80010000 0x00000001
core   0: 0x8000f0c0 (0x0000bfe5) c.j     pc - 8
core   0: 3 0x8000f0c0 (0xbfe5)
core   0: 0x8000f0b8 (0x00001f17) auipc   t5, 0x1
core   0: 3 0x8000f0b8 (0x00001f17) x30 0x800100b8
core   0: 0x8000f0bc (0xf43f2423) sw      gp, -184(t5)
core   0: 3 0x8000f0bc (0xf43f2423) mem 0x80010000 0x00000001
core   0: 0x8000f0c0 (0x0000bfe5) c.j     pc - 8
core   0: 3 0x8000f0c0 (0xbfe5)
core   0: 0x8000f0b8 (0x00001f17) auipc   t5, 0x1
core   0: 3 0x8000f0b8 (0x00001f17) x30 0x800100b8
core   0: 0x8000f0bc (0xf43f2423) sw      gp, -184(t5)
core   0: 3 0x8000f0bc (0xf43f2423) mem 0x80010000 0x00000001
core   0: 0x8000f0c0 (0x0000bfe5) c.j     pc - 8
core   0: 3 0x8000f0c0 (0xbfe5)
core   0: 0x8000f0b8 (0x00001f17) auipc   t5, 0x1
core   0: 3 0x8000f0b8 (0x00001f17) x30 0x800100b8
core   0: 0x8000f0bc (0xf43f2423) sw      gp, -184(t5)
core   0: 3 0x8000f0bc (0xf43f2423) mem 0x80010000 0x00000001
core   0: 0x8000f0c0 (0x0000bfe5) c.j     pc - 8
core   0: 3 0x8000f0c0 (0xbfe5)
core   0: 0x8000f0b8 (0x00001f17) auipc   t5, 0x1
core   0: 3 0x8000f0b8 (0x00001f17) x30 0x800100b8
core   0: 0x8000f0bc (0xf43f2423) sw      gp, -184(t5)
core   0: 3 0x8000f0bc (0xf43f2423) mem 0x80010000 0x00000001
core   0: 0x8000f0c0 (0x0000bfe5) c.j     pc - 8
core   0: 3 0x8000f0c0 (0xbfe5)
core   0: 0x8000f0b8 (0x00001f17) auipc   t5, 0x1
core   0: 3 0x8000f0b8 (0x00001f17) x30 0x800100b8
core   0: 0x8000f0bc (0xf43f2423) sw      gp, -184(t5)
core   0: 3 0x8000f0bc (0xf43f2423) mem 0x80010000 0x00000001
core   0: 0x8000f0c0 (0x0000bfe5) c.j     pc - 8
core   0: 3 0x8000f0c0 (0xbfe5)
core   0: 0x8000f0b8 (0x00001f17) auipc   t5, 0x1
core   0: 3 0x8000f0b8 (0x00001f17) x30 0x800100b8
core   0: 0x8000f0bc (0xf43f2423) sw      gp, -184(t5)
core   0: 3 0x8000f0bc (0xf43f2423) mem 0x80010000 0x00000001
core   0: 0x8000f0c0 (0x0000bfe5) c.j     pc - 8
core   0: 3 0x8000f0c0 (0xbfe5)
core   0: 0x8000f0b8 (0x00001f17) auipc   t5, 0x1
core   0: 3 0x8000f0b8 (0x00001f17) x30 0x800100b8
core   0: 0x8000f0bc (0xf43f2423) sw      gp, -184(t5)
core   0: 3 0x8000f0bc (0xf43f2423) mem 0x80010000 0x00000001
core   0: 0x8000f0c0 (0x0000bfe5) c.j     pc - 8
core   0: 3 0x8000f0c0 (0xbfe5)
core   0: 0x8000f0b8 (0x00001f17) auipc   t5, 0x1
core   0: 3 0x8000f0b8 (0x00001f17) x30 0x800100b8
core   0: 0x8000f0bc (0xf43f2423) sw      gp, -184(t5)
core   0: 3 0x8000f0bc (0xf43f2423) mem 0x80010000 0x00000001
core   0: 0x8000f0c0 (0x0000bfe5) c.j     pc - 8
core   0: 3 0x8000f0c0 (0xbfe5)
core   0: 0x8000f0b8 (0x00001f17) auipc   t5, 0x1
core   0: 3 0x8000f0b8 (0x00001f17) x30 0x800100b8
core   0: 0x8000f0bc (0xf43f2423) sw      gp, -184(t5)
core   0: 3 0x8000f0bc (0xf43f2423) mem 0x80010000 0x00000001
core   0: 0x8000f0c0 (0x0000bfe5) c.j     pc - 8
core   0: 3 0x8000f0c0 (0xbfe5)
core   0: 0x8000f0b8 (0x00001f17) auipc   t5, 0x1
core   0: 3 0x8000f0b8 (0x00001f17) x30 0x800100b8
core   0: 0x8000f0bc (0xf43f2423) sw      gp, -184(t5)
core   0: 3 0x8000f0bc (0xf43f2423) mem 0x80010000 0x00000001
core   0: 0x8000f0c0 (0x0000bfe5) c.j     pc - 8
core   0: 3 0x8000f0c0 (0xbfe5)
core   0: 0x8000f0b8 (0x00001f17) auipc   t5, 0x1
core   0: 3 0x8000f0b8 (0x00001f17) x30 0x800100b8
core   0: 0x8000f0bc (0xf43f2423) sw      gp, -184(t5)
core   0: 3 0x8000f0bc (0xf43f2423) mem 0x80010000 0x00000001
core   0: 0x8000f0c0 (0x0000bfe5) c.j     pc - 8
core   0: 3 0x8000f0c0 (0xbfe5)
core   0: 0x8000f0b8 (0x00001f17) auipc   t5, 0x1
core   0: 3 0x8000f0b8 (0x00001f17) x30 0x800100b8
core   0: 0x8000f0bc (0xf43f2423) sw      gp, -184(t5)
core   0: 3 0x8000f0bc (0xf43f2423) mem 0x80010000 0x00000001
core   0: 0x8000f0c0 (0x0000bfe5) c.j     pc - 8
core   0: 3 0x8000f0c0 (0xbfe5)
core   0: 0x8000f0b8 (0x00001f17) auipc   t5, 0x1
core   0: 3 0x8000f0b8 (0x00001f17) x30 0x800100b8
core   0: 0x8000f0bc (0xf43f2423) sw      gp, -184(t5)
core   0: 3 0x8000f0bc (0xf43f2423) mem 0x80010000 0x00000001
core   0: 0x8000f0c0 (0x0000bfe5) c.j     pc - 8
core   0: 3 0x8000f0c0 (0xbfe5)
core   0: 0x8000f0b8 (0x00001f17) auipc   t5, 0x1
core   0: 3 0x8000f0b8 (0x00001f17) x30 0x800100b8
core   0: 0x8000f0bc (0xf43f2423) sw      gp, -184(t5)
core   0: 3 0x8000f0bc (0xf43f2423) mem 0x80010000 0x00000001
core   0: 0x8000f0c0 (0x0000bfe5) c.j     pc - 8
core   0: 3 0x8000f0c0 (0xbfe5)
core   0: 0x8000f0b8 (0x00001f17) auipc   t5, 0x1
core   0: 3 0x8000f0b8 (0x00001f17) x30 0x800100b8
core   0: 0x8000f0bc (0xf43f2423) sw      gp, -184(t5)
core   0: 3 0x8000f0bc (0xf43f2423) mem 0x80010000 0x00000001
core   0: 0x8000f0c0 (0x0000bfe5) c.j     pc - 8
core   0: 3 0x8000f0c0 (0xbfe5)
core   0: 0x8000f0b8 (0x00001f17) auipc   t5, 0x1
core   0: 3 0x8000f0b8 (0x00001f17) x30 0x800100b8
core   0: 0x8000f0bc (0xf43f2423) sw      gp, -184(t5)
core   0: 3 0x8000f0bc (0xf43f2423) mem 0x80010000 0x00000001
core   0: 0x8000f0c0 (0x0000bfe5) c.j     pc - 8
core   0: 3 0x8000f0c0 (0xbfe5)
core   0: 0x8000f0b8 (0x00001f17) auipc   t5, 0x1
core   0: 3 0x8000f0b8 (0x00001f17) x30 0x800100b8
core   0: 0x8000f0bc (0xf43f2423) sw      gp, -184(t5)
core   0: 3 0x8000f0bc (0xf43f2423) mem 0x80010000 0x00000001
core   0: 0x8000f0c0 (0x0000bfe5) c.j     pc - 8
core   0: 3 0x8000f0c0 (0xbfe5)
core   0: 0x8000f0b8 (0x00001f17) auipc   t5, 0x1
core   0: 3 0x8000f0b8 (0x00001f17) x30 0x800100b8
core   0: 0x8000f0bc (0xf43f2423) sw      gp, -184(t5)
core   0: 3 0x8000f0bc (0xf43f2423) mem 0x80010000 0x00000001
core   0: 0x8000f0c0 (0x0000bfe5) c.j     pc - 8
core   0: 3 0x8000f0c0 (0xbfe5)
core   0: 0x8000f0b8 (0x00001f17) auipc   t5, 0x1
core   0: 3 0x8000f0b8 (0x00001f17) x30 0x800100b8
core   0: 0x8000f0bc (0xf43f2423) sw      gp, -184(t5)
core   0: 3 0x8000f0bc (0xf43f2423) mem 0x80010000 0x00000001
core   0: 0x8000f0c0 (0x0000bfe5) c.j     pc - 8
core   0: 3 0x8000f0c0 (0xbfe5)
core   0: 0x8000f0b8 (0x00001f17) auipc   t5, 0x1
core   0: 3 0x8000f0b8 (0x00001f17) x30 0x800100b8
core   0: 0x8000f0bc (0xf43f2423) sw      gp, -184(t5)
core   0: 3 0x8000f0bc (0xf43f2423) mem 0x80010000 0x00000001
core   0: 0x8000f0c0 (0x0000bfe5) c.j     pc - 8
core   0: 3 0x8000f0c0 (0xbfe5)
core   0: 0x8000f0b8 (0x00001f17) auipc   t5, 0x1
core   0: 3 0x8000f0b8 (0x00001f17) x30 0x800100b8
core   0: 0x8000f0bc (0xf43f2423) sw      gp, -184(t5)
core   0: 3 0x8000f0bc (0xf43f2423) mem 0x80010000 0x00000001
core   0: 0x8000f0c0 (0x0000bfe5) c.j     pc - 8
core   0: 3 0x8000f0c0 (0xbfe5)
core   0: 0x8000f0b8 (0x00001f17) auipc   t5, 0x1
core   0: 3 0x8000f0b8 (0x00001f17) x30 0x800100b8
core   0: 0x8000f0bc (0xf43f2423) sw      gp, -184(t5)
core   0: 3 0x8000f0bc (0xf43f2423) mem 0x80010000 0x00000001
core   0: 0x8000f0c0 (0x0000bfe5) c.j     pc - 8
core   0: 3 0x8000f0c0 (0xbfe5)
core   0: 0x8000f0b8 (0x00001f17) auipc   t5, 0x1
core   0: 3 0x8000f0b8 (0x00001f17) x30 0x800100b8
core   0: 0x8000f0bc (0xf43f2423) sw      gp, -184(t5)
core   0: 3 0x8000f0bc (0xf43f2423) mem 0x80010000 0x00000001
core   0: 0x8000f0c0 (0x0000bfe5) c.j     pc - 8
core   0: 3 0x8000f0c0 (0xbfe5)
core   0: 0x8000f0b8 (0x00001f17) auipc   t5, 0x1
core   0: 3 0x8000f0b8 (0x00001f17) x30 0x800100b8
core   0: 0x8000f0bc (0xf43f2423) sw      gp, -184(t5)
core   0: 3 0x8000f0bc (0xf43f2423) mem 0x80010000 0x00000001
core   0: 0x8000f0c0 (0x0000bfe5) c.j     pc - 8
core   0: 3 0x8000f0c0 (0xbfe5)
core   0: 0x8000f0b8 (0x00001f17) auipc   t5, 0x1
core   0: 3 0x8000f0b8 (0x00001f17) x30 0x800100b8
core   0: 0x8000f0bc (0xf43f2423) sw      gp, -184(t5)
core   0: 3 0x8000f0bc (0xf43f2423) mem 0x80010000 0x00000001
core   0: 0x8000f0c0 (0x0000bfe5) c.j     pc - 8
core   0: 3 0x8000f0c0 (0xbfe5)
core   0: 0x8000f0b8 (0x00001f17) auipc   t5, 0x1
core   0: 3 0x8000f0b8 (0x00001f17) x30 0x800100b8
core   0: 0x8000f0bc (0xf43f2423) sw      gp, -184(t5)
core   0: 3 0x8000f0bc (0xf43f2423) mem 0x80010000 0x00000001
core   0: 0x8000f0c0 (0x0000bfe5) c.j     pc - 8
core   0: 3 0x8000f0c0 (0xbfe5)
core   0: 0x8000f0b8 (0x00001f17) auipc   t5, 0x1
core   0: 3 0x8000f0b8 (0x00001f17) x30 0x800100b8
core   0: 0x8000f0bc (0xf43f2423) sw      gp, -184(t5)
core   0: 3 0x8000f0bc (0xf43f2423) mem 0x80010000 0x00000001
core   0: 0x8000f0c0 (0x0000bfe5) c.j     pc - 8
core   0: 3 0x8000f0c0 (0xbfe5)
core   0: 0x8000f0b8 (0x00001f17) auipc   t5, 0x1
core   0: 3 0x8000f0b8 (0x00001f17) x30 0x800100b8
core   0: 0x8000f0bc (0xf43f2423) sw      gp, -184(t5)
core   0: 3 0x8000f0bc (0xf43f2423) mem 0x80010000 0x00000001
core   0: 0x8000f0c0 (0x0000bfe5) c.j     pc - 8
core   0: 3 0x8000f0c0 (0xbfe5)
core   0: 0x8000f0b8 (0x00001f17) auipc   t5, 0x1
core   0: 3 0x8000f0b8 (0x00001f17) x30 0x800100b8
core   0: 0x8000f0bc (0xf43f2423) sw      gp, -184(t5)
core   0: 3 0x8000f0bc (0xf43f2423) mem 0x80010000 0x00000001
core   0: 0x8000f0c0 (0x0000bfe5) c.j     pc - 8
core   0: 3 0x8000f0c0 (0xbfe5)
core   0: 0x8000f0b8 (0x00001f17) auipc   t5, 0x1
core   0: 3 0x8000f0b8 (0x00001f17) x30 0x800100b8
core   0: 0x8000f0bc (0xf43f2423) sw      gp, -184(t5)
core   0: 3 0x8000f0bc (0xf43f2423) mem 0x80010000 0x00000001
core   0: 0x8000f0c0 (0x0000bfe5) c.j     pc - 8
core   0: 3 0x8000f0c0 (0xbfe5)
core   0: 0x8000f0b8 (0x00001f17) auipc   t5, 0x1
core   0: 3 0x8000f0b8 (0x00001f17) x30 0x800100b8
core   0: 0x8000f0bc (0xf43f2423) sw      gp, -184(t5)
core   0: 3 0x8000f0bc (0xf43f2423) mem 0x80010000 0x00000001
core   0: 0x8000f0c0 (0x0000bfe5) c.j     pc - 8
core   0: 3 0x8000f0c0 (0xbfe5)
core   0: 0x8000f0b8 (0x00001f17) auipc   t5, 0x1
core   0: 3 0x8000f0b8 (0x00001f17) x30 0x800100b8
core   0: 0x8000f0bc (0xf43f2423) sw      gp, -184(t5)
core   0: 3 0x8000f0bc (0xf43f2423) mem 0x80010000 0x00000001
core   0: 0x8000f0c0 (0x0000bfe5) c.j     pc - 8
core   0: 3 0x8000f0c0 (0xbfe5)
core   0: 0x8000f0b8 (0x00001f17) auipc   t5, 0x1
core   0: 3 0x8000f0b8 (0x00001f17) x30 0x800100b8
core   0: 0x8000f0bc (0xf43f2423) sw      gp, -184(t5)
core   0: 3 0x8000f0bc (0xf43f2423) mem 0x80010000 0x00000001
core   0: 0x8000f0c0 (0x0000bfe5) c.j     pc - 8
core   0: 3 0x8000f0c0 (0xbfe5)
core   0: 0x8000f0b8 (0x00001f17) auipc   t5, 0x1
core   0: 3 0x8000f0b8 (0x00001f17) x30 0x800100b8
core   0: 0x8000f0bc (0xf43f2423) sw      gp, -184(t5)
core   0: 3 0x8000f0bc (0xf43f2423) mem 0x80010000 0x00000001
core   0: 0x8000f0c0 (0x0000bfe5) c.j     pc - 8
core   0: 3 0x8000f0c0 (0xbfe5)
core   0: 0x8000f0b8 (0x00001f17) auipc   t5, 0x1
core   0: 3 0x8000f0b8 (0x00001f17) x30 0x800100b8
core   0: 0x8000f0bc (0xf43f2423) sw      gp, -184(t5)
core   0: 3 0x8000f0bc (0xf43f2423) mem 0x80010000 0x00000001
core   0: 0x8000f0c0 (0x0000bfe5) c.j     pc - 8
core   0: 3 0x8000f0c0 (0xbfe5)
core   0: 0x8000f0b8 (0x00001f17) auipc   t5, 0x1
core   0: 3 0x8000f0b8 (0x00001f17) x30 0x800100b8
core   0: 0x8000f0bc (0xf43f2423) sw      gp, -184(t5)
core   0: 3 0x8000f0bc (0xf43f2423) mem 0x80010000 0x00000001
core   0: 0x8000f0c0 (0x0000bfe5) c.j     pc - 8
core   0: 3 0x8000f0c0 (0xbfe5)
core   0: 0x8000f0b8 (0x00001f17) auipc   t5, 0x1
core   0: 3 0x8000f0b8 (0x00001f17) x30 0x800100b8
core   0: 0x8000f0bc (0xf43f2423) sw      gp, -184(t5)
core   0: 3 0x8000f0bc (0xf43f2423) mem 0x80010000 0x00000001
core   0: 0x8000f0c0 (0x0000bfe5) c.j     pc - 8
core   0: 3 0x8000f0c0 (0xbfe5)
core   0: 0x8000f0b8 (0x00001f17) auipc   t5, 0x1
core   0: 3 0x8000f0b8 (0x00001f17) x30 0x800100b8
core   0: 0x8000f0bc (0xf43f2423) sw      gp, -184(t5)
core   0: 3 0x8000f0bc (0xf43f2423) mem 0x80010000 0x00000001
core   0: 0x8000f0c0 (0x0000bfe5) c.j     pc - 8
core   0: 3 0x8000f0c0 (0xbfe5)
core   0: 0x8000f0b8 (0x00001f17) auipc   t5, 0x1
core   0: 3 0x8000f0b8 (0x00001f17) x30 0x800100b8
core   0: 0x8000f0bc (0xf43f2423) sw      gp, -184(t5)
core   0: 3 0x8000f0bc (0xf43f2423) mem 0x80010000 0x00000001
core   0: 0x8000f0c0 (0x0000bfe5) c.j     pc - 8
core   0: 3 0x8000f0c0 (0xbfe5)
core   0: 0x8000f0b8 (0x00001f17) auipc   t5, 0x1
core   0: 3 0x8000f0b8 (0x00001f17) x30 0x800100b8
core   0: 0x8000f0bc (0xf43f2423) sw      gp, -184(t5)
core   0: 3 0x8000f0bc (0xf43f2423) mem 0x80010000 0x00000001
core   0: 0x8000f0c0 (0x0000bfe5) c.j     pc - 8
core   0: 3 0x8000f0c0 (0xbfe5)
core   0: 0x8000f0b8 (0x00001f17) auipc   t5, 0x1
core   0: 3 0x8000f0b8 (0x00001f17) x30 0x800100b8
core   0: 0x8000f0bc (0xf43f2423) sw      gp, -184(t5)
core   0: 3 0x8000f0bc (0xf43f2423) mem 0x80010000 0x00000001
core   0: 0x8000f0c0 (0x0000bfe5) c.j     pc - 8
core   0: 3 0x8000f0c0 (0xbfe5)
core   0: 0x8000f0b8 (0x00001f17) auipc   t5, 0x1
core   0: 3 0x8000f0b8 (0x00001f17) x30 0x800100b8
core   0: 0x8000f0bc (0xf43f2423) sw      gp, -184(t5)
core   0: 3 0x8000f0bc (0xf43f2423) mem 0x80010000 0x00000001
core   0: 0x8000f0c0 (0x0000bfe5) c.j     pc - 8
core   0: 3 0x8000f0c0 (0xbfe5)
core   0: 0x8000f0b8 (0x00001f17) auipc   t5, 0x1
core   0: 3 0x8000f0b8 (0x00001f17) x30 0x800100b8
core   0: 0x8000f0bc (0xf43f2423) sw      gp, -184(t5)
core   0: 3 0x8000f0bc (0xf43f2423) mem 0x80010000 0x00000001
core   0: 0x8000f0c0 (0x0000bfe5) c.j     pc - 8
core   0: 3 0x8000f0c0 (0xbfe5)
core   0: 0x8000f0b8 (0x00001f17) auipc   t5, 0x1
core   0: 3 0x8000f0b8 (0x00001f17) x30 0x800100b8
core   0: 0x8000f0bc (0xf43f2423) sw      gp, -184(t5)
core   0: 3 0x8000f0bc (0xf43f2423) mem 0x80010000 0x00000001
core   0: 0x8000f0c0 (0x0000bfe5) c.j     pc - 8
core   0: 3 0x8000f0c0 (0xbfe5)
core   0: 0x8000f0b8 (0x00001f17) auipc   t5, 0x1
core   0: 3 0x8000f0b8 (0x00001f17) x30 0x800100b8
core   0: 0x8000f0bc (0xf43f2423) sw      gp, -184(t5)
core   0: 3 0x8000f0bc (0xf43f2423) mem 0x80010000 0x00000001
core   0: 0x8000f0c0 (0x0000bfe5) c.j     pc - 8
core   0: 3 0x8000f0c0 (0xbfe5)
core   0: 0x8000f0b8 (0x00001f17) auipc   t5, 0x1
core   0: 3 0x8000f0b8 (0x00001f17) x30 0x800100b8
core   0: 0x8000f0bc (0xf43f2423) sw      gp, -184(t5)
core   0: 3 0x8000f0bc (0xf43f2423) mem 0x80010000 0x00000001
core   0: 0x8000f0c0 (0x0000bfe5) c.j     pc - 8
core   0: 3 0x8000f0c0 (0xbfe5)
core   0: 0x8000f0b8 (0x00001f17) auipc   t5, 0x1
core   0: 3 0x8000f0b8 (0x00001f17) x30 0x800100b8
core   0: 0x8000f0bc (0xf43f2423) sw      gp, -184(t5)
core   0: 3 0x8000f0bc (0xf43f2423) mem 0x80010000 0x00000001
core   0: 0x8000f0c0 (0x0000bfe5) c.j     pc - 8
core   0: 3 0x8000f0c0 (0xbfe5)
core   0: 0x8000f0b8 (0x00001f17) auipc   t5, 0x1
core   0: 3 0x8000f0b8 (0x00001f17) x30 0x800100b8
core   0: 0x8000f0bc (0xf43f2423) sw      gp, -184(t5)
core   0: 3 0x8000f0bc (0xf43f2423) mem 0x80010000 0x00000001
core   0: 0x8000f0c0 (0x0000bfe5) c.j     pc - 8
core   0: 3 0x8000f0c0 (0xbfe5)
core   0: 0x8000f0b8 (0x00001f17) auipc   t5, 0x1
core   0: 3 0x8000f0b8 (0x00001f17) x30 0x800100b8
core   0: 0x8000f0bc (0xf43f2423) sw      gp, -184(t5)
core   0: 3 0x8000f0bc (0xf43f2423) mem 0x80010000 0x00000001
core   0: 0x8000f0c0 (0x0000bfe5) c.j     pc - 8
core   0: 3 0x8000f0c0 (0xbfe5)
core   0: 0x8000f0b8 (0x00001f17) auipc   t5, 0x1
core   0: 3 0x8000f0b8 (0x00001f17) x30 0x800100b8
core   0: 0x8000f0bc (0xf43f2423) sw      gp, -184(t5)
core   0: 3 0x8000f0bc (0xf43f2423) mem 0x80010000 0x00000001
core   0: 0x8000f0c0 (0x0000bfe5) c.j     pc - 8
core   0: 3 0x8000f0c0 (0xbfe5)
core   0: 0x8000f0b8 (0x00001f17) auipc   t5, 0x1
core   0: 3 0x8000f0b8 (0x00001f17) x30 0x800100b8
core   0: 0x8000f0bc (0xf43f2423) sw      gp, -184(t5)
core   0: 3 0x8000f0bc (0xf43f2423) mem 0x80010000 0x00000001
core   0: 0x8000f0c0 (0x0000bfe5) c.j     pc - 8
core   0: 3 0x8000f0c0 (0xbfe5)
core   0: 0x8000f0b8 (0x00001f17) auipc   t5, 0x1
core   0: 3 0x8000f0b8 (0x00001f17) x30 0x800100b8
core   0: 0x8000f0bc (0xf43f2423) sw      gp, -184(t5)
core   0: 3 0x8000f0bc (0xf43f2423) mem 0x80010000 0x00000001
core   0: 0x8000f0c0 (0x0000bfe5) c.j     pc - 8
core   0: 3 0x8000f0c0 (0xbfe5)
core   0: 0x8000f0b8 (0x00001f17) auipc   t5, 0x1
core   0: 3 0x8000f0b8 (0x00001f17) x30 0x800100b8
core   0: 0x8000f0bc (0xf43f2423) sw      gp, -184(t5)
core   0: 3 0x8000f0bc (0xf43f2423) mem 0x80010000 0x00000001
core   0: 0x8000f0c0 (0x0000bfe5) c.j     pc - 8
core   0: 3 0x8000f0c0 (0xbfe5)
core   0: 0x8000f0b8 (0x00001f17) auipc   t5, 0x1
core   0: 3 0x8000f0b8 (0x00001f17) x30 0x800100b8
core   0: 0x8000f0bc (0xf43f2423) sw      gp, -184(t5)
core   0: 3 0x8000f0bc (0xf43f2423) mem 0x80010000 0x00000001
core   0: 0x8000f0c0 (0x0000bfe5) c.j     pc - 8
core   0: 3 0x8000f0c0 (0xbfe5)
core   0: 0x8000f0b8 (0x00001f17) auipc   t5, 0x1
core   0: 3 0x8000f0b8 (0x00001f17) x30 0x800100b8
core   0: 0x8000f0bc (0xf43f2423) sw      gp, -184(t5)
core   0: 3 0x8000f0bc (0xf43f2423) mem 0x80010000 0x00000001
core   0: 0x8000f0c0 (0x0000bfe5) c.j     pc - 8
core   0: 3 0x8000f0c0 (0xbfe5)
core   0: 0x8000f0b8 (0x00001f17) auipc   t5, 0x1
core   0: 3 0x8000f0b8 (0x00001f17) x30 0x800100b8
core   0: 0x8000f0bc (0xf43f2423) sw      gp, -184(t5)
core   0: 3 0x8000f0bc (0xf43f2423) mem 0x80010000 0x00000001
core   0: 0x8000f0c0 (0x0000bfe5) c.j     pc - 8
core   0: 3 0x8000f0c0 (0xbfe5)
core   0: 0x8000f0b8 (0x00001f17) auipc   t5, 0x1
core   0: 3 0x8000f0b8 (0x00001f17) x30 0x800100b8
core   0: 0x8000f0bc (0xf43f2423) sw      gp, -184(t5)
core   0: 3 0x8000f0bc (0xf43f2423) mem 0x80010000 0x00000001
core   0: 0x8000f0c0 (0x0000bfe5) c.j     pc - 8
core   0: 3 0x8000f0c0 (0xbfe5)
core   0: 0x8000f0b8 (0x00001f17) auipc   t5, 0x1
core   0: 3 0x8000f0b8 (0x00001f17) x30 0x800100b8
core   0: 0x8000f0bc (0xf43f2423) sw      gp, -184(t5)
core   0: 3 0x8000f0bc (0xf43f2423) mem 0x80010000 0x00000001
core   0: 0x8000f0c0 (0x0000bfe5) c.j     pc - 8
core   0: 3 0x8000f0c0 (0xbfe5)
core   0: 0x8000f0b8 (0x00001f17) auipc   t5, 0x1
core   0: 3 0x8000f0b8 (0x00001f17) x30 0x800100b8
core   0: 0x8000f0bc (0xf43f2423) sw      gp, -184(t5)
core   0: 3 0x8000f0bc (0xf43f2423) mem 0x80010000 0x00000001
core   0: 0x8000f0c0 (0x0000bfe5) c.j     pc - 8
core   0: 3 0x8000f0c0 (0xbfe5)
core   0: 0x8000f0b8 (0x00001f17) auipc   t5, 0x1
core   0: 3 0x8000f0b8 (0x00001f17) x30 0x800100b8
core   0: 0x8000f0bc (0xf43f2423) sw      gp, -184(t5)
core   0: 3 0x8000f0bc (0xf43f2423) mem 0x80010000 0x00000001
core   0: 0x8000f0c0 (0x0000bfe5) c.j     pc - 8
core   0: 3 0x8000f0c0 (0xbfe5)
core   0: 0x8000f0b8 (0x00001f17) auipc   t5, 0x1
core   0: 3 0x8000f0b8 (0x00001f17) x30 0x800100b8
core   0: 0x8000f0bc (0xf43f2423) sw      gp, -184(t5)
core   0: 3 0x8000f0bc (0xf43f2423) mem 0x80010000 0x00000001
core   0: 0x8000f0c0 (0x0000bfe5) c.j     pc - 8
core   0: 3 0x8000f0c0 (0xbfe5)
core   0: 0x8000f0b8 (0x00001f17) auipc   t5, 0x1
core   0: 3 0x8000f0b8 (0x00001f17) x30 0x800100b8
core   0: 0x8000f0bc (0xf43f2423) sw      gp, -184(t5)
core   0: 3 0x8000f0bc (0xf43f2423) mem 0x80010000 0x00000001
core   0: 0x8000f0c0 (0x0000bfe5) c.j     pc - 8
core   0: 3 0x8000f0c0 (0xbfe5)
core   0: 0x8000f0b8 (0x00001f17) auipc   t5, 0x1
core   0: 3 0x8000f0b8 (0x00001f17) x30 0x800100b8
core   0: 0x8000f0bc (0xf43f2423) sw      gp, -184(t5)
core   0: 3 0x8000f0bc (0xf43f2423) mem 0x80010000 0x00000001
core   0: 0x8000f0c0 (0x0000bfe5) c.j     pc - 8
core   0: 3 0x8000f0c0 (0xbfe5)
core   0: 0x8000f0b8 (0x00001f17) auipc   t5, 0x1
core   0: 3 0x8000f0b8 (0x00001f17) x30 0x800100b8
core   0: 0x8000f0bc (0xf43f2423) sw      gp, -184(t5)
core   0: 3 0x8000f0bc (0xf43f2423) mem 0x80010000 0x00000001
core   0: 0x8000f0c0 (0x0000bfe5) c.j     pc - 8
core   0: 3 0x8000f0c0 (0xbfe5)
core   0: 0x8000f0b8 (0x00001f17) auipc   t5, 0x1
core   0: 3 0x8000f0b8 (0x00001f17) x30 0x800100b8
core   0: 0x8000f0bc (0xf43f2423) sw      gp, -184(t5)
core   0: 3 0x8000f0bc (0xf43f2423) mem 0x80010000 0x00000001
core   0: 0x8000f0c0 (0x0000bfe5) c.j     pc - 8
core   0: 3 0x8000f0c0 (0xbfe5)
core   0: 0x8000f0b8 (0x00001f17) auipc   t5, 0x1
core   0: 3 0x8000f0b8 (0x00001f17) x30 0x800100b8
core   0: 0x8000f0bc (0xf43f2423) sw      gp, -184(t5)
core   0: 3 0x8000f0bc (0xf43f2423) mem 0x80010000 0x00000001
core   0: 0x8000f0c0 (0x0000bfe5) c.j     pc - 8
core   0: 3 0x8000f0c0 (0xbfe5)
core   0: 0x8000f0b8 (0x00001f17) auipc   t5, 0x1
core   0: 3 0x8000f0b8 (0x00001f17) x30 0x800100b8
core   0: 0x8000f0bc (0xf43f2423) sw      gp, -184(t5)
core   0: 3 0x8000f0bc (0xf43f2423) mem 0x80010000 0x00000001
core   0: 0x8000f0c0 (0x0000bfe5) c.j     pc - 8
core   0: 3 0x8000f0c0 (0xbfe5)
core   0: 0x8000f0b8 (0x00001f17) auipc   t5, 0x1
core   0: 3 0x8000f0b8 (0x00001f17) x30 0x800100b8
core   0: 0x8000f0bc (0xf43f2423) sw      gp, -184(t5)
core   0: 3 0x8000f0bc (0xf43f2423) mem 0x80010000 0x00000001
core   0: 0x8000f0c0 (0x0000bfe5) c.j     pc - 8
core   0: 3 0x8000f0c0 (0xbfe5)
core   0: 0x8000f0b8 (0x00001f17) auipc   t5, 0x1
core   0: 3 0x8000f0b8 (0x00001f17) x30 0x800100b8
core   0: 0x8000f0bc (0xf43f2423) sw      gp, -184(t5)
core   0: 3 0x8000f0bc (0xf43f2423) mem 0x80010000 0x00000001
core   0: 0x8000f0c0 (0x0000bfe5) c.j     pc - 8
core   0: 3 0x8000f0c0 (0xbfe5)
core   0: 0x8000f0b8 (0x00001f17) auipc   t5, 0x1
core   0: 3 0x8000f0b8 (0x00001f17) x30 0x800100b8
core   0: 0x8000f0bc (0xf43f2423) sw      gp, -184(t5)
core   0: 3 0x8000f0bc (0xf43f2423) mem 0x80010000 0x00000001
core   0: 0x8000f0c0 (0x0000bfe5) c.j     pc - 8
core   0: 3 0x8000f0c0 (0xbfe5)
core   0: 0x8000f0b8 (0x00001f17) auipc   t5, 0x1
core   0: 3 0x8000f0b8 (0x00001f17) x30 0x800100b8
core   0: 0x8000f0bc (0xf43f2423) sw      gp, -184(t5)
core   0: 3 0x8000f0bc (0xf43f2423) mem 0x80010000 0x00000001
core   0: 0x8000f0c0 (0x0000bfe5) c.j     pc - 8
core   0: 3 0x8000f0c0 (0xbfe5)
core   0: 0x8000f0b8 (0x00001f17) auipc   t5, 0x1
core   0: 3 0x8000f0b8 (0x00001f17) x30 0x800100b8
core   0: 0x8000f0bc (0xf43f2423) sw      gp, -184(t5)
core   0: 3 0x8000f0bc (0xf43f2423) mem 0x80010000 0x00000001
core   0: 0x8000f0c0 (0x0000bfe5) c.j     pc - 8
core   0: 3 0x8000f0c0 (0xbfe5)
core   0: 0x8000f0b8 (0x00001f17) auipc   t5, 0x1
core   0: 3 0x8000f0b8 (0x00001f17) x30 0x800100b8
core   0: 0x8000f0bc (0xf43f2423) sw      gp, -184(t5)
core   0: 3 0x8000f0bc (0xf43f2423) mem 0x80010000 0x00000001
core   0: 0x8000f0c0 (0x0000bfe5) c.j     pc - 8
core   0: 3 0x8000f0c0 (0xbfe5)
core   0: 0x8000f0b8 (0x00001f17) auipc   t5, 0x1
core   0: 3 0x8000f0b8 (0x00001f17) x30 0x800100b8
core   0: 0x8000f0bc (0xf43f2423) sw      gp, -184(t5)
core   0: 3 0x8000f0bc (0xf43f2423) mem 0x80010000 0x00000001
core   0: 0x8000f0c0 (0x0000bfe5) c.j     pc - 8
core   0: 3 0x8000f0c0 (0xbfe5)
core   0: 0x8000f0b8 (0x00001f17) auipc   t5, 0x1
core   0: 3 0x8000f0b8 (0x00001f17) x30 0x800100b8
core   0: 0x8000f0bc (0xf43f2423) sw      gp, -184(t5)
core   0: 3 0x8000f0bc (0xf43f2423) mem 0x80010000 0x00000001
core   0: 0x8000f0c0 (0x0000bfe5) c.j     pc - 8
core   0: 3 0x8000f0c0 (0xbfe5)
core   0: 0x8000f0b8 (0x00001f17) auipc   t5, 0x1
core   0: 3 0x8000f0b8 (0x00001f17) x30 0x800100b8
core   0: 0x8000f0bc (0xf43f2423) sw      gp, -184(t5)
core   0: 3 0x8000f0bc (0xf43f2423) mem 0x80010000 0x00000001
core   0: 0x8000f0c0 (0x0000bfe5) c.j     pc - 8
core   0: 3 0x8000f0c0 (0xbfe5)
core   0: 0x8000f0b8 (0x00001f17) auipc   t5, 0x1
core   0: 3 0x8000f0b8 (0x00001f17) x30 0x800100b8
core   0: 0x8000f0bc (0xf43f2423) sw      gp, -184(t5)
core   0: 3 0x8000f0bc (0xf43f2423) mem 0x80010000 0x00000001
core   0: 0x8000f0c0 (0x0000bfe5) c.j     pc - 8
core   0: 3 0x8000f0c0 (0xbfe5)
core   0: 0x8000f0b8 (0x00001f17) auipc   t5, 0x1
core   0: 3 0x8000f0b8 (0x00001f17) x30 0x800100b8
core   0: 0x8000f0bc (0xf43f2423) sw      gp, -184(t5)
core   0: 3 0x8000f0bc (0xf43f2423) mem 0x80010000 0x00000001
core   0: 0x8000f0c0 (0x0000bfe5) c.j     pc - 8
core   0: 3 0x8000f0c0 (0xbfe5)
core   0: 0x8000f0b8 (0x00001f17) auipc   t5, 0x1
core   0: 3 0x8000f0b8 (0x00001f17) x30 0x800100b8
core   0: 0x8000f0bc (0xf43f2423) sw      gp, -184(t5)
core   0: 3 0x8000f0bc (0xf43f2423) mem 0x80010000 0x00000001
core   0: 0x8000f0c0 (0x0000bfe5) c.j     pc - 8
core   0: 3 0x8000f0c0 (0xbfe5)
core   0: 0x8000f0b8 (0x00001f17) auipc   t5, 0x1
core   0: 3 0x8000f0b8 (0x00001f17) x30 0x800100b8
core   0: 0x8000f0bc (0xf43f2423) sw      gp, -184(t5)
core   0: 3 0x8000f0bc (0xf43f2423) mem 0x80010000 0x00000001
core   0: 0x8000f0c0 (0x0000bfe5) c.j     pc - 8
core   0: 3 0x8000f0c0 (0xbfe5)
core   0: 0x8000f0b8 (0x00001f17) auipc   t5, 0x1
core   0: 3 0x8000f0b8 (0x00001f17) x30 0x800100b8
core   0: 0x8000f0bc (0xf43f2423) sw      gp, -184(t5)
core   0: 3 0x8000f0bc (0xf43f2423) mem 0x80010000 0x00000001
core   0: 0x8000f0c0 (0x0000bfe5) c.j     pc - 8
core   0: 3 0x8000f0c0 (0xbfe5)
core   0: 0x8000f0b8 (0x00001f17) auipc   t5, 0x1
core   0: 3 0x8000f0b8 (0x00001f17) x30 0x800100b8
core   0: 0x8000f0bc (0xf43f2423) sw      gp, -184(t5)
core   0: 3 0x8000f0bc (0xf43f2423) mem 0x80010000 0x00000001
core   0: 0x8000f0c0 (0x0000bfe5) c.j     pc - 8
core   0: 3 0x8000f0c0 (0xbfe5)
core   0: 0x8000f0b8 (0x00001f17) auipc   t5, 0x1
core   0: 3 0x8000f0b8 (0x00001f17) x30 0x800100b8
core   0: 0x8000f0bc (0xf43f2423) sw      gp, -184(t5)
core   0: 3 0x8000f0bc (0xf43f2423) mem 0x80010000 0x00000001
core   0: 0x8000f0c0 (0x0000bfe5) c.j     pc - 8
core   0: 3 0x8000f0c0 (0xbfe5)
core   0: 0x8000f0b8 (0x00001f17) auipc   t5, 0x1
core   0: 3 0x8000f0b8 (0x00001f17) x30 0x800100b8
core   0: 0x8000f0bc (0xf43f2423) sw      gp, -184(t5)
core   0: 3 0x8000f0bc (0xf43f2423) mem 0x80010000 0x00000001
core   0: 0x8000f0c0 (0x0000bfe5) c.j     pc - 8
core   0: 3 0x8000f0c0 (0xbfe5)
core   0: 0x8000f0b8 (0x00001f17) auipc   t5, 0x1
core   0: 3 0x8000f0b8 (0x00001f17) x30 0x800100b8
core   0: 0x8000f0bc (0xf43f2423) sw      gp, -184(t5)
core   0: 3 0x8000f0bc (0xf43f2423) mem 0x80010000 0x00000001
core   0: 0x8000f0c0 (0x0000bfe5) c.j     pc - 8
core   0: 3 0x8000f0c0 (0xbfe5)
core   0: 0x8000f0b8 (0x00001f17) auipc   t5, 0x1
core   0: 3 0x8000f0b8 (0x00001f17) x30 0x800100b8
core   0: 0x8000f0bc (0xf43f2423) sw      gp, -184(t5)
core   0: 3 0x8000f0bc (0xf43f2423) mem 0x80010000 0x00000001
core   0: 0x8000f0c0 (0x0000bfe5) c.j     pc - 8
core   0: 3 0x8000f0c0 (0xbfe5)
core   0: 0x8000f0b8 (0x00001f17) auipc   t5, 0x1
core   0: 3 0x8000f0b8 (0x00001f17) x30 0x800100b8
core   0: 0x8000f0bc (0xf43f2423) sw      gp, -184(t5)
core   0: 3 0x8000f0bc (0xf43f2423) mem 0x80010000 0x00000001
core   0: 0x8000f0c0 (0x0000bfe5) c.j     pc - 8
core   0: 3 0x8000f0c0 (0xbfe5)
core   0: 0x8000f0b8 (0x00001f17) auipc   t5, 0x1
core   0: 3 0x8000f0b8 (0x00001f17) x30 0x800100b8
core   0: 0x8000f0bc (0xf43f2423) sw      gp, -184(t5)
core   0: 3 0x8000f0bc (0xf43f2423) mem 0x80010000 0x00000001
core   0: 0x8000f0c0 (0x0000bfe5) c.j     pc - 8
core   0: 3 0x8000f0c0 (0xbfe5)
core   0: 0x8000f0b8 (0x00001f17) auipc   t5, 0x1
core   0: 3 0x8000f0b8 (0x00001f17) x30 0x800100b8
core   0: 0x8000f0bc (0xf43f2423) sw      gp, -184(t5)
core   0: 3 0x8000f0bc (0xf43f2423) mem 0x80010000 0x00000001
core   0: 0x8000f0c0 (0x0000bfe5) c.j     pc - 8
core   0: 3 0x8000f0c0 (0xbfe5)
core   0: 0x8000f0b8 (0x00001f17) auipc   t5, 0x1
core   0: 3 0x8000f0b8 (0x00001f17) x30 0x800100b8
core   0: 0x8000f0bc (0xf43f2423) sw      gp, -184(t5)
core   0: 3 0x8000f0bc (0xf43f2423) mem 0x80010000 0x00000001
core   0: 0x8000f0c0 (0x0000bfe5) c.j     pc - 8
core   0: 3 0x8000f0c0 (0xbfe5)
core   0: 0x8000f0b8 (0x00001f17) auipc   t5, 0x1
core   0: 3 0x8000f0b8 (0x00001f17) x30 0x800100b8
core   0: 0x8000f0bc (0xf43f2423) sw      gp, -184(t5)
core   0: 3 0x8000f0bc (0xf43f2423) mem 0x80010000 0x00000001
core   0: 0x8000f0c0 (0x0000bfe5) c.j     pc - 8
core   0: 3 0x8000f0c0 (0xbfe5)
core   0: 0x8000f0b8 (0x00001f17) auipc   t5, 0x1
core   0: 3 0x8000f0b8 (0x00001f17) x30 0x800100b8
core   0: 0x8000f0bc (0xf43f2423) sw      gp, -184(t5)
core   0: 3 0x8000f0bc (0xf43f2423) mem 0x80010000 0x00000001
core   0: 0x8000f0c0 (0x0000bfe5) c.j     pc - 8
core   0: 3 0x8000f0c0 (0xbfe5)
core   0: 0x8000f0b8 (0x00001f17) auipc   t5, 0x1
core   0: 3 0x8000f0b8 (0x00001f17) x30 0x800100b8
core   0: 0x8000f0bc (0xf43f2423) sw      gp, -184(t5)
core   0: 3 0x8000f0bc (0xf43f2423) mem 0x80010000 0x00000001
core   0: 0x8000f0c0 (0x0000bfe5) c.j     pc - 8
core   0: 3 0x8000f0c0 (0xbfe5)
core   0: 0x8000f0b8 (0x00001f17) auipc   t5, 0x1
core   0: 3 0x8000f0b8 (0x00001f17) x30 0x800100b8
core   0: 0x8000f0bc (0xf43f2423) sw      gp, -184(t5)
core   0: 3 0x8000f0bc (0xf43f2423) mem 0x80010000 0x00000001
core   0: 0x8000f0c0 (0x0000bfe5) c.j     pc - 8
core   0: 3 0x8000f0c0 (0xbfe5)
core   0: 0x8000f0b8 (0x00001f17) auipc   t5, 0x1
core   0: 3 0x8000f0b8 (0x00001f17) x30 0x800100b8
core   0: 0x8000f0bc (0xf43f2423) sw      gp, -184(t5)
core   0: 3 0x8000f0bc (0xf43f2423) mem 0x80010000 0x00000001
core   0: 0x8000f0c0 (0x0000bfe5) c.j     pc - 8
core   0: 3 0x8000f0c0 (0xbfe5)
core   0: 0x8000f0b8 (0x00001f17) auipc   t5, 0x1
core   0: 3 0x8000f0b8 (0x00001f17) x30 0x800100b8
core   0: 0x8000f0bc (0xf43f2423) sw      gp, -184(t5)
core   0: 3 0x8000f0bc (0xf43f2423) mem 0x80010000 0x00000001
core   0: 0x8000f0c0 (0x0000bfe5) c.j     pc - 8
core   0: 3 0x8000f0c0 (0xbfe5)
core   0: 0x8000f0b8 (0x00001f17) auipc   t5, 0x1
core   0: 3 0x8000f0b8 (0x00001f17) x30 0x800100b8
core   0: 0x8000f0bc (0xf43f2423) sw      gp, -184(t5)
core   0: 3 0x8000f0bc (0xf43f2423) mem 0x80010000 0x00000001
core   0: 0x8000f0c0 (0x0000bfe5) c.j     pc - 8
core   0: 3 0x8000f0c0 (0xbfe5)
core   0: 0x8000f0b8 (0x00001f17) auipc   t5, 0x1
core   0: 3 0x8000f0b8 (0x00001f17) x30 0x800100b8
core   0: 0x8000f0bc (0xf43f2423) sw      gp, -184(t5)
core   0: 3 0x8000f0bc (0xf43f2423) mem 0x80010000 0x00000001
core   0: 0x8000f0c0 (0x0000bfe5) c.j     pc - 8
core   0: 3 0x8000f0c0 (0xbfe5)
core   0: 0x8000f0b8 (0x00001f17) auipc   t5, 0x1
core   0: 3 0x8000f0b8 (0x00001f17) x30 0x800100b8
core   0: 0x8000f0bc (0xf43f2423) sw      gp, -184(t5)
core   0: 3 0x8000f0bc (0xf43f2423) mem 0x80010000 0x00000001
core   0: 0x8000f0c0 (0x0000bfe5) c.j     pc - 8
core   0: 3 0x8000f0c0 (0xbfe5)
core   0: 0x8000f0b8 (0x00001f17) auipc   t5, 0x1
core   0: 3 0x8000f0b8 (0x00001f17) x30 0x800100b8
core   0: 0x8000f0bc (0xf43f2423) sw      gp, -184(t5)
core   0: 3 0x8000f0bc (0xf43f2423) mem 0x80010000 0x00000001
core   0: 0x8000f0c0 (0x0000bfe5) c.j     pc - 8
core   0: 3 0x8000f0c0 (0xbfe5)
core   0: 0x8000f0b8 (0x00001f17) auipc   t5, 0x1
core   0: 3 0x8000f0b8 (0x00001f17) x30 0x800100b8
core   0: 0x8000f0bc (0xf43f2423) sw      gp, -184(t5)
core   0: 3 0x8000f0bc (0xf43f2423) mem 0x80010000 0x00000001
core   0: 0x8000f0c0 (0x0000bfe5) c.j     pc - 8
core   0: 3 0x8000f0c0 (0xbfe5)
core   0: 0x8000f0b8 (0x00001f17) auipc   t5, 0x1
core   0: 3 0x8000f0b8 (0x00001f17) x30 0x800100b8
core   0: 0x8000f0bc (0xf43f2423) sw      gp, -184(t5)
core   0: 3 0x8000f0bc (0xf43f2423) mem 0x80010000 0x00000001
core   0: 0x8000f0c0 (0x0000bfe5) c.j     pc - 8
core   0: 3 0x8000f0c0 (0xbfe5)
core   0: 0x8000f0b8 (0x00001f17) auipc   t5, 0x1
core   0: 3 0x8000f0b8 (0x00001f17) x30 0x800100b8
core   0: 0x8000f0bc (0xf43f2423) sw      gp, -184(t5)
core   0: 3 0x8000f0bc (0xf43f2423) mem 0x80010000 0x00000001
core   0: 0x8000f0c0 (0x0000bfe5) c.j     pc - 8
core   0: 3 0x8000f0c0 (0xbfe5)
core   0: 0x8000f0b8 (0x00001f17) auipc   t5, 0x1
core   0: 3 0x8000f0b8 (0x00001f17) x30 0x800100b8
core   0: 0x8000f0bc (0xf43f2423) sw      gp, -184(t5)
core   0: 3 0x8000f0bc (0xf43f2423) mem 0x80010000 0x00000001
core   0: 0x8000f0c0 (0x0000bfe5) c.j     pc - 8
core   0: 3 0x8000f0c0 (0xbfe5)
core   0: 0x8000f0b8 (0x00001f17) auipc   t5, 0x1
core   0: 3 0x8000f0b8 (0x00001f17) x30 0x800100b8
core   0: 0x8000f0bc (0xf43f2423) sw      gp, -184(t5)
core   0: 3 0x8000f0bc (0xf43f2423) mem 0x80010000 0x00000001
core   0: 0x8000f0c0 (0x0000bfe5) c.j     pc - 8
core   0: 3 0x8000f0c0 (0xbfe5)
core   0: 0x8000f0b8 (0x00001f17) auipc   t5, 0x1
core   0: 3 0x8000f0b8 (0x00001f17) x30 0x800100b8
core   0: 0x8000f0bc (0xf43f2423) sw      gp, -184(t5)
core   0: 3 0x8000f0bc (0xf43f2423) mem 0x80010000 0x00000001
core   0: 0x8000f0c0 (0x0000bfe5) c.j     pc - 8
core   0: 3 0x8000f0c0 (0xbfe5)
core   0: 0x8000f0b8 (0x00001f17) auipc   t5, 0x1
core   0: 3 0x8000f0b8 (0x00001f17) x30 0x800100b8
core   0: 0x8000f0bc (0xf43f2423) sw      gp, -184(t5)
core   0: 3 0x8000f0bc (0xf43f2423) mem 0x80010000 0x00000001
core   0: 0x8000f0c0 (0x0000bfe5) c.j     pc - 8
core   0: 3 0x8000f0c0 (0xbfe5)
core   0: 0x8000f0b8 (0x00001f17) auipc   t5, 0x1
core   0: 3 0x8000f0b8 (0x00001f17) x30 0x800100b8
core   0: 0x8000f0bc (0xf43f2423) sw      gp, -184(t5)
core   0: 3 0x8000f0bc (0xf43f2423) mem 0x80010000 0x00000001
core   0: 0x8000f0c0 (0x0000bfe5) c.j     pc - 8
core   0: 3 0x8000f0c0 (0xbfe5)
core   0: 0x8000f0b8 (0x00001f17) auipc   t5, 0x1
core   0: 3 0x8000f0b8 (0x00001f17) x30 0x800100b8
core   0: 0x8000f0bc (0xf43f2423) sw      gp, -184(t5)
core   0: 3 0x8000f0bc (0xf43f2423) mem 0x80010000 0x00000001
core   0: 0x8000f0c0 (0x0000bfe5) c.j     pc - 8
core   0: 3 0x8000f0c0 (0xbfe5)
core   0: 0x8000f0b8 (0x00001f17) auipc   t5, 0x1
core   0: 3 0x8000f0b8 (0x00001f17) x30 0x800100b8
core   0: 0x8000f0bc (0xf43f2423) sw      gp, -184(t5)
core   0: 3 0x8000f0bc (0xf43f2423) mem 0x80010000 0x00000001
core   0: 0x8000f0c0 (0x0000bfe5) c.j     pc - 8
core   0: 3 0x8000f0c0 (0xbfe5)
core   0: 0x8000f0b8 (0x00001f17) auipc   t5, 0x1
core   0: 3 0x8000f0b8 (0x00001f17) x30 0x800100b8
core   0: 0x8000f0bc (0xf43f2423) sw      gp, -184(t5)
core   0: 3 0x8000f0bc (0xf43f2423) mem 0x80010000 0x00000001
core   0: 0x8000f0c0 (0x0000bfe5) c.j     pc - 8
core   0: 3 0x8000f0c0 (0xbfe5)
core   0: 0x8000f0b8 (0x00001f17) auipc   t5, 0x1
core   0: 3 0x8000f0b8 (0x00001f17) x30 0x800100b8
core   0: 0x8000f0bc (0xf43f2423) sw      gp, -184(t5)
core   0: 3 0x8000f0bc (0xf43f2423) mem 0x80010000 0x00000001
core   0: 0x8000f0c0 (0x0000bfe5) c.j     pc - 8
core   0: 3 0x8000f0c0 (0xbfe5)
core   0: 0x8000f0b8 (0x00001f17) auipc   t5, 0x1
core   0: 3 0x8000f0b8 (0x00001f17) x30 0x800100b8
core   0: 0x8000f0bc (0xf43f2423) sw      gp, -184(t5)
core   0: 3 0x8000f0bc (0xf43f2423) mem 0x80010000 0x00000001
core   0: 0x8000f0c0 (0x0000bfe5) c.j     pc - 8
core   0: 3 0x8000f0c0 (0xbfe5)
core   0: 0x8000f0b8 (0x00001f17) auipc   t5, 0x1
core   0: 3 0x8000f0b8 (0x00001f17) x30 0x800100b8
core   0: 0x8000f0bc (0xf43f2423) sw      gp, -184(t5)
core   0: 3 0x8000f0bc (0xf43f2423) mem 0x80010000 0x00000001
core   0: 0x8000f0c0 (0x0000bfe5) c.j     pc - 8
core   0: 3 0x8000f0c0 (0xbfe5)
core   0: 0x8000f0b8 (0x00001f17) auipc   t5, 0x1
core   0: 3 0x8000f0b8 (0x00001f17) x30 0x800100b8
core   0: 0x8000f0bc (0xf43f2423) sw      gp, -184(t5)
core   0: 3 0x8000f0bc (0xf43f2423) mem 0x80010000 0x00000001
core   0: 0x8000f0c0 (0x0000bfe5) c.j     pc - 8
core   0: 3 0x8000f0c0 (0xbfe5)
core   0: 0x8000f0b8 (0x00001f17) auipc   t5, 0x1
core   0: 3 0x8000f0b8 (0x00001f17) x30 0x800100b8
core   0: 0x8000f0bc (0xf43f2423) sw      gp, -184(t5)
core   0: 3 0x8000f0bc (0xf43f2423) mem 0x80010000 0x00000001
core   0: 0x8000f0c0 (0x0000bfe5) c.j     pc - 8
core   0: 3 0x8000f0c0 (0xbfe5)
core   0: 0x8000f0b8 (0x00001f17) auipc   t5, 0x1
core   0: 3 0x8000f0b8 (0x00001f17) x30 0x800100b8
core   0: 0x8000f0bc (0xf43f2423) sw      gp, -184(t5)
core   0: 3 0x8000f0bc (0xf43f2423) mem 0x80010000 0x00000001
core   0: 0x8000f0c0 (0x0000bfe5) c.j     pc - 8
core   0: 3 0x8000f0c0 (0xbfe5)
core   0: 0x8000f0b8 (0x00001f17) auipc   t5, 0x1
core   0: 3 0x8000f0b8 (0x00001f17) x30 0x800100b8
core   0: 0x8000f0bc (0xf43f2423) sw      gp, -184(t5)
core   0: 3 0x8000f0bc (0xf43f2423) mem 0x80010000 0x00000001
core   0: 0x8000f0c0 (0x0000bfe5) c.j     pc - 8
core   0: 3 0x8000f0c0 (0xbfe5)
core   0: 0x8000f0b8 (0x00001f17) auipc   t5, 0x1
core   0: 3 0x8000f0b8 (0x00001f17) x30 0x800100b8
core   0: 0x8000f0bc (0xf43f2423) sw      gp, -184(t5)
core   0: 3 0x8000f0bc (0xf43f2423) mem 0x80010000 0x00000001
core   0: 0x8000f0c0 (0x0000bfe5) c.j     pc - 8
core   0: 3 0x8000f0c0 (0xbfe5)
core   0: 0x8000f0b8 (0x00001f17) auipc   t5, 0x1
core   0: 3 0x8000f0b8 (0x00001f17) x30 0x800100b8
core   0: 0x8000f0bc (0xf43f2423) sw      gp, -184(t5)
core   0: 3 0x8000f0bc (0xf43f2423) mem 0x80010000 0x00000001
core   0: 0x8000f0c0 (0x0000bfe5) c.j     pc - 8
core   0: 3 0x8000f0c0 (0xbfe5)
core   0: 0x8000f0b8 (0x00001f17) auipc   t5, 0x1
core   0: 3 0x8000f0b8 (0x00001f17) x30 0x800100b8
core   0: 0x8000f0bc (0xf43f2423) sw      gp, -184(t5)
core   0: 3 0x8000f0bc (0xf43f2423) mem 0x80010000 0x00000001
core   0: 0x8000f0c0 (0x0000bfe5) c.j     pc - 8
core   0: 3 0x8000f0c0 (0xbfe5)
core   0: 0x8000f0b8 (0x00001f17) auipc   t5, 0x1
core   0: 3 0x8000f0b8 (0x00001f17) x30 0x800100b8
core   0: 0x8000f0bc (0xf43f2423) sw      gp, -184(t5)
core   0: 3 0x8000f0bc (0xf43f2423) mem 0x80010000 0x00000001
core   0: 0x8000f0c0 (0x0000bfe5) c.j     pc - 8
core   0: 3 0x8000f0c0 (0xbfe5)
core   0: 0x8000f0b8 (0x00001f17) auipc   t5, 0x1
core   0: 3 0x8000f0b8 (0x00001f17) x30 0x800100b8
core   0: 0x8000f0bc (0xf43f2423) sw      gp, -184(t5)
core   0: 3 0x8000f0bc (0xf43f2423) mem 0x80010000 0x00000001
core   0: 0x8000f0c0 (0x0000bfe5) c.j     pc - 8
core   0: 3 0x8000f0c0 (0xbfe5)
core   0: 0x8000f0b8 (0x00001f17) auipc   t5, 0x1
core   0: 3 0x8000f0b8 (0x00001f17) x30 0x800100b8
core   0: 0x8000f0bc (0xf43f2423) sw      gp, -184(t5)
core   0: 3 0x8000f0bc (0xf43f2423) mem 0x80010000 0x00000001
core   0: 0x8000f0c0 (0x0000bfe5) c.j     pc - 8
core   0: 3 0x8000f0c0 (0xbfe5)
core   0: 0x8000f0b8 (0x00001f17) auipc   t5, 0x1
core   0: 3 0x8000f0b8 (0x00001f17) x30 0x800100b8
core   0: 0x8000f0bc (0xf43f2423) sw      gp, -184(t5)
core   0: 3 0x8000f0bc (0xf43f2423) mem 0x80010000 0x00000001
core   0: 0x8000f0c0 (0x0000bfe5) c.j     pc - 8
core   0: 3 0x8000f0c0 (0xbfe5)
core   0: 0x8000f0b8 (0x00001f17) auipc   t5, 0x1
core   0: 3 0x8000f0b8 (0x00001f17) x30 0x800100b8
core   0: 0x8000f0bc (0xf43f2423) sw      gp, -184(t5)
core   0: 3 0x8000f0bc (0xf43f2423) mem 0x80010000 0x00000001
core   0: 0x8000f0c0 (0x0000bfe5) c.j     pc - 8
core   0: 3 0x8000f0c0 (0xbfe5)
core   0: 0x8000f0b8 (0x00001f17) auipc   t5, 0x1
core   0: 3 0x8000f0b8 (0x00001f17) x30 0x800100b8
core   0: 0x8000f0bc (0xf43f2423) sw      gp, -184(t5)
core   0: 3 0x8000f0bc (0xf43f2423) mem 0x80010000 0x00000001
core   0: 0x8000f0c0 (0x0000bfe5) c.j     pc - 8
core   0: 3 0x8000f0c0 (0xbfe5)
core   0: 0x8000f0b8 (0x00001f17) auipc   t5, 0x1
core   0: 3 0x8000f0b8 (0x00001f17) x30 0x800100b8
core   0: 0x8000f0bc (0xf43f2423) sw      gp, -184(t5)
core   0: 3 0x8000f0bc (0xf43f2423) mem 0x80010000 0x00000001
core   0: 0x8000f0c0 (0x0000bfe5) c.j     pc - 8
core   0: 3 0x8000f0c0 (0xbfe5)
core   0: 0x8000f0b8 (0x00001f17) auipc   t5, 0x1
core   0: 3 0x8000f0b8 (0x00001f17) x30 0x800100b8
core   0: 0x8000f0bc (0xf43f2423) sw      gp, -184(t5)
core   0: 3 0x8000f0bc (0xf43f2423) mem 0x80010000 0x00000001
core   0: 0x8000f0c0 (0x0000bfe5) c.j     pc - 8
core   0: 3 0x8000f0c0 (0xbfe5)
core   0: 0x8000f0b8 (0x00001f17) auipc   t5, 0x1
core   0: 3 0x8000f0b8 (0x00001f17) x30 0x800100b8
core   0: 0x8000f0bc (0xf43f2423) sw      gp, -184(t5)
core   0: 3 0x8000f0bc (0xf43f2423) mem 0x80010000 0x00000001
core   0: 0x8000f0c0 (0x0000bfe5) c.j     pc - 8
core   0: 3 0x8000f0c0 (0xbfe5)
core   0: 0x8000f0b8 (0x00001f17) auipc   t5, 0x1
core   0: 3 0x8000f0b8 (0x00001f17) x30 0x800100b8
core   0: 0x8000f0bc (0xf43f2423) sw      gp, -184(t5)
core   0: 3 0x8000f0bc (0xf43f2423) mem 0x80010000 0x00000001
core   0: 0x8000f0c0 (0x0000bfe5) c.j     pc - 8
core   0: 3 0x8000f0c0 (0xbfe5)
core   0: 0x8000f0b8 (0x00001f17) auipc   t5, 0x1
core   0: 3 0x8000f0b8 (0x00001f17) x30 0x800100b8
core   0: 0x8000f0bc (0xf43f2423) sw      gp, -184(t5)
core   0: 3 0x8000f0bc (0xf43f2423) mem 0x80010000 0x00000001
core   0: 0x8000f0c0 (0x0000bfe5) c.j     pc - 8
core   0: 3 0x8000f0c0 (0xbfe5)
core   0: 0x8000f0b8 (0x00001f17) auipc   t5, 0x1
core   0: 3 0x8000f0b8 (0x00001f17) x30 0x800100b8
core   0: 0x8000f0bc (0xf43f2423) sw      gp, -184(t5)
core   0: 3 0x8000f0bc (0xf43f2423) mem 0x80010000 0x00000001
core   0: 0x8000f0c0 (0x0000bfe5) c.j     pc - 8
core   0: 3 0x8000f0c0 (0xbfe5)
core   0: 0x8000f0b8 (0x00001f17) auipc   t5, 0x1
core   0: 3 0x8000f0b8 (0x00001f17) x30 0x800100b8
core   0: 0x8000f0bc (0xf43f2423) sw      gp, -184(t5)
core   0: 3 0x8000f0bc (0xf43f2423) mem 0x80010000 0x00000001
core   0: 0x8000f0c0 (0x0000bfe5) c.j     pc - 8
core   0: 3 0x8000f0c0 (0xbfe5)
core   0: 0x8000f0b8 (0x00001f17) auipc   t5, 0x1
core   0: 3 0x8000f0b8 (0x00001f17) x30 0x800100b8
core   0: 0x8000f0bc (0xf43f2423) sw      gp, -184(t5)
core   0: 3 0x8000f0bc (0xf43f2423) mem 0x80010000 0x00000001
core   0: 0x8000f0c0 (0x0000bfe5) c.j     pc - 8
core   0: 3 0x8000f0c0 (0xbfe5)
core   0: 0x8000f0b8 (0x00001f17) auipc   t5, 0x1
core   0: 3 0x8000f0b8 (0x00001f17) x30 0x800100b8
core   0: 0x8000f0bc (0xf43f2423) sw      gp, -184(t5)
core   0: 3 0x8000f0bc (0xf43f2423) mem 0x80010000 0x00000001
core   0: 0x8000f0c0 (0x0000bfe5) c.j     pc - 8
core   0: 3 0x8000f0c0 (0xbfe5)
core   0: 0x8000f0b8 (0x00001f17) auipc   t5, 0x1
core   0: 3 0x8000f0b8 (0x00001f17) x30 0x800100b8
core   0: 0x8000f0bc (0xf43f2423) sw      gp, -184(t5)
core   0: 3 0x8000f0bc (0xf43f2423) mem 0x80010000 0x00000001
core   0: 0x8000f0c0 (0x0000bfe5) c.j     pc - 8
core   0: 3 0x8000f0c0 (0xbfe5)
core   0: 0x8000f0b8 (0x00001f17) auipc   t5, 0x1
core   0: 3 0x8000f0b8 (0x00001f17) x30 0x800100b8
core   0: 0x8000f0bc (0xf43f2423) sw      gp, -184(t5)
core   0: 3 0x8000f0bc (0xf43f2423) mem 0x80010000 0x00000001
core   0: 0x8000f0c0 (0x0000bfe5) c.j     pc - 8
core   0: 3 0x8000f0c0 (0xbfe5)
core   0: 0x8000f0b8 (0x00001f17) auipc   t5, 0x1
core   0: 3 0x8000f0b8 (0x00001f17) x30 0x800100b8
core   0: 0x8000f0bc (0xf43f2423) sw      gp, -184(t5)
core   0: 3 0x8000f0bc (0xf43f2423) mem 0x80010000 0x00000001
core   0: 0x8000f0c0 (0x0000bfe5) c.j     pc - 8
core   0: 3 0x8000f0c0 (0xbfe5)
core   0: 0x8000f0b8 (0x00001f17) auipc   t5, 0x1
core   0: 3 0x8000f0b8 (0x00001f17) x30 0x800100b8
core   0: 0x8000f0bc (0xf43f2423) sw      gp, -184(t5)
core   0: 3 0x8000f0bc (0xf43f2423) mem 0x80010000 0x00000001
core   0: 0x8000f0c0 (0x0000bfe5) c.j     pc - 8
core   0: 3 0x8000f0c0 (0xbfe5)
core   0: 0x8000f0b8 (0x00001f17) auipc   t5, 0x1
core   0: 3 0x8000f0b8 (0x00001f17) x30 0x800100b8
core   0: 0x8000f0bc (0xf43f2423) sw      gp, -184(t5)
core   0: 3 0x8000f0bc (0xf43f2423) mem 0x80010000 0x00000001
core   0: 0x8000f0c0 (0x0000bfe5) c.j     pc - 8
core   0: 3 0x8000f0c0 (0xbfe5)
core   0: 0x8000f0b8 (0x00001f17) auipc   t5, 0x1
core   0: 3 0x8000f0b8 (0x00001f17) x30 0x800100b8
core   0: 0x8000f0bc (0xf43f2423) sw      gp, -184(t5)
core   0: 3 0x8000f0bc (0xf43f2423) mem 0x80010000 0x00000001
core   0: 0x8000f0c0 (0x0000bfe5) c.j     pc - 8
core   0: 3 0x8000f0c0 (0xbfe5)
core   0: 0x8000f0b8 (0x00001f17) auipc   t5, 0x1
core   0: 3 0x8000f0b8 (0x00001f17) x30 0x800100b8
core   0: 0x8000f0bc (0xf43f2423) sw      gp, -184(t5)
core   0: 3 0x8000f0bc (0xf43f2423) mem 0x80010000 0x00000001
core   0: 0x8000f0c0 (0x0000bfe5) c.j     pc - 8
core   0: 3 0x8000f0c0 (0xbfe5)
core   0: 0x8000f0b8 (0x00001f17) auipc   t5, 0x1
core   0: 3 0x8000f0b8 (0x00001f17) x30 0x800100b8
core   0: 0x8000f0bc (0xf43f2423) sw      gp, -184(t5)
core   0: 3 0x8000f0bc (0xf43f2423) mem 0x80010000 0x00000001
core   0: 0x8000f0c0 (0x0000bfe5) c.j     pc - 8
core   0: 3 0x8000f0c0 (0xbfe5)
core   0: 0x8000f0b8 (0x00001f17) auipc   t5, 0x1
core   0: 3 0x8000f0b8 (0x00001f17) x30 0x800100b8
core   0: 0x8000f0bc (0xf43f2423) sw      gp, -184(t5)
core   0: 3 0x8000f0bc (0xf43f2423) mem 0x80010000 0x00000001
core   0: 0x8000f0c0 (0x0000bfe5) c.j     pc - 8
core   0: 3 0x8000f0c0 (0xbfe5)
core   0: 0x8000f0b8 (0x00001f17) auipc   t5, 0x1
core   0: 3 0x8000f0b8 (0x00001f17) x30 0x800100b8
core   0: 0x8000f0bc (0xf43f2423) sw      gp, -184(t5)
core   0: 3 0x8000f0bc (0xf43f2423) mem 0x80010000 0x00000001
core   0: 0x8000f0c0 (0x0000bfe5) c.j     pc - 8
core   0: 3 0x8000f0c0 (0xbfe5)
core   0: 0x8000f0b8 (0x00001f17) auipc   t5, 0x1
core   0: 3 0x8000f0b8 (0x00001f17) x30 0x800100b8
core   0: 0x8000f0bc (0xf43f2423) sw      gp, -184(t5)
core   0: 3 0x8000f0bc (0xf43f2423) mem 0x80010000 0x00000001
core   0: 0x8000f0c0 (0x0000bfe5) c.j     pc - 8
core   0: 3 0x8000f0c0 (0xbfe5)
core   0: 0x8000f0b8 (0x00001f17) auipc   t5, 0x1
core   0: 3 0x8000f0b8 (0x00001f17) x30 0x800100b8
core   0: 0x8000f0bc (0xf43f2423) sw      gp, -184(t5)
core   0: 3 0x8000f0bc (0xf43f2423) mem 0x80010000 0x00000001
core   0: 0x8000f0c0 (0x0000bfe5) c.j     pc - 8
core   0: 3 0x8000f0c0 (0xbfe5)
core   0: 0x8000f0b8 (0x00001f17) auipc   t5, 0x1
core   0: 3 0x8000f0b8 (0x00001f17) x30 0x800100b8
core   0: 0x8000f0bc (0xf43f2423) sw      gp, -184(t5)
core   0: 3 0x8000f0bc (0xf43f2423) mem 0x80010000 0x00000001
core   0: 0x8000f0c0 (0x0000bfe5) c.j     pc - 8
core   0: 3 0x8000f0c0 (0xbfe5)
core   0: 0x8000f0b8 (0x00001f17) auipc   t5, 0x1
core   0: 3 0x8000f0b8 (0x00001f17) x30 0x800100b8
core   0: 0x8000f0bc (0xf43f2423) sw      gp, -184(t5)
core   0: 3 0x8000f0bc (0xf43f2423) mem 0x80010000 0x00000001
core   0: 0x8000f0c0 (0x0000bfe5) c.j     pc - 8
core   0: 3 0x8000f0c0 (0xbfe5)
core   0: 0x8000f0b8 (0x00001f17) auipc   t5, 0x1
core   0: 3 0x8000f0b8 (0x00001f17) x30 0x800100b8
core   0: 0x8000f0bc (0xf43f2423) sw      gp, -184(t5)
core   0: 3 0x8000f0bc (0xf43f2423) mem 0x80010000 0x00000001
core   0: 0x8000f0c0 (0x0000bfe5) c.j     pc - 8
core   0: 3 0x8000f0c0 (0xbfe5)
core   0: 0x8000f0b8 (0x00001f17) auipc   t5, 0x1
core   0: 3 0x8000f0b8 (0x00001f17) x30 0x800100b8
core   0: 0x8000f0bc (0xf43f2423) sw      gp, -184(t5)
core   0: 3 0x8000f0bc (0xf43f2423) mem 0x80010000 0x00000001
core   0: 0x8000f0c0 (0x0000bfe5) c.j     pc - 8
core   0: 3 0x8000f0c0 (0xbfe5)
core   0: 0x8000f0b8 (0x00001f17) auipc   t5, 0x1
core   0: 3 0x8000f0b8 (0x00001f17) x30 0x800100b8
core   0: 0x8000f0bc (0xf43f2423) sw      gp, -184(t5)
core   0: 3 0x8000f0bc (0xf43f2423) mem 0x80010000 0x00000001
core   0: 0x8000f0c0 (0x0000bfe5) c.j     pc - 8
core   0: 3 0x8000f0c0 (0xbfe5)
core   0: 0x8000f0b8 (0x00001f17) auipc   t5, 0x1
core   0: 3 0x8000f0b8 (0x00001f17) x30 0x800100b8
core   0: 0x8000f0bc (0xf43f2423) sw      gp, -184(t5)
core   0: 3 0x8000f0bc (0xf43f2423) mem 0x80010000 0x00000001
core   0: 0x8000f0c0 (0x0000bfe5) c.j     pc - 8
core   0: 3 0x8000f0c0 (0xbfe5)
core   0: 0x8000f0b8 (0x00001f17) auipc   t5, 0x1
core   0: 3 0x8000f0b8 (0x00001f17) x30 0x800100b8
core   0: 0x8000f0bc (0xf43f2423) sw      gp, -184(t5)
core   0: 3 0x8000f0bc (0xf43f2423) mem 0x80010000 0x00000001
core   0: 0x8000f0c0 (0x0000bfe5) c.j     pc - 8
core   0: 3 0x8000f0c0 (0xbfe5)
core   0: 0x8000f0b8 (0x00001f17) auipc   t5, 0x1
core   0: 3 0x8000f0b8 (0x00001f17) x30 0x800100b8
core   0: 0x8000f0bc (0xf43f2423) sw      gp, -184(t5)
core   0: 3 0x8000f0bc (0xf43f2423) mem 0x80010000 0x00000001
core   0: 0x8000f0c0 (0x0000bfe5) c.j     pc - 8
core   0: 3 0x8000f0c0 (0xbfe5)
core   0: 0x8000f0b8 (0x00001f17) auipc   t5, 0x1
core   0: 3 0x8000f0b8 (0x00001f17) x30 0x800100b8
core   0: 0x8000f0bc (0xf43f2423) sw      gp, -184(t5)
core   0: 3 0x8000f0bc (0xf43f2423) mem 0x80010000 0x00000001
core   0: 0x8000f0c0 (0x0000bfe5) c.j     pc - 8
core   0: 3 0x8000f0c0 (0xbfe5)
core   0: 0x8000f0b8 (0x00001f17) auipc   t5, 0x1
core   0: 3 0x8000f0b8 (0x00001f17) x30 0x800100b8
core   0: 0x8000f0bc (0xf43f2423) sw      gp, -184(t5)
core   0: 3 0x8000f0bc (0xf43f2423) mem 0x80010000 0x00000001
core   0: 0x8000f0c0 (0x0000bfe5) c.j     pc - 8
core   0: 3 0x8000f0c0 (0xbfe5)
core   0: 0x8000f0b8 (0x00001f17) auipc   t5, 0x1
core   0: 3 0x8000f0b8 (0x00001f17) x30 0x800100b8
core   0: 0x8000f0bc (0xf43f2423) sw      gp, -184(t5)
core   0: 3 0x8000f0bc (0xf43f2423) mem 0x80010000 0x00000001
core   0: 0x8000f0c0 (0x0000bfe5) c.j     pc - 8
core   0: 3 0x8000f0c0 (0xbfe5)
core   0: 0x8000f0b8 (0x00001f17) auipc   t5, 0x1
core   0: 3 0x8000f0b8 (0x00001f17) x30 0x800100b8
core   0: 0x8000f0bc (0xf43f2423) sw      gp, -184(t5)
core   0: 3 0x8000f0bc (0xf43f2423) mem 0x80010000 0x00000001
core   0: 0x8000f0c0 (0x0000bfe5) c.j     pc - 8
core   0: 3 0x8000f0c0 (0xbfe5)
core   0: 0x8000f0b8 (0x00001f17) auipc   t5, 0x1
core   0: 3 0x8000f0b8 (0x00001f17) x30 0x800100b8
core   0: 0x8000f0bc (0xf43f2423) sw      gp, -184(t5)
core   0: 3 0x8000f0bc (0xf43f2423) mem 0x80010000 0x00000001
core   0: 0x8000f0c0 (0x0000bfe5) c.j     pc - 8
core   0: 3 0x8000f0c0 (0xbfe5)
core   0: 0x8000f0b8 (0x00001f17) auipc   t5, 0x1
core   0: 3 0x8000f0b8 (0x00001f17) x30 0x800100b8
core   0: 0x8000f0bc (0xf43f2423) sw      gp, -184(t5)
core   0: 3 0x8000f0bc (0xf43f2423) mem 0x80010000 0x00000001
core   0: 0x8000f0c0 (0x0000bfe5) c.j     pc - 8
core   0: 3 0x8000f0c0 (0xbfe5)
core   0: 0x8000f0b8 (0x00001f17) auipc   t5, 0x1
core   0: 3 0x8000f0b8 (0x00001f17) x30 0x800100b8
core   0: 0x8000f0bc (0xf43f2423) sw      gp, -184(t5)
core   0: 3 0x8000f0bc (0xf43f2423) mem 0x80010000 0x00000001
core   0: 0x8000f0c0 (0x0000bfe5) c.j     pc - 8
core   0: 3 0x8000f0c0 (0xbfe5)
core   0: 0x8000f0b8 (0x00001f17) auipc   t5, 0x1
core   0: 3 0x8000f0b8 (0x00001f17) x30 0x800100b8
core   0: 0x8000f0bc (0xf43f2423) sw      gp, -184(t5)
core   0: 3 0x8000f0bc (0xf43f2423) mem 0x80010000 0x00000001
core   0: 0x8000f0c0 (0x0000bfe5) c.j     pc - 8
core   0: 3 0x8000f0c0 (0xbfe5)
core   0: 0x8000f0b8 (0x00001f17) auipc   t5, 0x1
core   0: 3 0x8000f0b8 (0x00001f17) x30 0x800100b8
core   0: 0x8000f0bc (0xf43f2423) sw      gp, -184(t5)
core   0: 3 0x8000f0bc (0xf43f2423) mem 0x80010000 0x00000001
core   0: 0x8000f0c0 (0x0000bfe5) c.j     pc - 8
core   0: 3 0x8000f0c0 (0xbfe5)
core   0: 0x8000f0b8 (0x00001f17) auipc   t5, 0x1
core   0: 3 0x8000f0b8 (0x00001f17) x30 0x800100b8
core   0: 0x8000f0bc (0xf43f2423) sw      gp, -184(t5)
core   0: 3 0x8000f0bc (0xf43f2423) mem 0x80010000 0x00000001
core   0: 0x8000f0c0 (0x0000bfe5) c.j     pc - 8
core   0: 3 0x8000f0c0 (0xbfe5)
core   0: 0x8000f0b8 (0x00001f17) auipc   t5, 0x1
core   0: 3 0x8000f0b8 (0x00001f17) x30 0x800100b8
core   0: 0x8000f0bc (0xf43f2423) sw      gp, -184(t5)
core   0: 3 0x8000f0bc (0xf43f2423) mem 0x80010000 0x00000001
core   0: 0x8000f0c0 (0x0000bfe5) c.j     pc - 8
core   0: 3 0x8000f0c0 (0xbfe5)
core   0: 0x8000f0b8 (0x00001f17) auipc   t5, 0x1
core   0: 3 0x8000f0b8 (0x00001f17) x30 0x800100b8
core   0: 0x8000f0bc (0xf43f2423) sw      gp, -184(t5)
core   0: 3 0x8000f0bc (0xf43f2423) mem 0x80010000 0x00000001
core   0: 0x8000f0c0 (0x0000bfe5) c.j     pc - 8
core   0: 3 0x8000f0c0 (0xbfe5)
core   0: 0x8000f0b8 (0x00001f17) auipc   t5, 0x1
core   0: 3 0x8000f0b8 (0x00001f17) x30 0x800100b8
core   0: 0x8000f0bc (0xf43f2423) sw      gp, -184(t5)
core   0: 3 0x8000f0bc (0xf43f2423) mem 0x80010000 0x00000001
core   0: 0x8000f0c0 (0x0000bfe5) c.j     pc - 8
core   0: 3 0x8000f0c0 (0xbfe5)
core   0: 0x8000f0b8 (0x00001f17) auipc   t5, 0x1
core   0: 3 0x8000f0b8 (0x00001f17) x30 0x800100b8
core   0: 0x8000f0bc (0xf43f2423) sw      gp, -184(t5)
core   0: 3 0x8000f0bc (0xf43f2423) mem 0x80010000 0x00000001
core   0: 0x8000f0c0 (0x0000bfe5) c.j     pc - 8
core   0: 3 0x8000f0c0 (0xbfe5)
core   0: 0x8000f0b8 (0x00001f17) auipc   t5, 0x1
core   0: 3 0x8000f0b8 (0x00001f17) x30 0x800100b8
core   0: 0x8000f0bc (0xf43f2423) sw      gp, -184(t5)
core   0: 3 0x8000f0bc (0xf43f2423) mem 0x80010000 0x00000001
core   0: 0x8000f0c0 (0x0000bfe5) c.j     pc - 8
core   0: 3 0x8000f0c0 (0xbfe5)
core   0: 0x8000f0b8 (0x00001f17) auipc   t5, 0x1
core   0: 3 0x8000f0b8 (0x00001f17) x30 0x800100b8
core   0: 0x8000f0bc (0xf43f2423) sw      gp, -184(t5)
core   0: 3 0x8000f0bc (0xf43f2423) mem 0x80010000 0x00000001
core   0: 0x8000f0c0 (0x0000bfe5) c.j     pc - 8
core   0: 3 0x8000f0c0 (0xbfe5)
core   0: 0x8000f0b8 (0x00001f17) auipc   t5, 0x1
core   0: 3 0x8000f0b8 (0x00001f17) x30 0x800100b8
core   0: 0x8000f0bc (0xf43f2423) sw      gp, -184(t5)
core   0: 3 0x8000f0bc (0xf43f2423) mem 0x80010000 0x00000001
core   0: 0x8000f0c0 (0x0000bfe5) c.j     pc - 8
core   0: 3 0x8000f0c0 (0xbfe5)
core   0: 0x8000f0b8 (0x00001f17) auipc   t5, 0x1
core   0: 3 0x8000f0b8 (0x00001f17) x30 0x800100b8
core   0: 0x8000f0bc (0xf43f2423) sw      gp, -184(t5)
core   0: 3 0x8000f0bc (0xf43f2423) mem 0x80010000 0x00000001
core   0: 0x8000f0c0 (0x0000bfe5) c.j     pc - 8
core   0: 3 0x8000f0c0 (0xbfe5)
core   0: 0x8000f0b8 (0x00001f17) auipc   t5, 0x1
core   0: 3 0x8000f0b8 (0x00001f17) x30 0x800100b8
core   0: 0x8000f0bc (0xf43f2423) sw      gp, -184(t5)
core   0: 3 0x8000f0bc (0xf43f2423) mem 0x80010000 0x00000001
core   0: 0x8000f0c0 (0x0000bfe5) c.j     pc - 8
core   0: 3 0x8000f0c0 (0xbfe5)
core   0: 0x8000f0b8 (0x00001f17) auipc   t5, 0x1
core   0: 3 0x8000f0b8 (0x00001f17) x30 0x800100b8
core   0: 0x8000f0bc (0xf43f2423) sw      gp, -184(t5)
core   0: 3 0x8000f0bc (0xf43f2423) mem 0x80010000 0x00000001
core   0: 0x8000f0c0 (0x0000bfe5) c.j     pc - 8
core   0: 3 0x8000f0c0 (0xbfe5)
core   0: 0x8000f0b8 (0x00001f17) auipc   t5, 0x1
core   0: 3 0x8000f0b8 (0x00001f17) x30 0x800100b8
core   0: 0x8000f0bc (0xf43f2423) sw      gp, -184(t5)
core   0: 3 0x8000f0bc (0xf43f2423) mem 0x80010000 0x00000001
core   0: 0x8000f0c0 (0x0000bfe5) c.j     pc - 8
core   0: 3 0x8000f0c0 (0xbfe5)
core   0: 0x8000f0b8 (0x00001f17) auipc   t5, 0x1
core   0: 3 0x8000f0b8 (0x00001f17) x30 0x800100b8
core   0: 0x8000f0bc (0xf43f2423) sw      gp, -184(t5)
core   0: 3 0x8000f0bc (0xf43f2423) mem 0x80010000 0x00000001
core   0: 0x8000f0c0 (0x0000bfe5) c.j     pc - 8
core   0: 3 0x8000f0c0 (0xbfe5)
core   0: 0x8000f0b8 (0x00001f17) auipc   t5, 0x1
core   0: 3 0x8000f0b8 (0x00001f17) x30 0x800100b8
core   0: 0x8000f0bc (0xf43f2423) sw      gp, -184(t5)
core   0: 3 0x8000f0bc (0xf43f2423) mem 0x80010000 0x00000001
core   0: 0x8000f0c0 (0x0000bfe5) c.j     pc - 8
core   0: 3 0x8000f0c0 (0xbfe5)
core   0: 0x8000f0b8 (0x00001f17) auipc   t5, 0x1
core   0: 3 0x8000f0b8 (0x00001f17) x30 0x800100b8
core   0: 0x8000f0bc (0xf43f2423) sw      gp, -184(t5)
core   0: 3 0x8000f0bc (0xf43f2423) mem 0x80010000 0x00000001
core   0: 0x8000f0c0 (0x0000bfe5) c.j     pc - 8
core   0: 3 0x8000f0c0 (0xbfe5)
core   0: 0x8000f0b8 (0x00001f17) auipc   t5, 0x1
core   0: 3 0x8000f0b8 (0x00001f17) x30 0x800100b8
core   0: 0x8000f0bc (0xf43f2423) sw      gp, -184(t5)
core   0: 3 0x8000f0bc (0xf43f2423) mem 0x80010000 0x00000001
core   0: 0x8000f0c0 (0x0000bfe5) c.j     pc - 8
core   0: 3 0x8000f0c0 (0xbfe5)
core   0: 0x8000f0b8 (0x00001f17) auipc   t5, 0x1
core   0: 3 0x8000f0b8 (0x00001f17) x30 0x800100b8
core   0: 0x8000f0bc (0xf43f2423) sw      gp, -184(t5)
core   0: 3 0x8000f0bc (0xf43f2423) mem 0x80010000 0x00000001
core   0: 0x8000f0c0 (0x0000bfe5) c.j     pc - 8
core   0: 3 0x8000f0c0 (0xbfe5)
core   0: 0x8000f0b8 (0x00001f17) auipc   t5, 0x1
core   0: 3 0x8000f0b8 (0x00001f17) x30 0x800100b8
core   0: 0x8000f0bc (0xf43f2423) sw      gp, -184(t5)
core   0: 3 0x8000f0bc (0xf43f2423) mem 0x80010000 0x00000001
core   0: 0x8000f0c0 (0x0000bfe5) c.j     pc - 8
core   0: 3 0x8000f0c0 (0xbfe5)
core   0: 0x8000f0b8 (0x00001f17) auipc   t5, 0x1
core   0: 3 0x8000f0b8 (0x00001f17) x30 0x800100b8
core   0: 0x8000f0bc (0xf43f2423) sw      gp, -184(t5)
core   0: 3 0x8000f0bc (0xf43f2423) mem 0x80010000 0x00000001
core   0: 0x8000f0c0 (0x0000bfe5) c.j     pc - 8
core   0: 3 0x8000f0c0 (0xbfe5)
core   0: 0x8000f0b8 (0x00001f17) auipc   t5, 0x1
core   0: 3 0x8000f0b8 (0x00001f17) x30 0x800100b8
core   0: 0x8000f0bc (0xf43f2423) sw      gp, -184(t5)
core   0: 3 0x8000f0bc (0xf43f2423) mem 0x80010000 0x00000001
core   0: 0x8000f0c0 (0x0000bfe5) c.j     pc - 8
core   0: 3 0x8000f0c0 (0xbfe5)
core   0: 0x8000f0b8 (0x00001f17) auipc   t5, 0x1
core   0: 3 0x8000f0b8 (0x00001f17) x30 0x800100b8
core   0: 0x8000f0bc (0xf43f2423) sw      gp, -184(t5)
core   0: 3 0x8000f0bc (0xf43f2423) mem 0x80010000 0x00000001
core   0: 0x8000f0c0 (0x0000bfe5) c.j     pc - 8
core   0: 3 0x8000f0c0 (0xbfe5)
core   0: 0x8000f0b8 (0x00001f17) auipc   t5, 0x1
core   0: 3 0x8000f0b8 (0x00001f17) x30 0x800100b8
core   0: 0x8000f0bc (0xf43f2423) sw      gp, -184(t5)
core   0: 3 0x8000f0bc (0xf43f2423) mem 0x80010000 0x00000001
core   0: 0x8000f0c0 (0x0000bfe5) c.j     pc - 8
core   0: 3 0x8000f0c0 (0xbfe5)
core   0: 0x8000f0b8 (0x00001f17) auipc   t5, 0x1
core   0: 3 0x8000f0b8 (0x00001f17) x30 0x800100b8
core   0: 0x8000f0bc (0xf43f2423) sw      gp, -184(t5)
core   0: 3 0x8000f0bc (0xf43f2423) mem 0x80010000 0x00000001
core   0: 0x8000f0c0 (0x0000bfe5) c.j     pc - 8
core   0: 3 0x8000f0c0 (0xbfe5)
core   0: 0x8000f0b8 (0x00001f17) auipc   t5, 0x1
core   0: 3 0x8000f0b8 (0x00001f17) x30 0x800100b8
core   0: 0x8000f0bc (0xf43f2423) sw      gp, -184(t5)
core   0: 3 0x8000f0bc (0xf43f2423) mem 0x80010000 0x00000001
core   0: 0x8000f0c0 (0x0000bfe5) c.j     pc - 8
core   0: 3 0x8000f0c0 (0xbfe5)
core   0: 0x8000f0b8 (0x00001f17) auipc   t5, 0x1
core   0: 3 0x8000f0b8 (0x00001f17) x30 0x800100b8
core   0: 0x8000f0bc (0xf43f2423) sw      gp, -184(t5)
core   0: 3 0x8000f0bc (0xf43f2423) mem 0x80010000 0x00000001
core   0: 0x8000f0c0 (0x0000bfe5) c.j     pc - 8
core   0: 3 0x8000f0c0 (0xbfe5)
core   0: 0x8000f0b8 (0x00001f17) auipc   t5, 0x1
core   0: 3 0x8000f0b8 (0x00001f17) x30 0x800100b8
core   0: 0x8000f0bc (0xf43f2423) sw      gp, -184(t5)
core   0: 3 0x8000f0bc (0xf43f2423) mem 0x80010000 0x00000001
core   0: 0x8000f0c0 (0x0000bfe5) c.j     pc - 8
core   0: 3 0x8000f0c0 (0xbfe5)
core   0: 0x8000f0b8 (0x00001f17) auipc   t5, 0x1
core   0: 3 0x8000f0b8 (0x00001f17) x30 0x800100b8
core   0: 0x8000f0bc (0xf43f2423) sw      gp, -184(t5)
core   0: 3 0x8000f0bc (0xf43f2423) mem 0x80010000 0x00000001
core   0: 0x8000f0c0 (0x0000bfe5) c.j     pc - 8
core   0: 3 0x8000f0c0 (0xbfe5)
core   0: 0x8000f0b8 (0x00001f17) auipc   t5, 0x1
core   0: 3 0x8000f0b8 (0x00001f17) x30 0x800100b8
core   0: 0x8000f0bc (0xf43f2423) sw      gp, -184(t5)
core   0: 3 0x8000f0bc (0xf43f2423) mem 0x80010000 0x00000001
core   0: 0x8000f0c0 (0x0000bfe5) c.j     pc - 8
core   0: 3 0x8000f0c0 (0xbfe5)
core   0: 0x8000f0b8 (0x00001f17) auipc   t5, 0x1
core   0: 3 0x8000f0b8 (0x00001f17) x30 0x800100b8
core   0: 0x8000f0bc (0xf43f2423) sw      gp, -184(t5)
core   0: 3 0x8000f0bc (0xf43f2423) mem 0x80010000 0x00000001
core   0: 0x8000f0c0 (0x0000bfe5) c.j     pc - 8
core   0: 3 0x8000f0c0 (0xbfe5)
core   0: 0x8000f0b8 (0x00001f17) auipc   t5, 0x1
core   0: 3 0x8000f0b8 (0x00001f17) x30 0x800100b8
core   0: 0x8000f0bc (0xf43f2423) sw      gp, -184(t5)
core   0: 3 0x8000f0bc (0xf43f2423) mem 0x80010000 0x00000001
core   0: 0x8000f0c0 (0x0000bfe5) c.j     pc - 8
core   0: 3 0x8000f0c0 (0xbfe5)
core   0: 0x8000f0b8 (0x00001f17) auipc   t5, 0x1
core   0: 3 0x8000f0b8 (0x00001f17) x30 0x800100b8
core   0: 0x8000f0bc (0xf43f2423) sw      gp, -184(t5)
core   0: 3 0x8000f0bc (0xf43f2423) mem 0x80010000 0x00000001
core   0: 0x8000f0c0 (0x0000bfe5) c.j     pc - 8
core   0: 3 0x8000f0c0 (0xbfe5)
core   0: 0x8000f0b8 (0x00001f17) auipc   t5, 0x1
core   0: 3 0x8000f0b8 (0x00001f17) x30 0x800100b8
core   0: 0x8000f0bc (0xf43f2423) sw      gp, -184(t5)
core   0: 3 0x8000f0bc (0xf43f2423) mem 0x80010000 0x00000001
core   0: 0x8000f0c0 (0x0000bfe5) c.j     pc - 8
core   0: 3 0x8000f0c0 (0xbfe5)
core   0: 0x8000f0b8 (0x00001f17) auipc   t5, 0x1
core   0: 3 0x8000f0b8 (0x00001f17) x30 0x800100b8
core   0: 0x8000f0bc (0xf43f2423) sw      gp, -184(t5)
core   0: 3 0x8000f0bc (0xf43f2423) mem 0x80010000 0x00000001
core   0: 0x8000f0c0 (0x0000bfe5) c.j     pc - 8
core   0: 3 0x8000f0c0 (0xbfe5)
core   0: 0x8000f0b8 (0x00001f17) auipc   t5, 0x1
core   0: 3 0x8000f0b8 (0x00001f17) x30 0x800100b8
core   0: 0x8000f0bc (0xf43f2423) sw      gp, -184(t5)
core   0: 3 0x8000f0bc (0xf43f2423) mem 0x80010000 0x00000001
core   0: 0x8000f0c0 (0x0000bfe5) c.j     pc - 8
core   0: 3 0x8000f0c0 (0xbfe5)
core   0: 0x8000f0b8 (0x00001f17) auipc   t5, 0x1
core   0: 3 0x8000f0b8 (0x00001f17) x30 0x800100b8
core   0: 0x8000f0bc (0xf43f2423) sw      gp, -184(t5)
core   0: 3 0x8000f0bc (0xf43f2423) mem 0x80010000 0x00000001
core   0: 0x8000f0c0 (0x0000bfe5) c.j     pc - 8
core   0: 3 0x8000f0c0 (0xbfe5)
core   0: 0x8000f0b8 (0x00001f17) auipc   t5, 0x1
core   0: 3 0x8000f0b8 (0x00001f17) x30 0x800100b8
core   0: 0x8000f0bc (0xf43f2423) sw      gp, -184(t5)
core   0: 3 0x8000f0bc (0xf43f2423) mem 0x80010000 0x00000001
core   0: 0x8000f0c0 (0x0000bfe5) c.j     pc - 8
core   0: 3 0x8000f0c0 (0xbfe5)
core   0: 0x8000f0b8 (0x00001f17) auipc   t5, 0x1
core   0: 3 0x8000f0b8 (0x00001f17) x30 0x800100b8
core   0: 0x8000f0bc (0xf43f2423) sw      gp, -184(t5)
core   0: 3 0x8000f0bc (0xf43f2423) mem 0x80010000 0x00000001
core   0: 0x8000f0c0 (0x0000bfe5) c.j     pc - 8
core   0: 3 0x8000f0c0 (0xbfe5)
core   0: 0x8000f0b8 (0x00001f17) auipc   t5, 0x1
core   0: 3 0x8000f0b8 (0x00001f17) x30 0x800100b8
core   0: 0x8000f0bc (0xf43f2423) sw      gp, -184(t5)
core   0: 3 0x8000f0bc (0xf43f2423) mem 0x80010000 0x00000001
core   0: 0x8000f0c0 (0x0000bfe5) c.j     pc - 8
core   0: 3 0x8000f0c0 (0xbfe5)
core   0: 0x8000f0b8 (0x00001f17) auipc   t5, 0x1
core   0: 3 0x8000f0b8 (0x00001f17) x30 0x800100b8
core   0: 0x8000f0bc (0xf43f2423) sw      gp, -184(t5)
core   0: 3 0x8000f0bc (0xf43f2423) mem 0x80010000 0x00000001
core   0: 0x8000f0c0 (0x0000bfe5) c.j     pc - 8
core   0: 3 0x8000f0c0 (0xbfe5)
core   0: 0x8000f0b8 (0x00001f17) auipc   t5, 0x1
core   0: 3 0x8000f0b8 (0x00001f17) x30 0x800100b8
core   0: 0x8000f0bc (0xf43f2423) sw      gp, -184(t5)
core   0: 3 0x8000f0bc (0xf43f2423) mem 0x80010000 0x00000001
core   0: 0x8000f0c0 (0x0000bfe5) c.j     pc - 8
core   0: 3 0x8000f0c0 (0xbfe5)
core   0: 0x8000f0b8 (0x00001f17) auipc   t5, 0x1
core   0: 3 0x8000f0b8 (0x00001f17) x30 0x800100b8
core   0: 0x8000f0bc (0xf43f2423) sw      gp, -184(t5)
core   0: 3 0x8000f0bc (0xf43f2423) mem 0x80010000 0x00000001
core   0: 0x8000f0c0 (0x0000bfe5) c.j     pc - 8
core   0: 3 0x8000f0c0 (0xbfe5)
core   0: 0x8000f0b8 (0x00001f17) auipc   t5, 0x1
core   0: 3 0x8000f0b8 (0x00001f17) x30 0x800100b8
core   0: 0x8000f0bc (0xf43f2423) sw      gp, -184(t5)
core   0: 3 0x8000f0bc (0xf43f2423) mem 0x80010000 0x00000001
core   0: 0x8000f0c0 (0x0000bfe5) c.j     pc - 8
core   0: 3 0x8000f0c0 (0xbfe5)
core   0: 0x8000f0b8 (0x00001f17) auipc   t5, 0x1
core   0: 3 0x8000f0b8 (0x00001f17) x30 0x800100b8
core   0: 0x8000f0bc (0xf43f2423) sw      gp, -184(t5)
core   0: 3 0x8000f0bc (0xf43f2423) mem 0x80010000 0x00000001
core   0: 0x8000f0c0 (0x0000bfe5) c.j     pc - 8
core   0: 3 0x8000f0c0 (0xbfe5)
core   0: 0x8000f0b8 (0x00001f17) auipc   t5, 0x1
core   0: 3 0x8000f0b8 (0x00001f17) x30 0x800100b8
core   0: 0x8000f0bc (0xf43f2423) sw      gp, -184(t5)
core   0: 3 0x8000f0bc (0xf43f2423) mem 0x80010000 0x00000001
core   0: 0x8000f0c0 (0x0000bfe5) c.j     pc - 8
core   0: 3 0x8000f0c0 (0xbfe5)
core   0: 0x8000f0b8 (0x00001f17) auipc   t5, 0x1
core   0: 3 0x8000f0b8 (0x00001f17) x30 0x800100b8
core   0: 0x8000f0bc (0xf43f2423) sw      gp, -184(t5)
core   0: 3 0x8000f0bc (0xf43f2423) mem 0x80010000 0x00000001
core   0: 0x8000f0c0 (0x0000bfe5) c.j     pc - 8
core   0: 3 0x8000f0c0 (0xbfe5)
core   0: 0x8000f0b8 (0x00001f17) auipc   t5, 0x1
core   0: 3 0x8000f0b8 (0x00001f17) x30 0x800100b8
core   0: 0x8000f0bc (0xf43f2423) sw      gp, -184(t5)
core   0: 3 0x8000f0bc (0xf43f2423) mem 0x80010000 0x00000001
core   0: 0x8000f0c0 (0x0000bfe5) c.j     pc - 8
core   0: 3 0x8000f0c0 (0xbfe5)
core   0: 0x8000f0b8 (0x00001f17) auipc   t5, 0x1
core   0: 3 0x8000f0b8 (0x00001f17) x30 0x800100b8
core   0: 0x8000f0bc (0xf43f2423) sw      gp, -184(t5)
core   0: 3 0x8000f0bc (0xf43f2423) mem 0x80010000 0x00000001
core   0: 0x8000f0c0 (0x0000bfe5) c.j     pc - 8
core   0: 3 0x8000f0c0 (0xbfe5)
core   0: 0x8000f0b8 (0x00001f17) auipc   t5, 0x1
core   0: 3 0x8000f0b8 (0x00001f17) x30 0x800100b8
core   0: 0x8000f0bc (0xf43f2423) sw      gp, -184(t5)
core   0: 3 0x8000f0bc (0xf43f2423) mem 0x80010000 0x00000001
core   0: 0x8000f0c0 (0x0000bfe5) c.j     pc - 8
core   0: 3 0x8000f0c0 (0xbfe5)
core   0: 0x8000f0b8 (0x00001f17) auipc   t5, 0x1
core   0: 3 0x8000f0b8 (0x00001f17) x30 0x800100b8
core   0: 0x8000f0bc (0xf43f2423) sw      gp, -184(t5)
core   0: 3 0x8000f0bc (0xf43f2423) mem 0x80010000 0x00000001
core   0: 0x8000f0c0 (0x0000bfe5) c.j     pc - 8
core   0: 3 0x8000f0c0 (0xbfe5)
core   0: 0x8000f0b8 (0x00001f17) auipc   t5, 0x1
core   0: 3 0x8000f0b8 (0x00001f17) x30 0x800100b8
core   0: 0x8000f0bc (0xf43f2423) sw      gp, -184(t5)
core   0: 3 0x8000f0bc (0xf43f2423) mem 0x80010000 0x00000001
core   0: 0x8000f0c0 (0x0000bfe5) c.j     pc - 8
core   0: 3 0x8000f0c0 (0xbfe5)
core   0: 0x8000f0b8 (0x00001f17) auipc   t5, 0x1
core   0: 3 0x8000f0b8 (0x00001f17) x30 0x800100b8
core   0: 0x8000f0bc (0xf43f2423) sw      gp, -184(t5)
core   0: 3 0x8000f0bc (0xf43f2423) mem 0x80010000 0x00000001
core   0: 0x8000f0c0 (0x0000bfe5) c.j     pc - 8
core   0: 3 0x8000f0c0 (0xbfe5)
core   0: 0x8000f0b8 (0x00001f17) auipc   t5, 0x1
core   0: 3 0x8000f0b8 (0x00001f17) x30 0x800100b8
core   0: 0x8000f0bc (0xf43f2423) sw      gp, -184(t5)
core   0: 3 0x8000f0bc (0xf43f2423) mem 0x80010000 0x00000001
core   0: 0x8000f0c0 (0x0000bfe5) c.j     pc - 8
core   0: 3 0x8000f0c0 (0xbfe5)
core   0: 0x8000f0b8 (0x00001f17) auipc   t5, 0x1
core   0: 3 0x8000f0b8 (0x00001f17) x30 0x800100b8
core   0: 0x8000f0bc (0xf43f2423) sw      gp, -184(t5)
core   0: 3 0x8000f0bc (0xf43f2423) mem 0x80010000 0x00000001
core   0: 0x8000f0c0 (0x0000bfe5) c.j     pc - 8
core   0: 3 0x8000f0c0 (0xbfe5)
core   0: 0x8000f0b8 (0x00001f17) auipc   t5, 0x1
core   0: 3 0x8000f0b8 (0x00001f17) x30 0x800100b8
core   0: 0x8000f0bc (0xf43f2423) sw      gp, -184(t5)
core   0: 3 0x8000f0bc (0xf43f2423) mem 0x80010000 0x00000001
core   0: 0x8000f0c0 (0x0000bfe5) c.j     pc - 8
core   0: 3 0x8000f0c0 (0xbfe5)
core   0: 0x8000f0b8 (0x00001f17) auipc   t5, 0x1
core   0: 3 0x8000f0b8 (0x00001f17) x30 0x800100b8
core   0: 0x8000f0bc (0xf43f2423) sw      gp, -184(t5)
core   0: 3 0x8000f0bc (0xf43f2423) mem 0x80010000 0x00000001
core   0: 0x8000f0c0 (0x0000bfe5) c.j     pc - 8
core   0: 3 0x8000f0c0 (0xbfe5)
core   0: 0x8000f0b8 (0x00001f17) auipc   t5, 0x1
core   0: 3 0x8000f0b8 (0x00001f17) x30 0x800100b8
core   0: 0x8000f0bc (0xf43f2423) sw      gp, -184(t5)
core   0: 3 0x8000f0bc (0xf43f2423) mem 0x80010000 0x00000001
core   0: 0x8000f0c0 (0x0000bfe5) c.j     pc - 8
core   0: 3 0x8000f0c0 (0xbfe5)
core   0: 0x8000f0b8 (0x00001f17) auipc   t5, 0x1
core   0: 3 0x8000f0b8 (0x00001f17) x30 0x800100b8
core   0: 0x8000f0bc (0xf43f2423) sw      gp, -184(t5)
core   0: 3 0x8000f0bc (0xf43f2423) mem 0x80010000 0x00000001
core   0: 0x8000f0c0 (0x0000bfe5) c.j     pc - 8
core   0: 3 0x8000f0c0 (0xbfe5)
core   0: 0x8000f0b8 (0x00001f17) auipc   t5, 0x1
core   0: 3 0x8000f0b8 (0x00001f17) x30 0x800100b8
core   0: 0x8000f0bc (0xf43f2423) sw      gp, -184(t5)
core   0: 3 0x8000f0bc (0xf43f2423) mem 0x80010000 0x00000001
core   0: 0x8000f0c0 (0x0000bfe5) c.j     pc - 8
core   0: 3 0x8000f0c0 (0xbfe5)
core   0: 0x8000f0b8 (0x00001f17) auipc   t5, 0x1
core   0: 3 0x8000f0b8 (0x00001f17) x30 0x800100b8
core   0: 0x8000f0bc (0xf43f2423) sw      gp, -184(t5)
core   0: 3 0x8000f0bc (0xf43f2423) mem 0x80010000 0x00000001
core   0: 0x8000f0c0 (0x0000bfe5) c.j     pc - 8
core   0: 3 0x8000f0c0 (0xbfe5)
core   0: 0x8000f0b8 (0x00001f17) auipc   t5, 0x1
core   0: 3 0x8000f0b8 (0x00001f17) x30 0x800100b8
core   0: 0x8000f0bc (0xf43f2423) sw      gp, -184(t5)
core   0: 3 0x8000f0bc (0xf43f2423) mem 0x80010000 0x00000001
core   0: 0x8000f0c0 (0x0000bfe5) c.j     pc - 8
core   0: 3 0x8000f0c0 (0xbfe5)
core   0: 0x8000f0b8 (0x00001f17) auipc   t5, 0x1
core   0: 3 0x8000f0b8 (0x00001f17) x30 0x800100b8
core   0: 0x8000f0bc (0xf43f2423) sw      gp, -184(t5)
core   0: 3 0x8000f0bc (0xf43f2423) mem 0x80010000 0x00000001
core   0: 0x8000f0c0 (0x0000bfe5) c.j     pc - 8
core   0: 3 0x8000f0c0 (0xbfe5)
core   0: 0x8000f0b8 (0x00001f17) auipc   t5, 0x1
core   0: 3 0x8000f0b8 (0x00001f17) x30 0x800100b8
core   0: 0x8000f0bc (0xf43f2423) sw      gp, -184(t5)
core   0: 3 0x8000f0bc (0xf43f2423) mem 0x80010000 0x00000001
core   0: 0x8000f0c0 (0x0000bfe5) c.j     pc - 8
core   0: 3 0x8000f0c0 (0xbfe5)
core   0: 0x8000f0b8 (0x00001f17) auipc   t5, 0x1
core   0: 3 0x8000f0b8 (0x00001f17) x30 0x800100b8
core   0: 0x8000f0bc (0xf43f2423) sw      gp, -184(t5)
core   0: 3 0x8000f0bc (0xf43f2423) mem 0x80010000 0x00000001
core   0: 0x8000f0c0 (0x0000bfe5) c.j     pc - 8
core   0: 3 0x8000f0c0 (0xbfe5)
core   0: 0x8000f0b8 (0x00001f17) auipc   t5, 0x1
core   0: 3 0x8000f0b8 (0x00001f17) x30 0x800100b8
core   0: 0x8000f0bc (0xf43f2423) sw      gp, -184(t5)
core   0: 3 0x8000f0bc (0xf43f2423) mem 0x80010000 0x00000001
core   0: 0x8000f0c0 (0x0000bfe5) c.j     pc - 8
core   0: 3 0x8000f0c0 (0xbfe5)
core   0: 0x8000f0b8 (0x00001f17) auipc   t5, 0x1
core   0: 3 0x8000f0b8 (0x00001f17) x30 0x800100b8
core   0: 0x8000f0bc (0xf43f2423) sw      gp, -184(t5)
core   0: 3 0x8000f0bc (0xf43f2423) mem 0x80010000 0x00000001
core   0: 0x8000f0c0 (0x0000bfe5) c.j     pc - 8
core   0: 3 0x8000f0c0 (0xbfe5)
core   0: 0x8000f0b8 (0x00001f17) auipc   t5, 0x1
core   0: 3 0x8000f0b8 (0x00001f17) x30 0x800100b8
core   0: 0x8000f0bc (0xf43f2423) sw      gp, -184(t5)
core   0: 3 0x8000f0bc (0xf43f2423) mem 0x80010000 0x00000001
core   0: 0x8000f0c0 (0x0000bfe5) c.j     pc - 8
core   0: 3 0x8000f0c0 (0xbfe5)
core   0: 0x8000f0b8 (0x00001f17) auipc   t5, 0x1
core   0: 3 0x8000f0b8 (0x00001f17) x30 0x800100b8
core   0: 0x8000f0bc (0xf43f2423) sw      gp, -184(t5)
core   0: 3 0x8000f0bc (0xf43f2423) mem 0x80010000 0x00000001
core   0: 0x8000f0c0 (0x0000bfe5) c.j     pc - 8
core   0: 3 0x8000f0c0 (0xbfe5)
core   0: 0x8000f0b8 (0x00001f17) auipc   t5, 0x1
core   0: 3 0x8000f0b8 (0x00001f17) x30 0x800100b8
core   0: 0x8000f0bc (0xf43f2423) sw      gp, -184(t5)
core   0: 3 0x8000f0bc (0xf43f2423) mem 0x80010000 0x00000001
core   0: 0x8000f0c0 (0x0000bfe5) c.j     pc - 8
core   0: 3 0x8000f0c0 (0xbfe5)
core   0: 0x8000f0b8 (0x00001f17) auipc   t5, 0x1
core   0: 3 0x8000f0b8 (0x00001f17) x30 0x800100b8
core   0: 0x8000f0bc (0xf43f2423) sw      gp, -184(t5)
core   0: 3 0x8000f0bc (0xf43f2423) mem 0x80010000 0x00000001
core   0: 0x8000f0c0 (0x0000bfe5) c.j     pc - 8
core   0: 3 0x8000f0c0 (0xbfe5)
core   0: 0x8000f0b8 (0x00001f17) auipc   t5, 0x1
core   0: 3 0x8000f0b8 (0x00001f17) x30 0x800100b8
core   0: 0x8000f0bc (0xf43f2423) sw      gp, -184(t5)
core   0: 3 0x8000f0bc (0xf43f2423) mem 0x80010000 0x00000001
core   0: 0x8000f0c0 (0x0000bfe5) c.j     pc - 8
core   0: 3 0x8000f0c0 (0xbfe5)
core   0: 0x8000f0b8 (0x00001f17) auipc   t5, 0x1
core   0: 3 0x8000f0b8 (0x00001f17) x30 0x800100b8
core   0: 0x8000f0bc (0xf43f2423) sw      gp, -184(t5)
core   0: 3 0x8000f0bc (0xf43f2423) mem 0x80010000 0x00000001
core   0: 0x8000f0c0 (0x0000bfe5) c.j     pc - 8
core   0: 3 0x8000f0c0 (0xbfe5)
core   0: 0x8000f0b8 (0x00001f17) auipc   t5, 0x1
core   0: 3 0x8000f0b8 (0x00001f17) x30 0x800100b8
core   0: 0x8000f0bc (0xf43f2423) sw      gp, -184(t5)
core   0: 3 0x8000f0bc (0xf43f2423) mem 0x80010000 0x00000001
core   0: 0x8000f0c0 (0x0000bfe5) c.j     pc - 8
core   0: 3 0x8000f0c0 (0xbfe5)
core   0: 0x8000f0b8 (0x00001f17) auipc   t5, 0x1
core   0: 3 0x8000f0b8 (0x00001f17) x30 0x800100b8
core   0: 0x8000f0bc (0xf43f2423) sw      gp, -184(t5)
core   0: 3 0x8000f0bc (0xf43f2423) mem 0x80010000 0x00000001
core   0: 0x8000f0c0 (0x0000bfe5) c.j     pc - 8
core   0: 3 0x8000f0c0 (0xbfe5)
core   0: 0x8000f0b8 (0x00001f17) auipc   t5, 0x1
core   0: 3 0x8000f0b8 (0x00001f17) x30 0x800100b8
core   0: 0x8000f0bc (0xf43f2423) sw      gp, -184(t5)
core   0: 3 0x8000f0bc (0xf43f2423) mem 0x80010000 0x00000001
core   0: 0x8000f0c0 (0x0000bfe5) c.j     pc - 8
core   0: 3 0x8000f0c0 (0xbfe5)
core   0: 0x8000f0b8 (0x00001f17) auipc   t5, 0x1
core   0: 3 0x8000f0b8 (0x00001f17) x30 0x800100b8
core   0: 0x8000f0bc (0xf43f2423) sw      gp, -184(t5)
core   0: 3 0x8000f0bc (0xf43f2423) mem 0x80010000 0x00000001
core   0: 0x8000f0c0 (0x0000bfe5) c.j     pc - 8
core   0: 3 0x8000f0c0 (0xbfe5)
core   0: 0x8000f0b8 (0x00001f17) auipc   t5, 0x1
core   0: 3 0x8000f0b8 (0x00001f17) x30 0x800100b8
core   0: 0x8000f0bc (0xf43f2423) sw      gp, -184(t5)
core   0: 3 0x8000f0bc (0xf43f2423) mem 0x80010000 0x00000001
core   0: 0x8000f0c0 (0x0000bfe5) c.j     pc - 8
core   0: 3 0x8000f0c0 (0xbfe5)
core   0: 0x8000f0b8 (0x00001f17) auipc   t5, 0x1
core   0: 3 0x8000f0b8 (0x00001f17) x30 0x800100b8
core   0: 0x8000f0bc (0xf43f2423) sw      gp, -184(t5)
core   0: 3 0x8000f0bc (0xf43f2423) mem 0x80010000 0x00000001
core   0: 0x8000f0c0 (0x0000bfe5) c.j     pc - 8
core   0: 3 0x8000f0c0 (0xbfe5)
core   0: 0x8000f0b8 (0x00001f17) auipc   t5, 0x1
core   0: 3 0x8000f0b8 (0x00001f17) x30 0x800100b8
core   0: 0x8000f0bc (0xf43f2423) sw      gp, -184(t5)
core   0: 3 0x8000f0bc (0xf43f2423) mem 0x80010000 0x00000001
core   0: 0x8000f0c0 (0x0000bfe5) c.j     pc - 8
core   0: 3 0x8000f0c0 (0xbfe5)
core   0: 0x8000f0b8 (0x00001f17) auipc   t5, 0x1
core   0: 3 0x8000f0b8 (0x00001f17) x30 0x800100b8
core   0: 0x8000f0bc (0xf43f2423) sw      gp, -184(t5)
core   0: 3 0x8000f0bc (0xf43f2423) mem 0x80010000 0x00000001
core   0: 0x8000f0c0 (0x0000bfe5) c.j     pc - 8
core   0: 3 0x8000f0c0 (0xbfe5)
core   0: 0x8000f0b8 (0x00001f17) auipc   t5, 0x1
core   0: 3 0x8000f0b8 (0x00001f17) x30 0x800100b8
core   0: 0x8000f0bc (0xf43f2423) sw      gp, -184(t5)
core   0: 3 0x8000f0bc (0xf43f2423) mem 0x80010000 0x00000001
core   0: 0x8000f0c0 (0x0000bfe5) c.j     pc - 8
core   0: 3 0x8000f0c0 (0xbfe5)
core   0: 0x8000f0b8 (0x00001f17) auipc   t5, 0x1
core   0: 3 0x8000f0b8 (0x00001f17) x30 0x800100b8
core   0: 0x8000f0bc (0xf43f2423) sw      gp, -184(t5)
core   0: 3 0x8000f0bc (0xf43f2423) mem 0x80010000 0x00000001
core   0: 0x8000f0c0 (0x0000bfe5) c.j     pc - 8
core   0: 3 0x8000f0c0 (0xbfe5)
core   0: 0x8000f0b8 (0x00001f17) auipc   t5, 0x1
core   0: 3 0x8000f0b8 (0x00001f17) x30 0x800100b8
core   0: 0x8000f0bc (0xf43f2423) sw      gp, -184(t5)
core   0: 3 0x8000f0bc (0xf43f2423) mem 0x80010000 0x00000001
core   0: 0x8000f0c0 (0x0000bfe5) c.j     pc - 8
core   0: 3 0x8000f0c0 (0xbfe5)
core   0: 0x8000f0b8 (0x00001f17) auipc   t5, 0x1
core   0: 3 0x8000f0b8 (0x00001f17) x30 0x800100b8
core   0: 0x8000f0bc (0xf43f2423) sw      gp, -184(t5)
core   0: 3 0x8000f0bc (0xf43f2423) mem 0x80010000 0x00000001
core   0: 0x8000f0c0 (0x0000bfe5) c.j     pc - 8
core   0: 3 0x8000f0c0 (0xbfe5)
core   0: 0x8000f0b8 (0x00001f17) auipc   t5, 0x1
core   0: 3 0x8000f0b8 (0x00001f17) x30 0x800100b8
core   0: 0x8000f0bc (0xf43f2423) sw      gp, -184(t5)
core   0: 3 0x8000f0bc (0xf43f2423) mem 0x80010000 0x00000001
core   0: 0x8000f0c0 (0x0000bfe5) c.j     pc - 8
core   0: 3 0x8000f0c0 (0xbfe5)
core   0: 0x8000f0b8 (0x00001f17) auipc   t5, 0x1
core   0: 3 0x8000f0b8 (0x00001f17) x30 0x800100b8
core   0: 0x8000f0bc (0xf43f2423) sw      gp, -184(t5)
core   0: 3 0x8000f0bc (0xf43f2423) mem 0x80010000 0x00000001
core   0: 0x8000f0c0 (0x0000bfe5) c.j     pc - 8
core   0: 3 0x8000f0c0 (0xbfe5)
core   0: 0x8000f0b8 (0x00001f17) auipc   t5, 0x1
core   0: 3 0x8000f0b8 (0x00001f17) x30 0x800100b8
core   0: 0x8000f0bc (0xf43f2423) sw      gp, -184(t5)
core   0: 3 0x8000f0bc (0xf43f2423) mem 0x80010000 0x00000001
core   0: 0x8000f0c0 (0x0000bfe5) c.j     pc - 8
core   0: 3 0x8000f0c0 (0xbfe5)
core   0: 0x8000f0b8 (0x00001f17) auipc   t5, 0x1
core   0: 3 0x8000f0b8 (0x00001f17) x30 0x800100b8
core   0: 0x8000f0bc (0xf43f2423) sw      gp, -184(t5)
core   0: 3 0x8000f0bc (0xf43f2423) mem 0x80010000 0x00000001
core   0: 0x8000f0c0 (0x0000bfe5) c.j     pc - 8
core   0: 3 0x8000f0c0 (0xbfe5)
core   0: 0x8000f0b8 (0x00001f17) auipc   t5, 0x1
core   0: 3 0x8000f0b8 (0x00001f17) x30 0x800100b8
core   0: 0x8000f0bc (0xf43f2423) sw      gp, -184(t5)
core   0: 3 0x8000f0bc (0xf43f2423) mem 0x80010000 0x00000001
core   0: 0x8000f0c0 (0x0000bfe5) c.j     pc - 8
core   0: 3 0x8000f0c0 (0xbfe5)
core   0: 0x8000f0b8 (0x00001f17) auipc   t5, 0x1
core   0: 3 0x8000f0b8 (0x00001f17) x30 0x800100b8
core   0: 0x8000f0bc (0xf43f2423) sw      gp, -184(t5)
core   0: 3 0x8000f0bc (0xf43f2423) mem 0x80010000 0x00000001
core   0: 0x8000f0c0 (0x0000bfe5) c.j     pc - 8
core   0: 3 0x8000f0c0 (0xbfe5)
core   0: 0x8000f0b8 (0x00001f17) auipc   t5, 0x1
core   0: 3 0x8000f0b8 (0x00001f17) x30 0x800100b8
core   0: 0x8000f0bc (0xf43f2423) sw      gp, -184(t5)
core   0: 3 0x8000f0bc (0xf43f2423) mem 0x80010000 0x00000001
core   0: 0x8000f0c0 (0x0000bfe5) c.j     pc - 8
core   0: 3 0x8000f0c0 (0xbfe5)
core   0: 0x8000f0b8 (0x00001f17) auipc   t5, 0x1
core   0: 3 0x8000f0b8 (0x00001f17) x30 0x800100b8
core   0: 0x8000f0bc (0xf43f2423) sw      gp, -184(t5)
core   0: 3 0x8000f0bc (0xf43f2423) mem 0x80010000 0x00000001
core   0: 0x8000f0c0 (0x0000bfe5) c.j     pc - 8
core   0: 3 0x8000f0c0 (0xbfe5)
core   0: 0x8000f0b8 (0x00001f17) auipc   t5, 0x1
core   0: 3 0x8000f0b8 (0x00001f17) x30 0x800100b8
core   0: 0x8000f0bc (0xf43f2423) sw      gp, -184(t5)
core   0: 3 0x8000f0bc (0xf43f2423) mem 0x80010000 0x00000001
core   0: 0x8000f0c0 (0x0000bfe5) c.j     pc - 8
core   0: 3 0x8000f0c0 (0xbfe5)
core   0: 0x8000f0b8 (0x00001f17) auipc   t5, 0x1
core   0: 3 0x8000f0b8 (0x00001f17) x30 0x800100b8
core   0: 0x8000f0bc (0xf43f2423) sw      gp, -184(t5)
core   0: 3 0x8000f0bc (0xf43f2423) mem 0x80010000 0x00000001
core   0: 0x8000f0c0 (0x0000bfe5) c.j     pc - 8
core   0: 3 0x8000f0c0 (0xbfe5)
core   0: 0x8000f0b8 (0x00001f17) auipc   t5, 0x1
core   0: 3 0x8000f0b8 (0x00001f17) x30 0x800100b8
core   0: 0x8000f0bc (0xf43f2423) sw      gp, -184(t5)
core   0: 3 0x8000f0bc (0xf43f2423) mem 0x80010000 0x00000001
core   0: 0x8000f0c0 (0x0000bfe5) c.j     pc - 8
core   0: 3 0x8000f0c0 (0xbfe5)
core   0: 0x8000f0b8 (0x00001f17) auipc   t5, 0x1
core   0: 3 0x8000f0b8 (0x00001f17) x30 0x800100b8
core   0: 0x8000f0bc (0xf43f2423) sw      gp, -184(t5)
core   0: 3 0x8000f0bc (0xf43f2423) mem 0x80010000 0x00000001
core   0: 0x8000f0c0 (0x0000bfe5) c.j     pc - 8
core   0: 3 0x8000f0c0 (0xbfe5)
core   0: 0x8000f0b8 (0x00001f17) auipc   t5, 0x1
core   0: 3 0x8000f0b8 (0x00001f17) x30 0x800100b8
core   0: 0x8000f0bc (0xf43f2423) sw      gp, -184(t5)
core   0: 3 0x8000f0bc (0xf43f2423) mem 0x80010000 0x00000001
core   0: 0x8000f0c0 (0x0000bfe5) c.j     pc - 8
core   0: 3 0x8000f0c0 (0xbfe5)
core   0: 0x8000f0b8 (0x00001f17) auipc   t5, 0x1
core   0: 3 0x8000f0b8 (0x00001f17) x30 0x800100b8
core   0: 0x8000f0bc (0xf43f2423) sw      gp, -184(t5)
core   0: 3 0x8000f0bc (0xf43f2423) mem 0x80010000 0x00000001
core   0: 0x8000f0c0 (0x0000bfe5) c.j     pc - 8
core   0: 3 0x8000f0c0 (0xbfe5)
core   0: 0x8000f0b8 (0x00001f17) auipc   t5, 0x1
core   0: 3 0x8000f0b8 (0x00001f17) x30 0x800100b8
core   0: 0x8000f0bc (0xf43f2423) sw      gp, -184(t5)
core   0: 3 0x8000f0bc (0xf43f2423) mem 0x80010000 0x00000001
core   0: 0x8000f0c0 (0x0000bfe5) c.j     pc - 8
core   0: 3 0x8000f0c0 (0xbfe5)
core   0: 0x8000f0b8 (0x00001f17) auipc   t5, 0x1
core   0: 3 0x8000f0b8 (0x00001f17) x30 0x800100b8
core   0: 0x8000f0bc (0xf43f2423) sw      gp, -184(t5)
core   0: 3 0x8000f0bc (0xf43f2423) mem 0x80010000 0x00000001
core   0: 0x8000f0c0 (0x0000bfe5) c.j     pc - 8
core   0: 3 0x8000f0c0 (0xbfe5)
core   0: 0x8000f0b8 (0x00001f17) auipc   t5, 0x1
core   0: 3 0x8000f0b8 (0x00001f17) x30 0x800100b8
core   0: 0x8000f0bc (0xf43f2423) sw      gp, -184(t5)
core   0: 3 0x8000f0bc (0xf43f2423) mem 0x80010000 0x00000001
core   0: 0x8000f0c0 (0x0000bfe5) c.j     pc - 8
core   0: 3 0x8000f0c0 (0xbfe5)
core   0: 0x8000f0b8 (0x00001f17) auipc   t5, 0x1
core   0: 3 0x8000f0b8 (0x00001f17) x30 0x800100b8
core   0: 0x8000f0bc (0xf43f2423) sw      gp, -184(t5)
core   0: 3 0x8000f0bc (0xf43f2423) mem 0x80010000 0x00000001
core   0: 0x8000f0c0 (0x0000bfe5) c.j     pc - 8
core   0: 3 0x8000f0c0 (0xbfe5)
core   0: 0x8000f0b8 (0x00001f17) auipc   t5, 0x1
core   0: 3 0x8000f0b8 (0x00001f17) x30 0x800100b8
core   0: 0x8000f0bc (0xf43f2423) sw      gp, -184(t5)
core   0: 3 0x8000f0bc (0xf43f2423) mem 0x80010000 0x00000001
core   0: 0x8000f0c0 (0x0000bfe5) c.j     pc - 8
core   0: 3 0x8000f0c0 (0xbfe5)
core   0: 0x8000f0b8 (0x00001f17) auipc   t5, 0x1
core   0: 3 0x8000f0b8 (0x00001f17) x30 0x800100b8
core   0: 0x8000f0bc (0xf43f2423) sw      gp, -184(t5)
core   0: 3 0x8000f0bc (0xf43f2423) mem 0x80010000 0x00000001
core   0: 0x8000f0c0 (0x0000bfe5) c.j     pc - 8
core   0: 3 0x8000f0c0 (0xbfe5)
core   0: 0x8000f0b8 (0x00001f17) auipc   t5, 0x1
core   0: 3 0x8000f0b8 (0x00001f17) x30 0x800100b8
core   0: 0x8000f0bc (0xf43f2423) sw      gp, -184(t5)
core   0: 3 0x8000f0bc (0xf43f2423) mem 0x80010000 0x00000001
core   0: 0x8000f0c0 (0x0000bfe5) c.j     pc - 8
core   0: 3 0x8000f0c0 (0xbfe5)
core   0: 0x8000f0b8 (0x00001f17) auipc   t5, 0x1
core   0: 3 0x8000f0b8 (0x00001f17) x30 0x800100b8
core   0: 0x8000f0bc (0xf43f2423) sw      gp, -184(t5)
core   0: 3 0x8000f0bc (0xf43f2423) mem 0x80010000 0x00000001
core   0: 0x8000f0c0 (0x0000bfe5) c.j     pc - 8
core   0: 3 0x8000f0c0 (0xbfe5)
core   0: 0x8000f0b8 (0x00001f17) auipc   t5, 0x1
core   0: 3 0x8000f0b8 (0x00001f17) x30 0x800100b8
core   0: 0x8000f0bc (0xf43f2423) sw      gp, -184(t5)
core   0: 3 0x8000f0bc (0xf43f2423) mem 0x80010000 0x00000001
core   0: 0x8000f0c0 (0x0000bfe5) c.j     pc - 8
core   0: 3 0x8000f0c0 (0xbfe5)
core   0: 0x8000f0b8 (0x00001f17) auipc   t5, 0x1
core   0: 3 0x8000f0b8 (0x00001f17) x30 0x800100b8
core   0: 0x8000f0bc (0xf43f2423) sw      gp, -184(t5)
core   0: 3 0x8000f0bc (0xf43f2423) mem 0x80010000 0x00000001
core   0: 0x8000f0c0 (0x0000bfe5) c.j     pc - 8
core   0: 3 0x8000f0c0 (0xbfe5)
core   0: 0x8000f0b8 (0x00001f17) auipc   t5, 0x1
core   0: 3 0x8000f0b8 (0x00001f17) x30 0x800100b8
core   0: 0x8000f0bc (0xf43f2423) sw      gp, -184(t5)
core   0: 3 0x8000f0bc (0xf43f2423) mem 0x80010000 0x00000001
core   0: 0x8000f0c0 (0x0000bfe5) c.j     pc - 8
core   0: 3 0x8000f0c0 (0xbfe5)
core   0: 0x8000f0b8 (0x00001f17) auipc   t5, 0x1
core   0: 3 0x8000f0b8 (0x00001f17) x30 0x800100b8
core   0: 0x8000f0bc (0xf43f2423) sw      gp, -184(t5)
core   0: 3 0x8000f0bc (0xf43f2423) mem 0x80010000 0x00000001
core   0: 0x8000f0c0 (0x0000bfe5) c.j     pc - 8
core   0: 3 0x8000f0c0 (0xbfe5)
core   0: 0x8000f0b8 (0x00001f17) auipc   t5, 0x1
core   0: 3 0x8000f0b8 (0x00001f17) x30 0x800100b8
core   0: 0x8000f0bc (0xf43f2423) sw      gp, -184(t5)
core   0: 3 0x8000f0bc (0xf43f2423) mem 0x80010000 0x00000001
core   0: 0x8000f0c0 (0x0000bfe5) c.j     pc - 8
core   0: 3 0x8000f0c0 (0xbfe5)
core   0: 0x8000f0b8 (0x00001f17) auipc   t5, 0x1
core   0: 3 0x8000f0b8 (0x00001f17) x30 0x800100b8
core   0: 0x8000f0bc (0xf43f2423) sw      gp, -184(t5)
core   0: 3 0x8000f0bc (0xf43f2423) mem 0x80010000 0x00000001
core   0: 0x8000f0c0 (0x0000bfe5) c.j     pc - 8
core   0: 3 0x8000f0c0 (0xbfe5)
core   0: 0x8000f0b8 (0x00001f17) auipc   t5, 0x1
core   0: 3 0x8000f0b8 (0x00001f17) x30 0x800100b8
core   0: 0x8000f0bc (0xf43f2423) sw      gp, -184(t5)
core   0: 3 0x8000f0bc (0xf43f2423) mem 0x80010000 0x00000001
core   0: 0x8000f0c0 (0x0000bfe5) c.j     pc - 8
core   0: 3 0x8000f0c0 (0xbfe5)
core   0: 0x8000f0b8 (0x00001f17) auipc   t5, 0x1
core   0: 3 0x8000f0b8 (0x00001f17) x30 0x800100b8
core   0: 0x8000f0bc (0xf43f2423) sw      gp, -184(t5)
core   0: 3 0x8000f0bc (0xf43f2423) mem 0x80010000 0x00000001
core   0: 0x8000f0c0 (0x0000bfe5) c.j     pc - 8
core   0: 3 0x8000f0c0 (0xbfe5)
core   0: 0x8000f0b8 (0x00001f17) auipc   t5, 0x1
core   0: 3 0x8000f0b8 (0x00001f17) x30 0x800100b8
core   0: 0x8000f0bc (0xf43f2423) sw      gp, -184(t5)
core   0: 3 0x8000f0bc (0xf43f2423) mem 0x80010000 0x00000001
core   0: 0x8000f0c0 (0x0000bfe5) c.j     pc - 8
core   0: 3 0x8000f0c0 (0xbfe5)
core   0: 0x8000f0b8 (0x00001f17) auipc   t5, 0x1
core   0: 3 0x8000f0b8 (0x00001f17) x30 0x800100b8
core   0: 0x8000f0bc (0xf43f2423) sw      gp, -184(t5)
core   0: 3 0x8000f0bc (0xf43f2423) mem 0x80010000 0x00000001
core   0: 0x8000f0c0 (0x0000bfe5) c.j     pc - 8
core   0: 3 0x8000f0c0 (0xbfe5)
core   0: 0x8000f0b8 (0x00001f17) auipc   t5, 0x1
core   0: 3 0x8000f0b8 (0x00001f17) x30 0x800100b8
core   0: 0x8000f0bc (0xf43f2423) sw      gp, -184(t5)
core   0: 3 0x8000f0bc (0xf43f2423) mem 0x80010000 0x00000001
core   0: 0x8000f0c0 (0x0000bfe5) c.j     pc - 8
core   0: 3 0x8000f0c0 (0xbfe5)
core   0: 0x8000f0b8 (0x00001f17) auipc   t5, 0x1
core   0: 3 0x8000f0b8 (0x00001f17) x30 0x800100b8
core   0: 0x8000f0bc (0xf43f2423) sw      gp, -184(t5)
core   0: 3 0x8000f0bc (0xf43f2423) mem 0x80010000 0x00000001
core   0: 0x8000f0c0 (0x0000bfe5) c.j     pc - 8
core   0: 3 0x8000f0c0 (0xbfe5)
core   0: 0x8000f0b8 (0x00001f17) auipc   t5, 0x1
core   0: 3 0x8000f0b8 (0x00001f17) x30 0x800100b8
core   0: 0x8000f0bc (0xf43f2423) sw      gp, -184(t5)
core   0: 3 0x8000f0bc (0xf43f2423) mem 0x80010000 0x00000001
core   0: 0x8000f0c0 (0x0000bfe5) c.j     pc - 8
core   0: 3 0x8000f0c0 (0xbfe5)
core   0: 0x8000f0b8 (0x00001f17) auipc   t5, 0x1
core   0: 3 0x8000f0b8 (0x00001f17) x30 0x800100b8
core   0: 0x8000f0bc (0xf43f2423) sw      gp, -184(t5)
core   0: 3 0x8000f0bc (0xf43f2423) mem 0x80010000 0x00000001
core   0: 0x8000f0c0 (0x0000bfe5) c.j     pc - 8
core   0: 3 0x8000f0c0 (0xbfe5)
core   0: 0x8000f0b8 (0x00001f17) auipc   t5, 0x1
core   0: 3 0x8000f0b8 (0x00001f17) x30 0x800100b8
core   0: 0x8000f0bc (0xf43f2423) sw      gp, -184(t5)
core   0: 3 0x8000f0bc (0xf43f2423) mem 0x80010000 0x00000001
core   0: 0x8000f0c0 (0x0000bfe5) c.j     pc - 8
core   0: 3 0x8000f0c0 (0xbfe5)
core   0: 0x8000f0b8 (0x00001f17) auipc   t5, 0x1
core   0: 3 0x8000f0b8 (0x00001f17) x30 0x800100b8
core   0: 0x8000f0bc (0xf43f2423) sw      gp, -184(t5)
core   0: 3 0x8000f0bc (0xf43f2423) mem 0x80010000 0x00000001
core   0: 0x8000f0c0 (0x0000bfe5) c.j     pc - 8
core   0: 3 0x8000f0c0 (0xbfe5)
core   0: 0x8000f0b8 (0x00001f17) auipc   t5, 0x1
core   0: 3 0x8000f0b8 (0x00001f17) x30 0x800100b8
core   0: 0x8000f0bc (0xf43f2423) sw      gp, -184(t5)
core   0: 3 0x8000f0bc (0xf43f2423) mem 0x80010000 0x00000001
core   0: 0x8000f0c0 (0x0000bfe5) c.j     pc - 8
core   0: 3 0x8000f0c0 (0xbfe5)
core   0: 0x8000f0b8 (0x00001f17) auipc   t5, 0x1
core   0: 3 0x8000f0b8 (0x00001f17) x30 0x800100b8
core   0: 0x8000f0bc (0xf43f2423) sw      gp, -184(t5)
core   0: 3 0x8000f0bc (0xf43f2423) mem 0x80010000 0x00000001
core   0: 0x8000f0c0 (0x0000bfe5) c.j     pc - 8
core   0: 3 0x8000f0c0 (0xbfe5)
core   0: 0x8000f0b8 (0x00001f17) auipc   t5, 0x1
core   0: 3 0x8000f0b8 (0x00001f17) x30 0x800100b8
core   0: 0x8000f0bc (0xf43f2423) sw      gp, -184(t5)
core   0: 3 0x8000f0bc (0xf43f2423) mem 0x80010000 0x00000001
core   0: 0x8000f0c0 (0x0000bfe5) c.j     pc - 8
core   0: 3 0x8000f0c0 (0xbfe5)
core   0: 0x8000f0b8 (0x00001f17) auipc   t5, 0x1
core   0: 3 0x8000f0b8 (0x00001f17) x30 0x800100b8
core   0: 0x8000f0bc (0xf43f2423) sw      gp, -184(t5)
core   0: 3 0x8000f0bc (0xf43f2423) mem 0x80010000 0x00000001
core   0: 0x8000f0c0 (0x0000bfe5) c.j     pc - 8
core   0: 3 0x8000f0c0 (0xbfe5)
core   0: 0x8000f0b8 (0x00001f17) auipc   t5, 0x1
core   0: 3 0x8000f0b8 (0x00001f17) x30 0x800100b8
core   0: 0x8000f0bc (0xf43f2423) sw      gp, -184(t5)
core   0: 3 0x8000f0bc (0xf43f2423) mem 0x80010000 0x00000001
core   0: 0x8000f0c0 (0x0000bfe5) c.j     pc - 8
core   0: 3 0x8000f0c0 (0xbfe5)
core   0: 0x8000f0b8 (0x00001f17) auipc   t5, 0x1
core   0: 3 0x8000f0b8 (0x00001f17) x30 0x800100b8
core   0: 0x8000f0bc (0xf43f2423) sw      gp, -184(t5)
core   0: 3 0x8000f0bc (0xf43f2423) mem 0x80010000 0x00000001
core   0: 0x8000f0c0 (0x0000bfe5) c.j     pc - 8
core   0: 3 0x8000f0c0 (0xbfe5)
core   0: 0x8000f0b8 (0x00001f17) auipc   t5, 0x1
core   0: 3 0x8000f0b8 (0x00001f17) x30 0x800100b8
core   0: 0x8000f0bc (0xf43f2423) sw      gp, -184(t5)
core   0: 3 0x8000f0bc (0xf43f2423) mem 0x80010000 0x00000001
core   0: 0x8000f0c0 (0x0000bfe5) c.j     pc - 8
core   0: 3 0x8000f0c0 (0xbfe5)
core   0: 0x8000f0b8 (0x00001f17) auipc   t5, 0x1
core   0: 3 0x8000f0b8 (0x00001f17) x30 0x800100b8
core   0: 0x8000f0bc (0xf43f2423) sw      gp, -184(t5)
core   0: 3 0x8000f0bc (0xf43f2423) mem 0x80010000 0x00000001
core   0: 0x8000f0c0 (0x0000bfe5) c.j     pc - 8
core   0: 3 0x8000f0c0 (0xbfe5)
core   0: 0x8000f0b8 (0x00001f17) auipc   t5, 0x1
core   0: 3 0x8000f0b8 (0x00001f17) x30 0x800100b8
core   0: 0x8000f0bc (0xf43f2423) sw      gp, -184(t5)
core   0: 3 0x8000f0bc (0xf43f2423) mem 0x80010000 0x00000001
core   0: 0x8000f0c0 (0x0000bfe5) c.j     pc - 8
core   0: 3 0x8000f0c0 (0xbfe5)
core   0: 0x8000f0b8 (0x00001f17) auipc   t5, 0x1
core   0: 3 0x8000f0b8 (0x00001f17) x30 0x800100b8
core   0: 0x8000f0bc (0xf43f2423) sw      gp, -184(t5)
core   0: 3 0x8000f0bc (0xf43f2423) mem 0x80010000 0x00000001
core   0: 0x8000f0c0 (0x0000bfe5) c.j     pc - 8
core   0: 3 0x8000f0c0 (0xbfe5)
core   0: 0x8000f0b8 (0x00001f17) auipc   t5, 0x1
core   0: 3 0x8000f0b8 (0x00001f17) x30 0x800100b8
core   0: 0x8000f0bc (0xf43f2423) sw      gp, -184(t5)
core   0: 3 0x8000f0bc (0xf43f2423) mem 0x80010000 0x00000001
core   0: 0x8000f0c0 (0x0000bfe5) c.j     pc - 8
core   0: 3 0x8000f0c0 (0xbfe5)
core   0: 0x8000f0b8 (0x00001f17) auipc   t5, 0x1
core   0: 3 0x8000f0b8 (0x00001f17) x30 0x800100b8
core   0: 0x8000f0bc (0xf43f2423) sw      gp, -184(t5)
core   0: 3 0x8000f0bc (0xf43f2423) mem 0x80010000 0x00000001
core   0: 0x8000f0c0 (0x0000bfe5) c.j     pc - 8
core   0: 3 0x8000f0c0 (0xbfe5)
core   0: 0x8000f0b8 (0x00001f17) auipc   t5, 0x1
core   0: 3 0x8000f0b8 (0x00001f17) x30 0x800100b8
core   0: 0x8000f0bc (0xf43f2423) sw      gp, -184(t5)
core   0: 3 0x8000f0bc (0xf43f2423) mem 0x80010000 0x00000001
core   0: 0x8000f0c0 (0x0000bfe5) c.j     pc - 8
core   0: 3 0x8000f0c0 (0xbfe5)
core   0: 0x8000f0b8 (0x00001f17) auipc   t5, 0x1
core   0: 3 0x8000f0b8 (0x00001f17) x30 0x800100b8
core   0: 0x8000f0bc (0xf43f2423) sw      gp, -184(t5)
core   0: 3 0x8000f0bc (0xf43f2423) mem 0x80010000 0x00000001
core   0: 0x8000f0c0 (0x0000bfe5) c.j     pc - 8
core   0: 3 0x8000f0c0 (0xbfe5)
core   0: 0x8000f0b8 (0x00001f17) auipc   t5, 0x1
core   0: 3 0x8000f0b8 (0x00001f17) x30 0x800100b8
core   0: 0x8000f0bc (0xf43f2423) sw      gp, -184(t5)
core   0: 3 0x8000f0bc (0xf43f2423) mem 0x80010000 0x00000001
core   0: 0x8000f0c0 (0x0000bfe5) c.j     pc - 8
core   0: 3 0x8000f0c0 (0xbfe5)
core   0: 0x8000f0b8 (0x00001f17) auipc   t5, 0x1
core   0: 3 0x8000f0b8 (0x00001f17) x30 0x800100b8
core   0: 0x8000f0bc (0xf43f2423) sw      gp, -184(t5)
core   0: 3 0x8000f0bc (0xf43f2423) mem 0x80010000 0x00000001
core   0: 0x8000f0c0 (0x0000bfe5) c.j     pc - 8
core   0: 3 0x8000f0c0 (0xbfe5)
core   0: 0x8000f0b8 (0x00001f17) auipc   t5, 0x1
core   0: 3 0x8000f0b8 (0x00001f17) x30 0x800100b8
core   0: 0x8000f0bc (0xf43f2423) sw      gp, -184(t5)
core   0: 3 0x8000f0bc (0xf43f2423) mem 0x80010000 0x00000001
core   0: 0x8000f0c0 (0x0000bfe5) c.j     pc - 8
core   0: 3 0x8000f0c0 (0xbfe5)
core   0: 0x8000f0b8 (0x00001f17) auipc   t5, 0x1
core   0: 3 0x8000f0b8 (0x00001f17) x30 0x800100b8
core   0: 0x8000f0bc (0xf43f2423) sw      gp, -184(t5)
core   0: 3 0x8000f0bc (0xf43f2423) mem 0x80010000 0x00000001
core   0: 0x8000f0c0 (0x0000bfe5) c.j     pc - 8
core   0: 3 0x8000f0c0 (0xbfe5)
core   0: 0x8000f0b8 (0x00001f17) auipc   t5, 0x1
core   0: 3 0x8000f0b8 (0x00001f17) x30 0x800100b8
core   0: 0x8000f0bc (0xf43f2423) sw      gp, -184(t5)
core   0: 3 0x8000f0bc (0xf43f2423) mem 0x80010000 0x00000001
core   0: 0x8000f0c0 (0x0000bfe5) c.j     pc - 8
core   0: 3 0x8000f0c0 (0xbfe5)
core   0: 0x8000f0b8 (0x00001f17) auipc   t5, 0x1
core   0: 3 0x8000f0b8 (0x00001f17) x30 0x800100b8
core   0: 0x8000f0bc (0xf43f2423) sw      gp, -184(t5)
core   0: 3 0x8000f0bc (0xf43f2423) mem 0x80010000 0x00000001
core   0: 0x8000f0c0 (0x0000bfe5) c.j     pc - 8
core   0: 3 0x8000f0c0 (0xbfe5)
core   0: 0x8000f0b8 (0x00001f17) auipc   t5, 0x1
core   0: 3 0x8000f0b8 (0x00001f17) x30 0x800100b8
core   0: 0x8000f0bc (0xf43f2423) sw      gp, -184(t5)
core   0: 3 0x8000f0bc (0xf43f2423) mem 0x80010000 0x00000001
core   0: 0x8000f0c0 (0x0000bfe5) c.j     pc - 8
core   0: 3 0x8000f0c0 (0xbfe5)
core   0: 0x8000f0b8 (0x00001f17) auipc   t5, 0x1
core   0: 3 0x8000f0b8 (0x00001f17) x30 0x800100b8
core   0: 0x8000f0bc (0xf43f2423) sw      gp, -184(t5)
core   0: 3 0x8000f0bc (0xf43f2423) mem 0x80010000 0x00000001
core   0: 0x8000f0c0 (0x0000bfe5) c.j     pc - 8
core   0: 3 0x8000f0c0 (0xbfe5)
core   0: 0x8000f0b8 (0x00001f17) auipc   t5, 0x1
core   0: 3 0x8000f0b8 (0x00001f17) x30 0x800100b8
core   0: 0x8000f0bc (0xf43f2423) sw      gp, -184(t5)
core   0: 3 0x8000f0bc (0xf43f2423) mem 0x80010000 0x00000001
core   0: 0x8000f0c0 (0x0000bfe5) c.j     pc - 8
core   0: 3 0x8000f0c0 (0xbfe5)
core   0: 0x8000f0b8 (0x00001f17) auipc   t5, 0x1
core   0: 3 0x8000f0b8 (0x00001f17) x30 0x800100b8
core   0: 0x8000f0bc (0xf43f2423) sw      gp, -184(t5)
core   0: 3 0x8000f0bc (0xf43f2423) mem 0x80010000 0x00000001
core   0: 0x8000f0c0 (0x0000bfe5) c.j     pc - 8
core   0: 3 0x8000f0c0 (0xbfe5)
core   0: 0x8000f0b8 (0x00001f17) auipc   t5, 0x1
core   0: 3 0x8000f0b8 (0x00001f17) x30 0x800100b8
core   0: 0x8000f0bc (0xf43f2423) sw      gp, -184(t5)
core   0: 3 0x8000f0bc (0xf43f2423) mem 0x80010000 0x00000001
core   0: 0x8000f0c0 (0x0000bfe5) c.j     pc - 8
core   0: 3 0x8000f0c0 (0xbfe5)
core   0: 0x8000f0b8 (0x00001f17) auipc   t5, 0x1
core   0: 3 0x8000f0b8 (0x00001f17) x30 0x800100b8
core   0: 0x8000f0bc (0xf43f2423) sw      gp, -184(t5)
core   0: 3 0x8000f0bc (0xf43f2423) mem 0x80010000 0x00000001
core   0: 0x8000f0c0 (0x0000bfe5) c.j     pc - 8
core   0: 3 0x8000f0c0 (0xbfe5)
core   0: 0x8000f0b8 (0x00001f17) auipc   t5, 0x1
core   0: 3 0x8000f0b8 (0x00001f17) x30 0x800100b8
core   0: 0x8000f0bc (0xf43f2423) sw      gp, -184(t5)
core   0: 3 0x8000f0bc (0xf43f2423) mem 0x80010000 0x00000001
