core   0: 0x00001000 (0x00000297) auipc   t0, 0x0
core   0: 3 0x00001000 (0x00000297) x 5 0x00001000
core   0: 0x00001004 (0x02028593) addi    a1, t0, 32
core   0: 3 0x00001004 (0x02028593) x11 0x00001020
core   0: 0x00001008 (0xf1402573) csrr    a0, mhartid
core   0: 3 0x00001008 (0xf1402573) x10 0x00000000
core   0: 0x0000100c (0x0182a283) lw      t0, 24(t0)
core   0: 3 0x0000100c (0x0182a283) x 5 0x80000000 mem 0x00001018
core   0: 0x00001010 (0x00028067) jr      t0
core   0: 3 0x00001010 (0x00028067)
core   0: 0x80000000 (0xf14022f3) csrr    t0, mhartid
core   0: 3 0x80000000 (0xf14022f3) x 5 0x00000000
core   0: 0x80000004 (0x00004301) c.li    t1, 0
core   0: 3 0x80000004 (0x4301) x 6 0x00000000
core   0: 0x80000006 (0x00628263) beq     t0, t1, pc + 4
core   0: 3 0x80000006 (0x00628263)
core   0: 0x8000000a (0x00000d97) auipc   s11, 0x0
core   0: 3 0x8000000a (0x00000d97) x27 0x8000000a
core   0: 0x8000000e (0x00cd8d93) addi    s11, s11, 12
core   0: 3 0x8000000e (0x00cd8d93) x27 0x80000016
core   0: 0x80000012 (0x000d8067) jr      s11
core   0: 3 0x80000012 (0x000d8067)
core   0: 0x80000016 (0x40001d37) lui     s10, 0x40001
core   0: 3 0x80000016 (0x40001d37) x26 0x40001000
core   0: 0x8000001a (0x104d0d13) addi    s10, s10, 260
core   0: 3 0x8000001a (0x104d0d13) x26 0x40001104
core   0: 0x8000001e (0x301d1073) csrw    misa, s10
core   0: 3 0x8000001e (0x301d1073) c769_misa 0x40141104
core   0: 0x80000022 (0x00014117) auipc   sp, 0x14
core   0: 3 0x80000022 (0x00014117) x 2 0x80014022
core   0: 0x80000026 (0xcc210113) addi    sp, sp, -830
core   0: 3 0x80000026 (0xcc210113) x 2 0x80013ce4
core   0: 0x8000002a (0x0000ad17) auipc   s10, 0xa
core   0: 3 0x8000002a (0x0000ad17) x26 0x8000a02a
core   0: 0x8000002e (0xfc6d0d13) addi    s10, s10, -58
core   0: 3 0x8000002e (0xfc6d0d13) x26 0x80009ff0
core   0: 0x80000032 (0x001d6d13) ori     s10, s10, 1
core   0: 3 0x80000032 (0x001d6d13) x26 0x80009ff1
core   0: 0x80000036 (0x305d1073) csrw    mtvec, s10
core   0: 3 0x80000036 (0x305d1073) c773_mtvec 0x80009ff1
core   0: 0x8000003a (0x00000d17) auipc   s10, 0x0
core   0: 3 0x8000003a (0x00000d17) x26 0x8000003a
core   0: 0x8000003e (0x024d0d13) addi    s10, s10, 36
core   0: 3 0x8000003e (0x024d0d13) x26 0x8000005e
core   0: 0x80000042 (0x341d1073) csrw    mepc, s10
core   0: 3 0x80000042 (0x341d1073) c833_mepc 0x8000005e
core   0: 0x80000046 (0x00000001) c.nop
core   0: 3 0x80000046 (0x0001)
core   0: 0x80000048 (0x00002d37) lui     s10, 0x2
core   0: 3 0x80000048 (0x00002d37) x26 0x00002000
core   0: 0x8000004c (0x800d0d13) addi    s10, s10, -2048
core   0: 3 0x8000004c (0x800d0d13) x26 0x00001800
core   0: 0x80000050 (0x300d1073) csrw    mstatus, s10
core   0: 3 0x80000050 (0x300d1073) c768_mstatus 0x00001800
core   0: 0x80000054 (0x00004d01) c.li    s10, 0
core   0: 3 0x80000054 (0x4d01) x26 0x00000000
core   0: 0x80000056 (0x304d1073) csrw    mie, s10
core   0: 3 0x80000056 (0x304d1073) c772_mie 0x00000000
core   0: 0x8000005a (0x30200073) mret
core   0: 3 0x8000005a (0x30200073) c768_mstatus 0x00000080
core   0: >>>>  init
core   0: 0x8000005e (0x00d00013) li      zero, 13
core   0: 3 0x8000005e (0x00d00013)
core   0: 0x80000062 (0xf5c0c0b7) lui     ra, 0xf5c0c
core   0: 3 0x80000062 (0xf5c0c0b7) x 1 0xf5c0c000
core   0: 0x80000066 (0xd4b08093) addi    ra, ra, -693
core   0: 3 0x80000066 (0xd4b08093) x 1 0xf5c0bd4b
core   0: 0x8000006a (0xe795d1b7) lui     gp, 0xe795d
core   0: 3 0x8000006a (0xe795d1b7) x 3 0xe795d000
core   0: 0x8000006e (0x8df18193) addi    gp, gp, -1825
core   0: 3 0x8000006e (0x8df18193) x 3 0xe795c8df
core   0: 0x80000072 (0xd251f237) lui     tp, 0xd251f
core   0: 3 0x80000072 (0xd251f237) x 4 0xd251f000
core   0: 0x80000076 (0xcb420213) addi    tp, tp, -844
core   0: 3 0x80000076 (0xcb420213) x 4 0xd251ecb4
core   0: 0x8000007a (0x26c0f2b7) lui     t0, 0x26c0f
core   0: 3 0x8000007a (0x26c0f2b7) x 5 0x26c0f000
core   0: 0x8000007e (0xf5d28293) addi    t0, t0, -163
core   0: 3 0x8000007e (0xf5d28293) x 5 0x26c0ef5d
core   0: 0x80000082 (0x80000337) lui     t1, 0x80000
core   0: 3 0x80000082 (0x80000337) x 6 0x80000000
core   0: 0x80000086 (0x800003b7) lui     t2, 0x80000
core   0: 3 0x80000086 (0x800003b7) x 7 0x80000000
core   0: 0x8000008a (0x00004401) c.li    s0, 0
core   0: 3 0x8000008a (0x4401) x 8 0x00000000
core   0: 0x8000008c (0xf97c94b7) lui     s1, 0xf97c9
core   0: 3 0x8000008c (0xf97c94b7) x 9 0xf97c9000
core   0: 0x80000090 (0x9b248493) addi    s1, s1, -1614
core   0: 3 0x80000090 (0x9b248493) x 9 0xf97c89b2
core   0: 0x80000094 (0x68537537) lui     a0, 0x68537
core   0: 3 0x80000094 (0x68537537) x10 0x68537000
core   0: 0x80000098 (0x3e050513) addi    a0, a0, 992
core   0: 3 0x80000098 (0x3e050513) x10 0x685373e0
core   0: 0x8000009c (0xf69db5b7) lui     a1, 0xf69db
core   0: 3 0x8000009c (0xf69db5b7) x11 0xf69db000
core   0: 0x800000a0 (0x3ed58593) addi    a1, a1, 1005
core   0: 3 0x800000a0 (0x3ed58593) x11 0xf69db3ed
core   0: 0x800000a4 (0x00004605) c.li    a2, 1
core   0: 3 0x800000a4 (0x4605) x12 0x00000001
core   0: 0x800000a6 (0x00004681) c.li    a3, 0
core   0: 3 0x800000a6 (0x4681) x13 0x00000000
core   0: 0x800000a8 (0xa27d47b7) lui     a5, 0xa27d4
core   0: 3 0x800000a8 (0xa27d47b7) x15 0xa27d4000
core   0: 0x800000ac (0xc5478793) addi    a5, a5, -940
core   0: 3 0x800000ac (0xc5478793) x15 0xa27d3c54
core   0: 0x800000b0 (0x0000483d) c.li    a6, 15
core   0: 3 0x800000b0 (0x483d) x16 0x0000000f
core   0: 0x800000b2 (0x0000488d) c.li    a7, 3
core   0: 3 0x800000b2 (0x488d) x17 0x00000003
core   0: 0x800000b4 (0x00004901) c.li    s2, 0
core   0: 3 0x800000b4 (0x4901) x18 0x00000000
core   0: 0x800000b6 (0x5ff829b7) lui     s3, 0x5ff82
core   0: 3 0x800000b6 (0x5ff829b7) x19 0x5ff82000
core   0: 0x800000ba (0x9cf98993) addi    s3, s3, -1585
core   0: 3 0x800000ba (0x9cf98993) x19 0x5ff819cf
core   0: 0x800000be (0x634eca37) lui     s4, 0x634ec
core   0: 3 0x800000be (0x634eca37) x20 0x634ec000
core   0: 0x800000c2 (0xfd6a0a13) addi    s4, s4, -42
core   0: 3 0x800000c2 (0xfd6a0a13) x20 0x634ebfd6
core   0: 0x800000c6 (0x00004a81) c.li    s5, 0
core   0: 3 0x800000c6 (0x4a81) x21 0x00000000
core   0: 0x800000c8 (0x00004b31) c.li    s6, 12
core   0: 3 0x800000c8 (0x4b31) x22 0x0000000c
core   0: 0x800000ca (0x00004b9d) c.li    s7, 7
core   0: 3 0x800000ca (0x4b9d) x23 0x00000007
core   0: 0x800000cc (0x00004c11) c.li    s8, 4
core   0: 3 0x800000cc (0x4c11) x24 0x00000004
core   0: 0x800000ce (0x1c0f9cb7) lui     s9, 0x1c0f9
core   0: 3 0x800000ce (0x1c0f9cb7) x25 0x1c0f9000
core   0: 0x800000d2 (0x348c8c93) addi    s9, s9, 840
core   0: 3 0x800000d2 (0x348c8c93) x25 0x1c0f9348
core   0: 0x800000d6 (0xfb4d7d37) lui     s10, 0xfb4d7
core   0: 3 0x800000d6 (0xfb4d7d37) x26 0xfb4d7000
core   0: 0x800000da (0x1d6d0d13) addi    s10, s10, 470
core   0: 3 0x800000da (0x1d6d0d13) x26 0xfb4d71d6
core   0: 0x800000de (0x80000db7) lui     s11, 0x80000
core   0: 3 0x800000de (0x80000db7) x27 0x80000000
core   0: 0x800000e2 (0x00004e01) c.li    t3, 0
core   0: 3 0x800000e2 (0x4e01) x28 0x00000000
core   0: 0x800000e4 (0x00004e81) c.li    t4, 0
core   0: 3 0x800000e4 (0x4e81) x29 0x00000000
core   0: 0x800000e6 (0xff3a1f37) lui     t5, 0xff3a1
core   0: 3 0x800000e6 (0xff3a1f37) x30 0xff3a1000
core   0: 0x800000ea (0x7fef0f13) addi    t5, t5, 2046
core   0: 3 0x800000ea (0x7fef0f13) x30 0xff3a17fe
core   0: 0x800000ee (0x00004f81) c.li    t6, 0
core   0: 3 0x800000ee (0x4f81) x31 0x00000000
core   0: 0x800000f0 (0x00010717) auipc   a4, 0x10
core   0: 3 0x800000f0 (0x00010717) x14 0x800100f0
core   0: 0x800000f4 (0xd7470713) addi    a4, a4, -652
core   0: 3 0x800000f4 (0xd7470713) x14 0x8000fe64
core   0: 0x800000f8 (0xf856ea37) lui     s4, 0xf856e
core   0: 3 0x800000f8 (0xf856ea37) x20 0xf856e000
core   0: 0x800000fc (0x721a0a13) addi    s4, s4, 1825
core   0: 3 0x800000fc (0x721a0a13) x20 0xf856e721
core   0: 0x80000100 (0x800002b7) lui     t0, 0x80000
core   0: 3 0x80000100 (0x800002b7) x 5 0x80000000
core   0: 0x80000104 (0x00004c01) c.li    s8, 0
core   0: 3 0x80000104 (0x4c01) x24 0x00000000
core   0: 0x80000106 (0xfff00513) li      a0, -1
core   0: 3 0x80000106 (0xfff00513) x10 0xffffffff
core   0: 0x8000010a (0x00004681) c.li    a3, 0
core   0: 3 0x8000010a (0x4681) x13 0x00000000
core   0: 0x8000010c (0xfff00f13) li      t5, -1
core   0: 3 0x8000010c (0xfff00f13) x30 0xffffffff
core   0: 0x80000110 (0x00004601) c.li    a2, 0
core   0: 3 0x80000110 (0x4601) x12 0x00000000
core   0: 0x80000112 (0x80000237) lui     tp, 0x80000
core   0: 3 0x80000112 (0x80000237) x 4 0x80000000
core   0: 0x80000116 (0xfff00093) li      ra, -1
core   0: 3 0x80000116 (0xfff00093) x 1 0xffffffff
core   0: 0x8000011a (0x80000ab7) lui     s5, 0x80000
core   0: 3 0x8000011a (0x80000ab7) x21 0x80000000
core   0: 0x8000011e (0x478e7ab7) lui     s5, 0x478e7
core   0: 3 0x8000011e (0x478e7ab7) x21 0x478e7000
core   0: 0x80000122 (0x2d9c5097) auipc   ra, 0x2d9c5
core   0: 3 0x80000122 (0x2d9c5097) x 1 0xad9c5122
core   0: 0x80000126 (0x035516b3) mulh    a3, a0, s5
core   0: 3 0x80000126 (0x035516b3) x13 0xffffffff
core   0: 0x8000012a (0x03569633) mulh    a2, a3, s5
core   0: 3 0x8000012a (0x03569633) x12 0xffffffff
core   0: 0x8000012e (0x038a6f33) rem     t5, s4, s8
core   0: 3 0x8000012e (0x038a6f33) x30 0xf856e721
core   0: 0x80000132 (0x024f70b3) remu    ra, t5, tp
core   0: 3 0x80000132 (0x024f70b3) x 1 0x7856e721
core   0: 0x80000136 (0x02df6c33) rem     s8, t5, a3
core   0: 3 0x80000136 (0x02df6c33) x24 0x00000000
core   0: 0x8000013a (0x03e28f33) mul     t5, t0, t5
core   0: 3 0x8000013a (0x03e28f33) x30 0x80000000
core   0: 0x8000013e (0x02dc42b3) div     t0, s8, a3
core   0: 3 0x8000013e (0x02dc42b3) x 5 0x00000000
core   0: 0x80000142 (0xcf6b30b7) lui     ra, 0xcf6b3
core   0: 3 0x80000142 (0xcf6b30b7) x 1 0xcf6b3000
core   0: 0x80000146 (0x03ef5f33) divu    t5, t5, t5
core   0: 3 0x80000146 (0x03ef5f33) x30 0x00000001
core   0: 0x8000014a (0xf5a08093) addi    ra, ra, -166
core   0: 3 0x8000014a (0xf5a08093) x 1 0xcf6b2f5a
core   0: 0x8000014e (0x08c66c17) auipc   s8, 0x8c66
core   0: 3 0x8000014e (0x08c66c17) x24 0x88c6614e
core   0: 0x80000152 (0x41ef0f33) sub     t5, t5, t5
core   0: 3 0x80000152 (0x41ef0f33) x30 0x00000000
core   0: 0x80000156 (0x025f5533) divu    a0, t5, t0
core   0: 3 0x80000156 (0x025f5533) x10 0xffffffff
core   0: 0x8000015a (0x005c0f33) add     t5, s8, t0
core   0: 3 0x8000015a (0x005c0f33) x30 0x88c6614e
core   0: 0x8000015e (0x0242aab3) mulhsu  s5, t0, tp
core   0: 3 0x8000015e (0x0242aab3) x21 0x00000000
core   0: 0x80000162 (0x017ae2b7) lui     t0, 0x17ae
core   0: 3 0x80000162 (0x017ae2b7) x 5 0x017ae000
core   0: 0x80000166 (0xe8c28293) addi    t0, t0, -372
core   0: 3 0x80000166 (0xe8c28293) x 5 0x017ade8c
core   0: 0x8000016a (0xfff00413) li      s0, -1
core   0: 3 0x8000016a (0xfff00413) x 8 0xffffffff
core   0: 0x8000016e (0xfff00593) li      a1, -1
core   0: 3 0x8000016e (0xfff00593) x11 0xffffffff
core   0: 0x80000172 (0xfff00893) li      a7, -1
core   0: 3 0x80000172 (0xfff00893) x17 0xffffffff
core   0: 0x80000176 (0xecd60eb7) lui     t4, 0xecd60
core   0: 3 0x80000176 (0xecd60eb7) x29 0xecd60000
core   0: 0x8000017a (0x289e8e93) addi    t4, t4, 649
core   0: 3 0x8000017a (0x289e8e93) x29 0xecd60289
core   0: 0x8000017e (0x800003b7) lui     t2, 0x80000
core   0: 3 0x8000017e (0x800003b7) x 7 0x80000000
core   0: 0x80000182 (0x80000ab7) lui     s5, 0x80000
core   0: 3 0x80000182 (0x80000ab7) x21 0x80000000
core   0: 0x80000186 (0xef693337) lui     t1, 0xef693
core   0: 3 0x80000186 (0xef693337) x 6 0xef693000
core   0: 0x8000018a (0x67c30313) addi    t1, t1, 1660
core   0: 3 0x8000018a (0x67c30313) x 6 0xef69367c
core   0: 0x8000018e (0x80000e37) lui     t3, 0x80000
core   0: 3 0x8000018e (0x80000e37) x28 0x80000000
core   0: 0x80000192 (0xfff00f93) li      t6, -1
core   0: 3 0x80000192 (0xfff00f93) x31 0xffffffff
core   0: 0x80000196 (0x40688ab3) sub     s5, a7, t1
core   0: 3 0x80000196 (0x40688ab3) x21 0x1096c983
core   0: 0x8000019a (0x0cea6f97) auipc   t6, 0xcea6
core   0: 3 0x8000019a (0x0cea6f97) x31 0x8cea619a
core   0: 0x8000019e (0x8e140e13) addi    t3, s0, -1823
core   0: 3 0x8000019e (0x8e140e13) x28 0xfffff8e0
core   0: 0x800001a2 (0x407288b3) sub     a7, t0, t2
core   0: 3 0x800001a2 (0x407288b3) x17 0x817ade8c
core   0: 0x800001a6 (0x68e40893) addi    a7, s0, 1678
core   0: 3 0x800001a6 (0x68e40893) x17 0x0000068d
core   0: 0x800001aa (0x005283b3) add     t2, t0, t0
core   0: 3 0x800001aa (0x005283b3) x 7 0x02f5bd18
core   0: 0x800001ae (0x1dab4437) lui     s0, 0x1dab4
core   0: 3 0x800001ae (0x1dab4437) x 8 0x1dab4000
core   0: 0x800001b2 (0x408e85b3) sub     a1, t4, s0
core   0: 3 0x800001b2 (0x408e85b3) x11 0xcf2ac289
core   0: 0x800001b6 (0x41d30ab3) sub     s5, t1, t4
core   0: 3 0x800001b6 (0x41d30ab3) x21 0x029333f3
core   0: 0x800001ba (0x17158f93) addi    t6, a1, 369
core   0: 3 0x800001ba (0x17158f93) x31 0xcf2ac3fa
core   0: 0x800001be (0x405e08b3) sub     a7, t3, t0
core   0: 3 0x800001be (0x405e08b3) x17 0xfe851a54
core   0: 0x800001c2 (0x02b8e5b3) rem     a1, a7, a1
core   0: 3 0x800001c2 (0x02b8e5b3) x11 0xfe851a54
core   0: 0x800001c6 (0x03fadfb3) divu    t6, s5, t6
core   0: 3 0x800001c6 (0x03fadfb3) x31 0x00000000
core   0: 0x800001ca (0xf16c4397) auipc   t2, 0xf16c4
core   0: 3 0x800001ca (0xf16c4397) x 7 0x716c41ca
core   0: 0x800001ce (0xf27e8593) addi    a1, t4, -217
core   0: 3 0x800001ce (0xf27e8593) x11 0xecd601b0
core   0: 0x800001d2 (0x025efe33) remu    t3, t4, t0
core   0: 3 0x800001d2 (0x025efe33) x28 0x000aeb09
core   0: 0x800001d6 (0x0258eeb3) rem     t4, a7, t0
core   0: 3 0x800001d6 (0x0258eeb3) x29 0xfffff8e0
core   0: 0x800001da (0x88a4acb7) lui     s9, 0x88a4a
core   0: 3 0x800001da (0x88a4acb7) x25 0x88a4a000
core   0: 0x800001de (0x13ec8c93) addi    s9, s9, 318
core   0: 3 0x800001de (0x13ec8c93) x25 0x88a4a13e
core   0: 0x800001e2 (0x00004581) c.li    a1, 0
core   0: 3 0x800001e2 (0x4581) x11 0x00000000
core   0: 0x800001e4 (0x00004b01) c.li    s6, 0
core   0: 3 0x800001e4 (0x4b01) x22 0x00000000
core   0: 0x800001e6 (0x00004181) c.li    gp, 0
core   0: 3 0x800001e6 (0x4181) x 3 0x00000000
core   0: 0x800001e8 (0x80000f37) lui     t5, 0x80000
core   0: 3 0x800001e8 (0x80000f37) x30 0x80000000
core   0: 0x800001ec (0x80000937) lui     s2, 0x80000
core   0: 3 0x800001ec (0x80000937) x18 0x80000000
core   0: 0x800001f0 (0xc9261eb7) lui     t4, 0xc9261
core   0: 3 0x800001f0 (0xc9261eb7) x29 0xc9261000
core   0: 0x800001f4 (0x330e8e93) addi    t4, t4, 816
core   0: 3 0x800001f4 (0x330e8e93) x29 0xc9261330
core   0: 0x800001f8 (0xfff00993) li      s3, -1
core   0: 3 0x800001f8 (0xfff00993) x19 0xffffffff
core   0: 0x800001fc (0xf72f1e37) lui     t3, 0xf72f1
core   0: 3 0x800001fc (0xf72f1e37) x28 0xf72f1000
core   0: 0x80000200 (0xa1be0e13) addi    t3, t3, -1509
core   0: 3 0x80000200 (0xa1be0e13) x28 0xf72f0a1b
core   0: 0x80000204 (0xfff00613) li      a2, -1
core   0: 3 0x80000204 (0xfff00613) x12 0xffffffff
core   0: 0x80000208 (0x039cc9b3) div     s3, s9, s9
core   0: 3 0x80000208 (0x039cc9b3) x19 0x00000001
core   0: 0x8000020c (0x01e98cb3) add     s9, s3, t5
core   0: 3 0x8000020c (0x01e98cb3) x25 0x80000001
core   0: 0x80000210 (0x02bb5b33) divu    s6, s6, a1
core   0: 3 0x80000210 (0x02bb5b33) x22 0xffffffff
core   0: 0x80000214 (0x02397f33) remu    t5, s2, gp
core   0: 3 0x80000214 (0x02397f33) x30 0x80000000
core   0: 0x80000218 (0xd9b05597) auipc   a1, 0xd9b05
core   0: 3 0x80000218 (0xd9b05597) x11 0x59b05218
core   0: 0x8000021c (0x6ed6cb37) lui     s6, 0x6ed6c
core   0: 3 0x8000021c (0x6ed6cb37) x22 0x6ed6c000
core   0: 0x80000220 (0x033cfcb3) remu    s9, s9, s3
core   0: 3 0x80000220 (0x033cfcb3) x25 0x00000000
core   0: 0x80000224 (0x036eccb3) div     s9, t4, s6
core   0: 3 0x80000224 (0x036eccb3) x25 0x00000000
core   0: 0x80000228 (0xddba1f37) lui     t5, 0xddba1
core   0: 3 0x80000228 (0xddba1f37) x30 0xddba1000
core   0: 0x8000022c (0x02beecb3) rem     s9, t4, a1
core   0: 3 0x8000022c (0x02beecb3) x25 0xc9261330
core   0: 0x80000230 (0x03e19e33) mulh    t3, gp, t5
core   0: 3 0x80000230 (0x03e19e33) x28 0x00000000
core   0: 0x80000234 (0x02c61e33) mulh    t3, a2, a2
core   0: 3 0x80000234 (0x02c61e33) x28 0x00000000
core   0: 0x80000238 (0x03e62cb3) mulhsu  s9, a2, t5
core   0: 3 0x80000238 (0x03e62cb3) x25 0xffffffff
core   0: 0x8000023c (0x00000001) c.nop
core   0: 3 0x8000023c (0x0001)
core   0: 0x8000023e (0x00000001) c.nop
core   0: 3 0x8000023e (0x0001)
core   0: 0x80000240 (0x00b98633) add     a2, s3, a1
core   0: 3 0x80000240 (0x00b98633) x12 0x59b05219
core   0: 0x80000244 (0xda393b17) auipc   s6, 0xda393
core   0: 3 0x80000244 (0xda393b17) x22 0x5a393244
core   0: 0x80000248 (0x03965cb3) divu    s9, a2, s9
core   0: 3 0x80000248 (0x03965cb3) x25 0x00000000
core   0: 0x8000024c (0x40b58f33) sub     t5, a1, a1
core   0: 3 0x8000024c (0x40b58f33) x30 0x00000000
core   0: 0x80000250 (0x02c66b33) rem     s6, a2, a2
core   0: 3 0x80000250 (0x02c66b33) x22 0x00000000
core   0: 0x80000254 (0x033cc9b3) div     s3, s9, s3
core   0: 3 0x80000254 (0x033cc9b3) x19 0x00000000
core   0: 0x80000258 (0x02360933) mul     s2, a2, gp
core   0: 3 0x80000258 (0x02360933) x18 0x00000000
core   0: 0x8000025c (0x00000001) c.nop
core   0: 3 0x8000025c (0x0001)
core   0: 0x8000025e (0xcff70997) auipc   s3, 0xcff70
core   0: 3 0x8000025e (0xcff70997) x19 0x4ff7025e
core   0: 0x80000262 (0x03662b33) mulhsu  s6, a2, s6
core   0: 3 0x80000262 (0x03662b33) x22 0x00000000
core   0: 0x80000266 (0x00004181) c.li    gp, 0
core   0: 3 0x80000266 (0x4181) x 3 0x00000000
core   0: 0x80000268 (0xfff00613) li      a2, -1
core   0: 3 0x80000268 (0xfff00613) x12 0xffffffff
core   0: 0x8000026c (0xfff00f93) li      t6, -1
core   0: 3 0x8000026c (0xfff00f93) x31 0xffffffff
core   0: 0x80000270 (0xfff00213) li      tp, -1
core   0: 3 0x80000270 (0xfff00213) x 4 0xffffffff
core   0: 0x80000274 (0xb6e267b7) lui     a5, 0xb6e26
core   0: 3 0x80000274 (0xb6e267b7) x15 0xb6e26000
core   0: 0x80000278 (0x9a778793) addi    a5, a5, -1625
core   0: 3 0x80000278 (0x9a778793) x15 0xb6e259a7
core   0: 0x8000027c (0xfff00693) li      a3, -1
core   0: 3 0x8000027c (0xfff00693) x13 0xffffffff
core   0: 0x80000280 (0x80000cb7) lui     s9, 0x80000
core   0: 3 0x80000280 (0x80000cb7) x25 0x80000000
core   0: 0x80000284 (0x848bfd37) lui     s10, 0x848bf
core   0: 3 0x80000284 (0x848bfd37) x26 0x848bf000
core   0: 0x80000288 (0xb50d0d13) addi    s10, s10, -1200
core   0: 3 0x80000288 (0xb50d0d13) x26 0x848beb50
core   0: 0x8000028c (0x800009b7) lui     s3, 0x80000
core   0: 3 0x8000028c (0x800009b7) x19 0x80000000
core   0: 0x80000290 (0x80000537) lui     a0, 0x80000
core   0: 3 0x80000290 (0x80000537) x10 0x80000000
core   0: 0x80000294 (0x70717fb7) lui     t6, 0x70717
core   0: 3 0x80000294 (0x70717fb7) x31 0x70717000
core   0: 0x80000298 (0x02326233) rem     tp, tp, gp
core   0: 3 0x80000298 (0x02326233) x 4 0xffffffff
core   0: 0x8000029c (0x023d66b3) rem     a3, s10, gp
core   0: 3 0x8000029c (0x023d66b3) x13 0x848beb50
core   0: 0x800002a0 (0x03922233) mulhsu  tp, tp, s9
core   0: 3 0x800002a0 (0x03922233) x 4 0xffffffff
core   0: 0x800002a4 (0x02d6fcb3) remu    s9, a3, a3
core   0: 3 0x800002a4 (0x02d6fcb3) x25 0x00000000
core   0: 0x800002a8 (0x41815c97) auipc   s9, 0x41815
core   0: 3 0x800002a8 (0x41815c97) x25 0xc18152a8
core   0: 0x800002ac (0x02f25d33) divu    s10, tp, a5
core   0: 3 0x800002ac (0x02f25d33) x26 0x00000001
core   0: 0x800002b0 (0x9b7516b7) lui     a3, 0x9b751
core   0: 3 0x800002b0 (0x9b7516b7) x13 0x9b751000
core   0: 0x800002b4 (0x033546b3) div     a3, a0, s3
core   0: 3 0x800002b4 (0x033546b3) x13 0x00000001
core   0: 0x800002b8 (0x00009fe6) c.add   t6, s9
core   0: 3 0x800002b8 (0x9fe6) x31 0x31f2c2a8
core   0: 0x800002ba (0x404209b3) sub     s3, tp, tp
core   0: 3 0x800002ba (0x404209b3) x19 0x00000000
core   0: 0x800002be (0x5a18f217) auipc   tp, 0x5a18f
core   0: 3 0x800002be (0x5a18f217) x 4 0xda18f2be
core   0: 0x800002c2 (0x02a20233) mul     tp, tp, a0
core   0: 3 0x800002c2 (0x02a20233) x 4 0x00000000
core   0: 0x800002c6 (0x02a6ed33) rem     s10, a3, a0
core   0: 3 0x800002c6 (0x02a6ed33) x26 0x00000001
core   0: 0x800002ca (0x09d8bfb7) lui     t6, 0x9d8b
core   0: 3 0x800002ca (0x09d8bfb7) x31 0x09d8b000
core   0: 0x800002ce (0xeed0cf97) auipc   t6, 0xeed0c
core   0: 3 0x800002ce (0xeed0cf97) x31 0x6ed0c2ce
core   0: 0x800002d2 (0x033d5d33) divu    s10, s10, s3
core   0: 3 0x800002d2 (0x033d5d33) x26 0xffffffff
core   0: 0x800002d6 (0x03322233) mulhsu  tp, tp, s3
core   0: 3 0x800002d6 (0x03322233) x 4 0x00000000
core   0: 0x800002da (0x4fa20793) addi    a5, tp, 1274
core   0: 3 0x800002da (0x4fa20793) x15 0x000004fa
core   0: 0x800002de (0x80000837) lui     a6, 0x80000
core   0: 3 0x800002de (0x80000837) x16 0x80000000
core   0: 0x800002e2 (0x451a00b7) lui     ra, 0x451a0
core   0: 3 0x800002e2 (0x451a00b7) x 1 0x451a0000
core   0: 0x800002e6 (0xa2208093) addi    ra, ra, -1502
core   0: 3 0x800002e6 (0xa2208093) x 1 0x4519fa22
core   0: 0x800002ea (0xfff00e93) li      t4, -1
core   0: 3 0x800002ea (0xfff00e93) x29 0xffffffff
core   0: 0x800002ee (0x00004d01) c.li    s10, 0
core   0: 3 0x800002ee (0x4d01) x26 0x00000000
core   0: 0x800002f0 (0x800002b7) lui     t0, 0x80000
core   0: 3 0x800002f0 (0x800002b7) x 5 0x80000000
core   0: 0x800002f4 (0x31765437) lui     s0, 0x31765
core   0: 3 0x800002f4 (0x31765437) x 8 0x31765000
core   0: 0x800002f8 (0x58440413) addi    s0, s0, 1412
core   0: 3 0x800002f8 (0x58440413) x 8 0x31765584
core   0: 0x800002fc (0x80000e37) lui     t3, 0x80000
core   0: 3 0x800002fc (0x80000e37) x28 0x80000000
core   0: 0x80000300 (0xfe7d3bb7) lui     s7, 0xfe7d3
core   0: 3 0x80000300 (0xfe7d3bb7) x23 0xfe7d3000
core   0: 0x80000304 (0x3ebb8b93) addi    s7, s7, 1003
core   0: 3 0x80000304 (0x3ebb8b93) x23 0xfe7d33eb
core   0: 0x80000308 (0x800006b7) lui     a3, 0x80000
core   0: 3 0x80000308 (0x800006b7) x13 0x80000000
core   0: 0x8000030c (0x80000f37) lui     t5, 0x80000
core   0: 3 0x8000030c (0x80000f37) x30 0x80000000
core   0: 0x80000310 (0x03ae0833) mul     a6, t3, s10
core   0: 3 0x80000310 (0x03ae0833) x16 0x00000000
core   0: 0x80000314 (0x03cf2833) mulhsu  a6, t5, t3
core   0: 3 0x80000314 (0x03cf2833) x16 0xc0000000
core   0: 0x80000318 (0x1b2872b7) lui     t0, 0x1b287
core   0: 3 0x80000318 (0x1b2872b7) x 5 0x1b287000
core   0: 0x8000031c (0x4d128e93) addi    t4, t0, 1233
core   0: 3 0x8000031c (0x4d128e93) x29 0x1b2874d1
core   0: 0x80000320 (0xaa168b97) auipc   s7, 0xaa168
core   0: 3 0x80000320 (0xaa168b97) x23 0x2a168320
core   0: 0x80000324 (0x03e44d33) div     s10, s0, t5
core   0: 3 0x80000324 (0x03e44d33) x26 0x00000000
core   0: 0x80000328 (0x01ce8433) add     s0, t4, t3
core   0: 3 0x80000328 (0x01ce8433) x 8 0x9b2874d1
core   0: 0x8000032c (0x030d5d33) divu    s10, s10, a6
core   0: 3 0x8000032c (0x030d5d33) x26 0x00000000
core   0: 0x80000330 (0x03af0d33) mul     s10, t5, s10
core   0: 3 0x80000330 (0x03af0d33) x26 0x00000000
core   0: 0x80000334 (0x037d2f33) mulhsu  t5, s10, s7
core   0: 3 0x80000334 (0x037d2f33) x30 0x00000000
core   0: 0x80000338 (0x01ab8833) add     a6, s7, s10
core   0: 3 0x80000338 (0x01ab8833) x16 0x2a168320
core   0: 0x8000033c (0x03c6a833) mulhsu  a6, a3, t3
core   0: 3 0x8000033c (0x03c6a833) x16 0xc0000000
core   0: 0x80000340 (0x030bfd33) remu    s10, s7, a6
core   0: 3 0x80000340 (0x030bfd33) x26 0x2a168320
core   0: 0x80000344 (0x030d00b3) mul     ra, s10, a6
core   0: 3 0x80000344 (0x030d00b3) x 1 0x00000000
core   0: 0x80000348 (0x74e67417) auipc   s0, 0x74e67
core   0: 3 0x80000348 (0x74e67417) x 8 0xf4e67348
core   0: 0x8000034c (0x47962297) auipc   t0, 0x47962
core   0: 3 0x8000034c (0x47962297) x 5 0xc796234c
core   0: 0x80000350 (0x8ecb8b93) addi    s7, s7, -1812
core   0: 3 0x80000350 (0x8ecb8b93) x23 0x2a167c0c
core   0: 0x80000354 (0x03dbfbb3) remu    s7, s7, t4
core   0: 3 0x80000354 (0x03dbfbb3) x23 0x0eee073b
core   0: 0x80000358 (0x03d42bb3) mulhsu  s7, s0, t4
core   0: 3 0x80000358 (0x03d42bb3) x23 0xfed28d19
core   0: 0x8000035c (0x005800b3) add     ra, a6, t0
core   0: 3 0x8000035c (0x005800b3) x 1 0x8796234c
core   0: 0x80000360 (0x0dd66e97) auipc   t4, 0xdd66
core   0: 3 0x80000360 (0x0dd66e97) x29 0x8dd66360
core   0: 0x80000364 (0x025d32b3) mulhu   t0, s10, t0
core   0: 3 0x80000364 (0x025d32b3) x 5 0x20d02eec
core   0: 0x80000368 (0x2be40d13) addi    s10, s0, 702
core   0: 3 0x80000368 (0x2be40d13) x26 0xf4e67606
core   0: 0x8000036c (0x030d6eb3) rem     t4, s10, a6
core   0: 3 0x8000036c (0x030d6eb3) x29 0xf4e67606
core   0: 0x80000370 (0x028d5d33) divu    s10, s10, s0
core   0: 3 0x80000370 (0x028d5d33) x26 0x00000001
core   0: 0x80000374 (0x02582e33) mulhsu  t3, a6, t0
core   0: 3 0x80000374 (0x02582e33) x28 0xf7cbf445
core   0: 0x80000378 (0x02142f33) mulhsu  t5, s0, ra
core   0: 3 0x80000378 (0x02142f33) x30 0xfa1f044a
core   0: 0x8000037c (0x03ae20b3) mulhsu  ra, t3, s10
core   0: 3 0x8000037c (0x03ae20b3) x 1 0xffffffff
core   0: 0x80000380 (0x01cb8833) add     a6, s7, t3
core   0: 3 0x80000380 (0x01cb8833) x16 0xf69e815e
core   0: 0x80000384 (0x025bfd33) remu    s10, s7, t0
core   0: 3 0x80000384 (0x025bfd33) x26 0x192144a5
core   0: 0x80000388 (0xfff00c93) li      s9, -1
core   0: 3 0x80000388 (0xfff00c93) x25 0xffffffff
core   0: 0x8000038c (0x00004201) c.li    tp, 0
core   0: 3 0x8000038c (0x4201) x 4 0x00000000
core   0: 0x8000038e (0x00004801) c.li    a6, 0
core   0: 3 0x8000038e (0x4801) x16 0x00000000
core   0: 0x80000390 (0x800004b7) lui     s1, 0x80000
core   0: 3 0x80000390 (0x800004b7) x 9 0x80000000
core   0: 0x80000394 (0xfff00193) li      gp, -1
core   0: 3 0x80000394 (0xfff00193) x 3 0xffffffff
core   0: 0x80000398 (0x35403937) lui     s2, 0x35403
core   0: 3 0x80000398 (0x35403937) x18 0x35403000
core   0: 0x8000039c (0xb6090913) addi    s2, s2, -1184
core   0: 3 0x8000039c (0xb6090913) x18 0x35402b60
core   0: 0x800003a0 (0xfff00593) li      a1, -1
core   0: 3 0x800003a0 (0xfff00593) x11 0xffffffff
core   0: 0x800003a4 (0x00004881) c.li    a7, 0
core   0: 3 0x800003a4 (0x4881) x17 0x00000000
core   0: 0x800003a6 (0x00004401) c.li    s0, 0
core   0: 3 0x800003a6 (0x4401) x 8 0x00000000
core   0: 0x800003a8 (0xfff00e93) li      t4, -1
core   0: 3 0x800003a8 (0xfff00e93) x29 0xffffffff
core   0: 0x800003ac (0x024845b3) div     a1, a6, tp
core   0: 3 0x800003ac (0x024845b3) x11 0xffffffff
core   0: 0x800003b0 (0x024cb433) mulhu   s0, s9, tp
core   0: 3 0x800003b0 (0x024cb433) x 8 0x00000000
core   0: 0x800003b4 (0x011e84b3) add     s1, t4, a7
core   0: 3 0x800003b4 (0x011e84b3) x 9 0xffffffff
core   0: 0x800003b8 (0x0311d1b3) divu    gp, gp, a7
core   0: 3 0x800003b8 (0x0311d1b3) x 3 0xffffffff
core   0: 0x800003bc (0x0241c833) div     a6, gp, tp
core   0: 3 0x800003bc (0x0241c833) x16 0xffffffff
core   0: 0x800003c0 (0xdefe8213) addi    tp, t4, -529
core   0: 3 0x800003c0 (0xdefe8213) x 4 0xfffffdee
core   0: 0x800003c4 (0x41218cb3) sub     s9, gp, s2
core   0: 3 0x800003c4 (0x41218cb3) x25 0xcabfd49f
core   0: 0x800003c8 (0x0301deb3) divu    t4, gp, a6
core   0: 3 0x800003c8 (0x0301deb3) x29 0x00000001
core   0: 0x800003cc (0x44b26197) auipc   gp, 0x44b26
core   0: 3 0x800003cc (0x44b26197) x 3 0xc4b263cc
core   0: 0x800003d0 (0x03993cb3) mulhu   s9, s2, s9
core   0: 3 0x800003d0 (0x03993cb3) x25 0x2a2c8954
core   0: 0x800003d4 (0xff27d8b7) lui     a7, 0xff27d
core   0: 3 0x800003d4 (0xff27d8b7) x17 0xff27d000
core   0: 0x800003d8 (0x0000944a) c.add   s0, s2
core   0: 3 0x800003d8 (0x944a) x 8 0x35402b60
core   0: 0x800003da (0x031c91b3) mulh    gp, s9, a7
core   0: 3 0x800003da (0x031c91b3) x 3 0xffdc6283
core   0: 0x800003de (0x82648593) addi    a1, s1, -2010
core   0: 3 0x800003de (0x82648593) x11 0xfffff825
core   0: 0x800003e2 (0x0294d833) divu    a6, s1, s1
core   0: 3 0x800003e2 (0x0294d833) x16 0x00000001
core   0: 0x800003e6 (0x52b34417) auipc   s0, 0x52b34
core   0: 3 0x800003e6 (0x52b34417) x 8 0xd2b343e6
core   0: 0x800003ea (0x031948b3) div     a7, s2, a7
core   0: 3 0x800003ea (0x031948b3) x17 0xffffffc1
core   0: 0x800003ee (0x02445eb3) divu    t4, s0, tp
core   0: 3 0x800003ee (0x02445eb3) x29 0x00000000
core   0: 0x800003f2 (0x00000001) c.nop
core   0: 3 0x800003f2 (0x0001)
core   0: 0x800003f4 (0x0305a8b3) mulhsu  a7, a1, a6
core   0: 3 0x800003f4 (0x0305a8b3) x17 0xffffffff
core   0: 0x800003f8 (0x030e8933) mul     s2, t4, a6
core   0: 3 0x800003f8 (0x030e8933) x18 0x00000000
core   0: 0x800003fc (0x02340433) mul     s0, s0, gp
core   0: 3 0x800003fc (0x02340433) x 8 0xe561cab2
core   0: 0x80000400 (0x03047433) remu    s0, s0, a6
core   0: 3 0x80000400 (0x03047433) x 8 0x00000000
core   0: 0x80000404 (0x02441833) mulh    a6, s0, tp
core   0: 3 0x80000404 (0x02441833) x16 0x00000000
core   0: 0x80000408 (0x02b581b3) mul     gp, a1, a1
core   0: 3 0x80000408 (0x02b581b3) x 3 0x003db559
core   0: 0x8000040c (0x030931b3) mulhu   gp, s2, a6
core   0: 3 0x8000040c (0x030931b3) x 3 0x00000000
core   0: 0x80000410 (0x032901b3) mul     gp, s2, s2
core   0: 3 0x80000410 (0x032901b3) x 3 0x00000000
core   0: 0x80000414 (0x01d40933) add     s2, s0, t4
core   0: 3 0x80000414 (0x01d40933) x18 0x00000000
core   0: 0x80000418 (0x1f6f2917) auipc   s2, 0x1f6f2
core   0: 3 0x80000418 (0x1f6f2917) x18 0x9f6f2418
core   0: 0x8000041c (0x03940cb3) mul     s9, s0, s9
core   0: 3 0x8000041c (0x03940cb3) x25 0x00000000
core   0: 0x80000420 (0x80000b37) lui     s6, 0x80000
core   0: 3 0x80000420 (0x80000b37) x22 0x80000000
core   0: 0x80000424 (0x0a2bee37) lui     t3, 0xa2be
core   0: 3 0x80000424 (0x0a2bee37) x28 0x0a2be000
core   0: 0x80000428 (0xd13e0e13) addi    t3, t3, -749
core   0: 3 0x80000428 (0xd13e0e13) x28 0x0a2bdd13
core   0: 0x8000042c (0xe10f4cb7) lui     s9, 0xe10f4
core   0: 3 0x8000042c (0xe10f4cb7) x25 0xe10f4000
core   0: 0x80000430 (0x33fc8c93) addi    s9, s9, 831
core   0: 3 0x80000430 (0x33fc8c93) x25 0xe10f433f
core   0: 0x80000434 (0x00004381) c.li    t2, 0
core   0: 3 0x80000434 (0x4381) x 7 0x00000000
core   0: 0x80000436 (0x80000937) lui     s2, 0x80000
core   0: 3 0x80000436 (0x80000937) x18 0x80000000
core   0: 0x8000043a (0xfff00a93) li      s5, -1
core   0: 3 0x8000043a (0xfff00a93) x21 0xffffffff
core   0: 0x8000043e (0x3dc56bb7) lui     s7, 0x3dc56
core   0: 3 0x8000043e (0x3dc56bb7) x23 0x3dc56000
core   0: 0x80000442 (0x545b8b93) addi    s7, s7, 1349
core   0: 3 0x80000442 (0x545b8b93) x23 0x3dc56545
core   0: 0x80000446 (0xfff00a13) li      s4, -1
core   0: 3 0x80000446 (0xfff00a13) x20 0xffffffff
core   0: 0x8000044a (0xfff00193) li      gp, -1
core   0: 3 0x8000044a (0xfff00193) x 3 0xffffffff
core   0: 0x8000044e (0x0cf924b7) lui     s1, 0xcf92
core   0: 3 0x8000044e (0x0cf924b7) x 9 0x0cf92000
core   0: 0x80000452 (0x6a248493) addi    s1, s1, 1698
core   0: 3 0x80000452 (0x6a248493) x 9 0x0cf926a2
core   0: 0x80000456 (0x46da8e13) addi    t3, s5, 1133
core   0: 3 0x80000456 (0x46da8e13) x28 0x0000046c
core   0: 0x8000045a (0x00000001) c.nop
core   0: 3 0x8000045a (0x0001)
core   0: 0x8000045c (0x04b3eb17) auipc   s6, 0x4b3e
core   0: 3 0x8000045c (0x04b3eb17) x22 0x84b3e45c
core   0: 0x80000460 (0xf5c48493) addi    s1, s1, -164
core   0: 3 0x80000460 (0xf5c48493) x 9 0x0cf925fe
core   0: 0x80000464 (0x50287ab7) lui     s5, 0x50287
core   0: 3 0x80000464 (0x50287ab7) x21 0x50287000
core   0: 0x80000468 (0x41ca0a33) sub     s4, s4, t3
core   0: 3 0x80000468 (0x41ca0a33) x20 0xfffffb93
core   0: 0x8000046c (0x41248ab3) sub     s5, s1, s2
core   0: 3 0x8000046c (0x41248ab3) x21 0x8cf925fe
core   0: 0x80000470 (0x037e03b3) mul     t2, t3, s7
core   0: 3 0x80000470 (0x037e03b3) x 7 0x24dbcd1c
core   0: 0x80000474 (0x00000001) c.nop
core   0: 3 0x80000474 (0x0001)
core   0: 0x80000476 (0x93c7fa17) auipc   s4, 0x93c7f
core   0: 3 0x80000476 (0x93c7fa17) x20 0x13c7f476
core   0: 0x8000047a (0x03cc94b3) mulh    s1, s9, t3
core   0: 3 0x8000047a (0x03cc94b3) x 9 0xffffff77
core   0: 0x8000047e (0x03ccee33) rem     t3, s9, t3
core   0: 3 0x8000047e (0x03ccee33) x28 0xffffff83
core   0: 0x80000482 (0x03948933) mul     s2, s1, s9
core   0: 3 0x80000482 (0x03948933) x18 0x8ed50349
core   0: 0x80000486 (0xf438c497) auipc   s1, 0xf438c
core   0: 3 0x80000486 (0xf438c497) x 9 0x7438c486
core   0: 0x8000048a (0x027ccb33) div     s6, s9, t2
core   0: 3 0x8000048a (0x027ccb33) x22 0x00000000
core   0: 0x8000048e (0x0354ba33) mulhu   s4, s1, s5
core   0: 3 0x8000048e (0x0354ba33) x20 0x400027ef
core   0: 0x80000492 (0x027ca1b3) mulhsu  gp, s9, t2
core   0: 3 0x80000492 (0x027ca1b3) x 3 0xfb8b94b9
core   0: 0x80000496 (0x00790e33) add     t3, s2, t2
core   0: 3 0x80000496 (0x00790e33) x28 0xb3b0d065
core   0: 0x8000049a (0x4b8b8b37) lui     s6, 0x4b8b8
core   0: 3 0x8000049a (0x4b8b8b37) x22 0x4b8b8000
core   0: 0x8000049e (0x01918b33) add     s6, gp, s9
core   0: 3 0x8000049e (0x01918b33) x22 0xdc9ad7f8
core   0: 0x800004a2 (0x00000001) c.nop
core   0: 3 0x800004a2 (0x0001)
core   0: 0x800004a4 (0x039aeb33) rem     s6, s5, s9
core   0: 3 0x800004a4 (0x039aeb33) x22 0xe9cb5c41
core   0: 0x800004a8 (0x032961b3) rem     gp, s2, s2
core   0: 3 0x800004a8 (0x032961b3) x 3 0x00000000
core   0: 0x800004ac (0x027bacb3) mulhsu  s9, s7, t2
core   0: 3 0x800004ac (0x027bacb3) x25 0x08e4cb99
core   0: 0x800004b0 (0x7a67dc37) lui     s8, 0x7a67d
core   0: 3 0x800004b0 (0x7a67dc37) x24 0x7a67d000
core   0: 0x800004b4 (0xe94c0c13) addi    s8, s8, -364
core   0: 3 0x800004b4 (0xe94c0c13) x24 0x7a67ce94
core   0: 0x800004b8 (0x00004201) c.li    tp, 0
core   0: 3 0x800004b8 (0x4201) x 4 0x00000000
core   0: 0x800004ba (0x1181feb7) lui     t4, 0x1181f
core   0: 3 0x800004ba (0x1181feb7) x29 0x1181f000
core   0: 0x800004be (0x407e8e93) addi    t4, t4, 1031
core   0: 3 0x800004be (0x407e8e93) x29 0x1181f407
core   0: 0x800004c2 (0xfff00d13) li      s10, -1
core   0: 3 0x800004c2 (0xfff00d13) x26 0xffffffff
core   0: 0x800004c6 (0xfff00b93) li      s7, -1
core   0: 3 0x800004c6 (0xfff00b93) x23 0xffffffff
core   0: 0x800004ca (0xfff00613) li      a2, -1
core   0: 3 0x800004ca (0xfff00613) x12 0xffffffff
core   0: 0x800004ce (0xc66e90b7) lui     ra, 0xc66e9
core   0: 3 0x800004ce (0xc66e90b7) x 1 0xc66e9000
core   0: 0x800004d2 (0xb8708093) addi    ra, ra, -1145
core   0: 3 0x800004d2 (0xb8708093) x 1 0xc66e8b87
core   0: 0x800004d6 (0x00004781) c.li    a5, 0
core   0: 3 0x800004d6 (0x4781) x15 0x00000000
core   0: 0x800004d8 (0x00004681) c.li    a3, 0
core   0: 3 0x800004d8 (0x4681) x13 0x00000000
core   0: 0x800004da (0x80000337) lui     t1, 0x80000
core   0: 3 0x800004da (0x80000337) x 6 0x80000000
core   0: 0x800004de (0x02f6bbb3) mulhu   s7, a3, a5
core   0: 3 0x800004de (0x02f6bbb3) x23 0x00000000
core   0: 0x800004e2 (0x03ad3333) mulhu   t1, s10, s10
core   0: 3 0x800004e2 (0x03ad3333) x 6 0xfffffffe
core   0: 0x800004e6 (0x0240dbb3) divu    s7, ra, tp
core   0: 3 0x800004e6 (0x0240dbb3) x23 0xffffffff
core   0: 0x800004ea (0x037edc33) divu    s8, t4, s7
core   0: 3 0x800004ea (0x037edc33) x24 0x00000000
core   0: 0x800004ee (0x40f68c33) sub     s8, a3, a5
core   0: 3 0x800004ee (0x40f68c33) x24 0x00000000
core   0: 0x800004f2 (0x02c7d633) divu    a2, a5, a2
core   0: 3 0x800004f2 (0x02c7d633) x12 0x00000000
core   0: 0x800004f6 (0x00009ef6) c.add   t4, t4
core   0: 3 0x800004f6 (0x9ef6) x29 0x2303e80e
core   0: 0x800004f8 (0x382b8c13) addi    s8, s7, 898
core   0: 3 0x800004f8 (0x382b8c13) x24 0x00000381
core   0: 0x800004fc (0x02f356b3) divu    a3, t1, a5
core   0: 3 0x800004fc (0x02f356b3) x13 0xffffffff
core   0: 0x80000500 (0xc262c237) lui     tp, 0xc262c
core   0: 3 0x80000500 (0xc262c237) x 4 0xc262c000
core   0: 0x80000504 (0x038d76b3) remu    a3, s10, s8
core   0: 3 0x80000504 (0x038d76b3) x13 0x0000014d
core   0: 0x80000508 (0x03879c33) mulh    s8, a5, s8
core   0: 3 0x80000508 (0x03879c33) x24 0x00000000
core   0: 0x8000050c (0x02c346b3) div     a3, t1, a2
core   0: 3 0x8000050c (0x02c346b3) x13 0xffffffff
core   0: 0x80000510 (0x00000001) c.nop
core   0: 3 0x80000510 (0x0001)
core   0: 0x80000512 (0x00000001) c.nop
core   0: 3 0x80000512 (0x0001)
core   0: 0x80000514 (0x02131d33) mulh    s10, t1, ra
core   0: 3 0x80000514 (0x02131d33) x26 0x00000000
core   0: 0x80000518 (0x02624bb3) div     s7, tp, t1
core   0: 3 0x80000518 (0x02624bb3) x23 0x1ecea000
core   0: 0x8000051c (0x02f24bb3) div     s7, tp, a5
core   0: 3 0x8000051c (0x02f24bb3) x23 0xffffffff
core   0: 0x80000520 (0x038d66b3) rem     a3, s10, s8
core   0: 3 0x80000520 (0x038d66b3) x13 0x00000000
core   0: 0x80000524 (0x02f0e6b3) rem     a3, ra, a5
core   0: 3 0x80000524 (0x02f0e6b3) x13 0xc66e8b87
core   0: 0x80000528 (0x5ed54097) auipc   ra, 0x5ed54
core   0: 3 0x80000528 (0x5ed54097) x 1 0xded54528
core   0: 0x8000052c (0x03abfd33) remu    s10, s7, s10
core   0: 3 0x8000052c (0x03abfd33) x26 0xffffffff
core   0: 0x80000530 (0x02dd4c33) div     s8, s10, a3
core   0: 3 0x80000530 (0x02dd4c33) x24 0x00000000
core   0: 0x80000534 (0x001d07b3) add     a5, s10, ra
core   0: 3 0x80000534 (0x001d07b3) x15 0xded54527
core   0: 0x80000538 (0x0247bbb3) mulhu   s7, a5, tp
core   0: 3 0x80000538 (0x0247bbb3) x23 0xa933932b
core   0: 0x8000053c (0x00004c01) c.li    s8, 0
core   0: 3 0x8000053c (0x4c01) x24 0x00000000
core   0: 0x8000053e (0x2150d6b7) lui     a3, 0x2150d
core   0: 3 0x8000053e (0x2150d6b7) x13 0x2150d000
core   0: 0x80000542 (0x10768693) addi    a3, a3, 263
core   0: 3 0x80000542 (0x10768693) x13 0x2150d107
core   0: 0x80000546 (0xfff00f93) li      t6, -1
core   0: 3 0x80000546 (0xfff00f93) x31 0xffffffff
core   0: 0x8000054a (0x86cb52b7) lui     t0, 0x86cb5
core   0: 3 0x8000054a (0x86cb52b7) x 5 0x86cb5000
core   0: 0x8000054e (0xb5b28293) addi    t0, t0, -1189
core   0: 3 0x8000054e (0xb5b28293) x 5 0x86cb4b5b
core   0: 0x80000552 (0x800001b7) lui     gp, 0x80000
core   0: 3 0x80000552 (0x800001b7) x 3 0x80000000
core   0: 0x80000556 (0x00004201) c.li    tp, 0
core   0: 3 0x80000556 (0x4201) x 4 0x00000000
core   0: 0x80000558 (0x00004781) c.li    a5, 0
core   0: 3 0x80000558 (0x4781) x15 0x00000000
core   0: 0x8000055a (0x00004381) c.li    t2, 0
core   0: 3 0x8000055a (0x4381) x 7 0x00000000
core   0: 0x8000055c (0x00004a81) c.li    s5, 0
core   0: 3 0x8000055c (0x4a81) x21 0x00000000
core   0: 0x8000055e (0x80000837) lui     a6, 0x80000
core   0: 3 0x8000055e (0x80000837) x16 0x80000000
core   0: 0x80000562 (0x023c41b3) div     gp, s8, gp
core   0: 3 0x80000562 (0x023c41b3) x 3 0x00000000
core   0: 0x80000566 (0x038fcab3) div     s5, t6, s8
core   0: 3 0x80000566 (0x038fcab3) x21 0xffffffff
core   0: 0x8000056a (0x00000001) c.nop
core   0: 3 0x8000056a (0x0001)
core   0: 0x8000056c (0x025873b3) remu    t2, a6, t0
core   0: 3 0x8000056c (0x025873b3) x 7 0x80000000
core   0: 0x80000570 (0x02421233) mulh    tp, tp, tp
core   0: 3 0x80000570 (0x02421233) x 4 0x00000000
core   0: 0x80000574 (0x06a1dab7) lui     s5, 0x6a1d
core   0: 3 0x80000574 (0x06a1dab7) x21 0x06a1d000
core   0: 0x80000578 (0x03539233) mulh    tp, t2, s5
core   0: 3 0x80000578 (0x03539233) x 4 0xfcaf1800
core   0: 0x8000057c (0x9ffada97) auipc   s5, 0x9ffad
core   0: 3 0x8000057c (0x9ffada97) x21 0x1ffad57c
core   0: 0x80000580 (0x0231f233) remu    tp, gp, gp
core   0: 3 0x80000580 (0x0231f233) x 4 0x00000000
core   0: 0x80000584 (0x03082fb3) mulhsu  t6, a6, a6
core   0: 3 0x80000584 (0x03082fb3) x31 0xc0000000
core   0: 0x80000588 (0x0251f833) remu    a6, gp, t0
core   0: 3 0x80000588 (0x0251f833) x16 0x00000000
core   0: 0x8000058c (0x038f96b3) mulh    a3, t6, s8
core   0: 3 0x8000058c (0x038f96b3) x13 0x00000000
core   0: 0x80000590 (0x3fe78813) addi    a6, a5, 1022
core   0: 3 0x80000590 (0x3fe78813) x16 0x000003fe
core   0: 0x80000594 (0x4ba28c13) addi    s8, t0, 1210
core   0: 3 0x80000594 (0x4ba28c13) x24 0x86cb5015
core   0: 0x80000598 (0x03878c33) mul     s8, a5, s8
core   0: 3 0x80000598 (0x03878c33) x24 0x00000000
core   0: 0x8000059c (0x027aa1b3) mulhsu  gp, s5, t2
core   0: 3 0x8000059c (0x027aa1b3) x 3 0x0ffd6abe
core   0: 0x800005a0 (0x00004381) c.li    t2, 0
core   0: 3 0x800005a0 (0x4381) x 7 0x00000000
core   0: 0x800005a2 (0x80000cb7) lui     s9, 0x80000
core   0: 3 0x800005a2 (0x80000cb7) x25 0x80000000
core   0: 0x800005a6 (0xfff00e93) li      t4, -1
core   0: 3 0x800005a6 (0xfff00e93) x29 0xffffffff
core   0: 0x800005aa (0x1fb3a937) lui     s2, 0x1fb3a
core   0: 3 0x800005aa (0x1fb3a937) x18 0x1fb3a000
core   0: 0x800005ae (0x5ca90913) addi    s2, s2, 1482
core   0: 3 0x800005ae (0x5ca90913) x18 0x1fb3a5ca
core   0: 0x800005b2 (0xfff00b13) li      s6, -1
core   0: 3 0x800005b2 (0xfff00b13) x22 0xffffffff
core   0: 0x800005b6 (0x00004a01) c.li    s4, 0
core   0: 3 0x800005b6 (0x4a01) x20 0x00000000
core   0: 0x800005b8 (0x91ec18b7) lui     a7, 0x91ec1
core   0: 3 0x800005b8 (0x91ec18b7) x17 0x91ec1000
core   0: 0x800005bc (0x40f88893) addi    a7, a7, 1039
core   0: 3 0x800005bc (0x40f88893) x17 0x91ec140f
core   0: 0x800005c0 (0x80000837) lui     a6, 0x80000
core   0: 3 0x800005c0 (0x80000837) x16 0x80000000
core   0: 0x800005c4 (0x00004f81) c.li    t6, 0
core   0: 3 0x800005c4 (0x4f81) x31 0x00000000
core   0: 0x800005c6 (0xd1138337) lui     t1, 0xd1138
core   0: 3 0x800005c6 (0xd1138337) x 6 0xd1138000
core   0: 0x800005ca (0xb0a30313) addi    t1, t1, -1270
core   0: 3 0x800005ca (0xb0a30313) x 6 0xd1137b0a
core   0: 0x800005ce (0x0273bfb3) mulhu   t6, t2, t2
core   0: 3 0x800005ce (0x0273bfb3) x31 0x00000000
core   0: 0x800005d2 (0x62f64317) auipc   t1, 0x62f64
core   0: 3 0x800005d2 (0x62f64317) x 6 0xe2f645d2
core   0: 0x800005d6 (0xbe2c8893) addi    a7, s9, -1054
core   0: 3 0x800005d6 (0xbe2c8893) x17 0x7ffffbe2
core   0: 0x800005da (0x032efa33) remu    s4, t4, s2
core   0: 3 0x800005da (0x032efa33) x20 0x0262d1af
core   0: 0x800005de (0x034a03b3) mul     t2, s4, s4
core   0: 3 0x800005de (0x034a03b3) x 7 0xf1bb35a1
core   0: 0x800005e2 (0x0263ffb3) remu    t6, t2, t1
core   0: 3 0x800005e2 (0x0263ffb3) x31 0x0ec4efcf
core   0: 0x800005e6 (0x01688a33) add     s4, a7, s6
core   0: 3 0x800005e6 (0x01688a33) x20 0x7ffffbe1
core   0: 0x800005ea (0x031cfcb3) remu    s9, s9, a7
core   0: 3 0x800005ea (0x031cfcb3) x25 0x0000041e
core   0: 0x800005ee (0x03497fb3) remu    t6, s2, s4
core   0: 3 0x800005ee (0x03497fb3) x31 0x1fb3a5ca
core   0: 0x800005f2 (0x45b3bcb7) lui     s9, 0x45b3b
core   0: 3 0x800005f2 (0x45b3bcb7) x25 0x45b3b000
core   0: 0x800005f6 (0xe01f8a13) addi    s4, t6, -511
core   0: 3 0x800005f6 (0xe01f8a13) x20 0x1fb3a3cb
core   0: 0x800005fa (0x026cf3b3) remu    t2, s9, t1
core   0: 3 0x800005fa (0x026cf3b3) x 7 0x45b3b000
core   0: 0x800005fe (0x08c64eb7) lui     t4, 0x8c64
core   0: 3 0x800005fe (0x08c64eb7) x29 0x08c64000
core   0: 0x80000602 (0x031efb33) remu    s6, t4, a7
core   0: 3 0x80000602 (0x031efb33) x22 0x08c64000
core   0: 0x80000606 (0x02732933) mulhsu  s2, t1, t2
core   0: 3 0x80000606 (0x02732933) x18 0xf817ff0d
core   0: 0x8000060a (0x03db1fb3) mulh    t6, s6, t4
core   0: 3 0x8000060a (0x03db1fb3) x31 0x004cfd87
core   0: 0x8000060e (0x00000001) c.nop
core   0: 3 0x8000060e (0x0001)
core   0: 0x80000610 (0x03dff8b3) remu    a7, t6, t4
core   0: 3 0x80000610 (0x03dff8b3) x17 0x004cfd87
core   0: 0x80000614 (0x034a7fb3) remu    t6, s4, s4
core   0: 3 0x80000614 (0x034a7fb3) x31 0x00000000
core   0: 0x80000618 (0x031c9cb3) mulh    s9, s9, a7
core   0: 3 0x80000618 (0x031c9cb3) x25 0x0014f65f
core   0: 0x8000061c (0x016303b3) add     t2, t1, s6
core   0: 3 0x8000061c (0x016303b3) x 7 0xebbc85d2
core   0: 0x80000620 (0x01fe8933) add     s2, t4, t6
core   0: 3 0x80000620 (0x01fe8933) x18 0x08c64000
core   0: 0x80000624 (0x46130b13) addi    s6, t1, 1121
core   0: 3 0x80000624 (0x46130b13) x22 0xe2f64a33
core   0: 0x80000628 (0xf1af8813) addi    a6, t6, -230
core   0: 3 0x80000628 (0xf1af8813) x16 0xffffff1a
core   0: 0x8000062c (0x031eacb3) mulhsu  s9, t4, a7
core   0: 3 0x8000062c (0x031eacb3) x25 0x0002a38b
core   0: 0x80000630 (0x03f3bcb3) mulhu   s9, t2, t6
core   0: 3 0x80000630 (0x03f3bcb3) x25 0x00000000
core   0: 0x80000634 (0x031edcb3) divu    s9, t4, a7
core   0: 3 0x80000634 (0x031edcb3) x25 0x0000001d
core   0: 0x80000638 (0x027ff833) remu    a6, t6, t2
core   0: 3 0x80000638 (0x027ff833) x16 0x00000000
core   0: 0x8000063c (0x02631b33) mulh    s6, t1, t1
core   0: 3 0x8000063c (0x02631b33) x22 0x034b348d
core   0: 0x80000640 (0x00004281) c.li    t0, 0
core   0: 3 0x80000640 (0x4281) x 5 0x00000000
core   0: 0x80000642 (0x80000c37) lui     s8, 0x80000
core   0: 3 0x80000642 (0x80000c37) x24 0x80000000
core   0: 0x80000646 (0xfff00093) li      ra, -1
core   0: 3 0x80000646 (0xfff00093) x 1 0xffffffff
core   0: 0x8000064a (0x800005b7) lui     a1, 0x80000
core   0: 3 0x8000064a (0x800005b7) x11 0x80000000
core   0: 0x8000064e (0x6926f337) lui     t1, 0x6926f
core   0: 3 0x8000064e (0x6926f337) x 6 0x6926f000
core   0: 0x80000652 (0x07230313) addi    t1, t1, 114
core   0: 3 0x80000652 (0x07230313) x 6 0x6926f072
core   0: 0x80000656 (0xfff00793) li      a5, -1
core   0: 3 0x80000656 (0xfff00793) x15 0xffffffff
core   0: 0x8000065a (0x00004801) c.li    a6, 0
core   0: 3 0x8000065a (0x4801) x16 0x00000000
core   0: 0x8000065c (0x800009b7) lui     s3, 0x80000
core   0: 3 0x8000065c (0x800009b7) x19 0x80000000
core   0: 0x80000660 (0xfff00413) li      s0, -1
core   0: 3 0x80000660 (0xfff00413) x 8 0xffffffff
core   0: 0x80000664 (0x80000f37) lui     t5, 0x80000
core   0: 3 0x80000664 (0x80000f37) x30 0x80000000
core   0: 0x80000668 (0x0382ec33) rem     s8, t0, s8
core   0: 3 0x80000668 (0x0382ec33) x24 0x00000000
core   0: 0x8000066c (0x6b3ed797) auipc   a5, 0x6b3ed
core   0: 3 0x8000066c (0x6b3ed797) x15 0xeb3ed66c
core   0: 0x80000670 (0x401087b3) sub     a5, ra, ra
core   0: 3 0x80000670 (0x401087b3) x15 0x00000000
core   0: 0x80000674 (0x02599833) mulh    a6, s3, t0
core   0: 3 0x80000674 (0x02599833) x16 0x00000000
core   0: 0x80000678 (0x05f28293) addi    t0, t0, 95
core   0: 3 0x80000678 (0x05f28293) x 5 0x0000005f
core   0: 0x8000067c (0x030f30b3) mulhu   ra, t5, a6
core   0: 3 0x8000067c (0x030f30b3) x 1 0x00000000
core   0: 0x80000680 (0x03844c33) div     s8, s0, s8
core   0: 3 0x80000680 (0x03844c33) x24 0xffffffff
core   0: 0x80000684 (0x03ef5f33) divu    t5, t5, t5
core   0: 3 0x80000684 (0x03ef5f33) x30 0x00000001
core   0: 0x80000688 (0x028370b3) remu    ra, t1, s0
core   0: 3 0x80000688 (0x028370b3) x 1 0x6926f072
core   0: 0x8000068c (0x021c12b3) mulh    t0, s8, ra
core   0: 3 0x8000068c (0x021c12b3) x 5 0xffffffff
core   0: 0x80000690 (0x02140433) mul     s0, s0, ra
core   0: 3 0x80000690 (0x02140433) x 8 0x96d90f8e
core   0: 0x80000694 (0x026f37b3) mulhu   a5, t5, t1
core   0: 3 0x80000694 (0x026f37b3) x15 0x00000000
core   0: 0x80000698 (0x00000001) c.nop
core   0: 3 0x80000698 (0x0001)
core   0: 0x8000069a (0x0269b7b3) mulhu   a5, s3, t1
core   0: 3 0x8000069a (0x0269b7b3) x15 0x34937839
core   0: 0x8000069e (0x0000982e) c.add   a6, a1
core   0: 3 0x8000069e (0x982e) x16 0x80000000
core   0: 0x800006a0 (0x7c610f37) lui     t5, 0x7c610
core   0: 3 0x800006a0 (0x7c610f37) x30 0x7c610000
core   0: 0x800006a4 (0x03e0f433) remu    s0, ra, t5
core   0: 3 0x800006a4 (0x03e0f433) x 8 0x6926f072
core   0: 0x800006a8 (0xdda66837) lui     a6, 0xdda66
core   0: 3 0x800006a8 (0xdda66837) x16 0xdda66000
core   0: 0x800006ac (0x026822b3) mulhsu  t0, a6, t1
core   0: 3 0x800006ac (0x026822b3) x 5 0xf1e403ce
core   0: 0x800006b0 (0x03829433) mulh    s0, t0, s8
core   0: 3 0x800006b0 (0x03829433) x 8 0x00000000
core   0: 0x800006b4 (0x02f09433) mulh    s0, ra, a5
core   0: 3 0x800006b4 (0x02f09433) x 8 0x15987b94
core   0: 0x800006b8 (0x40178f33) sub     t5, a5, ra
core   0: 3 0x800006b8 (0x40178f33) x30 0xcb6c87c7
core   0: 0x800006bc (0x656acc17) auipc   s8, 0x656ac
core   0: 3 0x800006bc (0x656acc17) x24 0xe56ac6bc
core   0: 0x800006c0 (0xc09880b7) lui     ra, 0xc0988
core   0: 3 0x800006c0 (0xc09880b7) x 1 0xc0988000
core   0: 0x800006c4 (0x02fc60b3) rem     ra, s8, a5
core   0: 3 0x800006c4 (0x02fc60b3) x 1 0xe56ac6bc
core   0: 0x800006c8 (0x427122b7) lui     t0, 0x42712
core   0: 3 0x800006c8 (0x427122b7) x 5 0x42712000
core   0: 0x800006cc (0x04128293) addi    t0, t0, 65
core   0: 3 0x800006cc (0x04128293) x 5 0x42712041
core   0: 0x800006d0 (0x00004c01) c.li    s8, 0
core   0: 3 0x800006d0 (0x4c01) x24 0x00000000
core   0: 0x800006d2 (0xfff00e13) li      t3, -1
core   0: 3 0x800006d2 (0xfff00e13) x28 0xffffffff
core   0: 0x800006d6 (0x886a8b37) lui     s6, 0x886a8
core   0: 3 0x800006d6 (0x886a8b37) x22 0x886a8000
core   0: 0x800006da (0xb11b0b13) addi    s6, s6, -1263
core   0: 3 0x800006da (0xb11b0b13) x22 0x886a7b11
core   0: 0x800006de (0x00004f81) c.li    t6, 0
core   0: 3 0x800006de (0x4f81) x31 0x00000000
core   0: 0x800006e0 (0x69f6f7b7) lui     a5, 0x69f6f
core   0: 3 0x800006e0 (0x69f6f7b7) x15 0x69f6f000
core   0: 0x800006e4 (0x13478793) addi    a5, a5, 308
core   0: 3 0x800006e4 (0x13478793) x15 0x69f6f134
core   0: 0x800006e8 (0xd8300837) lui     a6, 0xd8300
core   0: 3 0x800006e8 (0xd8300837) x16 0xd8300000
core   0: 0x800006ec (0x0a080813) addi    a6, a6, 160
core   0: 3 0x800006ec (0x0a080813) x16 0xd83000a0
core   0: 0x800006f0 (0xa81644b7) lui     s1, 0xa8164
core   0: 3 0x800006f0 (0xa81644b7) x 9 0xa8164000
core   0: 0x800006f4 (0xbc448493) addi    s1, s1, -1084
core   0: 3 0x800006f4 (0xbc448493) x 9 0xa8163bc4
core   0: 0x800006f8 (0x80000937) lui     s2, 0x80000
core   0: 3 0x800006f8 (0x80000937) x18 0x80000000
core   0: 0x800006fc (0x1f788a37) lui     s4, 0x1f788
core   0: 3 0x800006fc (0x1f788a37) x20 0x1f788000
core   0: 0x80000700 (0x2a9a0a13) addi    s4, s4, 681
core   0: 3 0x80000700 (0x2a9a0a13) x20 0x1f7882a9
core   0: 0x80000704 (0x02fc37b3) mulhu   a5, s8, a5
core   0: 3 0x80000704 (0x02fc37b3) x15 0x00000000
core   0: 0x80000708 (0x0362cb33) div     s6, t0, s6
core   0: 3 0x80000708 (0x0362cb33) x22 0x00000000
core   0: 0x8000070c (0xe68cf4b7) lui     s1, 0xe68cf
core   0: 3 0x8000070c (0xe68cf4b7) x 9 0xe68cf000
core   0: 0x80000710 (0x032fb2b3) mulhu   t0, t6, s2
core   0: 3 0x80000710 (0x032fb2b3) x 5 0x00000000
core   0: 0x80000714 (0x025a44b3) div     s1, s4, t0
core   0: 3 0x80000714 (0x025a44b3) x 9 0xffffffff
core   0: 0x80000718 (0x01ca0fb3) add     t6, s4, t3
core   0: 3 0x80000718 (0x01ca0fb3) x31 0x1f7882a8
core   0: 0x8000071c (0x025824b3) mulhsu  s1, a6, t0
core   0: 3 0x8000071c (0x025824b3) x 9 0x00000000
core   0: 0x80000720 (0x030c22b3) mulhsu  t0, s8, a6
core   0: 3 0x80000720 (0x030c22b3) x 5 0x00000000
core   0: 0x80000724 (0x0344a4b3) mulhsu  s1, s1, s4
core   0: 3 0x80000724 (0x0344a4b3) x 9 0x00000000
core   0: 0x80000728 (0x03479c33) mulh    s8, a5, s4
core   0: 3 0x80000728 (0x03479c33) x24 0x00000000
core   0: 0x8000072c (0x41cf8fb3) sub     t6, t6, t3
core   0: 3 0x8000072c (0x41cf8fb3) x31 0x1f7882a9
core   0: 0x80000730 (0x00000001) c.nop
core   0: 3 0x80000730 (0x0001)
core   0: 0x80000732 (0x03ca02b3) mul     t0, s4, t3
core   0: 3 0x80000732 (0x03ca02b3) x 5 0xe0877d57
core   0: 0x80000736 (0x03fb22b3) mulhsu  t0, s6, t6
core   0: 3 0x80000736 (0x03fb22b3) x 5 0x00000000
core   0: 0x8000073a (0x0254a833) mulhsu  a6, s1, t0
core   0: 3 0x8000073a (0x0254a833) x16 0x00000000
core   0: 0x8000073e (0x03281e33) mulh    t3, a6, s2
core   0: 3 0x8000073e (0x03281e33) x28 0x00000000
core   0: 0x80000742 (0x030917b3) mulh    a5, s2, a6
core   0: 3 0x80000742 (0x030917b3) x15 0x00000000
core   0: 0x80000746 (0x00000001) c.nop
core   0: 3 0x80000746 (0x0001)
core   0: 0x80000748 (0x03cfbfb3) mulhu   t6, t6, t3
core   0: 3 0x80000748 (0x03cfbfb3) x31 0x00000000
core   0: 0x8000074c (0x0344bc33) mulhu   s8, s1, s4
core   0: 3 0x8000074c (0x0344bc33) x24 0x00000000
core   0: 0x80000750 (0x418a0c33) sub     s8, s4, s8
core   0: 3 0x80000750 (0x418a0c33) x24 0x1f7882a9
core   0: 0x80000754 (0xdb048793) addi    a5, s1, -592
core   0: 3 0x80000754 (0xdb048793) x15 0xfffffdb0
core   0: 0x80000758 (0x0254c933) div     s2, s1, t0
core   0: 3 0x80000758 (0x0254c933) x18 0xffffffff
core   0: 0x8000075c (0x0252dc33) divu    s8, t0, t0
core   0: 3 0x8000075c (0x0252dc33) x24 0xffffffff
core   0: 0x80000760 (0xe602a1b7) lui     gp, 0xe602a
core   0: 3 0x80000760 (0xe602a1b7) x 3 0xe602a000
core   0: 0x80000764 (0x4a618193) addi    gp, gp, 1190
core   0: 3 0x80000764 (0x4a618193) x 3 0xe602a4a6
core   0: 0x80000768 (0x80000337) lui     t1, 0x80000
core   0: 3 0x80000768 (0x80000337) x 6 0x80000000
core   0: 0x8000076c (0xfff00a13) li      s4, -1
core   0: 3 0x8000076c (0xfff00a13) x20 0xffffffff
core   0: 0x80000770 (0x00004081) c.li    ra, 0
core   0: 3 0x80000770 (0x4081) x 1 0x00000000
core   0: 0x80000772 (0xe9e1fc37) lui     s8, 0xe9e1f
core   0: 3 0x80000772 (0xe9e1fc37) x24 0xe9e1f000
core   0: 0x80000776 (0xd8cc0c13) addi    s8, s8, -628
core   0: 3 0x80000776 (0xd8cc0c13) x24 0xe9e1ed8c
core   0: 0x8000077a (0x00004b81) c.li    s7, 0
core   0: 3 0x8000077a (0x4b81) x23 0x00000000
core   0: 0x8000077c (0x00004e81) c.li    t4, 0
core   0: 3 0x8000077c (0x4e81) x29 0x00000000
core   0: 0x8000077e (0x80000437) lui     s0, 0x80000
core   0: 3 0x8000077e (0x80000437) x 8 0x80000000
core   0: 0x80000782 (0x800007b7) lui     a5, 0x80000
core   0: 3 0x80000782 (0x800007b7) x15 0x80000000
core   0: 0x80000786 (0xfff00f13) li      t5, -1
core   0: 3 0x80000786 (0xfff00f13) x30 0xffffffff
core   0: 0x8000078a (0x02332c33) mulhsu  s8, t1, gp
core   0: 3 0x8000078a (0x02332c33) x24 0x8cfeadad
core   0: 0x8000078e (0x01da0433) add     s0, s4, t4
core   0: 3 0x8000078e (0x01da0433) x 8 0xffffffff
core   0: 0x80000792 (0x03df1c33) mulh    s8, t5, t4
core   0: 3 0x80000792 (0x03df1c33) x24 0x00000000
core   0: 0x80000796 (0x6aeb8413) addi    s0, s7, 1710
core   0: 3 0x80000796 (0x6aeb8413) x 8 0x000006ae
core   0: 0x8000079a (0x02fbe433) rem     s0, s7, a5
core   0: 3 0x8000079a (0x02fbe433) x 8 0x00000000
core   0: 0x8000079e (0x02835f33) divu    t5, t1, s0
core   0: 3 0x8000079e (0x02835f33) x30 0xffffffff
core   0: 0x800007a2 (0x00000001) c.nop
core   0: 3 0x800007a2 (0x0001)
core   0: 0x800007a4 (0x03e41333) mulh    t1, s0, t5
core   0: 3 0x800007a4 (0x03e41333) x 6 0x00000000
core   0: 0x800007a8 (0x0231c333) div     t1, gp, gp
core   0: 3 0x800007a8 (0x0231c333) x 6 0x00000001
core   0: 0x800007ac (0x018a0433) add     s0, s4, s8
core   0: 3 0x800007ac (0x018a0433) x 8 0xffffffff
core   0: 0x800007b0 (0x028ee333) rem     t1, t4, s0
core   0: 3 0x800007b0 (0x028ee333) x 6 0x00000000
core   0: 0x800007b4 (0x02f19433) mulh    s0, gp, a5
core   0: 3 0x800007b4 (0x02f19433) x 8 0x0cfeadad
core   0: 0x800007b8 (0x034c30b3) mulhu   ra, s8, s4
core   0: 3 0x800007b8 (0x034c30b3) x 1 0x00000000
core   0: 0x800007bc (0x03e0df33) divu    t5, ra, t5
core   0: 3 0x800007bc (0x03e0df33) x30 0x00000000
core   0: 0x800007c0 (0x037a5bb3) divu    s7, s4, s7
core   0: 3 0x800007c0 (0x037a5bb3) x23 0xffffffff
core   0: 0x800007c4 (0x02f09333) mulh    t1, ra, a5
core   0: 3 0x800007c4 (0x02f09333) x 6 0x00000000
core   0: 0x800007c8 (0x03d1a7b3) mulhsu  a5, gp, t4
core   0: 3 0x800007c8 (0x03d1a7b3) x15 0x00000000
core   0: 0x800007cc (0x0261e0b3) rem     ra, gp, t1
core   0: 3 0x800007cc (0x0261e0b3) x 1 0xe602a4a6
core   0: 0x800007d0 (0x021417b3) mulh    a5, s0, ra
core   0: 3 0x800007d0 (0x021417b3) x15 0xfeae44b5
core   0: 0x800007d4 (0x41ea0c33) sub     s8, s4, t5
core   0: 3 0x800007d4 (0x41ea0c33) x24 0xffffffff
core   0: 0x800007d8 (0xcfa6d437) lui     s0, 0xcfa6d
core   0: 3 0x800007d8 (0xcfa6d437) x 8 0xcfa6d000
core   0: 0x800007dc (0x02deab97) auipc   s7, 0x2dea
core   0: 3 0x800007dc (0x02deab97) x23 0x82dea7dc
core   0: 0x800007e0 (0xc2532437) lui     s0, 0xc2532
core   0: 3 0x800007e0 (0xc2532437) x 8 0xc2532000
core   0: 0x800007e4 (0x00000001) c.nop
core   0: 3 0x800007e4 (0x0001)
core   0: 0x800007e6 (0x02318bb3) mul     s7, gp, gp
core   0: 3 0x800007e6 (0x02318bb3) x23 0x447d1ba4
core   0: 0x800007ea (0xc5281797) auipc   a5, 0xc5281
core   0: 3 0x800007ea (0xc5281797) x15 0x452817ea
core   0: 0x800007ee (0x021c20b3) mulhsu  ra, s8, ra
core   0: 3 0x800007ee (0x021c20b3) x 1 0xffffffff
core   0: 0x800007f2 (0x037c4433) div     s0, s8, s7
core   0: 3 0x800007f2 (0x037c4433) x 8 0x00000000
core   0: 0x800007f6 (0x03e7fbb3) remu    s7, a5, t5
core   0: 3 0x800007f6 (0x03e7fbb3) x23 0x452817ea
core   0: 0x800007fa (0x037780b3) mul     ra, a5, s7
core   0: 3 0x800007fa (0x037780b3) x 1 0x9f5be1e4
core   0: 0x800007fe (0x800001b7) lui     gp, 0x80000
core   0: 3 0x800007fe (0x800001b7) x 3 0x80000000
core   0: 0x80000802 (0xe34f64b7) lui     s1, 0xe34f6
core   0: 3 0x80000802 (0xe34f64b7) x 9 0xe34f6000
core   0: 0x80000806 (0x15e48493) addi    s1, s1, 350
core   0: 3 0x80000806 (0x15e48493) x 9 0xe34f615e
core   0: 0x8000080a (0x00004381) c.li    t2, 0
core   0: 3 0x8000080a (0x4381) x 7 0x00000000
core   0: 0x8000080c (0x00004881) c.li    a7, 0
core   0: 3 0x8000080c (0x4881) x17 0x00000000
core   0: 0x8000080e (0x00004901) c.li    s2, 0
core   0: 3 0x8000080e (0x4901) x18 0x00000000
core   0: 0x80000810 (0x00004081) c.li    ra, 0
core   0: 3 0x80000810 (0x4081) x 1 0x00000000
core   0: 0x80000812 (0x80000a37) lui     s4, 0x80000
core   0: 3 0x80000812 (0x80000a37) x20 0x80000000
core   0: 0x80000816 (0xfff00293) li      t0, -1
core   0: 3 0x80000816 (0xfff00293) x 5 0xffffffff
core   0: 0x8000081a (0x00004f81) c.li    t6, 0
core   0: 3 0x8000081a (0x4f81) x31 0x00000000
core   0: 0x8000081c (0x00004f01) c.li    t5, 0
core   0: 3 0x8000081c (0x4f01) x30 0x00000000
core   0: 0x8000081e (0x03ffc3b3) div     t2, t6, t6
core   0: 3 0x8000081e (0x03ffc3b3) x 7 0xffffffff
core   0: 0x80000822 (0x01f903b3) add     t2, s2, t6
core   0: 3 0x80000822 (0x01f903b3) x 7 0x00000000
core   0: 0x80000826 (0x03489fb3) mulh    t6, a7, s4
core   0: 3 0x80000826 (0x03489fb3) x31 0x00000000
core   0: 0x8000082a (0x0273f933) remu    s2, t2, t2
core   0: 3 0x8000082a (0x0273f933) x18 0x00000000
core   0: 0x8000082e (0x41d68fb7) lui     t6, 0x41d68
core   0: 3 0x8000082e (0x41d68fb7) x31 0x41d68000
core   0: 0x80000832 (0x032f02b3) mul     t0, t5, s2
core   0: 3 0x80000832 (0x032f02b3) x 5 0x00000000
core   0: 0x80000836 (0x021f14b3) mulh    s1, t5, ra
core   0: 3 0x80000836 (0x021f14b3) x 9 0x00000000
core   0: 0x8000083a (0x0c947f37) lui     t5, 0xc947
core   0: 3 0x8000083a (0x0c947f37) x30 0x0c947000
core   0: 0x8000083e (0x03f90933) mul     s2, s2, t6
core   0: 3 0x8000083e (0x03f90933) x18 0x00000000
core   0: 0x80000842 (0x023921b3) mulhsu  gp, s2, gp
core   0: 3 0x80000842 (0x023921b3) x 3 0x00000000
core   0: 0x80000846 (0x00738f33) add     t5, t2, t2
core   0: 3 0x80000846 (0x00738f33) x30 0x00000000
core   0: 0x8000084a (0x03e084b3) mul     s1, ra, t5
core   0: 3 0x8000084a (0x03e084b3) x 9 0x00000000
core   0: 0x8000084e (0x031f38b3) mulhu   a7, t5, a7
core   0: 3 0x8000084e (0x031f38b3) x17 0x00000000
core   0: 0x80000852 (0x027fc4b3) div     s1, t6, t2
core   0: 3 0x80000852 (0x027fc4b3) x 9 0xffffffff
core   0: 0x80000856 (0x0278ef33) rem     t5, a7, t2
core   0: 3 0x80000856 (0x0278ef33) x30 0x00000000
core   0: 0x8000085a (0x0342e2b3) rem     t0, t0, s4
core   0: 3 0x8000085a (0x0342e2b3) x 5 0x00000000
core   0: 0x8000085e (0x41ff8f33) sub     t5, t6, t6
core   0: 3 0x8000085e (0x41ff8f33) x30 0x00000000
core   0: 0x80000862 (0x025f92b3) mulh    t0, t6, t0
core   0: 3 0x80000862 (0x025f92b3) x 5 0x00000000
core   0: 0x80000866 (0x029a68b3) rem     a7, s4, s1
core   0: 3 0x80000866 (0x029a68b3) x17 0x00000000
core   0: 0x8000086a (0x0218f8b3) remu    a7, a7, ra
core   0: 3 0x8000086a (0x0218f8b3) x17 0x00000000
core   0: 0x8000086e (0x032f8f33) mul     t5, t6, s2
core   0: 3 0x8000086e (0x032f8f33) x30 0x00000000
core   0: 0x80000872 (0x03e4f933) remu    s2, s1, t5
core   0: 3 0x80000872 (0x03e4f933) x18 0xffffffff
core   0: 0x80000876 (0x73aa0a13) addi    s4, s4, 1850
core   0: 3 0x80000876 (0x73aa0a13) x20 0x8000073a
core   0: 0x8000087a (0x0253e4b3) rem     s1, t2, t0
core   0: 3 0x8000087a (0x0253e4b3) x 9 0x00000000
core   0: 0x8000087e (0x034a04b3) mul     s1, s4, s4
core   0: 3 0x8000087e (0x034a04b3) x 9 0x00343924
core   0: 0x80000882 (0x65a5c917) auipc   s2, 0x65a5c
core   0: 3 0x80000882 (0x65a5c917) x18 0xe5a5c882
core   0: 0x80000886 (0x414903b3) sub     t2, s2, s4
core   0: 3 0x80000886 (0x414903b3) x 7 0x65a5c148
core   0: 0x8000088a (0x2fd4bf97) auipc   t6, 0x2fd4b
core   0: 3 0x8000088a (0x2fd4bf97) x31 0xafd4b88a
core   0: 0x8000088e (0x409281b3) sub     gp, t0, s1
core   0: 3 0x8000088e (0x409281b3) x 3 0xffcbc6dc
core   0: 0x80000892 (0x00000e5a) c.slli  t3, 22
core   0: 3 0x80000892 (0x0e5a) x28 0x00000000
core   0: 0x80000894 (0x008ccc33) xor     s8, s9, s0
core   0: 3 0x80000894 (0x008ccc33) x24 0x0000001d
core   0: 0x80000898 (0x41db5013) srai    zero, s6, 29
core   0: 3 0x80000898 (0x41db5013)
core   0: 0x8000089c (0x401b5fb3) sra     t6, s6, ra
core   0: 3 0x8000089c (0x401b5fb3) x31 0x00000000
core   0: 0x800008a0 (0x01a271b3) and     gp, tp, s10
core   0: 3 0x800008a0 (0x01a271b3) x 3 0x00000000
core   0: 0x800008a4 (0x01ff89b3) add     s3, t6, t6
core   0: 3 0x800008a4 (0x01ff89b3) x19 0x00000000
core   0: 0x800008a8 (0x00008ca9) c.xor   s1, a0
core   0: 3 0x800008a8 (0x8ca9) x 9 0x80343924
core   0: 0x800008aa (0x021054b3) divu    s1, zero, ra
core   0: 3 0x800008aa (0x021054b3) x 9 0xffffffff
core   0: 0x800008ae (0x0206e4b3) rem     s1, a3, zero
core   0: 3 0x800008ae (0x0206e4b3) x 9 0x00000000
core   0: 0x800008b2 (0xa4d8bc93) sltiu   s9, a7, -1459
core   0: 3 0x800008b2 (0xa4d8bc93) x25 0x00000001
core   0: 0x800008b6 (0x028c6033) rem     zero, s8, s0
core   0: 3 0x800008b6 (0x028c6033)
core   0: 0x800008ba (0x000058fd) c.li    a7, -1
core   0: 3 0x800008ba (0x58fd) x17 0xffffffff
core   0: 0x800008bc (0x003215b3) sll     a1, tp, gp
core   0: 3 0x800008bc (0x003215b3) x11 0x00000000
core   0: 0x800008c0 (0x01e2d813) srli    a6, t0, 30
core   0: 3 0x800008c0 (0x01e2d813) x16 0x00000000
core   0: 0x800008c4 (0x038069b3) rem     s3, zero, s8
core   0: 3 0x800008c4 (0x038069b3) x19 0x00000000
core   0: 0x800008c8 (0x00008e0d) c.sub   a2, a1
core   0: 3 0x800008c8 (0x8e0d) x12 0x00000000
core   0: 0x800008ca (0x002e9513) slli    a0, t4, 2
core   0: 3 0x800008ca (0x002e9513) x10 0x00000000
core   0: 0x800008ce (0x00000001) c.nop
core   0: 3 0x800008ce (0x0001)
core   0: 0x800008d0 (0x00edd2b3) srl     t0, s11, a4
core   0: 3 0x800008d0 (0x00edd2b3) x 5 0x08000000
core   0: 0x800008d4 (0x00008c61) c.and   s0, s0
core   0: 3 0x800008d4 (0x8c61) x 8 0x00000000
core   0: 0x800008d6 (0x00000f2d) c.addi  t5, 11
core   0: 3 0x800008d6 (0x0f2d) x30 0x0000000b
core   0: 0x800008d8 (0x00d65233) srl     tp, a2, a3
core   0: 3 0x800008d8 (0x00d65233) x 4 0x00000000
core   0: 0x800008dc (0x004a9533) sll     a0, s5, tp
core   0: 3 0x800008dc (0x004a9533) x10 0x1ffad57c
core   0: 0x800008e0 (0x01e1c9b3) xor     s3, gp, t5
core   0: 3 0x800008e0 (0x01e1c9b3) x19 0x0000000b
core   0: 0x800008e4 (0xe4a44a93) xori    s5, s0, -438
core   0: 3 0x800008e4 (0xe4a44a93) x21 0xfffffe4a
core   0: 0x800008e8 (0x0b0cbf17) auipc   t5, 0xb0cb
core   0: 3 0x800008e8 (0x0b0cbf17) x30 0x8b0cb8e8
core   0: 0x800008ec (0x00008455) c.srai  s0, 21
core   0: 3 0x800008ec (0x8455) x 8 0x00000000
core   0: 0x800008ee (0x35897193) andi    gp, s2, 856
core   0: 3 0x800008ee (0x35897193) x 3 0x00000000
core   0: 0x800008f2 (0x0000597d) c.li    s2, -1
core   0: 3 0x800008f2 (0x597d) x18 0xffffffff
core   0: 0x800008f4 (0x25016613) ori     a2, sp, 592
core   0: 3 0x800008f4 (0x25016613) x12 0x80013ef4
core   0: 0x800008f8 (0x013b5eb3) srl     t4, s6, s3
core   0: 3 0x800008f8 (0x013b5eb3) x29 0x00000000
core   0: 0x800008fc (0x00006d11) c.lui   s10, 0x4
core   0: 3 0x800008fc (0x6d11) x26 0x00004000
core   0: 0x800008fe (0x40ac5f13) srai    t5, s8, 10
core   0: 3 0x800008fe (0x40ac5f13) x30 0x00000000
core   0: 0x80000902 (0x00cf84b3) add     s1, t6, a2
core   0: 3 0x80000902 (0x00cf84b3) x 9 0x80013ef4
core   0: 0x80000906 (0x00008dbd) c.xor   a1, a5
core   0: 3 0x80000906 (0x8dbd) x11 0x452817ea
core   0: 0x80000908 (0x00008df5) c.and   a1, a3
core   0: 3 0x80000908 (0x8df5) x11 0x00000000
core   0: 0x8000090a (0xc42bc537) lui     a0, 0xc42bc
core   0: 3 0x8000090a (0xc42bc537) x10 0xc42bc000
core   0: 0x8000090e (0x4164d413) srai    s0, s1, 22
core   0: 3 0x8000090e (0x4164d413) x 8 0xfffffe00
core   0: 0x80000912 (0x00008ebd) c.xor   a3, a5
core   0: 3 0x80000912 (0x8ebd) x13 0x452817ea
core   0: 0x80000914 (0x00000001) c.nop
core   0: 3 0x80000914 (0x0001)
core   0: 0x80000916 (0x31ae2793) slti    a5, t3, 794
core   0: 3 0x80000916 (0x31ae2793) x15 0x00000001
core   0: 0x8000091a (0x01e2a633) slt     a2, t0, t5
core   0: 3 0x8000091a (0x01e2a633) x12 0x00000000
core   0: 0x8000091e (0x4754db37) lui     s6, 0x4754d
core   0: 3 0x8000091e (0x4754db37) x22 0x4754d000
core   0: 0x80000922 (0x9f3ef413) andi    s0, t4, -1549
core   0: 3 0x80000922 (0x9f3ef413) x 8 0x00000000
core   0: 0x80000926 (0x037fd1b3) divu    gp, t6, s7
core   0: 3 0x80000926 (0x037fd1b3) x 3 0x00000000
core   0: 0x8000092a (0x00008cb9) c.xor   s1, a4
core   0: 3 0x8000092a (0x8cb9) x 9 0x0001c090
core   0: 0x8000092c (0x03bedf33) divu    t5, t4, s11
core   0: 3 0x8000092c (0x03bedf33) x30 0x00000000
core   0: 0x80000930 (0x00689a33) sll     s4, a7, t1
core   0: 3 0x80000930 (0x00689a33) x20 0xffffffff
core   0: 0x80000934 (0x000005aa) c.slli  a1, 10
core   0: 3 0x80000934 (0x05aa) x11 0x00000000
core   0: 0x80000936 (0x00965f33) srl     t5, a2, s1
core   0: 3 0x80000936 (0x00965f33) x30 0x00000000
core   0: 0x8000093a (0x012ac8b3) xor     a7, s5, s2
core   0: 3 0x8000093a (0x012ac8b3) x17 0x000001b5
core   0: 0x8000093e (0x4edfea13) ori     s4, t6, 1261
core   0: 3 0x8000093e (0x4edfea13) x20 0x000004ed
core   0: 0x80000942 (0x000008e2) c.slli  a7, 24
core   0: 3 0x80000942 (0x08e2) x17 0xb5000000
core   0: 0x80000944 (0x03b2c233) div     tp, t0, s11
core   0: 3 0x80000944 (0x03b2c233) x 4 0x00000000
core   0: 0x80000948 (0x0171cfb3) xor     t6, gp, s7
core   0: 3 0x80000948 (0x0171cfb3) x31 0x452817ea
core   0: 0x8000094c (0x01045e33) srl     t3, s0, a6
core   0: 3 0x8000094c (0x01045e33) x28 0x00000000
core   0: 0x80000950 (0x00006fe1) c.lui   t6, 0x18
core   0: 3 0x80000950 (0x6fe1) x31 0x00018000
core   0: 0x80000952 (0x000009fa) c.slli  s3, 30
core   0: 3 0x80000952 (0x09fa) x19 0xc0000000
core   0: 0x80000954 (0x000080d1) c.srli  s1, 20
core   0: 3 0x80000954 (0x80d1) x 9 0x00000000
core   0: 0x80000956 (0x00008512) c.mv    a0, tp
core   0: 3 0x80000956 (0x8512) x10 0x00000000
core   0: 0x80000958 (0x0171e0b3) or      ra, gp, s7
core   0: 3 0x80000958 (0x0171e0b3) x 1 0x452817ea
core   0: 0x8000095c (0x02aa2333) mulhsu  t1, s4, a0
core   0: 3 0x8000095c (0x02aa2333) x 6 0x00000000
core   0: 0x80000960 (0x0112f5b3) and     a1, t0, a7
core   0: 3 0x80000960 (0x0112f5b3) x11 0x00000000
core   0: 0x80000964 (0x8ed88793) addi    a5, a7, -1811
core   0: 3 0x80000964 (0x8ed88793) x15 0xb4fff8ed
core   0: 0x80000968 (0x00008f81) c.sub   a5, s0
core   0: 3 0x80000968 (0x8f81) x15 0xb4fff8ed
core   0: 0x8000096a (0x00319513) slli    a0, gp, 3
core   0: 3 0x8000096a (0x00319513) x10 0x00000000
core   0: 0x8000096e (0x00008fed) c.and   a5, a1
core   0: 3 0x8000096e (0x8fed) x15 0x00000000
core   0: 0x80000970 (0x989bb993) sltiu   s3, s7, -1655
core   0: 3 0x80000970 (0x989bb993) x19 0x00000001
core   0: 0x80000974 (0x00000c62) c.slli  s8, 24
core   0: 3 0x80000974 (0x0c62) x24 0x1d000000
core   0: 0x80000976 (0x00001f7d) c.addi  t5, -1
core   0: 3 0x80000976 (0x1f7d) x30 0xffffffff
core   0: 0x80000978 (0x4c782537) lui     a0, 0x4c782
core   0: 3 0x80000978 (0x4c782537) x10 0x4c782000
core   0: 0x8000097c (0x20080913) addi    s2, a6, 512
core   0: 3 0x8000097c (0x20080913) x18 0x00000200
core   0: 0x80000980 (0x000010fd) c.addi  ra, -1
core   0: 3 0x80000980 (0x10fd) x 1 0x452817e9
core   0: 0x80000982 (0x0143afb3) slt     t6, t2, s4
core   0: 3 0x80000982 (0x0143afb3) x31 0x00000000
core   0: 0x80000986 (0x02efa8b3) mulhsu  a7, t6, a4
core   0: 3 0x80000986 (0x02efa8b3) x17 0x00000000
core   0: 0x8000098a (0x021583b3) mul     t2, a1, ra
core   0: 3 0x8000098a (0x021583b3) x 7 0x00000000
core   0: 0x8000098e (0xe9c758b7) lui     a7, 0xe9c75
core   0: 3 0x8000098e (0xe9c758b7) x17 0xe9c75000
core   0: 0x80000992 (0x03a5bcb3) mulhu   s9, a1, s10
core   0: 3 0x80000992 (0x03a5bcb3) x25 0x00000000
core   0: 0x80000996 (0x3333b913) sltiu   s2, t2, 819
core   0: 3 0x80000996 (0x3333b913) x18 0x00000001
core   0: 0x8000099a (0x0111df13) srli    t5, gp, 17
core   0: 3 0x8000099a (0x0111df13) x30 0x00000000
core   0: 0x8000099e (0x000083e2) c.mv    t2, s8
core   0: 3 0x8000099e (0x83e2) x 7 0x1d000000
core   0: 0x800009a0 (0x414a83b3) sub     t2, s5, s4
core   0: 3 0x800009a0 (0x414a83b3) x 7 0xfffff95d
core   0: 0x800009a4 (0xa5d1e617) auipc   a2, 0xa5d1e
core   0: 3 0x800009a4 (0xa5d1e617) x12 0x25d1e9a4
core   0: 0x800009a8 (0x00008da1) c.xor   a1, s0
core   0: 3 0x800009a8 (0x8da1) x11 0x00000000
core   0: 0x800009aa (0x034e07b3) mul     a5, t3, s4
core   0: 3 0x800009aa (0x034e07b3) x15 0x00000000
core   0: 0x800009ae (0xd2776a93) ori     s5, a4, -729
core   0: 3 0x800009ae (0xd2776a93) x21 0xffffff67
core   0: 0x800009b2 (0x00933933) sltu    s2, t1, s1
core   0: 3 0x800009b2 (0x00933933) x18 0x00000000
core   0: 0x800009b6 (0x000000ae) c.slli  ra, 11
core   0: 3 0x800009b6 (0x00ae) x 1 0x40bf4800
core   0: 0x800009b8 (0x0006a333) slt     t1, a3, zero
core   0: 3 0x800009b8 (0x0006a333) x 6 0x00000000
core   0: 0x800009bc (0x02780a33) mul     s4, a6, t2
core   0: 3 0x800009bc (0x02780a33) x20 0x00000000
core   0: 0x800009c0 (0x03706bb3) rem     s7, zero, s7
core   0: 3 0x800009c0 (0x03706bb3) x23 0x00000000
core   0: 0x800009c4 (0x37b27413) andi    s0, tp, 891
core   0: 3 0x800009c4 (0x37b27413) x 8 0x00000000
core   0: 0x800009c8 (0x9ee72793) slti    a5, a4, -1554
core   0: 3 0x800009c8 (0x9ee72793) x15 0x00000001
core   0: 0x800009cc (0x0095a2b3) slt     t0, a1, s1
core   0: 3 0x800009cc (0x0095a2b3) x 5 0x00000000
core   0: 0x800009d0 (0x4efd7f93) andi    t6, s10, 1263
core   0: 3 0x800009d0 (0x4efd7f93) x31 0x00000000
core   0: 0x800009d4 (0x000045b9) c.li    a1, 14
core   0: 3 0x800009d4 (0x45b9) x11 0x0000000e
core   0: 0x800009d6 (0x99a4c797) auipc   a5, 0x99a4c
core   0: 3 0x800009d6 (0x99a4c797) x15 0x19a4c9d6
core   0: 0x800009da (0xcdebae93) slti    t4, s7, -802
core   0: 3 0x800009da (0xcdebae93) x29 0x00000000
core   0: 0x800009de (0x260bf213) andi    tp, s7, 608
core   0: 3 0x800009de (0x260bf213) x 4 0x00000000
core   0: 0x800009e2 (0x00004281) c.li    t0, 0
core   0: 3 0x800009e2 (0x4281) x 5 0x00000000
core   0: 0x800009e4 (0x01975393) srli    t2, a4, 25
core   0: 3 0x800009e4 (0x01975393) x 7 0x00000040
core   0: 0x800009e8 (0x03c3a033) mulhsu  zero, t2, t3
core   0: 3 0x800009e8 (0x03c3a033)
core   0: 0x800009ec (0x00008e0d) c.sub   a2, a1
core   0: 3 0x800009ec (0x8e0d) x12 0x25d1e996
core   0: 0x800009ee (0x408b5533) sra     a0, s6, s0
core   0: 3 0x800009ee (0x408b5533) x10 0x4754d000
core   0: 0x800009f2 (0x000091fe) c.add   gp, t6
core   0: 3 0x800009f2 (0x91fe) x 3 0x00000000
core   0: 0x800009f4 (0x036093b3) mulh    t2, ra, s6
core   0: 3 0x800009f4 (0x036093b3) x 7 0x120a8057
core   0: 0x800009f8 (0x0146b9b3) sltu    s3, a3, s4
core   0: 3 0x800009f8 (0x0146b9b3) x19 0x00000000
core   0: 0x800009fc (0x410157b3) sra     a5, sp, a6
core   0: 3 0x800009fc (0x410157b3) x15 0x80013ce4
core   0: 0x80000a00 (0x02224033) div     zero, tp, sp
core   0: 3 0x80000a00 (0x02224033)
core   0: 0x80000a04 (0x00ae30b3) sltu    ra, t3, a0
core   0: 3 0x80000a04 (0x00ae30b3) x 1 0x00000001
core   0: 0x80000a08 (0x00000605) c.addi  a2, 1
core   0: 3 0x80000a08 (0x0605) x12 0x25d1e997
core   0: 0x80000a0a (0x034e77b3) remu    a5, t3, s4
core   0: 3 0x80000a0a (0x034e77b3) x15 0x00000000
core   0: 0x80000a0e (0x00000422) c.slli  s0, 8
core   0: 3 0x80000a0e (0x0422) x 8 0x00000000
core   0: 0x80000a10 (0xd117ba93) sltiu   s5, a5, -751
core   0: 3 0x80000a10 (0xd117ba93) x21 0x00000001
core   0: 0x80000a14 (0x0298a7b3) mulhsu  a5, a7, s1
core   0: 3 0x80000a14 (0x0298a7b3) x15 0x00000000
core   0: 0x80000a18 (0x015f2033) slt     zero, t5, s5
core   0: 3 0x80000a18 (0x015f2033)
core   0: 0x80000a1c (0x00000349) c.addi  t1, 18
core   0: 3 0x80000a1c (0x0349) x 6 0x00000012
core   0: 0x80000a1e (0xda948e93) addi    t4, s1, -599
core   0: 3 0x80000a1e (0xda948e93) x29 0xfffffda9
core   0: 0x80000a22 (0x02e2e6b3) rem     a3, t0, a4
core   0: 3 0x80000a22 (0x02e2e6b3) x13 0x00000000
core   0: 0x80000a26 (0x000ad533) srl     a0, s5, zero
core   0: 3 0x80000a26 (0x000ad533) x10 0x00000001
core   0: 0x80000a2a (0x40565933) sra     s2, a2, t0
core   0: 3 0x80000a2a (0x40565933) x18 0x25d1e997
core   0: 0x80000a2e (0x00000595) c.addi  a1, 5
core   0: 3 0x80000a2e (0x0595) x11 0x00000013
core   0: 0x80000a30 (0x00005afd) c.li    s5, -1
core   0: 3 0x80000a30 (0x5afd) x21 0xffffffff
core   0: 0x80000a32 (0x00008f95) c.sub   a5, a3
core   0: 3 0x80000a32 (0x8f95) x15 0x00000000
core   0: 0x80000a34 (0x00000001) c.nop
core   0: 3 0x80000a34 (0x0001)
core   0: 0x80000a36 (0x00004ed5) c.li    t4, 21
core   0: 3 0x80000a36 (0x4ed5) x29 0x00000015
core   0: 0x80000a38 (0x00e35d13) srli    s10, t1, 14
core   0: 3 0x80000a38 (0x00e35d13) x26 0x00000000
core   0: 0x80000a3c (0x03e271b3) remu    gp, tp, t5
core   0: 3 0x80000a3c (0x03e271b3) x 3 0x00000000
core   0: 0x80000a40 (0x01f04433) xor     s0, zero, t6
core   0: 3 0x80000a40 (0x01f04433) x 8 0x00000000
core   0: 0x80000a44 (0x00008849) c.andi  s0, 18
core   0: 3 0x80000a44 (0x8849) x 8 0x00000000
core   0: 0x80000a46 (0x0000815d) c.srli  a0, 23
core   0: 3 0x80000a46 (0x815d) x10 0x00000000
core   0: 0x80000a48 (0x01236033) or      zero, t1, s2
core   0: 3 0x80000a48 (0x01236033)
core   0: 0x80000a4c (0x411f56b3) sra     a3, t5, a7
core   0: 3 0x80000a4c (0x411f56b3) x13 0x00000000
core   0: 0x80000a50 (0x000010fd) c.addi  ra, -1
core   0: 3 0x80000a50 (0x10fd) x 1 0x00000000
core   0: 0x80000a52 (0x00000f7a) c.slli  t5, 30
core   0: 3 0x80000a52 (0x0f7a) x30 0x00000000
core   0: 0x80000a54 (0x013d1a33) sll     s4, s10, s3
core   0: 3 0x80000a54 (0x013d1a33) x20 0x00000000
core   0: 0x80000a58 (0x00008fd9) c.or    a5, a4
core   0: 3 0x80000a58 (0x8fd9) x15 0x8000fe64
core   0: 0x80000a5a (0x40c4d0b3) sra     ra, s1, a2
core   0: 3 0x80000a5a (0x40c4d0b3) x 1 0x00000000
core   0: 0x80000a5e (0x03b86533) rem     a0, a6, s11
core   0: 3 0x80000a5e (0x03b86533) x10 0x00000000
core   0: 0x80000a62 (0x411adc33) sra     s8, s5, a7
core   0: 3 0x80000a62 (0x411adc33) x24 0xffffffff
core   0: 0x80000a66 (0x40d20333) sub     t1, tp, a3
core   0: 3 0x80000a66 (0x40d20333) x 6 0x00000000
core   0: 0x80000a6a (0x402700b3) sub     ra, a4, sp
core   0: 3 0x80000a6a (0x402700b3) x 1 0xffffc180
core   0: 0x80000a6e (0x0000851a) c.mv    a0, t1
core   0: 3 0x80000a6e (0x851a) x10 0x00000000
core   0: 0x80000a70 (0x00008cf5) c.and   s1, a3
core   0: 3 0x80000a70 (0x8cf5) x 9 0x00000000
core   0: 0x80000a72 (0x000091c6) c.add   gp, a7
core   0: 3 0x80000a72 (0x91c6) x 3 0xe9c75000
core   0: 0x80000a74 (0x017da433) slt     s0, s11, s7
core   0: 3 0x80000a74 (0x017da433) x 8 0x00000001
core   0: 0x80000a78 (0x400d5693) srai    a3, s10, 0
core   0: 3 0x80000a78 (0x400d5693) x13 0x00000000
core   0: 0x80000a7c (0x000051fd) c.li    gp, -1
core   0: 3 0x80000a7c (0x51fd) x 3 0xffffffff
core   0: 0x80000a7e (0x033bc333) div     t1, s7, s3
core   0: 3 0x80000a7e (0x033bc333) x 6 0xffffffff
core   0: 0x80000a82 (0x40a25bb3) sra     s7, tp, a0
core   0: 3 0x80000a82 (0x40a25bb3) x23 0x00000000
core   0: 0x80000a86 (0x00008db1) c.xor   a1, a2
core   0: 3 0x80000a86 (0x8db1) x11 0x25d1e984
core   0: 0x80000a88 (0xdf280613) addi    a2, a6, -526
core   0: 3 0x80000a88 (0xdf280613) x12 0xfffffdf2
core   0: 0x80000a8c (0x00781e33) sll     t3, a6, t2
core   0: 3 0x80000a8c (0x00781e33) x28 0x00000000
core   0: 0x80000a90 (0x4e6eeb93) ori     s7, t4, 1254
core   0: 3 0x80000a90 (0x4e6eeb93) x23 0x000004f7
core   0: 0x80000a94 (0x03aa0e33) mul     t3, s4, s10
core   0: 3 0x80000a94 (0x03aa0e33) x28 0x00000000
core   0: 0x80000a98 (0x00008bb1) c.andi  a5, 12
core   0: 3 0x80000a98 (0x8bb1) x15 0x00000004
core   0: 0x80000a9a (0x0e832e13) slti    t3, t1, 232
core   0: 3 0x80000a9a (0x0e832e13) x28 0x00000001
core   0: 0x80000a9e (0x003c1513) slli    a0, s8, 3
core   0: 3 0x80000a9e (0x003c1513) x10 0xfffffff8
core   0: 0x80000aa2 (0x00008ade) c.mv    s5, s7
core   0: 3 0x80000aa2 (0x8ade) x21 0x000004f7
core   0: 0x80000aa4 (0xb8721537) lui     a0, 0xb8721
core   0: 3 0x80000aa4 (0xb8721537) x10 0xb8721000
core   0: 0x80000aa8 (0x008c5233) srl     tp, s8, s0
core   0: 3 0x80000aa8 (0x008c5233) x 4 0x7fffffff
core   0: 0x80000aac (0x024a01b3) mul     gp, s4, tp
core   0: 3 0x80000aac (0x024a01b3) x 3 0x00000000
core   0: 0x80000ab0 (0x00008e7d) c.and   a2, a5
core   0: 3 0x80000ab0 (0x8e7d) x12 0x00000000
core   0: 0x80000ab2 (0x020cf7b3) remu    a5, s9, zero
core   0: 3 0x80000ab2 (0x020cf7b3) x15 0x00000000
core   0: 0x80000ab6 (0x00008ed5) c.or    a3, a3
core   0: 3 0x80000ab6 (0x8ed5) x13 0x00000000
core   0: 0x80000ab8 (0x00009a0a) c.add   s4, sp
core   0: 3 0x80000ab8 (0x9a0a) x20 0x80013ce4
core   0: 0x80000aba (0x00000001) c.nop
core   0: 3 0x80000aba (0x0001)
core   0: 0x80000abc (0x00005afd) c.li    s5, -1
core   0: 3 0x80000abc (0x5afd) x21 0xffffffff
core   0: 0x80000abe (0x000086a6) c.mv    a3, s1
core   0: 3 0x80000abe (0x86a6) x13 0x00000000
core   0: 0x80000ac0 (0x00008e45) c.or    a2, s1
core   0: 3 0x80000ac0 (0x8e45) x12 0x00000000
core   0: 0x80000ac2 (0x00000001) c.nop
core   0: 3 0x80000ac2 (0x0001)
core   0: 0x80000ac4 (0x0371e033) rem     zero, gp, s7
core   0: 3 0x80000ac4 (0x0371e033)
core   0: 0x80000ac8 (0x8c650613) addi    a2, a0, -1850
core   0: 3 0x80000ac8 (0x8c650613) x12 0xb87208c6
core   0: 0x80000acc (0x00000001) c.nop
core   0: 3 0x80000acc (0x0001)
core   0: 0x80000ace (0x00008de5) c.and   a1, s1
core   0: 3 0x80000ace (0x8de5) x11 0x00000000
core   0: 0x80000ad0 (0x00736ab3) or      s5, t1, t2
core   0: 3 0x80000ad0 (0x00736ab3) x21 0xffffffff
core   0: 0x80000ad4 (0x01d343b3) xor     t2, t1, t4
core   0: 3 0x80000ad4 (0x01d343b3) x 7 0xffffffea
core   0: 0x80000ad8 (0x00005a7d) c.li    s4, -1
core   0: 3 0x80000ad8 (0x5a7d) x20 0xffffffff
core   0: 0x80000ada (0x00008d35) c.xor   a0, a3
core   0: 3 0x80000ada (0x8d35) x10 0xb8721000
core   0: 0x80000adc (0x00000001) c.nop
core   0: 3 0x80000adc (0x0001)
core   0: 0x80000ade (0x00009b8e) c.add   s7, gp
core   0: 3 0x80000ade (0x9b8e) x23 0x000004f7
core   0: 0x80000ae0 (0x00008ecd) c.or    a3, a1
core   0: 3 0x80000ae0 (0x8ecd) x13 0x00000000
core   0: 0x80000ae2 (0x0000067a) c.slli  a2, 30
core   0: 3 0x80000ae2 (0x067a) x12 0x80000000
core   0: 0x80000ae4 (0x00000001) c.nop
core   0: 3 0x80000ae4 (0x0001)
core   0: 0x80000ae6 (0x41af56b3) sra     a3, t5, s10
core   0: 3 0x80000ae6 (0x41af56b3) x13 0x00000000
core   0: 0x80000aea (0x00000001) c.nop
core   0: 3 0x80000aea (0x0001)
core   0: 0x80000aec (0x0116bf33) sltu    t5, a3, a7
core   0: 3 0x80000aec (0x0116bf33) x30 0x00000001
core   0: 0x80000af0 (0x02f641b3) div     gp, a2, a5
core   0: 3 0x80000af0 (0x02f641b3) x 3 0xffffffff
core   0: 0x80000af4 (0x00008fa1) c.xor   a5, s0
core   0: 3 0x80000af4 (0x8fa1) x15 0x00000001
core   0: 0x80000af6 (0x00062eb3) slt     t4, a2, zero
core   0: 3 0x80000af6 (0x00062eb3) x29 0x00000001
core   0: 0x80000afa (0x409c52b3) sra     t0, s8, s1
core   0: 3 0x80000afa (0x409c52b3) x 5 0xffffffff
core   0: 0x80000afe (0x00000001) c.nop
core   0: 3 0x80000afe (0x0001)
core   0: 0x80000b00 (0x00008f89) c.sub   a5, a0
core   0: 3 0x80000b00 (0x8f89) x15 0x478df001
core   0: 0x80000b02 (0x0000167d) c.addi  a2, -1
core   0: 3 0x80000b02 (0x167d) x12 0x7fffffff
core   0: 0x80000b04 (0x1147e813) ori     a6, a5, 276
core   0: 3 0x80000b04 (0x1147e813) x16 0x478df115
core   0: 0x80000b08 (0x0000844d) c.srai  s0, 19
core   0: 3 0x80000b08 (0x844d) x 8 0x00000000
core   0: 0x80000b0a (0x00000b96) c.slli  s7, 5
core   0: 3 0x80000b0a (0x0b96) x23 0x00009ee0
core   0: 0x80000b0c (0xd042b493) sltiu   s1, t0, -764
core   0: 3 0x80000b0c (0xd042b493) x 9 0x00000000
core   0: 0x80000b10 (0x000099fd) c.andi  a1, -1
core   0: 3 0x80000b10 (0x99fd) x11 0x00000000
core   0: 0x80000b12 (0x000042e1) c.li    t0, 24
core   0: 3 0x80000b12 (0x42e1) x 5 0x00000018
core   0: 0x80000b14 (0x00005afd) c.li    s5, -1
core   0: 3 0x80000b14 (0x5afd) x21 0xffffffff
core   0: 0x80000b16 (0x13f0e913) ori     s2, ra, 319
core   0: 3 0x80000b16 (0x13f0e913) x18 0xffffc1bf
core   0: 0x80000b1a (0x00f85633) srl     a2, a6, a5
core   0: 3 0x80000b1a (0x00f85633) x12 0x23c6f88a
core   0: 0x80000b1e (0x41f76f97) auipc   t6, 0x41f76
core   0: 3 0x80000b1e (0x41f76f97) x31 0xc1f76b1e
core   0: 0x80000b22 (0x02a56f33) rem     t5, a0, a0
core   0: 3 0x80000b22 (0x02a56f33) x30 0x00000000
core   0: 0x80000b26 (0x01711013) slli    zero, sp, 23
core   0: 3 0x80000b26 (0x01711013)
core   0: 0x80000b2a (0x01a012b3) sll     t0, zero, s10
core   0: 3 0x80000b2a (0x01a012b3) x 5 0x00000000
core   0: 0x80000b2e (0xe215b693) sltiu   a3, a1, -479
core   0: 3 0x80000b2e (0xe215b693) x13 0x00000001
core   0: 0x80000b32 (0x00bbd7b3) srl     a5, s7, a1
core   0: 3 0x80000b32 (0x00bbd7b3) x15 0x00009ee0
core   0: 0x80000b36 (0x03e07433) remu    s0, zero, t5
core   0: 3 0x80000b36 (0x03e07433) x 8 0x00000000
core   0: 0x80000b3a (0x024d0933) mul     s2, s10, tp
core   0: 3 0x80000b3a (0x024d0933) x18 0x00000000
core   0: 0x80000b3e (0x034d57b3) divu    a5, s10, s4
core   0: 3 0x80000b3e (0x034d57b3) x15 0x00000000
core   0: 0x80000b42 (0x00090933) add     s2, s2, zero
core   0: 3 0x80000b42 (0x00090933) x18 0x00000000
core   0: 0x80000b46 (0x00009afd) c.andi  a3, -1
core   0: 3 0x80000b46 (0x9afd) x13 0x00000001
core   0: 0x80000b48 (0x9425e793) ori     a5, a1, -1726
core   0: 3 0x80000b48 (0x9425e793) x15 0xfffff942
core   0: 0x80000b4c (0x012d8cb3) add     s9, s11, s2
core   0: 3 0x80000b4c (0x012d8cb3) x25 0x80000000
core   0: 0x80000b50 (0x00008c29) c.xor   s0, a0
core   0: 3 0x80000b50 (0x8c29) x 8 0xb8721000
core   0: 0x80000b52 (0x0255ffb3) remu    t6, a1, t0
core   0: 3 0x80000b52 (0x0255ffb3) x31 0x00000000
core   0: 0x80000b56 (0x00008d29) c.xor   a0, a0
core   0: 3 0x80000b56 (0x8d29) x10 0x00000000
core   0: 0x80000b58 (0x0031cc33) xor     s8, gp, gp
core   0: 3 0x80000b58 (0x0031cc33) x24 0x00000000
core   0: 0x80000b5c (0x00000001) c.nop
core   0: 3 0x80000b5c (0x0001)
core   0: 0x80000b5e (0x01719493) slli    s1, gp, 23
core   0: 3 0x80000b5e (0x01719493) x 9 0xff800000
core   0: 0x80000b62 (0x000080ed) c.srli  s1, 27
core   0: 3 0x80000b62 (0x80ed) x 9 0x0000001f
core   0: 0x80000b64 (0x000094d6) c.add   s1, s5
core   0: 3 0x80000b64 (0x94d6) x 9 0x0000001e
core   0: 0x80000b66 (0x02f610b3) mulh    ra, a2, a5
core   0: 3 0x80000b66 (0x02f610b3) x 1 0xffffff0e
core   0: 0x80000b6a (0x01e2f2b3) and     t0, t0, t5
core   0: 3 0x80000b6a (0x01e2f2b3) x 5 0x00000000
core   0: 0x80000b6e (0x00001a7d) c.addi  s4, -1
core   0: 3 0x80000b6e (0x1a7d) x20 0xfffffffe
core   0: 0x80000b70 (0x030b9333) mulh    t1, s7, a6
core   0: 3 0x80000b70 (0x030b9333) x 6 0x00002c68
core   0: 0x80000b74 (0x4ffa7493) andi    s1, s4, 1279
core   0: 3 0x80000b74 (0x4ffa7493) x 9 0x000004fe
core   0: 0x80000b78 (0x02cee933) rem     s2, t4, a2
core   0: 3 0x80000b78 (0x02cee933) x18 0x00000001
core   0: 0x80000b7c (0x006ac633) xor     a2, s5, t1
core   0: 3 0x80000b7c (0x006ac633) x12 0xffffd397
core   0: 0x80000b80 (0x45d7be93) sltiu   t4, a5, 1117
core   0: 3 0x80000b80 (0x45d7be93) x29 0x00000000
core   0: 0x80000b84 (0x00008a25) c.andi  a2, 9
core   0: 3 0x80000b84 (0x8a25) x12 0x00000001
core   0: 0x80000b86 (0xb9344993) xori    s3, s0, -1133
core   0: 3 0x80000b86 (0xb9344993) x19 0x478deb93
core   0: 0x80000b8a (0x00b084b3) add     s1, ra, a1
core   0: 3 0x80000b8a (0x00b084b3) x 9 0xffffff0e
core   0: 0x80000b8e (0x02d24633) div     a2, tp, a3
core   0: 3 0x80000b8e (0x02d24633) x12 0x7fffffff
core   0: 0x80000b92 (0x00009a7d) c.andi  a2, -1
core   0: 3 0x80000b92 (0x9a7d) x12 0x7fffffff
core   0: 0x80000b94 (0x00000c9e) c.slli  s9, 7
core   0: 3 0x80000b94 (0x0c9e) x25 0x00000000
core   0: 0x80000b96 (0x00099a13) slli    s4, s3, 0
core   0: 3 0x80000b96 (0x00099a13) x20 0x478deb93
core   0: 0x80000b9a (0x00008091) c.srli  s1, 4
core   0: 3 0x80000b9a (0x8091) x 9 0x0ffffff0
core   0: 0x80000b9c (0x00008d09) c.sub   a0, a0
core   0: 3 0x80000b9c (0x8d09) x10 0x00000000
core   0: 0x80000b9e (0x025bf8b3) remu    a7, s7, t0
core   0: 3 0x80000b9e (0x025bf8b3) x17 0x00009ee0
core   0: 0x80000ba2 (0x00008161) c.srli  a0, 24
core   0: 3 0x80000ba2 (0x8161) x10 0x00000000
core   0: 0x80000ba4 (0x41b304b3) sub     s1, t1, s11
core   0: 3 0x80000ba4 (0x41b304b3) x 9 0x80002c68
core   0: 0x80000ba8 (0x0000037e) c.slli  t1, 31
core   0: 3 0x80000ba8 (0x037e) x 6 0x00000000
core   0: 0x80000baa (0x00008d11) c.sub   a0, a2
core   0: 3 0x80000baa (0x8d11) x10 0x80000001
core   0: 0x80000bac (0x00008665) c.srai  a2, 25
core   0: 3 0x80000bac (0x8665) x12 0x0000003f
core   0: 0x80000bae (0x483e3197) auipc   gp, 0x483e3
core   0: 3 0x80000bae (0x483e3197) x 3 0xc83e3bae
core   0: 0x80000bb2 (0x00008e71) c.and   a2, a2
core   0: 3 0x80000bb2 (0x8e71) x12 0x0000003f
core   0: 0x80000bb4 (0x00ddcd33) xor     s10, s11, a3
core   0: 3 0x80000bb4 (0x00ddcd33) x26 0x80000001
core   0: 0x80000bb8 (0xf7208393) addi    t2, ra, -142
core   0: 3 0x80000bb8 (0xf7208393) x 7 0xfffffe80
core   0: 0x80000bbc (0x00008ecd) c.or    a3, a1
core   0: 3 0x80000bbc (0x8ecd) x13 0x00000001
core   0: 0x80000bbe (0x01bf1813) slli    a6, t5, 27
core   0: 3 0x80000bbe (0x01bf1813) x16 0x00000000
core   0: 0x80000bc2 (0x025bc0b3) div     ra, s7, t0
core   0: 3 0x80000bc2 (0x025bc0b3) x 1 0xffffffff
core   0: 0x80000bc6 (0x02956433) rem     s0, a0, s1
core   0: 3 0x80000bc6 (0x02956433) x 8 0xffffd399
core   0: 0x80000bca (0x00008d65) c.and   a0, s1
core   0: 3 0x80000bca (0x8d65) x10 0x80000000
core   0: 0x80000bcc (0x00000001) c.nop
core   0: 3 0x80000bcc (0x0001)
core   0: 0x80000bce (0x0138ae33) slt     t3, a7, s3
core   0: 3 0x80000bce (0x0138ae33) x28 0x00000001
core   0: 0x80000bd2 (0x60022a13) slti    s4, tp, 1536
core   0: 3 0x80000bd2 (0x60022a13) x20 0x00000000
core   0: 0x80000bd6 (0x026540b3) div     ra, a0, t1
core   0: 3 0x80000bd6 (0x026540b3) x 1 0xffffffff
core   0: 0x80000bda (0x00000195) c.addi  gp, 5
core   0: 3 0x80000bda (0x0195) x 3 0xc83e3bb3
core   0: 0x80000bdc (0x000066a1) c.lui   a3, 0x8
core   0: 3 0x80000bdc (0x66a1) x13 0x00008000
core   0: 0x80000bde (0x00000001) c.nop
core   0: 3 0x80000bde (0x0001)
core   0: 0x80000be0 (0x01528033) add     zero, t0, s5
core   0: 3 0x80000be0 (0x01528033)
core   0: 0x80000be4 (0x0013ad33) slt     s10, t2, ra
core   0: 3 0x80000be4 (0x0013ad33) x26 0x00000001
core   0: 0x80000be8 (0x01336433) or      s0, t1, s3
core   0: 3 0x80000be8 (0x01336433) x 8 0x478deb93
core   0: 0x80000bec (0x027bbeb3) mulhu   t4, s7, t2
core   0: 3 0x80000bec (0x027bbeb3) x29 0x00009edf
core   0: 0x80000bf0 (0xe637f393) andi    t2, a5, -413
core   0: 3 0x80000bf0 (0xe637f393) x 7 0xfffff842
core   0: 0x80000bf4 (0x000052fd) c.li    t0, -1
core   0: 3 0x80000bf4 (0x52fd) x 5 0xffffffff
core   0: 0x80000bf6 (0x00008eb2) c.mv    t4, a2
core   0: 3 0x80000bf6 (0x8eb2) x29 0x0000003f
core   0: 0x80000bf8 (0x00008ec1) c.or    a3, s0
core   0: 3 0x80000bf8 (0x8ec1) x13 0x478deb93
core   0: 0x80000bfa (0x1b7f4d13) xori    s10, t5, 439
core   0: 3 0x80000bfa (0x1b7f4d13) x26 0x000001b7
core   0: 0x80000bfe (0x00008c7d) c.and   s0, a5
core   0: 3 0x80000bfe (0x8c7d) x 8 0x478de902
core   0: 0x80000c00 (0x027c64b3) rem     s1, s8, t2
core   0: 3 0x80000c00 (0x027c64b3) x 9 0x00000000
core   0: 0x80000c04 (0x00008fc9) c.or    a5, a0
core   0: 3 0x80000c04 (0x8fc9) x15 0xfffff942
core   0: 0x80000c06 (0x02c38bb3) mul     s7, t2, a2
core   0: 3 0x80000c06 (0x02c38bb3) x23 0xfffe183e
core   0: 0x80000c0a (0x024522b3) mulhsu  t0, a0, tp
core   0: 3 0x80000c0a (0x024522b3) x 5 0xc0000000
core   0: 0x80000c0e (0x0261e533) rem     a0, gp, t1
core   0: 3 0x80000c0e (0x0261e533) x10 0xc83e3bb3
core   0: 0x80000c12 (0x012670b3) and     ra, a2, s2
core   0: 3 0x80000c12 (0x012670b3) x 1 0x00000001
core   0: 0x80000c16 (0x00008631) c.srai  a2, 12
core   0: 3 0x80000c16 (0x8631) x12 0x00000000
core   0: 0x80000c18 (0x000063c5) c.lui   t2, 0x11
core   0: 3 0x80000c18 (0x63c5) x 7 0x00011000
core   0: 0x80000c1a (0x021fb933) mulhu   s2, t6, ra
core   0: 3 0x80000c1a (0x021fb933) x18 0x00000000
core   0: 0x80000c1e (0x014bc613) xori    a2, s7, 20
core   0: 3 0x80000c1e (0x014bc613) x12 0xfffe182a
core   0: 0x80000c22 (0xa2586313) ori     t1, a6, -1499
core   0: 3 0x80000c22 (0xa2586313) x 6 0xfffffa25
core   0: 0x80000c26 (0x01aaa533) slt     a0, s5, s10
core   0: 3 0x80000c26 (0x01aaa533) x10 0x00000001
core   0: 0x80000c2a (0x0145b933) sltu    s2, a1, s4
core   0: 3 0x80000c2a (0x0145b933) x18 0x00000000
core   0: 0x80000c2e (0x00b70233) add     tp, a4, a1
core   0: 3 0x80000c2e (0x00b70233) x 4 0x8000fe64
core   0: 0x80000c32 (0x05006293) ori     t0, zero, 80
core   0: 3 0x80000c32 (0x05006293) x 5 0x00000050
core   0: 0x80000c36 (0x61e42693) slti    a3, s0, 1566
core   0: 3 0x80000c36 (0x61e42693) x13 0x00000000
core   0: 0x80000c3a (0x40a25313) srai    t1, tp, 10
core   0: 3 0x80000c3a (0x40a25313) x 6 0xffe0003f
core   0: 0x80000c3e (0x98f2bf13) sltiu   t5, t0, -1649
core   0: 3 0x80000c3e (0x98f2bf13) x30 0x00000001
core   0: 0x80000c42 (0x40f509b3) sub     s3, a0, a5
core   0: 3 0x80000c42 (0x40f509b3) x19 0x000006bf
core   0: 0x80000c46 (0x00008e5a) c.mv    t3, s6
core   0: 3 0x80000c46 (0x8e5a) x28 0x4754d000
core   0: 0x80000c48 (0x4089d9b3) sra     s3, s3, s0
core   0: 3 0x80000c48 (0x4089d9b3) x19 0x000001af
core   0: 0x80000c4c (0x41ea5c13) srai    s8, s4, 30
core   0: 3 0x80000c4c (0x41ea5c13) x24 0x00000000
core   0: 0x80000c50 (0x01192a33) slt     s4, s2, a7
core   0: 3 0x80000c50 (0x01192a33) x20 0x00000001
core   0: 0x80000c54 (0x02855233) divu    tp, a0, s0
core   0: 3 0x80000c54 (0x02855233) x 4 0x00000000
core   0: 0x80000c58 (0x9dc40213) addi    tp, s0, -1572
core   0: 3 0x80000c58 (0x9dc40213) x 4 0x478de2de
core   0: 0x80000c5c (0x84803393) sltiu   t2, zero, -1976
core   0: 3 0x80000c5c (0x84803393) x 7 0x00000001
core   0: 0x80000c60 (0x023932b3) mulhu   t0, s2, gp
core   0: 3 0x80000c60 (0x023932b3) x 5 0x00000000
core   0: 0x80000c64 (0x013d06b3) add     a3, s10, s3
core   0: 3 0x80000c64 (0x013d06b3) x13 0x00000366
core   0: 0x80000c68 (0x000084aa) c.mv    s1, a0
core   0: 3 0x80000c68 (0x84aa) x 9 0x00000001
core   0: 0x80000c6a (0x4c358217) auipc   tp, 0x4c358
core   0: 3 0x80000c6a (0x4c358217) x 4 0xcc358c6a
core   0: 0x80000c6e (0x027e8a33) mul     s4, t4, t2
core   0: 3 0x80000c6e (0x027e8a33) x20 0x0000003f
core   0: 0x80000c72 (0x01bd8633) add     a2, s11, s11
core   0: 3 0x80000c72 (0x01bd8633) x12 0x00000000
core   0: 0x80000c76 (0x441f0193) addi    gp, t5, 1089
core   0: 3 0x80000c76 (0x441f0193) x 3 0x00000442
core   0: 0x80000c7a (0x0095ecb3) or      s9, a1, s1
core   0: 3 0x80000c7a (0x0095ecb3) x25 0x00000001
core   0: 0x80000c7e (0x015c1f93) slli    t6, s8, 21
core   0: 3 0x80000c7e (0x015c1f93) x31 0x00000000
core   0: 0x80000c82 (0x612d3c93) sltiu   s9, s10, 1554
core   0: 3 0x80000c82 (0x612d3c93) x25 0x00000001
core   0: 0x80000c86 (0xe6a48593) addi    a1, s1, -406
core   0: 3 0x80000c86 (0xe6a48593) x11 0xfffffe6b
core   0: 0x80000c8a (0x00000001) c.nop
core   0: 3 0x80000c8a (0x0001)
core   0: 0x80000c8c (0xed9e6b17) auipc   s6, 0xed9e6
core   0: 3 0x80000c8c (0xed9e6b17) x22 0x6d9e6c8c
core   0: 0x80000c90 (0x00e446b3) xor     a3, s0, a4
core   0: 3 0x80000c90 (0x00e446b3) x13 0xc78d1766
core   0: 0x80000c94 (0x3a432f13) slti    t5, t1, 932
core   0: 3 0x80000c94 (0x3a432f13) x30 0x00000001
core   0: 0x80000c98 (0x41485ab3) sra     s5, a6, s4
core   0: 3 0x80000c98 (0x41485ab3) x21 0x00000000
core   0: 0x80000c9c (0x00008ff9) c.and   a5, a4
core   0: 3 0x80000c9c (0x8ff9) x15 0x8000f840
core   0: 0x80000c9e (0x02ebee33) rem     t3, s7, a4
core   0: 3 0x80000c9e (0x02ebee33) x28 0xfffe183e
core   0: 0x80000ca2 (0x011718b3) sll     a7, a4, a7
core   0: 3 0x80000ca2 (0x011718b3) x17 0x8000fe64
core   0: 0x80000ca6 (0x03cc58b3) divu    a7, s8, t3
core   0: 3 0x80000ca6 (0x03cc58b3) x17 0x00000000
core   0: 0x80000caa (0x00001afd) c.addi  s5, -1
core   0: 3 0x80000caa (0x1afd) x21 0xffffffff
core   0: 0x80000cac (0x01398833) add     a6, s3, s3
core   0: 3 0x80000cac (0x01398833) x16 0x0000035e
core   0: 0x80000cb0 (0x0147efb3) or      t6, a5, s4
core   0: 3 0x80000cb0 (0x0147efb3) x31 0x8000f87f
core   0: 0x80000cb4 (0x03af4e33) div     t3, t5, s10
core   0: 3 0x80000cb4 (0x03af4e33) x28 0x00000000
core   0: 0x80000cb8 (0x92fd9197) auipc   gp, 0x92fd9
core   0: 3 0x80000cb8 (0x92fd9197) x 3 0x12fd9cb8
core   0: 0x80000cbc (0x02250cb3) mul     s9, a0, sp
core   0: 3 0x80000cbc (0x02250cb3) x25 0x80013ce4
core   0: 0x80000cc0 (0x016d81b3) add     gp, s11, s6
core   0: 3 0x80000cc0 (0x016d81b3) x 3 0xed9e6c8c
core   0: 0x80000cc4 (0x00008d8d) c.sub   a1, a1
core   0: 3 0x80000cc4 (0x8d8d) x11 0x00000000
core   0: 0x80000cc6 (0x01c24cb3) xor     s9, tp, t3
core   0: 3 0x80000cc6 (0x01c24cb3) x25 0xcc358c6a
core   0: 0x80000cca (0x03ab38b3) mulhu   a7, s6, s10
core   0: 3 0x80000cca (0x03ab38b3) x17 0x000000bb
core   0: 0x80000cce (0x00008d15) c.sub   a0, a3
core   0: 3 0x80000cce (0x8d15) x10 0x3872e89b
core   0: 0x80000cd0 (0x00008fb1) c.xor   a5, a2
core   0: 3 0x80000cd0 (0x8fb1) x15 0x8000f840
core   0: 0x80000cd2 (0x012dc433) xor     s0, s11, s2
core   0: 3 0x80000cd2 (0x012dc433) x 8 0x80000000
core   0: 0x80000cd6 (0x1164a813) slti    a6, s1, 278
core   0: 3 0x80000cd6 (0x1164a813) x16 0x00000001
core   0: 0x80000cda (0x00af48b3) xor     a7, t5, a0
core   0: 3 0x80000cda (0x00af48b3) x17 0x3872e89a
core   0: 0x80000cde (0x4153d313) srai    t1, t2, 21
core   0: 3 0x80000cde (0x4153d313) x 6 0x00000000
core   0: 0x80000ce2 (0x006ac333) xor     t1, s5, t1
core   0: 3 0x80000ce2 (0x006ac333) x 6 0xffffffff
core   0: 0x80000ce6 (0x00265bb3) srl     s7, a2, sp
core   0: 3 0x80000ce6 (0x00265bb3) x23 0x00000000
core   0: 0x80000cea (0x04c8bc93) sltiu   s9, a7, 76
core   0: 3 0x80000cea (0x04c8bc93) x25 0x00000000
core   0: 0x80000cee (0xf91d0893) addi    a7, s10, -111
core   0: 3 0x80000cee (0xf91d0893) x17 0x00000148
core   0: 0x80000cf2 (0x00008809) c.andi  s0, 2
core   0: 3 0x80000cf2 (0x8809) x 8 0x00000000
core   0: 0x80000cf4 (0x05c7ec13) ori     s8, a5, 92
core   0: 3 0x80000cf4 (0x05c7ec13) x24 0x8000f85c
core   0: 0x80000cf8 (0x00000001) c.nop
core   0: 3 0x80000cf8 (0x0001)
core   0: 0x80000cfa (0x00008ae1) c.andi  a3, 24
core   0: 3 0x80000cfa (0x8ae1) x13 0x00000000
core   0: 0x80000cfc (0x03ab5b33) divu    s6, s6, s10
core   0: 3 0x80000cfc (0x03ab5b33) x22 0x003fec6b
core   0: 0x80000d00 (0x37674993) xori    s3, a4, 886
core   0: 3 0x80000d00 (0x37674993) x19 0x8000fd12
core   0: 0x80000d04 (0x406f8433) sub     s0, t6, t1
core   0: 3 0x80000d04 (0x406f8433) x 8 0x8000f880
core   0: 0x80000d08 (0x02e855b3) divu    a1, a6, a4
core   0: 3 0x80000d08 (0x02e855b3) x11 0x00000000
core   0: 0x80000d0c (0x00008e69) c.and   a2, a0
core   0: 3 0x80000d0c (0x8e69) x12 0x00000000
core   0: 0x80000d0e (0x008a9793) slli    a5, s5, 8
core   0: 3 0x80000d0e (0x008a9793) x15 0xffffff00
core   0: 0x80000d12 (0xdd8da313) slti    t1, s11, -552
core   0: 3 0x80000d12 (0xdd8da313) x 6 0x00000001
core   0: 0x80000d16 (0x02765e33) divu    t3, a2, t2
core   0: 3 0x80000d16 (0x02765e33) x28 0x00000000
core   0: 0x80000d1a (0x4b0a0293) addi    t0, s4, 1200
core   0: 3 0x80000d1a (0x4b0a0293) x 5 0x000004ef
core   0: 0x80000d1e (0x00008c7d) c.and   s0, a5
core   0: 3 0x80000d1e (0x8c7d) x 8 0x8000f800
core   0: 0x80000d20 (0x8670f917) auipc   s2, 0x8670f
core   0: 3 0x80000d20 (0x8670f917) x18 0x0670fd20
core   0: 0x80000d24 (0x5414b213) sltiu   tp, s1, 1345
core   0: 3 0x80000d24 (0x5414b213) x 4 0x00000001
core   0: 0x80000d28 (0x48b6f013) andi    zero, a3, 1163
core   0: 3 0x80000d28 (0x48b6f013)
core   0: 0x80000d2c (0x000014fd) c.addi  s1, -1
core   0: 3 0x80000d2c (0x14fd) x 9 0x00000000
core   0: 0x80000d2e (0x009dbfb3) sltu    t6, s11, s1
core   0: 3 0x80000d2e (0x009dbfb3) x31 0x00000000
core   0: 0x80000d32 (0x002cbf33) sltu    t5, s9, sp
core   0: 3 0x80000d32 (0x002cbf33) x30 0x00000001
core   0: 0x80000d36 (0x0000835a) c.mv    t1, s6
core   0: 3 0x80000d36 (0x835a) x 6 0x003fec6b
core   0: 0x80000d38 (0x0000635d) c.lui   t1, 0x17
core   0: 3 0x80000d38 (0x635d) x 6 0x00017000
core   0: 0x80000d3a (0x01b7d8b3) srl     a7, a5, s11
core   0: 3 0x80000d3a (0x01b7d8b3) x17 0xffffff00
core   0: 0x80000d3e (0x024810b3) mulh    ra, a6, tp
core   0: 3 0x80000d3e (0x024810b3) x 1 0x00000000
core   0: 0x80000d42 (0x0ebb6393) ori     t2, s6, 235
core   0: 3 0x80000d42 (0x0ebb6393) x 7 0x003feceb
core   0: 0x80000d46 (0x416b0b33) sub     s6, s6, s6
core   0: 3 0x80000d46 (0x416b0b33) x22 0x00000000
core   0: 0x80000d4a (0x00008c51) c.or    s0, a2
core   0: 3 0x80000d4a (0x8c51) x 8 0x8000f800
core   0: 0x80000d4c (0x00000c3e) c.slli  s8, 15
core   0: 3 0x80000d4c (0x0c3e) x24 0x7c2e0000
core   0: 0x80000d4e (0xbb7a2293) slti    t0, s4, -1097
core   0: 3 0x80000d4e (0xbb7a2293) x 5 0x00000000
core   0: 0x80000d52 (0x00008e45) c.or    a2, s1
core   0: 3 0x80000d52 (0x8e45) x12 0x00000000
core   0: 0x80000d54 (0xd74b7c93) andi    s9, s6, -652
core   0: 3 0x80000d54 (0xd74b7c93) x25 0x00000000
core   0: 0x80000d58 (0x01bbd193) srli    gp, s7, 27
core   0: 3 0x80000d58 (0x01bbd193) x 3 0x00000000
core   0: 0x80000d5c (0x00008fbd) c.xor   a5, a5
core   0: 3 0x80000d5c (0x8fbd) x15 0x00000000
core   0: 0x80000d5e (0x01da1893) slli    a7, s4, 29
core   0: 3 0x80000d5e (0x01da1893) x17 0xe0000000
core   0: 0x80000d62 (0x00004281) c.li    t0, 0
core   0: 3 0x80000d62 (0x4281) x 5 0x00000000
core   0: 0x80000d64 (0x80000cb7) lui     s9, 0x80000
core   0: 3 0x80000d64 (0x80000cb7) x25 0x80000000
core   0: 0x80000d68 (0x00004181) c.li    gp, 0
core   0: 3 0x80000d68 (0x4181) x 3 0x00000000
core   0: 0x80000d6a (0xfff00613) li      a2, -1
core   0: 3 0x80000d6a (0xfff00613) x12 0xffffffff
core   0: 0x80000d6e (0xb9449337) lui     t1, 0xb9449
core   0: 3 0x80000d6e (0xb9449337) x 6 0xb9449000
core   0: 0x80000d72 (0xc9a30313) addi    t1, t1, -870
core   0: 3 0x80000d72 (0xc9a30313) x 6 0xb9448c9a
core   0: 0x80000d76 (0xc6107237) lui     tp, 0xc6107
core   0: 3 0x80000d76 (0xc6107237) x 4 0xc6107000
core   0: 0x80000d7a (0xa6d20213) addi    tp, tp, -1427
core   0: 3 0x80000d7a (0xa6d20213) x 4 0xc6106a6d
core   0: 0x80000d7e (0x800008b7) lui     a7, 0x80000
core   0: 3 0x80000d7e (0x800008b7) x17 0x80000000
core   0: 0x80000d82 (0x80000837) lui     a6, 0x80000
core   0: 3 0x80000d82 (0x80000837) x16 0x80000000
core   0: 0x80000d86 (0x00004b81) c.li    s7, 0
core   0: 3 0x80000d86 (0x4b81) x23 0x00000000
core   0: 0x80000d88 (0xfff00a93) li      s5, -1
core   0: 3 0x80000d88 (0xfff00a93) x21 0xffffffff
core   0: 0x80000d8c (0x03526233) rem     tp, tp, s5
core   0: 3 0x80000d8c (0x03526233) x 4 0x00000000
core   0: 0x80000d90 (0x02487cb3) remu    s9, a6, tp
core   0: 3 0x80000d90 (0x02487cb3) x25 0x80000000
core   0: 0x80000d94 (0x00000001) c.nop
core   0: 3 0x80000d94 (0x0001)
core   0: 0x80000d96 (0x00000001) c.nop
core   0: 3 0x80000d96 (0x0001)
core   0: 0x80000d98 (0x6914c197) auipc   gp, 0x6914c
core   0: 3 0x80000d98 (0x6914c197) x 3 0xe914cd98
core   0: 0x80000d9c (0x03135633) divu    a2, t1, a7
core   0: 3 0x80000d9c (0x03135633) x12 0x00000001
core   0: 0x80000da0 (0x01030233) add     tp, t1, a6
core   0: 3 0x80000da0 (0x01030233) x 4 0x39448c9a
core   0: 0x80000da4 (0x03981633) mulh    a2, a6, s9
core   0: 3 0x80000da4 (0x03981633) x12 0x40000000
core   0: 0x80000da8 (0x03920bb3) mul     s7, tp, s9
core   0: 3 0x80000da8 (0x03920bb3) x23 0x00000000
core   0: 0x80000dac (0x03763833) mulhu   a6, a2, s7
core   0: 3 0x80000dac (0x03763833) x16 0x00000000
core   0: 0x80000db0 (0x00000001) c.nop
core   0: 3 0x80000db0 (0x0001)
core   0: 0x80000db2 (0x0358a233) mulhsu  tp, a7, s5
core   0: 3 0x80000db2 (0x0358a233) x 4 0x80000000
core   0: 0x80000db6 (0xe3760a93) addi    s5, a2, -457
core   0: 3 0x80000db6 (0xe3760a93) x21 0x3ffffe37
core   0: 0x80000dba (0x00000001) c.nop
core   0: 3 0x80000dba (0x0001)
core   0: 0x80000dbc (0x03918333) mul     t1, gp, s9
core   0: 3 0x80000dbc (0x03918333) x 6 0x00000000
core   0: 0x80000dc0 (0x00000001) c.nop
core   0: 3 0x80000dc0 (0x0001)
core   0: 0x80000dc2 (0x210e6ab7) lui     s5, 0x210e6
core   0: 3 0x80000dc2 (0x210e6ab7) x21 0x210e6000
core   0: 0x80000dc6 (0x56c8d317) auipc   t1, 0x56c8d
core   0: 3 0x80000dc6 (0x56c8d317) x 6 0xd6c8ddc6
core   0: 0x80000dca (0x417b8333) sub     t1, s7, s7
core   0: 3 0x80000dca (0x417b8333) x 6 0x00000000
core   0: 0x80000dce (0x5d882617) auipc   a2, 0x5d882
core   0: 3 0x80000dce (0x5d882617) x12 0xdd882dce
core   0: 0x80000dd2 (0x039c9ab3) mulh    s5, s9, s9
core   0: 3 0x80000dd2 (0x039c9ab3) x21 0x40000000
core   0: 0x80000dd6 (0x02c65833) divu    a6, a2, a2
core   0: 3 0x80000dd6 (0x02c65833) x16 0x00000001
core   0: 0x80000dda (0x031cccb3) div     s9, s9, a7
core   0: 3 0x80000dda (0x031cccb3) x25 0x00000001
core   0: 0x80000dde (0x03185cb3) divu    s9, a6, a7
core   0: 3 0x80000dde (0x03185cb3) x25 0x00000000
core   0: 0x80000de2 (0x8a69f317) auipc   t1, 0x8a69f
core   0: 3 0x80000de2 (0x8a69f317) x 6 0x0a69fde2
core   0: 0x80000de6 (0x026af1b3) remu    gp, s5, t1
core   0: 3 0x80000de6 (0x026af1b3) x 3 0x01840cb4
core   0: 0x80000dea (0x024bb2b3) mulhu   t0, s7, tp
core   0: 3 0x80000dea (0x024bb2b3) x 5 0x00000000
core   0: 0x80000dee (0xff168a13) addi    s4, a3, -15
core   0: 3 0x80000dee (0xff168a13) x20 0xfffffff1
core   0: 0x80000df2 (0x00008c21) c.xor   s0, s0
core   0: 3 0x80000df2 (0x8c21) x 8 0x00000000
core   0: 0x80000df4 (0x002118b3) sll     a7, sp, sp
core   0: 3 0x80000df4 (0x002118b3) x17 0x0013ce40
core   0: 0x80000df8 (0x0100b313) sltiu   t1, ra, 16
core   0: 3 0x80000df8 (0x0100b313) x 6 0x00000001
core   0: 0x80000dfc (0x028c2833) mulhsu  a6, s8, s0
core   0: 3 0x80000dfc (0x028c2833) x16 0x00000000
core   0: 0x80000e00 (0x02a8acb3) mulhsu  s9, a7, a0
core   0: 3 0x80000e00 (0x02a8acb3) x25 0x00045e01
core   0: 0x80000e04 (0x00958033) add     zero, a1, s1
core   0: 3 0x80000e04 (0x00958033)
core   0: 0x80000e08 (0x000083c9) c.srli  a5, 18
core   0: 3 0x80000e08 (0x83c9) x15 0x00000000
core   0: 0x80000e0a (0x00006c69) c.lui   s8, 0x1a
core   0: 3 0x80000e0a (0x6c69) x24 0x0001a000
core   0: 0x80000e0c (0x00008f8d) c.sub   a5, a1
core   0: 3 0x80000e0c (0x8f8d) x15 0x00000000
core   0: 0x80000e0e (0x004bb2b3) sltu    t0, s7, tp
core   0: 3 0x80000e0e (0x004bb2b3) x 5 0x00000001
core   0: 0x80000e12 (0x000065ad) c.lui   a1, 0xb
core   0: 3 0x80000e12 (0x65ad) x11 0x0000b000
core   0: 0x80000e14 (0x000000d2) c.slli  ra, 20
core   0: 3 0x80000e14 (0x00d2) x 1 0x00000000
core   0: 0x80000e16 (0x022cc4b3) div     s1, s9, sp
core   0: 3 0x80000e16 (0x022cc4b3) x 9 0x00000000
core   0: 0x80000e1a (0x000081be) c.mv    gp, a5
core   0: 3 0x80000e1a (0x81be) x 3 0x00000000
core   0: 0x80000e1c (0x00004481) c.li    s1, 0
core   0: 3 0x80000e1c (0x4481) x 9 0x00000000
core   0: 0x80000e1e (0xfff00c93) li      s9, -1
core   0: 3 0x80000e1e (0xfff00c93) x25 0xffffffff
core   0: 0x80000e22 (0x800001b7) lui     gp, 0x80000
core   0: 3 0x80000e22 (0x800001b7) x 3 0x80000000
core   0: 0x80000e26 (0x80000837) lui     a6, 0x80000
core   0: 3 0x80000e26 (0x80000837) x16 0x80000000
core   0: 0x80000e2a (0xfff00293) li      t0, -1
core   0: 3 0x80000e2a (0xfff00293) x 5 0xffffffff
core   0: 0x80000e2e (0x00004b01) c.li    s6, 0
core   0: 3 0x80000e2e (0x4b01) x22 0x00000000
core   0: 0x80000e30 (0xfff00093) li      ra, -1
core   0: 3 0x80000e30 (0xfff00093) x 1 0xffffffff
core   0: 0x80000e34 (0x00004501) c.li    a0, 0
core   0: 3 0x80000e34 (0x4501) x10 0x00000000
core   0: 0x80000e36 (0x80000c37) lui     s8, 0x80000
core   0: 3 0x80000e36 (0x80000c37) x24 0x80000000
core   0: 0x80000e3a (0x00004401) c.li    s0, 0
core   0: 3 0x80000e3a (0x4401) x 8 0x00000000
core   0: 0x80000e3c (0x408c82b3) sub     t0, s9, s0
core   0: 3 0x80000e3c (0x408c82b3) x 5 0xffffffff
core   0: 0x80000e40 (0x02850c33) mul     s8, a0, s0
core   0: 3 0x80000e40 (0x02850c33) x24 0x00000000
core   0: 0x80000e44 (0x17d4bb37) lui     s6, 0x17d4b
core   0: 3 0x80000e44 (0x17d4bb37) x22 0x17d4b000
core   0: 0x80000e48 (0x00000001) c.nop
core   0: 3 0x80000e48 (0x0001)
core   0: 0x80000e4a (0x02986b33) rem     s6, a6, s1
core   0: 3 0x80000e4a (0x02986b33) x22 0x80000000
core   0: 0x80000e4e (0x744c0813) addi    a6, s8, 1860
core   0: 3 0x80000e4e (0x744c0813) x16 0x00000744
core   0: 0x80000e52 (0x023560b3) rem     ra, a0, gp
core   0: 3 0x80000e52 (0x023560b3) x 1 0x00000000
core   0: 0x80000e56 (0x02a2a1b3) mulhsu  gp, t0, a0
core   0: 3 0x80000e56 (0x02a2a1b3) x 3 0x00000000
core   0: 0x80000e5a (0x038ccc33) div     s8, s9, s8
core   0: 3 0x80000e5a (0x038ccc33) x24 0xffffffff
core   0: 0x80000e5e (0xd0628813) addi    a6, t0, -762
core   0: 3 0x80000e5e (0xd0628813) x16 0xfffffd05
core   0: 0x80000e62 (0x038831b3) mulhu   gp, a6, s8
core   0: 3 0x80000e62 (0x038831b3) x 3 0xfffffd04
core   0: 0x80000e66 (0x40808433) sub     s0, ra, s0
core   0: 3 0x80000e66 (0x40808433) x 8 0x00000000
core   0: 0x80000e6a (0x0380f2b3) remu    t0, ra, s8
core   0: 3 0x80000e6a (0x0380f2b3) x 5 0x00000000
core   0: 0x80000e6e (0x028b1cb3) mulh    s9, s6, s0
core   0: 3 0x80000e6e (0x028b1cb3) x25 0x00000000
core   0: 0x80000e72 (0xbdd48297) auipc   t0, 0xbdd48
core   0: 3 0x80000e72 (0xbdd48297) x 5 0x3dd48e72
core   0: 0x80000e76 (0x00318cb3) add     s9, gp, gp
core   0: 3 0x80000e76 (0x00318cb3) x25 0xfffffa08
core   0: 0x80000e7a (0x82e55c97) auipc   s9, 0x82e55
core   0: 3 0x80000e7a (0x82e55c97) x25 0x02e55e7a
core   0: 0x80000e7e (0x90cc8293) addi    t0, s9, -1780
core   0: 3 0x80000e7e (0x90cc8293) x 5 0x02e55786
core   0: 0x80000e82 (0x00000001) c.nop
core   0: 3 0x80000e82 (0x0001)
core   0: 0x80000e84 (0x90e80813) addi    a6, a6, -1778
core   0: 3 0x80000e84 (0x90e80813) x16 0xfffff613
core   0: 0x80000e88 (0x3f9b3517) auipc   a0, 0x3f9b3
core   0: 3 0x80000e88 (0x3f9b3517) x10 0xbf9b3e88
core   0: 0x80000e8c (0x038b6cb3) rem     s9, s6, s8
core   0: 3 0x80000e8c (0x038b6cb3) x25 0x00000000
core   0: 0x80000e90 (0x4d346c17) auipc   s8, 0x4d346
core   0: 3 0x80000e90 (0x4d346c17) x24 0xcd346e90
core   0: 0x80000e94 (0x0360b533) mulhu   a0, ra, s6
core   0: 3 0x80000e94 (0x0360b533) x10 0x00000000
core   0: 0x80000e98 (0x021cd4b3) divu    s1, s9, ra
core   0: 3 0x80000e98 (0x021cd4b3) x 9 0xffffffff
core   0: 0x80000e9c (0x038b0833) mul     a6, s6, s8
core   0: 3 0x80000e9c (0x038b0833) x16 0x00000000
core   0: 0x80000ea0 (0x19308513) addi    a0, ra, 403
core   0: 3 0x80000ea0 (0x19308513) x10 0x00000193
core   0: 0x80000ea4 (0x019502b3) add     t0, a0, s9
core   0: 3 0x80000ea4 (0x019502b3) x 5 0x00000193
core   0: 0x80000ea8 (0x00ac0433) add     s0, s8, a0
core   0: 3 0x80000ea8 (0x00ac0433) x 8 0xcd347023
core   0: 0x80000eac (0x02852cb3) mulhsu  s9, a0, s0
core   0: 3 0x80000eac (0x02852cb3) x25 0x00000143
core   0: 0x80000eb0 (0x0000838a) c.mv    t2, sp
core   0: 3 0x80000eb0 (0x838a) x 7 0x80013ce4
core   0: 0x80000eb2 (0x02efb0b3) mulhu   ra, t6, a4
core   0: 3 0x80000eb2 (0x02efb0b3) x 1 0x00000000
core   0: 0x80000eb6 (0x034adc33) divu    s8, s5, s4
core   0: 3 0x80000eb6 (0x034adc33) x24 0x00000000
core   0: 0x80000eba (0x00951313) slli    t1, a0, 9
core   0: 3 0x80000eba (0x00951313) x 6 0x00032600
core   0: 0x80000ebe (0x00008d1d) c.sub   a0, a5
core   0: 3 0x80000ebe (0x8d1d) x10 0x00000193
core   0: 0x80000ec0 (0x00008cc5) c.or    s1, s1
core   0: 3 0x80000ec0 (0x8cc5) x 9 0xffffffff
core   0: 0x80000ec2 (0x000097d6) c.add   a5, s5
core   0: 3 0x80000ec2 (0x97d6) x15 0x40000000
core   0: 0x80000ec4 (0x02e2e233) rem     tp, t0, a4
core   0: 3 0x80000ec4 (0x02e2e233) x 4 0x00000193
core   0: 0x80000ec8 (0x02e51d33) mulh    s10, a0, a4
core   0: 3 0x80000ec8 (0x02e51d33) x26 0xffffff36
core   0: 0x80000ecc (0x00008d21) c.xor   a0, s0
core   0: 3 0x80000ecc (0x8d21) x10 0xcd3471b0
core   0: 0x80000ece (0x00004879) c.li    a6, 30
core   0: 3 0x80000ece (0x4879) x16 0x0000001e
core   0: 0x80000ed0 (0x93fe4b93) xori    s7, t3, -1729
core   0: 3 0x80000ed0 (0x93fe4b93) x23 0xfffff93f
core   0: 0x80000ed4 (0x035c8d33) mul     s10, s9, s5
core   0: 3 0x80000ed4 (0x035c8d33) x26 0xc0000000
core   0: 0x80000ed8 (0x01816433) or      s0, sp, s8
core   0: 3 0x80000ed8 (0x01816433) x 8 0x80013ce4
core   0: 0x80000edc (0x405101b3) sub     gp, sp, t0
core   0: 3 0x80000edc (0x405101b3) x 3 0x80013b51
core   0: 0x80000ee0 (0x93607e13) andi    t3, zero, -1738
core   0: 3 0x80000ee0 (0x93607e13) x28 0x00000000
core   0: 0x80000ee4 (0x01061533) sll     a0, a2, a6
core   0: 3 0x80000ee4 (0x01061533) x10 0x80000000
core   0: 0x80000ee8 (0x4e9ff213) andi    tp, t6, 1257
core   0: 3 0x80000ee8 (0x4e9ff213) x 4 0x00000000
core   0: 0x80000eec (0x00561293) slli    t0, a2, 5
core   0: 3 0x80000eec (0x00561293) x 5 0xb105b9c0
core   0: 0x80000ef0 (0x03c53f33) mulhu   t5, a0, t3
core   0: 3 0x80000ef0 (0x03c53f33) x30 0x00000000
core   0: 0x80000ef4 (0xaaad7597) auipc   a1, 0xaaad7
core   0: 3 0x80000ef4 (0xaaad7597) x11 0x2aad7ef4
core   0: 0x80000ef8 (0x405b5793) srai    a5, s6, 5
core   0: 3 0x80000ef8 (0x405b5793) x15 0xfc000000
core   0: 0x80000efc (0x035dc0b3) div     ra, s11, s5
core   0: 3 0x80000efc (0x035dc0b3) x 1 0xfffffffe
core   0: 0x80000f00 (0x00d01f33) sll     t5, zero, a3
core   0: 3 0x80000f00 (0x00d01f33) x30 0x00000000
core   0: 0x80000f04 (0x1db07813) andi    a6, zero, 475
core   0: 3 0x80000f04 (0x1db07813) x16 0x00000000
core   0: 0x80000f08 (0x000094f6) c.add   s1, t4
core   0: 3 0x80000f08 (0x94f6) x 9 0x0000003e
core   0: 0x80000f0a (0x00008c81) c.sub   s1, s0
core   0: 3 0x80000f0a (0x8c81) x 9 0x7ffec35a
core   0: 0x80000f0c (0x02785433) divu    s0, a6, t2
core   0: 3 0x80000f0c (0x02785433) x 8 0x00000000
core   0: 0x80000f10 (0x00050ab3) add     s5, a0, zero
core   0: 3 0x80000f10 (0x00050ab3) x21 0x80000000
core   0: 0x80000f14 (0x417ed533) sra     a0, t4, s7
core   0: 3 0x80000f14 (0x417ed533) x10 0x00000000
core   0: 0x80000f18 (0x01b51d33) sll     s10, a0, s11
core   0: 3 0x80000f18 (0x01b51d33) x26 0x00000000
core   0: 0x80000f1c (0x0031cd33) xor     s10, gp, gp
core   0: 3 0x80000f1c (0x0031cd33) x26 0x00000000
core   0: 0x80000f20 (0x015d4e33) xor     t3, s10, s5
core   0: 3 0x80000f20 (0x015d4e33) x28 0x80000000
core   0: 0x80000f24 (0xdccf7593) andi    a1, t5, -564
core   0: 3 0x80000f24 (0xdccf7593) x11 0x00000000
core   0: 0x80000f28 (0x02f85533) divu    a0, a6, a5
core   0: 3 0x80000f28 (0x02f85533) x10 0x00000000
core   0: 0x80000f2c (0x009dd393) srli    t2, s11, 9
core   0: 3 0x80000f2c (0x009dd393) x 7 0x00400000
core   0: 0x80000f30 (0x00008655) c.srai  a2, 21
core   0: 3 0x80000f30 (0x8655) x12 0xfffffeec
core   0: 0x80000f32 (0x4a74a393) slti    t2, s1, 1191
core   0: 3 0x80000f32 (0x4a74a393) x 7 0x00000000
core   0: 0x80000f36 (0x00000aa9) c.addi  s5, 10
core   0: 3 0x80000f36 (0x0aa9) x21 0x8000000a
core   0: 0x80000f38 (0xb815ba17) auipc   s4, 0xb815b
core   0: 3 0x80000f38 (0xb815ba17) x20 0x3815bf38
core   0: 0x80000f3c (0x407fd413) srai    s0, t6, 7
core   0: 3 0x80000f3c (0x407fd413) x 8 0x00000000
core   0: 0x80000f40 (0x01913ab3) sltu    s5, sp, s9
core   0: 3 0x80000f40 (0x01913ab3) x21 0x00000000
core   0: 0x80000f44 (0x01f3f9b3) and     s3, t2, t6
core   0: 3 0x80000f44 (0x01f3f9b3) x19 0x00000000
core   0: 0x80000f48 (0x03404cb3) div     s9, zero, s4
core   0: 3 0x80000f48 (0x03404cb3) x25 0x00000000
core   0: 0x80000f4c (0x03c288b3) mul     a7, t0, t3
core   0: 3 0x80000f4c (0x03c288b3) x17 0x00000000
core   0: 0x80000f50 (0x01e2fe33) and     t3, t0, t5
core   0: 3 0x80000f50 (0x01e2fe33) x28 0x00000000
core   0: 0x80000f54 (0x6e972d13) slti    s10, a4, 1769
core   0: 3 0x80000f54 (0x6e972d13) x26 0x00000001
core   0: 0x80000f58 (0x000083ed) c.srli  a5, 27
core   0: 3 0x80000f58 (0x83ed) x15 0x0000001f
core   0: 0x80000f5a (0x418b5f33) sra     t5, s6, s8
core   0: 3 0x80000f5a (0x418b5f33) x30 0x80000000
core   0: 0x80000f5e (0x009c6ab3) or      s5, s8, s1
core   0: 3 0x80000f5e (0x009c6ab3) x21 0x7ffec35a
core   0: 0x80000f62 (0x00006c5d) c.lui   s8, 0x17
core   0: 3 0x80000f62 (0x6c5d) x24 0x00017000
core   0: 0x80000f64 (0x0338bfb3) mulhu   t6, a7, s3
core   0: 3 0x80000f64 (0x0338bfb3) x31 0x00000000
core   0: 0x80000f68 (0x0000680d) c.lui   a6, 0x3
core   0: 3 0x80000f68 (0x680d) x16 0x00003000
core   0: 0x80000f6a (0x01ef4d33) xor     s10, t5, t5
core   0: 3 0x80000f6a (0x01ef4d33) x26 0x00000000
core   0: 0x80000f6e (0x00009bfd) c.andi  a5, -1
core   0: 3 0x80000f6e (0x9bfd) x15 0x0000001f
core   0: 0x80000f70 (0xe952b213) sltiu   tp, t0, -363
core   0: 3 0x80000f70 (0xe952b213) x 4 0x00000001
core   0: 0x80000f74 (0x89d5f613) andi    a2, a1, -1891
core   0: 3 0x80000f74 (0x89d5f613) x12 0x00000000
core   0: 0x80000f78 (0x00b099b3) sll     s3, ra, a1
core   0: 3 0x80000f78 (0x00b099b3) x19 0xfffffffe
core   0: 0x80000f7c (0x00705413) srli    s0, zero, 7
core   0: 3 0x80000f7c (0x00705413) x 8 0x00000000
core   0: 0x80000f80 (0x4056d593) srai    a1, a3, 5
core   0: 3 0x80000f80 (0x4056d593) x11 0x00000000
core   0: 0x80000f84 (0x005b9313) slli    t1, s7, 5
core   0: 3 0x80000f84 (0x005b9313) x 6 0xffff27e0
core   0: 0x80000f88 (0xba407393) andi    t2, zero, -1116
core   0: 3 0x80000f88 (0xba407393) x 7 0x00000000
core   0: 0x80000f8c (0x03c1d433) divu    s0, gp, t3
core   0: 3 0x80000f8c (0x03c1d433) x 8 0xffffffff
core   0: 0x80000f90 (0x00009afd) c.andi  a3, -1
core   0: 3 0x80000f90 (0x9afd) x13 0x00000000
core   0: 0x80000f92 (0x805ccbb7) lui     s7, 0x805cc
core   0: 3 0x80000f92 (0x805ccbb7) x23 0x805cc000
core   0: 0x80000f96 (0x00d673b3) and     t2, a2, a3
core   0: 3 0x80000f96 (0x00d673b3) x 7 0x00000000
core   0: 0x80000f9a (0x40d0d1b3) sra     gp, ra, a3
core   0: 3 0x80000f9a (0x40d0d1b3) x 3 0xfffffffe
core   0: 0x80000f9e (0x00008e0d) c.sub   a2, a1
core   0: 3 0x80000f9e (0x8e0d) x12 0x00000000
core   0: 0x80000fa0 (0x000068e5) c.lui   a7, 0x19
core   0: 3 0x80000fa0 (0x68e5) x17 0x00019000
core   0: 0x80000fa2 (0x0169f633) and     a2, s3, s6
core   0: 3 0x80000fa2 (0x0169f633) x12 0x80000000
core   0: 0x80000fa6 (0x02e36b33) rem     s6, t1, a4
core   0: 3 0x80000fa6 (0x02e36b33) x22 0xffff27e0
core   0: 0x80000faa (0x03193f33) mulhu   t5, s2, a7
core   0: 3 0x80000faa (0x03193f33) x30 0x00000a10
core   0: 0x80000fae (0x00008e86) c.mv    t4, ra
core   0: 3 0x80000fae (0x8e86) x29 0xfffffffe
core   0: 0x80000fb0 (0x01e8da13) srli    s4, a7, 30
core   0: 3 0x80000fb0 (0x01e8da13) x20 0x00000000
core   0: 0x80000fb4 (0x007141b3) xor     gp, sp, t2
core   0: 3 0x80000fb4 (0x007141b3) x 3 0x80013ce4
core   0: 0x80000fb8 (0x0358beb3) mulhu   t4, a7, s5
core   0: 3 0x80000fb8 (0x0358beb3) x29 0x0000c7fe
core   0: 0x80000fbc (0x00008d1d) c.sub   a0, a5
core   0: 3 0x80000fbc (0x8d1d) x10 0xffffffe1
core   0: 0x80000fbe (0x0143ce33) xor     t3, t2, s4
core   0: 3 0x80000fbe (0x0143ce33) x28 0x00000000
core   0: 0x80000fc2 (0x00008e15) c.sub   a2, a3
core   0: 3 0x80000fc2 (0x8e15) x12 0x80000000
core   0: 0x80000fc4 (0x000016fd) c.addi  a3, -1
core   0: 3 0x80000fc4 (0x16fd) x13 0xffffffff
core   0: 0x80000fc6 (0x00009c32) c.add   s8, a2
core   0: 3 0x80000fc6 (0x9c32) x24 0x80017000
core   0: 0x80000fc8 (0x018548b3) xor     a7, a0, s8
core   0: 3 0x80000fc8 (0x018548b3) x17 0x7ffe8fe1
core   0: 0x80000fcc (0x02298a33) mul     s4, s3, sp
core   0: 3 0x80000fcc (0x02298a33) x20 0xfffd8638
core   0: 0x80000fd0 (0x00008cc1) c.or    s1, s0
core   0: 3 0x80000fd0 (0x8cc1) x 9 0xffffffff
core   0: 0x80000fd2 (0x00008d55) c.or    a0, a3
core   0: 3 0x80000fd2 (0x8d55) x10 0xffffffff
core   0: 0x80000fd4 (0x00000001) c.nop
core   0: 3 0x80000fd4 (0x0001)
core   0: 0x80000fd6 (0x65f2ac93) slti    s9, t0, 1631
core   0: 3 0x80000fd6 (0x65f2ac93) x25 0x00000001
core   0: 0x80000fda (0x30cbbb93) sltiu   s7, s7, 780
core   0: 3 0x80000fda (0x30cbbb93) x23 0x00000000
core   0: 0x80000fde (0x00009d32) c.add   s10, a2
core   0: 3 0x80000fde (0x9d32) x26 0x80000000
core   0: 0x80000fe0 (0x4741ab93) slti    s7, gp, 1140
core   0: 3 0x80000fe0 (0x4741ab93) x23 0x00000001
core   0: 0x80000fe4 (0x02e1ef33) rem     t5, gp, a4
core   0: 3 0x80000fe4 (0x02e1ef33) x30 0x80013ce4
core   0: 0x80000fe8 (0x01f772b3) and     t0, a4, t6
core   0: 3 0x80000fe8 (0x01f772b3) x 5 0x00000000
core   0: 0x80000fec (0x01713033) sltu    zero, sp, s7
core   0: 3 0x80000fec (0x01713033)
core   0: 0x80000ff0 (0x00a965b3) or      a1, s2, a0
core   0: 3 0x80000ff0 (0x00a965b3) x11 0xffffffff
core   0: 0x80000ff4 (0x41695533) sra     a0, s2, s6
core   0: 3 0x80000ff4 (0x41695533) x10 0x0670fd20
core   0: 0x80000ff8 (0x4127d533) sra     a0, a5, s2
core   0: 3 0x80000ff8 (0x4127d533) x10 0x0000001f
core   0: 0x80000ffc (0x01218eb3) add     t4, gp, s2
core   0: 3 0x80000ffc (0x01218eb3) x29 0x86723a04
core   0: 0x80001000 (0x021e00b3) mul     ra, t3, ra
core   0: 3 0x80001000 (0x021e00b3) x 1 0x00000000
core   0: 0x80001004 (0x010e2033) slt     zero, t3, a6
core   0: 3 0x80001004 (0x010e2033)
core   0: 0x80001008 (0x039bdfb3) divu    t6, s7, s9
core   0: 3 0x80001008 (0x039bdfb3) x31 0x00000001
core   0: 0x8000100c (0x003fafb3) slt     t6, t6, gp
core   0: 3 0x8000100c (0x003fafb3) x31 0x00000000
core   0: 0x80001010 (0xd58e2493) slti    s1, t3, -680
core   0: 3 0x80001010 (0xd58e2493) x 9 0x00000000
core   0: 0x80001014 (0x436931b7) lui     gp, 0x43693
core   0: 3 0x80001014 (0x436931b7) x 3 0x43693000
core   0: 0x80001018 (0xdbce8f13) addi    t5, t4, -580
core   0: 3 0x80001018 (0xdbce8f13) x30 0x867237c0
core   0: 0x8000101c (0x00008fa1) c.xor   a5, s0
core   0: 3 0x8000101c (0x8fa1) x15 0xffffffe0
core   0: 0x8000101e (0x0a08ef13) ori     t5, a7, 160
core   0: 3 0x8000101e (0x0a08ef13) x30 0x7ffe8fe1
core   0: 0x80001022 (0x032e3a33) mulhu   s4, t3, s2
core   0: 3 0x80001022 (0x032e3a33) x20 0x00000000
core   0: 0x80001026 (0x00000001) c.nop
core   0: 3 0x80001026 (0x0001)
core   0: 0x80001028 (0x00008ea9) c.xor   a3, a0
core   0: 3 0x80001028 (0x8ea9) x13 0xffffffe0
core   0: 0x8000102a (0x00bf9a33) sll     s4, t6, a1
core   0: 3 0x8000102a (0x00bf9a33) x20 0x00000000
core   0: 0x8000102e (0x0000850a) c.mv    a0, sp
core   0: 3 0x8000102e (0x850a) x10 0x80013ce4
core   0: 0x80001030 (0x00000001) c.nop
core   0: 3 0x80001030 (0x0001)
core   0: 0x80001032 (0xcce1c3b7) lui     t2, 0xcce1c
core   0: 3 0x80001032 (0xcce1c3b7) x 7 0xcce1c000
core   0: 0x80001036 (0x40785893) srai    a7, a6, 7
core   0: 3 0x80001036 (0x40785893) x17 0x00000060
core   0: 0x8000103a (0x40b851b3) sra     gp, a6, a1
core   0: 3 0x8000103a (0x40b851b3) x 3 0x00000000
core   0: 0x8000103e (0x41fc5533) sra     a0, s8, t6
core   0: 3 0x8000103e (0x41fc5533) x10 0x80017000
core   0: 0x80001042 (0x015e8bb3) add     s7, t4, s5
core   0: 3 0x80001042 (0x015e8bb3) x23 0x0670fd5e
core   0: 0x80001046 (0x00000001) c.nop
core   0: 3 0x80001046 (0x0001)
core   0: 0x80001048 (0x03803fb3) mulhu   t6, zero, s8
core   0: 3 0x80001048 (0x03803fb3) x31 0x00000000
core   0: 0x8000104c (0x00008e51) c.or    a2, a2
core   0: 3 0x8000104c (0x8e51) x12 0x80000000
core   0: 0x8000104e (0x03ff2ab3) mulhsu  s5, t5, t6
core   0: 3 0x8000104e (0x03ff2ab3) x21 0x00000000
core   0: 0x80001052 (0x00d6af33) slt     t5, a3, a3
core   0: 3 0x80001052 (0x00d6af33) x30 0x00000000
core   0: 0x80001056 (0x00006f39) c.lui   t5, 0xe
core   0: 3 0x80001056 (0x6f39) x30 0x0000e000
core   0: 0x80001058 (0x000099de) c.add   s3, s7
core   0: 3 0x80001058 (0x99de) x19 0x0670fd5c
core   0: 0x8000105a (0x00ee3a33) sltu    s4, t3, a4
core   0: 3 0x8000105a (0x00ee3a33) x20 0x00000001
core   0: 0x8000105e (0x01a68a33) add     s4, a3, s10
core   0: 3 0x8000105e (0x01a68a33) x20 0x7fffffe0
core   0: 0x80001062 (0x000047d5) c.li    a5, 21
core   0: 3 0x80001062 (0x47d5) x15 0x00000015
core   0: 0x80001064 (0x00009cee) c.add   s9, s11
core   0: 3 0x80001064 (0x9cee) x25 0x80000001
core   0: 0x80001066 (0x648e8893) addi    a7, t4, 1608
core   0: 3 0x80001066 (0x648e8893) x17 0x8672404c
core   0: 0x8000106a (0x403b09b3) sub     s3, s6, gp
core   0: 3 0x8000106a (0x403b09b3) x19 0xffff27e0
core   0: 0x8000106e (0x00000001) c.nop
core   0: 3 0x8000106e (0x0001)
core   0: 0x80001070 (0x41a38ab3) sub     s5, t2, s10
core   0: 3 0x80001070 (0x41a38ab3) x21 0x4ce1c000
core   0: 0x80001074 (0x00000001) c.nop
core   0: 3 0x80001074 (0x0001)
core   0: 0x80001076 (0x0000890d) c.andi  a0, 3
core   0: 3 0x80001076 (0x890d) x10 0x00000000
core   0: 0x80001078 (0x01d5c0b3) xor     ra, a1, t4
core   0: 3 0x80001078 (0x01d5c0b3) x 1 0x798dc5fb
core   0: 0x8000107c (0x5b123813) sltiu   a6, tp, 1457
core   0: 3 0x8000107c (0x5b123813) x16 0x00000001
core   0: 0x80001080 (0x03bffa33) remu    s4, t6, s11
core   0: 3 0x80001080 (0x03bffa33) x20 0x00000000
core   0: 0x80001084 (0x40675c93) srai    s9, a4, 6
core   0: 3 0x80001084 (0x40675c93) x25 0xfe0003f9
core   0: 0x80001088 (0x01680eb3) add     t4, a6, s6
core   0: 3 0x80001088 (0x01680eb3) x29 0xffff27e1
core   0: 0x8000108c (0x00008901) c.andi  a0, 0
core   0: 3 0x8000108c (0x8901) x10 0x00000000
core   0: 0x8000108e (0x00008db1) c.xor   a1, a2
core   0: 3 0x8000108e (0x8db1) x11 0x7fffffff
core   0: 0x80001090 (0xdf6f7237) lui     tp, 0xdf6f7
core   0: 3 0x80001090 (0xdf6f7237) x 4 0xdf6f7000
core   0: 0x80001094 (0x41b407b3) sub     a5, s0, s11
core   0: 3 0x80001094 (0x41b407b3) x15 0x7fffffff
core   0: 0x80001098 (0x035e29b3) mulhsu  s3, t3, s5
core   0: 3 0x80001098 (0x035e29b3) x19 0x00000000
core   0: 0x8000109c (0x0307a5b3) mulhsu  a1, a5, a6
core   0: 3 0x8000109c (0x0307a5b3) x11 0x00000000
core   0: 0x800010a0 (0x9f534517) auipc   a0, 0x9f534
core   0: 3 0x800010a0 (0x9f534517) x10 0x1f5350a0
core   0: 0x800010a4 (0xfcb985b7) lui     a1, 0xfcb98
core   0: 3 0x800010a4 (0xfcb985b7) x11 0xfcb98000
core   0: 0x800010a8 (0x00000001) c.nop
core   0: 3 0x800010a8 (0x0001)
core   0: 0x800010aa (0x008589b3) add     s3, a1, s0
core   0: 3 0x800010aa (0x008589b3) x19 0xfcb97fff
core   0: 0x800010ae (0xc34b6293) ori     t0, s6, -972
core   0: 3 0x800010ae (0xc34b6293) x 5 0xfffffff4
core   0: 0x800010b2 (0x0db4a813) slti    a6, s1, 219
core   0: 3 0x800010b2 (0x0db4a813) x16 0x00000001
core   0: 0x800010b6 (0x00000001) c.nop
core   0: 3 0x800010b6 (0x0001)
core   0: 0x800010b8 (0xbf20f993) andi    s3, ra, -1038
core   0: 3 0x800010b8 (0xbf20f993) x19 0x798dc1f2
core   0: 0x800010bc (0x03c404b3) mul     s1, s0, t3
core   0: 3 0x800010bc (0x03c404b3) x 9 0x00000000
core   0: 0x800010c0 (0x00008e01) c.sub   a2, s0
core   0: 3 0x800010c0 (0x8e01) x12 0x80000001
core   0: 0x800010c2 (0x00006491) c.lui   s1, 0x4
core   0: 3 0x800010c2 (0x6491) x 9 0x00004000
core   0: 0x800010c4 (0x01291533) sll     a0, s2, s2
core   0: 3 0x800010c4 (0x01291533) x10 0x0670fd20
core   0: 0x800010c8 (0x03d33333) mulhu   t1, t1, t4
core   0: 3 0x800010c8 (0x03d33333) x 6 0xfffe4fc1
core   0: 0x800010cc (0x00008f95) c.sub   a5, a3
core   0: 3 0x800010cc (0x8f95) x15 0x8000001f
core   0: 0x800010ce (0x00000001) c.nop
core   0: 3 0x800010ce (0x0001)
core   0: 0x800010d0 (0xbcb44a93) xori    s5, s0, -1077
core   0: 3 0x800010d0 (0xbcb44a93) x21 0x00000434
core   0: 0x800010d4 (0xb3ff9097) auipc   ra, 0xb3ff9
core   0: 3 0x800010d4 (0xb3ff9097) x 1 0x33ffa0d4
core   0: 0x800010d8 (0x02dc21b3) mulhsu  gp, s8, a3
core   0: 3 0x800010d8 (0x02dc21b3) x 3 0x8001700f
core   0: 0x800010dc (0x00008eca) c.mv    t4, s2
core   0: 3 0x800010dc (0x8eca) x29 0x0670fd20
core   0: 0x800010de (0x41825f93) srai    t6, tp, 24
core   0: 3 0x800010de (0x41825f93) x31 0xffffffdf
core   0: 0x800010e2 (0x44b8e913) ori     s2, a7, 1099
core   0: 3 0x800010e2 (0x44b8e913) x18 0x8672444f
core   0: 0x800010e6 (0x00000001) c.nop
core   0: 3 0x800010e6 (0x0001)
core   0: 0x800010e8 (0x20df0613) addi    a2, t5, 525
core   0: 3 0x800010e8 (0x20df0613) x12 0x0000e20d
core   0: 0x800010ec (0x000083cd) c.srli  a5, 19
core   0: 3 0x800010ec (0x83cd) x15 0x00001000
core   0: 0x800010ee (0x000087dd) c.srai  a5, 23
core   0: 3 0x800010ee (0x87dd) x15 0x00000000
core   0: 0x800010f0 (0x88530e13) addi    t3, t1, -1915
core   0: 3 0x800010f0 (0x88530e13) x28 0xfffe4846
core   0: 0x800010f4 (0x463af613) andi    a2, s5, 1123
core   0: 3 0x800010f4 (0x463af613) x12 0x00000420
core   0: 0x800010f8 (0x41b40a33) sub     s4, s0, s11
core   0: 3 0x800010f8 (0x41b40a33) x20 0x7fffffff
core   0: 0x800010fc (0x01dfe033) or      zero, t6, t4
core   0: 3 0x800010fc (0x01dfe033)
core   0: 0x80001100 (0x00000001) c.nop
core   0: 3 0x80001100 (0x0001)
core   0: 0x80001102 (0x00583d33) sltu    s10, a6, t0
core   0: 3 0x80001102 (0x00583d33) x26 0x00000001
core   0: 0x80001106 (0x00001b7d) c.addi  s6, -1
core   0: 3 0x80001106 (0x1b7d) x22 0xffff27df
core   0: 0x80001108 (0x00004eb5) c.li    t4, 13
core   0: 3 0x80001108 (0x4eb5) x29 0x0000000d
core   0: 0x8000110a (0x00008e21) c.xor   a2, s0
core   0: 3 0x8000110a (0x8e21) x12 0xfffffbdf
core   0: 0x8000110c (0x00000001) c.nop
core   0: 3 0x8000110c (0x0001)
core   0: 0x8000110e (0x3a3aa9b7) lui     s3, 0x3a3aa
core   0: 3 0x8000110e (0x3a3aa9b7) x19 0x3a3aa000
core   0: 0x80001112 (0x007953b3) srl     t2, s2, t2
core   0: 3 0x80001112 (0x007953b3) x 7 0x8672444f
core   0: 0x80001116 (0x00008c6d) c.and   s0, a1
core   0: 3 0x80001116 (0x8c6d) x 8 0xfcb98000
core   0: 0x80001118 (0x0dbbf697) auipc   a3, 0xdbbf
core   0: 3 0x80001118 (0x0dbbf697) x13 0x8dbc0118
core   0: 0x8000111c (0x000084e1) c.srai  s1, 24
core   0: 3 0x8000111c (0x84e1) x 9 0x00000000
core   0: 0x8000111e (0x00006e75) c.lui   t3, 0x1d
core   0: 3 0x8000111e (0x6e75) x28 0x0001d000
core   0: 0x80001120 (0x03e598b3) mulh    a7, a1, t5
core   0: 3 0x80001120 (0x03e598b3) x17 0xfffffd22
core   0: 0x80001124 (0x03da38b3) mulhu   a7, s4, t4
core   0: 3 0x80001124 (0x03da38b3) x17 0x00000006
core   0: 0x80001128 (0xabd32a13) slti    s4, t1, -1347
core   0: 3 0x80001128 (0xabd32a13) x20 0x00000001
core   0: 0x8000112c (0x00008e15) c.sub   a2, a3
core   0: 3 0x8000112c (0x8e15) x12 0x7243fac7
core   0: 0x8000112e (0x16412c13) slti    s8, sp, 356
core   0: 3 0x8000112e (0x16412c13) x24 0x00000001
core   0: 0x80001132 (0x00008292) c.mv    t0, tp
core   0: 3 0x80001132 (0x8292) x 5 0xdf6f7000
core   0: 0x80001134 (0x003ad233) srl     tp, s5, gp
core   0: 3 0x80001134 (0x003ad233) x 4 0x00000000
core   0: 0x80001138 (0x00008239) c.srli  a2, 14
core   0: 3 0x80001138 (0x8239) x12 0x0001c90f
core   0: 0x8000113a (0x6efc6613) ori     a2, s8, 1775
core   0: 3 0x8000113a (0x6efc6613) x12 0x000006ef
core   0: 0x8000113e (0x0000954e) c.add   a0, s3
core   0: 3 0x8000113e (0x954e) x10 0x40ab9d20
core   0: 0x80001140 (0x0305f333) remu    t1, a1, a6
core   0: 3 0x80001140 (0x0305f333) x 6 0x00000000
core   0: 0x80001144 (0x41aa81b3) sub     gp, s5, s10
core   0: 3 0x80001144 (0x41aa81b3) x 3 0x00000433
core   0: 0x80001148 (0x03a9a933) mulhsu  s2, s3, s10
core   0: 3 0x80001148 (0x03a9a933) x18 0x00000000
core   0: 0x8000114c (0x000097e2) c.add   a5, s8
core   0: 3 0x8000114c (0x97e2) x15 0x00000001
core   0: 0x8000114e (0xdbe02093) slti    ra, zero, -578
core   0: 3 0x8000114e (0xdbe02093) x 1 0x00000000
core   0: 0x80001152 (0x0048d633) srl     a2, a7, tp
core   0: 3 0x80001152 (0x0048d633) x12 0x00000006
core   0: 0x80001156 (0x0000885d) c.andi  s0, 23
core   0: 3 0x80001156 (0x885d) x 8 0x00000000
core   0: 0x80001158 (0x014b1033) sll     zero, s6, s4
core   0: 3 0x80001158 (0x014b1033)
core   0: 0x8000115c (0x00918f33) add     t5, gp, s1
core   0: 3 0x8000115c (0x00918f33) x30 0x00000433
core   0: 0x80001160 (0x035952b3) divu    t0, s2, s5
core   0: 3 0x80001160 (0x035952b3) x 5 0x00000000
core   0: 0x80001164 (0x00c6e433) or      s0, a3, a2
core   0: 3 0x80001164 (0x00c6e433) x 8 0x8dbc011e
core   0: 0x80001168 (0x03c9d5b3) divu    a1, s3, t3
core   0: 3 0x80001168 (0x03c9d5b3) x11 0x00002020
core   0: 0x8000116c (0x00004fc5) c.li    t6, 17
core   0: 3 0x8000116c (0x4fc5) x31 0x00000011
core   0: 0x8000116e (0x00000001) c.nop
core   0: 3 0x8000116e (0x0001)
core   0: 0x80001170 (0x00000001) c.nop
core   0: 3 0x80001170 (0x0001)
core   0: 0x80001172 (0x014f6093) ori     ra, t5, 20
core   0: 3 0x80001172 (0x014f6093) x 1 0x00000437
core   0: 0x80001176 (0x00008bd6) c.mv    s7, s5
core   0: 3 0x80001176 (0x8bd6) x23 0x00000434
core   0: 0x80001178 (0x008adf93) srli    t6, s5, 8
core   0: 3 0x80001178 (0x008adf93) x31 0x00000004
core   0: 0x8000117c (0x0000897a) c.mv    s2, t5
core   0: 3 0x8000117c (0x897a) x18 0x00000433
core   0: 0x8000117e (0x03ac08b3) mul     a7, s8, s10
core   0: 3 0x8000117e (0x03ac08b3) x17 0x00000001
core   0: 0x80001182 (0x00008a16) c.mv    s4, t0
core   0: 3 0x80001182 (0x8a16) x20 0x00000000
core   0: 0x80001184 (0x00000842) c.slli  a6, 16
core   0: 3 0x80001184 (0x0842) x16 0x00010000
core   0: 0x80001186 (0x01ae1293) slli    t0, t3, 26
core   0: 3 0x80001186 (0x01ae1293) x 5 0x00000000
core   0: 0x8000118a (0x36a20513) addi    a0, tp, 874
core   0: 3 0x8000118a (0x36a20513) x10 0x0000036a
core   0: 0x8000118e (0x02b361b3) rem     gp, t1, a1
core   0: 3 0x8000118e (0x02b361b3) x 3 0x00000000
core   0: 0x80001192 (0x00000f6a) c.slli  t5, 26
core   0: 3 0x80001192 (0x0f6a) x30 0xcc000000
core   0: 0x80001194 (0x00e7e2b3) or      t0, a5, a4
core   0: 3 0x80001194 (0x00e7e2b3) x 5 0x8000fe65
core   0: 0x80001198 (0x01e95f33) srl     t5, s2, t5
core   0: 3 0x80001198 (0x01e95f33) x30 0x00000433
core   0: 0x8000119c (0x00d71eb3) sll     t4, a4, a3
core   0: 3 0x8000119c (0x00d71eb3) x29 0x64000000
core   0: 0x800011a0 (0x01c4d333) srl     t1, s1, t3
core   0: 3 0x800011a0 (0x01c4d333) x 6 0x00000000
core   0: 0x800011a4 (0x00000001) c.nop
core   0: 3 0x800011a4 (0x0001)
core   0: 0x800011a6 (0x00b85b93) srli    s7, a6, 11
core   0: 3 0x800011a6 (0x00b85b93) x23 0x00000020
core   0: 0x800011aa (0x031baa33) mulhsu  s4, s7, a7
core   0: 3 0x800011aa (0x031baa33) x20 0x00000000
core   0: 0x800011ae (0x00f8fa33) and     s4, a7, a5
core   0: 3 0x800011ae (0x00f8fa33) x20 0x00000001
core   0: 0x800011b2 (0x000087cd) c.srai  a5, 19
core   0: 3 0x800011b2 (0x87cd) x15 0x00000000
core   0: 0x800011b4 (0x02a747b3) div     a5, a4, a0
core   0: 3 0x800011b4 (0x02a747b3) x15 0xffda8258
core   0: 0x800011b8 (0x00008d49) c.or    a0, a0
core   0: 3 0x800011b8 (0x8d49) x10 0x0000036a
core   0: 0x800011ba (0x03f975b3) remu    a1, s2, t6
core   0: 3 0x800011ba (0x03f975b3) x11 0x00000003
core   0: 0x800011be (0x00008e65) c.and   a2, s1
core   0: 3 0x800011be (0x8e65) x12 0x00000000
core   0: 0x800011c0 (0x0310ffb3) remu    t6, ra, a7
core   0: 3 0x800011c0 (0x0310ffb3) x31 0x00000000
core   0: 0x800011c4 (0x00008dbd) c.xor   a1, a5
core   0: 3 0x800011c4 (0x8dbd) x11 0xffda825b
core   0: 0x800011c6 (0x00008e51) c.or    a2, a2
core   0: 3 0x800011c6 (0x8e51) x12 0x00000000
core   0: 0x800011c8 (0x010c32b3) sltu    t0, s8, a6
core   0: 3 0x800011c8 (0x010c32b3) x 5 0x00000001
core   0: 0x800011cc (0x00142ab3) slt     s5, s0, ra
core   0: 3 0x800011cc (0x00142ab3) x21 0x00000001
core   0: 0x800011d0 (0x000089ae) c.mv    s3, a1
core   0: 3 0x800011d0 (0x89ae) x19 0xffda825b
core   0: 0x800011d2 (0x5829f0b7) lui     ra, 0x5829f
core   0: 3 0x800011d2 (0x5829f0b7) x 1 0x5829f000
core   0: 0x800011d6 (0x01abfcb3) and     s9, s7, s10
core   0: 3 0x800011d6 (0x01abfcb3) x25 0x00000000
core   0: 0x800011da (0xceab7513) andi    a0, s6, -790
core   0: 3 0x800011da (0xceab7513) x10 0xffff24ca
core   0: 0x800011de (0x00009a7d) c.andi  a2, -1
core   0: 3 0x800011de (0x9a7d) x12 0x00000000
core   0: 0x800011e0 (0xb69ca397) auipc   t2, 0xb69ca
core   0: 3 0x800011e0 (0xb69ca397) x 7 0x369cb1e0
core   0: 0x800011e4 (0x0000953e) c.add   a0, a5
core   0: 3 0x800011e4 (0x953e) x10 0xffd9a722
core   0: 0x800011e6 (0x18192793) slti    a5, s2, 385
core   0: 3 0x800011e6 (0x18192793) x15 0x00000000
core   0: 0x800011ea (0x00908633) add     a2, ra, s1
core   0: 3 0x800011ea (0x00908633) x12 0x5829f000
core   0: 0x800011ee (0x00008799) c.srai  a5, 6
core   0: 3 0x800011ee (0x8799) x15 0x00000000
core   0: 0x800011f0 (0x02b23c33) mulhu   s8, tp, a1
core   0: 3 0x800011f0 (0x02b23c33) x24 0x00000000
core   0: 0x800011f4 (0x402fd5b3) sra     a1, t6, sp
core   0: 3 0x800011f4 (0x402fd5b3) x11 0x00000000
core   0: 0x800011f8 (0x1e82e997) auipc   s3, 0x1e82e
core   0: 3 0x800011f8 (0x1e82e997) x19 0x9e82f1f8
core   0: 0x800011fc (0x2237a093) slti    ra, a5, 547
core   0: 3 0x800011fc (0x2237a093) x 1 0x00000001
core   0: 0x80001200 (0x02f307b3) mul     a5, t1, a5
core   0: 3 0x80001200 (0x02f307b3) x15 0x00000000
core   0: 0x80001204 (0x02ee28b3) mulhsu  a7, t3, a4
core   0: 3 0x80001204 (0x02ee28b3) x17 0x0000e801
core   0: 0x80001208 (0x019f1a13) slli    s4, t5, 25
core   0: 3 0x80001208 (0x019f1a13) x20 0x66000000
core   0: 0x8000120c (0x02828b33) mul     s6, t0, s0
core   0: 3 0x8000120c (0x02828b33) x22 0x8dbc011e
core   0: 0x80001210 (0x00000001) c.nop
core   0: 3 0x80001210 (0x0001)
core   0: 0x80001212 (0x00008d79) c.and   a0, a4
core   0: 3 0x80001212 (0x8d79) x10 0x8000a620
core   0: 0x80001214 (0x0000030e) c.slli  t1, 3
core   0: 3 0x80001214 (0x030e) x 6 0x00000000
core   0: 0x80001216 (0x41c58e33) sub     t3, a1, t3
core   0: 3 0x80001216 (0x41c58e33) x28 0xfffe3000
core   0: 0x8000121a (0x03aa7933) remu    s2, s4, s10
core   0: 3 0x8000121a (0x03aa7933) x18 0x00000000
core   0: 0x8000121e (0x000098fd) c.andi  s1, -1
core   0: 3 0x8000121e (0x98fd) x 9 0x00000000
core   0: 0x80001220 (0x00008e21) c.xor   a2, s0
core   0: 3 0x80001220 (0x8e21) x12 0xd595f11e
core   0: 0x80001222 (0x00008e49) c.or    a2, a0
core   0: 3 0x80001222 (0x8e49) x12 0xd595f73e
core   0: 0x80001224 (0x03a25fb3) divu    t6, tp, s10
core   0: 3 0x80001224 (0x03a25fb3) x31 0x00000000
core   0: 0x80001228 (0x00008ee1) c.and   a3, s0
core   0: 3 0x80001228 (0x8ee1) x13 0x8dbc0118
core   0: 0x8000122a (0x3ef5eb93) ori     s7, a1, 1007
core   0: 3 0x8000122a (0x3ef5eb93) x23 0x000003ef
core   0: 0x8000122e (0x00005afd) c.li    s5, -1
core   0: 3 0x8000122e (0x5afd) x21 0xffffffff
core   0: 0x80001230 (0x992de617) auipc   a2, 0x992de
core   0: 3 0x80001230 (0x992de617) x12 0x192df230
core   0: 0x80001234 (0x00008e21) c.xor   a2, s0
core   0: 3 0x80001234 (0x8e21) x12 0x9491f32e
core   0: 0x80001236 (0x00d4a4b3) slt     s1, s1, a3
core   0: 3 0x80001236 (0x00d4a4b3) x 9 0x00000000
core   0: 0x8000123a (0x000005de) c.slli  a1, 23
core   0: 3 0x8000123a (0x05de) x11 0x00000000
core   0: 0x8000123c (0x023c6e33) rem     t3, s8, gp
core   0: 3 0x8000123c (0x023c6e33) x28 0x00000000
core   0: 0x80001240 (0x41e85b93) srai    s7, a6, 30
core   0: 3 0x80001240 (0x41e85b93) x23 0x00000000
core   0: 0x80001244 (0x00008c09) c.sub   s0, a0
core   0: 3 0x80001244 (0x8c09) x 8 0x0dbb5afe
core   0: 0x80001246 (0x371b2593) slti    a1, s6, 881
core   0: 3 0x80001246 (0x371b2593) x11 0x00000001
core   0: 0x8000124a (0x000061f9) c.lui   gp, 0x1e
core   0: 3 0x8000124a (0x61f9) x 3 0x0001e000
core   0: 0x8000124c (0x00006345) c.lui   t1, 0x11
core   0: 3 0x8000124c (0x6345) x 6 0x00011000
core   0: 0x8000124e (0x00008f99) c.sub   a5, a4
core   0: 3 0x8000124e (0x8f99) x15 0x7fff019c
core   0: 0x80001250 (0x00008f99) c.sub   a5, a4
core   0: 3 0x80001250 (0x8f99) x15 0xfffe0338
core   0: 0x80001252 (0x00009a9a) c.add   s5, t1
core   0: 3 0x80001252 (0x9a9a) x21 0x00010fff
core   0: 0x80001254 (0x41a58d33) sub     s10, a1, s10
core   0: 3 0x80001254 (0x41a58d33) x26 0x00000000
core   0: 0x80001258 (0x0a14e213) ori     tp, s1, 161
core   0: 3 0x80001258 (0x0a14e213) x 4 0x000000a1
core   0: 0x8000125c (0x0000853d) c.srai  a0, 15
core   0: 3 0x8000125c (0x853d) x10 0xffff0001
core   0: 0x8000125e (0x00008c79) c.and   s0, a4
core   0: 3 0x8000125e (0x8c79) x 8 0x00005a64
core   0: 0x80001260 (0x00bf7fb3) and     t6, t5, a1
core   0: 3 0x80001260 (0x00bf7fb3) x31 0x00000001
core   0: 0x80001264 (0xd5c2a337) lui     t1, 0xd5c2a
core   0: 3 0x80001264 (0xd5c2a337) x 6 0xd5c2a000
core   0: 0x80001268 (0x0000961e) c.add   a2, t2
core   0: 3 0x80001268 (0x961e) x12 0xcb2ea50e
core   0: 0x8000126a (0x03561933) mulh    s2, a2, s5
core   0: 3 0x8000126a (0x03561933) x18 0xffffc7e1
core   0: 0x8000126e (0x02ee6333) rem     t1, t3, a4
core   0: 3 0x8000126e (0x02ee6333) x 6 0x00000000
core   0: 0x80001272 (0x125efb93) andi    s7, t4, 293
core   0: 3 0x80001272 (0x125efb93) x23 0x00000000
core   0: 0x80001276 (0x00008c79) c.and   s0, a4
core   0: 3 0x80001276 (0x8c79) x 8 0x00005a64
core   0: 0x80001278 (0x0000856d) c.srai  a0, 27
core   0: 3 0x80001278 (0x856d) x10 0xffffffff
core   0: 0x8000127a (0x01ef0533) add     a0, t5, t5
core   0: 3 0x8000127a (0x01ef0533) x10 0x00000866
core   0: 0x8000127e (0x000087d9) c.srai  a5, 22
core   0: 3 0x8000127e (0x87d9) x15 0xffffffff
core   0: 0x80001280 (0x017fc9b3) xor     s3, t6, s7
core   0: 3 0x80001280 (0x017fc9b3) x19 0x00000001
core   0: 0x80001284 (0x01665e13) srli    t3, a2, 22
core   0: 3 0x80001284 (0x01665e13) x28 0x0000032c
core   0: 0x80001288 (0x0045ad33) slt     s10, a1, tp
core   0: 3 0x80001288 (0x0045ad33) x26 0x00000001
core   0: 0x8000128c (0x00008fad) c.xor   a5, a1
core   0: 3 0x8000128c (0x8fad) x15 0xfffffffe
core   0: 0x8000128e (0x00ed94b3) sll     s1, s11, a4
core   0: 3 0x8000128e (0x00ed94b3) x 9 0x00000000
core   0: 0x80001292 (0x40968ab3) sub     s5, a3, s1
core   0: 3 0x80001292 (0x40968ab3) x21 0x8dbc0118
core   0: 0x80001296 (0x03431533) mulh    a0, t1, s4
core   0: 3 0x80001296 (0x03431533) x10 0x00000000
core   0: 0x8000129a (0x80000f37) lui     t5, 0x80000
core   0: 3 0x8000129a (0x80000f37) x30 0x80000000
core   0: 0x8000129e (0x80000937) lui     s2, 0x80000
core   0: 3 0x8000129e (0x80000937) x18 0x80000000
core   0: 0x800012a2 (0x00004b01) c.li    s6, 0
core   0: 3 0x800012a2 (0x4b01) x22 0x00000000
core   0: 0x800012a4 (0x00004481) c.li    s1, 0
core   0: 3 0x800012a4 (0x4481) x 9 0x00000000
core   0: 0x800012a6 (0x80000337) lui     t1, 0x80000
core   0: 3 0x800012a6 (0x80000337) x 6 0x80000000
core   0: 0x800012aa (0x800009b7) lui     s3, 0x80000
core   0: 3 0x800012aa (0x800009b7) x19 0x80000000
core   0: 0x800012ae (0x800007b7) lui     a5, 0x80000
core   0: 3 0x800012ae (0x800007b7) x15 0x80000000
core   0: 0x800012b2 (0x00004a01) c.li    s4, 0
core   0: 3 0x800012b2 (0x4a01) x20 0x00000000
core   0: 0x800012b4 (0x9868f0b7) lui     ra, 0x9868f
core   0: 3 0x800012b4 (0x9868f0b7) x 1 0x9868f000
core   0: 0x800012b8 (0x01308093) addi    ra, ra, 19
core   0: 3 0x800012b8 (0x01308093) x 1 0x9868f013
core   0: 0x800012bc (0x073cb8b7) lui     a7, 0x73cb
core   0: 3 0x800012bc (0x073cb8b7) x17 0x073cb000
core   0: 0x800012c0 (0xc3388893) addi    a7, a7, -973
core   0: 3 0x800012c0 (0xc3388893) x17 0x073cac33
core   0: 0x800012c4 (0x0328bf33) mulhu   t5, a7, s2
core   0: 3 0x800012c4 (0x0328bf33) x30 0x039e5619
core   0: 0x800012c8 (0xc1e3ba37) lui     s4, 0xc1e3b
core   0: 3 0x800012c8 (0xc1e3ba37) x20 0xc1e3b000
core   0: 0x800012cc (0x0267ef33) rem     t5, a5, t1
core   0: 3 0x800012cc (0x0267ef33) x30 0x00000000
core   0: 0x800012d0 (0x00178a33) add     s4, a5, ra
core   0: 3 0x800012d0 (0x00178a33) x20 0x1868f013
core   0: 0x800012d4 (0x03eb19b3) mulh    s3, s6, t5
core   0: 3 0x800012d4 (0x03eb19b3) x19 0x00000000
core   0: 0x800012d8 (0x01388333) add     t1, a7, s3
core   0: 3 0x800012d8 (0x01388333) x 6 0x073cac33
core   0: 0x800012dc (0x029317b3) mulh    a5, t1, s1
core   0: 3 0x800012dc (0x029317b3) x15 0x00000000
core   0: 0x800012e0 (0x412488b3) sub     a7, s1, s2
core   0: 3 0x800012e0 (0x412488b3) x17 0x80000000
core   0: 0x800012e4 (0x0320b8b3) mulhu   a7, ra, s2
core   0: 3 0x800012e4 (0x0320b8b3) x17 0x4c347809
core   0: 0x800012e8 (0xd8248793) addi    a5, s1, -638
core   0: 3 0x800012e8 (0xd8248793) x15 0xfffffd82
core   0: 0x800012ec (0x02f894b3) mulh    s1, a7, a5
core   0: 3 0x800012ec (0x02f894b3) x 9 0xffffff42
core   0: 0x800012f0 (0x413488b3) sub     a7, s1, s3
core   0: 3 0x800012f0 (0x413488b3) x17 0xffffff42
core   0: 0x800012f4 (0x1e048893) addi    a7, s1, 480
core   0: 3 0x800012f4 (0x1e048893) x17 0x00000122
core   0: 0x800012f8 (0x0294a4b3) mulhsu  s1, s1, s1
core   0: 3 0x800012f8 (0x0294a4b3) x 9 0xffffff42
core   0: 0x800012fc (0xcab58317) auipc   t1, 0xcab58
core   0: 3 0x800012fc (0xcab58317) x 6 0x4ab592fc
core   0: 0x80001300 (0x03133333) mulhu   t1, t1, a7
core   0: 3 0x80001300 (0x03133333) x 6 0x00000054
core   0: 0x80001304 (0x37526917) auipc   s2, 0x37526
core   0: 3 0x80001304 (0x37526917) x18 0xb7527304
core   0: 0x80001308 (0x0360b4b3) mulhu   s1, ra, s6
core   0: 3 0x80001308 (0x0360b4b3) x 9 0x00000000
core   0: 0x8000130c (0x034a20b3) mulhsu  ra, s4, s4
core   0: 3 0x8000130c (0x034a20b3) x 1 0x0253d807
core   0: 0x80001310 (0x0269d9b3) divu    s3, s3, t1
core   0: 3 0x80001310 (0x0269d9b3) x19 0x00000000
core   0: 0x80001314 (0x0369f8b3) remu    a7, s3, s6
core   0: 3 0x80001314 (0x0369f8b3) x17 0x00000000
core   0: 0x80001318 (0x69778093) addi    ra, a5, 1687
core   0: 3 0x80001318 (0x69778093) x 1 0x00000419
core   0: 0x8000131c (0x0367df33) divu    t5, a5, s6
core   0: 3 0x8000131c (0x0367df33) x30 0xffffffff
core   0: 0x80001320 (0x02fa20b3) mulhsu  ra, s4, a5
core   0: 3 0x80001320 (0x02fa20b3) x 1 0x1868efd6
core   0: 0x80001324 (0x011f0a33) add     s4, t5, a7
core   0: 3 0x80001324 (0x011f0a33) x20 0xffffffff
core   0: 0x80001328 (0x414a0a33) sub     s4, s4, s4
core   0: 3 0x80001328 (0x414a0a33) x20 0x00000000
core   0: 0x8000132c (0x41298b33) sub     s6, s3, s2
core   0: 3 0x8000132c (0x41298b33) x22 0x48ad8cfc
core   0: 0x80001330 (0x03349933) mulh    s2, s1, s3
core   0: 3 0x80001330 (0x03349933) x18 0x00000000
core   0: 0x80001334 (0x02f9d933) divu    s2, s3, a5
core   0: 3 0x80001334 (0x02f9d933) x18 0x00000000
core   0: 0x80001338 (0x00008622) c.mv    a2, s0
core   0: 3 0x80001338 (0x8622) x12 0x00005a64
core   0: 0x8000133a (0x032530b3) mulhu   ra, a0, s2
core   0: 3 0x8000133a (0x032530b3) x 1 0x00000000
core   0: 0x8000133e (0xe4af6297) auipc   t0, 0xe4af6
core   0: 3 0x8000133e (0xe4af6297) x 5 0x64af733e
core   0: 0x80001342 (0x00008a26) c.mv    s4, s1
core   0: 3 0x80001342 (0x8a26) x20 0x00000000
core   0: 0x80001344 (0xdc060593) addi    a1, a2, -576
core   0: 3 0x80001344 (0xdc060593) x11 0x00005824
core   0: 0x80001348 (0x8e4be997) auipc   s3, 0x8e4be
core   0: 3 0x80001348 (0x8e4be997) x19 0x0e4bf348
core   0: 0x8000134c (0x00008ad2) c.mv    s5, s4
core   0: 3 0x8000134c (0x8ad2) x21 0x00000000
core   0: 0x8000134e (0xf960cd13) xori    s10, ra, -106
core   0: 3 0x8000134e (0xf960cd13) x26 0xffffff96
core   0: 0x80001352 (0x00000e12) c.slli  t3, 4
core   0: 3 0x80001352 (0x0e12) x28 0x000032c0
core   0: 0x80001354 (0x00008ee5) c.and   a3, s1
core   0: 3 0x80001354 (0x8ee5) x13 0x00000000
core   0: 0x80001356 (0x412d5613) srai    a2, s10, 18
core   0: 3 0x80001356 (0x412d5613) x12 0xffffffff
core   0: 0x8000135a (0x0111b233) sltu    tp, gp, a7
core   0: 3 0x8000135a (0x0111b233) x 4 0x00000000
core   0: 0x8000135e (0x02b95fb3) divu    t6, s2, a1
core   0: 3 0x8000135e (0x02b95fb3) x31 0x00000000
core   0: 0x80001362 (0x000083e9) c.srli  a5, 26
core   0: 3 0x80001362 (0x83e9) x15 0x0000003f
core   0: 0x80001364 (0x031f8d33) mul     s10, t6, a7
core   0: 3 0x80001364 (0x031f8d33) x26 0x00000000
core   0: 0x80001368 (0x00000842) c.slli  a6, 16
core   0: 3 0x80001368 (0x0842) x16 0x00000000
core   0: 0x8000136a (0x018771b3) and     gp, a4, s8
core   0: 3 0x8000136a (0x018771b3) x 3 0x00000000
core   0: 0x8000136e (0x02af21b3) mulhsu  gp, t5, a0
core   0: 3 0x8000136e (0x02af21b3) x 3 0x00000000
core   0: 0x80001372 (0x00000206) c.slli  tp, 1
core   0: 3 0x80001372 (0x0206) x 4 0x00000000
core   0: 0x80001374 (0x008270b3) and     ra, tp, s0
core   0: 3 0x80001374 (0x008270b3) x 1 0x00000000
core   0: 0x80001378 (0xe5364093) xori    ra, a2, -429
core   0: 3 0x80001378 (0xe5364093) x 1 0x000001ac
core   0: 0x8000137c (0x000092f6) c.add   t0, t4
core   0: 3 0x8000137c (0x92f6) x 5 0xc8af733e
core   0: 0x8000137e (0x00004335) c.li    t1, 13
core   0: 3 0x8000137e (0x4335) x 6 0x0000000d
core   0: 0x80001380 (0x01c0c7b3) xor     a5, ra, t3
core   0: 3 0x80001380 (0x01c0c7b3) x15 0x0000336c
core   0: 0x80001384 (0x00008dd5) c.or    a1, a3
core   0: 3 0x80001384 (0x8dd5) x11 0x00005824
core   0: 0x80001386 (0xff222213) slti    tp, tp, -14
core   0: 3 0x80001386 (0xff222213) x 4 0x00000000
core   0: 0x8000138a (0x015cd7b3) srl     a5, s9, s5
core   0: 3 0x8000138a (0x015cd7b3) x15 0x00000000
core   0: 0x8000138e (0x00c7d993) srli    s3, a5, 12
core   0: 3 0x8000138e (0x00c7d993) x19 0x00000000
core   0: 0x80001392 (0x24a4c013) xori    zero, s1, 586
core   0: 3 0x80001392 (0x24a4c013)
core   0: 0x80001396 (0x00008909) c.andi  a0, 2
core   0: 3 0x80001396 (0x8909) x10 0x00000000
core   0: 0x80001398 (0x011fb533) sltu    a0, t6, a7
core   0: 3 0x80001398 (0x011fb533) x10 0x00000000
core   0: 0x8000139c (0x00000f0a) c.slli  t5, 2
core   0: 3 0x8000139c (0x0f0a) x30 0xfffffffc
core   0: 0x8000139e (0x00008e15) c.sub   a2, a3
core   0: 3 0x8000139e (0x8e15) x12 0xffffffff
core   0: 0x800013a0 (0x011f2533) slt     a0, t5, a7
core   0: 3 0x800013a0 (0x011f2533) x10 0x00000001
core   0: 0x800013a4 (0x011443b3) xor     t2, s0, a7
core   0: 3 0x800013a4 (0x011443b3) x 7 0x00005a64
core   0: 0x800013a8 (0x00008461) c.srai  s0, 24
core   0: 3 0x800013a8 (0x8461) x 8 0x00000000
core   0: 0x800013aa (0x00009e6a) c.add   t3, s10
core   0: 3 0x800013aa (0x9e6a) x28 0x000032c0
core   0: 0x800013ac (0x2e5e2f13) slti    t5, t3, 741
core   0: 3 0x800013ac (0x2e5e2f13) x30 0x00000000
core   0: 0x800013b0 (0x00000cd2) c.slli  s9, 20
core   0: 3 0x800013b0 (0x0cd2) x25 0x00000000
core   0: 0x800013b2 (0x00008806) c.mv    a6, ra
core   0: 3 0x800013b2 (0x8806) x16 0x000001ac
core   0: 0x800013b4 (0x00c8ccb3) xor     s9, a7, a2
core   0: 3 0x800013b4 (0x00c8ccb3) x25 0xffffffff
core   0: 0x800013b8 (0x00008535) c.srai  a0, 13
core   0: 3 0x800013b8 (0x8535) x10 0x00000000
core   0: 0x800013ba (0x488bac93) slti    s9, s7, 1160
core   0: 3 0x800013ba (0x488bac93) x25 0x00000001
core   0: 0x800013be (0x00fc63b3) or      t2, s8, a5
core   0: 3 0x800013be (0x00fc63b3) x 7 0x00000000
core   0: 0x800013c2 (0x00008cbd) c.xor   s1, a5
core   0: 3 0x800013c2 (0x8cbd) x 9 0x00000000
core   0: 0x800013c4 (0x03b532b3) mulhu   t0, a0, s11
core   0: 3 0x800013c4 (0x03b532b3) x 5 0x00000000
core   0: 0x800013c8 (0x000082c5) c.srli  a3, 17
core   0: 3 0x800013c8 (0x82c5) x13 0x00000000
core   0: 0x800013ca (0xf3542593) slti    a1, s0, -203
core   0: 3 0x800013ca (0xf3542593) x11 0x00000000
core   0: 0x800013ce (0x01e15693) srli    a3, sp, 30
core   0: 3 0x800013ce (0x01e15693) x13 0x00000002
core   0: 0x800013d2 (0x01227f33) and     t5, tp, s2
core   0: 3 0x800013d2 (0x01227f33) x30 0x00000000
core   0: 0x800013d6 (0x01ece833) or      a6, s9, t5
core   0: 3 0x800013d6 (0x01ece833) x16 0x00000001
core   0: 0x800013da (0x00ebd4b3) srl     s1, s7, a4
core   0: 3 0x800013da (0x00ebd4b3) x 9 0x00000000
core   0: 0x800013de (0x000051fd) c.li    gp, -1
core   0: 3 0x800013de (0x51fd) x 3 0xffffffff
core   0: 0x800013e0 (0x01b32533) slt     a0, t1, s11
core   0: 3 0x800013e0 (0x01b32533) x10 0x00000000
core   0: 0x800013e4 (0xd2ec4313) xori    t1, s8, -722
core   0: 3 0x800013e4 (0xd2ec4313) x 6 0xfffffd2e
core   0: 0x800013e8 (0x000083a1) c.srli  a5, 8
core   0: 3 0x800013e8 (0x83a1) x15 0x00000000
core   0: 0x800013ea (0x0110d393) srli    t2, ra, 17
core   0: 3 0x800013ea (0x0110d393) x 7 0x00000000
core   0: 0x800013ee (0x000002aa) c.slli  t0, 10
core   0: 3 0x800013ee (0x02aa) x 5 0x00000000
core   0: 0x800013f0 (0x4a6d7a97) auipc   s5, 0x4a6d7
core   0: 3 0x800013f0 (0x4a6d7a97) x21 0xca6d83f0
core   0: 0x800013f4 (0x6d01ec97) auipc   s9, 0x6d01e
core   0: 3 0x800013f4 (0x6d01ec97) x25 0xed01f3f4
core   0: 0x800013f8 (0x00008671) c.srai  a2, 28
core   0: 3 0x800013f8 (0x8671) x12 0xffffffff
core   0: 0x800013fa (0x9c501c37) lui     s8, 0x9c501
core   0: 3 0x800013fa (0x9c501c37) x24 0x9c501000
core   0: 0x800013fe (0x018be933) or      s2, s7, s8
core   0: 3 0x800013fe (0x018be933) x18 0x9c501000
core   0: 0x80001402 (0x51536d13) ori     s10, t1, 1301
core   0: 3 0x80001402 (0x51536d13) x26 0xfffffd3f
core   0: 0x80001406 (0x5e10f313) andi    t1, ra, 1505
core   0: 3 0x80001406 (0x5e10f313) x 6 0x000001a0
core   0: 0x8000140a (0x00000001) c.nop
core   0: 3 0x8000140a (0x0001)
core   0: 0x8000140c (0x5528c493) xori    s1, a7, 1362
core   0: 3 0x8000140c (0x5528c493) x 9 0x00000552
core   0: 0x80001410 (0x026dd0b3) divu    ra, s11, t1
core   0: 3 0x80001410 (0x026dd0b3) x 1 0x004ec4ec
core   0: 0x80001414 (0x00000f41) c.addi  t5, 16
core   0: 3 0x80001414 (0x0f41) x30 0x00000010
core   0: 0x80001416 (0x8bef4997) auipc   s3, 0x8bef4
core   0: 3 0x80001416 (0x8bef4997) x19 0x0bef5416
core   0: 0x8000141a (0x01f11433) sll     s0, sp, t6
core   0: 3 0x8000141a (0x01f11433) x 8 0x80013ce4
core   0: 0x8000141e (0x025adfb3) divu    t6, s5, t0
core   0: 3 0x8000141e (0x025adfb3) x31 0xffffffff
core   0: 0x80001422 (0x014cbab3) sltu    s5, s9, s4
core   0: 3 0x80001422 (0x014cbab3) x21 0x00000000
core   0: 0x80001426 (0x00000846) c.slli  a6, 17
core   0: 3 0x80001426 (0x0846) x16 0x00020000
core   0: 0x80001428 (0x537e10b7) lui     ra, 0x537e1
core   0: 3 0x80001428 (0x537e10b7) x 1 0x537e1000
core   0: 0x8000142c (0xbe49cf93) xori    t6, s3, -1052
core   0: 3 0x8000142c (0xbe49cf93) x31 0xf410aff2
core   0: 0x80001430 (0x027a2b33) mulhsu  s6, s4, t2
core   0: 3 0x80001430 (0x027a2b33) x22 0x00000000
core   0: 0x80001434 (0xfbdce3b7) lui     t2, 0xfbdce
core   0: 3 0x80001434 (0xfbdce3b7) x 7 0xfbdce000
core   0: 0x80001438 (0x009679b3) and     s3, a2, s1
core   0: 3 0x80001438 (0x009679b3) x19 0x00000552
core   0: 0x8000143c (0xa09a2513) slti    a0, s4, -1527
core   0: 3 0x8000143c (0xa09a2513) x10 0x00000000
core   0: 0x80001440 (0x0333ae33) mulhsu  t3, t2, s3
core   0: 3 0x80001440 (0x0333ae33) x28 0xffffffe9
core   0: 0x80001444 (0x000092c6) c.add   t0, a7
core   0: 3 0x80001444 (0x92c6) x 5 0x00000000
core   0: 0x80001446 (0x874d6f13) ori     t5, s10, -1932
core   0: 3 0x80001446 (0x874d6f13) x30 0xfffffd7f
core   0: 0x8000144a (0x46e93a93) sltiu   s5, s2, 1134
core   0: 3 0x8000144a (0x46e93a93) x21 0x00000000
core   0: 0x8000144e (0x00000f65) c.addi  t5, 25
core   0: 3 0x8000144e (0x0f65) x30 0xfffffd98
core   0: 0x80001450 (0xfe4aad13) slti    s10, s5, -28
core   0: 3 0x80001450 (0xfe4aad13) x26 0x00000000
core   0: 0x80001454 (0x41465793) srai    a5, a2, 20
core   0: 3 0x80001454 (0x41465793) x15 0xffffffff
core   0: 0x80001458 (0x03784833) div     a6, a6, s7
core   0: 3 0x80001458 (0x03784833) x16 0xffffffff
core   0: 0x8000145c (0x0179e5b3) or      a1, s3, s7
core   0: 3 0x8000145c (0x0179e5b3) x11 0x00000552
core   0: 0x80001460 (0x022d5633) divu    a2, s10, sp
core   0: 3 0x80001460 (0x022d5633) x12 0x00000000
core   0: 0x80001464 (0x00008f5e) c.mv    t5, s7
core   0: 3 0x80001464 (0x8f5e) x30 0x00000000
core   0: 0x80001466 (0x000084c6) c.mv    s1, a7
core   0: 3 0x80001466 (0x84c6) x 9 0x00000000
core   0: 0x80001468 (0x00008e59) c.or    a2, a4
core   0: 3 0x80001468 (0x8e59) x12 0x8000fe64
core   0: 0x8000146a (0x01981c93) slli    s9, a6, 25
core   0: 3 0x8000146a (0x01981c93) x25 0xfe000000
core   0: 0x8000146e (0x01243c33) sltu    s8, s0, s2
core   0: 3 0x8000146e (0x01243c33) x24 0x00000001
core   0: 0x80001472 (0x036e08b3) mul     a7, t3, s6
core   0: 3 0x80001472 (0x036e08b3) x17 0x00000000
core   0: 0x80001476 (0x00008c81) c.sub   s1, s0
core   0: 3 0x80001476 (0x8c81) x 9 0x7ffec31c
core   0: 0x80001478 (0x000051fd) c.li    gp, -1
core   0: 3 0x80001478 (0x51fd) x 3 0xffffffff
core   0: 0x8000147a (0x023aee33) rem     t3, s5, gp
core   0: 3 0x8000147a (0x023aee33) x28 0x00000000
core   0: 0x8000147e (0x00008ced) c.and   s1, a1
core   0: 3 0x8000147e (0x8ced) x 9 0x00000110
core   0: 0x80001480 (0x02d861b3) rem     gp, a6, a3
core   0: 3 0x80001480 (0x02d861b3) x 3 0xffffffff
core   0: 0x80001484 (0x7444b393) sltiu   t2, s1, 1860
core   0: 3 0x80001484 (0x7444b393) x 7 0x00000001
core   0: 0x80001488 (0x01146933) or      s2, s0, a7
core   0: 3 0x80001488 (0x01146933) x18 0x80013ce4
core   0: 0x8000148c (0x47820c13) addi    s8, tp, 1144
core   0: 3 0x8000148c (0x47820c13) x24 0x00000478
core   0: 0x80001490 (0x02817533) remu    a0, sp, s0
core   0: 3 0x80001490 (0x02817533) x10 0x00000000
core   0: 0x80001494 (0x00008442) c.mv    s0, a6
core   0: 3 0x80001494 (0x8442) x 8 0xffffffff
core   0: 0x80001496 (0x40a406b3) sub     a3, s0, a0
core   0: 3 0x80001496 (0x40a406b3) x13 0xffffffff
core   0: 0x8000149a (0x015494b3) sll     s1, s1, s5
core   0: 3 0x8000149a (0x015494b3) x 9 0x00000110
core   0: 0x8000149e (0x022861b3) rem     gp, a6, sp
core   0: 3 0x8000149e (0x022861b3) x 3 0xffffffff
core   0: 0x800014a2 (0x00809433) sll     s0, ra, s0
core   0: 3 0x800014a2 (0x00809433) x 8 0x00000000
core   0: 0x800014a6 (0x00735913) srli    s2, t1, 7
core   0: 3 0x800014a6 (0x00735913) x18 0x00000003
core   0: 0x800014aa (0x008ad293) srli    t0, s5, 8
core   0: 3 0x800014aa (0x008ad293) x 5 0x00000000
core   0: 0x800014ae (0x19a97f17) auipc   t5, 0x19a97
core   0: 3 0x800014ae (0x19a97f17) x30 0x99a984ae
core   0: 0x800014b2 (0x40f6d8b3) sra     a7, a3, a5
core   0: 3 0x800014b2 (0x40f6d8b3) x17 0xffffffff
core   0: 0x800014b6 (0x00008c9d) c.sub   s1, a5
core   0: 3 0x800014b6 (0x8c9d) x 9 0x00000111
core   0: 0x800014b8 (0x032dd033) divu    zero, s11, s2
core   0: 3 0x800014b8 (0x032dd033)
core   0: 0x800014bc (0x00008f91) c.sub   a5, a2
core   0: 3 0x800014bc (0x8f91) x15 0x7fff019b
core   0: 0x800014be (0x006a7433) and     s0, s4, t1
core   0: 3 0x800014be (0x006a7433) x 8 0x00000000
core   0: 0x800014c2 (0x0196c0b3) xor     ra, a3, s9
core   0: 3 0x800014c2 (0x0196c0b3) x 1 0x01ffffff
core   0: 0x800014c6 (0x01e91533) sll     a0, s2, t5
core   0: 3 0x800014c6 (0x01e91533) x10 0x0000c000
core   0: 0x800014ca (0x4038d533) sra     a0, a7, gp
core   0: 3 0x800014ca (0x4038d533) x10 0xffffffff
core   0: 0x800014ce (0x000085c9) c.srai  a1, 18
core   0: 3 0x800014ce (0x85c9) x11 0x00000000
core   0: 0x800014d0 (0x004c4233) xor     tp, s8, tp
core   0: 3 0x800014d0 (0x004c4233) x 4 0x00000478
core   0: 0x800014d4 (0x002424b3) slt     s1, s0, sp
core   0: 3 0x800014d4 (0x002424b3) x 9 0x00000000
core   0: 0x800014d8 (0x10f1c697) auipc   a3, 0x10f1c
core   0: 3 0x800014d8 (0x10f1c697) x13 0x90f1d4d8
core   0: 0x800014dc (0x01711313) slli    t1, sp, 23
core   0: 3 0x800014dc (0x01711313) x 6 0x72000000
core   0: 0x800014e0 (0x00008fce) c.mv    t6, s3
core   0: 3 0x800014e0 (0x8fce) x31 0x00000552
core   0: 0x800014e2 (0x40250fb3) sub     t6, a0, sp
core   0: 3 0x800014e2 (0x40250fb3) x31 0x7ffec31b
core   0: 0x800014e6 (0x03852233) mulhsu  tp, a0, s8
core   0: 3 0x800014e6 (0x03852233) x 4 0xffffffff
core   0: 0x800014ea (0x01882b33) slt     s6, a6, s8
core   0: 3 0x800014ea (0x01882b33) x22 0x00000001
core   0: 0x800014ee (0x00008e6d) c.and   a2, a1
core   0: 3 0x800014ee (0x8e6d) x12 0x00000000
core   0: 0x800014f0 (0x03b70bb3) mul     s7, a4, s11
core   0: 3 0x800014f0 (0x03b70bb3) x23 0x00000000
core   0: 0x800014f4 (0x00008c61) c.and   s0, s0
core   0: 3 0x800014f4 (0x8c61) x 8 0x00000000
core   0: 0x800014f6 (0x40a40c33) sub     s8, s0, a0
core   0: 3 0x800014f6 (0x40a40c33) x24 0x00000001
core   0: 0x800014fa (0x00b39c33) sll     s8, t2, a1
core   0: 3 0x800014fa (0x00b39c33) x24 0x00000001
core   0: 0x800014fe (0x00000815) c.addi  a6, 5
core   0: 3 0x800014fe (0x0815) x16 0x00000004
core   0: 0x80001500 (0xebd5b313) sltiu   t1, a1, -323
core   0: 3 0x80001500 (0xebd5b313) x 6 0x00000001
core   0: 0x80001504 (0x039e9833) mulh    a6, t4, s9
core   0: 3 0x80001504 (0x039e9833) x16 0xff380000
core   0: 0x80001508 (0x000083cd) c.srli  a5, 19
core   0: 3 0x80001508 (0x83cd) x15 0x00000fff
core   0: 0x8000150a (0x792aa613) slti    a2, s5, 1938
core   0: 3 0x8000150a (0x792aa613) x12 0x00000001
core   0: 0x8000150e (0x028ed433) divu    s0, t4, s0
core   0: 3 0x8000150e (0x028ed433) x 8 0xffffffff
core   0: 0x80001512 (0x00009bfd) c.andi  a5, -1
core   0: 3 0x80001512 (0x9bfd) x15 0x00000fff
core   0: 0x80001514 (0x41615293) srai    t0, sp, 22
core   0: 3 0x80001514 (0x41615293) x 5 0xfffffe00
core   0: 0x80001518 (0x015cd933) srl     s2, s9, s5
core   0: 3 0x80001518 (0x015cd933) x18 0xfe000000
core   0: 0x8000151c (0x00008afa) c.mv    s5, t5
core   0: 3 0x8000151c (0x8afa) x21 0x99a984ae
core   0: 0x8000151e (0x00008fe5) c.and   a5, s1
core   0: 3 0x8000151e (0x8fe5) x15 0x00000000
core   0: 0x80001520 (0x00008629) c.srai  a2, 10
core   0: 3 0x80001520 (0x8629) x12 0x00000000
core   0: 0x80001522 (0x000094a6) c.add   s1, s1
core   0: 3 0x80001522 (0x94a6) x 9 0x00000000
core   0: 0x80001524 (0x021304b3) mul     s1, t1, ra
core   0: 3 0x80001524 (0x021304b3) x 9 0x01ffffff
core   0: 0x80001528 (0x03f0cab3) div     s5, ra, t6
core   0: 3 0x80001528 (0x03f0cab3) x21 0x00000000
core   0: 0x8000152c (0x40c8d193) srai    gp, a7, 12
core   0: 3 0x8000152c (0x40c8d193) x 3 0xffffffff
core   0: 0x80001530 (0x43cf6693) ori     a3, t5, 1084
core   0: 3 0x80001530 (0x43cf6693) x13 0x99a984be
core   0: 0x80001534 (0x4a492037) lui     zero, 0x4a492
core   0: 3 0x80001534 (0x4a492037)
core   0: 0x80001538 (0xc5c7e813) ori     a6, a5, -932
core   0: 3 0x80001538 (0xc5c7e813) x16 0xfffffc5c
core   0: 0x8000153c (0x0073ef33) or      t5, t2, t2
core   0: 3 0x8000153c (0x0073ef33) x30 0x00000001
core   0: 0x80001540 (0x0000828d) c.srli  a3, 3
core   0: 3 0x80001540 (0x828d) x13 0x13353097
core   0: 0x80001542 (0x9c3b4913) xori    s2, s6, -1597
core   0: 3 0x80001542 (0x9c3b4913) x18 0xfffff9c2
core   0: 0x80001546 (0x41da5393) srai    t2, s4, 29
core   0: 3 0x80001546 (0x41da5393) x 7 0x00000000
core   0: 0x8000154a (0x0000987d) c.andi  s0, -1
core   0: 3 0x8000154a (0x987d) x 8 0xffffffff
core   0: 0x8000154c (0x0000862a) c.mv    a2, a0
core   0: 3 0x8000154c (0x862a) x12 0xffffffff
core   0: 0x8000154e (0x00000aa6) c.slli  s5, 9
core   0: 3 0x8000154e (0x0aa6) x21 0x00000000
core   0: 0x80001550 (0x01585bb3) srl     s7, a6, s5
core   0: 3 0x80001550 (0x01585bb3) x23 0xfffffc5c
core   0: 0x80001554 (0x41335213) srai    tp, t1, 19
core   0: 3 0x80001554 (0x41335213) x 4 0x00000000
core   0: 0x80001558 (0xc93c5a37) lui     s4, 0xc93c5
core   0: 3 0x80001558 (0xc93c5a37) x20 0xc93c5000
core   0: 0x8000155c (0x037935b3) mulhu   a1, s2, s7
core   0: 3 0x8000155c (0x037935b3) x11 0xfffff61e
core   0: 0x80001560 (0x00001a7d) c.addi  s4, -1
core   0: 3 0x80001560 (0x1a7d) x20 0xc93c4fff
core   0: 0x80001562 (0x41565793) srai    a5, a2, 21
core   0: 3 0x80001562 (0x41565793) x15 0xffffffff
core   0: 0x80001566 (0x0033c7b3) xor     a5, t2, gp
core   0: 3 0x80001566 (0x0033c7b3) x15 0xffffffff
core   0: 0x8000156a (0x03538333) mul     t1, t2, s5
core   0: 3 0x8000156a (0x03538333) x 6 0x00000000
core   0: 0x8000156e (0x257af797) auipc   a5, 0x257af
core   0: 3 0x8000156e (0x257af797) x15 0xa57b056e
core   0: 0x80001572 (0x00008ce5) c.and   s1, s1
core   0: 3 0x80001572 (0x8ce5) x 9 0x01ffffff
core   0: 0x80001574 (0x9e6c9fb7) lui     t6, 0x9e6c9
core   0: 3 0x80001574 (0x9e6c9fb7) x31 0x9e6c9000
core   0: 0x80001578 (0x000009bd) c.addi  s3, 15
core   0: 3 0x80001578 (0x09bd) x19 0x00000561
core   0: 0x8000157a (0x1da23393) sltiu   t2, tp, 474
core   0: 3 0x8000157a (0x1da23393) x 7 0x00000001
core   0: 0x8000157e (0x00000c19) c.addi  s8, 6
core   0: 3 0x8000157e (0x0c19) x24 0x00000007
core   0: 0x80001580 (0x00008fd9) c.or    a5, a4
core   0: 3 0x80001580 (0x8fd9) x15 0xa57bff6e
core   0: 0x80001582 (0x01a8eeb3) or      t4, a7, s10
core   0: 3 0x80001582 (0x01a8eeb3) x29 0xffffffff
core   0: 0x80001586 (0x01d772b3) and     t0, a4, t4
core   0: 3 0x80001586 (0x01d772b3) x 5 0x8000fe64
core   0: 0x8000158a (0x20d4ec93) ori     s9, s1, 525
core   0: 3 0x8000158a (0x20d4ec93) x25 0x01ffffff
core   0: 0x8000158e (0x00ea1d13) slli    s10, s4, 14
core   0: 3 0x8000158e (0x00ea1d13) x26 0x13ffc000
core   0: 0x80001592 (0xaefcf413) andi    s0, s9, -1297
core   0: 3 0x80001592 (0xaefcf413) x 8 0x01fffaef
core   0: 0x80001596 (0x000097d2) c.add   a5, s4
core   0: 3 0x80001596 (0x97d2) x15 0x6eb84f6d
core   0: 0x80001598 (0x00000001) c.nop
core   0: 3 0x80001598 (0x0001)
core   0: 0x8000159a (0x02cc1533) mulh    a0, s8, a2
core   0: 3 0x8000159a (0x02cc1533) x10 0xffffffff
core   0: 0x8000159e (0x0072b633) sltu    a2, t0, t2
core   0: 3 0x8000159e (0x0072b633) x12 0x00000000
core   0: 0x800015a2 (0xd073f013) andi    zero, t2, -761
core   0: 3 0x800015a2 (0xd073f013)
core   0: 0x800015a6 (0x02e21a33) mulh    s4, tp, a4
core   0: 3 0x800015a6 (0x02e21a33) x20 0x00000000
core   0: 0x800015aa (0x02e6f933) remu    s2, a3, a4
core   0: 3 0x800015aa (0x02e6f933) x18 0x13353097
core   0: 0x800015ae (0x00008a4e) c.mv    s4, s3
core   0: 3 0x800015ae (0x8a4e) x20 0x00000561
core   0: 0x800015b0 (0x00004881) c.li    a7, 0
core   0: 3 0x800015b0 (0x4881) x17 0x00000000
core   0: 0x800015b2 (0x800009b7) lui     s3, 0x80000
core   0: 3 0x800015b2 (0x800009b7) x19 0x80000000
core   0: 0x800015b6 (0x00004e81) c.li    t4, 0
core   0: 3 0x800015b6 (0x4e81) x29 0x00000000
core   0: 0x800015b8 (0xfff00613) li      a2, -1
core   0: 3 0x800015b8 (0xfff00613) x12 0xffffffff
core   0: 0x800015bc (0xc94ecb37) lui     s6, 0xc94ec
core   0: 3 0x800015bc (0xc94ecb37) x22 0xc94ec000
core   0: 0x800015c0 (0xc99b0b13) addi    s6, s6, -871
core   0: 3 0x800015c0 (0xc99b0b13) x22 0xc94ebc99
core   0: 0x800015c4 (0xfff00c13) li      s8, -1
core   0: 3 0x800015c4 (0xfff00c13) x24 0xffffffff
core   0: 0x800015c8 (0xef928d37) lui     s10, 0xef928
core   0: 3 0x800015c8 (0xef928d37) x26 0xef928000
core   0: 0x800015cc (0x930d0d13) addi    s10, s10, -1744
core   0: 3 0x800015cc (0x930d0d13) x26 0xef927930
core   0: 0x800015d0 (0xfff00e13) li      t3, -1
core   0: 3 0x800015d0 (0xfff00e13) x28 0xffffffff
core   0: 0x800015d4 (0xe7afeab7) lui     s5, 0xe7afe
core   0: 3 0x800015d4 (0xe7afeab7) x21 0xe7afe000
core   0: 0x800015d8 (0x7cfa8a93) addi    s5, s5, 1999
core   0: 3 0x800015d8 (0x7cfa8a93) x21 0xe7afe7cf
core   0: 0x800015dc (0xfff00813) li      a6, -1
core   0: 3 0x800015dc (0xfff00813) x16 0xffffffff
core   0: 0x800015e0 (0xd62dbe17) auipc   t3, 0xd62db
core   0: 3 0x800015e0 (0xd62dbe17) x28 0x562dc5e0
core   0: 0x800015e4 (0x03a618b3) mulh    a7, a2, s10
core   0: 3 0x800015e4 (0x03a618b3) x17 0x00000000
core   0: 0x800015e8 (0x03a88d33) mul     s10, a7, s10
core   0: 3 0x800015e8 (0x03a88d33) x26 0x00000000
core   0: 0x800015ec (0x03860d33) mul     s10, a2, s8
core   0: 3 0x800015ec (0x03860d33) x26 0x00000001
core   0: 0x800015f0 (0x75d15817) auipc   a6, 0x75d15
core   0: 3 0x800015f0 (0x75d15817) x16 0xf5d165f0
core   0: 0x800015f4 (0x00000001) c.nop
core   0: 3 0x800015f4 (0x0001)
core   0: 0x800015f6 (0x038abd33) mulhu   s10, s5, s8
core   0: 3 0x800015f6 (0x038abd33) x26 0xe7afe7ce
core   0: 0x800015fa (0x030adab3) divu    s5, s5, a6
core   0: 3 0x800015fa (0x030adab3) x21 0x00000000
core   0: 0x800015fe (0x02cc18b3) mulh    a7, s8, a2
core   0: 3 0x800015fe (0x02cc18b3) x17 0x00000000
core   0: 0x80001602 (0x03d82eb3) mulhsu  t4, a6, t4
core   0: 3 0x80001602 (0x03d82eb3) x29 0x00000000
core   0: 0x80001606 (0x03a84633) div     a2, a6, s10
core   0: 3 0x80001606 (0x03a84633) x12 0x00000000
core   0: 0x8000160a (0x66933997) auipc   s3, 0x66933
core   0: 3 0x8000160a (0x66933997) x19 0xe693460a
core   0: 0x8000160e (0x03cd7e33) remu    t3, s10, t3
core   0: 3 0x8000160e (0x03cd7e33) x28 0x3b545c0e
core   0: 0x80001612 (0x00000001) c.nop
core   0: 3 0x80001612 (0x0001)
core   0: 0x80001614 (0x0d360a93) addi    s5, a2, 211
core   0: 3 0x80001614 (0x0d360a93) x21 0x000000d3
core   0: 0x80001618 (0x00000001) c.nop
core   0: 3 0x80001618 (0x0001)
core   0: 0x8000161a (0x00000001) c.nop
core   0: 3 0x8000161a (0x0001)
core   0: 0x8000161c (0x03d61d33) mulh    s10, a2, t4
core   0: 3 0x8000161c (0x03d61d33) x26 0x00000000
core   0: 0x80001620 (0x03360e33) mul     t3, a2, s3
core   0: 3 0x80001620 (0x03360e33) x28 0x00000000
core   0: 0x80001624 (0x8ea35c17) auipc   s8, 0x8ea35
core   0: 3 0x80001624 (0x8ea35c17) x24 0x0ea36624
core   0: 0x80001628 (0xa9945817) auipc   a6, 0xa9945
core   0: 3 0x80001628 (0xa9945817) x16 0x29946628
core   0: 0x8000162c (0x00000001) c.nop
core   0: 3 0x8000162c (0x0001)
core   0: 0x8000162e (0x00000001) c.nop
core   0: 3 0x8000162e (0x0001)
core   0: 0x80001630 (0x03c63eb3) mulhu   t4, a2, t3
core   0: 3 0x80001630 (0x03c63eb3) x29 0x00000000
core   0: 0x80001634 (0xe97b0e13) addi    t3, s6, -361
core   0: 3 0x80001634 (0xe97b0e13) x28 0xc94ebb30
core   0: 0x80001638 (0xd0a60613) addi    a2, a2, -758
core   0: 3 0x80001638 (0xd0a60613) x12 0xfffffd0a
core   0: 0x8000163c (0x017e5433) srl     s0, t3, s7
core   0: 3 0x8000163c (0x017e5433) x 8 0x0000000c
core   0: 0x80001640 (0x01e3f033) and     zero, t2, t5
core   0: 3 0x80001640 (0x01e3f033)
core   0: 0x80001644 (0x00f22fb3) slt     t6, tp, a5
core   0: 3 0x80001644 (0x00f22fb3) x31 0x00000001
core   0: 0x80001648 (0x00008e65) c.and   a2, s1
core   0: 3 0x80001648 (0x8e65) x12 0x01fffd0a
core   0: 0x8000164a (0x000080f1) c.srli  s1, 28
core   0: 3 0x8000164a (0x80f1) x 9 0x00000000
core   0: 0x8000164c (0x0177a2b3) slt     t0, a5, s7
core   0: 3 0x8000164c (0x0177a2b3) x 5 0x00000000
core   0: 0x80001650 (0x00006e95) c.lui   t4, 0x5
core   0: 3 0x80001650 (0x6e95) x29 0x00005000
core   0: 0x80001652 (0x01675813) srli    a6, a4, 22
core   0: 3 0x80001652 (0x01675813) x16 0x00000200
core   0: 0x80001656 (0xef5b6d13) ori     s10, s6, -267
core   0: 3 0x80001656 (0xef5b6d13) x26 0xfffffefd
core   0: 0x8000165a (0x000089e9) c.andi  a1, 26
core   0: 3 0x8000165a (0x89e9) x11 0x0000001a
core   0: 0x8000165c (0x024be3b3) rem     t2, s7, tp
core   0: 3 0x8000165c (0x024be3b3) x 7 0xfffffc5c
core   0: 0x80001660 (0x03cdcfb3) div     t6, s11, t3
core   0: 3 0x80001660 (0x03cdcfb3) x31 0x00000002
core   0: 0x80001664 (0x41148ab3) sub     s5, s1, a7
core   0: 3 0x80001664 (0x41148ab3) x21 0x00000000
core   0: 0x80001668 (0x000087d5) c.srai  a5, 21
core   0: 3 0x80001668 (0x87d5) x15 0x00000375
core   0: 0x8000166a (0x5111fd13) andi    s10, gp, 1297
core   0: 3 0x8000166a (0x5111fd13) x26 0x00000511
core   0: 0x8000166e (0x476ea693) slti    a3, t4, 1142
core   0: 3 0x8000166e (0x476ea693) x13 0x00000000
core   0: 0x80001672 (0x00008f85) c.sub   a5, s1
core   0: 3 0x80001672 (0x8f85) x15 0x00000375
core   0: 0x80001674 (0x5bd03f13) sltiu   t5, zero, 1469
core   0: 3 0x80001674 (0x5bd03f13) x30 0x00000001
core   0: 0x80001678 (0x00ee55b3) srl     a1, t3, a4
core   0: 3 0x80001678 (0x00ee55b3) x11 0x0c94ebb3
core   0: 0x8000167c (0x40758633) sub     a2, a1, t2
core   0: 3 0x8000167c (0x40758633) x12 0x0c94ef57
core   0: 0x80001680 (0x035e32b3) mulhu   t0, t3, s5
core   0: 3 0x80001680 (0x035e32b3) x 5 0x00000000
core   0: 0x80001684 (0x033713b3) mulh    t2, a4, s3
core   0: 3 0x80001684 (0x033713b3) x 7 0x0cb643b7
core   0: 0x80001688 (0x000084b5) c.srai  s1, 13
core   0: 3 0x80001688 (0x84b5) x 9 0x00000000
core   0: 0x8000168a (0x410e5193) srai    gp, t3, 16
core   0: 3 0x8000168a (0x410e5193) x 3 0xffffc94e
core   0: 0x8000168e (0x416cd193) srai    gp, s9, 22
core   0: 3 0x8000168e (0x416cd193) x 3 0x00000007
core   0: 0x80001692 (0x00000001) c.nop
core   0: 3 0x80001692 (0x0001)
core   0: 0x80001694 (0x000059fd) c.li    s3, -1
core   0: 3 0x80001694 (0x59fd) x19 0xffffffff
core   0: 0x80001696 (0x4001d8b3) sra     a7, gp, zero
core   0: 3 0x80001696 (0x4001d8b3) x17 0x00000007
core   0: 0x8000169a (0x00004f65) c.li    t5, 25
core   0: 3 0x8000169a (0x4f65) x30 0x00000019
core   0: 0x8000169c (0xd6732837) lui     a6, 0xd6732
core   0: 3 0x8000169c (0xd6732837) x16 0xd6732000
core   0: 0x800016a0 (0x000008b2) c.slli  a7, 12
core   0: 3 0x800016a0 (0x08b2) x17 0x00007000
core   0: 0x800016a2 (0x00f945b3) xor     a1, s2, a5
core   0: 3 0x800016a2 (0x00f945b3) x11 0x133533e2
core   0: 0x800016a6 (0x20021d17) auipc   s10, 0x20021
core   0: 3 0x800016a6 (0x20021d17) x26 0xa00226a6
core   0: 0x800016aa (0x000051fd) c.li    gp, -1
core   0: 3 0x800016aa (0x51fd) x 3 0xffffffff
core   0: 0x800016ac (0x8fb48413) addi    s0, s1, -1797
core   0: 3 0x800016ac (0x8fb48413) x 8 0xfffff8fb
core   0: 0x800016b0 (0x00008d19) c.sub   a0, a4
core   0: 3 0x800016b0 (0x8d19) x10 0x7fff019b
core   0: 0x800016b2 (0x00008dbd) c.xor   a1, a5
core   0: 3 0x800016b2 (0x8dbd) x11 0x13353097
core   0: 0x800016b4 (0x00f9a4b3) slt     s1, s3, a5
core   0: 3 0x800016b4 (0x00f9a4b3) x 9 0x00000001
core   0: 0x800016b8 (0x03d49cb3) mulh    s9, s1, t4
core   0: 3 0x800016b8 (0x03d49cb3) x25 0x00000000
core   0: 0x800016bc (0xc6d77e97) auipc   t4, 0xc6d77
core   0: 3 0x800016bc (0xc6d77e97) x29 0x46d786bc
core   0: 0x800016c0 (0x00008141) c.srli  a0, 16
core   0: 3 0x800016c0 (0x8141) x10 0x00007fff
core   0: 0x800016c2 (0x00008cd9) c.or    s1, a4
core   0: 3 0x800016c2 (0x8cd9) x 9 0x8000fe65
core   0: 0x800016c4 (0x00008dc1) c.or    a1, s0
core   0: 3 0x800016c4 (0x8dc1) x11 0xfffff8ff
core   0: 0x800016c6 (0x03896333) rem     t1, s2, s8
core   0: 3 0x800016c6 (0x03896333) x 6 0x0491ca73
core   0: 0x800016ca (0x407d05b3) sub     a1, s10, t2
core   0: 3 0x800016ca (0x407d05b3) x11 0x934be2ef
core   0: 0x800016ce (0x000003de) c.slli  t2, 23
core   0: 3 0x800016ce (0x03de) x 7 0xdb800000
core   0: 0x800016d0 (0x00008c7d) c.and   s0, a5
core   0: 3 0x800016d0 (0x8c7d) x 8 0x00000071
core   0: 0x800016d2 (0x1ea38797) auipc   a5, 0x1ea38
core   0: 3 0x800016d2 (0x1ea38797) x15 0x9ea396d2
core   0: 0x800016d6 (0x028365b3) rem     a1, t1, s0
core   0: 3 0x800016d6 (0x028365b3) x11 0x0000001e
core   0: 0x800016da (0x02896f33) rem     t5, s2, s0
core   0: 3 0x800016da (0x02896f33) x30 0x00000003
core   0: 0x800016de (0x009c3bb3) sltu    s7, s8, s1
core   0: 3 0x800016de (0x009c3bb3) x23 0x00000001
core   0: 0x800016e2 (0x0214e333) rem     t1, s1, ra
core   0: 3 0x800016e2 (0x0214e333) x 6 0xfe00fe26
core   0: 0x800016e6 (0x01cc0d33) add     s10, s8, t3
core   0: 3 0x800016e6 (0x01cc0d33) x26 0xd7f22154
core   0: 0x800016ea (0x0123abb3) slt     s7, t2, s2
core   0: 3 0x800016ea (0x0123abb3) x23 0x00000001
core   0: 0x800016ee (0xa74dc493) xori    s1, s11, -1420
core   0: 3 0x800016ee (0xa74dc493) x 9 0x7ffffa74
core   0: 0x800016f2 (0x02f5c1b3) div     gp, a1, a5
core   0: 3 0x800016f2 (0x02f5c1b3) x 3 0x00000000
core   0: 0x800016f6 (0x0173c9b3) xor     s3, t2, s7
core   0: 3 0x800016f6 (0x0173c9b3) x19 0xdb800001
core   0: 0x800016fa (0x00008db1) c.xor   a1, a2
core   0: 3 0x800016fa (0x8db1) x11 0x0c94ef49
core   0: 0x800016fc (0x000084d1) c.srai  s1, 20
core   0: 3 0x800016fc (0x84d1) x 9 0x000007ff
core   0: 0x800016fe (0x000019fd) c.addi  s3, -1
core   0: 3 0x800016fe (0x19fd) x19 0xdb800000
core   0: 0x80001700 (0x01639cb3) sll     s9, t2, s6
core   0: 3 0x80001700 (0x01639cb3) x25 0x00000000
core   0: 0x80001704 (0x00008ee1) c.and   a3, s0
core   0: 3 0x80001704 (0x8ee1) x13 0x00000000
core   0: 0x80001706 (0x80067493) andi    s1, a2, -2048
core   0: 3 0x80001706 (0x80067493) x 9 0x0c94e800
core   0: 0x8000170a (0x00008cc1) c.or    s1, s0
core   0: 3 0x8000170a (0x8cc1) x 9 0x0c94e871
core   0: 0x8000170c (0x00008da9) c.xor   a1, a0
core   0: 3 0x8000170c (0x8da9) x11 0x0c9490b6
core   0: 0x8000170e (0x00000faa) c.slli  t6, 10
core   0: 3 0x8000170e (0x0faa) x31 0x00000800
core   0: 0x80001710 (0x03f2d433) divu    s0, t0, t6
core   0: 3 0x80001710 (0x03f2d433) x 8 0x00000000
core   0: 0x80001714 (0x000040a5) c.li    ra, 9
core   0: 3 0x80001714 (0x40a5) x 1 0x00000009
core   0: 0x80001716 (0x4164d6b3) sra     a3, s1, s6
core   0: 3 0x80001716 (0x4164d6b3) x13 0x00000006
core   0: 0x8000171a (0xe7666a13) ori     s4, a2, -394
core   0: 3 0x8000171a (0xe7666a13) x20 0xffffff77
core   0: 0x8000171e (0x012fea33) or      s4, t6, s2
core   0: 3 0x8000171e (0x012fea33) x20 0x13353897
core   0: 0x80001722 (0x00008429) c.srai  s0, 10
core   0: 3 0x80001722 (0x8429) x 8 0x00000000
core   0: 0x80001724 (0x0000466d) c.li    a2, 27
core   0: 3 0x80001724 (0x466d) x12 0x0000001b
core   0: 0x80001726 (0x0000943e) c.add   s0, a5
core   0: 3 0x80001726 (0x943e) x 8 0x9ea396d2
core   0: 0x80001728 (0x02d1f033) remu    zero, gp, a3
core   0: 3 0x80001728 (0x02d1f033)
core   0: 0x8000172c (0x4115d533) sra     a0, a1, a7
core   0: 3 0x8000172c (0x4115d533) x10 0x0c9490b6
core   0: 0x80001730 (0x011d09b3) add     s3, s10, a7
core   0: 3 0x80001730 (0x011d09b3) x19 0xd7f29154
core   0: 0x80001734 (0x02248bb3) mul     s7, s1, sp
core   0: 3 0x80001734 (0x02248bb3) x23 0x838a80a4
core   0: 0x80001738 (0x00008c05) c.sub   s0, s1
core   0: 3 0x80001738 (0x8c05) x 8 0x920eae61
core   0: 0x8000173a (0x00006351) c.lui   t1, 0x14
core   0: 3 0x8000173a (0x6351) x 6 0x00014000
core   0: 0x8000173c (0x21d72613) slti    a2, a4, 541
core   0: 3 0x8000173c (0x21d72613) x12 0x00000001
core   0: 0x80001740 (0xf4173f17) auipc   t5, 0xf4173
core   0: 3 0x80001740 (0xf4173f17) x30 0x74174740
core   0: 0x80001744 (0x40f65e13) srai    t3, a2, 15
core   0: 3 0x80001744 (0x40f65e13) x28 0x00000000
core   0: 0x80001748 (0x03925a33) divu    s4, tp, s9
core   0: 3 0x80001748 (0x03925a33) x20 0xffffffff
core   0: 0x8000174c (0x00000e65) c.addi  t3, 25
core   0: 3 0x8000174c (0x0e65) x28 0x00000019
core   0: 0x8000174e (0x00008d9d) c.sub   a1, a5
core   0: 3 0x8000174e (0x8d9d) x11 0x6df0f9e4
core   0: 0x80001750 (0x0275f933) remu    s2, a1, t2
core   0: 3 0x80001750 (0x0275f933) x18 0x6df0f9e4
core   0: 0x80001754 (0x000088a1) c.andi  s1, 8
core   0: 3 0x80001754 (0x88a1) x 9 0x00000000
core   0: 0x80001756 (0x5ba3f813) andi    a6, t2, 1466
core   0: 3 0x80001756 (0x5ba3f813) x16 0x00000000
core   0: 0x8000175a (0x01b8bf33) sltu    t5, a7, s11
core   0: 3 0x8000175a (0x01b8bf33) x30 0x00000001
core   0: 0x8000175e (0x00008011) c.srli  s0, 4
core   0: 3 0x8000175e (0x8011) x 8 0x0920eae6
core   0: 0x80001760 (0x029a9433) mulh    s0, s5, s1
core   0: 3 0x80001760 (0x029a9433) x 8 0x00000000
core   0: 0x80001764 (0x0078f1b3) and     gp, a7, t2
core   0: 3 0x80001764 (0x0078f1b3) x 3 0x00000000
core   0: 0x80001768 (0x000014fd) c.addi  s1, -1
core   0: 3 0x80001768 (0x14fd) x 9 0xffffffff
core   0: 0x8000176a (0x00307a33) and     s4, zero, gp
core   0: 3 0x8000176a (0x00307a33) x20 0x00000000
core   0: 0x8000176e (0x00008cc1) c.or    s1, s0
core   0: 3 0x8000176e (0x8cc1) x 9 0xffffffff
core   0: 0x80001770 (0x0000022a) c.slli  tp, 10
core   0: 3 0x80001770 (0x022a) x 4 0x00000000
core   0: 0x80001772 (0x02b1cc33) div     s8, gp, a1
core   0: 3 0x80001772 (0x02b1cc33) x24 0x00000000
core   0: 0x80001776 (0x02379fb3) mulh    t6, a5, gp
core   0: 3 0x80001776 (0x02379fb3) x31 0x00000000
core   0: 0x8000177a (0x00009fae) c.add   t6, a1
core   0: 3 0x8000177a (0x9fae) x31 0x6df0f9e4
core   0: 0x8000177c (0x41e3d433) sra     s0, t2, t5
core   0: 3 0x8000177c (0x41e3d433) x 8 0xedc00000
core   0: 0x80001780 (0x00000001) c.nop
core   0: 3 0x80001780 (0x0001)
core   0: 0x80001782 (0x000e5933) srl     s2, t3, zero
core   0: 3 0x80001782 (0x000e5933) x18 0x00000019
core   0: 0x80001786 (0x02a12f33) mulhsu  t5, sp, a0
core   0: 3 0x80001786 (0x02a12f33) x30 0xf9b5c737
core   0: 0x8000178a (0x00008059) c.srli  s0, 22
core   0: 3 0x8000178a (0x8059) x 8 0x000003b7
core   0: 0x8000178c (0x0109d313) srli    t1, s3, 16
core   0: 3 0x8000178c (0x0109d313) x 6 0x0000d7f2
core   0: 0x80001790 (0x00865313) srli    t1, a2, 8
core   0: 3 0x80001790 (0x00865313) x 6 0x00000000
core   0: 0x80001794 (0x23ef6e93) ori     t4, t5, 574
core   0: 3 0x80001794 (0x23ef6e93) x29 0xf9b5c73f
core   0: 0x80001798 (0xf6a1eb93) ori     s7, gp, -150
core   0: 3 0x80001798 (0xf6a1eb93) x23 0xffffff6a
core   0: 0x8000179c (0x004c04b3) add     s1, s8, tp
core   0: 3 0x8000179c (0x004c04b3) x 9 0x00000000
core   0: 0x800017a0 (0x40745393) srai    t2, s0, 7
core   0: 3 0x800017a0 (0x40745393) x 7 0x00000007
core   0: 0x800017a4 (0x03d1dfb3) divu    t6, gp, t4
core   0: 3 0x800017a4 (0x03d1dfb3) x31 0x00000000
core   0: 0x800017a8 (0x00009662) c.add   a2, s8
core   0: 3 0x800017a8 (0x9662) x12 0x00000001
core   0: 0x800017aa (0x404fd0b3) sra     ra, t6, tp
core   0: 3 0x800017aa (0x404fd0b3) x 1 0x00000000
core   0: 0x800017ae (0x00000622) c.slli  a2, 8
core   0: 3 0x800017ae (0x0622) x12 0x00000100
core   0: 0x800017b0 (0x00e75e93) srli    t4, a4, 14
core   0: 3 0x800017b0 (0x00e75e93) x29 0x00020003
core   0: 0x800017b4 (0x015cd933) srl     s2, s9, s5
core   0: 3 0x800017b4 (0x015cd933) x18 0x00000000
core   0: 0x800017b8 (0x40268b33) sub     s6, a3, sp
core   0: 3 0x800017b8 (0x40268b33) x22 0x7ffec322
core   0: 0x800017bc (0x413e8f33) sub     t5, t4, s3
core   0: 3 0x800017bc (0x413e8f33) x30 0x280f6eaf
core   0: 0x800017c0 (0x03551fb3) mulh    t6, a0, s5
core   0: 3 0x800017c0 (0x03551fb3) x31 0x00000000
core   0: 0x800017c4 (0x2e021517) auipc   a0, 0x2e021
core   0: 3 0x800017c4 (0x2e021517) x10 0xae0227c4
core   0: 0x800017c8 (0x41c70833) sub     a6, a4, t3
core   0: 3 0x800017c8 (0x41c70833) x16 0x8000fe4b
core   0: 0x800017cc (0x0121a233) slt     tp, gp, s2
core   0: 3 0x800017cc (0x0121a233) x 4 0x00000000
core   0: 0x800017d0 (0x00004211) c.li    tp, 4
core   0: 3 0x800017d0 (0x4211) x 4 0x00000004
core   0: 0x800017d2 (0x0000137d) c.addi  t1, -1
core   0: 3 0x800017d2 (0x137d) x 6 0xffffffff
core   0: 0x800017d4 (0x80068013) addi    zero, a3, -2048
core   0: 3 0x800017d4 (0x80068013)
core   0: 0x800017d8 (0x00006ce5) c.lui   s9, 0x19
core   0: 3 0x800017d8 (0x6ce5) x25 0x00019000
core   0: 0x800017da (0x40a803b3) sub     t2, a6, a0
core   0: 3 0x800017da (0x40a803b3) x 7 0xd1fed687
core   0: 0x800017de (0x0350a933) mulhsu  s2, ra, s5
core   0: 3 0x800017de (0x0350a933) x18 0x00000000
core   0: 0x800017e2 (0x03db67b3) rem     a5, s6, t4
core   0: 3 0x800017e2 (0x03db67b3) x15 0x00000325
core   0: 0x800017e6 (0x000054fd) c.li    s1, -1
core   0: 3 0x800017e6 (0x54fd) x 9 0xffffffff
core   0: 0x800017e8 (0x00000001) c.nop
core   0: 3 0x800017e8 (0x0001)
core   0: 0x800017ea (0x02c8abb3) mulhsu  s7, a7, a2
core   0: 3 0x800017ea (0x02c8abb3) x23 0x00000000
core   0: 0x800017ee (0x02d2d533) divu    a0, t0, a3
core   0: 3 0x800017ee (0x02d2d533) x10 0x00000000
core   0: 0x800017f2 (0xab91df17) auipc   t5, 0xab91d
core   0: 3 0x800017f2 (0xab91df17) x30 0x2b91e7f2
core   0: 0x800017f6 (0xe5526293) ori     t0, tp, -427
core   0: 3 0x800017f6 (0xe5526293) x 5 0xfffffe55
core   0: 0x800017fa (0x007dd513) srli    a0, s11, 7
core   0: 3 0x800017fa (0x007dd513) x10 0x01000000
core   0: 0x800017fe (0x03d16033) rem     zero, sp, t4
core   0: 3 0x800017fe (0x03d16033)
core   0: 0x80001802 (0x0fd43813) sltiu   a6, s0, 253
core   0: 3 0x80001802 (0x0fd43813) x16 0x00000000
core   0: 0x80001806 (0x038e0eb3) mul     t4, t3, s8
core   0: 3 0x80001806 (0x038e0eb3) x29 0x00000000
core   0: 0x8000180a (0x0000137d) c.addi  t1, -1
core   0: 3 0x8000180a (0x137d) x 6 0xfffffffe
core   0: 0x8000180c (0x40aa5633) sra     a2, s4, a0
core   0: 3 0x8000180c (0x40aa5633) x12 0x00000000
core   0: 0x80001810 (0x00295233) srl     tp, s2, sp
core   0: 3 0x80001810 (0x00295233) x 4 0x00000000
core   0: 0x80001814 (0x01440d33) add     s10, s0, s4
core   0: 3 0x80001814 (0x01440d33) x26 0x000003b7
core   0: 0x80001818 (0x000005a1) c.addi  a1, 8
core   0: 3 0x80001818 (0x05a1) x11 0x6df0f9ec
core   0: 0x8000181a (0x030717b3) mulh    a5, a4, a6
core   0: 3 0x8000181a (0x030717b3) x15 0x00000000
core   0: 0x8000181e (0xc5ad0a93) addi    s5, s10, -934
core   0: 3 0x8000181e (0xc5ad0a93) x21 0x00000011
core   0: 0x80001822 (0x0213a5b3) mulhsu  a1, t2, ra
core   0: 3 0x80001822 (0x0213a5b3) x11 0x00000000
core   0: 0x80001826 (0x00000f9d) c.addi  t6, 7
core   0: 3 0x80001826 (0x0f9d) x31 0x00000007
core   0: 0x80001828 (0x023f4933) div     s2, t5, gp
core   0: 3 0x80001828 (0x023f4933) x18 0xffffffff
core   0: 0x8000182c (0x2e9efc13) andi    s8, t4, 745
core   0: 3 0x8000182c (0x2e9efc13) x24 0x00000000
core   0: 0x80001830 (0x000057fd) c.li    a5, -1
core   0: 3 0x80001830 (0x57fd) x15 0xffffffff
core   0: 0x80001832 (0x094e7a93) andi    s5, t3, 148
core   0: 3 0x80001832 (0x094e7a93) x21 0x00000010
core   0: 0x80001836 (0x66f4a693) slti    a3, s1, 1647
core   0: 3 0x80001836 (0x66f4a693) x13 0x00000001
core   0: 0x8000183a (0x00746ab3) or      s5, s0, t2
core   0: 3 0x8000183a (0x00746ab3) x21 0xd1fed7b7
core   0: 0x8000183e (0x00009936) c.add   s2, a3
core   0: 3 0x8000183e (0x9936) x18 0x00000000
core   0: 0x80001840 (0x00000001) c.nop
core   0: 3 0x80001840 (0x0001)
core   0: 0x80001842 (0xb3268813) addi    a6, a3, -1230
core   0: 3 0x80001842 (0xb3268813) x16 0xfffffb33
core   0: 0x80001846 (0x0221deb3) divu    t4, gp, sp
core   0: 3 0x80001846 (0x0221deb3) x29 0x00000000
core   0: 0x8000184a (0x00816633) or      a2, sp, s0
core   0: 3 0x8000184a (0x00816633) x12 0x80013ff7
core   0: 0x8000184e (0x1aaaab93) slti    s7, s5, 426
core   0: 3 0x8000184e (0x1aaaab93) x23 0x00000001
core   0: 0x80001852 (0x0000864a) c.mv    a2, s2
core   0: 3 0x80001852 (0x864a) x12 0x00000000
core   0: 0x80001854 (0x00008489) c.srai  s1, 2
core   0: 3 0x80001854 (0x8489) x 9 0xffffffff
core   0: 0x80001856 (0x802c3293) sltiu   t0, s8, -2046
core   0: 3 0x80001856 (0x802c3293) x 5 0x00000001
core   0: 0x8000185a (0x2475d017) auipc   zero, 0x2475d
core   0: 3 0x8000185a (0x2475d017)
core   0: 0x8000185e (0x019286b3) add     a3, t0, s9
core   0: 3 0x8000185e (0x019286b3) x13 0x00019001
core   0: 0x80001862 (0x03308333) mul     t1, ra, s3
core   0: 3 0x80001862 (0x03308333) x 6 0x00000000
core   0: 0x80001866 (0x00919993) slli    s3, gp, 9
core   0: 3 0x80001866 (0x00919993) x19 0x00000000
core   0: 0x8000186a (0x00009cce) c.add   s9, s3
core   0: 3 0x8000186a (0x9cce) x25 0x00019000
core   0: 0x8000186c (0x0245d9b3) divu    s3, a1, tp
core   0: 3 0x8000186c (0x0245d9b3) x19 0xffffffff
core   0: 0x80001870 (0xc4992613) slti    a2, s2, -951
core   0: 3 0x80001870 (0xc4992613) x12 0x00000000
core   0: 0x80001874 (0x00001c7d) c.addi  s8, -1
core   0: 3 0x80001874 (0x1c7d) x24 0xffffffff
core   0: 0x80001876 (0x00009d4e) c.add   s10, s3
core   0: 3 0x80001876 (0x9d4e) x26 0x000003b6
core   0: 0x80001878 (0x00008c0d) c.sub   s0, a1
core   0: 3 0x80001878 (0x8c0d) x 8 0x000003b7
core   0: 0x8000187a (0x00008c21) c.xor   s0, s0
core   0: 3 0x8000187a (0x8c21) x 8 0x00000000
core   0: 0x8000187c (0x00008a05) c.andi  a2, 1
core   0: 3 0x8000187c (0x8a05) x12 0x00000000
core   0: 0x8000187e (0x0000667d) c.lui   a2, 0x1f
core   0: 3 0x8000187e (0x667d) x12 0x0001f000
core   0: 0x80001880 (0x00008df1) c.and   a1, a2
core   0: 3 0x80001880 (0x8df1) x11 0x00000000
core   0: 0x80001882 (0x007184b3) add     s1, gp, t2
core   0: 3 0x80001882 (0x007184b3) x 9 0xd1fed687
core   0: 0x80001886 (0x4029dd33) sra     s10, s3, sp
core   0: 3 0x80001886 (0x4029dd33) x26 0xffffffff
core   0: 0x8000188a (0x000089c9) c.andi  a1, 18
core   0: 3 0x8000188a (0x89c9) x11 0x00000000
core   0: 0x8000188c (0x001403b3) add     t2, s0, ra
core   0: 3 0x8000188c (0x001403b3) x 7 0x00000000
core   0: 0x80001890 (0x0170c9b3) xor     s3, ra, s7
core   0: 3 0x80001890 (0x0170c9b3) x19 0x00000001
core   0: 0x80001894 (0x4ff40813) addi    a6, s0, 1279
core   0: 3 0x80001894 (0x4ff40813) x16 0x000004ff
core   0: 0x80001898 (0x47ab16b7) lui     a3, 0x47ab1
core   0: 3 0x80001898 (0x47ab16b7) x13 0x47ab1000
core   0: 0x8000189c (0x00ef6533) or      a0, t5, a4
core   0: 3 0x8000189c (0x00ef6533) x10 0xab91fff6
core   0: 0x800018a0 (0x007a4d33) xor     s10, s4, t2
core   0: 3 0x800018a0 (0x007a4d33) x26 0x00000000
core   0: 0x800018a4 (0xcb13e413) ori     s0, t2, -847
core   0: 3 0x800018a4 (0xcb13e413) x 8 0xfffffcb1
core   0: 0x800018a8 (0x00004351) c.li    t1, 20
core   0: 3 0x800018a8 (0x4351) x 6 0x00000014
core   0: 0x800018aa (0x00008ddd) c.or    a1, a5
core   0: 3 0x800018aa (0x8ddd) x11 0xffffffff
core   0: 0x800018ac (0x02392fb3) mulhsu  t6, s2, gp
core   0: 3 0x800018ac (0x02392fb3) x31 0x00000000
core   0: 0x800018b0 (0x00001efd) c.addi  t4, -1
core   0: 3 0x800018b0 (0x1efd) x29 0xffffffff
core   0: 0x800018b2 (0x02f51933) mulh    s2, a0, a5
core   0: 3 0x800018b2 (0x02f51933) x18 0x00000000
core   0: 0x800018b6 (0x93c60e93) addi    t4, a2, -1732
core   0: 3 0x800018b6 (0x93c60e93) x29 0x0001e93c
core   0: 0x800018ba (0x00000001) c.nop
core   0: 3 0x800018ba (0x0001)
core   0: 0x800018bc (0x00008171) c.srli  a0, 28
core   0: 3 0x800018bc (0x8171) x10 0x0000000a
core   0: 0x800018be (0x009a5cb3) srl     s9, s4, s1
core   0: 3 0x800018be (0x009a5cb3) x25 0x00000000
core   0: 0x800018c2 (0xe996f417) auipc   s0, 0xe996f
core   0: 3 0x800018c2 (0xe996f417) x 8 0x699708c2
core   0: 0x800018c6 (0x00008279) c.srli  a2, 30
core   0: 3 0x800018c6 (0x8279) x12 0x00000000
core   0: 0x800018c8 (0x02fcb333) mulhu   t1, s9, a5
core   0: 3 0x800018c8 (0x02fcb333) x 6 0x00000000
core   0: 0x800018cc (0x000085d1) c.srai  a1, 20
core   0: 3 0x800018cc (0x85d1) x11 0xffffffff
core   0: 0x800018ce (0x00008ed5) c.or    a3, a3
core   0: 3 0x800018ce (0x8ed5) x13 0x47ab1000
core   0: 0x800018d0 (0x00f49e33) sll     t3, s1, a5
core   0: 3 0x800018d0 (0x00f49e33) x28 0x80000000
core   0: 0x800018d4 (0x62e00597) auipc   a1, 0x62e00
core   0: 3 0x800018d4 (0x62e00597) x11 0xe2e018d4
core   0: 0x800018d8 (0x88937413) andi    s0, t1, -1911
core   0: 3 0x800018d8 (0x88937413) x 8 0x00000000
core   0: 0x800018dc (0x0013d293) srli    t0, t2, 1
core   0: 3 0x800018dc (0x0013d293) x 5 0x00000000
core   0: 0x800018e0 (0x02b62333) mulhsu  t1, a2, a1
core   0: 3 0x800018e0 (0x02b62333) x 6 0x00000000
core   0: 0x800018e4 (0x415d8e33) sub     t3, s11, s5
core   0: 3 0x800018e4 (0x415d8e33) x28 0xae012849
core   0: 0x800018e8 (0x000080a1) c.srli  s1, 8
core   0: 3 0x800018e8 (0x80a1) x 9 0x00d1fed6
core   0: 0x800018ea (0x10608293) addi    t0, ra, 262
core   0: 3 0x800018ea (0x10608293) x 5 0x00000106
core   0: 0x800018ee (0x000081e1) c.srli  a1, 24
core   0: 3 0x800018ee (0x81e1) x11 0x000000e2
core   0: 0x800018f0 (0x000083a5) c.srli  a5, 9
core   0: 3 0x800018f0 (0x83a5) x15 0x007fffff
core   0: 0x800018f2 (0x00036a33) or      s4, t1, zero
core   0: 3 0x800018f2 (0x00036a33) x20 0x00000000
core   0: 0x800018f6 (0x017ec9b3) xor     s3, t4, s7
core   0: 3 0x800018f6 (0x017ec9b3) x19 0x0001e93d
core   0: 0x800018fa (0x409b8e33) sub     t3, s7, s1
core   0: 3 0x800018fa (0x409b8e33) x28 0xff2e012b
core   0: 0x800018fe (0x016b3a33) sltu    s4, s6, s6
core   0: 3 0x800018fe (0x016b3a33) x20 0x00000000
core   0: 0x80001902 (0x0260c333) div     t1, ra, t1
core   0: 3 0x80001902 (0x0260c333) x 6 0xffffffff
core   0: 0x80001906 (0x00008662) c.mv    a2, s8
core   0: 3 0x80001906 (0x8662) x12 0xffffffff
core   0: 0x80001908 (0x00000001) c.nop
core   0: 3 0x80001908 (0x0001)
core   0: 0x8000190a (0x02d27433) remu    s0, tp, a3
core   0: 3 0x8000190a (0x02d27433) x 8 0x00000000
core   0: 0x8000190e (0xd78f0d13) addi    s10, t5, -648
core   0: 3 0x8000190e (0xd78f0d13) x26 0x2b91e56a
core   0: 0x80001912 (0x00000001) c.nop
core   0: 3 0x80001912 (0x0001)
core   0: 0x80001914 (0x00000001) c.nop
core   0: 3 0x80001914 (0x0001)
core   0: 0x80001916 (0x00f5c8b3) xor     a7, a1, a5
core   0: 3 0x80001916 (0x00f5c8b3) x17 0x007fff1d
core   0: 0x8000191a (0xd69d4093) xori    ra, s10, -663
core   0: 3 0x8000191a (0xd69d4093) x 1 0xd46e1803
core   0: 0x8000191e (0x00005cfd) c.li    s9, -1
core   0: 3 0x8000191e (0x5cfd) x25 0xffffffff
core   0: 0x80001920 (0xe8b5a693) slti    a3, a1, -373
core   0: 3 0x80001920 (0xe8b5a693) x13 0x00000000
core   0: 0x80001924 (0x00008c3d) c.xor   s0, a5
core   0: 3 0x80001924 (0x8c3d) x 8 0x007fffff
core   0: 0x80001926 (0x000000c2) c.slli  ra, 16
core   0: 3 0x80001926 (0x00c2) x 1 0x18030000
core   0: 0x80001928 (0x411e87b3) sub     a5, t4, a7
core   0: 3 0x80001928 (0x411e87b3) x15 0xff81ea1f
core   0: 0x8000192c (0x00004b01) c.li    s6, 0
core   0: 3 0x8000192c (0x4b01) x22 0x00000000
core   0: 0x8000192e (0x039906b3) mul     a3, s2, s9
core   0: 3 0x8000192e (0x039906b3) x13 0x00000000
core   0: 0x80001932 (0x017a9e13) slli    t3, s5, 23
core   0: 3 0x80001932 (0x017a9e13) x28 0xdb800000
core   0: 0x80001936 (0x000015fd) c.addi  a1, -1
core   0: 3 0x80001936 (0x15fd) x11 0x000000e1
core   0: 0x80001938 (0x01839c33) sll     s8, t2, s8
core   0: 3 0x80001938 (0x01839c33) x24 0x00000000
core   0: 0x8000193c (0x00008516) c.mv    a0, t0
core   0: 3 0x8000193c (0x8516) x10 0x00000106
core   0: 0x8000193e (0x00006699) c.lui   a3, 0x6
core   0: 3 0x8000193e (0x6699) x13 0x00006000
core   0: 0x80001940 (0x000089dd) c.andi  a1, 23
core   0: 3 0x80001940 (0x89dd) x11 0x00000001
core   0: 0x80001942 (0x41ae0a33) sub     s4, t3, s10
core   0: 3 0x80001942 (0x41ae0a33) x20 0xafee1a96
core   0: 0x80001946 (0x01f421b3) slt     gp, s0, t6
core   0: 3 0x80001946 (0x01f421b3) x 3 0x00000000
core   0: 0x8000194a (0x00d65eb3) srl     t4, a2, a3
core   0: 3 0x8000194a (0x00d65eb3) x29 0xffffffff
core   0: 0x8000194e (0x00d5eeb3) or      t4, a1, a3
core   0: 3 0x8000194e (0x00d5eeb3) x29 0x00006001
core   0: 0x80001952 (0x404084b3) sub     s1, ra, tp
core   0: 3 0x80001952 (0x404084b3) x 9 0x18030000
core   0: 0x80001956 (0x8202ea93) ori     s5, t0, -2016
core   0: 3 0x80001956 (0x8202ea93) x21 0xfffff926
core   0: 0x8000195a (0x03ffba33) mulhu   s4, t6, t6
core   0: 3 0x8000195a (0x03ffba33) x20 0x00000000
core   0: 0x8000195e (0x02f356b3) divu    a3, t1, a5
core   0: 3 0x8000195e (0x02f356b3) x13 0x00000001
core   0: 0x80001962 (0x0c6a0017) auipc   zero, 0xc6a0
core   0: 3 0x80001962 (0x0c6a0017)
core   0: 0x80001966 (0x03ba1933) mulh    s2, s4, s11
core   0: 3 0x80001966 (0x03ba1933) x18 0x00000000
core   0: 0x8000196a (0x00abdb93) srli    s7, s7, 10
core   0: 3 0x8000196a (0x00abdb93) x23 0x00000000
core   0: 0x8000196e (0x0203b633) mulhu   a2, t2, zero
core   0: 3 0x8000196e (0x0203b633) x12 0x00000000
core   0: 0x80001972 (0x00008e55) c.or    a2, a3
core   0: 3 0x80001972 (0x8e55) x12 0x00000001
core   0: 0x80001974 (0x8a44b493) sltiu   s1, s1, -1884
core   0: 3 0x80001974 (0x8a44b493) x 9 0x00000001
core   0: 0x80001978 (0x0000828d) c.srli  a3, 3
core   0: 3 0x80001978 (0x828d) x13 0x00000000
core   0: 0x8000197a (0x000082e9) c.srli  a3, 26
core   0: 3 0x8000197a (0x82e9) x13 0x00000000
core   0: 0x8000197c (0x00000492) c.slli  s1, 4
core   0: 3 0x8000197c (0x0492) x 9 0x00000010
core   0: 0x8000197e (0x35240213) addi    tp, s0, 850
core   0: 3 0x8000197e (0x35240213) x 4 0x00800351
core   0: 0x80001982 (0x00008edd) c.or    a3, a5
core   0: 3 0x80001982 (0x8edd) x13 0xff81ea1f
core   0: 0x80001984 (0x40ebd1b3) sra     gp, s7, a4
core   0: 3 0x80001984 (0x40ebd1b3) x 3 0x00000000
core   0: 0x80001988 (0x40285bb3) sra     s7, a6, sp
core   0: 3 0x80001988 (0x40285bb3) x23 0x0000004f
core   0: 0x8000198c (0x013ee033) or      zero, t4, s3
core   0: 3 0x8000198c (0x013ee033)
core   0: 0x80001990 (0x0389dfb3) divu    t6, s3, s8
core   0: 3 0x80001990 (0x0389dfb3) x31 0xffffffff
core   0: 0x80001994 (0x000068bd) c.lui   a7, 0xf
core   0: 3 0x80001994 (0x68bd) x17 0x0000f000
core   0: 0x80001996 (0x00004f5d) c.li    t5, 23
core   0: 3 0x80001996 (0x4f5d) x30 0x00000017
core   0: 0x80001998 (0xeb5d6e17) auipc   t3, 0xeb5d6
core   0: 3 0x80001998 (0xeb5d6e17) x28 0x6b5d7998
core   0: 0x8000199c (0x00975f93) srli    t6, a4, 9
core   0: 3 0x8000199c (0x00975f93) x31 0x0040007f
core   0: 0x800019a0 (0x001f9513) slli    a0, t6, 1
core   0: 3 0x800019a0 (0x001f9513) x10 0x008000fe
core   0: 0x800019a4 (0x00009afe) c.add   s5, t6
core   0: 3 0x800019a4 (0x9afe) x21 0x003ff9a5
core   0: 0x800019a6 (0x00000bee) c.slli  s7, 27
core   0: 3 0x800019a6 (0x0bee) x23 0x78000000
core   0: 0x800019a8 (0x0243dab3) divu    s5, t2, tp
core   0: 3 0x800019a8 (0x0243dab3) x21 0x00000000
core   0: 0x800019ac (0x01ae1d13) slli    s10, t3, 26
core   0: 3 0x800019ac (0x01ae1d13) x26 0x60000000
core   0: 0x800019b0 (0x00008575) c.srai  a0, 29
core   0: 3 0x800019b0 (0x8575) x10 0x00000000
core   0: 0x800019b2 (0x01669d13) slli    s10, a3, 22
core   0: 3 0x800019b2 (0x01669d13) x26 0x87c00000
core   0: 0x800019b6 (0x01634833) xor     a6, t1, s6
core   0: 3 0x800019b6 (0x01634833) x16 0xffffffff
core   0: 0x800019ba (0x00000001) c.nop
core   0: 3 0x800019ba (0x0001)
core   0: 0x800019bc (0x41418cb3) sub     s9, gp, s4
core   0: 3 0x800019bc (0x41418cb3) x25 0x00000000
core   0: 0x800019c0 (0x00008d65) c.and   a0, s1
core   0: 3 0x800019c0 (0x8d65) x10 0x00000000
core   0: 0x800019c2 (0x018481b3) add     gp, s1, s8
core   0: 3 0x800019c2 (0x018481b3) x 3 0x00000010
core   0: 0x800019c6 (0x011af9b3) and     s3, s5, a7
core   0: 3 0x800019c6 (0x011af9b3) x19 0x00000000
core   0: 0x800019ca (0x030068b3) rem     a7, zero, a6
core   0: 3 0x800019ca (0x030068b3) x17 0x00000000
core   0: 0x800019ce (0x00006541) c.lui   a0, 0x10
core   0: 3 0x800019ce (0x6541) x10 0x00010000
core   0: 0x800019d0 (0x408bd893) srai    a7, s7, 8
core   0: 3 0x800019d0 (0x408bd893) x17 0x00780000
core   0: 0x800019d4 (0xcf713693) sltiu   a3, sp, -777
core   0: 3 0x800019d4 (0xcf713693) x13 0x00000001
core   0: 0x800019d8 (0x00008055) c.srli  s0, 21
core   0: 3 0x800019d8 (0x8055) x 8 0x00000003
core   0: 0x800019da (0x02deabb3) mulhsu  s7, t4, a3
core   0: 3 0x800019da (0x02deabb3) x23 0x00000000
core   0: 0x800019de (0x283cc013) xori    zero, s9, 643
core   0: 3 0x800019de (0x283cc013)
core   0: 0x800019e2 (0x00d6dbb3) srl     s7, a3, a3
core   0: 3 0x800019e2 (0x00d6dbb3) x23 0x00000000
core   0: 0x800019e6 (0x0000886d) c.andi  s0, 27
core   0: 3 0x800019e6 (0x886d) x 8 0x00000003
core   0: 0x800019e8 (0x00008fb5) c.xor   a5, a3
core   0: 3 0x800019e8 (0x8fb5) x15 0xff81ea1e
core   0: 0x800019ea (0x012516b3) sll     a3, a0, s2
core   0: 3 0x800019ea (0x012516b3) x13 0x00010000
core   0: 0x800019ee (0x02f12833) mulhsu  a6, sp, a5
core   0: 3 0x800019ee (0x02f12833) x16 0x80404738
core   0: 0x800019f2 (0x01ca59b3) srl     s3, s4, t3
core   0: 3 0x800019f2 (0x01ca59b3) x19 0x00000000
core   0: 0x800019f6 (0x00393333) sltu    t1, s2, gp
core   0: 3 0x800019f6 (0x00393333) x 6 0x00000001
core   0: 0x800019fa (0x00000001) c.nop
core   0: 3 0x800019fa (0x0001)
core   0: 0x800019fc (0x00008b81) c.andi  a5, 0
core   0: 3 0x800019fc (0x8b81) x15 0x00000000
core   0: 0x800019fe (0x00ebf333) and     t1, s7, a4
core   0: 3 0x800019fe (0x00ebf333) x 6 0x00000000
core   0: 0x80001a02 (0x0313b633) mulhu   a2, t2, a7
core   0: 3 0x80001a02 (0x0313b633) x12 0x00000000
core   0: 0x80001a06 (0xee69f913) andi    s2, s3, -282
core   0: 3 0x80001a06 (0xee69f913) x18 0x00000000
core   0: 0x80001a0a (0x012af333) and     t1, s5, s2
core   0: 3 0x80001a0a (0x012af333) x 6 0x00000000
core   0: 0x80001a0e (0x4008dc13) srai    s8, a7, 0
core   0: 3 0x80001a0e (0x4008dc13) x24 0x00780000
core   0: 0x80001a12 (0x414e5e33) sra     t3, t3, s4
core   0: 3 0x80001a12 (0x414e5e33) x28 0x6b5d7998
core   0: 0x80001a16 (0x0281b933) mulhu   s2, gp, s0
core   0: 3 0x80001a16 (0x0281b933) x18 0x00000000
core   0: 0x80001a1a (0x00004541) c.li    a0, 16
core   0: 3 0x80001a1a (0x4541) x10 0x00000010
core   0: 0x80001a1c (0x02f729b3) mulhsu  s3, a4, a5
core   0: 3 0x80001a1c (0x02f729b3) x19 0x00000000
core   0: 0x80001a20 (0x026e51b3) divu    gp, t3, t1
core   0: 3 0x80001a20 (0x026e51b3) x 3 0xffffffff
core   0: 0x80001a24 (0x00008ea9) c.xor   a3, a0
core   0: 3 0x80001a24 (0x8ea9) x13 0x00010010
core   0: 0x80001a26 (0x01421ab3) sll     s5, tp, s4
core   0: 3 0x80001a26 (0x01421ab3) x21 0x00800351
core   0: 0x80001a2a (0x03b6a1b3) mulhsu  gp, a3, s11
core   0: 3 0x80001a2a (0x03b6a1b3) x 3 0x00008008
core   0: 0x80001a2e (0x000086f6) c.mv    a3, t4
core   0: 3 0x80001a2e (0x86f6) x13 0x00006001
core   0: 0x80001a30 (0x00000001) c.nop
core   0: 3 0x80001a30 (0x0001)
core   0: 0x80001a32 (0x015ce033) or      zero, s9, s5
core   0: 3 0x80001a32 (0x015ce033)
core   0: 0x80001a36 (0x02bbefb3) rem     t6, s7, a1
core   0: 3 0x80001a36 (0x02bbefb3) x31 0x00000000
core   0: 0x80001a3a (0x01d4f2b3) and     t0, s1, t4
core   0: 3 0x80001a3a (0x01d4f2b3) x 5 0x00000000
core   0: 0x80001a3e (0x00008e81) c.sub   a3, s0
core   0: 3 0x80001a3e (0x8e81) x13 0x00005ffe
core   0: 0x80001a40 (0x03957333) remu    t1, a0, s9
core   0: 3 0x80001a40 (0x03957333) x 6 0x00000010
core   0: 0x80001a44 (0x03aed6b3) divu    a3, t4, s10
core   0: 3 0x80001a44 (0x03aed6b3) x13 0x00000000
core   0: 0x80001a48 (0x41da89b3) sub     s3, s5, t4
core   0: 3 0x80001a48 (0x41da89b3) x19 0x007fa350
core   0: 0x80001a4c (0x00000001) c.nop
core   0: 3 0x80001a4c (0x0001)
core   0: 0x80001a4e (0x027103b3) mul     t2, sp, t2
core   0: 3 0x80001a4e (0x027103b3) x 7 0x00000000
core   0: 0x80001a52 (0x00006f0d) c.lui   t5, 0x3
core   0: 3 0x80001a52 (0x6f0d) x30 0x00003000
core   0: 0x80001a54 (0x00008c1d) c.sub   s0, a5
core   0: 3 0x80001a54 (0x8c1d) x 8 0x00000003
core   0: 0x80001a56 (0x00009aae) c.add   s5, a1
core   0: 3 0x80001a56 (0x9aae) x21 0x00800352
core   0: 0x80001a58 (0x013f5193) srli    gp, t5, 19
core   0: 3 0x80001a58 (0x013f5193) x 3 0x00000000
core   0: 0x80001a5c (0xa2ff8c93) addi    s9, t6, -1489
core   0: 3 0x80001a5c (0xa2ff8c93) x25 0xfffffa2f
core   0: 0x80001a60 (0x00000001) c.nop
core   0: 3 0x80001a60 (0x0001)
core   0: 0x80001a62 (0x5b902213) slti    tp, zero, 1465
core   0: 3 0x80001a62 (0x5b902213) x 4 0x00000001
core   0: 0x80001a66 (0x00009bfd) c.andi  a5, -1
core   0: 3 0x80001a66 (0x9bfd) x15 0x00000000
core   0: 0x80001a68 (0x00800a33) add     s4, zero, s0
core   0: 3 0x80001a68 (0x00800a33) x20 0x00000003
core   0: 0x80001a6c (0x000080d9) c.srli  s1, 22
core   0: 3 0x80001a6c (0x80d9) x 9 0x00000000
core   0: 0x80001a6e (0xdb255837) lui     a6, 0xdb255
core   0: 3 0x80001a6e (0xdb255837) x16 0xdb255000
core   0: 0x80001a72 (0xe4d80813) addi    a6, a6, -435
core   0: 3 0x80001a72 (0xe4d80813) x16 0xdb254e4d
core   0: 0x80001a76 (0x00004b01) c.li    s6, 0
core   0: 3 0x80001a76 (0x4b01) x22 0x00000000
core   0: 0x80001a78 (0xfff00e13) li      t3, -1
core   0: 3 0x80001a78 (0xfff00e13) x28 0xffffffff
core   0: 0x80001a7c (0x800002b7) lui     t0, 0x80000
core   0: 3 0x80001a7c (0x800002b7) x 5 0x80000000
core   0: 0x80001a80 (0x00004981) c.li    s3, 0
core   0: 3 0x80001a80 (0x4981) x19 0x00000000
core   0: 0x80001a82 (0x00004b81) c.li    s7, 0
core   0: 3 0x80001a82 (0x4b81) x23 0x00000000
core   0: 0x80001a84 (0xfff00613) li      a2, -1
core   0: 3 0x80001a84 (0xfff00613) x12 0xffffffff
core   0: 0x80001a88 (0xfff00513) li      a0, -1
core   0: 3 0x80001a88 (0xfff00513) x10 0xffffffff
core   0: 0x80001a8c (0xad860c37) lui     s8, 0xad860
core   0: 3 0x80001a8c (0xad860c37) x24 0xad860000
core   0: 0x80001a90 (0xf82c0c13) addi    s8, s8, -126
core   0: 3 0x80001a90 (0xf82c0c13) x24 0xad85ff82
core   0: 0x80001a94 (0xfff00f93) li      t6, -1
core   0: 3 0x80001a94 (0xfff00f93) x31 0xffffffff
core   0: 0x80001a98 (0x00000001) c.nop
core   0: 3 0x80001a98 (0x0001)
core   0: 0x80001a9a (0x02afe9b3) rem     s3, t6, a0
core   0: 3 0x80001a9a (0x02afe9b3) x19 0x00000000
core   0: 0x80001a9e (0x0309afb3) mulhsu  t6, s3, a6
core   0: 3 0x80001a9e (0x0309afb3) x31 0x00000000
core   0: 0x80001aa2 (0x0372f533) remu    a0, t0, s7
core   0: 3 0x80001aa2 (0x0372f533) x10 0x80000000
core   0: 0x80001aa6 (0x40528c33) sub     s8, t0, t0
core   0: 3 0x80001aa6 (0x40528c33) x24 0x00000000
core   0: 0x80001aaa (0x00000001) c.nop
core   0: 3 0x80001aaa (0x0001)
core   0: 0x80001aac (0x037e22b3) mulhsu  t0, t3, s7
core   0: 3 0x80001aac (0x037e22b3) x 5 0x00000000
core   0: 0x80001ab0 (0x036b1b33) mulh    s6, s6, s6
core   0: 3 0x80001ab0 (0x036b1b33) x22 0x00000000
core   0: 0x80001ab4 (0x030ba2b3) mulhsu  t0, s7, a6
core   0: 3 0x80001ab4 (0x030ba2b3) x 5 0x00000000
core   0: 0x80001ab8 (0x037c1fb3) mulh    t6, s8, s7
core   0: 3 0x80001ab8 (0x037c1fb3) x31 0x00000000
core   0: 0x80001abc (0x00000001) c.nop
core   0: 3 0x80001abc (0x0001)
core   0: 0x80001abe (0x0309d2b3) divu    t0, s3, a6
core   0: 3 0x80001abe (0x0309d2b3) x 5 0x00000000
core   0: 0x80001ac2 (0x030b1b33) mulh    s6, s6, a6
core   0: 3 0x80001ac2 (0x030b1b33) x22 0x00000000
core   0: 0x80001ac6 (0x03898fb3) mul     t6, s3, s8
core   0: 3 0x80001ac6 (0x03898fb3) x31 0x00000000
core   0: 0x80001aca (0x8a0e0b97) auipc   s7, 0x8a0e0
core   0: 3 0x80001aca (0x8a0e0b97) x23 0x0a0e1aca
core   0: 0x80001ace (0x4038d813) srai    a6, a7, 3
core   0: 3 0x80001ace (0x4038d813) x16 0x000f0000
core   0: 0x80001ad2 (0x00baa7b3) slt     a5, s5, a1
core   0: 3 0x80001ad2 (0x00baa7b3) x15 0x00000000
core   0: 0x80001ad6 (0x035a6b33) rem     s6, s4, s5
core   0: 3 0x80001ad6 (0x035a6b33) x22 0x00000003
core   0: 0x80001ada (0x5ec7b793) sltiu   a5, a5, 1516
core   0: 3 0x80001ada (0x5ec7b793) x15 0x00000001
core   0: 0x80001ade (0x015e11b3) sll     gp, t3, s5
core   0: 3 0x80001ade (0x015e11b3) x 3 0xfffc0000
core   0: 0x80001ae2 (0x019750b3) srl     ra, a4, s9
core   0: 3 0x80001ae2 (0x019750b3) x 1 0x00010001
core   0: 0x80001ae6 (0x00008cea) c.mv    s9, s10
core   0: 3 0x80001ae6 (0x8cea) x25 0x87c00000
core   0: 0x80001ae8 (0x00006cc5) c.lui   s9, 0x11
core   0: 3 0x80001ae8 (0x6cc5) x25 0x00011000
core   0: 0x80001aea (0x03baf933) remu    s2, s5, s11
core   0: 3 0x80001aea (0x03baf933) x18 0x00800352
core   0: 0x80001aee (0x000087de) c.mv    a5, s7
core   0: 3 0x80001aee (0x87de) x15 0x0a0e1aca
core   0: 0x80001af0 (0x00008c65) c.and   s0, s1
core   0: 3 0x80001af0 (0x8c65) x 8 0x00000000
core   0: 0x80001af2 (0x03ebe833) rem     a6, s7, t5
core   0: 3 0x80001af2 (0x03ebe833) x16 0x00001aca
core   0: 0x80001af6 (0x0069f433) and     s0, s3, t1
core   0: 3 0x80001af6 (0x0069f433) x 8 0x00000000
core   0: 0x80001afa (0x7f3d0f13) addi    t5, s10, 2035
core   0: 3 0x80001afa (0x7f3d0f13) x30 0x87c007f3
core   0: 0x80001afe (0x53026a13) ori     s4, tp, 1328
core   0: 3 0x80001afe (0x53026a13) x20 0x00000531
core   0: 0x80001b02 (0x02346cb3) rem     s9, s0, gp
core   0: 3 0x80001b02 (0x02346cb3) x25 0x00000000
core   0: 0x80001b06 (0x01c9a5b3) slt     a1, s3, t3
core   0: 3 0x80001b06 (0x01c9a5b3) x11 0x00000000
core   0: 0x80001b0a (0x02aa3633) mulhu   a2, s4, a0
core   0: 3 0x80001b0a (0x02aa3633) x12 0x00000298
core   0: 0x80001b0e (0x00006f9d) c.lui   t6, 0x7
core   0: 3 0x80001b0e (0x6f9d) x31 0x00007000
core   0: 0x80001b10 (0x23b7a093) slti    ra, a5, 571
core   0: 3 0x80001b10 (0x23b7a093) x 1 0x00000000
core   0: 0x80001b14 (0x032e14b3) mulh    s1, t3, s2
core   0: 3 0x80001b14 (0x032e14b3) x 9 0xffffffff
core   0: 0x80001b18 (0x00000816) c.slli  a6, 5
core   0: 3 0x80001b18 (0x0816) x16 0x00035940
core   0: 0x80001b1a (0x00008ef1) c.and   a3, a2
core   0: 3 0x80001b1a (0x8ef1) x13 0x00000000
core   0: 0x80001b1c (0x026a5bb3) divu    s7, s4, t1
core   0: 3 0x80001b1c (0x026a5bb3) x23 0x00000053
core   0: 0x80001b20 (0x0000557d) c.li    a0, -1
core   0: 3 0x80001b20 (0x557d) x10 0xffffffff
core   0: 0x80001b22 (0x3236bb93) sltiu   s7, a3, 803
core   0: 3 0x80001b22 (0x3236bb93) x23 0x00000001
core   0: 0x80001b26 (0x00009ac2) c.add   s5, a6
core   0: 3 0x80001b26 (0x9ac2) x21 0x00835c92
core   0: 0x80001b28 (0x00008c39) c.xor   s0, a4
core   0: 3 0x80001b28 (0x8c39) x 8 0x8000fe64
core   0: 0x80001b2a (0x000084f5) c.srai  s1, 29
core   0: 3 0x80001b2a (0x84f5) x 9 0xffffffff
core   0: 0x80001b2c (0x030bd333) divu    t1, s7, a6
core   0: 3 0x80001b2c (0x030bd333) x 6 0x00000000
core   0: 0x80001b30 (0x030c91b3) mulh    gp, s9, a6
core   0: 3 0x80001b30 (0x030c91b3) x 3 0x00000000
core   0: 0x80001b34 (0x03e18f33) mul     t5, gp, t5
core   0: 3 0x80001b34 (0x03e18f33) x30 0x00000000
core   0: 0x80001b38 (0x0000897e) c.mv    s2, t6
core   0: 3 0x80001b38 (0x897e) x18 0x00007000
core   0: 0x80001b3a (0x01ac4633) xor     a2, s8, s10
core   0: 3 0x80001b3a (0x01ac4633) x12 0x87c00000
core   0: 0x80001b3e (0x00008c21) c.xor   s0, s0
core   0: 3 0x80001b3e (0x8c21) x 8 0x00000000
core   0: 0x80001b40 (0x03aa54b3) divu    s1, s4, s10
core   0: 3 0x80001b40 (0x03aa54b3) x 9 0x00000000
core   0: 0x80001b44 (0x000081cd) c.srli  a1, 19
core   0: 3 0x80001b44 (0x81cd) x11 0x00000000
core   0: 0x80001b46 (0x243e6e93) ori     t4, t3, 579
core   0: 3 0x80001b46 (0x243e6e93) x29 0xffffffff
core   0: 0x80001b4a (0x075da493) slti    s1, s11, 117
core   0: 3 0x80001b4a (0x075da493) x 9 0x00000001
core   0: 0x80001b4e (0x025931b3) mulhu   gp, s2, t0
core   0: 3 0x80001b4e (0x025931b3) x 3 0x00000000
core   0: 0x80001b52 (0x000084e1) c.srai  s1, 24
core   0: 3 0x80001b52 (0x84e1) x 9 0x00000000
core   0: 0x80001b54 (0x024a6bb3) rem     s7, s4, tp
core   0: 3 0x80001b54 (0x024a6bb3) x23 0x00000000
core   0: 0x80001b58 (0x00008521) c.srai  a0, 8
core   0: 3 0x80001b58 (0x8521) x10 0xffffffff
core   0: 0x80001b5a (0x8af69237) lui     tp, 0x8af69
core   0: 3 0x80001b5a (0x8af69237) x 4 0x8af69000
core   0: 0x80001b5e (0x02454333) div     t1, a0, tp
core   0: 3 0x80001b5e (0x02454333) x 6 0x00000000
core   0: 0x80001b62 (0x03f7ecb3) rem     s9, a5, t6
core   0: 3 0x80001b62 (0x03f7ecb3) x25 0x00004aca
core   0: 0x80001b66 (0x00008e2d) c.xor   a2, a1
core   0: 3 0x80001b66 (0x8e2d) x12 0x87c00000
core   0: 0x80001b68 (0x021aad33) mulhsu  s10, s5, ra
core   0: 3 0x80001b68 (0x021aad33) x26 0x00000000
core   0: 0x80001b6c (0x00008e25) c.xor   a2, s1
core   0: 3 0x80001b6c (0x8e25) x12 0x87c00000
core   0: 0x80001b6e (0x010e1293) slli    t0, t3, 16
core   0: 3 0x80001b6e (0x010e1293) x 5 0xffff0000
core   0: 0x80001b72 (0x01a23e33) sltu    t3, tp, s10
core   0: 3 0x80001b72 (0x01a23e33) x28 0x00000000
core   0: 0x80001b76 (0x00008c9a) c.mv    s9, t1
core   0: 3 0x80001b76 (0x8c9a) x25 0x00000000
core   0: 0x80001b78 (0x03e335b3) mulhu   a1, t1, t5
core   0: 3 0x80001b78 (0x03e335b3) x11 0x00000000
core   0: 0x80001b7c (0x021a97b3) mulh    a5, s5, ra
core   0: 3 0x80001b7c (0x021a97b3) x15 0x00000000
core   0: 0x80001b80 (0x0000597d) c.li    s2, -1
core   0: 3 0x80001b80 (0x597d) x18 0xffffffff
core   0: 0x80001b82 (0xe08ce197) auipc   gp, 0xe08ce
core   0: 3 0x80001b82 (0xe08ce197) x 3 0x608cfb82
core   0: 0x80001b86 (0x6ebdfc37) lui     s8, 0x6ebdf
core   0: 3 0x80001b86 (0x6ebdfc37) x24 0x6ebdf000
core   0: 0x80001b8a (0x4121dc33) sra     s8, gp, s2
core   0: 3 0x80001b8a (0x4121dc33) x24 0x00000000
core   0: 0x80001b8e (0x0000997d) c.andi  a0, -1
core   0: 3 0x80001b8e (0x997d) x10 0xffffffff
core   0: 0x80001b90 (0xcd5b7313) andi    t1, s6, -811
core   0: 3 0x80001b90 (0xcd5b7313) x 6 0x00000001
core   0: 0x80001b94 (0x000098fa) c.add   a7, t5
core   0: 3 0x80001b94 (0x98fa) x17 0x00780000
core   0: 0x80001b96 (0x40ea06b3) sub     a3, s4, a4
core   0: 3 0x80001b96 (0x40ea06b3) x13 0x7fff06cd
core   0: 0x80001b9a (0x02220f33) mul     t5, tp, sp
core   0: 3 0x80001b9a (0x02220f33) x30 0x1d584000
core   0: 0x80001b9e (0x00758933) add     s2, a1, t2
core   0: 3 0x80001b9e (0x00758933) x18 0x00000000
core   0: 0x80001ba2 (0x00008e7d) c.and   a2, a5
core   0: 3 0x80001ba2 (0x8e7d) x12 0x00000000
core   0: 0x80001ba4 (0x00ff2d33) slt     s10, t5, a5
core   0: 3 0x80001ba4 (0x00ff2d33) x26 0x00000000
core   0: 0x80001ba8 (0xfbd34a13) xori    s4, t1, -67
core   0: 3 0x80001ba8 (0xfbd34a13) x20 0xffffffbc
core   0: 0x80001bac (0xad26c313) xori    t1, a3, -1326
core   0: 3 0x80001bac (0xad26c313) x 6 0x8000fc1f
core   0: 0x80001bb0 (0x02975833) divu    a6, a4, s1
core   0: 3 0x80001bb0 (0x02975833) x16 0xffffffff
core   0: 0x80001bb4 (0xd634f293) andi    t0, s1, -669
core   0: 3 0x80001bb4 (0xd634f293) x 5 0x00000000
core   0: 0x80001bb8 (0x003838b3) sltu    a7, a6, gp
core   0: 3 0x80001bb8 (0x003838b3) x17 0x00000000
core   0: 0x80001bbc (0x01485313) srli    t1, a6, 20
core   0: 3 0x80001bbc (0x01485313) x 6 0x00000fff
core   0: 0x80001bc0 (0x4c4053b7) lui     t2, 0x4c405
core   0: 3 0x80001bc0 (0x4c4053b7) x 7 0x4c405000
core   0: 0x80001bc4 (0x00008c41) c.or    s0, s0
core   0: 3 0x80001bc4 (0x8c41) x 8 0x00000000
core   0: 0x80001bc6 (0x00009bf2) c.add   s7, t3
core   0: 3 0x80001bc6 (0x9bf2) x23 0x00000000
core   0: 0x80001bc8 (0x02cb7233) remu    tp, s6, a2
core   0: 3 0x80001bc8 (0x02cb7233) x 4 0x00000003
core   0: 0x80001bcc (0x415fd093) srai    ra, t6, 21
core   0: 3 0x80001bcc (0x415fd093) x 1 0x00000000
core   0: 0x80001bd0 (0x00008d7d) c.and   a0, a5
core   0: 3 0x80001bd0 (0x8d7d) x10 0x00000000
core   0: 0x80001bd2 (0x008330b3) sltu    ra, t1, s0
core   0: 3 0x80001bd2 (0x008330b3) x 1 0x00000000
core   0: 0x80001bd6 (0x004efcb3) and     s9, t4, tp
core   0: 3 0x80001bd6 (0x004efcb3) x25 0x00000003
core   0: 0x80001bda (0x00008dc1) c.or    a1, s0
core   0: 3 0x80001bda (0x8dc1) x11 0x00000000
core   0: 0x80001bdc (0x00008a96) c.mv    s5, t0
core   0: 3 0x80001bdc (0x8a96) x21 0x00000000
core   0: 0x80001bde (0x03a33833) mulhu   a6, t1, s10
core   0: 3 0x80001bde (0x03a33833) x16 0x00000000
core   0: 0x80001be2 (0x03a59833) mulh    a6, a1, s10
core   0: 3 0x80001be2 (0x03a59833) x16 0x00000000
core   0: 0x80001be6 (0x00000001) c.nop
core   0: 3 0x80001be6 (0x0001)
core   0: 0x80001be8 (0x03519d33) mulh    s10, gp, s5
core   0: 3 0x80001be8 (0x03519d33) x26 0x00000000
core   0: 0x80001bec (0x0000881d) c.andi  s0, 7
core   0: 3 0x80001bec (0x881d) x 8 0x00000000
core   0: 0x80001bee (0x000089a5) c.andi  a1, 9
core   0: 3 0x80001bee (0x89a5) x11 0x00000000
core   0: 0x80001bf0 (0x02789933) mulh    s2, a7, t2
core   0: 3 0x80001bf0 (0x02789933) x18 0x00000000
core   0: 0x80001bf4 (0x29096a13) ori     s4, s2, 656
core   0: 3 0x80001bf4 (0x29096a13) x20 0x00000290
core   0: 0x80001bf8 (0x037efcb3) remu    s9, t4, s7
core   0: 3 0x80001bf8 (0x037efcb3) x25 0xffffffff
core   0: 0x80001bfc (0xa1917d13) andi    s10, sp, -1511
core   0: 3 0x80001bfc (0xa1917d13) x26 0x80013800
core   0: 0x80001c00 (0x554f5eb7) lui     t4, 0x554f5
core   0: 3 0x80001c00 (0x554f5eb7) x29 0x554f5000
core   0: 0x80001c04 (0x00000001) c.nop
core   0: 3 0x80001c04 (0x0001)
core   0: 0x80001c06 (0xae92ab13) slti    s6, t0, -1303
core   0: 3 0x80001c06 (0xae92ab13) x22 0x00000000
core   0: 0x80001c0a (0x0000960a) c.add   a2, sp
core   0: 3 0x80001c0a (0x960a) x12 0x80013ce4
core   0: 0x80001c0c (0x63d90f93) addi    t6, s2, 1597
core   0: 3 0x80001c0c (0x63d90f93) x31 0x0000063d
core   0: 0x80001c10 (0x02c73e33) mulhu   t3, a4, a2
core   0: 3 0x80001c10 (0x02c73e33) x28 0x40011da5
core   0: 0x80001c14 (0x00004b81) c.li    s7, 0
core   0: 3 0x80001c14 (0x4b81) x23 0x00000000
core   0: 0x80001c16 (0x038124b3) mulhsu  s1, sp, s8
core   0: 3 0x80001c16 (0x038124b3) x 9 0x00000000
core   0: 0x80001c1a (0x019ea5b3) slt     a1, t4, s9
core   0: 3 0x80001c1a (0x019ea5b3) x11 0x00000000
core   0: 0x80001c1e (0x007e4833) xor     a6, t3, t2
core   0: 3 0x80001c1e (0x007e4833) x16 0x0c414da5
core   0: 0x80001c22 (0x01002233) slt     tp, zero, a6
core   0: 3 0x80001c22 (0x01002233) x 4 0x00000001
core   0: 0x80001c26 (0x00000385) c.addi  t2, 1
core   0: 3 0x80001c26 (0x0385) x 7 0x4c405001
core   0: 0x80001c28 (0x01d95833) srl     a6, s2, t4
core   0: 3 0x80001c28 (0x01d95833) x16 0x00000000
core   0: 0x80001c2c (0x000083ad) c.srli  a5, 11
core   0: 3 0x80001c2c (0x83ad) x15 0x00000000
core   0: 0x80001c2e (0x59f53793) sltiu   a5, a0, 1439
core   0: 3 0x80001c2e (0x59f53793) x15 0x00000001
core   0: 0x80001c32 (0x00000229) c.addi  tp, 10
core   0: 3 0x80001c32 (0x0229) x 4 0x0000000b
core   0: 0x80001c34 (0xddd16a93) ori     s5, sp, -547
core   0: 3 0x80001c34 (0xddd16a93) x21 0xfffffdfd
core   0: 0x80001c38 (0x0000817d) c.srli  a0, 31
core   0: 3 0x80001c38 (0x817d) x10 0x00000000
core   0: 0x80001c3a (0x41e85213) srai    tp, a6, 30
core   0: 3 0x80001c3a (0x41e85213) x 4 0x00000000
core   0: 0x80001c3e (0x25343e93) sltiu   t4, s0, 595
core   0: 3 0x80001c3e (0x25343e93) x29 0x00000001
core   0: 0x80001c42 (0xd7dea493) slti    s1, t4, -643
core   0: 3 0x80001c42 (0xd7dea493) x 9 0x00000000
core   0: 0x80001c46 (0x0000940a) c.add   s0, sp
core   0: 3 0x80001c46 (0x940a) x 8 0x80013ce4
core   0: 0x80001c48 (0x00009fee) c.add   t6, s11
core   0: 3 0x80001c48 (0x9fee) x31 0x8000063d
core   0: 0x80001c4a (0x00029613) slli    a2, t0, 0
core   0: 3 0x80001c4a (0x00029613) x12 0x00000000
core   0: 0x80001c4e (0x017da233) slt     tp, s11, s7
core   0: 3 0x80001c4e (0x017da233) x 4 0x00000001
core   0: 0x80001c52 (0x03e71a33) mulh    s4, a4, t5
core   0: 3 0x80001c52 (0x03e71a33) x20 0xf153fd29
core   0: 0x80001c56 (0x00ca19b3) sll     s3, s4, a2
core   0: 3 0x80001c56 (0x00ca19b3) x19 0xf153fd29
core   0: 0x80001c5a (0x026bee33) rem     t3, s7, t1
core   0: 3 0x80001c5a (0x026bee33) x28 0x00000000
core   0: 0x80001c5e (0x00000d4e) c.slli  s10, 19
core   0: 3 0x80001c5e (0x0d4e) x26 0xc0000000
core   0: 0x80001c60 (0x000084ed) c.srai  s1, 27
core   0: 3 0x80001c60 (0x84ed) x 9 0x00000000
core   0: 0x80001c62 (0x40f45533) sra     a0, s0, a5
core   0: 3 0x80001c62 (0x40f45533) x10 0xc0009e72
core   0: 0x80001c66 (0x032c41b3) div     gp, s8, s2
core   0: 3 0x80001c66 (0x032c41b3) x 3 0xffffffff
core   0: 0x80001c6a (0x01c1de13) srli    t3, gp, 28
core   0: 3 0x80001c6a (0x01c1de13) x28 0x0000000f
core   0: 0x80001c6e (0x02387433) remu    s0, a6, gp
core   0: 3 0x80001c6e (0x02387433) x 8 0x00000000
core   0: 0x80001c72 (0x02efac33) mulhsu  s8, t6, a4
core   0: 3 0x80001c72 (0x02efac33) x24 0xbfff83ec
core   0: 0x80001c76 (0x00004285) c.li    t0, 1
core   0: 3 0x80001c76 (0x4285) x 5 0x00000001
core   0: 0x80001c78 (0x03df1bb3) mulh    s7, t5, t4
core   0: 3 0x80001c78 (0x03df1bb3) x23 0x00000000
core   0: 0x80001c7c (0x0277fcb3) remu    s9, a5, t2
core   0: 3 0x80001c7c (0x0277fcb3) x25 0x00000001
core   0: 0x80001c80 (0x000003ca) c.slli  t2, 18
core   0: 3 0x80001c80 (0x03ca) x 7 0x40040000
core   0: 0x80001c82 (0x00008f89) c.sub   a5, a0
core   0: 3 0x80001c82 (0x8f89) x15 0x3fff618f
core   0: 0x80001c84 (0x01919c93) slli    s9, gp, 25
core   0: 3 0x80001c84 (0x01919c93) x25 0xfe000000
core   0: 0x80001c88 (0x000081c1) c.srli  a1, 16
core   0: 3 0x80001c88 (0x81c1) x11 0x00000000
core   0: 0x80001c8a (0x000069a9) c.lui   s3, 0xa
core   0: 3 0x80001c8a (0x69a9) x19 0x0000a000
core   0: 0x80001c8c (0x00004edd) c.li    t4, 23
core   0: 3 0x80001c8c (0x4edd) x29 0x00000017
core   0: 0x80001c8e (0x027fe833) rem     a6, t6, t2
core   0: 3 0x80001c8e (0x027fe833) x16 0xc004063d
core   0: 0x80001c92 (0x00000001) c.nop
core   0: 3 0x80001c92 (0x0001)
core   0: 0x80001c94 (0xf3d5f313) andi    t1, a1, -195
core   0: 3 0x80001c94 (0xf3d5f313) x 6 0x00000000
core   0: 0x80001c98 (0x00006a95) c.lui   s5, 0x5
core   0: 3 0x80001c98 (0x6a95) x21 0x00005000
core   0: 0x80001c9a (0x59f30493) addi    s1, t1, 1439
core   0: 3 0x80001c9a (0x59f30493) x 9 0x0000059f
core   0: 0x80001c9e (0x00008ebd) c.xor   a3, a5
core   0: 3 0x80001c9e (0x8ebd) x13 0x40006742
core   0: 0x80001ca0 (0x031c0a33) mul     s4, s8, a7
core   0: 3 0x80001ca0 (0x031c0a33) x20 0x00000000
core   0: 0x80001ca4 (0xf39c0397) auipc   t2, 0xf39c0
core   0: 3 0x80001ca4 (0xf39c0397) x 7 0x739c1ca4
core   0: 0x80001ca8 (0x00eab333) sltu    t1, s5, a4
core   0: 3 0x80001ca8 (0x00eab333) x 6 0x00000001
core   0: 0x80001cac (0x000089d2) c.mv    s3, s4
core   0: 3 0x80001cac (0x89d2) x19 0x00000000
core   0: 0x80001cae (0x00008e61) c.and   a2, s0
core   0: 3 0x80001cae (0x8e61) x12 0x00000000
core   0: 0x80001cb0 (0x0279fe33) remu    t3, s3, t2
core   0: 3 0x80001cb0 (0x0279fe33) x28 0x00000000
core   0: 0x80001cb4 (0x00009c9e) c.add   s9, t2
core   0: 3 0x80001cb4 (0x9c9e) x25 0x719c1ca4
core   0: 0x80001cb6 (0x4ceb2193) slti    gp, s6, 1230
core   0: 3 0x80001cb6 (0x4ceb2193) x 3 0x00000001
core   0: 0x80001cba (0x00000001) c.nop
core   0: 3 0x80001cba (0x0001)
core   0: 0x80001cbc (0x016f5693) srli    a3, t5, 22
core   0: 3 0x80001cbc (0x016f5693) x13 0x00000075
core   0: 0x80001cc0 (0x00009b5a) c.add   s6, s6
core   0: 3 0x80001cc0 (0x9b5a) x22 0x00000000
core   0: 0x80001cc2 (0x00008079) c.srli  s0, 30
core   0: 3 0x80001cc2 (0x8079) x 8 0x00000000
core   0: 0x80001cc4 (0x01439013) slli    zero, t2, 20
core   0: 3 0x80001cc4 (0x01439013)
core   0: 0x80001cc8 (0x00009d76) c.add   s10, t4
core   0: 3 0x80001cc8 (0x9d76) x26 0xc0000017
core   0: 0x80001cca (0x000004c9) c.addi  s1, 18
core   0: 3 0x80001cca (0x04c9) x 9 0x000005b1
core   0: 0x80001ccc (0x0129d633) srl     a2, s3, s2
core   0: 3 0x80001ccc (0x0129d633) x12 0x00000000
core   0: 0x80001cd0 (0x00000a45) c.addi  s4, 17
core   0: 3 0x80001cd0 (0x0a45) x20 0x00000011
core   0: 0x80001cd2 (0x01a372b3) and     t0, t1, s10
core   0: 3 0x80001cd2 (0x01a372b3) x 5 0x00000001
core   0: 0x80001cd6 (0x00009a1a) c.add   s4, t1
core   0: 3 0x80001cd6 (0x9a1a) x20 0x00000012
core   0: 0x80001cd8 (0x00000001) c.nop
core   0: 3 0x80001cd8 (0x0001)
core   0: 0x80001cda (0x02bc9cb3) mulh    s9, s9, a1
core   0: 3 0x80001cda (0x02bc9cb3) x25 0x00000000
core   0: 0x80001cde (0x0126e333) or      t1, a3, s2
core   0: 3 0x80001cde (0x0126e333) x 6 0x00000075
core   0: 0x80001ce2 (0x00000001) c.nop
core   0: 3 0x80001ce2 (0x0001)
core   0: 0x80001ce4 (0x024fa833) mulhsu  a6, t6, tp
core   0: 3 0x80001ce4 (0x024fa833) x16 0xffffffff
core   0: 0x80001ce8 (0x0002ad33) slt     s10, t0, zero
core   0: 3 0x80001ce8 (0x0002ad33) x26 0x00000000
core   0: 0x80001cec (0x008a90b3) sll     ra, s5, s0
core   0: 3 0x80001cec (0x008a90b3) x 1 0x00005000
core   0: 0x80001cf0 (0x01d56933) or      s2, a0, t4
core   0: 3 0x80001cf0 (0x01d56933) x18 0xc0009e77
core   0: 0x80001cf4 (0x00008fc9) c.or    a5, a0
core   0: 3 0x80001cf4 (0x8fc9) x15 0xffffffff
core   0: 0x80001cf6 (0x02872bb3) mulhsu  s7, a4, s0
core   0: 3 0x80001cf6 (0x02872bb3) x23 0x00000000
core   0: 0x80001cfa (0x036051b3) divu    gp, zero, s6
core   0: 3 0x80001cfa (0x036051b3) x 3 0xffffffff
core   0: 0x80001cfe (0x710ff037) lui     zero, 0x710ff
core   0: 3 0x80001cfe (0x710ff037)
core   0: 0x80001d02 (0x01a75813) srli    a6, a4, 26
core   0: 3 0x80001d02 (0x01a75813) x16 0x00000020
core   0: 0x80001d06 (0x00008c3d) c.xor   s0, a5
core   0: 3 0x80001d06 (0x8c3d) x 8 0xffffffff
core   0: 0x80001d08 (0x41300cb3) sub     s9, zero, s3
core   0: 3 0x80001d08 (0x41300cb3) x25 0x00000000
core   0: 0x80001d0c (0x00009c0e) c.add   s8, gp
core   0: 3 0x80001d0c (0x9c0e) x24 0xbfff83eb
core   0: 0x80001d0e (0xa5882913) slti    s2, a6, -1448
core   0: 3 0x80001d0e (0xa5882913) x18 0x00000000
core   0: 0x80001d12 (0x00008fcd) c.or    a5, a1
core   0: 3 0x80001d12 (0x8fcd) x15 0xffffffff
core   0: 0x80001d14 (0x02282d33) mulhsu  s10, a6, sp
core   0: 3 0x80001d14 (0x02282d33) x26 0x00000010
core   0: 0x80001d18 (0x9e3ce213) ori     tp, s9, -1565
core   0: 3 0x80001d18 (0x9e3ce213) x 4 0xfffff9e3
core   0: 0x80001d1c (0xe84b6a13) ori     s4, s6, -380
core   0: 3 0x80001d1c (0xe84b6a13) x20 0xfffffe84
core   0: 0x80001d20 (0x02c1c533) div     a0, gp, a2
core   0: 3 0x80001d20 (0x02c1c533) x10 0xffffffff
core   0: 0x80001d24 (0x035a3eb3) mulhu   t4, s4, s5
core   0: 3 0x80001d24 (0x035a3eb3) x29 0x00004fff
core   0: 0x80001d28 (0x003f3b33) sltu    s6, t5, gp
core   0: 3 0x80001d28 (0x003f3b33) x22 0x00000001
core   0: 0x80001d2c (0x01ca43b3) xor     t2, s4, t3
core   0: 3 0x80001d2c (0x01ca43b3) x 7 0xfffffe84
core   0: 0x80001d30 (0x0000537d) c.li    t1, -1
core   0: 3 0x80001d30 (0x537d) x 6 0xffffffff
core   0: 0x80001d32 (0x4fbf4893) xori    a7, t5, 1275
core   0: 3 0x80001d32 (0x4fbf4893) x17 0x1d5844fb
core   0: 0x80001d36 (0x1e152c13) slti    s8, a0, 481
core   0: 3 0x80001d36 (0x1e152c13) x24 0x00000001
core   0: 0x80001d3a (0x0000087e) c.slli  a6, 31
core   0: 3 0x80001d3a (0x087e) x16 0x00000000
core   0: 0x80001d3c (0x00be1a13) slli    s4, t3, 11
core   0: 3 0x80001d3c (0x00be1a13) x20 0x00000000
core   0: 0x80001d40 (0x00cf5813) srli    a6, t5, 12
core   0: 3 0x80001d40 (0x00cf5813) x16 0x0001d584
core   0: 0x80001d44 (0x0e5d5497) auipc   s1, 0xe5d5
core   0: 3 0x80001d44 (0x0e5d5497) x 9 0x8e5d6d44
core   0: 0x80001d48 (0x00000001) c.nop
core   0: 3 0x80001d48 (0x0001)
core   0: 0x80001d4a (0x000007cd) c.addi  a5, 19
core   0: 3 0x80001d4a (0x07cd) x15 0x00000012
core   0: 0x80001d4c (0x00008635) c.srai  a2, 13
core   0: 3 0x80001d4c (0x8635) x12 0x00000000
core   0: 0x80001d4e (0x01bf22b3) slt     t0, t5, s11
core   0: 3 0x80001d4e (0x01bf22b3) x 5 0x00000000
core   0: 0x80001d52 (0x0000064e) c.slli  a2, 19
core   0: 3 0x80001d52 (0x064e) x12 0x00000000
core   0: 0x80001d54 (0x408f85b3) sub     a1, t6, s0
core   0: 3 0x80001d54 (0x408f85b3) x11 0x8000063e
core   0: 0x80001d58 (0x000089da) c.mv    s3, s6
core   0: 3 0x80001d58 (0x89da) x19 0x00000001
core   0: 0x80001d5a (0x031b6ab3) rem     s5, s6, a7
core   0: 3 0x80001d5a (0x031b6ab3) x21 0x00000001
core   0: 0x80001d5e (0x00009562) c.add   a0, s8
core   0: 3 0x80001d5e (0x9562) x10 0x00000000
core   0: 0x80001d60 (0x00a954b3) srl     s1, s2, a0
core   0: 3 0x80001d60 (0x00a954b3) x 9 0x00000000
core   0: 0x80001d64 (0x016649b3) xor     s3, a2, s6
core   0: 3 0x80001d64 (0x016649b3) x19 0x00000001
core   0: 0x80001d68 (0x00006c6d) c.lui   s8, 0x1b
core   0: 3 0x80001d68 (0x6c6d) x24 0x0001b000
core   0: 0x80001d6a (0xb2484513) xori    a0, a6, -1244
core   0: 3 0x80001d6a (0xb2484513) x10 0xfffe2ea0
core   0: 0x80001d6e (0x01efa933) slt     s2, t6, t5
core   0: 3 0x80001d6e (0x01efa933) x18 0x00000001
core   0: 0x80001d72 (0x41cf5f33) sra     t5, t5, t3
core   0: 3 0x80001d72 (0x41cf5f33) x30 0x1d584000
core   0: 0x80001d76 (0x00000001) c.nop
core   0: 3 0x80001d76 (0x0001)
core   0: 0x80001d78 (0x011de0b3) or      ra, s11, a7
core   0: 3 0x80001d78 (0x011de0b3) x 1 0x9d5844fb
core   0: 0x80001d7c (0x00008a2e) c.mv    s4, a1
core   0: 3 0x80001d7c (0x8a2e) x20 0x8000063e
core   0: 0x80001d7e (0xa4c53797) auipc   a5, 0xa4c53
core   0: 3 0x80001d7e (0xa4c53797) x15 0x24c54d7e
core   0: 0x80001d82 (0x483aa913) slti    s2, s5, 1155
core   0: 3 0x80001d82 (0x483aa913) x18 0x00000001
core   0: 0x80001d86 (0x0299c3b3) div     t2, s3, s1
core   0: 3 0x80001d86 (0x0299c3b3) x 7 0xffffffff
core   0: 0x80001d8a (0x03600fb3) mul     t6, zero, s6
core   0: 3 0x80001d8a (0x03600fb3) x31 0x00000000
core   0: 0x80001d8e (0x00000001) c.nop
core   0: 3 0x80001d8e (0x0001)
core   0: 0x80001d90 (0x002a4533) xor     a0, s4, sp
core   0: 3 0x80001d90 (0x002a4533) x10 0x00013ada
core   0: 0x80001d94 (0x1322ea13) ori     s4, t0, 306
core   0: 3 0x80001d94 (0x1322ea13) x20 0x00000132
core   0: 0x80001d98 (0x6c6b8613) addi    a2, s7, 1734
core   0: 3 0x80001d98 (0x6c6b8613) x12 0x000006c6
core   0: 0x80001d9c (0x0125d3b3) srl     t2, a1, s2
core   0: 3 0x80001d9c (0x0125d3b3) x 7 0x4000031f
core   0: 0x80001da0 (0x41c201b3) sub     gp, tp, t3
core   0: 3 0x80001da0 (0x41c201b3) x 3 0xfffff9e3
core   0: 0x80001da4 (0x00006609) c.lui   a2, 0x2
core   0: 3 0x80001da4 (0x6609) x12 0x00002000
core   0: 0x80001da6 (0x00000001) c.nop
core   0: 3 0x80001da6 (0x0001)
core   0: 0x80001da8 (0x012ec8b3) xor     a7, t4, s2
core   0: 3 0x80001da8 (0x012ec8b3) x17 0x00004ffe
core   0: 0x80001dac (0x00000001) c.nop
core   0: 3 0x80001dac (0x0001)
core   0: 0x80001dae (0x03cc6ab3) rem     s5, s8, t3
core   0: 3 0x80001dae (0x03cc6ab3) x21 0x0001b000
core   0: 0x80001db2 (0x00008ecd) c.or    a3, a1
core   0: 3 0x80001db2 (0x8ecd) x13 0x8000067f
core   0: 0x80001db4 (0x029326b3) mulhsu  a3, t1, s1
core   0: 3 0x80001db4 (0x029326b3) x13 0x00000000
core   0: 0x80001db8 (0x407bd493) srai    s1, s7, 7
core   0: 3 0x80001db8 (0x407bd493) x 9 0x00000000
core   0: 0x80001dbc (0x01ea3833) sltu    a6, s4, t5
core   0: 3 0x80001dbc (0x01ea3833) x16 0x00000001
core   0: 0x80001dc0 (0x0000861d) c.srai  a2, 7
core   0: 3 0x80001dc0 (0x861d) x12 0x00000040
core   0: 0x80001dc2 (0x00009a7d) c.andi  a2, -1
core   0: 3 0x80001dc2 (0x9a7d) x12 0x00000040
core   0: 0x80001dc4 (0xb6f83497) auipc   s1, 0xb6f83
core   0: 3 0x80001dc4 (0xb6f83497) x 9 0x36f84dc4
core   0: 0x80001dc8 (0x01d3ff33) and     t5, t2, t4
core   0: 3 0x80001dc8 (0x01d3ff33) x30 0x0000031f
core   0: 0x80001dcc (0x03d48eb3) mul     t4, s1, t4
core   0: 3 0x80001dcc (0x03d48eb3) x29 0x6154f23c
core   0: 0x80001dd0 (0x00000ef2) c.slli  t4, 28
core   0: 3 0x80001dd0 (0x0ef2) x29 0xc0000000
core   0: 0x80001dd2 (0x03577e33) remu    t3, a4, s5
core   0: 3 0x80001dd2 (0x03577e33) x28 0x00011e64
core   0: 0x80001dd6 (0x40b25213) srai    tp, tp, 11
core   0: 3 0x80001dd6 (0x40b25213) x 4 0xffffffff
core   0: 0x80001dda (0x0166a7b3) slt     a5, a3, s6
core   0: 3 0x80001dda (0x0166a7b3) x15 0x00000001
core   0: 0x80001dde (0x00e5abb3) slt     s7, a1, a4
core   0: 3 0x80001dde (0x00e5abb3) x23 0x00000001
core   0: 0x80001de2 (0x0000587d) c.li    a6, -1
core   0: 3 0x80001de2 (0x587d) x16 0xffffffff
core   0: 0x80001de4 (0x40915293) srai    t0, sp, 9
core   0: 3 0x80001de4 (0x40915293) x 5 0xffc0009e
core   0: 0x80001de8 (0x024b87b3) mul     a5, s7, tp
core   0: 3 0x80001de8 (0x024b87b3) x15 0xffffffff
core   0: 0x80001dec (0x0312acb3) mulhsu  s9, t0, a7
core   0: 3 0x80001dec (0x0312acb3) x25 0xffffffec
core   0: 0x80001df0 (0x00000001) c.nop
core   0: 3 0x80001df0 (0x0001)
core   0: 0x80001df2 (0x01a1eb33) or      s6, gp, s10
core   0: 3 0x80001df2 (0x01a1eb33) x22 0xfffff9f3
core   0: 0x80001df6 (0x018459b3) srl     s3, s0, s8
core   0: 3 0x80001df6 (0x018459b3) x19 0xffffffff
core   0: 0x80001dfa (0x02c3f9b3) remu    s3, t2, a2
core   0: 3 0x80001dfa (0x02c3f9b3) x19 0x0000001f
core   0: 0x80001dfe (0x008d8333) add     t1, s11, s0
core   0: 3 0x80001dfe (0x008d8333) x 6 0x7fffffff
core   0: 0x80001e02 (0x00f35cb3) srl     s9, t1, a5
core   0: 3 0x80001e02 (0x00f35cb3) x25 0x00000000
core   0: 0x80001e06 (0x013b3bb3) sltu    s7, s6, s3
core   0: 3 0x80001e06 (0x013b3bb3) x23 0x00000000
core   0: 0x80001e0a (0x03818f33) mul     t5, gp, s8
core   0: 3 0x80001e0a (0x03818f33) x30 0xf5af1000
core   0: 0x80001e0e (0x02594c33) div     s8, s2, t0
core   0: 3 0x80001e0e (0x02594c33) x24 0x00000000
core   0: 0x80001e12 (0x0012b5b3) sltu    a1, t0, ra
core   0: 3 0x80001e12 (0x0012b5b3) x11 0x00000000
core   0: 0x80001e16 (0x00008cc2) c.mv    s9, a6
core   0: 3 0x80001e16 (0x8cc2) x25 0xffffffff
core   0: 0x80001e18 (0x2226c913) xori    s2, a3, 546
core   0: 3 0x80001e18 (0x2226c913) x18 0x00000222
core   0: 0x80001e1c (0x00008c55) c.or    s0, a3
core   0: 3 0x80001e1c (0x8c55) x 8 0xffffffff
core   0: 0x80001e1e (0x00008cc1) c.or    s1, s0
core   0: 3 0x80001e1e (0x8cc1) x 9 0xffffffff
core   0: 0x80001e20 (0xd1aeee13) ori     t3, t4, -742
core   0: 3 0x80001e20 (0xd1aeee13) x28 0xfffffd1a
core   0: 0x80001e24 (0x00008289) c.srli  a3, 2
core   0: 3 0x80001e24 (0x8289) x13 0x00000000
core   0: 0x80001e26 (0x00004b39) c.li    s6, 14
core   0: 3 0x80001e26 (0x4b39) x22 0x0000000e
core   0: 0x80001e28 (0x00008ab5) c.andi  a3, 13
core   0: 3 0x80001e28 (0x8ab5) x13 0x00000000
core   0: 0x80001e2a (0x02a8bc33) mulhu   s8, a7, a0
core   0: 3 0x80001e2a (0x02a8bc33) x24 0x00000000
core   0: 0x80001e2e (0x405a5d33) sra     s10, s4, t0
core   0: 3 0x80001e2e (0x405a5d33) x26 0x00000000
core   0: 0x80001e32 (0x000001de) c.slli  gp, 23
core   0: 3 0x80001e32 (0x01de) x 3 0xf1800000
core   0: 0x80001e34 (0x13e1f793) andi    a5, gp, 318
core   0: 3 0x80001e34 (0x13e1f793) x15 0x00000000
core   0: 0x80001e38 (0x00006219) c.lui   tp, 0x6
core   0: 3 0x80001e38 (0x6219) x 4 0x00006000
core   0: 0x80001e3a (0x408b0533) sub     a0, s6, s0
core   0: 3 0x80001e3a (0x408b0533) x10 0x0000000f
core   0: 0x80001e3e (0x0000084a) c.slli  a6, 18
core   0: 3 0x80001e3e (0x084a) x16 0xfffc0000
core   0: 0x80001e40 (0x01cf79b3) and     s3, t5, t3
core   0: 3 0x80001e40 (0x01cf79b3) x19 0xf5af1000
core   0: 0x80001e44 (0x40365433) sra     s0, a2, gp
core   0: 3 0x80001e44 (0x40365433) x 8 0x00000040
core   0: 0x80001e48 (0x0341dd33) divu    s10, gp, s4
core   0: 3 0x80001e48 (0x0341dd33) x26 0x00ca0a0a
core   0: 0x80001e4c (0x0000187d) c.addi  a6, -1
core   0: 3 0x80001e4c (0x187d) x16 0xfffbffff
core   0: 0x80001e4e (0x029f24b3) mulhsu  s1, t5, s1
core   0: 3 0x80001e4e (0x029f24b3) x 9 0xf5af1000
core   0: 0x80001e52 (0x7eeb5b37) lui     s6, 0x7eeb5
core   0: 3 0x80001e52 (0x7eeb5b37) x22 0x7eeb5000
core   0: 0x80001e56 (0x000089dd) c.andi  a1, 23
core   0: 3 0x80001e56 (0x89dd) x11 0x00000000
core   0: 0x80001e58 (0x00000a42) c.slli  s4, 16
core   0: 3 0x80001e58 (0x0a42) x20 0x01320000
core   0: 0x80001e5a (0x0260ebb3) rem     s7, ra, t1
core   0: 3 0x80001e5a (0x0260ebb3) x23 0x9d5844fb
core   0: 0x80001e5e (0x02c71033) mulh    zero, a4, a2
core   0: 3 0x80001e5e (0x02c71033)
core   0: 0x80001e62 (0x00008dd1) c.or    a1, a2
core   0: 3 0x80001e62 (0x8dd1) x11 0x00000040
core   0: 0x80001e64 (0x00a28233) add     tp, t0, a0
core   0: 3 0x80001e64 (0x00a28233) x 4 0xffc000ad
core   0: 0x80001e68 (0x95cfb297) auipc   t0, 0x95cfb
core   0: 3 0x80001e68 (0x95cfb297) x 5 0x15cfce68
core   0: 0x80001e6c (0x000059fd) c.li    s3, -1
core   0: 3 0x80001e6c (0x59fd) x19 0xffffffff
core   0: 0x80001e6e (0x03dcd7b3) divu    a5, s9, t4
core   0: 3 0x80001e6e (0x03dcd7b3) x15 0x00000001
core   0: 0x80001e72 (0x00000001) c.nop
core   0: 3 0x80001e72 (0x0001)
core   0: 0x80001e74 (0x02a73633) mulhu   a2, a4, a0
core   0: 3 0x80001e74 (0x02a73633) x12 0x00000007
core   0: 0x80001e78 (0x00242933) slt     s2, s0, sp
core   0: 3 0x80001e78 (0x00242933) x18 0x00000000
core   0: 0x80001e7c (0xac760d17) auipc   s10, 0xac760
core   0: 3 0x80001e7c (0xac760d17) x26 0x2c761e7c
core   0: 0x80001e80 (0x00008639) c.srai  a2, 14
core   0: 3 0x80001e80 (0x8639) x12 0x00000000
core   0: 0x80001e82 (0x030d1eb3) mulh    t4, s10, a6
core   0: 3 0x80001e82 (0x030d1eb3) x29 0xffff4e27
core   0: 0x80001e86 (0x000086b6) c.mv    a3, a3
core   0: 3 0x80001e86 (0x86b6) x13 0x00000000
core   0: 0x80001e88 (0x0238be33) mulhu   t3, a7, gp
core   0: 3 0x80001e88 (0x0238be33) x28 0x00004b76
core   0: 0x80001e8c (0x00fd94b3) sll     s1, s11, a5
core   0: 3 0x80001e8c (0x00fd94b3) x 9 0x00000000
core   0: 0x80001e90 (0x00008cdd) c.or    s1, a5
core   0: 3 0x80001e90 (0x8cdd) x 9 0x00000001
core   0: 0x80001e92 (0x031fda33) divu    s4, t6, a7
core   0: 3 0x80001e92 (0x031fda33) x20 0x00000000
core   0: 0x80001e96 (0x000066d1) c.lui   a3, 0x14
core   0: 3 0x80001e96 (0x66d1) x13 0x00014000
core   0: 0x80001e98 (0x62c92693) slti    a3, s2, 1580
core   0: 3 0x80001e98 (0x62c92693) x13 0x00000001
core   0: 0x80001e9c (0x00008a05) c.andi  a2, 1
core   0: 3 0x80001e9c (0x8a05) x12 0x00000000
core   0: 0x80001e9e (0x6b389a97) auipc   s5, 0x6b389
core   0: 3 0x80001e9e (0x6b389a97) x21 0xeb38ae9e
core   0: 0x80001ea2 (0xa5db7493) andi    s1, s6, -1443
core   0: 3 0x80001ea2 (0xa5db7493) x 9 0x7eeb5000
core   0: 0x80001ea6 (0x01aeda93) srli    s5, t4, 26
core   0: 3 0x80001ea6 (0x01aeda93) x21 0x0000003f
core   0: 0x80001eaa (0x023d4233) div     tp, s10, gp
core   0: 3 0x80001eaa (0x023d4233) x 4 0xfffffffd
core   0: 0x80001eae (0x00008cf6) c.mv    s9, t4
core   0: 3 0x80001eae (0x8cf6) x25 0xffff4e27
core   0: 0x80001eb0 (0x02ec6d33) rem     s10, s8, a4
core   0: 3 0x80001eb0 (0x02ec6d33) x26 0x00000000
core   0: 0x80001eb4 (0x41c58eb3) sub     t4, a1, t3
core   0: 3 0x80001eb4 (0x41c58eb3) x29 0xffffb4ca
core   0: 0x80001eb8 (0x000083ad) c.srli  a5, 11
core   0: 3 0x80001eb8 (0x83ad) x15 0x00000000
core   0: 0x80001eba (0x72912793) slti    a5, sp, 1833
core   0: 3 0x80001eba (0x72912793) x15 0x00000001
core   0: 0x80001ebe (0x00008629) c.srai  a2, 10
core   0: 3 0x80001ebe (0x8629) x12 0x00000000
core   0: 0x80001ec0 (0x00292a33) slt     s4, s2, sp
core   0: 3 0x80001ec0 (0x00292a33) x20 0x00000000
core   0: 0x80001ec4 (0x0000841d) c.srai  s0, 7
core   0: 3 0x80001ec4 (0x841d) x 8 0x00000000
core   0: 0x80001ec6 (0x00291fb3) sll     t6, s2, sp
core   0: 3 0x80001ec6 (0x00291fb3) x31 0x00000000
core   0: 0x80001eca (0x027352b3) divu    t0, t1, t2
core   0: 3 0x80001eca (0x027352b3) x 5 0x00000001
core   0: 0x80001ece (0x00005e7d) c.li    t3, -1
core   0: 3 0x80001ece (0x5e7d) x28 0xffffffff
core   0: 0x80001ed0 (0x5b88ee37) lui     t3, 0x5b88e
core   0: 3 0x80001ed0 (0x5b88ee37) x28 0x5b88e000
core   0: 0x80001ed4 (0x41210333) sub     t1, sp, s2
core   0: 3 0x80001ed4 (0x41210333) x 6 0x80013ce4
core   0: 0x80001ed8 (0x005853b3) srl     t2, a6, t0
core   0: 3 0x80001ed8 (0x005853b3) x 7 0x7ffdffff
core   0: 0x80001edc (0x000083e9) c.srli  a5, 26
core   0: 3 0x80001edc (0x83e9) x15 0x00000000
core   0: 0x80001ede (0x414d5633) sra     a2, s10, s4
core   0: 3 0x80001ede (0x414d5633) x12 0x00000000
core   0: 0x80001ee2 (0x013befb3) or      t6, s7, s3
core   0: 3 0x80001ee2 (0x013befb3) x31 0xffffffff
core   0: 0x80001ee6 (0xf7effb13) andi    s6, t6, -130
core   0: 3 0x80001ee6 (0xf7effb13) x22 0xffffff7e
core   0: 0x80001eea (0x00008e51) c.or    a2, a2
core   0: 3 0x80001eea (0x8e51) x12 0x00000000
core   0: 0x80001eec (0x00008cca) c.mv    s9, s2
core   0: 3 0x80001eec (0x8cca) x25 0x00000000
core   0: 0x80001eee (0x02901533) mulh    a0, zero, s1
core   0: 3 0x80001eee (0x02901533) x10 0x00000000
core   0: 0x80001ef2 (0x1f804413) xori    s0, zero, 504
core   0: 3 0x80001ef2 (0x1f804413) x 8 0x000001f8
core   0: 0x80001ef6 (0xbd01cf13) xori    t5, gp, -1072
core   0: 3 0x80001ef6 (0xbd01cf13) x30 0x0e7ffbd0
core   0: 0x80001efa (0xa618be97) auipc   t4, 0xa618b
core   0: 3 0x80001efa (0xa618be97) x29 0x2618cefa
core   0: 0x80001efe (0x0a6f7813) andi    a6, t5, 166
core   0: 3 0x80001efe (0x0a6f7813) x16 0x00000080
core   0: 0x80001f02 (0xf4814213) xori    tp, sp, -184
core   0: 3 0x80001f02 (0xf4814213) x 4 0x7ffec3ac
core   0: 0x80001f06 (0x8c8de093) ori     ra, s11, -1848
core   0: 3 0x80001f06 (0x8c8de093) x 1 0xfffff8c8
core   0: 0x80001f0a (0x000901b3) add     gp, s2, zero
core   0: 3 0x80001f0a (0x000901b3) x 3 0x00000000
core   0: 0x80001f0e (0x00263933) sltu    s2, a2, sp
core   0: 3 0x80001f0e (0x00263933) x18 0x00000001
core   0: 0x80001f12 (0x40c55393) srai    t2, a0, 12
core   0: 3 0x80001f12 (0x40c55393) x 7 0x00000000
core   0: 0x80001f16 (0x40d1d233) sra     tp, gp, a3
core   0: 3 0x80001f16 (0x40d1d233) x 4 0x00000000
core   0: 0x80001f1a (0x00000001) c.nop
core   0: 3 0x80001f1a (0x0001)
core   0: 0x80001f1c (0x022d5433) divu    s0, s10, sp
core   0: 3 0x80001f1c (0x022d5433) x 8 0x00000000
core   0: 0x80001f20 (0xaf495637) lui     a2, 0xaf495
core   0: 3 0x80001f20 (0xaf495637) x12 0xaf495000
core   0: 0x80001f24 (0xba4abd13) sltiu   s10, s5, -1116
core   0: 3 0x80001f24 (0xba4abd13) x26 0x00000001
core   0: 0x80001f28 (0x01391893) slli    a7, s2, 19
core   0: 3 0x80001f28 (0x01391893) x17 0x00080000
core   0: 0x80001f2c (0x02d37833) remu    a6, t1, a3
core   0: 3 0x80001f2c (0x02d37833) x16 0x00000000
core   0: 0x80001f30 (0x002a82b3) add     t0, s5, sp
core   0: 3 0x80001f30 (0x002a82b3) x 5 0x80013d23
core   0: 0x80001f34 (0x415dda93) srai    s5, s11, 21
core   0: 3 0x80001f34 (0x415dda93) x21 0xfffffc00
core   0: 0x80001f38 (0x032b5533) divu    a0, s6, s2
core   0: 3 0x80001f38 (0x032b5533) x10 0xffffff7e
core   0: 0x80001f3c (0x0075da93) srli    s5, a1, 7
core   0: 3 0x80001f3c (0x0075da93) x21 0x00000000
core   0: 0x80001f40 (0x03a1fb33) remu    s6, gp, s10
core   0: 3 0x80001f40 (0x03a1fb33) x22 0x00000000
core   0: 0x80001f44 (0x00008c45) c.or    s0, s1
core   0: 3 0x80001f44 (0x8c45) x 8 0x7eeb5000
core   0: 0x80001f46 (0x02262233) mulhsu  tp, a2, sp
core   0: 3 0x80001f46 (0x02262233) x 4 0xd7a44416
core   0: 0x80001f4a (0x00008189) c.srli  a1, 2
core   0: 3 0x80001f4a (0x8189) x11 0x00000010
core   0: 0x80001f4c (0x011c9b13) slli    s6, s9, 17
core   0: 3 0x80001f4c (0x011c9b13) x22 0x00000000
core   0: 0x80001f50 (0x00008d16) c.mv    s10, t0
core   0: 3 0x80001f50 (0x8d16) x26 0x80013d23
core   0: 0x80001f52 (0x00fc30b3) sltu    ra, s8, a5
core   0: 3 0x80001f52 (0x00fc30b3) x 1 0x00000000
core   0: 0x80001f56 (0x033bbbb3) mulhu   s7, s7, s3
core   0: 3 0x80001f56 (0x033bbbb3) x23 0x9d5844fa
core   0: 0x80001f5a (0x0000997d) c.andi  a0, -1
core   0: 3 0x80001f5a (0x997d) x10 0xffffff7e
core   0: 0x80001f5c (0x01455193) srli    gp, a0, 20
core   0: 3 0x80001f5c (0x01455193) x 3 0x00000fff
core   0: 0x80001f60 (0x03567833) remu    a6, a2, s5
core   0: 3 0x80001f60 (0x03567833) x16 0xaf495000
core   0: 0x80001f64 (0x011e9e33) sll     t3, t4, a7
core   0: 3 0x80001f64 (0x011e9e33) x28 0x2618cefa
core   0: 0x80001f68 (0x4058d633) sra     a2, a7, t0
core   0: 3 0x80001f68 (0x4058d633) x12 0x00010000
core   0: 0x80001f6c (0x031da6b3) mulhsu  a3, s11, a7
core   0: 3 0x80001f6c (0x031da6b3) x13 0xfffc0000
core   0: 0x80001f70 (0x010226b3) slt     a3, tp, a6
core   0: 3 0x80001f70 (0x010226b3) x13 0x00000000
core   0: 0x80001f74 (0x000049c9) c.li    s3, 18
core   0: 3 0x80001f74 (0x49c9) x19 0x00000012
core   0: 0x80001f76 (0x00008d79) c.and   a0, a4
core   0: 3 0x80001f76 (0x8d79) x10 0x8000fe64
core   0: 0x80001f78 (0x00008d25) c.xor   a0, s1
core   0: 3 0x80001f78 (0x8d25) x10 0xfeebae64
core   0: 0x80001f7a (0x02b9b0b3) mulhu   ra, s3, a1
core   0: 3 0x80001f7a (0x02b9b0b3) x 1 0x00000000
core   0: 0x80001f7e (0x00008aa9) c.andi  a3, 10
core   0: 3 0x80001f7e (0x8aa9) x13 0x00000000
core   0: 0x80001f80 (0x020844b3) div     s1, a6, zero
core   0: 3 0x80001f80 (0x020844b3) x 9 0xffffffff
core   0: 0x80001f84 (0x0218ea33) rem     s4, a7, ra
core   0: 3 0x80001f84 (0x0218ea33) x20 0x00080000
core   0: 0x80001f88 (0x00008659) c.srai  a2, 22
core   0: 3 0x80001f88 (0x8659) x12 0x00000000
core   0: 0x80001f8a (0x00d75e93) srli    t4, a4, 13
core   0: 3 0x80001f8a (0x00d75e93) x29 0x00040007
core   0: 0x80001f8e (0x01df5293) srli    t0, t5, 29
core   0: 3 0x80001f8e (0x01df5293) x 5 0x00000000
core   0: 0x80001f92 (0x0000633d) c.lui   t1, 0xf
core   0: 3 0x80001f92 (0x633d) x 6 0x0000f000
core   0: 0x80001f94 (0x02c75d33) divu    s10, a4, a2
core   0: 3 0x80001f94 (0x02c75d33) x26 0xffffffff
core   0: 0x80001f98 (0x034d7233) remu    tp, s10, s4
core   0: 3 0x80001f98 (0x034d7233) x 4 0x0007ffff
core   0: 0x80001f9c (0x00008c49) c.or    s0, a0
core   0: 3 0x80001f9c (0x8c49) x 8 0xfeebfe64
core   0: 0x80001f9e (0x4143d613) srai    a2, t2, 20
core   0: 3 0x80001f9e (0x4143d613) x12 0x00000000
core   0: 0x80001fa2 (0xb7ed1e97) auipc   t4, 0xb7ed1
core   0: 3 0x80001fa2 (0xb7ed1e97) x29 0x37ed2fa2
core   0: 0x80001fa6 (0x000082ae) c.mv    t0, a1
core   0: 3 0x80001fa6 (0x82ae) x 5 0x00000010
core   0: 0x80001fa8 (0x9e694c17) auipc   s8, 0x9e694
core   0: 3 0x80001fa8 (0x9e694c17) x24 0x1e695fa8
core   0: 0x80001fac (0x00000001) c.nop
core   0: 3 0x80001fac (0x0001)
core   0: 0x80001fae (0x01075f33) srl     t5, a4, a6
core   0: 3 0x80001fae (0x01075f33) x30 0x8000fe64
core   0: 0x80001fb2 (0x122e9217) auipc   tp, 0x122e9
core   0: 3 0x80001fb2 (0x122e9217) x 4 0x922eafb2
core   0: 0x80001fb6 (0x00000001) c.nop
core   0: 3 0x80001fb6 (0x0001)
core   0: 0x80001fb8 (0x02552b33) mulhsu  s6, a0, t0
core   0: 3 0x80001fb8 (0x02552b33) x22 0xffffffff
core   0: 0x80001fbc (0x014b66b3) or      a3, s6, s4
core   0: 3 0x80001fbc (0x014b66b3) x13 0xffffffff
core   0: 0x80001fc0 (0x000a7a33) and     s4, s4, zero
core   0: 3 0x80001fc0 (0x000a7a33) x20 0x00000000
core   0: 0x80001fc4 (0x01512333) slt     t1, sp, s5
core   0: 3 0x80001fc4 (0x01512333) x 6 0x00000001
core   0: 0x80001fc8 (0x0047cf33) xor     t5, a5, tp
core   0: 3 0x80001fc8 (0x0047cf33) x30 0x922eafb2
core   0: 0x80001fcc (0x00009606) c.add   a2, ra
core   0: 3 0x80001fcc (0x9606) x12 0x00000000
core   0: 0x80001fce (0x0074f033) and     zero, s1, t2
core   0: 3 0x80001fce (0x0074f033)
core   0: 0x80001fd2 (0x03e58793) addi    a5, a1, 62
core   0: 3 0x80001fd2 (0x03e58793) x15 0x0000004e
core   0: 0x80001fd6 (0x403907b3) sub     a5, s2, gp
core   0: 3 0x80001fd6 (0x403907b3) x15 0xfffff002
core   0: 0x80001fda (0xa9984293) xori    t0, a6, -1383
core   0: 3 0x80001fda (0xa9984293) x 5 0x50b6aa99
core   0: 0x80001fde (0x00000c1e) c.slli  s8, 7
core   0: 3 0x80001fde (0x0c1e) x24 0x34afd400
core   0: 0x80001fe0 (0x021d8633) mul     a2, s11, ra
core   0: 3 0x80001fe0 (0x021d8633) x12 0x00000000
core   0: 0x80001fe4 (0x010e5633) srl     a2, t3, a6
core   0: 3 0x80001fe4 (0x010e5633) x12 0x2618cefa
core   0: 0x80001fe8 (0x318ecc93) xori    s9, t4, 792
core   0: 3 0x80001fe8 (0x318ecc93) x25 0x37ed2cba
core   0: 0x80001fec (0x019aecb3) or      s9, s5, s9
core   0: 3 0x80001fec (0x019aecb3) x25 0x37ed2cba
core   0: 0x80001ff0 (0x00008c86) c.mv    s9, ra
core   0: 3 0x80001ff0 (0x8c86) x25 0x00000000
core   0: 0x80001ff2 (0x02c7c433) div     s0, a5, a2
core   0: 3 0x80001ff2 (0x02c7c433) x 8 0x00000000
core   0: 0x80001ff6 (0x0381c333) div     t1, gp, s8
core   0: 3 0x80001ff6 (0x0381c333) x 6 0x00000000
core   0: 0x80001ffa (0x01789c13) slli    s8, a7, 23
core   0: 3 0x80001ffa (0x01789c13) x24 0x00000000
core   0: 0x80001ffe (0x0182ccb3) xor     s9, t0, s8
core   0: 3 0x80001ffe (0x0182ccb3) x25 0x50b6aa99
core   0: 0x80002002 (0x3b5fa313) slti    t1, t6, 949
core   0: 3 0x80002002 (0x3b5fa313) x 6 0x00000001
core   0: 0x80002006 (0x3598bb13) sltiu   s6, a7, 857
core   0: 3 0x80002006 (0x3598bb13) x22 0x00000000
core   0: 0x8000200a (0x00008cea) c.mv    s9, s10
core   0: 3 0x8000200a (0x8cea) x25 0xffffffff
core   0: 0x8000200c (0x006f8633) add     a2, t6, t1
core   0: 3 0x8000200c (0x006f8633) x12 0x00000000
core   0: 0x80002010 (0x00000001) c.nop
core   0: 3 0x80002010 (0x0001)
core   0: 0x80002012 (0x48506b93) ori     s7, zero, 1157
core   0: 3 0x80002012 (0x48506b93) x23 0x00000485
core   0: 0x80002016 (0xead7bc93) sltiu   s9, a5, -339
core   0: 3 0x80002016 (0xead7bc93) x25 0x00000001
core   0: 0x8000201a (0x00000ac1) c.addi  s5, 16
core   0: 3 0x8000201a (0x0ac1) x21 0x00000010
core   0: 0x8000201c (0x0008d7b3) srl     a5, a7, zero
core   0: 3 0x8000201c (0x0008d7b3) x15 0x00080000
core   0: 0x80002020 (0x013577b3) and     a5, a0, s3
core   0: 3 0x80002020 (0x013577b3) x15 0x00000000
core   0: 0x80002024 (0x0000808d) c.srli  s1, 3
core   0: 3 0x80002024 (0x808d) x 9 0x1fffffff
core   0: 0x80002026 (0x000067c1) c.lui   a5, 0x10
core   0: 3 0x80002026 (0x67c1) x15 0x00010000
core   0: 0x80002028 (0x404505b3) sub     a1, a0, tp
core   0: 3 0x80002028 (0x404505b3) x11 0x6cbcfeb2
core   0: 0x8000202c (0x03eab833) mulhu   a6, s5, t5
core   0: 3 0x8000202c (0x03eab833) x16 0x00000009
core   0: 0x80002030 (0xaae54613) xori    a2, a0, -1362
core   0: 3 0x80002030 (0xaae54613) x12 0x011454ca
core   0: 0x80002034 (0x5a208a13) addi    s4, ra, 1442
core   0: 3 0x80002034 (0x5a208a13) x20 0x000005a2
core   0: 0x80002038 (0x01071213) slli    tp, a4, 16
core   0: 3 0x80002038 (0x01071213) x 4 0xfe640000
core   0: 0x8000203c (0x00009872) c.add   a6, t3
core   0: 3 0x8000203c (0x9872) x16 0x2618cf03
core   0: 0x8000203e (0x03a28c33) mul     s8, t0, s10
core   0: 3 0x8000203e (0x03a28c33) x24 0xaf495567
core   0: 0x80002042 (0x007cceb3) xor     t4, s9, t2
core   0: 3 0x80002042 (0x007cceb3) x29 0x00000001
core   0: 0x80002046 (0x000001ce) c.slli  gp, 19
core   0: 3 0x80002046 (0x01ce) x 3 0x7ff80000
core   0: 0x80002048 (0x00211313) slli    t1, sp, 2
core   0: 3 0x80002048 (0x00211313) x 6 0x0004f390
core   0: 0x8000204c (0xb1464293) xori    t0, a2, -1260
core   0: 3 0x8000204c (0xb1464293) x 5 0xfeebafde
core   0: 0x80002050 (0x00c5e433) or      s0, a1, a2
core   0: 3 0x80002050 (0x00c5e433) x 8 0x6dbcfefa
core   0: 0x80002054 (0x41b3d9b3) sra     s3, t2, s11
core   0: 3 0x80002054 (0x41b3d9b3) x19 0x00000000
core   0: 0x80002058 (0x00008915) c.andi  a0, 5
core   0: 3 0x80002058 (0x8915) x10 0x00000004
core   0: 0x8000205a (0x00c96fb3) or      t6, s2, a2
core   0: 3 0x8000205a (0x00c96fb3) x31 0x011454cb
core   0: 0x8000205e (0x03ae16b3) mulh    a3, t3, s10
core   0: 3 0x8000205e (0x03ae16b3) x13 0xffffffff
core   0: 0x80002062 (0x00008eaa) c.mv    t4, a0
core   0: 3 0x80002062 (0x8eaa) x29 0x00000004
core   0: 0x80002064 (0x000007e2) c.slli  a5, 24
core   0: 3 0x80002064 (0x07e2) x15 0x00000000
core   0: 0x80002066 (0x00008cb2) c.mv    s9, a2
core   0: 3 0x80002066 (0x8cb2) x25 0x011454ca
core   0: 0x80002068 (0x02296533) rem     a0, s2, sp
core   0: 3 0x80002068 (0x02296533) x10 0x00000001
core   0: 0x8000206c (0x000085d1) c.srai  a1, 20
core   0: 3 0x8000206c (0x85d1) x11 0x000006cb
core   0: 0x8000206e (0x869847b7) lui     a5, 0x86984
core   0: 3 0x8000206e (0x869847b7) x15 0x86984000
core   0: 0x80002072 (0x03bb2533) mulhsu  a0, s6, s11
core   0: 3 0x80002072 (0x03bb2533) x10 0x00000000
core   0: 0x80002076 (0x00008dbd) c.xor   a1, a5
core   0: 3 0x80002076 (0x8dbd) x11 0x869846cb
core   0: 0x80002078 (0x9606ec13) ori     s8, a3, -1696
core   0: 3 0x80002078 (0x9606ec13) x24 0xffffffff
core   0: 0x8000207c (0x00008f89) c.sub   a5, a0
core   0: 3 0x8000207c (0x8f89) x15 0x86984000
core   0: 0x8000207e (0x026dd8b3) divu    a7, s11, t1
core   0: 3 0x8000207e (0x026dd8b3) x17 0x000019d9
core   0: 0x80002082 (0x00e27933) and     s2, tp, a4
core   0: 3 0x80002082 (0x00e27933) x18 0x80000000
core   0: 0x80002086 (0x00000001) c.nop
core   0: 3 0x80002086 (0x0001)
core   0: 0x80002088 (0x00008e51) c.or    a2, a2
core   0: 3 0x80002088 (0x8e51) x12 0x011454ca
core   0: 0x8000208a (0x02e427b3) mulhsu  a5, s0, a4
core   0: 3 0x8000208a (0x02e427b3) x15 0x36deec89
core   0: 0x8000208e (0x41975a93) srai    s5, a4, 25
core   0: 3 0x8000208e (0x41975a93) x21 0xffffffc0
core   0: 0x80002092 (0x021b3033) mulhu   zero, s6, ra
core   0: 3 0x80002092 (0x021b3033)
core   0: 0x80002096 (0xcef27037) lui     zero, 0xcef27
core   0: 3 0x80002096 (0xcef27037)
core   0: 0x8000209a (0x026070b3) remu    ra, zero, t1
core   0: 3 0x8000209a (0x026070b3) x 1 0x00000000
core   0: 0x8000209e (0xacbe2a97) auipc   s5, 0xacbe2
core   0: 3 0x8000209e (0xacbe2a97) x21 0x2cbe409e
core   0: 0x800020a2 (0x00273633) sltu    a2, a4, sp
core   0: 3 0x800020a2 (0x00273633) x12 0x00000001
core   0: 0x800020a6 (0x289a4797) auipc   a5, 0x289a4
core   0: 3 0x800020a6 (0x289a4797) x15 0xa89a60a6
core   0: 0x800020aa (0x00008cd5) c.or    s1, a3
core   0: 3 0x800020aa (0x8cd5) x 9 0xffffffff
core   0: 0x800020ac (0x00008c11) c.sub   s0, a2
core   0: 3 0x800020ac (0x8c11) x 8 0x6dbcfef9
core   0: 0x800020ae (0x013cf633) and     a2, s9, s3
core   0: 3 0x800020ae (0x013cf633) x12 0x00000000
core   0: 0x800020b2 (0x415685b3) sub     a1, a3, s5
core   0: 3 0x800020b2 (0x415685b3) x11 0xd341bf61
core   0: 0x800020b6 (0x954ea893) slti    a7, t4, -1708
core   0: 3 0x800020b6 (0x954ea893) x17 0x00000000
core   0: 0x800020ba (0x027192b3) mulh    t0, gp, t2
core   0: 3 0x800020ba (0x027192b3) x 5 0x00000000
core   0: 0x800020be (0x00008e55) c.or    a2, a3
core   0: 3 0x800020be (0x8e55) x12 0xffffffff
core   0: 0x800020c0 (0xa0221b17) auipc   s6, 0xa0221
core   0: 3 0x800020c0 (0xa0221b17) x22 0x202230c0
core   0: 0x800020c4 (0x00aa81b3) add     gp, s5, a0
core   0: 3 0x800020c4 (0x00aa81b3) x 3 0x2cbe409e
core   0: 0x800020c8 (0x22260613) addi    a2, a2, 546
core   0: 3 0x800020c8 (0x22260613) x12 0x00000221
core   0: 0x800020cc (0x00009a06) c.add   s4, ra
core   0: 3 0x800020cc (0x9a06) x20 0x000005a2
core   0: 0x800020ce (0x00008d49) c.or    a0, a0
core   0: 3 0x800020ce (0x8d49) x10 0x00000000
core   0: 0x800020d0 (0x03ad7ab3) remu    s5, s10, s10
core   0: 3 0x800020d0 (0x03ad7ab3) x21 0x00000000
core   0: 0x800020d4 (0x01896f33) or      t5, s2, s8
core   0: 3 0x800020d4 (0x01896f33) x30 0xffffffff
core   0: 0x800020d8 (0x03de8eb3) mul     t4, t4, t4
core   0: 3 0x800020d8 (0x03de8eb3) x29 0x00000010
core   0: 0x800020dc (0x1c255297) auipc   t0, 0x1c255
core   0: 3 0x800020dc (0x1c255297) x 5 0x9c2570dc
core   0: 0x800020e0 (0x419bd613) srai    a2, s7, 25
core   0: 3 0x800020e0 (0x419bd613) x12 0x00000000
core   0: 0x800020e4 (0x00ed30b3) sltu    ra, s10, a4
core   0: 3 0x800020e4 (0x00ed30b3) x 1 0x00000000
core   0: 0x800020e8 (0xca37e393) ori     t2, a5, -861
core   0: 3 0x800020e8 (0xca37e393) x 7 0xfffffca7
core   0: 0x800020ec (0x0257b7b3) mulhu   a5, a5, t0
core   0: 3 0x800020ec (0x0257b7b3) x15 0x66d6bb89
core   0: 0x800020f0 (0x00008cc9) c.or    s1, a0
core   0: 3 0x800020f0 (0x8cc9) x 9 0xffffffff
core   0: 0x800020f2 (0x0006ebb3) or      s7, a3, zero
core   0: 3 0x800020f2 (0x0006ebb3) x23 0xffffffff
core   0: 0x800020f6 (0x407e59b3) sra     s3, t3, t2
core   0: 3 0x800020f6 (0x407e59b3) x19 0x004c319d
core   0: 0x800020fa (0xc6f47b93) andi    s7, s0, -913
core   0: 3 0x800020fa (0xc6f47b93) x23 0x6dbcfc69
core   0: 0x800020fe (0x401755b3) sra     a1, a4, ra
core   0: 3 0x800020fe (0x401755b3) x11 0x8000fe64
core   0: 0x80002102 (0x9a50f9b7) lui     s3, 0x9a50f
core   0: 3 0x80002102 (0x9a50f9b7) x19 0x9a50f000
core   0: 0x80002106 (0x03a97033) remu    zero, s2, s10
core   0: 3 0x80002106 (0x03a97033)
core   0: 0x8000210a (0x000081fe) c.mv    gp, t6
core   0: 3 0x8000210a (0x81fe) x 3 0x011454cb
core   0: 0x8000210c (0x406658b3) sra     a7, a2, t1
core   0: 3 0x8000210c (0x406658b3) x17 0x00000000
core   0: 0x80002110 (0x01a19533) sll     a0, gp, s10
core   0: 3 0x80002110 (0x01a19533) x10 0x80000000
core   0: 0x80002114 (0x000085ad) c.srai  a1, 11
core   0: 3 0x80002114 (0x85ad) x11 0xfff0001f
core   0: 0x80002116 (0x000080e9) c.srli  s1, 26
core   0: 3 0x80002116 (0x80e9) x 9 0x0000003f
core   0: 0x80002118 (0x01ba5e93) srli    t4, s4, 27
core   0: 3 0x80002118 (0x01ba5e93) x29 0x00000000
core   0: 0x8000211c (0x01a01293) slli    t0, zero, 26
core   0: 3 0x8000211c (0x01a01293) x 5 0x00000000
core   0: 0x80002120 (0x003f5a93) srli    s5, t5, 3
core   0: 3 0x80002120 (0x003f5a93) x21 0x1fffffff
core   0: 0x80002124 (0x00819cb3) sll     s9, gp, s0
core   0: 3 0x80002124 (0x00819cb3) x25 0x96000000
core   0: 0x80002128 (0x0087b3b3) sltu    t2, a5, s0
core   0: 3 0x80002128 (0x0087b3b3) x 7 0x00000001
core   0: 0x8000212c (0x00b276b3) and     a3, tp, a1
core   0: 3 0x8000212c (0x00b276b3) x13 0xfe600000
core   0: 0x80002130 (0x020266b3) rem     a3, tp, zero
core   0: 3 0x80002130 (0x020266b3) x13 0xfe640000
core   0: 0x80002134 (0x9dcb7c13) andi    s8, s6, -1572
core   0: 3 0x80002134 (0x9dcb7c13) x24 0x202230c0
core   0: 0x80002138 (0x41e257b3) sra     a5, tp, t5
core   0: 3 0x80002138 (0x41e257b3) x15 0xffffffff
core   0: 0x8000213c (0x402e8633) sub     a2, t4, sp
core   0: 3 0x8000213c (0x402e8633) x12 0x7ffec31c
core   0: 0x80002140 (0x0346a6b3) mulhsu  a3, a3, s4
core   0: 3 0x80002140 (0x0346a6b3) x13 0xfffffff6
core   0: 0x80002144 (0x01c8dfb3) srl     t6, a7, t3
core   0: 3 0x80002144 (0x01c8dfb3) x31 0x00000000
core   0: 0x80002148 (0x0000537d) c.li    t1, -1
core   0: 3 0x80002148 (0x537d) x 6 0xffffffff
core   0: 0x8000214a (0x92403f93) sltiu   t6, zero, -1756
core   0: 3 0x8000214a (0x92403f93) x31 0x00000001
core   0: 0x8000214e (0x002cd333) srl     t1, s9, sp
core   0: 3 0x8000214e (0x002cd333) x 6 0x09600000
core   0: 0x80002152 (0x01a4d193) srli    gp, s1, 26
core   0: 3 0x80002152 (0x01a4d193) x 3 0x00000000
core   0: 0x80002156 (0x00008085) c.srli  s1, 1
core   0: 3 0x80002156 (0x8085) x 9 0x0000001f
core   0: 0x80002158 (0xa9d43e13) sltiu   t3, s0, -1379
core   0: 3 0x80002158 (0xa9d43e13) x28 0x00000001
core   0: 0x8000215c (0x32816197) auipc   gp, 0x32816
core   0: 3 0x8000215c (0x32816197) x 3 0xb281815c
core   0: 0x80002160 (0x00008fd5) c.or    a5, a3
core   0: 3 0x80002160 (0x8fd5) x15 0xffffffff
core   0: 0x80002162 (0x00009836) c.add   a6, a3
core   0: 3 0x80002162 (0x9836) x16 0x2618cef9
core   0: 0x80002164 (0x419858b3) sra     a7, a6, s9
core   0: 3 0x80002164 (0x419858b3) x17 0x2618cef9
core   0: 0x80002168 (0x8d241697) auipc   a3, 0x8d241
core   0: 3 0x80002168 (0x8d241697) x13 0x0d243168
core   0: 0x8000216c (0x0276a233) mulhsu  tp, a3, t2
core   0: 3 0x8000216c (0x0276a233) x 4 0x00000000
core   0: 0x80002170 (0x0101e333) or      t1, gp, a6
core   0: 3 0x80002170 (0x0101e333) x 6 0xb699cffd
core   0: 0x80002174 (0x00e24d33) xor     s10, tp, a4
core   0: 3 0x80002174 (0x00e24d33) x26 0x8000fe64
core   0: 0x80002178 (0x00000312) c.slli  t1, 4
core   0: 3 0x80002178 (0x0312) x 6 0x699cffd0
core   0: 0x8000217a (0x1ce12493) slti    s1, sp, 462
core   0: 3 0x8000217a (0x1ce12493) x 9 0x00000001
core   0: 0x8000217e (0x417859b3) sra     s3, a6, s7
core   0: 3 0x8000217e (0x417859b3) x19 0x00130c67
core   0: 0x80002182 (0x00f3a533) slt     a0, t2, a5
core   0: 3 0x80002182 (0x00f3a533) x10 0x00000000
core   0: 0x80002186 (0x00008e7d) c.and   a2, a5
core   0: 3 0x80002186 (0x8e7d) x12 0x7ffec31c
core   0: 0x80002188 (0x9eae2fb7) lui     t6, 0x9eae2
core   0: 3 0x80002188 (0x9eae2fb7) x31 0x9eae2000
core   0: 0x8000218c (0x41245993) srai    s3, s0, 18
core   0: 3 0x8000218c (0x41245993) x19 0x00001b6f
core   0: 0x80002190 (0x03a86033) rem     zero, a6, s10
core   0: 3 0x80002190 (0x03a86033)
core   0: 0x80002194 (0x00000001) c.nop
core   0: 3 0x80002194 (0x0001)
core   0: 0x80002196 (0xe5a67e93) andi    t4, a2, -422
core   0: 3 0x80002196 (0xe5a67e93) x29 0x7ffec218
core   0: 0x8000219a (0x00c24a33) xor     s4, tp, a2
core   0: 3 0x8000219a (0x00c24a33) x20 0x7ffec31c
core   0: 0x8000219e (0x00000255) c.addi  tp, 21
core   0: 3 0x8000219e (0x0255) x 4 0x00000015
core   0: 0x800021a0 (0x305cc193) xori    gp, s9, 773
core   0: 3 0x800021a0 (0x305cc193) x 3 0x96000305
core   0: 0x800021a4 (0x01821f13) slli    t5, tp, 24
core   0: 3 0x800021a4 (0x01821f13) x30 0x15000000
core   0: 0x800021a8 (0x4021d413) srai    s0, gp, 2
core   0: 3 0x800021a8 (0x4021d413) x 8 0xe58000c1
core   0: 0x800021ac (0x86e17093) andi    ra, sp, -1938
core   0: 3 0x800021ac (0x86e17093) x 1 0x80013864
core   0: 0x800021b0 (0x02529333) mulh    t1, t0, t0
core   0: 3 0x800021b0 (0x02529333) x 6 0x00000000
core   0: 0x800021b4 (0x01dee9b3) or      s3, t4, t4
core   0: 3 0x800021b4 (0x01dee9b3) x19 0x7ffec218
core   0: 0x800021b8 (0x00000001) c.nop
core   0: 3 0x800021b8 (0x0001)
core   0: 0x800021ba (0x00008145) c.srli  a0, 17
core   0: 3 0x800021ba (0x8145) x10 0x00000000
core   0: 0x800021bc (0x037df2b3) remu    t0, s11, s7
core   0: 3 0x800021bc (0x037df2b3) x 5 0x12430397
core   0: 0x800021c0 (0x00008ff5) c.and   a5, a3
core   0: 3 0x800021c0 (0x8ff5) x15 0x0d243168
core   0: 0x800021c2 (0x01549893) slli    a7, s1, 21
core   0: 3 0x800021c2 (0x01549893) x17 0x00200000
core   0: 0x800021c6 (0x91f80593) addi    a1, a6, -1761
core   0: 3 0x800021c6 (0x91f80593) x11 0x2618c818
core   0: 0x800021ca (0x023afcb3) remu    s9, s5, gp
core   0: 3 0x800021ca (0x023afcb3) x25 0x1fffffff
core   0: 0x800021ce (0x41495093) srai    ra, s2, 20
core   0: 3 0x800021ce (0x41495093) x 1 0xfffff800
core   0: 0x800021d2 (0x017de2b3) or      t0, s11, s7
core   0: 3 0x800021d2 (0x017de2b3) x 5 0xedbcfc69
core   0: 0x800021d6 (0x000053fd) c.li    t2, -1
core   0: 3 0x800021d6 (0x53fd) x 7 0xffffffff
core   0: 0x800021d8 (0x00114f33) xor     t5, sp, ra
core   0: 3 0x800021d8 (0x00114f33) x30 0x7ffec4e4
core   0: 0x800021dc (0x00008e7d) c.and   a2, a5
core   0: 3 0x800021dc (0x8e7d) x12 0x0d240108
core   0: 0x800021de (0x28857913) andi    s2, a0, 648
core   0: 3 0x800021de (0x28857913) x18 0x00000000
core   0: 0x800021e2 (0x0363b1b3) mulhu   gp, t2, s6
core   0: 3 0x800021e2 (0x0363b1b3) x 3 0x202230bf
core   0: 0x800021e6 (0x016491b3) sll     gp, s1, s6
core   0: 3 0x800021e6 (0x016491b3) x 3 0x00000001
core   0: 0x800021ea (0x00000001) c.nop
core   0: 3 0x800021ea (0x0001)
core   0: 0x800021ec (0x74632437) lui     s0, 0x74632
core   0: 3 0x800021ec (0x74632437) x 8 0x74632000
core   0: 0x800021f0 (0x000046bd) c.li    a3, 15
core   0: 3 0x800021f0 (0x46bd) x13 0x0000000f
core   0: 0x800021f2 (0x000019fd) c.addi  s3, -1
core   0: 3 0x800021f2 (0x19fd) x19 0x7ffec217
core   0: 0x800021f4 (0x0127d313) srli    t1, a5, 18
core   0: 3 0x800021f4 (0x0127d313) x 6 0x00000349
core   0: 0x800021f8 (0x42556693) ori     a3, a0, 1061
core   0: 3 0x800021f8 (0x42556693) x13 0x00000425
core   0: 0x800021fc (0x00000ac6) c.slli  s5, 17
core   0: 3 0x800021fc (0x0ac6) x21 0xfffe0000
core   0: 0x800021fe (0x00000001) c.nop
core   0: 3 0x800021fe (0x0001)
core   0: 0x80002200 (0x00000001) c.nop
core   0: 3 0x80002200 (0x0001)
core   0: 0x80002202 (0x419fdf93) srai    t6, t6, 25
core   0: 3 0x80002202 (0x419fdf93) x31 0xffffffcf
core   0: 0x80002206 (0x20ef0817) auipc   a6, 0x20ef0
core   0: 3 0x80002206 (0x20ef0817) x16 0xa0ef2206
core   0: 0x8000220a (0x00008dd9) c.or    a1, a4
core   0: 3 0x8000220a (0x8dd9) x11 0xa618fe7c
core   0: 0x8000220c (0x3a707e93) andi    t4, zero, 935
core   0: 3 0x8000220c (0x3a707e93) x29 0x00000000
core   0: 0x80002210 (0x00000001) c.nop
core   0: 3 0x80002210 (0x0001)
core   0: 0x80002212 (0x001f58b3) srl     a7, t5, ra
core   0: 3 0x80002212 (0x001f58b3) x17 0x7ffec4e4
core   0: 0x80002216 (0x000089a6) c.mv    s3, s1
core   0: 3 0x80002216 (0x89a6) x19 0x00000001
core   0: 0x80002218 (0x41dcdb13) srai    s6, s9, 29
core   0: 3 0x80002218 (0x41dcdb13) x22 0x00000000
core   0: 0x8000221c (0x000001fe) c.slli  gp, 31
core   0: 3 0x8000221c (0x01fe) x 3 0x80000000
core   0: 0x8000221e (0x012e9913) slli    s2, t4, 18
core   0: 3 0x8000221e (0x012e9913) x18 0x00000000
core   0: 0x80002222 (0x02bf4833) div     a6, t5, a1
core   0: 3 0x80002222 (0x02bf4833) x16 0xffffffff
core   0: 0x80002226 (0x002abab3) sltu    s5, s5, sp
core   0: 3 0x80002226 (0x002abab3) x21 0x00000000
core   0: 0x8000222a (0x0192de93) srli    t4, t0, 25
core   0: 3 0x8000222a (0x0192de93) x29 0x00000076
core   0: 0x8000222e (0x006e20b3) slt     ra, t3, t1
core   0: 3 0x8000222e (0x006e20b3) x 1 0x00000001
core   0: 0x80002232 (0x00008fda) c.mv    t6, s6
core   0: 3 0x80002232 (0x8fda) x31 0x00000000
core   0: 0x80002234 (0x41550ab3) sub     s5, a0, s5
core   0: 3 0x80002234 (0x41550ab3) x21 0x00000000
core   0: 0x80002238 (0x4199da33) sra     s4, s3, s9
core   0: 3 0x80002238 (0x4199da33) x20 0x00000000
core   0: 0x8000223c (0x03ffe1b3) rem     gp, t6, t6
core   0: 3 0x8000223c (0x03ffe1b3) x 3 0x00000000
core   0: 0x80002240 (0x00008559) c.srai  a0, 22
core   0: 3 0x80002240 (0x8559) x10 0x00000000
core   0: 0x80002242 (0x4bdef613) andi    a2, t4, 1213
core   0: 3 0x80002242 (0x4bdef613) x12 0x00000034
core   0: 0x80002246 (0x02d10b33) mul     s6, sp, a3
core   0: 3 0x80002246 (0x02d10b33) x22 0x85215cf4
core   0: 0x8000224a (0x4ec50513) addi    a0, a0, 1260
core   0: 3 0x8000224a (0x4ec50513) x10 0x000004ec
core   0: 0x8000224e (0x00008c01) c.sub   s0, s0
core   0: 3 0x8000224e (0x8c01) x 8 0x00000000
core   0: 0x80002250 (0x0197f9b3) and     s3, a5, s9
core   0: 3 0x80002250 (0x0197f9b3) x19 0x0d243168
core   0: 0x80002254 (0x00000001) c.nop
core   0: 3 0x80002254 (0x0001)
core   0: 0x80002256 (0x00008539) c.srai  a0, 14
core   0: 3 0x80002256 (0x8539) x10 0x00000000
core   0: 0x80002258 (0x00008c61) c.and   s0, s0
core   0: 3 0x80002258 (0x8c61) x 8 0x00000000
core   0: 0x8000225a (0x00008efd) c.and   a3, a5
core   0: 3 0x8000225a (0x8efd) x13 0x00000020
core   0: 0x8000225c (0x011f9d33) sll     s10, t6, a7
core   0: 3 0x8000225c (0x011f9d33) x26 0x00000000
core   0: 0x80002260 (0x00000001) c.nop
core   0: 3 0x80002260 (0x0001)
core   0: 0x80002262 (0x00c84f33) xor     t5, a6, a2
core   0: 3 0x80002262 (0x00c84f33) x30 0xffffffcb
core   0: 0x80002266 (0x3fee4593) xori    a1, t3, 1022
core   0: 3 0x80002266 (0x3fee4593) x11 0x000003ff
core   0: 0x8000226a (0xb6af9917) auipc   s2, 0xb6af9
core   0: 3 0x8000226a (0xb6af9917) x18 0x36afb26a
core   0: 0x8000226e (0x012c08b3) add     a7, s8, s2
core   0: 3 0x8000226e (0x012c08b3) x17 0x56d1e32a
core   0: 0x80002272 (0x03cff1b3) remu    gp, t6, t3
core   0: 3 0x80002272 (0x03cff1b3) x 3 0x00000000
core   0: 0x80002276 (0x00ec18b3) sll     a7, s8, a4
core   0: 3 0x80002276 (0x00ec18b3) x17 0x02230c00
core   0: 0x8000227a (0xb72de813) ori     a6, s11, -1166
core   0: 3 0x8000227a (0xb72de813) x16 0xfffffb72
core   0: 0x8000227e (0x01f4d4b3) srl     s1, s1, t6
core   0: 3 0x8000227e (0x01f4d4b3) x 9 0x00000001
core   0: 0x80002282 (0x00008c6d) c.and   s0, a1
core   0: 3 0x80002282 (0x8c6d) x 8 0x00000000
core   0: 0x80002284 (0x0047e6b3) or      a3, a5, tp
core   0: 3 0x80002284 (0x0047e6b3) x13 0x0d24317d
core   0: 0x80002288 (0x0000849e) c.mv    s1, t2
core   0: 3 0x80002288 (0x849e) x 9 0xffffffff
core   0: 0x8000228a (0xdc6deb17) auipc   s6, 0xdc6de
core   0: 3 0x8000228a (0xdc6deb17) x22 0x5c6e028a
core   0: 0x8000228e (0x02803333) mulhu   t1, zero, s0
core   0: 3 0x8000228e (0x02803333) x 6 0x00000000
core   0: 0x80002292 (0x00000001) c.nop
core   0: 3 0x80002292 (0x0001)
core   0: 0x80002294 (0x00000bc9) c.addi  s7, 18
core   0: 3 0x80002294 (0x0bc9) x23 0x6dbcfc7b
core   0: 0x80002296 (0x00008e4d) c.or    a2, a1
core   0: 3 0x80002296 (0x8e4d) x12 0x000003ff
core   0: 0x80002298 (0x01897eb3) and     t4, s2, s8
core   0: 3 0x80002298 (0x01897eb3) x29 0x20223040
core   0: 0x8000229c (0xf19ef493) andi    s1, t4, -231
core   0: 3 0x8000229c (0xf19ef493) x 9 0x20223000
core   0: 0x800022a0 (0x00009ab6) c.add   s5, a3
core   0: 3 0x800022a0 (0x9ab6) x21 0x0d24317d
core   0: 0x800022a2 (0xc84fe593) ori     a1, t6, -892
core   0: 3 0x800022a2 (0xc84fe593) x11 0xfffffc84
core   0: 0x800022a6 (0x0000009a) c.slli  ra, 6
core   0: 3 0x800022a6 (0x009a) x 1 0x00000040
core   0: 0x800022a8 (0x411505b3) sub     a1, a0, a7
core   0: 3 0x800022a8 (0x411505b3) x11 0xfddcf400
core   0: 0x800022ac (0x00008535) c.srai  a0, 13
core   0: 3 0x800022ac (0x8535) x10 0x00000000
core   0: 0x800022ae (0x00000001) c.nop
core   0: 3 0x800022ae (0x0001)
core   0: 0x800022b0 (0x00128633) add     a2, t0, ra
core   0: 3 0x800022b0 (0x00128633) x12 0xedbcfca9
core   0: 0x800022b4 (0x417fd513) srai    a0, t6, 23
core   0: 3 0x800022b4 (0x417fd513) x10 0x00000000
core   0: 0x800022b8 (0xdf9ff013) andi    zero, t6, -519
core   0: 3 0x800022b8 (0xdf9ff013)
core   0: 0x800022bc (0x01871613) slli    a2, a4, 24
core   0: 3 0x800022bc (0x01871613) x12 0x64000000
core   0: 0x800022c0 (0x41205e13) srai    t3, zero, 18
core   0: 3 0x800022c0 (0x41205e13) x28 0x00000000
core   0: 0x800022c4 (0x004ff3b3) and     t2, t6, tp
core   0: 3 0x800022c4 (0x004ff3b3) x 7 0x00000000
core   0: 0x800022c8 (0x00008c39) c.xor   s0, a4
core   0: 3 0x800022c8 (0x8c39) x 8 0x8000fe64
core   0: 0x800022ca (0x000003c2) c.slli  t2, 16
core   0: 3 0x800022ca (0x03c2) x 7 0x00000000
core   0: 0x800022cc (0x403958b3) sra     a7, s2, gp
core   0: 3 0x800022cc (0x403958b3) x17 0x36afb26a
core   0: 0x800022d0 (0x00009a2a) c.add   s4, a0
core   0: 3 0x800022d0 (0x9a2a) x20 0x00000000
core   0: 0x800022d2 (0x019e5213) srli    tp, t3, 25
core   0: 3 0x800022d2 (0x019e5213) x 4 0x00000000
core   0: 0x800022d6 (0x004249b3) xor     s3, tp, tp
core   0: 3 0x800022d6 (0x004249b3) x19 0x00000000
core   0: 0x800022da (0x00008609) c.srai  a2, 2
core   0: 3 0x800022da (0x8609) x12 0x19000000
core   0: 0x800022dc (0x91845cb7) lui     s9, 0x91845
core   0: 3 0x800022dc (0x91845cb7) x25 0x91845000
core   0: 0x800022e0 (0x007e9a13) slli    s4, t4, 7
core   0: 3 0x800022e0 (0x007e9a13) x20 0x11182000
core   0: 0x800022e4 (0x00006829) c.lui   a6, 0xa
core   0: 3 0x800022e4 (0x6829) x16 0x0000a000
core   0: 0x800022e6 (0x00005e7d) c.li    t3, -1
core   0: 3 0x800022e6 (0x5e7d) x28 0xffffffff
core   0: 0x800022e8 (0x01409933) sll     s2, ra, s4
core   0: 3 0x800022e8 (0x01409933) x18 0x00000040
core   0: 0x800022ec (0x0000049e) c.slli  s1, 7
core   0: 3 0x800022ec (0x049e) x 9 0x11180000
core   0: 0x800022ee (0x0000557d) c.li    a0, -1
core   0: 3 0x800022ee (0x557d) x10 0xffffffff
core   0: 0x800022f0 (0x038edd33) divu    s10, t4, s8
core   0: 3 0x800022f0 (0x038edd33) x26 0x00000000
core   0: 0x800022f4 (0x01e75f33) srl     t5, a4, t5
core   0: 3 0x800022f4 (0x01e75f33) x30 0x0010001f
core   0: 0x800022f8 (0x213ceb13) ori     s6, s9, 531
core   0: 3 0x800022f8 (0x213ceb13) x22 0x91845213
core   0: 0x800022fc (0x46b52813) slti    a6, a0, 1131
core   0: 3 0x800022fc (0x46b52813) x16 0x00000001
core   0: 0x80002300 (0x039496b3) mulh    a3, s1, s9
core   0: 3 0x80002300 (0x039496b3) x13 0xf89f6db7
core   0: 0x80002304 (0x00000001) c.nop
core   0: 3 0x80002304 (0x0001)
core   0: 0x80002306 (0x0000028d) c.addi  t0, 3
core   0: 3 0x80002306 (0x028d) x 5 0xedbcfc6c
core   0: 0x80002308 (0x00b05e13) srli    t3, zero, 11
core   0: 3 0x80002308 (0x00b05e13) x28 0x00000000
core   0: 0x8000230c (0xd5524c13) xori    s8, tp, -683
core   0: 3 0x8000230c (0xd5524c13) x24 0xfffffd55
core   0: 0x80002310 (0x0331eab3) rem     s5, gp, s3
core   0: 3 0x80002310 (0x0331eab3) x21 0x00000000
core   0: 0x80002314 (0x022a3a33) mulhu   s4, s4, sp
core   0: 3 0x80002314 (0x022a3a33) x20 0x088c2529
core   0: 0x80002318 (0x000008b1) c.addi  a7, 12
core   0: 3 0x80002318 (0x08b1) x17 0x36afb276
core   0: 0x8000231a (0x00009fa2) c.add   t6, s0
core   0: 3 0x8000231a (0x9fa2) x31 0x8000fe64
core   0: 0x8000231c (0x0000987d) c.andi  s0, -1
core   0: 3 0x8000231c (0x987d) x 8 0x8000fe64
core   0: 0x8000231e (0x02a76933) rem     s2, a4, a0
core   0: 3 0x8000231e (0x02a76933) x18 0x00000000
core   0: 0x80002322 (0x94660e13) addi    t3, a2, -1722
core   0: 3 0x80002322 (0x94660e13) x28 0x18fff946
core   0: 0x80002326 (0x0136cfb3) xor     t6, a3, s3
core   0: 3 0x80002326 (0x0136cfb3) x31 0xf89f6db7
core   0: 0x8000232a (0x03c1b033) mulhu   zero, gp, t3
core   0: 3 0x8000232a (0x03c1b033)
core   0: 0x8000232e (0x00bfef33) or      t5, t6, a1
core   0: 3 0x8000232e (0x00bfef33) x30 0xfddffdb7
core   0: 0x80002332 (0x02f2fc33) remu    s8, t0, a5
core   0: 3 0x80002332 (0x02f2fc33) x24 0x0131831c
core   0: 0x80002336 (0x0000157d) c.addi  a0, -1
core   0: 3 0x80002336 (0x157d) x10 0xfffffffe
core   0: 0x80002338 (0x834dac97) auipc   s9, 0x834da
core   0: 3 0x80002338 (0x834dac97) x25 0x034dc338
core   0: 0x8000233c (0x03850c33) mul     s8, a0, s8
core   0: 3 0x8000233c (0x03850c33) x24 0xfd9cf9c8
core   0: 0x80002340 (0x00008e72) c.mv    t3, t3
core   0: 3 0x80002340 (0x8e72) x28 0x18fff946
core   0: 0x80002342 (0x003823b3) slt     t2, a6, gp
core   0: 3 0x80002342 (0x003823b3) x 7 0x00000000
core   0: 0x80002346 (0x00008e59) c.or    a2, a4
core   0: 3 0x80002346 (0x8e59) x12 0x9900fe64
core   0: 0x80002348 (0x0310d333) divu    t1, ra, a7
core   0: 3 0x80002348 (0x0310d333) x 6 0x00000000
core   0: 0x8000234c (0x00000001) c.nop
core   0: 3 0x8000234c (0x0001)
core   0: 0x8000234e (0x000063d9) c.lui   t2, 0x16
core   0: 3 0x8000234e (0x63d9) x 7 0x00016000
core   0: 0x80002350 (0x00bda2b3) slt     t0, s11, a1
core   0: 3 0x80002350 (0x00bda2b3) x 5 0x00000001
core   0: 0x80002354 (0x00001d7d) c.addi  s10, -1
core   0: 3 0x80002354 (0x1d7d) x26 0xffffffff
core   0: 0x80002356 (0x02222933) mulhsu  s2, tp, sp
core   0: 3 0x80002356 (0x02222933) x18 0x00000000
core   0: 0x8000235a (0x28de0f37) lui     t5, 0x28de0
core   0: 3 0x8000235a (0x28de0f37) x30 0x28de0000
core   0: 0x8000235e (0x00008dd1) c.or    a1, a2
core   0: 3 0x8000235e (0x8dd1) x11 0xfddcfe64
core   0: 0x80002360 (0x000084cd) c.srai  s1, 19
core   0: 3 0x80002360 (0x84cd) x 9 0x00000223
core   0: 0x80002362 (0x01f879b3) and     s3, a6, t6
core   0: 3 0x80002362 (0x01f879b3) x19 0x00000001
core   0: 0x80002366 (0x000085fa) c.mv    a1, t5
core   0: 3 0x80002366 (0x85fa) x11 0x28de0000
core   0: 0x80002368 (0x01099e93) slli    t4, s3, 16
core   0: 3 0x80002368 (0x01099e93) x29 0x00010000
core   0: 0x8000236c (0x4069de13) srai    t3, s3, 6
core   0: 3 0x8000236c (0x4069de13) x28 0x00000000
core   0: 0x80002370 (0x024f4933) div     s2, t5, tp
core   0: 3 0x80002370 (0x024f4933) x18 0xffffffff
core   0: 0x80002374 (0x0000467d) c.li    a2, 31
core   0: 3 0x80002374 (0x467d) x12 0x0000001f
core   0: 0x80002376 (0x00008c09) c.sub   s0, a0
core   0: 3 0x80002376 (0x8c09) x 8 0x8000fe66
core   0: 0x80002378 (0x00008d15) c.sub   a0, a3
core   0: 3 0x80002378 (0x8d15) x10 0x07609247
core   0: 0x8000237a (0x00008ea6) c.mv    t4, s1
core   0: 3 0x8000237a (0x8ea6) x29 0x00000223
core   0: 0x8000237c (0x0181b533) sltu    a0, gp, s8
core   0: 3 0x8000237c (0x0181b533) x10 0x00000001
core   0: 0x80002380 (0x00008c62) c.mv    s8, s8
core   0: 3 0x80002380 (0x8c62) x24 0xfd9cf9c8
core   0: 0x80002382 (0x00000001) c.nop
core   0: 3 0x80002382 (0x0001)
core   0: 0x80002384 (0x00b7d413) srli    s0, a5, 11
core   0: 3 0x80002384 (0x00b7d413) x 8 0x0001a486
core   0: 0x80002388 (0xee89ee13) ori     t3, s3, -280
core   0: 3 0x80002388 (0xee89ee13) x28 0xfffffee9
core   0: 0x8000238c (0x01fed6b3) srl     a3, t4, t6
core   0: 3 0x8000238c (0x01fed6b3) x13 0x00000000
core   0: 0x80002390 (0x00008d89) c.sub   a1, a0
core   0: 3 0x80002390 (0x8d89) x11 0x28ddffff
core   0: 0x80002392 (0x0000567d) c.li    a2, -1
core   0: 3 0x80002392 (0x567d) x12 0xffffffff
core   0: 0x80002394 (0x0201bf33) mulhu   t5, gp, zero
core   0: 3 0x80002394 (0x0201bf33) x30 0x00000000
core   0: 0x80002398 (0x03e75533) divu    a0, a4, t5
core   0: 3 0x80002398 (0x03e75533) x10 0xffffffff
core   0: 0x8000239c (0x00008fd1) c.or    a5, a2
core   0: 3 0x8000239c (0x8fd1) x15 0xffffffff
core   0: 0x8000239e (0x00008255) c.srli  a2, 21
core   0: 3 0x8000239e (0x8255) x12 0x000007ff
core   0: 0x800023a0 (0xb8b33a13) sltiu   s4, t1, -1141
core   0: 3 0x800023a0 (0xb8b33a13) x20 0x00000001
core   0: 0x800023a4 (0x0000994a) c.add   s2, s2
core   0: 3 0x800023a4 (0x994a) x18 0xfffffffe
core   0: 0x800023a6 (0x0000837e) c.mv    t1, t6
core   0: 3 0x800023a6 (0x837e) x 6 0xf89f6db7
core   0: 0x800023a8 (0x01a61b33) sll     s6, a2, s10
core   0: 3 0x800023a8 (0x01a61b33) x22 0x80000000
core   0: 0x800023ac (0x00000001) c.nop
core   0: 3 0x800023ac (0x0001)
core   0: 0x800023ae (0x0bd9e813) ori     a6, s3, 189
core   0: 3 0x800023ae (0x0bd9e813) x16 0x000000bd
core   0: 0x800023b2 (0x00008c71) c.and   s0, a2
core   0: 3 0x800023b2 (0x8c71) x 8 0x00000486
core   0: 0x800023b4 (0x01b9a933) slt     s2, s3, s11
core   0: 3 0x800023b4 (0x01b9a933) x18 0x00000000
core   0: 0x800023b8 (0x000061d9) c.lui   gp, 0x16
core   0: 3 0x800023b8 (0x61d9) x 3 0x00016000
core   0: 0x800023ba (0x0147e933) or      s2, a5, s4
core   0: 3 0x800023ba (0x0147e933) x18 0xffffffff
core   0: 0x800023be (0xf726f313) andi    t1, a3, -142
core   0: 3 0x800023be (0xf726f313) x 6 0x00000000
core   0: 0x800023c2 (0x01de12b3) sll     t0, t3, t4
core   0: 3 0x800023c2 (0x01de12b3) x 5 0xfffff748
core   0: 0x800023c6 (0x0209e233) rem     tp, s3, zero
core   0: 3 0x800023c6 (0x0209e233) x 4 0x00000001
core   0: 0x800023ca (0x01e24c33) xor     s8, tp, t5
core   0: 3 0x800023ca (0x01e24c33) x24 0x00000001
core   0: 0x800023ce (0x00009a7d) c.andi  a2, -1
core   0: 3 0x800023ce (0x9a7d) x12 0x000007ff
core   0: 0x800023d0 (0xdc146c13) ori     s8, s0, -575
core   0: 3 0x800023d0 (0xdc146c13) x24 0xfffffdc7
core   0: 0x800023d4 (0x00008425) c.srai  s0, 9
core   0: 3 0x800023d4 (0x8425) x 8 0x00000002
core   0: 0x800023d6 (0x026f0d33) mul     s10, t5, t1
core   0: 3 0x800023d6 (0x026f0d33) x26 0x00000000
core   0: 0x800023da (0x01a65b33) srl     s6, a2, s10
core   0: 3 0x800023da (0x01a65b33) x22 0x000007ff
core   0: 0x800023de (0x7046c993) xori    s3, a3, 1796
core   0: 3 0x800023de (0x7046c993) x19 0x00000704
core   0: 0x800023e2 (0x017ca0b3) slt     ra, s9, s7
core   0: 3 0x800023e2 (0x017ca0b3) x 1 0x00000001
core   0: 0x800023e6 (0x41d80b33) sub     s6, a6, t4
core   0: 3 0x800023e6 (0x41d80b33) x22 0xfffffe9a
core   0: 0x800023ea (0x01a7bfb3) sltu    t6, a5, s10
core   0: 3 0x800023ea (0x01a7bfb3) x31 0x00000000
core   0: 0x800023ee (0x01f871b3) and     gp, a6, t6
core   0: 3 0x800023ee (0x01f871b3) x 3 0x00000000
core   0: 0x800023f2 (0x547fb613) sltiu   a2, t6, 1351
core   0: 3 0x800023f2 (0x547fb613) x12 0x00000001
core   0: 0x800023f6 (0x034f8833) mul     a6, t6, s4
core   0: 3 0x800023f6 (0x034f8833) x16 0x00000000
core   0: 0x800023fa (0x00006425) c.lui   s0, 0x9
core   0: 3 0x800023fa (0x6425) x 8 0x00009000
core   0: 0x800023fc (0x00427333) and     t1, tp, tp
core   0: 3 0x800023fc (0x00427333) x 6 0x00000001
core   0: 0x80002400 (0x0070ec33) or      s8, ra, t2
core   0: 3 0x80002400 (0x0070ec33) x24 0x00016001
core   0: 0x80002404 (0x02ff5ab3) divu    s5, t5, a5
core   0: 3 0x80002404 (0x02ff5ab3) x21 0x00000000
core   0: 0x80002408 (0xca716693) ori     a3, sp, -857
core   0: 3 0x80002408 (0xca716693) x13 0xfffffce7
core   0: 0x8000240c (0xb5530093) addi    ra, t1, -1195
core   0: 3 0x8000240c (0xb5530093) x 1 0xfffffb56
core   0: 0x80002410 (0x00009ce6) c.add   s9, s9
core   0: 3 0x80002410 (0x9ce6) x25 0x069b8670
core   0: 0x80002412 (0x03a24633) div     a2, tp, s10
core   0: 3 0x80002412 (0x03a24633) x12 0xffffffff
core   0: 0x80002416 (0x00008eed) c.and   a3, a1
core   0: 3 0x80002416 (0x8eed) x13 0x28ddfce7
core   0: 0x80002418 (0xfcd72093) slti    ra, a4, -51
core   0: 3 0x80002418 (0xfcd72093) x 1 0x00000001
core   0: 0x8000241c (0xe0c30937) lui     s2, 0xe0c30
core   0: 3 0x8000241c (0xe0c30937) x18 0xe0c30000
core   0: 0x80002420 (0x01a73033) sltu    zero, a4, s10
core   0: 3 0x80002420 (0x01a73033)
core   0: 0x80002424 (0x0000987d) c.andi  s0, -1
core   0: 3 0x80002424 (0x987d) x 8 0x00009000
core   0: 0x80002426 (0x01e816b3) sll     a3, a6, t5
core   0: 3 0x80002426 (0x01e816b3) x13 0x00000000
core   0: 0x8000242a (0x08752213) slti    tp, a0, 135
core   0: 3 0x8000242a (0x08752213) x 4 0x00000001
core   0: 0x8000242e (0x00000001) c.nop
core   0: 3 0x8000242e (0x0001)
core   0: 0x80002430 (0x000041cd) c.li    gp, 19
core   0: 3 0x80002430 (0x41cd) x 3 0x00000013
core   0: 0x80002432 (0x00008d9d) c.sub   a1, a5
core   0: 3 0x80002432 (0x8d9d) x11 0x28de0000
core   0: 0x80002434 (0x003e9393) slli    t2, t4, 3
core   0: 3 0x80002434 (0x003e9393) x 7 0x00001118
core   0: 0x80002438 (0x00000001) c.nop
core   0: 3 0x80002438 (0x0001)
core   0: 0x8000243a (0x0077ad33) slt     s10, a5, t2
core   0: 3 0x8000243a (0x0077ad33) x26 0x00000001
core   0: 0x8000243e (0x2c793a13) sltiu   s4, s2, 711
core   0: 3 0x8000243e (0x2c793a13) x20 0x00000000
core   0: 0x80002442 (0x0000987d) c.andi  s0, -1
core   0: 3 0x80002442 (0x987d) x 8 0x00009000
core   0: 0x80002444 (0x0342ba33) mulhu   s4, t0, s4
core   0: 3 0x80002444 (0x0342ba33) x20 0x00000000
core   0: 0x80002448 (0x000094ee) c.add   s1, s11
core   0: 3 0x80002448 (0x94ee) x 9 0x80000223
core   0: 0x8000244a (0xbc163993) sltiu   s3, a2, -1087
core   0: 3 0x8000244a (0xbc163993) x19 0x00000000
core   0: 0x8000244e (0x0036d313) srli    t1, a3, 3
core   0: 3 0x8000244e (0x0036d313) x 6 0x00000000
core   0: 0x80002452 (0x00008d1e) c.mv    s10, t2
core   0: 3 0x80002452 (0x8d1e) x26 0x00001118
core   0: 0x80002454 (0x015cdc33) srl     s8, s9, s5
core   0: 3 0x80002454 (0x015cdc33) x24 0x069b8670
core   0: 0x80002458 (0x00008c69) c.and   s0, a0
core   0: 3 0x80002458 (0x8c69) x 8 0x00009000
core   0: 0x8000245a (0xc67775b7) lui     a1, 0xc6777
core   0: 3 0x8000245a (0xc67775b7) x11 0xc6777000
core   0: 0x8000245e (0x00005f7d) c.li    t5, -1
core   0: 3 0x8000245e (0x5f7d) x30 0xffffffff
core   0: 0x80002460 (0x7eac0413) addi    s0, s8, 2026
core   0: 3 0x80002460 (0x7eac0413) x 8 0x069b8e5a
core   0: 0x80002464 (0x00a9eeb3) or      t4, s3, a0
core   0: 3 0x80002464 (0x00a9eeb3) x29 0xffffffff
core   0: 0x80002468 (0x4156d893) srai    a7, a3, 21
core   0: 3 0x80002468 (0x4156d893) x17 0x00000000
core   0: 0x8000246c (0x00000e52) c.slli  t3, 20
core   0: 3 0x8000246c (0x0e52) x28 0xee900000
core   0: 0x8000246e (0x00147333) and     t1, s0, ra
core   0: 3 0x8000246e (0x00147333) x 6 0x00000000
core   0: 0x80002472 (0x00933e33) sltu    t3, t1, s1
core   0: 3 0x80002472 (0x00933e33) x28 0x00000001
core   0: 0x80002476 (0x00008d41) c.or    a0, s0
core   0: 3 0x80002476 (0x8d41) x10 0xffffffff
core   0: 0x80002478 (0x00115c33) srl     s8, sp, ra
core   0: 3 0x80002478 (0x00115c33) x24 0x40009e72
core   0: 0x8000247c (0x41b65f33) sra     t5, a2, s11
core   0: 3 0x8000247c (0x41b65f33) x30 0xffffffff
core   0: 0x80002480 (0x079d6193) ori     gp, s10, 121
core   0: 3 0x80002480 (0x079d6193) x 3 0x00001179
core   0: 0x80002484 (0x408c80b3) sub     ra, s9, s0
core   0: 3 0x80002484 (0x408c80b3) x 1 0xfffff816
core   0: 0x80002488 (0x00000001) c.nop
core   0: 3 0x80002488 (0x0001)
core   0: 0x8000248a (0x0094b0b3) sltu    ra, s1, s1
core   0: 3 0x8000248a (0x0094b0b3) x 1 0x00000000
core   0: 0x8000248e (0x00735893) srli    a7, t1, 7
core   0: 3 0x8000248e (0x00735893) x17 0x00000000
core   0: 0x80002492 (0x018f1313) slli    t1, t5, 24
core   0: 3 0x80002492 (0x018f1313) x 6 0xff000000
core   0: 0x80002496 (0x00008da1) c.xor   a1, s0
core   0: 3 0x80002496 (0x8da1) x11 0xc0ecfe5a
core   0: 0x80002498 (0x000053fd) c.li    t2, -1
core   0: 3 0x80002498 (0x53fd) x 7 0xffffffff
core   0: 0x8000249a (0x000099fd) c.andi  a1, -1
core   0: 3 0x8000249a (0x99fd) x11 0xc0ecfe5a
core   0: 0x8000249c (0x03788a33) mul     s4, a7, s7
core   0: 3 0x8000249c (0x03788a33) x20 0x00000000
core   0: 0x800024a0 (0x6b784437) lui     s0, 0x6b784
core   0: 3 0x800024a0 (0x6b784437) x 8 0x6b784000
core   0: 0x800024a4 (0x004d64b3) or      s1, s10, tp
core   0: 3 0x800024a4 (0x004d64b3) x 9 0x00001119
core   0: 0x800024a8 (0x011ed293) srli    t0, t4, 17
core   0: 3 0x800024a8 (0x011ed293) x 5 0x00007fff
core   0: 0x800024ac (0x41b45f13) srai    t5, s0, 27
core   0: 3 0x800024ac (0x41b45f13) x30 0x0000000d
core   0: 0x800024b0 (0x00000001) c.nop
core   0: 3 0x800024b0 (0x0001)
core   0: 0x800024b2 (0x033e0ab3) mul     s5, t3, s3
core   0: 3 0x800024b2 (0x033e0ab3) x21 0x00000000
core   0: 0x800024b6 (0x41d88a33) sub     s4, a7, t4
core   0: 3 0x800024b6 (0x41d88a33) x20 0x00000001
core   0: 0x800024ba (0x00000001) c.nop
core   0: 3 0x800024ba (0x0001)
core   0: 0x800024bc (0x00cb4433) xor     s0, s6, a2
core   0: 3 0x800024bc (0x00cb4433) x 8 0x00000165
core   0: 0x800024c0 (0x00000306) c.slli  t1, 1
core   0: 3 0x800024c0 (0x0306) x 6 0xfe000000
core   0: 0x800024c2 (0xb902cf13) xori    t5, t0, -1136
core   0: 3 0x800024c2 (0xb902cf13) x30 0xffff846f
core   0: 0x800024c6 (0x40268633) sub     a2, a3, sp
core   0: 3 0x800024c6 (0x40268633) x12 0x7ffec31c
core   0: 0x800024ca (0x011db033) sltu    zero, s11, a7
core   0: 3 0x800024ca (0x011db033)
core   0: 0x800024ce (0x00c3dcb3) srl     s9, t2, a2
core   0: 3 0x800024ce (0x00c3dcb3) x25 0x0000000f
core   0: 0x800024d2 (0x01aed513) srli    a0, t4, 26
core   0: 3 0x800024d2 (0x01aed513) x10 0x0000003f
core   0: 0x800024d6 (0xa3b11637) lui     a2, 0xa3b11
core   0: 3 0x800024d6 (0xa3b11637) x12 0xa3b11000
core   0: 0x800024da (0x4037d213) srai    tp, a5, 3
core   0: 3 0x800024da (0x4037d213) x 4 0xffffffff
core   0: 0x800024de (0x03353433) mulhu   s0, a0, s3
core   0: 3 0x800024de (0x03353433) x 8 0x00000000
core   0: 0x800024e2 (0x02e941b3) div     gp, s2, a4
core   0: 3 0x800024e2 (0x02e941b3) x 3 0x00000000
core   0: 0x800024e6 (0x0387dfb3) divu    t6, a5, s8
core   0: 3 0x800024e6 (0x0387dfb3) x31 0x00000003
core   0: 0x800024ea (0x00008c99) c.sub   s1, a4
core   0: 3 0x800024ea (0x8c99) x 9 0x7fff12b5
core   0: 0x800024ec (0x00008de5) c.and   a1, s1
core   0: 3 0x800024ec (0x8de5) x11 0x40ec1210
core   0: 0x800024ee (0x00139bb3) sll     s7, t2, ra
core   0: 3 0x800024ee (0x00139bb3) x23 0xffffffff
core   0: 0x800024f2 (0x02a83e33) mulhu   t3, a6, a0
core   0: 3 0x800024f2 (0x02a83e33) x28 0x00000000
core   0: 0x800024f6 (0x00209693) slli    a3, ra, 2
core   0: 3 0x800024f6 (0x00209693) x13 0x00000000
core   0: 0x800024fa (0x74588a13) addi    s4, a7, 1861
core   0: 3 0x800024fa (0x74588a13) x20 0x00000745
core   0: 0x800024fe (0x0329f633) remu    a2, s3, s2
core   0: 3 0x800024fe (0x0329f633) x12 0x00000000
core   0: 0x80002502 (0x00008881) c.andi  s1, 0
core   0: 3 0x80002502 (0x8881) x 9 0x00000000
core   0: 0x80002504 (0xf35ca217) auipc   tp, 0xf35ca
core   0: 3 0x80002504 (0xf35ca217) x 4 0x735cc504
core   0: 0x80002508 (0x00853b33) sltu    s6, a0, s0
core   0: 3 0x80002508 (0x00853b33) x22 0x00000000
core   0: 0x8000250c (0x01c326b3) slt     a3, t1, t3
core   0: 3 0x8000250c (0x01c326b3) x13 0x00000001
core   0: 0x80002510 (0x00000fae) c.slli  t6, 11
core   0: 3 0x80002510 (0x0fae) x31 0x00001800
core   0: 0x80002512 (0x000061d1) c.lui   gp, 0x14
core   0: 3 0x80002512 (0x61d1) x 3 0x00014000
core   0: 0x80002514 (0x01809f93) slli    t6, ra, 24
core   0: 3 0x80002514 (0x01809f93) x31 0x00000000
core   0: 0x80002518 (0x894f7793) andi    a5, t5, -1900
core   0: 3 0x80002518 (0x894f7793) x15 0xffff8004
core   0: 0x8000251c (0x00000001) c.nop
core   0: 3 0x8000251c (0x0001)
core   0: 0x8000251e (0x00008ab9) c.andi  a3, 14
core   0: 3 0x8000251e (0x8ab9) x13 0x00000000
core   0: 0x80002520 (0x0363d7b3) divu    a5, t2, s6
core   0: 3 0x80002520 (0x0363d7b3) x15 0xffffffff
core   0: 0x80002524 (0x00000001) c.nop
core   0: 3 0x80002524 (0x0001)
core   0: 0x80002526 (0x000321b3) slt     gp, t1, zero
core   0: 3 0x80002526 (0x000321b3) x 3 0x00000001
core   0: 0x8000252a (0x03ddb233) mulhu   tp, s11, t4
core   0: 3 0x8000252a (0x03ddb233) x 4 0x7fffffff
core   0: 0x8000252e (0x413ad013) srai    zero, s5, 19
core   0: 3 0x8000252e (0x413ad013)
core   0: 0x80002532 (0x4017db33) sra     s6, a5, ra
core   0: 3 0x80002532 (0x4017db33) x22 0xffffffff
core   0: 0x80002536 (0x000083f9) c.srli  a5, 30
core   0: 3 0x80002536 (0x83f9) x15 0x00000003
core   0: 0x80002538 (0x009d2333) slt     t1, s10, s1
core   0: 3 0x80002538 (0x009d2333) x 6 0x00000000
core   0: 0x8000253c (0xff747293) andi    t0, s0, -9
core   0: 3 0x8000253c (0xff747293) x 5 0x00000000
core   0: 0x80002540 (0x000067b9) c.lui   a5, 0xe
core   0: 3 0x80002540 (0x67b9) x15 0x0000e000
core   0: 0x80002542 (0x8a314993) xori    s3, sp, -1885
core   0: 3 0x80002542 (0x8a314993) x19 0x7ffec447
core   0: 0x80002546 (0x00008fe1) c.and   a5, s0
core   0: 3 0x80002546 (0x8fe1) x15 0x00000000
core   0: 0x80002548 (0x00004f85) c.li    t6, 1
core   0: 3 0x80002548 (0x4f85) x31 0x00000001
core   0: 0x8000254a (0x008e97b3) sll     a5, t4, s0
core   0: 3 0x8000254a (0x008e97b3) x15 0xffffffff
core   0: 0x8000254e (0x0072b533) sltu    a0, t0, t2
core   0: 3 0x8000254e (0x0072b533) x10 0x00000001
core   0: 0x80002552 (0x0147ccb3) xor     s9, a5, s4
core   0: 3 0x80002552 (0x0147ccb3) x25 0xfffff8ba
core   0: 0x80002556 (0x00008b52) c.mv    s6, s4
core   0: 3 0x80002556 (0x8b52) x22 0x00000745
core   0: 0x80002558 (0x0000547d) c.li    s0, -1
core   0: 3 0x80002558 (0x547d) x 8 0xffffffff
core   0: 0x8000255a (0x0000987d) c.andi  s0, -1
core   0: 3 0x8000255a (0x987d) x 8 0xffffffff
core   0: 0x8000255c (0x0095ee33) or      t3, a1, s1
core   0: 3 0x8000255c (0x0095ee33) x28 0x40ec1210
core   0: 0x80002560 (0x00006ed5) c.lui   t4, 0x15
core   0: 3 0x80002560 (0x6ed5) x29 0x00015000
core   0: 0x80002562 (0x4053dd13) srai    s10, t2, 5
core   0: 3 0x80002562 (0x4053dd13) x26 0xffffffff
core   0: 0x80002566 (0x00d1f2b3) and     t0, gp, a3
core   0: 3 0x80002566 (0x00d1f2b3) x 5 0x00000000
core   0: 0x8000256a (0x000084f5) c.srai  s1, 29
core   0: 3 0x8000256a (0x84f5) x 9 0x00000000
core   0: 0x8000256c (0x00008c05) c.sub   s0, s1
core   0: 3 0x8000256c (0x8c05) x 8 0xffffffff
core   0: 0x8000256e (0x00008c5d) c.or    s0, a5
core   0: 3 0x8000256e (0x8c5d) x 8 0xffffffff
core   0: 0x80002570 (0x00009afe) c.add   s5, t6
core   0: 3 0x80002570 (0x9afe) x21 0x00000001
core   0: 0x80002572 (0x029cabb3) mulhsu  s7, s9, s1
core   0: 3 0x80002572 (0x029cabb3) x23 0x00000000
core   0: 0x80002576 (0x00537cb3) and     s9, t1, t0
core   0: 3 0x80002576 (0x00537cb3) x25 0x00000000
core   0: 0x8000257a (0x00006251) c.lui   tp, 0x14
core   0: 3 0x8000257a (0x6251) x 4 0x00014000
core   0: 0x8000257c (0x000001fd) c.addi  gp, 31
core   0: 3 0x8000257c (0x01fd) x 3 0x00000020
core   0: 0x8000257e (0x00000001) c.nop
core   0: 3 0x8000257e (0x0001)
core   0: 0x80002580 (0x00000001) c.nop
core   0: 3 0x80002580 (0x0001)
core   0: 0x80002582 (0x197a4a13) xori    s4, s4, 407
core   0: 3 0x80002582 (0x197a4a13) x20 0x000006d2
core   0: 0x80002586 (0x000087b9) c.srai  a5, 14
core   0: 3 0x80002586 (0x87b9) x15 0xffffffff
core   0: 0x80002588 (0x031f3ab3) mulhu   s5, t5, a7
core   0: 3 0x80002588 (0x031f3ab3) x21 0x00000000
core   0: 0x8000258c (0x02524bb3) div     s7, tp, t0
core   0: 3 0x8000258c (0x02524bb3) x23 0xffffffff
core   0: 0x80002590 (0x000001ee) c.slli  gp, 27
core   0: 3 0x80002590 (0x01ee) x 3 0x00000000
core   0: 0x80002592 (0x033126b3) mulhsu  a3, sp, s3
core   0: 3 0x80002592 (0x033126b3) x13 0xc0013c4c
core   0: 0x80002596 (0x037e3b33) mulhu   s6, t3, s7
core   0: 3 0x80002596 (0x037e3b33) x22 0x40ec120f
core   0: 0x8000259a (0x02d251b3) divu    gp, tp, a3
core   0: 3 0x8000259a (0x02d251b3) x 3 0x00000000
core   0: 0x8000259e (0x00008159) c.srli  a0, 22
core   0: 3 0x8000259e (0x8159) x10 0x00000000
core   0: 0x800025a0 (0x00008ed5) c.or    a3, a3
core   0: 3 0x800025a0 (0x8ed5) x13 0xc0013c4c
core   0: 0x800025a2 (0x011d5033) srl     zero, s10, a7
core   0: 3 0x800025a2 (0x011d5033)
core   0: 0x800025a6 (0x0000852d) c.srai  a0, 11
core   0: 3 0x800025a6 (0x852d) x10 0x00000000
core   0: 0x800025a8 (0x00005afd) c.li    s5, -1
core   0: 3 0x800025a8 (0x5afd) x21 0xffffffff
core   0: 0x800025aa (0x023139b3) mulhu   s3, sp, gp
core   0: 3 0x800025aa (0x023139b3) x19 0x00000000
core   0: 0x800025ae (0x00008d79) c.and   a0, a4
core   0: 3 0x800025ae (0x8d79) x10 0x00000000
core   0: 0x800025b0 (0x71e8c293) xori    t0, a7, 1822
core   0: 3 0x800025b0 (0x71e8c293) x 5 0x0000071e
core   0: 0x800025b4 (0x00008cc9) c.or    s1, a0
core   0: 3 0x800025b4 (0x8cc9) x 9 0x00000000
core   0: 0x800025b6 (0x03c79cb3) mulh    s9, a5, t3
core   0: 3 0x800025b6 (0x03c79cb3) x25 0xffffffff
core   0: 0x800025ba (0x02696333) rem     t1, s2, t1
core   0: 3 0x800025ba (0x02696333) x 6 0xe0c30000
core   0: 0x800025be (0xefe3af13) slti    t5, t2, -258
core   0: 3 0x800025be (0xefe3af13) x30 0x00000000
core   0: 0x800025c2 (0x00000001) c.nop
core   0: 3 0x800025c2 (0x0001)
core   0: 0x800025c4 (0xa20f6393) ori     t2, t5, -1504
core   0: 3 0x800025c4 (0xa20f6393) x 7 0xfffffa20
core   0: 0x800025c8 (0x00008f91) c.sub   a5, a2
core   0: 3 0x800025c8 (0x8f91) x15 0xffffffff
core   0: 0x800025ca (0x01a15693) srli    a3, sp, 26
core   0: 3 0x800025ca (0x01a15693) x13 0x00000020
core   0: 0x800025ce (0xeb0b8813) addi    a6, s7, -336
core   0: 3 0x800025ce (0xeb0b8813) x16 0xfffffeaf
core   0: 0x800025d2 (0x00008f85) c.sub   a5, s1
core   0: 3 0x800025d2 (0x8f85) x15 0xffffffff
core   0: 0x800025d4 (0x02101533) mulh    a0, zero, ra
core   0: 3 0x800025d4 (0x02101533) x10 0x00000000
core   0: 0x800025d8 (0x03ab2333) mulhsu  t1, s6, s10
core   0: 3 0x800025d8 (0x03ab2333) x 6 0x40ec120e
core   0: 0x800025dc (0x02149cb3) mulh    s9, s1, ra
core   0: 3 0x800025dc (0x02149cb3) x25 0x00000000
core   0: 0x800025e0 (0x0648fc17) auipc   s8, 0x648f
core   0: 3 0x800025e0 (0x0648fc17) x24 0x864915e0
core   0: 0x800025e4 (0x00005f7d) c.li    t5, -1
core   0: 3 0x800025e4 (0x5f7d) x30 0xffffffff
core   0: 0x800025e6 (0x00000001) c.nop
core   0: 3 0x800025e6 (0x0001)
core   0: 0x800025e8 (0x00008e61) c.and   a2, s0
core   0: 3 0x800025e8 (0x8e61) x12 0x00000000
core   0: 0x800025ea (0x00008d95) c.sub   a1, a3
core   0: 3 0x800025ea (0x8d95) x11 0x40ec11f0
core   0: 0x800025ec (0x020a5fb3) divu    t6, s4, zero
core   0: 3 0x800025ec (0x020a5fb3) x31 0xffffffff
core   0: 0x800025f0 (0x5a0cb513) sltiu   a0, s9, 1440
core   0: 3 0x800025f0 (0x5a0cb513) x10 0x00000001
core   0: 0x800025f4 (0x00008391) c.srli  a5, 4
core   0: 3 0x800025f4 (0x8391) x15 0x0fffffff
core   0: 0x800025f6 (0x0000063a) c.slli  a2, 14
core   0: 3 0x800025f6 (0x063a) x12 0x00000000
core   0: 0x800025f8 (0x0278feb3) remu    t4, a7, t2
core   0: 3 0x800025f8 (0x0278feb3) x29 0x00000000
core   0: 0x800025fc (0x0000167d) c.addi  a2, -1
core   0: 3 0x800025fc (0x167d) x12 0xffffffff
core   0: 0x800025fe (0x0116d6b3) srl     a3, a3, a7
core   0: 3 0x800025fe (0x0116d6b3) x13 0x00000020
core   0: 0x80002602 (0x026300b3) mul     ra, t1, t1
core   0: 3 0x80002602 (0x026300b3) x 1 0x4b15f8c4
core   0: 0x80002606 (0x9f10e313) ori     t1, ra, -1551
core   0: 3 0x80002606 (0x9f10e313) x 6 0xfffff9f5
core   0: 0x8000260a (0x00008ff5) c.and   a5, a3
core   0: 3 0x8000260a (0x8ff5) x15 0x00000020
core   0: 0x8000260c (0xca6d3093) sltiu   ra, s10, -858
core   0: 3 0x8000260c (0xca6d3093) x 1 0x00000000
core   0: 0x80002610 (0x2c44ee13) ori     t3, s1, 708
core   0: 3 0x80002610 (0x2c44ee13) x28 0x000002c4
core   0: 0x80002614 (0xae9cec93) ori     s9, s9, -1303
core   0: 3 0x80002614 (0xae9cec93) x25 0xfffffae9
core   0: 0x80002618 (0xc10feb13) ori     s6, t6, -1008
core   0: 3 0x80002618 (0xc10feb13) x22 0xffffffff
core   0: 0x8000261c (0x00008c99) c.sub   s1, a4
core   0: 3 0x8000261c (0x8c99) x 9 0x7fff019c
core   0: 0x8000261e (0x00006491) c.lui   s1, 0x4
core   0: 3 0x8000261e (0x6491) x 9 0x00004000
core   0: 0x80002620 (0x011a20b3) slt     ra, s4, a7
core   0: 3 0x80002620 (0x011a20b3) x 1 0x00000000
core   0: 0x80002624 (0x03fc0833) mul     a6, s8, t6
core   0: 3 0x80002624 (0x03fc0833) x16 0x79b6ea20
core   0: 0x80002628 (0x40ced9b3) sra     s3, t4, a2
core   0: 3 0x80002628 (0x40ced9b3) x19 0x00000000
core   0: 0x8000262c (0x00008fb5) c.xor   a5, a3
core   0: 3 0x8000262c (0x8fb5) x15 0x00000000
core   0: 0x8000262e (0x034d9433) mulh    s0, s11, s4
core   0: 3 0x8000262e (0x034d9433) x 8 0xfffffc97
core   0: 0x80002632 (0x034e5333) divu    t1, t3, s4
core   0: 3 0x80002632 (0x034e5333) x 6 0x00000000
core   0: 0x80002636 (0x00008d4d) c.or    a0, a1
core   0: 3 0x80002636 (0x8d4d) x10 0x40ec11f1
core   0: 0x80002638 (0x02a0a833) mulhsu  a6, ra, a0
core   0: 3 0x80002638 (0x02a0a833) x16 0x00000000
core   0: 0x8000263c (0x00180b33) add     s6, a6, ra
core   0: 3 0x8000263c (0x00180b33) x22 0x00000000
core   0: 0x80002640 (0x0149dc93) srli    s9, s3, 20
core   0: 3 0x80002640 (0x0149dc93) x25 0x00000000
core   0: 0x80002644 (0x000099f2) c.add   s3, t3
core   0: 3 0x80002644 (0x99f2) x19 0x000002c4
core   0: 0x80002646 (0x000093c2) c.add   t2, a6
core   0: 3 0x80002646 (0x93c2) x 7 0xfffffa20
core   0: 0x80002648 (0xd48b7f37) lui     t5, 0xd48b7
core   0: 3 0x80002648 (0xd48b7f37) x30 0xd48b7000
core   0: 0x8000264c (0x02ae9a33) mulh    s4, t4, a0
core   0: 3 0x8000264c (0x02ae9a33) x20 0x00000000
core   0: 0x80002650 (0x00009cee) c.add   s9, s11
core   0: 3 0x80002650 (0x9cee) x25 0x80000000
core   0: 0x80002652 (0x00f45033) srl     zero, s0, a5
core   0: 3 0x80002652 (0x00f45033)
core   0: 0x80002656 (0xbe586813) ori     a6, a6, -1051
core   0: 3 0x80002656 (0xbe586813) x16 0xfffffbe5
core   0: 0x8000265a (0x008f76b3) and     a3, t5, s0
core   0: 3 0x8000265a (0x008f76b3) x13 0xd48b7000
core   0: 0x8000265e (0x0000032a) c.slli  t1, 10
core   0: 3 0x8000265e (0x032a) x 6 0x00000000
core   0: 0x80002660 (0x9d28a813) slti    a6, a7, -1582
core   0: 3 0x80002660 (0x9d28a813) x16 0x00000000
core   0: 0x80002664 (0x031f26b3) mulhsu  a3, t5, a7
core   0: 3 0x80002664 (0x031f26b3) x13 0x00000000
core   0: 0x80002668 (0x00304f33) xor     t5, zero, gp
core   0: 3 0x80002668 (0x00304f33) x30 0x00000000
core   0: 0x8000266c (0x00008e71) c.and   a2, a2
core   0: 3 0x8000266c (0x8e71) x12 0xffffffff
core   0: 0x8000266e (0x15d16c93) ori     s9, sp, 349
core   0: 3 0x8000266e (0x15d16c93) x25 0x80013dfd
core   0: 0x80002672 (0x01cb56b3) srl     a3, s6, t3
core   0: 3 0x80002672 (0x01cb56b3) x13 0x00000000
core   0: 0x80002676 (0x00008dbd) c.xor   a1, a5
core   0: 3 0x80002676 (0x8dbd) x11 0x40ec11f0
core   0: 0x80002678 (0x01465a13) srli    s4, a2, 20
core   0: 3 0x80002678 (0x01465a13) x20 0x00000fff
core   0: 0x8000267c (0x01f2e7b3) or      a5, t0, t6
core   0: 3 0x8000267c (0x01f2e7b3) x15 0xffffffff
core   0: 0x80002680 (0x03d0ccb3) div     s9, ra, t4
core   0: 3 0x80002680 (0x03d0ccb3) x25 0xffffffff
core   0: 0x80002684 (0x036e55b3) divu    a1, t3, s6
core   0: 3 0x80002684 (0x036e55b3) x11 0xffffffff
core   0: 0x80002688 (0x00009fea) c.add   t6, s10
core   0: 3 0x80002688 (0x9fea) x31 0xfffffffe
core   0: 0x8000268a (0x01735333) srl     t1, t1, s7
core   0: 3 0x8000268a (0x01735333) x 6 0x00000000
core   0: 0x8000268e (0x9237cb93) xori    s7, a5, -1757
core   0: 3 0x8000268e (0x9237cb93) x23 0x000006dc
core   0: 0x80002692 (0x425d8e93) addi    t4, s11, 1061
core   0: 3 0x80002692 (0x425d8e93) x29 0x80000425
core   0: 0x80002696 (0x00008ea5) c.xor   a3, s1
core   0: 3 0x80002696 (0x8ea5) x13 0x00004000
core   0: 0x80002698 (0x2c6f3c13) sltiu   s8, t5, 710
core   0: 3 0x80002698 (0x2c6f3c13) x24 0x00000001
core   0: 0x8000269c (0x00000001) c.nop
core   0: 3 0x8000269c (0x0001)
core   0: 0x8000269e (0x00bb41b3) xor     gp, s6, a1
core   0: 3 0x8000269e (0x00bb41b3) x 3 0xffffffff
core   0: 0x800026a2 (0x240db397) auipc   t2, 0x240db
core   0: 3 0x800026a2 (0x240db397) x 7 0xa40dd6a2
core   0: 0x800026a6 (0x03c921b3) mulhsu  gp, s2, t3
core   0: 3 0x800026a6 (0x03c921b3) x 3 0xffffffa9
core   0: 0x800026aa (0x00008c0d) c.sub   s0, a1
core   0: 3 0x800026aa (0x8c0d) x 8 0xfffffc98
core   0: 0x800026ac (0x01f52233) slt     tp, a0, t6
core   0: 3 0x800026ac (0x01f52233) x 4 0x00000000
core   0: 0x800026b0 (0xd3aa3893) sltiu   a7, s4, -710
core   0: 3 0x800026b0 (0xd3aa3893) x17 0x00000001
core   0: 0x800026b4 (0x03c72233) mulhsu  tp, a4, t3
core   0: 3 0x800026b4 (0x03c72233) x 4 0xfffffe9e
core   0: 0x800026b8 (0x01bd5e13) srli    t3, s10, 27
core   0: 3 0x800026b8 (0x01bd5e13) x28 0x0000001f
core   0: 0x800026bc (0x00009cda) c.add   s9, s6
core   0: 3 0x800026bc (0x9cda) x25 0xffffffff
core   0: 0x800026be (0x00db5893) srli    a7, s6, 13
core   0: 3 0x800026be (0x00db5893) x17 0x00000000
core   0: 0x800026c2 (0x024c2533) mulhsu  a0, s8, tp
core   0: 3 0x800026c2 (0x024c2533) x10 0x00000000
core   0: 0x800026c6 (0x0168d313) srli    t1, a7, 22
core   0: 3 0x800026c6 (0x0168d313) x 6 0x00000000
core   0: 0x800026ca (0x00008d99) c.sub   a1, a4
core   0: 3 0x800026ca (0x8d99) x11 0x7fff019b
core   0: 0x800026cc (0xe7fbae93) slti    t4, s7, -385
core   0: 3 0x800026cc (0xe7fbae93) x29 0x00000000
core   0: 0x800026d0 (0xcf3f0313) addi    t1, t5, -781
core   0: 3 0x800026d0 (0xcf3f0313) x 6 0xfffffcf3
core   0: 0x800026d4 (0x01e423b3) slt     t2, s0, t5
core   0: 3 0x800026d4 (0x01e423b3) x 7 0x00000001
core   0: 0x800026d8 (0xe4b8c293) xori    t0, a7, -437
core   0: 3 0x800026d8 (0xe4b8c293) x 5 0xfffffe4b
core   0: 0x800026dc (0x00987633) and     a2, a6, s1
core   0: 3 0x800026dc (0x00987633) x12 0x00000000
core   0: 0x800026e0 (0x5ac40f93) addi    t6, s0, 1452
core   0: 3 0x800026e0 (0x5ac40f93) x31 0x00000244
core   0: 0x800026e4 (0xf0ed2c13) slti    s8, s10, -242
core   0: 3 0x800026e4 (0xf0ed2c13) x24 0x00000000
core   0: 0x800026e8 (0xc6078793) addi    a5, a5, -928
core   0: 3 0x800026e8 (0xc6078793) x15 0xfffffc5f
core   0: 0x800026ec (0x00000212) c.slli  tp, 4
core   0: 3 0x800026ec (0x0212) x 4 0xffffe9e0
core   0: 0x800026ee (0x9a572a93) slti    s5, a4, -1627
core   0: 3 0x800026ee (0x9a572a93) x21 0x00000001
core   0: 0x800026f2 (0x0000636d) c.lui   t1, 0x1b
core   0: 3 0x800026f2 (0x636d) x 6 0x0001b000
core   0: 0x800026f4 (0x03f84c33) div     s8, a6, t6
core   0: 3 0x800026f4 (0x03f84c33) x24 0x00000000
core   0: 0x800026f8 (0x00008c81) c.sub   s1, s0
core   0: 3 0x800026f8 (0x8c81) x 9 0x00004368
core   0: 0x800026fa (0xbe22af93) slti    t6, t0, -1054
core   0: 3 0x800026fa (0xbe22af93) x31 0x00000000
core   0: 0x800026fe (0x03c8a0b3) mulhsu  ra, a7, t3
core   0: 3 0x800026fe (0x03c8a0b3) x 1 0x00000000
core   0: 0x80002702 (0x01e5e4b3) or      s1, a1, t5
core   0: 3 0x80002702 (0x01e5e4b3) x 9 0x7fff019b
core   0: 0x80002706 (0x02c97d33) remu    s10, s2, a2
core   0: 3 0x80002706 (0x02c97d33) x26 0xe0c30000
core   0: 0x8000270a (0x00008cb5) c.xor   s1, a3
core   0: 3 0x8000270a (0x8cb5) x 9 0x7fff419b
core   0: 0x8000270c (0x73218213) addi    tp, gp, 1842
core   0: 3 0x8000270c (0x73218213) x 4 0x000006db
core   0: 0x80002710 (0x03c02233) mulhsu  tp, zero, t3
core   0: 3 0x80002710 (0x03c02233) x 4 0x00000000
core   0: 0x80002714 (0x52d03313) sltiu   t1, zero, 1325
core   0: 3 0x80002714 (0x52d03313) x 6 0x00000001
core   0: 0x80002718 (0x00000001) c.nop
core   0: 3 0x80002718 (0x0001)
core   0: 0x8000271a (0x02f29cb3) mulh    s9, t0, a5
core   0: 3 0x8000271a (0x02f29cb3) x25 0x00000000
core   0: 0x8000271e (0x025c3ab3) mulhu   s5, s8, t0
core   0: 3 0x8000271e (0x025c3ab3) x21 0x00000000
core   0: 0x80002722 (0x01a8fbb3) and     s7, a7, s10
core   0: 3 0x80002722 (0x01a8fbb3) x23 0x00000000
core   0: 0x80002726 (0x00008d99) c.sub   a1, a4
core   0: 3 0x80002726 (0x8d99) x11 0xfffe0337
core   0: 0x80002728 (0x00008e41) c.or    a2, s0
core   0: 3 0x80002728 (0x8e41) x12 0xfffffc98
core   0: 0x8000272a (0x00008561) c.srai  a0, 24
core   0: 3 0x8000272a (0x8561) x10 0x00000000
core   0: 0x8000272c (0x00009f8a) c.add   t6, sp
core   0: 3 0x8000272c (0x9f8a) x31 0x80013ce4
core   0: 0x8000272e (0x000080d1) c.srli  s1, 20
core   0: 3 0x8000272e (0x80d1) x 9 0x000007ff
core   0: 0x80002730 (0x000084b5) c.srai  s1, 13
core   0: 3 0x80002730 (0x84b5) x 9 0x00000000
core   0: 0x80002732 (0x000009b2) c.slli  s3, 12
core   0: 3 0x80002732 (0x09b2) x19 0x002c4000
core   0: 0x80002734 (0x41bd5fb3) sra     t6, s10, s11
core   0: 3 0x80002734 (0x41bd5fb3) x31 0xe0c30000
core   0: 0x80002738 (0x99b76093) ori     ra, a4, -1637
core   0: 3 0x80002738 (0x99b76093) x 1 0xffffffff
core   0: 0x8000273c (0x000067ad) c.lui   a5, 0xb
core   0: 3 0x8000273c (0x67ad) x15 0x0000b000
core   0: 0x8000273e (0x02e27f33) remu    t5, tp, a4
core   0: 3 0x8000273e (0x02e27f33) x30 0x00000000
core   0: 0x80002742 (0x011590b3) sll     ra, a1, a7
core   0: 3 0x80002742 (0x011590b3) x 1 0xfffe0337
core   0: 0x80002746 (0x0000030d) c.addi  t1, 3
core   0: 3 0x80002746 (0x030d) x 6 0x00000004
core   0: 0x80002748 (0x6220ee13) ori     t3, ra, 1570
core   0: 3 0x80002748 (0x6220ee13) x28 0xfffe0737
core   0: 0x8000274c (0x000046b9) c.li    a3, 14
core   0: 3 0x8000274c (0x46b9) x13 0x0000000e
core   0: 0x8000274e (0x0399d1b3) divu    gp, s3, s9
core   0: 3 0x8000274e (0x0399d1b3) x 3 0xffffffff
core   0: 0x80002752 (0x000051fd) c.li    gp, -1
core   0: 3 0x80002752 (0x51fd) x 3 0xffffffff
core   0: 0x80002754 (0x00183633) sltu    a2, a6, ra
core   0: 3 0x80002754 (0x00183633) x12 0x00000001
core   0: 0x80002758 (0x014efc33) and     s8, t4, s4
core   0: 3 0x80002758 (0x014efc33) x24 0x00000000
core   0: 0x8000275c (0x3dec7493) andi    s1, s8, 990
core   0: 3 0x8000275c (0x3dec7493) x 9 0x00000000
core   0: 0x80002760 (0x000001fd) c.addi  gp, 31
core   0: 3 0x80002760 (0x01fd) x 3 0x0000001e
core   0: 0x80002762 (0x000001a1) c.addi  gp, 8
core   0: 3 0x80002762 (0x01a1) x 3 0x00000026
core   0: 0x80002764 (0x00008d29) c.xor   a0, a0
core   0: 3 0x80002764 (0x8d29) x10 0x00000000
core   0: 0x80002766 (0x028ea1b3) mulhsu  gp, t4, s0
core   0: 3 0x80002766 (0x028ea1b3) x 3 0x00000000
core   0: 0x8000276a (0x00008461) c.srai  s0, 24
core   0: 3 0x8000276a (0x8461) x 8 0xffffffff
core   0: 0x8000276c (0x00008ef1) c.and   a3, a2
core   0: 3 0x8000276c (0x8ef1) x13 0x00000000
core   0: 0x8000276e (0x00008a0d) c.andi  a2, 3
core   0: 3 0x8000276e (0x8a0d) x12 0x00000001
core   0: 0x80002770 (0x00dd1b13) slli    s6, s10, 13
core   0: 3 0x80002770 (0x00dd1b13) x22 0x60000000
core   0: 0x80002774 (0x00b3ce33) xor     t3, t2, a1
core   0: 3 0x80002774 (0x00b3ce33) x28 0xfffe0336
core   0: 0x80002778 (0x00383b33) sltu    s6, a6, gp
core   0: 3 0x80002778 (0x00383b33) x22 0x00000000
core   0: 0x8000277c (0x418d5933) sra     s2, s10, s8
core   0: 3 0x8000277c (0x418d5933) x18 0xe0c30000
core   0: 0x80002780 (0x00008df9) c.and   a1, a4
core   0: 3 0x80002780 (0x8df9) x11 0x80000224
core   0: 0x80002782 (0x01b75433) srl     s0, a4, s11
core   0: 3 0x80002782 (0x01b75433) x 8 0x8000fe64
core   0: 0x80002786 (0x01d72bb3) slt     s7, a4, t4
core   0: 3 0x80002786 (0x01d72bb3) x23 0x00000001
core   0: 0x8000278a (0x8c990793) addi    a5, s2, -1847
core   0: 3 0x8000278a (0x8c990793) x15 0xe0c2f8c9
core   0: 0x8000278e (0x00008ff5) c.and   a5, a3
core   0: 3 0x8000278e (0x8ff5) x15 0x00000000
core   0: 0x80002790 (0x00008079) c.srli  s0, 30
core   0: 3 0x80002790 (0x8079) x 8 0x00000002
core   0: 0x80002792 (0x00008655) c.srai  a2, 21
core   0: 3 0x80002792 (0x8655) x12 0x00000000
core   0: 0x80002794 (0x000007e2) c.slli  a5, 24
core   0: 3 0x80002794 (0x07e2) x15 0x00000000
core   0: 0x80002796 (0x00000001) c.nop
core   0: 3 0x80002796 (0x0001)
core   0: 0x80002798 (0x11357c97) auipc   s9, 0x11357
core   0: 3 0x80002798 (0x11357c97) x25 0x91359798
core   0: 0x8000279c (0x000080e1) c.srli  s1, 24
core   0: 3 0x8000279c (0x80e1) x 9 0x00000000
core   0: 0x8000279e (0x00008dcd) c.or    a1, a1
core   0: 3 0x8000279e (0x8dcd) x11 0x80000224
core   0: 0x800027a0 (0x038796b3) mulh    a3, a5, s8
core   0: 3 0x800027a0 (0x038796b3) x13 0x00000000
core   0: 0x800027a4 (0x0171b8b3) sltu    a7, gp, s7
core   0: 3 0x800027a4 (0x0171b8b3) x17 0x00000001
core   0: 0x800027a8 (0x00008c91) c.sub   s1, a2
core   0: 3 0x800027a8 (0x8c91) x 9 0x00000000
core   0: 0x800027aa (0x015354b3) srl     s1, t1, s5
core   0: 3 0x800027aa (0x015354b3) x 9 0x00000004
core   0: 0x800027ae (0xcf932393) slti    t2, t1, -775
core   0: 3 0x800027ae (0xcf932393) x 7 0x00000000
core   0: 0x800027b2 (0xa4523317) auipc   t1, 0xa4523
core   0: 3 0x800027b2 (0xa4523317) x 6 0x245257b2
core   0: 0x800027b6 (0x00008e09) c.sub   a2, a0
core   0: 3 0x800027b6 (0x8e09) x12 0x00000000
core   0: 0x800027b8 (0x000096ca) c.add   a3, s2
core   0: 3 0x800027b8 (0x96ca) x13 0xe0c30000
core   0: 0x800027ba (0x02871e33) mulh    t3, a4, s0
core   0: 3 0x800027ba (0x02871e33) x28 0xffffffff
core   0: 0x800027be (0x00009d06) c.add   s10, ra
core   0: 3 0x800027be (0x9d06) x26 0xe0c10337
core   0: 0x800027c0 (0x028e2f33) mulhsu  t5, t3, s0
core   0: 3 0x800027c0 (0x028e2f33) x30 0xffffffff
core   0: 0x800027c4 (0x0005e333) or      t1, a1, zero
core   0: 3 0x800027c4 (0x0005e333) x 6 0x80000224
core   0: 0x800027c8 (0x0264b7b3) mulhu   a5, s1, t1
core   0: 3 0x800027c8 (0x0264b7b3) x15 0x00000002
core   0: 0x800027cc (0x00009a1a) c.add   s4, t1
core   0: 3 0x800027cc (0x9a1a) x20 0x80001223
core   0: 0x800027ce (0x00000001) c.nop
core   0: 3 0x800027ce (0x0001)
core   0: 0x800027d0 (0xb8985797) auipc   a5, 0xb8985
core   0: 3 0x800027d0 (0xb8985797) x15 0x389877d0
core   0: 0x800027d4 (0x0214f533) remu    a0, s1, ra
core   0: 3 0x800027d4 (0x0214f533) x10 0x00000004
core   0: 0x800027d8 (0x00008c59) c.or    s0, a4
core   0: 3 0x800027d8 (0x8c59) x 8 0x8000fe66
core   0: 0x800027da (0xbf2e0093) addi    ra, t3, -1038
core   0: 3 0x800027da (0xbf2e0093) x 1 0xfffffbf1
core   0: 0x800027de (0x7fc88513) addi    a0, a7, 2044
core   0: 3 0x800027de (0x7fc88513) x10 0x000007fd
core   0: 0x800027e2 (0x003e4933) xor     s2, t3, gp
core   0: 3 0x800027e2 (0x003e4933) x18 0xffffffff
core   0: 0x800027e6 (0x000053fd) c.li    t2, -1
core   0: 3 0x800027e6 (0x53fd) x 7 0xffffffff
core   0: 0x800027e8 (0x00000001) c.nop
core   0: 3 0x800027e8 (0x0001)
core   0: 0x800027ea (0xe2222c93) slti    s9, tp, -478
core   0: 3 0x800027ea (0xe2222c93) x25 0x00000000
core   0: 0x800027ee (0x015bbd33) sltu    s10, s7, s5
core   0: 3 0x800027ee (0x015bbd33) x26 0x00000000
core   0: 0x800027f2 (0x415050b3) sra     ra, zero, s5
core   0: 3 0x800027f2 (0x415050b3) x 1 0x00000000
core   0: 0x800027f6 (0x03a40333) mul     t1, s0, s10
core   0: 3 0x800027f6 (0x03a40333) x 6 0x00000000
core   0: 0x800027fa (0x00008e99) c.sub   a3, a4
core   0: 3 0x800027fa (0x8e99) x13 0x60c2019c
core   0: 0x800027fc (0x0297f4b3) remu    s1, a5, s1
core   0: 3 0x800027fc (0x0297f4b3) x 9 0x00000000
core   0: 0x80002800 (0x00f15193) srli    gp, sp, 15
core   0: 3 0x80002800 (0x00f15193) x 3 0x00010002
core   0: 0x80002804 (0x3fe56013) ori     zero, a0, 1022
core   0: 3 0x80002804 (0x3fe56013)
core   0: 0x80002808 (0x03f03d33) mulhu   s10, zero, t6
core   0: 3 0x80002808 (0x03f03d33) x26 0x00000000
core   0: 0x8000280c (0x00009fae) c.add   t6, a1
core   0: 3 0x8000280c (0x9fae) x31 0x60c30224
core   0: 0x8000280e (0x030bd2b3) divu    t0, s7, a6
core   0: 3 0x8000280e (0x030bd2b3) x 5 0xffffffff
core   0: 0x80002812 (0x027c9d33) mulh    s10, s9, t2
core   0: 3 0x80002812 (0x027c9d33) x26 0x00000000
core   0: 0x80002816 (0xfdf5cb93) xori    s7, a1, -33
core   0: 3 0x80002816 (0xfdf5cb93) x23 0x7ffffdfb
core   0: 0x8000281a (0x02136fb3) rem     t6, t1, ra
core   0: 3 0x8000281a (0x02136fb3) x31 0x00000000
core   0: 0x8000281e (0x28bd3393) sltiu   t2, s10, 651
core   0: 3 0x8000281e (0x28bd3393) x 7 0x00000001
core   0: 0x80002822 (0x000040a1) c.li    ra, 8
core   0: 3 0x80002822 (0x40a1) x 1 0x00000008
core   0: 0x80002824 (0x00cc69b3) or      s3, s8, a2
core   0: 3 0x80002824 (0x00cc69b3) x19 0x00000000
core   0: 0x80002828 (0x000099fd) c.andi  a1, -1
core   0: 3 0x80002828 (0x99fd) x11 0x80000224
core   0: 0x8000282a (0x00cb9c13) slli    s8, s7, 12
core   0: 3 0x8000282a (0x00cb9c13) x24 0xffdfb000
core   0: 0x8000282e (0x00008e39) c.xor   a2, a4
core   0: 3 0x8000282e (0x8e39) x12 0x8000fe64
core   0: 0x80002830 (0x00008eb5) c.xor   a3, a3
core   0: 3 0x80002830 (0x8eb5) x13 0x00000000
core   0: 0x80002832 (0x00009afe) c.add   s5, t6
core   0: 3 0x80002832 (0x9afe) x21 0x00000000
core   0: 0x80002834 (0x00008d51) c.or    a0, a2
core   0: 3 0x80002834 (0x8d51) x10 0x8000fffd
core   0: 0x80002836 (0x00006a1d) c.lui   s4, 0x7
core   0: 3 0x80002836 (0x6a1d) x20 0x00007000
core   0: 0x80002838 (0x00000001) c.nop
core   0: 3 0x80002838 (0x0001)
core   0: 0x8000283a (0x02e580b3) mul     ra, a1, a4
core   0: 3 0x8000283a (0x02e580b3) x 1 0x02208e10
core   0: 0x8000283e (0x0000868d) c.srai  a3, 3
core   0: 3 0x8000283e (0x868d) x13 0x00000000
core   0: 0x80002840 (0x00d044b3) xor     s1, zero, a3
core   0: 3 0x80002840 (0x00d044b3) x 9 0x00000000
core   0: 0x80002844 (0x0134a9b3) slt     s3, s1, s3
core   0: 3 0x80002844 (0x0134a9b3) x19 0x00000000
core   0: 0x80002848 (0x00004589) c.li    a1, 2
core   0: 3 0x80002848 (0x4589) x11 0x00000002
core   0: 0x8000284a (0x000067a9) c.lui   a5, 0xa
core   0: 3 0x8000284a (0x67a9) x15 0x0000a000
core   0: 0x8000284c (0x01ebc6b3) xor     a3, s7, t5
core   0: 3 0x8000284c (0x01ebc6b3) x13 0x80000204
core   0: 0x80002850 (0x0000987d) c.andi  s0, -1
core   0: 3 0x80002850 (0x987d) x 8 0x8000fe66
core   0: 0x80002852 (0xb1937b17) auipc   s6, 0xb1937
core   0: 3 0x80002852 (0xb1937b17) x22 0x31939852
core   0: 0x80002856 (0x01997f33) and     t5, s2, s9
core   0: 3 0x80002856 (0x01997f33) x30 0x00000000
core   0: 0x8000285a (0x40605013) srai    zero, zero, 6
core   0: 3 0x8000285a (0x40605013)
core   0: 0x8000285e (0x0312feb3) remu    t4, t0, a7
core   0: 3 0x8000285e (0x0312feb3) x29 0x00000000
core   0: 0x80002862 (0x034e2a33) mulhsu  s4, t3, s4
core   0: 3 0x80002862 (0x034e2a33) x20 0xffffffff
core   0: 0x80002866 (0x40f25333) sra     t1, tp, a5
core   0: 3 0x80002866 (0x40f25333) x 6 0x00000000
core   0: 0x8000286a (0x00009a9e) c.add   s5, t2
core   0: 3 0x8000286a (0x9a9e) x21 0x00000001
core   0: 0x8000286c (0x00004259) c.li    tp, 22
core   0: 3 0x8000286c (0x4259) x 4 0x00000016
core   0: 0x8000286e (0x00001a7d) c.addi  s4, -1
core   0: 3 0x8000286e (0x1a7d) x20 0xfffffffe
core   0: 0x80002870 (0x00b9e6b3) or      a3, s3, a1
core   0: 3 0x80002870 (0x00b9e6b3) x13 0x00000002
core   0: 0x80002874 (0x4e394c17) auipc   s8, 0x4e394
core   0: 3 0x80002874 (0x4e394c17) x24 0xce396874
core   0: 0x80002878 (0x01ce5eb3) srl     t4, t3, t3
core   0: 3 0x80002878 (0x01ce5eb3) x29 0x00000001
core   0: 0x8000287c (0x01b15eb3) srl     t4, sp, s11
core   0: 3 0x8000287c (0x01b15eb3) x29 0x80013ce4
core   0: 0x80002880 (0x000066f9) c.lui   a3, 0x1e
core   0: 3 0x80002880 (0x66f9) x13 0x0001e000
core   0: 0x80002882 (0x00008a11) c.andi  a2, 4
core   0: 3 0x80002882 (0x8a11) x12 0x00000004
core   0: 0x80002884 (0x4104d413) srai    s0, s1, 16
core   0: 3 0x80002884 (0x4104d413) x 8 0x00000000
core   0: 0x80002888 (0x1eaba393) slti    t2, s7, 490
core   0: 3 0x80002888 (0x1eaba393) x 7 0x00000000
core   0: 0x8000288c (0x00229f33) sll     t5, t0, sp
core   0: 3 0x8000288c (0x00229f33) x30 0xfffffff0
core   0: 0x80002890 (0x72643e13) sltiu   t3, s0, 1830
core   0: 3 0x80002890 (0x72643e13) x28 0x00000001
core   0: 0x80002894 (0x033c7fb3) remu    t6, s8, s3
core   0: 3 0x80002894 (0x033c7fb3) x31 0xce396874
core   0: 0x80002898 (0x000062f5) c.lui   t0, 0x1d
core   0: 3 0x80002898 (0x62f5) x 5 0x0001d000
core   0: 0x8000289a (0x40495493) srai    s1, s2, 4
core   0: 3 0x8000289a (0x40495493) x 9 0xffffffff
core   0: 0x8000289e (0x013e71b3) and     gp, t3, s3
core   0: 3 0x8000289e (0x013e71b3) x 3 0x00000000
core   0: 0x800028a2 (0x029babb3) mulhsu  s7, s7, s1
core   0: 3 0x800028a2 (0x029babb3) x23 0x7ffffdfa
core   0: 0x800028a6 (0x07055817) auipc   a6, 0x7055
core   0: 3 0x800028a6 (0x07055817) x16 0x870578a6
core   0: 0x800028aa (0x00830c33) add     s8, t1, s0
core   0: 3 0x800028aa (0x00830c33) x24 0x00000000
core   0: 0x800028ae (0x84544993) xori    s3, s0, -1979
core   0: 3 0x800028ae (0x84544993) x19 0xfffff845
core   0: 0x800028b2 (0x00008fd1) c.or    a5, a2
core   0: 3 0x800028b2 (0x8fd1) x15 0x0000a004
core   0: 0x800028b4 (0x00001bfd) c.addi  s7, -1
core   0: 3 0x800028b4 (0x1bfd) x23 0x7ffffdf9
core   0: 0x800028b6 (0x000000ae) c.slli  ra, 11
core   0: 3 0x800028b6 (0x00ae) x 1 0x04708000
core   0: 0x800028b8 (0x001af0b3) and     ra, s5, ra
core   0: 3 0x800028b8 (0x001af0b3) x 1 0x00000000
core   0: 0x800028bc (0x411b09b3) sub     s3, s6, a7
core   0: 3 0x800028bc (0x411b09b3) x19 0x31939851
core   0: 0x800028c0 (0x00008c21) c.xor   s0, s0
core   0: 3 0x800028c0 (0x8c21) x 8 0x00000000
core   0: 0x800028c2 (0x00008fcd) c.or    a5, a1
core   0: 3 0x800028c2 (0x8fcd) x15 0x0000a006
core   0: 0x800028c4 (0x000088b9) c.andi  s1, 14
core   0: 3 0x800028c4 (0x88b9) x 9 0x0000000e
core   0: 0x800028c6 (0x017cc033) xor     zero, s9, s7
core   0: 3 0x800028c6 (0x017cc033)
core   0: 0x800028ca (0x000013fd) c.addi  t2, -1
core   0: 3 0x800028ca (0x13fd) x 7 0xffffffff
core   0: 0x800028cc (0x000017fd) c.addi  a5, -1
core   0: 3 0x800028cc (0x17fd) x15 0x0000a005
core   0: 0x800028ce (0x027e6433) rem     s0, t3, t2
core   0: 3 0x800028ce (0x027e6433) x 8 0x00000000
core   0: 0x800028d2 (0x004e5633) srl     a2, t3, tp
core   0: 3 0x800028d2 (0x004e5633) x12 0x00000000
core   0: 0x800028d6 (0x00008c55) c.or    s0, a3
core   0: 3 0x800028d6 (0x8c55) x 8 0x0001e000
core   0: 0x800028d8 (0x0000987d) c.andi  s0, -1
core   0: 3 0x800028d8 (0x987d) x 8 0x0001e000
core   0: 0x800028da (0xadba0593) addi    a1, s4, -1317
core   0: 3 0x800028da (0xadba0593) x11 0xfffffad9
core   0: 0x800028de (0x00000326) c.slli  t1, 9
core   0: 3 0x800028de (0x0326) x 6 0x00000000
core   0: 0x800028e0 (0x027080b3) mul     ra, ra, t2
core   0: 3 0x800028e0 (0x027080b3) x 1 0x00000000
core   0: 0x800028e4 (0x033bcfb3) div     t6, s7, s3
core   0: 3 0x800028e4 (0x033bcfb3) x31 0x00000002
core   0: 0x800028e8 (0x00008ce1) c.and   s1, s0
core   0: 3 0x800028e8 (0x8ce1) x 9 0x00000000
core   0: 0x800028ea (0x01c764b3) or      s1, a4, t3
core   0: 3 0x800028ea (0x01c764b3) x 9 0x8000fe65
core   0: 0x800028ee (0x038baeb3) mulhsu  t4, s7, s8
core   0: 3 0x800028ee (0x038baeb3) x29 0x00000000
core   0: 0x800028f2 (0x00006e21) c.lui   t3, 0x8
core   0: 3 0x800028f2 (0x6e21) x28 0x00008000
core   0: 0x800028f4 (0x411555b3) sra     a1, a0, a7
core   0: 3 0x800028f4 (0x411555b3) x11 0xc0007ffe
core   0: 0x800028f8 (0xe3898d13) addi    s10, s3, -456
core   0: 3 0x800028f8 (0xe3898d13) x26 0x31939689
core   0: 0x800028fc (0x00000001) c.nop
core   0: 3 0x800028fc (0x0001)
core   0: 0x800028fe (0xc1d00793) li      a5, -995
core   0: 3 0x800028fe (0xc1d00793) x15 0xfffffc1d
core   0: 0x80002902 (0x40a55993) srai    s3, a0, 10
core   0: 3 0x80002902 (0x40a55993) x19 0xffe0003f
core   0: 0x80002906 (0x00000b51) c.addi  s6, 20
core   0: 3 0x80002906 (0x0b51) x22 0x31939866
core   0: 0x80002908 (0x00008e9a) c.mv    t4, t1
core   0: 3 0x80002908 (0x8e9a) x29 0x00000000
core   0: 0x8000290a (0x00008d3d) c.xor   a0, a5
core   0: 3 0x8000290a (0x8d3d) x10 0x7fff03e0
core   0: 0x8000290c (0x01f887b3) add     a5, a7, t6
core   0: 3 0x8000290c (0x01f887b3) x15 0x00000003
core   0: 0x80002910 (0x96db4297) auipc   t0, 0x96db4
core   0: 3 0x80002910 (0x96db4297) x 5 0x16db6910
core   0: 0x80002914 (0x00009e92) c.add   t4, tp
core   0: 3 0x80002914 (0x9e92) x29 0x00000016
core   0: 0x80002916 (0x6d02b793) sltiu   a5, t0, 1744
core   0: 3 0x80002916 (0x6d02b793) x15 0x00000000
core   0: 0x8000291a (0x01f28d33) add     s10, t0, t6
core   0: 3 0x8000291a (0x01f28d33) x26 0x16db6912
core   0: 0x8000291e (0x0000009e) c.slli  ra, 7
core   0: 3 0x8000291e (0x009e) x 1 0x00000000
core   0: 0x80002920 (0x003ed013) srli    zero, t4, 3
core   0: 3 0x80002920 (0x003ed013)
core   0: 0x80002924 (0x00436eb3) or      t4, t1, tp
core   0: 3 0x80002924 (0x00436eb3) x29 0x00000016
core   0: 0x80002928 (0x01653e33) sltu    t3, a0, s6
core   0: 3 0x80002928 (0x01653e33) x28 0x00000000
core   0: 0x8000292c (0xb6a88e13) addi    t3, a7, -1174
core   0: 3 0x8000292c (0xb6a88e13) x28 0xfffffb6b
core   0: 0x80002930 (0x014e7a33) and     s4, t3, s4
core   0: 3 0x80002930 (0x014e7a33) x20 0xfffffb6a
core   0: 0x80002934 (0x00537933) and     s2, t1, t0
core   0: 3 0x80002934 (0x00537933) x18 0x00000000
core   0: 0x80002938 (0x000085ed) c.srai  a1, 27
core   0: 3 0x80002938 (0x85ed) x11 0xfffffff8
core   0: 0x8000293a (0x000084f1) c.srai  s1, 28
core   0: 3 0x8000293a (0x84f1) x 9 0xfffffff8
core   0: 0x8000293c (0x02d80033) mul     zero, a6, a3
core   0: 3 0x8000293c (0x02d80033)
core   0: 0x80002940 (0x379a3197) auipc   gp, 0x379a3
core   0: 3 0x80002940 (0x379a3197) x 3 0xb79a5940
core   0: 0x80002944 (0x007951b3) srl     gp, s2, t2
core   0: 3 0x80002944 (0x007951b3) x 3 0x00000000
core   0: 0x80002948 (0x13d9a197) auipc   gp, 0x13d9a
core   0: 3 0x80002948 (0x13d9a197) x 3 0x93d9c948
core   0: 0x8000294c (0x00000786) c.slli  a5, 1
core   0: 3 0x8000294c (0x0786) x15 0x00000000
core   0: 0x8000294e (0x0078a033) slt     zero, a7, t2
core   0: 3 0x8000294e (0x0078a033)
core   0: 0x80002952 (0x00008e85) c.sub   a3, s1
core   0: 3 0x80002952 (0x8e85) x13 0x0001e008
core   0: 0x80002954 (0x03b1b9b3) mulhu   s3, gp, s11
core   0: 3 0x80002954 (0x03b1b9b3) x19 0x49ece4a4
core   0: 0x80002958 (0x00008611) c.srai  a2, 4
core   0: 3 0x80002958 (0x8611) x12 0x00000000
core   0: 0x8000295a (0x00008ea9) c.xor   a3, a0
core   0: 3 0x8000295a (0x8ea9) x13 0x7ffee3e8
core   0: 0x8000295c (0x00075fb3) srl     t6, a4, zero
core   0: 3 0x8000295c (0x00075fb3) x31 0x8000fe64
core   0: 0x80002960 (0x026e39b3) mulhu   s3, t3, t1
core   0: 3 0x80002960 (0x026e39b3) x19 0x00000000
core   0: 0x80002964 (0x41048f33) sub     t5, s1, a6
core   0: 3 0x80002964 (0x41048f33) x30 0x78fa8752
core   0: 0x80002968 (0x00000001) c.nop
core   0: 3 0x80002968 (0x0001)
core   0: 0x8000296a (0x00008829) c.andi  s0, 10
core   0: 3 0x8000296a (0x8829) x 8 0x00000000
core   0: 0x8000296c (0x96c5ca93) xori    s5, a1, -1684
core   0: 3 0x8000296c (0x96c5ca93) x21 0x00000694
core   0: 0x80002970 (0x0000838d) c.srli  a5, 3
core   0: 3 0x80002970 (0x838d) x15 0x00000000
core   0: 0x80002972 (0x00005cfd) c.li    s9, -1
core   0: 3 0x80002972 (0x5cfd) x25 0xffffffff
core   0: 0x80002974 (0x01590fb3) add     t6, s2, s5
core   0: 3 0x80002974 (0x01590fb3) x31 0x00000694
core   0: 0x80002978 (0x000088ba) c.mv    a7, a4
core   0: 3 0x80002978 (0x88ba) x17 0x8000fe64
core   0: 0x8000297a (0x94b76e37) lui     t3, 0x94b76
core   0: 3 0x8000297a (0x94b76e37) x28 0x94b76000
core   0: 0x8000297e (0x418b5a93) srai    s5, s6, 24
core   0: 3 0x8000297e (0x418b5a93) x21 0x00000031
core   0: 0x80002982 (0x59f9a937) lui     s2, 0x59f9a
core   0: 3 0x80002982 (0x59f9a937) x18 0x59f9a000
core   0: 0x80002986 (0x0243e433) rem     s0, t2, tp
core   0: 3 0x80002986 (0x0243e433) x 8 0xffffffff
core   0: 0x8000298a (0x01671c93) slli    s9, a4, 22
core   0: 3 0x8000298a (0x01671c93) x25 0x99000000
core   0: 0x8000298e (0xe87c6793) ori     a5, s8, -377
core   0: 3 0x8000298e (0xe87c6793) x15 0xfffffe87
core   0: 0x80002992 (0x00ad07b3) add     a5, s10, a0
core   0: 3 0x80002992 (0x00ad07b3) x15 0x96da6cf2
core   0: 0x80002996 (0xac596d13) ori     s10, s2, -1339
core   0: 3 0x80002996 (0xac596d13) x26 0xfffffac5
core   0: 0x8000299a (0x004cfbb3) and     s7, s9, tp
core   0: 3 0x8000299a (0x004cfbb3) x23 0x00000000
core   0: 0x8000299e (0x00008f89) c.sub   a5, a0
core   0: 3 0x8000299e (0x8f89) x15 0x16db6912
core   0: 0x800029a0 (0x022690b3) mulh    ra, a3, sp
core   0: 3 0x800029a0 (0x022690b3) x 1 0xc0012c7c
core   0: 0x800029a4 (0x0055ed33) or      s10, a1, t0
core   0: 3 0x800029a4 (0x0055ed33) x26 0xfffffff8
core   0: 0x800029a8 (0x000000c1) c.addi  ra, 16
core   0: 3 0x800029a8 (0x00c1) x 1 0xc0012c8c
core   0: 0x800029aa (0x00008d3d) c.xor   a0, a5
core   0: 3 0x800029aa (0x8d3d) x10 0x69246af2
core   0: 0x800029ac (0x00008ab5) c.andi  a3, 13
core   0: 3 0x800029ac (0x8ab5) x13 0x00000008
core   0: 0x800029ae (0x000019fd) c.addi  s3, -1
core   0: 3 0x800029ae (0x19fd) x19 0xffffffff
core   0: 0x800029b0 (0x01eaabb3) slt     s7, s5, t5
core   0: 3 0x800029b0 (0x01eaabb3) x23 0x00000001
core   0: 0x800029b4 (0x00193eb3) sltu    t4, s2, ra
core   0: 3 0x800029b4 (0x00193eb3) x29 0x00000001
core   0: 0x800029b8 (0xcb9a10b7) lui     ra, 0xcb9a1
core   0: 3 0x800029b8 (0xcb9a10b7) x 1 0xcb9a1000
core   0: 0x800029bc (0x01ed34b3) sltu    s1, s10, t5
core   0: 3 0x800029bc (0x01ed34b3) x 9 0x00000000
core   0: 0x800029c0 (0x00008629) c.srai  a2, 10
core   0: 3 0x800029c0 (0x8629) x12 0x00000000
core   0: 0x800029c2 (0x0078a933) slt     s2, a7, t2
core   0: 3 0x800029c2 (0x0078a933) x18 0x00000001
core   0: 0x800029c6 (0x00008bbd) c.andi  a5, 15
core   0: 3 0x800029c6 (0x8bbd) x15 0x00000002
core   0: 0x800029c8 (0x00000001) c.nop
core   0: 3 0x800029c8 (0x0001)
core   0: 0x800029ca (0x000097a2) c.add   a5, s0
core   0: 3 0x800029ca (0x97a2) x15 0x00000001
core   0: 0x800029cc (0x0000659d) c.lui   a1, 0x7
core   0: 3 0x800029cc (0x659d) x11 0x00007000
core   0: 0x800029ce (0x2799c993) xori    s3, s3, 633
core   0: 3 0x800029ce (0x2799c993) x19 0xfffffd86
core   0: 0x800029d2 (0x402c58b3) sra     a7, s8, sp
core   0: 3 0x800029d2 (0x402c58b3) x17 0x00000000
core   0: 0x800029d6 (0x00008aa2) c.mv    s5, s0
core   0: 3 0x800029d6 (0x8aa2) x21 0xffffffff
core   0: 0x800029d8 (0x03cc8533) mul     a0, s9, t3
core   0: 3 0x800029d8 (0x03cc8533) x10 0x00000000
core   0: 0x800029dc (0x00008ce6) c.mv    s9, s9
core   0: 3 0x800029dc (0x8ce6) x25 0x99000000
core   0: 0x800029de (0x3af125b7) lui     a1, 0x3af12
core   0: 3 0x800029de (0x3af125b7) x11 0x3af12000
core   0: 0x800029e2 (0x1bc15eb7) lui     t4, 0x1bc15
core   0: 3 0x800029e2 (0x1bc15eb7) x29 0x1bc15000
core   0: 0x800029e6 (0x40b7d5b3) sra     a1, a5, a1
core   0: 3 0x800029e6 (0x40b7d5b3) x11 0x00000001
core   0: 0x800029ea (0x03a027b3) mulhsu  a5, zero, s10
core   0: 3 0x800029ea (0x03a027b3) x15 0x00000000
core   0: 0x800029ee (0x000064d9) c.lui   s1, 0x16
core   0: 3 0x800029ee (0x64d9) x 9 0x00016000
core   0: 0x800029f0 (0xc46c3097) auipc   ra, 0xc46c3
core   0: 3 0x800029f0 (0xc46c3097) x 1 0x446c59f0
core   0: 0x800029f4 (0x030cc233) div     tp, s9, a6
core   0: 3 0x800029f4 (0x030cc233) x 4 0x00000000
core   0: 0x800029f8 (0x41f3d533) sra     a0, t2, t6
core   0: 3 0x800029f8 (0x41f3d533) x10 0xffffffff
core   0: 0x800029fc (0x02dca633) mulhsu  a2, s9, a3
core   0: 3 0x800029fc (0x02dca633) x12 0xfffffffc
core   0: 0x80002a00 (0x039f0cb3) mul     s9, t5, s9
core   0: 3 0x80002a00 (0x039f0cb3) x25 0x02000000
core   0: 0x80002a04 (0x5f907693) andi    a3, zero, 1529
core   0: 3 0x80002a04 (0x5f907693) x13 0x00000000
core   0: 0x80002a08 (0x000009b2) c.slli  s3, 12
core   0: 3 0x80002a08 (0x09b2) x19 0xffd86000
core   0: 0x80002a0a (0x03e815b3) mulh    a1, a6, t5
core   0: 3 0x80002a0a (0x03e815b3) x11 0xc6d42bf2
core   0: 0x80002a0e (0x0000997d) c.andi  a0, -1
core   0: 3 0x80002a0e (0x997d) x10 0xffffffff
core   0: 0x80002a10 (0x036d29b3) mulhsu  s3, s10, s6
core   0: 3 0x80002a10 (0x036d29b3) x19 0xfffffffe
core   0: 0x80002a14 (0x1fdea813) slti    a6, t4, 509
core   0: 3 0x80002a14 (0x1fdea813) x16 0x00000000
core   0: 0x80002a18 (0x0389f333) remu    t1, s3, s8
core   0: 3 0x80002a18 (0x0389f333) x 6 0xfffffffe
core   0: 0x80002a1c (0x00000001) c.nop
core   0: 3 0x80002a1c (0x0001)
core   0: 0x80002a1e (0x0000942e) c.add   s0, a1
core   0: 3 0x80002a1e (0x942e) x 8 0xc6d42bf1
core   0: 0x80002a20 (0x019b0f33) add     t5, s6, s9
core   0: 3 0x80002a20 (0x019b0f33) x30 0x33939866
core   0: 0x80002a24 (0xb3e2ae13) slti    t3, t0, -1218
core   0: 3 0x80002a24 (0xb3e2ae13) x28 0x00000000
core   0: 0x80002a28 (0x0000021d) c.addi  tp, 7
core   0: 3 0x80002a28 (0x021d) x 4 0x00000007
core   0: 0x80002a2a (0x00008d15) c.sub   a0, a3
core   0: 3 0x80002a2a (0x8d15) x10 0xffffffff
core   0: 0x80002a2c (0x00000001) c.nop
core   0: 3 0x80002a2c (0x0001)
core   0: 0x80002a2e (0x02bd1fb3) mulh    t6, s10, a1
core   0: 3 0x80002a2e (0x02bd1fb3) x31 0x00000001
core   0: 0x80002a32 (0xc03f1637) lui     a2, 0xc03f1
core   0: 3 0x80002a32 (0xc03f1637) x12 0xc03f1000
core   0: 0x80002a36 (0x00eb4eb3) xor     t4, s6, a4
core   0: 3 0x80002a36 (0x00eb4eb3) x29 0xb1936602
core   0: 0x80002a3a (0x41b4d413) srai    s0, s1, 27
core   0: 3 0x80002a3a (0x41b4d413) x 8 0x00000000
core   0: 0x80002a3e (0x00008fe9) c.and   a5, a0
core   0: 3 0x80002a3e (0x8fe9) x15 0x00000000
core   0: 0x80002a40 (0x00008eb5) c.xor   a3, a3
core   0: 3 0x80002a40 (0x8eb5) x13 0x00000000
core   0: 0x80002a42 (0x00008e55) c.or    a2, a3
core   0: 3 0x80002a42 (0x8e55) x12 0xc03f1000
core   0: 0x80002a44 (0x029c41b3) div     gp, s8, s1
core   0: 3 0x80002a44 (0x029c41b3) x 3 0x00000000
core   0: 0x80002a48 (0x00009586) c.add   a1, ra
core   0: 3 0x80002a48 (0x9586) x11 0x0b4085e2
core   0: 0x80002a4a (0x00008d15) c.sub   a0, a3
core   0: 3 0x80002a4a (0x8d15) x10 0xffffffff
core   0: 0x80002a4c (0x9b3b3c93) sltiu   s9, s6, -1613
core   0: 3 0x80002a4c (0x9b3b3c93) x25 0x00000001
core   0: 0x80002a50 (0x41fd55b3) sra     a1, s10, t6
core   0: 3 0x80002a50 (0x41fd55b3) x11 0xfffffffc
core   0: 0x80002a54 (0xc4c0c893) xori    a7, ra, -948
core   0: 3 0x80002a54 (0xc4c0c893) x17 0xbb93a5bc
core   0: 0x80002a58 (0x41ff5933) sra     s2, t5, t6
core   0: 3 0x80002a58 (0x41ff5933) x18 0x19c9cc33
core   0: 0x80002a5c (0x01e7ec33) or      s8, a5, t5
core   0: 3 0x80002a5c (0x01e7ec33) x24 0x33939866
core   0: 0x80002a60 (0xb3642693) slti    a3, s0, -1226
core   0: 3 0x80002a60 (0xb3642693) x13 0x00000000
core   0: 0x80002a64 (0x35e23293) sltiu   t0, tp, 862
core   0: 3 0x80002a64 (0x35e23293) x 5 0x00000001
core   0: 0x80002a68 (0x4151df33) sra     t5, gp, s5
core   0: 3 0x80002a68 (0x4151df33) x30 0x00000000
core   0: 0x80002a6c (0x0000815d) c.srli  a0, 23
core   0: 3 0x80002a6c (0x815d) x10 0x000001ff
core   0: 0x80002a6e (0x00004fad) c.li    t6, 11
core   0: 3 0x80002a6e (0x4fad) x31 0x0000000b
core   0: 0x80002a70 (0x00000ee9) c.addi  t4, 26
core   0: 3 0x80002a70 (0x0ee9) x29 0xb193661c
core   0: 0x80002a72 (0x00008fa9) c.xor   a5, a0
core   0: 3 0x80002a72 (0x8fa9) x15 0x000001ff
core   0: 0x80002a74 (0x00855013) srli    zero, a0, 8
core   0: 3 0x80002a74 (0x00855013)
core   0: 0x80002a78 (0x00a16a33) or      s4, sp, a0
core   0: 3 0x80002a78 (0x00a16a33) x20 0x80013dff
core   0: 0x80002a7c (0x00005efd) c.li    t4, -1
core   0: 3 0x80002a7c (0x5efd) x29 0xffffffff
core   0: 0x80002a7e (0x6b69ee97) auipc   t4, 0x6b69e
core   0: 3 0x80002a7e (0x6b69ee97) x29 0xeb6a0a7e
core   0: 0x80002a82 (0x409b0f33) sub     t5, s6, s1
core   0: 3 0x80002a82 (0x409b0f33) x30 0x31923866
core   0: 0x80002a86 (0x11b80597) auipc   a1, 0x11b80
core   0: 3 0x80002a86 (0x11b80597) x11 0x91b82a86
core   0: 0x80002a8a (0x00306bb3) or      s7, zero, gp
core   0: 3 0x80002a8a (0x00306bb3) x23 0x00000000
core   0: 0x80002a8e (0x0a85ef37) lui     t5, 0xa85e
core   0: 3 0x80002a8e (0x0a85ef37) x30 0x0a85e000
core   0: 0x80002a92 (0x01662fb3) slt     t6, a2, s6
core   0: 3 0x80002a92 (0x01662fb3) x31 0x00000001
core   0: 0x80002a96 (0x020bdab3) divu    s5, s7, zero
core   0: 3 0x80002a96 (0x020bdab3) x21 0xffffffff
core   0: 0x80002a9a (0x00008e11) c.sub   a2, a2
core   0: 3 0x80002a9a (0x8e11) x12 0x00000000
core   0: 0x80002a9c (0x000002be) c.slli  t0, 15
core   0: 3 0x80002a9c (0x02be) x 5 0x00008000
core   0: 0x80002a9e (0x00008e51) c.or    a2, a2
core   0: 3 0x80002a9e (0x8e51) x12 0x00000000
core   0: 0x80002aa0 (0x00000e99) c.addi  t4, 6
core   0: 3 0x80002aa0 (0x0e99) x29 0xeb6a0a84
core   0: 0x80002aa2 (0x023429b3) mulhsu  s3, s0, gp
core   0: 3 0x80002aa2 (0x023429b3) x19 0x00000000
core   0: 0x80002aa6 (0x00008c2d) c.xor   s0, a1
core   0: 3 0x80002aa6 (0x8c2d) x 8 0x91b82a86
core   0: 0x80002aa8 (0x51733c37) lui     s8, 0x51733
core   0: 3 0x80002aa8 (0x51733c37) x24 0x51733000
core   0: 0x80002aac (0x0e143297) auipc   t0, 0xe143
core   0: 3 0x80002aac (0x0e143297) x 5 0x8e145aac
core   0: 0x80002ab0 (0x41ddd333) sra     t1, s11, t4
core   0: 3 0x80002ab0 (0x41ddd333) x 6 0xf8000000
core   0: 0x80002ab4 (0xdd100297) auipc   t0, 0xdd100
core   0: 3 0x80002ab4 (0xdd100297) x 5 0x5d102ab4
core   0: 0x80002ab8 (0x017e63b3) or      t2, t3, s7
core   0: 3 0x80002ab8 (0x017e63b3) x 7 0x00000000
core   0: 0x80002abc (0x000087c1) c.srai  a5, 16
core   0: 3 0x80002abc (0x87c1) x15 0x00000000
core   0: 0x80002abe (0x00a8c1b3) xor     gp, a7, a0
core   0: 3 0x80002abe (0x00a8c1b3) x 3 0xbb93a443
core   0: 0x80002ac2 (0x40f7dc33) sra     s8, a5, a5
core   0: 3 0x80002ac2 (0x40f7dc33) x24 0x00000000
core   0: 0x80002ac6 (0x8d40b693) sltiu   a3, ra, -1836
core   0: 3 0x80002ac6 (0x8d40b693) x13 0x00000001
core   0: 0x80002aca (0x41c75933) sra     s2, a4, t3
core   0: 3 0x80002aca (0x41c75933) x18 0x8000fe64
core   0: 0x80002ace (0xf473c393) xori    t2, t2, -185
core   0: 3 0x80002ace (0xf473c393) x 7 0xffffff47
core   0: 0x80002ad2 (0x00603a33) snez    s4, t1
core   0: 3 0x80002ad2 (0x00603a33) x20 0x00000001
core   0: 0x80002ad6 (0x0000093a) c.slli  s2, 14
core   0: 3 0x80002ad6 (0x093a) x18 0x3f990000
core   0: 0x80002ad8 (0x00000001) c.nop
core   0: 3 0x80002ad8 (0x0001)
core   0: 0x80002ada (0x01ff4233) xor     tp, t5, t6
core   0: 3 0x80002ada (0x01ff4233) x 4 0x0a85e001
core   0: 0x80002ade (0x40285cb3) sra     s9, a6, sp
core   0: 3 0x80002ade (0x40285cb3) x25 0x00000000
core   0: 0x80002ae2 (0x00008e01) c.sub   a2, s0
core   0: 3 0x80002ae2 (0x8e01) x12 0x6e47d57a
core   0: 0x80002ae4 (0x00000001) c.nop
core   0: 3 0x80002ae4 (0x0001)
core   0: 0x80002ae6 (0x00000001) c.nop
core   0: 3 0x80002ae6 (0x0001)
core   0: 0x80002ae8 (0x74d1fd17) auipc   s10, 0x74d1f
core   0: 3 0x80002ae8 (0x74d1fd17) x26 0xf4d21ae8
core   0: 0x80002aec (0xd0f6f613) andi    a2, a3, -753
core   0: 3 0x80002aec (0xd0f6f613) x12 0x00000001
core   0: 0x80002af0 (0xfa340f93) addi    t6, s0, -93
core   0: 3 0x80002af0 (0xfa340f93) x31 0x91b82a29
core   0: 0x80002af4 (0x0258af33) mulhsu  t5, a7, t0
core   0: 3 0x80002af4 (0x0258af33) x30 0xe7205105
core   0: 0x80002af8 (0x00008da1) c.xor   a1, s0
core   0: 3 0x80002af8 (0x8da1) x11 0x00000000
core   0: 0x80002afa (0x8e202c93) slti    s9, zero, -1822
core   0: 3 0x80002afa (0x8e202c93) x25 0x00000000
core   0: 0x80002afe (0x00008f91) c.sub   a5, a2
core   0: 3 0x80002afe (0x8f91) x15 0xffffffff
core   0: 0x80002b00 (0x00000001) c.nop
core   0: 3 0x80002b00 (0x0001)
core   0: 0x80002b02 (0x000ff533) and     a0, t6, zero
core   0: 3 0x80002b02 (0x000ff533) x10 0x00000000
core   0: 0x80002b06 (0x03cf6033) rem     zero, t5, t3
core   0: 3 0x80002b06 (0x03cf6033)
core   0: 0x80002b0a (0x009f9493) slli    s1, t6, 9
core   0: 3 0x80002b0a (0x009f9493) x 9 0x70545200
core   0: 0x80002b0e (0x02f48fb3) mul     t6, s1, a5
core   0: 3 0x80002b0e (0x02f48fb3) x31 0x8fabae00
core   0: 0x80002b12 (0x03732bb3) mulhsu  s7, t1, s7
core   0: 3 0x80002b12 (0x03732bb3) x23 0x00000000
core   0: 0x80002b16 (0x03c369b3) rem     s3, t1, t3
core   0: 3 0x80002b16 (0x03c369b3) x19 0xf8000000
core   0: 0x80002b1a (0x00008821) c.andi  s0, 8
core   0: 3 0x80002b1a (0x8821) x 8 0x00000000
core   0: 0x80002b1c (0x41445813) srai    a6, s0, 20
core   0: 3 0x80002b1c (0x41445813) x16 0x00000000
core   0: 0x80002b20 (0x41ee8233) sub     tp, t4, t5
core   0: 3 0x80002b20 (0x41ee8233) x 4 0x0449b97f
core   0: 0x80002b24 (0x00ab25b3) slt     a1, s6, a0
core   0: 3 0x80002b24 (0x00ab25b3) x11 0x00000000
core   0: 0x80002b28 (0x00624c33) xor     s8, tp, t1
core   0: 3 0x80002b28 (0x00624c33) x24 0xfc49b97f
core   0: 0x80002b2c (0x09fe0237) lui     tp, 0x9fe0
core   0: 3 0x80002b2c (0x09fe0237) x 4 0x09fe0000
core   0: 0x80002b30 (0x026b15b3) mulh    a1, s6, t1
core   0: 3 0x80002b30 (0x026b15b3) x11 0xfe73633c
core   0: 0x80002b34 (0x00a11eb3) sll     t4, sp, a0
core   0: 3 0x80002b34 (0x00a11eb3) x29 0x80013ce4
core   0: 0x80002b38 (0x00000001) c.nop
core   0: 3 0x80002b38 (0x0001)
core   0: 0x80002b3a (0x56264093) xori    ra, a2, 1378
core   0: 3 0x80002b3a (0x56264093) x 1 0x00000563
core   0: 0x80002b3e (0x03132933) mulhsu  s2, t1, a7
core   0: 3 0x80002b3e (0x03132933) x18 0xfa2362d2
core   0: 0x80002b42 (0x010ed3b3) srl     t2, t4, a6
core   0: 3 0x80002b42 (0x010ed3b3) x 7 0x80013ce4
core   0: 0x80002b46 (0x02c8f433) remu    s0, a7, a2
core   0: 3 0x80002b46 (0x02c8f433) x 8 0x00000000
core   0: 0x80002b4a (0x00008cb5) c.xor   s1, a3
core   0: 3 0x80002b4a (0x8cb5) x 9 0x70545201
core   0: 0x80002b4c (0x40c4deb3) sra     t4, s1, a2
core   0: 3 0x80002b4c (0x40c4deb3) x29 0x382a2900
core   0: 0x80002b50 (0x02e482b3) mul     t0, s1, a4
core   0: 3 0x80002b50 (0x02e482b3) x 5 0x0a4d0664
core   0: 0x80002b54 (0x01cbebb3) or      s7, s7, t3
core   0: 3 0x80002b54 (0x01cbebb3) x23 0x00000000
core   0: 0x80002b58 (0x00008099) c.srli  s1, 6
core   0: 3 0x80002b58 (0x8099) x 9 0x01c15148
core   0: 0x80002b5a (0x01f35993) srli    s3, t1, 31
core   0: 3 0x80002b5a (0x01f35993) x19 0x00000001
core   0: 0x80002b5e (0x8ebd0093) addi    ra, s10, -1813
core   0: 3 0x80002b5e (0x8ebd0093) x 1 0xf4d213d3
core   0: 0x80002b62 (0x000081e9) c.srli  a1, 26
core   0: 3 0x80002b62 (0x81e9) x11 0x0000003f
core   0: 0x80002b64 (0x0052d893) srli    a7, t0, 5
core   0: 3 0x80002b64 (0x0052d893) x17 0x00526833
core   0: 0x80002b68 (0x03762233) mulhsu  tp, a2, s7
core   0: 3 0x80002b68 (0x03762233) x 4 0x00000000
core   0: 0x80002b6c (0x01ca0f33) add     t5, s4, t3
core   0: 3 0x80002b6c (0x01ca0f33) x30 0x00000001
core   0: 0x80002b70 (0x01a6fb33) and     s6, a3, s10
core   0: 3 0x80002b70 (0x01a6fb33) x22 0x00000000
core   0: 0x80002b74 (0x28f3fc13) andi    s8, t2, 655
core   0: 3 0x80002b74 (0x28f3fc13) x24 0x00000084
core   0: 0x80002b78 (0x005b1993) slli    s3, s6, 5
core   0: 3 0x80002b78 (0x005b1993) x19 0x00000000
core   0: 0x80002b7c (0x00008619) c.srai  a2, 6
core   0: 3 0x80002b7c (0x8619) x12 0x00000000
core   0: 0x80002b7e (0x01712533) slt     a0, sp, s7
core   0: 3 0x80002b7e (0x01712533) x10 0x00000001
core   0: 0x80002b82 (0x00b4e033) or      zero, s1, a1
core   0: 3 0x80002b82 (0x00b4e033)
core   0: 0x80002b86 (0x000082b5) c.srli  a3, 13
core   0: 3 0x80002b86 (0x82b5) x13 0x00000000
core   0: 0x80002b88 (0x0d6d8f17) auipc   t5, 0xd6d8
core   0: 3 0x80002b88 (0x0d6d8f17) x30 0x8d6dab88
core   0: 0x80002b8c (0x00008959) c.andi  a0, 22
core   0: 3 0x80002b8c (0x8959) x10 0x00000000
core   0: 0x80002b8e (0x02b9bb33) mulhu   s6, s3, a1
core   0: 3 0x80002b8e (0x02b9bb33) x22 0x00000000
core   0: 0x80002b92 (0x0083f833) and     a6, t2, s0
core   0: 3 0x80002b92 (0x0083f833) x16 0x00000000
core   0: 0x80002b96 (0x02464233) div     tp, a2, tp
core   0: 3 0x80002b96 (0x02464233) x 4 0xffffffff
core   0: 0x80002b9a (0x00000001) c.nop
core   0: 3 0x80002b9a (0x0001)
core   0: 0x80002b9c (0x00001c7d) c.addi  s8, -1
core   0: 3 0x80002b9c (0x1c7d) x24 0x00000083
core   0: 0x80002b9e (0x036fcd33) div     s10, t6, s6
core   0: 3 0x80002b9e (0x036fcd33) x26 0xffffffff
core   0: 0x80002ba2 (0x4158dcb3) sra     s9, a7, s5
core   0: 3 0x80002ba2 (0x4158dcb3) x25 0x00000000
core   0: 0x80002ba6 (0x00008d21) c.xor   a0, s0
core   0: 3 0x80002ba6 (0x8d21) x10 0x00000000
core   0: 0x80002ba8 (0x01230533) add     a0, t1, s2
core   0: 3 0x80002ba8 (0x01230533) x10 0xf22362d2
core   0: 0x80002bac (0x02a52033) mulhsu  zero, a0, a0
core   0: 3 0x80002bac (0x02a52033)
core   0: 0x80002bb0 (0x0000537d) c.li    t1, -1
core   0: 3 0x80002bb0 (0x537d) x 6 0xffffffff
core   0: 0x80002bb2 (0x03de83b3) mul     t2, t4, t4
core   0: 3 0x80002bb2 (0x03de83b3) x 7 0x7a910000
core   0: 0x80002bb6 (0x031be4b3) rem     s1, s7, a7
core   0: 3 0x80002bb6 (0x031be4b3) x 9 0x00000000
core   0: 0x80002bba (0x00009816) c.add   a6, t0
core   0: 3 0x80002bba (0x9816) x16 0x0a4d0664
core   0: 0x80002bbc (0x414c0533) sub     a0, s8, s4
core   0: 3 0x80002bbc (0x414c0533) x10 0x00000082
core   0: 0x80002bc0 (0x408252b3) sra     t0, tp, s0
core   0: 3 0x80002bc0 (0x408252b3) x 5 0xffffffff
core   0: 0x80002bc4 (0x01caf3b3) and     t2, s5, t3
core   0: 3 0x80002bc4 (0x01caf3b3) x 7 0x00000000
core   0: 0x80002bc8 (0x00000001) c.nop
core   0: 3 0x80002bc8 (0x0001)
core   0: 0x80002bca (0xa88e3013) sltiu   zero, t3, -1400
core   0: 3 0x80002bca (0xa88e3013)
core   0: 0x80002bce (0x41268833) sub     a6, a3, s2
core   0: 3 0x80002bce (0x41268833) x16 0x05dc9d2e
core   0: 0x80002bd2 (0x01b26f33) or      t5, tp, s11
core   0: 3 0x80002bd2 (0x01b26f33) x30 0xffffffff
core   0: 0x80002bd6 (0xb8bb0893) addi    a7, s6, -1141
core   0: 3 0x80002bd6 (0xb8bb0893) x17 0xfffffb8b
core   0: 0x80002bda (0x00008a29) c.andi  a2, 10
core   0: 3 0x80002bda (0x8a29) x12 0x00000000
core   0: 0x80002bdc (0x000087d6) c.mv    a5, s5
core   0: 3 0x80002bdc (0x87d6) x15 0xffffffff
core   0: 0x80002bde (0x01d5a9b3) slt     s3, a1, t4
core   0: 3 0x80002bde (0x01d5a9b3) x19 0x00000001
core   0: 0x80002be2 (0x00a1b2b3) sltu    t0, gp, a0
core   0: 3 0x80002be2 (0x00a1b2b3) x 5 0x00000000
core   0: 0x80002be6 (0x03fd31b3) mulhu   gp, s10, t6
core   0: 3 0x80002be6 (0x03fd31b3) x 3 0x8fabadff
core   0: 0x80002bea (0x006c5bb3) srl     s7, s8, t1
core   0: 3 0x80002bea (0x006c5bb3) x23 0x00000000
core   0: 0x80002bee (0x00a11c13) slli    s8, sp, 10
core   0: 3 0x80002bee (0x00a11c13) x24 0x04f39000
core   0: 0x80002bf2 (0x41b05933) sra     s2, zero, s11
core   0: 3 0x80002bf2 (0x41b05933) x18 0x00000000
core   0: 0x80002bf6 (0xef65e913) ori     s2, a1, -266
core   0: 3 0x80002bf6 (0xef65e913) x18 0xfffffeff
core   0: 0x80002bfa (0x00000001) c.nop
core   0: 3 0x80002bfa (0x0001)
core   0: 0x80002bfc (0x00008d41) c.or    a0, s0
core   0: 3 0x80002bfc (0x8d41) x10 0x00000082
core   0: 0x80002bfe (0x0000491d) c.li    s2, 7
core   0: 3 0x80002bfe (0x491d) x18 0x00000007
core   0: 0x80002c00 (0xf6d57913) andi    s2, a0, -147
core   0: 3 0x80002c00 (0xf6d57913) x18 0x00000000
core   0: 0x80002c04 (0x0ba3e313) ori     t1, t2, 186
core   0: 3 0x80002c04 (0x0ba3e313) x 6 0x000000ba
core   0: 0x80002c08 (0x00000001) c.nop
core   0: 3 0x80002c08 (0x0001)
core   0: 0x80002c0a (0x01816c33) or      s8, sp, s8
core   0: 3 0x80002c0a (0x01816c33) x24 0x84f3bce4
core   0: 0x80002c0e (0x8086c893) xori    a7, a3, -2040
core   0: 3 0x80002c0e (0x8086c893) x17 0xfffff808
core   0: 0x80002c12 (0x014bb1b3) sltu    gp, s7, s4
core   0: 3 0x80002c12 (0x014bb1b3) x 3 0x00000001
core   0: 0x80002c16 (0xbf5f2193) slti    gp, t5, -1035
core   0: 3 0x80002c16 (0xbf5f2193) x 3 0x00000000
core   0: 0x80002c1a (0x012f07b3) add     a5, t5, s2
core   0: 3 0x80002c1a (0x012f07b3) x15 0xffffffff
core   0: 0x80002c1e (0x417a5b33) sra     s6, s4, s7
core   0: 3 0x80002c1e (0x417a5b33) x22 0x00000001
core   0: 0x80002c22 (0x02d93cb3) mulhu   s9, s2, a3
core   0: 3 0x80002c22 (0x02d93cb3) x25 0x00000000
core   0: 0x80002c26 (0x0370f9b3) remu    s3, ra, s7
core   0: 3 0x80002c26 (0x0370f9b3) x19 0xf4d213d3
core   0: 0x80002c2a (0x00009bfd) c.andi  a5, -1
core   0: 3 0x80002c2a (0x9bfd) x15 0xffffffff
core   0: 0x80002c2c (0x00008d71) c.and   a0, a2
core   0: 3 0x80002c2c (0x8d71) x10 0x00000000
core   0: 0x80002c2e (0x004e42b3) xor     t0, t3, tp
core   0: 3 0x80002c2e (0x004e42b3) x 5 0xffffffff
core   0: 0x80002c32 (0x00fb7833) and     a6, s6, a5
core   0: 3 0x80002c32 (0x00fb7833) x16 0x00000001
core   0: 0x80002c36 (0x00000c06) c.slli  s8, 1
core   0: 3 0x80002c36 (0x0c06) x24 0x09e779c8
core   0: 0x80002c38 (0x0321c533) div     a0, gp, s2
core   0: 3 0x80002c38 (0x0321c533) x10 0xffffffff
core   0: 0x80002c3c (0x000083b2) c.mv    t2, a2
core   0: 3 0x80002c3c (0x83b2) x 7 0x00000000
core   0: 0x80002c3e (0x00008c7d) c.and   s0, a5
core   0: 3 0x80002c3e (0x8c7d) x 8 0x00000000
core   0: 0x80002c40 (0x0338a3b3) mulhsu  t2, a7, s3
core   0: 3 0x80002c40 (0x0338a3b3) x 7 0xfffff861
core   0: 0x80002c44 (0x00009aee) c.add   s5, s11
core   0: 3 0x80002c44 (0x9aee) x21 0x7fffffff
core   0: 0x80002c46 (0x012d9413) slli    s0, s11, 18
core   0: 3 0x80002c46 (0x012d9413) x 8 0x00000000
core   0: 0x80002c4a (0x41b85013) srai    zero, a6, 27
core   0: 3 0x80002c4a (0x41b85013)
core   0: 0x80002c4e (0x00000001) c.nop
core   0: 3 0x80002c4e (0x0001)
core   0: 0x80002c50 (0x00005bfd) c.li    s7, -1
core   0: 3 0x80002c50 (0x5bfd) x23 0xffffffff
core   0: 0x80002c52 (0x401a5633) sra     a2, s4, ra
core   0: 3 0x80002c52 (0x401a5633) x12 0x00000000
core   0: 0x80002c56 (0x0259d633) divu    a2, s3, t0
core   0: 3 0x80002c56 (0x0259d633) x12 0x00000000
core   0: 0x80002c5a (0x2a7fc213) xori    tp, t6, 679
core   0: 3 0x80002c5a (0x2a7fc213) x 4 0x8fabaca7
core   0: 0x80002c5e (0x031943b3) div     t2, s2, a7
core   0: 3 0x80002c5e (0x031943b3) x 7 0x00000000
core   0: 0x80002c62 (0x00000c45) c.addi  s8, 17
core   0: 3 0x80002c62 (0x0c45) x24 0x09e779d9
core   0: 0x80002c64 (0x5905f793) andi    a5, a1, 1424
core   0: 3 0x80002c64 (0x5905f793) x15 0x00000010
core   0: 0x80002c68 (0x005a50b3) srl     ra, s4, t0
core   0: 3 0x80002c68 (0x005a50b3) x 1 0x00000000
core   0: 0x80002c6c (0x00009d66) c.add   s10, s9
core   0: 3 0x80002c6c (0x9d66) x26 0xffffffff
core   0: 0x80002c6e (0xeb163b37) lui     s6, 0xeb163
core   0: 3 0x80002c6e (0xeb163b37) x22 0xeb163000
core   0: 0x80002c72 (0x00009a1a) c.add   s4, t1
core   0: 3 0x80002c72 (0x9a1a) x20 0x000000bb
core   0: 0x80002c74 (0x7ce68e37) lui     t3, 0x7ce68
core   0: 3 0x80002c74 (0x7ce68e37) x28 0x7ce68000
core   0: 0x80002c78 (0xf0530993) addi    s3, t1, -251
core   0: 3 0x80002c78 (0xf0530993) x19 0xffffffbf
core   0: 0x80002c7c (0x000088b6) c.mv    a7, a3
core   0: 3 0x80002c7c (0x88b6) x17 0x00000000
core   0: 0x80002c7e (0x00005a7d) c.li    s4, -1
core   0: 3 0x80002c7e (0x5a7d) x20 0xffffffff
core   0: 0x80002c80 (0x00de82b3) add     t0, t4, a3
core   0: 3 0x80002c80 (0x00de82b3) x 5 0x382a2900
core   0: 0x80002c84 (0x023190b3) mulh    ra, gp, gp
core   0: 3 0x80002c84 (0x023190b3) x 1 0x00000000
core   0: 0x80002c88 (0x00008d29) c.xor   a0, a0
core   0: 3 0x80002c88 (0x8d29) x10 0x00000000
core   0: 0x80002c8a (0x000094ca) c.add   s1, s2
core   0: 3 0x80002c8a (0x94ca) x 9 0x00000000
core   0: 0x80002c8c (0x000080da) c.mv    ra, s6
core   0: 3 0x80002c8c (0x80da) x 1 0xeb163000
core   0: 0x80002c8e (0x020ca5b3) mulhsu  a1, s9, zero
core   0: 3 0x80002c8e (0x020ca5b3) x11 0x00000000
core   0: 0x80002c92 (0x0000964a) c.add   a2, s2
core   0: 3 0x80002c92 (0x964a) x12 0x00000000
core   0: 0x80002c94 (0x409e0333) sub     t1, t3, s1
core   0: 3 0x80002c94 (0x409e0333) x 6 0x7ce68000
core   0: 0x80002c98 (0x00000001) c.nop
core   0: 3 0x80002c98 (0x0001)
core   0: 0x80002c9a (0x00ba34b3) sltu    s1, s4, a1
core   0: 3 0x80002c9a (0x00ba34b3) x 9 0x00000000
core   0: 0x80002c9e (0x000018fd) c.addi  a7, -1
core   0: 3 0x80002c9e (0x18fd) x17 0xffffffff
core   0: 0x80002ca0 (0x00008ea1) c.xor   a3, s0
core   0: 3 0x80002ca0 (0x8ea1) x13 0x00000000
core   0: 0x80002ca2 (0xbe4af093) andi    ra, s5, -1052
core   0: 3 0x80002ca2 (0xbe4af093) x 1 0x7ffffbe4
core   0: 0x80002ca6 (0x01ef9593) slli    a1, t6, 30
core   0: 3 0x80002ca6 (0x01ef9593) x11 0x00000000
core   0: 0x80002caa (0x03b0d1b3) divu    gp, ra, s11
core   0: 3 0x80002caa (0x03b0d1b3) x 3 0x00000000
core   0: 0x80002cae (0x01e31593) slli    a1, t1, 30
core   0: 3 0x80002cae (0x01e31593) x11 0x00000000
core   0: 0x80002cb2 (0x001f8b33) add     s6, t6, ra
core   0: 3 0x80002cb2 (0x001f8b33) x22 0x0faba9e4
core   0: 0x80002cb6 (0xb5722313) slti    t1, tp, -1193
core   0: 3 0x80002cb6 (0xb5722313) x 6 0x00000001
core   0: 0x80002cba (0x0097e433) or      s0, a5, s1
core   0: 3 0x80002cba (0x0097e433) x 8 0x00000010
core   0: 0x80002cbe (0x00006cc5) c.lui   s9, 0x11
core   0: 3 0x80002cbe (0x6cc5) x25 0x00011000
core   0: 0x80002cc0 (0x034aa933) mulhsu  s2, s5, s4
core   0: 3 0x80002cc0 (0x034aa933) x18 0x7ffffffe
core   0: 0x80002cc4 (0x00000001) c.nop
core   0: 3 0x80002cc4 (0x0001)
core   0: 0x80002cc6 (0x6a4a7b13) andi    s6, s4, 1700
core   0: 3 0x80002cc6 (0x6a4a7b13) x22 0x000006a4
core   0: 0x80002cca (0x00004ca9) c.li    s9, 10
core   0: 3 0x80002cca (0x4ca9) x25 0x0000000a
core   0: 0x80002ccc (0x000080bd) c.srli  s1, 15
core   0: 3 0x80002ccc (0x80bd) x 9 0x00000000
core   0: 0x80002cce (0xdbfd6513) ori     a0, s10, -577
core   0: 3 0x80002cce (0xdbfd6513) x10 0xffffffff
core   0: 0x80002cd2 (0x80000837) lui     a6, 0x80000
core   0: 3 0x80002cd2 (0x80000837) x16 0x80000000
core   0: 0x80002cd6 (0xfff00b13) li      s6, -1
core   0: 3 0x80002cd6 (0xfff00b13) x22 0xffffffff
core   0: 0x80002cda (0xfff00993) li      s3, -1
core   0: 3 0x80002cda (0xfff00993) x19 0xffffffff
core   0: 0x80002cde (0x64249937) lui     s2, 0x64249
core   0: 3 0x80002cde (0x64249937) x18 0x64249000
core   0: 0x80002ce2 (0x68290913) addi    s2, s2, 1666
core   0: 3 0x80002ce2 (0x68290913) x18 0x64249682
core   0: 0x80002ce6 (0xf6ed8ab7) lui     s5, 0xf6ed8
core   0: 3 0x80002ce6 (0xf6ed8ab7) x21 0xf6ed8000
core   0: 0x80002cea (0x022a8a93) addi    s5, s5, 34
core   0: 3 0x80002cea (0x022a8a93) x21 0xf6ed8022
core   0: 0x80002cee (0x80000a37) lui     s4, 0x80000
core   0: 3 0x80002cee (0x80000a37) x20 0x80000000
core   0: 0x80002cf2 (0x80000cb7) lui     s9, 0x80000
core   0: 3 0x80002cf2 (0x80000cb7) x25 0x80000000
core   0: 0x80002cf6 (0xf2754bb7) lui     s7, 0xf2754
core   0: 3 0x80002cf6 (0xf2754bb7) x23 0xf2754000
core   0: 0x80002cfa (0x27eb8b93) addi    s7, s7, 638
core   0: 3 0x80002cfa (0x27eb8b93) x23 0xf275427e
core   0: 0x80002cfe (0x80000e37) lui     t3, 0x80000
core   0: 3 0x80002cfe (0x80000e37) x28 0x80000000
core   0: 0x80002d02 (0xfff00193) li      gp, -1
core   0: 3 0x80002d02 (0xfff00193) x 3 0xffffffff
core   0: 0x80002d06 (0xdd718993) addi    s3, gp, -553
core   0: 3 0x80002d06 (0xdd718993) x19 0xfffffdd6
core   0: 0x80002d0a (0x3b2c8b13) addi    s6, s9, 946
core   0: 3 0x80002d0a (0x3b2c8b13) x22 0x800003b2
core   0: 0x80002d0e (0x03c1d833) divu    a6, gp, t3
core   0: 3 0x80002d0e (0x03c1d833) x16 0x00000001
core   0: 0x80002d12 (0x033cce33) div     t3, s9, s3
core   0: 3 0x80002d12 (0x033cce33) x28 0x003b25e4
core   0: 0x80002d16 (0x035cc1b3) div     gp, s9, s5
core   0: 3 0x80002d16 (0x035cc1b3) x 3 0x0000000e
core   0: 0x80002d1a (0x03c1f1b3) remu    gp, gp, t3
core   0: 3 0x80002d1a (0x03c1f1b3) x 3 0x0000000e
core   0: 0x80002d1e (0xa21c8c93) addi    s9, s9, -1503
core   0: 3 0x80002d1e (0xa21c8c93) x25 0x7ffffa21
core   0: 0x80002d22 (0x036a31b3) mulhu   gp, s4, s6
core   0: 3 0x80002d22 (0x036a31b3) x 3 0x400001d9
core   0: 0x80002d26 (0xa8818c93) addi    s9, gp, -1400
core   0: 3 0x80002d26 (0xa8818c93) x25 0x3ffffc61
core   0: 0x80002d2a (0x5c0abbb7) lui     s7, 0x5c0ab
core   0: 3 0x80002d2a (0x5c0abbb7) x23 0x5c0ab000
core   0: 0x80002d2e (0x00009842) c.add   a6, a6
core   0: 3 0x80002d2e (0x9842) x16 0x00000002
core   0: 0x80002d30 (0x03387833) remu    a6, a6, s3
core   0: 3 0x80002d30 (0x03387833) x16 0x00000002
core   0: 0x80002d34 (0x074b8b93) addi    s7, s7, 116
core   0: 3 0x80002d34 (0x074b8b93) x23 0x5c0ab074
core   0: 0x80002d38 (0x4d8b8e13) addi    t3, s7, 1240
core   0: 3 0x80002d38 (0x4d8b8e13) x28 0x5c0ab54c
core   0: 0x80002d3c (0x03ccba33) mulhu   s4, s9, t3
core   0: 3 0x80002d3c (0x03ccba33) x20 0x1702ac05
core   0: 0x80002d40 (0x03918833) mul     a6, gp, s9
core   0: 3 0x80002d40 (0x03918833) x16 0x7ff94f39
core   0: 0x80002d44 (0x403e0e33) sub     t3, t3, gp
core   0: 3 0x80002d44 (0x403e0e33) x28 0x1c0ab373
core   0: 0x80002d48 (0x037e0833) mul     a6, t3, s7
core   0: 3 0x80002d48 (0x037e0833) x16 0x66b6601c
core   0: 0x80002d4c (0x037bfb33) remu    s6, s7, s7
core   0: 3 0x80002d4c (0x037bfb33) x22 0x00000000
core   0: 0x80002d50 (0x4ccc8c97) auipc   s9, 0x4ccc8
core   0: 3 0x80002d50 (0x4ccc8c97) x25 0xccccad50
core   0: 0x80002d54 (0x03c879b3) remu    s3, a6, t3
core   0: 3 0x80002d54 (0x03c879b3) x19 0x129645c3
core   0: 0x80002d58 (0x0329ea33) rem     s4, s3, s2
core   0: 3 0x80002d58 (0x0329ea33) x20 0x129645c3
core   0: 0x80002d5c (0x03618e33) mul     t3, gp, s6
core   0: 3 0x80002d5c (0x03618e33) x28 0x00000000
core   0: 0x80002d60 (0x035b0933) mul     s2, s6, s5
core   0: 3 0x80002d60 (0x035b0933) x18 0x00000000
core   0: 0x80002d64 (0x034e0b33) mul     s6, t3, s4
core   0: 3 0x80002d64 (0x034e0b33) x22 0x00000000
core   0: 0x80002d68 (0x41990a33) sub     s4, s2, s9
core   0: 3 0x80002d68 (0x41990a33) x20 0x333352b0
core   0: 0x80002d6c (0x032a7bb3) remu    s7, s4, s2
core   0: 3 0x80002d6c (0x032a7bb3) x23 0x333352b0
core   0: 0x80002d70 (0x026c90b3) mulh    ra, s9, t1
core   0: 3 0x80002d70 (0x026c90b3) x 1 0xffffffff
core   0: 0x80002d74 (0x0000864d) c.srai  a2, 19
core   0: 3 0x80002d74 (0x864d) x12 0x00000000
core   0: 0x80002d76 (0x02bc42b3) div     t0, s8, a1
core   0: 3 0x80002d76 (0x02bc42b3) x 5 0xffffffff
core   0: 0x80002d7a (0xaafab213) sltiu   tp, s5, -1361
core   0: 3 0x80002d7a (0xaafab213) x 4 0x00000001
core   0: 0x80002d7e (0x025725b3) mulhsu  a1, a4, t0
core   0: 3 0x80002d7e (0x025725b3) x11 0x8000fe64
core   0: 0x80002d82 (0x00000001) c.nop
core   0: 3 0x80002d82 (0x0001)
core   0: 0x80002d84 (0x019a1493) slli    s1, s4, 25
core   0: 3 0x80002d84 (0x019a1493) x 9 0x60000000
core   0: 0x80002d88 (0x0226f633) remu    a2, a3, sp
core   0: 3 0x80002d88 (0x0226f633) x12 0x00000000
core   0: 0x80002d8c (0x01d65313) srli    t1, a2, 29
core   0: 3 0x80002d8c (0x01d65313) x 6 0x00000000
core   0: 0x80002d90 (0x00008629) c.srai  a2, 10
core   0: 3 0x80002d90 (0x8629) x12 0x00000000
core   0: 0x80002d92 (0x00000001) c.nop
core   0: 3 0x80002d92 (0x0001)
core   0: 0x80002d94 (0x00001f7d) c.addi  t5, -1
core   0: 3 0x80002d94 (0x1f7d) x30 0xfffffffe
core   0: 0x80002d96 (0x00008f89) c.sub   a5, a0
core   0: 3 0x80002d96 (0x8f89) x15 0x00000011
core   0: 0x80002d98 (0xc941e393) ori     t2, gp, -876
core   0: 3 0x80002d98 (0xc941e393) x 7 0xfffffddd
core   0: 0x80002d9c (0x01a698b3) sll     a7, a3, s10
core   0: 3 0x80002d9c (0x01a698b3) x17 0x00000000
core   0: 0x80002da0 (0x011cdbb3) srl     s7, s9, a7
core   0: 3 0x80002da0 (0x011cdbb3) x23 0xccccad50
core   0: 0x80002da4 (0x00008d6d) c.and   a0, a1
core   0: 3 0x80002da4 (0x8d6d) x10 0x8000fe64
core   0: 0x80002da6 (0x0190d233) srl     tp, ra, s9
core   0: 3 0x80002da6 (0x0190d233) x 4 0x0000ffff
core   0: 0x80002daa (0x000088aa) c.mv    a7, a0
core   0: 3 0x80002daa (0x88aa) x17 0x8000fe64
core   0: 0x80002dac (0x03dc5a33) divu    s4, s8, t4
core   0: 3 0x80002dac (0x03dc5a33) x20 0x00000000
core   0: 0x80002db0 (0x00000001) c.nop
core   0: 3 0x80002db0 (0x0001)
core   0: 0x80002db2 (0x03489eb3) mulh    t4, a7, s4
core   0: 3 0x80002db2 (0x03489eb3) x29 0x00000000
core   0: 0x80002db6 (0x0166d413) srli    s0, a3, 22
core   0: 3 0x80002db6 (0x0166d413) x 8 0x00000000
core   0: 0x80002dba (0x40c9df13) srai    t5, s3, 12
core   0: 3 0x80002dba (0x40c9df13) x30 0x00012964
core   0: 0x80002dbe (0x03ceb833) mulhu   a6, t4, t3
core   0: 3 0x80002dbe (0x03ceb833) x16 0x00000000
core   0: 0x80002dc2 (0x000086e5) c.srai  a3, 25
core   0: 3 0x80002dc2 (0x86e5) x13 0x00000000
core   0: 0x80002dc4 (0x00995293) srli    t0, s2, 9
core   0: 3 0x80002dc4 (0x00995293) x 5 0x00000000
core   0: 0x80002dc8 (0x7b817693) andi    a3, sp, 1976
core   0: 3 0x80002dc8 (0x7b817693) x13 0x000004a0
core   0: 0x80002dcc (0xf3c4c913) xori    s2, s1, -196
core   0: 3 0x80002dcc (0xf3c4c913) x18 0x9fffff3c
core   0: 0x80002dd0 (0x00008f85) c.sub   a5, s1
core   0: 3 0x80002dd0 (0x8f85) x15 0xa0000011
core   0: 0x80002dd2 (0x01e6cd33) xor     s10, a3, t5
core   0: 3 0x80002dd2 (0x01e6cd33) x26 0x00012dc4
core   0: 0x80002dd6 (0x03bcaab3) mulhsu  s5, s9, s11
core   0: 3 0x80002dd6 (0x03bcaab3) x21 0xe66656a8
core   0: 0x80002dda (0x860c7e93) andi    t4, s8, -1952
core   0: 3 0x80002dda (0x860c7e93) x29 0x09e77840
core   0: 0x80002dde (0xf3b80413) addi    s0, a6, -197
core   0: 3 0x80002dde (0xf3b80413) x 8 0xffffff3b
core   0: 0x80002de2 (0x01dfdc93) srli    s9, t6, 29
core   0: 3 0x80002de2 (0x01dfdc93) x25 0x00000004
core   0: 0x80002de6 (0x01abdeb3) srl     t4, s7, s10
core   0: 3 0x80002de6 (0x01abdeb3) x29 0x0ccccad5
core   0: 0x80002dea (0x026947b3) div     a5, s2, t1
core   0: 3 0x80002dea (0x026947b3) x15 0xffffffff
core   0: 0x80002dee (0x47503213) sltiu   tp, zero, 1141
core   0: 3 0x80002dee (0x47503213) x 4 0x00000001
core   0: 0x80002df2 (0xbb8b16b7) lui     a3, 0xbb8b1
core   0: 3 0x80002df2 (0xbb8b16b7) x13 0xbb8b1000
core   0: 0x80002df6 (0x00000afa) c.slli  s5, 30
core   0: 3 0x80002df6 (0x0afa) x21 0x00000000
core   0: 0x80002df8 (0x022289b3) mul     s3, t0, sp
core   0: 3 0x80002df8 (0x022289b3) x19 0x00000000
core   0: 0x80002dfc (0x00bf78b3) and     a7, t5, a1
core   0: 3 0x80002dfc (0x00bf78b3) x17 0x00002864
core   0: 0x80002e00 (0x0032d933) srl     s2, t0, gp
core   0: 3 0x80002e00 (0x0032d933) x18 0x00000000
core   0: 0x80002e04 (0x00000001) c.nop
core   0: 3 0x80002e04 (0x0001)
core   0: 0x80002e06 (0x7f07a293) slti    t0, a5, 2032
core   0: 3 0x80002e06 (0x7f07a293) x 5 0x00000001
core   0: 0x80002e0a (0x00008521) c.srai  a0, 8
core   0: 3 0x80002e0a (0x8521) x10 0xff8000fe
core   0: 0x80002e0c (0x01ecdb13) srli    s6, s9, 30
core   0: 3 0x80002e0c (0x01ecdb13) x22 0x00000000
core   0: 0x80002e10 (0x00008de5) c.and   a1, s1
core   0: 3 0x80002e10 (0x8de5) x11 0x00000000
core   0: 0x80002e12 (0x010435b3) sltu    a1, s0, a6
core   0: 3 0x80002e12 (0x010435b3) x11 0x00000000
core   0: 0x80002e16 (0x036020b3) mulhsu  ra, zero, s6
core   0: 3 0x80002e16 (0x036020b3) x 1 0x00000000
core   0: 0x80002e1a (0x40555f13) srai    t5, a0, 5
core   0: 3 0x80002e1a (0x40555f13) x30 0xfffc0007
core   0: 0x80002e1e (0xc2fa8b93) addi    s7, s5, -977
core   0: 3 0x80002e1e (0xc2fa8b93) x23 0xfffffc2f
core   0: 0x80002e22 (0xecc64693) xori    a3, a2, -308
core   0: 3 0x80002e22 (0xecc64693) x13 0xfffffecc
core   0: 0x80002e26 (0x00009a7d) c.andi  a2, -1
core   0: 3 0x80002e26 (0x9a7d) x12 0x00000000
core   0: 0x80002e28 (0x0065ed33) or      s10, a1, t1
core   0: 3 0x80002e28 (0x0065ed33) x26 0x00000000
core   0: 0x80002e2c (0x03029533) mulh    a0, t0, a6
core   0: 3 0x80002e2c (0x03029533) x10 0x00000000
core   0: 0x80002e30 (0x7e724693) xori    a3, tp, 2023
core   0: 3 0x80002e30 (0x7e724693) x13 0x000007e6
core   0: 0x80002e34 (0x000098fd) c.andi  s1, -1
core   0: 3 0x80002e34 (0x98fd) x 9 0x60000000
core   0: 0x80002e36 (0xb1ea6613) ori     a2, s4, -1250
core   0: 3 0x80002e36 (0xb1ea6613) x12 0xfffffb1e
core   0: 0x80002e3a (0x403bd633) sra     a2, s7, gp
core   0: 3 0x80002e3a (0x403bd633) x12 0xffffffff
core   0: 0x80002e3e (0x00000001) c.nop
core   0: 3 0x80002e3e (0x0001)
core   0: 0x80002e40 (0x02f465b3) rem     a1, s0, a5
core   0: 3 0x80002e40 (0x02f465b3) x11 0x00000000
core   0: 0x80002e44 (0x02a2ebb3) rem     s7, t0, a0
core   0: 3 0x80002e44 (0x02a2ebb3) x23 0x00000001
core   0: 0x80002e48 (0x403b5a93) srai    s5, s6, 3
core   0: 3 0x80002e48 (0x403b5a93) x21 0x00000000
core   0: 0x80002e4c (0x020e9233) mulh    tp, t4, zero
core   0: 3 0x80002e4c (0x020e9233) x 4 0x00000000
core   0: 0x80002e50 (0x00000275) c.addi  tp, 29
core   0: 3 0x80002e50 (0x0275) x 4 0x0000001d
core   0: 0x80002e52 (0xb7d47b13) andi    s6, s0, -1155
core   0: 3 0x80002e52 (0xb7d47b13) x22 0xfffffb39
core   0: 0x80002e56 (0x011b3833) sltu    a6, s6, a7
core   0: 3 0x80002e56 (0x011b3833) x16 0x00000000
core   0: 0x80002e5a (0x027b22b3) mulhsu  t0, s6, t2
core   0: 3 0x80002e5a (0x027b22b3) x 5 0xfffffb39
core   0: 0x80002e5e (0x4dc8fb37) lui     s6, 0x4dc8f
core   0: 3 0x80002e5e (0x4dc8fb37) x22 0x4dc8f000
core   0: 0x80002e62 (0x24f76f93) ori     t6, a4, 591
core   0: 3 0x80002e62 (0x24f76f93) x31 0x8000fe6f
core   0: 0x80002e66 (0x00009ad2) c.add   s5, s4
core   0: 3 0x80002e66 (0x9ad2) x21 0x00000000
core   0: 0x80002e68 (0x038884b3) mul     s1, a7, s8
core   0: 3 0x80002e68 (0x038884b3) x 9 0x097580c4
core   0: 0x80002e6c (0x024309b3) mul     s3, t1, tp
core   0: 3 0x80002e6c (0x024309b3) x19 0x00000000
core   0: 0x80002e70 (0x000098fd) c.andi  s1, -1
core   0: 3 0x80002e70 (0x98fd) x 9 0x097580c4
core   0: 0x80002e72 (0x000096ca) c.add   a3, s2
core   0: 3 0x80002e72 (0x96ca) x13 0x000007e6
core   0: 0x80002e74 (0xb6f3bf13) sltiu   t5, t2, -1169
core   0: 3 0x80002e74 (0xb6f3bf13) x30 0x00000000
core   0: 0x80002e78 (0x19feac93) slti    s9, t4, 415
core   0: 3 0x80002e78 (0x19feac93) x25 0x00000000
core   0: 0x80002e7c (0x02c53eb3) mulhu   t4, a0, a2
core   0: 3 0x80002e7c (0x02c53eb3) x29 0x00000000
core   0: 0x80002e80 (0x0292ef33) rem     t5, t0, s1
core   0: 3 0x80002e80 (0x0292ef33) x30 0xfffffb39
core   0: 0x80002e84 (0x67660c93) addi    s9, a2, 1654
core   0: 3 0x80002e84 (0x67660c93) x25 0x00000675
core   0: 0x80002e88 (0x0017df93) srli    t6, a5, 1
core   0: 3 0x80002e88 (0x0017df93) x31 0x7fffffff
core   0: 0x80002e8c (0x02cd0333) mul     t1, s10, a2
core   0: 3 0x80002e8c (0x02cd0333) x 6 0x00000000
core   0: 0x80002e90 (0x0247b333) mulhu   t1, a5, tp
core   0: 3 0x80002e90 (0x0247b333) x 6 0x0000001c
core   0: 0x80002e94 (0x00a201b3) add     gp, tp, a0
core   0: 3 0x80002e94 (0x00a201b3) x 3 0x0000001d
core   0: 0x80002e98 (0x035f80b3) mul     ra, t6, s5
core   0: 3 0x80002e98 (0x035f80b3) x 1 0x00000000
core   0: 0x80002e9c (0x000082f2) c.mv    t0, t3
core   0: 3 0x80002e9c (0x82f2) x 5 0x00000000
core   0: 0x80002e9e (0x4f986c13) ori     s8, a6, 1273
core   0: 3 0x80002e9e (0x4f986c13) x24 0x000004f9
core   0: 0x80002ea2 (0x00008c95) c.sub   s1, a3
core   0: 3 0x80002ea2 (0x8c95) x 9 0x097578de
core   0: 0x80002ea4 (0x00a210b3) sll     ra, tp, a0
core   0: 3 0x80002ea4 (0x00a210b3) x 1 0x0000001d
core   0: 0x80002ea8 (0x00000535) c.addi  a0, 13
core   0: 3 0x80002ea8 (0x0535) x10 0x0000000d
core   0: 0x80002eaa (0x4194d013) srai    zero, s1, 25
core   0: 3 0x80002eaa (0x4194d013)
core   0: 0x80002eae (0x419b5613) srai    a2, s6, 25
core   0: 3 0x80002eae (0x419b5613) x12 0x00000026
core   0: 0x80002eb2 (0x00008a75) c.andi  a2, 29
core   0: 3 0x80002eb2 (0x8a75) x12 0x00000004
core   0: 0x80002eb4 (0x00008cc1) c.or    s1, s0
core   0: 3 0x80002eb4 (0x8cc1) x 9 0xffffffff
core   0: 0x80002eb6 (0x036df2b3) remu    t0, s11, s6
core   0: 3 0x80002eb6 (0x036df2b3) x 5 0x32371000
core   0: 0x80002eba (0x00000c49) c.addi  s8, 18
core   0: 3 0x80002eba (0x0c49) x24 0x0000050b
core   0: 0x80002ebc (0x027b1933) mulh    s2, s6, t2
core   0: 3 0x80002ebc (0x027b1933) x18 0xffffff59
core   0: 0x80002ec0 (0x550c3c13) sltiu   s8, s8, 1360
core   0: 3 0x80002ec0 (0x550c3c13) x24 0x00000001
core   0: 0x80002ec4 (0x00008336) c.mv    t1, a3
core   0: 3 0x80002ec4 (0x8336) x 6 0x000007e6
core   0: 0x80002ec6 (0x019edd13) srli    s10, t4, 25
core   0: 3 0x80002ec6 (0x019edd13) x26 0x00000000
core   0: 0x80002eca (0x00000001) c.nop
core   0: 3 0x80002eca (0x0001)
core   0: 0x80002ecc (0x0011df33) srl     t5, gp, ra
core   0: 3 0x80002ecc (0x0011df33) x30 0x00000000
core   0: 0x80002ed0 (0x00f0de33) srl     t3, ra, a5
core   0: 3 0x80002ed0 (0x00f0de33) x28 0x00000000
core   0: 0x80002ed4 (0x414255b3) sra     a1, tp, s4
core   0: 3 0x80002ed4 (0x414255b3) x11 0x0000001d
core   0: 0x80002ed8 (0x00000001) c.nop
core   0: 3 0x80002ed8 (0x0001)
core   0: 0x80002eda (0x402bdb13) srai    s6, s7, 2
core   0: 3 0x80002eda (0x402bdb13) x22 0x00000000
core   0: 0x80002ede (0x0262e333) rem     t1, t0, t1
core   0: 3 0x80002ede (0x0262e333) x 6 0x0000041e
core   0: 0x80002ee2 (0x4c107d17) auipc   s10, 0x4c107
core   0: 3 0x80002ee2 (0x4c107d17) x26 0xcc109ee2
core   0: 0x80002ee6 (0x01cd9ab3) sll     s5, s11, t3
core   0: 3 0x80002ee6 (0x01cd9ab3) x21 0x80000000
core   0: 0x80002eea (0x01e8d893) srli    a7, a7, 30
core   0: 3 0x80002eea (0x01e8d893) x17 0x00000000
core   0: 0x80002eee (0x0000079e) c.slli  a5, 7
core   0: 3 0x80002eee (0x079e) x15 0xffffff80
core   0: 0x80002ef0 (0x00009f4a) c.add   t5, s2
core   0: 3 0x80002ef0 (0x9f4a) x30 0xffffff59
core   0: 0x80002ef2 (0x41420ab3) sub     s5, tp, s4
core   0: 3 0x80002ef2 (0x41420ab3) x21 0x0000001d
core   0: 0x80002ef6 (0x00008685) c.srai  a3, 1
core   0: 3 0x80002ef6 (0x8685) x13 0x000003f3
core   0: 0x80002ef8 (0x00000001) c.nop
core   0: 3 0x80002ef8 (0x0001)
core   0: 0x80002efa (0x011c5813) srli    a6, s8, 17
core   0: 3 0x80002efa (0x011c5813) x16 0x00000000
core   0: 0x80002efe (0x03404a93) xori    s5, zero, 52
core   0: 3 0x80002efe (0x03404a93) x21 0x00000034
core   0: 0x80002f02 (0x00000462) c.slli  s0, 24
core   0: 3 0x80002f02 (0x0462) x 8 0x3b000000
core   0: 0x80002f04 (0x00009366) c.add   t1, s9
core   0: 3 0x80002f04 (0x9366) x 6 0x00000a93
core   0: 0x80002f06 (0x0101efb3) or      t6, gp, a6
core   0: 3 0x80002f06 (0x0101efb3) x31 0x0000001d
core   0: 0x80002f0a (0x000000e1) c.addi  ra, 24
core   0: 3 0x80002f0a (0x00e1) x 1 0x00000035
core   0: 0x80002f0c (0x9a232f17) auipc   t5, 0x9a232
core   0: 3 0x80002f0c (0x9a232f17) x30 0x1a234f0c
core   0: 0x80002f10 (0x77972493) slti    s1, a4, 1913
core   0: 3 0x80002f10 (0x77972493) x 9 0x00000001
core   0: 0x80002f14 (0x0c9c8513) addi    a0, s9, 201
core   0: 3 0x80002f14 (0x0c9c8513) x10 0x0000073e
core   0: 0x80002f18 (0x7cf70f13) addi    t5, a4, 1999
core   0: 3 0x80002f18 (0x7cf70f13) x30 0x80010633
core   0: 0x80002f1c (0x00000001) c.nop
core   0: 3 0x80002f1c (0x0001)
core   0: 0x80002f1e (0x03e87833) remu    a6, a6, t5
core   0: 3 0x80002f1e (0x03e87833) x16 0x00000000
core   0: 0x80002f22 (0x0000059d) c.addi  a1, 7
core   0: 3 0x80002f22 (0x059d) x11 0x00000024
core   0: 0x80002f24 (0x00295493) srli    s1, s2, 2
core   0: 3 0x80002f24 (0x00295493) x 9 0x3fffffd6
core   0: 0x80002f28 (0x0297d633) divu    a2, a5, s1
core   0: 3 0x80002f28 (0x0297d633) x12 0x00000004
core   0: 0x80002f2c (0x03fd0633) mul     a2, s10, t6
core   0: 3 0x80002f2c (0x03fd0633) x12 0x1de1ff9a
core   0: 0x80002f30 (0x00008c7d) c.and   s0, a5
core   0: 3 0x80002f30 (0x8c7d) x 8 0x3b000000
core   0: 0x80002f32 (0x2c0b55b7) lui     a1, 0x2c0b5
core   0: 3 0x80002f32 (0x2c0b55b7) x11 0x2c0b5000
core   0: 0x80002f36 (0x0035afb3) slt     t6, a1, gp
core   0: 3 0x80002f36 (0x0035afb3) x31 0x00000000
core   0: 0x80002f3a (0x42cc2c93) slti    s9, s8, 1068
core   0: 3 0x80002f3a (0x42cc2c93) x25 0x00000001
core   0: 0x80002f3e (0x00a31f33) sll     t5, t1, a0
core   0: 3 0x80002f3e (0x00a31f33) x30 0xc0000000
core   0: 0x80002f42 (0x00033033) sltu    zero, t1, zero
core   0: 3 0x80002f42 (0x00033033)
core   0: 0x80002f46 (0x00008da9) c.xor   a1, a0
core   0: 3 0x80002f46 (0x8da9) x11 0x2c0b573e
core   0: 0x80002f48 (0x00e89913) slli    s2, a7, 14
core   0: 3 0x80002f48 (0x00e89913) x18 0x00000000
core   0: 0x80002f4c (0x01cfb5b3) sltu    a1, t6, t3
core   0: 3 0x80002f4c (0x01cfb5b3) x11 0x00000000
core   0: 0x80002f50 (0x00008dad) c.xor   a1, a1
core   0: 3 0x80002f50 (0x8dad) x11 0x00000000
core   0: 0x80002f52 (0x00004ff5) c.li    t6, 29
core   0: 3 0x80002f52 (0x4ff5) x31 0x0000001d
core   0: 0x80002f54 (0x01cc4bb3) xor     s7, s8, t3
core   0: 3 0x80002f54 (0x01cc4bb3) x23 0x00000001
core   0: 0x80002f58 (0x0115cbb3) xor     s7, a1, a7
core   0: 3 0x80002f58 (0x0115cbb3) x23 0x00000000
core   0: 0x80002f5c (0x0000043a) c.slli  s0, 14
core   0: 3 0x80002f5c (0x043a) x 8 0x00000000
core   0: 0x80002f5e (0x01ad0833) add     a6, s10, s10
core   0: 3 0x80002f5e (0x01ad0833) x16 0x98213dc4
core   0: 0x80002f62 (0x01a14b33) xor     s6, sp, s10
core   0: 3 0x80002f62 (0x01a14b33) x22 0x4c11a206
core   0: 0x80002f66 (0x512b6393) ori     t2, s6, 1298
core   0: 3 0x80002f66 (0x512b6393) x 7 0x4c11a716
core   0: 0x80002f6a (0x01cb8fb3) add     t6, s7, t3
core   0: 3 0x80002f6a (0x01cb8fb3) x31 0x00000000
core   0: 0x80002f6e (0x0000147d) c.addi  s0, -1
core   0: 3 0x80002f6e (0x147d) x 8 0xffffffff
core   0: 0x80002f70 (0x00f02f33) slt     t5, zero, a5
core   0: 3 0x80002f70 (0x00f02f33) x30 0x00000000
core   0: 0x80002f74 (0x03c49833) mulh    a6, s1, t3
core   0: 3 0x80002f74 (0x03c49833) x16 0x00000000
core   0: 0x80002f78 (0x6f623893) sltiu   a7, tp, 1782
core   0: 3 0x80002f78 (0x6f623893) x17 0x00000001
core   0: 0x80002f7c (0x00005f7d) c.li    t5, -1
core   0: 3 0x80002f7c (0x5f7d) x30 0xffffffff
core   0: 0x80002f7e (0x035908b3) mul     a7, s2, s5
core   0: 3 0x80002f7e (0x035908b3) x17 0x00000000
core   0: 0x80002f82 (0x00008dd9) c.or    a1, a4
core   0: 3 0x80002f82 (0x8dd9) x11 0x8000fe64
core   0: 0x80002f84 (0x00000001) c.nop
core   0: 3 0x80002f84 (0x0001)
core   0: 0x80002f86 (0x00000001) c.nop
core   0: 3 0x80002f86 (0x0001)
core   0: 0x80002f88 (0x030e3533) mulhu   a0, t3, a6
core   0: 3 0x80002f88 (0x030e3533) x10 0x00000000
core   0: 0x80002f8c (0x5bd5fa97) auipc   s5, 0x5bd5f
core   0: 3 0x80002f8c (0x5bd5fa97) x21 0xdbd61f8c
core   0: 0x80002f90 (0x0283e033) rem     zero, t2, s0
core   0: 3 0x80002f90 (0x0283e033)
core   0: 0x80002f94 (0xeb81e513) ori     a0, gp, -328
core   0: 3 0x80002f94 (0xeb81e513) x10 0xfffffebd
core   0: 0x80002f98 (0x004169b3) or      s3, sp, tp
core   0: 3 0x80002f98 (0x004169b3) x19 0x80013cfd
core   0: 0x80002f9c (0x00000001) c.nop
core   0: 3 0x80002f9c (0x0001)
core   0: 0x80002f9e (0x000089f9) c.andi  a1, 30
core   0: 3 0x80002f9e (0x89f9) x11 0x00000004
core   0: 0x80002fa0 (0x40830a33) sub     s4, t1, s0
core   0: 3 0x80002fa0 (0x40830a33) x20 0x00000a94
core   0: 0x80002fa4 (0x008447b3) xor     a5, s0, s0
core   0: 3 0x80002fa4 (0x008447b3) x15 0x00000000
core   0: 0x80002fa8 (0x01622d33) slt     s10, tp, s6
core   0: 3 0x80002fa8 (0x01622d33) x26 0x00000001
core   0: 0x80002fac (0x00c0e3b3) or      t2, ra, a2
core   0: 3 0x80002fac (0x00c0e3b3) x 7 0x1de1ffbf
core   0: 0x80002fb0 (0x01d99833) sll     a6, s3, t4
core   0: 3 0x80002fb0 (0x01d99833) x16 0x80013cfd
core   0: 0x80002fb4 (0x01aed993) srli    s3, t4, 26
core   0: 3 0x80002fb4 (0x01aed993) x19 0x00000000
core   0: 0x80002fb8 (0x002e02b3) add     t0, t3, sp
core   0: 3 0x80002fb8 (0x002e02b3) x 5 0x80013ce4
core   0: 0x80002fbc (0x036b2333) mulhsu  t1, s6, s6
core   0: 3 0x80002fbc (0x036b2333) x 6 0x169a796a
core   0: 0x80002fc0 (0x0201d933) divu    s2, gp, zero
core   0: 3 0x80002fc0 (0x0201d933) x18 0xffffffff
core   0: 0x80002fc4 (0x01ef6033) or      zero, t5, t5
core   0: 3 0x80002fc4 (0x01ef6033)
core   0: 0x80002fc8 (0x00000c5d) c.addi  s8, 23
core   0: 3 0x80002fc8 (0x0c5d) x24 0x00000018
core   0: 0x80002fca (0x40da0d33) sub     s10, s4, a3
core   0: 3 0x80002fca (0x40da0d33) x26 0x000006a1
core   0: 0x80002fce (0x00008bce) c.mv    s7, s3
core   0: 3 0x80002fce (0x8bce) x23 0x00000000
core   0: 0x80002fd0 (0x01908ab3) add     s5, ra, s9
core   0: 3 0x80002fd0 (0x01908ab3) x21 0x00000036
core   0: 0x80002fd4 (0x00000001) c.nop
core   0: 3 0x80002fd4 (0x0001)
core   0: 0x80002fd6 (0x4106d233) sra     tp, a3, a6
core   0: 3 0x80002fd6 (0x4106d233) x 4 0x00000000
core   0: 0x80002fda (0x2026c593) xori    a1, a3, 514
core   0: 3 0x80002fda (0x2026c593) x11 0x000001f1
core   0: 0x80002fde (0x01297533) and     a0, s2, s2
core   0: 3 0x80002fde (0x01297533) x10 0xffffffff
core   0: 0x80002fe2 (0x00913a33) sltu    s4, sp, s1
core   0: 3 0x80002fe2 (0x00913a33) x20 0x00000000
core   0: 0x80002fe6 (0x0354b0b3) mulhu   ra, s1, s5
core   0: 3 0x80002fe6 (0x0354b0b3) x 1 0x0000000d
core   0: 0x80002fea (0xef320513) addi    a0, tp, -269
core   0: 3 0x80002fea (0xef320513) x10 0xfffffef3
core   0: 0x80002fee (0xf9062fb7) lui     t6, 0xf9062
core   0: 3 0x80002fee (0xf9062fb7) x31 0xf9062000
core   0: 0x80002ff2 (0x0166d5b3) srl     a1, a3, s6
core   0: 3 0x80002ff2 (0x0166d5b3) x11 0x0000000f
core   0: 0x80002ff6 (0x00008d75) c.and   a0, a3
core   0: 3 0x80002ff6 (0x8d75) x10 0x000002f3
core   0: 0x80002ff8 (0x00000001) c.nop
core   0: 3 0x80002ff8 (0x0001)
core   0: 0x80002ffa (0x020e6d33) rem     s10, t3, zero
core   0: 3 0x80002ffa (0x020e6d33) x26 0x00000000
core   0: 0x80002ffe (0x0174a1b3) slt     gp, s1, s7
core   0: 3 0x80002ffe (0x0174a1b3) x 3 0x00000000
core   0: 0x80003002 (0x00008565) c.srai  a0, 25
core   0: 3 0x80003002 (0x8565) x10 0x00000000
core   0: 0x80003004 (0x01b91513) slli    a0, s2, 27
core   0: 3 0x80003004 (0x01b91513) x10 0xf8000000
core   0: 0x80003008 (0x000080ae) c.mv    ra, a1
core   0: 3 0x80003008 (0x80ae) x 1 0x0000000f
core   0: 0x8000300a (0x40215413) srai    s0, sp, 2
core   0: 3 0x8000300a (0x40215413) x 8 0xe0004f39
core   0: 0x8000300e (0x00008a5d) c.andi  a2, 23
core   0: 3 0x8000300e (0x8a5d) x12 0x00000012
core   0: 0x80003010 (0x00009f06) c.add   t5, ra
core   0: 3 0x80003010 (0x9f06) x30 0x0000000e
core   0: 0x80003012 (0x00008e0d) c.sub   a2, a1
core   0: 3 0x80003012 (0x8e0d) x12 0x00000003
core   0: 0x80003014 (0xf4b56097) auipc   ra, 0xf4b56
core   0: 3 0x80003014 (0xf4b56097) x 1 0x74b59014
core   0: 0x80003018 (0xf2086513) ori     a0, a6, -224
core   0: 3 0x80003018 (0xf2086513) x10 0xfffffffd
core   0: 0x8000301c (0x00000d4a) c.slli  s10, 18
core   0: 3 0x8000301c (0x0d4a) x26 0x00000000
core   0: 0x8000301e (0x00000001) c.nop
core   0: 3 0x8000301e (0x0001)
core   0: 0x80003020 (0xf85e3013) sltiu   zero, t3, -123
core   0: 3 0x80003020 (0xf85e3013)
core   0: 0x80003024 (0x00fb10b3) sll     ra, s6, a5
core   0: 3 0x80003024 (0x00fb10b3) x 1 0x4c11a206
core   0: 0x80003028 (0x415d5213) srai    tp, s10, 21
core   0: 3 0x80003028 (0x415d5213) x 4 0x00000000
core   0: 0x8000302c (0x028fbe33) mulhu   t3, t6, s0
core   0: 3 0x8000302c (0x028fbe33) x28 0xd9e5a910
core   0: 0x80003030 (0x002658b3) srl     a7, a2, sp
core   0: 3 0x80003030 (0x002658b3) x17 0x00000000
core   0: 0x80003034 (0x0000547d) c.li    s0, -1
core   0: 3 0x80003034 (0x547d) x 8 0xffffffff
core   0: 0x80003036 (0x03b343b3) div     t2, t1, s11
core   0: 3 0x80003036 (0x03b343b3) x 7 0x00000000
core   0: 0x8000303a (0x003613b3) sll     t2, a2, gp
core   0: 3 0x8000303a (0x003613b3) x 7 0x00000003
core   0: 0x8000303e (0x013d9d13) slli    s10, s11, 19
core   0: 3 0x8000303e (0x013d9d13) x26 0x00000000
core   0: 0x80003042 (0x65896193) ori     gp, s2, 1624
core   0: 3 0x80003042 (0x65896193) x 3 0xffffffff
core   0: 0x80003046 (0x408e5d33) sra     s10, t3, s0
core   0: 3 0x80003046 (0x408e5d33) x26 0xffffffff
core   0: 0x8000304a (0x00f8fb33) and     s6, a7, a5
core   0: 3 0x8000304a (0x00f8fb33) x22 0x00000000
core   0: 0x8000304e (0x00008789) c.srai  a5, 2
core   0: 3 0x8000304e (0x8789) x15 0x00000000
core   0: 0x80003050 (0x901721b7) lui     gp, 0x90172
core   0: 3 0x80003050 (0x901721b7) x 3 0x90172000
core   0: 0x80003054 (0x01ae9fb3) sll     t6, t4, s10
core   0: 3 0x80003054 (0x01ae9fb3) x31 0x00000000
core   0: 0x80003058 (0x00008fb2) c.mv    t6, a2
core   0: 3 0x80003058 (0x8fb2) x31 0x00000003
core   0: 0x8000305a (0x003edb13) srli    s6, t4, 3
core   0: 3 0x8000305a (0x003edb13) x22 0x00000000
core   0: 0x8000305e (0x032f71b3) remu    gp, t5, s2
core   0: 3 0x8000305e (0x032f71b3) x 3 0x0000000e
core   0: 0x80003062 (0x00000425) c.addi  s0, 9
core   0: 3 0x80003062 (0x0425) x 8 0x00000008
core   0: 0x80003064 (0x72b4f093) andi    ra, s1, 1835
core   0: 3 0x80003064 (0x72b4f093) x 1 0x00000702
core   0: 0x80003068 (0x0038d613) srli    a2, a7, 3
core   0: 3 0x80003068 (0x0038d613) x12 0x00000000
core   0: 0x8000306c (0x00f046b3) xor     a3, zero, a5
core   0: 3 0x8000306c (0x00f046b3) x13 0x00000000
core   0: 0x80003070 (0x00137433) and     s0, t1, ra
core   0: 3 0x80003070 (0x00137433) x 8 0x00000102
core   0: 0x80003074 (0x00541bb3) sll     s7, s0, t0
core   0: 3 0x80003074 (0x00541bb3) x23 0x00001020
core   0: 0x80003078 (0xf4eb6d13) ori     s10, s6, -178
core   0: 3 0x80003078 (0xf4eb6d13) x26 0xffffff4e
core   0: 0x8000307c (0x01705a93) srli    s5, zero, 23
core   0: 3 0x8000307c (0x01705a93) x21 0x00000000
core   0: 0x80003080 (0x00001efd) c.addi  t4, -1
core   0: 3 0x80003080 (0x1efd) x29 0xffffffff
core   0: 0x80003082 (0x003dc633) xor     a2, s11, gp
core   0: 3 0x80003082 (0x003dc633) x12 0x8000000e
core   0: 0x80003086 (0x40a783b3) sub     t2, a5, a0
core   0: 3 0x80003086 (0x40a783b3) x 7 0x00000003
core   0: 0x8000308a (0x0093d1b3) srl     gp, t2, s1
core   0: 3 0x8000308a (0x0093d1b3) x 3 0x00000000
core   0: 0x8000308e (0x7fe34413) xori    s0, t1, 2046
core   0: 3 0x8000308e (0x7fe34413) x 8 0x169a7e94
core   0: 0x80003092 (0x000083d5) c.srli  a5, 21
core   0: 3 0x80003092 (0x83d5) x15 0x00000000
core   0: 0x80003094 (0x034a69b3) rem     s3, s4, s4
core   0: 3 0x80003094 (0x034a69b3) x19 0x00000000
core   0: 0x80003098 (0x938b8fb7) lui     t6, 0x938b8
core   0: 3 0x80003098 (0x938b8fb7) x31 0x938b8000
core   0: 0x8000309c (0x00008e62) c.mv    t3, s8
core   0: 3 0x8000309c (0x8e62) x28 0x00000018
core   0: 0x8000309e (0x78e86c13) ori     s8, a6, 1934
core   0: 3 0x8000309e (0x78e86c13) x24 0x80013fff
core   0: 0x800030a2 (0x4007d093) srai    ra, a5, 0
core   0: 3 0x800030a2 (0x4007d093) x 1 0x00000000
core   0: 0x800030a6 (0x00008551) c.srai  a0, 20
core   0: 3 0x800030a6 (0x8551) x10 0xffffffff
core   0: 0x800030a8 (0x00008539) c.srai  a0, 14
core   0: 3 0x800030a8 (0x8539) x10 0xffffffff
core   0: 0x800030aa (0x000089e5) c.andi  a1, 25
core   0: 3 0x800030aa (0x89e5) x11 0x00000009
core   0: 0x800030ac (0x03225f33) divu    t5, tp, s2
core   0: 3 0x800030ac (0x03225f33) x30 0x00000000
core   0: 0x800030b0 (0xfe4dfe93) andi    t4, s11, -28
core   0: 3 0x800030b0 (0xfe4dfe93) x29 0x80000000
core   0: 0x800030b4 (0x00008c45) c.or    s0, s1
core   0: 3 0x800030b4 (0x8c45) x 8 0x3fffffd6
core   0: 0x800030b6 (0x038969b3) rem     s3, s2, s8
core   0: 3 0x800030b6 (0x038969b3) x19 0xffffffff
core   0: 0x800030ba (0x0000187d) c.addi  a6, -1
core   0: 3 0x800030ba (0x187d) x16 0x80013cfc
core   0: 0x800030bc (0x00008dcd) c.or    a1, a1
core   0: 3 0x800030bc (0x8dcd) x11 0x00000009
core   0: 0x800030be (0x00008e49) c.or    a2, a0
core   0: 3 0x800030be (0x8e49) x12 0xffffffff
core   0: 0x800030c0 (0x00586bb3) or      s7, a6, t0
core   0: 3 0x800030c0 (0x00586bb3) x23 0x80013cfc
core   0: 0x800030c4 (0x0069bab3) sltu    s5, s3, t1
core   0: 3 0x800030c4 (0x0069bab3) x21 0x00000000
core   0: 0x800030c8 (0x000b1e33) sll     t3, s6, zero
core   0: 3 0x800030c8 (0x000b1e33) x28 0x00000000
core   0: 0x800030cc (0x00000001) c.nop
core   0: 3 0x800030cc (0x0001)
core   0: 0x800030ce (0x00008fa9) c.xor   a5, a0
core   0: 3 0x800030ce (0x8fa9) x15 0xffffffff
core   0: 0x800030d0 (0x022596b3) mulh    a3, a1, sp
core   0: 3 0x800030d0 (0x022596b3) x13 0xfffffffb
core   0: 0x800030d4 (0x13508f13) addi    t5, ra, 309
core   0: 3 0x800030d4 (0x13508f13) x30 0x00000135
core   0: 0x800030d8 (0x03cf08b3) mul     a7, t5, t3
core   0: 3 0x800030d8 (0x03cf08b3) x17 0x00000000
core   0: 0x800030dc (0x02f374b3) remu    s1, t1, a5
core   0: 3 0x800030dc (0x02f374b3) x 9 0x169a796a
core   0: 0x800030e0 (0x0020de93) srli    t4, ra, 2
core   0: 3 0x800030e0 (0x0020de93) x29 0x00000000
core   0: 0x800030e4 (0xfc5b0f13) addi    t5, s6, -59
core   0: 3 0x800030e4 (0xfc5b0f13) x30 0xffffffc5
core   0: 0x800030e8 (0x00000001) c.nop
core   0: 3 0x800030e8 (0x0001)
core   0: 0x800030ea (0x734c7513) andi    a0, s8, 1844
core   0: 3 0x800030ea (0x734c7513) x10 0x00000734
core   0: 0x800030ee (0x00005f7d) c.li    t5, -1
core   0: 3 0x800030ee (0x5f7d) x30 0xffffffff
core   0: 0x800030f0 (0x011bffb3) and     t6, s7, a7
core   0: 3 0x800030f0 (0x011bffb3) x31 0x00000000
core   0: 0x800030f4 (0x01a44c33) xor     s8, s0, s10
core   0: 3 0x800030f4 (0x01a44c33) x24 0xc0000098
core   0: 0x800030f8 (0x04038693) addi    a3, t2, 64
core   0: 3 0x800030f8 (0x04038693) x13 0x00000043
core   0: 0x800030fc (0x32af2d13) slti    s10, t5, 810
core   0: 3 0x800030fc (0x32af2d13) x26 0x00000001
core   0: 0x80003100 (0x033e6033) rem     zero, t3, s3
core   0: 3 0x80003100 (0x033e6033)
core   0: 0x80003104 (0xe56e3393) sltiu   t2, t3, -426
core   0: 3 0x80003104 (0xe56e3393) x 7 0x00000001
core   0: 0x80003108 (0x00008599) c.srai  a1, 6
core   0: 3 0x80003108 (0x8599) x11 0x00000000
core   0: 0x8000310a (0x0226db33) divu    s6, a3, sp
core   0: 3 0x8000310a (0x0226db33) x22 0x00000000
core   0: 0x8000310e (0xcd091217) auipc   tp, 0xcd091
core   0: 3 0x8000310e (0xcd091217) x 4 0x4d09410e
core   0: 0x80003112 (0x0000859d) c.srai  a1, 7
core   0: 3 0x80003112 (0x859d) x11 0x00000000
core   0: 0x80003114 (0x01cbd813) srli    a6, s7, 28
core   0: 3 0x80003114 (0x01cbd813) x16 0x00000008
core   0: 0x80003118 (0x0238d033) divu    zero, a7, gp
core   0: 3 0x80003118 (0x0238d033)
core   0: 0x8000311c (0x000084d5) c.srai  s1, 21
core   0: 3 0x8000311c (0x84d5) x 9 0x000000b4
core   0: 0x8000311e (0x0000857e) c.mv    a0, t6
core   0: 3 0x8000311e (0x857e) x10 0x00000000
core   0: 0x80003120 (0x000085fd) c.srai  a1, 31
core   0: 3 0x80003120 (0x85fd) x11 0x00000000
core   0: 0x80003122 (0x01041b13) slli    s6, s0, 16
core   0: 3 0x80003122 (0x01041b13) x22 0xffd60000
core   0: 0x80003126 (0x005641b3) xor     gp, a2, t0
core   0: 3 0x80003126 (0x005641b3) x 3 0x7ffec31b
core   0: 0x8000312a (0x0000187d) c.addi  a6, -1
core   0: 3 0x8000312a (0x187d) x16 0x00000007
core   0: 0x8000312c (0x03b24333) div     t1, tp, s11
core   0: 3 0x8000312c (0x03b24333) x 6 0x00000000
core   0: 0x80003130 (0x7c2fe513) ori     a0, t6, 1986
core   0: 3 0x80003130 (0x7c2fe513) x10 0x000007c2
core   0: 0x80003134 (0x00008c95) c.sub   s1, a3
core   0: 3 0x80003134 (0x8c95) x 9 0x00000071
core   0: 0x80003136 (0x00008c46) c.mv    s8, a7
core   0: 3 0x80003136 (0x8c46) x24 0x00000000
core   0: 0x80003138 (0x000082ce) c.mv    t0, s3
core   0: 3 0x80003138 (0x82ce) x 5 0xffffffff
core   0: 0x8000313a (0x000085f6) c.mv    a1, t4
core   0: 3 0x8000313a (0x85f6) x11 0x00000000
core   0: 0x8000313c (0x01acda33) srl     s4, s9, s10
core   0: 3 0x8000313c (0x01acda33) x20 0x00000000
core   0: 0x80003140 (0x18103097) auipc   ra, 0x18103
core   0: 3 0x80003140 (0x18103097) x 1 0x98106140
core   0: 0x80003144 (0x03a45c33) divu    s8, s0, s10
core   0: 3 0x80003144 (0x03a45c33) x24 0x3fffffd6
core   0: 0x80003148 (0x00009862) c.add   a6, s8
core   0: 3 0x80003148 (0x9862) x16 0x3fffffdd
core   0: 0x8000314a (0x00c557b3) srl     a5, a0, a2
core   0: 3 0x8000314a (0x00c557b3) x15 0x00000000
core   0: 0x8000314e (0x03e55f33) divu    t5, a0, t5
core   0: 3 0x8000314e (0x03e55f33) x30 0x00000000
core   0: 0x80003152 (0x02a31fb3) mulh    t6, t1, a0
core   0: 3 0x80003152 (0x02a31fb3) x31 0x00000000
core   0: 0x80003156 (0x41cfd533) sra     a0, t6, t3
core   0: 3 0x80003156 (0x41cfd533) x10 0x00000000
core   0: 0x8000315a (0x715a6b13) ori     s6, s4, 1813
core   0: 3 0x8000315a (0x715a6b13) x22 0x00000715
core   0: 0x8000315e (0x006cbab3) sltu    s5, s9, t1
core   0: 3 0x8000315e (0x006cbab3) x21 0x00000000
core   0: 0x80003162 (0x03ca7eb3) remu    t4, s4, t3
core   0: 3 0x80003162 (0x03ca7eb3) x29 0x00000000
core   0: 0x80003166 (0x00957c33) and     s8, a0, s1
core   0: 3 0x80003166 (0x00957c33) x24 0x00000000
core   0: 0x8000316a (0x0397dfb3) divu    t6, a5, s9
core   0: 3 0x8000316a (0x0397dfb3) x31 0x00000000
core   0: 0x8000316e (0x2b7ec913) xori    s2, t4, 695
core   0: 3 0x8000316e (0x2b7ec913) x18 0x000002b7
core   0: 0x80003172 (0x0088dc93) srli    s9, a7, 8
core   0: 3 0x80003172 (0x0088dc93) x25 0x00000000
core   0: 0x80003176 (0x01d52fb3) slt     t6, a0, t4
core   0: 3 0x80003176 (0x01d52fb3) x31 0x00000000
core   0: 0x8000317a (0x40a0d613) srai    a2, ra, 10
core   0: 3 0x8000317a (0x40a0d613) x12 0xffe60418
core   0: 0x8000317e (0x9ae94e93) xori    t4, s2, -1618
core   0: 3 0x8000317e (0x9ae94e93) x29 0xfffffb19
core   0: 0x80003182 (0x03cdcc33) div     s8, s11, t3
core   0: 3 0x80003182 (0x03cdcc33) x24 0xffffffff
core   0: 0x80003186 (0x016cf1b3) and     gp, s9, s6
core   0: 3 0x80003186 (0x016cf1b3) x 3 0x00000000
core   0: 0x8000318a (0x02ed9ab3) mulh    s5, s11, a4
core   0: 3 0x8000318a (0x02ed9ab3) x21 0x3fff80ce
core   0: 0x8000318e (0x0051ccb3) xor     s9, gp, t0
core   0: 3 0x8000318e (0x0051ccb3) x25 0xffffffff
core   0: 0x80003192 (0x41695913) srai    s2, s2, 22
core   0: 3 0x80003192 (0x41695913) x18 0x00000000
core   0: 0x80003196 (0x004bb5b3) sltu    a1, s7, tp
core   0: 3 0x80003196 (0x004bb5b3) x11 0x00000000
core   0: 0x8000319a (0x019f1593) slli    a1, t5, 25
core   0: 3 0x8000319a (0x019f1593) x11 0x00000000
core   0: 0x8000319e (0x0143dc33) srl     s8, t2, s4
core   0: 3 0x8000319e (0x0143dc33) x24 0x00000001
core   0: 0x800031a2 (0x4023d793) srai    a5, t2, 2
core   0: 3 0x800031a2 (0x4023d793) x15 0x00000000
core   0: 0x800031a6 (0x00005e7d) c.li    t3, -1
core   0: 3 0x800031a6 (0x5e7d) x28 0xffffffff
core   0: 0x800031a8 (0x00008d16) c.mv    s10, t0
core   0: 3 0x800031a8 (0x8d16) x26 0xffffffff
core   0: 0x800031aa (0x00008561) c.srai  a0, 24
core   0: 3 0x800031aa (0x8561) x10 0x00000000
core   0: 0x800031ac (0x000092c6) c.add   t0, a7
core   0: 3 0x800031ac (0x92c6) x 5 0xffffffff
core   0: 0x800031ae (0x00000001) c.nop
core   0: 3 0x800031ae (0x0001)
core   0: 0x800031b0 (0x01790c33) add     s8, s2, s7
core   0: 3 0x800031b0 (0x01790c33) x24 0x80013cfc
core   0: 0x800031b4 (0x026d5b33) divu    s6, s10, t1
core   0: 3 0x800031b4 (0x026d5b33) x22 0xffffffff
core   0: 0x800031b8 (0x00008a49) c.andi  a2, 18
core   0: 3 0x800031b8 (0x8a49) x12 0x00000010
core   0: 0x800031ba (0x02f9b433) mulhu   s0, s3, a5
core   0: 3 0x800031ba (0x02f9b433) x 8 0x00000000
core   0: 0x800031be (0xbd8bdc17) auipc   s8, 0xbd8bd
core   0: 3 0x800031be (0xbd8bdc17) x24 0x3d8c01be
core   0: 0x800031c2 (0x03183833) mulhu   a6, a6, a7
core   0: 3 0x800031c2 (0x03183833) x16 0x00000000
core   0: 0x800031c6 (0x78928913) addi    s2, t0, 1929
core   0: 3 0x800031c6 (0x78928913) x18 0x00000788
core   0: 0x800031ca (0xdfadf513) andi    a0, s11, -518
core   0: 3 0x800031ca (0xdfadf513) x10 0x80000000
core   0: 0x800031ce (0x00006bb9) c.lui   s7, 0xe
core   0: 3 0x800031ce (0x6bb9) x23 0x0000e000
core   0: 0x800031d0 (0x000004b9) c.addi  s1, 14
core   0: 3 0x800031d0 (0x04b9) x 9 0x0000007f
core   0: 0x800031d2 (0x00004ae1) c.li    s5, 24
core   0: 3 0x800031d2 (0x4ae1) x21 0x00000018
core   0: 0x800031d4 (0x02a227b3) mulhsu  a5, tp, a0
core   0: 3 0x800031d4 (0x02a227b3) x15 0x2684a087
core   0: 0x800031d8 (0x009d1f33) sll     t5, s10, s1
core   0: 3 0x800031d8 (0x009d1f33) x30 0x80000000
core   0: 0x800031dc (0x03fc08b3) mul     a7, s8, t6
core   0: 3 0x800031dc (0x03fc08b3) x17 0x00000000
core   0: 0x800031e0 (0x00c1ed33) or      s10, gp, a2
core   0: 3 0x800031e0 (0x00c1ed33) x26 0x00000010
core   0: 0x800031e4 (0x000099fd) c.andi  a1, -1
core   0: 3 0x800031e4 (0x99fd) x11 0x00000000
core   0: 0x800031e6 (0x02ea21b3) mulhsu  gp, s4, a4
core   0: 3 0x800031e6 (0x02ea21b3) x 3 0x00000000
core   0: 0x800031ea (0x40c3d433) sra     s0, t2, a2
core   0: 3 0x800031ea (0x40c3d433) x 8 0x00000000
core   0: 0x800031ee (0x347fff13) andi    t5, t6, 839
core   0: 3 0x800031ee (0x347fff13) x30 0x00000000
core   0: 0x800031f2 (0x01444eb3) xor     t4, s0, s4
core   0: 3 0x800031f2 (0x01444eb3) x29 0x00000000
core   0: 0x800031f6 (0x274162b7) lui     t0, 0x27416
core   0: 3 0x800031f6 (0x274162b7) x 5 0x27416000
core   0: 0x800031fa (0x02caa933) mulhsu  s2, s5, a2
core   0: 3 0x800031fa (0x02caa933) x18 0x00000000
core   0: 0x800031fe (0x00008219) c.srli  a2, 6
core   0: 3 0x800031fe (0x8219) x12 0x00000000
core   0: 0x80003200 (0x03a2b533) mulhu   a0, t0, s10
core   0: 3 0x80003200 (0x03a2b533) x10 0x00000002
core   0: 0x80003204 (0x03c0c1b3) div     gp, ra, t3
core   0: 3 0x80003204 (0x03c0c1b3) x 3 0x67ef9ec0
core   0: 0x80003208 (0x08460b93) addi    s7, a2, 132
core   0: 3 0x80003208 (0x08460b93) x23 0x00000084
core   0: 0x8000320c (0x000099f6) c.add   s3, t4
core   0: 3 0x8000320c (0x99f6) x19 0xffffffff
core   0: 0x8000320e (0x000016fd) c.addi  a3, -1
core   0: 3 0x8000320e (0x16fd) x13 0x00000042
core   0: 0x80003210 (0x022b87b3) mul     a5, s7, sp
core   0: 3 0x80003210 (0x022b87b3) x15 0x00a36590
core   0: 0x80003214 (0x5538e413) ori     s0, a7, 1363
core   0: 3 0x80003214 (0x5538e413) x 8 0x00000553
core   0: 0x80003218 (0x45f0bf13) sltiu   t5, ra, 1119
core   0: 3 0x80003218 (0x45f0bf13) x30 0x00000000
core   0: 0x8000321c (0x023bdeb3) divu    t4, s7, gp
core   0: 3 0x8000321c (0x023bdeb3) x29 0x00000000
core   0: 0x80003220 (0xfa403893) sltiu   a7, zero, -92
core   0: 3 0x80003220 (0xfa403893) x17 0x00000001
core   0: 0x80003224 (0x00000001) c.nop
core   0: 3 0x80003224 (0x0001)
core   0: 0x80003226 (0x01414bb3) xor     s7, sp, s4
core   0: 3 0x80003226 (0x01414bb3) x23 0x80013ce4
core   0: 0x8000322a (0x00008f81) c.sub   a5, s0
core   0: 3 0x8000322a (0x8f81) x15 0x00a3603d
core   0: 0x8000322c (0x029dbc33) mulhu   s8, s11, s1
core   0: 3 0x8000322c (0x029dbc33) x24 0x0000003f
core   0: 0x80003230 (0x02ea56b3) divu    a3, s4, a4
core   0: 3 0x80003230 (0x02ea56b3) x13 0x00000000
core   0: 0x80003234 (0x41a083b3) sub     t2, ra, s10
core   0: 3 0x80003234 (0x41a083b3) x 7 0x98106130
core   0: 0x80003238 (0x00008626) c.mv    a2, s1
core   0: 3 0x80003238 (0x8626) x12 0x0000007f
core   0: 0x8000323a (0x30f54693) xori    a3, a0, 783
core   0: 3 0x8000323a (0x30f54693) x13 0x0000030d
core   0: 0x8000323e (0x65de3593) sltiu   a1, t3, 1629
core   0: 3 0x8000323e (0x65de3593) x11 0x00000000
core   0: 0x80003242 (0x00008651) c.srai  a2, 20
core   0: 3 0x80003242 (0x8651) x12 0x00000000
core   0: 0x80003244 (0x00001afd) c.addi  s5, -1
core   0: 3 0x80003244 (0x1afd) x21 0x00000017
core   0: 0x80003246 (0x29d60a93) addi    s5, a2, 669
core   0: 3 0x80003246 (0x29d60a93) x21 0x0000029d
core   0: 0x8000324a (0x030a0a93) addi    s5, s4, 48
core   0: 3 0x8000324a (0x030a0a93) x21 0x00000030
core   0: 0x8000324e (0x00001efd) c.addi  t4, -1
core   0: 3 0x8000324e (0x1efd) x29 0xffffffff
core   0: 0x80003250 (0x03e7c333) div     t1, a5, t5
core   0: 3 0x80003250 (0x03e7c333) x 6 0xffffffff
core   0: 0x80003254 (0x00008ba1) c.andi  a5, 8
core   0: 3 0x80003254 (0x8ba1) x15 0x00000008
core   0: 0x80003256 (0x00000001) c.nop
core   0: 3 0x80003256 (0x0001)
core   0: 0x80003258 (0x00000459) c.addi  s0, 22
core   0: 3 0x80003258 (0x0459) x 8 0x00000569
core   0: 0x8000325a (0x00fdd293) srli    t0, s11, 15
core   0: 3 0x8000325a (0x00fdd293) x 5 0x00010000
core   0: 0x8000325e (0x02a9ffb3) remu    t6, s3, a0
core   0: 3 0x8000325e (0x02a9ffb3) x31 0x00000001
core   0: 0x80003262 (0x00008279) c.srli  a2, 30
core   0: 3 0x80003262 (0x8279) x12 0x00000000
core   0: 0x80003264 (0x01163233) sltu    tp, a2, a7
core   0: 3 0x80003264 (0x01163233) x 4 0x00000001
core   0: 0x80003268 (0x00008c42) c.mv    s8, a6
core   0: 3 0x80003268 (0x8c42) x24 0x00000000
core   0: 0x8000326a (0x00008316) c.mv    t1, t0
core   0: 3 0x8000326a (0x8316) x 6 0x00010000
core   0: 0x8000326c (0x01740333) add     t1, s0, s7
core   0: 3 0x8000326c (0x01740333) x 6 0x8001424d
core   0: 0x80003270 (0x00008809) c.andi  s0, 2
core   0: 3 0x80003270 (0x8809) x 8 0x00000000
core   0: 0x80003272 (0x26003693) sltiu   a3, zero, 608
core   0: 3 0x80003272 (0x26003693) x13 0x00000001
core   0: 0x80003276 (0x00008cd5) c.or    s1, a3
core   0: 3 0x80003276 (0x8cd5) x 9 0x0000007f
core   0: 0x80003278 (0x03cdef33) rem     t5, s11, t3
core   0: 3 0x80003278 (0x03cdef33) x30 0x00000000
core   0: 0x8000327c (0x00005f7d) c.li    t5, -1
core   0: 3 0x8000327c (0x5f7d) x30 0xffffffff
core   0: 0x8000327e (0x000000cd) c.addi  ra, 19
core   0: 3 0x8000327e (0x00cd) x 1 0x98106153
core   0: 0x80003280 (0x00000001) c.nop
core   0: 3 0x80003280 (0x0001)
core   0: 0x80003282 (0x000087a5) c.srai  a5, 9
core   0: 3 0x80003282 (0x87a5) x15 0x00000000
core   0: 0x80003284 (0x019851b3) srl     gp, a6, s9
core   0: 3 0x80003284 (0x019851b3) x 3 0x00000000
core   0: 0x80003288 (0xa9f40413) addi    s0, s0, -1377
core   0: 3 0x80003288 (0xa9f40413) x 8 0xfffffa9f
core   0: 0x8000328c (0x029eaab3) mulhsu  s5, t4, s1
core   0: 3 0x8000328c (0x029eaab3) x21 0xffffffff
core   0: 0x80003290 (0x41265ab3) sra     s5, a2, s2
core   0: 3 0x80003290 (0x41265ab3) x21 0x00000000
core   0: 0x80003294 (0x00009bfe) c.add   s7, t6
core   0: 3 0x80003294 (0x9bfe) x23 0x80013ce5
core   0: 0x80003296 (0x00006645) c.lui   a2, 0x11
core   0: 3 0x80003296 (0x6645) x12 0x00011000
core   0: 0x80003298 (0x000084a9) c.srai  s1, 10
core   0: 3 0x80003298 (0x84a9) x 9 0x00000000
core   0: 0x8000329a (0x02ae8cb3) mul     s9, t4, a0
core   0: 3 0x8000329a (0x02ae8cb3) x25 0xfffffffe
core   0: 0x8000329e (0x0379cc33) div     s8, s3, s7
core   0: 3 0x8000329e (0x0379cc33) x24 0x00000000
core   0: 0x800032a2 (0x005fdc13) srli    s8, t6, 5
core   0: 3 0x800032a2 (0x005fdc13) x24 0x00000000
core   0: 0x800032a6 (0xb2f57637) lui     a2, 0xb2f57
core   0: 3 0x800032a6 (0xb2f57637) x12 0xb2f57000
core   0: 0x800032aa (0x417257b3) sra     a5, tp, s7
core   0: 3 0x800032aa (0x417257b3) x15 0x00000000
core   0: 0x800032ae (0x00009b6e) c.add   s6, s11
core   0: 3 0x800032ae (0x9b6e) x22 0x7fffffff
core   0: 0x800032b0 (0x03947f33) remu    t5, s0, s9
core   0: 3 0x800032b0 (0x03947f33) x30 0xfffffa9f
core   0: 0x800032b4 (0x253a26b7) lui     a3, 0x253a2
core   0: 3 0x800032b4 (0x253a26b7) x13 0x253a2000
core   0: 0x800032b8 (0x000004b2) c.slli  s1, 12
core   0: 3 0x800032b8 (0x04b2) x 9 0x00000000
core   0: 0x800032ba (0x0333c2b3) div     t0, t2, s3
core   0: 3 0x800032ba (0x0333c2b3) x 5 0x67ef9ed0
core   0: 0x800032be (0x014a5433) srl     s0, s4, s4
core   0: 3 0x800032be (0x014a5433) x 8 0x00000000
core   0: 0x800032c2 (0x00008de1) c.and   a1, s0
core   0: 3 0x800032c2 (0x8de1) x11 0x00000000
core   0: 0x800032c4 (0x00008fa9) c.xor   a5, a0
core   0: 3 0x800032c4 (0x8fa9) x15 0x00000002
core   0: 0x800032c6 (0x6f6ebb13) sltiu   s6, t4, 1782
core   0: 3 0x800032c6 (0x6f6ebb13) x22 0x00000000
core   0: 0x800032ca (0x00008e01) c.sub   a2, s0
core   0: 3 0x800032ca (0x8e01) x12 0xb2f57000
core   0: 0x800032cc (0x418c0cb3) sub     s9, s8, s8
core   0: 3 0x800032cc (0x418c0cb3) x25 0x00000000
core   0: 0x800032d0 (0x005adf93) srli    t6, s5, 5
core   0: 3 0x800032d0 (0x005adf93) x31 0x00000000
core   0: 0x800032d4 (0x000043d9) c.li    t2, 22
core   0: 3 0x800032d4 (0x43d9) x 7 0x00000016
core   0: 0x800032d6 (0x02d929b3) mulhsu  s3, s2, a3
core   0: 3 0x800032d6 (0x02d929b3) x19 0x00000000
core   0: 0x800032da (0x00008c21) c.xor   s0, s0
core   0: 3 0x800032da (0x8c21) x 8 0x00000000
core   0: 0x800032dc (0x023555b3) divu    a1, a0, gp
core   0: 3 0x800032dc (0x023555b3) x11 0xffffffff
core   0: 0x800032e0 (0x8c7b3913) sltiu   s2, s6, -1849
core   0: 3 0x800032e0 (0x8c7b3913) x18 0x00000001
core   0: 0x800032e4 (0x0000849a) c.mv    s1, t1
core   0: 3 0x800032e4 (0x849a) x 9 0x8001424d
core   0: 0x800032e6 (0x8a212893) slti    a7, sp, -1886
core   0: 3 0x800032e6 (0x8a212893) x17 0x00000001
core   0: 0x800032ea (0x851eccb7) lui     s9, 0x851ec
core   0: 3 0x800032ea (0x851eccb7) x25 0x851ec000
core   0: 0x800032ee (0x40bc87b3) sub     a5, s9, a1
core   0: 3 0x800032ee (0x40bc87b3) x15 0x851ec001
core   0: 0x800032f2 (0x039f36b3) mulhu   a3, t5, s9
core   0: 3 0x800032f2 (0x039f36b3) x13 0x851ebd33
core   0: 0x800032f6 (0x00008e75) c.and   a2, a3
core   0: 3 0x800032f6 (0x8e75) x12 0x80143000
core   0: 0x800032f8 (0x224e3bb7) lui     s7, 0x224e3
core   0: 3 0x800032f8 (0x224e3bb7) x23 0x224e3000
core   0: 0x800032fc (0x00000001) c.nop
core   0: 3 0x800032fc (0x0001)
core   0: 0x800032fe (0xfdae0513) addi    a0, t3, -38
core   0: 3 0x800032fe (0xfdae0513) x10 0xffffffd9
core   0: 0x80003302 (0x03bda5b3) mulhsu  a1, s11, s11
core   0: 3 0x80003302 (0x03bda5b3) x11 0xc0000000
core   0: 0x80003306 (0x03c82bb3) mulhsu  s7, a6, t3
core   0: 3 0x80003306 (0x03c82bb3) x23 0x00000000
core   0: 0x8000330a (0xe2411e37) lui     t3, 0xe2411
core   0: 3 0x8000330a (0xe2411e37) x28 0xe2411000
core   0: 0x8000330e (0x9345c393) xori    t2, a1, -1740
core   0: 3 0x8000330e (0x9345c393) x 7 0x3ffff934
core   0: 0x80003312 (0x46f47417) auipc   s0, 0x46f47
core   0: 3 0x80003312 (0x46f47417) x 8 0xc6f4a312
core   0: 0x80003316 (0x03eb0cb3) mul     s9, s6, t5
core   0: 3 0x80003316 (0x03eb0cb3) x25 0x00000000
core   0: 0x8000331a (0x000050fd) c.li    ra, -1
core   0: 3 0x8000331a (0x50fd) x 1 0xffffffff
core   0: 0x8000331c (0x01614d33) xor     s10, sp, s6
core   0: 3 0x8000331c (0x01614d33) x26 0x80013ce4
core   0: 0x80003320 (0x00008e21) c.xor   a2, s0
core   0: 3 0x80003320 (0x8e21) x12 0x46e09312
core   0: 0x80003322 (0x00008579) c.srai  a0, 30
core   0: 3 0x80003322 (0x8579) x10 0xffffffff
core   0: 0x80003324 (0x00499b13) slli    s6, s3, 4
core   0: 3 0x80003324 (0x00499b13) x22 0x00000000
core   0: 0x80003328 (0x00008121) c.srli  a0, 8
core   0: 3 0x80003328 (0x8121) x10 0x00ffffff
core   0: 0x8000332a (0x0000997d) c.andi  a0, -1
core   0: 3 0x8000332a (0x997d) x10 0x00ffffff
core   0: 0x8000332c (0x4e6d69b7) lui     s3, 0x4e6d6
core   0: 3 0x8000332c (0x4e6d69b7) x19 0x4e6d6000
core   0: 0x80003330 (0x0287b1b3) mulhu   gp, a5, s0
core   0: 3 0x80003330 (0x0287b1b3) x 3 0x6774fe9b
core   0: 0x80003334 (0x00b21f13) slli    t5, tp, 11
core   0: 3 0x80003334 (0x00b21f13) x30 0x00000800
core   0: 0x80003338 (0x03089fb3) mulh    t6, a7, a6
core   0: 3 0x80003338 (0x03089fb3) x31 0x00000000
core   0: 0x8000333c (0x0000567d) c.li    a2, -1
core   0: 3 0x8000333c (0x567d) x12 0xffffffff
core   0: 0x8000333e (0x4bda0993) addi    s3, s4, 1213
core   0: 3 0x8000333e (0x4bda0993) x19 0x000004bd
core   0: 0x80003342 (0x11d6b893) sltiu   a7, a3, 285
core   0: 3 0x80003342 (0x11d6b893) x17 0x00000000
core   0: 0x80003346 (0x0112a533) slt     a0, t0, a7
core   0: 3 0x80003346 (0x0112a533) x10 0x00000000
core   0: 0x8000334a (0x000083d1) c.srli  a5, 20
core   0: 3 0x8000334a (0x83d1) x15 0x00000851
core   0: 0x8000334c (0x00008e2d) c.xor   a2, a1
core   0: 3 0x8000334c (0x8e2d) x12 0x3fffffff
core   0: 0x8000334e (0x0000478d) c.li    a5, 3
core   0: 3 0x8000334e (0x478d) x15 0x00000003
core   0: 0x80003350 (0x410fd033) sra     zero, t6, a6
core   0: 3 0x80003350 (0x410fd033)
core   0: 0x80003354 (0x16f6ccb7) lui     s9, 0x16f6c
core   0: 3 0x80003354 (0x16f6ccb7) x25 0x16f6c000
core   0: 0x80003358 (0x9be42e93) slti    t4, s0, -1602
core   0: 3 0x80003358 (0x9be42e93) x29 0x00000001
core   0: 0x8000335c (0x99937393) andi    t2, t1, -1639
core   0: 3 0x8000335c (0x99937393) x 7 0x80014009
core   0: 0x80003360 (0x00008a11) c.andi  a2, 4
core   0: 3 0x80003360 (0x8a11) x12 0x00000004
core   0: 0x80003362 (0xe66fec13) ori     s8, t6, -410
core   0: 3 0x80003362 (0xe66fec13) x24 0xfffffe66
core   0: 0x80003366 (0x00008235) c.srli  a2, 13
core   0: 3 0x80003366 (0x8235) x12 0x00000000
core   0: 0x80003368 (0x412e5b33) sra     s6, t3, s2
core   0: 3 0x80003368 (0x412e5b33) x22 0xf1208800
core   0: 0x8000336c (0x007abab3) sltu    s5, s5, t2
core   0: 3 0x8000336c (0x007abab3) x21 0x00000001
core   0: 0x80003370 (0x00000001) c.nop
core   0: 3 0x80003370 (0x0001)
core   0: 0x80003372 (0x40295f33) sra     t5, s2, sp
core   0: 3 0x80003372 (0x40295f33) x30 0x00000000
core   0: 0x80003376 (0x00008c1d) c.sub   s0, a5
core   0: 3 0x80003376 (0x8c1d) x 8 0xc6f4a30f
core   0: 0x80003378 (0x02bcdd33) divu    s10, s9, a1
core   0: 3 0x80003378 (0x02bcdd33) x26 0x00000000
core   0: 0x8000337c (0x011ebfb3) sltu    t6, t4, a7
core   0: 3 0x8000337c (0x011ebfb3) x31 0x00000000
core   0: 0x80003380 (0x007ac5b3) xor     a1, s5, t2
core   0: 3 0x80003380 (0x007ac5b3) x11 0x80014008
core   0: 0x80003384 (0x00008579) c.srai  a0, 30
core   0: 3 0x80003384 (0x8579) x10 0x00000000
core   0: 0x80003386 (0x005993b3) sll     t2, s3, t0
core   0: 3 0x80003386 (0x005993b3) x 7 0x04bd0000
core   0: 0x8000338a (0x9fc64397) auipc   t2, 0x9fc64
core   0: 3 0x8000338a (0x9fc64397) x 7 0x1fc6738a
core   0: 0x8000338e (0x31361317) auipc   t1, 0x31361
core   0: 3 0x8000338e (0x31361317) x 6 0xb136438e
core   0: 0x80003392 (0x074a7613) andi    a2, s4, 116
core   0: 3 0x80003392 (0x074a7613) x12 0x00000000
core   0: 0x80003396 (0x00008f95) c.sub   a5, a3
core   0: 3 0x80003396 (0x8f95) x15 0x7ae142d0
core   0: 0x80003398 (0x00000001) c.nop
core   0: 3 0x80003398 (0x0001)
core   0: 0x8000339a (0x0000597d) c.li    s2, -1
core   0: 3 0x8000339a (0x597d) x18 0xffffffff
core   0: 0x8000339c (0x00000001) c.nop
core   0: 3 0x8000339c (0x0001)
core   0: 0x8000339e (0x0061e433) or      s0, gp, t1
core   0: 3 0x8000339e (0x0061e433) x 8 0xf776ff9f
core   0: 0x800033a2 (0x03eaa6b3) mulhsu  a3, s5, t5
core   0: 3 0x800033a2 (0x03eaa6b3) x13 0x00000000
core   0: 0x800033a6 (0x00001b7d) c.addi  s6, -1
core   0: 3 0x800033a6 (0x1b7d) x22 0xf12087ff
core   0: 0x800033a8 (0x000016fd) c.addi  a3, -1
core   0: 3 0x800033a8 (0x16fd) x13 0xffffffff
core   0: 0x800033aa (0x405b01b3) sub     gp, s6, t0
core   0: 3 0x800033aa (0x405b01b3) x 3 0x8930e92f
core   0: 0x800033ae (0x41a00233) sub     tp, zero, s10
core   0: 3 0x800033ae (0x41a00233) x 4 0x00000000
core   0: 0x800033b2 (0x0000997d) c.andi  a0, -1
core   0: 3 0x800033b2 (0x997d) x10 0x00000000
core   0: 0x800033b4 (0x000089ad) c.andi  a1, 11
core   0: 3 0x800033b4 (0x89ad) x11 0x00000008
core   0: 0x800033b6 (0x000087ca) c.mv    a5, s2
core   0: 3 0x800033b6 (0x87ca) x15 0xffffffff
core   0: 0x800033b8 (0x00008eb9) c.xor   a3, a4
core   0: 3 0x800033b8 (0x8eb9) x13 0x7fff019b
core   0: 0x800033ba (0x00008655) c.srai  a2, 21
core   0: 3 0x800033ba (0x8655) x12 0x00000000
core   0: 0x800033bc (0x0035e533) or      a0, a1, gp
core   0: 3 0x800033bc (0x0035e533) x10 0x8930e92f
core   0: 0x800033c0 (0xf822a093) slti    ra, t0, -126
core   0: 3 0x800033c0 (0xf822a093) x 1 0x00000000
core   0: 0x800033c4 (0x01645293) srli    t0, s0, 22
core   0: 3 0x800033c4 (0x01645293) x 5 0x000003dd
core   0: 0x800033c8 (0x000000c2) c.slli  ra, 16
core   0: 3 0x800033c8 (0x00c2) x 1 0x00000000
core   0: 0x800033ca (0x023fdfb3) divu    t6, t6, gp
core   0: 3 0x800033ca (0x023fdfb3) x31 0x00000000
core   0: 0x800033ce (0x009b02b3) add     t0, s6, s1
core   0: 3 0x800033ce (0x009b02b3) x 5 0x7121ca4c
core   0: 0x800033d2 (0xd3c6cb93) xori    s7, a3, -708
core   0: 3 0x800033d2 (0xd3c6cb93) x23 0x8000fca7
core   0: 0x800033d6 (0x40c5d813) srai    a6, a1, 12
core   0: 3 0x800033d6 (0x40c5d813) x16 0x00000000
core   0: 0x800033da (0xd9023f13) sltiu   t5, tp, -624
core   0: 3 0x800033da (0xd9023f13) x30 0x00000001
core   0: 0x800033de (0x0000956a) c.add   a0, s10
core   0: 3 0x800033de (0x956a) x10 0x8930e92f
core   0: 0x800033e0 (0x4141d5b3) sra     a1, gp, s4
core   0: 3 0x800033e0 (0x4141d5b3) x11 0x8930e92f
core   0: 0x800033e4 (0x612b8393) addi    t2, s7, 1554
core   0: 3 0x800033e4 (0x612b8393) x 7 0x800102b9
core   0: 0x800033e8 (0xa224bf93) sltiu   t6, s1, -1502
core   0: 3 0x800033e8 (0xa224bf93) x31 0x00000001
core   0: 0x800033ec (0x01681a93) slli    s5, a6, 22
core   0: 3 0x800033ec (0x01681a93) x21 0x00000000
core   0: 0x800033f0 (0x025536b3) mulhu   a3, a0, t0
core   0: 3 0x800033f0 (0x025536b3) x13 0x3ca0b2a5
core   0: 0x800033f4 (0x57355cb7) lui     s9, 0x57355
core   0: 3 0x800033f4 (0x57355cb7) x25 0x57355000
core   0: 0x800033f8 (0x00000001) c.nop
core   0: 3 0x800033f8 (0x0001)
core   0: 0x800033fa (0x03f4e2b3) rem     t0, s1, t6
core   0: 3 0x800033fa (0x03f4e2b3) x 5 0x00000000
core   0: 0x800033fe (0x00000001) c.nop
core   0: 3 0x800033fe (0x0001)
core   0: 0x80003400 (0x5747e613) ori     a2, a5, 1396
core   0: 3 0x80003400 (0x5747e613) x12 0xffffffff
core   0: 0x80003404 (0x03fbffb3) remu    t6, s7, t6
core   0: 3 0x80003404 (0x03fbffb3) x31 0x00000000
core   0: 0x80003408 (0x01629d33) sll     s10, t0, s6
core   0: 3 0x80003408 (0x01629d33) x26 0x00000000
core   0: 0x8000340c (0xb9c14a13) xori    s4, sp, -1124
core   0: 3 0x8000340c (0xb9c14a13) x20 0x7ffec778
core   0: 0x80003410 (0x02d51b33) mulh    s6, a0, a3
core   0: 3 0x80003410 (0x02d51b33) x22 0xe3dce250
core   0: 0x80003414 (0x027fb9b3) mulhu   s3, t6, t2
core   0: 3 0x80003414 (0x027fb9b3) x19 0x00000000
core   0: 0x80003418 (0x000082da) c.mv    t0, s6
core   0: 3 0x80003418 (0x82da) x 5 0xe3dce250
core   0: 0x8000341a (0xd09c3813) sltiu   a6, s8, -759
core   0: 3 0x8000341a (0xd09c3813) x16 0x00000000
core   0: 0x8000341e (0x01b72bb3) slt     s7, a4, s11
core   0: 3 0x8000341e (0x01b72bb3) x23 0x00000000
core   0: 0x80003422 (0x01b417b3) sll     a5, s0, s11
core   0: 3 0x80003422 (0x01b417b3) x15 0xf776ff9f
core   0: 0x80003426 (0x407dd7b3) sra     a5, s11, t2
core   0: 3 0x80003426 (0x407dd7b3) x15 0xffffffc0
core   0: 0x8000342a (0x5c94e613) ori     a2, s1, 1481
core   0: 3 0x8000342a (0x5c94e613) x12 0x800147cd
core   0: 0x8000342e (0x92a3c013) xori    zero, t2, -1750
core   0: 3 0x8000342e (0x92a3c013)
core   0: 0x80003432 (0x00006bb9) c.lui   s7, 0xe
core   0: 3 0x80003432 (0x6bb9) x23 0x0000e000
core   0: 0x80003434 (0x00008ee9) c.and   a3, a0
core   0: 3 0x80003434 (0x8ee9) x13 0x0820a025
core   0: 0x80003436 (0x008c9f93) slli    t6, s9, 8
core   0: 3 0x80003436 (0x008c9f93) x31 0x35500000
core   0: 0x8000343a (0x034ead33) mulhsu  s10, t4, s4
core   0: 3 0x8000343a (0x034ead33) x26 0x00000000
core   0: 0x8000343e (0x00000001) c.nop
core   0: 3 0x8000343e (0x0001)
core   0: 0x80003440 (0x00000001) c.nop
core   0: 3 0x80003440 (0x0001)
core   0: 0x80003442 (0x40bb0f33) sub     t5, s6, a1
core   0: 3 0x80003442 (0x40bb0f33) x30 0x5aabf921
core   0: 0x80003446 (0x0000824d) c.srli  a2, 19
core   0: 3 0x80003446 (0x824d) x12 0x00001000
core   0: 0x80003448 (0x417edb13) srai    s6, t4, 23
core   0: 3 0x80003448 (0x417edb13) x22 0x00000000
core   0: 0x8000344c (0x41e98eb3) sub     t4, s3, t5
core   0: 3 0x8000344c (0x41e98eb3) x29 0xa55406df
core   0: 0x80003450 (0x01d78cb3) add     s9, a5, t4
core   0: 3 0x80003450 (0x01d78cb3) x25 0xa554069f
core   0: 0x80003454 (0xadb3f493) andi    s1, t2, -1317
core   0: 3 0x80003454 (0xadb3f493) x 9 0x80010299
core   0: 0x80003458 (0x01f8c8b3) xor     a7, a7, t6
core   0: 3 0x80003458 (0x01f8c8b3) x17 0x35500000
core   0: 0x8000345c (0x033c0b33) mul     s6, s8, s3
core   0: 3 0x8000345c (0x033c0b33) x22 0x00000000
core   0: 0x80003460 (0x00008e9d) c.sub   a3, a5
core   0: 3 0x80003460 (0x8e9d) x13 0x0820a065
core   0: 0x80003462 (0x41b08b33) sub     s6, ra, s11
core   0: 3 0x80003462 (0x41b08b33) x22 0x80000000
core   0: 0x80003466 (0x6e692e93) slti    t4, s2, 1766
core   0: 3 0x80003466 (0x6e692e93) x29 0x00000001
core   0: 0x8000346a (0x48c86797) auipc   a5, 0x48c86
core   0: 3 0x8000346a (0x48c86797) x15 0xc8c8946a
core   0: 0x8000346e (0x033f24b3) mulhsu  s1, t5, s3
core   0: 3 0x8000346e (0x033f24b3) x 9 0x00000000
core   0: 0x80003472 (0x0301c533) div     a0, gp, a6
core   0: 3 0x80003472 (0x0301c533) x10 0xffffffff
core   0: 0x80003476 (0x0289fc33) remu    s8, s3, s0
core   0: 3 0x80003476 (0x0289fc33) x24 0x00000000
core   0: 0x8000347a (0xc7bb6513) ori     a0, s6, -901
core   0: 3 0x8000347a (0xc7bb6513) x10 0xfffffc7b
core   0: 0x8000347e (0x36eba093) slti    ra, s7, 878
core   0: 3 0x8000347e (0x36eba093) x 1 0x00000000
core   0: 0x80003482 (0xee720393) addi    t2, tp, -281
core   0: 3 0x80003482 (0xee720393) x 7 0xfffffee7
core   0: 0x80003486 (0x00008cfd) c.and   s1, a5
core   0: 3 0x80003486 (0x8cfd) x 9 0x00000000
core   0: 0x80003488 (0x00000f65) c.addi  t5, 25
core   0: 3 0x80003488 (0x0f65) x30 0x5aabf93a
core   0: 0x8000348a (0x00000456) c.slli  s0, 21
core   0: 3 0x8000348a (0x0456) x 8 0xf3e00000
core   0: 0x8000348c (0x000096ce) c.add   a3, s3
core   0: 3 0x8000348c (0x96ce) x13 0x0820a065
core   0: 0x8000348e (0x41590f33) sub     t5, s2, s5
core   0: 3 0x8000348e (0x41590f33) x30 0xffffffff
core   0: 0x80003492 (0x03108633) mul     a2, ra, a7
core   0: 3 0x80003492 (0x03108633) x12 0x00000000
core   0: 0x80003496 (0x41460bb3) sub     s7, a2, s4
core   0: 3 0x80003496 (0x41460bb3) x23 0x80013888
core   0: 0x8000349a (0x411a87b3) sub     a5, s5, a7
core   0: 3 0x8000349a (0x411a87b3) x15 0xcab00000
core   0: 0x8000349e (0x0380ef33) rem     t5, ra, s8
core   0: 3 0x8000349e (0x0380ef33) x30 0x00000000
core   0: 0x800034a2 (0x0000929a) c.add   t0, t1
core   0: 3 0x800034a2 (0x929a) x 5 0x951325de
core   0: 0x800034a4 (0x000054fd) c.li    s1, -1
core   0: 3 0x800034a4 (0x54fd) x 9 0xffffffff
core   0: 0x800034a6 (0x00008e99) c.sub   a3, a4
core   0: 3 0x800034a6 (0x8e99) x13 0x881fa201
core   0: 0x800034a8 (0x7e50ef93) ori     t6, ra, 2021
core   0: 3 0x800034a8 (0x7e50ef93) x31 0x000007e5
core   0: 0x800034ac (0xa200fc13) andi    s8, ra, -1504
core   0: 3 0x800034ac (0xa200fc13) x24 0x00000000
core   0: 0x800034b0 (0x00008ced) c.and   s1, a1
core   0: 3 0x800034b0 (0x8ced) x 9 0x8930e92f
core   0: 0x800034b2 (0x0051e533) or      a0, gp, t0
core   0: 3 0x800034b2 (0x0051e533) x10 0x9d33edff
core   0: 0x800034b6 (0x01750fb3) add     t6, a0, s7
core   0: 3 0x800034b6 (0x01750fb3) x31 0x1d352687
core   0: 0x800034ba (0x009da633) slt     a2, s11, s1
core   0: 3 0x800034ba (0x009da633) x12 0x00000001
core   0: 0x800034be (0x00008ff1) c.and   a5, a2
core   0: 3 0x800034be (0x8ff1) x15 0x00000000
core   0: 0x800034c0 (0x40f18833) sub     a6, gp, a5
core   0: 3 0x800034c0 (0x40f18833) x16 0x8930e92f
core   0: 0x800034c4 (0x005db1b3) sltu    gp, s11, t0
core   0: 3 0x800034c4 (0x005db1b3) x 3 0x00000001
core   0: 0x800034c8 (0x00008c5d) c.or    s0, a5
core   0: 3 0x800034c8 (0x8c5d) x 8 0xf3e00000
core   0: 0x800034ca (0x000098fd) c.andi  s1, -1
core   0: 3 0x800034ca (0x98fd) x 9 0x8930e92f
core   0: 0x800034cc (0x40ca5213) srai    tp, s4, 12
core   0: 3 0x800034cc (0x40ca5213) x 4 0x0007ffec
core   0: 0x800034d0 (0x000080f5) c.srli  s1, 29
core   0: 3 0x800034d0 (0x80f5) x 9 0x00000004
core   0: 0x800034d2 (0x03c10c33) mul     s8, sp, t3
core   0: 3 0x800034d2 (0x03c10c33) x24 0xd1b24000
core   0: 0x800034d6 (0xf453d517) auipc   a0, 0xf453d
core   0: 3 0x800034d6 (0xf453d517) x10 0x745404d6
core   0: 0x800034da (0x03440cb3) mul     s9, s0, s4
core   0: 3 0x800034da (0x03440cb3) x25 0x71000000
core   0: 0x800034de (0xffc2b093) sltiu   ra, t0, -4
core   0: 3 0x800034de (0xffc2b093) x 1 0x00000001
core   0: 0x800034e2 (0x0000864d) c.srai  a2, 19
core   0: 3 0x800034e2 (0x864d) x12 0x00000000
core   0: 0x800034e4 (0x019f71b3) and     gp, t5, s9
core   0: 3 0x800034e4 (0x019f71b3) x 3 0x00000000
core   0: 0x800034e8 (0x0386aa33) mulhsu  s4, a3, s8
core   0: 3 0x800034e8 (0x0386aa33) x20 0x9dce5b49
core   0: 0x800034ec (0x035542b3) div     t0, a0, s5
core   0: 3 0x800034ec (0x035542b3) x 5 0xffffffff
core   0: 0x800034f0 (0x00006cad) c.lui   s9, 0xb
core   0: 3 0x800034f0 (0x6cad) x25 0x0000b000
core   0: 0x800034f2 (0x13bf1317) auipc   t1, 0x13bf1
core   0: 3 0x800034f2 (0x13bf1317) x 6 0x93bf44f2
core   0: 0x800034f6 (0x0000878d) c.srai  a5, 3
core   0: 3 0x800034f6 (0x878d) x15 0x00000000
core   0: 0x800034f8 (0x000081f2) c.mv    gp, t3
core   0: 3 0x800034f8 (0x81f2) x 3 0xe2411000
core   0: 0x800034fa (0x21573893) sltiu   a7, a4, 533
core   0: 3 0x800034fa (0x21573893) x17 0x00000000
core   0: 0x800034fe (0x000098fd) c.andi  s1, -1
core   0: 3 0x800034fe (0x98fd) x 9 0x00000004
core   0: 0x80003500 (0x00001f7d) c.addi  t5, -1
core   0: 3 0x80003500 (0x1f7d) x30 0xffffffff
core   0: 0x80003502 (0x6091f393) andi    t2, gp, 1545
core   0: 3 0x80003502 (0x6091f393) x 7 0x00000000
core   0: 0x80003506 (0x41bc5bb3) sra     s7, s8, s11
core   0: 3 0x80003506 (0x41bc5bb3) x23 0xd1b24000
core   0: 0x8000350a (0x00008911) c.andi  a0, 4
core   0: 3 0x8000350a (0x8911) x10 0x00000004
core   0: 0x8000350c (0x0160b9b3) sltu    s3, ra, s6
core   0: 3 0x8000350c (0x0160b9b3) x19 0x00000001
core   0: 0x80003510 (0x00000d22) c.slli  s10, 8
core   0: 3 0x80003510 (0x0d22) x26 0x00000000
core   0: 0x80003512 (0x5378c693) xori    a3, a7, 1335
core   0: 3 0x80003512 (0x5378c693) x13 0x00000537
core   0: 0x80003516 (0x000084ea) c.mv    s1, s10
core   0: 3 0x80003516 (0x84ea) x 9 0x00000000
core   0: 0x80003518 (0x002b2cb3) slt     s9, s6, sp
core   0: 3 0x80003518 (0x002b2cb3) x25 0x00000001
core   0: 0x8000351c (0x00009816) c.add   a6, t0
core   0: 3 0x8000351c (0x9816) x16 0x8930e92e
core   0: 0x8000351e (0x00008e65) c.and   a2, s1
core   0: 3 0x8000351e (0x8e65) x12 0x00000000
core   0: 0x80003520 (0x033915b3) mulh    a1, s2, s3
core   0: 3 0x80003520 (0x033915b3) x11 0xffffffff
core   0: 0x80003524 (0x020284b3) mul     s1, t0, zero
core   0: 3 0x80003524 (0x020284b3) x 9 0x00000000
core   0: 0x80003528 (0x50fe9897) auipc   a7, 0x50fe9
core   0: 3 0x80003528 (0x50fe9897) x17 0xd0fec528
core   0: 0x8000352c (0x003433b3) sltu    t2, s0, gp
core   0: 3 0x8000352c (0x003433b3) x 7 0x00000000
core   0: 0x80003530 (0x6a330f13) addi    t5, t1, 1699
core   0: 3 0x80003530 (0x6a330f13) x30 0x93bf4b95
core   0: 0x80003534 (0x0295e533) rem     a0, a1, s1
core   0: 3 0x80003534 (0x0295e533) x10 0xffffffff
core   0: 0x80003538 (0x401f0f13) addi    t5, t5, 1025
core   0: 3 0x80003538 (0x401f0f13) x30 0x93bf4f96
core   0: 0x8000353c (0x000089b1) c.andi  a1, 12
core   0: 3 0x8000353c (0x89b1) x11 0x0000000c
core   0: 0x8000353e (0x00009af6) c.add   s5, t4
core   0: 3 0x8000353e (0x9af6) x21 0x00000001
core   0: 0x80003540 (0x00008346) c.mv    t1, a7
core   0: 3 0x80003540 (0x8346) x 6 0xd0fec528
core   0: 0x80003542 (0x0243f8b3) remu    a7, t2, tp
core   0: 3 0x80003542 (0x0243f8b3) x17 0x00000000
core   0: 0x80003546 (0x00008245) c.srli  a2, 17
core   0: 3 0x80003546 (0x8245) x12 0x00000000
core   0: 0x80003548 (0x7b16bb93) sltiu   s7, a3, 1969
core   0: 3 0x80003548 (0x7b16bb93) x23 0x00000001
core   0: 0x8000354c (0x0113c533) xor     a0, t2, a7
core   0: 3 0x8000354c (0x0113c533) x10 0x00000000
core   0: 0x80003550 (0x004ad413) srli    s0, s5, 4
core   0: 3 0x80003550 (0x004ad413) x 8 0x00000000
core   0: 0x80003554 (0x004e02b3) add     t0, t3, tp
core   0: 3 0x80003554 (0x004e02b3) x 5 0xe2490fec
core   0: 0x80003558 (0x00543333) sltu    t1, s0, t0
core   0: 3 0x80003558 (0x00543333) x 6 0x00000001
core   0: 0x8000355c (0x00008231) c.srli  a2, 12
core   0: 3 0x8000355c (0x8231) x12 0x00000000
core   0: 0x8000355e (0x03c72833) mulhsu  a6, a4, t3
core   0: 3 0x8000355e (0x03c72833) x16 0x8ee058d4
core   0: 0x80003562 (0x03203333) mulhu   t1, zero, s2
core   0: 3 0x80003562 (0x03203333) x 6 0x00000000
core   0: 0x80003566 (0x008ce6b3) or      a3, s9, s0
core   0: 3 0x80003566 (0x008ce6b3) x13 0x00000001
core   0: 0x8000356a (0x01945193) srli    gp, s0, 25
core   0: 3 0x8000356a (0x01945193) x 3 0x00000000
core   0: 0x8000356e (0x033265b3) rem     a1, tp, s3
core   0: 3 0x8000356e (0x033265b3) x11 0x00000000
core   0: 0x80003572 (0xbd94e313) ori     t1, s1, -1063
core   0: 3 0x80003572 (0xbd94e313) x 6 0xfffffbd9
core   0: 0x80003576 (0x013f2033) slt     zero, t5, s3
core   0: 3 0x80003576 (0x013f2033)
core   0: 0x8000357a (0x0121acb3) slt     s9, gp, s2
core   0: 3 0x8000357a (0x0121acb3) x25 0x00000000
core   0: 0x8000357e (0x00f184b3) add     s1, gp, a5
core   0: 3 0x8000357e (0x00f184b3) x 9 0x00000000
core   0: 0x80003582 (0x019a2fb3) slt     t6, s4, s9
core   0: 3 0x80003582 (0x019a2fb3) x31 0x00000001
core   0: 0x80003586 (0x00009f4a) c.add   t5, s2
core   0: 3 0x80003586 (0x9f4a) x30 0x93bf4f95
core   0: 0x80003588 (0x4089d433) sra     s0, s3, s0
core   0: 3 0x80003588 (0x4089d433) x 8 0x00000001
core   0: 0x8000358c (0x02b4cd33) div     s10, s1, a1
core   0: 3 0x8000358c (0x02b4cd33) x26 0xffffffff
core   0: 0x80003590 (0x41000833) sub     a6, zero, a6
core   0: 3 0x80003590 (0x41000833) x16 0x711fa72c
core   0: 0x80003594 (0x01b797b3) sll     a5, a5, s11
core   0: 3 0x80003594 (0x01b797b3) x15 0x00000000
core   0: 0x80003598 (0x0011f533) and     a0, gp, ra
core   0: 3 0x80003598 (0x0011f533) x10 0x00000000
core   0: 0x8000359c (0x0160d4b3) srl     s1, ra, s6
core   0: 3 0x8000359c (0x0160d4b3) x 9 0x00000001
core   0: 0x800035a0 (0x03e5f1b3) remu    gp, a1, t5
core   0: 3 0x800035a0 (0x03e5f1b3) x 3 0x00000000
core   0: 0x800035a4 (0x01dd25b3) slt     a1, s10, t4
core   0: 3 0x800035a4 (0x01dd25b3) x11 0x00000001
core   0: 0x800035a8 (0x026b4eb3) div     t4, s6, t1
core   0: 3 0x800035a8 (0x026b4eb3) x29 0x001ed372
core   0: 0x800035ac (0x00db5333) srl     t1, s6, a3
core   0: 3 0x800035ac (0x00db5333) x 6 0x40000000
core   0: 0x800035b0 (0x00004d05) c.li    s10, 1
core   0: 3 0x800035b0 (0x4d05) x26 0x00000001
core   0: 0x800035b2 (0x010a5c93) srli    s9, s4, 16
core   0: 3 0x800035b2 (0x010a5c93) x25 0x00009dce
core   0: 0x800035b6 (0x00006865) c.lui   a6, 0x19
core   0: 3 0x800035b6 (0x6865) x16 0x00019000
core   0: 0x800035b8 (0x00239433) sll     s0, t2, sp
core   0: 3 0x800035b8 (0x00239433) x 8 0x00000000
core   0: 0x800035bc (0x03a68eb3) mul     t4, a3, s10
core   0: 3 0x800035bc (0x03a68eb3) x29 0x00000001
core   0: 0x800035c0 (0x00004d09) c.li    s10, 2
core   0: 3 0x800035c0 (0x4d09) x26 0x00000002
core   0: 0x800035c2 (0x00008245) c.srli  a2, 17
core   0: 3 0x800035c2 (0x8245) x12 0x00000000
core   0: 0x800035c4 (0x00008cfd) c.and   s1, a5
core   0: 3 0x800035c4 (0x8cfd) x 9 0x00000000
core   0: 0x800035c6 (0x013c14b3) sll     s1, s8, s3
core   0: 3 0x800035c6 (0x013c14b3) x 9 0xa3648000
core   0: 0x800035ca (0x00f4f333) and     t1, s1, a5
core   0: 3 0x800035ca (0x00f4f333) x 6 0x00000000
core   0: 0x800035ce (0x019d41b3) xor     gp, s10, s9
core   0: 3 0x800035ce (0x019d41b3) x 3 0x00009dcc
core   0: 0x800035d2 (0x03adff33) remu    t5, s11, s10
core   0: 3 0x800035d2 (0x03adff33) x30 0x00000000
core   0: 0x800035d6 (0x00008c65) c.and   s0, s1
core   0: 3 0x800035d6 (0x8c65) x 8 0x00000000
core   0: 0x800035d8 (0xf0370b93) addi    s7, a4, -253
core   0: 3 0x800035d8 (0xf0370b93) x23 0x8000fd67
core   0: 0x800035dc (0x000083fa) c.mv    t2, t5
core   0: 3 0x800035dc (0x83fa) x 7 0x00000000
core   0: 0x800035de (0x01791eb3) sll     t4, s2, s7
core   0: 3 0x800035de (0x01791eb3) x29 0xffffff80
core   0: 0x800035e2 (0xc438ae13) slti    t3, a7, -957
core   0: 3 0x800035e2 (0xc438ae13) x28 0x00000000
core   0: 0x800035e6 (0x00000d51) c.addi  s10, 20
core   0: 3 0x800035e6 (0x0d51) x26 0x00000016
core   0: 0x800035e8 (0x00008d19) c.sub   a0, a4
core   0: 3 0x800035e8 (0x8d19) x10 0x7fff019c
core   0: 0x800035ea (0x03db9fb3) mulh    t6, s7, t4
core   0: 3 0x800035ea (0x03db9fb3) x31 0x0000003f
core   0: 0x800035ee (0x000087a1) c.srai  a5, 8
core   0: 3 0x800035ee (0x87a1) x15 0x00000000
core   0: 0x800035f0 (0x41835933) sra     s2, t1, s8
core   0: 3 0x800035f0 (0x41835933) x18 0x00000000
core   0: 0x800035f4 (0x003f1433) sll     s0, t5, gp
core   0: 3 0x800035f4 (0x003f1433) x 8 0x00000000
core   0: 0x800035f8 (0x00009d52) c.add   s10, s4
core   0: 3 0x800035f8 (0x9d52) x26 0x9dce5b5f
core   0: 0x800035fa (0x00aec233) xor     tp, t4, a0
core   0: 3 0x800035fa (0x00aec233) x 4 0x8000fe1c
core   0: 0x800035fe (0x00000a9a) c.slli  s5, 6
core   0: 3 0x800035fe (0x0a9a) x21 0x00000040
core   0: 0x80003600 (0x02019f33) mulh    t5, gp, zero
core   0: 3 0x80003600 (0x02019f33) x30 0x00000000
core   0: 0x80003604 (0x028c48b3) div     a7, s8, s0
core   0: 3 0x80003604 (0x028c48b3) x17 0xffffffff
core   0: 0x80003608 (0x00775f93) srli    t6, a4, 7
core   0: 3 0x80003608 (0x00775f93) x31 0x010001fc
core   0: 0x8000360c (0x032330b3) mulhu   ra, t1, s2
core   0: 3 0x8000360c (0x032330b3) x 1 0x00000000
core   0: 0x80003610 (0x00008d09) c.sub   a0, a0
core   0: 3 0x80003610 (0x8d09) x10 0x00000000
core   0: 0x80003612 (0x414c0ab3) sub     s5, s8, s4
core   0: 3 0x80003612 (0x414c0ab3) x21 0x33e3e4b7
core   0: 0x80003616 (0x0000c533) xor     a0, ra, zero
core   0: 3 0x80003616 (0x0000c533) x10 0x00000000
core   0: 0x8000361a (0x00008c35) c.xor   s0, a3
core   0: 3 0x8000361a (0x8c35) x 8 0x00000001
core   0: 0x8000361c (0x03773d33) mulhu   s10, a4, s7
core   0: 3 0x8000361c (0x03773d33) x26 0x4000fde6
core   0: 0x80003620 (0x13080393) addi    t2, a6, 304
core   0: 3 0x80003620 (0x13080393) x 7 0x00019130
core   0: 0x80003624 (0x01e42e97) auipc   t4, 0x1e42
core   0: 3 0x80003624 (0x01e42e97) x29 0x81e45624
core   0: 0x80003628 (0x00008d49) c.or    a0, a0
core   0: 3 0x80003628 (0x8d49) x10 0x00000000
core   0: 0x8000362a (0x00008405) c.srai  s0, 1
core   0: 3 0x8000362a (0x8405) x 8 0x00000000
core   0: 0x8000362c (0x017ae9b3) or      s3, s5, s7
core   0: 3 0x8000362c (0x017ae9b3) x19 0xb3e3fdf7
core   0: 0x80003630 (0x000085bd) c.srai  a1, 15
core   0: 3 0x80003630 (0x85bd) x11 0x00000000
core   0: 0x80003632 (0x007911b3) sll     gp, s2, t2
core   0: 3 0x80003632 (0x007911b3) x 3 0x00000000
core   0: 0x80003636 (0x0132b1b3) sltu    gp, t0, s3
core   0: 3 0x80003636 (0x0132b1b3) x 3 0x00000000
core   0: 0x8000363a (0x00000001) c.nop
core   0: 3 0x8000363a (0x0001)
core   0: 0x8000363c (0x00008fed) c.and   a5, a1
core   0: 3 0x8000363c (0x8fed) x15 0x00000000
core   0: 0x8000363e (0x02749833) mulh    a6, s1, t2
core   0: 3 0x8000363e (0x02749833) x16 0xffff6edf
core   0: 0x80003642 (0x00008139) c.srli  a0, 14
core   0: 3 0x80003642 (0x8139) x10 0x00000000
core   0: 0x80003644 (0x40a759b3) sra     s3, a4, a0
core   0: 3 0x80003644 (0x40a759b3) x19 0x8000fe64
core   0: 0x80003648 (0x9e540393) addi    t2, s0, -1563
core   0: 3 0x80003648 (0x9e540393) x 7 0xfffff9e5
core   0: 0x8000364c (0x03764b33) div     s6, a2, s7
core   0: 3 0x8000364c (0x03764b33) x22 0x00000000
core   0: 0x80003650 (0x0006ffb3) and     t6, a3, zero
core   0: 3 0x80003650 (0x0006ffb3) x31 0x00000000
core   0: 0x80003654 (0xd57e6197) auipc   gp, 0xd57e6
core   0: 3 0x80003654 (0xd57e6197) x 3 0x557e9654
core   0: 0x80003658 (0x8142cb13) xori    s6, t0, -2028
core   0: 3 0x80003658 (0x8142cb13) x22 0x1db6f7f8
core   0: 0x8000365c (0x01b20333) add     t1, tp, s11
core   0: 3 0x8000365c (0x01b20333) x 6 0x0000fe1c
core   0: 0x80003660 (0x000083b9) c.srli  a5, 14
core   0: 3 0x80003660 (0x83b9) x15 0x00000000
core   0: 0x80003662 (0x02f05833) divu    a6, zero, a5
core   0: 3 0x80003662 (0x02f05833) x16 0xffffffff
core   0: 0x80003666 (0x01e16533) or      a0, sp, t5
core   0: 3 0x80003666 (0x01e16533) x10 0x80013ce4
core   0: 0x8000366a (0xe4b77613) andi    a2, a4, -437
core   0: 3 0x8000366a (0xe4b77613) x12 0x8000fe40
core   0: 0x8000366e (0xca206013) ori     zero, zero, -862
core   0: 3 0x8000366e (0xca206013)
core   0: 0x80003672 (0xf17d3413) sltiu   s0, s10, -233
core   0: 3 0x80003672 (0xf17d3413) x 8 0x00000001
core   0: 0x80003676 (0x020fdab3) divu    s5, t6, zero
core   0: 3 0x80003676 (0x020fdab3) x21 0xffffffff
core   0: 0x8000367a (0x00a9c3b3) xor     t2, s3, a0
core   0: 3 0x8000367a (0x00a9c3b3) x 7 0x0001c280
core   0: 0x8000367e (0x00000001) c.nop
core   0: 3 0x8000367e (0x0001)
core   0: 0x80003680 (0x019d9c93) slli    s9, s11, 25
core   0: 3 0x80003680 (0x019d9c93) x25 0x00000000
core   0: 0x80003684 (0x00006669) c.lui   a2, 0x1a
core   0: 3 0x80003684 (0x6669) x12 0x0001a000
core   0: 0x80003686 (0x00008692) c.mv    a3, tp
core   0: 3 0x80003686 (0x8692) x13 0x8000fe1c
core   0: 0x80003688 (0x00672033) slt     zero, a4, t1
core   0: 3 0x80003688 (0x00672033)
core   0: 0x8000368c (0x41e7d093) srai    ra, a5, 30
core   0: 3 0x8000368c (0x41e7d093) x 1 0x00000000
core   0: 0x80003690 (0x00008a7d) c.andi  a2, 31
core   0: 3 0x80003690 (0x8a7d) x12 0x00000000
core   0: 0x80003692 (0x00b19b33) sll     s6, gp, a1
core   0: 3 0x80003692 (0x00b19b33) x22 0x557e9654
core   0: 0x80003696 (0xed676013) ori     zero, a4, -298
core   0: 3 0x80003696 (0xed676013)
core   0: 0x8000369a (0xa0690a13) addi    s4, s2, -1530
core   0: 3 0x8000369a (0xa0690a13) x20 0xfffffa06
core   0: 0x8000369e (0x86ca4193) xori    gp, s4, -1940
core   0: 3 0x8000369e (0x86ca4193) x 3 0x0000026a
core   0: 0x800036a2 (0x01415bb3) srl     s7, sp, s4
core   0: 3 0x800036a2 (0x01415bb3) x23 0x020004f3
core   0: 0x800036a6 (0x02c95333) divu    t1, s2, a2
core   0: 3 0x800036a6 (0x02c95333) x 6 0xffffffff
core   0: 0x800036aa (0x00501a33) sll     s4, zero, t0
core   0: 3 0x800036aa (0x00501a33) x20 0x00000000
core   0: 0x800036ae (0x000004cd) c.addi  s1, 19
core   0: 3 0x800036ae (0x04cd) x 9 0xa3648013
core   0: 0x800036b0 (0x02823eb3) mulhu   t4, tp, s0
core   0: 3 0x800036b0 (0x02823eb3) x29 0x00000000
core   0: 0x800036b4 (0x00008c9d) c.sub   s1, a5
core   0: 3 0x800036b4 (0x8c9d) x 9 0xa3648013
core   0: 0x800036b6 (0x021745b3) div     a1, a4, ra
core   0: 3 0x800036b6 (0x021745b3) x11 0xffffffff
core   0: 0x800036ba (0x00008342) c.mv    t1, a6
core   0: 3 0x800036ba (0x8342) x 6 0xffffffff
core   0: 0x800036bc (0x00008b36) c.mv    s6, a3
core   0: 3 0x800036bc (0x8b36) x22 0x8000fe1c
core   0: 0x800036be (0x022e8933) mul     s2, t4, sp
core   0: 3 0x800036be (0x022e8933) x18 0x00000000
core   0: 0x800036c2 (0x0086d233) srl     tp, a3, s0
core   0: 3 0x800036c2 (0x0086d233) x 4 0x40007f0e
core   0: 0x800036c6 (0x00008eb9) c.xor   a3, a4
core   0: 3 0x800036c6 (0x8eb9) x13 0x00000078
core   0: 0x800036c8 (0x00c67d33) and     s10, a2, a2
core   0: 3 0x800036c8 (0x00c67d33) x26 0x00000000
core   0: 0x800036cc (0x00255333) srl     t1, a0, sp
core   0: 3 0x800036cc (0x00255333) x 6 0x080013ce
core   0: 0x800036d0 (0x00d960b3) or      ra, s2, a3
core   0: 3 0x800036d0 (0x00d960b3) x 1 0x00000078
core   0: 0x800036d4 (0x01446633) or      a2, s0, s4
core   0: 3 0x800036d4 (0x01446633) x12 0x00000001
core   0: 0x800036d8 (0x000085ae) c.mv    a1, a1
core   0: 3 0x800036d8 (0x85ae) x11 0xffffffff
core   0: 0x800036da (0x00dc4c33) xor     s8, s8, a3
core   0: 3 0x800036da (0x00dc4c33) x24 0xd1b24078
core   0: 0x800036de (0x01d51293) slli    t0, a0, 29
core   0: 3 0x800036de (0x01d51293) x 5 0x80000000
core   0: 0x800036e2 (0x0170d233) srl     tp, ra, s7
core   0: 3 0x800036e2 (0x0170d233) x 4 0x00000000
core   0: 0x800036e6 (0x0177fcb3) and     s9, a5, s7
core   0: 3 0x800036e6 (0x0177fcb3) x25 0x00000000
core   0: 0x800036ea (0x406688b3) sub     a7, a3, t1
core   0: 3 0x800036ea (0x406688b3) x17 0xf7ffecaa
core   0: 0x800036ee (0x039b4933) div     s2, s6, s9
core   0: 3 0x800036ee (0x039b4933) x18 0xffffffff
core   0: 0x800036f2 (0xd1942d13) slti    s10, s0, -743
core   0: 3 0x800036f2 (0xd1942d13) x26 0x00000000
core   0: 0x800036f6 (0x01b65b93) srli    s7, a2, 27
core   0: 3 0x800036f6 (0x01b65b93) x23 0x00000000
core   0: 0x800036fa (0x394eec13) ori     s8, t4, 916
core   0: 3 0x800036fa (0x394eec13) x24 0x00000394
core   0: 0x800036fe (0x03e10fb3) mul     t6, sp, t5
core   0: 3 0x800036fe (0x03e10fb3) x31 0x00000000
core   0: 0x80003702 (0xf248ffb7) lui     t6, 0xf248f
core   0: 3 0x80003702 (0xf248ffb7) x31 0xf248f000
core   0: 0x80003706 (0x00000361) c.addi  t1, 24
core   0: 3 0x80003706 (0x0361) x 6 0x080013e6
core   0: 0x80003708 (0x00eb1013) slli    zero, s6, 14
core   0: 3 0x80003708 (0x00eb1013)
core   0: 0x8000370c (0x000087c1) c.srai  a5, 16
core   0: 3 0x8000370c (0x87c1) x15 0x00000000
core   0: 0x8000370e (0x64980e13) addi    t3, a6, 1609
core   0: 3 0x8000370e (0x64980e13) x28 0x00000648
core   0: 0x80003712 (0x006a9e93) slli    t4, s5, 6
core   0: 3 0x80003712 (0x006a9e93) x29 0xffffffc0
core   0: 0x80003716 (0x00591ab3) sll     s5, s2, t0
core   0: 3 0x80003716 (0x00591ab3) x21 0xffffffff
core   0: 0x8000371a (0x02aa4c33) div     s8, s4, a0
core   0: 3 0x8000371a (0x02aa4c33) x24 0x00000000
core   0: 0x8000371e (0x00008255) c.srli  a2, 21
core   0: 3 0x8000371e (0x8255) x12 0x00000000
core   0: 0x80003720 (0x000080d1) c.srli  s1, 20
core   0: 3 0x80003720 (0x80d1) x 9 0x00000a36
core   0: 0x80003722 (0x015d1893) slli    a7, s10, 21
core   0: 3 0x80003722 (0x015d1893) x17 0x00000000
core   0: 0x80003726 (0x00000001) c.nop
core   0: 3 0x80003726 (0x0001)
core   0: 0x80003728 (0x015636b3) sltu    a3, a2, s5
core   0: 3 0x80003728 (0x015636b3) x13 0x00000001
core   0: 0x8000372c (0x01bdecb3) or      s9, s11, s11
core   0: 3 0x8000372c (0x01bdecb3) x25 0x80000000
core   0: 0x80003730 (0x0354dbb3) divu    s7, s1, s5
core   0: 3 0x80003730 (0x0354dbb3) x23 0x00000000
core   0: 0x80003734 (0x024d4033) div     zero, s10, tp
core   0: 3 0x80003734 (0x024d4033)
core   0: 0x80003738 (0x1df7c217) auipc   tp, 0x1df7c
core   0: 3 0x80003738 (0x1df7c217) x 4 0x9df7f738
core   0: 0x8000373c (0x00000001) c.nop
core   0: 3 0x8000373c (0x0001)
core   0: 0x8000373e (0x41cad393) srai    t2, s5, 28
core   0: 3 0x8000373e (0x41cad393) x 7 0xffffffff
core   0: 0x80003742 (0x00008215) c.srli  a2, 5
core   0: 3 0x80003742 (0x8215) x12 0x00000000
core   0: 0x80003744 (0x000091c6) c.add   gp, a7
core   0: 3 0x80003744 (0x91c6) x 3 0x0000026a
core   0: 0x80003746 (0x40c35533) sra     a0, t1, a2
core   0: 3 0x80003746 (0x40c35533) x10 0x080013e6
core   0: 0x8000374a (0x033f1433) mulh    s0, t5, s3
core   0: 3 0x8000374a (0x033f1433) x 8 0x00000000
core   0: 0x8000374e (0x7b04d597) auipc   a1, 0x7b04d
core   0: 3 0x8000374e (0x7b04d597) x11 0xfb05074e
core   0: 0x80003752 (0x00008e01) c.sub   a2, s0
core   0: 3 0x80003752 (0x8e01) x12 0x00000000
core   0: 0x80003754 (0x01290833) add     a6, s2, s2
core   0: 3 0x80003754 (0x01290833) x16 0xfffffffe
core   0: 0x80003758 (0x029c0333) mul     t1, s8, s1
core   0: 3 0x80003758 (0x029c0333) x 6 0x00000000
core   0: 0x8000375c (0x0190f9b3) and     s3, ra, s9
core   0: 3 0x8000375c (0x0190f9b3) x19 0x00000000
core   0: 0x80003760 (0x011c2333) slt     t1, s8, a7
core   0: 3 0x80003760 (0x011c2333) x 6 0x00000000
core   0: 0x80003764 (0x01e5ab33) slt     s6, a1, t5
core   0: 3 0x80003764 (0x01e5ab33) x22 0x00000001
core   0: 0x80003768 (0x000082de) c.mv    t0, s7
core   0: 3 0x80003768 (0x82de) x 5 0x00000000
core   0: 0x8000376a (0x00008c99) c.sub   s1, a4
core   0: 3 0x8000376a (0x8c99) x 9 0x7fff0bd2
core   0: 0x8000376c (0x00008d7d) c.and   a0, a5
core   0: 3 0x8000376c (0x8d7d) x10 0x00000000
core   0: 0x8000376e (0x00eecf33) xor     t5, t4, a4
core   0: 3 0x8000376e (0x00eecf33) x30 0x7fff01a4
core   0: 0x80003772 (0xca818a93) addi    s5, gp, -856
core   0: 3 0x80003772 (0xca818a93) x21 0xffffff12
core   0: 0x80003776 (0x0712f993) andi    s3, t0, 113
core   0: 3 0x80003776 (0x0712f993) x19 0x00000000
core   0: 0x8000377a (0x013fd793) srli    a5, t6, 19
core   0: 3 0x8000377a (0x013fd793) x15 0x00001e49
core   0: 0x8000377e (0x00008652) c.mv    a2, s4
core   0: 3 0x8000377e (0x8652) x12 0x00000000
core   0: 0x80003780 (0xc5927a13) andi    s4, tp, -935
core   0: 3 0x80003780 (0xc5927a13) x20 0x9df7f418
core   0: 0x80003784 (0x021c2d33) mulhsu  s10, s8, ra
core   0: 3 0x80003784 (0x021c2d33) x26 0x00000000
core   0: 0x80003788 (0x00000001) c.nop
core   0: 3 0x80003788 (0x0001)
core   0: 0x8000378a (0x02ca0e33) mul     t3, s4, a2
core   0: 3 0x8000378a (0x02ca0e33) x28 0x00000000
core   0: 0x8000378e (0x000088a6) c.mv    a7, s1
core   0: 3 0x8000378e (0x88a6) x17 0x7fff0bd2
core   0: 0x80003790 (0x00000001) c.nop
core   0: 3 0x80003790 (0x0001)
core   0: 0x80003792 (0x00e9cd33) xor     s10, s3, a4
core   0: 3 0x80003792 (0x00e9cd33) x26 0x8000fe64
core   0: 0x80003796 (0x03626333) rem     t1, tp, s6
core   0: 3 0x80003796 (0x03626333) x 6 0x00000000
core   0: 0x8000379a (0x031f9633) mulh    a2, t6, a7
core   0: 3 0x8000379a (0x031f9633) x12 0xf9248514
core   0: 0x8000379e (0x00008e15) c.sub   a2, a3
core   0: 3 0x8000379e (0x8e15) x12 0xf9248513
core   0: 0x800037a0 (0x00004095) c.li    ra, 5
core   0: 3 0x800037a0 (0x4095) x 1 0x00000005
core   0: 0x800037a2 (0x00006b11) c.lui   s6, 0x4
core   0: 3 0x800037a2 (0x6b11) x22 0x00004000
core   0: 0x800037a4 (0x02c11eb3) mulh    t4, sp, a2
core   0: 3 0x800037a4 (0x02c11eb3) x29 0x036db4f9
core   0: 0x800037a8 (0x00000966) c.slli  s2, 25
core   0: 3 0x800037a8 (0x0966) x18 0xfe000000
core   0: 0x800037aa (0x00004e29) c.li    t3, 10
core   0: 3 0x800037aa (0x4e29) x28 0x0000000a
core   0: 0x800037ac (0x02e117b3) mulh    a5, sp, a4
core   0: 3 0x800037ac (0x02e117b3) x15 0x3ffee25d
core   0: 0x800037b0 (0x0335c033) div     zero, a1, s3
core   0: 3 0x800037b0 (0x0335c033)
core   0: 0x800037b4 (0x00009c86) c.add   s9, ra
core   0: 3 0x800037b4 (0x9c86) x25 0x80000005
core   0: 0x800037b6 (0x00008e09) c.sub   a2, a0
core   0: 3 0x800037b6 (0x8e09) x12 0xf9248513
core   0: 0x800037b8 (0x00507cb3) and     s9, zero, t0
core   0: 3 0x800037b8 (0x00507cb3) x25 0x00000000
core   0: 0x800037bc (0x4471c993) xori    s3, gp, 1095
core   0: 3 0x800037bc (0x4471c993) x19 0x0000062d
core   0: 0x800037c0 (0x41a85033) sra     zero, a6, s10
core   0: 3 0x800037c0 (0x41a85033)
core   0: 0x800037c4 (0xfa31d9b7) lui     s3, 0xfa31d
core   0: 3 0x800037c4 (0xfa31d9b7) x19 0xfa31d000
core   0: 0x800037c8 (0x00005a7d) c.li    s4, -1
core   0: 3 0x800037c8 (0x5a7d) x20 0xffffffff
core   0: 0x800037ca (0xf3a10793) addi    a5, sp, -198
core   0: 3 0x800037ca (0xf3a10793) x15 0x80013c1e
core   0: 0x800037ce (0x011db4b3) sltu    s1, s11, a7
core   0: 3 0x800037ce (0x011db4b3) x 9 0x00000000
core   0: 0x800037d2 (0x02307533) remu    a0, zero, gp
core   0: 3 0x800037d2 (0x02307533) x10 0x00000000
core   0: 0x800037d6 (0x00008915) c.andi  a0, 5
core   0: 3 0x800037d6 (0x8915) x10 0x00000000
core   0: 0x800037d8 (0x7e0b8e93) addi    t4, s7, 2016
core   0: 3 0x800037d8 (0x7e0b8e93) x29 0x000007e0
core   0: 0x800037dc (0x02e21a33) mulh    s4, tp, a4
core   0: 3 0x800037dc (0x02e21a33) x20 0x3103a2f9
core   0: 0x800037e0 (0x0137a1b3) slt     gp, a5, s3
core   0: 3 0x800037e0 (0x0137a1b3) x 3 0x00000001
core   0: 0x800037e4 (0x03777933) remu    s2, a4, s7
core   0: 3 0x800037e4 (0x03777933) x18 0x8000fe64
core   0: 0x800037e8 (0x00152833) slt     a6, a0, ra
core   0: 3 0x800037e8 (0x00152833) x16 0x00000001
core   0: 0x800037ec (0x00006edd) c.lui   t4, 0x17
core   0: 3 0x800037ec (0x6edd) x29 0x00017000
core   0: 0x800037ee (0x000052fd) c.li    t0, -1
core   0: 3 0x800037ee (0x52fd) x 5 0xffffffff
core   0: 0x800037f0 (0xbf246f13) ori     t5, s0, -1038
core   0: 3 0x800037f0 (0xbf246f13) x30 0xfffffbf2
core   0: 0x800037f4 (0x9cc6de37) lui     t3, 0x9cc6d
core   0: 3 0x800037f4 (0x9cc6de37) x28 0x9cc6d000
core   0: 0x800037f8 (0x0000966a) c.add   a2, s10
core   0: 3 0x800037f8 (0x966a) x12 0x79258377
core   0: 0x800037fa (0xc0076997) auipc   s3, 0xc0076
core   0: 3 0x800037fa (0xc0076997) x19 0x400797fa
core   0: 0x800037fe (0x00006c19) c.lui   s8, 0x6
core   0: 3 0x800037fe (0x6c19) x24 0x00006000
core   0: 0x80003800 (0x0041d413) srli    s0, gp, 4
core   0: 3 0x80003800 (0x0041d413) x 8 0x00000000
core   0: 0x80003804 (0x0000841d) c.srai  s0, 7
core   0: 3 0x80003804 (0x841d) x 8 0x00000000
core   0: 0x80003806 (0xd4e63a93) sltiu   s5, a2, -690
core   0: 3 0x80003806 (0xd4e63a93) x21 0x00000001
core   0: 0x8000380a (0x401ddf93) srai    t6, s11, 1
core   0: 3 0x8000380a (0x401ddf93) x31 0xc0000000
core   0: 0x8000380e (0x41cd02b3) sub     t0, s10, t3
core   0: 3 0x8000380e (0x41cd02b3) x 5 0xe33a2e64
core   0: 0x80003812 (0x7782a913) slti    s2, t0, 1912
core   0: 3 0x80003812 (0x7782a913) x18 0x00000001
core   0: 0x80003816 (0x02d310b3) mulh    ra, t1, a3
core   0: 3 0x80003816 (0x02d310b3) x 1 0x00000000
core   0: 0x8000381a (0x42ae8d17) auipc   s10, 0x42ae8
core   0: 3 0x8000381a (0x42ae8d17) x26 0xc2aeb81a
core   0: 0x8000381e (0x00000001) c.nop
core   0: 3 0x8000381e (0x0001)
core   0: 0x80003820 (0x00000815) c.addi  a6, 5
core   0: 3 0x80003820 (0x0815) x16 0x00000006
core   0: 0x80003822 (0x036d0bb3) mul     s7, s10, s6
core   0: 3 0x80003822 (0x036d0bb3) x23 0xae068000
core   0: 0x80003826 (0x002b9c33) sll     s8, s7, sp
core   0: 3 0x80003826 (0x002b9c33) x24 0xe0680000
core   0: 0x8000382a (0x000091a2) c.add   gp, s0
core   0: 3 0x8000382a (0x91a2) x 3 0x00000001
core   0: 0x8000382c (0x41535233) sra     tp, t1, s5
core   0: 3 0x8000382c (0x41535233) x 4 0x00000000
core   0: 0x80003830 (0x000006ea) c.slli  a3, 26
core   0: 3 0x80003830 (0x06ea) x13 0x04000000
core   0: 0x80003832 (0x01a56a33) or      s4, a0, s10
core   0: 3 0x80003832 (0x01a56a33) x20 0xc2aeb81a
core   0: 0x80003836 (0x0038cab3) xor     s5, a7, gp
core   0: 3 0x80003836 (0x0038cab3) x21 0x7fff0bd3
core   0: 0x8000383a (0x00000fdd) c.addi  t6, 23
core   0: 3 0x8000383a (0x0fdd) x31 0xc0000017
core   0: 0x8000383c (0x016ce4b3) or      s1, s9, s6
core   0: 3 0x8000383c (0x016ce4b3) x 9 0x00004000
core   0: 0x80003840 (0x0061a7b3) slt     a5, gp, t1
core   0: 3 0x80003840 (0x0061a7b3) x15 0x00000000
core   0: 0x80003844 (0x03c903b3) mul     t2, s2, t3
core   0: 3 0x80003844 (0x03c903b3) x 7 0x9cc6d000
core   0: 0x80003848 (0x011bd693) srli    a3, s7, 17
core   0: 3 0x80003848 (0x011bd693) x13 0x00005703
core   0: 0x8000384c (0x00008b86) c.mv    s7, ra
core   0: 3 0x8000384c (0x8b86) x23 0x00000000
core   0: 0x8000384e (0x01f41333) sll     t1, s0, t6
core   0: 3 0x8000384e (0x01f41333) x 6 0x00000000
core   0: 0x80003852 (0x00004fe9) c.li    t6, 26
core   0: 3 0x80003852 (0x4fe9) x31 0x0000001a
core   0: 0x80003854 (0x00008ea9) c.xor   a3, a0
core   0: 3 0x80003854 (0x8ea9) x13 0x00005703
core   0: 0x80003856 (0x0398be33) mulhu   t3, a7, s9
core   0: 3 0x80003856 (0x0398be33) x28 0x00000000
core   0: 0x8000385a (0x00008c99) c.sub   s1, a4
core   0: 3 0x8000385a (0x8c99) x 9 0x7fff419c
core   0: 0x8000385c (0x00008249) c.srli  a2, 18
core   0: 3 0x8000385c (0x8249) x12 0x00001e49
core   0: 0x8000385e (0x412ddfb3) sra     t6, s11, s2
core   0: 3 0x8000385e (0x412ddfb3) x31 0xc0000000
core   0: 0x80003862 (0x40285813) srai    a6, a6, 2
core   0: 3 0x80003862 (0x40285813) x16 0x00000001
core   0: 0x80003866 (0x4143de13) srai    t3, t2, 20
core   0: 3 0x80003866 (0x4143de13) x28 0xfffff9cc
core   0: 0x8000386a (0x02e37633) remu    a2, t1, a4
core   0: 3 0x8000386a (0x02e37633) x12 0x00000000
core   0: 0x8000386e (0x03401633) mulh    a2, zero, s4
core   0: 3 0x8000386e (0x03401633) x12 0x00000000
core   0: 0x80003872 (0x178bc613) xori    a2, s7, 376
core   0: 3 0x80003872 (0x178bc613) x12 0x00000178
core   0: 0x80003876 (0x00008ff5) c.and   a5, a3
core   0: 3 0x80003876 (0x8ff5) x15 0x00000000
core   0: 0x80003878 (0x00008ce5) c.and   s1, s1
core   0: 3 0x80003878 (0x8ce5) x 9 0x7fff419c
core   0: 0x8000387a (0x0019d033) srl     zero, s3, ra
core   0: 3 0x8000387a (0x0019d033)
core   0: 0x8000387e (0x00008ef5) c.and   a3, a3
core   0: 3 0x8000387e (0x8ef5) x13 0x00005703
core   0: 0x80003880 (0x00008c01) c.sub   s0, s0
core   0: 3 0x80003880 (0x8c01) x 8 0x00000000
core   0: 0x80003882 (0x00009afd) c.andi  a3, -1
core   0: 3 0x80003882 (0x9afd) x13 0x00005703
core   0: 0x80003884 (0x00008cb1) c.xor   s1, a2
core   0: 3 0x80003884 (0x8cb1) x 9 0x7fff40e4
core   0: 0x80003886 (0x0218b633) mulhu   a2, a7, ra
core   0: 3 0x80003886 (0x0218b633) x12 0x00000000
core   0: 0x8000388a (0x00008dd5) c.or    a1, a3
core   0: 3 0x8000388a (0x8dd5) x11 0xfb05574f
core   0: 0x8000388c (0x00e85513) srli    a0, a6, 14
core   0: 3 0x8000388c (0x00e85513) x10 0x00000000
core   0: 0x80003890 (0x021ca233) mulhsu  tp, s9, ra
core   0: 3 0x80003890 (0x021ca233) x 4 0x00000000
core   0: 0x80003894 (0x0072a3b3) slt     t2, t0, t2
core   0: 3 0x80003894 (0x0072a3b3) x 7 0x00000000
core   0: 0x80003898 (0x00000001) c.nop
core   0: 3 0x80003898 (0x0001)
core   0: 0x8000389a (0x000009c9) c.addi  s3, 18
core   0: 3 0x8000389a (0x09c9) x19 0x4007980c
core   0: 0x8000389c (0x011f5013) srli    zero, t5, 17
core   0: 3 0x8000389c (0x011f5013)
core   0: 0x800038a0 (0x00008ee9) c.and   a3, a0
core   0: 3 0x800038a0 (0x8ee9) x13 0x00000000
core   0: 0x800038a2 (0x40f55e33) sra     t3, a0, a5
core   0: 3 0x800038a2 (0x40f55e33) x28 0x00000000
core   0: 0x800038a6 (0x0000883a) c.mv    a6, a4
core   0: 3 0x800038a6 (0x883a) x16 0x8000fe64
core   0: 0x800038a8 (0x41d50c33) sub     s8, a0, t4
core   0: 3 0x800038a8 (0x41d50c33) x24 0xfffe9000
core   0: 0x800038ac (0x03837233) remu    tp, t1, s8
core   0: 3 0x800038ac (0x03837233) x 4 0x00000000
core   0: 0x800038b0 (0x00000001) c.nop
core   0: 3 0x800038b0 (0x0001)
core   0: 0x800038b2 (0x0263ba33) mulhu   s4, t2, t1
core   0: 3 0x800038b2 (0x0263ba33) x20 0x00000000
core   0: 0x800038b6 (0x00c076b3) and     a3, zero, a2
core   0: 3 0x800038b6 (0x00c076b3) x13 0x00000000
core   0: 0x800038ba (0x0000862d) c.srai  a2, 11
core   0: 3 0x800038ba (0x862d) x12 0x00000000
core   0: 0x800038bc (0x0000942e) c.add   s0, a1
core   0: 3 0x800038bc (0x942e) x 8 0xfb05574f
core   0: 0x800038be (0x032580b3) mul     ra, a1, s2
core   0: 3 0x800038be (0x032580b3) x 1 0xfb05574f
core   0: 0x800038c2 (0x01c0d7b3) srl     a5, ra, t3
core   0: 3 0x800038c2 (0x01c0d7b3) x15 0xfb05574f
core   0: 0x800038c6 (0x037b28b3) mulhsu  a7, s6, s7
core   0: 3 0x800038c6 (0x037b28b3) x17 0x00000000
core   0: 0x800038ca (0x0000052a) c.slli  a0, 10
core   0: 3 0x800038ca (0x052a) x10 0x00000000
core   0: 0x800038cc (0x00a29513) slli    a0, t0, 10
core   0: 3 0x800038cc (0x00a29513) x10 0xe8b99000
core   0: 0x800038d0 (0x02549233) mulh    tp, s1, t0
core   0: 3 0x800038d0 (0x02549233) x 4 0xf19d2cac
core   0: 0x800038d4 (0x5442a837) lui     a6, 0x5442a
core   0: 3 0x800038d4 (0x5442a837) x16 0x5442a000
core   0: 0x800038d8 (0xcabaaf13) slti    t5, s5, -853
core   0: 3 0x800038d8 (0xcabaaf13) x30 0x00000000
core   0: 0x800038dc (0x00004e8d) c.li    t4, 3
core   0: 3 0x800038dc (0x4e8d) x29 0x00000003
core   0: 0x800038de (0xf3312037) lui     zero, 0xf3312
core   0: 3 0x800038de (0xf3312037)
core   0: 0x800038e2 (0x40abde93) srai    t4, s7, 10
core   0: 3 0x800038e2 (0x40abde93) x29 0x00000000
core   0: 0x800038e6 (0x417e85b3) sub     a1, t4, s7
core   0: 3 0x800038e6 (0x417e85b3) x11 0x00000000
core   0: 0x800038ea (0x000083e9) c.srli  a5, 26
core   0: 3 0x800038ea (0x83e9) x15 0x0000003e
core   0: 0x800038ec (0xeb3bab97) auipc   s7, 0xeb3ba
core   0: 3 0x800038ec (0xeb3bab97) x23 0x6b3bd8ec
core   0: 0x800038f0 (0x4115d7b3) sra     a5, a1, a7
core   0: 3 0x800038f0 (0x4115d7b3) x15 0x00000000
core   0: 0x800038f4 (0x00008d3d) c.xor   a0, a5
core   0: 3 0x800038f4 (0x8d3d) x10 0xe8b99000
core   0: 0x800038f6 (0x000086c1) c.srai  a3, 16
core   0: 3 0x800038f6 (0x86c1) x13 0x00000000
core   0: 0x800038f8 (0x00000a75) c.addi  s4, 29
core   0: 3 0x800038f8 (0x0a75) x20 0x0000001d
core   0: 0x800038fa (0x4061d6b3) sra     a3, gp, t1
core   0: 3 0x800038fa (0x4061d6b3) x13 0x00000001
core   0: 0x800038fe (0x00008d35) c.xor   a0, a3
core   0: 3 0x800038fe (0x8d35) x10 0xe8b99001
core   0: 0x80003900 (0x00a55213) srli    tp, a0, 10
core   0: 3 0x80003900 (0x00a55213) x 4 0x003a2e64
core   0: 0x80003904 (0x41d58333) sub     t1, a1, t4
core   0: 3 0x80003904 (0x41d58333) x 6 0x00000000
core   0: 0x80003908 (0x0217d533) divu    a0, a5, ra
core   0: 3 0x80003908 (0x0217d533) x10 0x00000000
core   0: 0x8000390c (0x016e4fb3) xor     t6, t3, s6
core   0: 3 0x8000390c (0x016e4fb3) x31 0x00004000
core   0: 0x80003910 (0x03e9dbb3) divu    s7, s3, t5
core   0: 3 0x80003910 (0x03e9dbb3) x23 0xffffffff
core   0: 0x80003914 (0x0016fd33) and     s10, a3, ra
core   0: 3 0x80003914 (0x0016fd33) x26 0x00000001
core   0: 0x80003918 (0x007ec1b3) xor     gp, t4, t2
core   0: 3 0x80003918 (0x007ec1b3) x 3 0x00000000
core   0: 0x8000391c (0x01c2cc33) xor     s8, t0, t3
core   0: 3 0x8000391c (0x01c2cc33) x24 0xe33a2e64
core   0: 0x80003920 (0x00008df9) c.and   a1, a4
core   0: 3 0x80003920 (0x8df9) x11 0x00000000
core   0: 0x80003922 (0x03b562b3) rem     t0, a0, s11
core   0: 3 0x80003922 (0x03b562b3) x 5 0x00000000
core   0: 0x80003926 (0x00008e9d) c.sub   a3, a5
core   0: 3 0x80003926 (0x8e9d) x13 0x00000001
core   0: 0x80003928 (0x60436193) ori     gp, t1, 1540
core   0: 3 0x80003928 (0x60436193) x 3 0x00000604
core   0: 0x8000392c (0x00000c72) c.slli  s8, 28
core   0: 3 0x8000392c (0x0c72) x24 0x40000000
core   0: 0x8000392e (0x41800333) sub     t1, zero, s8
core   0: 3 0x8000392e (0x41800333) x 6 0xc0000000
core   0: 0x80003932 (0x408fbd17) auipc   s10, 0x408fb
core   0: 3 0x80003932 (0x408fbd17) x26 0xc08fe932
core   0: 0x80003936 (0x41595433) sra     s0, s2, s5
core   0: 3 0x80003936 (0x41595433) x 8 0x00000000
core   0: 0x8000393a (0x00000001) c.nop
core   0: 3 0x8000393a (0x0001)
core   0: 0x8000393c (0x0319d933) divu    s2, s3, a7
core   0: 3 0x8000393c (0x0319d933) x18 0xffffffff
core   0: 0x80003940 (0x032d4033) div     zero, s10, s2
core   0: 3 0x80003940 (0x032d4033)
core   0: 0x80003944 (0x00009d66) c.add   s10, s9
core   0: 3 0x80003944 (0x9d66) x26 0xc08fe932
core   0: 0x80003946 (0x00008119) c.srli  a0, 6
core   0: 3 0x80003946 (0x8119) x10 0x00000000
core   0: 0x80003948 (0x00573d33) sltu    s10, a4, t0
core   0: 3 0x80003948 (0x00573d33) x26 0x00000000
core   0: 0x8000394c (0x032037b3) mulhu   a5, zero, s2
core   0: 3 0x8000394c (0x032037b3) x15 0x00000000
core   0: 0x80003950 (0x00008125) c.srli  a0, 9
core   0: 3 0x80003950 (0x8125) x10 0x00000000
core   0: 0x80003952 (0x00008551) c.srai  a0, 20
core   0: 3 0x80003952 (0x8551) x10 0x00000000
core   0: 0x80003954 (0xa3c07513) andi    a0, zero, -1476
core   0: 3 0x80003954 (0xa3c07513) x10 0x00000000
core   0: 0x80003958 (0x00000aad) c.addi  s5, 11
core   0: 3 0x80003958 (0x0aad) x21 0x7fff0bde
core   0: 0x8000395a (0x00319793) slli    a5, gp, 3
core   0: 3 0x8000395a (0x00319793) x15 0x00003020
core   0: 0x8000395e (0x41128fb3) sub     t6, t0, a7
core   0: 3 0x8000395e (0x41128fb3) x31 0x00000000
core   0: 0x80003962 (0x4199d633) sra     a2, s3, s9
core   0: 3 0x80003962 (0x4199d633) x12 0x4007980c
core   0: 0x80003966 (0x00000001) c.nop
core   0: 3 0x80003966 (0x0001)
core   0: 0x80003968 (0x00009566) c.add   a0, s9
core   0: 3 0x80003968 (0x9566) x10 0x00000000
core   0: 0x8000396a (0x0103b6b3) sltu    a3, t2, a6
core   0: 3 0x8000396a (0x0103b6b3) x13 0x00000001
core   0: 0x8000396e (0xac172293) slti    t0, a4, -1343
core   0: 3 0x8000396e (0xac172293) x 5 0x00000001
core   0: 0x80003972 (0x03c7b1b3) mulhu   gp, a5, t3
core   0: 3 0x80003972 (0x03c7b1b3) x 3 0x00000000
core   0: 0x80003976 (0x00000001) c.nop
core   0: 3 0x80003976 (0x0001)
core   0: 0x80003978 (0x00c19513) slli    a0, gp, 12
core   0: 3 0x80003978 (0x00c19513) x10 0x00000000
core   0: 0x8000397c (0x41858bb3) sub     s7, a1, s8
core   0: 3 0x8000397c (0x41858bb3) x23 0xc0000000
core   0: 0x80003980 (0x03af79b3) remu    s3, t5, s10
core   0: 3 0x80003980 (0x03af79b3) x19 0x00000000
core   0: 0x80003984 (0x010f8a33) add     s4, t6, a6
core   0: 3 0x80003984 (0x010f8a33) x20 0x5442a000
core   0: 0x80003988 (0x018e45b3) xor     a1, t3, s8
core   0: 3 0x80003988 (0x018e45b3) x11 0x40000000
core   0: 0x8000398c (0x00db47b3) xor     a5, s6, a3
core   0: 3 0x8000398c (0x00db47b3) x15 0x00004001
core   0: 0x80003990 (0xdddf4593) xori    a1, t5, -547
core   0: 3 0x80003990 (0xdddf4593) x11 0xfffffddd
core   0: 0x80003994 (0x0105bab3) sltu    s5, a1, a6
core   0: 3 0x80003994 (0x0105bab3) x21 0x00000000
core   0: 0x80003998 (0x000098fd) c.andi  s1, -1
core   0: 3 0x80003998 (0x98fd) x 9 0x7fff40e4
core   0: 0x8000399a (0x4ecce793) ori     a5, s9, 1260
core   0: 3 0x8000399a (0x4ecce793) x15 0x000004ec
core   0: 0x8000399e (0x00000001) c.nop
core   0: 3 0x8000399e (0x0001)
core   0: 0x800039a0 (0x000081de) c.mv    gp, s7
core   0: 3 0x800039a0 (0x81de) x 3 0xc0000000
core   0: 0x800039a2 (0x009bd513) srli    a0, s7, 9
core   0: 3 0x800039a2 (0x009bd513) x10 0x00600000
core   0: 0x800039a6 (0x03182d33) mulhsu  s10, a6, a7
core   0: 3 0x800039a6 (0x03182d33) x26 0x00000000
core   0: 0x800039aa (0x006d1333) sll     t1, s10, t1
core   0: 3 0x800039aa (0x006d1333) x 6 0x00000000
core   0: 0x800039ae (0x03856e33) rem     t3, a0, s8
core   0: 3 0x800039ae (0x03856e33) x28 0x00600000
core   0: 0x800039b2 (0x013c1313) slli    t1, s8, 19
core   0: 3 0x800039b2 (0x013c1313) x 6 0x00000000
core   0: 0x800039b6 (0x017dbb33) sltu    s6, s11, s7
core   0: 3 0x800039b6 (0x017dbb33) x22 0x00000001
core   0: 0x800039ba (0x40c70d33) sub     s10, a4, a2
core   0: 3 0x800039ba (0x40c70d33) x26 0x3ff96658
core   0: 0x800039be (0x00008cad) c.xor   s1, a1
core   0: 3 0x800039be (0x8cad) x 9 0x8000bd39
core   0: 0x800039c0 (0x01935393) srli    t2, t1, 25
core   0: 3 0x800039c0 (0x01935393) x 7 0x00000000
core   0: 0x800039c4 (0x14f76b37) lui     s6, 0x14f76
core   0: 3 0x800039c4 (0x14f76b37) x22 0x14f76000
core   0: 0x800039c8 (0x02dad233) divu    tp, s5, a3
core   0: 3 0x800039c8 (0x02dad233) x 4 0x00000000
core   0: 0x800039cc (0x02b310b3) mulh    ra, t1, a1
core   0: 3 0x800039cc (0x02b310b3) x 1 0x00000000
core   0: 0x800039d0 (0x00005a7d) c.li    s4, -1
core   0: 3 0x800039d0 (0x5a7d) x20 0xffffffff
core   0: 0x800039d2 (0x02ef7633) remu    a2, t5, a4
core   0: 3 0x800039d2 (0x02ef7633) x12 0x00000000
core   0: 0x800039d6 (0xe5ffe093) ori     ra, t6, -417
core   0: 3 0x800039d6 (0xe5ffe093) x 1 0xfffffe5f
core   0: 0x800039da (0x00008279) c.srli  a2, 30
core   0: 3 0x800039da (0x8279) x12 0x00000000
core   0: 0x800039dc (0x01d86a33) or      s4, a6, t4
core   0: 3 0x800039dc (0x01d86a33) x20 0x5442a000
core   0: 0x800039e0 (0x000080e1) c.srli  s1, 24
core   0: 3 0x800039e0 (0x80e1) x 9 0x00000080
core   0: 0x800039e2 (0x8ae62c37) lui     s8, 0x8ae62
core   0: 3 0x800039e2 (0x8ae62c37) x24 0x8ae62000
core   0: 0x800039e6 (0x000004b9) c.addi  s1, 14
core   0: 3 0x800039e6 (0x04b9) x 9 0x0000008e
core   0: 0x800039e8 (0x02470433) mul     s0, a4, tp
core   0: 3 0x800039e8 (0x02470433) x 8 0x00000000
core   0: 0x800039ec (0xe5634617) auipc   a2, 0xe5634
core   0: 3 0x800039ec (0xe5634617) x12 0x656379ec
core   0: 0x800039f0 (0x41c7dc93) srai    s9, a5, 28
core   0: 3 0x800039f0 (0x41c7dc93) x25 0x00000000
core   0: 0x800039f4 (0x00008a4d) c.andi  a2, 19
core   0: 3 0x800039f4 (0x8a4d) x12 0x00000000
core   0: 0x800039f6 (0x40ad0b33) sub     s6, s10, a0
core   0: 3 0x800039f6 (0x40ad0b33) x22 0x3f996658
core   0: 0x800039fa (0x02cff4b3) remu    s1, t6, a2
core   0: 3 0x800039fa (0x02cff4b3) x 9 0x00000000
core   0: 0x800039fe (0x12da6b93) ori     s7, s4, 301
core   0: 3 0x800039fe (0x12da6b93) x23 0x5442a12d
core   0: 0x80003a02 (0x03b8a233) mulhsu  tp, a7, s11
core   0: 3 0x80003a02 (0x03b8a233) x 4 0x00000000
core   0: 0x80003a06 (0x00008df5) c.and   a1, a3
core   0: 3 0x80003a06 (0x8df5) x11 0x00000001
core   0: 0x80003a08 (0x01e6cfb3) xor     t6, a3, t5
core   0: 3 0x80003a08 (0x01e6cfb3) x31 0x00000001
core   0: 0x80003a0c (0x000000ba) c.slli  ra, 14
core   0: 3 0x80003a0c (0x00ba) x 1 0xff97c000
core   0: 0x80003a0e (0x69f23817) auipc   a6, 0x69f23
core   0: 3 0x80003a0e (0x69f23817) x16 0xe9f26a0e
core   0: 0x80003a12 (0x00000589) c.addi  a1, 2
core   0: 3 0x80003a12 (0x0589) x11 0x00000003
core   0: 0x80003a14 (0x516e4b13) xori    s6, t3, 1302
core   0: 3 0x80003a14 (0x516e4b13) x22 0x00600516
core   0: 0x80003a18 (0x00000001) c.nop
core   0: 3 0x80003a18 (0x0001)
core   0: 0x80003a1a (0x02f30bb3) mul     s7, t1, a5
core   0: 3 0x80003a1a (0x02f30bb3) x23 0x00000000
core   0: 0x80003a1e (0x24237b93) andi    s7, t1, 578
core   0: 3 0x80003a1e (0x24237b93) x23 0x00000000
core   0: 0x80003a22 (0x0c0b3693) sltiu   a3, s6, 192
core   0: 3 0x80003a22 (0x0c0b3693) x13 0x00000000
core   0: 0x80003a26 (0x00009346) c.add   t1, a7
core   0: 3 0x80003a26 (0x9346) x 6 0x00000000
core   0: 0x80003a28 (0x00008e99) c.sub   a3, a4
core   0: 3 0x80003a28 (0x8e99) x13 0x7fff019c
core   0: 0x80003a2a (0x00001efd) c.addi  t4, -1
core   0: 3 0x80003a2a (0x1efd) x29 0xffffffff
core   0: 0x80003a2c (0x00008e09) c.sub   a2, a0
core   0: 3 0x80003a2c (0x8e09) x12 0xffa00000
core   0: 0x80003a2e (0x000093ee) c.add   t2, s11
core   0: 3 0x80003a2e (0x93ee) x 7 0x80000000
core   0: 0x80003a30 (0x7c747893) andi    a7, s0, 1991
core   0: 3 0x80003a30 (0x7c747893) x17 0x00000000
core   0: 0x80003a34 (0xd8d26e13) ori     t3, tp, -627
core   0: 3 0x80003a34 (0xd8d26e13) x28 0xfffffd8d
core   0: 0x80003a38 (0x014e7b33) and     s6, t3, s4
core   0: 3 0x80003a38 (0x014e7b33) x22 0x5442a000
core   0: 0x80003a3c (0x0000826d) c.srli  a2, 27
core   0: 3 0x80003a3c (0x826d) x12 0x0000001f
core   0: 0x80003a3e (0x00008d31) c.xor   a0, a2
core   0: 3 0x80003a3e (0x8d31) x10 0x0060001f
core   0: 0x80003a40 (0x00000001) c.nop
core   0: 3 0x80003a40 (0x0001)
core   0: 0x80003a42 (0x00008ab9) c.andi  a3, 14
core   0: 3 0x80003a42 (0x8ab9) x13 0x0000000c
core   0: 0x80003a44 (0x01a8bfb3) sltu    t6, a7, s10
core   0: 3 0x80003a44 (0x01a8bfb3) x31 0x00000001
core   0: 0x80003a48 (0x02694833) div     a6, s2, t1
core   0: 3 0x80003a48 (0x02694833) x16 0xffffffff
core   0: 0x80003a4c (0x017acbb3) xor     s7, s5, s7
core   0: 3 0x80003a4c (0x017acbb3) x23 0x00000000
core   0: 0x80003a50 (0x4042d093) srai    ra, t0, 4
core   0: 3 0x80003a50 (0x4042d093) x 1 0x00000000
core   0: 0x80003a54 (0x4132d213) srai    tp, t0, 19
core   0: 3 0x80003a54 (0x4132d213) x 4 0x00000000
core   0: 0x80003a58 (0x00f72ab3) slt     s5, a4, a5
core   0: 3 0x80003a58 (0x00f72ab3) x21 0x00000001
core   0: 0x80003a5c (0x00008d41) c.or    a0, s0
core   0: 3 0x80003a5c (0x8d41) x10 0x0060001f
core   0: 0x80003a5e (0x00873e33) sltu    t3, a4, s0
core   0: 3 0x80003a5e (0x00873e33) x28 0x00000000
core   0: 0x80003a62 (0x0272f0b3) remu    ra, t0, t2
core   0: 3 0x80003a62 (0x0272f0b3) x 1 0x00000001
core   0: 0x80003a66 (0x00008291) c.srli  a3, 4
core   0: 3 0x80003a66 (0x8291) x13 0x00000000
core   0: 0x80003a68 (0x4b2ef013) andi    zero, t4, 1202
core   0: 3 0x80003a68 (0x4b2ef013)
core   0: 0x80003a6c (0x41c38e33) sub     t3, t2, t3
core   0: 3 0x80003a6c (0x41c38e33) x28 0x80000000
core   0: 0x80003a70 (0x00f0e833) or      a6, ra, a5
core   0: 3 0x80003a70 (0x00f0e833) x16 0x000004ed
core   0: 0x80003a74 (0x00006c75) c.lui   s8, 0x1d
core   0: 3 0x80003a74 (0x6c75) x24 0x0001d000
core   0: 0x80003a76 (0x4177d4b3) sra     s1, a5, s7
core   0: 3 0x80003a76 (0x4177d4b3) x 9 0x000004ec
core   0: 0x80003a7a (0x024557b3) divu    a5, a0, tp
core   0: 3 0x80003a7a (0x024557b3) x15 0xffffffff
core   0: 0x80003a7e (0x00657333) and     t1, a0, t1
core   0: 3 0x80003a7e (0x00657333) x 6 0x00000000
core   0: 0x80003a82 (0x000046d9) c.li    a3, 22
core   0: 3 0x80003a82 (0x46d9) x13 0x00000016
core   0: 0x80003a84 (0xa2d7a413) slti    s0, a5, -1491
core   0: 3 0x80003a84 (0xa2d7a413) x 8 0x00000000
core   0: 0x80003a88 (0x02edaf33) mulhsu  t5, s11, a4
core   0: 3 0x80003a88 (0x02edaf33) x30 0xbfff80ce
core   0: 0x80003a8c (0x00059633) sll     a2, a1, zero
core   0: 3 0x80003a8c (0x00059633) x12 0x00000003
core   0: 0x80003a90 (0x036a8f33) mul     t5, s5, s6
core   0: 3 0x80003a90 (0x036a8f33) x30 0x5442a000
core   0: 0x80003a94 (0x03deb533) mulhu   a0, t4, t4
core   0: 3 0x80003a94 (0x03deb533) x10 0xfffffffe
core   0: 0x80003a98 (0x02cdb7b3) mulhu   a5, s11, a2
core   0: 3 0x80003a98 (0x02cdb7b3) x15 0x00000001
core   0: 0x80003a9c (0x81684b93) xori    s7, a6, -2026
core   0: 3 0x80003a9c (0x81684b93) x23 0xfffffcfb
core   0: 0x80003aa0 (0x00008c3d) c.xor   s0, a5
core   0: 3 0x80003aa0 (0x8c3d) x 8 0x00000001
core   0: 0x80003aa2 (0x004865b3) or      a1, a6, tp
core   0: 3 0x80003aa2 (0x004865b3) x11 0x000004ed
core   0: 0x80003aa6 (0xa5752893) slti    a7, a0, -1449
core   0: 3 0x80003aa6 (0xa5752893) x17 0x00000000
core   0: 0x80003aaa (0x02a71d33) mulh    s10, a4, a0
core   0: 3 0x80003aaa (0x02a71d33) x26 0x00000000
core   0: 0x80003aae (0x00000001) c.nop
core   0: 3 0x80003aae (0x0001)
core   0: 0x80003ab0 (0x02f63a33) mulhu   s4, a2, a5
core   0: 3 0x80003ab0 (0x02f63a33) x20 0x00000000
core   0: 0x80003ab4 (0x023ae033) rem     zero, s5, gp
core   0: 3 0x80003ab4 (0x023ae033)
core   0: 0x80003ab8 (0x000068b9) c.lui   a7, 0xe
core   0: 3 0x80003ab8 (0x68b9) x17 0x0000e000
core   0: 0x80003aba (0x02c84f33) div     t5, a6, a2
core   0: 3 0x80003aba (0x02c84f33) x30 0x000001a4
core   0: 0x80003abe (0x000083ed) c.srli  a5, 27
core   0: 3 0x80003abe (0x83ed) x15 0x00000000
core   0: 0x80003ac0 (0x02c75e33) divu    t3, a4, a2
core   0: 3 0x80003ac0 (0x02c75e33) x28 0x2aaaff76
core   0: 0x80003ac4 (0x7d4ccb13) xori    s6, s9, 2004
core   0: 3 0x80003ac4 (0x7d4ccb13) x22 0x000007d4
core   0: 0x80003ac8 (0x00009f76) c.add   t5, t4
core   0: 3 0x80003ac8 (0x9f76) x30 0x000001a3
core   0: 0x80003aca (0x404b0bb3) sub     s7, s6, tp
core   0: 3 0x80003aca (0x404b0bb3) x23 0x000007d4
core   0: 0x80003ace (0x01a7dc13) srli    s8, a5, 26
core   0: 3 0x80003ace (0x01a7dc13) x24 0x00000000
core   0: 0x80003ad2 (0x0371a2b3) mulhsu  t0, gp, s7
core   0: 3 0x80003ad2 (0x0371a2b3) x 5 0xfffffe0b
core   0: 0x80003ad6 (0x00009406) c.add   s0, ra
core   0: 3 0x80003ad6 (0x9406) x 8 0x00000002
core   0: 0x80003ad8 (0x61f52693) slti    a3, a0, 1567
core   0: 3 0x80003ad8 (0x61f52693) x13 0x00000001
core   0: 0x80003adc (0x00000995) c.addi  s3, 5
core   0: 3 0x80003adc (0x0995) x19 0x00000005
core   0: 0x80003ade (0x000081ed) c.srli  a1, 27
core   0: 3 0x80003ade (0x81ed) x11 0x00000000
core   0: 0x80003ae0 (0x69e34793) xori    a5, t1, 1694
core   0: 3 0x80003ae0 (0x69e34793) x15 0x0000069e
core   0: 0x80003ae4 (0x7822b813) sltiu   a6, t0, 1922
core   0: 3 0x80003ae4 (0x7822b813) x16 0x00000000
core   0: 0x80003ae8 (0x001cdab3) srl     s5, s9, ra
core   0: 3 0x80003ae8 (0x001cdab3) x21 0x00000000
core   0: 0x80003aec (0x00008d0d) c.sub   a0, a1
core   0: 3 0x80003aec (0x8d0d) x10 0xfffffffe
core   0: 0x80003aee (0x88c60793) addi    a5, a2, -1908
core   0: 3 0x80003aee (0x88c60793) x15 0xfffff88f
core   0: 0x80003af2 (0xc59d6693) ori     a3, s10, -935
core   0: 3 0x80003af2 (0xc59d6693) x13 0xfffffc59
core   0: 0x80003af6 (0x00008545) c.srai  a0, 17
core   0: 3 0x80003af6 (0x8545) x10 0xffffffff
core   0: 0x80003af8 (0x00008465) c.srai  s0, 25
core   0: 3 0x80003af8 (0x8465) x 8 0x00000000
core   0: 0x80003afa (0x005126b3) slt     a3, sp, t0
core   0: 3 0x80003afa (0x005126b3) x13 0x00000001
core   0: 0x80003afe (0x00008d71) c.and   a0, a2
core   0: 3 0x80003afe (0x8d71) x10 0x00000003
core   0: 0x80003b00 (0x00553633) sltu    a2, a0, t0
core   0: 3 0x80003b00 (0x00553633) x12 0x00000001
core   0: 0x80003b04 (0x000082a1) c.srli  a3, 8
core   0: 3 0x80003b04 (0x82a1) x13 0x00000000
core   0: 0x80003b06 (0x00008e21) c.xor   a2, s0
core   0: 3 0x80003b06 (0x8e21) x12 0x00000001
core   0: 0x80003b08 (0x02a30f33) mul     t5, t1, a0
core   0: 3 0x80003b08 (0x02a30f33) x30 0x00000000
core   0: 0x80003b0c (0x7ae98193) addi    gp, s3, 1966
core   0: 3 0x80003b0c (0x7ae98193) x 3 0x000007b3
core   0: 0x80003b10 (0x00492633) slt     a2, s2, tp
core   0: 3 0x80003b10 (0x00492633) x12 0x00000001
core   0: 0x80003b14 (0x0285e0b3) rem     ra, a1, s0
core   0: 3 0x80003b14 (0x0285e0b3) x 1 0x00000000
core   0: 0x80003b18 (0x00000001) c.nop
core   0: 3 0x80003b18 (0x0001)
core   0: 0x80003b1a (0x000059fd) c.li    s3, -1
core   0: 3 0x80003b1a (0x59fd) x19 0xffffffff
core   0: 0x80003b1c (0x01bd9c33) sll     s8, s11, s11
core   0: 3 0x80003b1c (0x01bd9c33) x24 0x80000000
core   0: 0x80003b20 (0x00008c61) c.and   s0, s0
core   0: 3 0x80003b20 (0x8c61) x 8 0x00000000
core   0: 0x80003b22 (0x019c7bb3) and     s7, s8, s9
core   0: 3 0x80003b22 (0x019c7bb3) x23 0x00000000
core   0: 0x80003b26 (0x000016fd) c.addi  a3, -1
core   0: 3 0x80003b26 (0x16fd) x13 0xffffffff
core   0: 0x80003b28 (0x0111e933) or      s2, gp, a7
core   0: 3 0x80003b28 (0x0111e933) x18 0x0000e7b3
core   0: 0x80003b2c (0x000093ba) c.add   t2, a4
core   0: 3 0x80003b2c (0x93ba) x 7 0x0000fe64
core   0: 0x80003b2e (0x22d3ab13) slti    s6, t2, 557
core   0: 3 0x80003b2e (0x22d3ab13) x22 0x00000000
core   0: 0x80003b32 (0x01c85013) srli    zero, a6, 28
core   0: 3 0x80003b32 (0x01c85013)
core   0: 0x80003b36 (0x00000a4e) c.slli  s4, 19
core   0: 3 0x80003b36 (0x0a4e) x20 0x00000000
core   0: 0x80003b38 (0x00008f9d) c.sub   a5, a5
core   0: 3 0x80003b38 (0x8f9d) x15 0x00000000
core   0: 0x80003b3a (0x00000001) c.nop
core   0: 3 0x80003b3a (0x0001)
core   0: 0x80003b3c (0x0000818e) c.mv    gp, gp
core   0: 3 0x80003b3c (0x818e) x 3 0x000007b3
core   0: 0x80003b3e (0xbdcd3993) sltiu   s3, s10, -1060
core   0: 3 0x80003b3e (0xbdcd3993) x19 0x00000001
core   0: 0x80003b42 (0x00008a91) c.andi  a3, 4
core   0: 3 0x80003b42 (0x8a91) x13 0x00000004
core   0: 0x80003b44 (0x00008d85) c.sub   a1, s1
core   0: 3 0x80003b44 (0x8d85) x11 0xfffffb14
core   0: 0x80003b46 (0x01188933) add     s2, a7, a7
core   0: 3 0x80003b46 (0x01188933) x18 0x0001c000
core   0: 0x80003b4a (0x33c5cd37) lui     s10, 0x33c5c
core   0: 3 0x80003b4a (0x33c5cd37) x26 0x33c5c000
core   0: 0x80003b4e (0x01431f93) slli    t6, t1, 20
core   0: 3 0x80003b4e (0x01431f93) x31 0x00000000
core   0: 0x80003b52 (0x41f58e33) sub     t3, a1, t6
core   0: 3 0x80003b52 (0x41f58e33) x28 0xfffffb14
core   0: 0x80003b56 (0x019d88b3) add     a7, s11, s9
core   0: 3 0x80003b56 (0x019d88b3) x17 0x80000000
core   0: 0x80003b5a (0x00000ab2) c.slli  s5, 12
core   0: 3 0x80003b5a (0x0ab2) x21 0x00000000
core   0: 0x80003b5c (0x404602b3) sub     t0, a2, tp
core   0: 3 0x80003b5c (0x404602b3) x 5 0x00000001
core   0: 0x80003b60 (0x00000cf1) c.addi  s9, 28
core   0: 3 0x80003b60 (0x0cf1) x25 0x0000001c
core   0: 0x80003b62 (0x0350e633) rem     a2, ra, s5
core   0: 3 0x80003b62 (0x0350e633) x12 0x00000000
core   0: 0x80003b66 (0x0000854a) c.mv    a0, s2
core   0: 3 0x80003b66 (0x854a) x10 0x0001c000
core   0: 0x80003b68 (0x015de533) or      a0, s11, s5
core   0: 3 0x80003b68 (0x015de533) x10 0x80000000
core   0: 0x80003b6c (0x414e5a33) sra     s4, t3, s4
core   0: 3 0x80003b6c (0x414e5a33) x20 0xfffffb14
core   0: 0x80003b70 (0xa1483b93) sltiu   s7, a6, -1516
core   0: 3 0x80003b70 (0xa1483b93) x23 0x00000001
core   0: 0x80003b74 (0x026acf33) div     t5, s5, t1
core   0: 3 0x80003b74 (0x026acf33) x30 0xffffffff
core   0: 0x80003b78 (0x01896033) or      zero, s2, s8
core   0: 3 0x80003b78 (0x01896033)
core   0: 0x80003b7c (0x0388f8b3) remu    a7, a7, s8
core   0: 3 0x80003b7c (0x0388f8b3) x17 0x00000000
core   0: 0x80003b80 (0x01dd5d33) srl     s10, s10, t4
core   0: 3 0x80003b80 (0x01dd5d33) x26 0x00000000
core   0: 0x80003b84 (0x00000001) c.nop
core   0: 3 0x80003b84 (0x0001)
core   0: 0x80003b86 (0xdabc2f13) slti    t5, s8, -597
core   0: 3 0x80003b86 (0xdabc2f13) x30 0x00000001
core   0: 0x80003b8a (0x033176b3) remu    a3, sp, s3
core   0: 3 0x80003b8a (0x033176b3) x13 0x00000000
core   0: 0x80003b8e (0x007da4b3) slt     s1, s11, t2
core   0: 3 0x80003b8e (0x007da4b3) x 9 0x00000001
core   0: 0x80003b92 (0x40ad0cb3) sub     s9, s10, a0
core   0: 3 0x80003b92 (0x40ad0cb3) x25 0x80000000
core   0: 0x80003b96 (0x01f3e533) or      a0, t2, t6
core   0: 3 0x80003b96 (0x01f3e533) x10 0x0000fe64
core   0: 0x80003b9a (0x48fe0c93) addi    s9, t3, 1167
core   0: 3 0x80003b9a (0x48fe0c93) x25 0xffffffa3
core   0: 0x80003b9e (0x00000001) c.nop
core   0: 3 0x80003b9e (0x0001)
core   0: 0x80003ba0 (0x00a3cc33) xor     s8, t2, a0
core   0: 3 0x80003ba0 (0x00a3cc33) x24 0x00000000
core   0: 0x80003ba4 (0x034323b3) mulhsu  t2, t1, s4
core   0: 3 0x80003ba4 (0x034323b3) x 7 0x00000000
core   0: 0x80003ba8 (0x00636bb3) or      s7, t1, t1
core   0: 3 0x80003ba8 (0x00636bb3) x23 0x00000000
core   0: 0x80003bac (0x01833fb3) sltu    t6, t1, s8
core   0: 3 0x80003bac (0x01833fb3) x31 0x00000000
core   0: 0x80003bb0 (0xcf064837) lui     a6, 0xcf064
core   0: 3 0x80003bb0 (0xcf064837) x16 0xcf064000
core   0: 0x80003bb4 (0xdc98c393) xori    t2, a7, -567
core   0: 3 0x80003bb4 (0xdc98c393) x 7 0xfffffdc9
core   0: 0x80003bb8 (0x004416b3) sll     a3, s0, tp
core   0: 3 0x80003bb8 (0x004416b3) x13 0x00000000
core   0: 0x80003bbc (0x00008fd1) c.or    a5, a2
core   0: 3 0x80003bbc (0x8fd1) x15 0x00000000
core   0: 0x80003bbe (0x00000565) c.addi  a0, 25
core   0: 3 0x80003bbe (0x0565) x10 0x0000fe7d
core   0: 0x80003bc0 (0x000098fd) c.andi  s1, -1
core   0: 3 0x80003bc0 (0x98fd) x 9 0x00000001
core   0: 0x80003bc2 (0x000098fd) c.andi  s1, -1
core   0: 3 0x80003bc2 (0x98fd) x 9 0x00000001
core   0: 0x80003bc4 (0x94064b93) xori    s7, a2, -1728
core   0: 3 0x80003bc4 (0x94064b93) x23 0xfffff940
core   0: 0x80003bc8 (0x01c9aa33) slt     s4, s3, t3
core   0: 3 0x80003bc8 (0x01c9aa33) x20 0x00000000
core   0: 0x80003bcc (0x001c40b3) xor     ra, s8, ra
core   0: 3 0x80003bcc (0x001c40b3) x 1 0x00000000
core   0: 0x80003bd0 (0x014341b3) xor     gp, t1, s4
core   0: 3 0x80003bd0 (0x014341b3) x 3 0x00000000
core   0: 0x80003bd4 (0x00008f8d) c.sub   a5, a1
core   0: 3 0x80003bd4 (0x8f8d) x15 0x000004ec
core   0: 0x80003bd6 (0x02852533) mulhsu  a0, a0, s0
core   0: 3 0x80003bd6 (0x02852533) x10 0x00000000
core   0: 0x80003bda (0x01fe0a93) addi    s5, t3, 31
core   0: 3 0x80003bda (0x01fe0a93) x21 0xfffffb33
core   0: 0x80003bde (0x00385d13) srli    s10, a6, 3
core   0: 3 0x80003bde (0x00385d13) x26 0x19e0c800
core   0: 0x80003be2 (0x00c611b3) sll     gp, a2, a2
core   0: 3 0x80003be2 (0x00c611b3) x 3 0x00000000
core   0: 0x80003be6 (0x40f38633) sub     a2, t2, a5
core   0: 3 0x80003be6 (0x40f38633) x12 0xfffff8dd
core   0: 0x80003bea (0x00008df5) c.and   a1, a3
core   0: 3 0x80003bea (0x8df5) x11 0x00000000
core   0: 0x80003bec (0x78f9eb13) ori     s6, s3, 1935
core   0: 3 0x80003bec (0x78f9eb13) x22 0x0000078f
core   0: 0x80003bf0 (0x002eecb3) or      s9, t4, sp
core   0: 3 0x80003bf0 (0x002eecb3) x25 0xffffffff
core   0: 0x80003bf4 (0x00004ec5) c.li    t4, 17
core   0: 3 0x80003bf4 (0x4ec5) x29 0x00000011
core   0: 0x80003bf6 (0x00008c2d) c.xor   s0, a1
core   0: 3 0x80003bf6 (0x8c2d) x 8 0x00000000
core   0: 0x80003bf8 (0x0007b333) sltu    t1, a5, zero
core   0: 3 0x80003bf8 (0x0007b333) x 6 0x00000000
core   0: 0x80003bfc (0x00008dc9) c.or    a1, a0
core   0: 3 0x80003bfc (0x8dc9) x11 0x00000000
core   0: 0x80003bfe (0x41265093) srai    ra, a2, 18
core   0: 3 0x80003bfe (0x41265093) x 1 0xffffffff
core   0: 0x80003c02 (0x00fa1813) slli    a6, s4, 15
core   0: 3 0x80003c02 (0x00fa1813) x16 0x00000000
core   0: 0x80003c06 (0x5823ebb7) lui     s7, 0x5823e
core   0: 3 0x80003c06 (0x5823ebb7) x23 0x5823e000
core   0: 0x80003c0a (0x00000001) c.nop
core   0: 3 0x80003c0a (0x0001)
core   0: 0x80003c0c (0x22fd6537) lui     a0, 0x22fd6
core   0: 3 0x80003c0c (0x22fd6537) x10 0x22fd6000
core   0: 0x80003c10 (0x00008dd9) c.or    a1, a4
core   0: 3 0x80003c10 (0x8dd9) x11 0x8000fe64
core   0: 0x80003c12 (0x00008e95) c.sub   a3, a3
core   0: 3 0x80003c12 (0x8e95) x13 0x00000000
core   0: 0x80003c14 (0xa0f88213) addi    tp, a7, -1521
core   0: 3 0x80003c14 (0xa0f88213) x 4 0xfffffa0f
core   0: 0x80003c18 (0x03978cb3) mul     s9, a5, s9
core   0: 3 0x80003c18 (0x03978cb3) x25 0xfffffb14
core   0: 0x80003c1c (0xea772c93) slti    s9, a4, -345
core   0: 3 0x80003c1c (0xea772c93) x25 0x00000001
core   0: 0x80003c20 (0x023f3033) mulhu   zero, t5, gp
core   0: 3 0x80003c20 (0x023f3033)
core   0: 0x80003c24 (0x02449ab3) mulh    s5, s1, tp
core   0: 3 0x80003c24 (0x02449ab3) x21 0xffffffff
core   0: 0x80003c28 (0x88c3cf13) xori    t5, t2, -1908
core   0: 3 0x80003c28 (0x88c3cf13) x30 0x00000545
core   0: 0x80003c2c (0xbb174f13) xori    t5, a4, -1103
core   0: 3 0x80003c2c (0xbb174f13) x30 0x7fff05d5
core   0: 0x80003c30 (0x40e6deb3) sra     t4, a3, a4
core   0: 3 0x80003c30 (0x40e6deb3) x29 0x00000000
core   0: 0x80003c34 (0x00a22eb3) slt     t4, tp, a0
core   0: 3 0x80003c34 (0x00a22eb3) x29 0x00000001
core   0: 0x80003c38 (0x03157533) remu    a0, a0, a7
core   0: 3 0x80003c38 (0x03157533) x10 0x22fd6000
core   0: 0x80003c3c (0x0000597d) c.li    s2, -1
core   0: 3 0x80003c3c (0x597d) x18 0xffffffff
core   0: 0x80003c3e (0x000081fd) c.srli  a1, 31
core   0: 3 0x80003c3e (0x81fd) x11 0x00000001
core   0: 0x80003c40 (0x01ac6b33) or      s6, s8, s10
core   0: 3 0x80003c40 (0x01ac6b33) x22 0x19e0c800
core   0: 0x80003c44 (0x00008d31) c.xor   a0, a2
core   0: 3 0x80003c44 (0x8d31) x10 0xdd0298dd
core   0: 0x80003c46 (0xfda23097) auipc   ra, 0xfda23
core   0: 3 0x80003c46 (0xfda23097) x 1 0x7da26c46
core   0: 0x80003c4a (0x0000082d) c.addi  a6, 11
core   0: 3 0x80003c4a (0x082d) x16 0x0000000b
core   0: 0x80003c4c (0x00001afd) c.addi  s5, -1
core   0: 3 0x80003c4c (0x1afd) x21 0xfffffffe
core   0: 0x80003c4e (0x023b87b3) mul     a5, s7, gp
core   0: 3 0x80003c4e (0x023b87b3) x15 0x00000000
core   0: 0x80003c52 (0x000088ce) c.mv    a7, s3
core   0: 3 0x80003c52 (0x88ce) x17 0x00000001
core   0: 0x80003c54 (0x02f871b3) remu    gp, a6, a5
core   0: 3 0x80003c54 (0x02f871b3) x 3 0x0000000b
core   0: 0x80003c58 (0xcbe095b7) lui     a1, 0xcbe09
core   0: 3 0x80003c58 (0xcbe095b7) x11 0xcbe09000
core   0: 0x80003c5c (0x40fa0333) sub     t1, s4, a5
core   0: 3 0x80003c5c (0x40fa0333) x 6 0x00000000
core   0: 0x80003c60 (0x0000839e) c.mv    t2, t2
core   0: 3 0x80003c60 (0x839e) x 7 0xfffffdc9
core   0: 0x80003c62 (0x029438b3) mulhu   a7, s0, s1
core   0: 3 0x80003c62 (0x029438b3) x17 0x00000000
core   0: 0x80003c66 (0x00008c35) c.xor   s0, a3
core   0: 3 0x80003c66 (0x8c35) x 8 0x00000000
core   0: 0x80003c68 (0x0233b7b3) mulhu   a5, t2, gp
core   0: 3 0x80003c68 (0x0233b7b3) x15 0x0000000a
core   0: 0x80003c6c (0x00008796) c.mv    a5, t0
core   0: 3 0x80003c6c (0x8796) x15 0x00000001
core   0: 0x80003c6e (0x039f0cb3) mul     s9, t5, s9
core   0: 3 0x80003c6e (0x039f0cb3) x25 0x7fff05d5
core   0: 0x80003c72 (0xb17cc913) xori    s2, s9, -1257
core   0: 3 0x80003c72 (0xb17cc913) x18 0x8000fec2
core   0: 0x80003c76 (0x0007ab33) slt     s6, a5, zero
core   0: 3 0x80003c76 (0x0007ab33) x22 0x00000000
core   0: 0x80003c7a (0x00008d65) c.and   a0, s1
core   0: 3 0x80003c7a (0x8d65) x10 0x00000001
core   0: 0x80003c7c (0x03726a33) rem     s4, tp, s7
core   0: 3 0x80003c7c (0x03726a33) x20 0xfffffa0f
core   0: 0x80003c80 (0x01ed4933) xor     s2, s10, t5
core   0: 3 0x80003c80 (0x01ed4933) x18 0x661fcdd5
core   0: 0x80003c84 (0x40c2d6b3) sra     a3, t0, a2
core   0: 3 0x80003c84 (0x40c2d6b3) x13 0x00000000
core   0: 0x80003c88 (0x00001efd) c.addi  t4, -1
core   0: 3 0x80003c88 (0x1efd) x29 0x00000000
core   0: 0x80003c8a (0x00000001) c.nop
core   0: 3 0x80003c8a (0x0001)
core   0: 0x80003c8c (0x00006409) c.lui   s0, 0x2
core   0: 3 0x80003c8c (0x6409) x 8 0x00002000
core   0: 0x80003c8e (0x015fa9b3) slt     s3, t6, s5
core   0: 3 0x80003c8e (0x015fa9b3) x19 0x00000000
core   0: 0x80003c92 (0x00939a33) sll     s4, t2, s1
core   0: 3 0x80003c92 (0x00939a33) x20 0xfffffb92
core   0: 0x80003c96 (0x400f5d33) sra     s10, t5, zero
core   0: 3 0x80003c96 (0x400f5d33) x26 0x7fff05d5
core   0: 0x80003c9a (0x02faa7b3) mulhsu  a5, s5, a5
core   0: 3 0x80003c9a (0x02faa7b3) x15 0xffffffff
core   0: 0x80003c9e (0x00008cc1) c.or    s1, s0
core   0: 3 0x80003c9e (0x8cc1) x 9 0x00002001
core   0: 0x80003ca0 (0x01ca5fb3) srl     t6, s4, t3
core   0: 3 0x80003ca0 (0x01ca5fb3) x31 0x00000fff
core   0: 0x80003ca4 (0x0000851d) c.srai  a0, 7
core   0: 3 0x80003ca4 (0x851d) x10 0x00000000
core   0: 0x80003ca6 (0x00925033) srl     zero, tp, s1
core   0: 3 0x80003ca6 (0x00925033)
core   0: 0x80003caa (0x40f159b3) sra     s3, sp, a5
core   0: 3 0x80003caa (0x40f159b3) x19 0xffffffff
core   0: 0x80003cae (0x0044dfb3) srl     t6, s1, tp
core   0: 3 0x80003cae (0x0044dfb3) x31 0x00000000
core   0: 0x80003cb2 (0x00005d7d) c.li    s10, -1
core   0: 3 0x80003cb2 (0x5d7d) x26 0xffffffff
core   0: 0x80003cb4 (0x6e476a13) ori     s4, a4, 1764
core   0: 3 0x80003cb4 (0x6e476a13) x20 0x8000fee4
core   0: 0x80003cb8 (0x030ccf33) div     t5, s9, a6
core   0: 3 0x80003cb8 (0x030ccf33) x30 0x0ba2d1fc
core   0: 0x80003cbc (0x00000c25) c.addi  s8, 9
core   0: 3 0x80003cbc (0x0c25) x24 0x00000009
core   0: 0x80003cbe (0x019d66b7) lui     a3, 0x19d6
core   0: 3 0x80003cbe (0x019d66b7) x13 0x019d6000
core   0: 0x80003cc2 (0x01e0dfb3) srl     t6, ra, t5
core   0: 3 0x80003cc2 (0x01e0dfb3) x31 0x00000007
core   0: 0x80003cc6 (0x000051fd) c.li    gp, -1
core   0: 3 0x80003cc6 (0x51fd) x 3 0xffffffff
core   0: 0x80003cc8 (0x41108033) sub     zero, ra, a7
core   0: 3 0x80003cc8 (0x41108033)
core   0: 0x80003ccc (0x013ad2b3) srl     t0, s5, s3
core   0: 3 0x80003ccc (0x013ad2b3) x 5 0x00000001
core   0: 0x80003cd0 (0x036186b3) mul     a3, gp, s6
core   0: 3 0x80003cd0 (0x036186b3) x13 0x00000000
core   0: 0x80003cd4 (0xdc5cce93) xori    t4, s9, -571
core   0: 3 0x80003cd4 (0xdc5cce93) x29 0x8000f810
core   0: 0x80003cd8 (0x267ec913) xori    s2, t4, 615
core   0: 3 0x80003cd8 (0x267ec913) x18 0x8000fa77
core   0: 0x80003cdc (0x00a74ab3) xor     s5, a4, a0
core   0: 3 0x80003cdc (0x00a74ab3) x21 0x8000fe64
core   0: 0x80003ce0 (0x40585fb3) sra     t6, a6, t0
core   0: 3 0x80003ce0 (0x40585fb3) x31 0x00000005
core   0: 0x80003ce4 (0x00006f25) c.lui   t5, 0x9
core   0: 3 0x80003ce4 (0x6f25) x30 0x00009000
core   0: 0x80003ce6 (0x032fdfb3) divu    t6, t6, s2
core   0: 3 0x80003ce6 (0x032fdfb3) x31 0x00000000
core   0: 0x80003cea (0x02c2e3b3) rem     t2, t0, a2
core   0: 3 0x80003cea (0x02c2e3b3) x 7 0x00000001
core   0: 0x80003cee (0x0151d333) srl     t1, gp, s5
core   0: 3 0x80003cee (0x0151d333) x 6 0x0fffffff
core   0: 0x80003cf2 (0x67c3fa93) andi    s5, t2, 1660
core   0: 3 0x80003cf2 (0x67c3fa93) x21 0x00000000
core   0: 0x80003cf6 (0xfff00493) li      s1, -1
core   0: 3 0x80003cf6 (0xfff00493) x 9 0xffffffff
core   0: 0x80003cfa (0xfff00413) li      s0, -1
core   0: 3 0x80003cfa (0xfff00413) x 8 0xffffffff
core   0: 0x80003cfe (0x00004681) c.li    a3, 0
core   0: 3 0x80003cfe (0x4681) x13 0x00000000
core   0: 0x80003d00 (0xfff00f13) li      t5, -1
core   0: 3 0x80003d00 (0xfff00f13) x30 0xffffffff
core   0: 0x80003d04 (0x80000eb7) lui     t4, 0x80000
core   0: 3 0x80003d04 (0x80000eb7) x29 0x80000000
core   0: 0x80003d08 (0x800005b7) lui     a1, 0x80000
core   0: 3 0x80003d08 (0x800005b7) x11 0x80000000
core   0: 0x80003d0c (0x1f79bbb7) lui     s7, 0x1f79b
core   0: 3 0x80003d0c (0x1f79bbb7) x23 0x1f79b000
core   0: 0x80003d10 (0x5dcb8b93) addi    s7, s7, 1500
core   0: 3 0x80003d10 (0x5dcb8b93) x23 0x1f79b5dc
core   0: 0x80003d14 (0xfff00913) li      s2, -1
core   0: 3 0x80003d14 (0xfff00913) x18 0xffffffff
core   0: 0x80003d18 (0xfff00513) li      a0, -1
core   0: 3 0x80003d18 (0xfff00513) x10 0xffffffff
core   0: 0x80003d1c (0x00004301) c.li    t1, 0
core   0: 3 0x80003d1c (0x4301) x 6 0x00000000
core   0: 0x80003d1e (0xfbce6917) auipc   s2, 0xfbce6
core   0: 3 0x80003d1e (0xfbce6917) x18 0x7bce9d1e
core   0: 0x80003d22 (0x02b37333) remu    t1, t1, a1
core   0: 3 0x80003d22 (0x02b37333) x 6 0x00000000
core   0: 0x80003d26 (0x40be86b3) sub     a3, t4, a1
core   0: 3 0x80003d26 (0x40be86b3) x13 0x00000000
core   0: 0x80003d2a (0x02a59433) mulh    s0, a1, a0
core   0: 3 0x80003d2a (0x02a59433) x 8 0x00000000
core   0: 0x80003d2e (0x02abb333) mulhu   t1, s7, a0
core   0: 3 0x80003d2e (0x02abb333) x 6 0x1f79b5db
core   0: 0x80003d32 (0x03e90933) mul     s2, s2, t5
core   0: 3 0x80003d32 (0x03e90933) x18 0x843162e2
core   0: 0x80003d36 (0x02a4feb3) remu    t4, s1, a0
core   0: 3 0x80003d36 (0x02a4feb3) x29 0x00000000
core   0: 0x80003d3a (0x7a6965b7) lui     a1, 0x7a696
core   0: 3 0x80003d3a (0x7a6965b7) x11 0x7a696000
core   0: 0x80003d3e (0x03e32333) mulhsu  t1, t1, t5
core   0: 3 0x80003d3e (0x03e32333) x 6 0x1f79b5da
core   0: 0x80003d42 (0x00d58eb3) add     t4, a1, a3
core   0: 3 0x80003d42 (0x00d58eb3) x29 0x7a696000
core   0: 0x80003d46 (0x412906b3) sub     a3, s2, s2
core   0: 3 0x80003d46 (0x412906b3) x13 0x00000000
core   0: 0x80003d4a (0x0324c4b3) div     s1, s1, s2
core   0: 3 0x80003d4a (0x0324c4b3) x 9 0x00000000
core   0: 0x80003d4e (0x02642f33) mulhsu  t5, s0, t1
core   0: 3 0x80003d4e (0x02642f33) x30 0x00000000
core   0: 0x80003d52 (0x02ded433) divu    s0, t4, a3
core   0: 3 0x80003d52 (0x02ded433) x 8 0xffffffff
core   0: 0x80003d56 (0x81c03b97) auipc   s7, 0x81c03
core   0: 3 0x80003d56 (0x81c03b97) x23 0x01c06d56
core   0: 0x80003d5a (0x5af27317) auipc   t1, 0x5af27
core   0: 3 0x80003d5a (0x5af27317) x 6 0xdaf2ad5a
core   0: 0x80003d5e (0x35d50593) addi    a1, a0, 861
core   0: 3 0x80003d5e (0x35d50593) x11 0x0000035c
core   0: 0x80003d62 (0x026904b3) mul     s1, s2, t1
core   0: 3 0x80003d62 (0x026904b3) x 9 0xc6d37d74
core   0: 0x80003d66 (0x41268433) sub     s0, a3, s2
core   0: 3 0x80003d66 (0x41268433) x 8 0x7bce9d1e
core   0: 0x80003d6a (0x78fcc313) xori    t1, s9, 1935
core   0: 3 0x80003d6a (0x78fcc313) x 6 0x7fff025a
core   0: 0x80003d6e (0x02bb1bb3) mulh    s7, s6, a1
core   0: 3 0x80003d6e (0x02bb1bb3) x23 0x00000000
core   0: 0x80003d72 (0x40a202b3) sub     t0, tp, a0
core   0: 3 0x80003d72 (0x40a202b3) x 5 0xfffffa10
core   0: 0x80003d76 (0x0263e233) rem     tp, t2, t1
core   0: 3 0x80003d76 (0x0263e233) x 4 0x00000001
core   0: 0x80003d7a (0x00000216) c.slli  tp, 5
core   0: 3 0x80003d7a (0x0216) x 4 0x00000020
core   0: 0x80003d7c (0x00000852) c.slli  a6, 20
core   0: 3 0x80003d7c (0x0852) x16 0x00b00000
core   0: 0x80003d7e (0x00008de9) c.and   a1, a0
core   0: 3 0x80003d7e (0x8de9) x11 0x0000035c
core   0: 0x80003d80 (0x030d0cb3) mul     s9, s10, a6
core   0: 3 0x80003d80 (0x030d0cb3) x25 0xff500000
core   0: 0x80003d84 (0x0177b0b3) sltu    ra, a5, s7
core   0: 3 0x80003d84 (0x0177b0b3) x 1 0x00000000
core   0: 0x80003d88 (0x28782d13) slti    s10, a6, 647
core   0: 3 0x80003d88 (0x28782d13) x26 0x00000000
core   0: 0x80003d8c (0x00008255) c.srli  a2, 21
core   0: 3 0x80003d8c (0x8255) x12 0x000007ff
core   0: 0x80003d8e (0x4116d7b3) sra     a5, a3, a7
core   0: 3 0x80003d8e (0x4116d7b3) x15 0x00000000
core   0: 0x80003d92 (0x41a58bb3) sub     s7, a1, s10
core   0: 3 0x80003d92 (0x41a58bb3) x23 0x0000035c
core   0: 0x80003d96 (0x011a97b3) sll     a5, s5, a7
core   0: 3 0x80003d96 (0x011a97b3) x15 0x00000000
core   0: 0x80003d9a (0x0201ed33) rem     s10, gp, zero
core   0: 3 0x80003d9a (0x0201ed33) x26 0xffffffff
core   0: 0x80003d9e (0x0283fa33) remu    s4, t2, s0
core   0: 3 0x80003d9e (0x0283fa33) x20 0x00000001
core   0: 0x80003da2 (0x02914a33) div     s4, sp, s1
core   0: 3 0x80003da2 (0x02914a33) x20 0x00000002
core   0: 0x80003da6 (0xbbf5f537) lui     a0, 0xbbf5f
core   0: 3 0x80003da6 (0xbbf5f537) x10 0xbbf5f000
core   0: 0x80003daa (0x02910833) mul     a6, sp, s1
core   0: 3 0x80003daa (0x02910833) x16 0x2336eb50
core   0: 0x80003dae (0x19dec913) xori    s2, t4, 413
core   0: 3 0x80003dae (0x19dec913) x18 0x7a69619d
core   0: 0x80003db2 (0xc18ecf13) xori    t5, t4, -1000
core   0: 3 0x80003db2 (0xc18ecf13) x30 0x85969c18
core   0: 0x80003db6 (0x00a5c4b3) xor     s1, a1, a0
core   0: 3 0x80003db6 (0x00a5c4b3) x 9 0xbbf5f35c
core   0: 0x80003dba (0x0267a8b3) mulhsu  a7, a5, t1
core   0: 3 0x80003dba (0x0267a8b3) x17 0x00000000
core   0: 0x80003dbe (0x000062f5) c.lui   t0, 0x1d
core   0: 3 0x80003dbe (0x62f5) x 5 0x0001d000
core   0: 0x80003dc0 (0x000045bd) c.li    a1, 15
core   0: 3 0x80003dc0 (0x45bd) x11 0x0000000f
core   0: 0x80003dc2 (0x026d2b33) mulhsu  s6, s10, t1
core   0: 3 0x80003dc2 (0x026d2b33) x22 0xffffffff
core   0: 0x80003dc6 (0x02504fb3) div     t6, zero, t0
core   0: 3 0x80003dc6 (0x02504fb3) x31 0x00000000
core   0: 0x80003dca (0xcf25b297) auipc   t0, 0xcf25b
core   0: 3 0x80003dca (0xcf25b297) x 5 0x4f25edca
core   0: 0x80003dce (0x3840c893) xori    a7, ra, 900
core   0: 3 0x80003dce (0x3840c893) x17 0x00000384
core   0: 0x80003dd2 (0x4039d433) sra     s0, s3, gp
core   0: 3 0x80003dd2 (0x4039d433) x 8 0xffffffff
core   0: 0x80003dd6 (0x008be1b3) or      gp, s7, s0
core   0: 3 0x80003dd6 (0x008be1b3) x 3 0xffffffff
core   0: 0x80003dda (0x029173b3) remu    t2, sp, s1
core   0: 3 0x80003dda (0x029173b3) x 7 0x80013ce4
core   0: 0x80003dde (0x00008c06) c.mv    s8, ra
core   0: 3 0x80003dde (0x8c06) x24 0x00000000
core   0: 0x80003de0 (0x405453b3) sra     t2, s0, t0
core   0: 3 0x80003de0 (0x405453b3) x 7 0xffffffff
core   0: 0x80003de4 (0x000061bd) c.lui   gp, 0xf
core   0: 3 0x80003de4 (0x61bd) x 3 0x0000f000
core   0: 0x80003de6 (0x00000001) c.nop
core   0: 3 0x80003de6 (0x0001)
core   0: 0x80003de8 (0x016fd2b3) srl     t0, t6, s6
core   0: 3 0x80003de8 (0x016fd2b3) x 5 0x00000000
core   0: 0x80003dec (0x000063ed) c.lui   t2, 0x1b
core   0: 3 0x80003dec (0x63ed) x 7 0x0001b000
core   0: 0x80003dee (0x3875bc97) auipc   s9, 0x3875b
core   0: 3 0x80003dee (0x3875bc97) x25 0xb875edee
core   0: 0x80003df2 (0x00000001) c.nop
core   0: 3 0x80003df2 (0x0001)
core   0: 0x80003df4 (0x00000001) c.nop
core   0: 3 0x80003df4 (0x0001)
core   0: 0x80003df6 (0x00fde5b3) or      a1, s11, a5
core   0: 3 0x80003df6 (0x00fde5b3) x11 0x80000000
core   0: 0x80003dfa (0x00259e13) slli    t3, a1, 2
core   0: 3 0x80003dfa (0x00259e13) x28 0x00000000
core   0: 0x80003dfe (0x031f8633) mul     a2, t6, a7
core   0: 3 0x80003dfe (0x031f8633) x12 0x00000000
core   0: 0x80003e02 (0x0151a333) slt     t1, gp, s5
core   0: 3 0x80003e02 (0x0151a333) x 6 0x00000000
core   0: 0x80003e06 (0x00006691) c.lui   a3, 0x4
core   0: 3 0x80003e06 (0x6691) x13 0x00004000
core   0: 0x80003e08 (0x016c9793) slli    a5, s9, 22
core   0: 3 0x80003e08 (0x016c9793) x15 0x7b800000
core   0: 0x80003e0c (0xa949cf93) xori    t6, s3, -1388
core   0: 3 0x80003e0c (0xa949cf93) x31 0x0000056b
core   0: 0x80003e10 (0x0099ef33) or      t5, s3, s1
core   0: 3 0x80003e10 (0x0099ef33) x30 0xffffffff
core   0: 0x80003e14 (0x410e5c13) srai    s8, t3, 16
core   0: 3 0x80003e14 (0x410e5c13) x24 0x00000000
core   0: 0x80003e18 (0x00008c6d) c.and   s0, a1
core   0: 3 0x80003e18 (0x8c6d) x 8 0x80000000
core   0: 0x80003e1a (0x015685b3) add     a1, a3, s5
core   0: 3 0x80003e1a (0x015685b3) x11 0x00004000
core   0: 0x80003e1e (0x40a52b93) slti    s7, a0, 1034
core   0: 3 0x80003e1e (0x40a52b93) x23 0x00000001
core   0: 0x80003e22 (0x01cacd33) xor     s10, s5, t3
core   0: 3 0x80003e22 (0x01cacd33) x26 0x00000000
core   0: 0x80003e26 (0x010d5913) srli    s2, s10, 16
core   0: 3 0x80003e26 (0x010d5913) x18 0x00000000
core   0: 0x80003e2a (0x406c03b3) sub     t2, s8, t1
core   0: 3 0x80003e2a (0x406c03b3) x 7 0x00000000
core   0: 0x80003e2e (0x00008e1d) c.sub   a2, a5
core   0: 3 0x80003e2e (0x8e1d) x12 0x84800000
core   0: 0x80003e30 (0x0219fb33) remu    s6, s3, ra
core   0: 3 0x80003e30 (0x0219fb33) x22 0xffffffff
core   0: 0x80003e34 (0xa5c5be93) sltiu   t4, a1, -1444
core   0: 3 0x80003e34 (0xa5c5be93) x29 0x00000001
core   0: 0x80003e38 (0x019f83b3) add     t2, t6, s9
core   0: 3 0x80003e38 (0x019f83b3) x 7 0xb875f359
core   0: 0x80003e3c (0x642d6993) ori     s3, s10, 1602
core   0: 3 0x80003e3c (0x642d6993) x19 0x00000642
core   0: 0x80003e40 (0x00000001) c.nop
core   0: 3 0x80003e40 (0x0001)
core   0: 0x80003e42 (0x1d551a17) auipc   s4, 0x1d551
core   0: 3 0x80003e42 (0x1d551a17) x20 0x9d554e42
core   0: 0x80003e46 (0xe4d00413) li      s0, -435
core   0: 3 0x80003e46 (0xe4d00413) x 8 0xfffffe4d
core   0: 0x80003e4a (0x5e830593) addi    a1, t1, 1512
core   0: 3 0x80003e4a (0x5e830593) x11 0x000005e8
core   0: 0x80003e4e (0x02d00333) mul     t1, zero, a3
core   0: 3 0x80003e4e (0x02d00333) x 6 0x00000000
core   0: 0x80003e52 (0x00008f9d) c.sub   a5, a5
core   0: 3 0x80003e52 (0x8f9d) x15 0x00000000
core   0: 0x80003e54 (0x03db5d33) divu    s10, s6, t4
core   0: 3 0x80003e54 (0x03db5d33) x26 0xffffffff
core   0: 0x80003e58 (0x000080b5) c.srli  s1, 13
core   0: 3 0x80003e58 (0x80b5) x 9 0x0005dfaf
core   0: 0x80003e5a (0x0243ceb3) div     t4, t2, tp
core   0: 3 0x80003e5a (0x0243ceb3) x29 0xfdc3af9b
core   0: 0x80003e5e (0x000098fd) c.andi  s1, -1
core   0: 3 0x80003e5e (0x98fd) x 9 0x0005dfaf
core   0: 0x80003e60 (0x001c2633) slt     a2, s8, ra
core   0: 3 0x80003e60 (0x001c2633) x12 0x00000000
core   0: 0x80003e64 (0x00000001) c.nop
core   0: 3 0x80003e64 (0x0001)
core   0: 0x80003e66 (0x40aa8033) sub     zero, s5, a0
core   0: 3 0x80003e66 (0x40aa8033)
core   0: 0x80003e6a (0x00008d4d) c.or    a0, a1
core   0: 3 0x80003e6a (0x8d4d) x10 0xbbf5f5e8
core   0: 0x80003e6c (0x01515593) srli    a1, sp, 21
core   0: 3 0x80003e6c (0x01515593) x11 0x00000400
core   0: 0x80003e70 (0x039a36b3) mulhu   a3, s4, s9
core   0: 3 0x80003e70 (0x039a36b3) x13 0x715dca76
core   0: 0x80003e74 (0x0000680d) c.lui   a6, 0x3
core   0: 3 0x80003e74 (0x680d) x16 0x00003000
core   0: 0x80003e76 (0x000089cd) c.andi  a1, 19
core   0: 3 0x80003e76 (0x89cd) x11 0x00000000
core   0: 0x80003e78 (0x0044f833) and     a6, s1, tp
core   0: 3 0x80003e78 (0x0044f833) x16 0x00000020
core   0: 0x80003e7c (0x412901b3) sub     gp, s2, s2
core   0: 3 0x80003e7c (0x412901b3) x 3 0x00000000
core   0: 0x80003e80 (0x00000001) c.nop
core   0: 3 0x80003e80 (0x0001)
core   0: 0x80003e82 (0x03c02633) mulhsu  a2, zero, t3
core   0: 3 0x80003e82 (0x03c02633) x12 0x00000000
core   0: 0x80003e86 (0x000b5993) srli    s3, s6, 0
core   0: 3 0x80003e86 (0x000b5993) x19 0xffffffff
core   0: 0x80003e8a (0x00000001) c.nop
core   0: 3 0x80003e8a (0x0001)
core   0: 0x80003e8c (0x000008ad) c.addi  a7, 11
core   0: 3 0x80003e8c (0x08ad) x17 0x0000038f
core   0: 0x80003e8e (0x00167833) and     a6, a2, ra
core   0: 3 0x80003e8e (0x00167833) x16 0x00000000
core   0: 0x80003e92 (0x014fcbb3) xor     s7, t6, s4
core   0: 3 0x80003e92 (0x014fcbb3) x23 0x9d554b29
core   0: 0x80003e96 (0x01777fb3) and     t6, a4, s7
core   0: 3 0x80003e96 (0x01777fb3) x31 0x80004a20
core   0: 0x80003e9a (0x7d694413) xori    s0, s2, 2006
core   0: 3 0x80003e9a (0x7d694413) x 8 0x000007d6
core   0: 0x80003e9e (0x017b5fb3) srl     t6, s6, s7
core   0: 3 0x80003e9e (0x017b5fb3) x31 0x007fffff
core   0: 0x80003ea2 (0x00008021) c.srli  s0, 8
core   0: 3 0x80003ea2 (0x8021) x 8 0x00000007
core   0: 0x80003ea4 (0xa436ec13) ori     s8, a3, -1469
core   0: 3 0x80003ea4 (0xa436ec13) x24 0xfffffa77
core   0: 0x80003ea8 (0x01d240b3) xor     ra, tp, t4
core   0: 3 0x80003ea8 (0x01d240b3) x 1 0xfdc3afbb
core   0: 0x80003eac (0xc62a0097) auipc   ra, 0xc62a0
core   0: 3 0x80003eac (0xc62a0097) x 1 0x462a3eac
core   0: 0x80003eb0 (0x0029d6b3) srl     a3, s3, sp
core   0: 3 0x80003eb0 (0x0029d6b3) x13 0x0fffffff
core   0: 0x80003eb4 (0x000080a5) c.srli  s1, 9
core   0: 3 0x80003eb4 (0x80a5) x 9 0x000002ef
core   0: 0x80003eb6 (0x03ea2633) mulhsu  a2, s4, t5
core   0: 3 0x80003eb6 (0x03ea2633) x12 0x9d554e42
core   0: 0x80003eba (0x005cee33) or      t3, s9, t0
core   0: 3 0x80003eba (0x005cee33) x28 0xb875edee
core   0: 0x80003ebe (0x000085b5) c.srai  a1, 13
core   0: 3 0x80003ebe (0x85b5) x11 0x00000000
core   0: 0x80003ec0 (0x033bac33) mulhsu  s8, s7, s3
core   0: 3 0x80003ec0 (0x033bac33) x24 0x9d554b29
core   0: 0x80003ec4 (0x037260b3) rem     ra, tp, s7
core   0: 3 0x80003ec4 (0x037260b3) x 1 0x00000020
core   0: 0x80003ec8 (0x00006c3d) c.lui   s8, 0xf
core   0: 3 0x80003ec8 (0x6c3d) x24 0x0000f000
core   0: 0x80003eca (0x00000afe) c.slli  s5, 31
core   0: 3 0x80003eca (0x0afe) x21 0x00000000
core   0: 0x80003ecc (0x83550e93) addi    t4, a0, -1995
core   0: 3 0x80003ecc (0x83550e93) x29 0xbbf5ee1d
core   0: 0x80003ed0 (0x0000036a) c.slli  t1, 26
core   0: 3 0x80003ed0 (0x036a) x 6 0x00000000
core   0: 0x80003ed2 (0xbc69ca93) xori    s5, s3, -1082
core   0: 3 0x80003ed2 (0xbc69ca93) x21 0x00000439
core   0: 0x80003ed6 (0x000086b1) c.srai  a3, 12
core   0: 3 0x80003ed6 (0x86b1) x13 0x0000ffff
core   0: 0x80003ed8 (0x0370e7b3) rem     a5, ra, s7
core   0: 3 0x80003ed8 (0x0370e7b3) x15 0x00000020
core   0: 0x80003edc (0x00006b55) c.lui   s6, 0x15
core   0: 3 0x80003edc (0x6b55) x22 0x00015000
core   0: 0x80003ede (0x6bb7aa13) slti    s4, a5, 1723
core   0: 3 0x80003ede (0x6bb7aa13) x20 0x00000001
core   0: 0x80003ee2 (0x02676a33) rem     s4, a4, t1
core   0: 3 0x80003ee2 (0x02676a33) x20 0x8000fe64
core   0: 0x80003ee6 (0x00810933) add     s2, sp, s0
core   0: 3 0x80003ee6 (0x00810933) x18 0x80013ceb
core   0: 0x80003eea (0x000015fd) c.addi  a1, -1
core   0: 3 0x80003eea (0x15fd) x11 0xffffffff
core   0: 0x80003eec (0x00004c81) c.li    s9, 0
core   0: 3 0x80003eec (0x4c81) x25 0x00000000
core   0: 0x80003eee (0x01c3d793) srli    a5, t2, 28
core   0: 3 0x80003eee (0x01c3d793) x15 0x0000000b
core   0: 0x80003ef2 (0x0c7ac013) xori    zero, s5, 199
core   0: 3 0x80003ef2 (0x0c7ac013)
core   0: 0x80003ef6 (0xc94bac13) slti    s8, s7, -876
core   0: 3 0x80003ef6 (0xc94bac13) x24 0x00000001
core   0: 0x80003efa (0x014b2c33) slt     s8, s6, s4
core   0: 3 0x80003efa (0x014b2c33) x24 0x00000000
core   0: 0x80003efe (0x00008679) c.srai  a2, 30
core   0: 3 0x80003efe (0x8679) x12 0xfffffffe
core   0: 0x80003f00 (0x00006ae9) c.lui   s5, 0x1a
core   0: 3 0x80003f00 (0x6ae9) x21 0x0001a000
core   0: 0x80003f02 (0x00008575) c.srai  a0, 29
core   0: 3 0x80003f02 (0x8575) x10 0xfffffffd
core   0: 0x80003f04 (0x038bf233) remu    tp, s7, s8
core   0: 3 0x80003f04 (0x038bf233) x 4 0x9d554b29
core   0: 0x80003f08 (0x41a0dfb3) sra     t6, ra, s10
core   0: 3 0x80003f08 (0x41a0dfb3) x31 0x00000000
core   0: 0x80003f0c (0x0000966a) c.add   a2, s10
core   0: 3 0x80003f0c (0x966a) x12 0xfffffffd
core   0: 0x80003f0e (0x026ff033) remu    zero, t6, t1
core   0: 3 0x80003f0e (0x026ff033)
core   0: 0x80003f12 (0xbc2f1917) auipc   s2, 0xbc2f1
core   0: 3 0x80003f12 (0xbc2f1917) x18 0x3c2f4f12
core   0: 0x80003f16 (0x4161d6b3) sra     a3, gp, s6
core   0: 3 0x80003f16 (0x4161d6b3) x13 0x00000000
core   0: 0x80003f1a (0x0000997d) c.andi  a0, -1
core   0: 3 0x80003f1a (0x997d) x10 0xfffffffd
core   0: 0x80003f1c (0x023dbc33) mulhu   s8, s11, gp
core   0: 3 0x80003f1c (0x023dbc33) x24 0x00000000
core   0: 0x80003f20 (0x00008f81) c.sub   a5, s0
core   0: 3 0x80003f20 (0x8f81) x15 0x00000004
core   0: 0x80003f22 (0x00008df5) c.and   a1, a3
core   0: 3 0x80003f22 (0x8df5) x11 0x00000000
core   0: 0x80003f24 (0x00008949) c.andi  a0, 18
core   0: 3 0x80003f24 (0x8949) x10 0x00000010
core   0: 0x80003f26 (0x0095ec33) or      s8, a1, s1
core   0: 3 0x80003f26 (0x0095ec33) x24 0x000002ef
core   0: 0x80003f2a (0xb5a06c13) ori     s8, zero, -1190
core   0: 3 0x80003f2a (0xb5a06c13) x24 0xfffffb5a
core   0: 0x80003f2e (0x92407c97) auipc   s9, 0x92407
core   0: 3 0x80003f2e (0x92407c97) x25 0x1240af2e
core   0: 0x80003f32 (0xeb209097) auipc   ra, 0xeb209
core   0: 3 0x80003f32 (0xeb209097) x 1 0x6b20cf32
core   0: 0x80003f36 (0x021b8bb3) mul     s7, s7, ra
core   0: 3 0x80003f36 (0x021b8bb3) x23 0x3a8ed502
core   0: 0x80003f3a (0x024595b3) mulh    a1, a1, tp
core   0: 3 0x80003f3a (0x024595b3) x11 0x00000000
core   0: 0x80003f3e (0x014f49b3) xor     s3, t5, s4
core   0: 3 0x80003f3e (0x014f49b3) x19 0x7fff019b
core   0: 0x80003f42 (0x00004b19) c.li    s6, 6
core   0: 3 0x80003f42 (0x4b19) x22 0x00000006
core   0: 0x80003f44 (0x41ced433) sra     s0, t4, t3
core   0: 3 0x80003f44 (0x41ced433) x 8 0xfffeefd7
core   0: 0x80003f48 (0x000087d9) c.srai  a5, 22
core   0: 3 0x80003f48 (0x87d9) x15 0x00000000
core   0: 0x80003f4a (0x016a9693) slli    a3, s5, 22
core   0: 3 0x80003f4a (0x016a9693) x13 0x00000000
core   0: 0x80003f4e (0x554e80b7) lui     ra, 0x554e8
core   0: 3 0x80003f4e (0x554e80b7) x 1 0x554e8000
core   0: 0x80003f52 (0x00008d61) c.and   a0, s0
core   0: 3 0x80003f52 (0x8d61) x10 0x00000010
core   0: 0x80003f54 (0x06d4f193) andi    gp, s1, 109
core   0: 3 0x80003f54 (0x06d4f193) x 3 0x0000006d
core   0: 0x80003f58 (0x80000eb7) lui     t4, 0x80000
core   0: 3 0x80003f58 (0x80000eb7) x29 0x80000000
core   0: 0x80003f5c (0xfff00593) li      a1, -1
core   0: 3 0x80003f5c (0xfff00593) x11 0xffffffff
core   0: 0x80003f60 (0x05925937) lui     s2, 0x5925
core   0: 3 0x80003f60 (0x05925937) x18 0x05925000
core   0: 0x80003f64 (0xeeb90913) addi    s2, s2, -277
core   0: 3 0x80003f64 (0xeeb90913) x18 0x05924eeb
core   0: 0x80003f68 (0x00004d01) c.li    s10, 0
core   0: 3 0x80003f68 (0x4d01) x26 0x00000000
core   0: 0x80003f6a (0x00004201) c.li    tp, 0
core   0: 3 0x80003f6a (0x4201) x 4 0x00000000
core   0: 0x80003f6c (0xfff00093) li      ra, -1
core   0: 3 0x80003f6c (0xfff00093) x 1 0xffffffff
core   0: 0x80003f70 (0x00004781) c.li    a5, 0
core   0: 3 0x80003f70 (0x4781) x15 0x00000000
core   0: 0x80003f72 (0xe6eedc37) lui     s8, 0xe6eed
core   0: 3 0x80003f72 (0xe6eedc37) x24 0xe6eed000
core   0: 0x80003f76 (0x735c0c13) addi    s8, s8, 1845
core   0: 3 0x80003f76 (0x735c0c13) x24 0xe6eed735
core   0: 0x80003f7a (0xfff00293) li      t0, -1
core   0: 3 0x80003f7a (0xfff00293) x 5 0xffffffff
core   0: 0x80003f7e (0x800003b7) lui     t2, 0x80000
core   0: 3 0x80003f7e (0x800003b7) x 7 0x80000000
core   0: 0x80003f82 (0x0380b5b3) mulhu   a1, ra, s8
core   0: 3 0x80003f82 (0x0380b5b3) x11 0xe6eed734
core   0: 0x80003f86 (0x038272b3) remu    t0, tp, s8
core   0: 3 0x80003f86 (0x038272b3) x 5 0x00000000
core   0: 0x80003f8a (0x02b5d0b3) divu    ra, a1, a1
core   0: 3 0x80003f8a (0x02b5d0b3) x 1 0x00000001
core   0: 0x80003f8e (0x02b0dc33) divu    s8, ra, a1
core   0: 3 0x80003f8e (0x02b0dc33) x24 0x00000000
core   0: 0x80003f92 (0x00000001) c.nop
core   0: 3 0x80003f92 (0x0001)
core   0: 0x80003f94 (0x8b5d0c13) addi    s8, s10, -1867
core   0: 3 0x80003f94 (0x8b5d0c13) x24 0xfffff8b5
core   0: 0x80003f98 (0x2e69c3b7) lui     t2, 0x2e69c
core   0: 3 0x80003f98 (0x2e69c3b7) x 7 0x2e69c000
core   0: 0x80003f9c (0x40f08233) sub     tp, ra, a5
core   0: 3 0x80003f9c (0x40f08233) x 4 0x00000001
core   0: 0x80003fa0 (0x56f11e97) auipc   t4, 0x56f11
core   0: 3 0x80003fa0 (0x56f11e97) x29 0xd6f14fa0
core   0: 0x80003fa4 (0x027eb3b3) mulhu   t2, t4, t2
core   0: 3 0x80003fa4 (0x027eb3b3) x 7 0x26f8267d
core   0: 0x80003fa8 (0x024ead33) mulhsu  s10, t4, tp
core   0: 3 0x80003fa8 (0x024ead33) x26 0xffffffff
core   0: 0x80003fac (0x0243b2b3) mulhu   t0, t2, tp
core   0: 3 0x80003fac (0x0243b2b3) x 5 0x00000000
core   0: 0x80003fb0 (0x021097b3) mulh    a5, ra, ra
core   0: 3 0x80003fb0 (0x021097b3) x15 0x00000000
core   0: 0x80003fb4 (0x02190eb3) mul     t4, s2, ra
core   0: 3 0x80003fb4 (0x02190eb3) x29 0x05924eeb
core   0: 0x80003fb8 (0x018e8933) add     s2, t4, s8
core   0: 3 0x80003fb8 (0x018e8933) x18 0x059247a0
core   0: 0x80003fbc (0x03ac6933) rem     s2, s8, s10
core   0: 3 0x80003fbc (0x03ac6933) x18 0x00000000
core   0: 0x80003fc0 (0x03824eb3) div     t4, tp, s8
core   0: 3 0x80003fc0 (0x03824eb3) x29 0x00000000
core   0: 0x80003fc4 (0x025e97b3) mulh    a5, t4, t0
core   0: 3 0x80003fc4 (0x025e97b3) x15 0x00000000
core   0: 0x80003fc8 (0xca058593) addi    a1, a1, -864
core   0: 3 0x80003fc8 (0xca058593) x11 0xe6eed3d4
core   0: 0x80003fcc (0x410c0c13) addi    s8, s8, 1040
core   0: 3 0x80003fcc (0x410c0c13) x24 0xfffffcc5
core   0: 0x80003fd0 (0x066fcab7) lui     s5, 0x66fc
core   0: 3 0x80003fd0 (0x066fcab7) x21 0x066fc000
core   0: 0x80003fd4 (0x006bbe33) sltu    t3, s7, t1
core   0: 3 0x80003fd4 (0x006bbe33) x28 0x00000000
core   0: 0x80003fd8 (0x02ce52b3) divu    t0, t3, a2
core   0: 3 0x80003fd8 (0x02ce52b3) x 5 0x00000000
core   0: 0x80003fdc (0x40a650b3) sra     ra, a2, a0
core   0: 3 0x80003fdc (0x40a650b3) x 1 0xffffffff
core   0: 0x80003fe0 (0x3e67e417) auipc   s0, 0x3e67e
core   0: 3 0x80003fe0 (0x3e67e417) x 8 0xbe681fe0
core   0: 0x80003fe4 (0x014cfbb3) and     s7, s9, s4
core   0: 3 0x80003fe4 (0x014cfbb3) x23 0x0000ae24
core   0: 0x80003fe8 (0x03b9c1b3) div     gp, s3, s11
core   0: 3 0x80003fe8 (0x03b9c1b3) x 3 0x00000000
core   0: 0x80003fec (0x002a9493) slli    s1, s5, 2
core   0: 3 0x80003fec (0x002a9493) x 9 0x19bf0000
core   0: 0x80003ff0 (0x0000813d) c.srli  a0, 15
core   0: 3 0x80003ff0 (0x813d) x10 0x00000000
core   0: 0x80003ff2 (0x01f09fb3) sll     t6, ra, t6
core   0: 3 0x80003ff2 (0x01f09fb3) x31 0xffffffff
core   0: 0x80003ff6 (0x013a6ab3) or      s5, s4, s3
core   0: 3 0x80003ff6 (0x013a6ab3) x21 0xffffffff
core   0: 0x80003ffa (0x000084fd) c.srai  s1, 31
core   0: 3 0x80003ffa (0x84fd) x 9 0x00000000
core   0: 0x80003ffc (0x00aa9193) slli    gp, s5, 10
core   0: 3 0x80003ffc (0x00aa9193) x 3 0xfffffc00
core   0: 0x80004000 (0x00004891) c.li    a7, 4
core   0: 3 0x80004000 (0x4891) x17 0x00000004
core   0: 0x80004002 (0xe0376393) ori     t2, a4, -509
core   0: 3 0x80004002 (0xe0376393) x 7 0xfffffe67
core   0: 0x80004006 (0x00054b33) xor     s6, a0, zero
core   0: 3 0x80004006 (0x00054b33) x22 0x00000000
core   0: 0x8000400a (0x00000001) c.nop
core   0: 3 0x8000400a (0x0001)
core   0: 0x8000400c (0x0075bd33) sltu    s10, a1, t2
core   0: 3 0x8000400c (0x0075bd33) x26 0x00000001
core   0: 0x80004010 (0x00665fb3) srl     t6, a2, t1
core   0: 3 0x80004010 (0x00665fb3) x31 0xfffffffd
core   0: 0x80004014 (0x01f8ab33) slt     s6, a7, t6
core   0: 3 0x80004014 (0x01f8ab33) x22 0x00000000
core   0: 0x80004018 (0x00008865) c.andi  s0, 25
core   0: 3 0x80004018 (0x8865) x 8 0x00000000
core   0: 0x8000401a (0x003e1b13) slli    s6, t3, 3
core   0: 3 0x8000401a (0x003e1b13) x22 0x00000000
core   0: 0x8000401e (0x04e9a313) slti    t1, s3, 78
core   0: 3 0x8000401e (0x04e9a313) x 6 0x00000000
core   0: 0x80004022 (0x00000791) c.addi  a5, 4
core   0: 3 0x80004022 (0x0791) x15 0x00000004
core   0: 0x80004024 (0x00008ea9) c.xor   a3, a0
core   0: 3 0x80004024 (0x8ea9) x13 0x00000000
core   0: 0x80004026 (0x006fe0b3) or      ra, t6, t1
core   0: 3 0x80004026 (0x006fe0b3) x 1 0xfffffffd
core   0: 0x8000402a (0x000095ae) c.add   a1, a1
core   0: 3 0x8000402a (0x95ae) x11 0xcddda7a8
core   0: 0x8000402c (0x029d4033) div     zero, s10, s1
core   0: 3 0x8000402c (0x029d4033)
core   0: 0x80004030 (0x03822cb3) mulhsu  s9, tp, s8
core   0: 3 0x80004030 (0x03822cb3) x25 0x00000000
core   0: 0x80004034 (0x016758b3) srl     a7, a4, s6
core   0: 3 0x80004034 (0x016758b3) x17 0x8000fe64
core   0: 0x80004038 (0x03f7a633) mulhsu  a2, a5, t6
core   0: 3 0x80004038 (0x03f7a633) x12 0x00000003
core   0: 0x8000403c (0x01e69bb3) sll     s7, a3, t5
core   0: 3 0x8000403c (0x01e69bb3) x23 0x00000000
core   0: 0x80004040 (0x02608933) mul     s2, ra, t1
core   0: 3 0x80004040 (0x02608933) x18 0x00000000
core   0: 0x80004044 (0x0000852d) c.srai  a0, 11
core   0: 3 0x80004044 (0x852d) x10 0x00000000
core   0: 0x80004046 (0x016c3cb3) sltu    s9, s8, s6
core   0: 3 0x80004046 (0x016c3cb3) x25 0x00000000
core   0: 0x8000404a (0x03e5d0b3) divu    ra, a1, t5
core   0: 3 0x8000404a (0x03e5d0b3) x 1 0x00000000
core   0: 0x8000404e (0x00319813) slli    a6, gp, 3
core   0: 3 0x8000404e (0x00319813) x16 0xffffe000
core   0: 0x80004052 (0x00006f61) c.lui   t5, 0x18
core   0: 3 0x80004052 (0x6f61) x30 0x00018000
core   0: 0x80004054 (0x41c4d833) sra     a6, s1, t3
core   0: 3 0x80004054 (0x41c4d833) x16 0x00000000
core   0: 0x80004058 (0x8ec6e013) ori     zero, a3, -1812
core   0: 3 0x80004058 (0x8ec6e013)
core   0: 0x8000405c (0x40a6f693) andi    a3, a3, 1034
core   0: 3 0x8000405c (0x40a6f693) x13 0x00000000
core   0: 0x80004060 (0x03b1d333) divu    t1, gp, s11
core   0: 3 0x80004060 (0x03b1d333) x 6 0x00000001
core   0: 0x80004064 (0x000081be) c.mv    gp, a5
core   0: 3 0x80004064 (0x81be) x 3 0x00000004
core   0: 0x80004066 (0x89cba893) slti    a7, s7, -1892
core   0: 3 0x80004066 (0x89cba893) x17 0x00000000
core   0: 0x8000406a (0x41735313) srai    t1, t1, 23
core   0: 3 0x8000406a (0x41735313) x 6 0x00000000
core   0: 0x8000406e (0x7e5cf013) andi    zero, s9, 2021
core   0: 3 0x8000406e (0x7e5cf013)
core   0: 0x80004072 (0x00008196) c.mv    gp, t0
core   0: 3 0x80004072 (0x8196) x 3 0x00000000
core   0: 0x80004074 (0x40385393) srai    t2, a6, 3
core   0: 3 0x80004074 (0x40385393) x 7 0x00000000
core   0: 0x80004078 (0x03777eb3) remu    t4, a4, s7
core   0: 3 0x80004078 (0x03777eb3) x29 0x8000fe64
core   0: 0x8000407c (0x02580e33) mul     t3, a6, t0
core   0: 3 0x8000407c (0x02580e33) x28 0x00000000
core   0: 0x80004080 (0x03171333) mulh    t1, a4, a7
core   0: 3 0x80004080 (0x03171333) x 6 0x00000000
core   0: 0x80004084 (0x0243c533) div     a0, t2, tp
core   0: 3 0x80004084 (0x0243c533) x10 0x00000000
core   0: 0x80004088 (0x03f798b3) mulh    a7, a5, t6
core   0: 3 0x80004088 (0x03f798b3) x17 0xffffffff
core   0: 0x8000408c (0x00004585) c.li    a1, 1
core   0: 3 0x8000408c (0x4585) x11 0x00000001
core   0: 0x8000408e (0x7f204913) xori    s2, zero, 2034
core   0: 3 0x8000408e (0x7f204913) x18 0x000007f2
core   0: 0x80004092 (0x00008edd) c.or    a3, a5
core   0: 3 0x80004092 (0x8edd) x13 0x00000004
core   0: 0x80004094 (0x56c7fc93) andi    s9, a5, 1388
core   0: 3 0x80004094 (0x56c7fc93) x25 0x00000004
core   0: 0x80004098 (0xb24c2513) slti    a0, s8, -1244
core   0: 3 0x80004098 (0xb24c2513) x10 0x00000000
core   0: 0x8000409c (0x00008e69) c.and   a2, a0
core   0: 3 0x8000409c (0x8e69) x12 0x00000000
core   0: 0x8000409e (0x01f830b3) sltu    ra, a6, t6
core   0: 3 0x8000409e (0x01f830b3) x 1 0x00000001
core   0: 0x800040a2 (0x41aed793) srai    a5, t4, 26
core   0: 3 0x800040a2 (0x41aed793) x15 0xffffffe0
core   0: 0x800040a6 (0x40168e33) sub     t3, a3, ra
core   0: 3 0x800040a6 (0x40168e33) x28 0x00000003
core   0: 0x800040aa (0x01772033) slt     zero, a4, s7
core   0: 3 0x800040aa (0x01772033)
core   0: 0x800040ae (0x002b7333) and     t1, s6, sp
core   0: 3 0x800040ae (0x002b7333) x 6 0x00000000
core   0: 0x800040b2 (0x01c49393) slli    t2, s1, 28
core   0: 3 0x800040b2 (0x01c49393) x 7 0x00000000
core   0: 0x800040b6 (0x000050fd) c.li    ra, -1
core   0: 3 0x800040b6 (0x50fd) x 1 0xffffffff
core   0: 0x800040b8 (0x7675f913) andi    s2, a1, 1895
core   0: 3 0x800040b8 (0x7675f913) x18 0x00000001
core   0: 0x800040bc (0x00f91433) sll     s0, s2, a5
core   0: 3 0x800040bc (0x00f91433) x 8 0x00000001
core   0: 0x800040c0 (0x00008ea5) c.xor   a3, s1
core   0: 3 0x800040c0 (0x8ea5) x13 0x00000004
core   0: 0x800040c2 (0x00008c35) c.xor   s0, a3
core   0: 3 0x800040c2 (0x8c35) x 8 0x00000005
core   0: 0x800040c4 (0x000081e1) c.srli  a1, 24
core   0: 3 0x800040c4 (0x81e1) x11 0x00000000
core   0: 0x800040c6 (0xb620ab13) slti    s6, ra, -1182
core   0: 3 0x800040c6 (0xb620ab13) x22 0x00000000
core   0: 0x800040ca (0x03055bb3) divu    s7, a0, a6
core   0: 3 0x800040ca (0x03055bb3) x23 0xffffffff
core   0: 0x800040ce (0x00169613) slli    a2, a3, 1
core   0: 3 0x800040ce (0x00169613) x12 0x00000008
core   0: 0x800040d2 (0x4a86bab7) lui     s5, 0x4a86b
core   0: 3 0x800040d2 (0x4a86bab7) x21 0x4a86b000
core   0: 0x800040d6 (0xf22b8413) addi    s0, s7, -222
core   0: 3 0x800040d6 (0xf22b8413) x 8 0xffffff21
core   0: 0x800040da (0x00006f8d) c.lui   t6, 0x3
core   0: 3 0x800040da (0x6f8d) x31 0x00003000
core   0: 0x800040dc (0x02175933) divu    s2, a4, ra
core   0: 3 0x800040dc (0x02175933) x18 0x00000000
core   0: 0x800040e0 (0x41ed5ab3) sra     s5, s10, t5
core   0: 3 0x800040e0 (0x41ed5ab3) x21 0x00000001
core   0: 0x800040e4 (0x01dc19b3) sll     s3, s8, t4
core   0: 3 0x800040e4 (0x01dc19b3) x19 0xffffcc50
core   0: 0x800040e8 (0x9bda4413) xori    s0, s4, -1603
core   0: 3 0x800040e8 (0x9bda4413) x 8 0x7fff07d9
core   0: 0x800040ec (0x024fad33) mulhsu  s10, t6, tp
core   0: 3 0x800040ec (0x024fad33) x26 0x00000000
core   0: 0x800040f0 (0x00fb0f33) add     t5, s6, a5
core   0: 3 0x800040f0 (0x00fb0f33) x30 0xffffffe0
core   0: 0x800040f4 (0xf2d55c17) auipc   s8, 0xf2d55
core   0: 3 0x800040f4 (0xf2d55c17) x24 0x72d590f4
core   0: 0x800040f8 (0x000067b5) c.lui   a5, 0xd
core   0: 3 0x800040f8 (0x67b5) x15 0x0000d000
core   0: 0x800040fa (0x000011fd) c.addi  gp, -1
core   0: 3 0x800040fa (0x11fd) x 3 0xffffffff
core   0: 0x800040fc (0x02779ab3) mulh    s5, a5, t2
core   0: 3 0x800040fc (0x02779ab3) x21 0x00000000
core   0: 0x80004100 (0x01b79ab3) sll     s5, a5, s11
core   0: 3 0x80004100 (0x01b79ab3) x21 0x0000d000
core   0: 0x80004104 (0xdda10b13) addi    s6, sp, -550
core   0: 3 0x80004104 (0xdda10b13) x22 0x80013abe
core   0: 0x80004108 (0x00605233) srl     tp, zero, t1
core   0: 3 0x80004108 (0x00605233) x 4 0x00000000
core   0: 0x8000410c (0x00008385) c.srli  a5, 1
core   0: 3 0x8000410c (0x8385) x15 0x00006800
core   0: 0x8000410e (0x00a386b3) add     a3, t2, a0
core   0: 3 0x8000410e (0x00a386b3) x13 0x00000000
core   0: 0x80004112 (0x0281d7b3) divu    a5, gp, s0
core   0: 3 0x80004112 (0x0281d7b3) x15 0x00000002
core   0: 0x80004116 (0x01546bb3) or      s7, s0, s5
core   0: 3 0x80004116 (0x01546bb3) x23 0x7fffd7d9
core   0: 0x8000411a (0x0b537093) andi    ra, t1, 181
core   0: 3 0x8000411a (0x0b537093) x 1 0x00000000
core   0: 0x8000411e (0xd5b8be17) auipc   t3, 0xd5b8b
core   0: 3 0x8000411e (0xd5b8be17) x28 0x55b8f11e
core   0: 0x80004122 (0x3f3a4d37) lui     s10, 0x3f3a4
core   0: 3 0x80004122 (0x3f3a4d37) x26 0x3f3a4000
core   0: 0x80004126 (0xb4dd7497) auipc   s1, 0xb4dd7
core   0: 3 0x80004126 (0xb4dd7497) x 9 0x34ddb126
core   0: 0x8000412a (0x00bd5833) srl     a6, s10, a1
core   0: 3 0x8000412a (0x00bd5833) x16 0x3f3a4000
core   0: 0x8000412e (0x400206b3) sub     a3, tp, zero
core   0: 3 0x8000412e (0x400206b3) x13 0x00000000
core   0: 0x80004132 (0x00000975) c.addi  s2, 29
core   0: 3 0x80004132 (0x0975) x18 0x0000001d
core   0: 0x80004134 (0xff005e37) lui     t3, 0xff005
core   0: 3 0x80004134 (0xff005e37) x28 0xff005000
core   0: 0x80004138 (0x01995c93) srli    s9, s2, 25
core   0: 3 0x80004138 (0x01995c93) x25 0x00000000
core   0: 0x8000413c (0x24e67f93) andi    t6, a2, 590
core   0: 3 0x8000413c (0x24e67f93) x31 0x00000008
core   0: 0x80004140 (0x00008fc1) c.or    a5, s0
core   0: 3 0x80004140 (0x8fc1) x15 0x7fff07db
core   0: 0x80004142 (0x40be5893) srai    a7, t3, 11
core   0: 3 0x80004142 (0x40be5893) x17 0xffffe00a
core   0: 0x80004146 (0x000086f5) c.srai  a3, 29
core   0: 3 0x80004146 (0x86f5) x13 0x00000000
core   0: 0x80004148 (0x91a93893) sltiu   a7, s2, -1766
core   0: 3 0x80004148 (0x91a93893) x17 0x00000001
core   0: 0x8000414c (0x03196233) rem     tp, s2, a7
core   0: 3 0x8000414c (0x03196233) x 4 0x00000000
core   0: 0x80004150 (0x025ea2b3) mulhsu  t0, t4, t0
core   0: 3 0x80004150 (0x025ea2b3) x 5 0x00000000
core   0: 0x80004154 (0x40ed5093) srai    ra, s10, 14
core   0: 3 0x80004154 (0x40ed5093) x 1 0x0000fce9
core   0: 0x80004158 (0x00004b9d) c.li    s7, 7
core   0: 3 0x80004158 (0x4b9d) x23 0x00000007
core   0: 0x8000415a (0x0000587d) c.li    a6, -1
core   0: 3 0x8000415a (0x587d) x16 0xffffffff
core   0: 0x8000415c (0x000085e5) c.srai  a1, 25
core   0: 3 0x8000415c (0x85e5) x11 0x00000000
core   0: 0x8000415e (0x41055b13) srai    s6, a0, 16
core   0: 3 0x8000415e (0x41055b13) x22 0x00000000
core   0: 0x80004162 (0x00d9b9b3) sltu    s3, s3, a3
core   0: 3 0x80004162 (0x00d9b9b3) x19 0x00000000
core   0: 0x80004166 (0x2a4d4693) xori    a3, s10, 676
core   0: 3 0x80004166 (0x2a4d4693) x13 0x3f3a42a4
core   0: 0x8000416a (0x021b9f33) mulh    t5, s7, ra
core   0: 3 0x8000416a (0x021b9f33) x30 0x00000000
core   0: 0x8000416e (0x03403e33) mulhu   t3, zero, s4
core   0: 3 0x8000416e (0x03403e33) x28 0x00000000
core   0: 0x80004172 (0x00008dd9) c.or    a1, a4
core   0: 3 0x80004172 (0x8dd9) x11 0x8000fe64
core   0: 0x80004174 (0x01f3e933) or      s2, t2, t6
core   0: 3 0x80004174 (0x01f3e933) x18 0x00000008
core   0: 0x80004178 (0x41bcd333) sra     t1, s9, s11
core   0: 3 0x80004178 (0x41bcd333) x 6 0x00000000
core   0: 0x8000417c (0x001cfbb3) and     s7, s9, ra
core   0: 3 0x8000417c (0x001cfbb3) x23 0x00000000
core   0: 0x80004180 (0x41c9da33) sra     s4, s3, t3
core   0: 3 0x80004180 (0x41c9da33) x20 0x00000000
core   0: 0x80004184 (0x000053fd) c.li    t2, -1
core   0: 3 0x80004184 (0x53fd) x 7 0xffffffff
core   0: 0x80004186 (0x00008ced) c.and   s1, a1
core   0: 3 0x80004186 (0x8ced) x 9 0x0000b024
core   0: 0x80004188 (0x408a0433) sub     s0, s4, s0
core   0: 3 0x80004188 (0x408a0433) x 8 0x8000f827
core   0: 0x8000418c (0x00009bea) c.add   s7, s10
core   0: 3 0x8000418c (0x9bea) x23 0x3f3a4000
core   0: 0x8000418e (0x6f828a97) auipc   s5, 0x6f828
core   0: 3 0x8000418e (0x6f828a97) x21 0xef82c18e
core   0: 0x80004192 (0x03213533) mulhu   a0, sp, s2
core   0: 3 0x80004192 (0x03213533) x10 0x00000004
core   0: 0x80004196 (0x1cdcc993) xori    s3, s9, 461
core   0: 3 0x80004196 (0x1cdcc993) x19 0x000001cd
core   0: 0x8000419a (0x02adb633) mulhu   a2, s11, a0
core   0: 3 0x8000419a (0x02adb633) x12 0x00000002
core   0: 0x8000419e (0x41490333) sub     t1, s2, s4
core   0: 3 0x8000419e (0x41490333) x 6 0x00000008
core   0: 0x800041a2 (0x00008d39) c.xor   a0, a4
core   0: 3 0x800041a2 (0x8d39) x10 0x8000fe60
core   0: 0x800041a4 (0x0000092a) c.slli  s2, 10
core   0: 3 0x800041a4 (0x092a) x18 0x00002000
core   0: 0x800041a6 (0x006d6f33) or      t5, s10, t1
core   0: 3 0x800041a6 (0x006d6f33) x30 0x3f3a4008
core   0: 0x800041aa (0x00008ffd) c.and   a5, a5
core   0: 3 0x800041aa (0x8ffd) x15 0x7fff07db
core   0: 0x800041ac (0x00008cf9) c.and   s1, a4
core   0: 3 0x800041ac (0x8cf9) x 9 0x0000b024
core   0: 0x800041ae (0x41dad413) srai    s0, s5, 29
core   0: 3 0x800041ae (0x41dad413) x 8 0xffffffff
core   0: 0x800041b2 (0x00008c55) c.or    s0, a3
core   0: 3 0x800041b2 (0x8c55) x 8 0xffffffff
core   0: 0x800041b4 (0x00008196) c.mv    gp, t0
core   0: 3 0x800041b4 (0x8196) x 3 0x00000000
core   0: 0x800041b6 (0xea6d1b97) auipc   s7, 0xea6d1
core   0: 3 0x800041b6 (0xea6d1b97) x23 0x6a6d51b6
core   0: 0x800041ba (0xd39ac593) xori    a1, s5, -711
core   0: 3 0x800041ba (0xd39ac593) x11 0x107d3cb7
core   0: 0x800041be (0x02d787b3) mul     a5, a5, a3
core   0: 3 0x800041be (0x02d787b3) x15 0x6c057e4c
core   0: 0x800041c2 (0x02db5a33) divu    s4, s6, a3
core   0: 3 0x800041c2 (0x02db5a33) x20 0x00000000
core   0: 0x800041c6 (0x00000001) c.nop
core   0: 3 0x800041c6 (0x0001)
core   0: 0x800041c8 (0x000009a6) c.slli  s3, 9
core   0: 3 0x800041c8 (0x09a6) x19 0x00039a00
core   0: 0x800041ca (0x01210c33) add     s8, sp, s2
core   0: 3 0x800041ca (0x01210c33) x24 0x80015ce4
core   0: 0x800041ce (0x00000001) c.nop
core   0: 3 0x800041ce (0x0001)
core   0: 0x800041d0 (0x029680b3) mul     ra, a3, s1
core   0: 3 0x800041d0 (0x029680b3) x 1 0xf2021f10
core   0: 0x800041d4 (0x00008672) c.mv    a2, t3
core   0: 3 0x800041d4 (0x8672) x12 0x00000000
core   0: 0x800041d6 (0x4187d9b3) sra     s3, a5, s8
core   0: 3 0x800041d6 (0x4187d9b3) x19 0x06c057e4
core   0: 0x800041da (0x014ee4b3) or      s1, t4, s4
core   0: 3 0x800041da (0x014ee4b3) x 9 0x8000fe64
core   0: 0x800041de (0x03ee47b3) div     a5, t3, t5
core   0: 3 0x800041de (0x03ee47b3) x15 0x00000000
core   0: 0x800041e2 (0x00004e49) c.li    t3, 18
core   0: 3 0x800041e2 (0x4e49) x28 0x00000012
core   0: 0x800041e4 (0x000e1493) slli    s1, t3, 0
core   0: 3 0x800041e4 (0x000e1493) x 9 0x00000012
core   0: 0x800041e8 (0x00000001) c.nop
core   0: 3 0x800041e8 (0x0001)
core   0: 0x800041ea (0x00d2f8b3) and     a7, t0, a3
core   0: 3 0x800041ea (0x00d2f8b3) x17 0x00000000
core   0: 0x800041ee (0x6f92ec93) ori     s9, t0, 1785
core   0: 3 0x800041ee (0x6f92ec93) x25 0x000006f9
core   0: 0x800041f2 (0x00008d76) c.mv    s10, t4
core   0: 3 0x800041f2 (0x8d76) x26 0x8000fe64
core   0: 0x800041f4 (0x02143e33) mulhu   t3, s0, ra
core   0: 3 0x800041f4 (0x02143e33) x28 0xf2021f0f
core   0: 0x800041f8 (0x0144ab33) slt     s6, s1, s4
core   0: 3 0x800041f8 (0x0144ab33) x22 0x00000000
core   0: 0x800041fc (0x036aa533) mulhsu  a0, s5, s6
core   0: 3 0x800041fc (0x036aa533) x10 0x00000000
core   0: 0x80004200 (0x034a5933) divu    s2, s4, s4
core   0: 3 0x80004200 (0x034a5933) x18 0xffffffff
core   0: 0x80004204 (0x90fe8bb7) lui     s7, 0x90fe8
core   0: 3 0x80004204 (0x90fe8bb7) x23 0x90fe8000
core   0: 0x80004208 (0x403a8533) sub     a0, s5, gp
core   0: 3 0x80004208 (0x403a8533) x10 0xef82c18e
core   0: 0x8000420c (0x02ac8d33) mul     s10, s9, a0
core   0: 3 0x8000420c (0x02ac8d33) x26 0x06b7971e
core   0: 0x80004210 (0x00000001) c.nop
core   0: 3 0x80004210 (0x0001)
core   0: 0x80004212 (0x03cd79b3) remu    s3, s10, t3
core   0: 3 0x80004212 (0x03cd79b3) x19 0x06b7971e
core   0: 0x80004216 (0x00006d39) c.lui   s10, 0xe
core   0: 3 0x80004216 (0x6d39) x26 0x0000e000
core   0: 0x80004218 (0x0227be33) mulhu   t3, a5, sp
core   0: 3 0x80004218 (0x0227be33) x28 0x00000000
core   0: 0x8000421c (0x00001bfd) c.addi  s7, -1
core   0: 3 0x8000421c (0x1bfd) x23 0x90fe7fff
core   0: 0x8000421e (0x417a8bb3) sub     s7, s5, s7
core   0: 3 0x8000421e (0x417a8bb3) x23 0x5e84418f
core   0: 0x80004222 (0x41bf52b3) sra     t0, t5, s11
core   0: 3 0x80004222 (0x41bf52b3) x 5 0x3f3a4008
core   0: 0x80004226 (0x40b18eb3) sub     t4, gp, a1
core   0: 3 0x80004226 (0x40b18eb3) x29 0xef82c349
core   0: 0x8000422a (0x022180b3) mul     ra, gp, sp
core   0: 3 0x8000422a (0x022180b3) x 1 0x00000000
core   0: 0x8000422e (0x00008fbd) c.xor   a5, a5
core   0: 3 0x8000422e (0x8fbd) x15 0x00000000
core   0: 0x80004230 (0x00008fe5) c.and   a5, s1
core   0: 3 0x80004230 (0x8fe5) x15 0x00000000
core   0: 0x80004232 (0x43570e13) addi    t3, a4, 1077
core   0: 3 0x80004232 (0x43570e13) x28 0x80010299
core   0: 0x80004236 (0x00005d7d) c.li    s10, -1
core   0: 3 0x80004236 (0x5d7d) x26 0xffffffff
core   0: 0x80004238 (0x01bf6f33) or      t5, t5, s11
core   0: 3 0x80004238 (0x01bf6f33) x30 0xbf3a4008
core   0: 0x8000423c (0x000016fd) c.addi  a3, -1
core   0: 3 0x8000423c (0x16fd) x13 0x3f3a42a3
core   0: 0x8000423e (0x00009b1a) c.add   s6, t1
core   0: 3 0x8000423e (0x9b1a) x22 0x00000008
core   0: 0x80004240 (0x005412b3) sll     t0, s0, t0
core   0: 3 0x80004240 (0x005412b3) x 5 0xffffff00
core   0: 0x80004244 (0x01fe9fb3) sll     t6, t4, t6
core   0: 3 0x80004244 (0x01fe9fb3) x31 0x82c34900
core   0: 0x80004248 (0x00008e51) c.or    a2, a2
core   0: 3 0x80004248 (0x8e51) x12 0x00000000
core   0: 0x8000424a (0x03e2c533) div     a0, t0, t5
core   0: 3 0x8000424a (0x03e2c533) x10 0x00000000
core   0: 0x8000424e (0x00008c71) c.and   s0, a2
core   0: 3 0x8000424e (0x8c71) x 8 0x00000000
core   0: 0x80004250 (0x00008e75) c.and   a2, a3
core   0: 3 0x80004250 (0x8e75) x12 0x00000000
core   0: 0x80004252 (0xa8c52a93) slti    s5, a0, -1396
core   0: 3 0x80004252 (0xa8c52a93) x21 0x00000000
core   0: 0x80004256 (0x00008cd5) c.or    s1, a3
core   0: 3 0x80004256 (0x8cd5) x 9 0x3f3a42b3
core   0: 0x80004258 (0x019dd493) srli    s1, s11, 25
core   0: 3 0x80004258 (0x019dd493) x 9 0x00000040
core   0: 0x8000425c (0x0210aab3) mulhsu  s5, ra, ra
core   0: 3 0x8000425c (0x0210aab3) x21 0x00000000
core   0: 0x80004260 (0x009dbcb3) sltu    s9, s11, s1
core   0: 3 0x80004260 (0x009dbcb3) x25 0x00000000
core   0: 0x80004264 (0x416bd293) srai    t0, s7, 22
core   0: 3 0x80004264 (0x416bd293) x 5 0x0000017a
core   0: 0x80004268 (0x6a67be13) sltiu   t3, a5, 1702
core   0: 3 0x80004268 (0x6a67be13) x28 0x00000001
core   0: 0x8000426c (0x00000001) c.nop
core   0: 3 0x8000426c (0x0001)
core   0: 0x8000426e (0x00001f7d) c.addi  t5, -1
core   0: 3 0x8000426e (0x1f7d) x30 0xbf3a4007
core   0: 0x80004270 (0x005510b3) sll     ra, a0, t0
core   0: 3 0x80004270 (0x005510b3) x 1 0x00000000
core   0: 0x80004274 (0x00008fa5) c.xor   a5, s1
core   0: 3 0x80004274 (0x8fa5) x15 0x00000040
core   0: 0x80004276 (0x00009efa) c.add   t4, t5
core   0: 3 0x80004276 (0x9efa) x29 0xaebd0350
core   0: 0x80004278 (0x02b60c33) mul     s8, a2, a1
core   0: 3 0x80004278 (0x02b60c33) x24 0x00000000
core   0: 0x8000427c (0x015b5f93) srli    t6, s6, 21
core   0: 3 0x8000427c (0x015b5f93) x31 0x00000000
core   0: 0x80004280 (0x02797533) remu    a0, s2, t2
core   0: 3 0x80004280 (0x02797533) x10 0x00000000
core   0: 0x80004284 (0x00008f9d) c.sub   a5, a5
core   0: 3 0x80004284 (0x8f9d) x15 0x00000000
core   0: 0x80004286 (0x00008e0d) c.sub   a2, a1
core   0: 3 0x80004286 (0x8e0d) x12 0xef82c349
core   0: 0x80004288 (0x01d97833) and     a6, s2, t4
core   0: 3 0x80004288 (0x01d97833) x16 0xaebd0350
core   0: 0x8000428c (0x00006899) c.lui   a7, 0x6
core   0: 3 0x8000428c (0x6899) x17 0x00006000
core   0: 0x8000428e (0x01a2b433) sltu    s0, t0, s10
core   0: 3 0x8000428e (0x01a2b433) x 8 0x00000001
core   0: 0x80004292 (0x0219d4b3) divu    s1, s3, ra
core   0: 3 0x80004292 (0x0219d4b3) x 9 0xffffffff
core   0: 0x80004296 (0x02918cb3) mul     s9, gp, s1
core   0: 3 0x80004296 (0x02918cb3) x25 0x00000000
core   0: 0x8000429a (0x00008fd9) c.or    a5, a4
core   0: 3 0x8000429a (0x8fd9) x15 0x8000fe64
core   0: 0x8000429c (0x00006f19) c.lui   t5, 0x6
core   0: 3 0x8000429c (0x6f19) x30 0x00006000
core   0: 0x8000429e (0x00000001) c.nop
core   0: 3 0x8000429e (0x0001)
core   0: 0x800042a0 (0x00008d29) c.xor   a0, a0
core   0: 3 0x800042a0 (0x8d29) x10 0x00000000
core   0: 0x800042a2 (0x00008aa6) c.mv    s5, s1
core   0: 3 0x800042a2 (0x8aa6) x21 0xffffffff
core   0: 0x800042a4 (0x00a62f33) slt     t5, a2, a0
core   0: 3 0x800042a4 (0x00a62f33) x30 0x00000001
core   0: 0x800042a8 (0x000082a1) c.srli  a3, 8
core   0: 3 0x800042a8 (0x82a1) x13 0x003f3a42
core   0: 0x800042aa (0x004b2d33) slt     s10, s6, tp
core   0: 3 0x800042aa (0x004b2d33) x26 0x00000000
core   0: 0x800042ae (0x01c88433) add     s0, a7, t3
core   0: 3 0x800042ae (0x01c88433) x 8 0x00006001
core   0: 0x800042b2 (0xc1053513) sltiu   a0, a0, -1008
core   0: 3 0x800042b2 (0xc1053513) x10 0x00000001
core   0: 0x800042b6 (0x01e3beb3) sltu    t4, t2, t5
core   0: 3 0x800042b6 (0x01e3beb3) x29 0x00000000
core   0: 0x800042ba (0xd8a93213) sltiu   tp, s2, -630
core   0: 3 0x800042ba (0xd8a93213) x 4 0x00000000
core   0: 0x800042be (0x000009de) c.slli  s3, 23
core   0: 3 0x800042be (0x09de) x19 0x8f000000
core   0: 0x800042c0 (0x000099fd) c.andi  a1, -1
core   0: 3 0x800042c0 (0x99fd) x11 0x107d3cb7
core   0: 0x800042c2 (0x19202d13) slti    s10, zero, 402
core   0: 3 0x800042c2 (0x19202d13) x26 0x00000001
core   0: 0x800042c6 (0x00008c35) c.xor   s0, a3
core   0: 3 0x800042c6 (0x8c35) x 8 0x003f5a43
core   0: 0x800042c8 (0x02a84e33) div     t3, a6, a0
core   0: 3 0x800042c8 (0x02a84e33) x28 0xaebd0350
core   0: 0x800042cc (0x0000481d) c.li    a6, 7
core   0: 3 0x800042cc (0x481d) x16 0x00000007
core   0: 0x800042ce (0x00008b91) c.andi  a5, 4
core   0: 3 0x800042ce (0x8b91) x15 0x00000004
core   0: 0x800042d0 (0x009f5833) srl     a6, t5, s1
core   0: 3 0x800042d0 (0x009f5833) x16 0x00000000
core   0: 0x800042d4 (0x03c64ab3) div     s5, a2, t3
core   0: 3 0x800042d4 (0x03c64ab3) x21 0x00000000
core   0: 0x800042d8 (0x00006f45) c.lui   t5, 0x11
core   0: 3 0x800042d8 (0x6f45) x30 0x00011000
core   0: 0x800042da (0x0163f8b3) and     a7, t2, s6
core   0: 3 0x800042da (0x0163f8b3) x17 0x00000008
core   0: 0x800042de (0x0154d513) srli    a0, s1, 21
core   0: 3 0x800042de (0x0154d513) x10 0x000007ff
core   0: 0x800042e2 (0x00008c5d) c.or    s0, a5
core   0: 3 0x800042e2 (0x8c5d) x 8 0x003f5a47
core   0: 0x800042e4 (0xc677b193) sltiu   gp, a5, -921
core   0: 3 0x800042e4 (0xc677b193) x 3 0x00000001
core   0: 0x800042e8 (0x00006b31) c.lui   s6, 0xc
core   0: 3 0x800042e8 (0x6b31) x22 0x0000c000
core   0: 0x800042ea (0xb74eed13) ori     s10, t4, -1164
core   0: 3 0x800042ea (0xb74eed13) x26 0xfffffb74
core   0: 0x800042ee (0x06c08d13) addi    s10, ra, 108
core   0: 3 0x800042ee (0x06c08d13) x26 0x0000006c
core   0: 0x800042f2 (0x00f611b3) sll     gp, a2, a5
core   0: 3 0x800042f2 (0x00f611b3) x 3 0xf82c3490
core   0: 0x800042f6 (0x000086ad) c.srai  a3, 11
core   0: 3 0x800042f6 (0x86ad) x13 0x000007e7
core   0: 0x800042f8 (0x00008da1) c.xor   a1, s0
core   0: 3 0x800042f8 (0x8da1) x11 0x104266f0
core   0: 0x800042fa (0x00c2fab3) and     s5, t0, a2
core   0: 3 0x800042fa (0x00c2fab3) x21 0x00000148
core   0: 0x800042fe (0x0279cab3) div     s5, s3, t2
core   0: 3 0x800042fe (0x0279cab3) x21 0x71000000
core   0: 0x80004302 (0x00009e66) c.add   t3, s9
core   0: 3 0x80004302 (0x9e66) x28 0xaebd0350
core   0: 0x80004304 (0x02f534b3) mulhu   s1, a0, a5
core   0: 3 0x80004304 (0x02f534b3) x 9 0x00000000
core   0: 0x80004308 (0x00008ce9) c.and   s1, a0
core   0: 3 0x80004308 (0x8ce9) x 9 0x00000000
core   0: 0x8000430a (0x039e02b3) mul     t0, t3, s9
core   0: 3 0x8000430a (0x039e02b3) x 5 0x00000000
core   0: 0x8000430e (0x000088e1) c.andi  s1, 24
core   0: 3 0x8000430e (0x88e1) x 9 0x00000000
core   0: 0x80004310 (0x01be5193) srli    gp, t3, 27
core   0: 3 0x80004310 (0x01be5193) x 3 0x00000015
core   0: 0x80004314 (0x021b5533) divu    a0, s6, ra
core   0: 3 0x80004314 (0x021b5533) x10 0xffffffff
core   0: 0x80004318 (0x024aaa33) mulhsu  s4, s5, tp
core   0: 3 0x80004318 (0x024aaa33) x20 0x00000000
core   0: 0x8000431c (0x035e64b3) rem     s1, t3, s5
core   0: 3 0x8000431c (0x035e64b3) x 9 0xaebd0350
core   0: 0x80004320 (0x02b5ccb3) div     s9, a1, a1
core   0: 3 0x80004320 (0x02b5ccb3) x25 0x00000001
core   0: 0x80004324 (0x01c2c4b3) xor     s1, t0, t3
core   0: 3 0x80004324 (0x01c2c4b3) x 9 0xaebd0350
core   0: 0x80004328 (0x00006905) c.lui   s2, 0x1
core   0: 3 0x80004328 (0x6905) x18 0x00001000
core   0: 0x8000432a (0x030e04b3) mul     s1, t3, a6
core   0: 3 0x8000432a (0x030e04b3) x 9 0x00000000
core   0: 0x8000432e (0x596d9c17) auipc   s8, 0x596d9
core   0: 3 0x8000432e (0x596d9c17) x24 0xd96dd32e
core   0: 0x80004332 (0x026e92b3) mulh    t0, t4, t1
core   0: 3 0x80004332 (0x026e92b3) x 5 0x00000000
core   0: 0x80004336 (0x000082b9) c.srli  a3, 14
core   0: 3 0x80004336 (0x82b9) x13 0x00000000
core   0: 0x80004338 (0x024c96b3) mulh    a3, s9, tp
core   0: 3 0x80004338 (0x024c96b3) x13 0x00000000
core   0: 0x8000433c (0x000096a2) c.add   a3, s0
core   0: 3 0x8000433c (0x96a2) x13 0x003f5a47
core   0: 0x8000433e (0x00008e39) c.xor   a2, a4
core   0: 3 0x8000433e (0x8e39) x12 0x6f823d2d
core   0: 0x80004340 (0x00008511) c.srai  a0, 4
core   0: 3 0x80004340 (0x8511) x10 0xffffffff
core   0: 0x80004342 (0x03aeab33) mulhsu  s6, t4, s10
core   0: 3 0x80004342 (0x03aeab33) x22 0x00000000
core   0: 0x80004346 (0x015cdb33) srl     s6, s9, s5
core   0: 3 0x80004346 (0x015cdb33) x22 0x00000001
core   0: 0x8000434a (0x0064d233) srl     tp, s1, t1
core   0: 3 0x8000434a (0x0064d233) x 4 0x00000000
core   0: 0x8000434e (0x02162d33) mulhsu  s10, a2, ra
core   0: 3 0x8000434e (0x02162d33) x26 0x00000000
core   0: 0x80004352 (0x2222f493) andi    s1, t0, 546
core   0: 3 0x80004352 (0x2222f493) x 9 0x00000000
core   0: 0x80004356 (0x19d1ac13) slti    s8, gp, 413
core   0: 3 0x80004356 (0x19d1ac13) x24 0x00000001
core   0: 0x8000435a (0x13f52893) slti    a7, a0, 319
core   0: 3 0x8000435a (0x13f52893) x17 0x00000001
core   0: 0x8000435e (0x41c28033) sub     zero, t0, t3
core   0: 3 0x8000435e (0x41c28033)
core   0: 0x80004362 (0xf211b213) sltiu   tp, gp, -223
core   0: 3 0x80004362 (0xf211b213) x 4 0x00000001
core   0: 0x80004366 (0x000088e1) c.andi  s1, 24
core   0: 3 0x80004366 (0x88e1) x 9 0x00000000
core   0: 0x80004368 (0x01389e93) slli    t4, a7, 19
core   0: 3 0x80004368 (0x01389e93) x29 0x00080000
core   0: 0x8000436c (0x027fd333) divu    t1, t6, t2
core   0: 3 0x8000436c (0x027fd333) x 6 0x00000000
core   0: 0x80004370 (0x03eb59b3) divu    s3, s6, t5
core   0: 3 0x80004370 (0x03eb59b3) x19 0x00000000
core   0: 0x80004374 (0x02495533) divu    a0, s2, tp
core   0: 3 0x80004374 (0x02495533) x10 0x00001000
core   0: 0x80004378 (0x00008d01) c.sub   a0, s0
core   0: 3 0x80004378 (0x8d01) x10 0xffc0b5b9
core   0: 0x8000437a (0x000087ce) c.mv    a5, s3
core   0: 3 0x8000437a (0x87ce) x15 0x00000000
core   0: 0x8000437c (0x0084a433) slt     s0, s1, s0
core   0: 3 0x8000437c (0x0084a433) x 8 0x00000001
core   0: 0x80004380 (0x03d20833) mul     a6, tp, t4
core   0: 3 0x80004380 (0x03d20833) x16 0x00080000
core   0: 0x80004384 (0x01bada13) srli    s4, s5, 27
core   0: 3 0x80004384 (0x01bada13) x20 0x0000000e
core   0: 0x80004388 (0x00000001) c.nop
core   0: 3 0x80004388 (0x0001)
core   0: 0x8000438a (0x40d75493) srai    s1, a4, 13
core   0: 3 0x8000438a (0x40d75493) x 9 0xfffc0007
core   0: 0x8000438e (0xb23b4b13) xori    s6, s6, -1245
core   0: 3 0x8000438e (0xb23b4b13) x22 0xfffffb22
core   0: 0x80004392 (0x01e6ff33) and     t5, a3, t5
core   0: 3 0x80004392 (0x01e6ff33) x30 0x00011000
core   0: 0x80004396 (0x000099fd) c.andi  a1, -1
core   0: 3 0x80004396 (0x99fd) x11 0x104266f0
core   0: 0x80004398 (0xfeda0013) addi    zero, s4, -19
core   0: 3 0x80004398 (0xfeda0013)
core   0: 0x8000439c (0x00abcbb3) xor     s7, s7, a0
core   0: 3 0x8000439c (0x00abcbb3) x23 0xa144f436
core   0: 0x800043a0 (0x00008065) c.srli  s0, 25
core   0: 3 0x800043a0 (0x8065) x 8 0x00000000
core   0: 0x800043a2 (0x00008ff1) c.and   a5, a2
core   0: 3 0x800043a2 (0x8ff1) x15 0x00000000
core   0: 0x800043a4 (0xbd257093) andi    ra, a0, -1070
core   0: 3 0x800043a4 (0xbd257093) x 1 0xffc0b190
core   0: 0x800043a8 (0x027650b3) divu    ra, a2, t2
core   0: 3 0x800043a8 (0x027650b3) x 1 0x00000000
core   0: 0x800043ac (0x023804b3) mul     s1, a6, gp
core   0: 3 0x800043ac (0x023804b3) x 9 0x00a80000
core   0: 0x800043b0 (0x00001b7d) c.addi  s6, -1
core   0: 3 0x800043b0 (0x1b7d) x22 0xfffffb21
core   0: 0x800043b2 (0x00000001) c.nop
core   0: 3 0x800043b2 (0x0001)
core   0: 0x800043b4 (0x5f78cc13) xori    s8, a7, 1527
core   0: 3 0x800043b4 (0x5f78cc13) x24 0x000005f6
core   0: 0x800043b8 (0x02026ab3) rem     s5, tp, zero
core   0: 3 0x800043b8 (0x02026ab3) x21 0x00000001
core   0: 0x800043bc (0x00008a61) c.andi  a2, 24
core   0: 3 0x800043bc (0x8a61) x12 0x00000008
core   0: 0x800043be (0x40dbd693) srai    a3, s7, 13
core   0: 3 0x800043be (0x40dbd693) x13 0xfffd0a27
core   0: 0x800043c2 (0xee04e813) ori     a6, s1, -288
core   0: 3 0x800043c2 (0xee04e813) x16 0xfffffee0
core   0: 0x800043c6 (0x005fd833) srl     a6, t6, t0
core   0: 3 0x800043c6 (0x005fd833) x16 0x00000000
core   0: 0x800043ca (0x80707c13) andi    s8, zero, -2041
core   0: 3 0x800043ca (0x80707c13) x24 0x00000000
core   0: 0x800043ce (0x00965593) srli    a1, a2, 9
core   0: 3 0x800043ce (0x00965593) x11 0x00000000
core   0: 0x800043d2 (0x00493cb3) sltu    s9, s2, tp
core   0: 3 0x800043d2 (0x00493cb3) x25 0x00000000
core   0: 0x800043d6 (0x015b5a13) srli    s4, s6, 21
core   0: 3 0x800043d6 (0x015b5a13) x20 0x000007ff
core   0: 0x800043da (0x000097d2) c.add   a5, s4
core   0: 3 0x800043da (0x97d2) x15 0x000007ff
core   0: 0x800043dc (0x64927b13) andi    s6, tp, 1609
core   0: 3 0x800043dc (0x64927b13) x22 0x00000001
core   0: 0x800043e0 (0x005c2933) slt     s2, s8, t0
core   0: 3 0x800043e0 (0x005c2933) x18 0x00000000
core   0: 0x800043e4 (0x017a1b33) sll     s6, s4, s7
core   0: 3 0x800043e4 (0x017a1b33) x22 0xffc00000
core   0: 0x800043e8 (0x0000537d) c.li    t1, -1
core   0: 3 0x800043e8 (0x537d) x 6 0xffffffff
core   0: 0x800043ea (0x0000018d) c.addi  gp, 3
core   0: 3 0x800043ea (0x018d) x 3 0x00000018
core   0: 0x800043ec (0x03655433) divu    s0, a0, s6
core   0: 3 0x800043ec (0x03655433) x 8 0x00000001
core   0: 0x800043f0 (0x00008fa9) c.xor   a5, a0
core   0: 3 0x800043f0 (0x8fa9) x15 0xffc0b246
core   0: 0x800043f2 (0x0219cfb3) div     t6, s3, ra
core   0: 3 0x800043f2 (0x0219cfb3) x31 0xffffffff
core   0: 0x800043f6 (0xc4767293) andi    t0, a2, -953
core   0: 3 0x800043f6 (0xc4767293) x 5 0x00000000
core   0: 0x800043fa (0x036daab3) mulhsu  s5, s11, s6
core   0: 3 0x800043fa (0x036daab3) x21 0x80200000
core   0: 0x800043fe (0x000088b5) c.andi  s1, 13
core   0: 3 0x800043fe (0x88b5) x 9 0x00000000
core   0: 0x80004400 (0x03758e33) mul     t3, a1, s7
core   0: 3 0x80004400 (0x03758e33) x28 0x00000000
core   0: 0x80004404 (0x9995fc93) andi    s9, a1, -1639
core   0: 3 0x80004404 (0x9995fc93) x25 0x00000000
core   0: 0x80004408 (0xcee97493) andi    s1, s2, -786
core   0: 3 0x80004408 (0xcee97493) x 9 0x00000000
core   0: 0x8000440c (0x03f86833) rem     a6, a6, t6
core   0: 3 0x8000440c (0x03f86833) x16 0x00000000
core   0: 0x80004410 (0x00008fc6) c.mv    t6, a7
core   0: 3 0x80004410 (0x8fc6) x31 0x00000001
core   0: 0x80004412 (0x0000945e) c.add   s0, s7
core   0: 3 0x80004412 (0x945e) x 8 0xa144f437
core   0: 0x80004414 (0x031d0633) mul     a2, s10, a7
core   0: 3 0x80004414 (0x031d0633) x12 0x00000000
core   0: 0x80004418 (0x00008f4a) c.mv    t5, s2
core   0: 3 0x80004418 (0x8f4a) x30 0x00000000
core   0: 0x8000441a (0x00008dc1) c.or    a1, s0
core   0: 3 0x8000441a (0x8dc1) x11 0xa144f437
core   0: 0x8000441c (0x0152a3b3) slt     t2, t0, s5
core   0: 3 0x8000441c (0x0152a3b3) x 7 0x00000000
core   0: 0x80004420 (0x011e19b3) sll     s3, t3, a7
core   0: 3 0x80004420 (0x011e19b3) x19 0x00000000
core   0: 0x80004424 (0x02174433) div     s0, a4, ra
core   0: 3 0x80004424 (0x02174433) x 8 0xffffffff
core   0: 0x80004428 (0x00008ef1) c.and   a3, a2
core   0: 3 0x80004428 (0x8ef1) x13 0x00000000
core   0: 0x8000442a (0x000086b5) c.srai  a3, 13
core   0: 3 0x8000442a (0x86b5) x13 0x00000000
core   0: 0x8000442c (0x410a5633) sra     a2, s4, a6
core   0: 3 0x8000442c (0x410a5633) x12 0x000007ff
core   0: 0x80004430 (0x003d1bb3) sll     s7, s10, gp
core   0: 3 0x80004430 (0x003d1bb3) x23 0x00000000
core   0: 0x80004434 (0x0292fc33) remu    s8, t0, s1
core   0: 3 0x80004434 (0x0292fc33) x24 0x00000000
core   0: 0x80004438 (0x63e6b993) sltiu   s3, a3, 1598
core   0: 3 0x80004438 (0x63e6b993) x19 0x00000001
core   0: 0x8000443c (0x03212b33) mulhsu  s6, sp, s2
core   0: 3 0x8000443c (0x03212b33) x22 0x00000000
core   0: 0x80004440 (0x00008c0d) c.sub   s0, a1
core   0: 3 0x80004440 (0x8c0d) x 8 0x5ebb0bc8
core   0: 0x80004442 (0xc4c76313) ori     t1, a4, -948
core   0: 3 0x80004442 (0xc4c76313) x 6 0xfffffe6c
core   0: 0x80004446 (0xe103e313) ori     t1, t2, -496
core   0: 3 0x80004446 (0xe103e313) x 6 0xfffffe10
core   0: 0x8000444a (0x00db3633) sltu    a2, s6, a3
core   0: 3 0x8000444a (0x00db3633) x12 0x00000000
core   0: 0x8000444e (0x00008e91) c.sub   a3, a2
core   0: 3 0x8000444e (0x8e91) x13 0x00000000
core   0: 0x80004450 (0x01d580b3) add     ra, a1, t4
core   0: 3 0x80004450 (0x01d580b3) x 1 0xa14cf437
core   0: 0x80004454 (0x02983333) mulhu   t1, a6, s1
core   0: 3 0x80004454 (0x02983333) x 6 0x00000000
core   0: 0x80004458 (0x41c2df33) sra     t5, t0, t3
core   0: 3 0x80004458 (0x41c2df33) x30 0x00000000
core   0: 0x8000445c (0x03b6fc33) remu    s8, a3, s11
core   0: 3 0x8000445c (0x03b6fc33) x24 0x00000000
core   0: 0x80004460 (0x0000987d) c.andi  s0, -1
core   0: 3 0x80004460 (0x987d) x 8 0x5ebb0bc8
core   0: 0x80004462 (0x01e87b33) and     s6, a6, t5
core   0: 3 0x80004462 (0x01e87b33) x22 0x00000000
core   0: 0x80004466 (0x00000001) c.nop
core   0: 3 0x80004466 (0x0001)
core   0: 0x80004468 (0x00008115) c.srli  a0, 5
core   0: 3 0x80004468 (0x8115) x10 0x07fe05ad
core   0: 0x8000446a (0x00008465) c.srai  s0, 25
core   0: 3 0x8000446a (0x8465) x 8 0x0000002f
core   0: 0x8000446c (0x0225b033) mulhu   zero, a1, sp
core   0: 3 0x8000446c (0x0225b033)
core   0: 0x80004470 (0x00533333) sltu    t1, t1, t0
core   0: 3 0x80004470 (0x00533333) x 6 0x00000000
core   0: 0x80004474 (0x008a6033) or      zero, s4, s0
core   0: 3 0x80004474 (0x008a6033)
core   0: 0x80004478 (0xb2284393) xori    t2, a6, -1246
core   0: 3 0x80004478 (0xb2284393) x 7 0xfffffb22
core   0: 0x8000447c (0x00008d21) c.xor   a0, s0
core   0: 3 0x8000447c (0x8d21) x10 0x07fe0582
core   0: 0x8000447e (0x00000966) c.slli  s2, 25
core   0: 3 0x8000447e (0x0966) x18 0x00000000
core   0: 0x80004480 (0x8691fa13) andi    s4, gp, -1943
core   0: 3 0x80004480 (0x8691fa13) x20 0x00000008
core   0: 0x80004484 (0x0169e033) or      zero, s3, s6
core   0: 3 0x80004484 (0x0169e033)
core   0: 0x80004488 (0x629c06b7) lui     a3, 0x629c0
core   0: 3 0x80004488 (0x629c06b7) x13 0x629c0000
core   0: 0x8000448c (0x0115aab3) slt     s5, a1, a7
core   0: 3 0x8000448c (0x0115aab3) x21 0x00000001
core   0: 0x80004490 (0x00008e69) c.and   a2, a0
core   0: 3 0x80004490 (0x8e69) x12 0x00000000
core   0: 0x80004492 (0x00008dc9) c.or    a1, a0
core   0: 3 0x80004492 (0x8dc9) x11 0xa7fef5b7
core   0: 0x80004494 (0x6ea16b93) ori     s7, sp, 1770
core   0: 3 0x80004494 (0x6ea16b93) x23 0x80013eee
core   0: 0x80004498 (0x00c0e333) or      t1, ra, a2
core   0: 3 0x80004498 (0x00c0e333) x 6 0xa14cf437
core   0: 0x8000449c (0x05dd0a13) addi    s4, s10, 93
core   0: 3 0x8000449c (0x05dd0a13) x20 0x0000005d
core   0: 0x800044a0 (0x00000686) c.slli  a3, 1
core   0: 3 0x800044a0 (0x0686) x13 0xc5380000
core   0: 0x800044a2 (0x037935b3) mulhu   a1, s2, s7
core   0: 3 0x800044a2 (0x037935b3) x11 0x00000000
core   0: 0x800044a6 (0x00000e19) c.addi  t3, 6
core   0: 3 0x800044a6 (0x0e19) x28 0x00000006
core   0: 0x800044a8 (0x0000452d) c.li    a0, 11
core   0: 3 0x800044a8 (0x452d) x10 0x0000000b
core   0: 0x800044aa (0x01b4eeb3) or      t4, s1, s11
core   0: 3 0x800044aa (0x01b4eeb3) x29 0x80000000
core   0: 0x800044ae (0x02509333) mulh    t1, ra, t0
core   0: 3 0x800044ae (0x02509333) x 6 0x00000000
core   0: 0x800044b2 (0x00009e76) c.add   t3, t4
core   0: 3 0x800044b2 (0x9e76) x28 0x80000006
core   0: 0x800044b4 (0x000087c9) c.srai  a5, 18
core   0: 3 0x800044b4 (0x87c9) x15 0xfffffff0
core   0: 0x800044b6 (0x00000001) c.nop
core   0: 3 0x800044b6 (0x0001)
core   0: 0x800044b8 (0x00004539) c.li    a0, 14
core   0: 3 0x800044b8 (0x4539) x10 0x0000000e
core   0: 0x800044ba (0x89456f13) ori     t5, a0, -1900
core   0: 3 0x800044ba (0x89456f13) x30 0xfffff89e
core   0: 0x800044be (0x03560233) mul     tp, a2, s5
core   0: 3 0x800044be (0x03560233) x 4 0x00000000
core   0: 0x800044c2 (0x00008cc1) c.or    s1, s0
core   0: 3 0x800044c2 (0x8cc1) x 9 0x0000002f
core   0: 0x800044c4 (0x00008dcd) c.or    a1, a1
core   0: 3 0x800044c4 (0x8dcd) x11 0x00000000
core   0: 0x800044c6 (0x0155cb33) xor     s6, a1, s5
core   0: 3 0x800044c6 (0x0155cb33) x22 0x00000001
core   0: 0x800044ca (0x91062213) slti    tp, a2, -1776
core   0: 3 0x800044ca (0x91062213) x 4 0x00000000
core   0: 0x800044ce (0x00f11f93) slli    t6, sp, 15
core   0: 3 0x800044ce (0x00f11f93) x31 0x9e720000
core   0: 0x800044d2 (0x008a0cb3) add     s9, s4, s0
core   0: 3 0x800044d2 (0x008a0cb3) x25 0x0000008c
core   0: 0x800044d6 (0x02bf1933) mulh    s2, t5, a1
core   0: 3 0x800044d6 (0x02bf1933) x18 0x00000000
core   0: 0x800044da (0x012a0f33) add     t5, s4, s2
core   0: 3 0x800044da (0x012a0f33) x30 0x0000005d
core   0: 0x800044de (0x00ba89b3) add     s3, s5, a1
core   0: 3 0x800044de (0x00ba89b3) x19 0x00000001
core   0: 0x800044e2 (0x57b66c93) ori     s9, a2, 1403
core   0: 3 0x800044e2 (0x57b66c93) x25 0x0000057b
core   0: 0x800044e6 (0x4096da93) srai    s5, a3, 9
core   0: 3 0x800044e6 (0x4096da93) x21 0xffe29c00
core   0: 0x800044ea (0x00006295) c.lui   t0, 0x5
core   0: 3 0x800044ea (0x6295) x 5 0x00005000
core   0: 0x800044ec (0xaf6c4c13) xori    s8, s8, -1290
core   0: 3 0x800044ec (0xaf6c4c13) x24 0xfffffaf6
core   0: 0x800044f0 (0x00dd1933) sll     s2, s10, a3
core   0: 3 0x800044f0 (0x00dd1933) x18 0x00000000
core   0: 0x800044f4 (0x000087f5) c.srai  a5, 29
core   0: 3 0x800044f4 (0x87f5) x15 0xffffffff
core   0: 0x800044f6 (0x065a6e93) ori     t4, s4, 101
core   0: 3 0x800044f6 (0x065a6e93) x29 0x0000007d
core   0: 0x800044fa (0x0109aeb3) slt     t4, s3, a6
core   0: 3 0x800044fa (0x0109aeb3) x29 0x00000000
core   0: 0x800044fe (0xc9dcc013) xori    zero, s9, -867
core   0: 3 0x800044fe (0xc9dcc013)
core   0: 0x80004502 (0x00008c8d) c.sub   s1, a1
core   0: 3 0x80004502 (0x8c8d) x 9 0x0000002f
core   0: 0x80004504 (0x00008479) c.srai  s0, 30
core   0: 3 0x80004504 (0x8479) x 8 0x00000000
core   0: 0x80004506 (0x0020e597) auipc   a1, 0x20e
core   0: 3 0x80004506 (0x0020e597) x11 0x80212506
core   0: 0x8000450a (0x01d07833) and     a6, zero, t4
core   0: 3 0x8000450a (0x01d07833) x16 0x00000000
core   0: 0x8000450e (0x00008d79) c.and   a0, a4
core   0: 3 0x8000450e (0x8d79) x10 0x00000004
core   0: 0x80004510 (0x00008c41) c.or    s0, s0
core   0: 3 0x80004510 (0x8c41) x 8 0x00000000
core   0: 0x80004512 (0x02bcc3b3) div     t2, s9, a1
core   0: 3 0x80004512 (0x02bcc3b3) x 7 0x00000000
core   0: 0x80004516 (0x000013fd) c.addi  t2, -1
core   0: 3 0x80004516 (0x13fd) x 7 0xffffffff
core   0: 0x80004518 (0x00000001) c.nop
core   0: 3 0x80004518 (0x0001)
core   0: 0x8000451a (0x0064b033) sltu    zero, s1, t1
core   0: 3 0x8000451a (0x0064b033)
core   0: 0x8000451e (0x01b9d313) srli    t1, s3, 27
core   0: 3 0x8000451e (0x01b9d313) x 6 0x00000000
core   0: 0x80004522 (0xb548cf93) xori    t6, a7, -1196
core   0: 3 0x80004522 (0xb548cf93) x31 0xfffffb55
core   0: 0x80004526 (0x00008421) c.srai  s0, 8
core   0: 3 0x80004526 (0x8421) x 8 0x00000000
core   0: 0x80004528 (0x02cca433) mulhsu  s0, s9, a2
core   0: 3 0x80004528 (0x02cca433) x 8 0x00000000
core   0: 0x8000452c (0x030190b3) mulh    ra, gp, a6
core   0: 3 0x8000452c (0x030190b3) x 1 0x00000000
core   0: 0x80004530 (0x0384a433) mulhsu  s0, s1, s8
core   0: 3 0x80004530 (0x0384a433) x 8 0x0000002e
core   0: 0x80004534 (0x017775b3) and     a1, a4, s7
core   0: 3 0x80004534 (0x017775b3) x11 0x80003e64
core   0: 0x80004538 (0x00008d25) c.xor   a0, s1
core   0: 3 0x80004538 (0x8d25) x10 0x0000002b
core   0: 0x8000453a (0x03d1d833) divu    a6, gp, t4
core   0: 3 0x8000453a (0x03d1d833) x16 0xffffffff
core   0: 0x8000453e (0x00d3d013) srli    zero, t2, 13
core   0: 3 0x8000453e (0x00d3d013)
core   0: 0x80004542 (0x00ac76b3) and     a3, s8, a0
core   0: 3 0x80004542 (0x00ac76b3) x13 0x00000022
core   0: 0x80004546 (0x000068a9) c.lui   a7, 0xa
core   0: 3 0x80004546 (0x68a9) x17 0x0000a000
core   0: 0x80004548 (0x000084e9) c.srai  s1, 26
core   0: 3 0x80004548 (0x84e9) x 9 0x00000000
core   0: 0x8000454a (0x478e2493) slti    s1, t3, 1144
core   0: 3 0x8000454a (0x478e2493) x 9 0x00000001
core   0: 0x8000454e (0x5aecff13) andi    t5, s9, 1454
core   0: 3 0x8000454e (0x5aecff13) x30 0x0000052a
core   0: 0x80004552 (0x415f5833) sra     a6, t5, s5
core   0: 3 0x80004552 (0x415f5833) x16 0x0000052a
core   0: 0x80004556 (0x00139813) slli    a6, t2, 1
core   0: 3 0x80004556 (0x00139813) x16 0xfffffffe
core   0: 0x8000455a (0x01e789b3) add     s3, a5, t5
core   0: 3 0x8000455a (0x01e789b3) x19 0x00000529
core   0: 0x8000455e (0x02cf2f33) mulhsu  t5, t5, a2
core   0: 3 0x8000455e (0x02cf2f33) x30 0x00000000
core   0: 0x80004562 (0xea38ab93) slti    s7, a7, -349
core   0: 3 0x80004562 (0xea38ab93) x23 0x00000000
core   0: 0x80004566 (0x0000197d) c.addi  s2, -1
core   0: 3 0x80004566 (0x197d) x18 0xffffffff
core   0: 0x80004568 (0x0206f033) remu    zero, a3, zero
core   0: 3 0x80004568 (0x0206f033)
core   0: 0x8000456c (0x00008c95) c.sub   s1, a3
core   0: 3 0x8000456c (0x8c95) x 9 0xffffffdf
core   0: 0x8000456e (0x41e8d3b3) sra     t2, a7, t5
core   0: 3 0x8000456e (0x41e8d3b3) x 7 0x0000a000
core   0: 0x80004572 (0x00009afd) c.andi  a3, -1
core   0: 3 0x80004572 (0x9afd) x13 0x00000022
core   0: 0x80004574 (0x8b511837) lui     a6, 0x8b511
core   0: 3 0x80004574 (0x8b511837) x16 0x8b511000
core   0: 0x80004578 (0x00008e51) c.or    a2, a2
core   0: 3 0x80004578 (0x8e51) x12 0x00000000
core   0: 0x8000457a (0x000093ee) c.add   t2, s11
core   0: 3 0x8000457a (0x93ee) x 7 0x8000a000
core   0: 0x8000457c (0x00000001) c.nop
core   0: 3 0x8000457c (0x0001)
core   0: 0x8000457e (0x00000001) c.nop
core   0: 3 0x8000457e (0x0001)
core   0: 0x80004580 (0x00000001) c.nop
core   0: 3 0x80004580 (0x0001)
core   0: 0x80004582 (0x00000fa6) c.slli  t6, 9
core   0: 3 0x80004582 (0x0fa6) x31 0xfff6aa00
core   0: 0x80004584 (0x0218f7b3) remu    a5, a7, ra
core   0: 3 0x80004584 (0x0218f7b3) x15 0x0000a000
core   0: 0x80004588 (0xfff00613) li      a2, -1
core   0: 3 0x80004588 (0xfff00613) x12 0xffffffff
core   0: 0x8000458c (0xfff00513) li      a0, -1
core   0: 3 0x8000458c (0xfff00513) x10 0xffffffff
core   0: 0x80004590 (0x00004f01) c.li    t5, 0
core   0: 3 0x80004590 (0x4f01) x30 0x00000000
core   0: 0x80004592 (0xfff00413) li      s0, -1
core   0: 3 0x80004592 (0xfff00413) x 8 0xffffffff
core   0: 0x80004596 (0x236594b7) lui     s1, 0x23659
core   0: 3 0x80004596 (0x236594b7) x 9 0x23659000
core   0: 0x8000459a (0xaeb48493) addi    s1, s1, -1301
core   0: 3 0x8000459a (0xaeb48493) x 9 0x23658aeb
core   0: 0x8000459e (0xfff00093) li      ra, -1
core   0: 3 0x8000459e (0xfff00093) x 1 0xffffffff
core   0: 0x800045a2 (0x800001b7) lui     gp, 0x80000
core   0: 3 0x800045a2 (0x800001b7) x 3 0x80000000
core   0: 0x800045a6 (0xbc45c5b7) lui     a1, 0xbc45c
core   0: 3 0x800045a6 (0xbc45c5b7) x11 0xbc45c000
core   0: 0x800045aa (0x5c458593) addi    a1, a1, 1476
core   0: 3 0x800045aa (0x5c458593) x11 0xbc45c5c4
core   0: 0x800045ae (0x00004201) c.li    tp, 0
core   0: 3 0x800045ae (0x4201) x 4 0x00000000
core   0: 0x800045b0 (0x00004881) c.li    a7, 0
core   0: 3 0x800045b0 (0x4881) x17 0x00000000
core   0: 0x800045b2 (0xaa540f13) addi    t5, s0, -1371
core   0: 3 0x800045b2 (0xaa540f13) x30 0xfffffaa4
core   0: 0x800045b6 (0x02af5233) divu    tp, t5, a0
core   0: 3 0x800045b6 (0x02af5233) x 4 0x00000000
core   0: 0x800045ba (0x0290f0b3) remu    ra, ra, s1
core   0: 3 0x800045ba (0x0290f0b3) x 1 0x08393392
core   0: 0x800045be (0x029181b3) mul     gp, gp, s1
core   0: 3 0x800045be (0x029181b3) x 3 0x80000000
core   0: 0x800045c2 (0xe46b1537) lui     a0, 0xe46b1
core   0: 3 0x800045c2 (0xe46b1537) x10 0xe46b1000
core   0: 0x800045c6 (0x03e421b3) mulhsu  gp, s0, t5
core   0: 3 0x800045c6 (0x03e421b3) x 3 0xffffffff
core   0: 0x800045ca (0xc4e0b537) lui     a0, 0xc4e0b
core   0: 3 0x800045ca (0xc4e0b537) x10 0xc4e0b000
core   0: 0x800045ce (0x91420213) addi    tp, tp, -1772
core   0: 3 0x800045ce (0x91420213) x 4 0xfffff914
core   0: 0x800045d2 (0x404881b3) sub     gp, a7, tp
core   0: 3 0x800045d2 (0x404881b3) x 3 0x000006ec
core   0: 0x800045d6 (0x02452f33) mulhsu  t5, a0, tp
core   0: 3 0x800045d6 (0x02452f33) x30 0xc4e0b199
core   0: 0x800045da (0x17808893) addi    a7, ra, 376
core   0: 3 0x800045da (0x17808893) x17 0x0839350a
core   0: 0x800045de (0x00009646) c.add   a2, a7
core   0: 3 0x800045de (0x9646) x12 0x08393509
core   0: 0x800045e0 (0x0285b633) mulhu   a2, a1, s0
core   0: 3 0x800045e0 (0x0285b633) x12 0xbc45c5c3
core   0: 0x800045e4 (0x0238d5b3) divu    a1, a7, gp
core   0: 3 0x800045e4 (0x0238d5b3) x11 0x00013023
core   0: 0x800045e8 (0x0210b4b3) mulhu   s1, ra, ra
core   0: 3 0x800045e8 (0x0210b4b3) x 9 0x0043a001
core   0: 0x800045ec (0x03e52f33) mulhsu  t5, a0, t5
core   0: 3 0x800045ec (0x03e52f33) x30 0xd2882256
core   0: 0x800045f0 (0x93733f13) sltiu   t5, t1, -1737
core   0: 3 0x800045f0 (0x93733f13) x30 0x00000001
core   0: 0x800045f4 (0x00006ca1) c.lui   s9, 0x8
core   0: 3 0x800045f4 (0x6ca1) x25 0x00008000
core   0: 0x800045f6 (0x00012fb3) slt     t6, sp, zero
core   0: 3 0x800045f6 (0x00012fb3) x31 0x00000001
core   0: 0x800045fa (0x0117a333) slt     t1, a5, a7
core   0: 3 0x800045fa (0x0117a333) x 6 0x00000001
core   0: 0x800045fe (0x01449693) slli    a3, s1, 20
core   0: 3 0x800045fe (0x01449693) x13 0x00100000
core   0: 0x80004602 (0x6671c313) xori    t1, gp, 1639
core   0: 3 0x80004602 (0x6671c313) x 6 0x0000008b
core   0: 0x80004606 (0x012c5f33) srl     t5, s8, s2
core   0: 3 0x80004606 (0x012c5f33) x30 0x00000001
core   0: 0x8000460a (0x03c835b3) mulhu   a1, a6, t3
core   0: 3 0x8000460a (0x03c835b3) x11 0x45a88803
core   0: 0x8000460e (0x00009866) c.add   a6, s9
core   0: 3 0x8000460e (0x9866) x16 0x8b519000
core   0: 0x80004610 (0x001d55b3) srl     a1, s10, ra
core   0: 3 0x80004610 (0x001d55b3) x11 0x00000000
core   0: 0x80004614 (0x02efe533) rem     a0, t6, a4
core   0: 3 0x80004614 (0x02efe533) x10 0x00000001
core   0: 0x80004618 (0xb97cde97) auipc   t4, 0xb97cd
core   0: 3 0x80004618 (0xb97cde97) x29 0x397d1618
core   0: 0x8000461c (0x032172b3) remu    t0, sp, s2
core   0: 3 0x8000461c (0x032172b3) x 5 0x80013ce4
core   0: 0x80004620 (0x000080cd) c.srli  s1, 19
core   0: 3 0x80004620 (0x80cd) x 9 0x00000008
core   0: 0x80004622 (0x03a5b433) mulhu   s0, a1, s10
core   0: 3 0x80004622 (0x03a5b433) x 8 0x00000000
core   0: 0x80004626 (0xfa498613) addi    a2, s3, -92
core   0: 3 0x80004626 (0xfa498613) x12 0x000004cd
core   0: 0x8000462a (0x00000e66) c.slli  t3, 25
core   0: 3 0x8000462a (0x0e66) x28 0x0c000000
core   0: 0x8000462c (0xe0f54493) xori    s1, a0, -497
core   0: 3 0x8000462c (0xe0f54493) x 9 0xfffffe0e
core   0: 0x80004630 (0xe732eb13) ori     s6, t0, -397
core   0: 3 0x80004630 (0xe732eb13) x22 0xfffffef7
core   0: 0x80004634 (0x00008615) c.srai  a2, 5
core   0: 3 0x80004634 (0x8615) x12 0x00000026
core   0: 0x80004636 (0x00a74a33) xor     s4, a4, a0
core   0: 3 0x80004636 (0x00a74a33) x20 0x8000fe65
core   0: 0x8000463a (0x000014fd) c.addi  s1, -1
core   0: 3 0x8000463a (0x14fd) x 9 0xfffffe0d
core   0: 0x8000463c (0x00b9f933) and     s2, s3, a1
core   0: 3 0x8000463c (0x00b9f933) x18 0x00000000
core   0: 0x80004640 (0x02465a33) divu    s4, a2, tp
core   0: 3 0x80004640 (0x02465a33) x20 0x00000000
core   0: 0x80004644 (0x00fc6cb3) or      s9, s8, a5
core   0: 3 0x80004644 (0x00fc6cb3) x25 0xfffffaf6
core   0: 0x80004648 (0x07046993) ori     s3, s0, 112
core   0: 3 0x80004648 (0x07046993) x19 0x00000070
core   0: 0x8000464c (0x000040d9) c.li    ra, 22
core   0: 3 0x8000464c (0x40d9) x 1 0x00000016
core   0: 0x8000464e (0x0000855e) c.mv    a0, s7
core   0: 3 0x8000464e (0x855e) x10 0x00000000
core   0: 0x80004650 (0x41a35413) srai    s0, t1, 26
core   0: 3 0x80004650 (0x41a35413) x 8 0x00000000
core   0: 0x80004654 (0x00ae5293) srli    t0, t3, 10
core   0: 3 0x80004654 (0x00ae5293) x 5 0x00030000
core   0: 0x80004658 (0x01152333) slt     t1, a0, a7
core   0: 3 0x80004658 (0x01152333) x 6 0x00000001
core   0: 0x8000465c (0x00001d7d) c.addi  s10, -1
core   0: 3 0x8000465c (0x1d7d) x26 0xffffffff
core   0: 0x8000465e (0x020c8fb3) mul     t6, s9, zero
core   0: 3 0x8000465e (0x020c8fb3) x31 0x00000000
core   0: 0x80004662 (0xa3faa613) slti    a2, s5, -1473
core   0: 3 0x80004662 (0xa3faa613) x12 0x00000001
core   0: 0x80004666 (0x018f1fb3) sll     t6, t5, s8
core   0: 3 0x80004666 (0x018f1fb3) x31 0x00400000
core   0: 0x8000466a (0x00008d6d) c.and   a0, a1
core   0: 3 0x8000466a (0x8d6d) x10 0x00000000
core   0: 0x8000466c (0x00009f46) c.add   t5, a7
core   0: 3 0x8000466c (0x9f46) x30 0x0839350b
core   0: 0x8000466e (0x000096ea) c.add   a3, s10
core   0: 3 0x8000466e (0x96ea) x13 0x000fffff
core   0: 0x80004670 (0x00008d49) c.or    a0, a0
core   0: 3 0x80004670 (0x8d49) x10 0x00000000
core   0: 0x80004672 (0x416fda93) srai    s5, t6, 22
core   0: 3 0x80004672 (0x416fda93) x21 0x00000001
core   0: 0x80004676 (0x000085bd) c.srai  a1, 15
core   0: 3 0x80004676 (0x85bd) x11 0x00000000
core   0: 0x80004678 (0x00000001) c.nop
core   0: 3 0x80004678 (0x0001)
core   0: 0x8000467a (0x010c5513) srli    a0, s8, 16
core   0: 3 0x8000467a (0x010c5513) x10 0x0000ffff
core   0: 0x8000467e (0x00008ed9) c.or    a3, a4
core   0: 3 0x8000467e (0x8ed9) x13 0x800fffff
core   0: 0x80004680 (0x03f298b3) mulh    a7, t0, t6
core   0: 3 0x80004680 (0x03f298b3) x17 0x000000c0
core   0: 0x80004684 (0x00182fb3) slt     t6, a6, ra
core   0: 3 0x80004684 (0x00182fb3) x31 0x00000001
core   0: 0x80004688 (0xe5e14c97) auipc   s9, 0xe5e14
core   0: 3 0x80004688 (0xe5e14c97) x25 0x65e18688
core   0: 0x8000468c (0x00008ef1) c.and   a3, a2
core   0: 3 0x8000468c (0x8ef1) x13 0x00000001
core   0: 0x8000468e (0x00fcc4b3) xor     s1, s9, a5
core   0: 3 0x8000468e (0x00fcc4b3) x 9 0x65e12688
core   0: 0x80004692 (0x00cd4233) xor     tp, s10, a2
core   0: 3 0x80004692 (0x00cd4233) x 4 0xfffffffe
core   0: 0x80004696 (0x40c5dd13) srai    s10, a1, 12
core   0: 3 0x80004696 (0x40c5dd13) x26 0x00000000
core   0: 0x8000469a (0x48a57eb7) lui     t4, 0x48a57
core   0: 3 0x8000469a (0x48a57eb7) x29 0x48a57000
core   0: 0x8000469e (0x0000427d) c.li    tp, 31
core   0: 3 0x8000469e (0x427d) x 4 0x0000001f
core   0: 0x800046a0 (0x41ed86b3) sub     a3, s11, t5
core   0: 3 0x800046a0 (0x41ed86b3) x13 0x77c6caf5
core   0: 0x800046a4 (0x00000001) c.nop
core   0: 3 0x800046a4 (0x0001)
core   0: 0x800046a6 (0x000000ba) c.slli  ra, 14
core   0: 3 0x800046a6 (0x00ba) x 1 0x00058000
core   0: 0x800046a8 (0x0113d793) srli    a5, t2, 17
core   0: 3 0x800046a8 (0x0113d793) x15 0x00004000
core   0: 0x800046ac (0x2fc86693) ori     a3, a6, 764
core   0: 3 0x800046ac (0x2fc86693) x13 0x8b5192fc
core   0: 0x800046b0 (0x0000080d) c.addi  a6, 3
core   0: 3 0x800046b0 (0x080d) x16 0x8b519003
core   0: 0x800046b2 (0x02035333) divu    t1, t1, zero
core   0: 3 0x800046b2 (0x02035333) x 6 0xffffffff
core   0: 0x800046b6 (0x0000811d) c.srli  a0, 7
core   0: 3 0x800046b6 (0x811d) x10 0x000001ff
core   0: 0x800046b8 (0x009e5493) srli    s1, t3, 9
core   0: 3 0x800046b8 (0x009e5493) x 9 0x00060000
core   0: 0x800046bc (0x01e95213) srli    tp, s2, 30
core   0: 3 0x800046bc (0x01e95213) x 4 0x00000000
core   0: 0x800046c0 (0x00428c33) add     s8, t0, tp
core   0: 3 0x800046c0 (0x00428c33) x24 0x00030000
core   0: 0x800046c4 (0x00009bda) c.add   s7, s6
core   0: 3 0x800046c4 (0x9bda) x23 0xfffffef7
core   0: 0x800046c6 (0xff0aeb13) ori     s6, s5, -16
core   0: 3 0x800046c6 (0xff0aeb13) x22 0xfffffff1
core   0: 0x800046ca (0x01c263b3) or      t2, tp, t3
core   0: 3 0x800046ca (0x01c263b3) x 7 0x0c000000
core   0: 0x800046ce (0x00fda2b3) slt     t0, s11, a5
core   0: 3 0x800046ce (0x00fda2b3) x 5 0x00000001
core   0: 0x800046d2 (0x41ea03b3) sub     t2, s4, t5
core   0: 3 0x800046d2 (0x41ea03b3) x 7 0xf7c6caf5
core   0: 0x800046d6 (0x00009afd) c.andi  a3, -1
core   0: 3 0x800046d6 (0x9afd) x13 0x8b5192fc
core   0: 0x800046d8 (0x015855b3) srl     a1, a6, s5
core   0: 3 0x800046d8 (0x015855b3) x11 0x45a8c801
core   0: 0x800046dc (0x00719e13) slli    t3, gp, 7
core   0: 3 0x800046dc (0x00719e13) x28 0x00037600
core   0: 0x800046e0 (0x01d99913) slli    s2, s3, 29
core   0: 3 0x800046e0 (0x01d99913) x18 0x00000000
core   0: 0x800046e4 (0x00008cad) c.xor   s1, a1
core   0: 3 0x800046e4 (0x8cad) x 9 0x45aec801
core   0: 0x800046e6 (0x00009fae) c.add   t6, a1
core   0: 3 0x800046e6 (0x9fae) x31 0x45a8c802
core   0: 0x800046e8 (0x4092d8b3) sra     a7, t0, s1
core   0: 3 0x800046e8 (0x4092d8b3) x17 0x00000000
core   0: 0x800046ec (0x01e55c93) srli    s9, a0, 30
core   0: 3 0x800046ec (0x01e55c93) x25 0x00000000
core   0: 0x800046f0 (0x03dc5e33) divu    t3, s8, t4
core   0: 3 0x800046f0 (0x03dc5e33) x28 0x00000000
core   0: 0x800046f4 (0x9c5a4c93) xori    s9, s4, -1595
core   0: 3 0x800046f4 (0x9c5a4c93) x25 0xfffff9c5
core   0: 0x800046f8 (0x000095d2) c.add   a1, s4
core   0: 3 0x800046f8 (0x95d2) x11 0x45a8c801
core   0: 0x800046fa (0x00986b33) or      s6, a6, s1
core   0: 3 0x800046fa (0x00986b33) x22 0xcfffd803
core   0: 0x800046fe (0x9ae1a897) auipc   a7, 0x9ae1a
core   0: 3 0x800046fe (0x9ae1a897) x17 0x1ae1e6fe
core   0: 0x80004702 (0x026c7933) remu    s2, s8, t1
core   0: 3 0x80004702 (0x026c7933) x18 0x00030000
core   0: 0x80004706 (0x005dd533) srl     a0, s11, t0
core   0: 3 0x80004706 (0x005dd533) x10 0x40000000
core   0: 0x8000470a (0x01d35593) srli    a1, t1, 29
core   0: 3 0x8000470a (0x01d35593) x11 0x00000007
core   0: 0x8000470e (0x00008fed) c.and   a5, a1
core   0: 3 0x8000470e (0x8fed) x15 0x00000000
core   0: 0x80004710 (0x000057fd) c.li    a5, -1
core   0: 3 0x80004710 (0x57fd) x15 0xffffffff
core   0: 0x80004712 (0x008de5b3) or      a1, s11, s0
core   0: 3 0x80004712 (0x008de5b3) x11 0x80000000
core   0: 0x80004716 (0x000009e5) c.addi  s3, 25
core   0: 3 0x80004716 (0x09e5) x19 0x00000089
core   0: 0x80004718 (0x00008bc6) c.mv    s7, a7
core   0: 3 0x80004718 (0x8bc6) x23 0x1ae1e6fe
core   0: 0x8000471a (0x00008109) c.srli  a0, 2
core   0: 3 0x8000471a (0x8109) x10 0x10000000
core   0: 0x8000471c (0x00006869) c.lui   a6, 0x1a
core   0: 3 0x8000471c (0x6869) x16 0x0001a000
core   0: 0x8000471e (0x6f52c313) xori    t1, t0, 1781
core   0: 3 0x8000471e (0x6f52c313) x 6 0x000006f4
core   0: 0x80004722 (0x01499833) sll     a6, s3, s4
core   0: 3 0x80004722 (0x01499833) x16 0x00000089
core   0: 0x80004726 (0x00000001) c.nop
core   0: 3 0x80004726 (0x0001)
core   0: 0x80004728 (0x410e0e33) sub     t3, t3, a6
core   0: 3 0x80004728 (0x410e0e33) x28 0xffffff77
core   0: 0x8000472c (0x56f62f13) slti    t5, a2, 1391
core   0: 3 0x8000472c (0x56f62f13) x30 0x00000001
core   0: 0x80004730 (0x033b55b3) divu    a1, s6, s3
core   0: 3 0x80004730 (0x033b55b3) x11 0x0184ab9e
core   0: 0x80004734 (0x500a2213) slti    tp, s4, 1280
core   0: 3 0x80004734 (0x500a2213) x 4 0x00000001
core   0: 0x80004738 (0x00009d06) c.add   s10, ra
core   0: 3 0x80004738 (0x9d06) x26 0x00058000
core   0: 0x8000473a (0x00008c45) c.or    s0, s1
core   0: 3 0x8000473a (0x8c45) x 8 0x45aec801
core   0: 0x8000473c (0x00f681b3) add     gp, a3, a5
core   0: 3 0x8000473c (0x00f681b3) x 3 0x8b5192fb
core   0: 0x80004740 (0x00008d09) c.sub   a0, a0
core   0: 3 0x80004740 (0x8d09) x10 0x00000000
core   0: 0x80004742 (0x00008c95) c.sub   s1, a3
core   0: 3 0x80004742 (0x8c95) x 9 0xba5d3505
core   0: 0x80004744 (0x00008a0a) c.mv    s4, sp
core   0: 3 0x80004744 (0x8a0a) x20 0x80013ce4
core   0: 0x80004746 (0x038a86b3) mul     a3, s5, s8
core   0: 3 0x80004746 (0x038a86b3) x13 0x00030000
core   0: 0x8000474a (0x0319c033) div     zero, s3, a7
core   0: 3 0x8000474a (0x0319c033)
core   0: 0x8000474e (0x00a36bb3) or      s7, t1, a0
core   0: 3 0x8000474e (0x00a36bb3) x23 0x000006f4
core   0: 0x80004752 (0x01ac18b3) sll     a7, s8, s10
core   0: 3 0x80004752 (0x01ac18b3) x17 0x00030000
core   0: 0x80004756 (0x00008da5) c.xor   a1, s1
core   0: 3 0x80004756 (0x8da5) x11 0xbbd99e9b
core   0: 0x80004758 (0x00008625) c.srai  a2, 9
core   0: 3 0x80004758 (0x8625) x12 0x00000000
core   0: 0x8000475a (0x00008c06) c.mv    s8, ra
core   0: 3 0x8000475a (0x8c06) x24 0x00058000
core   0: 0x8000475c (0x00008e95) c.sub   a3, a3
core   0: 3 0x8000475c (0x8e95) x13 0x00000000
core   0: 0x8000475e (0x02a50933) mul     s2, a0, a0
core   0: 3 0x8000475e (0x02a50933) x18 0x00000000
core   0: 0x80004762 (0x41e1df33) sra     t5, gp, t5
core   0: 3 0x80004762 (0x41e1df33) x30 0xc5a8c97d
core   0: 0x80004766 (0x40885293) srai    t0, a6, 8
core   0: 3 0x80004766 (0x40885293) x 5 0x00000000
core   0: 0x8000476a (0x035d0d33) mul     s10, s10, s5
core   0: 3 0x8000476a (0x035d0d33) x26 0x00058000
core   0: 0x8000476e (0x00009a7d) c.andi  a2, -1
core   0: 3 0x8000476e (0x9a7d) x12 0x00000000
core   0: 0x80004770 (0xcf7ebc17) auipc   s8, 0xcf7eb
core   0: 3 0x80004770 (0xcf7ebc17) x24 0x4f7ef770
core   0: 0x80004774 (0x01b680b3) add     ra, a3, s11
core   0: 3 0x80004774 (0x01b680b3) x 1 0x80000000
core   0: 0x80004778 (0xad5e2293) slti    t0, t3, -1323
core   0: 3 0x80004778 (0xad5e2293) x 5 0x00000000
core   0: 0x8000477c (0x02f62ab3) mulhsu  s5, a2, a5
core   0: 3 0x8000477c (0x02f62ab3) x21 0x00000000
core   0: 0x80004780 (0x0000987d) c.andi  s0, -1
core   0: 3 0x80004780 (0x987d) x 8 0x45aec801
core   0: 0x80004782 (0x419edc93) srai    s9, t4, 25
core   0: 3 0x80004782 (0x419edc93) x25 0x00000024
core   0: 0x80004786 (0x00c8d8b3) srl     a7, a7, a2
core   0: 3 0x80004786 (0x00c8d8b3) x17 0x00030000
core   0: 0x8000478a (0x00008d89) c.sub   a1, a0
core   0: 3 0x8000478a (0x8d89) x11 0xbbd99e9b
core   0: 0x8000478c (0x00001c7d) c.addi  s8, -1
core   0: 3 0x8000478c (0x1c7d) x24 0x4f7ef76f
core   0: 0x8000478e (0x01f69e13) slli    t3, a3, 31
core   0: 3 0x8000478e (0x01f69e13) x28 0x00000000
core   0: 0x80004792 (0x002318b3) sll     a7, t1, sp
core   0: 3 0x80004792 (0x002318b3) x17 0x00006f40
core   0: 0x80004796 (0x02e9efb3) rem     t6, s3, a4
core   0: 3 0x80004796 (0x02e9efb3) x31 0x00000089
core   0: 0x8000479a (0x00008dc1) c.or    a1, s0
core   0: 3 0x8000479a (0x8dc1) x11 0xffffde9b
core   0: 0x8000479c (0x029bb9b3) mulhu   s3, s7, s1
core   0: 3 0x8000479c (0x029bb9b3) x19 0x0000050f
core   0: 0x800047a0 (0x40f5dcb3) sra     s9, a1, a5
core   0: 3 0x800047a0 (0x40f5dcb3) x25 0xffffffff
core   0: 0x800047a4 (0x019910b3) sll     ra, s2, s9
core   0: 3 0x800047a4 (0x019910b3) x 1 0x00000000
core   0: 0x800047a8 (0x00006521) c.lui   a0, 0x8
core   0: 3 0x800047a8 (0x6521) x10 0x00008000
core   0: 0x800047aa (0x00008c9e) c.mv    s9, t2
core   0: 3 0x800047aa (0x8c9e) x25 0xf7c6caf5
core   0: 0x800047ac (0x02750d33) mul     s10, a0, t2
core   0: 3 0x800047ac (0x02750d33) x26 0x657a8000
core   0: 0x800047b0 (0x41505493) srai    s1, zero, 21
core   0: 3 0x800047b0 (0x41505493) x 9 0x00000000
core   0: 0x800047b4 (0x00000001) c.nop
core   0: 3 0x800047b4 (0x0001)
core   0: 0x800047b6 (0x41d68333) sub     t1, a3, t4
core   0: 3 0x800047b6 (0x41d68333) x 6 0xb75a9000
core   0: 0x800047ba (0x41cdd233) sra     tp, s11, t3
core   0: 3 0x800047ba (0x41cdd233) x 4 0x80000000
core   0: 0x800047be (0x01a5fcb3) and     s9, a1, s10
core   0: 3 0x800047be (0x01a5fcb3) x25 0x657a8000
core   0: 0x800047c2 (0x03839833) mulh    a6, t2, s8
core   0: 3 0x800047c2 (0x03839833) x16 0xfd724486
core   0: 0x800047c6 (0x00006559) c.lui   a0, 0x16
core   0: 3 0x800047c6 (0x6559) x10 0x00016000
core   0: 0x800047c8 (0x022f4833) div     a6, t5, sp
core   0: 3 0x800047c8 (0x022f4833) x16 0x00000000
core   0: 0x800047cc (0x013498b3) sll     a7, s1, s3
core   0: 3 0x800047cc (0x013498b3) x17 0x00000000
core   0: 0x800047d0 (0x037c0433) mul     s0, s8, s7
core   0: 3 0x800047d0 (0x037c0433) x 8 0xbed06fcc
core   0: 0x800047d4 (0x00000f3d) c.addi  t5, 15
core   0: 3 0x800047d4 (0x0f3d) x30 0xc5a8c98c
core   0: 0x800047d6 (0x02528cb3) mul     s9, t0, t0
core   0: 3 0x800047d6 (0x02528cb3) x25 0x00000000
core   0: 0x800047da (0x7a6cf593) andi    a1, s9, 1958
core   0: 3 0x800047da (0x7a6cf593) x11 0x00000000
core   0: 0x800047de (0x0000442d) c.li    s0, 11
core   0: 3 0x800047de (0x442d) x 8 0x0000000b
core   0: 0x800047e0 (0x036ee6b3) rem     a3, t4, s6
core   0: 3 0x800047e0 (0x036ee6b3) x13 0x18a54803
core   0: 0x800047e4 (0x01f919b3) sll     s3, s2, t6
core   0: 3 0x800047e4 (0x01f919b3) x19 0x00000000
core   0: 0x800047e8 (0x00008399) c.srli  a5, 6
core   0: 3 0x800047e8 (0x8399) x15 0x03ffffff
core   0: 0x800047ea (0x02bb7ab3) remu    s5, s6, a1
core   0: 3 0x800047ea (0x02bb7ab3) x21 0xcfffd803
core   0: 0x800047ee (0x00008c2d) c.xor   s0, a1
core   0: 3 0x800047ee (0x8c2d) x 8 0x0000000b
core   0: 0x800047f0 (0xced8b913) sltiu   s2, a7, -787
core   0: 3 0x800047f0 (0xced8b913) x18 0x00000001
core   0: 0x800047f4 (0x00008e41) c.or    a2, s0
core   0: 3 0x800047f4 (0x8e41) x12 0x0000000b
core   0: 0x800047f6 (0x000088e2) c.mv    a7, s8
core   0: 3 0x800047f6 (0x88e2) x17 0x4f7ef76f
core   0: 0x800047f8 (0x4fd4ba13) sltiu   s4, s1, 1277
core   0: 3 0x800047f8 (0x4fd4ba13) x20 0x00000001
core   0: 0x800047fc (0x00cfb933) sltu    s2, t6, a2
core   0: 3 0x800047fc (0x00cfb933) x18 0x00000000
core   0: 0x80004800 (0x00008119) c.srli  a0, 6
core   0: 3 0x80004800 (0x8119) x10 0x00000580
core   0: 0x80004802 (0x00000001) c.nop
core   0: 3 0x80004802 (0x0001)
core   0: 0x80004804 (0x00000001) c.nop
core   0: 3 0x80004804 (0x0001)
core   0: 0x80004806 (0x00008c91) c.sub   s1, a2
core   0: 3 0x80004806 (0x8c91) x 9 0xfffffff5
core   0: 0x80004808 (0x00008e39) c.xor   a2, a4
core   0: 3 0x80004808 (0x8e39) x12 0x8000fe6f
core   0: 0x8000480a (0x00001cfd) c.addi  s9, -1
core   0: 3 0x8000480a (0x1cfd) x25 0xffffffff
core   0: 0x8000480c (0x51062b97) auipc   s7, 0x51062
core   0: 3 0x8000480c (0x51062b97) x23 0xd106680c
core   0: 0x80004810 (0x00000fba) c.slli  t6, 14
core   0: 3 0x80004810 (0x0fba) x31 0x00224000
core   0: 0x80004812 (0x000085ca) c.mv    a1, s2
core   0: 3 0x80004812 (0x85ca) x11 0x00000000
core   0: 0x80004814 (0x0241b1b3) mulhu   gp, gp, tp
core   0: 3 0x80004814 (0x0241b1b3) x 3 0x45a8c97d
core   0: 0x80004818 (0x000063c5) c.lui   t2, 0x11
core   0: 3 0x80004818 (0x63c5) x 7 0x00011000
core   0: 0x8000481a (0x40508933) sub     s2, ra, t0
core   0: 3 0x8000481a (0x40508933) x18 0x00000000
core   0: 0x8000481e (0x002a25b3) slt     a1, s4, sp
core   0: 3 0x8000481e (0x002a25b3) x11 0x00000000
core   0: 0x80004822 (0x015d3933) sltu    s2, s10, s5
core   0: 3 0x80004822 (0x015d3933) x18 0x00000001
core   0: 0x80004826 (0xd24e6293) ori     t0, t3, -732
core   0: 3 0x80004826 (0xd24e6293) x 5 0xfffffd24
core   0: 0x8000482a (0x00008ba5) c.andi  a5, 9
core   0: 3 0x8000482a (0x8ba5) x15 0x00000009
core   0: 0x8000482c (0x00008c61) c.and   s0, s0
core   0: 3 0x8000482c (0x8c61) x 8 0x0000000b
core   0: 0x8000482e (0x00000001) c.nop
core   0: 3 0x8000482e (0x0001)
core   0: 0x80004830 (0x038c26b3) mulhsu  a3, s8, s8
core   0: 3 0x80004830 (0x038c26b3) x13 0x18af9baf
core   0: 0x80004834 (0x0133cab3) xor     s5, t2, s3
core   0: 3 0x80004834 (0x0133cab3) x21 0x00011000
core   0: 0x80004838 (0x00008fa5) c.xor   a5, s1
core   0: 3 0x80004838 (0x8fa5) x15 0xfffffffc
core   0: 0x8000483a (0xab1d8a13) addi    s4, s11, -1359
core   0: 3 0x8000483a (0xab1d8a13) x20 0x7ffffab1
core   0: 0x8000483e (0x01bc54b3) srl     s1, s8, s11
core   0: 3 0x8000483e (0x01bc54b3) x 9 0x4f7ef76f
core   0: 0x80004842 (0x01e91f93) slli    t6, s2, 30
core   0: 3 0x80004842 (0x01e91f93) x31 0x40000000
core   0: 0x80004846 (0x009324b3) slt     s1, t1, s1
core   0: 3 0x80004846 (0x009324b3) x 9 0x00000001
core   0: 0x8000484a (0x00cb6d33) or      s10, s6, a2
core   0: 3 0x8000484a (0x00cb6d33) x26 0xcffffe6f
core   0: 0x8000484e (0x00b49ab3) sll     s5, s1, a1
core   0: 3 0x8000484e (0x00b49ab3) x21 0x00000001
core   0: 0x80004852 (0x01e30033) add     zero, t1, t5
core   0: 3 0x80004852 (0x01e30033)
core   0: 0x80004856 (0x00006a49) c.lui   s4, 0x12
core   0: 3 0x80004856 (0x6a49) x20 0x00012000
core   0: 0x80004858 (0x03629533) mulh    a0, t0, s6
core   0: 3 0x80004858 (0x03629533) x10 0x00000089
core   0: 0x8000485c (0x00004f69) c.li    t5, 26
core   0: 3 0x8000485c (0x4f69) x30 0x0000001a
core   0: 0x8000485e (0x00000001) c.nop
core   0: 3 0x8000485e (0x0001)
core   0: 0x80004860 (0x2c136513) ori     a0, t1, 705
core   0: 3 0x80004860 (0x2c136513) x10 0xb75a92c1
core   0: 0x80004864 (0x018082b3) add     t0, ra, s8
core   0: 3 0x80004864 (0x018082b3) x 5 0x4f7ef76f
core   0: 0x80004868 (0x003dd193) srli    gp, s11, 3
core   0: 3 0x80004868 (0x003dd193) x 3 0x10000000
core   0: 0x8000486c (0x5a9bf913) andi    s2, s7, 1449
core   0: 3 0x8000486c (0x5a9bf913) x18 0x00000008
core   0: 0x80004870 (0x018eb3b3) sltu    t2, t4, s8
core   0: 3 0x80004870 (0x018eb3b3) x 7 0x00000001
core   0: 0x80004874 (0x0713a313) slti    t1, t2, 113
core   0: 3 0x80004874 (0x0713a313) x 6 0x00000001
core   0: 0x80004878 (0x03df89b3) mul     s3, t6, t4
core   0: 3 0x80004878 (0x03df89b3) x19 0x00000000
core   0: 0x8000487c (0x00008bb5) c.andi  a5, 13
core   0: 3 0x8000487c (0x8bb5) x15 0x0000000c
core   0: 0x8000487e (0x02dd1033) mulh    zero, s10, a3
core   0: 3 0x8000487e (0x02dd1033)
core   0: 0x80004882 (0x01e951b3) srl     gp, s2, t5
core   0: 3 0x80004882 (0x01e951b3) x 3 0x00000000
core   0: 0x80004886 (0x1bc82e13) slti    t3, a6, 444
core   0: 3 0x80004886 (0x1bc82e13) x28 0x00000001
core   0: 0x8000488a (0xc5073d13) sltiu   s10, a4, -944
core   0: 3 0x8000488a (0xc5073d13) x26 0x00000001
core   0: 0x8000488e (0x00008e65) c.and   a2, s1
core   0: 3 0x8000488e (0x8e65) x12 0x00000001
core   0: 0x80004890 (0x0220f333) remu    t1, ra, sp
core   0: 3 0x80004890 (0x0220f333) x 6 0x00000000
core   0: 0x80004894 (0x41f7d813) srai    a6, a5, 31
core   0: 3 0x80004894 (0x41f7d813) x16 0x00000000
core   0: 0x80004898 (0x0131acb3) slt     s9, gp, s3
core   0: 3 0x80004898 (0x0131acb3) x25 0x00000000
core   0: 0x8000489c (0x00008e75) c.and   a2, a3
core   0: 3 0x8000489c (0x8e75) x12 0x00000001
core   0: 0x8000489e (0x00006d45) c.lui   s10, 0x11
core   0: 3 0x8000489e (0x6d45) x26 0x00011000
core   0: 0x800048a0 (0x01d2f833) and     a6, t0, t4
core   0: 3 0x800048a0 (0x01d2f833) x16 0x48247000
core   0: 0x800048a4 (0x00008c45) c.or    s0, s1
core   0: 3 0x800048a4 (0x8c45) x 8 0x0000000b
core   0: 0x800048a6 (0x014033b3) snez    t2, s4
core   0: 3 0x800048a6 (0x014033b3) x 7 0x00000001
core   0: 0x800048aa (0x40480eb3) sub     t4, a6, tp
core   0: 3 0x800048aa (0x40480eb3) x29 0xc8247000
core   0: 0x800048ae (0xbabea293) slti    t0, t4, -1109
core   0: 3 0x800048ae (0xbabea293) x 5 0x00000001
core   0: 0x800048b2 (0xd2fe8a13) addi    s4, t4, -721
core   0: 3 0x800048b2 (0xd2fe8a13) x20 0xc8246d2f
core   0: 0x800048b6 (0x00004e6d) c.li    t3, 27
core   0: 3 0x800048b6 (0x4e6d) x28 0x0000001b
core   0: 0x800048b8 (0x00008e81) c.sub   a3, s0
core   0: 3 0x800048b8 (0x8e81) x13 0x18af9ba4
core   0: 0x800048ba (0x01cfa4b3) slt     s1, t6, t3
core   0: 3 0x800048ba (0x01cfa4b3) x 9 0x00000000
core   0: 0x800048be (0x2b942193) slti    gp, s0, 697
core   0: 3 0x800048be (0x2b942193) x 3 0x00000001
core   0: 0x800048c2 (0x00008d09) c.sub   a0, a0
core   0: 3 0x800048c2 (0x8d09) x10 0x00000000
core   0: 0x800048c4 (0x01c2a9b3) slt     s3, t0, t3
core   0: 3 0x800048c4 (0x01c2a9b3) x19 0x00000001
core   0: 0x800048c8 (0x00006d15) c.lui   s10, 0x5
core   0: 3 0x800048c8 (0x6d15) x26 0x00005000
core   0: 0x800048ca (0x000093ca) c.add   t2, s2
core   0: 3 0x800048ca (0x93ca) x 7 0x00000009
core   0: 0x800048cc (0x912b4ab7) lui     s5, 0x912b4
core   0: 3 0x800048cc (0x912b4ab7) x21 0x912b4000
core   0: 0x800048d0 (0x00c92333) slt     t1, s2, a2
core   0: 3 0x800048d0 (0x00c92333) x 6 0x00000000
core   0: 0x800048d4 (0x0327dcb3) divu    s9, a5, s2
core   0: 3 0x800048d4 (0x0327dcb3) x25 0x00000001
core   0: 0x800048d8 (0x000000c6) c.slli  ra, 17
core   0: 3 0x800048d8 (0x00c6) x 1 0x00000000
core   0: 0x800048da (0x00c633b3) sltu    t2, a2, a2
core   0: 3 0x800048da (0x00c633b3) x 7 0x00000000
core   0: 0x800048de (0x000090a6) c.add   ra, s1
core   0: 3 0x800048de (0x90a6) x 1 0x00000000
core   0: 0x800048e0 (0x9c916693) ori     a3, sp, -1591
core   0: 3 0x800048e0 (0x9c916693) x13 0xfffffded
core   0: 0x800048e4 (0x02a87e33) remu    t3, a6, a0
core   0: 3 0x800048e4 (0x02a87e33) x28 0x48247000
core   0: 0x800048e8 (0x00001f7d) c.addi  t5, -1
core   0: 3 0x800048e8 (0x1f7d) x30 0x00000019
core   0: 0x800048ea (0x00c1da33) srl     s4, gp, a2
core   0: 3 0x800048ea (0x00c1da33) x20 0x00000000
core   0: 0x800048ee (0x00008846) c.mv    a6, a7
core   0: 3 0x800048ee (0x8846) x16 0x4f7ef76f
core   0: 0x800048f0 (0x000051fd) c.li    gp, -1
core   0: 3 0x800048f0 (0x51fd) x 3 0xffffffff
core   0: 0x800048f2 (0x039688b3) mul     a7, a3, s9
core   0: 3 0x800048f2 (0x039688b3) x17 0xfffffded
core   0: 0x800048f6 (0x038e2a33) mulhsu  s4, t3, s8
core   0: 3 0x800048f6 (0x038e2a33) x20 0x16670639
core   0: 0x800048fa (0x07043f93) sltiu   t6, s0, 112
core   0: 3 0x800048fa (0x07043f93) x31 0x00000001
core   0: 0x800048fe (0x00bf3c33) sltu    s8, t5, a1
core   0: 3 0x800048fe (0x00bf3c33) x24 0x00000000
core   0: 0x80004902 (0x033f2cb3) mulhsu  s9, t5, s3
core   0: 3 0x80004902 (0x033f2cb3) x25 0x00000000
core   0: 0x80004906 (0x00001bfd) c.addi  s7, -1
core   0: 3 0x80004906 (0x1bfd) x23 0xd106680b
core   0: 0x80004908 (0x0267c233) div     tp, a5, t1
core   0: 3 0x80004908 (0x0267c233) x 4 0xffffffff
core   0: 0x8000490c (0x02a9ad33) mulhsu  s10, s3, a0
core   0: 3 0x8000490c (0x02a9ad33) x26 0x00000000
core   0: 0x80004910 (0x40c50933) sub     s2, a0, a2
core   0: 3 0x80004910 (0x40c50933) x18 0xffffffff
core   0: 0x80004914 (0x006bc333) xor     t1, s7, t1
core   0: 3 0x80004914 (0x006bc333) x 6 0xd106680b
core   0: 0x80004918 (0xdc6b94b7) lui     s1, 0xdc6b9
core   0: 3 0x80004918 (0xdc6b94b7) x 9 0xdc6b9000
core   0: 0x8000491c (0x02c004b3) mul     s1, zero, a2
core   0: 3 0x8000491c (0x02c004b3) x 9 0x00000000
core   0: 0x80004920 (0x02b3cfb3) div     t6, t2, a1
core   0: 3 0x80004920 (0x02b3cfb3) x31 0xffffffff
core   0: 0x80004924 (0x00008d81) c.sub   a1, s0
core   0: 3 0x80004924 (0x8d81) x11 0xfffffff5
core   0: 0x80004926 (0x0195ac33) slt     s8, a1, s9
core   0: 3 0x80004926 (0x0195ac33) x24 0x00000001
core   0: 0x8000492a (0x000b8f33) add     t5, s7, zero
core   0: 3 0x8000492a (0x000b8f33) x30 0xd106680b
core   0: 0x8000492e (0x40b95433) sra     s0, s2, a1
core   0: 3 0x8000492e (0x40b95433) x 8 0xffffffff
core   0: 0x80004932 (0x00e462b3) or      t0, s0, a4
core   0: 3 0x80004932 (0x00e462b3) x 5 0xffffffff
core   0: 0x80004936 (0x93fec913) xori    s2, t4, -1729
core   0: 3 0x80004936 (0x93fec913) x18 0x37db893f
core   0: 0x8000493a (0x00008d11) c.sub   a0, a2
core   0: 3 0x8000493a (0x8d11) x10 0xffffffff
core   0: 0x8000493c (0xdbf30a97) auipc   s5, 0xdbf30
core   0: 3 0x8000493c (0xdbf30a97) x21 0x5bf3493c
core   0: 0x80004940 (0x41a6d513) srai    a0, a3, 26
core   0: 3 0x80004940 (0x41a6d513) x10 0xffffffff
core   0: 0x80004944 (0x405dd813) srai    a6, s11, 5
core   0: 3 0x80004944 (0x405dd813) x16 0xfc000000
core   0: 0x80004948 (0x00cc69b3) or      s3, s8, a2
core   0: 3 0x80004948 (0x00cc69b3) x19 0x00000001
core   0: 0x8000494c (0x00006939) c.lui   s2, 0xe
core   0: 3 0x8000494c (0x6939) x18 0x0000e000
core   0: 0x8000494e (0x026cb433) mulhu   s0, s9, t1
core   0: 3 0x8000494e (0x026cb433) x 8 0x00000000
core   0: 0x80004952 (0x00008385) c.srli  a5, 1
core   0: 3 0x80004952 (0x8385) x15 0x00000006
core   0: 0x80004954 (0x0000187d) c.addi  a6, -1
core   0: 3 0x80004954 (0x187d) x16 0xfbffffff
core   0: 0x80004956 (0x000096fa) c.add   a3, t5
core   0: 3 0x80004956 (0x96fa) x13 0xd10665f8
core   0: 0x80004958 (0x03ddd5b3) divu    a1, s11, t4
core   0: 3 0x80004958 (0x03ddd5b3) x11 0x00000000
core   0: 0x8000495c (0x000042f9) c.li    t0, 30
core   0: 3 0x8000495c (0x42f9) x 5 0x0000001e
core   0: 0x8000495e (0x009e7933) and     s2, t3, s1
core   0: 3 0x8000495e (0x009e7933) x18 0x00000000
core   0: 0x80004962 (0x00000e26) c.slli  t3, 9
core   0: 3 0x80004962 (0x0e26) x28 0x48e00000
core   0: 0x80004964 (0x00008c75) c.and   s0, a3
core   0: 3 0x80004964 (0x8c75) x 8 0x00000000
core   0: 0x80004966 (0x0a8d9c17) auipc   s8, 0xa8d9
core   0: 3 0x80004966 (0x0a8d9c17) x24 0x8a8dd966
core   0: 0x8000496a (0x026d15b3) mulh    a1, s10, t1
core   0: 3 0x8000496a (0x026d15b3) x11 0x00000000
core   0: 0x8000496e (0x018c9933) sll     s2, s9, s8
core   0: 3 0x8000496e (0x018c9933) x18 0x00000000
core   0: 0x80004972 (0x1e2e3693) sltiu   a3, t3, 482
core   0: 3 0x80004972 (0x1e2e3693) x13 0x00000000
core   0: 0x80004976 (0x000065a1) c.lui   a1, 0x8
core   0: 3 0x80004976 (0x65a1) x11 0x00008000
core   0: 0x80004978 (0x00008549) c.srai  a0, 18
core   0: 3 0x80004978 (0x8549) x10 0xffffffff
core   0: 0x8000497a (0x02f88233) mul     tp, a7, a5
core   0: 3 0x8000497a (0x02f88233) x 4 0xfffff38e
core   0: 0x8000497e (0x01344fb3) xor     t6, s0, s3
core   0: 3 0x8000497e (0x01344fb3) x31 0x00000001
core   0: 0x80004982 (0x00000e7e) c.slli  t3, 31
core   0: 3 0x80004982 (0x0e7e) x28 0x00000000
core   0: 0x80004984 (0x03cae8b3) rem     a7, s5, t3
core   0: 3 0x80004984 (0x03cae8b3) x17 0x5bf3493c
core   0: 0x80004988 (0x022088b3) mul     a7, ra, sp
core   0: 3 0x80004988 (0x022088b3) x17 0x00000000
core   0: 0x8000498c (0x03a4b2b3) mulhu   t0, s1, s10
core   0: 3 0x8000498c (0x03a4b2b3) x 5 0x00000000
core   0: 0x80004990 (0x00301d33) sll     s10, zero, gp
core   0: 3 0x80004990 (0x00301d33) x26 0x00000000
core   0: 0x80004994 (0x401458b3) sra     a7, s0, ra
core   0: 3 0x80004994 (0x401458b3) x17 0x00000000
core   0: 0x80004998 (0x030f69b3) rem     s3, t5, a6
core   0: 3 0x80004998 (0x030f69b3) x19 0xfd066816
core   0: 0x8000499c (0x00008c2d) c.xor   s0, a1
core   0: 3 0x8000499c (0x8c2d) x 8 0x00008000
core   0: 0x8000499e (0x00008ddd) c.or    a1, a5
core   0: 3 0x8000499e (0x8ddd) x11 0x00008006
core   0: 0x800049a0 (0x02f3e933) rem     s2, t2, a5
core   0: 3 0x800049a0 (0x02f3e933) x18 0x00000000
core   0: 0x800049a4 (0x005e20b3) slt     ra, t3, t0
core   0: 3 0x800049a4 (0x005e20b3) x 1 0x00000000
core   0: 0x800049a8 (0x00008e69) c.and   a2, a0
core   0: 3 0x800049a8 (0x8e69) x12 0x00000001
core   0: 0x800049aa (0x006517b3) sll     a5, a0, t1
core   0: 3 0x800049aa (0x006517b3) x15 0xfffff800
core   0: 0x800049ae (0x000017fd) c.addi  a5, -1
core   0: 3 0x800049ae (0x17fd) x15 0xfffff7ff
core   0: 0x800049b0 (0x00006e49) c.lui   t3, 0x12
core   0: 3 0x800049b0 (0x6e49) x28 0x00012000
core   0: 0x800049b2 (0x017945b3) xor     a1, s2, s7
core   0: 3 0x800049b2 (0x017945b3) x11 0xd106680b
core   0: 0x800049b6 (0xef3f6f93) ori     t6, t5, -269
core   0: 3 0x800049b6 (0xef3f6f93) x31 0xfffffefb
core   0: 0x800049ba (0x0000641d) c.lui   s0, 0x7
core   0: 3 0x800049ba (0x641d) x 8 0x00007000
core   0: 0x800049bc (0x12093593) sltiu   a1, s2, 288
core   0: 3 0x800049bc (0x12093593) x11 0x00000001
core   0: 0x800049c0 (0x03e577b3) remu    a5, a0, t5
core   0: 3 0x800049c0 (0x03e577b3) x15 0x2ef997f4
core   0: 0x800049c4 (0x000095c2) c.add   a1, a6
core   0: 3 0x800049c4 (0x95c2) x11 0xfc000000
core   0: 0x800049c6 (0x034a85b3) mul     a1, s5, s4
core   0: 3 0x800049c6 (0x034a85b3) x11 0xcc06b65c
core   0: 0x800049ca (0x000083bd) c.srli  a5, 15
core   0: 3 0x800049ca (0x83bd) x15 0x00005df3
core   0: 0x800049cc (0x00000001) c.nop
core   0: 3 0x800049cc (0x0001)
core   0: 0x800049ce (0x402a5c33) sra     s8, s4, sp
core   0: 3 0x800049ce (0x402a5c33) x24 0x01667063
core   0: 0x800049d2 (0x03b8a1b3) mulhsu  gp, a7, s11
core   0: 3 0x800049d2 (0x03b8a1b3) x 3 0x00000000
core   0: 0x800049d6 (0x0096b9b3) sltu    s3, a3, s1
core   0: 3 0x800049d6 (0x0096b9b3) x19 0x00000000
core   0: 0x800049da (0x001123b3) slt     t2, sp, ra
core   0: 3 0x800049da (0x001123b3) x 7 0x00000001
core   0: 0x800049de (0x02724e33) div     t3, tp, t2
core   0: 3 0x800049de (0x02724e33) x28 0xfffff38e
core   0: 0x800049e2 (0x3523ef93) ori     t6, t2, 850
core   0: 3 0x800049e2 (0x3523ef93) x31 0x00000353
core   0: 0x800049e6 (0x00005a7d) c.li    s4, -1
core   0: 3 0x800049e6 (0x5a7d) x20 0xffffffff
core   0: 0x800049e8 (0x00f0bcb3) sltu    s9, ra, a5
core   0: 3 0x800049e8 (0x00f0bcb3) x25 0x00000001
core   0: 0x800049ec (0x41d5d633) sra     a2, a1, t4
core   0: 3 0x800049ec (0x41d5d633) x12 0xcc06b65c
core   0: 0x800049f0 (0x24f97f13) andi    t5, s2, 591
core   0: 3 0x800049f0 (0x24f97f13) x30 0x00000000
core   0: 0x800049f4 (0x0375c833) div     a6, a1, s7
core   0: 3 0x800049f4 (0x0375c833) x16 0x00000001
core   0: 0x800049f8 (0x01c81a33) sll     s4, a6, t3
core   0: 3 0x800049f8 (0x01c81a33) x20 0x00004000
core   0: 0x800049fc (0x00008c21) c.xor   s0, s0
core   0: 3 0x800049fc (0x8c21) x 8 0x00000000
core   0: 0x800049fe (0x03846933) rem     s2, s0, s8
core   0: 3 0x800049fe (0x03846933) x18 0x00000000
core   0: 0x80004a02 (0x027235b3) mulhu   a1, tp, t2
core   0: 3 0x80004a02 (0x027235b3) x11 0x00000000
core   0: 0x80004a06 (0x96230437) lui     s0, 0x96230
core   0: 3 0x80004a06 (0x96230437) x 8 0x96230000
core   0: 0x80004a0a (0x4059da33) sra     s4, s3, t0
core   0: 3 0x80004a0a (0x4059da33) x20 0x00000000
core   0: 0x80004a0e (0x00008e2a) c.mv    t3, a0
core   0: 3 0x80004a0e (0x8e2a) x28 0xffffffff
core   0: 0x80004a10 (0x02b29433) mulh    s0, t0, a1
core   0: 3 0x80004a10 (0x02b29433) x 8 0x00000000
core   0: 0x80004a14 (0x7aeae193) ori     gp, s5, 1966
core   0: 3 0x80004a14 (0x7aeae193) x 3 0x5bf34fbe
core   0: 0x80004a18 (0x1e32ce93) xori    t4, t0, 483
core   0: 3 0x80004a18 (0x1e32ce93) x29 0x000001e3
core   0: 0x80004a1c (0x6a7eb513) sltiu   a0, t4, 1703
core   0: 3 0x80004a1c (0x6a7eb513) x10 0x00000001
core   0: 0x80004a20 (0x032a9333) mulh    t1, s5, s2
core   0: 3 0x80004a20 (0x032a9333) x 6 0x00000000
core   0: 0x80004a24 (0x000019fd) c.addi  s3, -1
core   0: 3 0x80004a24 (0x19fd) x19 0xffffffff
core   0: 0x80004a26 (0x00008242) c.mv    tp, a6
core   0: 3 0x80004a26 (0x8242) x 4 0x00000001
core   0: 0x80004a28 (0x0352e633) rem     a2, t0, s5
core   0: 3 0x80004a28 (0x0352e633) x12 0x00000000
core   0: 0x80004a2c (0xbc796b93) ori     s7, s2, -1081
core   0: 3 0x80004a2c (0xbc796b93) x23 0xfffffbc7
core   0: 0x80004a30 (0x00000001) c.nop
core   0: 3 0x80004a30 (0x0001)
core   0: 0x80004a32 (0x40e15293) srai    t0, sp, 14
core   0: 3 0x80004a32 (0x40e15293) x 5 0xfffe0004
core   0: 0x80004a36 (0x0017d493) srli    s1, a5, 1
core   0: 3 0x80004a36 (0x0017d493) x 9 0x00002ef9
core   0: 0x80004a3a (0x011a91b3) sll     gp, s5, a7
core   0: 3 0x80004a3a (0x011a91b3) x 3 0x5bf3493c
core   0: 0x80004a3e (0x0092d633) srl     a2, t0, s1
core   0: 3 0x80004a3e (0x0092d633) x12 0x0000007f
core   0: 0x80004a42 (0x0098d513) srli    a0, a7, 9
core   0: 3 0x80004a42 (0x0098d513) x10 0x00000000
core   0: 0x80004a46 (0x41b8da33) sra     s4, a7, s11
core   0: 3 0x80004a46 (0x41b8da33) x20 0x00000000
core   0: 0x80004a4a (0xe9dbda17) auipc   s4, 0xe9dbd
core   0: 3 0x80004a4a (0xe9dbda17) x20 0x69dc1a4a
core   0: 0x80004a4e (0x032e81b3) mul     gp, t4, s2
core   0: 3 0x80004a4e (0x032e81b3) x 3 0x00000000
core   0: 0x80004a52 (0x003214b3) sll     s1, tp, gp
core   0: 3 0x80004a52 (0x003214b3) x 9 0x00000001
core   0: 0x80004a56 (0x000083b5) c.srli  a5, 13
core   0: 3 0x80004a56 (0x83b5) x15 0x00000002
core   0: 0x80004a58 (0x41f086b3) sub     a3, ra, t6
core   0: 3 0x80004a58 (0x41f086b3) x13 0xfffffcad
core   0: 0x80004a5c (0x012e9333) sll     t1, t4, s2
core   0: 3 0x80004a5c (0x012e9333) x 6 0x000001e3
core   0: 0x80004a60 (0xc56d5f97) auipc   t6, 0xc56d5
core   0: 3 0x80004a60 (0xc56d5f97) x31 0x456d9a60
core   0: 0x80004a64 (0xb974eb13) ori     s6, s1, -1129
core   0: 3 0x80004a64 (0xb974eb13) x22 0xfffffb97
core   0: 0x80004a68 (0x0138a5b3) slt     a1, a7, s3
core   0: 3 0x80004a68 (0x0138a5b3) x11 0x00000000
core   0: 0x80004a6c (0x0297c3b3) div     t2, a5, s1
core   0: 3 0x80004a6c (0x0297c3b3) x 7 0x00000002
core   0: 0x80004a70 (0x0367ca33) div     s4, a5, s6
core   0: 3 0x80004a70 (0x0367ca33) x20 0x00000000
core   0: 0x80004a74 (0x00008c4d) c.or    s0, a1
core   0: 3 0x80004a74 (0x8c4d) x 8 0x00000000
core   0: 0x80004a76 (0x00008e49) c.or    a2, a0
core   0: 3 0x80004a76 (0x8e49) x12 0x0000007f
core   0: 0x80004a78 (0x03df5333) divu    t1, t5, t4
core   0: 3 0x80004a78 (0x03df5333) x 6 0x00000000
core   0: 0x80004a7c (0x11ff0a93) addi    s5, t5, 287
core   0: 3 0x80004a7c (0x11ff0a93) x21 0x0000011f
core   0: 0x80004a80 (0xfdd587b7) lui     a5, 0xfdd58
core   0: 3 0x80004a80 (0xfdd587b7) x15 0xfdd58000
core   0: 0x80004a84 (0x401907b3) sub     a5, s2, ra
core   0: 3 0x80004a84 (0x401907b3) x15 0x00000000
core   0: 0x80004a88 (0x00008c35) c.xor   s0, a3
core   0: 3 0x80004a88 (0x8c35) x 8 0xfffffcad
core   0: 0x80004a8a (0x000002c5) c.addi  t0, 17
core   0: 3 0x80004a8a (0x02c5) x 5 0xfffe0015
core   0: 0x80004a8c (0x034f73b3) remu    t2, t5, s4
core   0: 3 0x80004a8c (0x034f73b3) x 7 0x00000000
core   0: 0x80004a90 (0x00b3eab3) or      s5, t2, a1
core   0: 3 0x80004a90 (0x00b3eab3) x21 0x00000000
core   0: 0x80004a94 (0x9615b313) sltiu   t1, a1, -1695
core   0: 3 0x80004a94 (0x9615b313) x 6 0x00000001
core   0: 0x80004a98 (0x00008db1) c.xor   a1, a2
core   0: 3 0x80004a98 (0x8db1) x11 0x0000007f
core   0: 0x80004a9a (0x0000824e) c.mv    tp, s3
core   0: 3 0x80004a9a (0x824e) x 4 0xffffffff
core   0: 0x80004a9c (0x020ca7b3) mulhsu  a5, s9, zero
core   0: 3 0x80004a9c (0x020ca7b3) x15 0x00000000
core   0: 0x80004aa0 (0x01789593) slli    a1, a7, 23
core   0: 3 0x80004aa0 (0x01789593) x11 0x00000000
core   0: 0x80004aa4 (0xd5edff93) andi    t6, s11, -674
core   0: 3 0x80004aa4 (0xd5edff93) x31 0x80000000
core   0: 0x80004aa8 (0x03bad7b3) divu    a5, s5, s11
core   0: 3 0x80004aa8 (0x03bad7b3) x15 0x00000000
core   0: 0x80004aac (0x710ba813) slti    a6, s7, 1808
core   0: 3 0x80004aac (0x710ba813) x16 0x00000001
core   0: 0x80004ab0 (0x02d7a0b3) mulhsu  ra, a5, a3
core   0: 3 0x80004ab0 (0x02d7a0b3) x 1 0x00000000
core   0: 0x80004ab4 (0x032f7bb3) remu    s7, t5, s2
core   0: 3 0x80004ab4 (0x032f7bb3) x23 0x00000000
core   0: 0x80004ab8 (0x0030f833) and     a6, ra, gp
core   0: 3 0x80004ab8 (0x0030f833) x16 0x00000000
core   0: 0x80004abc (0x00008ca5) c.xor   s1, s1
core   0: 3 0x80004abc (0x8ca5) x 9 0x00000000
core   0: 0x80004abe (0x9e0e45b7) lui     a1, 0x9e0e4
core   0: 3 0x80004abe (0x9e0e45b7) x11 0x9e0e4000
core   0: 0x80004ac2 (0x000092f2) c.add   t0, t3
core   0: 3 0x80004ac2 (0x92f2) x 5 0xfffe0014
core   0: 0x80004ac4 (0x019886b3) add     a3, a7, s9
core   0: 3 0x80004ac4 (0x019886b3) x13 0x00000001
core   0: 0x80004ac8 (0x01a65313) srli    t1, a2, 26
core   0: 3 0x80004ac8 (0x01a65313) x 6 0x00000000
core   0: 0x80004acc (0x0000459d) c.li    a1, 7
core   0: 3 0x80004acc (0x459d) x11 0x00000007
core   0: 0x80004ace (0x008633b3) sltu    t2, a2, s0
core   0: 3 0x80004ace (0x008633b3) x 7 0x00000001
core   0: 0x80004ad2 (0x00006f75) c.lui   t5, 0x1d
core   0: 3 0x80004ad2 (0x6f75) x30 0x0001d000
core   0: 0x80004ad4 (0x0173e533) or      a0, t2, s7
core   0: 3 0x80004ad4 (0x0173e533) x10 0x00000001
core   0: 0x80004ad8 (0x71bea793) slti    a5, t4, 1819
core   0: 3 0x80004ad8 (0x71bea793) x15 0x00000001
core   0: 0x80004adc (0x00009bca) c.add   s7, s2
core   0: 3 0x80004adc (0x9bca) x23 0x00000000
core   0: 0x80004ade (0x007eda93) srli    s5, t4, 7
core   0: 3 0x80004ade (0x007eda93) x21 0x00000003
core   0: 0x80004ae2 (0x00009d5e) c.add   s10, s7
core   0: 3 0x80004ae2 (0x9d5e) x26 0x00000000
core   0: 0x80004ae4 (0xc38709b7) lui     s3, 0xc3870
core   0: 3 0x80004ae4 (0xc38709b7) x19 0xc3870000
core   0: 0x80004ae8 (0x4192d6b3) sra     a3, t0, s9
core   0: 3 0x80004ae8 (0x4192d6b3) x13 0xffff000a
core   0: 0x80004aec (0x00000616) c.slli  a2, 5
core   0: 3 0x80004aec (0x0616) x12 0x00000fe0
core   0: 0x80004aee (0x00205b13) srli    s6, zero, 2
core   0: 3 0x80004aee (0x00205b13) x22 0x00000000
core   0: 0x80004af2 (0x000018fd) c.addi  a7, -1
core   0: 3 0x80004af2 (0x18fd) x17 0xffffffff
core   0: 0x80004af4 (0x00000001) c.nop
core   0: 3 0x80004af4 (0x0001)
core   0: 0x80004af6 (0xfb4fac93) slti    s9, t6, -76
core   0: 3 0x80004af6 (0xfb4fac93) x25 0x00000001
core   0: 0x80004afa (0x00004ced) c.li    s9, 27
core   0: 3 0x80004afa (0x4ced) x25 0x0000001b
core   0: 0x80004afc (0x00000001) c.nop
core   0: 3 0x80004afc (0x0001)
core   0: 0x80004afe (0x00009efa) c.add   t4, t5
core   0: 3 0x80004afe (0x9efa) x29 0x0001d1e3
core   0: 0x80004b00 (0x000067cd) c.lui   a5, 0x13
core   0: 3 0x80004b00 (0x67cd) x15 0x00013000
core   0: 0x80004b02 (0x020e0c33) mul     s8, t3, zero
core   0: 3 0x80004b02 (0x020e0c33) x24 0x00000000
core   0: 0x80004b06 (0x1a2bec93) ori     s9, s7, 418
core   0: 3 0x80004b06 (0x1a2bec93) x25 0x000001a2
core   0: 0x80004b0a (0xf6062393) slti    t2, a2, -160
core   0: 3 0x80004b0a (0xf6062393) x 7 0x00000000
core   0: 0x80004b0e (0x022a3b33) mulhu   s6, s4, sp
core   0: 3 0x80004b0e (0x022a3b33) x22 0x00000000
core   0: 0x80004b12 (0x0000097a) c.slli  s2, 30
core   0: 3 0x80004b12 (0x097a) x18 0x00000000
core   0: 0x80004b14 (0x03e16033) rem     zero, sp, t5
core   0: 3 0x80004b14 (0x03e16033)
core   0: 0x80004b18 (0x029e49b3) div     s3, t3, s1
core   0: 3 0x80004b18 (0x029e49b3) x19 0xffffffff
core   0: 0x80004b1c (0x0391c0b3) div     ra, gp, s9
core   0: 3 0x80004b1c (0x0391c0b3) x 1 0x00000000
core   0: 0x80004b20 (0x00006f75) c.lui   t5, 0x1d
core   0: 3 0x80004b20 (0x6f75) x30 0x0001d000
core   0: 0x80004b22 (0x00bad2b3) srl     t0, s5, a1
core   0: 3 0x80004b22 (0x00bad2b3) x 5 0x00000000
core   0: 0x80004b26 (0x414ed613) srai    a2, t4, 20
core   0: 3 0x80004b26 (0x414ed613) x12 0x00000000
core   0: 0x80004b2a (0x00008ff1) c.and   a5, a2
core   0: 3 0x80004b2a (0x8ff1) x15 0x00000000
core   0: 0x80004b2c (0xeb030c93) addi    s9, t1, -336
core   0: 3 0x80004b2c (0xeb030c93) x25 0xfffffeb0
core   0: 0x80004b30 (0x00000001) c.nop
core   0: 3 0x80004b30 (0x0001)
core   0: 0x80004b32 (0x00009e8a) c.add   t4, sp
core   0: 3 0x80004b32 (0x9e8a) x29 0x80030ec7
core   0: 0x80004b34 (0x409e5eb3) sra     t4, t3, s1
core   0: 3 0x80004b34 (0x409e5eb3) x29 0xffffffff
core   0: 0x80004b38 (0x00fa7633) and     a2, s4, a5
core   0: 3 0x80004b38 (0x00fa7633) x12 0x00000000
core   0: 0x80004b3c (0x00008cc9) c.or    s1, a0
core   0: 3 0x80004b3c (0x8cc9) x 9 0x00000001
core   0: 0x80004b3e (0x49104793) xori    a5, zero, 1169
core   0: 3 0x80004b3e (0x49104793) x15 0x00000491
core   0: 0x80004b42 (0x01025393) srli    t2, tp, 16
core   0: 3 0x80004b42 (0x01025393) x 7 0x0000ffff
core   0: 0x80004b46 (0x00000001) c.nop
core   0: 3 0x80004b46 (0x0001)
core   0: 0x80004b48 (0x000009b2) c.slli  s3, 12
core   0: 3 0x80004b48 (0x09b2) x19 0xfffff000
core   0: 0x80004b4a (0x000008c1) c.addi  a7, 16
core   0: 3 0x80004b4a (0x08c1) x17 0x0000000f
core   0: 0x80004b4c (0x00001cfd) c.addi  s9, -1
core   0: 3 0x80004b4c (0x1cfd) x25 0xfffffeaf
core   0: 0x80004b4e (0x000087d1) c.srai  a5, 20
core   0: 3 0x80004b4e (0x87d1) x15 0x00000000
core   0: 0x80004b50 (0x00000001) c.nop
core   0: 3 0x80004b50 (0x0001)
core   0: 0x80004b52 (0xb044f993) andi    s3, s1, -1276
core   0: 3 0x80004b52 (0xb044f993) x19 0x00000000
core   0: 0x80004b56 (0x00005cfd) c.li    s9, -1
core   0: 3 0x80004b56 (0x5cfd) x25 0xffffffff
core   0: 0x80004b58 (0x0065ebb3) or      s7, a1, t1
core   0: 3 0x80004b58 (0x0065ebb3) x23 0x00000007
core   0: 0x80004b5c (0x41ce8833) sub     a6, t4, t3
core   0: 3 0x80004b5c (0x41ce8833) x16 0x00000000
core   0: 0x80004b60 (0x00a70fb3) add     t6, a4, a0
core   0: 3 0x80004b60 (0x00a70fb3) x31 0x8000fe65
core   0: 0x80004b64 (0x00951eb3) sll     t4, a0, s1
core   0: 3 0x80004b64 (0x00951eb3) x29 0x00000002
core   0: 0x80004b68 (0x03a66c33) rem     s8, a2, s10
core   0: 3 0x80004b68 (0x03a66c33) x24 0x00000000
core   0: 0x80004b6c (0xd4bf8093) addi    ra, t6, -693
core   0: 3 0x80004b6c (0xd4bf8093) x 1 0x8000fbb0
core   0: 0x80004b70 (0x02e83a33) mulhu   s4, a6, a4
core   0: 3 0x80004b70 (0x02e83a33) x20 0x00000000
core   0: 0x80004b74 (0x03c04a33) div     s4, zero, t3
core   0: 3 0x80004b74 (0x03c04a33) x20 0x00000000
core   0: 0x80004b78 (0x00008499) c.srai  s1, 6
core   0: 3 0x80004b78 (0x8499) x 9 0x00000000
core   0: 0x80004b7a (0x00006cd5) c.lui   s9, 0x15
core   0: 3 0x80004b7a (0x6cd5) x25 0x00015000
core   0: 0x80004b7c (0x0268eeb3) rem     t4, a7, t1
core   0: 3 0x80004b7c (0x0268eeb3) x29 0x0000000f
core   0: 0x80004b80 (0x00bd9193) slli    gp, s11, 11
core   0: 3 0x80004b80 (0x00bd9193) x 3 0x00000000
core   0: 0x80004b84 (0x006c48b3) xor     a7, s8, t1
core   0: 3 0x80004b84 (0x006c48b3) x17 0x00000000
core   0: 0x80004b88 (0x00009406) c.add   s0, ra
core   0: 3 0x80004b88 (0x9406) x 8 0x8000f85d
core   0: 0x80004b8a (0x00004185) c.li    gp, 1
core   0: 3 0x80004b8a (0x4185) x 3 0x00000001
core   0: 0x80004b8c (0xd5116ab7) lui     s5, 0xd5116
core   0: 3 0x80004b8c (0xd5116ab7) x21 0xd5116000
core   0: 0x80004b90 (0x000004cd) c.addi  s1, 19
core   0: 3 0x80004b90 (0x04cd) x 9 0x00000013
core   0: 0x80004b92 (0x008d04b3) add     s1, s10, s0
core   0: 3 0x80004b92 (0x008d04b3) x 9 0x8000f85d
core   0: 0x80004b96 (0x026f5633) divu    a2, t5, t1
core   0: 3 0x80004b96 (0x026f5633) x12 0xffffffff
core   0: 0x80004b9a (0x75d76513) ori     a0, a4, 1885
core   0: 3 0x80004b9a (0x75d76513) x10 0x8000ff7d
core   0: 0x80004b9e (0x03f8a4b3) mulhsu  s1, a7, t6
core   0: 3 0x80004b9e (0x03f8a4b3) x 9 0x00000000
core   0: 0x80004ba2 (0x00006a59) c.lui   s4, 0x16
core   0: 3 0x80004ba2 (0x6a59) x20 0x00016000
core   0: 0x80004ba4 (0x01b71a13) slli    s4, a4, 27
core   0: 3 0x80004ba4 (0x01b71a13) x20 0x20000000
core   0: 0x80004ba8 (0x6296a013) slti    zero, a3, 1577
core   0: 3 0x80004ba8 (0x6296a013)
core   0: 0x80004bac (0xf6da6613) ori     a2, s4, -147
core   0: 3 0x80004bac (0xf6da6613) x12 0xffffff6d
core   0: 0x80004bb0 (0x01669bb3) sll     s7, a3, s6
core   0: 3 0x80004bb0 (0x01669bb3) x23 0xffff000a
core   0: 0x80004bb4 (0x02b038b3) mulhu   a7, zero, a1
core   0: 3 0x80004bb4 (0x02b038b3) x17 0x00000000
core   0: 0x80004bb8 (0x000006ae) c.slli  a3, 11
core   0: 3 0x80004bb8 (0x06ae) x13 0xf8005000
core   0: 0x80004bba (0x00006371) c.lui   t1, 0x1c
core   0: 3 0x80004bba (0x6371) x 6 0x0001c000
core   0: 0x80004bbc (0x000080ad) c.srli  s1, 11
core   0: 3 0x80004bbc (0x80ad) x 9 0x00000000
core   0: 0x80004bbe (0x000084c9) c.srai  s1, 18
core   0: 3 0x80004bbe (0x84c9) x 9 0x00000000
core   0: 0x80004bc0 (0x00008e35) c.xor   a2, a3
core   0: 3 0x80004bc0 (0x8e35) x12 0x07ffaf6d
core   0: 0x80004bc2 (0xa5338993) addi    s3, t2, -1453
core   0: 3 0x80004bc2 (0xa5338993) x19 0x0000fa52
core   0: 0x80004bc6 (0x00008c15) c.sub   s0, a3
core   0: 3 0x80004bc6 (0x8c15) x 8 0x8800a85d
core   0: 0x80004bc8 (0x0126f633) and     a2, a3, s2
core   0: 3 0x80004bc8 (0x0126f633) x12 0x00000000
core   0: 0x80004bcc (0x41b055b3) sra     a1, zero, s11
core   0: 3 0x80004bcc (0x41b055b3) x11 0x00000000
core   0: 0x80004bd0 (0x03610f33) mul     t5, sp, s6
core   0: 3 0x80004bd0 (0x03610f33) x30 0x00000000
core   0: 0x80004bd4 (0x00008a35) c.andi  a2, 13
core   0: 3 0x80004bd4 (0x8a35) x12 0x00000000
core   0: 0x80004bd6 (0x030ca4b3) mulhsu  s1, s9, a6
core   0: 3 0x80004bd6 (0x030ca4b3) x 9 0x00000000
core   0: 0x80004bda (0x00000001) c.nop
core   0: 3 0x80004bda (0x0001)
core   0: 0x80004bdc (0x01f2b2b3) sltu    t0, t0, t6
core   0: 3 0x80004bdc (0x01f2b2b3) x 5 0x00000001
core   0: 0x80004be0 (0xd064fe93) andi    t4, s1, -762
core   0: 3 0x80004be0 (0xd064fe93) x29 0x00000000
core   0: 0x80004be4 (0x00008add) c.andi  a3, 23
core   0: 3 0x80004be4 (0x8add) x13 0x00000000
core   0: 0x80004be6 (0x00000001) c.nop
core   0: 3 0x80004be6 (0x0001)
core   0: 0x80004be8 (0x01962633) slt     a2, a2, s9
core   0: 3 0x80004be8 (0x01962633) x12 0x00000001
core   0: 0x80004bec (0x000060ad) c.lui   ra, 0xb
core   0: 3 0x80004bec (0x60ad) x 1 0x0000b000
core   0: 0x80004bee (0x022ae433) rem     s0, s5, sp
core   0: 3 0x80004bee (0x022ae433) x 8 0xd5116000
core   0: 0x80004bf2 (0x01451ab3) sll     s5, a0, s4
core   0: 3 0x80004bf2 (0x01451ab3) x21 0x8000ff7d
core   0: 0x80004bf6 (0x000087b2) c.mv    a5, a2
core   0: 3 0x80004bf6 (0x87b2) x15 0x00000001
core   0: 0x80004bf8 (0x00004955) c.li    s2, 21
core   0: 3 0x80004bf8 (0x4955) x18 0x00000015
core   0: 0x80004bfa (0x0150c933) xor     s2, ra, s5
core   0: 3 0x80004bfa (0x0150c933) x18 0x80004f7d
core   0: 0x80004bfe (0x0026d9b3) srl     s3, a3, sp
core   0: 3 0x80004bfe (0x0026d9b3) x19 0x00000000
core   0: 0x80004c02 (0x00008f95) c.sub   a5, a3
core   0: 3 0x80004c02 (0x8f95) x15 0x00000001
core   0: 0x80004c04 (0x0184c833) xor     a6, s1, s8
core   0: 3 0x80004c04 (0x0184c833) x16 0x00000000
core   0: 0x80004c08 (0x00009afd) c.andi  a3, -1
core   0: 3 0x80004c08 (0x9afd) x13 0x00000000
core   0: 0x80004c0a (0x000004f6) c.slli  s1, 29
core   0: 3 0x80004c0a (0x04f6) x 9 0x00000000
core   0: 0x80004c0c (0x01978e33) add     t3, a5, s9
core   0: 3 0x80004c0c (0x01978e33) x28 0x00015001
core   0: 0x80004c10 (0x413b0a33) sub     s4, s6, s3
core   0: 3 0x80004c10 (0x413b0a33) x20 0x00000000
core   0: 0x80004c14 (0x000092fa) c.add   t0, t5
core   0: 3 0x80004c14 (0x92fa) x 5 0x00000001
core   0: 0x80004c16 (0xa37e4997) auipc   s3, 0xa37e4
core   0: 3 0x80004c16 (0xa37e4997) x19 0x237e8c16
core   0: 0x80004c1a (0x000059fd) c.li    s3, -1
core   0: 3 0x80004c1a (0x59fd) x19 0xffffffff
core   0: 0x80004c1c (0x4118da93) srai    s5, a7, 17
core   0: 3 0x80004c1c (0x4118da93) x21 0x00000000
core   0: 0x80004c20 (0x03422933) mulhsu  s2, tp, s4
core   0: 3 0x80004c20 (0x03422933) x18 0x00000000
core   0: 0x80004c24 (0x01a85493) srli    s1, a6, 26
core   0: 3 0x80004c24 (0x01a85493) x 9 0x00000000
core   0: 0x80004c28 (0x00008d45) c.or    a0, s1
core   0: 3 0x80004c28 (0x8d45) x10 0x8000ff7d
core   0: 0x80004c2a (0xf8662493) slti    s1, a2, -122
core   0: 3 0x80004c2a (0xf8662493) x 9 0x00000000
core   0: 0x80004c2e (0x02a792b3) mulh    t0, a5, a0
core   0: 3 0x80004c2e (0x02a792b3) x 5 0xffffffff
core   0: 0x80004c32 (0xda0bf917) auipc   s2, 0xda0bf
core   0: 3 0x80004c32 (0xda0bf917) x18 0x5a0c3c32
core   0: 0x80004c36 (0x025c4233) div     tp, s8, t0
core   0: 3 0x80004c36 (0x025c4233) x 4 0x00000000
core   0: 0x80004c3a (0x3036a693) slti    a3, a3, 771
core   0: 3 0x80004c3a (0x3036a693) x13 0x00000001
core   0: 0x80004c3e (0x00008572) c.mv    a0, t3
core   0: 3 0x80004c3e (0x8572) x10 0x00015001
core   0: 0x80004c40 (0x7a7ec513) xori    a0, t4, 1959
core   0: 3 0x80004c40 (0x7a7ec513) x10 0x000007a7
core   0: 0x80004c44 (0x0000687d) c.lui   a6, 0x1f
core   0: 3 0x80004c44 (0x687d) x16 0x0001f000
core   0: 0x80004c46 (0x5a1b6293) ori     t0, s6, 1441
core   0: 3 0x80004c46 (0x5a1b6293) x 5 0x000005a1
core   0: 0x80004c4a (0x001bed33) or      s10, s7, ra
core   0: 3 0x80004c4a (0x001bed33) x26 0xffffb00a
core   0: 0x80004c4e (0x008241b3) xor     gp, tp, s0
core   0: 3 0x80004c4e (0x008241b3) x 3 0xd5116000
core   0: 0x80004c52 (0x00006ee5) c.lui   t4, 0x19
core   0: 3 0x80004c52 (0x6ee5) x29 0x00019000
core   0: 0x80004c54 (0x000095fa) c.add   a1, t5
core   0: 3 0x80004c54 (0x95fa) x11 0x00000000
core   0: 0x80004c56 (0x3254e193) ori     gp, s1, 805
core   0: 3 0x80004c56 (0x3254e193) x 3 0x00000325
core   0: 0x80004c5a (0x00935f93) srli    t6, t1, 9
core   0: 3 0x80004c5a (0x00935f93) x31 0x000000e0
core   0: 0x80004c5e (0xfff00e93) li      t4, -1
core   0: 3 0x80004c5e (0xfff00e93) x29 0xffffffff
core   0: 0x80004c62 (0x00004c01) c.li    s8, 0
core   0: 3 0x80004c62 (0x4c01) x24 0x00000000
core   0: 0x80004c64 (0x00004681) c.li    a3, 0
core   0: 3 0x80004c64 (0x4681) x13 0x00000000
core   0: 0x80004c66 (0x62dff537) lui     a0, 0x62dff
core   0: 3 0x80004c66 (0x62dff537) x10 0x62dff000
core   0: 0x80004c6a (0x8f050513) addi    a0, a0, -1808
core   0: 3 0x80004c6a (0x8f050513) x10 0x62dfe8f0
core   0: 0x80004c6e (0x00004481) c.li    s1, 0
core   0: 3 0x80004c6e (0x4481) x 9 0x00000000
core   0: 0x80004c70 (0xbf781337) lui     t1, 0xbf781
core   0: 3 0x80004c70 (0xbf781337) x 6 0xbf781000
core   0: 0x80004c74 (0x30730313) addi    t1, t1, 775
core   0: 3 0x80004c74 (0x30730313) x 6 0xbf781307
core   0: 0x80004c78 (0x80000f37) lui     t5, 0x80000
core   0: 3 0x80004c78 (0x80000f37) x30 0x80000000
core   0: 0x80004c7c (0x800009b7) lui     s3, 0x80000
core   0: 3 0x80004c7c (0x800009b7) x19 0x80000000
core   0: 0x80004c80 (0xeee3c937) lui     s2, 0xeee3c
core   0: 3 0x80004c80 (0xeee3c937) x18 0xeee3c000
core   0: 0x80004c84 (0xdc290913) addi    s2, s2, -574
core   0: 3 0x80004c84 (0xdc290913) x18 0xeee3bdc2
core   0: 0x80004c88 (0x80000ab7) lui     s5, 0x80000
core   0: 3 0x80004c88 (0x80000ab7) x21 0x80000000
core   0: 0x80004c8c (0x415689b3) sub     s3, a3, s5
core   0: 3 0x80004c8c (0x415689b3) x19 0x80000000
core   0: 0x80004c90 (0x00a30eb3) add     t4, t1, a0
core   0: 3 0x80004c90 (0x00a30eb3) x29 0x2257fbf7
core   0: 0x80004c94 (0x00000001) c.nop
core   0: 3 0x80004c94 (0x0001)
core   0: 0x80004c96 (0x03255533) divu    a0, a0, s2
core   0: 3 0x80004c96 (0x03255533) x10 0x00000000
core   0: 0x80004c9a (0x033c54b3) divu    s1, s8, s3
core   0: 3 0x80004c9a (0x033c54b3) x 9 0x00000000
core   0: 0x80004c9e (0x03e48c33) mul     s8, s1, t5
core   0: 3 0x80004c9e (0x03e48c33) x24 0x00000000
core   0: 0x80004ca2 (0x057f9317) auipc   t1, 0x57f9
core   0: 3 0x80004ca2 (0x057f9317) x 6 0x857fdca2
core   0: 0x80004ca6 (0xf99dac37) lui     s8, 0xf99da
core   0: 3 0x80004ca6 (0xf99dac37) x24 0xf99da000
core   0: 0x80004caa (0x1c5c0993) addi    s3, s8, 453
core   0: 3 0x80004caa (0x1c5c0993) x19 0xf99da1c5
core   0: 0x80004cae (0x035ae9b3) rem     s3, s5, s5
core   0: 3 0x80004cae (0x035ae9b3) x19 0x00000000
core   0: 0x80004cb2 (0x026a8ab3) mul     s5, s5, t1
core   0: 3 0x80004cb2 (0x026a8ab3) x21 0x00000000
core   0: 0x80004cb6 (0xe78fc917) auipc   s2, 0xe78fc
core   0: 3 0x80004cb6 (0xe78fc917) x18 0x67900cb6
core   0: 0x80004cba (0xaedb7ab7) lui     s5, 0xaedb7
core   0: 3 0x80004cba (0xaedb7ab7) x21 0xaedb7000
core   0: 0x80004cbe (0x0359f4b3) remu    s1, s3, s5
core   0: 3 0x80004cbe (0x0359f4b3) x 9 0x00000000
core   0: 0x80004cc2 (0x02aacab3) div     s5, s5, a0
core   0: 3 0x80004cc2 (0x02aacab3) x21 0xffffffff
core   0: 0x80004cc6 (0x03df0533) mul     a0, t5, t4
core   0: 3 0x80004cc6 (0x03df0533) x10 0x80000000
core   0: 0x80004cca (0x03e9c333) div     t1, s3, t5
core   0: 3 0x80004cca (0x03e9c333) x 6 0x00000000
core   0: 0x80004cce (0x00000001) c.nop
core   0: 3 0x80004cce (0x0001)
core   0: 0x80004cd0 (0x00000001) c.nop
core   0: 3 0x80004cd0 (0x0001)
core   0: 0x80004cd2 (0x03d55333) divu    t1, a0, t4
core   0: 3 0x80004cd2 (0x03d55333) x 6 0x00000003
core   0: 0x80004cd6 (0x03dc6333) rem     t1, s8, t4
core   0: 3 0x80004cd6 (0x03dc6333) x 6 0xf99da000
core   0: 0x80004cda (0x03d99533) mulh    a0, s3, t4
core   0: 3 0x80004cda (0x03d99533) x10 0x00000000
core   0: 0x80004cde (0x4162df33) sra     t5, t0, s6
core   0: 3 0x80004cde (0x4162df33) x30 0x000005a1
core   0: 0x80004ce2 (0x0000147d) c.addi  s0, -1
core   0: 3 0x80004ce2 (0x147d) x 8 0xd5115fff
core   0: 0x80004ce4 (0x00000001) c.nop
core   0: 3 0x80004ce4 (0x0001)
core   0: 0x80004ce6 (0x00000001) c.nop
core   0: 3 0x80004ce6 (0x0001)
core   0: 0x80004ce8 (0x00000001) c.nop
core   0: 3 0x80004ce8 (0x0001)
core   0: 0x80004cea (0x01488b33) add     s6, a7, s4
core   0: 3 0x80004cea (0x01488b33) x22 0x00000000
core   0: 0x80004cee (0x0000909e) c.add   ra, t2
core   0: 3 0x80004cee (0x909e) x 1 0x0001afff
core   0: 0x80004cf0 (0x02f88833) mul     a6, a7, a5
core   0: 3 0x80004cf0 (0x02f88833) x16 0x00000000
core   0: 0x80004cf4 (0x00000256) c.slli  tp, 21
core   0: 3 0x80004cf4 (0x0256) x 4 0x00000000
core   0: 0x80004cf6 (0x020c63b3) rem     t2, s8, zero
core   0: 3 0x80004cf6 (0x020c63b3) x 7 0xf99da000
core   0: 0x80004cfa (0x02d0eeb3) rem     t4, ra, a3
core   0: 3 0x80004cfa (0x02d0eeb3) x29 0x0001afff
core   0: 0x80004cfe (0x402d5b93) srai    s7, s10, 2
core   0: 3 0x80004cfe (0x402d5b93) x23 0xffffec02
core   0: 0x80004d02 (0x023173b3) remu    t2, sp, gp
core   0: 3 0x80004d02 (0x023173b3) x 7 0x00000106
core   0: 0x80004d06 (0x1d04a913) slti    s2, s1, 464
core   0: 3 0x80004d06 (0x1d04a913) x18 0x00000001
core   0: 0x80004d0a (0x00009566) c.add   a0, s9
core   0: 3 0x80004d0a (0x9566) x10 0x00015000
core   0: 0x80004d0c (0x00008fc5) c.or    a5, s1
core   0: 3 0x80004d0c (0x8fc5) x15 0x00000001
core   0: 0x80004d0e (0x01f9fd33) and     s10, s3, t6
core   0: 3 0x80004d0e (0x01f9fd33) x26 0x00000000
core   0: 0x80004d12 (0x025a6fb3) rem     t6, s4, t0
core   0: 3 0x80004d12 (0x025a6fb3) x31 0x00000000
core   0: 0x80004d16 (0x03f73ab3) mulhu   s5, a4, t6
core   0: 3 0x80004d16 (0x03f73ab3) x21 0x00000000
core   0: 0x80004d1a (0x000046bd) c.li    a3, 15
core   0: 3 0x80004d1a (0x46bd) x13 0x0000000f
core   0: 0x80004d1c (0x01b381b3) add     gp, t2, s11
core   0: 3 0x80004d1c (0x01b381b3) x 3 0x80000106
core   0: 0x80004d20 (0x00009952) c.add   s2, s4
core   0: 3 0x80004d20 (0x9952) x18 0x00000001
core   0: 0x80004d22 (0x00000001) c.nop
core   0: 3 0x80004d22 (0x0001)
core   0: 0x80004d24 (0x0398f033) remu    zero, a7, s9
core   0: 3 0x80004d24 (0x0398f033)
core   0: 0x80004d28 (0x0000127d) c.addi  tp, -1
core   0: 3 0x80004d28 (0x127d) x 4 0xffffffff
core   0: 0x80004d2a (0x722b8993) addi    s3, s7, 1826
core   0: 3 0x80004d2a (0x722b8993) x19 0xfffff324
core   0: 0x80004d2e (0x02dd00b3) mul     ra, s10, a3
core   0: 3 0x80004d2e (0x02dd00b3) x 1 0x00000000
core   0: 0x80004d32 (0x00006f69) c.lui   t5, 0x1a
core   0: 3 0x80004d32 (0x6f69) x30 0x0001a000
core   0: 0x80004d34 (0x0076d433) srl     s0, a3, t2
core   0: 3 0x80004d34 (0x0076d433) x 8 0x00000000
core   0: 0x80004d38 (0x000085b5) c.srai  a1, 13
core   0: 3 0x80004d38 (0x85b5) x11 0x00000000
core   0: 0x80004d3a (0x01c6c333) xor     t1, a3, t3
core   0: 3 0x80004d3a (0x01c6c333) x 6 0x0001500e
core   0: 0x80004d3e (0x00008ca9) c.xor   s1, a0
core   0: 3 0x80004d3e (0x8ca9) x 9 0x00015000
core   0: 0x80004d40 (0x0162fcb3) and     s9, t0, s6
core   0: 3 0x80004d40 (0x0162fcb3) x25 0x00000000
core   0: 0x80004d44 (0x01bd1613) slli    a2, s10, 27
core   0: 3 0x80004d44 (0x01bd1613) x12 0x00000000
core   0: 0x80004d48 (0x0000855a) c.mv    a0, s6
core   0: 3 0x80004d48 (0x855a) x10 0x00000000
core   0: 0x80004d4a (0x8e567693) andi    a3, a2, -1819
core   0: 3 0x80004d4a (0x8e567693) x13 0x00000000
core   0: 0x80004d4e (0x00008af9) c.andi  a3, 30
core   0: 3 0x80004d4e (0x8af9) x13 0x00000000
core   0: 0x80004d50 (0x00000d65) c.addi  s10, 25
core   0: 3 0x80004d50 (0x0d65) x26 0x00000019
core   0: 0x80004d52 (0x01dade97) auipc   t4, 0x1dad
core   0: 3 0x80004d52 (0x01dade97) x29 0x81db1d52
core   0: 0x80004d56 (0x40885793) srai    a5, a6, 8
core   0: 3 0x80004d56 (0x40885793) x15 0x00000000
core   0: 0x80004d5a (0x003aa433) slt     s0, s5, gp
core   0: 3 0x80004d5a (0x003aa433) x 8 0x00000000
core   0: 0x80004d5e (0x00d98c33) add     s8, s3, a3
core   0: 3 0x80004d5e (0x00d98c33) x24 0xfffff324
core   0: 0x80004d62 (0x00111d13) slli    s10, sp, 1
core   0: 3 0x80004d62 (0x00111d13) x26 0x000279c8
core   0: 0x80004d66 (0x409bdcb3) sra     s9, s7, s1
core   0: 3 0x80004d66 (0x409bdcb3) x25 0xffffec02
core   0: 0x80004d6a (0x01b6deb3) srl     t4, a3, s11
core   0: 3 0x80004d6a (0x01b6deb3) x29 0x00000000
core   0: 0x80004d6e (0x00008e29) c.xor   a2, a0
core   0: 3 0x80004d6e (0x8e29) x12 0x00000000
core   0: 0x80004d70 (0x0371ff13) andi    t5, gp, 55
core   0: 3 0x80004d70 (0x0371ff13) x30 0x00000006
core   0: 0x80004d74 (0x9bd10413) addi    s0, sp, -1603
core   0: 3 0x80004d74 (0x9bd10413) x 8 0x800136a1
core   0: 0x80004d78 (0x028d0533) mul     a0, s10, s0
core   0: 3 0x80004d78 (0x028d0533) x10 0x0106c6c8
core   0: 0x80004d7c (0x00008645) c.srai  a2, 17
core   0: 3 0x80004d7c (0x8645) x12 0x00000000
core   0: 0x80004d7e (0x2b4d6913) ori     s2, s10, 692
core   0: 3 0x80004d7e (0x2b4d6913) x18 0x00027bfc
core   0: 0x80004d82 (0x00008ece) c.mv    t4, s3
core   0: 3 0x80004d82 (0x8ece) x29 0xfffff324
core   0: 0x80004d84 (0x94caf693) andi    a3, s5, -1716
core   0: 3 0x80004d84 (0x94caf693) x13 0x00000000
core   0: 0x80004d88 (0x02611233) mulh    tp, sp, t1
core   0: 3 0x80004d88 (0x02611233) x 4 0xffff57fa
core   0: 0x80004d8c (0x00009afd) c.andi  a3, -1
core   0: 3 0x80004d8c (0x9afd) x13 0x00000000
core   0: 0x80004d8e (0x01df12b3) sll     t0, t5, t4
core   0: 3 0x80004d8e (0x01df12b3) x 5 0x00000060
core   0: 0x80004d92 (0x4e9b2e13) slti    t3, s6, 1257
core   0: 3 0x80004d92 (0x4e9b2e13) x28 0x00000001
core   0: 0x80004d96 (0x02009333) mulh    t1, ra, zero
core   0: 3 0x80004d96 (0x02009333) x 6 0x00000000
core   0: 0x80004d9a (0xe9172793) slti    a5, a4, -367
core   0: 3 0x80004d9a (0xe9172793) x15 0x00000001
core   0: 0x80004d9e (0xdfd2e193) ori     gp, t0, -515
core   0: 3 0x80004d9e (0xdfd2e193) x 3 0xfffffdfd
core   0: 0x80004da2 (0x00006fb1) c.lui   t6, 0xc
core   0: 3 0x80004da2 (0x6fb1) x31 0x0000c000
core   0: 0x80004da4 (0x0000894e) c.mv    s2, s3
core   0: 3 0x80004da4 (0x894e) x18 0xfffff324
core   0: 0x80004da6 (0x02f9a5b3) mulhsu  a1, s3, a5
core   0: 3 0x80004da6 (0x02f9a5b3) x11 0xffffffff
core   0: 0x80004daa (0x00001ffd) c.addi  t6, -1
core   0: 3 0x80004daa (0x1ffd) x31 0x0000bfff
core   0: 0x80004dac (0x000086d5) c.srai  a3, 21
core   0: 3 0x80004dac (0x86d5) x13 0x00000000
core   0: 0x80004dae (0x6dc53d13) sltiu   s10, a0, 1756
core   0: 3 0x80004dae (0x6dc53d13) x26 0x00000000
core   0: 0x80004db2 (0x01ef1333) sll     t1, t5, t5
core   0: 3 0x80004db2 (0x01ef1333) x 6 0x00000180
core   0: 0x80004db6 (0x00005433) srl     s0, zero, zero
core   0: 3 0x80004db6 (0x00005433) x 8 0x00000000
core   0: 0x80004dba (0x00000cfe) c.slli  s9, 31
core   0: 3 0x80004dba (0x0cfe) x25 0x00000000
core   0: 0x80004dbc (0x00552f33) slt     t5, a0, t0
core   0: 3 0x80004dbc (0x00552f33) x30 0x00000000
core   0: 0x80004dc0 (0x000085f9) c.srai  a1, 30
core   0: 3 0x80004dc0 (0x85f9) x11 0xffffffff
core   0: 0x80004dc2 (0x03b69633) mulh    a2, a3, s11
core   0: 3 0x80004dc2 (0x03b69633) x12 0x00000000
core   0: 0x80004dc6 (0x002113b3) sll     t2, sp, sp
core   0: 3 0x80004dc6 (0x002113b3) x 7 0x0013ce40
core   0: 0x80004dca (0x7a124793) xori    a5, tp, 1953
core   0: 3 0x80004dca (0x7a124793) x15 0xffff505b
core   0: 0x80004dce (0x00dcb2b3) sltu    t0, s9, a3
core   0: 3 0x80004dce (0x00dcb2b3) x 5 0x00000000
core   0: 0x80004dd2 (0x00008ff1) c.and   a5, a2
core   0: 3 0x80004dd2 (0x8ff1) x15 0x00000000
core   0: 0x80004dd4 (0x02eb4f33) div     t5, s6, a4
core   0: 3 0x80004dd4 (0x02eb4f33) x30 0x00000000
core   0: 0x80004dd8 (0x00008fc5) c.or    a5, s1
core   0: 3 0x80004dd8 (0x8fc5) x15 0x00015000
core   0: 0x80004dda (0x00000001) c.nop
core   0: 3 0x80004dda (0x0001)
core   0: 0x80004ddc (0xd88b3813) sltiu   a6, s6, -632
core   0: 3 0x80004ddc (0xd88b3813) x16 0x00000001
core   0: 0x80004de0 (0xcdb28893) addi    a7, t0, -805
core   0: 3 0x80004de0 (0xcdb28893) x17 0xfffffcdb
core   0: 0x80004de4 (0x3c0d8917) auipc   s2, 0x3c0d8
core   0: 3 0x80004de4 (0x3c0d8917) x18 0xbc0dcde4
core   0: 0x80004de8 (0x00001f7d) c.addi  t5, -1
core   0: 3 0x80004de8 (0x1f7d) x30 0xffffffff
core   0: 0x80004dea (0x00008a4e) c.mv    s4, s3
core   0: 3 0x80004dea (0x8a4e) x20 0xfffff324
core   0: 0x80004dec (0x00225a13) srli    s4, tp, 2
core   0: 3 0x80004dec (0x00225a13) x20 0x3fffd5fe
core   0: 0x80004df0 (0xf7766513) ori     a0, a2, -137
core   0: 3 0x80004df0 (0xf7766513) x10 0xffffff77
core   0: 0x80004df4 (0x000082ed) c.srli  a3, 27
core   0: 3 0x80004df4 (0x82ed) x13 0x00000000
core   0: 0x80004df6 (0x00000001) c.nop
core   0: 3 0x80004df6 (0x0001)
core   0: 0x80004df8 (0x000080c9) c.srli  s1, 18
core   0: 3 0x80004df8 (0x80c9) x 9 0x00000000
core   0: 0x80004dfa (0x00009afd) c.andi  a3, -1
core   0: 3 0x80004dfa (0x9afd) x13 0x00000000
core   0: 0x80004dfc (0x00000001) c.nop
core   0: 3 0x80004dfc (0x0001)
core   0: 0x80004dfe (0x0351f7b3) remu    a5, gp, s5
core   0: 3 0x80004dfe (0x0351f7b3) x15 0xfffffdfd
core   0: 0x80004e02 (0x00008539) c.srai  a0, 14
core   0: 3 0x80004e02 (0x8539) x10 0xffffffff
core   0: 0x80004e04 (0x00a85193) srli    gp, a6, 10
core   0: 3 0x80004e04 (0x00a85193) x 3 0x00000000
core   0: 0x80004e08 (0x00008c81) c.sub   s1, s0
core   0: 3 0x80004e08 (0x8c81) x 9 0x00000000
core   0: 0x80004e0a (0x00d5f333) and     t1, a1, a3
core   0: 3 0x80004e0a (0x00d5f333) x 6 0x00000000
core   0: 0x80004e0e (0x000098fd) c.andi  s1, -1
core   0: 3 0x80004e0e (0x98fd) x 9 0x00000000
core   0: 0x80004e10 (0x00008239) c.srli  a2, 14
core   0: 3 0x80004e10 (0x8239) x12 0x00000000
core   0: 0x80004e12 (0x00008525) c.srai  a0, 9
core   0: 3 0x80004e12 (0x8525) x10 0xffffffff
core   0: 0x80004e14 (0x70106793) ori     a5, zero, 1793
core   0: 3 0x80004e14 (0x70106793) x15 0x00000701
core   0: 0x80004e18 (0x00008c69) c.and   s0, a0
core   0: 3 0x80004e18 (0x8c69) x 8 0x00000000
core   0: 0x80004e1a (0x03881033) mulh    zero, a6, s8
core   0: 3 0x80004e1a (0x03881033)
core   0: 0x80004e1e (0x021bb833) mulhu   a6, s7, ra
core   0: 3 0x80004e1e (0x021bb833) x16 0x00000000
core   0: 0x80004e22 (0x00000001) c.nop
core   0: 3 0x80004e22 (0x0001)
core   0: 0x80004e24 (0x00000a15) c.addi  s4, 5
core   0: 3 0x80004e24 (0x0a15) x20 0x3fffd603
core   0: 0x80004e26 (0x03d07433) remu    s0, zero, t4
core   0: 3 0x80004e26 (0x03d07433) x 8 0x00000000
core   0: 0x80004e2a (0x02086fb3) rem     t6, a6, zero
core   0: 3 0x80004e2a (0x02086fb3) x31 0x00000000
core   0: 0x80004e2e (0x017d96b3) sll     a3, s11, s7
core   0: 3 0x80004e2e (0x017d96b3) x13 0x00000000
core   0: 0x80004e32 (0xc5a2cc17) auipc   s8, 0xc5a2c
core   0: 3 0x80004e32 (0xc5a2cc17) x24 0x45a30e32
core   0: 0x80004e36 (0x00000b52) c.slli  s6, 20
core   0: 3 0x80004e36 (0x0b52) x22 0x00000000
core   0: 0x80004e38 (0x00006bb9) c.lui   s7, 0xe
core   0: 3 0x80004e38 (0x6bb9) x23 0x0000e000
core   0: 0x80004e3a (0x000083fe) c.mv    t2, t6
core   0: 3 0x80004e3a (0x83fe) x 7 0x00000000
core   0: 0x80004e3c (0x00000cfe) c.slli  s9, 31
core   0: 3 0x80004e3c (0x0cfe) x25 0x00000000
core   0: 0x80004e3e (0x00008fa5) c.xor   a5, s1
core   0: 3 0x80004e3e (0x8fa5) x15 0x00000701
core   0: 0x80004e40 (0x414e0b33) sub     s6, t3, s4
core   0: 3 0x80004e40 (0x414e0b33) x22 0xc00029fe
core   0: 0x80004e44 (0x000096d6) c.add   a3, s5
core   0: 3 0x80004e44 (0x96d6) x13 0x00000000
core   0: 0x80004e46 (0x02021533) mulh    a0, tp, zero
core   0: 3 0x80004e46 (0x02021533) x10 0x00000000
core   0: 0x80004e4a (0x00000d4e) c.slli  s10, 19
core   0: 3 0x80004e4a (0x0d4e) x26 0x00000000
core   0: 0x80004e4c (0x00008d36) c.mv    s10, a3
core   0: 3 0x80004e4c (0x8d36) x26 0x00000000
core   0: 0x80004e4e (0x73f96413) ori     s0, s2, 1855
core   0: 3 0x80004e4e (0x73f96413) x 8 0xbc0dcfff
core   0: 0x80004e52 (0x00006bb1) c.lui   s7, 0xc
core   0: 3 0x80004e52 (0x6bb1) x23 0x0000c000
core   0: 0x80004e54 (0x096d8b13) addi    s6, s11, 150
core   0: 3 0x80004e54 (0x096d8b13) x22 0x80000096
core   0: 0x80004e58 (0x00008e61) c.and   a2, s0
core   0: 3 0x80004e58 (0x8e61) x12 0x00000000
core   0: 0x80004e5a (0x04d66213) ori     tp, a2, 77
core   0: 3 0x80004e5a (0x04d66213) x 4 0x0000004d
core   0: 0x80004e5e (0x01896f33) or      t5, s2, s8
core   0: 3 0x80004e5e (0x01896f33) x30 0xfdafcff6
core   0: 0x80004e62 (0x000081c2) c.mv    gp, a6
core   0: 3 0x80004e62 (0x81c2) x 3 0x00000000
core   0: 0x80004e64 (0x01218033) add     zero, gp, s2
core   0: 3 0x80004e64 (0x01218033)
core   0: 0x80004e68 (0x00008f85) c.sub   a5, s1
core   0: 3 0x80004e68 (0x8f85) x15 0x00000701
core   0: 0x80004e6a (0x0168f833) and     a6, a7, s6
core   0: 3 0x80004e6a (0x0168f833) x16 0x80000092
core   0: 0x80004e6e (0x00008c7d) c.and   s0, a5
core   0: 3 0x80004e6e (0x8c7d) x 8 0x00000701
core   0: 0x80004e70 (0x00efb833) sltu    a6, t6, a4
core   0: 3 0x80004e70 (0x00efb833) x16 0x00000001
core   0: 0x80004e74 (0x00000001) c.nop
core   0: 3 0x80004e74 (0x0001)
core   0: 0x80004e76 (0x0f647f93) andi    t6, s0, 246
core   0: 3 0x80004e76 (0x0f647f93) x31 0x00000000
core   0: 0x80004e7a (0x00000001) c.nop
core   0: 3 0x80004e7a (0x0001)
core   0: 0x80004e7c (0x003bcb33) xor     s6, s7, gp
core   0: 3 0x80004e7c (0x003bcb33) x22 0x0000c000
core   0: 0x80004e80 (0x0000547d) c.li    s0, -1
core   0: 3 0x80004e80 (0x547d) x 8 0xffffffff
core   0: 0x80004e82 (0x55446793) ori     a5, s0, 1364
core   0: 3 0x80004e82 (0x55446793) x15 0xffffffff
core   0: 0x80004e86 (0x3c15f913) andi    s2, a1, 961
core   0: 3 0x80004e86 (0x3c15f913) x18 0x000003c1
core   0: 0x80004e8a (0x000013fd) c.addi  t2, -1
core   0: 3 0x80004e8a (0x13fd) x 7 0xffffffff
core   0: 0x80004e8c (0x0240cf33) div     t5, ra, tp
core   0: 3 0x80004e8c (0x0240cf33) x30 0x00000000
core   0: 0x80004e90 (0x010da9b3) slt     s3, s11, a6
core   0: 3 0x80004e90 (0x010da9b3) x19 0x00000001
core   0: 0x80004e94 (0x40800233) sub     tp, zero, s0
core   0: 3 0x80004e94 (0x40800233) x 4 0x00000001
core   0: 0x80004e98 (0x00000001) c.nop
core   0: 3 0x80004e98 (0x0001)
core   0: 0x80004e9a (0x00008ffd) c.and   a5, a5
core   0: 3 0x80004e9a (0x8ffd) x15 0xffffffff
core   0: 0x80004e9c (0x40915093) srai    ra, sp, 9
core   0: 3 0x80004e9c (0x40915093) x 1 0xffc0009e
core   0: 0x80004ea0 (0x17f0f013) andi    zero, ra, 383
core   0: 3 0x80004ea0 (0x17f0f013)
core   0: 0x80004ea4 (0x00a7abb3) slt     s7, a5, a0
core   0: 3 0x80004ea4 (0x00a7abb3) x23 0x00000001
core   0: 0x80004ea8 (0x0299b5b3) mulhu   a1, s3, s1
core   0: 3 0x80004ea8 (0x0299b5b3) x11 0x00000000
core   0: 0x80004eac (0x0149efb3) or      t6, s3, s4
core   0: 3 0x80004eac (0x0149efb3) x31 0x3fffd603
core   0: 0x80004eb0 (0x00008285) c.srli  a3, 1
core   0: 3 0x80004eb0 (0x8285) x13 0x00000000
core   0: 0x80004eb2 (0x00005bfd) c.li    s7, -1
core   0: 3 0x80004eb2 (0x5bfd) x23 0xffffffff
core   0: 0x80004eb4 (0x010c4d33) xor     s10, s8, a6
core   0: 3 0x80004eb4 (0x010c4d33) x26 0x45a30e33
core   0: 0x80004eb8 (0x7b358c93) addi    s9, a1, 1971
core   0: 3 0x80004eb8 (0x7b358c93) x25 0x000007b3
core   0: 0x80004ebc (0x000002fd) c.addi  t0, 31
core   0: 3 0x80004ebc (0x02fd) x 5 0x0000001f
core   0: 0x80004ebe (0x1360a613) slti    a2, ra, 310
core   0: 3 0x80004ebe (0x1360a613) x12 0x00000001
core   0: 0x80004ec2 (0x03cc4cb3) div     s9, s8, t3
core   0: 3 0x80004ec2 (0x03cc4cb3) x25 0x45a30e32
core   0: 0x80004ec6 (0x536f6813) ori     a6, t5, 1334
core   0: 3 0x80004ec6 (0x536f6813) x16 0x00000536
core   0: 0x80004eca (0x0082cfb3) xor     t6, t0, s0
core   0: 3 0x80004eca (0x0082cfb3) x31 0xffffffe0
core   0: 0x80004ece (0x03d40533) mul     a0, s0, t4
core   0: 3 0x80004ece (0x03d40533) x10 0x00000cdc
core   0: 0x80004ed2 (0x0000065d) c.addi  a2, 23
core   0: 3 0x80004ed2 (0x065d) x12 0x00000018
core   0: 0x80004ed4 (0xbe4b36b7) lui     a3, 0xbe4b3
core   0: 3 0x80004ed4 (0xbe4b36b7) x13 0xbe4b3000
core   0: 0x80004ed8 (0x000084ed) c.srai  s1, 27
core   0: 3 0x80004ed8 (0x84ed) x 9 0x00000000
core   0: 0x80004eda (0x0215a533) mulhsu  a0, a1, ra
core   0: 3 0x80004eda (0x0215a533) x10 0x00000000
core   0: 0x80004ede (0x00008e91) c.sub   a3, a2
core   0: 3 0x80004ede (0x8e91) x13 0xbe4b2fe8
core   0: 0x80004ee0 (0x035c4d33) div     s10, s8, s5
core   0: 3 0x80004ee0 (0x035c4d33) x26 0xffffffff
core   0: 0x80004ee4 (0x00008df1) c.and   a1, a2
core   0: 3 0x80004ee4 (0x8df1) x11 0x00000000
core   0: 0x80004ee6 (0x40df00b3) sub     ra, t5, a3
core   0: 3 0x80004ee6 (0x40df00b3) x 1 0x41b4d018
core   0: 0x80004eea (0xb2a7ec13) ori     s8, a5, -1238
core   0: 3 0x80004eea (0xb2a7ec13) x24 0xffffffff
core   0: 0x80004eee (0x01bb5313) srli    t1, s6, 27
core   0: 3 0x80004eee (0x01bb5313) x 6 0x00000000
core   0: 0x80004ef2 (0x00eb9833) sll     a6, s7, a4
core   0: 3 0x80004ef2 (0x00eb9833) x16 0xfffffff0
core   0: 0x80004ef6 (0xfe7c2513) slti    a0, s8, -25
core   0: 3 0x80004ef6 (0xfe7c2513) x10 0x00000000
core   0: 0x80004efa (0x011111b3) sll     gp, sp, a7
core   0: 3 0x80004efa (0x011111b3) x 3 0x20000000
core   0: 0x80004efe (0x3c042c13) slti    s8, s0, 960
core   0: 3 0x80004efe (0x3c042c13) x24 0x00000001
core   0: 0x80004f02 (0x416d01b3) sub     gp, s10, s6
core   0: 3 0x80004f02 (0x416d01b3) x 3 0xffff3fff
core   0: 0x80004f06 (0x00008da1) c.xor   a1, s0
core   0: 3 0x80004f06 (0x8da1) x11 0xffffffff
core   0: 0x80004f08 (0x8f536293) ori     t0, t1, -1803
core   0: 3 0x80004f08 (0x8f536293) x 5 0xfffff8f5
core   0: 0x80004f0c (0x01371293) slli    t0, a4, 19
core   0: 3 0x80004f0c (0x01371293) x 5 0xf3200000
core   0: 0x80004f10 (0x0000625d) c.lui   tp, 0x17
core   0: 3 0x80004f10 (0x625d) x 4 0x00017000
core   0: 0x80004f12 (0x0000814d) c.srli  a0, 19
core   0: 3 0x80004f12 (0x814d) x10 0x00000000
core   0: 0x80004f14 (0x02f8cd33) div     s10, a7, a5
core   0: 3 0x80004f14 (0x02f8cd33) x26 0x00000325
core   0: 0x80004f18 (0x0000897d) c.andi  a0, 31
core   0: 3 0x80004f18 (0x897d) x10 0x00000000
core   0: 0x80004f1a (0x000084a1) c.srai  s1, 8
core   0: 3 0x80004f1a (0x84a1) x 9 0x00000000
core   0: 0x80004f1c (0x00008c69) c.and   s0, a0
core   0: 3 0x80004f1c (0x8c69) x 8 0x00000000
core   0: 0x80004f1e (0x025b51b3) divu    gp, s6, t0
core   0: 3 0x80004f1e (0x025b51b3) x 3 0x00000000
core   0: 0x80004f22 (0x00008c45) c.or    s0, s1
core   0: 3 0x80004f22 (0x8c45) x 8 0x00000000
core   0: 0x80004f24 (0x02e55233) divu    tp, a0, a4
core   0: 3 0x80004f24 (0x02e55233) x 4 0x00000000
core   0: 0x80004f28 (0x00008e3d) c.xor   a2, a5
core   0: 3 0x80004f28 (0x8e3d) x12 0xffffffe7
core   0: 0x80004f2a (0x552ee793) ori     a5, t4, 1362
core   0: 3 0x80004f2a (0x552ee793) x15 0xfffff776
core   0: 0x80004f2e (0x49ea6793) ori     a5, s4, 1182
core   0: 3 0x80004f2e (0x49ea6793) x15 0x3fffd69f
core   0: 0x80004f32 (0x0000033d) c.addi  t1, 15
core   0: 3 0x80004f32 (0x033d) x 6 0x0000000f
core   0: 0x80004f34 (0x00008e61) c.and   a2, s0
core   0: 3 0x80004f34 (0x8e61) x12 0x00000000
core   0: 0x80004f36 (0x01c7d033) srl     zero, a5, t3
core   0: 3 0x80004f36 (0x01c7d033)
core   0: 0x80004f3a (0xf9b6a213) slti    tp, a3, -101
core   0: 3 0x80004f3a (0xf9b6a213) x 4 0x00000001
core   0: 0x80004f3e (0x01c21d33) sll     s10, tp, t3
core   0: 3 0x80004f3e (0x01c21d33) x26 0x00000002
core   0: 0x80004f42 (0x54c9bf93) sltiu   t6, s3, 1356
core   0: 3 0x80004f42 (0x54c9bf93) x31 0x00000001
core   0: 0x80004f46 (0x00004789) c.li    a5, 2
core   0: 3 0x80004f46 (0x4789) x15 0x00000002
core   0: 0x80004f48 (0x000087d1) c.srai  a5, 20
core   0: 3 0x80004f48 (0x87d1) x15 0x00000000
core   0: 0x80004f4a (0x016f4bb3) xor     s7, t5, s6
core   0: 3 0x80004f4a (0x016f4bb3) x23 0x0000c000
core   0: 0x80004f4e (0xd27f4413) xori    s0, t5, -729
core   0: 3 0x80004f4e (0xd27f4413) x 8 0xfffffd27
core   0: 0x80004f52 (0x00008661) c.srai  a2, 24
core   0: 3 0x80004f52 (0x8661) x12 0x00000000
core   0: 0x80004f54 (0x0368c7b3) div     a5, a7, s6
core   0: 3 0x80004f54 (0x0368c7b3) x15 0x00000000
core   0: 0x80004f58 (0x01ed0033) add     zero, s10, t5
core   0: 3 0x80004f58 (0x01ed0033)
core   0: 0x80004f5c (0x00000001) c.nop
core   0: 3 0x80004f5c (0x0001)
core   0: 0x80004f5e (0x01d219b3) sll     s3, tp, t4
core   0: 3 0x80004f5e (0x01d219b3) x19 0x00000010
core   0: 0x80004f62 (0x000089b6) c.mv    s3, a3
core   0: 3 0x80004f62 (0x89b6) x19 0xbe4b2fe8
core   0: 0x80004f64 (0xdfd82bb7) lui     s7, 0xdfd82
core   0: 3 0x80004f64 (0xdfd82bb7) x23 0xdfd82000
core   0: 0x80004f68 (0x027a9933) mulh    s2, s5, t2
core   0: 3 0x80004f68 (0x027a9933) x18 0x00000000
core   0: 0x80004f6c (0x4f720c93) addi    s9, tp, 1271
core   0: 3 0x80004f6c (0x4f720c93) x25 0x000004f8
core   0: 0x80004f70 (0x0088e0b3) or      ra, a7, s0
core   0: 3 0x80004f70 (0x0088e0b3) x 1 0xfffffdff
core   0: 0x80004f74 (0x00000001) c.nop
core   0: 3 0x80004f74 (0x0001)
core   0: 0x80004f76 (0x010bd013) srli    zero, s7, 16
core   0: 3 0x80004f76 (0x010bd013)
core   0: 0x80004f7a (0x02fe0533) mul     a0, t3, a5
core   0: 3 0x80004f7a (0x02fe0533) x10 0x00000000
core   0: 0x80004f7e (0x00000001) c.nop
core   0: 3 0x80004f7e (0x0001)
core   0: 0x80004f80 (0x02848933) mul     s2, s1, s0
core   0: 3 0x80004f80 (0x02848933) x18 0x00000000
core   0: 0x80004f84 (0x02cdbf33) mulhu   t5, s11, a2
core   0: 3 0x80004f84 (0x02cdbf33) x30 0x00000000
core   0: 0x80004f88 (0x4102d633) sra     a2, t0, a6
core   0: 3 0x80004f88 (0x4102d633) x12 0xfffff320
core   0: 0x80004f8c (0x000c9693) slli    a3, s9, 0
core   0: 3 0x80004f8c (0x000c9693) x13 0x000004f8
core   0: 0x80004f90 (0x0000557d) c.li    a0, -1
core   0: 3 0x80004f90 (0x557d) x10 0xffffffff
core   0: 0x80004f92 (0x00ea1233) sll     tp, s4, a4
core   0: 3 0x80004f92 (0x00ea1233) x 4 0xfffd6030
core   0: 0x80004f96 (0xda00feb7) lui     t4, 0xda00f
core   0: 3 0x80004f96 (0xda00feb7) x29 0xda00f000
core   0: 0x80004f9a (0x009e8bb3) add     s7, t4, s1
core   0: 3 0x80004f9a (0x009e8bb3) x23 0xda00f000
core   0: 0x80004f9e (0xdd1c3a93) sltiu   s5, s8, -559
core   0: 3 0x80004f9e (0xdd1c3a93) x21 0x00000001
core   0: 0x80004fa2 (0x031529b3) mulhsu  s3, a0, a7
core   0: 3 0x80004fa2 (0x031529b3) x19 0xffffffff
core   0: 0x80004fa6 (0x00005d7d) c.li    s10, -1
core   0: 3 0x80004fa6 (0x5d7d) x26 0xffffffff
core   0: 0x80004fa8 (0x00000471) c.addi  s0, 28
core   0: 3 0x80004fa8 (0x0471) x 8 0xfffffd43
core   0: 0x80004faa (0x0000847a) c.mv    s0, t5
core   0: 3 0x80004faa (0x847a) x 8 0x00000000
core   0: 0x80004fac (0x00008a25) c.andi  a2, 9
core   0: 3 0x80004fac (0x8a25) x12 0x00000000
core   0: 0x80004fae (0x11976913) ori     s2, a4, 281
core   0: 3 0x80004fae (0x11976913) x18 0x8000ff7d
core   0: 0x80004fb2 (0x00001bfd) c.addi  s7, -1
core   0: 3 0x80004fb2 (0x1bfd) x23 0xda00efff
core   0: 0x80004fb4 (0x99f10693) addi    a3, sp, -1633
core   0: 3 0x80004fb4 (0x99f10693) x13 0x80013683
core   0: 0x80004fb8 (0x0380a7b3) mulhsu  a5, ra, s8
core   0: 3 0x80004fb8 (0x0380a7b3) x15 0xffffffff
core   0: 0x80004fbc (0x00e4b1b3) sltu    gp, s1, a4
core   0: 3 0x80004fbc (0x00e4b1b3) x 3 0x00000001
core   0: 0x80004fc0 (0x02191533) mulh    a0, s2, ra
core   0: 3 0x80004fc0 (0x02191533) x10 0x00000100
core   0: 0x80004fc4 (0x00008fad) c.xor   a5, a1
core   0: 3 0x80004fc4 (0x8fad) x15 0x00000000
core   0: 0x80004fc6 (0x01cd5e33) srl     t3, s10, t3
core   0: 3 0x80004fc6 (0x01cd5e33) x28 0x7fffffff
core   0: 0x80004fca (0x036cdbb3) divu    s7, s9, s6
core   0: 3 0x80004fca (0x036cdbb3) x23 0x00000000
core   0: 0x80004fce (0x034f24b3) mulhsu  s1, t5, s4
core   0: 3 0x80004fce (0x034f24b3) x 9 0x00000000
core   0: 0x80004fd2 (0x00008fc5) c.or    a5, s1
core   0: 3 0x80004fd2 (0x8fc5) x15 0x00000000
core   0: 0x80004fd4 (0x02f20033) mul     zero, tp, a5
core   0: 3 0x80004fd4 (0x02f20033)
core   0: 0x80004fd8 (0x00008d95) c.sub   a1, a3
core   0: 3 0x80004fd8 (0x8d95) x11 0x7ffec97c
core   0: 0x80004fda (0x00008135) c.srli  a0, 13
core   0: 3 0x80004fda (0x8135) x10 0x00000000
core   0: 0x80004fdc (0x032b0f33) mul     t5, s6, s2
core   0: 3 0x80004fdc (0x032b0f33) x30 0xbf9dc000
core   0: 0x80004fe0 (0x017e1eb3) sll     t4, t3, s7
core   0: 3 0x80004fe0 (0x017e1eb3) x29 0x7fffffff
core   0: 0x80004fe4 (0x02ead7b3) divu    a5, s5, a4
core   0: 3 0x80004fe4 (0x02ead7b3) x15 0x00000000
core   0: 0x80004fe8 (0x00008fe1) c.and   a5, s0
core   0: 3 0x80004fe8 (0x8fe1) x15 0x00000000
core   0: 0x80004fea (0x00000001) c.nop
core   0: 3 0x80004fea (0x0001)
core   0: 0x80004fec (0x0000805d) c.srli  s0, 23
core   0: 3 0x80004fec (0x805d) x 8 0x00000000
core   0: 0x80004fee (0x0355a5b3) mulhsu  a1, a1, s5
core   0: 3 0x80004fee (0x0355a5b3) x11 0x00000000
core   0: 0x80004ff2 (0xfb9f1937) lui     s2, 0xfb9f1
core   0: 3 0x80004ff2 (0xfb9f1937) x18 0xfb9f1000
core   0: 0x80004ff6 (0x02f7dfb3) divu    t6, a5, a5
core   0: 3 0x80004ff6 (0x02f7dfb3) x31 0xffffffff
core   0: 0x80004ffa (0x1bc15637) lui     a2, 0x1bc15
core   0: 3 0x80004ffa (0x1bc15637) x12 0x1bc15000
core   0: 0x80004ffe (0x024a1eb3) mulh    t4, s4, tp
core   0: 3 0x80004ffe (0x024a1eb3) x29 0xffff580c
core   0: 0x80005002 (0x000049dd) c.li    s3, 23
core   0: 3 0x80005002 (0x49dd) x19 0x00000017
core   0: 0x80005004 (0x00004bf5) c.li    s7, 29
core   0: 3 0x80005004 (0x4bf5) x23 0x0000001d
core   0: 0x80005006 (0x00008c79) c.and   s0, a4
core   0: 3 0x80005006 (0x8c79) x 8 0x00000000
core   0: 0x80005008 (0x013515b3) sll     a1, a0, s3
core   0: 3 0x80005008 (0x013515b3) x11 0x00000000
core   0: 0x8000500c (0x01829c93) slli    s9, t0, 24
core   0: 3 0x8000500c (0x01829c93) x25 0x00000000
core   0: 0x80005010 (0x000092ee) c.add   t0, s11
core   0: 3 0x80005010 (0x92ee) x 5 0x73200000
core   0: 0x80005012 (0xfa742513) slti    a0, s0, -89
core   0: 3 0x80005012 (0xfa742513) x10 0x00000000
core   0: 0x80005016 (0x029a1033) mulh    zero, s4, s1
core   0: 3 0x80005016 (0x029a1033)
core   0: 0x8000501a (0x02269833) mulh    a6, a3, sp
core   0: 3 0x8000501a (0x02269833) x16 0x3ffec64e
core   0: 0x8000501e (0x02336fb3) rem     t6, t1, gp
core   0: 3 0x8000501e (0x02336fb3) x31 0x00000000
core   0: 0x80005022 (0x02db39b3) mulhu   s3, s6, a3
core   0: 3 0x80005022 (0x02db39b3) x19 0x00006000
core   0: 0x80005026 (0x2a1f0513) addi    a0, t5, 673
core   0: 3 0x80005026 (0x2a1f0513) x10 0xbf9dc2a1
core   0: 0x8000502a (0x026e7e33) remu    t3, t3, t1
core   0: 3 0x8000502a (0x026e7e33) x28 0x00000007
core   0: 0x8000502e (0x00000ca6) c.slli  s9, 9
core   0: 3 0x8000502e (0x0ca6) x25 0x00000000
core   0: 0x80005030 (0x02ed8433) mul     s0, s11, a4
core   0: 3 0x80005030 (0x02ed8433) x 8 0x00000000
core   0: 0x80005034 (0x03883533) mulhu   a0, a6, s8
core   0: 3 0x80005034 (0x03883533) x10 0x00000000
core   0: 0x80005038 (0x000725b3) slt     a1, a4, zero
core   0: 3 0x80005038 (0x000725b3) x11 0x00000001
core   0: 0x8000503c (0x0d486293) ori     t0, a6, 212
core   0: 3 0x8000503c (0x0d486293) x 5 0x3ffec6de
core   0: 0x80005040 (0x00000001) c.nop
core   0: 3 0x80005040 (0x0001)
core   0: 0x80005042 (0x00008e65) c.and   a2, s1
core   0: 3 0x80005042 (0x8e65) x12 0x00000000
core   0: 0x80005044 (0x00000805) c.addi  a6, 1
core   0: 3 0x80005044 (0x0805) x16 0x3ffec64f
core   0: 0x80005046 (0x00008fb5) c.xor   a5, a3
core   0: 3 0x80005046 (0x8fb5) x15 0x80013683
core   0: 0x80005048 (0x00c91493) slli    s1, s2, 12
core   0: 3 0x80005048 (0x00c91493) x 9 0xf1000000
core   0: 0x8000504c (0x028de533) rem     a0, s11, s0
core   0: 3 0x8000504c (0x028de533) x10 0x80000000
core   0: 0x80005050 (0x006fd8b3) srl     a7, t6, t1
core   0: 3 0x80005050 (0x006fd8b3) x17 0x00000000
core   0: 0x80005054 (0x40e15a13) srai    s4, sp, 14
core   0: 3 0x80005054 (0x40e15a13) x20 0xfffe0004
core   0: 0x80005058 (0x00008189) c.srli  a1, 2
core   0: 3 0x80005058 (0x8189) x11 0x00000000
core   0: 0x8000505a (0x00008f8e) c.mv    t6, gp
core   0: 3 0x8000505a (0x8f8e) x31 0x00000001
core   0: 0x8000505c (0x41a35413) srai    s0, t1, 26
core   0: 3 0x8000505c (0x41a35413) x 8 0x00000000
core   0: 0x80005060 (0x00008611) c.srai  a2, 4
core   0: 3 0x80005060 (0x8611) x12 0x00000000
core   0: 0x80005062 (0x0b72dcb7) lui     s9, 0xb72d
core   0: 3 0x80005062 (0x0b72dcb7) x25 0x0b72d000
core   0: 0x80005066 (0x00001c7d) c.addi  s8, -1
core   0: 3 0x80005066 (0x1c7d) x24 0x00000000
core   0: 0x80005068 (0x6955af93) slti    t6, a1, 1685
core   0: 3 0x80005068 (0x6955af93) x31 0x00000001
core   0: 0x8000506c (0x00008e39) c.xor   a2, a4
core   0: 3 0x8000506c (0x8e39) x12 0x8000fe64
core   0: 0x8000506e (0x00e31a93) slli    s5, t1, 14
core   0: 3 0x8000506e (0x00e31a93) x21 0x0003c000
core   0: 0x80005072 (0x00009bfd) c.andi  a5, -1
core   0: 3 0x80005072 (0x9bfd) x15 0x80013683
core   0: 0x80005074 (0x0328e4b3) rem     s1, a7, s2
core   0: 3 0x80005074 (0x0328e4b3) x 9 0x00000000
core   0: 0x80005078 (0x00008e81) c.sub   a3, s0
core   0: 3 0x80005078 (0x8e81) x13 0x80013683
core   0: 0x8000507a (0x030a0ab3) mul     s5, s4, a6
core   0: 3 0x8000507a (0x030a0ab3) x21 0x735d193c
core   0: 0x8000507e (0x00317c33) and     s8, sp, gp
core   0: 3 0x8000507e (0x00317c33) x24 0x00000000
core   0: 0x80005082 (0x000088a1) c.andi  s1, 8
core   0: 3 0x80005082 (0x88a1) x 9 0x00000000
core   0: 0x80005084 (0x000095ce) c.add   a1, s3
core   0: 3 0x80005084 (0x95ce) x11 0x00006000
core   0: 0x80005086 (0x03e07cb3) remu    s9, zero, t5
core   0: 3 0x80005086 (0x03e07cb3) x25 0x00000000
core   0: 0x8000508a (0x00008ecd) c.or    a3, a1
core   0: 3 0x8000508a (0x8ecd) x13 0x80017683
core   0: 0x8000508c (0x0085fd33) and     s10, a1, s0
core   0: 3 0x8000508c (0x0085fd33) x26 0x00000000
core   0: 0x80005090 (0x00ffd313) srli    t1, t6, 15
core   0: 3 0x80005090 (0x00ffd313) x 6 0x00000000
core   0: 0x80005094 (0x40abd8b3) sra     a7, s7, a0
core   0: 3 0x80005094 (0x40abd8b3) x17 0x0000001d
core   0: 0x80005098 (0x08ca4993) xori    s3, s4, 140
core   0: 3 0x80005098 (0x08ca4993) x19 0xfffe0088
core   0: 0x8000509c (0x6a6285b7) lui     a1, 0x6a628
core   0: 3 0x8000509c (0x6a6285b7) x11 0x6a628000
core   0: 0x800050a0 (0x000004a1) c.addi  s1, 8
core   0: 3 0x800050a0 (0x04a1) x 9 0x00000008
core   0: 0x800050a2 (0x00449293) slli    t0, s1, 4
core   0: 3 0x800050a2 (0x00449293) x 5 0x00000080
core   0: 0x800050a6 (0x00005f7d) c.li    t5, -1
core   0: 3 0x800050a6 (0x5f7d) x30 0xffffffff
core   0: 0x800050a8 (0x03204333) div     t1, zero, s2
core   0: 3 0x800050a8 (0x03204333) x 6 0x00000000
core   0: 0x800050ac (0x0182ec33) or      s8, t0, s8
core   0: 3 0x800050ac (0x0182ec33) x24 0x00000080
core   0: 0x800050b0 (0x00000ba9) c.addi  s7, 10
core   0: 3 0x800050b0 (0x0ba9) x23 0x00000027
core   0: 0x800050b2 (0x03ee7f33) remu    t5, t3, t5
core   0: 3 0x800050b2 (0x03ee7f33) x30 0x00000007
core   0: 0x800050b6 (0x00009822) c.add   a6, s0
core   0: 3 0x800050b6 (0x9822) x16 0x3ffec64f
core   0: 0x800050b8 (0x00000001) c.nop
core   0: 3 0x800050b8 (0x0001)
core   0: 0x800050ba (0x03763fb3) mulhu   t6, a2, s7
core   0: 3 0x800050ba (0x03763fb3) x31 0x00000013
core   0: 0x800050be (0x02ddc1b3) div     gp, s11, a3
core   0: 3 0x800050be (0x02ddc1b3) x 3 0x00000001
core   0: 0x800050c2 (0xf0e8af17) auipc   t5, 0xf0e8a
core   0: 3 0x800050c2 (0xf0e8af17) x30 0x70e8f0c2
core   0: 0x800050c6 (0x02914333) div     t1, sp, s1
core   0: 3 0x800050c6 (0x02914333) x 6 0xf000279d
core   0: 0x800050ca (0x01b59a93) slli    s5, a1, 27
core   0: 3 0x800050ca (0x01b59a93) x21 0x00000000
core   0: 0x800050ce (0x01b91b33) sll     s6, s2, s11
core   0: 3 0x800050ce (0x01b91b33) x22 0xfb9f1000
core   0: 0x800050d2 (0x000098a2) c.add   a7, s0
core   0: 3 0x800050d2 (0x98a2) x17 0x0000001d
core   0: 0x800050d4 (0x32603b13) sltiu   s6, zero, 806
core   0: 3 0x800050d4 (0x32603b13) x22 0x00000001
core   0: 0x800050d8 (0xe4b6e517) auipc   a0, 0xe4b6e
core   0: 3 0x800050d8 (0xe4b6e517) x10 0x64b730d8
core   0: 0x800050dc (0x000080f1) c.srli  s1, 28
core   0: 3 0x800050dc (0x80f1) x 9 0x00000000
core   0: 0x800050de (0x2a0a9d37) lui     s10, 0x2a0a9
core   0: 3 0x800050de (0x2a0a9d37) x26 0x2a0a9000
core   0: 0x800050e2 (0x00008e51) c.or    a2, a2
core   0: 3 0x800050e2 (0x8e51) x12 0x8000fe64
core   0: 0x800050e4 (0x00008096) c.mv    ra, t0
core   0: 3 0x800050e4 (0x8096) x 1 0x00000080
core   0: 0x800050e6 (0x4004d2b3) sra     t0, s1, zero
core   0: 3 0x800050e6 (0x4004d2b3) x 5 0x00000000
core   0: 0x800050ea (0x00c096b3) sll     a3, ra, a2
core   0: 3 0x800050ea (0x00c096b3) x13 0x00000800
core   0: 0x800050ee (0x00001c7d) c.addi  s8, -1
core   0: 3 0x800050ee (0x1c7d) x24 0x0000007f
core   0: 0x800050f0 (0x0274a833) mulhsu  a6, s1, t2
core   0: 3 0x800050f0 (0x0274a833) x16 0x00000000
core   0: 0x800050f4 (0x03e09cb3) mulh    s9, ra, t5
core   0: 3 0x800050f4 (0x03e09cb3) x25 0x00000038
core   0: 0x800050f8 (0x00008d62) c.mv    s10, s8
core   0: 3 0x800050f8 (0x8d62) x26 0x0000007f
core   0: 0x800050fa (0xd9736993) ori     s3, t1, -617
core   0: 3 0x800050fa (0xd9736993) x19 0xffffff9f
core   0: 0x800050fe (0x00006ce9) c.lui   s9, 0x1a
core   0: 3 0x800050fe (0x6ce9) x25 0x0001a000
core   0: 0x80005100 (0x00009ba6) c.add   s7, s1
core   0: 3 0x80005100 (0x9ba6) x23 0x00000027
core   0: 0x80005102 (0x00008f5a) c.mv    t5, s6
core   0: 3 0x80005102 (0x8f5a) x30 0x00000001
core   0: 0x80005104 (0x00008e01) c.sub   a2, s0
core   0: 3 0x80005104 (0x8e01) x12 0x8000fe64
core   0: 0x80005106 (0x03762bb3) mulhsu  s7, a2, s7
core   0: 3 0x80005106 (0x03762bb3) x23 0xffffffec
core   0: 0x8000510a (0x00f311b3) sll     gp, t1, a5
core   0: 3 0x8000510a (0x00f311b3) x 3 0x80013ce8
core   0: 0x8000510e (0xb28cdb37) lui     s6, 0xb28cd
core   0: 3 0x8000510e (0xb28cdb37) x22 0xb28cd000
core   0: 0x80005112 (0x02e8b533) mulhu   a0, a7, a4
core   0: 3 0x80005112 (0x02e8b533) x10 0x0000000e
core   0: 0x80005116 (0xafbc4c93) xori    s9, s8, -1285
core   0: 3 0x80005116 (0xafbc4c93) x25 0xfffffa84
core   0: 0x8000511a (0xebd3c317) auipc   t1, 0xebd3c
core   0: 3 0x8000511a (0xebd3c317) x 6 0x6bd4111a
core   0: 0x8000511e (0x32102613) slti    a2, zero, 801
core   0: 3 0x8000511e (0x32102613) x12 0x00000001
core   0: 0x80005122 (0x00e46fb3) or      t6, s0, a4
core   0: 3 0x80005122 (0x00e46fb3) x31 0x8000fe64
core   0: 0x80005126 (0x016704b3) add     s1, a4, s6
core   0: 3 0x80005126 (0x016704b3) x 9 0x328dce64
core   0: 0x8000512a (0x01696f33) or      t5, s2, s6
core   0: 3 0x8000512a (0x01696f33) x30 0xfb9fd000
core   0: 0x8000512e (0x00000001) c.nop
core   0: 3 0x8000512e (0x0001)
core   0: 0x80005130 (0xce7ad537) lui     a0, 0xce7ad
core   0: 3 0x80005130 (0xce7ad537) x10 0xce7ad000
core   0: 0x80005134 (0x00005c7d) c.li    s8, -1
core   0: 3 0x80005134 (0x5c7d) x24 0xffffffff
core   0: 0x80005136 (0x40525293) srai    t0, tp, 5
core   0: 3 0x80005136 (0x40525293) x 5 0xffffeb01
core   0: 0x8000513a (0x00008a69) c.andi  a2, 26
core   0: 3 0x8000513a (0x8a69) x12 0x00000000
core   0: 0x8000513c (0x00008ad1) c.andi  a3, 20
core   0: 3 0x8000513c (0x8ad1) x13 0x00000000
core   0: 0x8000513e (0x0210fa33) remu    s4, ra, ra
core   0: 3 0x8000513e (0x0210fa33) x20 0x00000000
core   0: 0x80005142 (0x40e552b3) sra     t0, a0, a4
core   0: 3 0x80005142 (0x40e552b3) x 5 0xfce7ad00
core   0: 0x80005146 (0x03935a33) divu    s4, t1, s9
core   0: 3 0x80005146 (0x03935a33) x20 0x00000000
core   0: 0x8000514a (0x003cfe33) and     t3, s9, gp
core   0: 3 0x8000514a (0x003cfe33) x28 0x80013880
core   0: 0x8000514e (0x01b12bb3) slt     s7, sp, s11
core   0: 3 0x8000514e (0x01b12bb3) x23 0x00000000
core   0: 0x80005152 (0x004152b3) srl     t0, sp, tp
core   0: 3 0x80005152 (0x004152b3) x 5 0x00008001
core   0: 0x80005156 (0xa1c7c913) xori    s2, a5, -1508
core   0: 3 0x80005156 (0xa1c7c913) x18 0x7ffecc9f
core   0: 0x8000515a (0x00006d21) c.lui   s10, 0x8
core   0: 3 0x8000515a (0x6d21) x26 0x00008000
core   0: 0x8000515c (0x00008c1d) c.sub   s0, a5
core   0: 3 0x8000515c (0x8c1d) x 8 0x7ffec97d
core   0: 0x8000515e (0x00008e75) c.and   a2, a3
core   0: 3 0x8000515e (0x8e75) x12 0x00000000
core   0: 0x80005160 (0x000cbbb3) sltu    s7, s9, zero
core   0: 3 0x80005160 (0x000cbbb3) x23 0x00000000
core   0: 0x80005164 (0x58371917) auipc   s2, 0x58371
core   0: 3 0x80005164 (0x58371917) x18 0xd8376164
core   0: 0x80005168 (0x01fc42b3) xor     t0, s8, t6
core   0: 3 0x80005168 (0x01fc42b3) x 5 0x7fff019b
core   0: 0x8000516c (0x02368d33) mul     s10, a3, gp
core   0: 3 0x8000516c (0x02368d33) x26 0x00000000
core   0: 0x80005170 (0x869497b7) lui     a5, 0x86949
core   0: 3 0x80005170 (0x869497b7) x15 0x86949000
core   0: 0x80005174 (0x000089a9) c.andi  a1, 10
core   0: 3 0x80005174 (0x89a9) x11 0x00000000
core   0: 0x80005176 (0x8d1ea093) slti    ra, t4, -1839
core   0: 3 0x80005176 (0x8d1ea093) x 1 0x00000001
core   0: 0x8000517a (0x01b69c13) slli    s8, a3, 27
core   0: 3 0x8000517a (0x01b69c13) x24 0x00000000
core   0: 0x8000517e (0x02ab79b3) remu    s3, s6, a0
core   0: 3 0x8000517e (0x02ab79b3) x19 0xb28cd000
core   0: 0x80005182 (0x007a9093) slli    ra, s5, 7
core   0: 3 0x80005182 (0x007a9093) x 1 0x00000000
core   0: 0x80005186 (0x3140f037) lui     zero, 0x3140f
core   0: 3 0x80005186 (0x3140f037)
core   0: 0x8000518a (0xe1c3a813) slti    a6, t2, -484
core   0: 3 0x8000518a (0xe1c3a813) x16 0x00000000
core   0: 0x8000518e (0x00006319) c.lui   t1, 0x6
core   0: 3 0x8000518e (0x6319) x 6 0x00006000
core   0: 0x80005190 (0x000017fd) c.addi  a5, -1
core   0: 3 0x80005190 (0x17fd) x15 0x86948fff
core   0: 0x80005192 (0x42054f93) xori    t6, a0, 1056
core   0: 3 0x80005192 (0x42054f93) x31 0xce7ad420
core   0: 0x80005196 (0x03f13533) mulhu   a0, sp, t6
core   0: 3 0x80005196 (0x03f13533) x10 0x673e69a7
core   0: 0x8000519a (0x000009ba) c.slli  s3, 14
core   0: 3 0x8000519a (0x09ba) x19 0x34000000
core   0: 0x8000519c (0x02f31fb3) mulh    t6, t1, a5
core   0: 3 0x8000519c (0x02f31fb3) x31 0xffffd277
core   0: 0x800051a0 (0x00000001) c.nop
core   0: 3 0x800051a0 (0x0001)
core   0: 0x800051a2 (0x00008c71) c.and   s0, a2
core   0: 3 0x800051a2 (0x8c71) x 8 0x00000000
core   0: 0x800051a4 (0x0359c233) div     tp, s3, s5
core   0: 3 0x800051a4 (0x0359c233) x 4 0xffffffff
core   0: 0x800051a8 (0x00000d35) c.addi  s10, 13
core   0: 3 0x800051a8 (0x0d35) x26 0x0000000d
core   0: 0x800051aa (0x0000537d) c.li    t1, -1
core   0: 3 0x800051aa (0x537d) x 6 0xffffffff
core   0: 0x800051ac (0x00008e1a) c.mv    t3, t1
core   0: 3 0x800051ac (0x8e1a) x28 0xffffffff
core   0: 0x800051ae (0x00008cc1) c.or    s1, s0
core   0: 3 0x800051ae (0x8cc1) x 9 0x328dce64
core   0: 0x800051b0 (0x6e72f413) andi    s0, t0, 1767
core   0: 3 0x800051b0 (0x6e72f413) x 8 0x00000083
core   0: 0x800051b4 (0x00008d01) c.sub   a0, s0
core   0: 3 0x800051b4 (0x8d01) x10 0x673e6924
core   0: 0x800051b6 (0x02723233) mulhu   tp, tp, t2
core   0: 3 0x800051b6 (0x02723233) x 4 0xfffffffe
core   0: 0x800051ba (0x000f1913) slli    s2, t5, 0
core   0: 3 0x800051ba (0x000f1913) x18 0xfb9fd000
core   0: 0x800051be (0x00b713b3) sll     t2, a4, a1
core   0: 3 0x800051be (0x00b713b3) x 7 0x8000fe64
core   0: 0x800051c2 (0x01b59813) slli    a6, a1, 27
core   0: 3 0x800051c2 (0x01b59813) x16 0x00000000
core   0: 0x800051c6 (0x00004931) c.li    s2, 12
core   0: 3 0x800051c6 (0x4931) x18 0x0000000c
core   0: 0x800051c8 (0x00e561b3) or      gp, a0, a4
core   0: 3 0x800051c8 (0x00e561b3) x 3 0xe73eff64
core   0: 0x800051cc (0xfa0c8513) addi    a0, s9, -96
core   0: 3 0x800051cc (0xfa0c8513) x10 0xfffffa24
core   0: 0x800051d0 (0x00d99413) slli    s0, s3, 13
core   0: 3 0x800051d0 (0x00d99413) x 8 0x00000000
core   0: 0x800051d4 (0x01d35bb3) srl     s7, t1, t4
core   0: 3 0x800051d4 (0x01d35bb3) x23 0x000fffff
core   0: 0x800051d8 (0x00779613) slli    a2, a5, 7
core   0: 3 0x800051d8 (0x00779613) x12 0x4a47ff80
core   0: 0x800051dc (0x026bf1b3) remu    gp, s7, t1
core   0: 3 0x800051dc (0x026bf1b3) x 3 0x000fffff
core   0: 0x800051e0 (0xcbd40e13) addi    t3, s0, -835
core   0: 3 0x800051e0 (0xcbd40e13) x28 0xfffffcbd
core   0: 0x800051e4 (0x00009fa6) c.add   t6, s1
core   0: 3 0x800051e4 (0x9fa6) x31 0x328da0db
core   0: 0x800051e6 (0x004e98b3) sll     a7, t4, tp
core   0: 3 0x800051e6 (0x004e98b3) x17 0x00000000
core   0: 0x800051ea (0x00008e39) c.xor   a2, a4
core   0: 3 0x800051ea (0x8e39) x12 0xca4701e4
core   0: 0x800051ec (0x009b1c93) slli    s9, s6, 9
core   0: 3 0x800051ec (0x009b1c93) x25 0x19a00000
core   0: 0x800051f0 (0x035b1533) mulh    a0, s6, s5
core   0: 3 0x800051f0 (0x035b1533) x10 0x00000000
core   0: 0x800051f4 (0x0000884d) c.andi  s0, 19
core   0: 3 0x800051f4 (0x884d) x 8 0x00000000
core   0: 0x800051f6 (0x40120ab3) sub     s5, tp, ra
core   0: 3 0x800051f6 (0x40120ab3) x21 0xfffffffe
core   0: 0x800051fa (0x00008d49) c.or    a0, a0
core   0: 3 0x800051fa (0x8d49) x10 0x00000000
core   0: 0x800051fc (0x028445b3) div     a1, s0, s0
core   0: 3 0x800051fc (0x028445b3) x11 0xffffffff
core   0: 0x80005200 (0x17b86797) auipc   a5, 0x17b86
core   0: 3 0x80005200 (0x17b86797) x15 0x97b8b200
core   0: 0x80005204 (0x00008d49) c.or    a0, a0
core   0: 3 0x80005204 (0x8d49) x10 0x00000000
core   0: 0x80005206 (0x00008fd5) c.or    a5, a3
core   0: 3 0x80005206 (0x8fd5) x15 0x97b8b200
core   0: 0x80005208 (0x000042b5) c.li    t0, 13
core   0: 3 0x80005208 (0x42b5) x 5 0x0000000d
core   0: 0x8000520a (0x41e75e33) sra     t3, a4, t5
core   0: 3 0x8000520a (0x41e75e33) x28 0x8000fe64
core   0: 0x8000520e (0x000098fd) c.andi  s1, -1
core   0: 3 0x8000520e (0x98fd) x 9 0x328dce64
core   0: 0x80005210 (0x00d82333) slt     t1, a6, a3
core   0: 3 0x80005210 (0x00d82333) x 6 0x00000000
core   0: 0x80005214 (0x03951233) mulh    tp, a0, s9
core   0: 3 0x80005214 (0x03951233) x 4 0x00000000
core   0: 0x80005218 (0x00001d7d) c.addi  s10, -1
core   0: 3 0x80005218 (0x1d7d) x26 0x0000000c
core   0: 0x8000521a (0x00008a8a) c.mv    s5, sp
core   0: 3 0x8000521a (0x8a8a) x21 0x80013ce4
core   0: 0x8000521c (0x68f82d13) slti    s10, a6, 1679
core   0: 3 0x8000521c (0x68f82d13) x26 0x00000001
core   0: 0x80005220 (0xe876b6b7) lui     a3, 0xe876b
core   0: 3 0x80005220 (0xe876b6b7) x13 0xe876b000
core   0: 0x80005224 (0x01981033) sll     zero, a6, s9
core   0: 3 0x80005224 (0x01981033)
core   0: 0x80005228 (0x00dda5b3) slt     a1, s11, a3
core   0: 3 0x80005228 (0x00dda5b3) x11 0x00000001
core   0: 0x8000522c (0x00009afd) c.andi  a3, -1
core   0: 3 0x8000522c (0x9afd) x13 0xe876b000
core   0: 0x8000522e (0x03d00e33) mul     t3, zero, t4
core   0: 3 0x8000522e (0x03d00e33) x28 0x00000000
core   0: 0x80005232 (0x00000e1e) c.slli  t3, 7
core   0: 3 0x80005232 (0x0e1e) x28 0x00000000
core   0: 0x80005234 (0x00000fa5) c.addi  t6, 9
core   0: 3 0x80005234 (0x0fa5) x31 0x328da0e4
core   0: 0x80005236 (0xe166b613) sltiu   a2, a3, -490
core   0: 3 0x80005236 (0xe166b613) x12 0x00000001
core   0: 0x8000523a (0x00008d3d) c.xor   a0, a5
core   0: 3 0x8000523a (0x8d3d) x10 0x97b8b200
core   0: 0x8000523c (0x03fe4333) div     t1, t3, t6
core   0: 3 0x8000523c (0x03fe4333) x 6 0x00000000
core   0: 0x80005240 (0x00000001) c.nop
core   0: 3 0x80005240 (0x0001)
core   0: 0x80005242 (0x03d37633) remu    a2, t1, t4
core   0: 3 0x80005242 (0x03d37633) x12 0x00000000
core   0: 0x80005246 (0x02a7d833) divu    a6, a5, a0
core   0: 3 0x80005246 (0x02a7d833) x16 0x00000001
core   0: 0x8000524a (0x00008251) c.srli  a2, 20
core   0: 3 0x8000524a (0x8251) x12 0x00000000
core   0: 0x8000524c (0x000080ba) c.mv    ra, a4
core   0: 3 0x8000524c (0x80ba) x 1 0x8000fe64
core   0: 0x8000524e (0x873e3393) sltiu   t2, t3, -1933
core   0: 3 0x8000524e (0x873e3393) x 7 0x00000001
core   0: 0x80005252 (0x03bd3c33) mulhu   s8, s10, s11
core   0: 3 0x80005252 (0x03bd3c33) x24 0x00000000
core   0: 0x80005256 (0xc37a2613) slti    a2, s4, -969
core   0: 3 0x80005256 (0xc37a2613) x12 0x00000000
core   0: 0x8000525a (0x01ccb1b3) sltu    gp, s9, t3
core   0: 3 0x8000525a (0x01ccb1b3) x 3 0x00000000
core   0: 0x8000525e (0x412ada33) sra     s4, s5, s2
core   0: 3 0x8000525e (0x412ada33) x20 0xfff80013
core   0: 0x80005262 (0x00008cd5) c.or    s1, a3
core   0: 3 0x80005262 (0x8cd5) x 9 0xfafffe64
core   0: 0x80005264 (0x035d7433) remu    s0, s10, s5
core   0: 3 0x80005264 (0x035d7433) x 8 0x00000001
core   0: 0x80005268 (0x4011dc33) sra     s8, gp, ra
core   0: 3 0x80005268 (0x4011dc33) x24 0x00000000
core   0: 0x8000526c (0x002c9fb3) sll     t6, s9, sp
core   0: 3 0x8000526c (0x002c9fb3) x31 0x9a000000
core   0: 0x80005270 (0x00008e25) c.xor   a2, s1
core   0: 3 0x80005270 (0x8e25) x12 0xfafffe64
core   0: 0x80005272 (0x000089a1) c.andi  a1, 8
core   0: 3 0x80005272 (0x89a1) x11 0x00000000
core   0: 0x80005274 (0x00008e09) c.sub   a2, a0
core   0: 3 0x80005274 (0x8e09) x12 0x63474c64
core   0: 0x80005276 (0x013690b3) sll     ra, a3, s3
core   0: 3 0x80005276 (0x013690b3) x 1 0xe876b000
core   0: 0x8000527a (0x0000609d) c.lui   ra, 0x7
core   0: 3 0x8000527a (0x609d) x 1 0x00007000
core   0: 0x8000527c (0x00ca69b3) or      s3, s4, a2
core   0: 3 0x8000527c (0x00ca69b3) x19 0xffff4c77
core   0: 0x80005280 (0x00006e29) c.lui   t3, 0xa
core   0: 3 0x80005280 (0x6e29) x28 0x0000a000
core   0: 0x80005282 (0x02d36f33) rem     t5, t1, a3
core   0: 3 0x80005282 (0x02d36f33) x30 0x00000000
core   0: 0x80005286 (0x0026ad33) slt     s10, a3, sp
core   0: 3 0x80005286 (0x0026ad33) x26 0x00000000
core   0: 0x8000528a (0x00008d9d) c.sub   a1, a5
core   0: 3 0x8000528a (0x8d9d) x11 0x68474e00
core   0: 0x8000528c (0x03eaaf33) mulhsu  t5, s5, t5
core   0: 3 0x8000528c (0x03eaaf33) x30 0x00000000
core   0: 0x80005290 (0x00008fcd) c.or    a5, a1
core   0: 3 0x80005290 (0x8fcd) x15 0xfffffe00
core   0: 0x80005292 (0x0269b533) mulhu   a0, s3, t1
core   0: 3 0x80005292 (0x0269b533) x10 0x00000000
core   0: 0x80005296 (0x00008da9) c.xor   a1, a0
core   0: 3 0x80005296 (0x8da9) x11 0x68474e00
core   0: 0x80005298 (0x00008129) c.srli  a0, 10
core   0: 3 0x80005298 (0x8129) x10 0x00000000
core   0: 0x8000529a (0x92964a93) xori    s5, a2, -1751
core   0: 3 0x8000529a (0x92964a93) x21 0x9cb8b54d
core   0: 0x8000529e (0x736fcf93) xori    t6, t6, 1846
core   0: 3 0x8000529e (0x736fcf93) x31 0x9a000736
core   0: 0x800052a2 (0x75cdb213) sltiu   tp, s11, 1884
core   0: 3 0x800052a2 (0x75cdb213) x 4 0x00000000
core   0: 0x800052a6 (0x307dc913) xori    s2, s11, 775
core   0: 3 0x800052a6 (0x307dc913) x18 0x80000307
core   0: 0x800052aa (0x032eb633) mulhu   a2, t4, s2
core   0: 3 0x800052aa (0x032eb633) x12 0x7fffaf0c
core   0: 0x800052ae (0x0101fab3) and     s5, gp, a6
core   0: 3 0x800052ae (0x0101fab3) x21 0x00000000
core   0: 0x800052b2 (0x00009ab2) c.add   s5, a2
core   0: 3 0x800052b2 (0x9ab2) x21 0x7fffaf0c
core   0: 0x800052b4 (0x4284c8b7) lui     a7, 0x4284c
core   0: 3 0x800052b4 (0x4284c8b7) x17 0x4284c000
core   0: 0x800052b8 (0x000014fd) c.addi  s1, -1
core   0: 3 0x800052b8 (0x14fd) x 9 0xfafffe63
core   0: 0x800052ba (0x00008c25) c.xor   s0, s1
core   0: 3 0x800052ba (0x8c25) x 8 0xfafffe62
core   0: 0x800052bc (0x00008e39) c.xor   a2, a4
core   0: 3 0x800052bc (0x8e39) x12 0xffff5168
core   0: 0x800052be (0x00004549) c.li    a0, 18
core   0: 3 0x800052be (0x4549) x10 0x00000012
core   0: 0x800052c0 (0x00008fe5) c.and   a5, s1
core   0: 3 0x800052c0 (0x8fe5) x15 0xfafffe00
core   0: 0x800052c2 (0xb49d6193) ori     gp, s10, -1207
core   0: 3 0x800052c2 (0xb49d6193) x 3 0xfffffb49
core   0: 0x800052c6 (0x00006e15) c.lui   t3, 0x5
core   0: 3 0x800052c6 (0x6e15) x28 0x00005000
core   0: 0x800052c8 (0x034e2d33) mulhsu  s10, t3, s4
core   0: 3 0x800052c8 (0x034e2d33) x26 0x00004ffd
core   0: 0x800052cc (0x019f0ab3) add     s5, t5, s9
core   0: 3 0x800052cc (0x019f0ab3) x21 0x19a00000
core   0: 0x800052d0 (0x0335a4b3) mulhsu  s1, a1, s3
core   0: 3 0x800052d0 (0x0335a4b3) x 9 0x684704de
core   0: 0x800052d4 (0x000065cd) c.lui   a1, 0x13
core   0: 3 0x800052d4 (0x65cd) x11 0x00013000
core   0: 0x800052d6 (0x02af2bb3) mulhsu  s7, t5, a0
core   0: 3 0x800052d6 (0x02af2bb3) x23 0x00000000
core   0: 0x800052da (0xe716ee93) ori     t4, a3, -399
core   0: 3 0x800052da (0xe716ee93) x29 0xfffffe71
core   0: 0x800052de (0x000016fd) c.addi  a3, -1
core   0: 3 0x800052de (0x16fd) x13 0xe876afff
core   0: 0x800052e0 (0x01169213) slli    tp, a3, 17
core   0: 3 0x800052e0 (0x01169213) x 4 0x5ffe0000
core   0: 0x800052e4 (0x00654fb3) xor     t6, a0, t1
core   0: 3 0x800052e4 (0x00654fb3) x31 0x00000012
core   0: 0x800052e8 (0x66e4f193) andi    gp, s1, 1646
core   0: 3 0x800052e8 (0x66e4f193) x 3 0x0000044e
core   0: 0x800052ec (0x00008baa) c.mv    s7, a0
core   0: 3 0x800052ec (0x8baa) x23 0x00000012
core   0: 0x800052ee (0x03e5a3b3) mulhsu  t2, a1, t5
core   0: 3 0x800052ee (0x03e5a3b3) x 7 0x00000000
core   0: 0x800052f2 (0x00009bb2) c.add   s7, a2
core   0: 3 0x800052f2 (0x9bb2) x23 0xffff517a
core   0: 0x800052f4 (0x001b1f13) slli    t5, s6, 1
core   0: 3 0x800052f4 (0x001b1f13) x30 0x6519a000
core   0: 0x800052f8 (0x03d547b3) div     a5, a0, t4
core   0: 3 0x800052f8 (0x03d547b3) x15 0x00000000
core   0: 0x800052fc (0x00006359) c.lui   t1, 0x16
core   0: 3 0x800052fc (0x6359) x 6 0x00016000
core   0: 0x800052fe (0x51690093) addi    ra, s2, 1302
core   0: 3 0x800052fe (0x51690093) x 1 0x8000081d
core   0: 0x80005302 (0x000080fd) c.srli  s1, 31
core   0: 3 0x80005302 (0x80fd) x 9 0x00000000
core   0: 0x80005304 (0x0278efb3) rem     t6, a7, t2
core   0: 3 0x80005304 (0x0278efb3) x31 0x4284c000
core   0: 0x80005308 (0x03750d33) mul     s10, a0, s7
core   0: 3 0x80005308 (0x03750d33) x26 0xfff3ba94
core   0: 0x8000530c (0x00009326) c.add   t1, s1
core   0: 3 0x8000530c (0x9326) x 6 0x00016000
core   0: 0x8000530e (0x02fe5c33) divu    s8, t3, a5
core   0: 3 0x8000530e (0x02fe5c33) x24 0xffffffff
core   0: 0x80005312 (0x006e9a93) slli    s5, t4, 6
core   0: 3 0x80005312 (0x006e9a93) x21 0xffff9c40
core   0: 0x80005316 (0x00008cd1) c.or    s1, a2
core   0: 3 0x80005316 (0x8cd1) x 9 0xffff5168
core   0: 0x80005318 (0x0000829d) c.srli  a3, 7
core   0: 3 0x80005318 (0x829d) x13 0x01d0ed5f
core   0: 0x8000531a (0x01c85eb3) srl     t4, a6, t3
core   0: 3 0x8000531a (0x01c85eb3) x29 0x00000001
core   0: 0x8000531e (0x000084d1) c.srai  s1, 20
core   0: 3 0x8000531e (0x84d1) x 9 0xffffffff
core   0: 0x80005320 (0x01bed5b3) srl     a1, t4, s11
core   0: 3 0x80005320 (0x01bed5b3) x11 0x00000001
core   0: 0x80005324 (0x7ecb4193) xori    gp, s6, 2028
core   0: 3 0x80005324 (0x7ecb4193) x 3 0xb28cd7ec
core   0: 0x80005328 (0x03d4a333) mulhsu  t1, s1, t4
core   0: 3 0x80005328 (0x03d4a333) x 6 0xffffffff
core   0: 0x8000532c (0x00006491) c.lui   s1, 0x4
core   0: 3 0x8000532c (0x6491) x 9 0x00004000
core   0: 0x8000532e (0x0330ca33) div     s4, ra, s3
core   0: 3 0x8000532e (0x0330ca33) x20 0x0000b683
core   0: 0x80005332 (0x00000f4e) c.slli  t5, 19
core   0: 3 0x80005332 (0x0f4e) x30 0x00000000
core   0: 0x80005334 (0x00c77233) and     tp, a4, a2
core   0: 3 0x80005334 (0x00c77233) x 4 0x80005060
core   0: 0x80005338 (0x030cfbb3) remu    s7, s9, a6
core   0: 3 0x80005338 (0x030cfbb3) x23 0x00000000
core   0: 0x8000533c (0x03c7d2b3) divu    t0, a5, t3
core   0: 3 0x8000533c (0x03c7d2b3) x 5 0x00000000
core   0: 0x80005340 (0x41905293) srai    t0, zero, 25
core   0: 3 0x80005340 (0x41905293) x 5 0x00000000
core   0: 0x80005344 (0x01983333) sltu    t1, a6, s9
core   0: 3 0x80005344 (0x01983333) x 6 0x00000001
core   0: 0x80005348 (0x00009b1e) c.add   s6, t2
core   0: 3 0x80005348 (0x9b1e) x22 0xb28cd000
core   0: 0x8000534a (0x00008f8d) c.sub   a5, a1
core   0: 3 0x8000534a (0x8f8d) x15 0xffffffff
core   0: 0x8000534c (0x0109bbb3) sltu    s7, s3, a6
core   0: 3 0x8000534c (0x0109bbb3) x23 0x00000000
core   0: 0x80005350 (0x414a5c93) srai    s9, s4, 20
core   0: 3 0x80005350 (0x414a5c93) x25 0x00000000
core   0: 0x80005354 (0x00008509) c.srai  a0, 2
core   0: 3 0x80005354 (0x8509) x10 0x00000004
core   0: 0x80005356 (0xc6573093) sltiu   ra, a4, -923
core   0: 3 0x80005356 (0xc6573093) x 1 0x00000001
core   0: 0x8000535a (0x00eb1913) slli    s2, s6, 14
core   0: 3 0x8000535a (0x00eb1913) x18 0x34000000
core   0: 0x8000535e (0x60c23993) sltiu   s3, tp, 1548
core   0: 3 0x8000535e (0x60c23993) x19 0x00000000
core   0: 0x80005362 (0x00006575) c.lui   a0, 0x1d
core   0: 3 0x80005362 (0x6575) x10 0x0001d000
core   0: 0x80005364 (0x76bbaf93) slti    t6, s7, 1899
core   0: 3 0x80005364 (0x76bbaf93) x31 0x00000001
core   0: 0x80005368 (0x00004929) c.li    s2, 10
core   0: 3 0x80005368 (0x4929) x18 0x0000000a
core   0: 0x8000536a (0x00008799) c.srai  a5, 6
core   0: 3 0x8000536a (0x8799) x15 0xffffffff
core   0: 0x8000536c (0x00605333) srl     t1, zero, t1
core   0: 3 0x8000536c (0x00605333) x 6 0x00000000
core   0: 0x80005370 (0x0cc13a97) auipc   s5, 0xcc13
core   0: 3 0x80005370 (0x0cc13a97) x21 0x8cc18370
core   0: 0x80005374 (0x273acc93) xori    s9, s5, 627
core   0: 3 0x80005374 (0x273acc93) x25 0x8cc18103
core   0: 0x80005378 (0x8ce55097) auipc   ra, 0x8ce55
core   0: 3 0x80005378 (0x8ce55097) x 1 0x0ce5a378
core   0: 0x8000537c (0x40ae89b3) sub     s3, t4, a0
core   0: 3 0x8000537c (0x40ae89b3) x19 0xfffe3001
core   0: 0x80005380 (0x036245b3) div     a1, tp, s6
core   0: 3 0x80005380 (0x036245b3) x11 0x00000001
core   0: 0x80005384 (0x02362eb3) mulhsu  t4, a2, gp
core   0: 3 0x80005384 (0x02362eb3) x29 0xffff863a
core   0: 0x80005388 (0x010648b3) xor     a7, a2, a6
core   0: 3 0x80005388 (0x010648b3) x17 0xffff5169
core   0: 0x8000538c (0x03bc6e33) rem     t3, s8, s11
core   0: 3 0x8000538c (0x03bc6e33) x28 0xffffffff
core   0: 0x80005390 (0x00008bb5) c.andi  a5, 13
core   0: 3 0x80005390 (0x8bb5) x15 0x0000000d
core   0: 0x80005392 (0x021bd5b3) divu    a1, s7, ra
core   0: 3 0x80005392 (0x021bd5b3) x11 0x00000000
core   0: 0x80005396 (0x0000860e) c.mv    a2, gp
core   0: 3 0x80005396 (0x860e) x12 0xb28cd7ec
core   0: 0x80005398 (0x03f4ca33) div     s4, s1, t6
core   0: 3 0x80005398 (0x03f4ca33) x20 0x00004000
core   0: 0x8000539c (0x037fd933) divu    s2, t6, s7
core   0: 3 0x8000539c (0x037fd933) x18 0xffffffff
core   0: 0x800053a0 (0x01001b13) slli    s6, zero, 16
core   0: 3 0x800053a0 (0x01001b13) x22 0x00000000
core   0: 0x800053a4 (0x02120bb3) mul     s7, tp, ra
core   0: 3 0x800053a4 (0x02120bb3) x23 0x9932cd00
core   0: 0x800053a8 (0x00008c91) c.sub   s1, a2
core   0: 3 0x800053a8 (0x8c91) x 9 0x4d736814
core   0: 0x800053aa (0x0000834a) c.mv    t1, s2
core   0: 3 0x800053aa (0x834a) x 6 0xffffffff
core   0: 0x800053ac (0x00a5f833) and     a6, a1, a0
core   0: 3 0x800053ac (0x00a5f833) x16 0x00000000
core   0: 0x800053b0 (0x9083a8b7) lui     a7, 0x9083a
core   0: 3 0x800053b0 (0x9083a8b7) x17 0x9083a000
core   0: 0x800053b4 (0x000008fa) c.slli  a7, 30
core   0: 3 0x800053b4 (0x08fa) x17 0x00000000
core   0: 0x800053b6 (0x01a61ab3) sll     s5, a2, s10
core   0: 3 0x800053b6 (0x01a61ab3) x21 0x7ec00000
core   0: 0x800053ba (0x037782b3) mul     t0, a5, s7
core   0: 3 0x800053ba (0x037782b3) x 5 0xc7946900
core   0: 0x800053be (0x01fccb33) xor     s6, s9, t6
core   0: 3 0x800053be (0x01fccb33) x22 0x8cc18102
core   0: 0x800053c2 (0x00000001) c.nop
core   0: 3 0x800053c2 (0x0001)
core   0: 0x800053c4 (0x41ad5eb3) sra     t4, s10, s10
core   0: 3 0x800053c4 (0x41ad5eb3) x29 0xffffffff
core   0: 0x800053c8 (0x00000001) c.nop
core   0: 3 0x800053c8 (0x0001)
core   0: 0x800053ca (0x024f16b3) mulh    a3, t5, tp
core   0: 3 0x800053ca (0x024f16b3) x13 0x00000000
core   0: 0x800053ce (0x2a863d13) sltiu   s10, a2, 680
core   0: 3 0x800053ce (0x2a863d13) x26 0x00000000
core   0: 0x800053d2 (0x00008f85) c.sub   a5, s1
core   0: 3 0x800053d2 (0x8f85) x15 0xb28c97f9
core   0: 0x800053d4 (0x00945933) srl     s2, s0, s1
core   0: 3 0x800053d4 (0x00945933) x18 0x00000faf
core   0: 0x800053d8 (0x6172c097) auipc   ra, 0x6172c
core   0: 3 0x800053d8 (0x6172c097) x 1 0xe17313d8
core   0: 0x800053dc (0x0057aab3) slt     s5, a5, t0
core   0: 3 0x800053dc (0x0057aab3) x21 0x00000001
core   0: 0x800053e0 (0x19bec193) xori    gp, t4, 411
core   0: 3 0x800053e0 (0x19bec193) x 3 0xfffffe64
core   0: 0x800053e4 (0x00008cf2) c.mv    s9, t3
core   0: 3 0x800053e4 (0x8cf2) x25 0xffffffff
core   0: 0x800053e6 (0x027150b3) divu    ra, sp, t2
core   0: 3 0x800053e6 (0x027150b3) x 1 0xffffffff
core   0: 0x800053ea (0x0177fc33) and     s8, a5, s7
core   0: 3 0x800053ea (0x0177fc33) x24 0x90008500
core   0: 0x800053ee (0x00008d09) c.sub   a0, a0
core   0: 3 0x800053ee (0x8d09) x10 0x00000000
core   0: 0x800053f0 (0x0ff54c13) xori    s8, a0, 255
core   0: 3 0x800053f0 (0x0ff54c13) x24 0x000000ff
core   0: 0x800053f4 (0x00008541) c.srai  a0, 16
core   0: 3 0x800053f4 (0x8541) x10 0x00000000
core   0: 0x800053f6 (0x0000816d) c.srli  a0, 27
core   0: 3 0x800053f6 (0x816d) x10 0x00000000
core   0: 0x800053f8 (0x01591793) slli    a5, s2, 21
core   0: 3 0x800053f8 (0x01591793) x15 0xf5e00000
core   0: 0x800053fc (0x1725c793) xori    a5, a1, 370
core   0: 3 0x800053fc (0x1725c793) x15 0x00000172
core   0: 0x80005400 (0x03e6ae33) mulhsu  t3, a3, t5
core   0: 3 0x80005400 (0x03e6ae33) x28 0x00000000
core   0: 0x80005404 (0x02394433) div     s0, s2, gp
core   0: 3 0x80005404 (0x02394433) x 8 0xfffffff7
core   0: 0x80005408 (0x12857d13) andi    s10, a0, 296
core   0: 3 0x80005408 (0x12857d13) x26 0x00000000
core   0: 0x8000540c (0x00119933) sll     s2, gp, ra
core   0: 3 0x8000540c (0x00119933) x18 0x00000000
core   0: 0x80005410 (0x000010fd) c.addi  ra, -1
core   0: 3 0x80005410 (0x10fd) x 1 0xfffffffe
core   0: 0x80005412 (0x012a1f93) slli    t6, s4, 18
core   0: 3 0x80005412 (0x012a1f93) x31 0x00000000
core   0: 0x80005416 (0xae853e13) sltiu   t3, a0, -1304
core   0: 3 0x80005416 (0xae853e13) x28 0x00000001
core   0: 0x8000541a (0x40f803b3) sub     t2, a6, a5
core   0: 3 0x8000541a (0x40f803b3) x 7 0xfffffe8e
core   0: 0x8000541e (0xedf4e913) ori     s2, s1, -289
core   0: 3 0x8000541e (0xedf4e913) x18 0xfffffedf
core   0: 0x80005422 (0x01255333) srl     t1, a0, s2
core   0: 3 0x80005422 (0x01255333) x 6 0x00000000
core   0: 0x80005426 (0x00008d69) c.and   a0, a0
core   0: 3 0x80005426 (0x8d69) x10 0x00000000
core   0: 0x80005428 (0x0327d2b3) divu    t0, a5, s2
core   0: 3 0x80005428 (0x0327d2b3) x 5 0x00000000
core   0: 0x8000542c (0x00000001) c.nop
core   0: 3 0x8000542c (0x0001)
core   0: 0x8000542e (0x000050fd) c.li    ra, -1
core   0: 3 0x8000542e (0x50fd) x 1 0xffffffff
core   0: 0x80005430 (0x00008cf1) c.and   s1, a2
core   0: 3 0x80005430 (0x8cf1) x 9 0x00004004
core   0: 0x80005432 (0x00008c21) c.xor   s0, s0
core   0: 3 0x80005432 (0x8c21) x 8 0x00000000
core   0: 0x80005434 (0x000083d6) c.mv    t2, s5
core   0: 3 0x80005434 (0x83d6) x 7 0x00000001
core   0: 0x80005436 (0xc18e7813) andi    a6, t3, -1000
core   0: 3 0x80005436 (0xc18e7813) x16 0x00000000
core   0: 0x8000543a (0x03928933) mul     s2, t0, s9
core   0: 3 0x8000543a (0x03928933) x18 0x00000000
core   0: 0x8000543e (0x03efac33) mulhsu  s8, t6, t5
core   0: 3 0x8000543e (0x03efac33) x24 0x00000000
core   0: 0x80005442 (0x00008d29) c.xor   a0, a0
core   0: 3 0x80005442 (0x8d29) x10 0x00000000
core   0: 0x80005444 (0x0308c033) div     zero, a7, a6
core   0: 3 0x80005444 (0x0308c033)
core   0: 0x80005448 (0x01c50a33) add     s4, a0, t3
core   0: 3 0x80005448 (0x01c50a33) x20 0x00000001
core   0: 0x8000544c (0x25dc2813) slti    a6, s8, 605
core   0: 3 0x8000544c (0x25dc2813) x16 0x00000001
core   0: 0x80005450 (0x0000022e) c.slli  tp, 11
core   0: 3 0x80005450 (0x022e) x 4 0x02830000
core   0: 0x80005452 (0x405e5033) sra     zero, t3, t0
core   0: 3 0x80005452 (0x405e5033)
core   0: 0x80005456 (0x00008059) c.srli  s0, 22
core   0: 3 0x80005456 (0x8059) x 8 0x00000000
core   0: 0x80005458 (0x007f7333) and     t1, t5, t2
core   0: 3 0x80005458 (0x007f7333) x 6 0x00000000
core   0: 0x8000545c (0x0156f0b3) and     ra, a3, s5
core   0: 3 0x8000545c (0x0156f0b3) x 1 0x00000000
core   0: 0x80005460 (0x0a53f637) lui     a2, 0xa53f
core   0: 3 0x80005460 (0x0a53f637) x12 0x0a53f000
core   0: 0x80005464 (0x0000982a) c.add   a6, a0
core   0: 3 0x80005464 (0x982a) x16 0x00000001
core   0: 0x80005466 (0x84444e93) xori    t4, s0, -1980
core   0: 3 0x80005466 (0x84444e93) x29 0xfffff844
core   0: 0x8000546a (0x41c3d6b3) sra     a3, t2, t3
core   0: 3 0x8000546a (0x41c3d6b3) x13 0x00000000
core   0: 0x8000546e (0x00008299) c.srli  a3, 6
core   0: 3 0x8000546e (0x8299) x13 0x00000000
core   0: 0x80005470 (0x00000001) c.nop
core   0: 3 0x80005470 (0x0001)
core   0: 0x80005472 (0x53463213) sltiu   tp, a2, 1332
core   0: 3 0x80005472 (0x53463213) x 4 0x00000000
core   0: 0x80005476 (0x23b40813) addi    a6, s0, 571
core   0: 3 0x80005476 (0x23b40813) x16 0x0000023b
core   0: 0x8000547a (0x00008dcd) c.or    a1, a1
core   0: 3 0x8000547a (0x8dcd) x11 0x00000000
core   0: 0x8000547c (0x0342ec33) rem     s8, t0, s4
core   0: 3 0x8000547c (0x0342ec33) x24 0x00000000
core   0: 0x80005480 (0x0131e033) or      zero, gp, s3
core   0: 3 0x80005480 (0x0131e033)
core   0: 0x80005484 (0x039c67b3) rem     a5, s8, s9
core   0: 3 0x80005484 (0x039c67b3) x15 0x00000000
core   0: 0x80005488 (0x0146f6b3) and     a3, a3, s4
core   0: 3 0x80005488 (0x0146f6b3) x13 0x00000000
core   0: 0x8000548c (0x00008d91) c.sub   a1, a2
core   0: 3 0x8000548c (0x8d91) x11 0xf5ac1000
core   0: 0x8000548e (0x01fc9313) slli    t1, s9, 31
core   0: 3 0x8000548e (0x01fc9313) x 6 0x80000000
core   0: 0x80005492 (0x85133d13) sltiu   s10, t1, -1967
core   0: 3 0x80005492 (0x85133d13) x26 0x00000001
core   0: 0x80005496 (0x000066a9) c.lui   a3, 0xa
core   0: 3 0x80005496 (0x66a9) x13 0x0000a000
core   0: 0x80005498 (0x012f1213) slli    tp, t5, 18
core   0: 3 0x80005498 (0x012f1213) x 4 0x00000000
core   0: 0x8000549c (0x000091be) c.add   gp, a5
core   0: 3 0x8000549c (0x91be) x 3 0xfffffe64
core   0: 0x8000549e (0x0e98f017) auipc   zero, 0xe98f
core   0: 3 0x8000549e (0x0e98f017)
core   0: 0x800054a2 (0x0338a6b3) mulhsu  a3, a7, s3
core   0: 3 0x800054a2 (0x0338a6b3) x13 0x00000000
core   0: 0x800054a6 (0x1826e413) ori     s0, a3, 386
core   0: 3 0x800054a6 (0x1826e413) x 8 0x00000182
core   0: 0x800054aa (0xab98bf13) sltiu   t5, a7, -1351
core   0: 3 0x800054aa (0xab98bf13) x30 0x00000001
core   0: 0x800054ae (0x00008ecd) c.or    a3, a1
core   0: 3 0x800054ae (0x8ecd) x13 0xf5ac1000
core   0: 0x800054b0 (0x00000979) c.addi  s2, 30
core   0: 3 0x800054b0 (0x0979) x18 0x0000001e
core   0: 0x800054b2 (0x01309e33) sll     t3, ra, s3
core   0: 3 0x800054b2 (0x01309e33) x28 0x00000000
core   0: 0x800054b6 (0x00008515) c.srai  a0, 5
core   0: 3 0x800054b6 (0x8515) x10 0x00000000
core   0: 0x800054b8 (0xf0977b93) andi    s7, a4, -247
core   0: 3 0x800054b8 (0xf0977b93) x23 0x8000fe00
core   0: 0x800054bc (0x020df3b3) remu    t2, s11, zero
core   0: 3 0x800054bc (0x020df3b3) x 7 0x80000000
core   0: 0x800054c0 (0x00008d6d) c.and   a0, a1
core   0: 3 0x800054c0 (0x8d6d) x10 0x00000000
core   0: 0x800054c2 (0x000002c6) c.slli  t0, 17
core   0: 3 0x800054c2 (0x02c6) x 5 0x00000000
core   0: 0x800054c4 (0x00006e79) c.lui   t3, 0x1e
core   0: 3 0x800054c4 (0x6e79) x28 0x0001e000
core   0: 0x800054c6 (0x00000001) c.nop
core   0: 3 0x800054c6 (0x0001)
core   0: 0x800054c8 (0x028502b3) mul     t0, a0, s0
core   0: 3 0x800054c8 (0x028502b3) x 5 0x00000000
core   0: 0x800054cc (0x03998bb3) mul     s7, s3, s9
core   0: 3 0x800054cc (0x03998bb3) x23 0x0001cfff
core   0: 0x800054d0 (0x036238b3) mulhu   a7, tp, s6
core   0: 3 0x800054d0 (0x036238b3) x17 0x00000000
core   0: 0x800054d4 (0x2a3835b7) lui     a1, 0x2a383
core   0: 3 0x800054d4 (0x2a3835b7) x11 0x2a383000
core   0: 0x800054d8 (0x027b7533) remu    a0, s6, t2
core   0: 3 0x800054d8 (0x027b7533) x10 0x0cc18102
core   0: 0x800054dc (0xb0e23593) sltiu   a1, tp, -1266
core   0: 3 0x800054dc (0xb0e23593) x11 0x00000001
core   0: 0x800054e0 (0x00008115) c.srli  a0, 5
core   0: 3 0x800054e0 (0x8115) x10 0x00660c08
core   0: 0x800054e2 (0x010319b3) sll     s3, t1, a6
core   0: 3 0x800054e2 (0x010319b3) x19 0x00000000
core   0: 0x800054e6 (0x00008eea) c.mv    t4, s10
core   0: 3 0x800054e6 (0x8eea) x29 0x00000001
core   0: 0x800054e8 (0x012d03b3) add     t2, s10, s2
core   0: 3 0x800054e8 (0x012d03b3) x 7 0x0000001f
core   0: 0x800054ec (0x00009afd) c.andi  a3, -1
core   0: 3 0x800054ec (0x9afd) x13 0xf5ac1000
core   0: 0x800054ee (0x00009a7d) c.andi  a2, -1
core   0: 3 0x800054ee (0x9a7d) x12 0x0a53f000
core   0: 0x800054f0 (0x00008e25) c.xor   a2, s1
core   0: 3 0x800054f0 (0x8e25) x12 0x0a53b004
core   0: 0x800054f2 (0x00001b7d) c.addi  s6, -1
core   0: 3 0x800054f2 (0x1b7d) x22 0x8cc18101
core   0: 0x800054f4 (0x000088b5) c.andi  s1, 13
core   0: 3 0x800054f4 (0x88b5) x 9 0x00000004
core   0: 0x800054f6 (0x40edd313) srai    t1, s11, 14
core   0: 3 0x800054f6 (0x40edd313) x 6 0xfffe0000
core   0: 0x800054fa (0x00e6c033) xor     zero, a3, a4
core   0: 3 0x800054fa (0x00e6c033)
core   0: 0x800054fe (0x03014333) div     t1, sp, a6
core   0: 3 0x800054fe (0x03014333) x 6 0xffc69d7a
core   0: 0x80005502 (0x030b4bb3) div     s7, s6, a6
core   0: 3 0x80005502 (0x030b4bb3) x23 0xffcc54f7
core   0: 0x80005506 (0x03e0ec33) rem     s8, ra, t5
core   0: 3 0x80005506 (0x03e0ec33) x24 0x00000000
core   0: 0x8000550a (0x00008fc9) c.or    a5, a0
core   0: 3 0x8000550a (0x8fc9) x15 0x00660c08
core   0: 0x8000550c (0x027becb3) rem     s9, s7, t2
core   0: 3 0x8000550c (0x027becb3) x25 0xffffffea
core   0: 0x80005510 (0x02f1beb3) mulhu   t4, gp, a5
core   0: 3 0x80005510 (0x02f1beb3) x29 0x00660c07
core   0: 0x80005514 (0x00ecc833) xor     a6, s9, a4
core   0: 3 0x80005514 (0x00ecc833) x16 0x7fff018e
core   0: 0x80005518 (0x0105d6b3) srl     a3, a1, a6
core   0: 3 0x80005518 (0x0105d6b3) x13 0x00000000
core   0: 0x8000551c (0x006257b3) srl     a5, tp, t1
core   0: 3 0x8000551c (0x006257b3) x15 0x00000000
core   0: 0x80005520 (0x00ed5893) srli    a7, s10, 14
core   0: 3 0x80005520 (0x00ed5893) x17 0x00000000
core   0: 0x80005524 (0x002ccf33) xor     t5, s9, sp
core   0: 3 0x80005524 (0x002ccf33) x30 0x7ffec30e
core   0: 0x80005528 (0x867b4013) xori    zero, s6, -1945
core   0: 3 0x80005528 (0x867b4013)
core   0: 0x8000552c (0x402e5513) srai    a0, t3, 2
core   0: 3 0x8000552c (0x402e5513) x10 0x00007800
core   0: 0x80005530 (0x00a9ca33) xor     s4, s3, a0
core   0: 3 0x80005530 (0x00a9ca33) x20 0x00007800
core   0: 0x80005534 (0x02ff65b3) rem     a1, t5, a5
core   0: 3 0x80005534 (0x02ff65b3) x11 0x7ffec30e
core   0: 0x80005538 (0x00008ded) c.and   a1, a1
core   0: 3 0x80005538 (0x8ded) x11 0x7ffec30e
core   0: 0x8000553a (0x00008299) c.srli  a3, 6
core   0: 3 0x8000553a (0x8299) x13 0x00000000
core   0: 0x8000553c (0x0185a033) slt     zero, a1, s8
core   0: 3 0x8000553c (0x0185a033)
core   0: 0x80005540 (0x3ea1c393) xori    t2, gp, 1002
core   0: 3 0x80005540 (0x3ea1c393) x 7 0xfffffd8e
core   0: 0x80005544 (0x41d4d0b3) sra     ra, s1, t4
core   0: 3 0x80005544 (0x41d4d0b3) x 1 0x00000000
core   0: 0x80005548 (0x00a17bb3) and     s7, sp, a0
core   0: 3 0x80005548 (0x00a17bb3) x23 0x00003800
core   0: 0x8000554c (0x00000bc2) c.slli  s7, 16
core   0: 3 0x8000554c (0x0bc2) x23 0x38000000
core   0: 0x8000554e (0x03e883b3) mul     t2, a7, t5
core   0: 3 0x8000554e (0x03e883b3) x 7 0x00000000
core   0: 0x80005552 (0x16a2ff97) auipc   t6, 0x16a2f
core   0: 3 0x80005552 (0x16a2ff97) x31 0x96a34552
core   0: 0x80005556 (0x0000057a) c.slli  a0, 30
core   0: 3 0x80005556 (0x057a) x10 0x00000000
core   0: 0x80005558 (0x00bd63b3) or      t2, s10, a1
core   0: 3 0x80005558 (0x00bd63b3) x 7 0x7ffec30f
core   0: 0x8000555c (0xfe3a4893) xori    a7, s4, -29
core   0: 3 0x8000555c (0xfe3a4893) x17 0xffff87e3
core   0: 0x80005560 (0x00000001) c.nop
core   0: 3 0x80005560 (0x0001)
core   0: 0x80005562 (0x6235e593) ori     a1, a1, 1571
core   0: 3 0x80005562 (0x6235e593) x11 0x7ffec72f
core   0: 0x80005566 (0x03829e33) mulh    t3, t0, s8
core   0: 3 0x80005566 (0x03829e33) x28 0x00000000
core   0: 0x8000556a (0x033f8033) mul     zero, t6, s3
core   0: 3 0x8000556a (0x033f8033)
core   0: 0x8000556e (0x03f2c833) div     a6, t0, t6
core   0: 3 0x8000556e (0x03f2c833) x16 0x00000000
core   0: 0x80005572 (0x00008d19) c.sub   a0, a4
core   0: 3 0x80005572 (0x8d19) x10 0x7fff019c
core   0: 0x80005574 (0x00000001) c.nop
core   0: 3 0x80005574 (0x0001)
core   0: 0x80005576 (0xdd4f6313) ori     t1, t5, -556
core   0: 3 0x80005576 (0xdd4f6313) x 6 0xffffffde
core   0: 0x8000557a (0x00006d2d) c.lui   s10, 0xb
core   0: 3 0x8000557a (0x6d2d) x26 0x0000b000
core   0: 0x8000557c (0x035569b3) rem     s3, a0, s5
core   0: 3 0x8000557c (0x035569b3) x19 0x00000000
core   0: 0x80005580 (0x0044fe33) and     t3, s1, tp
core   0: 3 0x80005580 (0x0044fe33) x28 0x00000000
core   0: 0x80005584 (0x03afc533) div     a0, t6, s10
core   0: 3 0x80005584 (0x03afc533) x10 0xffff66bf
core   0: 0x80005588 (0x00008ee5) c.and   a3, s1
core   0: 3 0x80005588 (0x8ee5) x13 0x00000000
core   0: 0x8000558a (0x000008c2) c.slli  a7, 16
core   0: 3 0x8000558a (0x08c2) x17 0x87e30000
core   0: 0x8000558c (0x0000990a) c.add   s2, sp
core   0: 3 0x8000558c (0x990a) x18 0x80013d02
core   0: 0x8000558e (0x00281eb3) sll     t4, a6, sp
core   0: 3 0x8000558e (0x00281eb3) x29 0x00000000
core   0: 0x80005592 (0x4174f2b7) lui     t0, 0x4174f
core   0: 3 0x80005592 (0x4174f2b7) x 5 0x4174f000
core   0: 0x80005596 (0x6a6b8413) addi    s0, s7, 1702
core   0: 3 0x80005596 (0x6a6b8413) x 8 0x380006a6
core   0: 0x8000559a (0x00c03bb3) snez    s7, a2
core   0: 3 0x8000559a (0x00c03bb3) x23 0x00000001
core   0: 0x8000559e (0x00565e93) srli    t4, a2, 5
core   0: 3 0x8000559e (0x00565e93) x29 0x00529d80
core   0: 0x800055a2 (0x00000bb9) c.addi  s7, 14
core   0: 3 0x800055a2 (0x0bb9) x23 0x0000000f
core   0: 0x800055a4 (0x41e785b3) sub     a1, a5, t5
core   0: 3 0x800055a4 (0x41e785b3) x11 0x80013cf2
core   0: 0x800055a8 (0x009ad2b3) srl     t0, s5, s1
core   0: 3 0x800055a8 (0x009ad2b3) x 5 0x00000000
core   0: 0x800055ac (0x00008ee5) c.and   a3, s1
core   0: 3 0x800055ac (0x8ee5) x13 0x00000000
core   0: 0x800055ae (0x00008389) c.srli  a5, 2
core   0: 3 0x800055ae (0x8389) x15 0x00000000
core   0: 0x800055b0 (0x000082a9) c.srli  a3, 10
core   0: 3 0x800055b0 (0x82a9) x13 0x00000000
core   0: 0x800055b2 (0x001f4333) xor     t1, t5, ra
core   0: 3 0x800055b2 (0x001f4333) x 6 0x7ffec30e
core   0: 0x800055b6 (0x40020333) sub     t1, tp, zero
core   0: 3 0x800055b6 (0x40020333) x 6 0x00000000
core   0: 0x800055ba (0x01f737b3) sltu    a5, a4, t6
core   0: 3 0x800055ba (0x01f737b3) x15 0x00000001
core   0: 0x800055be (0x00005afd) c.li    s5, -1
core   0: 3 0x800055be (0x5afd) x21 0xffffffff
core   0: 0x800055c0 (0x0296c5b3) div     a1, a3, s1
core   0: 3 0x800055c0 (0x0296c5b3) x11 0x00000000
core   0: 0x800055c4 (0x00008ef9) c.and   a3, a4
core   0: 3 0x800055c4 (0x8ef9) x13 0x00000000
core   0: 0x800055c6 (0x00009bfd) c.andi  a5, -1
core   0: 3 0x800055c6 (0x9bfd) x15 0x00000001
core   0: 0x800055c8 (0x028f8cb3) mul     s9, t6, s0
core   0: 3 0x800055c8 (0x028f8cb3) x25 0x717edf2c
core   0: 0x800055cc (0x417fde33) sra     t3, t6, s7
core   0: 3 0x800055cc (0x417fde33) x28 0xffff2d46
core   0: 0x800055d0 (0x0000051e) c.slli  a0, 7
core   0: 3 0x800055d0 (0x051e) x10 0xffb35f80
core   0: 0x800055d2 (0x00008785) c.srai  a5, 1
core   0: 3 0x800055d2 (0x8785) x15 0x00000000
core   0: 0x800055d4 (0x00008675) c.srai  a2, 29
core   0: 3 0x800055d4 (0x8675) x12 0x00000000
core   0: 0x800055d6 (0x0382c033) div     zero, t0, s8
core   0: 3 0x800055d6 (0x0382c033)
core   0: 0x800055da (0x003fcfb3) xor     t6, t6, gp
core   0: 3 0x800055da (0x003fcfb3) x31 0x695cbb36
core   0: 0x800055de (0x6b1a1bb7) lui     s7, 0x6b1a1
core   0: 3 0x800055de (0x6b1a1bb7) x23 0x6b1a1000
core   0: 0x800055e2 (0x02e3c3b3) div     t2, t2, a4
core   0: 3 0x800055e2 (0x02e3c3b3) x 7 0x00000000
core   0: 0x800055e6 (0x00000001) c.nop
core   0: 3 0x800055e6 (0x0001)
core   0: 0x800055e8 (0x02fda633) mulhsu  a2, s11, a5
core   0: 3 0x800055e8 (0x02fda633) x12 0x00000000
core   0: 0x800055ec (0x00008d65) c.and   a0, s1
core   0: 3 0x800055ec (0x8d65) x10 0x00000000
core   0: 0x800055ee (0x00001d7d) c.addi  s10, -1
core   0: 3 0x800055ee (0x1d7d) x26 0x0000afff
core   0: 0x800055f0 (0x03fb2233) mulhsu  tp, s6, t6
core   0: 3 0x800055f0 (0x03fb2233) x 4 0xd0919f2c
core   0: 0x800055f4 (0x035a05b3) mul     a1, s4, s5
core   0: 3 0x800055f4 (0x035a05b3) x11 0xffff8800
core   0: 0x800055f8 (0x0000861a) c.mv    a2, t1
core   0: 3 0x800055f8 (0x861a) x12 0x00000000
core   0: 0x800055fa (0x417ed193) srai    gp, t4, 23
core   0: 3 0x800055fa (0x417ed193) x 3 0x00000000
core   0: 0x800055fe (0x00a647b3) xor     a5, a2, a0
core   0: 3 0x800055fe (0x00a647b3) x15 0x00000000
core   0: 0x80005602 (0x00ddd213) srli    tp, s11, 13
core   0: 3 0x80005602 (0x00ddd213) x 4 0x00040000
core   0: 0x80005606 (0x032daf33) mulhsu  t5, s11, s2
core   0: 3 0x80005606 (0x032daf33) x30 0xbfff617f
core   0: 0x8000560a (0x02f67333) remu    t1, a2, a5
core   0: 3 0x8000560a (0x02f67333) x 6 0x00000000
core   0: 0x8000560e (0x00f65d33) srl     s10, a2, a5
core   0: 3 0x8000560e (0x00f65d33) x26 0x00000000
core   0: 0x80005612 (0x80b06013) ori     zero, zero, -2037
core   0: 3 0x80005612 (0x80b06013)
core   0: 0x80005616 (0x41b6d613) srai    a2, a3, 27
core   0: 3 0x80005616 (0x41b6d613) x12 0x00000000
core   0: 0x8000561a (0x00000001) c.nop
core   0: 3 0x8000561a (0x0001)
core   0: 0x8000561c (0x000016fd) c.addi  a3, -1
core   0: 3 0x8000561c (0x16fd) x13 0xffffffff
core   0: 0x8000561e (0x02b820b3) mulhsu  ra, a6, a1
core   0: 3 0x8000561e (0x02b820b3) x 1 0x00000000
core   0: 0x80005622 (0x000047e1) c.li    a5, 24
core   0: 3 0x80005622 (0x47e1) x15 0x00000018
core   0: 0x80005624 (0x03c8d833) divu    a6, a7, t3
core   0: 3 0x80005624 (0x03c8d833) x16 0x00000000
core   0: 0x80005628 (0x03481c33) mulh    s8, a6, s4
core   0: 3 0x80005628 (0x03481c33) x24 0x00000000
core   0: 0x8000562c (0x00dcbab3) sltu    s5, s9, a3
core   0: 3 0x8000562c (0x00dcbab3) x21 0x00000001
core   0: 0x80005630 (0xffd9fb93) andi    s7, s3, -3
core   0: 3 0x80005630 (0xffd9fb93) x23 0x00000000
core   0: 0x80005634 (0x1a1442b7) lui     t0, 0x1a144
core   0: 3 0x80005634 (0x1a1442b7) x 5 0x1a144000
core   0: 0x80005638 (0x00008fb1) c.xor   a5, a2
core   0: 3 0x80005638 (0x8fb1) x15 0x00000018
core   0: 0x8000563a (0x01224633) xor     a2, tp, s2
core   0: 3 0x8000563a (0x01224633) x12 0x80053d02
core   0: 0x8000563e (0x0172bf33) sltu    t5, t0, s7
core   0: 3 0x8000563e (0x0172bf33) x30 0x00000000
core   0: 0x80005642 (0x038b0333) mul     t1, s6, s8
core   0: 3 0x80005642 (0x038b0333) x 6 0x00000000
core   0: 0x80005646 (0x00cd44b3) xor     s1, s10, a2
core   0: 3 0x80005646 (0x00cd44b3) x 9 0x80053d02
core   0: 0x8000564a (0x000046b9) c.li    a3, 14
core   0: 3 0x8000564a (0x46b9) x13 0x0000000e
core   0: 0x8000564c (0x00008d8d) c.sub   a1, a1
core   0: 3 0x8000564c (0x8d8d) x11 0x00000000
core   0: 0x8000564e (0x00008d9d) c.sub   a1, a5
core   0: 3 0x8000564e (0x8d9d) x11 0xffffffe8
core   0: 0x80005650 (0x09f5bc17) auipc   s8, 0x9f5b
core   0: 3 0x80005650 (0x09f5bc17) x24 0x89f60650
core   0: 0x80005654 (0x025697b3) mulh    a5, a3, t0
core   0: 3 0x80005654 (0x025697b3) x15 0x00000001
core   0: 0x80005658 (0x00000b4e) c.slli  s6, 19
core   0: 3 0x80005658 (0x0b4e) x22 0x08080000
core   0: 0x8000565a (0x015f3eb3) sltu    t4, t5, s5
core   0: 3 0x8000565a (0x015f3eb3) x29 0x00000001
core   0: 0x8000565e (0x000080f9) c.srli  s1, 30
core   0: 3 0x8000565e (0x80f9) x 9 0x00000002
core   0: 0x80005660 (0x01d39993) slli    s3, t2, 29
core   0: 3 0x80005660 (0x01d39993) x19 0x00000000
core   0: 0x80005664 (0x1736bd13) sltiu   s10, a3, 371
core   0: 3 0x80005664 (0x1736bd13) x26 0x00000001
core   0: 0x80005668 (0x0000843d) c.srai  s0, 15
core   0: 3 0x80005668 (0x843d) x 8 0x00007000
core   0: 0x8000566a (0x037fa2b3) mulhsu  t0, t6, s7
core   0: 3 0x8000566a (0x037fa2b3) x 5 0x00000000
core   0: 0x8000566e (0x00008019) c.srli  s0, 6
core   0: 3 0x8000566e (0x8019) x 8 0x000001c0
core   0: 0x80005670 (0x00008c11) c.sub   s0, a2
core   0: 3 0x80005670 (0x8c11) x 8 0x7ffac4be
core   0: 0x80005672 (0x006093b3) sll     t2, ra, t1
core   0: 3 0x80005672 (0x006093b3) x 7 0x00000000
core   0: 0x80005676 (0x00000001) c.nop
core   0: 3 0x80005676 (0x0001)
core   0: 0x80005678 (0x00008bf9) c.andi  a5, 30
core   0: 3 0x80005678 (0x8bf9) x15 0x00000000
core   0: 0x8000567a (0x01050f33) add     t5, a0, a6
core   0: 3 0x8000567a (0x01050f33) x30 0x00000000
core   0: 0x8000567e (0x0000021e) c.slli  tp, 7
core   0: 3 0x8000567e (0x021e) x 4 0x02000000
core   0: 0x80005680 (0x172dfd13) andi    s10, s11, 370
core   0: 3 0x80005680 (0x172dfd13) x26 0x00000000
core   0: 0x80005684 (0x00008c29) c.xor   s0, a0
core   0: 3 0x80005684 (0x8c29) x 8 0x7ffac4be
core   0: 0x80005686 (0x00008e3d) c.xor   a2, a5
core   0: 3 0x80005686 (0x8e3d) x12 0x80053d02
core   0: 0x80005688 (0x00009a7d) c.andi  a2, -1
core   0: 3 0x80005688 (0x9a7d) x12 0x80053d02
core   0: 0x8000568a (0x00000001) c.nop
core   0: 3 0x8000568a (0x0001)
core   0: 0x8000568c (0x0273e4b3) rem     s1, t2, t2
core   0: 3 0x8000568c (0x0273e4b3) x 9 0x00000000
core   0: 0x80005690 (0x02287933) remu    s2, a6, sp
core   0: 3 0x80005690 (0x02287933) x18 0x00000000
core   0: 0x80005694 (0x00ad1e33) sll     t3, s10, a0
core   0: 3 0x80005694 (0x00ad1e33) x28 0x00000000
core   0: 0x80005698 (0x41b90bb3) sub     s7, s2, s11
core   0: 3 0x80005698 (0x41b90bb3) x23 0x80000000
core   0: 0x8000569c (0x3ab52513) slti    a0, a0, 939
core   0: 3 0x8000569c (0x3ab52513) x10 0x00000001
core   0: 0x800056a0 (0x0215e433) rem     s0, a1, ra
core   0: 3 0x800056a0 (0x0215e433) x 8 0xffffffe8
core   0: 0x800056a4 (0x00008ff9) c.and   a5, a4
core   0: 3 0x800056a4 (0x8ff9) x15 0x00000000
core   0: 0x800056a6 (0x00008c69) c.and   s0, a0
core   0: 3 0x800056a6 (0x8c69) x 8 0x00000000
core   0: 0x800056a8 (0x40785d13) srai    s10, a6, 7
core   0: 3 0x800056a8 (0x40785d13) x26 0x00000000
core   0: 0x800056ac (0x4121d333) sra     t1, gp, s2
core   0: 3 0x800056ac (0x4121d333) x 6 0x00000000
core   0: 0x800056b0 (0xca8fa193) slti    gp, t6, -856
core   0: 3 0x800056b0 (0xca8fa193) x 3 0x00000000
core   0: 0x800056b4 (0x41b85f33) sra     t5, a6, s11
core   0: 3 0x800056b4 (0x41b85f33) x30 0x00000000
core   0: 0x800056b8 (0x00008ce5) c.and   s1, s1
core   0: 3 0x800056b8 (0x8ce5) x 9 0x00000000
core   0: 0x800056ba (0x00008806) c.mv    a6, ra
core   0: 3 0x800056ba (0x8806) x16 0x00000000
core   0: 0x800056bc (0x00000001) c.nop
core   0: 3 0x800056bc (0x0001)
core   0: 0x800056be (0x00008c99) c.sub   s1, a4
core   0: 3 0x800056be (0x8c99) x 9 0x7fff019c
core   0: 0x800056c0 (0x0322c813) xori    a6, t0, 50
core   0: 3 0x800056c0 (0x0322c813) x16 0x00000032
core   0: 0x800056c4 (0x011ee1b3) or      gp, t4, a7
core   0: 3 0x800056c4 (0x011ee1b3) x 3 0x87e30001
core   0: 0x800056c8 (0x0145c0b3) xor     ra, a1, s4
core   0: 3 0x800056c8 (0x0145c0b3) x 1 0xffff87e8
core   0: 0x800056cc (0xb9903b13) sltiu   s6, zero, -1127
core   0: 3 0x800056cc (0xb9903b13) x22 0x00000001
core   0: 0x800056d0 (0x005c15b3) sll     a1, s8, t0
core   0: 3 0x800056d0 (0x005c15b3) x11 0x89f60650
core   0: 0x800056d4 (0x00008c31) c.xor   s0, a2
core   0: 3 0x800056d4 (0x8c31) x 8 0x80053d02
core   0: 0x800056d6 (0x02887cb3) remu    s9, a6, s0
core   0: 3 0x800056d6 (0x02887cb3) x25 0x00000032
core   0: 0x800056da (0x412c5993) srai    s3, s8, 18
core   0: 3 0x800056da (0x412c5993) x19 0xffffe27d
core   0: 0x800056de (0x00008372) c.mv    t1, t3
core   0: 3 0x800056de (0x8372) x 6 0x00000000
core   0: 0x800056e0 (0x40b8dab3) sra     s5, a7, a1
core   0: 3 0x800056e0 (0x40b8dab3) x21 0xffff87e3
core   0: 0x800056e4 (0xcb162c93) slti    s9, a2, -847
core   0: 3 0x800056e4 (0xcb162c93) x25 0x00000001
core   0: 0x800056e8 (0x03edc5b3) div     a1, s11, t5
core   0: 3 0x800056e8 (0x03edc5b3) x11 0xffffffff
core   0: 0x800056ec (0x01d94033) xor     zero, s2, t4
core   0: 3 0x800056ec (0x01d94033)
core   0: 0x800056f0 (0x00000bb5) c.addi  s7, 13
core   0: 3 0x800056f0 (0x0bb5) x23 0x8000000d
core   0: 0x800056f2 (0x00000486) c.slli  s1, 1
core   0: 3 0x800056f2 (0x0486) x 9 0xfffe0338
core   0: 0x800056f4 (0x00008de9) c.and   a1, a0
core   0: 3 0x800056f4 (0x8de9) x11 0x00000001
core   0: 0x800056f6 (0x00008c75) c.and   s0, a3
core   0: 3 0x800056f6 (0x8c75) x 8 0x00000002
core   0: 0x800056f8 (0x00000001) c.nop
core   0: 3 0x800056f8 (0x0001)
core   0: 0x800056fa (0x02f448b3) div     a7, s0, a5
core   0: 3 0x800056fa (0x02f448b3) x17 0xffffffff
core   0: 0x800056fe (0x0246f533) remu    a0, a3, tp
core   0: 3 0x800056fe (0x0246f533) x10 0x0000000e
core   0: 0x80005702 (0x02bb0633) mul     a2, s6, a1
core   0: 3 0x80005702 (0x02bb0633) x12 0x00000001
core   0: 0x80005706 (0x02ddc6b3) div     a3, s11, a3
core   0: 3 0x80005706 (0x02ddc6b3) x13 0xf6db6db7
core   0: 0x8000570a (0x000099da) c.add   s3, s6
core   0: 3 0x8000570a (0x99da) x19 0xffffe27e
core   0: 0x8000570c (0x000080a9) c.srli  s1, 10
core   0: 3 0x8000570c (0x80a9) x 9 0x003fff80
core   0: 0x8000570e (0x54bede37) lui     t3, 0x54bed
core   0: 3 0x8000570e (0x54bede37) x28 0x54bed000
core   0: 0x80005712 (0x02ba1b33) mulh    s6, s4, a1
core   0: 3 0x80005712 (0x02ba1b33) x22 0x00000000
core   0: 0x80005716 (0x4fd4f093) andi    ra, s1, 1277
core   0: 3 0x80005716 (0x4fd4f093) x 1 0x00000480
core   0: 0x8000571a (0x00000f72) c.slli  t5, 28
core   0: 3 0x8000571a (0x0f72) x30 0x00000000
core   0: 0x8000571c (0x41ca0833) sub     a6, s4, t3
core   0: 3 0x8000571c (0x41ca0833) x16 0xab41a800
core   0: 0x80005720 (0x020ab433) mulhu   s0, s5, zero
core   0: 3 0x80005720 (0x020ab433) x 8 0x00000000
core   0: 0x80005724 (0x00000001) c.nop
core   0: 3 0x80005724 (0x0001)
core   0: 0x80005726 (0x03cab333) mulhu   t1, s5, t3
core   0: 3 0x80005726 (0x03cab333) x 6 0x54bea83c
core   0: 0x8000572a (0x02856233) rem     tp, a0, s0
core   0: 3 0x8000572a (0x02856233) x 4 0x0000000e
core   0: 0x8000572e (0xb0aac993) xori    s3, s5, -1270
core   0: 3 0x8000572e (0xb0aac993) x19 0x00007ce9
core   0: 0x80005732 (0x03a545b3) div     a1, a0, s10
core   0: 3 0x80005732 (0x03a545b3) x11 0xffffffff
core   0: 0x80005736 (0x0317b5b3) mulhu   a1, a5, a7
core   0: 3 0x80005736 (0x0317b5b3) x11 0x00000000
core   0: 0x8000573a (0x018c8e33) add     t3, s9, s8
core   0: 3 0x8000573a (0x018c8e33) x28 0x89f60651
core   0: 0x8000573e (0x41400d33) sub     s10, zero, s4
core   0: 3 0x8000573e (0x41400d33) x26 0xffff8800
core   0: 0x80005742 (0x000096a6) c.add   a3, s1
core   0: 3 0x80005742 (0x96a6) x13 0xf71b6d37
core   0: 0x80005744 (0x70365037) lui     zero, 0x70365
core   0: 3 0x80005744 (0x70365037)
core   0: 0x80005748 (0x00009926) c.add   s2, s1
core   0: 3 0x80005748 (0x9926) x18 0x003fff80
core   0: 0x8000574a (0x01f74f33) xor     t5, a4, t6
core   0: 3 0x8000574a (0x01f74f33) x30 0xe95c4552
core   0: 0x8000574e (0x00008e21) c.xor   a2, s0
core   0: 3 0x8000574e (0x8e21) x12 0x00000001
core   0: 0x80005750 (0x14a9a993) slti    s3, s3, 330
core   0: 3 0x80005750 (0x14a9a993) x19 0x00000000
core   0: 0x80005754 (0x00008c25) c.xor   s0, s1
core   0: 3 0x80005754 (0x8c25) x 8 0x003fff80
core   0: 0x80005756 (0x0365d433) divu    s0, a1, s6
core   0: 3 0x80005756 (0x0365d433) x 8 0xffffffff
core   0: 0x8000575a (0x00b51e93) slli    t4, a0, 11
core   0: 3 0x8000575a (0x00b51e93) x29 0x00007000
core   0: 0x8000575e (0x40455e93) srai    t4, a0, 4
core   0: 3 0x8000575e (0x40455e93) x29 0x00000000
core   0: 0x80005762 (0x410dd793) srai    a5, s11, 16
core   0: 3 0x80005762 (0x410dd793) x15 0xffff8000
core   0: 0x80005766 (0x00008fe1) c.and   a5, s0
core   0: 3 0x80005766 (0x8fe1) x15 0xffff8000
core   0: 0x80005768 (0xd95afb13) andi    s6, s5, -619
core   0: 3 0x80005768 (0xd95afb13) x22 0xffff8581
core   0: 0x8000576c (0x0000823d) c.srli  a2, 15
core   0: 3 0x8000576c (0x823d) x12 0x00000000
core   0: 0x8000576e (0x03bb6fb3) rem     t6, s6, s11
core   0: 3 0x8000576e (0x03bb6fb3) x31 0xffff8581
core   0: 0x80005772 (0x02f1b233) mulhu   tp, gp, a5
core   0: 3 0x80005772 (0x02f1b233) x 4 0x87e2bc0f
core   0: 0x80005776 (0x00c11e13) slli    t3, sp, 12
core   0: 3 0x80005776 (0x00c11e13) x28 0x13ce4000
core   0: 0x8000577a (0x2a483513) sltiu   a0, a6, 676
core   0: 3 0x8000577a (0x2a483513) x10 0x00000000
core   0: 0x8000577e (0x00c5aeb3) slt     t4, a1, a2
core   0: 3 0x8000577e (0x00c5aeb3) x29 0x00000000
core   0: 0x80005782 (0x02424e33) div     t3, tp, tp
core   0: 3 0x80005782 (0x02424e33) x28 0x00000001
core   0: 0x80005786 (0x03687d33) remu    s10, a6, s6
core   0: 3 0x80005786 (0x03687d33) x26 0xab41a800
core   0: 0x8000578a (0x00000001) c.nop
core   0: 3 0x8000578a (0x0001)
core   0: 0x8000578c (0x022ec033) div     zero, t4, sp
core   0: 3 0x8000578c (0x022ec033)
core   0: 0x80005790 (0x01ff63b3) or      t2, t5, t6
core   0: 3 0x80005790 (0x01ff63b3) x 7 0xffffc5d3
core   0: 0x80005794 (0x00008db1) c.xor   a1, a2
core   0: 3 0x80005794 (0x8db1) x11 0x00000000
core   0: 0x80005796 (0xa1e7c893) xori    a7, a5, -1506
core   0: 3 0x80005796 (0xa1e7c893) x17 0x00007a1e
core   0: 0x8000579a (0x010a8a33) add     s4, s5, a6
core   0: 3 0x8000579a (0x010a8a33) x20 0xab412fe3
core   0: 0x8000579e (0xc41ca797) auipc   a5, 0xc41ca
core   0: 3 0x8000579e (0xc41ca797) x15 0x441cf79e
core   0: 0x800057a2 (0x000091aa) c.add   gp, a0
core   0: 3 0x800057a2 (0x91aa) x 3 0x87e30001
core   0: 0x800057a4 (0x00008c61) c.and   s0, s0
core   0: 3 0x800057a4 (0x8c61) x 8 0xffffffff
core   0: 0x800057a6 (0x01bd9913) slli    s2, s11, 27
core   0: 3 0x800057a6 (0x01bd9913) x18 0x00000000
core   0: 0x800057aa (0x28217c93) andi    s9, sp, 642
core   0: 3 0x800057aa (0x28217c93) x25 0x00000080
core   0: 0x800057ae (0x000098fd) c.andi  s1, -1
core   0: 3 0x800057ae (0x98fd) x 9 0x003fff80
core   0: 0x800057b0 (0x007719b3) sll     s3, a4, t2
core   0: 3 0x800057b0 (0x007719b3) x19 0xf3200000
core   0: 0x800057b4 (0x5cd6e293) ori     t0, a3, 1485
core   0: 3 0x800057b4 (0x5cd6e293) x 5 0xf71b6dff
core   0: 0x800057b8 (0x000093fa) c.add   t2, t5
core   0: 3 0x800057b8 (0x93fa) x 7 0xe95c0b25
core   0: 0x800057ba (0x003e5b33) srl     s6, t3, gp
core   0: 3 0x800057ba (0x003e5b33) x22 0x00000000
core   0: 0x800057be (0x5ffbcab7) lui     s5, 0x5ffbc
core   0: 3 0x800057be (0x5ffbcab7) x21 0x5ffbc000
core   0: 0x800057c2 (0x00008045) c.srli  s0, 17
core   0: 3 0x800057c2 (0x8045) x 8 0x00007fff
core   0: 0x800057c4 (0x00008df1) c.and   a1, a2
core   0: 3 0x800057c4 (0x8df1) x11 0x00000000
core   0: 0x800057c6 (0x03b4cc33) div     s8, s1, s11
core   0: 3 0x800057c6 (0x03b4cc33) x24 0x00000000
core   0: 0x800057ca (0x00008d49) c.or    a0, a0
core   0: 3 0x800057ca (0x8d49) x10 0x00000000
core   0: 0x800057cc (0x403b5933) sra     s2, s6, gp
core   0: 3 0x800057cc (0x403b5933) x18 0x00000000
core   0: 0x800057d0 (0xbdf3a037) lui     zero, 0xbdf3a
core   0: 3 0x800057d0 (0xbdf3a037)
core   0: 0x800057d4 (0x02797d33) remu    s10, s2, t2
core   0: 3 0x800057d4 (0x02797d33) x26 0x00000000
core   0: 0x800057d8 (0x0919bc93) sltiu   s9, s3, 145
core   0: 3 0x800057d8 (0x0919bc93) x25 0x00000000
core   0: 0x800057dc (0x03bf7033) remu    zero, t5, s11
core   0: 3 0x800057dc (0x03bf7033)
core   0: 0x800057e0 (0x014b9213) slli    tp, s7, 20
core   0: 3 0x800057e0 (0x014b9213) x 4 0x00d00000
core   0: 0x800057e4 (0x02e876b3) remu    a3, a6, a4
core   0: 3 0x800057e4 (0x02e876b3) x13 0x2b40a99c
core   0: 0x800057e8 (0x00008d6a) c.mv    s10, s10
core   0: 3 0x800057e8 (0x8d6a) x26 0x00000000
core   0: 0x800057ea (0x00008e89) c.sub   a3, a0
core   0: 3 0x800057ea (0x8e89) x13 0x2b40a99c
core   0: 0x800057ec (0x9bd50c93) addi    s9, a0, -1603
core   0: 3 0x800057ec (0x9bd50c93) x25 0xfffff9bd
core   0: 0x800057f0 (0x0295af33) mulhsu  t5, a1, s1
core   0: 3 0x800057f0 (0x0295af33) x30 0x00000000
core   0: 0x800057f4 (0x00008c5d) c.or    s0, a5
core   0: 3 0x800057f4 (0x8c5d) x 8 0x441cffff
core   0: 0x800057f6 (0x40e65693) srai    a3, a2, 14
core   0: 3 0x800057f6 (0x40e65693) x13 0x00000000
core   0: 0x800057fa (0xb5e26793) ori     a5, tp, -1186
core   0: 3 0x800057fa (0xb5e26793) x15 0xfffffb5e
core   0: 0x800057fe (0x3da4c513) xori    a0, s1, 986
core   0: 3 0x800057fe (0x3da4c513) x10 0x003ffc5a
core   0: 0x80005802 (0x6667e693) ori     a3, a5, 1638
core   0: 3 0x80005802 (0x6667e693) x13 0xffffff7e
core   0: 0x80005806 (0x0158bcb3) sltu    s9, a7, s5
core   0: 3 0x80005806 (0x0158bcb3) x25 0x00000001
core   0: 0x8000580a (0xcb31ad13) slti    s10, gp, -845
core   0: 3 0x8000580a (0xcb31ad13) x26 0x00000001
core   0: 0x8000580e (0x03055633) divu    a2, a0, a6
core   0: 3 0x8000580e (0x03055633) x12 0x00000000
core   0: 0x80005812 (0x00ee7333) and     t1, t3, a4
core   0: 3 0x80005812 (0x00ee7333) x 6 0x00000000
core   0: 0x80005816 (0x464e8193) addi    gp, t4, 1124
core   0: 3 0x80005816 (0x464e8193) x 3 0x00000464
core   0: 0x8000581a (0x00000001) c.nop
core   0: 3 0x8000581a (0x0001)
core   0: 0x8000581c (0x00000001) c.nop
core   0: 3 0x8000581c (0x0001)
core   0: 0x8000581e (0x02c841b3) div     gp, a6, a2
core   0: 3 0x8000581e (0x02c841b3) x 3 0xffffffff
core   0: 0x80005822 (0x017650b3) srl     ra, a2, s7
core   0: 3 0x80005822 (0x017650b3) x 1 0x00000000
core   0: 0x80005826 (0x03a0f4b3) remu    s1, ra, s10
core   0: 3 0x80005826 (0x03a0f4b3) x 9 0x00000000
core   0: 0x8000582a (0x00000001) c.nop
core   0: 3 0x8000582a (0x0001)
core   0: 0x8000582c (0x00009af6) c.add   s5, t4
core   0: 3 0x8000582c (0x9af6) x21 0x5ffbc000
core   0: 0x8000582e (0x839b3693) sltiu   a3, s6, -1991
core   0: 3 0x8000582e (0x839b3693) x13 0x00000001
core   0: 0x80005832 (0x01405bb3) srl     s7, zero, s4
core   0: 3 0x80005832 (0x01405bb3) x23 0x00000000
core   0: 0x80005836 (0x00000001) c.nop
core   0: 3 0x80005836 (0x0001)
core   0: 0x80005838 (0xd879c593) xori    a1, s3, -633
core   0: 3 0x80005838 (0xd879c593) x11 0x0cdffd87
core   0: 0x8000583c (0x00008de5) c.and   a1, s1
core   0: 3 0x8000583c (0x8de5) x11 0x00000000
core   0: 0x8000583e (0x02d680b3) mul     ra, a3, a3
core   0: 3 0x8000583e (0x02d680b3) x 1 0x00000001
core   0: 0x80005842 (0xd5188697) auipc   a3, 0xd5188
core   0: 3 0x80005842 (0xd5188697) x13 0x5518d842
core   0: 0x80005846 (0x0160d833) srl     a6, ra, s6
core   0: 3 0x80005846 (0x0160d833) x16 0x00000001
core   0: 0x8000584a (0x013adc93) srli    s9, s5, 19
core   0: 3 0x8000584a (0x013adc93) x25 0x00000bff
core   0: 0x8000584e (0x0238efb3) rem     t6, a7, gp
core   0: 3 0x8000584e (0x0238efb3) x31 0x00000000
core   0: 0x80005852 (0x000057fd) c.li    a5, -1
core   0: 3 0x80005852 (0x57fd) x15 0xffffffff
core   0: 0x80005854 (0x0250bd33) mulhu   s10, ra, t0
core   0: 3 0x80005854 (0x0250bd33) x26 0x00000000
core   0: 0x80005858 (0x40588bb3) sub     s7, a7, t0
core   0: 3 0x80005858 (0x40588bb3) x23 0x08e50c1f
core   0: 0x8000585c (0x01251c33) sll     s8, a0, s2
core   0: 3 0x8000585c (0x01251c33) x24 0x003ffc5a
core   0: 0x80005860 (0x017d9193) slli    gp, s11, 23
core   0: 3 0x80005860 (0x017d9193) x 3 0x00000000
core   0: 0x80005864 (0x02958033) mul     zero, a1, s1
core   0: 3 0x80005864 (0x02958033)
core   0: 0x80005868 (0x024cfd33) remu    s10, s9, tp
core   0: 3 0x80005868 (0x024cfd33) x26 0x00000bff
core   0: 0x8000586c (0x023ba9b3) mulhsu  s3, s7, gp
core   0: 3 0x8000586c (0x023ba9b3) x19 0x00000000
core   0: 0x80005870 (0x0000990e) c.add   s2, gp
core   0: 3 0x80005870 (0x990e) x18 0x00000000
core   0: 0x80005872 (0x00004915) c.li    s2, 5
core   0: 3 0x80005872 (0x4915) x18 0x00000005
core   0: 0x80005874 (0x01fe89b3) add     s3, t4, t6
core   0: 3 0x80005874 (0x01fe89b3) x19 0x00000000
core   0: 0x80005878 (0x41da5e13) srai    t3, s4, 29
core   0: 3 0x80005878 (0x41da5e13) x28 0xfffffffd
core   0: 0x8000587c (0x034b3033) mulhu   zero, s6, s4
core   0: 3 0x8000587c (0x034b3033)
core   0: 0x80005880 (0x01161813) slli    a6, a2, 17
core   0: 3 0x80005880 (0x01161813) x16 0x00000000
core   0: 0x80005884 (0x00008d85) c.sub   a1, s1
core   0: 3 0x80005884 (0x8d85) x11 0x00000000
core   0: 0x80005886 (0x03778333) mul     t1, a5, s7
core   0: 3 0x80005886 (0x03778333) x 6 0xf71af3e1
core   0: 0x8000588a (0x000012fd) c.addi  t0, -1
core   0: 3 0x8000588a (0x12fd) x 5 0xf71b6dfe
core   0: 0x8000588c (0x03be3e33) mulhu   t3, t3, s11
core   0: 3 0x8000588c (0x03be3e33) x28 0x7ffffffe
core   0: 0x80005890 (0x03a67633) remu    a2, a2, s10
core   0: 3 0x80005890 (0x03a67633) x12 0x00000000
core   0: 0x80005894 (0x02f942b3) div     t0, s2, a5
core   0: 3 0x80005894 (0x02f942b3) x 5 0xfffffffb
core   0: 0x80005898 (0xdb5e3b13) sltiu   s6, t3, -587
core   0: 3 0x80005898 (0xdb5e3b13) x22 0x00000001
core   0: 0x8000589c (0x8446a313) slti    t1, a3, -1980
core   0: 3 0x8000589c (0x8446a313) x 6 0x00000000
core   0: 0x800058a0 (0x01c13fb3) sltu    t6, sp, t3
core   0: 3 0x800058a0 (0x01c13fb3) x31 0x00000000
core   0: 0x800058a4 (0x017d6f33) or      t5, s10, s7
core   0: 3 0x800058a4 (0x017d6f33) x30 0x08e50fff
core   0: 0x800058a8 (0x01e622b3) slt     t0, a2, t5
core   0: 3 0x800058a8 (0x01e622b3) x 5 0x00000001
core   0: 0x800058ac (0x0113e0b3) or      ra, t2, a7
core   0: 3 0x800058ac (0x0113e0b3) x 1 0xe95c7b3f
core   0: 0x800058b0 (0x017450b3) srl     ra, s0, s7
core   0: 3 0x800058b0 (0x017450b3) x 1 0x00000000
core   0: 0x800058b4 (0x408dd6b3) sra     a3, s11, s0
core   0: 3 0x800058b4 (0x408dd6b3) x13 0xffffffff
core   0: 0x800058b8 (0x010c5cb3) srl     s9, s8, a6
core   0: 3 0x800058b8 (0x010c5cb3) x25 0x003ffc5a
core   0: 0x800058bc (0x28427893) andi    a7, tp, 644
core   0: 3 0x800058bc (0x28427893) x17 0x00000000
core   0: 0x800058c0 (0x0eba6213) ori     tp, s4, 235
core   0: 3 0x800058c0 (0x0eba6213) x 4 0xab412feb
core   0: 0x800058c4 (0x0100b4b3) sltu    s1, ra, a6
core   0: 3 0x800058c4 (0x0100b4b3) x 9 0x00000000
core   0: 0x800058c8 (0x40b4d193) srai    gp, s1, 11
core   0: 3 0x800058c8 (0x40b4d193) x 3 0x00000000
core   0: 0x800058cc (0x01a04933) xor     s2, zero, s10
core   0: 3 0x800058cc (0x01a04933) x18 0x00000bff
core   0: 0x800058d0 (0x010f3633) sltu    a2, t5, a6
core   0: 3 0x800058d0 (0x010f3633) x12 0x00000000
core   0: 0x800058d4 (0x00000001) c.nop
core   0: 3 0x800058d4 (0x0001)
core   0: 0x800058d6 (0x029f9633) mulh    a2, t6, s1
core   0: 3 0x800058d6 (0x029f9633) x12 0x00000000
core   0: 0x800058da (0x00124433) xor     s0, tp, ra
core   0: 3 0x800058da (0x00124433) x 8 0xab412feb
core   0: 0x800058de (0x03e96933) rem     s2, s2, t5
core   0: 3 0x800058de (0x03e96933) x18 0x00000bff
core   0: 0x800058e2 (0x7e074f13) xori    t5, a4, 2016
core   0: 3 0x800058e2 (0x7e074f13) x30 0x8000f984
core   0: 0x800058e6 (0x00000001) c.nop
core   0: 3 0x800058e6 (0x0001)
core   0: 0x800058e8 (0x036ae233) rem     tp, s5, s6
core   0: 3 0x800058e8 (0x036ae233) x 4 0x00000000
core   0: 0x800058ec (0x000081ce) c.mv    gp, s3
core   0: 3 0x800058ec (0x81ce) x 3 0x00000000
core   0: 0x800058ee (0x00009cc6) c.add   s9, a7
core   0: 3 0x800058ee (0x9cc6) x25 0x003ffc5a
core   0: 0x800058f0 (0x000055fd) c.li    a1, -1
core   0: 3 0x800058f0 (0x55fd) x11 0xffffffff
core   0: 0x800058f2 (0x007b6a33) or      s4, s6, t2
core   0: 3 0x800058f2 (0x007b6a33) x20 0xe95c0b25
core   0: 0x800058f6 (0x00008b86) c.mv    s7, ra
core   0: 3 0x800058f6 (0x8b86) x23 0x00000000
core   0: 0x800058f8 (0x00008d55) c.or    a0, a3
core   0: 3 0x800058f8 (0x8d55) x10 0xffffffff
core   0: 0x800058fa (0x00008585) c.srai  a1, 1
core   0: 3 0x800058fa (0x8585) x11 0xffffffff
core   0: 0x800058fc (0x026d6933) rem     s2, s10, t1
core   0: 3 0x800058fc (0x026d6933) x18 0x00000bff
core   0: 0x80005900 (0x00000c95) c.addi  s9, 5
core   0: 3 0x80005900 (0x0c95) x25 0x003ffc5f
core   0: 0x80005902 (0xa3ac8f13) addi    t5, s9, -1478
core   0: 3 0x80005902 (0xa3ac8f13) x30 0x003ff699
core   0: 0x80005906 (0x00008fb9) c.xor   a5, a4
core   0: 3 0x80005906 (0x8fb9) x15 0x7fff019b
core   0: 0x80005908 (0x68ce3193) sltiu   gp, t3, 1676
core   0: 3 0x80005908 (0x68ce3193) x 3 0x00000000
core   0: 0x8000590c (0x005935b3) sltu    a1, s2, t0
core   0: 3 0x8000590c (0x005935b3) x11 0x00000000
core   0: 0x80005910 (0x01dea933) slt     s2, t4, t4
core   0: 3 0x80005910 (0x01dea933) x18 0x00000000
core   0: 0x80005914 (0x00f42d33) slt     s10, s0, a5
core   0: 3 0x80005914 (0x00f42d33) x26 0x00000001
core   0: 0x80005918 (0x000083b1) c.srli  a5, 12
core   0: 3 0x80005918 (0x83b1) x15 0x0007fff0
core   0: 0x8000591a (0x00008d59) c.or    a0, a4
core   0: 3 0x8000591a (0x8d59) x10 0xffffffff
core   0: 0x8000591c (0x0c4be317) auipc   t1, 0xc4be
core   0: 3 0x8000591c (0x0c4be317) x 6 0x8c4c391c
core   0: 0x80005920 (0xd796ff93) andi    t6, a3, -647
core   0: 3 0x80005920 (0xd796ff93) x31 0xfffffd79
core   0: 0x80005924 (0x010c3033) sltu    zero, s8, a6
core   0: 3 0x80005924 (0x010c3033)
core   0: 0x80005928 (0x034025b3) mulhsu  a1, zero, s4
core   0: 3 0x80005928 (0x034025b3) x11 0x00000000
core   0: 0x8000592c (0x01f01533) sll     a0, zero, t6
core   0: 3 0x8000592c (0x01f01533) x10 0x00000000
core   0: 0x80005930 (0x0000557d) c.li    a0, -1
core   0: 3 0x80005930 (0x557d) x10 0xffffffff
core   0: 0x80005932 (0x00008cd1) c.or    s1, a2
core   0: 3 0x80005932 (0x8cd1) x 9 0x00000000
core   0: 0x80005934 (0x00008085) c.srli  s1, 1
core   0: 3 0x80005934 (0x8085) x 9 0x00000000
core   0: 0x80005936 (0x00000f4d) c.addi  t5, 19
core   0: 3 0x80005936 (0x0f4d) x30 0x003ff6ac
core   0: 0x80005938 (0x8f84f017) auipc   zero, 0x8f84f
core   0: 3 0x80005938 (0x8f84f017)
core   0: 0x8000593c (0x00f9fd33) and     s10, s3, a5
core   0: 3 0x8000593c (0x00f9fd33) x26 0x00000000
core   0: 0x80005940 (0x01e396b3) sll     a3, t2, t5
core   0: 3 0x80005940 (0x01e396b3) x13 0xc0b25000
core   0: 0x80005944 (0x03fbd033) divu    zero, s7, t6
core   0: 3 0x80005944 (0x03fbd033)
core   0: 0x80005948 (0x03e48433) mul     s0, s1, t5
core   0: 3 0x80005948 (0x03e48433) x 8 0x00000000
core   0: 0x8000594c (0x00000001) c.nop
core   0: 3 0x8000594c (0x0001)
core   0: 0x8000594e (0x00008ed5) c.or    a3, a3
core   0: 3 0x8000594e (0x8ed5) x13 0xc0b25000
core   0: 0x80005950 (0x000082a9) c.srli  a3, 10
core   0: 3 0x80005950 (0x82a9) x13 0x00302c94
core   0: 0x80005952 (0x00f950b3) srl     ra, s2, a5
core   0: 3 0x80005952 (0x00f950b3) x 1 0x00000000
core   0: 0x80005956 (0x03a8a3b3) mulhsu  t2, a7, s10
core   0: 3 0x80005956 (0x03a8a3b3) x 7 0x00000000
core   0: 0x8000595a (0x40425c93) srai    s9, tp, 4
core   0: 3 0x8000595a (0x40425c93) x25 0x00000000
core   0: 0x8000595e (0xfff00893) li      a7, -1
core   0: 3 0x8000595e (0xfff00893) x17 0xffffffff
core   0: 0x80005962 (0xfff00793) li      a5, -1
core   0: 3 0x80005962 (0xfff00793) x15 0xffffffff
core   0: 0x80005966 (0x0eb9f637) lui     a2, 0xeb9f
core   0: 3 0x80005966 (0x0eb9f637) x12 0x0eb9f000
core   0: 0x8000596a (0x95a60613) addi    a2, a2, -1702
core   0: 3 0x8000596a (0x95a60613) x12 0x0eb9e95a
core   0: 0x8000596e (0xf4de3c37) lui     s8, 0xf4de3
core   0: 3 0x8000596e (0xf4de3c37) x24 0xf4de3000
core   0: 0x80005972 (0x5e5c0c13) addi    s8, s8, 1509
core   0: 3 0x80005972 (0x5e5c0c13) x24 0xf4de35e5
core   0: 0x80005976 (0x800005b7) lui     a1, 0x80000
core   0: 3 0x80005976 (0x800005b7) x11 0x80000000
core   0: 0x8000597a (0x80000e37) lui     t3, 0x80000
core   0: 3 0x8000597a (0x80000e37) x28 0x80000000
core   0: 0x8000597e (0x80000437) lui     s0, 0x80000
core   0: 3 0x8000597e (0x80000437) x 8 0x80000000
core   0: 0x80005982 (0x00004081) c.li    ra, 0
core   0: 3 0x80005982 (0x4081) x 1 0x00000000
core   0: 0x80005984 (0xfff00193) li      gp, -1
core   0: 3 0x80005984 (0xfff00193) x 3 0xffffffff
core   0: 0x80005988 (0x00004a81) c.li    s5, 0
core   0: 3 0x80005988 (0x4a81) x21 0x00000000
core   0: 0x8000598a (0x02f40c33) mul     s8, s0, a5
core   0: 3 0x8000598a (0x02f40c33) x24 0x80000000
core   0: 0x8000598e (0x141a8793) addi    a5, s5, 321
core   0: 3 0x8000598e (0x141a8793) x15 0x00000141
core   0: 0x80005992 (0x028aaab3) mulhsu  s5, s5, s0
core   0: 3 0x80005992 (0x028aaab3) x21 0x00000000
core   0: 0x80005996 (0x02365e33) divu    t3, a2, gp
core   0: 3 0x80005996 (0x02365e33) x28 0x00000000
core   0: 0x8000599a (0x02f7b433) mulhu   s0, a5, a5
core   0: 3 0x8000599a (0x02f7b433) x 8 0x00000000
core   0: 0x8000599e (0x00cc0433) add     s0, s8, a2
core   0: 3 0x8000599e (0x00cc0433) x 8 0x8eb9e95a
core   0: 0x800059a2 (0x00000001) c.nop
core   0: 3 0x800059a2 (0x0001)
core   0: 0x800059a4 (0xf8cc7197) auipc   gp, 0xf8cc7
core   0: 3 0x800059a4 (0xf8cc7197) x 3 0x78ccc9a4
core   0: 0x800059a8 (0x02818433) mul     s0, gp, s0
core   0: 3 0x800059a8 (0x02818433) x 8 0x8b0927a8
core   0: 0x800059ac (0x031891b3) mulh    gp, a7, a7
core   0: 3 0x800059ac (0x031891b3) x 3 0x00000000
core   0: 0x800059b0 (0xed0da617) auipc   a2, 0xed0da
core   0: 3 0x800059b0 (0xed0da617) x12 0x6d0df9b0
core   0: 0x800059b4 (0xa622e597) auipc   a1, 0xa622e
core   0: 3 0x800059b4 (0xa622e597) x11 0x262339b4
core   0: 0x800059b8 (0x0238b5b3) mulhu   a1, a7, gp
core   0: 3 0x800059b8 (0x0238b5b3) x11 0x00000000
core   0: 0x800059bc (0xe8bc0193) addi    gp, s8, -373
core   0: 3 0x800059bc (0xe8bc0193) x 3 0x7ffffe8b
core   0: 0x800059c0 (0x031675b3) remu    a1, a2, a7
core   0: 3 0x800059c0 (0x031675b3) x11 0x6d0df9b0
core   0: 0x800059c4 (0x031ae7b3) rem     a5, s5, a7
core   0: 3 0x800059c4 (0x031ae7b3) x15 0x00000000
core   0: 0x800059c8 (0x00878c33) add     s8, a5, s0
core   0: 3 0x800059c8 (0x00878c33) x24 0x8b0927a8
core   0: 0x800059cc (0x02f5f1b3) remu    gp, a1, a5
core   0: 3 0x800059cc (0x02f5f1b3) x 3 0x6d0df9b0
core   0: 0x800059d0 (0x0e18d797) auipc   a5, 0xe18d
core   0: 3 0x800059d0 (0x0e18d797) x15 0x8e1929d0
core   0: 0x800059d4 (0xce1f4a97) auipc   s5, 0xce1f4
core   0: 3 0x800059d4 (0xce1f4a97) x21 0x4e1f99d4
core   0: 0x800059d8 (0x02f5aab3) mulhsu  s5, a1, a5
core   0: 3 0x800059d8 (0x02f5aab3) x21 0x3c8878ac
core   0: 0x800059dc (0x0edf31b7) lui     gp, 0xedf3
core   0: 3 0x800059dc (0x0edf31b7) x 3 0x0edf3000
core   0: 0x800059e0 (0x8a658793) addi    a5, a1, -1882
core   0: 3 0x800059e0 (0x8a658793) x15 0x6d0df256
core   0: 0x800059e4 (0x02c79e33) mulh    t3, a5, a2
core   0: 3 0x800059e4 (0x02c79e33) x28 0x2e74e441
core   0: 0x800059e8 (0x035087b3) mul     a5, ra, s5
core   0: 3 0x800059e8 (0x035087b3) x15 0x00000000
core   0: 0x800059ec (0x00000786) c.slli  a5, 1
core   0: 3 0x800059ec (0x0786) x15 0x00000000
core   0: 0x800059ee (0x05b9f993) andi    s3, s3, 91
core   0: 3 0x800059ee (0x05b9f993) x19 0x00000000
core   0: 0x800059f2 (0x01f25ab3) srl     s5, tp, t6
core   0: 3 0x800059f2 (0x01f25ab3) x21 0x00000000
core   0: 0x800059f6 (0x013d37b3) sltu    a5, s10, s3
core   0: 3 0x800059f6 (0x013d37b3) x15 0x00000000
core   0: 0x800059fa (0x00000001) c.nop
core   0: 3 0x800059fa (0x0001)
core   0: 0x800059fc (0x017ae1b3) or      gp, s5, s7
core   0: 3 0x800059fc (0x017ae1b3) x 3 0x00000000
core   0: 0x80005a00 (0x47a2a297) auipc   t0, 0x47a2a
core   0: 3 0x80005a00 (0x47a2a297) x 5 0xc7a2fa00
core   0: 0x80005a04 (0x00008eda) c.mv    t4, s6
core   0: 3 0x80005a04 (0x8eda) x29 0x00000001
core   0: 0x80005a06 (0x24180213) addi    tp, a6, 577
core   0: 3 0x80005a06 (0x24180213) x 4 0x00000241
core   0: 0x80005a0a (0x003dd513) srli    a0, s11, 3
core   0: 3 0x80005a0a (0x003dd513) x10 0x10000000
core   0: 0x80005a0e (0xdf3d8d17) auipc   s10, 0xdf3d8
core   0: 3 0x80005a0e (0xdf3d8d17) x26 0x5f3dda0e
core   0: 0x80005a12 (0x00000001) c.nop
core   0: 3 0x80005a12 (0x0001)
core   0: 0x80005a14 (0x03d8b9b3) mulhu   s3, a7, t4
core   0: 3 0x80005a14 (0x03d8b9b3) x19 0x00000000
core   0: 0x80005a18 (0x1a8e3a37) lui     s4, 0x1a8e3
core   0: 3 0x80005a18 (0x1a8e3a37) x20 0x1a8e3000
core   0: 0x80005a1c (0x41bbd5b3) sra     a1, s7, s11
core   0: 3 0x80005a1c (0x41bbd5b3) x11 0x00000000
core   0: 0x80005a20 (0xb321ac13) slti    s8, gp, -1230
core   0: 3 0x80005a20 (0xb321ac13) x24 0x00000000
core   0: 0x80005a24 (0x0636c493) xori    s1, a3, 99
core   0: 3 0x80005a24 (0x0636c493) x 9 0x00302cf7
core   0: 0x80005a28 (0x00008ca5) c.xor   s1, s1
core   0: 3 0x80005a28 (0x8ca5) x 9 0x00000000
core   0: 0x80005a2a (0x015a7933) and     s2, s4, s5
core   0: 3 0x80005a2a (0x015a7933) x18 0x00000000
core   0: 0x80005a2e (0x023c5433) divu    s0, s8, gp
core   0: 3 0x80005a2e (0x023c5433) x 8 0xffffffff
core   0: 0x80005a32 (0x02233ab3) mulhu   s5, t1, sp
core   0: 3 0x80005a32 (0x02233ab3) x21 0x4626ca39
core   0: 0x80005a36 (0x4dddc413) xori    s0, s11, 1245
core   0: 3 0x80005a36 (0x4dddc413) x 8 0x800004dd
core   0: 0x80005a3a (0x00008c75) c.and   s0, a3
core   0: 3 0x80005a3a (0x8c75) x 8 0x00000494
core   0: 0x80005a3c (0x01995c33) srl     s8, s2, s9
core   0: 3 0x80005a3c (0x01995c33) x24 0x00000000
core   0: 0x80005a40 (0x97874213) xori    tp, a4, -1672
core   0: 3 0x80005a40 (0x97874213) x 4 0x7fff071c
core   0: 0x80005a44 (0x00008d3e) c.mv    s10, a5
core   0: 3 0x80005a44 (0x8d3e) x26 0x00000000
core   0: 0x80005a46 (0x00008e69) c.and   a2, a0
core   0: 3 0x80005a46 (0x8e69) x12 0x00000000
core   0: 0x80005a48 (0x00008241) c.srli  a2, 16
core   0: 3 0x80005a48 (0x8241) x12 0x00000000
core   0: 0x80005a4a (0x021cd3b3) divu    t2, s9, ra
core   0: 3 0x80005a4a (0x021cd3b3) x 7 0xffffffff
core   0: 0x80005a4e (0x00009472) c.add   s0, t3
core   0: 3 0x80005a4e (0x9472) x 8 0x2e74e8d5
core   0: 0x80005a50 (0x02048e33) mul     t3, s1, zero
core   0: 3 0x80005a50 (0x02048e33) x28 0x00000000
core   0: 0x80005a54 (0x02046bb3) rem     s7, s0, zero
core   0: 3 0x80005a54 (0x02046bb3) x23 0x2e74e8d5
core   0: 0x80005a58 (0x00545433) srl     s0, s0, t0
core   0: 3 0x80005a58 (0x00545433) x 8 0x2e74e8d5
core   0: 0x80005a5c (0x011cf4b3) and     s1, s9, a7
core   0: 3 0x80005a5c (0x011cf4b3) x 9 0x00000000
core   0: 0x80005a60 (0x0240a333) mulhsu  t1, ra, tp
core   0: 3 0x80005a60 (0x0240a333) x 6 0x00000000
core   0: 0x80005a64 (0x0000039e) c.slli  t2, 7
core   0: 3 0x80005a64 (0x039e) x 7 0xffffff80
core   0: 0x80005a66 (0x0000997d) c.andi  a0, -1
core   0: 3 0x80005a66 (0x997d) x10 0x10000000
core   0: 0x80005a68 (0x03d746b3) div     a3, a4, t4
core   0: 3 0x80005a68 (0x03d746b3) x13 0x8000fe64
core   0: 0x80005a6c (0x0000993a) c.add   s2, a4
core   0: 3 0x80005a6c (0x993a) x18 0x8000fe64
core   0: 0x80005a6e (0x000088be) c.mv    a7, a5
core   0: 3 0x80005a6e (0x88be) x17 0x00000000
core   0: 0x80005a70 (0x02e90533) mul     a0, s2, a4
core   0: 3 0x80005a70 (0x02e90533) x10 0xfcca9710
core   0: 0x80005a74 (0x00d709b3) add     s3, a4, a3
core   0: 3 0x80005a74 (0x00d709b3) x19 0x0001fcc8
core   0: 0x80005a78 (0x0000953e) c.add   a0, a5
core   0: 3 0x80005a78 (0x953e) x10 0xfcca9710
core   0: 0x80005a7a (0x03e1f4b3) remu    s1, gp, t5
core   0: 3 0x80005a7a (0x03e1f4b3) x 9 0x00000000
core   0: 0x80005a7e (0x000081e6) c.mv    gp, s9
core   0: 3 0x80005a7e (0x81e6) x 3 0x00000000
core   0: 0x80005a80 (0x00000001) c.nop
core   0: 3 0x80005a80 (0x0001)
core   0: 0x80005a82 (0x039d7bb3) remu    s7, s10, s9
core   0: 3 0x80005a82 (0x039d7bb3) x23 0x00000000
core   0: 0x80005a86 (0x021d5633) divu    a2, s10, ra
core   0: 3 0x80005a86 (0x021d5633) x12 0xffffffff
core   0: 0x80005a8a (0x0358e237) lui     tp, 0x358e
core   0: 3 0x80005a8a (0x0358e237) x 4 0x0358e000
core   0: 0x80005a8e (0x407d04b3) sub     s1, s10, t2
core   0: 3 0x80005a8e (0x407d04b3) x 9 0x00000080
core   0: 0x80005a92 (0xeaec8a13) addi    s4, s9, -338
core   0: 3 0x80005a92 (0xeaec8a13) x20 0xfffffeae
core   0: 0x80005a96 (0x000085ea) c.mv    a1, s10
core   0: 3 0x80005a96 (0x85ea) x11 0x00000000
core   0: 0x80005a98 (0x00008d81) c.sub   a1, s0
core   0: 3 0x80005a98 (0x8d81) x11 0xd18b172b
core   0: 0x80005a9a (0x00b26833) or      a6, tp, a1
core   0: 3 0x80005a9a (0x00b26833) x16 0xd3dbf72b
core   0: 0x80005a9e (0x000010fd) c.addi  ra, -1
core   0: 3 0x80005a9e (0x10fd) x 1 0xffffffff
core   0: 0x80005aa0 (0xfcbc70b7) lui     ra, 0xfcbc7
core   0: 3 0x80005aa0 (0xfcbc70b7) x 1 0xfcbc7000
core   0: 0x80005aa4 (0x00000001) c.nop
core   0: 3 0x80005aa4 (0x0001)
core   0: 0x80005aa6 (0x037bceb3) div     t4, s7, s7
core   0: 3 0x80005aa6 (0x037bceb3) x29 0xffffffff
core   0: 0x80005aaa (0x00008646) c.mv    a2, a7
core   0: 3 0x80005aaa (0x8646) x12 0x00000000
core   0: 0x80005aac (0x01bf5393) srli    t2, t5, 27
core   0: 3 0x80005aac (0x01bf5393) x 7 0x00000000
core   0: 0x80005ab0 (0x41895ab3) sra     s5, s2, s8
core   0: 3 0x80005ab0 (0x41895ab3) x21 0x8000fe64
core   0: 0x80005ab4 (0x22e18793) addi    a5, gp, 558
core   0: 3 0x80005ab4 (0x22e18793) x15 0x0000022e
core   0: 0x80005ab8 (0x00008c69) c.and   s0, a0
core   0: 3 0x80005ab8 (0x8c69) x 8 0x2c408010
core   0: 0x80005aba (0x67d86993) ori     s3, a6, 1661
core   0: 3 0x80005aba (0x67d86993) x19 0xd3dbf77f
core   0: 0x80005abe (0x0300e7b3) rem     a5, ra, a6
core   0: 3 0x80005abe (0x0300e7b3) x15 0xfcbc7000
core   0: 0x80005ac2 (0x01285533) srl     a0, a6, s2
core   0: 3 0x80005ac2 (0x01285533) x10 0x0d3dbf72
core   0: 0x80005ac6 (0x4047d913) srai    s2, a5, 4
core   0: 3 0x80005ac6 (0x4047d913) x18 0xffcbc700
core   0: 0x80005aca (0x40c7fd13) andi    s10, a5, 1036
core   0: 3 0x80005aca (0x40c7fd13) x26 0x00000000
core   0: 0x80005ace (0x0022d093) srli    ra, t0, 2
core   0: 3 0x80005ace (0x0022d093) x 1 0x31e8be80
core   0: 0x80005ad2 (0x01796cb3) or      s9, s2, s7
core   0: 3 0x80005ad2 (0x01796cb3) x25 0xffcbc700
core   0: 0x80005ad6 (0x00f95c13) srli    s8, s2, 15
core   0: 3 0x80005ad6 (0x00f95c13) x24 0x0001ff97
core   0: 0x80005ada (0x01944933) xor     s2, s0, s9
core   0: 3 0x80005ada (0x01944933) x18 0xd38b4710
core   0: 0x80005ade (0x010f1c93) slli    s9, t5, 16
core   0: 3 0x80005ade (0x010f1c93) x25 0xf6ac0000
core   0: 0x80005ae2 (0x03d73b33) mulhu   s6, a4, t4
core   0: 3 0x80005ae2 (0x03d73b33) x22 0x8000fe63
core   0: 0x80005ae6 (0x3659ae13) slti    t3, s3, 869
core   0: 3 0x80005ae6 (0x3659ae13) x28 0x00000001
core   0: 0x80005aea (0x65586293) ori     t0, a6, 1621
core   0: 3 0x80005aea (0x65586293) x 5 0xd3dbf77f
core   0: 0x80005aee (0x015249b3) xor     s3, tp, s5
core   0: 3 0x80005aee (0x015249b3) x19 0x83581e64
core   0: 0x80005af2 (0x00008e49) c.or    a2, a0
core   0: 3 0x80005af2 (0x8e49) x12 0x0d3dbf72
core   0: 0x80005af4 (0x000051fd) c.li    gp, -1
core   0: 3 0x80005af4 (0x51fd) x 3 0xffffffff
core   0: 0x80005af6 (0x034c51b3) divu    gp, s8, s4
core   0: 3 0x80005af6 (0x034c51b3) x 3 0x00000000
core   0: 0x80005afa (0x00009bfd) c.andi  a5, -1
core   0: 3 0x80005afa (0x9bfd) x15 0xfcbc7000
core   0: 0x80005afc (0x415bd033) sra     zero, s7, s5
core   0: 3 0x80005afc (0x415bd033)
core   0: 0x80005b00 (0x40bdd1b3) sra     gp, s11, a1
core   0: 3 0x80005b00 (0x40bdd1b3) x 3 0xfff00000
core   0: 0x80005b04 (0x0013b333) sltu    t1, t2, ra
core   0: 3 0x80005b04 (0x0013b333) x 6 0x00000001
core   0: 0x80005b08 (0x001d0233) add     tp, s10, ra
core   0: 3 0x80005b08 (0x001d0233) x 4 0x31e8be80
core   0: 0x80005b0c (0x00008f8d) c.sub   a5, a1
core   0: 3 0x80005b0c (0x8f8d) x15 0x2b3158d5
core   0: 0x80005b0e (0x006d41b3) xor     gp, s10, t1
core   0: 3 0x80005b0e (0x006d41b3) x 3 0x00000001
core   0: 0x80005b12 (0x005c1193) slli    gp, s8, 5
core   0: 3 0x80005b12 (0x005c1193) x 3 0x003ff2e0
core   0: 0x80005b16 (0x74624eb7) lui     t4, 0x74624
core   0: 3 0x80005b16 (0x74624eb7) x29 0x74624000
core   0: 0x80005b1a (0x00168033) add     zero, a3, ra
core   0: 3 0x80005b1a (0x00168033)
core   0: 0x80005b1e (0x03c57bb3) remu    s7, a0, t3
core   0: 3 0x80005b1e (0x03c57bb3) x23 0x00000000
core   0: 0x80005b22 (0x02697eb3) remu    t4, s2, t1
core   0: 3 0x80005b22 (0x02697eb3) x29 0x00000000
core   0: 0x80005b26 (0x00008d81) c.sub   a1, s0
core   0: 3 0x80005b26 (0x8d81) x11 0xa54a971b
core   0: 0x80005b28 (0xaef8a613) slti    a2, a7, -1297
core   0: 3 0x80005b28 (0xaef8a613) x12 0x00000000
core   0: 0x80005b2c (0x0061d4b3) srl     s1, gp, t1
core   0: 3 0x80005b2c (0x0061d4b3) x 9 0x001ff970
core   0: 0x80005b30 (0x0000997d) c.andi  a0, -1
core   0: 3 0x80005b30 (0x997d) x10 0x0d3dbf72
core   0: 0x80005b32 (0x000012fd) c.addi  t0, -1
core   0: 3 0x80005b32 (0x12fd) x 5 0xd3dbf77e
core   0: 0x80005b34 (0x854d7f13) andi    t5, s10, -1964
core   0: 3 0x80005b34 (0x854d7f13) x30 0x00000000
core   0: 0x80005b38 (0x00008125) c.srli  a0, 9
core   0: 3 0x80005b38 (0x8125) x10 0x00069edf
core   0: 0x80005b3a (0x00eaf633) and     a2, s5, a4
core   0: 3 0x80005b3a (0x00eaf633) x12 0x8000fe64
core   0: 0x80005b3e (0x00004e81) c.li    t4, 0
core   0: 3 0x80005b3e (0x4e81) x29 0x00000000
core   0: 0x80005b40 (0xfff00393) li      t2, -1
core   0: 3 0x80005b40 (0xfff00393) x 7 0xffffffff
core   0: 0x80005b44 (0x586ce2b7) lui     t0, 0x586ce
core   0: 3 0x80005b44 (0x586ce2b7) x 5 0x586ce000
core   0: 0x80005b48 (0x5e028293) addi    t0, t0, 1504
core   0: 3 0x80005b48 (0x5e028293) x 5 0x586ce5e0
core   0: 0x80005b4c (0x80000437) lui     s0, 0x80000
core   0: 3 0x80005b4c (0x80000437) x 8 0x80000000
core   0: 0x80005b50 (0x00004201) c.li    tp, 0
core   0: 3 0x80005b50 (0x4201) x 4 0x00000000
core   0: 0x80005b52 (0x80000337) lui     t1, 0x80000
core   0: 3 0x80005b52 (0x80000337) x 6 0x80000000
core   0: 0x80005b56 (0x3bd8cbb7) lui     s7, 0x3bd8c
core   0: 3 0x80005b56 (0x3bd8cbb7) x23 0x3bd8c000
core   0: 0x80005b5a (0x1a4b8b93) addi    s7, s7, 420
core   0: 3 0x80005b5a (0x1a4b8b93) x23 0x3bd8c1a4
core   0: 0x80005b5e (0xae7ae1b7) lui     gp, 0xae7ae
core   0: 3 0x80005b5e (0xae7ae1b7) x 3 0xae7ae000
core   0: 0x80005b62 (0xd3018193) addi    gp, gp, -720
core   0: 3 0x80005b62 (0xd3018193) x 3 0xae7add30
core   0: 0x80005b66 (0x80000a37) lui     s4, 0x80000
core   0: 3 0x80005b66 (0x80000a37) x20 0x80000000
core   0: 0x80005b6a (0x0070be37) lui     t3, 0x70b
core   0: 3 0x80005b6a (0x0070be37) x28 0x0070b000
core   0: 0x80005b6e (0xa89e0e13) addi    t3, t3, -1399
core   0: 3 0x80005b6e (0xa89e0e13) x28 0x0070aa89
core   0: 0x80005b72 (0x352e0293) addi    t0, t3, 850
core   0: 3 0x80005b72 (0x352e0293) x 5 0x0070addb
core   0: 0x80005b76 (0x02441333) mulh    t1, s0, tp
core   0: 3 0x80005b76 (0x02441333) x 6 0x00000000
core   0: 0x80005b7a (0x02345bb3) divu    s7, s0, gp
core   0: 3 0x80005b7a (0x02345bb3) x23 0x00000000
core   0: 0x80005b7e (0x023eeeb3) rem     t4, t4, gp
core   0: 3 0x80005b7e (0x023eeeb3) x29 0x00000000
core   0: 0x80005b82 (0x02523433) mulhu   s0, tp, t0
core   0: 3 0x80005b82 (0x02523433) x 8 0x00000000
core   0: 0x80005b86 (0x028efe33) remu    t3, t4, s0
core   0: 3 0x80005b86 (0x028efe33) x28 0x00000000
core   0: 0x80005b8a (0x03d18433) mul     s0, gp, t4
core   0: 3 0x80005b8a (0x03d18433) x 8 0x00000000
core   0: 0x80005b8e (0x03ca6e33) rem     t3, s4, t3
core   0: 3 0x80005b8e (0x03ca6e33) x28 0x80000000
core   0: 0x80005b92 (0x026bd433) divu    s0, s7, t1
core   0: 3 0x80005b92 (0x026bd433) x 8 0xffffffff
core   0: 0x80005b96 (0x01d40333) add     t1, s0, t4
core   0: 3 0x80005b96 (0x01d40333) x 6 0xffffffff
core   0: 0x80005b9a (0x025ef333) remu    t1, t4, t0
core   0: 3 0x80005b9a (0x025ef333) x 6 0x00000000
core   0: 0x80005b9e (0x03d40a33) mul     s4, s0, t4
core   0: 3 0x80005b9e (0x03d40a33) x20 0x00000000
core   0: 0x80005ba2 (0x00000001) c.nop
core   0: 3 0x80005ba2 (0x0001)
core   0: 0x80005ba4 (0x03dbd233) divu    tp, s7, t4
core   0: 3 0x80005ba4 (0x03dbd233) x 4 0xffffffff
core   0: 0x80005ba8 (0x0261b1b3) mulhu   gp, gp, t1
core   0: 3 0x80005ba8 (0x0261b1b3) x 3 0x00000000
core   0: 0x80005bac (0x024efeb3) remu    t4, t4, tp
core   0: 3 0x80005bac (0x024efeb3) x29 0x00000000
core   0: 0x80005bb0 (0x01c7b1b3) sltu    gp, a5, t3
core   0: 3 0x80005bb0 (0x01c7b1b3) x 3 0x00000001
core   0: 0x80005bb4 (0x008d5413) srli    s0, s10, 8
core   0: 3 0x80005bb4 (0x008d5413) x 8 0x00000000
core   0: 0x80005bb8 (0x000052fd) c.li    t0, -1
core   0: 3 0x80005bb8 (0x52fd) x 5 0xffffffff
core   0: 0x80005bba (0x00008ca6) c.mv    s9, s1
core   0: 3 0x80005bba (0x8ca6) x25 0x001ff970
core   0: 0x80005bbc (0xf7ad4a13) xori    s4, s10, -134
core   0: 3 0x80005bbc (0xf7ad4a13) x20 0xffffff7a
core   0: 0x80005bc0 (0x000068f9) c.lui   a7, 0x1e
core   0: 3 0x80005bc0 (0x68f9) x17 0x0001e000
core   0: 0x80005bc2 (0xfa04b813) sltiu   a6, s1, -96
core   0: 3 0x80005bc2 (0xfa04b813) x16 0x00000001
core   0: 0x80005bc6 (0x03f0f7b3) remu    a5, ra, t6
core   0: 3 0x80005bc6 (0x03f0f7b3) x15 0x31e8be80
core   0: 0x80005bca (0x96a43393) sltiu   t2, s0, -1686
core   0: 3 0x80005bca (0x96a43393) x 7 0x00000001
core   0: 0x80005bce (0x02664633) div     a2, a2, t1
core   0: 3 0x80005bce (0x02664633) x12 0xffffffff
core   0: 0x80005bd2 (0x45014913) xori    s2, sp, 1104
core   0: 3 0x80005bd2 (0x45014913) x18 0x800138b4
core   0: 0x80005bd6 (0x034b1833) mulh    a6, s6, s4
core   0: 3 0x80005bd6 (0x034b1833) x16 0x00000042
core   0: 0x80005bda (0x00008d4d) c.or    a0, a1
core   0: 3 0x80005bda (0x8d4d) x10 0xa54e9fdf
core   0: 0x80005bdc (0x000084cd) c.srai  s1, 19
core   0: 3 0x80005bdc (0x84cd) x 9 0x00000003
core   0: 0x80005bde (0x00000a85) c.addi  s5, 1
core   0: 3 0x80005bde (0x0a85) x21 0x8000fe65
core   0: 0x80005be0 (0x404f5f33) sra     t5, t5, tp
core   0: 3 0x80005be0 (0x404f5f33) x30 0x00000000
core   0: 0x80005be4 (0x006074b3) and     s1, zero, t1
core   0: 3 0x80005be4 (0x006074b3) x 9 0x00000000
core   0: 0x80005be8 (0x00008fd9) c.or    a5, a4
core   0: 3 0x80005be8 (0x8fd9) x15 0xb1e8fee4
core   0: 0x80005bea (0x0191f0b3) and     ra, gp, s9
core   0: 3 0x80005bea (0x0191f0b3) x 1 0x00000000
core   0: 0x80005bee (0x000085d5) c.srai  a1, 21
core   0: 3 0x80005bee (0x85d5) x11 0xfffffd2a
core   0: 0x80005bf0 (0x01781793) slli    a5, a6, 23
core   0: 3 0x80005bf0 (0x01781793) x15 0x21000000
core   0: 0x80005bf4 (0x000090f2) c.add   ra, t3
core   0: 3 0x80005bf4 (0x90f2) x 1 0x80000000
core   0: 0x80005bf6 (0x00000001) c.nop
core   0: 3 0x80005bf6 (0x0001)
core   0: 0x80005bf8 (0x00008c71) c.and   s0, a2
core   0: 3 0x80005bf8 (0x8c71) x 8 0x00000000
core   0: 0x80005bfa (0x004ef6b3) and     a3, t4, tp
core   0: 3 0x80005bfa (0x004ef6b3) x13 0x00000000
core   0: 0x80005bfe (0x00008c71) c.and   s0, a2
core   0: 3 0x80005bfe (0x8c71) x 8 0x00000000
core   0: 0x80005c00 (0x00bedf93) srli    t6, t4, 11
core   0: 3 0x80005c00 (0x00bedf93) x31 0x00000000
core   0: 0x80005c04 (0x03117a33) remu    s4, sp, a7
core   0: 3 0x80005c04 (0x03117a33) x20 0x0001bce4
core   0: 0x80005c08 (0x86b83b13) sltiu   s6, a6, -1941
core   0: 3 0x80005c08 (0x86b83b13) x22 0x00000001
core   0: 0x80005c0c (0x0000683d) c.lui   a6, 0xf
core   0: 3 0x80005c0c (0x683d) x16 0x0000f000
core   0: 0x80005c0e (0x01b9c313) xori    t1, s3, 27
core   0: 3 0x80005c0e (0x01b9c313) x 6 0x83581e7f
core   0: 0x80005c12 (0xfff00093) li      ra, -1
core   0: 3 0x80005c12 (0xfff00093) x 1 0xffffffff
core   0: 0x80005c16 (0x800007b7) lui     a5, 0x80000
core   0: 3 0x80005c16 (0x800007b7) x15 0x80000000
core   0: 0x80005c1a (0x800003b7) lui     t2, 0x80000
core   0: 3 0x80005c1a (0x800003b7) x 7 0x80000000
core   0: 0x80005c1e (0x80000f37) lui     t5, 0x80000
core   0: 3 0x80005c1e (0x80000f37) x30 0x80000000
core   0: 0x80005c22 (0x2ea2ea37) lui     s4, 0x2ea2e
core   0: 3 0x80005c22 (0x2ea2ea37) x20 0x2ea2e000
core   0: 0x80005c26 (0xf38a0a13) addi    s4, s4, -200
core   0: 3 0x80005c26 (0xf38a0a13) x20 0x2ea2df38
core   0: 0x80005c2a (0x00004b01) c.li    s6, 0
core   0: 3 0x80005c2a (0x4b01) x22 0x00000000
core   0: 0x80005c2c (0xfff00413) li      s0, -1
core   0: 3 0x80005c2c (0xfff00413) x 8 0xffffffff
core   0: 0x80005c30 (0xae79ad37) lui     s10, 0xae79a
core   0: 3 0x80005c30 (0xae79ad37) x26 0xae79a000
core   0: 0x80005c34 (0xcfed0d13) addi    s10, s10, -770
core   0: 3 0x80005c34 (0xcfed0d13) x26 0xae799cfe
core   0: 0x80005c38 (0x00004e81) c.li    t4, 0
core   0: 3 0x80005c38 (0x4e81) x29 0x00000000
core   0: 0x80005c3a (0xfff00a93) li      s5, -1
core   0: 3 0x80005c3a (0xfff00a93) x21 0xffffffff
core   0: 0x80005c3e (0x014a0eb3) add     t4, s4, s4
core   0: 3 0x80005c3e (0x014a0eb3) x29 0x5d45be70
core   0: 0x80005c42 (0x034b2f33) mulhsu  t5, s6, s4
core   0: 3 0x80005c42 (0x034b2f33) x30 0x00000000
core   0: 0x80005c46 (0x682f0413) addi    s0, t5, 1666
core   0: 3 0x80005c46 (0x682f0413) x 8 0x00000682
core   0: 0x80005c4a (0x0347deb3) divu    t4, a5, s4
core   0: 3 0x80005c4a (0x0347deb3) x29 0x00000002
core   0: 0x80005c4e (0x401d0d33) sub     s10, s10, ra
core   0: 3 0x80005c4e (0x401d0d33) x26 0xae799cff
core   0: 0x80005c52 (0x00000001) c.nop
core   0: 3 0x80005c52 (0x0001)
core   0: 0x80005c54 (0x00000001) c.nop
core   0: 3 0x80005c54 (0x0001)
core   0: 0x80005c56 (0x0210bd33) mulhu   s10, ra, ra
core   0: 3 0x80005c56 (0x0210bd33) x26 0xfffffffe
core   0: 0x80005c5a (0x03eb0f33) mul     t5, s6, t5
core   0: 3 0x80005c5a (0x03eb0f33) x30 0x00000000
core   0: 0x80005c5e (0x44d0ba17) auipc   s4, 0x44d0b
core   0: 3 0x80005c5e (0x44d0ba17) x20 0xc4d10c5e
core   0: 0x80005c62 (0x0280ceb3) div     t4, ra, s0
core   0: 3 0x80005c62 (0x0280ceb3) x29 0x00000000
core   0: 0x80005c66 (0x034f0b33) mul     s6, t5, s4
core   0: 3 0x80005c66 (0x034f0b33) x22 0x00000000
core   0: 0x80005c6a (0xf8e40393) addi    t2, s0, -114
core   0: 3 0x80005c6a (0xf8e40393) x 7 0x00000610
core   0: 0x80005c6e (0x00000001) c.nop
core   0: 3 0x80005c6e (0x0001)
core   0: 0x80005c70 (0x01ee8b33) add     s6, t4, t5
core   0: 3 0x80005c70 (0x01ee8b33) x22 0x00000000
core   0: 0x80005c74 (0x028d60b3) rem     ra, s10, s0
core   0: 3 0x80005c74 (0x028d60b3) x 1 0xfffffffe
core   0: 0x80005c78 (0x03e430b3) mulhu   ra, s0, t5
core   0: 3 0x80005c78 (0x03e430b3) x 1 0x00000000
core   0: 0x80005c7c (0x021430b3) mulhu   ra, s0, ra
core   0: 3 0x80005c7c (0x021430b3) x 1 0x00000000
core   0: 0x80005c80 (0x41ad00b3) sub     ra, s10, s10
core   0: 3 0x80005c80 (0x41ad00b3) x 1 0x00000000
core   0: 0x80005c84 (0x02f400b3) mul     ra, s0, a5
core   0: 3 0x80005c84 (0x02f400b3) x 1 0x00000000
core   0: 0x80005c88 (0x03e79a33) mulh    s4, a5, t5
core   0: 3 0x80005c88 (0x03e79a33) x20 0x00000000
core   0: 0x80005c8c (0xa6476d37) lui     s10, 0xa6476
core   0: 3 0x80005c8c (0xa6476d37) x26 0xa6476000
core   0: 0x80005c90 (0x03a7a433) mulhsu  s0, a5, s10
core   0: 3 0x80005c90 (0x03a7a433) x 8 0xacdc5000
core   0: 0x80005c94 (0x00000e09) c.addi  t3, 2
core   0: 3 0x80005c94 (0x0e09) x28 0x80000002
core   0: 0x80005c96 (0x000003f6) c.slli  t2, 29
core   0: 3 0x80005c96 (0x03f6) x 7 0x00000000
core   0: 0x80005c98 (0xc5d60897) auipc   a7, 0xc5d60
core   0: 3 0x80005c98 (0xc5d60897) x17 0x45d65c98
core   0: 0x80005c9c (0x000f8433) add     s0, t6, zero
core   0: 3 0x80005c9c (0x000f8433) x 8 0x00000000
core   0: 0x80005ca0 (0x00000bcd) c.addi  s7, 19
core   0: 3 0x80005ca0 (0x0bcd) x23 0x00000013
core   0: 0x80005ca2 (0x008a1533) sll     a0, s4, s0
core   0: 3 0x80005ca2 (0x008a1533) x10 0x00000000
core   0: 0x80005ca6 (0x039d4033) div     zero, s10, s9
core   0: 3 0x80005ca6 (0x039d4033)
core   0: 0x80005caa (0x41bed7b3) sra     a5, t4, s11
core   0: 3 0x80005caa (0x41bed7b3) x15 0x00000000
core   0: 0x80005cae (0xa923e293) ori     t0, t2, -1390
core   0: 3 0x80005cae (0xa923e293) x 5 0xfffffa92
core   0: 0x80005cb2 (0x00008c15) c.sub   s0, a3
core   0: 3 0x80005cb2 (0x8c15) x 8 0x00000000
core   0: 0x80005cb4 (0x00009d16) c.add   s10, t0
core   0: 3 0x80005cb4 (0x9d16) x26 0xa6475a92
core   0: 0x80005cb6 (0x00dd1a33) sll     s4, s10, a3
core   0: 3 0x80005cb6 (0x00dd1a33) x20 0xa6475a92
core   0: 0x80005cba (0x00008da9) c.xor   a1, a0
core   0: 3 0x80005cba (0x8da9) x11 0xfffffd2a
core   0: 0x80005cbc (0x000085b1) c.srai  a1, 12
core   0: 3 0x80005cbc (0x85b1) x11 0xffffffff
core   0: 0x80005cbe (0x00cf75b3) and     a1, t5, a2
core   0: 3 0x80005cbe (0x00cf75b3) x11 0x00000000
core   0: 0x80005cc2 (0x00009bfd) c.andi  a5, -1
core   0: 3 0x80005cc2 (0x9bfd) x15 0x00000000
core   0: 0x80005cc4 (0x6ea40697) auipc   a3, 0x6ea40
core   0: 3 0x80005cc4 (0x6ea40697) x13 0xeea45cc4
core   0: 0x80005cc8 (0x23b87213) andi    tp, a6, 571
core   0: 3 0x80005cc8 (0x23b87213) x 4 0x00000000
core   0: 0x80005ccc (0xb9220093) addi    ra, tp, -1134
core   0: 3 0x80005ccc (0xb9220093) x 1 0xfffffb92
core   0: 0x80005cd0 (0x00008ef9) c.and   a3, a4
core   0: 3 0x80005cd0 (0x8ef9) x13 0x80005c44
core   0: 0x80005cd2 (0x013d6cb3) or      s9, s10, s3
core   0: 3 0x80005cd2 (0x013d6cb3) x25 0xa75f5ef6
core   0: 0x80005cd6 (0xcff10197) auipc   gp, 0xcff10
core   0: 3 0x80005cd6 (0xcff10197) x 3 0x4ff15cd6
core   0: 0x80005cda (0x00008d39) c.xor   a0, a4
core   0: 3 0x80005cda (0x8d39) x10 0x8000fe64
core   0: 0x80005cdc (0x00056cb3) or      s9, a0, zero
core   0: 3 0x80005cdc (0x00056cb3) x25 0x8000fe64
core   0: 0x80005ce0 (0x00008d51) c.or    a0, a2
core   0: 3 0x80005ce0 (0x8d51) x10 0xffffffff
core   0: 0x80005ce2 (0x40eb57b3) sra     a5, s6, a4
core   0: 3 0x80005ce2 (0x40eb57b3) x15 0x00000000
core   0: 0x80005ce6 (0x018a3333) sltu    t1, s4, s8
core   0: 3 0x80005ce6 (0x018a3333) x 6 0x00000000
core   0: 0x80005cea (0xf9455cb7) lui     s9, 0xf9455
core   0: 3 0x80005cea (0xf9455cb7) x25 0xf9455000
core   0: 0x80005cee (0x01f33633) sltu    a2, t1, t6
core   0: 3 0x80005cee (0x01f33633) x12 0x00000000
core   0: 0x80005cf2 (0x00005a7d) c.li    s4, -1
core   0: 3 0x80005cf2 (0x5a7d) x20 0xffffffff
core   0: 0x80005cf4 (0x41ffd693) srai    a3, t6, 31
core   0: 3 0x80005cf4 (0x41ffd693) x13 0x00000000
core   0: 0x80005cf8 (0x0000662d) c.lui   a2, 0xb
core   0: 3 0x80005cf8 (0x662d) x12 0x0000b000
core   0: 0x80005cfa (0x038bfe33) remu    t3, s7, s8
core   0: 3 0x80005cfa (0x038bfe33) x28 0x00000013
core   0: 0x80005cfe (0x004ef8b3) and     a7, t4, tp
core   0: 3 0x80005cfe (0x004ef8b3) x17 0x00000000
core   0: 0x80005d02 (0x00000f8a) c.slli  t6, 2
core   0: 3 0x80005d02 (0x0f8a) x31 0x00000000
core   0: 0x80005d04 (0x03a2f033) remu    zero, t0, s10
core   0: 3 0x80005d04 (0x03a2f033)
core   0: 0x80005d08 (0x01af41b3) xor     gp, t5, s10
core   0: 3 0x80005d08 (0x01af41b3) x 3 0xa6475a92
core   0: 0x80005d0c (0x407808b3) sub     a7, a6, t2
core   0: 3 0x80005d0c (0x407808b3) x17 0x0000f000
core   0: 0x80005d10 (0x00000aae) c.slli  s5, 11
core   0: 3 0x80005d10 (0x0aae) x21 0xfffff800
core   0: 0x80005d12 (0x00001efd) c.addi  t4, -1
core   0: 3 0x80005d12 (0x1efd) x29 0xffffffff
core   0: 0x80005d14 (0x00004979) c.li    s2, 30
core   0: 3 0x80005d14 (0x4979) x18 0x0000001e
core   0: 0x80005d16 (0x00000001) c.nop
core   0: 3 0x80005d16 (0x0001)
core   0: 0x80005d18 (0x01fea0b3) slt     ra, t4, t6
core   0: 3 0x80005d18 (0x01fea0b3) x 1 0x00000001
core   0: 0x80005d1c (0x00000a99) c.addi  s5, 6
core   0: 3 0x80005d1c (0x0a99) x21 0xfffff806
core   0: 0x80005d1e (0x02815d33) divu    s10, sp, s0
core   0: 3 0x80005d1e (0x02815d33) x26 0xffffffff
core   0: 0x80005d22 (0x3854c913) xori    s2, s1, 901
core   0: 3 0x80005d22 (0x3854c913) x18 0x00000385
core   0: 0x80005d26 (0xf68b4c97) auipc   s9, 0xf68b4
core   0: 3 0x80005d26 (0xf68b4c97) x25 0x768b9d26
core   0: 0x80005d2a (0x0000952e) c.add   a0, a1
core   0: 3 0x80005d2a (0x952e) x10 0xffffffff
core   0: 0x80005d2c (0x00df1c93) slli    s9, t5, 13
core   0: 3 0x80005d2c (0x00df1c93) x25 0x00000000
core   0: 0x80005d30 (0x00005e7d) c.li    t3, -1
core   0: 3 0x80005d30 (0x5e7d) x28 0xffffffff
core   0: 0x80005d32 (0x966a8d13) addi    s10, s5, -1690
core   0: 3 0x80005d32 (0x966a8d13) x26 0xfffff16c
core   0: 0x80005d36 (0x00008fc5) c.or    a5, s1
core   0: 3 0x80005d36 (0x8fc5) x15 0x00000000
core   0: 0x80005d38 (0x00008ae5) c.andi  a3, 25
core   0: 3 0x80005d38 (0x8ae5) x13 0x00000000
core   0: 0x80005d3a (0x0203e6b3) rem     a3, t2, zero
core   0: 3 0x80005d3a (0x0203e6b3) x13 0x00000000
core   0: 0x80005d3e (0x00000fc6) c.slli  t6, 17
core   0: 3 0x80005d3e (0x0fc6) x31 0x00000000
core   0: 0x80005d40 (0x00000001) c.nop
core   0: 3 0x80005d40 (0x0001)
core   0: 0x80005d42 (0x035ea3b3) mulhsu  t2, t4, s5
core   0: 3 0x80005d42 (0x035ea3b3) x 7 0xffffffff
core   0: 0x80005d46 (0x03402b33) mulhsu  s6, zero, s4
core   0: 3 0x80005d46 (0x03402b33) x22 0x00000000
core   0: 0x80005d4a (0x017e1393) slli    t2, t3, 23
core   0: 3 0x80005d4a (0x017e1393) x 7 0xff800000
core   0: 0x80005d4e (0x69aaca93) xori    s5, s5, 1690
core   0: 3 0x80005d4e (0x69aaca93) x21 0xfffffe9c
core   0: 0x80005d52 (0x039d2f33) mulhsu  t5, s10, s9
core   0: 3 0x80005d52 (0x039d2f33) x30 0x00000000
core   0: 0x80005d56 (0x03a94533) div     a0, s2, s10
core   0: 3 0x80005d56 (0x03a94533) x10 0x00000000
core   0: 0x80005d5a (0xbfba8093) addi    ra, s5, -1029
core   0: 3 0x80005d5a (0xbfba8093) x 1 0xfffffa97
core   0: 0x80005d5e (0x00008c4a) c.mv    s8, s2
core   0: 3 0x80005d5e (0x8c4a) x24 0x00000385
core   0: 0x80005d60 (0x00008d5d) c.or    a0, a5
core   0: 3 0x80005d60 (0x8d5d) x10 0x00000000
core   0: 0x80005d62 (0x0022a8b3) slt     a7, t0, sp
core   0: 3 0x80005d62 (0x0022a8b3) x17 0x00000000
core   0: 0x80005d66 (0x916c2813) slti    a6, s8, -1770
core   0: 3 0x80005d66 (0x916c2813) x16 0x00000000
core   0: 0x80005d6a (0x50462813) slti    a6, a2, 1284
core   0: 3 0x80005d6a (0x50462813) x16 0x00000000
core   0: 0x80005d6e (0x41e50c33) sub     s8, a0, t5
core   0: 3 0x80005d6e (0x41e50c33) x24 0x00000000
core   0: 0x80005d72 (0x00008a7a) c.mv    s4, t5
core   0: 3 0x80005d72 (0x8a7a) x20 0x00000000
core   0: 0x80005d74 (0x03faea33) rem     s4, s5, t6
core   0: 3 0x80005d74 (0x03faea33) x20 0xfffffe9c
core   0: 0x80005d78 (0x409204b3) sub     s1, tp, s1
core   0: 3 0x80005d78 (0x409204b3) x 9 0x00000000
core   0: 0x80005d7c (0x01131413) slli    s0, t1, 17
core   0: 3 0x80005d7c (0x01131413) x 8 0x00000000
core   0: 0x80005d80 (0x00008b9d) c.andi  a5, 7
core   0: 3 0x80005d80 (0x8b9d) x15 0x00000000
core   0: 0x80005d82 (0x31854f13) xori    t5, a0, 792
core   0: 3 0x80005d82 (0x31854f13) x30 0x00000318
core   0: 0x80005d86 (0x0155e6b3) or      a3, a1, s5
core   0: 3 0x80005d86 (0x0155e6b3) x13 0xfffffe9c
core   0: 0x80005d8a (0x16f86813) ori     a6, a6, 367
core   0: 3 0x80005d8a (0x16f86813) x16 0x0000016f
core   0: 0x80005d8e (0x0298fab3) remu    s5, a7, s1
core   0: 3 0x80005d8e (0x0298fab3) x21 0x00000000
core   0: 0x80005d92 (0x00008e09) c.sub   a2, a0
core   0: 3 0x80005d92 (0x8e09) x12 0x0000b000
core   0: 0x80005d94 (0x277b00b7) lui     ra, 0x277b0
core   0: 3 0x80005d94 (0x277b00b7) x 1 0x277b0000
core   0: 0x80005d98 (0x01606633) or      a2, zero, s6
core   0: 3 0x80005d98 (0x01606633) x12 0x00000000
core   0: 0x80005d9c (0x00a36933) or      s2, t1, a0
core   0: 3 0x80005d9c (0x00a36933) x18 0x00000000
core   0: 0x80005da0 (0x00008d1d) c.sub   a0, a5
core   0: 3 0x80005da0 (0x8d1d) x10 0x00000000
core   0: 0x80005da2 (0x00000001) c.nop
core   0: 3 0x80005da2 (0x0001)
core   0: 0x80005da4 (0x98203e37) lui     t3, 0x98203
core   0: 3 0x80005da4 (0x98203e37) x28 0x98203000
core   0: 0x80005da8 (0x03c9b633) mulhu   a2, s3, t3
core   0: 3 0x80005da8 (0x03c9b633) x12 0x4e0cd5af
core   0: 0x80005dac (0x4026d5b3) sra     a1, a3, sp
core   0: 3 0x80005dac (0x4026d5b3) x11 0xffffffe9
core   0: 0x80005db0 (0x00009e06) c.add   t3, ra
core   0: 3 0x80005db0 (0x9e06) x28 0xbf9b3000
core   0: 0x80005db2 (0x41025893) srai    a7, tp, 16
core   0: 3 0x80005db2 (0x41025893) x17 0x00000000
core   0: 0x80005db6 (0x02d18033) mul     zero, gp, a3
core   0: 3 0x80005db6 (0x02d18033)
core   0: 0x80005dba (0x00009b33) sll     s6, ra, zero
core   0: 3 0x80005dba (0x00009b33) x22 0x277b0000
core   0: 0x80005dbe (0x40fddd13) srai    s10, s11, 15
core   0: 3 0x80005dbe (0x40fddd13) x26 0xffff0000
core   0: 0x80005dc2 (0x00000001) c.nop
core   0: 3 0x80005dc2 (0x0001)
core   0: 0x80005dc4 (0x000099fd) c.andi  a1, -1
core   0: 3 0x80005dc4 (0x99fd) x11 0xffffffe9
core   0: 0x80005dc6 (0x03542fb3) mulhsu  t6, s0, s5
core   0: 3 0x80005dc6 (0x03542fb3) x31 0x00000000
core   0: 0x80005dca (0x0000899d) c.andi  a1, 7
core   0: 3 0x80005dca (0x899d) x11 0x00000001
core   0: 0x80005dcc (0x63a82913) slti    s2, a6, 1594
core   0: 3 0x80005dcc (0x63a82913) x18 0x00000001
core   0: 0x80005dd0 (0x00884fb3) xor     t6, a6, s0
core   0: 3 0x80005dd0 (0x00884fb3) x31 0x0000016f
core   0: 0x80005dd4 (0x00359d13) slli    s10, a1, 3
core   0: 3 0x80005dd4 (0x00359d13) x26 0x00000008
core   0: 0x80005dd8 (0x00008d6d) c.and   a0, a1
core   0: 3 0x80005dd8 (0x8d6d) x10 0x00000000
core   0: 0x80005dda (0x7d2e0e93) addi    t4, t3, 2002
core   0: 3 0x80005dda (0x7d2e0e93) x29 0xbf9b37d2
core   0: 0x80005dde (0x409a5093) srai    ra, s4, 9
core   0: 3 0x80005dde (0x409a5093) x 1 0xffffffff
core   0: 0x80005de2 (0x00b280b3) add     ra, t0, a1
core   0: 3 0x80005de2 (0x00b280b3) x 1 0xfffffa93
core   0: 0x80005de6 (0x03e5fd33) remu    s10, a1, t5
core   0: 3 0x80005de6 (0x03e5fd33) x26 0x00000001
core   0: 0x80005dea (0x00008cda) c.mv    s9, s6
core   0: 3 0x80005dea (0x8cda) x25 0x277b0000
core   0: 0x80005dec (0x027873b3) remu    t2, a6, t2
core   0: 3 0x80005dec (0x027873b3) x 7 0x0000016f
core   0: 0x80005df0 (0x0000537d) c.li    t1, -1
core   0: 3 0x80005df0 (0x537d) x 6 0xffffffff
core   0: 0x80005df2 (0x011809b3) add     s3, a6, a7
core   0: 3 0x80005df2 (0x011809b3) x19 0x0000016f
core   0: 0x80005df6 (0x01e35c93) srli    s9, t1, 30
core   0: 3 0x80005df6 (0x01e35c93) x25 0x00000003
core   0: 0x80005dfa (0x00665433) srl     s0, a2, t1
core   0: 3 0x80005dfa (0x00665433) x 8 0x00000000
core   0: 0x80005dfe (0x012d2d33) slt     s10, s10, s2
core   0: 3 0x80005dfe (0x012d2d33) x26 0x00000000
core   0: 0x80005e02 (0x00009aea) c.add   s5, s10
core   0: 3 0x80005e02 (0x9aea) x21 0x00000000
core   0: 0x80005e04 (0x012d82b3) add     t0, s11, s2
core   0: 3 0x80005e04 (0x012d82b3) x 5 0x80000001
core   0: 0x80005e08 (0x0110e633) or      a2, ra, a7
core   0: 3 0x80005e08 (0x0110e633) x12 0xfffffa93
core   0: 0x80005e0c (0x011a1433) sll     s0, s4, a7
core   0: 3 0x80005e0c (0x011a1433) x 8 0xfffffe9c
core   0: 0x80005e10 (0x017de0b3) or      ra, s11, s7
core   0: 3 0x80005e10 (0x017de0b3) x 1 0x80000013
core   0: 0x80005e14 (0x00008e11) c.sub   a2, a2
core   0: 3 0x80005e14 (0x8e11) x12 0x00000000
core   0: 0x80005e16 (0x000088f9) c.andi  s1, 30
core   0: 3 0x80005e16 (0x88f9) x 9 0x00000000
core   0: 0x80005e18 (0x00000001) c.nop
core   0: 3 0x80005e18 (0x0001)
core   0: 0x80005e1a (0x407ed293) srai    t0, t4, 7
core   0: 3 0x80005e1a (0x407ed293) x 5 0xff7f366f
core   0: 0x80005e1e (0x02529033) mulh    zero, t0, t0
core   0: 3 0x80005e1e (0x02529033)
core   0: 0x80005e22 (0x03def033) remu    zero, t4, t4
core   0: 3 0x80005e22 (0x03def033)
core   0: 0x80005e26 (0x57a34d17) auipc   s10, 0x57a34
core   0: 3 0x80005e26 (0x57a34d17) x26 0xd7a39e26
core   0: 0x80005e2a (0x00000001) c.nop
core   0: 3 0x80005e2a (0x0001)
core   0: 0x80005e2c (0x00000001) c.nop
core   0: 3 0x80005e2c (0x0001)
core   0: 0x80005e2e (0x007658b3) srl     a7, a2, t2
core   0: 3 0x80005e2e (0x007658b3) x17 0x00000000
core   0: 0x80005e32 (0x000049e5) c.li    s3, 25
core   0: 3 0x80005e32 (0x49e5) x19 0x00000019
core   0: 0x80005e34 (0x00008e89) c.sub   a3, a0
core   0: 3 0x80005e34 (0x8e89) x13 0xfffffe9c
core   0: 0x80005e36 (0x00a58d33) add     s10, a1, a0
core   0: 3 0x80005e36 (0x00a58d33) x26 0x00000001
core   0: 0x80005e3a (0x40578eb3) sub     t4, a5, t0
core   0: 3 0x80005e3a (0x40578eb3) x29 0x0080c991
core   0: 0x80005e3e (0x00008565) c.srai  a0, 25
core   0: 3 0x80005e3e (0x8565) x10 0x00000000
core   0: 0x80005e40 (0xdf653013) sltiu   zero, a0, -522
core   0: 3 0x80005e40 (0xdf653013)
core   0: 0x80005e44 (0x00ea5993) srli    s3, s4, 14
core   0: 3 0x80005e44 (0x00ea5993) x19 0x0003ffff
core   0: 0x80005e48 (0x37616893) ori     a7, sp, 886
core   0: 3 0x80005e48 (0x37616893) x17 0x80013ff6
core   0: 0x80005e4c (0x000005c2) c.slli  a1, 16
core   0: 3 0x80005e4c (0x05c2) x11 0x00010000
core   0: 0x80005e4e (0x0000825d) c.srli  a2, 23
core   0: 3 0x80005e4e (0x825d) x12 0x00000000
core   0: 0x80005e50 (0x00008c12) c.mv    s8, tp
core   0: 3 0x80005e50 (0x8c12) x24 0x00000000
core   0: 0x80005e52 (0x00004f45) c.li    t5, 17
core   0: 3 0x80005e52 (0x4f45) x30 0x00000011
core   0: 0x80005e54 (0x00008446) c.mv    s0, a7
core   0: 3 0x80005e54 (0x8446) x 8 0x80013ff6
core   0: 0x80005e56 (0x0000858d) c.srai  a1, 3
core   0: 3 0x80005e56 (0x858d) x11 0x00002000
core   0: 0x80005e58 (0x02bebfb3) mulhu   t6, t4, a1
core   0: 3 0x80005e58 (0x02bebfb3) x31 0x00000010
core   0: 0x80005e5c (0x00009a1e) c.add   s4, t2
core   0: 3 0x80005e5c (0x9a1e) x20 0x0000000b
core   0: 0x80005e5e (0x40cd05b3) sub     a1, s10, a2
core   0: 3 0x80005e5e (0x40cd05b3) x11 0x00000001
core   0: 0x80005e62 (0x00009afd) c.andi  a3, -1
core   0: 3 0x80005e62 (0x9afd) x13 0xfffffe9c
core   0: 0x80005e64 (0xf82da793) slti    a5, s11, -126
core   0: 3 0x80005e64 (0xf82da793) x15 0x00000001
core   0: 0x80005e68 (0x001ed513) srli    a0, t4, 1
core   0: 3 0x80005e68 (0x001ed513) x10 0x004064c8
core   0: 0x80005e6c (0x015d9533) sll     a0, s11, s5
core   0: 3 0x80005e6c (0x015d9533) x10 0x80000000
core   0: 0x80005e70 (0x000083a9) c.srli  a5, 10
core   0: 3 0x80005e70 (0x83a9) x15 0x00000000
core   0: 0x80005e72 (0x00004c01) c.li    s8, 0
core   0: 3 0x80005e72 (0x4c01) x24 0x00000000
core   0: 0x80005e74 (0x00004b01) c.li    s6, 0
core   0: 3 0x80005e74 (0x4b01) x22 0x00000000
core   0: 0x80005e76 (0x800000b7) lui     ra, 0x80000
core   0: 3 0x80005e76 (0x800000b7) x 1 0x80000000
core   0: 0x80005e7a (0xfff00693) li      a3, -1
core   0: 3 0x80005e7a (0xfff00693) x13 0xffffffff
core   0: 0x80005e7e (0x3196bab7) lui     s5, 0x3196b
core   0: 3 0x80005e7e (0x3196bab7) x21 0x3196b000
core   0: 0x80005e82 (0xdaaa8a93) addi    s5, s5, -598
core   0: 3 0x80005e82 (0xdaaa8a93) x21 0x3196adaa
core   0: 0x80005e86 (0x80000d37) lui     s10, 0x80000
core   0: 3 0x80005e86 (0x80000d37) x26 0x80000000
core   0: 0x80005e8a (0x00004e01) c.li    t3, 0
core   0: 3 0x80005e8a (0x4e01) x28 0x00000000
core   0: 0x80005e8c (0x800005b7) lui     a1, 0x80000
core   0: 3 0x80005e8c (0x800005b7) x11 0x80000000
core   0: 0x80005e90 (0x800002b7) lui     t0, 0x80000
core   0: 3 0x80005e90 (0x800002b7) x 5 0x80000000
core   0: 0x80005e94 (0xfff00a13) li      s4, -1
core   0: 3 0x80005e94 (0xfff00a13) x20 0xffffffff
core   0: 0x80005e98 (0x0342a6b3) mulhsu  a3, t0, s4
core   0: 3 0x80005e98 (0x0342a6b3) x13 0x80000000
core   0: 0x80005e9c (0x034a7ab3) remu    s5, s4, s4
core   0: 3 0x80005e9c (0x034a7ab3) x21 0x00000000
core   0: 0x80005ea0 (0x8b1a8b13) addi    s6, s5, -1871
core   0: 3 0x80005ea0 (0x8b1a8b13) x22 0xfffff8b1
core   0: 0x80005ea4 (0x00000001) c.nop
core   0: 3 0x80005ea4 (0x0001)
core   0: 0x80005ea6 (0x03858b33) mul     s6, a1, s8
core   0: 3 0x80005ea6 (0x03858b33) x22 0x00000000
core   0: 0x80005eaa (0x30babb17) auipc   s6, 0x30bab
core   0: 3 0x80005eaa (0x30babb17) x22 0xb0bb0eaa
core   0: 0x80005eae (0x0340c5b3) div     a1, ra, s4
core   0: 3 0x80005eae (0x0340c5b3) x11 0x80000000
core   0: 0x80005eb2 (0x02b090b3) mulh    ra, ra, a1
core   0: 3 0x80005eb2 (0x02b090b3) x 1 0x40000000
core   0: 0x80005eb6 (0x025a0ab3) mul     s5, s4, t0
core   0: 3 0x80005eb6 (0x025a0ab3) x21 0x80000000
core   0: 0x80005eba (0x036692b3) mulh    t0, a3, s6
core   0: 3 0x80005eba (0x036692b3) x 5 0x27a278ab
core   0: 0x80005ebe (0x025b7a33) remu    s4, s6, t0
core   0: 3 0x80005ebe (0x025b7a33) x20 0x12312bfe
core   0: 0x80005ec2 (0x03aa16b3) mulh    a3, s4, s10
core   0: 3 0x80005ec2 (0x03aa16b3) x13 0xf6e76a01
core   0: 0x80005ec6 (0xdae37ab7) lui     s5, 0xdae37
core   0: 3 0x80005ec6 (0xdae37ab7) x21 0xdae37000
core   0: 0x80005eca (0xc52a05b7) lui     a1, 0xc52a0
core   0: 3 0x80005eca (0xc52a05b7) x11 0xc52a0000
core   0: 0x80005ece (0x02dd16b3) mulh    a3, s10, a3
core   0: 3 0x80005ece (0x02dd16b3) x13 0x048c4aff
core   0: 0x80005ed2 (0x40dd0b33) sub     s6, s10, a3
core   0: 3 0x80005ed2 (0x40dd0b33) x22 0x7b73b501
core   0: 0x80005ed6 (0x035c66b3) rem     a3, s8, s5
core   0: 3 0x80005ed6 (0x035c66b3) x13 0x00000000
core   0: 0x80005eda (0x036a9b33) mulh    s6, s5, s6
core   0: 3 0x80005eda (0x036a9b33) x22 0xee1a80bd
core   0: 0x80005ede (0x00009e2e) c.add   t3, a1
core   0: 3 0x80005ede (0x9e2e) x28 0xc52a0000
core   0: 0x80005ee0 (0x035e05b3) mul     a1, t3, s5
core   0: 3 0x80005ee0 (0x035e05b3) x11 0x60000000
core   0: 0x80005ee4 (0x035d6d33) rem     s10, s10, s5
core   0: 3 0x80005ee4 (0x035d6d33) x26 0xef55b000
core   0: 0x80005ee8 (0x03409ab3) mulh    s5, ra, s4
core   0: 3 0x80005ee8 (0x03409ab3) x21 0x048c4aff
core   0: 0x80005eec (0x025a55b3) divu    a1, s4, t0
core   0: 3 0x80005eec (0x025a55b3) x11 0x00000000
core   0: 0x80005ef0 (0x0210ad33) mulhsu  s10, ra, ra
core   0: 3 0x80005ef0 (0x0210ad33) x26 0x10000000
core   0: 0x80005ef4 (0x03c0f5b3) remu    a1, ra, t3
core   0: 3 0x80005ef4 (0x03c0f5b3) x11 0x40000000
core   0: 0x80005ef8 (0x038b50b3) divu    ra, s6, s8
core   0: 3 0x80005ef8 (0x038b50b3) x 1 0xffffffff
core   0: 0x80005efc (0x03cc30b3) mulhu   ra, s8, t3
core   0: 3 0x80005efc (0x03cc30b3) x 1 0x00000000
core   0: 0x80005f00 (0x00008e05) c.sub   a2, s1
core   0: 3 0x80005f00 (0x8e05) x12 0x00000000
core   0: 0x80005f02 (0x00008de9) c.and   a1, a0
core   0: 3 0x80005f02 (0x8de9) x11 0x00000000
core   0: 0x80005f04 (0x40755193) srai    gp, a0, 7
core   0: 3 0x80005f04 (0x40755193) x 3 0xff000000
core   0: 0x80005f08 (0x00008c1a) c.mv    s8, t1
core   0: 3 0x80005f08 (0x8c1a) x24 0xffffffff
core   0: 0x80005f0a (0x000065fd) c.lui   a1, 0x1f
core   0: 3 0x80005f0a (0x65fd) x11 0x0001f000
core   0: 0x80005f0c (0x00e106b3) add     a3, sp, a4
core   0: 3 0x80005f0c (0x00e106b3) x13 0x00023b48
core   0: 0x80005f10 (0x00008ee9) c.and   a3, a0
core   0: 3 0x80005f10 (0x8ee9) x13 0x00000000
core   0: 0x80005f12 (0x401fdcb3) sra     s9, t6, ra
core   0: 3 0x80005f12 (0x401fdcb3) x25 0x00000010
core   0: 0x80005f16 (0xb9796397) auipc   t2, 0xb9796
core   0: 3 0x80005f16 (0xb9796397) x 7 0x3979bf16
core   0: 0x80005f1a (0x402e07b3) sub     a5, t3, sp
core   0: 3 0x80005f1a (0x402e07b3) x15 0x4528c31c
core   0: 0x80005f1e (0x012a1f13) slli    t5, s4, 18
core   0: 3 0x80005f1e (0x012a1f13) x30 0xaff80000
core   0: 0x80005f22 (0x000066d1) c.lui   a3, 0x14
core   0: 3 0x80005f22 (0x66d1) x13 0x00014000
core   0: 0x80005f24 (0x0003a9b3) slt     s3, t2, zero
core   0: 3 0x80005f24 (0x0003a9b3) x19 0x00000000
core   0: 0x80005f28 (0x0265ef33) rem     t5, a1, t1
core   0: 3 0x80005f28 (0x0265ef33) x30 0x00000000
core   0: 0x80005f2c (0x001fa033) slt     zero, t6, ra
core   0: 3 0x80005f2c (0x001fa033)
core   0: 0x80005f30 (0x008f71b3) and     gp, t5, s0
core   0: 3 0x80005f30 (0x008f71b3) x 3 0x00000000
core   0: 0x80005f34 (0xff234f13) xori    t5, t1, -14
core   0: 3 0x80005f34 (0xff234f13) x30 0x0000000d
core   0: 0x80005f38 (0x407b0033) sub     zero, s6, t2
core   0: 3 0x80005f38 (0x407b0033)
core   0: 0x80005f3c (0x0252d933) divu    s2, t0, t0
core   0: 3 0x80005f3c (0x0252d933) x18 0x00000001
core   0: 0x80005f40 (0x49b19437) lui     s0, 0x49b19
core   0: 3 0x80005f40 (0x49b19437) x 8 0x49b19000
core   0: 0x80005f44 (0x00008a7d) c.andi  a2, 31
core   0: 3 0x80005f44 (0x8a7d) x12 0x00000000
core   0: 0x80005f46 (0x008229b3) slt     s3, tp, s0
core   0: 3 0x80005f46 (0x008229b3) x19 0x00000001
core   0: 0x80005f4a (0x41155813) srai    a6, a0, 17
core   0: 3 0x80005f4a (0x41155813) x16 0xffffc000
core   0: 0x80005f4e (0x00000001) c.nop
core   0: 3 0x80005f4e (0x0001)
core   0: 0x80005f50 (0x03063533) mulhu   a0, a2, a6
core   0: 3 0x80005f50 (0x03063533) x10 0x00000000
core   0: 0x80005f54 (0x00008c41) c.or    s0, s0
core   0: 3 0x80005f54 (0x8c41) x 8 0x49b19000
core   0: 0x80005f56 (0x1ae67c13) andi    s8, a2, 430
core   0: 3 0x80005f56 (0x1ae67c13) x24 0x00000000
core   0: 0x80005f5a (0x01cbe0b3) or      ra, s7, t3
core   0: 3 0x80005f5a (0x01cbe0b3) x 1 0xc52a0013
core   0: 0x80005f5e (0x02dfd9b3) divu    s3, t6, a3
core   0: 3 0x80005f5e (0x02dfd9b3) x19 0x00000000
core   0: 0x80005f62 (0x1ae53993) sltiu   s3, a0, 430
core   0: 3 0x80005f62 (0x1ae53993) x19 0x00000001
core   0: 0x80005f66 (0x000080a1) c.srli  s1, 8
core   0: 3 0x80005f66 (0x80a1) x 9 0x00000000
core   0: 0x80005f68 (0x00000001) c.nop
core   0: 3 0x80005f68 (0x0001)
core   0: 0x80005f6a (0x00474c33) xor     s8, a4, tp
core   0: 3 0x80005f6a (0x00474c33) x24 0x8000fe64
core   0: 0x80005f6e (0x033630b3) mulhu   ra, a2, s3
core   0: 3 0x80005f6e (0x033630b3) x 1 0x00000000
core   0: 0x80005f72 (0xb8f8b013) sltiu   zero, a7, -1137
core   0: 3 0x80005f72 (0xb8f8b013)
core   0: 0x80005f76 (0xfd7b0093) addi    ra, s6, -41
core   0: 3 0x80005f76 (0xfd7b0093) x 1 0xee1a8094
core   0: 0x80005f7a (0x27a57917) auipc   s2, 0x27a57
core   0: 3 0x80005f7a (0x27a57917) x18 0xa7a5cf7a
core   0: 0x80005f7e (0x00009822) c.add   a6, s0
core   0: 3 0x80005f7e (0x9822) x16 0x49b15000
core   0: 0x80005f80 (0x00895d33) srl     s10, s2, s0
core   0: 3 0x80005f80 (0x00895d33) x26 0xa7a5cf7a
core   0: 0x80005f84 (0x01883033) sltu    zero, a6, s8
core   0: 3 0x80005f84 (0x01883033)
core   0: 0x80005f88 (0x00000001) c.nop
core   0: 3 0x80005f88 (0x0001)
core   0: 0x80005f8a (0x400fd793) srai    a5, t6, 0
core   0: 3 0x80005f8a (0x400fd793) x15 0x00000010
core   0: 0x80005f8e (0x01876c33) or      s8, a4, s8
core   0: 3 0x80005f8e (0x01876c33) x24 0x8000fe64
core   0: 0x80005f92 (0x0061dc13) srli    s8, gp, 6
core   0: 3 0x80005f92 (0x0061dc13) x24 0x00000000
core   0: 0x80005f96 (0x00008865) c.andi  s0, 25
core   0: 3 0x80005f96 (0x8865) x 8 0x00000000
core   0: 0x80005f98 (0x00000001) c.nop
core   0: 3 0x80005f98 (0x0001)
core   0: 0x80005f9a (0x01879a13) slli    s4, a5, 24
core   0: 3 0x80005f9a (0x01879a13) x20 0x10000000
core   0: 0x80005f9e (0x01781a13) slli    s4, a6, 23
core   0: 3 0x80005f9e (0x01781a13) x20 0x00000000
core   0: 0x80005fa2 (0x01bad793) srli    a5, s5, 27
core   0: 3 0x80005fa2 (0x01bad793) x15 0x00000000
core   0: 0x80005fa6 (0x39193013) sltiu   zero, s2, 913
core   0: 3 0x80005fa6 (0x39193013)
core   0: 0x80005faa (0x01bb6fb3) or      t6, s6, s11
core   0: 3 0x80005faa (0x01bb6fb3) x31 0xee1a80bd
core   0: 0x80005fae (0x40ec0433) sub     s0, s8, a4
core   0: 3 0x80005fae (0x40ec0433) x 8 0x7fff019c
core   0: 0x80005fb2 (0x00d8b233) sltu    tp, a7, a3
core   0: 3 0x80005fb2 (0x00d8b233) x 4 0x00000000
core   0: 0x80005fb6 (0x0000137d) c.addi  t1, -1
core   0: 3 0x80005fb6 (0x137d) x 6 0xfffffffe
core   0: 0x80005fb8 (0x00008235) c.srli  a2, 13
core   0: 3 0x80005fb8 (0x8235) x12 0x00000000
core   0: 0x80005fba (0x00008a46) c.mv    s4, a7
core   0: 3 0x80005fba (0x8a46) x20 0x80013ff6
core   0: 0x80005fbc (0x004547b3) xor     a5, a0, tp
core   0: 3 0x80005fbc (0x004547b3) x15 0x00000000
core   0: 0x80005fc0 (0x037be2b3) rem     t0, s7, s7
core   0: 3 0x80005fc0 (0x037be2b3) x 5 0x00000000
core   0: 0x80005fc4 (0x00000001) c.nop
core   0: 3 0x80005fc4 (0x0001)
core   0: 0x80005fc6 (0x29004c93) xori    s9, zero, 656
core   0: 3 0x80005fc6 (0x29004c93) x25 0x00000290
core   0: 0x80005fca (0x03a0d333) divu    t1, ra, s10
core   0: 3 0x80005fca (0x03a0d333) x 6 0x00000001
core   0: 0x80005fce (0x70d0e313) ori     t1, ra, 1805
core   0: 3 0x80005fce (0x70d0e313) x 6 0xee1a879d
core   0: 0x80005fd2 (0x00006251) c.lui   tp, 0x14
core   0: 3 0x80005fd2 (0x6251) x 4 0x00014000
core   0: 0x80005fd4 (0x00000001) c.nop
core   0: 3 0x80005fd4 (0x0001)
core   0: 0x80005fd6 (0x000087dd) c.srai  a5, 23
core   0: 3 0x80005fd6 (0x87dd) x15 0x00000000
core   0: 0x80005fd8 (0x00004505) c.li    a0, 1
core   0: 3 0x80005fd8 (0x4505) x10 0x00000001
core   0: 0x80005fda (0x000016fd) c.addi  a3, -1
core   0: 3 0x80005fda (0x16fd) x13 0x00013fff
core   0: 0x80005fdc (0x400e0833) sub     a6, t3, zero
core   0: 3 0x80005fdc (0x400e0833) x16 0xc52a0000
core   0: 0x80005fe0 (0x001f1893) slli    a7, t5, 1
core   0: 3 0x80005fe0 (0x001f1893) x17 0x0000001a
core   0: 0x80005fe4 (0x00005a7d) c.li    s4, -1
core   0: 3 0x80005fe4 (0x5a7d) x20 0xffffffff
core   0: 0x80005fe6 (0x00d95bb3) srl     s7, s2, a3
core   0: 3 0x80005fe6 (0x00d95bb3) x23 0x00000001
core   0: 0x80005fea (0x00008c6d) c.and   s0, a1
core   0: 3 0x80005fea (0x8c6d) x 8 0x00010000
core   0: 0x80005fec (0x02753d33) mulhu   s10, a0, t2
core   0: 3 0x80005fec (0x02753d33) x26 0x00000000
core   0: 0x80005ff0 (0x00008e65) c.and   a2, s1
core   0: 3 0x80005ff0 (0x8e65) x12 0x00000000
core   0: 0x80005ff2 (0x0000147d) c.addi  s0, -1
core   0: 3 0x80005ff2 (0x147d) x 8 0x0000ffff
core   0: 0x80005ff4 (0x00009bfd) c.andi  a5, -1
core   0: 3 0x80005ff4 (0x9bfd) x15 0x00000000
core   0: 0x80005ff6 (0x00000c3d) c.addi  s8, 15
core   0: 3 0x80005ff6 (0x0c3d) x24 0x0000000f
core   0: 0x80005ff8 (0x03f15cb3) divu    s9, sp, t6
core   0: 3 0x80005ff8 (0x03f15cb3) x25 0x00000000
core   0: 0x80005ffc (0x0021d333) srl     t1, gp, sp
core   0: 3 0x80005ffc (0x0021d333) x 6 0x00000000
core   0: 0x80006000 (0xde2f6a93) ori     s5, t5, -542
core   0: 3 0x80006000 (0xde2f6a93) x21 0xfffffdef
core   0: 0x80006004 (0x00008cdd) c.or    s1, a5
core   0: 3 0x80006004 (0x8cdd) x 9 0x00000000
core   0: 0x80006006 (0x01f15e13) srli    t3, sp, 31
core   0: 3 0x80006006 (0x01f15e13) x28 0x00000001
core   0: 0x8000600a (0x0039e4b3) or      s1, s3, gp
core   0: 3 0x8000600a (0x0039e4b3) x 9 0x00000001
core   0: 0x8000600e (0x47dfb517) auipc   a0, 0x47dfb
core   0: 3 0x8000600e (0x47dfb517) x10 0xc7e0100e
core   0: 0x80006012 (0x00008c49) c.or    s0, a0
core   0: 3 0x80006012 (0x8c49) x 8 0xc7e0ffff
core   0: 0x80006014 (0x0187f6b3) and     a3, a5, s8
core   0: 3 0x80006014 (0x0187f6b3) x13 0x00000000
core   0: 0x80006018 (0x00008c89) c.sub   s1, a0
core   0: 3 0x80006018 (0x8c89) x 9 0x381feff3
core   0: 0x8000601a (0x02603d33) mulhu   s10, zero, t1
core   0: 3 0x8000601a (0x02603d33) x26 0x00000000
core   0: 0x8000601e (0x02efb333) mulhu   t1, t6, a4
core   0: 3 0x8000601e (0x02efb333) x 6 0x770e2cf9
core   0: 0x80006022 (0x01d0d7b3) srl     a5, ra, t4
core   0: 3 0x80006022 (0x01d0d7b3) x15 0x0000770d
core   0: 0x80006026 (0x00000b36) c.slli  s6, 13
core   0: 3 0x80006026 (0x0b36) x22 0x5017a000
core   0: 0x80006028 (0x0236b8b3) mulhu   a7, a3, gp
core   0: 3 0x80006028 (0x0236b8b3) x17 0x00000000
core   0: 0x8000602c (0x01f557b3) srl     a5, a0, t6
core   0: 3 0x8000602c (0x01f557b3) x15 0x00000006
core   0: 0x80006030 (0x0225d4b3) divu    s1, a1, sp
core   0: 3 0x80006030 (0x0225d4b3) x 9 0x00000000
core   0: 0x80006034 (0x413ade13) srai    t3, s5, 19
core   0: 3 0x80006034 (0x413ade13) x28 0xffffffff
core   0: 0x80006038 (0x8f1fe537) lui     a0, 0x8f1fe
core   0: 3 0x80006038 (0x8f1fe537) x10 0x8f1fe000
core   0: 0x8000603c (0x01110633) add     a2, sp, a7
core   0: 3 0x8000603c (0x01110633) x12 0x80013ce4
core   0: 0x80006040 (0x02b9b8b3) mulhu   a7, s3, a1
core   0: 3 0x80006040 (0x02b9b8b3) x17 0x00000000
core   0: 0x80006044 (0x0047c8b3) xor     a7, a5, tp
core   0: 3 0x80006044 (0x0047c8b3) x17 0x00014006
core   0: 0x80006048 (0x00bba4b3) slt     s1, s7, a1
core   0: 3 0x80006048 (0x00bba4b3) x 9 0x00000001
core   0: 0x8000604c (0x003c4633) xor     a2, s8, gp
core   0: 3 0x8000604c (0x003c4633) x12 0x0000000f
core   0: 0x80006050 (0x00000a92) c.slli  s5, 4
core   0: 3 0x80006050 (0x0a92) x21 0xffffdef0
core   0: 0x80006052 (0x00008f56) c.mv    t5, s5
core   0: 3 0x80006052 (0x8f56) x30 0xffffdef0
core   0: 0x80006054 (0x00a238b3) sltu    a7, tp, a0
core   0: 3 0x80006054 (0x00a238b3) x17 0x00000001
core   0: 0x80006058 (0x00000001) c.nop
core   0: 3 0x80006058 (0x0001)
core   0: 0x8000605a (0x0188a833) slt     a6, a7, s8
core   0: 3 0x8000605a (0x0188a833) x16 0x00000001
core   0: 0x8000605e (0x37367e13) andi    t3, a2, 883
core   0: 3 0x8000605e (0x37367e13) x28 0x00000003
core   0: 0x80006062 (0x00000979) c.addi  s2, 30
core   0: 3 0x80006062 (0x0979) x18 0xa7a5cf98
core   0: 0x80006064 (0x00c89533) sll     a0, a7, a2
core   0: 3 0x80006064 (0x00c89533) x10 0x00008000
core   0: 0x80006068 (0x5ea48637) lui     a2, 0x5ea48
core   0: 3 0x80006068 (0x5ea48637) x12 0x5ea48000
core   0: 0x8000606c (0x03dc5833) divu    a6, s8, t4
core   0: 3 0x8000606c (0x03dc5833) x16 0x00000000
core   0: 0x80006070 (0x000012fd) c.addi  t0, -1
core   0: 3 0x80006070 (0x12fd) x 5 0xffffffff
core   0: 0x80006072 (0x00000001) c.nop
core   0: 3 0x80006072 (0x0001)
core   0: 0x80006074 (0x614ae537) lui     a0, 0x614ae
core   0: 3 0x80006074 (0x614ae537) x10 0x614ae000
core   0: 0x80006078 (0x03a3ca33) div     s4, t2, s10
core   0: 3 0x80006078 (0x03a3ca33) x20 0xffffffff
core   0: 0x8000607c (0x77888217) auipc   tp, 0x77888
core   0: 3 0x8000607c (0x77888217) x 4 0xf788e07c
core   0: 0x80006080 (0x000086e5) c.srai  a3, 25
core   0: 3 0x80006080 (0x86e5) x13 0x00000000
core   0: 0x80006082 (0x59413393) sltiu   t2, sp, 1428
core   0: 3 0x80006082 (0x59413393) x 7 0x00000000
core   0: 0x80006086 (0x01163ab3) sltu    s5, a2, a7
core   0: 3 0x80006086 (0x01163ab3) x21 0x00000000
core   0: 0x8000608a (0x003831b3) sltu    gp, a6, gp
core   0: 3 0x8000608a (0x003831b3) x 3 0x00000000
core   0: 0x8000608e (0x000068f1) c.lui   a7, 0x1c
core   0: 3 0x8000608e (0x68f1) x17 0x0001c000
core   0: 0x80006090 (0x00000001) c.nop
core   0: 3 0x80006090 (0x0001)
core   0: 0x80006092 (0x00009472) c.add   s0, t3
core   0: 3 0x80006092 (0x9472) x 8 0xc7e10002
core   0: 0x80006094 (0x023af0b3) remu    ra, s5, gp
core   0: 3 0x80006094 (0x023af0b3) x 1 0x00000000
core   0: 0x80006098 (0x01ff5313) srli    t1, t5, 31
core   0: 3 0x80006098 (0x01ff5313) x 6 0x00000001
core   0: 0x8000609c (0x00008d09) c.sub   a0, a0
core   0: 3 0x8000609c (0x8d09) x10 0x00000000
core   0: 0x8000609e (0x01700a33) add     s4, zero, s7
core   0: 3 0x8000609e (0x01700a33) x20 0x00000001
core   0: 0x800060a2 (0x0163ae33) slt     t3, t2, s6
core   0: 3 0x800060a2 (0x0163ae33) x28 0x00000001
core   0: 0x800060a6 (0x00d445b3) xor     a1, s0, a3
core   0: 3 0x800060a6 (0x00d445b3) x11 0xc7e10002
core   0: 0x800060aa (0x0358aa33) mulhsu  s4, a7, s5
core   0: 3 0x800060aa (0x0358aa33) x20 0x00000000
core   0: 0x800060ae (0xe2ed0893) addi    a7, s10, -466
core   0: 3 0x800060ae (0xe2ed0893) x17 0xfffffe2e
core   0: 0x800060b2 (0x45a3ea93) ori     s5, t2, 1114
core   0: 3 0x800060b2 (0x45a3ea93) x21 0x0000045a
core   0: 0x800060b6 (0x031fcc33) div     s8, t6, a7
core   0: 3 0x800060b6 (0x031fcc33) x24 0x0009d4df
core   0: 0x800060ba (0x03c4c7b3) div     a5, s1, t3
core   0: 3 0x800060ba (0x03c4c7b3) x15 0x00000001
core   0: 0x800060be (0x00008da5) c.xor   a1, s1
core   0: 3 0x800060be (0x8da5) x11 0xc7e10003
core   0: 0x800060c0 (0x9916a213) slti    tp, a3, -1647
core   0: 3 0x800060c0 (0x9916a213) x 4 0x00000000
core   0: 0x800060c4 (0x00005a7d) c.li    s4, -1
core   0: 3 0x800060c4 (0x5a7d) x20 0xffffffff
core   0: 0x800060c6 (0x00008ec5) c.or    a3, s1
core   0: 3 0x800060c6 (0x8ec5) x13 0x00000001
core   0: 0x800060c8 (0x00000001) c.nop
core   0: 3 0x800060c8 (0x0001)
core   0: 0x800060ca (0x40c95693) srai    a3, s2, 12
core   0: 3 0x800060ca (0x40c95693) x13 0xfffa7a5c
core   0: 0x800060ce (0x039b44b3) div     s1, s6, s9
core   0: 3 0x800060ce (0x039b44b3) x 9 0xffffffff
core   0: 0x800060d2 (0x01fd62b3) or      t0, s10, t6
core   0: 3 0x800060d2 (0x01fd62b3) x 5 0xee1a80bd
core   0: 0x800060d6 (0x036f1633) mulh    a2, t5, s6
core   0: 3 0x800060d6 (0x036f1633) x12 0xfffff5a7
core   0: 0x800060da (0x00008d9d) c.sub   a1, a5
core   0: 3 0x800060da (0x8d9d) x11 0xc7e10002
core   0: 0x800060dc (0x0137a8b3) slt     a7, a5, s3
core   0: 3 0x800060dc (0x0137a8b3) x17 0x00000000
core   0: 0x800060e0 (0x02208333) mul     t1, ra, sp
core   0: 3 0x800060e0 (0x02208333) x 6 0x00000000
core   0: 0x800060e4 (0x00d6fc33) and     s8, a3, a3
core   0: 3 0x800060e4 (0x00d6fc33) x24 0xfffa7a5c
core   0: 0x800060e8 (0x0288e533) rem     a0, a7, s0
core   0: 3 0x800060e8 (0x0288e533) x10 0x00000000
core   0: 0x800060ec (0x00008175) c.srli  a0, 29
core   0: 3 0x800060ec (0x8175) x10 0x00000000
core   0: 0x800060ee (0x00008695) c.srai  a3, 5
core   0: 3 0x800060ee (0x8695) x13 0xffffd3d2
core   0: 0x800060f0 (0x019bfe33) and     t3, s7, s9
core   0: 3 0x800060f0 (0x019bfe33) x28 0x00000000
core   0: 0x800060f4 (0x00cb5433) srl     s0, s6, a2
core   0: 3 0x800060f4 (0x00cb5433) x 8 0x00a02f40
core   0: 0x800060f8 (0x00005d7d) c.li    s10, -1
core   0: 3 0x800060f8 (0x5d7d) x26 0xffffffff
core   0: 0x800060fa (0x000082ee) c.mv    t0, s11
core   0: 3 0x800060fa (0x82ee) x 5 0x80000000
core   0: 0x800060fc (0x00000919) c.addi  s2, 6
core   0: 3 0x800060fc (0x0919) x18 0xa7a5cf9e
core   0: 0x800060fe (0x00008e59) c.or    a2, a4
core   0: 3 0x800060fe (0x8e59) x12 0xffffffe7
core   0: 0x80006100 (0x01aeac33) slt     s8, t4, s10
core   0: 3 0x80006100 (0x01aeac33) x24 0x00000000
core   0: 0x80006104 (0x00000001) c.nop
core   0: 3 0x80006104 (0x0001)
core   0: 0x80006106 (0x41f7d833) sra     a6, a5, t6
core   0: 3 0x80006106 (0x41f7d833) x16 0x00000000
core   0: 0x8000610a (0x00000001) c.nop
core   0: 3 0x8000610a (0x0001)
core   0: 0x8000610c (0x014f3433) sltu    s0, t5, s4
core   0: 3 0x8000610c (0x014f3433) x 8 0x00000001
core   0: 0x80006110 (0x00c7ab33) slt     s6, a5, a2
core   0: 3 0x80006110 (0x00c7ab33) x22 0x00000000
core   0: 0x80006114 (0x008d9cb3) sll     s9, s11, s0
core   0: 3 0x80006114 (0x008d9cb3) x25 0x00000000
core   0: 0x80006118 (0x00008d1e) c.mv    s10, t2
core   0: 3 0x80006118 (0x8d1e) x26 0x00000000
core   0: 0x8000611a (0x0000147d) c.addi  s0, -1
core   0: 3 0x8000611a (0x147d) x 8 0x00000000
core   0: 0x8000611c (0x6a446193) ori     gp, s0, 1700
core   0: 3 0x8000611c (0x6a446193) x 3 0x000006a4
core   0: 0x80006120 (0x00004965) c.li    s2, 25
core   0: 3 0x80006120 (0x4965) x18 0x00000019
core   0: 0x80006122 (0x017a4033) xor     zero, s4, s7
core   0: 3 0x80006122 (0x017a4033)
core   0: 0x80006126 (0x00a89413) slli    s0, a7, 10
core   0: 3 0x80006126 (0x00a89413) x 8 0x00000000
core   0: 0x8000612a (0x00008c75) c.and   s0, a3
core   0: 3 0x8000612a (0x8c75) x 8 0x00000000
core   0: 0x8000612c (0x01155cb3) srl     s9, a0, a7
core   0: 3 0x8000612c (0x01155cb3) x25 0x00000000
core   0: 0x80006130 (0x00008d31) c.xor   a0, a2
core   0: 3 0x80006130 (0x8d31) x10 0xffffffe7
core   0: 0x80006132 (0x00008c95) c.sub   s1, a3
core   0: 3 0x80006132 (0x8c95) x 9 0x00002c2d
core   0: 0x80006134 (0x1fdcf797) auipc   a5, 0x1fdcf
core   0: 3 0x80006134 (0x1fdcf797) x15 0x9fdd5134
core   0: 0x80006138 (0x0094a333) slt     t1, s1, s1
core   0: 3 0x80006138 (0x0094a333) x 6 0x00000000
core   0: 0x8000613c (0x036c8e33) mul     t3, s9, s6
core   0: 3 0x8000613c (0x036c8e33) x28 0x00000000
core   0: 0x80006140 (0x00008e21) c.xor   a2, s0
core   0: 3 0x80006140 (0x8e21) x12 0xffffffe7
core   0: 0x80006142 (0x00be6033) or      zero, t3, a1
core   0: 3 0x80006142 (0x00be6033)
core   0: 0x80006146 (0x01e94033) xor     zero, s2, t5
core   0: 3 0x80006146 (0x01e94033)
core   0: 0x8000614a (0x01993a33) sltu    s4, s2, s9
core   0: 3 0x8000614a (0x01993a33) x20 0x00000000
core   0: 0x8000614e (0x000085c1) c.srai  a1, 16
core   0: 3 0x8000614e (0x85c1) x11 0xffffc7e1
core   0: 0x80006150 (0x0143dbb3) srl     s7, t2, s4
core   0: 3 0x80006150 (0x0143dbb3) x23 0x00000000
core   0: 0x80006154 (0x00009a52) c.add   s4, s4
core   0: 3 0x80006154 (0x9a52) x20 0x00000000
core   0: 0x80006156 (0x00006c25) c.lui   s8, 0x9
core   0: 3 0x80006156 (0x6c25) x24 0x00009000
core   0: 0x80006158 (0x028eebb3) rem     s7, t4, s0
core   0: 3 0x80006158 (0x028eebb3) x23 0x0080c991
core   0: 0x8000615c (0x00008cf1) c.and   s1, a2
core   0: 3 0x8000615c (0x8cf1) x 9 0x00002c25
core   0: 0x8000615e (0xe66c32b7) lui     t0, 0xe66c3
core   0: 3 0x8000615e (0xe66c32b7) x 5 0xe66c3000
core   0: 0x80006162 (0x00004e01) c.li    t3, 0
core   0: 3 0x80006162 (0x4e01) x28 0x00000000
core   0: 0x80006164 (0xfff00393) li      t2, -1
core   0: 3 0x80006164 (0xfff00393) x 7 0xffffffff
core   0: 0x80006168 (0x8b988537) lui     a0, 0x8b988
core   0: 3 0x80006168 (0x8b988537) x10 0x8b988000
core   0: 0x8000616c (0x88650513) addi    a0, a0, -1914
core   0: 3 0x8000616c (0x88650513) x10 0x8b987886
core   0: 0x80006170 (0x3e4f57b7) lui     a5, 0x3e4f5
core   0: 3 0x80006170 (0x3e4f57b7) x15 0x3e4f5000
core   0: 0x80006174 (0x7b778793) addi    a5, a5, 1975
core   0: 3 0x80006174 (0x7b778793) x15 0x3e4f57b7
core   0: 0x80006178 (0x00004a01) c.li    s4, 0
core   0: 3 0x80006178 (0x4a01) x20 0x00000000
core   0: 0x8000617a (0x6a02f1b7) lui     gp, 0x6a02f
core   0: 3 0x8000617a (0x6a02f1b7) x 3 0x6a02f000
core   0: 0x8000617e (0xe8918193) addi    gp, gp, -375
core   0: 3 0x8000617e (0xe8918193) x 3 0x6a02ee89
core   0: 0x80006182 (0xfff00593) li      a1, -1
core   0: 3 0x80006182 (0xfff00593) x11 0xffffffff
core   0: 0x80006186 (0x40854cb7) lui     s9, 0x40854
core   0: 3 0x80006186 (0x40854cb7) x25 0x40854000
core   0: 0x8000618a (0x0aac8c93) addi    s9, s9, 170
core   0: 3 0x8000618a (0x0aac8c93) x25 0x408540aa
core   0: 0x8000618e (0x00004081) c.li    ra, 0
core   0: 3 0x8000618e (0x4081) x 1 0x00000000
core   0: 0x80006190 (0xfff00413) li      s0, -1
core   0: 3 0x80006190 (0xfff00413) x 8 0xffffffff
core   0: 0x80006194 (0x02fa7cb3) remu    s9, s4, a5
core   0: 3 0x80006194 (0x02fa7cb3) x25 0x00000000
core   0: 0x80006198 (0x403381b3) sub     gp, t2, gp
core   0: 3 0x80006198 (0x403381b3) x 3 0x95fd1176
core   0: 0x8000619c (0x41cc80b3) sub     ra, s9, t3
core   0: 3 0x8000619c (0x41cc80b3) x 1 0x00000000
core   0: 0x800061a0 (0x02f0dcb3) divu    s9, ra, a5
core   0: 3 0x800061a0 (0x02f0dcb3) x25 0x00000000
core   0: 0x800061a4 (0x034cb0b3) mulhu   ra, s9, s4
core   0: 3 0x800061a4 (0x034cb0b3) x 1 0x00000000
core   0: 0x800061a8 (0x023a0a33) mul     s4, s4, gp
core   0: 3 0x800061a8 (0x023a0a33) x20 0x00000000
core   0: 0x800061ac (0x03c525b3) mulhsu  a1, a0, t3
core   0: 3 0x800061ac (0x03c525b3) x11 0x00000000
core   0: 0x800061b0 (0x023ca433) mulhsu  s0, s9, gp
core   0: 3 0x800061b0 (0x023ca433) x 8 0x00000000
core   0: 0x800061b4 (0x034a7cb3) remu    s9, s4, s4
core   0: 3 0x800061b4 (0x034a7cb3) x25 0x00000000
core   0: 0x800061b8 (0x03ca6433) rem     s0, s4, t3
core   0: 3 0x800061b8 (0x03ca6433) x 8 0x00000000
core   0: 0x800061bc (0x034a5e33) divu    t3, s4, s4
core   0: 3 0x800061bc (0x034a5e33) x28 0xffffffff
core   0: 0x800061c0 (0x401500b3) sub     ra, a0, ra
core   0: 3 0x800061c0 (0x401500b3) x 1 0x8b987886
core   0: 0x800061c4 (0x021a0433) mul     s0, s4, ra
core   0: 3 0x800061c4 (0x021a0433) x 8 0x00000000
core   0: 0x800061c8 (0xff3a0513) addi    a0, s4, -13
core   0: 3 0x800061c8 (0xff3a0513) x10 0xfffffff3
core   0: 0x800061cc (0x02b3fa33) remu    s4, t2, a1
core   0: 3 0x800061cc (0x02b3fa33) x20 0xffffffff
core   0: 0x800061d0 (0x855183b7) lui     t2, 0x85518
core   0: 3 0x800061d0 (0x855183b7) x 7 0x85518000
core   0: 0x800061d4 (0x2648ba17) auipc   s4, 0x2648b
core   0: 3 0x800061d4 (0x2648ba17) x20 0xa64911d4
core   0: 0x800061d8 (0x03cb40b3) div     ra, s6, t3
core   0: 3 0x800061d8 (0x03cb40b3) x 1 0x00000000
core   0: 0x800061dc (0x00ae03b3) add     t2, t3, a0
core   0: 3 0x800061dc (0x00ae03b3) x 7 0xfffffff2
core   0: 0x800061e0 (0x03a56fb3) rem     t6, a0, s10
core   0: 3 0x800061e0 (0x03a56fb3) x31 0xfffffff3
core   0: 0x800061e4 (0x00008fdd) c.or    a5, a5
core   0: 3 0x800061e4 (0x8fdd) x15 0x3e4f57b7
core   0: 0x800061e6 (0x00008db1) c.xor   a1, a2
core   0: 3 0x800061e6 (0x8db1) x11 0xffffffe7
core   0: 0x800061e8 (0x00001c7d) c.addi  s8, -1
core   0: 3 0x800061e8 (0x1c7d) x24 0x00008fff
core   0: 0x800061ea (0x025839b3) mulhu   s3, a6, t0
core   0: 3 0x800061ea (0x025839b3) x19 0x00000000
core   0: 0x800061ee (0x00006c29) c.lui   s8, 0xa
core   0: 3 0x800061ee (0x6c29) x24 0x0000a000
core   0: 0x800061f0 (0xbda77b13) andi    s6, a4, -1062
core   0: 3 0x800061f0 (0xbda77b13) x22 0x8000fa40
core   0: 0x800061f4 (0x71324237) lui     tp, 0x71324
core   0: 3 0x800061f4 (0x71324237) x 4 0x71324000
core   0: 0x800061f8 (0x2a65fd13) andi    s10, a1, 678
core   0: 3 0x800061f8 (0x2a65fd13) x26 0x000002a6
core   0: 0x800061fc (0x4042d093) srai    ra, t0, 4
core   0: 3 0x800061fc (0x4042d093) x 1 0xfe66c300
core   0: 0x80006200 (0x02e18433) mul     s0, gp, a4
core   0: 3 0x80006200 (0x02e18433) x 8 0xae2de618
core   0: 0x80006204 (0x016e75b3) and     a1, t3, s6
core   0: 3 0x80006204 (0x016e75b3) x11 0x8000fa40
core   0: 0x80006208 (0xc1d28093) addi    ra, t0, -995
core   0: 3 0x80006208 (0xc1d28093) x 1 0xe66c2c1d
core   0: 0x8000620c (0x70b98c93) addi    s9, s3, 1803
core   0: 3 0x8000620c (0x70b98c93) x25 0x0000070b
core   0: 0x80006210 (0x00008fa1) c.xor   a5, s0
core   0: 3 0x80006210 (0x8fa1) x15 0x9062b1af
core   0: 0x80006212 (0x4106d9b3) sra     s3, a3, a6
core   0: 3 0x80006212 (0x4106d9b3) x19 0xffffd3d2
core   0: 0x80006216 (0x000008a5) c.addi  a7, 9
core   0: 3 0x80006216 (0x08a5) x17 0x00000009
core   0: 0x80006218 (0x014baf33) slt     t5, s7, s4
core   0: 3 0x80006218 (0x014baf33) x30 0x00000000
core   0: 0x8000621c (0x5f052513) slti    a0, a0, 1520
core   0: 3 0x8000621c (0x5f052513) x10 0x00000001
core   0: 0x80006220 (0x00009232) c.add   tp, a2
core   0: 3 0x80006220 (0x9232) x 4 0x71323fe7
core   0: 0x80006222 (0x011dd433) srl     s0, s11, a7
core   0: 3 0x80006222 (0x011dd433) x 8 0x00400000
core   0: 0x80006226 (0x0000626d) c.lui   tp, 0x1b
core   0: 3 0x80006226 (0x626d) x 4 0x0001b000
core   0: 0x80006228 (0x0000839d) c.srli  a5, 7
core   0: 3 0x80006228 (0x839d) x15 0x0120c563
core   0: 0x8000622a (0x000069e9) c.lui   s3, 0x1a
core   0: 3 0x8000622a (0x69e9) x19 0x0001a000
core   0: 0x8000622c (0x00008e41) c.or    a2, s0
core   0: 3 0x8000622c (0x8e41) x12 0xffffffe7
core   0: 0x8000622e (0xbd1f6893) ori     a7, t5, -1071
core   0: 3 0x8000622e (0xbd1f6893) x17 0xfffffbd1
core   0: 0x80006232 (0x00008e85) c.sub   a3, s1
core   0: 3 0x80006232 (0x8e85) x13 0xffffa7ad
core   0: 0x80006234 (0x024b73b3) remu    t2, s6, tp
core   0: 3 0x80006234 (0x024b73b3) x 7 0x00011a40
core   0: 0x80006238 (0x00008ec1) c.or    a3, s0
core   0: 3 0x80006238 (0x8ec1) x13 0xffffa7ad
core   0: 0x8000623a (0x00acc433) xor     s0, s9, a0
core   0: 3 0x8000623a (0x00acc433) x 8 0x0000070a
core   0: 0x8000623e (0x037abb33) mulhu   s6, s5, s7
core   0: 3 0x8000623e (0x037abb33) x22 0x00000002
core   0: 0x80006242 (0x00005a7d) c.li    s4, -1
core   0: 3 0x80006242 (0x5a7d) x20 0xffffffff
core   0: 0x80006244 (0xe5af0f37) lui     t5, 0xe5af0
core   0: 3 0x80006244 (0xe5af0f37) x30 0xe5af0000
core   0: 0x80006248 (0xacbf0f13) addi    t5, t5, -1333
core   0: 3 0x80006248 (0xacbf0f13) x30 0xe5aefacb
core   0: 0x8000624c (0xfff00c13) li      s8, -1
core   0: 3 0x8000624c (0xfff00c13) x24 0xffffffff
core   0: 0x80006250 (0x00004901) c.li    s2, 0
core   0: 3 0x80006250 (0x4901) x18 0x00000000
core   0: 0x80006252 (0x2e248437) lui     s0, 0x2e248
core   0: 3 0x80006252 (0x2e248437) x 8 0x2e248000
core   0: 0x80006256 (0x78340413) addi    s0, s0, 1923
core   0: 3 0x80006256 (0x78340413) x 8 0x2e248783
core   0: 0x8000625a (0x80000537) lui     a0, 0x80000
core   0: 3 0x8000625a (0x80000537) x10 0x80000000
core   0: 0x8000625e (0xfff00793) li      a5, -1
core   0: 3 0x8000625e (0xfff00793) x15 0xffffffff
core   0: 0x80006262 (0x00004481) c.li    s1, 0
core   0: 3 0x80006262 (0x4481) x 9 0x00000000
core   0: 0x80006264 (0x00004b81) c.li    s7, 0
core   0: 3 0x80006264 (0x4b81) x23 0x00000000
core   0: 0x80006266 (0x80000ab7) lui     s5, 0x80000
core   0: 3 0x80006266 (0x80000ab7) x21 0x80000000
core   0: 0x8000626a (0xfff00693) li      a3, -1
core   0: 3 0x8000626a (0xfff00693) x13 0xffffffff
core   0: 0x8000626e (0x015f04b3) add     s1, t5, s5
core   0: 3 0x8000626e (0x015f04b3) x 9 0x65aefacb
core   0: 0x80006272 (0x00000001) c.nop
core   0: 3 0x80006272 (0x0001)
core   0: 0x80006274 (0x038577b3) remu    a5, a0, s8
core   0: 3 0x80006274 (0x038577b3) x15 0x80000000
core   0: 0x80006278 (0x0324d533) divu    a0, s1, s2
core   0: 3 0x80006278 (0x0324d533) x10 0xffffffff
core   0: 0x8000627c (0x00990533) add     a0, s2, s1
core   0: 3 0x8000627c (0x00990533) x10 0x65aefacb
core   0: 0x80006280 (0x03ef5533) divu    a0, t5, t5
core   0: 3 0x80006280 (0x03ef5533) x10 0x00000001
core   0: 0x80006284 (0x02a4ebb3) rem     s7, s1, a0
core   0: 3 0x80006284 (0x02a4ebb3) x23 0x00000000
core   0: 0x80006288 (0x00000001) c.nop
core   0: 3 0x80006288 (0x0001)
core   0: 0x8000628a (0x035bcab3) div     s5, s7, s5
core   0: 3 0x8000628a (0x035bcab3) x21 0x00000000
core   0: 0x8000628e (0x02faa6b3) mulhsu  a3, s5, a5
core   0: 3 0x8000628e (0x02faa6b3) x13 0x00000000
core   0: 0x80006292 (0x3ec9d497) auipc   s1, 0x3ec9d
core   0: 3 0x80006292 (0x3ec9d497) x 9 0xbeca3292
core   0: 0x80006296 (0x00000001) c.nop
core   0: 3 0x80006296 (0x0001)
core   0: 0x80006298 (0x02ac76b3) remu    a3, s8, a0
core   0: 3 0x80006298 (0x02ac76b3) x13 0x00000000
core   0: 0x8000629c (0x63211bb7) lui     s7, 0x63211
core   0: 3 0x8000629c (0x63211bb7) x23 0x63211000
core   0: 0x800062a0 (0x0297d7b3) divu    a5, a5, s1
core   0: 3 0x800062a0 (0x0297d7b3) x15 0x00000000
core   0: 0x800062a4 (0x03ec2533) mulhsu  a0, s8, t5
core   0: 3 0x800062a4 (0x03ec2533) x10 0xffffffff
core   0: 0x800062a8 (0x029be533) rem     a0, s7, s1
core   0: 3 0x800062a8 (0x029be533) x10 0x21eb4292
core   0: 0x800062ac (0x02af0933) mul     s2, t5, a0
core   0: 3 0x800062ac (0x02af0933) x18 0x7dcc5dc6
core   0: 0x800062b0 (0xd6ef0b97) auipc   s7, 0xd6ef0
core   0: 3 0x800062b0 (0xd6ef0b97) x23 0x56ef62b0
core   0: 0x800062b4 (0x02a79bb3) mulh    s7, a5, a0
core   0: 3 0x800062b4 (0x02a79bb3) x23 0x00000000
core   0: 0x800062b8 (0x00008862) c.mv    a6, s8
core   0: 3 0x800062b8 (0x8862) x16 0xffffffff
core   0: 0x800062ba (0x00008e75) c.and   a2, a3
core   0: 3 0x800062ba (0x8e75) x12 0x00000000
core   0: 0x800062bc (0x404bd913) srai    s2, s7, 4
core   0: 3 0x800062bc (0x404bd913) x18 0x00000000
core   0: 0x800062c0 (0x5eb32d13) slti    s10, t1, 1515
core   0: 3 0x800062c0 (0x5eb32d13) x26 0x00000001
core   0: 0x800062c4 (0x000095de) c.add   a1, s7
core   0: 3 0x800062c4 (0x95de) x11 0x8000fa40
core   0: 0x800062c6 (0x0000957e) c.add   a0, t6
core   0: 3 0x800062c6 (0x957e) x10 0x21eb4285
core   0: 0x800062c8 (0x36bc95b7) lui     a1, 0x36bc9
core   0: 3 0x800062c8 (0x36bc95b7) x11 0x36bc9000
core   0: 0x800062cc (0x010bc833) xor     a6, s7, a6
core   0: 3 0x800062cc (0x010bc833) x16 0xffffffff
core   0: 0x800062d0 (0x000060f5) c.lui   ra, 0x1d
core   0: 3 0x800062d0 (0x60f5) x 1 0x0001d000
core   0: 0x800062d2 (0x00008429) c.srai  s0, 10
core   0: 3 0x800062d2 (0x8429) x 8 0x000b8921
core   0: 0x800062d4 (0x036e4933) div     s2, t3, s6
core   0: 3 0x800062d4 (0x036e4933) x18 0x00000000
core   0: 0x800062d8 (0x00000001) c.nop
core   0: 3 0x800062d8 (0x0001)
core   0: 0x800062da (0x03195433) divu    s0, s2, a7
core   0: 3 0x800062da (0x03195433) x 8 0x00000000
core   0: 0x800062de (0x000a63b3) or      t2, s4, zero
core   0: 3 0x800062de (0x000a63b3) x 7 0xffffffff
core   0: 0x800062e2 (0x9e90b513) sltiu   a0, ra, -1559
core   0: 3 0x800062e2 (0x9e90b513) x10 0x00000001
core   0: 0x800062e6 (0x383c7313) andi    t1, s8, 899
core   0: 3 0x800062e6 (0x383c7313) x 6 0x00000383
core   0: 0x800062ea (0x0000b033) sltu    zero, ra, zero
core   0: 3 0x800062ea (0x0000b033)
core   0: 0x800062ee (0x0000059a) c.slli  a1, 6
core   0: 3 0x800062ee (0x059a) x11 0xaf240000
core   0: 0x800062f0 (0xaf76f913) andi    s2, a3, -1289
core   0: 3 0x800062f0 (0xaf76f913) x18 0x00000000
core   0: 0x800062f4 (0x415f0cb3) sub     s9, t5, s5
core   0: 3 0x800062f4 (0x415f0cb3) x25 0xe5aefacb
core   0: 0x800062f8 (0x00b4b633) sltu    a2, s1, a1
core   0: 3 0x800062f8 (0x00b4b633) x12 0x00000000
core   0: 0x800062fc (0x014c43b3) xor     t2, s8, s4
core   0: 3 0x800062fc (0x014c43b3) x 7 0x00000000
core   0: 0x80006300 (0xd56df393) andi    t2, s11, -682
core   0: 3 0x80006300 (0xd56df393) x 7 0x80000000
core   0: 0x80006304 (0x40c4d313) srai    t1, s1, 12
core   0: 3 0x80006304 (0x40c4d313) x 6 0xfffbeca3
core   0: 0x80006308 (0x02000a33) mul     s4, zero, zero
core   0: 3 0x80006308 (0x02000a33) x20 0x00000000
core   0: 0x8000630c (0x009c21b3) slt     gp, s8, s1
core   0: 3 0x8000630c (0x009c21b3) x 3 0x00000000
core   0: 0x80006310 (0xca470513) addi    a0, a4, -860
core   0: 3 0x80006310 (0xca470513) x10 0x8000fb08
core   0: 0x80006314 (0x0d909537) lui     a0, 0xd909
core   0: 3 0x80006314 (0x0d909537) x10 0x0d909000
core   0: 0x80006318 (0x005a21b3) slt     gp, s4, t0
core   0: 3 0x80006318 (0x005a21b3) x 3 0x00000000
core   0: 0x8000631c (0x00e8ce33) xor     t3, a7, a4
core   0: 3 0x8000631c (0x00e8ce33) x28 0x7fff05b5
core   0: 0x80006320 (0x01867cb3) and     s9, a2, s8
core   0: 3 0x80006320 (0x01867cb3) x25 0x00000000
core   0: 0x80006324 (0x00209e33) sll     t3, ra, sp
core   0: 3 0x80006324 (0x00209e33) x28 0x001d0000
core   0: 0x80006328 (0x0322d3b3) divu    t2, t0, s2
core   0: 3 0x80006328 (0x0322d3b3) x 7 0xffffffff
core   0: 0x8000632c (0x035e01b3) mul     gp, t3, s5
core   0: 3 0x8000632c (0x035e01b3) x 3 0x00000000
core   0: 0x80006330 (0x039919b3) mulh    s3, s2, s9
core   0: 3 0x80006330 (0x039919b3) x19 0x00000000
core   0: 0x80006334 (0x41088933) sub     s2, a7, a6
core   0: 3 0x80006334 (0x41088933) x18 0xfffffbd2
core   0: 0x80006338 (0x01d23f33) sltu    t5, tp, t4
core   0: 3 0x80006338 (0x01d23f33) x30 0x00000001
core   0: 0x8000633c (0x00b7ceb3) xor     t4, a5, a1
core   0: 3 0x8000633c (0x00b7ceb3) x29 0xaf240000
core   0: 0x80006340 (0x01088a33) add     s4, a7, a6
core   0: 3 0x80006340 (0x01088a33) x20 0xfffffbd0
core   0: 0x80006344 (0x00f61993) slli    s3, a2, 15
core   0: 3 0x80006344 (0x00f61993) x19 0x00000000
core   0: 0x80006348 (0x00008fdd) c.or    a5, a5
core   0: 3 0x80006348 (0x8fdd) x15 0x00000000
core   0: 0x8000634a (0x022148b3) div     a7, sp, sp
core   0: 3 0x8000634a (0x022148b3) x17 0x00000001
core   0: 0x8000634e (0xf51e7637) lui     a2, 0xf51e7
core   0: 3 0x8000634e (0xf51e7637) x12 0xf51e7000
core   0: 0x80006352 (0x000091fa) c.add   gp, t5
core   0: 3 0x80006352 (0x91fa) x 3 0x00000001
core   0: 0x80006354 (0x00030433) add     s0, t1, zero
core   0: 3 0x80006354 (0x00030433) x 8 0xfffbeca3
core   0: 0x80006358 (0x02c6f5b3) remu    a1, a3, a2
core   0: 3 0x80006358 (0x02c6f5b3) x11 0x00000000
core   0: 0x8000635c (0x032ec333) div     t1, t4, s2
core   0: 3 0x8000635c (0x032ec333) x 6 0x00135885
core   0: 0x80006360 (0x00008232) c.mv    tp, a2
core   0: 3 0x80006360 (0x8232) x 4 0xf51e7000
core   0: 0x80006362 (0x4d228f97) auipc   t6, 0x4d228
core   0: 3 0x80006362 (0x4d228f97) x31 0xcd22e362
core   0: 0x80006366 (0x4cd96eb7) lui     t4, 0x4cd96
core   0: 3 0x80006366 (0x4cd96eb7) x29 0x4cd96000
core   0: 0x8000636a (0x7d8dab17) auipc   s6, 0x7d8da
core   0: 3 0x8000636a (0x7d8dab17) x22 0xfd8e036a
core   0: 0x8000636e (0xe66b1e97) auipc   t4, 0xe66b1
core   0: 3 0x8000636e (0xe66b1e97) x29 0x666b736e
core   0: 0x80006372 (0x14e3f193) andi    gp, t2, 334
core   0: 3 0x80006372 (0x14e3f193) x 3 0x0000014e
core   0: 0x80006376 (0xb3096993) ori     s3, s2, -1232
core   0: 3 0x80006376 (0xb3096993) x19 0xfffffbf2
core   0: 0x8000637a (0x00008fc9) c.or    a5, a0
core   0: 3 0x8000637a (0x8fc9) x15 0x0d909000
core   0: 0x8000637c (0x40550c33) sub     s8, a0, t0
core   0: 3 0x8000637c (0x40550c33) x24 0x27246000
core   0: 0x80006380 (0x01881f33) sll     t5, a6, s8
core   0: 3 0x80006380 (0x01881f33) x30 0xffffffff
core   0: 0x80006384 (0x00001f7d) c.addi  t5, -1
core   0: 3 0x80006384 (0x1f7d) x30 0xfffffffe
core   0: 0x80006386 (0x41b25bb3) sra     s7, tp, s11
core   0: 3 0x80006386 (0x41b25bb3) x23 0xf51e7000
core   0: 0x8000638a (0x00009526) c.add   a0, s1
core   0: 3 0x8000638a (0x9526) x10 0xcc5ac292
core   0: 0x8000638c (0x41115e93) srai    t4, sp, 17
core   0: 3 0x8000638c (0x41115e93) x29 0xffffc000
core   0: 0x80006390 (0x00008c99) c.sub   s1, a4
core   0: 3 0x80006390 (0x8c99) x 9 0x3ec9342e
core   0: 0x80006392 (0x539aa817) auipc   a6, 0x539aa
core   0: 3 0x80006392 (0x539aa817) x16 0xd39b0392
core   0: 0x80006396 (0x41998f33) sub     t5, s3, s9
core   0: 3 0x80006396 (0x41998f33) x30 0xfffffbf2
core   0: 0x8000639a (0x025d53b3) divu    t2, s10, t0
core   0: 3 0x8000639a (0x025d53b3) x 7 0x00000000
core   0: 0x8000639e (0xd9e94f93) xori    t6, s2, -610
core   0: 3 0x8000639e (0xd9e94f93) x31 0x0000064c
core   0: 0x800063a2 (0x02c000b3) mul     ra, zero, a2
core   0: 3 0x800063a2 (0x02c000b3) x 1 0x00000000
core   0: 0x800063a6 (0x000061d5) c.lui   gp, 0x15
core   0: 3 0x800063a6 (0x61d5) x 3 0x00015000
core   0: 0x800063a8 (0xb8f1b513) sltiu   a0, gp, -1137
core   0: 3 0x800063a8 (0xb8f1b513) x10 0x00000001
core   0: 0x800063ac (0x212ea613) slti    a2, t4, 530
core   0: 3 0x800063ac (0x212ea613) x12 0x00000001
core   0: 0x800063b0 (0x00008d49) c.or    a0, a0
core   0: 3 0x800063b0 (0x8d49) x10 0x00000001
core   0: 0x800063b2 (0x00008e79) c.and   a2, a4
core   0: 3 0x800063b2 (0x8e79) x12 0x00000000
core   0: 0x800063b4 (0x5667fa93) andi    s5, a5, 1382
core   0: 3 0x800063b4 (0x5667fa93) x21 0x00000000
core   0: 0x800063b8 (0x02071a33) mulh    s4, a4, zero
core   0: 3 0x800063b8 (0x02071a33) x20 0x00000000
core   0: 0x800063bc (0x00008ee5) c.and   a3, s1
core   0: 3 0x800063bc (0x8ee5) x13 0x00000000
core   0: 0x800063be (0x68629937) lui     s2, 0x68629
core   0: 3 0x800063be (0x68629937) x18 0x68629000
core   0: 0x800063c2 (0x02f0ccb3) div     s9, ra, a5
core   0: 3 0x800063c2 (0x02f0ccb3) x25 0x00000000
core   0: 0x800063c6 (0x75dd4993) xori    s3, s10, 1885
core   0: 3 0x800063c6 (0x75dd4993) x19 0x0000075c
core   0: 0x800063ca (0x1d84a793) slti    a5, s1, 472
core   0: 3 0x800063ca (0x1d84a793) x15 0x00000000
core   0: 0x800063ce (0x021475b3) remu    a1, s0, ra
core   0: 3 0x800063ce (0x021475b3) x11 0xfffbeca3
core   0: 0x800063d2 (0x00008ee9) c.and   a3, a0
core   0: 3 0x800063d2 (0x8ee9) x13 0x00000000
core   0: 0x800063d4 (0x0174c0b3) xor     ra, s1, s7
core   0: 3 0x800063d4 (0x0174c0b3) x 1 0xcbd7442e
core   0: 0x800063d8 (0x80000537) lui     a0, 0x80000
core   0: 3 0x800063d8 (0x80000537) x10 0x80000000
core   0: 0x800063dc (0xfff00c13) li      s8, -1
core   0: 3 0x800063dc (0xfff00c13) x24 0xffffffff
core   0: 0x800063e0 (0xfff00413) li      s0, -1
core   0: 3 0x800063e0 (0xfff00413) x 8 0xffffffff
core   0: 0x800063e4 (0xfff00e93) li      t4, -1
core   0: 3 0x800063e4 (0xfff00e93) x29 0xffffffff
core   0: 0x800063e8 (0x80000cb7) lui     s9, 0x80000
core   0: 3 0x800063e8 (0x80000cb7) x25 0x80000000
core   0: 0x800063ec (0xd18741b7) lui     gp, 0xd1874
core   0: 3 0x800063ec (0xd18741b7) x 3 0xd1874000
core   0: 0x800063f0 (0xe6718193) addi    gp, gp, -409
core   0: 3 0x800063f0 (0xe6718193) x 3 0xd1873e67
core   0: 0x800063f4 (0xfff00593) li      a1, -1
core   0: 3 0x800063f4 (0xfff00593) x11 0xffffffff
core   0: 0x800063f8 (0x8a4c1b37) lui     s6, 0x8a4c1
core   0: 3 0x800063f8 (0x8a4c1b37) x22 0x8a4c1000
core   0: 0x800063fc (0xea4b0b13) addi    s6, s6, -348
core   0: 3 0x800063fc (0xea4b0b13) x22 0x8a4c0ea4
core   0: 0x80006400 (0x00004081) c.li    ra, 0
core   0: 3 0x80006400 (0x4081) x 1 0x00000000
core   0: 0x80006402 (0x68ff26b7) lui     a3, 0x68ff2
core   0: 3 0x80006402 (0x68ff26b7) x13 0x68ff2000
core   0: 0x80006406 (0x63668693) addi    a3, a3, 1590
core   0: 3 0x80006406 (0x63668693) x13 0x68ff2636
core   0: 0x8000640a (0x001c8c33) add     s8, s9, ra
core   0: 3 0x8000640a (0x001c8c33) x24 0x80000000
core   0: 0x8000640e (0xa8f58437) lui     s0, 0xa8f58
core   0: 3 0x8000640e (0xa8f58437) x 8 0xa8f58000
core   0: 0x80006412 (0xf0438eb7) lui     t4, 0xf0438
core   0: 3 0x80006412 (0xf0438eb7) x29 0xf0438000
core   0: 0x80006416 (0x02dcc6b3) div     a3, s9, a3
core   0: 3 0x80006416 (0x02dcc6b3) x13 0xffffffff
core   0: 0x8000641a (0x039c90b3) mulh    ra, s9, s9
core   0: 3 0x8000641a (0x039c90b3) x 1 0x40000000
core   0: 0x8000641e (0xb0ac8413) addi    s0, s9, -1270
core   0: 3 0x8000641e (0xb0ac8413) x 8 0x7ffffb0a
core   0: 0x80006422 (0x038e90b3) mulh    ra, t4, s8
core   0: 3 0x80006422 (0x038e90b3) x 1 0x07de4000
core   0: 0x80006426 (0x03d08b33) mul     s6, ra, t4
core   0: 3 0x80006426 (0x03d08b33) x22 0xe0000000
core   0: 0x8000642a (0x036b0533) mul     a0, s6, s6
core   0: 3 0x8000642a (0x036b0533) x10 0x00000000
core   0: 0x8000642e (0x00009b0e) c.add   s6, gp
core   0: 3 0x8000642e (0x9b0e) x22 0xb1873e67
core   0: 0x80006430 (0x02158b33) mul     s6, a1, ra
core   0: 3 0x80006430 (0x02158b33) x22 0xf821c000
core   0: 0x80006434 (0x038ee0b3) rem     ra, t4, s8
core   0: 3 0x80006434 (0x038ee0b3) x 1 0xf0438000
core   0: 0x80006438 (0x3f768513) addi    a0, a3, 1015
core   0: 3 0x80006438 (0x3f768513) x10 0x000003f6
core   0: 0x8000643c (0x038cd1b3) divu    gp, s9, s8
core   0: 3 0x8000643c (0x038cd1b3) x 3 0x00000001
core   0: 0x80006440 (0x02aec5b3) div     a1, t4, a0
core   0: 3 0x80006440 (0x02aec5b3) x11 0xfffc06f2
core   0: 0x80006444 (0xc569c0b7) lui     ra, 0xc569c
core   0: 3 0x80006444 (0xc569c0b7) x 1 0xc569c000
core   0: 0x80006448 (0x02808b33) mul     s6, ra, s0
core   0: 3 0x80006448 (0x02808b33) x22 0xa5618000
core   0: 0x8000644c (0x00000001) c.nop
core   0: 3 0x8000644c (0x0001)
core   0: 0x8000644e (0x00008d89) c.sub   a1, a0
core   0: 3 0x8000644e (0x8d89) x11 0xfffc02fc
core   0: 0x80006450 (0x02ac21b3) mulhsu  gp, s8, a0
core   0: 3 0x80006450 (0x02ac21b3) x 3 0xfffffe05
core   0: 0x80006454 (0x036cd1b3) divu    gp, s9, s6
core   0: 3 0x80006454 (0x036cd1b3) x 3 0x00000000
core   0: 0x80006458 (0x03d0b0b3) mulhu   ra, ra, t4
core   0: 3 0x80006458 (0x03d0b0b3) x 1 0xb9473162
core   0: 0x8000645c (0x036ed1b3) divu    gp, t4, s6
core   0: 3 0x8000645c (0x036ed1b3) x 3 0x00000001
core   0: 0x80006460 (0x0391b433) mulhu   s0, gp, s9
core   0: 3 0x80006460 (0x0391b433) x 8 0x00000000
core   0: 0x80006464 (0x021c2b33) mulhsu  s6, s8, ra
core   0: 3 0x80006464 (0x021c2b33) x22 0xa35c674f
core   0: 0x80006468 (0x8b9335b7) lui     a1, 0x8b933
core   0: 3 0x80006468 (0x8b9335b7) x11 0x8b933000
core   0: 0x8000646c (0x00000001) c.nop
core   0: 3 0x8000646c (0x0001)
core   0: 0x8000646e (0x6f51f693) andi    a3, gp, 1781
core   0: 3 0x8000646e (0x6f51f693) x13 0x00000001
core   0: 0x80006472 (0x00008e5d) c.or    a2, a5
core   0: 3 0x80006472 (0x8e5d) x12 0x00000000
core   0: 0x80006474 (0x00009a1a) c.add   s4, t1
core   0: 3 0x80006474 (0x9a1a) x20 0x00135885
core   0: 0x80006476 (0x01d4fbb3) and     s7, s1, t4
core   0: 3 0x80006476 (0x01d4fbb3) x23 0x30410000
core   0: 0x8000647a (0x00b06fb3) or      t6, zero, a1
core   0: 3 0x8000647a (0x00b06fb3) x31 0x8b933000
core   0: 0x8000647e (0x12aa4a93) xori    s5, s4, 298
core   0: 3 0x8000647e (0x12aa4a93) x21 0x001359af
core   0: 0x80006482 (0x00008d55) c.or    a0, a3
core   0: 3 0x80006482 (0x8d55) x10 0x000003f7
core   0: 0x80006484 (0xc9da6593) ori     a1, s4, -867
core   0: 3 0x80006484 (0xc9da6593) x11 0xfffffc9d
core   0: 0x80006488 (0x000000e6) c.slli  ra, 25
core   0: 3 0x80006488 (0x00e6) x 1 0xc4000000
core   0: 0x8000648a (0x02678ab3) mul     s5, a5, t1
core   0: 3 0x8000648a (0x02678ab3) x21 0x00000000
core   0: 0x8000648e (0x03c64f33) div     t5, a2, t3
core   0: 3 0x8000648e (0x03c64f33) x30 0x00000000
core   0: 0x80006492 (0x017ecc33) xor     s8, t4, s7
core   0: 3 0x80006492 (0x017ecc33) x24 0xc0028000
core   0: 0x80006496 (0x00a432b3) sltu    t0, s0, a0
core   0: 3 0x80006496 (0x00a432b3) x 5 0x00000001
core   0: 0x8000649a (0x0000888e) c.mv    a7, gp
core   0: 3 0x8000649a (0x888e) x17 0x00000001
core   0: 0x8000649c (0x00000c1d) c.addi  s8, 7
core   0: 3 0x8000649c (0x0c1d) x24 0xc0028007
core   0: 0x8000649e (0x00ae7cb3) and     s9, t3, a0
core   0: 3 0x8000649e (0x00ae7cb3) x25 0x00000000
core   0: 0x800064a2 (0x53a8b793) sltiu   a5, a7, 1338
core   0: 3 0x800064a2 (0x53a8b793) x15 0x00000001
core   0: 0x800064a6 (0x00008c0d) c.sub   s0, a1
core   0: 3 0x800064a6 (0x8c0d) x 8 0x00000363
core   0: 0x800064a8 (0x00000001) c.nop
core   0: 3 0x800064a8 (0x0001)
core   0: 0x800064aa (0x000087e9) c.srai  a5, 26
core   0: 3 0x800064aa (0x87e9) x15 0x00000000
core   0: 0x800064ac (0x02d537b3) mulhu   a5, a0, a3
core   0: 3 0x800064ac (0x02d537b3) x15 0x00000000
core   0: 0x800064b0 (0x35b2b413) sltiu   s0, t0, 859
core   0: 3 0x800064b0 (0x35b2b413) x 8 0x00000001
core   0: 0x800064b4 (0x00008e11) c.sub   a2, a2
core   0: 3 0x800064b4 (0x8e11) x12 0x00000000
core   0: 0x800064b6 (0x00004ff5) c.li    t6, 29
core   0: 3 0x800064b6 (0x4ff5) x31 0x0000001d
core   0: 0x800064b8 (0x9c9a6a13) ori     s4, s4, -1591
core   0: 3 0x800064b8 (0x9c9a6a13) x20 0xfffff9cd
core   0: 0x800064bc (0x41ff01b3) sub     gp, t5, t6
core   0: 3 0x800064bc (0x41ff01b3) x 3 0xffffffe3
core   0: 0x800064c0 (0x01941213) slli    tp, s0, 25
core   0: 3 0x800064c0 (0x01941213) x 4 0x02000000
core   0: 0x800064c4 (0x00eadf93) srli    t6, s5, 14
core   0: 3 0x800064c4 (0x00eadf93) x31 0x00000000
core   0: 0x800064c8 (0x0048af33) slt     t5, a7, tp
core   0: 3 0x800064c8 (0x0048af33) x30 0x00000001
core   0: 0x800064cc (0x03eb8c33) mul     s8, s7, t5
core   0: 3 0x800064cc (0x03eb8c33) x24 0x30410000
core   0: 0x800064d0 (0x00009e36) c.add   t3, a3
core   0: 3 0x800064d0 (0x9e36) x28 0x001d0001
core   0: 0x800064d2 (0xf714c313) xori    t1, s1, -143
core   0: 3 0x800064d2 (0xf714c313) x 6 0xc136cb5f
core   0: 0x800064d6 (0x0382b0b3) mulhu   ra, t0, s8
core   0: 3 0x800064d6 (0x0382b0b3) x 1 0x00000000
core   0: 0x800064da (0x02c4f6b3) remu    a3, s1, a2
core   0: 3 0x800064da (0x02c4f6b3) x13 0x3ec9342e
core   0: 0x800064de (0x00000001) c.nop
core   0: 3 0x800064de (0x0001)
core   0: 0x800064e0 (0x00008a8a) c.mv    s5, sp
core   0: 3 0x800064e0 (0x8a8a) x21 0x80013ce4
core   0: 0x800064e2 (0x000065f1) c.lui   a1, 0x1c
core   0: 3 0x800064e2 (0x65f1) x11 0x0001c000
core   0: 0x800064e4 (0xb5724013) xori    zero, tp, -1193
core   0: 3 0x800064e4 (0xb5724013)
core   0: 0x800064e8 (0x007bd813) srli    a6, s7, 7
core   0: 3 0x800064e8 (0x007bd813) x16 0x00608200
core   0: 0x800064ec (0x02b71033) mulh    zero, a4, a1
core   0: 3 0x800064ec (0x02b71033)
core   0: 0x800064f0 (0x0289d433) divu    s0, s3, s0
core   0: 3 0x800064f0 (0x0289d433) x 8 0x0000075c
core   0: 0x800064f4 (0x00008fcd) c.or    a5, a1
core   0: 3 0x800064f4 (0x8fcd) x15 0x0001c000
core   0: 0x800064f6 (0x0357f633) remu    a2, a5, s5
core   0: 3 0x800064f6 (0x0357f633) x12 0x0001c000
core   0: 0x800064fa (0xeb5d7393) andi    t2, s10, -331
core   0: 3 0x800064fa (0xeb5d7393) x 7 0x00000001
core   0: 0x800064fe (0x0184d013) srli    zero, s1, 24
core   0: 3 0x800064fe (0x0184d013)
core   0: 0x80006502 (0x03af8033) mul     zero, t6, s10
core   0: 3 0x80006502 (0x03af8033)
core   0: 0x80006506 (0x03e5d5b3) divu    a1, a1, t5
core   0: 3 0x80006506 (0x03e5d5b3) x11 0x0001c000
core   0: 0x8000650a (0x40d6deb3) sra     t4, a3, a3
core   0: 3 0x8000650a (0x40d6deb3) x29 0x0000fb24
core   0: 0x8000650e (0x0336deb3) divu    t4, a3, s3
core   0: 3 0x8000650e (0x0336deb3) x29 0x0008880b
core   0: 0x80006512 (0x00009a72) c.add   s4, t3
core   0: 3 0x80006512 (0x9a72) x20 0x001cf9ce
core   0: 0x80006514 (0x0000088a) c.slli  a7, 2
core   0: 3 0x80006514 (0x088a) x17 0x00000004
core   0: 0x80006516 (0x018a2f33) slt     t5, s4, s8
core   0: 3 0x80006516 (0x018a2f33) x30 0x00000001
core   0: 0x8000651a (0x000009f6) c.slli  s3, 29
core   0: 3 0x8000651a (0x09f6) x19 0x80000000
core   0: 0x8000651c (0x03f5e6b3) rem     a3, a1, t6
core   0: 3 0x8000651c (0x03f5e6b3) x13 0x0001c000
core   0: 0x80006520 (0x000000f2) c.slli  ra, 28
core   0: 3 0x80006520 (0x00f2) x 1 0x00000000
core   0: 0x80006522 (0x40428b33) sub     s6, t0, tp
core   0: 3 0x80006522 (0x40428b33) x22 0xfe000001
core   0: 0x80006526 (0x00000001) c.nop
core   0: 3 0x80006526 (0x0001)
core   0: 0x80006528 (0x1028fb93) andi    s7, a7, 258
core   0: 3 0x80006528 (0x1028fb93) x23 0x00000000
core   0: 0x8000652c (0x023494b3) mulh    s1, s1, gp
core   0: 3 0x8000652c (0x023494b3) x 9 0xfffffff8
core   0: 0x80006530 (0x03e96533) rem     a0, s2, t5
core   0: 3 0x80006530 (0x03e96533) x10 0x00000000
core   0: 0x80006534 (0x0124b333) sltu    t1, s1, s2
core   0: 3 0x80006534 (0x0124b333) x 6 0x00000000
core   0: 0x80006538 (0x03a65cb3) divu    s9, a2, s10
core   0: 3 0x80006538 (0x03a65cb3) x25 0x0001c000
core   0: 0x8000653c (0xfac27f17) auipc   t5, 0xfac27
core   0: 3 0x8000653c (0xfac27f17) x30 0x7ac2d53c
core   0: 0x80006540 (0x0000147d) c.addi  s0, -1
core   0: 3 0x80006540 (0x147d) x 8 0x0000075b
core   0: 0x80006542 (0x00f7bfb3) sltu    t6, a5, a5
core   0: 3 0x80006542 (0x00f7bfb3) x31 0x00000000
core   0: 0x80006546 (0x00008c1d) c.sub   s0, a5
core   0: 3 0x80006546 (0x8c1d) x 8 0xfffe475b
core   0: 0x80006548 (0x0000637d) c.lui   t1, 0x1f
core   0: 3 0x80006548 (0x637d) x 6 0x0001f000
core   0: 0x8000654a (0x00000492) c.slli  s1, 4
core   0: 3 0x8000654a (0x0492) x 9 0xffffff80
core   0: 0x8000654c (0x00008d65) c.and   a0, s1
core   0: 3 0x8000654c (0x8d65) x10 0x00000000
core   0: 0x8000654e (0x0067b5b3) sltu    a1, a5, t1
core   0: 3 0x8000654e (0x0067b5b3) x11 0x00000001
core   0: 0x80006552 (0x008f13b3) sll     t2, t5, s0
core   0: 3 0x80006552 (0x008f13b3) x 7 0xe0000000
core   0: 0x80006556 (0x2046c513) xori    a0, a3, 516
core   0: 3 0x80006556 (0x2046c513) x10 0x0001c204
core   0: 0x8000655a (0xaddc5a17) auipc   s4, 0xaddc5
core   0: 3 0x8000655a (0xaddc5a17) x20 0x2ddcb55a
core   0: 0x8000655e (0x0181de33) srl     t3, gp, s8
core   0: 3 0x8000655e (0x0181de33) x28 0xffffffe3
core   0: 0x80006562 (0x00004671) c.li    a2, 28
core   0: 3 0x80006562 (0x4671) x12 0x0000001c
core   0: 0x80006564 (0x000086f9) c.srai  a3, 30
core   0: 3 0x80006564 (0x86f9) x13 0x00000000
core   0: 0x80006566 (0x00006ab1) c.lui   s5, 0xc
core   0: 3 0x80006566 (0x6ab1) x21 0x0000c000
core   0: 0x80006568 (0x000086ed) c.srai  a3, 27
core   0: 3 0x80006568 (0x86ed) x13 0x00000000
core   0: 0x8000656a (0x00008fbd) c.xor   a5, a5
core   0: 3 0x8000656a (0x8fbd) x15 0x00000000
core   0: 0x8000656c (0x03afb1b3) mulhu   gp, t6, s10
core   0: 3 0x8000656c (0x03afb1b3) x 3 0x00000000
core   0: 0x80006570 (0x00008e1d) c.sub   a2, a5
core   0: 3 0x80006570 (0x8e1d) x12 0x0000001c
core   0: 0x80006572 (0x003569b3) or      s3, a0, gp
core   0: 3 0x80006572 (0x003569b3) x19 0x0001c204
core   0: 0x80006576 (0x00000001) c.nop
core   0: 3 0x80006576 (0x0001)
core   0: 0x80006578 (0x017dc2b3) xor     t0, s11, s7
core   0: 3 0x80006578 (0x017dc2b3) x 5 0x80000000
core   0: 0x8000657c (0x023747b3) div     a5, a4, gp
core   0: 3 0x8000657c (0x023747b3) x15 0xffffffff
core   0: 0x80006580 (0xf18eab13) slti    s6, t4, -232
core   0: 3 0x80006580 (0xf18eab13) x22 0x00000000
core   0: 0x80006584 (0x011edd13) srli    s10, t4, 17
core   0: 3 0x80006584 (0x011edd13) x26 0x00000004
core   0: 0x80006588 (0x7a268e13) addi    t3, a3, 1954
core   0: 3 0x80006588 (0x7a268e13) x28 0x000007a2
core   0: 0x8000658c (0x0000957e) c.add   a0, t6
core   0: 3 0x8000658c (0x957e) x10 0x0001c204
core   0: 0x8000658e (0x00000325) c.addi  t1, 9
core   0: 3 0x8000658e (0x0325) x 6 0x0001f009
core   0: 0x80006590 (0x0000644d) c.lui   s0, 0x13
core   0: 3 0x80006590 (0x644d) x 8 0x00013000
core   0: 0x80006592 (0x75fda7b7) lui     a5, 0x75fda
core   0: 3 0x80006592 (0x75fda7b7) x15 0x75fda000
core   0: 0x80006596 (0xa2a78793) addi    a5, a5, -1494
core   0: 3 0x80006596 (0xa2a78793) x15 0x75fd9a2a
core   0: 0x8000659a (0x71c64cb7) lui     s9, 0x71c64
core   0: 3 0x8000659a (0x71c64cb7) x25 0x71c64000
core   0: 0x8000659e (0x120c8c93) addi    s9, s9, 288
core   0: 3 0x8000659e (0x120c8c93) x25 0x71c64120
core   0: 0x800065a2 (0xfff00993) li      s3, -1
core   0: 3 0x800065a2 (0xfff00993) x19 0xffffffff
core   0: 0x800065a6 (0xfff00193) li      gp, -1
core   0: 3 0x800065a6 (0xfff00193) x 3 0xffffffff
core   0: 0x800065aa (0x00004801) c.li    a6, 0
core   0: 3 0x800065aa (0x4801) x16 0x00000000
core   0: 0x800065ac (0x35ece5b7) lui     a1, 0x35ece
core   0: 3 0x800065ac (0x35ece5b7) x11 0x35ece000
core   0: 0x800065b0 (0xa1a58593) addi    a1, a1, -1510
core   0: 3 0x800065b0 (0xa1a58593) x11 0x35ecda1a
core   0: 0x800065b4 (0x00004d01) c.li    s10, 0
core   0: 3 0x800065b4 (0x4d01) x26 0x00000000
core   0: 0x800065b6 (0xfff00913) li      s2, -1
core   0: 3 0x800065b6 (0xfff00913) x18 0xffffffff
core   0: 0x800065ba (0x00004681) c.li    a3, 0
core   0: 3 0x800065ba (0x4681) x13 0x00000000
core   0: 0x800065bc (0xfff00b93) li      s7, -1
core   0: 3 0x800065bc (0xfff00b93) x23 0xffffffff
core   0: 0x800065c0 (0x02f796b3) mulh    a3, a5, a5
core   0: 3 0x800065c0 (0x02f796b3) x13 0x3661ca24
core   0: 0x800065c4 (0x0379d1b3) divu    gp, s3, s7
core   0: 3 0x800065c4 (0x0379d1b3) x 3 0x00000001
core   0: 0x800065c8 (0x2f178693) addi    a3, a5, 753
core   0: 3 0x800065c8 (0x2f178693) x13 0x75fd9d1b
core   0: 0x800065cc (0x90738c97) auipc   s9, 0x90738
core   0: 3 0x800065cc (0x90738c97) x25 0x1073e5cc
core   0: 0x800065d0 (0x0309cbb3) div     s7, s3, a6
core   0: 3 0x800065d0 (0x0309cbb3) x23 0xffffffff
core   0: 0x800065d4 (0x26f9cb97) auipc   s7, 0x26f9c
core   0: 3 0x800065d4 (0x26f9cb97) x23 0xa6fa25d4
core   0: 0x800065d8 (0x039581b3) mul     gp, a1, s9
core   0: 3 0x800065d8 (0x039581b3) x 3 0x71850eb8
core   0: 0x800065dc (0x0395ccb3) div     s9, a1, s9
core   0: 3 0x800065dc (0x0395ccb3) x25 0x00000003
core   0: 0x800065e0 (0x030c9933) mulh    s2, s9, a6
core   0: 3 0x800065e0 (0x030c9933) x18 0x00000000
core   0: 0x800065e4 (0x0237bd33) mulhu   s10, a5, gp
core   0: 3 0x800065e4 (0x0237bd33) x26 0x34524496
core   0: 0x800065e8 (0x0397bcb3) mulhu   s9, a5, s9
core   0: 3 0x800065e8 (0x0397bcb3) x25 0x00000001
core   0: 0x800065ec (0x02b5dd33) divu    s10, a1, a1
core   0: 3 0x800065ec (0x02b5dd33) x26 0x00000001
core   0: 0x800065f0 (0x010806b3) add     a3, a6, a6
core   0: 3 0x800065f0 (0x010806b3) x13 0x00000000
core   0: 0x800065f4 (0x037969b3) rem     s3, s2, s7
core   0: 3 0x800065f4 (0x037969b3) x19 0x00000000
core   0: 0x800065f8 (0x0235abb3) mulhsu  s7, a1, gp
core   0: 3 0x800065f8 (0x0235abb3) x23 0x17e9936c
core   0: 0x800065fc (0x0337a933) mulhsu  s2, a5, s3
core   0: 3 0x800065fc (0x0337a933) x18 0x00000000
core   0: 0x80006600 (0x0396d6b3) divu    a3, a3, s9
core   0: 3 0x80006600 (0x0396d6b3) x13 0x00000000
core   0: 0x80006604 (0x1c418693) addi    a3, gp, 452
core   0: 3 0x80006604 (0x1c418693) x13 0x7185107c
core   0: 0x80006608 (0x0011ed33) or      s10, gp, ra
core   0: 3 0x80006608 (0x0011ed33) x26 0x71850eb8
core   0: 0x8000660c (0x001834b3) sltu    s1, a6, ra
core   0: 3 0x8000660c (0x001834b3) x 9 0x00000000
core   0: 0x80006610 (0x00008cad) c.xor   s1, a1
core   0: 3 0x80006610 (0x8cad) x 9 0x35ecda1a
core   0: 0x80006612 (0x01c69d33) sll     s10, a3, t3
core   0: 3 0x80006612 (0x01c69d33) x26 0xc61441f0
core   0: 0x80006616 (0x01255c93) srli    s9, a0, 18
core   0: 3 0x80006616 (0x01255c93) x25 0x00000000
core   0: 0x8000661a (0x01335313) srli    t1, t1, 19
core   0: 3 0x8000661a (0x01335313) x 6 0x00000000
core   0: 0x8000661e (0x005c5cb3) srl     s9, s8, t0
core   0: 3 0x8000661e (0x005c5cb3) x25 0x30410000
core   0: 0x80006622 (0x01ef6633) or      a2, t5, t5
core   0: 3 0x80006622 (0x01ef6633) x12 0x7ac2d53c
core   0: 0x80006626 (0x069ac393) xori    t2, s5, 105
core   0: 3 0x80006626 (0x069ac393) x 7 0x0000c069
core   0: 0x8000662a (0x00008dc5) c.or    a1, s1
core   0: 3 0x8000662a (0x8dc5) x11 0x35ecda1a
core   0: 0x8000662c (0x017d8433) add     s0, s11, s7
core   0: 3 0x8000662c (0x017d8433) x 8 0x97e9936c
core   0: 0x80006630 (0x00c055b3) srl     a1, zero, a2
core   0: 3 0x80006630 (0x00c055b3) x11 0x00000000
core   0: 0x80006634 (0x00006e59) c.lui   t3, 0x16
core   0: 3 0x80006634 (0x6e59) x28 0x00016000
core   0: 0x80006636 (0x00000001) c.nop
core   0: 3 0x80006636 (0x0001)
core   0: 0x80006638 (0x00009bfd) c.andi  a5, -1
core   0: 3 0x80006638 (0x9bfd) x15 0x75fd9a2a
core   0: 0x8000663a (0x00008139) c.srli  a0, 14
core   0: 3 0x8000663a (0x8139) x10 0x00000007
core   0: 0x8000663c (0x01395533) srl     a0, s2, s3
core   0: 3 0x8000663c (0x01395533) x10 0x00000000
core   0: 0x80006640 (0x000081d5) c.srli  a1, 21
core   0: 3 0x80006640 (0x81d5) x11 0x00000000
core   0: 0x80006642 (0xfa11ce93) xori    t4, gp, -95
core   0: 3 0x80006642 (0xfa11ce93) x29 0x8e7af119
core   0: 0x80006646 (0x00ca0233) add     tp, s4, a2
core   0: 3 0x80006646 (0x00ca0233) x 4 0xa89f8a96
core   0: 0x8000664a (0x032f81b3) mul     gp, t6, s2
core   0: 3 0x8000664a (0x032f81b3) x 3 0x00000000
core   0: 0x8000664e (0xb1226213) ori     tp, tp, -1262
core   0: 3 0x8000664e (0xb1226213) x 4 0xfffffb96
core   0: 0x80006652 (0xfe705517) auipc   a0, 0xfe705
core   0: 3 0x80006652 (0xfe705517) x10 0x7e70b652
core   0: 0x80006656 (0x00008fd9) c.or    a5, a4
core   0: 3 0x80006656 (0x8fd9) x15 0xf5fdfe6e
core   0: 0x80006658 (0x9a73c513) xori    a0, t2, -1625
core   0: 3 0x80006658 (0x9a73c513) x10 0xffff39ce
core   0: 0x8000665c (0x000047fd) c.li    a5, 31
core   0: 3 0x8000665c (0x47fd) x15 0x0000001f
core   0: 0x8000665e (0x00000001) c.nop
core   0: 3 0x8000665e (0x0001)
core   0: 0x80006660 (0x41995f33) sra     t5, s2, s9
core   0: 3 0x80006660 (0x41995f33) x30 0x00000000
core   0: 0x80006664 (0x41f6d893) srai    a7, a3, 31
core   0: 3 0x80006664 (0x41f6d893) x17 0x00000000
core   0: 0x80006668 (0x40fcdab3) sra     s5, s9, a5
core   0: 3 0x80006668 (0x40fcdab3) x21 0x00000000
core   0: 0x8000666c (0x00008ea5) c.xor   a3, s1
core   0: 3 0x8000666c (0x8ea5) x13 0x4469ca66
core   0: 0x8000666e (0x03dbab33) mulhsu  s6, s7, t4
core   0: 3 0x8000666e (0x03dbab33) x22 0x0d4f0b9b
core   0: 0x80006672 (0x008990b3) sll     ra, s3, s0
core   0: 3 0x80006672 (0x008990b3) x 1 0x00000000
core   0: 0x80006676 (0x00fdab33) slt     s6, s11, a5
core   0: 3 0x80006676 (0x00fdab33) x22 0x00000001
core   0: 0x8000667a (0x039f41b3) div     gp, t5, s9
core   0: 3 0x8000667a (0x039f41b3) x 3 0x00000000
core   0: 0x8000667e (0x0000587d) c.li    a6, -1
core   0: 3 0x8000667e (0x587d) x16 0xffffffff
core   0: 0x80006680 (0x0000597d) c.li    s2, -1
core   0: 3 0x80006680 (0x597d) x18 0xffffffff
core   0: 0x80006682 (0x02e871b3) remu    gp, a6, a4
core   0: 3 0x80006682 (0x02e871b3) x 3 0x7fff019b
core   0: 0x80006686 (0x00fa3233) sltu    tp, s4, a5
core   0: 3 0x80006686 (0x00fa3233) x 4 0x00000000
core   0: 0x8000668a (0x000082f2) c.mv    t0, t3
core   0: 3 0x8000668a (0x82f2) x 5 0x00016000
core   0: 0x8000668c (0x000085a5) c.srai  a1, 9
core   0: 3 0x8000668c (0x85a5) x11 0x00000000
core   0: 0x8000668e (0x0000863d) c.srai  a2, 15
core   0: 3 0x8000668e (0x863d) x12 0x0000f585
core   0: 0x80006690 (0x00008c4d) c.or    s0, a1
core   0: 3 0x80006690 (0x8c4d) x 8 0x97e9936c
core   0: 0x80006692 (0x54bccf13) xori    t5, s9, 1355
core   0: 3 0x80006692 (0x54bccf13) x30 0x3041054b
core   0: 0x80006696 (0x000008a5) c.addi  a7, 9
core   0: 3 0x80006696 (0x08a5) x17 0x00000009
core   0: 0x80006698 (0x41f30833) sub     a6, t1, t6
core   0: 3 0x80006698 (0x41f30833) x16 0x00000000
core   0: 0x8000669c (0x02d99533) mulh    a0, s3, a3
core   0: 3 0x8000669c (0x02d99533) x10 0x00000000
core   0: 0x800066a0 (0x01260bb3) add     s7, a2, s2
core   0: 3 0x800066a0 (0x01260bb3) x23 0x0000f584
core   0: 0x800066a4 (0x00008e09) c.sub   a2, a0
core   0: 3 0x800066a4 (0x8e09) x12 0x0000f585
core   0: 0x800066a6 (0x025603b3) mul     t2, a2, t0
core   0: 3 0x800066a6 (0x025603b3) x 7 0x5196e000
core   0: 0x800066aa (0x00008c6d) c.and   s0, a1
core   0: 3 0x800066aa (0x8c6d) x 8 0x00000000
core   0: 0x800066ac (0x00e21613) slli    a2, tp, 14
core   0: 3 0x800066ac (0x00e21613) x12 0x00000000
core   0: 0x800066b0 (0x005ac7b3) xor     a5, s5, t0
core   0: 3 0x800066b0 (0x005ac7b3) x15 0x00016000
core   0: 0x800066b4 (0x00000a9d) c.addi  s5, 7
core   0: 3 0x800066b4 (0x0a9d) x21 0x00000007
core   0: 0x800066b6 (0x00273bb3) sltu    s7, a4, sp
core   0: 3 0x800066b6 (0x00273bb3) x23 0x00000001
core   0: 0x800066ba (0x00008c91) c.sub   s1, a2
core   0: 3 0x800066ba (0x8c91) x 9 0x35ecda1a
core   0: 0x800066bc (0x00579d33) sll     s10, a5, t0
core   0: 3 0x800066bc (0x00579d33) x26 0x00016000
core   0: 0x800066c0 (0x6610c917) auipc   s2, 0x6610c
core   0: 3 0x800066c0 (0x6610c917) x18 0xe61126c0
core   0: 0x800066c4 (0x00008d85) c.sub   a1, s1
core   0: 3 0x800066c4 (0x8d85) x11 0xca1325e6
core   0: 0x800066c6 (0x00109033) sll     zero, ra, ra
core   0: 3 0x800066c6 (0x00109033)
core   0: 0x800066ca (0x00005e7d) c.li    t3, -1
core   0: 3 0x800066ca (0x5e7d) x28 0xffffffff
core   0: 0x800066cc (0x03db1f33) mulh    t5, s6, t4
core   0: 3 0x800066cc (0x03db1f33) x30 0xffffffff
core   0: 0x800066d0 (0xb0ba0393) addi    t2, s4, -1269
core   0: 3 0x800066d0 (0xb0ba0393) x 7 0x2ddcb065
core   0: 0x800066d4 (0x004bd0b3) srl     ra, s7, tp
core   0: 3 0x800066d4 (0x004bd0b3) x 1 0x00000001
core   0: 0x800066d8 (0xc3c89237) lui     tp, 0xc3c89
core   0: 3 0x800066d8 (0xc3c89237) x 4 0xc3c89000
core   0: 0x800066dc (0xd33a2913) slti    s2, s4, -717
core   0: 3 0x800066dc (0xd33a2913) x18 0x00000000
core   0: 0x800066e0 (0x00ed8633) add     a2, s11, a4
core   0: 3 0x800066e0 (0x00ed8633) x12 0x0000fe64
core   0: 0x800066e4 (0x4014d293) srai    t0, s1, 1
core   0: 3 0x800066e4 (0x4014d293) x 5 0x1af66d0d
core   0: 0x800066e8 (0x0000137d) c.addi  t1, -1
core   0: 3 0x800066e8 (0x137d) x 6 0xffffffff
core   0: 0x800066ea (0x02b95cb3) divu    s9, s2, a1
core   0: 3 0x800066ea (0x02b95cb3) x25 0x00000000
core   0: 0x800066ee (0x00a14433) xor     s0, sp, a0
core   0: 3 0x800066ee (0x00a14433) x 8 0x80013ce4
core   0: 0x800066f2 (0x4a7c5517) auipc   a0, 0x4a7c5
core   0: 3 0x800066f2 (0x4a7c5517) x10 0xca7cb6f2
core   0: 0x800066f6 (0x0000083e) c.slli  a6, 15
core   0: 3 0x800066f6 (0x083e) x16 0x00000000
core   0: 0x800066f8 (0x01f78bb3) add     s7, a5, t6
core   0: 3 0x800066f8 (0x01f78bb3) x23 0x00016000
core   0: 0x800066fc (0x001b4c33) xor     s8, s6, ra
core   0: 3 0x800066fc (0x001b4c33) x24 0x00000000
core   0: 0x80006700 (0x00000001) c.nop
core   0: 3 0x80006700 (0x0001)
core   0: 0x80006702 (0x02fd4fb3) div     t6, s10, a5
core   0: 3 0x80006702 (0x02fd4fb3) x31 0x00000001
core   0: 0x80006706 (0x00000c16) c.slli  s8, 5
core   0: 3 0x80006706 (0x0c16) x24 0x00000000
core   0: 0x80006708 (0x03791eb3) mulh    t4, s2, s7
core   0: 3 0x80006708 (0x03791eb3) x29 0x00000000
core   0: 0x8000670c (0x003fceb3) xor     t4, t6, gp
core   0: 3 0x8000670c (0x003fceb3) x29 0x7fff019a
core   0: 0x80006710 (0x000001a9) c.addi  gp, 10
core   0: 3 0x80006710 (0x01a9) x 3 0x7fff01a5
core   0: 0x80006712 (0x9efc0593) addi    a1, s8, -1553
core   0: 3 0x80006712 (0x9efc0593) x11 0xfffff9ef
core   0: 0x80006716 (0x00f79293) slli    t0, a5, 15
core   0: 3 0x80006716 (0x00f79293) x 5 0xb0000000
core   0: 0x8000671a (0x0024ecb3) or      s9, s1, sp
core   0: 3 0x8000671a (0x0024ecb3) x25 0xb5edfefe
core   0: 0x8000671e (0x002dccb3) xor     s9, s11, sp
core   0: 3 0x8000671e (0x002dccb3) x25 0x00013ce4
core   0: 0x80006722 (0x0000963e) c.add   a2, a5
core   0: 3 0x80006722 (0x963e) x12 0x00025e64
core   0: 0x80006724 (0x026170b3) remu    ra, sp, t1
core   0: 3 0x80006724 (0x026170b3) x 1 0x80013ce4
core   0: 0x80006728 (0x0000999e) c.add   s3, t2
core   0: 3 0x80006728 (0x999e) x19 0x2ddcb065
core   0: 0x8000672a (0x00006535) c.lui   a0, 0xd
core   0: 3 0x8000672a (0x6535) x10 0x0000d000
core   0: 0x8000672c (0x4b5392b7) lui     t0, 0x4b539
core   0: 3 0x8000672c (0x4b5392b7) x 5 0x4b539000
core   0: 0x80006730 (0x0311ceb3) div     t4, gp, a7
core   0: 3 0x80006730 (0x0311ceb3) x29 0x0e38c74b
core   0: 0x80006734 (0x0000940a) c.add   s0, sp
core   0: 3 0x80006734 (0x940a) x 8 0x000279c8
core   0: 0x80006736 (0x000099c2) c.add   s3, a6
core   0: 3 0x80006736 (0x99c2) x19 0x2ddcb065
core   0: 0x80006738 (0x00009406) c.add   s0, ra
core   0: 3 0x80006738 (0x9406) x 8 0x8003b6ac
core   0: 0x8000673a (0x01e856b3) srl     a3, a6, t5
core   0: 3 0x8000673a (0x01e856b3) x13 0x00000000
core   0: 0x8000673e (0x00d5dbb3) srl     s7, a1, a3
core   0: 3 0x8000673e (0x00d5dbb3) x23 0xfffff9ef
core   0: 0x80006742 (0xa0d8c917) auipc   s2, 0xa0d8c
core   0: 3 0x80006742 (0xa0d8c917) x18 0x20d92742
core   0: 0x80006746 (0x00008c3d) c.xor   s0, a5
core   0: 3 0x80006746 (0x8c3d) x 8 0x8002d6ac
core   0: 0x80006748 (0x03c643b3) div     t2, a2, t3
core   0: 3 0x80006748 (0x03c643b3) x 7 0xfffda19c
core   0: 0x8000674c (0x00008e45) c.or    a2, s1
core   0: 3 0x8000674c (0x8e45) x12 0x35eede7e
core   0: 0x8000674e (0x4c8d1e17) auipc   t3, 0x4c8d1
core   0: 3 0x8000674e (0x4c8d1e17) x28 0xcc8d774e
core   0: 0x80006752 (0x0341b1b3) mulhu   gp, gp, s4
core   0: 3 0x80006752 (0x0341b1b3) x 3 0x16ee2d1b
core   0: 0x80006756 (0xb9abff93) andi    t6, s7, -1126
core   0: 3 0x80006756 (0xb9abff93) x31 0xfffff98a
core   0: 0x8000675a (0x024a0bb3) mul     s7, s4, tp
core   0: 3 0x8000675a (0x024a0bb3) x23 0x6252a000
core   0: 0x8000675e (0x00000001) c.nop
core   0: 3 0x8000675e (0x0001)
core   0: 0x80006760 (0x01c9f333) and     t1, s3, t3
core   0: 3 0x80006760 (0x01c9f333) x 6 0x0c8c3044
core   0: 0x80006764 (0x00799d33) sll     s10, s3, t2
core   0: 3 0x80006764 (0x00799d33) x26 0x50000000
core   0: 0x80006768 (0x037b2bb3) mulhsu  s7, s6, s7
core   0: 3 0x80006768 (0x037b2bb3) x23 0x00000000
core   0: 0x8000676c (0x3bd64813) xori    a6, a2, 957
core   0: 3 0x8000676c (0x3bd64813) x16 0x35eeddc3
core   0: 0x80006770 (0x02a75333) divu    t1, a4, a0
core   0: 3 0x80006770 (0x02a75333) x 6 0x00009d8b
core   0: 0x80006774 (0x001d7fb3) and     t6, s10, ra
core   0: 3 0x80006774 (0x001d7fb3) x31 0x00000000
core   0: 0x80006778 (0x01069e93) slli    t4, a3, 16
core   0: 3 0x80006778 (0x01069e93) x29 0x00000000
core   0: 0x8000677c (0x000088dd) c.andi  s1, 23
core   0: 3 0x8000677c (0x88dd) x 9 0x00000012
core   0: 0x8000677e (0x015797b3) sll     a5, a5, s5
core   0: 3 0x8000677e (0x015797b3) x15 0x00b00000
core   0: 0x80006782 (0x00000cee) c.slli  s9, 27
core   0: 3 0x80006782 (0x0cee) x25 0x20000000
core   0: 0x80006784 (0x02880233) mul     tp, a6, s0
core   0: 3 0x80006784 (0x02880233) x 4 0x25640104
core   0: 0x80006788 (0x5a996d13) ori     s10, s2, 1449
core   0: 3 0x80006788 (0x5a996d13) x26 0x20d927eb
core   0: 0x8000678c (0x00004e6d) c.li    t3, 27
core   0: 3 0x8000678c (0x4e6d) x28 0x0000001b
core   0: 0x8000678e (0x01f25fb3) srl     t6, tp, t6
core   0: 3 0x8000678e (0x01f25fb3) x31 0x25640104
core   0: 0x80006792 (0x01badc33) srl     s8, s5, s11
core   0: 3 0x80006792 (0x01badc33) x24 0x00000007
core   0: 0x80006796 (0x00000d76) c.slli  s10, 29
core   0: 3 0x80006796 (0x0d76) x26 0x60000000
core   0: 0x80006798 (0x028c5f33) divu    t5, s8, s0
core   0: 3 0x80006798 (0x028c5f33) x30 0x00000000
core   0: 0x8000679c (0x00000001) c.nop
core   0: 3 0x8000679c (0x0001)
core   0: 0x8000679e (0xa7bab313) sltiu   t1, s5, -1413
core   0: 3 0x8000679e (0xa7bab313) x 6 0x00000001
core   0: 0x800067a2 (0x008ec633) xor     a2, t4, s0
core   0: 3 0x800067a2 (0x008ec633) x12 0x8002d6ac
core   0: 0x800067a6 (0x9141fe97) auipc   t4, 0x9141f
core   0: 3 0x800067a6 (0x9141fe97) x29 0x114257a6
core   0: 0x800067aa (0xc636a593) slti    a1, a3, -925
core   0: 3 0x800067aa (0xc636a593) x11 0x00000000
core   0: 0x800067ae (0x01ca6b33) or      s6, s4, t3
core   0: 3 0x800067ae (0x01ca6b33) x22 0x2ddcb55b
core   0: 0x800067b2 (0x00000412) c.slli  s0, 4
core   0: 3 0x800067b2 (0x0412) x 8 0x002d6ac0
core   0: 0x800067b4 (0x000098fd) c.andi  s1, -1
core   0: 3 0x800067b4 (0x98fd) x 9 0x00000012
core   0: 0x800067b6 (0x01c07d33) and     s10, zero, t3
core   0: 3 0x800067b6 (0x01c07d33) x26 0x00000000
core   0: 0x800067ba (0xbcfd0d13) addi    s10, s10, -1073
core   0: 3 0x800067ba (0xbcfd0d13) x26 0xfffffbcf
core   0: 0x800067be (0x010aa633) slt     a2, s5, a6
core   0: 3 0x800067be (0x010aa633) x12 0x00000001
core   0: 0x800067c2 (0x00008c1d) c.sub   s0, a5
core   0: 3 0x800067c2 (0x8c1d) x 8 0xff7d6ac0
core   0: 0x800067c4 (0x00021933) sll     s2, tp, zero
core   0: 3 0x800067c4 (0x00021933) x18 0x25640104
core   0: 0x800067c8 (0x00008fa1) c.xor   a5, s0
core   0: 3 0x800067c8 (0x8fa1) x15 0xffcd6ac0
core   0: 0x800067ca (0x03bea0b3) mulhsu  ra, t4, s11
core   0: 3 0x800067ca (0x03bea0b3) x 1 0x08a12bd3
core   0: 0x800067ce (0x00008da5) c.xor   a1, s1
core   0: 3 0x800067ce (0x8da5) x11 0x00000012
core   0: 0x800067d0 (0x7551ea13) ori     s4, gp, 1877
core   0: 3 0x800067d0 (0x7551ea13) x20 0x16ee2f5f
core   0: 0x800067d4 (0x4190d893) srai    a7, ra, 25
core   0: 3 0x800067d4 (0x4190d893) x17 0x00000004
core   0: 0x800067d8 (0x1ec3c313) xori    t1, t2, 492
core   0: 3 0x800067d8 (0x1ec3c313) x 6 0xfffda070
core   0: 0x800067dc (0x000066c1) c.lui   a3, 0x10
core   0: 3 0x800067dc (0x66c1) x13 0x00010000
core   0: 0x800067de (0x88cdeb93) ori     s7, s11, -1908
core   0: 3 0x800067de (0x88cdeb93) x23 0xfffff88c
core   0: 0x800067e2 (0x400986b3) sub     a3, s3, zero
core   0: 3 0x800067e2 (0x400986b3) x13 0x2ddcb065
core   0: 0x800067e6 (0x0000635d) c.lui   t1, 0x17
core   0: 3 0x800067e6 (0x635d) x 6 0x00017000
core   0: 0x800067e8 (0x50c84393) xori    t2, a6, 1292
core   0: 3 0x800067e8 (0x50c84393) x 7 0x35eed8cf
core   0: 0x800067ec (0x00008ea9) c.xor   a3, a0
core   0: 3 0x800067ec (0x8ea9) x13 0x2ddc6065
core   0: 0x800067ee (0x009ad993) srli    s3, s5, 9
core   0: 3 0x800067ee (0x009ad993) x19 0x00000000
core   0: 0x800067f2 (0x026f3d33) mulhu   s10, t5, t1
core   0: 3 0x800067f2 (0x026f3d33) x26 0x00000000
core   0: 0x800067f6 (0x01f46533) or      a0, s0, t6
core   0: 3 0x800067f6 (0x01f46533) x10 0xff7d6bc4
core   0: 0x800067fa (0x00008ca9) c.xor   s1, a0
core   0: 3 0x800067fa (0x8ca9) x 9 0xff7d6bd6
core   0: 0x800067fc (0x00008119) c.srli  a0, 6
core   0: 3 0x800067fc (0x8119) x10 0x03fdf5af
core   0: 0x800067fe (0x0000853d) c.srai  a0, 15
core   0: 3 0x800067fe (0x853d) x10 0x000007fb
core   0: 0x80006800 (0x02c40633) mul     a2, s0, a2
core   0: 3 0x80006800 (0x02c40633) x12 0xff7d6ac0
core   0: 0x80006804 (0x00008e09) c.sub   a2, a0
core   0: 3 0x80006804 (0x8e09) x12 0xff7d62c5
core   0: 0x80006806 (0x025657b3) divu    a5, a2, t0
core   0: 3 0x80006806 (0x025657b3) x15 0x00000003
core   0: 0x8000680a (0x4b471797) auipc   a5, 0x4b471
core   0: 3 0x8000680a (0x4b471797) x15 0xcb47780a
core   0: 0x8000680e (0x00000001) c.nop
core   0: 3 0x8000680e (0x0001)
core   0: 0x80006810 (0x00008e95) c.sub   a3, a3
core   0: 3 0x80006810 (0x8e95) x13 0x00000000
core   0: 0x80006812 (0x021908b3) mul     a7, s2, ra
core   0: 3 0x80006812 (0x021908b3) x17 0x611c824c
core   0: 0x80006816 (0x018775b3) and     a1, a4, s8
core   0: 3 0x80006816 (0x018775b3) x11 0x00000004
core   0: 0x8000681a (0x00009b3a) c.add   s6, a4
core   0: 3 0x8000681a (0x9b3a) x22 0xadddb3bf
core   0: 0x8000681c (0xb9465d37) lui     s10, 0xb9465
core   0: 3 0x8000681c (0xb9465d37) x26 0xb9465000
core   0: 0x80006820 (0x00bf8833) add     a6, t6, a1
core   0: 3 0x80006820 (0x00bf8833) x16 0x25640108
core   0: 0x80006824 (0x012eba33) sltu    s4, t4, s2
core   0: 3 0x80006824 (0x012eba33) x20 0x00000001
core   0: 0x80006828 (0x40cf09b3) sub     s3, t5, a2
core   0: 3 0x80006828 (0x40cf09b3) x19 0x00829d3b
core   0: 0x8000682c (0x01bc4cb3) xor     s9, s8, s11
core   0: 3 0x8000682c (0x01bc4cb3) x25 0x80000007
core   0: 0x80006830 (0x00008a62) c.mv    s4, s8
core   0: 3 0x80006830 (0x8a62) x20 0x00000007
core   0: 0x80006832 (0x03d8bd33) mulhu   s10, a7, t4
core   0: 3 0x80006832 (0x03d8bd33) x26 0x068c0f40
core   0: 0x80006836 (0x00000001) c.nop
core   0: 3 0x80006836 (0x0001)
core   0: 0x80006838 (0x028f9833) mulh    a6, t6, s0
core   0: 3 0x80006838 (0x028f9833) x16 0xffeced6a
core   0: 0x8000683c (0x000014fd) c.addi  s1, -1
core   0: 3 0x8000683c (0x14fd) x 9 0xff7d6bd5
core   0: 0x8000683e (0x01ec45b3) xor     a1, s8, t5
core   0: 3 0x8000683e (0x01ec45b3) x11 0x00000007
core   0: 0x80006842 (0x85549a97) auipc   s5, 0x85549
core   0: 3 0x80006842 (0x85549a97) x21 0x0554f842
core   0: 0x80006846 (0x0274c5b3) div     a1, s1, t2
core   0: 3 0x80006846 (0x0274c5b3) x11 0x00000000
core   0: 0x8000684a (0x000086d9) c.srai  a3, 22
core   0: 3 0x8000684a (0x86d9) x13 0x00000000
core   0: 0x8000684c (0x00eddfb3) srl     t6, s11, a4
core   0: 3 0x8000684c (0x00eddfb3) x31 0x08000000
core   0: 0x80006850 (0x02c66c33) rem     s8, a2, a2
core   0: 3 0x80006850 (0x02c66c33) x24 0x00000000
core   0: 0x80006854 (0x01130a33) add     s4, t1, a7
core   0: 3 0x80006854 (0x01130a33) x20 0x611df24c
core   0: 0x80006858 (0x033f7433) remu    s0, t5, s3
core   0: 3 0x80006858 (0x033f7433) x 8 0x00000000
core   0: 0x8000685c (0x00008e72) c.mv    t3, t3
core   0: 3 0x8000685c (0x8e72) x28 0x0000001b
core   0: 0x8000685e (0x00000001) c.nop
core   0: 3 0x8000685e (0x0001)
core   0: 0x80006860 (0x023fed33) rem     s10, t6, gp
core   0: 3 0x80006860 (0x023fed33) x26 0x08000000
core   0: 0x80006864 (0x00008fb1) c.xor   a5, a2
core   0: 3 0x80006864 (0x8fb1) x15 0x343a1acf
core   0: 0x80006866 (0x00006661) c.lui   a2, 0x18
core   0: 3 0x80006866 (0x6661) x12 0x00018000
core   0: 0x80006868 (0x000081ad) c.srli  a1, 11
core   0: 3 0x80006868 (0x81ad) x11 0x00000000
core   0: 0x8000686a (0x00009bfd) c.andi  a5, -1
core   0: 3 0x8000686a (0x9bfd) x15 0x343a1acf
core   0: 0x8000686c (0x03271433) mulh    s0, a4, s2
core   0: 3 0x8000686c (0x03271433) x 8 0xed4e24a5
core   0: 0x80006870 (0x0000958a) c.add   a1, sp
core   0: 3 0x80006870 (0x958a) x11 0x80013ce4
core   0: 0x80006872 (0x30182313) slti    t1, a6, 769
core   0: 3 0x80006872 (0x30182313) x 6 0x00000001
core   0: 0x80006876 (0x03c60fb3) mul     t6, a2, t3
core   0: 3 0x80006876 (0x03c60fb3) x31 0x00288000
core   0: 0x8000687a (0xdc05d637) lui     a2, 0xdc05d
core   0: 3 0x8000687a (0xdc05d637) x12 0xdc05d000
core   0: 0x8000687e (0x71276513) ori     a0, a4, 1810
core   0: 3 0x8000687e (0x71276513) x10 0x8000ff76
core   0: 0x80006882 (0x00008f89) c.sub   a5, a0
core   0: 3 0x80006882 (0x8f89) x15 0xb4391b59
core   0: 0x80006884 (0x00006aa1) c.lui   s5, 0x8
core   0: 3 0x80006884 (0x6aa1) x21 0x00008000
core   0: 0x80006886 (0x0000997d) c.andi  a0, -1
core   0: 3 0x80006886 (0x997d) x10 0x8000ff76
core   0: 0x80006888 (0x00a03433) snez    s0, a0
core   0: 3 0x80006888 (0x00a03433) x 8 0x00000001
core   0: 0x8000688c (0x030a54b3) divu    s1, s4, a6
core   0: 3 0x8000688c (0x030a54b3) x 9 0x00000000
core   0: 0x80006890 (0x015df233) and     tp, s11, s5
core   0: 3 0x80006890 (0x015df233) x 4 0x00000000
core   0: 0x80006894 (0x00f4c433) xor     s0, s1, a5
core   0: 3 0x80006894 (0x00f4c433) x 8 0xb4391b59
core   0: 0x80006898 (0x418ab613) sltiu   a2, s5, 1048
core   0: 3 0x80006898 (0x418ab613) x12 0x00000000
core   0: 0x8000689c (0x014bc5b3) xor     a1, s7, s4
core   0: 3 0x8000689c (0x014bc5b3) x11 0x9ee20ac0
core   0: 0x800068a0 (0x038e72b3) remu    t0, t3, s8
core   0: 3 0x800068a0 (0x038e72b3) x 5 0x0000001b
core   0: 0x800068a4 (0x0285ceb3) div     t4, a1, s0
core   0: 3 0x800068a4 (0x0285ceb3) x29 0x00000001
core   0: 0x800068a8 (0x004903b3) add     t2, s2, tp
core   0: 3 0x800068a8 (0x004903b3) x 7 0x25640104
core   0: 0x800068ac (0x002c6a33) or      s4, s8, sp
core   0: 3 0x800068ac (0x002c6a33) x20 0x80013ce4
core   0: 0x800068b0 (0x00005c7d) c.li    s8, -1
core   0: 3 0x800068b0 (0x5c7d) x24 0xffffffff
core   0: 0x800068b2 (0x01440233) add     tp, s0, s4
core   0: 3 0x800068b2 (0x01440233) x 4 0x343a583d
core   0: 0x800068b6 (0x00000c26) c.slli  s8, 9
core   0: 3 0x800068b6 (0x0c26) x24 0xfffffe00
core   0: 0x800068b8 (0x01b285b3) add     a1, t0, s11
core   0: 3 0x800068b8 (0x01b285b3) x11 0x8000001b
core   0: 0x800068bc (0x02597b33) remu    s6, s2, t0
core   0: 3 0x800068bc (0x02597b33) x22 0x00000007
core   0: 0x800068c0 (0x000080b1) c.srli  s1, 12
core   0: 3 0x800068c0 (0x80b1) x 9 0x00000000
core   0: 0x800068c2 (0x0281f433) remu    s0, gp, s0
core   0: 3 0x800068c2 (0x0281f433) x 8 0x16ee2d1b
core   0: 0x800068c6 (0x022e1e33) mulh    t3, t3, sp
core   0: 3 0x800068c6 (0x022e1e33) x28 0xfffffff2
core   0: 0x800068ca (0x00000001) c.nop
core   0: 3 0x800068ca (0x0001)
core   0: 0x800068cc (0x00004a39) c.li    s4, 14
core   0: 3 0x800068cc (0x4a39) x20 0x0000000e
core   0: 0x800068ce (0x61730b17) auipc   s6, 0x61730
core   0: 3 0x800068ce (0x61730b17) x22 0xe17368ce
core   0: 0x800068d2 (0x03ac8433) mul     s0, s9, s10
core   0: 3 0x800068d2 (0x03ac8433) x 8 0x38000000
core   0: 0x800068d6 (0x0000813d) c.srli  a0, 15
core   0: 3 0x800068d6 (0x813d) x10 0x00010001
core   0: 0x800068d8 (0x013c7b33) and     s6, s8, s3
core   0: 3 0x800068d8 (0x013c7b33) x22 0x00829c00
core   0: 0x800068dc (0x1e2908b7) lui     a7, 0x1e290
core   0: 3 0x800068dc (0x1e2908b7) x17 0x1e290000
core   0: 0x800068e0 (0x020ecbb3) div     s7, t4, zero
core   0: 3 0x800068e0 (0x020ecbb3) x23 0xffffffff
core   0: 0x800068e4 (0x017c5913) srli    s2, s8, 23
core   0: 3 0x800068e4 (0x017c5913) x18 0x000001ff
core   0: 0x800068e8 (0x40895513) srai    a0, s2, 8
core   0: 3 0x800068e8 (0x40895513) x10 0x00000001
core   0: 0x800068ec (0xc69ef013) andi    zero, t4, -919
core   0: 3 0x800068ec (0xc69ef013)
core   0: 0x800068f0 (0x39eca093) slti    ra, s9, 926
core   0: 3 0x800068f0 (0x39eca093) x 1 0x00000001
core   0: 0x800068f4 (0x00008f95) c.sub   a5, a3
core   0: 3 0x800068f4 (0x8f95) x15 0xb4391b59
core   0: 0x800068f6 (0x00008e45) c.or    a2, s1
core   0: 3 0x800068f6 (0x8e45) x12 0x00000000
core   0: 0x800068f8 (0x03d35ab3) divu    s5, t1, t4
core   0: 3 0x800068f8 (0x03d35ab3) x21 0x00000001
core   0: 0x800068fc (0x19193e93) sltiu   t4, s2, 401
core   0: 3 0x800068fc (0x19193e93) x29 0x00000000
core   0: 0x80006900 (0x00008e1e) c.mv    t3, t2
core   0: 3 0x80006900 (0x8e1e) x28 0x25640104
core   0: 0x80006902 (0x00008a2d) c.andi  a2, 11
core   0: 3 0x80006902 (0x8a2d) x12 0x00000000
core   0: 0x80006904 (0x00000c6a) c.slli  s8, 26
core   0: 3 0x80006904 (0x0c6a) x24 0x00000000
core   0: 0x80006906 (0x0000862d) c.srai  a2, 11
core   0: 3 0x80006906 (0x862d) x12 0x00000000
core   0: 0x80006908 (0x9a912793) slti    a5, sp, -1623
core   0: 3 0x80006908 (0x9a912793) x15 0x00000001
core   0: 0x8000690c (0x00353c33) sltu    s8, a0, gp
core   0: 3 0x8000690c (0x00353c33) x24 0x00000001
core   0: 0x80006910 (0x87ac5c17) auipc   s8, 0x87ac5
core   0: 3 0x80006910 (0x87ac5c17) x24 0x07acb910
core   0: 0x80006914 (0xba87e7b7) lui     a5, 0xba87e
core   0: 3 0x80006914 (0xba87e7b7) x15 0xba87e000
core   0: 0x80006918 (0x00008211) c.srli  a2, 4
core   0: 3 0x80006918 (0x8211) x12 0x00000000
core   0: 0x8000691a (0x00008585) c.srai  a1, 1
core   0: 3 0x8000691a (0x8585) x11 0xc000000d
core   0: 0x8000691c (0x00000f2a) c.slli  t5, 10
core   0: 3 0x8000691c (0x0f2a) x30 0x00000000
core   0: 0x8000691e (0x00000001) c.nop
core   0: 3 0x8000691e (0x0001)
core   0: 0x80006920 (0x02e1be33) mulhu   t3, gp, a4
core   0: 3 0x80006920 (0x02e1be33) x28 0x0b772d56
core   0: 0x80006924 (0x23f33b93) sltiu   s7, t1, 575
core   0: 3 0x80006924 (0x23f33b93) x23 0x00000001
core   0: 0x80006928 (0x415ec193) xori    gp, t4, 1045
core   0: 3 0x80006928 (0x415ec193) x 3 0x00000415
core   0: 0x8000692c (0x00008d0d) c.sub   a0, a1
core   0: 3 0x8000692c (0x8d0d) x10 0x3ffffff4
core   0: 0x8000692e (0x015f8f33) add     t5, t6, s5
core   0: 3 0x8000692e (0x015f8f33) x30 0x00288001
core   0: 0x80006932 (0xafd04997) auipc   s3, 0xafd04
core   0: 3 0x80006932 (0xafd04997) x19 0x2fd0a932
core   0: 0x80006936 (0x000085d1) c.srai  a1, 20
core   0: 3 0x80006936 (0x85d1) x11 0xfffffc00
core   0: 0x80006938 (0x400fdd33) sra     s10, t6, zero
core   0: 3 0x80006938 (0x400fdd33) x26 0x00288000
core   0: 0x8000693c (0x01afe5b3) or      a1, t6, s10
core   0: 3 0x8000693c (0x01afe5b3) x11 0x00288000
core   0: 0x80006940 (0x01609b33) sll     s6, ra, s6
core   0: 3 0x80006940 (0x01609b33) x22 0x00000001
core   0: 0x80006944 (0x95240013) addi    zero, s0, -1710
core   0: 3 0x80006944 (0x95240013)
core   0: 0x80006948 (0xe5848693) addi    a3, s1, -424
core   0: 3 0x80006948 (0xe5848693) x13 0xfffffe58
core   0: 0x8000694c (0x02acf0b3) remu    ra, s9, a0
core   0: 3 0x8000694c (0x02acf0b3) x 1 0x0000001f
core   0: 0x80006950 (0x01659413) slli    s0, a1, 22
core   0: 3 0x80006950 (0x01659413) x 8 0x00000000
core   0: 0x80006954 (0xb358ae93) slti    t4, a7, -1227
core   0: 3 0x80006954 (0xb358ae93) x29 0x00000000
core   0: 0x80006958 (0x01985613) srli    a2, a6, 25
core   0: 3 0x80006958 (0x01985613) x12 0x0000007f
core   0: 0x8000695c (0x3a2bc393) xori    t2, s7, 930
core   0: 3 0x8000695c (0x3a2bc393) x 7 0x000003a3
core   0: 0x80006960 (0x00009c46) c.add   s8, a7
core   0: 3 0x80006960 (0x9c46) x24 0x25d5b910
core   0: 0x80006962 (0x00004b5d) c.li    s6, 23
core   0: 3 0x80006962 (0x4b5d) x22 0x00000017
core   0: 0x80006964 (0x2df8f393) andi    t2, a7, 735
core   0: 3 0x80006964 (0x2df8f393) x 7 0x00000000
core   0: 0x80006968 (0x000087f1) c.srai  a5, 28
core   0: 3 0x80006968 (0x87f1) x15 0xfffffffb
core   0: 0x8000696a (0x03970333) mul     t1, a4, s9
core   0: 3 0x8000696a (0x03970333) x 6 0x8006f4bc
core   0: 0x8000696e (0x63328197) auipc   gp, 0x63328
core   0: 3 0x8000696e (0x63328197) x 3 0xe332e96e
core   0: 0x80006972 (0x1b6677b7) lui     a5, 0x1b667
core   0: 3 0x80006972 (0x1b6677b7) x15 0x1b667000
core   0: 0x80006976 (0x0000187d) c.addi  a6, -1
core   0: 3 0x80006976 (0x187d) x16 0xffeced69
core   0: 0x80006978 (0x000082ed) c.srli  a3, 27
core   0: 3 0x80006978 (0x82ed) x13 0x0000001f
core   0: 0x8000697a (0x000d9493) slli    s1, s11, 0
core   0: 3 0x8000697a (0x000d9493) x 9 0x80000000
core   0: 0x8000697e (0x0206bd33) mulhu   s10, a3, zero
core   0: 3 0x8000697e (0x0206bd33) x26 0x00000000
core   0: 0x80006982 (0x416b8333) sub     t1, s7, s6
core   0: 3 0x80006982 (0x416b8333) x 6 0xffffffea
core   0: 0x80006986 (0x00008fe9) c.and   a5, a0
core   0: 3 0x80006986 (0x8fe9) x15 0x1b667000
core   0: 0x80006988 (0x002ada33) srl     s4, s5, sp
core   0: 3 0x80006988 (0x002ada33) x20 0x00000000
core   0: 0x8000698c (0x00008599) c.srai  a1, 6
core   0: 3 0x8000698c (0x8599) x11 0x0000a200
core   0: 0x8000698e (0x00008c55) c.or    s0, a3
core   0: 3 0x8000698e (0x8c55) x 8 0x0000001f
core   0: 0x80006990 (0xc94b7493) andi    s1, s6, -876
core   0: 3 0x80006990 (0xc94b7493) x 9 0x00000014
core   0: 0x80006994 (0x00964433) xor     s0, a2, s1
core   0: 3 0x80006994 (0x00964433) x 8 0x0000006b
core   0: 0x80006998 (0x00008d11) c.sub   a0, a2
core   0: 3 0x80006998 (0x8d11) x10 0x3fffff75
core   0: 0x8000699a (0x003afeb3) and     t4, s5, gp
core   0: 3 0x8000699a (0x003afeb3) x29 0x00000000
core   0: 0x8000699e (0x002220b3) slt     ra, tp, sp
core   0: 3 0x8000699e (0x002220b3) x 1 0x00000000
core   0: 0x800069a2 (0x331c3f97) auipc   t6, 0x331c3
core   0: 3 0x800069a2 (0x331c3f97) x31 0xb31c99a2
core   0: 0x800069a6 (0x001ef833) and     a6, t4, ra
core   0: 3 0x800069a6 (0x001ef833) x16 0x00000000
core   0: 0x800069aa (0x00004b55) c.li    s6, 21
core   0: 3 0x800069aa (0x4b55) x22 0x00000015
core   0: 0x800069ac (0xd3db8e37) lui     t3, 0xd3db8
core   0: 3 0x800069ac (0xd3db8e37) x28 0xd3db8000
core   0: 0x800069b0 (0x006563b3) or      t2, a0, t1
core   0: 3 0x800069b0 (0x006563b3) x 7 0xffffffff
core   0: 0x800069b4 (0x5f4d3893) sltiu   a7, s10, 1524
core   0: 3 0x800069b4 (0x5f4d3893) x17 0x00000001
core   0: 0x800069b8 (0x00a0bb33) sltu    s6, ra, a0
core   0: 3 0x800069b8 (0x00a0bb33) x22 0x00000001
core   0: 0x800069bc (0x00a52533) slt     a0, a0, a0
core   0: 3 0x800069bc (0x00a52533) x10 0x00000000
core   0: 0x800069c0 (0xc720a313) slti    t1, ra, -910
core   0: 3 0x800069c0 (0xc720a313) x 6 0x00000000
core   0: 0x800069c4 (0x000086de) c.mv    a3, s7
core   0: 3 0x800069c4 (0x86de) x13 0x00000001
core   0: 0x800069c6 (0x013a5f33) srl     t5, s4, s3
core   0: 3 0x800069c6 (0x013a5f33) x30 0x00000000
core   0: 0x800069ca (0x41b68233) sub     tp, a3, s11
core   0: 3 0x800069ca (0x41b68233) x 4 0x80000001
core   0: 0x800069ce (0x02faa833) mulhsu  a6, s5, a5
core   0: 3 0x800069ce (0x02faa833) x16 0x00000000
core   0: 0x800069d2 (0x00000186) c.slli  gp, 1
core   0: 3 0x800069d2 (0x0186) x 3 0xc665d2dc
core   0: 0x800069d4 (0x007738b3) sltu    a7, a4, t2
core   0: 3 0x800069d4 (0x007738b3) x17 0x00000001
core   0: 0x800069d8 (0x00009336) c.add   t1, a3
core   0: 3 0x800069d8 (0x9336) x 6 0x00000001
core   0: 0x800069da (0xfacefb93) andi    s7, t4, -84
core   0: 3 0x800069da (0xfacefb93) x23 0x00000000
core   0: 0x800069de (0xc8dd0b13) addi    s6, s10, -883
core   0: 3 0x800069de (0xc8dd0b13) x22 0xfffffc8d
core   0: 0x800069e2 (0x02c2c533) div     a0, t0, a2
core   0: 3 0x800069e2 (0x02c2c533) x10 0x00000000
core   0: 0x800069e6 (0x01fe0cb3) add     s9, t3, t6
core   0: 3 0x800069e6 (0x01fe0cb3) x25 0x86f819a2
core   0: 0x800069ea (0x000011fd) c.addi  gp, -1
core   0: 3 0x800069ea (0x11fd) x 3 0xc665d2db
core   0: 0x800069ec (0x00008fc5) c.or    a5, s1
core   0: 3 0x800069ec (0x8fc5) x15 0x1b667014
core   0: 0x800069ee (0x00005afd) c.li    s5, -1
core   0: 3 0x800069ee (0x5afd) x21 0xffffffff
core   0: 0x800069f0 (0x0000867e) c.mv    a2, t6
core   0: 3 0x800069f0 (0x867e) x12 0xb31c99a2
core   0: 0x800069f2 (0xc076bd17) auipc   s10, 0xc076b
core   0: 3 0x800069f2 (0xc076bd17) x26 0x407719f2
core   0: 0x800069f6 (0x13c8c213) xori    tp, a7, 316
core   0: 3 0x800069f6 (0x13c8c213) x 4 0x0000013d
core   0: 0x800069fa (0x40de5f93) srai    t6, t3, 13
core   0: 3 0x800069fa (0x40de5f93) x31 0xfffe9edc
core   0: 0x800069fe (0x25108813) addi    a6, ra, 593
core   0: 3 0x800069fe (0x25108813) x16 0x00000251
core   0: 0x80006a02 (0x022c5bb3) divu    s7, s8, sp
core   0: 3 0x80006a02 (0x022c5bb3) x23 0x00000000
core   0: 0x80006a06 (0x000069e5) c.lui   s3, 0x19
core   0: 3 0x80006a06 (0x69e5) x19 0x00019000
core   0: 0x80006a08 (0x022b63b3) rem     t2, s6, sp
core   0: 3 0x80006a08 (0x022b63b3) x 7 0xfffffc8d
core   0: 0x80006a0c (0x0fed5f97) auipc   t6, 0xfed5
core   0: 3 0x80006a0c (0x0fed5f97) x31 0x8fedba0c
core   0: 0x80006a10 (0x6a133293) sltiu   t0, t1, 1697
core   0: 3 0x80006a10 (0x6a133293) x 5 0x00000001
core   0: 0x80006a14 (0x1fea0693) addi    a3, s4, 510
core   0: 3 0x80006a14 (0x1fea0693) x13 0x000001fe
core   0: 0x80006a18 (0x5b308513) addi    a0, ra, 1459
core   0: 3 0x80006a18 (0x5b308513) x10 0x000005b3
core   0: 0x80006a1c (0x05c52a13) slti    s4, a0, 92
core   0: 3 0x80006a1c (0x05c52a13) x20 0x00000000
core   0: 0x80006a20 (0x03b25b33) divu    s6, tp, s11
core   0: 3 0x80006a20 (0x03b25b33) x22 0x00000000
core   0: 0x80006a24 (0x00000a0e) c.slli  s4, 3
core   0: 3 0x80006a24 (0x0a0e) x20 0x00000000
core   0: 0x80006a26 (0x000082f5) c.srli  a3, 29
core   0: 3 0x80006a26 (0x82f5) x13 0x00000000
core   0: 0x80006a28 (0xd22aff93) andi    t6, s5, -734
core   0: 3 0x80006a28 (0xd22aff93) x31 0xfffffd22
core   0: 0x80006a2c (0x40435193) srai    gp, t1, 4
core   0: 3 0x80006a2c (0x40435193) x 3 0x00000000
core   0: 0x80006a30 (0x5f3f8c97) auipc   s9, 0x5f3f8
core   0: 3 0x80006a30 (0x5f3f8c97) x25 0xdf3fea30
core   0: 0x80006a34 (0x000081bd) c.srli  a1, 15
core   0: 3 0x80006a34 (0x81bd) x11 0x00000001
core   0: 0x80006a36 (0x00008da5) c.xor   a1, s1
core   0: 3 0x80006a36 (0x8da5) x11 0x00000015
core   0: 0x80006a38 (0x00559e33) sll     t3, a1, t0
core   0: 3 0x80006a38 (0x00559e33) x28 0x0000002a
core   0: 0x80006a3c (0x00008c5d) c.or    s0, a5
core   0: 3 0x80006a3c (0x8c5d) x 8 0x1b66707f
core   0: 0x80006a3e (0x00008221) c.srli  a2, 8
core   0: 3 0x80006a3e (0x8221) x12 0x00b31c99
core   0: 0x80006a40 (0xd8962393) slti    t2, a2, -631
core   0: 3 0x80006a40 (0xd8962393) x 7 0x00000000
core   0: 0x80006a44 (0x038a1f33) mulh    t5, s4, s8
core   0: 3 0x80006a44 (0x038a1f33) x30 0x00000000
core   0: 0x80006a48 (0x0146e333) or      t1, a3, s4
core   0: 3 0x80006a48 (0x0146e333) x 6 0x00000000
core   0: 0x80006a4c (0x013baf33) slt     t5, s7, s3
core   0: 3 0x80006a4c (0x013baf33) x30 0x00000001
core   0: 0x80006a50 (0xdfacef93) ori     t6, s9, -518
core   0: 3 0x80006a50 (0xdfacef93) x31 0xfffffffa
core   0: 0x80006a54 (0x03b89bb3) mulh    s7, a7, s11
core   0: 3 0x80006a54 (0x03b89bb3) x23 0xffffffff
core   0: 0x80006a58 (0x01d81ab3) sll     s5, a6, t4
core   0: 3 0x80006a58 (0x01d81ab3) x21 0x00000251
core   0: 0x80006a5c (0x60543817) auipc   a6, 0x60543
core   0: 3 0x80006a5c (0x60543817) x16 0xe0549a5c
core   0: 0x80006a60 (0x02e7d3b3) divu    t2, a5, a4
core   0: 3 0x80006a60 (0x02e7d3b3) x 7 0x00000000
core   0: 0x80006a64 (0x00ea0433) add     s0, s4, a4
core   0: 3 0x80006a64 (0x00ea0433) x 8 0x8000fe64
core   0: 0x80006a68 (0x002496b3) sll     a3, s1, sp
core   0: 3 0x80006a68 (0x002496b3) x13 0x00000140
core   0: 0x80006a6c (0x00000bba) c.slli  s7, 14
core   0: 3 0x80006a6c (0x0bba) x23 0xffffc000
core   0: 0x80006a6e (0x00000001) c.nop
core   0: 3 0x80006a6e (0x0001)
core   0: 0x80006a70 (0x011b6533) or      a0, s6, a7
core   0: 3 0x80006a70 (0x011b6533) x10 0x00000001
core   0: 0x80006a74 (0x012677b3) and     a5, a2, s2
core   0: 3 0x80006a74 (0x012677b3) x15 0x00000099
core   0: 0x80006a78 (0x00008d2d) c.xor   a0, a1
core   0: 3 0x80006a78 (0x8d2d) x10 0x00000014
core   0: 0x80006a7a (0x2bebfc13) andi    s8, s7, 702
core   0: 3 0x80006a7a (0x2bebfc13) x24 0x00000000
core   0: 0x80006a7e (0x000057fd) c.li    a5, -1
core   0: 3 0x80006a7e (0x57fd) x15 0xffffffff
core   0: 0x80006a80 (0x00008c4d) c.or    s0, a1
core   0: 3 0x80006a80 (0x8c4d) x 8 0x8000fe75
core   0: 0x80006a82 (0x0000987d) c.andi  s0, -1
core   0: 3 0x80006a82 (0x987d) x 8 0x8000fe75
core   0: 0x80006a84 (0x00008d05) c.sub   a0, s1
core   0: 3 0x80006a84 (0x8d05) x10 0x00000000
core   0: 0x80006a86 (0x000084b5) c.srai  s1, 13
core   0: 3 0x80006a86 (0x84b5) x 9 0x00000000
core   0: 0x80006a88 (0x035cc037) lui     zero, 0x35cc
core   0: 3 0x80006a88 (0x035cc037)
core   0: 0x80006a8c (0x03169f33) mulh    t5, a3, a7
core   0: 3 0x80006a8c (0x03169f33) x30 0x00000000
core   0: 0x80006a90 (0x02f7e933) rem     s2, a5, a5
core   0: 3 0x80006a90 (0x02f7e933) x18 0x00000000
core   0: 0x80006a94 (0x01dcc3b3) xor     t2, s9, t4
core   0: 3 0x80006a94 (0x01dcc3b3) x 7 0xdf3fea30
core   0: 0x80006a98 (0x000017fd) c.addi  a5, -1
core   0: 3 0x80006a98 (0x17fd) x15 0xfffffffe
core   0: 0x80006a9a (0x00000001) c.nop
core   0: 3 0x80006a9a (0x0001)
core   0: 0x80006a9c (0x00e101b3) add     gp, sp, a4
core   0: 3 0x80006a9c (0x00e101b3) x 3 0x00023b48
core   0: 0x80006aa0 (0xa4e8f217) auipc   tp, 0xa4e8f
core   0: 3 0x80006aa0 (0xa4e8f217) x 4 0x24e95aa0
core   0: 0x80006aa4 (0x417cdc13) srai    s8, s9, 23
core   0: 3 0x80006aa4 (0x417cdc13) x24 0xffffffbe
core   0: 0x80006aa8 (0x92d0a513) slti    a0, ra, -1747
core   0: 3 0x80006aa8 (0x92d0a513) x10 0x00000000
core   0: 0x80006aac (0x026a99b3) mulh    s3, s5, t1
core   0: 3 0x80006aac (0x026a99b3) x19 0x00000000
core   0: 0x80006ab0 (0x00000001) c.nop
core   0: 3 0x80006ab0 (0x0001)
core   0: 0x80006ab2 (0x00008fd1) c.or    a5, a2
core   0: 3 0x80006ab2 (0x8fd1) x15 0xffffffff
core   0: 0x80006ab4 (0x02a33bb3) mulhu   s7, t1, a0
core   0: 3 0x80006ab4 (0x02a33bb3) x23 0x00000000
core   0: 0x80006ab8 (0x00000001) c.nop
core   0: 3 0x80006ab8 (0x0001)
core   0: 0x80006aba (0x026c68b3) rem     a7, s8, t1
core   0: 3 0x80006aba (0x026c68b3) x17 0xffffffbe
core   0: 0x80006abe (0x00430a33) add     s4, t1, tp
core   0: 3 0x80006abe (0x00430a33) x20 0x24e95aa0
core   0: 0x80006ac2 (0x896c0a93) addi    s5, s8, -1898
core   0: 3 0x80006ac2 (0x896c0a93) x21 0xfffff854
core   0: 0x80006ac6 (0x033c74b3) remu    s1, s8, s3
core   0: 3 0x80006ac6 (0x033c74b3) x 9 0xffffffbe
core   0: 0x80006aca (0x038b6bb3) rem     s7, s6, s8
core   0: 3 0x80006aca (0x038b6bb3) x23 0x00000000
core   0: 0x80006ace (0x00008c69) c.and   s0, a0
core   0: 3 0x80006ace (0x8c69) x 8 0x00000000
core   0: 0x80006ad0 (0x004ea0b3) slt     ra, t4, tp
core   0: 3 0x80006ad0 (0x004ea0b3) x 1 0x00000001
core   0: 0x80006ad4 (0x03f868b3) rem     a7, a6, t6
core   0: 3 0x80006ad4 (0x03f868b3) x17 0xfffffffe
core   0: 0x80006ad8 (0x00d90ab3) add     s5, s2, a3
core   0: 3 0x80006ad8 (0x00d90ab3) x21 0x00000140
core   0: 0x80006adc (0xd769cd13) xori    s10, s3, -650
core   0: 3 0x80006adc (0xd769cd13) x26 0xfffffd76
core   0: 0x80006ae0 (0x00008dad) c.xor   a1, a1
core   0: 3 0x80006ae0 (0x8dad) x11 0x00000000
core   0: 0x80006ae2 (0x00000001) c.nop
core   0: 3 0x80006ae2 (0x0001)
core   0: 0x80006ae4 (0x0000083e) c.slli  a6, 15
core   0: 3 0x80006ae4 (0x083e) x16 0x4d2e0000
core   0: 0x80006ae6 (0x01839c13) slli    s8, t2, 24
core   0: 3 0x80006ae6 (0x01839c13) x24 0x30000000
core   0: 0x80006aea (0x012e1f33) sll     t5, t3, s2
core   0: 3 0x80006aea (0x012e1f33) x30 0x0000002a
core   0: 0x80006aee (0x00000001) c.nop
core   0: 3 0x80006aee (0x0001)
core   0: 0x80006af0 (0x41e452b3) sra     t0, s0, t5
core   0: 3 0x80006af0 (0x41e452b3) x 5 0x00000000
core   0: 0x80006af4 (0xff5fad13) slti    s10, t6, -11
core   0: 3 0x80006af4 (0xff5fad13) x26 0x00000000
core   0: 0x80006af8 (0x00000cf1) c.addi  s9, 28
core   0: 3 0x80006af8 (0x0cf1) x25 0xdf3fea4c
core   0: 0x80006afa (0x00008e0d) c.sub   a2, a1
core   0: 3 0x80006afa (0x8e0d) x12 0x00b31c99
core   0: 0x80006afc (0x000057fd) c.li    a5, -1
core   0: 3 0x80006afc (0x57fd) x15 0xffffffff
core   0: 0x80006afe (0x006398b3) sll     a7, t2, t1
core   0: 3 0x80006afe (0x006398b3) x17 0xdf3fea30
core   0: 0x80006b02 (0x000084f5) c.srai  s1, 29
core   0: 3 0x80006b02 (0x84f5) x 9 0xffffffff
core   0: 0x80006b04 (0x2b3e0993) addi    s3, t3, 691
core   0: 3 0x80006b04 (0x2b3e0993) x19 0x000002dd
core   0: 0x80006b08 (0x00006a8d) c.lui   s5, 0x3
core   0: 3 0x80006b08 (0x6a8d) x21 0x00003000
core   0: 0x80006b0a (0x014e5613) srli    a2, t3, 20
core   0: 3 0x80006b0a (0x014e5613) x12 0x00000000
core   0: 0x80006b0e (0x02c03b33) mulhu   s6, zero, a2
core   0: 3 0x80006b0e (0x02c03b33) x22 0x00000000
core   0: 0x80006b12 (0xd8b57d13) andi    s10, a0, -629
core   0: 3 0x80006b12 (0xd8b57d13) x26 0x00000000
core   0: 0x80006b16 (0x41bc8533) sub     a0, s9, s11
core   0: 3 0x80006b16 (0x41bc8533) x10 0x5f3fea4c
core   0: 0x80006b1a (0x30340993) addi    s3, s0, 771
core   0: 3 0x80006b1a (0x30340993) x19 0x00000303
core   0: 0x80006b1e (0x00008fbd) c.xor   a5, a5
core   0: 3 0x80006b1e (0x8fbd) x15 0x00000000
core   0: 0x80006b20 (0x7f523193) sltiu   gp, tp, 2037
core   0: 3 0x80006b20 (0x7f523193) x 3 0x00000000
core   0: 0x80006b24 (0x020b99b3) mulh    s3, s7, zero
core   0: 3 0x80006b24 (0x020b99b3) x19 0x00000000
core   0: 0x80006b28 (0x00008275) c.srli  a2, 29
core   0: 3 0x80006b28 (0x8275) x12 0x00000000
core   0: 0x80006b2a (0x020573b3) remu    t2, a0, zero
core   0: 3 0x80006b2a (0x020573b3) x 7 0x5f3fea4c
core   0: 0x80006b2e (0x005c98b3) sll     a7, s9, t0
core   0: 3 0x80006b2e (0x005c98b3) x17 0xdf3fea4c
core   0: 0x80006b32 (0x00008ee9) c.and   a3, a0
core   0: 3 0x80006b32 (0x8ee9) x13 0x00000040
core   0: 0x80006b34 (0x02a429b3) mulhsu  s3, s0, a0
core   0: 3 0x80006b34 (0x02a429b3) x19 0x00000000
core   0: 0x80006b38 (0x417a5c33) sra     s8, s4, s7
core   0: 3 0x80006b38 (0x417a5c33) x24 0x24e95aa0
core   0: 0x80006b3c (0x00fa6533) or      a0, s4, a5
core   0: 3 0x80006b3c (0x00fa6533) x10 0x24e95aa0
core   0: 0x80006b40 (0x02145333) divu    t1, s0, ra
core   0: 3 0x80006b40 (0x02145333) x 6 0x00000000
core   0: 0x80006b44 (0xd31b6c93) ori     s9, s6, -719
core   0: 3 0x80006b44 (0xd31b6c93) x25 0xfffffd31
core   0: 0x80006b48 (0x01ef0933) add     s2, t5, t5
core   0: 3 0x80006b48 (0x01ef0933) x18 0x00000054
core   0: 0x80006b4c (0x9794b9b7) lui     s3, 0x9794b
core   0: 3 0x80006b4c (0x9794b9b7) x19 0x9794b000
core   0: 0x80006b50 (0x00008d0d) c.sub   a0, a1
core   0: 3 0x80006b50 (0x8d0d) x10 0x24e95aa0
core   0: 0x80006b52 (0x021e5833) divu    a6, t3, ra
core   0: 3 0x80006b52 (0x021e5833) x16 0x0000002a
core   0: 0x80006b56 (0x0297d9b3) divu    s3, a5, s1
core   0: 3 0x80006b56 (0x0297d9b3) x19 0x00000000
core   0: 0x80006b5a (0xc1757513) andi    a0, a0, -1001
core   0: 3 0x80006b5a (0xc1757513) x10 0x24e95800
core   0: 0x80006b5e (0x000065e1) c.lui   a1, 0x18
core   0: 3 0x80006b5e (0x65e1) x11 0x00018000
core   0: 0x80006b60 (0x9c0eb3b7) lui     t2, 0x9c0eb
core   0: 3 0x80006b60 (0x9c0eb3b7) x 7 0x9c0eb000
core   0: 0x80006b64 (0xf1ee7793) andi    a5, t3, -226
core   0: 3 0x80006b64 (0xf1ee7793) x15 0x0000000a
core   0: 0x80006b68 (0x00008661) c.srai  a2, 24
core   0: 3 0x80006b68 (0x8661) x12 0x00000000
core   0: 0x80006b6a (0x0153f9b3) and     s3, t2, s5
core   0: 3 0x80006b6a (0x0153f9b3) x19 0x00003000
core   0: 0x80006b6e (0xe65d3913) sltiu   s2, s10, -411
core   0: 3 0x80006b6e (0xe65d3913) x18 0x00000001
core   0: 0x80006b72 (0x00000389) c.addi  t2, 2
core   0: 3 0x80006b72 (0x0389) x 7 0x9c0eb002
core   0: 0x80006b74 (0xfb90aa13) slti    s4, ra, -71
core   0: 3 0x80006b74 (0xfb90aa13) x20 0x00000000
core   0: 0x80006b78 (0x00000fe5) c.addi  t6, 25
core   0: 3 0x80006b78 (0x0fe5) x31 0x00000013
core   0: 0x80006b7a (0x01b95533) srl     a0, s2, s11
core   0: 3 0x80006b7a (0x01b95533) x10 0x00000001
core   0: 0x80006b7e (0xc91c0313) addi    t1, s8, -879
core   0: 3 0x80006b7e (0xc91c0313) x 6 0x24e95731
core   0: 0x80006b82 (0x00000001) c.nop
core   0: 3 0x80006b82 (0x0001)
core   0: 0x80006b84 (0x0000547d) c.li    s0, -1
core   0: 3 0x80006b84 (0x547d) x 8 0xffffffff
core   0: 0x80006b86 (0x000089de) c.mv    s3, s7
core   0: 3 0x80006b86 (0x89de) x19 0x00000000
core   0: 0x80006b88 (0x01952a33) slt     s4, a0, s9
core   0: 3 0x80006b88 (0x01952a33) x20 0x00000000
core   0: 0x80006b8c (0x01d95933) srl     s2, s2, t4
core   0: 3 0x80006b8c (0x01d95933) x18 0x00000001
core   0: 0x80006b90 (0x00008c5d) c.or    s0, a5
core   0: 3 0x80006b90 (0x8c5d) x 8 0xffffffff
core   0: 0x80006b92 (0x00008011) c.srli  s0, 4
core   0: 3 0x80006b92 (0x8011) x 8 0x0fffffff
core   0: 0x80006b94 (0x41ae0fb3) sub     t6, t3, s10
core   0: 3 0x80006b94 (0x41ae0fb3) x31 0x0000002a
core   0: 0x80006b98 (0x0000485d) c.li    a6, 23
core   0: 3 0x80006b98 (0x485d) x16 0x00000017
core   0: 0x80006b9a (0xcf5a5eb7) lui     t4, 0xcf5a5
core   0: 3 0x80006b9a (0xcf5a5eb7) x29 0xcf5a5000
core   0: 0x80006b9e (0x00009926) c.add   s2, s1
core   0: 3 0x80006b9e (0x9926) x18 0x00000000
core   0: 0x80006ba0 (0x03a88cb3) mul     s9, a7, s10
core   0: 3 0x80006ba0 (0x03a88cb3) x25 0x00000000
core   0: 0x80006ba4 (0x4015d913) srai    s2, a1, 1
core   0: 3 0x80006ba4 (0x4015d913) x18 0x0000c000
core   0: 0x80006ba8 (0x000059fd) c.li    s3, -1
core   0: 3 0x80006ba8 (0x59fd) x19 0xffffffff
core   0: 0x80006baa (0x01380933) add     s2, a6, s3
core   0: 3 0x80006baa (0x01380933) x18 0x00000016
core   0: 0x80006bae (0xe002a293) slti    t0, t0, -512
core   0: 3 0x80006bae (0xe002a293) x 5 0x00000000
core   0: 0x80006bb2 (0x00089433) sll     s0, a7, zero
core   0: 3 0x80006bb2 (0x00089433) x 8 0xdf3fea4c
core   0: 0x80006bb6 (0x6a04cc93) xori    s9, s1, 1696
core   0: 3 0x80006bb6 (0x6a04cc93) x25 0xfffff95f
core   0: 0x80006bba (0x00000001) c.nop
core   0: 3 0x80006bba (0x0001)
core   0: 0x80006bbc (0x00955213) srli    tp, a0, 9
core   0: 3 0x80006bbc (0x00955213) x 4 0x00000000
core   0: 0x80006bc0 (0x00008c49) c.or    s0, a0
core   0: 3 0x80006bc0 (0x8c49) x 8 0xdf3fea4d
core   0: 0x80006bc2 (0x00e470b3) and     ra, s0, a4
core   0: 3 0x80006bc2 (0x00e470b3) x 1 0x8000ea44
core   0: 0x80006bc6 (0x00008d21) c.xor   a0, s0
core   0: 3 0x80006bc6 (0x8d21) x10 0xdf3fea4c
core   0: 0x80006bc8 (0x02c80333) mul     t1, a6, a2
core   0: 3 0x80006bc8 (0x02c80333) x 6 0x00000000
core   0: 0x80006bcc (0x000086a1) c.srai  a3, 8
core   0: 3 0x80006bcc (0x86a1) x13 0x00000000
core   0: 0x80006bce (0x019b8013) addi    zero, s7, 25
core   0: 3 0x80006bce (0x019b8013)
core   0: 0x80006bd2 (0x6c127593) andi    a1, tp, 1729
core   0: 3 0x80006bd2 (0x6c127593) x11 0x00000000
core   0: 0x80006bd6 (0x00008ccd) c.or    s1, a1
core   0: 3 0x80006bd6 (0x8ccd) x 9 0xffffffff
core   0: 0x80006bd8 (0x00004e2d) c.li    t3, 11
core   0: 3 0x80006bd8 (0x4e2d) x28 0x0000000b
core   0: 0x80006bda (0x003bf7b7) lui     a5, 0x3bf
core   0: 3 0x80006bda (0x003bf7b7) x15 0x003bf000
core   0: 0x80006bde (0x013173b3) and     t2, sp, s3
core   0: 3 0x80006bde (0x013173b3) x 7 0x80013ce4
core   0: 0x80006be2 (0x00f46533) or      a0, s0, a5
core   0: 3 0x80006be2 (0x00f46533) x10 0xdf3ffa4d
core   0: 0x80006be6 (0x032a7433) remu    s0, s4, s2
core   0: 3 0x80006be6 (0x032a7433) x 8 0x00000000
core   0: 0x80006bea (0x00e354b3) srl     s1, t1, a4
core   0: 3 0x80006bea (0x00e354b3) x 9 0x00000000
core   0: 0x80006bee (0x3b738d13) addi    s10, t2, 951
core   0: 3 0x80006bee (0x3b738d13) x26 0x8001409b
core   0: 0x80006bf2 (0x00008045) c.srli  s0, 17
core   0: 3 0x80006bf2 (0x8045) x 8 0x00000000
core   0: 0x80006bf4 (0x03203fb3) mulhu   t6, zero, s2
core   0: 3 0x80006bf4 (0x03203fb3) x31 0x00000000
core   0: 0x80006bf8 (0x0000032a) c.slli  t1, 10
core   0: 3 0x80006bf8 (0x032a) x 6 0x00000000
core   0: 0x80006bfa (0x00005ffd) c.li    t6, -1
core   0: 3 0x80006bfa (0x5ffd) x31 0xffffffff
core   0: 0x80006bfc (0x94eb6a93) ori     s5, s6, -1714
core   0: 3 0x80006bfc (0x94eb6a93) x21 0xfffff94e
core   0: 0x80006c00 (0x00008e71) c.and   a2, a2
core   0: 3 0x80006c00 (0x8e71) x12 0x00000000
core   0: 0x80006c02 (0x00000001) c.nop
core   0: 3 0x80006c02 (0x0001)
core   0: 0x80006c04 (0x54d70c93) addi    s9, a4, 1357
core   0: 3 0x80006c04 (0x54d70c93) x25 0x800103b1
core   0: 0x80006c08 (0x00000001) c.nop
core   0: 3 0x80006c08 (0x0001)
core   0: 0x80006c0a (0x00082b33) slt     s6, a6, zero
core   0: 3 0x80006c0a (0x00082b33) x22 0x00000000
core   0: 0x80006c0e (0xe8135837) lui     a6, 0xe8135
core   0: 3 0x80006c0e (0xe8135837) x16 0xe8135000
core   0: 0x80006c12 (0x00001b7d) c.addi  s6, -1
core   0: 3 0x80006c12 (0x1b7d) x22 0xffffffff
core   0: 0x80006c14 (0x0000137d) c.addi  t1, -1
core   0: 3 0x80006c14 (0x137d) x 6 0xffffffff
core   0: 0x80006c16 (0x404c57b3) sra     a5, s8, tp
core   0: 3 0x80006c16 (0x404c57b3) x15 0x24e95aa0
core   0: 0x80006c1a (0x8d34d5b7) lui     a1, 0x8d34d
core   0: 3 0x80006c1a (0x8d34d5b7) x11 0x8d34d000
core   0: 0x80006c1e (0x407b0e33) sub     t3, s6, t2
core   0: 3 0x80006c1e (0x407b0e33) x28 0x7ffec31b
core   0: 0x80006c22 (0x40285f93) srai    t6, a6, 2
core   0: 3 0x80006c22 (0x40285f93) x31 0xfa04d400
core   0: 0x80006c26 (0x40b28633) sub     a2, t0, a1
core   0: 3 0x80006c26 (0x40b28633) x12 0x72cb3000
core   0: 0x80006c2a (0x0253f633) remu    a2, t2, t0
core   0: 3 0x80006c2a (0x0253f633) x12 0x80013ce4
core   0: 0x80006c2e (0x01c98f33) add     t5, s3, t3
core   0: 3 0x80006c2e (0x01c98f33) x30 0x7ffec31a
core   0: 0x80006c32 (0x03bd49b3) div     s3, s10, s11
core   0: 3 0x80006c32 (0x03bd49b3) x19 0x00000000
core   0: 0x80006c36 (0x000098fd) c.andi  s1, -1
core   0: 3 0x80006c36 (0x98fd) x 9 0x00000000
core   0: 0x80006c38 (0x020601b3) mul     gp, a2, zero
core   0: 3 0x80006c38 (0x020601b3) x 3 0x00000000
core   0: 0x80006c3c (0x00008d1d) c.sub   a0, a5
core   0: 3 0x80006c3c (0x8d1d) x10 0xba569fad
core   0: 0x80006c3e (0x00ecd533) srl     a0, s9, a4
core   0: 3 0x80006c3e (0x00ecd533) x10 0x0800103b
core   0: 0x80006c42 (0x00890333) add     t1, s2, s0
core   0: 3 0x80006c42 (0x00890333) x 6 0x00000016
core   0: 0x80006c46 (0xe39c2393) slti    t2, s8, -455
core   0: 3 0x80006c46 (0xe39c2393) x 7 0x00000000
core   0: 0x80006c4a (0x01bdd693) srli    a3, s11, 27
core   0: 3 0x80006c4a (0x01bdd693) x13 0x00000010
core   0: 0x80006c4e (0xc6f3cc93) xori    s9, t2, -913
core   0: 3 0x80006c4e (0xc6f3cc93) x25 0xfffffc6f
core   0: 0x80006c52 (0x9bda3517) auipc   a0, 0x9bda3
core   0: 3 0x80006c52 (0x9bda3517) x10 0x1bda9c52
core   0: 0x80006c56 (0x027daab3) mulhsu  s5, s11, t2
core   0: 3 0x80006c56 (0x027daab3) x21 0x00000000
core   0: 0x80006c5a (0x407185b3) sub     a1, gp, t2
core   0: 3 0x80006c5a (0x407185b3) x11 0x00000000
core   0: 0x80006c5e (0x00000001) c.nop
core   0: 3 0x80006c5e (0x0001)
core   0: 0x80006c60 (0x00008aea) c.mv    s5, s10
core   0: 3 0x80006c60 (0x8aea) x21 0x8001409b
core   0: 0x80006c62 (0x01c91e33) sll     t3, s2, t3
core   0: 3 0x80006c62 (0x01c91e33) x28 0xb0000000
core   0: 0x80006c66 (0xa24fe993) ori     s3, t6, -1500
core   0: 3 0x80006c66 (0xa24fe993) x19 0xfffffe24
core   0: 0x80006c6a (0xc3de0537) lui     a0, 0xc3de0
core   0: 3 0x80006c6a (0xc3de0537) x10 0xc3de0000
core   0: 0x80006c6e (0x00000001) c.nop
core   0: 3 0x80006c6e (0x0001)
core   0: 0x80006c70 (0x00008669) c.srai  a2, 26
core   0: 3 0x80006c70 (0x8669) x12 0xffffffe0
core   0: 0x80006c72 (0x00000001) c.nop
core   0: 3 0x80006c72 (0x0001)
core   0: 0x80006c74 (0x41925993) srai    s3, tp, 25
core   0: 3 0x80006c74 (0x41925993) x19 0x00000000
core   0: 0x80006c78 (0x418d5b33) sra     s6, s10, s8
core   0: 3 0x80006c78 (0x418d5b33) x22 0x8001409b
core   0: 0x80006c7c (0x403b0e33) sub     t3, s6, gp
core   0: 3 0x80006c7c (0x403b0e33) x28 0x8001409b
core   0: 0x80006c80 (0x03106633) rem     a2, zero, a7
core   0: 3 0x80006c80 (0x03106633) x12 0x00000000
core   0: 0x80006c84 (0x000053fd) c.li    t2, -1
core   0: 3 0x80006c84 (0x53fd) x 7 0xffffffff
core   0: 0x80006c86 (0x00000001) c.nop
core   0: 3 0x80006c86 (0x0001)
core   0: 0x80006c88 (0x037705b3) mul     a1, a4, s7
core   0: 3 0x80006c88 (0x037705b3) x11 0x00000000
core   0: 0x80006c8c (0x00d51fb3) sll     t6, a0, a3
core   0: 3 0x80006c8c (0x00d51fb3) x31 0x00000000
core   0: 0x80006c90 (0x013b3933) sltu    s2, s6, s3
core   0: 3 0x80006c90 (0x013b3933) x18 0x00000000
core   0: 0x80006c94 (0x00000001) c.nop
core   0: 3 0x80006c94 (0x0001)
core   0: 0x80006c96 (0x018950b3) srl     ra, s2, s8
core   0: 3 0x80006c96 (0x018950b3) x 1 0x00000000
core   0: 0x80006c9a (0x03420fb3) mul     t6, tp, s4
core   0: 3 0x80006c9a (0x03420fb3) x31 0x00000000
core   0: 0x80006c9e (0x00bc8d33) add     s10, s9, a1
core   0: 3 0x80006c9e (0x00bc8d33) x26 0xfffffc6f
core   0: 0x80006ca2 (0x01f3deb3) srl     t4, t2, t6
core   0: 3 0x80006ca2 (0x01f3deb3) x29 0xffffffff
core   0: 0x80006ca6 (0x62a71c17) auipc   s8, 0x62a71
core   0: 3 0x80006ca6 (0x62a71c17) x24 0xe2a77ca6
core   0: 0x80006caa (0x00cc8d33) add     s10, s9, a2
core   0: 3 0x80006caa (0x00cc8d33) x26 0xfffffc6f
core   0: 0x80006cae (0x02825a33) divu    s4, tp, s0
core   0: 3 0x80006cae (0x02825a33) x20 0xffffffff
core   0: 0x80006cb2 (0x542dfc13) andi    s8, s11, 1346
core   0: 3 0x80006cb2 (0x542dfc13) x24 0x00000000
core   0: 0x80006cb6 (0xf9586513) ori     a0, a6, -107
core   0: 3 0x80006cb6 (0xf9586513) x10 0xffffff95
core   0: 0x80006cba (0xa44058b7) lui     a7, 0xa4405
core   0: 3 0x80006cba (0xa44058b7) x17 0xa4405000
core   0: 0x80006cbe (0x0249b7b3) mulhu   a5, s3, tp
core   0: 3 0x80006cbe (0x0249b7b3) x15 0x00000000
core   0: 0x80006cc2 (0x00000001) c.nop
core   0: 3 0x80006cc2 (0x0001)
core   0: 0x80006cc4 (0x0000688d) c.lui   a7, 0x3
core   0: 3 0x80006cc4 (0x688d) x17 0x00003000
core   0: 0x80006cc6 (0x00008d51) c.or    a0, a2
core   0: 3 0x80006cc6 (0x8d51) x10 0xffffff95
core   0: 0x80006cc8 (0x40e40cb3) sub     s9, s0, a4
core   0: 3 0x80006cc8 (0x40e40cb3) x25 0x7fff019c
core   0: 0x80006ccc (0x0000649d) c.lui   s1, 0x7
core   0: 3 0x80006ccc (0x649d) x 9 0x00007000
core   0: 0x80006cce (0x000082d5) c.srli  a3, 21
core   0: 3 0x80006cce (0x82d5) x13 0x00000000
core   0: 0x80006cd0 (0x00009d56) c.add   s10, s5
core   0: 3 0x80006cd0 (0x9d56) x26 0x80013d0a
core   0: 0x80006cd2 (0x02929c33) mulh    s8, t0, s1
core   0: 3 0x80006cd2 (0x02929c33) x24 0x00000000
core   0: 0x80006cd6 (0x41815913) srai    s2, sp, 24
core   0: 3 0x80006cd6 (0x41815913) x18 0xffffff80
core   0: 0x80006cda (0x019b45b3) xor     a1, s6, s9
core   0: 3 0x80006cda (0x019b45b3) x11 0xfffe4107
core   0: 0x80006cde (0x02450e33) mul     t3, a0, tp
core   0: 3 0x80006cde (0x02450e33) x28 0x00000000
core   0: 0x80006ce2 (0x41fb5513) srai    a0, s6, 31
core   0: 3 0x80006ce2 (0x41fb5513) x10 0xffffffff
core   0: 0x80006ce6 (0x00004541) c.li    a0, 16
core   0: 3 0x80006ce6 (0x4541) x10 0x00000010
core   0: 0x80006ce8 (0x00f69513) slli    a0, a3, 15
core   0: 3 0x80006ce8 (0x00f69513) x10 0x00000000
core   0: 0x80006cec (0x00008f9d) c.sub   a5, a5
core   0: 3 0x80006cec (0x8f9d) x15 0x00000000
core   0: 0x80006cee (0x00000001) c.nop
core   0: 3 0x80006cee (0x0001)
core   0: 0x80006cf0 (0x0000042e) c.slli  s0, 11
core   0: 3 0x80006cf0 (0x042e) x 8 0x00000000
core   0: 0x80006cf2 (0x00b2d833) srl     a6, t0, a1
core   0: 3 0x80006cf2 (0x00b2d833) x16 0x00000000
core   0: 0x80006cf6 (0x56b0a293) slti    t0, ra, 1387
core   0: 3 0x80006cf6 (0x56b0a293) x 5 0x00000001
core   0: 0x80006cfa (0x5022ed17) auipc   s10, 0x5022e
core   0: 3 0x80006cfa (0x5022ed17) x26 0xd0234cfa
core   0: 0x80006cfe (0x0151ceb3) xor     t4, gp, s5
core   0: 3 0x80006cfe (0x0151ceb3) x29 0x8001409b
core   0: 0x80006d02 (0x000087f5) c.srai  a5, 29
core   0: 3 0x80006d02 (0x87f5) x15 0x00000000
core   0: 0x80006d04 (0x03a95533) divu    a0, s2, s10
core   0: 3 0x80006d04 (0x03a95533) x10 0x00000001
core   0: 0x80006d08 (0x00008d7d) c.and   a0, a5
core   0: 3 0x80006d08 (0x8d7d) x10 0x00000000
core   0: 0x80006d0a (0x00d168b3) or      a7, sp, a3
core   0: 3 0x80006d0a (0x00d168b3) x17 0x80013ce4
core   0: 0x80006d0e (0x011a1793) slli    a5, s4, 17
core   0: 3 0x80006d0e (0x011a1793) x15 0xfffe0000
core   0: 0x80006d12 (0x00008485) c.srai  s1, 1
core   0: 3 0x80006d12 (0x8485) x 9 0x00003800
core   0: 0x80006d14 (0x000003a2) c.slli  t2, 8
core   0: 3 0x80006d14 (0x03a2) x 7 0xffffff00
core   0: 0x80006d16 (0x000060f9) c.lui   ra, 0x1e
core   0: 3 0x80006d16 (0x60f9) x 1 0x0001e000
core   0: 0x80006d18 (0x032bba33) mulhu   s4, s7, s2
core   0: 3 0x80006d18 (0x032bba33) x20 0x00000000
core   0: 0x80006d1c (0x00008c11) c.sub   s0, a2
core   0: 3 0x80006d1c (0x8c11) x 8 0x00000000
core   0: 0x80006d1e (0x00aa62b3) or      t0, s4, a0
core   0: 3 0x80006d1e (0x00aa62b3) x 5 0x00000000
core   0: 0x80006d22 (0x02014cb3) div     s9, sp, zero
core   0: 3 0x80006d22 (0x02014cb3) x25 0xffffffff
core   0: 0x80006d26 (0x00008d5d) c.or    a0, a5
core   0: 3 0x80006d26 (0x8d5d) x10 0xfffe0000
core   0: 0x80006d28 (0x4002dc33) sra     s8, t0, zero
core   0: 3 0x80006d28 (0x4002dc33) x24 0x00000000
core   0: 0x80006d2c (0x03db9e33) mulh    t3, s7, t4
core   0: 3 0x80006d2c (0x03db9e33) x28 0x00000000
core   0: 0x80006d30 (0x00000629) c.addi  a2, 10
core   0: 3 0x80006d30 (0x0629) x12 0x0000000a
core   0: 0x80006d32 (0x0000127d) c.addi  tp, -1
core   0: 3 0x80006d32 (0x127d) x 4 0xffffffff
core   0: 0x80006d34 (0x02915633) divu    a2, sp, s1
core   0: 3 0x80006d34 (0x02915633) x12 0x0002492a
core   0: 0x80006d38 (0x012f42b3) xor     t0, t5, s2
core   0: 3 0x80006d38 (0x012f42b3) x 5 0x80013c9a
core   0: 0x80006d3c (0x00004d19) c.li    s10, 6
core   0: 3 0x80006d3c (0x4d19) x26 0x00000006
core   0: 0x80006d3e (0x022cecb3) rem     s9, s9, sp
core   0: 3 0x80006d3e (0x022cecb3) x25 0xffffffff
core   0: 0x80006d42 (0x932a8e37) lui     t3, 0x932a8
core   0: 3 0x80006d42 (0x932a8e37) x28 0x932a8000
core   0: 0x80006d46 (0x0210d8b3) divu    a7, ra, ra
core   0: 3 0x80006d46 (0x0210d8b3) x17 0x00000001
core   0: 0x80006d4a (0x018a7c33) and     s8, s4, s8
core   0: 3 0x80006d4a (0x018a7c33) x24 0x00000000
core   0: 0x80006d4e (0x00000001) c.nop
core   0: 3 0x80006d4e (0x0001)
core   0: 0x80006d50 (0x41d78333) sub     t1, a5, t4
core   0: 3 0x80006d50 (0x41d78333) x 6 0x7ffcbf65
core   0: 0x80006d54 (0x0000997d) c.andi  a0, -1
core   0: 3 0x80006d54 (0x997d) x10 0xfffe0000
core   0: 0x80006d56 (0x01d30f33) add     t5, t1, t4
core   0: 3 0x80006d56 (0x01d30f33) x30 0xfffe0000
core   0: 0x80006d5a (0xbf37ad13) slti    s10, a5, -1037
core   0: 3 0x80006d5a (0xbf37ad13) x26 0x00000001
core   0: 0x80006d5e (0x000091a6) c.add   gp, s1
core   0: 3 0x80006d5e (0x91a6) x 3 0x00003800
core   0: 0x80006d60 (0x02926d33) rem     s10, tp, s1
core   0: 3 0x80006d60 (0x02926d33) x26 0xffffffff
core   0: 0x80006d64 (0x21d1b2b7) lui     t0, 0x21d1b
core   0: 3 0x80006d64 (0x21d1b2b7) x 5 0x21d1b000
core   0: 0x80006d68 (0x00855533) srl     a0, a0, s0
core   0: 3 0x80006d68 (0x00855533) x10 0xfffe0000
core   0: 0x80006d6c (0x0000864d) c.srai  a2, 19
core   0: 3 0x80006d6c (0x864d) x12 0x00000000
core   0: 0x80006d6e (0x000094d2) c.add   s1, s4
core   0: 3 0x80006d6e (0x94d2) x 9 0x00003800
core   0: 0x80006d70 (0x01c6a033) slt     zero, a3, t3
core   0: 3 0x80006d70 (0x01c6a033)
core   0: 0x80006d74 (0x034e0933) mul     s2, t3, s4
core   0: 3 0x80006d74 (0x034e0933) x18 0x00000000
core   0: 0x80006d78 (0x014bda33) srl     s4, s7, s4
core   0: 3 0x80006d78 (0x014bda33) x20 0x00000000
core   0: 0x80006d7c (0x007efa33) and     s4, t4, t2
core   0: 3 0x80006d7c (0x007efa33) x20 0x80014000
core   0: 0x80006d80 (0xa020ee13) ori     t3, ra, -1534
core   0: 3 0x80006d80 (0xa020ee13) x28 0xfffffa02
core   0: 0x80006d84 (0x4194db93) srai    s7, s1, 25
core   0: 3 0x80006d84 (0x4194db93) x23 0x00000000
core   0: 0x80006d88 (0x00000001) c.nop
core   0: 3 0x80006d88 (0x0001)
core   0: 0x80006d8a (0x03c575b3) remu    a1, a0, t3
core   0: 3 0x80006d8a (0x03c575b3) x11 0xfffe0000
core   0: 0x80006d8e (0x001a5f93) srli    t6, s4, 1
core   0: 3 0x80006d8e (0x001a5f93) x31 0x4000a000
core   0: 0x80006d92 (0x02d128b3) mulhsu  a7, sp, a3
core   0: 3 0x80006d92 (0x02d128b3) x17 0x00000000
core   0: 0x80006d96 (0x00895a33) srl     s4, s2, s0
core   0: 3 0x80006d96 (0x00895a33) x20 0x00000000
core   0: 0x80006d9a (0x99cc9d37) lui     s10, 0x99cc9
core   0: 3 0x80006d9a (0x99cc9d37) x26 0x99cc9000
core   0: 0x80006d9e (0x00400fb3) add     t6, zero, tp
core   0: 3 0x80006d9e (0x00400fb3) x31 0xffffffff
core   0: 0x80006da2 (0x00008551) c.srai  a0, 20
core   0: 3 0x80006da2 (0x8551) x10 0xffffffff
core   0: 0x80006da4 (0xd29cdb17) auipc   s6, 0xd29cd
core   0: 3 0x80006da4 (0xd29cdb17) x22 0x529d3da4
core   0: 0x80006da8 (0x00008c19) c.sub   s0, a4
core   0: 3 0x80006da8 (0x8c19) x 8 0x7fff019c
core   0: 0x80006daa (0x000085cd) c.srai  a1, 19
core   0: 3 0x80006daa (0x85cd) x11 0xffffffff
core   0: 0x80006dac (0x60dbaa93) slti    s5, s7, 1549
core   0: 3 0x80006dac (0x60dbaa93) x21 0x00000001
core   0: 0x80006db0 (0x02c90e33) mul     t3, s2, a2
core   0: 3 0x80006db0 (0x02c90e33) x28 0x00000000
core   0: 0x80006db4 (0x36147d13) andi    s10, s0, 865
core   0: 3 0x80006db4 (0x36147d13) x26 0x00000100
core   0: 0x80006db8 (0xe0a8ef13) ori     t5, a7, -502
core   0: 3 0x80006db8 (0xe0a8ef13) x30 0xfffffe0a
core   0: 0x80006dbc (0x000086a9) c.srai  a3, 10
core   0: 3 0x80006dbc (0x86a9) x13 0x00000000
core   0: 0x80006dbe (0x00008955) c.andi  a0, 21
core   0: 3 0x80006dbe (0x8955) x10 0x00000015
core   0: 0x80006dc0 (0x00008ecd) c.or    a3, a1
core   0: 3 0x80006dc0 (0x8ecd) x13 0xffffffff
core   0: 0x80006dc2 (0x000087d5) c.srai  a5, 21
core   0: 3 0x80006dc2 (0x87d5) x15 0xffffffff
core   0: 0x80006dc4 (0x040db0b7) lui     ra, 0x40db
core   0: 3 0x80006dc4 (0x040db0b7) x 1 0x040db000
core   0: 0x80006dc8 (0x00008525) c.srai  a0, 9
core   0: 3 0x80006dc8 (0x8525) x10 0x00000000
core   0: 0x80006dca (0x00006291) c.lui   t0, 0x4
core   0: 3 0x80006dca (0x6291) x 5 0x00004000
core   0: 0x80006dcc (0x000098fd) c.andi  s1, -1
core   0: 3 0x80006dcc (0x98fd) x 9 0x00003800
core   0: 0x80006dce (0x00a8c233) xor     tp, a7, a0
core   0: 3 0x80006dce (0x00a8c233) x 4 0x00000000
core   0: 0x80006dd2 (0x03d96933) rem     s2, s2, t4
core   0: 3 0x80006dd2 (0x03d96933) x18 0x00000000
core   0: 0x80006dd6 (0x00008fbd) c.xor   a5, a5
core   0: 3 0x80006dd6 (0x8fbd) x15 0x00000000
core   0: 0x80006dd8 (0x0319f333) remu    t1, s3, a7
core   0: 3 0x80006dd8 (0x0319f333) x 6 0x00000000
core   0: 0x80006ddc (0x00000001) c.nop
core   0: 3 0x80006ddc (0x0001)
core   0: 0x80006dde (0x46ff0a13) addi    s4, t5, 1135
core   0: 3 0x80006dde (0x46ff0a13) x20 0x00000279
core   0: 0x80006de2 (0x00008129) c.srli  a0, 10
core   0: 3 0x80006de2 (0x8129) x10 0x00000000
core   0: 0x80006de4 (0x01faa6b3) slt     a3, s5, t6
core   0: 3 0x80006de4 (0x01faa6b3) x13 0x00000000
core   0: 0x80006de8 (0x8d146e93) ori     t4, s0, -1839
core   0: 3 0x80006de8 (0x8d146e93) x29 0xfffff9dd
core   0: 0x80006dec (0x401d5cb3) sra     s9, s10, ra
core   0: 3 0x80006dec (0x401d5cb3) x25 0x00000100
core   0: 0x80006df0 (0x00307f33) and     t5, zero, gp
core   0: 3 0x80006df0 (0x00307f33) x30 0x00000000
core   0: 0x80006df4 (0x91ede5b7) lui     a1, 0x91ede
core   0: 3 0x80006df4 (0x91ede5b7) x11 0x91ede000
core   0: 0x80006df8 (0x002dad33) slt     s10, s11, sp
core   0: 3 0x80006df8 (0x002dad33) x26 0x00000001
core   0: 0x80006dfc (0x033d06b3) mul     a3, s10, s3
core   0: 3 0x80006dfc (0x033d06b3) x13 0x00000000
core   0: 0x80006e00 (0x4e1cf013) andi    zero, s9, 1249
core   0: 3 0x80006e00 (0x4e1cf013)
core   0: 0x80006e04 (0x000004d6) c.slli  s1, 21
core   0: 3 0x80006e04 (0x04d6) x 9 0x00000000
core   0: 0x80006e06 (0x0000947e) c.add   s0, t6
core   0: 3 0x80006e06 (0x947e) x 8 0x7fff019b
core   0: 0x80006e08 (0x018cb513) sltiu   a0, s9, 24
core   0: 3 0x80006e08 (0x018cb513) x10 0x00000000
core   0: 0x80006e0c (0x00008c3d) c.xor   s0, a5
core   0: 3 0x80006e0c (0x8c3d) x 8 0x7fff019b
core   0: 0x80006e0e (0x00b65233) srl     tp, a2, a1
core   0: 3 0x80006e0e (0x00b65233) x 4 0x00000000
core   0: 0x80006e12 (0x03085633) divu    a2, a6, a6
core   0: 3 0x80006e12 (0x03085633) x12 0xffffffff
core   0: 0x80006e16 (0x02731e33) mulh    t3, t1, t2
core   0: 3 0x80006e16 (0x02731e33) x28 0x00000000
core   0: 0x80006e1a (0x00008cd5) c.or    s1, a3
core   0: 3 0x80006e1a (0x8cd5) x 9 0x00000000
core   0: 0x80006e1c (0x011a99b3) sll     s3, s5, a7
core   0: 3 0x80006e1c (0x011a99b3) x19 0x00000001
core   0: 0x80006e20 (0x72bce093) ori     ra, s9, 1835
core   0: 3 0x80006e20 (0x72bce093) x 1 0x0000072b
core   0: 0x80006e24 (0x03f623b3) mulhsu  t2, a2, t6
core   0: 3 0x80006e24 (0x03f623b3) x 7 0xffffffff
core   0: 0x80006e28 (0x00000001) c.nop
core   0: 3 0x80006e28 (0x0001)
core   0: 0x80006e2a (0x00008e5d) c.or    a2, a5
core   0: 3 0x80006e2a (0x8e5d) x12 0xffffffff
core   0: 0x80006e2c (0xbe2042b7) lui     t0, 0xbe204
core   0: 3 0x80006e2c (0xbe2042b7) x 5 0xbe204000
core   0: 0x80006e30 (0x96cbe313) ori     t1, s7, -1684
core   0: 3 0x80006e30 (0x96cbe313) x 6 0xfffff96c
core   0: 0x80006e34 (0xd45f2c93) slti    s9, t5, -699
core   0: 3 0x80006e34 (0xd45f2c93) x25 0x00000000
core   0: 0x80006e38 (0x00008e11) c.sub   a2, a2
core   0: 3 0x80006e38 (0x8e11) x12 0x00000000
core   0: 0x80006e3a (0x015f3fb3) sltu    t6, t5, s5
core   0: 3 0x80006e3a (0x015f3fb3) x31 0x00000001
core   0: 0x80006e3e (0x000084ce) c.mv    s1, s3
core   0: 3 0x80006e3e (0x84ce) x 9 0x00000001
core   0: 0x80006e40 (0x038354b3) divu    s1, t1, s8
core   0: 3 0x80006e40 (0x038354b3) x 9 0xffffffff
core   0: 0x80006e44 (0x00008df5) c.and   a1, a3
core   0: 3 0x80006e44 (0x8df5) x11 0x00000000
core   0: 0x80006e46 (0x00006d29) c.lui   s10, 0xa
core   0: 3 0x80006e46 (0x6d29) x26 0x0000a000
core   0: 0x80006e48 (0x00bcfc33) and     s8, s9, a1
core   0: 3 0x80006e48 (0x00bcfc33) x24 0x00000000
core   0: 0x80006e4c (0x00000001) c.nop
core   0: 3 0x80006e4c (0x0001)
core   0: 0x80006e4e (0x03a040b3) div     ra, zero, s10
core   0: 3 0x80006e4e (0x03a040b3) x 1 0x00000000
core   0: 0x80006e52 (0x03ad0333) mul     t1, s10, s10
core   0: 3 0x80006e52 (0x03ad0333) x 6 0x64000000
core   0: 0x80006e56 (0x00008cdd) c.or    s1, a5
core   0: 3 0x80006e56 (0x8cdd) x 9 0xffffffff
core   0: 0x80006e58 (0xcc7af513) andi    a0, s5, -825
core   0: 3 0x80006e58 (0xcc7af513) x10 0x00000001
core   0: 0x80006e5c (0x41ded7b3) sra     a5, t4, t4
core   0: 3 0x80006e5c (0x41ded7b3) x15 0xffffffff
core   0: 0x80006e60 (0x00d0eb33) or      s6, ra, a3
core   0: 3 0x80006e60 (0x00d0eb33) x22 0x00000000
core   0: 0x80006e64 (0x00b31c93) slli    s9, t1, 11
core   0: 3 0x80006e64 (0x00b31c93) x25 0x00000000
core   0: 0x80006e68 (0x01065213) srli    tp, a2, 16
core   0: 3 0x80006e68 (0x01065213) x 4 0x00000000
core   0: 0x80006e6c (0x0164ab33) slt     s6, s1, s6
core   0: 3 0x80006e6c (0x0164ab33) x22 0x00000001
core   0: 0x80006e70 (0x00008549) c.srai  a0, 18
core   0: 3 0x80006e70 (0x8549) x10 0x00000000
core   0: 0x80006e72 (0x0000981e) c.add   a6, t2
core   0: 3 0x80006e72 (0x981e) x16 0xffffffff
core   0: 0x80006e74 (0x00ec4ab3) xor     s5, s8, a4
core   0: 3 0x80006e74 (0x00ec4ab3) x21 0x8000fe64
core   0: 0x80006e78 (0x0360e9b3) rem     s3, ra, s6
core   0: 3 0x80006e78 (0x0360e9b3) x19 0x00000000
core   0: 0x80006e7c (0x41d081b3) sub     gp, ra, t4
core   0: 3 0x80006e7c (0x41d081b3) x 3 0x00000623
core   0: 0x80006e80 (0x036a11b3) mulh    gp, s4, s6
core   0: 3 0x80006e80 (0x036a11b3) x 3 0x00000000
core   0: 0x80006e84 (0x407b0333) sub     t1, s6, t2
core   0: 3 0x80006e84 (0x407b0333) x 6 0x00000002
core   0: 0x80006e88 (0x026fa633) mulhsu  a2, t6, t1
core   0: 3 0x80006e88 (0x026fa633) x12 0x00000000
core   0: 0x80006e8c (0x5b8c0a13) addi    s4, s8, 1464
core   0: 3 0x80006e8c (0x5b8c0a13) x20 0x000005b8
core   0: 0x80006e90 (0x00008d05) c.sub   a0, s1
core   0: 3 0x80006e90 (0x8d05) x10 0x00000001
core   0: 0x80006e92 (0x21895097) auipc   ra, 0x21895
core   0: 3 0x80006e92 (0x21895097) x 1 0xa189be92
core   0: 0x80006e96 (0x01bb8cb3) add     s9, s7, s11
core   0: 3 0x80006e96 (0x01bb8cb3) x25 0x80000000
core   0: 0x80006e9a (0x01315093) srli    ra, sp, 19
core   0: 3 0x80006e9a (0x01315093) x 1 0x00001000
core   0: 0x80006e9e (0x039b3033) mulhu   zero, s6, s9
core   0: 3 0x80006e9e (0x039b3033)
core   0: 0x80006ea2 (0x0025b833) sltu    a6, a1, sp
core   0: 3 0x80006ea2 (0x0025b833) x16 0x00000001
core   0: 0x80006ea6 (0xb5fa7893) andi    a7, s4, -1185
core   0: 3 0x80006ea6 (0xb5fa7893) x17 0x00000118
core   0: 0x80006eaa (0xd3a32f93) slti    t6, t1, -710
core   0: 3 0x80006eaa (0xd3a32f93) x31 0x00000000
core   0: 0x80006eae (0x00008521) c.srai  a0, 8
core   0: 3 0x80006eae (0x8521) x10 0x00000000
core   0: 0x80006eb0 (0xdb368597) auipc   a1, 0xdb368
core   0: 3 0x80006eb0 (0xdb368597) x11 0x5b36eeb0
core   0: 0x80006eb4 (0x00008e7d) c.and   a2, a5
core   0: 3 0x80006eb4 (0x8e7d) x12 0x00000000
core   0: 0x80006eb6 (0x00008c71) c.and   s0, a2
core   0: 3 0x80006eb6 (0x8c71) x 8 0x00000000
core   0: 0x80006eb8 (0x031c8933) mul     s2, s9, a7
core   0: 3 0x80006eb8 (0x031c8933) x18 0x00000000
core   0: 0x80006ebc (0x40325933) sra     s2, tp, gp
core   0: 3 0x80006ebc (0x40325933) x18 0x00000000
core   0: 0x80006ec0 (0x2ede2513) slti    a0, t3, 749
core   0: 3 0x80006ec0 (0x2ede2513) x10 0x00000001
core   0: 0x80006ec4 (0x00008ded) c.and   a1, a1
core   0: 3 0x80006ec4 (0x8ded) x11 0x5b36eeb0
core   0: 0x80006ec6 (0x00252233) slt     tp, a0, sp
core   0: 3 0x80006ec6 (0x00252233) x 4 0x00000000
core   0: 0x80006eca (0x01c30f33) add     t5, t1, t3
core   0: 3 0x80006eca (0x01c30f33) x30 0x00000002
core   0: 0x80006ece (0x01e66633) or      a2, a2, t5
core   0: 3 0x80006ece (0x01e66633) x12 0x00000002
core   0: 0x80006ed2 (0x41308333) sub     t1, ra, s3
core   0: 3 0x80006ed2 (0x41308333) x 6 0x00001000
core   0: 0x80006ed6 (0xe339ef93) ori     t6, s3, -461
core   0: 3 0x80006ed6 (0xe339ef93) x31 0xfffffe33
core   0: 0x80006eda (0x413fd1b3) sra     gp, t6, s3
core   0: 3 0x80006eda (0x413fd1b3) x 3 0xfffffe33
core   0: 0x80006ede (0x00008a7a) c.mv    s4, t5
core   0: 3 0x80006ede (0x8a7a) x20 0x00000002
core   0: 0x80006ee0 (0x00b91833) sll     a6, s2, a1
core   0: 3 0x80006ee0 (0x00b91833) x16 0x00000000
core   0: 0x80006ee4 (0x003f3533) sltu    a0, t5, gp
core   0: 3 0x80006ee4 (0x003f3533) x10 0x00000001
core   0: 0x80006ee8 (0x02e21c33) mulh    s8, tp, a4
core   0: 3 0x80006ee8 (0x02e21c33) x24 0x00000000
core   0: 0x80006eec (0x00008cfd) c.and   s1, a5
core   0: 3 0x80006eec (0x8cfd) x 9 0xffffffff
core   0: 0x80006eee (0x003302b3) add     t0, t1, gp
core   0: 3 0x80006eee (0x003302b3) x 5 0x00000e33
core   0: 0x80006ef2 (0x41fb5513) srai    a0, s6, 31
core   0: 3 0x80006ef2 (0x41fb5513) x10 0x00000000
core   0: 0x80006ef6 (0x00008866) c.mv    a6, s9
core   0: 3 0x80006ef6 (0x8866) x16 0x80000000
core   0: 0x80006ef8 (0xfce9a397) auipc   t2, 0xfce9a
core   0: 3 0x80006ef8 (0xfce9a397) x 7 0x7cea0ef8
core   0: 0x80006efc (0x01c59d33) sll     s10, a1, t3
core   0: 3 0x80006efc (0x01c59d33) x26 0x5b36eeb0
core   0: 0x80006f00 (0x9bc20413) addi    s0, tp, -1604
core   0: 3 0x80006f00 (0x9bc20413) x 8 0xfffff9bc
core   0: 0x80006f04 (0x024b7433) remu    s0, s6, tp
core   0: 3 0x80006f04 (0x024b7433) x 8 0x00000001
core   0: 0x80006f08 (0x034cd833) divu    a6, s9, s4
core   0: 3 0x80006f08 (0x034cd833) x16 0x40000000
core   0: 0x80006f0c (0x03f6b5b3) mulhu   a1, a3, t6
core   0: 3 0x80006f0c (0x03f6b5b3) x11 0x00000000
core   0: 0x80006f10 (0x01cddbb3) srl     s7, s11, t3
core   0: 3 0x80006f10 (0x01cddbb3) x23 0x80000000
core   0: 0x80006f14 (0x1f9c3c93) sltiu   s9, s8, 505
core   0: 3 0x80006f14 (0x1f9c3c93) x25 0x00000001
core   0: 0x80006f18 (0xe93fa613) slti    a2, t6, -365
core   0: 3 0x80006f18 (0xe93fa613) x12 0x00000001
core   0: 0x80006f1c (0x3f120913) addi    s2, tp, 1009
core   0: 3 0x80006f1c (0x3f120913) x18 0x000003f1
core   0: 0x80006f20 (0x41fd8d33) sub     s10, s11, t6
core   0: 3 0x80006f20 (0x41fd8d33) x26 0x800001cd
core   0: 0x80006f24 (0x025952b3) divu    t0, s2, t0
core   0: 3 0x80006f24 (0x025952b3) x 5 0x00000000
core   0: 0x80006f28 (0x00726a33) or      s4, tp, t2
core   0: 3 0x80006f28 (0x00726a33) x20 0x7cea0ef8
core   0: 0x80006f2c (0x97796513) ori     a0, s2, -1673
core   0: 3 0x80006f2c (0x97796513) x10 0xfffffbf7
core   0: 0x80006f30 (0x33034813) xori    a6, t1, 816
core   0: 3 0x80006f30 (0x33034813) x16 0x00001330
core   0: 0x80006f34 (0x00e73533) sltu    a0, a4, a4
core   0: 3 0x80006f34 (0x00e73533) x10 0x00000000
core   0: 0x80006f38 (0x033321b3) mulhsu  gp, t1, s3
core   0: 3 0x80006f38 (0x033321b3) x 3 0x00000000
core   0: 0x80006f3c (0x029ee2b3) rem     t0, t4, s1
core   0: 3 0x80006f3c (0x029ee2b3) x 5 0x00000000
core   0: 0x80006f40 (0x8c84e193) ori     gp, s1, -1848
core   0: 3 0x80006f40 (0x8c84e193) x 3 0xffffffff
core   0: 0x80006f44 (0x03d92833) mulhsu  a6, s2, t4
core   0: 3 0x80006f44 (0x03d92833) x16 0x000003f0
core   0: 0x80006f48 (0x00008121) c.srli  a0, 8
core   0: 3 0x80006f48 (0x8121) x10 0x00000000
core   0: 0x80006f4a (0x008134b3) sltu    s1, sp, s0
core   0: 3 0x80006f4a (0x008134b3) x 9 0x00000000
core   0: 0x80006f4e (0x00000001) c.nop
core   0: 3 0x80006f4e (0x0001)
core   0: 0x80006f50 (0x00008199) c.srli  a1, 6
core   0: 3 0x80006f50 (0x8199) x11 0x00000000
core   0: 0x80006f52 (0x013345b3) xor     a1, t1, s3
core   0: 3 0x80006f52 (0x013345b3) x11 0x00001000
core   0: 0x80006f56 (0x40218433) sub     s0, gp, sp
core   0: 3 0x80006f56 (0x40218433) x 8 0x7ffec31b
core   0: 0x80006f5a (0xaef94917) auipc   s2, 0xaef94
core   0: 3 0x80006f5a (0xaef94917) x18 0x2ef9af5a
core   0: 0x80006f5e (0x01616c33) or      s8, sp, s6
core   0: 3 0x80006f5e (0x01616c33) x24 0x80013ce5
core   0: 0x80006f62 (0xfdc47613) andi    a2, s0, -36
core   0: 3 0x80006f62 (0xfdc47613) x12 0x7ffec318
core   0: 0x80006f66 (0x03a7ec33) rem     s8, a5, s10
core   0: 3 0x80006f66 (0x03a7ec33) x24 0xffffffff
core   0: 0x80006f6a (0x00008171) c.srli  a0, 28
core   0: 3 0x80006f6a (0x8171) x10 0x00000000
core   0: 0x80006f6c (0x00008d45) c.or    a0, s1
core   0: 3 0x80006f6c (0x8d45) x10 0x00000000
core   0: 0x80006f6e (0x00009a7d) c.andi  a2, -1
core   0: 3 0x80006f6e (0x9a7d) x12 0x7ffec318
core   0: 0x80006f70 (0x00008fa1) c.xor   a5, s0
core   0: 3 0x80006f70 (0x8fa1) x15 0x80013ce4
core   0: 0x80006f72 (0x00000001) c.nop
core   0: 3 0x80006f72 (0x0001)
core   0: 0x80006f74 (0x01461e93) slli    t4, a2, 20
core   0: 3 0x80006f74 (0x01461e93) x29 0x31800000
core   0: 0x80006f78 (0x0356bfb3) mulhu   t6, a3, s5
core   0: 3 0x80006f78 (0x0356bfb3) x31 0x00000000
core   0: 0x80006f7c (0x15e2af93) slti    t6, t0, 350
core   0: 3 0x80006f7c (0x15e2af93) x31 0x00000001
core   0: 0x80006f80 (0x00008ca1) c.xor   s1, s0
core   0: 3 0x80006f80 (0x8ca1) x 9 0x7ffec31b
core   0: 0x80006f82 (0x00005e7d) c.li    t3, -1
core   0: 3 0x80006f82 (0x5e7d) x28 0xffffffff
core   0: 0x80006f84 (0x035418b3) mulh    a7, s0, s5
core   0: 3 0x80006f84 (0x035418b3) x17 0xc0011da3
core   0: 0x80006f88 (0x03f622b3) mulhsu  t0, a2, t6
core   0: 3 0x80006f88 (0x03f622b3) x 5 0x00000000
core   0: 0x80006f8c (0xe0093793) sltiu   a5, s2, -512
core   0: 3 0x80006f8c (0xe0093793) x15 0x00000001
core   0: 0x80006f90 (0x2b3af313) andi    t1, s5, 691
core   0: 3 0x80006f90 (0x2b3af313) x 6 0x00000220
core   0: 0x80006f94 (0x02f94833) div     a6, s2, a5
core   0: 3 0x80006f94 (0x02f94833) x16 0x2ef9af5a
core   0: 0x80006f98 (0x000083f5) c.srli  a5, 29
core   0: 3 0x80006f98 (0x83f5) x15 0x00000000
core   0: 0x80006f9a (0x00008d29) c.xor   a0, a0
core   0: 3 0x80006f9a (0x8d29) x10 0x00000000
core   0: 0x80006f9c (0x0000987d) c.andi  s0, -1
core   0: 3 0x80006f9c (0x987d) x 8 0x7ffec31b
core   0: 0x80006f9e (0x1f039297) auipc   t0, 0x1f039
core   0: 3 0x80006f9e (0x1f039297) x 5 0x9f03ff9e
core   0: 0x80006fa2 (0x00000001) c.nop
core   0: 3 0x80006fa2 (0x0001)
core   0: 0x80006fa4 (0x41f35e13) srai    t3, t1, 31
core   0: 3 0x80006fa4 (0x41f35e13) x28 0x00000000
core   0: 0x80006fa8 (0x02061f33) mulh    t5, a2, zero
core   0: 3 0x80006fa8 (0x02061f33) x30 0x00000000
core   0: 0x80006fac (0x00008fb5) c.xor   a5, a3
core   0: 3 0x80006fac (0x8fb5) x15 0x00000000
core   0: 0x80006fae (0x0338be33) mulhu   t3, a7, s3
core   0: 3 0x80006fae (0x0338be33) x28 0x00000000
core   0: 0x80006fb2 (0x0378a1b3) mulhsu  gp, a7, s7
core   0: 3 0x80006fb2 (0x0378a1b3) x 3 0xe0008ed1
core   0: 0x80006fb6 (0x00000001) c.nop
core   0: 3 0x80006fb6 (0x0001)
core   0: 0x80006fb8 (0x02640433) mul     s0, s0, t1
core   0: 3 0x80006fb8 (0x02640433) x 8 0xfd5e9960
core   0: 0x80006fbc (0x00d2b933) sltu    s2, t0, a3
core   0: 3 0x80006fbc (0x00d2b933) x18 0x00000000
core   0: 0x80006fc0 (0x0390ec33) rem     s8, ra, s9
core   0: 3 0x80006fc0 (0x0390ec33) x24 0x00000000
core   0: 0x80006fc4 (0x7c02f513) andi    a0, t0, 1984
core   0: 3 0x80006fc4 (0x7c02f513) x10 0x00000780
core   0: 0x80006fc8 (0x01b1eab3) or      s5, gp, s11
core   0: 3 0x80006fc8 (0x01b1eab3) x21 0xe0008ed1
core   0: 0x80006fcc (0x00008c35) c.xor   s0, a3
core   0: 3 0x80006fcc (0x8c35) x 8 0xfd5e9960
core   0: 0x80006fce (0x55413e13) sltiu   t3, sp, 1364
core   0: 3 0x80006fce (0x55413e13) x28 0x00000000
core   0: 0x80006fd2 (0xf9990297) auipc   t0, 0xf9990
core   0: 3 0x80006fd2 (0xf9990297) x 5 0x79996fd2
core   0: 0x80006fd6 (0xdef77513) andi    a0, a4, -529
core   0: 3 0x80006fd6 (0xdef77513) x10 0x8000fc64
core   0: 0x80006fda (0xe3120393) addi    t2, tp, -463
core   0: 3 0x80006fda (0xe3120393) x 7 0xfffffe31
core   0: 0x80006fde (0x00009d16) c.add   s10, t0
core   0: 3 0x80006fde (0x9d16) x26 0xf999719f
core   0: 0x80006fe0 (0x037d70b3) remu    ra, s10, s7
core   0: 3 0x80006fe0 (0x037d70b3) x 1 0x7999719f
core   0: 0x80006fe4 (0x02ae49b3) div     s3, t3, a0
core   0: 3 0x80006fe4 (0x02ae49b3) x19 0x00000000
core   0: 0x80006fe8 (0x02416933) rem     s2, sp, tp
core   0: 3 0x80006fe8 (0x02416933) x18 0x80013ce4
core   0: 0x80006fec (0x6e984413) xori    s0, a6, 1769
core   0: 3 0x80006fec (0x6e984413) x 8 0x2ef9a9b3
core   0: 0x80006ff0 (0x00008e15) c.sub   a2, a3
core   0: 3 0x80006ff0 (0x8e15) x12 0x7ffec318
core   0: 0x80006ff2 (0x038dd3b3) divu    t2, s11, s8
core   0: 3 0x80006ff2 (0x038dd3b3) x 7 0xffffffff
core   0: 0x80006ff6 (0x00000001) c.nop
core   0: 3 0x80006ff6 (0x0001)
core   0: 0x80006ff8 (0x45478b13) addi    s6, a5, 1108
core   0: 3 0x80006ff8 (0x45478b13) x22 0x00000454
core   0: 0x80006ffc (0x03a038b3) mulhu   a7, zero, s10
core   0: 3 0x80006ffc (0x03a038b3) x17 0x00000000
core   0: 0x80007000 (0x01966bb3) or      s7, a2, s9
core   0: 3 0x80007000 (0x01966bb3) x23 0x7ffec319
core   0: 0x80007004 (0x01169633) sll     a2, a3, a7
core   0: 3 0x80007004 (0x01169633) x12 0x00000000
core   0: 0x80007008 (0x4080da33) sra     s4, ra, s0
core   0: 3 0x80007008 (0x4080da33) x20 0x00000f33
core   0: 0x8000700c (0x00c3e7b3) or      a5, t2, a2
core   0: 3 0x8000700c (0x00c3e7b3) x15 0xffffffff
core   0: 0x80007010 (0x00000001) c.nop
core   0: 3 0x80007010 (0x0001)
core   0: 0x80007012 (0x01e44033) xor     zero, s0, t5
core   0: 3 0x80007012 (0x01e44033)
core   0: 0x80007016 (0x8471f393) andi    t2, gp, -1977
core   0: 3 0x80007016 (0x8471f393) x 7 0xe0008841
core   0: 0x8000701a (0x00008c45) c.or    s0, s1
core   0: 3 0x8000701a (0x8c45) x 8 0x7fffebbb
core   0: 0x8000701c (0x029803b3) mul     t2, a6, s1
core   0: 3 0x8000701c (0x029803b3) x 7 0xc6330c7e
core   0: 0x80007020 (0x00008bc5) c.andi  a5, 17
core   0: 3 0x80007020 (0x8bc5) x15 0x00000011
core   0: 0x80007022 (0x026e3cb3) mulhu   s9, t3, t1
core   0: 3 0x80007022 (0x026e3cb3) x25 0x00000000
core   0: 0x80007026 (0x00dc5c13) srli    s8, s8, 13
core   0: 3 0x80007026 (0x00dc5c13) x24 0x00000000
core   0: 0x8000702a (0x004f4033) xor     zero, t5, tp
core   0: 3 0x8000702a (0x004f4033)
core   0: 0x8000702e (0x00008c45) c.or    s0, s1
core   0: 3 0x8000702e (0x8c45) x 8 0x7fffebbb
core   0: 0x80007030 (0x0b9be313) ori     t1, s7, 185
core   0: 3 0x80007030 (0x0b9be313) x 6 0x7ffec3b9
core   0: 0x80007034 (0x00008c59) c.or    s0, a4
core   0: 3 0x80007034 (0x8c59) x 8 0xffffffff
core   0: 0x80007036 (0x00009bfd) c.andi  a5, -1
core   0: 3 0x80007036 (0x9bfd) x15 0x00000011
core   0: 0x80007038 (0x00006199) c.lui   gp, 0x6
core   0: 3 0x80007038 (0x6199) x 3 0x00006000
core   0: 0x8000703a (0x014a54b3) srl     s1, s4, s4
core   0: 3 0x8000703a (0x014a54b3) x 9 0x00000000
core   0: 0x8000703e (0x00008ea9) c.xor   a3, a0
core   0: 3 0x8000703e (0x8ea9) x13 0x8000fc64
core   0: 0x80007040 (0x754f7593) andi    a1, t5, 1876
core   0: 3 0x80007040 (0x754f7593) x11 0x00000000
core   0: 0x80007044 (0x02e2aa33) mulhsu  s4, t0, a4
core   0: 3 0x80007044 (0x02e2aa33) x20 0x3ccd30be
core   0: 0x80007048 (0x00008c81) c.sub   s1, s0
core   0: 3 0x80007048 (0x8c81) x 9 0x00000001
core   0: 0x8000704a (0x0000997d) c.andi  a0, -1
core   0: 3 0x8000704a (0x997d) x10 0x8000fc64
core   0: 0x8000704c (0x00000d16) c.slli  s10, 5
core   0: 3 0x8000704c (0x0d16) x26 0x332e33e0
core   0: 0x8000704e (0x000080fd) c.srli  s1, 31
core   0: 3 0x8000704e (0x80fd) x 9 0x00000000
core   0: 0x80007050 (0x035dd7b3) divu    a5, s11, s5
core   0: 3 0x80007050 (0x035dd7b3) x15 0x00000000
core   0: 0x80007054 (0x00000001) c.nop
core   0: 3 0x80007054 (0x0001)
core   0: 0x80007056 (0x01891ab3) sll     s5, s2, s8
core   0: 3 0x80007056 (0x01891ab3) x21 0x80013ce4
core   0: 0x8000705a (0x01065913) srli    s2, a2, 16
core   0: 3 0x8000705a (0x01065913) x18 0x00000000
core   0: 0x8000705e (0x00008d95) c.sub   a1, a3
core   0: 3 0x8000705e (0x8d95) x11 0x7fff039c
core   0: 0x80007060 (0xc0d80313) addi    t1, a6, -1011
core   0: 3 0x80007060 (0xc0d80313) x 6 0x2ef9ab67
core   0: 0x80007064 (0x000163b3) or      t2, sp, zero
core   0: 3 0x80007064 (0x000163b3) x 7 0x80013ce4
core   0: 0x80007068 (0x00fddc13) srli    s8, s11, 15
core   0: 3 0x80007068 (0x00fddc13) x24 0x00010000
core   0: 0x8000706c (0x00000092) c.slli  ra, 4
core   0: 3 0x8000706c (0x0092) x 1 0x999719f0
core   0: 0x8000706e (0x00009bb2) c.add   s7, a2
core   0: 3 0x8000706e (0x9bb2) x23 0x7ffec319
core   0: 0x80007070 (0x2c534a13) xori    s4, t1, 709
core   0: 3 0x80007070 (0x2c534a13) x20 0x2ef9a9a2
core   0: 0x80007074 (0x025193b3) mulh    t2, gp, t0
core   0: 3 0x80007074 (0x025193b3) x 7 0x00002d99
core   0: 0x80007078 (0x000085a1) c.srai  a1, 8
core   0: 3 0x80007078 (0x85a1) x11 0x007fff03
core   0: 0x8000707a (0xc32faf13) slti    t5, t6, -974
core   0: 3 0x8000707a (0xc32faf13) x30 0x00000000
core   0: 0x8000707e (0x035ac033) div     zero, s5, s5
core   0: 3 0x8000707e (0x035ac033)
core   0: 0x80007082 (0x40248d33) sub     s10, s1, sp
core   0: 3 0x80007082 (0x40248d33) x26 0x7ffec31c
core   0: 0x80007086 (0x017a5493) srli    s1, s4, 23
core   0: 3 0x80007086 (0x017a5493) x 9 0x0000005d
core   0: 0x8000708a (0x0000081a) c.slli  a6, 6
core   0: 3 0x8000708a (0x081a) x16 0xbe6bd680
core   0: 0x8000708c (0x000006de) c.slli  a3, 23
core   0: 3 0x8000708c (0x06de) x13 0x32000000
core   0: 0x8000708e (0x00a51833) sll     a6, a0, a0
core   0: 3 0x8000708e (0x00a51833) x16 0x000fc640
core   0: 0x80007092 (0x9d41a917) auipc   s2, 0x9d41a
core   0: 3 0x80007092 (0x9d41a917) x18 0x1d421092
core   0: 0x80007096 (0x0000050d) c.addi  a0, 3
core   0: 3 0x80007096 (0x050d) x10 0x8000fc67
core   0: 0x80007098 (0x0000066e) c.slli  a2, 27
core   0: 3 0x80007098 (0x066e) x12 0x00000000
core   0: 0x8000709a (0x00008d05) c.sub   a0, s1
core   0: 3 0x8000709a (0x8d05) x10 0x8000fc0a
core   0: 0x8000709c (0x00a1beb3) sltu    t4, gp, a0
core   0: 3 0x8000709c (0x00a1beb3) x29 0x00000001
core   0: 0x800070a0 (0x0072ac33) slt     s8, t0, t2
core   0: 3 0x800070a0 (0x0072ac33) x24 0x00000000
core   0: 0x800070a4 (0x00000001) c.nop
core   0: 3 0x800070a4 (0x0001)
core   0: 0x800070a6 (0x000000f6) c.slli  ra, 29
core   0: 3 0x800070a6 (0x00f6) x 1 0x00000000
core   0: 0x800070a8 (0x01164f33) xor     t5, a2, a7
core   0: 3 0x800070a8 (0x01164f33) x30 0x00000000
core   0: 0x800070ac (0x40322f13) slti    t5, tp, 1027
core   0: 3 0x800070ac (0x40322f13) x30 0x00000001
core   0: 0x800070b0 (0x17960793) addi    a5, a2, 377
core   0: 3 0x800070b0 (0x17960793) x15 0x00000179
core   0: 0x800070b4 (0x63eace93) xori    t4, s5, 1598
core   0: 3 0x800070b4 (0x63eace93) x29 0x80013ada
core   0: 0x800070b8 (0x03cecd33) div     s10, t4, t3
core   0: 3 0x800070b8 (0x03cecd33) x26 0xffffffff
core   0: 0x800070bc (0x03d8d633) divu    a2, a7, t4
core   0: 3 0x800070bc (0x03d8d633) x12 0x00000000
core   0: 0x800070c0 (0x00000001) c.nop
core   0: 3 0x800070c0 (0x0001)
core   0: 0x800070c2 (0x41950633) sub     a2, a0, s9
core   0: 3 0x800070c2 (0x41950633) x12 0x8000fc0a
core   0: 0x800070c6 (0x44f83693) sltiu   a3, a6, 1103
core   0: 3 0x800070c6 (0x44f83693) x13 0x00000000
core   0: 0x800070ca (0x0120b4b3) sltu    s1, ra, s2
core   0: 3 0x800070ca (0x0120b4b3) x 9 0x00000001
core   0: 0x800070ce (0x4072dc93) srai    s9, t0, 7
core   0: 3 0x800070ce (0x4072dc93) x25 0x00f332df
core   0: 0x800070d2 (0x03792433) mulhsu  s0, s2, s7
core   0: 3 0x800070d2 (0x03792433) x 8 0x0ea0e411
core   0: 0x800070d6 (0x00006275) c.lui   tp, 0x1d
core   0: 3 0x800070d6 (0x6275) x 4 0x0001d000
core   0: 0x800070d8 (0x002661b3) or      gp, a2, sp
core   0: 3 0x800070d8 (0x002661b3) x 3 0x8001fcee
core   0: 0x800070dc (0x00008ef9) c.and   a3, a4
core   0: 3 0x800070dc (0x8ef9) x13 0x00000000
core   0: 0x800070de (0x01fcf5b3) and     a1, s9, t6
core   0: 3 0x800070de (0x01fcf5b3) x11 0x00000001
core   0: 0x800070e2 (0x00008e15) c.sub   a2, a3
core   0: 3 0x800070e2 (0x8e15) x12 0x8000fc0a
core   0: 0x800070e4 (0xc0aa5d37) lui     s10, 0xc0aa5
core   0: 3 0x800070e4 (0xc0aa5d37) x26 0xc0aa5000
core   0: 0x800070e8 (0x00008e35) c.xor   a2, a3
core   0: 3 0x800070e8 (0x8e35) x12 0x8000fc0a
core   0: 0x800070ea (0xf513bf13) sltiu   t5, t2, -175
core   0: 3 0x800070ea (0xf513bf13) x30 0x00000001
core   0: 0x800070ee (0x01f729b3) slt     s3, a4, t6
core   0: 3 0x800070ee (0x01f729b3) x19 0x00000001
core   0: 0x800070f2 (0x40a0dfb3) sra     t6, ra, a0
core   0: 3 0x800070f2 (0x40a0dfb3) x31 0x00000000
core   0: 0x800070f6 (0x010cd333) srl     t1, s9, a6
core   0: 3 0x800070f6 (0x010cd333) x 6 0x00f332df
core   0: 0x800070fa (0x018bb433) sltu    s0, s7, s8
core   0: 3 0x800070fa (0x018bb433) x 8 0x00000000
core   0: 0x800070fe (0x25cffd13) andi    s10, t6, 604
core   0: 3 0x800070fe (0x25cffd13) x26 0x00000000
core   0: 0x80007102 (0x848e7c17) auipc   s8, 0x848e7
core   0: 3 0x80007102 (0x848e7c17) x24 0x048ee102
core   0: 0x80007106 (0x04cabe13) sltiu   t3, s5, 76
core   0: 3 0x80007106 (0x04cabe13) x28 0x00000000
core   0: 0x8000710a (0x00af71b3) and     gp, t5, a0
core   0: 3 0x8000710a (0x00af71b3) x 3 0x00000000
core   0: 0x8000710e (0x00000001) c.nop
core   0: 3 0x8000710e (0x0001)
core   0: 0x80007110 (0x00006e79) c.lui   t3, 0x1e
core   0: 3 0x80007110 (0x6e79) x28 0x0001e000
core   0: 0x80007112 (0x00006cd9) c.lui   s9, 0x16
core   0: 3 0x80007112 (0x6cd9) x25 0x00016000
core   0: 0x80007114 (0x03092533) mulhsu  a0, s2, a6
core   0: 3 0x80007114 (0x03092533) x10 0x0001cd87
core   0: 0x80007118 (0x0000861d) c.srai  a2, 7
core   0: 3 0x80007118 (0x861d) x12 0xff0001f8
core   0: 0x8000711a (0x41aa6693) ori     a3, s4, 1050
core   0: 3 0x8000711a (0x41aa6693) x13 0x2ef9adba
core   0: 0x8000711e (0x00008549) c.srai  a0, 18
core   0: 3 0x8000711e (0x8549) x10 0x00000000
core   0: 0x80007120 (0x016b34b3) sltu    s1, s6, s6
core   0: 3 0x80007120 (0x016b34b3) x 9 0x00000000
core   0: 0x80007124 (0x00000f1a) c.slli  t5, 6
core   0: 3 0x80007124 (0x0f1a) x30 0x00000040
core   0: 0x80007126 (0x000092d2) c.add   t0, s4
core   0: 3 0x80007126 (0x92d2) x 5 0xa8931974
core   0: 0x80007128 (0x021ef433) remu    s0, t4, ra
core   0: 3 0x80007128 (0x021ef433) x 8 0x80013ada
core   0: 0x8000712c (0x000ab333) sltu    t1, s5, zero
core   0: 3 0x8000712c (0x000ab333) x 6 0x00000000
core   0: 0x80007130 (0x00008c15) c.sub   s0, a3
core   0: 3 0x80007130 (0x8c15) x 8 0x51078d20
core   0: 0x80007132 (0x00000f06) c.slli  t5, 1
core   0: 3 0x80007132 (0x0f06) x30 0x00000080
core   0: 0x80007134 (0xb9e1be13) sltiu   t3, gp, -1122
core   0: 3 0x80007134 (0xb9e1be13) x28 0x00000001
core   0: 0x80007138 (0x00008e51) c.or    a2, a2
core   0: 3 0x80007138 (0x8e51) x12 0xff0001f8
core   0: 0x8000713a (0x0000823d) c.srli  a2, 15
core   0: 3 0x8000713a (0x823d) x12 0x0001fe00
core   0: 0x8000713c (0x01b521b3) slt     gp, a0, s11
core   0: 3 0x8000713c (0x01b521b3) x 3 0x00000000
core   0: 0x80007140 (0x00000001) c.nop
core   0: 3 0x80007140 (0x0001)
core   0: 0x80007142 (0x02d37833) remu    a6, t1, a3
core   0: 3 0x80007142 (0x02d37833) x16 0x00000000
core   0: 0x80007146 (0x0000020e) c.slli  tp, 3
core   0: 3 0x80007146 (0x020e) x 4 0x000e8000
core   0: 0x80007148 (0x0289c833) div     a6, s3, s0
core   0: 3 0x80007148 (0x0289c833) x16 0x00000000
core   0: 0x8000714c (0x00008e59) c.or    a2, a4
core   0: 3 0x8000714c (0x8e59) x12 0x8001fe64
core   0: 0x8000714e (0x40d48033) sub     zero, s1, a3
core   0: 3 0x8000714e (0x40d48033)
core   0: 0x80007152 (0x00008fed) c.and   a5, a1
core   0: 3 0x80007152 (0x8fed) x15 0x00000001
core   0: 0x80007154 (0x00c6e233) or      tp, a3, a2
core   0: 3 0x80007154 (0x00c6e233) x 4 0xaef9fffe
core   0: 0x80007158 (0x40b9dc33) sra     s8, s3, a1
core   0: 3 0x80007158 (0x40b9dc33) x24 0x00000000
core   0: 0x8000715c (0x001fab33) slt     s6, t6, ra
core   0: 3 0x8000715c (0x001fab33) x22 0x00000000
core   0: 0x80007160 (0x00008ca1) c.xor   s1, s0
core   0: 3 0x80007160 (0x8ca1) x 9 0x51078d20
core   0: 0x80007162 (0x00e5f333) and     t1, a1, a4
core   0: 3 0x80007162 (0x00e5f333) x 6 0x00000000
core   0: 0x80007166 (0x0000829d) c.srli  a3, 7
core   0: 3 0x80007166 (0x829d) x13 0x005df35b
core   0: 0x80007168 (0x00008a42) c.mv    s4, a6
core   0: 3 0x80007168 (0x8a42) x20 0x00000000
core   0: 0x8000716a (0x00008cc9) c.or    s1, a0
core   0: 3 0x8000716a (0x8cc9) x 9 0x51078d20
core   0: 0x8000716c (0x7ef9b193) sltiu   gp, s3, 2031
core   0: 3 0x8000716c (0x7ef9b193) x 3 0x00000001
core   0: 0x80007170 (0x5c608613) addi    a2, ra, 1478
core   0: 3 0x80007170 (0x5c608613) x12 0x000005c6
core   0: 0x80007174 (0x02562e33) mulhsu  t3, a2, t0
core   0: 3 0x80007174 (0x02562e33) x28 0x000003cd
core   0: 0x80007178 (0x00008d6d) c.and   a0, a1
core   0: 3 0x80007178 (0x8d6d) x10 0x00000000
core   0: 0x8000717a (0x000009e6) c.slli  s3, 25
core   0: 3 0x8000717a (0x09e6) x19 0x02000000
core   0: 0x8000717c (0x0379e333) rem     t1, s3, s7
core   0: 3 0x8000717c (0x0379e333) x 6 0x02000000
core   0: 0x80007180 (0x039c29b3) mulhsu  s3, s8, s9
core   0: 3 0x80007180 (0x039c29b3) x19 0x00000000
core   0: 0x80007184 (0x02f76793) ori     a5, a4, 47
core   0: 3 0x80007184 (0x02f76793) x15 0x8000fe6f
core   0: 0x80007188 (0x00000001) c.nop
core   0: 3 0x80007188 (0x0001)
core   0: 0x8000718a (0x014d1913) slli    s2, s10, 20
core   0: 3 0x8000718a (0x014d1913) x18 0x00000000
core   0: 0x8000718e (0x0043d793) srli    a5, t2, 4
core   0: 3 0x8000718e (0x0043d793) x15 0x000002d9
core   0: 0x80007192 (0x010d4433) xor     s0, s10, a6
core   0: 3 0x80007192 (0x010d4433) x 8 0x00000000
core   0: 0x80007196 (0x0389f4b3) remu    s1, s3, s8
core   0: 3 0x80007196 (0x0389f4b3) x 9 0x00000000
core   0: 0x8000719a (0x00008456) c.mv    s0, s5
core   0: 3 0x8000719a (0x8456) x 8 0x80013ce4
core   0: 0x8000719c (0x01c5f6b3) and     a3, a1, t3
core   0: 3 0x8000719c (0x01c5f6b3) x13 0x00000001
core   0: 0x800071a0 (0x00004a15) c.li    s4, 5
core   0: 3 0x800071a0 (0x4a15) x20 0x00000005
core   0: 0x800071a2 (0x7e35fc13) andi    s8, a1, 2019
core   0: 3 0x800071a2 (0x7e35fc13) x24 0x00000001
core   0: 0x800071a6 (0x00000d1a) c.slli  s10, 6
core   0: 3 0x800071a6 (0x0d1a) x26 0x00000000
core   0: 0x800071a8 (0x00008ce1) c.and   s1, s0
core   0: 3 0x800071a8 (0x8ce1) x 9 0x00000000
core   0: 0x800071aa (0x00006ca1) c.lui   s9, 0x8
core   0: 3 0x800071aa (0x6ca1) x25 0x00008000
core   0: 0x800071ac (0x5bc73313) sltiu   t1, a4, 1468
core   0: 3 0x800071ac (0x5bc73313) x 6 0x00000000
core   0: 0x800071b0 (0x00000909) c.addi  s2, 2
core   0: 3 0x800071b0 (0x0909) x18 0x00000002
core   0: 0x800071b2 (0x000b5593) srli    a1, s6, 0
core   0: 3 0x800071b2 (0x000b5593) x11 0x00000000
core   0: 0x800071b6 (0x00009fba) c.add   t6, a4
core   0: 3 0x800071b6 (0x9fba) x31 0x8000fe64
core   0: 0x800071b8 (0xacebea97) auipc   s5, 0xacebe
core   0: 3 0x800071b8 (0xacebea97) x21 0x2cec51b8
core   0: 0x800071bc (0x00004ba1) c.li    s7, 8
core   0: 3 0x800071bc (0x4ba1) x23 0x00000008
core   0: 0x800071be (0x036393b3) mulh    t2, t2, s6
core   0: 3 0x800071be (0x036393b3) x 7 0x00000000
core   0: 0x800071c2 (0x00008c2d) c.xor   s0, a1
core   0: 3 0x800071c2 (0x8c2d) x 8 0x80013ce4
core   0: 0x800071c4 (0x32197313) andi    t1, s2, 801
core   0: 3 0x800071c4 (0x32197313) x 6 0x00000000
core   0: 0x800071c8 (0x018c0ab3) add     s5, s8, s8
core   0: 3 0x800071c8 (0x018c0ab3) x21 0x00000002
core   0: 0x800071cc (0x1ce9c213) xori    tp, s3, 462
core   0: 3 0x800071cc (0x1ce9c213) x 4 0x000001ce
core   0: 0x800071d0 (0x01345f13) srli    t5, s0, 19
core   0: 3 0x800071d0 (0x01345f13) x30 0x00001000
core   0: 0x800071d4 (0x00008791) c.srai  a5, 4
core   0: 3 0x800071d4 (0x8791) x15 0x0000002d
core   0: 0x800071d6 (0x01ada233) slt     tp, s11, s10
core   0: 3 0x800071d6 (0x01ada233) x 4 0x00000001
core   0: 0x800071da (0x022ed833) divu    a6, t4, sp
core   0: 3 0x800071da (0x022ed833) x16 0x00000000
core   0: 0x800071de (0x00008c29) c.xor   s0, a0
core   0: 3 0x800071de (0x8c29) x 8 0x80013ce4
core   0: 0x800071e0 (0x00981a33) sll     s4, a6, s1
core   0: 3 0x800071e0 (0x00981a33) x20 0x00000000
core   0: 0x800071e4 (0x412109b3) sub     s3, sp, s2
core   0: 3 0x800071e4 (0x412109b3) x19 0x80013ce2
core   0: 0x800071e8 (0x0094b5b3) sltu    a1, s1, s1
core   0: 3 0x800071e8 (0x0094b5b3) x11 0x00000000
core   0: 0x800071ec (0x009f9213) slli    tp, t6, 9
core   0: 3 0x800071ec (0x009f9213) x 4 0x01fcc800
core   0: 0x800071f0 (0x020b06b3) mul     a3, s6, zero
core   0: 3 0x800071f0 (0x020b06b3) x13 0x00000000
core   0: 0x800071f4 (0x40185d13) srai    s10, a6, 1
core   0: 3 0x800071f4 (0x40185d13) x26 0x00000000
core   0: 0x800071f8 (0x039f9a33) mulh    s4, t6, s9
core   0: 3 0x800071f8 (0x039f9a33) x20 0xffffc000
core   0: 0x800071fc (0x00000001) c.nop
core   0: 3 0x800071fc (0x0001)
core   0: 0x800071fe (0x002cfc33) and     s8, s9, sp
core   0: 3 0x800071fe (0x002cfc33) x24 0x00000000
core   0: 0x80007202 (0x00008cf9) c.and   s1, a4
core   0: 3 0x80007202 (0x8cf9) x 9 0x00000000
core   0: 0x80007204 (0x00000001) c.nop
core   0: 3 0x80007204 (0x0001)
core   0: 0x80007206 (0x030ac7b3) div     a5, s5, a6
core   0: 3 0x80007206 (0x030ac7b3) x15 0xffffffff
core   0: 0x8000720a (0x412b5093) srai    ra, s6, 18
core   0: 3 0x8000720a (0x412b5093) x 1 0x00000000
core   0: 0x8000720e (0x03b922b3) mulhsu  t0, s2, s11
core   0: 3 0x8000720e (0x03b922b3) x 5 0x00000001
core   0: 0x80007212 (0x720d8593) addi    a1, s11, 1824
core   0: 3 0x80007212 (0x720d8593) x11 0x80000720
core   0: 0x80007216 (0x02ad3633) mulhu   a2, s10, a0
core   0: 3 0x80007216 (0x02ad3633) x12 0x00000000
core   0: 0x8000721a (0x00340cb3) add     s9, s0, gp
core   0: 3 0x8000721a (0x00340cb3) x25 0x80013ce5
core   0: 0x8000721e (0x0000997d) c.andi  a0, -1
core   0: 3 0x8000721e (0x997d) x10 0x00000000
core   0: 0x80007220 (0x00008e59) c.or    a2, a4
core   0: 3 0x80007220 (0x8e59) x12 0x8000fe64
core   0: 0x80007222 (0x000099fd) c.andi  a1, -1
core   0: 3 0x80007222 (0x99fd) x11 0x80000720
core   0: 0x80007224 (0x007dcab3) xor     s5, s11, t2
core   0: 3 0x80007224 (0x007dcab3) x21 0x80000000
core   0: 0x80007228 (0x00000001) c.nop
core   0: 3 0x80007228 (0x0001)
core   0: 0x8000722a (0x8e892937) lui     s2, 0x8e892
core   0: 3 0x8000722a (0x8e892937) x18 0x8e892000
core   0: 0x8000722e (0x00008641) c.srai  a2, 16
core   0: 3 0x8000722e (0x8641) x12 0xffff8000
core   0: 0x80007230 (0x0381ea33) rem     s4, gp, s8
core   0: 3 0x80007230 (0x0381ea33) x20 0x00000001
core   0: 0x80007234 (0x0000438d) c.li    t2, 3
core   0: 3 0x80007234 (0x438d) x 7 0x00000003
core   0: 0x80007236 (0x37f1e793) ori     a5, gp, 895
core   0: 3 0x80007236 (0x37f1e793) x15 0x0000037f
core   0: 0x8000723a (0x00008a0d) c.andi  a2, 3
core   0: 3 0x8000723a (0x8a0d) x12 0x00000000
core   0: 0x8000723c (0xfdb26a93) ori     s5, tp, -37
core   0: 3 0x8000723c (0xfdb26a93) x21 0xffffffdb
core   0: 0x80007240 (0x000085ed) c.srai  a1, 27
core   0: 3 0x80007240 (0x85ed) x11 0xfffffff0
core   0: 0x80007242 (0x00008f5e) c.mv    t5, s7
core   0: 3 0x80007242 (0x8f5e) x30 0x00000008
core   0: 0x80007244 (0x00008dd9) c.or    a1, a4
core   0: 3 0x80007244 (0x8dd9) x11 0xfffffff4
core   0: 0x80007246 (0x0128c9b3) xor     s3, a7, s2
core   0: 3 0x80007246 (0x0128c9b3) x19 0x8e892000
core   0: 0x8000724a (0x01709b33) sll     s6, ra, s7
core   0: 3 0x8000724a (0x01709b33) x22 0x00000000
core   0: 0x8000724e (0x00008d19) c.sub   a0, a4
core   0: 3 0x8000724e (0x8d19) x10 0x7fff019c
core   0: 0x80007250 (0x41010cb3) sub     s9, sp, a6
core   0: 3 0x80007250 (0x41010cb3) x25 0x80013ce4
core   0: 0x80007254 (0x029af233) remu    tp, s5, s1
core   0: 3 0x80007254 (0x029af233) x 4 0xffffffdb
core   0: 0x80007258 (0x00008ded) c.and   a1, a1
core   0: 3 0x80007258 (0x8ded) x11 0xfffffff4
core   0: 0x8000725a (0x00008f95) c.sub   a5, a3
core   0: 3 0x8000725a (0x8f95) x15 0x0000037f
core   0: 0x8000725c (0x11be3f13) sltiu   t5, t3, 283
core   0: 3 0x8000725c (0x11be3f13) x30 0x00000000
core   0: 0x80007260 (0xc38bf5b7) lui     a1, 0xc38bf
core   0: 3 0x80007260 (0xc38bf5b7) x11 0xc38bf000
core   0: 0x80007264 (0x00008c75) c.and   s0, a3
core   0: 3 0x80007264 (0x8c75) x 8 0x00000000
core   0: 0x80007266 (0x096bc393) xori    t2, s7, 150
core   0: 3 0x80007266 (0x096bc393) x 7 0x0000009e
core   0: 0x8000726a (0x00000e91) c.addi  t4, 4
core   0: 3 0x8000726a (0x0e91) x29 0x80013ade
core   0: 0x8000726c (0x02a5eeb3) rem     t4, a1, a0
core   0: 3 0x8000726c (0x02a5eeb3) x29 0xc38bf000
core   0: 0x80007270 (0x00000001) c.nop
core   0: 3 0x80007270 (0x0001)
core   0: 0x80007272 (0x000085c5) c.srai  a1, 17
core   0: 3 0x80007272 (0x85c5) x11 0xffffe1c5
core   0: 0x80007274 (0x00008269) c.srli  a2, 26
core   0: 3 0x80007274 (0x8269) x12 0x00000000
core   0: 0x80007276 (0x6bb58f13) addi    t5, a1, 1723
core   0: 3 0x80007276 (0x6bb58f13) x30 0xffffe880
core   0: 0x8000727a (0x00000c11) c.addi  s8, 4
core   0: 3 0x8000727a (0x0c11) x24 0x00000004
core   0: 0x8000727c (0xa7954913) xori    s2, a0, -1415
core   0: 3 0x8000727c (0xa7954913) x18 0x8000fbe5
core   0: 0x80007280 (0x030305b3) mul     a1, t1, a6
core   0: 3 0x80007280 (0x030305b3) x11 0x00000000
core   0: 0x80007284 (0x40b487b3) sub     a5, s1, a1
core   0: 3 0x80007284 (0x40b487b3) x15 0x00000000
core   0: 0x80007288 (0x00000362) c.slli  t1, 24
core   0: 3 0x80007288 (0x0362) x 6 0x00000000
core   0: 0x8000728a (0x031c6b33) rem     s6, s8, a7
core   0: 3 0x8000728a (0x031c6b33) x22 0x00000004
core   0: 0x8000728e (0x00000001) c.nop
core   0: 3 0x8000728e (0x0001)
core   0: 0x80007290 (0x00008a99) c.andi  a3, 6
core   0: 3 0x80007290 (0x8a99) x13 0x00000000
core   0: 0x80007292 (0x00008656) c.mv    a2, s5
core   0: 3 0x80007292 (0x8656) x12 0xffffffdb
core   0: 0x80007294 (0x02ba2433) mulhsu  s0, s4, a1
core   0: 3 0x80007294 (0x02ba2433) x 8 0x00000000
core   0: 0x80007298 (0x00008c86) c.mv    s9, ra
core   0: 3 0x80007298 (0x8c86) x25 0x00000000
core   0: 0x8000729a (0x02544333) div     t1, s0, t0
core   0: 3 0x8000729a (0x02544333) x 6 0x00000000
core   0: 0x8000729e (0x6def4097) auipc   ra, 0x6def4
core   0: 3 0x8000729e (0x6def4097) x 1 0xedefb29e
core   0: 0x800072a2 (0x39b4ef97) auipc   t6, 0x39b4e
core   0: 3 0x800072a2 (0x39b4ef97) x31 0xb9b552a2
core   0: 0x800072a6 (0x0000963a) c.add   a2, a4
core   0: 3 0x800072a6 (0x963a) x12 0x8000fe3f
core   0: 0x800072a8 (0x018c6b33) or      s6, s8, s8
core   0: 3 0x800072a8 (0x018c6b33) x22 0x00000004
core   0: 0x800072ac (0x3f407593) andi    a1, zero, 1012
core   0: 3 0x800072ac (0x3f407593) x11 0x00000000
core   0: 0x800072b0 (0xd1377cb7) lui     s9, 0xd1377
core   0: 3 0x800072b0 (0xd1377cb7) x25 0xd1377000
core   0: 0x800072b4 (0x610e3d13) sltiu   s10, t3, 1552
core   0: 3 0x800072b4 (0x610e3d13) x26 0x00000001
core   0: 0x800072b8 (0x000062b1) c.lui   t0, 0xc
core   0: 3 0x800072b8 (0x62b1) x 5 0x0000c000
core   0: 0x800072ba (0x03d81833) mulh    a6, a6, t4
core   0: 3 0x800072ba (0x03d81833) x16 0x00000000
core   0: 0x800072be (0xcbc93593) sltiu   a1, s2, -836
core   0: 3 0x800072be (0xcbc93593) x11 0x00000001
core   0: 0x800072c2 (0x02b14d33) div     s10, sp, a1
core   0: 3 0x800072c2 (0x02b14d33) x26 0x80013ce4
core   0: 0x800072c6 (0x014e94b3) sll     s1, t4, s4
core   0: 3 0x800072c6 (0x014e94b3) x 9 0x8717e000
core   0: 0x800072ca (0x411482b3) sub     t0, s1, a7
core   0: 3 0x800072ca (0x411482b3) x 5 0x8717e000
core   0: 0x800072ce (0x00008269) c.srli  a2, 26
core   0: 3 0x800072ce (0x8269) x12 0x00000020
core   0: 0x800072d0 (0x00004e89) c.li    t4, 2
core   0: 3 0x800072d0 (0x4e89) x29 0x00000002
core   0: 0x800072d2 (0x0e828c97) auipc   s9, 0xe828
core   0: 3 0x800072d2 (0x0e828c97) x25 0x8e82f2d2
core   0: 0x800072d6 (0x87693593) sltiu   a1, s2, -1930
core   0: 3 0x800072d6 (0x87693593) x11 0x00000001
core   0: 0x800072da (0x5c0f5a17) auipc   s4, 0x5c0f5
core   0: 3 0x800072da (0x5c0f5a17) x20 0xdc0fc2da
core   0: 0x800072de (0x00009a7d) c.andi  a2, -1
core   0: 3 0x800072de (0x9a7d) x12 0x00000020
core   0: 0x800072e0 (0x009f41b3) xor     gp, t5, s1
core   0: 3 0x800072e0 (0x009f41b3) x 3 0x78e80880
core   0: 0x800072e4 (0x00006f35) c.lui   t5, 0xd
core   0: 3 0x800072e4 (0x6f35) x30 0x0000d000
core   0: 0x800072e6 (0x000061cd) c.lui   gp, 0x13
core   0: 3 0x800072e6 (0x61cd) x 3 0x00013000
core   0: 0x800072e8 (0x001a49b3) xor     s3, s4, ra
core   0: 3 0x800072e8 (0x001a49b3) x19 0x31e07044
core   0: 0x800072ec (0x402b5493) srai    s1, s6, 2
core   0: 3 0x800072ec (0x402b5493) x 9 0x00000001
core   0: 0x800072f0 (0x019a6cb3) or      s9, s4, s9
core   0: 3 0x800072f0 (0x019a6cb3) x25 0xde8ff2da
core   0: 0x800072f4 (0x00771bb3) sll     s7, a4, t2
core   0: 3 0x800072f4 (0x00771bb3) x23 0x00000000
core   0: 0x800072f8 (0x00a5c1b3) xor     gp, a1, a0
core   0: 3 0x800072f8 (0x00a5c1b3) x 3 0x7fff019d
core   0: 0x800072fc (0x021b15b3) mulh    a1, s6, ra
core   0: 3 0x800072fc (0x021b15b3) x11 0xffffffff
core   0: 0x80007300 (0x41f454b3) sra     s1, s0, t6
core   0: 3 0x80007300 (0x41f454b3) x 9 0x00000000
core   0: 0x80007304 (0x38e633b7) lui     t2, 0x38e63
core   0: 3 0x80007304 (0x38e633b7) x 7 0x38e63000
core   0: 0x80007308 (0xb30e1997) auipc   s3, 0xb30e1
core   0: 3 0x80007308 (0xb30e1997) x19 0x330e8308
core   0: 0x8000730c (0x23f350b7) lui     ra, 0x23f35
core   0: 3 0x8000730c (0x23f350b7) x 1 0x23f35000
core   0: 0x80007310 (0x00e45e93) srli    t4, s0, 14
core   0: 3 0x80007310 (0x00e45e93) x29 0x00000000
core   0: 0x80007314 (0x01b28fb3) add     t6, t0, s11
core   0: 3 0x80007314 (0x01b28fb3) x31 0x0717e000
core   0: 0x80007318 (0x00000001) c.nop
core   0: 3 0x80007318 (0x0001)
core   0: 0x8000731a (0x037a0ab3) mul     s5, s4, s7
core   0: 3 0x8000731a (0x037a0ab3) x21 0x00000000
core   0: 0x8000731e (0x005e9333) sll     t1, t4, t0
core   0: 3 0x8000731e (0x005e9333) x 6 0x00000000
core   0: 0x80007322 (0x01df9c33) sll     s8, t6, t4
core   0: 3 0x80007322 (0x01df9c33) x24 0x0717e000
core   0: 0x80007326 (0x40555a93) srai    s5, a0, 5
core   0: 3 0x80007326 (0x40555a93) x21 0x03fff80c
core   0: 0x8000732a (0x00bc5293) srli    t0, s8, 11
core   0: 3 0x8000732a (0x00bc5293) x 5 0x0000e2fc
core   0: 0x8000732e (0xf19e3a13) sltiu   s4, t3, -231
core   0: 3 0x8000732e (0xf19e3a13) x20 0x00000001
core   0: 0x80007332 (0x00000001) c.nop
core   0: 3 0x80007332 (0x0001)
core   0: 0x80007334 (0x00008cdd) c.or    s1, a5
core   0: 3 0x80007334 (0x8cdd) x 9 0x00000000
core   0: 0x80007336 (0x402bd6b3) sra     a3, s7, sp
core   0: 3 0x80007336 (0x402bd6b3) x13 0x00000000
core   0: 0x8000733a (0x8a723a13) sltiu   s4, tp, -1881
core   0: 3 0x8000733a (0x8a723a13) x20 0x00000000
core   0: 0x8000733e (0x0000597d) c.li    s2, -1
core   0: 3 0x8000733e (0x597d) x18 0xffffffff
core   0: 0x80007340 (0xc3f77493) andi    s1, a4, -961
core   0: 3 0x80007340 (0xc3f77493) x 9 0x8000fc24
core   0: 0x80007344 (0x024db9b3) mulhu   s3, s11, tp
core   0: 3 0x80007344 (0x024db9b3) x19 0x7fffffed
core   0: 0x80007348 (0x00008f95) c.sub   a5, a3
core   0: 3 0x80007348 (0x8f95) x15 0x00000000
core   0: 0x8000734a (0x01dd85b3) add     a1, s11, t4
core   0: 3 0x8000734a (0x01dd85b3) x11 0x80000000
core   0: 0x8000734e (0x00008931) c.andi  a0, 12
core   0: 3 0x8000734e (0x8931) x10 0x0000000c
core   0: 0x80007350 (0x00008d46) c.mv    s10, a7
core   0: 3 0x80007350 (0x8d46) x26 0x00000000
core   0: 0x80007352 (0x02abc6b3) div     a3, s7, a0
core   0: 3 0x80007352 (0x02abc6b3) x13 0x00000000
core   0: 0x80007356 (0x40ded093) srai    ra, t4, 13
core   0: 3 0x80007356 (0x40ded093) x 1 0x00000000
core   0: 0x8000735a (0x000084f1) c.srai  s1, 28
core   0: 3 0x8000735a (0x84f1) x 9 0xfffffff8
core   0: 0x8000735c (0x022dcb33) div     s6, s11, sp
core   0: 3 0x8000735c (0x022dcb33) x22 0x00000001
core   0: 0x80007360 (0x95421337) lui     t1, 0x95421
core   0: 3 0x80007360 (0x95421337) x 6 0x95421000
core   0: 0x80007364 (0x021922b3) mulhsu  t0, s2, ra
core   0: 3 0x80007364 (0x021922b3) x 5 0x00000000
core   0: 0x80007368 (0x02ea72b3) remu    t0, s4, a4
core   0: 3 0x80007368 (0x02ea72b3) x 5 0x00000000
core   0: 0x8000736c (0x00008221) c.srli  a2, 8
core   0: 3 0x8000736c (0x8221) x12 0x00000000
core   0: 0x8000736e (0x00008ea5) c.xor   a3, s1
core   0: 3 0x8000736e (0x8ea5) x13 0xfffffff8
core   0: 0x80007370 (0x00001f7d) c.addi  t5, -1
core   0: 3 0x80007370 (0x1f7d) x30 0x0000cfff
core   0: 0x80007372 (0x00d6f7b3) and     a5, a3, a3
core   0: 3 0x80007372 (0x00d6f7b3) x15 0xfffffff8
core   0: 0x80007376 (0x00008d29) c.xor   a0, a0
core   0: 3 0x80007376 (0x8d29) x10 0x00000000
core   0: 0x80007378 (0x03606333) rem     t1, zero, s6
core   0: 3 0x80007378 (0x03606333) x 6 0x00000000
core   0: 0x8000737c (0x03176033) rem     zero, a4, a7
core   0: 3 0x8000737c (0x03176033)
core   0: 0x80007380 (0x00000c4a) c.slli  s8, 18
core   0: 3 0x80007380 (0x0c4a) x24 0x80000000
core   0: 0x80007382 (0x28190a13) addi    s4, s2, 641
core   0: 3 0x80007382 (0x28190a13) x20 0x00000280
core   0: 0x80007386 (0xae3b6a17) auipc   s4, 0xae3b6
core   0: 3 0x80007386 (0xae3b6a17) x20 0x2e3bd386
core   0: 0x8000738a (0x00000001) c.nop
core   0: 3 0x8000738a (0x0001)
core   0: 0x8000738c (0x01b38433) add     s0, t2, s11
core   0: 3 0x8000738c (0x01b38433) x 8 0xb8e63000
core   0: 0x80007390 (0x000089bd) c.andi  a1, 15
core   0: 3 0x80007390 (0x89bd) x11 0x00000000
core   0: 0x80007392 (0x02fdf1b3) remu    gp, s11, a5
core   0: 3 0x80007392 (0x02fdf1b3) x 3 0x80000000
core   0: 0x80007396 (0x006148b3) xor     a7, sp, t1
core   0: 3 0x80007396 (0x006148b3) x17 0x80013ce4
core   0: 0x8000739a (0x88beff93) andi    t6, t4, -1909
core   0: 3 0x8000739a (0x88beff93) x31 0x00000000
core   0: 0x8000739e (0x00000001) c.nop
core   0: 3 0x8000739e (0x0001)
core   0: 0x800073a0 (0x00008e05) c.sub   a2, s1
core   0: 3 0x800073a0 (0x8e05) x12 0x00000008
core   0: 0x800073a2 (0x02b87333) remu    t1, a6, a1
core   0: 3 0x800073a2 (0x02b87333) x 6 0x00000000
core   0: 0x800073a6 (0x000083c5) c.srli  a5, 17
core   0: 3 0x800073a6 (0x83c5) x15 0x00007fff
core   0: 0x800073a8 (0x00008ae6) c.mv    s5, s9
core   0: 3 0x800073a8 (0x8ae6) x21 0xde8ff2da
core   0: 0x800073aa (0x0280b6b3) mulhu   a3, ra, s0
core   0: 3 0x800073aa (0x0280b6b3) x13 0x00000000
core   0: 0x800073ae (0x000019fd) c.addi  s3, -1
core   0: 3 0x800073ae (0x19fd) x19 0x7fffffec
core   0: 0x800073b0 (0x00008efd) c.and   a3, a5
core   0: 3 0x800073b0 (0x8efd) x13 0x00000000
core   0: 0x800073b2 (0x01d60c33) add     s8, a2, t4
core   0: 3 0x800073b2 (0x01d60c33) x24 0x00000008
core   0: 0x800073b6 (0x012dd6b3) srl     a3, s11, s2
core   0: 3 0x800073b6 (0x012dd6b3) x13 0x00000001
core   0: 0x800073ba (0x4071d313) srai    t1, gp, 7
core   0: 3 0x800073ba (0x4071d313) x 6 0xff000000
core   0: 0x800073be (0x00008ce6) c.mv    s9, s9
core   0: 3 0x800073be (0x8ce6) x25 0xde8ff2da
core   0: 0x800073c0 (0x03eb14b3) mulh    s1, s6, t5
core   0: 3 0x800073c0 (0x03eb14b3) x 9 0x00000000
core   0: 0x800073c4 (0x03ec5bb3) divu    s7, s8, t5
core   0: 3 0x800073c4 (0x03ec5bb3) x23 0x00000000
core   0: 0x800073c8 (0x0001dcb3) srl     s9, gp, zero
core   0: 3 0x800073c8 (0x0001dcb3) x25 0x80000000
core   0: 0x800073cc (0x001d6fb3) or      t6, s10, ra
core   0: 3 0x800073cc (0x001d6fb3) x31 0x00000000
core   0: 0x800073d0 (0x000094e6) c.add   s1, s9
core   0: 3 0x800073d0 (0x94e6) x 9 0x80000000
core   0: 0x800073d2 (0x01cc6f33) or      t5, s8, t3
core   0: 3 0x800073d2 (0x01cc6f33) x30 0x000003cd
core   0: 0x800073d6 (0x012a9193) slli    gp, s5, 18
core   0: 3 0x800073d6 (0x012a9193) x 3 0xcb680000
core   0: 0x800073da (0x01ae6b33) or      s6, t3, s10
core   0: 3 0x800073da (0x01ae6b33) x22 0x000003cd
core   0: 0x800073de (0x01552fb3) slt     t6, a0, s5
core   0: 3 0x800073de (0x01552fb3) x31 0x00000000
core   0: 0x800073e2 (0x03c5be33) mulhu   t3, a1, t3
core   0: 3 0x800073e2 (0x03c5be33) x28 0x00000000
core   0: 0x800073e6 (0x0000024e) c.slli  tp, 19
core   0: 3 0x800073e6 (0x024e) x 4 0xfed80000
core   0: 0x800073e8 (0x021dd933) divu    s2, s11, ra
core   0: 3 0x800073e8 (0x021dd933) x18 0xffffffff
core   0: 0x800073ec (0x40b08233) sub     tp, ra, a1
core   0: 3 0x800073ec (0x40b08233) x 4 0x00000000
core   0: 0x800073f0 (0x00000001) c.nop
core   0: 3 0x800073f0 (0x0001)
core   0: 0x800073f2 (0x638e7613) andi    a2, t3, 1592
core   0: 3 0x800073f2 (0x638e7613) x12 0x00000000
core   0: 0x800073f6 (0x59e0b3b7) lui     t2, 0x59e0b
core   0: 3 0x800073f6 (0x59e0b3b7) x 7 0x59e0b000
core   0: 0x800073fa (0x00001d7d) c.addi  s10, -1
core   0: 3 0x800073fa (0x1d7d) x26 0xffffffff
core   0: 0x800073fc (0x01dd8c33) add     s8, s11, t4
core   0: 3 0x800073fc (0x01dd8c33) x24 0x80000000
core   0: 0x80007400 (0xc174c013) xori    zero, s1, -1001
core   0: 3 0x80007400 (0xc174c013)
core   0: 0x80007404 (0x00cd9093) slli    ra, s11, 12
core   0: 3 0x80007404 (0x00cd9093) x 1 0x00000000
core   0: 0x80007408 (0x006dd333) srl     t1, s11, t1
core   0: 3 0x80007408 (0x006dd333) x 6 0x80000000
core   0: 0x8000740c (0x00000bfa) c.slli  s7, 30
core   0: 3 0x8000740c (0x0bfa) x23 0x00000000
core   0: 0x8000740e (0x03f4a7b3) mulhsu  a5, s1, t6
core   0: 3 0x8000740e (0x03f4a7b3) x15 0x00000000
core   0: 0x80007412 (0x5e6bef93) ori     t6, s7, 1510
core   0: 3 0x80007412 (0x5e6bef93) x31 0x000005e6
core   0: 0x80007416 (0x024fcab3) div     s5, t6, tp
core   0: 3 0x80007416 (0x024fcab3) x21 0xffffffff
core   0: 0x8000741a (0x0000036a) c.slli  t1, 26
core   0: 3 0x8000741a (0x036a) x 6 0x00000000
core   0: 0x8000741c (0x033660b3) rem     ra, a2, s3
core   0: 3 0x8000741c (0x033660b3) x 1 0x00000000
core   0: 0x80007420 (0x00008799) c.srai  a5, 6
core   0: 3 0x80007420 (0x8799) x15 0x00000000
core   0: 0x80007422 (0x037098b3) mulh    a7, ra, s7
core   0: 3 0x80007422 (0x037098b3) x17 0x00000000
core   0: 0x80007426 (0x01029913) slli    s2, t0, 16
core   0: 3 0x80007426 (0x01029913) x18 0x00000000
core   0: 0x8000742a (0x00004a79) c.li    s4, 30
core   0: 3 0x8000742a (0x4a79) x20 0x0000001e
core   0: 0x8000742c (0x00008496) c.mv    s1, t0
core   0: 3 0x8000742c (0x8496) x 9 0x00000000
core   0: 0x8000742e (0x03921033) mulh    zero, tp, s9
core   0: 3 0x8000742e (0x03921033)
core   0: 0x80007432 (0x00008cd5) c.or    s1, a3
core   0: 3 0x80007432 (0x8cd5) x 9 0x00000001
core   0: 0x80007434 (0x00008eb1) c.xor   a3, a2
core   0: 3 0x80007434 (0x8eb1) x13 0x00000001
core   0: 0x80007436 (0x02c2dc33) divu    s8, t0, a2
core   0: 3 0x80007436 (0x02c2dc33) x24 0xffffffff
core   0: 0x8000743a (0x0266deb3) divu    t4, a3, t1
core   0: 3 0x8000743a (0x0266deb3) x29 0xffffffff
core   0: 0x8000743e (0x02080bb3) mul     s7, a6, zero
core   0: 3 0x8000743e (0x02080bb3) x23 0x00000000
core   0: 0x80007442 (0x2b567f17) auipc   t5, 0x2b567
core   0: 3 0x80007442 (0x2b567f17) x30 0xab56e442
core   0: 0x80007446 (0x00006d69) c.lui   s10, 0x1a
core   0: 3 0x80007446 (0x6d69) x26 0x0001a000
core   0: 0x80007448 (0x022cb2b3) mulhu   t0, s9, sp
core   0: 3 0x80007448 (0x022cb2b3) x 5 0x40009e72
core   0: 0x8000744c (0x45bc8193) addi    gp, s9, 1115
core   0: 3 0x8000744c (0x45bc8193) x 3 0x8000045b
core   0: 0x80007450 (0x0244a2b3) mulhsu  t0, s1, tp
core   0: 3 0x80007450 (0x0244a2b3) x 5 0x00000000
core   0: 0x80007454 (0x007fb233) sltu    tp, t6, t2
core   0: 3 0x80007454 (0x007fb233) x 4 0x00000001
core   0: 0x80007458 (0x036ddf33) divu    t5, s11, s6
core   0: 3 0x80007458 (0x036ddf33) x30 0x0021ad62
core   0: 0x8000745c (0x000064e9) c.lui   s1, 0x1a
core   0: 3 0x8000745c (0x64e9) x 9 0x0001a000
core   0: 0x8000745e (0x00d01e93) slli    t4, zero, 13
core   0: 3 0x8000745e (0x00d01e93) x29 0x00000000
core   0: 0x80007462 (0x00f301b3) add     gp, t1, a5
core   0: 3 0x80007462 (0x00f301b3) x 3 0x00000000
core   0: 0x80007466 (0x023b8fb3) mul     t6, s7, gp
core   0: 3 0x80007466 (0x023b8fb3) x31 0x00000000
core   0: 0x8000746a (0x02f969b3) rem     s3, s2, a5
core   0: 3 0x8000746a (0x02f969b3) x19 0x00000000
core   0: 0x8000746e (0x007765b3) or      a1, a4, t2
core   0: 3 0x8000746e (0x007765b3) x11 0xd9e0fe64
core   0: 0x80007472 (0x000716b3) sll     a3, a4, zero
core   0: 3 0x80007472 (0x000716b3) x13 0x8000fe64
core   0: 0x80007476 (0x00a6d533) srl     a0, a3, a0
core   0: 3 0x80007476 (0x00a6d533) x10 0x8000fe64
core   0: 0x8000747a (0x4593f793) andi    a5, t2, 1113
core   0: 3 0x8000747a (0x4593f793) x15 0x00000000
core   0: 0x8000747e (0x567b2213) slti    tp, s6, 1383
core   0: 3 0x8000747e (0x567b2213) x 4 0x00000001
core   0: 0x80007482 (0x028eaa33) mulhsu  s4, t4, s0
core   0: 3 0x80007482 (0x028eaa33) x20 0x00000000
core   0: 0x80007486 (0x02839c33) mulh    s8, t2, s0
core   0: 3 0x80007486 (0x02839c33) x24 0xe7099f38
core   0: 0x8000748a (0x000041e9) c.li    gp, 26
core   0: 3 0x8000748a (0x41e9) x 3 0x0000001a
core   0: 0x8000748c (0x01ffe5b3) or      a1, t6, t6
core   0: 3 0x8000748c (0x01ffe5b3) x11 0x00000000
core   0: 0x80007490 (0x0396c033) div     zero, a3, s9
core   0: 3 0x80007490 (0x0396c033)
core   0: 0x80007494 (0x00000362) c.slli  t1, 24
core   0: 3 0x80007494 (0x0362) x 6 0x00000000
core   0: 0x80007496 (0x0073dc93) srli    s9, t2, 7
core   0: 3 0x80007496 (0x0073dc93) x25 0x00b3c160
core   0: 0x8000749a (0x03adbeb3) mulhu   t4, s11, s10
core   0: 3 0x8000749a (0x03adbeb3) x29 0x0000d000
core   0: 0x8000749e (0x00008955) c.andi  a0, 21
core   0: 3 0x8000749e (0x8955) x10 0x00000004
core   0: 0x800074a0 (0x00008d85) c.sub   a1, s1
core   0: 3 0x800074a0 (0x8d85) x11 0xfffe6000
core   0: 0x800074a2 (0x00008492) c.mv    s1, tp
core   0: 3 0x800074a2 (0x8492) x 9 0x00000001
core   0: 0x800074a4 (0x02a81333) mulh    t1, a6, a0
core   0: 3 0x800074a4 (0x02a81333) x 6 0x00000000
core   0: 0x800074a8 (0x000065d5) c.lui   a1, 0x15
core   0: 3 0x800074a8 (0x65d5) x11 0x00015000
core   0: 0x800074aa (0x000087f5) c.srai  a5, 29
core   0: 3 0x800074aa (0x87f5) x15 0x00000000
core   0: 0x800074ac (0x02649633) mulh    a2, s1, t1
core   0: 3 0x800074ac (0x02649633) x12 0x00000000
core   0: 0x800074b0 (0x003e3a33) sltu    s4, t3, gp
core   0: 3 0x800074b0 (0x003e3a33) x20 0x00000001
core   0: 0x800074b4 (0xf4ee0237) lui     tp, 0xf4ee0
core   0: 3 0x800074b4 (0xf4ee0237) x 4 0xf4ee0000
core   0: 0x800074b8 (0x00009a7d) c.andi  a2, -1
core   0: 3 0x800074b8 (0x9a7d) x12 0x00000000
core   0: 0x800074ba (0x000084f5) c.srai  s1, 29
core   0: 3 0x800074ba (0x84f5) x 9 0x00000000
core   0: 0x800074bc (0x02f708b3) mul     a7, a4, a5
core   0: 3 0x800074bc (0x02f708b3) x17 0x00000000
core   0: 0x800074c0 (0x00008ec9) c.or    a3, a0
core   0: 3 0x800074c0 (0x8ec9) x13 0x8000fe64
core   0: 0x800074c2 (0x00000001) c.nop
core   0: 3 0x800074c2 (0x0001)
core   0: 0x800074c4 (0x1549c993) xori    s3, s3, 340
core   0: 3 0x800074c4 (0x1549c993) x19 0x00000154
core   0: 0x800074c8 (0x000433b3) sltu    t2, s0, zero
core   0: 3 0x800074c8 (0x000433b3) x 7 0x00000000
core   0: 0x800074cc (0x0212eab3) rem     s5, t0, ra
core   0: 3 0x800074cc (0x0212eab3) x21 0x00000000
core   0: 0x800074d0 (0xcbe27d13) andi    s10, tp, -834
core   0: 3 0x800074d0 (0xcbe27d13) x26 0xf4ee0000
core   0: 0x800074d4 (0x4ac6cc93) xori    s9, a3, 1196
core   0: 3 0x800074d4 (0x4ac6cc93) x25 0x8000fac8
core   0: 0x800074d8 (0x00e0d193) srli    gp, ra, 14
core   0: 3 0x800074d8 (0x00e0d193) x 3 0x00000000
core   0: 0x800074dc (0x01707533) and     a0, zero, s7
core   0: 3 0x800074dc (0x01707533) x10 0x00000000
core   0: 0x800074e0 (0x00008d35) c.xor   a0, a3
core   0: 3 0x800074e0 (0x8d35) x10 0x8000fe64
core   0: 0x800074e2 (0x00b78f33) add     t5, a5, a1
core   0: 3 0x800074e2 (0x00b78f33) x30 0x00015000
core   0: 0x800074e6 (0x01c6e5b3) or      a1, a3, t3
core   0: 3 0x800074e6 (0x01c6e5b3) x11 0x8000fe64
core   0: 0x800074ea (0x027c51b3) divu    gp, s8, t2
core   0: 3 0x800074ea (0x027c51b3) x 3 0xffffffff
core   0: 0x800074ee (0x0034fcb3) and     s9, s1, gp
core   0: 3 0x800074ee (0x0034fcb3) x25 0x00000000
core   0: 0x800074f2 (0x018107b3) add     a5, sp, s8
core   0: 3 0x800074f2 (0x018107b3) x15 0x670adc1c
core   0: 0x800074f6 (0x0288eab3) rem     s5, a7, s0
core   0: 3 0x800074f6 (0x0288eab3) x21 0x00000000
core   0: 0x800074fa (0x00008eb1) c.xor   a3, a2
core   0: 3 0x800074fa (0x8eb1) x13 0x8000fe64
core   0: 0x800074fc (0x00008285) c.srli  a3, 1
core   0: 3 0x800074fc (0x8285) x13 0x40007f32
core   0: 0x800074fe (0x003649b3) xor     s3, a2, gp
core   0: 3 0x800074fe (0x003649b3) x19 0xffffffff
core   0: 0x80007502 (0x41ded593) srai    a1, t4, 29
core   0: 3 0x80007502 (0x41ded593) x11 0x00000000
core   0: 0x80007506 (0x00008ed1) c.or    a3, a2
core   0: 3 0x80007506 (0x8ed1) x13 0x40007f32
core   0: 0x80007508 (0x00008a7d) c.andi  a2, 31
core   0: 3 0x80007508 (0x8a7d) x12 0x00000000
core   0: 0x8000750a (0x019d7ab3) and     s5, s10, s9
core   0: 3 0x8000750a (0x019d7ab3) x21 0x00000000
core   0: 0x8000750e (0x02179b33) mulh    s6, a5, ra
core   0: 3 0x8000750e (0x02179b33) x22 0x00000000
core   0: 0x80007512 (0x00000001) c.nop
core   0: 3 0x80007512 (0x0001)
core   0: 0x80007514 (0x00008dd5) c.or    a1, a3
core   0: 3 0x80007514 (0x8dd5) x11 0x40007f32
core   0: 0x80007516 (0x0000846d) c.srai  s0, 27
core   0: 3 0x80007516 (0x846d) x 8 0xfffffff7
core   0: 0x80007518 (0x00009856) c.add   a6, s5
core   0: 3 0x80007518 (0x9856) x16 0x00000000
core   0: 0x8000751a (0xa6602513) slti    a0, zero, -1434
core   0: 3 0x8000751a (0xa6602513) x10 0x00000000
core   0: 0x8000751e (0x0336ee33) rem     t3, a3, s3
core   0: 3 0x8000751e (0x0336ee33) x28 0x00000000
core   0: 0x80007522 (0x00008bf9) c.andi  a5, 30
core   0: 3 0x80007522 (0x8bf9) x15 0x0000001c
core   0: 0x80007524 (0x02e9c2b3) div     t0, s3, a4
core   0: 3 0x80007524 (0x02e9c2b3) x 5 0x00000000
core   0: 0x80007528 (0x4002ac97) auipc   s9, 0x4002a
core   0: 3 0x80007528 (0x4002ac97) x25 0xc0031528
core   0: 0x8000752c (0x00554933) xor     s2, a0, t0
core   0: 3 0x8000752c (0x00554933) x18 0x00000000
core   0: 0x80007530 (0x5d18a613) slti    a2, a7, 1489
core   0: 3 0x80007530 (0x5d18a613) x12 0x00000001
core   0: 0x80007534 (0x00008ded) c.and   a1, a1
core   0: 3 0x80007534 (0x8ded) x11 0x40007f32
core   0: 0x80007536 (0x00008fd1) c.or    a5, a2
core   0: 3 0x80007536 (0x8fd1) x15 0x0000001d
core   0: 0x80007538 (0x40bc5993) srai    s3, s8, 11
core   0: 3 0x80007538 (0x40bc5993) x19 0xfffce133
core   0: 0x8000753c (0x963a6c37) lui     s8, 0x963a6
core   0: 3 0x8000753c (0x963a6c37) x24 0x963a6000
core   0: 0x80007540 (0xe9540893) addi    a7, s0, -363
core   0: 3 0x80007540 (0xe9540893) x17 0xfffffe8c
core   0: 0x80007544 (0x02c4f2b3) remu    t0, s1, a2
core   0: 3 0x80007544 (0x02c4f2b3) x 5 0x00000000
core   0: 0x80007548 (0x018c9e93) slli    t4, s9, 24
core   0: 3 0x80007548 (0x018c9e93) x29 0x28000000
core   0: 0x8000754c (0x02b8f3b3) remu    t2, a7, a1
core   0: 3 0x8000754c (0x02b8f3b3) x 7 0x3ffe80f6
core   0: 0x80007550 (0x41ab5533) sra     a0, s6, s10
core   0: 3 0x80007550 (0x41ab5533) x10 0x00000000
core   0: 0x80007554 (0x2621a613) slti    a2, gp, 610
core   0: 3 0x80007554 (0x2621a613) x12 0x00000001
core   0: 0x80007558 (0x00008c0a) c.mv    s8, sp
core   0: 3 0x80007558 (0x8c0a) x24 0x80013ce4
core   0: 0x8000755a (0x03b9e8b3) rem     a7, s3, s11
core   0: 3 0x8000755a (0x03b9e8b3) x17 0xfffce133
core   0: 0x8000755e (0x02366533) rem     a0, a2, gp
core   0: 3 0x8000755e (0x02366533) x10 0x00000000
core   0: 0x80007562 (0x01285d33) srl     s10, a6, s2
core   0: 3 0x80007562 (0x01285d33) x26 0x00000000
core   0: 0x80007566 (0x01aa19b3) sll     s3, s4, s10
core   0: 3 0x80007566 (0x01aa19b3) x19 0x00000001
core   0: 0x8000756a (0x4022df13) srai    t5, t0, 2
core   0: 3 0x8000756a (0x4022df13) x30 0x00000000
core   0: 0x8000756e (0x02dbd3b3) divu    t2, s7, a3
core   0: 3 0x8000756e (0x02dbd3b3) x 7 0x00000000
core   0: 0x80007572 (0x01627033) and     zero, tp, s6
core   0: 3 0x80007572 (0x01627033)
core   0: 0x80007576 (0x00db4333) xor     t1, s6, a3
core   0: 3 0x80007576 (0x00db4333) x 6 0x40007f32
core   0: 0x8000757a (0x03c2d333) divu    t1, t0, t3
core   0: 3 0x8000757a (0x03c2d333) x 6 0xffffffff
core   0: 0x8000757e (0x000064ad) c.lui   s1, 0xb
core   0: 3 0x8000757e (0x64ad) x 9 0x0000b000
core   0: 0x80007580 (0x40995f13) srai    t5, s2, 9
core   0: 3 0x80007580 (0x40995f13) x30 0x00000000
core   0: 0x80007584 (0x01dfbe33) sltu    t3, t6, t4
core   0: 3 0x80007584 (0x01dfbe33) x28 0x00000001
core   0: 0x80007588 (0x0377ffb3) remu    t6, a5, s7
core   0: 3 0x80007588 (0x0377ffb3) x31 0x0000001d
core   0: 0x8000758c (0xdf17f313) andi    t1, a5, -527
core   0: 3 0x8000758c (0xdf17f313) x 6 0x00000011
core   0: 0x80007590 (0x027c25b3) mulhsu  a1, s8, t2
core   0: 3 0x80007590 (0x027c25b3) x11 0x00000000
core   0: 0x80007594 (0x02303cb3) mulhu   s9, zero, gp
core   0: 3 0x80007594 (0x02303cb3) x25 0x00000000
core   0: 0x80007598 (0x00000001) c.nop
core   0: 3 0x80007598 (0x0001)
core   0: 0x8000759a (0x00008f91) c.sub   a5, a2
core   0: 3 0x8000759a (0x8f91) x15 0x0000001c
core   0: 0x8000759c (0x2f7c8397) auipc   t2, 0x2f7c8
core   0: 3 0x8000759c (0x2f7c8397) x 7 0xaf7cf59c
core   0: 0x800075a0 (0x000091f2) c.add   gp, t3
core   0: 3 0x800075a0 (0x91f2) x 3 0x00000000
core   0: 0x800075a2 (0x10cfb693) sltiu   a3, t6, 268
core   0: 3 0x800075a2 (0x10cfb693) x13 0x00000001
core   0: 0x800075a6 (0x00008521) c.srai  a0, 8
core   0: 3 0x800075a6 (0x8521) x10 0x00000000
core   0: 0x800075a8 (0x00b57433) and     s0, a0, a1
core   0: 3 0x800075a8 (0x00b57433) x 8 0x00000000
core   0: 0x800075ac (0x0b94e817) auipc   a6, 0xb94e
core   0: 3 0x800075ac (0x0b94e817) x16 0x8b9555ac
core   0: 0x800075b0 (0x19f12193) slti    gp, sp, 415
core   0: 3 0x800075b0 (0x19f12193) x 3 0x00000001
core   0: 0x800075b4 (0x03dc9c33) mulh    s8, s9, t4
core   0: 3 0x800075b4 (0x03dc9c33) x24 0x00000000
core   0: 0x800075b8 (0x85eac193) xori    gp, s5, -1954
core   0: 3 0x800075b8 (0x85eac193) x 3 0xfffff85e
core   0: 0x800075bc (0x03bf00b3) mul     ra, t5, s11
core   0: 3 0x800075bc (0x03bf00b3) x 1 0x00000000
core   0: 0x800075c0 (0x00008961) c.andi  a0, 24
core   0: 3 0x800075c0 (0x8961) x10 0x00000000
core   0: 0x800075c2 (0x00008d4d) c.or    a0, a1
core   0: 3 0x800075c2 (0x8d4d) x10 0x00000000
core   0: 0x800075c4 (0x000080a2) c.mv    ra, s0
core   0: 3 0x800075c4 (0x80a2) x 1 0x00000000
core   0: 0x800075c6 (0x00008d29) c.xor   a0, a0
core   0: 3 0x800075c6 (0x8d29) x10 0x00000000
core   0: 0x800075c8 (0x40ecdc13) srai    s8, s9, 14
core   0: 3 0x800075c8 (0x40ecdc13) x24 0x00000000
core   0: 0x800075cc (0x00000001) c.nop
core   0: 3 0x800075cc (0x0001)
core   0: 0x800075ce (0x0142fd33) and     s10, t0, s4
core   0: 3 0x800075ce (0x0142fd33) x26 0x00000000
core   0: 0x800075d2 (0x0067d593) srli    a1, a5, 6
core   0: 3 0x800075d2 (0x0067d593) x11 0x00000000
core   0: 0x800075d6 (0x82622213) slti    tp, tp, -2010
core   0: 3 0x800075d6 (0x82622213) x 4 0x00000001
core   0: 0x800075da (0x02da3333) mulhu   t1, s4, a3
core   0: 3 0x800075da (0x02da3333) x 6 0x00000000
core   0: 0x800075de (0x0007de13) srli    t3, a5, 0
core   0: 3 0x800075de (0x0007de13) x28 0x0000001c
core   0: 0x800075e2 (0x0000987d) c.andi  s0, -1
core   0: 3 0x800075e2 (0x987d) x 8 0x00000000
core   0: 0x800075e4 (0x00008ee9) c.and   a3, a0
core   0: 3 0x800075e4 (0x8ee9) x13 0x00000000
core   0: 0x800075e6 (0x00000001) c.nop
core   0: 3 0x800075e6 (0x0001)
core   0: 0x800075e8 (0x00008511) c.srai  a0, 4
core   0: 3 0x800075e8 (0x8511) x10 0x00000000
core   0: 0x800075ea (0x0049dbb3) srl     s7, s3, tp
core   0: 3 0x800075ea (0x0049dbb3) x23 0x00000000
core   0: 0x800075ee (0x00006999) c.lui   s3, 0x6
core   0: 3 0x800075ee (0x6999) x19 0x00006000
core   0: 0x800075f0 (0xbbc57193) andi    gp, a0, -1092
core   0: 3 0x800075f0 (0xbbc57193) x 3 0x00000000
core   0: 0x800075f4 (0x9109ad13) slti    s10, s3, -1776
core   0: 3 0x800075f4 (0x9109ad13) x26 0x00000000
core   0: 0x800075f8 (0x16768813) addi    a6, a3, 359
core   0: 3 0x800075f8 (0x16768813) x16 0x00000167
core   0: 0x800075fc (0xb5005fb7) lui     t6, 0xb5005
core   0: 3 0x800075fc (0xb5005fb7) x31 0xb5005000
core   0: 0x80007600 (0x26dab193) sltiu   gp, s5, 621
core   0: 3 0x80007600 (0x26dab193) x 3 0x00000001
core   0: 0x80007604 (0x00006949) c.lui   s2, 0x12
core   0: 3 0x80007604 (0x6949) x18 0x00012000
core   0: 0x80007606 (0x0000813d) c.srli  a0, 15
core   0: 3 0x80007606 (0x813d) x10 0x00000000
core   0: 0x80007608 (0x00b35993) srli    s3, t1, 11
core   0: 3 0x80007608 (0x00b35993) x19 0x00000000
core   0: 0x8000760c (0x415c5013) srai    zero, s8, 21
core   0: 3 0x8000760c (0x415c5013)
core   0: 0x80007610 (0x40588933) sub     s2, a7, t0
core   0: 3 0x80007610 (0x40588933) x18 0xfffce133
core   0: 0x80007614 (0x01cafe33) and     t3, s5, t3
core   0: 3 0x80007614 (0x01cafe33) x28 0x00000000
core   0: 0x80007618 (0x005ed993) srli    s3, t4, 5
core   0: 3 0x80007618 (0x005ed993) x19 0x01400000
core   0: 0x8000761c (0xcaf4af13) slti    t5, s1, -849
core   0: 3 0x8000761c (0xcaf4af13) x30 0x00000000
core   0: 0x80007620 (0xcaea6037) lui     zero, 0xcaea6
core   0: 3 0x80007620 (0xcaea6037)
core   0: 0x80007624 (0x00000001) c.nop
core   0: 3 0x80007624 (0x0001)
core   0: 0x80007626 (0x410ed213) srai    tp, t4, 16
core   0: 3 0x80007626 (0x410ed213) x 4 0x00002800
core   0: 0x8000762a (0x0378f633) remu    a2, a7, s7
core   0: 3 0x8000762a (0x0378f633) x12 0xfffce133
core   0: 0x8000762e (0x0357bd33) mulhu   s10, a5, s5
core   0: 3 0x8000762e (0x0357bd33) x26 0x00000000
core   0: 0x80007632 (0xa5437437) lui     s0, 0xa5437
core   0: 3 0x80007632 (0xa5437437) x 8 0xa5437000
core   0: 0x80007636 (0x00009b3e) c.add   s6, a5
core   0: 3 0x80007636 (0x9b3e) x22 0x0000001c
core   0: 0x80007638 (0x00009a92) c.add   s5, tp
core   0: 3 0x80007638 (0x9a92) x21 0x00002800
core   0: 0x8000763a (0x00d60cb3) add     s9, a2, a3
core   0: 3 0x8000763a (0x00d60cb3) x25 0xfffce133
core   0: 0x8000763e (0x0000987d) c.andi  s0, -1
core   0: 3 0x8000763e (0x987d) x 8 0xa5437000
core   0: 0x80007640 (0x02552ab3) mulhsu  s5, a0, t0
core   0: 3 0x80007640 (0x02552ab3) x21 0x00000000
core   0: 0x80007644 (0x8ba78313) addi    t1, a5, -1862
core   0: 3 0x80007644 (0x8ba78313) x 6 0xfffff8d6
core   0: 0x80007648 (0x00000445) c.addi  s0, 17
core   0: 3 0x80007648 (0x0445) x 8 0xa5437011
core   0: 0x8000764a (0xd2f96193) ori     gp, s2, -721
core   0: 3 0x8000764a (0xd2f96193) x 3 0xfffffd3f
core   0: 0x8000764e (0x006750b3) srl     ra, a4, t1
core   0: 3 0x8000764e (0x006750b3) x 1 0x00000200
core   0: 0x80007652 (0x40e95e93) srai    t4, s2, 14
core   0: 3 0x80007652 (0x40e95e93) x29 0xfffffff3
core   0: 0x80007656 (0x034b3833) mulhu   a6, s6, s4
core   0: 3 0x80007656 (0x034b3833) x16 0x00000000
core   0: 0x8000765a (0x1b3a4593) xori    a1, s4, 435
core   0: 3 0x8000765a (0x1b3a4593) x11 0x000001b2
core   0: 0x8000765e (0x4bba6c93) ori     s9, s4, 1211
core   0: 3 0x8000765e (0x4bba6c93) x25 0x000004bb
core   0: 0x80007662 (0x00699893) slli    a7, s3, 6
core   0: 3 0x80007662 (0x00699893) x17 0x50000000
core   0: 0x80007666 (0x0334c533) div     a0, s1, s3
core   0: 3 0x80007666 (0x0334c533) x10 0x00000000
core   0: 0x8000766a (0x40428033) sub     zero, t0, tp
core   0: 3 0x8000766a (0x40428033)
core   0: 0x8000766e (0x3d61ff17) auipc   t5, 0x3d61f
core   0: 3 0x8000766e (0x3d61ff17) x30 0xbd62666e
core   0: 0x80007672 (0x02ee9533) mulh    a0, t4, a4
core   0: 3 0x80007672 (0x02ee9533) x10 0x00000006
core   0: 0x80007676 (0x02898a33) mul     s4, s3, s0
core   0: 3 0x80007676 (0x02898a33) x20 0x15400000
core   0: 0x8000767a (0x00008a36) c.mv    s4, a3
core   0: 3 0x8000767a (0x8a36) x20 0x00000000
core   0: 0x8000767c (0x038a1933) mulh    s2, s4, s8
core   0: 3 0x8000767c (0x038a1933) x18 0x00000000
core   0: 0x80007680 (0xc1c52c93) slti    s9, a0, -996
core   0: 3 0x80007680 (0xc1c52c93) x25 0x00000000
core   0: 0x80007684 (0x01e15a33) srl     s4, sp, t5
core   0: 3 0x80007684 (0x01e15a33) x20 0x00020004
core   0: 0x80007688 (0x012038b3) snez    a7, s2
core   0: 3 0x80007688 (0x012038b3) x17 0x00000000
core   0: 0x8000768c (0x0000899e) c.mv    s3, t2
core   0: 3 0x8000768c (0x899e) x19 0xaf7cf59c
core   0: 0x8000768e (0x60160093) addi    ra, a2, 1537
core   0: 3 0x8000768e (0x60160093) x 1 0xfffce734
core   0: 0x80007692 (0x000082e9) c.srli  a3, 26
core   0: 3 0x80007692 (0x82e9) x13 0x00000000
core   0: 0x80007694 (0x524b41b7) lui     gp, 0x524b4
core   0: 3 0x80007694 (0x524b41b7) x 3 0x524b4000
core   0: 0x80007698 (0x00008005) c.srli  s0, 1
core   0: 3 0x80007698 (0x8005) x 8 0x52a1b808
core   0: 0x8000769a (0x03289cb3) mulh    s9, a7, s2
core   0: 3 0x8000769a (0x03289cb3) x25 0x00000000
core   0: 0x8000769e (0x000089ce) c.mv    s3, s3
core   0: 3 0x8000769e (0x89ce) x19 0xaf7cf59c
core   0: 0x800076a0 (0x03fc1c33) mulh    s8, s8, t6
core   0: 3 0x800076a0 (0x03fc1c33) x24 0x00000000
core   0: 0x800076a4 (0x00000001) c.nop
core   0: 3 0x800076a4 (0x0001)
core   0: 0x800076a6 (0x01db2033) slt     zero, s6, t4
core   0: 3 0x800076a6 (0x01db2033)
core   0: 0x800076aa (0x02e66333) rem     t1, a2, a4
core   0: 3 0x800076aa (0x02e66333) x 6 0xfffce133
core   0: 0x800076ae (0x03857bb3) remu    s7, a0, s8
core   0: 3 0x800076ae (0x03857bb3) x23 0x00000006
core   0: 0x800076b2 (0x00000001) c.nop
core   0: 3 0x800076b2 (0x0001)
core   0: 0x800076b4 (0x0d140293) addi    t0, s0, 209
core   0: 3 0x800076b4 (0x0d140293) x 5 0x52a1b8d9
core   0: 0x800076b8 (0x00e91313) slli    t1, s2, 14
core   0: 3 0x800076b8 (0x00e91313) x 6 0x00000000
core   0: 0x800076bc (0x02b78933) mul     s2, a5, a1
core   0: 3 0x800076bc (0x02b78933) x18 0x00002f78
core   0: 0x800076c0 (0x03aa1533) mulh    a0, s4, s10
core   0: 3 0x800076c0 (0x03aa1533) x10 0x00000000
core   0: 0x800076c4 (0x00008eed) c.and   a3, a1
core   0: 3 0x800076c4 (0x8eed) x13 0x00000000
core   0: 0x800076c6 (0x0387e9b3) rem     s3, a5, s8
core   0: 3 0x800076c6 (0x0387e9b3) x19 0x0000001c
core   0: 0x800076ca (0xbcce4c13) xori    s8, t3, -1076
core   0: 3 0x800076ca (0xbcce4c13) x24 0xfffffbcc
core   0: 0x800076ce (0xfcbf21b7) lui     gp, 0xfcbf2
core   0: 3 0x800076ce (0xfcbf21b7) x 3 0xfcbf2000
core   0: 0x800076d2 (0x01b40e33) add     t3, s0, s11
core   0: 3 0x800076d2 (0x01b40e33) x28 0xd2a1b808
core   0: 0x800076d6 (0x00008fe2) c.mv    t6, s8
core   0: 3 0x800076d6 (0x8fe2) x31 0xfffffbcc
core   0: 0x800076d8 (0x02147d33) remu    s10, s0, ra
core   0: 3 0x800076d8 (0x02147d33) x26 0x52a1b808
core   0: 0x800076dc (0x03b85bb3) divu    s7, a6, s11
core   0: 3 0x800076dc (0x03b85bb3) x23 0x00000000
core   0: 0x800076e0 (0x01e424b3) slt     s1, s0, t5
core   0: 3 0x800076e0 (0x01e424b3) x 9 0x00000000
core   0: 0x800076e4 (0x01a494b3) sll     s1, s1, s10
core   0: 3 0x800076e4 (0x01a494b3) x 9 0x00000000
core   0: 0x800076e8 (0x019b94b3) sll     s1, s7, s9
core   0: 3 0x800076e8 (0x019b94b3) x 9 0x00000000
core   0: 0x800076ec (0x03790d33) mul     s10, s2, s7
core   0: 3 0x800076ec (0x03790d33) x26 0x00000000
core   0: 0x800076f0 (0x000080fd) c.srli  s1, 31
core   0: 3 0x800076f0 (0x80fd) x 9 0x00000000
core   0: 0x800076f2 (0x000080d9) c.srli  s1, 22
core   0: 3 0x800076f2 (0x80d9) x 9 0x00000000
core   0: 0x800076f4 (0x00000001) c.nop
core   0: 3 0x800076f4 (0x0001)
core   0: 0x800076f6 (0x00009afd) c.andi  a3, -1
core   0: 3 0x800076f6 (0x9afd) x13 0x00000000
core   0: 0x800076f8 (0x025a4cb3) div     s9, s4, t0
core   0: 3 0x800076f8 (0x025a4cb3) x25 0x00000000
core   0: 0x800076fc (0x0000527d) c.li    tp, -1
core   0: 3 0x800076fc (0x527d) x 4 0xffffffff
core   0: 0x800076fe (0x00008de1) c.and   a1, s0
core   0: 3 0x800076fe (0x8de1) x11 0x00000000
core   0: 0x80007700 (0x024324b3) mulhsu  s1, t1, tp
core   0: 3 0x80007700 (0x024324b3) x 9 0x00000000
core   0: 0x80007704 (0x011c8a33) add     s4, s9, a7
core   0: 3 0x80007704 (0x011c8a33) x20 0x00000000
core   0: 0x80007708 (0x00006d5d) c.lui   s10, 0x17
core   0: 3 0x80007708 (0x6d5d) x26 0x00017000
core   0: 0x8000770a (0xd7f0c413) xori    s0, ra, -641
core   0: 3 0x8000770a (0xd7f0c413) x 8 0x00031a4b
core   0: 0x8000770e (0x00008e4d) c.or    a2, a1
core   0: 3 0x8000770e (0x8e4d) x12 0xfffce133
core   0: 0x80007710 (0x00009b3e) c.add   s6, a5
core   0: 3 0x80007710 (0x9b3e) x22 0x00000038
core   0: 0x80007712 (0x00871813) slli    a6, a4, 8
core   0: 3 0x80007712 (0x00871813) x16 0x00fe6400
core   0: 0x80007716 (0x00008c41) c.or    s0, s0
core   0: 3 0x80007716 (0x8c41) x 8 0x00031a4b
core   0: 0x80007718 (0x00008e2d) c.xor   a2, a1
core   0: 3 0x80007718 (0x8e2d) x12 0xfffce133
core   0: 0x8000771a (0x02eaf9b3) remu    s3, s5, a4
core   0: 3 0x8000771a (0x02eaf9b3) x19 0x00000000
core   0: 0x8000771e (0x2b5314b7) lui     s1, 0x2b531
core   0: 3 0x8000771e (0x2b5314b7) x 9 0x2b531000
core   0: 0x80007722 (0x0061d513) srli    a0, gp, 6
core   0: 3 0x80007722 (0x0061d513) x10 0x03f2fc80
core   0: 0x80007726 (0x02dcdc33) divu    s8, s9, a3
core   0: 3 0x80007726 (0x02dcdc33) x24 0xffffffff
core   0: 0x8000772a (0xd986af13) slti    t5, a3, -616
core   0: 3 0x8000772a (0xd986af13) x30 0x00000000
core   0: 0x8000772e (0x02d581b3) mul     gp, a1, a3
core   0: 3 0x8000772e (0x02d581b3) x 3 0x00000000
core   0: 0x80007732 (0x02189f33) mulh    t5, a7, ra
core   0: 3 0x80007732 (0x02189f33) x30 0x00000000
core   0: 0x80007736 (0x00000001) c.nop
core   0: 3 0x80007736 (0x0001)
core   0: 0x80007738 (0x00008236) c.mv    tp, a3
core   0: 3 0x80007738 (0x8236) x 4 0x00000000
core   0: 0x8000773a (0xee9b6b13) ori     s6, s6, -279
core   0: 3 0x8000773a (0xee9b6b13) x22 0xfffffef9
core   0: 0x8000773e (0x009271b3) and     gp, tp, s1
core   0: 3 0x8000773e (0x009271b3) x 3 0x00000000
core   0: 0x80007742 (0x89fde693) ori     a3, s11, -1889
core   0: 3 0x80007742 (0x89fde693) x13 0xfffff89f
core   0: 0x80007746 (0x00b98233) add     tp, s3, a1
core   0: 3 0x80007746 (0x00b98233) x 4 0x00000000
core   0: 0x8000774a (0x7d42b513) sltiu   a0, t0, 2004
core   0: 3 0x8000774a (0x7d42b513) x10 0x00000000
core   0: 0x8000774e (0x00000001) c.nop
core   0: 3 0x8000774e (0x0001)
core   0: 0x80007750 (0x00ded013) srli    zero, t4, 13
core   0: 3 0x80007750 (0x00ded013)
core   0: 0x80007754 (0x0000597d) c.li    s2, -1
core   0: 3 0x80007754 (0x597d) x18 0xffffffff
core   0: 0x80007756 (0x033147b3) div     a5, sp, s3
core   0: 3 0x80007756 (0x033147b3) x15 0xffffffff
core   0: 0x8000775a (0x034d0eb3) mul     t4, s10, s4
core   0: 3 0x8000775a (0x034d0eb3) x29 0x00000000
core   0: 0x8000775e (0x317d2013) slti    zero, s10, 791
core   0: 3 0x8000775e (0x317d2013)
core   0: 0x80007762 (0x00000d56) c.slli  s10, 21
core   0: 3 0x80007762 (0x0d56) x26 0x00000000
core   0: 0x80007764 (0x00000086) c.slli  ra, 1
core   0: 3 0x80007764 (0x0086) x 1 0xfff9ce68
core   0: 0x80007766 (0x00009e4e) c.add   t3, s3
core   0: 3 0x80007766 (0x9e4e) x28 0xd2a1b808
core   0: 0x80007768 (0x00008cdd) c.or    s1, a5
core   0: 3 0x80007768 (0x8cdd) x 9 0xffffffff
core   0: 0x8000776a (0x00b85b93) srli    s7, a6, 11
core   0: 3 0x8000776a (0x00b85b93) x23 0x00001fcc
core   0: 0x8000776e (0x000086ed) c.srai  a3, 27
core   0: 3 0x8000776e (0x86ed) x13 0xffffffff
core   0: 0x80007770 (0x00000001) c.nop
core   0: 3 0x80007770 (0x0001)
core   0: 0x80007772 (0x027fce33) div     t3, t6, t2
core   0: 3 0x80007772 (0x027fce33) x28 0x00000000
core   0: 0x80007776 (0x03c1afb3) mulhsu  t6, gp, t3
core   0: 3 0x80007776 (0x03c1afb3) x31 0x00000000
core   0: 0x8000777a (0x01861813) slli    a6, a2, 24
core   0: 3 0x8000777a (0x01861813) x16 0x33000000
core   0: 0x8000777e (0x00006b99) c.lui   s7, 0x6
core   0: 3 0x8000777e (0x6b99) x23 0x00006000
core   0: 0x80007780 (0x00416bb3) or      s7, sp, tp
core   0: 3 0x80007780 (0x00416bb3) x23 0x80013ce4
core   0: 0x80007784 (0x00008522) c.mv    a0, s0
core   0: 3 0x80007784 (0x8522) x10 0x00031a4b
core   0: 0x80007786 (0x01711093) slli    ra, sp, 23
core   0: 3 0x80007786 (0x01711093) x 1 0x72000000
core   0: 0x8000778a (0xf86d0313) addi    t1, s10, -122
core   0: 3 0x8000778a (0xf86d0313) x 6 0xffffff86
core   0: 0x8000778e (0x0000587d) c.li    a6, -1
core   0: 3 0x8000778e (0x587d) x16 0xffffffff
core   0: 0x80007790 (0x00005d7d) c.li    s10, -1
core   0: 3 0x80007790 (0x5d7d) x26 0xffffffff
core   0: 0x80007792 (0x03791bb3) mulh    s7, s2, s7
core   0: 3 0x80007792 (0x03791bb3) x23 0x00000000
core   0: 0x80007796 (0x25b60d37) lui     s10, 0x25b60
core   0: 3 0x80007796 (0x25b60d37) x26 0x25b60000
core   0: 0x8000779a (0x00008c75) c.and   s0, a3
core   0: 3 0x8000779a (0x8c75) x 8 0x00031a4b
core   0: 0x8000779c (0x00008c99) c.sub   s1, a4
core   0: 3 0x8000779c (0x8c99) x 9 0x7fff019b
core   0: 0x8000779e (0x0000817d) c.srli  a0, 31
core   0: 3 0x8000779e (0x817d) x10 0x00000000
core   0: 0x800077a0 (0x00556933) or      s2, a0, t0
core   0: 3 0x800077a0 (0x00556933) x18 0x52a1b8d9
core   0: 0x800077a4 (0x000094ae) c.add   s1, a1
core   0: 3 0x800077a4 (0x94ae) x 9 0x7fff019b
core   0: 0x800077a6 (0x00208333) add     t1, ra, sp
core   0: 3 0x800077a6 (0x00208333) x 6 0xf2013ce4
core   0: 0x800077aa (0x00008852) c.mv    a6, s4
core   0: 3 0x800077aa (0x8852) x16 0x00000000
core   0: 0x800077ac (0x02d27533) remu    a0, tp, a3
core   0: 3 0x800077ac (0x02d27533) x10 0x00000000
core   0: 0x800077b0 (0x01b22433) slt     s0, tp, s11
core   0: 3 0x800077b0 (0x01b22433) x 8 0x00000000
core   0: 0x800077b4 (0x0166c633) xor     a2, a3, s6
core   0: 3 0x800077b4 (0x0166c633) x12 0x00000106
core   0: 0x800077b8 (0x02cf00b3) mul     ra, t5, a2
core   0: 3 0x800077b8 (0x02cf00b3) x 1 0x00000000
core   0: 0x800077bc (0x000064e5) c.lui   s1, 0x19
core   0: 3 0x800077bc (0x64e5) x 9 0x00019000
core   0: 0x800077be (0x01c4c2b3) xor     t0, s1, t3
core   0: 3 0x800077be (0x01c4c2b3) x 5 0x00019000
core   0: 0x800077c2 (0x031730b3) mulhu   ra, a4, a7
core   0: 3 0x800077c2 (0x031730b3) x 1 0x00000000
core   0: 0x800077c6 (0x0046c033) xor     zero, a3, tp
core   0: 3 0x800077c6 (0x0046c033)
core   0: 0x800077ca (0x2d5cfcb7) lui     s9, 0x2d5cf
core   0: 3 0x800077ca (0x2d5cfcb7) x25 0x2d5cf000
core   0: 0x800077ce (0x0dc3f917) auipc   s2, 0xdc3f
core   0: 3 0x800077ce (0x0dc3f917) x18 0x8dc467ce
core   0: 0x800077d2 (0x0000899d) c.andi  a1, 7
core   0: 3 0x800077d2 (0x899d) x11 0x00000000
core   0: 0x800077d4 (0x004d9ab3) sll     s5, s11, tp
core   0: 3 0x800077d4 (0x004d9ab3) x21 0x80000000
core   0: 0x800077d8 (0x016830b3) sltu    ra, a6, s6
core   0: 3 0x800077d8 (0x016830b3) x 1 0x00000001
core   0: 0x800077dc (0x89527813) andi    a6, tp, -1899
core   0: 3 0x800077dc (0x89527813) x16 0x00000000
core   0: 0x800077e0 (0x02af7033) remu    zero, t5, a0
core   0: 3 0x800077e0 (0x02af7033)
core   0: 0x800077e4 (0x9a0a5217) auipc   tp, 0x9a0a5
core   0: 3 0x800077e4 (0x9a0a5217) x 4 0x1a0ac7e4
core   0: 0x800077e8 (0x000082f6) c.mv    t0, t4
core   0: 3 0x800077e8 (0x82f6) x 5 0x00000000
core   0: 0x800077ea (0x01d700b3) add     ra, a4, t4
core   0: 3 0x800077ea (0x01d700b3) x 1 0x8000fe64
core   0: 0x800077ee (0x03e82533) mulhsu  a0, a6, t5
core   0: 3 0x800077ee (0x03e82533) x10 0x00000000
core   0: 0x800077f2 (0x00008e25) c.xor   a2, s1
core   0: 3 0x800077f2 (0x8e25) x12 0x00019106
core   0: 0x800077f4 (0x00004899) c.li    a7, 6
core   0: 3 0x800077f4 (0x4899) x17 0x00000006
core   0: 0x800077f6 (0x0381a233) mulhsu  tp, gp, s8
core   0: 3 0x800077f6 (0x0381a233) x 4 0x00000000
core   0: 0x800077fa (0x000091ee) c.add   gp, s11
core   0: 3 0x800077fa (0x91ee) x 3 0x80000000
core   0: 0x800077fc (0x4168d7b3) sra     a5, a7, s6
core   0: 3 0x800077fc (0x4168d7b3) x15 0x00000000
core   0: 0x80007800 (0x00005c7d) c.li    s8, -1
core   0: 3 0x80007800 (0x5c7d) x24 0xffffffff
core   0: 0x80007802 (0x84c8b513) sltiu   a0, a7, -1972
core   0: 3 0x80007802 (0x84c8b513) x10 0x00000001
core   0: 0x80007806 (0x0246d1b3) divu    gp, a3, tp
core   0: 3 0x80007806 (0x0246d1b3) x 3 0xffffffff
core   0: 0x8000780a (0x00006c89) c.lui   s9, 0x2
core   0: 3 0x8000780a (0x6c89) x25 0x00002000
core   0: 0x8000780c (0x01d20d33) add     s10, tp, t4
core   0: 3 0x8000780c (0x01d20d33) x26 0x00000000
core   0: 0x80007810 (0x00ceca33) xor     s4, t4, a2
core   0: 3 0x80007810 (0x00ceca33) x20 0x00019106
core   0: 0x80007814 (0x82250b93) addi    s7, a0, -2014
core   0: 3 0x80007814 (0x82250b93) x23 0xfffff823
core   0: 0x80007818 (0x0119acb3) slt     s9, s3, a7
core   0: 3 0x80007818 (0x0119acb3) x25 0x00000001
core   0: 0x8000781c (0x00000001) c.nop
core   0: 3 0x8000781c (0x0001)
core   0: 0x8000781e (0x00008ea6) c.mv    t4, s1
core   0: 3 0x8000781e (0x8ea6) x29 0x00019000
core   0: 0x80007820 (0x03a25b33) divu    s6, tp, s10
core   0: 3 0x80007820 (0x03a25b33) x22 0xffffffff
core   0: 0x80007824 (0x01f33533) sltu    a0, t1, t6
core   0: 3 0x80007824 (0x01f33533) x10 0x00000000
core   0: 0x80007828 (0x03f36cb3) rem     s9, t1, t6
core   0: 3 0x80007828 (0x03f36cb3) x25 0xf2013ce4
core   0: 0x8000782c (0x03104333) div     t1, zero, a7
core   0: 3 0x8000782c (0x03104333) x 6 0x00000000
core   0: 0x80007830 (0x00d3f9b3) and     s3, t2, a3
core   0: 3 0x80007830 (0x00d3f9b3) x19 0xaf7cf59c
core   0: 0x80007834 (0x00f8c933) xor     s2, a7, a5
core   0: 3 0x80007834 (0x00f8c933) x18 0x00000006
core   0: 0x80007838 (0xbe8b7613) andi    a2, s6, -1048
core   0: 3 0x80007838 (0xbe8b7613) x12 0xfffffbe8
core   0: 0x8000783c (0xb526e413) ori     s0, a3, -1198
core   0: 3 0x8000783c (0xb526e413) x 8 0xffffffff
core   0: 0x80007840 (0x00fa6eb3) or      t4, s4, a5
core   0: 3 0x80007840 (0x00fa6eb3) x29 0x00019106
core   0: 0x80007844 (0x00008dc5) c.or    a1, s1
core   0: 3 0x80007844 (0x8dc5) x11 0x00019000
core   0: 0x80007846 (0x00c678b3) and     a7, a2, a2
core   0: 3 0x80007846 (0x00c678b3) x17 0xfffffbe8
core   0: 0x8000784a (0x018be7b3) or      a5, s7, s8
core   0: 3 0x8000784a (0x018be7b3) x15 0xffffffff
core   0: 0x8000784e (0x0347ad33) mulhsu  s10, a5, s4
core   0: 3 0x8000784e (0x0347ad33) x26 0xffffffff
core   0: 0x80007852 (0x000001ea) c.slli  gp, 26
core   0: 3 0x80007852 (0x01ea) x 3 0xfc000000
core   0: 0x80007854 (0x440db093) sltiu   ra, s11, 1088
core   0: 3 0x80007854 (0x440db093) x 1 0x00000000
core   0: 0x80007858 (0x000096de) c.add   a3, s7
core   0: 3 0x80007858 (0x96de) x13 0xfffff822
core   0: 0x8000785a (0x5374ac13) slti    s8, s1, 1335
core   0: 3 0x8000785a (0x5374ac13) x24 0x00000000
core   0: 0x8000785e (0x0000997d) c.andi  a0, -1
core   0: 3 0x8000785e (0x997d) x10 0x00000000
core   0: 0x80007860 (0x00004d5d) c.li    s10, 23
core   0: 3 0x80007860 (0x4d5d) x26 0x00000017
core   0: 0x80007862 (0x02f18533) mul     a0, gp, a5
core   0: 3 0x80007862 (0x02f18533) x10 0x04000000
core   0: 0x80007866 (0x000007ae) c.slli  a5, 11
core   0: 3 0x80007866 (0x07ae) x15 0xfffff800
core   0: 0x80007868 (0x000083b5) c.srli  a5, 13
core   0: 3 0x80007868 (0x83b5) x15 0x0007ffff
core   0: 0x8000786a (0xfff00593) li      a1, -1
core   0: 3 0x8000786a (0xfff00593) x11 0xffffffff
core   0: 0x8000786e (0xadf107b7) lui     a5, 0xadf10
core   0: 3 0x8000786e (0xadf107b7) x15 0xadf10000
core   0: 0x80007872 (0xb9978793) addi    a5, a5, -1127
core   0: 3 0x80007872 (0xb9978793) x15 0xadf0fb99
core   0: 0x80007876 (0x00004081) c.li    ra, 0
core   0: 3 0x80007876 (0x4081) x 1 0x00000000
core   0: 0x80007878 (0xfff00913) li      s2, -1
core   0: 3 0x80007878 (0xfff00913) x18 0xffffffff
core   0: 0x8000787c (0x80000cb7) lui     s9, 0x80000
core   0: 3 0x8000787c (0x80000cb7) x25 0x80000000
core   0: 0x80007880 (0xd4f7ad37) lui     s10, 0xd4f7a
core   0: 3 0x80007880 (0xd4f7ad37) x26 0xd4f7a000
core   0: 0x80007884 (0x2d4d0d13) addi    s10, s10, 724
core   0: 3 0x80007884 (0x2d4d0d13) x26 0xd4f7a2d4
core   0: 0x80007888 (0x00004b81) c.li    s7, 0
core   0: 3 0x80007888 (0x4b81) x23 0x00000000
core   0: 0x8000788a (0x8e1b1437) lui     s0, 0x8e1b1
core   0: 3 0x8000788a (0x8e1b1437) x 8 0x8e1b1000
core   0: 0x8000788e (0x85740413) addi    s0, s0, -1961
core   0: 3 0x8000788e (0x85740413) x 8 0x8e1b0857
core   0: 0x80007892 (0x1ddd61b7) lui     gp, 0x1ddd6
core   0: 3 0x80007892 (0x1ddd61b7) x 3 0x1ddd6000
core   0: 0x80007896 (0xfd618193) addi    gp, gp, -42
core   0: 3 0x80007896 (0xfd618193) x 3 0x1ddd5fd6
core   0: 0x8000789a (0x800006b7) lui     a3, 0x80000
core   0: 3 0x8000789a (0x800006b7) x13 0x80000000
core   0: 0x8000789e (0x02342933) mulhsu  s2, s0, gp
core   0: 3 0x8000789e (0x02342933) x18 0xf2b692a4
core   0: 0x800078a2 (0xa8392597) auipc   a1, 0xa8392
core   0: 3 0x800078a2 (0xa8392597) x11 0x283998a2
core   0: 0x800078a6 (0x021cc7b3) div     a5, s9, ra
core   0: 3 0x800078a6 (0x021cc7b3) x15 0xffffffff
core   0: 0x800078aa (0x008185b3) add     a1, gp, s0
core   0: 3 0x800078aa (0x008185b3) x11 0xabf8682d
core   0: 0x800078ae (0xfc440693) addi    a3, s0, -60
core   0: 3 0x800078ae (0xfc440693) x13 0x8e1b081b
core   0: 0x800078b2 (0x403405b3) sub     a1, s0, gp
core   0: 3 0x800078b2 (0x403405b3) x11 0x703da881
core   0: 0x800078b6 (0x02d1acb3) mulhsu  s9, gp, a3
core   0: 3 0x800078b6 (0x02d1acb3) x25 0x1093f273
core   0: 0x800078ba (0x00108cb3) add     s9, ra, ra
core   0: 3 0x800078ba (0x00108cb3) x25 0x00000000
core   0: 0x800078be (0x039d1d33) mulh    s10, s10, s9
core   0: 3 0x800078be (0x039d1d33) x26 0x00000000
core   0: 0x800078c2 (0x023ce933) rem     s2, s9, gp
core   0: 3 0x800078c2 (0x023ce933) x18 0x00000000
core   0: 0x800078c6 (0x02d6d433) divu    s0, a3, a3
core   0: 3 0x800078c6 (0x02d6d433) x 8 0x00000001
core   0: 0x800078ca (0x0396fcb3) remu    s9, a3, s9
core   0: 3 0x800078ca (0x0396fcb3) x25 0x8e1b081b
core   0: 0x800078ce (0x02340d33) mul     s10, s0, gp
core   0: 3 0x800078ce (0x02340d33) x26 0x1ddd5fd6
core   0: 0x800078d2 (0x023cabb3) mulhsu  s7, s9, gp
core   0: 3 0x800078d2 (0x023cabb3) x23 0xf2b6929d
core   0: 0x800078d6 (0x43396d37) lui     s10, 0x43396
core   0: 3 0x800078d6 (0x43396d37) x26 0x43396000
core   0: 0x800078da (0x00000001) c.nop
core   0: 3 0x800078da (0x0001)
core   0: 0x800078dc (0x03a44433) div     s0, s0, s10
core   0: 3 0x800078dc (0x03a44433) x 8 0x00000000
core   0: 0x800078e0 (0x02afa933) mulhsu  s2, t6, a0
core   0: 3 0x800078e0 (0x02afa933) x18 0x00000000
core   0: 0x800078e4 (0xee2e3313) sltiu   t1, t3, -286
core   0: 3 0x800078e4 (0xee2e3313) x 6 0x00000001
core   0: 0x800078e8 (0x00976eb3) or      t4, a4, s1
core   0: 3 0x800078e8 (0x00976eb3) x29 0x8001fe64
core   0: 0x800078ec (0x0000137d) c.addi  t1, -1
core   0: 3 0x800078ec (0x137d) x 6 0x00000000
core   0: 0x800078ee (0x405602b3) sub     t0, a2, t0
core   0: 3 0x800078ee (0x405602b3) x 5 0xfffffbe8
core   0: 0x800078f2 (0x00004ba9) c.li    s7, 10
core   0: 3 0x800078f2 (0x4ba9) x23 0x0000000a
core   0: 0x800078f4 (0x41c082b3) sub     t0, ra, t3
core   0: 3 0x800078f4 (0x41c082b3) x 5 0x00000000
core   0: 0x800078f8 (0x003b1813) slli    a6, s6, 3
core   0: 3 0x800078f8 (0x003b1813) x16 0xfffffff8
core   0: 0x800078fc (0x00009bfd) c.andi  a5, -1
core   0: 3 0x800078fc (0x9bfd) x15 0xffffffff
core   0: 0x800078fe (0x811b0c13) addi    s8, s6, -2031
core   0: 3 0x800078fe (0x811b0c13) x24 0xfffff810
core   0: 0x80007902 (0x00008b1a) c.mv    s6, t1
core   0: 3 0x80007902 (0x8b1a) x22 0x00000000
core   0: 0x80007904 (0x020b7433) remu    s0, s6, zero
core   0: 3 0x80007904 (0x020b7433) x 8 0x00000000
core   0: 0x80007908 (0x01824a33) xor     s4, tp, s8
core   0: 3 0x80007908 (0x01824a33) x20 0xfffff810
core   0: 0x8000790c (0x01150233) add     tp, a0, a7
core   0: 3 0x8000790c (0x01150233) x 4 0x03fffbe8
core   0: 0x80007910 (0x404a5c93) srai    s9, s4, 4
core   0: 3 0x80007910 (0x404a5c93) x25 0xffffff81
core   0: 0x80007914 (0x01168333) add     t1, a3, a7
core   0: 3 0x80007914 (0x01168333) x 6 0x8e1b0403
core   0: 0x80007918 (0xc9f93293) sltiu   t0, s2, -865
core   0: 3 0x80007918 (0xc9f93293) x 5 0x00000001
core   0: 0x8000791c (0xc30f3c37) lui     s8, 0xc30f3
core   0: 3 0x8000791c (0xc30f3c37) x24 0xc30f3000
core   0: 0x80007920 (0x0380d1b3) divu    gp, ra, s8
core   0: 3 0x80007920 (0x0380d1b3) x 3 0x00000000
core   0: 0x80007924 (0x02a9cc33) div     s8, s3, a0
core   0: 3 0x80007924 (0x02a9cc33) x24 0xffffffec
core   0: 0x80007928 (0x00008d81) c.sub   a1, s0
core   0: 3 0x80007928 (0x8d81) x11 0x703da881
core   0: 0x8000792a (0x00b7a6b3) slt     a3, a5, a1
core   0: 3 0x8000792a (0x00b7a6b3) x13 0x00000001
core   0: 0x8000792e (0x41bc5933) sra     s2, s8, s11
core   0: 3 0x8000792e (0x41bc5933) x18 0xffffffec
core   0: 0x80007932 (0x02d4b933) mulhu   s2, s1, a3
core   0: 3 0x80007932 (0x02d4b933) x18 0x00000000
core   0: 0x80007936 (0x4144d393) srai    t2, s1, 20
core   0: 3 0x80007936 (0x4144d393) x 7 0x00000000
core   0: 0x8000793a (0x0000567d) c.li    a2, -1
core   0: 3 0x8000793a (0x567d) x12 0xffffffff
core   0: 0x8000793c (0x01585313) srli    t1, a6, 21
core   0: 3 0x8000793c (0x01585313) x 6 0x000007ff
core   0: 0x80007940 (0x02ab2eb3) mulhsu  t4, s6, a0
core   0: 3 0x80007940 (0x02ab2eb3) x29 0x00000000
core   0: 0x80007944 (0x00008926) c.mv    s2, s1
core   0: 3 0x80007944 (0x8926) x18 0x00019000
core   0: 0x80007946 (0x029ef6b3) remu    a3, t4, s1
core   0: 3 0x80007946 (0x029ef6b3) x13 0x00000000
core   0: 0x8000794a (0xc196f613) andi    a2, a3, -999
core   0: 3 0x8000794a (0xc196f613) x12 0x00000000
core   0: 0x8000794e (0x0358bb33) mulhu   s6, a7, s5
core   0: 3 0x8000794e (0x0358bb33) x22 0x7ffffdf4
core   0: 0x80007952 (0x0086d533) srl     a0, a3, s0
core   0: 3 0x80007952 (0x0086d533) x10 0x00000000
core   0: 0x80007956 (0x000089f5) c.andi  a1, 29
core   0: 3 0x80007956 (0x89f5) x11 0x00000001
core   0: 0x80007958 (0x00c9ef33) or      t5, s3, a2
core   0: 3 0x80007958 (0x00c9ef33) x30 0xaf7cf59c
core   0: 0x8000795c (0x0169b5b3) sltu    a1, s3, s6
core   0: 3 0x8000795c (0x0169b5b3) x11 0x00000000
core   0: 0x80007960 (0x03932c33) mulhsu  s8, t1, s9
core   0: 3 0x80007960 (0x03932c33) x24 0x000007fe
core   0: 0x80007964 (0x00004355) c.li    t1, 21
core   0: 3 0x80007964 (0x4355) x 6 0x00000015
core   0: 0x80007966 (0xa21c3513) sltiu   a0, s8, -1503
core   0: 3 0x80007966 (0xa21c3513) x10 0x00000001
core   0: 0x8000796a (0x40980533) sub     a0, a6, s1
core   0: 3 0x8000796a (0x40980533) x10 0xfffe6ff8
core   0: 0x8000796e (0x93dc4917) auipc   s2, 0x93dc4
core   0: 3 0x8000796e (0x93dc4917) x18 0x13dcb96e
core   0: 0x80007972 (0x01c05533) srl     a0, zero, t3
core   0: 3 0x80007972 (0x01c05533) x10 0x00000000
core   0: 0x80007976 (0x00451293) slli    t0, a0, 4
core   0: 3 0x80007976 (0x00451293) x 5 0x00000000
core   0: 0x8000797a (0x02cb7533) remu    a0, s6, a2
core   0: 3 0x8000797a (0x02cb7533) x10 0x7ffffdf4
core   0: 0x8000797e (0x02e09bb3) mulh    s7, ra, a4
core   0: 3 0x8000797e (0x02e09bb3) x23 0x00000000
core   0: 0x80007982 (0x03743233) mulhu   tp, s0, s7
core   0: 3 0x80007982 (0x03743233) x 4 0x00000000
core   0: 0x80007986 (0x1f854093) xori    ra, a0, 504
core   0: 3 0x80007986 (0x1f854093) x 1 0x7ffffc0c
core   0: 0x8000798a (0x00f166b3) or      a3, sp, a5
core   0: 3 0x8000798a (0x00f166b3) x13 0xffffffff
core   0: 0x8000798e (0x4114deb3) sra     t4, s1, a7
core   0: 3 0x8000798e (0x4114deb3) x29 0x00000190
core   0: 0x80007992 (0x0070de33) srl     t3, ra, t2
core   0: 3 0x80007992 (0x0070de33) x28 0x7ffffc0c
core   0: 0x80007996 (0x00000001) c.nop
core   0: 3 0x80007996 (0x0001)
core   0: 0x80007998 (0x026e32b3) mulhu   t0, t3, t1
core   0: 3 0x80007998 (0x026e32b3) x 5 0x0000000a
core   0: 0x8000799c (0x000085c9) c.srai  a1, 18
core   0: 3 0x8000799c (0x85c9) x11 0x00000000
core   0: 0x8000799e (0x8f273893) sltiu   a7, a4, -1806
core   0: 3 0x8000799e (0x8f273893) x17 0x00000001
core   0: 0x800079a2 (0x00009a7d) c.andi  a2, -1
core   0: 3 0x800079a2 (0x9a7d) x12 0x00000000
core   0: 0x800079a4 (0x79f1b893) sltiu   a7, gp, 1951
core   0: 3 0x800079a4 (0x79f1b893) x17 0x00000001
core   0: 0x800079a8 (0x00000001) c.nop
core   0: 3 0x800079a8 (0x0001)
core   0: 0x800079aa (0x14218eb7) lui     t4, 0x14218
core   0: 3 0x800079aa (0x14218eb7) x29 0x14218000
core   0: 0x800079ae (0x00b231b3) sltu    gp, tp, a1
core   0: 3 0x800079ae (0x00b231b3) x 3 0x00000000
core   0: 0x800079b2 (0x40058833) sub     a6, a1, zero
core   0: 3 0x800079b2 (0x40058833) x16 0x00000000
core   0: 0x800079b6 (0x022a1033) mulh    zero, s4, sp
core   0: 3 0x800079b6 (0x022a1033)
core   0: 0x800079ba (0x0000823d) c.srli  a2, 15
core   0: 3 0x800079ba (0x823d) x12 0x00000000
core   0: 0x800079bc (0x000068bd) c.lui   a7, 0xf
core   0: 3 0x800079bc (0x68bd) x17 0x0000f000
core   0: 0x800079be (0x1ad57313) andi    t1, a0, 429
core   0: 3 0x800079be (0x1ad57313) x 6 0x000001a4
core   0: 0x800079c2 (0x0125c933) xor     s2, a1, s2
core   0: 3 0x800079c2 (0x0125c933) x18 0x13dcb96e
core   0: 0x800079c6 (0x48adce13) xori    t3, s11, 1162
core   0: 3 0x800079c6 (0x48adce13) x28 0x8000048a
core   0: 0x800079ca (0x0124e633) or      a2, s1, s2
core   0: 3 0x800079ca (0x0124e633) x12 0x13ddb96e
core   0: 0x800079ce (0x00001afd) c.addi  s5, -1
core   0: 3 0x800079ce (0x1afd) x21 0x7fffffff
core   0: 0x800079d0 (0x03361cb3) mulh    s9, a2, s3
core   0: 3 0x800079d0 (0x03361cb3) x25 0xf9c08ac9
core   0: 0x800079d4 (0x00008529) c.srai  a0, 10
core   0: 3 0x800079d4 (0x8529) x10 0x001fffff
core   0: 0x800079d6 (0x02e27333) remu    t1, tp, a4
core   0: 3 0x800079d6 (0x02e27333) x 6 0x00000000
core   0: 0x800079da (0x00000536) c.slli  a0, 13
core   0: 3 0x800079da (0x0536) x10 0xffffe000
core   0: 0x800079dc (0x037ecbb3) div     s7, t4, s7
core   0: 3 0x800079dc (0x037ecbb3) x23 0xffffffff
core   0: 0x800079e0 (0x03ee4a33) div     s4, t3, t5
core   0: 3 0x800079e0 (0x03ee4a33) x20 0x00000001
core   0: 0x800079e4 (0x00009bfd) c.andi  a5, -1
core   0: 3 0x800079e4 (0x9bfd) x15 0xffffffff
core   0: 0x800079e6 (0x337a2a93) slti    s5, s4, 823
core   0: 3 0x800079e6 (0x337a2a93) x21 0x00000001
core   0: 0x800079ea (0x03d6e7b3) rem     a5, a3, t4
core   0: 3 0x800079ea (0x03d6e7b3) x15 0xffffffff
core   0: 0x800079ee (0x021080b3) mul     ra, ra, ra
core   0: 3 0x800079ee (0x021080b3) x 1 0x000fa090
core   0: 0x800079f2 (0x03f8ea33) rem     s4, a7, t6
core   0: 3 0x800079f2 (0x03f8ea33) x20 0x0000f000
core   0: 0x800079f6 (0x0000858d) c.srai  a1, 3
core   0: 3 0x800079f6 (0x858d) x11 0x00000000
core   0: 0x800079f8 (0x0006a033) slt     zero, a3, zero
core   0: 3 0x800079f8 (0x0006a033)
core   0: 0x800079fc (0x004b18b3) sll     a7, s6, tp
core   0: 3 0x800079fc (0x004b18b3) x17 0x7ffffdf4
core   0: 0x80007a00 (0x02bb8393) addi    t2, s7, 43
core   0: 3 0x80007a00 (0x02bb8393) x 7 0x0000002a
core   0: 0x80007a04 (0x00008921) c.andi  a0, 8
core   0: 3 0x80007a04 (0x8921) x10 0x00000000
core   0: 0x80007a06 (0x9ad07a13) andi    s4, zero, -1619
core   0: 3 0x80007a06 (0x9ad07a13) x20 0x00000000
core   0: 0x80007a0a (0x822a6b93) ori     s7, s4, -2014
core   0: 3 0x80007a0a (0x822a6b93) x23 0xfffff822
core   0: 0x80007a0e (0x000086f9) c.srai  a3, 30
core   0: 3 0x80007a0e (0x86f9) x13 0xffffffff
core   0: 0x80007a10 (0x000080c9) c.srli  s1, 18
core   0: 3 0x80007a10 (0x80c9) x 9 0x00000000
core   0: 0x80007a12 (0x00008c5a) c.mv    s8, s6
core   0: 3 0x80007a12 (0x8c5a) x24 0x7ffffdf4
core   0: 0x80007a14 (0x01e1cbb3) xor     s7, gp, t5
core   0: 3 0x80007a14 (0x01e1cbb3) x23 0xaf7cf59c
core   0: 0x80007a18 (0x52f4e493) ori     s1, s1, 1327
core   0: 3 0x80007a18 (0x52f4e493) x 9 0x0000052f
core   0: 0x80007a1c (0x000bfb33) and     s6, s7, zero
core   0: 3 0x80007a1c (0x000bfb33) x22 0x00000000
core   0: 0x80007a20 (0x00008e89) c.sub   a3, a0
core   0: 3 0x80007a20 (0x8e89) x13 0xffffffff
core   0: 0x80007a22 (0x01dede33) srl     t3, t4, t4
core   0: 3 0x80007a22 (0x01dede33) x28 0x14218000
core   0: 0x80007a26 (0x0000830a) c.mv    t1, sp
core   0: 3 0x80007a26 (0x830a) x 6 0x80013ce4
core   0: 0x80007a28 (0x00008cc1) c.or    s1, s0
core   0: 3 0x80007a28 (0x8cc1) x 9 0x0000052f
core   0: 0x80007a2a (0x000083b2) c.mv    t2, a2
core   0: 3 0x80007a2a (0x83b2) x 7 0x13ddb96e
core   0: 0x80007a2c (0x00008e11) c.sub   a2, a2
core   0: 3 0x80007a2c (0x8e11) x12 0x00000000
core   0: 0x80007a2e (0x00004be9) c.li    s7, 26
core   0: 3 0x80007a2e (0x4be9) x23 0x0000001a
core   0: 0x80007a30 (0x02293533) mulhu   a0, s2, sp
core   0: 3 0x80007a30 (0x02293533) x10 0x09ee754d
core   0: 0x80007a34 (0x00008e71) c.and   a2, a2
core   0: 3 0x80007a34 (0x8e71) x12 0x00000000
core   0: 0x80007a36 (0x40f20d33) sub     s10, tp, a5
core   0: 3 0x80007a36 (0x40f20d33) x26 0x00000001
core   0: 0x80007a3a (0x4071d093) srai    ra, gp, 7
core   0: 3 0x80007a3a (0x4071d093) x 1 0x00000000
core   0: 0x80007a3e (0x0000944e) c.add   s0, s3
core   0: 3 0x80007a3e (0x944e) x 8 0xaf7cf59c
core   0: 0x80007a40 (0x021dbf33) mulhu   t5, s11, ra
core   0: 3 0x80007a40 (0x021dbf33) x30 0x00000000
core   0: 0x80007a44 (0x0000537d) c.li    t1, -1
core   0: 3 0x80007a44 (0x537d) x 6 0xffffffff
core   0: 0x80007a46 (0x020905b3) mul     a1, s2, zero
core   0: 3 0x80007a46 (0x020905b3) x11 0x00000000
core   0: 0x80007a4a (0x00b4dc13) srli    s8, s1, 11
core   0: 3 0x80007a4a (0x00b4dc13) x24 0x00000000
core   0: 0x80007a4e (0x41625c93) srai    s9, tp, 22
core   0: 3 0x80007a4e (0x41625c93) x25 0x00000000
core   0: 0x80007a52 (0x52333793) sltiu   a5, t1, 1315
core   0: 3 0x80007a52 (0x52333793) x15 0x00000000
core   0: 0x80007a56 (0x000002d6) c.slli  t0, 21
core   0: 3 0x80007a56 (0x02d6) x 5 0x01400000
core   0: 0x80007a58 (0x00008d91) c.sub   a1, a2
core   0: 3 0x80007a58 (0x8d91) x11 0x00000000
core   0: 0x80007a5a (0x00a9b633) sltu    a2, s3, a0
core   0: 3 0x80007a5a (0x00a9b633) x12 0x00000000
core   0: 0x80007a5e (0x00008c75) c.and   s0, a3
core   0: 3 0x80007a5e (0x8c75) x 8 0xaf7cf59c
core   0: 0x80007a60 (0x4129d4b3) sra     s1, s3, s2
core   0: 3 0x80007a60 (0x4129d4b3) x 9 0xfffebdf3
core   0: 0x80007a64 (0x000041b9) c.li    gp, 14
core   0: 3 0x80007a64 (0x41b9) x 3 0x0000000e
core   0: 0x80007a66 (0x000087f9) c.srai  a5, 30
core   0: 3 0x80007a66 (0x87f9) x15 0x00000000
core   0: 0x80007a68 (0x03e3b033) mulhu   zero, t2, t5
core   0: 3 0x80007a68 (0x03e3b033)
core   0: 0x80007a6c (0x412687b3) sub     a5, a3, s2
core   0: 3 0x80007a6c (0x412687b3) x15 0xec234691
core   0: 0x80007a70 (0x41005eb3) sra     t4, zero, a6
core   0: 3 0x80007a70 (0x41005eb3) x29 0x00000000
core   0: 0x80007a74 (0x00000001) c.nop
core   0: 3 0x80007a74 (0x0001)
core   0: 0x80007a76 (0x0191fc33) and     s8, gp, s9
core   0: 3 0x80007a76 (0x0191fc33) x24 0x00000000
core   0: 0x80007a7a (0x00d81a33) sll     s4, a6, a3
core   0: 3 0x80007a7a (0x00d81a33) x20 0x00000000
core   0: 0x80007a7e (0x02ee77b3) remu    a5, t3, a4
core   0: 3 0x80007a7e (0x02ee77b3) x15 0x14218000
core   0: 0x80007a82 (0x018ce4b3) or      s1, s9, s8
core   0: 3 0x80007a82 (0x018ce4b3) x 9 0x00000000
core   0: 0x80007a86 (0x0000865e) c.mv    a2, s7
core   0: 3 0x80007a86 (0x865e) x12 0x0000001a
core   0: 0x80007a88 (0x01c02f33) slt     t5, zero, t3
core   0: 3 0x80007a88 (0x01c02f33) x30 0x00000001
core   0: 0x80007a8c (0x41fb8933) sub     s2, s7, t6
core   0: 3 0x80007a8c (0x41fb8933) x18 0x0000001a
core   0: 0x80007a90 (0x000069d9) c.lui   s3, 0x16
core   0: 3 0x80007a90 (0x69d9) x19 0x00016000
core   0: 0x80007a92 (0x00009f3a) c.add   t5, a4
core   0: 3 0x80007a92 (0x9f3a) x30 0x8000fe65
core   0: 0x80007a94 (0x000062c9) c.lui   t0, 0x12
core   0: 3 0x80007a94 (0x62c9) x 5 0x00012000
core   0: 0x80007a96 (0x00008e59) c.or    a2, a4
core   0: 3 0x80007a96 (0x8e59) x12 0x8000fe7e
core   0: 0x80007a98 (0x00009c3e) c.add   s8, a5
core   0: 3 0x80007a98 (0x9c3e) x24 0x14218000
core   0: 0x80007a9a (0x027b01b3) mul     gp, s6, t2
core   0: 3 0x80007a9a (0x027b01b3) x 3 0x00000000
core   0: 0x80007a9e (0x00004a15) c.li    s4, 5
core   0: 3 0x80007a9e (0x4a15) x20 0x00000005
core   0: 0x80007aa0 (0x276002b7) lui     t0, 0x27600
core   0: 3 0x80007aa0 (0x276002b7) x 5 0x27600000
core   0: 0x80007aa4 (0x03e58233) mul     tp, a1, t5
core   0: 3 0x80007aa4 (0x03e58233) x 4 0x00000000
core   0: 0x80007aa8 (0x012879b3) and     s3, a6, s2
core   0: 3 0x80007aa8 (0x012879b3) x19 0x00000000
core   0: 0x80007aac (0x031838b3) mulhu   a7, a6, a7
core   0: 3 0x80007aac (0x031838b3) x17 0x00000000
core   0: 0x80007ab0 (0xefdc6213) ori     tp, s8, -259
core   0: 3 0x80007ab0 (0xefdc6213) x 4 0xfffffefd
core   0: 0x80007ab4 (0x00008d85) c.sub   a1, s1
core   0: 3 0x80007ab4 (0x8d85) x11 0x00000000
core   0: 0x80007ab6 (0x01dc42b3) xor     t0, s8, t4
core   0: 3 0x80007ab6 (0x01dc42b3) x 5 0x14218000
core   0: 0x80007aba (0x000083dd) c.srli  a5, 23
core   0: 3 0x80007aba (0x83dd) x15 0x00000028
core   0: 0x80007abc (0x00009a4a) c.add   s4, s2
core   0: 3 0x80007abc (0x9a4a) x20 0x0000001f
core   0: 0x80007abe (0x0000987d) c.andi  s0, -1
core   0: 3 0x80007abe (0x987d) x 8 0xaf7cf59c
core   0: 0x80007ac0 (0x00008e19) c.sub   a2, a4
core   0: 3 0x80007ac0 (0x8e19) x12 0x0000001a
core   0: 0x80007ac2 (0x03edefb3) rem     t6, s11, t5
core   0: 3 0x80007ac2 (0x03edefb3) x31 0xffff019b
core   0: 0x80007ac6 (0x01199213) slli    tp, s3, 17
core   0: 3 0x80007ac6 (0x01199213) x 4 0x00000000
core   0: 0x80007aca (0x038f45b3) div     a1, t5, s8
core   0: 3 0x80007aca (0x038f45b3) x11 0xfffffffa
core   0: 0x80007ace (0x011ea833) slt     a6, t4, a7
core   0: 3 0x80007ace (0x011ea833) x16 0x00000000
core   0: 0x80007ad2 (0xa343bd13) sltiu   s10, t2, -1484
core   0: 3 0x80007ad2 (0xa343bd13) x26 0x00000001
core   0: 0x80007ad6 (0x62af4a93) xori    s5, t5, 1578
core   0: 3 0x80007ad6 (0x62af4a93) x21 0x8000f84f
core   0: 0x80007ada (0x00c928b3) slt     a7, s2, a2
core   0: 3 0x80007ada (0x00c928b3) x17 0x00000000
core   0: 0x80007ade (0x00008e25) c.xor   a2, s1
core   0: 3 0x80007ade (0x8e25) x12 0x0000001a
core   0: 0x80007ae0 (0x03ce29b3) mulhsu  s3, t3, t3
core   0: 3 0x80007ae0 (0x03ce29b3) x19 0x01954062
core   0: 0x80007ae4 (0xc538ce13) xori    t3, a7, -941
core   0: 3 0x80007ae4 (0xc538ce13) x28 0xfffffc53
core   0: 0x80007ae8 (0x00008665) c.srai  a2, 25
core   0: 3 0x80007ae8 (0x8665) x12 0x00000000
core   0: 0x80007aea (0x02af7d33) remu    s10, t5, a0
core   0: 3 0x80007aea (0x02af7d33) x26 0x08d37ec9
core   0: 0x80007aee (0x006f35b3) sltu    a1, t5, t1
core   0: 3 0x80007aee (0x006f35b3) x11 0x00000001
core   0: 0x80007af2 (0x8c37a393) slti    t2, a5, -1853
core   0: 3 0x80007af2 (0x8c37a393) x 7 0x00000000
core   0: 0x80007af6 (0x014c9913) slli    s2, s9, 20
core   0: 3 0x80007af6 (0x014c9913) x18 0x00000000
core   0: 0x80007afa (0xbc272f37) lui     t5, 0xbc272
core   0: 3 0x80007afa (0xbc272f37) x30 0xbc272000
core   0: 0x80007afe (0x2ebf0f13) addi    t5, t5, 747
core   0: 3 0x80007afe (0x2ebf0f13) x30 0xbc2722eb
core   0: 0x80007b02 (0xfff00893) li      a7, -1
core   0: 3 0x80007b02 (0xfff00893) x17 0xffffffff
core   0: 0x80007b06 (0x800007b7) lui     a5, 0x80000
core   0: 3 0x80007b06 (0x800007b7) x15 0x80000000
core   0: 0x80007b0a (0x800003b7) lui     t2, 0x80000
core   0: 3 0x80007b0a (0x800003b7) x 7 0x80000000
core   0: 0x80007b0e (0x00004501) c.li    a0, 0
core   0: 3 0x80007b0e (0x4501) x10 0x00000000
core   0: 0x80007b10 (0x80000bb7) lui     s7, 0x80000
core   0: 3 0x80007b10 (0x80000bb7) x23 0x80000000
core   0: 0x80007b14 (0x00004a01) c.li    s4, 0
core   0: 3 0x80007b14 (0x4a01) x20 0x00000000
core   0: 0x80007b16 (0xfff00313) li      t1, -1
core   0: 3 0x80007b16 (0xfff00313) x 6 0xffffffff
core   0: 0x80007b1a (0xfff00e93) li      t4, -1
core   0: 3 0x80007b1a (0xfff00e93) x29 0xffffffff
core   0: 0x80007b1e (0xfff00f93) li      t6, -1
core   0: 3 0x80007b1e (0xfff00f93) x31 0xffffffff
core   0: 0x80007b22 (0x037be7b3) rem     a5, s7, s7
core   0: 3 0x80007b22 (0x037be7b3) x15 0x00000000
core   0: 0x80007b26 (0x03e7beb3) mulhu   t4, a5, t5
core   0: 3 0x80007b26 (0x03e7beb3) x29 0x00000000
core   0: 0x80007b2a (0x027fb333) mulhu   t1, t6, t2
core   0: 3 0x80007b2a (0x027fb333) x 6 0x7fffffff
core   0: 0x80007b2e (0x03fe93b3) mulh    t2, t4, t6
core   0: 3 0x80007b2e (0x03fe93b3) x 7 0x00000000
core   0: 0x80007b32 (0x03f52f33) mulhsu  t5, a0, t6
core   0: 3 0x80007b32 (0x03f52f33) x30 0x00000000
core   0: 0x80007b36 (0x2d299797) auipc   a5, 0x2d299
core   0: 3 0x80007b36 (0x2d299797) x15 0xad2a0b36
core   0: 0x80007b3a (0x89e8b897) auipc   a7, 0x89e8b
core   0: 3 0x80007b3a (0x89e8b897) x17 0x09e92b3a
core   0: 0x80007b3e (0x69688f13) addi    t5, a7, 1686
core   0: 3 0x80007b3e (0x69688f13) x30 0x09e931d0
core   0: 0x80007b42 (0x0313c8b3) div     a7, t2, a7
core   0: 3 0x80007b42 (0x0313c8b3) x17 0x00000000
core   0: 0x80007b46 (0x034e8533) mul     a0, t4, s4
core   0: 3 0x80007b46 (0x034e8533) x10 0x00000000
core   0: 0x80007b4a (0x03d7c7b3) div     a5, a5, t4
core   0: 3 0x80007b4a (0x03d7c7b3) x15 0xffffffff
core   0: 0x80007b4e (0x03efb8b3) mulhu   a7, t6, t5
core   0: 3 0x80007b4e (0x03efb8b3) x17 0x09e931cf
core   0: 0x80007b52 (0x017e8533) add     a0, t4, s7
core   0: 3 0x80007b52 (0x017e8533) x10 0x80000000
core   0: 0x80007b56 (0xf00b6537) lui     a0, 0xf00b6
core   0: 3 0x80007b56 (0xf00b6537) x10 0xf00b6000
core   0: 0x80007b5a (0x00000001) c.nop
core   0: 3 0x80007b5a (0x0001)
core   0: 0x80007b5c (0x38bc08b7) lui     a7, 0x38bc0
core   0: 3 0x80007b5c (0x38bc08b7) x17 0x38bc0000
core   0: 0x80007b60 (0x02b03bb3) mulhu   s7, zero, a1
core   0: 3 0x80007b60 (0x02b03bb3) x23 0x00000000
core   0: 0x80007b64 (0x01edd993) srli    s3, s11, 30
core   0: 3 0x80007b64 (0x01edd993) x19 0x00000002
core   0: 0x80007b68 (0x004a1313) slli    t1, s4, 4
core   0: 3 0x80007b68 (0x004a1313) x 6 0x00000000
core   0: 0x80007b6c (0x015b2233) slt     tp, s6, s5
core   0: 3 0x80007b6c (0x015b2233) x 4 0x00000000
core   0: 0x80007b70 (0x73a2fa93) andi    s5, t0, 1850
core   0: 3 0x80007b70 (0x73a2fa93) x21 0x00000000
core   0: 0x80007b74 (0x0305ff33) remu    t5, a1, a6
core   0: 3 0x80007b74 (0x0305ff33) x30 0x00000001
core   0: 0x80007b78 (0x003013b3) sll     t2, zero, gp
core   0: 3 0x80007b78 (0x003013b3) x 7 0x00000000
core   0: 0x80007b7c (0x00006089) c.lui   ra, 0x2
core   0: 3 0x80007b7c (0x6089) x 1 0x00002000
core   0: 0x80007b7e (0x000098fd) c.andi  s1, -1
core   0: 3 0x80007b7e (0x98fd) x 9 0x00000000
core   0: 0x80007b80 (0x00ddf4b3) and     s1, s11, a3
core   0: 3 0x80007b80 (0x00ddf4b3) x 9 0x80000000
core   0: 0x80007b84 (0x0266cf33) div     t5, a3, t1
core   0: 3 0x80007b84 (0x0266cf33) x30 0xffffffff
core   0: 0x80007b88 (0x2741c913) xori    s2, gp, 628
core   0: 3 0x80007b88 (0x2741c913) x18 0x00000274
core   0: 0x80007b8c (0x00008ee5) c.and   a3, s1
core   0: 3 0x80007b8c (0x8ee5) x13 0x80000000
core   0: 0x80007b8e (0x035d59b3) divu    s3, s10, s5
core   0: 3 0x80007b8e (0x035d59b3) x19 0xffffffff
core   0: 0x80007b92 (0x02767033) remu    zero, a2, t2
core   0: 3 0x80007b92 (0x02767033)
core   0: 0x80007b96 (0x0180bd33) sltu    s10, ra, s8
core   0: 3 0x80007b96 (0x0180bd33) x26 0x00000001
core   0: 0x80007b9a (0x000008f9) c.addi  a7, 30
core   0: 3 0x80007b9a (0x08f9) x17 0x38bc001e
core   0: 0x80007b9c (0x00000a75) c.addi  s4, 29
core   0: 3 0x80007b9c (0x0a75) x20 0x0000001d
core   0: 0x80007b9e (0x45f67797) auipc   a5, 0x45f67
core   0: 3 0x80007b9e (0x45f67797) x15 0xc5f6eb9e
core   0: 0x80007ba2 (0x75feaa13) slti    s4, t4, 1887
core   0: 3 0x80007ba2 (0x75feaa13) x20 0x00000001
core   0: 0x80007ba6 (0x0181f8b3) and     a7, gp, s8
core   0: 3 0x80007ba6 (0x0181f8b3) x17 0x00000000
core   0: 0x80007baa (0x28984013) xori    zero, a6, 649
core   0: 3 0x80007baa (0x28984013)
core   0: 0x80007bae (0x00000001) c.nop
core   0: 3 0x80007bae (0x0001)
core   0: 0x80007bb0 (0x002fb033) sltu    zero, t6, sp
core   0: 3 0x80007bb0 (0x002fb033)
core   0: 0x80007bb4 (0x000082d5) c.srli  a3, 21
core   0: 3 0x80007bb4 (0x82d5) x13 0x00000400
core   0: 0x80007bb6 (0x011c9c33) sll     s8, s9, a7
core   0: 3 0x80007bb6 (0x011c9c33) x24 0x00000000
core   0: 0x80007bba (0x41ee89b3) sub     s3, t4, t5
core   0: 3 0x80007bba (0x41ee89b3) x19 0x00000001
core   0: 0x80007bbe (0x00008c01) c.sub   s0, s0
core   0: 3 0x80007bbe (0x8c01) x 8 0x00000000
core   0: 0x80007bc0 (0x100daf13) slti    t5, s11, 256
core   0: 3 0x80007bc0 (0x100daf13) x30 0x00000001
core   0: 0x80007bc4 (0x00008e75) c.and   a2, a3
core   0: 3 0x80007bc4 (0x8e75) x12 0x00000000
core   0: 0x80007bc6 (0x414ed8b3) sra     a7, t4, s4
core   0: 3 0x80007bc6 (0x414ed8b3) x17 0x00000000
core   0: 0x80007bca (0x00008635) c.srai  a2, 13
core   0: 3 0x80007bca (0x8635) x12 0x00000000
core   0: 0x80007bcc (0x00009812) c.add   a6, tp
core   0: 3 0x80007bcc (0x9812) x16 0x00000000
core   0: 0x80007bce (0x00de7233) and     tp, t3, a3
core   0: 3 0x80007bce (0x00de7233) x 4 0x00000400
core   0: 0x80007bd2 (0x00001bfd) c.addi  s7, -1
core   0: 3 0x80007bd2 (0x1bfd) x23 0xffffffff
core   0: 0x80007bd4 (0x01919b13) slli    s6, gp, 25
core   0: 3 0x80007bd4 (0x01919b13) x22 0x00000000
core   0: 0x80007bd8 (0x00000001) c.nop
core   0: 3 0x80007bd8 (0x0001)
core   0: 0x80007bda (0x4085da93) srai    s5, a1, 8
core   0: 3 0x80007bda (0x4085da93) x21 0x00000000
core   0: 0x80007bde (0x02757433) remu    s0, a0, t2
core   0: 3 0x80007bde (0x02757433) x 8 0xf00b6000
core   0: 0x80007be2 (0x03b06bb3) rem     s7, zero, s11
core   0: 3 0x80007be2 (0x03b06bb3) x23 0x00000000
core   0: 0x80007be6 (0x2b12f817) auipc   a6, 0x2b12f
core   0: 3 0x80007be6 (0x2b12f817) x16 0xab136be6
core   0: 0x80007bea (0x00000216) c.slli  tp, 5
core   0: 3 0x80007bea (0x0216) x 4 0x00008000
core   0: 0x80007bec (0x00664a33) xor     s4, a2, t1
core   0: 3 0x80007bec (0x00664a33) x20 0x00000000
core   0: 0x80007bf0 (0x00000001) c.nop
core   0: 3 0x80007bf0 (0x0001)
core   0: 0x80007bf2 (0x017d6933) or      s2, s10, s7
core   0: 3 0x80007bf2 (0x017d6933) x18 0x00000001
core   0: 0x80007bf6 (0x03762333) mulhsu  t1, a2, s7
core   0: 3 0x80007bf6 (0x03762333) x 6 0x00000000
core   0: 0x80007bfa (0x00006f9d) c.lui   t6, 0x7
core   0: 3 0x80007bfa (0x6f9d) x31 0x00007000
core   0: 0x80007bfc (0x0026d1b3) srl     gp, a3, sp
core   0: 3 0x80007bfc (0x0026d1b3) x 3 0x00000040
core   0: 0x80007c00 (0x0000019e) c.slli  gp, 7
core   0: 3 0x80007c00 (0x019e) x 3 0x00002000
core   0: 0x80007c02 (0x01bca533) slt     a0, s9, s11
core   0: 3 0x80007c02 (0x01bca533) x10 0x00000000
core   0: 0x80007c06 (0x02758cb3) mul     s9, a1, t2
core   0: 3 0x80007c06 (0x02758cb3) x25 0x00000000
core   0: 0x80007c0a (0x40f153b3) sra     t2, sp, a5
core   0: 3 0x80007c0a (0x40f153b3) x 7 0xfffffffe
core   0: 0x80007c0e (0x41cb08b3) sub     a7, s6, t3
core   0: 3 0x80007c0e (0x41cb08b3) x17 0x000003ad
core   0: 0x80007c12 (0x00009cc6) c.add   s9, a7
core   0: 3 0x80007c12 (0x9cc6) x25 0x000003ad
core   0: 0x80007c14 (0x00008a01) c.andi  a2, 0
core   0: 3 0x80007c14 (0x8a01) x12 0x00000000
core   0: 0x80007c16 (0x01ef5c93) srli    s9, t5, 30
core   0: 3 0x80007c16 (0x01ef5c93) x25 0x00000000
core   0: 0x80007c1a (0x032e4b33) div     s6, t3, s2
core   0: 3 0x80007c1a (0x032e4b33) x22 0xfffffc53
core   0: 0x80007c1e (0x022c8e33) mul     t3, s9, sp
core   0: 3 0x80007c1e (0x022c8e33) x28 0x00000000
core   0: 0x80007c22 (0x00004b81) c.li    s7, 0
core   0: 3 0x80007c22 (0x4b81) x23 0x00000000
core   0: 0x80007c24 (0xfff00c93) li      s9, -1
core   0: 3 0x80007c24 (0xfff00c93) x25 0xffffffff
core   0: 0x80007c28 (0x00004c01) c.li    s8, 0
core   0: 3 0x80007c28 (0x4c01) x24 0x00000000
core   0: 0x80007c2a (0xfff00913) li      s2, -1
core   0: 3 0x80007c2a (0xfff00913) x18 0xffffffff
core   0: 0x80007c2e (0x800004b7) lui     s1, 0x80000
core   0: 3 0x80007c2e (0x800004b7) x 9 0x80000000
core   0: 0x80007c32 (0x00004d01) c.li    s10, 0
core   0: 3 0x80007c32 (0x4d01) x26 0x00000000
core   0: 0x80007c34 (0x1c9f38b7) lui     a7, 0x1c9f3
core   0: 3 0x80007c34 (0x1c9f38b7) x17 0x1c9f3000
core   0: 0x80007c38 (0x23c88893) addi    a7, a7, 572
core   0: 3 0x80007c38 (0x23c88893) x17 0x1c9f323c
core   0: 0x80007c3c (0x800002b7) lui     t0, 0x80000
core   0: 3 0x80007c3c (0x800002b7) x 5 0x80000000
core   0: 0x80007c40 (0x00004681) c.li    a3, 0
core   0: 3 0x80007c40 (0x4681) x13 0x00000000
core   0: 0x80007c42 (0xfff00313) li      t1, -1
core   0: 3 0x80007c42 (0xfff00313) x 6 0xffffffff
core   0: 0x80007c46 (0x02d35bb3) divu    s7, t1, a3
core   0: 3 0x80007c46 (0x02d35bb3) x23 0xffffffff
core   0: 0x80007c4a (0x1dfc8293) addi    t0, s9, 479
core   0: 3 0x80007c4a (0x1dfc8293) x 5 0x000001de
core   0: 0x80007c4e (0x029cd6b3) divu    a3, s9, s1
core   0: 3 0x80007c4e (0x029cd6b3) x13 0x00000001
core   0: 0x80007c52 (0x037b88b3) mul     a7, s7, s7
core   0: 3 0x80007c52 (0x037b88b3) x17 0x00000001
core   0: 0x80007c56 (0x03a2b333) mulhu   t1, t0, s10
core   0: 3 0x80007c56 (0x03a2b333) x 6 0x00000000
core   0: 0x80007c5a (0x029cc933) div     s2, s9, s1
core   0: 3 0x80007c5a (0x029cc933) x18 0x00000000
core   0: 0x80007c5e (0x0266f2b3) remu    t0, a3, t1
core   0: 3 0x80007c5e (0x0266f2b3) x 5 0x00000001
core   0: 0x80007c62 (0x037c7bb3) remu    s7, s8, s7
core   0: 3 0x80007c62 (0x037c7bb3) x23 0x00000000
core   0: 0x80007c66 (0x031c72b3) remu    t0, s8, a7
core   0: 3 0x80007c66 (0x031c72b3) x 5 0x00000000
core   0: 0x80007c6a (0x026d12b3) mulh    t0, s10, t1
core   0: 3 0x80007c6a (0x026d12b3) x 5 0x00000000
core   0: 0x80007c6e (0x03ac3c33) mulhu   s8, s8, s10
core   0: 3 0x80007c6e (0x03ac3c33) x24 0x00000000
core   0: 0x80007c72 (0x039b9333) mulh    t1, s7, s9
core   0: 3 0x80007c72 (0x039b9333) x 6 0x00000000
core   0: 0x80007c76 (0x026ce333) rem     t1, s9, t1
core   0: 3 0x80007c76 (0x026ce333) x 6 0xffffffff
core   0: 0x80007c7a (0x03788d33) mul     s10, a7, s7
core   0: 3 0x80007c7a (0x03788d33) x26 0x00000000
core   0: 0x80007c7e (0x82cd5c97) auipc   s9, 0x82cd5
core   0: 3 0x80007c7e (0x82cd5c97) x25 0x02cdcc7e
core   0: 0x80007c82 (0x025d3c33) mulhu   s8, s10, t0
core   0: 3 0x80007c82 (0x025d3c33) x24 0x00000000
core   0: 0x80007c86 (0x0318b6b3) mulhu   a3, a7, a7
core   0: 3 0x80007c86 (0x0318b6b3) x13 0x00000000
core   0: 0x80007c8a (0x0298dc33) divu    s8, a7, s1
core   0: 3 0x80007c8a (0x0298dc33) x24 0x00000000
core   0: 0x80007c8e (0x402f5e93) srai    t4, t5, 2
core   0: 3 0x80007c8e (0x402f5e93) x29 0x00000000
core   0: 0x80007c92 (0x40295913) srai    s2, s2, 2
core   0: 3 0x80007c92 (0x40295913) x18 0x00000000
core   0: 0x80007c96 (0x00008479) c.srai  s0, 30
core   0: 3 0x80007c96 (0x8479) x 8 0xffffffff
core   0: 0x80007c98 (0x00006e1d) c.lui   t3, 0x7
core   0: 3 0x80007c98 (0x6e1d) x28 0x00007000
core   0: 0x80007c9a (0x0151aa33) slt     s4, gp, s5
core   0: 3 0x80007c9a (0x0151aa33) x20 0x00000000
core   0: 0x80007c9e (0x000085d5) c.srai  a1, 21
core   0: 3 0x80007c9e (0x85d5) x11 0x00000000
core   0: 0x80007ca0 (0xf54d0493) addi    s1, s10, -172
core   0: 3 0x80007ca0 (0xf54d0493) x 9 0xffffff54
core   0: 0x80007ca4 (0x00000001) c.nop
core   0: 3 0x80007ca4 (0x0001)
core   0: 0x80007ca6 (0x00492eb3) slt     t4, s2, tp
core   0: 3 0x80007ca6 (0x00492eb3) x29 0x00000001
core   0: 0x80007caa (0x00006e95) c.lui   t4, 0x5
core   0: 3 0x80007caa (0x6e95) x29 0x00005000
core   0: 0x80007cac (0x00000001) c.nop
core   0: 3 0x80007cac (0x0001)
core   0: 0x80007cae (0x00000001) c.nop
core   0: 3 0x80007cae (0x0001)
core   0: 0x80007cb0 (0x00000001) c.nop
core   0: 3 0x80007cb0 (0x0001)
core   0: 0x80007cb2 (0x41f7b917) auipc   s2, 0x41f7b
core   0: 3 0x80007cb2 (0x41f7b917) x18 0xc1f82cb2
core   0: 0x80007cb6 (0x01001993) slli    s3, zero, 16
core   0: 3 0x80007cb6 (0x01001993) x19 0x00000000
core   0: 0x80007cba (0x0000489d) c.li    a7, 7
core   0: 3 0x80007cba (0x489d) x17 0x00000007
core   0: 0x80007cbc (0x15a0f813) andi    a6, ra, 346
core   0: 3 0x80007cbc (0x15a0f813) x16 0x00000000
core   0: 0x80007cc0 (0x03fb5e33) divu    t3, s6, t6
core   0: 3 0x80007cc0 (0x03fb5e33) x28 0x00024924
core   0: 0x80007cc4 (0x010f8bb3) add     s7, t6, a6
core   0: 3 0x80007cc4 (0x010f8bb3) x23 0x00007000
core   0: 0x80007cc8 (0x00008a01) c.andi  a2, 0
core   0: 3 0x80007cc8 (0x8a01) x12 0x00000000
core   0: 0x80007cca (0x00006b11) c.lui   s6, 0x4
core   0: 3 0x80007cca (0x6b11) x22 0x00004000
core   0: 0x80007ccc (0x021b6e33) rem     t3, s6, ra
core   0: 3 0x80007ccc (0x021b6e33) x28 0x00000000
core   0: 0x80007cd0 (0x00000001) c.nop
core   0: 3 0x80007cd0 (0x0001)
core   0: 0x80007cd2 (0x000090ce) c.add   ra, s3
core   0: 3 0x80007cd2 (0x90ce) x 1 0x00002000
core   0: 0x80007cd4 (0x418dc313) xori    t1, s11, 1048
core   0: 3 0x80007cd4 (0x418dc313) x 6 0x80000418
core   0: 0x80007cd8 (0x00008e8d) c.sub   a3, a1
core   0: 3 0x80007cd8 (0x8e8d) x13 0x00000000
core   0: 0x80007cda (0x41c4df93) srai    t6, s1, 28
core   0: 3 0x80007cda (0x41c4df93) x31 0xffffffff
core   0: 0x80007cde (0x03050433) mul     s0, a0, a6
core   0: 3 0x80007cde (0x03050433) x 8 0x00000000
core   0: 0x80007ce2 (0x02938533) mul     a0, t2, s1
core   0: 3 0x80007ce2 (0x02938533) x10 0x00000158
core   0: 0x80007ce6 (0xc6874c93) xori    s9, a4, -920
core   0: 3 0x80007ce6 (0xc6874c93) x25 0x7fff020c
core   0: 0x80007cea (0x03b6fc33) remu    s8, a3, s11
core   0: 3 0x80007cea (0x03b6fc33) x24 0x00000000
core   0: 0x80007cee (0x02befe33) remu    t3, t4, a1
core   0: 3 0x80007cee (0x02befe33) x28 0x00005000
core   0: 0x80007cf2 (0x00008cf5) c.and   s1, a3
core   0: 3 0x80007cf2 (0x8cf5) x 9 0x00000000
core   0: 0x80007cf4 (0x00008ffd) c.and   a5, a5
core   0: 3 0x80007cf4 (0x8ffd) x15 0xc5f6eb9e
core   0: 0x80007cf6 (0x00000001) c.nop
core   0: 3 0x80007cf6 (0x0001)
core   0: 0x80007cf8 (0x76416413) ori     s0, sp, 1892
core   0: 3 0x80007cf8 (0x76416413) x 8 0x80013fe4
core   0: 0x80007cfc (0x7d548193) addi    gp, s1, 2005
core   0: 3 0x80007cfc (0x7d548193) x 3 0x000007d5
core   0: 0x80007d00 (0x204ff213) andi    tp, t6, 516
core   0: 3 0x80007d00 (0x204ff213) x 4 0x00000204
core   0: 0x80007d04 (0x00008c1d) c.sub   s0, a5
core   0: 3 0x80007d04 (0x8c1d) x 8 0xba0a5446
core   0: 0x80007d06 (0x00932633) slt     a2, t1, s1
core   0: 3 0x80007d06 (0x00932633) x12 0x00000001
core   0: 0x80007d0a (0xd63170b7) lui     ra, 0xd6317
core   0: 3 0x80007d0a (0xd63170b7) x 1 0xd6317000
core   0: 0x80007d0e (0xf8433b13) sltiu   s6, t1, -124
core   0: 3 0x80007d0e (0xf8433b13) x22 0x00000001
core   0: 0x80007d12 (0x00000001) c.nop
core   0: 3 0x80007d12 (0x0001)
core   0: 0x80007d14 (0x00008ff5) c.and   a5, a3
core   0: 3 0x80007d14 (0x8ff5) x15 0x00000000
core   0: 0x80007d16 (0x00008fd2) c.mv    t6, s4
core   0: 3 0x80007d16 (0x8fd2) x31 0x00000000
core   0: 0x80007d18 (0x021144b3) div     s1, sp, ra
core   0: 3 0x80007d18 (0x021144b3) x 9 0x00000003
core   0: 0x80007d1c (0x0000663d) c.lui   a2, 0xf
core   0: 3 0x80007d1c (0x663d) x12 0x0000f000
core   0: 0x80007d1e (0x004f9593) slli    a1, t6, 4
core   0: 3 0x80007d1e (0x004f9593) x11 0x00000000
core   0: 0x80007d22 (0x00008a25) c.andi  a2, 9
core   0: 3 0x80007d22 (0x8a25) x12 0x00000000
core   0: 0x80007d24 (0xe55f6c17) auipc   s8, 0xe55f6
core   0: 3 0x80007d24 (0xe55f6c17) x24 0x655fdd24
core   0: 0x80007d28 (0x00b6a8b3) slt     a7, a3, a1
core   0: 3 0x80007d28 (0x00b6a8b3) x17 0x00000000
core   0: 0x80007d2c (0x407cd7b3) sra     a5, s9, t2
core   0: 3 0x80007d2c (0x407cd7b3) x15 0x00000001
core   0: 0x80007d30 (0xd32c6a13) ori     s4, s8, -718
core   0: 3 0x80007d30 (0xd32c6a13) x20 0xfffffd36
core   0: 0x80007d34 (0x010025b3) slt     a1, zero, a6
core   0: 3 0x80007d34 (0x010025b3) x11 0x00000000
core   0: 0x80007d38 (0x5d4dab13) slti    s6, s11, 1492
core   0: 3 0x80007d38 (0x5d4dab13) x22 0x00000001
core   0: 0x80007d3c (0x014076b3) and     a3, zero, s4
core   0: 3 0x80007d3c (0x014076b3) x13 0x00000000
core   0: 0x80007d40 (0x003269b3) or      s3, tp, gp
core   0: 3 0x80007d40 (0x003269b3) x19 0x000007d5
core   0: 0x80007d44 (0x00008575) c.srai  a0, 29
core   0: 3 0x80007d44 (0x8575) x10 0x00000000
core   0: 0x80007d46 (0x2f422097) auipc   ra, 0x2f422
core   0: 3 0x80007d46 (0x2f422097) x 1 0xaf429d46
core   0: 0x80007d4a (0xafa2fe93) andi    t4, t0, -1286
core   0: 3 0x80007d4a (0xafa2fe93) x29 0x00000000
core   0: 0x80007d4e (0x00008e31) c.xor   a2, a2
core   0: 3 0x80007d4e (0x8e31) x12 0x00000000
core   0: 0x80007d50 (0x000083c1) c.srli  a5, 16
core   0: 3 0x80007d50 (0x83c1) x15 0x00000000
core   0: 0x80007d52 (0x0231ecb3) rem     s9, gp, gp
core   0: 3 0x80007d52 (0x0231ecb3) x25 0x00000000
core   0: 0x80007d56 (0x00008eed) c.and   a3, a1
core   0: 3 0x80007d56 (0x8eed) x13 0x00000000
core   0: 0x80007d58 (0x006fc833) xor     a6, t6, t1
core   0: 3 0x80007d58 (0x006fc833) x16 0x80000418
core   0: 0x80007d5c (0x019933b3) sltu    t2, s2, s9
core   0: 3 0x80007d5c (0x019933b3) x 7 0x00000000
core   0: 0x80007d60 (0x87bff313) andi    t1, t6, -1925
core   0: 3 0x80007d60 (0x87bff313) x 6 0x00000000
core   0: 0x80007d64 (0x4041dab3) sra     s5, gp, tp
core   0: 3 0x80007d64 (0x4041dab3) x21 0x0000007d
core   0: 0x80007d68 (0x019a9b33) sll     s6, s5, s9
core   0: 3 0x80007d68 (0x019a9b33) x22 0x0000007d
core   0: 0x80007d6c (0x01af5f13) srli    t5, t5, 26
core   0: 3 0x80007d6c (0x01af5f13) x30 0x00000000
core   0: 0x80007d70 (0x00800033) add     zero, zero, s0
core   0: 3 0x80007d70 (0x00800033)
core   0: 0x80007d74 (0x4139d333) sra     t1, s3, s3
core   0: 3 0x80007d74 (0x4139d333) x 6 0x00000000
core   0: 0x80007d78 (0x13ae8413) addi    s0, t4, 314
core   0: 3 0x80007d78 (0x13ae8413) x 8 0x0000013a
core   0: 0x80007d7c (0x400a5bb3) sra     s7, s4, zero
core   0: 3 0x80007d7c (0x400a5bb3) x23 0xfffffd36
core   0: 0x80007d80 (0x00450eb3) add     t4, a0, tp
core   0: 3 0x80007d80 (0x00450eb3) x29 0x00000204
core   0: 0x80007d84 (0x00000001) c.nop
core   0: 3 0x80007d84 (0x0001)
core   0: 0x80007d86 (0x00000001) c.nop
core   0: 3 0x80007d86 (0x0001)
core   0: 0x80007d88 (0x2a490093) addi    ra, s2, 676
core   0: 3 0x80007d88 (0x2a490093) x 1 0xc1f82f56
core   0: 0x80007d8c (0x417883b3) sub     t2, a7, s7
core   0: 3 0x80007d8c (0x417883b3) x 7 0x000002ca
core   0: 0x80007d90 (0x00008fad) c.xor   a5, a1
core   0: 3 0x80007d90 (0x8fad) x15 0x00000000
core   0: 0x80007d92 (0x021a29b3) mulhsu  s3, s4, ra
core   0: 3 0x80007d92 (0x021a29b3) x19 0xfffffde3
core   0: 0x80007d96 (0x00000001) c.nop
core   0: 3 0x80007d96 (0x0001)
core   0: 0x80007d98 (0x0361c333) div     t1, gp, s6
core   0: 3 0x80007d98 (0x0361c333) x 6 0x00000010
core   0: 0x80007d9c (0x032b3833) mulhu   a6, s6, s2
core   0: 3 0x80007d9c (0x032b3833) x16 0x0000005e
core   0: 0x80007da0 (0x01645f33) srl     t5, s0, s6
core   0: 3 0x80007da0 (0x01645f33) x30 0x00000000
core   0: 0x80007da4 (0x00000001) c.nop
core   0: 3 0x80007da4 (0x0001)
core   0: 0x80007da6 (0x3481ac37) lui     s8, 0x3481a
core   0: 3 0x80007da6 (0x3481ac37) x24 0x3481a000
core   0: 0x80007daa (0x00008571) c.srai  a0, 28
core   0: 3 0x80007daa (0x8571) x10 0x00000000
core   0: 0x80007dac (0x00008c51) c.or    s0, a2
core   0: 3 0x80007dac (0x8c51) x 8 0x0000013a
core   0: 0x80007dae (0x0324b7b3) mulhu   a5, s1, s2
core   0: 3 0x80007dae (0x0324b7b3) x15 0x00000002
core   0: 0x80007db2 (0x259d6217) auipc   tp, 0x259d6
core   0: 3 0x80007db2 (0x259d6217) x 4 0xa59dddb2
core   0: 0x80007db6 (0x001b7eb3) and     t4, s6, ra
core   0: 3 0x80007db6 (0x001b7eb3) x29 0x00000054
core   0: 0x80007dba (0x012ed2b3) srl     t0, t4, s2
core   0: 3 0x80007dba (0x012ed2b3) x 5 0x00000000
core   0: 0x80007dbe (0x00646033) or      zero, s0, t1
core   0: 3 0x80007dbe (0x00646033)
core   0: 0x80007dc2 (0x00008391) c.srli  a5, 4
core   0: 3 0x80007dc2 (0x8391) x15 0x00000000
core   0: 0x80007dc4 (0x01d9db33) srl     s6, s3, t4
core   0: 3 0x80007dc4 (0x01d9db33) x22 0x00000fff
core   0: 0x80007dc8 (0x028efb13) andi    s6, t4, 40
core   0: 3 0x80007dc8 (0x028efb13) x22 0x00000000
core   0: 0x80007dcc (0x00000001) c.nop
core   0: 3 0x80007dcc (0x0001)
core   0: 0x80007dce (0x027389b3) mul     s3, t2, t2
core   0: 3 0x80007dce (0x027389b3) x19 0x0007c764
core   0: 0x80007dd2 (0x00017433) and     s0, sp, zero
core   0: 3 0x80007dd2 (0x00017433) x 8 0x00000000
core   0: 0x80007dd6 (0x00008d7d) c.and   a0, a5
core   0: 3 0x80007dd6 (0x8d7d) x10 0x00000000
core   0: 0x80007dd8 (0x60a53893) sltiu   a7, a0, 1546
core   0: 3 0x80007dd8 (0x60a53893) x17 0x00000001
core   0: 0x80007ddc (0x40275413) srai    s0, a4, 2
core   0: 3 0x80007ddc (0x40275413) x 8 0xe0003f99
core   0: 0x80007de0 (0x03c2aab3) mulhsu  s5, t0, t3
core   0: 3 0x80007de0 (0x03c2aab3) x21 0x00000000
core   0: 0x80007de4 (0xd5952093) slti    ra, a0, -679
core   0: 3 0x80007de4 (0xd5952093) x 1 0x00000000
core   0: 0x80007de8 (0xa5ccd8b7) lui     a7, 0xa5ccd
core   0: 3 0x80007de8 (0xa5ccd8b7) x17 0xa5ccd000
core   0: 0x80007dec (0x00000001) c.nop
core   0: 3 0x80007dec (0x0001)
core   0: 0x80007dee (0x5ea40e13) addi    t3, s0, 1514
core   0: 3 0x80007dee (0x5ea40e13) x28 0xe0004583
core   0: 0x80007df2 (0x03d00033) mul     zero, zero, t4
core   0: 3 0x80007df2 (0x03d00033)
core   0: 0x80007df6 (0x00008c6d) c.and   s0, a1
core   0: 3 0x80007df6 (0x8c6d) x 8 0x00000000
core   0: 0x80007df8 (0x000055fd) c.li    a1, -1
core   0: 3 0x80007df8 (0x55fd) x11 0xffffffff
core   0: 0x80007dfa (0x00008fb9) c.xor   a5, a4
core   0: 3 0x80007dfa (0x8fb9) x15 0x8000fe64
core   0: 0x80007dfc (0x000080be) c.mv    ra, a5
core   0: 3 0x80007dfc (0x80be) x 1 0x8000fe64
core   0: 0x80007dfe (0x37053693) sltiu   a3, a0, 880
core   0: 3 0x80007dfe (0x37053693) x13 0x00000001
core   0: 0x80007e02 (0x8ddf8f93) addi    t6, t6, -1827
core   0: 3 0x80007e02 (0x8ddf8f93) x31 0xfffff8dd
core   0: 0x80007e06 (0x00000001) c.nop
core   0: 3 0x80007e06 (0x0001)
core   0: 0x80007e08 (0x0192ccb3) xor     s9, t0, s9
core   0: 3 0x80007e08 (0x0192ccb3) x25 0x00000000
core   0: 0x80007e0c (0x00005b7d) c.li    s6, -1
core   0: 3 0x80007e0c (0x5b7d) x22 0xffffffff
core   0: 0x80007e0e (0x00fcb833) sltu    a6, s9, a5
core   0: 3 0x80007e0e (0x00fcb833) x16 0x00000001
core   0: 0x80007e12 (0x02fb3e33) mulhu   t3, s6, a5
core   0: 3 0x80007e12 (0x02fb3e33) x28 0x8000fe63
core   0: 0x80007e16 (0x02749933) mulh    s2, s1, t2
core   0: 3 0x80007e16 (0x02749933) x18 0x00000000
core   0: 0x80007e1a (0x00c91293) slli    t0, s2, 12
core   0: 3 0x80007e1a (0x00c91293) x 5 0x00000000
core   0: 0x80007e1e (0x41d58ab3) sub     s5, a1, t4
core   0: 3 0x80007e1e (0x41d58ab3) x21 0xffffffab
core   0: 0x80007e22 (0x00000001) c.nop
core   0: 3 0x80007e22 (0x0001)
core   0: 0x80007e24 (0x414bc197) auipc   gp, 0x414bc
core   0: 3 0x80007e24 (0x414bc197) x 3 0xc14c3e24
core   0: 0x80007e28 (0x00008551) c.srai  a0, 20
core   0: 3 0x80007e28 (0x8551) x10 0x00000000
core   0: 0x80007e2a (0x00b3c1b3) xor     gp, t2, a1
core   0: 3 0x80007e2a (0x00b3c1b3) x 3 0xfffffd35
core   0: 0x80007e2e (0x03dc4f33) div     t5, s8, t4
core   0: 3 0x80007e2e (0x03dc4f33) x30 0x00a004f3
core   0: 0x80007e32 (0x003355b3) srl     a1, t1, gp
core   0: 3 0x80007e32 (0x003355b3) x11 0x00000000
core   0: 0x80007e36 (0x0029c1b3) xor     gp, s3, sp
core   0: 3 0x80007e36 (0x0029c1b3) x 3 0x8006fb80
core   0: 0x80007e3a (0x00f81613) slli    a2, a6, 15
core   0: 3 0x80007e3a (0x00f81613) x12 0x00008000
core   0: 0x80007e3e (0x00008c9d) c.sub   s1, a5
core   0: 3 0x80007e3e (0x8c9d) x 9 0x7fff019f
core   0: 0x80007e40 (0x00008eb9) c.xor   a3, a4
core   0: 3 0x80007e40 (0x8eb9) x13 0x8000fe65
core   0: 0x80007e42 (0x40cfd413) srai    s0, t6, 12
core   0: 3 0x80007e42 (0x40cfd413) x 8 0xffffffff
core   0: 0x80007e46 (0x0108aab3) slt     s5, a7, a6
core   0: 3 0x80007e46 (0x0108aab3) x21 0x00000001
core   0: 0x80007e4a (0x000003f2) c.slli  t2, 28
core   0: 3 0x80007e4a (0x03f2) x 7 0xa0000000
core   0: 0x80007e4c (0x0042c0b3) xor     ra, t0, tp
core   0: 3 0x80007e4c (0x0042c0b3) x 1 0xa59dddb2
core   0: 0x80007e50 (0x026915b3) mulh    a1, s2, t1
core   0: 3 0x80007e50 (0x026915b3) x11 0x00000000
core   0: 0x80007e54 (0x022a6d33) rem     s10, s4, sp
core   0: 3 0x80007e54 (0x022a6d33) x26 0xfffffd36
core   0: 0x80007e58 (0x00008e35) c.xor   a2, a3
core   0: 3 0x80007e58 (0x8e35) x12 0x80007e65
core   0: 0x80007e5a (0x0000944a) c.add   s0, s2
core   0: 3 0x80007e5a (0x944a) x 8 0xffffffff
core   0: 0x80007e5c (0x00000001) c.nop
core   0: 3 0x80007e5c (0x0001)
core   0: 0x80007e5e (0x00000526) c.slli  a0, 9
core   0: 3 0x80007e5e (0x0526) x10 0x00000000
core   0: 0x80007e60 (0x50167093) andi    ra, a2, 1281
core   0: 3 0x80007e60 (0x50167093) x 1 0x00000401
core   0: 0x80007e64 (0x000083ad) c.srli  a5, 11
core   0: 3 0x80007e64 (0x83ad) x15 0x0010001f
core   0: 0x80007e66 (0x22395e97) auipc   t4, 0x22395
core   0: 3 0x80007e66 (0x22395e97) x29 0xa239ce66
core   0: 0x80007e6a (0xe6af93b7) lui     t2, 0xe6af9
core   0: 3 0x80007e6a (0xe6af93b7) x 7 0xe6af9000
core   0: 0x80007e6e (0x01c45d13) srli    s10, s0, 28
core   0: 3 0x80007e6e (0x01c45d13) x26 0x0000000f
core   0: 0x80007e72 (0x00008b76) c.mv    s6, t4
core   0: 3 0x80007e72 (0x8b76) x22 0xa239ce66
core   0: 0x80007e74 (0x035c2fb3) mulhsu  t6, s8, s5
core   0: 3 0x80007e74 (0x035c2fb3) x31 0x00000000
core   0: 0x80007e78 (0x00008ded) c.and   a1, a1
core   0: 3 0x80007e78 (0x8ded) x11 0x00000000
core   0: 0x80007e7a (0x00009422) c.add   s0, s0
core   0: 3 0x80007e7a (0x9422) x 8 0xfffffffe
core   0: 0x80007e7c (0x014a7b33) and     s6, s4, s4
core   0: 3 0x80007e7c (0x014a7b33) x22 0xfffffd36
core   0: 0x80007e80 (0xb8310693) addi    a3, sp, -1149
core   0: 3 0x80007e80 (0xb8310693) x13 0x80013867
core   0: 0x80007e84 (0x000082d2) c.mv    t0, s4
core   0: 3 0x80007e84 (0x82d2) x 5 0xfffffd36
core   0: 0x80007e86 (0x0340aeb3) mulhsu  t4, ra, s4
core   0: 3 0x80007e86 (0x0340aeb3) x29 0x00000400
core   0: 0x80007e8a (0x000000ea) c.slli  ra, 26
core   0: 3 0x80007e8a (0x00ea) x 1 0x04000000
core   0: 0x80007e8c (0x02ca35b3) mulhu   a1, s4, a2
core   0: 3 0x80007e8c (0x02ca35b3) x11 0x80007cff
core   0: 0x80007e90 (0x02a5f4b3) remu    s1, a1, a0
core   0: 3 0x80007e90 (0x02a5f4b3) x 9 0x80007cff
core   0: 0x80007e94 (0x01cf5093) srli    ra, t5, 28
core   0: 3 0x80007e94 (0x01cf5093) x 1 0x00000000
core   0: 0x80007e98 (0xd2a50417) auipc   s0, 0xd2a50
core   0: 3 0x80007e98 (0xd2a50417) x 8 0x52a57e98
core   0: 0x80007e9c (0x00008e81) c.sub   a3, s0
core   0: 3 0x80007e9c (0x8e81) x13 0x2d5bb9cf
core   0: 0x80007e9e (0x000087a5) c.srai  a5, 9
core   0: 3 0x80007e9e (0x87a5) x15 0x00000800
core   0: 0x80007ea0 (0x02324933) div     s2, tp, gp
core   0: 3 0x80007ea0 (0x02324933) x18 0x00000000
core   0: 0x80007ea4 (0xaa0a0b93) addi    s7, s4, -1376
core   0: 3 0x80007ea4 (0xaa0a0b93) x23 0xfffff7d6
core   0: 0x80007ea8 (0x00008c99) c.sub   s1, a4
core   0: 3 0x80007ea8 (0x8c99) x 9 0xffff7e9b
core   0: 0x80007eaa (0x00000001) c.nop
core   0: 3 0x80007eaa (0x0001)
core   0: 0x80007eac (0x00000001) c.nop
core   0: 3 0x80007eac (0x0001)
core   0: 0x80007eae (0x018c2833) slt     a6, s8, s8
core   0: 3 0x80007eae (0x018c2833) x16 0x00000000
core   0: 0x80007eb2 (0x661bf7b7) lui     a5, 0x661bf
core   0: 3 0x80007eb2 (0x661bf7b7) x15 0x661bf000
core   0: 0x80007eb6 (0x00000001) c.nop
core   0: 3 0x80007eb6 (0x0001)
core   0: 0x80007eb8 (0x0135e633) or      a2, a1, s3
core   0: 3 0x80007eb8 (0x0135e633) x12 0x8007ffff
core   0: 0x80007ebc (0x038422b3) mulhsu  t0, s0, s8
core   0: 3 0x80007ebc (0x038422b3) x 5 0x10f376c3
core   0: 0x80007ec0 (0x019cd193) srli    gp, s9, 25
core   0: 3 0x80007ec0 (0x019cd193) x 3 0x00000000
core   0: 0x80007ec4 (0x00000001) c.nop
core   0: 3 0x80007ec4 (0x0001)
core   0: 0x80007ec6 (0x018b3bb3) sltu    s7, s6, s8
core   0: 3 0x80007ec6 (0x018b3bb3) x23 0x00000000
core   0: 0x80007eca (0xdc268813) addi    a6, a3, -574
core   0: 3 0x80007eca (0xdc268813) x16 0x2d5bb791
core   0: 0x80007ece (0x00008d49) c.or    a0, a0
core   0: 3 0x80007ece (0x8d49) x10 0x00000000
core   0: 0x80007ed0 (0x000082cd) c.srli  a3, 19
core   0: 3 0x80007ed0 (0x82cd) x13 0x000005ab
core   0: 0x80007ed2 (0x00008d11) c.sub   a0, a2
core   0: 3 0x80007ed2 (0x8d11) x10 0x7ff80001
core   0: 0x80007ed4 (0x03f397b3) mulh    a5, t2, t6
core   0: 3 0x80007ed4 (0x03f397b3) x15 0x00000000
core   0: 0x80007ed8 (0x5c46a613) slti    a2, a3, 1476
core   0: 3 0x80007ed8 (0x5c46a613) x12 0x00000001
core   0: 0x80007edc (0x41c8dc93) srai    s9, a7, 28
core   0: 3 0x80007edc (0x41c8dc93) x25 0xfffffffa
core   0: 0x80007ee0 (0x00605b93) srli    s7, zero, 6
core   0: 3 0x80007ee0 (0x00605b93) x23 0x00000000
core   0: 0x80007ee4 (0x00009afd) c.andi  a3, -1
core   0: 3 0x80007ee4 (0x9afd) x13 0x000005ab
core   0: 0x80007ee6 (0x01641bb3) sll     s7, s0, s6
core   0: 3 0x80007ee6 (0x01641bb3) x23 0xa6000000
core   0: 0x80007eea (0x016539b3) sltu    s3, a0, s6
core   0: 3 0x80007eea (0x016539b3) x19 0x00000001
core   0: 0x80007eee (0x00008e45) c.or    a2, s1
core   0: 3 0x80007eee (0x8e45) x12 0xffff7e9b
core   0: 0x80007ef0 (0x40e35bb3) sra     s7, t1, a4
core   0: 3 0x80007ef0 (0x40e35bb3) x23 0x00000001
core   0: 0x80007ef4 (0x01a49013) slli    zero, s1, 26
core   0: 3 0x80007ef4 (0x01a49013)
core   0: 0x80007ef8 (0x00008295) c.srli  a3, 5
core   0: 3 0x80007ef8 (0x8295) x13 0x0000002d
core   0: 0x80007efa (0xcd5a8793) addi    a5, s5, -811
core   0: 3 0x80007efa (0xcd5a8793) x15 0xfffffcd6
core   0: 0x80007efe (0x00008ee1) c.and   a3, s0
core   0: 3 0x80007efe (0x8ee1) x13 0x00000008
core   0: 0x80007f00 (0x00925693) srli    a3, tp, 9
core   0: 3 0x80007f00 (0x00925693) x13 0x0052ceee
core   0: 0x80007f04 (0xd41dbc93) sltiu   s9, s11, -703
core   0: 3 0x80007f04 (0xd41dbc93) x25 0x00000001
core   0: 0x80007f08 (0x039804b3) mul     s1, a6, s9
core   0: 3 0x80007f08 (0x039804b3) x 9 0x2d5bb791
core   0: 0x80007f0c (0x00008d61) c.and   a0, s0
core   0: 3 0x80007f0c (0x8d61) x10 0x52a00000
core   0: 0x80007f0e (0x000000ca) c.slli  ra, 18
core   0: 3 0x80007f0e (0x00ca) x 1 0x00000000
core   0: 0x80007f10 (0x00006a7d) c.lui   s4, 0x1f
core   0: 3 0x80007f10 (0x6a7d) x20 0x0001f000
core   0: 0x80007f12 (0x1a332c93) slti    s9, t1, 419
core   0: 3 0x80007f12 (0x1a332c93) x25 0x00000001
core   0: 0x80007f16 (0x01ab34b3) sltu    s1, s6, s10
core   0: 3 0x80007f16 (0x01ab34b3) x 9 0x00000000
core   0: 0x80007f1a (0x8fc94993) xori    s3, s2, -1796
core   0: 3 0x80007f1a (0x8fc94993) x19 0xfffff8fc
core   0: 0x80007f1e (0x024595b3) mulh    a1, a1, tp
core   0: 3 0x80007f1e (0x024595b3) x11 0x2d30e505
core   0: 0x80007f22 (0x021c1b33) mulh    s6, s8, ra
core   0: 3 0x80007f22 (0x021c1b33) x22 0x00000000
core   0: 0x80007f26 (0x00008dd1) c.or    a1, a2
core   0: 3 0x80007f26 (0x8dd1) x11 0xffffff9f
core   0: 0x80007f28 (0x41018333) sub     t1, gp, a6
core   0: 3 0x80007f28 (0x41018333) x 6 0xd2a4486f
core   0: 0x80007f2c (0x00b18c33) add     s8, gp, a1
core   0: 3 0x80007f2c (0x00b18c33) x24 0xffffff9f
core   0: 0x80007f30 (0x002e0433) add     s0, t3, sp
core   0: 3 0x80007f30 (0x002e0433) x 8 0x00023b47
core   0: 0x80007f34 (0x03f646b3) div     a3, a2, t6
core   0: 3 0x80007f34 (0x03f646b3) x13 0xffffffff
core   0: 0x80007f38 (0x00005c7d) c.li    s8, -1
core   0: 3 0x80007f38 (0x5c7d) x24 0xffffffff
core   0: 0x80007f3a (0x4145dab3) sra     s5, a1, s4
core   0: 3 0x80007f3a (0x4145dab3) x21 0xffffff9f
core   0: 0x80007f3e (0x0075ba33) sltu    s4, a1, t2
core   0: 3 0x80007f3e (0x0075ba33) x20 0x00000000
core   0: 0x80007f42 (0x0706a7b7) lui     a5, 0x706a
core   0: 3 0x80007f42 (0x0706a7b7) x15 0x0706a000
core   0: 0x80007f46 (0x03587cb3) remu    s9, a6, s5
core   0: 3 0x80007f46 (0x03587cb3) x25 0x2d5bb791
core   0: 0x80007f4a (0x00006fbd) c.lui   t6, 0xf
core   0: 3 0x80007f4a (0x6fbd) x31 0x0000f000
core   0: 0x80007f4c (0x000098fd) c.andi  s1, -1
core   0: 3 0x80007f4c (0x98fd) x 9 0x00000000
core   0: 0x80007f4e (0x020b2d33) mulhsu  s10, s6, zero
core   0: 3 0x80007f4e (0x020b2d33) x26 0x00000000
core   0: 0x80007f52 (0x000080d9) c.srli  s1, 22
core   0: 3 0x80007f52 (0x80d9) x 9 0x00000000
core   0: 0x80007f54 (0x0165b033) sltu    zero, a1, s6
core   0: 3 0x80007f54 (0x0165b033)
core   0: 0x80007f58 (0x03dabbb3) mulhu   s7, s5, t4
core   0: 3 0x80007f58 (0x03dabbb3) x23 0x000003ff
core   0: 0x80007f5c (0x0000856d) c.srai  a0, 27
core   0: 3 0x80007f5c (0x856d) x10 0x0000000a
core   0: 0x80007f5e (0x00000cba) c.slli  s9, 14
core   0: 3 0x80007f5e (0x0cba) x25 0xede44000
core   0: 0x80007f60 (0x00b87b33) and     s6, a6, a1
core   0: 3 0x80007f60 (0x00b87b33) x22 0x2d5bb791
core   0: 0x80007f64 (0x0000861d) c.srai  a2, 7
core   0: 3 0x80007f64 (0x861d) x12 0xfffffefd
core   0: 0x80007f66 (0x724f6f37) lui     t5, 0x724f6
core   0: 3 0x80007f66 (0x724f6f37) x30 0x724f6000
core   0: 0x80007f6a (0x000013fd) c.addi  t2, -1
core   0: 3 0x80007f6a (0x13fd) x 7 0xe6af8fff
core   0: 0x80007f6c (0x00000b6d) c.addi  s6, 27
core   0: 3 0x80007f6c (0x0b6d) x22 0x2d5bb7ac
core   0: 0x80007f6e (0x000089dd) c.andi  a1, 23
core   0: 3 0x80007f6e (0x89dd) x11 0x00000017
core   0: 0x80007f70 (0x0163b633) sltu    a2, t2, s6
core   0: 3 0x80007f70 (0x0163b633) x12 0x00000000
core   0: 0x80007f74 (0xb74ea813) slti    a6, t4, -1164
core   0: 3 0x80007f74 (0xb74ea813) x16 0x00000000
core   0: 0x80007f78 (0x02f071b3) remu    gp, zero, a5
core   0: 3 0x80007f78 (0x02f071b3) x 3 0x00000000
core   0: 0x80007f7c (0x00008df5) c.and   a1, a3
core   0: 3 0x80007f7c (0x8df5) x11 0x00000017
core   0: 0x80007f7e (0x00008129) c.srli  a0, 10
core   0: 3 0x80007f7e (0x8129) x10 0x00000000
core   0: 0x80007f80 (0x000001ce) c.slli  gp, 19
core   0: 3 0x80007f80 (0x01ce) x 3 0x00000000
core   0: 0x80007f82 (0x01689813) slli    a6, a7, 22
core   0: 3 0x80007f82 (0x01689813) x16 0x00000000
core   0: 0x80007f86 (0x0000846d) c.srai  s0, 27
core   0: 3 0x80007f86 (0x846d) x 8 0x00000000
core   0: 0x80007f88 (0xc7aea793) slti    a5, t4, -902
core   0: 3 0x80007f88 (0xc7aea793) x15 0x00000000
core   0: 0x80007f8c (0xb4642413) slti    s0, s0, -1210
core   0: 3 0x80007f8c (0xb4642413) x 8 0x00000000
core   0: 0x80007f90 (0x00e09813) slli    a6, ra, 14
core   0: 3 0x80007f90 (0x00e09813) x16 0x00000000
core   0: 0x80007f94 (0x0000826d) c.srli  a2, 27
core   0: 3 0x80007f94 (0x826d) x12 0x00000000
core   0: 0x80007f96 (0x000090f2) c.add   ra, t3
core   0: 3 0x80007f96 (0x90f2) x 1 0x8000fe63
core   0: 0x80007f98 (0x00b8a7b3) slt     a5, a7, a1
core   0: 3 0x80007f98 (0x00b8a7b3) x15 0x00000001
core   0: 0x80007f9c (0x000081cd) c.srli  a1, 19
core   0: 3 0x80007f9c (0x81cd) x11 0x00000000
core   0: 0x80007f9e (0x00f92d33) slt     s10, s2, a5
core   0: 3 0x80007f9e (0x00f92d33) x26 0x00000001
core   0: 0x80007fa2 (0xb72d8313) addi    t1, s11, -1166
core   0: 3 0x80007fa2 (0xb72d8313) x 6 0x7ffffb72
core   0: 0x80007fa6 (0x0000997d) c.andi  a0, -1
core   0: 3 0x80007fa6 (0x997d) x10 0x00000000
core   0: 0x80007fa8 (0x00339eb3) sll     t4, t2, gp
core   0: 3 0x80007fa8 (0x00339eb3) x29 0xe6af8fff
core   0: 0x80007fac (0xb9518593) addi    a1, gp, -1131
core   0: 3 0x80007fac (0xb9518593) x11 0xfffffb95
core   0: 0x80007fb0 (0x9cb92913) slti    s2, s2, -1589
core   0: 3 0x80007fb0 (0x9cb92913) x18 0x00000000
core   0: 0x80007fb4 (0x00000ea5) c.addi  t4, 9
core   0: 3 0x80007fb4 (0x0ea5) x29 0xe6af9008
core   0: 0x80007fb6 (0x030bc833) div     a6, s7, a6
core   0: 3 0x80007fb6 (0x030bc833) x16 0xffffffff
core   0: 0x80007fba (0x002e7633) and     a2, t3, sp
core   0: 3 0x80007fba (0x002e7633) x12 0x80003c60
core   0: 0x80007fbe (0x9d0e2893) slti    a7, t3, -1584
core   0: 3 0x80007fbe (0x9d0e2893) x17 0x00000001
core   0: 0x80007fc2 (0x0183d4b3) srl     s1, t2, s8
core   0: 3 0x80007fc2 (0x0183d4b3) x 9 0x00000001
core   0: 0x80007fc6 (0x00485993) srli    s3, a6, 4
core   0: 3 0x80007fc6 (0x00485993) x19 0x0fffffff
core   0: 0x80007fca (0x00d3d4b3) srl     s1, t2, a3
core   0: 3 0x80007fca (0x00d3d4b3) x 9 0x00000001
core   0: 0x80007fce (0x00000001) c.nop
core   0: 3 0x80007fce (0x0001)
core   0: 0x80007fd0 (0x5b07f993) andi    s3, a5, 1456
core   0: 3 0x80007fd0 (0x5b07f993) x19 0x00000000
core   0: 0x80007fd4 (0x02f7ebb3) rem     s7, a5, a5
core   0: 3 0x80007fd4 (0x02f7ebb3) x23 0x00000000
core   0: 0x80007fd8 (0x00c409b3) add     s3, s0, a2
core   0: 3 0x80007fd8 (0x00c409b3) x19 0x80003c60
core   0: 0x80007fdc (0x00008c41) c.or    s0, s0
core   0: 3 0x80007fdc (0x8c41) x 8 0x00000000
core   0: 0x80007fde (0x19ca4213) xori    tp, s4, 412
core   0: 3 0x80007fde (0x19ca4213) x 4 0x0000019c
core   0: 0x80007fe2 (0x00006a25) c.lui   s4, 0x9
core   0: 3 0x80007fe2 (0x6a25) x20 0x00009000
core   0: 0x80007fe4 (0x00e454b3) srl     s1, s0, a4
core   0: 3 0x80007fe4 (0x00e454b3) x 9 0x00000000
core   0: 0x80007fe8 (0x01ce37b3) sltu    a5, t3, t3
core   0: 3 0x80007fe8 (0x01ce37b3) x15 0x00000000
core   0: 0x80007fec (0x03b7c1b3) div     gp, a5, s11
core   0: 3 0x80007fec (0x03b7c1b3) x 3 0x00000000
core   0: 0x80007ff0 (0x02d49833) mulh    a6, s1, a3
core   0: 3 0x80007ff0 (0x02d49833) x16 0x00000000
core   0: 0x80007ff4 (0xb4d4b793) sltiu   a5, s1, -1203
core   0: 3 0x80007ff4 (0xb4d4b793) x15 0x00000001
core   0: 0x80007ff8 (0x403053b3) sra     t2, zero, gp
core   0: 3 0x80007ff8 (0x403053b3) x 7 0x00000000
core   0: 0x80007ffc (0x000052fd) c.li    t0, -1
core   0: 3 0x80007ffc (0x52fd) x 5 0xffffffff
core   0: 0x80007ffe (0x0381d933) divu    s2, gp, s8
core   0: 3 0x80007ffe (0x0381d933) x18 0x00000000
core   0: 0x80008002 (0x00008fd9) c.or    a5, a4
core   0: 3 0x80008002 (0x8fd9) x15 0x8000fe65
core   0: 0x80008004 (0x030d5a33) divu    s4, s10, a6
core   0: 3 0x80008004 (0x030d5a33) x20 0xffffffff
core   0: 0x80008008 (0x00008105) c.srli  a0, 1
core   0: 3 0x80008008 (0x8105) x10 0x00000000
core   0: 0x8000800a (0x000000c6) c.slli  ra, 17
core   0: 3 0x8000800a (0x00c6) x 1 0xfcc60000
core   0: 0x8000800c (0x41310633) sub     a2, sp, s3
core   0: 3 0x8000800c (0x41310633) x12 0x00010084
core   0: 0x80008010 (0x8180a213) slti    tp, ra, -2024
core   0: 3 0x80008010 (0x8180a213) x 4 0x00000001
core   0: 0x80008014 (0x000040f9) c.li    ra, 30
core   0: 3 0x80008014 (0x40f9) x 1 0x0000001e
core   0: 0x80008016 (0x00008e89) c.sub   a3, a0
core   0: 3 0x80008016 (0x8e89) x13 0xffffffff
core   0: 0x80008018 (0x0000039a) c.slli  t2, 6
core   0: 3 0x80008018 (0x039a) x 7 0x00000000
core   0: 0x8000801a (0x00000001) c.nop
core   0: 3 0x8000801a (0x0001)
core   0: 0x8000801c (0x00008d99) c.sub   a1, a4
core   0: 3 0x8000801c (0x8d99) x11 0x7ffefd31
core   0: 0x8000801e (0x40a85033) sra     zero, a6, a0
core   0: 3 0x8000801e (0x40a85033)
core   0: 0x80008022 (0x000090da) c.add   ra, s6
core   0: 3 0x80008022 (0x90da) x 1 0x2d5bb7ca
core   0: 0x80008024 (0x00d539b3) sltu    s3, a0, a3
core   0: 3 0x80008024 (0x00d539b3) x19 0x00000001
core   0: 0x80008028 (0x0242b1b3) mulhu   gp, t0, tp
core   0: 3 0x80008028 (0x0242b1b3) x 3 0x00000000
core   0: 0x8000802c (0x00fcd033) srl     zero, s9, a5
core   0: 3 0x8000802c (0x00fcd033)
core   0: 0x80008030 (0x00000001) c.nop
core   0: 3 0x80008030 (0x0001)
core   0: 0x80008032 (0x03f60333) mul     t1, a2, t6
core   0: 3 0x80008032 (0x03f60333) x 6 0xf07bc000
core   0: 0x80008036 (0x00005ffd) c.li    t6, -1
core   0: 3 0x80008036 (0x5ffd) x31 0xffffffff
core   0: 0x80008038 (0x01ae7233) and     tp, t3, s10
core   0: 3 0x80008038 (0x01ae7233) x 4 0x00000001
core   0: 0x8000803c (0x01a717b3) sll     a5, a4, s10
core   0: 3 0x8000803c (0x01a717b3) x15 0x0001fcc8
core   0: 0x80008040 (0x00008e6d) c.and   a2, a1
core   0: 3 0x80008040 (0x8e6d) x12 0x00000000
core   0: 0x80008042 (0x00e140b3) xor     ra, sp, a4
core   0: 3 0x80008042 (0x00e140b3) x 1 0x0001c280
core   0: 0x80008046 (0x02c880b3) mul     ra, a7, a2
core   0: 3 0x80008046 (0x02c880b3) x 1 0x00000000
core   0: 0x8000804a (0x030f6433) rem     s0, t5, a6
core   0: 3 0x8000804a (0x030f6433) x 8 0x724f6000
core   0: 0x8000804e (0x00f13ab3) sltu    s5, sp, a5
core   0: 3 0x8000804e (0x00f13ab3) x21 0x00000000
core   0: 0x80008052 (0x01c0e9b3) or      s3, ra, t3
core   0: 3 0x80008052 (0x01c0e9b3) x19 0x8000fe63
core   0: 0x80008056 (0x02a1b3b3) mulhu   t2, gp, a0
core   0: 3 0x80008056 (0x02a1b3b3) x 7 0x00000000
core   0: 0x8000805a (0x02b403b3) mul     t2, s0, a1
core   0: 3 0x8000805a (0x02b403b3) x 7 0x93116000
core   0: 0x8000805e (0x00008631) c.srai  a2, 12
core   0: 3 0x8000805e (0x8631) x12 0x00000000
core   0: 0x80008060 (0x00fd43b3) xor     t2, s10, a5
core   0: 3 0x80008060 (0x00fd43b3) x 7 0x0001fcc9
core   0: 0x80008064 (0x00000ed9) c.addi  t4, 22
core   0: 3 0x80008064 (0x0ed9) x29 0xe6af901e
core   0: 0x80008066 (0x00bfdb33) srl     s6, t6, a1
core   0: 3 0x80008066 (0x00bfdb33) x22 0x00007fff
core   0: 0x8000806a (0x000082dd) c.srli  a3, 23
core   0: 3 0x8000806a (0x82dd) x13 0x000001ff
core   0: 0x8000806c (0xdbb6ae13) slti    t3, a3, -581
core   0: 3 0x8000806c (0xdbb6ae13) x28 0x00000000
core   0: 0x80008070 (0x01e02bb3) slt     s7, zero, t5
core   0: 3 0x80008070 (0x01e02bb3) x23 0x00000001
core   0: 0x80008074 (0x40d0dcb3) sra     s9, ra, a3
core   0: 3 0x80008074 (0x40d0dcb3) x25 0x00000000
core   0: 0x80008078 (0x02461033) mulh    zero, a2, tp
core   0: 3 0x80008078 (0x02461033)
core   0: 0x8000807c (0x00f14233) xor     tp, sp, a5
core   0: 3 0x8000807c (0x00f14233) x 4 0x8000c02c
core   0: 0x80008080 (0x29d86c93) ori     s9, a6, 669
core   0: 3 0x80008080 (0x29d86c93) x25 0x0000029d
core   0: 0x80008084 (0x000065d9) c.lui   a1, 0x16
core   0: 3 0x80008084 (0x65d9) x11 0x00016000
core   0: 0x80008086 (0x00cc29b3) slt     s3, s8, a2
core   0: 3 0x80008086 (0x00cc29b3) x19 0x00000001
core   0: 0x8000808a (0x02063ab3) mulhu   s5, a2, zero
core   0: 3 0x8000808a (0x02063ab3) x21 0x00000000
core   0: 0x8000808e (0x00008cc1) c.or    s1, s0
core   0: 3 0x8000808e (0x8cc1) x 9 0x724f6000
core   0: 0x80008090 (0xd6294e13) xori    t3, s2, -670
core   0: 3 0x80008090 (0xd6294e13) x28 0xfffffd62
core   0: 0x80008094 (0xed376793) ori     a5, a4, -301
core   0: 3 0x80008094 (0xed376793) x15 0xfffffef7
core   0: 0x80008098 (0x00000001) c.nop
core   0: 3 0x80008098 (0x0001)
core   0: 0x8000809a (0xd892fa13) andi    s4, t0, -631
core   0: 3 0x8000809a (0xd892fa13) x20 0xfffffd89
core   0: 0x8000809e (0x6d88fb93) andi    s7, a7, 1752
core   0: 3 0x8000809e (0x6d88fb93) x23 0x00000000
core   0: 0x800080a2 (0x01809193) slli    gp, ra, 24
core   0: 3 0x800080a2 (0x01809193) x 3 0x00000000
core   0: 0x800080a6 (0x696b0013) addi    zero, s6, 1686
core   0: 3 0x800080a6 (0x696b0013)
core   0: 0x800080aa (0x00000001) c.nop
core   0: 3 0x800080aa (0x0001)
core   0: 0x800080ac (0x40e002b3) sub     t0, zero, a4
core   0: 3 0x800080ac (0x40e002b3) x 5 0x7fff019c
core   0: 0x800080b0 (0x02b98c33) mul     s8, s3, a1
core   0: 3 0x800080b0 (0x02b98c33) x24 0x00016000
core   0: 0x800080b4 (0x00cd9b33) sll     s6, s11, a2
core   0: 3 0x800080b4 (0x00cd9b33) x22 0x80000000
core   0: 0x800080b8 (0x01ff75b3) and     a1, t5, t6
core   0: 3 0x800080b8 (0x01ff75b3) x11 0x724f6000
core   0: 0x800080bc (0x02d986b3) mul     a3, s3, a3
core   0: 3 0x800080bc (0x02d986b3) x13 0x000001ff
core   0: 0x800080c0 (0x0000822d) c.srli  a2, 11
core   0: 3 0x800080c0 (0x822d) x12 0x00000000
core   0: 0x800080c2 (0xdd610b93) addi    s7, sp, -554
core   0: 3 0x800080c2 (0xdd610b93) x23 0x80013aba
core   0: 0x800080c6 (0x00ce97b3) sll     a5, t4, a2
core   0: 3 0x800080c6 (0x00ce97b3) x15 0xe6af901e
core   0: 0x800080ca (0x028df9b3) remu    s3, s11, s0
core   0: 3 0x800080ca (0x028df9b3) x19 0x0db0a000
core   0: 0x800080ce (0x01b31f13) slli    t5, t1, 27
core   0: 3 0x800080ce (0x01b31f13) x30 0x00000000
core   0: 0x800080d2 (0x000017fd) c.addi  a5, -1
core   0: 3 0x800080d2 (0x17fd) x15 0xe6af901d
core   0: 0x800080d4 (0x018b1c33) sll     s8, s6, s8
core   0: 3 0x800080d4 (0x018b1c33) x24 0x80000000
core   0: 0x800080d8 (0x0125f433) and     s0, a1, s2
core   0: 3 0x800080d8 (0x0125f433) x 8 0x00000000
core   0: 0x800080dc (0x0000812d) c.srli  a0, 11
core   0: 3 0x800080dc (0x812d) x10 0x00000000
core   0: 0x800080de (0x000094e6) c.add   s1, s9
core   0: 3 0x800080de (0x94e6) x 9 0x724f629d
core   0: 0x800080e0 (0x0200fbb3) remu    s7, ra, zero
core   0: 3 0x800080e0 (0x0200fbb3) x23 0x00000000
core   0: 0x800080e4 (0x033b0e33) mul     t3, s6, s3
core   0: 3 0x800080e4 (0x033b0e33) x28 0x00000000
core   0: 0x800080e8 (0x00a65693) srli    a3, a2, 10
core   0: 3 0x800080e8 (0x00a65693) x13 0x00000000
core   0: 0x800080ec (0x0367b3b3) mulhu   t2, a5, s6
core   0: 3 0x800080ec (0x0367b3b3) x 7 0x7357c80e
core   0: 0x800080f0 (0x41515413) srai    s0, sp, 21
core   0: 3 0x800080f0 (0x41515413) x 8 0xfffffc00
core   0: 0x800080f4 (0x02eb2a33) mulhsu  s4, s6, a4
core   0: 3 0x800080f4 (0x02eb2a33) x20 0xbfff80ce
core   0: 0x800080f8 (0x00006591) c.lui   a1, 0x4
core   0: 3 0x800080f8 (0x6591) x11 0x00004000
core   0: 0x800080fa (0xc75d3413) sltiu   s0, s10, -907
core   0: 3 0x800080fa (0xc75d3413) x 8 0x00000001
core   0: 0x800080fe (0x02ee4533) div     a0, t3, a4
core   0: 3 0x800080fe (0x02ee4533) x10 0x00000000
core   0: 0x80008102 (0x40935193) srai    gp, t1, 9
core   0: 3 0x80008102 (0x40935193) x 3 0xfff83de0
core   0: 0x80008106 (0x009168b3) or      a7, sp, s1
core   0: 3 0x80008106 (0x009168b3) x17 0xf24f7efd
core   0: 0x8000810a (0x00181193) slli    gp, a6, 1
core   0: 3 0x8000810a (0x00181193) x 3 0x00000000
core   0: 0x8000810e (0x007c8eb3) add     t4, s9, t2
core   0: 3 0x8000810e (0x007c8eb3) x29 0x7357caab
core   0: 0x80008112 (0x00008e69) c.and   a2, a0
core   0: 3 0x80008112 (0x8e69) x12 0x00000000
core   0: 0x80008114 (0x00008c19) c.sub   s0, a4
core   0: 3 0x80008114 (0x8c19) x 8 0x7fff019d
core   0: 0x80008116 (0x00008e95) c.sub   a3, a3
core   0: 3 0x80008116 (0x8e95) x13 0x00000000
core   0: 0x80008118 (0x00ac77b3) and     a5, s8, a0
core   0: 3 0x80008118 (0x00ac77b3) x15 0x00000000
core   0: 0x8000811c (0x7484b893) sltiu   a7, s1, 1864
core   0: 3 0x8000811c (0x7484b893) x17 0x00000000
core   0: 0x80008120 (0x71926837) lui     a6, 0x71926
core   0: 3 0x80008120 (0x71926837) x16 0x71926000
core   0: 0x80008124 (0x005e9193) slli    gp, t4, 5
core   0: 3 0x80008124 (0x005e9193) x 3 0x6af95560
core   0: 0x80008128 (0x40acd8b3) sra     a7, s9, a0
core   0: 3 0x80008128 (0x40acd8b3) x17 0x0000029d
core   0: 0x8000812c (0x00008fdd) c.or    a5, a5
core   0: 3 0x8000812c (0x8fdd) x15 0x00000000
core   0: 0x8000812e (0x03f30533) mul     a0, t1, t6
core   0: 3 0x8000812e (0x03f30533) x10 0x0f844000
core   0: 0x80008132 (0x41a78cb3) sub     s9, a5, s10
core   0: 3 0x80008132 (0x41a78cb3) x25 0xffffffff
core   0: 0x80008136 (0x0000836e) c.mv    t1, s11
core   0: 3 0x80008136 (0x836e) x 6 0x80000000
core   0: 0x80008138 (0x409c02b3) sub     t0, s8, s1
core   0: 3 0x80008138 (0x409c02b3) x 5 0x0db09d63
core   0: 0x8000813c (0x03dcb6b3) mulhu   a3, s9, t4
core   0: 3 0x8000813c (0x03dcb6b3) x13 0x7357caaa
core   0: 0x80008140 (0x005d2233) slt     tp, s10, t0
core   0: 3 0x80008140 (0x005d2233) x 4 0x00000001
core   0: 0x80008144 (0x00000001) c.nop
core   0: 3 0x80008144 (0x0001)
core   0: 0x80008146 (0x00000001) c.nop
core   0: 3 0x80008146 (0x0001)
core   0: 0x80008148 (0x00008069) c.srli  s0, 26
core   0: 3 0x80008148 (0x8069) x 8 0x0000001f
core   0: 0x8000814a (0x00008432) c.mv    s0, a2
core   0: 3 0x8000814a (0x8432) x 8 0x00000000
core   0: 0x8000814c (0x030a99b3) mulh    s3, s5, a6
core   0: 3 0x8000814c (0x030a99b3) x19 0x00000000
core   0: 0x80008150 (0x00009a7a) c.add   s4, t5
core   0: 3 0x80008150 (0x9a7a) x20 0xbfff80ce
core   0: 0x80008152 (0x0322e8b3) rem     a7, t0, s2
core   0: 3 0x80008152 (0x0322e8b3) x17 0x0db09d63
core   0: 0x80008156 (0x40ab01b3) sub     gp, s6, a0
core   0: 3 0x80008156 (0x40ab01b3) x 3 0x707bc000
core   0: 0x8000815a (0x00006209) c.lui   tp, 0x2
core   0: 3 0x8000815a (0x6209) x 4 0x00002000
core   0: 0x8000815c (0x00006b25) c.lui   s6, 0x9
core   0: 3 0x8000815c (0x6b25) x22 0x00009000
core   0: 0x8000815e (0x0154db33) srl     s6, s1, s5
core   0: 3 0x8000815e (0x0154db33) x22 0x724f629d
core   0: 0x80008162 (0xd0ec0013) addi    zero, s8, -754
core   0: 3 0x80008162 (0xd0ec0013)
core   0: 0x80008166 (0x00d19293) slli    t0, gp, 13
core   0: 3 0x80008166 (0x00d19293) x 5 0x78000000
core   0: 0x8000816a (0x000099ee) c.add   s3, s11
core   0: 3 0x8000816a (0x99ee) x19 0x80000000
core   0: 0x8000816c (0x00fe80b3) add     ra, t4, a5
core   0: 3 0x8000816c (0x00fe80b3) x 1 0x7357caab
core   0: 0x80008170 (0x0000068a) c.slli  a3, 2
core   0: 3 0x80008170 (0x068a) x13 0xcd5f2aa8
core   0: 0x80008172 (0x402c8833) sub     a6, s9, sp
core   0: 3 0x80008172 (0x402c8833) x16 0x7ffec31b
core   0: 0x80008176 (0x4ed98e93) addi    t4, s3, 1261
core   0: 3 0x80008176 (0x4ed98e93) x29 0x800004ed
core   0: 0x8000817a (0x027ba5b3) mulhsu  a1, s7, t2
core   0: 3 0x8000817a (0x027ba5b3) x11 0x00000000
core   0: 0x8000817e (0x00679593) slli    a1, a5, 6
core   0: 3 0x8000817e (0x00679593) x11 0x00000000
core   0: 0x80008182 (0x03c29f33) mulh    t5, t0, t3
core   0: 3 0x80008182 (0x03c29f33) x30 0x00000000
core   0: 0x80008186 (0x001d1b93) slli    s7, s10, 1
core   0: 3 0x80008186 (0x001d1b93) x23 0x00000002
core   0: 0x8000818a (0x007a9e33) sll     t3, s5, t2
core   0: 3 0x8000818a (0x007a9e33) x28 0x00000000
core   0: 0x8000818e (0x00009236) c.add   tp, a3
core   0: 3 0x8000818e (0x9236) x 4 0xcd5f4aa8
core   0: 0x80008190 (0x02a692b3) mulh    t0, a3, a0
core   0: 3 0x80008190 (0x02a692b3) x 5 0xfcee6be9
core   0: 0x80008194 (0x68f34317) auipc   t1, 0x68f34
core   0: 3 0x80008194 (0x68f34317) x 6 0xe8f3c194
core   0: 0x80008198 (0x025296b3) mulh    a3, t0, t0
core   0: 3 0x80008198 (0x025296b3) x13 0x00096aad
core   0: 0x8000819c (0x02e918b3) mulh    a7, s2, a4
core   0: 3 0x8000819c (0x02e918b3) x17 0x00000000
core   0: 0x800081a0 (0x07e10f13) addi    t5, sp, 126
core   0: 3 0x800081a0 (0x07e10f13) x30 0x80013d62
core   0: 0x800081a4 (0x02882533) mulhsu  a0, a6, s0
core   0: 3 0x800081a4 (0x02882533) x10 0x00000000
core   0: 0x800081a8 (0x00008e39) c.xor   a2, a4
core   0: 3 0x800081a8 (0x8e39) x12 0x8000fe64
core   0: 0x800081aa (0x00000d22) c.slli  s10, 8
core   0: 3 0x800081aa (0x0d22) x26 0x00000100
core   0: 0x800081ac (0x41325b93) srai    s7, tp, 19
core   0: 3 0x800081ac (0x41325b93) x23 0xfffff9ab
core   0: 0x800081b0 (0x41a0d233) sra     tp, ra, s10
core   0: 3 0x800081b0 (0x41a0d233) x 4 0x7357caab
core   0: 0x800081b4 (0xd71de613) ori     a2, s11, -655
core   0: 3 0x800081b4 (0xd71de613) x12 0xfffffd71
core   0: 0x800081b8 (0x4133d613) srai    a2, t2, 19
core   0: 3 0x800081b8 (0x4133d613) x12 0x00000e6a
core   0: 0x800081bc (0x00000cb6) c.slli  s9, 13
core   0: 3 0x800081bc (0x0cb6) x25 0xffffe000
core   0: 0x800081be (0x03f0e1b3) rem     gp, ra, t6
core   0: 3 0x800081be (0x03f0e1b3) x 3 0x00000000
core   0: 0x800081c2 (0x40c05233) sra     tp, zero, a2
core   0: 3 0x800081c2 (0x40c05233) x 4 0x00000000
core   0: 0x800081c6 (0x0037cd33) xor     s10, a5, gp
core   0: 3 0x800081c6 (0x0037cd33) x26 0x00000000
core   0: 0x800081ca (0x00006d59) c.lui   s10, 0x16
core   0: 3 0x800081ca (0x6d59) x26 0x00016000
core   0: 0x800081cc (0x0271f5b3) remu    a1, gp, t2
core   0: 3 0x800081cc (0x0271f5b3) x11 0x00000000
core   0: 0x800081d0 (0x40de0fb3) sub     t6, t3, a3
core   0: 3 0x800081d0 (0x40de0fb3) x31 0xfff69553
core   0: 0x800081d4 (0x01dd5cb3) srl     s9, s10, t4
core   0: 3 0x800081d4 (0x01dd5cb3) x25 0x0000000b
core   0: 0x800081d8 (0x94967493) andi    s1, a2, -1719
core   0: 3 0x800081d8 (0x94967493) x 9 0x00000848
core   0: 0x800081dc (0x41295d33) sra     s10, s2, s2
core   0: 3 0x800081dc (0x41295d33) x26 0x00000000
core   0: 0x800081e0 (0x00008589) c.srai  a1, 2
core   0: 3 0x800081e0 (0x8589) x11 0x00000000
core   0: 0x800081e2 (0x013b3e33) sltu    t3, s6, s3
core   0: 3 0x800081e2 (0x013b3e33) x28 0x00000001
core   0: 0x800081e6 (0x0000028a) c.slli  t0, 2
core   0: 3 0x800081e6 (0x028a) x 5 0xf3b9afa4
core   0: 0x800081e8 (0x4c294413) xori    s0, s2, 1218
core   0: 3 0x800081e8 (0x4c294413) x 8 0x000004c2
core   0: 0x800081ec (0xf5dee013) ori     zero, t4, -163
core   0: 3 0x800081ec (0xf5dee013)
core   0: 0x800081f0 (0x84e74593) xori    a1, a4, -1970
core   0: 3 0x800081f0 (0x84e74593) x11 0x7fff062a
core   0: 0x800081f4 (0x00000aa5) c.addi  s5, 9
core   0: 3 0x800081f4 (0x0aa5) x21 0x00000009
core   0: 0x800081f6 (0x03bea2b3) mulhsu  t0, t4, s11
core   0: 3 0x800081f6 (0x03bea2b3) x 5 0xc0000276
core   0: 0x800081fa (0x00000f75) c.addi  t5, 29
core   0: 3 0x800081fa (0x0f75) x30 0x80013d7f
core   0: 0x800081fc (0x000085f5) c.srai  a1, 29
core   0: 3 0x800081fc (0x85f5) x11 0x00000003
core   0: 0x800081fe (0xe5d412b7) lui     t0, 0xe5d41
core   0: 3 0x800081fe (0xe5d412b7) x 5 0xe5d41000
core   0: 0x80008202 (0x00009c6a) c.add   s8, s10
core   0: 3 0x80008202 (0x9c6a) x24 0x80000000
core   0: 0x80008204 (0x432b6493) ori     s1, s6, 1074
core   0: 3 0x80008204 (0x432b6493) x 9 0x724f66bf
core   0: 0x80008208 (0x0199fe33) and     t3, s3, s9
core   0: 3 0x80008208 (0x0199fe33) x28 0x00000000
core   0: 0x8000820c (0x007e7533) and     a0, t3, t2
core   0: 3 0x8000820c (0x007e7533) x10 0x00000000
core   0: 0x80008210 (0x00004e2d) c.li    t3, 11
core   0: 3 0x80008210 (0x4e2d) x28 0x0000000b
core   0: 0x80008212 (0x00000001) c.nop
core   0: 3 0x80008212 (0x0001)
core   0: 0x80008214 (0x00482333) slt     t1, a6, tp
core   0: 3 0x80008214 (0x00482333) x 6 0x00000000
core   0: 0x80008218 (0x40775933) sra     s2, a4, t2
core   0: 3 0x80008218 (0x40775933) x18 0xfffe0003
core   0: 0x8000821c (0x2a074d17) auipc   s10, 0x2a074
core   0: 3 0x8000821c (0x2a074d17) x26 0xaa07c21c
core   0: 0x80008220 (0x5c304313) xori    t1, zero, 1475
core   0: 3 0x80008220 (0x5c304313) x 6 0x000005c3
core   0: 0x80008224 (0xff396793) ori     a5, s2, -13
core   0: 3 0x80008224 (0xff396793) x15 0xfffffff3
core   0: 0x80008228 (0x000d7433) and     s0, s10, zero
core   0: 3 0x80008228 (0x000d7433) x 8 0x00000000
core   0: 0x8000822c (0x027b8a33) mul     s4, s7, t2
core   0: 3 0x8000822c (0x027b8a33) x20 0xa52a3f5a
core   0: 0x80008230 (0x03d143b3) div     t2, sp, t4
core   0: 3 0x80008230 (0x03d143b3) x 7 0x00000000
core   0: 0x80008234 (0x000003fe) c.slli  t2, 31
core   0: 3 0x80008234 (0x03fe) x 7 0x00000000
core   0: 0x80008236 (0x00000001) c.nop
core   0: 3 0x80008236 (0x0001)
core   0: 0x80008238 (0x40fe5613) srai    a2, t3, 15
core   0: 3 0x80008238 (0x40fe5613) x12 0x00000000
core   0: 0x8000823c (0x03526833) rem     a6, tp, s5
core   0: 3 0x8000823c (0x03526833) x16 0x00000000
core   0: 0x80008240 (0x03a4dfb3) divu    t6, s1, s10
core   0: 3 0x80008240 (0x03a4dfb3) x31 0x00000000
core   0: 0x80008244 (0x00000e76) c.slli  t3, 29
core   0: 3 0x80008244 (0x0e76) x28 0x60000000
core   0: 0x80008246 (0x48e5a313) slti    t1, a1, 1166
core   0: 3 0x80008246 (0x48e5a313) x 6 0x00000001
core   0: 0x8000824a (0x4168d013) srai    zero, a7, 22
core   0: 3 0x8000824a (0x4168d013)
core   0: 0x8000824e (0x00008c75) c.and   s0, a3
core   0: 3 0x8000824e (0x8c75) x 8 0x00000000
core   0: 0x80008250 (0xea43bd13) sltiu   s10, t2, -348
core   0: 3 0x80008250 (0xea43bd13) x26 0x00000001
core   0: 0x80008254 (0x000ed9b3) srl     s3, t4, zero
core   0: 3 0x80008254 (0x000ed9b3) x19 0x800004ed
core   0: 0x80008258 (0x000008d2) c.slli  a7, 20
core   0: 3 0x80008258 (0x08d2) x17 0x00000000
core   0: 0x8000825a (0x01b9d993) srli    s3, s3, 27
core   0: 3 0x8000825a (0x01b9d993) x19 0x00000010
core   0: 0x8000825e (0x0000587d) c.li    a6, -1
core   0: 3 0x8000825e (0x587d) x16 0xffffffff
core   0: 0x80008260 (0x00008dcd) c.or    a1, a1
core   0: 3 0x80008260 (0x8dcd) x11 0x00000003
core   0: 0x80008262 (0x0000861a) c.mv    a2, t1
core   0: 3 0x80008262 (0x861a) x12 0x00000001
core   0: 0x80008264 (0x000093be) c.add   t2, a5
core   0: 3 0x80008264 (0x93be) x 7 0xfffffff3
core   0: 0x80008266 (0x013a9893) slli    a7, s5, 19
core   0: 3 0x80008266 (0x013a9893) x17 0x00480000
core   0: 0x8000826a (0x0000891e) c.mv    s2, t2
core   0: 3 0x8000826a (0x891e) x18 0xfffffff3
core   0: 0x8000826c (0xed8c8913) addi    s2, s9, -296
core   0: 3 0x8000826c (0xed8c8913) x18 0xfffffee3
core   0: 0x80008270 (0x00008cd9) c.or    s1, a4
core   0: 3 0x80008270 (0x8cd9) x 9 0xf24ffeff
core   0: 0x80008272 (0x41e6dc93) srai    s9, a3, 30
core   0: 3 0x80008272 (0x41e6dc93) x25 0x00000000
core   0: 0x80008276 (0x2e158693) addi    a3, a1, 737
core   0: 3 0x80008276 (0x2e158693) x13 0x000002e4
core   0: 0x8000827a (0x000090b2) c.add   ra, a2
core   0: 3 0x8000827a (0x90b2) x 1 0x7357caac
core   0: 0x8000827c (0x02c37833) remu    a6, t1, a2
core   0: 3 0x8000827c (0x02c37833) x16 0x00000000
core   0: 0x80008280 (0x0297f833) remu    a6, a5, s1
core   0: 3 0x80008280 (0x0297f833) x16 0x0db000f4
core   0: 0x80008284 (0x000084ee) c.mv    s1, s11
core   0: 3 0x80008284 (0x84ee) x 9 0x80000000
core   0: 0x80008286 (0x0377ea33) rem     s4, a5, s7
core   0: 3 0x80008286 (0x0377ea33) x20 0xfffffff3
core   0: 0x8000828a (0x0114e7b3) or      a5, s1, a7
core   0: 3 0x8000828a (0x0114e7b3) x15 0x80480000
core   0: 0x8000828e (0x005405b3) add     a1, s0, t0
core   0: 3 0x8000828e (0x005405b3) x11 0xe5d41000
core   0: 0x80008292 (0x01bf6ab3) or      s5, t5, s11
core   0: 3 0x80008292 (0x01bf6ab3) x21 0x80013d7f
core   0: 0x80008296 (0xe0d8af13) slti    t5, a7, -499
core   0: 3 0x80008296 (0xe0d8af13) x30 0x00000000
core   0: 0x8000829a (0x00008f91) c.sub   a5, a2
core   0: 3 0x8000829a (0x8f91) x15 0x8047ffff
core   0: 0x8000829c (0x000ce9b3) or      s3, s9, zero
core   0: 3 0x8000829c (0x000ce9b3) x19 0x00000000
core   0: 0x800082a0 (0x000007d1) c.addi  a5, 20
core   0: 3 0x800082a0 (0x07d1) x15 0x80480013
core   0: 0x800082a2 (0x028412b3) mulh    t0, s0, s0
core   0: 3 0x800082a2 (0x028412b3) x 5 0x00000000
core   0: 0x800082a6 (0x58b12d13) slti    s10, sp, 1419
core   0: 3 0x800082a6 (0x58b12d13) x26 0x00000001
core   0: 0x800082aa (0x00763bb3) sltu    s7, a2, t2
core   0: 3 0x800082aa (0x00763bb3) x23 0x00000001
core   0: 0x800082ae (0xd7f7b593) sltiu   a1, a5, -641
core   0: 3 0x800082ae (0xd7f7b593) x11 0x00000001
core   0: 0x800082b2 (0x000054fd) c.li    s1, -1
core   0: 3 0x800082b2 (0x54fd) x 9 0xffffffff
core   0: 0x800082b4 (0x000067c9) c.lui   a5, 0x12
core   0: 3 0x800082b4 (0x67c9) x15 0x00012000
core   0: 0x800082b6 (0x02f06ab3) rem     s5, zero, a5
core   0: 3 0x800082b6 (0x02f06ab3) x21 0x00000000
core   0: 0x800082ba (0x00006fd5) c.lui   t6, 0x15
core   0: 3 0x800082ba (0x6fd5) x31 0x00015000
core   0: 0x800082bc (0x7c96e293) ori     t0, a3, 1993
core   0: 3 0x800082bc (0x7c96e293) x 5 0x000007ed
core   0: 0x800082c0 (0x00008c19) c.sub   s0, a4
core   0: 3 0x800082c0 (0x8c19) x 8 0x7fff019c
core   0: 0x800082c2 (0xa6193b13) sltiu   s6, s2, -1439
core   0: 3 0x800082c2 (0xa6193b13) x22 0x00000000
core   0: 0x800082c6 (0x00008baa) c.mv    s7, a0
core   0: 3 0x800082c6 (0x8baa) x23 0x00000000
core   0: 0x800082c8 (0x00008051) c.srli  s0, 20
core   0: 3 0x800082c8 (0x8051) x 8 0x000007ff
core   0: 0x800082ca (0x01a609b3) add     s3, a2, s10
core   0: 3 0x800082ca (0x01a609b3) x19 0x00000002
core   0: 0x800082ce (0x25e0c093) xori    ra, ra, 606
core   0: 3 0x800082ce (0x25e0c093) x 1 0x7357c8f2
core   0: 0x800082d2 (0x4edc0993) addi    s3, s8, 1261
core   0: 3 0x800082d2 (0x4edc0993) x19 0x800004ed
core   0: 0x800082d6 (0x01b5cfb3) xor     t6, a1, s11
core   0: 3 0x800082d6 (0x01b5cfb3) x31 0x80000001
core   0: 0x800082da (0x0000806d) c.srli  s0, 27
core   0: 3 0x800082da (0x806d) x 8 0x00000000
core   0: 0x800082dc (0x025397b3) mulh    a5, t2, t0
core   0: 3 0x800082dc (0x025397b3) x15 0xffffffff
core   0: 0x800082e0 (0x003ce1b3) or      gp, s9, gp
core   0: 3 0x800082e0 (0x003ce1b3) x 3 0x00000000
core   0: 0x800082e4 (0x00008e45) c.or    a2, s1
core   0: 3 0x800082e4 (0x8e45) x12 0xffffffff
core   0: 0x800082e6 (0x00008011) c.srli  s0, 4
core   0: 3 0x800082e6 (0x8011) x 8 0x00000000
core   0: 0x800082e8 (0x000080ba) c.mv    ra, a4
core   0: 3 0x800082e8 (0x80ba) x 1 0x8000fe64
core   0: 0x800082ea (0x01384233) xor     tp, a6, s3
core   0: 3 0x800082ea (0x01384233) x 4 0x8db00419
core   0: 0x800082ee (0x00008ad2) c.mv    s5, s4
core   0: 3 0x800082ee (0x8ad2) x21 0xfffffff3
core   0: 0x800082f0 (0x00000c91) c.addi  s9, 4
core   0: 3 0x800082f0 (0x0c91) x25 0x00000004
core   0: 0x800082f2 (0x00008cf1) c.and   s1, a2
core   0: 3 0x800082f2 (0x8cf1) x 9 0xffffffff
core   0: 0x800082f4 (0x009b5b33) srl     s6, s6, s1
core   0: 3 0x800082f4 (0x009b5b33) x22 0x00000000
core   0: 0x800082f8 (0x01dc7333) and     t1, s8, t4
core   0: 3 0x800082f8 (0x01dc7333) x 6 0x80000000
core   0: 0x800082fc (0x03f9cb33) div     s6, s3, t6
core   0: 3 0x800082fc (0x03f9cb33) x22 0x00000000
core   0: 0x80008300 (0x022dbf33) mulhu   t5, s11, sp
core   0: 3 0x80008300 (0x022dbf33) x30 0x40009e72
core   0: 0x80008304 (0xa8070f93) addi    t6, a4, -1408
core   0: 3 0x80008304 (0xa8070f93) x31 0x8000f8e4
core   0: 0x80008308 (0x00006431) c.lui   s0, 0xc
core   0: 3 0x80008308 (0x6431) x 8 0x0000c000
core   0: 0x8000830a (0x2d8ed017) auipc   zero, 0x2d8ed
core   0: 3 0x8000830a (0x2d8ed017)
core   0: 0x8000830e (0x037d7433) remu    s0, s10, s7
core   0: 3 0x8000830e (0x037d7433) x 8 0x00000001
core   0: 0x80008312 (0x00bc2b33) slt     s6, s8, a1
core   0: 3 0x80008312 (0x00bc2b33) x22 0x00000001
core   0: 0x80008316 (0x00009bfd) c.andi  a5, -1
core   0: 3 0x80008316 (0x9bfd) x15 0xffffffff
core   0: 0x80008318 (0x03c320b3) mulhsu  ra, t1, t3
core   0: 3 0x80008318 (0x03c320b3) x 1 0xd0000000
core   0: 0x8000831c (0x412d5533) sra     a0, s10, s2
core   0: 3 0x8000831c (0x412d5533) x10 0x00000000
core   0: 0x80008320 (0x00006be9) c.lui   s7, 0x1a
core   0: 3 0x80008320 (0x6be9) x23 0x0001a000
core   0: 0x80008322 (0x00b01a13) slli    s4, zero, 11
core   0: 3 0x80008322 (0x00b01a13) x20 0x00000000
core   0: 0x80008326 (0x02b18633) mul     a2, gp, a1
core   0: 3 0x80008326 (0x02b18633) x12 0x00000000
core   0: 0x8000832a (0x01c41993) slli    s3, s0, 28
core   0: 3 0x8000832a (0x01c41993) x19 0x10000000
core   0: 0x8000832e (0x03f12933) mulhsu  s2, sp, t6
core   0: 3 0x8000832e (0x03f12933) x18 0xc0002201
core   0: 0x80008332 (0x00a3d493) srli    s1, t2, 10
core   0: 3 0x80008332 (0x00a3d493) x 9 0x003fffff
core   0: 0x80008336 (0x00fb3933) sltu    s2, s6, a5
core   0: 3 0x80008336 (0x00fb3933) x18 0x00000001
core   0: 0x8000833a (0x03ad8c33) mul     s8, s11, s10
core   0: 3 0x8000833a (0x03ad8c33) x24 0x80000000
core   0: 0x8000833e (0x010c20b3) slt     ra, s8, a6
core   0: 3 0x8000833e (0x010c20b3) x 1 0x00000001
core   0: 0x80008342 (0x00006c65) c.lui   s8, 0x19
core   0: 3 0x80008342 (0x6c65) x24 0x00019000
core   0: 0x80008344 (0x01deb6b3) sltu    a3, t4, t4
core   0: 3 0x80008344 (0x01deb6b3) x13 0x00000000
core   0: 0x80008348 (0x000019fd) c.addi  s3, -1
core   0: 3 0x80008348 (0x19fd) x19 0x0fffffff
core   0: 0x8000834a (0xb696ba13) sltiu   s4, a3, -1175
core   0: 3 0x8000834a (0xb696ba13) x20 0x00000001
core   0: 0x8000834e (0x01055813) srli    a6, a0, 16
core   0: 3 0x8000834e (0x01055813) x16 0x00000000
core   0: 0x80008352 (0x03d203b3) mul     t2, tp, t4
core   0: 3 0x80008352 (0x03d203b3) x 7 0x6c042f25
core   0: 0x80008356 (0x01d25813) srli    a6, tp, 29
core   0: 3 0x80008356 (0x01d25813) x16 0x00000004
core   0: 0x8000835a (0x00827fb3) and     t6, tp, s0
core   0: 3 0x8000835a (0x00827fb3) x31 0x00000001
core   0: 0x8000835e (0x028e3ab3) mulhu   s5, t3, s0
core   0: 3 0x8000835e (0x028e3ab3) x21 0x00000000
core   0: 0x80008362 (0x4197d7b3) sra     a5, a5, s9
core   0: 3 0x80008362 (0x4197d7b3) x15 0xffffffff
core   0: 0x80008366 (0x032c09b3) mul     s3, s8, s2
core   0: 3 0x80008366 (0x032c09b3) x19 0x00019000
core   0: 0x8000836a (0x40c602b3) sub     t0, a2, a2
core   0: 3 0x8000836a (0x40c602b3) x 5 0x00000000
core   0: 0x8000836e (0x00000001) c.nop
core   0: 3 0x8000836e (0x0001)
core   0: 0x80008370 (0x00008025) c.srli  s0, 9
core   0: 3 0x80008370 (0x8025) x 8 0x00000000
core   0: 0x80008372 (0x05fa3313) sltiu   t1, s4, 95
core   0: 3 0x80008372 (0x05fa3313) x 6 0x00000001
core   0: 0x80008376 (0x03508f33) mul     t5, ra, s5
core   0: 3 0x80008376 (0x03508f33) x30 0x00000000
core   0: 0x8000837a (0x0399e6b3) rem     a3, s3, s9
core   0: 3 0x8000837a (0x0399e6b3) x13 0x00000000
core   0: 0x8000837e (0x00008d6d) c.and   a0, a1
core   0: 3 0x8000837e (0x8d6d) x10 0x00000000
core   0: 0x80008380 (0x0000931e) c.add   t1, t2
core   0: 3 0x80008380 (0x931e) x 6 0x6c042f26
core   0: 0x80008382 (0x02977033) remu    zero, a4, s1
core   0: 3 0x80008382 (0x02977033)
core   0: 0x80008386 (0xaa1c2293) slti    t0, s8, -1375
core   0: 3 0x80008386 (0xaa1c2293) x 5 0x00000000
core   0: 0x8000838a (0x00008069) c.srli  s0, 26
core   0: 3 0x8000838a (0x8069) x 8 0x00000000
core   0: 0x8000838c (0x015c75b3) and     a1, s8, s5
core   0: 3 0x8000838c (0x015c75b3) x11 0x00000000
core   0: 0x80008390 (0x03438eb3) mul     t4, t2, s4
core   0: 3 0x80008390 (0x03438eb3) x29 0x6c042f25
core   0: 0x80008394 (0x00e01f93) slli    t6, zero, 14
core   0: 3 0x80008394 (0x00e01f93) x31 0x00000000
core   0: 0x80008398 (0x0007bfb3) sltu    t6, a5, zero
core   0: 3 0x80008398 (0x0007bfb3) x31 0x00000000
core   0: 0x8000839c (0x00008516) c.mv    a0, t0
core   0: 3 0x8000839c (0x8516) x10 0x00000000
core   0: 0x8000839e (0x00008c3d) c.xor   s0, a5
core   0: 3 0x8000839e (0x8c3d) x 8 0xffffffff
core   0: 0x800083a0 (0x0085d833) srl     a6, a1, s0
core   0: 3 0x800083a0 (0x0085d833) x16 0x00000000
core   0: 0x800083a4 (0xed7f3613) sltiu   a2, t5, -297
core   0: 3 0x800083a4 (0xed7f3613) x12 0x00000001
core   0: 0x800083a8 (0x00008c21) c.xor   s0, s0
core   0: 3 0x800083a8 (0x8c21) x 8 0x00000000
core   0: 0x800083aa (0x01914033) xor     zero, sp, s9
core   0: 3 0x800083aa (0x01914033)
core   0: 0x800083ae (0x3ba3ea93) ori     s5, t2, 954
core   0: 3 0x800083ae (0x3ba3ea93) x21 0x6c042fbf
core   0: 0x800083b2 (0xd8be89b7) lui     s3, 0xd8be8
core   0: 3 0x800083b2 (0xd8be89b7) x19 0xd8be8000
core   0: 0x800083b6 (0x0000527d) c.li    tp, -1
core   0: 3 0x800083b6 (0x527d) x 4 0xffffffff
core   0: 0x800083b8 (0x0000836e) c.mv    t1, s11
core   0: 3 0x800083b8 (0x836e) x 6 0x80000000
core   0: 0x800083ba (0x000004c5) c.addi  s1, 17
core   0: 3 0x800083ba (0x04c5) x 9 0x00400010
core   0: 0x800083bc (0x0380b433) mulhu   s0, ra, s8
core   0: 3 0x800083bc (0x0380b433) x 8 0x00000000
core   0: 0x800083c0 (0x00ba4233) xor     tp, s4, a1
core   0: 3 0x800083c0 (0x00ba4233) x 4 0x00000001
core   0: 0x800083c4 (0xf4516d13) ori     s10, sp, -187
core   0: 3 0x800083c4 (0xf4516d13) x26 0xffffffe5
core   0: 0x800083c8 (0x036b3333) mulhu   t1, s6, s6
core   0: 3 0x800083c8 (0x036b3333) x 6 0x00000000
core   0: 0x800083cc (0x03013fb3) mulhu   t6, sp, a6
core   0: 3 0x800083cc (0x03013fb3) x31 0x00000000
core   0: 0x800083d0 (0x03c2df33) divu    t5, t0, t3
core   0: 3 0x800083d0 (0x03c2df33) x30 0x00000000
core   0: 0x800083d4 (0x01f2b5b3) sltu    a1, t0, t6
core   0: 3 0x800083d4 (0x01f2b5b3) x11 0x00000000
core   0: 0x800083d8 (0x40c459b3) sra     s3, s0, a2
core   0: 3 0x800083d8 (0x40c459b3) x19 0x00000000
core   0: 0x800083dc (0xae728193) addi    gp, t0, -1305
core   0: 3 0x800083dc (0xae728193) x 3 0xfffffae7
core   0: 0x800083e0 (0x03e1f5b3) remu    a1, gp, t5
core   0: 3 0x800083e0 (0x03e1f5b3) x11 0xfffffae7
core   0: 0x800083e4 (0x000099fd) c.andi  a1, -1
core   0: 3 0x800083e4 (0x99fd) x11 0xfffffae7
core   0: 0x800083e6 (0x035e4f33) div     t5, t3, s5
core   0: 3 0x800083e6 (0x035e4f33) x30 0x00000000
core   0: 0x800083ea (0x02bbd7b3) divu    a5, s7, a1
core   0: 3 0x800083ea (0x02bbd7b3) x15 0x00000000
core   0: 0x800083ee (0x0268e8b3) rem     a7, a7, t1
core   0: 3 0x800083ee (0x0268e8b3) x17 0x00480000
core   0: 0x800083f2 (0x5326eb93) ori     s7, a3, 1330
core   0: 3 0x800083f2 (0x5326eb93) x23 0x00000532
core   0: 0x800083f6 (0x000081e2) c.mv    gp, s8
core   0: 3 0x800083f6 (0x81e2) x 3 0x00019000
core   0: 0x800083f8 (0x409dd5b3) sra     a1, s11, s1
core   0: 3 0x800083f8 (0x409dd5b3) x11 0xffff8000
core   0: 0x800083fc (0x00008cd9) c.or    s1, a4
core   0: 3 0x800083fc (0x8cd9) x 9 0x8040fe74
core   0: 0x800083fe (0x01e00d33) add     s10, zero, t5
core   0: 3 0x800083fe (0x01e00d33) x26 0x00000000
core   0: 0x80008402 (0x00008fe9) c.and   a5, a0
core   0: 3 0x80008402 (0x8fe9) x15 0x00000000
core   0: 0x80008404 (0x000011fd) c.addi  gp, -1
core   0: 3 0x80008404 (0x11fd) x 3 0x00018fff
core   0: 0x80008406 (0x02542cb3) mulhsu  s9, s0, t0
core   0: 3 0x80008406 (0x02542cb3) x25 0x00000000
core   0: 0x8000840a (0x012eeb33) or      s6, t4, s2
core   0: 3 0x8000840a (0x012eeb33) x22 0x6c042f25
core   0: 0x8000840e (0x46c5ae37) lui     t3, 0x46c5a
core   0: 3 0x8000840e (0x46c5ae37) x28 0x46c5a000
core   0: 0x80008412 (0x010d21b3) slt     gp, s10, a6
core   0: 3 0x80008412 (0x010d21b3) x 3 0x00000000
core   0: 0x80008416 (0x00008f4e) c.mv    t5, s3
core   0: 3 0x80008416 (0x8f4e) x30 0x00000000
core   0: 0x80008418 (0x01531d13) slli    s10, t1, 21
core   0: 3 0x80008418 (0x01531d13) x26 0x00000000
core   0: 0x8000841c (0x0000997d) c.andi  a0, -1
core   0: 3 0x8000841c (0x997d) x10 0x00000000
core   0: 0x8000841e (0x00006911) c.lui   s2, 0x4
core   0: 3 0x8000841e (0x6911) x18 0x00004000
core   0: 0x80008420 (0x1d5bb693) sltiu   a3, s7, 469
core   0: 3 0x80008420 (0x1d5bb693) x13 0x00000000
core   0: 0x80008424 (0x000067b1) c.lui   a5, 0xc
core   0: 3 0x80008424 (0x67b1) x15 0x0000c000
core   0: 0x80008426 (0x7b4f2013) slti    zero, t5, 1972
core   0: 3 0x80008426 (0x7b4f2013)
core   0: 0x8000842a (0x0247f1b3) remu    gp, a5, tp
core   0: 3 0x8000842a (0x0247f1b3) x 3 0x00000000
core   0: 0x8000842e (0x00004ab9) c.li    s5, 14
core   0: 3 0x8000842e (0x4ab9) x21 0x0000000e
core   0: 0x80008430 (0x00008dc9) c.or    a1, a0
core   0: 3 0x80008430 (0x8dc9) x11 0xffff8000
core   0: 0x80008432 (0xc400a993) slti    s3, ra, -960
core   0: 3 0x80008432 (0xc400a993) x19 0x00000000
core   0: 0x80008436 (0x00008c4d) c.or    s0, a1
core   0: 3 0x80008436 (0x8c4d) x 8 0xffff8000
core   0: 0x80008438 (0x000081da) c.mv    gp, s6
core   0: 3 0x80008438 (0x81da) x 3 0x6c042f25
core   0: 0x8000843a (0x408354b3) sra     s1, t1, s0
core   0: 3 0x8000843a (0x408354b3) x 9 0x00000000
core   0: 0x8000843e (0x03b2bb33) mulhu   s6, t0, s11
core   0: 3 0x8000843e (0x03b2bb33) x22 0x00000000
core   0: 0x80008442 (0x41c9d513) srai    a0, s3, 28
core   0: 3 0x80008442 (0x41c9d513) x10 0x00000000
core   0: 0x80008446 (0x41805eb3) sra     t4, zero, s8
core   0: 3 0x80008446 (0x41805eb3) x29 0x00000000
core   0: 0x8000844a (0x0000993a) c.add   s2, a4
core   0: 3 0x8000844a (0x993a) x18 0x80013e64
core   0: 0x8000844c (0x00000001) c.nop
core   0: 3 0x8000844c (0x0001)
core   0: 0x8000844e (0xaa14b937) lui     s2, 0xaa14b
core   0: 3 0x8000844e (0xaa14b937) x18 0xaa14b000
core   0: 0x80008452 (0x01fc1813) slli    a6, s8, 31
core   0: 3 0x80008452 (0x01fc1813) x16 0x00000000
core   0: 0x80008456 (0x01e44eb3) xor     t4, s0, t5
core   0: 3 0x80008456 (0x01e44eb3) x29 0xffff8000
core   0: 0x8000845a (0x00008d81) c.sub   a1, s0
core   0: 3 0x8000845a (0x8d81) x11 0x00000000
core   0: 0x8000845c (0x00008e09) c.sub   a2, a0
core   0: 3 0x8000845c (0x8e09) x12 0x00000001
core   0: 0x8000845e (0x029b7833) remu    a6, s6, s1
core   0: 3 0x8000845e (0x029b7833) x16 0x00000000
core   0: 0x80008462 (0x00008fd5) c.or    a5, a3
core   0: 3 0x80008462 (0x8fd5) x15 0x0000c000
core   0: 0x80008464 (0x40d45c33) sra     s8, s0, a3
core   0: 3 0x80008464 (0x40d45c33) x24 0xffff8000
core   0: 0x80008468 (0x003ee6b3) or      a3, t4, gp
core   0: 3 0x80008468 (0x003ee6b3) x13 0xffffaf25
core   0: 0x8000846c (0x0097dbb3) srl     s7, a5, s1
core   0: 3 0x8000846c (0x0097dbb3) x23 0x0000c000
core   0: 0x80008470 (0x0077c6b3) xor     a3, a5, t2
core   0: 3 0x80008470 (0x0077c6b3) x13 0x6c04ef25
core   0: 0x80008474 (0x00009fce) c.add   t6, s3
core   0: 3 0x80008474 (0x9fce) x31 0x00000000
core   0: 0x80008476 (0x00008e85) c.sub   a3, s1
core   0: 3 0x80008476 (0x8e85) x13 0x6c04ef25
core   0: 0x80008478 (0x030b7c33) remu    s8, s6, a6
core   0: 3 0x80008478 (0x030b7c33) x24 0x00000000
core   0: 0x8000847c (0x00008bd1) c.andi  a5, 20
core   0: 3 0x8000847c (0x8bd1) x15 0x00000000
core   0: 0x8000847e (0x026b1933) mulh    s2, s6, t1
core   0: 3 0x8000847e (0x026b1933) x18 0x00000000
core   0: 0x80008482 (0x010dd313) srli    t1, s11, 16
core   0: 3 0x80008482 (0x010dd313) x 6 0x00008000
core   0: 0x80008486 (0x0306e533) rem     a0, a3, a6
core   0: 3 0x80008486 (0x0306e533) x10 0x6c04ef25
core   0: 0x8000848a (0x0360b9b3) mulhu   s3, ra, s6
core   0: 3 0x8000848a (0x0360b9b3) x19 0x00000000
core   0: 0x8000848e (0x000057fd) c.li    a5, -1
core   0: 3 0x8000848e (0x57fd) x15 0xffffffff
core   0: 0x80008490 (0x01f02933) slt     s2, zero, t6
core   0: 3 0x80008490 (0x01f02933) x18 0x00000000
core   0: 0x80008494 (0x026bdf33) divu    t5, s7, t1
core   0: 3 0x80008494 (0x026bdf33) x30 0x00000001
core   0: 0x80008498 (0x029a3533) mulhu   a0, s4, s1
core   0: 3 0x80008498 (0x029a3533) x10 0x00000000
core   0: 0x8000849c (0x00008021) c.srli  s0, 8
core   0: 3 0x8000849c (0x8021) x 8 0x00ffff80
core   0: 0x8000849e (0x6865b193) sltiu   gp, a1, 1670
core   0: 3 0x8000849e (0x6865b193) x 3 0x00000001
core   0: 0x800084a2 (0x005fb8b3) sltu    a7, t6, t0
core   0: 3 0x800084a2 (0x005fb8b3) x17 0x00000000
core   0: 0x800084a6 (0x1a5a2f93) slti    t6, s4, 421
core   0: 3 0x800084a6 (0x1a5a2f93) x31 0x00000001
core   0: 0x800084aa (0xddffd397) auipc   t2, 0xddffd
core   0: 3 0x800084aa (0xddffd397) x 7 0x5e0054aa
core   0: 0x800084ae (0x2d8c3b13) sltiu   s6, s8, 728
core   0: 3 0x800084ae (0x2d8c3b13) x22 0x00000001
core   0: 0x800084b2 (0x00009386) c.add   t2, ra
core   0: 3 0x800084b2 (0x9386) x 7 0x5e0054ab
core   0: 0x800084b4 (0x00008432) c.mv    s0, a2
core   0: 3 0x800084b4 (0x8432) x 8 0x00000001
core   0: 0x800084b6 (0x01296433) or      s0, s2, s2
core   0: 3 0x800084b6 (0x01296433) x 8 0x00000000
core   0: 0x800084ba (0x00009fb2) c.add   t6, a2
core   0: 3 0x800084ba (0x9fb2) x31 0x00000002
core   0: 0x800084bc (0x00008d51) c.or    a0, a2
core   0: 3 0x800084bc (0x8d51) x10 0x00000001
core   0: 0x800084be (0x00005bfd) c.li    s7, -1
core   0: 3 0x800084be (0x5bfd) x23 0xffffffff
core   0: 0x800084c0 (0x2109ec17) auipc   s8, 0x2109e
core   0: 3 0x800084c0 (0x2109ec17) x24 0xa10a64c0
core   0: 0x800084c4 (0x000087bd) c.srai  a5, 15
core   0: 3 0x800084c4 (0x87bd) x15 0xffffffff
core   0: 0x800084c6 (0x405b50b3) sra     ra, s6, t0
core   0: 3 0x800084c6 (0x405b50b3) x 1 0x00000001
core   0: 0x800084ca (0x00634233) xor     tp, t1, t1
core   0: 3 0x800084ca (0x00634233) x 4 0x00000000
core   0: 0x800084ce (0x00008875) c.andi  s0, 29
core   0: 3 0x800084ce (0x8875) x 8 0x00000000
core   0: 0x800084d0 (0x00004649) c.li    a2, 18
core   0: 3 0x800084d0 (0x4649) x12 0x00000012
core   0: 0x800084d2 (0x00008f8d) c.sub   a5, a1
core   0: 3 0x800084d2 (0x8f8d) x15 0xffffffff
core   0: 0x800084d4 (0x001bdf33) srl     t5, s7, ra
core   0: 3 0x800084d4 (0x001bdf33) x30 0x7fffffff
core   0: 0x800084d8 (0x00008015) c.srli  s0, 5
core   0: 3 0x800084d8 (0x8015) x 8 0x00000000
core   0: 0x800084da (0x02e041b3) div     gp, zero, a4
core   0: 3 0x800084da (0x02e041b3) x 3 0x00000000
core   0: 0x800084de (0x00008c09) c.sub   s0, a0
core   0: 3 0x800084de (0x8c09) x 8 0xffffffff
core   0: 0x800084e0 (0x0215a7b3) mulhsu  a5, a1, ra
core   0: 3 0x800084e0 (0x0215a7b3) x15 0x00000000
core   0: 0x800084e4 (0x01ca5213) srli    tp, s4, 28
core   0: 3 0x800084e4 (0x01ca5213) x 4 0x00000000
core   0: 0x800084e8 (0x0000020d) c.addi  tp, 3
core   0: 3 0x800084e8 (0x020d) x 4 0x00000003
core   0: 0x800084ea (0x002846b3) xor     a3, a6, sp
core   0: 3 0x800084ea (0x002846b3) x13 0x80013ce4
core   0: 0x800084ee (0x01d0a3b3) slt     t2, ra, t4
core   0: 3 0x800084ee (0x01d0a3b3) x 7 0x00000000
core   0: 0x800084f2 (0x9b4a6f93) ori     t6, s4, -1612
core   0: 3 0x800084f2 (0x9b4a6f93) x31 0xfffff9b5
core   0: 0x800084f6 (0xabb5ef13) ori     t5, a1, -1349
core   0: 3 0x800084f6 (0xabb5ef13) x30 0xfffffabb
core   0: 0x800084fa (0x01cdd513) srli    a0, s11, 28
core   0: 3 0x800084fa (0x01cdd513) x10 0x00000008
core   0: 0x800084fe (0x00008c9d) c.sub   s1, a5
core   0: 3 0x800084fe (0x8c9d) x 9 0x00000000
core   0: 0x80008500 (0x03872a33) mulhsu  s4, a4, s8
core   0: 3 0x80008500 (0x03872a33) x20 0xaf7b6da7
core   0: 0x80008504 (0x31ce0293) addi    t0, t3, 796
core   0: 3 0x80008504 (0x31ce0293) x 5 0x46c5a31c
core   0: 0x80008508 (0x00000001) c.nop
core   0: 3 0x80008508 (0x0001)
core   0: 0x8000850a (0x00008d71) c.and   a0, a2
core   0: 3 0x8000850a (0x8d71) x10 0x00000000
core   0: 0x8000850c (0x00f2b5b3) sltu    a1, t0, a5
core   0: 3 0x8000850c (0x00f2b5b3) x11 0x00000000
core   0: 0x80008510 (0x0325d4b3) divu    s1, a1, s2
core   0: 3 0x80008510 (0x0325d4b3) x 9 0xffffffff
core   0: 0x80008514 (0xdc2cb793) sltiu   a5, s9, -574
core   0: 3 0x80008514 (0xdc2cb793) x15 0x00000001
core   0: 0x80008518 (0x41415f33) sra     t5, sp, s4
core   0: 3 0x80008518 (0x41415f33) x30 0xff000279
core   0: 0x8000851c (0x001c7d33) and     s10, s8, ra
core   0: 3 0x8000851c (0x001c7d33) x26 0x00000000
core   0: 0x80008520 (0x00257933) and     s2, a0, sp
core   0: 3 0x80008520 (0x00257933) x18 0x00000000
core   0: 0x80008524 (0x0272fab3) remu    s5, t0, t2
core   0: 3 0x80008524 (0x0272fab3) x21 0x46c5a31c
core   0: 0x80008528 (0x41880033) sub     zero, a6, s8
core   0: 3 0x80008528 (0x41880033)
core   0: 0x8000852c (0x00000312) c.slli  t1, 4
core   0: 3 0x8000852c (0x0312) x 6 0x00080000
core   0: 0x8000852e (0x01721933) sll     s2, tp, s7
core   0: 3 0x8000852e (0x01721933) x18 0x80000000
core   0: 0x80008532 (0x019f41b3) xor     gp, t5, s9
core   0: 3 0x80008532 (0x019f41b3) x 3 0xff000279
core   0: 0x80008536 (0x02996ab3) rem     s5, s2, s1
core   0: 3 0x80008536 (0x02996ab3) x21 0x00000000
core   0: 0x8000853a (0x00008d89) c.sub   a1, a0
core   0: 3 0x8000853a (0x8d89) x11 0x00000000
core   0: 0x8000853c (0x00008eed) c.and   a3, a1
core   0: 3 0x8000853c (0x8eed) x13 0x00000000
core   0: 0x8000853e (0x4146da33) sra     s4, a3, s4
core   0: 3 0x8000853e (0x4146da33) x20 0x00000000
core   0: 0x80008542 (0x0000987d) c.andi  s0, -1
core   0: 3 0x80008542 (0x987d) x 8 0xffffffff
core   0: 0x80008544 (0x0f9bc513) xori    a0, s7, 249
core   0: 3 0x80008544 (0x0f9bc513) x10 0xffffff06
core   0: 0x80008548 (0x00ce5b93) srli    s7, t3, 12
core   0: 3 0x80008548 (0x00ce5b93) x23 0x00046c5a
core   0: 0x8000854c (0x02651033) mulh    zero, a0, t1
core   0: 3 0x8000854c (0x02651033)
core   0: 0x80008550 (0x03b52c33) mulhsu  s8, a0, s11
core   0: 3 0x80008550 (0x03b52c33) x24 0xffffff83
core   0: 0x80008554 (0x00008f95) c.sub   a5, a3
core   0: 3 0x80008554 (0x8f95) x15 0x00000001
core   0: 0x80008556 (0x00008e99) c.sub   a3, a4
core   0: 3 0x80008556 (0x8e99) x13 0x7fff019c
core   0: 0x80008558 (0x00009e26) c.add   t3, s1
core   0: 3 0x80008558 (0x9e26) x28 0x46c59fff
core   0: 0x8000855a (0x00000001) c.nop
core   0: 3 0x8000855a (0x0001)
core   0: 0x8000855c (0x45bb2613) slti    a2, s6, 1115
core   0: 3 0x8000855c (0x45bb2613) x12 0x00000001
core   0: 0x80008560 (0x00004c11) c.li    s8, 4
core   0: 3 0x80008560 (0x4c11) x24 0x00000004
core   0: 0x80008562 (0x80000937) lui     s2, 0x80000
core   0: 3 0x80008562 (0x80000937) x18 0x80000000
core   0: 0x80008566 (0x00004781) c.li    a5, 0
core   0: 3 0x80008566 (0x4781) x15 0x00000000
core   0: 0x80008568 (0x80000537) lui     a0, 0x80000
core   0: 3 0x80008568 (0x80000537) x10 0x80000000
core   0: 0x8000856c (0xfff00293) li      t0, -1
core   0: 3 0x8000856c (0xfff00293) x 5 0xffffffff
core   0: 0x80008570 (0x800008b7) lui     a7, 0x80000
core   0: 3 0x80008570 (0x800008b7) x17 0x80000000
core   0: 0x80008574 (0xec5714b7) lui     s1, 0xec571
core   0: 3 0x80008574 (0xec5714b7) x 9 0xec571000
core   0: 0x80008578 (0xd2448493) addi    s1, s1, -732
core   0: 3 0x80008578 (0xd2448493) x 9 0xec570d24
core   0: 0x8000857c (0x00004401) c.li    s0, 0
core   0: 3 0x8000857c (0x4401) x 8 0x00000000
core   0: 0x8000857e (0x00004381) c.li    t2, 0
core   0: 3 0x8000857e (0x4381) x 7 0x00000000
core   0: 0x80008580 (0x00004f01) c.li    t5, 0
core   0: 3 0x80008580 (0x4f01) x30 0x00000000
core   0: 0x80008582 (0xfff00213) li      tp, -1
core   0: 3 0x80008582 (0xfff00213) x 4 0xffffffff
core   0: 0x80008586 (0x02722933) mulhsu  s2, tp, t2
core   0: 3 0x80008586 (0x02722933) x18 0x00000000
core   0: 0x8000858a (0x02a788b3) mul     a7, a5, a0
core   0: 3 0x8000858a (0x02a788b3) x17 0x00000000
core   0: 0x8000858e (0x799f0893) addi    a7, t5, 1945
core   0: 3 0x8000858e (0x799f0893) x17 0x00000799
core   0: 0x80008592 (0x8afedf37) lui     t5, 0x8afed
core   0: 3 0x80008592 (0x8afedf37) x30 0x8afed000
core   0: 0x80008596 (0x60b78413) addi    s0, a5, 1547
core   0: 3 0x80008596 (0x60b78413) x 8 0x0000060b
core   0: 0x8000859a (0x0297ef33) rem     t5, a5, s1
core   0: 3 0x8000859a (0x0297ef33) x30 0x00000000
core   0: 0x8000859e (0x032518b3) mulh    a7, a0, s2
core   0: 3 0x8000859e (0x032518b3) x17 0x00000000
core   0: 0x800085a2 (0x855bb217) auipc   tp, 0x855bb
core   0: 3 0x800085a2 (0x855bb217) x 4 0x055c35a2
core   0: 0x800085a6 (0x02a3c2b3) div     t0, t2, a0
core   0: 3 0x800085a6 (0x02a3c2b3) x 5 0x00000000
core   0: 0x800085aa (0x02f2b4b3) mulhu   s1, t0, a5
core   0: 3 0x800085aa (0x02f2b4b3) x 9 0x00000000
core   0: 0x800085ae (0x02a40233) mul     tp, s0, a0
core   0: 3 0x800085ae (0x02a40233) x 4 0x80000000
core   0: 0x800085b2 (0x00188513) addi    a0, a7, 1
core   0: 3 0x800085b2 (0x00188513) x10 0x00000001
core   0: 0x800085b6 (0xf365e217) auipc   tp, 0xf365e
core   0: 3 0x800085b6 (0xf365e217) x 4 0x736665b6
core   0: 0x800085ba (0x368fa3b7) lui     t2, 0x368fa
core   0: 3 0x800085ba (0x368fa3b7) x 7 0x368fa000
core   0: 0x800085be (0x031952b3) divu    t0, s2, a7
core   0: 3 0x800085be (0x031952b3) x 5 0xffffffff
core   0: 0x800085c2 (0x00000001) c.nop
core   0: 3 0x800085c2 (0x0001)
core   0: 0x800085c4 (0x02f44233) div     tp, s0, a5
core   0: 3 0x800085c4 (0x02f44233) x 4 0xffffffff
core   0: 0x800085c8 (0xf2a20213) addi    tp, tp, -214
core   0: 3 0x800085c8 (0xf2a20213) x 4 0xffffff29
core   0: 0x800085cc (0x02494f33) div     t5, s2, tp
core   0: 3 0x800085cc (0x02494f33) x30 0x00000000
core   0: 0x800085d0 (0x0298f433) remu    s0, a7, s1
core   0: 3 0x800085d0 (0x0298f433) x 8 0x00000000
core   0: 0x800085d4 (0x0318c2b3) div     t0, a7, a7
core   0: 3 0x800085d4 (0x0318c2b3) x 5 0xffffffff
core   0: 0x800085d8 (0x029f54b3) divu    s1, t5, s1
core   0: 3 0x800085d8 (0x029f54b3) x 9 0xffffffff
core   0: 0x800085dc (0x40750933) sub     s2, a0, t2
core   0: 3 0x800085dc (0x40750933) x18 0xc9706001
core   0: 0x800085e0 (0x00000001) c.nop
core   0: 3 0x800085e0 (0x0001)
core   0: 0x800085e2 (0x56548513) addi    a0, s1, 1381
core   0: 3 0x800085e2 (0x56548513) x10 0x00000564
core   0: 0x800085e6 (0x028274b3) remu    s1, tp, s0
core   0: 3 0x800085e6 (0x028274b3) x 9 0xffffff29
core   0: 0x800085ea (0xad06a297) auipc   t0, 0xad06a
core   0: 3 0x800085ea (0xad06a297) x 5 0x2d0725ea
core   0: 0x800085ee (0x00008f8d) c.sub   a5, a1
core   0: 3 0x800085ee (0x8f8d) x15 0x00000000
core   0: 0x800085f0 (0x00006d4d) c.lui   s10, 0x13
core   0: 3 0x800085f0 (0x6d4d) x26 0x00013000
core   0: 0x800085f2 (0x01d122b3) slt     t0, sp, t4
core   0: 3 0x800085f2 (0x01d122b3) x 5 0x00000001
core   0: 0x800085f6 (0x00000001) c.nop
core   0: 3 0x800085f6 (0x0001)
core   0: 0x800085f8 (0x00000001) c.nop
core   0: 3 0x800085f8 (0x0001)
core   0: 0x800085fa (0x038e7933) remu    s2, t3, s8
core   0: 3 0x800085fa (0x038e7933) x18 0x00000003
core   0: 0x800085fe (0x412ac2b7) lui     t0, 0x412ac
core   0: 3 0x800085fe (0x412ac2b7) x 5 0x412ac000
core   0: 0x80008602 (0xfd953093) sltiu   ra, a0, -39
core   0: 3 0x80008602 (0xfd953093) x 1 0x00000001
core   0: 0x80008606 (0x00fe79b3) and     s3, t3, a5
core   0: 3 0x80008606 (0x00fe79b3) x19 0x00000000
core   0: 0x8000860a (0x00008c99) c.sub   s1, a4
core   0: 3 0x8000860a (0x8c99) x 9 0x7fff00c5
core   0: 0x8000860c (0x00000001) c.nop
core   0: 3 0x8000860c (0x0001)
core   0: 0x8000860e (0x0000021a) c.slli  tp, 6
core   0: 3 0x8000860e (0x021a) x 4 0xffffca40
core   0: 0x80008610 (0x02ae75b3) remu    a1, t3, a0
core   0: 3 0x80008610 (0x02ae75b3) x11 0x00000213
core   0: 0x80008614 (0x03475c33) divu    s8, a4, s4
core   0: 3 0x80008614 (0x03475c33) x24 0xffffffff
core   0: 0x80008618 (0x02b0c533) div     a0, ra, a1
core   0: 3 0x80008618 (0x02b0c533) x10 0x00000000
core   0: 0x8000861c (0x022a92b3) mulh    t0, s5, sp
core   0: 3 0x8000861c (0x022a92b3) x 5 0x00000000
core   0: 0x80008620 (0x0184f2b3) and     t0, s1, s8
core   0: 3 0x80008620 (0x0184f2b3) x 5 0x7fff00c5
core   0: 0x80008624 (0x02735233) divu    tp, t1, t2
core   0: 3 0x80008624 (0x02735233) x 4 0x00000000
core   0: 0x80008628 (0x0136c033) xor     zero, a3, s3
core   0: 3 0x80008628 (0x0136c033)
core   0: 0x8000862c (0x03c07cb3) remu    s9, zero, t3
core   0: 3 0x8000862c (0x03c07cb3) x25 0x00000000
core   0: 0x80008630 (0x41cfda13) srai    s4, t6, 28
core   0: 3 0x80008630 (0x41cfda13) x20 0xffffffff
core   0: 0x80008634 (0x03cd2433) mulhsu  s0, s10, t3
core   0: 3 0x80008634 (0x03cd2433) x 8 0x0000540a
core   0: 0x80008638 (0x02f15533) divu    a0, sp, a5
core   0: 3 0x80008638 (0x02f15533) x10 0xffffffff
core   0: 0x8000863c (0xd58a2397) auipc   t2, 0xd58a2
core   0: 3 0x8000863c (0xd58a2397) x 7 0x558aa63c
core   0: 0x80008640 (0x4158d533) sra     a0, a7, s5
core   0: 3 0x80008640 (0x4158d533) x10 0x00000000
core   0: 0x80008644 (0x6e42f497) auipc   s1, 0x6e42f
core   0: 3 0x80008644 (0x6e42f497) x 9 0xee437644
core   0: 0x80008648 (0xb858bb93) sltiu   s7, a7, -1147
core   0: 3 0x80008648 (0xb858bb93) x23 0x00000001
core   0: 0x8000864c (0x029e77b3) remu    a5, t3, s1
core   0: 3 0x8000864c (0x029e77b3) x15 0x46c59fff
core   0: 0x80008650 (0x00008c15) c.sub   s0, a3
core   0: 3 0x80008650 (0x8c15) x 8 0x8001526e
core   0: 0x80008652 (0x00000001) c.nop
core   0: 3 0x80008652 (0x0001)
core   0: 0x80008654 (0x036c66b3) rem     a3, s8, s6
core   0: 3 0x80008654 (0x036c66b3) x13 0x00000000
core   0: 0x80008658 (0x2e5dcf93) xori    t6, s11, 741
core   0: 3 0x80008658 (0x2e5dcf93) x31 0x800002e5
core   0: 0x8000865c (0x008698b3) sll     a7, a3, s0
core   0: 3 0x8000865c (0x008698b3) x17 0x00000000
core   0: 0x80008660 (0x0074afb3) slt     t6, s1, t2
core   0: 3 0x80008660 (0x0074afb3) x31 0x00000001
core   0: 0x80008664 (0x00a3dcb3) srl     s9, t2, a0
core   0: 3 0x80008664 (0x00a3dcb3) x25 0x558aa63c
core   0: 0x80008668 (0x00008c31) c.xor   s0, a2
core   0: 3 0x80008668 (0x8c31) x 8 0x8001526f
core   0: 0x8000866a (0xa4ec2893) slti    a7, s8, -1458
core   0: 3 0x8000866a (0xa4ec2893) x17 0x00000000
core   0: 0x8000866e (0x00008131) c.srli  a0, 12
core   0: 3 0x8000866e (0x8131) x10 0x00000000
core   0: 0x80008670 (0x02e30b33) mul     s6, t1, a4
core   0: 3 0x80008670 (0x02e30b33) x22 0xf3200000
core   0: 0x80008674 (0x00008c31) c.xor   s0, a2
core   0: 3 0x80008674 (0x8c31) x 8 0x8001526e
core   0: 0x80008676 (0x000087dd) c.srai  a5, 23
core   0: 3 0x80008676 (0x87dd) x15 0x0000008d
core   0: 0x80008678 (0x01cc3b33) sltu    s6, s8, t3
core   0: 3 0x80008678 (0x01cc3b33) x22 0x00000000
core   0: 0x8000867c (0x03ad70b3) remu    ra, s10, s10
core   0: 3 0x8000867c (0x03ad70b3) x 1 0x00000000
core   0: 0x80008680 (0x010dc9b3) xor     s3, s11, a6
core   0: 3 0x80008680 (0x010dc9b3) x19 0x80000000
core   0: 0x80008684 (0x00008e7d) c.and   a2, a5
core   0: 3 0x80008684 (0x8e7d) x12 0x00000001
core   0: 0x80008686 (0x011fc9b3) xor     s3, t6, a7
core   0: 3 0x80008686 (0x011fc9b3) x19 0x00000001
core   0: 0x8000868a (0x401409b3) sub     s3, s0, ra
core   0: 3 0x8000868a (0x401409b3) x19 0x8001526e
core   0: 0x8000868e (0x01fcfe93) andi    t4, s9, 31
core   0: 3 0x8000868e (0x01fcfe93) x29 0x0000001c
core   0: 0x80008692 (0x000015fd) c.addi  a1, -1
core   0: 3 0x80008692 (0x15fd) x11 0x00000212
core   0: 0x80008694 (0xb0d44193) xori    gp, s0, -1267
core   0: 3 0x80008694 (0xb0d44193) x 3 0x7ffea963
core   0: 0x80008698 (0x00008385) c.srli  a5, 1
core   0: 3 0x80008698 (0x8385) x15 0x00000046
core   0: 0x8000869a (0x7edecc93) xori    s9, t4, 2029
core   0: 3 0x8000869a (0x7edecc93) x25 0x000007f1
core   0: 0x8000869e (0xa65cab93) slti    s7, s9, -1435
core   0: 3 0x8000869e (0xa65cab93) x23 0x00000000
core   0: 0x800086a2 (0x00000001) c.nop
core   0: 3 0x800086a2 (0x0001)
core   0: 0x800086a4 (0x221b2317) auipc   t1, 0x221b2
core   0: 3 0x800086a4 (0x221b2317) x 6 0xa21ba6a4
core   0: 0x800086a8 (0x1bf1e837) lui     a6, 0x1bf1e
core   0: 3 0x800086a8 (0x1bf1e837) x16 0x1bf1e000
core   0: 0x800086ac (0x02d8a833) mulhsu  a6, a7, a3
core   0: 3 0x800086ac (0x02d8a833) x16 0x00000000
core   0: 0x800086b0 (0x4fa4d8b7) lui     a7, 0x4fa4d
core   0: 3 0x800086b0 (0x4fa4d8b7) x17 0x4fa4d000
core   0: 0x800086b4 (0x00004625) c.li    a2, 9
core   0: 3 0x800086b4 (0x4625) x12 0x00000009
core   0: 0x800086b6 (0xd9ba8a93) addi    s5, s5, -613
core   0: 3 0x800086b6 (0xd9ba8a93) x21 0xfffffd9b
core   0: 0x800086ba (0x0000952a) c.add   a0, a0
core   0: 3 0x800086ba (0x952a) x10 0x00000000
core   0: 0x800086bc (0x0276ec33) rem     s8, a3, t2
core   0: 3 0x800086bc (0x0276ec33) x24 0x00000000
core   0: 0x800086c0 (0x000000d9) c.addi  ra, 22
core   0: 3 0x800086c0 (0x00d9) x 1 0x00000016
core   0: 0x800086c2 (0x0267bc33) mulhu   s8, a5, t1
core   0: 3 0x800086c2 (0x0267bc33) x24 0x0000002c
core   0: 0x800086c6 (0x000086e9) c.srai  a3, 26
core   0: 3 0x800086c6 (0x86e9) x13 0x00000000
core   0: 0x800086c8 (0x000a7433) and     s0, s4, zero
core   0: 3 0x800086c8 (0x000a7433) x 8 0x00000000
core   0: 0x800086cc (0x01659d33) sll     s10, a1, s6
core   0: 3 0x800086cc (0x01659d33) x26 0x00000212
core   0: 0x800086d0 (0x010cb633) sltu    a2, s9, a6
core   0: 3 0x800086d0 (0x010cb633) x12 0x00000000
core   0: 0x800086d4 (0xd494bbb7) lui     s7, 0xd494b
core   0: 3 0x800086d4 (0xd494bbb7) x23 0xd494b000
core   0: 0x800086d8 (0x025ec0b3) div     ra, t4, t0
core   0: 3 0x800086d8 (0x025ec0b3) x 1 0x00000000
core   0: 0x800086dc (0x00d43fb3) sltu    t6, s0, a3
core   0: 3 0x800086dc (0x00d43fb3) x31 0x00000000
core   0: 0x800086e0 (0x77a24c93) xori    s9, tp, 1914
core   0: 3 0x800086e0 (0x77a24c93) x25 0x0000077a
core   0: 0x800086e4 (0x016c9333) sll     t1, s9, s6
core   0: 3 0x800086e4 (0x016c9333) x 6 0x0000077a
core   0: 0x800086e8 (0x4b44e893) ori     a7, s1, 1204
core   0: 3 0x800086e8 (0x4b44e893) x17 0xee4376f4
core   0: 0x800086ec (0x015149b3) xor     s3, sp, s5
core   0: 3 0x800086ec (0x015149b3) x19 0x7ffec17f
core   0: 0x800086f0 (0x013dbbb3) sltu    s7, s11, s3
core   0: 3 0x800086f0 (0x013dbbb3) x23 0x00000000
core   0: 0x800086f4 (0x0180fbb3) and     s7, ra, s8
core   0: 3 0x800086f4 (0x0180fbb3) x23 0x00000000
core   0: 0x800086f8 (0x01292c33) slt     s8, s2, s2
core   0: 3 0x800086f8 (0x01292c33) x24 0x00000000
core   0: 0x800086fc (0x02e540b3) div     ra, a0, a4
core   0: 3 0x800086fc (0x02e540b3) x 1 0x00000000
core   0: 0x80008700 (0xc0bfeb97) auipc   s7, 0xc0bfe
core   0: 3 0x80008700 (0xc0bfeb97) x23 0x40c06700
core   0: 0x80008704 (0x0012ceb3) xor     t4, t0, ra
core   0: 3 0x80008704 (0x0012ceb3) x29 0x7fff00c5
core   0: 0x80008708 (0x00004809) c.li    a6, 2
core   0: 3 0x80008708 (0x4809) x16 0x00000002
core   0: 0x8000870a (0x032e7533) remu    a0, t3, s2
core   0: 3 0x8000870a (0x032e7533) x10 0x00000000
core   0: 0x8000870e (0x0041c833) xor     a6, gp, tp
core   0: 3 0x8000870e (0x0041c833) x16 0x7ffea963
core   0: 0x80008712 (0x020090b3) mulh    ra, ra, zero
core   0: 3 0x80008712 (0x020090b3) x 1 0x00000000
core   0: 0x80008716 (0xfbd58293) addi    t0, a1, -67
core   0: 3 0x80008716 (0xfbd58293) x 5 0x000001cf
core   0: 0x8000871a (0x00008dfd) c.and   a1, a5
core   0: 3 0x8000871a (0x8dfd) x11 0x00000002
core   0: 0x8000871c (0x0bea0493) addi    s1, s4, 190
core   0: 3 0x8000871c (0x0bea0493) x 9 0x000000bd
core   0: 0x80008720 (0x00008d2d) c.xor   a0, a1
core   0: 3 0x80008720 (0x8d2d) x10 0x00000002
core   0: 0x80008722 (0x020196b3) mulh    a3, gp, zero
core   0: 3 0x80008722 (0x020196b3) x13 0x00000000
core   0: 0x80008726 (0x00000001) c.nop
core   0: 3 0x80008726 (0x0001)
core   0: 0x80008728 (0x02dea633) mulhsu  a2, t4, a3
core   0: 3 0x80008728 (0x02dea633) x12 0x00000000
core   0: 0x8000872c (0x03a819b3) mulh    s3, a6, s10
core   0: 3 0x8000872c (0x03a819b3) x19 0x00000108
core   0: 0x80008730 (0x896d6593) ori     a1, s10, -1898
core   0: 3 0x80008730 (0x896d6593) x11 0xfffffa96
core   0: 0x80008734 (0x022649b3) div     s3, a2, sp
core   0: 3 0x80008734 (0x022649b3) x19 0x00000000
core   0: 0x80008738 (0x3fcc7097) auipc   ra, 0x3fcc7
core   0: 3 0x80008738 (0x3fcc7097) x 1 0xbfccf738
core   0: 0x8000873c (0x03370e33) mul     t3, a4, s3
core   0: 3 0x8000873c (0x03370e33) x28 0x00000000
core   0: 0x80008740 (0x6058ec93) ori     s9, a7, 1541
core   0: 3 0x80008740 (0x6058ec93) x25 0xee4376f5
core   0: 0x80008744 (0x00008292) c.mv    t0, tp
core   0: 3 0x80008744 (0x8292) x 5 0x00000000
core   0: 0x80008746 (0x02721633) mulh    a2, tp, t2
core   0: 3 0x80008746 (0x02721633) x12 0x00000000
core   0: 0x8000874a (0x40725d33) sra     s10, tp, t2
core   0: 3 0x8000874a (0x40725d33) x26 0x00000000
core   0: 0x8000874e (0x009e8d33) add     s10, t4, s1
core   0: 3 0x8000874e (0x009e8d33) x26 0x7fff0182
core   0: 0x80008752 (0x025ecfb3) div     t6, t4, t0
core   0: 3 0x80008752 (0x025ecfb3) x31 0xffffffff
core   0: 0x80008756 (0x9d9f3f93) sltiu   t6, t5, -1575
core   0: 3 0x80008756 (0x9d9f3f93) x31 0x00000001
core   0: 0x8000875a (0x033b8f33) mul     t5, s7, s3
core   0: 3 0x8000875a (0x033b8f33) x30 0x00000000
core   0: 0x8000875e (0x0163b7b3) sltu    a5, t2, s6
core   0: 3 0x8000875e (0x0163b7b3) x15 0x00000000
core   0: 0x80008762 (0x00008f81) c.sub   a5, s0
core   0: 3 0x80008762 (0x8f81) x15 0x00000000
core   0: 0x80008764 (0x03446a33) rem     s4, s0, s4
core   0: 3 0x80008764 (0x03446a33) x20 0x00000000
core   0: 0x80008768 (0xf2f5b913) sltiu   s2, a1, -209
core   0: 3 0x80008768 (0xf2f5b913) x18 0x00000001
core   0: 0x8000876c (0x00008541) c.srai  a0, 16
core   0: 3 0x8000876c (0x8541) x10 0x00000000
core   0: 0x8000876e (0x00db31b3) sltu    gp, s6, a3
core   0: 3 0x8000876e (0x00db31b3) x 3 0x00000000
core   0: 0x80008772 (0x019a9b93) slli    s7, s5, 25
core   0: 3 0x80008772 (0x019a9b93) x23 0x36000000
core   0: 0x80008776 (0x0058a4b3) slt     s1, a7, t0
core   0: 3 0x80008776 (0x0058a4b3) x 9 0x00000001
core   0: 0x8000877a (0x0068f033) and     zero, a7, t1
core   0: 3 0x8000877a (0x0068f033)
core   0: 0x8000877e (0x00000001) c.nop
core   0: 3 0x8000877e (0x0001)
core   0: 0x80008780 (0xe8496b13) ori     s6, s2, -380
core   0: 3 0x80008780 (0xe8496b13) x22 0xfffffe85
core   0: 0x80008784 (0x01f02233) slt     tp, zero, t6
core   0: 3 0x80008784 (0x01f02233) x 4 0x00000001
core   0: 0x80008788 (0xbad33a93) sltiu   s5, t1, -1107
core   0: 3 0x80008788 (0xbad33a93) x21 0x00000001
core   0: 0x8000878c (0x41f9d413) srai    s0, s3, 31
core   0: 3 0x8000878c (0x41f9d413) x 8 0x00000000
core   0: 0x80008790 (0x40565093) srai    ra, a2, 5
core   0: 3 0x80008790 (0x40565093) x 1 0x00000000
core   0: 0x80008794 (0xc2966d13) ori     s10, a2, -983
core   0: 3 0x80008794 (0xc2966d13) x26 0xfffffc29
core   0: 0x80008798 (0x014b9c93) slli    s9, s7, 20
core   0: 3 0x80008798 (0x014b9c93) x25 0x00000000
core   0: 0x8000879c (0x004a4933) xor     s2, s4, tp
core   0: 3 0x8000879c (0x004a4933) x18 0x00000001
core   0: 0x800087a0 (0x00008e81) c.sub   a3, s0
core   0: 3 0x800087a0 (0x8e81) x13 0x00000000
core   0: 0x800087a2 (0x00006ed9) c.lui   t4, 0x16
core   0: 3 0x800087a2 (0x6ed9) x29 0x00016000
core   0: 0x800087a4 (0x011b1513) slli    a0, s6, 17
core   0: 3 0x800087a4 (0x011b1513) x10 0xfd0a0000
core   0: 0x800087a8 (0x00000001) c.nop
core   0: 3 0x800087a8 (0x0001)
core   0: 0x800087aa (0x2e6d0993) addi    s3, s10, 742
core   0: 3 0x800087aa (0x2e6d0993) x19 0xffffff0f
core   0: 0x800087ae (0x027633b3) mulhu   t2, a2, t2
core   0: 3 0x800087ae (0x027633b3) x 7 0x00000000
core   0: 0x800087b2 (0x01006bb3) or      s7, zero, a6
core   0: 3 0x800087b2 (0x01006bb3) x23 0x7ffea963
core   0: 0x800087b6 (0x00008fc5) c.or    a5, s1
core   0: 3 0x800087b6 (0x8fc5) x15 0x00000001
core   0: 0x800087b8 (0xf9bfce13) xori    t3, t6, -101
core   0: 3 0x800087b8 (0xf9bfce13) x28 0xffffff9a
core   0: 0x800087bc (0x00008061) c.srli  s0, 24
core   0: 3 0x800087bc (0x8061) x 8 0x00000000
core   0: 0x800087be (0x5e79ae13) slti    t3, s3, 1511
core   0: 3 0x800087be (0x5e79ae13) x28 0x00000001
core   0: 0x800087c2 (0x47188793) addi    a5, a7, 1137
core   0: 3 0x800087c2 (0x47188793) x15 0xee437b65
core   0: 0x800087c6 (0x00000a7e) c.slli  s4, 31
core   0: 3 0x800087c6 (0x0a7e) x20 0x00000000
core   0: 0x800087c8 (0x411a5eb3) sra     t4, s4, a7
core   0: 3 0x800087c8 (0x411a5eb3) x29 0x00000000
core   0: 0x800087cc (0x00009afd) c.andi  a3, -1
core   0: 3 0x800087cc (0x9afd) x13 0x00000000
core   0: 0x800087ce (0x00009cee) c.add   s9, s11
core   0: 3 0x800087ce (0x9cee) x25 0x80000000
core   0: 0x800087d0 (0x01d69cb3) sll     s9, a3, t4
core   0: 3 0x800087d0 (0x01d69cb3) x25 0x00000000
core   0: 0x800087d4 (0x005ae833) or      a6, s5, t0
core   0: 3 0x800087d4 (0x005ae833) x16 0x00000001
core   0: 0x800087d8 (0x03c428b3) mulhsu  a7, s0, t3
core   0: 3 0x800087d8 (0x03c428b3) x17 0x00000000
core   0: 0x800087dc (0x0161a0b3) slt     ra, gp, s6
core   0: 3 0x800087dc (0x0161a0b3) x 1 0x00000000
core   0: 0x800087e0 (0x00006aad) c.lui   s5, 0xb
core   0: 3 0x800087e0 (0x6aad) x21 0x0000b000
core   0: 0x800087e2 (0x2bfee293) ori     t0, t4, 703
core   0: 3 0x800087e2 (0x2bfee293) x 5 0x000002bf
core   0: 0x800087e6 (0x0101c1b3) xor     gp, gp, a6
core   0: 3 0x800087e6 (0x0101c1b3) x 3 0x00000001
core   0: 0x800087ea (0x0120f9b3) and     s3, ra, s2
core   0: 3 0x800087ea (0x0120f9b3) x19 0x00000000
core   0: 0x800087ee (0x00000001) c.nop
core   0: 3 0x800087ee (0x0001)
core   0: 0x800087f0 (0x0280bbb3) mulhu   s7, ra, s0
core   0: 3 0x800087f0 (0x0280bbb3) x23 0x00000000
core   0: 0x800087f4 (0x00008db5) c.xor   a1, a3
core   0: 3 0x800087f4 (0x8db5) x11 0xfffffa96
core   0: 0x800087f6 (0x00006c91) c.lui   s9, 0x4
core   0: 3 0x800087f6 (0x6c91) x25 0x00004000
core   0: 0x800087f8 (0x00008d15) c.sub   a0, a3
core   0: 3 0x800087f8 (0x8d15) x10 0xfd0a0000
core   0: 0x800087fa (0x00110233) add     tp, sp, ra
core   0: 3 0x800087fa (0x00110233) x 4 0x80013ce4
core   0: 0x800087fe (0x1351b613) sltiu   a2, gp, 309
core   0: 3 0x800087fe (0x1351b613) x12 0x00000001
core   0: 0x80008802 (0x01bbe9b3) or      s3, s7, s11
core   0: 3 0x80008802 (0x01bbe9b3) x19 0x80000000
core   0: 0x80008806 (0x63a18813) addi    a6, gp, 1594
core   0: 3 0x80008806 (0x63a18813) x16 0x0000063b
core   0: 0x8000880a (0x40528833) sub     a6, t0, t0
core   0: 3 0x8000880a (0x40528833) x16 0x00000000
core   0: 0x8000880e (0x00009396) c.add   t2, t0
core   0: 3 0x8000880e (0x9396) x 7 0x000002bf
core   0: 0x80008810 (0x019e1fb3) sll     t6, t3, s9
core   0: 3 0x80008810 (0x019e1fb3) x31 0x00000001
core   0: 0x80008814 (0x0fe71017) auipc   zero, 0xfe71
core   0: 3 0x80008814 (0x0fe71017)
core   0: 0x80008818 (0x00008e1d) c.sub   a2, a5
core   0: 3 0x80008818 (0x8e1d) x12 0x11bc849c
core   0: 0x8000881a (0xcb9edbb7) lui     s7, 0xcb9ed
core   0: 3 0x8000881a (0xcb9edbb7) x23 0xcb9ed000
core   0: 0x8000881e (0x010ed7b3) srl     a5, t4, a6
core   0: 3 0x8000881e (0x010ed7b3) x15 0x00000000
core   0: 0x80008822 (0x00008fc1) c.or    a5, s0
core   0: 3 0x80008822 (0x8fc1) x15 0x00000000
core   0: 0x80008824 (0x401dd393) srai    t2, s11, 1
core   0: 3 0x80008824 (0x401dd393) x 7 0xc0000000
core   0: 0x80008828 (0x01ef6b33) or      s6, t5, t5
core   0: 3 0x80008828 (0x01ef6b33) x22 0x00000000
core   0: 0x8000882c (0x00000001) c.nop
core   0: 3 0x8000882c (0x0001)
core   0: 0x8000882e (0x00000001) c.nop
core   0: 3 0x8000882e (0x0001)
core   0: 0x80008830 (0x00000001) c.nop
core   0: 3 0x80008830 (0x0001)
core   0: 0x80008832 (0x002ab2b3) sltu    t0, s5, sp
core   0: 3 0x80008832 (0x002ab2b3) x 5 0x00000001
core   0: 0x80008836 (0xb1cfcb93) xori    s7, t6, -1252
core   0: 3 0x80008836 (0xb1cfcb93) x23 0xfffffb1d
core   0: 0x8000883a (0x0057ca33) xor     s4, a5, t0
core   0: 3 0x8000883a (0x0057ca33) x20 0x00000001
core   0: 0x8000883e (0x00000001) c.nop
core   0: 3 0x8000883e (0x0001)
core   0: 0x80008840 (0x00000ad6) c.slli  s5, 21
core   0: 3 0x80008840 (0x0ad6) x21 0x00000000
core   0: 0x80008842 (0x01015c93) srli    s9, sp, 16
core   0: 3 0x80008842 (0x01015c93) x25 0x00008001
core   0: 0x80008846 (0x10ffae13) slti    t3, t6, 271
core   0: 3 0x80008846 (0x10ffae13) x28 0x00000001
core   0: 0x8000884a (0x01869893) slli    a7, a3, 24
core   0: 3 0x8000884a (0x01869893) x17 0x00000000
core   0: 0x8000884e (0x40d68bb3) sub     s7, a3, a3
core   0: 3 0x8000884e (0x40d68bb3) x23 0x00000000
core   0: 0x80008852 (0x00000001) c.nop
core   0: 3 0x80008852 (0x0001)
core   0: 0x80008854 (0x00ae5a93) srli    s5, t3, 10
core   0: 3 0x80008854 (0x00ae5a93) x21 0x00000000
core   0: 0x80008858 (0x7a705837) lui     a6, 0x7a705
core   0: 3 0x80008858 (0x7a705837) x16 0x7a705000
core   0: 0x8000885c (0x0339bd33) mulhu   s10, s3, s3
core   0: 3 0x8000885c (0x0339bd33) x26 0x40000000
core   0: 0x80008860 (0x00009bfd) c.andi  a5, -1
core   0: 3 0x80008860 (0x9bfd) x15 0x00000000
core   0: 0x80008862 (0x038c07b3) mul     a5, s8, s8
core   0: 3 0x80008862 (0x038c07b3) x15 0x00000000
core   0: 0x80008866 (0x00008d5d) c.or    a0, a5
core   0: 3 0x80008866 (0x8d5d) x10 0xfd0a0000
core   0: 0x80008868 (0x00006a3d) c.lui   s4, 0xf
core   0: 3 0x80008868 (0x6a3d) x20 0x0000f000
core   0: 0x8000886a (0x0253feb3) remu    t4, t2, t0
core   0: 3 0x8000886a (0x0253feb3) x29 0x00000000
core   0: 0x8000886e (0x02b7d2b3) divu    t0, a5, a1
core   0: 3 0x8000886e (0x02b7d2b3) x 5 0x00000000
core   0: 0x80008872 (0x0000663d) c.lui   a2, 0xf
core   0: 3 0x80008872 (0x663d) x12 0x0000f000
core   0: 0x80008874 (0x027bf833) remu    a6, s7, t2
core   0: 3 0x80008874 (0x027bf833) x16 0x00000000
core   0: 0x80008878 (0x417c8d33) sub     s10, s9, s7
core   0: 3 0x80008878 (0x417c8d33) x26 0x00008001
core   0: 0x8000887c (0x4074d413) srai    s0, s1, 7
core   0: 3 0x8000887c (0x4074d413) x 8 0x00000000
core   0: 0x80008880 (0x00008f89) c.sub   a5, a0
core   0: 3 0x80008880 (0x8f89) x15 0x02f60000
core   0: 0x80008882 (0x00008615) c.srai  a2, 5
core   0: 3 0x80008882 (0x8615) x12 0x00000780
core   0: 0x80008884 (0x00000001) c.nop
core   0: 3 0x80008884 (0x0001)
core   0: 0x80008886 (0x41435ab3) sra     s5, t1, s4
core   0: 3 0x80008886 (0x41435ab3) x21 0x0000077a
core   0: 0x8000888a (0x016c8fb3) add     t6, s9, s6
core   0: 3 0x8000888a (0x016c8fb3) x31 0x00008001
core   0: 0x8000888e (0x41718033) sub     zero, gp, s7
core   0: 3 0x8000888e (0x41718033)
core   0: 0x80008892 (0x015e98b3) sll     a7, t4, s5
core   0: 3 0x80008892 (0x015e98b3) x17 0x00000000
core   0: 0x80008896 (0x029e8533) mul     a0, t4, s1
core   0: 3 0x80008896 (0x029e8533) x10 0x00000000
core   0: 0x8000889a (0x00000001) c.nop
core   0: 3 0x8000889a (0x0001)
core   0: 0x8000889c (0x00ceffb3) and     t6, t4, a2
core   0: 3 0x8000889c (0x00ceffb3) x31 0x00000000
core   0: 0x800088a0 (0x00000a22) c.slli  s4, 8
core   0: 3 0x800088a0 (0x0a22) x20 0x00f00000
core   0: 0x800088a2 (0xc3d57493) andi    s1, a0, -963
core   0: 3 0x800088a2 (0xc3d57493) x 9 0x00000000
core   0: 0x800088a6 (0x00006335) c.lui   t1, 0xd
core   0: 3 0x800088a6 (0x6335) x 6 0x0000d000
core   0: 0x800088a8 (0xc034b793) sltiu   a5, s1, -1021
core   0: 3 0x800088a8 (0xc034b793) x15 0x00000001
core   0: 0x800088ac (0x03ecd1b3) divu    gp, s9, t5
core   0: 3 0x800088ac (0x03ecd1b3) x 3 0xffffffff
core   0: 0x800088b0 (0x5a562813) slti    a6, a2, 1445
core   0: 3 0x800088b0 (0x5a562813) x16 0x00000000
core   0: 0x800088b4 (0x00008db9) c.xor   a1, a4
core   0: 3 0x800088b4 (0x8db9) x11 0x7fff04f2
core   0: 0x800088b6 (0x00008c19) c.sub   s0, a4
core   0: 3 0x800088b6 (0x8c19) x 8 0x7fff019c
core   0: 0x800088b8 (0x01c17933) and     s2, sp, t3
core   0: 3 0x800088b8 (0x01c17933) x18 0x00000000
core   0: 0x800088bc (0x6ace8493) addi    s1, t4, 1708
core   0: 3 0x800088bc (0x6ace8493) x 9 0x000006ac
core   0: 0x800088c0 (0x01c85ab3) srl     s5, a6, t3
core   0: 3 0x800088c0 (0x01c85ab3) x21 0x00000000
core   0: 0x800088c4 (0xf6f13613) sltiu   a2, sp, -145
core   0: 3 0x800088c4 (0xf6f13613) x12 0x00000001
core   0: 0x800088c8 (0x03427eb3) remu    t4, tp, s4
core   0: 3 0x800088c8 (0x03427eb3) x29 0x00813ce4
core   0: 0x800088cc (0x003783b3) add     t2, a5, gp
core   0: 3 0x800088cc (0x003783b3) x 7 0x00000000
core   0: 0x800088d0 (0x00008c91) c.sub   s1, a2
core   0: 3 0x800088d0 (0x8c91) x 9 0x000006ab
core   0: 0x800088d2 (0xaaaaba93) sltiu   s5, s5, -1366
core   0: 3 0x800088d2 (0xaaaaba93) x21 0x00000001
core   0: 0x800088d6 (0x018a4ab3) xor     s5, s4, s8
core   0: 3 0x800088d6 (0x018a4ab3) x21 0x00f00000
core   0: 0x800088da (0x4024d3b3) sra     t2, s1, sp
core   0: 3 0x800088da (0x4024d3b3) x 7 0x0000006a
core   0: 0x800088de (0x00008c89) c.sub   s1, a0
core   0: 3 0x800088de (0x8c89) x 9 0x000006ab
core   0: 0x800088e0 (0x70247d13) andi    s10, s0, 1794
core   0: 3 0x800088e0 (0x70247d13) x26 0x00000100
core   0: 0x800088e4 (0x00000001) c.nop
core   0: 3 0x800088e4 (0x0001)
core   0: 0x800088e6 (0x40cdd5b3) sra     a1, s11, a2
core   0: 3 0x800088e6 (0x40cdd5b3) x11 0xc0000000
core   0: 0x800088ea (0x00009e1e) c.add   t3, t2
core   0: 3 0x800088ea (0x9e1e) x28 0x0000006b
core   0: 0x800088ec (0x40423613) sltiu   a2, tp, 1028
core   0: 3 0x800088ec (0x40423613) x12 0x00000000
core   0: 0x800088f0 (0x36442513) slti    a0, s0, 868
core   0: 3 0x800088f0 (0x36442513) x10 0x00000000
core   0: 0x800088f4 (0x000014fd) c.addi  s1, -1
core   0: 3 0x800088f4 (0x14fd) x 9 0x000006aa
core   0: 0x800088f6 (0x02019bb3) mulh    s7, gp, zero
core   0: 3 0x800088f6 (0x02019bb3) x23 0x00000000
core   0: 0x800088fa (0x037dc933) div     s2, s11, s7
core   0: 3 0x800088fa (0x037dc933) x18 0xffffffff
core   0: 0x800088fe (0x41b45f93) srai    t6, s0, 27
core   0: 3 0x800088fe (0x41b45f93) x31 0x0000000f
core   0: 0x80008902 (0x02cf2e33) mulhsu  t3, t5, a2
core   0: 3 0x80008902 (0x02cf2e33) x28 0x00000000
core   0: 0x80008906 (0xbdd67b93) andi    s7, a2, -1059
core   0: 3 0x80008906 (0xbdd67b93) x23 0x00000000
core   0: 0x8000890a (0x4131dcb3) sra     s9, gp, s3
core   0: 3 0x8000890a (0x4131dcb3) x25 0xffffffff
core   0: 0x8000890e (0x01d70833) add     a6, a4, t4
core   0: 3 0x8000890e (0x01d70833) x16 0x80823b48
core   0: 0x80008912 (0x00000001) c.nop
core   0: 3 0x80008912 (0x0001)
core   0: 0x80008914 (0x02e21ab3) mulh    s5, tp, a4
core   0: 3 0x80008914 (0x02e21ab3) x21 0x3ffee25d
core   0: 0x80008918 (0x0000024e) c.slli  tp, 19
core   0: 3 0x80008918 (0x024e) x 4 0xe7200000
core   0: 0x8000891a (0x416183b3) sub     t2, gp, s6
core   0: 3 0x8000891a (0x416183b3) x 7 0xffffffff
core   0: 0x8000891e (0x018a5f33) srl     t5, s4, s8
core   0: 3 0x8000891e (0x018a5f33) x30 0x00f00000
core   0: 0x80008922 (0x00001bfd) c.addi  s7, -1
core   0: 3 0x80008922 (0x1bfd) x23 0xffffffff
core   0: 0x80008924 (0x02664eb3) div     t4, a2, t1
core   0: 3 0x80008924 (0x02664eb3) x29 0x00000000
core   0: 0x80008928 (0x009da833) slt     a6, s11, s1
core   0: 3 0x80008928 (0x009da833) x16 0x00000001
core   0: 0x8000892c (0x0164ab33) slt     s6, s1, s6
core   0: 3 0x8000892c (0x0164ab33) x22 0x00000000
core   0: 0x80008930 (0x00000955) c.addi  s2, 21
core   0: 3 0x80008930 (0x0955) x18 0x00000014
core   0: 0x80008932 (0xe6f62393) slti    t2, a2, -401
core   0: 3 0x80008932 (0xe6f62393) x 7 0x00000000
core   0: 0x80008936 (0x00008e21) c.xor   a2, s0
core   0: 3 0x80008936 (0x8e21) x12 0x7fff019c
core   0: 0x80008938 (0x00008d39) c.xor   a0, a4
core   0: 3 0x80008938 (0x8d39) x10 0x8000fe64
core   0: 0x8000893a (0x02aad3b3) divu    t2, s5, a0
core   0: 3 0x8000893a (0x02aad3b3) x 7 0x00000000
core   0: 0x8000893e (0x00008d19) c.sub   a0, a4
core   0: 3 0x8000893e (0x8d19) x10 0x00000000
core   0: 0x80008940 (0x00009cea) c.add   s9, s10
core   0: 3 0x80008940 (0x9cea) x25 0x000000ff
core   0: 0x80008942 (0x92286913) ori     s2, a6, -1758
core   0: 3 0x80008942 (0x92286913) x18 0xfffff923
core   0: 0x80008946 (0x0257df33) divu    t5, a5, t0
core   0: 3 0x80008946 (0x0257df33) x30 0xffffffff
core   0: 0x8000894a (0x000001c6) c.slli  gp, 17
core   0: 3 0x8000894a (0x01c6) x 3 0xfffe0000
core   0: 0x8000894c (0x3167fab7) lui     s5, 0x3167f
core   0: 3 0x8000894c (0x3167fab7) x21 0x3167f000
core   0: 0x80008950 (0x0240b533) mulhu   a0, ra, tp
core   0: 3 0x80008950 (0x0240b533) x10 0x00000000
core   0: 0x80008954 (0x03d75433) divu    s0, a4, t4
core   0: 3 0x80008954 (0x03d75433) x 8 0xffffffff
core   0: 0x80008958 (0x02e05eb3) divu    t4, zero, a4
core   0: 3 0x80008958 (0x02e05eb3) x29 0x00000000
core   0: 0x8000895c (0x98140d13) addi    s10, s0, -1663
core   0: 3 0x8000895c (0x98140d13) x26 0xfffff980
core   0: 0x80008960 (0x0000022a) c.slli  tp, 10
core   0: 3 0x80008960 (0x022a) x 4 0x80000000
core   0: 0x80008962 (0x000053fd) c.li    t2, -1
core   0: 3 0x80008962 (0x53fd) x 7 0xffffffff
core   0: 0x80008964 (0xe6822313) slti    t1, tp, -408
core   0: 3 0x80008964 (0xe6822313) x 6 0x00000001
core   0: 0x80008968 (0xfff00213) li      tp, -1
core   0: 3 0x80008968 (0xfff00213) x 4 0xffffffff
core   0: 0x8000896c (0x690332b7) lui     t0, 0x69033
core   0: 3 0x8000896c (0x690332b7) x 5 0x69033000
core   0: 0x80008970 (0xc0628293) addi    t0, t0, -1018
core   0: 3 0x80008970 (0xc0628293) x 5 0x69032c06
core   0: 0x80008974 (0x00004801) c.li    a6, 0
core   0: 3 0x80008974 (0x4801) x16 0x00000000
core   0: 0x80008976 (0xafc1ac37) lui     s8, 0xafc1a
core   0: 3 0x80008976 (0xafc1ac37) x24 0xafc1a000
core   0: 0x8000897a (0x725c0c13) addi    s8, s8, 1829
core   0: 3 0x8000897a (0x725c0c13) x24 0xafc1a725
core   0: 0x8000897e (0xfff00d13) li      s10, -1
core   0: 3 0x8000897e (0xfff00d13) x26 0xffffffff
core   0: 0x80008982 (0x3b7c39b7) lui     s3, 0x3b7c3
core   0: 3 0x80008982 (0x3b7c39b7) x19 0x3b7c3000
core   0: 0x80008986 (0x79898993) addi    s3, s3, 1944
core   0: 3 0x80008986 (0x79898993) x19 0x3b7c3798
core   0: 0x8000898a (0xc0348437) lui     s0, 0xc0348
core   0: 3 0x8000898a (0xc0348437) x 8 0xc0348000
core   0: 0x8000898e (0x56240413) addi    s0, s0, 1378
core   0: 3 0x8000898e (0x56240413) x 8 0xc0348562
core   0: 0x80008992 (0xab88ff37) lui     t5, 0xab88f
core   0: 3 0x80008992 (0xab88ff37) x30 0xab88f000
core   0: 0x80008996 (0x23ef0f13) addi    t5, t5, 574
core   0: 3 0x80008996 (0x23ef0f13) x30 0xab88f23e
core   0: 0x8000899a (0x80000fb7) lui     t6, 0x80000
core   0: 3 0x8000899a (0x80000fb7) x31 0x80000000
core   0: 0x8000899e (0x00004a81) c.li    s5, 0
core   0: 3 0x8000899e (0x4a81) x21 0x00000000
core   0: 0x800089a0 (0x0282cc33) div     s8, t0, s0
core   0: 3 0x800089a0 (0x0282cc33) x24 0xffffffff
core   0: 0x800089a4 (0x028d1ab3) mulh    s5, s10, s0
core   0: 3 0x800089a4 (0x028d1ab3) x21 0x00000000
core   0: 0x800089a8 (0x0282df33) divu    t5, t0, s0
core   0: 3 0x800089a8 (0x0282df33) x30 0x00000000
core   0: 0x800089ac (0x00000001) c.nop
core   0: 3 0x800089ac (0x0001)
core   0: 0x800089ae (0x00000001) c.nop
core   0: 3 0x800089ae (0x0001)
core   0: 0x800089b0 (0x024429b3) mulhsu  s3, s0, tp
core   0: 3 0x800089b0 (0x024429b3) x19 0xc0348562
core   0: 0x800089b4 (0x030d19b3) mulh    s3, s10, a6
core   0: 3 0x800089b4 (0x030d19b3) x19 0x00000000
core   0: 0x800089b8 (0x028472b3) remu    t0, s0, s0
core   0: 3 0x800089b8 (0x028472b3) x 5 0x00000000
core   0: 0x800089bc (0x02842833) mulhsu  a6, s0, s0
core   0: 3 0x800089bc (0x02842833) x16 0xd01a4d77
core   0: 0x800089c0 (0x004d09b3) add     s3, s10, tp
core   0: 3 0x800089c0 (0x004d09b3) x19 0xfffffffe
core   0: 0x800089c4 (0x03f2d2b3) divu    t0, t0, t6
core   0: 3 0x800089c4 (0x03f2d2b3) x 5 0x00000000
core   0: 0x800089c8 (0x03ffbab3) mulhu   s5, t6, t6
core   0: 3 0x800089c8 (0x03ffbab3) x21 0x40000000
core   0: 0x800089cc (0x02898d33) mul     s10, s3, s0
core   0: 3 0x800089cc (0x02898d33) x26 0x7f96f53c
core   0: 0x800089d0 (0x028c5c33) divu    s8, s8, s0
core   0: 3 0x800089d0 (0x028c5c33) x24 0x00000001
core   0: 0x800089d4 (0x639e2f17) auipc   t5, 0x639e2
core   0: 3 0x800089d4 (0x639e2f17) x30 0xe39ea9d4
core   0: 0x800089d8 (0x035d3fb3) mulhu   t6, s10, s5
core   0: 3 0x800089d8 (0x035d3fb3) x31 0x1fe5bd4f
core   0: 0x800089dc (0x01af02b3) add     t0, t5, s10
core   0: 3 0x800089dc (0x01af02b3) x 5 0x63359f10
core   0: 0x800089e0 (0x030f9233) mulh    tp, t6, a6
core   0: 3 0x800089e0 (0x030f9233) x 4 0xfa08337d
core   0: 0x800089e4 (0x00000001) c.nop
core   0: 3 0x800089e4 (0x0001)
core   0: 0x800089e6 (0x03af7fb3) remu    t6, t5, s10
core   0: 3 0x800089e6 (0x03af7fb3) x31 0x6407b498
core   0: 0x800089ea (0x0282e9b3) rem     s3, t0, s0
core   0: 3 0x800089ea (0x0282e9b3) x19 0x236a2472
core   0: 0x800089ee (0xc2f80993) addi    s3, a6, -977
core   0: 3 0x800089ee (0xc2f80993) x19 0xd01a49a6
core   0: 0x800089f2 (0x83080813) addi    a6, a6, -2000
core   0: 3 0x800089f2 (0x83080813) x16 0xd01a45a7
core   0: 0x800089f6 (0x017c95b3) sll     a1, s9, s7
core   0: 3 0x800089f6 (0x017c95b3) x11 0x80000000
core   0: 0x800089fa (0x00000001) c.nop
core   0: 3 0x800089fa (0x0001)
core   0: 0x800089fc (0x00000001) c.nop
core   0: 3 0x800089fc (0x0001)
core   0: 0x800089fe (0x01ccec33) or      s8, s9, t3
core   0: 3 0x800089fe (0x01ccec33) x24 0x000000ff
core   0: 0x80008a02 (0x410d01b3) sub     gp, s10, a6
core   0: 3 0x80008a02 (0x410d01b3) x 3 0xaf7caf95
core   0: 0x80008a06 (0x00009ece) c.add   t4, s3
core   0: 3 0x80008a06 (0x9ece) x29 0xd01a49a6
core   0: 0x80008a08 (0x03073f33) mulhu   t5, a4, a6
core   0: 3 0x80008a08 (0x03073f33) x30 0x680df19e
core   0: 0x80008a0c (0x00aed293) srli    t0, t4, 10
core   0: 3 0x80008a0c (0x00aed293) x 5 0x00340692
core   0: 0x80008a10 (0x00008fe5) c.and   a5, s1
core   0: 3 0x80008a10 (0x8fe5) x15 0x00000000
core   0: 0x80008a12 (0x00c1d513) srli    a0, gp, 12
core   0: 3 0x80008a12 (0x00c1d513) x10 0x000af7ca
core   0: 0x80008a16 (0x41b1db13) srai    s6, gp, 27
core   0: 3 0x80008a16 (0x41b1db13) x22 0xfffffff5
core   0: 0x80008a1a (0x0000557d) c.li    a0, -1
core   0: 3 0x80008a1a (0x557d) x10 0xffffffff
core   0: 0x80008a1c (0x01ce6333) or      t1, t3, t3
core   0: 3 0x80008a1c (0x01ce6333) x 6 0x00000000
core   0: 0x80008a20 (0x3058c813) xori    a6, a7, 773
core   0: 3 0x80008a20 (0x3058c813) x16 0x00000305
core   0: 0x80008a24 (0x01b25293) srli    t0, tp, 27
core   0: 3 0x80008a24 (0x01b25293) x 5 0x0000001f
core   0: 0x80008a28 (0x02d2cbb3) div     s7, t0, a3
core   0: 3 0x80008a28 (0x02d2cbb3) x23 0xffffffff
core   0: 0x80008a2c (0x2b63aa93) slti    s5, t2, 694
core   0: 3 0x80008a2c (0x2b63aa93) x21 0x00000001
core   0: 0x80008a30 (0x027d83b3) mul     t2, s11, t2
core   0: 3 0x80008a30 (0x027d83b3) x 7 0x80000000
core   0: 0x80008a34 (0x000000f5) c.addi  ra, 29
core   0: 3 0x80008a34 (0x00f5) x 1 0x0000001d
core   0: 0x80008a36 (0x00698eb3) add     t4, s3, t1
core   0: 3 0x80008a36 (0x00698eb3) x29 0xd01a49a6
core   0: 0x80008a3a (0x037f6e33) rem     t3, t5, s7
core   0: 3 0x80008a3a (0x037f6e33) x28 0x00000000
core   0: 0x80008a3e (0x00008479) c.srai  s0, 30
core   0: 3 0x80008a3e (0x8479) x 8 0xffffffff
core   0: 0x80008a40 (0x007f9013) slli    zero, t6, 7
core   0: 3 0x80008a40 (0x007f9013)
core   0: 0x80008a44 (0x00702933) slt     s2, zero, t2
core   0: 3 0x80008a44 (0x00702933) x18 0x00000000
core   0: 0x80008a48 (0x02b53333) mulhu   t1, a0, a1
core   0: 3 0x80008a48 (0x02b53333) x 6 0x7fffffff
core   0: 0x80008a4c (0x67cc4513) xori    a0, s8, 1660
core   0: 3 0x80008a4c (0x67cc4513) x10 0x00000683
core   0: 0x80008a50 (0xc51da913) slti    s2, s11, -943
core   0: 3 0x80008a50 (0xc51da913) x18 0x00000001
core   0: 0x80008a54 (0x00001f7d) c.addi  t5, -1
core   0: 3 0x80008a54 (0x1f7d) x30 0x680df19d
core   0: 0x80008a56 (0xd12f1697) auipc   a3, 0xd12f1
core   0: 3 0x80008a56 (0xd12f1697) x13 0x512f9a56
core   0: 0x80008a5a (0x00008ee1) c.and   a3, s0
core   0: 3 0x80008a5a (0x8ee1) x13 0x512f9a56
core   0: 0x80008a5c (0x00009446) c.add   s0, a7
core   0: 3 0x80008a5c (0x9446) x 8 0xffffffff
core   0: 0x80008a5e (0xbac49497) auipc   s1, 0xbac49
core   0: 3 0x80008a5e (0xbac49497) x 9 0x3ac51a5e
core   0: 0x80008a62 (0x00008d0d) c.sub   a0, a1
core   0: 3 0x80008a62 (0x8d0d) x10 0x80000683
core   0: 0x80008a64 (0x00009afd) c.andi  a3, -1
core   0: 3 0x80008a64 (0x9afd) x13 0x512f9a56
core   0: 0x80008a66 (0x00001cfd) c.addi  s9, -1
core   0: 3 0x80008a66 (0x1cfd) x25 0x000000fe
core   0: 0x80008a68 (0x00008fad) c.xor   a5, a1
core   0: 3 0x80008a68 (0x8fad) x15 0x80000000
core   0: 0x80008a6a (0xca810d13) addi    s10, sp, -856
core   0: 3 0x80008a6a (0xca810d13) x26 0x8001398c
core   0: 0x80008a6e (0x00000001) c.nop
core   0: 3 0x80008a6e (0x0001)
core   0: 0x80008a70 (0x411c5a13) srai    s4, s8, 17
core   0: 3 0x80008a70 (0x411c5a13) x20 0x00000000
core   0: 0x80008a74 (0x0230c333) div     t1, ra, gp
core   0: 3 0x80008a74 (0x0230c333) x 6 0x00000000
core   0: 0x80008a78 (0x4358c493) xori    s1, a7, 1077
core   0: 3 0x80008a78 (0x4358c493) x 9 0x00000435
core   0: 0x80008a7c (0x0010d613) srli    a2, ra, 1
core   0: 3 0x80008a7c (0x0010d613) x12 0x0000000e
core   0: 0x80008a80 (0x00008fc9) c.or    a5, a0
core   0: 3 0x80008a80 (0x8fc9) x15 0x80000683
core   0: 0x80008a82 (0x00008525) c.srai  a0, 9
core   0: 3 0x80008a82 (0x8525) x10 0xffc00003
core   0: 0x80008a84 (0x00009e92) c.add   t4, tp
core   0: 3 0x80008a84 (0x9e92) x29 0xca227d23
core   0: 0x80008a86 (0x406c0bb3) sub     s7, s8, t1
core   0: 3 0x80008a86 (0x406c0bb3) x23 0x000000ff
core   0: 0x80008a8a (0x00000541) c.addi  a0, 16
core   0: 3 0x80008a8a (0x0541) x10 0xffc00013
core   0: 0x80008a8c (0x00000842) c.slli  a6, 16
core   0: 3 0x80008a8c (0x0842) x16 0x03050000
core   0: 0x80008a8e (0xc0348613) addi    a2, s1, -1021
core   0: 3 0x80008a8e (0xc0348613) x12 0x00000038
core   0: 0x80008a92 (0x00009826) c.add   a6, s1
core   0: 3 0x80008a92 (0x9826) x16 0x03050435
core   0: 0x80008a94 (0x020ad5b3) divu    a1, s5, zero
core   0: 3 0x80008a94 (0x020ad5b3) x11 0xffffffff
core   0: 0x80008a98 (0x954a8f93) addi    t6, s5, -1708
core   0: 3 0x80008a98 (0x954a8f93) x31 0xfffff955
core   0: 0x80008a9c (0x02e688b3) mul     a7, a3, a4
core   0: 3 0x80008a9c (0x02e688b3) x17 0xf1b99d98
core   0: 0x80008aa0 (0x00009f6a) c.add   t5, s10
core   0: 3 0x80008aa0 (0x9f6a) x30 0xe80f2b29
core   0: 0x80008aa2 (0xab47a313) slti    t1, a5, -1356
core   0: 3 0x80008aa2 (0xab47a313) x 6 0x00000001
core   0: 0x80008aa6 (0x01068f33) add     t5, a3, a6
core   0: 3 0x80008aa6 (0x01068f33) x30 0x54349e8b
core   0: 0x80008aaa (0x00009d0a) c.add   s10, sp
core   0: 3 0x80008aaa (0x9d0a) x26 0x00027670
core   0: 0x80008aac (0x75de0c93) addi    s9, t3, 1885
core   0: 3 0x80008aac (0x75de0c93) x25 0x0000075d
core   0: 0x80008ab0 (0x03739933) mulh    s2, t2, s7
core   0: 3 0x80008ab0 (0x03739933) x18 0xffffff80
core   0: 0x80008ab4 (0x009bf3b3) and     t2, s7, s1
core   0: 3 0x80008ab4 (0x009bf3b3) x 7 0x00000035
core   0: 0x80008ab8 (0x00469f93) slli    t6, a3, 4
core   0: 3 0x80008ab8 (0x00469f93) x31 0x12f9a560
core   0: 0x80008abc (0x5e1d6593) ori     a1, s10, 1505
core   0: 3 0x80008abc (0x5e1d6593) x11 0x000277f1
core   0: 0x80008ac0 (0x03beb7b3) mulhu   a5, t4, s11
core   0: 3 0x80008ac0 (0x03beb7b3) x15 0x65113e91
core   0: 0x80008ac4 (0x000080e6) c.mv    ra, s9
core   0: 3 0x80008ac4 (0x80e6) x 1 0x0000075d
core   0: 0x80008ac6 (0x00008e71) c.and   a2, a2
core   0: 3 0x80008ac6 (0x8e71) x12 0x00000038
core   0: 0x80008ac8 (0x408a5493) srai    s1, s4, 8
core   0: 3 0x80008ac8 (0x408a5493) x 9 0x00000000
core   0: 0x80008acc (0x01da8033) add     zero, s5, t4
core   0: 3 0x80008acc (0x01da8033)
core   0: 0x80008ad0 (0x51d6e213) ori     tp, a3, 1309
core   0: 3 0x80008ad0 (0x51d6e213) x 4 0x512f9f5f
core   0: 0x80008ad4 (0x00004f81) c.li    t6, 0
core   0: 3 0x80008ad4 (0x4f81) x31 0x00000000
core   0: 0x80008ad6 (0x32c77eb7) lui     t4, 0x32c77
core   0: 3 0x80008ad6 (0x32c77eb7) x29 0x32c77000
core   0: 0x80008ada (0xd0be8e93) addi    t4, t4, -757
core   0: 3 0x80008ada (0xd0be8e93) x29 0x32c76d0b
core   0: 0x80008ade (0x00004301) c.li    t1, 0
core   0: 3 0x80008ade (0x4301) x 6 0x00000000
core   0: 0x80008ae0 (0x80000637) lui     a2, 0x80000
core   0: 3 0x80008ae0 (0x80000637) x12 0x80000000
core   0: 0x80008ae4 (0x80000a37) lui     s4, 0x80000
core   0: 3 0x80008ae4 (0x80000a37) x20 0x80000000
core   0: 0x80008ae8 (0x80000937) lui     s2, 0x80000
core   0: 3 0x80008ae8 (0x80000937) x18 0x80000000
core   0: 0x80008aec (0xfff00813) li      a6, -1
core   0: 3 0x80008aec (0xfff00813) x16 0xffffffff
core   0: 0x80008af0 (0xfff00c93) li      s9, -1
core   0: 3 0x80008af0 (0xfff00c93) x25 0xffffffff
core   0: 0x80008af4 (0xfff00413) li      s0, -1
core   0: 3 0x80008af4 (0xfff00413) x 8 0xffffffff
core   0: 0x80008af8 (0x00004181) c.li    gp, 0
core   0: 3 0x80008af8 (0x4181) x 3 0x00000000
core   0: 0x80008afa (0x01f18333) add     t1, gp, t6
core   0: 3 0x80008afa (0x01f18333) x 6 0x00000000
core   0: 0x80008afe (0x03d1ffb3) remu    t6, gp, t4
core   0: 3 0x80008afe (0x03d1ffb3) x31 0x00000000
core   0: 0x80008b02 (0x02c62cb3) mulhsu  s9, a2, a2
core   0: 3 0x80008b02 (0x02c62cb3) x25 0xc0000000
core   0: 0x80008b06 (0x026f81b3) mul     gp, t6, t1
core   0: 3 0x80008b06 (0x026f81b3) x 3 0x00000000
core   0: 0x80008b0a (0x00000001) c.nop
core   0: 3 0x80008b0a (0x0001)
core   0: 0x80008b0c (0x65590a13) addi    s4, s2, 1621
core   0: 3 0x80008b0c (0x65590a13) x20 0x80000655
core   0: 0x80008b10 (0x414f8433) sub     s0, t6, s4
core   0: 3 0x80008b10 (0x414f8433) x 8 0x7ffff9ab
core   0: 0x80008b14 (0x032eafb3) mulhsu  t6, t4, s2
core   0: 3 0x80008b14 (0x032eafb3) x31 0x1963b685
core   0: 0x80008b18 (0x89530193) addi    gp, t1, -1899
core   0: 3 0x80008b18 (0x89530193) x 3 0xfffff895
core   0: 0x80008b1c (0x03083fb3) mulhu   t6, a6, a6
core   0: 3 0x80008b1c (0x03083fb3) x31 0xfffffffe
core   0: 0x80008b20 (0xb3f2f1b7) lui     gp, 0xb3f2f
core   0: 3 0x80008b20 (0xb3f2f1b7) x 3 0xb3f2f000
core   0: 0x80008b24 (0x02cfaa33) mulhsu  s4, t6, a2
core   0: 3 0x80008b24 (0x02cfaa33) x20 0xffffffff
core   0: 0x80008b28 (0x02c93933) mulhu   s2, s2, a2
core   0: 3 0x80008b28 (0x02c93933) x18 0x40000000
core   0: 0x80008b2c (0x03434eb3) div     t4, t1, s4
core   0: 3 0x80008b2c (0x03434eb3) x29 0x00000000
core   0: 0x80008b30 (0x00000001) c.nop
core   0: 3 0x80008b30 (0x0001)
core   0: 0x80008b32 (0x023f8433) mul     s0, t6, gp
core   0: 3 0x80008b32 (0x023f8433) x 8 0x981a2000
core   0: 0x80008b36 (0x00000001) c.nop
core   0: 3 0x80008b36 (0x0001)
core   0: 0x80008b38 (0x02832eb3) mulhsu  t4, t1, s0
core   0: 3 0x80008b38 (0x02832eb3) x29 0x00000000
core   0: 0x80008b3c (0x00000001) c.nop
core   0: 3 0x80008b3c (0x0001)
core   0: 0x80008b3e (0x02697fb3) remu    t6, s2, t1
core   0: 3 0x80008b3e (0x02697fb3) x31 0x40000000
core   0: 0x80008b42 (0x03676a33) rem     s4, a4, s6
core   0: 3 0x80008b42 (0x03676a33) x20 0xfffffff7
core   0: 0x80008b46 (0x000092f2) c.add   t0, t3
core   0: 3 0x80008b46 (0x92f2) x 5 0x0000001f
core   0: 0x80008b48 (0xd7e5ff13) andi    t5, a1, -642
core   0: 3 0x80008b48 (0xd7e5ff13) x30 0x00027570
core   0: 0x80008b4c (0x00000591) c.addi  a1, 4
core   0: 3 0x80008b4c (0x0591) x11 0x000277f5
core   0: 0x80008b4e (0x00008921) c.andi  a0, 8
core   0: 3 0x80008b4e (0x8921) x10 0x00000000
core   0: 0x80008b50 (0x005f1b33) sll     s6, t5, t0
core   0: 3 0x80008b50 (0x005f1b33) x22 0x00000000
core   0: 0x80008b54 (0x00008cd9) c.or    s1, a4
core   0: 3 0x80008b54 (0x8cd9) x 9 0x8000fe64
core   0: 0x80008b56 (0x000001a9) c.addi  gp, 10
core   0: 3 0x80008b56 (0x01a9) x 3 0xb3f2f00a
core   0: 0x80008b58 (0x000002fe) c.slli  t0, 31
core   0: 3 0x80008b58 (0x02fe) x 5 0x80000000
core   0: 0x80008b5a (0x00008c5d) c.or    s0, a5
core   0: 3 0x80008b5a (0x8c5d) x 8 0xfd1b3e91
core   0: 0x80008b5c (0x00009262) c.add   tp, s8
core   0: 3 0x80008b5c (0x9262) x 4 0x512fa05e
core   0: 0x80008b5e (0x00008c21) c.xor   s0, s0
core   0: 3 0x80008b5e (0x8c21) x 8 0x00000000
core   0: 0x80008b60 (0x00000096) c.slli  ra, 5
core   0: 3 0x80008b60 (0x0096) x 1 0x0000eba0
core   0: 0x80008b62 (0x0253db33) divu    s6, t2, t0
core   0: 3 0x80008b62 (0x0253db33) x22 0x00000000
core   0: 0x80008b66 (0x000099fd) c.andi  a1, -1
core   0: 3 0x80008b66 (0x99fd) x11 0x000277f5
core   0: 0x80008b68 (0x01425793) srli    a5, tp, 20
core   0: 3 0x80008b68 (0x01425793) x15 0x00000512
core   0: 0x80008b6c (0x03621633) mulh    a2, tp, s6
core   0: 3 0x80008b6c (0x03621633) x12 0x00000000
core   0: 0x80008b70 (0x00000001) c.nop
core   0: 3 0x80008b70 (0x0001)
core   0: 0x80008b72 (0x02cb0933) mul     s2, s6, a2
core   0: 3 0x80008b72 (0x02cb0933) x18 0x00000000
core   0: 0x80008b76 (0x01901013) slli    zero, zero, 25
core   0: 3 0x80008b76 (0x01901013)
core   0: 0x80008b7a (0x000059fd) c.li    s3, -1
core   0: 3 0x80008b7a (0x59fd) x19 0xffffffff
core   0: 0x80008b7c (0x035f90b3) mulh    ra, t6, s5
core   0: 3 0x80008b7c (0x035f90b3) x 1 0x00000000
core   0: 0x80008b80 (0x0170d233) srl     tp, ra, s7
core   0: 3 0x80008b80 (0x0170d233) x 4 0x00000000
core   0: 0x80008b84 (0x0211d633) divu    a2, gp, ra
core   0: 3 0x80008b84 (0x0211d633) x12 0xffffffff
core   0: 0x80008b88 (0x03596533) rem     a0, s2, s5
core   0: 3 0x80008b88 (0x03596533) x10 0x00000000
core   0: 0x80008b8c (0x00000001) c.nop
core   0: 3 0x80008b8c (0x0001)
core   0: 0x80008b8e (0x00008fad) c.xor   a5, a1
core   0: 3 0x80008b8e (0x8fad) x15 0x000272e7
core   0: 0x80008b90 (0x9bbd4013) xori    zero, s10, -1605
core   0: 3 0x80008b90 (0x9bbd4013)
core   0: 0x80008b94 (0xe20bea93) ori     s5, s7, -480
core   0: 3 0x80008b94 (0xe20bea93) x21 0xfffffeff
core   0: 0x80008b98 (0x00009afe) c.add   s5, t6
core   0: 3 0x80008b98 (0x9afe) x21 0x3ffffeff
core   0: 0x80008b9a (0x00cf9d33) sll     s10, t6, a2
core   0: 3 0x80008b9a (0x00cf9d33) x26 0x00000000
core   0: 0x80008b9e (0x00008acd) c.andi  a3, 19
core   0: 3 0x80008b9e (0x8acd) x13 0x00000012
core   0: 0x80008ba0 (0x0191dc93) srli    s9, gp, 25
core   0: 3 0x80008ba0 (0x0191dc93) x25 0x00000059
core   0: 0x80008ba4 (0xe46f4813) xori    a6, t5, -442
core   0: 3 0x80008ba4 (0xe46f4813) x16 0xfffd8b36
core   0: 0x80008ba8 (0x027c5033) divu    zero, s8, t2
core   0: 3 0x80008ba8 (0x027c5033)
core   0: 0x80008bac (0x0000066d) c.addi  a2, 27
core   0: 3 0x80008bac (0x066d) x12 0x0000001a
core   0: 0x80008bae (0x000008b6) c.slli  a7, 13
core   0: 3 0x80008bae (0x08b6) x17 0x33b30000
core   0: 0x80008bb0 (0x01accb33) xor     s6, s9, s10
core   0: 3 0x80008bb0 (0x01accb33) x22 0x00000059
core   0: 0x80008bb4 (0x0000997d) c.andi  a0, -1
core   0: 3 0x80008bb4 (0x997d) x10 0x00000000
core   0: 0x80008bb6 (0x035a4033) div     zero, s4, s5
core   0: 3 0x80008bb6 (0x035a4033)
core   0: 0x80008bba (0x0102a5b3) slt     a1, t0, a6
core   0: 3 0x80008bba (0x0102a5b3) x11 0x00000001
core   0: 0x80008bbe (0x00d9c533) xor     a0, s3, a3
core   0: 3 0x80008bbe (0x00d9c533) x10 0xffffffed
core   0: 0x80008bc2 (0x412dd6b3) sra     a3, s11, s2
core   0: 3 0x80008bc2 (0x412dd6b3) x13 0x80000000
core   0: 0x80008bc6 (0x018ce1b3) or      gp, s9, s8
core   0: 3 0x80008bc6 (0x018ce1b3) x 3 0x000000ff
core   0: 0x80008bca (0x03e4e233) rem     tp, s1, t5
core   0: 3 0x80008bca (0x03e4e233) x 4 0xfffe2a84
core   0: 0x80008bce (0x6f9dbf13) sltiu   t5, s11, 1785
core   0: 3 0x80008bce (0x6f9dbf13) x30 0x00000000
core   0: 0x80008bd2 (0x00009afd) c.andi  a3, -1
core   0: 3 0x80008bd2 (0x9afd) x13 0x80000000
core   0: 0x80008bd4 (0x00008fc1) c.or    a5, s0
core   0: 3 0x80008bd4 (0x8fc1) x15 0x000272e7
core   0: 0x80008bd6 (0x00a75533) srl     a0, a4, a0
core   0: 3 0x80008bd6 (0x00a75533) x10 0x00040007
core   0: 0x80008bda (0x00000001) c.nop
core   0: 3 0x80008bda (0x0001)
core   0: 0x80008bdc (0x000099fd) c.andi  a1, -1
core   0: 3 0x80008bdc (0x99fd) x11 0x00000001
core   0: 0x80008bde (0x0000997d) c.andi  a0, -1
core   0: 3 0x80008bde (0x997d) x10 0x00040007
core   0: 0x80008be0 (0x0ae4ef93) ori     t6, s1, 174
core   0: 3 0x80008be0 (0x0ae4ef93) x31 0x8000feee
core   0: 0x80008be4 (0x019add13) srli    s10, s5, 25
core   0: 3 0x80008be4 (0x019add13) x26 0x0000001f
core   0: 0x80008be8 (0x01a51593) slli    a1, a0, 26
core   0: 3 0x80008be8 (0x01a51593) x11 0x1c000000
core   0: 0x80008bec (0x0000821d) c.srli  a2, 7
core   0: 3 0x80008bec (0x821d) x12 0x00000000
core   0: 0x80008bee (0x40f757b3) sra     a5, a4, a5
core   0: 3 0x80008bee (0x40f757b3) x15 0xff0001fc
core   0: 0x80008bf2 (0x4167d593) srai    a1, a5, 22
core   0: 3 0x80008bf2 (0x4167d593) x11 0xfffffffc
core   0: 0x80008bf6 (0x032f1833) mulh    a6, t5, s2
core   0: 3 0x80008bf6 (0x032f1833) x16 0x00000000
core   0: 0x80008bfa (0x00616537) lui     a0, 0x616
core   0: 3 0x80008bfa (0x00616537) x10 0x00616000
core   0: 0x80008bfe (0x01655813) srli    a6, a0, 22
core   0: 3 0x80008bfe (0x01655813) x16 0x00000001
core   0: 0x80008c02 (0x00000001) c.nop
core   0: 3 0x80008c02 (0x0001)
core   0: 0x80008c04 (0xd5230a13) addi    s4, t1, -686
core   0: 3 0x80008c04 (0xd5230a13) x20 0xfffffd52
core   0: 0x80008c08 (0x00008e49) c.or    a2, a0
core   0: 3 0x80008c08 (0x8e49) x12 0x00616000
core   0: 0x80008c0a (0x9e15afb7) lui     t6, 0x9e15a
core   0: 3 0x80008c0a (0x9e15afb7) x31 0x9e15a000
core   0: 0x80008c0e (0x014db033) sltu    zero, s11, s4
core   0: 3 0x80008c0e (0x014db033)
core   0: 0x80008c12 (0x02e8b2b3) mulhu   t0, a7, a4
core   0: 3 0x80008c12 (0x02e8b2b3) x 5 0x19d9b35f
core   0: 0x80008c16 (0x03fb62b3) rem     t0, s6, t6
core   0: 3 0x80008c16 (0x03fb62b3) x 5 0x00000059
core   0: 0x80008c1a (0x1b37e313) ori     t1, a5, 435
core   0: 3 0x80008c1a (0x1b37e313) x 6 0xff0001ff
core   0: 0x80008c1e (0xe0143593) sltiu   a1, s0, -511
core   0: 3 0x80008c1e (0xe0143593) x11 0x00000001
core   0: 0x80008c22 (0x00008cad) c.xor   s1, a1
core   0: 3 0x80008c22 (0x8cad) x 9 0x8000fe65
core   0: 0x80008c24 (0x41e9de93) srai    t4, s3, 30
core   0: 3 0x80008c24 (0x41e9de93) x29 0xffffffff
core   0: 0x80008c28 (0x00008ed9) c.or    a3, a4
core   0: 3 0x80008c28 (0x8ed9) x13 0x8000fe64
core   0: 0x80008c2a (0x10622993) slti    s3, tp, 262
core   0: 3 0x80008c2a (0x10622993) x19 0x00000001
core   0: 0x80008c2e (0x00008e41) c.or    a2, s0
core   0: 3 0x80008c2e (0x8e41) x12 0x00616000
core   0: 0x80008c30 (0x00000001) c.nop
core   0: 3 0x80008c30 (0x0001)
core   0: 0x80008c32 (0x34c9b293) sltiu   t0, s3, 844
core   0: 3 0x80008c32 (0x34c9b293) x 5 0x00000001
core   0: 0x80008c36 (0x02a9ffb3) remu    t6, s3, a0
core   0: 3 0x80008c36 (0x02a9ffb3) x31 0x00000001
core   0: 0x80008c3a (0xe1ecc613) xori    a2, s9, -482
core   0: 3 0x80008c3a (0xe1ecc613) x12 0xfffffe47
core   0: 0x80008c3e (0x692b3893) sltiu   a7, s6, 1682
core   0: 3 0x80008c3e (0x692b3893) x17 0x00000001
core   0: 0x80008c42 (0x00006bb5) c.lui   s7, 0xd
core   0: 3 0x80008c42 (0x6bb5) x23 0x0000d000
core   0: 0x80008c44 (0x02f31c33) mulh    s8, t1, a5
core   0: 3 0x80008c44 (0x02f31c33) x24 0x0000fffc
core   0: 0x80008c48 (0x000013fd) c.addi  t2, -1
core   0: 3 0x80008c48 (0x13fd) x 7 0x00000034
core   0: 0x80008c4a (0x039210b3) mulh    ra, tp, s9
core   0: 3 0x80008c4a (0x039210b3) x 1 0xffffffff
core   0: 0x80008c4e (0x00008ce6) c.mv    s9, s9
core   0: 3 0x80008c4e (0x8ce6) x25 0x00000059
core   0: 0x80008c50 (0x000c2fb3) slt     t6, s8, zero
core   0: 3 0x80008c50 (0x000c2fb3) x31 0x00000000
core   0: 0x80008c54 (0x414755b3) sra     a1, a4, s4
core   0: 3 0x80008c54 (0x414755b3) x11 0xffffe000
core   0: 0x80008c58 (0x00000001) c.nop
core   0: 3 0x80008c58 (0x0001)
core   0: 0x80008c5a (0x02d2e1b3) rem     gp, t0, a3
core   0: 3 0x80008c5a (0x02d2e1b3) x 3 0x00000001
core   0: 0x80008c5e (0x01279033) sll     zero, a5, s2
core   0: 3 0x80008c5e (0x01279033)
core   0: 0x80008c62 (0x00004f21) c.li    t5, 8
core   0: 3 0x80008c62 (0x4f21) x30 0x00000008
core   0: 0x80008c64 (0x00005f7d) c.li    t5, -1
core   0: 3 0x80008c64 (0x5f7d) x30 0xffffffff
core   0: 0x80008c66 (0x037fa8b3) mulhsu  a7, t6, s7
core   0: 3 0x80008c66 (0x037fa8b3) x17 0x00000000
core   0: 0x80008c6a (0x031f8333) mul     t1, t6, a7
core   0: 3 0x80008c6a (0x031f8333) x 6 0x00000000
core   0: 0x80008c6e (0x00a37333) and     t1, t1, a0
core   0: 3 0x80008c6e (0x00a37333) x 6 0x00000000
core   0: 0x80008c72 (0x00008e89) c.sub   a3, a0
core   0: 3 0x80008c72 (0x8e89) x13 0x7f9f9e64
core   0: 0x80008c74 (0x03a81f33) mulh    t5, a6, s10
core   0: 3 0x80008c74 (0x03a81f33) x30 0x00000000
core   0: 0x80008c78 (0x0371f5b3) remu    a1, gp, s7
core   0: 3 0x80008c78 (0x0371f5b3) x11 0x00000001
core   0: 0x80008c7c (0x779a2f13) slti    t5, s4, 1913
core   0: 3 0x80008c7c (0x779a2f13) x30 0x00000001
core   0: 0x80008c80 (0x00000001) c.nop
core   0: 3 0x80008c80 (0x0001)
core   0: 0x80008c82 (0x9b4d4993) xori    s3, s10, -1612
core   0: 3 0x80008c82 (0x9b4d4993) x19 0xfffff9ab
core   0: 0x80008c86 (0xe9fefc17) auipc   s8, 0xe9fef
core   0: 3 0x80008c86 (0xe9fefc17) x24 0x69ff7c86
core   0: 0x80008c8a (0x0000898a) c.mv    s3, sp
core   0: 3 0x80008c8a (0x898a) x19 0x80013ce4
core   0: 0x80008c8c (0x00000e56) c.slli  t3, 21
core   0: 3 0x80008c8c (0x0e56) x28 0x00000000
core   0: 0x80008c8e (0x86140893) addi    a7, s0, -1951
core   0: 3 0x80008c8e (0x86140893) x17 0xfffff861
core   0: 0x80008c92 (0x009199b3) sll     s3, gp, s1
core   0: 3 0x80008c92 (0x009199b3) x19 0x00000020
core   0: 0x80008c96 (0xb13b95b7) lui     a1, 0xb13b9
core   0: 3 0x80008c96 (0xb13b95b7) x11 0xb13b9000
core   0: 0x80008c9a (0x00008941) c.andi  a0, 16
core   0: 3 0x80008c9a (0x8941) x10 0x00000000
core   0: 0x80008c9c (0x012b4b33) xor     s6, s6, s2
core   0: 3 0x80008c9c (0x012b4b33) x22 0x00000059
core   0: 0x80008ca0 (0x0000837e) c.mv    t1, t6
core   0: 3 0x80008ca0 (0x837e) x 6 0x00000000
core   0: 0x80008ca2 (0x05fba6b7) lui     a3, 0x5fba
core   0: 3 0x80008ca2 (0x05fba6b7) x13 0x05fba000
core   0: 0x80008ca6 (0x41108ab3) sub     s5, ra, a7
core   0: 3 0x80008ca6 (0x41108ab3) x21 0x0000079e
core   0: 0x80008caa (0x01571e33) sll     t3, a4, s5
core   0: 3 0x80008caa (0x01571e33) x28 0x00000000
core   0: 0x80008cae (0x408b89b3) sub     s3, s7, s0
core   0: 3 0x80008cae (0x408b89b3) x19 0x0000d000
core   0: 0x80008cb2 (0x03e73533) mulhu   a0, a4, t5
core   0: 3 0x80008cb2 (0x03e73533) x10 0x00000000
core   0: 0x80008cb6 (0xe9eabc93) sltiu   s9, s5, -354
core   0: 3 0x80008cb6 (0xe9eabc93) x25 0x00000001
core   0: 0x80008cba (0x017f5233) srl     tp, t5, s7
core   0: 3 0x80008cba (0x017f5233) x 4 0x00000001
core   0: 0x80008cbe (0x0313e7b3) rem     a5, t2, a7
core   0: 3 0x80008cbe (0x0313e7b3) x15 0x00000034
core   0: 0x80008cc2 (0x00006831) c.lui   a6, 0xc
core   0: 3 0x80008cc2 (0x6831) x16 0x0000c000
core   0: 0x80008cc4 (0xce6abf13) sltiu   t5, s5, -794
core   0: 3 0x80008cc4 (0xce6abf13) x30 0x00000001
core   0: 0x80008cc8 (0x0000826d) c.srli  a2, 27
core   0: 3 0x80008cc8 (0x826d) x12 0x0000001f
core   0: 0x80008cca (0x023732b3) mulhu   t0, a4, gp
core   0: 3 0x80008cca (0x023732b3) x 5 0x00000000
core   0: 0x80008cce (0x00008c35) c.xor   s0, a3
core   0: 3 0x80008cce (0x8c35) x 8 0x05fba000
core   0: 0x80008cd0 (0x41315193) srai    gp, sp, 19
core   0: 3 0x80008cd0 (0x41315193) x 3 0xfffff000
core   0: 0x80008cd4 (0x00000001) c.nop
core   0: 3 0x80008cd4 (0x0001)
core   0: 0x80008cd6 (0x007e1f33) sll     t5, t3, t2
core   0: 3 0x80008cd6 (0x007e1f33) x30 0x00000000
core   0: 0x80008cda (0x00006ee5) c.lui   t4, 0x19
core   0: 3 0x80008cda (0x6ee5) x29 0x00019000
core   0: 0x80008cdc (0xb257cd13) xori    s10, a5, -1243
core   0: 3 0x80008cdc (0xb257cd13) x26 0xfffffb11
core   0: 0x80008ce0 (0x0216d9b3) divu    s3, a3, ra
core   0: 3 0x80008ce0 (0x0216d9b3) x19 0x00000000
core   0: 0x80008ce4 (0x00000001) c.nop
core   0: 3 0x80008ce4 (0x0001)
core   0: 0x80008ce6 (0x0000819d) c.srli  a1, 7
core   0: 3 0x80008ce6 (0x819d) x11 0x01627720
core   0: 0x80008ce8 (0x821ee393) ori     t2, t4, -2015
core   0: 3 0x80008ce8 (0x821ee393) x 7 0xfffff821
core   0: 0x80008cec (0x00aca1b3) slt     gp, s9, a0
core   0: 3 0x80008cec (0x00aca1b3) x 3 0x00000000
core   0: 0x80008cf0 (0x01b68cb3) add     s9, a3, s11
core   0: 3 0x80008cf0 (0x01b68cb3) x25 0x85fba000
core   0: 0x80008cf4 (0x0000020d) c.addi  tp, 3
core   0: 3 0x80008cf4 (0x020d) x 4 0x00000004
core   0: 0x80008cf6 (0x3cf32413) slti    s0, t1, 975
core   0: 3 0x80008cf6 (0x3cf32413) x 8 0x00000001
core   0: 0x80008cfa (0x000000ba) c.slli  ra, 14
core   0: 3 0x80008cfa (0x00ba) x 1 0xffffc000
core   0: 0x80008cfc (0x00000001) c.nop
core   0: 3 0x80008cfc (0x0001)
core   0: 0x80008cfe (0x71e87813) andi    a6, a6, 1822
core   0: 3 0x80008cfe (0x71e87813) x16 0x00000000
core   0: 0x80008d02 (0x3ffcc093) xori    ra, s9, 1023
core   0: 3 0x80008d02 (0x3ffcc093) x 1 0x85fba3ff
core   0: 0x80008d06 (0x41c08633) sub     a2, ra, t3
core   0: 3 0x80008d06 (0x41c08633) x12 0x85fba3ff
core   0: 0x80008d0a (0x02f9d2b3) divu    t0, s3, a5
core   0: 3 0x80008d0a (0x02f9d2b3) x 5 0x00000000
core   0: 0x80008d0e (0x00375b33) srl     s6, a4, gp
core   0: 3 0x80008d0e (0x00375b33) x22 0x8000fe64
core   0: 0x80008d12 (0x721cca93) xori    s5, s9, 1825
core   0: 3 0x80008d12 (0x721cca93) x21 0x85fba721
core   0: 0x80008d16 (0x02d3bd33) mulhu   s10, t2, a3
core   0: 3 0x80008d16 (0x02d3bd33) x26 0x05fb9fd0
core   0: 0x80008d1a (0x00008d9d) c.sub   a1, a5
core   0: 3 0x80008d1a (0x8d9d) x11 0x016276ec
core   0: 0x80008d1c (0x038d2a33) mulhsu  s4, s10, s8
core   0: 3 0x80008d1c (0x038d2a33) x20 0x027a2d19
core   0: 0x80008d20 (0x6979fd37) lui     s10, 0x6979f
core   0: 3 0x80008d20 (0x6979fd37) x26 0x6979f000
core   0: 0x80008d24 (0x00000d2e) c.slli  s10, 11
core   0: 3 0x80008d24 (0x0d2e) x26 0xcf800000
core   0: 0x80008d26 (0x0370e333) rem     t1, ra, s7
core   0: 3 0x80008d26 (0x0370e333) x 6 0xffff63ff
core   0: 0x80008d2a (0x58ddf813) andi    a6, s11, 1421
core   0: 3 0x80008d2a (0x58ddf813) x16 0x00000000
core   0: 0x80008d2e (0x01c25cb3) srl     s9, tp, t3
core   0: 3 0x80008d2e (0x01c25cb3) x25 0x00000004
core   0: 0x80008d32 (0x000084ae) c.mv    s1, a1
core   0: 3 0x80008d32 (0x84ae) x 9 0x016276ec
core   0: 0x80008d34 (0x02d12333) mulhsu  t1, sp, a3
core   0: 3 0x80008d34 (0x02d12333) x 6 0xfd023767
core   0: 0x80008d38 (0x01891d13) slli    s10, s2, 24
core   0: 3 0x80008d38 (0x01891d13) x26 0x00000000
core   0: 0x80008d3c (0x00004261) c.li    tp, 24
core   0: 3 0x80008d3c (0x4261) x 4 0x00000018
core   0: 0x80008d3e (0xd9ab8313) addi    t1, s7, -614
core   0: 3 0x80008d3e (0xd9ab8313) x 6 0x0000cd9a
core   0: 0x80008d42 (0x4008db93) srai    s7, a7, 0
core   0: 3 0x80008d42 (0x4008db93) x23 0xfffff861
core   0: 0x80008d46 (0xdc5f0613) addi    a2, t5, -571
core   0: 3 0x80008d46 (0xdc5f0613) x12 0xfffffdc5
core   0: 0x80008d4a (0x00000366) c.slli  t1, 25
core   0: 3 0x80008d4a (0x0366) x 6 0x34000000
core   0: 0x80008d4c (0x87e5f193) andi    gp, a1, -1922
core   0: 3 0x80008d4c (0x87e5f193) x 3 0x0162706c
core   0: 0x80008d50 (0x00005a7d) c.li    s4, -1
core   0: 3 0x80008d50 (0x5a7d) x20 0xffffffff
core   0: 0x80008d52 (0x01bd9d13) slli    s10, s11, 27
core   0: 3 0x80008d52 (0x01bd9d13) x26 0x00000000
core   0: 0x80008d56 (0x4121d593) srai    a1, gp, 18
core   0: 3 0x80008d56 (0x4121d593) x11 0x00000058
core   0: 0x80008d5a (0x40acd493) srai    s1, s9, 10
core   0: 3 0x80008d5a (0x40acd493) x 9 0x00000000
core   0: 0x80008d5e (0x0099f9b3) and     s3, s3, s1
core   0: 3 0x80008d5e (0x0099f9b3) x19 0x00000000
core   0: 0x80008d62 (0x00008d8d) c.sub   a1, a1
core   0: 3 0x80008d62 (0x8d8d) x11 0x00000000
core   0: 0x80008d64 (0x00000001) c.nop
core   0: 3 0x80008d64 (0x0001)
core   0: 0x80008d66 (0x00085fb3) srl     t6, a6, zero
core   0: 3 0x80008d66 (0x00085fb3) x31 0x00000000
core   0: 0x80008d6a (0x01ca1fb3) sll     t6, s4, t3
core   0: 3 0x80008d6a (0x01ca1fb3) x31 0xffffffff
core   0: 0x80008d6e (0x015c8fb3) add     t6, s9, s5
core   0: 3 0x80008d6e (0x015c8fb3) x31 0x85fba725
core   0: 0x80008d72 (0x84470d13) addi    s10, a4, -1980
core   0: 3 0x80008d72 (0x84470d13) x26 0x8000f6a8
core   0: 0x80008d76 (0x68cc6213) ori     tp, s8, 1676
core   0: 3 0x80008d76 (0x68cc6213) x 4 0x69ff7e8e
core   0: 0x80008d7a (0x0081dc33) srl     s8, gp, s0
core   0: 3 0x80008d7a (0x0081dc33) x24 0x00b13836
core   0: 0x80008d7e (0x00000366) c.slli  t1, 25
core   0: 3 0x80008d7e (0x0366) x 6 0x00000000
core   0: 0x80008d80 (0x00000919) c.addi  s2, 6
core   0: 3 0x80008d80 (0x0919) x18 0x00000006
core   0: 0x80008d82 (0x02e256b3) divu    a3, tp, a4
core   0: 3 0x80008d82 (0x02e256b3) x13 0x00000000
core   0: 0x80008d86 (0xa507f213) andi    tp, a5, -1456
core   0: 3 0x80008d86 (0xa507f213) x 4 0x00000010
core   0: 0x80008d8a (0x03d4d6b3) divu    a3, s1, t4
core   0: 3 0x80008d8a (0x03d4d6b3) x13 0x00000000
core   0: 0x80008d8e (0x012f21b3) slt     gp, t5, s2
core   0: 3 0x80008d8e (0x012f21b3) x 3 0x00000001
core   0: 0x80008d92 (0x00008111) c.srli  a0, 4
core   0: 3 0x80008d92 (0x8111) x10 0x00000000
core   0: 0x80008d94 (0x00e81cb3) sll     s9, a6, a4
core   0: 3 0x80008d94 (0x00e81cb3) x25 0x00000000
core   0: 0x80008d98 (0x00000001) c.nop
core   0: 3 0x80008d98 (0x0001)
core   0: 0x80008d9a (0x00605813) srli    a6, zero, 6
core   0: 3 0x80008d9a (0x00605813) x16 0x00000000
core   0: 0x80008d9e (0x00330633) add     a2, t1, gp
core   0: 3 0x80008d9e (0x00330633) x12 0x00000001
core   0: 0x80008da2 (0x110aac13) slti    s8, s5, 272
core   0: 3 0x80008da2 (0x110aac13) x24 0x00000001
core   0: 0x80008da6 (0x00000001) c.nop
core   0: 3 0x80008da6 (0x0001)
core   0: 0x80008da8 (0x052bd9b7) lui     s3, 0x52bd
core   0: 3 0x80008da8 (0x052bd9b7) x19 0x052bd000
core   0: 0x80008dac (0xa9267d13) andi    s10, a2, -1390
core   0: 3 0x80008dac (0xa9267d13) x26 0x00000000
core   0: 0x80008db0 (0x0000147d) c.addi  s0, -1
core   0: 3 0x80008db0 (0x147d) x 8 0x00000000
core   0: 0x80008db2 (0x0358ffb3) remu    t6, a7, s5
core   0: 3 0x80008db2 (0x0358ffb3) x31 0x7a045140
core   0: 0x80008db6 (0x405c8e33) sub     t3, s9, t0
core   0: 3 0x80008db6 (0x405c8e33) x28 0x00000000
core   0: 0x80008dba (0x001d51b3) srl     gp, s10, ra
core   0: 3 0x80008dba (0x001d51b3) x 3 0x00000000
core   0: 0x80008dbe (0x0344a1b3) mulhsu  gp, s1, s4
core   0: 3 0x80008dbe (0x0344a1b3) x 3 0x00000000
core   0: 0x80008dc2 (0x6be1e913) ori     s2, gp, 1726
core   0: 3 0x80008dc2 (0x6be1e913) x18 0x000006be
core   0: 0x80008dc6 (0x10ccf3b7) lui     t2, 0x10ccf
core   0: 3 0x80008dc6 (0x10ccf3b7) x 7 0x10ccf000
core   0: 0x80008dca (0x0000694d) c.lui   s2, 0x13
core   0: 3 0x80008dca (0x694d) x18 0x00013000
core   0: 0x80008dcc (0x0000858e) c.mv    a1, gp
core   0: 3 0x80008dcc (0x858e) x11 0x00000000
core   0: 0x80008dce (0x01ec6d33) or      s10, s8, t5
core   0: 3 0x80008dce (0x01ec6d33) x26 0x00000001
core   0: 0x80008dd2 (0x00008475) c.srai  s0, 29
core   0: 3 0x80008dd2 (0x8475) x 8 0x00000000
core   0: 0x80008dd4 (0x000095c2) c.add   a1, a6
core   0: 3 0x80008dd4 (0x95c2) x11 0x00000000
core   0: 0x80008dd6 (0x4133d6b3) sra     a3, t2, s3
core   0: 3 0x80008dd6 (0x4133d6b3) x13 0x10ccf000
core   0: 0x80008dda (0x8187f493) andi    s1, a5, -2024
core   0: 3 0x80008dda (0x8187f493) x 9 0x00000010
core   0: 0x80008dde (0x01cbd313) srli    t1, s7, 28
core   0: 3 0x80008dde (0x01cbd313) x 6 0x0000000f
core   0: 0x80008de2 (0x00ea0933) add     s2, s4, a4
core   0: 3 0x80008de2 (0x00ea0933) x18 0x8000fe63
core   0: 0x80008de6 (0x40478433) sub     s0, a5, tp
core   0: 3 0x80008de6 (0x40478433) x 8 0x00000024
core   0: 0x80008dea (0x000087f5) c.srai  a5, 29
core   0: 3 0x80008dea (0x87f5) x15 0x00000000
core   0: 0x80008dec (0x004a9193) slli    gp, s5, 4
core   0: 3 0x80008dec (0x004a9193) x 3 0x5fba7210
core   0: 0x80008df0 (0x00008e11) c.sub   a2, a2
core   0: 3 0x80008df0 (0x8e11) x12 0x00000000
core   0: 0x80008df2 (0x06c93793) sltiu   a5, s2, 108
core   0: 3 0x80008df2 (0x06c93793) x15 0x00000000
core   0: 0x80008df6 (0x024cd6b3) divu    a3, s9, tp
core   0: 3 0x80008df6 (0x024cd6b3) x13 0x00000000
core   0: 0x80008dfa (0x00ebd693) srli    a3, s7, 14
core   0: 3 0x80008dfa (0x00ebd693) x13 0x0003ffff
core   0: 0x80008dfe (0x00000841) c.addi  a6, 16
core   0: 3 0x80008dfe (0x0841) x16 0x00000010
core   0: 0x80008e00 (0x0307ad33) mulhsu  s10, a5, a6
core   0: 3 0x80008e00 (0x0307ad33) x26 0x00000000
core   0: 0x80008e04 (0x0330b9b3) mulhu   s3, ra, s3
core   0: 3 0x80008e04 (0x0330b9b3) x19 0x02b4d854
core   0: 0x80008e08 (0x39260a93) addi    s5, a2, 914
core   0: 3 0x80008e08 (0x39260a93) x21 0x00000392
core   0: 0x80008e0c (0x01243ab3) sltu    s5, s0, s2
core   0: 3 0x80008e0c (0x01243ab3) x21 0x00000001
core   0: 0x80008e10 (0x00000001) c.nop
core   0: 3 0x80008e10 (0x0001)
core   0: 0x80008e12 (0x00008d11) c.sub   a0, a2
core   0: 3 0x80008e12 (0x8d11) x10 0x00000000
core   0: 0x80008e14 (0x01c5dfb3) srl     t6, a1, t3
core   0: 3 0x80008e14 (0x01c5dfb3) x31 0x00000000
core   0: 0x80008e18 (0x00008105) c.srli  a0, 1
core   0: 3 0x80008e18 (0x8105) x10 0x00000000
core   0: 0x80008e1a (0x022289b3) mul     s3, t0, sp
core   0: 3 0x80008e1a (0x022289b3) x19 0x00000000
core   0: 0x80008e1e (0x00009b8a) c.add   s7, sp
core   0: 3 0x80008e1e (0x9b8a) x23 0x80013545
core   0: 0x80008e20 (0x414f07b3) sub     a5, t5, s4
core   0: 3 0x80008e20 (0x414f07b3) x15 0x00000001
core   0: 0x80008e24 (0x0000819e) c.mv    gp, t2
core   0: 3 0x80008e24 (0x819e) x 3 0x10ccf000
core   0: 0x80008e26 (0x41cfd793) srai    a5, t6, 28
core   0: 3 0x80008e26 (0x41cfd793) x15 0x00000000
core   0: 0x80008e2a (0x03b01bb3) mulh    s7, zero, s11
core   0: 3 0x80008e2a (0x03b01bb3) x23 0x00000000
core   0: 0x80008e2e (0xd3b6c013) xori    zero, a3, -709
core   0: 3 0x80008e2e (0xd3b6c013)
core   0: 0x80008e32 (0x4000d313) srai    t1, ra, 0
core   0: 3 0x80008e32 (0x4000d313) x 6 0x85fba3ff
core   0: 0x80008e36 (0x00000001) c.nop
core   0: 3 0x80008e36 (0x0001)
core   0: 0x80008e38 (0x00000001) c.nop
core   0: 3 0x80008e38 (0x0001)
core   0: 0x80008e3a (0x03577cb3) remu    s9, a4, s5
core   0: 3 0x80008e3a (0x03577cb3) x25 0x00000000
core   0: 0x80008e3e (0x0265a933) mulhsu  s2, a1, t1
core   0: 3 0x80008e3e (0x0265a933) x18 0x00000000
core   0: 0x80008e42 (0x00000001) c.nop
core   0: 3 0x80008e42 (0x0001)
core   0: 0x80008e44 (0x03789633) mulh    a2, a7, s7
core   0: 3 0x80008e44 (0x03789633) x12 0x00000000
core   0: 0x80008e48 (0x01c029b3) slt     s3, zero, t3
core   0: 3 0x80008e48 (0x01c029b3) x19 0x00000000
core   0: 0x80008e4c (0x00b865b3) or      a1, a6, a1
core   0: 3 0x80008e4c (0x00b865b3) x11 0x00000010
core   0: 0x80008e50 (0x01a03233) snez    tp, s10
core   0: 3 0x80008e50 (0x01a03233) x 4 0x00000000
core   0: 0x80008e54 (0xb4f04693) xori    a3, zero, -1201
core   0: 3 0x80008e54 (0xb4f04693) x13 0xfffffb4f
core   0: 0x80008e58 (0x0c0a7b13) andi    s6, s4, 192
core   0: 3 0x80008e58 (0x0c0a7b13) x22 0x000000c0
core   0: 0x80008e5c (0x40f7d913) srai    s2, a5, 15
core   0: 3 0x80008e5c (0x40f7d913) x18 0x00000000
core   0: 0x80008e60 (0x006fdeb3) srl     t4, t6, t1
core   0: 3 0x80008e60 (0x006fdeb3) x29 0x00000000
core   0: 0x80008e64 (0x01a410b3) sll     ra, s0, s10
core   0: 3 0x80008e64 (0x01a410b3) x 1 0x00000024
core   0: 0x80008e68 (0x03551933) mulh    s2, a0, s5
core   0: 3 0x80008e68 (0x03551933) x18 0x00000000
core   0: 0x80008e6c (0x000082c5) c.srli  a3, 17
core   0: 3 0x80008e6c (0x82c5) x13 0x00007fff
core   0: 0x80008e6e (0x000086d2) c.mv    a3, s4
core   0: 3 0x80008e6e (0x86d2) x13 0xffffffff
core   0: 0x80008e70 (0x00eb6433) or      s0, s6, a4
core   0: 3 0x80008e70 (0x00eb6433) x 8 0x8000fee4
core   0: 0x80008e74 (0x00008639) c.srai  a2, 14
core   0: 3 0x80008e74 (0x8639) x12 0x00000000
core   0: 0x80008e76 (0x0000537d) c.li    t1, -1
core   0: 3 0x80008e76 (0x537d) x 6 0xffffffff
core   0: 0x80008e78 (0xc52c2413) slti    s0, s8, -942
core   0: 3 0x80008e78 (0xc52c2413) x 8 0x00000000
core   0: 0x80008e7c (0x00008ead) c.xor   a3, a1
core   0: 3 0x80008e7c (0x8ead) x13 0xffffffef
core   0: 0x80008e7e (0x0e16c193) xori    gp, a3, 225
core   0: 3 0x80008e7e (0x0e16c193) x 3 0xffffff0e
core   0: 0x80008e82 (0x01289033) sll     zero, a7, s2
core   0: 3 0x80008e82 (0x01289033)
core   0: 0x80008e86 (0x02fae3b3) rem     t2, s5, a5
core   0: 3 0x80008e86 (0x02fae3b3) x 7 0x00000001
core   0: 0x80008e8a (0x000063c5) c.lui   t2, 0x11
core   0: 3 0x80008e8a (0x63c5) x 7 0x00011000
core   0: 0x80008e8c (0x00008665) c.srai  a2, 25
core   0: 3 0x80008e8c (0x8665) x12 0x00000000
core   0: 0x80008e8e (0x03ac3ab3) mulhu   s5, s8, s10
core   0: 3 0x80008e8e (0x03ac3ab3) x21 0x00000000
core   0: 0x80008e92 (0x00c7cd33) xor     s10, a5, a2
core   0: 3 0x80008e92 (0x00c7cd33) x26 0x00000000
core   0: 0x80008e96 (0x02516933) rem     s2, sp, t0
core   0: 3 0x80008e96 (0x02516933) x18 0x80013ce4
core   0: 0x80008e9a (0x004f9e93) slli    t4, t6, 4
core   0: 3 0x80008e9a (0x004f9e93) x29 0x00000000
core   0: 0x80008e9e (0x019e90b3) sll     ra, t4, s9
core   0: 3 0x80008e9e (0x019e90b3) x 1 0x00000000
core   0: 0x80008ea2 (0x00008e2d) c.xor   a2, a1
core   0: 3 0x80008ea2 (0x8e2d) x12 0x00000010
core   0: 0x80008ea4 (0x000f1893) slli    a7, t5, 0
core   0: 3 0x80008ea4 (0x000f1893) x17 0x00000000
core   0: 0x80008ea8 (0x00e69b13) slli    s6, a3, 14
core   0: 3 0x80008ea8 (0x00e69b13) x22 0xfffbc000
core   0: 0x80008eac (0xcda0a497) auipc   s1, 0xcda0a
core   0: 3 0x80008eac (0xcda0a497) x 9 0x4da12eac
core   0: 0x80008eb0 (0x01777eb3) and     t4, a4, s7
core   0: 3 0x80008eb0 (0x01777eb3) x29 0x00000000
core   0: 0x80008eb4 (0x03637e13) andi    t3, t1, 54
core   0: 3 0x80008eb4 (0x03637e13) x28 0x00000036
core   0: 0x80008eb8 (0x017ddb93) srli    s7, s11, 23
core   0: 3 0x80008eb8 (0x017ddb93) x23 0x00000100
core   0: 0x80008ebc (0x00001d33) sll     s10, zero, zero
core   0: 3 0x80008ebc (0x00001d33) x26 0x00000000
core   0: 0x80008ec0 (0x0046d493) srli    s1, a3, 4
core   0: 3 0x80008ec0 (0x0046d493) x 9 0x0ffffffe
core   0: 0x80008ec4 (0x036d5933) divu    s2, s10, s6
core   0: 3 0x80008ec4 (0x036d5933) x18 0x00000000
core   0: 0x80008ec8 (0x01d50cb3) add     s9, a0, t4
core   0: 3 0x80008ec8 (0x01d50cb3) x25 0x00000000
core   0: 0x80008ecc (0x000008ae) c.slli  a7, 11
core   0: 3 0x80008ecc (0x08ae) x17 0x00000000
core   0: 0x80008ece (0x94210793) addi    a5, sp, -1726
core   0: 3 0x80008ece (0x94210793) x15 0x80013626
core   0: 0x80008ed2 (0x00008e39) c.xor   a2, a4
core   0: 3 0x80008ed2 (0x8e39) x12 0x8000fe74
core   0: 0x80008ed4 (0x002524b3) slt     s1, a0, sp
core   0: 3 0x80008ed4 (0x002524b3) x 9 0x00000000
core   0: 0x80008ed8 (0x00006f49) c.lui   t5, 0x12
core   0: 3 0x80008ed8 (0x6f49) x30 0x00012000
core   0: 0x80008eda (0xd0c6a193) slti    gp, a3, -756
core   0: 3 0x80008eda (0xd0c6a193) x 3 0x00000000
core   0: 0x80008ede (0x034054b3) divu    s1, zero, s4
core   0: 3 0x80008ede (0x034054b3) x 9 0x00000000
core   0: 0x80008ee2 (0x00008ead) c.xor   a3, a1
core   0: 3 0x80008ee2 (0x8ead) x13 0xffffffff
core   0: 0x80008ee4 (0x00008e49) c.or    a2, a0
core   0: 3 0x80008ee4 (0x8e49) x12 0x8000fe74
core   0: 0x80008ee6 (0x00008d3d) c.xor   a0, a5
core   0: 3 0x80008ee6 (0x8d3d) x10 0x80013626
core   0: 0x80008ee8 (0x00008e09) c.sub   a2, a0
core   0: 3 0x80008ee8 (0x8e09) x12 0xffffc84e
core   0: 0x80008eea (0x41d4de93) srai    t4, s1, 29
core   0: 3 0x80008eea (0x41d4de93) x29 0x00000000
core   0: 0x80008eee (0x00009c52) c.add   s8, s4
core   0: 3 0x80008eee (0x9c52) x24 0x00000000
core   0: 0x80008ef0 (0x00921633) sll     a2, tp, s1
core   0: 3 0x80008ef0 (0x00921633) x12 0x00000000
core   0: 0x80008ef4 (0x00008d7d) c.and   a0, a5
core   0: 3 0x80008ef4 (0x8d7d) x10 0x80013626
core   0: 0x80008ef6 (0x00000d5e) c.slli  s10, 23
core   0: 3 0x80008ef6 (0x0d5e) x26 0x00000000
core   0: 0x80008ef8 (0x00cef9b3) and     s3, t4, a2
core   0: 3 0x80008ef8 (0x00cef9b3) x19 0x00000000
core   0: 0x80008efc (0x000083e6) c.mv    t2, s9
core   0: 3 0x80008efc (0x83e6) x 7 0x00000000
core   0: 0x80008efe (0x41c15d33) sra     s10, sp, t3
core   0: 3 0x80008efe (0x41c15d33) x26 0xfffffe00
core   0: 0x80008f02 (0x41df01b3) sub     gp, t5, t4
core   0: 3 0x80008f02 (0x41df01b3) x 3 0x00012000
core   0: 0x80008f06 (0x7cc00193) li      gp, 1996
core   0: 3 0x80008f06 (0x7cc00193) x 3 0x000007cc
core   0: 0x80008f0a (0xafa9b213) sltiu   tp, s3, -1286
core   0: 3 0x80008f0a (0xafa9b213) x 4 0x00000001
core   0: 0x80008f0e (0x00006231) c.lui   tp, 0xc
core   0: 3 0x80008f0e (0x6231) x 4 0x0000c000
core   0: 0x80008f10 (0x41a757b3) sra     a5, a4, s10
core   0: 3 0x80008f10 (0x41a757b3) x15 0x8000fe64
core   0: 0x80008f14 (0x025eb7b3) mulhu   a5, t4, t0
core   0: 3 0x80008f14 (0x025eb7b3) x15 0x00000000
core   0: 0x80008f18 (0xf5d0e497) auipc   s1, 0xf5d0e
core   0: 3 0x80008f18 (0xf5d0e497) x 9 0x75d16f18
core   0: 0x80008f1c (0x0000841d) c.srai  s0, 7
core   0: 3 0x80008f1c (0x841d) x 8 0x00000000
core   0: 0x80008f1e (0x025235b3) mulhu   a1, tp, t0
core   0: 3 0x80008f1e (0x025235b3) x11 0x00000000
core   0: 0x80008f22 (0x001b1413) slli    s0, s6, 1
core   0: 3 0x80008f22 (0x001b1413) x 8 0xfff78000
core   0: 0x80008f26 (0x70efeb93) ori     s7, t6, 1806
core   0: 3 0x80008f26 (0x70efeb93) x23 0x0000070e
core   0: 0x80008f2a (0x00008299) c.srli  a3, 6
core   0: 3 0x80008f2a (0x8299) x13 0x03ffffff
core   0: 0x80008f2c (0x41428fb3) sub     t6, t0, s4
core   0: 3 0x80008f2c (0x41428fb3) x31 0x00000001
core   0: 0x80008f30 (0x00a574b3) and     s1, a0, a0
core   0: 3 0x80008f30 (0x00a574b3) x 9 0x80013626
core   0: 0x80008f34 (0x00912f33) slt     t5, sp, s1
core   0: 3 0x80008f34 (0x00912f33) x30 0x00000000
core   0: 0x80008f38 (0x000058fd) c.li    a7, -1
core   0: 3 0x80008f38 (0x58fd) x17 0xffffffff
core   0: 0x80008f3a (0x00009562) c.add   a0, s8
core   0: 3 0x80008f3a (0x9562) x10 0x80013626
core   0: 0x80008f3c (0x00008fc9) c.or    a5, a0
core   0: 3 0x80008f3c (0x8fc9) x15 0x80013626
core   0: 0x80008f3e (0x00008ebd) c.xor   a3, a5
core   0: 3 0x80008f3e (0x8ebd) x13 0x83fec9d9
core   0: 0x80008f40 (0x00b5e333) or      t1, a1, a1
core   0: 3 0x80008f40 (0x00b5e333) x 6 0x00000000
core   0: 0x80008f44 (0x0000187d) c.addi  a6, -1
core   0: 3 0x80008f44 (0x187d) x16 0x0000000f
core   0: 0x80008f46 (0x41e8df93) srai    t6, a7, 30
core   0: 3 0x80008f46 (0x41e8df93) x31 0xffffffff
core   0: 0x80008f4a (0xe79faa93) slti    s5, t6, -391
core   0: 3 0x80008f4a (0xe79faa93) x21 0x00000000
core   0: 0x80008f4e (0x01759d33) sll     s10, a1, s7
core   0: 3 0x80008f4e (0x01759d33) x26 0x00000000
core   0: 0x80008f52 (0x00008cd1) c.or    s1, a2
core   0: 3 0x80008f52 (0x8cd1) x 9 0x80013626
core   0: 0x80008f54 (0xeedcfe17) auipc   t3, 0xeedcf
core   0: 3 0x80008f54 (0xeedcfe17) x28 0x6edd7f54
core   0: 0x80008f58 (0x019e9393) slli    t2, t4, 25
core   0: 3 0x80008f58 (0x019e9393) x 7 0x00000000
core   0: 0x80008f5c (0x01639f33) sll     t5, t2, s6
core   0: 3 0x80008f5c (0x01639f33) x30 0x00000000
core   0: 0x80008f60 (0x03487eb3) remu    t4, a6, s4
core   0: 3 0x80008f60 (0x03487eb3) x29 0x0000000f
core   0: 0x80008f64 (0x00008e79) c.and   a2, a4
core   0: 3 0x80008f64 (0x8e79) x12 0x00000000
core   0: 0x80008f66 (0x01cbab33) slt     s6, s7, t3
core   0: 3 0x80008f66 (0x01cbab33) x22 0x00000001
core   0: 0x80008f6a (0xd7a48837) lui     a6, 0xd7a48
core   0: 3 0x80008f6a (0xd7a48837) x16 0xd7a48000
core   0: 0x80008f6e (0x03b73233) mulhu   tp, a4, s11
core   0: 3 0x80008f6e (0x03b73233) x 4 0x40007f32
core   0: 0x80008f72 (0x00000001) c.nop
core   0: 3 0x80008f72 (0x0001)
core   0: 0x80008f74 (0x40a88ab3) sub     s5, a7, a0
core   0: 3 0x80008f74 (0x40a88ab3) x21 0x7ffec9d9
core   0: 0x80008f78 (0xbc918a13) addi    s4, gp, -1079
core   0: 3 0x80008f78 (0xbc918a13) x20 0x00000395
core   0: 0x80008f7c (0x004120b3) slt     ra, sp, tp
core   0: 3 0x80008f7c (0x004120b3) x 1 0x00000001
core   0: 0x80008f80 (0x02ccaf33) mulhsu  t5, s9, a2
core   0: 3 0x80008f80 (0x02ccaf33) x30 0x00000000
core   0: 0x80008f84 (0x020c9a33) mulh    s4, s9, zero
core   0: 3 0x80008f84 (0x020c9a33) x20 0x00000000
core   0: 0x80008f88 (0x00008509) c.srai  a0, 2
core   0: 3 0x80008f88 (0x8509) x10 0xe0004d89
core   0: 0x80008f8a (0x00008039) c.srli  s0, 14
core   0: 3 0x80008f8a (0x8039) x 8 0x0003ffde
core   0: 0x80008f8c (0x00000841) c.addi  a6, 16
core   0: 3 0x80008f8c (0x0841) x16 0xd7a48010
core   0: 0x80008f8e (0x00008d1d) c.sub   a0, a5
core   0: 3 0x80008f8e (0x8d1d) x10 0x5fff1763
core   0: 0x80008f90 (0x415bdb93) srai    s7, s7, 21
core   0: 3 0x80008f90 (0x415bdb93) x23 0x00000000
core   0: 0x80008f94 (0xc6988413) addi    s0, a7, -919
core   0: 3 0x80008f94 (0xc6988413) x 8 0xfffffc68
core   0: 0x80008f98 (0x000087b9) c.srai  a5, 14
core   0: 3 0x80008f98 (0x87b9) x15 0xfffe0004
core   0: 0x80008f9a (0x177c7c13) andi    s8, s8, 375
core   0: 3 0x80008f9a (0x177c7c13) x24 0x00000000
core   0: 0x80008f9e (0x035f6633) rem     a2, t5, s5
core   0: 3 0x80008f9e (0x035f6633) x12 0x00000000
core   0: 0x80008fa2 (0xc13c2493) slti    s1, s8, -1005
core   0: 3 0x80008fa2 (0xc13c2493) x 9 0x00000000
core   0: 0x80008fa6 (0x00008836) c.mv    a6, a3
core   0: 3 0x80008fa6 (0x8836) x16 0x83fec9d9
core   0: 0x80008fa8 (0x000067b5) c.lui   a5, 0xd
core   0: 3 0x80008fa8 (0x67b5) x15 0x0000d000
core   0: 0x80008faa (0x000080e5) c.srli  s1, 25
core   0: 3 0x80008faa (0x80e5) x 9 0x00000000
core   0: 0x80008fac (0x03d9fa33) remu    s4, s3, t4
core   0: 3 0x80008fac (0x03d9fa33) x20 0x00000000
core   0: 0x80008fb0 (0x00008c11) c.sub   s0, a2
core   0: 3 0x80008fb0 (0x8c11) x 8 0xfffffc68
core   0: 0x80008fb2 (0x03aad0b3) divu    ra, s5, s10
core   0: 3 0x80008fb2 (0x03aad0b3) x 1 0xffffffff
core   0: 0x80008fb6 (0x003d83b3) add     t2, s11, gp
core   0: 3 0x80008fb6 (0x003d83b3) x 7 0x800007cc
core   0: 0x80008fba (0x8c1fbe13) sltiu   t3, t6, -1855
core   0: 3 0x80008fba (0x8c1fbe13) x28 0x00000000
core   0: 0x80008fbe (0x03df2933) mulhsu  s2, t5, t4
core   0: 3 0x80008fbe (0x03df2933) x18 0x00000000
core   0: 0x80008fc2 (0x000083cd) c.srli  a5, 19
core   0: 3 0x80008fc2 (0x83cd) x15 0x00000000
core   0: 0x80008fc4 (0x0141fe33) and     t3, gp, s4
core   0: 3 0x80008fc4 (0x0141fe33) x28 0x00000000
core   0: 0x80008fc8 (0x00000001) c.nop
core   0: 3 0x80008fc8 (0x0001)
core   0: 0x80008fca (0x00e71433) sll     s0, a4, a4
core   0: 3 0x80008fca (0x00e71433) x 8 0x000fe640
core   0: 0x80008fce (0x857fc2b7) lui     t0, 0x857fc
core   0: 3 0x80008fce (0x857fc2b7) x 5 0x857fc000
core   0: 0x80008fd2 (0x000081b9) c.srli  a1, 14
core   0: 3 0x80008fd2 (0x81b9) x11 0x00000000
core   0: 0x80008fd4 (0x015856b3) srl     a3, a6, s5
core   0: 3 0x80008fd4 (0x015856b3) x13 0x00000041
core   0: 0x80008fd8 (0x0096bb33) sltu    s6, a3, s1
core   0: 3 0x80008fd8 (0x0096bb33) x22 0x00000000
core   0: 0x80008fdc (0x00008f91) c.sub   a5, a2
core   0: 3 0x80008fdc (0x8f91) x15 0x00000000
core   0: 0x80008fde (0x41220533) sub     a0, tp, s2
core   0: 3 0x80008fde (0x41220533) x10 0x40007f32
core   0: 0x80008fe2 (0x116a4413) xori    s0, s4, 278
core   0: 3 0x80008fe2 (0x116a4413) x 8 0x00000116
core   0: 0x80008fe6 (0x0199f3b3) and     t2, s3, s9
core   0: 3 0x80008fe6 (0x0199f3b3) x 7 0x00000000
core   0: 0x80008fea (0x0130afb3) slt     t6, ra, s3
core   0: 3 0x80008fea (0x0130afb3) x31 0x00000001
core   0: 0x80008fee (0x031158b3) divu    a7, sp, a7
core   0: 3 0x80008fee (0x031158b3) x17 0x00000000
core   0: 0x80008ff2 (0x01ee3b33) sltu    s6, t3, t5
core   0: 3 0x80008ff2 (0x01ee3b33) x22 0x00000000
core   0: 0x80008ff6 (0xf2dfc193) xori    gp, t6, -211
core   0: 3 0x80008ff6 (0xf2dfc193) x 3 0xffffff2c
core   0: 0x80008ffa (0x0209a1b3) mulhsu  gp, s3, zero
core   0: 3 0x80008ffa (0x0209a1b3) x 3 0x00000000
core   0: 0x80008ffe (0x012f1b13) slli    s6, t5, 18
core   0: 3 0x80008ffe (0x012f1b13) x22 0x00000000
core   0: 0x80009002 (0x9c462a37) lui     s4, 0x9c462
core   0: 3 0x80009002 (0x9c462a37) x20 0x9c462000
core   0: 0x80009006 (0x80000437) lui     s0, 0x80000
core   0: 3 0x80009006 (0x80000437) x 8 0x80000000
core   0: 0x8000900a (0x5c1434b7) lui     s1, 0x5c143
core   0: 3 0x8000900a (0x5c1434b7) x 9 0x5c143000
core   0: 0x8000900e (0xfdd48493) addi    s1, s1, -35
core   0: 3 0x8000900e (0xfdd48493) x 9 0x5c142fdd
core   0: 0x80009012 (0xfff00e13) li      t3, -1
core   0: 3 0x80009012 (0xfff00e13) x28 0xffffffff
core   0: 0x80009016 (0x00004581) c.li    a1, 0
core   0: 3 0x80009016 (0x4581) x11 0x00000000
core   0: 0x80009018 (0x00004c01) c.li    s8, 0
core   0: 3 0x80009018 (0x4c01) x24 0x00000000
core   0: 0x8000901a (0x00004b01) c.li    s6, 0
core   0: 3 0x8000901a (0x4b01) x22 0x00000000
core   0: 0x8000901c (0x3c81c337) lui     t1, 0x3c81c
core   0: 3 0x8000901c (0x3c81c337) x 6 0x3c81c000
core   0: 0x80009020 (0x6a130313) addi    t1, t1, 1697
core   0: 3 0x80009020 (0x6a130313) x 6 0x3c81c6a1
core   0: 0x80009024 (0xfff00213) li      tp, -1
core   0: 3 0x80009024 (0xfff00213) x 4 0xffffffff
core   0: 0x80009028 (0x923cc837) lui     a6, 0x923cc
core   0: 3 0x80009028 (0x923cc837) x16 0x923cc000
core   0: 0x8000902c (0xb1280813) addi    a6, a6, -1262
core   0: 3 0x8000902c (0xb1280813) x16 0x923cbb12
core   0: 0x80009030 (0x00004c81) c.li    s9, 0
core   0: 3 0x80009030 (0x4c81) x25 0x00000000
core   0: 0x80009032 (0x03cb05b3) mul     a1, s6, t3
core   0: 3 0x80009032 (0x03cb05b3) x11 0x00000000
core   0: 0x80009036 (0x024b1e33) mulh    t3, s6, tp
core   0: 3 0x80009036 (0x024b1e33) x28 0x00000000
core   0: 0x8000903a (0x02be4c33) div     s8, t3, a1
core   0: 3 0x8000903a (0x02be4c33) x24 0xffffffff
core   0: 0x8000903e (0x029215b3) mulh    a1, tp, s1
core   0: 3 0x8000903e (0x029215b3) x11 0xffffffff
core   0: 0x80009042 (0x40b204b3) sub     s1, tp, a1
core   0: 3 0x80009042 (0x40b204b3) x 9 0x00000000
core   0: 0x80009046 (0x40440b33) sub     s6, s0, tp
core   0: 3 0x80009046 (0x40440b33) x22 0x80000001
core   0: 0x8000904a (0x02b585b3) mul     a1, a1, a1
core   0: 3 0x8000904a (0x02b585b3) x11 0x00000001
core   0: 0x8000904e (0x02849833) mulh    a6, s1, s0
core   0: 3 0x8000904e (0x02849833) x16 0x00000000
core   0: 0x80009052 (0x028b5b33) divu    s6, s6, s0
core   0: 3 0x80009052 (0x028b5b33) x22 0x00000001
core   0: 0x80009056 (0xf98c8413) addi    s0, s9, -104
core   0: 3 0x80009056 (0xf98c8413) x 8 0xffffff98
core   0: 0x8000905a (0x02821833) mulh    a6, tp, s0
core   0: 3 0x8000905a (0x02821833) x16 0x00000000
core   0: 0x8000905e (0x03c24833) div     a6, tp, t3
core   0: 3 0x8000905e (0x03c24833) x16 0xffffffff
core   0: 0x80009062 (0x00009c92) c.add   s9, tp
core   0: 3 0x80009062 (0x9c92) x25 0xffffffff
core   0: 0x80009064 (0x44080213) addi    tp, a6, 1088
core   0: 3 0x80009064 (0x44080213) x 4 0x0000043f
core   0: 0x80009068 (0x00000001) c.nop
core   0: 3 0x80009068 (0x0001)
core   0: 0x8000906a (0x38b8e817) auipc   a6, 0x38b8e
core   0: 3 0x8000906a (0x38b8e817) x16 0xb8b9706a
core   0: 0x8000906e (0x00000001) c.nop
core   0: 3 0x8000906e (0x0001)
core   0: 0x80009070 (0x026cde33) divu    t3, s9, t1
core   0: 3 0x80009070 (0x026cde33) x28 0x00000004
core   0: 0x80009074 (0x024b44b3) div     s1, s6, tp
core   0: 3 0x80009074 (0x024b44b3) x 9 0x00000000
core   0: 0x80009078 (0x00000001) c.nop
core   0: 3 0x80009078 (0x0001)
core   0: 0x8000907a (0x50d01217) auipc   tp, 0x50d01
core   0: 3 0x8000907a (0x50d01217) x 4 0xd0d0a07a
core   0: 0x8000907e (0x03ccd333) divu    t1, s9, t3
core   0: 3 0x8000907e (0x03ccd333) x 6 0x3fffffff
core   0: 0x80009082 (0x02841c33) mulh    s8, s0, s0
core   0: 3 0x80009082 (0x02841c33) x24 0x00000000
core   0: 0x80009086 (0x004405b3) add     a1, s0, tp
core   0: 3 0x80009086 (0x004405b3) x11 0xd0d0a012
core   0: 0x8000908a (0x02b85833) divu    a6, a6, a1
core   0: 3 0x8000908a (0x02b85833) x16 0x00000000
core   0: 0x8000908e (0x029b6b33) rem     s6, s6, s1
core   0: 3 0x8000908e (0x029b6b33) x22 0x00000001
core   0: 0x80009092 (0x404c8233) sub     tp, s9, tp
core   0: 3 0x80009092 (0x404c8233) x 4 0x2f2f5f85
core   0: 0x80009096 (0x3d135b17) auipc   s6, 0x3d135
core   0: 3 0x80009096 (0x3d135b17) x22 0xbd13e096
core   0: 0x8000909a (0x036c7b33) remu    s6, s8, s6
core   0: 3 0x8000909a (0x036c7b33) x22 0x00000000
core   0: 0x8000909e (0x03c5f433) remu    s0, a1, t3
core   0: 3 0x8000909e (0x03c5f433) x 8 0x00000002
core   0: 0x800090a2 (0xddd62993) slti    s3, a2, -547
core   0: 3 0x800090a2 (0xddd62993) x19 0x00000000
core   0: 0x800090a6 (0x00000001) c.nop
core   0: 3 0x800090a6 (0x0001)
core   0: 0x800090a8 (0x02bd3033) mulhu   zero, s10, a1
core   0: 3 0x800090a8 (0x02bd3033)
core   0: 0x800090ac (0x0119a5b3) slt     a1, s3, a7
core   0: 3 0x800090ac (0x0119a5b3) x11 0x00000000
core   0: 0x800090b0 (0x00008ab5) c.andi  a3, 13
core   0: 3 0x800090b0 (0x8ab5) x13 0x00000001
core   0: 0x800090b2 (0x41c6dd33) sra     s10, a3, t3
core   0: 3 0x800090b2 (0x41c6dd33) x26 0x00000000
core   0: 0x800090b6 (0x00000001) c.nop
core   0: 3 0x800090b6 (0x0001)
core   0: 0x800090b8 (0x41655f13) srai    t5, a0, 22
core   0: 3 0x800090b8 (0x41655f13) x30 0x00000100
core   0: 0x800090bc (0x0000080e) c.slli  a6, 3
core   0: 3 0x800090bc (0x080e) x16 0x00000000
core   0: 0x800090be (0x034a7833) remu    a6, s4, s4
core   0: 3 0x800090be (0x034a7833) x16 0x00000000
core   0: 0x800090c2 (0x000082b1) c.srli  a3, 12
core   0: 3 0x800090c2 (0x82b1) x13 0x00000000
core   0: 0x800090c4 (0xe0102513) slti    a0, zero, -511
core   0: 3 0x800090c4 (0xe0102513) x10 0x00000000
core   0: 0x800090c8 (0x00008791) c.srai  a5, 4
core   0: 3 0x800090c8 (0x8791) x15 0x00000000
core   0: 0x800090ca (0x01387cb3) and     s9, a6, s3
core   0: 3 0x800090ca (0x01387cb3) x25 0x00000000
core   0: 0x800090ce (0x00008bd1) c.andi  a5, 20
core   0: 3 0x800090ce (0x8bd1) x15 0x00000000
core   0: 0x800090d0 (0x41e68eb3) sub     t4, a3, t5
core   0: 3 0x800090d0 (0x41e68eb3) x29 0xffffff00
core   0: 0x800090d4 (0x408f8ab3) sub     s5, t6, s0
core   0: 3 0x800090d4 (0x408f8ab3) x21 0xffffffff
core   0: 0x800090d8 (0x02a54a33) div     s4, a0, a0
core   0: 3 0x800090d8 (0x02a54a33) x20 0xffffffff
core   0: 0x800090dc (0x00008c81) c.sub   s1, s0
core   0: 3 0x800090dc (0x8c81) x 9 0xfffffffe
core   0: 0x800090de (0x7e188c97) auipc   s9, 0x7e188
core   0: 3 0x800090de (0x7e188c97) x25 0xfe1910de
core   0: 0x800090e2 (0x0109c5b3) xor     a1, s3, a6
core   0: 3 0x800090e2 (0x0109c5b3) x11 0x00000000
core   0: 0x800090e6 (0x0000682d) c.lui   a6, 0xb
core   0: 3 0x800090e6 (0x682d) x16 0x0000b000
core   0: 0x800090e8 (0x405051b3) sra     gp, zero, t0
core   0: 3 0x800090e8 (0x405051b3) x 3 0x00000000
core   0: 0x800090ec (0x42664997) auipc   s3, 0x42664
core   0: 3 0x800090ec (0x42664997) x19 0xc266d0ec
core   0: 0x800090f0 (0x402304b3) sub     s1, t1, sp
core   0: 3 0x800090f0 (0x402304b3) x 9 0xbffec31b
core   0: 0x800090f4 (0x00dae5b3) or      a1, s5, a3
core   0: 3 0x800090f4 (0x00dae5b3) x11 0xffffffff
core   0: 0x800090f8 (0x00008f8d) c.sub   a5, a1
core   0: 3 0x800090f8 (0x8f8d) x15 0x00000001
core   0: 0x800090fa (0x01aa4433) xor     s0, s4, s10
core   0: 3 0x800090fa (0x01aa4433) x 8 0xffffffff
core   0: 0x800090fe (0x00005ffd) c.li    t6, -1
core   0: 3 0x800090fe (0x5ffd) x31 0xffffffff
core   0: 0x80009100 (0x4075d413) srai    s0, a1, 7
core   0: 3 0x80009100 (0x4075d413) x 8 0xffffffff
core   0: 0x80009104 (0x02649333) mulh    t1, s1, t1
core   0: 3 0x80009104 (0x02649333) x 6 0xefffb0c7
core   0: 0x80009108 (0x025cfbb3) remu    s7, s9, t0
core   0: 3 0x80009108 (0x025cfbb3) x23 0x789950de
core   0: 0x8000910c (0x000083c1) c.srli  a5, 16
core   0: 3 0x8000910c (0x83c1) x15 0x00000000
core   0: 0x8000910e (0x000006a2) c.slli  a3, 8
core   0: 3 0x8000910e (0x06a2) x13 0x00000000
core   0: 0x80009110 (0x69a1ec93) ori     s9, gp, 1690
core   0: 3 0x80009110 (0x69a1ec93) x25 0x0000069a
core   0: 0x80009114 (0x000008ce) c.slli  a7, 19
core   0: 3 0x80009114 (0x08ce) x17 0x00000000
core   0: 0x80009116 (0x00008e71) c.and   a2, a2
core   0: 3 0x80009116 (0x8e71) x12 0x00000000
core   0: 0x80009118 (0x012fe2b3) or      t0, t6, s2
core   0: 3 0x80009118 (0x012fe2b3) x 5 0xffffffff
core   0: 0x8000911c (0x67f10c93) addi    s9, sp, 1663
core   0: 3 0x8000911c (0x67f10c93) x25 0x80014363
core   0: 0x80009120 (0x03a8c6b3) div     a3, a7, s10
core   0: 3 0x80009120 (0x03a8c6b3) x13 0xffffffff
core   0: 0x80009124 (0x00000001) c.nop
core   0: 3 0x80009124 (0x0001)
core   0: 0x80009126 (0x00008796) c.mv    a5, t0
core   0: 3 0x80009126 (0x8796) x15 0xffffffff
core   0: 0x80009128 (0x03057433) remu    s0, a0, a6
core   0: 3 0x80009128 (0x03057433) x 8 0x00000000
core   0: 0x8000912c (0x026f0e33) mul     t3, t5, t1
core   0: 3 0x8000912c (0x026f0e33) x28 0xffb0c700
core   0: 0x80009130 (0x00008f85) c.sub   a5, s1
core   0: 3 0x80009130 (0x8f85) x15 0x40013ce4
core   0: 0x80009132 (0x00008c19) c.sub   s0, a4
core   0: 3 0x80009132 (0x8c19) x 8 0x7fff019c
core   0: 0x80009134 (0x00008e29) c.xor   a2, a0
core   0: 3 0x80009134 (0x8e29) x12 0x00000000
core   0: 0x80009136 (0x018e9833) sll     a6, t4, s8
core   0: 3 0x80009136 (0x018e9833) x16 0xffffff00
core   0: 0x8000913a (0xc8366b13) ori     s6, a2, -893
core   0: 3 0x8000913a (0xc8366b13) x22 0xfffffc83
core   0: 0x8000913e (0x0000801d) c.srli  s0, 7
core   0: 3 0x8000913e (0x801d) x 8 0x00fffe03
core   0: 0x80009140 (0x000065f5) c.lui   a1, 0x1d
core   0: 3 0x80009140 (0x65f5) x11 0x0001d000
core   0: 0x80009142 (0x0000097e) c.slli  s2, 31
core   0: 3 0x80009142 (0x097e) x18 0x00000000
core   0: 0x80009144 (0x00008e69) c.and   a2, a0
core   0: 3 0x80009144 (0x8e69) x12 0x00000000
core   0: 0x80009146 (0x00000001) c.nop
core   0: 3 0x80009146 (0x0001)
core   0: 0x80009148 (0x000a0033) add     zero, s4, zero
core   0: 3 0x80009148 (0x000a0033)
core   0: 0x8000914c (0x00008e6d) c.and   a2, a1
core   0: 3 0x8000914c (0x8e6d) x12 0x00000000
core   0: 0x8000914e (0x018462b3) or      t0, s0, s8
core   0: 3 0x8000914e (0x018462b3) x 5 0x00fffe03
core   0: 0x80009152 (0x00009196) c.add   gp, t0
core   0: 3 0x80009152 (0x9196) x 3 0x00fffe03
core   0: 0x80009154 (0x026468b3) rem     a7, s0, t1
core   0: 3 0x80009154 (0x026468b3) x17 0x00fffe03
core   0: 0x80009158 (0x00bfae33) slt     t3, t6, a1
core   0: 3 0x80009158 (0x00bfae33) x28 0x00000001
core   0: 0x8000915c (0x02490fb3) mul     t6, s2, tp
core   0: 3 0x8000915c (0x02490fb3) x31 0x00000000
core   0: 0x80009160 (0x01422833) slt     a6, tp, s4
core   0: 3 0x80009160 (0x01422833) x16 0x00000000
core   0: 0x80009164 (0x1e0d4d13) xori    s10, s10, 480
core   0: 3 0x80009164 (0x1e0d4d13) x26 0x000001e0
core   0: 0x80009168 (0x014d6033) or      zero, s10, s4
core   0: 3 0x80009168 (0x014d6033)
core   0: 0x8000916c (0x031000b3) mul     ra, zero, a7
core   0: 3 0x8000916c (0x031000b3) x 1 0x00000000
core   0: 0x80009170 (0x01b4cab3) xor     s5, s1, s11
core   0: 3 0x80009170 (0x01b4cab3) x21 0x3ffec31b
core   0: 0x80009174 (0x011507b3) add     a5, a0, a7
core   0: 3 0x80009174 (0x011507b3) x15 0x00fffe03
core   0: 0x80009178 (0x01eb10b3) sll     ra, s6, t5
core   0: 3 0x80009178 (0x01eb10b3) x 1 0xfffffc83
core   0: 0x8000917c (0x02825b33) divu    s6, tp, s0
core   0: 3 0x8000917c (0x02825b33) x22 0x0000002f
core   0: 0x80009180 (0x0141d233) srl     tp, gp, s4
core   0: 3 0x80009180 (0x0141d233) x 4 0x00000000
core   0: 0x80009184 (0x01a951b3) srl     gp, s2, s10
core   0: 3 0x80009184 (0x01a951b3) x 3 0x00000000
core   0: 0x80009188 (0x009d1a33) sll     s4, s10, s1
core   0: 3 0x80009188 (0x009d1a33) x20 0x00000000
core   0: 0x8000918c (0x026daeb3) mulhsu  t4, s11, t1
core   0: 3 0x8000918c (0x026daeb3) x29 0x8800279c
core   0: 0x80009190 (0x00008d4d) c.or    a0, a1
core   0: 3 0x80009190 (0x8d4d) x10 0x0001d000
core   0: 0x80009192 (0x41160bb3) sub     s7, a2, a7
core   0: 3 0x80009192 (0x41160bb3) x23 0xff0001fd
core   0: 0x80009196 (0x00001f7d) c.addi  t5, -1
core   0: 3 0x80009196 (0x1f7d) x30 0x000000ff
core   0: 0x80009198 (0x00000001) c.nop
core   0: 3 0x80009198 (0x0001)
core   0: 0x8000919a (0x00f83633) sltu    a2, a6, a5
core   0: 3 0x8000919a (0x00f83633) x12 0x00000001
core   0: 0x8000919e (0x405e0cb3) sub     s9, t3, t0
core   0: 3 0x8000919e (0x405e0cb3) x25 0xff0001fe
core   0: 0x800091a2 (0x0000832a) c.mv    t1, a0
core   0: 3 0x800091a2 (0x832a) x 6 0x0001d000
core   0: 0x800091a4 (0x00cc2ab3) slt     s5, s8, a2
core   0: 3 0x800091a4 (0x00cc2ab3) x21 0x00000001
core   0: 0x800091a8 (0x01e9ecb3) or      s9, s3, t5
core   0: 3 0x800091a8 (0x01e9ecb3) x25 0xc266d0ff
core   0: 0x800091ac (0xfa8ca613) slti    a2, s9, -88
core   0: 3 0x800091ac (0xfa8ca613) x12 0x00000001
core   0: 0x800091b0 (0x03c44233) div     tp, s0, t3
core   0: 3 0x800091b0 (0x03c44233) x 4 0x00fffe03
core   0: 0x800091b4 (0x00000001) c.nop
core   0: 3 0x800091b4 (0x0001)
core   0: 0x800091b6 (0x036c79b3) remu    s3, s8, s6
core   0: 3 0x800091b6 (0x036c79b3) x19 0x00000000
core   0: 0x800091ba (0x4119d6b3) sra     a3, s3, a7
core   0: 3 0x800091ba (0x4119d6b3) x13 0x00000000
core   0: 0x800091be (0x024a0c33) mul     s8, s4, tp
core   0: 3 0x800091be (0x024a0c33) x24 0x00000000
core   0: 0x800091c2 (0x00000eee) c.slli  t4, 27
core   0: 3 0x800091c2 (0x0eee) x29 0xe0000000
core   0: 0x800091c4 (0x0136df93) srli    t6, a3, 19
core   0: 3 0x800091c4 (0x0136df93) x31 0x00000000
core   0: 0x800091c8 (0x00008b4a) c.mv    s6, s2
core   0: 3 0x800091c8 (0x8b4a) x22 0x00000000
core   0: 0x800091ca (0x01655533) srl     a0, a0, s6
core   0: 3 0x800091ca (0x01655533) x10 0x0001d000
core   0: 0x800091ce (0x403a5533) sra     a0, s4, gp
core   0: 3 0x800091ce (0x403a5533) x10 0x00000000
core   0: 0x800091d2 (0x0238f8b3) remu    a7, a7, gp
core   0: 3 0x800091d2 (0x0238f8b3) x17 0x00fffe03
core   0: 0x800091d6 (0x02e82bb3) mulhsu  s7, a6, a4
core   0: 3 0x800091d6 (0x02e82bb3) x23 0x00000000
core   0: 0x800091da (0xc500cb93) xori    s7, ra, -944
core   0: 3 0x800091da (0xc500cb93) x23 0x000000d3
core   0: 0x800091de (0xd1d79397) auipc   t2, 0xd1d79
core   0: 3 0x800091de (0xd1d79397) x 7 0x51d821de
core   0: 0x800091e2 (0xfb5dbe13) sltiu   t3, s11, -75
core   0: 3 0x800091e2 (0xfb5dbe13) x28 0x00000001
core   0: 0x800091e6 (0x00000001) c.nop
core   0: 3 0x800091e6 (0x0001)
core   0: 0x800091e8 (0xf9588f13) addi    t5, a7, -107
core   0: 3 0x800091e8 (0xf9588f13) x30 0x00fffd98
core   0: 0x800091ec (0x00e4df33) srl     t5, s1, a4
core   0: 3 0x800091ec (0x00e4df33) x30 0x0bffec31
core   0: 0x800091f0 (0x00008675) c.srai  a2, 29
core   0: 3 0x800091f0 (0x8675) x12 0x00000000
core   0: 0x800091f2 (0x010acb33) xor     s6, s5, a6
core   0: 3 0x800091f2 (0x010acb33) x22 0x00000001
core   0: 0x800091f6 (0x01781a93) slli    s5, a6, 23
core   0: 3 0x800091f6 (0x01781a93) x21 0x00000000
core   0: 0x800091fa (0x01fefc33) and     s8, t4, t6
core   0: 3 0x800091fa (0x01fefc33) x24 0x00000000
core   0: 0x800091fe (0x000099fd) c.andi  a1, -1
core   0: 3 0x800091fe (0x99fd) x11 0x0001d000
core   0: 0x80009200 (0xf0286613) ori     a2, a6, -254
core   0: 3 0x80009200 (0xf0286613) x12 0xffffff02
core   0: 0x80009204 (0x13bc0d13) addi    s10, s8, 315
core   0: 3 0x80009204 (0x13bc0d13) x26 0x0000013b
core   0: 0x80009208 (0x00c95433) srl     s0, s2, a2
core   0: 3 0x80009208 (0x00c95433) x 8 0x00000000
core   0: 0x8000920c (0x011a8f33) add     t5, s5, a7
core   0: 3 0x8000920c (0x011a8f33) x30 0x00fffe03
core   0: 0x80009210 (0x0000033a) c.slli  t1, 14
core   0: 3 0x80009210 (0x033a) x 6 0x74000000
core   0: 0x80009212 (0x41db5e93) srai    t4, s6, 29
core   0: 3 0x80009212 (0x41db5e93) x29 0x00000000
core   0: 0x80009216 (0x40d35293) srai    t0, t1, 13
core   0: 3 0x80009216 (0x40d35293) x 5 0x0003a000
core   0: 0x8000921a (0x022326b3) mulhsu  a3, t1, sp
core   0: 3 0x8000921a (0x022326b3) x13 0x3a008f97
core   0: 0x8000921e (0x033b4533) div     a0, s6, s3
core   0: 3 0x8000921e (0x033b4533) x10 0xffffffff
core   0: 0x80009222 (0x00e7ed33) or      s10, a5, a4
core   0: 3 0x80009222 (0x00e7ed33) x26 0x80fffe67
core   0: 0x80009226 (0x61974f93) xori    t6, a4, 1561
core   0: 3 0x80009226 (0x61974f93) x31 0x8000f87d
core   0: 0x8000922a (0x00000f09) c.addi  t5, 2
core   0: 3 0x8000922a (0x0f09) x30 0x00fffe05
core   0: 0x8000922c (0x4043d8b3) sra     a7, t2, tp
core   0: 3 0x8000922c (0x4043d8b3) x17 0x0a3b043b
core   0: 0x80009230 (0x00000efe) c.slli  t4, 31
core   0: 3 0x80009230 (0x0efe) x29 0x00000000
core   0: 0x80009232 (0xa2c38513) addi    a0, t2, -1492
core   0: 3 0x80009232 (0xa2c38513) x10 0x51d81c0a
core   0: 0x80009236 (0x000046d9) c.li    a3, 22
core   0: 3 0x80009236 (0x46d9) x13 0x00000016
core   0: 0x80009238 (0x0118c6b3) xor     a3, a7, a7
core   0: 3 0x80009238 (0x0118c6b3) x13 0x00000000
core   0: 0x8000923c (0x400686b3) sub     a3, a3, zero
core   0: 3 0x8000923c (0x400686b3) x13 0x00000000
core   0: 0x80009240 (0xa18ac593) xori    a1, s5, -1512
core   0: 3 0x80009240 (0xa18ac593) x11 0xfffffa18
core   0: 0x80009244 (0x01c82f33) slt     t5, a6, t3
core   0: 3 0x80009244 (0x01c82f33) x30 0x00000001
core   0: 0x80009248 (0x409f5f13) srai    t5, t5, 9
core   0: 3 0x80009248 (0x409f5f13) x30 0x00000000
core   0: 0x8000924c (0x844a4a17) auipc   s4, 0x844a4
core   0: 3 0x8000924c (0x844a4a17) x20 0x044ad24c
core   0: 0x80009250 (0x0000962e) c.add   a2, a1
core   0: 3 0x80009250 (0x962e) x12 0xfffff91a
core   0: 0x80009252 (0x025f6533) rem     a0, t5, t0
core   0: 3 0x80009252 (0x025f6533) x10 0x00000000
core   0: 0x80009256 (0x02ba5ab3) divu    s5, s4, a1
core   0: 3 0x80009256 (0x02ba5ab3) x21 0x00000000
core   0: 0x8000925a (0x00006555) c.lui   a0, 0x15
core   0: 3 0x8000925a (0x6555) x10 0x00015000
core   0: 0x8000925c (0x008d04b3) add     s1, s10, s0
core   0: 3 0x8000925c (0x008d04b3) x 9 0x80fffe67
core   0: 0x80009260 (0x03ac1bb3) mulh    s7, s8, s10
core   0: 3 0x80009260 (0x03ac1bb3) x23 0x00000000
core   0: 0x80009264 (0x01256bb3) or      s7, a0, s2
core   0: 3 0x80009264 (0x01256bb3) x23 0x00015000
core   0: 0x80009268 (0x019927b3) slt     a5, s2, s9
core   0: 3 0x80009268 (0x019927b3) x15 0x00000000
core   0: 0x8000926c (0x7d8d7313) andi    t1, s10, 2008
core   0: 3 0x8000926c (0x7d8d7313) x 6 0x00000640
core   0: 0x80009270 (0x02e27bb3) remu    s7, tp, a4
core   0: 3 0x80009270 (0x02e27bb3) x23 0x00fffe03
core   0: 0x80009274 (0x1523c197) auipc   gp, 0x1523c
core   0: 3 0x80009274 (0x1523c197) x 3 0x95245274
core   0: 0x80009278 (0x001e6233) or      tp, t3, ra
core   0: 3 0x80009278 (0x001e6233) x 4 0xfffffc83
core   0: 0x8000927c (0x41748333) sub     t1, s1, s7
core   0: 3 0x8000927c (0x41748333) x 6 0x80000064
core   0: 0x80009280 (0x01729813) slli    a6, t0, 23
core   0: 3 0x80009280 (0x01729813) x16 0x00000000
core   0: 0x80009284 (0x00008b81) c.andi  a5, 0
core   0: 3 0x80009284 (0x8b81) x15 0x00000000
core   0: 0x80009286 (0x0000827d) c.srli  a2, 31
core   0: 3 0x80009286 (0x827d) x12 0x00000001
core   0: 0x80009288 (0x020b8833) mul     a6, s7, zero
core   0: 3 0x80009288 (0x020b8833) x16 0x00000000
core   0: 0x8000928c (0x02bb66b3) rem     a3, s6, a1
core   0: 3 0x8000928c (0x02bb66b3) x13 0x00000001
core   0: 0x80009290 (0x411ad1b3) sra     gp, s5, a7
core   0: 3 0x80009290 (0x411ad1b3) x 3 0x00000000
core   0: 0x80009294 (0x00009c6e) c.add   s8, s11
core   0: 3 0x80009294 (0x9c6e) x24 0x80000000
core   0: 0x80009296 (0x02014a33) div     s4, sp, zero
core   0: 3 0x80009296 (0x02014a33) x20 0xffffffff
core   0: 0x8000929a (0x00004d7d) c.li    s10, 31
core   0: 3 0x8000929a (0x4d7d) x26 0x0000001f
core   0: 0x8000929c (0x004cbf33) sltu    t5, s9, tp
core   0: 3 0x8000929c (0x004cbf33) x30 0x00000001
core   0: 0x800092a0 (0x01a4b1b3) sltu    gp, s1, s10
core   0: 3 0x800092a0 (0x01a4b1b3) x 3 0x00000000
core   0: 0x800092a4 (0x4278c437) lui     s0, 0x4278c
core   0: 3 0x800092a4 (0x4278c437) x 8 0x4278c000
core   0: 0x800092a8 (0x00001a7d) c.addi  s4, -1
core   0: 3 0x800092a8 (0x1a7d) x20 0xfffffffe
core   0: 0x800092aa (0x000082d1) c.srli  a3, 20
core   0: 3 0x800092aa (0x82d1) x13 0x00000000
core   0: 0x800092ac (0x02012b33) mulhsu  s6, sp, zero
core   0: 3 0x800092ac (0x02012b33) x22 0x00000000
core   0: 0x800092b0 (0x00000001) c.nop
core   0: 3 0x800092b0 (0x0001)
core   0: 0x800092b2 (0x03f33333) mulhu   t1, t1, t6
core   0: 3 0x800092b2 (0x03f33333) x 6 0x40007c70
core   0: 0x800092b6 (0x00008f8d) c.sub   a5, a1
core   0: 3 0x800092b6 (0x8f8d) x15 0x000005e8
core   0: 0x800092b8 (0x000091d6) c.add   gp, s5
core   0: 3 0x800092b8 (0x91d6) x 3 0x00000000
core   0: 0x800092ba (0x039d2bb3) mulhsu  s7, s10, s9
core   0: 3 0x800092ba (0x039d2bb3) x23 0x00000017
core   0: 0x800092be (0x02a68c33) mul     s8, a3, a0
core   0: 3 0x800092be (0x02a68c33) x24 0x00000000
core   0: 0x800092c2 (0x0000147d) c.addi  s0, -1
core   0: 3 0x800092c2 (0x147d) x 8 0x4278bfff
core   0: 0x800092c4 (0x00000001) c.nop
core   0: 3 0x800092c4 (0x0001)
core   0: 0x800092c6 (0x00008c5d) c.or    s0, a5
core   0: 3 0x800092c6 (0x8c5d) x 8 0x4278bfff
core   0: 0x800092c8 (0x0271efb3) rem     t6, gp, t2
core   0: 3 0x800092c8 (0x0271efb3) x31 0x00000000
core   0: 0x800092cc (0x0248ab33) mulhsu  s6, a7, tp
core   0: 3 0x800092cc (0x0248ab33) x22 0x0a3b0417
core   0: 0x800092d0 (0xd49aceb7) lui     t4, 0xd49ac
core   0: 3 0x800092d0 (0xd49aceb7) x29 0xd49ac000
core   0: 0x800092d4 (0x00009546) c.add   a0, a7
core   0: 3 0x800092d4 (0x9546) x10 0x0a3c543b
core   0: 0x800092d6 (0x03f49333) mulh    t1, s1, t6
core   0: 3 0x800092d6 (0x03f49333) x 6 0x00000000
core   0: 0x800092da (0x0375f033) remu    zero, a1, s7
core   0: 3 0x800092da (0x0375f033)
core   0: 0x800092de (0x036cae33) mulhsu  t3, s9, s6
core   0: 3 0x800092de (0x036cae33) x28 0xfd89d0e0
core   0: 0x800092e2 (0xe120f213) andi    tp, ra, -494
core   0: 3 0x800092e2 (0xe120f213) x 4 0xfffffc02
core   0: 0x800092e6 (0x001e5513) srli    a0, t3, 1
core   0: 3 0x800092e6 (0x001e5513) x10 0x7ec4e870
core   0: 0x800092ea (0x01471a13) slli    s4, a4, 20
core   0: 3 0x800092ea (0x01471a13) x20 0xe6400000
core   0: 0x800092ee (0x000013fd) c.addi  t2, -1
core   0: 3 0x800092ee (0x13fd) x 7 0x51d821dd
core   0: 0x800092f0 (0x01080a33) add     s4, a6, a6
core   0: 3 0x800092f0 (0x01080a33) x20 0x00000000
core   0: 0x800092f4 (0xf37cab13) slti    s6, s9, -201
core   0: 3 0x800092f4 (0xf37cab13) x22 0x00000001
core   0: 0x800092f8 (0x01b31b93) slli    s7, t1, 27
core   0: 3 0x800092f8 (0x01b31b93) x23 0x00000000
core   0: 0x800092fc (0x01ac9633) sll     a2, s9, s10
core   0: 3 0x800092fc (0x01ac9633) x12 0x80000000
core   0: 0x80009300 (0x0204f033) remu    zero, s1, zero
core   0: 3 0x80009300 (0x0204f033)
core   0: 0x80009304 (0x5324b393) sltiu   t2, s1, 1330
core   0: 3 0x80009304 (0x5324b393) x 7 0x00000000
core   0: 0x80009308 (0x9abc8313) addi    t1, s9, -1621
core   0: 3 0x80009308 (0x9abc8313) x 6 0xc266caaa
core   0: 0x8000930c (0x00008e09) c.sub   a2, a0
core   0: 3 0x8000930c (0x8e09) x12 0x013b1790
core   0: 0x8000930e (0x01bf6f33) or      t5, t5, s11
core   0: 3 0x8000930e (0x01bf6f33) x30 0x80000001
core   0: 0x80009312 (0x00285d13) srli    s10, a6, 2
core   0: 3 0x80009312 (0x00285d13) x26 0x00000000
core   0: 0x80009316 (0x40eed333) sra     t1, t4, a4
core   0: 3 0x80009316 (0x40eed333) x 6 0xfd49ac00
core   0: 0x8000931a (0x031e7f33) remu    t5, t3, a7
core   0: 3 0x8000931a (0x031e7f33) x30 0x08016b58
core   0: 0x8000931e (0x00008095) c.srli  s1, 5
core   0: 3 0x8000931e (0x8095) x 9 0x0407fff3
core   0: 0x80009320 (0x01005933) srl     s2, zero, a6
core   0: 3 0x80009320 (0x01005933) x18 0x00000000
core   0: 0x80009324 (0x03196933) rem     s2, s2, a7
core   0: 3 0x80009324 (0x03196933) x18 0x00000000
core   0: 0x80009328 (0x00009bfd) c.andi  a5, -1
core   0: 3 0x80009328 (0x9bfd) x15 0x000005e8
core   0: 0x8000932a (0x03581033) mulh    zero, a6, s5
core   0: 3 0x8000932a (0x03581033)
core   0: 0x8000932e (0x014f5eb3) srl     t4, t5, s4
core   0: 3 0x8000932e (0x014f5eb3) x29 0x08016b58
core   0: 0x80009332 (0x028ef7b3) remu    a5, t4, s0
core   0: 3 0x80009332 (0x028ef7b3) x15 0x08016b58
core   0: 0x80009336 (0x03f8a5b3) mulhsu  a1, a7, t6
core   0: 3 0x80009336 (0x03f8a5b3) x11 0x00000000
core   0: 0x8000933a (0x02e8c933) div     s2, a7, a4
core   0: 3 0x8000933a (0x02e8c933) x18 0x00000000
core   0: 0x8000933e (0x0d230613) addi    a2, t1, 210
core   0: 3 0x8000933e (0x0d230613) x12 0xfd49acd2
core   0: 0x80009342 (0x00047fb3) and     t6, s0, zero
core   0: 3 0x80009342 (0x00047fb3) x31 0x00000000
core   0: 0x80009346 (0x0000042a) c.slli  s0, 10
core   0: 3 0x80009346 (0x042a) x 8 0xe2fffc00
core   0: 0x80009348 (0x019226b3) slt     a3, tp, s9
core   0: 3 0x80009348 (0x019226b3) x13 0x00000000
core   0: 0x8000934c (0x02808cb3) mul     s9, ra, s0
core   0: 3 0x8000934c (0x02808cb3) x25 0x290df400
core   0: 0x80009350 (0x00008fb1) c.xor   a5, a2
core   0: 3 0x80009350 (0x8fb1) x15 0xf548c78a
core   0: 0x80009352 (0x7d898393) addi    t2, s3, 2008
core   0: 3 0x80009352 (0x7d898393) x 7 0x000007d8
core   0: 0x80009356 (0x00006bd9) c.lui   s7, 0x16
core   0: 3 0x80009356 (0x6bd9) x23 0x00016000
core   0: 0x80009358 (0x41e254b3) sra     s1, tp, t5
core   0: 3 0x80009358 (0x41e254b3) x 9 0xffffffff
core   0: 0x8000935c (0x0b722a93) slti    s5, tp, 183
core   0: 3 0x8000935c (0x0b722a93) x21 0x00000001
core   0: 0x80009360 (0x021fb0b3) mulhu   ra, t6, ra
core   0: 3 0x80009360 (0x021fb0b3) x 1 0x00000000
core   0: 0x80009364 (0x01fcb1b3) sltu    gp, s9, t6
core   0: 3 0x80009364 (0x01fcb1b3) x 3 0x00000000
core   0: 0x80009368 (0x0123b033) sltu    zero, t2, s2
core   0: 3 0x80009368 (0x0123b033)
core   0: 0x8000936c (0x02da2a33) mulhsu  s4, s4, a3
core   0: 3 0x8000936c (0x02da2a33) x20 0x00000000
core   0: 0x80009370 (0x00009fee) c.add   t6, s11
core   0: 3 0x80009370 (0x9fee) x31 0x80000000
core   0: 0x80009372 (0x000099fd) c.andi  a1, -1
core   0: 3 0x80009372 (0x99fd) x11 0x00000000
core   0: 0x80009374 (0x403bdc33) sra     s8, s7, gp
core   0: 3 0x80009374 (0x403bdc33) x24 0x00016000
core   0: 0x80009378 (0x013cdbb3) srl     s7, s9, s3
core   0: 3 0x80009378 (0x013cdbb3) x23 0x290df400
core   0: 0x8000937c (0x00cc4033) xor     zero, s8, a2
core   0: 3 0x8000937c (0x00cc4033)
core   0: 0x80009380 (0x01f837b3) sltu    a5, a6, t6
core   0: 3 0x80009380 (0x01f837b3) x15 0x00000001
core   0: 0x80009384 (0x02a26033) rem     zero, tp, a0
core   0: 3 0x80009384 (0x02a26033)
core   0: 0x80009388 (0x0160b033) sltu    zero, ra, s6
core   0: 3 0x80009388 (0x0160b033)
core   0: 0x8000938c (0x036e4033) div     zero, t3, s6
core   0: 3 0x8000938c (0x036e4033)
core   0: 0x80009390 (0x00008c2d) c.xor   s0, a1
core   0: 3 0x80009390 (0x8c2d) x 8 0xe2fffc00
core   0: 0x80009392 (0xddecae97) auipc   t4, 0xddeca
core   0: 3 0x80009392 (0xddecae97) x29 0x5ded3392
core   0: 0x80009396 (0x00000001) c.nop
core   0: 3 0x80009396 (0x0001)
core   0: 0x80009398 (0x000084e1) c.srai  s1, 24
core   0: 3 0x80009398 (0x84e1) x 9 0xffffffff
core   0: 0x8000939a (0x28adef97) auipc   t6, 0x28ade
core   0: 3 0x8000939a (0x28adef97) x31 0xa8ae739a
core   0: 0x8000939e (0x01194933) xor     s2, s2, a7
core   0: 3 0x8000939e (0x01194933) x18 0x0a3b043b
core   0: 0x800093a2 (0x40ab0cb3) sub     s9, s6, a0
core   0: 3 0x800093a2 (0x40ab0cb3) x25 0x813b1791
core   0: 0x800093a6 (0x00000001) c.nop
core   0: 3 0x800093a6 (0x0001)
core   0: 0x800093a8 (0x00000fa6) c.slli  t6, 9
core   0: 3 0x800093a8 (0x0fa6) x31 0x5ce73400
core   0: 0x800093aa (0x03068ab3) mul     s5, a3, a6
core   0: 3 0x800093aa (0x03068ab3) x21 0x00000000
core   0: 0x800093ae (0x00008571) c.srai  a0, 28
core   0: 3 0x800093ae (0x8571) x10 0x00000007
core   0: 0x800093b0 (0x21e9ce93) xori    t4, s3, 542
core   0: 3 0x800093b0 (0x21e9ce93) x29 0x0000021e
core   0: 0x800093b4 (0x8a653913) sltiu   s2, a0, -1882
core   0: 3 0x800093b4 (0x8a653913) x18 0x00000001
core   0: 0x800093b8 (0x78c3d897) auipc   a7, 0x78c3d
core   0: 3 0x800093b8 (0x78c3d897) x17 0xf8c463b8
core   0: 0x800093bc (0x0021ce33) xor     t3, gp, sp
core   0: 3 0x800093bc (0x0021ce33) x28 0x80013ce4
core   0: 0x800093c0 (0x02771cb3) mulh    s9, a4, t2
core   0: 3 0x800093c0 (0x02771cb3) x25 0xfffffc14
core   0: 0x800093c4 (0x03f5a4b3) mulhsu  s1, a1, t6
core   0: 3 0x800093c4 (0x03f5a4b3) x 9 0x00000000
core   0: 0x800093c8 (0x01d02fb3) slt     t6, zero, t4
core   0: 3 0x800093c8 (0x01d02fb3) x31 0x00000001
core   0: 0x800093cc (0x020994b3) mulh    s1, s3, zero
core   0: 3 0x800093cc (0x020994b3) x 9 0x00000000
core   0: 0x800093d0 (0x00005b7d) c.li    s6, -1
core   0: 3 0x800093d0 (0x5b7d) x22 0xffffffff
core   0: 0x800093d2 (0x00000001) c.nop
core   0: 3 0x800093d2 (0x0001)
core   0: 0x800093d4 (0x00000001) c.nop
core   0: 3 0x800093d4 (0x0001)
core   0: 0x800093d6 (0x03ec7233) remu    tp, s8, t5
core   0: 3 0x800093d6 (0x03ec7233) x 4 0x00016000
core   0: 0x800093da (0x003e9d33) sll     s10, t4, gp
core   0: 3 0x800093da (0x003e9d33) x26 0x0000021e
core   0: 0x800093de (0x066dc993) xori    s3, s11, 102
core   0: 3 0x800093de (0x066dc993) x19 0x80000066
core   0: 0x800093e2 (0x02fec233) div     tp, t4, a5
core   0: 3 0x800093e2 (0x02fec233) x 4 0x0000021e
core   0: 0x800093e6 (0x00008841) c.andi  s0, 16
core   0: 3 0x800093e6 (0x8841) x 8 0x00000000
core   0: 0x800093e8 (0x032ccbb3) div     s7, s9, s2
core   0: 3 0x800093e8 (0x032ccbb3) x23 0xfffffc14
core   0: 0x800093ec (0x41ed8533) sub     a0, s11, t5
core   0: 3 0x800093ec (0x41ed8533) x10 0x77fe94a8
core   0: 0x800093f0 (0x00000c36) c.slli  s8, 13
core   0: 3 0x800093f0 (0x0c36) x24 0x2c000000
core   0: 0x800093f2 (0x4df4b493) sltiu   s1, s1, 1247
core   0: 3 0x800093f2 (0x4df4b493) x 9 0x00000001
core   0: 0x800093f6 (0x000045cd) c.li    a1, 19
core   0: 3 0x800093f6 (0x45cd) x11 0x00000013
core   0: 0x800093f8 (0x020154b3) divu    s1, sp, zero
core   0: 3 0x800093f8 (0x020154b3) x 9 0xffffffff
core   0: 0x800093fc (0x000089c6) c.mv    s3, a7
core   0: 3 0x800093fc (0x89c6) x19 0xf8c463b8
core   0: 0x800093fe (0xca028913) addi    s2, t0, -864
core   0: 3 0x800093fe (0xca028913) x18 0x00039ca0
core   0: 0x80009402 (0xeeb41817) auipc   a6, 0xeeb41
core   0: 3 0x80009402 (0xeeb41817) x16 0x6eb4a402
core   0: 0x80009406 (0x052dfc93) andi    s9, s11, 82
core   0: 3 0x80009406 (0x052dfc93) x25 0x00000000
core   0: 0x8000940a (0x00008d5e) c.mv    s10, s7
core   0: 3 0x8000940a (0x8d5e) x26 0xfffffc14
core   0: 0x8000940c (0x021a2b33) mulhsu  s6, s4, ra
core   0: 3 0x8000940c (0x021a2b33) x22 0x00000000
core   0: 0x80009410 (0xfb424593) xori    a1, tp, -76
core   0: 3 0x80009410 (0xfb424593) x11 0xfffffdaa
core   0: 0x80009414 (0x0038db33) srl     s6, a7, gp
core   0: 3 0x80009414 (0x0038db33) x22 0xf8c463b8
core   0: 0x80009418 (0x01c349b3) xor     s3, t1, t3
core   0: 3 0x80009418 (0x01c349b3) x19 0x7d4890e4
core   0: 0x8000941c (0x00001d7d) c.addi  s10, -1
core   0: 3 0x8000941c (0x1d7d) x26 0xfffffc13
core   0: 0x8000941e (0x02fd3333) mulhu   t1, s10, a5
core   0: 3 0x8000941e (0x02fd3333) x 6 0x00000000
core   0: 0x80009422 (0x030434b3) mulhu   s1, s0, a6
core   0: 3 0x80009422 (0x030434b3) x 9 0x00000000
core   0: 0x80009426 (0x000009e9) c.addi  s3, 26
core   0: 3 0x80009426 (0x09e9) x19 0x7d4890fe
core   0: 0x80009428 (0x00008b9d) c.andi  a5, 7
core   0: 3 0x80009428 (0x8b9d) x15 0x00000001
core   0: 0x8000942a (0x00137fb3) and     t6, t1, ra
core   0: 3 0x8000942a (0x00137fb3) x31 0x00000000
core   0: 0x8000942e (0x03397d33) remu    s10, s2, s3
core   0: 3 0x8000942e (0x03397d33) x26 0x00039ca0
core   0: 0x80009432 (0x0000801d) c.srli  s0, 7
core   0: 3 0x80009432 (0x801d) x 8 0x00000000
core   0: 0x80009434 (0x036211b3) mulh    gp, tp, s6
core   0: 3 0x80009434 (0x036211b3) x 3 0xfffffff0
core   0: 0x80009438 (0x00009e36) c.add   t3, a3
core   0: 3 0x80009438 (0x9e36) x28 0x80013ce4
core   0: 0x8000943a (0x00b604b3) add     s1, a2, a1
core   0: 3 0x8000943a (0x00b604b3) x 9 0xfd49aa7c
core   0: 0x8000943e (0x02590cb3) mul     s9, s2, t0
core   0: 3 0x8000943e (0x02590cb3) x25 0x17c40000
core   0: 0x80009442 (0x03d3c5b3) div     a1, t2, t4
core   0: 3 0x80009442 (0x03d3c5b3) x11 0x00000003
core   0: 0x80009446 (0x000063e5) c.lui   t2, 0x19
core   0: 3 0x80009446 (0x63e5) x 7 0x00019000
core   0: 0x80009448 (0x02a86cb3) rem     s9, a6, a0
core   0: 3 0x80009448 (0x02a86cb3) x25 0x6eb4a402
core   0: 0x8000944c (0x00008265) c.srli  a2, 25
core   0: 3 0x8000944c (0x8265) x12 0x0000007e
core   0: 0x8000944e (0x03b4e5b3) rem     a1, s1, s11
core   0: 3 0x8000944e (0x03b4e5b3) x11 0xfd49aa7c
core   0: 0x80009452 (0x00000001) c.nop
core   0: 3 0x80009452 (0x0001)
core   0: 0x80009454 (0xe9e3a413) slti    s0, t2, -354
core   0: 3 0x80009454 (0xe9e3a413) x 8 0x00000000
core   0: 0x80009458 (0x0000949e) c.add   s1, t2
core   0: 3 0x80009458 (0x949e) x 9 0xfd4b3a7c
core   0: 0x8000945a (0xf496f013) andi    zero, a3, -183
core   0: 3 0x8000945a (0xf496f013)
core   0: 0x8000945e (0x000081a6) c.mv    gp, s1
core   0: 3 0x8000945e (0x81a6) x 3 0xfd4b3a7c
core   0: 0x80009460 (0x013cd4b3) srl     s1, s9, s3
core   0: 3 0x80009460 (0x013cd4b3) x 9 0x00000001
core   0: 0x80009464 (0x000088e1) c.andi  s1, 24
core   0: 3 0x80009464 (0x88e1) x 9 0x00000000
core   0: 0x80009466 (0x01add513) srli    a0, s11, 26
core   0: 3 0x80009466 (0x01add513) x10 0x00000020
core   0: 0x8000946a (0x007866b3) or      a3, a6, t2
core   0: 3 0x8000946a (0x007866b3) x13 0x6eb5b402
core   0: 0x8000946e (0x00009552) c.add   a0, s4
core   0: 3 0x8000946e (0x9552) x10 0x00000020
core   0: 0x80009470 (0x00000001) c.nop
core   0: 3 0x80009470 (0x0001)
core   0: 0x80009472 (0x00cc8333) add     t1, s9, a2
core   0: 3 0x80009472 (0x00cc8333) x 6 0x6eb4a480
core   0: 0x80009476 (0x003067b3) or      a5, zero, gp
core   0: 3 0x80009476 (0x003067b3) x15 0xfd4b3a7c
core   0: 0x8000947a (0x00008e2d) c.xor   a2, a1
core   0: 3 0x8000947a (0x8e2d) x12 0xfd49aa02
core   0: 0x8000947c (0x00000001) c.nop
core   0: 3 0x8000947c (0x0001)
core   0: 0x8000947e (0x000099ee) c.add   s3, s11
core   0: 3 0x8000947e (0x99ee) x19 0xfd4890fe
core   0: 0x80009480 (0x4022dab3) sra     s5, t0, sp
core   0: 3 0x80009480 (0x4022dab3) x21 0x00003a00
core   0: 0x80009484 (0x00008ec1) c.or    a3, s0
core   0: 3 0x80009484 (0x8ec1) x13 0x6eb5b402
core   0: 0x80009486 (0x41c75633) sra     a2, a4, t3
core   0: 3 0x80009486 (0x41c75633) x12 0xf8000fe6
core   0: 0x8000948a (0x01bc1c33) sll     s8, s8, s11
core   0: 3 0x8000948a (0x01bc1c33) x24 0x2c000000
core   0: 0x8000948e (0x024c2bb3) mulhsu  s7, s8, tp
core   0: 3 0x8000948e (0x024c2bb3) x23 0x0000005d
core   0: 0x80009492 (0x0000987d) c.andi  s0, -1
core   0: 3 0x80009492 (0x987d) x 8 0x00000000
core   0: 0x80009494 (0x5f67b313) sltiu   t1, a5, 1526
core   0: 3 0x80009494 (0x5f67b313) x 6 0x00000000
core   0: 0x80009498 (0x679af693) andi    a3, s5, 1657
core   0: 3 0x80009498 (0x679af693) x13 0x00000200
core   0: 0x8000949c (0x00000001) c.nop
core   0: 3 0x8000949c (0x0001)
core   0: 0x8000949e (0x02304cb3) div     s9, zero, gp
core   0: 3 0x8000949e (0x02304cb3) x25 0x00000000
core   0: 0x800094a2 (0x4ee30fb7) lui     t6, 0x4ee30
core   0: 3 0x800094a2 (0x4ee30fb7) x31 0x4ee30000
core   0: 0x800094a6 (0x00008ea5) c.xor   a3, s1
core   0: 3 0x800094a6 (0x8ea5) x13 0x00000200
core   0: 0x800094a8 (0x000064dd) c.lui   s1, 0x17
core   0: 3 0x800094a8 (0x64dd) x 9 0x00017000
core   0: 0x800094aa (0x00000c76) c.slli  s8, 29
core   0: 3 0x800094aa (0x0c76) x24 0x00000000
core   0: 0x800094ac (0x00008a26) c.mv    s4, s1
core   0: 3 0x800094ac (0x8a26) x20 0x00017000
core   0: 0x800094ae (0x0136ba33) sltu    s4, a3, s3
core   0: 3 0x800094ae (0x0136ba33) x20 0x00000001
core   0: 0x800094b2 (0x00008fa5) c.xor   a5, s1
core   0: 3 0x800094b2 (0x8fa5) x15 0xfd4a4a7c
core   0: 0x800094b4 (0x00009786) c.add   a5, ra
core   0: 3 0x800094b4 (0x9786) x15 0xfd4a4a7c
core   0: 0x800094b6 (0x00245293) srli    t0, s0, 2
core   0: 3 0x800094b6 (0x00245293) x 5 0x00000000
core   0: 0x800094ba (0x000080b5) c.srli  s1, 13
core   0: 3 0x800094ba (0x80b5) x 9 0x0000000b
core   0: 0x800094bc (0x00009fce) c.add   t6, s3
core   0: 3 0x800094bc (0x9fce) x31 0x4c2b90fe
core   0: 0x800094be (0xd7dce493) ori     s1, s9, -643
core   0: 3 0x800094be (0xd7dce493) x 9 0xfffffd7d
core   0: 0x800094c2 (0x00008f85) c.sub   a5, s1
core   0: 3 0x800094c2 (0x8f85) x15 0xfd4a4cff
core   0: 0x800094c4 (0x010d6633) or      a2, s10, a6
core   0: 3 0x800094c4 (0x010d6633) x12 0x6eb7bca2
core   0: 0x800094c8 (0x00008165) c.srli  a0, 25
core   0: 3 0x800094c8 (0x8165) x10 0x00000000
core   0: 0x800094ca (0x00bed033) srl     zero, t4, a1
core   0: 3 0x800094ca (0x00bed033)
core   0: 0x800094ce (0x023f68b3) rem     a7, t5, gp
core   0: 3 0x800094ce (0x023f68b3) x17 0x0297e050
core   0: 0x800094d2 (0x02b09533) mulh    a0, ra, a1
core   0: 3 0x800094d2 (0x02b09533) x10 0x00000000
core   0: 0x800094d6 (0x000006e6) c.slli  a3, 25
core   0: 3 0x800094d6 (0x06e6) x13 0x00000000
core   0: 0x800094d8 (0xfff00093) li      ra, -1
core   0: 3 0x800094d8 (0xfff00093) x 1 0xffffffff
core   0: 0x800094dc (0x6a49b2b7) lui     t0, 0x6a49b
core   0: 3 0x800094dc (0x6a49b2b7) x 5 0x6a49b000
core   0: 0x800094e0 (0xf1928293) addi    t0, t0, -231
core   0: 3 0x800094e0 (0xf1928293) x 5 0x6a49af19
core   0: 0x800094e4 (0x14451a37) lui     s4, 0x14451
core   0: 3 0x800094e4 (0x14451a37) x20 0x14451000
core   0: 0x800094e8 (0xb22a0a13) addi    s4, s4, -1246
core   0: 3 0x800094e8 (0xb22a0a13) x20 0x14450b22
core   0: 0x800094ec (0xfff00c93) li      s9, -1
core   0: 3 0x800094ec (0xfff00c93) x25 0xffffffff
core   0: 0x800094f0 (0x2db88eb7) lui     t4, 0x2db88
core   0: 3 0x800094f0 (0x2db88eb7) x29 0x2db88000
core   0: 0x800094f4 (0x80ee8e93) addi    t4, t4, -2034
core   0: 3 0x800094f4 (0x80ee8e93) x29 0x2db8780e
core   0: 0x800094f8 (0x800001b7) lui     gp, 0x80000
core   0: 3 0x800094f8 (0x800001b7) x 3 0x80000000
core   0: 0x800094fc (0xfff00593) li      a1, -1
core   0: 3 0x800094fc (0xfff00593) x11 0xffffffff
core   0: 0x80009500 (0x80000f37) lui     t5, 0x80000
core   0: 3 0x80009500 (0x80000f37) x30 0x80000000
core   0: 0x80009504 (0x80000937) lui     s2, 0x80000
core   0: 3 0x80009504 (0x80000937) x18 0x80000000
core   0: 0x80009508 (0x800006b7) lui     a3, 0x80000
core   0: 3 0x80009508 (0x800006b7) x13 0x80000000
core   0: 0x8000950c (0x0325d933) divu    s2, a1, s2
core   0: 3 0x8000950c (0x0325d933) x18 0x00000001
core   0: 0x80009510 (0x0342df33) divu    t5, t0, s4
core   0: 3 0x80009510 (0x0342df33) x30 0x00000005
core   0: 0x80009514 (0x0321d2b3) divu    t0, gp, s2
core   0: 3 0x80009514 (0x0321d2b3) x 5 0x80000000
core   0: 0x80009518 (0x0342ea33) rem     s4, t0, s4
core   0: 3 0x80009518 (0x0342ea33) x20 0xf99e42cc
core   0: 0x8000951c (0xa19382b7) lui     t0, 0xa1938
core   0: 3 0x8000951c (0xa19382b7) x 5 0xa1938000
core   0: 0x80009520 (0x0235b6b3) mulhu   a3, a1, gp
core   0: 3 0x80009520 (0x0235b6b3) x13 0x7fffffff
core   0: 0x80009524 (0x00000001) c.nop
core   0: 3 0x80009524 (0x0001)
core   0: 0x80009526 (0xf1a196b7) lui     a3, 0xf1a19
core   0: 3 0x80009526 (0xf1a196b7) x13 0xf1a19000
core   0: 0x8000952a (0x023a3f33) mulhu   t5, s4, gp
core   0: 3 0x8000952a (0x023a3f33) x30 0x7ccf2166
core   0: 0x8000952e (0x03d1df33) divu    t5, gp, t4
core   0: 3 0x8000952e (0x03d1df33) x30 0x00000002
core   0: 0x80009532 (0x02b0aeb3) mulhsu  t4, ra, a1
core   0: 3 0x80009532 (0x02b0aeb3) x29 0xffffffff
core   0: 0x80009536 (0x03995933) divu    s2, s2, s9
core   0: 3 0x80009536 (0x03995933) x18 0x00000000
core   0: 0x8000953a (0x021976b3) remu    a3, s2, ra
core   0: 3 0x8000953a (0x021976b3) x13 0x00000000
core   0: 0x8000953e (0x0255a933) mulhsu  s2, a1, t0
core   0: 3 0x8000953e (0x0255a933) x18 0xffffffff
core   0: 0x80009542 (0x419581b3) sub     gp, a1, s9
core   0: 3 0x80009542 (0x419581b3) x 3 0x00000000
core   0: 0x80009546 (0x02bc96b3) mulh    a3, s9, a1
core   0: 3 0x80009546 (0x02bc96b3) x13 0x00000000
core   0: 0x8000954a (0x02bc95b3) mulh    a1, s9, a1
core   0: 3 0x8000954a (0x02bc95b3) x11 0x00000000
core   0: 0x8000954e (0x0345b933) mulhu   s2, a1, s4
core   0: 3 0x8000954e (0x0345b933) x18 0x00000000
core   0: 0x80009552 (0x03d1fa33) remu    s4, gp, t4
core   0: 3 0x80009552 (0x03d1fa33) x20 0x00000000
core   0: 0x80009556 (0x019a05b3) add     a1, s4, s9
core   0: 3 0x80009556 (0x019a05b3) x11 0xffffffff
core   0: 0x8000955a (0x00000001) c.nop
core   0: 3 0x8000955a (0x0001)
core   0: 0x8000955c (0x034a46b3) div     a3, s4, s4
core   0: 3 0x8000955c (0x034a46b3) x13 0xffffffff
core   0: 0x80009560 (0x02d29933) mulh    s2, t0, a3
core   0: 3 0x80009560 (0x02d29933) x18 0x00000000
core   0: 0x80009564 (0x023a2eb3) mulhsu  t4, s4, gp
core   0: 3 0x80009564 (0x023a2eb3) x29 0x00000000
core   0: 0x80009568 (0x023a2f33) mulhsu  t5, s4, gp
core   0: 3 0x80009568 (0x023a2f33) x30 0x00000000
core   0: 0x8000956c (0x019a0f33) add     t5, s4, s9
core   0: 3 0x8000956c (0x019a0f33) x30 0xffffffff
core   0: 0x80009570 (0x03da16b3) mulh    a3, s4, t4
core   0: 3 0x80009570 (0x03da16b3) x13 0x00000000
core   0: 0x80009574 (0x1f168693) addi    a3, a3, 497
core   0: 3 0x80009574 (0x1f168693) x13 0x000001f1
core   0: 0x80009578 (0x0bee3597) auipc   a1, 0xbee3
core   0: 3 0x80009578 (0x0bee3597) x11 0x8beec578
core   0: 0x8000957c (0x025f1eb3) mulh    t4, t5, t0
core   0: 3 0x8000957c (0x025f1eb3) x29 0x00000000
core   0: 0x80009580 (0x00074833) xor     a6, a4, zero
core   0: 3 0x80009580 (0x00074833) x16 0x8000fe64
core   0: 0x80009584 (0x00008c7d) c.and   s0, a5
core   0: 3 0x80009584 (0x8c7d) x 8 0x00000000
core   0: 0x80009586 (0xf3623fb7) lui     t6, 0xf3623
core   0: 3 0x80009586 (0xf3623fb7) x31 0xf3623000
core   0: 0x8000958a (0x00262cb3) slt     s9, a2, sp
core   0: 3 0x8000958a (0x00262cb3) x25 0x00000000
core   0: 0x8000958e (0x01f5b3b3) sltu    t2, a1, t6
core   0: 3 0x8000958e (0x01f5b3b3) x 7 0x00000001
core   0: 0x80009592 (0x0057cab3) xor     s5, a5, t0
core   0: 3 0x80009592 (0x0057cab3) x21 0x5cd9ccff
core   0: 0x80009596 (0x03a21b33) mulh    s6, tp, s10
core   0: 3 0x80009596 (0x03a21b33) x22 0x00000000
core   0: 0x8000959a (0xa50a8b93) addi    s7, s5, -1456
core   0: 3 0x8000959a (0xa50a8b93) x23 0x5cd9c74f
core   0: 0x8000959e (0x000082d9) c.srli  a3, 22
core   0: 3 0x8000959e (0x82d9) x13 0x00000000
core   0: 0x800095a0 (0x00006d1d) c.lui   s10, 0x7
core   0: 3 0x800095a0 (0x6d1d) x26 0x00007000
core   0: 0x800095a2 (0x00008e61) c.and   a2, s0
core   0: 3 0x800095a2 (0x8e61) x12 0x00000000
core   0: 0x800095a4 (0x014bb833) sltu    a6, s7, s4
core   0: 3 0x800095a4 (0x014bb833) x16 0x00000000
core   0: 0x800095a8 (0x00ffd8b3) srl     a7, t6, a5
core   0: 3 0x800095a8 (0x00ffd8b3) x17 0x00000001
core   0: 0x800095ac (0x01a55cb3) srl     s9, a0, s10
core   0: 3 0x800095ac (0x01a55cb3) x25 0x00000000
core   0: 0x800095b0 (0x68a52597) auipc   a1, 0x68a52
core   0: 3 0x800095b0 (0x68a52597) x11 0xe8a5b5b0
core   0: 0x800095b4 (0x4145d393) srai    t2, a1, 20
core   0: 3 0x800095b4 (0x4145d393) x 7 0xfffffe8a
core   0: 0x800095b8 (0x28598613) addi    a2, s3, 645
core   0: 3 0x800095b8 (0x28598613) x12 0xfd489383
core   0: 0x800095bc (0x026b9b33) mulh    s6, s7, t1
core   0: 3 0x800095bc (0x026b9b33) x22 0x00000000
core   0: 0x800095c0 (0x03770d33) mul     s10, a4, s7
core   0: 3 0x800095c0 (0x03770d33) x26 0xd8d23cdc
core   0: 0x800095c4 (0x13f2bb93) sltiu   s7, t0, 319
core   0: 3 0x800095c4 (0x13f2bb93) x23 0x00000000
core   0: 0x800095c8 (0x0084aab3) slt     s5, s1, s0
core   0: 3 0x800095c8 (0x0084aab3) x21 0x00000001
core   0: 0x800095cc (0x0000999e) c.add   s3, t2
core   0: 3 0x800095cc (0x999e) x19 0xfd488f88
core   0: 0x800095ce (0x0000997d) c.andi  a0, -1
core   0: 3 0x800095ce (0x997d) x10 0x00000000
core   0: 0x800095d0 (0x05cd3013) sltiu   zero, s10, 92
core   0: 3 0x800095d0 (0x05cd3013)
core   0: 0x800095d4 (0x03ce2a33) mulhsu  s4, t3, t3
core   0: 3 0x800095d4 (0x03ce2a33) x20 0xc0000001
core   0: 0x800095d8 (0x00008e15) c.sub   a2, a3
core   0: 3 0x800095d8 (0x8e15) x12 0xfd489383
core   0: 0x800095da (0x41b85013) srai    zero, a6, 27
core   0: 3 0x800095da (0x41b85013)
core   0: 0x800095de (0x02c65333) divu    t1, a2, a2
core   0: 3 0x800095de (0x02c65333) x 6 0x00000001
core   0: 0x800095e2 (0xe3db4793) xori    a5, s6, -451
core   0: 3 0x800095e2 (0xe3db4793) x15 0xfffffe3d
core   0: 0x800095e6 (0x00009896) c.add   a7, t0
core   0: 3 0x800095e6 (0x9896) x17 0xa1938001
core   0: 0x800095e8 (0x01839a93) slli    s5, t2, 24
core   0: 3 0x800095e8 (0x01839a93) x21 0x8a000000
core   0: 0x800095ec (0x00000b7a) c.slli  s6, 30
core   0: 3 0x800095ec (0x0b7a) x22 0x00000000
core   0: 0x800095ee (0x3325e393) ori     t2, a1, 818
core   0: 3 0x800095ee (0x3325e393) x 7 0xe8a5b7b2
core   0: 0x800095f2 (0x0051ea33) or      s4, gp, t0
core   0: 3 0x800095f2 (0x0051ea33) x20 0xa1938000
core   0: 0x800095f6 (0x00310fb3) add     t6, sp, gp
core   0: 3 0x800095f6 (0x00310fb3) x31 0x80013ce4
core   0: 0x800095fa (0x401d5513) srai    a0, s10, 1
core   0: 3 0x800095fa (0x401d5513) x10 0xec691e6e
core   0: 0x800095fe (0x00000001) c.nop
core   0: 3 0x800095fe (0x0001)
core   0: 0x80009600 (0x00008fad) c.xor   a5, a1
core   0: 3 0x80009600 (0x8fad) x15 0x175a4b8d
core   0: 0x80009602 (0x00000001) c.nop
core   0: 3 0x80009602 (0x0001)
core   0: 0x80009604 (0x81d03c37) lui     s8, 0x81d03
core   0: 3 0x80009604 (0x81d03c37) x24 0x81d03000
core   0: 0x80009608 (0x00000001) c.nop
core   0: 3 0x80009608 (0x0001)
core   0: 0x8000960a (0xf04b4893) xori    a7, s6, -252
core   0: 3 0x8000960a (0xf04b4893) x17 0xffffff04
core   0: 0x8000960e (0x0067ef33) or      t5, a5, t1
core   0: 3 0x8000960e (0x0067ef33) x30 0x175a4b8d
core   0: 0x80009612 (0x42a06593) ori     a1, zero, 1066
core   0: 3 0x80009612 (0x42a06593) x11 0x0000042a
core   0: 0x80009616 (0x000008f2) c.slli  a7, 28
core   0: 3 0x80009616 (0x08f2) x17 0x40000000
core   0: 0x80009618 (0x0388b3b3) mulhu   t2, a7, s8
core   0: 3 0x80009618 (0x0388b3b3) x 7 0x20740c00
core   0: 0x8000961c (0xfb340797) auipc   a5, 0xfb340
core   0: 3 0x8000961c (0xfb340797) x15 0x7b34961c
core   0: 0x80009620 (0x00008edd) c.or    a3, a5
core   0: 3 0x80009620 (0x8edd) x13 0x7b34961c
core   0: 0x80009622 (0x0000547d) c.li    s0, -1
core   0: 3 0x80009622 (0x547d) x 8 0xffffffff
core   0: 0x80009624 (0x039e4c33) div     s8, t3, s9
core   0: 3 0x80009624 (0x039e4c33) x24 0xffffffff
core   0: 0x80009628 (0x00000001) c.nop
core   0: 3 0x80009628 (0x0001)
core   0: 0x8000962a (0x00008c79) c.and   s0, a4
core   0: 3 0x8000962a (0x8c79) x 8 0x8000fe64
core   0: 0x8000962c (0x00000001) c.nop
core   0: 3 0x8000962c (0x0001)
core   0: 0x8000962e (0x00006cd5) c.lui   s9, 0x15
core   0: 3 0x8000962e (0x6cd5) x25 0x00015000
core   0: 0x80009630 (0x01611ab3) sll     s5, sp, s6
core   0: 3 0x80009630 (0x01611ab3) x21 0x80013ce4
core   0: 0x80009634 (0x035216b3) mulh    a3, tp, s5
core   0: 3 0x80009634 (0x035216b3) x13 0xfffffef1
core   0: 0x80009638 (0x00008fb5) c.xor   a5, a3
core   0: 3 0x80009638 (0x8fb5) x15 0x84cb68ed
core   0: 0x8000963a (0x00000001) c.nop
core   0: 3 0x8000963a (0x0001)
core   0: 0x8000963c (0x4035d213) srai    tp, a1, 3
core   0: 3 0x8000963c (0x4035d213) x 4 0x00000085
core   0: 0x80009640 (0x000048f1) c.li    a7, 28
core   0: 3 0x80009640 (0x48f1) x17 0x0000001c
core   0: 0x80009642 (0x0000026a) c.slli  tp, 26
core   0: 3 0x80009642 (0x026a) x 4 0x14000000
core   0: 0x80009644 (0x00000001) c.nop
core   0: 3 0x80009644 (0x0001)
core   0: 0x80009646 (0xa5582f93) slti    t6, a6, -1451
core   0: 3 0x80009646 (0xa5582f93) x31 0x00000000
core   0: 0x8000964a (0x40ee5593) srai    a1, t3, 14
core   0: 3 0x8000964a (0x40ee5593) x11 0xfffe0004
core   0: 0x8000964e (0x00008c5d) c.or    s0, a5
core   0: 3 0x8000964e (0x8c5d) x 8 0x84cbfeed
core   0: 0x80009650 (0x00008da5) c.xor   a1, s1
core   0: 3 0x80009650 (0x8da5) x11 0x0001fd79
core   0: 0x80009652 (0xba1e8197) auipc   gp, 0xba1e8
core   0: 3 0x80009652 (0xba1e8197) x 3 0x3a1f1652
core   0: 0x80009656 (0x56f36693) ori     a3, t1, 1391
core   0: 3 0x80009656 (0x56f36693) x13 0x0000056f
core   0: 0x8000965a (0x0064b1b3) sltu    gp, s1, t1
core   0: 3 0x8000965a (0x0064b1b3) x 3 0x00000000
core   0: 0x8000965e (0x01e74933) xor     s2, a4, t5
core   0: 3 0x8000965e (0x01e74933) x18 0x975ab5e9
core   0: 0x80009662 (0x038bdab3) divu    s5, s7, s8
core   0: 3 0x80009662 (0x038bdab3) x21 0x00000000
core   0: 0x80009666 (0x0148ccb3) xor     s9, a7, s4
core   0: 3 0x80009666 (0x0148ccb3) x25 0xa193801c
core   0: 0x8000966a (0x407c5d33) sra     s10, s8, t2
core   0: 3 0x8000966a (0x407c5d33) x26 0xffffffff
core   0: 0x8000966e (0x408fd513) srai    a0, t6, 8
core   0: 3 0x8000966e (0x408fd513) x10 0x00000000
core   0: 0x80009672 (0x40e7db13) srai    s6, a5, 14
core   0: 3 0x80009672 (0x40e7db13) x22 0xfffe132d
core   0: 0x80009676 (0xdd8733b7) lui     t2, 0xdd873
core   0: 3 0x80009676 (0xdd8733b7) x 7 0xdd873000
core   0: 0x8000967a (0x02a05fb3) divu    t6, zero, a0
core   0: 3 0x8000967a (0x02a05fb3) x31 0xffffffff
core   0: 0x8000967e (0x705cca97) auipc   s5, 0x705cc
core   0: 3 0x8000967e (0x705cca97) x21 0xf05d567e
core   0: 0x80009682 (0x55c66893) ori     a7, a2, 1372
core   0: 3 0x80009682 (0x55c66893) x17 0xfd4897df
core   0: 0x80009686 (0x00006b55) c.lui   s6, 0x15
core   0: 3 0x80009686 (0x6b55) x22 0x00015000
core   0: 0x80009688 (0x000082a1) c.srli  a3, 8
core   0: 3 0x80009688 (0x82a1) x13 0x00000005
core   0: 0x8000968a (0x7465b013) sltiu   zero, a1, 1862
core   0: 3 0x8000968a (0x7465b013)
core   0: 0x8000968e (0x01445b13) srli    s6, s0, 20
core   0: 3 0x8000968e (0x01445b13) x22 0x0000084c
core   0: 0x80009692 (0x025016b3) mulh    a3, zero, t0
core   0: 3 0x80009692 (0x025016b3) x13 0x00000000
core   0: 0x80009696 (0x00008b3e) c.mv    s6, a5
core   0: 3 0x80009696 (0x8b3e) x22 0x84cb68ed
core   0: 0x80009698 (0x000098ae) c.add   a7, a1
core   0: 3 0x80009698 (0x98ae) x17 0xfd4a9558
core   0: 0x8000969a (0x41d5dbb3) sra     s7, a1, t4
core   0: 3 0x8000969a (0x41d5dbb3) x23 0x0001fd79
core   0: 0x8000969e (0x0034b4b3) sltu    s1, s1, gp
core   0: 3 0x8000969e (0x0034b4b3) x 9 0x00000000
core   0: 0x800096a2 (0x40a3dab3) sra     s5, t2, a0
core   0: 3 0x800096a2 (0x40a3dab3) x21 0xdd873000
core   0: 0x800096a6 (0xa6117993) andi    s3, sp, -1439
core   0: 3 0x800096a6 (0xa6117993) x19 0x80013860
core   0: 0x800096aa (0x41b68fb3) sub     t6, a3, s11
core   0: 3 0x800096aa (0x41b68fb3) x31 0x80000000
core   0: 0x800096ae (0x023b8993) addi    s3, s7, 35
core   0: 3 0x800096ae (0x023b8993) x19 0x0001fd9c
core   0: 0x800096b2 (0x018600b3) add     ra, a2, s8
core   0: 3 0x800096b2 (0x018600b3) x 1 0xfd489382
core   0: 0x800096b6 (0x0272ff33) remu    t5, t0, t2
core   0: 3 0x800096b6 (0x0272ff33) x30 0xa1938000
core   0: 0x800096ba (0x034826b3) mulhsu  a3, a6, s4
core   0: 3 0x800096ba (0x034826b3) x13 0x00000000
core   0: 0x800096be (0x00008c35) c.xor   s0, a3
core   0: 3 0x800096be (0x8c35) x 8 0x84cbfeed
core   0: 0x800096c0 (0x00008085) c.srli  s1, 1
core   0: 3 0x800096c0 (0x8085) x 9 0x00000000
core   0: 0x800096c2 (0x0312e9b3) rem     s3, t0, a7
core   0: 3 0x800096c2 (0x0312e9b3) x19 0xfdabaa50
core   0: 0x800096c6 (0x03e8ca33) div     s4, a7, t5
core   0: 3 0x800096c6 (0x03e8ca33) x20 0x00000000
core   0: 0x800096ca (0x03b791b3) mulh    gp, a5, s11
core   0: 3 0x800096ca (0x03b791b3) x 3 0x3d9a4b89
core   0: 0x800096ce (0x00c2cd33) xor     s10, t0, a2
core   0: 3 0x800096ce (0x00c2cd33) x26 0x5cdb1383
core   0: 0x800096d2 (0x1c808b13) addi    s6, ra, 456
core   0: 3 0x800096d2 (0x1c808b13) x22 0xfd48954a
core   0: 0x800096d6 (0x8f2e8c13) addi    s8, t4, -1806
core   0: 3 0x800096d6 (0x8f2e8c13) x24 0xfffff8f2
core   0: 0x800096da (0x00008c29) c.xor   s0, a0
core   0: 3 0x800096da (0x8c29) x 8 0x84cbfeed
core   0: 0x800096dc (0x00008f85) c.sub   a5, s1
core   0: 3 0x800096dc (0x8f85) x15 0x84cb68ed
core   0: 0x800096de (0x65b6b493) sltiu   s1, a3, 1627
core   0: 3 0x800096de (0x65b6b493) x 9 0x00000001
core   0: 0x800096e2 (0x02a0c6b3) div     a3, ra, a0
core   0: 3 0x800096e2 (0x02a0c6b3) x13 0xffffffff
core   0: 0x800096e6 (0x0214c533) div     a0, s1, ra
core   0: 3 0x800096e6 (0x0214c533) x10 0x00000000
core   0: 0x800096ea (0x3c12b937) lui     s2, 0x3c12b
core   0: 3 0x800096ea (0x3c12b937) x18 0x3c12b000
core   0: 0x800096ee (0x00000d97) auipc   s11, 0x0
core   0: 3 0x800096ee (0x00000d97) x27 0x800096ee
core   0: 0x800096f2 (0x00cd8d93) addi    s11, s11, 12
core   0: 3 0x800096f2 (0x00cd8d93) x27 0x800096fa
core   0: 0x800096f6 (0x000d8067) jr      s11
core   0: 3 0x800096f6 (0x000d8067)
core   0: 0x800096fa (0x00004185) c.li    gp, 1
core   0: 3 0x800096fa (0x4185) x 3 0x00000001
core   0: 0x800096fc (0x00000073) ecall
core   0: exception trap_machine_ecall, epc 0x800096fc
core   0: >>>>  mtvec_handler
core   0: 0x80009ff0 (0x0400006f) j       pc + 0x40
core   0: 3 0x80009ff0 (0x0400006f)
core   0: 0x8000a030 (0x00001171) c.addi  sp, -4
core   0: 3 0x8000a030 (0x1171) x 2 0x80013ce0
core   0: 0x8000a032 (0x0000c03a) c.swsp  a4, 0(sp)
core   0: 3 0x8000a032 (0xc03a) mem 0x80013ce0 0x8000fe64
core   0: 0x8000a034 (0x00010733) add     a4, sp, zero
core   0: 3 0x8000a034 (0x00010733) x14 0x80013ce0
core   0: 0x8000a038 (0xf8070713) addi    a4, a4, -128
core   0: 3 0x8000a038 (0xf8070713) x14 0x80013c60
core   0: 0x8000a03c (0x00172223) sw      ra, 4(a4)
core   0: 3 0x8000a03c (0x00172223) mem 0x80013c64 0xfd489382
core   0: 0x8000a040 (0x00272423) sw      sp, 8(a4)
core   0: 3 0x8000a040 (0x00272423) mem 0x80013c68 0x80013ce0
core   0: 0x8000a044 (0x00372623) sw      gp, 12(a4)
core   0: 3 0x8000a044 (0x00372623) mem 0x80013c6c 0x00000001
core   0: 0x8000a048 (0x00472823) sw      tp, 16(a4)
core   0: 3 0x8000a048 (0x00472823) mem 0x80013c70 0x14000000
core   0: 0x8000a04c (0x00572a23) sw      t0, 20(a4)
core   0: 3 0x8000a04c (0x00572a23) mem 0x80013c74 0xa1938000
core   0: 0x8000a050 (0x00672c23) sw      t1, 24(a4)
core   0: 3 0x8000a050 (0x00672c23) mem 0x80013c78 0x00000001
core   0: 0x8000a054 (0x00772e23) sw      t2, 28(a4)
core   0: 3 0x8000a054 (0x00772e23) mem 0x80013c7c 0xdd873000
core   0: 0x8000a058 (0x0000d300) c.sw    s0, 32(a4)
core   0: 3 0x8000a058 (0xd300) mem 0x80013c80 0x84cbfeed
core   0: 0x8000a05a (0x0000d344) c.sw    s1, 36(a4)
core   0: 3 0x8000a05a (0xd344) mem 0x80013c84 0x00000001
core   0: 0x8000a05c (0x0000d708) c.sw    a0, 40(a4)
core   0: 3 0x8000a05c (0xd708) mem 0x80013c88 0x00000000
core   0: 0x8000a05e (0x0000d74c) c.sw    a1, 44(a4)
core   0: 3 0x8000a05e (0xd74c) mem 0x80013c8c 0x0001fd79
core   0: 0x8000a060 (0x0000db10) c.sw    a2, 48(a4)
core   0: 3 0x8000a060 (0xdb10) mem 0x80013c90 0xfd489383
core   0: 0x8000a062 (0x0000db54) c.sw    a3, 52(a4)
core   0: 3 0x8000a062 (0xdb54) mem 0x80013c94 0xffffffff
core   0: 0x8000a064 (0x0000df18) c.sw    a4, 56(a4)
core   0: 3 0x8000a064 (0xdf18) mem 0x80013c98 0x80013c60
core   0: 0x8000a066 (0x0000df5c) c.sw    a5, 60(a4)
core   0: 3 0x8000a066 (0xdf5c) mem 0x80013c9c 0x84cb68ed
core   0: 0x8000a068 (0x05072023) sw      a6, 64(a4)
core   0: 3 0x8000a068 (0x05072023) mem 0x80013ca0 0x00000000
core   0: 0x8000a06c (0x05172223) sw      a7, 68(a4)
core   0: 3 0x8000a06c (0x05172223) mem 0x80013ca4 0xfd4a9558
core   0: 0x8000a070 (0x05272423) sw      s2, 72(a4)
core   0: 3 0x8000a070 (0x05272423) mem 0x80013ca8 0x3c12b000
core   0: 0x8000a074 (0x05372623) sw      s3, 76(a4)
core   0: 3 0x8000a074 (0x05372623) mem 0x80013cac 0xfdabaa50
core   0: 0x8000a078 (0x05472823) sw      s4, 80(a4)
core   0: 3 0x8000a078 (0x05472823) mem 0x80013cb0 0x00000000
core   0: 0x8000a07c (0x05572a23) sw      s5, 84(a4)
core   0: 3 0x8000a07c (0x05572a23) mem 0x80013cb4 0xdd873000
core   0: 0x8000a080 (0x05672c23) sw      s6, 88(a4)
core   0: 3 0x8000a080 (0x05672c23) mem 0x80013cb8 0xfd48954a
core   0: 0x8000a084 (0x05772e23) sw      s7, 92(a4)
core   0: 3 0x8000a084 (0x05772e23) mem 0x80013cbc 0x0001fd79
core   0: 0x8000a088 (0x07872023) sw      s8, 96(a4)
core   0: 3 0x8000a088 (0x07872023) mem 0x80013cc0 0xfffff8f2
core   0: 0x8000a08c (0x07972223) sw      s9, 100(a4)
core   0: 3 0x8000a08c (0x07972223) mem 0x80013cc4 0xa193801c
core   0: 0x8000a090 (0x07a72423) sw      s10, 104(a4)
core   0: 3 0x8000a090 (0x07a72423) mem 0x80013cc8 0x5cdb1383
core   0: 0x8000a094 (0x07b72623) sw      s11, 108(a4)
core   0: 3 0x8000a094 (0x07b72623) mem 0x80013ccc 0x800096fa
core   0: 0x8000a098 (0x07c72823) sw      t3, 112(a4)
core   0: 3 0x8000a098 (0x07c72823) mem 0x80013cd0 0x80013ce4
core   0: 0x8000a09c (0x07d72a23) sw      t4, 116(a4)
core   0: 3 0x8000a09c (0x07d72a23) mem 0x80013cd4 0x00000000
core   0: 0x8000a0a0 (0x07e72c23) sw      t5, 120(a4)
core   0: 3 0x8000a0a0 (0x07e72c23) mem 0x80013cd8 0xa1938000
core   0: 0x8000a0a4 (0x07f72e23) sw      t6, 124(a4)
core   0: 3 0x8000a0a4 (0x07f72e23) mem 0x80013cdc 0x80000000
core   0: 0x8000a0a8 (0x00070133) add     sp, a4, zero
core   0: 3 0x8000a0a8 (0x00070133) x 2 0x80013c60
core   0: 0x8000a0ac (0x34102d73) csrr    s10, mepc
core   0: 3 0x8000a0ac (0x34102d73) x26 0x800096fc
core   0: 0x8000a0b0 (0x34202d73) csrr    s10, mcause
core   0: 3 0x8000a0b0 (0x34202d73) x26 0x0000000b
core   0: 0x8000a0b4 (0x00004c8d) c.li    s9, 3
core   0: 3 0x8000a0b4 (0x4c8d) x25 0x00000003
core   0: 0x8000a0b6 (0x279d0263) beq     s10, s9, pc + 612
core   0: 3 0x8000a0b6 (0x279d0263)
core   0: 0x8000a0ba (0x00004ca1) c.li    s9, 8
core   0: 3 0x8000a0ba (0x4ca1) x25 0x00000008
core   0: 0x8000a0bc (0x059d0563) beq     s10, s9, pc + 74
core   0: 3 0x8000a0bc (0x059d0563)
core   0: 0x8000a0c0 (0x00004ca5) c.li    s9, 9
core   0: 3 0x8000a0c0 (0x4ca5) x25 0x00000009
core   0: 0x8000a0c2 (0x059d0263) beq     s10, s9, pc + 68
core   0: 3 0x8000a0c2 (0x059d0263)
core   0: 0x8000a0c6 (0x00004cad) c.li    s9, 11
core   0: 3 0x8000a0c6 (0x4cad) x25 0x0000000b
core   0: 0x8000a0c8 (0x039d0f63) beq     s10, s9, pc + 62
core   0: 3 0x8000a0c8 (0x039d0f63)
core   0: 0x8000a106 (0xffff6d17) auipc   s10, 0xffff6
core   0: 3 0x8000a106 (0xffff6d17) x26 0x80000106
core   0: 0x8000a10a (0xefad0d13) addi    s10, s10, -262
core   0: 3 0x8000a10a (0xefad0d13) x26 0x80000000
core   0: 0x8000a10e (0x000d2023) sw      zero, 0(s10)
core   0: 3 0x8000a10e (0x000d2023) mem 0x80000000 0x00000000
core   0: 0x8000a112 (0x001d2223) sw      ra, 4(s10)
core   0: 3 0x8000a112 (0x001d2223) mem 0x80000004 0xfd489382
core   0: 0x8000a116 (0x002d2423) sw      sp, 8(s10)
core   0: 3 0x8000a116 (0x002d2423) mem 0x80000008 0x80013c60
core   0: 0x8000a11a (0x003d2623) sw      gp, 12(s10)
core   0: 3 0x8000a11a (0x003d2623) mem 0x8000000c 0x00000001
core   0: 0x8000a11e (0x004d2823) sw      tp, 16(s10)
core   0: 3 0x8000a11e (0x004d2823) mem 0x80000010 0x14000000
core   0: 0x8000a122 (0x005d2a23) sw      t0, 20(s10)
core   0: 3 0x8000a122 (0x005d2a23) mem 0x80000014 0xa1938000
core   0: 0x8000a126 (0x006d2c23) sw      t1, 24(s10)
core   0: 3 0x8000a126 (0x006d2c23) mem 0x80000018 0x00000001
core   0: 0x8000a12a (0x007d2e23) sw      t2, 28(s10)
core   0: 3 0x8000a12a (0x007d2e23) mem 0x8000001c 0xdd873000
core   0: 0x8000a12e (0x028d2023) sw      s0, 32(s10)
core   0: 3 0x8000a12e (0x028d2023) mem 0x80000020 0x84cbfeed
core   0: 0x8000a132 (0x029d2223) sw      s1, 36(s10)
core   0: 3 0x8000a132 (0x029d2223) mem 0x80000024 0x00000001
core   0: 0x8000a136 (0x02ad2423) sw      a0, 40(s10)
core   0: 3 0x8000a136 (0x02ad2423) mem 0x80000028 0x00000000
core   0: 0x8000a13a (0x02bd2623) sw      a1, 44(s10)
core   0: 3 0x8000a13a (0x02bd2623) mem 0x8000002c 0x0001fd79
core   0: 0x8000a13e (0x02cd2823) sw      a2, 48(s10)
core   0: 3 0x8000a13e (0x02cd2823) mem 0x80000030 0xfd489383
core   0: 0x8000a142 (0x02dd2a23) sw      a3, 52(s10)
core   0: 3 0x8000a142 (0x02dd2a23) mem 0x80000034 0xffffffff
core   0: 0x8000a146 (0x02ed2c23) sw      a4, 56(s10)
core   0: 3 0x8000a146 (0x02ed2c23) mem 0x80000038 0x80013c60
core   0: 0x8000a14a (0x02fd2e23) sw      a5, 60(s10)
core   0: 3 0x8000a14a (0x02fd2e23) mem 0x8000003c 0x84cb68ed
core   0: 0x8000a14e (0x050d2023) sw      a6, 64(s10)
core   0: 3 0x8000a14e (0x050d2023) mem 0x80000040 0x00000000
core   0: 0x8000a152 (0x051d2223) sw      a7, 68(s10)
core   0: 3 0x8000a152 (0x051d2223) mem 0x80000044 0xfd4a9558
core   0: 0x8000a156 (0x052d2423) sw      s2, 72(s10)
core   0: 3 0x8000a156 (0x052d2423) mem 0x80000048 0x3c12b000
core   0: 0x8000a15a (0x053d2623) sw      s3, 76(s10)
core   0: 3 0x8000a15a (0x053d2623) mem 0x8000004c 0xfdabaa50
core   0: 0x8000a15e (0x054d2823) sw      s4, 80(s10)
core   0: 3 0x8000a15e (0x054d2823) mem 0x80000050 0x00000000
core   0: 0x8000a162 (0x055d2a23) sw      s5, 84(s10)
core   0: 3 0x8000a162 (0x055d2a23) mem 0x80000054 0xdd873000
core   0: 0x8000a166 (0x056d2c23) sw      s6, 88(s10)
core   0: 3 0x8000a166 (0x056d2c23) mem 0x80000058 0xfd48954a
core   0: 0x8000a16a (0x057d2e23) sw      s7, 92(s10)
core   0: 3 0x8000a16a (0x057d2e23) mem 0x8000005c 0x0001fd79
core   0: 0x8000a16e (0x078d2023) sw      s8, 96(s10)
core   0: 3 0x8000a16e (0x078d2023) mem 0x80000060 0xfffff8f2
core   0: 0x8000a172 (0x079d2223) sw      s9, 100(s10)
core   0: 3 0x8000a172 (0x079d2223) mem 0x80000064 0x0000000b
core   0: 0x8000a176 (0x07ad2423) sw      s10, 104(s10)
core   0: 3 0x8000a176 (0x07ad2423) mem 0x80000068 0x80000000
core   0: 0x8000a17a (0x07bd2623) sw      s11, 108(s10)
core   0: 3 0x8000a17a (0x07bd2623) mem 0x8000006c 0x800096fa
core   0: 0x8000a17e (0x07cd2823) sw      t3, 112(s10)
core   0: 3 0x8000a17e (0x07cd2823) mem 0x80000070 0x80013ce4
core   0: 0x8000a182 (0x07dd2a23) sw      t4, 116(s10)
core   0: 3 0x8000a182 (0x07dd2a23) mem 0x80000074 0x00000000
core   0: 0x8000a186 (0x07ed2c23) sw      t5, 120(s10)
core   0: 3 0x8000a186 (0x07ed2c23) mem 0x80000078 0xa1938000
core   0: 0x8000a18a (0x07fd2e23) sw      t6, 124(s10)
core   0: 3 0x8000a18a (0x07fd2e23) mem 0x8000007c 0x80000000
core   0: 0x8000a18e (0xfffffd97) auipc   s11, 0xfffff
core   0: 3 0x8000a18e (0xfffffd97) x27 0x8000918e
core   0: 0x8000a192 (0x572d8d93) addi    s11, s11, 1394
core   0: 3 0x8000a192 (0x572d8d93) x27 0x80009700
core   0: 0x8000a196 (0x000d8067) jr      s11
core   0: 3 0x8000a196 (0x000d8067)
core   0: 0x80009700 (0x00002f17) auipc   t5, 0x2
core   0: 3 0x80009700 (0x00002f17) x30 0x8000b700
core   0: 0x80009704 (0x903f2023) sw      gp, -1792(t5)
core   0: 3 0x80009704 (0x903f2023) mem 0x8000b000 0x00000001
core   0: 0x80009708 (0x0000bfe5) c.j     pc - 8
core   0: 3 0x80009708 (0xbfe5)
core   0: 0x80009700 (0x00002f17) auipc   t5, 0x2
core   0: 3 0x80009700 (0x00002f17) x30 0x8000b700
core   0: 0x80009704 (0x903f2023) sw      gp, -1792(t5)
core   0: 3 0x80009704 (0x903f2023) mem 0x8000b000 0x00000001
core   0: 0x80009708 (0x0000bfe5) c.j     pc - 8
core   0: 3 0x80009708 (0xbfe5)
core   0: 0x80009700 (0x00002f17) auipc   t5, 0x2
core   0: 3 0x80009700 (0x00002f17) x30 0x8000b700
core   0: 0x80009704 (0x903f2023) sw      gp, -1792(t5)
core   0: 3 0x80009704 (0x903f2023) mem 0x8000b000 0x00000001
core   0: 0x80009708 (0x0000bfe5) c.j     pc - 8
core   0: 3 0x80009708 (0xbfe5)
core   0: 0x80009700 (0x00002f17) auipc   t5, 0x2
core   0: 3 0x80009700 (0x00002f17) x30 0x8000b700
core   0: 0x80009704 (0x903f2023) sw      gp, -1792(t5)
core   0: 3 0x80009704 (0x903f2023) mem 0x8000b000 0x00000001
core   0: 0x80009708 (0x0000bfe5) c.j     pc - 8
core   0: 3 0x80009708 (0xbfe5)
core   0: 0x80009700 (0x00002f17) auipc   t5, 0x2
core   0: 3 0x80009700 (0x00002f17) x30 0x8000b700
core   0: 0x80009704 (0x903f2023) sw      gp, -1792(t5)
core   0: 3 0x80009704 (0x903f2023) mem 0x8000b000 0x00000001
core   0: 0x80009708 (0x0000bfe5) c.j     pc - 8
core   0: 3 0x80009708 (0xbfe5)
core   0: 0x80009700 (0x00002f17) auipc   t5, 0x2
core   0: 3 0x80009700 (0x00002f17) x30 0x8000b700
core   0: 0x80009704 (0x903f2023) sw      gp, -1792(t5)
core   0: 3 0x80009704 (0x903f2023) mem 0x8000b000 0x00000001
core   0: 0x80009708 (0x0000bfe5) c.j     pc - 8
core   0: 3 0x80009708 (0xbfe5)
core   0: 0x80009700 (0x00002f17) auipc   t5, 0x2
core   0: 3 0x80009700 (0x00002f17) x30 0x8000b700
core   0: 0x80009704 (0x903f2023) sw      gp, -1792(t5)
core   0: 3 0x80009704 (0x903f2023) mem 0x8000b000 0x00000001
core   0: 0x80009708 (0x0000bfe5) c.j     pc - 8
core   0: 3 0x80009708 (0xbfe5)
core   0: 0x80009700 (0x00002f17) auipc   t5, 0x2
core   0: 3 0x80009700 (0x00002f17) x30 0x8000b700
core   0: 0x80009704 (0x903f2023) sw      gp, -1792(t5)
core   0: 3 0x80009704 (0x903f2023) mem 0x8000b000 0x00000001
core   0: 0x80009708 (0x0000bfe5) c.j     pc - 8
core   0: 3 0x80009708 (0xbfe5)
core   0: 0x80009700 (0x00002f17) auipc   t5, 0x2
core   0: 3 0x80009700 (0x00002f17) x30 0x8000b700
core   0: 0x80009704 (0x903f2023) sw      gp, -1792(t5)
core   0: 3 0x80009704 (0x903f2023) mem 0x8000b000 0x00000001
core   0: 0x80009708 (0x0000bfe5) c.j     pc - 8
core   0: 3 0x80009708 (0xbfe5)
core   0: 0x80009700 (0x00002f17) auipc   t5, 0x2
core   0: 3 0x80009700 (0x00002f17) x30 0x8000b700
core   0: 0x80009704 (0x903f2023) sw      gp, -1792(t5)
core   0: 3 0x80009704 (0x903f2023) mem 0x8000b000 0x00000001
core   0: 0x80009708 (0x0000bfe5) c.j     pc - 8
core   0: 3 0x80009708 (0xbfe5)
core   0: 0x80009700 (0x00002f17) auipc   t5, 0x2
core   0: 3 0x80009700 (0x00002f17) x30 0x8000b700
core   0: 0x80009704 (0x903f2023) sw      gp, -1792(t5)
core   0: 3 0x80009704 (0x903f2023) mem 0x8000b000 0x00000001
core   0: 0x80009708 (0x0000bfe5) c.j     pc - 8
core   0: 3 0x80009708 (0xbfe5)
core   0: 0x80009700 (0x00002f17) auipc   t5, 0x2
core   0: 3 0x80009700 (0x00002f17) x30 0x8000b700
core   0: 0x80009704 (0x903f2023) sw      gp, -1792(t5)
core   0: 3 0x80009704 (0x903f2023) mem 0x8000b000 0x00000001
core   0: 0x80009708 (0x0000bfe5) c.j     pc - 8
core   0: 3 0x80009708 (0xbfe5)
core   0: 0x80009700 (0x00002f17) auipc   t5, 0x2
core   0: 3 0x80009700 (0x00002f17) x30 0x8000b700
core   0: 0x80009704 (0x903f2023) sw      gp, -1792(t5)
core   0: 3 0x80009704 (0x903f2023) mem 0x8000b000 0x00000001
core   0: 0x80009708 (0x0000bfe5) c.j     pc - 8
core   0: 3 0x80009708 (0xbfe5)
core   0: 0x80009700 (0x00002f17) auipc   t5, 0x2
core   0: 3 0x80009700 (0x00002f17) x30 0x8000b700
core   0: 0x80009704 (0x903f2023) sw      gp, -1792(t5)
core   0: 3 0x80009704 (0x903f2023) mem 0x8000b000 0x00000001
core   0: 0x80009708 (0x0000bfe5) c.j     pc - 8
core   0: 3 0x80009708 (0xbfe5)
core   0: 0x80009700 (0x00002f17) auipc   t5, 0x2
core   0: 3 0x80009700 (0x00002f17) x30 0x8000b700
core   0: 0x80009704 (0x903f2023) sw      gp, -1792(t5)
core   0: 3 0x80009704 (0x903f2023) mem 0x8000b000 0x00000001
core   0: 0x80009708 (0x0000bfe5) c.j     pc - 8
core   0: 3 0x80009708 (0xbfe5)
core   0: 0x80009700 (0x00002f17) auipc   t5, 0x2
core   0: 3 0x80009700 (0x00002f17) x30 0x8000b700
core   0: 0x80009704 (0x903f2023) sw      gp, -1792(t5)
core   0: 3 0x80009704 (0x903f2023) mem 0x8000b000 0x00000001
core   0: 0x80009708 (0x0000bfe5) c.j     pc - 8
core   0: 3 0x80009708 (0xbfe5)
core   0: 0x80009700 (0x00002f17) auipc   t5, 0x2
core   0: 3 0x80009700 (0x00002f17) x30 0x8000b700
core   0: 0x80009704 (0x903f2023) sw      gp, -1792(t5)
core   0: 3 0x80009704 (0x903f2023) mem 0x8000b000 0x00000001
core   0: 0x80009708 (0x0000bfe5) c.j     pc - 8
core   0: 3 0x80009708 (0xbfe5)
core   0: 0x80009700 (0x00002f17) auipc   t5, 0x2
core   0: 3 0x80009700 (0x00002f17) x30 0x8000b700
core   0: 0x80009704 (0x903f2023) sw      gp, -1792(t5)
core   0: 3 0x80009704 (0x903f2023) mem 0x8000b000 0x00000001
core   0: 0x80009708 (0x0000bfe5) c.j     pc - 8
core   0: 3 0x80009708 (0xbfe5)
core   0: 0x80009700 (0x00002f17) auipc   t5, 0x2
core   0: 3 0x80009700 (0x00002f17) x30 0x8000b700
core   0: 0x80009704 (0x903f2023) sw      gp, -1792(t5)
core   0: 3 0x80009704 (0x903f2023) mem 0x8000b000 0x00000001
core   0: 0x80009708 (0x0000bfe5) c.j     pc - 8
core   0: 3 0x80009708 (0xbfe5)
core   0: 0x80009700 (0x00002f17) auipc   t5, 0x2
core   0: 3 0x80009700 (0x00002f17) x30 0x8000b700
core   0: 0x80009704 (0x903f2023) sw      gp, -1792(t5)
core   0: 3 0x80009704 (0x903f2023) mem 0x8000b000 0x00000001
core   0: 0x80009708 (0x0000bfe5) c.j     pc - 8
core   0: 3 0x80009708 (0xbfe5)
core   0: 0x80009700 (0x00002f17) auipc   t5, 0x2
core   0: 3 0x80009700 (0x00002f17) x30 0x8000b700
core   0: 0x80009704 (0x903f2023) sw      gp, -1792(t5)
core   0: 3 0x80009704 (0x903f2023) mem 0x8000b000 0x00000001
core   0: 0x80009708 (0x0000bfe5) c.j     pc - 8
core   0: 3 0x80009708 (0xbfe5)
core   0: 0x80009700 (0x00002f17) auipc   t5, 0x2
core   0: 3 0x80009700 (0x00002f17) x30 0x8000b700
core   0: 0x80009704 (0x903f2023) sw      gp, -1792(t5)
core   0: 3 0x80009704 (0x903f2023) mem 0x8000b000 0x00000001
core   0: 0x80009708 (0x0000bfe5) c.j     pc - 8
core   0: 3 0x80009708 (0xbfe5)
core   0: 0x80009700 (0x00002f17) auipc   t5, 0x2
core   0: 3 0x80009700 (0x00002f17) x30 0x8000b700
core   0: 0x80009704 (0x903f2023) sw      gp, -1792(t5)
core   0: 3 0x80009704 (0x903f2023) mem 0x8000b000 0x00000001
core   0: 0x80009708 (0x0000bfe5) c.j     pc - 8
core   0: 3 0x80009708 (0xbfe5)
core   0: 0x80009700 (0x00002f17) auipc   t5, 0x2
core   0: 3 0x80009700 (0x00002f17) x30 0x8000b700
core   0: 0x80009704 (0x903f2023) sw      gp, -1792(t5)
core   0: 3 0x80009704 (0x903f2023) mem 0x8000b000 0x00000001
core   0: 0x80009708 (0x0000bfe5) c.j     pc - 8
core   0: 3 0x80009708 (0xbfe5)
core   0: 0x80009700 (0x00002f17) auipc   t5, 0x2
core   0: 3 0x80009700 (0x00002f17) x30 0x8000b700
core   0: 0x80009704 (0x903f2023) sw      gp, -1792(t5)
core   0: 3 0x80009704 (0x903f2023) mem 0x8000b000 0x00000001
core   0: 0x80009708 (0x0000bfe5) c.j     pc - 8
core   0: 3 0x80009708 (0xbfe5)
core   0: 0x80009700 (0x00002f17) auipc   t5, 0x2
core   0: 3 0x80009700 (0x00002f17) x30 0x8000b700
core   0: 0x80009704 (0x903f2023) sw      gp, -1792(t5)
core   0: 3 0x80009704 (0x903f2023) mem 0x8000b000 0x00000001
core   0: 0x80009708 (0x0000bfe5) c.j     pc - 8
core   0: 3 0x80009708 (0xbfe5)
core   0: 0x80009700 (0x00002f17) auipc   t5, 0x2
core   0: 3 0x80009700 (0x00002f17) x30 0x8000b700
core   0: 0x80009704 (0x903f2023) sw      gp, -1792(t5)
core   0: 3 0x80009704 (0x903f2023) mem 0x8000b000 0x00000001
core   0: 0x80009708 (0x0000bfe5) c.j     pc - 8
core   0: 3 0x80009708 (0xbfe5)
core   0: 0x80009700 (0x00002f17) auipc   t5, 0x2
core   0: 3 0x80009700 (0x00002f17) x30 0x8000b700
core   0: 0x80009704 (0x903f2023) sw      gp, -1792(t5)
core   0: 3 0x80009704 (0x903f2023) mem 0x8000b000 0x00000001
core   0: 0x80009708 (0x0000bfe5) c.j     pc - 8
core   0: 3 0x80009708 (0xbfe5)
core   0: 0x80009700 (0x00002f17) auipc   t5, 0x2
core   0: 3 0x80009700 (0x00002f17) x30 0x8000b700
core   0: 0x80009704 (0x903f2023) sw      gp, -1792(t5)
core   0: 3 0x80009704 (0x903f2023) mem 0x8000b000 0x00000001
core   0: 0x80009708 (0x0000bfe5) c.j     pc - 8
core   0: 3 0x80009708 (0xbfe5)
core   0: 0x80009700 (0x00002f17) auipc   t5, 0x2
core   0: 3 0x80009700 (0x00002f17) x30 0x8000b700
core   0: 0x80009704 (0x903f2023) sw      gp, -1792(t5)
core   0: 3 0x80009704 (0x903f2023) mem 0x8000b000 0x00000001
core   0: 0x80009708 (0x0000bfe5) c.j     pc - 8
core   0: 3 0x80009708 (0xbfe5)
core   0: 0x80009700 (0x00002f17) auipc   t5, 0x2
core   0: 3 0x80009700 (0x00002f17) x30 0x8000b700
core   0: 0x80009704 (0x903f2023) sw      gp, -1792(t5)
core   0: 3 0x80009704 (0x903f2023) mem 0x8000b000 0x00000001
core   0: 0x80009708 (0x0000bfe5) c.j     pc - 8
core   0: 3 0x80009708 (0xbfe5)
core   0: 0x80009700 (0x00002f17) auipc   t5, 0x2
core   0: 3 0x80009700 (0x00002f17) x30 0x8000b700
core   0: 0x80009704 (0x903f2023) sw      gp, -1792(t5)
core   0: 3 0x80009704 (0x903f2023) mem 0x8000b000 0x00000001
core   0: 0x80009708 (0x0000bfe5) c.j     pc - 8
core   0: 3 0x80009708 (0xbfe5)
core   0: 0x80009700 (0x00002f17) auipc   t5, 0x2
core   0: 3 0x80009700 (0x00002f17) x30 0x8000b700
core   0: 0x80009704 (0x903f2023) sw      gp, -1792(t5)
core   0: 3 0x80009704 (0x903f2023) mem 0x8000b000 0x00000001
core   0: 0x80009708 (0x0000bfe5) c.j     pc - 8
core   0: 3 0x80009708 (0xbfe5)
core   0: 0x80009700 (0x00002f17) auipc   t5, 0x2
core   0: 3 0x80009700 (0x00002f17) x30 0x8000b700
core   0: 0x80009704 (0x903f2023) sw      gp, -1792(t5)
core   0: 3 0x80009704 (0x903f2023) mem 0x8000b000 0x00000001
core   0: 0x80009708 (0x0000bfe5) c.j     pc - 8
core   0: 3 0x80009708 (0xbfe5)
core   0: 0x80009700 (0x00002f17) auipc   t5, 0x2
core   0: 3 0x80009700 (0x00002f17) x30 0x8000b700
core   0: 0x80009704 (0x903f2023) sw      gp, -1792(t5)
core   0: 3 0x80009704 (0x903f2023) mem 0x8000b000 0x00000001
core   0: 0x80009708 (0x0000bfe5) c.j     pc - 8
core   0: 3 0x80009708 (0xbfe5)
core   0: 0x80009700 (0x00002f17) auipc   t5, 0x2
core   0: 3 0x80009700 (0x00002f17) x30 0x8000b700
core   0: 0x80009704 (0x903f2023) sw      gp, -1792(t5)
core   0: 3 0x80009704 (0x903f2023) mem 0x8000b000 0x00000001
core   0: 0x80009708 (0x0000bfe5) c.j     pc - 8
core   0: 3 0x80009708 (0xbfe5)
core   0: 0x80009700 (0x00002f17) auipc   t5, 0x2
core   0: 3 0x80009700 (0x00002f17) x30 0x8000b700
core   0: 0x80009704 (0x903f2023) sw      gp, -1792(t5)
core   0: 3 0x80009704 (0x903f2023) mem 0x8000b000 0x00000001
core   0: 0x80009708 (0x0000bfe5) c.j     pc - 8
core   0: 3 0x80009708 (0xbfe5)
core   0: 0x80009700 (0x00002f17) auipc   t5, 0x2
core   0: 3 0x80009700 (0x00002f17) x30 0x8000b700
core   0: 0x80009704 (0x903f2023) sw      gp, -1792(t5)
core   0: 3 0x80009704 (0x903f2023) mem 0x8000b000 0x00000001
core   0: 0x80009708 (0x0000bfe5) c.j     pc - 8
core   0: 3 0x80009708 (0xbfe5)
core   0: 0x80009700 (0x00002f17) auipc   t5, 0x2
core   0: 3 0x80009700 (0x00002f17) x30 0x8000b700
core   0: 0x80009704 (0x903f2023) sw      gp, -1792(t5)
core   0: 3 0x80009704 (0x903f2023) mem 0x8000b000 0x00000001
core   0: 0x80009708 (0x0000bfe5) c.j     pc - 8
core   0: 3 0x80009708 (0xbfe5)
core   0: 0x80009700 (0x00002f17) auipc   t5, 0x2
core   0: 3 0x80009700 (0x00002f17) x30 0x8000b700
core   0: 0x80009704 (0x903f2023) sw      gp, -1792(t5)
core   0: 3 0x80009704 (0x903f2023) mem 0x8000b000 0x00000001
core   0: 0x80009708 (0x0000bfe5) c.j     pc - 8
core   0: 3 0x80009708 (0xbfe5)
core   0: 0x80009700 (0x00002f17) auipc   t5, 0x2
core   0: 3 0x80009700 (0x00002f17) x30 0x8000b700
core   0: 0x80009704 (0x903f2023) sw      gp, -1792(t5)
core   0: 3 0x80009704 (0x903f2023) mem 0x8000b000 0x00000001
core   0: 0x80009708 (0x0000bfe5) c.j     pc - 8
core   0: 3 0x80009708 (0xbfe5)
core   0: 0x80009700 (0x00002f17) auipc   t5, 0x2
core   0: 3 0x80009700 (0x00002f17) x30 0x8000b700
core   0: 0x80009704 (0x903f2023) sw      gp, -1792(t5)
core   0: 3 0x80009704 (0x903f2023) mem 0x8000b000 0x00000001
core   0: 0x80009708 (0x0000bfe5) c.j     pc - 8
core   0: 3 0x80009708 (0xbfe5)
core   0: 0x80009700 (0x00002f17) auipc   t5, 0x2
core   0: 3 0x80009700 (0x00002f17) x30 0x8000b700
core   0: 0x80009704 (0x903f2023) sw      gp, -1792(t5)
core   0: 3 0x80009704 (0x903f2023) mem 0x8000b000 0x00000001
core   0: 0x80009708 (0x0000bfe5) c.j     pc - 8
core   0: 3 0x80009708 (0xbfe5)
core   0: 0x80009700 (0x00002f17) auipc   t5, 0x2
core   0: 3 0x80009700 (0x00002f17) x30 0x8000b700
core   0: 0x80009704 (0x903f2023) sw      gp, -1792(t5)
core   0: 3 0x80009704 (0x903f2023) mem 0x8000b000 0x00000001
core   0: 0x80009708 (0x0000bfe5) c.j     pc - 8
core   0: 3 0x80009708 (0xbfe5)
core   0: 0x80009700 (0x00002f17) auipc   t5, 0x2
core   0: 3 0x80009700 (0x00002f17) x30 0x8000b700
core   0: 0x80009704 (0x903f2023) sw      gp, -1792(t5)
core   0: 3 0x80009704 (0x903f2023) mem 0x8000b000 0x00000001
core   0: 0x80009708 (0x0000bfe5) c.j     pc - 8
core   0: 3 0x80009708 (0xbfe5)
core   0: 0x80009700 (0x00002f17) auipc   t5, 0x2
core   0: 3 0x80009700 (0x00002f17) x30 0x8000b700
core   0: 0x80009704 (0x903f2023) sw      gp, -1792(t5)
core   0: 3 0x80009704 (0x903f2023) mem 0x8000b000 0x00000001
core   0: 0x80009708 (0x0000bfe5) c.j     pc - 8
core   0: 3 0x80009708 (0xbfe5)
core   0: 0x80009700 (0x00002f17) auipc   t5, 0x2
core   0: 3 0x80009700 (0x00002f17) x30 0x8000b700
core   0: 0x80009704 (0x903f2023) sw      gp, -1792(t5)
core   0: 3 0x80009704 (0x903f2023) mem 0x8000b000 0x00000001
core   0: 0x80009708 (0x0000bfe5) c.j     pc - 8
core   0: 3 0x80009708 (0xbfe5)
core   0: 0x80009700 (0x00002f17) auipc   t5, 0x2
core   0: 3 0x80009700 (0x00002f17) x30 0x8000b700
core   0: 0x80009704 (0x903f2023) sw      gp, -1792(t5)
core   0: 3 0x80009704 (0x903f2023) mem 0x8000b000 0x00000001
core   0: 0x80009708 (0x0000bfe5) c.j     pc - 8
core   0: 3 0x80009708 (0xbfe5)
core   0: 0x80009700 (0x00002f17) auipc   t5, 0x2
core   0: 3 0x80009700 (0x00002f17) x30 0x8000b700
core   0: 0x80009704 (0x903f2023) sw      gp, -1792(t5)
core   0: 3 0x80009704 (0x903f2023) mem 0x8000b000 0x00000001
core   0: 0x80009708 (0x0000bfe5) c.j     pc - 8
core   0: 3 0x80009708 (0xbfe5)
core   0: 0x80009700 (0x00002f17) auipc   t5, 0x2
core   0: 3 0x80009700 (0x00002f17) x30 0x8000b700
core   0: 0x80009704 (0x903f2023) sw      gp, -1792(t5)
core   0: 3 0x80009704 (0x903f2023) mem 0x8000b000 0x00000001
core   0: 0x80009708 (0x0000bfe5) c.j     pc - 8
core   0: 3 0x80009708 (0xbfe5)
core   0: 0x80009700 (0x00002f17) auipc   t5, 0x2
core   0: 3 0x80009700 (0x00002f17) x30 0x8000b700
core   0: 0x80009704 (0x903f2023) sw      gp, -1792(t5)
core   0: 3 0x80009704 (0x903f2023) mem 0x8000b000 0x00000001
core   0: 0x80009708 (0x0000bfe5) c.j     pc - 8
core   0: 3 0x80009708 (0xbfe5)
core   0: 0x80009700 (0x00002f17) auipc   t5, 0x2
core   0: 3 0x80009700 (0x00002f17) x30 0x8000b700
core   0: 0x80009704 (0x903f2023) sw      gp, -1792(t5)
core   0: 3 0x80009704 (0x903f2023) mem 0x8000b000 0x00000001
core   0: 0x80009708 (0x0000bfe5) c.j     pc - 8
core   0: 3 0x80009708 (0xbfe5)
core   0: 0x80009700 (0x00002f17) auipc   t5, 0x2
core   0: 3 0x80009700 (0x00002f17) x30 0x8000b700
core   0: 0x80009704 (0x903f2023) sw      gp, -1792(t5)
core   0: 3 0x80009704 (0x903f2023) mem 0x8000b000 0x00000001
core   0: 0x80009708 (0x0000bfe5) c.j     pc - 8
core   0: 3 0x80009708 (0xbfe5)
core   0: 0x80009700 (0x00002f17) auipc   t5, 0x2
core   0: 3 0x80009700 (0x00002f17) x30 0x8000b700
core   0: 0x80009704 (0x903f2023) sw      gp, -1792(t5)
core   0: 3 0x80009704 (0x903f2023) mem 0x8000b000 0x00000001
core   0: 0x80009708 (0x0000bfe5) c.j     pc - 8
core   0: 3 0x80009708 (0xbfe5)
core   0: 0x80009700 (0x00002f17) auipc   t5, 0x2
core   0: 3 0x80009700 (0x00002f17) x30 0x8000b700
core   0: 0x80009704 (0x903f2023) sw      gp, -1792(t5)
core   0: 3 0x80009704 (0x903f2023) mem 0x8000b000 0x00000001
core   0: 0x80009708 (0x0000bfe5) c.j     pc - 8
core   0: 3 0x80009708 (0xbfe5)
core   0: 0x80009700 (0x00002f17) auipc   t5, 0x2
core   0: 3 0x80009700 (0x00002f17) x30 0x8000b700
core   0: 0x80009704 (0x903f2023) sw      gp, -1792(t5)
core   0: 3 0x80009704 (0x903f2023) mem 0x8000b000 0x00000001
core   0: 0x80009708 (0x0000bfe5) c.j     pc - 8
core   0: 3 0x80009708 (0xbfe5)
core   0: 0x80009700 (0x00002f17) auipc   t5, 0x2
core   0: 3 0x80009700 (0x00002f17) x30 0x8000b700
core   0: 0x80009704 (0x903f2023) sw      gp, -1792(t5)
core   0: 3 0x80009704 (0x903f2023) mem 0x8000b000 0x00000001
core   0: 0x80009708 (0x0000bfe5) c.j     pc - 8
core   0: 3 0x80009708 (0xbfe5)
core   0: 0x80009700 (0x00002f17) auipc   t5, 0x2
core   0: 3 0x80009700 (0x00002f17) x30 0x8000b700
core   0: 0x80009704 (0x903f2023) sw      gp, -1792(t5)
core   0: 3 0x80009704 (0x903f2023) mem 0x8000b000 0x00000001
core   0: 0x80009708 (0x0000bfe5) c.j     pc - 8
core   0: 3 0x80009708 (0xbfe5)
core   0: 0x80009700 (0x00002f17) auipc   t5, 0x2
core   0: 3 0x80009700 (0x00002f17) x30 0x8000b700
core   0: 0x80009704 (0x903f2023) sw      gp, -1792(t5)
core   0: 3 0x80009704 (0x903f2023) mem 0x8000b000 0x00000001
core   0: 0x80009708 (0x0000bfe5) c.j     pc - 8
core   0: 3 0x80009708 (0xbfe5)
core   0: 0x80009700 (0x00002f17) auipc   t5, 0x2
core   0: 3 0x80009700 (0x00002f17) x30 0x8000b700
core   0: 0x80009704 (0x903f2023) sw      gp, -1792(t5)
core   0: 3 0x80009704 (0x903f2023) mem 0x8000b000 0x00000001
core   0: 0x80009708 (0x0000bfe5) c.j     pc - 8
core   0: 3 0x80009708 (0xbfe5)
core   0: 0x80009700 (0x00002f17) auipc   t5, 0x2
core   0: 3 0x80009700 (0x00002f17) x30 0x8000b700
core   0: 0x80009704 (0x903f2023) sw      gp, -1792(t5)
core   0: 3 0x80009704 (0x903f2023) mem 0x8000b000 0x00000001
core   0: 0x80009708 (0x0000bfe5) c.j     pc - 8
core   0: 3 0x80009708 (0xbfe5)
core   0: 0x80009700 (0x00002f17) auipc   t5, 0x2
core   0: 3 0x80009700 (0x00002f17) x30 0x8000b700
core   0: 0x80009704 (0x903f2023) sw      gp, -1792(t5)
core   0: 3 0x80009704 (0x903f2023) mem 0x8000b000 0x00000001
core   0: 0x80009708 (0x0000bfe5) c.j     pc - 8
core   0: 3 0x80009708 (0xbfe5)
core   0: 0x80009700 (0x00002f17) auipc   t5, 0x2
core   0: 3 0x80009700 (0x00002f17) x30 0x8000b700
core   0: 0x80009704 (0x903f2023) sw      gp, -1792(t5)
core   0: 3 0x80009704 (0x903f2023) mem 0x8000b000 0x00000001
core   0: 0x80009708 (0x0000bfe5) c.j     pc - 8
core   0: 3 0x80009708 (0xbfe5)
core   0: 0x80009700 (0x00002f17) auipc   t5, 0x2
core   0: 3 0x80009700 (0x00002f17) x30 0x8000b700
core   0: 0x80009704 (0x903f2023) sw      gp, -1792(t5)
core   0: 3 0x80009704 (0x903f2023) mem 0x8000b000 0x00000001
core   0: 0x80009708 (0x0000bfe5) c.j     pc - 8
core   0: 3 0x80009708 (0xbfe5)
core   0: 0x80009700 (0x00002f17) auipc   t5, 0x2
core   0: 3 0x80009700 (0x00002f17) x30 0x8000b700
core   0: 0x80009704 (0x903f2023) sw      gp, -1792(t5)
core   0: 3 0x80009704 (0x903f2023) mem 0x8000b000 0x00000001
core   0: 0x80009708 (0x0000bfe5) c.j     pc - 8
core   0: 3 0x80009708 (0xbfe5)
core   0: 0x80009700 (0x00002f17) auipc   t5, 0x2
core   0: 3 0x80009700 (0x00002f17) x30 0x8000b700
core   0: 0x80009704 (0x903f2023) sw      gp, -1792(t5)
core   0: 3 0x80009704 (0x903f2023) mem 0x8000b000 0x00000001
core   0: 0x80009708 (0x0000bfe5) c.j     pc - 8
core   0: 3 0x80009708 (0xbfe5)
core   0: 0x80009700 (0x00002f17) auipc   t5, 0x2
core   0: 3 0x80009700 (0x00002f17) x30 0x8000b700
core   0: 0x80009704 (0x903f2023) sw      gp, -1792(t5)
core   0: 3 0x80009704 (0x903f2023) mem 0x8000b000 0x00000001
core   0: 0x80009708 (0x0000bfe5) c.j     pc - 8
core   0: 3 0x80009708 (0xbfe5)
core   0: 0x80009700 (0x00002f17) auipc   t5, 0x2
core   0: 3 0x80009700 (0x00002f17) x30 0x8000b700
core   0: 0x80009704 (0x903f2023) sw      gp, -1792(t5)
core   0: 3 0x80009704 (0x903f2023) mem 0x8000b000 0x00000001
core   0: 0x80009708 (0x0000bfe5) c.j     pc - 8
core   0: 3 0x80009708 (0xbfe5)
core   0: 0x80009700 (0x00002f17) auipc   t5, 0x2
core   0: 3 0x80009700 (0x00002f17) x30 0x8000b700
core   0: 0x80009704 (0x903f2023) sw      gp, -1792(t5)
core   0: 3 0x80009704 (0x903f2023) mem 0x8000b000 0x00000001
core   0: 0x80009708 (0x0000bfe5) c.j     pc - 8
core   0: 3 0x80009708 (0xbfe5)
core   0: 0x80009700 (0x00002f17) auipc   t5, 0x2
core   0: 3 0x80009700 (0x00002f17) x30 0x8000b700
core   0: 0x80009704 (0x903f2023) sw      gp, -1792(t5)
core   0: 3 0x80009704 (0x903f2023) mem 0x8000b000 0x00000001
core   0: 0x80009708 (0x0000bfe5) c.j     pc - 8
core   0: 3 0x80009708 (0xbfe5)
core   0: 0x80009700 (0x00002f17) auipc   t5, 0x2
core   0: 3 0x80009700 (0x00002f17) x30 0x8000b700
core   0: 0x80009704 (0x903f2023) sw      gp, -1792(t5)
core   0: 3 0x80009704 (0x903f2023) mem 0x8000b000 0x00000001
core   0: 0x80009708 (0x0000bfe5) c.j     pc - 8
core   0: 3 0x80009708 (0xbfe5)
core   0: 0x80009700 (0x00002f17) auipc   t5, 0x2
core   0: 3 0x80009700 (0x00002f17) x30 0x8000b700
core   0: 0x80009704 (0x903f2023) sw      gp, -1792(t5)
core   0: 3 0x80009704 (0x903f2023) mem 0x8000b000 0x00000001
core   0: 0x80009708 (0x0000bfe5) c.j     pc - 8
core   0: 3 0x80009708 (0xbfe5)
core   0: 0x80009700 (0x00002f17) auipc   t5, 0x2
core   0: 3 0x80009700 (0x00002f17) x30 0x8000b700
core   0: 0x80009704 (0x903f2023) sw      gp, -1792(t5)
core   0: 3 0x80009704 (0x903f2023) mem 0x8000b000 0x00000001
core   0: 0x80009708 (0x0000bfe5) c.j     pc - 8
core   0: 3 0x80009708 (0xbfe5)
core   0: 0x80009700 (0x00002f17) auipc   t5, 0x2
core   0: 3 0x80009700 (0x00002f17) x30 0x8000b700
core   0: 0x80009704 (0x903f2023) sw      gp, -1792(t5)
core   0: 3 0x80009704 (0x903f2023) mem 0x8000b000 0x00000001
core   0: 0x80009708 (0x0000bfe5) c.j     pc - 8
core   0: 3 0x80009708 (0xbfe5)
core   0: 0x80009700 (0x00002f17) auipc   t5, 0x2
core   0: 3 0x80009700 (0x00002f17) x30 0x8000b700
core   0: 0x80009704 (0x903f2023) sw      gp, -1792(t5)
core   0: 3 0x80009704 (0x903f2023) mem 0x8000b000 0x00000001
core   0: 0x80009708 (0x0000bfe5) c.j     pc - 8
core   0: 3 0x80009708 (0xbfe5)
core   0: 0x80009700 (0x00002f17) auipc   t5, 0x2
core   0: 3 0x80009700 (0x00002f17) x30 0x8000b700
core   0: 0x80009704 (0x903f2023) sw      gp, -1792(t5)
core   0: 3 0x80009704 (0x903f2023) mem 0x8000b000 0x00000001
core   0: 0x80009708 (0x0000bfe5) c.j     pc - 8
core   0: 3 0x80009708 (0xbfe5)
core   0: 0x80009700 (0x00002f17) auipc   t5, 0x2
core   0: 3 0x80009700 (0x00002f17) x30 0x8000b700
core   0: 0x80009704 (0x903f2023) sw      gp, -1792(t5)
core   0: 3 0x80009704 (0x903f2023) mem 0x8000b000 0x00000001
core   0: 0x80009708 (0x0000bfe5) c.j     pc - 8
core   0: 3 0x80009708 (0xbfe5)
core   0: 0x80009700 (0x00002f17) auipc   t5, 0x2
core   0: 3 0x80009700 (0x00002f17) x30 0x8000b700
core   0: 0x80009704 (0x903f2023) sw      gp, -1792(t5)
core   0: 3 0x80009704 (0x903f2023) mem 0x8000b000 0x00000001
core   0: 0x80009708 (0x0000bfe5) c.j     pc - 8
core   0: 3 0x80009708 (0xbfe5)
core   0: 0x80009700 (0x00002f17) auipc   t5, 0x2
core   0: 3 0x80009700 (0x00002f17) x30 0x8000b700
core   0: 0x80009704 (0x903f2023) sw      gp, -1792(t5)
core   0: 3 0x80009704 (0x903f2023) mem 0x8000b000 0x00000001
core   0: 0x80009708 (0x0000bfe5) c.j     pc - 8
core   0: 3 0x80009708 (0xbfe5)
core   0: 0x80009700 (0x00002f17) auipc   t5, 0x2
core   0: 3 0x80009700 (0x00002f17) x30 0x8000b700
core   0: 0x80009704 (0x903f2023) sw      gp, -1792(t5)
core   0: 3 0x80009704 (0x903f2023) mem 0x8000b000 0x00000001
core   0: 0x80009708 (0x0000bfe5) c.j     pc - 8
core   0: 3 0x80009708 (0xbfe5)
core   0: 0x80009700 (0x00002f17) auipc   t5, 0x2
core   0: 3 0x80009700 (0x00002f17) x30 0x8000b700
core   0: 0x80009704 (0x903f2023) sw      gp, -1792(t5)
core   0: 3 0x80009704 (0x903f2023) mem 0x8000b000 0x00000001
core   0: 0x80009708 (0x0000bfe5) c.j     pc - 8
core   0: 3 0x80009708 (0xbfe5)
core   0: 0x80009700 (0x00002f17) auipc   t5, 0x2
core   0: 3 0x80009700 (0x00002f17) x30 0x8000b700
core   0: 0x80009704 (0x903f2023) sw      gp, -1792(t5)
core   0: 3 0x80009704 (0x903f2023) mem 0x8000b000 0x00000001
core   0: 0x80009708 (0x0000bfe5) c.j     pc - 8
core   0: 3 0x80009708 (0xbfe5)
core   0: 0x80009700 (0x00002f17) auipc   t5, 0x2
core   0: 3 0x80009700 (0x00002f17) x30 0x8000b700
core   0: 0x80009704 (0x903f2023) sw      gp, -1792(t5)
core   0: 3 0x80009704 (0x903f2023) mem 0x8000b000 0x00000001
core   0: 0x80009708 (0x0000bfe5) c.j     pc - 8
core   0: 3 0x80009708 (0xbfe5)
core   0: 0x80009700 (0x00002f17) auipc   t5, 0x2
core   0: 3 0x80009700 (0x00002f17) x30 0x8000b700
core   0: 0x80009704 (0x903f2023) sw      gp, -1792(t5)
core   0: 3 0x80009704 (0x903f2023) mem 0x8000b000 0x00000001
core   0: 0x80009708 (0x0000bfe5) c.j     pc - 8
core   0: 3 0x80009708 (0xbfe5)
core   0: 0x80009700 (0x00002f17) auipc   t5, 0x2
core   0: 3 0x80009700 (0x00002f17) x30 0x8000b700
core   0: 0x80009704 (0x903f2023) sw      gp, -1792(t5)
core   0: 3 0x80009704 (0x903f2023) mem 0x8000b000 0x00000001
core   0: 0x80009708 (0x0000bfe5) c.j     pc - 8
core   0: 3 0x80009708 (0xbfe5)
core   0: 0x80009700 (0x00002f17) auipc   t5, 0x2
core   0: 3 0x80009700 (0x00002f17) x30 0x8000b700
core   0: 0x80009704 (0x903f2023) sw      gp, -1792(t5)
core   0: 3 0x80009704 (0x903f2023) mem 0x8000b000 0x00000001
core   0: 0x80009708 (0x0000bfe5) c.j     pc - 8
core   0: 3 0x80009708 (0xbfe5)
core   0: 0x80009700 (0x00002f17) auipc   t5, 0x2
core   0: 3 0x80009700 (0x00002f17) x30 0x8000b700
core   0: 0x80009704 (0x903f2023) sw      gp, -1792(t5)
core   0: 3 0x80009704 (0x903f2023) mem 0x8000b000 0x00000001
core   0: 0x80009708 (0x0000bfe5) c.j     pc - 8
core   0: 3 0x80009708 (0xbfe5)
core   0: 0x80009700 (0x00002f17) auipc   t5, 0x2
core   0: 3 0x80009700 (0x00002f17) x30 0x8000b700
core   0: 0x80009704 (0x903f2023) sw      gp, -1792(t5)
core   0: 3 0x80009704 (0x903f2023) mem 0x8000b000 0x00000001
core   0: 0x80009708 (0x0000bfe5) c.j     pc - 8
core   0: 3 0x80009708 (0xbfe5)
core   0: 0x80009700 (0x00002f17) auipc   t5, 0x2
core   0: 3 0x80009700 (0x00002f17) x30 0x8000b700
core   0: 0x80009704 (0x903f2023) sw      gp, -1792(t5)
core   0: 3 0x80009704 (0x903f2023) mem 0x8000b000 0x00000001
core   0: 0x80009708 (0x0000bfe5) c.j     pc - 8
core   0: 3 0x80009708 (0xbfe5)
core   0: 0x80009700 (0x00002f17) auipc   t5, 0x2
core   0: 3 0x80009700 (0x00002f17) x30 0x8000b700
core   0: 0x80009704 (0x903f2023) sw      gp, -1792(t5)
core   0: 3 0x80009704 (0x903f2023) mem 0x8000b000 0x00000001
core   0: 0x80009708 (0x0000bfe5) c.j     pc - 8
core   0: 3 0x80009708 (0xbfe5)
core   0: 0x80009700 (0x00002f17) auipc   t5, 0x2
core   0: 3 0x80009700 (0x00002f17) x30 0x8000b700
core   0: 0x80009704 (0x903f2023) sw      gp, -1792(t5)
core   0: 3 0x80009704 (0x903f2023) mem 0x8000b000 0x00000001
core   0: 0x80009708 (0x0000bfe5) c.j     pc - 8
core   0: 3 0x80009708 (0xbfe5)
core   0: 0x80009700 (0x00002f17) auipc   t5, 0x2
core   0: 3 0x80009700 (0x00002f17) x30 0x8000b700
core   0: 0x80009704 (0x903f2023) sw      gp, -1792(t5)
core   0: 3 0x80009704 (0x903f2023) mem 0x8000b000 0x00000001
core   0: 0x80009708 (0x0000bfe5) c.j     pc - 8
core   0: 3 0x80009708 (0xbfe5)
core   0: 0x80009700 (0x00002f17) auipc   t5, 0x2
core   0: 3 0x80009700 (0x00002f17) x30 0x8000b700
core   0: 0x80009704 (0x903f2023) sw      gp, -1792(t5)
core   0: 3 0x80009704 (0x903f2023) mem 0x8000b000 0x00000001
core   0: 0x80009708 (0x0000bfe5) c.j     pc - 8
core   0: 3 0x80009708 (0xbfe5)
core   0: 0x80009700 (0x00002f17) auipc   t5, 0x2
core   0: 3 0x80009700 (0x00002f17) x30 0x8000b700
core   0: 0x80009704 (0x903f2023) sw      gp, -1792(t5)
core   0: 3 0x80009704 (0x903f2023) mem 0x8000b000 0x00000001
core   0: 0x80009708 (0x0000bfe5) c.j     pc - 8
core   0: 3 0x80009708 (0xbfe5)
core   0: 0x80009700 (0x00002f17) auipc   t5, 0x2
core   0: 3 0x80009700 (0x00002f17) x30 0x8000b700
core   0: 0x80009704 (0x903f2023) sw      gp, -1792(t5)
core   0: 3 0x80009704 (0x903f2023) mem 0x8000b000 0x00000001
core   0: 0x80009708 (0x0000bfe5) c.j     pc - 8
core   0: 3 0x80009708 (0xbfe5)
core   0: 0x80009700 (0x00002f17) auipc   t5, 0x2
core   0: 3 0x80009700 (0x00002f17) x30 0x8000b700
core   0: 0x80009704 (0x903f2023) sw      gp, -1792(t5)
core   0: 3 0x80009704 (0x903f2023) mem 0x8000b000 0x00000001
core   0: 0x80009708 (0x0000bfe5) c.j     pc - 8
core   0: 3 0x80009708 (0xbfe5)
core   0: 0x80009700 (0x00002f17) auipc   t5, 0x2
core   0: 3 0x80009700 (0x00002f17) x30 0x8000b700
core   0: 0x80009704 (0x903f2023) sw      gp, -1792(t5)
core   0: 3 0x80009704 (0x903f2023) mem 0x8000b000 0x00000001
core   0: 0x80009708 (0x0000bfe5) c.j     pc - 8
core   0: 3 0x80009708 (0xbfe5)
core   0: 0x80009700 (0x00002f17) auipc   t5, 0x2
core   0: 3 0x80009700 (0x00002f17) x30 0x8000b700
core   0: 0x80009704 (0x903f2023) sw      gp, -1792(t5)
core   0: 3 0x80009704 (0x903f2023) mem 0x8000b000 0x00000001
core   0: 0x80009708 (0x0000bfe5) c.j     pc - 8
core   0: 3 0x80009708 (0xbfe5)
core   0: 0x80009700 (0x00002f17) auipc   t5, 0x2
core   0: 3 0x80009700 (0x00002f17) x30 0x8000b700
core   0: 0x80009704 (0x903f2023) sw      gp, -1792(t5)
core   0: 3 0x80009704 (0x903f2023) mem 0x8000b000 0x00000001
core   0: 0x80009708 (0x0000bfe5) c.j     pc - 8
core   0: 3 0x80009708 (0xbfe5)
core   0: 0x80009700 (0x00002f17) auipc   t5, 0x2
core   0: 3 0x80009700 (0x00002f17) x30 0x8000b700
core   0: 0x80009704 (0x903f2023) sw      gp, -1792(t5)
core   0: 3 0x80009704 (0x903f2023) mem 0x8000b000 0x00000001
core   0: 0x80009708 (0x0000bfe5) c.j     pc - 8
core   0: 3 0x80009708 (0xbfe5)
core   0: 0x80009700 (0x00002f17) auipc   t5, 0x2
core   0: 3 0x80009700 (0x00002f17) x30 0x8000b700
core   0: 0x80009704 (0x903f2023) sw      gp, -1792(t5)
core   0: 3 0x80009704 (0x903f2023) mem 0x8000b000 0x00000001
core   0: 0x80009708 (0x0000bfe5) c.j     pc - 8
core   0: 3 0x80009708 (0xbfe5)
core   0: 0x80009700 (0x00002f17) auipc   t5, 0x2
core   0: 3 0x80009700 (0x00002f17) x30 0x8000b700
core   0: 0x80009704 (0x903f2023) sw      gp, -1792(t5)
core   0: 3 0x80009704 (0x903f2023) mem 0x8000b000 0x00000001
core   0: 0x80009708 (0x0000bfe5) c.j     pc - 8
core   0: 3 0x80009708 (0xbfe5)
core   0: 0x80009700 (0x00002f17) auipc   t5, 0x2
core   0: 3 0x80009700 (0x00002f17) x30 0x8000b700
core   0: 0x80009704 (0x903f2023) sw      gp, -1792(t5)
core   0: 3 0x80009704 (0x903f2023) mem 0x8000b000 0x00000001
core   0: 0x80009708 (0x0000bfe5) c.j     pc - 8
core   0: 3 0x80009708 (0xbfe5)
core   0: 0x80009700 (0x00002f17) auipc   t5, 0x2
core   0: 3 0x80009700 (0x00002f17) x30 0x8000b700
core   0: 0x80009704 (0x903f2023) sw      gp, -1792(t5)
core   0: 3 0x80009704 (0x903f2023) mem 0x8000b000 0x00000001
core   0: 0x80009708 (0x0000bfe5) c.j     pc - 8
core   0: 3 0x80009708 (0xbfe5)
core   0: 0x80009700 (0x00002f17) auipc   t5, 0x2
core   0: 3 0x80009700 (0x00002f17) x30 0x8000b700
core   0: 0x80009704 (0x903f2023) sw      gp, -1792(t5)
core   0: 3 0x80009704 (0x903f2023) mem 0x8000b000 0x00000001
core   0: 0x80009708 (0x0000bfe5) c.j     pc - 8
core   0: 3 0x80009708 (0xbfe5)
core   0: 0x80009700 (0x00002f17) auipc   t5, 0x2
core   0: 3 0x80009700 (0x00002f17) x30 0x8000b700
core   0: 0x80009704 (0x903f2023) sw      gp, -1792(t5)
core   0: 3 0x80009704 (0x903f2023) mem 0x8000b000 0x00000001
core   0: 0x80009708 (0x0000bfe5) c.j     pc - 8
core   0: 3 0x80009708 (0xbfe5)
core   0: 0x80009700 (0x00002f17) auipc   t5, 0x2
core   0: 3 0x80009700 (0x00002f17) x30 0x8000b700
core   0: 0x80009704 (0x903f2023) sw      gp, -1792(t5)
core   0: 3 0x80009704 (0x903f2023) mem 0x8000b000 0x00000001
core   0: 0x80009708 (0x0000bfe5) c.j     pc - 8
core   0: 3 0x80009708 (0xbfe5)
core   0: 0x80009700 (0x00002f17) auipc   t5, 0x2
core   0: 3 0x80009700 (0x00002f17) x30 0x8000b700
core   0: 0x80009704 (0x903f2023) sw      gp, -1792(t5)
core   0: 3 0x80009704 (0x903f2023) mem 0x8000b000 0x00000001
core   0: 0x80009708 (0x0000bfe5) c.j     pc - 8
core   0: 3 0x80009708 (0xbfe5)
core   0: 0x80009700 (0x00002f17) auipc   t5, 0x2
core   0: 3 0x80009700 (0x00002f17) x30 0x8000b700
core   0: 0x80009704 (0x903f2023) sw      gp, -1792(t5)
core   0: 3 0x80009704 (0x903f2023) mem 0x8000b000 0x00000001
core   0: 0x80009708 (0x0000bfe5) c.j     pc - 8
core   0: 3 0x80009708 (0xbfe5)
core   0: 0x80009700 (0x00002f17) auipc   t5, 0x2
core   0: 3 0x80009700 (0x00002f17) x30 0x8000b700
core   0: 0x80009704 (0x903f2023) sw      gp, -1792(t5)
core   0: 3 0x80009704 (0x903f2023) mem 0x8000b000 0x00000001
core   0: 0x80009708 (0x0000bfe5) c.j     pc - 8
core   0: 3 0x80009708 (0xbfe5)
core   0: 0x80009700 (0x00002f17) auipc   t5, 0x2
core   0: 3 0x80009700 (0x00002f17) x30 0x8000b700
core   0: 0x80009704 (0x903f2023) sw      gp, -1792(t5)
core   0: 3 0x80009704 (0x903f2023) mem 0x8000b000 0x00000001
core   0: 0x80009708 (0x0000bfe5) c.j     pc - 8
core   0: 3 0x80009708 (0xbfe5)
core   0: 0x80009700 (0x00002f17) auipc   t5, 0x2
core   0: 3 0x80009700 (0x00002f17) x30 0x8000b700
core   0: 0x80009704 (0x903f2023) sw      gp, -1792(t5)
core   0: 3 0x80009704 (0x903f2023) mem 0x8000b000 0x00000001
core   0: 0x80009708 (0x0000bfe5) c.j     pc - 8
core   0: 3 0x80009708 (0xbfe5)
core   0: 0x80009700 (0x00002f17) auipc   t5, 0x2
core   0: 3 0x80009700 (0x00002f17) x30 0x8000b700
core   0: 0x80009704 (0x903f2023) sw      gp, -1792(t5)
core   0: 3 0x80009704 (0x903f2023) mem 0x8000b000 0x00000001
core   0: 0x80009708 (0x0000bfe5) c.j     pc - 8
core   0: 3 0x80009708 (0xbfe5)
core   0: 0x80009700 (0x00002f17) auipc   t5, 0x2
core   0: 3 0x80009700 (0x00002f17) x30 0x8000b700
core   0: 0x80009704 (0x903f2023) sw      gp, -1792(t5)
core   0: 3 0x80009704 (0x903f2023) mem 0x8000b000 0x00000001
core   0: 0x80009708 (0x0000bfe5) c.j     pc - 8
core   0: 3 0x80009708 (0xbfe5)
core   0: 0x80009700 (0x00002f17) auipc   t5, 0x2
core   0: 3 0x80009700 (0x00002f17) x30 0x8000b700
core   0: 0x80009704 (0x903f2023) sw      gp, -1792(t5)
core   0: 3 0x80009704 (0x903f2023) mem 0x8000b000 0x00000001
core   0: 0x80009708 (0x0000bfe5) c.j     pc - 8
core   0: 3 0x80009708 (0xbfe5)
core   0: 0x80009700 (0x00002f17) auipc   t5, 0x2
core   0: 3 0x80009700 (0x00002f17) x30 0x8000b700
core   0: 0x80009704 (0x903f2023) sw      gp, -1792(t5)
core   0: 3 0x80009704 (0x903f2023) mem 0x8000b000 0x00000001
core   0: 0x80009708 (0x0000bfe5) c.j     pc - 8
core   0: 3 0x80009708 (0xbfe5)
core   0: 0x80009700 (0x00002f17) auipc   t5, 0x2
core   0: 3 0x80009700 (0x00002f17) x30 0x8000b700
core   0: 0x80009704 (0x903f2023) sw      gp, -1792(t5)
core   0: 3 0x80009704 (0x903f2023) mem 0x8000b000 0x00000001
core   0: 0x80009708 (0x0000bfe5) c.j     pc - 8
core   0: 3 0x80009708 (0xbfe5)
core   0: 0x80009700 (0x00002f17) auipc   t5, 0x2
core   0: 3 0x80009700 (0x00002f17) x30 0x8000b700
core   0: 0x80009704 (0x903f2023) sw      gp, -1792(t5)
core   0: 3 0x80009704 (0x903f2023) mem 0x8000b000 0x00000001
core   0: 0x80009708 (0x0000bfe5) c.j     pc - 8
core   0: 3 0x80009708 (0xbfe5)
core   0: 0x80009700 (0x00002f17) auipc   t5, 0x2
core   0: 3 0x80009700 (0x00002f17) x30 0x8000b700
core   0: 0x80009704 (0x903f2023) sw      gp, -1792(t5)
core   0: 3 0x80009704 (0x903f2023) mem 0x8000b000 0x00000001
core   0: 0x80009708 (0x0000bfe5) c.j     pc - 8
core   0: 3 0x80009708 (0xbfe5)
core   0: 0x80009700 (0x00002f17) auipc   t5, 0x2
core   0: 3 0x80009700 (0x00002f17) x30 0x8000b700
core   0: 0x80009704 (0x903f2023) sw      gp, -1792(t5)
core   0: 3 0x80009704 (0x903f2023) mem 0x8000b000 0x00000001
core   0: 0x80009708 (0x0000bfe5) c.j     pc - 8
core   0: 3 0x80009708 (0xbfe5)
core   0: 0x80009700 (0x00002f17) auipc   t5, 0x2
core   0: 3 0x80009700 (0x00002f17) x30 0x8000b700
core   0: 0x80009704 (0x903f2023) sw      gp, -1792(t5)
core   0: 3 0x80009704 (0x903f2023) mem 0x8000b000 0x00000001
core   0: 0x80009708 (0x0000bfe5) c.j     pc - 8
core   0: 3 0x80009708 (0xbfe5)
core   0: 0x80009700 (0x00002f17) auipc   t5, 0x2
core   0: 3 0x80009700 (0x00002f17) x30 0x8000b700
core   0: 0x80009704 (0x903f2023) sw      gp, -1792(t5)
core   0: 3 0x80009704 (0x903f2023) mem 0x8000b000 0x00000001
core   0: 0x80009708 (0x0000bfe5) c.j     pc - 8
core   0: 3 0x80009708 (0xbfe5)
core   0: 0x80009700 (0x00002f17) auipc   t5, 0x2
core   0: 3 0x80009700 (0x00002f17) x30 0x8000b700
core   0: 0x80009704 (0x903f2023) sw      gp, -1792(t5)
core   0: 3 0x80009704 (0x903f2023) mem 0x8000b000 0x00000001
core   0: 0x80009708 (0x0000bfe5) c.j     pc - 8
core   0: 3 0x80009708 (0xbfe5)
core   0: 0x80009700 (0x00002f17) auipc   t5, 0x2
core   0: 3 0x80009700 (0x00002f17) x30 0x8000b700
core   0: 0x80009704 (0x903f2023) sw      gp, -1792(t5)
core   0: 3 0x80009704 (0x903f2023) mem 0x8000b000 0x00000001
core   0: 0x80009708 (0x0000bfe5) c.j     pc - 8
core   0: 3 0x80009708 (0xbfe5)
core   0: 0x80009700 (0x00002f17) auipc   t5, 0x2
core   0: 3 0x80009700 (0x00002f17) x30 0x8000b700
core   0: 0x80009704 (0x903f2023) sw      gp, -1792(t5)
core   0: 3 0x80009704 (0x903f2023) mem 0x8000b000 0x00000001
core   0: 0x80009708 (0x0000bfe5) c.j     pc - 8
core   0: 3 0x80009708 (0xbfe5)
core   0: 0x80009700 (0x00002f17) auipc   t5, 0x2
core   0: 3 0x80009700 (0x00002f17) x30 0x8000b700
core   0: 0x80009704 (0x903f2023) sw      gp, -1792(t5)
core   0: 3 0x80009704 (0x903f2023) mem 0x8000b000 0x00000001
core   0: 0x80009708 (0x0000bfe5) c.j     pc - 8
core   0: 3 0x80009708 (0xbfe5)
core   0: 0x80009700 (0x00002f17) auipc   t5, 0x2
core   0: 3 0x80009700 (0x00002f17) x30 0x8000b700
core   0: 0x80009704 (0x903f2023) sw      gp, -1792(t5)
core   0: 3 0x80009704 (0x903f2023) mem 0x8000b000 0x00000001
core   0: 0x80009708 (0x0000bfe5) c.j     pc - 8
core   0: 3 0x80009708 (0xbfe5)
core   0: 0x80009700 (0x00002f17) auipc   t5, 0x2
core   0: 3 0x80009700 (0x00002f17) x30 0x8000b700
core   0: 0x80009704 (0x903f2023) sw      gp, -1792(t5)
core   0: 3 0x80009704 (0x903f2023) mem 0x8000b000 0x00000001
core   0: 0x80009708 (0x0000bfe5) c.j     pc - 8
core   0: 3 0x80009708 (0xbfe5)
core   0: 0x80009700 (0x00002f17) auipc   t5, 0x2
core   0: 3 0x80009700 (0x00002f17) x30 0x8000b700
core   0: 0x80009704 (0x903f2023) sw      gp, -1792(t5)
core   0: 3 0x80009704 (0x903f2023) mem 0x8000b000 0x00000001
core   0: 0x80009708 (0x0000bfe5) c.j     pc - 8
core   0: 3 0x80009708 (0xbfe5)
core   0: 0x80009700 (0x00002f17) auipc   t5, 0x2
core   0: 3 0x80009700 (0x00002f17) x30 0x8000b700
core   0: 0x80009704 (0x903f2023) sw      gp, -1792(t5)
core   0: 3 0x80009704 (0x903f2023) mem 0x8000b000 0x00000001
core   0: 0x80009708 (0x0000bfe5) c.j     pc - 8
core   0: 3 0x80009708 (0xbfe5)
core   0: 0x80009700 (0x00002f17) auipc   t5, 0x2
core   0: 3 0x80009700 (0x00002f17) x30 0x8000b700
core   0: 0x80009704 (0x903f2023) sw      gp, -1792(t5)
core   0: 3 0x80009704 (0x903f2023) mem 0x8000b000 0x00000001
core   0: 0x80009708 (0x0000bfe5) c.j     pc - 8
core   0: 3 0x80009708 (0xbfe5)
core   0: 0x80009700 (0x00002f17) auipc   t5, 0x2
core   0: 3 0x80009700 (0x00002f17) x30 0x8000b700
core   0: 0x80009704 (0x903f2023) sw      gp, -1792(t5)
core   0: 3 0x80009704 (0x903f2023) mem 0x8000b000 0x00000001
core   0: 0x80009708 (0x0000bfe5) c.j     pc - 8
core   0: 3 0x80009708 (0xbfe5)
core   0: 0x80009700 (0x00002f17) auipc   t5, 0x2
core   0: 3 0x80009700 (0x00002f17) x30 0x8000b700
core   0: 0x80009704 (0x903f2023) sw      gp, -1792(t5)
core   0: 3 0x80009704 (0x903f2023) mem 0x8000b000 0x00000001
core   0: 0x80009708 (0x0000bfe5) c.j     pc - 8
core   0: 3 0x80009708 (0xbfe5)
core   0: 0x80009700 (0x00002f17) auipc   t5, 0x2
core   0: 3 0x80009700 (0x00002f17) x30 0x8000b700
core   0: 0x80009704 (0x903f2023) sw      gp, -1792(t5)
core   0: 3 0x80009704 (0x903f2023) mem 0x8000b000 0x00000001
core   0: 0x80009708 (0x0000bfe5) c.j     pc - 8
core   0: 3 0x80009708 (0xbfe5)
core   0: 0x80009700 (0x00002f17) auipc   t5, 0x2
core   0: 3 0x80009700 (0x00002f17) x30 0x8000b700
core   0: 0x80009704 (0x903f2023) sw      gp, -1792(t5)
core   0: 3 0x80009704 (0x903f2023) mem 0x8000b000 0x00000001
core   0: 0x80009708 (0x0000bfe5) c.j     pc - 8
core   0: 3 0x80009708 (0xbfe5)
core   0: 0x80009700 (0x00002f17) auipc   t5, 0x2
core   0: 3 0x80009700 (0x00002f17) x30 0x8000b700
core   0: 0x80009704 (0x903f2023) sw      gp, -1792(t5)
core   0: 3 0x80009704 (0x903f2023) mem 0x8000b000 0x00000001
core   0: 0x80009708 (0x0000bfe5) c.j     pc - 8
core   0: 3 0x80009708 (0xbfe5)
core   0: 0x80009700 (0x00002f17) auipc   t5, 0x2
core   0: 3 0x80009700 (0x00002f17) x30 0x8000b700
core   0: 0x80009704 (0x903f2023) sw      gp, -1792(t5)
core   0: 3 0x80009704 (0x903f2023) mem 0x8000b000 0x00000001
core   0: 0x80009708 (0x0000bfe5) c.j     pc - 8
core   0: 3 0x80009708 (0xbfe5)
core   0: 0x80009700 (0x00002f17) auipc   t5, 0x2
core   0: 3 0x80009700 (0x00002f17) x30 0x8000b700
core   0: 0x80009704 (0x903f2023) sw      gp, -1792(t5)
core   0: 3 0x80009704 (0x903f2023) mem 0x8000b000 0x00000001
core   0: 0x80009708 (0x0000bfe5) c.j     pc - 8
core   0: 3 0x80009708 (0xbfe5)
core   0: 0x80009700 (0x00002f17) auipc   t5, 0x2
core   0: 3 0x80009700 (0x00002f17) x30 0x8000b700
core   0: 0x80009704 (0x903f2023) sw      gp, -1792(t5)
core   0: 3 0x80009704 (0x903f2023) mem 0x8000b000 0x00000001
core   0: 0x80009708 (0x0000bfe5) c.j     pc - 8
core   0: 3 0x80009708 (0xbfe5)
core   0: 0x80009700 (0x00002f17) auipc   t5, 0x2
core   0: 3 0x80009700 (0x00002f17) x30 0x8000b700
core   0: 0x80009704 (0x903f2023) sw      gp, -1792(t5)
core   0: 3 0x80009704 (0x903f2023) mem 0x8000b000 0x00000001
core   0: 0x80009708 (0x0000bfe5) c.j     pc - 8
core   0: 3 0x80009708 (0xbfe5)
core   0: 0x80009700 (0x00002f17) auipc   t5, 0x2
core   0: 3 0x80009700 (0x00002f17) x30 0x8000b700
core   0: 0x80009704 (0x903f2023) sw      gp, -1792(t5)
core   0: 3 0x80009704 (0x903f2023) mem 0x8000b000 0x00000001
core   0: 0x80009708 (0x0000bfe5) c.j     pc - 8
core   0: 3 0x80009708 (0xbfe5)
core   0: 0x80009700 (0x00002f17) auipc   t5, 0x2
core   0: 3 0x80009700 (0x00002f17) x30 0x8000b700
core   0: 0x80009704 (0x903f2023) sw      gp, -1792(t5)
core   0: 3 0x80009704 (0x903f2023) mem 0x8000b000 0x00000001
core   0: 0x80009708 (0x0000bfe5) c.j     pc - 8
core   0: 3 0x80009708 (0xbfe5)
core   0: 0x80009700 (0x00002f17) auipc   t5, 0x2
core   0: 3 0x80009700 (0x00002f17) x30 0x8000b700
core   0: 0x80009704 (0x903f2023) sw      gp, -1792(t5)
core   0: 3 0x80009704 (0x903f2023) mem 0x8000b000 0x00000001
core   0: 0x80009708 (0x0000bfe5) c.j     pc - 8
core   0: 3 0x80009708 (0xbfe5)
core   0: 0x80009700 (0x00002f17) auipc   t5, 0x2
core   0: 3 0x80009700 (0x00002f17) x30 0x8000b700
core   0: 0x80009704 (0x903f2023) sw      gp, -1792(t5)
core   0: 3 0x80009704 (0x903f2023) mem 0x8000b000 0x00000001
core   0: 0x80009708 (0x0000bfe5) c.j     pc - 8
core   0: 3 0x80009708 (0xbfe5)
core   0: 0x80009700 (0x00002f17) auipc   t5, 0x2
core   0: 3 0x80009700 (0x00002f17) x30 0x8000b700
core   0: 0x80009704 (0x903f2023) sw      gp, -1792(t5)
core   0: 3 0x80009704 (0x903f2023) mem 0x8000b000 0x00000001
core   0: 0x80009708 (0x0000bfe5) c.j     pc - 8
core   0: 3 0x80009708 (0xbfe5)
core   0: 0x80009700 (0x00002f17) auipc   t5, 0x2
core   0: 3 0x80009700 (0x00002f17) x30 0x8000b700
core   0: 0x80009704 (0x903f2023) sw      gp, -1792(t5)
core   0: 3 0x80009704 (0x903f2023) mem 0x8000b000 0x00000001
core   0: 0x80009708 (0x0000bfe5) c.j     pc - 8
core   0: 3 0x80009708 (0xbfe5)
core   0: 0x80009700 (0x00002f17) auipc   t5, 0x2
core   0: 3 0x80009700 (0x00002f17) x30 0x8000b700
core   0: 0x80009704 (0x903f2023) sw      gp, -1792(t5)
core   0: 3 0x80009704 (0x903f2023) mem 0x8000b000 0x00000001
core   0: 0x80009708 (0x0000bfe5) c.j     pc - 8
core   0: 3 0x80009708 (0xbfe5)
core   0: 0x80009700 (0x00002f17) auipc   t5, 0x2
core   0: 3 0x80009700 (0x00002f17) x30 0x8000b700
core   0: 0x80009704 (0x903f2023) sw      gp, -1792(t5)
core   0: 3 0x80009704 (0x903f2023) mem 0x8000b000 0x00000001
core   0: 0x80009708 (0x0000bfe5) c.j     pc - 8
core   0: 3 0x80009708 (0xbfe5)
core   0: 0x80009700 (0x00002f17) auipc   t5, 0x2
core   0: 3 0x80009700 (0x00002f17) x30 0x8000b700
core   0: 0x80009704 (0x903f2023) sw      gp, -1792(t5)
core   0: 3 0x80009704 (0x903f2023) mem 0x8000b000 0x00000001
core   0: 0x80009708 (0x0000bfe5) c.j     pc - 8
core   0: 3 0x80009708 (0xbfe5)
core   0: 0x80009700 (0x00002f17) auipc   t5, 0x2
core   0: 3 0x80009700 (0x00002f17) x30 0x8000b700
core   0: 0x80009704 (0x903f2023) sw      gp, -1792(t5)
core   0: 3 0x80009704 (0x903f2023) mem 0x8000b000 0x00000001
core   0: 0x80009708 (0x0000bfe5) c.j     pc - 8
core   0: 3 0x80009708 (0xbfe5)
core   0: 0x80009700 (0x00002f17) auipc   t5, 0x2
core   0: 3 0x80009700 (0x00002f17) x30 0x8000b700
core   0: 0x80009704 (0x903f2023) sw      gp, -1792(t5)
core   0: 3 0x80009704 (0x903f2023) mem 0x8000b000 0x00000001
core   0: 0x80009708 (0x0000bfe5) c.j     pc - 8
core   0: 3 0x80009708 (0xbfe5)
core   0: 0x80009700 (0x00002f17) auipc   t5, 0x2
core   0: 3 0x80009700 (0x00002f17) x30 0x8000b700
core   0: 0x80009704 (0x903f2023) sw      gp, -1792(t5)
core   0: 3 0x80009704 (0x903f2023) mem 0x8000b000 0x00000001
core   0: 0x80009708 (0x0000bfe5) c.j     pc - 8
core   0: 3 0x80009708 (0xbfe5)
core   0: 0x80009700 (0x00002f17) auipc   t5, 0x2
core   0: 3 0x80009700 (0x00002f17) x30 0x8000b700
core   0: 0x80009704 (0x903f2023) sw      gp, -1792(t5)
core   0: 3 0x80009704 (0x903f2023) mem 0x8000b000 0x00000001
core   0: 0x80009708 (0x0000bfe5) c.j     pc - 8
core   0: 3 0x80009708 (0xbfe5)
core   0: 0x80009700 (0x00002f17) auipc   t5, 0x2
core   0: 3 0x80009700 (0x00002f17) x30 0x8000b700
core   0: 0x80009704 (0x903f2023) sw      gp, -1792(t5)
core   0: 3 0x80009704 (0x903f2023) mem 0x8000b000 0x00000001
core   0: 0x80009708 (0x0000bfe5) c.j     pc - 8
core   0: 3 0x80009708 (0xbfe5)
core   0: 0x80009700 (0x00002f17) auipc   t5, 0x2
core   0: 3 0x80009700 (0x00002f17) x30 0x8000b700
core   0: 0x80009704 (0x903f2023) sw      gp, -1792(t5)
core   0: 3 0x80009704 (0x903f2023) mem 0x8000b000 0x00000001
core   0: 0x80009708 (0x0000bfe5) c.j     pc - 8
core   0: 3 0x80009708 (0xbfe5)
core   0: 0x80009700 (0x00002f17) auipc   t5, 0x2
core   0: 3 0x80009700 (0x00002f17) x30 0x8000b700
core   0: 0x80009704 (0x903f2023) sw      gp, -1792(t5)
core   0: 3 0x80009704 (0x903f2023) mem 0x8000b000 0x00000001
core   0: 0x80009708 (0x0000bfe5) c.j     pc - 8
core   0: 3 0x80009708 (0xbfe5)
core   0: 0x80009700 (0x00002f17) auipc   t5, 0x2
core   0: 3 0x80009700 (0x00002f17) x30 0x8000b700
core   0: 0x80009704 (0x903f2023) sw      gp, -1792(t5)
core   0: 3 0x80009704 (0x903f2023) mem 0x8000b000 0x00000001
core   0: 0x80009708 (0x0000bfe5) c.j     pc - 8
core   0: 3 0x80009708 (0xbfe5)
core   0: 0x80009700 (0x00002f17) auipc   t5, 0x2
core   0: 3 0x80009700 (0x00002f17) x30 0x8000b700
core   0: 0x80009704 (0x903f2023) sw      gp, -1792(t5)
core   0: 3 0x80009704 (0x903f2023) mem 0x8000b000 0x00000001
core   0: 0x80009708 (0x0000bfe5) c.j     pc - 8
core   0: 3 0x80009708 (0xbfe5)
core   0: 0x80009700 (0x00002f17) auipc   t5, 0x2
core   0: 3 0x80009700 (0x00002f17) x30 0x8000b700
core   0: 0x80009704 (0x903f2023) sw      gp, -1792(t5)
core   0: 3 0x80009704 (0x903f2023) mem 0x8000b000 0x00000001
core   0: 0x80009708 (0x0000bfe5) c.j     pc - 8
core   0: 3 0x80009708 (0xbfe5)
core   0: 0x80009700 (0x00002f17) auipc   t5, 0x2
core   0: 3 0x80009700 (0x00002f17) x30 0x8000b700
core   0: 0x80009704 (0x903f2023) sw      gp, -1792(t5)
core   0: 3 0x80009704 (0x903f2023) mem 0x8000b000 0x00000001
core   0: 0x80009708 (0x0000bfe5) c.j     pc - 8
core   0: 3 0x80009708 (0xbfe5)
core   0: 0x80009700 (0x00002f17) auipc   t5, 0x2
core   0: 3 0x80009700 (0x00002f17) x30 0x8000b700
core   0: 0x80009704 (0x903f2023) sw      gp, -1792(t5)
core   0: 3 0x80009704 (0x903f2023) mem 0x8000b000 0x00000001
core   0: 0x80009708 (0x0000bfe5) c.j     pc - 8
core   0: 3 0x80009708 (0xbfe5)
core   0: 0x80009700 (0x00002f17) auipc   t5, 0x2
core   0: 3 0x80009700 (0x00002f17) x30 0x8000b700
core   0: 0x80009704 (0x903f2023) sw      gp, -1792(t5)
core   0: 3 0x80009704 (0x903f2023) mem 0x8000b000 0x00000001
core   0: 0x80009708 (0x0000bfe5) c.j     pc - 8
core   0: 3 0x80009708 (0xbfe5)
core   0: 0x80009700 (0x00002f17) auipc   t5, 0x2
core   0: 3 0x80009700 (0x00002f17) x30 0x8000b700
core   0: 0x80009704 (0x903f2023) sw      gp, -1792(t5)
core   0: 3 0x80009704 (0x903f2023) mem 0x8000b000 0x00000001
core   0: 0x80009708 (0x0000bfe5) c.j     pc - 8
core   0: 3 0x80009708 (0xbfe5)
core   0: 0x80009700 (0x00002f17) auipc   t5, 0x2
core   0: 3 0x80009700 (0x00002f17) x30 0x8000b700
core   0: 0x80009704 (0x903f2023) sw      gp, -1792(t5)
core   0: 3 0x80009704 (0x903f2023) mem 0x8000b000 0x00000001
core   0: 0x80009708 (0x0000bfe5) c.j     pc - 8
core   0: 3 0x80009708 (0xbfe5)
core   0: 0x80009700 (0x00002f17) auipc   t5, 0x2
core   0: 3 0x80009700 (0x00002f17) x30 0x8000b700
core   0: 0x80009704 (0x903f2023) sw      gp, -1792(t5)
core   0: 3 0x80009704 (0x903f2023) mem 0x8000b000 0x00000001
core   0: 0x80009708 (0x0000bfe5) c.j     pc - 8
core   0: 3 0x80009708 (0xbfe5)
core   0: 0x80009700 (0x00002f17) auipc   t5, 0x2
core   0: 3 0x80009700 (0x00002f17) x30 0x8000b700
core   0: 0x80009704 (0x903f2023) sw      gp, -1792(t5)
core   0: 3 0x80009704 (0x903f2023) mem 0x8000b000 0x00000001
core   0: 0x80009708 (0x0000bfe5) c.j     pc - 8
core   0: 3 0x80009708 (0xbfe5)
core   0: 0x80009700 (0x00002f17) auipc   t5, 0x2
core   0: 3 0x80009700 (0x00002f17) x30 0x8000b700
core   0: 0x80009704 (0x903f2023) sw      gp, -1792(t5)
core   0: 3 0x80009704 (0x903f2023) mem 0x8000b000 0x00000001
core   0: 0x80009708 (0x0000bfe5) c.j     pc - 8
core   0: 3 0x80009708 (0xbfe5)
core   0: 0x80009700 (0x00002f17) auipc   t5, 0x2
core   0: 3 0x80009700 (0x00002f17) x30 0x8000b700
core   0: 0x80009704 (0x903f2023) sw      gp, -1792(t5)
core   0: 3 0x80009704 (0x903f2023) mem 0x8000b000 0x00000001
core   0: 0x80009708 (0x0000bfe5) c.j     pc - 8
core   0: 3 0x80009708 (0xbfe5)
core   0: 0x80009700 (0x00002f17) auipc   t5, 0x2
core   0: 3 0x80009700 (0x00002f17) x30 0x8000b700
core   0: 0x80009704 (0x903f2023) sw      gp, -1792(t5)
core   0: 3 0x80009704 (0x903f2023) mem 0x8000b000 0x00000001
core   0: 0x80009708 (0x0000bfe5) c.j     pc - 8
core   0: 3 0x80009708 (0xbfe5)
core   0: 0x80009700 (0x00002f17) auipc   t5, 0x2
core   0: 3 0x80009700 (0x00002f17) x30 0x8000b700
core   0: 0x80009704 (0x903f2023) sw      gp, -1792(t5)
core   0: 3 0x80009704 (0x903f2023) mem 0x8000b000 0x00000001
core   0: 0x80009708 (0x0000bfe5) c.j     pc - 8
core   0: 3 0x80009708 (0xbfe5)
core   0: 0x80009700 (0x00002f17) auipc   t5, 0x2
core   0: 3 0x80009700 (0x00002f17) x30 0x8000b700
core   0: 0x80009704 (0x903f2023) sw      gp, -1792(t5)
core   0: 3 0x80009704 (0x903f2023) mem 0x8000b000 0x00000001
core   0: 0x80009708 (0x0000bfe5) c.j     pc - 8
core   0: 3 0x80009708 (0xbfe5)
core   0: 0x80009700 (0x00002f17) auipc   t5, 0x2
core   0: 3 0x80009700 (0x00002f17) x30 0x8000b700
core   0: 0x80009704 (0x903f2023) sw      gp, -1792(t5)
core   0: 3 0x80009704 (0x903f2023) mem 0x8000b000 0x00000001
core   0: 0x80009708 (0x0000bfe5) c.j     pc - 8
core   0: 3 0x80009708 (0xbfe5)
core   0: 0x80009700 (0x00002f17) auipc   t5, 0x2
core   0: 3 0x80009700 (0x00002f17) x30 0x8000b700
core   0: 0x80009704 (0x903f2023) sw      gp, -1792(t5)
core   0: 3 0x80009704 (0x903f2023) mem 0x8000b000 0x00000001
core   0: 0x80009708 (0x0000bfe5) c.j     pc - 8
core   0: 3 0x80009708 (0xbfe5)
core   0: 0x80009700 (0x00002f17) auipc   t5, 0x2
core   0: 3 0x80009700 (0x00002f17) x30 0x8000b700
core   0: 0x80009704 (0x903f2023) sw      gp, -1792(t5)
core   0: 3 0x80009704 (0x903f2023) mem 0x8000b000 0x00000001
core   0: 0x80009708 (0x0000bfe5) c.j     pc - 8
core   0: 3 0x80009708 (0xbfe5)
core   0: 0x80009700 (0x00002f17) auipc   t5, 0x2
core   0: 3 0x80009700 (0x00002f17) x30 0x8000b700
core   0: 0x80009704 (0x903f2023) sw      gp, -1792(t5)
core   0: 3 0x80009704 (0x903f2023) mem 0x8000b000 0x00000001
core   0: 0x80009708 (0x0000bfe5) c.j     pc - 8
core   0: 3 0x80009708 (0xbfe5)
core   0: 0x80009700 (0x00002f17) auipc   t5, 0x2
core   0: 3 0x80009700 (0x00002f17) x30 0x8000b700
core   0: 0x80009704 (0x903f2023) sw      gp, -1792(t5)
core   0: 3 0x80009704 (0x903f2023) mem 0x8000b000 0x00000001
core   0: 0x80009708 (0x0000bfe5) c.j     pc - 8
core   0: 3 0x80009708 (0xbfe5)
core   0: 0x80009700 (0x00002f17) auipc   t5, 0x2
core   0: 3 0x80009700 (0x00002f17) x30 0x8000b700
core   0: 0x80009704 (0x903f2023) sw      gp, -1792(t5)
core   0: 3 0x80009704 (0x903f2023) mem 0x8000b000 0x00000001
core   0: 0x80009708 (0x0000bfe5) c.j     pc - 8
core   0: 3 0x80009708 (0xbfe5)
core   0: 0x80009700 (0x00002f17) auipc   t5, 0x2
core   0: 3 0x80009700 (0x00002f17) x30 0x8000b700
core   0: 0x80009704 (0x903f2023) sw      gp, -1792(t5)
core   0: 3 0x80009704 (0x903f2023) mem 0x8000b000 0x00000001
core   0: 0x80009708 (0x0000bfe5) c.j     pc - 8
core   0: 3 0x80009708 (0xbfe5)
core   0: 0x80009700 (0x00002f17) auipc   t5, 0x2
core   0: 3 0x80009700 (0x00002f17) x30 0x8000b700
core   0: 0x80009704 (0x903f2023) sw      gp, -1792(t5)
core   0: 3 0x80009704 (0x903f2023) mem 0x8000b000 0x00000001
core   0: 0x80009708 (0x0000bfe5) c.j     pc - 8
core   0: 3 0x80009708 (0xbfe5)
core   0: 0x80009700 (0x00002f17) auipc   t5, 0x2
core   0: 3 0x80009700 (0x00002f17) x30 0x8000b700
core   0: 0x80009704 (0x903f2023) sw      gp, -1792(t5)
core   0: 3 0x80009704 (0x903f2023) mem 0x8000b000 0x00000001
core   0: 0x80009708 (0x0000bfe5) c.j     pc - 8
core   0: 3 0x80009708 (0xbfe5)
core   0: 0x80009700 (0x00002f17) auipc   t5, 0x2
core   0: 3 0x80009700 (0x00002f17) x30 0x8000b700
core   0: 0x80009704 (0x903f2023) sw      gp, -1792(t5)
core   0: 3 0x80009704 (0x903f2023) mem 0x8000b000 0x00000001
core   0: 0x80009708 (0x0000bfe5) c.j     pc - 8
core   0: 3 0x80009708 (0xbfe5)
core   0: 0x80009700 (0x00002f17) auipc   t5, 0x2
core   0: 3 0x80009700 (0x00002f17) x30 0x8000b700
core   0: 0x80009704 (0x903f2023) sw      gp, -1792(t5)
core   0: 3 0x80009704 (0x903f2023) mem 0x8000b000 0x00000001
core   0: 0x80009708 (0x0000bfe5) c.j     pc - 8
core   0: 3 0x80009708 (0xbfe5)
core   0: 0x80009700 (0x00002f17) auipc   t5, 0x2
core   0: 3 0x80009700 (0x00002f17) x30 0x8000b700
core   0: 0x80009704 (0x903f2023) sw      gp, -1792(t5)
core   0: 3 0x80009704 (0x903f2023) mem 0x8000b000 0x00000001
core   0: 0x80009708 (0x0000bfe5) c.j     pc - 8
core   0: 3 0x80009708 (0xbfe5)
core   0: 0x80009700 (0x00002f17) auipc   t5, 0x2
core   0: 3 0x80009700 (0x00002f17) x30 0x8000b700
core   0: 0x80009704 (0x903f2023) sw      gp, -1792(t5)
core   0: 3 0x80009704 (0x903f2023) mem 0x8000b000 0x00000001
core   0: 0x80009708 (0x0000bfe5) c.j     pc - 8
core   0: 3 0x80009708 (0xbfe5)
core   0: 0x80009700 (0x00002f17) auipc   t5, 0x2
core   0: 3 0x80009700 (0x00002f17) x30 0x8000b700
core   0: 0x80009704 (0x903f2023) sw      gp, -1792(t5)
core   0: 3 0x80009704 (0x903f2023) mem 0x8000b000 0x00000001
core   0: 0x80009708 (0x0000bfe5) c.j     pc - 8
core   0: 3 0x80009708 (0xbfe5)
core   0: 0x80009700 (0x00002f17) auipc   t5, 0x2
core   0: 3 0x80009700 (0x00002f17) x30 0x8000b700
core   0: 0x80009704 (0x903f2023) sw      gp, -1792(t5)
core   0: 3 0x80009704 (0x903f2023) mem 0x8000b000 0x00000001
core   0: 0x80009708 (0x0000bfe5) c.j     pc - 8
core   0: 3 0x80009708 (0xbfe5)
core   0: 0x80009700 (0x00002f17) auipc   t5, 0x2
core   0: 3 0x80009700 (0x00002f17) x30 0x8000b700
core   0: 0x80009704 (0x903f2023) sw      gp, -1792(t5)
core   0: 3 0x80009704 (0x903f2023) mem 0x8000b000 0x00000001
core   0: 0x80009708 (0x0000bfe5) c.j     pc - 8
core   0: 3 0x80009708 (0xbfe5)
core   0: 0x80009700 (0x00002f17) auipc   t5, 0x2
core   0: 3 0x80009700 (0x00002f17) x30 0x8000b700
core   0: 0x80009704 (0x903f2023) sw      gp, -1792(t5)
core   0: 3 0x80009704 (0x903f2023) mem 0x8000b000 0x00000001
core   0: 0x80009708 (0x0000bfe5) c.j     pc - 8
core   0: 3 0x80009708 (0xbfe5)
core   0: 0x80009700 (0x00002f17) auipc   t5, 0x2
core   0: 3 0x80009700 (0x00002f17) x30 0x8000b700
core   0: 0x80009704 (0x903f2023) sw      gp, -1792(t5)
core   0: 3 0x80009704 (0x903f2023) mem 0x8000b000 0x00000001
core   0: 0x80009708 (0x0000bfe5) c.j     pc - 8
core   0: 3 0x80009708 (0xbfe5)
core   0: 0x80009700 (0x00002f17) auipc   t5, 0x2
core   0: 3 0x80009700 (0x00002f17) x30 0x8000b700
core   0: 0x80009704 (0x903f2023) sw      gp, -1792(t5)
core   0: 3 0x80009704 (0x903f2023) mem 0x8000b000 0x00000001
core   0: 0x80009708 (0x0000bfe5) c.j     pc - 8
core   0: 3 0x80009708 (0xbfe5)
core   0: 0x80009700 (0x00002f17) auipc   t5, 0x2
core   0: 3 0x80009700 (0x00002f17) x30 0x8000b700
core   0: 0x80009704 (0x903f2023) sw      gp, -1792(t5)
core   0: 3 0x80009704 (0x903f2023) mem 0x8000b000 0x00000001
core   0: 0x80009708 (0x0000bfe5) c.j     pc - 8
core   0: 3 0x80009708 (0xbfe5)
core   0: 0x80009700 (0x00002f17) auipc   t5, 0x2
core   0: 3 0x80009700 (0x00002f17) x30 0x8000b700
core   0: 0x80009704 (0x903f2023) sw      gp, -1792(t5)
core   0: 3 0x80009704 (0x903f2023) mem 0x8000b000 0x00000001
core   0: 0x80009708 (0x0000bfe5) c.j     pc - 8
core   0: 3 0x80009708 (0xbfe5)
core   0: 0x80009700 (0x00002f17) auipc   t5, 0x2
core   0: 3 0x80009700 (0x00002f17) x30 0x8000b700
core   0: 0x80009704 (0x903f2023) sw      gp, -1792(t5)
core   0: 3 0x80009704 (0x903f2023) mem 0x8000b000 0x00000001
core   0: 0x80009708 (0x0000bfe5) c.j     pc - 8
core   0: 3 0x80009708 (0xbfe5)
core   0: 0x80009700 (0x00002f17) auipc   t5, 0x2
core   0: 3 0x80009700 (0x00002f17) x30 0x8000b700
core   0: 0x80009704 (0x903f2023) sw      gp, -1792(t5)
core   0: 3 0x80009704 (0x903f2023) mem 0x8000b000 0x00000001
core   0: 0x80009708 (0x0000bfe5) c.j     pc - 8
core   0: 3 0x80009708 (0xbfe5)
core   0: 0x80009700 (0x00002f17) auipc   t5, 0x2
core   0: 3 0x80009700 (0x00002f17) x30 0x8000b700
core   0: 0x80009704 (0x903f2023) sw      gp, -1792(t5)
core   0: 3 0x80009704 (0x903f2023) mem 0x8000b000 0x00000001
core   0: 0x80009708 (0x0000bfe5) c.j     pc - 8
core   0: 3 0x80009708 (0xbfe5)
core   0: 0x80009700 (0x00002f17) auipc   t5, 0x2
core   0: 3 0x80009700 (0x00002f17) x30 0x8000b700
core   0: 0x80009704 (0x903f2023) sw      gp, -1792(t5)
core   0: 3 0x80009704 (0x903f2023) mem 0x8000b000 0x00000001
core   0: 0x80009708 (0x0000bfe5) c.j     pc - 8
core   0: 3 0x80009708 (0xbfe5)
core   0: 0x80009700 (0x00002f17) auipc   t5, 0x2
core   0: 3 0x80009700 (0x00002f17) x30 0x8000b700
core   0: 0x80009704 (0x903f2023) sw      gp, -1792(t5)
core   0: 3 0x80009704 (0x903f2023) mem 0x8000b000 0x00000001
core   0: 0x80009708 (0x0000bfe5) c.j     pc - 8
core   0: 3 0x80009708 (0xbfe5)
core   0: 0x80009700 (0x00002f17) auipc   t5, 0x2
core   0: 3 0x80009700 (0x00002f17) x30 0x8000b700
core   0: 0x80009704 (0x903f2023) sw      gp, -1792(t5)
core   0: 3 0x80009704 (0x903f2023) mem 0x8000b000 0x00000001
core   0: 0x80009708 (0x0000bfe5) c.j     pc - 8
core   0: 3 0x80009708 (0xbfe5)
core   0: 0x80009700 (0x00002f17) auipc   t5, 0x2
core   0: 3 0x80009700 (0x00002f17) x30 0x8000b700
core   0: 0x80009704 (0x903f2023) sw      gp, -1792(t5)
core   0: 3 0x80009704 (0x903f2023) mem 0x8000b000 0x00000001
core   0: 0x80009708 (0x0000bfe5) c.j     pc - 8
core   0: 3 0x80009708 (0xbfe5)
core   0: 0x80009700 (0x00002f17) auipc   t5, 0x2
core   0: 3 0x80009700 (0x00002f17) x30 0x8000b700
core   0: 0x80009704 (0x903f2023) sw      gp, -1792(t5)
core   0: 3 0x80009704 (0x903f2023) mem 0x8000b000 0x00000001
core   0: 0x80009708 (0x0000bfe5) c.j     pc - 8
core   0: 3 0x80009708 (0xbfe5)
core   0: 0x80009700 (0x00002f17) auipc   t5, 0x2
core   0: 3 0x80009700 (0x00002f17) x30 0x8000b700
core   0: 0x80009704 (0x903f2023) sw      gp, -1792(t5)
core   0: 3 0x80009704 (0x903f2023) mem 0x8000b000 0x00000001
core   0: 0x80009708 (0x0000bfe5) c.j     pc - 8
core   0: 3 0x80009708 (0xbfe5)
core   0: 0x80009700 (0x00002f17) auipc   t5, 0x2
core   0: 3 0x80009700 (0x00002f17) x30 0x8000b700
core   0: 0x80009704 (0x903f2023) sw      gp, -1792(t5)
core   0: 3 0x80009704 (0x903f2023) mem 0x8000b000 0x00000001
core   0: 0x80009708 (0x0000bfe5) c.j     pc - 8
core   0: 3 0x80009708 (0xbfe5)
core   0: 0x80009700 (0x00002f17) auipc   t5, 0x2
core   0: 3 0x80009700 (0x00002f17) x30 0x8000b700
core   0: 0x80009704 (0x903f2023) sw      gp, -1792(t5)
core   0: 3 0x80009704 (0x903f2023) mem 0x8000b000 0x00000001
core   0: 0x80009708 (0x0000bfe5) c.j     pc - 8
core   0: 3 0x80009708 (0xbfe5)
core   0: 0x80009700 (0x00002f17) auipc   t5, 0x2
core   0: 3 0x80009700 (0x00002f17) x30 0x8000b700
core   0: 0x80009704 (0x903f2023) sw      gp, -1792(t5)
core   0: 3 0x80009704 (0x903f2023) mem 0x8000b000 0x00000001
core   0: 0x80009708 (0x0000bfe5) c.j     pc - 8
core   0: 3 0x80009708 (0xbfe5)
core   0: 0x80009700 (0x00002f17) auipc   t5, 0x2
core   0: 3 0x80009700 (0x00002f17) x30 0x8000b700
core   0: 0x80009704 (0x903f2023) sw      gp, -1792(t5)
core   0: 3 0x80009704 (0x903f2023) mem 0x8000b000 0x00000001
core   0: 0x80009708 (0x0000bfe5) c.j     pc - 8
core   0: 3 0x80009708 (0xbfe5)
core   0: 0x80009700 (0x00002f17) auipc   t5, 0x2
core   0: 3 0x80009700 (0x00002f17) x30 0x8000b700
core   0: 0x80009704 (0x903f2023) sw      gp, -1792(t5)
core   0: 3 0x80009704 (0x903f2023) mem 0x8000b000 0x00000001
core   0: 0x80009708 (0x0000bfe5) c.j     pc - 8
core   0: 3 0x80009708 (0xbfe5)
core   0: 0x80009700 (0x00002f17) auipc   t5, 0x2
core   0: 3 0x80009700 (0x00002f17) x30 0x8000b700
core   0: 0x80009704 (0x903f2023) sw      gp, -1792(t5)
core   0: 3 0x80009704 (0x903f2023) mem 0x8000b000 0x00000001
core   0: 0x80009708 (0x0000bfe5) c.j     pc - 8
core   0: 3 0x80009708 (0xbfe5)
core   0: 0x80009700 (0x00002f17) auipc   t5, 0x2
core   0: 3 0x80009700 (0x00002f17) x30 0x8000b700
core   0: 0x80009704 (0x903f2023) sw      gp, -1792(t5)
core   0: 3 0x80009704 (0x903f2023) mem 0x8000b000 0x00000001
core   0: 0x80009708 (0x0000bfe5) c.j     pc - 8
core   0: 3 0x80009708 (0xbfe5)
core   0: 0x80009700 (0x00002f17) auipc   t5, 0x2
core   0: 3 0x80009700 (0x00002f17) x30 0x8000b700
core   0: 0x80009704 (0x903f2023) sw      gp, -1792(t5)
core   0: 3 0x80009704 (0x903f2023) mem 0x8000b000 0x00000001
core   0: 0x80009708 (0x0000bfe5) c.j     pc - 8
core   0: 3 0x80009708 (0xbfe5)
core   0: 0x80009700 (0x00002f17) auipc   t5, 0x2
core   0: 3 0x80009700 (0x00002f17) x30 0x8000b700
core   0: 0x80009704 (0x903f2023) sw      gp, -1792(t5)
core   0: 3 0x80009704 (0x903f2023) mem 0x8000b000 0x00000001
core   0: 0x80009708 (0x0000bfe5) c.j     pc - 8
core   0: 3 0x80009708 (0xbfe5)
core   0: 0x80009700 (0x00002f17) auipc   t5, 0x2
core   0: 3 0x80009700 (0x00002f17) x30 0x8000b700
core   0: 0x80009704 (0x903f2023) sw      gp, -1792(t5)
core   0: 3 0x80009704 (0x903f2023) mem 0x8000b000 0x00000001
core   0: 0x80009708 (0x0000bfe5) c.j     pc - 8
core   0: 3 0x80009708 (0xbfe5)
core   0: 0x80009700 (0x00002f17) auipc   t5, 0x2
core   0: 3 0x80009700 (0x00002f17) x30 0x8000b700
core   0: 0x80009704 (0x903f2023) sw      gp, -1792(t5)
core   0: 3 0x80009704 (0x903f2023) mem 0x8000b000 0x00000001
core   0: 0x80009708 (0x0000bfe5) c.j     pc - 8
core   0: 3 0x80009708 (0xbfe5)
core   0: 0x80009700 (0x00002f17) auipc   t5, 0x2
core   0: 3 0x80009700 (0x00002f17) x30 0x8000b700
core   0: 0x80009704 (0x903f2023) sw      gp, -1792(t5)
core   0: 3 0x80009704 (0x903f2023) mem 0x8000b000 0x00000001
core   0: 0x80009708 (0x0000bfe5) c.j     pc - 8
core   0: 3 0x80009708 (0xbfe5)
core   0: 0x80009700 (0x00002f17) auipc   t5, 0x2
core   0: 3 0x80009700 (0x00002f17) x30 0x8000b700
core   0: 0x80009704 (0x903f2023) sw      gp, -1792(t5)
core   0: 3 0x80009704 (0x903f2023) mem 0x8000b000 0x00000001
core   0: 0x80009708 (0x0000bfe5) c.j     pc - 8
core   0: 3 0x80009708 (0xbfe5)
core   0: 0x80009700 (0x00002f17) auipc   t5, 0x2
core   0: 3 0x80009700 (0x00002f17) x30 0x8000b700
core   0: 0x80009704 (0x903f2023) sw      gp, -1792(t5)
core   0: 3 0x80009704 (0x903f2023) mem 0x8000b000 0x00000001
core   0: 0x80009708 (0x0000bfe5) c.j     pc - 8
core   0: 3 0x80009708 (0xbfe5)
core   0: 0x80009700 (0x00002f17) auipc   t5, 0x2
core   0: 3 0x80009700 (0x00002f17) x30 0x8000b700
core   0: 0x80009704 (0x903f2023) sw      gp, -1792(t5)
core   0: 3 0x80009704 (0x903f2023) mem 0x8000b000 0x00000001
core   0: 0x80009708 (0x0000bfe5) c.j     pc - 8
core   0: 3 0x80009708 (0xbfe5)
core   0: 0x80009700 (0x00002f17) auipc   t5, 0x2
core   0: 3 0x80009700 (0x00002f17) x30 0x8000b700
core   0: 0x80009704 (0x903f2023) sw      gp, -1792(t5)
core   0: 3 0x80009704 (0x903f2023) mem 0x8000b000 0x00000001
core   0: 0x80009708 (0x0000bfe5) c.j     pc - 8
core   0: 3 0x80009708 (0xbfe5)
core   0: 0x80009700 (0x00002f17) auipc   t5, 0x2
core   0: 3 0x80009700 (0x00002f17) x30 0x8000b700
core   0: 0x80009704 (0x903f2023) sw      gp, -1792(t5)
core   0: 3 0x80009704 (0x903f2023) mem 0x8000b000 0x00000001
core   0: 0x80009708 (0x0000bfe5) c.j     pc - 8
core   0: 3 0x80009708 (0xbfe5)
core   0: 0x80009700 (0x00002f17) auipc   t5, 0x2
core   0: 3 0x80009700 (0x00002f17) x30 0x8000b700
core   0: 0x80009704 (0x903f2023) sw      gp, -1792(t5)
core   0: 3 0x80009704 (0x903f2023) mem 0x8000b000 0x00000001
core   0: 0x80009708 (0x0000bfe5) c.j     pc - 8
core   0: 3 0x80009708 (0xbfe5)
core   0: 0x80009700 (0x00002f17) auipc   t5, 0x2
core   0: 3 0x80009700 (0x00002f17) x30 0x8000b700
core   0: 0x80009704 (0x903f2023) sw      gp, -1792(t5)
core   0: 3 0x80009704 (0x903f2023) mem 0x8000b000 0x00000001
core   0: 0x80009708 (0x0000bfe5) c.j     pc - 8
core   0: 3 0x80009708 (0xbfe5)
core   0: 0x80009700 (0x00002f17) auipc   t5, 0x2
core   0: 3 0x80009700 (0x00002f17) x30 0x8000b700
core   0: 0x80009704 (0x903f2023) sw      gp, -1792(t5)
core   0: 3 0x80009704 (0x903f2023) mem 0x8000b000 0x00000001
core   0: 0x80009708 (0x0000bfe5) c.j     pc - 8
core   0: 3 0x80009708 (0xbfe5)
core   0: 0x80009700 (0x00002f17) auipc   t5, 0x2
core   0: 3 0x80009700 (0x00002f17) x30 0x8000b700
core   0: 0x80009704 (0x903f2023) sw      gp, -1792(t5)
core   0: 3 0x80009704 (0x903f2023) mem 0x8000b000 0x00000001
core   0: 0x80009708 (0x0000bfe5) c.j     pc - 8
core   0: 3 0x80009708 (0xbfe5)
core   0: 0x80009700 (0x00002f17) auipc   t5, 0x2
core   0: 3 0x80009700 (0x00002f17) x30 0x8000b700
core   0: 0x80009704 (0x903f2023) sw      gp, -1792(t5)
core   0: 3 0x80009704 (0x903f2023) mem 0x8000b000 0x00000001
core   0: 0x80009708 (0x0000bfe5) c.j     pc - 8
core   0: 3 0x80009708 (0xbfe5)
core   0: 0x80009700 (0x00002f17) auipc   t5, 0x2
core   0: 3 0x80009700 (0x00002f17) x30 0x8000b700
core   0: 0x80009704 (0x903f2023) sw      gp, -1792(t5)
core   0: 3 0x80009704 (0x903f2023) mem 0x8000b000 0x00000001
core   0: 0x80009708 (0x0000bfe5) c.j     pc - 8
core   0: 3 0x80009708 (0xbfe5)
core   0: 0x80009700 (0x00002f17) auipc   t5, 0x2
core   0: 3 0x80009700 (0x00002f17) x30 0x8000b700
core   0: 0x80009704 (0x903f2023) sw      gp, -1792(t5)
core   0: 3 0x80009704 (0x903f2023) mem 0x8000b000 0x00000001
core   0: 0x80009708 (0x0000bfe5) c.j     pc - 8
core   0: 3 0x80009708 (0xbfe5)
core   0: 0x80009700 (0x00002f17) auipc   t5, 0x2
core   0: 3 0x80009700 (0x00002f17) x30 0x8000b700
core   0: 0x80009704 (0x903f2023) sw      gp, -1792(t5)
core   0: 3 0x80009704 (0x903f2023) mem 0x8000b000 0x00000001
core   0: 0x80009708 (0x0000bfe5) c.j     pc - 8
core   0: 3 0x80009708 (0xbfe5)
core   0: 0x80009700 (0x00002f17) auipc   t5, 0x2
core   0: 3 0x80009700 (0x00002f17) x30 0x8000b700
core   0: 0x80009704 (0x903f2023) sw      gp, -1792(t5)
core   0: 3 0x80009704 (0x903f2023) mem 0x8000b000 0x00000001
core   0: 0x80009708 (0x0000bfe5) c.j     pc - 8
core   0: 3 0x80009708 (0xbfe5)
core   0: 0x80009700 (0x00002f17) auipc   t5, 0x2
core   0: 3 0x80009700 (0x00002f17) x30 0x8000b700
core   0: 0x80009704 (0x903f2023) sw      gp, -1792(t5)
core   0: 3 0x80009704 (0x903f2023) mem 0x8000b000 0x00000001
core   0: 0x80009708 (0x0000bfe5) c.j     pc - 8
core   0: 3 0x80009708 (0xbfe5)
core   0: 0x80009700 (0x00002f17) auipc   t5, 0x2
core   0: 3 0x80009700 (0x00002f17) x30 0x8000b700
core   0: 0x80009704 (0x903f2023) sw      gp, -1792(t5)
core   0: 3 0x80009704 (0x903f2023) mem 0x8000b000 0x00000001
core   0: 0x80009708 (0x0000bfe5) c.j     pc - 8
core   0: 3 0x80009708 (0xbfe5)
core   0: 0x80009700 (0x00002f17) auipc   t5, 0x2
core   0: 3 0x80009700 (0x00002f17) x30 0x8000b700
core   0: 0x80009704 (0x903f2023) sw      gp, -1792(t5)
core   0: 3 0x80009704 (0x903f2023) mem 0x8000b000 0x00000001
core   0: 0x80009708 (0x0000bfe5) c.j     pc - 8
core   0: 3 0x80009708 (0xbfe5)
core   0: 0x80009700 (0x00002f17) auipc   t5, 0x2
core   0: 3 0x80009700 (0x00002f17) x30 0x8000b700
core   0: 0x80009704 (0x903f2023) sw      gp, -1792(t5)
core   0: 3 0x80009704 (0x903f2023) mem 0x8000b000 0x00000001
core   0: 0x80009708 (0x0000bfe5) c.j     pc - 8
core   0: 3 0x80009708 (0xbfe5)
core   0: 0x80009700 (0x00002f17) auipc   t5, 0x2
core   0: 3 0x80009700 (0x00002f17) x30 0x8000b700
core   0: 0x80009704 (0x903f2023) sw      gp, -1792(t5)
core   0: 3 0x80009704 (0x903f2023) mem 0x8000b000 0x00000001
core   0: 0x80009708 (0x0000bfe5) c.j     pc - 8
core   0: 3 0x80009708 (0xbfe5)
core   0: 0x80009700 (0x00002f17) auipc   t5, 0x2
core   0: 3 0x80009700 (0x00002f17) x30 0x8000b700
core   0: 0x80009704 (0x903f2023) sw      gp, -1792(t5)
core   0: 3 0x80009704 (0x903f2023) mem 0x8000b000 0x00000001
core   0: 0x80009708 (0x0000bfe5) c.j     pc - 8
core   0: 3 0x80009708 (0xbfe5)
core   0: 0x80009700 (0x00002f17) auipc   t5, 0x2
core   0: 3 0x80009700 (0x00002f17) x30 0x8000b700
core   0: 0x80009704 (0x903f2023) sw      gp, -1792(t5)
core   0: 3 0x80009704 (0x903f2023) mem 0x8000b000 0x00000001
core   0: 0x80009708 (0x0000bfe5) c.j     pc - 8
core   0: 3 0x80009708 (0xbfe5)
core   0: 0x80009700 (0x00002f17) auipc   t5, 0x2
core   0: 3 0x80009700 (0x00002f17) x30 0x8000b700
core   0: 0x80009704 (0x903f2023) sw      gp, -1792(t5)
core   0: 3 0x80009704 (0x903f2023) mem 0x8000b000 0x00000001
core   0: 0x80009708 (0x0000bfe5) c.j     pc - 8
core   0: 3 0x80009708 (0xbfe5)
core   0: 0x80009700 (0x00002f17) auipc   t5, 0x2
core   0: 3 0x80009700 (0x00002f17) x30 0x8000b700
core   0: 0x80009704 (0x903f2023) sw      gp, -1792(t5)
core   0: 3 0x80009704 (0x903f2023) mem 0x8000b000 0x00000001
core   0: 0x80009708 (0x0000bfe5) c.j     pc - 8
core   0: 3 0x80009708 (0xbfe5)
core   0: 0x80009700 (0x00002f17) auipc   t5, 0x2
core   0: 3 0x80009700 (0x00002f17) x30 0x8000b700
core   0: 0x80009704 (0x903f2023) sw      gp, -1792(t5)
core   0: 3 0x80009704 (0x903f2023) mem 0x8000b000 0x00000001
core   0: 0x80009708 (0x0000bfe5) c.j     pc - 8
core   0: 3 0x80009708 (0xbfe5)
core   0: 0x80009700 (0x00002f17) auipc   t5, 0x2
core   0: 3 0x80009700 (0x00002f17) x30 0x8000b700
core   0: 0x80009704 (0x903f2023) sw      gp, -1792(t5)
core   0: 3 0x80009704 (0x903f2023) mem 0x8000b000 0x00000001
core   0: 0x80009708 (0x0000bfe5) c.j     pc - 8
core   0: 3 0x80009708 (0xbfe5)
core   0: 0x80009700 (0x00002f17) auipc   t5, 0x2
core   0: 3 0x80009700 (0x00002f17) x30 0x8000b700
core   0: 0x80009704 (0x903f2023) sw      gp, -1792(t5)
core   0: 3 0x80009704 (0x903f2023) mem 0x8000b000 0x00000001
core   0: 0x80009708 (0x0000bfe5) c.j     pc - 8
core   0: 3 0x80009708 (0xbfe5)
core   0: 0x80009700 (0x00002f17) auipc   t5, 0x2
core   0: 3 0x80009700 (0x00002f17) x30 0x8000b700
core   0: 0x80009704 (0x903f2023) sw      gp, -1792(t5)
core   0: 3 0x80009704 (0x903f2023) mem 0x8000b000 0x00000001
core   0: 0x80009708 (0x0000bfe5) c.j     pc - 8
core   0: 3 0x80009708 (0xbfe5)
core   0: 0x80009700 (0x00002f17) auipc   t5, 0x2
core   0: 3 0x80009700 (0x00002f17) x30 0x8000b700
core   0: 0x80009704 (0x903f2023) sw      gp, -1792(t5)
core   0: 3 0x80009704 (0x903f2023) mem 0x8000b000 0x00000001
core   0: 0x80009708 (0x0000bfe5) c.j     pc - 8
core   0: 3 0x80009708 (0xbfe5)
core   0: 0x80009700 (0x00002f17) auipc   t5, 0x2
core   0: 3 0x80009700 (0x00002f17) x30 0x8000b700
core   0: 0x80009704 (0x903f2023) sw      gp, -1792(t5)
core   0: 3 0x80009704 (0x903f2023) mem 0x8000b000 0x00000001
core   0: 0x80009708 (0x0000bfe5) c.j     pc - 8
core   0: 3 0x80009708 (0xbfe5)
core   0: 0x80009700 (0x00002f17) auipc   t5, 0x2
core   0: 3 0x80009700 (0x00002f17) x30 0x8000b700
core   0: 0x80009704 (0x903f2023) sw      gp, -1792(t5)
core   0: 3 0x80009704 (0x903f2023) mem 0x8000b000 0x00000001
core   0: 0x80009708 (0x0000bfe5) c.j     pc - 8
core   0: 3 0x80009708 (0xbfe5)
core   0: 0x80009700 (0x00002f17) auipc   t5, 0x2
core   0: 3 0x80009700 (0x00002f17) x30 0x8000b700
core   0: 0x80009704 (0x903f2023) sw      gp, -1792(t5)
core   0: 3 0x80009704 (0x903f2023) mem 0x8000b000 0x00000001
core   0: 0x80009708 (0x0000bfe5) c.j     pc - 8
core   0: 3 0x80009708 (0xbfe5)
core   0: 0x80009700 (0x00002f17) auipc   t5, 0x2
core   0: 3 0x80009700 (0x00002f17) x30 0x8000b700
core   0: 0x80009704 (0x903f2023) sw      gp, -1792(t5)
core   0: 3 0x80009704 (0x903f2023) mem 0x8000b000 0x00000001
core   0: 0x80009708 (0x0000bfe5) c.j     pc - 8
core   0: 3 0x80009708 (0xbfe5)
core   0: 0x80009700 (0x00002f17) auipc   t5, 0x2
core   0: 3 0x80009700 (0x00002f17) x30 0x8000b700
core   0: 0x80009704 (0x903f2023) sw      gp, -1792(t5)
core   0: 3 0x80009704 (0x903f2023) mem 0x8000b000 0x00000001
core   0: 0x80009708 (0x0000bfe5) c.j     pc - 8
core   0: 3 0x80009708 (0xbfe5)
core   0: 0x80009700 (0x00002f17) auipc   t5, 0x2
core   0: 3 0x80009700 (0x00002f17) x30 0x8000b700
core   0: 0x80009704 (0x903f2023) sw      gp, -1792(t5)
core   0: 3 0x80009704 (0x903f2023) mem 0x8000b000 0x00000001
core   0: 0x80009708 (0x0000bfe5) c.j     pc - 8
core   0: 3 0x80009708 (0xbfe5)
core   0: 0x80009700 (0x00002f17) auipc   t5, 0x2
core   0: 3 0x80009700 (0x00002f17) x30 0x8000b700
core   0: 0x80009704 (0x903f2023) sw      gp, -1792(t5)
core   0: 3 0x80009704 (0x903f2023) mem 0x8000b000 0x00000001
core   0: 0x80009708 (0x0000bfe5) c.j     pc - 8
core   0: 3 0x80009708 (0xbfe5)
core   0: 0x80009700 (0x00002f17) auipc   t5, 0x2
core   0: 3 0x80009700 (0x00002f17) x30 0x8000b700
core   0: 0x80009704 (0x903f2023) sw      gp, -1792(t5)
core   0: 3 0x80009704 (0x903f2023) mem 0x8000b000 0x00000001
core   0: 0x80009708 (0x0000bfe5) c.j     pc - 8
core   0: 3 0x80009708 (0xbfe5)
core   0: 0x80009700 (0x00002f17) auipc   t5, 0x2
core   0: 3 0x80009700 (0x00002f17) x30 0x8000b700
core   0: 0x80009704 (0x903f2023) sw      gp, -1792(t5)
core   0: 3 0x80009704 (0x903f2023) mem 0x8000b000 0x00000001
core   0: 0x80009708 (0x0000bfe5) c.j     pc - 8
core   0: 3 0x80009708 (0xbfe5)
core   0: 0x80009700 (0x00002f17) auipc   t5, 0x2
core   0: 3 0x80009700 (0x00002f17) x30 0x8000b700
core   0: 0x80009704 (0x903f2023) sw      gp, -1792(t5)
core   0: 3 0x80009704 (0x903f2023) mem 0x8000b000 0x00000001
core   0: 0x80009708 (0x0000bfe5) c.j     pc - 8
core   0: 3 0x80009708 (0xbfe5)
core   0: 0x80009700 (0x00002f17) auipc   t5, 0x2
core   0: 3 0x80009700 (0x00002f17) x30 0x8000b700
core   0: 0x80009704 (0x903f2023) sw      gp, -1792(t5)
core   0: 3 0x80009704 (0x903f2023) mem 0x8000b000 0x00000001
core   0: 0x80009708 (0x0000bfe5) c.j     pc - 8
core   0: 3 0x80009708 (0xbfe5)
core   0: 0x80009700 (0x00002f17) auipc   t5, 0x2
core   0: 3 0x80009700 (0x00002f17) x30 0x8000b700
core   0: 0x80009704 (0x903f2023) sw      gp, -1792(t5)
core   0: 3 0x80009704 (0x903f2023) mem 0x8000b000 0x00000001
core   0: 0x80009708 (0x0000bfe5) c.j     pc - 8
core   0: 3 0x80009708 (0xbfe5)
core   0: 0x80009700 (0x00002f17) auipc   t5, 0x2
core   0: 3 0x80009700 (0x00002f17) x30 0x8000b700
core   0: 0x80009704 (0x903f2023) sw      gp, -1792(t5)
core   0: 3 0x80009704 (0x903f2023) mem 0x8000b000 0x00000001
core   0: 0x80009708 (0x0000bfe5) c.j     pc - 8
core   0: 3 0x80009708 (0xbfe5)
core   0: 0x80009700 (0x00002f17) auipc   t5, 0x2
core   0: 3 0x80009700 (0x00002f17) x30 0x8000b700
core   0: 0x80009704 (0x903f2023) sw      gp, -1792(t5)
core   0: 3 0x80009704 (0x903f2023) mem 0x8000b000 0x00000001
core   0: 0x80009708 (0x0000bfe5) c.j     pc - 8
core   0: 3 0x80009708 (0xbfe5)
core   0: 0x80009700 (0x00002f17) auipc   t5, 0x2
core   0: 3 0x80009700 (0x00002f17) x30 0x8000b700
core   0: 0x80009704 (0x903f2023) sw      gp, -1792(t5)
core   0: 3 0x80009704 (0x903f2023) mem 0x8000b000 0x00000001
core   0: 0x80009708 (0x0000bfe5) c.j     pc - 8
core   0: 3 0x80009708 (0xbfe5)
core   0: 0x80009700 (0x00002f17) auipc   t5, 0x2
core   0: 3 0x80009700 (0x00002f17) x30 0x8000b700
core   0: 0x80009704 (0x903f2023) sw      gp, -1792(t5)
core   0: 3 0x80009704 (0x903f2023) mem 0x8000b000 0x00000001
core   0: 0x80009708 (0x0000bfe5) c.j     pc - 8
core   0: 3 0x80009708 (0xbfe5)
core   0: 0x80009700 (0x00002f17) auipc   t5, 0x2
core   0: 3 0x80009700 (0x00002f17) x30 0x8000b700
core   0: 0x80009704 (0x903f2023) sw      gp, -1792(t5)
core   0: 3 0x80009704 (0x903f2023) mem 0x8000b000 0x00000001
core   0: 0x80009708 (0x0000bfe5) c.j     pc - 8
core   0: 3 0x80009708 (0xbfe5)
core   0: 0x80009700 (0x00002f17) auipc   t5, 0x2
core   0: 3 0x80009700 (0x00002f17) x30 0x8000b700
core   0: 0x80009704 (0x903f2023) sw      gp, -1792(t5)
core   0: 3 0x80009704 (0x903f2023) mem 0x8000b000 0x00000001
core   0: 0x80009708 (0x0000bfe5) c.j     pc - 8
core   0: 3 0x80009708 (0xbfe5)
core   0: 0x80009700 (0x00002f17) auipc   t5, 0x2
core   0: 3 0x80009700 (0x00002f17) x30 0x8000b700
core   0: 0x80009704 (0x903f2023) sw      gp, -1792(t5)
core   0: 3 0x80009704 (0x903f2023) mem 0x8000b000 0x00000001
core   0: 0x80009708 (0x0000bfe5) c.j     pc - 8
core   0: 3 0x80009708 (0xbfe5)
core   0: 0x80009700 (0x00002f17) auipc   t5, 0x2
core   0: 3 0x80009700 (0x00002f17) x30 0x8000b700
core   0: 0x80009704 (0x903f2023) sw      gp, -1792(t5)
core   0: 3 0x80009704 (0x903f2023) mem 0x8000b000 0x00000001
core   0: 0x80009708 (0x0000bfe5) c.j     pc - 8
core   0: 3 0x80009708 (0xbfe5)
core   0: 0x80009700 (0x00002f17) auipc   t5, 0x2
core   0: 3 0x80009700 (0x00002f17) x30 0x8000b700
core   0: 0x80009704 (0x903f2023) sw      gp, -1792(t5)
core   0: 3 0x80009704 (0x903f2023) mem 0x8000b000 0x00000001
core   0: 0x80009708 (0x0000bfe5) c.j     pc - 8
core   0: 3 0x80009708 (0xbfe5)
core   0: 0x80009700 (0x00002f17) auipc   t5, 0x2
core   0: 3 0x80009700 (0x00002f17) x30 0x8000b700
core   0: 0x80009704 (0x903f2023) sw      gp, -1792(t5)
core   0: 3 0x80009704 (0x903f2023) mem 0x8000b000 0x00000001
core   0: 0x80009708 (0x0000bfe5) c.j     pc - 8
core   0: 3 0x80009708 (0xbfe5)
core   0: 0x80009700 (0x00002f17) auipc   t5, 0x2
core   0: 3 0x80009700 (0x00002f17) x30 0x8000b700
core   0: 0x80009704 (0x903f2023) sw      gp, -1792(t5)
core   0: 3 0x80009704 (0x903f2023) mem 0x8000b000 0x00000001
core   0: 0x80009708 (0x0000bfe5) c.j     pc - 8
core   0: 3 0x80009708 (0xbfe5)
core   0: 0x80009700 (0x00002f17) auipc   t5, 0x2
core   0: 3 0x80009700 (0x00002f17) x30 0x8000b700
core   0: 0x80009704 (0x903f2023) sw      gp, -1792(t5)
core   0: 3 0x80009704 (0x903f2023) mem 0x8000b000 0x00000001
core   0: 0x80009708 (0x0000bfe5) c.j     pc - 8
core   0: 3 0x80009708 (0xbfe5)
core   0: 0x80009700 (0x00002f17) auipc   t5, 0x2
core   0: 3 0x80009700 (0x00002f17) x30 0x8000b700
core   0: 0x80009704 (0x903f2023) sw      gp, -1792(t5)
core   0: 3 0x80009704 (0x903f2023) mem 0x8000b000 0x00000001
core   0: 0x80009708 (0x0000bfe5) c.j     pc - 8
core   0: 3 0x80009708 (0xbfe5)
core   0: 0x80009700 (0x00002f17) auipc   t5, 0x2
core   0: 3 0x80009700 (0x00002f17) x30 0x8000b700
core   0: 0x80009704 (0x903f2023) sw      gp, -1792(t5)
core   0: 3 0x80009704 (0x903f2023) mem 0x8000b000 0x00000001
core   0: 0x80009708 (0x0000bfe5) c.j     pc - 8
core   0: 3 0x80009708 (0xbfe5)
core   0: 0x80009700 (0x00002f17) auipc   t5, 0x2
core   0: 3 0x80009700 (0x00002f17) x30 0x8000b700
core   0: 0x80009704 (0x903f2023) sw      gp, -1792(t5)
core   0: 3 0x80009704 (0x903f2023) mem 0x8000b000 0x00000001
core   0: 0x80009708 (0x0000bfe5) c.j     pc - 8
core   0: 3 0x80009708 (0xbfe5)
core   0: 0x80009700 (0x00002f17) auipc   t5, 0x2
core   0: 3 0x80009700 (0x00002f17) x30 0x8000b700
core   0: 0x80009704 (0x903f2023) sw      gp, -1792(t5)
core   0: 3 0x80009704 (0x903f2023) mem 0x8000b000 0x00000001
core   0: 0x80009708 (0x0000bfe5) c.j     pc - 8
core   0: 3 0x80009708 (0xbfe5)
core   0: 0x80009700 (0x00002f17) auipc   t5, 0x2
core   0: 3 0x80009700 (0x00002f17) x30 0x8000b700
core   0: 0x80009704 (0x903f2023) sw      gp, -1792(t5)
core   0: 3 0x80009704 (0x903f2023) mem 0x8000b000 0x00000001
core   0: 0x80009708 (0x0000bfe5) c.j     pc - 8
core   0: 3 0x80009708 (0xbfe5)
core   0: 0x80009700 (0x00002f17) auipc   t5, 0x2
core   0: 3 0x80009700 (0x00002f17) x30 0x8000b700
core   0: 0x80009704 (0x903f2023) sw      gp, -1792(t5)
core   0: 3 0x80009704 (0x903f2023) mem 0x8000b000 0x00000001
core   0: 0x80009708 (0x0000bfe5) c.j     pc - 8
core   0: 3 0x80009708 (0xbfe5)
core   0: 0x80009700 (0x00002f17) auipc   t5, 0x2
core   0: 3 0x80009700 (0x00002f17) x30 0x8000b700
core   0: 0x80009704 (0x903f2023) sw      gp, -1792(t5)
core   0: 3 0x80009704 (0x903f2023) mem 0x8000b000 0x00000001
core   0: 0x80009708 (0x0000bfe5) c.j     pc - 8
core   0: 3 0x80009708 (0xbfe5)
core   0: 0x80009700 (0x00002f17) auipc   t5, 0x2
core   0: 3 0x80009700 (0x00002f17) x30 0x8000b700
core   0: 0x80009704 (0x903f2023) sw      gp, -1792(t5)
core   0: 3 0x80009704 (0x903f2023) mem 0x8000b000 0x00000001
core   0: 0x80009708 (0x0000bfe5) c.j     pc - 8
core   0: 3 0x80009708 (0xbfe5)
core   0: 0x80009700 (0x00002f17) auipc   t5, 0x2
core   0: 3 0x80009700 (0x00002f17) x30 0x8000b700
core   0: 0x80009704 (0x903f2023) sw      gp, -1792(t5)
core   0: 3 0x80009704 (0x903f2023) mem 0x8000b000 0x00000001
core   0: 0x80009708 (0x0000bfe5) c.j     pc - 8
core   0: 3 0x80009708 (0xbfe5)
core   0: 0x80009700 (0x00002f17) auipc   t5, 0x2
core   0: 3 0x80009700 (0x00002f17) x30 0x8000b700
core   0: 0x80009704 (0x903f2023) sw      gp, -1792(t5)
core   0: 3 0x80009704 (0x903f2023) mem 0x8000b000 0x00000001
core   0: 0x80009708 (0x0000bfe5) c.j     pc - 8
core   0: 3 0x80009708 (0xbfe5)
core   0: 0x80009700 (0x00002f17) auipc   t5, 0x2
core   0: 3 0x80009700 (0x00002f17) x30 0x8000b700
core   0: 0x80009704 (0x903f2023) sw      gp, -1792(t5)
core   0: 3 0x80009704 (0x903f2023) mem 0x8000b000 0x00000001
core   0: 0x80009708 (0x0000bfe5) c.j     pc - 8
core   0: 3 0x80009708 (0xbfe5)
core   0: 0x80009700 (0x00002f17) auipc   t5, 0x2
core   0: 3 0x80009700 (0x00002f17) x30 0x8000b700
core   0: 0x80009704 (0x903f2023) sw      gp, -1792(t5)
core   0: 3 0x80009704 (0x903f2023) mem 0x8000b000 0x00000001
core   0: 0x80009708 (0x0000bfe5) c.j     pc - 8
core   0: 3 0x80009708 (0xbfe5)
core   0: 0x80009700 (0x00002f17) auipc   t5, 0x2
core   0: 3 0x80009700 (0x00002f17) x30 0x8000b700
core   0: 0x80009704 (0x903f2023) sw      gp, -1792(t5)
core   0: 3 0x80009704 (0x903f2023) mem 0x8000b000 0x00000001
core   0: 0x80009708 (0x0000bfe5) c.j     pc - 8
core   0: 3 0x80009708 (0xbfe5)
core   0: 0x80009700 (0x00002f17) auipc   t5, 0x2
core   0: 3 0x80009700 (0x00002f17) x30 0x8000b700
core   0: 0x80009704 (0x903f2023) sw      gp, -1792(t5)
core   0: 3 0x80009704 (0x903f2023) mem 0x8000b000 0x00000001
core   0: 0x80009708 (0x0000bfe5) c.j     pc - 8
core   0: 3 0x80009708 (0xbfe5)
core   0: 0x80009700 (0x00002f17) auipc   t5, 0x2
core   0: 3 0x80009700 (0x00002f17) x30 0x8000b700
core   0: 0x80009704 (0x903f2023) sw      gp, -1792(t5)
core   0: 3 0x80009704 (0x903f2023) mem 0x8000b000 0x00000001
core   0: 0x80009708 (0x0000bfe5) c.j     pc - 8
core   0: 3 0x80009708 (0xbfe5)
core   0: 0x80009700 (0x00002f17) auipc   t5, 0x2
core   0: 3 0x80009700 (0x00002f17) x30 0x8000b700
core   0: 0x80009704 (0x903f2023) sw      gp, -1792(t5)
core   0: 3 0x80009704 (0x903f2023) mem 0x8000b000 0x00000001
core   0: 0x80009708 (0x0000bfe5) c.j     pc - 8
core   0: 3 0x80009708 (0xbfe5)
core   0: 0x80009700 (0x00002f17) auipc   t5, 0x2
core   0: 3 0x80009700 (0x00002f17) x30 0x8000b700
core   0: 0x80009704 (0x903f2023) sw      gp, -1792(t5)
core   0: 3 0x80009704 (0x903f2023) mem 0x8000b000 0x00000001
core   0: 0x80009708 (0x0000bfe5) c.j     pc - 8
core   0: 3 0x80009708 (0xbfe5)
core   0: 0x80009700 (0x00002f17) auipc   t5, 0x2
core   0: 3 0x80009700 (0x00002f17) x30 0x8000b700
core   0: 0x80009704 (0x903f2023) sw      gp, -1792(t5)
core   0: 3 0x80009704 (0x903f2023) mem 0x8000b000 0x00000001
core   0: 0x80009708 (0x0000bfe5) c.j     pc - 8
core   0: 3 0x80009708 (0xbfe5)
core   0: 0x80009700 (0x00002f17) auipc   t5, 0x2
core   0: 3 0x80009700 (0x00002f17) x30 0x8000b700
core   0: 0x80009704 (0x903f2023) sw      gp, -1792(t5)
core   0: 3 0x80009704 (0x903f2023) mem 0x8000b000 0x00000001
core   0: 0x80009708 (0x0000bfe5) c.j     pc - 8
core   0: 3 0x80009708 (0xbfe5)
core   0: 0x80009700 (0x00002f17) auipc   t5, 0x2
core   0: 3 0x80009700 (0x00002f17) x30 0x8000b700
core   0: 0x80009704 (0x903f2023) sw      gp, -1792(t5)
core   0: 3 0x80009704 (0x903f2023) mem 0x8000b000 0x00000001
core   0: 0x80009708 (0x0000bfe5) c.j     pc - 8
core   0: 3 0x80009708 (0xbfe5)
core   0: 0x80009700 (0x00002f17) auipc   t5, 0x2
core   0: 3 0x80009700 (0x00002f17) x30 0x8000b700
core   0: 0x80009704 (0x903f2023) sw      gp, -1792(t5)
core   0: 3 0x80009704 (0x903f2023) mem 0x8000b000 0x00000001
core   0: 0x80009708 (0x0000bfe5) c.j     pc - 8
core   0: 3 0x80009708 (0xbfe5)
core   0: 0x80009700 (0x00002f17) auipc   t5, 0x2
core   0: 3 0x80009700 (0x00002f17) x30 0x8000b700
core   0: 0x80009704 (0x903f2023) sw      gp, -1792(t5)
core   0: 3 0x80009704 (0x903f2023) mem 0x8000b000 0x00000001
core   0: 0x80009708 (0x0000bfe5) c.j     pc - 8
core   0: 3 0x80009708 (0xbfe5)
core   0: 0x80009700 (0x00002f17) auipc   t5, 0x2
core   0: 3 0x80009700 (0x00002f17) x30 0x8000b700
core   0: 0x80009704 (0x903f2023) sw      gp, -1792(t5)
core   0: 3 0x80009704 (0x903f2023) mem 0x8000b000 0x00000001
core   0: 0x80009708 (0x0000bfe5) c.j     pc - 8
core   0: 3 0x80009708 (0xbfe5)
core   0: 0x80009700 (0x00002f17) auipc   t5, 0x2
core   0: 3 0x80009700 (0x00002f17) x30 0x8000b700
core   0: 0x80009704 (0x903f2023) sw      gp, -1792(t5)
core   0: 3 0x80009704 (0x903f2023) mem 0x8000b000 0x00000001
core   0: 0x80009708 (0x0000bfe5) c.j     pc - 8
core   0: 3 0x80009708 (0xbfe5)
core   0: 0x80009700 (0x00002f17) auipc   t5, 0x2
core   0: 3 0x80009700 (0x00002f17) x30 0x8000b700
core   0: 0x80009704 (0x903f2023) sw      gp, -1792(t5)
core   0: 3 0x80009704 (0x903f2023) mem 0x8000b000 0x00000001
core   0: 0x80009708 (0x0000bfe5) c.j     pc - 8
core   0: 3 0x80009708 (0xbfe5)
core   0: 0x80009700 (0x00002f17) auipc   t5, 0x2
core   0: 3 0x80009700 (0x00002f17) x30 0x8000b700
core   0: 0x80009704 (0x903f2023) sw      gp, -1792(t5)
core   0: 3 0x80009704 (0x903f2023) mem 0x8000b000 0x00000001
core   0: 0x80009708 (0x0000bfe5) c.j     pc - 8
core   0: 3 0x80009708 (0xbfe5)
core   0: 0x80009700 (0x00002f17) auipc   t5, 0x2
core   0: 3 0x80009700 (0x00002f17) x30 0x8000b700
core   0: 0x80009704 (0x903f2023) sw      gp, -1792(t5)
core   0: 3 0x80009704 (0x903f2023) mem 0x8000b000 0x00000001
core   0: 0x80009708 (0x0000bfe5) c.j     pc - 8
core   0: 3 0x80009708 (0xbfe5)
core   0: 0x80009700 (0x00002f17) auipc   t5, 0x2
core   0: 3 0x80009700 (0x00002f17) x30 0x8000b700
core   0: 0x80009704 (0x903f2023) sw      gp, -1792(t5)
core   0: 3 0x80009704 (0x903f2023) mem 0x8000b000 0x00000001
core   0: 0x80009708 (0x0000bfe5) c.j     pc - 8
core   0: 3 0x80009708 (0xbfe5)
core   0: 0x80009700 (0x00002f17) auipc   t5, 0x2
core   0: 3 0x80009700 (0x00002f17) x30 0x8000b700
core   0: 0x80009704 (0x903f2023) sw      gp, -1792(t5)
core   0: 3 0x80009704 (0x903f2023) mem 0x8000b000 0x00000001
core   0: 0x80009708 (0x0000bfe5) c.j     pc - 8
core   0: 3 0x80009708 (0xbfe5)
core   0: 0x80009700 (0x00002f17) auipc   t5, 0x2
core   0: 3 0x80009700 (0x00002f17) x30 0x8000b700
core   0: 0x80009704 (0x903f2023) sw      gp, -1792(t5)
core   0: 3 0x80009704 (0x903f2023) mem 0x8000b000 0x00000001
core   0: 0x80009708 (0x0000bfe5) c.j     pc - 8
core   0: 3 0x80009708 (0xbfe5)
core   0: 0x80009700 (0x00002f17) auipc   t5, 0x2
core   0: 3 0x80009700 (0x00002f17) x30 0x8000b700
core   0: 0x80009704 (0x903f2023) sw      gp, -1792(t5)
core   0: 3 0x80009704 (0x903f2023) mem 0x8000b000 0x00000001
core   0: 0x80009708 (0x0000bfe5) c.j     pc - 8
core   0: 3 0x80009708 (0xbfe5)
core   0: 0x80009700 (0x00002f17) auipc   t5, 0x2
core   0: 3 0x80009700 (0x00002f17) x30 0x8000b700
core   0: 0x80009704 (0x903f2023) sw      gp, -1792(t5)
core   0: 3 0x80009704 (0x903f2023) mem 0x8000b000 0x00000001
core   0: 0x80009708 (0x0000bfe5) c.j     pc - 8
core   0: 3 0x80009708 (0xbfe5)
core   0: 0x80009700 (0x00002f17) auipc   t5, 0x2
core   0: 3 0x80009700 (0x00002f17) x30 0x8000b700
core   0: 0x80009704 (0x903f2023) sw      gp, -1792(t5)
core   0: 3 0x80009704 (0x903f2023) mem 0x8000b000 0x00000001
core   0: 0x80009708 (0x0000bfe5) c.j     pc - 8
core   0: 3 0x80009708 (0xbfe5)
core   0: 0x80009700 (0x00002f17) auipc   t5, 0x2
core   0: 3 0x80009700 (0x00002f17) x30 0x8000b700
core   0: 0x80009704 (0x903f2023) sw      gp, -1792(t5)
core   0: 3 0x80009704 (0x903f2023) mem 0x8000b000 0x00000001
core   0: 0x80009708 (0x0000bfe5) c.j     pc - 8
core   0: 3 0x80009708 (0xbfe5)
core   0: 0x80009700 (0x00002f17) auipc   t5, 0x2
core   0: 3 0x80009700 (0x00002f17) x30 0x8000b700
core   0: 0x80009704 (0x903f2023) sw      gp, -1792(t5)
core   0: 3 0x80009704 (0x903f2023) mem 0x8000b000 0x00000001
core   0: 0x80009708 (0x0000bfe5) c.j     pc - 8
core   0: 3 0x80009708 (0xbfe5)
core   0: 0x80009700 (0x00002f17) auipc   t5, 0x2
core   0: 3 0x80009700 (0x00002f17) x30 0x8000b700
core   0: 0x80009704 (0x903f2023) sw      gp, -1792(t5)
core   0: 3 0x80009704 (0x903f2023) mem 0x8000b000 0x00000001
core   0: 0x80009708 (0x0000bfe5) c.j     pc - 8
core   0: 3 0x80009708 (0xbfe5)
core   0: 0x80009700 (0x00002f17) auipc   t5, 0x2
core   0: 3 0x80009700 (0x00002f17) x30 0x8000b700
core   0: 0x80009704 (0x903f2023) sw      gp, -1792(t5)
core   0: 3 0x80009704 (0x903f2023) mem 0x8000b000 0x00000001
core   0: 0x80009708 (0x0000bfe5) c.j     pc - 8
core   0: 3 0x80009708 (0xbfe5)
core   0: 0x80009700 (0x00002f17) auipc   t5, 0x2
core   0: 3 0x80009700 (0x00002f17) x30 0x8000b700
core   0: 0x80009704 (0x903f2023) sw      gp, -1792(t5)
core   0: 3 0x80009704 (0x903f2023) mem 0x8000b000 0x00000001
core   0: 0x80009708 (0x0000bfe5) c.j     pc - 8
core   0: 3 0x80009708 (0xbfe5)
core   0: 0x80009700 (0x00002f17) auipc   t5, 0x2
core   0: 3 0x80009700 (0x00002f17) x30 0x8000b700
core   0: 0x80009704 (0x903f2023) sw      gp, -1792(t5)
core   0: 3 0x80009704 (0x903f2023) mem 0x8000b000 0x00000001
core   0: 0x80009708 (0x0000bfe5) c.j     pc - 8
core   0: 3 0x80009708 (0xbfe5)
core   0: 0x80009700 (0x00002f17) auipc   t5, 0x2
core   0: 3 0x80009700 (0x00002f17) x30 0x8000b700
core   0: 0x80009704 (0x903f2023) sw      gp, -1792(t5)
core   0: 3 0x80009704 (0x903f2023) mem 0x8000b000 0x00000001
core   0: 0x80009708 (0x0000bfe5) c.j     pc - 8
core   0: 3 0x80009708 (0xbfe5)
core   0: 0x80009700 (0x00002f17) auipc   t5, 0x2
core   0: 3 0x80009700 (0x00002f17) x30 0x8000b700
core   0: 0x80009704 (0x903f2023) sw      gp, -1792(t5)
core   0: 3 0x80009704 (0x903f2023) mem 0x8000b000 0x00000001
core   0: 0x80009708 (0x0000bfe5) c.j     pc - 8
core   0: 3 0x80009708 (0xbfe5)
core   0: 0x80009700 (0x00002f17) auipc   t5, 0x2
core   0: 3 0x80009700 (0x00002f17) x30 0x8000b700
core   0: 0x80009704 (0x903f2023) sw      gp, -1792(t5)
core   0: 3 0x80009704 (0x903f2023) mem 0x8000b000 0x00000001
core   0: 0x80009708 (0x0000bfe5) c.j     pc - 8
core   0: 3 0x80009708 (0xbfe5)
core   0: 0x80009700 (0x00002f17) auipc   t5, 0x2
core   0: 3 0x80009700 (0x00002f17) x30 0x8000b700
core   0: 0x80009704 (0x903f2023) sw      gp, -1792(t5)
core   0: 3 0x80009704 (0x903f2023) mem 0x8000b000 0x00000001
core   0: 0x80009708 (0x0000bfe5) c.j     pc - 8
core   0: 3 0x80009708 (0xbfe5)
core   0: 0x80009700 (0x00002f17) auipc   t5, 0x2
core   0: 3 0x80009700 (0x00002f17) x30 0x8000b700
core   0: 0x80009704 (0x903f2023) sw      gp, -1792(t5)
core   0: 3 0x80009704 (0x903f2023) mem 0x8000b000 0x00000001
core   0: 0x80009708 (0x0000bfe5) c.j     pc - 8
core   0: 3 0x80009708 (0xbfe5)
core   0: 0x80009700 (0x00002f17) auipc   t5, 0x2
core   0: 3 0x80009700 (0x00002f17) x30 0x8000b700
core   0: 0x80009704 (0x903f2023) sw      gp, -1792(t5)
core   0: 3 0x80009704 (0x903f2023) mem 0x8000b000 0x00000001
core   0: 0x80009708 (0x0000bfe5) c.j     pc - 8
core   0: 3 0x80009708 (0xbfe5)
core   0: 0x80009700 (0x00002f17) auipc   t5, 0x2
core   0: 3 0x80009700 (0x00002f17) x30 0x8000b700
core   0: 0x80009704 (0x903f2023) sw      gp, -1792(t5)
core   0: 3 0x80009704 (0x903f2023) mem 0x8000b000 0x00000001
core   0: 0x80009708 (0x0000bfe5) c.j     pc - 8
core   0: 3 0x80009708 (0xbfe5)
core   0: 0x80009700 (0x00002f17) auipc   t5, 0x2
core   0: 3 0x80009700 (0x00002f17) x30 0x8000b700
core   0: 0x80009704 (0x903f2023) sw      gp, -1792(t5)
core   0: 3 0x80009704 (0x903f2023) mem 0x8000b000 0x00000001
core   0: 0x80009708 (0x0000bfe5) c.j     pc - 8
core   0: 3 0x80009708 (0xbfe5)
core   0: 0x80009700 (0x00002f17) auipc   t5, 0x2
core   0: 3 0x80009700 (0x00002f17) x30 0x8000b700
core   0: 0x80009704 (0x903f2023) sw      gp, -1792(t5)
core   0: 3 0x80009704 (0x903f2023) mem 0x8000b000 0x00000001
core   0: 0x80009708 (0x0000bfe5) c.j     pc - 8
core   0: 3 0x80009708 (0xbfe5)
core   0: 0x80009700 (0x00002f17) auipc   t5, 0x2
core   0: 3 0x80009700 (0x00002f17) x30 0x8000b700
core   0: 0x80009704 (0x903f2023) sw      gp, -1792(t5)
core   0: 3 0x80009704 (0x903f2023) mem 0x8000b000 0x00000001
core   0: 0x80009708 (0x0000bfe5) c.j     pc - 8
core   0: 3 0x80009708 (0xbfe5)
core   0: 0x80009700 (0x00002f17) auipc   t5, 0x2
core   0: 3 0x80009700 (0x00002f17) x30 0x8000b700
core   0: 0x80009704 (0x903f2023) sw      gp, -1792(t5)
core   0: 3 0x80009704 (0x903f2023) mem 0x8000b000 0x00000001
core   0: 0x80009708 (0x0000bfe5) c.j     pc - 8
core   0: 3 0x80009708 (0xbfe5)
core   0: 0x80009700 (0x00002f17) auipc   t5, 0x2
core   0: 3 0x80009700 (0x00002f17) x30 0x8000b700
core   0: 0x80009704 (0x903f2023) sw      gp, -1792(t5)
core   0: 3 0x80009704 (0x903f2023) mem 0x8000b000 0x00000001
core   0: 0x80009708 (0x0000bfe5) c.j     pc - 8
core   0: 3 0x80009708 (0xbfe5)
core   0: 0x80009700 (0x00002f17) auipc   t5, 0x2
core   0: 3 0x80009700 (0x00002f17) x30 0x8000b700
core   0: 0x80009704 (0x903f2023) sw      gp, -1792(t5)
core   0: 3 0x80009704 (0x903f2023) mem 0x8000b000 0x00000001
core   0: 0x80009708 (0x0000bfe5) c.j     pc - 8
core   0: 3 0x80009708 (0xbfe5)
core   0: 0x80009700 (0x00002f17) auipc   t5, 0x2
core   0: 3 0x80009700 (0x00002f17) x30 0x8000b700
core   0: 0x80009704 (0x903f2023) sw      gp, -1792(t5)
core   0: 3 0x80009704 (0x903f2023) mem 0x8000b000 0x00000001
core   0: 0x80009708 (0x0000bfe5) c.j     pc - 8
core   0: 3 0x80009708 (0xbfe5)
core   0: 0x80009700 (0x00002f17) auipc   t5, 0x2
core   0: 3 0x80009700 (0x00002f17) x30 0x8000b700
core   0: 0x80009704 (0x903f2023) sw      gp, -1792(t5)
core   0: 3 0x80009704 (0x903f2023) mem 0x8000b000 0x00000001
core   0: 0x80009708 (0x0000bfe5) c.j     pc - 8
core   0: 3 0x80009708 (0xbfe5)
core   0: 0x80009700 (0x00002f17) auipc   t5, 0x2
core   0: 3 0x80009700 (0x00002f17) x30 0x8000b700
core   0: 0x80009704 (0x903f2023) sw      gp, -1792(t5)
core   0: 3 0x80009704 (0x903f2023) mem 0x8000b000 0x00000001
core   0: 0x80009708 (0x0000bfe5) c.j     pc - 8
core   0: 3 0x80009708 (0xbfe5)
core   0: 0x80009700 (0x00002f17) auipc   t5, 0x2
core   0: 3 0x80009700 (0x00002f17) x30 0x8000b700
core   0: 0x80009704 (0x903f2023) sw      gp, -1792(t5)
core   0: 3 0x80009704 (0x903f2023) mem 0x8000b000 0x00000001
core   0: 0x80009708 (0x0000bfe5) c.j     pc - 8
core   0: 3 0x80009708 (0xbfe5)
core   0: 0x80009700 (0x00002f17) auipc   t5, 0x2
core   0: 3 0x80009700 (0x00002f17) x30 0x8000b700
core   0: 0x80009704 (0x903f2023) sw      gp, -1792(t5)
core   0: 3 0x80009704 (0x903f2023) mem 0x8000b000 0x00000001
core   0: 0x80009708 (0x0000bfe5) c.j     pc - 8
core   0: 3 0x80009708 (0xbfe5)
core   0: 0x80009700 (0x00002f17) auipc   t5, 0x2
core   0: 3 0x80009700 (0x00002f17) x30 0x8000b700
core   0: 0x80009704 (0x903f2023) sw      gp, -1792(t5)
core   0: 3 0x80009704 (0x903f2023) mem 0x8000b000 0x00000001
core   0: 0x80009708 (0x0000bfe5) c.j     pc - 8
core   0: 3 0x80009708 (0xbfe5)
core   0: 0x80009700 (0x00002f17) auipc   t5, 0x2
core   0: 3 0x80009700 (0x00002f17) x30 0x8000b700
core   0: 0x80009704 (0x903f2023) sw      gp, -1792(t5)
core   0: 3 0x80009704 (0x903f2023) mem 0x8000b000 0x00000001
core   0: 0x80009708 (0x0000bfe5) c.j     pc - 8
core   0: 3 0x80009708 (0xbfe5)
core   0: 0x80009700 (0x00002f17) auipc   t5, 0x2
core   0: 3 0x80009700 (0x00002f17) x30 0x8000b700
core   0: 0x80009704 (0x903f2023) sw      gp, -1792(t5)
core   0: 3 0x80009704 (0x903f2023) mem 0x8000b000 0x00000001
core   0: 0x80009708 (0x0000bfe5) c.j     pc - 8
core   0: 3 0x80009708 (0xbfe5)
core   0: 0x80009700 (0x00002f17) auipc   t5, 0x2
core   0: 3 0x80009700 (0x00002f17) x30 0x8000b700
core   0: 0x80009704 (0x903f2023) sw      gp, -1792(t5)
core   0: 3 0x80009704 (0x903f2023) mem 0x8000b000 0x00000001
core   0: 0x80009708 (0x0000bfe5) c.j     pc - 8
core   0: 3 0x80009708 (0xbfe5)
core   0: 0x80009700 (0x00002f17) auipc   t5, 0x2
core   0: 3 0x80009700 (0x00002f17) x30 0x8000b700
core   0: 0x80009704 (0x903f2023) sw      gp, -1792(t5)
core   0: 3 0x80009704 (0x903f2023) mem 0x8000b000 0x00000001
core   0: 0x80009708 (0x0000bfe5) c.j     pc - 8
core   0: 3 0x80009708 (0xbfe5)
core   0: 0x80009700 (0x00002f17) auipc   t5, 0x2
core   0: 3 0x80009700 (0x00002f17) x30 0x8000b700
core   0: 0x80009704 (0x903f2023) sw      gp, -1792(t5)
core   0: 3 0x80009704 (0x903f2023) mem 0x8000b000 0x00000001
core   0: 0x80009708 (0x0000bfe5) c.j     pc - 8
core   0: 3 0x80009708 (0xbfe5)
core   0: 0x80009700 (0x00002f17) auipc   t5, 0x2
core   0: 3 0x80009700 (0x00002f17) x30 0x8000b700
core   0: 0x80009704 (0x903f2023) sw      gp, -1792(t5)
core   0: 3 0x80009704 (0x903f2023) mem 0x8000b000 0x00000001
core   0: 0x80009708 (0x0000bfe5) c.j     pc - 8
core   0: 3 0x80009708 (0xbfe5)
core   0: 0x80009700 (0x00002f17) auipc   t5, 0x2
core   0: 3 0x80009700 (0x00002f17) x30 0x8000b700
core   0: 0x80009704 (0x903f2023) sw      gp, -1792(t5)
core   0: 3 0x80009704 (0x903f2023) mem 0x8000b000 0x00000001
core   0: 0x80009708 (0x0000bfe5) c.j     pc - 8
core   0: 3 0x80009708 (0xbfe5)
core   0: 0x80009700 (0x00002f17) auipc   t5, 0x2
core   0: 3 0x80009700 (0x00002f17) x30 0x8000b700
core   0: 0x80009704 (0x903f2023) sw      gp, -1792(t5)
core   0: 3 0x80009704 (0x903f2023) mem 0x8000b000 0x00000001
core   0: 0x80009708 (0x0000bfe5) c.j     pc - 8
core   0: 3 0x80009708 (0xbfe5)
core   0: 0x80009700 (0x00002f17) auipc   t5, 0x2
core   0: 3 0x80009700 (0x00002f17) x30 0x8000b700
core   0: 0x80009704 (0x903f2023) sw      gp, -1792(t5)
core   0: 3 0x80009704 (0x903f2023) mem 0x8000b000 0x00000001
core   0: 0x80009708 (0x0000bfe5) c.j     pc - 8
core   0: 3 0x80009708 (0xbfe5)
core   0: 0x80009700 (0x00002f17) auipc   t5, 0x2
core   0: 3 0x80009700 (0x00002f17) x30 0x8000b700
core   0: 0x80009704 (0x903f2023) sw      gp, -1792(t5)
core   0: 3 0x80009704 (0x903f2023) mem 0x8000b000 0x00000001
core   0: 0x80009708 (0x0000bfe5) c.j     pc - 8
core   0: 3 0x80009708 (0xbfe5)
core   0: 0x80009700 (0x00002f17) auipc   t5, 0x2
core   0: 3 0x80009700 (0x00002f17) x30 0x8000b700
core   0: 0x80009704 (0x903f2023) sw      gp, -1792(t5)
core   0: 3 0x80009704 (0x903f2023) mem 0x8000b000 0x00000001
core   0: 0x80009708 (0x0000bfe5) c.j     pc - 8
core   0: 3 0x80009708 (0xbfe5)
core   0: 0x80009700 (0x00002f17) auipc   t5, 0x2
core   0: 3 0x80009700 (0x00002f17) x30 0x8000b700
core   0: 0x80009704 (0x903f2023) sw      gp, -1792(t5)
core   0: 3 0x80009704 (0x903f2023) mem 0x8000b000 0x00000001
core   0: 0x80009708 (0x0000bfe5) c.j     pc - 8
core   0: 3 0x80009708 (0xbfe5)
core   0: 0x80009700 (0x00002f17) auipc   t5, 0x2
core   0: 3 0x80009700 (0x00002f17) x30 0x8000b700
core   0: 0x80009704 (0x903f2023) sw      gp, -1792(t5)
core   0: 3 0x80009704 (0x903f2023) mem 0x8000b000 0x00000001
core   0: 0x80009708 (0x0000bfe5) c.j     pc - 8
core   0: 3 0x80009708 (0xbfe5)
core   0: 0x80009700 (0x00002f17) auipc   t5, 0x2
core   0: 3 0x80009700 (0x00002f17) x30 0x8000b700
core   0: 0x80009704 (0x903f2023) sw      gp, -1792(t5)
core   0: 3 0x80009704 (0x903f2023) mem 0x8000b000 0x00000001
core   0: 0x80009708 (0x0000bfe5) c.j     pc - 8
core   0: 3 0x80009708 (0xbfe5)
core   0: 0x80009700 (0x00002f17) auipc   t5, 0x2
core   0: 3 0x80009700 (0x00002f17) x30 0x8000b700
core   0: 0x80009704 (0x903f2023) sw      gp, -1792(t5)
core   0: 3 0x80009704 (0x903f2023) mem 0x8000b000 0x00000001
core   0: 0x80009708 (0x0000bfe5) c.j     pc - 8
core   0: 3 0x80009708 (0xbfe5)
core   0: 0x80009700 (0x00002f17) auipc   t5, 0x2
core   0: 3 0x80009700 (0x00002f17) x30 0x8000b700
core   0: 0x80009704 (0x903f2023) sw      gp, -1792(t5)
core   0: 3 0x80009704 (0x903f2023) mem 0x8000b000 0x00000001
core   0: 0x80009708 (0x0000bfe5) c.j     pc - 8
core   0: 3 0x80009708 (0xbfe5)
core   0: 0x80009700 (0x00002f17) auipc   t5, 0x2
core   0: 3 0x80009700 (0x00002f17) x30 0x8000b700
core   0: 0x80009704 (0x903f2023) sw      gp, -1792(t5)
core   0: 3 0x80009704 (0x903f2023) mem 0x8000b000 0x00000001
core   0: 0x80009708 (0x0000bfe5) c.j     pc - 8
core   0: 3 0x80009708 (0xbfe5)
core   0: 0x80009700 (0x00002f17) auipc   t5, 0x2
core   0: 3 0x80009700 (0x00002f17) x30 0x8000b700
core   0: 0x80009704 (0x903f2023) sw      gp, -1792(t5)
core   0: 3 0x80009704 (0x903f2023) mem 0x8000b000 0x00000001
core   0: 0x80009708 (0x0000bfe5) c.j     pc - 8
core   0: 3 0x80009708 (0xbfe5)
core   0: 0x80009700 (0x00002f17) auipc   t5, 0x2
core   0: 3 0x80009700 (0x00002f17) x30 0x8000b700
core   0: 0x80009704 (0x903f2023) sw      gp, -1792(t5)
core   0: 3 0x80009704 (0x903f2023) mem 0x8000b000 0x00000001
core   0: 0x80009708 (0x0000bfe5) c.j     pc - 8
core   0: 3 0x80009708 (0xbfe5)
core   0: 0x80009700 (0x00002f17) auipc   t5, 0x2
core   0: 3 0x80009700 (0x00002f17) x30 0x8000b700
core   0: 0x80009704 (0x903f2023) sw      gp, -1792(t5)
core   0: 3 0x80009704 (0x903f2023) mem 0x8000b000 0x00000001
core   0: 0x80009708 (0x0000bfe5) c.j     pc - 8
core   0: 3 0x80009708 (0xbfe5)
core   0: 0x80009700 (0x00002f17) auipc   t5, 0x2
core   0: 3 0x80009700 (0x00002f17) x30 0x8000b700
core   0: 0x80009704 (0x903f2023) sw      gp, -1792(t5)
core   0: 3 0x80009704 (0x903f2023) mem 0x8000b000 0x00000001
core   0: 0x80009708 (0x0000bfe5) c.j     pc - 8
core   0: 3 0x80009708 (0xbfe5)
core   0: 0x80009700 (0x00002f17) auipc   t5, 0x2
core   0: 3 0x80009700 (0x00002f17) x30 0x8000b700
core   0: 0x80009704 (0x903f2023) sw      gp, -1792(t5)
core   0: 3 0x80009704 (0x903f2023) mem 0x8000b000 0x00000001
core   0: 0x80009708 (0x0000bfe5) c.j     pc - 8
core   0: 3 0x80009708 (0xbfe5)
core   0: 0x80009700 (0x00002f17) auipc   t5, 0x2
core   0: 3 0x80009700 (0x00002f17) x30 0x8000b700
core   0: 0x80009704 (0x903f2023) sw      gp, -1792(t5)
core   0: 3 0x80009704 (0x903f2023) mem 0x8000b000 0x00000001
core   0: 0x80009708 (0x0000bfe5) c.j     pc - 8
core   0: 3 0x80009708 (0xbfe5)
core   0: 0x80009700 (0x00002f17) auipc   t5, 0x2
core   0: 3 0x80009700 (0x00002f17) x30 0x8000b700
core   0: 0x80009704 (0x903f2023) sw      gp, -1792(t5)
core   0: 3 0x80009704 (0x903f2023) mem 0x8000b000 0x00000001
core   0: 0x80009708 (0x0000bfe5) c.j     pc - 8
core   0: 3 0x80009708 (0xbfe5)
core   0: 0x80009700 (0x00002f17) auipc   t5, 0x2
core   0: 3 0x80009700 (0x00002f17) x30 0x8000b700
core   0: 0x80009704 (0x903f2023) sw      gp, -1792(t5)
core   0: 3 0x80009704 (0x903f2023) mem 0x8000b000 0x00000001
core   0: 0x80009708 (0x0000bfe5) c.j     pc - 8
core   0: 3 0x80009708 (0xbfe5)
core   0: 0x80009700 (0x00002f17) auipc   t5, 0x2
core   0: 3 0x80009700 (0x00002f17) x30 0x8000b700
core   0: 0x80009704 (0x903f2023) sw      gp, -1792(t5)
core   0: 3 0x80009704 (0x903f2023) mem 0x8000b000 0x00000001
core   0: 0x80009708 (0x0000bfe5) c.j     pc - 8
core   0: 3 0x80009708 (0xbfe5)
core   0: 0x80009700 (0x00002f17) auipc   t5, 0x2
core   0: 3 0x80009700 (0x00002f17) x30 0x8000b700
core   0: 0x80009704 (0x903f2023) sw      gp, -1792(t5)
core   0: 3 0x80009704 (0x903f2023) mem 0x8000b000 0x00000001
core   0: 0x80009708 (0x0000bfe5) c.j     pc - 8
core   0: 3 0x80009708 (0xbfe5)
core   0: 0x80009700 (0x00002f17) auipc   t5, 0x2
core   0: 3 0x80009700 (0x00002f17) x30 0x8000b700
core   0: 0x80009704 (0x903f2023) sw      gp, -1792(t5)
core   0: 3 0x80009704 (0x903f2023) mem 0x8000b000 0x00000001
core   0: 0x80009708 (0x0000bfe5) c.j     pc - 8
core   0: 3 0x80009708 (0xbfe5)
core   0: 0x80009700 (0x00002f17) auipc   t5, 0x2
core   0: 3 0x80009700 (0x00002f17) x30 0x8000b700
core   0: 0x80009704 (0x903f2023) sw      gp, -1792(t5)
core   0: 3 0x80009704 (0x903f2023) mem 0x8000b000 0x00000001
core   0: 0x80009708 (0x0000bfe5) c.j     pc - 8
core   0: 3 0x80009708 (0xbfe5)
core   0: 0x80009700 (0x00002f17) auipc   t5, 0x2
core   0: 3 0x80009700 (0x00002f17) x30 0x8000b700
core   0: 0x80009704 (0x903f2023) sw      gp, -1792(t5)
core   0: 3 0x80009704 (0x903f2023) mem 0x8000b000 0x00000001
core   0: 0x80009708 (0x0000bfe5) c.j     pc - 8
core   0: 3 0x80009708 (0xbfe5)
core   0: 0x80009700 (0x00002f17) auipc   t5, 0x2
core   0: 3 0x80009700 (0x00002f17) x30 0x8000b700
core   0: 0x80009704 (0x903f2023) sw      gp, -1792(t5)
core   0: 3 0x80009704 (0x903f2023) mem 0x8000b000 0x00000001
core   0: 0x80009708 (0x0000bfe5) c.j     pc - 8
core   0: 3 0x80009708 (0xbfe5)
core   0: 0x80009700 (0x00002f17) auipc   t5, 0x2
core   0: 3 0x80009700 (0x00002f17) x30 0x8000b700
core   0: 0x80009704 (0x903f2023) sw      gp, -1792(t5)
core   0: 3 0x80009704 (0x903f2023) mem 0x8000b000 0x00000001
core   0: 0x80009708 (0x0000bfe5) c.j     pc - 8
core   0: 3 0x80009708 (0xbfe5)
core   0: 0x80009700 (0x00002f17) auipc   t5, 0x2
core   0: 3 0x80009700 (0x00002f17) x30 0x8000b700
core   0: 0x80009704 (0x903f2023) sw      gp, -1792(t5)
core   0: 3 0x80009704 (0x903f2023) mem 0x8000b000 0x00000001
core   0: 0x80009708 (0x0000bfe5) c.j     pc - 8
core   0: 3 0x80009708 (0xbfe5)
core   0: 0x80009700 (0x00002f17) auipc   t5, 0x2
core   0: 3 0x80009700 (0x00002f17) x30 0x8000b700
core   0: 0x80009704 (0x903f2023) sw      gp, -1792(t5)
core   0: 3 0x80009704 (0x903f2023) mem 0x8000b000 0x00000001
core   0: 0x80009708 (0x0000bfe5) c.j     pc - 8
core   0: 3 0x80009708 (0xbfe5)
core   0: 0x80009700 (0x00002f17) auipc   t5, 0x2
core   0: 3 0x80009700 (0x00002f17) x30 0x8000b700
core   0: 0x80009704 (0x903f2023) sw      gp, -1792(t5)
core   0: 3 0x80009704 (0x903f2023) mem 0x8000b000 0x00000001
core   0: 0x80009708 (0x0000bfe5) c.j     pc - 8
core   0: 3 0x80009708 (0xbfe5)
core   0: 0x80009700 (0x00002f17) auipc   t5, 0x2
core   0: 3 0x80009700 (0x00002f17) x30 0x8000b700
core   0: 0x80009704 (0x903f2023) sw      gp, -1792(t5)
core   0: 3 0x80009704 (0x903f2023) mem 0x8000b000 0x00000001
core   0: 0x80009708 (0x0000bfe5) c.j     pc - 8
core   0: 3 0x80009708 (0xbfe5)
core   0: 0x80009700 (0x00002f17) auipc   t5, 0x2
core   0: 3 0x80009700 (0x00002f17) x30 0x8000b700
core   0: 0x80009704 (0x903f2023) sw      gp, -1792(t5)
core   0: 3 0x80009704 (0x903f2023) mem 0x8000b000 0x00000001
core   0: 0x80009708 (0x0000bfe5) c.j     pc - 8
core   0: 3 0x80009708 (0xbfe5)
core   0: 0x80009700 (0x00002f17) auipc   t5, 0x2
core   0: 3 0x80009700 (0x00002f17) x30 0x8000b700
core   0: 0x80009704 (0x903f2023) sw      gp, -1792(t5)
core   0: 3 0x80009704 (0x903f2023) mem 0x8000b000 0x00000001
core   0: 0x80009708 (0x0000bfe5) c.j     pc - 8
core   0: 3 0x80009708 (0xbfe5)
core   0: 0x80009700 (0x00002f17) auipc   t5, 0x2
core   0: 3 0x80009700 (0x00002f17) x30 0x8000b700
core   0: 0x80009704 (0x903f2023) sw      gp, -1792(t5)
core   0: 3 0x80009704 (0x903f2023) mem 0x8000b000 0x00000001
core   0: 0x80009708 (0x0000bfe5) c.j     pc - 8
core   0: 3 0x80009708 (0xbfe5)
core   0: 0x80009700 (0x00002f17) auipc   t5, 0x2
core   0: 3 0x80009700 (0x00002f17) x30 0x8000b700
core   0: 0x80009704 (0x903f2023) sw      gp, -1792(t5)
core   0: 3 0x80009704 (0x903f2023) mem 0x8000b000 0x00000001
core   0: 0x80009708 (0x0000bfe5) c.j     pc - 8
core   0: 3 0x80009708 (0xbfe5)
core   0: 0x80009700 (0x00002f17) auipc   t5, 0x2
core   0: 3 0x80009700 (0x00002f17) x30 0x8000b700
core   0: 0x80009704 (0x903f2023) sw      gp, -1792(t5)
core   0: 3 0x80009704 (0x903f2023) mem 0x8000b000 0x00000001
core   0: 0x80009708 (0x0000bfe5) c.j     pc - 8
core   0: 3 0x80009708 (0xbfe5)
core   0: 0x80009700 (0x00002f17) auipc   t5, 0x2
core   0: 3 0x80009700 (0x00002f17) x30 0x8000b700
core   0: 0x80009704 (0x903f2023) sw      gp, -1792(t5)
core   0: 3 0x80009704 (0x903f2023) mem 0x8000b000 0x00000001
core   0: 0x80009708 (0x0000bfe5) c.j     pc - 8
core   0: 3 0x80009708 (0xbfe5)
core   0: 0x80009700 (0x00002f17) auipc   t5, 0x2
core   0: 3 0x80009700 (0x00002f17) x30 0x8000b700
core   0: 0x80009704 (0x903f2023) sw      gp, -1792(t5)
core   0: 3 0x80009704 (0x903f2023) mem 0x8000b000 0x00000001
core   0: 0x80009708 (0x0000bfe5) c.j     pc - 8
core   0: 3 0x80009708 (0xbfe5)
core   0: 0x80009700 (0x00002f17) auipc   t5, 0x2
core   0: 3 0x80009700 (0x00002f17) x30 0x8000b700
core   0: 0x80009704 (0x903f2023) sw      gp, -1792(t5)
core   0: 3 0x80009704 (0x903f2023) mem 0x8000b000 0x00000001
core   0: 0x80009708 (0x0000bfe5) c.j     pc - 8
core   0: 3 0x80009708 (0xbfe5)
core   0: 0x80009700 (0x00002f17) auipc   t5, 0x2
core   0: 3 0x80009700 (0x00002f17) x30 0x8000b700
core   0: 0x80009704 (0x903f2023) sw      gp, -1792(t5)
core   0: 3 0x80009704 (0x903f2023) mem 0x8000b000 0x00000001
core   0: 0x80009708 (0x0000bfe5) c.j     pc - 8
core   0: 3 0x80009708 (0xbfe5)
core   0: 0x80009700 (0x00002f17) auipc   t5, 0x2
core   0: 3 0x80009700 (0x00002f17) x30 0x8000b700
core   0: 0x80009704 (0x903f2023) sw      gp, -1792(t5)
core   0: 3 0x80009704 (0x903f2023) mem 0x8000b000 0x00000001
core   0: 0x80009708 (0x0000bfe5) c.j     pc - 8
core   0: 3 0x80009708 (0xbfe5)
core   0: 0x80009700 (0x00002f17) auipc   t5, 0x2
core   0: 3 0x80009700 (0x00002f17) x30 0x8000b700
core   0: 0x80009704 (0x903f2023) sw      gp, -1792(t5)
core   0: 3 0x80009704 (0x903f2023) mem 0x8000b000 0x00000001
core   0: 0x80009708 (0x0000bfe5) c.j     pc - 8
core   0: 3 0x80009708 (0xbfe5)
core   0: 0x80009700 (0x00002f17) auipc   t5, 0x2
core   0: 3 0x80009700 (0x00002f17) x30 0x8000b700
core   0: 0x80009704 (0x903f2023) sw      gp, -1792(t5)
core   0: 3 0x80009704 (0x903f2023) mem 0x8000b000 0x00000001
core   0: 0x80009708 (0x0000bfe5) c.j     pc - 8
core   0: 3 0x80009708 (0xbfe5)
core   0: 0x80009700 (0x00002f17) auipc   t5, 0x2
core   0: 3 0x80009700 (0x00002f17) x30 0x8000b700
core   0: 0x80009704 (0x903f2023) sw      gp, -1792(t5)
core   0: 3 0x80009704 (0x903f2023) mem 0x8000b000 0x00000001
core   0: 0x80009708 (0x0000bfe5) c.j     pc - 8
core   0: 3 0x80009708 (0xbfe5)
core   0: 0x80009700 (0x00002f17) auipc   t5, 0x2
core   0: 3 0x80009700 (0x00002f17) x30 0x8000b700
core   0: 0x80009704 (0x903f2023) sw      gp, -1792(t5)
core   0: 3 0x80009704 (0x903f2023) mem 0x8000b000 0x00000001
core   0: 0x80009708 (0x0000bfe5) c.j     pc - 8
core   0: 3 0x80009708 (0xbfe5)
core   0: 0x80009700 (0x00002f17) auipc   t5, 0x2
core   0: 3 0x80009700 (0x00002f17) x30 0x8000b700
core   0: 0x80009704 (0x903f2023) sw      gp, -1792(t5)
core   0: 3 0x80009704 (0x903f2023) mem 0x8000b000 0x00000001
core   0: 0x80009708 (0x0000bfe5) c.j     pc - 8
core   0: 3 0x80009708 (0xbfe5)
core   0: 0x80009700 (0x00002f17) auipc   t5, 0x2
core   0: 3 0x80009700 (0x00002f17) x30 0x8000b700
core   0: 0x80009704 (0x903f2023) sw      gp, -1792(t5)
core   0: 3 0x80009704 (0x903f2023) mem 0x8000b000 0x00000001
core   0: 0x80009708 (0x0000bfe5) c.j     pc - 8
core   0: 3 0x80009708 (0xbfe5)
core   0: 0x80009700 (0x00002f17) auipc   t5, 0x2
core   0: 3 0x80009700 (0x00002f17) x30 0x8000b700
core   0: 0x80009704 (0x903f2023) sw      gp, -1792(t5)
core   0: 3 0x80009704 (0x903f2023) mem 0x8000b000 0x00000001
core   0: 0x80009708 (0x0000bfe5) c.j     pc - 8
core   0: 3 0x80009708 (0xbfe5)
core   0: 0x80009700 (0x00002f17) auipc   t5, 0x2
core   0: 3 0x80009700 (0x00002f17) x30 0x8000b700
core   0: 0x80009704 (0x903f2023) sw      gp, -1792(t5)
core   0: 3 0x80009704 (0x903f2023) mem 0x8000b000 0x00000001
core   0: 0x80009708 (0x0000bfe5) c.j     pc - 8
core   0: 3 0x80009708 (0xbfe5)
core   0: 0x80009700 (0x00002f17) auipc   t5, 0x2
core   0: 3 0x80009700 (0x00002f17) x30 0x8000b700
core   0: 0x80009704 (0x903f2023) sw      gp, -1792(t5)
core   0: 3 0x80009704 (0x903f2023) mem 0x8000b000 0x00000001
core   0: 0x80009708 (0x0000bfe5) c.j     pc - 8
core   0: 3 0x80009708 (0xbfe5)
core   0: 0x80009700 (0x00002f17) auipc   t5, 0x2
core   0: 3 0x80009700 (0x00002f17) x30 0x8000b700
core   0: 0x80009704 (0x903f2023) sw      gp, -1792(t5)
core   0: 3 0x80009704 (0x903f2023) mem 0x8000b000 0x00000001
core   0: 0x80009708 (0x0000bfe5) c.j     pc - 8
core   0: 3 0x80009708 (0xbfe5)
core   0: 0x80009700 (0x00002f17) auipc   t5, 0x2
core   0: 3 0x80009700 (0x00002f17) x30 0x8000b700
core   0: 0x80009704 (0x903f2023) sw      gp, -1792(t5)
core   0: 3 0x80009704 (0x903f2023) mem 0x8000b000 0x00000001
core   0: 0x80009708 (0x0000bfe5) c.j     pc - 8
core   0: 3 0x80009708 (0xbfe5)
core   0: 0x80009700 (0x00002f17) auipc   t5, 0x2
core   0: 3 0x80009700 (0x00002f17) x30 0x8000b700
core   0: 0x80009704 (0x903f2023) sw      gp, -1792(t5)
core   0: 3 0x80009704 (0x903f2023) mem 0x8000b000 0x00000001
core   0: 0x80009708 (0x0000bfe5) c.j     pc - 8
core   0: 3 0x80009708 (0xbfe5)
core   0: 0x80009700 (0x00002f17) auipc   t5, 0x2
core   0: 3 0x80009700 (0x00002f17) x30 0x8000b700
core   0: 0x80009704 (0x903f2023) sw      gp, -1792(t5)
core   0: 3 0x80009704 (0x903f2023) mem 0x8000b000 0x00000001
core   0: 0x80009708 (0x0000bfe5) c.j     pc - 8
core   0: 3 0x80009708 (0xbfe5)
core   0: 0x80009700 (0x00002f17) auipc   t5, 0x2
core   0: 3 0x80009700 (0x00002f17) x30 0x8000b700
core   0: 0x80009704 (0x903f2023) sw      gp, -1792(t5)
core   0: 3 0x80009704 (0x903f2023) mem 0x8000b000 0x00000001
core   0: 0x80009708 (0x0000bfe5) c.j     pc - 8
core   0: 3 0x80009708 (0xbfe5)
core   0: 0x80009700 (0x00002f17) auipc   t5, 0x2
core   0: 3 0x80009700 (0x00002f17) x30 0x8000b700
core   0: 0x80009704 (0x903f2023) sw      gp, -1792(t5)
core   0: 3 0x80009704 (0x903f2023) mem 0x8000b000 0x00000001
core   0: 0x80009708 (0x0000bfe5) c.j     pc - 8
core   0: 3 0x80009708 (0xbfe5)
core   0: 0x80009700 (0x00002f17) auipc   t5, 0x2
core   0: 3 0x80009700 (0x00002f17) x30 0x8000b700
core   0: 0x80009704 (0x903f2023) sw      gp, -1792(t5)
core   0: 3 0x80009704 (0x903f2023) mem 0x8000b000 0x00000001
core   0: 0x80009708 (0x0000bfe5) c.j     pc - 8
core   0: 3 0x80009708 (0xbfe5)
core   0: 0x80009700 (0x00002f17) auipc   t5, 0x2
core   0: 3 0x80009700 (0x00002f17) x30 0x8000b700
core   0: 0x80009704 (0x903f2023) sw      gp, -1792(t5)
core   0: 3 0x80009704 (0x903f2023) mem 0x8000b000 0x00000001
core   0: 0x80009708 (0x0000bfe5) c.j     pc - 8
core   0: 3 0x80009708 (0xbfe5)
core   0: 0x80009700 (0x00002f17) auipc   t5, 0x2
core   0: 3 0x80009700 (0x00002f17) x30 0x8000b700
core   0: 0x80009704 (0x903f2023) sw      gp, -1792(t5)
core   0: 3 0x80009704 (0x903f2023) mem 0x8000b000 0x00000001
core   0: 0x80009708 (0x0000bfe5) c.j     pc - 8
core   0: 3 0x80009708 (0xbfe5)
core   0: 0x80009700 (0x00002f17) auipc   t5, 0x2
core   0: 3 0x80009700 (0x00002f17) x30 0x8000b700
core   0: 0x80009704 (0x903f2023) sw      gp, -1792(t5)
core   0: 3 0x80009704 (0x903f2023) mem 0x8000b000 0x00000001
core   0: 0x80009708 (0x0000bfe5) c.j     pc - 8
core   0: 3 0x80009708 (0xbfe5)
core   0: 0x80009700 (0x00002f17) auipc   t5, 0x2
core   0: 3 0x80009700 (0x00002f17) x30 0x8000b700
core   0: 0x80009704 (0x903f2023) sw      gp, -1792(t5)
core   0: 3 0x80009704 (0x903f2023) mem 0x8000b000 0x00000001
core   0: 0x80009708 (0x0000bfe5) c.j     pc - 8
core   0: 3 0x80009708 (0xbfe5)
core   0: 0x80009700 (0x00002f17) auipc   t5, 0x2
core   0: 3 0x80009700 (0x00002f17) x30 0x8000b700
core   0: 0x80009704 (0x903f2023) sw      gp, -1792(t5)
core   0: 3 0x80009704 (0x903f2023) mem 0x8000b000 0x00000001
core   0: 0x80009708 (0x0000bfe5) c.j     pc - 8
core   0: 3 0x80009708 (0xbfe5)
core   0: 0x80009700 (0x00002f17) auipc   t5, 0x2
core   0: 3 0x80009700 (0x00002f17) x30 0x8000b700
core   0: 0x80009704 (0x903f2023) sw      gp, -1792(t5)
core   0: 3 0x80009704 (0x903f2023) mem 0x8000b000 0x00000001
core   0: 0x80009708 (0x0000bfe5) c.j     pc - 8
core   0: 3 0x80009708 (0xbfe5)
core   0: 0x80009700 (0x00002f17) auipc   t5, 0x2
core   0: 3 0x80009700 (0x00002f17) x30 0x8000b700
core   0: 0x80009704 (0x903f2023) sw      gp, -1792(t5)
core   0: 3 0x80009704 (0x903f2023) mem 0x8000b000 0x00000001
core   0: 0x80009708 (0x0000bfe5) c.j     pc - 8
core   0: 3 0x80009708 (0xbfe5)
core   0: 0x80009700 (0x00002f17) auipc   t5, 0x2
core   0: 3 0x80009700 (0x00002f17) x30 0x8000b700
core   0: 0x80009704 (0x903f2023) sw      gp, -1792(t5)
core   0: 3 0x80009704 (0x903f2023) mem 0x8000b000 0x00000001
core   0: 0x80009708 (0x0000bfe5) c.j     pc - 8
core   0: 3 0x80009708 (0xbfe5)
core   0: 0x80009700 (0x00002f17) auipc   t5, 0x2
core   0: 3 0x80009700 (0x00002f17) x30 0x8000b700
core   0: 0x80009704 (0x903f2023) sw      gp, -1792(t5)
core   0: 3 0x80009704 (0x903f2023) mem 0x8000b000 0x00000001
core   0: 0x80009708 (0x0000bfe5) c.j     pc - 8
core   0: 3 0x80009708 (0xbfe5)
core   0: 0x80009700 (0x00002f17) auipc   t5, 0x2
core   0: 3 0x80009700 (0x00002f17) x30 0x8000b700
core   0: 0x80009704 (0x903f2023) sw      gp, -1792(t5)
core   0: 3 0x80009704 (0x903f2023) mem 0x8000b000 0x00000001
core   0: 0x80009708 (0x0000bfe5) c.j     pc - 8
core   0: 3 0x80009708 (0xbfe5)
core   0: 0x80009700 (0x00002f17) auipc   t5, 0x2
core   0: 3 0x80009700 (0x00002f17) x30 0x8000b700
core   0: 0x80009704 (0x903f2023) sw      gp, -1792(t5)
core   0: 3 0x80009704 (0x903f2023) mem 0x8000b000 0x00000001
core   0: 0x80009708 (0x0000bfe5) c.j     pc - 8
core   0: 3 0x80009708 (0xbfe5)
core   0: 0x80009700 (0x00002f17) auipc   t5, 0x2
core   0: 3 0x80009700 (0x00002f17) x30 0x8000b700
core   0: 0x80009704 (0x903f2023) sw      gp, -1792(t5)
core   0: 3 0x80009704 (0x903f2023) mem 0x8000b000 0x00000001
core   0: 0x80009708 (0x0000bfe5) c.j     pc - 8
core   0: 3 0x80009708 (0xbfe5)
core   0: 0x80009700 (0x00002f17) auipc   t5, 0x2
core   0: 3 0x80009700 (0x00002f17) x30 0x8000b700
core   0: 0x80009704 (0x903f2023) sw      gp, -1792(t5)
core   0: 3 0x80009704 (0x903f2023) mem 0x8000b000 0x00000001
core   0: 0x80009708 (0x0000bfe5) c.j     pc - 8
core   0: 3 0x80009708 (0xbfe5)
core   0: 0x80009700 (0x00002f17) auipc   t5, 0x2
core   0: 3 0x80009700 (0x00002f17) x30 0x8000b700
core   0: 0x80009704 (0x903f2023) sw      gp, -1792(t5)
core   0: 3 0x80009704 (0x903f2023) mem 0x8000b000 0x00000001
core   0: 0x80009708 (0x0000bfe5) c.j     pc - 8
core   0: 3 0x80009708 (0xbfe5)
core   0: 0x80009700 (0x00002f17) auipc   t5, 0x2
core   0: 3 0x80009700 (0x00002f17) x30 0x8000b700
core   0: 0x80009704 (0x903f2023) sw      gp, -1792(t5)
core   0: 3 0x80009704 (0x903f2023) mem 0x8000b000 0x00000001
core   0: 0x80009708 (0x0000bfe5) c.j     pc - 8
core   0: 3 0x80009708 (0xbfe5)
core   0: 0x80009700 (0x00002f17) auipc   t5, 0x2
core   0: 3 0x80009700 (0x00002f17) x30 0x8000b700
core   0: 0x80009704 (0x903f2023) sw      gp, -1792(t5)
core   0: 3 0x80009704 (0x903f2023) mem 0x8000b000 0x00000001
core   0: 0x80009708 (0x0000bfe5) c.j     pc - 8
core   0: 3 0x80009708 (0xbfe5)
core   0: 0x80009700 (0x00002f17) auipc   t5, 0x2
core   0: 3 0x80009700 (0x00002f17) x30 0x8000b700
core   0: 0x80009704 (0x903f2023) sw      gp, -1792(t5)
core   0: 3 0x80009704 (0x903f2023) mem 0x8000b000 0x00000001
core   0: 0x80009708 (0x0000bfe5) c.j     pc - 8
core   0: 3 0x80009708 (0xbfe5)
core   0: 0x80009700 (0x00002f17) auipc   t5, 0x2
core   0: 3 0x80009700 (0x00002f17) x30 0x8000b700
core   0: 0x80009704 (0x903f2023) sw      gp, -1792(t5)
core   0: 3 0x80009704 (0x903f2023) mem 0x8000b000 0x00000001
core   0: 0x80009708 (0x0000bfe5) c.j     pc - 8
core   0: 3 0x80009708 (0xbfe5)
core   0: 0x80009700 (0x00002f17) auipc   t5, 0x2
core   0: 3 0x80009700 (0x00002f17) x30 0x8000b700
core   0: 0x80009704 (0x903f2023) sw      gp, -1792(t5)
core   0: 3 0x80009704 (0x903f2023) mem 0x8000b000 0x00000001
core   0: 0x80009708 (0x0000bfe5) c.j     pc - 8
core   0: 3 0x80009708 (0xbfe5)
core   0: 0x80009700 (0x00002f17) auipc   t5, 0x2
core   0: 3 0x80009700 (0x00002f17) x30 0x8000b700
core   0: 0x80009704 (0x903f2023) sw      gp, -1792(t5)
core   0: 3 0x80009704 (0x903f2023) mem 0x8000b000 0x00000001
core   0: 0x80009708 (0x0000bfe5) c.j     pc - 8
core   0: 3 0x80009708 (0xbfe5)
core   0: 0x80009700 (0x00002f17) auipc   t5, 0x2
core   0: 3 0x80009700 (0x00002f17) x30 0x8000b700
core   0: 0x80009704 (0x903f2023) sw      gp, -1792(t5)
core   0: 3 0x80009704 (0x903f2023) mem 0x8000b000 0x00000001
core   0: 0x80009708 (0x0000bfe5) c.j     pc - 8
core   0: 3 0x80009708 (0xbfe5)
core   0: 0x80009700 (0x00002f17) auipc   t5, 0x2
core   0: 3 0x80009700 (0x00002f17) x30 0x8000b700
core   0: 0x80009704 (0x903f2023) sw      gp, -1792(t5)
core   0: 3 0x80009704 (0x903f2023) mem 0x8000b000 0x00000001
core   0: 0x80009708 (0x0000bfe5) c.j     pc - 8
core   0: 3 0x80009708 (0xbfe5)
core   0: 0x80009700 (0x00002f17) auipc   t5, 0x2
core   0: 3 0x80009700 (0x00002f17) x30 0x8000b700
core   0: 0x80009704 (0x903f2023) sw      gp, -1792(t5)
core   0: 3 0x80009704 (0x903f2023) mem 0x8000b000 0x00000001
core   0: 0x80009708 (0x0000bfe5) c.j     pc - 8
core   0: 3 0x80009708 (0xbfe5)
core   0: 0x80009700 (0x00002f17) auipc   t5, 0x2
core   0: 3 0x80009700 (0x00002f17) x30 0x8000b700
core   0: 0x80009704 (0x903f2023) sw      gp, -1792(t5)
core   0: 3 0x80009704 (0x903f2023) mem 0x8000b000 0x00000001
core   0: 0x80009708 (0x0000bfe5) c.j     pc - 8
core   0: 3 0x80009708 (0xbfe5)
core   0: 0x80009700 (0x00002f17) auipc   t5, 0x2
core   0: 3 0x80009700 (0x00002f17) x30 0x8000b700
core   0: 0x80009704 (0x903f2023) sw      gp, -1792(t5)
core   0: 3 0x80009704 (0x903f2023) mem 0x8000b000 0x00000001
core   0: 0x80009708 (0x0000bfe5) c.j     pc - 8
core   0: 3 0x80009708 (0xbfe5)
core   0: 0x80009700 (0x00002f17) auipc   t5, 0x2
core   0: 3 0x80009700 (0x00002f17) x30 0x8000b700
core   0: 0x80009704 (0x903f2023) sw      gp, -1792(t5)
core   0: 3 0x80009704 (0x903f2023) mem 0x8000b000 0x00000001
core   0: 0x80009708 (0x0000bfe5) c.j     pc - 8
core   0: 3 0x80009708 (0xbfe5)
core   0: 0x80009700 (0x00002f17) auipc   t5, 0x2
core   0: 3 0x80009700 (0x00002f17) x30 0x8000b700
core   0: 0x80009704 (0x903f2023) sw      gp, -1792(t5)
core   0: 3 0x80009704 (0x903f2023) mem 0x8000b000 0x00000001
core   0: 0x80009708 (0x0000bfe5) c.j     pc - 8
core   0: 3 0x80009708 (0xbfe5)
core   0: 0x80009700 (0x00002f17) auipc   t5, 0x2
core   0: 3 0x80009700 (0x00002f17) x30 0x8000b700
core   0: 0x80009704 (0x903f2023) sw      gp, -1792(t5)
core   0: 3 0x80009704 (0x903f2023) mem 0x8000b000 0x00000001
core   0: 0x80009708 (0x0000bfe5) c.j     pc - 8
core   0: 3 0x80009708 (0xbfe5)
core   0: 0x80009700 (0x00002f17) auipc   t5, 0x2
core   0: 3 0x80009700 (0x00002f17) x30 0x8000b700
core   0: 0x80009704 (0x903f2023) sw      gp, -1792(t5)
core   0: 3 0x80009704 (0x903f2023) mem 0x8000b000 0x00000001
core   0: 0x80009708 (0x0000bfe5) c.j     pc - 8
core   0: 3 0x80009708 (0xbfe5)
core   0: 0x80009700 (0x00002f17) auipc   t5, 0x2
core   0: 3 0x80009700 (0x00002f17) x30 0x8000b700
core   0: 0x80009704 (0x903f2023) sw      gp, -1792(t5)
core   0: 3 0x80009704 (0x903f2023) mem 0x8000b000 0x00000001
core   0: 0x80009708 (0x0000bfe5) c.j     pc - 8
core   0: 3 0x80009708 (0xbfe5)
core   0: 0x80009700 (0x00002f17) auipc   t5, 0x2
core   0: 3 0x80009700 (0x00002f17) x30 0x8000b700
core   0: 0x80009704 (0x903f2023) sw      gp, -1792(t5)
core   0: 3 0x80009704 (0x903f2023) mem 0x8000b000 0x00000001
core   0: 0x80009708 (0x0000bfe5) c.j     pc - 8
core   0: 3 0x80009708 (0xbfe5)
core   0: 0x80009700 (0x00002f17) auipc   t5, 0x2
core   0: 3 0x80009700 (0x00002f17) x30 0x8000b700
core   0: 0x80009704 (0x903f2023) sw      gp, -1792(t5)
core   0: 3 0x80009704 (0x903f2023) mem 0x8000b000 0x00000001
core   0: 0x80009708 (0x0000bfe5) c.j     pc - 8
core   0: 3 0x80009708 (0xbfe5)
core   0: 0x80009700 (0x00002f17) auipc   t5, 0x2
core   0: 3 0x80009700 (0x00002f17) x30 0x8000b700
core   0: 0x80009704 (0x903f2023) sw      gp, -1792(t5)
core   0: 3 0x80009704 (0x903f2023) mem 0x8000b000 0x00000001
core   0: 0x80009708 (0x0000bfe5) c.j     pc - 8
core   0: 3 0x80009708 (0xbfe5)
core   0: 0x80009700 (0x00002f17) auipc   t5, 0x2
core   0: 3 0x80009700 (0x00002f17) x30 0x8000b700
core   0: 0x80009704 (0x903f2023) sw      gp, -1792(t5)
core   0: 3 0x80009704 (0x903f2023) mem 0x8000b000 0x00000001
core   0: 0x80009708 (0x0000bfe5) c.j     pc - 8
core   0: 3 0x80009708 (0xbfe5)
core   0: 0x80009700 (0x00002f17) auipc   t5, 0x2
core   0: 3 0x80009700 (0x00002f17) x30 0x8000b700
core   0: 0x80009704 (0x903f2023) sw      gp, -1792(t5)
core   0: 3 0x80009704 (0x903f2023) mem 0x8000b000 0x00000001
core   0: 0x80009708 (0x0000bfe5) c.j     pc - 8
core   0: 3 0x80009708 (0xbfe5)
core   0: 0x80009700 (0x00002f17) auipc   t5, 0x2
core   0: 3 0x80009700 (0x00002f17) x30 0x8000b700
core   0: 0x80009704 (0x903f2023) sw      gp, -1792(t5)
core   0: 3 0x80009704 (0x903f2023) mem 0x8000b000 0x00000001
core   0: 0x80009708 (0x0000bfe5) c.j     pc - 8
core   0: 3 0x80009708 (0xbfe5)
core   0: 0x80009700 (0x00002f17) auipc   t5, 0x2
core   0: 3 0x80009700 (0x00002f17) x30 0x8000b700
core   0: 0x80009704 (0x903f2023) sw      gp, -1792(t5)
core   0: 3 0x80009704 (0x903f2023) mem 0x8000b000 0x00000001
core   0: 0x80009708 (0x0000bfe5) c.j     pc - 8
core   0: 3 0x80009708 (0xbfe5)
core   0: 0x80009700 (0x00002f17) auipc   t5, 0x2
core   0: 3 0x80009700 (0x00002f17) x30 0x8000b700
core   0: 0x80009704 (0x903f2023) sw      gp, -1792(t5)
core   0: 3 0x80009704 (0x903f2023) mem 0x8000b000 0x00000001
core   0: 0x80009708 (0x0000bfe5) c.j     pc - 8
core   0: 3 0x80009708 (0xbfe5)
core   0: 0x80009700 (0x00002f17) auipc   t5, 0x2
core   0: 3 0x80009700 (0x00002f17) x30 0x8000b700
core   0: 0x80009704 (0x903f2023) sw      gp, -1792(t5)
core   0: 3 0x80009704 (0x903f2023) mem 0x8000b000 0x00000001
core   0: 0x80009708 (0x0000bfe5) c.j     pc - 8
core   0: 3 0x80009708 (0xbfe5)
core   0: 0x80009700 (0x00002f17) auipc   t5, 0x2
core   0: 3 0x80009700 (0x00002f17) x30 0x8000b700
core   0: 0x80009704 (0x903f2023) sw      gp, -1792(t5)
core   0: 3 0x80009704 (0x903f2023) mem 0x8000b000 0x00000001
core   0: 0x80009708 (0x0000bfe5) c.j     pc - 8
core   0: 3 0x80009708 (0xbfe5)
core   0: 0x80009700 (0x00002f17) auipc   t5, 0x2
core   0: 3 0x80009700 (0x00002f17) x30 0x8000b700
core   0: 0x80009704 (0x903f2023) sw      gp, -1792(t5)
core   0: 3 0x80009704 (0x903f2023) mem 0x8000b000 0x00000001
core   0: 0x80009708 (0x0000bfe5) c.j     pc - 8
core   0: 3 0x80009708 (0xbfe5)
core   0: 0x80009700 (0x00002f17) auipc   t5, 0x2
core   0: 3 0x80009700 (0x00002f17) x30 0x8000b700
core   0: 0x80009704 (0x903f2023) sw      gp, -1792(t5)
core   0: 3 0x80009704 (0x903f2023) mem 0x8000b000 0x00000001
core   0: 0x80009708 (0x0000bfe5) c.j     pc - 8
core   0: 3 0x80009708 (0xbfe5)
core   0: 0x80009700 (0x00002f17) auipc   t5, 0x2
core   0: 3 0x80009700 (0x00002f17) x30 0x8000b700
core   0: 0x80009704 (0x903f2023) sw      gp, -1792(t5)
core   0: 3 0x80009704 (0x903f2023) mem 0x8000b000 0x00000001
core   0: 0x80009708 (0x0000bfe5) c.j     pc - 8
core   0: 3 0x80009708 (0xbfe5)
core   0: 0x80009700 (0x00002f17) auipc   t5, 0x2
core   0: 3 0x80009700 (0x00002f17) x30 0x8000b700
core   0: 0x80009704 (0x903f2023) sw      gp, -1792(t5)
core   0: 3 0x80009704 (0x903f2023) mem 0x8000b000 0x00000001
core   0: 0x80009708 (0x0000bfe5) c.j     pc - 8
core   0: 3 0x80009708 (0xbfe5)
core   0: 0x80009700 (0x00002f17) auipc   t5, 0x2
core   0: 3 0x80009700 (0x00002f17) x30 0x8000b700
core   0: 0x80009704 (0x903f2023) sw      gp, -1792(t5)
core   0: 3 0x80009704 (0x903f2023) mem 0x8000b000 0x00000001
core   0: 0x80009708 (0x0000bfe5) c.j     pc - 8
core   0: 3 0x80009708 (0xbfe5)
core   0: 0x80009700 (0x00002f17) auipc   t5, 0x2
core   0: 3 0x80009700 (0x00002f17) x30 0x8000b700
core   0: 0x80009704 (0x903f2023) sw      gp, -1792(t5)
core   0: 3 0x80009704 (0x903f2023) mem 0x8000b000 0x00000001
core   0: 0x80009708 (0x0000bfe5) c.j     pc - 8
core   0: 3 0x80009708 (0xbfe5)
core   0: 0x80009700 (0x00002f17) auipc   t5, 0x2
core   0: 3 0x80009700 (0x00002f17) x30 0x8000b700
core   0: 0x80009704 (0x903f2023) sw      gp, -1792(t5)
core   0: 3 0x80009704 (0x903f2023) mem 0x8000b000 0x00000001
core   0: 0x80009708 (0x0000bfe5) c.j     pc - 8
core   0: 3 0x80009708 (0xbfe5)
core   0: 0x80009700 (0x00002f17) auipc   t5, 0x2
core   0: 3 0x80009700 (0x00002f17) x30 0x8000b700
core   0: 0x80009704 (0x903f2023) sw      gp, -1792(t5)
core   0: 3 0x80009704 (0x903f2023) mem 0x8000b000 0x00000001
core   0: 0x80009708 (0x0000bfe5) c.j     pc - 8
core   0: 3 0x80009708 (0xbfe5)
core   0: 0x80009700 (0x00002f17) auipc   t5, 0x2
core   0: 3 0x80009700 (0x00002f17) x30 0x8000b700
core   0: 0x80009704 (0x903f2023) sw      gp, -1792(t5)
core   0: 3 0x80009704 (0x903f2023) mem 0x8000b000 0x00000001
core   0: 0x80009708 (0x0000bfe5) c.j     pc - 8
core   0: 3 0x80009708 (0xbfe5)
core   0: 0x80009700 (0x00002f17) auipc   t5, 0x2
core   0: 3 0x80009700 (0x00002f17) x30 0x8000b700
core   0: 0x80009704 (0x903f2023) sw      gp, -1792(t5)
core   0: 3 0x80009704 (0x903f2023) mem 0x8000b000 0x00000001
core   0: 0x80009708 (0x0000bfe5) c.j     pc - 8
core   0: 3 0x80009708 (0xbfe5)
core   0: 0x80009700 (0x00002f17) auipc   t5, 0x2
core   0: 3 0x80009700 (0x00002f17) x30 0x8000b700
core   0: 0x80009704 (0x903f2023) sw      gp, -1792(t5)
core   0: 3 0x80009704 (0x903f2023) mem 0x8000b000 0x00000001
core   0: 0x80009708 (0x0000bfe5) c.j     pc - 8
core   0: 3 0x80009708 (0xbfe5)
core   0: 0x80009700 (0x00002f17) auipc   t5, 0x2
core   0: 3 0x80009700 (0x00002f17) x30 0x8000b700
core   0: 0x80009704 (0x903f2023) sw      gp, -1792(t5)
core   0: 3 0x80009704 (0x903f2023) mem 0x8000b000 0x00000001
core   0: 0x80009708 (0x0000bfe5) c.j     pc - 8
core   0: 3 0x80009708 (0xbfe5)
core   0: 0x80009700 (0x00002f17) auipc   t5, 0x2
core   0: 3 0x80009700 (0x00002f17) x30 0x8000b700
core   0: 0x80009704 (0x903f2023) sw      gp, -1792(t5)
core   0: 3 0x80009704 (0x903f2023) mem 0x8000b000 0x00000001
core   0: 0x80009708 (0x0000bfe5) c.j     pc - 8
core   0: 3 0x80009708 (0xbfe5)
core   0: 0x80009700 (0x00002f17) auipc   t5, 0x2
core   0: 3 0x80009700 (0x00002f17) x30 0x8000b700
core   0: 0x80009704 (0x903f2023) sw      gp, -1792(t5)
core   0: 3 0x80009704 (0x903f2023) mem 0x8000b000 0x00000001
core   0: 0x80009708 (0x0000bfe5) c.j     pc - 8
core   0: 3 0x80009708 (0xbfe5)
core   0: 0x80009700 (0x00002f17) auipc   t5, 0x2
core   0: 3 0x80009700 (0x00002f17) x30 0x8000b700
core   0: 0x80009704 (0x903f2023) sw      gp, -1792(t5)
core   0: 3 0x80009704 (0x903f2023) mem 0x8000b000 0x00000001
core   0: 0x80009708 (0x0000bfe5) c.j     pc - 8
core   0: 3 0x80009708 (0xbfe5)
core   0: 0x80009700 (0x00002f17) auipc   t5, 0x2
core   0: 3 0x80009700 (0x00002f17) x30 0x8000b700
core   0: 0x80009704 (0x903f2023) sw      gp, -1792(t5)
core   0: 3 0x80009704 (0x903f2023) mem 0x8000b000 0x00000001
core   0: 0x80009708 (0x0000bfe5) c.j     pc - 8
core   0: 3 0x80009708 (0xbfe5)
core   0: 0x80009700 (0x00002f17) auipc   t5, 0x2
core   0: 3 0x80009700 (0x00002f17) x30 0x8000b700
core   0: 0x80009704 (0x903f2023) sw      gp, -1792(t5)
core   0: 3 0x80009704 (0x903f2023) mem 0x8000b000 0x00000001
core   0: 0x80009708 (0x0000bfe5) c.j     pc - 8
core   0: 3 0x80009708 (0xbfe5)
core   0: 0x80009700 (0x00002f17) auipc   t5, 0x2
core   0: 3 0x80009700 (0x00002f17) x30 0x8000b700
core   0: 0x80009704 (0x903f2023) sw      gp, -1792(t5)
core   0: 3 0x80009704 (0x903f2023) mem 0x8000b000 0x00000001
core   0: 0x80009708 (0x0000bfe5) c.j     pc - 8
core   0: 3 0x80009708 (0xbfe5)
core   0: 0x80009700 (0x00002f17) auipc   t5, 0x2
core   0: 3 0x80009700 (0x00002f17) x30 0x8000b700
core   0: 0x80009704 (0x903f2023) sw      gp, -1792(t5)
core   0: 3 0x80009704 (0x903f2023) mem 0x8000b000 0x00000001
core   0: 0x80009708 (0x0000bfe5) c.j     pc - 8
core   0: 3 0x80009708 (0xbfe5)
core   0: 0x80009700 (0x00002f17) auipc   t5, 0x2
core   0: 3 0x80009700 (0x00002f17) x30 0x8000b700
core   0: 0x80009704 (0x903f2023) sw      gp, -1792(t5)
core   0: 3 0x80009704 (0x903f2023) mem 0x8000b000 0x00000001
core   0: 0x80009708 (0x0000bfe5) c.j     pc - 8
core   0: 3 0x80009708 (0xbfe5)
core   0: 0x80009700 (0x00002f17) auipc   t5, 0x2
core   0: 3 0x80009700 (0x00002f17) x30 0x8000b700
core   0: 0x80009704 (0x903f2023) sw      gp, -1792(t5)
core   0: 3 0x80009704 (0x903f2023) mem 0x8000b000 0x00000001
core   0: 0x80009708 (0x0000bfe5) c.j     pc - 8
core   0: 3 0x80009708 (0xbfe5)
core   0: 0x80009700 (0x00002f17) auipc   t5, 0x2
core   0: 3 0x80009700 (0x00002f17) x30 0x8000b700
core   0: 0x80009704 (0x903f2023) sw      gp, -1792(t5)
core   0: 3 0x80009704 (0x903f2023) mem 0x8000b000 0x00000001
core   0: 0x80009708 (0x0000bfe5) c.j     pc - 8
core   0: 3 0x80009708 (0xbfe5)
core   0: 0x80009700 (0x00002f17) auipc   t5, 0x2
core   0: 3 0x80009700 (0x00002f17) x30 0x8000b700
core   0: 0x80009704 (0x903f2023) sw      gp, -1792(t5)
core   0: 3 0x80009704 (0x903f2023) mem 0x8000b000 0x00000001
core   0: 0x80009708 (0x0000bfe5) c.j     pc - 8
core   0: 3 0x80009708 (0xbfe5)
core   0: 0x80009700 (0x00002f17) auipc   t5, 0x2
core   0: 3 0x80009700 (0x00002f17) x30 0x8000b700
core   0: 0x80009704 (0x903f2023) sw      gp, -1792(t5)
core   0: 3 0x80009704 (0x903f2023) mem 0x8000b000 0x00000001
core   0: 0x80009708 (0x0000bfe5) c.j     pc - 8
core   0: 3 0x80009708 (0xbfe5)
core   0: 0x80009700 (0x00002f17) auipc   t5, 0x2
core   0: 3 0x80009700 (0x00002f17) x30 0x8000b700
core   0: 0x80009704 (0x903f2023) sw      gp, -1792(t5)
core   0: 3 0x80009704 (0x903f2023) mem 0x8000b000 0x00000001
core   0: 0x80009708 (0x0000bfe5) c.j     pc - 8
core   0: 3 0x80009708 (0xbfe5)
core   0: 0x80009700 (0x00002f17) auipc   t5, 0x2
core   0: 3 0x80009700 (0x00002f17) x30 0x8000b700
core   0: 0x80009704 (0x903f2023) sw      gp, -1792(t5)
core   0: 3 0x80009704 (0x903f2023) mem 0x8000b000 0x00000001
core   0: 0x80009708 (0x0000bfe5) c.j     pc - 8
core   0: 3 0x80009708 (0xbfe5)
core   0: 0x80009700 (0x00002f17) auipc   t5, 0x2
core   0: 3 0x80009700 (0x00002f17) x30 0x8000b700
core   0: 0x80009704 (0x903f2023) sw      gp, -1792(t5)
core   0: 3 0x80009704 (0x903f2023) mem 0x8000b000 0x00000001
core   0: 0x80009708 (0x0000bfe5) c.j     pc - 8
core   0: 3 0x80009708 (0xbfe5)
core   0: 0x80009700 (0x00002f17) auipc   t5, 0x2
core   0: 3 0x80009700 (0x00002f17) x30 0x8000b700
core   0: 0x80009704 (0x903f2023) sw      gp, -1792(t5)
core   0: 3 0x80009704 (0x903f2023) mem 0x8000b000 0x00000001
core   0: 0x80009708 (0x0000bfe5) c.j     pc - 8
core   0: 3 0x80009708 (0xbfe5)
core   0: 0x80009700 (0x00002f17) auipc   t5, 0x2
core   0: 3 0x80009700 (0x00002f17) x30 0x8000b700
core   0: 0x80009704 (0x903f2023) sw      gp, -1792(t5)
core   0: 3 0x80009704 (0x903f2023) mem 0x8000b000 0x00000001
core   0: 0x80009708 (0x0000bfe5) c.j     pc - 8
core   0: 3 0x80009708 (0xbfe5)
core   0: 0x80009700 (0x00002f17) auipc   t5, 0x2
core   0: 3 0x80009700 (0x00002f17) x30 0x8000b700
core   0: 0x80009704 (0x903f2023) sw      gp, -1792(t5)
core   0: 3 0x80009704 (0x903f2023) mem 0x8000b000 0x00000001
core   0: 0x80009708 (0x0000bfe5) c.j     pc - 8
core   0: 3 0x80009708 (0xbfe5)
core   0: 0x80009700 (0x00002f17) auipc   t5, 0x2
core   0: 3 0x80009700 (0x00002f17) x30 0x8000b700
core   0: 0x80009704 (0x903f2023) sw      gp, -1792(t5)
core   0: 3 0x80009704 (0x903f2023) mem 0x8000b000 0x00000001
core   0: 0x80009708 (0x0000bfe5) c.j     pc - 8
core   0: 3 0x80009708 (0xbfe5)
core   0: 0x80009700 (0x00002f17) auipc   t5, 0x2
core   0: 3 0x80009700 (0x00002f17) x30 0x8000b700
core   0: 0x80009704 (0x903f2023) sw      gp, -1792(t5)
core   0: 3 0x80009704 (0x903f2023) mem 0x8000b000 0x00000001
core   0: 0x80009708 (0x0000bfe5) c.j     pc - 8
core   0: 3 0x80009708 (0xbfe5)
core   0: 0x80009700 (0x00002f17) auipc   t5, 0x2
core   0: 3 0x80009700 (0x00002f17) x30 0x8000b700
core   0: 0x80009704 (0x903f2023) sw      gp, -1792(t5)
core   0: 3 0x80009704 (0x903f2023) mem 0x8000b000 0x00000001
core   0: 0x80009708 (0x0000bfe5) c.j     pc - 8
core   0: 3 0x80009708 (0xbfe5)
core   0: 0x80009700 (0x00002f17) auipc   t5, 0x2
core   0: 3 0x80009700 (0x00002f17) x30 0x8000b700
core   0: 0x80009704 (0x903f2023) sw      gp, -1792(t5)
core   0: 3 0x80009704 (0x903f2023) mem 0x8000b000 0x00000001
core   0: 0x80009708 (0x0000bfe5) c.j     pc - 8
core   0: 3 0x80009708 (0xbfe5)
core   0: 0x80009700 (0x00002f17) auipc   t5, 0x2
core   0: 3 0x80009700 (0x00002f17) x30 0x8000b700
core   0: 0x80009704 (0x903f2023) sw      gp, -1792(t5)
core   0: 3 0x80009704 (0x903f2023) mem 0x8000b000 0x00000001
core   0: 0x80009708 (0x0000bfe5) c.j     pc - 8
core   0: 3 0x80009708 (0xbfe5)
core   0: 0x80009700 (0x00002f17) auipc   t5, 0x2
core   0: 3 0x80009700 (0x00002f17) x30 0x8000b700
core   0: 0x80009704 (0x903f2023) sw      gp, -1792(t5)
core   0: 3 0x80009704 (0x903f2023) mem 0x8000b000 0x00000001
core   0: 0x80009708 (0x0000bfe5) c.j     pc - 8
core   0: 3 0x80009708 (0xbfe5)
core   0: 0x80009700 (0x00002f17) auipc   t5, 0x2
core   0: 3 0x80009700 (0x00002f17) x30 0x8000b700
core   0: 0x80009704 (0x903f2023) sw      gp, -1792(t5)
core   0: 3 0x80009704 (0x903f2023) mem 0x8000b000 0x00000001
core   0: 0x80009708 (0x0000bfe5) c.j     pc - 8
core   0: 3 0x80009708 (0xbfe5)
core   0: 0x80009700 (0x00002f17) auipc   t5, 0x2
core   0: 3 0x80009700 (0x00002f17) x30 0x8000b700
core   0: 0x80009704 (0x903f2023) sw      gp, -1792(t5)
core   0: 3 0x80009704 (0x903f2023) mem 0x8000b000 0x00000001
core   0: 0x80009708 (0x0000bfe5) c.j     pc - 8
core   0: 3 0x80009708 (0xbfe5)
core   0: 0x80009700 (0x00002f17) auipc   t5, 0x2
core   0: 3 0x80009700 (0x00002f17) x30 0x8000b700
core   0: 0x80009704 (0x903f2023) sw      gp, -1792(t5)
core   0: 3 0x80009704 (0x903f2023) mem 0x8000b000 0x00000001
core   0: 0x80009708 (0x0000bfe5) c.j     pc - 8
core   0: 3 0x80009708 (0xbfe5)
core   0: 0x80009700 (0x00002f17) auipc   t5, 0x2
core   0: 3 0x80009700 (0x00002f17) x30 0x8000b700
core   0: 0x80009704 (0x903f2023) sw      gp, -1792(t5)
core   0: 3 0x80009704 (0x903f2023) mem 0x8000b000 0x00000001
core   0: 0x80009708 (0x0000bfe5) c.j     pc - 8
core   0: 3 0x80009708 (0xbfe5)
core   0: 0x80009700 (0x00002f17) auipc   t5, 0x2
core   0: 3 0x80009700 (0x00002f17) x30 0x8000b700
core   0: 0x80009704 (0x903f2023) sw      gp, -1792(t5)
core   0: 3 0x80009704 (0x903f2023) mem 0x8000b000 0x00000001
core   0: 0x80009708 (0x0000bfe5) c.j     pc - 8
core   0: 3 0x80009708 (0xbfe5)
core   0: 0x80009700 (0x00002f17) auipc   t5, 0x2
core   0: 3 0x80009700 (0x00002f17) x30 0x8000b700
core   0: 0x80009704 (0x903f2023) sw      gp, -1792(t5)
core   0: 3 0x80009704 (0x903f2023) mem 0x8000b000 0x00000001
core   0: 0x80009708 (0x0000bfe5) c.j     pc - 8
core   0: 3 0x80009708 (0xbfe5)
core   0: 0x80009700 (0x00002f17) auipc   t5, 0x2
core   0: 3 0x80009700 (0x00002f17) x30 0x8000b700
core   0: 0x80009704 (0x903f2023) sw      gp, -1792(t5)
core   0: 3 0x80009704 (0x903f2023) mem 0x8000b000 0x00000001
core   0: 0x80009708 (0x0000bfe5) c.j     pc - 8
core   0: 3 0x80009708 (0xbfe5)
core   0: 0x80009700 (0x00002f17) auipc   t5, 0x2
core   0: 3 0x80009700 (0x00002f17) x30 0x8000b700
core   0: 0x80009704 (0x903f2023) sw      gp, -1792(t5)
core   0: 3 0x80009704 (0x903f2023) mem 0x8000b000 0x00000001
core   0: 0x80009708 (0x0000bfe5) c.j     pc - 8
core   0: 3 0x80009708 (0xbfe5)
core   0: 0x80009700 (0x00002f17) auipc   t5, 0x2
core   0: 3 0x80009700 (0x00002f17) x30 0x8000b700
core   0: 0x80009704 (0x903f2023) sw      gp, -1792(t5)
core   0: 3 0x80009704 (0x903f2023) mem 0x8000b000 0x00000001
core   0: 0x80009708 (0x0000bfe5) c.j     pc - 8
core   0: 3 0x80009708 (0xbfe5)
core   0: 0x80009700 (0x00002f17) auipc   t5, 0x2
core   0: 3 0x80009700 (0x00002f17) x30 0x8000b700
core   0: 0x80009704 (0x903f2023) sw      gp, -1792(t5)
core   0: 3 0x80009704 (0x903f2023) mem 0x8000b000 0x00000001
core   0: 0x80009708 (0x0000bfe5) c.j     pc - 8
core   0: 3 0x80009708 (0xbfe5)
core   0: 0x80009700 (0x00002f17) auipc   t5, 0x2
core   0: 3 0x80009700 (0x00002f17) x30 0x8000b700
core   0: 0x80009704 (0x903f2023) sw      gp, -1792(t5)
core   0: 3 0x80009704 (0x903f2023) mem 0x8000b000 0x00000001
core   0: 0x80009708 (0x0000bfe5) c.j     pc - 8
core   0: 3 0x80009708 (0xbfe5)
core   0: 0x80009700 (0x00002f17) auipc   t5, 0x2
core   0: 3 0x80009700 (0x00002f17) x30 0x8000b700
core   0: 0x80009704 (0x903f2023) sw      gp, -1792(t5)
core   0: 3 0x80009704 (0x903f2023) mem 0x8000b000 0x00000001
core   0: 0x80009708 (0x0000bfe5) c.j     pc - 8
core   0: 3 0x80009708 (0xbfe5)
core   0: 0x80009700 (0x00002f17) auipc   t5, 0x2
core   0: 3 0x80009700 (0x00002f17) x30 0x8000b700
core   0: 0x80009704 (0x903f2023) sw      gp, -1792(t5)
core   0: 3 0x80009704 (0x903f2023) mem 0x8000b000 0x00000001
core   0: 0x80009708 (0x0000bfe5) c.j     pc - 8
core   0: 3 0x80009708 (0xbfe5)
core   0: 0x80009700 (0x00002f17) auipc   t5, 0x2
core   0: 3 0x80009700 (0x00002f17) x30 0x8000b700
core   0: 0x80009704 (0x903f2023) sw      gp, -1792(t5)
core   0: 3 0x80009704 (0x903f2023) mem 0x8000b000 0x00000001
core   0: 0x80009708 (0x0000bfe5) c.j     pc - 8
core   0: 3 0x80009708 (0xbfe5)
core   0: 0x80009700 (0x00002f17) auipc   t5, 0x2
core   0: 3 0x80009700 (0x00002f17) x30 0x8000b700
core   0: 0x80009704 (0x903f2023) sw      gp, -1792(t5)
core   0: 3 0x80009704 (0x903f2023) mem 0x8000b000 0x00000001
core   0: 0x80009708 (0x0000bfe5) c.j     pc - 8
core   0: 3 0x80009708 (0xbfe5)
core   0: 0x80009700 (0x00002f17) auipc   t5, 0x2
core   0: 3 0x80009700 (0x00002f17) x30 0x8000b700
core   0: 0x80009704 (0x903f2023) sw      gp, -1792(t5)
core   0: 3 0x80009704 (0x903f2023) mem 0x8000b000 0x00000001
core   0: 0x80009708 (0x0000bfe5) c.j     pc - 8
core   0: 3 0x80009708 (0xbfe5)
core   0: 0x80009700 (0x00002f17) auipc   t5, 0x2
core   0: 3 0x80009700 (0x00002f17) x30 0x8000b700
core   0: 0x80009704 (0x903f2023) sw      gp, -1792(t5)
core   0: 3 0x80009704 (0x903f2023) mem 0x8000b000 0x00000001
core   0: 0x80009708 (0x0000bfe5) c.j     pc - 8
core   0: 3 0x80009708 (0xbfe5)
core   0: 0x80009700 (0x00002f17) auipc   t5, 0x2
core   0: 3 0x80009700 (0x00002f17) x30 0x8000b700
core   0: 0x80009704 (0x903f2023) sw      gp, -1792(t5)
core   0: 3 0x80009704 (0x903f2023) mem 0x8000b000 0x00000001
core   0: 0x80009708 (0x0000bfe5) c.j     pc - 8
core   0: 3 0x80009708 (0xbfe5)
core   0: 0x80009700 (0x00002f17) auipc   t5, 0x2
core   0: 3 0x80009700 (0x00002f17) x30 0x8000b700
core   0: 0x80009704 (0x903f2023) sw      gp, -1792(t5)
core   0: 3 0x80009704 (0x903f2023) mem 0x8000b000 0x00000001
core   0: 0x80009708 (0x0000bfe5) c.j     pc - 8
core   0: 3 0x80009708 (0xbfe5)
core   0: 0x80009700 (0x00002f17) auipc   t5, 0x2
core   0: 3 0x80009700 (0x00002f17) x30 0x8000b700
core   0: 0x80009704 (0x903f2023) sw      gp, -1792(t5)
core   0: 3 0x80009704 (0x903f2023) mem 0x8000b000 0x00000001
core   0: 0x80009708 (0x0000bfe5) c.j     pc - 8
core   0: 3 0x80009708 (0xbfe5)
core   0: 0x80009700 (0x00002f17) auipc   t5, 0x2
core   0: 3 0x80009700 (0x00002f17) x30 0x8000b700
core   0: 0x80009704 (0x903f2023) sw      gp, -1792(t5)
core   0: 3 0x80009704 (0x903f2023) mem 0x8000b000 0x00000001
core   0: 0x80009708 (0x0000bfe5) c.j     pc - 8
core   0: 3 0x80009708 (0xbfe5)
core   0: 0x80009700 (0x00002f17) auipc   t5, 0x2
core   0: 3 0x80009700 (0x00002f17) x30 0x8000b700
core   0: 0x80009704 (0x903f2023) sw      gp, -1792(t5)
core   0: 3 0x80009704 (0x903f2023) mem 0x8000b000 0x00000001
core   0: 0x80009708 (0x0000bfe5) c.j     pc - 8
core   0: 3 0x80009708 (0xbfe5)
core   0: 0x80009700 (0x00002f17) auipc   t5, 0x2
core   0: 3 0x80009700 (0x00002f17) x30 0x8000b700
core   0: 0x80009704 (0x903f2023) sw      gp, -1792(t5)
core   0: 3 0x80009704 (0x903f2023) mem 0x8000b000 0x00000001
core   0: 0x80009708 (0x0000bfe5) c.j     pc - 8
core   0: 3 0x80009708 (0xbfe5)
core   0: 0x80009700 (0x00002f17) auipc   t5, 0x2
core   0: 3 0x80009700 (0x00002f17) x30 0x8000b700
core   0: 0x80009704 (0x903f2023) sw      gp, -1792(t5)
core   0: 3 0x80009704 (0x903f2023) mem 0x8000b000 0x00000001
core   0: 0x80009708 (0x0000bfe5) c.j     pc - 8
core   0: 3 0x80009708 (0xbfe5)
core   0: 0x80009700 (0x00002f17) auipc   t5, 0x2
core   0: 3 0x80009700 (0x00002f17) x30 0x8000b700
core   0: 0x80009704 (0x903f2023) sw      gp, -1792(t5)
core   0: 3 0x80009704 (0x903f2023) mem 0x8000b000 0x00000001
core   0: 0x80009708 (0x0000bfe5) c.j     pc - 8
core   0: 3 0x80009708 (0xbfe5)
core   0: 0x80009700 (0x00002f17) auipc   t5, 0x2
core   0: 3 0x80009700 (0x00002f17) x30 0x8000b700
core   0: 0x80009704 (0x903f2023) sw      gp, -1792(t5)
core   0: 3 0x80009704 (0x903f2023) mem 0x8000b000 0x00000001
core   0: 0x80009708 (0x0000bfe5) c.j     pc - 8
core   0: 3 0x80009708 (0xbfe5)
core   0: 0x80009700 (0x00002f17) auipc   t5, 0x2
core   0: 3 0x80009700 (0x00002f17) x30 0x8000b700
core   0: 0x80009704 (0x903f2023) sw      gp, -1792(t5)
core   0: 3 0x80009704 (0x903f2023) mem 0x8000b000 0x00000001
core   0: 0x80009708 (0x0000bfe5) c.j     pc - 8
core   0: 3 0x80009708 (0xbfe5)
core   0: 0x80009700 (0x00002f17) auipc   t5, 0x2
core   0: 3 0x80009700 (0x00002f17) x30 0x8000b700
core   0: 0x80009704 (0x903f2023) sw      gp, -1792(t5)
core   0: 3 0x80009704 (0x903f2023) mem 0x8000b000 0x00000001
core   0: 0x80009708 (0x0000bfe5) c.j     pc - 8
core   0: 3 0x80009708 (0xbfe5)
core   0: 0x80009700 (0x00002f17) auipc   t5, 0x2
core   0: 3 0x80009700 (0x00002f17) x30 0x8000b700
core   0: 0x80009704 (0x903f2023) sw      gp, -1792(t5)
core   0: 3 0x80009704 (0x903f2023) mem 0x8000b000 0x00000001
core   0: 0x80009708 (0x0000bfe5) c.j     pc - 8
core   0: 3 0x80009708 (0xbfe5)
core   0: 0x80009700 (0x00002f17) auipc   t5, 0x2
core   0: 3 0x80009700 (0x00002f17) x30 0x8000b700
core   0: 0x80009704 (0x903f2023) sw      gp, -1792(t5)
core   0: 3 0x80009704 (0x903f2023) mem 0x8000b000 0x00000001
core   0: 0x80009708 (0x0000bfe5) c.j     pc - 8
core   0: 3 0x80009708 (0xbfe5)
core   0: 0x80009700 (0x00002f17) auipc   t5, 0x2
core   0: 3 0x80009700 (0x00002f17) x30 0x8000b700
core   0: 0x80009704 (0x903f2023) sw      gp, -1792(t5)
core   0: 3 0x80009704 (0x903f2023) mem 0x8000b000 0x00000001
core   0: 0x80009708 (0x0000bfe5) c.j     pc - 8
core   0: 3 0x80009708 (0xbfe5)
core   0: 0x80009700 (0x00002f17) auipc   t5, 0x2
core   0: 3 0x80009700 (0x00002f17) x30 0x8000b700
core   0: 0x80009704 (0x903f2023) sw      gp, -1792(t5)
core   0: 3 0x80009704 (0x903f2023) mem 0x8000b000 0x00000001
core   0: 0x80009708 (0x0000bfe5) c.j     pc - 8
core   0: 3 0x80009708 (0xbfe5)
core   0: 0x80009700 (0x00002f17) auipc   t5, 0x2
core   0: 3 0x80009700 (0x00002f17) x30 0x8000b700
core   0: 0x80009704 (0x903f2023) sw      gp, -1792(t5)
core   0: 3 0x80009704 (0x903f2023) mem 0x8000b000 0x00000001
core   0: 0x80009708 (0x0000bfe5) c.j     pc - 8
core   0: 3 0x80009708 (0xbfe5)
core   0: 0x80009700 (0x00002f17) auipc   t5, 0x2
core   0: 3 0x80009700 (0x00002f17) x30 0x8000b700
core   0: 0x80009704 (0x903f2023) sw      gp, -1792(t5)
core   0: 3 0x80009704 (0x903f2023) mem 0x8000b000 0x00000001
core   0: 0x80009708 (0x0000bfe5) c.j     pc - 8
core   0: 3 0x80009708 (0xbfe5)
core   0: 0x80009700 (0x00002f17) auipc   t5, 0x2
core   0: 3 0x80009700 (0x00002f17) x30 0x8000b700
core   0: 0x80009704 (0x903f2023) sw      gp, -1792(t5)
core   0: 3 0x80009704 (0x903f2023) mem 0x8000b000 0x00000001
core   0: 0x80009708 (0x0000bfe5) c.j     pc - 8
core   0: 3 0x80009708 (0xbfe5)
core   0: 0x80009700 (0x00002f17) auipc   t5, 0x2
core   0: 3 0x80009700 (0x00002f17) x30 0x8000b700
core   0: 0x80009704 (0x903f2023) sw      gp, -1792(t5)
core   0: 3 0x80009704 (0x903f2023) mem 0x8000b000 0x00000001
core   0: 0x80009708 (0x0000bfe5) c.j     pc - 8
core   0: 3 0x80009708 (0xbfe5)
core   0: 0x80009700 (0x00002f17) auipc   t5, 0x2
core   0: 3 0x80009700 (0x00002f17) x30 0x8000b700
core   0: 0x80009704 (0x903f2023) sw      gp, -1792(t5)
core   0: 3 0x80009704 (0x903f2023) mem 0x8000b000 0x00000001
core   0: 0x80009708 (0x0000bfe5) c.j     pc - 8
core   0: 3 0x80009708 (0xbfe5)
core   0: 0x80009700 (0x00002f17) auipc   t5, 0x2
core   0: 3 0x80009700 (0x00002f17) x30 0x8000b700
core   0: 0x80009704 (0x903f2023) sw      gp, -1792(t5)
core   0: 3 0x80009704 (0x903f2023) mem 0x8000b000 0x00000001
core   0: 0x80009708 (0x0000bfe5) c.j     pc - 8
core   0: 3 0x80009708 (0xbfe5)
core   0: 0x80009700 (0x00002f17) auipc   t5, 0x2
core   0: 3 0x80009700 (0x00002f17) x30 0x8000b700
core   0: 0x80009704 (0x903f2023) sw      gp, -1792(t5)
core   0: 3 0x80009704 (0x903f2023) mem 0x8000b000 0x00000001
core   0: 0x80009708 (0x0000bfe5) c.j     pc - 8
core   0: 3 0x80009708 (0xbfe5)
core   0: 0x80009700 (0x00002f17) auipc   t5, 0x2
core   0: 3 0x80009700 (0x00002f17) x30 0x8000b700
core   0: 0x80009704 (0x903f2023) sw      gp, -1792(t5)
core   0: 3 0x80009704 (0x903f2023) mem 0x8000b000 0x00000001
core   0: 0x80009708 (0x0000bfe5) c.j     pc - 8
core   0: 3 0x80009708 (0xbfe5)
core   0: 0x80009700 (0x00002f17) auipc   t5, 0x2
core   0: 3 0x80009700 (0x00002f17) x30 0x8000b700
core   0: 0x80009704 (0x903f2023) sw      gp, -1792(t5)
core   0: 3 0x80009704 (0x903f2023) mem 0x8000b000 0x00000001
core   0: 0x80009708 (0x0000bfe5) c.j     pc - 8
core   0: 3 0x80009708 (0xbfe5)
core   0: 0x80009700 (0x00002f17) auipc   t5, 0x2
core   0: 3 0x80009700 (0x00002f17) x30 0x8000b700
core   0: 0x80009704 (0x903f2023) sw      gp, -1792(t5)
core   0: 3 0x80009704 (0x903f2023) mem 0x8000b000 0x00000001
core   0: 0x80009708 (0x0000bfe5) c.j     pc - 8
core   0: 3 0x80009708 (0xbfe5)
core   0: 0x80009700 (0x00002f17) auipc   t5, 0x2
core   0: 3 0x80009700 (0x00002f17) x30 0x8000b700
core   0: 0x80009704 (0x903f2023) sw      gp, -1792(t5)
core   0: 3 0x80009704 (0x903f2023) mem 0x8000b000 0x00000001
core   0: 0x80009708 (0x0000bfe5) c.j     pc - 8
core   0: 3 0x80009708 (0xbfe5)
core   0: 0x80009700 (0x00002f17) auipc   t5, 0x2
core   0: 3 0x80009700 (0x00002f17) x30 0x8000b700
core   0: 0x80009704 (0x903f2023) sw      gp, -1792(t5)
core   0: 3 0x80009704 (0x903f2023) mem 0x8000b000 0x00000001
core   0: 0x80009708 (0x0000bfe5) c.j     pc - 8
core   0: 3 0x80009708 (0xbfe5)
core   0: 0x80009700 (0x00002f17) auipc   t5, 0x2
core   0: 3 0x80009700 (0x00002f17) x30 0x8000b700
core   0: 0x80009704 (0x903f2023) sw      gp, -1792(t5)
core   0: 3 0x80009704 (0x903f2023) mem 0x8000b000 0x00000001
core   0: 0x80009708 (0x0000bfe5) c.j     pc - 8
core   0: 3 0x80009708 (0xbfe5)
core   0: 0x80009700 (0x00002f17) auipc   t5, 0x2
core   0: 3 0x80009700 (0x00002f17) x30 0x8000b700
core   0: 0x80009704 (0x903f2023) sw      gp, -1792(t5)
core   0: 3 0x80009704 (0x903f2023) mem 0x8000b000 0x00000001
core   0: 0x80009708 (0x0000bfe5) c.j     pc - 8
core   0: 3 0x80009708 (0xbfe5)
core   0: 0x80009700 (0x00002f17) auipc   t5, 0x2
core   0: 3 0x80009700 (0x00002f17) x30 0x8000b700
core   0: 0x80009704 (0x903f2023) sw      gp, -1792(t5)
core   0: 3 0x80009704 (0x903f2023) mem 0x8000b000 0x00000001
core   0: 0x80009708 (0x0000bfe5) c.j     pc - 8
core   0: 3 0x80009708 (0xbfe5)
core   0: 0x80009700 (0x00002f17) auipc   t5, 0x2
core   0: 3 0x80009700 (0x00002f17) x30 0x8000b700
core   0: 0x80009704 (0x903f2023) sw      gp, -1792(t5)
core   0: 3 0x80009704 (0x903f2023) mem 0x8000b000 0x00000001
core   0: 0x80009708 (0x0000bfe5) c.j     pc - 8
core   0: 3 0x80009708 (0xbfe5)
core   0: 0x80009700 (0x00002f17) auipc   t5, 0x2
core   0: 3 0x80009700 (0x00002f17) x30 0x8000b700
core   0: 0x80009704 (0x903f2023) sw      gp, -1792(t5)
core   0: 3 0x80009704 (0x903f2023) mem 0x8000b000 0x00000001
core   0: 0x80009708 (0x0000bfe5) c.j     pc - 8
core   0: 3 0x80009708 (0xbfe5)
core   0: 0x80009700 (0x00002f17) auipc   t5, 0x2
core   0: 3 0x80009700 (0x00002f17) x30 0x8000b700
core   0: 0x80009704 (0x903f2023) sw      gp, -1792(t5)
core   0: 3 0x80009704 (0x903f2023) mem 0x8000b000 0x00000001
core   0: 0x80009708 (0x0000bfe5) c.j     pc - 8
core   0: 3 0x80009708 (0xbfe5)
core   0: 0x80009700 (0x00002f17) auipc   t5, 0x2
core   0: 3 0x80009700 (0x00002f17) x30 0x8000b700
core   0: 0x80009704 (0x903f2023) sw      gp, -1792(t5)
core   0: 3 0x80009704 (0x903f2023) mem 0x8000b000 0x00000001
core   0: 0x80009708 (0x0000bfe5) c.j     pc - 8
core   0: 3 0x80009708 (0xbfe5)
core   0: 0x80009700 (0x00002f17) auipc   t5, 0x2
core   0: 3 0x80009700 (0x00002f17) x30 0x8000b700
core   0: 0x80009704 (0x903f2023) sw      gp, -1792(t5)
core   0: 3 0x80009704 (0x903f2023) mem 0x8000b000 0x00000001
core   0: 0x80009708 (0x0000bfe5) c.j     pc - 8
core   0: 3 0x80009708 (0xbfe5)
core   0: 0x80009700 (0x00002f17) auipc   t5, 0x2
core   0: 3 0x80009700 (0x00002f17) x30 0x8000b700
core   0: 0x80009704 (0x903f2023) sw      gp, -1792(t5)
core   0: 3 0x80009704 (0x903f2023) mem 0x8000b000 0x00000001
core   0: 0x80009708 (0x0000bfe5) c.j     pc - 8
core   0: 3 0x80009708 (0xbfe5)
core   0: 0x80009700 (0x00002f17) auipc   t5, 0x2
core   0: 3 0x80009700 (0x00002f17) x30 0x8000b700
core   0: 0x80009704 (0x903f2023) sw      gp, -1792(t5)
core   0: 3 0x80009704 (0x903f2023) mem 0x8000b000 0x00000001
core   0: 0x80009708 (0x0000bfe5) c.j     pc - 8
core   0: 3 0x80009708 (0xbfe5)
core   0: 0x80009700 (0x00002f17) auipc   t5, 0x2
core   0: 3 0x80009700 (0x00002f17) x30 0x8000b700
core   0: 0x80009704 (0x903f2023) sw      gp, -1792(t5)
core   0: 3 0x80009704 (0x903f2023) mem 0x8000b000 0x00000001
core   0: 0x80009708 (0x0000bfe5) c.j     pc - 8
core   0: 3 0x80009708 (0xbfe5)
core   0: 0x80009700 (0x00002f17) auipc   t5, 0x2
core   0: 3 0x80009700 (0x00002f17) x30 0x8000b700
core   0: 0x80009704 (0x903f2023) sw      gp, -1792(t5)
core   0: 3 0x80009704 (0x903f2023) mem 0x8000b000 0x00000001
core   0: 0x80009708 (0x0000bfe5) c.j     pc - 8
core   0: 3 0x80009708 (0xbfe5)
core   0: 0x80009700 (0x00002f17) auipc   t5, 0x2
core   0: 3 0x80009700 (0x00002f17) x30 0x8000b700
core   0: 0x80009704 (0x903f2023) sw      gp, -1792(t5)
core   0: 3 0x80009704 (0x903f2023) mem 0x8000b000 0x00000001
core   0: 0x80009708 (0x0000bfe5) c.j     pc - 8
core   0: 3 0x80009708 (0xbfe5)
core   0: 0x80009700 (0x00002f17) auipc   t5, 0x2
core   0: 3 0x80009700 (0x00002f17) x30 0x8000b700
core   0: 0x80009704 (0x903f2023) sw      gp, -1792(t5)
core   0: 3 0x80009704 (0x903f2023) mem 0x8000b000 0x00000001
core   0: 0x80009708 (0x0000bfe5) c.j     pc - 8
core   0: 3 0x80009708 (0xbfe5)
core   0: 0x80009700 (0x00002f17) auipc   t5, 0x2
core   0: 3 0x80009700 (0x00002f17) x30 0x8000b700
core   0: 0x80009704 (0x903f2023) sw      gp, -1792(t5)
core   0: 3 0x80009704 (0x903f2023) mem 0x8000b000 0x00000001
core   0: 0x80009708 (0x0000bfe5) c.j     pc - 8
core   0: 3 0x80009708 (0xbfe5)
core   0: 0x80009700 (0x00002f17) auipc   t5, 0x2
core   0: 3 0x80009700 (0x00002f17) x30 0x8000b700
core   0: 0x80009704 (0x903f2023) sw      gp, -1792(t5)
core   0: 3 0x80009704 (0x903f2023) mem 0x8000b000 0x00000001
core   0: 0x80009708 (0x0000bfe5) c.j     pc - 8
core   0: 3 0x80009708 (0xbfe5)
core   0: 0x80009700 (0x00002f17) auipc   t5, 0x2
core   0: 3 0x80009700 (0x00002f17) x30 0x8000b700
core   0: 0x80009704 (0x903f2023) sw      gp, -1792(t5)
core   0: 3 0x80009704 (0x903f2023) mem 0x8000b000 0x00000001
core   0: 0x80009708 (0x0000bfe5) c.j     pc - 8
core   0: 3 0x80009708 (0xbfe5)
core   0: 0x80009700 (0x00002f17) auipc   t5, 0x2
core   0: 3 0x80009700 (0x00002f17) x30 0x8000b700
core   0: 0x80009704 (0x903f2023) sw      gp, -1792(t5)
core   0: 3 0x80009704 (0x903f2023) mem 0x8000b000 0x00000001
core   0: 0x80009708 (0x0000bfe5) c.j     pc - 8
core   0: 3 0x80009708 (0xbfe5)
core   0: 0x80009700 (0x00002f17) auipc   t5, 0x2
core   0: 3 0x80009700 (0x00002f17) x30 0x8000b700
core   0: 0x80009704 (0x903f2023) sw      gp, -1792(t5)
core   0: 3 0x80009704 (0x903f2023) mem 0x8000b000 0x00000001
core   0: 0x80009708 (0x0000bfe5) c.j     pc - 8
core   0: 3 0x80009708 (0xbfe5)
core   0: 0x80009700 (0x00002f17) auipc   t5, 0x2
core   0: 3 0x80009700 (0x00002f17) x30 0x8000b700
core   0: 0x80009704 (0x903f2023) sw      gp, -1792(t5)
core   0: 3 0x80009704 (0x903f2023) mem 0x8000b000 0x00000001
core   0: 0x80009708 (0x0000bfe5) c.j     pc - 8
core   0: 3 0x80009708 (0xbfe5)
core   0: 0x80009700 (0x00002f17) auipc   t5, 0x2
core   0: 3 0x80009700 (0x00002f17) x30 0x8000b700
core   0: 0x80009704 (0x903f2023) sw      gp, -1792(t5)
core   0: 3 0x80009704 (0x903f2023) mem 0x8000b000 0x00000001
core   0: 0x80009708 (0x0000bfe5) c.j     pc - 8
core   0: 3 0x80009708 (0xbfe5)
core   0: 0x80009700 (0x00002f17) auipc   t5, 0x2
core   0: 3 0x80009700 (0x00002f17) x30 0x8000b700
core   0: 0x80009704 (0x903f2023) sw      gp, -1792(t5)
core   0: 3 0x80009704 (0x903f2023) mem 0x8000b000 0x00000001
core   0: 0x80009708 (0x0000bfe5) c.j     pc - 8
core   0: 3 0x80009708 (0xbfe5)
core   0: 0x80009700 (0x00002f17) auipc   t5, 0x2
core   0: 3 0x80009700 (0x00002f17) x30 0x8000b700
core   0: 0x80009704 (0x903f2023) sw      gp, -1792(t5)
core   0: 3 0x80009704 (0x903f2023) mem 0x8000b000 0x00000001
core   0: 0x80009708 (0x0000bfe5) c.j     pc - 8
core   0: 3 0x80009708 (0xbfe5)
core   0: 0x80009700 (0x00002f17) auipc   t5, 0x2
core   0: 3 0x80009700 (0x00002f17) x30 0x8000b700
core   0: 0x80009704 (0x903f2023) sw      gp, -1792(t5)
core   0: 3 0x80009704 (0x903f2023) mem 0x8000b000 0x00000001
core   0: 0x80009708 (0x0000bfe5) c.j     pc - 8
core   0: 3 0x80009708 (0xbfe5)
core   0: 0x80009700 (0x00002f17) auipc   t5, 0x2
core   0: 3 0x80009700 (0x00002f17) x30 0x8000b700
core   0: 0x80009704 (0x903f2023) sw      gp, -1792(t5)
core   0: 3 0x80009704 (0x903f2023) mem 0x8000b000 0x00000001
core   0: 0x80009708 (0x0000bfe5) c.j     pc - 8
core   0: 3 0x80009708 (0xbfe5)
core   0: 0x80009700 (0x00002f17) auipc   t5, 0x2
core   0: 3 0x80009700 (0x00002f17) x30 0x8000b700
core   0: 0x80009704 (0x903f2023) sw      gp, -1792(t5)
core   0: 3 0x80009704 (0x903f2023) mem 0x8000b000 0x00000001
core   0: 0x80009708 (0x0000bfe5) c.j     pc - 8
core   0: 3 0x80009708 (0xbfe5)
core   0: 0x80009700 (0x00002f17) auipc   t5, 0x2
core   0: 3 0x80009700 (0x00002f17) x30 0x8000b700
core   0: 0x80009704 (0x903f2023) sw      gp, -1792(t5)
core   0: 3 0x80009704 (0x903f2023) mem 0x8000b000 0x00000001
core   0: 0x80009708 (0x0000bfe5) c.j     pc - 8
core   0: 3 0x80009708 (0xbfe5)
core   0: 0x80009700 (0x00002f17) auipc   t5, 0x2
core   0: 3 0x80009700 (0x00002f17) x30 0x8000b700
core   0: 0x80009704 (0x903f2023) sw      gp, -1792(t5)
core   0: 3 0x80009704 (0x903f2023) mem 0x8000b000 0x00000001
core   0: 0x80009708 (0x0000bfe5) c.j     pc - 8
core   0: 3 0x80009708 (0xbfe5)
core   0: 0x80009700 (0x00002f17) auipc   t5, 0x2
core   0: 3 0x80009700 (0x00002f17) x30 0x8000b700
core   0: 0x80009704 (0x903f2023) sw      gp, -1792(t5)
core   0: 3 0x80009704 (0x903f2023) mem 0x8000b000 0x00000001
core   0: 0x80009708 (0x0000bfe5) c.j     pc - 8
core   0: 3 0x80009708 (0xbfe5)
core   0: 0x80009700 (0x00002f17) auipc   t5, 0x2
core   0: 3 0x80009700 (0x00002f17) x30 0x8000b700
core   0: 0x80009704 (0x903f2023) sw      gp, -1792(t5)
core   0: 3 0x80009704 (0x903f2023) mem 0x8000b000 0x00000001
core   0: 0x80009708 (0x0000bfe5) c.j     pc - 8
core   0: 3 0x80009708 (0xbfe5)
core   0: 0x80009700 (0x00002f17) auipc   t5, 0x2
core   0: 3 0x80009700 (0x00002f17) x30 0x8000b700
core   0: 0x80009704 (0x903f2023) sw      gp, -1792(t5)
core   0: 3 0x80009704 (0x903f2023) mem 0x8000b000 0x00000001
core   0: 0x80009708 (0x0000bfe5) c.j     pc - 8
core   0: 3 0x80009708 (0xbfe5)
core   0: 0x80009700 (0x00002f17) auipc   t5, 0x2
core   0: 3 0x80009700 (0x00002f17) x30 0x8000b700
core   0: 0x80009704 (0x903f2023) sw      gp, -1792(t5)
core   0: 3 0x80009704 (0x903f2023) mem 0x8000b000 0x00000001
core   0: 0x80009708 (0x0000bfe5) c.j     pc - 8
core   0: 3 0x80009708 (0xbfe5)
core   0: 0x80009700 (0x00002f17) auipc   t5, 0x2
core   0: 3 0x80009700 (0x00002f17) x30 0x8000b700
core   0: 0x80009704 (0x903f2023) sw      gp, -1792(t5)
core   0: 3 0x80009704 (0x903f2023) mem 0x8000b000 0x00000001
core   0: 0x80009708 (0x0000bfe5) c.j     pc - 8
core   0: 3 0x80009708 (0xbfe5)
core   0: 0x80009700 (0x00002f17) auipc   t5, 0x2
core   0: 3 0x80009700 (0x00002f17) x30 0x8000b700
core   0: 0x80009704 (0x903f2023) sw      gp, -1792(t5)
core   0: 3 0x80009704 (0x903f2023) mem 0x8000b000 0x00000001
core   0: 0x80009708 (0x0000bfe5) c.j     pc - 8
core   0: 3 0x80009708 (0xbfe5)
core   0: 0x80009700 (0x00002f17) auipc   t5, 0x2
core   0: 3 0x80009700 (0x00002f17) x30 0x8000b700
core   0: 0x80009704 (0x903f2023) sw      gp, -1792(t5)
core   0: 3 0x80009704 (0x903f2023) mem 0x8000b000 0x00000001
core   0: 0x80009708 (0x0000bfe5) c.j     pc - 8
core   0: 3 0x80009708 (0xbfe5)
core   0: 0x80009700 (0x00002f17) auipc   t5, 0x2
core   0: 3 0x80009700 (0x00002f17) x30 0x8000b700
core   0: 0x80009704 (0x903f2023) sw      gp, -1792(t5)
core   0: 3 0x80009704 (0x903f2023) mem 0x8000b000 0x00000001
core   0: 0x80009708 (0x0000bfe5) c.j     pc - 8
core   0: 3 0x80009708 (0xbfe5)
core   0: 0x80009700 (0x00002f17) auipc   t5, 0x2
core   0: 3 0x80009700 (0x00002f17) x30 0x8000b700
core   0: 0x80009704 (0x903f2023) sw      gp, -1792(t5)
core   0: 3 0x80009704 (0x903f2023) mem 0x8000b000 0x00000001
core   0: 0x80009708 (0x0000bfe5) c.j     pc - 8
core   0: 3 0x80009708 (0xbfe5)
core   0: 0x80009700 (0x00002f17) auipc   t5, 0x2
core   0: 3 0x80009700 (0x00002f17) x30 0x8000b700
core   0: 0x80009704 (0x903f2023) sw      gp, -1792(t5)
core   0: 3 0x80009704 (0x903f2023) mem 0x8000b000 0x00000001
core   0: 0x80009708 (0x0000bfe5) c.j     pc - 8
core   0: 3 0x80009708 (0xbfe5)
core   0: 0x80009700 (0x00002f17) auipc   t5, 0x2
core   0: 3 0x80009700 (0x00002f17) x30 0x8000b700
core   0: 0x80009704 (0x903f2023) sw      gp, -1792(t5)
core   0: 3 0x80009704 (0x903f2023) mem 0x8000b000 0x00000001
core   0: 0x80009708 (0x0000bfe5) c.j     pc - 8
core   0: 3 0x80009708 (0xbfe5)
core   0: 0x80009700 (0x00002f17) auipc   t5, 0x2
core   0: 3 0x80009700 (0x00002f17) x30 0x8000b700
core   0: 0x80009704 (0x903f2023) sw      gp, -1792(t5)
core   0: 3 0x80009704 (0x903f2023) mem 0x8000b000 0x00000001
core   0: 0x80009708 (0x0000bfe5) c.j     pc - 8
core   0: 3 0x80009708 (0xbfe5)
core   0: 0x80009700 (0x00002f17) auipc   t5, 0x2
core   0: 3 0x80009700 (0x00002f17) x30 0x8000b700
core   0: 0x80009704 (0x903f2023) sw      gp, -1792(t5)
core   0: 3 0x80009704 (0x903f2023) mem 0x8000b000 0x00000001
core   0: 0x80009708 (0x0000bfe5) c.j     pc - 8
core   0: 3 0x80009708 (0xbfe5)
core   0: 0x80009700 (0x00002f17) auipc   t5, 0x2
core   0: 3 0x80009700 (0x00002f17) x30 0x8000b700
core   0: 0x80009704 (0x903f2023) sw      gp, -1792(t5)
core   0: 3 0x80009704 (0x903f2023) mem 0x8000b000 0x00000001
core   0: 0x80009708 (0x0000bfe5) c.j     pc - 8
core   0: 3 0x80009708 (0xbfe5)
core   0: 0x80009700 (0x00002f17) auipc   t5, 0x2
core   0: 3 0x80009700 (0x00002f17) x30 0x8000b700
core   0: 0x80009704 (0x903f2023) sw      gp, -1792(t5)
core   0: 3 0x80009704 (0x903f2023) mem 0x8000b000 0x00000001
core   0: 0x80009708 (0x0000bfe5) c.j     pc - 8
core   0: 3 0x80009708 (0xbfe5)
core   0: 0x80009700 (0x00002f17) auipc   t5, 0x2
core   0: 3 0x80009700 (0x00002f17) x30 0x8000b700
core   0: 0x80009704 (0x903f2023) sw      gp, -1792(t5)
core   0: 3 0x80009704 (0x903f2023) mem 0x8000b000 0x00000001
core   0: 0x80009708 (0x0000bfe5) c.j     pc - 8
core   0: 3 0x80009708 (0xbfe5)
core   0: 0x80009700 (0x00002f17) auipc   t5, 0x2
core   0: 3 0x80009700 (0x00002f17) x30 0x8000b700
core   0: 0x80009704 (0x903f2023) sw      gp, -1792(t5)
core   0: 3 0x80009704 (0x903f2023) mem 0x8000b000 0x00000001
core   0: 0x80009708 (0x0000bfe5) c.j     pc - 8
core   0: 3 0x80009708 (0xbfe5)
core   0: 0x80009700 (0x00002f17) auipc   t5, 0x2
core   0: 3 0x80009700 (0x00002f17) x30 0x8000b700
core   0: 0x80009704 (0x903f2023) sw      gp, -1792(t5)
core   0: 3 0x80009704 (0x903f2023) mem 0x8000b000 0x00000001
core   0: 0x80009708 (0x0000bfe5) c.j     pc - 8
core   0: 3 0x80009708 (0xbfe5)
core   0: 0x80009700 (0x00002f17) auipc   t5, 0x2
core   0: 3 0x80009700 (0x00002f17) x30 0x8000b700
core   0: 0x80009704 (0x903f2023) sw      gp, -1792(t5)
core   0: 3 0x80009704 (0x903f2023) mem 0x8000b000 0x00000001
core   0: 0x80009708 (0x0000bfe5) c.j     pc - 8
core   0: 3 0x80009708 (0xbfe5)
core   0: 0x80009700 (0x00002f17) auipc   t5, 0x2
core   0: 3 0x80009700 (0x00002f17) x30 0x8000b700
core   0: 0x80009704 (0x903f2023) sw      gp, -1792(t5)
core   0: 3 0x80009704 (0x903f2023) mem 0x8000b000 0x00000001
core   0: 0x80009708 (0x0000bfe5) c.j     pc - 8
core   0: 3 0x80009708 (0xbfe5)
core   0: 0x80009700 (0x00002f17) auipc   t5, 0x2
core   0: 3 0x80009700 (0x00002f17) x30 0x8000b700
core   0: 0x80009704 (0x903f2023) sw      gp, -1792(t5)
core   0: 3 0x80009704 (0x903f2023) mem 0x8000b000 0x00000001
core   0: 0x80009708 (0x0000bfe5) c.j     pc - 8
core   0: 3 0x80009708 (0xbfe5)
core   0: 0x80009700 (0x00002f17) auipc   t5, 0x2
core   0: 3 0x80009700 (0x00002f17) x30 0x8000b700
core   0: 0x80009704 (0x903f2023) sw      gp, -1792(t5)
core   0: 3 0x80009704 (0x903f2023) mem 0x8000b000 0x00000001
core   0: 0x80009708 (0x0000bfe5) c.j     pc - 8
core   0: 3 0x80009708 (0xbfe5)
core   0: 0x80009700 (0x00002f17) auipc   t5, 0x2
core   0: 3 0x80009700 (0x00002f17) x30 0x8000b700
core   0: 0x80009704 (0x903f2023) sw      gp, -1792(t5)
core   0: 3 0x80009704 (0x903f2023) mem 0x8000b000 0x00000001
core   0: 0x80009708 (0x0000bfe5) c.j     pc - 8
core   0: 3 0x80009708 (0xbfe5)
core   0: 0x80009700 (0x00002f17) auipc   t5, 0x2
core   0: 3 0x80009700 (0x00002f17) x30 0x8000b700
core   0: 0x80009704 (0x903f2023) sw      gp, -1792(t5)
core   0: 3 0x80009704 (0x903f2023) mem 0x8000b000 0x00000001
core   0: 0x80009708 (0x0000bfe5) c.j     pc - 8
core   0: 3 0x80009708 (0xbfe5)
core   0: 0x80009700 (0x00002f17) auipc   t5, 0x2
core   0: 3 0x80009700 (0x00002f17) x30 0x8000b700
core   0: 0x80009704 (0x903f2023) sw      gp, -1792(t5)
core   0: 3 0x80009704 (0x903f2023) mem 0x8000b000 0x00000001
core   0: 0x80009708 (0x0000bfe5) c.j     pc - 8
core   0: 3 0x80009708 (0xbfe5)
core   0: 0x80009700 (0x00002f17) auipc   t5, 0x2
core   0: 3 0x80009700 (0x00002f17) x30 0x8000b700
core   0: 0x80009704 (0x903f2023) sw      gp, -1792(t5)
core   0: 3 0x80009704 (0x903f2023) mem 0x8000b000 0x00000001
core   0: 0x80009708 (0x0000bfe5) c.j     pc - 8
core   0: 3 0x80009708 (0xbfe5)
core   0: 0x80009700 (0x00002f17) auipc   t5, 0x2
core   0: 3 0x80009700 (0x00002f17) x30 0x8000b700
core   0: 0x80009704 (0x903f2023) sw      gp, -1792(t5)
core   0: 3 0x80009704 (0x903f2023) mem 0x8000b000 0x00000001
core   0: 0x80009708 (0x0000bfe5) c.j     pc - 8
core   0: 3 0x80009708 (0xbfe5)
core   0: 0x80009700 (0x00002f17) auipc   t5, 0x2
core   0: 3 0x80009700 (0x00002f17) x30 0x8000b700
core   0: 0x80009704 (0x903f2023) sw      gp, -1792(t5)
core   0: 3 0x80009704 (0x903f2023) mem 0x8000b000 0x00000001
core   0: 0x80009708 (0x0000bfe5) c.j     pc - 8
core   0: 3 0x80009708 (0xbfe5)
core   0: 0x80009700 (0x00002f17) auipc   t5, 0x2
core   0: 3 0x80009700 (0x00002f17) x30 0x8000b700
core   0: 0x80009704 (0x903f2023) sw      gp, -1792(t5)
core   0: 3 0x80009704 (0x903f2023) mem 0x8000b000 0x00000001
core   0: 0x80009708 (0x0000bfe5) c.j     pc - 8
core   0: 3 0x80009708 (0xbfe5)
core   0: 0x80009700 (0x00002f17) auipc   t5, 0x2
core   0: 3 0x80009700 (0x00002f17) x30 0x8000b700
core   0: 0x80009704 (0x903f2023) sw      gp, -1792(t5)
core   0: 3 0x80009704 (0x903f2023) mem 0x8000b000 0x00000001
core   0: 0x80009708 (0x0000bfe5) c.j     pc - 8
core   0: 3 0x80009708 (0xbfe5)
core   0: 0x80009700 (0x00002f17) auipc   t5, 0x2
core   0: 3 0x80009700 (0x00002f17) x30 0x8000b700
core   0: 0x80009704 (0x903f2023) sw      gp, -1792(t5)
core   0: 3 0x80009704 (0x903f2023) mem 0x8000b000 0x00000001
core   0: 0x80009708 (0x0000bfe5) c.j     pc - 8
core   0: 3 0x80009708 (0xbfe5)
core   0: 0x80009700 (0x00002f17) auipc   t5, 0x2
core   0: 3 0x80009700 (0x00002f17) x30 0x8000b700
core   0: 0x80009704 (0x903f2023) sw      gp, -1792(t5)
core   0: 3 0x80009704 (0x903f2023) mem 0x8000b000 0x00000001
core   0: 0x80009708 (0x0000bfe5) c.j     pc - 8
core   0: 3 0x80009708 (0xbfe5)
core   0: 0x80009700 (0x00002f17) auipc   t5, 0x2
core   0: 3 0x80009700 (0x00002f17) x30 0x8000b700
core   0: 0x80009704 (0x903f2023) sw      gp, -1792(t5)
core   0: 3 0x80009704 (0x903f2023) mem 0x8000b000 0x00000001
core   0: 0x80009708 (0x0000bfe5) c.j     pc - 8
core   0: 3 0x80009708 (0xbfe5)
core   0: 0x80009700 (0x00002f17) auipc   t5, 0x2
core   0: 3 0x80009700 (0x00002f17) x30 0x8000b700
core   0: 0x80009704 (0x903f2023) sw      gp, -1792(t5)
core   0: 3 0x80009704 (0x903f2023) mem 0x8000b000 0x00000001
core   0: 0x80009708 (0x0000bfe5) c.j     pc - 8
core   0: 3 0x80009708 (0xbfe5)
core   0: 0x80009700 (0x00002f17) auipc   t5, 0x2
core   0: 3 0x80009700 (0x00002f17) x30 0x8000b700
core   0: 0x80009704 (0x903f2023) sw      gp, -1792(t5)
core   0: 3 0x80009704 (0x903f2023) mem 0x8000b000 0x00000001
core   0: 0x80009708 (0x0000bfe5) c.j     pc - 8
core   0: 3 0x80009708 (0xbfe5)
core   0: 0x80009700 (0x00002f17) auipc   t5, 0x2
core   0: 3 0x80009700 (0x00002f17) x30 0x8000b700
core   0: 0x80009704 (0x903f2023) sw      gp, -1792(t5)
core   0: 3 0x80009704 (0x903f2023) mem 0x8000b000 0x00000001
core   0: 0x80009708 (0x0000bfe5) c.j     pc - 8
core   0: 3 0x80009708 (0xbfe5)
core   0: 0x80009700 (0x00002f17) auipc   t5, 0x2
core   0: 3 0x80009700 (0x00002f17) x30 0x8000b700
core   0: 0x80009704 (0x903f2023) sw      gp, -1792(t5)
core   0: 3 0x80009704 (0x903f2023) mem 0x8000b000 0x00000001
core   0: 0x80009708 (0x0000bfe5) c.j     pc - 8
core   0: 3 0x80009708 (0xbfe5)
core   0: 0x80009700 (0x00002f17) auipc   t5, 0x2
core   0: 3 0x80009700 (0x00002f17) x30 0x8000b700
core   0: 0x80009704 (0x903f2023) sw      gp, -1792(t5)
core   0: 3 0x80009704 (0x903f2023) mem 0x8000b000 0x00000001
core   0: 0x80009708 (0x0000bfe5) c.j     pc - 8
core   0: 3 0x80009708 (0xbfe5)
core   0: 0x80009700 (0x00002f17) auipc   t5, 0x2
core   0: 3 0x80009700 (0x00002f17) x30 0x8000b700
core   0: 0x80009704 (0x903f2023) sw      gp, -1792(t5)
core   0: 3 0x80009704 (0x903f2023) mem 0x8000b000 0x00000001
core   0: 0x80009708 (0x0000bfe5) c.j     pc - 8
core   0: 3 0x80009708 (0xbfe5)
core   0: 0x80009700 (0x00002f17) auipc   t5, 0x2
core   0: 3 0x80009700 (0x00002f17) x30 0x8000b700
core   0: 0x80009704 (0x903f2023) sw      gp, -1792(t5)
core   0: 3 0x80009704 (0x903f2023) mem 0x8000b000 0x00000001
core   0: 0x80009708 (0x0000bfe5) c.j     pc - 8
core   0: 3 0x80009708 (0xbfe5)
core   0: 0x80009700 (0x00002f17) auipc   t5, 0x2
core   0: 3 0x80009700 (0x00002f17) x30 0x8000b700
core   0: 0x80009704 (0x903f2023) sw      gp, -1792(t5)
core   0: 3 0x80009704 (0x903f2023) mem 0x8000b000 0x00000001
core   0: 0x80009708 (0x0000bfe5) c.j     pc - 8
core   0: 3 0x80009708 (0xbfe5)
core   0: 0x80009700 (0x00002f17) auipc   t5, 0x2
core   0: 3 0x80009700 (0x00002f17) x30 0x8000b700
core   0: 0x80009704 (0x903f2023) sw      gp, -1792(t5)
core   0: 3 0x80009704 (0x903f2023) mem 0x8000b000 0x00000001
core   0: 0x80009708 (0x0000bfe5) c.j     pc - 8
core   0: 3 0x80009708 (0xbfe5)
core   0: 0x80009700 (0x00002f17) auipc   t5, 0x2
core   0: 3 0x80009700 (0x00002f17) x30 0x8000b700
core   0: 0x80009704 (0x903f2023) sw      gp, -1792(t5)
core   0: 3 0x80009704 (0x903f2023) mem 0x8000b000 0x00000001
core   0: 0x80009708 (0x0000bfe5) c.j     pc - 8
core   0: 3 0x80009708 (0xbfe5)
core   0: 0x80009700 (0x00002f17) auipc   t5, 0x2
core   0: 3 0x80009700 (0x00002f17) x30 0x8000b700
core   0: 0x80009704 (0x903f2023) sw      gp, -1792(t5)
core   0: 3 0x80009704 (0x903f2023) mem 0x8000b000 0x00000001
core   0: 0x80009708 (0x0000bfe5) c.j     pc - 8
core   0: 3 0x80009708 (0xbfe5)
core   0: 0x80009700 (0x00002f17) auipc   t5, 0x2
core   0: 3 0x80009700 (0x00002f17) x30 0x8000b700
core   0: 0x80009704 (0x903f2023) sw      gp, -1792(t5)
core   0: 3 0x80009704 (0x903f2023) mem 0x8000b000 0x00000001
core   0: 0x80009708 (0x0000bfe5) c.j     pc - 8
core   0: 3 0x80009708 (0xbfe5)
core   0: 0x80009700 (0x00002f17) auipc   t5, 0x2
core   0: 3 0x80009700 (0x00002f17) x30 0x8000b700
core   0: 0x80009704 (0x903f2023) sw      gp, -1792(t5)
core   0: 3 0x80009704 (0x903f2023) mem 0x8000b000 0x00000001
core   0: 0x80009708 (0x0000bfe5) c.j     pc - 8
core   0: 3 0x80009708 (0xbfe5)
core   0: 0x80009700 (0x00002f17) auipc   t5, 0x2
core   0: 3 0x80009700 (0x00002f17) x30 0x8000b700
core   0: 0x80009704 (0x903f2023) sw      gp, -1792(t5)
core   0: 3 0x80009704 (0x903f2023) mem 0x8000b000 0x00000001
core   0: 0x80009708 (0x0000bfe5) c.j     pc - 8
core   0: 3 0x80009708 (0xbfe5)
core   0: 0x80009700 (0x00002f17) auipc   t5, 0x2
core   0: 3 0x80009700 (0x00002f17) x30 0x8000b700
core   0: 0x80009704 (0x903f2023) sw      gp, -1792(t5)
core   0: 3 0x80009704 (0x903f2023) mem 0x8000b000 0x00000001
core   0: 0x80009708 (0x0000bfe5) c.j     pc - 8
core   0: 3 0x80009708 (0xbfe5)
core   0: 0x80009700 (0x00002f17) auipc   t5, 0x2
core   0: 3 0x80009700 (0x00002f17) x30 0x8000b700
core   0: 0x80009704 (0x903f2023) sw      gp, -1792(t5)
core   0: 3 0x80009704 (0x903f2023) mem 0x8000b000 0x00000001
core   0: 0x80009708 (0x0000bfe5) c.j     pc - 8
core   0: 3 0x80009708 (0xbfe5)
core   0: 0x80009700 (0x00002f17) auipc   t5, 0x2
core   0: 3 0x80009700 (0x00002f17) x30 0x8000b700
core   0: 0x80009704 (0x903f2023) sw      gp, -1792(t5)
core   0: 3 0x80009704 (0x903f2023) mem 0x8000b000 0x00000001
core   0: 0x80009708 (0x0000bfe5) c.j     pc - 8
core   0: 3 0x80009708 (0xbfe5)
core   0: 0x80009700 (0x00002f17) auipc   t5, 0x2
core   0: 3 0x80009700 (0x00002f17) x30 0x8000b700
core   0: 0x80009704 (0x903f2023) sw      gp, -1792(t5)
core   0: 3 0x80009704 (0x903f2023) mem 0x8000b000 0x00000001
core   0: 0x80009708 (0x0000bfe5) c.j     pc - 8
core   0: 3 0x80009708 (0xbfe5)
core   0: 0x80009700 (0x00002f17) auipc   t5, 0x2
core   0: 3 0x80009700 (0x00002f17) x30 0x8000b700
core   0: 0x80009704 (0x903f2023) sw      gp, -1792(t5)
core   0: 3 0x80009704 (0x903f2023) mem 0x8000b000 0x00000001
core   0: 0x80009708 (0x0000bfe5) c.j     pc - 8
core   0: 3 0x80009708 (0xbfe5)
core   0: 0x80009700 (0x00002f17) auipc   t5, 0x2
core   0: 3 0x80009700 (0x00002f17) x30 0x8000b700
core   0: 0x80009704 (0x903f2023) sw      gp, -1792(t5)
core   0: 3 0x80009704 (0x903f2023) mem 0x8000b000 0x00000001
core   0: 0x80009708 (0x0000bfe5) c.j     pc - 8
core   0: 3 0x80009708 (0xbfe5)
core   0: 0x80009700 (0x00002f17) auipc   t5, 0x2
core   0: 3 0x80009700 (0x00002f17) x30 0x8000b700
core   0: 0x80009704 (0x903f2023) sw      gp, -1792(t5)
core   0: 3 0x80009704 (0x903f2023) mem 0x8000b000 0x00000001
core   0: 0x80009708 (0x0000bfe5) c.j     pc - 8
core   0: 3 0x80009708 (0xbfe5)
core   0: 0x80009700 (0x00002f17) auipc   t5, 0x2
core   0: 3 0x80009700 (0x00002f17) x30 0x8000b700
core   0: 0x80009704 (0x903f2023) sw      gp, -1792(t5)
core   0: 3 0x80009704 (0x903f2023) mem 0x8000b000 0x00000001
core   0: 0x80009708 (0x0000bfe5) c.j     pc - 8
core   0: 3 0x80009708 (0xbfe5)
core   0: 0x80009700 (0x00002f17) auipc   t5, 0x2
core   0: 3 0x80009700 (0x00002f17) x30 0x8000b700
core   0: 0x80009704 (0x903f2023) sw      gp, -1792(t5)
core   0: 3 0x80009704 (0x903f2023) mem 0x8000b000 0x00000001
core   0: 0x80009708 (0x0000bfe5) c.j     pc - 8
core   0: 3 0x80009708 (0xbfe5)
core   0: 0x80009700 (0x00002f17) auipc   t5, 0x2
core   0: 3 0x80009700 (0x00002f17) x30 0x8000b700
core   0: 0x80009704 (0x903f2023) sw      gp, -1792(t5)
core   0: 3 0x80009704 (0x903f2023) mem 0x8000b000 0x00000001
core   0: 0x80009708 (0x0000bfe5) c.j     pc - 8
core   0: 3 0x80009708 (0xbfe5)
core   0: 0x80009700 (0x00002f17) auipc   t5, 0x2
core   0: 3 0x80009700 (0x00002f17) x30 0x8000b700
core   0: 0x80009704 (0x903f2023) sw      gp, -1792(t5)
core   0: 3 0x80009704 (0x903f2023) mem 0x8000b000 0x00000001
core   0: 0x80009708 (0x0000bfe5) c.j     pc - 8
core   0: 3 0x80009708 (0xbfe5)
core   0: 0x80009700 (0x00002f17) auipc   t5, 0x2
core   0: 3 0x80009700 (0x00002f17) x30 0x8000b700
core   0: 0x80009704 (0x903f2023) sw      gp, -1792(t5)
core   0: 3 0x80009704 (0x903f2023) mem 0x8000b000 0x00000001
core   0: 0x80009708 (0x0000bfe5) c.j     pc - 8
core   0: 3 0x80009708 (0xbfe5)
core   0: 0x80009700 (0x00002f17) auipc   t5, 0x2
core   0: 3 0x80009700 (0x00002f17) x30 0x8000b700
core   0: 0x80009704 (0x903f2023) sw      gp, -1792(t5)
core   0: 3 0x80009704 (0x903f2023) mem 0x8000b000 0x00000001
core   0: 0x80009708 (0x0000bfe5) c.j     pc - 8
core   0: 3 0x80009708 (0xbfe5)
core   0: 0x80009700 (0x00002f17) auipc   t5, 0x2
core   0: 3 0x80009700 (0x00002f17) x30 0x8000b700
core   0: 0x80009704 (0x903f2023) sw      gp, -1792(t5)
core   0: 3 0x80009704 (0x903f2023) mem 0x8000b000 0x00000001
core   0: 0x80009708 (0x0000bfe5) c.j     pc - 8
core   0: 3 0x80009708 (0xbfe5)
core   0: 0x80009700 (0x00002f17) auipc   t5, 0x2
core   0: 3 0x80009700 (0x00002f17) x30 0x8000b700
core   0: 0x80009704 (0x903f2023) sw      gp, -1792(t5)
core   0: 3 0x80009704 (0x903f2023) mem 0x8000b000 0x00000001
core   0: 0x80009708 (0x0000bfe5) c.j     pc - 8
core   0: 3 0x80009708 (0xbfe5)
core   0: 0x80009700 (0x00002f17) auipc   t5, 0x2
core   0: 3 0x80009700 (0x00002f17) x30 0x8000b700
core   0: 0x80009704 (0x903f2023) sw      gp, -1792(t5)
core   0: 3 0x80009704 (0x903f2023) mem 0x8000b000 0x00000001
core   0: 0x80009708 (0x0000bfe5) c.j     pc - 8
core   0: 3 0x80009708 (0xbfe5)
core   0: 0x80009700 (0x00002f17) auipc   t5, 0x2
core   0: 3 0x80009700 (0x00002f17) x30 0x8000b700
core   0: 0x80009704 (0x903f2023) sw      gp, -1792(t5)
core   0: 3 0x80009704 (0x903f2023) mem 0x8000b000 0x00000001
core   0: 0x80009708 (0x0000bfe5) c.j     pc - 8
core   0: 3 0x80009708 (0xbfe5)
core   0: 0x80009700 (0x00002f17) auipc   t5, 0x2
core   0: 3 0x80009700 (0x00002f17) x30 0x8000b700
core   0: 0x80009704 (0x903f2023) sw      gp, -1792(t5)
core   0: 3 0x80009704 (0x903f2023) mem 0x8000b000 0x00000001
core   0: 0x80009708 (0x0000bfe5) c.j     pc - 8
core   0: 3 0x80009708 (0xbfe5)
core   0: 0x80009700 (0x00002f17) auipc   t5, 0x2
core   0: 3 0x80009700 (0x00002f17) x30 0x8000b700
core   0: 0x80009704 (0x903f2023) sw      gp, -1792(t5)
core   0: 3 0x80009704 (0x903f2023) mem 0x8000b000 0x00000001
core   0: 0x80009708 (0x0000bfe5) c.j     pc - 8
core   0: 3 0x80009708 (0xbfe5)
core   0: 0x80009700 (0x00002f17) auipc   t5, 0x2
core   0: 3 0x80009700 (0x00002f17) x30 0x8000b700
core   0: 0x80009704 (0x903f2023) sw      gp, -1792(t5)
core   0: 3 0x80009704 (0x903f2023) mem 0x8000b000 0x00000001
core   0: 0x80009708 (0x0000bfe5) c.j     pc - 8
core   0: 3 0x80009708 (0xbfe5)
core   0: 0x80009700 (0x00002f17) auipc   t5, 0x2
core   0: 3 0x80009700 (0x00002f17) x30 0x8000b700
core   0: 0x80009704 (0x903f2023) sw      gp, -1792(t5)
core   0: 3 0x80009704 (0x903f2023) mem 0x8000b000 0x00000001
core   0: 0x80009708 (0x0000bfe5) c.j     pc - 8
core   0: 3 0x80009708 (0xbfe5)
core   0: 0x80009700 (0x00002f17) auipc   t5, 0x2
core   0: 3 0x80009700 (0x00002f17) x30 0x8000b700
core   0: 0x80009704 (0x903f2023) sw      gp, -1792(t5)
core   0: 3 0x80009704 (0x903f2023) mem 0x8000b000 0x00000001
core   0: 0x80009708 (0x0000bfe5) c.j     pc - 8
core   0: 3 0x80009708 (0xbfe5)
core   0: 0x80009700 (0x00002f17) auipc   t5, 0x2
core   0: 3 0x80009700 (0x00002f17) x30 0x8000b700
core   0: 0x80009704 (0x903f2023) sw      gp, -1792(t5)
core   0: 3 0x80009704 (0x903f2023) mem 0x8000b000 0x00000001
core   0: 0x80009708 (0x0000bfe5) c.j     pc - 8
core   0: 3 0x80009708 (0xbfe5)
core   0: 0x80009700 (0x00002f17) auipc   t5, 0x2
core   0: 3 0x80009700 (0x00002f17) x30 0x8000b700
core   0: 0x80009704 (0x903f2023) sw      gp, -1792(t5)
core   0: 3 0x80009704 (0x903f2023) mem 0x8000b000 0x00000001
core   0: 0x80009708 (0x0000bfe5) c.j     pc - 8
core   0: 3 0x80009708 (0xbfe5)
core   0: 0x80009700 (0x00002f17) auipc   t5, 0x2
core   0: 3 0x80009700 (0x00002f17) x30 0x8000b700
core   0: 0x80009704 (0x903f2023) sw      gp, -1792(t5)
core   0: 3 0x80009704 (0x903f2023) mem 0x8000b000 0x00000001
core   0: 0x80009708 (0x0000bfe5) c.j     pc - 8
core   0: 3 0x80009708 (0xbfe5)
core   0: 0x80009700 (0x00002f17) auipc   t5, 0x2
core   0: 3 0x80009700 (0x00002f17) x30 0x8000b700
core   0: 0x80009704 (0x903f2023) sw      gp, -1792(t5)
core   0: 3 0x80009704 (0x903f2023) mem 0x8000b000 0x00000001
core   0: 0x80009708 (0x0000bfe5) c.j     pc - 8
core   0: 3 0x80009708 (0xbfe5)
core   0: 0x80009700 (0x00002f17) auipc   t5, 0x2
core   0: 3 0x80009700 (0x00002f17) x30 0x8000b700
core   0: 0x80009704 (0x903f2023) sw      gp, -1792(t5)
core   0: 3 0x80009704 (0x903f2023) mem 0x8000b000 0x00000001
core   0: 0x80009708 (0x0000bfe5) c.j     pc - 8
core   0: 3 0x80009708 (0xbfe5)
core   0: 0x80009700 (0x00002f17) auipc   t5, 0x2
core   0: 3 0x80009700 (0x00002f17) x30 0x8000b700
core   0: 0x80009704 (0x903f2023) sw      gp, -1792(t5)
core   0: 3 0x80009704 (0x903f2023) mem 0x8000b000 0x00000001
core   0: 0x80009708 (0x0000bfe5) c.j     pc - 8
core   0: 3 0x80009708 (0xbfe5)
core   0: 0x80009700 (0x00002f17) auipc   t5, 0x2
core   0: 3 0x80009700 (0x00002f17) x30 0x8000b700
core   0: 0x80009704 (0x903f2023) sw      gp, -1792(t5)
core   0: 3 0x80009704 (0x903f2023) mem 0x8000b000 0x00000001
core   0: 0x80009708 (0x0000bfe5) c.j     pc - 8
core   0: 3 0x80009708 (0xbfe5)
core   0: 0x80009700 (0x00002f17) auipc   t5, 0x2
core   0: 3 0x80009700 (0x00002f17) x30 0x8000b700
core   0: 0x80009704 (0x903f2023) sw      gp, -1792(t5)
core   0: 3 0x80009704 (0x903f2023) mem 0x8000b000 0x00000001
core   0: 0x80009708 (0x0000bfe5) c.j     pc - 8
core   0: 3 0x80009708 (0xbfe5)
core   0: 0x80009700 (0x00002f17) auipc   t5, 0x2
core   0: 3 0x80009700 (0x00002f17) x30 0x8000b700
core   0: 0x80009704 (0x903f2023) sw      gp, -1792(t5)
core   0: 3 0x80009704 (0x903f2023) mem 0x8000b000 0x00000001
core   0: 0x80009708 (0x0000bfe5) c.j     pc - 8
core   0: 3 0x80009708 (0xbfe5)
core   0: 0x80009700 (0x00002f17) auipc   t5, 0x2
core   0: 3 0x80009700 (0x00002f17) x30 0x8000b700
core   0: 0x80009704 (0x903f2023) sw      gp, -1792(t5)
core   0: 3 0x80009704 (0x903f2023) mem 0x8000b000 0x00000001
core   0: 0x80009708 (0x0000bfe5) c.j     pc - 8
core   0: 3 0x80009708 (0xbfe5)
core   0: 0x80009700 (0x00002f17) auipc   t5, 0x2
core   0: 3 0x80009700 (0x00002f17) x30 0x8000b700
core   0: 0x80009704 (0x903f2023) sw      gp, -1792(t5)
core   0: 3 0x80009704 (0x903f2023) mem 0x8000b000 0x00000001
core   0: 0x80009708 (0x0000bfe5) c.j     pc - 8
core   0: 3 0x80009708 (0xbfe5)
core   0: 0x80009700 (0x00002f17) auipc   t5, 0x2
core   0: 3 0x80009700 (0x00002f17) x30 0x8000b700
core   0: 0x80009704 (0x903f2023) sw      gp, -1792(t5)
core   0: 3 0x80009704 (0x903f2023) mem 0x8000b000 0x00000001
core   0: 0x80009708 (0x0000bfe5) c.j     pc - 8
core   0: 3 0x80009708 (0xbfe5)
core   0: 0x80009700 (0x00002f17) auipc   t5, 0x2
core   0: 3 0x80009700 (0x00002f17) x30 0x8000b700
core   0: 0x80009704 (0x903f2023) sw      gp, -1792(t5)
core   0: 3 0x80009704 (0x903f2023) mem 0x8000b000 0x00000001
core   0: 0x80009708 (0x0000bfe5) c.j     pc - 8
core   0: 3 0x80009708 (0xbfe5)
core   0: 0x80009700 (0x00002f17) auipc   t5, 0x2
core   0: 3 0x80009700 (0x00002f17) x30 0x8000b700
core   0: 0x80009704 (0x903f2023) sw      gp, -1792(t5)
core   0: 3 0x80009704 (0x903f2023) mem 0x8000b000 0x00000001
core   0: 0x80009708 (0x0000bfe5) c.j     pc - 8
core   0: 3 0x80009708 (0xbfe5)
core   0: 0x80009700 (0x00002f17) auipc   t5, 0x2
core   0: 3 0x80009700 (0x00002f17) x30 0x8000b700
core   0: 0x80009704 (0x903f2023) sw      gp, -1792(t5)
core   0: 3 0x80009704 (0x903f2023) mem 0x8000b000 0x00000001
core   0: 0x80009708 (0x0000bfe5) c.j     pc - 8
core   0: 3 0x80009708 (0xbfe5)
core   0: 0x80009700 (0x00002f17) auipc   t5, 0x2
core   0: 3 0x80009700 (0x00002f17) x30 0x8000b700
core   0: 0x80009704 (0x903f2023) sw      gp, -1792(t5)
core   0: 3 0x80009704 (0x903f2023) mem 0x8000b000 0x00000001
core   0: 0x80009708 (0x0000bfe5) c.j     pc - 8
core   0: 3 0x80009708 (0xbfe5)
core   0: 0x80009700 (0x00002f17) auipc   t5, 0x2
core   0: 3 0x80009700 (0x00002f17) x30 0x8000b700
core   0: 0x80009704 (0x903f2023) sw      gp, -1792(t5)
core   0: 3 0x80009704 (0x903f2023) mem 0x8000b000 0x00000001
core   0: 0x80009708 (0x0000bfe5) c.j     pc - 8
core   0: 3 0x80009708 (0xbfe5)
core   0: 0x80009700 (0x00002f17) auipc   t5, 0x2
core   0: 3 0x80009700 (0x00002f17) x30 0x8000b700
core   0: 0x80009704 (0x903f2023) sw      gp, -1792(t5)
core   0: 3 0x80009704 (0x903f2023) mem 0x8000b000 0x00000001
core   0: 0x80009708 (0x0000bfe5) c.j     pc - 8
core   0: 3 0x80009708 (0xbfe5)
core   0: 0x80009700 (0x00002f17) auipc   t5, 0x2
core   0: 3 0x80009700 (0x00002f17) x30 0x8000b700
core   0: 0x80009704 (0x903f2023) sw      gp, -1792(t5)
core   0: 3 0x80009704 (0x903f2023) mem 0x8000b000 0x00000001
core   0: 0x80009708 (0x0000bfe5) c.j     pc - 8
core   0: 3 0x80009708 (0xbfe5)
core   0: 0x80009700 (0x00002f17) auipc   t5, 0x2
core   0: 3 0x80009700 (0x00002f17) x30 0x8000b700
core   0: 0x80009704 (0x903f2023) sw      gp, -1792(t5)
core   0: 3 0x80009704 (0x903f2023) mem 0x8000b000 0x00000001
core   0: 0x80009708 (0x0000bfe5) c.j     pc - 8
core   0: 3 0x80009708 (0xbfe5)
core   0: 0x80009700 (0x00002f17) auipc   t5, 0x2
core   0: 3 0x80009700 (0x00002f17) x30 0x8000b700
core   0: 0x80009704 (0x903f2023) sw      gp, -1792(t5)
core   0: 3 0x80009704 (0x903f2023) mem 0x8000b000 0x00000001
core   0: 0x80009708 (0x0000bfe5) c.j     pc - 8
core   0: 3 0x80009708 (0xbfe5)
core   0: 0x80009700 (0x00002f17) auipc   t5, 0x2
core   0: 3 0x80009700 (0x00002f17) x30 0x8000b700
core   0: 0x80009704 (0x903f2023) sw      gp, -1792(t5)
core   0: 3 0x80009704 (0x903f2023) mem 0x8000b000 0x00000001
core   0: 0x80009708 (0x0000bfe5) c.j     pc - 8
core   0: 3 0x80009708 (0xbfe5)
core   0: 0x80009700 (0x00002f17) auipc   t5, 0x2
core   0: 3 0x80009700 (0x00002f17) x30 0x8000b700
core   0: 0x80009704 (0x903f2023) sw      gp, -1792(t5)
core   0: 3 0x80009704 (0x903f2023) mem 0x8000b000 0x00000001
core   0: 0x80009708 (0x0000bfe5) c.j     pc - 8
core   0: 3 0x80009708 (0xbfe5)
core   0: 0x80009700 (0x00002f17) auipc   t5, 0x2
core   0: 3 0x80009700 (0x00002f17) x30 0x8000b700
core   0: 0x80009704 (0x903f2023) sw      gp, -1792(t5)
core   0: 3 0x80009704 (0x903f2023) mem 0x8000b000 0x00000001
core   0: 0x80009708 (0x0000bfe5) c.j     pc - 8
core   0: 3 0x80009708 (0xbfe5)
core   0: 0x80009700 (0x00002f17) auipc   t5, 0x2
core   0: 3 0x80009700 (0x00002f17) x30 0x8000b700
core   0: 0x80009704 (0x903f2023) sw      gp, -1792(t5)
core   0: 3 0x80009704 (0x903f2023) mem 0x8000b000 0x00000001
core   0: 0x80009708 (0x0000bfe5) c.j     pc - 8
core   0: 3 0x80009708 (0xbfe5)
core   0: 0x80009700 (0x00002f17) auipc   t5, 0x2
core   0: 3 0x80009700 (0x00002f17) x30 0x8000b700
core   0: 0x80009704 (0x903f2023) sw      gp, -1792(t5)
core   0: 3 0x80009704 (0x903f2023) mem 0x8000b000 0x00000001
core   0: 0x80009708 (0x0000bfe5) c.j     pc - 8
core   0: 3 0x80009708 (0xbfe5)
core   0: 0x80009700 (0x00002f17) auipc   t5, 0x2
core   0: 3 0x80009700 (0x00002f17) x30 0x8000b700
core   0: 0x80009704 (0x903f2023) sw      gp, -1792(t5)
core   0: 3 0x80009704 (0x903f2023) mem 0x8000b000 0x00000001
core   0: 0x80009708 (0x0000bfe5) c.j     pc - 8
core   0: 3 0x80009708 (0xbfe5)
core   0: 0x80009700 (0x00002f17) auipc   t5, 0x2
core   0: 3 0x80009700 (0x00002f17) x30 0x8000b700
core   0: 0x80009704 (0x903f2023) sw      gp, -1792(t5)
core   0: 3 0x80009704 (0x903f2023) mem 0x8000b000 0x00000001
core   0: 0x80009708 (0x0000bfe5) c.j     pc - 8
core   0: 3 0x80009708 (0xbfe5)
core   0: 0x80009700 (0x00002f17) auipc   t5, 0x2
core   0: 3 0x80009700 (0x00002f17) x30 0x8000b700
core   0: 0x80009704 (0x903f2023) sw      gp, -1792(t5)
core   0: 3 0x80009704 (0x903f2023) mem 0x8000b000 0x00000001
core   0: 0x80009708 (0x0000bfe5) c.j     pc - 8
core   0: 3 0x80009708 (0xbfe5)
core   0: 0x80009700 (0x00002f17) auipc   t5, 0x2
core   0: 3 0x80009700 (0x00002f17) x30 0x8000b700
core   0: 0x80009704 (0x903f2023) sw      gp, -1792(t5)
core   0: 3 0x80009704 (0x903f2023) mem 0x8000b000 0x00000001
core   0: 0x80009708 (0x0000bfe5) c.j     pc - 8
core   0: 3 0x80009708 (0xbfe5)
core   0: 0x80009700 (0x00002f17) auipc   t5, 0x2
core   0: 3 0x80009700 (0x00002f17) x30 0x8000b700
core   0: 0x80009704 (0x903f2023) sw      gp, -1792(t5)
core   0: 3 0x80009704 (0x903f2023) mem 0x8000b000 0x00000001
core   0: 0x80009708 (0x0000bfe5) c.j     pc - 8
core   0: 3 0x80009708 (0xbfe5)
core   0: 0x80009700 (0x00002f17) auipc   t5, 0x2
core   0: 3 0x80009700 (0x00002f17) x30 0x8000b700
core   0: 0x80009704 (0x903f2023) sw      gp, -1792(t5)
core   0: 3 0x80009704 (0x903f2023) mem 0x8000b000 0x00000001
core   0: 0x80009708 (0x0000bfe5) c.j     pc - 8
core   0: 3 0x80009708 (0xbfe5)
core   0: 0x80009700 (0x00002f17) auipc   t5, 0x2
core   0: 3 0x80009700 (0x00002f17) x30 0x8000b700
core   0: 0x80009704 (0x903f2023) sw      gp, -1792(t5)
core   0: 3 0x80009704 (0x903f2023) mem 0x8000b000 0x00000001
core   0: 0x80009708 (0x0000bfe5) c.j     pc - 8
core   0: 3 0x80009708 (0xbfe5)
core   0: 0x80009700 (0x00002f17) auipc   t5, 0x2
core   0: 3 0x80009700 (0x00002f17) x30 0x8000b700
core   0: 0x80009704 (0x903f2023) sw      gp, -1792(t5)
core   0: 3 0x80009704 (0x903f2023) mem 0x8000b000 0x00000001
core   0: 0x80009708 (0x0000bfe5) c.j     pc - 8
core   0: 3 0x80009708 (0xbfe5)
core   0: 0x80009700 (0x00002f17) auipc   t5, 0x2
core   0: 3 0x80009700 (0x00002f17) x30 0x8000b700
core   0: 0x80009704 (0x903f2023) sw      gp, -1792(t5)
core   0: 3 0x80009704 (0x903f2023) mem 0x8000b000 0x00000001
core   0: 0x80009708 (0x0000bfe5) c.j     pc - 8
core   0: 3 0x80009708 (0xbfe5)
core   0: 0x80009700 (0x00002f17) auipc   t5, 0x2
core   0: 3 0x80009700 (0x00002f17) x30 0x8000b700
core   0: 0x80009704 (0x903f2023) sw      gp, -1792(t5)
core   0: 3 0x80009704 (0x903f2023) mem 0x8000b000 0x00000001
core   0: 0x80009708 (0x0000bfe5) c.j     pc - 8
core   0: 3 0x80009708 (0xbfe5)
core   0: 0x80009700 (0x00002f17) auipc   t5, 0x2
core   0: 3 0x80009700 (0x00002f17) x30 0x8000b700
core   0: 0x80009704 (0x903f2023) sw      gp, -1792(t5)
core   0: 3 0x80009704 (0x903f2023) mem 0x8000b000 0x00000001
core   0: 0x80009708 (0x0000bfe5) c.j     pc - 8
core   0: 3 0x80009708 (0xbfe5)
core   0: 0x80009700 (0x00002f17) auipc   t5, 0x2
core   0: 3 0x80009700 (0x00002f17) x30 0x8000b700
core   0: 0x80009704 (0x903f2023) sw      gp, -1792(t5)
core   0: 3 0x80009704 (0x903f2023) mem 0x8000b000 0x00000001
core   0: 0x80009708 (0x0000bfe5) c.j     pc - 8
core   0: 3 0x80009708 (0xbfe5)
core   0: 0x80009700 (0x00002f17) auipc   t5, 0x2
core   0: 3 0x80009700 (0x00002f17) x30 0x8000b700
core   0: 0x80009704 (0x903f2023) sw      gp, -1792(t5)
core   0: 3 0x80009704 (0x903f2023) mem 0x8000b000 0x00000001
core   0: 0x80009708 (0x0000bfe5) c.j     pc - 8
core   0: 3 0x80009708 (0xbfe5)
core   0: 0x80009700 (0x00002f17) auipc   t5, 0x2
core   0: 3 0x80009700 (0x00002f17) x30 0x8000b700
core   0: 0x80009704 (0x903f2023) sw      gp, -1792(t5)
core   0: 3 0x80009704 (0x903f2023) mem 0x8000b000 0x00000001
core   0: 0x80009708 (0x0000bfe5) c.j     pc - 8
core   0: 3 0x80009708 (0xbfe5)
core   0: 0x80009700 (0x00002f17) auipc   t5, 0x2
core   0: 3 0x80009700 (0x00002f17) x30 0x8000b700
core   0: 0x80009704 (0x903f2023) sw      gp, -1792(t5)
core   0: 3 0x80009704 (0x903f2023) mem 0x8000b000 0x00000001
core   0: 0x80009708 (0x0000bfe5) c.j     pc - 8
core   0: 3 0x80009708 (0xbfe5)
core   0: 0x80009700 (0x00002f17) auipc   t5, 0x2
core   0: 3 0x80009700 (0x00002f17) x30 0x8000b700
core   0: 0x80009704 (0x903f2023) sw      gp, -1792(t5)
core   0: 3 0x80009704 (0x903f2023) mem 0x8000b000 0x00000001
core   0: 0x80009708 (0x0000bfe5) c.j     pc - 8
core   0: 3 0x80009708 (0xbfe5)
core   0: 0x80009700 (0x00002f17) auipc   t5, 0x2
core   0: 3 0x80009700 (0x00002f17) x30 0x8000b700
core   0: 0x80009704 (0x903f2023) sw      gp, -1792(t5)
core   0: 3 0x80009704 (0x903f2023) mem 0x8000b000 0x00000001
core   0: 0x80009708 (0x0000bfe5) c.j     pc - 8
core   0: 3 0x80009708 (0xbfe5)
core   0: 0x80009700 (0x00002f17) auipc   t5, 0x2
core   0: 3 0x80009700 (0x00002f17) x30 0x8000b700
core   0: 0x80009704 (0x903f2023) sw      gp, -1792(t5)
core   0: 3 0x80009704 (0x903f2023) mem 0x8000b000 0x00000001
core   0: 0x80009708 (0x0000bfe5) c.j     pc - 8
core   0: 3 0x80009708 (0xbfe5)
core   0: 0x80009700 (0x00002f17) auipc   t5, 0x2
core   0: 3 0x80009700 (0x00002f17) x30 0x8000b700
core   0: 0x80009704 (0x903f2023) sw      gp, -1792(t5)
core   0: 3 0x80009704 (0x903f2023) mem 0x8000b000 0x00000001
core   0: 0x80009708 (0x0000bfe5) c.j     pc - 8
core   0: 3 0x80009708 (0xbfe5)
core   0: 0x80009700 (0x00002f17) auipc   t5, 0x2
core   0: 3 0x80009700 (0x00002f17) x30 0x8000b700
core   0: 0x80009704 (0x903f2023) sw      gp, -1792(t5)
core   0: 3 0x80009704 (0x903f2023) mem 0x8000b000 0x00000001
core   0: 0x80009708 (0x0000bfe5) c.j     pc - 8
core   0: 3 0x80009708 (0xbfe5)
core   0: 0x80009700 (0x00002f17) auipc   t5, 0x2
core   0: 3 0x80009700 (0x00002f17) x30 0x8000b700
core   0: 0x80009704 (0x903f2023) sw      gp, -1792(t5)
core   0: 3 0x80009704 (0x903f2023) mem 0x8000b000 0x00000001
core   0: 0x80009708 (0x0000bfe5) c.j     pc - 8
core   0: 3 0x80009708 (0xbfe5)
core   0: 0x80009700 (0x00002f17) auipc   t5, 0x2
core   0: 3 0x80009700 (0x00002f17) x30 0x8000b700
core   0: 0x80009704 (0x903f2023) sw      gp, -1792(t5)
core   0: 3 0x80009704 (0x903f2023) mem 0x8000b000 0x00000001
core   0: 0x80009708 (0x0000bfe5) c.j     pc - 8
core   0: 3 0x80009708 (0xbfe5)
core   0: 0x80009700 (0x00002f17) auipc   t5, 0x2
core   0: 3 0x80009700 (0x00002f17) x30 0x8000b700
core   0: 0x80009704 (0x903f2023) sw      gp, -1792(t5)
core   0: 3 0x80009704 (0x903f2023) mem 0x8000b000 0x00000001
core   0: 0x80009708 (0x0000bfe5) c.j     pc - 8
core   0: 3 0x80009708 (0xbfe5)
core   0: 0x80009700 (0x00002f17) auipc   t5, 0x2
core   0: 3 0x80009700 (0x00002f17) x30 0x8000b700
core   0: 0x80009704 (0x903f2023) sw      gp, -1792(t5)
core   0: 3 0x80009704 (0x903f2023) mem 0x8000b000 0x00000001
core   0: 0x80009708 (0x0000bfe5) c.j     pc - 8
core   0: 3 0x80009708 (0xbfe5)
core   0: 0x80009700 (0x00002f17) auipc   t5, 0x2
core   0: 3 0x80009700 (0x00002f17) x30 0x8000b700
core   0: 0x80009704 (0x903f2023) sw      gp, -1792(t5)
core   0: 3 0x80009704 (0x903f2023) mem 0x8000b000 0x00000001
core   0: 0x80009708 (0x0000bfe5) c.j     pc - 8
core   0: 3 0x80009708 (0xbfe5)
core   0: 0x80009700 (0x00002f17) auipc   t5, 0x2
core   0: 3 0x80009700 (0x00002f17) x30 0x8000b700
core   0: 0x80009704 (0x903f2023) sw      gp, -1792(t5)
core   0: 3 0x80009704 (0x903f2023) mem 0x8000b000 0x00000001
core   0: 0x80009708 (0x0000bfe5) c.j     pc - 8
core   0: 3 0x80009708 (0xbfe5)
core   0: 0x80009700 (0x00002f17) auipc   t5, 0x2
core   0: 3 0x80009700 (0x00002f17) x30 0x8000b700
core   0: 0x80009704 (0x903f2023) sw      gp, -1792(t5)
core   0: 3 0x80009704 (0x903f2023) mem 0x8000b000 0x00000001
core   0: 0x80009708 (0x0000bfe5) c.j     pc - 8
core   0: 3 0x80009708 (0xbfe5)
core   0: 0x80009700 (0x00002f17) auipc   t5, 0x2
core   0: 3 0x80009700 (0x00002f17) x30 0x8000b700
core   0: 0x80009704 (0x903f2023) sw      gp, -1792(t5)
core   0: 3 0x80009704 (0x903f2023) mem 0x8000b000 0x00000001
core   0: 0x80009708 (0x0000bfe5) c.j     pc - 8
core   0: 3 0x80009708 (0xbfe5)
core   0: 0x80009700 (0x00002f17) auipc   t5, 0x2
core   0: 3 0x80009700 (0x00002f17) x30 0x8000b700
core   0: 0x80009704 (0x903f2023) sw      gp, -1792(t5)
core   0: 3 0x80009704 (0x903f2023) mem 0x8000b000 0x00000001
core   0: 0x80009708 (0x0000bfe5) c.j     pc - 8
core   0: 3 0x80009708 (0xbfe5)
core   0: 0x80009700 (0x00002f17) auipc   t5, 0x2
core   0: 3 0x80009700 (0x00002f17) x30 0x8000b700
core   0: 0x80009704 (0x903f2023) sw      gp, -1792(t5)
core   0: 3 0x80009704 (0x903f2023) mem 0x8000b000 0x00000001
core   0: 0x80009708 (0x0000bfe5) c.j     pc - 8
core   0: 3 0x80009708 (0xbfe5)
core   0: 0x80009700 (0x00002f17) auipc   t5, 0x2
core   0: 3 0x80009700 (0x00002f17) x30 0x8000b700
core   0: 0x80009704 (0x903f2023) sw      gp, -1792(t5)
core   0: 3 0x80009704 (0x903f2023) mem 0x8000b000 0x00000001
core   0: 0x80009708 (0x0000bfe5) c.j     pc - 8
core   0: 3 0x80009708 (0xbfe5)
core   0: 0x80009700 (0x00002f17) auipc   t5, 0x2
core   0: 3 0x80009700 (0x00002f17) x30 0x8000b700
core   0: 0x80009704 (0x903f2023) sw      gp, -1792(t5)
core   0: 3 0x80009704 (0x903f2023) mem 0x8000b000 0x00000001
core   0: 0x80009708 (0x0000bfe5) c.j     pc - 8
core   0: 3 0x80009708 (0xbfe5)
core   0: 0x80009700 (0x00002f17) auipc   t5, 0x2
core   0: 3 0x80009700 (0x00002f17) x30 0x8000b700
core   0: 0x80009704 (0x903f2023) sw      gp, -1792(t5)
core   0: 3 0x80009704 (0x903f2023) mem 0x8000b000 0x00000001
core   0: 0x80009708 (0x0000bfe5) c.j     pc - 8
core   0: 3 0x80009708 (0xbfe5)
core   0: 0x80009700 (0x00002f17) auipc   t5, 0x2
core   0: 3 0x80009700 (0x00002f17) x30 0x8000b700
core   0: 0x80009704 (0x903f2023) sw      gp, -1792(t5)
core   0: 3 0x80009704 (0x903f2023) mem 0x8000b000 0x00000001
core   0: 0x80009708 (0x0000bfe5) c.j     pc - 8
core   0: 3 0x80009708 (0xbfe5)
core   0: 0x80009700 (0x00002f17) auipc   t5, 0x2
core   0: 3 0x80009700 (0x00002f17) x30 0x8000b700
core   0: 0x80009704 (0x903f2023) sw      gp, -1792(t5)
core   0: 3 0x80009704 (0x903f2023) mem 0x8000b000 0x00000001
core   0: 0x80009708 (0x0000bfe5) c.j     pc - 8
core   0: 3 0x80009708 (0xbfe5)
core   0: 0x80009700 (0x00002f17) auipc   t5, 0x2
core   0: 3 0x80009700 (0x00002f17) x30 0x8000b700
core   0: 0x80009704 (0x903f2023) sw      gp, -1792(t5)
core   0: 3 0x80009704 (0x903f2023) mem 0x8000b000 0x00000001
core   0: 0x80009708 (0x0000bfe5) c.j     pc - 8
core   0: 3 0x80009708 (0xbfe5)
core   0: 0x80009700 (0x00002f17) auipc   t5, 0x2
core   0: 3 0x80009700 (0x00002f17) x30 0x8000b700
core   0: 0x80009704 (0x903f2023) sw      gp, -1792(t5)
core   0: 3 0x80009704 (0x903f2023) mem 0x8000b000 0x00000001
core   0: 0x80009708 (0x0000bfe5) c.j     pc - 8
core   0: 3 0x80009708 (0xbfe5)
core   0: 0x80009700 (0x00002f17) auipc   t5, 0x2
core   0: 3 0x80009700 (0x00002f17) x30 0x8000b700
core   0: 0x80009704 (0x903f2023) sw      gp, -1792(t5)
core   0: 3 0x80009704 (0x903f2023) mem 0x8000b000 0x00000001
core   0: 0x80009708 (0x0000bfe5) c.j     pc - 8
core   0: 3 0x80009708 (0xbfe5)
core   0: 0x80009700 (0x00002f17) auipc   t5, 0x2
core   0: 3 0x80009700 (0x00002f17) x30 0x8000b700
core   0: 0x80009704 (0x903f2023) sw      gp, -1792(t5)
core   0: 3 0x80009704 (0x903f2023) mem 0x8000b000 0x00000001
core   0: 0x80009708 (0x0000bfe5) c.j     pc - 8
core   0: 3 0x80009708 (0xbfe5)
core   0: 0x80009700 (0x00002f17) auipc   t5, 0x2
core   0: 3 0x80009700 (0x00002f17) x30 0x8000b700
core   0: 0x80009704 (0x903f2023) sw      gp, -1792(t5)
core   0: 3 0x80009704 (0x903f2023) mem 0x8000b000 0x00000001
core   0: 0x80009708 (0x0000bfe5) c.j     pc - 8
core   0: 3 0x80009708 (0xbfe5)
core   0: 0x80009700 (0x00002f17) auipc   t5, 0x2
core   0: 3 0x80009700 (0x00002f17) x30 0x8000b700
core   0: 0x80009704 (0x903f2023) sw      gp, -1792(t5)
core   0: 3 0x80009704 (0x903f2023) mem 0x8000b000 0x00000001
core   0: 0x80009708 (0x0000bfe5) c.j     pc - 8
core   0: 3 0x80009708 (0xbfe5)
core   0: 0x80009700 (0x00002f17) auipc   t5, 0x2
core   0: 3 0x80009700 (0x00002f17) x30 0x8000b700
core   0: 0x80009704 (0x903f2023) sw      gp, -1792(t5)
core   0: 3 0x80009704 (0x903f2023) mem 0x8000b000 0x00000001
core   0: 0x80009708 (0x0000bfe5) c.j     pc - 8
core   0: 3 0x80009708 (0xbfe5)
core   0: 0x80009700 (0x00002f17) auipc   t5, 0x2
core   0: 3 0x80009700 (0x00002f17) x30 0x8000b700
core   0: 0x80009704 (0x903f2023) sw      gp, -1792(t5)
core   0: 3 0x80009704 (0x903f2023) mem 0x8000b000 0x00000001
core   0: 0x80009708 (0x0000bfe5) c.j     pc - 8
core   0: 3 0x80009708 (0xbfe5)
core   0: 0x80009700 (0x00002f17) auipc   t5, 0x2
core   0: 3 0x80009700 (0x00002f17) x30 0x8000b700
core   0: 0x80009704 (0x903f2023) sw      gp, -1792(t5)
core   0: 3 0x80009704 (0x903f2023) mem 0x8000b000 0x00000001
core   0: 0x80009708 (0x0000bfe5) c.j     pc - 8
core   0: 3 0x80009708 (0xbfe5)
core   0: 0x80009700 (0x00002f17) auipc   t5, 0x2
core   0: 3 0x80009700 (0x00002f17) x30 0x8000b700
core   0: 0x80009704 (0x903f2023) sw      gp, -1792(t5)
core   0: 3 0x80009704 (0x903f2023) mem 0x8000b000 0x00000001
core   0: 0x80009708 (0x0000bfe5) c.j     pc - 8
core   0: 3 0x80009708 (0xbfe5)
core   0: 0x80009700 (0x00002f17) auipc   t5, 0x2
core   0: 3 0x80009700 (0x00002f17) x30 0x8000b700
core   0: 0x80009704 (0x903f2023) sw      gp, -1792(t5)
core   0: 3 0x80009704 (0x903f2023) mem 0x8000b000 0x00000001
core   0: 0x80009708 (0x0000bfe5) c.j     pc - 8
core   0: 3 0x80009708 (0xbfe5)
core   0: 0x80009700 (0x00002f17) auipc   t5, 0x2
core   0: 3 0x80009700 (0x00002f17) x30 0x8000b700
core   0: 0x80009704 (0x903f2023) sw      gp, -1792(t5)
core   0: 3 0x80009704 (0x903f2023) mem 0x8000b000 0x00000001
core   0: 0x80009708 (0x0000bfe5) c.j     pc - 8
core   0: 3 0x80009708 (0xbfe5)
core   0: 0x80009700 (0x00002f17) auipc   t5, 0x2
core   0: 3 0x80009700 (0x00002f17) x30 0x8000b700
core   0: 0x80009704 (0x903f2023) sw      gp, -1792(t5)
core   0: 3 0x80009704 (0x903f2023) mem 0x8000b000 0x00000001
core   0: 0x80009708 (0x0000bfe5) c.j     pc - 8
core   0: 3 0x80009708 (0xbfe5)
core   0: 0x80009700 (0x00002f17) auipc   t5, 0x2
core   0: 3 0x80009700 (0x00002f17) x30 0x8000b700
core   0: 0x80009704 (0x903f2023) sw      gp, -1792(t5)
core   0: 3 0x80009704 (0x903f2023) mem 0x8000b000 0x00000001
core   0: 0x80009708 (0x0000bfe5) c.j     pc - 8
core   0: 3 0x80009708 (0xbfe5)
core   0: 0x80009700 (0x00002f17) auipc   t5, 0x2
core   0: 3 0x80009700 (0x00002f17) x30 0x8000b700
core   0: 0x80009704 (0x903f2023) sw      gp, -1792(t5)
core   0: 3 0x80009704 (0x903f2023) mem 0x8000b000 0x00000001
core   0: 0x80009708 (0x0000bfe5) c.j     pc - 8
core   0: 3 0x80009708 (0xbfe5)
core   0: 0x80009700 (0x00002f17) auipc   t5, 0x2
core   0: 3 0x80009700 (0x00002f17) x30 0x8000b700
core   0: 0x80009704 (0x903f2023) sw      gp, -1792(t5)
core   0: 3 0x80009704 (0x903f2023) mem 0x8000b000 0x00000001
core   0: 0x80009708 (0x0000bfe5) c.j     pc - 8
core   0: 3 0x80009708 (0xbfe5)
core   0: 0x80009700 (0x00002f17) auipc   t5, 0x2
core   0: 3 0x80009700 (0x00002f17) x30 0x8000b700
core   0: 0x80009704 (0x903f2023) sw      gp, -1792(t5)
core   0: 3 0x80009704 (0x903f2023) mem 0x8000b000 0x00000001
core   0: 0x80009708 (0x0000bfe5) c.j     pc - 8
core   0: 3 0x80009708 (0xbfe5)
core   0: 0x80009700 (0x00002f17) auipc   t5, 0x2
core   0: 3 0x80009700 (0x00002f17) x30 0x8000b700
core   0: 0x80009704 (0x903f2023) sw      gp, -1792(t5)
core   0: 3 0x80009704 (0x903f2023) mem 0x8000b000 0x00000001
core   0: 0x80009708 (0x0000bfe5) c.j     pc - 8
core   0: 3 0x80009708 (0xbfe5)
core   0: 0x80009700 (0x00002f17) auipc   t5, 0x2
core   0: 3 0x80009700 (0x00002f17) x30 0x8000b700
core   0: 0x80009704 (0x903f2023) sw      gp, -1792(t5)
core   0: 3 0x80009704 (0x903f2023) mem 0x8000b000 0x00000001
core   0: 0x80009708 (0x0000bfe5) c.j     pc - 8
core   0: 3 0x80009708 (0xbfe5)
core   0: 0x80009700 (0x00002f17) auipc   t5, 0x2
core   0: 3 0x80009700 (0x00002f17) x30 0x8000b700
core   0: 0x80009704 (0x903f2023) sw      gp, -1792(t5)
core   0: 3 0x80009704 (0x903f2023) mem 0x8000b000 0x00000001
core   0: 0x80009708 (0x0000bfe5) c.j     pc - 8
core   0: 3 0x80009708 (0xbfe5)
core   0: 0x80009700 (0x00002f17) auipc   t5, 0x2
core   0: 3 0x80009700 (0x00002f17) x30 0x8000b700
core   0: 0x80009704 (0x903f2023) sw      gp, -1792(t5)
core   0: 3 0x80009704 (0x903f2023) mem 0x8000b000 0x00000001
core   0: 0x80009708 (0x0000bfe5) c.j     pc - 8
core   0: 3 0x80009708 (0xbfe5)
core   0: 0x80009700 (0x00002f17) auipc   t5, 0x2
core   0: 3 0x80009700 (0x00002f17) x30 0x8000b700
core   0: 0x80009704 (0x903f2023) sw      gp, -1792(t5)
core   0: 3 0x80009704 (0x903f2023) mem 0x8000b000 0x00000001
core   0: 0x80009708 (0x0000bfe5) c.j     pc - 8
core   0: 3 0x80009708 (0xbfe5)
core   0: 0x80009700 (0x00002f17) auipc   t5, 0x2
core   0: 3 0x80009700 (0x00002f17) x30 0x8000b700
core   0: 0x80009704 (0x903f2023) sw      gp, -1792(t5)
core   0: 3 0x80009704 (0x903f2023) mem 0x8000b000 0x00000001
core   0: 0x80009708 (0x0000bfe5) c.j     pc - 8
core   0: 3 0x80009708 (0xbfe5)
core   0: 0x80009700 (0x00002f17) auipc   t5, 0x2
core   0: 3 0x80009700 (0x00002f17) x30 0x8000b700
core   0: 0x80009704 (0x903f2023) sw      gp, -1792(t5)
core   0: 3 0x80009704 (0x903f2023) mem 0x8000b000 0x00000001
core   0: 0x80009708 (0x0000bfe5) c.j     pc - 8
core   0: 3 0x80009708 (0xbfe5)
core   0: 0x80009700 (0x00002f17) auipc   t5, 0x2
core   0: 3 0x80009700 (0x00002f17) x30 0x8000b700
core   0: 0x80009704 (0x903f2023) sw      gp, -1792(t5)
core   0: 3 0x80009704 (0x903f2023) mem 0x8000b000 0x00000001
core   0: 0x80009708 (0x0000bfe5) c.j     pc - 8
core   0: 3 0x80009708 (0xbfe5)
core   0: 0x80009700 (0x00002f17) auipc   t5, 0x2
core   0: 3 0x80009700 (0x00002f17) x30 0x8000b700
core   0: 0x80009704 (0x903f2023) sw      gp, -1792(t5)
core   0: 3 0x80009704 (0x903f2023) mem 0x8000b000 0x00000001
core   0: 0x80009708 (0x0000bfe5) c.j     pc - 8
core   0: 3 0x80009708 (0xbfe5)
core   0: 0x80009700 (0x00002f17) auipc   t5, 0x2
core   0: 3 0x80009700 (0x00002f17) x30 0x8000b700
core   0: 0x80009704 (0x903f2023) sw      gp, -1792(t5)
core   0: 3 0x80009704 (0x903f2023) mem 0x8000b000 0x00000001
core   0: 0x80009708 (0x0000bfe5) c.j     pc - 8
core   0: 3 0x80009708 (0xbfe5)
core   0: 0x80009700 (0x00002f17) auipc   t5, 0x2
core   0: 3 0x80009700 (0x00002f17) x30 0x8000b700
core   0: 0x80009704 (0x903f2023) sw      gp, -1792(t5)
core   0: 3 0x80009704 (0x903f2023) mem 0x8000b000 0x00000001
core   0: 0x80009708 (0x0000bfe5) c.j     pc - 8
core   0: 3 0x80009708 (0xbfe5)
core   0: 0x80009700 (0x00002f17) auipc   t5, 0x2
core   0: 3 0x80009700 (0x00002f17) x30 0x8000b700
core   0: 0x80009704 (0x903f2023) sw      gp, -1792(t5)
core   0: 3 0x80009704 (0x903f2023) mem 0x8000b000 0x00000001
core   0: 0x80009708 (0x0000bfe5) c.j     pc - 8
core   0: 3 0x80009708 (0xbfe5)
core   0: 0x80009700 (0x00002f17) auipc   t5, 0x2
core   0: 3 0x80009700 (0x00002f17) x30 0x8000b700
core   0: 0x80009704 (0x903f2023) sw      gp, -1792(t5)
core   0: 3 0x80009704 (0x903f2023) mem 0x8000b000 0x00000001
core   0: 0x80009708 (0x0000bfe5) c.j     pc - 8
core   0: 3 0x80009708 (0xbfe5)
core   0: 0x80009700 (0x00002f17) auipc   t5, 0x2
core   0: 3 0x80009700 (0x00002f17) x30 0x8000b700
core   0: 0x80009704 (0x903f2023) sw      gp, -1792(t5)
core   0: 3 0x80009704 (0x903f2023) mem 0x8000b000 0x00000001
core   0: 0x80009708 (0x0000bfe5) c.j     pc - 8
core   0: 3 0x80009708 (0xbfe5)
core   0: 0x80009700 (0x00002f17) auipc   t5, 0x2
core   0: 3 0x80009700 (0x00002f17) x30 0x8000b700
core   0: 0x80009704 (0x903f2023) sw      gp, -1792(t5)
core   0: 3 0x80009704 (0x903f2023) mem 0x8000b000 0x00000001
core   0: 0x80009708 (0x0000bfe5) c.j     pc - 8
core   0: 3 0x80009708 (0xbfe5)
core   0: 0x80009700 (0x00002f17) auipc   t5, 0x2
core   0: 3 0x80009700 (0x00002f17) x30 0x8000b700
core   0: 0x80009704 (0x903f2023) sw      gp, -1792(t5)
core   0: 3 0x80009704 (0x903f2023) mem 0x8000b000 0x00000001
core   0: 0x80009708 (0x0000bfe5) c.j     pc - 8
core   0: 3 0x80009708 (0xbfe5)
core   0: 0x80009700 (0x00002f17) auipc   t5, 0x2
core   0: 3 0x80009700 (0x00002f17) x30 0x8000b700
core   0: 0x80009704 (0x903f2023) sw      gp, -1792(t5)
core   0: 3 0x80009704 (0x903f2023) mem 0x8000b000 0x00000001
core   0: 0x80009708 (0x0000bfe5) c.j     pc - 8
core   0: 3 0x80009708 (0xbfe5)
core   0: 0x80009700 (0x00002f17) auipc   t5, 0x2
core   0: 3 0x80009700 (0x00002f17) x30 0x8000b700
core   0: 0x80009704 (0x903f2023) sw      gp, -1792(t5)
core   0: 3 0x80009704 (0x903f2023) mem 0x8000b000 0x00000001
core   0: 0x80009708 (0x0000bfe5) c.j     pc - 8
core   0: 3 0x80009708 (0xbfe5)
core   0: 0x80009700 (0x00002f17) auipc   t5, 0x2
core   0: 3 0x80009700 (0x00002f17) x30 0x8000b700
core   0: 0x80009704 (0x903f2023) sw      gp, -1792(t5)
core   0: 3 0x80009704 (0x903f2023) mem 0x8000b000 0x00000001
core   0: 0x80009708 (0x0000bfe5) c.j     pc - 8
core   0: 3 0x80009708 (0xbfe5)
core   0: 0x80009700 (0x00002f17) auipc   t5, 0x2
core   0: 3 0x80009700 (0x00002f17) x30 0x8000b700
core   0: 0x80009704 (0x903f2023) sw      gp, -1792(t5)
core   0: 3 0x80009704 (0x903f2023) mem 0x8000b000 0x00000001
core   0: 0x80009708 (0x0000bfe5) c.j     pc - 8
core   0: 3 0x80009708 (0xbfe5)
core   0: 0x80009700 (0x00002f17) auipc   t5, 0x2
core   0: 3 0x80009700 (0x00002f17) x30 0x8000b700
core   0: 0x80009704 (0x903f2023) sw      gp, -1792(t5)
core   0: 3 0x80009704 (0x903f2023) mem 0x8000b000 0x00000001
core   0: 0x80009708 (0x0000bfe5) c.j     pc - 8
core   0: 3 0x80009708 (0xbfe5)
core   0: 0x80009700 (0x00002f17) auipc   t5, 0x2
core   0: 3 0x80009700 (0x00002f17) x30 0x8000b700
core   0: 0x80009704 (0x903f2023) sw      gp, -1792(t5)
core   0: 3 0x80009704 (0x903f2023) mem 0x8000b000 0x00000001
core   0: 0x80009708 (0x0000bfe5) c.j     pc - 8
core   0: 3 0x80009708 (0xbfe5)
core   0: 0x80009700 (0x00002f17) auipc   t5, 0x2
core   0: 3 0x80009700 (0x00002f17) x30 0x8000b700
core   0: 0x80009704 (0x903f2023) sw      gp, -1792(t5)
core   0: 3 0x80009704 (0x903f2023) mem 0x8000b000 0x00000001
core   0: 0x80009708 (0x0000bfe5) c.j     pc - 8
core   0: 3 0x80009708 (0xbfe5)
core   0: 0x80009700 (0x00002f17) auipc   t5, 0x2
core   0: 3 0x80009700 (0x00002f17) x30 0x8000b700
core   0: 0x80009704 (0x903f2023) sw      gp, -1792(t5)
core   0: 3 0x80009704 (0x903f2023) mem 0x8000b000 0x00000001
core   0: 0x80009708 (0x0000bfe5) c.j     pc - 8
core   0: 3 0x80009708 (0xbfe5)
core   0: 0x80009700 (0x00002f17) auipc   t5, 0x2
core   0: 3 0x80009700 (0x00002f17) x30 0x8000b700
core   0: 0x80009704 (0x903f2023) sw      gp, -1792(t5)
core   0: 3 0x80009704 (0x903f2023) mem 0x8000b000 0x00000001
core   0: 0x80009708 (0x0000bfe5) c.j     pc - 8
core   0: 3 0x80009708 (0xbfe5)
core   0: 0x80009700 (0x00002f17) auipc   t5, 0x2
core   0: 3 0x80009700 (0x00002f17) x30 0x8000b700
core   0: 0x80009704 (0x903f2023) sw      gp, -1792(t5)
core   0: 3 0x80009704 (0x903f2023) mem 0x8000b000 0x00000001
core   0: 0x80009708 (0x0000bfe5) c.j     pc - 8
core   0: 3 0x80009708 (0xbfe5)
core   0: 0x80009700 (0x00002f17) auipc   t5, 0x2
core   0: 3 0x80009700 (0x00002f17) x30 0x8000b700
core   0: 0x80009704 (0x903f2023) sw      gp, -1792(t5)
core   0: 3 0x80009704 (0x903f2023) mem 0x8000b000 0x00000001
core   0: 0x80009708 (0x0000bfe5) c.j     pc - 8
core   0: 3 0x80009708 (0xbfe5)
core   0: 0x80009700 (0x00002f17) auipc   t5, 0x2
core   0: 3 0x80009700 (0x00002f17) x30 0x8000b700
core   0: 0x80009704 (0x903f2023) sw      gp, -1792(t5)
core   0: 3 0x80009704 (0x903f2023) mem 0x8000b000 0x00000001
core   0: 0x80009708 (0x0000bfe5) c.j     pc - 8
core   0: 3 0x80009708 (0xbfe5)
core   0: 0x80009700 (0x00002f17) auipc   t5, 0x2
core   0: 3 0x80009700 (0x00002f17) x30 0x8000b700
core   0: 0x80009704 (0x903f2023) sw      gp, -1792(t5)
core   0: 3 0x80009704 (0x903f2023) mem 0x8000b000 0x00000001
core   0: 0x80009708 (0x0000bfe5) c.j     pc - 8
core   0: 3 0x80009708 (0xbfe5)
core   0: 0x80009700 (0x00002f17) auipc   t5, 0x2
core   0: 3 0x80009700 (0x00002f17) x30 0x8000b700
core   0: 0x80009704 (0x903f2023) sw      gp, -1792(t5)
core   0: 3 0x80009704 (0x903f2023) mem 0x8000b000 0x00000001
core   0: 0x80009708 (0x0000bfe5) c.j     pc - 8
core   0: 3 0x80009708 (0xbfe5)
core   0: 0x80009700 (0x00002f17) auipc   t5, 0x2
core   0: 3 0x80009700 (0x00002f17) x30 0x8000b700
core   0: 0x80009704 (0x903f2023) sw      gp, -1792(t5)
core   0: 3 0x80009704 (0x903f2023) mem 0x8000b000 0x00000001
core   0: 0x80009708 (0x0000bfe5) c.j     pc - 8
core   0: 3 0x80009708 (0xbfe5)
core   0: 0x80009700 (0x00002f17) auipc   t5, 0x2
core   0: 3 0x80009700 (0x00002f17) x30 0x8000b700
core   0: 0x80009704 (0x903f2023) sw      gp, -1792(t5)
core   0: 3 0x80009704 (0x903f2023) mem 0x8000b000 0x00000001
core   0: 0x80009708 (0x0000bfe5) c.j     pc - 8
core   0: 3 0x80009708 (0xbfe5)
core   0: 0x80009700 (0x00002f17) auipc   t5, 0x2
core   0: 3 0x80009700 (0x00002f17) x30 0x8000b700
core   0: 0x80009704 (0x903f2023) sw      gp, -1792(t5)
core   0: 3 0x80009704 (0x903f2023) mem 0x8000b000 0x00000001
core   0: 0x80009708 (0x0000bfe5) c.j     pc - 8
core   0: 3 0x80009708 (0xbfe5)
core   0: 0x80009700 (0x00002f17) auipc   t5, 0x2
core   0: 3 0x80009700 (0x00002f17) x30 0x8000b700
core   0: 0x80009704 (0x903f2023) sw      gp, -1792(t5)
core   0: 3 0x80009704 (0x903f2023) mem 0x8000b000 0x00000001
core   0: 0x80009708 (0x0000bfe5) c.j     pc - 8
core   0: 3 0x80009708 (0xbfe5)
core   0: 0x80009700 (0x00002f17) auipc   t5, 0x2
core   0: 3 0x80009700 (0x00002f17) x30 0x8000b700
core   0: 0x80009704 (0x903f2023) sw      gp, -1792(t5)
core   0: 3 0x80009704 (0x903f2023) mem 0x8000b000 0x00000001
core   0: 0x80009708 (0x0000bfe5) c.j     pc - 8
core   0: 3 0x80009708 (0xbfe5)
core   0: 0x80009700 (0x00002f17) auipc   t5, 0x2
core   0: 3 0x80009700 (0x00002f17) x30 0x8000b700
core   0: 0x80009704 (0x903f2023) sw      gp, -1792(t5)
core   0: 3 0x80009704 (0x903f2023) mem 0x8000b000 0x00000001
core   0: 0x80009708 (0x0000bfe5) c.j     pc - 8
core   0: 3 0x80009708 (0xbfe5)
core   0: 0x80009700 (0x00002f17) auipc   t5, 0x2
core   0: 3 0x80009700 (0x00002f17) x30 0x8000b700
core   0: 0x80009704 (0x903f2023) sw      gp, -1792(t5)
core   0: 3 0x80009704 (0x903f2023) mem 0x8000b000 0x00000001
core   0: 0x80009708 (0x0000bfe5) c.j     pc - 8
core   0: 3 0x80009708 (0xbfe5)
core   0: 0x80009700 (0x00002f17) auipc   t5, 0x2
core   0: 3 0x80009700 (0x00002f17) x30 0x8000b700
core   0: 0x80009704 (0x903f2023) sw      gp, -1792(t5)
core   0: 3 0x80009704 (0x903f2023) mem 0x8000b000 0x00000001
core   0: 0x80009708 (0x0000bfe5) c.j     pc - 8
core   0: 3 0x80009708 (0xbfe5)
core   0: 0x80009700 (0x00002f17) auipc   t5, 0x2
core   0: 3 0x80009700 (0x00002f17) x30 0x8000b700
core   0: 0x80009704 (0x903f2023) sw      gp, -1792(t5)
core   0: 3 0x80009704 (0x903f2023) mem 0x8000b000 0x00000001
core   0: 0x80009708 (0x0000bfe5) c.j     pc - 8
core   0: 3 0x80009708 (0xbfe5)
core   0: 0x80009700 (0x00002f17) auipc   t5, 0x2
core   0: 3 0x80009700 (0x00002f17) x30 0x8000b700
core   0: 0x80009704 (0x903f2023) sw      gp, -1792(t5)
core   0: 3 0x80009704 (0x903f2023) mem 0x8000b000 0x00000001
core   0: 0x80009708 (0x0000bfe5) c.j     pc - 8
core   0: 3 0x80009708 (0xbfe5)
core   0: 0x80009700 (0x00002f17) auipc   t5, 0x2
core   0: 3 0x80009700 (0x00002f17) x30 0x8000b700
core   0: 0x80009704 (0x903f2023) sw      gp, -1792(t5)
core   0: 3 0x80009704 (0x903f2023) mem 0x8000b000 0x00000001
core   0: 0x80009708 (0x0000bfe5) c.j     pc - 8
core   0: 3 0x80009708 (0xbfe5)
core   0: 0x80009700 (0x00002f17) auipc   t5, 0x2
core   0: 3 0x80009700 (0x00002f17) x30 0x8000b700
core   0: 0x80009704 (0x903f2023) sw      gp, -1792(t5)
core   0: 3 0x80009704 (0x903f2023) mem 0x8000b000 0x00000001
core   0: 0x80009708 (0x0000bfe5) c.j     pc - 8
core   0: 3 0x80009708 (0xbfe5)
core   0: 0x80009700 (0x00002f17) auipc   t5, 0x2
core   0: 3 0x80009700 (0x00002f17) x30 0x8000b700
core   0: 0x80009704 (0x903f2023) sw      gp, -1792(t5)
core   0: 3 0x80009704 (0x903f2023) mem 0x8000b000 0x00000001
core   0: 0x80009708 (0x0000bfe5) c.j     pc - 8
core   0: 3 0x80009708 (0xbfe5)
core   0: 0x80009700 (0x00002f17) auipc   t5, 0x2
core   0: 3 0x80009700 (0x00002f17) x30 0x8000b700
core   0: 0x80009704 (0x903f2023) sw      gp, -1792(t5)
core   0: 3 0x80009704 (0x903f2023) mem 0x8000b000 0x00000001
core   0: 0x80009708 (0x0000bfe5) c.j     pc - 8
core   0: 3 0x80009708 (0xbfe5)
core   0: 0x80009700 (0x00002f17) auipc   t5, 0x2
core   0: 3 0x80009700 (0x00002f17) x30 0x8000b700
core   0: 0x80009704 (0x903f2023) sw      gp, -1792(t5)
core   0: 3 0x80009704 (0x903f2023) mem 0x8000b000 0x00000001
core   0: 0x80009708 (0x0000bfe5) c.j     pc - 8
core   0: 3 0x80009708 (0xbfe5)
core   0: 0x80009700 (0x00002f17) auipc   t5, 0x2
core   0: 3 0x80009700 (0x00002f17) x30 0x8000b700
core   0: 0x80009704 (0x903f2023) sw      gp, -1792(t5)
core   0: 3 0x80009704 (0x903f2023) mem 0x8000b000 0x00000001
core   0: 0x80009708 (0x0000bfe5) c.j     pc - 8
core   0: 3 0x80009708 (0xbfe5)
core   0: 0x80009700 (0x00002f17) auipc   t5, 0x2
core   0: 3 0x80009700 (0x00002f17) x30 0x8000b700
core   0: 0x80009704 (0x903f2023) sw      gp, -1792(t5)
core   0: 3 0x80009704 (0x903f2023) mem 0x8000b000 0x00000001
core   0: 0x80009708 (0x0000bfe5) c.j     pc - 8
core   0: 3 0x80009708 (0xbfe5)
core   0: 0x80009700 (0x00002f17) auipc   t5, 0x2
core   0: 3 0x80009700 (0x00002f17) x30 0x8000b700
core   0: 0x80009704 (0x903f2023) sw      gp, -1792(t5)
core   0: 3 0x80009704 (0x903f2023) mem 0x8000b000 0x00000001
core   0: 0x80009708 (0x0000bfe5) c.j     pc - 8
core   0: 3 0x80009708 (0xbfe5)
core   0: 0x80009700 (0x00002f17) auipc   t5, 0x2
core   0: 3 0x80009700 (0x00002f17) x30 0x8000b700
core   0: 0x80009704 (0x903f2023) sw      gp, -1792(t5)
core   0: 3 0x80009704 (0x903f2023) mem 0x8000b000 0x00000001
core   0: 0x80009708 (0x0000bfe5) c.j     pc - 8
core   0: 3 0x80009708 (0xbfe5)
core   0: 0x80009700 (0x00002f17) auipc   t5, 0x2
core   0: 3 0x80009700 (0x00002f17) x30 0x8000b700
core   0: 0x80009704 (0x903f2023) sw      gp, -1792(t5)
core   0: 3 0x80009704 (0x903f2023) mem 0x8000b000 0x00000001
core   0: 0x80009708 (0x0000bfe5) c.j     pc - 8
core   0: 3 0x80009708 (0xbfe5)
core   0: 0x80009700 (0x00002f17) auipc   t5, 0x2
core   0: 3 0x80009700 (0x00002f17) x30 0x8000b700
core   0: 0x80009704 (0x903f2023) sw      gp, -1792(t5)
core   0: 3 0x80009704 (0x903f2023) mem 0x8000b000 0x00000001
core   0: 0x80009708 (0x0000bfe5) c.j     pc - 8
core   0: 3 0x80009708 (0xbfe5)
core   0: 0x80009700 (0x00002f17) auipc   t5, 0x2
core   0: 3 0x80009700 (0x00002f17) x30 0x8000b700
core   0: 0x80009704 (0x903f2023) sw      gp, -1792(t5)
core   0: 3 0x80009704 (0x903f2023) mem 0x8000b000 0x00000001
core   0: 0x80009708 (0x0000bfe5) c.j     pc - 8
core   0: 3 0x80009708 (0xbfe5)
core   0: 0x80009700 (0x00002f17) auipc   t5, 0x2
core   0: 3 0x80009700 (0x00002f17) x30 0x8000b700
core   0: 0x80009704 (0x903f2023) sw      gp, -1792(t5)
core   0: 3 0x80009704 (0x903f2023) mem 0x8000b000 0x00000001
core   0: 0x80009708 (0x0000bfe5) c.j     pc - 8
core   0: 3 0x80009708 (0xbfe5)
core   0: 0x80009700 (0x00002f17) auipc   t5, 0x2
core   0: 3 0x80009700 (0x00002f17) x30 0x8000b700
core   0: 0x80009704 (0x903f2023) sw      gp, -1792(t5)
core   0: 3 0x80009704 (0x903f2023) mem 0x8000b000 0x00000001
core   0: 0x80009708 (0x0000bfe5) c.j     pc - 8
core   0: 3 0x80009708 (0xbfe5)
core   0: 0x80009700 (0x00002f17) auipc   t5, 0x2
core   0: 3 0x80009700 (0x00002f17) x30 0x8000b700
core   0: 0x80009704 (0x903f2023) sw      gp, -1792(t5)
core   0: 3 0x80009704 (0x903f2023) mem 0x8000b000 0x00000001
core   0: 0x80009708 (0x0000bfe5) c.j     pc - 8
core   0: 3 0x80009708 (0xbfe5)
core   0: 0x80009700 (0x00002f17) auipc   t5, 0x2
core   0: 3 0x80009700 (0x00002f17) x30 0x8000b700
core   0: 0x80009704 (0x903f2023) sw      gp, -1792(t5)
core   0: 3 0x80009704 (0x903f2023) mem 0x8000b000 0x00000001
core   0: 0x80009708 (0x0000bfe5) c.j     pc - 8
core   0: 3 0x80009708 (0xbfe5)
core   0: 0x80009700 (0x00002f17) auipc   t5, 0x2
core   0: 3 0x80009700 (0x00002f17) x30 0x8000b700
core   0: 0x80009704 (0x903f2023) sw      gp, -1792(t5)
core   0: 3 0x80009704 (0x903f2023) mem 0x8000b000 0x00000001
core   0: 0x80009708 (0x0000bfe5) c.j     pc - 8
core   0: 3 0x80009708 (0xbfe5)
core   0: 0x80009700 (0x00002f17) auipc   t5, 0x2
core   0: 3 0x80009700 (0x00002f17) x30 0x8000b700
core   0: 0x80009704 (0x903f2023) sw      gp, -1792(t5)
core   0: 3 0x80009704 (0x903f2023) mem 0x8000b000 0x00000001
core   0: 0x80009708 (0x0000bfe5) c.j     pc - 8
core   0: 3 0x80009708 (0xbfe5)
core   0: 0x80009700 (0x00002f17) auipc   t5, 0x2
core   0: 3 0x80009700 (0x00002f17) x30 0x8000b700
core   0: 0x80009704 (0x903f2023) sw      gp, -1792(t5)
core   0: 3 0x80009704 (0x903f2023) mem 0x8000b000 0x00000001
core   0: 0x80009708 (0x0000bfe5) c.j     pc - 8
core   0: 3 0x80009708 (0xbfe5)
core   0: 0x80009700 (0x00002f17) auipc   t5, 0x2
core   0: 3 0x80009700 (0x00002f17) x30 0x8000b700
core   0: 0x80009704 (0x903f2023) sw      gp, -1792(t5)
core   0: 3 0x80009704 (0x903f2023) mem 0x8000b000 0x00000001
core   0: 0x80009708 (0x0000bfe5) c.j     pc - 8
core   0: 3 0x80009708 (0xbfe5)
core   0: 0x80009700 (0x00002f17) auipc   t5, 0x2
core   0: 3 0x80009700 (0x00002f17) x30 0x8000b700
core   0: 0x80009704 (0x903f2023) sw      gp, -1792(t5)
core   0: 3 0x80009704 (0x903f2023) mem 0x8000b000 0x00000001
core   0: 0x80009708 (0x0000bfe5) c.j     pc - 8
core   0: 3 0x80009708 (0xbfe5)
core   0: 0x80009700 (0x00002f17) auipc   t5, 0x2
core   0: 3 0x80009700 (0x00002f17) x30 0x8000b700
core   0: 0x80009704 (0x903f2023) sw      gp, -1792(t5)
core   0: 3 0x80009704 (0x903f2023) mem 0x8000b000 0x00000001
core   0: 0x80009708 (0x0000bfe5) c.j     pc - 8
core   0: 3 0x80009708 (0xbfe5)
core   0: 0x80009700 (0x00002f17) auipc   t5, 0x2
core   0: 3 0x80009700 (0x00002f17) x30 0x8000b700
core   0: 0x80009704 (0x903f2023) sw      gp, -1792(t5)
core   0: 3 0x80009704 (0x903f2023) mem 0x8000b000 0x00000001
core   0: 0x80009708 (0x0000bfe5) c.j     pc - 8
core   0: 3 0x80009708 (0xbfe5)
core   0: 0x80009700 (0x00002f17) auipc   t5, 0x2
core   0: 3 0x80009700 (0x00002f17) x30 0x8000b700
core   0: 0x80009704 (0x903f2023) sw      gp, -1792(t5)
core   0: 3 0x80009704 (0x903f2023) mem 0x8000b000 0x00000001
core   0: 0x80009708 (0x0000bfe5) c.j     pc - 8
core   0: 3 0x80009708 (0xbfe5)
core   0: 0x80009700 (0x00002f17) auipc   t5, 0x2
core   0: 3 0x80009700 (0x00002f17) x30 0x8000b700
core   0: 0x80009704 (0x903f2023) sw      gp, -1792(t5)
core   0: 3 0x80009704 (0x903f2023) mem 0x8000b000 0x00000001
core   0: 0x80009708 (0x0000bfe5) c.j     pc - 8
core   0: 3 0x80009708 (0xbfe5)
core   0: 0x80009700 (0x00002f17) auipc   t5, 0x2
core   0: 3 0x80009700 (0x00002f17) x30 0x8000b700
core   0: 0x80009704 (0x903f2023) sw      gp, -1792(t5)
core   0: 3 0x80009704 (0x903f2023) mem 0x8000b000 0x00000001
core   0: 0x80009708 (0x0000bfe5) c.j     pc - 8
core   0: 3 0x80009708 (0xbfe5)
core   0: 0x80009700 (0x00002f17) auipc   t5, 0x2
core   0: 3 0x80009700 (0x00002f17) x30 0x8000b700
core   0: 0x80009704 (0x903f2023) sw      gp, -1792(t5)
core   0: 3 0x80009704 (0x903f2023) mem 0x8000b000 0x00000001
core   0: 0x80009708 (0x0000bfe5) c.j     pc - 8
core   0: 3 0x80009708 (0xbfe5)
core   0: 0x80009700 (0x00002f17) auipc   t5, 0x2
core   0: 3 0x80009700 (0x00002f17) x30 0x8000b700
core   0: 0x80009704 (0x903f2023) sw      gp, -1792(t5)
core   0: 3 0x80009704 (0x903f2023) mem 0x8000b000 0x00000001
core   0: 0x80009708 (0x0000bfe5) c.j     pc - 8
core   0: 3 0x80009708 (0xbfe5)
core   0: 0x80009700 (0x00002f17) auipc   t5, 0x2
core   0: 3 0x80009700 (0x00002f17) x30 0x8000b700
core   0: 0x80009704 (0x903f2023) sw      gp, -1792(t5)
core   0: 3 0x80009704 (0x903f2023) mem 0x8000b000 0x00000001
core   0: 0x80009708 (0x0000bfe5) c.j     pc - 8
core   0: 3 0x80009708 (0xbfe5)
core   0: 0x80009700 (0x00002f17) auipc   t5, 0x2
core   0: 3 0x80009700 (0x00002f17) x30 0x8000b700
core   0: 0x80009704 (0x903f2023) sw      gp, -1792(t5)
core   0: 3 0x80009704 (0x903f2023) mem 0x8000b000 0x00000001
core   0: 0x80009708 (0x0000bfe5) c.j     pc - 8
core   0: 3 0x80009708 (0xbfe5)
core   0: 0x80009700 (0x00002f17) auipc   t5, 0x2
core   0: 3 0x80009700 (0x00002f17) x30 0x8000b700
core   0: 0x80009704 (0x903f2023) sw      gp, -1792(t5)
core   0: 3 0x80009704 (0x903f2023) mem 0x8000b000 0x00000001
core   0: 0x80009708 (0x0000bfe5) c.j     pc - 8
core   0: 3 0x80009708 (0xbfe5)
core   0: 0x80009700 (0x00002f17) auipc   t5, 0x2
core   0: 3 0x80009700 (0x00002f17) x30 0x8000b700
core   0: 0x80009704 (0x903f2023) sw      gp, -1792(t5)
core   0: 3 0x80009704 (0x903f2023) mem 0x8000b000 0x00000001
core   0: 0x80009708 (0x0000bfe5) c.j     pc - 8
core   0: 3 0x80009708 (0xbfe5)
core   0: 0x80009700 (0x00002f17) auipc   t5, 0x2
core   0: 3 0x80009700 (0x00002f17) x30 0x8000b700
core   0: 0x80009704 (0x903f2023) sw      gp, -1792(t5)
core   0: 3 0x80009704 (0x903f2023) mem 0x8000b000 0x00000001
core   0: 0x80009708 (0x0000bfe5) c.j     pc - 8
core   0: 3 0x80009708 (0xbfe5)
core   0: 0x80009700 (0x00002f17) auipc   t5, 0x2
core   0: 3 0x80009700 (0x00002f17) x30 0x8000b700
core   0: 0x80009704 (0x903f2023) sw      gp, -1792(t5)
core   0: 3 0x80009704 (0x903f2023) mem 0x8000b000 0x00000001
core   0: 0x80009708 (0x0000bfe5) c.j     pc - 8
core   0: 3 0x80009708 (0xbfe5)
core   0: 0x80009700 (0x00002f17) auipc   t5, 0x2
core   0: 3 0x80009700 (0x00002f17) x30 0x8000b700
core   0: 0x80009704 (0x903f2023) sw      gp, -1792(t5)
core   0: 3 0x80009704 (0x903f2023) mem 0x8000b000 0x00000001
core   0: 0x80009708 (0x0000bfe5) c.j     pc - 8
core   0: 3 0x80009708 (0xbfe5)
core   0: 0x80009700 (0x00002f17) auipc   t5, 0x2
core   0: 3 0x80009700 (0x00002f17) x30 0x8000b700
core   0: 0x80009704 (0x903f2023) sw      gp, -1792(t5)
core   0: 3 0x80009704 (0x903f2023) mem 0x8000b000 0x00000001
core   0: 0x80009708 (0x0000bfe5) c.j     pc - 8
core   0: 3 0x80009708 (0xbfe5)
core   0: 0x80009700 (0x00002f17) auipc   t5, 0x2
core   0: 3 0x80009700 (0x00002f17) x30 0x8000b700
core   0: 0x80009704 (0x903f2023) sw      gp, -1792(t5)
core   0: 3 0x80009704 (0x903f2023) mem 0x8000b000 0x00000001
core   0: 0x80009708 (0x0000bfe5) c.j     pc - 8
core   0: 3 0x80009708 (0xbfe5)
core   0: 0x80009700 (0x00002f17) auipc   t5, 0x2
core   0: 3 0x80009700 (0x00002f17) x30 0x8000b700
core   0: 0x80009704 (0x903f2023) sw      gp, -1792(t5)
core   0: 3 0x80009704 (0x903f2023) mem 0x8000b000 0x00000001
core   0: 0x80009708 (0x0000bfe5) c.j     pc - 8
core   0: 3 0x80009708 (0xbfe5)
core   0: 0x80009700 (0x00002f17) auipc   t5, 0x2
core   0: 3 0x80009700 (0x00002f17) x30 0x8000b700
core   0: 0x80009704 (0x903f2023) sw      gp, -1792(t5)
core   0: 3 0x80009704 (0x903f2023) mem 0x8000b000 0x00000001
core   0: 0x80009708 (0x0000bfe5) c.j     pc - 8
core   0: 3 0x80009708 (0xbfe5)
core   0: 0x80009700 (0x00002f17) auipc   t5, 0x2
core   0: 3 0x80009700 (0x00002f17) x30 0x8000b700
core   0: 0x80009704 (0x903f2023) sw      gp, -1792(t5)
core   0: 3 0x80009704 (0x903f2023) mem 0x8000b000 0x00000001
core   0: 0x80009708 (0x0000bfe5) c.j     pc - 8
core   0: 3 0x80009708 (0xbfe5)
core   0: 0x80009700 (0x00002f17) auipc   t5, 0x2
core   0: 3 0x80009700 (0x00002f17) x30 0x8000b700
core   0: 0x80009704 (0x903f2023) sw      gp, -1792(t5)
core   0: 3 0x80009704 (0x903f2023) mem 0x8000b000 0x00000001
core   0: 0x80009708 (0x0000bfe5) c.j     pc - 8
core   0: 3 0x80009708 (0xbfe5)
core   0: 0x80009700 (0x00002f17) auipc   t5, 0x2
core   0: 3 0x80009700 (0x00002f17) x30 0x8000b700
core   0: 0x80009704 (0x903f2023) sw      gp, -1792(t5)
core   0: 3 0x80009704 (0x903f2023) mem 0x8000b000 0x00000001
core   0: 0x80009708 (0x0000bfe5) c.j     pc - 8
core   0: 3 0x80009708 (0xbfe5)
core   0: 0x80009700 (0x00002f17) auipc   t5, 0x2
core   0: 3 0x80009700 (0x00002f17) x30 0x8000b700
core   0: 0x80009704 (0x903f2023) sw      gp, -1792(t5)
core   0: 3 0x80009704 (0x903f2023) mem 0x8000b000 0x00000001
core   0: 0x80009708 (0x0000bfe5) c.j     pc - 8
core   0: 3 0x80009708 (0xbfe5)
core   0: 0x80009700 (0x00002f17) auipc   t5, 0x2
core   0: 3 0x80009700 (0x00002f17) x30 0x8000b700
core   0: 0x80009704 (0x903f2023) sw      gp, -1792(t5)
core   0: 3 0x80009704 (0x903f2023) mem 0x8000b000 0x00000001
core   0: 0x80009708 (0x0000bfe5) c.j     pc - 8
core   0: 3 0x80009708 (0xbfe5)
core   0: 0x80009700 (0x00002f17) auipc   t5, 0x2
core   0: 3 0x80009700 (0x00002f17) x30 0x8000b700
core   0: 0x80009704 (0x903f2023) sw      gp, -1792(t5)
core   0: 3 0x80009704 (0x903f2023) mem 0x8000b000 0x00000001
core   0: 0x80009708 (0x0000bfe5) c.j     pc - 8
core   0: 3 0x80009708 (0xbfe5)
core   0: 0x80009700 (0x00002f17) auipc   t5, 0x2
core   0: 3 0x80009700 (0x00002f17) x30 0x8000b700
core   0: 0x80009704 (0x903f2023) sw      gp, -1792(t5)
core   0: 3 0x80009704 (0x903f2023) mem 0x8000b000 0x00000001
core   0: 0x80009708 (0x0000bfe5) c.j     pc - 8
core   0: 3 0x80009708 (0xbfe5)
core   0: 0x80009700 (0x00002f17) auipc   t5, 0x2
core   0: 3 0x80009700 (0x00002f17) x30 0x8000b700
core   0: 0x80009704 (0x903f2023) sw      gp, -1792(t5)
core   0: 3 0x80009704 (0x903f2023) mem 0x8000b000 0x00000001
core   0: 0x80009708 (0x0000bfe5) c.j     pc - 8
core   0: 3 0x80009708 (0xbfe5)
core   0: 0x80009700 (0x00002f17) auipc   t5, 0x2
core   0: 3 0x80009700 (0x00002f17) x30 0x8000b700
core   0: 0x80009704 (0x903f2023) sw      gp, -1792(t5)
core   0: 3 0x80009704 (0x903f2023) mem 0x8000b000 0x00000001
core   0: 0x80009708 (0x0000bfe5) c.j     pc - 8
core   0: 3 0x80009708 (0xbfe5)
core   0: 0x80009700 (0x00002f17) auipc   t5, 0x2
core   0: 3 0x80009700 (0x00002f17) x30 0x8000b700
core   0: 0x80009704 (0x903f2023) sw      gp, -1792(t5)
core   0: 3 0x80009704 (0x903f2023) mem 0x8000b000 0x00000001
core   0: 0x80009708 (0x0000bfe5) c.j     pc - 8
core   0: 3 0x80009708 (0xbfe5)
core   0: 0x80009700 (0x00002f17) auipc   t5, 0x2
core   0: 3 0x80009700 (0x00002f17) x30 0x8000b700
core   0: 0x80009704 (0x903f2023) sw      gp, -1792(t5)
core   0: 3 0x80009704 (0x903f2023) mem 0x8000b000 0x00000001
core   0: 0x80009708 (0x0000bfe5) c.j     pc - 8
core   0: 3 0x80009708 (0xbfe5)
core   0: 0x80009700 (0x00002f17) auipc   t5, 0x2
core   0: 3 0x80009700 (0x00002f17) x30 0x8000b700
core   0: 0x80009704 (0x903f2023) sw      gp, -1792(t5)
core   0: 3 0x80009704 (0x903f2023) mem 0x8000b000 0x00000001
core   0: 0x80009708 (0x0000bfe5) c.j     pc - 8
core   0: 3 0x80009708 (0xbfe5)
core   0: 0x80009700 (0x00002f17) auipc   t5, 0x2
core   0: 3 0x80009700 (0x00002f17) x30 0x8000b700
core   0: 0x80009704 (0x903f2023) sw      gp, -1792(t5)
core   0: 3 0x80009704 (0x903f2023) mem 0x8000b000 0x00000001
core   0: 0x80009708 (0x0000bfe5) c.j     pc - 8
core   0: 3 0x80009708 (0xbfe5)
core   0: 0x80009700 (0x00002f17) auipc   t5, 0x2
core   0: 3 0x80009700 (0x00002f17) x30 0x8000b700
core   0: 0x80009704 (0x903f2023) sw      gp, -1792(t5)
core   0: 3 0x80009704 (0x903f2023) mem 0x8000b000 0x00000001
core   0: 0x80009708 (0x0000bfe5) c.j     pc - 8
core   0: 3 0x80009708 (0xbfe5)
core   0: 0x80009700 (0x00002f17) auipc   t5, 0x2
core   0: 3 0x80009700 (0x00002f17) x30 0x8000b700
core   0: 0x80009704 (0x903f2023) sw      gp, -1792(t5)
core   0: 3 0x80009704 (0x903f2023) mem 0x8000b000 0x00000001
core   0: 0x80009708 (0x0000bfe5) c.j     pc - 8
core   0: 3 0x80009708 (0xbfe5)
core   0: 0x80009700 (0x00002f17) auipc   t5, 0x2
core   0: 3 0x80009700 (0x00002f17) x30 0x8000b700
core   0: 0x80009704 (0x903f2023) sw      gp, -1792(t5)
core   0: 3 0x80009704 (0x903f2023) mem 0x8000b000 0x00000001
core   0: 0x80009708 (0x0000bfe5) c.j     pc - 8
core   0: 3 0x80009708 (0xbfe5)
core   0: 0x80009700 (0x00002f17) auipc   t5, 0x2
core   0: 3 0x80009700 (0x00002f17) x30 0x8000b700
core   0: 0x80009704 (0x903f2023) sw      gp, -1792(t5)
core   0: 3 0x80009704 (0x903f2023) mem 0x8000b000 0x00000001
core   0: 0x80009708 (0x0000bfe5) c.j     pc - 8
core   0: 3 0x80009708 (0xbfe5)
core   0: 0x80009700 (0x00002f17) auipc   t5, 0x2
core   0: 3 0x80009700 (0x00002f17) x30 0x8000b700
core   0: 0x80009704 (0x903f2023) sw      gp, -1792(t5)
core   0: 3 0x80009704 (0x903f2023) mem 0x8000b000 0x00000001
core   0: 0x80009708 (0x0000bfe5) c.j     pc - 8
core   0: 3 0x80009708 (0xbfe5)
core   0: 0x80009700 (0x00002f17) auipc   t5, 0x2
core   0: 3 0x80009700 (0x00002f17) x30 0x8000b700
core   0: 0x80009704 (0x903f2023) sw      gp, -1792(t5)
core   0: 3 0x80009704 (0x903f2023) mem 0x8000b000 0x00000001
core   0: 0x80009708 (0x0000bfe5) c.j     pc - 8
core   0: 3 0x80009708 (0xbfe5)
core   0: 0x80009700 (0x00002f17) auipc   t5, 0x2
core   0: 3 0x80009700 (0x00002f17) x30 0x8000b700
core   0: 0x80009704 (0x903f2023) sw      gp, -1792(t5)
core   0: 3 0x80009704 (0x903f2023) mem 0x8000b000 0x00000001
core   0: 0x80009708 (0x0000bfe5) c.j     pc - 8
core   0: 3 0x80009708 (0xbfe5)
core   0: 0x80009700 (0x00002f17) auipc   t5, 0x2
core   0: 3 0x80009700 (0x00002f17) x30 0x8000b700
core   0: 0x80009704 (0x903f2023) sw      gp, -1792(t5)
core   0: 3 0x80009704 (0x903f2023) mem 0x8000b000 0x00000001
core   0: 0x80009708 (0x0000bfe5) c.j     pc - 8
core   0: 3 0x80009708 (0xbfe5)
core   0: 0x80009700 (0x00002f17) auipc   t5, 0x2
core   0: 3 0x80009700 (0x00002f17) x30 0x8000b700
core   0: 0x80009704 (0x903f2023) sw      gp, -1792(t5)
core   0: 3 0x80009704 (0x903f2023) mem 0x8000b000 0x00000001
core   0: 0x80009708 (0x0000bfe5) c.j     pc - 8
core   0: 3 0x80009708 (0xbfe5)
core   0: 0x80009700 (0x00002f17) auipc   t5, 0x2
core   0: 3 0x80009700 (0x00002f17) x30 0x8000b700
core   0: 0x80009704 (0x903f2023) sw      gp, -1792(t5)
core   0: 3 0x80009704 (0x903f2023) mem 0x8000b000 0x00000001
core   0: 0x80009708 (0x0000bfe5) c.j     pc - 8
core   0: 3 0x80009708 (0xbfe5)
core   0: 0x80009700 (0x00002f17) auipc   t5, 0x2
core   0: 3 0x80009700 (0x00002f17) x30 0x8000b700
core   0: 0x80009704 (0x903f2023) sw      gp, -1792(t5)
core   0: 3 0x80009704 (0x903f2023) mem 0x8000b000 0x00000001
core   0: 0x80009708 (0x0000bfe5) c.j     pc - 8
core   0: 3 0x80009708 (0xbfe5)
core   0: 0x80009700 (0x00002f17) auipc   t5, 0x2
core   0: 3 0x80009700 (0x00002f17) x30 0x8000b700
core   0: 0x80009704 (0x903f2023) sw      gp, -1792(t5)
core   0: 3 0x80009704 (0x903f2023) mem 0x8000b000 0x00000001
core   0: 0x80009708 (0x0000bfe5) c.j     pc - 8
core   0: 3 0x80009708 (0xbfe5)
core   0: 0x80009700 (0x00002f17) auipc   t5, 0x2
core   0: 3 0x80009700 (0x00002f17) x30 0x8000b700
core   0: 0x80009704 (0x903f2023) sw      gp, -1792(t5)
core   0: 3 0x80009704 (0x903f2023) mem 0x8000b000 0x00000001
core   0: 0x80009708 (0x0000bfe5) c.j     pc - 8
core   0: 3 0x80009708 (0xbfe5)
core   0: 0x80009700 (0x00002f17) auipc   t5, 0x2
core   0: 3 0x80009700 (0x00002f17) x30 0x8000b700
core   0: 0x80009704 (0x903f2023) sw      gp, -1792(t5)
core   0: 3 0x80009704 (0x903f2023) mem 0x8000b000 0x00000001
core   0: 0x80009708 (0x0000bfe5) c.j     pc - 8
core   0: 3 0x80009708 (0xbfe5)
core   0: 0x80009700 (0x00002f17) auipc   t5, 0x2
core   0: 3 0x80009700 (0x00002f17) x30 0x8000b700
core   0: 0x80009704 (0x903f2023) sw      gp, -1792(t5)
core   0: 3 0x80009704 (0x903f2023) mem 0x8000b000 0x00000001
core   0: 0x80009708 (0x0000bfe5) c.j     pc - 8
core   0: 3 0x80009708 (0xbfe5)
core   0: 0x80009700 (0x00002f17) auipc   t5, 0x2
core   0: 3 0x80009700 (0x00002f17) x30 0x8000b700
core   0: 0x80009704 (0x903f2023) sw      gp, -1792(t5)
core   0: 3 0x80009704 (0x903f2023) mem 0x8000b000 0x00000001
core   0: 0x80009708 (0x0000bfe5) c.j     pc - 8
core   0: 3 0x80009708 (0xbfe5)
core   0: 0x80009700 (0x00002f17) auipc   t5, 0x2
core   0: 3 0x80009700 (0x00002f17) x30 0x8000b700
core   0: 0x80009704 (0x903f2023) sw      gp, -1792(t5)
core   0: 3 0x80009704 (0x903f2023) mem 0x8000b000 0x00000001
core   0: 0x80009708 (0x0000bfe5) c.j     pc - 8
core   0: 3 0x80009708 (0xbfe5)
core   0: 0x80009700 (0x00002f17) auipc   t5, 0x2
core   0: 3 0x80009700 (0x00002f17) x30 0x8000b700
core   0: 0x80009704 (0x903f2023) sw      gp, -1792(t5)
core   0: 3 0x80009704 (0x903f2023) mem 0x8000b000 0x00000001
core   0: 0x80009708 (0x0000bfe5) c.j     pc - 8
core   0: 3 0x80009708 (0xbfe5)
core   0: 0x80009700 (0x00002f17) auipc   t5, 0x2
core   0: 3 0x80009700 (0x00002f17) x30 0x8000b700
core   0: 0x80009704 (0x903f2023) sw      gp, -1792(t5)
core   0: 3 0x80009704 (0x903f2023) mem 0x8000b000 0x00000001
core   0: 0x80009708 (0x0000bfe5) c.j     pc - 8
core   0: 3 0x80009708 (0xbfe5)
core   0: 0x80009700 (0x00002f17) auipc   t5, 0x2
core   0: 3 0x80009700 (0x00002f17) x30 0x8000b700
core   0: 0x80009704 (0x903f2023) sw      gp, -1792(t5)
core   0: 3 0x80009704 (0x903f2023) mem 0x8000b000 0x00000001
core   0: 0x80009708 (0x0000bfe5) c.j     pc - 8
core   0: 3 0x80009708 (0xbfe5)
core   0: 0x80009700 (0x00002f17) auipc   t5, 0x2
core   0: 3 0x80009700 (0x00002f17) x30 0x8000b700
core   0: 0x80009704 (0x903f2023) sw      gp, -1792(t5)
core   0: 3 0x80009704 (0x903f2023) mem 0x8000b000 0x00000001
core   0: 0x80009708 (0x0000bfe5) c.j     pc - 8
core   0: 3 0x80009708 (0xbfe5)
core   0: 0x80009700 (0x00002f17) auipc   t5, 0x2
core   0: 3 0x80009700 (0x00002f17) x30 0x8000b700
core   0: 0x80009704 (0x903f2023) sw      gp, -1792(t5)
core   0: 3 0x80009704 (0x903f2023) mem 0x8000b000 0x00000001
core   0: 0x80009708 (0x0000bfe5) c.j     pc - 8
core   0: 3 0x80009708 (0xbfe5)
core   0: 0x80009700 (0x00002f17) auipc   t5, 0x2
core   0: 3 0x80009700 (0x00002f17) x30 0x8000b700
core   0: 0x80009704 (0x903f2023) sw      gp, -1792(t5)
core   0: 3 0x80009704 (0x903f2023) mem 0x8000b000 0x00000001
core   0: 0x80009708 (0x0000bfe5) c.j     pc - 8
core   0: 3 0x80009708 (0xbfe5)
core   0: 0x80009700 (0x00002f17) auipc   t5, 0x2
core   0: 3 0x80009700 (0x00002f17) x30 0x8000b700
core   0: 0x80009704 (0x903f2023) sw      gp, -1792(t5)
core   0: 3 0x80009704 (0x903f2023) mem 0x8000b000 0x00000001
core   0: 0x80009708 (0x0000bfe5) c.j     pc - 8
core   0: 3 0x80009708 (0xbfe5)
core   0: 0x80009700 (0x00002f17) auipc   t5, 0x2
core   0: 3 0x80009700 (0x00002f17) x30 0x8000b700
core   0: 0x80009704 (0x903f2023) sw      gp, -1792(t5)
core   0: 3 0x80009704 (0x903f2023) mem 0x8000b000 0x00000001
core   0: 0x80009708 (0x0000bfe5) c.j     pc - 8
core   0: 3 0x80009708 (0xbfe5)
core   0: 0x80009700 (0x00002f17) auipc   t5, 0x2
core   0: 3 0x80009700 (0x00002f17) x30 0x8000b700
core   0: 0x80009704 (0x903f2023) sw      gp, -1792(t5)
core   0: 3 0x80009704 (0x903f2023) mem 0x8000b000 0x00000001
core   0: 0x80009708 (0x0000bfe5) c.j     pc - 8
core   0: 3 0x80009708 (0xbfe5)
core   0: 0x80009700 (0x00002f17) auipc   t5, 0x2
core   0: 3 0x80009700 (0x00002f17) x30 0x8000b700
core   0: 0x80009704 (0x903f2023) sw      gp, -1792(t5)
core   0: 3 0x80009704 (0x903f2023) mem 0x8000b000 0x00000001
core   0: 0x80009708 (0x0000bfe5) c.j     pc - 8
core   0: 3 0x80009708 (0xbfe5)
core   0: 0x80009700 (0x00002f17) auipc   t5, 0x2
core   0: 3 0x80009700 (0x00002f17) x30 0x8000b700
core   0: 0x80009704 (0x903f2023) sw      gp, -1792(t5)
core   0: 3 0x80009704 (0x903f2023) mem 0x8000b000 0x00000001
core   0: 0x80009708 (0x0000bfe5) c.j     pc - 8
core   0: 3 0x80009708 (0xbfe5)
core   0: 0x80009700 (0x00002f17) auipc   t5, 0x2
core   0: 3 0x80009700 (0x00002f17) x30 0x8000b700
core   0: 0x80009704 (0x903f2023) sw      gp, -1792(t5)
core   0: 3 0x80009704 (0x903f2023) mem 0x8000b000 0x00000001
core   0: 0x80009708 (0x0000bfe5) c.j     pc - 8
core   0: 3 0x80009708 (0xbfe5)
core   0: 0x80009700 (0x00002f17) auipc   t5, 0x2
core   0: 3 0x80009700 (0x00002f17) x30 0x8000b700
core   0: 0x80009704 (0x903f2023) sw      gp, -1792(t5)
core   0: 3 0x80009704 (0x903f2023) mem 0x8000b000 0x00000001
core   0: 0x80009708 (0x0000bfe5) c.j     pc - 8
core   0: 3 0x80009708 (0xbfe5)
core   0: 0x80009700 (0x00002f17) auipc   t5, 0x2
core   0: 3 0x80009700 (0x00002f17) x30 0x8000b700
core   0: 0x80009704 (0x903f2023) sw      gp, -1792(t5)
core   0: 3 0x80009704 (0x903f2023) mem 0x8000b000 0x00000001
core   0: 0x80009708 (0x0000bfe5) c.j     pc - 8
core   0: 3 0x80009708 (0xbfe5)
core   0: 0x80009700 (0x00002f17) auipc   t5, 0x2
core   0: 3 0x80009700 (0x00002f17) x30 0x8000b700
core   0: 0x80009704 (0x903f2023) sw      gp, -1792(t5)
core   0: 3 0x80009704 (0x903f2023) mem 0x8000b000 0x00000001
core   0: 0x80009708 (0x0000bfe5) c.j     pc - 8
core   0: 3 0x80009708 (0xbfe5)
core   0: 0x80009700 (0x00002f17) auipc   t5, 0x2
core   0: 3 0x80009700 (0x00002f17) x30 0x8000b700
core   0: 0x80009704 (0x903f2023) sw      gp, -1792(t5)
core   0: 3 0x80009704 (0x903f2023) mem 0x8000b000 0x00000001
core   0: 0x80009708 (0x0000bfe5) c.j     pc - 8
core   0: 3 0x80009708 (0xbfe5)
core   0: 0x80009700 (0x00002f17) auipc   t5, 0x2
core   0: 3 0x80009700 (0x00002f17) x30 0x8000b700
core   0: 0x80009704 (0x903f2023) sw      gp, -1792(t5)
core   0: 3 0x80009704 (0x903f2023) mem 0x8000b000 0x00000001
core   0: 0x80009708 (0x0000bfe5) c.j     pc - 8
core   0: 3 0x80009708 (0xbfe5)
core   0: 0x80009700 (0x00002f17) auipc   t5, 0x2
core   0: 3 0x80009700 (0x00002f17) x30 0x8000b700
core   0: 0x80009704 (0x903f2023) sw      gp, -1792(t5)
core   0: 3 0x80009704 (0x903f2023) mem 0x8000b000 0x00000001
core   0: 0x80009708 (0x0000bfe5) c.j     pc - 8
core   0: 3 0x80009708 (0xbfe5)
core   0: 0x80009700 (0x00002f17) auipc   t5, 0x2
core   0: 3 0x80009700 (0x00002f17) x30 0x8000b700
core   0: 0x80009704 (0x903f2023) sw      gp, -1792(t5)
core   0: 3 0x80009704 (0x903f2023) mem 0x8000b000 0x00000001
core   0: 0x80009708 (0x0000bfe5) c.j     pc - 8
core   0: 3 0x80009708 (0xbfe5)
core   0: 0x80009700 (0x00002f17) auipc   t5, 0x2
core   0: 3 0x80009700 (0x00002f17) x30 0x8000b700
core   0: 0x80009704 (0x903f2023) sw      gp, -1792(t5)
core   0: 3 0x80009704 (0x903f2023) mem 0x8000b000 0x00000001
core   0: 0x80009708 (0x0000bfe5) c.j     pc - 8
core   0: 3 0x80009708 (0xbfe5)
core   0: 0x80009700 (0x00002f17) auipc   t5, 0x2
core   0: 3 0x80009700 (0x00002f17) x30 0x8000b700
core   0: 0x80009704 (0x903f2023) sw      gp, -1792(t5)
core   0: 3 0x80009704 (0x903f2023) mem 0x8000b000 0x00000001
core   0: 0x80009708 (0x0000bfe5) c.j     pc - 8
core   0: 3 0x80009708 (0xbfe5)
core   0: 0x80009700 (0x00002f17) auipc   t5, 0x2
core   0: 3 0x80009700 (0x00002f17) x30 0x8000b700
core   0: 0x80009704 (0x903f2023) sw      gp, -1792(t5)
core   0: 3 0x80009704 (0x903f2023) mem 0x8000b000 0x00000001
core   0: 0x80009708 (0x0000bfe5) c.j     pc - 8
core   0: 3 0x80009708 (0xbfe5)
core   0: 0x80009700 (0x00002f17) auipc   t5, 0x2
core   0: 3 0x80009700 (0x00002f17) x30 0x8000b700
core   0: 0x80009704 (0x903f2023) sw      gp, -1792(t5)
core   0: 3 0x80009704 (0x903f2023) mem 0x8000b000 0x00000001
core   0: 0x80009708 (0x0000bfe5) c.j     pc - 8
core   0: 3 0x80009708 (0xbfe5)
core   0: 0x80009700 (0x00002f17) auipc   t5, 0x2
core   0: 3 0x80009700 (0x00002f17) x30 0x8000b700
core   0: 0x80009704 (0x903f2023) sw      gp, -1792(t5)
core   0: 3 0x80009704 (0x903f2023) mem 0x8000b000 0x00000001
core   0: 0x80009708 (0x0000bfe5) c.j     pc - 8
core   0: 3 0x80009708 (0xbfe5)
core   0: 0x80009700 (0x00002f17) auipc   t5, 0x2
core   0: 3 0x80009700 (0x00002f17) x30 0x8000b700
core   0: 0x80009704 (0x903f2023) sw      gp, -1792(t5)
core   0: 3 0x80009704 (0x903f2023) mem 0x8000b000 0x00000001
core   0: 0x80009708 (0x0000bfe5) c.j     pc - 8
core   0: 3 0x80009708 (0xbfe5)
core   0: 0x80009700 (0x00002f17) auipc   t5, 0x2
core   0: 3 0x80009700 (0x00002f17) x30 0x8000b700
core   0: 0x80009704 (0x903f2023) sw      gp, -1792(t5)
core   0: 3 0x80009704 (0x903f2023) mem 0x8000b000 0x00000001
core   0: 0x80009708 (0x0000bfe5) c.j     pc - 8
core   0: 3 0x80009708 (0xbfe5)
core   0: 0x80009700 (0x00002f17) auipc   t5, 0x2
core   0: 3 0x80009700 (0x00002f17) x30 0x8000b700
core   0: 0x80009704 (0x903f2023) sw      gp, -1792(t5)
core   0: 3 0x80009704 (0x903f2023) mem 0x8000b000 0x00000001
core   0: 0x80009708 (0x0000bfe5) c.j     pc - 8
core   0: 3 0x80009708 (0xbfe5)
core   0: 0x80009700 (0x00002f17) auipc   t5, 0x2
core   0: 3 0x80009700 (0x00002f17) x30 0x8000b700
core   0: 0x80009704 (0x903f2023) sw      gp, -1792(t5)
core   0: 3 0x80009704 (0x903f2023) mem 0x8000b000 0x00000001
core   0: 0x80009708 (0x0000bfe5) c.j     pc - 8
core   0: 3 0x80009708 (0xbfe5)
core   0: 0x80009700 (0x00002f17) auipc   t5, 0x2
core   0: 3 0x80009700 (0x00002f17) x30 0x8000b700
core   0: 0x80009704 (0x903f2023) sw      gp, -1792(t5)
core   0: 3 0x80009704 (0x903f2023) mem 0x8000b000 0x00000001
core   0: 0x80009708 (0x0000bfe5) c.j     pc - 8
core   0: 3 0x80009708 (0xbfe5)
core   0: 0x80009700 (0x00002f17) auipc   t5, 0x2
core   0: 3 0x80009700 (0x00002f17) x30 0x8000b700
core   0: 0x80009704 (0x903f2023) sw      gp, -1792(t5)
core   0: 3 0x80009704 (0x903f2023) mem 0x8000b000 0x00000001
core   0: 0x80009708 (0x0000bfe5) c.j     pc - 8
core   0: 3 0x80009708 (0xbfe5)
core   0: 0x80009700 (0x00002f17) auipc   t5, 0x2
core   0: 3 0x80009700 (0x00002f17) x30 0x8000b700
core   0: 0x80009704 (0x903f2023) sw      gp, -1792(t5)
core   0: 3 0x80009704 (0x903f2023) mem 0x8000b000 0x00000001
core   0: 0x80009708 (0x0000bfe5) c.j     pc - 8
core   0: 3 0x80009708 (0xbfe5)
core   0: 0x80009700 (0x00002f17) auipc   t5, 0x2
core   0: 3 0x80009700 (0x00002f17) x30 0x8000b700
core   0: 0x80009704 (0x903f2023) sw      gp, -1792(t5)
core   0: 3 0x80009704 (0x903f2023) mem 0x8000b000 0x00000001
core   0: 0x80009708 (0x0000bfe5) c.j     pc - 8
core   0: 3 0x80009708 (0xbfe5)
core   0: 0x80009700 (0x00002f17) auipc   t5, 0x2
core   0: 3 0x80009700 (0x00002f17) x30 0x8000b700
core   0: 0x80009704 (0x903f2023) sw      gp, -1792(t5)
core   0: 3 0x80009704 (0x903f2023) mem 0x8000b000 0x00000001
core   0: 0x80009708 (0x0000bfe5) c.j     pc - 8
core   0: 3 0x80009708 (0xbfe5)
core   0: 0x80009700 (0x00002f17) auipc   t5, 0x2
core   0: 3 0x80009700 (0x00002f17) x30 0x8000b700
core   0: 0x80009704 (0x903f2023) sw      gp, -1792(t5)
core   0: 3 0x80009704 (0x903f2023) mem 0x8000b000 0x00000001
core   0: 0x80009708 (0x0000bfe5) c.j     pc - 8
core   0: 3 0x80009708 (0xbfe5)
core   0: 0x80009700 (0x00002f17) auipc   t5, 0x2
core   0: 3 0x80009700 (0x00002f17) x30 0x8000b700
core   0: 0x80009704 (0x903f2023) sw      gp, -1792(t5)
core   0: 3 0x80009704 (0x903f2023) mem 0x8000b000 0x00000001
core   0: 0x80009708 (0x0000bfe5) c.j     pc - 8
core   0: 3 0x80009708 (0xbfe5)
core   0: 0x80009700 (0x00002f17) auipc   t5, 0x2
core   0: 3 0x80009700 (0x00002f17) x30 0x8000b700
core   0: 0x80009704 (0x903f2023) sw      gp, -1792(t5)
core   0: 3 0x80009704 (0x903f2023) mem 0x8000b000 0x00000001
core   0: 0x80009708 (0x0000bfe5) c.j     pc - 8
core   0: 3 0x80009708 (0xbfe5)
core   0: 0x80009700 (0x00002f17) auipc   t5, 0x2
core   0: 3 0x80009700 (0x00002f17) x30 0x8000b700
core   0: 0x80009704 (0x903f2023) sw      gp, -1792(t5)
core   0: 3 0x80009704 (0x903f2023) mem 0x8000b000 0x00000001
core   0: 0x80009708 (0x0000bfe5) c.j     pc - 8
core   0: 3 0x80009708 (0xbfe5)
core   0: 0x80009700 (0x00002f17) auipc   t5, 0x2
core   0: 3 0x80009700 (0x00002f17) x30 0x8000b700
core   0: 0x80009704 (0x903f2023) sw      gp, -1792(t5)
core   0: 3 0x80009704 (0x903f2023) mem 0x8000b000 0x00000001
core   0: 0x80009708 (0x0000bfe5) c.j     pc - 8
core   0: 3 0x80009708 (0xbfe5)
core   0: 0x80009700 (0x00002f17) auipc   t5, 0x2
core   0: 3 0x80009700 (0x00002f17) x30 0x8000b700
core   0: 0x80009704 (0x903f2023) sw      gp, -1792(t5)
core   0: 3 0x80009704 (0x903f2023) mem 0x8000b000 0x00000001
core   0: 0x80009708 (0x0000bfe5) c.j     pc - 8
core   0: 3 0x80009708 (0xbfe5)
core   0: 0x80009700 (0x00002f17) auipc   t5, 0x2
core   0: 3 0x80009700 (0x00002f17) x30 0x8000b700
core   0: 0x80009704 (0x903f2023) sw      gp, -1792(t5)
core   0: 3 0x80009704 (0x903f2023) mem 0x8000b000 0x00000001
core   0: 0x80009708 (0x0000bfe5) c.j     pc - 8
core   0: 3 0x80009708 (0xbfe5)
core   0: 0x80009700 (0x00002f17) auipc   t5, 0x2
core   0: 3 0x80009700 (0x00002f17) x30 0x8000b700
core   0: 0x80009704 (0x903f2023) sw      gp, -1792(t5)
core   0: 3 0x80009704 (0x903f2023) mem 0x8000b000 0x00000001
core   0: 0x80009708 (0x0000bfe5) c.j     pc - 8
core   0: 3 0x80009708 (0xbfe5)
core   0: 0x80009700 (0x00002f17) auipc   t5, 0x2
core   0: 3 0x80009700 (0x00002f17) x30 0x8000b700
core   0: 0x80009704 (0x903f2023) sw      gp, -1792(t5)
core   0: 3 0x80009704 (0x903f2023) mem 0x8000b000 0x00000001
core   0: 0x80009708 (0x0000bfe5) c.j     pc - 8
core   0: 3 0x80009708 (0xbfe5)
core   0: 0x80009700 (0x00002f17) auipc   t5, 0x2
core   0: 3 0x80009700 (0x00002f17) x30 0x8000b700
core   0: 0x80009704 (0x903f2023) sw      gp, -1792(t5)
core   0: 3 0x80009704 (0x903f2023) mem 0x8000b000 0x00000001
core   0: 0x80009708 (0x0000bfe5) c.j     pc - 8
core   0: 3 0x80009708 (0xbfe5)
core   0: 0x80009700 (0x00002f17) auipc   t5, 0x2
core   0: 3 0x80009700 (0x00002f17) x30 0x8000b700
core   0: 0x80009704 (0x903f2023) sw      gp, -1792(t5)
core   0: 3 0x80009704 (0x903f2023) mem 0x8000b000 0x00000001
core   0: 0x80009708 (0x0000bfe5) c.j     pc - 8
core   0: 3 0x80009708 (0xbfe5)
core   0: 0x80009700 (0x00002f17) auipc   t5, 0x2
core   0: 3 0x80009700 (0x00002f17) x30 0x8000b700
core   0: 0x80009704 (0x903f2023) sw      gp, -1792(t5)
core   0: 3 0x80009704 (0x903f2023) mem 0x8000b000 0x00000001
core   0: 0x80009708 (0x0000bfe5) c.j     pc - 8
core   0: 3 0x80009708 (0xbfe5)
core   0: 0x80009700 (0x00002f17) auipc   t5, 0x2
core   0: 3 0x80009700 (0x00002f17) x30 0x8000b700
core   0: 0x80009704 (0x903f2023) sw      gp, -1792(t5)
core   0: 3 0x80009704 (0x903f2023) mem 0x8000b000 0x00000001
core   0: 0x80009708 (0x0000bfe5) c.j     pc - 8
core   0: 3 0x80009708 (0xbfe5)
core   0: 0x80009700 (0x00002f17) auipc   t5, 0x2
core   0: 3 0x80009700 (0x00002f17) x30 0x8000b700
core   0: 0x80009704 (0x903f2023) sw      gp, -1792(t5)
core   0: 3 0x80009704 (0x903f2023) mem 0x8000b000 0x00000001
core   0: 0x80009708 (0x0000bfe5) c.j     pc - 8
core   0: 3 0x80009708 (0xbfe5)
core   0: 0x80009700 (0x00002f17) auipc   t5, 0x2
core   0: 3 0x80009700 (0x00002f17) x30 0x8000b700
core   0: 0x80009704 (0x903f2023) sw      gp, -1792(t5)
core   0: 3 0x80009704 (0x903f2023) mem 0x8000b000 0x00000001
core   0: 0x80009708 (0x0000bfe5) c.j     pc - 8
core   0: 3 0x80009708 (0xbfe5)
core   0: 0x80009700 (0x00002f17) auipc   t5, 0x2
core   0: 3 0x80009700 (0x00002f17) x30 0x8000b700
core   0: 0x80009704 (0x903f2023) sw      gp, -1792(t5)
core   0: 3 0x80009704 (0x903f2023) mem 0x8000b000 0x00000001
core   0: 0x80009708 (0x0000bfe5) c.j     pc - 8
core   0: 3 0x80009708 (0xbfe5)
core   0: 0x80009700 (0x00002f17) auipc   t5, 0x2
core   0: 3 0x80009700 (0x00002f17) x30 0x8000b700
core   0: 0x80009704 (0x903f2023) sw      gp, -1792(t5)
core   0: 3 0x80009704 (0x903f2023) mem 0x8000b000 0x00000001
core   0: 0x80009708 (0x0000bfe5) c.j     pc - 8
core   0: 3 0x80009708 (0xbfe5)
core   0: 0x80009700 (0x00002f17) auipc   t5, 0x2
core   0: 3 0x80009700 (0x00002f17) x30 0x8000b700
core   0: 0x80009704 (0x903f2023) sw      gp, -1792(t5)
core   0: 3 0x80009704 (0x903f2023) mem 0x8000b000 0x00000001
core   0: 0x80009708 (0x0000bfe5) c.j     pc - 8
core   0: 3 0x80009708 (0xbfe5)
core   0: 0x80009700 (0x00002f17) auipc   t5, 0x2
core   0: 3 0x80009700 (0x00002f17) x30 0x8000b700
core   0: 0x80009704 (0x903f2023) sw      gp, -1792(t5)
core   0: 3 0x80009704 (0x903f2023) mem 0x8000b000 0x00000001
core   0: 0x80009708 (0x0000bfe5) c.j     pc - 8
core   0: 3 0x80009708 (0xbfe5)
core   0: 0x80009700 (0x00002f17) auipc   t5, 0x2
core   0: 3 0x80009700 (0x00002f17) x30 0x8000b700
core   0: 0x80009704 (0x903f2023) sw      gp, -1792(t5)
core   0: 3 0x80009704 (0x903f2023) mem 0x8000b000 0x00000001
core   0: 0x80009708 (0x0000bfe5) c.j     pc - 8
core   0: 3 0x80009708 (0xbfe5)
core   0: 0x80009700 (0x00002f17) auipc   t5, 0x2
core   0: 3 0x80009700 (0x00002f17) x30 0x8000b700
core   0: 0x80009704 (0x903f2023) sw      gp, -1792(t5)
core   0: 3 0x80009704 (0x903f2023) mem 0x8000b000 0x00000001
core   0: 0x80009708 (0x0000bfe5) c.j     pc - 8
core   0: 3 0x80009708 (0xbfe5)
core   0: 0x80009700 (0x00002f17) auipc   t5, 0x2
core   0: 3 0x80009700 (0x00002f17) x30 0x8000b700
core   0: 0x80009704 (0x903f2023) sw      gp, -1792(t5)
core   0: 3 0x80009704 (0x903f2023) mem 0x8000b000 0x00000001
core   0: 0x80009708 (0x0000bfe5) c.j     pc - 8
core   0: 3 0x80009708 (0xbfe5)
core   0: 0x80009700 (0x00002f17) auipc   t5, 0x2
core   0: 3 0x80009700 (0x00002f17) x30 0x8000b700
core   0: 0x80009704 (0x903f2023) sw      gp, -1792(t5)
core   0: 3 0x80009704 (0x903f2023) mem 0x8000b000 0x00000001
core   0: 0x80009708 (0x0000bfe5) c.j     pc - 8
core   0: 3 0x80009708 (0xbfe5)
core   0: 0x80009700 (0x00002f17) auipc   t5, 0x2
core   0: 3 0x80009700 (0x00002f17) x30 0x8000b700
core   0: 0x80009704 (0x903f2023) sw      gp, -1792(t5)
core   0: 3 0x80009704 (0x903f2023) mem 0x8000b000 0x00000001
core   0: 0x80009708 (0x0000bfe5) c.j     pc - 8
core   0: 3 0x80009708 (0xbfe5)
core   0: 0x80009700 (0x00002f17) auipc   t5, 0x2
core   0: 3 0x80009700 (0x00002f17) x30 0x8000b700
core   0: 0x80009704 (0x903f2023) sw      gp, -1792(t5)
core   0: 3 0x80009704 (0x903f2023) mem 0x8000b000 0x00000001
core   0: 0x80009708 (0x0000bfe5) c.j     pc - 8
core   0: 3 0x80009708 (0xbfe5)
core   0: 0x80009700 (0x00002f17) auipc   t5, 0x2
core   0: 3 0x80009700 (0x00002f17) x30 0x8000b700
core   0: 0x80009704 (0x903f2023) sw      gp, -1792(t5)
core   0: 3 0x80009704 (0x903f2023) mem 0x8000b000 0x00000001
core   0: 0x80009708 (0x0000bfe5) c.j     pc - 8
core   0: 3 0x80009708 (0xbfe5)
core   0: 0x80009700 (0x00002f17) auipc   t5, 0x2
core   0: 3 0x80009700 (0x00002f17) x30 0x8000b700
core   0: 0x80009704 (0x903f2023) sw      gp, -1792(t5)
core   0: 3 0x80009704 (0x903f2023) mem 0x8000b000 0x00000001
core   0: 0x80009708 (0x0000bfe5) c.j     pc - 8
core   0: 3 0x80009708 (0xbfe5)
core   0: 0x80009700 (0x00002f17) auipc   t5, 0x2
core   0: 3 0x80009700 (0x00002f17) x30 0x8000b700
core   0: 0x80009704 (0x903f2023) sw      gp, -1792(t5)
core   0: 3 0x80009704 (0x903f2023) mem 0x8000b000 0x00000001
core   0: 0x80009708 (0x0000bfe5) c.j     pc - 8
core   0: 3 0x80009708 (0xbfe5)
core   0: 0x80009700 (0x00002f17) auipc   t5, 0x2
core   0: 3 0x80009700 (0x00002f17) x30 0x8000b700
core   0: 0x80009704 (0x903f2023) sw      gp, -1792(t5)
core   0: 3 0x80009704 (0x903f2023) mem 0x8000b000 0x00000001
core   0: 0x80009708 (0x0000bfe5) c.j     pc - 8
core   0: 3 0x80009708 (0xbfe5)
core   0: 0x80009700 (0x00002f17) auipc   t5, 0x2
core   0: 3 0x80009700 (0x00002f17) x30 0x8000b700
core   0: 0x80009704 (0x903f2023) sw      gp, -1792(t5)
core   0: 3 0x80009704 (0x903f2023) mem 0x8000b000 0x00000001
core   0: 0x80009708 (0x0000bfe5) c.j     pc - 8
core   0: 3 0x80009708 (0xbfe5)
core   0: 0x80009700 (0x00002f17) auipc   t5, 0x2
core   0: 3 0x80009700 (0x00002f17) x30 0x8000b700
core   0: 0x80009704 (0x903f2023) sw      gp, -1792(t5)
core   0: 3 0x80009704 (0x903f2023) mem 0x8000b000 0x00000001
core   0: 0x80009708 (0x0000bfe5) c.j     pc - 8
core   0: 3 0x80009708 (0xbfe5)
core   0: 0x80009700 (0x00002f17) auipc   t5, 0x2
core   0: 3 0x80009700 (0x00002f17) x30 0x8000b700
core   0: 0x80009704 (0x903f2023) sw      gp, -1792(t5)
core   0: 3 0x80009704 (0x903f2023) mem 0x8000b000 0x00000001
core   0: 0x80009708 (0x0000bfe5) c.j     pc - 8
core   0: 3 0x80009708 (0xbfe5)
core   0: 0x80009700 (0x00002f17) auipc   t5, 0x2
core   0: 3 0x80009700 (0x00002f17) x30 0x8000b700
core   0: 0x80009704 (0x903f2023) sw      gp, -1792(t5)
core   0: 3 0x80009704 (0x903f2023) mem 0x8000b000 0x00000001
core   0: 0x80009708 (0x0000bfe5) c.j     pc - 8
core   0: 3 0x80009708 (0xbfe5)
core   0: 0x80009700 (0x00002f17) auipc   t5, 0x2
core   0: 3 0x80009700 (0x00002f17) x30 0x8000b700
core   0: 0x80009704 (0x903f2023) sw      gp, -1792(t5)
core   0: 3 0x80009704 (0x903f2023) mem 0x8000b000 0x00000001
core   0: 0x80009708 (0x0000bfe5) c.j     pc - 8
core   0: 3 0x80009708 (0xbfe5)
core   0: 0x80009700 (0x00002f17) auipc   t5, 0x2
core   0: 3 0x80009700 (0x00002f17) x30 0x8000b700
core   0: 0x80009704 (0x903f2023) sw      gp, -1792(t5)
core   0: 3 0x80009704 (0x903f2023) mem 0x8000b000 0x00000001
core   0: 0x80009708 (0x0000bfe5) c.j     pc - 8
core   0: 3 0x80009708 (0xbfe5)
core   0: 0x80009700 (0x00002f17) auipc   t5, 0x2
core   0: 3 0x80009700 (0x00002f17) x30 0x8000b700
core   0: 0x80009704 (0x903f2023) sw      gp, -1792(t5)
core   0: 3 0x80009704 (0x903f2023) mem 0x8000b000 0x00000001
core   0: 0x80009708 (0x0000bfe5) c.j     pc - 8
core   0: 3 0x80009708 (0xbfe5)
core   0: 0x80009700 (0x00002f17) auipc   t5, 0x2
core   0: 3 0x80009700 (0x00002f17) x30 0x8000b700
core   0: 0x80009704 (0x903f2023) sw      gp, -1792(t5)
core   0: 3 0x80009704 (0x903f2023) mem 0x8000b000 0x00000001
core   0: 0x80009708 (0x0000bfe5) c.j     pc - 8
core   0: 3 0x80009708 (0xbfe5)
core   0: 0x80009700 (0x00002f17) auipc   t5, 0x2
core   0: 3 0x80009700 (0x00002f17) x30 0x8000b700
core   0: 0x80009704 (0x903f2023) sw      gp, -1792(t5)
core   0: 3 0x80009704 (0x903f2023) mem 0x8000b000 0x00000001
core   0: 0x80009708 (0x0000bfe5) c.j     pc - 8
core   0: 3 0x80009708 (0xbfe5)
core   0: 0x80009700 (0x00002f17) auipc   t5, 0x2
core   0: 3 0x80009700 (0x00002f17) x30 0x8000b700
core   0: 0x80009704 (0x903f2023) sw      gp, -1792(t5)
core   0: 3 0x80009704 (0x903f2023) mem 0x8000b000 0x00000001
core   0: 0x80009708 (0x0000bfe5) c.j     pc - 8
core   0: 3 0x80009708 (0xbfe5)
core   0: 0x80009700 (0x00002f17) auipc   t5, 0x2
core   0: 3 0x80009700 (0x00002f17) x30 0x8000b700
core   0: 0x80009704 (0x903f2023) sw      gp, -1792(t5)
core   0: 3 0x80009704 (0x903f2023) mem 0x8000b000 0x00000001
core   0: 0x80009708 (0x0000bfe5) c.j     pc - 8
core   0: 3 0x80009708 (0xbfe5)
core   0: 0x80009700 (0x00002f17) auipc   t5, 0x2
core   0: 3 0x80009700 (0x00002f17) x30 0x8000b700
core   0: 0x80009704 (0x903f2023) sw      gp, -1792(t5)
core   0: 3 0x80009704 (0x903f2023) mem 0x8000b000 0x00000001
core   0: 0x80009708 (0x0000bfe5) c.j     pc - 8
core   0: 3 0x80009708 (0xbfe5)
core   0: 0x80009700 (0x00002f17) auipc   t5, 0x2
core   0: 3 0x80009700 (0x00002f17) x30 0x8000b700
core   0: 0x80009704 (0x903f2023) sw      gp, -1792(t5)
core   0: 3 0x80009704 (0x903f2023) mem 0x8000b000 0x00000001
core   0: 0x80009708 (0x0000bfe5) c.j     pc - 8
core   0: 3 0x80009708 (0xbfe5)
core   0: 0x80009700 (0x00002f17) auipc   t5, 0x2
core   0: 3 0x80009700 (0x00002f17) x30 0x8000b700
core   0: 0x80009704 (0x903f2023) sw      gp, -1792(t5)
core   0: 3 0x80009704 (0x903f2023) mem 0x8000b000 0x00000001
core   0: 0x80009708 (0x0000bfe5) c.j     pc - 8
core   0: 3 0x80009708 (0xbfe5)
core   0: 0x80009700 (0x00002f17) auipc   t5, 0x2
core   0: 3 0x80009700 (0x00002f17) x30 0x8000b700
core   0: 0x80009704 (0x903f2023) sw      gp, -1792(t5)
core   0: 3 0x80009704 (0x903f2023) mem 0x8000b000 0x00000001
core   0: 0x80009708 (0x0000bfe5) c.j     pc - 8
core   0: 3 0x80009708 (0xbfe5)
core   0: 0x80009700 (0x00002f17) auipc   t5, 0x2
core   0: 3 0x80009700 (0x00002f17) x30 0x8000b700
core   0: 0x80009704 (0x903f2023) sw      gp, -1792(t5)
core   0: 3 0x80009704 (0x903f2023) mem 0x8000b000 0x00000001
core   0: 0x80009708 (0x0000bfe5) c.j     pc - 8
core   0: 3 0x80009708 (0xbfe5)
core   0: 0x80009700 (0x00002f17) auipc   t5, 0x2
core   0: 3 0x80009700 (0x00002f17) x30 0x8000b700
core   0: 0x80009704 (0x903f2023) sw      gp, -1792(t5)
core   0: 3 0x80009704 (0x903f2023) mem 0x8000b000 0x00000001
core   0: 0x80009708 (0x0000bfe5) c.j     pc - 8
core   0: 3 0x80009708 (0xbfe5)
core   0: 0x80009700 (0x00002f17) auipc   t5, 0x2
core   0: 3 0x80009700 (0x00002f17) x30 0x8000b700
core   0: 0x80009704 (0x903f2023) sw      gp, -1792(t5)
core   0: 3 0x80009704 (0x903f2023) mem 0x8000b000 0x00000001
core   0: 0x80009708 (0x0000bfe5) c.j     pc - 8
core   0: 3 0x80009708 (0xbfe5)
core   0: 0x80009700 (0x00002f17) auipc   t5, 0x2
core   0: 3 0x80009700 (0x00002f17) x30 0x8000b700
core   0: 0x80009704 (0x903f2023) sw      gp, -1792(t5)
core   0: 3 0x80009704 (0x903f2023) mem 0x8000b000 0x00000001
core   0: 0x80009708 (0x0000bfe5) c.j     pc - 8
core   0: 3 0x80009708 (0xbfe5)
core   0: 0x80009700 (0x00002f17) auipc   t5, 0x2
core   0: 3 0x80009700 (0x00002f17) x30 0x8000b700
core   0: 0x80009704 (0x903f2023) sw      gp, -1792(t5)
core   0: 3 0x80009704 (0x903f2023) mem 0x8000b000 0x00000001
core   0: 0x80009708 (0x0000bfe5) c.j     pc - 8
core   0: 3 0x80009708 (0xbfe5)
core   0: 0x80009700 (0x00002f17) auipc   t5, 0x2
core   0: 3 0x80009700 (0x00002f17) x30 0x8000b700
core   0: 0x80009704 (0x903f2023) sw      gp, -1792(t5)
core   0: 3 0x80009704 (0x903f2023) mem 0x8000b000 0x00000001
core   0: 0x80009708 (0x0000bfe5) c.j     pc - 8
core   0: 3 0x80009708 (0xbfe5)
core   0: 0x80009700 (0x00002f17) auipc   t5, 0x2
core   0: 3 0x80009700 (0x00002f17) x30 0x8000b700
core   0: 0x80009704 (0x903f2023) sw      gp, -1792(t5)
core   0: 3 0x80009704 (0x903f2023) mem 0x8000b000 0x00000001
core   0: 0x80009708 (0x0000bfe5) c.j     pc - 8
core   0: 3 0x80009708 (0xbfe5)
core   0: 0x80009700 (0x00002f17) auipc   t5, 0x2
core   0: 3 0x80009700 (0x00002f17) x30 0x8000b700
core   0: 0x80009704 (0x903f2023) sw      gp, -1792(t5)
core   0: 3 0x80009704 (0x903f2023) mem 0x8000b000 0x00000001
core   0: 0x80009708 (0x0000bfe5) c.j     pc - 8
core   0: 3 0x80009708 (0xbfe5)
core   0: 0x80009700 (0x00002f17) auipc   t5, 0x2
core   0: 3 0x80009700 (0x00002f17) x30 0x8000b700
core   0: 0x80009704 (0x903f2023) sw      gp, -1792(t5)
core   0: 3 0x80009704 (0x903f2023) mem 0x8000b000 0x00000001
core   0: 0x80009708 (0x0000bfe5) c.j     pc - 8
core   0: 3 0x80009708 (0xbfe5)
core   0: 0x80009700 (0x00002f17) auipc   t5, 0x2
core   0: 3 0x80009700 (0x00002f17) x30 0x8000b700
core   0: 0x80009704 (0x903f2023) sw      gp, -1792(t5)
core   0: 3 0x80009704 (0x903f2023) mem 0x8000b000 0x00000001
core   0: 0x80009708 (0x0000bfe5) c.j     pc - 8
core   0: 3 0x80009708 (0xbfe5)
core   0: 0x80009700 (0x00002f17) auipc   t5, 0x2
core   0: 3 0x80009700 (0x00002f17) x30 0x8000b700
core   0: 0x80009704 (0x903f2023) sw      gp, -1792(t5)
core   0: 3 0x80009704 (0x903f2023) mem 0x8000b000 0x00000001
core   0: 0x80009708 (0x0000bfe5) c.j     pc - 8
core   0: 3 0x80009708 (0xbfe5)
core   0: 0x80009700 (0x00002f17) auipc   t5, 0x2
core   0: 3 0x80009700 (0x00002f17) x30 0x8000b700
core   0: 0x80009704 (0x903f2023) sw      gp, -1792(t5)
core   0: 3 0x80009704 (0x903f2023) mem 0x8000b000 0x00000001
core   0: 0x80009708 (0x0000bfe5) c.j     pc - 8
core   0: 3 0x80009708 (0xbfe5)
core   0: 0x80009700 (0x00002f17) auipc   t5, 0x2
core   0: 3 0x80009700 (0x00002f17) x30 0x8000b700
core   0: 0x80009704 (0x903f2023) sw      gp, -1792(t5)
core   0: 3 0x80009704 (0x903f2023) mem 0x8000b000 0x00000001
core   0: 0x80009708 (0x0000bfe5) c.j     pc - 8
core   0: 3 0x80009708 (0xbfe5)
core   0: 0x80009700 (0x00002f17) auipc   t5, 0x2
core   0: 3 0x80009700 (0x00002f17) x30 0x8000b700
core   0: 0x80009704 (0x903f2023) sw      gp, -1792(t5)
core   0: 3 0x80009704 (0x903f2023) mem 0x8000b000 0x00000001
core   0: 0x80009708 (0x0000bfe5) c.j     pc - 8
core   0: 3 0x80009708 (0xbfe5)
core   0: 0x80009700 (0x00002f17) auipc   t5, 0x2
core   0: 3 0x80009700 (0x00002f17) x30 0x8000b700
core   0: 0x80009704 (0x903f2023) sw      gp, -1792(t5)
core   0: 3 0x80009704 (0x903f2023) mem 0x8000b000 0x00000001
core   0: 0x80009708 (0x0000bfe5) c.j     pc - 8
core   0: 3 0x80009708 (0xbfe5)
core   0: 0x80009700 (0x00002f17) auipc   t5, 0x2
core   0: 3 0x80009700 (0x00002f17) x30 0x8000b700
core   0: 0x80009704 (0x903f2023) sw      gp, -1792(t5)
core   0: 3 0x80009704 (0x903f2023) mem 0x8000b000 0x00000001
core   0: 0x80009708 (0x0000bfe5) c.j     pc - 8
core   0: 3 0x80009708 (0xbfe5)
core   0: 0x80009700 (0x00002f17) auipc   t5, 0x2
core   0: 3 0x80009700 (0x00002f17) x30 0x8000b700
core   0: 0x80009704 (0x903f2023) sw      gp, -1792(t5)
core   0: 3 0x80009704 (0x903f2023) mem 0x8000b000 0x00000001
core   0: 0x80009708 (0x0000bfe5) c.j     pc - 8
core   0: 3 0x80009708 (0xbfe5)
core   0: 0x80009700 (0x00002f17) auipc   t5, 0x2
core   0: 3 0x80009700 (0x00002f17) x30 0x8000b700
core   0: 0x80009704 (0x903f2023) sw      gp, -1792(t5)
core   0: 3 0x80009704 (0x903f2023) mem 0x8000b000 0x00000001
core   0: 0x80009708 (0x0000bfe5) c.j     pc - 8
core   0: 3 0x80009708 (0xbfe5)
core   0: 0x80009700 (0x00002f17) auipc   t5, 0x2
core   0: 3 0x80009700 (0x00002f17) x30 0x8000b700
core   0: 0x80009704 (0x903f2023) sw      gp, -1792(t5)
core   0: 3 0x80009704 (0x903f2023) mem 0x8000b000 0x00000001
core   0: 0x80009708 (0x0000bfe5) c.j     pc - 8
core   0: 3 0x80009708 (0xbfe5)
core   0: 0x80009700 (0x00002f17) auipc   t5, 0x2
core   0: 3 0x80009700 (0x00002f17) x30 0x8000b700
core   0: 0x80009704 (0x903f2023) sw      gp, -1792(t5)
core   0: 3 0x80009704 (0x903f2023) mem 0x8000b000 0x00000001
core   0: 0x80009708 (0x0000bfe5) c.j     pc - 8
core   0: 3 0x80009708 (0xbfe5)
core   0: 0x80009700 (0x00002f17) auipc   t5, 0x2
core   0: 3 0x80009700 (0x00002f17) x30 0x8000b700
core   0: 0x80009704 (0x903f2023) sw      gp, -1792(t5)
core   0: 3 0x80009704 (0x903f2023) mem 0x8000b000 0x00000001
core   0: 0x80009708 (0x0000bfe5) c.j     pc - 8
core   0: 3 0x80009708 (0xbfe5)
core   0: 0x80009700 (0x00002f17) auipc   t5, 0x2
core   0: 3 0x80009700 (0x00002f17) x30 0x8000b700
core   0: 0x80009704 (0x903f2023) sw      gp, -1792(t5)
core   0: 3 0x80009704 (0x903f2023) mem 0x8000b000 0x00000001
core   0: 0x80009708 (0x0000bfe5) c.j     pc - 8
core   0: 3 0x80009708 (0xbfe5)
core   0: 0x80009700 (0x00002f17) auipc   t5, 0x2
core   0: 3 0x80009700 (0x00002f17) x30 0x8000b700
core   0: 0x80009704 (0x903f2023) sw      gp, -1792(t5)
core   0: 3 0x80009704 (0x903f2023) mem 0x8000b000 0x00000001
core   0: 0x80009708 (0x0000bfe5) c.j     pc - 8
core   0: 3 0x80009708 (0xbfe5)
core   0: 0x80009700 (0x00002f17) auipc   t5, 0x2
core   0: 3 0x80009700 (0x00002f17) x30 0x8000b700
core   0: 0x80009704 (0x903f2023) sw      gp, -1792(t5)
core   0: 3 0x80009704 (0x903f2023) mem 0x8000b000 0x00000001
core   0: 0x80009708 (0x0000bfe5) c.j     pc - 8
core   0: 3 0x80009708 (0xbfe5)
core   0: 0x80009700 (0x00002f17) auipc   t5, 0x2
core   0: 3 0x80009700 (0x00002f17) x30 0x8000b700
core   0: 0x80009704 (0x903f2023) sw      gp, -1792(t5)
core   0: 3 0x80009704 (0x903f2023) mem 0x8000b000 0x00000001
core   0: 0x80009708 (0x0000bfe5) c.j     pc - 8
core   0: 3 0x80009708 (0xbfe5)
core   0: 0x80009700 (0x00002f17) auipc   t5, 0x2
core   0: 3 0x80009700 (0x00002f17) x30 0x8000b700
core   0: 0x80009704 (0x903f2023) sw      gp, -1792(t5)
core   0: 3 0x80009704 (0x903f2023) mem 0x8000b000 0x00000001
core   0: 0x80009708 (0x0000bfe5) c.j     pc - 8
core   0: 3 0x80009708 (0xbfe5)
core   0: 0x80009700 (0x00002f17) auipc   t5, 0x2
core   0: 3 0x80009700 (0x00002f17) x30 0x8000b700
core   0: 0x80009704 (0x903f2023) sw      gp, -1792(t5)
core   0: 3 0x80009704 (0x903f2023) mem 0x8000b000 0x00000001
core   0: 0x80009708 (0x0000bfe5) c.j     pc - 8
core   0: 3 0x80009708 (0xbfe5)
core   0: 0x80009700 (0x00002f17) auipc   t5, 0x2
core   0: 3 0x80009700 (0x00002f17) x30 0x8000b700
core   0: 0x80009704 (0x903f2023) sw      gp, -1792(t5)
core   0: 3 0x80009704 (0x903f2023) mem 0x8000b000 0x00000001
core   0: 0x80009708 (0x0000bfe5) c.j     pc - 8
core   0: 3 0x80009708 (0xbfe5)
core   0: 0x80009700 (0x00002f17) auipc   t5, 0x2
core   0: 3 0x80009700 (0x00002f17) x30 0x8000b700
core   0: 0x80009704 (0x903f2023) sw      gp, -1792(t5)
core   0: 3 0x80009704 (0x903f2023) mem 0x8000b000 0x00000001
core   0: 0x80009708 (0x0000bfe5) c.j     pc - 8
core   0: 3 0x80009708 (0xbfe5)
core   0: 0x80009700 (0x00002f17) auipc   t5, 0x2
core   0: 3 0x80009700 (0x00002f17) x30 0x8000b700
core   0: 0x80009704 (0x903f2023) sw      gp, -1792(t5)
core   0: 3 0x80009704 (0x903f2023) mem 0x8000b000 0x00000001
core   0: 0x80009708 (0x0000bfe5) c.j     pc - 8
core   0: 3 0x80009708 (0xbfe5)
core   0: 0x80009700 (0x00002f17) auipc   t5, 0x2
core   0: 3 0x80009700 (0x00002f17) x30 0x8000b700
core   0: 0x80009704 (0x903f2023) sw      gp, -1792(t5)
core   0: 3 0x80009704 (0x903f2023) mem 0x8000b000 0x00000001
core   0: 0x80009708 (0x0000bfe5) c.j     pc - 8
core   0: 3 0x80009708 (0xbfe5)
core   0: 0x80009700 (0x00002f17) auipc   t5, 0x2
core   0: 3 0x80009700 (0x00002f17) x30 0x8000b700
core   0: 0x80009704 (0x903f2023) sw      gp, -1792(t5)
core   0: 3 0x80009704 (0x903f2023) mem 0x8000b000 0x00000001
core   0: 0x80009708 (0x0000bfe5) c.j     pc - 8
core   0: 3 0x80009708 (0xbfe5)
core   0: 0x80009700 (0x00002f17) auipc   t5, 0x2
core   0: 3 0x80009700 (0x00002f17) x30 0x8000b700
core   0: 0x80009704 (0x903f2023) sw      gp, -1792(t5)
core   0: 3 0x80009704 (0x903f2023) mem 0x8000b000 0x00000001
core   0: 0x80009708 (0x0000bfe5) c.j     pc - 8
core   0: 3 0x80009708 (0xbfe5)
core   0: 0x80009700 (0x00002f17) auipc   t5, 0x2
core   0: 3 0x80009700 (0x00002f17) x30 0x8000b700
core   0: 0x80009704 (0x903f2023) sw      gp, -1792(t5)
core   0: 3 0x80009704 (0x903f2023) mem 0x8000b000 0x00000001
core   0: 0x80009708 (0x0000bfe5) c.j     pc - 8
core   0: 3 0x80009708 (0xbfe5)
core   0: 0x80009700 (0x00002f17) auipc   t5, 0x2
core   0: 3 0x80009700 (0x00002f17) x30 0x8000b700
core   0: 0x80009704 (0x903f2023) sw      gp, -1792(t5)
core   0: 3 0x80009704 (0x903f2023) mem 0x8000b000 0x00000001
core   0: 0x80009708 (0x0000bfe5) c.j     pc - 8
core   0: 3 0x80009708 (0xbfe5)
core   0: 0x80009700 (0x00002f17) auipc   t5, 0x2
core   0: 3 0x80009700 (0x00002f17) x30 0x8000b700
core   0: 0x80009704 (0x903f2023) sw      gp, -1792(t5)
core   0: 3 0x80009704 (0x903f2023) mem 0x8000b000 0x00000001
core   0: 0x80009708 (0x0000bfe5) c.j     pc - 8
core   0: 3 0x80009708 (0xbfe5)
core   0: 0x80009700 (0x00002f17) auipc   t5, 0x2
core   0: 3 0x80009700 (0x00002f17) x30 0x8000b700
core   0: 0x80009704 (0x903f2023) sw      gp, -1792(t5)
core   0: 3 0x80009704 (0x903f2023) mem 0x8000b000 0x00000001
core   0: 0x80009708 (0x0000bfe5) c.j     pc - 8
core   0: 3 0x80009708 (0xbfe5)
core   0: 0x80009700 (0x00002f17) auipc   t5, 0x2
core   0: 3 0x80009700 (0x00002f17) x30 0x8000b700
core   0: 0x80009704 (0x903f2023) sw      gp, -1792(t5)
core   0: 3 0x80009704 (0x903f2023) mem 0x8000b000 0x00000001
core   0: 0x80009708 (0x0000bfe5) c.j     pc - 8
core   0: 3 0x80009708 (0xbfe5)
core   0: 0x80009700 (0x00002f17) auipc   t5, 0x2
core   0: 3 0x80009700 (0x00002f17) x30 0x8000b700
core   0: 0x80009704 (0x903f2023) sw      gp, -1792(t5)
core   0: 3 0x80009704 (0x903f2023) mem 0x8000b000 0x00000001
core   0: 0x80009708 (0x0000bfe5) c.j     pc - 8
core   0: 3 0x80009708 (0xbfe5)
core   0: 0x80009700 (0x00002f17) auipc   t5, 0x2
core   0: 3 0x80009700 (0x00002f17) x30 0x8000b700
core   0: 0x80009704 (0x903f2023) sw      gp, -1792(t5)
core   0: 3 0x80009704 (0x903f2023) mem 0x8000b000 0x00000001
core   0: 0x80009708 (0x0000bfe5) c.j     pc - 8
core   0: 3 0x80009708 (0xbfe5)
core   0: 0x80009700 (0x00002f17) auipc   t5, 0x2
core   0: 3 0x80009700 (0x00002f17) x30 0x8000b700
core   0: 0x80009704 (0x903f2023) sw      gp, -1792(t5)
core   0: 3 0x80009704 (0x903f2023) mem 0x8000b000 0x00000001
core   0: 0x80009708 (0x0000bfe5) c.j     pc - 8
core   0: 3 0x80009708 (0xbfe5)
core   0: 0x80009700 (0x00002f17) auipc   t5, 0x2
core   0: 3 0x80009700 (0x00002f17) x30 0x8000b700
core   0: 0x80009704 (0x903f2023) sw      gp, -1792(t5)
core   0: 3 0x80009704 (0x903f2023) mem 0x8000b000 0x00000001
core   0: 0x80009708 (0x0000bfe5) c.j     pc - 8
core   0: 3 0x80009708 (0xbfe5)
core   0: 0x80009700 (0x00002f17) auipc   t5, 0x2
core   0: 3 0x80009700 (0x00002f17) x30 0x8000b700
core   0: 0x80009704 (0x903f2023) sw      gp, -1792(t5)
core   0: 3 0x80009704 (0x903f2023) mem 0x8000b000 0x00000001
core   0: 0x80009708 (0x0000bfe5) c.j     pc - 8
core   0: 3 0x80009708 (0xbfe5)
core   0: 0x80009700 (0x00002f17) auipc   t5, 0x2
core   0: 3 0x80009700 (0x00002f17) x30 0x8000b700
core   0: 0x80009704 (0x903f2023) sw      gp, -1792(t5)
core   0: 3 0x80009704 (0x903f2023) mem 0x8000b000 0x00000001
core   0: 0x80009708 (0x0000bfe5) c.j     pc - 8
core   0: 3 0x80009708 (0xbfe5)
core   0: 0x80009700 (0x00002f17) auipc   t5, 0x2
core   0: 3 0x80009700 (0x00002f17) x30 0x8000b700
core   0: 0x80009704 (0x903f2023) sw      gp, -1792(t5)
core   0: 3 0x80009704 (0x903f2023) mem 0x8000b000 0x00000001
core   0: 0x80009708 (0x0000bfe5) c.j     pc - 8
core   0: 3 0x80009708 (0xbfe5)
core   0: 0x80009700 (0x00002f17) auipc   t5, 0x2
core   0: 3 0x80009700 (0x00002f17) x30 0x8000b700
core   0: 0x80009704 (0x903f2023) sw      gp, -1792(t5)
core   0: 3 0x80009704 (0x903f2023) mem 0x8000b000 0x00000001
core   0: 0x80009708 (0x0000bfe5) c.j     pc - 8
core   0: 3 0x80009708 (0xbfe5)
core   0: 0x80009700 (0x00002f17) auipc   t5, 0x2
core   0: 3 0x80009700 (0x00002f17) x30 0x8000b700
core   0: 0x80009704 (0x903f2023) sw      gp, -1792(t5)
core   0: 3 0x80009704 (0x903f2023) mem 0x8000b000 0x00000001
core   0: 0x80009708 (0x0000bfe5) c.j     pc - 8
core   0: 3 0x80009708 (0xbfe5)
core   0: 0x80009700 (0x00002f17) auipc   t5, 0x2
core   0: 3 0x80009700 (0x00002f17) x30 0x8000b700
core   0: 0x80009704 (0x903f2023) sw      gp, -1792(t5)
core   0: 3 0x80009704 (0x903f2023) mem 0x8000b000 0x00000001
core   0: 0x80009708 (0x0000bfe5) c.j     pc - 8
core   0: 3 0x80009708 (0xbfe5)
core   0: 0x80009700 (0x00002f17) auipc   t5, 0x2
core   0: 3 0x80009700 (0x00002f17) x30 0x8000b700
core   0: 0x80009704 (0x903f2023) sw      gp, -1792(t5)
core   0: 3 0x80009704 (0x903f2023) mem 0x8000b000 0x00000001
core   0: 0x80009708 (0x0000bfe5) c.j     pc - 8
core   0: 3 0x80009708 (0xbfe5)
core   0: 0x80009700 (0x00002f17) auipc   t5, 0x2
core   0: 3 0x80009700 (0x00002f17) x30 0x8000b700
core   0: 0x80009704 (0x903f2023) sw      gp, -1792(t5)
core   0: 3 0x80009704 (0x903f2023) mem 0x8000b000 0x00000001
core   0: 0x80009708 (0x0000bfe5) c.j     pc - 8
core   0: 3 0x80009708 (0xbfe5)
core   0: 0x80009700 (0x00002f17) auipc   t5, 0x2
core   0: 3 0x80009700 (0x00002f17) x30 0x8000b700
core   0: 0x80009704 (0x903f2023) sw      gp, -1792(t5)
core   0: 3 0x80009704 (0x903f2023) mem 0x8000b000 0x00000001
core   0: 0x80009708 (0x0000bfe5) c.j     pc - 8
core   0: 3 0x80009708 (0xbfe5)
core   0: 0x80009700 (0x00002f17) auipc   t5, 0x2
core   0: 3 0x80009700 (0x00002f17) x30 0x8000b700
core   0: 0x80009704 (0x903f2023) sw      gp, -1792(t5)
core   0: 3 0x80009704 (0x903f2023) mem 0x8000b000 0x00000001
core   0: 0x80009708 (0x0000bfe5) c.j     pc - 8
core   0: 3 0x80009708 (0xbfe5)
core   0: 0x80009700 (0x00002f17) auipc   t5, 0x2
core   0: 3 0x80009700 (0x00002f17) x30 0x8000b700
core   0: 0x80009704 (0x903f2023) sw      gp, -1792(t5)
core   0: 3 0x80009704 (0x903f2023) mem 0x8000b000 0x00000001
core   0: 0x80009708 (0x0000bfe5) c.j     pc - 8
core   0: 3 0x80009708 (0xbfe5)
core   0: 0x80009700 (0x00002f17) auipc   t5, 0x2
core   0: 3 0x80009700 (0x00002f17) x30 0x8000b700
core   0: 0x80009704 (0x903f2023) sw      gp, -1792(t5)
core   0: 3 0x80009704 (0x903f2023) mem 0x8000b000 0x00000001
core   0: 0x80009708 (0x0000bfe5) c.j     pc - 8
core   0: 3 0x80009708 (0xbfe5)
core   0: 0x80009700 (0x00002f17) auipc   t5, 0x2
core   0: 3 0x80009700 (0x00002f17) x30 0x8000b700
core   0: 0x80009704 (0x903f2023) sw      gp, -1792(t5)
core   0: 3 0x80009704 (0x903f2023) mem 0x8000b000 0x00000001
core   0: 0x80009708 (0x0000bfe5) c.j     pc - 8
core   0: 3 0x80009708 (0xbfe5)
core   0: 0x80009700 (0x00002f17) auipc   t5, 0x2
core   0: 3 0x80009700 (0x00002f17) x30 0x8000b700
core   0: 0x80009704 (0x903f2023) sw      gp, -1792(t5)
core   0: 3 0x80009704 (0x903f2023) mem 0x8000b000 0x00000001
core   0: 0x80009708 (0x0000bfe5) c.j     pc - 8
core   0: 3 0x80009708 (0xbfe5)
core   0: 0x80009700 (0x00002f17) auipc   t5, 0x2
core   0: 3 0x80009700 (0x00002f17) x30 0x8000b700
core   0: 0x80009704 (0x903f2023) sw      gp, -1792(t5)
core   0: 3 0x80009704 (0x903f2023) mem 0x8000b000 0x00000001
core   0: 0x80009708 (0x0000bfe5) c.j     pc - 8
core   0: 3 0x80009708 (0xbfe5)
core   0: 0x80009700 (0x00002f17) auipc   t5, 0x2
core   0: 3 0x80009700 (0x00002f17) x30 0x8000b700
core   0: 0x80009704 (0x903f2023) sw      gp, -1792(t5)
core   0: 3 0x80009704 (0x903f2023) mem 0x8000b000 0x00000001
core   0: 0x80009708 (0x0000bfe5) c.j     pc - 8
core   0: 3 0x80009708 (0xbfe5)
core   0: 0x80009700 (0x00002f17) auipc   t5, 0x2
core   0: 3 0x80009700 (0x00002f17) x30 0x8000b700
core   0: 0x80009704 (0x903f2023) sw      gp, -1792(t5)
core   0: 3 0x80009704 (0x903f2023) mem 0x8000b000 0x00000001
core   0: 0x80009708 (0x0000bfe5) c.j     pc - 8
core   0: 3 0x80009708 (0xbfe5)
core   0: 0x80009700 (0x00002f17) auipc   t5, 0x2
core   0: 3 0x80009700 (0x00002f17) x30 0x8000b700
core   0: 0x80009704 (0x903f2023) sw      gp, -1792(t5)
core   0: 3 0x80009704 (0x903f2023) mem 0x8000b000 0x00000001
core   0: 0x80009708 (0x0000bfe5) c.j     pc - 8
core   0: 3 0x80009708 (0xbfe5)
core   0: 0x80009700 (0x00002f17) auipc   t5, 0x2
core   0: 3 0x80009700 (0x00002f17) x30 0x8000b700
core   0: 0x80009704 (0x903f2023) sw      gp, -1792(t5)
core   0: 3 0x80009704 (0x903f2023) mem 0x8000b000 0x00000001
core   0: 0x80009708 (0x0000bfe5) c.j     pc - 8
core   0: 3 0x80009708 (0xbfe5)
core   0: 0x80009700 (0x00002f17) auipc   t5, 0x2
core   0: 3 0x80009700 (0x00002f17) x30 0x8000b700
core   0: 0x80009704 (0x903f2023) sw      gp, -1792(t5)
core   0: 3 0x80009704 (0x903f2023) mem 0x8000b000 0x00000001
core   0: 0x80009708 (0x0000bfe5) c.j     pc - 8
core   0: 3 0x80009708 (0xbfe5)
core   0: 0x80009700 (0x00002f17) auipc   t5, 0x2
core   0: 3 0x80009700 (0x00002f17) x30 0x8000b700
core   0: 0x80009704 (0x903f2023) sw      gp, -1792(t5)
core   0: 3 0x80009704 (0x903f2023) mem 0x8000b000 0x00000001
core   0: 0x80009708 (0x0000bfe5) c.j     pc - 8
core   0: 3 0x80009708 (0xbfe5)
core   0: 0x80009700 (0x00002f17) auipc   t5, 0x2
core   0: 3 0x80009700 (0x00002f17) x30 0x8000b700
core   0: 0x80009704 (0x903f2023) sw      gp, -1792(t5)
core   0: 3 0x80009704 (0x903f2023) mem 0x8000b000 0x00000001
core   0: 0x80009708 (0x0000bfe5) c.j     pc - 8
core   0: 3 0x80009708 (0xbfe5)
core   0: 0x80009700 (0x00002f17) auipc   t5, 0x2
core   0: 3 0x80009700 (0x00002f17) x30 0x8000b700
core   0: 0x80009704 (0x903f2023) sw      gp, -1792(t5)
core   0: 3 0x80009704 (0x903f2023) mem 0x8000b000 0x00000001
core   0: 0x80009708 (0x0000bfe5) c.j     pc - 8
core   0: 3 0x80009708 (0xbfe5)
core   0: 0x80009700 (0x00002f17) auipc   t5, 0x2
core   0: 3 0x80009700 (0x00002f17) x30 0x8000b700
core   0: 0x80009704 (0x903f2023) sw      gp, -1792(t5)
core   0: 3 0x80009704 (0x903f2023) mem 0x8000b000 0x00000001
core   0: 0x80009708 (0x0000bfe5) c.j     pc - 8
core   0: 3 0x80009708 (0xbfe5)
core   0: 0x80009700 (0x00002f17) auipc   t5, 0x2
core   0: 3 0x80009700 (0x00002f17) x30 0x8000b700
core   0: 0x80009704 (0x903f2023) sw      gp, -1792(t5)
core   0: 3 0x80009704 (0x903f2023) mem 0x8000b000 0x00000001
core   0: 0x80009708 (0x0000bfe5) c.j     pc - 8
core   0: 3 0x80009708 (0xbfe5)
core   0: 0x80009700 (0x00002f17) auipc   t5, 0x2
core   0: 3 0x80009700 (0x00002f17) x30 0x8000b700
core   0: 0x80009704 (0x903f2023) sw      gp, -1792(t5)
core   0: 3 0x80009704 (0x903f2023) mem 0x8000b000 0x00000001
core   0: 0x80009708 (0x0000bfe5) c.j     pc - 8
core   0: 3 0x80009708 (0xbfe5)
core   0: 0x80009700 (0x00002f17) auipc   t5, 0x2
core   0: 3 0x80009700 (0x00002f17) x30 0x8000b700
core   0: 0x80009704 (0x903f2023) sw      gp, -1792(t5)
core   0: 3 0x80009704 (0x903f2023) mem 0x8000b000 0x00000001
core   0: 0x80009708 (0x0000bfe5) c.j     pc - 8
core   0: 3 0x80009708 (0xbfe5)
core   0: 0x80009700 (0x00002f17) auipc   t5, 0x2
core   0: 3 0x80009700 (0x00002f17) x30 0x8000b700
core   0: 0x80009704 (0x903f2023) sw      gp, -1792(t5)
core   0: 3 0x80009704 (0x903f2023) mem 0x8000b000 0x00000001
core   0: 0x80009708 (0x0000bfe5) c.j     pc - 8
core   0: 3 0x80009708 (0xbfe5)
core   0: 0x80009700 (0x00002f17) auipc   t5, 0x2
core   0: 3 0x80009700 (0x00002f17) x30 0x8000b700
core   0: 0x80009704 (0x903f2023) sw      gp, -1792(t5)
core   0: 3 0x80009704 (0x903f2023) mem 0x8000b000 0x00000001
core   0: 0x80009708 (0x0000bfe5) c.j     pc - 8
core   0: 3 0x80009708 (0xbfe5)
core   0: 0x80009700 (0x00002f17) auipc   t5, 0x2
core   0: 3 0x80009700 (0x00002f17) x30 0x8000b700
core   0: 0x80009704 (0x903f2023) sw      gp, -1792(t5)
core   0: 3 0x80009704 (0x903f2023) mem 0x8000b000 0x00000001
core   0: 0x80009708 (0x0000bfe5) c.j     pc - 8
core   0: 3 0x80009708 (0xbfe5)
core   0: 0x80009700 (0x00002f17) auipc   t5, 0x2
core   0: 3 0x80009700 (0x00002f17) x30 0x8000b700
core   0: 0x80009704 (0x903f2023) sw      gp, -1792(t5)
core   0: 3 0x80009704 (0x903f2023) mem 0x8000b000 0x00000001
core   0: 0x80009708 (0x0000bfe5) c.j     pc - 8
core   0: 3 0x80009708 (0xbfe5)
core   0: 0x80009700 (0x00002f17) auipc   t5, 0x2
core   0: 3 0x80009700 (0x00002f17) x30 0x8000b700
core   0: 0x80009704 (0x903f2023) sw      gp, -1792(t5)
core   0: 3 0x80009704 (0x903f2023) mem 0x8000b000 0x00000001
core   0: 0x80009708 (0x0000bfe5) c.j     pc - 8
core   0: 3 0x80009708 (0xbfe5)
core   0: 0x80009700 (0x00002f17) auipc   t5, 0x2
core   0: 3 0x80009700 (0x00002f17) x30 0x8000b700
core   0: 0x80009704 (0x903f2023) sw      gp, -1792(t5)
core   0: 3 0x80009704 (0x903f2023) mem 0x8000b000 0x00000001
core   0: 0x80009708 (0x0000bfe5) c.j     pc - 8
core   0: 3 0x80009708 (0xbfe5)
core   0: 0x80009700 (0x00002f17) auipc   t5, 0x2
core   0: 3 0x80009700 (0x00002f17) x30 0x8000b700
core   0: 0x80009704 (0x903f2023) sw      gp, -1792(t5)
core   0: 3 0x80009704 (0x903f2023) mem 0x8000b000 0x00000001
core   0: 0x80009708 (0x0000bfe5) c.j     pc - 8
core   0: 3 0x80009708 (0xbfe5)
core   0: 0x80009700 (0x00002f17) auipc   t5, 0x2
core   0: 3 0x80009700 (0x00002f17) x30 0x8000b700
core   0: 0x80009704 (0x903f2023) sw      gp, -1792(t5)
core   0: 3 0x80009704 (0x903f2023) mem 0x8000b000 0x00000001
core   0: 0x80009708 (0x0000bfe5) c.j     pc - 8
core   0: 3 0x80009708 (0xbfe5)
core   0: 0x80009700 (0x00002f17) auipc   t5, 0x2
core   0: 3 0x80009700 (0x00002f17) x30 0x8000b700
core   0: 0x80009704 (0x903f2023) sw      gp, -1792(t5)
core   0: 3 0x80009704 (0x903f2023) mem 0x8000b000 0x00000001
core   0: 0x80009708 (0x0000bfe5) c.j     pc - 8
core   0: 3 0x80009708 (0xbfe5)
core   0: 0x80009700 (0x00002f17) auipc   t5, 0x2
core   0: 3 0x80009700 (0x00002f17) x30 0x8000b700
core   0: 0x80009704 (0x903f2023) sw      gp, -1792(t5)
core   0: 3 0x80009704 (0x903f2023) mem 0x8000b000 0x00000001
core   0: 0x80009708 (0x0000bfe5) c.j     pc - 8
core   0: 3 0x80009708 (0xbfe5)
core   0: 0x80009700 (0x00002f17) auipc   t5, 0x2
core   0: 3 0x80009700 (0x00002f17) x30 0x8000b700
core   0: 0x80009704 (0x903f2023) sw      gp, -1792(t5)
core   0: 3 0x80009704 (0x903f2023) mem 0x8000b000 0x00000001
core   0: 0x80009708 (0x0000bfe5) c.j     pc - 8
core   0: 3 0x80009708 (0xbfe5)
core   0: 0x80009700 (0x00002f17) auipc   t5, 0x2
core   0: 3 0x80009700 (0x00002f17) x30 0x8000b700
core   0: 0x80009704 (0x903f2023) sw      gp, -1792(t5)
core   0: 3 0x80009704 (0x903f2023) mem 0x8000b000 0x00000001
core   0: 0x80009708 (0x0000bfe5) c.j     pc - 8
core   0: 3 0x80009708 (0xbfe5)
core   0: 0x80009700 (0x00002f17) auipc   t5, 0x2
core   0: 3 0x80009700 (0x00002f17) x30 0x8000b700
core   0: 0x80009704 (0x903f2023) sw      gp, -1792(t5)
core   0: 3 0x80009704 (0x903f2023) mem 0x8000b000 0x00000001
core   0: 0x80009708 (0x0000bfe5) c.j     pc - 8
core   0: 3 0x80009708 (0xbfe5)
core   0: 0x80009700 (0x00002f17) auipc   t5, 0x2
core   0: 3 0x80009700 (0x00002f17) x30 0x8000b700
core   0: 0x80009704 (0x903f2023) sw      gp, -1792(t5)
core   0: 3 0x80009704 (0x903f2023) mem 0x8000b000 0x00000001
core   0: 0x80009708 (0x0000bfe5) c.j     pc - 8
core   0: 3 0x80009708 (0xbfe5)
core   0: 0x80009700 (0x00002f17) auipc   t5, 0x2
core   0: 3 0x80009700 (0x00002f17) x30 0x8000b700
core   0: 0x80009704 (0x903f2023) sw      gp, -1792(t5)
core   0: 3 0x80009704 (0x903f2023) mem 0x8000b000 0x00000001
core   0: 0x80009708 (0x0000bfe5) c.j     pc - 8
core   0: 3 0x80009708 (0xbfe5)
core   0: 0x80009700 (0x00002f17) auipc   t5, 0x2
core   0: 3 0x80009700 (0x00002f17) x30 0x8000b700
core   0: 0x80009704 (0x903f2023) sw      gp, -1792(t5)
core   0: 3 0x80009704 (0x903f2023) mem 0x8000b000 0x00000001
core   0: 0x80009708 (0x0000bfe5) c.j     pc - 8
core   0: 3 0x80009708 (0xbfe5)
core   0: 0x80009700 (0x00002f17) auipc   t5, 0x2
core   0: 3 0x80009700 (0x00002f17) x30 0x8000b700
core   0: 0x80009704 (0x903f2023) sw      gp, -1792(t5)
core   0: 3 0x80009704 (0x903f2023) mem 0x8000b000 0x00000001
core   0: 0x80009708 (0x0000bfe5) c.j     pc - 8
core   0: 3 0x80009708 (0xbfe5)
core   0: 0x80009700 (0x00002f17) auipc   t5, 0x2
core   0: 3 0x80009700 (0x00002f17) x30 0x8000b700
core   0: 0x80009704 (0x903f2023) sw      gp, -1792(t5)
core   0: 3 0x80009704 (0x903f2023) mem 0x8000b000 0x00000001
core   0: 0x80009708 (0x0000bfe5) c.j     pc - 8
core   0: 3 0x80009708 (0xbfe5)
core   0: 0x80009700 (0x00002f17) auipc   t5, 0x2
core   0: 3 0x80009700 (0x00002f17) x30 0x8000b700
core   0: 0x80009704 (0x903f2023) sw      gp, -1792(t5)
core   0: 3 0x80009704 (0x903f2023) mem 0x8000b000 0x00000001
core   0: 0x80009708 (0x0000bfe5) c.j     pc - 8
core   0: 3 0x80009708 (0xbfe5)
core   0: 0x80009700 (0x00002f17) auipc   t5, 0x2
core   0: 3 0x80009700 (0x00002f17) x30 0x8000b700
core   0: 0x80009704 (0x903f2023) sw      gp, -1792(t5)
core   0: 3 0x80009704 (0x903f2023) mem 0x8000b000 0x00000001
core   0: 0x80009708 (0x0000bfe5) c.j     pc - 8
core   0: 3 0x80009708 (0xbfe5)
core   0: 0x80009700 (0x00002f17) auipc   t5, 0x2
core   0: 3 0x80009700 (0x00002f17) x30 0x8000b700
core   0: 0x80009704 (0x903f2023) sw      gp, -1792(t5)
core   0: 3 0x80009704 (0x903f2023) mem 0x8000b000 0x00000001
core   0: 0x80009708 (0x0000bfe5) c.j     pc - 8
core   0: 3 0x80009708 (0xbfe5)
core   0: 0x80009700 (0x00002f17) auipc   t5, 0x2
core   0: 3 0x80009700 (0x00002f17) x30 0x8000b700
core   0: 0x80009704 (0x903f2023) sw      gp, -1792(t5)
core   0: 3 0x80009704 (0x903f2023) mem 0x8000b000 0x00000001
core   0: 0x80009708 (0x0000bfe5) c.j     pc - 8
core   0: 3 0x80009708 (0xbfe5)
core   0: 0x80009700 (0x00002f17) auipc   t5, 0x2
core   0: 3 0x80009700 (0x00002f17) x30 0x8000b700
core   0: 0x80009704 (0x903f2023) sw      gp, -1792(t5)
core   0: 3 0x80009704 (0x903f2023) mem 0x8000b000 0x00000001
core   0: 0x80009708 (0x0000bfe5) c.j     pc - 8
core   0: 3 0x80009708 (0xbfe5)
core   0: 0x80009700 (0x00002f17) auipc   t5, 0x2
core   0: 3 0x80009700 (0x00002f17) x30 0x8000b700
core   0: 0x80009704 (0x903f2023) sw      gp, -1792(t5)
core   0: 3 0x80009704 (0x903f2023) mem 0x8000b000 0x00000001
core   0: 0x80009708 (0x0000bfe5) c.j     pc - 8
core   0: 3 0x80009708 (0xbfe5)
core   0: 0x80009700 (0x00002f17) auipc   t5, 0x2
core   0: 3 0x80009700 (0x00002f17) x30 0x8000b700
core   0: 0x80009704 (0x903f2023) sw      gp, -1792(t5)
core   0: 3 0x80009704 (0x903f2023) mem 0x8000b000 0x00000001
core   0: 0x80009708 (0x0000bfe5) c.j     pc - 8
core   0: 3 0x80009708 (0xbfe5)
core   0: 0x80009700 (0x00002f17) auipc   t5, 0x2
core   0: 3 0x80009700 (0x00002f17) x30 0x8000b700
core   0: 0x80009704 (0x903f2023) sw      gp, -1792(t5)
core   0: 3 0x80009704 (0x903f2023) mem 0x8000b000 0x00000001
core   0: 0x80009708 (0x0000bfe5) c.j     pc - 8
core   0: 3 0x80009708 (0xbfe5)
core   0: 0x80009700 (0x00002f17) auipc   t5, 0x2
core   0: 3 0x80009700 (0x00002f17) x30 0x8000b700
core   0: 0x80009704 (0x903f2023) sw      gp, -1792(t5)
core   0: 3 0x80009704 (0x903f2023) mem 0x8000b000 0x00000001
core   0: 0x80009708 (0x0000bfe5) c.j     pc - 8
core   0: 3 0x80009708 (0xbfe5)
core   0: 0x80009700 (0x00002f17) auipc   t5, 0x2
core   0: 3 0x80009700 (0x00002f17) x30 0x8000b700
core   0: 0x80009704 (0x903f2023) sw      gp, -1792(t5)
core   0: 3 0x80009704 (0x903f2023) mem 0x8000b000 0x00000001
core   0: 0x80009708 (0x0000bfe5) c.j     pc - 8
core   0: 3 0x80009708 (0xbfe5)
core   0: 0x80009700 (0x00002f17) auipc   t5, 0x2
core   0: 3 0x80009700 (0x00002f17) x30 0x8000b700
core   0: 0x80009704 (0x903f2023) sw      gp, -1792(t5)
core   0: 3 0x80009704 (0x903f2023) mem 0x8000b000 0x00000001
core   0: 0x80009708 (0x0000bfe5) c.j     pc - 8
core   0: 3 0x80009708 (0xbfe5)
core   0: 0x80009700 (0x00002f17) auipc   t5, 0x2
core   0: 3 0x80009700 (0x00002f17) x30 0x8000b700
core   0: 0x80009704 (0x903f2023) sw      gp, -1792(t5)
core   0: 3 0x80009704 (0x903f2023) mem 0x8000b000 0x00000001
core   0: 0x80009708 (0x0000bfe5) c.j     pc - 8
core   0: 3 0x80009708 (0xbfe5)
core   0: 0x80009700 (0x00002f17) auipc   t5, 0x2
core   0: 3 0x80009700 (0x00002f17) x30 0x8000b700
core   0: 0x80009704 (0x903f2023) sw      gp, -1792(t5)
core   0: 3 0x80009704 (0x903f2023) mem 0x8000b000 0x00000001
core   0: 0x80009708 (0x0000bfe5) c.j     pc - 8
core   0: 3 0x80009708 (0xbfe5)
core   0: 0x80009700 (0x00002f17) auipc   t5, 0x2
core   0: 3 0x80009700 (0x00002f17) x30 0x8000b700
core   0: 0x80009704 (0x903f2023) sw      gp, -1792(t5)
core   0: 3 0x80009704 (0x903f2023) mem 0x8000b000 0x00000001
core   0: 0x80009708 (0x0000bfe5) c.j     pc - 8
core   0: 3 0x80009708 (0xbfe5)
core   0: 0x80009700 (0x00002f17) auipc   t5, 0x2
core   0: 3 0x80009700 (0x00002f17) x30 0x8000b700
core   0: 0x80009704 (0x903f2023) sw      gp, -1792(t5)
core   0: 3 0x80009704 (0x903f2023) mem 0x8000b000 0x00000001
core   0: 0x80009708 (0x0000bfe5) c.j     pc - 8
core   0: 3 0x80009708 (0xbfe5)
core   0: 0x80009700 (0x00002f17) auipc   t5, 0x2
core   0: 3 0x80009700 (0x00002f17) x30 0x8000b700
core   0: 0x80009704 (0x903f2023) sw      gp, -1792(t5)
core   0: 3 0x80009704 (0x903f2023) mem 0x8000b000 0x00000001
core   0: 0x80009708 (0x0000bfe5) c.j     pc - 8
core   0: 3 0x80009708 (0xbfe5)
core   0: 0x80009700 (0x00002f17) auipc   t5, 0x2
core   0: 3 0x80009700 (0x00002f17) x30 0x8000b700
core   0: 0x80009704 (0x903f2023) sw      gp, -1792(t5)
core   0: 3 0x80009704 (0x903f2023) mem 0x8000b000 0x00000001
core   0: 0x80009708 (0x0000bfe5) c.j     pc - 8
core   0: 3 0x80009708 (0xbfe5)
core   0: 0x80009700 (0x00002f17) auipc   t5, 0x2
core   0: 3 0x80009700 (0x00002f17) x30 0x8000b700
core   0: 0x80009704 (0x903f2023) sw      gp, -1792(t5)
core   0: 3 0x80009704 (0x903f2023) mem 0x8000b000 0x00000001
core   0: 0x80009708 (0x0000bfe5) c.j     pc - 8
core   0: 3 0x80009708 (0xbfe5)
core   0: 0x80009700 (0x00002f17) auipc   t5, 0x2
core   0: 3 0x80009700 (0x00002f17) x30 0x8000b700
core   0: 0x80009704 (0x903f2023) sw      gp, -1792(t5)
core   0: 3 0x80009704 (0x903f2023) mem 0x8000b000 0x00000001
core   0: 0x80009708 (0x0000bfe5) c.j     pc - 8
core   0: 3 0x80009708 (0xbfe5)
core   0: 0x80009700 (0x00002f17) auipc   t5, 0x2
core   0: 3 0x80009700 (0x00002f17) x30 0x8000b700
core   0: 0x80009704 (0x903f2023) sw      gp, -1792(t5)
core   0: 3 0x80009704 (0x903f2023) mem 0x8000b000 0x00000001
core   0: 0x80009708 (0x0000bfe5) c.j     pc - 8
core   0: 3 0x80009708 (0xbfe5)
core   0: 0x80009700 (0x00002f17) auipc   t5, 0x2
core   0: 3 0x80009700 (0x00002f17) x30 0x8000b700
core   0: 0x80009704 (0x903f2023) sw      gp, -1792(t5)
core   0: 3 0x80009704 (0x903f2023) mem 0x8000b000 0x00000001
core   0: 0x80009708 (0x0000bfe5) c.j     pc - 8
core   0: 3 0x80009708 (0xbfe5)
core   0: 0x80009700 (0x00002f17) auipc   t5, 0x2
core   0: 3 0x80009700 (0x00002f17) x30 0x8000b700
core   0: 0x80009704 (0x903f2023) sw      gp, -1792(t5)
core   0: 3 0x80009704 (0x903f2023) mem 0x8000b000 0x00000001
core   0: 0x80009708 (0x0000bfe5) c.j     pc - 8
core   0: 3 0x80009708 (0xbfe5)
core   0: 0x80009700 (0x00002f17) auipc   t5, 0x2
core   0: 3 0x80009700 (0x00002f17) x30 0x8000b700
core   0: 0x80009704 (0x903f2023) sw      gp, -1792(t5)
core   0: 3 0x80009704 (0x903f2023) mem 0x8000b000 0x00000001
core   0: 0x80009708 (0x0000bfe5) c.j     pc - 8
core   0: 3 0x80009708 (0xbfe5)
core   0: 0x80009700 (0x00002f17) auipc   t5, 0x2
core   0: 3 0x80009700 (0x00002f17) x30 0x8000b700
core   0: 0x80009704 (0x903f2023) sw      gp, -1792(t5)
core   0: 3 0x80009704 (0x903f2023) mem 0x8000b000 0x00000001
core   0: 0x80009708 (0x0000bfe5) c.j     pc - 8
core   0: 3 0x80009708 (0xbfe5)
core   0: 0x80009700 (0x00002f17) auipc   t5, 0x2
core   0: 3 0x80009700 (0x00002f17) x30 0x8000b700
core   0: 0x80009704 (0x903f2023) sw      gp, -1792(t5)
core   0: 3 0x80009704 (0x903f2023) mem 0x8000b000 0x00000001
core   0: 0x80009708 (0x0000bfe5) c.j     pc - 8
core   0: 3 0x80009708 (0xbfe5)
core   0: 0x80009700 (0x00002f17) auipc   t5, 0x2
core   0: 3 0x80009700 (0x00002f17) x30 0x8000b700
core   0: 0x80009704 (0x903f2023) sw      gp, -1792(t5)
core   0: 3 0x80009704 (0x903f2023) mem 0x8000b000 0x00000001
core   0: 0x80009708 (0x0000bfe5) c.j     pc - 8
core   0: 3 0x80009708 (0xbfe5)
core   0: 0x80009700 (0x00002f17) auipc   t5, 0x2
core   0: 3 0x80009700 (0x00002f17) x30 0x8000b700
core   0: 0x80009704 (0x903f2023) sw      gp, -1792(t5)
core   0: 3 0x80009704 (0x903f2023) mem 0x8000b000 0x00000001
core   0: 0x80009708 (0x0000bfe5) c.j     pc - 8
core   0: 3 0x80009708 (0xbfe5)
core   0: 0x80009700 (0x00002f17) auipc   t5, 0x2
core   0: 3 0x80009700 (0x00002f17) x30 0x8000b700
core   0: 0x80009704 (0x903f2023) sw      gp, -1792(t5)
core   0: 3 0x80009704 (0x903f2023) mem 0x8000b000 0x00000001
core   0: 0x80009708 (0x0000bfe5) c.j     pc - 8
core   0: 3 0x80009708 (0xbfe5)
core   0: 0x80009700 (0x00002f17) auipc   t5, 0x2
core   0: 3 0x80009700 (0x00002f17) x30 0x8000b700
core   0: 0x80009704 (0x903f2023) sw      gp, -1792(t5)
core   0: 3 0x80009704 (0x903f2023) mem 0x8000b000 0x00000001
core   0: 0x80009708 (0x0000bfe5) c.j     pc - 8
core   0: 3 0x80009708 (0xbfe5)
core   0: 0x80009700 (0x00002f17) auipc   t5, 0x2
core   0: 3 0x80009700 (0x00002f17) x30 0x8000b700
core   0: 0x80009704 (0x903f2023) sw      gp, -1792(t5)
core   0: 3 0x80009704 (0x903f2023) mem 0x8000b000 0x00000001
core   0: 0x80009708 (0x0000bfe5) c.j     pc - 8
core   0: 3 0x80009708 (0xbfe5)
core   0: 0x80009700 (0x00002f17) auipc   t5, 0x2
core   0: 3 0x80009700 (0x00002f17) x30 0x8000b700
core   0: 0x80009704 (0x903f2023) sw      gp, -1792(t5)
core   0: 3 0x80009704 (0x903f2023) mem 0x8000b000 0x00000001
core   0: 0x80009708 (0x0000bfe5) c.j     pc - 8
core   0: 3 0x80009708 (0xbfe5)
core   0: 0x80009700 (0x00002f17) auipc   t5, 0x2
core   0: 3 0x80009700 (0x00002f17) x30 0x8000b700
core   0: 0x80009704 (0x903f2023) sw      gp, -1792(t5)
core   0: 3 0x80009704 (0x903f2023) mem 0x8000b000 0x00000001
core   0: 0x80009708 (0x0000bfe5) c.j     pc - 8
core   0: 3 0x80009708 (0xbfe5)
core   0: 0x80009700 (0x00002f17) auipc   t5, 0x2
core   0: 3 0x80009700 (0x00002f17) x30 0x8000b700
core   0: 0x80009704 (0x903f2023) sw      gp, -1792(t5)
core   0: 3 0x80009704 (0x903f2023) mem 0x8000b000 0x00000001
core   0: 0x80009708 (0x0000bfe5) c.j     pc - 8
core   0: 3 0x80009708 (0xbfe5)
core   0: 0x80009700 (0x00002f17) auipc   t5, 0x2
core   0: 3 0x80009700 (0x00002f17) x30 0x8000b700
core   0: 0x80009704 (0x903f2023) sw      gp, -1792(t5)
core   0: 3 0x80009704 (0x903f2023) mem 0x8000b000 0x00000001
core   0: 0x80009708 (0x0000bfe5) c.j     pc - 8
core   0: 3 0x80009708 (0xbfe5)
core   0: 0x80009700 (0x00002f17) auipc   t5, 0x2
core   0: 3 0x80009700 (0x00002f17) x30 0x8000b700
core   0: 0x80009704 (0x903f2023) sw      gp, -1792(t5)
core   0: 3 0x80009704 (0x903f2023) mem 0x8000b000 0x00000001
core   0: 0x80009708 (0x0000bfe5) c.j     pc - 8
core   0: 3 0x80009708 (0xbfe5)
core   0: 0x80009700 (0x00002f17) auipc   t5, 0x2
core   0: 3 0x80009700 (0x00002f17) x30 0x8000b700
core   0: 0x80009704 (0x903f2023) sw      gp, -1792(t5)
core   0: 3 0x80009704 (0x903f2023) mem 0x8000b000 0x00000001
core   0: 0x80009708 (0x0000bfe5) c.j     pc - 8
core   0: 3 0x80009708 (0xbfe5)
core   0: 0x80009700 (0x00002f17) auipc   t5, 0x2
core   0: 3 0x80009700 (0x00002f17) x30 0x8000b700
core   0: 0x80009704 (0x903f2023) sw      gp, -1792(t5)
core   0: 3 0x80009704 (0x903f2023) mem 0x8000b000 0x00000001
core   0: 0x80009708 (0x0000bfe5) c.j     pc - 8
core   0: 3 0x80009708 (0xbfe5)
core   0: 0x80009700 (0x00002f17) auipc   t5, 0x2
core   0: 3 0x80009700 (0x00002f17) x30 0x8000b700
core   0: 0x80009704 (0x903f2023) sw      gp, -1792(t5)
core   0: 3 0x80009704 (0x903f2023) mem 0x8000b000 0x00000001
core   0: 0x80009708 (0x0000bfe5) c.j     pc - 8
core   0: 3 0x80009708 (0xbfe5)
core   0: 0x80009700 (0x00002f17) auipc   t5, 0x2
core   0: 3 0x80009700 (0x00002f17) x30 0x8000b700
core   0: 0x80009704 (0x903f2023) sw      gp, -1792(t5)
core   0: 3 0x80009704 (0x903f2023) mem 0x8000b000 0x00000001
core   0: 0x80009708 (0x0000bfe5) c.j     pc - 8
core   0: 3 0x80009708 (0xbfe5)
core   0: 0x80009700 (0x00002f17) auipc   t5, 0x2
core   0: 3 0x80009700 (0x00002f17) x30 0x8000b700
core   0: 0x80009704 (0x903f2023) sw      gp, -1792(t5)
core   0: 3 0x80009704 (0x903f2023) mem 0x8000b000 0x00000001
core   0: 0x80009708 (0x0000bfe5) c.j     pc - 8
core   0: 3 0x80009708 (0xbfe5)
core   0: 0x80009700 (0x00002f17) auipc   t5, 0x2
core   0: 3 0x80009700 (0x00002f17) x30 0x8000b700
core   0: 0x80009704 (0x903f2023) sw      gp, -1792(t5)
core   0: 3 0x80009704 (0x903f2023) mem 0x8000b000 0x00000001
core   0: 0x80009708 (0x0000bfe5) c.j     pc - 8
core   0: 3 0x80009708 (0xbfe5)
core   0: 0x80009700 (0x00002f17) auipc   t5, 0x2
core   0: 3 0x80009700 (0x00002f17) x30 0x8000b700
core   0: 0x80009704 (0x903f2023) sw      gp, -1792(t5)
core   0: 3 0x80009704 (0x903f2023) mem 0x8000b000 0x00000001
core   0: 0x80009708 (0x0000bfe5) c.j     pc - 8
core   0: 3 0x80009708 (0xbfe5)
core   0: 0x80009700 (0x00002f17) auipc   t5, 0x2
core   0: 3 0x80009700 (0x00002f17) x30 0x8000b700
core   0: 0x80009704 (0x903f2023) sw      gp, -1792(t5)
core   0: 3 0x80009704 (0x903f2023) mem 0x8000b000 0x00000001
core   0: 0x80009708 (0x0000bfe5) c.j     pc - 8
core   0: 3 0x80009708 (0xbfe5)
core   0: 0x80009700 (0x00002f17) auipc   t5, 0x2
core   0: 3 0x80009700 (0x00002f17) x30 0x8000b700
core   0: 0x80009704 (0x903f2023) sw      gp, -1792(t5)
core   0: 3 0x80009704 (0x903f2023) mem 0x8000b000 0x00000001
core   0: 0x80009708 (0x0000bfe5) c.j     pc - 8
core   0: 3 0x80009708 (0xbfe5)
core   0: 0x80009700 (0x00002f17) auipc   t5, 0x2
core   0: 3 0x80009700 (0x00002f17) x30 0x8000b700
core   0: 0x80009704 (0x903f2023) sw      gp, -1792(t5)
core   0: 3 0x80009704 (0x903f2023) mem 0x8000b000 0x00000001
core   0: 0x80009708 (0x0000bfe5) c.j     pc - 8
core   0: 3 0x80009708 (0xbfe5)
core   0: 0x80009700 (0x00002f17) auipc   t5, 0x2
core   0: 3 0x80009700 (0x00002f17) x30 0x8000b700
core   0: 0x80009704 (0x903f2023) sw      gp, -1792(t5)
core   0: 3 0x80009704 (0x903f2023) mem 0x8000b000 0x00000001
core   0: 0x80009708 (0x0000bfe5) c.j     pc - 8
core   0: 3 0x80009708 (0xbfe5)
core   0: 0x80009700 (0x00002f17) auipc   t5, 0x2
core   0: 3 0x80009700 (0x00002f17) x30 0x8000b700
core   0: 0x80009704 (0x903f2023) sw      gp, -1792(t5)
core   0: 3 0x80009704 (0x903f2023) mem 0x8000b000 0x00000001
core   0: 0x80009708 (0x0000bfe5) c.j     pc - 8
core   0: 3 0x80009708 (0xbfe5)
core   0: 0x80009700 (0x00002f17) auipc   t5, 0x2
core   0: 3 0x80009700 (0x00002f17) x30 0x8000b700
core   0: 0x80009704 (0x903f2023) sw      gp, -1792(t5)
core   0: 3 0x80009704 (0x903f2023) mem 0x8000b000 0x00000001
core   0: 0x80009708 (0x0000bfe5) c.j     pc - 8
core   0: 3 0x80009708 (0xbfe5)
core   0: 0x80009700 (0x00002f17) auipc   t5, 0x2
core   0: 3 0x80009700 (0x00002f17) x30 0x8000b700
core   0: 0x80009704 (0x903f2023) sw      gp, -1792(t5)
core   0: 3 0x80009704 (0x903f2023) mem 0x8000b000 0x00000001
core   0: 0x80009708 (0x0000bfe5) c.j     pc - 8
core   0: 3 0x80009708 (0xbfe5)
core   0: 0x80009700 (0x00002f17) auipc   t5, 0x2
core   0: 3 0x80009700 (0x00002f17) x30 0x8000b700
core   0: 0x80009704 (0x903f2023) sw      gp, -1792(t5)
core   0: 3 0x80009704 (0x903f2023) mem 0x8000b000 0x00000001
core   0: 0x80009708 (0x0000bfe5) c.j     pc - 8
core   0: 3 0x80009708 (0xbfe5)
core   0: 0x80009700 (0x00002f17) auipc   t5, 0x2
core   0: 3 0x80009700 (0x00002f17) x30 0x8000b700
core   0: 0x80009704 (0x903f2023) sw      gp, -1792(t5)
core   0: 3 0x80009704 (0x903f2023) mem 0x8000b000 0x00000001
core   0: 0x80009708 (0x0000bfe5) c.j     pc - 8
core   0: 3 0x80009708 (0xbfe5)
core   0: 0x80009700 (0x00002f17) auipc   t5, 0x2
core   0: 3 0x80009700 (0x00002f17) x30 0x8000b700
core   0: 0x80009704 (0x903f2023) sw      gp, -1792(t5)
core   0: 3 0x80009704 (0x903f2023) mem 0x8000b000 0x00000001
core   0: 0x80009708 (0x0000bfe5) c.j     pc - 8
core   0: 3 0x80009708 (0xbfe5)
core   0: 0x80009700 (0x00002f17) auipc   t5, 0x2
core   0: 3 0x80009700 (0x00002f17) x30 0x8000b700
core   0: 0x80009704 (0x903f2023) sw      gp, -1792(t5)
core   0: 3 0x80009704 (0x903f2023) mem 0x8000b000 0x00000001
core   0: 0x80009708 (0x0000bfe5) c.j     pc - 8
core   0: 3 0x80009708 (0xbfe5)
core   0: 0x80009700 (0x00002f17) auipc   t5, 0x2
core   0: 3 0x80009700 (0x00002f17) x30 0x8000b700
core   0: 0x80009704 (0x903f2023) sw      gp, -1792(t5)
core   0: 3 0x80009704 (0x903f2023) mem 0x8000b000 0x00000001
core   0: 0x80009708 (0x0000bfe5) c.j     pc - 8
core   0: 3 0x80009708 (0xbfe5)
core   0: 0x80009700 (0x00002f17) auipc   t5, 0x2
core   0: 3 0x80009700 (0x00002f17) x30 0x8000b700
core   0: 0x80009704 (0x903f2023) sw      gp, -1792(t5)
core   0: 3 0x80009704 (0x903f2023) mem 0x8000b000 0x00000001
core   0: 0x80009708 (0x0000bfe5) c.j     pc - 8
core   0: 3 0x80009708 (0xbfe5)
core   0: 0x80009700 (0x00002f17) auipc   t5, 0x2
core   0: 3 0x80009700 (0x00002f17) x30 0x8000b700
core   0: 0x80009704 (0x903f2023) sw      gp, -1792(t5)
core   0: 3 0x80009704 (0x903f2023) mem 0x8000b000 0x00000001
core   0: 0x80009708 (0x0000bfe5) c.j     pc - 8
core   0: 3 0x80009708 (0xbfe5)
core   0: 0x80009700 (0x00002f17) auipc   t5, 0x2
core   0: 3 0x80009700 (0x00002f17) x30 0x8000b700
core   0: 0x80009704 (0x903f2023) sw      gp, -1792(t5)
core   0: 3 0x80009704 (0x903f2023) mem 0x8000b000 0x00000001
core   0: 0x80009708 (0x0000bfe5) c.j     pc - 8
core   0: 3 0x80009708 (0xbfe5)
core   0: 0x80009700 (0x00002f17) auipc   t5, 0x2
core   0: 3 0x80009700 (0x00002f17) x30 0x8000b700
core   0: 0x80009704 (0x903f2023) sw      gp, -1792(t5)
core   0: 3 0x80009704 (0x903f2023) mem 0x8000b000 0x00000001
core   0: 0x80009708 (0x0000bfe5) c.j     pc - 8
core   0: 3 0x80009708 (0xbfe5)
core   0: 0x80009700 (0x00002f17) auipc   t5, 0x2
core   0: 3 0x80009700 (0x00002f17) x30 0x8000b700
core   0: 0x80009704 (0x903f2023) sw      gp, -1792(t5)
core   0: 3 0x80009704 (0x903f2023) mem 0x8000b000 0x00000001
core   0: 0x80009708 (0x0000bfe5) c.j     pc - 8
core   0: 3 0x80009708 (0xbfe5)
core   0: 0x80009700 (0x00002f17) auipc   t5, 0x2
core   0: 3 0x80009700 (0x00002f17) x30 0x8000b700
core   0: 0x80009704 (0x903f2023) sw      gp, -1792(t5)
core   0: 3 0x80009704 (0x903f2023) mem 0x8000b000 0x00000001
core   0: 0x80009708 (0x0000bfe5) c.j     pc - 8
core   0: 3 0x80009708 (0xbfe5)
core   0: 0x80009700 (0x00002f17) auipc   t5, 0x2
core   0: 3 0x80009700 (0x00002f17) x30 0x8000b700
core   0: 0x80009704 (0x903f2023) sw      gp, -1792(t5)
core   0: 3 0x80009704 (0x903f2023) mem 0x8000b000 0x00000001
core   0: 0x80009708 (0x0000bfe5) c.j     pc - 8
core   0: 3 0x80009708 (0xbfe5)
core   0: 0x80009700 (0x00002f17) auipc   t5, 0x2
core   0: 3 0x80009700 (0x00002f17) x30 0x8000b700
core   0: 0x80009704 (0x903f2023) sw      gp, -1792(t5)
core   0: 3 0x80009704 (0x903f2023) mem 0x8000b000 0x00000001
core   0: 0x80009708 (0x0000bfe5) c.j     pc - 8
core   0: 3 0x80009708 (0xbfe5)
core   0: 0x80009700 (0x00002f17) auipc   t5, 0x2
core   0: 3 0x80009700 (0x00002f17) x30 0x8000b700
core   0: 0x80009704 (0x903f2023) sw      gp, -1792(t5)
core   0: 3 0x80009704 (0x903f2023) mem 0x8000b000 0x00000001
core   0: 0x80009708 (0x0000bfe5) c.j     pc - 8
core   0: 3 0x80009708 (0xbfe5)
core   0: 0x80009700 (0x00002f17) auipc   t5, 0x2
core   0: 3 0x80009700 (0x00002f17) x30 0x8000b700
core   0: 0x80009704 (0x903f2023) sw      gp, -1792(t5)
core   0: 3 0x80009704 (0x903f2023) mem 0x8000b000 0x00000001
core   0: 0x80009708 (0x0000bfe5) c.j     pc - 8
core   0: 3 0x80009708 (0xbfe5)
core   0: 0x80009700 (0x00002f17) auipc   t5, 0x2
core   0: 3 0x80009700 (0x00002f17) x30 0x8000b700
core   0: 0x80009704 (0x903f2023) sw      gp, -1792(t5)
core   0: 3 0x80009704 (0x903f2023) mem 0x8000b000 0x00000001
core   0: 0x80009708 (0x0000bfe5) c.j     pc - 8
core   0: 3 0x80009708 (0xbfe5)
core   0: 0x80009700 (0x00002f17) auipc   t5, 0x2
core   0: 3 0x80009700 (0x00002f17) x30 0x8000b700
core   0: 0x80009704 (0x903f2023) sw      gp, -1792(t5)
core   0: 3 0x80009704 (0x903f2023) mem 0x8000b000 0x00000001
core   0: 0x80009708 (0x0000bfe5) c.j     pc - 8
core   0: 3 0x80009708 (0xbfe5)
core   0: 0x80009700 (0x00002f17) auipc   t5, 0x2
core   0: 3 0x80009700 (0x00002f17) x30 0x8000b700
core   0: 0x80009704 (0x903f2023) sw      gp, -1792(t5)
core   0: 3 0x80009704 (0x903f2023) mem 0x8000b000 0x00000001
core   0: 0x80009708 (0x0000bfe5) c.j     pc - 8
core   0: 3 0x80009708 (0xbfe5)
core   0: 0x80009700 (0x00002f17) auipc   t5, 0x2
core   0: 3 0x80009700 (0x00002f17) x30 0x8000b700
core   0: 0x80009704 (0x903f2023) sw      gp, -1792(t5)
core   0: 3 0x80009704 (0x903f2023) mem 0x8000b000 0x00000001
core   0: 0x80009708 (0x0000bfe5) c.j     pc - 8
core   0: 3 0x80009708 (0xbfe5)
core   0: 0x80009700 (0x00002f17) auipc   t5, 0x2
core   0: 3 0x80009700 (0x00002f17) x30 0x8000b700
core   0: 0x80009704 (0x903f2023) sw      gp, -1792(t5)
core   0: 3 0x80009704 (0x903f2023) mem 0x8000b000 0x00000001
core   0: 0x80009708 (0x0000bfe5) c.j     pc - 8
core   0: 3 0x80009708 (0xbfe5)
core   0: 0x80009700 (0x00002f17) auipc   t5, 0x2
core   0: 3 0x80009700 (0x00002f17) x30 0x8000b700
core   0: 0x80009704 (0x903f2023) sw      gp, -1792(t5)
core   0: 3 0x80009704 (0x903f2023) mem 0x8000b000 0x00000001
core   0: 0x80009708 (0x0000bfe5) c.j     pc - 8
core   0: 3 0x80009708 (0xbfe5)
core   0: 0x80009700 (0x00002f17) auipc   t5, 0x2
core   0: 3 0x80009700 (0x00002f17) x30 0x8000b700
core   0: 0x80009704 (0x903f2023) sw      gp, -1792(t5)
core   0: 3 0x80009704 (0x903f2023) mem 0x8000b000 0x00000001
core   0: 0x80009708 (0x0000bfe5) c.j     pc - 8
core   0: 3 0x80009708 (0xbfe5)
core   0: 0x80009700 (0x00002f17) auipc   t5, 0x2
core   0: 3 0x80009700 (0x00002f17) x30 0x8000b700
core   0: 0x80009704 (0x903f2023) sw      gp, -1792(t5)
core   0: 3 0x80009704 (0x903f2023) mem 0x8000b000 0x00000001
core   0: 0x80009708 (0x0000bfe5) c.j     pc - 8
core   0: 3 0x80009708 (0xbfe5)
core   0: 0x80009700 (0x00002f17) auipc   t5, 0x2
core   0: 3 0x80009700 (0x00002f17) x30 0x8000b700
core   0: 0x80009704 (0x903f2023) sw      gp, -1792(t5)
core   0: 3 0x80009704 (0x903f2023) mem 0x8000b000 0x00000001
core   0: 0x80009708 (0x0000bfe5) c.j     pc - 8
core   0: 3 0x80009708 (0xbfe5)
core   0: 0x80009700 (0x00002f17) auipc   t5, 0x2
core   0: 3 0x80009700 (0x00002f17) x30 0x8000b700
core   0: 0x80009704 (0x903f2023) sw      gp, -1792(t5)
core   0: 3 0x80009704 (0x903f2023) mem 0x8000b000 0x00000001
core   0: 0x80009708 (0x0000bfe5) c.j     pc - 8
core   0: 3 0x80009708 (0xbfe5)
core   0: 0x80009700 (0x00002f17) auipc   t5, 0x2
core   0: 3 0x80009700 (0x00002f17) x30 0x8000b700
core   0: 0x80009704 (0x903f2023) sw      gp, -1792(t5)
core   0: 3 0x80009704 (0x903f2023) mem 0x8000b000 0x00000001
core   0: 0x80009708 (0x0000bfe5) c.j     pc - 8
core   0: 3 0x80009708 (0xbfe5)
core   0: 0x80009700 (0x00002f17) auipc   t5, 0x2
core   0: 3 0x80009700 (0x00002f17) x30 0x8000b700
core   0: 0x80009704 (0x903f2023) sw      gp, -1792(t5)
core   0: 3 0x80009704 (0x903f2023) mem 0x8000b000 0x00000001
core   0: 0x80009708 (0x0000bfe5) c.j     pc - 8
core   0: 3 0x80009708 (0xbfe5)
core   0: 0x80009700 (0x00002f17) auipc   t5, 0x2
core   0: 3 0x80009700 (0x00002f17) x30 0x8000b700
core   0: 0x80009704 (0x903f2023) sw      gp, -1792(t5)
core   0: 3 0x80009704 (0x903f2023) mem 0x8000b000 0x00000001
core   0: 0x80009708 (0x0000bfe5) c.j     pc - 8
core   0: 3 0x80009708 (0xbfe5)
core   0: 0x80009700 (0x00002f17) auipc   t5, 0x2
core   0: 3 0x80009700 (0x00002f17) x30 0x8000b700
core   0: 0x80009704 (0x903f2023) sw      gp, -1792(t5)
core   0: 3 0x80009704 (0x903f2023) mem 0x8000b000 0x00000001
core   0: 0x80009708 (0x0000bfe5) c.j     pc - 8
core   0: 3 0x80009708 (0xbfe5)
core   0: 0x80009700 (0x00002f17) auipc   t5, 0x2
core   0: 3 0x80009700 (0x00002f17) x30 0x8000b700
core   0: 0x80009704 (0x903f2023) sw      gp, -1792(t5)
core   0: 3 0x80009704 (0x903f2023) mem 0x8000b000 0x00000001
core   0: 0x80009708 (0x0000bfe5) c.j     pc - 8
core   0: 3 0x80009708 (0xbfe5)
core   0: 0x80009700 (0x00002f17) auipc   t5, 0x2
core   0: 3 0x80009700 (0x00002f17) x30 0x8000b700
core   0: 0x80009704 (0x903f2023) sw      gp, -1792(t5)
core   0: 3 0x80009704 (0x903f2023) mem 0x8000b000 0x00000001
core   0: 0x80009708 (0x0000bfe5) c.j     pc - 8
core   0: 3 0x80009708 (0xbfe5)
core   0: 0x80009700 (0x00002f17) auipc   t5, 0x2
core   0: 3 0x80009700 (0x00002f17) x30 0x8000b700
core   0: 0x80009704 (0x903f2023) sw      gp, -1792(t5)
core   0: 3 0x80009704 (0x903f2023) mem 0x8000b000 0x00000001
core   0: 0x80009708 (0x0000bfe5) c.j     pc - 8
core   0: 3 0x80009708 (0xbfe5)
core   0: 0x80009700 (0x00002f17) auipc   t5, 0x2
core   0: 3 0x80009700 (0x00002f17) x30 0x8000b700
core   0: 0x80009704 (0x903f2023) sw      gp, -1792(t5)
core   0: 3 0x80009704 (0x903f2023) mem 0x8000b000 0x00000001
core   0: 0x80009708 (0x0000bfe5) c.j     pc - 8
core   0: 3 0x80009708 (0xbfe5)
core   0: 0x80009700 (0x00002f17) auipc   t5, 0x2
core   0: 3 0x80009700 (0x00002f17) x30 0x8000b700
core   0: 0x80009704 (0x903f2023) sw      gp, -1792(t5)
core   0: 3 0x80009704 (0x903f2023) mem 0x8000b000 0x00000001
core   0: 0x80009708 (0x0000bfe5) c.j     pc - 8
core   0: 3 0x80009708 (0xbfe5)
core   0: 0x80009700 (0x00002f17) auipc   t5, 0x2
core   0: 3 0x80009700 (0x00002f17) x30 0x8000b700
core   0: 0x80009704 (0x903f2023) sw      gp, -1792(t5)
core   0: 3 0x80009704 (0x903f2023) mem 0x8000b000 0x00000001
core   0: 0x80009708 (0x0000bfe5) c.j     pc - 8
core   0: 3 0x80009708 (0xbfe5)
core   0: 0x80009700 (0x00002f17) auipc   t5, 0x2
core   0: 3 0x80009700 (0x00002f17) x30 0x8000b700
core   0: 0x80009704 (0x903f2023) sw      gp, -1792(t5)
core   0: 3 0x80009704 (0x903f2023) mem 0x8000b000 0x00000001
core   0: 0x80009708 (0x0000bfe5) c.j     pc - 8
core   0: 3 0x80009708 (0xbfe5)
core   0: 0x80009700 (0x00002f17) auipc   t5, 0x2
core   0: 3 0x80009700 (0x00002f17) x30 0x8000b700
core   0: 0x80009704 (0x903f2023) sw      gp, -1792(t5)
core   0: 3 0x80009704 (0x903f2023) mem 0x8000b000 0x00000001
core   0: 0x80009708 (0x0000bfe5) c.j     pc - 8
core   0: 3 0x80009708 (0xbfe5)
core   0: 0x80009700 (0x00002f17) auipc   t5, 0x2
core   0: 3 0x80009700 (0x00002f17) x30 0x8000b700
core   0: 0x80009704 (0x903f2023) sw      gp, -1792(t5)
core   0: 3 0x80009704 (0x903f2023) mem 0x8000b000 0x00000001
core   0: 0x80009708 (0x0000bfe5) c.j     pc - 8
core   0: 3 0x80009708 (0xbfe5)
core   0: 0x80009700 (0x00002f17) auipc   t5, 0x2
core   0: 3 0x80009700 (0x00002f17) x30 0x8000b700
core   0: 0x80009704 (0x903f2023) sw      gp, -1792(t5)
core   0: 3 0x80009704 (0x903f2023) mem 0x8000b000 0x00000001
core   0: 0x80009708 (0x0000bfe5) c.j     pc - 8
core   0: 3 0x80009708 (0xbfe5)
core   0: 0x80009700 (0x00002f17) auipc   t5, 0x2
core   0: 3 0x80009700 (0x00002f17) x30 0x8000b700
core   0: 0x80009704 (0x903f2023) sw      gp, -1792(t5)
core   0: 3 0x80009704 (0x903f2023) mem 0x8000b000 0x00000001
core   0: 0x80009708 (0x0000bfe5) c.j     pc - 8
core   0: 3 0x80009708 (0xbfe5)
core   0: 0x80009700 (0x00002f17) auipc   t5, 0x2
core   0: 3 0x80009700 (0x00002f17) x30 0x8000b700
core   0: 0x80009704 (0x903f2023) sw      gp, -1792(t5)
core   0: 3 0x80009704 (0x903f2023) mem 0x8000b000 0x00000001
core   0: 0x80009708 (0x0000bfe5) c.j     pc - 8
core   0: 3 0x80009708 (0xbfe5)
core   0: 0x80009700 (0x00002f17) auipc   t5, 0x2
core   0: 3 0x80009700 (0x00002f17) x30 0x8000b700
core   0: 0x80009704 (0x903f2023) sw      gp, -1792(t5)
core   0: 3 0x80009704 (0x903f2023) mem 0x8000b000 0x00000001
core   0: 0x80009708 (0x0000bfe5) c.j     pc - 8
core   0: 3 0x80009708 (0xbfe5)
core   0: 0x80009700 (0x00002f17) auipc   t5, 0x2
core   0: 3 0x80009700 (0x00002f17) x30 0x8000b700
core   0: 0x80009704 (0x903f2023) sw      gp, -1792(t5)
core   0: 3 0x80009704 (0x903f2023) mem 0x8000b000 0x00000001
core   0: 0x80009708 (0x0000bfe5) c.j     pc - 8
core   0: 3 0x80009708 (0xbfe5)
core   0: 0x80009700 (0x00002f17) auipc   t5, 0x2
core   0: 3 0x80009700 (0x00002f17) x30 0x8000b700
core   0: 0x80009704 (0x903f2023) sw      gp, -1792(t5)
core   0: 3 0x80009704 (0x903f2023) mem 0x8000b000 0x00000001
core   0: 0x80009708 (0x0000bfe5) c.j     pc - 8
core   0: 3 0x80009708 (0xbfe5)
core   0: 0x80009700 (0x00002f17) auipc   t5, 0x2
core   0: 3 0x80009700 (0x00002f17) x30 0x8000b700
core   0: 0x80009704 (0x903f2023) sw      gp, -1792(t5)
core   0: 3 0x80009704 (0x903f2023) mem 0x8000b000 0x00000001
core   0: 0x80009708 (0x0000bfe5) c.j     pc - 8
core   0: 3 0x80009708 (0xbfe5)
core   0: 0x80009700 (0x00002f17) auipc   t5, 0x2
core   0: 3 0x80009700 (0x00002f17) x30 0x8000b700
core   0: 0x80009704 (0x903f2023) sw      gp, -1792(t5)
core   0: 3 0x80009704 (0x903f2023) mem 0x8000b000 0x00000001
core   0: 0x80009708 (0x0000bfe5) c.j     pc - 8
core   0: 3 0x80009708 (0xbfe5)
core   0: 0x80009700 (0x00002f17) auipc   t5, 0x2
core   0: 3 0x80009700 (0x00002f17) x30 0x8000b700
core   0: 0x80009704 (0x903f2023) sw      gp, -1792(t5)
core   0: 3 0x80009704 (0x903f2023) mem 0x8000b000 0x00000001
core   0: 0x80009708 (0x0000bfe5) c.j     pc - 8
core   0: 3 0x80009708 (0xbfe5)
core   0: 0x80009700 (0x00002f17) auipc   t5, 0x2
core   0: 3 0x80009700 (0x00002f17) x30 0x8000b700
core   0: 0x80009704 (0x903f2023) sw      gp, -1792(t5)
core   0: 3 0x80009704 (0x903f2023) mem 0x8000b000 0x00000001
core   0: 0x80009708 (0x0000bfe5) c.j     pc - 8
core   0: 3 0x80009708 (0xbfe5)
core   0: 0x80009700 (0x00002f17) auipc   t5, 0x2
core   0: 3 0x80009700 (0x00002f17) x30 0x8000b700
core   0: 0x80009704 (0x903f2023) sw      gp, -1792(t5)
core   0: 3 0x80009704 (0x903f2023) mem 0x8000b000 0x00000001
core   0: 0x80009708 (0x0000bfe5) c.j     pc - 8
core   0: 3 0x80009708 (0xbfe5)
core   0: 0x80009700 (0x00002f17) auipc   t5, 0x2
core   0: 3 0x80009700 (0x00002f17) x30 0x8000b700
core   0: 0x80009704 (0x903f2023) sw      gp, -1792(t5)
core   0: 3 0x80009704 (0x903f2023) mem 0x8000b000 0x00000001
core   0: 0x80009708 (0x0000bfe5) c.j     pc - 8
core   0: 3 0x80009708 (0xbfe5)
core   0: 0x80009700 (0x00002f17) auipc   t5, 0x2
core   0: 3 0x80009700 (0x00002f17) x30 0x8000b700
core   0: 0x80009704 (0x903f2023) sw      gp, -1792(t5)
core   0: 3 0x80009704 (0x903f2023) mem 0x8000b000 0x00000001
core   0: 0x80009708 (0x0000bfe5) c.j     pc - 8
core   0: 3 0x80009708 (0xbfe5)
core   0: 0x80009700 (0x00002f17) auipc   t5, 0x2
core   0: 3 0x80009700 (0x00002f17) x30 0x8000b700
core   0: 0x80009704 (0x903f2023) sw      gp, -1792(t5)
core   0: 3 0x80009704 (0x903f2023) mem 0x8000b000 0x00000001
core   0: 0x80009708 (0x0000bfe5) c.j     pc - 8
core   0: 3 0x80009708 (0xbfe5)
core   0: 0x80009700 (0x00002f17) auipc   t5, 0x2
core   0: 3 0x80009700 (0x00002f17) x30 0x8000b700
core   0: 0x80009704 (0x903f2023) sw      gp, -1792(t5)
core   0: 3 0x80009704 (0x903f2023) mem 0x8000b000 0x00000001
core   0: 0x80009708 (0x0000bfe5) c.j     pc - 8
core   0: 3 0x80009708 (0xbfe5)
core   0: 0x80009700 (0x00002f17) auipc   t5, 0x2
core   0: 3 0x80009700 (0x00002f17) x30 0x8000b700
core   0: 0x80009704 (0x903f2023) sw      gp, -1792(t5)
core   0: 3 0x80009704 (0x903f2023) mem 0x8000b000 0x00000001
core   0: 0x80009708 (0x0000bfe5) c.j     pc - 8
core   0: 3 0x80009708 (0xbfe5)
core   0: 0x80009700 (0x00002f17) auipc   t5, 0x2
core   0: 3 0x80009700 (0x00002f17) x30 0x8000b700
core   0: 0x80009704 (0x903f2023) sw      gp, -1792(t5)
core   0: 3 0x80009704 (0x903f2023) mem 0x8000b000 0x00000001
core   0: 0x80009708 (0x0000bfe5) c.j     pc - 8
core   0: 3 0x80009708 (0xbfe5)
core   0: 0x80009700 (0x00002f17) auipc   t5, 0x2
core   0: 3 0x80009700 (0x00002f17) x30 0x8000b700
core   0: 0x80009704 (0x903f2023) sw      gp, -1792(t5)
core   0: 3 0x80009704 (0x903f2023) mem 0x8000b000 0x00000001
core   0: 0x80009708 (0x0000bfe5) c.j     pc - 8
core   0: 3 0x80009708 (0xbfe5)
core   0: 0x80009700 (0x00002f17) auipc   t5, 0x2
core   0: 3 0x80009700 (0x00002f17) x30 0x8000b700
core   0: 0x80009704 (0x903f2023) sw      gp, -1792(t5)
core   0: 3 0x80009704 (0x903f2023) mem 0x8000b000 0x00000001
core   0: 0x80009708 (0x0000bfe5) c.j     pc - 8
core   0: 3 0x80009708 (0xbfe5)
core   0: 0x80009700 (0x00002f17) auipc   t5, 0x2
core   0: 3 0x80009700 (0x00002f17) x30 0x8000b700
core   0: 0x80009704 (0x903f2023) sw      gp, -1792(t5)
core   0: 3 0x80009704 (0x903f2023) mem 0x8000b000 0x00000001
core   0: 0x80009708 (0x0000bfe5) c.j     pc - 8
core   0: 3 0x80009708 (0xbfe5)
core   0: 0x80009700 (0x00002f17) auipc   t5, 0x2
core   0: 3 0x80009700 (0x00002f17) x30 0x8000b700
core   0: 0x80009704 (0x903f2023) sw      gp, -1792(t5)
core   0: 3 0x80009704 (0x903f2023) mem 0x8000b000 0x00000001
core   0: 0x80009708 (0x0000bfe5) c.j     pc - 8
core   0: 3 0x80009708 (0xbfe5)
core   0: 0x80009700 (0x00002f17) auipc   t5, 0x2
core   0: 3 0x80009700 (0x00002f17) x30 0x8000b700
core   0: 0x80009704 (0x903f2023) sw      gp, -1792(t5)
core   0: 3 0x80009704 (0x903f2023) mem 0x8000b000 0x00000001
core   0: 0x80009708 (0x0000bfe5) c.j     pc - 8
core   0: 3 0x80009708 (0xbfe5)
core   0: 0x80009700 (0x00002f17) auipc   t5, 0x2
core   0: 3 0x80009700 (0x00002f17) x30 0x8000b700
core   0: 0x80009704 (0x903f2023) sw      gp, -1792(t5)
core   0: 3 0x80009704 (0x903f2023) mem 0x8000b000 0x00000001
core   0: 0x80009708 (0x0000bfe5) c.j     pc - 8
core   0: 3 0x80009708 (0xbfe5)
core   0: 0x80009700 (0x00002f17) auipc   t5, 0x2
core   0: 3 0x80009700 (0x00002f17) x30 0x8000b700
core   0: 0x80009704 (0x903f2023) sw      gp, -1792(t5)
core   0: 3 0x80009704 (0x903f2023) mem 0x8000b000 0x00000001
core   0: 0x80009708 (0x0000bfe5) c.j     pc - 8
core   0: 3 0x80009708 (0xbfe5)
core   0: 0x80009700 (0x00002f17) auipc   t5, 0x2
core   0: 3 0x80009700 (0x00002f17) x30 0x8000b700
core   0: 0x80009704 (0x903f2023) sw      gp, -1792(t5)
core   0: 3 0x80009704 (0x903f2023) mem 0x8000b000 0x00000001
core   0: 0x80009708 (0x0000bfe5) c.j     pc - 8
core   0: 3 0x80009708 (0xbfe5)
core   0: 0x80009700 (0x00002f17) auipc   t5, 0x2
core   0: 3 0x80009700 (0x00002f17) x30 0x8000b700
core   0: 0x80009704 (0x903f2023) sw      gp, -1792(t5)
core   0: 3 0x80009704 (0x903f2023) mem 0x8000b000 0x00000001
core   0: 0x80009708 (0x0000bfe5) c.j     pc - 8
core   0: 3 0x80009708 (0xbfe5)
core   0: 0x80009700 (0x00002f17) auipc   t5, 0x2
core   0: 3 0x80009700 (0x00002f17) x30 0x8000b700
core   0: 0x80009704 (0x903f2023) sw      gp, -1792(t5)
core   0: 3 0x80009704 (0x903f2023) mem 0x8000b000 0x00000001
core   0: 0x80009708 (0x0000bfe5) c.j     pc - 8
core   0: 3 0x80009708 (0xbfe5)
core   0: 0x80009700 (0x00002f17) auipc   t5, 0x2
core   0: 3 0x80009700 (0x00002f17) x30 0x8000b700
core   0: 0x80009704 (0x903f2023) sw      gp, -1792(t5)
core   0: 3 0x80009704 (0x903f2023) mem 0x8000b000 0x00000001
core   0: 0x80009708 (0x0000bfe5) c.j     pc - 8
core   0: 3 0x80009708 (0xbfe5)
core   0: 0x80009700 (0x00002f17) auipc   t5, 0x2
core   0: 3 0x80009700 (0x00002f17) x30 0x8000b700
core   0: 0x80009704 (0x903f2023) sw      gp, -1792(t5)
core   0: 3 0x80009704 (0x903f2023) mem 0x8000b000 0x00000001
core   0: 0x80009708 (0x0000bfe5) c.j     pc - 8
core   0: 3 0x80009708 (0xbfe5)
core   0: 0x80009700 (0x00002f17) auipc   t5, 0x2
core   0: 3 0x80009700 (0x00002f17) x30 0x8000b700
core   0: 0x80009704 (0x903f2023) sw      gp, -1792(t5)
core   0: 3 0x80009704 (0x903f2023) mem 0x8000b000 0x00000001
core   0: 0x80009708 (0x0000bfe5) c.j     pc - 8
core   0: 3 0x80009708 (0xbfe5)
core   0: 0x80009700 (0x00002f17) auipc   t5, 0x2
core   0: 3 0x80009700 (0x00002f17) x30 0x8000b700
core   0: 0x80009704 (0x903f2023) sw      gp, -1792(t5)
core   0: 3 0x80009704 (0x903f2023) mem 0x8000b000 0x00000001
core   0: 0x80009708 (0x0000bfe5) c.j     pc - 8
core   0: 3 0x80009708 (0xbfe5)
core   0: 0x80009700 (0x00002f17) auipc   t5, 0x2
core   0: 3 0x80009700 (0x00002f17) x30 0x8000b700
core   0: 0x80009704 (0x903f2023) sw      gp, -1792(t5)
core   0: 3 0x80009704 (0x903f2023) mem 0x8000b000 0x00000001
core   0: 0x80009708 (0x0000bfe5) c.j     pc - 8
core   0: 3 0x80009708 (0xbfe5)
core   0: 0x80009700 (0x00002f17) auipc   t5, 0x2
core   0: 3 0x80009700 (0x00002f17) x30 0x8000b700
core   0: 0x80009704 (0x903f2023) sw      gp, -1792(t5)
core   0: 3 0x80009704 (0x903f2023) mem 0x8000b000 0x00000001
core   0: 0x80009708 (0x0000bfe5) c.j     pc - 8
core   0: 3 0x80009708 (0xbfe5)
core   0: 0x80009700 (0x00002f17) auipc   t5, 0x2
core   0: 3 0x80009700 (0x00002f17) x30 0x8000b700
core   0: 0x80009704 (0x903f2023) sw      gp, -1792(t5)
core   0: 3 0x80009704 (0x903f2023) mem 0x8000b000 0x00000001
core   0: 0x80009708 (0x0000bfe5) c.j     pc - 8
core   0: 3 0x80009708 (0xbfe5)
core   0: 0x80009700 (0x00002f17) auipc   t5, 0x2
core   0: 3 0x80009700 (0x00002f17) x30 0x8000b700
core   0: 0x80009704 (0x903f2023) sw      gp, -1792(t5)
core   0: 3 0x80009704 (0x903f2023) mem 0x8000b000 0x00000001
core   0: 0x80009708 (0x0000bfe5) c.j     pc - 8
core   0: 3 0x80009708 (0xbfe5)
core   0: 0x80009700 (0x00002f17) auipc   t5, 0x2
core   0: 3 0x80009700 (0x00002f17) x30 0x8000b700
core   0: 0x80009704 (0x903f2023) sw      gp, -1792(t5)
core   0: 3 0x80009704 (0x903f2023) mem 0x8000b000 0x00000001
core   0: 0x80009708 (0x0000bfe5) c.j     pc - 8
core   0: 3 0x80009708 (0xbfe5)
core   0: 0x80009700 (0x00002f17) auipc   t5, 0x2
core   0: 3 0x80009700 (0x00002f17) x30 0x8000b700
core   0: 0x80009704 (0x903f2023) sw      gp, -1792(t5)
core   0: 3 0x80009704 (0x903f2023) mem 0x8000b000 0x00000001
core   0: 0x80009708 (0x0000bfe5) c.j     pc - 8
core   0: 3 0x80009708 (0xbfe5)
core   0: 0x80009700 (0x00002f17) auipc   t5, 0x2
core   0: 3 0x80009700 (0x00002f17) x30 0x8000b700
core   0: 0x80009704 (0x903f2023) sw      gp, -1792(t5)
core   0: 3 0x80009704 (0x903f2023) mem 0x8000b000 0x00000001
core   0: 0x80009708 (0x0000bfe5) c.j     pc - 8
core   0: 3 0x80009708 (0xbfe5)
core   0: 0x80009700 (0x00002f17) auipc   t5, 0x2
core   0: 3 0x80009700 (0x00002f17) x30 0x8000b700
core   0: 0x80009704 (0x903f2023) sw      gp, -1792(t5)
core   0: 3 0x80009704 (0x903f2023) mem 0x8000b000 0x00000001
core   0: 0x80009708 (0x0000bfe5) c.j     pc - 8
core   0: 3 0x80009708 (0xbfe5)
core   0: 0x80009700 (0x00002f17) auipc   t5, 0x2
core   0: 3 0x80009700 (0x00002f17) x30 0x8000b700
core   0: 0x80009704 (0x903f2023) sw      gp, -1792(t5)
core   0: 3 0x80009704 (0x903f2023) mem 0x8000b000 0x00000001
core   0: 0x80009708 (0x0000bfe5) c.j     pc - 8
core   0: 3 0x80009708 (0xbfe5)
core   0: 0x80009700 (0x00002f17) auipc   t5, 0x2
core   0: 3 0x80009700 (0x00002f17) x30 0x8000b700
core   0: 0x80009704 (0x903f2023) sw      gp, -1792(t5)
core   0: 3 0x80009704 (0x903f2023) mem 0x8000b000 0x00000001
core   0: 0x80009708 (0x0000bfe5) c.j     pc - 8
core   0: 3 0x80009708 (0xbfe5)
core   0: 0x80009700 (0x00002f17) auipc   t5, 0x2
core   0: 3 0x80009700 (0x00002f17) x30 0x8000b700
core   0: 0x80009704 (0x903f2023) sw      gp, -1792(t5)
core   0: 3 0x80009704 (0x903f2023) mem 0x8000b000 0x00000001
core   0: 0x80009708 (0x0000bfe5) c.j     pc - 8
core   0: 3 0x80009708 (0xbfe5)
core   0: 0x80009700 (0x00002f17) auipc   t5, 0x2
core   0: 3 0x80009700 (0x00002f17) x30 0x8000b700
core   0: 0x80009704 (0x903f2023) sw      gp, -1792(t5)
core   0: 3 0x80009704 (0x903f2023) mem 0x8000b000 0x00000001
core   0: 0x80009708 (0x0000bfe5) c.j     pc - 8
core   0: 3 0x80009708 (0xbfe5)
core   0: 0x80009700 (0x00002f17) auipc   t5, 0x2
core   0: 3 0x80009700 (0x00002f17) x30 0x8000b700
core   0: 0x80009704 (0x903f2023) sw      gp, -1792(t5)
core   0: 3 0x80009704 (0x903f2023) mem 0x8000b000 0x00000001
core   0: 0x80009708 (0x0000bfe5) c.j     pc - 8
core   0: 3 0x80009708 (0xbfe5)
core   0: 0x80009700 (0x00002f17) auipc   t5, 0x2
core   0: 3 0x80009700 (0x00002f17) x30 0x8000b700
core   0: 0x80009704 (0x903f2023) sw      gp, -1792(t5)
core   0: 3 0x80009704 (0x903f2023) mem 0x8000b000 0x00000001
core   0: 0x80009708 (0x0000bfe5) c.j     pc - 8
core   0: 3 0x80009708 (0xbfe5)
core   0: 0x80009700 (0x00002f17) auipc   t5, 0x2
core   0: 3 0x80009700 (0x00002f17) x30 0x8000b700
core   0: 0x80009704 (0x903f2023) sw      gp, -1792(t5)
core   0: 3 0x80009704 (0x903f2023) mem 0x8000b000 0x00000001
core   0: 0x80009708 (0x0000bfe5) c.j     pc - 8
core   0: 3 0x80009708 (0xbfe5)
core   0: 0x80009700 (0x00002f17) auipc   t5, 0x2
core   0: 3 0x80009700 (0x00002f17) x30 0x8000b700
core   0: 0x80009704 (0x903f2023) sw      gp, -1792(t5)
core   0: 3 0x80009704 (0x903f2023) mem 0x8000b000 0x00000001
core   0: 0x80009708 (0x0000bfe5) c.j     pc - 8
core   0: 3 0x80009708 (0xbfe5)
core   0: 0x80009700 (0x00002f17) auipc   t5, 0x2
core   0: 3 0x80009700 (0x00002f17) x30 0x8000b700
core   0: 0x80009704 (0x903f2023) sw      gp, -1792(t5)
core   0: 3 0x80009704 (0x903f2023) mem 0x8000b000 0x00000001
core   0: 0x80009708 (0x0000bfe5) c.j     pc - 8
core   0: 3 0x80009708 (0xbfe5)
core   0: 0x80009700 (0x00002f17) auipc   t5, 0x2
core   0: 3 0x80009700 (0x00002f17) x30 0x8000b700
core   0: 0x80009704 (0x903f2023) sw      gp, -1792(t5)
core   0: 3 0x80009704 (0x903f2023) mem 0x8000b000 0x00000001
core   0: 0x80009708 (0x0000bfe5) c.j     pc - 8
core   0: 3 0x80009708 (0xbfe5)
core   0: 0x80009700 (0x00002f17) auipc   t5, 0x2
core   0: 3 0x80009700 (0x00002f17) x30 0x8000b700
core   0: 0x80009704 (0x903f2023) sw      gp, -1792(t5)
core   0: 3 0x80009704 (0x903f2023) mem 0x8000b000 0x00000001
core   0: 0x80009708 (0x0000bfe5) c.j     pc - 8
core   0: 3 0x80009708 (0xbfe5)
core   0: 0x80009700 (0x00002f17) auipc   t5, 0x2
core   0: 3 0x80009700 (0x00002f17) x30 0x8000b700
core   0: 0x80009704 (0x903f2023) sw      gp, -1792(t5)
core   0: 3 0x80009704 (0x903f2023) mem 0x8000b000 0x00000001
core   0: 0x80009708 (0x0000bfe5) c.j     pc - 8
core   0: 3 0x80009708 (0xbfe5)
core   0: 0x80009700 (0x00002f17) auipc   t5, 0x2
core   0: 3 0x80009700 (0x00002f17) x30 0x8000b700
core   0: 0x80009704 (0x903f2023) sw      gp, -1792(t5)
core   0: 3 0x80009704 (0x903f2023) mem 0x8000b000 0x00000001
core   0: 0x80009708 (0x0000bfe5) c.j     pc - 8
core   0: 3 0x80009708 (0xbfe5)
core   0: 0x80009700 (0x00002f17) auipc   t5, 0x2
core   0: 3 0x80009700 (0x00002f17) x30 0x8000b700
core   0: 0x80009704 (0x903f2023) sw      gp, -1792(t5)
core   0: 3 0x80009704 (0x903f2023) mem 0x8000b000 0x00000001
core   0: 0x80009708 (0x0000bfe5) c.j     pc - 8
core   0: 3 0x80009708 (0xbfe5)
core   0: 0x80009700 (0x00002f17) auipc   t5, 0x2
core   0: 3 0x80009700 (0x00002f17) x30 0x8000b700
core   0: 0x80009704 (0x903f2023) sw      gp, -1792(t5)
core   0: 3 0x80009704 (0x903f2023) mem 0x8000b000 0x00000001
core   0: 0x80009708 (0x0000bfe5) c.j     pc - 8
core   0: 3 0x80009708 (0xbfe5)
core   0: 0x80009700 (0x00002f17) auipc   t5, 0x2
core   0: 3 0x80009700 (0x00002f17) x30 0x8000b700
core   0: 0x80009704 (0x903f2023) sw      gp, -1792(t5)
core   0: 3 0x80009704 (0x903f2023) mem 0x8000b000 0x00000001
core   0: 0x80009708 (0x0000bfe5) c.j     pc - 8
core   0: 3 0x80009708 (0xbfe5)
core   0: 0x80009700 (0x00002f17) auipc   t5, 0x2
core   0: 3 0x80009700 (0x00002f17) x30 0x8000b700
core   0: 0x80009704 (0x903f2023) sw      gp, -1792(t5)
core   0: 3 0x80009704 (0x903f2023) mem 0x8000b000 0x00000001
core   0: 0x80009708 (0x0000bfe5) c.j     pc - 8
core   0: 3 0x80009708 (0xbfe5)
core   0: 0x80009700 (0x00002f17) auipc   t5, 0x2
core   0: 3 0x80009700 (0x00002f17) x30 0x8000b700
core   0: 0x80009704 (0x903f2023) sw      gp, -1792(t5)
core   0: 3 0x80009704 (0x903f2023) mem 0x8000b000 0x00000001
core   0: 0x80009708 (0x0000bfe5) c.j     pc - 8
core   0: 3 0x80009708 (0xbfe5)
core   0: 0x80009700 (0x00002f17) auipc   t5, 0x2
core   0: 3 0x80009700 (0x00002f17) x30 0x8000b700
core   0: 0x80009704 (0x903f2023) sw      gp, -1792(t5)
core   0: 3 0x80009704 (0x903f2023) mem 0x8000b000 0x00000001
core   0: 0x80009708 (0x0000bfe5) c.j     pc - 8
core   0: 3 0x80009708 (0xbfe5)
core   0: 0x80009700 (0x00002f17) auipc   t5, 0x2
core   0: 3 0x80009700 (0x00002f17) x30 0x8000b700
core   0: 0x80009704 (0x903f2023) sw      gp, -1792(t5)
core   0: 3 0x80009704 (0x903f2023) mem 0x8000b000 0x00000001
core   0: 0x80009708 (0x0000bfe5) c.j     pc - 8
core   0: 3 0x80009708 (0xbfe5)
core   0: 0x80009700 (0x00002f17) auipc   t5, 0x2
core   0: 3 0x80009700 (0x00002f17) x30 0x8000b700
core   0: 0x80009704 (0x903f2023) sw      gp, -1792(t5)
core   0: 3 0x80009704 (0x903f2023) mem 0x8000b000 0x00000001
core   0: 0x80009708 (0x0000bfe5) c.j     pc - 8
core   0: 3 0x80009708 (0xbfe5)
core   0: 0x80009700 (0x00002f17) auipc   t5, 0x2
core   0: 3 0x80009700 (0x00002f17) x30 0x8000b700
core   0: 0x80009704 (0x903f2023) sw      gp, -1792(t5)
core   0: 3 0x80009704 (0x903f2023) mem 0x8000b000 0x00000001
core   0: 0x80009708 (0x0000bfe5) c.j     pc - 8
core   0: 3 0x80009708 (0xbfe5)
core   0: 0x80009700 (0x00002f17) auipc   t5, 0x2
core   0: 3 0x80009700 (0x00002f17) x30 0x8000b700
core   0: 0x80009704 (0x903f2023) sw      gp, -1792(t5)
core   0: 3 0x80009704 (0x903f2023) mem 0x8000b000 0x00000001
core   0: 0x80009708 (0x0000bfe5) c.j     pc - 8
core   0: 3 0x80009708 (0xbfe5)
core   0: 0x80009700 (0x00002f17) auipc   t5, 0x2
core   0: 3 0x80009700 (0x00002f17) x30 0x8000b700
core   0: 0x80009704 (0x903f2023) sw      gp, -1792(t5)
core   0: 3 0x80009704 (0x903f2023) mem 0x8000b000 0x00000001
core   0: 0x80009708 (0x0000bfe5) c.j     pc - 8
core   0: 3 0x80009708 (0xbfe5)
core   0: 0x80009700 (0x00002f17) auipc   t5, 0x2
core   0: 3 0x80009700 (0x00002f17) x30 0x8000b700
core   0: 0x80009704 (0x903f2023) sw      gp, -1792(t5)
core   0: 3 0x80009704 (0x903f2023) mem 0x8000b000 0x00000001
core   0: 0x80009708 (0x0000bfe5) c.j     pc - 8
core   0: 3 0x80009708 (0xbfe5)
core   0: 0x80009700 (0x00002f17) auipc   t5, 0x2
core   0: 3 0x80009700 (0x00002f17) x30 0x8000b700
core   0: 0x80009704 (0x903f2023) sw      gp, -1792(t5)
core   0: 3 0x80009704 (0x903f2023) mem 0x8000b000 0x00000001
core   0: 0x80009708 (0x0000bfe5) c.j     pc - 8
core   0: 3 0x80009708 (0xbfe5)
core   0: 0x80009700 (0x00002f17) auipc   t5, 0x2
core   0: 3 0x80009700 (0x00002f17) x30 0x8000b700
core   0: 0x80009704 (0x903f2023) sw      gp, -1792(t5)
core   0: 3 0x80009704 (0x903f2023) mem 0x8000b000 0x00000001
core   0: 0x80009708 (0x0000bfe5) c.j     pc - 8
core   0: 3 0x80009708 (0xbfe5)
core   0: 0x80009700 (0x00002f17) auipc   t5, 0x2
core   0: 3 0x80009700 (0x00002f17) x30 0x8000b700
core   0: 0x80009704 (0x903f2023) sw      gp, -1792(t5)
core   0: 3 0x80009704 (0x903f2023) mem 0x8000b000 0x00000001
core   0: 0x80009708 (0x0000bfe5) c.j     pc - 8
core   0: 3 0x80009708 (0xbfe5)
core   0: 0x80009700 (0x00002f17) auipc   t5, 0x2
core   0: 3 0x80009700 (0x00002f17) x30 0x8000b700
core   0: 0x80009704 (0x903f2023) sw      gp, -1792(t5)
core   0: 3 0x80009704 (0x903f2023) mem 0x8000b000 0x00000001
core   0: 0x80009708 (0x0000bfe5) c.j     pc - 8
core   0: 3 0x80009708 (0xbfe5)
core   0: 0x80009700 (0x00002f17) auipc   t5, 0x2
core   0: 3 0x80009700 (0x00002f17) x30 0x8000b700
core   0: 0x80009704 (0x903f2023) sw      gp, -1792(t5)
core   0: 3 0x80009704 (0x903f2023) mem 0x8000b000 0x00000001
core   0: 0x80009708 (0x0000bfe5) c.j     pc - 8
core   0: 3 0x80009708 (0xbfe5)
core   0: 0x80009700 (0x00002f17) auipc   t5, 0x2
core   0: 3 0x80009700 (0x00002f17) x30 0x8000b700
core   0: 0x80009704 (0x903f2023) sw      gp, -1792(t5)
core   0: 3 0x80009704 (0x903f2023) mem 0x8000b000 0x00000001
core   0: 0x80009708 (0x0000bfe5) c.j     pc - 8
core   0: 3 0x80009708 (0xbfe5)
core   0: 0x80009700 (0x00002f17) auipc   t5, 0x2
core   0: 3 0x80009700 (0x00002f17) x30 0x8000b700
core   0: 0x80009704 (0x903f2023) sw      gp, -1792(t5)
core   0: 3 0x80009704 (0x903f2023) mem 0x8000b000 0x00000001
core   0: 0x80009708 (0x0000bfe5) c.j     pc - 8
core   0: 3 0x80009708 (0xbfe5)
core   0: 0x80009700 (0x00002f17) auipc   t5, 0x2
core   0: 3 0x80009700 (0x00002f17) x30 0x8000b700
core   0: 0x80009704 (0x903f2023) sw      gp, -1792(t5)
core   0: 3 0x80009704 (0x903f2023) mem 0x8000b000 0x00000001
core   0: 0x80009708 (0x0000bfe5) c.j     pc - 8
core   0: 3 0x80009708 (0xbfe5)
core   0: 0x80009700 (0x00002f17) auipc   t5, 0x2
core   0: 3 0x80009700 (0x00002f17) x30 0x8000b700
core   0: 0x80009704 (0x903f2023) sw      gp, -1792(t5)
core   0: 3 0x80009704 (0x903f2023) mem 0x8000b000 0x00000001
core   0: 0x80009708 (0x0000bfe5) c.j     pc - 8
core   0: 3 0x80009708 (0xbfe5)
core   0: 0x80009700 (0x00002f17) auipc   t5, 0x2
core   0: 3 0x80009700 (0x00002f17) x30 0x8000b700
core   0: 0x80009704 (0x903f2023) sw      gp, -1792(t5)
core   0: 3 0x80009704 (0x903f2023) mem 0x8000b000 0x00000001
core   0: 0x80009708 (0x0000bfe5) c.j     pc - 8
core   0: 3 0x80009708 (0xbfe5)
core   0: 0x80009700 (0x00002f17) auipc   t5, 0x2
core   0: 3 0x80009700 (0x00002f17) x30 0x8000b700
core   0: 0x80009704 (0x903f2023) sw      gp, -1792(t5)
core   0: 3 0x80009704 (0x903f2023) mem 0x8000b000 0x00000001
core   0: 0x80009708 (0x0000bfe5) c.j     pc - 8
core   0: 3 0x80009708 (0xbfe5)
core   0: 0x80009700 (0x00002f17) auipc   t5, 0x2
core   0: 3 0x80009700 (0x00002f17) x30 0x8000b700
core   0: 0x80009704 (0x903f2023) sw      gp, -1792(t5)
core   0: 3 0x80009704 (0x903f2023) mem 0x8000b000 0x00000001
core   0: 0x80009708 (0x0000bfe5) c.j     pc - 8
core   0: 3 0x80009708 (0xbfe5)
core   0: 0x80009700 (0x00002f17) auipc   t5, 0x2
core   0: 3 0x80009700 (0x00002f17) x30 0x8000b700
core   0: 0x80009704 (0x903f2023) sw      gp, -1792(t5)
core   0: 3 0x80009704 (0x903f2023) mem 0x8000b000 0x00000001
core   0: 0x80009708 (0x0000bfe5) c.j     pc - 8
core   0: 3 0x80009708 (0xbfe5)
core   0: 0x80009700 (0x00002f17) auipc   t5, 0x2
core   0: 3 0x80009700 (0x00002f17) x30 0x8000b700
core   0: 0x80009704 (0x903f2023) sw      gp, -1792(t5)
core   0: 3 0x80009704 (0x903f2023) mem 0x8000b000 0x00000001
core   0: 0x80009708 (0x0000bfe5) c.j     pc - 8
core   0: 3 0x80009708 (0xbfe5)
core   0: 0x80009700 (0x00002f17) auipc   t5, 0x2
core   0: 3 0x80009700 (0x00002f17) x30 0x8000b700
core   0: 0x80009704 (0x903f2023) sw      gp, -1792(t5)
core   0: 3 0x80009704 (0x903f2023) mem 0x8000b000 0x00000001
core   0: 0x80009708 (0x0000bfe5) c.j     pc - 8
core   0: 3 0x80009708 (0xbfe5)
core   0: 0x80009700 (0x00002f17) auipc   t5, 0x2
core   0: 3 0x80009700 (0x00002f17) x30 0x8000b700
core   0: 0x80009704 (0x903f2023) sw      gp, -1792(t5)
core   0: 3 0x80009704 (0x903f2023) mem 0x8000b000 0x00000001
core   0: 0x80009708 (0x0000bfe5) c.j     pc - 8
core   0: 3 0x80009708 (0xbfe5)
core   0: 0x80009700 (0x00002f17) auipc   t5, 0x2
core   0: 3 0x80009700 (0x00002f17) x30 0x8000b700
core   0: 0x80009704 (0x903f2023) sw      gp, -1792(t5)
core   0: 3 0x80009704 (0x903f2023) mem 0x8000b000 0x00000001
core   0: 0x80009708 (0x0000bfe5) c.j     pc - 8
core   0: 3 0x80009708 (0xbfe5)
core   0: 0x80009700 (0x00002f17) auipc   t5, 0x2
core   0: 3 0x80009700 (0x00002f17) x30 0x8000b700
core   0: 0x80009704 (0x903f2023) sw      gp, -1792(t5)
core   0: 3 0x80009704 (0x903f2023) mem 0x8000b000 0x00000001
core   0: 0x80009708 (0x0000bfe5) c.j     pc - 8
core   0: 3 0x80009708 (0xbfe5)
core   0: 0x80009700 (0x00002f17) auipc   t5, 0x2
core   0: 3 0x80009700 (0x00002f17) x30 0x8000b700
core   0: 0x80009704 (0x903f2023) sw      gp, -1792(t5)
core   0: 3 0x80009704 (0x903f2023) mem 0x8000b000 0x00000001
core   0: 0x80009708 (0x0000bfe5) c.j     pc - 8
core   0: 3 0x80009708 (0xbfe5)
core   0: 0x80009700 (0x00002f17) auipc   t5, 0x2
core   0: 3 0x80009700 (0x00002f17) x30 0x8000b700
core   0: 0x80009704 (0x903f2023) sw      gp, -1792(t5)
core   0: 3 0x80009704 (0x903f2023) mem 0x8000b000 0x00000001
core   0: 0x80009708 (0x0000bfe5) c.j     pc - 8
core   0: 3 0x80009708 (0xbfe5)
core   0: 0x80009700 (0x00002f17) auipc   t5, 0x2
core   0: 3 0x80009700 (0x00002f17) x30 0x8000b700
core   0: 0x80009704 (0x903f2023) sw      gp, -1792(t5)
core   0: 3 0x80009704 (0x903f2023) mem 0x8000b000 0x00000001
core   0: 0x80009708 (0x0000bfe5) c.j     pc - 8
core   0: 3 0x80009708 (0xbfe5)
core   0: 0x80009700 (0x00002f17) auipc   t5, 0x2
core   0: 3 0x80009700 (0x00002f17) x30 0x8000b700
core   0: 0x80009704 (0x903f2023) sw      gp, -1792(t5)
core   0: 3 0x80009704 (0x903f2023) mem 0x8000b000 0x00000001
core   0: 0x80009708 (0x0000bfe5) c.j     pc - 8
core   0: 3 0x80009708 (0xbfe5)
core   0: 0x80009700 (0x00002f17) auipc   t5, 0x2
core   0: 3 0x80009700 (0x00002f17) x30 0x8000b700
core   0: 0x80009704 (0x903f2023) sw      gp, -1792(t5)
core   0: 3 0x80009704 (0x903f2023) mem 0x8000b000 0x00000001
core   0: 0x80009708 (0x0000bfe5) c.j     pc - 8
core   0: 3 0x80009708 (0xbfe5)
core   0: 0x80009700 (0x00002f17) auipc   t5, 0x2
core   0: 3 0x80009700 (0x00002f17) x30 0x8000b700
core   0: 0x80009704 (0x903f2023) sw      gp, -1792(t5)
core   0: 3 0x80009704 (0x903f2023) mem 0x8000b000 0x00000001
core   0: 0x80009708 (0x0000bfe5) c.j     pc - 8
core   0: 3 0x80009708 (0xbfe5)
core   0: 0x80009700 (0x00002f17) auipc   t5, 0x2
core   0: 3 0x80009700 (0x00002f17) x30 0x8000b700
core   0: 0x80009704 (0x903f2023) sw      gp, -1792(t5)
core   0: 3 0x80009704 (0x903f2023) mem 0x8000b000 0x00000001
core   0: 0x80009708 (0x0000bfe5) c.j     pc - 8
core   0: 3 0x80009708 (0xbfe5)
core   0: 0x80009700 (0x00002f17) auipc   t5, 0x2
core   0: 3 0x80009700 (0x00002f17) x30 0x8000b700
core   0: 0x80009704 (0x903f2023) sw      gp, -1792(t5)
core   0: 3 0x80009704 (0x903f2023) mem 0x8000b000 0x00000001
core   0: 0x80009708 (0x0000bfe5) c.j     pc - 8
core   0: 3 0x80009708 (0xbfe5)
core   0: 0x80009700 (0x00002f17) auipc   t5, 0x2
core   0: 3 0x80009700 (0x00002f17) x30 0x8000b700
core   0: 0x80009704 (0x903f2023) sw      gp, -1792(t5)
core   0: 3 0x80009704 (0x903f2023) mem 0x8000b000 0x00000001
core   0: 0x80009708 (0x0000bfe5) c.j     pc - 8
core   0: 3 0x80009708 (0xbfe5)
core   0: 0x80009700 (0x00002f17) auipc   t5, 0x2
core   0: 3 0x80009700 (0x00002f17) x30 0x8000b700
core   0: 0x80009704 (0x903f2023) sw      gp, -1792(t5)
core   0: 3 0x80009704 (0x903f2023) mem 0x8000b000 0x00000001
core   0: 0x80009708 (0x0000bfe5) c.j     pc - 8
core   0: 3 0x80009708 (0xbfe5)
core   0: 0x80009700 (0x00002f17) auipc   t5, 0x2
core   0: 3 0x80009700 (0x00002f17) x30 0x8000b700
core   0: 0x80009704 (0x903f2023) sw      gp, -1792(t5)
core   0: 3 0x80009704 (0x903f2023) mem 0x8000b000 0x00000001
core   0: 0x80009708 (0x0000bfe5) c.j     pc - 8
core   0: 3 0x80009708 (0xbfe5)
core   0: 0x80009700 (0x00002f17) auipc   t5, 0x2
core   0: 3 0x80009700 (0x00002f17) x30 0x8000b700
core   0: 0x80009704 (0x903f2023) sw      gp, -1792(t5)
core   0: 3 0x80009704 (0x903f2023) mem 0x8000b000 0x00000001
core   0: 0x80009708 (0x0000bfe5) c.j     pc - 8
core   0: 3 0x80009708 (0xbfe5)
core   0: 0x80009700 (0x00002f17) auipc   t5, 0x2
core   0: 3 0x80009700 (0x00002f17) x30 0x8000b700
core   0: 0x80009704 (0x903f2023) sw      gp, -1792(t5)
core   0: 3 0x80009704 (0x903f2023) mem 0x8000b000 0x00000001
core   0: 0x80009708 (0x0000bfe5) c.j     pc - 8
core   0: 3 0x80009708 (0xbfe5)
core   0: 0x80009700 (0x00002f17) auipc   t5, 0x2
core   0: 3 0x80009700 (0x00002f17) x30 0x8000b700
core   0: 0x80009704 (0x903f2023) sw      gp, -1792(t5)
core   0: 3 0x80009704 (0x903f2023) mem 0x8000b000 0x00000001
core   0: 0x80009708 (0x0000bfe5) c.j     pc - 8
core   0: 3 0x80009708 (0xbfe5)
core   0: 0x80009700 (0x00002f17) auipc   t5, 0x2
core   0: 3 0x80009700 (0x00002f17) x30 0x8000b700
core   0: 0x80009704 (0x903f2023) sw      gp, -1792(t5)
core   0: 3 0x80009704 (0x903f2023) mem 0x8000b000 0x00000001
core   0: 0x80009708 (0x0000bfe5) c.j     pc - 8
core   0: 3 0x80009708 (0xbfe5)
core   0: 0x80009700 (0x00002f17) auipc   t5, 0x2
core   0: 3 0x80009700 (0x00002f17) x30 0x8000b700
core   0: 0x80009704 (0x903f2023) sw      gp, -1792(t5)
core   0: 3 0x80009704 (0x903f2023) mem 0x8000b000 0x00000001
core   0: 0x80009708 (0x0000bfe5) c.j     pc - 8
core   0: 3 0x80009708 (0xbfe5)
core   0: 0x80009700 (0x00002f17) auipc   t5, 0x2
core   0: 3 0x80009700 (0x00002f17) x30 0x8000b700
core   0: 0x80009704 (0x903f2023) sw      gp, -1792(t5)
core   0: 3 0x80009704 (0x903f2023) mem 0x8000b000 0x00000001
core   0: 0x80009708 (0x0000bfe5) c.j     pc - 8
core   0: 3 0x80009708 (0xbfe5)
core   0: 0x80009700 (0x00002f17) auipc   t5, 0x2
core   0: 3 0x80009700 (0x00002f17) x30 0x8000b700
core   0: 0x80009704 (0x903f2023) sw      gp, -1792(t5)
core   0: 3 0x80009704 (0x903f2023) mem 0x8000b000 0x00000001
core   0: 0x80009708 (0x0000bfe5) c.j     pc - 8
core   0: 3 0x80009708 (0xbfe5)
core   0: 0x80009700 (0x00002f17) auipc   t5, 0x2
core   0: 3 0x80009700 (0x00002f17) x30 0x8000b700
core   0: 0x80009704 (0x903f2023) sw      gp, -1792(t5)
core   0: 3 0x80009704 (0x903f2023) mem 0x8000b000 0x00000001
core   0: 0x80009708 (0x0000bfe5) c.j     pc - 8
core   0: 3 0x80009708 (0xbfe5)
core   0: 0x80009700 (0x00002f17) auipc   t5, 0x2
core   0: 3 0x80009700 (0x00002f17) x30 0x8000b700
core   0: 0x80009704 (0x903f2023) sw      gp, -1792(t5)
core   0: 3 0x80009704 (0x903f2023) mem 0x8000b000 0x00000001
core   0: 0x80009708 (0x0000bfe5) c.j     pc - 8
core   0: 3 0x80009708 (0xbfe5)
core   0: 0x80009700 (0x00002f17) auipc   t5, 0x2
core   0: 3 0x80009700 (0x00002f17) x30 0x8000b700
core   0: 0x80009704 (0x903f2023) sw      gp, -1792(t5)
core   0: 3 0x80009704 (0x903f2023) mem 0x8000b000 0x00000001
core   0: 0x80009708 (0x0000bfe5) c.j     pc - 8
core   0: 3 0x80009708 (0xbfe5)
core   0: 0x80009700 (0x00002f17) auipc   t5, 0x2
core   0: 3 0x80009700 (0x00002f17) x30 0x8000b700
core   0: 0x80009704 (0x903f2023) sw      gp, -1792(t5)
core   0: 3 0x80009704 (0x903f2023) mem 0x8000b000 0x00000001
core   0: 0x80009708 (0x0000bfe5) c.j     pc - 8
core   0: 3 0x80009708 (0xbfe5)
core   0: 0x80009700 (0x00002f17) auipc   t5, 0x2
core   0: 3 0x80009700 (0x00002f17) x30 0x8000b700
core   0: 0x80009704 (0x903f2023) sw      gp, -1792(t5)
core   0: 3 0x80009704 (0x903f2023) mem 0x8000b000 0x00000001
core   0: 0x80009708 (0x0000bfe5) c.j     pc - 8
core   0: 3 0x80009708 (0xbfe5)
core   0: 0x80009700 (0x00002f17) auipc   t5, 0x2
core   0: 3 0x80009700 (0x00002f17) x30 0x8000b700
core   0: 0x80009704 (0x903f2023) sw      gp, -1792(t5)
core   0: 3 0x80009704 (0x903f2023) mem 0x8000b000 0x00000001
core   0: 0x80009708 (0x0000bfe5) c.j     pc - 8
core   0: 3 0x80009708 (0xbfe5)
core   0: 0x80009700 (0x00002f17) auipc   t5, 0x2
core   0: 3 0x80009700 (0x00002f17) x30 0x8000b700
core   0: 0x80009704 (0x903f2023) sw      gp, -1792(t5)
core   0: 3 0x80009704 (0x903f2023) mem 0x8000b000 0x00000001
core   0: 0x80009708 (0x0000bfe5) c.j     pc - 8
core   0: 3 0x80009708 (0xbfe5)
core   0: 0x80009700 (0x00002f17) auipc   t5, 0x2
core   0: 3 0x80009700 (0x00002f17) x30 0x8000b700
core   0: 0x80009704 (0x903f2023) sw      gp, -1792(t5)
core   0: 3 0x80009704 (0x903f2023) mem 0x8000b000 0x00000001
core   0: 0x80009708 (0x0000bfe5) c.j     pc - 8
core   0: 3 0x80009708 (0xbfe5)
core   0: 0x80009700 (0x00002f17) auipc   t5, 0x2
core   0: 3 0x80009700 (0x00002f17) x30 0x8000b700
core   0: 0x80009704 (0x903f2023) sw      gp, -1792(t5)
core   0: 3 0x80009704 (0x903f2023) mem 0x8000b000 0x00000001
core   0: 0x80009708 (0x0000bfe5) c.j     pc - 8
core   0: 3 0x80009708 (0xbfe5)
core   0: 0x80009700 (0x00002f17) auipc   t5, 0x2
core   0: 3 0x80009700 (0x00002f17) x30 0x8000b700
core   0: 0x80009704 (0x903f2023) sw      gp, -1792(t5)
core   0: 3 0x80009704 (0x903f2023) mem 0x8000b000 0x00000001
core   0: 0x80009708 (0x0000bfe5) c.j     pc - 8
core   0: 3 0x80009708 (0xbfe5)
core   0: 0x80009700 (0x00002f17) auipc   t5, 0x2
core   0: 3 0x80009700 (0x00002f17) x30 0x8000b700
core   0: 0x80009704 (0x903f2023) sw      gp, -1792(t5)
core   0: 3 0x80009704 (0x903f2023) mem 0x8000b000 0x00000001
core   0: 0x80009708 (0x0000bfe5) c.j     pc - 8
core   0: 3 0x80009708 (0xbfe5)
core   0: 0x80009700 (0x00002f17) auipc   t5, 0x2
core   0: 3 0x80009700 (0x00002f17) x30 0x8000b700
core   0: 0x80009704 (0x903f2023) sw      gp, -1792(t5)
core   0: 3 0x80009704 (0x903f2023) mem 0x8000b000 0x00000001
core   0: 0x80009708 (0x0000bfe5) c.j     pc - 8
core   0: 3 0x80009708 (0xbfe5)
core   0: 0x80009700 (0x00002f17) auipc   t5, 0x2
core   0: 3 0x80009700 (0x00002f17) x30 0x8000b700
core   0: 0x80009704 (0x903f2023) sw      gp, -1792(t5)
core   0: 3 0x80009704 (0x903f2023) mem 0x8000b000 0x00000001
core   0: 0x80009708 (0x0000bfe5) c.j     pc - 8
core   0: 3 0x80009708 (0xbfe5)
core   0: 0x80009700 (0x00002f17) auipc   t5, 0x2
core   0: 3 0x80009700 (0x00002f17) x30 0x8000b700
core   0: 0x80009704 (0x903f2023) sw      gp, -1792(t5)
core   0: 3 0x80009704 (0x903f2023) mem 0x8000b000 0x00000001
core   0: 0x80009708 (0x0000bfe5) c.j     pc - 8
core   0: 3 0x80009708 (0xbfe5)
core   0: 0x80009700 (0x00002f17) auipc   t5, 0x2
core   0: 3 0x80009700 (0x00002f17) x30 0x8000b700
core   0: 0x80009704 (0x903f2023) sw      gp, -1792(t5)
core   0: 3 0x80009704 (0x903f2023) mem 0x8000b000 0x00000001
core   0: 0x80009708 (0x0000bfe5) c.j     pc - 8
core   0: 3 0x80009708 (0xbfe5)
core   0: 0x80009700 (0x00002f17) auipc   t5, 0x2
core   0: 3 0x80009700 (0x00002f17) x30 0x8000b700
core   0: 0x80009704 (0x903f2023) sw      gp, -1792(t5)
core   0: 3 0x80009704 (0x903f2023) mem 0x8000b000 0x00000001
core   0: 0x80009708 (0x0000bfe5) c.j     pc - 8
core   0: 3 0x80009708 (0xbfe5)
core   0: 0x80009700 (0x00002f17) auipc   t5, 0x2
core   0: 3 0x80009700 (0x00002f17) x30 0x8000b700
core   0: 0x80009704 (0x903f2023) sw      gp, -1792(t5)
core   0: 3 0x80009704 (0x903f2023) mem 0x8000b000 0x00000001
core   0: 0x80009708 (0x0000bfe5) c.j     pc - 8
core   0: 3 0x80009708 (0xbfe5)
core   0: 0x80009700 (0x00002f17) auipc   t5, 0x2
core   0: 3 0x80009700 (0x00002f17) x30 0x8000b700
core   0: 0x80009704 (0x903f2023) sw      gp, -1792(t5)
core   0: 3 0x80009704 (0x903f2023) mem 0x8000b000 0x00000001
core   0: 0x80009708 (0x0000bfe5) c.j     pc - 8
core   0: 3 0x80009708 (0xbfe5)
core   0: 0x80009700 (0x00002f17) auipc   t5, 0x2
core   0: 3 0x80009700 (0x00002f17) x30 0x8000b700
core   0: 0x80009704 (0x903f2023) sw      gp, -1792(t5)
core   0: 3 0x80009704 (0x903f2023) mem 0x8000b000 0x00000001
core   0: 0x80009708 (0x0000bfe5) c.j     pc - 8
core   0: 3 0x80009708 (0xbfe5)
core   0: 0x80009700 (0x00002f17) auipc   t5, 0x2
core   0: 3 0x80009700 (0x00002f17) x30 0x8000b700
core   0: 0x80009704 (0x903f2023) sw      gp, -1792(t5)
core   0: 3 0x80009704 (0x903f2023) mem 0x8000b000 0x00000001
core   0: 0x80009708 (0x0000bfe5) c.j     pc - 8
core   0: 3 0x80009708 (0xbfe5)
core   0: 0x80009700 (0x00002f17) auipc   t5, 0x2
core   0: 3 0x80009700 (0x00002f17) x30 0x8000b700
core   0: 0x80009704 (0x903f2023) sw      gp, -1792(t5)
core   0: 3 0x80009704 (0x903f2023) mem 0x8000b000 0x00000001
core   0: 0x80009708 (0x0000bfe5) c.j     pc - 8
core   0: 3 0x80009708 (0xbfe5)
core   0: 0x80009700 (0x00002f17) auipc   t5, 0x2
core   0: 3 0x80009700 (0x00002f17) x30 0x8000b700
core   0: 0x80009704 (0x903f2023) sw      gp, -1792(t5)
core   0: 3 0x80009704 (0x903f2023) mem 0x8000b000 0x00000001
core   0: 0x80009708 (0x0000bfe5) c.j     pc - 8
core   0: 3 0x80009708 (0xbfe5)
core   0: 0x80009700 (0x00002f17) auipc   t5, 0x2
core   0: 3 0x80009700 (0x00002f17) x30 0x8000b700
core   0: 0x80009704 (0x903f2023) sw      gp, -1792(t5)
core   0: 3 0x80009704 (0x903f2023) mem 0x8000b000 0x00000001
core   0: 0x80009708 (0x0000bfe5) c.j     pc - 8
core   0: 3 0x80009708 (0xbfe5)
core   0: 0x80009700 (0x00002f17) auipc   t5, 0x2
core   0: 3 0x80009700 (0x00002f17) x30 0x8000b700
core   0: 0x80009704 (0x903f2023) sw      gp, -1792(t5)
core   0: 3 0x80009704 (0x903f2023) mem 0x8000b000 0x00000001
core   0: 0x80009708 (0x0000bfe5) c.j     pc - 8
core   0: 3 0x80009708 (0xbfe5)
core   0: 0x80009700 (0x00002f17) auipc   t5, 0x2
core   0: 3 0x80009700 (0x00002f17) x30 0x8000b700
core   0: 0x80009704 (0x903f2023) sw      gp, -1792(t5)
core   0: 3 0x80009704 (0x903f2023) mem 0x8000b000 0x00000001
core   0: 0x80009708 (0x0000bfe5) c.j     pc - 8
core   0: 3 0x80009708 (0xbfe5)
core   0: 0x80009700 (0x00002f17) auipc   t5, 0x2
core   0: 3 0x80009700 (0x00002f17) x30 0x8000b700
core   0: 0x80009704 (0x903f2023) sw      gp, -1792(t5)
core   0: 3 0x80009704 (0x903f2023) mem 0x8000b000 0x00000001
core   0: 0x80009708 (0x0000bfe5) c.j     pc - 8
core   0: 3 0x80009708 (0xbfe5)
core   0: 0x80009700 (0x00002f17) auipc   t5, 0x2
core   0: 3 0x80009700 (0x00002f17) x30 0x8000b700
core   0: 0x80009704 (0x903f2023) sw      gp, -1792(t5)
core   0: 3 0x80009704 (0x903f2023) mem 0x8000b000 0x00000001
core   0: 0x80009708 (0x0000bfe5) c.j     pc - 8
core   0: 3 0x80009708 (0xbfe5)
core   0: 0x80009700 (0x00002f17) auipc   t5, 0x2
core   0: 3 0x80009700 (0x00002f17) x30 0x8000b700
core   0: 0x80009704 (0x903f2023) sw      gp, -1792(t5)
core   0: 3 0x80009704 (0x903f2023) mem 0x8000b000 0x00000001
core   0: 0x80009708 (0x0000bfe5) c.j     pc - 8
core   0: 3 0x80009708 (0xbfe5)
core   0: 0x80009700 (0x00002f17) auipc   t5, 0x2
core   0: 3 0x80009700 (0x00002f17) x30 0x8000b700
core   0: 0x80009704 (0x903f2023) sw      gp, -1792(t5)
core   0: 3 0x80009704 (0x903f2023) mem 0x8000b000 0x00000001
core   0: 0x80009708 (0x0000bfe5) c.j     pc - 8
core   0: 3 0x80009708 (0xbfe5)
core   0: 0x80009700 (0x00002f17) auipc   t5, 0x2
core   0: 3 0x80009700 (0x00002f17) x30 0x8000b700
core   0: 0x80009704 (0x903f2023) sw      gp, -1792(t5)
core   0: 3 0x80009704 (0x903f2023) mem 0x8000b000 0x00000001
core   0: 0x80009708 (0x0000bfe5) c.j     pc - 8
core   0: 3 0x80009708 (0xbfe5)
core   0: 0x80009700 (0x00002f17) auipc   t5, 0x2
core   0: 3 0x80009700 (0x00002f17) x30 0x8000b700
core   0: 0x80009704 (0x903f2023) sw      gp, -1792(t5)
core   0: 3 0x80009704 (0x903f2023) mem 0x8000b000 0x00000001
core   0: 0x80009708 (0x0000bfe5) c.j     pc - 8
core   0: 3 0x80009708 (0xbfe5)
core   0: 0x80009700 (0x00002f17) auipc   t5, 0x2
core   0: 3 0x80009700 (0x00002f17) x30 0x8000b700
core   0: 0x80009704 (0x903f2023) sw      gp, -1792(t5)
core   0: 3 0x80009704 (0x903f2023) mem 0x8000b000 0x00000001
core   0: 0x80009708 (0x0000bfe5) c.j     pc - 8
core   0: 3 0x80009708 (0xbfe5)
core   0: 0x80009700 (0x00002f17) auipc   t5, 0x2
core   0: 3 0x80009700 (0x00002f17) x30 0x8000b700
core   0: 0x80009704 (0x903f2023) sw      gp, -1792(t5)
core   0: 3 0x80009704 (0x903f2023) mem 0x8000b000 0x00000001
core   0: 0x80009708 (0x0000bfe5) c.j     pc - 8
core   0: 3 0x80009708 (0xbfe5)
core   0: 0x80009700 (0x00002f17) auipc   t5, 0x2
core   0: 3 0x80009700 (0x00002f17) x30 0x8000b700
core   0: 0x80009704 (0x903f2023) sw      gp, -1792(t5)
core   0: 3 0x80009704 (0x903f2023) mem 0x8000b000 0x00000001
core   0: 0x80009708 (0x0000bfe5) c.j     pc - 8
core   0: 3 0x80009708 (0xbfe5)
core   0: 0x80009700 (0x00002f17) auipc   t5, 0x2
core   0: 3 0x80009700 (0x00002f17) x30 0x8000b700
core   0: 0x80009704 (0x903f2023) sw      gp, -1792(t5)
core   0: 3 0x80009704 (0x903f2023) mem 0x8000b000 0x00000001
core   0: 0x80009708 (0x0000bfe5) c.j     pc - 8
core   0: 3 0x80009708 (0xbfe5)
core   0: 0x80009700 (0x00002f17) auipc   t5, 0x2
core   0: 3 0x80009700 (0x00002f17) x30 0x8000b700
core   0: 0x80009704 (0x903f2023) sw      gp, -1792(t5)
core   0: 3 0x80009704 (0x903f2023) mem 0x8000b000 0x00000001
core   0: 0x80009708 (0x0000bfe5) c.j     pc - 8
core   0: 3 0x80009708 (0xbfe5)
core   0: 0x80009700 (0x00002f17) auipc   t5, 0x2
core   0: 3 0x80009700 (0x00002f17) x30 0x8000b700
core   0: 0x80009704 (0x903f2023) sw      gp, -1792(t5)
core   0: 3 0x80009704 (0x903f2023) mem 0x8000b000 0x00000001
core   0: 0x80009708 (0x0000bfe5) c.j     pc - 8
core   0: 3 0x80009708 (0xbfe5)
core   0: 0x80009700 (0x00002f17) auipc   t5, 0x2
core   0: 3 0x80009700 (0x00002f17) x30 0x8000b700
core   0: 0x80009704 (0x903f2023) sw      gp, -1792(t5)
core   0: 3 0x80009704 (0x903f2023) mem 0x8000b000 0x00000001
core   0: 0x80009708 (0x0000bfe5) c.j     pc - 8
core   0: 3 0x80009708 (0xbfe5)
core   0: 0x80009700 (0x00002f17) auipc   t5, 0x2
core   0: 3 0x80009700 (0x00002f17) x30 0x8000b700
core   0: 0x80009704 (0x903f2023) sw      gp, -1792(t5)
core   0: 3 0x80009704 (0x903f2023) mem 0x8000b000 0x00000001
core   0: 0x80009708 (0x0000bfe5) c.j     pc - 8
core   0: 3 0x80009708 (0xbfe5)
core   0: 0x80009700 (0x00002f17) auipc   t5, 0x2
core   0: 3 0x80009700 (0x00002f17) x30 0x8000b700
core   0: 0x80009704 (0x903f2023) sw      gp, -1792(t5)
core   0: 3 0x80009704 (0x903f2023) mem 0x8000b000 0x00000001
core   0: 0x80009708 (0x0000bfe5) c.j     pc - 8
core   0: 3 0x80009708 (0xbfe5)
core   0: 0x80009700 (0x00002f17) auipc   t5, 0x2
core   0: 3 0x80009700 (0x00002f17) x30 0x8000b700
core   0: 0x80009704 (0x903f2023) sw      gp, -1792(t5)
core   0: 3 0x80009704 (0x903f2023) mem 0x8000b000 0x00000001
core   0: 0x80009708 (0x0000bfe5) c.j     pc - 8
core   0: 3 0x80009708 (0xbfe5)
core   0: 0x80009700 (0x00002f17) auipc   t5, 0x2
core   0: 3 0x80009700 (0x00002f17) x30 0x8000b700
core   0: 0x80009704 (0x903f2023) sw      gp, -1792(t5)
core   0: 3 0x80009704 (0x903f2023) mem 0x8000b000 0x00000001
core   0: 0x80009708 (0x0000bfe5) c.j     pc - 8
core   0: 3 0x80009708 (0xbfe5)
core   0: 0x80009700 (0x00002f17) auipc   t5, 0x2
core   0: 3 0x80009700 (0x00002f17) x30 0x8000b700
core   0: 0x80009704 (0x903f2023) sw      gp, -1792(t5)
core   0: 3 0x80009704 (0x903f2023) mem 0x8000b000 0x00000001
core   0: 0x80009708 (0x0000bfe5) c.j     pc - 8
core   0: 3 0x80009708 (0xbfe5)
core   0: 0x80009700 (0x00002f17) auipc   t5, 0x2
core   0: 3 0x80009700 (0x00002f17) x30 0x8000b700
core   0: 0x80009704 (0x903f2023) sw      gp, -1792(t5)
core   0: 3 0x80009704 (0x903f2023) mem 0x8000b000 0x00000001
core   0: 0x80009708 (0x0000bfe5) c.j     pc - 8
core   0: 3 0x80009708 (0xbfe5)
core   0: 0x80009700 (0x00002f17) auipc   t5, 0x2
core   0: 3 0x80009700 (0x00002f17) x30 0x8000b700
core   0: 0x80009704 (0x903f2023) sw      gp, -1792(t5)
core   0: 3 0x80009704 (0x903f2023) mem 0x8000b000 0x00000001
core   0: 0x80009708 (0x0000bfe5) c.j     pc - 8
core   0: 3 0x80009708 (0xbfe5)
core   0: 0x80009700 (0x00002f17) auipc   t5, 0x2
core   0: 3 0x80009700 (0x00002f17) x30 0x8000b700
core   0: 0x80009704 (0x903f2023) sw      gp, -1792(t5)
core   0: 3 0x80009704 (0x903f2023) mem 0x8000b000 0x00000001
core   0: 0x80009708 (0x0000bfe5) c.j     pc - 8
core   0: 3 0x80009708 (0xbfe5)
core   0: 0x80009700 (0x00002f17) auipc   t5, 0x2
core   0: 3 0x80009700 (0x00002f17) x30 0x8000b700
core   0: 0x80009704 (0x903f2023) sw      gp, -1792(t5)
core   0: 3 0x80009704 (0x903f2023) mem 0x8000b000 0x00000001
core   0: 0x80009708 (0x0000bfe5) c.j     pc - 8
core   0: 3 0x80009708 (0xbfe5)
core   0: 0x80009700 (0x00002f17) auipc   t5, 0x2
core   0: 3 0x80009700 (0x00002f17) x30 0x8000b700
core   0: 0x80009704 (0x903f2023) sw      gp, -1792(t5)
core   0: 3 0x80009704 (0x903f2023) mem 0x8000b000 0x00000001
core   0: 0x80009708 (0x0000bfe5) c.j     pc - 8
core   0: 3 0x80009708 (0xbfe5)
core   0: 0x80009700 (0x00002f17) auipc   t5, 0x2
core   0: 3 0x80009700 (0x00002f17) x30 0x8000b700
core   0: 0x80009704 (0x903f2023) sw      gp, -1792(t5)
core   0: 3 0x80009704 (0x903f2023) mem 0x8000b000 0x00000001
core   0: 0x80009708 (0x0000bfe5) c.j     pc - 8
core   0: 3 0x80009708 (0xbfe5)
core   0: 0x80009700 (0x00002f17) auipc   t5, 0x2
core   0: 3 0x80009700 (0x00002f17) x30 0x8000b700
core   0: 0x80009704 (0x903f2023) sw      gp, -1792(t5)
core   0: 3 0x80009704 (0x903f2023) mem 0x8000b000 0x00000001
core   0: 0x80009708 (0x0000bfe5) c.j     pc - 8
core   0: 3 0x80009708 (0xbfe5)
core   0: 0x80009700 (0x00002f17) auipc   t5, 0x2
core   0: 3 0x80009700 (0x00002f17) x30 0x8000b700
core   0: 0x80009704 (0x903f2023) sw      gp, -1792(t5)
core   0: 3 0x80009704 (0x903f2023) mem 0x8000b000 0x00000001
core   0: 0x80009708 (0x0000bfe5) c.j     pc - 8
core   0: 3 0x80009708 (0xbfe5)
core   0: 0x80009700 (0x00002f17) auipc   t5, 0x2
core   0: 3 0x80009700 (0x00002f17) x30 0x8000b700
core   0: 0x80009704 (0x903f2023) sw      gp, -1792(t5)
core   0: 3 0x80009704 (0x903f2023) mem 0x8000b000 0x00000001
core   0: 0x80009708 (0x0000bfe5) c.j     pc - 8
core   0: 3 0x80009708 (0xbfe5)
core   0: 0x80009700 (0x00002f17) auipc   t5, 0x2
core   0: 3 0x80009700 (0x00002f17) x30 0x8000b700
core   0: 0x80009704 (0x903f2023) sw      gp, -1792(t5)
core   0: 3 0x80009704 (0x903f2023) mem 0x8000b000 0x00000001
core   0: 0x80009708 (0x0000bfe5) c.j     pc - 8
core   0: 3 0x80009708 (0xbfe5)
core   0: 0x80009700 (0x00002f17) auipc   t5, 0x2
core   0: 3 0x80009700 (0x00002f17) x30 0x8000b700
core   0: 0x80009704 (0x903f2023) sw      gp, -1792(t5)
core   0: 3 0x80009704 (0x903f2023) mem 0x8000b000 0x00000001
core   0: 0x80009708 (0x0000bfe5) c.j     pc - 8
core   0: 3 0x80009708 (0xbfe5)
core   0: 0x80009700 (0x00002f17) auipc   t5, 0x2
core   0: 3 0x80009700 (0x00002f17) x30 0x8000b700
core   0: 0x80009704 (0x903f2023) sw      gp, -1792(t5)
core   0: 3 0x80009704 (0x903f2023) mem 0x8000b000 0x00000001
core   0: 0x80009708 (0x0000bfe5) c.j     pc - 8
core   0: 3 0x80009708 (0xbfe5)
core   0: 0x80009700 (0x00002f17) auipc   t5, 0x2
core   0: 3 0x80009700 (0x00002f17) x30 0x8000b700
core   0: 0x80009704 (0x903f2023) sw      gp, -1792(t5)
core   0: 3 0x80009704 (0x903f2023) mem 0x8000b000 0x00000001
core   0: 0x80009708 (0x0000bfe5) c.j     pc - 8
core   0: 3 0x80009708 (0xbfe5)
core   0: 0x80009700 (0x00002f17) auipc   t5, 0x2
core   0: 3 0x80009700 (0x00002f17) x30 0x8000b700
core   0: 0x80009704 (0x903f2023) sw      gp, -1792(t5)
core   0: 3 0x80009704 (0x903f2023) mem 0x8000b000 0x00000001
core   0: 0x80009708 (0x0000bfe5) c.j     pc - 8
core   0: 3 0x80009708 (0xbfe5)
core   0: 0x80009700 (0x00002f17) auipc   t5, 0x2
core   0: 3 0x80009700 (0x00002f17) x30 0x8000b700
core   0: 0x80009704 (0x903f2023) sw      gp, -1792(t5)
core   0: 3 0x80009704 (0x903f2023) mem 0x8000b000 0x00000001
core   0: 0x80009708 (0x0000bfe5) c.j     pc - 8
core   0: 3 0x80009708 (0xbfe5)
core   0: 0x80009700 (0x00002f17) auipc   t5, 0x2
core   0: 3 0x80009700 (0x00002f17) x30 0x8000b700
core   0: 0x80009704 (0x903f2023) sw      gp, -1792(t5)
core   0: 3 0x80009704 (0x903f2023) mem 0x8000b000 0x00000001
core   0: 0x80009708 (0x0000bfe5) c.j     pc - 8
core   0: 3 0x80009708 (0xbfe5)
core   0: 0x80009700 (0x00002f17) auipc   t5, 0x2
core   0: 3 0x80009700 (0x00002f17) x30 0x8000b700
core   0: 0x80009704 (0x903f2023) sw      gp, -1792(t5)
core   0: 3 0x80009704 (0x903f2023) mem 0x8000b000 0x00000001
core   0: 0x80009708 (0x0000bfe5) c.j     pc - 8
core   0: 3 0x80009708 (0xbfe5)
core   0: 0x80009700 (0x00002f17) auipc   t5, 0x2
core   0: 3 0x80009700 (0x00002f17) x30 0x8000b700
core   0: 0x80009704 (0x903f2023) sw      gp, -1792(t5)
core   0: 3 0x80009704 (0x903f2023) mem 0x8000b000 0x00000001
core   0: 0x80009708 (0x0000bfe5) c.j     pc - 8
core   0: 3 0x80009708 (0xbfe5)
core   0: 0x80009700 (0x00002f17) auipc   t5, 0x2
core   0: 3 0x80009700 (0x00002f17) x30 0x8000b700
core   0: 0x80009704 (0x903f2023) sw      gp, -1792(t5)
core   0: 3 0x80009704 (0x903f2023) mem 0x8000b000 0x00000001
core   0: 0x80009708 (0x0000bfe5) c.j     pc - 8
core   0: 3 0x80009708 (0xbfe5)
core   0: 0x80009700 (0x00002f17) auipc   t5, 0x2
core   0: 3 0x80009700 (0x00002f17) x30 0x8000b700
core   0: 0x80009704 (0x903f2023) sw      gp, -1792(t5)
core   0: 3 0x80009704 (0x903f2023) mem 0x8000b000 0x00000001
core   0: 0x80009708 (0x0000bfe5) c.j     pc - 8
core   0: 3 0x80009708 (0xbfe5)
core   0: 0x80009700 (0x00002f17) auipc   t5, 0x2
core   0: 3 0x80009700 (0x00002f17) x30 0x8000b700
core   0: 0x80009704 (0x903f2023) sw      gp, -1792(t5)
core   0: 3 0x80009704 (0x903f2023) mem 0x8000b000 0x00000001
core   0: 0x80009708 (0x0000bfe5) c.j     pc - 8
core   0: 3 0x80009708 (0xbfe5)
core   0: 0x80009700 (0x00002f17) auipc   t5, 0x2
core   0: 3 0x80009700 (0x00002f17) x30 0x8000b700
core   0: 0x80009704 (0x903f2023) sw      gp, -1792(t5)
core   0: 3 0x80009704 (0x903f2023) mem 0x8000b000 0x00000001
core   0: 0x80009708 (0x0000bfe5) c.j     pc - 8
core   0: 3 0x80009708 (0xbfe5)
core   0: 0x80009700 (0x00002f17) auipc   t5, 0x2
core   0: 3 0x80009700 (0x00002f17) x30 0x8000b700
core   0: 0x80009704 (0x903f2023) sw      gp, -1792(t5)
core   0: 3 0x80009704 (0x903f2023) mem 0x8000b000 0x00000001
core   0: 0x80009708 (0x0000bfe5) c.j     pc - 8
core   0: 3 0x80009708 (0xbfe5)
core   0: 0x80009700 (0x00002f17) auipc   t5, 0x2
core   0: 3 0x80009700 (0x00002f17) x30 0x8000b700
core   0: 0x80009704 (0x903f2023) sw      gp, -1792(t5)
core   0: 3 0x80009704 (0x903f2023) mem 0x8000b000 0x00000001
core   0: 0x80009708 (0x0000bfe5) c.j     pc - 8
core   0: 3 0x80009708 (0xbfe5)
core   0: 0x80009700 (0x00002f17) auipc   t5, 0x2
core   0: 3 0x80009700 (0x00002f17) x30 0x8000b700
core   0: 0x80009704 (0x903f2023) sw      gp, -1792(t5)
core   0: 3 0x80009704 (0x903f2023) mem 0x8000b000 0x00000001
core   0: 0x80009708 (0x0000bfe5) c.j     pc - 8
core   0: 3 0x80009708 (0xbfe5)
core   0: 0x80009700 (0x00002f17) auipc   t5, 0x2
core   0: 3 0x80009700 (0x00002f17) x30 0x8000b700
core   0: 0x80009704 (0x903f2023) sw      gp, -1792(t5)
core   0: 3 0x80009704 (0x903f2023) mem 0x8000b000 0x00000001
core   0: 0x80009708 (0x0000bfe5) c.j     pc - 8
core   0: 3 0x80009708 (0xbfe5)
core   0: 0x80009700 (0x00002f17) auipc   t5, 0x2
core   0: 3 0x80009700 (0x00002f17) x30 0x8000b700
core   0: 0x80009704 (0x903f2023) sw      gp, -1792(t5)
core   0: 3 0x80009704 (0x903f2023) mem 0x8000b000 0x00000001
core   0: 0x80009708 (0x0000bfe5) c.j     pc - 8
core   0: 3 0x80009708 (0xbfe5)
core   0: 0x80009700 (0x00002f17) auipc   t5, 0x2
core   0: 3 0x80009700 (0x00002f17) x30 0x8000b700
core   0: 0x80009704 (0x903f2023) sw      gp, -1792(t5)
core   0: 3 0x80009704 (0x903f2023) mem 0x8000b000 0x00000001
core   0: 0x80009708 (0x0000bfe5) c.j     pc - 8
core   0: 3 0x80009708 (0xbfe5)
core   0: 0x80009700 (0x00002f17) auipc   t5, 0x2
core   0: 3 0x80009700 (0x00002f17) x30 0x8000b700
core   0: 0x80009704 (0x903f2023) sw      gp, -1792(t5)
core   0: 3 0x80009704 (0x903f2023) mem 0x8000b000 0x00000001
core   0: 0x80009708 (0x0000bfe5) c.j     pc - 8
core   0: 3 0x80009708 (0xbfe5)
core   0: 0x80009700 (0x00002f17) auipc   t5, 0x2
core   0: 3 0x80009700 (0x00002f17) x30 0x8000b700
core   0: 0x80009704 (0x903f2023) sw      gp, -1792(t5)
core   0: 3 0x80009704 (0x903f2023) mem 0x8000b000 0x00000001
core   0: 0x80009708 (0x0000bfe5) c.j     pc - 8
core   0: 3 0x80009708 (0xbfe5)
core   0: 0x80009700 (0x00002f17) auipc   t5, 0x2
core   0: 3 0x80009700 (0x00002f17) x30 0x8000b700
core   0: 0x80009704 (0x903f2023) sw      gp, -1792(t5)
core   0: 3 0x80009704 (0x903f2023) mem 0x8000b000 0x00000001
core   0: 0x80009708 (0x0000bfe5) c.j     pc - 8
core   0: 3 0x80009708 (0xbfe5)
core   0: 0x80009700 (0x00002f17) auipc   t5, 0x2
core   0: 3 0x80009700 (0x00002f17) x30 0x8000b700
core   0: 0x80009704 (0x903f2023) sw      gp, -1792(t5)
core   0: 3 0x80009704 (0x903f2023) mem 0x8000b000 0x00000001
core   0: 0x80009708 (0x0000bfe5) c.j     pc - 8
core   0: 3 0x80009708 (0xbfe5)
core   0: 0x80009700 (0x00002f17) auipc   t5, 0x2
core   0: 3 0x80009700 (0x00002f17) x30 0x8000b700
core   0: 0x80009704 (0x903f2023) sw      gp, -1792(t5)
core   0: 3 0x80009704 (0x903f2023) mem 0x8000b000 0x00000001
core   0: 0x80009708 (0x0000bfe5) c.j     pc - 8
core   0: 3 0x80009708 (0xbfe5)
core   0: 0x80009700 (0x00002f17) auipc   t5, 0x2
core   0: 3 0x80009700 (0x00002f17) x30 0x8000b700
core   0: 0x80009704 (0x903f2023) sw      gp, -1792(t5)
core   0: 3 0x80009704 (0x903f2023) mem 0x8000b000 0x00000001
core   0: 0x80009708 (0x0000bfe5) c.j     pc - 8
core   0: 3 0x80009708 (0xbfe5)
core   0: 0x80009700 (0x00002f17) auipc   t5, 0x2
core   0: 3 0x80009700 (0x00002f17) x30 0x8000b700
core   0: 0x80009704 (0x903f2023) sw      gp, -1792(t5)
core   0: 3 0x80009704 (0x903f2023) mem 0x8000b000 0x00000001
core   0: 0x80009708 (0x0000bfe5) c.j     pc - 8
core   0: 3 0x80009708 (0xbfe5)
core   0: 0x80009700 (0x00002f17) auipc   t5, 0x2
core   0: 3 0x80009700 (0x00002f17) x30 0x8000b700
core   0: 0x80009704 (0x903f2023) sw      gp, -1792(t5)
core   0: 3 0x80009704 (0x903f2023) mem 0x8000b000 0x00000001
core   0: 0x80009708 (0x0000bfe5) c.j     pc - 8
core   0: 3 0x80009708 (0xbfe5)
core   0: 0x80009700 (0x00002f17) auipc   t5, 0x2
core   0: 3 0x80009700 (0x00002f17) x30 0x8000b700
core   0: 0x80009704 (0x903f2023) sw      gp, -1792(t5)
core   0: 3 0x80009704 (0x903f2023) mem 0x8000b000 0x00000001
core   0: 0x80009708 (0x0000bfe5) c.j     pc - 8
core   0: 3 0x80009708 (0xbfe5)
core   0: 0x80009700 (0x00002f17) auipc   t5, 0x2
core   0: 3 0x80009700 (0x00002f17) x30 0x8000b700
core   0: 0x80009704 (0x903f2023) sw      gp, -1792(t5)
core   0: 3 0x80009704 (0x903f2023) mem 0x8000b000 0x00000001
core   0: 0x80009708 (0x0000bfe5) c.j     pc - 8
core   0: 3 0x80009708 (0xbfe5)
core   0: 0x80009700 (0x00002f17) auipc   t5, 0x2
core   0: 3 0x80009700 (0x00002f17) x30 0x8000b700
core   0: 0x80009704 (0x903f2023) sw      gp, -1792(t5)
core   0: 3 0x80009704 (0x903f2023) mem 0x8000b000 0x00000001
core   0: 0x80009708 (0x0000bfe5) c.j     pc - 8
core   0: 3 0x80009708 (0xbfe5)
core   0: 0x80009700 (0x00002f17) auipc   t5, 0x2
core   0: 3 0x80009700 (0x00002f17) x30 0x8000b700
core   0: 0x80009704 (0x903f2023) sw      gp, -1792(t5)
core   0: 3 0x80009704 (0x903f2023) mem 0x8000b000 0x00000001
core   0: 0x80009708 (0x0000bfe5) c.j     pc - 8
core   0: 3 0x80009708 (0xbfe5)
core   0: 0x80009700 (0x00002f17) auipc   t5, 0x2
core   0: 3 0x80009700 (0x00002f17) x30 0x8000b700
core   0: 0x80009704 (0x903f2023) sw      gp, -1792(t5)
core   0: 3 0x80009704 (0x903f2023) mem 0x8000b000 0x00000001
core   0: 0x80009708 (0x0000bfe5) c.j     pc - 8
core   0: 3 0x80009708 (0xbfe5)
core   0: 0x80009700 (0x00002f17) auipc   t5, 0x2
core   0: 3 0x80009700 (0x00002f17) x30 0x8000b700
core   0: 0x80009704 (0x903f2023) sw      gp, -1792(t5)
core   0: 3 0x80009704 (0x903f2023) mem 0x8000b000 0x00000001
core   0: 0x80009708 (0x0000bfe5) c.j     pc - 8
core   0: 3 0x80009708 (0xbfe5)
core   0: 0x80009700 (0x00002f17) auipc   t5, 0x2
core   0: 3 0x80009700 (0x00002f17) x30 0x8000b700
core   0: 0x80009704 (0x903f2023) sw      gp, -1792(t5)
core   0: 3 0x80009704 (0x903f2023) mem 0x8000b000 0x00000001
core   0: 0x80009708 (0x0000bfe5) c.j     pc - 8
core   0: 3 0x80009708 (0xbfe5)
core   0: 0x80009700 (0x00002f17) auipc   t5, 0x2
core   0: 3 0x80009700 (0x00002f17) x30 0x8000b700
core   0: 0x80009704 (0x903f2023) sw      gp, -1792(t5)
core   0: 3 0x80009704 (0x903f2023) mem 0x8000b000 0x00000001
core   0: 0x80009708 (0x0000bfe5) c.j     pc - 8
core   0: 3 0x80009708 (0xbfe5)
core   0: 0x80009700 (0x00002f17) auipc   t5, 0x2
core   0: 3 0x80009700 (0x00002f17) x30 0x8000b700
core   0: 0x80009704 (0x903f2023) sw      gp, -1792(t5)
core   0: 3 0x80009704 (0x903f2023) mem 0x8000b000 0x00000001
core   0: 0x80009708 (0x0000bfe5) c.j     pc - 8
core   0: 3 0x80009708 (0xbfe5)
core   0: 0x80009700 (0x00002f17) auipc   t5, 0x2
core   0: 3 0x80009700 (0x00002f17) x30 0x8000b700
core   0: 0x80009704 (0x903f2023) sw      gp, -1792(t5)
core   0: 3 0x80009704 (0x903f2023) mem 0x8000b000 0x00000001
core   0: 0x80009708 (0x0000bfe5) c.j     pc - 8
core   0: 3 0x80009708 (0xbfe5)
core   0: 0x80009700 (0x00002f17) auipc   t5, 0x2
core   0: 3 0x80009700 (0x00002f17) x30 0x8000b700
core   0: 0x80009704 (0x903f2023) sw      gp, -1792(t5)
core   0: 3 0x80009704 (0x903f2023) mem 0x8000b000 0x00000001
core   0: 0x80009708 (0x0000bfe5) c.j     pc - 8
core   0: 3 0x80009708 (0xbfe5)
core   0: 0x80009700 (0x00002f17) auipc   t5, 0x2
core   0: 3 0x80009700 (0x00002f17) x30 0x8000b700
core   0: 0x80009704 (0x903f2023) sw      gp, -1792(t5)
core   0: 3 0x80009704 (0x903f2023) mem 0x8000b000 0x00000001
core   0: 0x80009708 (0x0000bfe5) c.j     pc - 8
core   0: 3 0x80009708 (0xbfe5)
core   0: 0x80009700 (0x00002f17) auipc   t5, 0x2
core   0: 3 0x80009700 (0x00002f17) x30 0x8000b700
core   0: 0x80009704 (0x903f2023) sw      gp, -1792(t5)
core   0: 3 0x80009704 (0x903f2023) mem 0x8000b000 0x00000001
core   0: 0x80009708 (0x0000bfe5) c.j     pc - 8
core   0: 3 0x80009708 (0xbfe5)
core   0: 0x80009700 (0x00002f17) auipc   t5, 0x2
core   0: 3 0x80009700 (0x00002f17) x30 0x8000b700
core   0: 0x80009704 (0x903f2023) sw      gp, -1792(t5)
core   0: 3 0x80009704 (0x903f2023) mem 0x8000b000 0x00000001
core   0: 0x80009708 (0x0000bfe5) c.j     pc - 8
core   0: 3 0x80009708 (0xbfe5)
core   0: 0x80009700 (0x00002f17) auipc   t5, 0x2
core   0: 3 0x80009700 (0x00002f17) x30 0x8000b700
core   0: 0x80009704 (0x903f2023) sw      gp, -1792(t5)
core   0: 3 0x80009704 (0x903f2023) mem 0x8000b000 0x00000001
core   0: 0x80009708 (0x0000bfe5) c.j     pc - 8
core   0: 3 0x80009708 (0xbfe5)
core   0: 0x80009700 (0x00002f17) auipc   t5, 0x2
core   0: 3 0x80009700 (0x00002f17) x30 0x8000b700
core   0: 0x80009704 (0x903f2023) sw      gp, -1792(t5)
core   0: 3 0x80009704 (0x903f2023) mem 0x8000b000 0x00000001
core   0: 0x80009708 (0x0000bfe5) c.j     pc - 8
core   0: 3 0x80009708 (0xbfe5)
core   0: 0x80009700 (0x00002f17) auipc   t5, 0x2
core   0: 3 0x80009700 (0x00002f17) x30 0x8000b700
core   0: 0x80009704 (0x903f2023) sw      gp, -1792(t5)
core   0: 3 0x80009704 (0x903f2023) mem 0x8000b000 0x00000001
core   0: 0x80009708 (0x0000bfe5) c.j     pc - 8
core   0: 3 0x80009708 (0xbfe5)
core   0: 0x80009700 (0x00002f17) auipc   t5, 0x2
core   0: 3 0x80009700 (0x00002f17) x30 0x8000b700
core   0: 0x80009704 (0x903f2023) sw      gp, -1792(t5)
core   0: 3 0x80009704 (0x903f2023) mem 0x8000b000 0x00000001
core   0: 0x80009708 (0x0000bfe5) c.j     pc - 8
core   0: 3 0x80009708 (0xbfe5)
core   0: 0x80009700 (0x00002f17) auipc   t5, 0x2
core   0: 3 0x80009700 (0x00002f17) x30 0x8000b700
core   0: 0x80009704 (0x903f2023) sw      gp, -1792(t5)
core   0: 3 0x80009704 (0x903f2023) mem 0x8000b000 0x00000001
core   0: 0x80009708 (0x0000bfe5) c.j     pc - 8
core   0: 3 0x80009708 (0xbfe5)
core   0: 0x80009700 (0x00002f17) auipc   t5, 0x2
core   0: 3 0x80009700 (0x00002f17) x30 0x8000b700
core   0: 0x80009704 (0x903f2023) sw      gp, -1792(t5)
core   0: 3 0x80009704 (0x903f2023) mem 0x8000b000 0x00000001
core   0: 0x80009708 (0x0000bfe5) c.j     pc - 8
core   0: 3 0x80009708 (0xbfe5)
core   0: 0x80009700 (0x00002f17) auipc   t5, 0x2
core   0: 3 0x80009700 (0x00002f17) x30 0x8000b700
core   0: 0x80009704 (0x903f2023) sw      gp, -1792(t5)
core   0: 3 0x80009704 (0x903f2023) mem 0x8000b000 0x00000001
core   0: 0x80009708 (0x0000bfe5) c.j     pc - 8
core   0: 3 0x80009708 (0xbfe5)
core   0: 0x80009700 (0x00002f17) auipc   t5, 0x2
core   0: 3 0x80009700 (0x00002f17) x30 0x8000b700
core   0: 0x80009704 (0x903f2023) sw      gp, -1792(t5)
core   0: 3 0x80009704 (0x903f2023) mem 0x8000b000 0x00000001
core   0: 0x80009708 (0x0000bfe5) c.j     pc - 8
core   0: 3 0x80009708 (0xbfe5)
core   0: 0x80009700 (0x00002f17) auipc   t5, 0x2
core   0: 3 0x80009700 (0x00002f17) x30 0x8000b700
core   0: 0x80009704 (0x903f2023) sw      gp, -1792(t5)
core   0: 3 0x80009704 (0x903f2023) mem 0x8000b000 0x00000001
core   0: 0x80009708 (0x0000bfe5) c.j     pc - 8
core   0: 3 0x80009708 (0xbfe5)
core   0: 0x80009700 (0x00002f17) auipc   t5, 0x2
core   0: 3 0x80009700 (0x00002f17) x30 0x8000b700
core   0: 0x80009704 (0x903f2023) sw      gp, -1792(t5)
core   0: 3 0x80009704 (0x903f2023) mem 0x8000b000 0x00000001
core   0: 0x80009708 (0x0000bfe5) c.j     pc - 8
core   0: 3 0x80009708 (0xbfe5)
core   0: 0x80009700 (0x00002f17) auipc   t5, 0x2
core   0: 3 0x80009700 (0x00002f17) x30 0x8000b700
core   0: 0x80009704 (0x903f2023) sw      gp, -1792(t5)
core   0: 3 0x80009704 (0x903f2023) mem 0x8000b000 0x00000001
core   0: 0x80009708 (0x0000bfe5) c.j     pc - 8
core   0: 3 0x80009708 (0xbfe5)
core   0: 0x80009700 (0x00002f17) auipc   t5, 0x2
core   0: 3 0x80009700 (0x00002f17) x30 0x8000b700
core   0: 0x80009704 (0x903f2023) sw      gp, -1792(t5)
core   0: 3 0x80009704 (0x903f2023) mem 0x8000b000 0x00000001
core   0: 0x80009708 (0x0000bfe5) c.j     pc - 8
core   0: 3 0x80009708 (0xbfe5)
core   0: 0x80009700 (0x00002f17) auipc   t5, 0x2
core   0: 3 0x80009700 (0x00002f17) x30 0x8000b700
core   0: 0x80009704 (0x903f2023) sw      gp, -1792(t5)
core   0: 3 0x80009704 (0x903f2023) mem 0x8000b000 0x00000001
core   0: 0x80009708 (0x0000bfe5) c.j     pc - 8
core   0: 3 0x80009708 (0xbfe5)
core   0: 0x80009700 (0x00002f17) auipc   t5, 0x2
core   0: 3 0x80009700 (0x00002f17) x30 0x8000b700
core   0: 0x80009704 (0x903f2023) sw      gp, -1792(t5)
core   0: 3 0x80009704 (0x903f2023) mem 0x8000b000 0x00000001
core   0: 0x80009708 (0x0000bfe5) c.j     pc - 8
core   0: 3 0x80009708 (0xbfe5)
core   0: 0x80009700 (0x00002f17) auipc   t5, 0x2
core   0: 3 0x80009700 (0x00002f17) x30 0x8000b700
core   0: 0x80009704 (0x903f2023) sw      gp, -1792(t5)
core   0: 3 0x80009704 (0x903f2023) mem 0x8000b000 0x00000001
core   0: 0x80009708 (0x0000bfe5) c.j     pc - 8
core   0: 3 0x80009708 (0xbfe5)
core   0: 0x80009700 (0x00002f17) auipc   t5, 0x2
core   0: 3 0x80009700 (0x00002f17) x30 0x8000b700
core   0: 0x80009704 (0x903f2023) sw      gp, -1792(t5)
core   0: 3 0x80009704 (0x903f2023) mem 0x8000b000 0x00000001
core   0: 0x80009708 (0x0000bfe5) c.j     pc - 8
core   0: 3 0x80009708 (0xbfe5)
core   0: 0x80009700 (0x00002f17) auipc   t5, 0x2
core   0: 3 0x80009700 (0x00002f17) x30 0x8000b700
core   0: 0x80009704 (0x903f2023) sw      gp, -1792(t5)
core   0: 3 0x80009704 (0x903f2023) mem 0x8000b000 0x00000001
core   0: 0x80009708 (0x0000bfe5) c.j     pc - 8
core   0: 3 0x80009708 (0xbfe5)
core   0: 0x80009700 (0x00002f17) auipc   t5, 0x2
core   0: 3 0x80009700 (0x00002f17) x30 0x8000b700
core   0: 0x80009704 (0x903f2023) sw      gp, -1792(t5)
core   0: 3 0x80009704 (0x903f2023) mem 0x8000b000 0x00000001
core   0: 0x80009708 (0x0000bfe5) c.j     pc - 8
core   0: 3 0x80009708 (0xbfe5)
core   0: 0x80009700 (0x00002f17) auipc   t5, 0x2
core   0: 3 0x80009700 (0x00002f17) x30 0x8000b700
core   0: 0x80009704 (0x903f2023) sw      gp, -1792(t5)
core   0: 3 0x80009704 (0x903f2023) mem 0x8000b000 0x00000001
core   0: 0x80009708 (0x0000bfe5) c.j     pc - 8
core   0: 3 0x80009708 (0xbfe5)
core   0: 0x80009700 (0x00002f17) auipc   t5, 0x2
core   0: 3 0x80009700 (0x00002f17) x30 0x8000b700
core   0: 0x80009704 (0x903f2023) sw      gp, -1792(t5)
core   0: 3 0x80009704 (0x903f2023) mem 0x8000b000 0x00000001
core   0: 0x80009708 (0x0000bfe5) c.j     pc - 8
core   0: 3 0x80009708 (0xbfe5)
core   0: 0x80009700 (0x00002f17) auipc   t5, 0x2
core   0: 3 0x80009700 (0x00002f17) x30 0x8000b700
core   0: 0x80009704 (0x903f2023) sw      gp, -1792(t5)
core   0: 3 0x80009704 (0x903f2023) mem 0x8000b000 0x00000001
core   0: 0x80009708 (0x0000bfe5) c.j     pc - 8
core   0: 3 0x80009708 (0xbfe5)
core   0: 0x80009700 (0x00002f17) auipc   t5, 0x2
core   0: 3 0x80009700 (0x00002f17) x30 0x8000b700
core   0: 0x80009704 (0x903f2023) sw      gp, -1792(t5)
core   0: 3 0x80009704 (0x903f2023) mem 0x8000b000 0x00000001
core   0: 0x80009708 (0x0000bfe5) c.j     pc - 8
core   0: 3 0x80009708 (0xbfe5)
core   0: 0x80009700 (0x00002f17) auipc   t5, 0x2
core   0: 3 0x80009700 (0x00002f17) x30 0x8000b700
core   0: 0x80009704 (0x903f2023) sw      gp, -1792(t5)
core   0: 3 0x80009704 (0x903f2023) mem 0x8000b000 0x00000001
core   0: 0x80009708 (0x0000bfe5) c.j     pc - 8
core   0: 3 0x80009708 (0xbfe5)
core   0: 0x80009700 (0x00002f17) auipc   t5, 0x2
core   0: 3 0x80009700 (0x00002f17) x30 0x8000b700
core   0: 0x80009704 (0x903f2023) sw      gp, -1792(t5)
core   0: 3 0x80009704 (0x903f2023) mem 0x8000b000 0x00000001
core   0: 0x80009708 (0x0000bfe5) c.j     pc - 8
core   0: 3 0x80009708 (0xbfe5)
core   0: 0x80009700 (0x00002f17) auipc   t5, 0x2
core   0: 3 0x80009700 (0x00002f17) x30 0x8000b700
core   0: 0x80009704 (0x903f2023) sw      gp, -1792(t5)
core   0: 3 0x80009704 (0x903f2023) mem 0x8000b000 0x00000001
core   0: 0x80009708 (0x0000bfe5) c.j     pc - 8
core   0: 3 0x80009708 (0xbfe5)
core   0: 0x80009700 (0x00002f17) auipc   t5, 0x2
core   0: 3 0x80009700 (0x00002f17) x30 0x8000b700
core   0: 0x80009704 (0x903f2023) sw      gp, -1792(t5)
core   0: 3 0x80009704 (0x903f2023) mem 0x8000b000 0x00000001
core   0: 0x80009708 (0x0000bfe5) c.j     pc - 8
core   0: 3 0x80009708 (0xbfe5)
core   0: 0x80009700 (0x00002f17) auipc   t5, 0x2
core   0: 3 0x80009700 (0x00002f17) x30 0x8000b700
core   0: 0x80009704 (0x903f2023) sw      gp, -1792(t5)
core   0: 3 0x80009704 (0x903f2023) mem 0x8000b000 0x00000001
core   0: 0x80009708 (0x0000bfe5) c.j     pc - 8
core   0: 3 0x80009708 (0xbfe5)
core   0: 0x80009700 (0x00002f17) auipc   t5, 0x2
core   0: 3 0x80009700 (0x00002f17) x30 0x8000b700
core   0: 0x80009704 (0x903f2023) sw      gp, -1792(t5)
core   0: 3 0x80009704 (0x903f2023) mem 0x8000b000 0x00000001
core   0: 0x80009708 (0x0000bfe5) c.j     pc - 8
core   0: 3 0x80009708 (0xbfe5)
core   0: 0x80009700 (0x00002f17) auipc   t5, 0x2
core   0: 3 0x80009700 (0x00002f17) x30 0x8000b700
core   0: 0x80009704 (0x903f2023) sw      gp, -1792(t5)
core   0: 3 0x80009704 (0x903f2023) mem 0x8000b000 0x00000001
core   0: 0x80009708 (0x0000bfe5) c.j     pc - 8
core   0: 3 0x80009708 (0xbfe5)
core   0: 0x80009700 (0x00002f17) auipc   t5, 0x2
core   0: 3 0x80009700 (0x00002f17) x30 0x8000b700
core   0: 0x80009704 (0x903f2023) sw      gp, -1792(t5)
core   0: 3 0x80009704 (0x903f2023) mem 0x8000b000 0x00000001
core   0: 0x80009708 (0x0000bfe5) c.j     pc - 8
core   0: 3 0x80009708 (0xbfe5)
core   0: 0x80009700 (0x00002f17) auipc   t5, 0x2
core   0: 3 0x80009700 (0x00002f17) x30 0x8000b700
core   0: 0x80009704 (0x903f2023) sw      gp, -1792(t5)
core   0: 3 0x80009704 (0x903f2023) mem 0x8000b000 0x00000001
core   0: 0x80009708 (0x0000bfe5) c.j     pc - 8
core   0: 3 0x80009708 (0xbfe5)
core   0: 0x80009700 (0x00002f17) auipc   t5, 0x2
core   0: 3 0x80009700 (0x00002f17) x30 0x8000b700
core   0: 0x80009704 (0x903f2023) sw      gp, -1792(t5)
core   0: 3 0x80009704 (0x903f2023) mem 0x8000b000 0x00000001
core   0: 0x80009708 (0x0000bfe5) c.j     pc - 8
core   0: 3 0x80009708 (0xbfe5)
core   0: 0x80009700 (0x00002f17) auipc   t5, 0x2
core   0: 3 0x80009700 (0x00002f17) x30 0x8000b700
core   0: 0x80009704 (0x903f2023) sw      gp, -1792(t5)
core   0: 3 0x80009704 (0x903f2023) mem 0x8000b000 0x00000001
core   0: 0x80009708 (0x0000bfe5) c.j     pc - 8
core   0: 3 0x80009708 (0xbfe5)
core   0: 0x80009700 (0x00002f17) auipc   t5, 0x2
core   0: 3 0x80009700 (0x00002f17) x30 0x8000b700
core   0: 0x80009704 (0x903f2023) sw      gp, -1792(t5)
core   0: 3 0x80009704 (0x903f2023) mem 0x8000b000 0x00000001
core   0: 0x80009708 (0x0000bfe5) c.j     pc - 8
core   0: 3 0x80009708 (0xbfe5)
core   0: 0x80009700 (0x00002f17) auipc   t5, 0x2
core   0: 3 0x80009700 (0x00002f17) x30 0x8000b700
core   0: 0x80009704 (0x903f2023) sw      gp, -1792(t5)
core   0: 3 0x80009704 (0x903f2023) mem 0x8000b000 0x00000001
core   0: 0x80009708 (0x0000bfe5) c.j     pc - 8
core   0: 3 0x80009708 (0xbfe5)
core   0: 0x80009700 (0x00002f17) auipc   t5, 0x2
core   0: 3 0x80009700 (0x00002f17) x30 0x8000b700
core   0: 0x80009704 (0x903f2023) sw      gp, -1792(t5)
core   0: 3 0x80009704 (0x903f2023) mem 0x8000b000 0x00000001
core   0: 0x80009708 (0x0000bfe5) c.j     pc - 8
core   0: 3 0x80009708 (0xbfe5)
core   0: 0x80009700 (0x00002f17) auipc   t5, 0x2
core   0: 3 0x80009700 (0x00002f17) x30 0x8000b700
core   0: 0x80009704 (0x903f2023) sw      gp, -1792(t5)
core   0: 3 0x80009704 (0x903f2023) mem 0x8000b000 0x00000001
core   0: 0x80009708 (0x0000bfe5) c.j     pc - 8
core   0: 3 0x80009708 (0xbfe5)
core   0: 0x80009700 (0x00002f17) auipc   t5, 0x2
core   0: 3 0x80009700 (0x00002f17) x30 0x8000b700
core   0: 0x80009704 (0x903f2023) sw      gp, -1792(t5)
core   0: 3 0x80009704 (0x903f2023) mem 0x8000b000 0x00000001
core   0: 0x80009708 (0x0000bfe5) c.j     pc - 8
core   0: 3 0x80009708 (0xbfe5)
core   0: 0x80009700 (0x00002f17) auipc   t5, 0x2
core   0: 3 0x80009700 (0x00002f17) x30 0x8000b700
core   0: 0x80009704 (0x903f2023) sw      gp, -1792(t5)
core   0: 3 0x80009704 (0x903f2023) mem 0x8000b000 0x00000001
core   0: 0x80009708 (0x0000bfe5) c.j     pc - 8
core   0: 3 0x80009708 (0xbfe5)
core   0: 0x80009700 (0x00002f17) auipc   t5, 0x2
core   0: 3 0x80009700 (0x00002f17) x30 0x8000b700
core   0: 0x80009704 (0x903f2023) sw      gp, -1792(t5)
core   0: 3 0x80009704 (0x903f2023) mem 0x8000b000 0x00000001
core   0: 0x80009708 (0x0000bfe5) c.j     pc - 8
core   0: 3 0x80009708 (0xbfe5)
core   0: 0x80009700 (0x00002f17) auipc   t5, 0x2
core   0: 3 0x80009700 (0x00002f17) x30 0x8000b700
core   0: 0x80009704 (0x903f2023) sw      gp, -1792(t5)
core   0: 3 0x80009704 (0x903f2023) mem 0x8000b000 0x00000001
core   0: 0x80009708 (0x0000bfe5) c.j     pc - 8
core   0: 3 0x80009708 (0xbfe5)
core   0: 0x80009700 (0x00002f17) auipc   t5, 0x2
core   0: 3 0x80009700 (0x00002f17) x30 0x8000b700
core   0: 0x80009704 (0x903f2023) sw      gp, -1792(t5)
core   0: 3 0x80009704 (0x903f2023) mem 0x8000b000 0x00000001
core   0: 0x80009708 (0x0000bfe5) c.j     pc - 8
core   0: 3 0x80009708 (0xbfe5)
core   0: 0x80009700 (0x00002f17) auipc   t5, 0x2
core   0: 3 0x80009700 (0x00002f17) x30 0x8000b700
core   0: 0x80009704 (0x903f2023) sw      gp, -1792(t5)
core   0: 3 0x80009704 (0x903f2023) mem 0x8000b000 0x00000001
core   0: 0x80009708 (0x0000bfe5) c.j     pc - 8
core   0: 3 0x80009708 (0xbfe5)
core   0: 0x80009700 (0x00002f17) auipc   t5, 0x2
core   0: 3 0x80009700 (0x00002f17) x30 0x8000b700
core   0: 0x80009704 (0x903f2023) sw      gp, -1792(t5)
core   0: 3 0x80009704 (0x903f2023) mem 0x8000b000 0x00000001
core   0: 0x80009708 (0x0000bfe5) c.j     pc - 8
core   0: 3 0x80009708 (0xbfe5)
core   0: 0x80009700 (0x00002f17) auipc   t5, 0x2
core   0: 3 0x80009700 (0x00002f17) x30 0x8000b700
core   0: 0x80009704 (0x903f2023) sw      gp, -1792(t5)
core   0: 3 0x80009704 (0x903f2023) mem 0x8000b000 0x00000001
core   0: 0x80009708 (0x0000bfe5) c.j     pc - 8
core   0: 3 0x80009708 (0xbfe5)
core   0: 0x80009700 (0x00002f17) auipc   t5, 0x2
core   0: 3 0x80009700 (0x00002f17) x30 0x8000b700
core   0: 0x80009704 (0x903f2023) sw      gp, -1792(t5)
core   0: 3 0x80009704 (0x903f2023) mem 0x8000b000 0x00000001
core   0: 0x80009708 (0x0000bfe5) c.j     pc - 8
core   0: 3 0x80009708 (0xbfe5)
core   0: 0x80009700 (0x00002f17) auipc   t5, 0x2
core   0: 3 0x80009700 (0x00002f17) x30 0x8000b700
core   0: 0x80009704 (0x903f2023) sw      gp, -1792(t5)
core   0: 3 0x80009704 (0x903f2023) mem 0x8000b000 0x00000001
core   0: 0x80009708 (0x0000bfe5) c.j     pc - 8
core   0: 3 0x80009708 (0xbfe5)
core   0: 0x80009700 (0x00002f17) auipc   t5, 0x2
core   0: 3 0x80009700 (0x00002f17) x30 0x8000b700
core   0: 0x80009704 (0x903f2023) sw      gp, -1792(t5)
core   0: 3 0x80009704 (0x903f2023) mem 0x8000b000 0x00000001
core   0: 0x80009708 (0x0000bfe5) c.j     pc - 8
core   0: 3 0x80009708 (0xbfe5)
core   0: 0x80009700 (0x00002f17) auipc   t5, 0x2
core   0: 3 0x80009700 (0x00002f17) x30 0x8000b700
core   0: 0x80009704 (0x903f2023) sw      gp, -1792(t5)
core   0: 3 0x80009704 (0x903f2023) mem 0x8000b000 0x00000001
core   0: 0x80009708 (0x0000bfe5) c.j     pc - 8
core   0: 3 0x80009708 (0xbfe5)
core   0: 0x80009700 (0x00002f17) auipc   t5, 0x2
core   0: 3 0x80009700 (0x00002f17) x30 0x8000b700
core   0: 0x80009704 (0x903f2023) sw      gp, -1792(t5)
core   0: 3 0x80009704 (0x903f2023) mem 0x8000b000 0x00000001
core   0: 0x80009708 (0x0000bfe5) c.j     pc - 8
core   0: 3 0x80009708 (0xbfe5)
core   0: 0x80009700 (0x00002f17) auipc   t5, 0x2
core   0: 3 0x80009700 (0x00002f17) x30 0x8000b700
core   0: 0x80009704 (0x903f2023) sw      gp, -1792(t5)
core   0: 3 0x80009704 (0x903f2023) mem 0x8000b000 0x00000001
core   0: 0x80009708 (0x0000bfe5) c.j     pc - 8
core   0: 3 0x80009708 (0xbfe5)
core   0: 0x80009700 (0x00002f17) auipc   t5, 0x2
core   0: 3 0x80009700 (0x00002f17) x30 0x8000b700
core   0: 0x80009704 (0x903f2023) sw      gp, -1792(t5)
core   0: 3 0x80009704 (0x903f2023) mem 0x8000b000 0x00000001
core   0: 0x80009708 (0x0000bfe5) c.j     pc - 8
core   0: 3 0x80009708 (0xbfe5)
core   0: 0x80009700 (0x00002f17) auipc   t5, 0x2
core   0: 3 0x80009700 (0x00002f17) x30 0x8000b700
core   0: 0x80009704 (0x903f2023) sw      gp, -1792(t5)
core   0: 3 0x80009704 (0x903f2023) mem 0x8000b000 0x00000001
core   0: 0x80009708 (0x0000bfe5) c.j     pc - 8
core   0: 3 0x80009708 (0xbfe5)
core   0: 0x80009700 (0x00002f17) auipc   t5, 0x2
core   0: 3 0x80009700 (0x00002f17) x30 0x8000b700
core   0: 0x80009704 (0x903f2023) sw      gp, -1792(t5)
core   0: 3 0x80009704 (0x903f2023) mem 0x8000b000 0x00000001
core   0: 0x80009708 (0x0000bfe5) c.j     pc - 8
core   0: 3 0x80009708 (0xbfe5)
core   0: 0x80009700 (0x00002f17) auipc   t5, 0x2
core   0: 3 0x80009700 (0x00002f17) x30 0x8000b700
core   0: 0x80009704 (0x903f2023) sw      gp, -1792(t5)
core   0: 3 0x80009704 (0x903f2023) mem 0x8000b000 0x00000001
core   0: 0x80009708 (0x0000bfe5) c.j     pc - 8
core   0: 3 0x80009708 (0xbfe5)
core   0: 0x80009700 (0x00002f17) auipc   t5, 0x2
core   0: 3 0x80009700 (0x00002f17) x30 0x8000b700
core   0: 0x80009704 (0x903f2023) sw      gp, -1792(t5)
core   0: 3 0x80009704 (0x903f2023) mem 0x8000b000 0x00000001
core   0: 0x80009708 (0x0000bfe5) c.j     pc - 8
core   0: 3 0x80009708 (0xbfe5)
core   0: 0x80009700 (0x00002f17) auipc   t5, 0x2
core   0: 3 0x80009700 (0x00002f17) x30 0x8000b700
core   0: 0x80009704 (0x903f2023) sw      gp, -1792(t5)
core   0: 3 0x80009704 (0x903f2023) mem 0x8000b000 0x00000001
core   0: 0x80009708 (0x0000bfe5) c.j     pc - 8
core   0: 3 0x80009708 (0xbfe5)
core   0: 0x80009700 (0x00002f17) auipc   t5, 0x2
core   0: 3 0x80009700 (0x00002f17) x30 0x8000b700
core   0: 0x80009704 (0x903f2023) sw      gp, -1792(t5)
core   0: 3 0x80009704 (0x903f2023) mem 0x8000b000 0x00000001
core   0: 0x80009708 (0x0000bfe5) c.j     pc - 8
core   0: 3 0x80009708 (0xbfe5)
core   0: 0x80009700 (0x00002f17) auipc   t5, 0x2
core   0: 3 0x80009700 (0x00002f17) x30 0x8000b700
core   0: 0x80009704 (0x903f2023) sw      gp, -1792(t5)
core   0: 3 0x80009704 (0x903f2023) mem 0x8000b000 0x00000001
core   0: 0x80009708 (0x0000bfe5) c.j     pc - 8
core   0: 3 0x80009708 (0xbfe5)
core   0: 0x80009700 (0x00002f17) auipc   t5, 0x2
core   0: 3 0x80009700 (0x00002f17) x30 0x8000b700
core   0: 0x80009704 (0x903f2023) sw      gp, -1792(t5)
core   0: 3 0x80009704 (0x903f2023) mem 0x8000b000 0x00000001
core   0: 0x80009708 (0x0000bfe5) c.j     pc - 8
core   0: 3 0x80009708 (0xbfe5)
core   0: 0x80009700 (0x00002f17) auipc   t5, 0x2
core   0: 3 0x80009700 (0x00002f17) x30 0x8000b700
core   0: 0x80009704 (0x903f2023) sw      gp, -1792(t5)
core   0: 3 0x80009704 (0x903f2023) mem 0x8000b000 0x00000001
core   0: 0x80009708 (0x0000bfe5) c.j     pc - 8
core   0: 3 0x80009708 (0xbfe5)
core   0: 0x80009700 (0x00002f17) auipc   t5, 0x2
core   0: 3 0x80009700 (0x00002f17) x30 0x8000b700
core   0: 0x80009704 (0x903f2023) sw      gp, -1792(t5)
core   0: 3 0x80009704 (0x903f2023) mem 0x8000b000 0x00000001
core   0: 0x80009708 (0x0000bfe5) c.j     pc - 8
core   0: 3 0x80009708 (0xbfe5)
core   0: 0x80009700 (0x00002f17) auipc   t5, 0x2
core   0: 3 0x80009700 (0x00002f17) x30 0x8000b700
core   0: 0x80009704 (0x903f2023) sw      gp, -1792(t5)
core   0: 3 0x80009704 (0x903f2023) mem 0x8000b000 0x00000001
core   0: 0x80009708 (0x0000bfe5) c.j     pc - 8
core   0: 3 0x80009708 (0xbfe5)
core   0: 0x80009700 (0x00002f17) auipc   t5, 0x2
core   0: 3 0x80009700 (0x00002f17) x30 0x8000b700
core   0: 0x80009704 (0x903f2023) sw      gp, -1792(t5)
core   0: 3 0x80009704 (0x903f2023) mem 0x8000b000 0x00000001
core   0: 0x80009708 (0x0000bfe5) c.j     pc - 8
core   0: 3 0x80009708 (0xbfe5)
core   0: 0x80009700 (0x00002f17) auipc   t5, 0x2
core   0: 3 0x80009700 (0x00002f17) x30 0x8000b700
core   0: 0x80009704 (0x903f2023) sw      gp, -1792(t5)
core   0: 3 0x80009704 (0x903f2023) mem 0x8000b000 0x00000001
core   0: 0x80009708 (0x0000bfe5) c.j     pc - 8
core   0: 3 0x80009708 (0xbfe5)
core   0: 0x80009700 (0x00002f17) auipc   t5, 0x2
core   0: 3 0x80009700 (0x00002f17) x30 0x8000b700
core   0: 0x80009704 (0x903f2023) sw      gp, -1792(t5)
core   0: 3 0x80009704 (0x903f2023) mem 0x8000b000 0x00000001
core   0: 0x80009708 (0x0000bfe5) c.j     pc - 8
core   0: 3 0x80009708 (0xbfe5)
core   0: 0x80009700 (0x00002f17) auipc   t5, 0x2
core   0: 3 0x80009700 (0x00002f17) x30 0x8000b700
core   0: 0x80009704 (0x903f2023) sw      gp, -1792(t5)
core   0: 3 0x80009704 (0x903f2023) mem 0x8000b000 0x00000001
core   0: 0x80009708 (0x0000bfe5) c.j     pc - 8
core   0: 3 0x80009708 (0xbfe5)
core   0: 0x80009700 (0x00002f17) auipc   t5, 0x2
core   0: 3 0x80009700 (0x00002f17) x30 0x8000b700
core   0: 0x80009704 (0x903f2023) sw      gp, -1792(t5)
core   0: 3 0x80009704 (0x903f2023) mem 0x8000b000 0x00000001
core   0: 0x80009708 (0x0000bfe5) c.j     pc - 8
core   0: 3 0x80009708 (0xbfe5)
core   0: 0x80009700 (0x00002f17) auipc   t5, 0x2
core   0: 3 0x80009700 (0x00002f17) x30 0x8000b700
core   0: 0x80009704 (0x903f2023) sw      gp, -1792(t5)
core   0: 3 0x80009704 (0x903f2023) mem 0x8000b000 0x00000001
core   0: 0x80009708 (0x0000bfe5) c.j     pc - 8
core   0: 3 0x80009708 (0xbfe5)
core   0: 0x80009700 (0x00002f17) auipc   t5, 0x2
core   0: 3 0x80009700 (0x00002f17) x30 0x8000b700
core   0: 0x80009704 (0x903f2023) sw      gp, -1792(t5)
core   0: 3 0x80009704 (0x903f2023) mem 0x8000b000 0x00000001
core   0: 0x80009708 (0x0000bfe5) c.j     pc - 8
core   0: 3 0x80009708 (0xbfe5)
core   0: 0x80009700 (0x00002f17) auipc   t5, 0x2
core   0: 3 0x80009700 (0x00002f17) x30 0x8000b700
core   0: 0x80009704 (0x903f2023) sw      gp, -1792(t5)
core   0: 3 0x80009704 (0x903f2023) mem 0x8000b000 0x00000001
core   0: 0x80009708 (0x0000bfe5) c.j     pc - 8
core   0: 3 0x80009708 (0xbfe5)
core   0: 0x80009700 (0x00002f17) auipc   t5, 0x2
core   0: 3 0x80009700 (0x00002f17) x30 0x8000b700
core   0: 0x80009704 (0x903f2023) sw      gp, -1792(t5)
core   0: 3 0x80009704 (0x903f2023) mem 0x8000b000 0x00000001
core   0: 0x80009708 (0x0000bfe5) c.j     pc - 8
core   0: 3 0x80009708 (0xbfe5)
core   0: 0x80009700 (0x00002f17) auipc   t5, 0x2
core   0: 3 0x80009700 (0x00002f17) x30 0x8000b700
core   0: 0x80009704 (0x903f2023) sw      gp, -1792(t5)
core   0: 3 0x80009704 (0x903f2023) mem 0x8000b000 0x00000001
core   0: 0x80009708 (0x0000bfe5) c.j     pc - 8
core   0: 3 0x80009708 (0xbfe5)
core   0: 0x80009700 (0x00002f17) auipc   t5, 0x2
core   0: 3 0x80009700 (0x00002f17) x30 0x8000b700
core   0: 0x80009704 (0x903f2023) sw      gp, -1792(t5)
core   0: 3 0x80009704 (0x903f2023) mem 0x8000b000 0x00000001
core   0: 0x80009708 (0x0000bfe5) c.j     pc - 8
core   0: 3 0x80009708 (0xbfe5)
core   0: 0x80009700 (0x00002f17) auipc   t5, 0x2
core   0: 3 0x80009700 (0x00002f17) x30 0x8000b700
core   0: 0x80009704 (0x903f2023) sw      gp, -1792(t5)
core   0: 3 0x80009704 (0x903f2023) mem 0x8000b000 0x00000001
core   0: 0x80009708 (0x0000bfe5) c.j     pc - 8
core   0: 3 0x80009708 (0xbfe5)
core   0: 0x80009700 (0x00002f17) auipc   t5, 0x2
core   0: 3 0x80009700 (0x00002f17) x30 0x8000b700
core   0: 0x80009704 (0x903f2023) sw      gp, -1792(t5)
core   0: 3 0x80009704 (0x903f2023) mem 0x8000b000 0x00000001
core   0: 0x80009708 (0x0000bfe5) c.j     pc - 8
core   0: 3 0x80009708 (0xbfe5)
core   0: 0x80009700 (0x00002f17) auipc   t5, 0x2
core   0: 3 0x80009700 (0x00002f17) x30 0x8000b700
core   0: 0x80009704 (0x903f2023) sw      gp, -1792(t5)
core   0: 3 0x80009704 (0x903f2023) mem 0x8000b000 0x00000001
core   0: 0x80009708 (0x0000bfe5) c.j     pc - 8
core   0: 3 0x80009708 (0xbfe5)
core   0: 0x80009700 (0x00002f17) auipc   t5, 0x2
core   0: 3 0x80009700 (0x00002f17) x30 0x8000b700
core   0: 0x80009704 (0x903f2023) sw      gp, -1792(t5)
core   0: 3 0x80009704 (0x903f2023) mem 0x8000b000 0x00000001
core   0: 0x80009708 (0x0000bfe5) c.j     pc - 8
core   0: 3 0x80009708 (0xbfe5)
core   0: 0x80009700 (0x00002f17) auipc   t5, 0x2
core   0: 3 0x80009700 (0x00002f17) x30 0x8000b700
core   0: 0x80009704 (0x903f2023) sw      gp, -1792(t5)
core   0: 3 0x80009704 (0x903f2023) mem 0x8000b000 0x00000001
core   0: 0x80009708 (0x0000bfe5) c.j     pc - 8
core   0: 3 0x80009708 (0xbfe5)
core   0: 0x80009700 (0x00002f17) auipc   t5, 0x2
core   0: 3 0x80009700 (0x00002f17) x30 0x8000b700
core   0: 0x80009704 (0x903f2023) sw      gp, -1792(t5)
core   0: 3 0x80009704 (0x903f2023) mem 0x8000b000 0x00000001
core   0: 0x80009708 (0x0000bfe5) c.j     pc - 8
core   0: 3 0x80009708 (0xbfe5)
core   0: 0x80009700 (0x00002f17) auipc   t5, 0x2
core   0: 3 0x80009700 (0x00002f17) x30 0x8000b700
core   0: 0x80009704 (0x903f2023) sw      gp, -1792(t5)
core   0: 3 0x80009704 (0x903f2023) mem 0x8000b000 0x00000001
core   0: 0x80009708 (0x0000bfe5) c.j     pc - 8
core   0: 3 0x80009708 (0xbfe5)
core   0: 0x80009700 (0x00002f17) auipc   t5, 0x2
core   0: 3 0x80009700 (0x00002f17) x30 0x8000b700
core   0: 0x80009704 (0x903f2023) sw      gp, -1792(t5)
core   0: 3 0x80009704 (0x903f2023) mem 0x8000b000 0x00000001
core   0: 0x80009708 (0x0000bfe5) c.j     pc - 8
core   0: 3 0x80009708 (0xbfe5)
core   0: 0x80009700 (0x00002f17) auipc   t5, 0x2
core   0: 3 0x80009700 (0x00002f17) x30 0x8000b700
core   0: 0x80009704 (0x903f2023) sw      gp, -1792(t5)
core   0: 3 0x80009704 (0x903f2023) mem 0x8000b000 0x00000001
core   0: 0x80009708 (0x0000bfe5) c.j     pc - 8
core   0: 3 0x80009708 (0xbfe5)
core   0: 0x80009700 (0x00002f17) auipc   t5, 0x2
core   0: 3 0x80009700 (0x00002f17) x30 0x8000b700
core   0: 0x80009704 (0x903f2023) sw      gp, -1792(t5)
core   0: 3 0x80009704 (0x903f2023) mem 0x8000b000 0x00000001
core   0: 0x80009708 (0x0000bfe5) c.j     pc - 8
core   0: 3 0x80009708 (0xbfe5)
core   0: 0x80009700 (0x00002f17) auipc   t5, 0x2
core   0: 3 0x80009700 (0x00002f17) x30 0x8000b700
core   0: 0x80009704 (0x903f2023) sw      gp, -1792(t5)
core   0: 3 0x80009704 (0x903f2023) mem 0x8000b000 0x00000001
core   0: 0x80009708 (0x0000bfe5) c.j     pc - 8
core   0: 3 0x80009708 (0xbfe5)
core   0: 0x80009700 (0x00002f17) auipc   t5, 0x2
core   0: 3 0x80009700 (0x00002f17) x30 0x8000b700
core   0: 0x80009704 (0x903f2023) sw      gp, -1792(t5)
core   0: 3 0x80009704 (0x903f2023) mem 0x8000b000 0x00000001
core   0: 0x80009708 (0x0000bfe5) c.j     pc - 8
core   0: 3 0x80009708 (0xbfe5)
core   0: 0x80009700 (0x00002f17) auipc   t5, 0x2
core   0: 3 0x80009700 (0x00002f17) x30 0x8000b700
core   0: 0x80009704 (0x903f2023) sw      gp, -1792(t5)
core   0: 3 0x80009704 (0x903f2023) mem 0x8000b000 0x00000001
core   0: 0x80009708 (0x0000bfe5) c.j     pc - 8
core   0: 3 0x80009708 (0xbfe5)
core   0: 0x80009700 (0x00002f17) auipc   t5, 0x2
core   0: 3 0x80009700 (0x00002f17) x30 0x8000b700
core   0: 0x80009704 (0x903f2023) sw      gp, -1792(t5)
core   0: 3 0x80009704 (0x903f2023) mem 0x8000b000 0x00000001
core   0: 0x80009708 (0x0000bfe5) c.j     pc - 8
core   0: 3 0x80009708 (0xbfe5)
core   0: 0x80009700 (0x00002f17) auipc   t5, 0x2
core   0: 3 0x80009700 (0x00002f17) x30 0x8000b700
core   0: 0x80009704 (0x903f2023) sw      gp, -1792(t5)
core   0: 3 0x80009704 (0x903f2023) mem 0x8000b000 0x00000001
core   0: 0x80009708 (0x0000bfe5) c.j     pc - 8
core   0: 3 0x80009708 (0xbfe5)
core   0: 0x80009700 (0x00002f17) auipc   t5, 0x2
core   0: 3 0x80009700 (0x00002f17) x30 0x8000b700
core   0: 0x80009704 (0x903f2023) sw      gp, -1792(t5)
core   0: 3 0x80009704 (0x903f2023) mem 0x8000b000 0x00000001
core   0: 0x80009708 (0x0000bfe5) c.j     pc - 8
core   0: 3 0x80009708 (0xbfe5)
core   0: 0x80009700 (0x00002f17) auipc   t5, 0x2
core   0: 3 0x80009700 (0x00002f17) x30 0x8000b700
core   0: 0x80009704 (0x903f2023) sw      gp, -1792(t5)
core   0: 3 0x80009704 (0x903f2023) mem 0x8000b000 0x00000001
core   0: 0x80009708 (0x0000bfe5) c.j     pc - 8
core   0: 3 0x80009708 (0xbfe5)
core   0: 0x80009700 (0x00002f17) auipc   t5, 0x2
core   0: 3 0x80009700 (0x00002f17) x30 0x8000b700
core   0: 0x80009704 (0x903f2023) sw      gp, -1792(t5)
core   0: 3 0x80009704 (0x903f2023) mem 0x8000b000 0x00000001
core   0: 0x80009708 (0x0000bfe5) c.j     pc - 8
core   0: 3 0x80009708 (0xbfe5)
core   0: 0x80009700 (0x00002f17) auipc   t5, 0x2
core   0: 3 0x80009700 (0x00002f17) x30 0x8000b700
core   0: 0x80009704 (0x903f2023) sw      gp, -1792(t5)
core   0: 3 0x80009704 (0x903f2023) mem 0x8000b000 0x00000001
core   0: 0x80009708 (0x0000bfe5) c.j     pc - 8
core   0: 3 0x80009708 (0xbfe5)
core   0: 0x80009700 (0x00002f17) auipc   t5, 0x2
core   0: 3 0x80009700 (0x00002f17) x30 0x8000b700
core   0: 0x80009704 (0x903f2023) sw      gp, -1792(t5)
core   0: 3 0x80009704 (0x903f2023) mem 0x8000b000 0x00000001
core   0: 0x80009708 (0x0000bfe5) c.j     pc - 8
core   0: 3 0x80009708 (0xbfe5)
core   0: 0x80009700 (0x00002f17) auipc   t5, 0x2
core   0: 3 0x80009700 (0x00002f17) x30 0x8000b700
core   0: 0x80009704 (0x903f2023) sw      gp, -1792(t5)
core   0: 3 0x80009704 (0x903f2023) mem 0x8000b000 0x00000001
core   0: 0x80009708 (0x0000bfe5) c.j     pc - 8
core   0: 3 0x80009708 (0xbfe5)
core   0: 0x80009700 (0x00002f17) auipc   t5, 0x2
core   0: 3 0x80009700 (0x00002f17) x30 0x8000b700
core   0: 0x80009704 (0x903f2023) sw      gp, -1792(t5)
core   0: 3 0x80009704 (0x903f2023) mem 0x8000b000 0x00000001
core   0: 0x80009708 (0x0000bfe5) c.j     pc - 8
core   0: 3 0x80009708 (0xbfe5)
core   0: 0x80009700 (0x00002f17) auipc   t5, 0x2
core   0: 3 0x80009700 (0x00002f17) x30 0x8000b700
core   0: 0x80009704 (0x903f2023) sw      gp, -1792(t5)
core   0: 3 0x80009704 (0x903f2023) mem 0x8000b000 0x00000001
core   0: 0x80009708 (0x0000bfe5) c.j     pc - 8
core   0: 3 0x80009708 (0xbfe5)
core   0: 0x80009700 (0x00002f17) auipc   t5, 0x2
core   0: 3 0x80009700 (0x00002f17) x30 0x8000b700
core   0: 0x80009704 (0x903f2023) sw      gp, -1792(t5)
core   0: 3 0x80009704 (0x903f2023) mem 0x8000b000 0x00000001
core   0: 0x80009708 (0x0000bfe5) c.j     pc - 8
core   0: 3 0x80009708 (0xbfe5)
core   0: 0x80009700 (0x00002f17) auipc   t5, 0x2
core   0: 3 0x80009700 (0x00002f17) x30 0x8000b700
core   0: 0x80009704 (0x903f2023) sw      gp, -1792(t5)
core   0: 3 0x80009704 (0x903f2023) mem 0x8000b000 0x00000001
core   0: 0x80009708 (0x0000bfe5) c.j     pc - 8
core   0: 3 0x80009708 (0xbfe5)
core   0: 0x80009700 (0x00002f17) auipc   t5, 0x2
core   0: 3 0x80009700 (0x00002f17) x30 0x8000b700
core   0: 0x80009704 (0x903f2023) sw      gp, -1792(t5)
core   0: 3 0x80009704 (0x903f2023) mem 0x8000b000 0x00000001
core   0: 0x80009708 (0x0000bfe5) c.j     pc - 8
core   0: 3 0x80009708 (0xbfe5)
core   0: 0x80009700 (0x00002f17) auipc   t5, 0x2
core   0: 3 0x80009700 (0x00002f17) x30 0x8000b700
core   0: 0x80009704 (0x903f2023) sw      gp, -1792(t5)
core   0: 3 0x80009704 (0x903f2023) mem 0x8000b000 0x00000001
core   0: 0x80009708 (0x0000bfe5) c.j     pc - 8
core   0: 3 0x80009708 (0xbfe5)
core   0: 0x80009700 (0x00002f17) auipc   t5, 0x2
core   0: 3 0x80009700 (0x00002f17) x30 0x8000b700
core   0: 0x80009704 (0x903f2023) sw      gp, -1792(t5)
core   0: 3 0x80009704 (0x903f2023) mem 0x8000b000 0x00000001
core   0: 0x80009708 (0x0000bfe5) c.j     pc - 8
core   0: 3 0x80009708 (0xbfe5)
core   0: 0x80009700 (0x00002f17) auipc   t5, 0x2
core   0: 3 0x80009700 (0x00002f17) x30 0x8000b700
core   0: 0x80009704 (0x903f2023) sw      gp, -1792(t5)
core   0: 3 0x80009704 (0x903f2023) mem 0x8000b000 0x00000001
core   0: 0x80009708 (0x0000bfe5) c.j     pc - 8
core   0: 3 0x80009708 (0xbfe5)
core   0: 0x80009700 (0x00002f17) auipc   t5, 0x2
core   0: 3 0x80009700 (0x00002f17) x30 0x8000b700
core   0: 0x80009704 (0x903f2023) sw      gp, -1792(t5)
core   0: 3 0x80009704 (0x903f2023) mem 0x8000b000 0x00000001
core   0: 0x80009708 (0x0000bfe5) c.j     pc - 8
core   0: 3 0x80009708 (0xbfe5)
core   0: 0x80009700 (0x00002f17) auipc   t5, 0x2
core   0: 3 0x80009700 (0x00002f17) x30 0x8000b700
core   0: 0x80009704 (0x903f2023) sw      gp, -1792(t5)
core   0: 3 0x80009704 (0x903f2023) mem 0x8000b000 0x00000001
core   0: 0x80009708 (0x0000bfe5) c.j     pc - 8
core   0: 3 0x80009708 (0xbfe5)
core   0: 0x80009700 (0x00002f17) auipc   t5, 0x2
core   0: 3 0x80009700 (0x00002f17) x30 0x8000b700
core   0: 0x80009704 (0x903f2023) sw      gp, -1792(t5)
core   0: 3 0x80009704 (0x903f2023) mem 0x8000b000 0x00000001
core   0: 0x80009708 (0x0000bfe5) c.j     pc - 8
core   0: 3 0x80009708 (0xbfe5)
core   0: 0x80009700 (0x00002f17) auipc   t5, 0x2
core   0: 3 0x80009700 (0x00002f17) x30 0x8000b700
core   0: 0x80009704 (0x903f2023) sw      gp, -1792(t5)
core   0: 3 0x80009704 (0x903f2023) mem 0x8000b000 0x00000001
core   0: 0x80009708 (0x0000bfe5) c.j     pc - 8
core   0: 3 0x80009708 (0xbfe5)
core   0: 0x80009700 (0x00002f17) auipc   t5, 0x2
core   0: 3 0x80009700 (0x00002f17) x30 0x8000b700
core   0: 0x80009704 (0x903f2023) sw      gp, -1792(t5)
core   0: 3 0x80009704 (0x903f2023) mem 0x8000b000 0x00000001
core   0: 0x80009708 (0x0000bfe5) c.j     pc - 8
core   0: 3 0x80009708 (0xbfe5)
core   0: 0x80009700 (0x00002f17) auipc   t5, 0x2
core   0: 3 0x80009700 (0x00002f17) x30 0x8000b700
core   0: 0x80009704 (0x903f2023) sw      gp, -1792(t5)
core   0: 3 0x80009704 (0x903f2023) mem 0x8000b000 0x00000001
core   0: 0x80009708 (0x0000bfe5) c.j     pc - 8
core   0: 3 0x80009708 (0xbfe5)
core   0: 0x80009700 (0x00002f17) auipc   t5, 0x2
core   0: 3 0x80009700 (0x00002f17) x30 0x8000b700
core   0: 0x80009704 (0x903f2023) sw      gp, -1792(t5)
core   0: 3 0x80009704 (0x903f2023) mem 0x8000b000 0x00000001
core   0: 0x80009708 (0x0000bfe5) c.j     pc - 8
core   0: 3 0x80009708 (0xbfe5)
core   0: 0x80009700 (0x00002f17) auipc   t5, 0x2
core   0: 3 0x80009700 (0x00002f17) x30 0x8000b700
core   0: 0x80009704 (0x903f2023) sw      gp, -1792(t5)
core   0: 3 0x80009704 (0x903f2023) mem 0x8000b000 0x00000001
core   0: 0x80009708 (0x0000bfe5) c.j     pc - 8
core   0: 3 0x80009708 (0xbfe5)
core   0: 0x80009700 (0x00002f17) auipc   t5, 0x2
core   0: 3 0x80009700 (0x00002f17) x30 0x8000b700
core   0: 0x80009704 (0x903f2023) sw      gp, -1792(t5)
core   0: 3 0x80009704 (0x903f2023) mem 0x8000b000 0x00000001
core   0: 0x80009708 (0x0000bfe5) c.j     pc - 8
core   0: 3 0x80009708 (0xbfe5)
core   0: 0x80009700 (0x00002f17) auipc   t5, 0x2
core   0: 3 0x80009700 (0x00002f17) x30 0x8000b700
core   0: 0x80009704 (0x903f2023) sw      gp, -1792(t5)
core   0: 3 0x80009704 (0x903f2023) mem 0x8000b000 0x00000001
core   0: 0x80009708 (0x0000bfe5) c.j     pc - 8
core   0: 3 0x80009708 (0xbfe5)
core   0: 0x80009700 (0x00002f17) auipc   t5, 0x2
core   0: 3 0x80009700 (0x00002f17) x30 0x8000b700
core   0: 0x80009704 (0x903f2023) sw      gp, -1792(t5)
core   0: 3 0x80009704 (0x903f2023) mem 0x8000b000 0x00000001
core   0: 0x80009708 (0x0000bfe5) c.j     pc - 8
core   0: 3 0x80009708 (0xbfe5)
core   0: 0x80009700 (0x00002f17) auipc   t5, 0x2
core   0: 3 0x80009700 (0x00002f17) x30 0x8000b700
core   0: 0x80009704 (0x903f2023) sw      gp, -1792(t5)
core   0: 3 0x80009704 (0x903f2023) mem 0x8000b000 0x00000001
core   0: 0x80009708 (0x0000bfe5) c.j     pc - 8
core   0: 3 0x80009708 (0xbfe5)
core   0: 0x80009700 (0x00002f17) auipc   t5, 0x2
core   0: 3 0x80009700 (0x00002f17) x30 0x8000b700
core   0: 0x80009704 (0x903f2023) sw      gp, -1792(t5)
core   0: 3 0x80009704 (0x903f2023) mem 0x8000b000 0x00000001
core   0: 0x80009708 (0x0000bfe5) c.j     pc - 8
core   0: 3 0x80009708 (0xbfe5)
core   0: 0x80009700 (0x00002f17) auipc   t5, 0x2
core   0: 3 0x80009700 (0x00002f17) x30 0x8000b700
core   0: 0x80009704 (0x903f2023) sw      gp, -1792(t5)
core   0: 3 0x80009704 (0x903f2023) mem 0x8000b000 0x00000001
core   0: 0x80009708 (0x0000bfe5) c.j     pc - 8
core   0: 3 0x80009708 (0xbfe5)
core   0: 0x80009700 (0x00002f17) auipc   t5, 0x2
core   0: 3 0x80009700 (0x00002f17) x30 0x8000b700
core   0: 0x80009704 (0x903f2023) sw      gp, -1792(t5)
core   0: 3 0x80009704 (0x903f2023) mem 0x8000b000 0x00000001
core   0: 0x80009708 (0x0000bfe5) c.j     pc - 8
core   0: 3 0x80009708 (0xbfe5)
core   0: 0x80009700 (0x00002f17) auipc   t5, 0x2
core   0: 3 0x80009700 (0x00002f17) x30 0x8000b700
core   0: 0x80009704 (0x903f2023) sw      gp, -1792(t5)
core   0: 3 0x80009704 (0x903f2023) mem 0x8000b000 0x00000001
core   0: 0x80009708 (0x0000bfe5) c.j     pc - 8
core   0: 3 0x80009708 (0xbfe5)
core   0: 0x80009700 (0x00002f17) auipc   t5, 0x2
core   0: 3 0x80009700 (0x00002f17) x30 0x8000b700
core   0: 0x80009704 (0x903f2023) sw      gp, -1792(t5)
core   0: 3 0x80009704 (0x903f2023) mem 0x8000b000 0x00000001
core   0: 0x80009708 (0x0000bfe5) c.j     pc - 8
core   0: 3 0x80009708 (0xbfe5)
core   0: 0x80009700 (0x00002f17) auipc   t5, 0x2
core   0: 3 0x80009700 (0x00002f17) x30 0x8000b700
core   0: 0x80009704 (0x903f2023) sw      gp, -1792(t5)
core   0: 3 0x80009704 (0x903f2023) mem 0x8000b000 0x00000001
core   0: 0x80009708 (0x0000bfe5) c.j     pc - 8
core   0: 3 0x80009708 (0xbfe5)
core   0: 0x80009700 (0x00002f17) auipc   t5, 0x2
core   0: 3 0x80009700 (0x00002f17) x30 0x8000b700
core   0: 0x80009704 (0x903f2023) sw      gp, -1792(t5)
core   0: 3 0x80009704 (0x903f2023) mem 0x8000b000 0x00000001
core   0: 0x80009708 (0x0000bfe5) c.j     pc - 8
core   0: 3 0x80009708 (0xbfe5)
core   0: 0x80009700 (0x00002f17) auipc   t5, 0x2
core   0: 3 0x80009700 (0x00002f17) x30 0x8000b700
core   0: 0x80009704 (0x903f2023) sw      gp, -1792(t5)
core   0: 3 0x80009704 (0x903f2023) mem 0x8000b000 0x00000001
core   0: 0x80009708 (0x0000bfe5) c.j     pc - 8
core   0: 3 0x80009708 (0xbfe5)
core   0: 0x80009700 (0x00002f17) auipc   t5, 0x2
core   0: 3 0x80009700 (0x00002f17) x30 0x8000b700
core   0: 0x80009704 (0x903f2023) sw      gp, -1792(t5)
core   0: 3 0x80009704 (0x903f2023) mem 0x8000b000 0x00000001
core   0: 0x80009708 (0x0000bfe5) c.j     pc - 8
core   0: 3 0x80009708 (0xbfe5)
core   0: 0x80009700 (0x00002f17) auipc   t5, 0x2
core   0: 3 0x80009700 (0x00002f17) x30 0x8000b700
core   0: 0x80009704 (0x903f2023) sw      gp, -1792(t5)
core   0: 3 0x80009704 (0x903f2023) mem 0x8000b000 0x00000001
core   0: 0x80009708 (0x0000bfe5) c.j     pc - 8
core   0: 3 0x80009708 (0xbfe5)
core   0: 0x80009700 (0x00002f17) auipc   t5, 0x2
core   0: 3 0x80009700 (0x00002f17) x30 0x8000b700
core   0: 0x80009704 (0x903f2023) sw      gp, -1792(t5)
core   0: 3 0x80009704 (0x903f2023) mem 0x8000b000 0x00000001
core   0: 0x80009708 (0x0000bfe5) c.j     pc - 8
core   0: 3 0x80009708 (0xbfe5)
core   0: 0x80009700 (0x00002f17) auipc   t5, 0x2
core   0: 3 0x80009700 (0x00002f17) x30 0x8000b700
core   0: 0x80009704 (0x903f2023) sw      gp, -1792(t5)
core   0: 3 0x80009704 (0x903f2023) mem 0x8000b000 0x00000001
core   0: 0x80009708 (0x0000bfe5) c.j     pc - 8
core   0: 3 0x80009708 (0xbfe5)
core   0: 0x80009700 (0x00002f17) auipc   t5, 0x2
core   0: 3 0x80009700 (0x00002f17) x30 0x8000b700
core   0: 0x80009704 (0x903f2023) sw      gp, -1792(t5)
core   0: 3 0x80009704 (0x903f2023) mem 0x8000b000 0x00000001
core   0: 0x80009708 (0x0000bfe5) c.j     pc - 8
core   0: 3 0x80009708 (0xbfe5)
core   0: 0x80009700 (0x00002f17) auipc   t5, 0x2
core   0: 3 0x80009700 (0x00002f17) x30 0x8000b700
core   0: 0x80009704 (0x903f2023) sw      gp, -1792(t5)
core   0: 3 0x80009704 (0x903f2023) mem 0x8000b000 0x00000001
core   0: 0x80009708 (0x0000bfe5) c.j     pc - 8
core   0: 3 0x80009708 (0xbfe5)
core   0: 0x80009700 (0x00002f17) auipc   t5, 0x2
core   0: 3 0x80009700 (0x00002f17) x30 0x8000b700
core   0: 0x80009704 (0x903f2023) sw      gp, -1792(t5)
core   0: 3 0x80009704 (0x903f2023) mem 0x8000b000 0x00000001
core   0: 0x80009708 (0x0000bfe5) c.j     pc - 8
core   0: 3 0x80009708 (0xbfe5)
core   0: 0x80009700 (0x00002f17) auipc   t5, 0x2
core   0: 3 0x80009700 (0x00002f17) x30 0x8000b700
core   0: 0x80009704 (0x903f2023) sw      gp, -1792(t5)
core   0: 3 0x80009704 (0x903f2023) mem 0x8000b000 0x00000001
core   0: 0x80009708 (0x0000bfe5) c.j     pc - 8
core   0: 3 0x80009708 (0xbfe5)
core   0: 0x80009700 (0x00002f17) auipc   t5, 0x2
core   0: 3 0x80009700 (0x00002f17) x30 0x8000b700
core   0: 0x80009704 (0x903f2023) sw      gp, -1792(t5)
core   0: 3 0x80009704 (0x903f2023) mem 0x8000b000 0x00000001
core   0: 0x80009708 (0x0000bfe5) c.j     pc - 8
core   0: 3 0x80009708 (0xbfe5)
core   0: 0x80009700 (0x00002f17) auipc   t5, 0x2
core   0: 3 0x80009700 (0x00002f17) x30 0x8000b700
core   0: 0x80009704 (0x903f2023) sw      gp, -1792(t5)
core   0: 3 0x80009704 (0x903f2023) mem 0x8000b000 0x00000001
core   0: 0x80009708 (0x0000bfe5) c.j     pc - 8
core   0: 3 0x80009708 (0xbfe5)
core   0: 0x80009700 (0x00002f17) auipc   t5, 0x2
core   0: 3 0x80009700 (0x00002f17) x30 0x8000b700
core   0: 0x80009704 (0x903f2023) sw      gp, -1792(t5)
core   0: 3 0x80009704 (0x903f2023) mem 0x8000b000 0x00000001
core   0: 0x80009708 (0x0000bfe5) c.j     pc - 8
core   0: 3 0x80009708 (0xbfe5)
core   0: 0x80009700 (0x00002f17) auipc   t5, 0x2
core   0: 3 0x80009700 (0x00002f17) x30 0x8000b700
core   0: 0x80009704 (0x903f2023) sw      gp, -1792(t5)
core   0: 3 0x80009704 (0x903f2023) mem 0x8000b000 0x00000001
core   0: 0x80009708 (0x0000bfe5) c.j     pc - 8
core   0: 3 0x80009708 (0xbfe5)
core   0: 0x80009700 (0x00002f17) auipc   t5, 0x2
core   0: 3 0x80009700 (0x00002f17) x30 0x8000b700
core   0: 0x80009704 (0x903f2023) sw      gp, -1792(t5)
core   0: 3 0x80009704 (0x903f2023) mem 0x8000b000 0x00000001
core   0: 0x80009708 (0x0000bfe5) c.j     pc - 8
core   0: 3 0x80009708 (0xbfe5)
core   0: 0x80009700 (0x00002f17) auipc   t5, 0x2
core   0: 3 0x80009700 (0x00002f17) x30 0x8000b700
core   0: 0x80009704 (0x903f2023) sw      gp, -1792(t5)
core   0: 3 0x80009704 (0x903f2023) mem 0x8000b000 0x00000001
core   0: 0x80009708 (0x0000bfe5) c.j     pc - 8
core   0: 3 0x80009708 (0xbfe5)
core   0: 0x80009700 (0x00002f17) auipc   t5, 0x2
core   0: 3 0x80009700 (0x00002f17) x30 0x8000b700
core   0: 0x80009704 (0x903f2023) sw      gp, -1792(t5)
core   0: 3 0x80009704 (0x903f2023) mem 0x8000b000 0x00000001
core   0: 0x80009708 (0x0000bfe5) c.j     pc - 8
core   0: 3 0x80009708 (0xbfe5)
core   0: 0x80009700 (0x00002f17) auipc   t5, 0x2
core   0: 3 0x80009700 (0x00002f17) x30 0x8000b700
core   0: 0x80009704 (0x903f2023) sw      gp, -1792(t5)
core   0: 3 0x80009704 (0x903f2023) mem 0x8000b000 0x00000001
core   0: 0x80009708 (0x0000bfe5) c.j     pc - 8
core   0: 3 0x80009708 (0xbfe5)
core   0: 0x80009700 (0x00002f17) auipc   t5, 0x2
core   0: 3 0x80009700 (0x00002f17) x30 0x8000b700
core   0: 0x80009704 (0x903f2023) sw      gp, -1792(t5)
core   0: 3 0x80009704 (0x903f2023) mem 0x8000b000 0x00000001
core   0: 0x80009708 (0x0000bfe5) c.j     pc - 8
core   0: 3 0x80009708 (0xbfe5)
core   0: 0x80009700 (0x00002f17) auipc   t5, 0x2
core   0: 3 0x80009700 (0x00002f17) x30 0x8000b700
core   0: 0x80009704 (0x903f2023) sw      gp, -1792(t5)
core   0: 3 0x80009704 (0x903f2023) mem 0x8000b000 0x00000001
core   0: 0x80009708 (0x0000bfe5) c.j     pc - 8
core   0: 3 0x80009708 (0xbfe5)
core   0: 0x80009700 (0x00002f17) auipc   t5, 0x2
core   0: 3 0x80009700 (0x00002f17) x30 0x8000b700
core   0: 0x80009704 (0x903f2023) sw      gp, -1792(t5)
core   0: 3 0x80009704 (0x903f2023) mem 0x8000b000 0x00000001
core   0: 0x80009708 (0x0000bfe5) c.j     pc - 8
core   0: 3 0x80009708 (0xbfe5)
core   0: 0x80009700 (0x00002f17) auipc   t5, 0x2
core   0: 3 0x80009700 (0x00002f17) x30 0x8000b700
core   0: 0x80009704 (0x903f2023) sw      gp, -1792(t5)
core   0: 3 0x80009704 (0x903f2023) mem 0x8000b000 0x00000001
core   0: 0x80009708 (0x0000bfe5) c.j     pc - 8
core   0: 3 0x80009708 (0xbfe5)
core   0: 0x80009700 (0x00002f17) auipc   t5, 0x2
core   0: 3 0x80009700 (0x00002f17) x30 0x8000b700
core   0: 0x80009704 (0x903f2023) sw      gp, -1792(t5)
core   0: 3 0x80009704 (0x903f2023) mem 0x8000b000 0x00000001
core   0: 0x80009708 (0x0000bfe5) c.j     pc - 8
core   0: 3 0x80009708 (0xbfe5)
core   0: 0x80009700 (0x00002f17) auipc   t5, 0x2
core   0: 3 0x80009700 (0x00002f17) x30 0x8000b700
core   0: 0x80009704 (0x903f2023) sw      gp, -1792(t5)
core   0: 3 0x80009704 (0x903f2023) mem 0x8000b000 0x00000001
core   0: 0x80009708 (0x0000bfe5) c.j     pc - 8
core   0: 3 0x80009708 (0xbfe5)
core   0: 0x80009700 (0x00002f17) auipc   t5, 0x2
core   0: 3 0x80009700 (0x00002f17) x30 0x8000b700
core   0: 0x80009704 (0x903f2023) sw      gp, -1792(t5)
core   0: 3 0x80009704 (0x903f2023) mem 0x8000b000 0x00000001
core   0: 0x80009708 (0x0000bfe5) c.j     pc - 8
core   0: 3 0x80009708 (0xbfe5)
core   0: 0x80009700 (0x00002f17) auipc   t5, 0x2
core   0: 3 0x80009700 (0x00002f17) x30 0x8000b700
core   0: 0x80009704 (0x903f2023) sw      gp, -1792(t5)
core   0: 3 0x80009704 (0x903f2023) mem 0x8000b000 0x00000001
core   0: 0x80009708 (0x0000bfe5) c.j     pc - 8
core   0: 3 0x80009708 (0xbfe5)
core   0: 0x80009700 (0x00002f17) auipc   t5, 0x2
core   0: 3 0x80009700 (0x00002f17) x30 0x8000b700
core   0: 0x80009704 (0x903f2023) sw      gp, -1792(t5)
core   0: 3 0x80009704 (0x903f2023) mem 0x8000b000 0x00000001
core   0: 0x80009708 (0x0000bfe5) c.j     pc - 8
core   0: 3 0x80009708 (0xbfe5)
core   0: 0x80009700 (0x00002f17) auipc   t5, 0x2
core   0: 3 0x80009700 (0x00002f17) x30 0x8000b700
core   0: 0x80009704 (0x903f2023) sw      gp, -1792(t5)
core   0: 3 0x80009704 (0x903f2023) mem 0x8000b000 0x00000001
core   0: 0x80009708 (0x0000bfe5) c.j     pc - 8
core   0: 3 0x80009708 (0xbfe5)
core   0: 0x80009700 (0x00002f17) auipc   t5, 0x2
core   0: 3 0x80009700 (0x00002f17) x30 0x8000b700
core   0: 0x80009704 (0x903f2023) sw      gp, -1792(t5)
core   0: 3 0x80009704 (0x903f2023) mem 0x8000b000 0x00000001
core   0: 0x80009708 (0x0000bfe5) c.j     pc - 8
core   0: 3 0x80009708 (0xbfe5)
core   0: 0x80009700 (0x00002f17) auipc   t5, 0x2
core   0: 3 0x80009700 (0x00002f17) x30 0x8000b700
core   0: 0x80009704 (0x903f2023) sw      gp, -1792(t5)
core   0: 3 0x80009704 (0x903f2023) mem 0x8000b000 0x00000001
core   0: 0x80009708 (0x0000bfe5) c.j     pc - 8
core   0: 3 0x80009708 (0xbfe5)
core   0: 0x80009700 (0x00002f17) auipc   t5, 0x2
core   0: 3 0x80009700 (0x00002f17) x30 0x8000b700
core   0: 0x80009704 (0x903f2023) sw      gp, -1792(t5)
core   0: 3 0x80009704 (0x903f2023) mem 0x8000b000 0x00000001
core   0: 0x80009708 (0x0000bfe5) c.j     pc - 8
core   0: 3 0x80009708 (0xbfe5)
core   0: 0x80009700 (0x00002f17) auipc   t5, 0x2
core   0: 3 0x80009700 (0x00002f17) x30 0x8000b700
core   0: 0x80009704 (0x903f2023) sw      gp, -1792(t5)
core   0: 3 0x80009704 (0x903f2023) mem 0x8000b000 0x00000001
core   0: 0x80009708 (0x0000bfe5) c.j     pc - 8
core   0: 3 0x80009708 (0xbfe5)
core   0: 0x80009700 (0x00002f17) auipc   t5, 0x2
core   0: 3 0x80009700 (0x00002f17) x30 0x8000b700
core   0: 0x80009704 (0x903f2023) sw      gp, -1792(t5)
core   0: 3 0x80009704 (0x903f2023) mem 0x8000b000 0x00000001
core   0: 0x80009708 (0x0000bfe5) c.j     pc - 8
core   0: 3 0x80009708 (0xbfe5)
core   0: 0x80009700 (0x00002f17) auipc   t5, 0x2
core   0: 3 0x80009700 (0x00002f17) x30 0x8000b700
core   0: 0x80009704 (0x903f2023) sw      gp, -1792(t5)
core   0: 3 0x80009704 (0x903f2023) mem 0x8000b000 0x00000001
core   0: 0x80009708 (0x0000bfe5) c.j     pc - 8
core   0: 3 0x80009708 (0xbfe5)
core   0: 0x80009700 (0x00002f17) auipc   t5, 0x2
core   0: 3 0x80009700 (0x00002f17) x30 0x8000b700
core   0: 0x80009704 (0x903f2023) sw      gp, -1792(t5)
core   0: 3 0x80009704 (0x903f2023) mem 0x8000b000 0x00000001
core   0: 0x80009708 (0x0000bfe5) c.j     pc - 8
core   0: 3 0x80009708 (0xbfe5)
core   0: 0x80009700 (0x00002f17) auipc   t5, 0x2
core   0: 3 0x80009700 (0x00002f17) x30 0x8000b700
core   0: 0x80009704 (0x903f2023) sw      gp, -1792(t5)
core   0: 3 0x80009704 (0x903f2023) mem 0x8000b000 0x00000001
core   0: 0x80009708 (0x0000bfe5) c.j     pc - 8
core   0: 3 0x80009708 (0xbfe5)
core   0: 0x80009700 (0x00002f17) auipc   t5, 0x2
core   0: 3 0x80009700 (0x00002f17) x30 0x8000b700
core   0: 0x80009704 (0x903f2023) sw      gp, -1792(t5)
core   0: 3 0x80009704 (0x903f2023) mem 0x8000b000 0x00000001
core   0: 0x80009708 (0x0000bfe5) c.j     pc - 8
core   0: 3 0x80009708 (0xbfe5)
core   0: 0x80009700 (0x00002f17) auipc   t5, 0x2
core   0: 3 0x80009700 (0x00002f17) x30 0x8000b700
core   0: 0x80009704 (0x903f2023) sw      gp, -1792(t5)
core   0: 3 0x80009704 (0x903f2023) mem 0x8000b000 0x00000001
core   0: 0x80009708 (0x0000bfe5) c.j     pc - 8
core   0: 3 0x80009708 (0xbfe5)
core   0: 0x80009700 (0x00002f17) auipc   t5, 0x2
core   0: 3 0x80009700 (0x00002f17) x30 0x8000b700
core   0: 0x80009704 (0x903f2023) sw      gp, -1792(t5)
core   0: 3 0x80009704 (0x903f2023) mem 0x8000b000 0x00000001
core   0: 0x80009708 (0x0000bfe5) c.j     pc - 8
core   0: 3 0x80009708 (0xbfe5)
core   0: 0x80009700 (0x00002f17) auipc   t5, 0x2
core   0: 3 0x80009700 (0x00002f17) x30 0x8000b700
core   0: 0x80009704 (0x903f2023) sw      gp, -1792(t5)
core   0: 3 0x80009704 (0x903f2023) mem 0x8000b000 0x00000001
core   0: 0x80009708 (0x0000bfe5) c.j     pc - 8
core   0: 3 0x80009708 (0xbfe5)
core   0: 0x80009700 (0x00002f17) auipc   t5, 0x2
core   0: 3 0x80009700 (0x00002f17) x30 0x8000b700
core   0: 0x80009704 (0x903f2023) sw      gp, -1792(t5)
core   0: 3 0x80009704 (0x903f2023) mem 0x8000b000 0x00000001
core   0: 0x80009708 (0x0000bfe5) c.j     pc - 8
core   0: 3 0x80009708 (0xbfe5)
core   0: 0x80009700 (0x00002f17) auipc   t5, 0x2
core   0: 3 0x80009700 (0x00002f17) x30 0x8000b700
core   0: 0x80009704 (0x903f2023) sw      gp, -1792(t5)
core   0: 3 0x80009704 (0x903f2023) mem 0x8000b000 0x00000001
core   0: 0x80009708 (0x0000bfe5) c.j     pc - 8
core   0: 3 0x80009708 (0xbfe5)
core   0: 0x80009700 (0x00002f17) auipc   t5, 0x2
core   0: 3 0x80009700 (0x00002f17) x30 0x8000b700
core   0: 0x80009704 (0x903f2023) sw      gp, -1792(t5)
core   0: 3 0x80009704 (0x903f2023) mem 0x8000b000 0x00000001
core   0: 0x80009708 (0x0000bfe5) c.j     pc - 8
core   0: 3 0x80009708 (0xbfe5)
core   0: 0x80009700 (0x00002f17) auipc   t5, 0x2
core   0: 3 0x80009700 (0x00002f17) x30 0x8000b700
core   0: 0x80009704 (0x903f2023) sw      gp, -1792(t5)
core   0: 3 0x80009704 (0x903f2023) mem 0x8000b000 0x00000001
core   0: 0x80009708 (0x0000bfe5) c.j     pc - 8
core   0: 3 0x80009708 (0xbfe5)
core   0: 0x80009700 (0x00002f17) auipc   t5, 0x2
core   0: 3 0x80009700 (0x00002f17) x30 0x8000b700
core   0: 0x80009704 (0x903f2023) sw      gp, -1792(t5)
core   0: 3 0x80009704 (0x903f2023) mem 0x8000b000 0x00000001
core   0: 0x80009708 (0x0000bfe5) c.j     pc - 8
core   0: 3 0x80009708 (0xbfe5)
core   0: 0x80009700 (0x00002f17) auipc   t5, 0x2
core   0: 3 0x80009700 (0x00002f17) x30 0x8000b700
core   0: 0x80009704 (0x903f2023) sw      gp, -1792(t5)
core   0: 3 0x80009704 (0x903f2023) mem 0x8000b000 0x00000001
core   0: 0x80009708 (0x0000bfe5) c.j     pc - 8
core   0: 3 0x80009708 (0xbfe5)
core   0: 0x80009700 (0x00002f17) auipc   t5, 0x2
core   0: 3 0x80009700 (0x00002f17) x30 0x8000b700
core   0: 0x80009704 (0x903f2023) sw      gp, -1792(t5)
core   0: 3 0x80009704 (0x903f2023) mem 0x8000b000 0x00000001
core   0: 0x80009708 (0x0000bfe5) c.j     pc - 8
core   0: 3 0x80009708 (0xbfe5)
core   0: 0x80009700 (0x00002f17) auipc   t5, 0x2
core   0: 3 0x80009700 (0x00002f17) x30 0x8000b700
core   0: 0x80009704 (0x903f2023) sw      gp, -1792(t5)
core   0: 3 0x80009704 (0x903f2023) mem 0x8000b000 0x00000001
core   0: 0x80009708 (0x0000bfe5) c.j     pc - 8
core   0: 3 0x80009708 (0xbfe5)
core   0: 0x80009700 (0x00002f17) auipc   t5, 0x2
core   0: 3 0x80009700 (0x00002f17) x30 0x8000b700
core   0: 0x80009704 (0x903f2023) sw      gp, -1792(t5)
core   0: 3 0x80009704 (0x903f2023) mem 0x8000b000 0x00000001
core   0: 0x80009708 (0x0000bfe5) c.j     pc - 8
core   0: 3 0x80009708 (0xbfe5)
core   0: 0x80009700 (0x00002f17) auipc   t5, 0x2
core   0: 3 0x80009700 (0x00002f17) x30 0x8000b700
core   0: 0x80009704 (0x903f2023) sw      gp, -1792(t5)
core   0: 3 0x80009704 (0x903f2023) mem 0x8000b000 0x00000001
core   0: 0x80009708 (0x0000bfe5) c.j     pc - 8
core   0: 3 0x80009708 (0xbfe5)
core   0: 0x80009700 (0x00002f17) auipc   t5, 0x2
core   0: 3 0x80009700 (0x00002f17) x30 0x8000b700
core   0: 0x80009704 (0x903f2023) sw      gp, -1792(t5)
core   0: 3 0x80009704 (0x903f2023) mem 0x8000b000 0x00000001
core   0: 0x80009708 (0x0000bfe5) c.j     pc - 8
core   0: 3 0x80009708 (0xbfe5)
core   0: 0x80009700 (0x00002f17) auipc   t5, 0x2
core   0: 3 0x80009700 (0x00002f17) x30 0x8000b700
core   0: 0x80009704 (0x903f2023) sw      gp, -1792(t5)
core   0: 3 0x80009704 (0x903f2023) mem 0x8000b000 0x00000001
core   0: 0x80009708 (0x0000bfe5) c.j     pc - 8
core   0: 3 0x80009708 (0xbfe5)
core   0: 0x80009700 (0x00002f17) auipc   t5, 0x2
core   0: 3 0x80009700 (0x00002f17) x30 0x8000b700
core   0: 0x80009704 (0x903f2023) sw      gp, -1792(t5)
core   0: 3 0x80009704 (0x903f2023) mem 0x8000b000 0x00000001
core   0: 0x80009708 (0x0000bfe5) c.j     pc - 8
core   0: 3 0x80009708 (0xbfe5)
core   0: 0x80009700 (0x00002f17) auipc   t5, 0x2
core   0: 3 0x80009700 (0x00002f17) x30 0x8000b700
core   0: 0x80009704 (0x903f2023) sw      gp, -1792(t5)
core   0: 3 0x80009704 (0x903f2023) mem 0x8000b000 0x00000001
core   0: 0x80009708 (0x0000bfe5) c.j     pc - 8
core   0: 3 0x80009708 (0xbfe5)
core   0: 0x80009700 (0x00002f17) auipc   t5, 0x2
core   0: 3 0x80009700 (0x00002f17) x30 0x8000b700
core   0: 0x80009704 (0x903f2023) sw      gp, -1792(t5)
core   0: 3 0x80009704 (0x903f2023) mem 0x8000b000 0x00000001
core   0: 0x80009708 (0x0000bfe5) c.j     pc - 8
core   0: 3 0x80009708 (0xbfe5)
core   0: 0x80009700 (0x00002f17) auipc   t5, 0x2
core   0: 3 0x80009700 (0x00002f17) x30 0x8000b700
core   0: 0x80009704 (0x903f2023) sw      gp, -1792(t5)
core   0: 3 0x80009704 (0x903f2023) mem 0x8000b000 0x00000001
core   0: 0x80009708 (0x0000bfe5) c.j     pc - 8
core   0: 3 0x80009708 (0xbfe5)
core   0: 0x80009700 (0x00002f17) auipc   t5, 0x2
core   0: 3 0x80009700 (0x00002f17) x30 0x8000b700
core   0: 0x80009704 (0x903f2023) sw      gp, -1792(t5)
core   0: 3 0x80009704 (0x903f2023) mem 0x8000b000 0x00000001
core   0: 0x80009708 (0x0000bfe5) c.j     pc - 8
core   0: 3 0x80009708 (0xbfe5)
core   0: 0x80009700 (0x00002f17) auipc   t5, 0x2
core   0: 3 0x80009700 (0x00002f17) x30 0x8000b700
core   0: 0x80009704 (0x903f2023) sw      gp, -1792(t5)
core   0: 3 0x80009704 (0x903f2023) mem 0x8000b000 0x00000001
core   0: 0x80009708 (0x0000bfe5) c.j     pc - 8
core   0: 3 0x80009708 (0xbfe5)
core   0: 0x80009700 (0x00002f17) auipc   t5, 0x2
core   0: 3 0x80009700 (0x00002f17) x30 0x8000b700
core   0: 0x80009704 (0x903f2023) sw      gp, -1792(t5)
core   0: 3 0x80009704 (0x903f2023) mem 0x8000b000 0x00000001
core   0: 0x80009708 (0x0000bfe5) c.j     pc - 8
core   0: 3 0x80009708 (0xbfe5)
core   0: 0x80009700 (0x00002f17) auipc   t5, 0x2
core   0: 3 0x80009700 (0x00002f17) x30 0x8000b700
core   0: 0x80009704 (0x903f2023) sw      gp, -1792(t5)
core   0: 3 0x80009704 (0x903f2023) mem 0x8000b000 0x00000001
core   0: 0x80009708 (0x0000bfe5) c.j     pc - 8
core   0: 3 0x80009708 (0xbfe5)
core   0: 0x80009700 (0x00002f17) auipc   t5, 0x2
core   0: 3 0x80009700 (0x00002f17) x30 0x8000b700
core   0: 0x80009704 (0x903f2023) sw      gp, -1792(t5)
core   0: 3 0x80009704 (0x903f2023) mem 0x8000b000 0x00000001
core   0: 0x80009708 (0x0000bfe5) c.j     pc - 8
core   0: 3 0x80009708 (0xbfe5)
core   0: 0x80009700 (0x00002f17) auipc   t5, 0x2
core   0: 3 0x80009700 (0x00002f17) x30 0x8000b700
core   0: 0x80009704 (0x903f2023) sw      gp, -1792(t5)
core   0: 3 0x80009704 (0x903f2023) mem 0x8000b000 0x00000001
core   0: 0x80009708 (0x0000bfe5) c.j     pc - 8
core   0: 3 0x80009708 (0xbfe5)
core   0: 0x80009700 (0x00002f17) auipc   t5, 0x2
core   0: 3 0x80009700 (0x00002f17) x30 0x8000b700
core   0: 0x80009704 (0x903f2023) sw      gp, -1792(t5)
core   0: 3 0x80009704 (0x903f2023) mem 0x8000b000 0x00000001
core   0: 0x80009708 (0x0000bfe5) c.j     pc - 8
core   0: 3 0x80009708 (0xbfe5)
core   0: 0x80009700 (0x00002f17) auipc   t5, 0x2
core   0: 3 0x80009700 (0x00002f17) x30 0x8000b700
core   0: 0x80009704 (0x903f2023) sw      gp, -1792(t5)
core   0: 3 0x80009704 (0x903f2023) mem 0x8000b000 0x00000001
core   0: 0x80009708 (0x0000bfe5) c.j     pc - 8
core   0: 3 0x80009708 (0xbfe5)
core   0: 0x80009700 (0x00002f17) auipc   t5, 0x2
core   0: 3 0x80009700 (0x00002f17) x30 0x8000b700
core   0: 0x80009704 (0x903f2023) sw      gp, -1792(t5)
core   0: 3 0x80009704 (0x903f2023) mem 0x8000b000 0x00000001
core   0: 0x80009708 (0x0000bfe5) c.j     pc - 8
core   0: 3 0x80009708 (0xbfe5)
core   0: 0x80009700 (0x00002f17) auipc   t5, 0x2
core   0: 3 0x80009700 (0x00002f17) x30 0x8000b700
core   0: 0x80009704 (0x903f2023) sw      gp, -1792(t5)
core   0: 3 0x80009704 (0x903f2023) mem 0x8000b000 0x00000001
core   0: 0x80009708 (0x0000bfe5) c.j     pc - 8
core   0: 3 0x80009708 (0xbfe5)
core   0: 0x80009700 (0x00002f17) auipc   t5, 0x2
core   0: 3 0x80009700 (0x00002f17) x30 0x8000b700
core   0: 0x80009704 (0x903f2023) sw      gp, -1792(t5)
core   0: 3 0x80009704 (0x903f2023) mem 0x8000b000 0x00000001
core   0: 0x80009708 (0x0000bfe5) c.j     pc - 8
core   0: 3 0x80009708 (0xbfe5)
core   0: 0x80009700 (0x00002f17) auipc   t5, 0x2
core   0: 3 0x80009700 (0x00002f17) x30 0x8000b700
core   0: 0x80009704 (0x903f2023) sw      gp, -1792(t5)
core   0: 3 0x80009704 (0x903f2023) mem 0x8000b000 0x00000001
core   0: 0x80009708 (0x0000bfe5) c.j     pc - 8
core   0: 3 0x80009708 (0xbfe5)
core   0: 0x80009700 (0x00002f17) auipc   t5, 0x2
core   0: 3 0x80009700 (0x00002f17) x30 0x8000b700
core   0: 0x80009704 (0x903f2023) sw      gp, -1792(t5)
core   0: 3 0x80009704 (0x903f2023) mem 0x8000b000 0x00000001
core   0: 0x80009708 (0x0000bfe5) c.j     pc - 8
core   0: 3 0x80009708 (0xbfe5)
core   0: 0x80009700 (0x00002f17) auipc   t5, 0x2
core   0: 3 0x80009700 (0x00002f17) x30 0x8000b700
core   0: 0x80009704 (0x903f2023) sw      gp, -1792(t5)
core   0: 3 0x80009704 (0x903f2023) mem 0x8000b000 0x00000001
core   0: 0x80009708 (0x0000bfe5) c.j     pc - 8
core   0: 3 0x80009708 (0xbfe5)
core   0: 0x80009700 (0x00002f17) auipc   t5, 0x2
core   0: 3 0x80009700 (0x00002f17) x30 0x8000b700
core   0: 0x80009704 (0x903f2023) sw      gp, -1792(t5)
core   0: 3 0x80009704 (0x903f2023) mem 0x8000b000 0x00000001
core   0: 0x80009708 (0x0000bfe5) c.j     pc - 8
core   0: 3 0x80009708 (0xbfe5)
core   0: 0x80009700 (0x00002f17) auipc   t5, 0x2
core   0: 3 0x80009700 (0x00002f17) x30 0x8000b700
core   0: 0x80009704 (0x903f2023) sw      gp, -1792(t5)
core   0: 3 0x80009704 (0x903f2023) mem 0x8000b000 0x00000001
core   0: 0x80009708 (0x0000bfe5) c.j     pc - 8
core   0: 3 0x80009708 (0xbfe5)
core   0: 0x80009700 (0x00002f17) auipc   t5, 0x2
core   0: 3 0x80009700 (0x00002f17) x30 0x8000b700
core   0: 0x80009704 (0x903f2023) sw      gp, -1792(t5)
core   0: 3 0x80009704 (0x903f2023) mem 0x8000b000 0x00000001
core   0: 0x80009708 (0x0000bfe5) c.j     pc - 8
core   0: 3 0x80009708 (0xbfe5)
core   0: 0x80009700 (0x00002f17) auipc   t5, 0x2
core   0: 3 0x80009700 (0x00002f17) x30 0x8000b700
core   0: 0x80009704 (0x903f2023) sw      gp, -1792(t5)
core   0: 3 0x80009704 (0x903f2023) mem 0x8000b000 0x00000001
core   0: 0x80009708 (0x0000bfe5) c.j     pc - 8
core   0: 3 0x80009708 (0xbfe5)
core   0: 0x80009700 (0x00002f17) auipc   t5, 0x2
core   0: 3 0x80009700 (0x00002f17) x30 0x8000b700
core   0: 0x80009704 (0x903f2023) sw      gp, -1792(t5)
core   0: 3 0x80009704 (0x903f2023) mem 0x8000b000 0x00000001
core   0: 0x80009708 (0x0000bfe5) c.j     pc - 8
core   0: 3 0x80009708 (0xbfe5)
core   0: 0x80009700 (0x00002f17) auipc   t5, 0x2
core   0: 3 0x80009700 (0x00002f17) x30 0x8000b700
core   0: 0x80009704 (0x903f2023) sw      gp, -1792(t5)
core   0: 3 0x80009704 (0x903f2023) mem 0x8000b000 0x00000001
core   0: 0x80009708 (0x0000bfe5) c.j     pc - 8
core   0: 3 0x80009708 (0xbfe5)
core   0: 0x80009700 (0x00002f17) auipc   t5, 0x2
core   0: 3 0x80009700 (0x00002f17) x30 0x8000b700
core   0: 0x80009704 (0x903f2023) sw      gp, -1792(t5)
core   0: 3 0x80009704 (0x903f2023) mem 0x8000b000 0x00000001
core   0: 0x80009708 (0x0000bfe5) c.j     pc - 8
core   0: 3 0x80009708 (0xbfe5)
core   0: 0x80009700 (0x00002f17) auipc   t5, 0x2
core   0: 3 0x80009700 (0x00002f17) x30 0x8000b700
core   0: 0x80009704 (0x903f2023) sw      gp, -1792(t5)
core   0: 3 0x80009704 (0x903f2023) mem 0x8000b000 0x00000001
core   0: 0x80009708 (0x0000bfe5) c.j     pc - 8
core   0: 3 0x80009708 (0xbfe5)
core   0: 0x80009700 (0x00002f17) auipc   t5, 0x2
core   0: 3 0x80009700 (0x00002f17) x30 0x8000b700
core   0: 0x80009704 (0x903f2023) sw      gp, -1792(t5)
core   0: 3 0x80009704 (0x903f2023) mem 0x8000b000 0x00000001
core   0: 0x80009708 (0x0000bfe5) c.j     pc - 8
core   0: 3 0x80009708 (0xbfe5)
core   0: 0x80009700 (0x00002f17) auipc   t5, 0x2
core   0: 3 0x80009700 (0x00002f17) x30 0x8000b700
core   0: 0x80009704 (0x903f2023) sw      gp, -1792(t5)
core   0: 3 0x80009704 (0x903f2023) mem 0x8000b000 0x00000001
core   0: 0x80009708 (0x0000bfe5) c.j     pc - 8
core   0: 3 0x80009708 (0xbfe5)
core   0: 0x80009700 (0x00002f17) auipc   t5, 0x2
core   0: 3 0x80009700 (0x00002f17) x30 0x8000b700
core   0: 0x80009704 (0x903f2023) sw      gp, -1792(t5)
core   0: 3 0x80009704 (0x903f2023) mem 0x8000b000 0x00000001
core   0: 0x80009708 (0x0000bfe5) c.j     pc - 8
core   0: 3 0x80009708 (0xbfe5)
core   0: 0x80009700 (0x00002f17) auipc   t5, 0x2
core   0: 3 0x80009700 (0x00002f17) x30 0x8000b700
core   0: 0x80009704 (0x903f2023) sw      gp, -1792(t5)
core   0: 3 0x80009704 (0x903f2023) mem 0x8000b000 0x00000001
core   0: 0x80009708 (0x0000bfe5) c.j     pc - 8
core   0: 3 0x80009708 (0xbfe5)
core   0: 0x80009700 (0x00002f17) auipc   t5, 0x2
core   0: 3 0x80009700 (0x00002f17) x30 0x8000b700
core   0: 0x80009704 (0x903f2023) sw      gp, -1792(t5)
core   0: 3 0x80009704 (0x903f2023) mem 0x8000b000 0x00000001
core   0: 0x80009708 (0x0000bfe5) c.j     pc - 8
core   0: 3 0x80009708 (0xbfe5)
core   0: 0x80009700 (0x00002f17) auipc   t5, 0x2
core   0: 3 0x80009700 (0x00002f17) x30 0x8000b700
core   0: 0x80009704 (0x903f2023) sw      gp, -1792(t5)
core   0: 3 0x80009704 (0x903f2023) mem 0x8000b000 0x00000001
core   0: 0x80009708 (0x0000bfe5) c.j     pc - 8
core   0: 3 0x80009708 (0xbfe5)
core   0: 0x80009700 (0x00002f17) auipc   t5, 0x2
core   0: 3 0x80009700 (0x00002f17) x30 0x8000b700
core   0: 0x80009704 (0x903f2023) sw      gp, -1792(t5)
core   0: 3 0x80009704 (0x903f2023) mem 0x8000b000 0x00000001
core   0: 0x80009708 (0x0000bfe5) c.j     pc - 8
core   0: 3 0x80009708 (0xbfe5)
core   0: 0x80009700 (0x00002f17) auipc   t5, 0x2
core   0: 3 0x80009700 (0x00002f17) x30 0x8000b700
core   0: 0x80009704 (0x903f2023) sw      gp, -1792(t5)
core   0: 3 0x80009704 (0x903f2023) mem 0x8000b000 0x00000001
core   0: 0x80009708 (0x0000bfe5) c.j     pc - 8
core   0: 3 0x80009708 (0xbfe5)
core   0: 0x80009700 (0x00002f17) auipc   t5, 0x2
core   0: 3 0x80009700 (0x00002f17) x30 0x8000b700
core   0: 0x80009704 (0x903f2023) sw      gp, -1792(t5)
core   0: 3 0x80009704 (0x903f2023) mem 0x8000b000 0x00000001
core   0: 0x80009708 (0x0000bfe5) c.j     pc - 8
core   0: 3 0x80009708 (0xbfe5)
core   0: 0x80009700 (0x00002f17) auipc   t5, 0x2
core   0: 3 0x80009700 (0x00002f17) x30 0x8000b700
core   0: 0x80009704 (0x903f2023) sw      gp, -1792(t5)
core   0: 3 0x80009704 (0x903f2023) mem 0x8000b000 0x00000001
core   0: 0x80009708 (0x0000bfe5) c.j     pc - 8
core   0: 3 0x80009708 (0xbfe5)
core   0: 0x80009700 (0x00002f17) auipc   t5, 0x2
core   0: 3 0x80009700 (0x00002f17) x30 0x8000b700
core   0: 0x80009704 (0x903f2023) sw      gp, -1792(t5)
core   0: 3 0x80009704 (0x903f2023) mem 0x8000b000 0x00000001
core   0: 0x80009708 (0x0000bfe5) c.j     pc - 8
core   0: 3 0x80009708 (0xbfe5)
core   0: 0x80009700 (0x00002f17) auipc   t5, 0x2
core   0: 3 0x80009700 (0x00002f17) x30 0x8000b700
core   0: 0x80009704 (0x903f2023) sw      gp, -1792(t5)
core   0: 3 0x80009704 (0x903f2023) mem 0x8000b000 0x00000001
core   0: 0x80009708 (0x0000bfe5) c.j     pc - 8
core   0: 3 0x80009708 (0xbfe5)
core   0: 0x80009700 (0x00002f17) auipc   t5, 0x2
core   0: 3 0x80009700 (0x00002f17) x30 0x8000b700
core   0: 0x80009704 (0x903f2023) sw      gp, -1792(t5)
core   0: 3 0x80009704 (0x903f2023) mem 0x8000b000 0x00000001
core   0: 0x80009708 (0x0000bfe5) c.j     pc - 8
core   0: 3 0x80009708 (0xbfe5)
core   0: 0x80009700 (0x00002f17) auipc   t5, 0x2
core   0: 3 0x80009700 (0x00002f17) x30 0x8000b700
core   0: 0x80009704 (0x903f2023) sw      gp, -1792(t5)
core   0: 3 0x80009704 (0x903f2023) mem 0x8000b000 0x00000001
core   0: 0x80009708 (0x0000bfe5) c.j     pc - 8
core   0: 3 0x80009708 (0xbfe5)
core   0: 0x80009700 (0x00002f17) auipc   t5, 0x2
core   0: 3 0x80009700 (0x00002f17) x30 0x8000b700
core   0: 0x80009704 (0x903f2023) sw      gp, -1792(t5)
core   0: 3 0x80009704 (0x903f2023) mem 0x8000b000 0x00000001
core   0: 0x80009708 (0x0000bfe5) c.j     pc - 8
core   0: 3 0x80009708 (0xbfe5)
core   0: 0x80009700 (0x00002f17) auipc   t5, 0x2
core   0: 3 0x80009700 (0x00002f17) x30 0x8000b700
core   0: 0x80009704 (0x903f2023) sw      gp, -1792(t5)
core   0: 3 0x80009704 (0x903f2023) mem 0x8000b000 0x00000001
core   0: 0x80009708 (0x0000bfe5) c.j     pc - 8
core   0: 3 0x80009708 (0xbfe5)
core   0: 0x80009700 (0x00002f17) auipc   t5, 0x2
core   0: 3 0x80009700 (0x00002f17) x30 0x8000b700
core   0: 0x80009704 (0x903f2023) sw      gp, -1792(t5)
core   0: 3 0x80009704 (0x903f2023) mem 0x8000b000 0x00000001
core   0: 0x80009708 (0x0000bfe5) c.j     pc - 8
core   0: 3 0x80009708 (0xbfe5)
core   0: 0x80009700 (0x00002f17) auipc   t5, 0x2
core   0: 3 0x80009700 (0x00002f17) x30 0x8000b700
core   0: 0x80009704 (0x903f2023) sw      gp, -1792(t5)
core   0: 3 0x80009704 (0x903f2023) mem 0x8000b000 0x00000001
core   0: 0x80009708 (0x0000bfe5) c.j     pc - 8
core   0: 3 0x80009708 (0xbfe5)
core   0: 0x80009700 (0x00002f17) auipc   t5, 0x2
core   0: 3 0x80009700 (0x00002f17) x30 0x8000b700
core   0: 0x80009704 (0x903f2023) sw      gp, -1792(t5)
core   0: 3 0x80009704 (0x903f2023) mem 0x8000b000 0x00000001
core   0: 0x80009708 (0x0000bfe5) c.j     pc - 8
core   0: 3 0x80009708 (0xbfe5)
core   0: 0x80009700 (0x00002f17) auipc   t5, 0x2
core   0: 3 0x80009700 (0x00002f17) x30 0x8000b700
core   0: 0x80009704 (0x903f2023) sw      gp, -1792(t5)
core   0: 3 0x80009704 (0x903f2023) mem 0x8000b000 0x00000001
core   0: 0x80009708 (0x0000bfe5) c.j     pc - 8
core   0: 3 0x80009708 (0xbfe5)
core   0: 0x80009700 (0x00002f17) auipc   t5, 0x2
core   0: 3 0x80009700 (0x00002f17) x30 0x8000b700
core   0: 0x80009704 (0x903f2023) sw      gp, -1792(t5)
core   0: 3 0x80009704 (0x903f2023) mem 0x8000b000 0x00000001
core   0: 0x80009708 (0x0000bfe5) c.j     pc - 8
core   0: 3 0x80009708 (0xbfe5)
core   0: 0x80009700 (0x00002f17) auipc   t5, 0x2
core   0: 3 0x80009700 (0x00002f17) x30 0x8000b700
core   0: 0x80009704 (0x903f2023) sw      gp, -1792(t5)
core   0: 3 0x80009704 (0x903f2023) mem 0x8000b000 0x00000001
core   0: 0x80009708 (0x0000bfe5) c.j     pc - 8
core   0: 3 0x80009708 (0xbfe5)
core   0: 0x80009700 (0x00002f17) auipc   t5, 0x2
core   0: 3 0x80009700 (0x00002f17) x30 0x8000b700
core   0: 0x80009704 (0x903f2023) sw      gp, -1792(t5)
core   0: 3 0x80009704 (0x903f2023) mem 0x8000b000 0x00000001
core   0: 0x80009708 (0x0000bfe5) c.j     pc - 8
core   0: 3 0x80009708 (0xbfe5)
core   0: 0x80009700 (0x00002f17) auipc   t5, 0x2
core   0: 3 0x80009700 (0x00002f17) x30 0x8000b700
core   0: 0x80009704 (0x903f2023) sw      gp, -1792(t5)
core   0: 3 0x80009704 (0x903f2023) mem 0x8000b000 0x00000001
core   0: 0x80009708 (0x0000bfe5) c.j     pc - 8
core   0: 3 0x80009708 (0xbfe5)
core   0: 0x80009700 (0x00002f17) auipc   t5, 0x2
core   0: 3 0x80009700 (0x00002f17) x30 0x8000b700
core   0: 0x80009704 (0x903f2023) sw      gp, -1792(t5)
core   0: 3 0x80009704 (0x903f2023) mem 0x8000b000 0x00000001
core   0: 0x80009708 (0x0000bfe5) c.j     pc - 8
core   0: 3 0x80009708 (0xbfe5)
core   0: 0x80009700 (0x00002f17) auipc   t5, 0x2
core   0: 3 0x80009700 (0x00002f17) x30 0x8000b700
core   0: 0x80009704 (0x903f2023) sw      gp, -1792(t5)
core   0: 3 0x80009704 (0x903f2023) mem 0x8000b000 0x00000001
core   0: 0x80009708 (0x0000bfe5) c.j     pc - 8
core   0: 3 0x80009708 (0xbfe5)
core   0: 0x80009700 (0x00002f17) auipc   t5, 0x2
core   0: 3 0x80009700 (0x00002f17) x30 0x8000b700
core   0: 0x80009704 (0x903f2023) sw      gp, -1792(t5)
core   0: 3 0x80009704 (0x903f2023) mem 0x8000b000 0x00000001
core   0: 0x80009708 (0x0000bfe5) c.j     pc - 8
core   0: 3 0x80009708 (0xbfe5)
core   0: 0x80009700 (0x00002f17) auipc   t5, 0x2
core   0: 3 0x80009700 (0x00002f17) x30 0x8000b700
core   0: 0x80009704 (0x903f2023) sw      gp, -1792(t5)
core   0: 3 0x80009704 (0x903f2023) mem 0x8000b000 0x00000001
core   0: 0x80009708 (0x0000bfe5) c.j     pc - 8
core   0: 3 0x80009708 (0xbfe5)
core   0: 0x80009700 (0x00002f17) auipc   t5, 0x2
core   0: 3 0x80009700 (0x00002f17) x30 0x8000b700
core   0: 0x80009704 (0x903f2023) sw      gp, -1792(t5)
core   0: 3 0x80009704 (0x903f2023) mem 0x8000b000 0x00000001
core   0: 0x80009708 (0x0000bfe5) c.j     pc - 8
core   0: 3 0x80009708 (0xbfe5)
core   0: 0x80009700 (0x00002f17) auipc   t5, 0x2
core   0: 3 0x80009700 (0x00002f17) x30 0x8000b700
core   0: 0x80009704 (0x903f2023) sw      gp, -1792(t5)
core   0: 3 0x80009704 (0x903f2023) mem 0x8000b000 0x00000001
core   0: 0x80009708 (0x0000bfe5) c.j     pc - 8
core   0: 3 0x80009708 (0xbfe5)
core   0: 0x80009700 (0x00002f17) auipc   t5, 0x2
core   0: 3 0x80009700 (0x00002f17) x30 0x8000b700
core   0: 0x80009704 (0x903f2023) sw      gp, -1792(t5)
core   0: 3 0x80009704 (0x903f2023) mem 0x8000b000 0x00000001
core   0: 0x80009708 (0x0000bfe5) c.j     pc - 8
core   0: 3 0x80009708 (0xbfe5)
core   0: 0x80009700 (0x00002f17) auipc   t5, 0x2
core   0: 3 0x80009700 (0x00002f17) x30 0x8000b700
core   0: 0x80009704 (0x903f2023) sw      gp, -1792(t5)
core   0: 3 0x80009704 (0x903f2023) mem 0x8000b000 0x00000001
core   0: 0x80009708 (0x0000bfe5) c.j     pc - 8
core   0: 3 0x80009708 (0xbfe5)
core   0: 0x80009700 (0x00002f17) auipc   t5, 0x2
core   0: 3 0x80009700 (0x00002f17) x30 0x8000b700
core   0: 0x80009704 (0x903f2023) sw      gp, -1792(t5)
core   0: 3 0x80009704 (0x903f2023) mem 0x8000b000 0x00000001
core   0: 0x80009708 (0x0000bfe5) c.j     pc - 8
core   0: 3 0x80009708 (0xbfe5)
core   0: 0x80009700 (0x00002f17) auipc   t5, 0x2
core   0: 3 0x80009700 (0x00002f17) x30 0x8000b700
core   0: 0x80009704 (0x903f2023) sw      gp, -1792(t5)
core   0: 3 0x80009704 (0x903f2023) mem 0x8000b000 0x00000001
core   0: 0x80009708 (0x0000bfe5) c.j     pc - 8
core   0: 3 0x80009708 (0xbfe5)
core   0: 0x80009700 (0x00002f17) auipc   t5, 0x2
core   0: 3 0x80009700 (0x00002f17) x30 0x8000b700
core   0: 0x80009704 (0x903f2023) sw      gp, -1792(t5)
core   0: 3 0x80009704 (0x903f2023) mem 0x8000b000 0x00000001
core   0: 0x80009708 (0x0000bfe5) c.j     pc - 8
core   0: 3 0x80009708 (0xbfe5)
core   0: 0x80009700 (0x00002f17) auipc   t5, 0x2
core   0: 3 0x80009700 (0x00002f17) x30 0x8000b700
core   0: 0x80009704 (0x903f2023) sw      gp, -1792(t5)
core   0: 3 0x80009704 (0x903f2023) mem 0x8000b000 0x00000001
core   0: 0x80009708 (0x0000bfe5) c.j     pc - 8
core   0: 3 0x80009708 (0xbfe5)
core   0: 0x80009700 (0x00002f17) auipc   t5, 0x2
core   0: 3 0x80009700 (0x00002f17) x30 0x8000b700
core   0: 0x80009704 (0x903f2023) sw      gp, -1792(t5)
core   0: 3 0x80009704 (0x903f2023) mem 0x8000b000 0x00000001
core   0: 0x80009708 (0x0000bfe5) c.j     pc - 8
core   0: 3 0x80009708 (0xbfe5)
core   0: 0x80009700 (0x00002f17) auipc   t5, 0x2
core   0: 3 0x80009700 (0x00002f17) x30 0x8000b700
core   0: 0x80009704 (0x903f2023) sw      gp, -1792(t5)
core   0: 3 0x80009704 (0x903f2023) mem 0x8000b000 0x00000001
core   0: 0x80009708 (0x0000bfe5) c.j     pc - 8
core   0: 3 0x80009708 (0xbfe5)
core   0: 0x80009700 (0x00002f17) auipc   t5, 0x2
core   0: 3 0x80009700 (0x00002f17) x30 0x8000b700
core   0: 0x80009704 (0x903f2023) sw      gp, -1792(t5)
core   0: 3 0x80009704 (0x903f2023) mem 0x8000b000 0x00000001
core   0: 0x80009708 (0x0000bfe5) c.j     pc - 8
core   0: 3 0x80009708 (0xbfe5)
core   0: 0x80009700 (0x00002f17) auipc   t5, 0x2
core   0: 3 0x80009700 (0x00002f17) x30 0x8000b700
core   0: 0x80009704 (0x903f2023) sw      gp, -1792(t5)
core   0: 3 0x80009704 (0x903f2023) mem 0x8000b000 0x00000001
core   0: 0x80009708 (0x0000bfe5) c.j     pc - 8
core   0: 3 0x80009708 (0xbfe5)
core   0: 0x80009700 (0x00002f17) auipc   t5, 0x2
core   0: 3 0x80009700 (0x00002f17) x30 0x8000b700
core   0: 0x80009704 (0x903f2023) sw      gp, -1792(t5)
core   0: 3 0x80009704 (0x903f2023) mem 0x8000b000 0x00000001
core   0: 0x80009708 (0x0000bfe5) c.j     pc - 8
core   0: 3 0x80009708 (0xbfe5)
core   0: 0x80009700 (0x00002f17) auipc   t5, 0x2
core   0: 3 0x80009700 (0x00002f17) x30 0x8000b700
core   0: 0x80009704 (0x903f2023) sw      gp, -1792(t5)
core   0: 3 0x80009704 (0x903f2023) mem 0x8000b000 0x00000001
core   0: 0x80009708 (0x0000bfe5) c.j     pc - 8
core   0: 3 0x80009708 (0xbfe5)
core   0: 0x80009700 (0x00002f17) auipc   t5, 0x2
core   0: 3 0x80009700 (0x00002f17) x30 0x8000b700
core   0: 0x80009704 (0x903f2023) sw      gp, -1792(t5)
core   0: 3 0x80009704 (0x903f2023) mem 0x8000b000 0x00000001
core   0: 0x80009708 (0x0000bfe5) c.j     pc - 8
core   0: 3 0x80009708 (0xbfe5)
core   0: 0x80009700 (0x00002f17) auipc   t5, 0x2
core   0: 3 0x80009700 (0x00002f17) x30 0x8000b700
core   0: 0x80009704 (0x903f2023) sw      gp, -1792(t5)
core   0: 3 0x80009704 (0x903f2023) mem 0x8000b000 0x00000001
core   0: 0x80009708 (0x0000bfe5) c.j     pc - 8
core   0: 3 0x80009708 (0xbfe5)
core   0: 0x80009700 (0x00002f17) auipc   t5, 0x2
core   0: 3 0x80009700 (0x00002f17) x30 0x8000b700
core   0: 0x80009704 (0x903f2023) sw      gp, -1792(t5)
core   0: 3 0x80009704 (0x903f2023) mem 0x8000b000 0x00000001
core   0: 0x80009708 (0x0000bfe5) c.j     pc - 8
core   0: 3 0x80009708 (0xbfe5)
core   0: 0x80009700 (0x00002f17) auipc   t5, 0x2
core   0: 3 0x80009700 (0x00002f17) x30 0x8000b700
core   0: 0x80009704 (0x903f2023) sw      gp, -1792(t5)
core   0: 3 0x80009704 (0x903f2023) mem 0x8000b000 0x00000001
core   0: 0x80009708 (0x0000bfe5) c.j     pc - 8
core   0: 3 0x80009708 (0xbfe5)
core   0: 0x80009700 (0x00002f17) auipc   t5, 0x2
core   0: 3 0x80009700 (0x00002f17) x30 0x8000b700
core   0: 0x80009704 (0x903f2023) sw      gp, -1792(t5)
core   0: 3 0x80009704 (0x903f2023) mem 0x8000b000 0x00000001
core   0: 0x80009708 (0x0000bfe5) c.j     pc - 8
core   0: 3 0x80009708 (0xbfe5)
core   0: 0x80009700 (0x00002f17) auipc   t5, 0x2
core   0: 3 0x80009700 (0x00002f17) x30 0x8000b700
core   0: 0x80009704 (0x903f2023) sw      gp, -1792(t5)
core   0: 3 0x80009704 (0x903f2023) mem 0x8000b000 0x00000001
core   0: 0x80009708 (0x0000bfe5) c.j     pc - 8
core   0: 3 0x80009708 (0xbfe5)
core   0: 0x80009700 (0x00002f17) auipc   t5, 0x2
core   0: 3 0x80009700 (0x00002f17) x30 0x8000b700
core   0: 0x80009704 (0x903f2023) sw      gp, -1792(t5)
core   0: 3 0x80009704 (0x903f2023) mem 0x8000b000 0x00000001
core   0: 0x80009708 (0x0000bfe5) c.j     pc - 8
core   0: 3 0x80009708 (0xbfe5)
core   0: 0x80009700 (0x00002f17) auipc   t5, 0x2
core   0: 3 0x80009700 (0x00002f17) x30 0x8000b700
core   0: 0x80009704 (0x903f2023) sw      gp, -1792(t5)
core   0: 3 0x80009704 (0x903f2023) mem 0x8000b000 0x00000001
core   0: 0x80009708 (0x0000bfe5) c.j     pc - 8
core   0: 3 0x80009708 (0xbfe5)
core   0: 0x80009700 (0x00002f17) auipc   t5, 0x2
core   0: 3 0x80009700 (0x00002f17) x30 0x8000b700
core   0: 0x80009704 (0x903f2023) sw      gp, -1792(t5)
core   0: 3 0x80009704 (0x903f2023) mem 0x8000b000 0x00000001
core   0: 0x80009708 (0x0000bfe5) c.j     pc - 8
core   0: 3 0x80009708 (0xbfe5)
core   0: 0x80009700 (0x00002f17) auipc   t5, 0x2
core   0: 3 0x80009700 (0x00002f17) x30 0x8000b700
core   0: 0x80009704 (0x903f2023) sw      gp, -1792(t5)
core   0: 3 0x80009704 (0x903f2023) mem 0x8000b000 0x00000001
core   0: 0x80009708 (0x0000bfe5) c.j     pc - 8
core   0: 3 0x80009708 (0xbfe5)
core   0: 0x80009700 (0x00002f17) auipc   t5, 0x2
core   0: 3 0x80009700 (0x00002f17) x30 0x8000b700
core   0: 0x80009704 (0x903f2023) sw      gp, -1792(t5)
core   0: 3 0x80009704 (0x903f2023) mem 0x8000b000 0x00000001
core   0: 0x80009708 (0x0000bfe5) c.j     pc - 8
core   0: 3 0x80009708 (0xbfe5)
core   0: 0x80009700 (0x00002f17) auipc   t5, 0x2
core   0: 3 0x80009700 (0x00002f17) x30 0x8000b700
core   0: 0x80009704 (0x903f2023) sw      gp, -1792(t5)
core   0: 3 0x80009704 (0x903f2023) mem 0x8000b000 0x00000001
core   0: 0x80009708 (0x0000bfe5) c.j     pc - 8
core   0: 3 0x80009708 (0xbfe5)
core   0: 0x80009700 (0x00002f17) auipc   t5, 0x2
core   0: 3 0x80009700 (0x00002f17) x30 0x8000b700
core   0: 0x80009704 (0x903f2023) sw      gp, -1792(t5)
core   0: 3 0x80009704 (0x903f2023) mem 0x8000b000 0x00000001
core   0: 0x80009708 (0x0000bfe5) c.j     pc - 8
core   0: 3 0x80009708 (0xbfe5)
core   0: 0x80009700 (0x00002f17) auipc   t5, 0x2
core   0: 3 0x80009700 (0x00002f17) x30 0x8000b700
core   0: 0x80009704 (0x903f2023) sw      gp, -1792(t5)
core   0: 3 0x80009704 (0x903f2023) mem 0x8000b000 0x00000001
core   0: 0x80009708 (0x0000bfe5) c.j     pc - 8
core   0: 3 0x80009708 (0xbfe5)
core   0: 0x80009700 (0x00002f17) auipc   t5, 0x2
core   0: 3 0x80009700 (0x00002f17) x30 0x8000b700
core   0: 0x80009704 (0x903f2023) sw      gp, -1792(t5)
core   0: 3 0x80009704 (0x903f2023) mem 0x8000b000 0x00000001
core   0: 0x80009708 (0x0000bfe5) c.j     pc - 8
core   0: 3 0x80009708 (0xbfe5)
core   0: 0x80009700 (0x00002f17) auipc   t5, 0x2
core   0: 3 0x80009700 (0x00002f17) x30 0x8000b700
core   0: 0x80009704 (0x903f2023) sw      gp, -1792(t5)
core   0: 3 0x80009704 (0x903f2023) mem 0x8000b000 0x00000001
core   0: 0x80009708 (0x0000bfe5) c.j     pc - 8
core   0: 3 0x80009708 (0xbfe5)
core   0: 0x80009700 (0x00002f17) auipc   t5, 0x2
core   0: 3 0x80009700 (0x00002f17) x30 0x8000b700
core   0: 0x80009704 (0x903f2023) sw      gp, -1792(t5)
core   0: 3 0x80009704 (0x903f2023) mem 0x8000b000 0x00000001
core   0: 0x80009708 (0x0000bfe5) c.j     pc - 8
core   0: 3 0x80009708 (0xbfe5)
core   0: 0x80009700 (0x00002f17) auipc   t5, 0x2
core   0: 3 0x80009700 (0x00002f17) x30 0x8000b700
core   0: 0x80009704 (0x903f2023) sw      gp, -1792(t5)
core   0: 3 0x80009704 (0x903f2023) mem 0x8000b000 0x00000001
core   0: 0x80009708 (0x0000bfe5) c.j     pc - 8
core   0: 3 0x80009708 (0xbfe5)
core   0: 0x80009700 (0x00002f17) auipc   t5, 0x2
core   0: 3 0x80009700 (0x00002f17) x30 0x8000b700
core   0: 0x80009704 (0x903f2023) sw      gp, -1792(t5)
core   0: 3 0x80009704 (0x903f2023) mem 0x8000b000 0x00000001
core   0: 0x80009708 (0x0000bfe5) c.j     pc - 8
core   0: 3 0x80009708 (0xbfe5)
core   0: 0x80009700 (0x00002f17) auipc   t5, 0x2
core   0: 3 0x80009700 (0x00002f17) x30 0x8000b700
core   0: 0x80009704 (0x903f2023) sw      gp, -1792(t5)
core   0: 3 0x80009704 (0x903f2023) mem 0x8000b000 0x00000001
core   0: 0x80009708 (0x0000bfe5) c.j     pc - 8
core   0: 3 0x80009708 (0xbfe5)
core   0: 0x80009700 (0x00002f17) auipc   t5, 0x2
core   0: 3 0x80009700 (0x00002f17) x30 0x8000b700
core   0: 0x80009704 (0x903f2023) sw      gp, -1792(t5)
core   0: 3 0x80009704 (0x903f2023) mem 0x8000b000 0x00000001
core   0: 0x80009708 (0x0000bfe5) c.j     pc - 8
core   0: 3 0x80009708 (0xbfe5)
core   0: 0x80009700 (0x00002f17) auipc   t5, 0x2
core   0: 3 0x80009700 (0x00002f17) x30 0x8000b700
core   0: 0x80009704 (0x903f2023) sw      gp, -1792(t5)
core   0: 3 0x80009704 (0x903f2023) mem 0x8000b000 0x00000001
core   0: 0x80009708 (0x0000bfe5) c.j     pc - 8
core   0: 3 0x80009708 (0xbfe5)
core   0: 0x80009700 (0x00002f17) auipc   t5, 0x2
core   0: 3 0x80009700 (0x00002f17) x30 0x8000b700
core   0: 0x80009704 (0x903f2023) sw      gp, -1792(t5)
core   0: 3 0x80009704 (0x903f2023) mem 0x8000b000 0x00000001
core   0: 0x80009708 (0x0000bfe5) c.j     pc - 8
core   0: 3 0x80009708 (0xbfe5)
core   0: 0x80009700 (0x00002f17) auipc   t5, 0x2
core   0: 3 0x80009700 (0x00002f17) x30 0x8000b700
core   0: 0x80009704 (0x903f2023) sw      gp, -1792(t5)
core   0: 3 0x80009704 (0x903f2023) mem 0x8000b000 0x00000001
core   0: 0x80009708 (0x0000bfe5) c.j     pc - 8
core   0: 3 0x80009708 (0xbfe5)
core   0: 0x80009700 (0x00002f17) auipc   t5, 0x2
core   0: 3 0x80009700 (0x00002f17) x30 0x8000b700
core   0: 0x80009704 (0x903f2023) sw      gp, -1792(t5)
core   0: 3 0x80009704 (0x903f2023) mem 0x8000b000 0x00000001
core   0: 0x80009708 (0x0000bfe5) c.j     pc - 8
core   0: 3 0x80009708 (0xbfe5)
core   0: 0x80009700 (0x00002f17) auipc   t5, 0x2
core   0: 3 0x80009700 (0x00002f17) x30 0x8000b700
core   0: 0x80009704 (0x903f2023) sw      gp, -1792(t5)
core   0: 3 0x80009704 (0x903f2023) mem 0x8000b000 0x00000001
core   0: 0x80009708 (0x0000bfe5) c.j     pc - 8
core   0: 3 0x80009708 (0xbfe5)
core   0: 0x80009700 (0x00002f17) auipc   t5, 0x2
core   0: 3 0x80009700 (0x00002f17) x30 0x8000b700
core   0: 0x80009704 (0x903f2023) sw      gp, -1792(t5)
core   0: 3 0x80009704 (0x903f2023) mem 0x8000b000 0x00000001
core   0: 0x80009708 (0x0000bfe5) c.j     pc - 8
core   0: 3 0x80009708 (0xbfe5)
core   0: 0x80009700 (0x00002f17) auipc   t5, 0x2
core   0: 3 0x80009700 (0x00002f17) x30 0x8000b700
core   0: 0x80009704 (0x903f2023) sw      gp, -1792(t5)
core   0: 3 0x80009704 (0x903f2023) mem 0x8000b000 0x00000001
core   0: 0x80009708 (0x0000bfe5) c.j     pc - 8
core   0: 3 0x80009708 (0xbfe5)
core   0: 0x80009700 (0x00002f17) auipc   t5, 0x2
core   0: 3 0x80009700 (0x00002f17) x30 0x8000b700
core   0: 0x80009704 (0x903f2023) sw      gp, -1792(t5)
core   0: 3 0x80009704 (0x903f2023) mem 0x8000b000 0x00000001
core   0: 0x80009708 (0x0000bfe5) c.j     pc - 8
core   0: 3 0x80009708 (0xbfe5)
core   0: 0x80009700 (0x00002f17) auipc   t5, 0x2
core   0: 3 0x80009700 (0x00002f17) x30 0x8000b700
core   0: 0x80009704 (0x903f2023) sw      gp, -1792(t5)
core   0: 3 0x80009704 (0x903f2023) mem 0x8000b000 0x00000001
core   0: 0x80009708 (0x0000bfe5) c.j     pc - 8
core   0: 3 0x80009708 (0xbfe5)
core   0: 0x80009700 (0x00002f17) auipc   t5, 0x2
core   0: 3 0x80009700 (0x00002f17) x30 0x8000b700
core   0: 0x80009704 (0x903f2023) sw      gp, -1792(t5)
core   0: 3 0x80009704 (0x903f2023) mem 0x8000b000 0x00000001
core   0: 0x80009708 (0x0000bfe5) c.j     pc - 8
core   0: 3 0x80009708 (0xbfe5)
core   0: 0x80009700 (0x00002f17) auipc   t5, 0x2
core   0: 3 0x80009700 (0x00002f17) x30 0x8000b700
core   0: 0x80009704 (0x903f2023) sw      gp, -1792(t5)
core   0: 3 0x80009704 (0x903f2023) mem 0x8000b000 0x00000001
core   0: 0x80009708 (0x0000bfe5) c.j     pc - 8
core   0: 3 0x80009708 (0xbfe5)
core   0: 0x80009700 (0x00002f17) auipc   t5, 0x2
core   0: 3 0x80009700 (0x00002f17) x30 0x8000b700
core   0: 0x80009704 (0x903f2023) sw      gp, -1792(t5)
core   0: 3 0x80009704 (0x903f2023) mem 0x8000b000 0x00000001
core   0: 0x80009708 (0x0000bfe5) c.j     pc - 8
core   0: 3 0x80009708 (0xbfe5)
core   0: 0x80009700 (0x00002f17) auipc   t5, 0x2
core   0: 3 0x80009700 (0x00002f17) x30 0x8000b700
core   0: 0x80009704 (0x903f2023) sw      gp, -1792(t5)
core   0: 3 0x80009704 (0x903f2023) mem 0x8000b000 0x00000001
core   0: 0x80009708 (0x0000bfe5) c.j     pc - 8
core   0: 3 0x80009708 (0xbfe5)
core   0: 0x80009700 (0x00002f17) auipc   t5, 0x2
core   0: 3 0x80009700 (0x00002f17) x30 0x8000b700
core   0: 0x80009704 (0x903f2023) sw      gp, -1792(t5)
core   0: 3 0x80009704 (0x903f2023) mem 0x8000b000 0x00000001
core   0: 0x80009708 (0x0000bfe5) c.j     pc - 8
core   0: 3 0x80009708 (0xbfe5)
core   0: 0x80009700 (0x00002f17) auipc   t5, 0x2
core   0: 3 0x80009700 (0x00002f17) x30 0x8000b700
core   0: 0x80009704 (0x903f2023) sw      gp, -1792(t5)
core   0: 3 0x80009704 (0x903f2023) mem 0x8000b000 0x00000001
core   0: 0x80009708 (0x0000bfe5) c.j     pc - 8
core   0: 3 0x80009708 (0xbfe5)
core   0: 0x80009700 (0x00002f17) auipc   t5, 0x2
core   0: 3 0x80009700 (0x00002f17) x30 0x8000b700
core   0: 0x80009704 (0x903f2023) sw      gp, -1792(t5)
core   0: 3 0x80009704 (0x903f2023) mem 0x8000b000 0x00000001
core   0: 0x80009708 (0x0000bfe5) c.j     pc - 8
core   0: 3 0x80009708 (0xbfe5)
core   0: 0x80009700 (0x00002f17) auipc   t5, 0x2
core   0: 3 0x80009700 (0x00002f17) x30 0x8000b700
core   0: 0x80009704 (0x903f2023) sw      gp, -1792(t5)
core   0: 3 0x80009704 (0x903f2023) mem 0x8000b000 0x00000001
core   0: 0x80009708 (0x0000bfe5) c.j     pc - 8
core   0: 3 0x80009708 (0xbfe5)
core   0: 0x80009700 (0x00002f17) auipc   t5, 0x2
core   0: 3 0x80009700 (0x00002f17) x30 0x8000b700
core   0: 0x80009704 (0x903f2023) sw      gp, -1792(t5)
core   0: 3 0x80009704 (0x903f2023) mem 0x8000b000 0x00000001
core   0: 0x80009708 (0x0000bfe5) c.j     pc - 8
core   0: 3 0x80009708 (0xbfe5)
core   0: 0x80009700 (0x00002f17) auipc   t5, 0x2
core   0: 3 0x80009700 (0x00002f17) x30 0x8000b700
core   0: 0x80009704 (0x903f2023) sw      gp, -1792(t5)
core   0: 3 0x80009704 (0x903f2023) mem 0x8000b000 0x00000001
core   0: 0x80009708 (0x0000bfe5) c.j     pc - 8
core   0: 3 0x80009708 (0xbfe5)
core   0: 0x80009700 (0x00002f17) auipc   t5, 0x2
core   0: 3 0x80009700 (0x00002f17) x30 0x8000b700
core   0: 0x80009704 (0x903f2023) sw      gp, -1792(t5)
core   0: 3 0x80009704 (0x903f2023) mem 0x8000b000 0x00000001
core   0: 0x80009708 (0x0000bfe5) c.j     pc - 8
core   0: 3 0x80009708 (0xbfe5)
core   0: 0x80009700 (0x00002f17) auipc   t5, 0x2
core   0: 3 0x80009700 (0x00002f17) x30 0x8000b700
core   0: 0x80009704 (0x903f2023) sw      gp, -1792(t5)
core   0: 3 0x80009704 (0x903f2023) mem 0x8000b000 0x00000001
core   0: 0x80009708 (0x0000bfe5) c.j     pc - 8
core   0: 3 0x80009708 (0xbfe5)
core   0: 0x80009700 (0x00002f17) auipc   t5, 0x2
core   0: 3 0x80009700 (0x00002f17) x30 0x8000b700
core   0: 0x80009704 (0x903f2023) sw      gp, -1792(t5)
core   0: 3 0x80009704 (0x903f2023) mem 0x8000b000 0x00000001
core   0: 0x80009708 (0x0000bfe5) c.j     pc - 8
core   0: 3 0x80009708 (0xbfe5)
core   0: 0x80009700 (0x00002f17) auipc   t5, 0x2
core   0: 3 0x80009700 (0x00002f17) x30 0x8000b700
core   0: 0x80009704 (0x903f2023) sw      gp, -1792(t5)
core   0: 3 0x80009704 (0x903f2023) mem 0x8000b000 0x00000001
core   0: 0x80009708 (0x0000bfe5) c.j     pc - 8
core   0: 3 0x80009708 (0xbfe5)
core   0: 0x80009700 (0x00002f17) auipc   t5, 0x2
core   0: 3 0x80009700 (0x00002f17) x30 0x8000b700
core   0: 0x80009704 (0x903f2023) sw      gp, -1792(t5)
core   0: 3 0x80009704 (0x903f2023) mem 0x8000b000 0x00000001
core   0: 0x80009708 (0x0000bfe5) c.j     pc - 8
core   0: 3 0x80009708 (0xbfe5)
core   0: 0x80009700 (0x00002f17) auipc   t5, 0x2
core   0: 3 0x80009700 (0x00002f17) x30 0x8000b700
core   0: 0x80009704 (0x903f2023) sw      gp, -1792(t5)
core   0: 3 0x80009704 (0x903f2023) mem 0x8000b000 0x00000001
core   0: 0x80009708 (0x0000bfe5) c.j     pc - 8
core   0: 3 0x80009708 (0xbfe5)
core   0: 0x80009700 (0x00002f17) auipc   t5, 0x2
core   0: 3 0x80009700 (0x00002f17) x30 0x8000b700
core   0: 0x80009704 (0x903f2023) sw      gp, -1792(t5)
core   0: 3 0x80009704 (0x903f2023) mem 0x8000b000 0x00000001
core   0: 0x80009708 (0x0000bfe5) c.j     pc - 8
core   0: 3 0x80009708 (0xbfe5)
core   0: 0x80009700 (0x00002f17) auipc   t5, 0x2
core   0: 3 0x80009700 (0x00002f17) x30 0x8000b700
core   0: 0x80009704 (0x903f2023) sw      gp, -1792(t5)
core   0: 3 0x80009704 (0x903f2023) mem 0x8000b000 0x00000001
core   0: 0x80009708 (0x0000bfe5) c.j     pc - 8
core   0: 3 0x80009708 (0xbfe5)
core   0: 0x80009700 (0x00002f17) auipc   t5, 0x2
core   0: 3 0x80009700 (0x00002f17) x30 0x8000b700
core   0: 0x80009704 (0x903f2023) sw      gp, -1792(t5)
core   0: 3 0x80009704 (0x903f2023) mem 0x8000b000 0x00000001
core   0: 0x80009708 (0x0000bfe5) c.j     pc - 8
core   0: 3 0x80009708 (0xbfe5)
core   0: 0x80009700 (0x00002f17) auipc   t5, 0x2
core   0: 3 0x80009700 (0x00002f17) x30 0x8000b700
core   0: 0x80009704 (0x903f2023) sw      gp, -1792(t5)
core   0: 3 0x80009704 (0x903f2023) mem 0x8000b000 0x00000001
core   0: 0x80009708 (0x0000bfe5) c.j     pc - 8
core   0: 3 0x80009708 (0xbfe5)
core   0: 0x80009700 (0x00002f17) auipc   t5, 0x2
core   0: 3 0x80009700 (0x00002f17) x30 0x8000b700
core   0: 0x80009704 (0x903f2023) sw      gp, -1792(t5)
core   0: 3 0x80009704 (0x903f2023) mem 0x8000b000 0x00000001
core   0: 0x80009708 (0x0000bfe5) c.j     pc - 8
core   0: 3 0x80009708 (0xbfe5)
core   0: 0x80009700 (0x00002f17) auipc   t5, 0x2
core   0: 3 0x80009700 (0x00002f17) x30 0x8000b700
core   0: 0x80009704 (0x903f2023) sw      gp, -1792(t5)
core   0: 3 0x80009704 (0x903f2023) mem 0x8000b000 0x00000001
core   0: 0x80009708 (0x0000bfe5) c.j     pc - 8
core   0: 3 0x80009708 (0xbfe5)
core   0: 0x80009700 (0x00002f17) auipc   t5, 0x2
core   0: 3 0x80009700 (0x00002f17) x30 0x8000b700
core   0: 0x80009704 (0x903f2023) sw      gp, -1792(t5)
core   0: 3 0x80009704 (0x903f2023) mem 0x8000b000 0x00000001
core   0: 0x80009708 (0x0000bfe5) c.j     pc - 8
core   0: 3 0x80009708 (0xbfe5)
core   0: 0x80009700 (0x00002f17) auipc   t5, 0x2
core   0: 3 0x80009700 (0x00002f17) x30 0x8000b700
core   0: 0x80009704 (0x903f2023) sw      gp, -1792(t5)
core   0: 3 0x80009704 (0x903f2023) mem 0x8000b000 0x00000001
core   0: 0x80009708 (0x0000bfe5) c.j     pc - 8
core   0: 3 0x80009708 (0xbfe5)
core   0: 0x80009700 (0x00002f17) auipc   t5, 0x2
core   0: 3 0x80009700 (0x00002f17) x30 0x8000b700
core   0: 0x80009704 (0x903f2023) sw      gp, -1792(t5)
core   0: 3 0x80009704 (0x903f2023) mem 0x8000b000 0x00000001
core   0: 0x80009708 (0x0000bfe5) c.j     pc - 8
core   0: 3 0x80009708 (0xbfe5)
core   0: 0x80009700 (0x00002f17) auipc   t5, 0x2
core   0: 3 0x80009700 (0x00002f17) x30 0x8000b700
core   0: 0x80009704 (0x903f2023) sw      gp, -1792(t5)
core   0: 3 0x80009704 (0x903f2023) mem 0x8000b000 0x00000001
core   0: 0x80009708 (0x0000bfe5) c.j     pc - 8
core   0: 3 0x80009708 (0xbfe5)
core   0: 0x80009700 (0x00002f17) auipc   t5, 0x2
core   0: 3 0x80009700 (0x00002f17) x30 0x8000b700
core   0: 0x80009704 (0x903f2023) sw      gp, -1792(t5)
core   0: 3 0x80009704 (0x903f2023) mem 0x8000b000 0x00000001
core   0: 0x80009708 (0x0000bfe5) c.j     pc - 8
core   0: 3 0x80009708 (0xbfe5)
core   0: 0x80009700 (0x00002f17) auipc   t5, 0x2
core   0: 3 0x80009700 (0x00002f17) x30 0x8000b700
core   0: 0x80009704 (0x903f2023) sw      gp, -1792(t5)
core   0: 3 0x80009704 (0x903f2023) mem 0x8000b000 0x00000001
core   0: 0x80009708 (0x0000bfe5) c.j     pc - 8
core   0: 3 0x80009708 (0xbfe5)
core   0: 0x80009700 (0x00002f17) auipc   t5, 0x2
core   0: 3 0x80009700 (0x00002f17) x30 0x8000b700
core   0: 0x80009704 (0x903f2023) sw      gp, -1792(t5)
core   0: 3 0x80009704 (0x903f2023) mem 0x8000b000 0x00000001
core   0: 0x80009708 (0x0000bfe5) c.j     pc - 8
core   0: 3 0x80009708 (0xbfe5)
core   0: 0x80009700 (0x00002f17) auipc   t5, 0x2
core   0: 3 0x80009700 (0x00002f17) x30 0x8000b700
core   0: 0x80009704 (0x903f2023) sw      gp, -1792(t5)
core   0: 3 0x80009704 (0x903f2023) mem 0x8000b000 0x00000001
core   0: 0x80009708 (0x0000bfe5) c.j     pc - 8
core   0: 3 0x80009708 (0xbfe5)
core   0: 0x80009700 (0x00002f17) auipc   t5, 0x2
core   0: 3 0x80009700 (0x00002f17) x30 0x8000b700
core   0: 0x80009704 (0x903f2023) sw      gp, -1792(t5)
core   0: 3 0x80009704 (0x903f2023) mem 0x8000b000 0x00000001
core   0: 0x80009708 (0x0000bfe5) c.j     pc - 8
core   0: 3 0x80009708 (0xbfe5)
core   0: 0x80009700 (0x00002f17) auipc   t5, 0x2
core   0: 3 0x80009700 (0x00002f17) x30 0x8000b700
core   0: 0x80009704 (0x903f2023) sw      gp, -1792(t5)
core   0: 3 0x80009704 (0x903f2023) mem 0x8000b000 0x00000001
core   0: 0x80009708 (0x0000bfe5) c.j     pc - 8
core   0: 3 0x80009708 (0xbfe5)
core   0: 0x80009700 (0x00002f17) auipc   t5, 0x2
core   0: 3 0x80009700 (0x00002f17) x30 0x8000b700
core   0: 0x80009704 (0x903f2023) sw      gp, -1792(t5)
core   0: 3 0x80009704 (0x903f2023) mem 0x8000b000 0x00000001
core   0: 0x80009708 (0x0000bfe5) c.j     pc - 8
core   0: 3 0x80009708 (0xbfe5)
core   0: 0x80009700 (0x00002f17) auipc   t5, 0x2
core   0: 3 0x80009700 (0x00002f17) x30 0x8000b700
core   0: 0x80009704 (0x903f2023) sw      gp, -1792(t5)
core   0: 3 0x80009704 (0x903f2023) mem 0x8000b000 0x00000001
core   0: 0x80009708 (0x0000bfe5) c.j     pc - 8
core   0: 3 0x80009708 (0xbfe5)
core   0: 0x80009700 (0x00002f17) auipc   t5, 0x2
core   0: 3 0x80009700 (0x00002f17) x30 0x8000b700
core   0: 0x80009704 (0x903f2023) sw      gp, -1792(t5)
core   0: 3 0x80009704 (0x903f2023) mem 0x8000b000 0x00000001
core   0: 0x80009708 (0x0000bfe5) c.j     pc - 8
core   0: 3 0x80009708 (0xbfe5)
core   0: 0x80009700 (0x00002f17) auipc   t5, 0x2
core   0: 3 0x80009700 (0x00002f17) x30 0x8000b700
core   0: 0x80009704 (0x903f2023) sw      gp, -1792(t5)
core   0: 3 0x80009704 (0x903f2023) mem 0x8000b000 0x00000001
core   0: 0x80009708 (0x0000bfe5) c.j     pc - 8
core   0: 3 0x80009708 (0xbfe5)
core   0: 0x80009700 (0x00002f17) auipc   t5, 0x2
core   0: 3 0x80009700 (0x00002f17) x30 0x8000b700
core   0: 0x80009704 (0x903f2023) sw      gp, -1792(t5)
core   0: 3 0x80009704 (0x903f2023) mem 0x8000b000 0x00000001
core   0: 0x80009708 (0x0000bfe5) c.j     pc - 8
core   0: 3 0x80009708 (0xbfe5)
core   0: 0x80009700 (0x00002f17) auipc   t5, 0x2
core   0: 3 0x80009700 (0x00002f17) x30 0x8000b700
core   0: 0x80009704 (0x903f2023) sw      gp, -1792(t5)
core   0: 3 0x80009704 (0x903f2023) mem 0x8000b000 0x00000001
core   0: 0x80009708 (0x0000bfe5) c.j     pc - 8
core   0: 3 0x80009708 (0xbfe5)
core   0: 0x80009700 (0x00002f17) auipc   t5, 0x2
core   0: 3 0x80009700 (0x00002f17) x30 0x8000b700
core   0: 0x80009704 (0x903f2023) sw      gp, -1792(t5)
core   0: 3 0x80009704 (0x903f2023) mem 0x8000b000 0x00000001
core   0: 0x80009708 (0x0000bfe5) c.j     pc - 8
core   0: 3 0x80009708 (0xbfe5)
core   0: 0x80009700 (0x00002f17) auipc   t5, 0x2
core   0: 3 0x80009700 (0x00002f17) x30 0x8000b700
core   0: 0x80009704 (0x903f2023) sw      gp, -1792(t5)
core   0: 3 0x80009704 (0x903f2023) mem 0x8000b000 0x00000001
core   0: 0x80009708 (0x0000bfe5) c.j     pc - 8
core   0: 3 0x80009708 (0xbfe5)
core   0: 0x80009700 (0x00002f17) auipc   t5, 0x2
core   0: 3 0x80009700 (0x00002f17) x30 0x8000b700
core   0: 0x80009704 (0x903f2023) sw      gp, -1792(t5)
core   0: 3 0x80009704 (0x903f2023) mem 0x8000b000 0x00000001
core   0: 0x80009708 (0x0000bfe5) c.j     pc - 8
core   0: 3 0x80009708 (0xbfe5)
core   0: 0x80009700 (0x00002f17) auipc   t5, 0x2
core   0: 3 0x80009700 (0x00002f17) x30 0x8000b700
core   0: 0x80009704 (0x903f2023) sw      gp, -1792(t5)
core   0: 3 0x80009704 (0x903f2023) mem 0x8000b000 0x00000001
core   0: 0x80009708 (0x0000bfe5) c.j     pc - 8
core   0: 3 0x80009708 (0xbfe5)
core   0: 0x80009700 (0x00002f17) auipc   t5, 0x2
core   0: 3 0x80009700 (0x00002f17) x30 0x8000b700
core   0: 0x80009704 (0x903f2023) sw      gp, -1792(t5)
core   0: 3 0x80009704 (0x903f2023) mem 0x8000b000 0x00000001
core   0: 0x80009708 (0x0000bfe5) c.j     pc - 8
core   0: 3 0x80009708 (0xbfe5)
core   0: 0x80009700 (0x00002f17) auipc   t5, 0x2
core   0: 3 0x80009700 (0x00002f17) x30 0x8000b700
core   0: 0x80009704 (0x903f2023) sw      gp, -1792(t5)
core   0: 3 0x80009704 (0x903f2023) mem 0x8000b000 0x00000001
core   0: 0x80009708 (0x0000bfe5) c.j     pc - 8
core   0: 3 0x80009708 (0xbfe5)
core   0: 0x80009700 (0x00002f17) auipc   t5, 0x2
core   0: 3 0x80009700 (0x00002f17) x30 0x8000b700
core   0: 0x80009704 (0x903f2023) sw      gp, -1792(t5)
core   0: 3 0x80009704 (0x903f2023) mem 0x8000b000 0x00000001
core   0: 0x80009708 (0x0000bfe5) c.j     pc - 8
core   0: 3 0x80009708 (0xbfe5)
core   0: 0x80009700 (0x00002f17) auipc   t5, 0x2
core   0: 3 0x80009700 (0x00002f17) x30 0x8000b700
core   0: 0x80009704 (0x903f2023) sw      gp, -1792(t5)
core   0: 3 0x80009704 (0x903f2023) mem 0x8000b000 0x00000001
core   0: 0x80009708 (0x0000bfe5) c.j     pc - 8
core   0: 3 0x80009708 (0xbfe5)
core   0: 0x80009700 (0x00002f17) auipc   t5, 0x2
core   0: 3 0x80009700 (0x00002f17) x30 0x8000b700
core   0: 0x80009704 (0x903f2023) sw      gp, -1792(t5)
core   0: 3 0x80009704 (0x903f2023) mem 0x8000b000 0x00000001
core   0: 0x80009708 (0x0000bfe5) c.j     pc - 8
core   0: 3 0x80009708 (0xbfe5)
core   0: 0x80009700 (0x00002f17) auipc   t5, 0x2
core   0: 3 0x80009700 (0x00002f17) x30 0x8000b700
core   0: 0x80009704 (0x903f2023) sw      gp, -1792(t5)
core   0: 3 0x80009704 (0x903f2023) mem 0x8000b000 0x00000001
core   0: 0x80009708 (0x0000bfe5) c.j     pc - 8
core   0: 3 0x80009708 (0xbfe5)
core   0: 0x80009700 (0x00002f17) auipc   t5, 0x2
core   0: 3 0x80009700 (0x00002f17) x30 0x8000b700
core   0: 0x80009704 (0x903f2023) sw      gp, -1792(t5)
core   0: 3 0x80009704 (0x903f2023) mem 0x8000b000 0x00000001
core   0: 0x80009708 (0x0000bfe5) c.j     pc - 8
core   0: 3 0x80009708 (0xbfe5)
core   0: 0x80009700 (0x00002f17) auipc   t5, 0x2
core   0: 3 0x80009700 (0x00002f17) x30 0x8000b700
core   0: 0x80009704 (0x903f2023) sw      gp, -1792(t5)
core   0: 3 0x80009704 (0x903f2023) mem 0x8000b000 0x00000001
core   0: 0x80009708 (0x0000bfe5) c.j     pc - 8
core   0: 3 0x80009708 (0xbfe5)
core   0: 0x80009700 (0x00002f17) auipc   t5, 0x2
core   0: 3 0x80009700 (0x00002f17) x30 0x8000b700
core   0: 0x80009704 (0x903f2023) sw      gp, -1792(t5)
core   0: 3 0x80009704 (0x903f2023) mem 0x8000b000 0x00000001
core   0: 0x80009708 (0x0000bfe5) c.j     pc - 8
core   0: 3 0x80009708 (0xbfe5)
core   0: 0x80009700 (0x00002f17) auipc   t5, 0x2
core   0: 3 0x80009700 (0x00002f17) x30 0x8000b700
core   0: 0x80009704 (0x903f2023) sw      gp, -1792(t5)
core   0: 3 0x80009704 (0x903f2023) mem 0x8000b000 0x00000001
core   0: 0x80009708 (0x0000bfe5) c.j     pc - 8
core   0: 3 0x80009708 (0xbfe5)
core   0: 0x80009700 (0x00002f17) auipc   t5, 0x2
core   0: 3 0x80009700 (0x00002f17) x30 0x8000b700
core   0: 0x80009704 (0x903f2023) sw      gp, -1792(t5)
core   0: 3 0x80009704 (0x903f2023) mem 0x8000b000 0x00000001
core   0: 0x80009708 (0x0000bfe5) c.j     pc - 8
core   0: 3 0x80009708 (0xbfe5)
core   0: 0x80009700 (0x00002f17) auipc   t5, 0x2
core   0: 3 0x80009700 (0x00002f17) x30 0x8000b700
core   0: 0x80009704 (0x903f2023) sw      gp, -1792(t5)
core   0: 3 0x80009704 (0x903f2023) mem 0x8000b000 0x00000001
core   0: 0x80009708 (0x0000bfe5) c.j     pc - 8
core   0: 3 0x80009708 (0xbfe5)
core   0: 0x80009700 (0x00002f17) auipc   t5, 0x2
core   0: 3 0x80009700 (0x00002f17) x30 0x8000b700
core   0: 0x80009704 (0x903f2023) sw      gp, -1792(t5)
core   0: 3 0x80009704 (0x903f2023) mem 0x8000b000 0x00000001
core   0: 0x80009708 (0x0000bfe5) c.j     pc - 8
core   0: 3 0x80009708 (0xbfe5)
core   0: 0x80009700 (0x00002f17) auipc   t5, 0x2
core   0: 3 0x80009700 (0x00002f17) x30 0x8000b700
core   0: 0x80009704 (0x903f2023) sw      gp, -1792(t5)
core   0: 3 0x80009704 (0x903f2023) mem 0x8000b000 0x00000001
core   0: 0x80009708 (0x0000bfe5) c.j     pc - 8
core   0: 3 0x80009708 (0xbfe5)
core   0: 0x80009700 (0x00002f17) auipc   t5, 0x2
core   0: 3 0x80009700 (0x00002f17) x30 0x8000b700
core   0: 0x80009704 (0x903f2023) sw      gp, -1792(t5)
core   0: 3 0x80009704 (0x903f2023) mem 0x8000b000 0x00000001
core   0: 0x80009708 (0x0000bfe5) c.j     pc - 8
core   0: 3 0x80009708 (0xbfe5)
core   0: 0x80009700 (0x00002f17) auipc   t5, 0x2
core   0: 3 0x80009700 (0x00002f17) x30 0x8000b700
core   0: 0x80009704 (0x903f2023) sw      gp, -1792(t5)
core   0: 3 0x80009704 (0x903f2023) mem 0x8000b000 0x00000001
core   0: 0x80009708 (0x0000bfe5) c.j     pc - 8
core   0: 3 0x80009708 (0xbfe5)
core   0: 0x80009700 (0x00002f17) auipc   t5, 0x2
core   0: 3 0x80009700 (0x00002f17) x30 0x8000b700
core   0: 0x80009704 (0x903f2023) sw      gp, -1792(t5)
core   0: 3 0x80009704 (0x903f2023) mem 0x8000b000 0x00000001
core   0: 0x80009708 (0x0000bfe5) c.j     pc - 8
core   0: 3 0x80009708 (0xbfe5)
core   0: 0x80009700 (0x00002f17) auipc   t5, 0x2
core   0: 3 0x80009700 (0x00002f17) x30 0x8000b700
core   0: 0x80009704 (0x903f2023) sw      gp, -1792(t5)
core   0: 3 0x80009704 (0x903f2023) mem 0x8000b000 0x00000001
core   0: 0x80009708 (0x0000bfe5) c.j     pc - 8
core   0: 3 0x80009708 (0xbfe5)
core   0: 0x80009700 (0x00002f17) auipc   t5, 0x2
core   0: 3 0x80009700 (0x00002f17) x30 0x8000b700
core   0: 0x80009704 (0x903f2023) sw      gp, -1792(t5)
core   0: 3 0x80009704 (0x903f2023) mem 0x8000b000 0x00000001
core   0: 0x80009708 (0x0000bfe5) c.j     pc - 8
core   0: 3 0x80009708 (0xbfe5)
core   0: 0x80009700 (0x00002f17) auipc   t5, 0x2
core   0: 3 0x80009700 (0x00002f17) x30 0x8000b700
core   0: 0x80009704 (0x903f2023) sw      gp, -1792(t5)
core   0: 3 0x80009704 (0x903f2023) mem 0x8000b000 0x00000001
core   0: 0x80009708 (0x0000bfe5) c.j     pc - 8
core   0: 3 0x80009708 (0xbfe5)
core   0: 0x80009700 (0x00002f17) auipc   t5, 0x2
core   0: 3 0x80009700 (0x00002f17) x30 0x8000b700
core   0: 0x80009704 (0x903f2023) sw      gp, -1792(t5)
core   0: 3 0x80009704 (0x903f2023) mem 0x8000b000 0x00000001
core   0: 0x80009708 (0x0000bfe5) c.j     pc - 8
core   0: 3 0x80009708 (0xbfe5)
core   0: 0x80009700 (0x00002f17) auipc   t5, 0x2
core   0: 3 0x80009700 (0x00002f17) x30 0x8000b700
core   0: 0x80009704 (0x903f2023) sw      gp, -1792(t5)
core   0: 3 0x80009704 (0x903f2023) mem 0x8000b000 0x00000001
core   0: 0x80009708 (0x0000bfe5) c.j     pc - 8
core   0: 3 0x80009708 (0xbfe5)
core   0: 0x80009700 (0x00002f17) auipc   t5, 0x2
core   0: 3 0x80009700 (0x00002f17) x30 0x8000b700
core   0: 0x80009704 (0x903f2023) sw      gp, -1792(t5)
core   0: 3 0x80009704 (0x903f2023) mem 0x8000b000 0x00000001
core   0: 0x80009708 (0x0000bfe5) c.j     pc - 8
core   0: 3 0x80009708 (0xbfe5)
core   0: 0x80009700 (0x00002f17) auipc   t5, 0x2
core   0: 3 0x80009700 (0x00002f17) x30 0x8000b700
core   0: 0x80009704 (0x903f2023) sw      gp, -1792(t5)
core   0: 3 0x80009704 (0x903f2023) mem 0x8000b000 0x00000001
core   0: 0x80009708 (0x0000bfe5) c.j     pc - 8
core   0: 3 0x80009708 (0xbfe5)
core   0: 0x80009700 (0x00002f17) auipc   t5, 0x2
core   0: 3 0x80009700 (0x00002f17) x30 0x8000b700
core   0: 0x80009704 (0x903f2023) sw      gp, -1792(t5)
core   0: 3 0x80009704 (0x903f2023) mem 0x8000b000 0x00000001
core   0: 0x80009708 (0x0000bfe5) c.j     pc - 8
core   0: 3 0x80009708 (0xbfe5)
core   0: 0x80009700 (0x00002f17) auipc   t5, 0x2
core   0: 3 0x80009700 (0x00002f17) x30 0x8000b700
core   0: 0x80009704 (0x903f2023) sw      gp, -1792(t5)
core   0: 3 0x80009704 (0x903f2023) mem 0x8000b000 0x00000001
core   0: 0x80009708 (0x0000bfe5) c.j     pc - 8
core   0: 3 0x80009708 (0xbfe5)
core   0: 0x80009700 (0x00002f17) auipc   t5, 0x2
core   0: 3 0x80009700 (0x00002f17) x30 0x8000b700
core   0: 0x80009704 (0x903f2023) sw      gp, -1792(t5)
core   0: 3 0x80009704 (0x903f2023) mem 0x8000b000 0x00000001
core   0: 0x80009708 (0x0000bfe5) c.j     pc - 8
core   0: 3 0x80009708 (0xbfe5)
core   0: 0x80009700 (0x00002f17) auipc   t5, 0x2
core   0: 3 0x80009700 (0x00002f17) x30 0x8000b700
core   0: 0x80009704 (0x903f2023) sw      gp, -1792(t5)
core   0: 3 0x80009704 (0x903f2023) mem 0x8000b000 0x00000001
core   0: 0x80009708 (0x0000bfe5) c.j     pc - 8
core   0: 3 0x80009708 (0xbfe5)
core   0: 0x80009700 (0x00002f17) auipc   t5, 0x2
core   0: 3 0x80009700 (0x00002f17) x30 0x8000b700
core   0: 0x80009704 (0x903f2023) sw      gp, -1792(t5)
core   0: 3 0x80009704 (0x903f2023) mem 0x8000b000 0x00000001
core   0: 0x80009708 (0x0000bfe5) c.j     pc - 8
core   0: 3 0x80009708 (0xbfe5)
core   0: 0x80009700 (0x00002f17) auipc   t5, 0x2
core   0: 3 0x80009700 (0x00002f17) x30 0x8000b700
core   0: 0x80009704 (0x903f2023) sw      gp, -1792(t5)
core   0: 3 0x80009704 (0x903f2023) mem 0x8000b000 0x00000001
core   0: 0x80009708 (0x0000bfe5) c.j     pc - 8
core   0: 3 0x80009708 (0xbfe5)
core   0: 0x80009700 (0x00002f17) auipc   t5, 0x2
core   0: 3 0x80009700 (0x00002f17) x30 0x8000b700
core   0: 0x80009704 (0x903f2023) sw      gp, -1792(t5)
core   0: 3 0x80009704 (0x903f2023) mem 0x8000b000 0x00000001
core   0: 0x80009708 (0x0000bfe5) c.j     pc - 8
core   0: 3 0x80009708 (0xbfe5)
core   0: 0x80009700 (0x00002f17) auipc   t5, 0x2
core   0: 3 0x80009700 (0x00002f17) x30 0x8000b700
core   0: 0x80009704 (0x903f2023) sw      gp, -1792(t5)
core   0: 3 0x80009704 (0x903f2023) mem 0x8000b000 0x00000001
core   0: 0x80009708 (0x0000bfe5) c.j     pc - 8
core   0: 3 0x80009708 (0xbfe5)
core   0: 0x80009700 (0x00002f17) auipc   t5, 0x2
core   0: 3 0x80009700 (0x00002f17) x30 0x8000b700
core   0: 0x80009704 (0x903f2023) sw      gp, -1792(t5)
core   0: 3 0x80009704 (0x903f2023) mem 0x8000b000 0x00000001
core   0: 0x80009708 (0x0000bfe5) c.j     pc - 8
core   0: 3 0x80009708 (0xbfe5)
core   0: 0x80009700 (0x00002f17) auipc   t5, 0x2
core   0: 3 0x80009700 (0x00002f17) x30 0x8000b700
core   0: 0x80009704 (0x903f2023) sw      gp, -1792(t5)
core   0: 3 0x80009704 (0x903f2023) mem 0x8000b000 0x00000001
core   0: 0x80009708 (0x0000bfe5) c.j     pc - 8
core   0: 3 0x80009708 (0xbfe5)
core   0: 0x80009700 (0x00002f17) auipc   t5, 0x2
core   0: 3 0x80009700 (0x00002f17) x30 0x8000b700
core   0: 0x80009704 (0x903f2023) sw      gp, -1792(t5)
core   0: 3 0x80009704 (0x903f2023) mem 0x8000b000 0x00000001
core   0: 0x80009708 (0x0000bfe5) c.j     pc - 8
core   0: 3 0x80009708 (0xbfe5)
core   0: 0x80009700 (0x00002f17) auipc   t5, 0x2
core   0: 3 0x80009700 (0x00002f17) x30 0x8000b700
core   0: 0x80009704 (0x903f2023) sw      gp, -1792(t5)
core   0: 3 0x80009704 (0x903f2023) mem 0x8000b000 0x00000001
core   0: 0x80009708 (0x0000bfe5) c.j     pc - 8
core   0: 3 0x80009708 (0xbfe5)
core   0: 0x80009700 (0x00002f17) auipc   t5, 0x2
core   0: 3 0x80009700 (0x00002f17) x30 0x8000b700
core   0: 0x80009704 (0x903f2023) sw      gp, -1792(t5)
core   0: 3 0x80009704 (0x903f2023) mem 0x8000b000 0x00000001
core   0: 0x80009708 (0x0000bfe5) c.j     pc - 8
core   0: 3 0x80009708 (0xbfe5)
core   0: 0x80009700 (0x00002f17) auipc   t5, 0x2
core   0: 3 0x80009700 (0x00002f17) x30 0x8000b700
core   0: 0x80009704 (0x903f2023) sw      gp, -1792(t5)
core   0: 3 0x80009704 (0x903f2023) mem 0x8000b000 0x00000001
core   0: 0x80009708 (0x0000bfe5) c.j     pc - 8
core   0: 3 0x80009708 (0xbfe5)
core   0: 0x80009700 (0x00002f17) auipc   t5, 0x2
core   0: 3 0x80009700 (0x00002f17) x30 0x8000b700
core   0: 0x80009704 (0x903f2023) sw      gp, -1792(t5)
core   0: 3 0x80009704 (0x903f2023) mem 0x8000b000 0x00000001
core   0: 0x80009708 (0x0000bfe5) c.j     pc - 8
core   0: 3 0x80009708 (0xbfe5)
core   0: 0x80009700 (0x00002f17) auipc   t5, 0x2
core   0: 3 0x80009700 (0x00002f17) x30 0x8000b700
core   0: 0x80009704 (0x903f2023) sw      gp, -1792(t5)
core   0: 3 0x80009704 (0x903f2023) mem 0x8000b000 0x00000001
core   0: 0x80009708 (0x0000bfe5) c.j     pc - 8
core   0: 3 0x80009708 (0xbfe5)
core   0: 0x80009700 (0x00002f17) auipc   t5, 0x2
core   0: 3 0x80009700 (0x00002f17) x30 0x8000b700
core   0: 0x80009704 (0x903f2023) sw      gp, -1792(t5)
core   0: 3 0x80009704 (0x903f2023) mem 0x8000b000 0x00000001
core   0: 0x80009708 (0x0000bfe5) c.j     pc - 8
core   0: 3 0x80009708 (0xbfe5)
core   0: 0x80009700 (0x00002f17) auipc   t5, 0x2
core   0: 3 0x80009700 (0x00002f17) x30 0x8000b700
core   0: 0x80009704 (0x903f2023) sw      gp, -1792(t5)
core   0: 3 0x80009704 (0x903f2023) mem 0x8000b000 0x00000001
core   0: 0x80009708 (0x0000bfe5) c.j     pc - 8
core   0: 3 0x80009708 (0xbfe5)
core   0: 0x80009700 (0x00002f17) auipc   t5, 0x2
core   0: 3 0x80009700 (0x00002f17) x30 0x8000b700
core   0: 0x80009704 (0x903f2023) sw      gp, -1792(t5)
core   0: 3 0x80009704 (0x903f2023) mem 0x8000b000 0x00000001
core   0: 0x80009708 (0x0000bfe5) c.j     pc - 8
core   0: 3 0x80009708 (0xbfe5)
core   0: 0x80009700 (0x00002f17) auipc   t5, 0x2
core   0: 3 0x80009700 (0x00002f17) x30 0x8000b700
core   0: 0x80009704 (0x903f2023) sw      gp, -1792(t5)
core   0: 3 0x80009704 (0x903f2023) mem 0x8000b000 0x00000001
core   0: 0x80009708 (0x0000bfe5) c.j     pc - 8
core   0: 3 0x80009708 (0xbfe5)
core   0: 0x80009700 (0x00002f17) auipc   t5, 0x2
core   0: 3 0x80009700 (0x00002f17) x30 0x8000b700
core   0: 0x80009704 (0x903f2023) sw      gp, -1792(t5)
core   0: 3 0x80009704 (0x903f2023) mem 0x8000b000 0x00000001
core   0: 0x80009708 (0x0000bfe5) c.j     pc - 8
core   0: 3 0x80009708 (0xbfe5)
core   0: 0x80009700 (0x00002f17) auipc   t5, 0x2
core   0: 3 0x80009700 (0x00002f17) x30 0x8000b700
core   0: 0x80009704 (0x903f2023) sw      gp, -1792(t5)
core   0: 3 0x80009704 (0x903f2023) mem 0x8000b000 0x00000001
core   0: 0x80009708 (0x0000bfe5) c.j     pc - 8
core   0: 3 0x80009708 (0xbfe5)
core   0: 0x80009700 (0x00002f17) auipc   t5, 0x2
core   0: 3 0x80009700 (0x00002f17) x30 0x8000b700
core   0: 0x80009704 (0x903f2023) sw      gp, -1792(t5)
core   0: 3 0x80009704 (0x903f2023) mem 0x8000b000 0x00000001
core   0: 0x80009708 (0x0000bfe5) c.j     pc - 8
core   0: 3 0x80009708 (0xbfe5)
core   0: 0x80009700 (0x00002f17) auipc   t5, 0x2
core   0: 3 0x80009700 (0x00002f17) x30 0x8000b700
core   0: 0x80009704 (0x903f2023) sw      gp, -1792(t5)
core   0: 3 0x80009704 (0x903f2023) mem 0x8000b000 0x00000001
core   0: 0x80009708 (0x0000bfe5) c.j     pc - 8
core   0: 3 0x80009708 (0xbfe5)
core   0: 0x80009700 (0x00002f17) auipc   t5, 0x2
core   0: 3 0x80009700 (0x00002f17) x30 0x8000b700
core   0: 0x80009704 (0x903f2023) sw      gp, -1792(t5)
core   0: 3 0x80009704 (0x903f2023) mem 0x8000b000 0x00000001
core   0: 0x80009708 (0x0000bfe5) c.j     pc - 8
core   0: 3 0x80009708 (0xbfe5)
core   0: 0x80009700 (0x00002f17) auipc   t5, 0x2
core   0: 3 0x80009700 (0x00002f17) x30 0x8000b700
core   0: 0x80009704 (0x903f2023) sw      gp, -1792(t5)
core   0: 3 0x80009704 (0x903f2023) mem 0x8000b000 0x00000001
core   0: 0x80009708 (0x0000bfe5) c.j     pc - 8
core   0: 3 0x80009708 (0xbfe5)
core   0: 0x80009700 (0x00002f17) auipc   t5, 0x2
core   0: 3 0x80009700 (0x00002f17) x30 0x8000b700
core   0: 0x80009704 (0x903f2023) sw      gp, -1792(t5)
core   0: 3 0x80009704 (0x903f2023) mem 0x8000b000 0x00000001
core   0: 0x80009708 (0x0000bfe5) c.j     pc - 8
core   0: 3 0x80009708 (0xbfe5)
core   0: 0x80009700 (0x00002f17) auipc   t5, 0x2
core   0: 3 0x80009700 (0x00002f17) x30 0x8000b700
core   0: 0x80009704 (0x903f2023) sw      gp, -1792(t5)
core   0: 3 0x80009704 (0x903f2023) mem 0x8000b000 0x00000001
core   0: 0x80009708 (0x0000bfe5) c.j     pc - 8
core   0: 3 0x80009708 (0xbfe5)
core   0: 0x80009700 (0x00002f17) auipc   t5, 0x2
core   0: 3 0x80009700 (0x00002f17) x30 0x8000b700
core   0: 0x80009704 (0x903f2023) sw      gp, -1792(t5)
core   0: 3 0x80009704 (0x903f2023) mem 0x8000b000 0x00000001
core   0: 0x80009708 (0x0000bfe5) c.j     pc - 8
core   0: 3 0x80009708 (0xbfe5)
core   0: 0x80009700 (0x00002f17) auipc   t5, 0x2
core   0: 3 0x80009700 (0x00002f17) x30 0x8000b700
core   0: 0x80009704 (0x903f2023) sw      gp, -1792(t5)
core   0: 3 0x80009704 (0x903f2023) mem 0x8000b000 0x00000001
core   0: 0x80009708 (0x0000bfe5) c.j     pc - 8
core   0: 3 0x80009708 (0xbfe5)
core   0: 0x80009700 (0x00002f17) auipc   t5, 0x2
core   0: 3 0x80009700 (0x00002f17) x30 0x8000b700
core   0: 0x80009704 (0x903f2023) sw      gp, -1792(t5)
core   0: 3 0x80009704 (0x903f2023) mem 0x8000b000 0x00000001
core   0: 0x80009708 (0x0000bfe5) c.j     pc - 8
core   0: 3 0x80009708 (0xbfe5)
core   0: 0x80009700 (0x00002f17) auipc   t5, 0x2
core   0: 3 0x80009700 (0x00002f17) x30 0x8000b700
core   0: 0x80009704 (0x903f2023) sw      gp, -1792(t5)
core   0: 3 0x80009704 (0x903f2023) mem 0x8000b000 0x00000001
core   0: 0x80009708 (0x0000bfe5) c.j     pc - 8
core   0: 3 0x80009708 (0xbfe5)
core   0: 0x80009700 (0x00002f17) auipc   t5, 0x2
core   0: 3 0x80009700 (0x00002f17) x30 0x8000b700
core   0: 0x80009704 (0x903f2023) sw      gp, -1792(t5)
core   0: 3 0x80009704 (0x903f2023) mem 0x8000b000 0x00000001
core   0: 0x80009708 (0x0000bfe5) c.j     pc - 8
core   0: 3 0x80009708 (0xbfe5)
core   0: 0x80009700 (0x00002f17) auipc   t5, 0x2
core   0: 3 0x80009700 (0x00002f17) x30 0x8000b700
core   0: 0x80009704 (0x903f2023) sw      gp, -1792(t5)
core   0: 3 0x80009704 (0x903f2023) mem 0x8000b000 0x00000001
core   0: 0x80009708 (0x0000bfe5) c.j     pc - 8
core   0: 3 0x80009708 (0xbfe5)
core   0: 0x80009700 (0x00002f17) auipc   t5, 0x2
core   0: 3 0x80009700 (0x00002f17) x30 0x8000b700
core   0: 0x80009704 (0x903f2023) sw      gp, -1792(t5)
core   0: 3 0x80009704 (0x903f2023) mem 0x8000b000 0x00000001
core   0: 0x80009708 (0x0000bfe5) c.j     pc - 8
core   0: 3 0x80009708 (0xbfe5)
core   0: 0x80009700 (0x00002f17) auipc   t5, 0x2
core   0: 3 0x80009700 (0x00002f17) x30 0x8000b700
core   0: 0x80009704 (0x903f2023) sw      gp, -1792(t5)
core   0: 3 0x80009704 (0x903f2023) mem 0x8000b000 0x00000001
core   0: 0x80009708 (0x0000bfe5) c.j     pc - 8
core   0: 3 0x80009708 (0xbfe5)
core   0: 0x80009700 (0x00002f17) auipc   t5, 0x2
core   0: 3 0x80009700 (0x00002f17) x30 0x8000b700
core   0: 0x80009704 (0x903f2023) sw      gp, -1792(t5)
core   0: 3 0x80009704 (0x903f2023) mem 0x8000b000 0x00000001
core   0: 0x80009708 (0x0000bfe5) c.j     pc - 8
core   0: 3 0x80009708 (0xbfe5)
core   0: 0x80009700 (0x00002f17) auipc   t5, 0x2
core   0: 3 0x80009700 (0x00002f17) x30 0x8000b700
core   0: 0x80009704 (0x903f2023) sw      gp, -1792(t5)
core   0: 3 0x80009704 (0x903f2023) mem 0x8000b000 0x00000001
core   0: 0x80009708 (0x0000bfe5) c.j     pc - 8
core   0: 3 0x80009708 (0xbfe5)
core   0: 0x80009700 (0x00002f17) auipc   t5, 0x2
core   0: 3 0x80009700 (0x00002f17) x30 0x8000b700
core   0: 0x80009704 (0x903f2023) sw      gp, -1792(t5)
core   0: 3 0x80009704 (0x903f2023) mem 0x8000b000 0x00000001
core   0: 0x80009708 (0x0000bfe5) c.j     pc - 8
core   0: 3 0x80009708 (0xbfe5)
core   0: 0x80009700 (0x00002f17) auipc   t5, 0x2
core   0: 3 0x80009700 (0x00002f17) x30 0x8000b700
core   0: 0x80009704 (0x903f2023) sw      gp, -1792(t5)
core   0: 3 0x80009704 (0x903f2023) mem 0x8000b000 0x00000001
core   0: 0x80009708 (0x0000bfe5) c.j     pc - 8
core   0: 3 0x80009708 (0xbfe5)
core   0: 0x80009700 (0x00002f17) auipc   t5, 0x2
core   0: 3 0x80009700 (0x00002f17) x30 0x8000b700
core   0: 0x80009704 (0x903f2023) sw      gp, -1792(t5)
core   0: 3 0x80009704 (0x903f2023) mem 0x8000b000 0x00000001
core   0: 0x80009708 (0x0000bfe5) c.j     pc - 8
core   0: 3 0x80009708 (0xbfe5)
core   0: 0x80009700 (0x00002f17) auipc   t5, 0x2
core   0: 3 0x80009700 (0x00002f17) x30 0x8000b700
core   0: 0x80009704 (0x903f2023) sw      gp, -1792(t5)
core   0: 3 0x80009704 (0x903f2023) mem 0x8000b000 0x00000001
core   0: 0x80009708 (0x0000bfe5) c.j     pc - 8
core   0: 3 0x80009708 (0xbfe5)
core   0: 0x80009700 (0x00002f17) auipc   t5, 0x2
core   0: 3 0x80009700 (0x00002f17) x30 0x8000b700
core   0: 0x80009704 (0x903f2023) sw      gp, -1792(t5)
core   0: 3 0x80009704 (0x903f2023) mem 0x8000b000 0x00000001
core   0: 0x80009708 (0x0000bfe5) c.j     pc - 8
core   0: 3 0x80009708 (0xbfe5)
core   0: 0x80009700 (0x00002f17) auipc   t5, 0x2
core   0: 3 0x80009700 (0x00002f17) x30 0x8000b700
core   0: 0x80009704 (0x903f2023) sw      gp, -1792(t5)
core   0: 3 0x80009704 (0x903f2023) mem 0x8000b000 0x00000001
core   0: 0x80009708 (0x0000bfe5) c.j     pc - 8
core   0: 3 0x80009708 (0xbfe5)
core   0: 0x80009700 (0x00002f17) auipc   t5, 0x2
core   0: 3 0x80009700 (0x00002f17) x30 0x8000b700
core   0: 0x80009704 (0x903f2023) sw      gp, -1792(t5)
core   0: 3 0x80009704 (0x903f2023) mem 0x8000b000 0x00000001
core   0: 0x80009708 (0x0000bfe5) c.j     pc - 8
core   0: 3 0x80009708 (0xbfe5)
core   0: 0x80009700 (0x00002f17) auipc   t5, 0x2
core   0: 3 0x80009700 (0x00002f17) x30 0x8000b700
core   0: 0x80009704 (0x903f2023) sw      gp, -1792(t5)
core   0: 3 0x80009704 (0x903f2023) mem 0x8000b000 0x00000001
core   0: 0x80009708 (0x0000bfe5) c.j     pc - 8
core   0: 3 0x80009708 (0xbfe5)
core   0: 0x80009700 (0x00002f17) auipc   t5, 0x2
core   0: 3 0x80009700 (0x00002f17) x30 0x8000b700
core   0: 0x80009704 (0x903f2023) sw      gp, -1792(t5)
core   0: 3 0x80009704 (0x903f2023) mem 0x8000b000 0x00000001
core   0: 0x80009708 (0x0000bfe5) c.j     pc - 8
core   0: 3 0x80009708 (0xbfe5)
core   0: 0x80009700 (0x00002f17) auipc   t5, 0x2
core   0: 3 0x80009700 (0x00002f17) x30 0x8000b700
core   0: 0x80009704 (0x903f2023) sw      gp, -1792(t5)
core   0: 3 0x80009704 (0x903f2023) mem 0x8000b000 0x00000001
core   0: 0x80009708 (0x0000bfe5) c.j     pc - 8
core   0: 3 0x80009708 (0xbfe5)
core   0: 0x80009700 (0x00002f17) auipc   t5, 0x2
core   0: 3 0x80009700 (0x00002f17) x30 0x8000b700
core   0: 0x80009704 (0x903f2023) sw      gp, -1792(t5)
core   0: 3 0x80009704 (0x903f2023) mem 0x8000b000 0x00000001
core   0: 0x80009708 (0x0000bfe5) c.j     pc - 8
core   0: 3 0x80009708 (0xbfe5)
core   0: 0x80009700 (0x00002f17) auipc   t5, 0x2
core   0: 3 0x80009700 (0x00002f17) x30 0x8000b700
core   0: 0x80009704 (0x903f2023) sw      gp, -1792(t5)
core   0: 3 0x80009704 (0x903f2023) mem 0x8000b000 0x00000001
core   0: 0x80009708 (0x0000bfe5) c.j     pc - 8
core   0: 3 0x80009708 (0xbfe5)
core   0: 0x80009700 (0x00002f17) auipc   t5, 0x2
core   0: 3 0x80009700 (0x00002f17) x30 0x8000b700
core   0: 0x80009704 (0x903f2023) sw      gp, -1792(t5)
core   0: 3 0x80009704 (0x903f2023) mem 0x8000b000 0x00000001
core   0: 0x80009708 (0x0000bfe5) c.j     pc - 8
core   0: 3 0x80009708 (0xbfe5)
core   0: 0x80009700 (0x00002f17) auipc   t5, 0x2
core   0: 3 0x80009700 (0x00002f17) x30 0x8000b700
core   0: 0x80009704 (0x903f2023) sw      gp, -1792(t5)
core   0: 3 0x80009704 (0x903f2023) mem 0x8000b000 0x00000001
core   0: 0x80009708 (0x0000bfe5) c.j     pc - 8
core   0: 3 0x80009708 (0xbfe5)
core   0: 0x80009700 (0x00002f17) auipc   t5, 0x2
core   0: 3 0x80009700 (0x00002f17) x30 0x8000b700
core   0: 0x80009704 (0x903f2023) sw      gp, -1792(t5)
core   0: 3 0x80009704 (0x903f2023) mem 0x8000b000 0x00000001
core   0: 0x80009708 (0x0000bfe5) c.j     pc - 8
core   0: 3 0x80009708 (0xbfe5)
core   0: 0x80009700 (0x00002f17) auipc   t5, 0x2
core   0: 3 0x80009700 (0x00002f17) x30 0x8000b700
core   0: 0x80009704 (0x903f2023) sw      gp, -1792(t5)
core   0: 3 0x80009704 (0x903f2023) mem 0x8000b000 0x00000001
core   0: 0x80009708 (0x0000bfe5) c.j     pc - 8
core   0: 3 0x80009708 (0xbfe5)
core   0: 0x80009700 (0x00002f17) auipc   t5, 0x2
core   0: 3 0x80009700 (0x00002f17) x30 0x8000b700
core   0: 0x80009704 (0x903f2023) sw      gp, -1792(t5)
core   0: 3 0x80009704 (0x903f2023) mem 0x8000b000 0x00000001
core   0: 0x80009708 (0x0000bfe5) c.j     pc - 8
core   0: 3 0x80009708 (0xbfe5)
core   0: 0x80009700 (0x00002f17) auipc   t5, 0x2
core   0: 3 0x80009700 (0x00002f17) x30 0x8000b700
core   0: 0x80009704 (0x903f2023) sw      gp, -1792(t5)
core   0: 3 0x80009704 (0x903f2023) mem 0x8000b000 0x00000001
core   0: 0x80009708 (0x0000bfe5) c.j     pc - 8
core   0: 3 0x80009708 (0xbfe5)
core   0: 0x80009700 (0x00002f17) auipc   t5, 0x2
core   0: 3 0x80009700 (0x00002f17) x30 0x8000b700
core   0: 0x80009704 (0x903f2023) sw      gp, -1792(t5)
core   0: 3 0x80009704 (0x903f2023) mem 0x8000b000 0x00000001
core   0: 0x80009708 (0x0000bfe5) c.j     pc - 8
core   0: 3 0x80009708 (0xbfe5)
core   0: 0x80009700 (0x00002f17) auipc   t5, 0x2
core   0: 3 0x80009700 (0x00002f17) x30 0x8000b700
core   0: 0x80009704 (0x903f2023) sw      gp, -1792(t5)
core   0: 3 0x80009704 (0x903f2023) mem 0x8000b000 0x00000001
core   0: 0x80009708 (0x0000bfe5) c.j     pc - 8
core   0: 3 0x80009708 (0xbfe5)
core   0: 0x80009700 (0x00002f17) auipc   t5, 0x2
core   0: 3 0x80009700 (0x00002f17) x30 0x8000b700
core   0: 0x80009704 (0x903f2023) sw      gp, -1792(t5)
core   0: 3 0x80009704 (0x903f2023) mem 0x8000b000 0x00000001
core   0: 0x80009708 (0x0000bfe5) c.j     pc - 8
core   0: 3 0x80009708 (0xbfe5)
core   0: 0x80009700 (0x00002f17) auipc   t5, 0x2
core   0: 3 0x80009700 (0x00002f17) x30 0x8000b700
core   0: 0x80009704 (0x903f2023) sw      gp, -1792(t5)
core   0: 3 0x80009704 (0x903f2023) mem 0x8000b000 0x00000001
core   0: 0x80009708 (0x0000bfe5) c.j     pc - 8
core   0: 3 0x80009708 (0xbfe5)
core   0: 0x80009700 (0x00002f17) auipc   t5, 0x2
core   0: 3 0x80009700 (0x00002f17) x30 0x8000b700
core   0: 0x80009704 (0x903f2023) sw      gp, -1792(t5)
core   0: 3 0x80009704 (0x903f2023) mem 0x8000b000 0x00000001
core   0: 0x80009708 (0x0000bfe5) c.j     pc - 8
core   0: 3 0x80009708 (0xbfe5)
core   0: 0x80009700 (0x00002f17) auipc   t5, 0x2
core   0: 3 0x80009700 (0x00002f17) x30 0x8000b700
core   0: 0x80009704 (0x903f2023) sw      gp, -1792(t5)
core   0: 3 0x80009704 (0x903f2023) mem 0x8000b000 0x00000001
core   0: 0x80009708 (0x0000bfe5) c.j     pc - 8
core   0: 3 0x80009708 (0xbfe5)
core   0: 0x80009700 (0x00002f17) auipc   t5, 0x2
core   0: 3 0x80009700 (0x00002f17) x30 0x8000b700
core   0: 0x80009704 (0x903f2023) sw      gp, -1792(t5)
core   0: 3 0x80009704 (0x903f2023) mem 0x8000b000 0x00000001
core   0: 0x80009708 (0x0000bfe5) c.j     pc - 8
core   0: 3 0x80009708 (0xbfe5)
core   0: 0x80009700 (0x00002f17) auipc   t5, 0x2
core   0: 3 0x80009700 (0x00002f17) x30 0x8000b700
core   0: 0x80009704 (0x903f2023) sw      gp, -1792(t5)
core   0: 3 0x80009704 (0x903f2023) mem 0x8000b000 0x00000001
core   0: 0x80009708 (0x0000bfe5) c.j     pc - 8
core   0: 3 0x80009708 (0xbfe5)
core   0: 0x80009700 (0x00002f17) auipc   t5, 0x2
core   0: 3 0x80009700 (0x00002f17) x30 0x8000b700
core   0: 0x80009704 (0x903f2023) sw      gp, -1792(t5)
core   0: 3 0x80009704 (0x903f2023) mem 0x8000b000 0x00000001
core   0: 0x80009708 (0x0000bfe5) c.j     pc - 8
core   0: 3 0x80009708 (0xbfe5)
core   0: 0x80009700 (0x00002f17) auipc   t5, 0x2
core   0: 3 0x80009700 (0x00002f17) x30 0x8000b700
core   0: 0x80009704 (0x903f2023) sw      gp, -1792(t5)
core   0: 3 0x80009704 (0x903f2023) mem 0x8000b000 0x00000001
core   0: 0x80009708 (0x0000bfe5) c.j     pc - 8
core   0: 3 0x80009708 (0xbfe5)
core   0: 0x80009700 (0x00002f17) auipc   t5, 0x2
core   0: 3 0x80009700 (0x00002f17) x30 0x8000b700
core   0: 0x80009704 (0x903f2023) sw      gp, -1792(t5)
core   0: 3 0x80009704 (0x903f2023) mem 0x8000b000 0x00000001
core   0: 0x80009708 (0x0000bfe5) c.j     pc - 8
core   0: 3 0x80009708 (0xbfe5)
core   0: 0x80009700 (0x00002f17) auipc   t5, 0x2
core   0: 3 0x80009700 (0x00002f17) x30 0x8000b700
core   0: 0x80009704 (0x903f2023) sw      gp, -1792(t5)
core   0: 3 0x80009704 (0x903f2023) mem 0x8000b000 0x00000001
core   0: 0x80009708 (0x0000bfe5) c.j     pc - 8
core   0: 3 0x80009708 (0xbfe5)
core   0: 0x80009700 (0x00002f17) auipc   t5, 0x2
core   0: 3 0x80009700 (0x00002f17) x30 0x8000b700
core   0: 0x80009704 (0x903f2023) sw      gp, -1792(t5)
core   0: 3 0x80009704 (0x903f2023) mem 0x8000b000 0x00000001
