core   0: 0x00001000 (0x00000297) auipc   t0, 0x0
core   0: 3 0x00001000 (0x00000297) x 5 0x00001000
core   0: 0x00001004 (0x02028593) addi    a1, t0, 32
core   0: 3 0x00001004 (0x02028593) x11 0x00001020
core   0: 0x00001008 (0xf1402573) csrr    a0, mhartid
core   0: 3 0x00001008 (0xf1402573) x10 0x00000000
core   0: 0x0000100c (0x0182a283) lw      t0, 24(t0)
core   0: 3 0x0000100c (0x0182a283) x 5 0x80000000 mem 0x00001018
core   0: 0x00001010 (0x00028067) jr      t0
core   0: 3 0x00001010 (0x00028067)
core   0: 0x80000000 (0xf14022f3) csrr    t0, mhartid
core   0: 3 0x80000000 (0xf14022f3) x 5 0x00000000
core   0: 0x80000004 (0x00004301) c.li    t1, 0
core   0: 3 0x80000004 (0x4301) x 6 0x00000000
core   0: 0x80000006 (0x00628263) beq     t0, t1, pc + 4
core   0: 3 0x80000006 (0x00628263)
core   0: 0x8000000a (0x00000697) auipc   a3, 0x0
core   0: 3 0x8000000a (0x00000697) x13 0x8000000a
core   0: 0x8000000e (0x00c68693) addi    a3, a3, 12
core   0: 3 0x8000000e (0x00c68693) x13 0x80000016
core   0: 0x80000012 (0x00068067) jr      a3
core   0: 3 0x80000012 (0x00068067)
core   0: 0x80000016 (0x400012b7) lui     t0, 0x40001
core   0: 3 0x80000016 (0x400012b7) x 5 0x40001000
core   0: 0x8000001a (0x10428293) addi    t0, t0, 260
core   0: 3 0x8000001a (0x10428293) x 5 0x40001104
core   0: 0x8000001e (0x30129073) csrw    misa, t0
core   0: 3 0x8000001e (0x30129073) c769_misa 0x40141104
core   0: 0x80000022 (0x0002ba97) auipc   s5, 0x2b
core   0: 3 0x80000022 (0x0002ba97) x21 0x8002b022
core   0: 0x80000026 (0xcc2a8a93) addi    s5, s5, -830
core   0: 3 0x80000026 (0xcc2a8a93) x21 0x8002ace4
core   0: 0x8000002a (0x00010297) auipc   t0, 0x10
core   0: 3 0x8000002a (0x00010297) x 5 0x8001002a
core   0: 0x8000002e (0xe0628293) addi    t0, t0, -506
core   0: 3 0x8000002e (0xe0628293) x 5 0x8000fe30
core   0: 0x80000032 (0x0012e293) ori     t0, t0, 1
core   0: 3 0x80000032 (0x0012e293) x 5 0x8000fe31
core   0: 0x80000036 (0x30529073) csrw    mtvec, t0
core   0: 3 0x80000036 (0x30529073) c773_mtvec 0x8000fe31
core   0: 0x8000003a (0x00000297) auipc   t0, 0x0
core   0: 3 0x8000003a (0x00000297) x 5 0x8000003a
core   0: 0x8000003e (0x02428293) addi    t0, t0, 36
core   0: 3 0x8000003e (0x02428293) x 5 0x8000005e
core   0: 0x80000042 (0x34129073) csrw    mepc, t0
core   0: 3 0x80000042 (0x34129073) c833_mepc 0x8000005e
core   0: 0x80000046 (0x00000001) c.nop
core   0: 3 0x80000046 (0x0001)
core   0: 0x80000048 (0x000022b7) lui     t0, 0x2
core   0: 3 0x80000048 (0x000022b7) x 5 0x00002000
core   0: 0x8000004c (0x80028293) addi    t0, t0, -2048
core   0: 3 0x8000004c (0x80028293) x 5 0x00001800
core   0: 0x80000050 (0x30029073) csrw    mstatus, t0
core   0: 3 0x80000050 (0x30029073) c768_mstatus 0x00001800
core   0: 0x80000054 (0x00004281) c.li    t0, 0
core   0: 3 0x80000054 (0x4281) x 5 0x00000000
core   0: 0x80000056 (0x30429073) csrw    mie, t0
core   0: 3 0x80000056 (0x30429073) c772_mie 0x00000000
core   0: 0x8000005a (0x30200073) mret
core   0: 3 0x8000005a (0x30200073) c768_mstatus 0x00000080
core   0: >>>>  init
core   0: 0x8000005e (0x00000013) nop
core   0: 3 0x8000005e (0x00000013)
core   0: 0x80000062 (0xfe4590b7) lui     ra, 0xfe459
core   0: 3 0x80000062 (0xfe4590b7) x 1 0xfe459000
core   0: 0x80000066 (0x9dc08093) addi    ra, ra, -1572
core   0: 3 0x80000066 (0x9dc08093) x 1 0xfe4589dc
core   0: 0x8000006a (0x5446f137) lui     sp, 0x5446f
core   0: 3 0x8000006a (0x5446f137) x 2 0x5446f000
core   0: 0x8000006e (0xbb810113) addi    sp, sp, -1096
core   0: 3 0x8000006e (0xbb810113) x 2 0x5446ebb8
core   0: 0x80000072 (0x00004181) c.li    gp, 0
core   0: 3 0x80000072 (0x4181) x 3 0x00000000
core   0: 0x80000074 (0x00004201) c.li    tp, 0
core   0: 3 0x80000074 (0x4201) x 4 0x00000000
core   0: 0x80000076 (0x274642b7) lui     t0, 0x27464
core   0: 3 0x80000076 (0x274642b7) x 5 0x27464000
core   0: 0x8000007a (0x75e28293) addi    t0, t0, 1886
core   0: 3 0x8000007a (0x75e28293) x 5 0x2746475e
core   0: 0x8000007e (0xf7d7d337) lui     t1, 0xf7d7d
core   0: 3 0x8000007e (0xf7d7d337) x 6 0xf7d7d000
core   0: 0x80000082 (0xdcf30313) addi    t1, t1, -561
core   0: 3 0x80000082 (0xdcf30313) x 6 0xf7d7cdcf
core   0: 0x80000086 (0x800003b7) lui     t2, 0x80000
core   0: 3 0x80000086 (0x800003b7) x 7 0x80000000
core   0: 0x8000008a (0x80000437) lui     s0, 0x80000
core   0: 3 0x8000008a (0x80000437) x 8 0x80000000
core   0: 0x8000008e (0x00004495) c.li    s1, 5
core   0: 3 0x8000008e (0x4495) x 9 0x00000005
core   0: 0x80000090 (0x0000450d) c.li    a0, 3
core   0: 3 0x80000090 (0x450d) x10 0x00000003
core   0: 0x80000092 (0x000045bd) c.li    a1, 15
core   0: 3 0x80000092 (0x45bd) x11 0x0000000f
core   0: 0x80000094 (0x00004601) c.li    a2, 0
core   0: 3 0x80000094 (0x4601) x12 0x00000000
core   0: 0x80000096 (0xfc0956b7) lui     a3, 0xfc095
core   0: 3 0x80000096 (0xfc0956b7) x13 0xfc095000
core   0: 0x8000009a (0xc3868693) addi    a3, a3, -968
core   0: 3 0x8000009a (0xc3868693) x13 0xfc094c38
core   0: 0x8000009e (0xfd670737) lui     a4, 0xfd670
core   0: 3 0x8000009e (0xfd670737) x14 0xfd670000
core   0: 0x800000a2 (0xcda70713) addi    a4, a4, -806
core   0: 3 0x800000a2 (0xcda70713) x14 0xfd66fcda
core   0: 0x800000a6 (0x800007b7) lui     a5, 0x80000
core   0: 3 0x800000a6 (0x800007b7) x15 0x80000000
core   0: 0x800000aa (0x80000837) lui     a6, 0x80000
core   0: 3 0x800000aa (0x80000837) x16 0x80000000
core   0: 0x800000ae (0x8ad3b937) lui     s2, 0x8ad3b
core   0: 3 0x800000ae (0x8ad3b937) x18 0x8ad3b000
core   0: 0x800000b2 (0x82590913) addi    s2, s2, -2011
core   0: 3 0x800000b2 (0x82590913) x18 0x8ad3a825
core   0: 0x800000b6 (0xf85019b7) lui     s3, 0xf8501
core   0: 3 0x800000b6 (0xf85019b7) x19 0xf8501000
core   0: 0x800000ba (0x93098993) addi    s3, s3, -1744
core   0: 3 0x800000ba (0x93098993) x19 0xf8500930
core   0: 0x800000be (0x00004a01) c.li    s4, 0
core   0: 3 0x800000be (0x4a01) x20 0x00000000
core   0: 0x800000c0 (0xf99a5b37) lui     s6, 0xf99a5
core   0: 3 0x800000c0 (0xf99a5b37) x22 0xf99a5000
core   0: 0x800000c4 (0x5f3b0b13) addi    s6, s6, 1523
core   0: 3 0x800000c4 (0x5f3b0b13) x22 0xf99a55f3
core   0: 0x800000c8 (0x00004ba5) c.li    s7, 9
core   0: 3 0x800000c8 (0x4ba5) x23 0x00000009
core   0: 0x800000ca (0x00004c01) c.li    s8, 0
core   0: 3 0x800000ca (0x4c01) x24 0x00000000
core   0: 0x800000cc (0xfa535cb7) lui     s9, 0xfa535
core   0: 3 0x800000cc (0xfa535cb7) x25 0xfa535000
core   0: 0x800000d0 (0xf34c8c93) addi    s9, s9, -204
core   0: 3 0x800000d0 (0xf34c8c93) x25 0xfa534f34
core   0: 0x800000d4 (0x00004d01) c.li    s10, 0
core   0: 3 0x800000d4 (0x4d01) x26 0x00000000
core   0: 0x800000d6 (0x00004dbd) c.li    s11, 15
core   0: 3 0x800000d6 (0x4dbd) x27 0x0000000f
core   0: 0x800000d8 (0x33b45e37) lui     t3, 0x33b45
core   0: 3 0x800000d8 (0x33b45e37) x28 0x33b45000
core   0: 0x800000dc (0xf77e0e13) addi    t3, t3, -137
core   0: 3 0x800000dc (0xf77e0e13) x28 0x33b44f77
core   0: 0x800000e0 (0x45a28eb7) lui     t4, 0x45a28
core   0: 3 0x800000e0 (0x45a28eb7) x29 0x45a28000
core   0: 0x800000e4 (0x99be8e93) addi    t4, t4, -1637
core   0: 3 0x800000e4 (0x99be8e93) x29 0x45a2799b
core   0: 0x800000e8 (0x80000f37) lui     t5, 0x80000
core   0: 3 0x800000e8 (0x80000f37) x30 0x80000000
core   0: 0x800000ec (0x44bd5fb7) lui     t6, 0x44bd5
core   0: 3 0x800000ec (0x44bd5fb7) x31 0x44bd5000
core   0: 0x800000f0 (0x199f8f93) addi    t6, t6, 409
core   0: 3 0x800000f0 (0x199f8f93) x31 0x44bd5199
core   0: 0x800000f4 (0x00027897) auipc   a7, 0x27
core   0: 3 0x800000f4 (0x00027897) x17 0x800270f4
core   0: 0x800000f8 (0xd7088893) addi    a7, a7, -656
core   0: 3 0x800000f8 (0xd7088893) x17 0x80026e64
core   0: 0x800000fc (0x0000bc97) auipc   s9, 0xb
core   0: 3 0x800000fc (0x0000bc97) x25 0x8000b0fc
core   0: 0x80000100 (0xea6c8c93) addi    s9, s9, -346
core   0: 3 0x80000100 (0xea6c8c93) x25 0x8000afa2
core   0: 0x80000104 (0x0fec8c93) addi    s9, s9, 254
core   0: 3 0x80000104 (0x0fec8c93) x25 0x8000b0a0
core   0: 0x80000108 (0x40f15013) srai    zero, sp, 15
core   0: 3 0x80000108 (0x40f15013)
core   0: 0x8000010c (0x40c57493) andi    s1, a0, 1036
core   0: 3 0x8000010c (0x40c57493) x 9 0x00000000
core   0: 0x80000110 (0x00008a35) c.andi  a2, 13
core   0: 3 0x80000110 (0x8a35) x12 0x00000000
core   0: 0x80000112 (0x00d65013) srli    zero, a2, 13
core   0: 3 0x80000112 (0x00d65013)
core   0: 0x80000116 (0x00008dd5) c.or    a1, a3
core   0: 3 0x80000116 (0x8dd5) x11 0xfc094c3f
core   0: 0x80000118 (0x00000b90) c.addi4spn a2, sp, 464
core   0: 3 0x80000118 (0x0b90) x12 0x5446ed88
core   0: 0x8000011a (0x00000935) c.addi  s2, 13
core   0: 3 0x8000011a (0x0935) x18 0x8ad3a832
core   0: 0x8000011c (0x03b7a633) mulhsu  a2, a5, s11
core   0: 3 0x8000011c (0x03b7a633) x12 0xfffffff8
core   0: 0x80000120 (0x0016eeb3) or      t4, a3, ra
core   0: 3 0x80000120 (0x0016eeb3) x29 0xfe4dcdfc
core   0: 0x80000124 (0xf5b8c813) xori    a6, a7, -165
core   0: 3 0x80000124 (0xf5b8c813) x16 0x7ffd913f
core   0: 0x80000128 (0xf03c80e7) jalr    ra, s9, -253
core   0: 3 0x80000128 (0xf03c80e7) x 1 0x8000012c
core   0: 0x8000afa2 (0xfcc88893) addi    a7, a7, -52
core   0: 3 0x8000afa2 (0xfcc88893) x17 0x80026e30
core   0: 0x8000afa6 (0x000080ad) c.srli  s1, 11
core   0: 3 0x8000afa6 (0x80ad) x 9 0x00000000
core   0: 0x8000afa8 (0x02ebdc33) divu    s8, s7, a4
core   0: 3 0x8000afa8 (0x02ebdc33) x24 0x00000000
core   0: 0x8000afac (0x0000100f) fence.i
core   0: 3 0x8000afac (0x0000100f)
core   0: 0x8000afb0 (0x40fc5613) srai    a2, s8, 15
core   0: 3 0x8000afb0 (0x40fc5613) x12 0x00000000
core   0: 0x8000afb4 (0x00dcb333) sltu    t1, s9, a3
core   0: 3 0x8000afb4 (0x00dcb333) x 6 0x00000001
core   0: 0x8000afb8 (0x00008139) c.srli  a0, 14
core   0: 3 0x8000afb8 (0x8139) x10 0x00000000
core   0: 0x8000afba (0x02b37d33) remu    s10, t1, a1
core   0: 3 0x8000afba (0x02b37d33) x26 0x00000001
core   0: 0x8000afbe (0x0018a223) sw      ra, 4(a7)
core   0: 3 0x8000afbe (0x0018a223) mem 0x80026e34 0x8000012c
core   0: 0x8000afc2 (0x0000987d) c.andi  s0, -1
core   0: 3 0x8000afc2 (0x987d) x 8 0x80000000
core   0: 0x8000afc4 (0x3de24f13) xori    t5, tp, 990
core   0: 3 0x8000afc4 (0x3de24f13) x30 0x000003de
core   0: 0x8000afc8 (0x00012117) auipc   sp, 0x12
core   0: 3 0x8000afc8 (0x00012117) x 2 0x8001cfc8
core   0: 0x8000afcc (0x3db10113) addi    sp, sp, 987
core   0: 3 0x8000afcc (0x3db10113) x 2 0x8001d3a3
core   0: 0x8000afd0 (0xfec10d23) sb      a2, -6(sp)
core   0: 3 0x8000afd0 (0xfec10d23) mem 0x8001d39d 0x0
core   0: 0x8000afd4 (0xfeb10d23) sb      a1, -6(sp)
core   0: 3 0x8000afd4 (0xfeb10d23) mem 0x8001d39d 0x3f
core   0: 0x8000afd8 (0xffa10b03) lb      s6, -6(sp)
core   0: 3 0x8000afd8 (0xffa10b03) x22 0x0000003f mem 0x8001d39d
core   0: 0x8000afdc (0x00a10f03) lb      t5, 10(sp)
core   0: 3 0x8000afdc (0x00a10f03) x30 0x00000066 mem 0x8001d3ad
core   0: 0x8000afe0 (0x00a10403) lb      s0, 10(sp)
core   0: 3 0x8000afe0 (0x00a10403) x 8 0x00000066 mem 0x8001d3ad
core   0: 0x8000afe4 (0x00310083) lb      ra, 3(sp)
core   0: 3 0x8000afe4 (0x00310083) x 1 0x0000005d mem 0x8001d3a6
core   0: 0x8000afe8 (0x00315e83) lhu     t4, 3(sp)
core   0: 3 0x8000afe8 (0x00315e83) x29 0x00005c5d mem 0x8001d3a6
core   0: 0x8000afec (0x00310f03) lb      t5, 3(sp)
core   0: 3 0x8000afec (0x00310f03) x30 0x0000005d mem 0x8001d3a6
core   0: 0x8000aff0 (0x00310a03) lb      s4, 3(sp)
core   0: 3 0x8000aff0 (0x00310a03) x20 0x0000005d mem 0x8001d3a6
core   0: 0x8000aff4 (0x00315b83) lhu     s7, 3(sp)
core   0: 3 0x8000aff4 (0x00315b83) x23 0x00005c5d mem 0x8001d3a6
core   0: 0x8000aff8 (0x013101a3) sb      s3, 3(sp)
core   0: 3 0x8000aff8 (0x013101a3) mem 0x8001d3a6 0x30
core   0: 0x8000affc (0x00bc9093) slli    ra, s9, 11
core   0: 3 0x8000affc (0x00bc9093) x 1 0x05850000
core   0: 0x8000b000 (0x00310c83) lb      s9, 3(sp)
core   0: 3 0x8000b000 (0x00310c83) x25 0x00000030 mem 0x8001d3a6
core   0: 0x8000b004 (0x00310a03) lb      s4, 3(sp)
core   0: 3 0x8000b004 (0x00310a03) x20 0x00000030 mem 0x8001d3a6
core   0: 0x8000b008 (0x00f15d03) lhu     s10, 15(sp)
core   0: 3 0x8000b008 (0x00f15d03) x26 0x00006869 mem 0x8001d3b2
core   0: 0x8000b00c (0xffb14083) lbu     ra, -5(sp)
core   0: 3 0x8000b00c (0xffb14083) x 1 0x00000055 mem 0x8001d39e
core   0: 0x8000b010 (0xffb15003) lhu     zero, -5(sp)
core   0: 3 0x8000b010 (0xffb15003) mem 0x8001d39e
core   0: 0x8000b014 (0xffb10503) lb      a0, -5(sp)
core   0: 3 0x8000b014 (0xffb10503) x10 0x00000055 mem 0x8001d39e
core   0: 0x8000b018 (0x00006617) auipc   a2, 0x6
core   0: 3 0x8000b018 (0x00006617) x12 0x80011018
core   0: 0x8000b01c (0x42960613) addi    a2, a2, 1065
core   0: 3 0x8000b01c (0x42960613) x12 0x80011441
core   0: 0x8000b020 (0xdac62fa3) sw      a2, -577(a2)
core   0: 3 0x8000b020 (0xdac62fa3) mem 0x80011200 0x80011441
core   0: 0x8000b024 (0x0ff0000f) fence   iorw,iorw
core   0: 3 0x8000b024 (0x0ff0000f)
core   0: 0x8000b028 (0x03b707b3) mul     a5, a4, s11
core   0: 3 0x8000b028 (0x03b707b3) x15 0xd908d0c6
core   0: 0x8000b02c (0x00001380) c.addi4spn s0, sp, 480
core   0: 3 0x8000b02c (0x1380) x 8 0x8001d583
core   0: 0x8000b02e (0x0000100f) fence.i
core   0: 3 0x8000b02e (0x0000100f)
core   0: 0x8000b032 (0x421618a3) sh      ra, 1073(a2)
core   0: 3 0x8000b032 (0x421618a3) mem 0x80011872 0x0055
core   0: 0x8000b036 (0x017ea3b3) slt     t2, t4, s7
core   0: 3 0x8000b036 (0x017ea3b3) x 7 0x00000000
core   0: 0x8000b03a (0xda464983) lbu     s3, -604(a2)
core   0: 3 0x8000b03a (0xda464983) x19 0x0000009e mem 0x800111e5
core   0: 0x8000b03e (0x4c464a03) lbu     s4, 1220(a2)
core   0: 3 0x8000b03e (0x4c464a03) x20 0x000000be mem 0x80011905
core   0: 0x8000b042 (0x028abeb3) mulhu   t4, s5, s0
core   0: 3 0x8000b042 (0x028abeb3) x29 0x40024138
core   0: 0x8000b046 (0x6e760da3) sb      t2, 1787(a2)
core   0: 3 0x8000b046 (0x6e760da3) mem 0x80011b3c 0x0
core   0: 0x8000b04a (0xfe2cae93) slti    t4, s9, -30
core   0: 3 0x8000b04a (0xfe2cae93) x29 0x00000000
core   0: 0x8000b04e (0x3d864983) lbu     s3, 984(a2)
core   0: 3 0x8000b04e (0x3d864983) x19 0x000000d2 mem 0x80011819
core   0: 0x8000b052 (0x02e1a0b3) mulhsu  ra, gp, a4
core   0: 3 0x8000b052 (0x02e1a0b3) x 1 0x00000000
core   0: 0x8000b056 (0x41490f33) sub     t5, s2, s4
core   0: 3 0x8000b056 (0x41490f33) x30 0x8ad3a774
core   0: 0x8000b05a (0x22564283) lbu     t0, 549(a2)
core   0: 3 0x8000b05a (0x22564283) x 5 0x0000001d mem 0x80011666
core   0: 0x8000b05e (0x000081a5) c.srli  a1, 9
core   0: 3 0x8000b05e (0x81a5) x11 0x007e04a6
core   0: 0x8000b060 (0x1ac611a3) sh      a2, 419(a2)
core   0: 3 0x8000b060 (0x1ac611a3) mem 0x800115e4 0x1441
core   0: 0x8000b064 (0x65464e83) lbu     t4, 1620(a2)
core   0: 3 0x8000b064 (0x65464e83) x29 0x0000004e mem 0x80011a95
core   0: 0x8000b068 (0x02d1c233) div     tp, gp, a3
core   0: 3 0x8000b068 (0x02d1c233) x 4 0x00000000
core   0: 0x8000b06c (0x49c64003) lbu     zero, 1180(a2)
core   0: 3 0x8000b06c (0x49c64003) mem 0x800118dd
core   0: 0x8000b070 (0x00045d13) srli    s10, s0, 0
core   0: 3 0x8000b070 (0x00045d13) x26 0x8001d583
core   0: 0x8000b074 (0x0df61d83) lh      s11, 223(a2)
core   0: 3 0x8000b074 (0x0df61d83) x27 0xffffdadb mem 0x80011520
core   0: 0x8000b078 (0xcdd61783) lh      a5, -803(a2)
core   0: 3 0x8000b078 (0xcdd61783) x15 0xffffd4d5 mem 0x8001111e
core   0: 0x8000b07c (0x63062da3) sw      a6, 1595(a2)
core   0: 3 0x8000b07c (0x63062da3) mem 0x80011a7c 0x7ffd913f
core   0: 0x8000b080 (0xf1860c03) lb      s8, -232(a2)
core   0: 3 0x8000b080 (0xf1860c03) x24 0x00000012 mem 0x80011359
core   0: 0x8000b084 (0x48264983) lbu     s3, 1154(a2)
core   0: 3 0x8000b084 (0x48264983) x19 0x00000078 mem 0x800118c3
core   0: 0x8000b088 (0x00008ce1) c.and   s1, s0
core   0: 3 0x8000b088 (0x8ce1) x 9 0x00000000
core   0: 0x8000b08a (0x2f264203) lbu     tp, 754(a2)
core   0: 3 0x8000b08a (0x2f264203) x 4 0x000000e8 mem 0x80011733
core   0: 0x8000b08e (0x2dc611a3) sh      t3, 707(a2)
core   0: 3 0x8000b08e (0x2dc611a3) mem 0x80011704 0x4f77
core   0: 0x8000b092 (0x00000001) c.nop
core   0: 3 0x8000b092 (0x0001)
core   0: 0x8000b094 (0x55d60403) lb      s0, 1373(a2)
core   0: 3 0x8000b094 (0x55d60403) x 8 0x00000055 mem 0x8001199e
core   0: 0x8000b098 (0x008000ef) jal     pc + 0x8
core   0: 3 0x8000b098 (0x008000ef) x 1 0x8000b09c
core   0: 0x8000b0a0 (0x00002009) c.jal   pc + 2
core   0: 3 0x8000b0a0 (0x2009) x 1 0x8000b0a2
core   0: 0x8000b0a2 (0x0000a011) c.j     pc + 4
core   0: 3 0x8000b0a2 (0xa011)
core   0: 0x8000b0a6 (0x00003ffd) c.jal   pc - 2
core   0: 3 0x8000b0a6 (0x3ffd) x 1 0x8000b0a8
core   0: 0x8000b0a4 (0x0000bfe5) c.j     pc - 8
core   0: 3 0x8000b0a4 (0xbfe5)
core   0: 0x8000b09c (0x0000a801) c.j     pc + 16
core   0: 3 0x8000b09c (0xa801)
core   0: 0x8000b0ac (0x00003ffd) c.jal   pc - 2
core   0: 3 0x8000b0ac (0x3ffd) x 1 0x8000b0ae
core   0: 0x8000b0aa (0x00002019) c.jal   pc + 6
core   0: 3 0x8000b0aa (0x2019) x 1 0x8000b0ac
core   0: 0x8000b0b0 (0x000037fd) c.jal   pc - 18
core   0: 3 0x8000b0b0 (0x37fd) x 1 0x8000b0b2
core   0: 0x8000b09e (0x0000a801) c.j     pc + 16
core   0: 3 0x8000b09e (0xa801)
core   0: 0x8000b0ae (0x00003fed) c.jal   pc - 6
core   0: 3 0x8000b0ae (0x3fed) x 1 0x8000b0b0
core   0: 0x8000b0a8 (0x00002029) c.jal   pc + 10
core   0: 3 0x8000b0a8 (0x2029) x 1 0x8000b0aa
core   0: 0x8000b0b2 (0x035a2233) mulhsu  tp, s4, s5
core   0: 3 0x8000b0b2 (0x035a2233) x 4 0x0000005f
core   0: 0x8000b0b6 (0x00009997) auipc   s3, 0x9
core   0: 3 0x8000b0b6 (0x00009997) x19 0x800140b6
core   0: 0x8000b0ba (0x8b098993) addi    s3, s3, -1872
core   0: 3 0x8000b0ba (0x8b098993) x19 0x80013966
core   0: 0x8000b0be (0x0000d417) auipc   s0, 0xd
core   0: 3 0x8000b0be (0x0000d417) x 8 0x800180be
core   0: 0x8000b0c2 (0xcfe40413) addi    s0, s0, -770
core   0: 3 0x8000b0c2 (0xcfe40413) x 8 0x80017dbc
core   0: 0x8000b0c6 (0x0000cf97) auipc   t6, 0xc
core   0: 3 0x8000b0c6 (0x0000cf97) x31 0x800170c6
core   0: 0x8000b0ca (0x87ff8f93) addi    t6, t6, -1921
core   0: 3 0x8000b0ca (0x87ff8f93) x31 0x80016945
core   0: 0x8000b0ce (0xfb440d83) lb      s11, -76(s0)
core   0: 3 0x8000b0ce (0xfb440d83) x27 0x0000002b mem 0x80017d70
core   0: 0x8000b0d2 (0xfebf8f23) sb      a1, -2(t6)
core   0: 3 0x8000b0d2 (0xfebf8f23) mem 0x80016943 0xa6
core   0: 0x8000b0d6 (0xff1fd583) lhu     a1, -15(t6)
core   0: 3 0x8000b0d6 (0xff1fd583) x11 0x0000eced mem 0x80016936
core   0: 0x8000b0da (0xff39c703) lbu     a4, -13(s3)
core   0: 3 0x8000b0da (0xff39c703) x14 0x00000012 mem 0x80013959
core   0: 0x8000b0de (0x00014197) auipc   gp, 0x14
core   0: 3 0x8000b0de (0x00014197) x 3 0x8001f0de
core   0: 0x8000b0e2 (0x18e18193) addi    gp, gp, 398
core   0: 3 0x8000b0e2 (0x18e18193) x 3 0x8001f26c
core   0: 0x8000b0e6 (0xf0944003) lbu     zero, -247(s0)
core   0: 3 0x8000b0e6 (0xf0944003) mem 0x80017cc5
core   0: 0x8000b0ea (0x34219723) sh      sp, 846(gp)
core   0: 3 0x8000b0ea (0x34219723) mem 0x8001f5ba 0xd3a3
core   0: 0x8000b0ee (0x005982a3) sb      t0, 5(s3)
core   0: 3 0x8000b0ee (0x005982a3) mem 0x8001396b 0x1d
core   0: 0x8000b0f2 (0xfcbfc003) lbu     zero, -53(t6)
core   0: 3 0x8000b0f2 (0xfcbfc003) mem 0x80016910
core   0: 0x8000b0f6 (0x07f40d03) lb      s10, 127(s0)
core   0: 3 0x8000b0f6 (0x07f40d03) x26 0xfffffff0 mem 0x80017e3b
core   0: 0x8000b0fa (0xeba1c503) lbu     a0, -326(gp)
core   0: 3 0x8000b0fa (0xeba1c503) x10 0x000000dd mem 0x8001f126
core   0: 0x8000b0fe (0xff89d603) lhu     a2, -8(s3)
core   0: 3 0x8000b0fe (0xff89d603) x12 0x00001415 mem 0x8001395e
core   0: 0x8000b102 (0xff4fcb83) lbu     s7, -12(t6)
core   0: 3 0x8000b102 (0xff4fcb83) x23 0x000000f2 mem 0x80016939
core   0: 0x8000b106 (0xfe7989a3) sb      t2, -13(s3)
core   0: 3 0x8000b106 (0xfe7989a3) mem 0x80013959 0x0
core   0: 0x8000b10a (0x77d18003) lb      zero, 1917(gp)
core   0: 3 0x8000b10a (0x77d18003) mem 0x8001f9e9
core   0: 0x8000b10e (0x06640703) lb      a4, 102(s0)
core   0: 3 0x8000b10e (0x06640703) x14 0xffffffd9 mem 0x80017e22
core   0: 0x8000b112 (0x0c041323) sh      zero, 198(s0)
core   0: 3 0x8000b112 (0x0c041323) mem 0x80017e82 0x0000
core   0: 0x8000b116 (0x01df8303) lb      t1, 29(t6)
core   0: 3 0x8000b116 (0x01df8303) x 6 0x00000019 mem 0x80016962
core   0: 0x8000b11a (0x021fc003) lbu     zero, 33(t6)
core   0: 3 0x8000b11a (0x021fc003) mem 0x80016966
core   0: 0x8000b11e (0x0049c803) lbu     a6, 4(s3)
core   0: 3 0x8000b11e (0x0049c803) x16 0x00000021 mem 0x8001396a
core   0: 0x8000b122 (0x17719b23) sh      s7, 374(gp)
core   0: 3 0x8000b122 (0x17719b23) mem 0x8001f3e2 0x00f2
core   0: 0x8000b126 (0xf1b44503) lbu     a0, -229(s0)
core   0: 3 0x8000b126 (0xf1b44503) x10 0x0000008c mem 0x80017cd7
core   0: 0x8000b12a (0x0f042383) lw      t2, 240(s0)
core   0: 3 0x8000b12a (0x0f042383) x 7 0x64656667 mem 0x80017eac
core   0: 0x8000b12e (0x040f8d83) lb      s11, 64(t6)
core   0: 3 0x8000b12e (0x040f8d83) x27 0x0000003e mem 0x80016985
core   0: 0x8000b132 (0xfd042303) lw      t1, -48(s0)
core   0: 3 0x8000b132 (0xfd042303) x 6 0x44454647 mem 0x80017d8c
core   0: 0x8000b136 (0x00798583) lb      a1, 7(s3)
core   0: 3 0x8000b136 (0x00798583) x11 0x00000026 mem 0x8001396d
core   0: 0x8000b13a (0xffdfd483) lhu     s1, -3(t6)
core   0: 3 0x8000b13a (0xffdfd483) x 9 0x0000a6f9 mem 0x80016942
core   0: 0x8000b13e (0x3ec1ae83) lw      t4, 1004(gp)
core   0: 3 0x8000b13e (0x3ec1ae83) x29 0x10111213 mem 0x8001f658
core   0: 0x8000b142 (0xfd2f8e23) sb      s2, -36(t6)
core   0: 3 0x8000b142 (0xfd2f8e23) mem 0x80016921 0x32
core   0: 0x8000b146 (0x0d841b03) lh      s6, 216(s0)
core   0: 3 0x8000b146 (0x0d841b03) x22 0x00004e4f mem 0x80017e94
core   0: 0x8000b14a (0x00007817) auipc   a6, 0x7
core   0: 3 0x8000b14a (0x00007817) x16 0x8001214a
core   0: 0x8000b14e (0xa3780813) addi    a6, a6, -1481
core   0: 3 0x8000b14e (0xa3780813) x16 0x80011b81
core   0: 0x8000b152 (0x03c7e2b3) rem     t0, a5, t3
core   0: 3 0x8000b152 (0x03c7e2b3) x 5 0xffffd4d5
core   0: 0x8000b156 (0x014a5f13) srli    t5, s4, 20
core   0: 3 0x8000b156 (0x014a5f13) x30 0x00000000
core   0: 0x8000b15a (0xf2580b23) sb      t0, -202(a6)
core   0: 3 0x8000b15a (0xf2580b23) mem 0x80011ab7 0xd5
core   0: 0x8000b15e (0xf2380b23) sb      gp, -202(a6)
core   0: 3 0x8000b15e (0xf2380b23) mem 0x80011ab7 0x6c
core   0: 0x8000b162 (0xf3684203) lbu     tp, -202(a6)
core   0: 3 0x8000b162 (0xf3684203) x 4 0x0000006c mem 0x80011ab7
core   0: 0x8000b166 (0x017f0733) add     a4, t5, s7
core   0: 3 0x8000b166 (0x017f0733) x14 0x000000f2
core   0: 0x8000b16a (0xf3680a03) lb      s4, -202(a6)
core   0: 3 0x8000b16a (0xf3680a03) x20 0x0000006c mem 0x80011ab7
core   0: 0x8000b16e (0xf2880b23) sb      s0, -202(a6)
core   0: 3 0x8000b16e (0xf2880b23) mem 0x80011ab7 0xbc
core   0: 0x8000b172 (0xf3680a03) lb      s4, -202(a6)
core   0: 3 0x8000b172 (0xf3680a03) x20 0xffffffbc mem 0x80011ab7
core   0: 0x8000b176 (0xf2980b23) sb      s1, -202(a6)
core   0: 3 0x8000b176 (0xf2980b23) mem 0x80011ab7 0xf9
core   0: 0x8000b17a (0xf3684603) lbu     a2, -202(a6)
core   0: 3 0x8000b17a (0xf3684603) x12 0x000000f9 mem 0x80011ab7
core   0: 0x8000b17e (0xf3680b83) lb      s7, -202(a6)
core   0: 3 0x8000b17e (0xf3680b83) x23 0xfffffff9 mem 0x80011ab7
core   0: 0x8000b182 (0xf3684a03) lbu     s4, -202(a6)
core   0: 3 0x8000b182 (0xf3684a03) x20 0x000000f9 mem 0x80011ab7
core   0: 0x8000b186 (0xf3680083) lb      ra, -202(a6)
core   0: 3 0x8000b186 (0xf3680083) x 1 0xfffffff9 mem 0x80011ab7
core   0: 0x8000b18a (0x00009772) c.add   a4, t3
core   0: 3 0x8000b18a (0x9772) x14 0x33b45069
core   0: 0x8000b18c (0xf3680e03) lb      t3, -202(a6)
core   0: 3 0x8000b18c (0xf3680e03) x28 0xfffffff9 mem 0x80011ab7
core   0: 0x8000b190 (0xf3780b23) sb      s7, -202(a6)
core   0: 3 0x8000b190 (0xf3780b23) mem 0x80011ab7 0xf9
core   0: 0x8000b194 (0xf2480b23) sb      tp, -202(a6)
core   0: 3 0x8000b194 (0xf2480b23) mem 0x80011ab7 0x6c
core   0: 0x8000b198 (0xf3684983) lbu     s3, -202(a6)
core   0: 3 0x8000b198 (0xf3684983) x19 0x0000006c mem 0x80011ab7
core   0: 0x8000b19c (0xf2280b23) sb      sp, -202(a6)
core   0: 3 0x8000b19c (0xf2280b23) mem 0x80011ab7 0xa3
core   0: 0x8000b1a0 (0xf3680d03) lb      s10, -202(a6)
core   0: 3 0x8000b1a0 (0xf3680d03) x26 0xffffffa3 mem 0x80011ab7
core   0: 0x8000b1a4 (0xf3680983) lb      s3, -202(a6)
core   0: 3 0x8000b1a4 (0xf3680983) x19 0xffffffa3 mem 0x80011ab7
core   0: 0x8000b1a8 (0xf3684383) lbu     t2, -202(a6)
core   0: 3 0x8000b1a8 (0xf3684383) x 7 0x000000a3 mem 0x80011ab7
core   0: 0x8000b1ac (0xf3684903) lbu     s2, -202(a6)
core   0: 3 0x8000b1ac (0xf3684903) x18 0x000000a3 mem 0x80011ab7
core   0: 0x8000b1b0 (0x020000ef) jal     pc + 0x20
core   0: 3 0x8000b1b0 (0x020000ef) x 1 0x8000b1b4
core   0: 0x8000b1d0 (0x00002035) c.jal   pc + 44
core   0: 3 0x8000b1d0 (0x2035) x 1 0x8000b1d2
core   0: 0x8000b1fc (0x000037dd) c.jal   pc - 26
core   0: 3 0x8000b1fc (0x37dd) x 1 0x8000b1fe
core   0: 0x8000b1e2 (0xfedff0ef) jal     pc - 0x14
core   0: 3 0x8000b1e2 (0xfedff0ef) x 1 0x8000b1e6
core   0: 0x8000b1ce (0x0000b7f5) c.j     pc - 20
core   0: 3 0x8000b1ce (0xb7f5)
core   0: 0x8000b1ba (0x0000a831) c.j     pc + 28
core   0: 3 0x8000b1ba (0xa831)
core   0: 0x8000b1d6 (0x0000b7e5) c.j     pc - 24
core   0: 3 0x8000b1d6 (0xb7e5)
core   0: 0x8000b1be (0x0000a829) c.j     pc + 26
core   0: 3 0x8000b1be (0xa829)
core   0: 0x8000b1d8 (0x0000bff9) c.j     pc - 34
core   0: 3 0x8000b1d8 (0xbff9)
core   0: 0x8000b1b6 (0x0000a091) c.j     pc + 68
core   0: 3 0x8000b1b6 (0xa091)
core   0: 0x8000b1fa (0x000037d9) c.jal   pc - 58
core   0: 3 0x8000b1fa (0x37d9) x 1 0x8000b1fc
core   0: 0x8000b1c0 (0x032000ef) jal     pc + 0x32
core   0: 3 0x8000b1c0 (0x032000ef) x 1 0x8000b1c4
core   0: 0x8000b1f2 (0xfc7ff9ef) jal     s3, pc - 0x3a
core   0: 3 0x8000b1f2 (0xfc7ff9ef) x19 0x8000b1f6
core   0: 0x8000b1b8 (0x0000a80d) c.j     pc + 50
core   0: 3 0x8000b1b8 (0xa80d)
core   0: 0x8000b1ea (0x00003fd5) c.jal   pc - 12
core   0: 3 0x8000b1ea (0x3fd5) x 1 0x8000b1ec
core   0: 0x8000b1de (0x00e000ef) jal     pc + 0xe
core   0: 3 0x8000b1de (0x00e000ef) x 1 0x8000b1e2
core   0: 0x8000b1ec (0xfefff36f) jal     t1, pc - 0x12
core   0: 3 0x8000b1ec (0xfefff36f) x 6 0x8000b1f0
core   0: 0x8000b1da (0xfdbff0ef) jal     pc - 0x26
core   0: 3 0x8000b1da (0xfdbff0ef) x 1 0x8000b1de
core   0: 0x8000b1b4 (0x0000a0a9) c.j     pc + 74
core   0: 3 0x8000b1b4 (0xa0a9)
core   0: 0x8000b1fe (0xfc7fffef) jal     t6, pc - 0x3a
core   0: 3 0x8000b1fe (0xfc7fffef) x31 0x8000b202
core   0: 0x8000b1c4 (0x00002019) c.jal   pc + 6
core   0: 3 0x8000b1c4 (0x2019) x 1 0x8000b1c6
core   0: 0x8000b1ca (0x02c000ef) jal     pc + 0x2c
core   0: 3 0x8000b1ca (0x02c000ef) x 1 0x8000b1ce
core   0: 0x8000b1f6 (0xfdfff36f) jal     t1, pc - 0x22
core   0: 3 0x8000b1f6 (0xfdfff36f) x 6 0x8000b1fa
core   0: 0x8000b1d4 (0x00003ffd) c.jal   pc - 2
core   0: 3 0x8000b1d4 (0x3ffd) x 1 0x8000b1d6
core   0: 0x8000b1d2 (0x00002811) c.jal   pc + 20
core   0: 3 0x8000b1d2 (0x2811) x 1 0x8000b1d4
core   0: 0x8000b1e6 (0xfe1ff0ef) jal     pc - 0x20
core   0: 3 0x8000b1e6 (0xfe1ff0ef) x 1 0x8000b1ea
core   0: 0x8000b1c6 (0xff7ffa6f) jal     s4, pc - 0xa
core   0: 3 0x8000b1c6 (0xff7ffa6f) x20 0x8000b1ca
core   0: 0x8000b1bc (0x0000a815) c.j     pc + 52
core   0: 3 0x8000b1bc (0xa815)
core   0: 0x8000b1f0 (0x0000a809) c.j     pc + 18
core   0: 3 0x8000b1f0 (0xa809)
core   0: 0x8000b202 (0x0293f633) remu    a2, t2, s1
core   0: 3 0x8000b202 (0x0293f633) x12 0x000000a3
core   0: 0x8000b206 (0x00007f17) auipc   t5, 0x7
core   0: 3 0x8000b206 (0x00007f17) x30 0x80012206
core   0: 0x8000b20a (0x8f4f0f13) addi    t5, t5, -1804
core   0: 3 0x8000b20a (0x8f4f0f13) x30 0x80011afa
core   0: 0x8000b20e (0x85ef06a3) sb      t5, -1971(t5)
core   0: 3 0x8000b20e (0x85ef06a3) mem 0x80011347 0xfa
core   0: 0x8000b212 (0x0000f117) auipc   sp, 0xf
core   0: 3 0x8000b212 (0x0000f117) x 2 0x8001a212
core   0: 0x8000b216 (0x8a810113) addi    sp, sp, -1880
core   0: 3 0x8000b216 (0x8a810113) x 2 0x80019aba
core   0: 0x8000b21a (0xdaaf0983) lb      s3, -598(t5)
core   0: 3 0x8000b21a (0xdaaf0983) x19 0x0000005f mem 0x800118a4
core   0: 0x8000b21e (0xd33f0e83) lb      t4, -717(t5)
core   0: 3 0x8000b21e (0xd33f0e83) x29 0xffffffe6 mem 0x8001182d
core   0: 0x8000b222 (0x3b4f06a3) sb      s4, 941(t5)
core   0: 3 0x8000b222 (0x3b4f06a3) mem 0x80011ea7 0xca
core   0: 0x8000b226 (0x315f0283) lb      t0, 789(t5)
core   0: 3 0x8000b226 (0x315f0283) x 5 0xffffffc4 mem 0x80011e0f
core   0: 0x8000b22a (0xffb14283) lbu     t0, -5(sp)
core   0: 3 0x8000b22a (0xffb14283) x 5 0x0000006e mem 0x80019ab5
core   0: 0x8000b22e (0xb5cf0003) lb      zero, -1188(t5)
core   0: 3 0x8000b22e (0xb5cf0003) mem 0x80011656
core   0: 0x8000b232 (0x00f10803) lb      a6, 15(sp)
core   0: 3 0x8000b232 (0x00f10803) x16 0xffffff82 mem 0x80019ac9
core   0: 0x8000b236 (0x46ef1d23) sh      a4, 1146(t5)
core   0: 3 0x8000b236 (0x46ef1d23) mem 0x80011f74 0x5069
core   0: 0x8000b23a (0x0e0f0303) lb      t1, 224(t5)
core   0: 3 0x8000b23a (0x0e0f0303) x 6 0xffffff91 mem 0x80011bda
core   0: 0x8000b23e (0x00f10a03) lb      s4, 15(sp)
core   0: 3 0x8000b23e (0x00f10a03) x20 0xffffff82 mem 0x80019ac9
core   0: 0x8000b242 (0xff510803) lb      a6, -11(sp)
core   0: 3 0x8000b242 (0xff510803) x16 0x00000064 mem 0x80019aaf
core   0: 0x8000b246 (0x01d107a3) sb      t4, 15(sp)
core   0: 3 0x8000b246 (0x01d107a3) mem 0x80019ac9 0xe6
core   0: 0x8000b24a (0xc22f4003) lbu     zero, -990(t5)
core   0: 3 0x8000b24a (0xc22f4003) mem 0x8001171c
core   0: 0x8000b24e (0x00114083) lbu     ra, 1(sp)
core   0: 3 0x8000b24e (0x00114083) x 1 0x00000070 mem 0x80019abb
core   0: 0x8000b252 (0xfe112923) sw      ra, -14(sp)
core   0: 3 0x8000b252 (0xfe112923) mem 0x80019aac 0x00000070
core   0: 0x8000b256 (0x80af2c83) lw      s9, -2038(t5)
core   0: 3 0x8000b256 (0x80af2c83) x25 0xbcbdbebf mem 0x80011304
core   0: 0x8000b25a (0x00006097) auipc   ra, 0x6
core   0: 3 0x8000b25a (0x00006097) x 1 0x8001125a
core   0: 0x8000b25e (0xe0d08093) addi    ra, ra, -499
core   0: 3 0x8000b25e (0xe0d08093) x 1 0x80011067
core   0: 0x8000b262 (0x00006139) c.addi16sp sp, 448
core   0: 3 0x8000b262 (0x6139) x 2 0x80019c7a
core   0: 0x8000b264 (0x00109fa3) sh      ra, 31(ra)
core   0: 3 0x8000b264 (0x00109fa3) mem 0x80011086 0x1067
core   0: 0x8000b268 (0x01f09483) lh      s1, 31(ra)
core   0: 3 0x8000b268 (0x01f09483) x 9 0x00001067 mem 0x80011086
core   0: 0x8000b26c (0x0870a8a3) sw      t2, 145(ra)
core   0: 3 0x8000b26c (0x0870a8a3) mem 0x800110f8 0x000000a3
core   0: 0x8000b270 (0x70db3993) sltiu   s3, s6, 1805
core   0: 3 0x8000b270 (0x70db3993) x19 0x00000000
core   0: 0x8000b274 (0x0ef08523) sb      a5, 234(ra)
core   0: 3 0x8000b274 (0x0ef08523) mem 0x80011151 0xd5
core   0: 0x8000b278 (0x01a08623) sb      s10, 12(ra)
core   0: 3 0x8000b278 (0x01a08623) mem 0x80011073 0xa3
core   0: 0x8000b27c (0x02978fb3) mul     t6, a5, s1
core   0: 3 0x8000b27c (0x02978fb3) x31 0xfd3bf1b3
core   0: 0x8000b280 (0x05808303) lb      t1, 88(ra)
core   0: 3 0x8000b280 (0x05808303) x 6 0x00000074 mem 0x800110bf
core   0: 0x8000b284 (0x05808803) lb      a6, 88(ra)
core   0: 3 0x8000b284 (0x05808803) x16 0x00000074 mem 0x800110bf
core   0: 0x8000b288 (0x00708183) lb      gp, 7(ra)
core   0: 3 0x8000b288 (0x00708183) x 3 0x00000025 mem 0x8001106e
core   0: 0x8000b28c (0x00f3fb33) and     s6, t2, a5
core   0: 3 0x8000b28c (0x00f3fb33) x22 0x00000081
core   0: 0x8000b290 (0x00008d85) c.sub   a1, s1
core   0: 3 0x8000b290 (0x8d85) x11 0xffffefbf
core   0: 0x8000b292 (0x0070cf03) lbu     t5, 7(ra)
core   0: 3 0x8000b292 (0x0070cf03) x30 0x00000025 mem 0x8001106e
core   0: 0x8000b296 (0x09c0ce83) lbu     t4, 156(ra)
core   0: 3 0x8000b296 (0x09c0ce83) x29 0x000000b8 mem 0x80011103
core   0: 0x8000b29a (0x00006b17) auipc   s6, 0x6
core   0: 3 0x8000b29a (0x00006b17) x22 0x8001129a
core   0: 0x8000b29e (0x2cdb0b13) addi    s6, s6, 717
core   0: 3 0x8000b29e (0x2cdb0b13) x22 0x80011567
core   0: 0x8000b2a2 (0x652b2aa3) sw      s2, 1621(s6)
core   0: 3 0x8000b2a2 (0x652b2aa3) mem 0x80011bbc 0x000000a3
core   0: 0x8000b2a6 (0x00017e17) auipc   t3, 0x17
core   0: 3 0x8000b2a6 (0x00017e17) x28 0x800222a6
core   0: 0x8000b2aa (0xa85e0e13) addi    t3, t3, -1403
core   0: 3 0x8000b2aa (0xa85e0e13) x28 0x80021d2b
core   0: 0x8000b2ae (0x1b1b5583) lhu     a1, 433(s6)
core   0: 3 0x8000b2ae (0x1b1b5583) x11 0x0000d2d3 mem 0x80011718
core   0: 0x8000b2b2 (0x0c5e1483) lh      s1, 197(t3)
core   0: 3 0x8000b2b2 (0x0c5e1483) x 9 0xffffaaab mem 0x80021df0
core   0: 0x8000b2b6 (0x235b4a03) lbu     s4, 565(s6)
core   0: 3 0x8000b2b6 (0x235b4a03) x20 0x00000057 mem 0x8001179c
core   0: 0x8000b2ba (0xf3be5203) lhu     tp, -197(t3)
core   0: 3 0x8000b2ba (0xf3be5203) x 4 0x00001c1d mem 0x80021c66
core   0: 0x8000b2be (0x463b4d03) lbu     s10, 1123(s6)
core   0: 3 0x8000b2be (0x463b4d03) x26 0x00000081 mem 0x800119ca
core   0: 0x8000b2c2 (0xfffb4c83) lbu     s9, -1(s6)
core   0: 3 0x8000b2c2 (0xfffb4c83) x25 0x0000001d mem 0x80011566
core   0: 0x8000b2c6 (0xf97e0023) sb      s7, -128(t3)
core   0: 3 0x8000b2c6 (0xf97e0023) mem 0x80021cab 0xf9
core   0: 0x8000b2ca (0xed4b2ea3) sw      s4, -291(s6)
core   0: 3 0x8000b2ca (0xed4b2ea3) mem 0x80011444 0x00000057
core   0: 0x8000b2ce (0x037e1103) lh      sp, 55(t3)
core   0: 3 0x8000b2ce (0x037e1103) x 2 0x00001819 mem 0x80021d62
core   0: 0x8000b2d2 (0x0eeb0a03) lb      s4, 238(s6)
core   0: 3 0x8000b2d2 (0x0eeb0a03) x20 0x0000000e mem 0x80011655
core   0: 0x8000b2d6 (0x736b4b83) lbu     s7, 1846(s6)
core   0: 3 0x8000b2d6 (0x736b4b83) x23 0x00000056 mem 0x80011c9d
core   0: 0x8000b2da (0xb73b0c83) lb      s9, -1165(s6)
core   0: 3 0x8000b2da (0xb73b0c83) x25 0xffffff91 mem 0x800110da
core   0: 0x8000b2de (0x00ae0803) lb      a6, 10(t3)
core   0: 3 0x8000b2de (0x00ae0803) x16 0xffffffee mem 0x80021d35
core   0: 0x8000b2e2 (0x004000ef) jal     pc + 0x4
core   0: 3 0x8000b2e2 (0x004000ef) x 1 0x8000b2e6
core   0: 0x8000b2e6 (0x00002031) c.jal   pc + 12
core   0: 3 0x8000b2e6 (0x2031) x 1 0x8000b2e8
core   0: 0x8000b2f2 (0x0000a029) c.j     pc + 10
core   0: 3 0x8000b2f2 (0xa029)
core   0: 0x8000b2fc (0x00003fe5) c.jal   pc - 8
core   0: 3 0x8000b2fc (0x3fe5) x 1 0x8000b2fe
core   0: 0x8000b2f4 (0xff9ff0ef) jal     pc - 0x8
core   0: 3 0x8000b2f4 (0xff9ff0ef) x 1 0x8000b2f8
core   0: 0x8000b2ec (0x0000a009) c.j     pc + 2
core   0: 3 0x8000b2ec (0xa009)
core   0: 0x8000b2ee (0x00002009) c.jal   pc + 2
core   0: 3 0x8000b2ee (0x2009) x 1 0x8000b2f0
core   0: 0x8000b2f0 (0x00003fe5) c.jal   pc - 8
core   0: 3 0x8000b2f0 (0x3fe5) x 1 0x8000b2f2
core   0: 0x8000b2e8 (0x012000ef) jal     pc + 0x12
core   0: 3 0x8000b2e8 (0x012000ef) x 1 0x8000b2ec
core   0: 0x8000b2fa (0x00003ffd) c.jal   pc - 2
core   0: 3 0x8000b2fa (0x3ffd) x 1 0x8000b2fc
core   0: 0x8000b2f8 (0x00002019) c.jal   pc + 6
core   0: 3 0x8000b2f8 (0x2019) x 1 0x8000b2fa
core   0: 0x8000b2fe (0x00000001) c.nop
core   0: 3 0x8000b2fe (0x0001)
core   0: 0x8000b300 (0x00006817) auipc   a6, 0x6
core   0: 3 0x8000b300 (0x00006817) x16 0x80011300
core   0: 0x8000b304 (0x5ba80813) addi    a6, a6, 1466
core   0: 3 0x8000b304 (0x5ba80813) x16 0x800118ba
core   0: 0x8000b308 (0x60384083) lbu     ra, 1539(a6)
core   0: 3 0x8000b308 (0x60384083) x 1 0x00000076 mem 0x80011ebd
core   0: 0x8000b30c (0x64780983) lb      s3, 1607(a6)
core   0: 3 0x8000b30c (0x64780983) x19 0xffffffba mem 0x80011f01
core   0: 0x8000b310 (0xfd784983) lbu     s3, -41(a6)
core   0: 3 0x8000b310 (0xfd784983) x19 0x0000004a mem 0x80011891
core   0: 0x8000b314 (0x73681083) lh      ra, 1846(a6)
core   0: 3 0x8000b314 (0x73681083) x 1 0xffffaaab mem 0x80011ff0
core   0: 0x8000b318 (0xc2f84983) lbu     s3, -977(a6)
core   0: 3 0x8000b318 (0xc2f84983) x19 0x000000a2 mem 0x800114e9
core   0: 0x8000b31c (0x00008151) c.srli  a0, 20
core   0: 3 0x8000b31c (0x8151) x10 0x00000000
core   0: 0x8000b31e (0x96180123) sb      ra, -1694(a6)
core   0: 3 0x8000b31e (0x96180123) mem 0x8001121c 0xab
core   0: 0x8000b322 (0xb13800a3) sb      s3, -1279(a6)
core   0: 3 0x8000b322 (0xb13800a3) mem 0x800113bb 0xa2
core   0: 0x8000b326 (0xc8181f23) sh      ra, -866(a6)
core   0: 3 0x8000b326 (0xc8181f23) mem 0x80011558 0xaaab
core   0: 0x8000b32a (0xc8a800a3) sb      a0, -895(a6)
core   0: 3 0x8000b32a (0xc8a800a3) mem 0x8001153b 0x0
core   0: 0x8000b32e (0xdc180d23) sb      ra, -550(a6)
core   0: 3 0x8000b32e (0xdc180d23) mem 0x80011694 0xab
core   0: 0x8000b332 (0x00008d69) c.and   a0, a0
core   0: 3 0x8000b332 (0x8d69) x10 0x00000000
core   0: 0x8000b334 (0xf3881083) lh      ra, -200(a6)
core   0: 3 0x8000b334 (0xf3881083) x 1 0xffffa8a9 mem 0x800117f2
core   0: 0x8000b338 (0x21382323) sw      s3, 518(a6)
core   0: 3 0x8000b338 (0x21382323) mem 0x80011ac0 0x000000a2
core   0: 0x8000b33c (0x95692513) slti    a0, s2, -1706
core   0: 3 0x8000b33c (0x95692513) x10 0x00000000
core   0: 0x8000b340 (0xe7b80083) lb      ra, -389(a6)
core   0: 3 0x8000b340 (0xe7b80083) x 1 0xffffffee mem 0x80011735
core   0: 0x8000b344 (0x000099ba) c.add   s3, a4
core   0: 3 0x8000b344 (0x99ba) x19 0x33b4510b
core   0: 0x8000b346 (0x0120d513) srli    a0, ra, 18
core   0: 3 0x8000b346 (0x0120d513) x10 0x00003fff
core   0: 0x8000b34a (0x73a81083) lh      ra, 1850(a6)
core   0: 3 0x8000b34a (0x73a81083) x 1 0xffffaeaf mem 0x80011ff4
core   0: 0x8000b34e (0x4162d993) srai    s3, t0, 22
core   0: 3 0x8000b34e (0x4162d993) x19 0x00000000
core   0: 0x8000b352 (0x25381123) sh      s3, 578(a6)
core   0: 3 0x8000b352 (0x25381123) mem 0x80011afc 0x0000
core   0: 0x8000b356 (0xbda81283) lh      t0, -1062(a6)
core   0: 3 0x8000b356 (0xbda81283) x 5 0x00004e4f mem 0x80011494
core   0: 0x8000b35a (0x000089ba) c.mv    s3, a4
core   0: 3 0x8000b35a (0x89ba) x19 0x33b45069
core   0: 0x8000b35c (0xde1806a3) sb      ra, -531(a6)
core   0: 3 0x8000b35c (0xde1806a3) mem 0x800116a7 0xaf
core   0: 0x8000b360 (0x0a680703) lb      a4, 166(a6)
core   0: 3 0x8000b360 (0x0a680703) x14 0x0000001b mem 0x80011960
core   0: 0x8000b364 (0x5789a513) slti    a0, s3, 1400
core   0: 3 0x8000b364 (0x5789a513) x10 0x00000000
core   0: 0x8000b368 (0x70576093) ori     ra, a4, 1797
core   0: 3 0x8000b368 (0x70576093) x 1 0x0000071f
core   0: 0x8000b36c (0x04a809a3) sb      a0, 83(a6)
core   0: 3 0x8000b36c (0x04a809a3) mem 0x8001190d 0x0
core   0: 0x8000b370 (0x6e1808a3) sb      ra, 1777(a6)
core   0: 3 0x8000b370 (0x6e1808a3) mem 0x80011fab 0x1f
core   0: 0x8000b374 (0x8f384503) lbu     a0, -1805(a6)
core   0: 3 0x8000b374 (0x8f384503) x10 0x00000066 mem 0x800111ad
core   0: 0x8000b378 (0x00009996) c.add   s3, t0
core   0: 3 0x8000b378 (0x9996) x19 0x33b49eb8
core   0: 0x8000b37a (0x00008d39) c.xor   a0, a4
core   0: 3 0x8000b37a (0x8d39) x10 0x0000007d
core   0: 0x8000b37c (0xaf984983) lbu     s3, -1287(a6)
core   0: 3 0x8000b37c (0xaf984983) x19 0x00000068 mem 0x800113b3
core   0: 0x8000b380 (0x016000ef) jal     pc + 0x16
core   0: 3 0x8000b380 (0x016000ef) x 1 0x8000b384
core   0: 0x8000b396 (0x01e000ef) jal     pc + 0x1e
core   0: 3 0x8000b396 (0x01e000ef) x 1 0x8000b39a
core   0: 0x8000b3b4 (0xfe7ff36f) jal     t1, pc - 0x1a
core   0: 3 0x8000b3b4 (0xfe7ff36f) x 6 0x8000b3b8
core   0: 0x8000b39a (0x00002019) c.jal   pc + 6
core   0: 3 0x8000b39a (0x2019) x 1 0x8000b39c
core   0: 0x8000b3a0 (0x00a004ef) jal     s1, pc + 0xa
core   0: 3 0x8000b3a0 (0x00a004ef) x 9 0x8000b3a4
core   0: 0x8000b3aa (0xff3ff0ef) jal     pc - 0xe
core   0: 3 0x8000b3aa (0xff3ff0ef) x 1 0x8000b3ae
core   0: 0x8000b39c (0x02e000ef) jal     pc + 0x2e
core   0: 3 0x8000b39c (0x02e000ef) x 1 0x8000b3a0
core   0: 0x8000b3ca (0x0000bfe9) c.j     pc - 38
core   0: 3 0x8000b3ca (0xbfe9)
core   0: 0x8000b3a4 (0x000037d5) c.jal   pc - 28
core   0: 3 0x8000b3a4 (0x37d5) x 1 0x8000b3a6
core   0: 0x8000b388 (0x00003ffd) c.jal   pc - 2
core   0: 3 0x8000b388 (0x3ffd) x 1 0x8000b38a
core   0: 0x8000b386 (0x0000a029) c.j     pc + 10
core   0: 3 0x8000b386 (0xa029)
core   0: 0x8000b390 (0x0000280d) c.jal   pc + 50
core   0: 3 0x8000b390 (0x280d) x 1 0x8000b392
core   0: 0x8000b3c2 (0x00002811) c.jal   pc + 20
core   0: 3 0x8000b3c2 (0x2811) x 1 0x8000b3c4
core   0: 0x8000b3d6 (0x0000bfc5) c.j     pc - 16
core   0: 3 0x8000b3d6 (0xbfc5)
core   0: 0x8000b3c6 (0x0000b7f5) c.j     pc - 20
core   0: 3 0x8000b3c6 (0xb7f5)
core   0: 0x8000b3b2 (0x0000a839) c.j     pc + 30
core   0: 3 0x8000b3b2 (0xa839)
core   0: 0x8000b3d0 (0x0000b7c9) c.j     pc - 62
core   0: 3 0x8000b3d0 (0xb7c9)
core   0: 0x8000b392 (0x02a000ef) jal     pc + 0x2a
core   0: 3 0x8000b392 (0x02a000ef) x 1 0x8000b396
core   0: 0x8000b3bc (0xfcfff0ef) jal     pc - 0x32
core   0: 3 0x8000b3bc (0xfcfff0ef) x 1 0x8000b3c0
core   0: 0x8000b38a (0x01c000ef) jal     pc + 0x1c
core   0: 3 0x8000b38a (0x01c000ef) x 1 0x8000b38e
core   0: 0x8000b3a6 (0x022000ef) jal     pc + 0x22
core   0: 3 0x8000b3a6 (0x022000ef) x 1 0x8000b3aa
core   0: 0x8000b3c8 (0x0000bff5) c.j     pc - 4
core   0: 3 0x8000b3c8 (0xbff5)
core   0: 0x8000b3c4 (0x0000bff5) c.j     pc - 4
core   0: 3 0x8000b3c4 (0xbff5)
core   0: 0x8000b3c0 (0x00002809) c.jal   pc + 18
core   0: 3 0x8000b3c0 (0x2809) x 1 0x8000b3c2
core   0: 0x8000b3d2 (0xfe7ff0ef) jal     pc - 0x1a
core   0: 3 0x8000b3d2 (0xfe7ff0ef) x 1 0x8000b3d6
core   0: 0x8000b3b8 (0x014000ef) jal     pc + 0x14
core   0: 3 0x8000b3b8 (0x014000ef) x 1 0x8000b3bc
core   0: 0x8000b3cc (0xfc3ff0ef) jal     pc - 0x3e
core   0: 3 0x8000b3cc (0xfc3ff0ef) x 1 0x8000b3d0
core   0: 0x8000b38e (0x00002005) c.jal   pc + 32
core   0: 3 0x8000b38e (0x2005) x 1 0x8000b390
core   0: 0x8000b3ae (0xfd7ff4ef) jal     s1, pc - 0x2a
core   0: 3 0x8000b3ae (0xfd7ff4ef) x 9 0x8000b3b2
core   0: 0x8000b384 (0x0000a891) c.j     pc + 84
core   0: 3 0x8000b384 (0xa891)
core   0: 0x8000b3d8 (0x9b01a613) slti    a2, gp, -1616
core   0: 3 0x8000b3d8 (0x9b01a613) x12 0x00000000
core   0: 0x8000b3dc (0x00008f17) auipc   t5, 0x8
core   0: 3 0x8000b3dc (0x00008f17) x30 0x800133dc
core   0: 0x8000b3e0 (0x197f0f13) addi    t5, t5, 407
core   0: 3 0x8000b3e0 (0x197f0f13) x30 0x80013573
core   0: 0x8000b3e4 (0x00006997) auipc   s3, 0x6
core   0: 3 0x8000b3e4 (0x00006997) x19 0x800113e4
core   0: 0x8000b3e8 (0x01c98993) addi    s3, s3, 28
core   0: 3 0x8000b3e8 (0x01c98993) x19 0x80011400
core   0: 0x8000b3ec (0x00e98283) lb      t0, 14(s3)
core   0: 3 0x8000b3ec (0x00e98283) x 5 0xffffffc5 mem 0x8001140e
core   0: 0x8000b3f0 (0xffb9cd83) lbu     s11, -5(s3)
core   0: 3 0x8000b3f0 (0xffb9cd83) x27 0x000000b0 mem 0x800113fb
core   0: 0x8000b3f4 (0xff89ca03) lbu     s4, -8(s3)
core   0: 3 0x8000b3f4 (0xff89ca03) x20 0x000000b3 mem 0x800113f8
core   0: 0x8000b3f8 (0x3fef4703) lbu     a4, 1022(t5)
core   0: 3 0x8000b3f8 (0x3fef4703) x14 0x0000002a mem 0x80013971
core   0: 0x8000b3fc (0x00d98703) lb      a4, 13(s3)
core   0: 3 0x8000b3fc (0x00d98703) x14 0xffffffc6 mem 0x8001140d
core   0: 0x8000b400 (0xc1af1ca3) sh      s10, -999(t5)
core   0: 3 0x8000b400 (0xc1af1ca3) mem 0x8001318c 0x0081
core   0: 0x8000b404 (0x0b6f19a3) sh      s6, 179(t5)
core   0: 3 0x8000b404 (0x0b6f19a3) mem 0x80013626 0x1567
core   0: 0x8000b408 (0xabef0c03) lb      s8, -1346(t5)
core   0: 3 0x8000b408 (0xabef0c03) x24 0xffffffea mem 0x80013031
core   0: 0x8000b40c (0x232f4b03) lbu     s6, 562(t5)
core   0: 3 0x8000b40c (0x232f4b03) x22 0x0000005e mem 0x800137a5
core   0: 0x8000b410 (0xffc98783) lb      a5, -4(s3)
core   0: 3 0x8000b410 (0xffc98783) x15 0xffffffb7 mem 0x800113fc
core   0: 0x8000b414 (0x00a983a3) sb      a0, 7(s3)
core   0: 3 0x8000b414 (0x00a983a3) mem 0x80011407 0x7d
core   0: 0x8000b418 (0x12ef0323) sb      a4, 294(t5)
core   0: 3 0x8000b418 (0x12ef0323) mem 0x80013699 0xc6
core   0: 0x8000b41c (0x2d5f2303) lw      t1, 725(t5)
core   0: 3 0x8000b41c (0x2d5f2303) x 6 0x00010203 mem 0x80013848
core   0: 0x8000b420 (0x00998423) sb      s1, 8(s3)
core   0: 3 0x8000b420 (0x00998423) mem 0x80011408 0xb2
core   0: 0x8000b424 (0xf69f20a3) sw      s1, -159(t5)
core   0: 3 0x8000b424 (0xf69f20a3) mem 0x800134d4 0x8000b3b2
core   0: 0x8000b428 (0x00e9c403) lbu     s0, 14(s3)
core   0: 3 0x8000b428 (0x00e9c403) x 8 0x000000c5 mem 0x8001140e
core   0: 0x8000b42c (0x00f98003) lb      zero, 15(s3)
core   0: 3 0x8000b42c (0x00f98003) mem 0x8001140f
core   0: 0x8000b430 (0x615f0103) lb      sp, 1557(t5)
core   0: 3 0x8000b430 (0x615f0103) x 2 0x00000043 mem 0x80013b88
core   0: 0x8000b434 (0x028000ef) jal     pc + 0x28
core   0: 3 0x8000b434 (0x028000ef) x 1 0x8000b438
core   0: 0x8000b45c (0x00c000ef) jal     pc + 0xc
core   0: 3 0x8000b45c (0x00c000ef) x 1 0x8000b460
core   0: 0x8000b468 (0x006005ef) jal     a1, pc + 0x6
core   0: 3 0x8000b468 (0x006005ef) x11 0x8000b46c
core   0: 0x8000b46e (0x0000a009) c.j     pc + 2
core   0: 3 0x8000b46e (0xa009)
core   0: 0x8000b470 (0x00002009) c.jal   pc + 2
core   0: 3 0x8000b470 (0x2009) x 1 0x8000b472
core   0: 0x8000b472 (0x0000bfd9) c.j     pc - 42
core   0: 3 0x8000b472 (0xbfd9)
core   0: 0x8000b448 (0x00002035) c.jal   pc + 44
core   0: 3 0x8000b448 (0x2035) x 1 0x8000b44a
core   0: 0x8000b474 (0x0000bfe5) c.j     pc - 8
core   0: 3 0x8000b474 (0xbfe5)
core   0: 0x8000b46c (0x00003fd9) c.jal   pc - 42
core   0: 3 0x8000b46c (0x3fd9) x 1 0x8000b46e
core   0: 0x8000b442 (0x00003fe5) c.jal   pc - 8
core   0: 3 0x8000b442 (0x3fe5) x 1 0x8000b444
core   0: 0x8000b43a (0x0060036f) jal     t1, pc + 0x6
core   0: 3 0x8000b43a (0x0060036f) x 6 0x8000b43e
core   0: 0x8000b440 (0x0000a81d) c.j     pc + 54
core   0: 3 0x8000b440 (0xa81d)
core   0: 0x8000b476 (0x0000b7ed) c.j     pc - 22
core   0: 3 0x8000b476 (0xb7ed)
core   0: 0x8000b460 (0xff9ff36f) jal     t1, pc - 0x8
core   0: 3 0x8000b460 (0xff9ff36f) x 6 0x8000b464
core   0: 0x8000b458 (0xfedffa6f) jal     s4, pc - 0x14
core   0: 3 0x8000b458 (0xfedffa6f) x20 0x8000b45c
core   0: 0x8000b444 (0x00003fed) c.jal   pc - 6
core   0: 3 0x8000b444 (0x3fed) x 1 0x8000b446
core   0: 0x8000b43e (0x0000282d) c.jal   pc + 58
core   0: 3 0x8000b43e (0x282d) x 1 0x8000b440
core   0: 0x8000b478 (0xfcfffcef) jal     s9, pc - 0x32
core   0: 3 0x8000b478 (0xfcfffcef) x25 0x8000b47c
core   0: 0x8000b446 (0x00003fcd) c.jal   pc - 14
core   0: 3 0x8000b446 (0x3fcd) x 1 0x8000b448
core   0: 0x8000b438 (0x0000a819) c.j     pc + 22
core   0: 3 0x8000b438 (0xa819)
core   0: 0x8000b44e (0x00002021) c.jal   pc + 8
core   0: 3 0x8000b44e (0x2021) x 1 0x8000b450
core   0: 0x8000b456 (0x00003ff5) c.jal   pc - 4
core   0: 3 0x8000b456 (0x3ff5) x 1 0x8000b458
core   0: 0x8000b452 (0xff9ff36f) jal     t1, pc - 0x8
core   0: 3 0x8000b452 (0xff9ff36f) x 6 0x8000b456
core   0: 0x8000b44a (0x006000ef) jal     pc + 0x6
core   0: 3 0x8000b44a (0x006000ef) x 1 0x8000b44e
core   0: 0x8000b450 (0x0000a811) c.j     pc + 20
core   0: 3 0x8000b450 (0xa811)
core   0: 0x8000b464 (0x018000ef) jal     pc + 0x18
core   0: 3 0x8000b464 (0x018000ef) x 1 0x8000b468
core   0: 0x8000b47c (0x00008f59) c.or    a4, a4
core   0: 3 0x8000b47c (0x8f59) x14 0xffffffc6
core   0: 0x8000b47e (0x0000ce17) auipc   t3, 0xc
core   0: 3 0x8000b47e (0x0000ce17) x28 0x8001747e
core   0: 0x8000b482 (0x1b8e0e13) addi    t3, t3, 440
core   0: 3 0x8000b482 (0x1b8e0e13) x28 0x80017636
core   0: 0x8000b486 (0x0000187d) c.addi  a6, -1
core   0: 3 0x8000b486 (0x187d) x16 0x800118b9
core   0: 0x8000b488 (0xca5e4183) lbu     gp, -859(t3)
core   0: 3 0x8000b488 (0xca5e4183) x 3 0x00000090 mem 0x800172db
core   0: 0x8000b48c (0x03060433) mul     s0, a2, a6
core   0: 3 0x8000b48c (0x03060433) x 8 0x00000000
core   0: 0x8000b490 (0x02582833) mulhsu  a6, a6, t0
core   0: 3 0x8000b490 (0x02582833) x16 0x800118d6
core   0: 0x8000b494 (0x02347833) remu    a6, s0, gp
core   0: 3 0x8000b494 (0x02347833) x16 0x00000000
core   0: 0x8000b498 (0x4101d633) sra     a2, gp, a6
core   0: 3 0x8000b498 (0x4101d633) x12 0x00000090
core   0: 0x8000b49c (0x0231f1b3) remu    gp, gp, gp
core   0: 3 0x8000b49c (0x0231f1b3) x 3 0x00000000
core   0: 0x8000b4a0 (0x96548293) addi    t0, s1, -1691
core   0: 3 0x8000b4a0 (0x96548293) x 5 0x8000ad17
core   0: 0x8000b4a4 (0x000052fd) c.li    t0, -1
core   0: 3 0x8000b4a4 (0x52fd) x 5 0xffffffff
core   0: 0x8000b4a6 (0x26ae5803) lhu     a6, 618(t3)
core   0: 3 0x8000b4a6 (0x26ae5803) x16 0x00005a5b mem 0x800178a0
core   0: 0x8000b4aa (0x000041cd) c.li    gp, 19
core   0: 3 0x8000b4aa (0x41cd) x 3 0x00000013
core   0: 0x8000b4ac (0x0ba60813) addi    a6, a2, 186
core   0: 3 0x8000b4ac (0x0ba60813) x16 0x0000014a
core   0: 0x8000b4b0 (0xda8e4483) lbu     s1, -600(t3)
core   0: 3 0x8000b4b0 (0xda8e4483) x 9 0x00000095 mem 0x800173de
core   0: 0x8000b4b4 (0x0282f833) remu    a6, t0, s0
core   0: 3 0x8000b4b4 (0x0282f833) x16 0xffffffff
core   0: 0x8000b4b8 (0x00008e31) c.xor   a2, a2
core   0: 3 0x8000b4b8 (0x8e31) x12 0x00000000
core   0: 0x8000b4ba (0xe38e0183) lb      gp, -456(t3)
core   0: 3 0x8000b4ba (0xe38e0183) x 3 0x00000025 mem 0x8001746e
core   0: 0x8000b4be (0x30d66293) ori     t0, a2, 781
core   0: 3 0x8000b4be (0x30d66293) x 5 0x0000030d
core   0: 0x8000b4c2 (0xf44e5283) lhu     t0, -188(t3)
core   0: 3 0x8000b4c2 (0xf44e5283) x 5 0x00003031 mem 0x8001757a
core   0: 0x8000b4c6 (0x40e1d613) srai    a2, gp, 14
core   0: 3 0x8000b4c6 (0x40e1d613) x12 0x00000000
core   0: 0x8000b4ca (0x0a9e1423) sh      s1, 168(t3)
core   0: 3 0x8000b4ca (0x0a9e1423) mem 0x800176de 0x0095
core   0: 0x8000b4ce (0x0ff0000f) fence   iorw,iorw
core   0: 3 0x8000b4ce (0x0ff0000f)
core   0: 0x8000b4d2 (0x02884633) div     a2, a6, s0
core   0: 3 0x8000b4d2 (0x02884633) x12 0xffffffff
core   0: 0x8000b4d6 (0x0e5e0c23) sb      t0, 248(t3)
core   0: 3 0x8000b4d6 (0x0e5e0c23) mem 0x8001772e 0x31
core   0: 0x8000b4da (0xf9de4283) lbu     t0, -99(t3)
core   0: 3 0x8000b4da (0xf9de4283) x 5 0x00000088 mem 0x800175d3
core   0: 0x8000b4de (0x741e0183) lb      gp, 1857(t3)
core   0: 3 0x8000b4de (0x741e0183) x 3 0x0000002c mem 0x80017d77
core   0: 0x8000b4e2 (0xc10e1a23) sh      a6, -1004(t3)
core   0: 3 0x8000b4e2 (0xc10e1a23) mem 0x8001724a 0xffff
core   0: 0x8000b4e6 (0x773e4403) lbu     s0, 1907(t3)
core   0: 3 0x8000b4e6 (0x773e4403) x 8 0x00000062 mem 0x80017da9
core   0: 0x8000b4ea (0x00009826) c.add   a6, s1
core   0: 3 0x8000b4ea (0x9826) x16 0x00000094
core   0: 0x8000b4ec (0x00008029) c.srli  s0, 10
core   0: 3 0x8000b4ec (0x8029) x 8 0x00000000
core   0: 0x8000b4ee (0x36de0483) lb      s1, 877(t3)
core   0: 3 0x8000b4ee (0x36de0483) x 9 0x00000058 mem 0x800179a3
core   0: 0x8000b4f2 (0x00000001) c.nop
core   0: 3 0x8000b4f2 (0x0001)
core   0: 0x8000b4f4 (0xc52e1603) lh      a2, -942(t3)
core   0: 3 0x8000b4f4 (0xc52e1603) x12 0x00004243 mem 0x80017288
core   0: 0x8000b4f8 (0x00000001) c.nop
core   0: 3 0x8000b4f8 (0x0001)
core   0: 0x8000b4fa (0x028412b3) mulh    t0, s0, s0
core   0: 3 0x8000b4fa (0x028412b3) x 5 0x00000000
core   0: 0x8000b4fe (0x5ace5283) lhu     t0, 1452(t3)
core   0: 3 0x8000b4fe (0x5ace5283) x 5 0x00009899 mem 0x80017be2
core   0: 0x8000b502 (0x00c000ef) jal     pc + 0xc
core   0: 3 0x8000b502 (0x00c000ef) x 1 0x8000b506
core   0: 0x8000b50e (0xff9ff0ef) jal     pc - 0x8
core   0: 3 0x8000b50e (0xff9ff0ef) x 1 0x8000b512
core   0: 0x8000b506 (0x02c000ef) jal     pc + 0x2c
core   0: 3 0x8000b506 (0x02c000ef) x 1 0x8000b50a
core   0: 0x8000b532 (0x00002019) c.jal   pc + 6
core   0: 3 0x8000b532 (0x2019) x 1 0x8000b534
core   0: 0x8000b538 (0x0000a039) c.j     pc + 14
core   0: 3 0x8000b538 (0xa039)
core   0: 0x8000b546 (0x0000bfc9) c.j     pc - 46
core   0: 3 0x8000b546 (0xbfc9)
core   0: 0x8000b518 (0x022000ef) jal     pc + 0x22
core   0: 3 0x8000b518 (0x022000ef) x 1 0x8000b51c
core   0: 0x8000b53a (0xff5ff36f) jal     t1, pc - 0xc
core   0: 3 0x8000b53a (0xff5ff36f) x 6 0x8000b53e
core   0: 0x8000b52e (0xfe5ffd6f) jal     s10, pc - 0x1c
core   0: 3 0x8000b52e (0xfe5ffd6f) x26 0x8000b532
core   0: 0x8000b512 (0x0000a00d) c.j     pc + 34
core   0: 3 0x8000b512 (0xa00d)
core   0: 0x8000b534 (0x0000a801) c.j     pc + 16
core   0: 3 0x8000b534 (0xa801)
core   0: 0x8000b544 (0x0000bfe1) c.j     pc - 40
core   0: 3 0x8000b544 (0xbfe1)
core   0: 0x8000b51c (0x0000bfc5) c.j     pc - 16
core   0: 3 0x8000b51c (0xbfc5)
core   0: 0x8000b50c (0x00002829) c.jal   pc + 26
core   0: 3 0x8000b50c (0x2829) x 1 0x8000b50e
core   0: 0x8000b526 (0x022000ef) jal     pc + 0x22
core   0: 3 0x8000b526 (0x022000ef) x 1 0x8000b52a
core   0: 0x8000b548 (0x00003fe9) c.jal   pc - 38
core   0: 3 0x8000b548 (0x3fe9) x 1 0x8000b54a
core   0: 0x8000b522 (0x014000ef) jal     pc + 0x14
core   0: 3 0x8000b522 (0x014000ef) x 1 0x8000b526
core   0: 0x8000b536 (0x0000a029) c.j     pc + 10
core   0: 3 0x8000b536 (0xa029)
core   0: 0x8000b540 (0xfdfff36f) jal     t1, pc - 0x22
core   0: 3 0x8000b540 (0xfdfff36f) x 6 0x8000b544
core   0: 0x8000b51e (0xfedff1ef) jal     gp, pc - 0x14
core   0: 3 0x8000b51e (0xfedff1ef) x 3 0x8000b522
core   0: 0x8000b50a (0x0000a005) c.j     pc + 32
core   0: 3 0x8000b50a (0xa005)
core   0: 0x8000b52a (0xfebff0ef) jal     pc - 0x16
core   0: 3 0x8000b52a (0xfebff0ef) x 1 0x8000b52e
core   0: 0x8000b514 (0x036000ef) jal     pc + 0x36
core   0: 3 0x8000b514 (0x036000ef) x 1 0x8000b518
core   0: 0x8000b54a (0x0000bfd5) c.j     pc - 12
core   0: 3 0x8000b54a (0xbfd5)
core   0: 0x8000b53e (0x0000a039) c.j     pc + 14
core   0: 3 0x8000b53e (0xa039)
core   0: 0x8000b54c (0x011dfc33) and     s8, s11, a7
core   0: 3 0x8000b54c (0x011dfc33) x24 0x00000030
core   0: 0x8000b550 (0x00006f17) auipc   t5, 0x6
core   0: 3 0x8000b550 (0x00006f17) x30 0x80011550
core   0: 0x8000b554 (0xe11f0f13) addi    t5, t5, -495
core   0: 3 0x8000b554 (0xe11f0f13) x30 0x80011361
core   0: 0x8000b558 (0x00006e17) auipc   t3, 0x6
core   0: 3 0x8000b558 (0x00006e17) x28 0x80011558
core   0: 0x8000b55c (0x357e0e13) addi    t3, t3, 855
core   0: 3 0x8000b55c (0x357e0e13) x28 0x800118af
core   0: 0x8000b560 (0x00006317) auipc   t1, 0x6
core   0: 3 0x8000b560 (0x00006317) x 6 0x80011560
core   0: 0x8000b564 (0x6b730313) addi    t1, t1, 1719
core   0: 3 0x8000b564 (0x6b730313) x 6 0x80011c17
core   0: 0x8000b568 (0x01de1c83) lh      s9, 29(t3)
core   0: 3 0x8000b568 (0x01de1c83) x25 0xffff8687 mem 0x800118cc
core   0: 0x8000b56c (0x00006417) auipc   s0, 0x6
core   0: 3 0x8000b56c (0x00006417) x 8 0x8001156c
core   0: 0x8000b570 (0x1b740413) addi    s0, s0, 439
core   0: 3 0x8000b570 (0x1b740413) x 8 0x80011723
core   0: 0x8000b574 (0x00006b97) auipc   s7, 0x6
core   0: 3 0x8000b574 (0x00006b97) x23 0x80011574
core   0: 0x8000b578 (0x36eb8b93) addi    s7, s7, 878
core   0: 3 0x8000b578 (0x36eb8b93) x23 0x800118e2
core   0: 0x8000b57c (0xfdee4d83) lbu     s11, -34(t3)
core   0: 3 0x8000b57c (0xfdee4d83) x27 0x00000046 mem 0x8001188d
core   0: 0x8000b580 (0xfc0e0603) lb      a2, -64(t3)
core   0: 3 0x8000b580 (0xfc0e0603) x12 0x00000024 mem 0x8001186f
core   0: 0x8000b584 (0x02330723) sb      gp, 46(t1)
core   0: 3 0x8000b584 (0x02330723) mem 0x80011c45 0x22
core   0: 0x8000b588 (0x036311a3) sh      s6, 35(t1)
core   0: 3 0x8000b588 (0x036311a3) mem 0x80011c3a 0x005e
core   0: 0x8000b58c (0xeb9b8a03) lb      s4, -327(s7)
core   0: 3 0x8000b58c (0xeb9b8a03) x20 0x00000050 mem 0x8001179b
core   0: 0x8000b590 (0xfc135b03) lhu     s6, -63(t1)
core   0: 3 0x8000b590 (0xfc135b03) x22 0x00009293 mem 0x80011bd8
core   0: 0x8000b594 (0x005f0383) lb      t2, 5(t5)
core   0: 3 0x8000b594 (0x005f0383) x 7 0x0000001d mem 0x80011366
core   0: 0x8000b598 (0xc39bad23) sw      s9, -966(s7)
core   0: 3 0x8000b598 (0xc39bad23) mem 0x8001151c 0xffff8687
core   0: 0x8000b59c (0x008f0703) lb      a4, 8(t5)
core   0: 3 0x8000b59c (0x008f0703) x14 0x00000022 mem 0x80011369
core   0: 0x8000b5a0 (0xf4140003) lb      zero, -191(s0)
core   0: 3 0x8000b5a0 (0xf4140003) mem 0x80011664
core   0: 0x8000b5a4 (0xfc634e83) lbu     t4, -58(t1)
core   0: 3 0x8000b5a4 (0xfc634e83) x29 0x00000096 mem 0x80011bdd
core   0: 0x8000b5a8 (0x01b31383) lh      t2, 27(t1)
core   0: 3 0x8000b5a8 (0x01b31383) x 7 0xffffe8e9 mem 0x80011c32
core   0: 0x8000b5ac (0x06244283) lbu     t0, 98(s0)
core   0: 3 0x8000b5ac (0x06244283) x 5 0x0000003e mem 0x80011785
core   0: 0x8000b5b0 (0x00ae0523) sb      a0, 10(t3)
core   0: 3 0x8000b5b0 (0x00ae0523) mem 0x800118b9 0x7d
core   0: 0x8000b5b4 (0x00af0d03) lb      s10, 10(t5)
core   0: 3 0x8000b5b4 (0x00af0d03) x26 0x00000020 mem 0x8001136b
core   0: 0x8000b5b8 (0x035e02a3) sb      s5, 37(t3)
core   0: 3 0x8000b5b8 (0x035e02a3) mem 0x800118d4 0xe4
core   0: 0x8000b5bc (0x02840c03) lb      s8, 40(s0)
core   0: 3 0x8000b5bc (0x02840c03) x24 0x00000000 mem 0x8001174b
core   0: 0x8000b5c0 (0xfc030503) lb      a0, -64(t1)
core   0: 3 0x8000b5c0 (0xfc030503) x10 0xffffff8c mem 0x80011bd7
core   0: 0x8000b5c4 (0xf9240703) lb      a4, -110(s0)
core   0: 3 0x8000b5c4 (0xf9240703) x14 0x0000006e mem 0x800116b5
core   0: 0x8000b5c8 (0x5c5bc383) lbu     t2, 1477(s7)
core   0: 3 0x8000b5c8 (0x5c5bc383) x 7 0x000000ca mem 0x80011ea7
core   0: 0x8000b5cc (0x03932483) lw      s1, 57(t1)
core   0: 3 0x8000b5cc (0x03932483) x 9 0x08090a0b mem 0x80011c50
core   0: 0x8000b5d0 (0xfcfe0123) sb      a5, -62(t3)
core   0: 3 0x8000b5d0 (0xfcfe0123) mem 0x80011871 0xb7
core   0: 0x8000b5d4 (0xfd6e24a3) sw      s6, -55(t3)
core   0: 3 0x8000b5d4 (0xfd6e24a3) mem 0x80011878 0x00009293
core   0: 0x8000b5d8 (0x01934c03) lbu     s8, 25(t1)
core   0: 3 0x8000b5d8 (0x01934c03) x24 0x000000eb mem 0x80011c30
core   0: 0x8000b5dc (0x010f4003) lbu     zero, 16(t5)
core   0: 3 0x8000b5dc (0x010f4003) mem 0x80011371
core   0: 0x8000b5e0 (0x00cf0e83) lb      t4, 12(t5)
core   0: 3 0x8000b5e0 (0x00cf0e83) x29 0x00000026 mem 0x8001136d
core   0: 0x8000b5e4 (0xfc5e1e83) lh      t4, -59(t3)
core   0: 3 0x8000b5e4 (0xfc5e1e83) x29 0x00002e2f mem 0x80011874
core   0: 0x8000b5e8 (0x0d9b8983) lb      s3, 217(s7)
core   0: 3 0x8000b5e8 (0x0d9b8983) x19 0x00000070 mem 0x800119bb
core   0: 0x8000b5ec (0x005e4283) lbu     t0, 5(t3)
core   0: 3 0x8000b5ec (0x005e4283) x 5 0x0000006f mem 0x800118b4
core   0: 0x8000b5f0 (0x016411a3) sh      s6, 3(s0)
core   0: 3 0x8000b5f0 (0x016411a3) mem 0x80011726 0x9293
core   0: 0x8000b5f4 (0x0ab40c23) sb      a1, 184(s0)
core   0: 3 0x8000b5f4 (0x0ab40c23) mem 0x800117db 0x6c
core   0: 0x8000b5f8 (0x09b41483) lh      s1, 155(s0)
core   0: 3 0x8000b5f8 (0x09b41483) x 9 0x00007475 mem 0x800117be
core   0: 0x8000b5fc (0x01330e83) lb      t4, 19(t1)
core   0: 3 0x8000b5fc (0x01330e83) x29 0xffffffe1 mem 0x80011c2a
core   0: 0x8000b600 (0x008f0483) lb      s1, 8(t5)
core   0: 3 0x8000b600 (0x008f0483) x 9 0x00000022 mem 0x80011369
core   0: 0x8000b604 (0x025e1ca3) sh      t0, 57(t3)
core   0: 3 0x8000b604 (0x025e1ca3) mem 0x800118e8 0x006f
core   0: 0x8000b608 (0x006309a3) sb      t1, 19(t1)
core   0: 3 0x8000b608 (0x006309a3) mem 0x80011c2a 0x17
core   0: 0x8000b60c (0x54dbcd83) lbu     s11, 1357(s7)
core   0: 3 0x8000b60c (0x54dbcd83) x27 0x000000e4 mem 0x80011e2f
core   0: 0x8000b610 (0x046bdc03) lhu     s8, 70(s7)
core   0: 3 0x8000b610 (0x046bdc03) x24 0x0000e2e3 mem 0x80011928
core   0: 0x8000b614 (0x00007317) auipc   t1, 0x7
core   0: 3 0x8000b614 (0x00007317) x 6 0x80012614
core   0: 0x8000b618 (0x9ba30313) addi    t1, t1, -1606
core   0: 3 0x8000b618 (0x9ba30313) x 6 0x80011fce
core   0: 0x8000b61c (0xcbe87d93) andi    s11, a6, -834
core   0: 3 0x8000b61c (0xcbe87d93) x27 0x00000094
core   0: 0x8000b620 (0x01730203) lb      tp, 23(t1)
core   0: 3 0x8000b620 (0x01730203) x 4 0xffffff9e mem 0x80011fe5
core   0: 0x8000b624 (0x01c34e03) lbu     t3, 28(t1)
core   0: 3 0x8000b624 (0x01c34e03) x28 0x000000a1 mem 0x80011fea
core   0: 0x8000b628 (0x00001900) c.addi4spn s0, sp, 176
core   0: 3 0x8000b628 (0x1900) x 8 0x000000f3
core   0: 0x8000b62a (0xfed30183) lb      gp, -19(t1)
core   0: 3 0x8000b62a (0xfed30183) x 3 0x00000070 mem 0x80011fbb
core   0: 0x8000b62e (0x0ac73217) auipc   tp, 0xac73
core   0: 3 0x8000b62e (0x0ac73217) x 4 0x8ac7e62e
core   0: 0x8000b632 (0x41aa5733) sra     a4, s4, s10
core   0: 3 0x8000b632 (0x41aa5733) x14 0x00000050
core   0: 0x8000b636 (0x03834283) lbu     t0, 56(t1)
core   0: 3 0x8000b636 (0x03834283) x 5 0x000000bd mem 0x80012006
core   0: 0x8000b63a (0x03c35103) lhu     sp, 60(t1)
core   0: 3 0x8000b63a (0x03c35103) x 2 0x0000c0c1 mem 0x8001200a
core   0: 0x8000b63e (0x00031a03) lh      s4, 0(t1)
core   0: 3 0x8000b63e (0x00031a03) x20 0xffff8485 mem 0x80011fce
core   0: 0x8000b642 (0xfce32383) lw      t2, -50(t1)
core   0: 3 0x8000b642 (0xfce32383) x 7 0x54555657 mem 0x80011f9c
core   0: 0x8000b646 (0x02142d33) mulhsu  s10, s0, ra
core   0: 3 0x8000b646 (0x02142d33) x26 0x00000079
core   0: 0x8000b64a (0x00008655) c.srai  a2, 21
core   0: 3 0x8000b64a (0x8655) x12 0x00000000
core   0: 0x8000b64c (0xe12bfb97) auipc   s7, 0xe12bf
core   0: 3 0x8000b64c (0xe12bfb97) x23 0x612ca64c
core   0: 0x8000b650 (0x02734983) lbu     s3, 39(t1)
core   0: 3 0x8000b650 (0x02734983) x19 0x000000ae mem 0x80011ff5
core   0: 0x8000b654 (0xfcf305a3) sb      a5, -53(t1)
core   0: 3 0x8000b654 (0xfcf305a3) mem 0x80011f99 0xb7
core   0: 0x8000b658 (0x01e3ddb3) srl     s11, t2, t5
core   0: 3 0x8000b658 (0x01e3ddb3) x27 0x2a2aab2b
core   0: 0x8000b65c (0x00004ebd) c.li    t4, 15
core   0: 3 0x8000b65c (0x4ebd) x29 0x0000000f
core   0: 0x8000b65e (0x00000a08) c.addi4spn a0, sp, 272
core   0: 3 0x8000b65e (0x0a08) x10 0x0000c1d1
core   0: 0x8000b660 (0x0038aa33) slt     s4, a7, gp
core   0: 3 0x8000b660 (0x0038aa33) x20 0x00000001
core   0: 0x8000b664 (0x7dd6c493) xori    s1, a3, 2013
core   0: 3 0x8000b664 (0x7dd6c493) x 9 0xfc094be5
core   0: 0x8000b668 (0x00008f91) c.sub   a5, a2
core   0: 3 0x8000b668 (0x8f91) x15 0xffffffb7
core   0: 0x8000b66a (0xfdc34383) lbu     t2, -36(t1)
core   0: 3 0x8000b66a (0xfdc34383) x 7 0x00000061 mem 0x80011faa
core   0: 0x8000b66e (0x3bcb3a13) sltiu   s4, s6, 956
core   0: 3 0x8000b66e (0x3bcb3a13) x20 0x00000000
core   0: 0x8000b672 (0x00004b31) c.li    s6, 12
core   0: 3 0x8000b672 (0x4b31) x22 0x0000000c
core   0: 0x8000b674 (0x00627533) and     a0, tp, t1
core   0: 3 0x8000b674 (0x00627533) x10 0x8001060e
core   0: 0x8000b678 (0x02f30483) lb      s1, 47(t1)
core   0: 3 0x8000b678 (0x02f30483) x 9 0xffffffb6 mem 0x80011ffd
core   0: 0x8000b67c (0x000069d9) c.lui   s3, 0x16
core   0: 3 0x8000b67c (0x69d9) x19 0x00016000
core   0: 0x8000b67e (0xbf9c4393) xori    t2, s8, -1031
core   0: 3 0x8000b67e (0xbf9c4393) x 7 0xffff191a
core   0: 0x8000b682 (0x00000001) c.nop
core   0: 3 0x8000b682 (0x0001)
core   0: 0x8000b684 (0x03b91033) mulh    zero, s2, s11
core   0: 3 0x8000b684 (0x03b91033)
core   0: 0x8000b688 (0x00000001) c.nop
core   0: 3 0x8000b688 (0x0001)
core   0: 0x8000b68a (0x00000a8c) c.addi4spn a1, sp, 336
core   0: 3 0x8000b68a (0x0a8c) x11 0x0000c211
core   0: 0x8000b68c (0x036300a3) sb      s6, 33(t1)
core   0: 3 0x8000b68c (0x036300a3) mem 0x80011fef 0xc
core   0: 0x8000b690 (0x00006d97) auipc   s11, 0x6
core   0: 3 0x8000b690 (0x00006d97) x27 0x80011690
core   0: 0x8000b694 (0x444d8d93) addi    s11, s11, 1092
core   0: 3 0x8000b694 (0x444d8d93) x27 0x80011ad4
core   0: 0x8000b698 (0x00006497) auipc   s1, 0x6
core   0: 3 0x8000b698 (0x00006497) x 9 0x80011698
core   0: 0x8000b69c (0xa5248493) addi    s1, s1, -1454
core   0: 3 0x8000b69c (0xa5248493) x 9 0x800110ea
core   0: 0x8000b6a0 (0x00006217) auipc   tp, 0x6
core   0: 3 0x8000b6a0 (0x00006217) x 4 0x800116a0
core   0: 0x8000b6a4 (0xe8320213) addi    tp, tp, -381
core   0: 3 0x8000b6a4 (0xe8320213) x 4 0x80011523
core   0: 0x8000b6a8 (0xfbb21283) lh      t0, -69(tp)
core   0: 3 0x8000b6a8 (0xfbb21283) x 5 0xffff9495 mem 0x800114de
core   0: 0x8000b6ac (0x00006097) auipc   ra, 0x6
core   0: 3 0x8000b6ac (0x00006097) x 1 0x800116ac
core   0: 0x8000b6b0 (0x1cb08093) addi    ra, ra, 459
core   0: 3 0x8000b6b0 (0x1cb08093) x 1 0x80011877
core   0: 0x8000b6b4 (0xffdd8003) lb      zero, -3(s11)
core   0: 3 0x8000b6b4 (0xffdd8003) mem 0x80011ad1
core   0: 0x8000b6b8 (0xdda095a3) sh      s10, -565(ra)
core   0: 3 0x8000b6b8 (0xdda095a3) mem 0x80011642 0x0079
core   0: 0x8000b6bc (0x02e4c803) lbu     a6, 46(s1)
core   0: 3 0x8000b6bc (0x02e4c803) x16 0x000000d3 mem 0x80011118
core   0: 0x8000b6c0 (0x0a149023) sh      ra, 160(s1)
core   0: 3 0x8000b6c0 (0x0a149023) mem 0x8001118a 0x1877
core   0: 0x8000b6c4 (0xf6424283) lbu     t0, -156(tp)
core   0: 3 0x8000b6c4 (0xf6424283) x 5 0x0000003c mem 0x80011487
core   0: 0x8000b6c8 (0x010ddc83) lhu     s9, 16(s11)
core   0: 3 0x8000b6c8 (0x010ddc83) x25 0x00009e9f mem 0x80011ae4
core   0: 0x8000b6cc (0x05b4cc83) lbu     s9, 91(s1)
core   0: 3 0x8000b6cc (0x05b4cc83) x25 0x000000fe mem 0x80011145
core   0: 0x8000b6d0 (0xffedd003) lhu     zero, -2(s11)
core   0: 3 0x8000b6d0 (0xffedd003) mem 0x80011ad2
core   0: 0x8000b6d4 (0x03920b23) sb      s9, 54(tp)
core   0: 3 0x8000b6d4 (0x03920b23) mem 0x80011559 0xfe
core   0: 0x8000b6d8 (0xffed9503) lh      a0, -2(s11)
core   0: 3 0x8000b6d8 (0xffed9503) x10 0xffff8889 mem 0x80011ad2
core   0: 0x8000b6dc (0x00e49623) sh      a4, 12(s1)
core   0: 3 0x8000b6dc (0x00e49623) mem 0x800110f6 0x0050
core   0: 0x8000b6e0 (0xfffd8983) lb      s3, -1(s11)
core   0: 3 0x8000b6e0 (0xfffd8983) x19 0xffffff88 mem 0x80011ad3
core   0: 0x8000b6e4 (0x098485a3) sb      s8, 139(s1)
core   0: 3 0x8000b6e4 (0x098485a3) mem 0x80011175 0xe3
core   0: 0x8000b6e8 (0x009dcb03) lbu     s6, 9(s11)
core   0: 3 0x8000b6e8 (0x009dcb03) x22 0x00000096 mem 0x80011add
core   0: 0x8000b6ec (0xfd24d003) lhu     zero, -46(s1)
core   0: 3 0x8000b6ec (0xfd24d003) mem 0x800110bc
core   0: 0x8000b6f0 (0x9ee08383) lb      t2, -1554(ra)
core   0: 3 0x8000b6f0 (0x9ee08383) x 7 0x0000001e mem 0x80011265
core   0: 0x8000b6f4 (0x2b908303) lb      t1, 697(ra)
core   0: 3 0x8000b6f4 (0x2b908303) x 6 0xffffffeb mem 0x80011b30
core   0: 0x8000b6f8 (0x50308423) sb      gp, 1288(ra)
core   0: 3 0x8000b6f8 (0x50308423) mem 0x80011d7f 0x70
core   0: 0x8000b6fc (0xfc820123) sb      s0, -62(tp)
core   0: 3 0x8000b6fc (0xfc820123) mem 0x800114e5 0xf3
core   0: 0x8000b700 (0x005dc503) lbu     a0, 5(s11)
core   0: 3 0x8000b700 (0x005dc503) x10 0x00000092 mem 0x80011ad9
core   0: 0x8000b704 (0x0504c283) lbu     t0, 80(s1)
core   0: 3 0x8000b704 (0x0504c283) x 5 0x000000f1 mem 0x8001113a
core   0: 0x8000b708 (0x849087a3) sb      s1, -1969(ra)
core   0: 3 0x8000b708 (0x849087a3) mem 0x800110c6 0xea
core   0: 0x8000b70c (0x5620c603) lbu     a2, 1378(ra)
core   0: 3 0x8000b70c (0x5620c603) x12 0x00000092 mem 0x80011dd9
core   0: 0x8000b710 (0xfce20e83) lb      t4, -50(tp)
core   0: 3 0x8000b710 (0xfce20e83) x29 0xffffffaa mem 0x800114f1
core   0: 0x8000b714 (0xfa94cd03) lbu     s10, -87(s1)
core   0: 3 0x8000b714 (0xfa94cd03) x26 0x00000048 mem 0x80011093
core   0: 0x8000b718 (0xff6d9c03) lh      s8, -10(s11)
core   0: 3 0x8000b718 (0xff6d9c03) x24 0xffff8081 mem 0x80011aca
core   0: 0x8000b71c (0xdee08ca3) sb      a4, -519(ra)
core   0: 3 0x8000b71c (0xdee08ca3) mem 0x80011670 0x50
core   0: 0x8000b720 (0x22a0c283) lbu     t0, 554(ra)
core   0: 3 0x8000b720 (0x22a0c283) x 5 0x0000005a mem 0x80011aa1
core   0: 0x8000b724 (0x0e348323) sb      gp, 230(s1)
core   0: 3 0x8000b724 (0x0e348323) mem 0x800111d0 0x70
core   0: 0x8000b728 (0xf4a215a3) sh      a0, -181(tp)
core   0: 3 0x8000b728 (0xf4a215a3) mem 0x8001146e 0x0092
core   0: 0x8000b72c (0x9e40c003) lbu     zero, -1564(ra)
core   0: 3 0x8000b72c (0x9e40c003) mem 0x8001125b
core   0: 0x8000b730 (0xff8da503) lw      a0, -8(s11)
core   0: 3 0x8000b730 (0xff8da503) x10 0x84858687 mem 0x80011acc
core   0: 0x8000b734 (0x33e08703) lb      a4, 830(ra)
core   0: 3 0x8000b734 (0x33e08703) x14 0x0000006e mem 0x80011bb5
core   0: 0x8000b738 (0xff0dcf83) lbu     t6, -16(s11)
core   0: 3 0x8000b738 (0xff0dcf83) x31 0x0000007f mem 0x80011ac4
core   0: 0x8000b73c (0x00006797) auipc   a5, 0x6
core   0: 3 0x8000b73c (0x00006797) x15 0x8001173c
core   0: 0x8000b740 (0xeae78793) addi    a5, a5, -338
core   0: 3 0x8000b740 (0xeae78793) x15 0x800115ea
core   0: 0x8000b744 (0x0000b117) auipc   sp, 0xb
core   0: 3 0x8000b744 (0x0000b117) x 2 0x80016744
core   0: 0x8000b748 (0x75810113) addi    sp, sp, 1880
core   0: 3 0x8000b748 (0x75810113) x 2 0x80016e9c
core   0: 0x8000b74c (0x0057c283) lbu     t0, 5(a5)
core   0: 3 0x8000b74c (0x0057c283) x 5 0x000000a4 mem 0x800115ef
core   0: 0x8000b750 (0x010109a3) sb      a6, 19(sp)
core   0: 3 0x8000b750 (0x010109a3) mem 0x80016eaf 0xd3
core   0: 0x8000b754 (0xffa7d383) lhu     t2, -6(a5)
core   0: 3 0x8000b754 (0xffa7d383) x 7 0x00001441 mem 0x800115e4
core   0: 0x8000b758 (0x00c7c503) lbu     a0, 12(a5)
core   0: 3 0x8000b758 (0x00c7c503) x10 0x000000ad mem 0x800115f6
core   0: 0x8000b75c (0x03e14c83) lbu     s9, 62(sp)
core   0: 3 0x8000b75c (0x03e14c83) x25 0x00000091 mem 0x80016eda
core   0: 0x8000b760 (0xff47ce83) lbu     t4, -12(a5)
core   0: 3 0x8000b760 (0xff47ce83) x29 0x00000095 mem 0x800115de
core   0: 0x8000b764 (0xfe1105a3) sb      ra, -21(sp)
core   0: 3 0x8000b764 (0xfe1105a3) mem 0x80016e87 0x77
core   0: 0x8000b768 (0xfdc10c83) lb      s9, -36(sp)
core   0: 3 0x8000b768 (0xfdc10c83) x25 0x00000033 mem 0x80016e78
core   0: 0x8000b76c (0xfed7a923) sw      a3, -14(a5)
core   0: 3 0x8000b76c (0xfed7a923) mem 0x800115dc 0xfc094c38
core   0: 0x8000b770 (0xffb7cb03) lbu     s6, -5(a5)
core   0: 3 0x8000b770 (0xffb7cb03) x22 0x00000014 mem 0x800115e5
core   0: 0x8000b774 (0x00e7ac83) lw      s9, 14(a5)
core   0: 3 0x8000b774 (0x00e7ac83) x25 0xb0b1b2b3 mem 0x800115f8
core   0: 0x8000b778 (0xfda14283) lbu     t0, -38(sp)
core   0: 3 0x8000b778 (0xfda14283) x 5 0x0000002d mem 0x80016e76
core   0: 0x8000b77c (0x00c79e83) lh      t4, 12(a5)
core   0: 3 0x8000b77c (0x00c79e83) x29 0xffffacad mem 0x800115f6
core   0: 0x8000b780 (0x027108a3) sb      t2, 49(sp)
core   0: 3 0x8000b780 (0x027108a3) mem 0x80016ecd 0x41
core   0: 0x8000b784 (0xfc714b03) lbu     s6, -57(sp)
core   0: 3 0x8000b784 (0xfc714b03) x22 0x00000018 mem 0x80016e63
core   0: 0x8000b788 (0x00f7c983) lbu     s3, 15(a5)
core   0: 3 0x8000b788 (0x00f7c983) x19 0x000000b2 mem 0x800115f9
core   0: 0x8000b78c (0xfd310183) lb      gp, -45(sp)
core   0: 3 0x8000b78c (0xfd310183) x 3 0x00000024 mem 0x80016e6f
core   0: 0x8000b790 (0x00a00593) li      a1, 10
core   0: 3 0x8000b790 (0x00a00593) x11 0x0000000a
core   0: 0x8000b794 (0x00a00293) li      t0, 10
core   0: 3 0x8000b794 (0x00a00293) x 5 0x0000000a
core   0: 0x8000b798 (0x6ea00c93) li      s9, 1770
core   0: 3 0x8000b798 (0x6ea00c93) x25 0x000006ea
core   0: 0x8000b79c (0x000015fd) c.addi  a1, -1
core   0: 3 0x8000b79c (0x15fd) x11 0x00000009
core   0: 0x8000b79e (0x038edfb3) divu    t6, t4, s8
core   0: 3 0x8000b79e (0x038edfb3) x31 0x00000001
core   0: 0x8000b7a2 (0x00800493) li      s1, 8
core   0: 3 0x8000b7a2 (0x00800493) x 9 0x00000008
core   0: 0x8000b7a6 (0x01000993) li      s3, 16
core   0: 3 0x8000b7a6 (0x01000993) x19 0x00000010
core   0: 0x8000b7aa (0x012e5f13) srli    t5, t3, 18
core   0: 3 0x8000b7aa (0x012e5f13) x30 0x00000000
core   0: 0x8000b7ae (0x00008f69) c.and   a4, a0
core   0: 3 0x8000b7ae (0x8f69) x14 0x0000002c
core   0: 0x8000b7b0 (0xee146013) ori     zero, s0, -287
core   0: 3 0x8000b7b0 (0xee146013)
core   0: 0x8000b7b4 (0x5c3e6713) ori     a4, t3, 1475
core   0: 3 0x8000b7b4 (0x5c3e6713) x14 0x000005e3
core   0: 0x8000b7b8 (0x0000613d) c.addi16sp sp, 480
core   0: 3 0x8000b7b8 (0x613d) x 2 0x8001707c
core   0: 0x8000b7ba (0x0000853d) c.srai  a0, 15
core   0: 3 0x8000b7ba (0x853d) x10 0x00000000
core   0: 0x8000b7bc (0x6499e313) ori     t1, s3, 1609
core   0: 3 0x8000b7bc (0x6499e313) x 6 0x00000659
core   0: 0x8000b7c0 (0x00000489) c.addi  s1, 2
core   0: 3 0x8000b7c0 (0x0489) x 9 0x0000000a
core   0: 0x8000b7c2 (0x0000100f) fence.i
core   0: 3 0x8000b7c2 (0x0000100f)
core   0: 0x8000b7c6 (0xff3494e3) bne     s1, s3, pc - 24
core   0: 3 0x8000b7c6 (0xff3494e3)
core   0: 0x8000b7ae (0x00008f69) c.and   a4, a0
core   0: 3 0x8000b7ae (0x8f69) x14 0x00000000
core   0: 0x8000b7b0 (0xee146013) ori     zero, s0, -287
core   0: 3 0x8000b7b0 (0xee146013)
core   0: 0x8000b7b4 (0x5c3e6713) ori     a4, t3, 1475
core   0: 3 0x8000b7b4 (0x5c3e6713) x14 0x000005e3
core   0: 0x8000b7b8 (0x0000613d) c.addi16sp sp, 480
core   0: 3 0x8000b7b8 (0x613d) x 2 0x8001725c
core   0: 0x8000b7ba (0x0000853d) c.srai  a0, 15
core   0: 3 0x8000b7ba (0x853d) x10 0x00000000
core   0: 0x8000b7bc (0x6499e313) ori     t1, s3, 1609
core   0: 3 0x8000b7bc (0x6499e313) x 6 0x00000659
core   0: 0x8000b7c0 (0x00000489) c.addi  s1, 2
core   0: 3 0x8000b7c0 (0x0489) x 9 0x0000000c
core   0: 0x8000b7c2 (0x0000100f) fence.i
core   0: 3 0x8000b7c2 (0x0000100f)
core   0: 0x8000b7c6 (0xff3494e3) bne     s1, s3, pc - 24
core   0: 3 0x8000b7c6 (0xff3494e3)
core   0: 0x8000b7ae (0x00008f69) c.and   a4, a0
core   0: 3 0x8000b7ae (0x8f69) x14 0x00000000
core   0: 0x8000b7b0 (0xee146013) ori     zero, s0, -287
core   0: 3 0x8000b7b0 (0xee146013)
core   0: 0x8000b7b4 (0x5c3e6713) ori     a4, t3, 1475
core   0: 3 0x8000b7b4 (0x5c3e6713) x14 0x000005e3
core   0: 0x8000b7b8 (0x0000613d) c.addi16sp sp, 480
core   0: 3 0x8000b7b8 (0x613d) x 2 0x8001743c
core   0: 0x8000b7ba (0x0000853d) c.srai  a0, 15
core   0: 3 0x8000b7ba (0x853d) x10 0x00000000
core   0: 0x8000b7bc (0x6499e313) ori     t1, s3, 1609
core   0: 3 0x8000b7bc (0x6499e313) x 6 0x00000659
core   0: 0x8000b7c0 (0x00000489) c.addi  s1, 2
core   0: 3 0x8000b7c0 (0x0489) x 9 0x0000000e
core   0: 0x8000b7c2 (0x0000100f) fence.i
core   0: 3 0x8000b7c2 (0x0000100f)
core   0: 0x8000b7c6 (0xff3494e3) bne     s1, s3, pc - 24
core   0: 3 0x8000b7c6 (0xff3494e3)
core   0: 0x8000b7ae (0x00008f69) c.and   a4, a0
core   0: 3 0x8000b7ae (0x8f69) x14 0x00000000
core   0: 0x8000b7b0 (0xee146013) ori     zero, s0, -287
core   0: 3 0x8000b7b0 (0xee146013)
core   0: 0x8000b7b4 (0x5c3e6713) ori     a4, t3, 1475
core   0: 3 0x8000b7b4 (0x5c3e6713) x14 0x000005e3
core   0: 0x8000b7b8 (0x0000613d) c.addi16sp sp, 480
core   0: 3 0x8000b7b8 (0x613d) x 2 0x8001761c
core   0: 0x8000b7ba (0x0000853d) c.srai  a0, 15
core   0: 3 0x8000b7ba (0x853d) x10 0x00000000
core   0: 0x8000b7bc (0x6499e313) ori     t1, s3, 1609
core   0: 3 0x8000b7bc (0x6499e313) x 6 0x00000659
core   0: 0x8000b7c0 (0x00000489) c.addi  s1, 2
core   0: 3 0x8000b7c0 (0x0489) x 9 0x00000010
core   0: 0x8000b7c2 (0x0000100f) fence.i
core   0: 3 0x8000b7c2 (0x0000100f)
core   0: 0x8000b7c6 (0xff3494e3) bne     s1, s3, pc - 24
core   0: 3 0x8000b7c6 (0xff3494e3)
core   0: 0x8000b7ca (0xfc55f7e3) bgeu    a1, t0, pc - 50
core   0: 3 0x8000b7ca (0xfc55f7e3)
core   0: 0x8000b7ce (0x033cc133) div     sp, s9, s3
core   0: 3 0x8000b7ce (0x033cc133) x 2 0x0000006e
core   0: 0x8000b7d2 (0xffd00493) li      s1, -3
core   0: 3 0x8000b7d2 (0xffd00493) x 9 0xfffffffd
core   0: 0x8000b7d6 (0x00100c13) li      s8, 1
core   0: 3 0x8000b7d6 (0x00100c13) x24 0x00000001
core   0: 0x8000b7da (0x0173bb33) sltu    s6, t2, s7
core   0: 3 0x8000b7da (0x0173bb33) x22 0x00000001
core   0: 0x8000b7de (0x036c3e33) mulhu   t3, s8, s6
core   0: 3 0x8000b7de (0x036c3e33) x28 0x00000000
core   0: 0x8000b7e2 (0x256d1d37) lui     s10, 0x256d1
core   0: 3 0x8000b7e2 (0x256d1d37) x26 0x256d1000
core   0: 0x8000b7e6 (0x01e21713) slli    a4, tp, 30
core   0: 3 0x8000b7e6 (0x01e21713) x14 0xc0000000
core   0: 0x8000b7ea (0x00000499) c.addi  s1, 6
core   0: 3 0x8000b7ea (0x0499) x 9 0x00000003
core   0: 0x8000b7ec (0xebb36d17) auipc   s10, 0xebb36
core   0: 3 0x8000b7ec (0xebb36d17) x26 0x6bb417ec
core   0: 0x8000b7f0 (0x00600793) li      a5, 6
core   0: 3 0x8000b7f0 (0x00600793) x15 0x00000006
core   0: 0x8000b7f4 (0x015a2733) slt     a4, s4, s5
core   0: 3 0x8000b7f4 (0x015a2733) x14 0x00000000
core   0: 0x8000b7f8 (0x00500913) li      s2, 5
core   0: 3 0x8000b7f8 (0x00500913) x18 0x00000005
core   0: 0x8000b7fc (0xb2341d17) auipc   s10, 0xb2341
core   0: 3 0x8000b7fc (0xb2341d17) x26 0x3234c7fc
core   0: 0x8000b800 (0x00000001) c.nop
core   0: 3 0x8000b800 (0x0001)
core   0: 0x8000b802 (0x000017f5) c.addi  a5, -3
core   0: 3 0x8000b802 (0x17f5) x15 0x00000003
core   0: 0x8000b804 (0xff27fee3) bgeu    a5, s2, pc - 4
core   0: 3 0x8000b804 (0xff27fee3)
core   0: 0x8000b808 (0x41105d13) srai    s10, zero, 17
core   0: 3 0x8000b808 (0x41105d13) x26 0x00000000
core   0: 0x8000b80c (0xfd84c9e3) blt     s1, s8, pc - 46
core   0: 3 0x8000b80c (0xfd84c9e3)
core   0: 0x8000b810 (0x84413613) sltiu   a2, sp, -1980
core   0: 3 0x8000b810 (0x84413613) x12 0x00000001
core   0: 0x8000b814 (0x00006117) auipc   sp, 0x6
core   0: 3 0x8000b814 (0x00006117) x 2 0x80011814
core   0: 0x8000b818 (0x0e310113) addi    sp, sp, 227
core   0: 3 0x8000b818 (0x0e310113) x 2 0x800118f7
core   0: 0x8000b81c (0xff810c83) lb      s9, -8(sp)
core   0: 3 0x8000b81c (0xff810c83) x25 0xffffffa4 mem 0x800118ef
core   0: 0x8000b820 (0xffe10503) lb      a0, -2(sp)
core   0: 3 0x8000b820 (0xffe10503) x10 0xffffffae mem 0x800118f5
core   0: 0x8000b824 (0xffe10903) lb      s2, -2(sp)
core   0: 3 0x8000b824 (0xffe10903) x18 0xffffffae mem 0x800118f5
core   0: 0x8000b828 (0x00b14283) lbu     t0, 11(sp)
core   0: 3 0x8000b828 (0x00b14283) x 5 0x000000b9 mem 0x80011902
core   0: 0x8000b82c (0xfeb10823) sb      a1, -16(sp)
core   0: 3 0x8000b82c (0xfeb10823) mem 0x800118e7 0x9
core   0: 0x8000b830 (0x00c10a03) lb      s4, 12(sp)
core   0: 3 0x8000b830 (0x00c10a03) x20 0xffffffb8 mem 0x80011903
core   0: 0x8000b834 (0x00d10a03) lb      s4, 13(sp)
core   0: 3 0x8000b834 (0x00d10a03) x20 0xffffffbf mem 0x80011904
core   0: 0x8000b838 (0x03f19733) mulh    a4, gp, t6
core   0: 3 0x8000b838 (0x03f19733) x14 0x00000000
core   0: 0x8000b83c (0xffe10c83) lb      s9, -2(sp)
core   0: 3 0x8000b83c (0xffe10c83) x25 0xffffffae mem 0x800118f5
core   0: 0x8000b840 (0xff610ca3) sb      s6, -7(sp)
core   0: 3 0x8000b840 (0xff610ca3) mem 0x800118f0 0x1
core   0: 0x8000b844 (0x00314203) lbu     tp, 3(sp)
core   0: 3 0x8000b844 (0x00314203) x 4 0x000000b1 mem 0x800118fa
core   0: 0x8000b848 (0x75fe8c13) addi    s8, t4, 1887
core   0: 3 0x8000b848 (0x75fe8c13) x24 0xffffb40c
core   0: 0x8000b84c (0x00912f83) lw      t6, 9(sp)
core   0: 3 0x8000b84c (0x00912f83) x31 0xb8b9babb mem 0x80011900
core   0: 0x8000b850 (0x01f102a3) sb      t6, 5(sp)
core   0: 3 0x8000b850 (0x01f102a3) mem 0x800118fc 0xbb
core   0: 0x8000b854 (0x00214203) lbu     tp, 2(sp)
core   0: 3 0x8000b854 (0x00214203) x 4 0x000000b2 mem 0x800118f9
core   0: 0x8000b858 (0x00006d51) c.lui   s10, 0x14
core   0: 3 0x8000b858 (0x6d51) x26 0x00014000
core   0: 0x8000b85a (0x00006cd9) c.lui   s9, 0x16
core   0: 3 0x8000b85a (0x6cd9) x25 0x00016000
core   0: 0x8000b85c (0x00111183) lh      gp, 1(sp)
core   0: 3 0x8000b85c (0x00111183) x 3 0xffffb2b3 mem 0x800118f8
core   0: 0x8000b860 (0x00008cf5) c.and   s1, a3
core   0: 3 0x8000b860 (0x8cf5) x 9 0x00000000
core   0: 0x8000b862 (0xffb15c83) lhu     s9, -5(sp)
core   0: 3 0x8000b862 (0xffb15c83) x25 0x0000a8a9 mem 0x800118f2
core   0: 0x8000b866 (0xff711c03) lh      s8, -9(sp)
core   0: 3 0x8000b866 (0xff711c03) x24 0xffffa4a5 mem 0x800118ee
core   0: 0x8000b86a (0xff911ca3) sh      s9, -7(sp)
core   0: 3 0x8000b86a (0xff911ca3) mem 0x800118f0 0xa8a9
core   0: 0x8000b86e (0xffb15f03) lhu     t5, -5(sp)
core   0: 3 0x8000b86e (0xffb15f03) x30 0x0000a8a9 mem 0x800118f2
core   0: 0x8000b872 (0xfe8108a3) sb      s0, -15(sp)
core   0: 3 0x8000b872 (0xfe8108a3) mem 0x800118e8 0xf3
core   0: 0x8000b876 (0xffd11803) lh      a6, -3(sp)
core   0: 3 0x8000b876 (0xffd11803) x16 0xffffaeaf mem 0x800118f4
core   0: 0x8000b87a (0x00214d83) lbu     s11, 2(sp)
core   0: 3 0x8000b87a (0x00214d83) x27 0x000000b2 mem 0x800118f9
core   0: 0x8000b87e (0x01a10623) sb      s10, 12(sp)
core   0: 3 0x8000b87e (0x01a10623) mem 0x80011903 0x0
core   0: 0x8000b882 (0x00008f79) c.and   a4, a4
core   0: 3 0x8000b882 (0x8f79) x14 0x00000000
core   0: 0x8000b884 (0x00110383) lb      t2, 1(sp)
core   0: 3 0x8000b884 (0x00110383) x 7 0xffffffb3 mem 0x800118f8
core   0: 0x8000b888 (0x00010223) sb      zero, 4(sp)
core   0: 3 0x8000b888 (0x00010223) mem 0x800118fb 0x0
core   0: 0x8000b88c (0x036b2fb3) mulhsu  t6, s6, s6
core   0: 3 0x8000b88c (0x036b2fb3) x31 0x00000000
core   0: 0x8000b890 (0x013f63b3) or      t2, t5, s3
core   0: 3 0x8000b890 (0x013f63b3) x 7 0x0000a8b9
core   0: 0x8000b894 (0x00008499) c.srai  s1, 6
core   0: 3 0x8000b894 (0x8499) x 9 0x00000000
core   0: 0x8000b896 (0xffc14b83) lbu     s7, -4(sp)
core   0: 3 0x8000b896 (0xffc14b83) x23 0x000000a8 mem 0x800118f3
core   0: 0x8000b89a (0x023a2cb3) mulhsu  s9, s4, gp
core   0: 3 0x8000b89a (0x023a2cb3) x25 0xffffffbf
core   0: 0x8000b89e (0x00d15183) lhu     gp, 13(sp)
core   0: 3 0x8000b89e (0x00d15183) x 3 0x0000bebf mem 0x80011904
core   0: 0x8000b8a2 (0xffb11803) lh      a6, -5(sp)
core   0: 3 0x8000b8a2 (0xffb11803) x16 0xffffa8a9 mem 0x800118f2
core   0: 0x8000b8a6 (0x00614603) lbu     a2, 6(sp)
core   0: 3 0x8000b8a6 (0x00614603) x12 0x000000b6 mem 0x800118fd
core   0: 0x8000b8aa (0x25b96193) ori     gp, s2, 603
core   0: 3 0x8000b8aa (0x25b96193) x 3 0xffffffff
core   0: 0x8000b8ae (0x00e10e83) lb      t4, 14(sp)
core   0: 3 0x8000b8ae (0x00e10e83) x29 0xffffffbe mem 0x80011905
core   0: 0x8000b8b2 (0xff210083) lb      ra, -14(sp)
core   0: 3 0x8000b8b2 (0xff210083) x 1 0x00000000 mem 0x800118e9
core   0: 0x8000b8b6 (0x00013b17) auipc   s6, 0x13
core   0: 3 0x8000b8b6 (0x00013b17) x22 0x8001e8b6
core   0: 0x8000b8ba (0x231b0b13) addi    s6, s6, 561
core   0: 3 0x8000b8ba (0x231b0b13) x22 0x8001eae7
core   0: 0x8000b8be (0x00eb13a3) sh      a4, 7(s6)
core   0: 3 0x8000b8be (0x00eb13a3) mem 0x8001eaee 0x0000
core   0: 0x8000b8c2 (0x00011517) auipc   a0, 0x11
core   0: 3 0x8000b8c2 (0x00011517) x10 0x8001c8c2
core   0: 0x8000b8c6 (0x72950513) addi    a0, a0, 1833
core   0: 3 0x8000b8c6 (0x72950513) x10 0x8001cfeb
core   0: 0x8000b8ca (0x00014597) auipc   a1, 0x14
core   0: 3 0x8000b8ca (0x00014597) x11 0x8001f8ca
core   0: 0x8000b8ce (0x8db58593) addi    a1, a1, -1829
core   0: 3 0x8000b8ce (0x8db58593) x11 0x8001f1a5
core   0: 0x8000b8d2 (0xff7b0d03) lb      s10, -9(s6)
core   0: 3 0x8000b8d2 (0xff7b0d03) x26 0xffffff95 mem 0x8001eade
core   0: 0x8000b8d6 (0xfda58303) lb      t1, -38(a1)
core   0: 3 0x8000b8d6 (0xfda58303) x 6 0x00000034 mem 0x8001f17f
core   0: 0x8000b8da (0x00010217) auipc   tp, 0x10
core   0: 3 0x8000b8da (0x00010217) x 4 0x8001b8da
core   0: 0x8000b8de (0x16820213) addi    tp, tp, 360
core   0: 3 0x8000b8de (0x16820213) x 4 0x8001ba42
core   0: 0x8000b8e2 (0x004503a3) sb      tp, 7(a0)
core   0: 3 0x8000b8e2 (0x004503a3) mem 0x8001cff2 0x42
core   0: 0x8000b8e6 (0x008b0a03) lb      s4, 8(s6)
core   0: 3 0x8000b8e6 (0x008b0a03) x20 0x00000000 mem 0x8001eaef
core   0: 0x8000b8ea (0xff750e23) sb      s7, -4(a0)
core   0: 3 0x8000b8ea (0xff750e23) mem 0x8001cfe7 0xa8
core   0: 0x8000b8ee (0x00008417) auipc   s0, 0x8
core   0: 3 0x8000b8ee (0x00008417) x 8 0x800138ee
core   0: 0x8000b8f2 (0x5df40413) addi    s0, s0, 1503
core   0: 3 0x8000b8f2 (0x5df40413) x 8 0x80013ecd
core   0: 0x8000b8f6 (0x01f5d083) lhu     ra, 31(a1)
core   0: 3 0x8000b8f6 (0x01f5d083) x 1 0x00007e7f mem 0x8001f1c4
core   0: 0x8000b8fa (0xffb24e03) lbu     t3, -5(tp)
core   0: 3 0x8000b8fa (0xffb24e03) x28 0x000000f6 mem 0x8001ba3d
core   0: 0x8000b8fe (0xffa50003) lb      zero, -6(a0)
core   0: 3 0x8000b8fe (0xffa50003) mem 0x8001cfe5
core   0: 0x8000b902 (0x00155283) lhu     t0, 1(a0)
core   0: 3 0x8000b902 (0x00155283) x 5 0x0000a6a7 mem 0x8001cfec
core   0: 0x8000b906 (0x858407a3) sb      s8, -1969(s0)
core   0: 3 0x8000b906 (0x858407a3) mem 0x8001371c 0xa5
core   0: 0x8000b90a (0x000b4e03) lbu     t3, 0(s6)
core   0: 3 0x8000b90a (0x000b4e03) x28 0x0000009c mem 0x8001eae7
core   0: 0x8000b90e (0xff054c03) lbu     s8, -16(a0)
core   0: 3 0x8000b90e (0xff054c03) x24 0x00000090 mem 0x8001cfdb
core   0: 0x8000b912 (0xfec50e23) sb      a2, -4(a0)
core   0: 3 0x8000b912 (0xfec50e23) mem 0x8001cfe7 0xb6
core   0: 0x8000b916 (0x99f44903) lbu     s2, -1633(s0)
core   0: 3 0x8000b916 (0x99f44903) x18 0x00000027 mem 0x8001386c
core   0: 0x8000b91a (0xffeb4e03) lbu     t3, -2(s6)
core   0: 3 0x8000b91a (0xffeb4e03) x28 0x0000009e mem 0x8001eae5
core   0: 0x8000b91e (0x00b50483) lb      s1, 11(a0)
core   0: 3 0x8000b91e (0x00b50483) x 9 0xffffffad mem 0x8001cff6
core   0: 0x8000b922 (0x00025f83) lhu     t6, 0(tp)
core   0: 3 0x8000b922 (0x00025f83) x31 0x0000f8f9 mem 0x8001ba42
core   0: 0x8000b926 (0x00458fa3) sb      tp, 31(a1)
core   0: 3 0x8000b926 (0x00458fa3) mem 0x8001f1c4 0x42
core   0: 0x8000b92a (0xffcb4483) lbu     s1, -4(s6)
core   0: 3 0x8000b92a (0xffcb4483) x 9 0x00000098 mem 0x8001eae3
core   0: 0x8000b92e (0xff454283) lbu     t0, -12(a0)
core   0: 3 0x8000b92e (0xff454283) x 5 0x00000094 mem 0x8001cfdf
core   0: 0x8000b932 (0x008b0e83) lb      t4, 8(s6)
core   0: 3 0x8000b932 (0x008b0e83) x29 0x00000000 mem 0x8001eaef
core   0: 0x8000b936 (0xff825f03) lhu     t5, -8(tp)
core   0: 3 0x8000b936 (0xff825f03) x30 0x0000f0f1 mem 0x8001ba3a
core   0: 0x8000b93a (0xffeb4f83) lbu     t6, -2(s6)
core   0: 3 0x8000b93a (0xffeb4f83) x31 0x0000009e mem 0x8001eae5
core   0: 0x8000b93e (0xff9b5303) lhu     t1, -7(s6)
core   0: 3 0x8000b93e (0xff9b5303) x 6 0x00009a9b mem 0x8001eae0
core   0: 0x8000b942 (0x65644103) lbu     sp, 1622(s0)
core   0: 3 0x8000b942 (0x65644103) x 2 0x000000d8 mem 0x80014523
core   0: 0x8000b946 (0x5fc44903) lbu     s2, 1532(s0)
core   0: 3 0x8000b946 (0x5fc44903) x18 0x00000082 mem 0x800144c9
core   0: 0x8000b94a (0x39c40f83) lb      t6, 924(s0)
core   0: 3 0x8000b94a (0x39c40f83) x31 0x00000022 mem 0x80014269
core   0: 0x8000b94e (0xff821e23) sh      s8, -4(tp)
core   0: 3 0x8000b94e (0xff821e23) mem 0x8001ba3e 0x0090
core   0: 0x8000b952 (0x01959903) lh      s2, 25(a1)
core   0: 3 0x8000b952 (0x01959903) x18 0x00007475 mem 0x8001f1be
core   0: 0x8000b956 (0x00eb0783) lb      a5, 14(s6)
core   0: 3 0x8000b956 (0x00eb0783) x15 0xffffffae mem 0x8001eaf5
core   0: 0x8000b95a (0xfdb5d283) lhu     t0, -37(a1)
core   0: 3 0x8000b95a (0xfdb5d283) x 5 0x00003a3b mem 0x8001f180
core   0: 0x8000b95e (0x00551283) lh      t0, 5(a0)
core   0: 3 0x8000b95e (0x00551283) x 5 0xffffaaab mem 0x8001cff0
core   0: 0x8000b962 (0x56d44f03) lbu     t5, 1389(s0)
core   0: 3 0x8000b962 (0x56d44f03) x30 0x000000f1 mem 0x8001443a
core   0: 0x8000b966 (0x00c50703) lb      a4, 12(a0)
core   0: 3 0x8000b966 (0x00c50703) x14 0xffffffac mem 0x8001cff7
core   0: 0x8000b96a (0x00220f83) lb      t6, 2(tp)
core   0: 3 0x8000b96a (0x00220f83) x31 0xffffffff mem 0x8001ba44
core   0: 0x8000b96e (0x00006c17) auipc   s8, 0x6
core   0: 3 0x8000b96e (0x00006c17) x24 0x8001196e
core   0: 0x8000b972 (0x287c0c13) addi    s8, s8, 647
core   0: 3 0x8000b972 (0x287c0c13) x24 0x80011bf5
core   0: 0x8000b976 (0x022c0803) lb      a6, 34(s8)
core   0: 3 0x8000b976 (0x022c0803) x16 0xffffffcc mem 0x80011c17
core   0: 0x8000b97a (0x00010517) auipc   a0, 0x10
core   0: 3 0x8000b97a (0x00010517) x10 0x8001b97a
core   0: 0x8000b97e (0xf7050513) addi    a0, a0, -144
core   0: 3 0x8000b97e (0xf7050513) x10 0x8001b8ea
core   0: 0x8000b982 (0x022c4383) lbu     t2, 34(s8)
core   0: 3 0x8000b982 (0x022c4383) x 7 0x000000cc mem 0x80011c17
core   0: 0x8000b986 (0x006c18a3) sh      t1, 17(s8)
core   0: 3 0x8000b986 (0x006c18a3) mem 0x80011c06 0x9a9b
core   0: 0x8000b98a (0x025c0a03) lb      s4, 37(s8)
core   0: 3 0x8000b98a (0x025c0a03) x20 0xffffffd1 mem 0x80011c1a
core   0: 0x8000b98e (0x00e51e03) lh      t3, 14(a0)
core   0: 3 0x8000b98e (0x00e51e03) x28 0xffffb2b3 mem 0x8001b8f8
core   0: 0x8000b992 (0xfd4c1aa3) sh      s4, -43(s8)
core   0: 3 0x8000b992 (0xfd4c1aa3) mem 0x80011bca 0xffd1
core   0: 0x8000b996 (0x00a51583) lh      a1, 10(a0)
core   0: 3 0x8000b996 (0x00a51583) x11 0xffffaeaf mem 0x8001b8f4
core   0: 0x8000b99a (0xffb54483) lbu     s1, -5(a0)
core   0: 3 0x8000b99a (0xffb54483) x 9 0x0000009e mem 0x8001b8e5
core   0: 0x8000b99e (0x00dc5083) lhu     ra, 13(s8)
core   0: 3 0x8000b99e (0x00dc5083) x 1 0x0000b8b9 mem 0x80011c02
core   0: 0x8000b9a2 (0xfe450a23) sb      tp, -12(a0)
core   0: 3 0x8000b9a2 (0xfe450a23) mem 0x8001b8de 0x42
core   0: 0x8000b9a6 (0xfddc5403) lhu     s0, -35(s8)
core   0: 3 0x8000b9a6 (0xfddc5403) x 8 0x00008889 mem 0x80011bd2
core   0: 0x8000b9aa (0x019c0e03) lb      t3, 25(s8)
core   0: 3 0x8000b9aa (0x019c0e03) x28 0xffffffc5 mem 0x80011c0e
core   0: 0x8000b9ae (0xffb54283) lbu     t0, -5(a0)
core   0: 3 0x8000b9ae (0xffb54283) x 5 0x0000009e mem 0x8001b8e5
core   0: 0x8000b9b2 (0x0000e097) auipc   ra, 0xe
core   0: 3 0x8000b9b2 (0x0000e097) x 1 0x800199b2
core   0: 0x8000b9b6 (0xa1808093) addi    ra, ra, -1512
core   0: 3 0x8000b9b6 (0xa1808093) x 1 0x800193ca
core   0: 0x8000b9ba (0x00009b17) auipc   s6, 0x9
core   0: 3 0x8000b9ba (0x00009b17) x22 0x800149ba
core   0: 0x8000b9be (0xcb0b0b13) addi    s6, s6, -848
core   0: 3 0x8000b9be (0xcb0b0b13) x22 0x8001466a
core   0: 0x8000b9c2 (0x0000dc97) auipc   s9, 0xd
core   0: 3 0x8000b9c2 (0x0000dc97) x25 0x800189c2
core   0: 0x8000b9c6 (0x7fcc8c93) addi    s9, s9, 2044
core   0: 3 0x8000b9c6 (0x7fcc8c93) x25 0x800191be
core   0: 0x8000b9ca (0x0000dc17) auipc   s8, 0xd
core   0: 3 0x8000b9ca (0x0000dc17) x24 0x800189ca
core   0: 0x8000b9ce (0x119c0c13) addi    s8, s8, 281
core   0: 3 0x8000b9ce (0x119c0c13) x24 0x80018ae3
core   0: 0x8000b9d2 (0xfeec0823) sb      a4, -16(s8)
core   0: 3 0x8000b9d2 (0xfeec0823) mem 0x80018ad3 0xac
core   0: 0x8000b9d6 (0xa4009023) sh      zero, -1472(ra)
core   0: 3 0x8000b9d6 (0xa4009023) mem 0x80018e0a 0x0000
core   0: 0x8000b9da (0x00016597) auipc   a1, 0x16
core   0: 3 0x8000b9da (0x00016597) x11 0x800219da
core   0: 0x8000b9de (0xa3758593) addi    a1, a1, -1481
core   0: 3 0x8000b9de (0xa3758593) x11 0x80021411
core   0: 0x8000b9e2 (0xfd8b0303) lb      t1, -40(s6)
core   0: 3 0x8000b9e2 (0xfd8b0303) x 6 0xfffffff9 mem 0x80014642
core   0: 0x8000b9e6 (0xfe558da3) sb      t0, -5(a1)
core   0: 3 0x8000b9e6 (0xfe558da3) mem 0x8002140c 0x9e
core   0: 0x8000b9ea (0xb000d483) lhu     s1, -1280(ra)
core   0: 3 0x8000b9ea (0xb000d483) x 9 0x00008081 mem 0x80018eca
core   0: 0x8000b9ee (0xffdc8d03) lb      s10, -3(s9)
core   0: 3 0x8000b9ee (0xffdc8d03) x26 0x00000070 mem 0x800191bb
core   0: 0x8000b9f2 (0x012b0283) lb      t0, 18(s6)
core   0: 3 0x8000b9f2 (0x012b0283) x 5 0x00000037 mem 0x8001467c
core   0: 0x8000b9f6 (0xfef5afa3) sw      a5, -1(a1)
core   0: 3 0x8000b9f6 (0xfef5afa3) mem 0x80021410 0xffffffae
core   0: 0x8000b9fa (0x01fb4203) lbu     tp, 31(s6)
core   0: 3 0x8000b9fa (0x01fb4203) x 4 0x00000042 mem 0x80014689
core   0: 0x8000b9fe (0x0085cf03) lbu     t5, 8(a1)
core   0: 3 0x8000b9fe (0x0085cf03) x30 0x000000d2 mem 0x80021419
core   0: 0x8000ba02 (0xff2c0703) lb      a4, -14(s8)
core   0: 3 0x8000ba02 (0xff2c0703) x14 0xffffff8e mem 0x80018ad5
core   0: 0x8000ba06 (0x6df08503) lb      a0, 1759(ra)
core   0: 3 0x8000ba06 (0x6df08503) x10 0x00000062 mem 0x80019aa9
core   0: 0x8000ba0a (0xff0c8da3) sb      a6, -5(s9)
core   0: 3 0x8000ba0a (0xff0c8da3) mem 0x800191b9 0xcc
core   0: 0x8000ba0e (0xffa5c383) lbu     t2, -6(a1)
core   0: 3 0x8000ba0e (0xffa5c383) x 7 0x000000c0 mem 0x8002140b
core   0: 0x8000ba12 (0xff358483) lb      s1, -13(a1)
core   0: 3 0x8000ba12 (0xff358483) x 9 0xffffffbf mem 0x80021404
core   0: 0x8000ba16 (0x000b0283) lb      t0, 0(s6)
core   0: 3 0x8000ba16 (0x000b0283) x 5 0x00000021 mem 0x8001466a
core   0: 0x8000ba1a (0xff1c4783) lbu     a5, -15(s8)
core   0: 3 0x8000ba1a (0xff1c4783) x15 0x0000008f mem 0x80018ad4
core   0: 0x8000ba1e (0x00ec22a3) sw      a4, 5(s8)
core   0: 3 0x8000ba1e (0x00ec22a3) mem 0x80018ae8 0xffffff8e
core   0: 0x8000ba22 (0xffb58d83) lb      s11, -5(a1)
core   0: 3 0x8000ba22 (0xffb58d83) x27 0xffffff9e mem 0x8002140c
core   0: 0x8000ba26 (0xfe559aa3) sh      t0, -11(a1)
core   0: 3 0x8000ba26 (0xfe559aa3) mem 0x80021406 0x0021
core   0: 0x8000ba2a (0x034b0803) lb      a6, 52(s6)
core   0: 3 0x8000ba2a (0x034b0803) x16 0x00000055 mem 0x8001469e
core   0: 0x8000ba2e (0xff3cc403) lbu     s0, -13(s9)
core   0: 3 0x8000ba2e (0xff3cc403) x 8 0x0000006a mem 0x800191b1
core   0: 0x8000ba32 (0xff559da3) sh      s5, -5(a1)
core   0: 3 0x8000ba32 (0xff559da3) mem 0x8002140c 0xace4
core   0: 0x8000ba36 (0xff2ca403) lw      s0, -14(s9)
core   0: 3 0x8000ba36 (0xff2ca403) x 8 0x68696a6b mem 0x800191b0
core   0: 0x8000ba3a (0x007c5f03) lhu     t5, 7(s8)
core   0: 3 0x8000ba3a (0x007c5f03) x30 0x0000ffff mem 0x80018aea
core   0: 0x8000ba3e (0x009c0723) sb      s1, 14(s8)
core   0: 3 0x8000ba3e (0x009c0723) mem 0x80018af1 0xbf
core   0: 0x8000ba42 (0xff05c803) lbu     a6, -16(a1)
core   0: 3 0x8000ba42 (0xff05c803) x16 0x000000ba mem 0x80021401
core   0: 0x8000ba46 (0x0a609803) lh      a6, 166(ra)
core   0: 3 0x8000ba46 (0x0a609803) x16 0x00002a2b mem 0x80019470
core   0: 0x8000ba4a (0xfebb4f83) lbu     t6, -21(s6)
core   0: 3 0x8000ba4a (0xfebb4f83) x31 0x0000000e mem 0x80014655
core   0: 0x8000ba4e (0x008c03a3) sb      s0, 7(s8)
core   0: 3 0x8000ba4e (0x008c03a3) mem 0x80018aea 0x6b
core   0: 0x8000ba52 (0x009c86a3) sb      s1, 13(s9)
core   0: 3 0x8000ba52 (0x009c86a3) mem 0x800191cb 0xbf
core   0: 0x8000ba56 (0xffd5d483) lhu     s1, -3(a1)
core   0: 3 0x8000ba56 (0xffd5d483) x 9 0x0000c4c5 mem 0x8002140e
core   0: 0x8000ba5a (0x1d70af23) sw      s7, 478(ra)
core   0: 3 0x8000ba5a (0x1d70af23) mem 0x800195a8 0x000000a8
core   0: 0x8000ba5e (0x003c0b83) lb      s7, 3(s8)
core   0: 3 0x8000ba5e (0x003c0b83) x23 0xffffff9d mem 0x80018ae6
core   0: 0x8000ba62 (0x0730c783) lbu     a5, 115(ra)
core   0: 3 0x8000ba62 (0x0730c783) x15 0x000000f6 mem 0x8001943d
core   0: 0x8000ba66 (0x009c8283) lb      t0, 9(s9)
core   0: 3 0x8000ba66 (0x009c8283) x 5 0x0000007c mem 0x800191c7
core   0: 0x8000ba6a (0x004b5f03) lhu     t5, 4(s6)
core   0: 3 0x8000ba6a (0x004b5f03) x30 0x00002425 mem 0x8001466e
core   0: 0x8000ba6e (0xfffc0923) sb      t6, -14(s8)
core   0: 3 0x8000ba6e (0xfffc0923) mem 0x80018ad5 0xe
core   0: 0x8000ba72 (0xfe7c0aa3) sb      t2, -11(s8)
core   0: 3 0x8000ba72 (0xfe7c0aa3) mem 0x80018ad8 0xc0
core   0: 0x8000ba76 (0x030b06a3) sb      a6, 45(s6)
core   0: 3 0x8000ba76 (0x030b06a3) mem 0x80014697 0x2b
core   0: 0x8000ba7a (0x00006497) auipc   s1, 0x6
core   0: 3 0x8000ba7a (0x00006497) x 9 0x80011a7a
core   0: 0x8000ba7e (0x2f448493) addi    s1, s1, 756
core   0: 3 0x8000ba7e (0x2f448493) x 9 0x80011d6e
core   0: 0x8000ba82 (0x41820a33) sub     s4, tp, s8
core   0: 3 0x8000ba82 (0x41820a33) x20 0x7ffe755f
core   0: 0x8000ba86 (0x02b74633) div     a2, a4, a1
core   0: 3 0x8000ba86 (0x02b74633) x12 0x00000000
core   0: 0x8000ba8a (0x50033a13) sltiu   s4, t1, 1280
core   0: 3 0x8000ba8a (0x50033a13) x20 0x00000000
core   0: 0x8000ba8e (0xf5e49803) lh      a6, -162(s1)
core   0: 3 0x8000ba8e (0xf5e49803) x16 0xffff8687 mem 0x80011ccc
core   0: 0x8000ba92 (0xf5e4d303) lhu     t1, -162(s1)
core   0: 3 0x8000ba92 (0xf5e4d303) x 6 0x00008687 mem 0x80011ccc
core   0: 0x8000ba96 (0xf5e4af23) sw      t5, -162(s1)
core   0: 3 0x8000ba96 (0xf5e4af23) mem 0x80011ccc 0x00002425
core   0: 0x8000ba9a (0xf5e4c803) lbu     a6, -162(s1)
core   0: 3 0x8000ba9a (0xf5e4c803) x16 0x00000025 mem 0x80011ccc
core   0: 0x8000ba9e (0xf5e4c383) lbu     t2, -162(s1)
core   0: 3 0x8000ba9e (0xf5e4c383) x 7 0x00000025 mem 0x80011ccc
core   0: 0x8000baa2 (0xf5c4af23) sw      t3, -162(s1)
core   0: 3 0x8000baa2 (0xf5c4af23) mem 0x80011ccc 0xffffffc5
core   0: 0x8000baa6 (0x17c49f03) lh      t5, 380(s1)
core   0: 3 0x8000baa6 (0x17c49f03) x30 0xffffa0a1 mem 0x80011eea
core   0: 0x8000baaa (0x98d480a3) sb      a3, -1663(s1)
core   0: 3 0x8000baaa (0x98d480a3) mem 0x800116ef 0x38
core   0: 0x8000baae (0x9814ce83) lbu     t4, -1663(s1)
core   0: 3 0x8000baae (0x9814ce83) x29 0x00000038 mem 0x800116ef
core   0: 0x8000bab2 (0x8f448aa3) sb      s4, -1803(s1)
core   0: 3 0x8000bab2 (0x8f448aa3) mem 0x80011663 0x0
core   0: 0x8000bab6 (0xfd548a03) lb      s4, -43(s1)
core   0: 3 0x8000bab6 (0xfd548a03) x20 0xfffffff8 mem 0x80011d43
core   0: 0x8000baba (0x00015a17) auipc   s4, 0x15
core   0: 3 0x8000baba (0x00015a17) x20 0x80020aba
core   0: 0x8000babe (0xd7da0a13) addi    s4, s4, -643
core   0: 3 0x8000babe (0xd7da0a13) x20 0x80020837
core   0: 0x8000bac2 (0x0000fe97) auipc   t4, 0xf
core   0: 3 0x8000bac2 (0x0000fe97) x29 0x8001aac2
core   0: 0x8000bac6 (0x0d5e8e93) addi    t4, t4, 213
core   0: 3 0x8000bac6 (0x0d5e8e93) x29 0x8001ab97
core   0: 0x8000baca (0x0a3a0783) lb      a5, 163(s4)
core   0: 3 0x8000baca (0x0a3a0783) x15 0xffffff91 mem 0x800208da
core   0: 0x8000bace (0x055a17a3) sh      s5, 79(s4)
core   0: 3 0x8000bace (0x055a17a3) mem 0x80020886 0xace4
core   0: 0x8000bad2 (0x03da5803) lhu     a6, 61(s4)
core   0: 3 0x8000bad2 (0x03da5803) x16 0x00002e2f mem 0x80020874
core   0: 0x8000bad6 (0x885ea8a3) sw      t0, -1903(t4)
core   0: 3 0x8000bad6 (0x885ea8a3) mem 0x8001a428 0x0000007c
core   0: 0x8000bada (0xca5e8d23) sb      t0, -838(t4)
core   0: 3 0x8000bada (0xca5e8d23) mem 0x8001a851 0x7c
core   0: 0x8000bade (0x0ada0623) sb      a3, 172(s4)
core   0: 3 0x8000bade (0x0ada0623) mem 0x800208e3 0x38
core   0: 0x8000bae2 (0x043a1403) lh      s0, 67(s4)
core   0: 3 0x8000bae2 (0x043a1403) x 8 0x00003031 mem 0x8002087a
core   0: 0x8000bae6 (0x98ae8b03) lb      s6, -1654(t4)
core   0: 3 0x8000bae6 (0x98ae8b03) x22 0xffffffda mem 0x8001a521
core   0: 0x8000baea (0x453e8603) lb      a2, 1107(t4)
core   0: 3 0x8000baea (0x453e8603) x12 0xffffffa1 mem 0x8001afea
core   0: 0x8000baee (0xf8fa1503) lh      a0, -113(s4)
core   0: 3 0x8000baee (0xf8fa1503) x10 0x00007c7d mem 0x800207c6
core   0: 0x8000baf2 (0x0dea0383) lb      t2, 222(s4)
core   0: 3 0x8000baf2 (0x0dea0383) x 7 0xffffffce mem 0x80020915
core   0: 0x8000baf6 (0x9f7e9783) lh      a5, -1545(t4)
core   0: 3 0x8000baf6 (0x9f7e9783) x15 0x00004445 mem 0x8001a58e
core   0: 0x8000bafa (0x33be9203) lh      tp, 827(t4)
core   0: 3 0x8000bafa (0x33be9203) x 4 0xffff8889 mem 0x8001aed2
core   0: 0x8000bafe (0xf7fa0f23) sb      t6, -130(s4)
core   0: 3 0x8000bafe (0xf7fa0f23) mem 0x800207b5 0xe
core   0: 0x8000bb02 (0x4d0ec483) lbu     s1, 1232(t4)
core   0: 3 0x8000bb02 (0x4d0ec483) x 9 0x0000001c mem 0x8001b067
core   0: 0x8000bb06 (0xfbda0a23) sb      t4, -76(s4)
core   0: 3 0x8000bb06 (0xfbda0a23) mem 0x800207eb 0x97
core   0: 0x8000bb0a (0x09ba5503) lhu     a0, 155(s4)
core   0: 3 0x8000bb0a (0x09ba5503) x10 0x00008889 mem 0x800208d2
core   0: 0x8000bb0e (0x45becb03) lbu     s6, 1115(t4)
core   0: 3 0x8000bb0e (0x45becb03) x22 0x000000a9 mem 0x8001aff2
core   0: 0x8000bb12 (0x0000d197) auipc   gp, 0xd
core   0: 3 0x8000bb12 (0x0000d197) x 3 0x80018b12
core   0: 0x8000bb16 (0x67718193) addi    gp, gp, 1655
core   0: 3 0x8000bb16 (0x67718193) x 3 0x80019189
core   0: 0x8000bb1a (0x03bdbeb3) mulhu   t4, s11, s11
core   0: 3 0x8000bb1a (0x03bdbeb3) x29 0xffffff3c
core   0: 0x8000bb1e (0xffd18d23) sb      t4, -6(gp)
core   0: 3 0x8000bb1e (0xffd18d23) mem 0x80019183 0x3c
core   0: 0x8000bb22 (0x016da433) slt     s0, s11, s6
core   0: 3 0x8000bb22 (0x016da433) x 8 0x00000001
core   0: 0x8000bb26 (0x00818283) lb      t0, 8(gp)
core   0: 3 0x8000bb26 (0x00818283) x 5 0x0000004a mem 0x80019191
core   0: 0x8000bb2a (0x00a74db3) xor     s11, a4, a0
core   0: 3 0x8000bb2a (0x00a74db3) x27 0xffff7707
core   0: 0x8000bb2e (0x00218483) lb      s1, 2(gp)
core   0: 3 0x8000bb2e (0x00218483) x 9 0x00000040 mem 0x8001918b
core   0: 0x8000bb32 (0xff7188a3) sb      s7, -15(gp)
core   0: 3 0x8000bb32 (0xff7188a3) mem 0x8001917a 0x9d
core   0: 0x8000bb36 (0x0061cf83) lbu     t6, 6(gp)
core   0: 3 0x8000bb36 (0x0061cf83) x31 0x00000044 mem 0x8001918f
core   0: 0x8000bb3a (0x00a1cd03) lbu     s10, 10(gp)
core   0: 3 0x8000bb3a (0x00a1cd03) x26 0x00000048 mem 0x80019193
core   0: 0x8000bb3e (0xff91da03) lhu     s4, -7(gp)
core   0: 3 0x8000bb3e (0xff91da03) x20 0x00003c39 mem 0x80019182
core   0: 0x8000bb42 (0x0061cd83) lbu     s11, 6(gp)
core   0: 3 0x8000bb42 (0x0061cd83) x27 0x00000044 mem 0x8001918f
core   0: 0x8000bb46 (0xff41c383) lbu     t2, -12(gp)
core   0: 3 0x8000bb46 (0xff41c383) x 7 0x00000036 mem 0x8001917d
core   0: 0x8000bb4a (0x00e1ce03) lbu     t3, 14(gp)
core   0: 3 0x8000bb4a (0x00e1ce03) x28 0x0000004c mem 0x80019197
core   0: 0x8000bb4e (0x03505a33) divu    s4, zero, s5
core   0: 3 0x8000bb4e (0x03505a33) x20 0x00000000
core   0: 0x8000bb52 (0x0011de03) lhu     t3, 1(gp)
core   0: 3 0x8000bb52 (0x0011de03) x28 0x00004041 mem 0x8001918a
core   0: 0x8000bb56 (0x0000100f) fence.i
core   0: 3 0x8000bb56 (0x0000100f)
core   0: 0x8000bb5a (0x01518123) sb      s5, 2(gp)
core   0: 3 0x8000bb5a (0x01518123) mem 0x8001918b 0xe4
core   0: 0x8000bb5e (0xfea19ba3) sh      a0, -9(gp)
core   0: 3 0x8000bb5e (0xfea19ba3) mem 0x80019180 0x8889
core   0: 0x8000bb62 (0x017185a3) sb      s7, 11(gp)
core   0: 3 0x8000bb62 (0x017185a3) mem 0x80019194 0x9d
core   0: 0x8000bb66 (0x0051d783) lhu     a5, 5(gp)
core   0: 3 0x8000bb66 (0x0051d783) x15 0x00004445 mem 0x8001918e
core   0: 0x8000bb6a (0x00008d65) c.and   a0, s1
core   0: 3 0x8000bb6a (0x8d65) x10 0x00000000
core   0: 0x8000bb6c (0x01818823) sb      s8, 16(gp)
core   0: 3 0x8000bb6c (0x01818823) mem 0x80019199 0xe3
core   0: 0x8000bb70 (0x039bfa33) remu    s4, s7, s9
core   0: 3 0x8000bb70 (0x039bfa33) x20 0x7ffe6ddf
core   0: 0x8000bb74 (0xff71a103) lw      sp, -9(gp)
core   0: 3 0x8000bb74 (0xff71a103) x 2 0x3c398889 mem 0x80019180
core   0: 0x8000bb78 (0x00000001) c.nop
core   0: 3 0x8000bb78 (0x0001)
core   0: 0x8000bb7a (0x00d186a3) sb      a3, 13(gp)
core   0: 3 0x8000bb7a (0x00d186a3) mem 0x80019196 0x38
core   0: 0x8000bb7e (0x00218603) lb      a2, 2(gp)
core   0: 3 0x8000bb7e (0x00218603) x12 0xffffffe4 mem 0x8001918b
core   0: 0x8000bb82 (0x00218823) sb      sp, 16(gp)
core   0: 3 0x8000bb82 (0x00218823) mem 0x80019199 0x89
core   0: 0x8000bb86 (0x00f1d583) lhu     a1, 15(gp)
core   0: 3 0x8000bb86 (0x00f1d583) x11 0x00008953 mem 0x80019198
core   0: 0x8000bb8a (0xb94e2793) slti    a5, t3, -1132
core   0: 3 0x8000bb8a (0xb94e2793) x15 0x00000000
core   0: 0x8000bb8e (0x00008f85) c.sub   a5, s1
core   0: 3 0x8000bb8e (0x8f85) x15 0xffffffc0
core   0: 0x8000bb90 (0x00518283) lb      t0, 5(gp)
core   0: 3 0x8000bb90 (0x00518283) x 5 0x00000045 mem 0x8001918e
core   0: 0x8000bb94 (0xff600e93) li      t4, -10
core   0: 3 0x8000bb94 (0xff600e93) x29 0xfffffff6
core   0: 0x8000bb98 (0x00008f01) c.sub   a4, s0
core   0: 3 0x8000bb98 (0x8f01) x14 0xffffff8d
core   0: 0x8000bb9a (0x00800293) li      t0, 8
core   0: 3 0x8000bb9a (0x00800293) x 5 0x00000008
core   0: 0x8000bb9e (0x02e204b3) mul     s1, tp, a4
core   0: 3 0x8000bb9e (0x02e204b3) x 9 0x0035aa75
core   0: 0x8000bba2 (0x028e7233) remu    tp, t3, s0
core   0: 3 0x8000bba2 (0x028e7233) x 4 0x00000000
core   0: 0x8000bba6 (0x00000e99) c.addi  t4, 6
core   0: 3 0x8000bba6 (0x0e99) x29 0xfffffffc
core   0: 0x8000bba8 (0x00008b3a) c.mv    s6, a4
core   0: 3 0x8000bba8 (0x8b3a) x22 0xffffff8d
core   0: 0x8000bbaa (0x00900113) li      sp, 9
core   0: 3 0x8000bbaa (0x00900113) x 2 0x00000009
core   0: 0x8000bbae (0x00900c93) li      s9, 9
core   0: 3 0x8000bbae (0x00900c93) x25 0x00000009
core   0: 0x8000bbb2 (0x00173333) sltu    t1, a4, ra
core   0: 3 0x8000bbb2 (0x00173333) x 6 0x00000000
core   0: 0x8000bbb6 (0x0000862d) c.srai  a2, 11
core   0: 3 0x8000bbb6 (0x862d) x12 0xffffffff
core   0: 0x8000bbb8 (0x46007313) andi    t1, zero, 1120
core   0: 3 0x8000bbb8 (0x46007313) x 6 0x00000000
core   0: 0x8000bbbc (0x00008832) c.mv    a6, a2
core   0: 3 0x8000bbbc (0x8832) x16 0xffffffff
core   0: 0x8000bbbe (0x41b60a33) sub     s4, a2, s11
core   0: 3 0x8000bbbe (0x41b60a33) x20 0xffffffbb
core   0: 0x8000bbc2 (0x00008ff1) c.and   a5, a2
core   0: 3 0x8000bbc2 (0x8ff1) x15 0xffffffc0
core   0: 0x8000bbc4 (0x0000116d) c.addi  sp, -5
core   0: 3 0x8000bbc4 (0x116d) x 2 0x00000004
core   0: 0x8000bbc6 (0x000084dd) c.srai  s1, 23
core   0: 3 0x8000bbc6 (0x84dd) x 9 0x00000000
core   0: 0x8000bbc8 (0xff917de3) bgeu    sp, s9, pc - 6
core   0: 3 0x8000bbc8 (0xff917de3)
core   0: 0x8000bbcc (0x00282333) slt     t1, a6, sp
core   0: 3 0x8000bbcc (0x00282333) x 6 0x00000001
core   0: 0x8000bbd0 (0x000005c6) c.slli  a1, 17
core   0: 3 0x8000bbd0 (0x05c6) x11 0x12a60000
core   0: 0x8000bbd2 (0xfc5e98e3) bne     t4, t0, pc - 48
core   0: 3 0x8000bbd2 (0xfc5e98e3)
core   0: 0x8000bba2 (0x028e7233) remu    tp, t3, s0
core   0: 3 0x8000bba2 (0x028e7233) x 4 0x00000000
core   0: 0x8000bba6 (0x00000e99) c.addi  t4, 6
core   0: 3 0x8000bba6 (0x0e99) x29 0x00000002
core   0: 0x8000bba8 (0x00008b3a) c.mv    s6, a4
core   0: 3 0x8000bba8 (0x8b3a) x22 0xffffff8d
core   0: 0x8000bbaa (0x00900113) li      sp, 9
core   0: 3 0x8000bbaa (0x00900113) x 2 0x00000009
core   0: 0x8000bbae (0x00900c93) li      s9, 9
core   0: 3 0x8000bbae (0x00900c93) x25 0x00000009
core   0: 0x8000bbb2 (0x00173333) sltu    t1, a4, ra
core   0: 3 0x8000bbb2 (0x00173333) x 6 0x00000000
core   0: 0x8000bbb6 (0x0000862d) c.srai  a2, 11
core   0: 3 0x8000bbb6 (0x862d) x12 0xffffffff
core   0: 0x8000bbb8 (0x46007313) andi    t1, zero, 1120
core   0: 3 0x8000bbb8 (0x46007313) x 6 0x00000000
core   0: 0x8000bbbc (0x00008832) c.mv    a6, a2
core   0: 3 0x8000bbbc (0x8832) x16 0xffffffff
core   0: 0x8000bbbe (0x41b60a33) sub     s4, a2, s11
core   0: 3 0x8000bbbe (0x41b60a33) x20 0xffffffbb
core   0: 0x8000bbc2 (0x00008ff1) c.and   a5, a2
core   0: 3 0x8000bbc2 (0x8ff1) x15 0xffffffc0
core   0: 0x8000bbc4 (0x0000116d) c.addi  sp, -5
core   0: 3 0x8000bbc4 (0x116d) x 2 0x00000004
core   0: 0x8000bbc6 (0x000084dd) c.srai  s1, 23
core   0: 3 0x8000bbc6 (0x84dd) x 9 0x00000000
core   0: 0x8000bbc8 (0xff917de3) bgeu    sp, s9, pc - 6
core   0: 3 0x8000bbc8 (0xff917de3)
core   0: 0x8000bbcc (0x00282333) slt     t1, a6, sp
core   0: 3 0x8000bbcc (0x00282333) x 6 0x00000001
core   0: 0x8000bbd0 (0x000005c6) c.slli  a1, 17
core   0: 3 0x8000bbd0 (0x05c6) x11 0x00000000
core   0: 0x8000bbd2 (0xfc5e98e3) bne     t4, t0, pc - 48
core   0: 3 0x8000bbd2 (0xfc5e98e3)
core   0: 0x8000bba2 (0x028e7233) remu    tp, t3, s0
core   0: 3 0x8000bba2 (0x028e7233) x 4 0x00000000
core   0: 0x8000bba6 (0x00000e99) c.addi  t4, 6
core   0: 3 0x8000bba6 (0x0e99) x29 0x00000008
core   0: 0x8000bba8 (0x00008b3a) c.mv    s6, a4
core   0: 3 0x8000bba8 (0x8b3a) x22 0xffffff8d
core   0: 0x8000bbaa (0x00900113) li      sp, 9
core   0: 3 0x8000bbaa (0x00900113) x 2 0x00000009
core   0: 0x8000bbae (0x00900c93) li      s9, 9
core   0: 3 0x8000bbae (0x00900c93) x25 0x00000009
core   0: 0x8000bbb2 (0x00173333) sltu    t1, a4, ra
core   0: 3 0x8000bbb2 (0x00173333) x 6 0x00000000
core   0: 0x8000bbb6 (0x0000862d) c.srai  a2, 11
core   0: 3 0x8000bbb6 (0x862d) x12 0xffffffff
core   0: 0x8000bbb8 (0x46007313) andi    t1, zero, 1120
core   0: 3 0x8000bbb8 (0x46007313) x 6 0x00000000
core   0: 0x8000bbbc (0x00008832) c.mv    a6, a2
core   0: 3 0x8000bbbc (0x8832) x16 0xffffffff
core   0: 0x8000bbbe (0x41b60a33) sub     s4, a2, s11
core   0: 3 0x8000bbbe (0x41b60a33) x20 0xffffffbb
core   0: 0x8000bbc2 (0x00008ff1) c.and   a5, a2
core   0: 3 0x8000bbc2 (0x8ff1) x15 0xffffffc0
core   0: 0x8000bbc4 (0x0000116d) c.addi  sp, -5
core   0: 3 0x8000bbc4 (0x116d) x 2 0x00000004
core   0: 0x8000bbc6 (0x000084dd) c.srai  s1, 23
core   0: 3 0x8000bbc6 (0x84dd) x 9 0x00000000
core   0: 0x8000bbc8 (0xff917de3) bgeu    sp, s9, pc - 6
core   0: 3 0x8000bbc8 (0xff917de3)
core   0: 0x8000bbcc (0x00282333) slt     t1, a6, sp
core   0: 3 0x8000bbcc (0x00282333) x 6 0x00000001
core   0: 0x8000bbd0 (0x000005c6) c.slli  a1, 17
core   0: 3 0x8000bbd0 (0x05c6) x11 0x00000000
core   0: 0x8000bbd2 (0xfc5e98e3) bne     t4, t0, pc - 48
core   0: 3 0x8000bbd2 (0xfc5e98e3)
core   0: 0x8000bbd6 (0x0000100f) fence.i
core   0: 3 0x8000bbd6 (0x0000100f)
core   0: 0x8000bbda (0x00010b97) auipc   s7, 0x10
core   0: 3 0x8000bbda (0x00010b97) x23 0x8001bbda
core   0: 0x8000bbde (0xa8db8b93) addi    s7, s7, -1395
core   0: 3 0x8000bbde (0xa8db8b93) x23 0x8001b667
core   0: 0x8000bbe2 (0xfc3b9303) lh      t1, -61(s7)
core   0: 3 0x8000bbe2 (0xfc3b9303) x 6 0xffffe0e1 mem 0x8001b62a
core   0: 0x8000bbe6 (0x00006e17) auipc   t3, 0x6
core   0: 3 0x8000bbe6 (0x00006e17) x28 0x80011be6
core   0: 0x8000bbea (0x857e0e13) addi    t3, t3, -1961
core   0: 3 0x8000bbea (0x857e0e13) x28 0x8001143d
core   0: 0x8000bbee (0x11ae0523) sb      s10, 266(t3)
core   0: 3 0x8000bbee (0x11ae0523) mem 0x80011547 0x48
core   0: 0x8000bbf2 (0xf9fb9203) lh      tp, -97(s7)
core   0: 3 0x8000bbf2 (0xf9fb9203) x 4 0xffffbcbd mem 0x8001b606
core   0: 0x8000bbf6 (0xf37b9403) lh      s0, -201(s7)
core   0: 3 0x8000bbf6 (0xf37b9403) x 8 0x00005455 mem 0x8001b59e
core   0: 0x8000bbfa (0x73fe5183) lhu     gp, 1855(t3)
core   0: 3 0x8000bbfa (0x73fe5183) x 3 0x00003637 mem 0x80011b7c
core   0: 0x8000bbfe (0x0ade0e23) sb      a3, 188(t3)
core   0: 3 0x8000bbfe (0x0ade0e23) mem 0x800114f9 0x38
core   0: 0x8000bc02 (0x057b82a3) sb      s7, 69(s7)
core   0: 3 0x8000bc02 (0x057b82a3) mem 0x8001b6ac 0x67
core   0: 0x8000bc06 (0x07db8a23) sb      t4, 116(s7)
core   0: 3 0x8000bc06 (0x07db8a23) mem 0x8001b6db 0x8
core   0: 0x8000bc0a (0xd9fe1803) lh      a6, -609(t3)
core   0: 3 0x8000bc0a (0xd9fe1803) x16 0xffff9697 mem 0x800111dc
core   0: 0x8000bc0e (0xf52b8b03) lb      s6, -174(s7)
core   0: 3 0x8000bc0e (0xf52b8b03) x22 0x00000072 mem 0x8001b5b9
core   0: 0x8000bc12 (0x077b88a3) sb      s7, 113(s7)
core   0: 3 0x8000bc12 (0x077b88a3) mem 0x8001b6d8 0x67
core   0: 0x8000bc16 (0xf26bc703) lbu     a4, -218(s7)
core   0: 3 0x8000bc16 (0xf26bc703) x14 0x00000046 mem 0x8001b58d
core   0: 0x8000bc1a (0x429e5503) lhu     a0, 1065(t3)
core   0: 3 0x8000bc1a (0x429e5503) x10 0x00001c1d mem 0x80011866
core   0: 0x8000bc1e (0x639e0d03) lb      s10, 1593(t3)
core   0: 3 0x8000bc1e (0x639e0d03) x26 0x0000002d mem 0x80011a76
core   0: 0x8000bc22 (0x655e0903) lb      s2, 1621(t3)
core   0: 3 0x8000bc22 (0x655e0903) x18 0x00000049 mem 0x80011a92
core   0: 0x8000bc26 (0xf70bc583) lbu     a1, -144(s7)
core   0: 3 0x8000bc26 (0xf70bc583) x11 0x0000008c mem 0x8001b5d7
core   0: 0x8000bc2a (0xf77e5703) lhu     a4, -137(t3)
core   0: 3 0x8000bc2a (0xf77e5703) x14 0x00006e6f mem 0x800113b4
core   0: 0x8000bc2e (0x00e000ef) jal     pc + 0xe
core   0: 3 0x8000bc2e (0x00e000ef) x 1 0x8000bc32
core   0: 0x8000bc3c (0x0000a019) c.j     pc + 6
core   0: 3 0x8000bc3c (0xa019)
core   0: 0x8000bc42 (0x00c00eef) jal     t4, pc + 0xc
core   0: 3 0x8000bc42 (0x00c00eef) x29 0x8000bc46
core   0: 0x8000bc4e (0x0000a009) c.j     pc + 2
core   0: 3 0x8000bc4e (0xa009)
core   0: 0x8000bc50 (0x0000b7dd) c.j     pc - 26
core   0: 3 0x8000bc50 (0xb7dd)
core   0: 0x8000bc36 (0x00002029) c.jal   pc + 10
core   0: 3 0x8000bc36 (0x2029) x 1 0x8000bc38
core   0: 0x8000bc40 (0x0000a809) c.j     pc + 18
core   0: 3 0x8000bc40 (0xa809)
core   0: 0x8000bc52 (0x00003fe5) c.jal   pc - 8
core   0: 3 0x8000bc52 (0x3fe5) x 1 0x8000bc54
core   0: 0x8000bc4a (0xfe9ff7ef) jal     a5, pc - 0x18
core   0: 3 0x8000bc4a (0xfe9ff7ef) x15 0x8000bc4e
core   0: 0x8000bc32 (0x00600e6f) jal     t3, pc + 0x6
core   0: 3 0x8000bc32 (0x00600e6f) x28 0x8000bc36
core   0: 0x8000bc38 (0x0100036f) jal     t1, pc + 0x10
core   0: 3 0x8000bc38 (0x0100036f) x 6 0x8000bc3c
core   0: 0x8000bc48 (0x00003ffd) c.jal   pc - 2
core   0: 3 0x8000bc48 (0x3ffd) x 1 0x8000bc4a
core   0: 0x8000bc46 (0x0000bfe5) c.j     pc - 8
core   0: 3 0x8000bc46 (0xbfe5)
core   0: 0x8000bc3e (0x0000a819) c.j     pc + 22
core   0: 3 0x8000bc3e (0xa819)
core   0: 0x8000bc54 (0x00008b7d) c.andi  a4, 31
core   0: 3 0x8000bc54 (0x8b7d) x14 0x0000000f
core   0: 0x8000bc56 (0x00006317) auipc   t1, 0x6
core   0: 3 0x8000bc56 (0x00006317) x 6 0x80011c56
core   0: 0x8000bc5a (0xdcb30313) addi    t1, t1, -565
core   0: 3 0x8000bc5a (0xdcb30313) x 6 0x80011a21
core   0: 0x8000bc5e (0x1ac30e03) lb      t3, 428(t1)
core   0: 3 0x8000bc5e (0x1ac30e03) x28 0xffffff86 mem 0x80011bcd
core   0: 0x8000bc62 (0x1ac34283) lbu     t0, 428(t1)
core   0: 3 0x8000bc62 (0x1ac34283) x 5 0x00000086 mem 0x80011bcd
core   0: 0x8000bc66 (0x95f30503) lb      a0, -1697(t1)
core   0: 3 0x8000bc66 (0x95f30503) x10 0x0000003b mem 0x80011380
core   0: 0x8000bc6a (0x95031fa3) sh      a6, -1697(t1)
core   0: 3 0x8000bc6a (0x95031fa3) mem 0x80011380 0x9697
core   0: 0x8000bc6e (0x76aab213) sltiu   tp, s5, 1898
core   0: 3 0x8000bc6e (0x76aab213) x 4 0x00000000
core   0: 0x8000bc72 (0x95f30103) lb      sp, -1697(t1)
core   0: 3 0x8000bc72 (0x95f30103) x 2 0xffffff97 mem 0x80011380
core   0: 0x8000bc76 (0x5a334b03) lbu     s6, 1443(t1)
core   0: 3 0x8000bc76 (0x5a334b03) x22 0x0000007f mem 0x80011fc4
core   0: 0x8000bc7a (0x3e135083) lhu     ra, 993(t1)
core   0: 3 0x8000bc7a (0x3e135083) x 1 0x0000b8b9 mem 0x80011e02
core   0: 0x8000bc7e (0x01034103) lbu     sp, 16(t1)
core   0: 3 0x8000bc7e (0x01034103) x 2 0x000000ea mem 0x80011a31
core   0: 0x8000bc82 (0x85b34603) lbu     a2, -1957(t1)
core   0: 3 0x8000bc82 (0x85b34603) x12 0x00000037 mem 0x8001127c
core   0: 0x8000bc86 (0x02747533) remu    a0, s0, t2
core   0: 3 0x8000bc86 (0x02747533) x10 0x0000002b
core   0: 0x8000bc8a (0x86030023) sb      zero, -1952(t1)
core   0: 3 0x8000bc8a (0x86030023) mem 0x80011281 0x0
core   0: 0x8000bc8e (0xf5c30d83) lb      s11, -164(t1)
core   0: 3 0x8000bc8e (0xf5c30d83) x27 0x00000036 mem 0x8001197d
core   0: 0x8000bc92 (0x0000a317) auipc   t1, 0xa
core   0: 3 0x8000bc92 (0x0000a317) x 6 0x80015c92
core   0: 0x8000bc96 (0xa3a30313) addi    t1, t1, -1478
core   0: 3 0x8000bc96 (0xa3a30313) x 6 0x800156cc
core   0: 0x8000bc9a (0x00006f17) auipc   t5, 0x6
core   0: 3 0x8000bc9a (0x00006f17) x30 0x80011c9a
core   0: 0x8000bc9e (0xab9f0f13) addi    t5, t5, -1351
core   0: 3 0x8000bc9e (0xab9f0f13) x30 0x80011753
core   0: 0x8000bca2 (0xf2c32803) lw      a6, -212(t1)
core   0: 3 0x8000bca2 (0xf2c32803) x16 0xb0b1b2b3 mem 0x800155f8
core   0: 0x8000bca6 (0x02d34183) lbu     gp, 45(t1)
core   0: 3 0x8000bca6 (0x02d34183) x 3 0x000000b2 mem 0x800156f9
core   0: 0x8000bcaa (0x55cf10a3) sh      t3, 1345(t5)
core   0: 3 0x8000bcaa (0x55cf10a3) mem 0x80011c94 0xff86
core   0: 0x8000bcae (0x06e30123) sb      a4, 98(t1)
core   0: 3 0x8000bcae (0x06e30123) mem 0x8001572e 0xf
core   0: 0x8000bcb2 (0x671f0d03) lb      s10, 1649(t5)
core   0: 3 0x8000bcb2 (0x671f0d03) x26 0x0000007f mem 0x80011dc4
core   0: 0x8000bcb6 (0xf3134583) lbu     a1, -207(t1)
core   0: 3 0x8000bcb6 (0xf3134583) x11 0x000000b6 mem 0x800155fd
core   0: 0x8000bcba (0xc8af4603) lbu     a2, -886(t5)
core   0: 3 0x8000bcba (0xc8af4603) x12 0x00000096 mem 0x800113dd
core   0: 0x8000bcbe (0xcc4f4283) lbu     t0, -828(t5)
core   0: 3 0x8000bcbe (0xcc4f4283) x 5 0x000000cc mem 0x80011417
core   0: 0x8000bcc2 (0x03835483) lhu     s1, 56(t1)
core   0: 3 0x8000bcc2 (0x03835483) x 9 0x0000bebf mem 0x80015704
core   0: 0x8000bcc6 (0x0e731323) sh      t2, 230(t1)
core   0: 3 0x8000bcc6 (0x0e731323) mem 0x800157b2 0x0036
core   0: 0x8000bcca (0xbf8f0d03) lb      s10, -1032(t5)
core   0: 3 0x8000bcca (0xbf8f0d03) x26 0x00000000 mem 0x8001134b
core   0: 0x8000bcce (0x02a34383) lbu     t2, 42(t1)
core   0: 3 0x8000bcce (0x02a34383) x 7 0x000000ad mem 0x800156f6
core   0: 0x8000bcd2 (0x00700113) li      sp, 7
core   0: 3 0x8000bcd2 (0x00700113) x 2 0x00000007
core   0: 0x8000bcd6 (0x00006ff9) c.lui   t6, 0x1e
core   0: 3 0x8000bcd6 (0x6ff9) x31 0x0001e000
core   0: 0x8000bcd8 (0x0243d9b3) divu    s3, t2, tp
core   0: 3 0x8000bcd8 (0x0243d9b3) x19 0xffffffff
core   0: 0x8000bcdc (0x01079293) slli    t0, a5, 16
core   0: 3 0x8000bcdc (0x01079293) x 5 0xbc4e0000
core   0: 0x8000bce0 (0x00008f25) c.xor   a4, s1
core   0: 3 0x8000bce0 (0x8f25) x14 0x0000beb0
core   0: 0x8000bce2 (0x00f00793) li      a5, 15
core   0: 3 0x8000bce2 (0x00f00793) x15 0x0000000f
core   0: 0x8000bce6 (0x00000001) c.nop
core   0: 3 0x8000bce6 (0x0001)
core   0: 0x8000bce8 (0x0000093a) c.slli  s2, 14
core   0: 3 0x8000bce8 (0x093a) x18 0x00124000
core   0: 0x8000bcea (0x0000098d) c.addi  s3, 3
core   0: 3 0x8000bcea (0x098d) x19 0x00000002
core   0: 0x8000bcec (0x02839db3) mulh    s11, t2, s0
core   0: 3 0x8000bcec (0x02839db3) x27 0x00000000
core   0: 0x8000bcf0 (0x034fa433) mulhsu  s0, t6, s4
core   0: 3 0x8000bcf0 (0x034fa433) x 8 0x0001dfff
core   0: 0x8000bcf4 (0x0000100f) fence.i
core   0: 3 0x8000bcf4 (0x0000100f)
core   0: 0x8000bcf8 (0x0327e933) rem     s2, a5, s2
core   0: 3 0x8000bcf8 (0x0327e933) x18 0x0000000f
core   0: 0x8000bcfc (0x41afdcb3) sra     s9, t6, s10
core   0: 3 0x8000bcfc (0x41afdcb3) x25 0x0001e000
core   0: 0x8000bd00 (0x00c85c13) srli    s8, a6, 12
core   0: 3 0x8000bd00 (0x00c85c13) x24 0x000b0b1b
core   0: 0x8000bd04 (0x0000100f) fence.i
core   0: 3 0x8000bd04 (0x0000100f)
core   0: 0x8000bd08 (0x0398b533) mulhu   a0, a7, s9
core   0: 3 0x8000bd08 (0x0398b533) x10 0x0000f004
core   0: 0x8000bd0c (0x0000843a) c.mv    s0, a4
core   0: 3 0x8000bd0c (0x843a) x 8 0x0000beb0
core   0: 0x8000bd0e (0x7cee2eb7) lui     t4, 0x7cee2
core   0: 3 0x8000bd0e (0x7cee2eb7) x29 0x7cee2000
core   0: 0x8000bd12 (0x02673033) mulhu   zero, a4, t1
core   0: 3 0x8000bd12 (0x02673033)
core   0: 0x8000bd16 (0x00004f19) c.li    t5, 6
core   0: 3 0x8000bd16 (0x4f19) x30 0x00000006
core   0: 0x8000bd18 (0x00000121) c.addi  sp, 8
core   0: 3 0x8000bd18 (0x0121) x 2 0x0000000f
core   0: 0x8000bd1a (0x02c3d5b3) divu    a1, t2, a2
core   0: 3 0x8000bd1a (0x02c3d5b3) x11 0x00000001
core   0: 0x8000bd1e (0x019aa1b3) slt     gp, s5, s9
core   0: 3 0x8000bd1e (0x019aa1b3) x 3 0x00000001
core   0: 0x8000bd22 (0xfef16ae3) bltu    sp, a5, pc - 12
core   0: 3 0x8000bd22 (0xfef16ae3)
core   0: 0x8000bd26 (0x031383b3) mul     t2, t2, a7
core   0: 3 0x8000bd26 (0x031383b3) x 7 0x81a47670
core   0: 0x8000bd2a (0x00006197) auipc   gp, 0x6
core   0: 3 0x8000bd2a (0x00006197) x 3 0x80011d2a
core   0: 0x8000bd2e (0xee118193) addi    gp, gp, -287
core   0: 3 0x8000bd2e (0xee118193) x 3 0x80011c0b
core   0: 0x8000bd32 (0x7e85ea13) ori     s4, a1, 2024
core   0: 3 0x8000bd32 (0x7e85ea13) x20 0x000007e9
core   0: 0x8000bd36 (0x0145a033) slt     zero, a1, s4
core   0: 3 0x8000bd36 (0x0145a033)
core   0: 0x8000bd3a (0x0000021e) c.slli  tp, 7
core   0: 3 0x8000bd3a (0x021e) x 4 0x00000000
core   0: 0x8000bd3c (0x000099fd) c.andi  a1, -1
core   0: 3 0x8000bd3c (0x99fd) x11 0x00000001
core   0: 0x8000bd3e (0xcfa23713) sltiu   a4, tp, -774
core   0: 3 0x8000bd3e (0xcfa23713) x14 0x00000001
core   0: 0x8000bd42 (0x00000555) c.addi  a0, 21
core   0: 3 0x8000bd42 (0x0555) x10 0x0000f019
core   0: 0x8000bd44 (0x02475233) divu    tp, a4, tp
core   0: 3 0x8000bd44 (0x02475233) x 4 0xffffffff
core   0: 0x8000bd48 (0x0205c5b3) div     a1, a1, zero
core   0: 3 0x8000bd48 (0x0205c5b3) x11 0xffffffff
core   0: 0x8000bd4c (0xff4189a3) sb      s4, -13(gp)
core   0: 3 0x8000bd4c (0xff4189a3) mem 0x80011bfe 0xe9
core   0: 0x8000bd50 (0x02218503) lb      a0, 34(gp)
core   0: 3 0x8000bd50 (0x02218503) x10 0xffffffe6 mem 0x80011c2d
core   0: 0x8000bd54 (0x00008d69) c.and   a0, a0
core   0: 3 0x8000bd54 (0x8d69) x10 0xffffffe6
core   0: 0x8000bd56 (0x00000001) c.nop
core   0: 3 0x8000bd56 (0x0001)
core   0: 0x8000bd58 (0x0281c203) lbu     tp, 40(gp)
core   0: 3 0x8000bd58 (0x0281c203) x 4 0x000000e8 mem 0x80011c33
core   0: 0x8000bd5c (0x0000973a) c.add   a4, a4
core   0: 3 0x8000bd5c (0x973a) x14 0x00000002
core   0: 0x8000bd5e (0x034595b3) mulh    a1, a1, s4
core   0: 3 0x8000bd5e (0x034595b3) x11 0xffffffff
core   0: 0x8000bd62 (0x024a0233) mul     tp, s4, tp
core   0: 3 0x8000bd62 (0x024a0233) x 4 0x00072b28
core   0: 0x8000bd66 (0x00059533) sll     a0, a1, zero
core   0: 3 0x8000bd66 (0x00059533) x10 0xffffffff
core   0: 0x8000bd6a (0x111355b7) lui     a1, 0x11135
core   0: 3 0x8000bd6a (0x111355b7) x11 0x11135000
core   0: 0x8000bd6e (0x40e70533) sub     a0, a4, a4
core   0: 3 0x8000bd6e (0x40e70533) x10 0x00000000
core   0: 0x8000bd72 (0x00008909) c.andi  a0, 2
core   0: 3 0x8000bd72 (0x8909) x10 0x00000000
core   0: 0x8000bd74 (0xfe418f23) sb      tp, -2(gp)
core   0: 3 0x8000bd74 (0xfe418f23) mem 0x80011c09 0x28
core   0: 0x8000bd78 (0x0aea4a13) xori    s4, s4, 174
core   0: 3 0x8000bd78 (0x0aea4a13) x20 0x00000747
core   0: 0x8000bd7c (0x02418023) sb      tp, 32(gp)
core   0: 3 0x8000bd7c (0x02418023) mem 0x80011c2b 0x28
core   0: 0x8000bd80 (0x0271c583) lbu     a1, 39(gp)
core   0: 3 0x8000bd80 (0x0271c583) x11 0x000000e9 mem 0x80011c32
core   0: 0x8000bd84 (0xfea18d23) sb      a0, -6(gp)
core   0: 3 0x8000bd84 (0xfea18d23) mem 0x80011c05 0x0
core   0: 0x8000bd88 (0x498b1a37) lui     s4, 0x498b1
core   0: 3 0x8000bd88 (0x498b1a37) x20 0x498b1000
core   0: 0x8000bd8c (0x03218583) lb      a1, 50(gp)
core   0: 3 0x8000bd8c (0x03218583) x11 0xfffffff6 mem 0x80011c3d
core   0: 0x8000bd90 (0x01018a03) lb      s4, 16(gp)
core   0: 3 0x8000bd90 (0x01018a03) x20 0xffffffd0 mem 0x80011c1b
core   0: 0x8000bd94 (0x00a595b3) sll     a1, a1, a0
core   0: 3 0x8000bd94 (0x00a595b3) x11 0xfffffff6
core   0: 0x8000bd98 (0x00000222) c.slli  tp, 8
core   0: 3 0x8000bd98 (0x0222) x 4 0x072b2800
core   0: 0x8000bd9a (0x00b5e033) or      zero, a1, a1
core   0: 3 0x8000bd9a (0x00b5e033)
core   0: 0x8000bd9e (0x00000536) c.slli  a0, 13
core   0: 3 0x8000bd9e (0x0536) x10 0x00000000
core   0: 0x8000bda0 (0x213595b7) lui     a1, 0x21359
core   0: 3 0x8000bda0 (0x213595b7) x11 0x21359000
core   0: 0x8000bda4 (0x01401033) sll     zero, zero, s4
core   0: 3 0x8000bda4 (0x01401033)
core   0: 0x8000bda8 (0xfc418e23) sb      tp, -36(gp)
core   0: 3 0x8000bda8 (0xfc418e23) mem 0x80011be7 0x0
core   0: 0x8000bdac (0xffd00413) li      s0, -3
core   0: 3 0x8000bdac (0xffd00413) x 8 0xfffffffd
core   0: 0x8000bdb0 (0x00000001) c.nop
core   0: 3 0x8000bdb0 (0x0001)
core   0: 0x8000bdb2 (0x033afa33) remu    s4, s5, s3
core   0: 3 0x8000bdb2 (0x033afa33) x20 0x00000000
core   0: 0x8000bdb6 (0x00339d93) slli    s11, t2, 3
core   0: 3 0x8000bdb6 (0x00339d93) x27 0x0d23b380
core   0: 0x8000bdba (0x000080b9) c.srli  s1, 14
core   0: 3 0x8000bdba (0x80b9) x 9 0x00000002
core   0: 0x8000bdbc (0x00e474b3) and     s1, s0, a4
core   0: 3 0x8000bdbc (0x00e474b3) x 9 0x00000000
core   0: 0x8000bdc0 (0xe169c313) xori    t1, s3, -490
core   0: 3 0x8000bdc0 (0xe169c313) x 6 0xfffffe14
core   0: 0x8000bdc4 (0x00000405) c.addi  s0, 1
core   0: 3 0x8000bdc4 (0x0405) x 8 0xfffffffe
core   0: 0x8000bdc6 (0x00008d35) c.xor   a0, a3
core   0: 3 0x8000bdc6 (0x8d35) x10 0xfc094c38
core   0: 0x8000bdc8 (0x0000fc65) c.bnez  s0, pc - 8
core   0: 3 0x8000bdc8 (0xfc65)
core   0: 0x8000bdc0 (0xe169c313) xori    t1, s3, -490
core   0: 3 0x8000bdc0 (0xe169c313) x 6 0xfffffe14
core   0: 0x8000bdc4 (0x00000405) c.addi  s0, 1
core   0: 3 0x8000bdc4 (0x0405) x 8 0xffffffff
core   0: 0x8000bdc6 (0x00008d35) c.xor   a0, a3
core   0: 3 0x8000bdc6 (0x8d35) x10 0x00000000
core   0: 0x8000bdc8 (0x0000fc65) c.bnez  s0, pc - 8
core   0: 3 0x8000bdc8 (0xfc65)
core   0: 0x8000bdc0 (0xe169c313) xori    t1, s3, -490
core   0: 3 0x8000bdc0 (0xe169c313) x 6 0xfffffe14
core   0: 0x8000bdc4 (0x00000405) c.addi  s0, 1
core   0: 3 0x8000bdc4 (0x0405) x 8 0x00000000
core   0: 0x8000bdc6 (0x00008d35) c.xor   a0, a3
core   0: 3 0x8000bdc6 (0x8d35) x10 0xfc094c38
core   0: 0x8000bdc8 (0x0000fc65) c.bnez  s0, pc - 8
core   0: 3 0x8000bdc8 (0xfc65)
core   0: 0x8000bdca (0x00008c95) c.sub   s1, a3
core   0: 3 0x8000bdca (0x8c95) x 9 0x03f6b3c8
core   0: 0x8000bdcc (0x0000c117) auipc   sp, 0xc
core   0: 3 0x8000bdcc (0x0000c117) x 2 0x80017dcc
core   0: 0x8000bdd0 (0x92610113) addi    sp, sp, -1754
core   0: 3 0x8000bdd0 (0x92610113) x 2 0x800176f2
core   0: 0x8000bdd4 (0x00c14803) lbu     a6, 12(sp)
core   0: 3 0x8000bdd4 (0x00c14803) x16 0x000000b5 mem 0x800176fe
core   0: 0x8000bdd8 (0xff314b03) lbu     s6, -13(sp)
core   0: 3 0x8000bdd8 (0xff314b03) x22 0x0000009e mem 0x800176e5
core   0: 0x8000bddc (0x00008d85) c.sub   a1, s1
core   0: 3 0x8000bddc (0x8d85) x11 0x1d3edc38
core   0: 0x8000bdde (0x00211283) lh      t0, 2(sp)
core   0: 3 0x8000bdde (0x00211283) x 5 0xffffaeaf mem 0x800176f4
core   0: 0x8000bde2 (0x41b15093) srai    ra, sp, 27
core   0: 3 0x8000bde2 (0x41b15093) x 1 0xfffffff0
core   0: 0x8000bde6 (0x00d10583) lb      a1, 13(sp)
core   0: 3 0x8000bde6 (0x00d10583) x11 0xffffffb4 mem 0x800176ff
core   0: 0x8000bdea (0xffb14803) lbu     a6, -5(sp)
core   0: 3 0x8000bdea (0xffb14803) x16 0x000000a6 mem 0x800176ed
core   0: 0x8000bdee (0x00009dda) c.add   s11, s6
core   0: 3 0x8000bdee (0x9dda) x27 0x0d23b41e
core   0: 0x8000bdf0 (0x000050fd) c.li    ra, -1
core   0: 3 0x8000bdf0 (0x50fd) x 1 0xffffffff
core   0: 0x8000bdf2 (0x000089fd) c.andi  a1, 31
core   0: 3 0x8000bdf2 (0x89fd) x11 0x00000014
core   0: 0x8000bdf4 (0xfe010aa3) sb      zero, -11(sp)
core   0: 3 0x8000bdf4 (0xfe010aa3) mem 0x800176e7 0x0
core   0: 0x8000bdf8 (0x00710023) sb      t2, 0(sp)
core   0: 3 0x8000bdf8 (0x00710023) mem 0x800176f2 0x70
core   0: 0x8000bdfc (0x03c0e533) rem     a0, ra, t3
core   0: 3 0x8000bdfc (0x03c0e533) x10 0xffffffff
core   0: 0x8000be00 (0xff211c03) lh      s8, -14(sp)
core   0: 3 0x8000be00 (0xff211c03) x24 0xffff9e9f mem 0x800176e4
core   0: 0x8000be04 (0x109b0093) addi    ra, s6, 265
core   0: 3 0x8000be04 (0x109b0093) x 1 0x000001a7
core   0: 0x8000be08 (0xff514c83) lbu     s9, -11(sp)
core   0: 3 0x8000be08 (0xff514c83) x25 0x00000000 mem 0x800176e7
core   0: 0x8000be0c (0x00b10703) lb      a4, 11(sp)
core   0: 3 0x8000be0c (0x00b10703) x14 0xffffffb6 mem 0x800176fd
core   0: 0x8000be10 (0xff114f83) lbu     t6, -15(sp)
core   0: 3 0x8000be10 (0xff114f83) x31 0x00000098 mem 0x800176e3
core   0: 0x8000be14 (0x02f427b3) mulhsu  a5, s0, a5
core   0: 3 0x8000be14 (0x02f427b3) x15 0x00000000
core   0: 0x8000be18 (0x00d14e03) lbu     t3, 13(sp)
core   0: 3 0x8000be18 (0x00d14e03) x28 0x000000b4 mem 0x800176ff
core   0: 0x8000be1c (0x01cc1e93) slli    t4, s8, 28
core   0: 3 0x8000be1c (0x01cc1e93) x29 0xf0000000
core   0: 0x8000be20 (0xf228aa13) slti    s4, a7, -222
core   0: 3 0x8000be20 (0xf228aa13) x20 0x00000001
core   0: 0x8000be24 (0x0130c0b3) xor     ra, ra, s3
core   0: 3 0x8000be24 (0x0130c0b3) x 1 0x000001a5
core   0: 0x8000be28 (0x00c14083) lbu     ra, 12(sp)
core   0: 3 0x8000be28 (0x00c14083) x 1 0x000000b5 mem 0x800176fe
core   0: 0x8000be2c (0xff510383) lb      t2, -11(sp)
core   0: 3 0x8000be2c (0xff510383) x 7 0x00000000 mem 0x800176e7
core   0: 0x8000be30 (0x016a9813) slli    a6, s5, 22
core   0: 3 0x8000be30 (0x016a9813) x16 0x39000000
core   0: 0x8000be34 (0x0091f4b3) and     s1, gp, s1
core   0: 3 0x8000be34 (0x0091f4b3) x 9 0x00001008
core   0: 0x8000be38 (0xffe15983) lhu     s3, -2(sp)
core   0: 3 0x8000be38 (0xffe15983) x19 0x0000aaab mem 0x800176f0
core   0: 0x8000be3c (0xfec10e23) sb      a2, -4(sp)
core   0: 3 0x8000be3c (0xfec10e23) mem 0x800176ee 0x96
core   0: 0x8000be40 (0x8b83f717) auipc   a4, 0x8b83f
core   0: 3 0x8000be40 (0x8b83f717) x14 0x0b84ae40
core   0: 0x8000be44 (0xffa12f83) lw      t6, -6(sp)
core   0: 3 0x8000be44 (0xffa12f83) x31 0xa496a6a7 mem 0x800176ec
core   0: 0x8000be48 (0x417adc93) srai    s9, s5, 23
core   0: 3 0x8000be48 (0x417adc93) x25 0xffffff00
core   0: 0x8000be4c (0x00411523) sh      tp, 10(sp)
core   0: 3 0x8000be4c (0x00411523) mem 0x800176fc 0x2800
core   0: 0x8000be50 (0x01710123) sb      s7, 2(sp)
core   0: 3 0x8000be50 (0x01710123) mem 0x800176f4 0x67
core   0: 0x8000be54 (0x00714d83) lbu     s11, 7(sp)
core   0: 3 0x8000be54 (0x00714d83) x27 0x000000b2 mem 0x800176f9
core   0: 0x8000be58 (0x00f10283) lb      t0, 15(sp)
core   0: 3 0x8000be58 (0x00f10283) x 5 0xffffffba mem 0x80017701
core   0: 0x8000be5c (0xfd1eed93) ori     s11, t4, -47
core   0: 3 0x8000be5c (0xfd1eed93) x27 0xffffffd1
core   0: 0x8000be60 (0xfff109a3) sb      t6, -13(sp)
core   0: 3 0x8000be60 (0xfff109a3) mem 0x800176e5 0xa7
core   0: 0x8000be64 (0xff514d83) lbu     s11, -11(sp)
core   0: 3 0x8000be64 (0xff514d83) x27 0x00000000 mem 0x800176e7
core   0: 0x8000be68 (0x00006117) auipc   sp, 0x6
core   0: 3 0x8000be68 (0x00006117) x 2 0x80011e68
core   0: 0x8000be6c (0xfc510113) addi    sp, sp, -59
core   0: 3 0x8000be6c (0xfc510113) x 2 0x80011e2d
core   0: 0x8000be70 (0x0000100f) fence.i
core   0: 3 0x8000be70 (0x0000100f)
core   0: 0x8000be74 (0xfff12c83) lw      s9, -1(sp)
core   0: 3 0x8000be74 (0xfff12c83) x25 0xe4e5e6e7 mem 0x80011e2c
core   0: 0x8000be78 (0xfe811fa3) sh      s0, -1(sp)
core   0: 3 0x8000be78 (0xfe811fa3) mem 0x80011e2c 0x0000
core   0: 0x8000be7c (0xfff12b03) lw      s6, -1(sp)
core   0: 3 0x8000be7c (0xfff12b03) x22 0xe4e50000 mem 0x80011e2c
core   0: 0x8000be80 (0xfff15303) lhu     t1, -1(sp)
core   0: 3 0x8000be80 (0xfff15303) x 6 0x00000000 mem 0x80011e2c
core   0: 0x8000be84 (0xfea10923) sb      a0, -14(sp)
core   0: 3 0x8000be84 (0xfea10923) mem 0x80011e1f 0xff
core   0: 0x8000be88 (0xff210203) lb      tp, -14(sp)
core   0: 3 0x8000be88 (0xff210203) x 4 0xffffffff mem 0x80011e1f
core   0: 0x8000be8c (0x00c10023) sb      a2, 0(sp)
core   0: 3 0x8000be8c (0x00c10023) mem 0x80011e2d 0x96
core   0: 0x8000be90 (0x0279e5b3) rem     a1, s3, t2
core   0: 3 0x8000be90 (0x0279e5b3) x11 0x0000aaab
core   0: 0x8000be94 (0x00014b83) lbu     s7, 0(sp)
core   0: 3 0x8000be94 (0x00014b83) x23 0x00000096 mem 0x80011e2d
core   0: 0x8000be98 (0x004d5093) srli    ra, s10, 4
core   0: 3 0x8000be98 (0x004d5093) x 1 0x00000000
core   0: 0x8000be9c (0x00000001) c.nop
core   0: 3 0x8000be9c (0x0001)
core   0: 0x8000be9e (0x00010d03) lb      s10, 0(sp)
core   0: 3 0x8000be9e (0x00010d03) x26 0xffffff96 mem 0x80011e2d
core   0: 0x8000bea2 (0xff110a23) sb      a7, -12(sp)
core   0: 3 0x8000bea2 (0xff110a23) mem 0x80011e21 0x30
core   0: 0x8000bea6 (0xfe110a23) sb      ra, -12(sp)
core   0: 3 0x8000bea6 (0xfe110a23) mem 0x80011e21 0x0
core   0: 0x8000beaa (0x00005317) auipc   t1, 0x5
core   0: 3 0x8000beaa (0x00005317) x 6 0x80010eaa
core   0: 0x8000beae (0x40e30313) addi    t1, t1, 1038
core   0: 3 0x8000beae (0x40e30313) x 6 0x800112b8
core   0: 0x8000beb2 (0x01026cb3) or      s9, tp, a6
core   0: 3 0x8000beb2 (0x01026cb3) x25 0xffffffff
core   0: 0x8000beb6 (0xfe631a23) sh      t1, -12(t1)
core   0: 3 0x8000beb6 (0xfe631a23) mem 0x800112ac 0x12b8
core   0: 0x8000beba (0xff432603) lw      a2, -12(t1)
core   0: 3 0x8000beba (0xff432603) x12 0x646512b8 mem 0x800112ac
core   0: 0x8000bebe (0xff435b83) lhu     s7, -12(t1)
core   0: 3 0x8000bebe (0xff435b83) x23 0x000012b8 mem 0x800112ac
core   0: 0x8000bec2 (0x008305a3) sb      s0, 11(t1)
core   0: 3 0x8000bec2 (0x008305a3) mem 0x800112c3 0x0
core   0: 0x8000bec6 (0x016d1393) slli    t2, s10, 22
core   0: 3 0x8000bec6 (0x016d1393) x 7 0xe5800000
core   0: 0x8000beca (0x00008385) c.srli  a5, 1
core   0: 3 0x8000beca (0x8385) x15 0x00000000
core   0: 0x8000becc (0x00830423) sb      s0, 8(t1)
core   0: 3 0x8000becc (0x00830423) mem 0x800112c0 0x0
core   0: 0x8000bed0 (0x00004a79) c.li    s4, 30
core   0: 3 0x8000bed0 (0x4a79) x20 0x0000001e
core   0: 0x8000bed2 (0x00832083) lw      ra, 8(t1)
core   0: 3 0x8000bed2 (0x00832083) x 1 0x00797a00 mem 0x800112c0
core   0: 0x8000bed6 (0x00834b03) lbu     s6, 8(t1)
core   0: 3 0x8000bed6 (0x00834b03) x22 0x00000000 mem 0x800112c0
core   0: 0x8000beda (0xff430ba3) sb      s4, -9(t1)
core   0: 3 0x8000beda (0xff430ba3) mem 0x800112af 0x1e
core   0: 0x8000bede (0xfe430ba3) sb      tp, -9(t1)
core   0: 3 0x8000bede (0xfe430ba3) mem 0x800112af 0xff
core   0: 0x8000bee2 (0xffa31403) lh      s0, -6(t1)
core   0: 3 0x8000bee2 (0xffa31403) x 8 0x00006869 mem 0x800112b2
core   0: 0x8000bee6 (0x00600393) li      t2, 6
core   0: 3 0x8000bee6 (0x00600393) x 7 0x00000006
core   0: 0x8000beea (0x02045cb3) divu    s9, s0, zero
core   0: 3 0x8000beea (0x02045cb3) x25 0xffffffff
core   0: 0x8000beee (0x01000293) li      t0, 16
core   0: 3 0x8000beee (0x01000293) x 5 0x00000010
core   0: 0x8000bef2 (0x0000874a) c.mv    a4, s2
core   0: 3 0x8000bef2 (0x874a) x14 0x0000000f
core   0: 0x8000bef4 (0x00000395) c.addi  t2, 5
core   0: 3 0x8000bef4 (0x0395) x 7 0x0000000b
core   0: 0x8000bef6 (0x35c37e93) andi    t4, t1, 860
core   0: 3 0x8000bef6 (0x35c37e93) x29 0x00000218
core   0: 0x8000befa (0x000083d9) c.srli  a5, 22
core   0: 3 0x8000befa (0x83d9) x15 0x00000000
core   0: 0x8000befc (0x013fbc37) lui     s8, 0x13fb
core   0: 3 0x8000befc (0x013fbc37) x24 0x013fb000
core   0: 0x8000bf00 (0xfe53e9e3) bltu    t2, t0, pc - 14
core   0: 3 0x8000bf00 (0xfe53e9e3)
core   0: 0x8000bef2 (0x0000874a) c.mv    a4, s2
core   0: 3 0x8000bef2 (0x874a) x14 0x0000000f
core   0: 0x8000bef4 (0x00000395) c.addi  t2, 5
core   0: 3 0x8000bef4 (0x0395) x 7 0x00000010
core   0: 0x8000bef6 (0x35c37e93) andi    t4, t1, 860
core   0: 3 0x8000bef6 (0x35c37e93) x29 0x00000218
core   0: 0x8000befa (0x000083d9) c.srli  a5, 22
core   0: 3 0x8000befa (0x83d9) x15 0x00000000
core   0: 0x8000befc (0x013fbc37) lui     s8, 0x13fb
core   0: 3 0x8000befc (0x013fbc37) x24 0x013fb000
core   0: 0x8000bf00 (0xfe53e9e3) bltu    t2, t0, pc - 14
core   0: 3 0x8000bf00 (0xfe53e9e3)
core   0: 0x8000bf04 (0x00008e49) c.or    a2, a0
core   0: 3 0x8000bf04 (0x8e49) x12 0xffffffff
core   0: 0x8000bf06 (0x00011117) auipc   sp, 0x11
core   0: 3 0x8000bf06 (0x00011117) x 2 0x8001cf06
core   0: 0x8000bf0a (0x6f110113) addi    sp, sp, 1777
core   0: 3 0x8000bf0a (0x6f110113) x 2 0x8001d5f7
core   0: 0x8000bf0e (0xfdf10c23) sb      t6, -40(sp)
core   0: 3 0x8000bf0e (0xfdf10c23) mem 0x8001d5cf 0xa7
core   0: 0x8000bf12 (0x00d11e83) lh      t4, 13(sp)
core   0: 3 0x8000bf12 (0x00d11e83) x29 0xffffbebf mem 0x8001d604
core   0: 0x8000bf16 (0xfe910e23) sb      s1, -4(sp)
core   0: 3 0x8000bf16 (0xfe910e23) mem 0x8001d5f3 0x8
core   0: 0x8000bf1a (0x05010023) sb      a6, 64(sp)
core   0: 3 0x8000bf1a (0x05010023) mem 0x8001d637 0x0
core   0: 0x8000bf1e (0x781c8593) addi    a1, s9, 1921
core   0: 3 0x8000bf1e (0x781c8593) x11 0x00000780
core   0: 0x8000bf22 (0x58da2d17) auipc   s10, 0x58da2
core   0: 3 0x8000bf22 (0x58da2d17) x26 0xd8dadf22
core   0: 0x8000bf26 (0xc0946317) auipc   t1, 0xc0946
core   0: 3 0x8000bf26 (0xc0946317) x 6 0x40951f26
core   0: 0x8000bf2a (0x0094ceb3) xor     t4, s1, s1
core   0: 3 0x8000bf2a (0x0094ceb3) x29 0x00000000
core   0: 0x8000bf2e (0xbe453613) sltiu   a2, a0, -1052
core   0: 3 0x8000bf2e (0xbe453613) x12 0x00000000
core   0: 0x8000bf32 (0x00714503) lbu     a0, 7(sp)
core   0: 3 0x8000bf32 (0x00714503) x10 0x000000b5 mem 0x8001d5fe
core   0: 0x8000bf36 (0x019829b3) slt     s3, a6, s9
core   0: 3 0x8000bf36 (0x019829b3) x19 0x00000000
core   0: 0x8000bf3a (0xfc814283) lbu     t0, -56(sp)
core   0: 3 0x8000bf3a (0xfc814283) x 5 0x00000074 mem 0x8001d5bf
core   0: 0x8000bf3e (0xff214e83) lbu     t4, -14(sp)
core   0: 3 0x8000bf3e (0xff214e83) x29 0x000000a2 mem 0x8001d5e9
core   0: 0x8000bf42 (0xeccf0f93) addi    t6, t5, -308
core   0: 3 0x8000bf42 (0xeccf0f93) x31 0xfffffed2
core   0: 0x8000bf46 (0x03f10323) sb      t6, 38(sp)
core   0: 3 0x8000bf46 (0x03f10323) mem 0x8001d61d 0xd2
core   0: 0x8000bf4a (0x00000001) c.nop
core   0: 3 0x8000bf4a (0x0001)
core   0: 0x8000bf4c (0xfe7113a3) sh      t2, -25(sp)
core   0: 3 0x8000bf4c (0xfe7113a3) mem 0x8001d5de 0x0010
core   0: 0x8000bf50 (0x00014303) lbu     t1, 0(sp)
core   0: 3 0x8000bf50 (0x00014303) x 6 0x000000ac mem 0x8001d5f7
core   0: 0x8000bf54 (0x00c34833) xor     a6, t1, a2
core   0: 3 0x8000bf54 (0x00c34833) x16 0x000000ac
core   0: 0x8000bf58 (0x0000865e) c.mv    a2, s7
core   0: 3 0x8000bf58 (0x865e) x12 0x000012b8
core   0: 0x8000bf5a (0x03414083) lbu     ra, 52(sp)
core   0: 3 0x8000bf5a (0x03414083) x 1 0x000000e0 mem 0x8001d62b
core   0: 0x8000bf5e (0x03515503) lhu     a0, 53(sp)
core   0: 3 0x8000bf5e (0x03515503) x10 0x0000e6e7 mem 0x8001d62c
core   0: 0x8000bf62 (0x039fe033) rem     zero, t6, s9
core   0: 3 0x8000bf62 (0x039fe033)
core   0: 0x8000bf66 (0x00000001) c.nop
core   0: 3 0x8000bf66 (0x0001)
core   0: 0x8000bf68 (0xfd214283) lbu     t0, -46(sp)
core   0: 3 0x8000bf68 (0xfd214283) x 5 0x00000082 mem 0x8001d5c9
core   0: 0x8000bf6c (0xfdf119a3) sh      t6, -45(sp)
core   0: 3 0x8000bf6c (0xfdf119a3) mem 0x8001d5ca 0xfed2
core   0: 0x8000bf70 (0x447f8b93) addi    s7, t6, 1095
core   0: 3 0x8000bf70 (0x447f8b93) x23 0x00000319
core   0: 0x8000bf74 (0x00000001) c.nop
core   0: 3 0x8000bf74 (0x0001)
core   0: 0x8000bf76 (0x02514383) lbu     t2, 37(sp)
core   0: 3 0x8000bf76 (0x02514383) x 7 0x000000d7 mem 0x8001d61c
core   0: 0x8000bf7a (0xff314703) lbu     a4, -13(sp)
core   0: 3 0x8000bf7a (0xff314703) x14 0x000000a1 mem 0x8001d5ea
core   0: 0x8000bf7e (0x03315303) lhu     t1, 51(sp)
core   0: 3 0x8000bf7e (0x03315303) x 6 0x0000e0e1 mem 0x8001d62a
core   0: 0x8000bf82 (0x001f2a33) slt     s4, t5, ra
core   0: 3 0x8000bf82 (0x001f2a33) x20 0x00000001
core   0: 0x8000bf86 (0x40ba55b3) sra     a1, s4, a1
core   0: 3 0x8000bf86 (0x40ba55b3) x11 0x00000001
core   0: 0x8000bf8a (0x00682eb3) slt     t4, a6, t1
core   0: 3 0x8000bf8a (0x00682eb3) x29 0x00000001
core   0: 0x8000bf8e (0x000063e5) c.lui   t2, 0x19
core   0: 3 0x8000bf8e (0x63e5) x 7 0x00019000
core   0: 0x8000bf90 (0x000099fa) c.add   s3, t5
core   0: 3 0x8000bf90 (0x99fa) x19 0x00000006
core   0: 0x8000bf92 (0x000010fd) c.addi  ra, -1
core   0: 3 0x8000bf92 (0x10fd) x 1 0x000000df
core   0: 0x8000bf94 (0xfe810803) lb      a6, -24(sp)
core   0: 3 0x8000bf94 (0xfe810803) x16 0x00000000 mem 0x8001d5df
core   0: 0x8000bf98 (0x00008f31) c.xor   a4, a2
core   0: 3 0x8000bf98 (0x8f31) x14 0x00001219
core   0: 0x8000bf9a (0x03f15c83) lhu     s9, 63(sp)
core   0: 3 0x8000bf9a (0x03f15c83) x25 0x000000ed mem 0x8001d636
core   0: 0x8000bf9e (0x0288ff33) remu    t5, a7, s0
core   0: 3 0x8000bf9e (0x0288ff33) x30 0x000052f4
core   0: 0x8000bfa2 (0xfea10603) lb      a2, -22(sp)
core   0: 3 0x8000bfa2 (0xfea10603) x12 0xffffff9a mem 0x8001d5e1
core   0: 0x8000bfa6 (0xfcc107a3) sb      a2, -49(sp)
core   0: 3 0x8000bfa6 (0xfcc107a3) mem 0x8001d5c6 0x9a
core   0: 0x8000bfaa (0xfce122a3) sw      a4, -59(sp)
core   0: 3 0x8000bfaa (0xfce122a3) mem 0x8001d5bc 0x00001219
core   0: 0x8000bfae (0xff900993) li      s3, -7
core   0: 3 0x8000bfae (0xff900993) x19 0xfffffff9
core   0: 0x8000bfb2 (0x03a332b3) mulhu   t0, t1, s10
core   0: 3 0x8000bfb2 (0x03a332b3) x 5 0x0000be7e
core   0: 0x8000bfb6 (0x0b5bb217) auipc   tp, 0xb5bb
core   0: 3 0x8000bfb6 (0x0b5bb217) x 4 0x8b5c6fb6
core   0: 0x8000bfba (0x00001d1c) c.addi4spn a5, sp, 688
core   0: 3 0x8000bfba (0x1d1c) x15 0x8001d8a7
core   0: 0x8000bfbc (0x022563b3) rem     t2, a0, sp
core   0: 3 0x8000bfbc (0x022563b3) x 7 0x0000e6e7
core   0: 0x8000bfc0 (0x00009d9a) c.add   s11, t1
core   0: 3 0x8000bfc0 (0x9d9a) x27 0x0000e0e1
core   0: 0x8000bfc2 (0x00001908) c.addi4spn a0, sp, 176
core   0: 3 0x8000bfc2 (0x1908) x10 0x8001d6a7
core   0: 0x8000bfc4 (0x00200b93) li      s7, 2
core   0: 3 0x8000bfc4 (0x00200b93) x23 0x00000002
core   0: 0x8000bfc8 (0x03293733) mulhu   a4, s2, s2
core   0: 3 0x8000bfc8 (0x03293733) x14 0x00000000
core   0: 0x8000bfcc (0x01849d93) slli    s11, s1, 24
core   0: 3 0x8000bfcc (0x01849d93) x27 0x08000000
core   0: 0x8000bfd0 (0x00000985) c.addi  s3, 1
core   0: 3 0x8000bfd0 (0x0985) x19 0xfffffffa
core   0: 0x8000bfd2 (0x0339aeb3) mulhsu  t4, s3, s3
core   0: 3 0x8000bfd2 (0x0339aeb3) x29 0xfffffffa
core   0: 0x8000bfd6 (0x00e53233) sltu    tp, a0, a4
core   0: 3 0x8000bfd6 (0x00e53233) x 4 0x00000000
core   0: 0x8000bfda (0x9f7f8913) addi    s2, t6, -1545
core   0: 3 0x8000bfda (0x9f7f8913) x18 0xfffff8c9
core   0: 0x8000bfde (0x0000833d) c.srli  a4, 15
core   0: 3 0x8000bfde (0x833d) x14 0x00000000
core   0: 0x8000bfe0 (0x000050fd) c.li    ra, -1
core   0: 3 0x8000bfe0 (0x50fd) x 1 0xffffffff
core   0: 0x8000bfe2 (0x03070033) mul     zero, a4, a6
core   0: 3 0x8000bfe2 (0x03070033)
core   0: 0x8000bfe6 (0x00008fd9) c.or    a5, a4
core   0: 3 0x8000bfe6 (0x8fd9) x15 0x8001d8a7
core   0: 0x8000bfe8 (0x00001efd) c.addi  t4, -1
core   0: 3 0x8000bfe8 (0x1efd) x29 0xfffffff9
core   0: 0x8000bfea (0x01e25193) srli    gp, tp, 30
core   0: 3 0x8000bfea (0x01e25193) x 3 0x00000000
core   0: 0x8000bfee (0x00009166) c.add   sp, s9
core   0: 3 0x8000bfee (0x9166) x 2 0x8001d6e4
core   0: 0x8000bff0 (0x03ee71b3) remu    gp, t3, t5
core   0: 3 0x8000bff0 (0x03ee71b3) x 3 0x000000b4
core   0: 0x8000bff4 (0xfd798ae3) beq     s3, s7, pc - 44
core   0: 3 0x8000bff4 (0xfd798ae3)
core   0: 0x8000bff8 (0x03b6a1b3) mulhsu  gp, a3, s11
core   0: 3 0x8000bff8 (0x03b6a1b3) x 3 0xffe04a61
core   0: 0x8000bffc (0x00014497) auipc   s1, 0x14
core   0: 3 0x8000bffc (0x00014497) x 9 0x8001fffc
core   0: 0x8000c000 (0x59848493) addi    s1, s1, 1432
core   0: 3 0x8000c000 (0x59848493) x 9 0x80020594
core   0: 0x8000c004 (0x00011297) auipc   t0, 0x11
core   0: 3 0x8000c004 (0x00011297) x 5 0x8001d004
core   0: 0x8000c008 (0xf4e28293) addi    t0, t0, -178
core   0: 3 0x8000c008 (0xf4e28293) x 5 0x8001cf52
core   0: 0x8000c00c (0x00011f97) auipc   t6, 0x11
core   0: 3 0x8000c00c (0x00011f97) x31 0x8001d00c
core   0: 0x8000c010 (0x99df8f93) addi    t6, t6, -1635
core   0: 3 0x8000c010 (0x99df8f93) x31 0x8001c9a9
core   0: 0x8000c014 (0x00015e17) auipc   t3, 0x15
core   0: 3 0x8000c014 (0x00015e17) x28 0x80021014
core   0: 0x8000c018 (0x696e0e13) addi    t3, t3, 1686
core   0: 3 0x8000c018 (0x696e0e13) x28 0x800216aa
core   0: 0x8000c01c (0x9cdf8c83) lb      s9, -1587(t6)
core   0: 3 0x8000c01c (0x9cdf8c83) x25 0x0000002d mem 0x8001c376
core   0: 0x8000c020 (0xf08e0ea3) sb      s0, -227(t3)
core   0: 3 0x8000c020 (0xf08e0ea3) mem 0x800215c7 0x69
core   0: 0x8000c024 (0x03c2d703) lhu     a4, 60(t0)
core   0: 3 0x8000c024 (0x03c2d703) x14 0x00004445 mem 0x8001cf8e
core   0: 0x8000c028 (0x0b148003) lb      zero, 177(s1)
core   0: 3 0x8000c028 (0x0b148003) mem 0x80020645
core   0: 0x8000c02c (0x0a1fd183) lhu     gp, 161(t6)
core   0: 3 0x8000c02c (0x0a1fd183) x 3 0x00000001 mem 0x8001ca4a
core   0: 0x8000c030 (0x01ce1223) sh      t3, 4(t3)
core   0: 3 0x8000c030 (0x01ce1223) mem 0x800216ae 0x16aa
core   0: 0x8000c034 (0xf4fe4c83) lbu     s9, -177(t3)
core   0: 3 0x8000c034 (0xf4fe4c83) x25 0x000000b2 mem 0x800215f9
core   0: 0x8000c038 (0x699fc603) lbu     a2, 1689(t6)
core   0: 3 0x8000c038 (0x699fc603) x12 0x000000f9 mem 0x8001d042
core   0: 0x8000c03c (0x0162dc03) lhu     s8, 22(t0)
core   0: 3 0x8000c03c (0x0162dc03) x24 0x00002223 mem 0x8001cf68
core   0: 0x8000c040 (0xfdee5703) lhu     a4, -34(t3)
core   0: 3 0x8000c040 (0xfdee5703) x14 0x00004243 mem 0x80021688
core   0: 0x8000c044 (0x0f84c803) lbu     a6, 248(s1)
core   0: 3 0x8000c044 (0x0f84c803) x16 0x00000047 mem 0x8002068c
core   0: 0x8000c048 (0x0362aa03) lw      s4, 54(t0)
core   0: 3 0x8000c048 (0x0362aa03) x20 0x40414243 mem 0x8001cf88
core   0: 0x8000c04c (0xfed28603) lb      a2, -19(t0)
core   0: 3 0x8000c04c (0xfed28603) x12 0xfffffff4 mem 0x8001cf3f
core   0: 0x8000c050 (0xfc128ba3) sb      ra, -41(t0)
core   0: 3 0x8000c050 (0xfc128ba3) mem 0x8001cf29 0xff
core   0: 0x8000c054 (0xe42fcd83) lbu     s11, -446(t6)
core   0: 3 0x8000c054 (0xe42fcd83) x27 0x000000a0 mem 0x8001c7eb
core   0: 0x8000c058 (0x2e7f9403) lh      s0, 743(t6)
core   0: 3 0x8000c058 (0x2e7f9403) x 8 0x00004a4b mem 0x8001cc90
core   0: 0x8000c05c (0x03a49e83) lh      t4, 58(s1)
core   0: 3 0x8000c05c (0x03a49e83) x29 0xffff8485 mem 0x800205ce
core   0: 0x8000c060 (0xfe0e4303) lbu     t1, -32(t3)
core   0: 3 0x8000c060 (0xfe0e4303) x 6 0x00000041 mem 0x8002168a
core   0: 0x8000c064 (0x1cff8ca3) sb      a5, 473(t6)
core   0: 3 0x8000c064 (0x1cff8ca3) mem 0x8001cb82 0xa7
core   0: 0x8000c068 (0xf20e1703) lh      a4, -224(t3)
core   0: 3 0x8000c068 (0xf20e1703) x14 0xffff8081 mem 0x800215ca
core   0: 0x8000c06c (0xf4e4ae23) sw      a4, -164(s1)
core   0: 3 0x8000c06c (0xf4e4ae23) mem 0x800204f0 0xffff8081
core   0: 0x8000c070 (0x0a349d23) sh      gp, 186(s1)
core   0: 3 0x8000c070 (0x0a349d23) mem 0x8002064e 0x0001
core   0: 0x8000c074 (0x01b2c803) lbu     a6, 27(t0)
core   0: 3 0x8000c074 (0x01b2c803) x16 0x00000026 mem 0x8001cf6d
core   0: 0x8000c078 (0x1c5f8b03) lb      s6, 453(t6)
core   0: 3 0x8000c078 (0x1c5f8b03) x22 0x00000025 mem 0x8001cb6e
core   0: 0x8000c07c (0x87efc803) lbu     a6, -1922(t6)
core   0: 3 0x8000c07c (0x87efc803) x16 0x000000dc mem 0x8001c227
core   0: 0x8000c080 (0x0c5e4403) lbu     s0, 197(t3)
core   0: 3 0x8000c080 (0x0c5e4403) x 8 0x00000024 mem 0x8002176f
core   0: 0x8000c084 (0xfd32c983) lbu     s3, -45(t0)
core   0: 3 0x8000c084 (0xfd32c983) x19 0x000000de mem 0x8001cf25
core   0: 0x8000c088 (0x72bfac03) lw      s8, 1835(t6)
core   0: 3 0x8000c088 (0x72bfac03) x24 0x8c8d8e8f mem 0x8001d0d4
core   0: 0x8000c08c (0x02b28623) sb      a1, 44(t0)
core   0: 3 0x8000c08c (0x02b28623) mem 0x8001cf7e 0x1
core   0: 0x8000c090 (0x03b28ea3) sb      s11, 61(t0)
core   0: 3 0x8000c090 (0x03b28ea3) mem 0x8001cf8f 0xa0
core   0: 0x8000c094 (0xbdff8383) lb      t2, -1057(t6)
core   0: 3 0x8000c094 (0xbdff8383) x 7 0x00000043 mem 0x8001c588
core   0: 0x8000c098 (0x0b2e1783) lh      a5, 178(t3)
core   0: 3 0x8000c098 (0x0b2e1783) x15 0x00001617 mem 0x8002175c
core   0: 0x8000c09c (0x01e000ef) jal     pc + 0x1e
core   0: 3 0x8000c09c (0x01e000ef) x 1 0x8000c0a0
core   0: 0x8000c0ba (0x0000a00d) c.j     pc + 34
core   0: 3 0x8000c0ba (0xa00d)
core   0: 0x8000c0dc (0x00003ff1) c.jal   pc - 36
core   0: 3 0x8000c0dc (0x3ff1) x 1 0x8000c0de
core   0: 0x8000c0b8 (0x00002019) c.jal   pc + 6
core   0: 3 0x8000c0b8 (0x2019) x 1 0x8000c0ba
core   0: 0x8000c0be (0xff3ff2ef) jal     t0, pc - 0xe
core   0: 3 0x8000c0be (0xff3ff2ef) x 5 0x8000c0c2
core   0: 0x8000c0b0 (0x0000bfd5) c.j     pc - 12
core   0: 3 0x8000c0b0 (0xbfd5)
core   0: 0x8000c0a4 (0x00002009) c.jal   pc + 2
core   0: 3 0x8000c0a4 (0x2009) x 1 0x8000c0a6
core   0: 0x8000c0a6 (0x0000bfed) c.j     pc - 6
core   0: 3 0x8000c0a6 (0xbfed)
core   0: 0x8000c0a0 (0x0000a029) c.j     pc + 10
core   0: 3 0x8000c0a0 (0xa029)
core   0: 0x8000c0aa (0x00002011) c.jal   pc + 4
core   0: 3 0x8000c0aa (0x2011) x 1 0x8000c0ac
core   0: 0x8000c0ae (0x00002831) c.jal   pc + 28
core   0: 3 0x8000c0ae (0x2831) x 1 0x8000c0b0
core   0: 0x8000c0ca (0xffdff3ef) jal     t2, pc - 0x4
core   0: 3 0x8000c0ca (0xffdff3ef) x 7 0x8000c0ce
core   0: 0x8000c0c6 (0x00003ff5) c.jal   pc - 4
core   0: 3 0x8000c0c6 (0x3ff5) x 1 0x8000c0c8
core   0: 0x8000c0c2 (0x0000a039) c.j     pc + 14
core   0: 3 0x8000c0c2 (0xa039)
core   0: 0x8000c0d0 (0x0000a811) c.j     pc + 20
core   0: 3 0x8000c0d0 (0xa811)
core   0: 0x8000c0e4 (0x00003ffd) c.jal   pc - 2
core   0: 3 0x8000c0e4 (0x3ffd) x 1 0x8000c0e6
core   0: 0x8000c0e2 (0x00003fd5) c.jal   pc - 12
core   0: 3 0x8000c0e2 (0x3fd5) x 1 0x8000c0e4
core   0: 0x8000c0d6 (0x0000bfd9) c.j     pc - 42
core   0: 3 0x8000c0d6 (0xbfd9)
core   0: 0x8000c0ac (0x0000bfdd) c.j     pc - 10
core   0: 3 0x8000c0ac (0xbfdd)
core   0: 0x8000c0a2 (0x0000a035) c.j     pc + 44
core   0: 3 0x8000c0a2 (0xa035)
core   0: 0x8000c0ce (0x00002801) c.jal   pc + 16
core   0: 3 0x8000c0ce (0x2801) x 1 0x8000c0d0
core   0: 0x8000c0de (0x0000b7e9) c.j     pc - 54
core   0: 3 0x8000c0de (0xb7e9)
core   0: 0x8000c0a8 (0x00002005) c.jal   pc + 32
core   0: 3 0x8000c0a8 (0x2005) x 1 0x8000c0aa
core   0: 0x8000c0c8 (0x00002821) c.jal   pc + 24
core   0: 3 0x8000c0c8 (0x2821) x 1 0x8000c0ca
core   0: 0x8000c0e0 (0x0000bfd9) c.j     pc - 42
core   0: 3 0x8000c0e0 (0xbfd9)
core   0: 0x8000c0b6 (0x0000a039) c.j     pc + 14
core   0: 3 0x8000c0b6 (0xa039)
core   0: 0x8000c0c4 (0x00003fe5) c.jal   pc - 8
core   0: 3 0x8000c0c4 (0x3fe5) x 1 0x8000c0c6
core   0: 0x8000c0bc (0x00002831) c.jal   pc + 28
core   0: 3 0x8000c0bc (0x2831) x 1 0x8000c0be
core   0: 0x8000c0d8 (0xfdbff0ef) jal     pc - 0x26
core   0: 3 0x8000c0d8 (0xfdbff0ef) x 1 0x8000c0dc
core   0: 0x8000c0b2 (0x020000ef) jal     pc + 0x20
core   0: 3 0x8000c0b2 (0x020000ef) x 1 0x8000c0b6
core   0: 0x8000c0d2 (0x014000ef) jal     pc + 0x14
core   0: 3 0x8000c0d2 (0x014000ef) x 1 0x8000c0d6
core   0: 0x8000c0e6 (0x00006139) c.addi16sp sp, 448
core   0: 3 0x8000c0e6 (0x6139) x 2 0x8001d8a4
core   0: 0x8000c0e8 (0x00006217) auipc   tp, 0x6
core   0: 3 0x8000c0e8 (0x00006217) x 4 0x800120e8
core   0: 0x8000c0ec (0xdf120213) addi    tp, tp, -527
core   0: 3 0x8000c0ec (0xdf120213) x 4 0x80011ed9
core   0: 0x8000c0f0 (0x02d24083) lbu     ra, 45(tp)
core   0: 3 0x8000c0f0 (0x02d24083) x 1 0x000000bd mem 0x80011f06
core   0: 0x8000c0f4 (0x00220b83) lb      s7, 2(tp)
core   0: 3 0x8000c0f4 (0x00220b83) x23 0xffffff90 mem 0x80011edb
core   0: 0x8000c0f8 (0x00aa9a13) slli    s4, s5, 10
core   0: 3 0x8000c0f8 (0x00aa9a13) x20 0x0ab39000
core   0: 0x8000c0fc (0x01024983) lbu     s3, 16(tp)
core   0: 3 0x8000c0fc (0x01024983) x19 0x000000a2 mem 0x80011ee9
core   0: 0x8000c100 (0x00000001) c.nop
core   0: 3 0x8000c100 (0x0001)
core   0: 0x8000c102 (0x00000001) c.nop
core   0: 3 0x8000c102 (0x0001)
core   0: 0x8000c104 (0xfea20e23) sb      a0, -4(tp)
core   0: 3 0x8000c104 (0xfea20e23) mem 0x80011ed5 0xa7
core   0: 0x8000c108 (0x00920d23) sb      s1, 26(tp)
core   0: 3 0x8000c108 (0x00920d23) mem 0x80011ef3 0x94
core   0: 0x8000c10c (0x00e24483) lbu     s1, 14(tp)
core   0: 3 0x8000c10c (0x00e24483) x 9 0x0000009c mem 0x80011ee7
core   0: 0x8000c110 (0xffa24503) lbu     a0, -6(tp)
core   0: 3 0x8000c110 (0xffa24503) x10 0x00000088 mem 0x80011ed3
core   0: 0x8000c114 (0x03125103) lhu     sp, 49(tp)
core   0: 3 0x8000c114 (0x03125103) x 2 0x0000c0c1 mem 0x80011f0a
core   0: 0x8000c118 (0xfda24e83) lbu     t4, -38(tp)
core   0: 3 0x8000c118 (0xfda24e83) x29 0x00000068 mem 0x80011eb3
core   0: 0x8000c11c (0x03a20723) sb      s10, 46(tp)
core   0: 3 0x8000c11c (0x03a20723) mem 0x80011f07 0x22
core   0: 0x8000c120 (0x00d25a03) lhu     s4, 13(tp)
core   0: 3 0x8000c120 (0x00d25a03) x20 0x00009c9d mem 0x80011ee6
core   0: 0x8000c124 (0x00008881) c.andi  s1, 0
core   0: 3 0x8000c124 (0x8881) x 9 0x00000000
core   0: 0x8000c126 (0xfd624503) lbu     a0, -42(tp)
core   0: 3 0x8000c126 (0xfd624503) x10 0x00000064 mem 0x80011eaf
core   0: 0x8000c12a (0x0158deb3) srl     t4, a7, s5
core   0: 3 0x8000c12a (0x0158deb3) x29 0x080026e3
core   0: 0x8000c12e (0x00c24e03) lbu     t3, 12(tp)
core   0: 3 0x8000c12e (0x00c24e03) x28 0x0000009e mem 0x80011ee5
core   0: 0x8000c132 (0x00e20a03) lb      s4, 14(tp)
core   0: 3 0x8000c132 (0x00e20a03) x20 0xffffff9c mem 0x80011ee7
core   0: 0x8000c136 (0x00000761) c.addi  a4, 24
core   0: 3 0x8000c136 (0x0761) x14 0xffff8099
core   0: 0x8000c138 (0x00008cb1) c.xor   s1, a2
core   0: 3 0x8000c138 (0x8cb1) x 9 0xfffffff4
core   0: 0x8000c13a (0x02320f23) sb      gp, 62(tp)
core   0: 3 0x8000c13a (0x02320f23) mem 0x80011f17 0x1
core   0: 0x8000c13e (0x00d49c93) slli    s9, s1, 13
core   0: 3 0x8000c13e (0x00d49c93) x25 0xfffe8000
core   0: 0x8000c142 (0xfe322283) lw      t0, -29(tp)
core   0: 3 0x8000c142 (0xfe322283) x 5 0x74757677 mem 0x80011ebc
core   0: 0x8000c146 (0xfc820003) lb      zero, -56(tp)
core   0: 3 0x8000c146 (0xfc820003) mem 0x80011ea1
core   0: 0x8000c14a (0xfcf20d03) lb      s10, -49(tp)
core   0: 3 0x8000c14a (0xfcf20d03) x26 0x00000063 mem 0x80011ea8
core   0: 0x8000c14e (0xfc925183) lhu     gp, -55(tp)
core   0: 3 0x8000c14e (0xfc925183) x 3 0x00005859 mem 0x80011ea2
core   0: 0x8000c152 (0xec014a13) xori    s4, sp, -320
core   0: 3 0x8000c152 (0xec014a13) x20 0xffff3e01
core   0: 0x8000c156 (0x00b24d03) lbu     s10, 11(tp)
core   0: 3 0x8000c156 (0x00b24d03) x26 0x0000009f mem 0x80011ee4
core   0: 0x8000c15a (0x00008c15) c.sub   s0, a3
core   0: 3 0x8000c15a (0x8c15) x 8 0x03f6b3ec
core   0: 0x8000c15c (0xfd020923) sb      a6, -46(tp)
core   0: 3 0x8000c15c (0xfd020923) mem 0x80011eab 0xdc
core   0: 0x8000c160 (0x031ac4b3) div     s1, s5, a7
core   0: 3 0x8000c160 (0x031ac4b3) x 9 0x00000000
core   0: 0x8000c164 (0x00006115) c.addi16sp sp, 288
core   0: 3 0x8000c164 (0x6115) x 2 0x0000c1e1
core   0: 0x8000c166 (0x01824783) lbu     a5, 24(tp)
core   0: 3 0x8000c166 (0x01824783) x15 0x000000aa mem 0x80011ef1
core   0: 0x8000c16a (0xfdd20c83) lb      s9, -35(tp)
core   0: 3 0x8000c16a (0xfdd20c83) x25 0x0000006d mem 0x80011eb6
core   0: 0x8000c16e (0xfe324283) lbu     t0, -29(tp)
core   0: 3 0x8000c16e (0xfe324283) x 5 0x00000077 mem 0x80011ebc
core   0: 0x8000c172 (0x00000001) c.nop
core   0: 3 0x8000c172 (0x0001)
core   0: 0x8000c174 (0x00a31633) sll     a2, t1, a0
core   0: 3 0x8000c174 (0x00a31633) x12 0x00000410
core   0: 0x8000c178 (0x03224b83) lbu     s7, 50(tp)
core   0: 3 0x8000c178 (0x03224b83) x23 0x000000c0 mem 0x80011f0b
core   0: 0x8000c17c (0xfc524c03) lbu     s8, -59(tp)
core   0: 3 0x8000c17c (0xfc524c03) x24 0x00000055 mem 0x80011e9e
core   0: 0x8000c180 (0x00005117) auipc   sp, 0x5
core   0: 3 0x8000c180 (0x00005117) x 2 0x80011180
core   0: 0x8000c184 (0x3a110113) addi    sp, sp, 929
core   0: 3 0x8000c184 (0x3a110113) x 2 0x80011521
core   0: 0x8000c188 (0x01210523) sb      s2, 10(sp)
core   0: 3 0x8000c188 (0x01210523) mem 0x8001152b 0xc9
core   0: 0x8000c18c (0x00c10523) sb      a2, 10(sp)
core   0: 3 0x8000c18c (0x00c10523) mem 0x8001152b 0x10
core   0: 0x8000c190 (0x00a14903) lbu     s2, 10(sp)
core   0: 3 0x8000c190 (0x00a14903) x18 0x00000010 mem 0x8001152b
core   0: 0x8000c194 (0x00000001) c.nop
core   0: 3 0x8000c194 (0x0001)
core   0: 0x8000c196 (0x00311503) lh      a0, 3(sp)
core   0: 3 0x8000c196 (0x00311503) x10 0xffffdedf mem 0x80011524
core   0: 0x8000c19a (0x00315b83) lhu     s7, 3(sp)
core   0: 3 0x8000c19a (0x00315b83) x23 0x0000dedf mem 0x80011524
core   0: 0x8000c19e (0x004111a3) sh      tp, 3(sp)
core   0: 3 0x8000c19e (0x004111a3) mem 0x80011524 0x1ed9
core   0: 0x8000c1a2 (0x00314203) lbu     tp, 3(sp)
core   0: 3 0x8000c1a2 (0x00314203) x 4 0x000000d9 mem 0x80011524
core   0: 0x8000c1a6 (0xfea10d23) sb      a0, -6(sp)
core   0: 3 0x8000c1a6 (0xfea10d23) mem 0x8001151b 0xdf
core   0: 0x8000c1aa (0xffa10a03) lb      s4, -6(sp)
core   0: 3 0x8000c1aa (0xffa10a03) x20 0xffffffdf mem 0x8001151b
core   0: 0x8000c1ae (0xffa10183) lb      gp, -6(sp)
core   0: 3 0x8000c1ae (0xffa10183) x 3 0xffffffdf mem 0x8001151b
core   0: 0x8000c1b2 (0xffc00593) li      a1, -4
core   0: 3 0x8000c1b2 (0xffc00593) x11 0xfffffffc
core   0: 0x8000c1b6 (0x00dccf33) xor     t5, s9, a3
core   0: 3 0x8000c1b6 (0x00dccf33) x30 0xfc094c55
core   0: 0x8000c1ba (0x02e629b3) mulhsu  s3, a2, a4
core   0: 3 0x8000c1ba (0x02e629b3) x19 0x0000040f
core   0: 0x8000c1be (0x025f0bb3) mul     s7, t5, t0
core   0: 3 0x8000c1be (0x025f0bb3) x23 0x28527b83
core   0: 0x8000c1c2 (0x00008fe6) c.mv    t6, s9
core   0: 3 0x8000c1c2 (0x8fe6) x31 0x0000006d
core   0: 0x8000c1c4 (0x01dc39b3) sltu    s3, s8, t4
core   0: 3 0x8000c1c4 (0x01dc39b3) x19 0x00000001
core   0: 0x8000c1c8 (0xd9312813) slti    a6, sp, -621
core   0: 3 0x8000c1c8 (0xd9312813) x16 0x00000001
core   0: 0x8000c1cc (0x00000001) c.nop
core   0: 3 0x8000c1cc (0x0001)
core   0: 0x8000c1ce (0x01321c13) slli    s8, tp, 19
core   0: 3 0x8000c1ce (0x01321c13) x24 0x06c80000
core   0: 0x8000c1d2 (0x01a96eb3) or      t4, s2, s10
core   0: 3 0x8000c1d2 (0x01a96eb3) x29 0x0000009f
core   0: 0x8000c1d6 (0x034abdb3) mulhu   s11, s5, s4
core   0: 3 0x8000c1d6 (0x034abdb3) x27 0x8002acd3
core   0: 0x8000c1da (0x000087ed) c.srai  a5, 27
core   0: 3 0x8000c1da (0x87ed) x15 0x00000000
core   0: 0x8000c1dc (0x0000147d) c.addi  s0, -1
core   0: 3 0x8000c1dc (0x147d) x 8 0x03f6b3eb
core   0: 0x8000c1de (0x00000589) c.addi  a1, 2
core   0: 3 0x8000c1de (0x0589) x11 0xfffffffe
core   0: 0x8000c1e0 (0x0000147d) c.addi  s0, -1
core   0: 3 0x8000c1e0 (0x147d) x 8 0x03f6b3ea
core   0: 0x8000c1e2 (0x00001e80) c.addi4spn s0, sp, 880
core   0: 3 0x8000c1e2 (0x1e80) x 8 0x80011891
core   0: 0x8000c1e4 (0x00000876) c.slli  a6, 29
core   0: 3 0x8000c1e4 (0x0876) x16 0x20000000
core   0: 0x8000c1e6 (0x00900c93) li      s9, 9
core   0: 3 0x8000c1e6 (0x00900c93) x25 0x00000009
core   0: 0x8000c1ea (0x338a6d37) lui     s10, 0x338a6
core   0: 3 0x8000c1ea (0x338a6d37) x26 0x338a6000
core   0: 0x8000c1ee (0xe199c113) xori    sp, s3, -487
core   0: 3 0x8000c1ee (0xe199c113) x 2 0xfffffe18
core   0: 0x8000c1f2 (0x3e647997) auipc   s3, 0x3e647
core   0: 3 0x8000c1f2 (0x3e647997) x19 0xbe6531f2
core   0: 0x8000c1f6 (0x001a3233) sltu    tp, s4, ra
core   0: 3 0x8000c1f6 (0x001a3233) x 4 0x00000000
core   0: 0x8000c1fa (0x00c00613) li      a2, 12
core   0: 3 0x8000c1fa (0x00c00613) x12 0x0000000c
core   0: 0x8000c1fe (0x00008f9d) c.sub   a5, a5
core   0: 3 0x8000c1fe (0x8f9d) x15 0x00000000
core   0: 0x8000c200 (0x02eb2b33) mulhsu  s6, s6, a4
core   0: 3 0x8000c200 (0x02eb2b33) x22 0x00000024
core   0: 0x8000c204 (0x00000001) c.nop
core   0: 3 0x8000c204 (0x0001)
core   0: 0x8000c206 (0x260aa413) slti    s0, s5, 608
core   0: 3 0x8000c206 (0x260aa413) x 8 0x00000001
core   0: 0x8000c20a (0x00000c85) c.addi  s9, 1
core   0: 3 0x8000c20a (0x0c85) x25 0x0000000a
core   0: 0x8000c20c (0x41428d33) sub     s10, t0, s4
core   0: 3 0x8000c20c (0x41428d33) x26 0x00000098
core   0: 0x8000c210 (0xfeccc8e3) blt     s9, a2, pc - 16
core   0: 3 0x8000c210 (0xfeccc8e3)
core   0: 0x8000c200 (0x02eb2b33) mulhsu  s6, s6, a4
core   0: 3 0x8000c200 (0x02eb2b33) x22 0x00000023
core   0: 0x8000c204 (0x00000001) c.nop
core   0: 3 0x8000c204 (0x0001)
core   0: 0x8000c206 (0x260aa413) slti    s0, s5, 608
core   0: 3 0x8000c206 (0x260aa413) x 8 0x00000001
core   0: 0x8000c20a (0x00000c85) c.addi  s9, 1
core   0: 3 0x8000c20a (0x0c85) x25 0x0000000b
core   0: 0x8000c20c (0x41428d33) sub     s10, t0, s4
core   0: 3 0x8000c20c (0x41428d33) x26 0x00000098
core   0: 0x8000c210 (0xfeccc8e3) blt     s9, a2, pc - 16
core   0: 3 0x8000c210 (0xfeccc8e3)
core   0: 0x8000c200 (0x02eb2b33) mulhsu  s6, s6, a4
core   0: 3 0x8000c200 (0x02eb2b33) x22 0x00000022
core   0: 0x8000c204 (0x00000001) c.nop
core   0: 3 0x8000c204 (0x0001)
core   0: 0x8000c206 (0x260aa413) slti    s0, s5, 608
core   0: 3 0x8000c206 (0x260aa413) x 8 0x00000001
core   0: 0x8000c20a (0x00000c85) c.addi  s9, 1
core   0: 3 0x8000c20a (0x0c85) x25 0x0000000c
core   0: 0x8000c20c (0x41428d33) sub     s10, t0, s4
core   0: 3 0x8000c20c (0x41428d33) x26 0x00000098
core   0: 0x8000c210 (0xfeccc8e3) blt     s9, a2, pc - 16
core   0: 3 0x8000c210 (0xfeccc8e3)
core   0: 0x8000c214 (0x037ab833) mulhu   a6, s5, s7
core   0: 3 0x8000c214 (0x037ab833) x16 0x1429a9a1
core   0: 0x8000c218 (0x0000fddd) c.bnez  a1, pc - 66
core   0: 3 0x8000c218 (0xfddd)
core   0: 0x8000c1d6 (0x034abdb3) mulhu   s11, s5, s4
core   0: 3 0x8000c1d6 (0x034abdb3) x27 0x8002acd3
core   0: 0x8000c1da (0x000087ed) c.srai  a5, 27
core   0: 3 0x8000c1da (0x87ed) x15 0x00000000
core   0: 0x8000c1dc (0x0000147d) c.addi  s0, -1
core   0: 3 0x8000c1dc (0x147d) x 8 0x00000000
core   0: 0x8000c1de (0x00000589) c.addi  a1, 2
core   0: 3 0x8000c1de (0x0589) x11 0x00000000
core   0: 0x8000c1e0 (0x0000147d) c.addi  s0, -1
core   0: 3 0x8000c1e0 (0x147d) x 8 0xffffffff
core   0: 0x8000c1e2 (0x00001e80) c.addi4spn s0, sp, 880
core   0: 3 0x8000c1e2 (0x1e80) x 8 0x00000188
core   0: 0x8000c1e4 (0x00000876) c.slli  a6, 29
core   0: 3 0x8000c1e4 (0x0876) x16 0x20000000
core   0: 0x8000c1e6 (0x00900c93) li      s9, 9
core   0: 3 0x8000c1e6 (0x00900c93) x25 0x00000009
core   0: 0x8000c1ea (0x338a6d37) lui     s10, 0x338a6
core   0: 3 0x8000c1ea (0x338a6d37) x26 0x338a6000
core   0: 0x8000c1ee (0xe199c113) xori    sp, s3, -487
core   0: 3 0x8000c1ee (0xe199c113) x 2 0x419acfeb
core   0: 0x8000c1f2 (0x3e647997) auipc   s3, 0x3e647
core   0: 3 0x8000c1f2 (0x3e647997) x19 0xbe6531f2
core   0: 0x8000c1f6 (0x001a3233) sltu    tp, s4, ra
core   0: 3 0x8000c1f6 (0x001a3233) x 4 0x00000000
core   0: 0x8000c1fa (0x00c00613) li      a2, 12
core   0: 3 0x8000c1fa (0x00c00613) x12 0x0000000c
core   0: 0x8000c1fe (0x00008f9d) c.sub   a5, a5
core   0: 3 0x8000c1fe (0x8f9d) x15 0x00000000
core   0: 0x8000c200 (0x02eb2b33) mulhsu  s6, s6, a4
core   0: 3 0x8000c200 (0x02eb2b33) x22 0x00000021
core   0: 0x8000c204 (0x00000001) c.nop
core   0: 3 0x8000c204 (0x0001)
core   0: 0x8000c206 (0x260aa413) slti    s0, s5, 608
core   0: 3 0x8000c206 (0x260aa413) x 8 0x00000001
core   0: 0x8000c20a (0x00000c85) c.addi  s9, 1
core   0: 3 0x8000c20a (0x0c85) x25 0x0000000a
core   0: 0x8000c20c (0x41428d33) sub     s10, t0, s4
core   0: 3 0x8000c20c (0x41428d33) x26 0x00000098
core   0: 0x8000c210 (0xfeccc8e3) blt     s9, a2, pc - 16
core   0: 3 0x8000c210 (0xfeccc8e3)
core   0: 0x8000c200 (0x02eb2b33) mulhsu  s6, s6, a4
core   0: 3 0x8000c200 (0x02eb2b33) x22 0x00000020
core   0: 0x8000c204 (0x00000001) c.nop
core   0: 3 0x8000c204 (0x0001)
core   0: 0x8000c206 (0x260aa413) slti    s0, s5, 608
core   0: 3 0x8000c206 (0x260aa413) x 8 0x00000001
core   0: 0x8000c20a (0x00000c85) c.addi  s9, 1
core   0: 3 0x8000c20a (0x0c85) x25 0x0000000b
core   0: 0x8000c20c (0x41428d33) sub     s10, t0, s4
core   0: 3 0x8000c20c (0x41428d33) x26 0x00000098
core   0: 0x8000c210 (0xfeccc8e3) blt     s9, a2, pc - 16
core   0: 3 0x8000c210 (0xfeccc8e3)
core   0: 0x8000c200 (0x02eb2b33) mulhsu  s6, s6, a4
core   0: 3 0x8000c200 (0x02eb2b33) x22 0x0000001f
core   0: 0x8000c204 (0x00000001) c.nop
core   0: 3 0x8000c204 (0x0001)
core   0: 0x8000c206 (0x260aa413) slti    s0, s5, 608
core   0: 3 0x8000c206 (0x260aa413) x 8 0x00000001
core   0: 0x8000c20a (0x00000c85) c.addi  s9, 1
core   0: 3 0x8000c20a (0x0c85) x25 0x0000000c
core   0: 0x8000c20c (0x41428d33) sub     s10, t0, s4
core   0: 3 0x8000c20c (0x41428d33) x26 0x00000098
core   0: 0x8000c210 (0xfeccc8e3) blt     s9, a2, pc - 16
core   0: 3 0x8000c210 (0xfeccc8e3)
core   0: 0x8000c214 (0x037ab833) mulhu   a6, s5, s7
core   0: 3 0x8000c214 (0x037ab833) x16 0x1429a9a1
core   0: 0x8000c218 (0x0000fddd) c.bnez  a1, pc - 66
core   0: 3 0x8000c218 (0xfddd)
core   0: 0x8000c21a (0x000083fd) c.srli  a5, 31
core   0: 3 0x8000c21a (0x83fd) x15 0x00000000
core   0: 0x8000c21c (0x00007c17) auipc   s8, 0x7
core   0: 3 0x8000c21c (0x00007c17) x24 0x8001321c
core   0: 0x8000c220 (0x4bbc0c13) addi    s8, s8, 1211
core   0: 3 0x8000c220 (0x4bbc0c13) x24 0x800136d7
core   0: 0x8000c224 (0x00005097) auipc   ra, 0x5
core   0: 3 0x8000c224 (0x00005097) x 1 0x80011224
core   0: 0x8000c228 (0xf5208093) addi    ra, ra, -174
core   0: 3 0x8000c228 (0xf5208093) x 1 0x80011176
core   0: 0x8000c22c (0xf13c1f03) lh      t5, -237(s8)
core   0: 3 0x8000c22c (0xf13c1f03) x30 0xffffa0a1 mem 0x800135ea
core   0: 0x8000c230 (0xf9ec0203) lb      tp, -98(s8)
core   0: 3 0x8000c230 (0xf9ec0203) x 4 0x0000002e mem 0x80013675
core   0: 0x8000c234 (0x31609523) sh      s6, 778(ra)
core   0: 3 0x8000c234 (0x31609523) mem 0x80011480 0x001f
core   0: 0x8000c238 (0x0a7c5a03) lhu     s4, 167(s8)
core   0: 3 0x8000c238 (0x0a7c5a03) x20 0x00003435 mem 0x8001377e
core   0: 0x8000c23c (0xf1cc0983) lb      s3, -228(s8)
core   0: 3 0x8000c23c (0xf1cc0983) x19 0xffffffa8 mem 0x800135f3
core   0: 0x8000c240 (0x3d308b03) lb      s6, 979(ra)
core   0: 3 0x8000c240 (0x3d308b03) x22 0x00000002 mem 0x80011549
core   0: 0x8000c244 (0xf52c4d83) lbu     s11, -174(s8)
core   0: 3 0x8000c244 (0xf52c4d83) x27 0x000000e2 mem 0x80013629
core   0: 0x8000c248 (0x36309323) sh      gp, 870(ra)
core   0: 3 0x8000c248 (0x36309323) mem 0x800114dc 0xffdf
core   0: 0x8000c24c (0x50e0a283) lw      t0, 1294(ra)
core   0: 3 0x8000c24c (0x50e0a283) x 5 0x3c3d3e3f mem 0x80011684
core   0: 0x8000c250 (0x3b9088a3) sb      s9, 945(ra)
core   0: 3 0x8000c250 (0x3b9088a3) mem 0x80011527 0xc
core   0: 0x8000c254 (0x0100d903) lhu     s2, 16(ra)
core   0: 3 0x8000c254 (0x0100d903) x18 0x00003c3d mem 0x80011186
core   0: 0x8000c258 (0xfd6c0f03) lb      t5, -42(s8)
core   0: 3 0x8000c258 (0xfd6c0f03) x30 0x00000066 mem 0x800136ad
core   0: 0x8000c25c (0xfc608803) lb      a6, -58(ra)
core   0: 3 0x8000c25c (0xfc608803) x16 0xfffffff7 mem 0x8001113c
core   0: 0x8000c260 (0x782082a3) sb      sp, 1925(ra)
core   0: 3 0x8000c260 (0x782082a3) mem 0x800118fb 0xeb
core   0: 0x8000c264 (0xf86c0623) sb      t1, -116(s8)
core   0: 3 0x8000c264 (0xf86c0623) mem 0x80013663 0x41
core   0: 0x8000c268 (0x4cf085a3) sb      a5, 1227(ra)
core   0: 3 0x8000c268 (0x4cf085a3) mem 0x80011641 0x0
core   0: 0x8000c26c (0x023c0e23) sb      gp, 60(s8)
core   0: 3 0x8000c26c (0x023c0e23) mem 0x80013713 0xdf
core   0: 0x8000c270 (0x037c0383) lb      t2, 55(s8)
core   0: 3 0x8000c270 (0x037c0383) x 7 0xffffffc5 mem 0x8001370e
core   0: 0x8000c274 (0x4690a923) sw      s1, 1138(ra)
core   0: 3 0x8000c274 (0x4690a923) mem 0x800115e8 0x00000000
core   0: 0x8000c278 (0x00005917) auipc   s2, 0x5
core   0: 3 0x8000c278 (0x00005917) x18 0x80011278
core   0: 0x8000c27c (0xefe90913) addi    s2, s2, -258
core   0: 3 0x8000c27c (0xefe90913) x18 0x80011176
core   0: 0x8000c280 (0xfca90583) lb      a1, -54(s2)
core   0: 3 0x8000c280 (0xfca90583) x11 0xfffffffb mem 0x80011140
core   0: 0x8000c284 (0x0ff0000f) fence   iorw,iorw
core   0: 3 0x8000c284 (0x0ff0000f)
core   0: 0x8000c288 (0x0000635d) c.lui   t1, 0x17
core   0: 3 0x8000c288 (0x635d) x 6 0x00017000
core   0: 0x8000c28a (0x00009352) c.add   t1, s4
core   0: 3 0x8000c28a (0x9352) x 6 0x0001a435
core   0: 0x8000c28c (0x02659333) mulh    t1, a1, t1
core   0: 3 0x8000c28c (0x02659333) x 6 0xffffffff
core   0: 0x8000c290 (0xfef4a597) auipc   a1, 0xfef4a
core   0: 3 0x8000c290 (0xfef4a597) x11 0x7ef56290
core   0: 0x8000c294 (0xfe2903a3) sb      sp, -25(s2)
core   0: 3 0x8000c294 (0xfe2903a3) mem 0x8001115d 0xeb
core   0: 0x8000c298 (0x000081b9) c.srli  a1, 14
core   0: 3 0x8000c298 (0x81b9) x11 0x0001fbd5
core   0: 0x8000c29a (0x03c95803) lhu     a6, 60(s2)
core   0: 3 0x8000c29a (0x03c95803) x16 0x00006869 mem 0x800111b2
core   0: 0x8000c29e (0x0ff0000f) fence   iorw,iorw
core   0: 3 0x8000c29e (0x0ff0000f)
core   0: 0x8000c2a2 (0x02294103) lbu     sp, 34(s2)
core   0: 3 0x8000c2a2 (0x02294103) x 2 0x00000053 mem 0x80011198
core   0: 0x8000c2a6 (0x00190583) lb      a1, 1(s2)
core   0: 3 0x8000c2a6 (0x00190583) x11 0x0000002c mem 0x80011177
core   0: 0x8000c2aa (0x0000120c) c.addi4spn a1, sp, 288
core   0: 3 0x8000c2aa (0x120c) x11 0x00000173
core   0: 0x8000c2ac (0x02286833) rem     a6, a6, sp
core   0: 3 0x8000c2ac (0x02286833) x16 0x00000003
core   0: 0x8000c2b0 (0x008e1313) slli    t1, t3, 8
core   0: 3 0x8000c2b0 (0x008e1313) x 6 0x00009e00
core   0: 0x8000c2b4 (0x0065b833) sltu    a6, a1, t1
core   0: 3 0x8000c2b4 (0x0065b833) x16 0x00000001
core   0: 0x8000c2b8 (0x00006a09) c.lui   s4, 0x2
core   0: 3 0x8000c2b8 (0x6a09) x20 0x00002000
core   0: 0x8000c2ba (0x002e75b3) and     a1, t3, sp
core   0: 3 0x8000c2ba (0x002e75b3) x11 0x00000012
core   0: 0x8000c2be (0x00394803) lbu     a6, 3(s2)
core   0: 3 0x8000c2be (0x00394803) x16 0x00000032 mem 0x80011179
core   0: 0x8000c2c2 (0x030a4833) div     a6, s4, a6
core   0: 3 0x8000c2c2 (0x030a4833) x16 0x000000a3
core   0: 0x8000c2c6 (0xfce91e03) lh      t3, -50(s2)
core   0: 3 0x8000c2c6 (0xfce91e03) x28 0xfffffeff mem 0x80011144
core   0: 0x8000c2ca (0x46258313) addi    t1, a1, 1122
core   0: 3 0x8000c2ca (0x46258313) x 6 0x00000474
core   0: 0x8000c2ce (0xfdd84113) xori    sp, a6, -35
core   0: 3 0x8000c2ce (0xfdd84113) x 2 0xffffff7e
core   0: 0x8000c2d2 (0xe48a4593) xori    a1, s4, -440
core   0: 3 0x8000c2d2 (0xe48a4593) x11 0xffffde48
core   0: 0x8000c2d6 (0xfeb91023) sh      a1, -32(s2)
core   0: 3 0x8000c2d6 (0xfeb91023) mem 0x80011156 0xde48
core   0: 0x8000c2da (0x02f90583) lb      a1, 47(s2)
core   0: 3 0x8000c2da (0x02f90583) x11 0x0000005e mem 0x800111a5
core   0: 0x8000c2de (0x2149b597) auipc   a1, 0x2149b
core   0: 3 0x8000c2de (0x2149b597) x11 0xa14a72de
core   0: 0x8000c2e2 (0xfd290803) lb      a6, -46(s2)
core   0: 3 0x8000c2e2 (0xfd290803) x16 0x00000003 mem 0x80011148
core   0: 0x8000c2e6 (0x022e7133) remu    sp, t3, sp
core   0: 3 0x8000c2e6 (0x022e7133) x 2 0xfffffeff
core   0: 0x8000c2ea (0x026e2a33) mulhsu  s4, t3, t1
core   0: 3 0x8000c2ea (0x026e2a33) x20 0xffffffff
core   0: 0x8000c2ee (0x03c80133) mul     sp, a6, t3
core   0: 3 0x8000c2ee (0x03c80133) x 2 0xfffffcfd
core   0: 0x8000c2f2 (0x02231833) mulh    a6, t1, sp
core   0: 3 0x8000c2f2 (0x02231833) x16 0xffffffff
core   0: 0x8000c2f6 (0x014e0333) add     t1, t3, s4
core   0: 3 0x8000c2f6 (0x014e0333) x 6 0xfffffefe
core   0: 0x8000c2fa (0xfd490ba3) sb      s4, -41(s2)
core   0: 3 0x8000c2fa (0xfd490ba3) mem 0x8001114d 0xff
core   0: 0x8000c2fe (0x01c5d313) srli    t1, a1, 28
core   0: 3 0x8000c2fe (0x01c5d313) x 6 0x0000000a
core   0: 0x8000c302 (0x000085d2) c.mv    a1, s4
core   0: 3 0x8000c302 (0x85d2) x11 0xffffffff
core   0: 0x8000c304 (0x41885a13) srai    s4, a6, 24
core   0: 3 0x8000c304 (0x41885a13) x20 0xffffffff
core   0: 0x8000c308 (0x02695803) lhu     a6, 38(s2)
core   0: 3 0x8000c308 (0x02695803) x16 0x00005657 mem 0x8001119c
core   0: 0x8000c30c (0x00007c17) auipc   s8, 0x7
core   0: 3 0x8000c30c (0x00007c17) x24 0x8001330c
core   0: 0x8000c310 (0x382c0c13) addi    s8, s8, 898
core   0: 3 0x8000c310 (0x382c0c13) x24 0x8001368e
core   0: 0x8000c314 (0xf21c4f03) lbu     t5, -223(s8)
core   0: 3 0x8000c314 (0xf21c4f03) x30 0x00000064 mem 0x800135af
core   0: 0x8000c318 (0x00015417) auipc   s0, 0x15
core   0: 3 0x8000c318 (0x00015417) x 8 0x80021318
core   0: 0x8000c31c (0x7fd40413) addi    s0, s0, 2045
core   0: 3 0x8000c31c (0x7fd40413) x 8 0x80021b15
core   0: 0x8000c320 (0x0000b997) auipc   s3, 0xb
core   0: 3 0x8000c320 (0x0000b997) x19 0x80017320
core   0: 0x8000c324 (0x96998993) addi    s3, s3, -1687
core   0: 3 0x8000c324 (0x96998993) x19 0x80016c89
core   0: 0x8000c328 (0x00012197) auipc   gp, 0x12
core   0: 3 0x8000c328 (0x00012197) x 3 0x8001e328
core   0: 0x8000c32c (0x81f18193) addi    gp, gp, -2017
core   0: 3 0x8000c32c (0x81f18193) x 3 0x8001db47
core   0: 0x8000c330 (0x00898803) lb      a6, 8(s3)
core   0: 3 0x8000c330 (0x00898803) x16 0x0000004a mem 0x80016c91
core   0: 0x8000c334 (0xfe898d83) lb      s11, -24(s3)
core   0: 3 0x8000c334 (0xfe898d83) x27 0x0000002a mem 0x80016c71
core   0: 0x8000c338 (0x0f5c0503) lb      a0, 245(s8)
core   0: 3 0x8000c338 (0x0f5c0503) x10 0x00000038 mem 0x80013783
core   0: 0x8000c33c (0x0189c083) lbu     ra, 24(s3)
core   0: 3 0x8000c33c (0x0189c083) x 1 0x0000005a mem 0x80016ca1
core   0: 0x8000c340 (0x430197a3) sh      a6, 1071(gp)
core   0: 3 0x8000c340 (0x430197a3) mem 0x8001df76 0x004a
core   0: 0x8000c344 (0x022c0d83) lb      s11, 34(s8)
core   0: 3 0x8000c344 (0x022c0d83) x27 0x0000006b mem 0x800136b0
core   0: 0x8000c348 (0xf02c0783) lb      a5, -254(s8)
core   0: 3 0x8000c348 (0xf02c0783) x15 0x0000004b mem 0x80013590
core   0: 0x8000c34c (0xfc69c103) lbu     sp, -58(s3)
core   0: 3 0x8000c34c (0xfc69c103) x 2 0x00000004 mem 0x80016c4f
core   0: 0x8000c350 (0x10044583) lbu     a1, 256(s0)
core   0: 3 0x8000c350 (0x10044583) x11 0x000000ce mem 0x80021c15
core   0: 0x8000c354 (0xffb9ce03) lbu     t3, -5(s3)
core   0: 3 0x8000c354 (0xffb9ce03) x28 0x0000003f mem 0x80016c84
core   0: 0x8000c358 (0xfc644303) lbu     t1, -58(s0)
core   0: 3 0x8000c358 (0xfc644303) x 6 0x00000090 mem 0x80021adb
core   0: 0x8000c35c (0xd3c1ce83) lbu     t4, -708(gp)
core   0: 3 0x8000c35c (0xd3c1ce83) x29 0x00000038 mem 0x8001d883
core   0: 0x8000c360 (0xfb342e03) lw      t3, -77(s0)
core   0: 3 0x8000c360 (0xfb342e03) x28 0x80818283 mem 0x80021ac8
core   0: 0x8000c364 (0xfdf98e23) sb      t6, -36(s3)
core   0: 3 0x8000c364 (0xfdf98e23) mem 0x80016c65 0x6d
core   0: 0x8000c368 (0x0dac0aa3) sb      s10, 213(s8)
core   0: 3 0x8000c368 (0x0dac0aa3) mem 0x80013763 0x98
core   0: 0x8000c36c (0x48018e83) lb      t4, 1152(gp)
core   0: 3 0x8000c36c (0x48018e83) x29 0x0000007c mem 0x8001dfc7
core   0: 0x8000c370 (0xfa7c0283) lb      t0, -89(s8)
core   0: 3 0x8000c370 (0xfa7c0283) x 5 0xffffffee mem 0x80013635
core   0: 0x8000c374 (0x0399d803) lhu     a6, 57(s3)
core   0: 3 0x8000c374 (0x0399d803) x16 0x00007879 mem 0x80016cc2
core   0: 0x8000c378 (0x0e3429a3) sw      gp, 243(s0)
core   0: 3 0x8000c378 (0x0e3429a3) mem 0x80021c08 0x8001db47
core   0: 0x8000c37c (0x0129c083) lbu     ra, 18(s3)
core   0: 3 0x8000c37c (0x0129c083) x 1 0x00000050 mem 0x80016c9b
core   0: 0x8000c380 (0xfad41003) lh      zero, -83(s0)
core   0: 3 0x8000c380 (0xfad41003) mem 0x80021ac2
core   0: 0x8000c384 (0xfc49c083) lbu     ra, -60(s3)
core   0: 3 0x8000c384 (0xfc49c083) x 1 0x00000006 mem 0x80016c4d
core   0: 0x8000c388 (0xfa8196a3) sh      s0, -83(gp)
core   0: 3 0x8000c388 (0xfa8196a3) mem 0x8001daf4 0x1b15
core   0: 0x8000c38c (0x60818083) lb      ra, 1544(gp)
core   0: 3 0x8000c38c (0x60818083) x 1 0x00000004 mem 0x8001e14f
core   0: 0x8000c390 (0xff698583) lb      a1, -10(s3)
core   0: 3 0x8000c390 (0xff698583) x11 0x00000034 mem 0x80016c7f
core   0: 0x8000c394 (0xf0a40b03) lb      s6, -246(s0)
core   0: 3 0x8000c394 (0xf0a40b03) x22 0xffffffd4 mem 0x80021a1f
core   0: 0x8000c398 (0x8bc18583) lb      a1, -1860(gp)
core   0: 3 0x8000c398 (0x8bc18583) x11 0xffffffb8 mem 0x8001d403
core   0: 0x8000c39c (0x00006f17) auipc   t5, 0x6
core   0: 3 0x8000c39c (0x00006f17) x30 0x8001239c
core   0: 0x8000c3a0 (0x496f0f13) addi    t5, t5, 1174
core   0: 3 0x8000c3a0 (0x496f0f13) x30 0x80012832
core   0: 0x8000c3a4 (0xfd7f4d03) lbu     s10, -41(t5)
core   0: 3 0x8000c3a4 (0xfd7f4d03) x26 0x000000c2 mem 0x80012809
core   0: 0x8000c3a8 (0x00007617) auipc   a2, 0x7
core   0: 3 0x8000c3a8 (0x00007617) x12 0x800133a8
core   0: 0x8000c3ac (0x9ef60613) addi    a2, a2, -1553
core   0: 3 0x8000c3ac (0x9ef60613) x12 0x80012d97
core   0: 0x8000c3b0 (0xfe2f0823) sb      sp, -16(t5)
core   0: 3 0x8000c3b0 (0xfe2f0823) mem 0x80012822 0x4
core   0: 0x8000c3b4 (0xffaf1023) sh      s10, -32(t5)
core   0: 3 0x8000c3b4 (0xffaf1023) mem 0x80012812 0x00c2
core   0: 0x8000c3b8 (0x17764303) lbu     t1, 375(a2)
core   0: 3 0x8000c3b8 (0x17764303) x 6 0x000000c5 mem 0x80012f0e
core   0: 0x8000c3bc (0xfcff2123) sw      a5, -62(t5)
core   0: 3 0x8000c3bc (0xfcff2123) mem 0x800127f4 0x0000004b
core   0: 0x8000c3c0 (0xca7604a3) sb      t2, -855(a2)
core   0: 3 0x8000c3c0 (0xca7604a3) mem 0x80012a40 0xc5
core   0: 0x8000c3c4 (0x023f4c83) lbu     s9, 35(t5)
core   0: 3 0x8000c3c4 (0x023f4c83) x25 0x0000000e mem 0x80012855
core   0: 0x8000c3c8 (0x13860283) lb      t0, 312(a2)
core   0: 3 0x8000c3c8 (0x13860283) x 5 0xffffff84 mem 0x80012ecf
core   0: 0x8000c3cc (0x3c0620a3) sw      zero, 961(a2)
core   0: 3 0x8000c3cc (0x3c0620a3) mem 0x80013158 0x00000000
core   0: 0x8000c3d0 (0x024f4303) lbu     t1, 36(t5)
core   0: 3 0x8000c3d0 (0x024f4303) x 6 0x0000000d mem 0x80012856
core   0: 0x8000c3d4 (0xa1960323) sb      s9, -1530(a2)
core   0: 3 0x8000c3d4 (0xa1960323) mem 0x8001279d 0xe
core   0: 0x8000c3d8 (0xfc4f0383) lb      t2, -60(t5)
core   0: 3 0x8000c3d8 (0xfc4f0383) x 7 0x00000000 mem 0x800127f6
core   0: 0x8000c3dc (0x012f1303) lh      t1, 18(t5)
core   0: 3 0x8000c3dc (0x012f1303) x 6 0xfffffeff mem 0x80012844
core   0: 0x8000c3e0 (0x003f1223) sh      gp, 4(t5)
core   0: 3 0x8000c3e0 (0x003f1223) mem 0x80012836 0xdb47
core   0: 0x8000c3e4 (0x07860a03) lb      s4, 120(a2)
core   0: 3 0x8000c3e4 (0x07860a03) x20 0xffffffc4 mem 0x80012e0f
core   0: 0x8000c3e8 (0x039f0003) lb      zero, 57(t5)
core   0: 3 0x8000c3e8 (0x039f0003) mem 0x8001286b
core   0: 0x8000c3ec (0x00006297) auipc   t0, 0x6
core   0: 3 0x8000c3ec (0x00006297) x 5 0x800123ec
core   0: 0x8000c3f0 (0xa3a28293) addi    t0, t0, -1478
core   0: 3 0x8000c3f0 (0xa3a28293) x 5 0x80011e26
core   0: 0x8000c3f4 (0x0000ff97) auipc   t6, 0xf
core   0: 3 0x8000c3f4 (0x0000ff97) x31 0x8001b3f4
core   0: 0x8000c3f8 (0x8b6f8f93) addi    t6, t6, -1866
core   0: 3 0x8000c3f8 (0x8b6f8f93) x31 0x8001acaa
core   0: 0x8000c3fc (0x06f28da3) sb      a5, 123(t0)
core   0: 3 0x8000c3fc (0x06f28da3) mem 0x80011ea1 0x4b
core   0: 0x8000c400 (0xf9ef8a23) sb      t5, -108(t6)
core   0: 3 0x8000c400 (0xf9ef8a23) mem 0x8001ac3e 0x32
core   0: 0x8000c404 (0x00428f23) sb      tp, 30(t0)
core   0: 3 0x8000c404 (0x00428f23) mem 0x80011e44 0x2e
core   0: 0x8000c408 (0xfeffc183) lbu     gp, -17(t6)
core   0: 3 0x8000c408 (0xfeffc183) x 3 0x00000052 mem 0x8001ac99
core   0: 0x8000c40c (0x01ff8e03) lb      t3, 31(t6)
core   0: 3 0x8000c40c (0x01ff8e03) x28 0xffffff82 mem 0x8001acc9
core   0: 0x8000c410 (0x0ce2c303) lbu     t1, 206(t0)
core   0: 3 0x8000c410 (0x0ce2c303) x 6 0x000000af mem 0x80011ef4
core   0: 0x8000c414 (0xf4b2c003) lbu     zero, -181(t0)
core   0: 3 0x8000c414 (0xf4b2c003) mem 0x80011d71
core   0: 0x8000c418 (0xfdbf85a3) sb      s11, -53(t6)
core   0: 3 0x8000c418 (0xfdbf85a3) mem 0x8001ac75 0x6b
core   0: 0x8000c41c (0xfd829203) lh      tp, -40(t0)
core   0: 3 0x8000c41c (0xfd829203) x 4 0xffffb4b5 mem 0x80011dfe
core   0: 0x8000c420 (0xfcb29e23) sh      a1, -36(t0)
core   0: 3 0x8000c420 (0xfcb29e23) mem 0x80011e02 0xffb8
core   0: 0x8000c424 (0x0d9280a3) sb      s9, 193(t0)
core   0: 3 0x8000c424 (0x0d9280a3) mem 0x80011ee7 0xe
core   0: 0x8000c428 (0x00bfc903) lbu     s2, 11(t6)
core   0: 3 0x8000c428 (0x00bfc903) x18 0x0000006e mem 0x8001acb5
core   0: 0x8000c42c (0x05328d83) lb      s11, 83(t0)
core   0: 3 0x8000c42c (0x05328d83) x27 0x00000032 mem 0x80011e79
core   0: 0x8000c430 (0x012000ef) jal     pc + 0x12
core   0: 3 0x8000c430 (0x012000ef) x 1 0x8000c434
core   0: 0x8000c442 (0x01c000ef) jal     pc + 0x1c
core   0: 3 0x8000c442 (0x01c000ef) x 1 0x8000c446
core   0: 0x8000c45e (0xfe1ff0ef) jal     pc - 0x20
core   0: 3 0x8000c45e (0xfe1ff0ef) x 1 0x8000c462
core   0: 0x8000c43e (0xffbff26f) jal     tp, pc - 0x6
core   0: 3 0x8000c43e (0xffbff26f) x 4 0x8000c442
core   0: 0x8000c438 (0x0000a831) c.j     pc + 28
core   0: 3 0x8000c438 (0xa831)
core   0: 0x8000c454 (0xfe1ff3ef) jal     t2, pc - 0x20
core   0: 3 0x8000c454 (0xfe1ff3ef) x 7 0x8000c458
core   0: 0x8000c434 (0x044004ef) jal     s1, pc + 0x44
core   0: 3 0x8000c434 (0x044004ef) x 9 0x8000c438
core   0: 0x8000c478 (0xfedff26f) jal     tp, pc - 0x14
core   0: 3 0x8000c478 (0xfedff26f) x 4 0x8000c47c
core   0: 0x8000c464 (0xfe7ff56f) jal     a0, pc - 0x1a
core   0: 3 0x8000c464 (0xfe7ff56f) x10 0x8000c468
core   0: 0x8000c44a (0xffdff0ef) jal     pc - 0x4
core   0: 3 0x8000c44a (0xffdff0ef) x 1 0x8000c44e
core   0: 0x8000c446 (0x0000a831) c.j     pc + 28
core   0: 3 0x8000c446 (0xa831)
core   0: 0x8000c462 (0x00003fe1) c.jal   pc - 40
core   0: 3 0x8000c462 (0x3fe1) x 1 0x8000c464
core   0: 0x8000c43a (0x022000ef) jal     pc + 0x22
core   0: 3 0x8000c43a (0x022000ef) x 1 0x8000c43e
core   0: 0x8000c45c (0x00003fd5) c.jal   pc - 12
core   0: 3 0x8000c45c (0x3fd5) x 1 0x8000c45e
core   0: 0x8000c450 (0x0000bffd) c.j     pc - 2
core   0: 3 0x8000c450 (0xbffd)
core   0: 0x8000c44e (0x00002005) c.jal   pc + 32
core   0: 3 0x8000c44e (0x2005) x 1 0x8000c450
core   0: 0x8000c46e (0x00003fed) c.jal   pc - 6
core   0: 3 0x8000c46e (0x3fed) x 1 0x8000c470
core   0: 0x8000c468 (0x0000b7c5) c.j     pc - 32
core   0: 3 0x8000c468 (0xb7c5)
core   0: 0x8000c448 (0x0000a029) c.j     pc + 10
core   0: 3 0x8000c448 (0xa029)
core   0: 0x8000c452 (0x00002839) c.jal   pc + 30
core   0: 3 0x8000c452 (0x2839) x 1 0x8000c454
core   0: 0x8000c470 (0x004000ef) jal     pc + 0x4
core   0: 3 0x8000c470 (0x004000ef) x 1 0x8000c474
core   0: 0x8000c474 (0xff7ff16f) jal     sp, pc - 0xa
core   0: 3 0x8000c474 (0xff7ff16f) x 2 0x8000c478
core   0: 0x8000c46a (0xfefff16f) jal     sp, pc - 0x12
core   0: 3 0x8000c46a (0xfefff16f) x 2 0x8000c46e
core   0: 0x8000c458 (0x0240026f) jal     tp, pc + 0x24
core   0: 3 0x8000c458 (0x0240026f) x 4 0x8000c45c
core   0: 0x8000c47c (0x1e0f3d97) auipc   s11, 0x1e0f3
core   0: 3 0x8000c47c (0x1e0f3d97) x27 0x9e0ff47c
core   0: 0x8000c480 (0x01a000ef) jal     pc + 0x1a
core   0: 3 0x8000c480 (0x01a000ef) x 1 0x8000c484
core   0: 0x8000c49a (0x026000ef) jal     pc + 0x26
core   0: 3 0x8000c49a (0x026000ef) x 1 0x8000c49e
core   0: 0x8000c4c0 (0xfc9fffef) jal     t6, pc - 0x38
core   0: 3 0x8000c4c0 (0xfc9fffef) x31 0x8000c4c4
core   0: 0x8000c488 (0x0000200d) c.jal   pc + 34
core   0: 3 0x8000c488 (0x200d) x 1 0x8000c48a
core   0: 0x8000c4aa (0x00003fd5) c.jal   pc - 12
core   0: 3 0x8000c4aa (0x3fd5) x 1 0x8000c4ac
core   0: 0x8000c49e (0x0000a02d) c.j     pc + 42
core   0: 3 0x8000c49e (0xa02d)
core   0: 0x8000c4c8 (0xff1ff0ef) jal     pc - 0x10
core   0: 3 0x8000c4c8 (0xff1ff0ef) x 1 0x8000c4cc
core   0: 0x8000c4b8 (0xffdff16f) jal     sp, pc - 0x4
core   0: 3 0x8000c4b8 (0xffdff16f) x 2 0x8000c4bc
core   0: 0x8000c4b4 (0xfd1ff0ef) jal     pc - 0x30
core   0: 3 0x8000c4b4 (0xfd1ff0ef) x 1 0x8000c4b8
core   0: 0x8000c484 (0x0280016f) jal     sp, pc + 0x28
core   0: 3 0x8000c484 (0x0280016f) x 2 0x8000c488
core   0: 0x8000c4ac (0xfe9ff0ef) jal     pc - 0x18
core   0: 3 0x8000c4ac (0xfe9ff0ef) x 1 0x8000c4b0
core   0: 0x8000c494 (0x00002801) c.jal   pc + 16
core   0: 3 0x8000c494 (0x2801) x 1 0x8000c496
core   0: 0x8000c4a4 (0x00003fcd) c.jal   pc - 14
core   0: 3 0x8000c4a4 (0x3fcd) x 1 0x8000c4a6
core   0: 0x8000c496 (0xff7ff0ef) jal     pc - 0xa
core   0: 3 0x8000c496 (0xff7ff0ef) x 1 0x8000c49a
core   0: 0x8000c48c (0x00002805) c.jal   pc + 48
core   0: 3 0x8000c48c (0x2805) x 1 0x8000c48e
core   0: 0x8000c4bc (0xfd3ff0ef) jal     pc - 0x2e
core   0: 3 0x8000c4bc (0xfd3ff0ef) x 1 0x8000c4c0
core   0: 0x8000c48e (0x036000ef) jal     pc + 0x36
core   0: 3 0x8000c48e (0x036000ef) x 1 0x8000c492
core   0: 0x8000c4c4 (0x008000ef) jal     pc + 0x8
core   0: 3 0x8000c4c4 (0x008000ef) x 1 0x8000c4c8
core   0: 0x8000c4cc (0x00003ff1) c.jal   pc - 36
core   0: 3 0x8000c4cc (0x3ff1) x 1 0x8000c4ce
core   0: 0x8000c4a8 (0x0000bffd) c.j     pc - 2
core   0: 3 0x8000c4a8 (0xbffd)
core   0: 0x8000c4a6 (0x0000bfed) c.j     pc - 6
core   0: 3 0x8000c4a6 (0xbfed)
core   0: 0x8000c4a0 (0x010000ef) jal     pc + 0x10
core   0: 3 0x8000c4a0 (0x010000ef) x 1 0x8000c4a4
core   0: 0x8000c4b0 (0xfdbffa6f) jal     s4, pc - 0x26
core   0: 3 0x8000c4b0 (0xfdbffa6f) x20 0x8000c4b4
core   0: 0x8000c48a (0x00002021) c.jal   pc + 8
core   0: 3 0x8000c48a (0x2021) x 1 0x8000c48c
core   0: 0x8000c492 (0x0000a835) c.j     pc + 60
core   0: 3 0x8000c492 (0xa835)
core   0: 0x8000c4ce (0x01a57d33) and     s10, a0, s10
core   0: 3 0x8000c4ce (0x01a57d33) x26 0x00000040
core   0: 0x8000c4d2 (0x02a000ef) jal     pc + 0x2a
core   0: 3 0x8000c4d2 (0x02a000ef) x 1 0x8000c4d6
core   0: 0x8000c4fc (0x0000a829) c.j     pc + 26
core   0: 3 0x8000c4fc (0xa829)
core   0: 0x8000c516 (0x00002009) c.jal   pc + 2
core   0: 3 0x8000c516 (0x2009) x 1 0x8000c518
core   0: 0x8000c518 (0x000037e5) c.jal   pc - 24
core   0: 3 0x8000c518 (0x37e5) x 1 0x8000c51a
core   0: 0x8000c500 (0x01a007ef) jal     a5, pc + 0x1a
core   0: 3 0x8000c500 (0x01a007ef) x15 0x8000c504
core   0: 0x8000c51a (0x0080036f) jal     t1, pc + 0x8
core   0: 3 0x8000c51a (0x0080036f) x 6 0x8000c51e
core   0: 0x8000c522 (0x000037e9) c.jal   pc - 54
core   0: 3 0x8000c522 (0x37e9) x 1 0x8000c524
core   0: 0x8000c4ec (0x00a000ef) jal     pc + 0xa
core   0: 3 0x8000c4ec (0x00a000ef) x 1 0x8000c4f0
core   0: 0x8000c4f6 (0x004000ef) jal     pc + 0x4
core   0: 3 0x8000c4f6 (0x004000ef) x 1 0x8000c4fa
core   0: 0x8000c4fa (0x00002031) c.jal   pc + 12
core   0: 3 0x8000c4fa (0x2031) x 1 0x8000c4fc
core   0: 0x8000c506 (0x0000b7f5) c.j     pc - 20
core   0: 3 0x8000c506 (0xb7f5)
core   0: 0x8000c4f2 (0x020000ef) jal     pc + 0x20
core   0: 3 0x8000c4f2 (0x020000ef) x 1 0x8000c4f6
core   0: 0x8000c512 (0xfcfff0ef) jal     pc - 0x32
core   0: 3 0x8000c512 (0xfcfff0ef) x 1 0x8000c516
core   0: 0x8000c4e0 (0x02e000ef) jal     pc + 0x2e
core   0: 3 0x8000c4e0 (0x02e000ef) x 1 0x8000c4e4
core   0: 0x8000c50e (0x00003fe1) c.jal   pc - 40
core   0: 3 0x8000c50e (0x3fe1) x 1 0x8000c510
core   0: 0x8000c4e6 (0x0000a009) c.j     pc + 2
core   0: 3 0x8000c4e6 (0xa009)
core   0: 0x8000c4e8 (0xffdff36f) jal     t1, pc - 0x4
core   0: 3 0x8000c4e8 (0xffdff36f) x 6 0x8000c4ec
core   0: 0x8000c4e4 (0x00003fcd) c.jal   pc - 14
core   0: 3 0x8000c4e4 (0x3fcd) x 1 0x8000c4e6
core   0: 0x8000c4d6 (0x01a000ef) jal     pc + 0x1a
core   0: 3 0x8000c4d6 (0x01a000ef) x 1 0x8000c4da
core   0: 0x8000c4f0 (0x0000a81d) c.j     pc + 54
core   0: 3 0x8000c4f0 (0xa81d)
core   0: 0x8000c526 (0xfb5ff0ef) jal     pc - 0x4c
core   0: 3 0x8000c526 (0xfb5ff0ef) x 1 0x8000c52a
core   0: 0x8000c4da (0x004000ef) jal     pc + 0x4
core   0: 3 0x8000c4da (0x004000ef) x 1 0x8000c4de
core   0: 0x8000c4de (0x00002081) c.jal   pc + 64
core   0: 3 0x8000c4de (0x2081) x 1 0x8000c4e0
core   0: 0x8000c51e (0xfefff36f) jal     t1, pc - 0x12
core   0: 3 0x8000c51e (0xfefff36f) x 6 0x8000c522
core   0: 0x8000c50c (0x0000a821) c.j     pc + 24
core   0: 3 0x8000c50c (0xa821)
core   0: 0x8000c524 (0x0000b7c5) c.j     pc - 32
core   0: 3 0x8000c524 (0xb7c5)
core   0: 0x8000c504 (0x0000a031) c.j     pc + 12
core   0: 3 0x8000c504 (0xa031)
core   0: 0x8000c510 (0x0000b7fd) c.j     pc - 18
core   0: 3 0x8000c510 (0xb7fd)
core   0: 0x8000c4fe (0x0000a029) c.j     pc + 10
core   0: 3 0x8000c4fe (0xa029)
core   0: 0x8000c508 (0x022002ef) jal     t0, pc + 0x22
core   0: 3 0x8000c508 (0x022002ef) x 5 0x8000c50c
core   0: 0x8000c52a (0x00000001) c.nop
core   0: 3 0x8000c52a (0x0001)
core   0: 0x8000c52c (0x00011317) auipc   t1, 0x11
core   0: 3 0x8000c52c (0x00011317) x 6 0x8001d52c
core   0: 0x8000c530 (0xf0530313) addi    t1, t1, -251
core   0: 3 0x8000c530 (0xf0530313) x 6 0x8001d431
core   0: 0x8000c534 (0xff430a03) lb      s4, -12(t1)
core   0: 3 0x8000c534 (0xff430a03) x20 0xffffffde mem 0x8001d425
core   0: 0x8000c538 (0x9ac43013) sltiu   zero, s0, -1620
core   0: 3 0x8000c538 (0x9ac43013)
core   0: 0x8000c53c (0xff530a23) sb      s5, -12(t1)
core   0: 3 0x8000c53c (0xff530a23) mem 0x8001d425 0xe4
core   0: 0x8000c540 (0xff434103) lbu     sp, -12(t1)
core   0: 3 0x8000c540 (0xff434103) x 2 0x000000e4 mem 0x8001d425
core   0: 0x8000c544 (0x70bc7437) lui     s0, 0x70bc7
core   0: 3 0x8000c544 (0x70bc7437) x 8 0x70bc7000
core   0: 0x8000c548 (0xffb30fa3) sb      s11, -1(t1)
core   0: 3 0x8000c548 (0xffb30fa3) mem 0x8001d430 0x7c
core   0: 0x8000c54c (0xfff32f03) lw      t5, -1(t1)
core   0: 3 0x8000c54c (0xfff32f03) x30 0xe8e9ea7c mem 0x8001d430
core   0: 0x8000c550 (0xfe330fa3) sb      gp, -1(t1)
core   0: 3 0x8000c550 (0xfe330fa3) mem 0x8001d430 0x52
core   0: 0x8000c554 (0x021ec233) div     tp, t4, ra
core   0: 3 0x8000c554 (0x021ec233) x 4 0x00000000
core   0: 0x8000c558 (0xff331fa3) sh      s3, -1(t1)
core   0: 3 0x8000c558 (0xff331fa3) mem 0x8001d430 0x6c89
core   0: 0x8000c55c (0x02234c03) lbu     s8, 34(t1)
core   0: 3 0x8000c55c (0x02234c03) x24 0x00000008 mem 0x8001d453
core   0: 0x8000c560 (0x0113c633) xor     a2, t2, a7
core   0: 3 0x8000c560 (0x0113c633) x12 0x0002aa68
core   0: 0x8000c564 (0xfce34d83) lbu     s11, -50(t1)
core   0: 3 0x8000c564 (0xfce34d83) x27 0x000000b4 mem 0x8001d3ff
core   0: 0x8000c568 (0xfce34b03) lbu     s6, -50(t1)
core   0: 3 0x8000c568 (0xfce34b03) x22 0x000000b4 mem 0x8001d3ff
core   0: 0x8000c56c (0xfd130723) sb      a7, -50(t1)
core   0: 3 0x8000c56c (0xfd130723) mem 0x8001d3ff 0x30
core   0: 0x8000c570 (0xfce34e83) lbu     t4, -50(t1)
core   0: 3 0x8000c570 (0xfce34e83) x29 0x00000030 mem 0x8001d3ff
core   0: 0x8000c574 (0x00009d2e) c.add   s10, a1
core   0: 3 0x8000c574 (0x9d2e) x26 0xfffffff8
core   0: 0x8000c576 (0xfcb30723) sb      a1, -50(t1)
core   0: 3 0x8000c576 (0xfcb30723) mem 0x8001d3ff 0xb8
core   0: 0x8000c57a (0x00005d97) auipc   s11, 0x5
core   0: 3 0x8000c57a (0x00005d97) x27 0x8001157a
core   0: 0x8000c57e (0xe8dd8d93) addi    s11, s11, -371
core   0: 3 0x8000c57e (0xe8dd8d93) x27 0x80011407
core   0: 0x8000c582 (0x3fed8803) lb      a6, 1022(s11)
core   0: 3 0x8000c582 (0x3fed8803) x16 0xffffffbe mem 0x80011805
core   0: 0x8000c586 (0x6ded9497) auipc   s1, 0x6ded9
core   0: 3 0x8000c586 (0x6ded9497) x 9 0xedee5586
core   0: 0x8000c58a (0x02abd5b3) divu    a1, s7, a0
core   0: 3 0x8000c58a (0x02abd5b3) x11 0x00000000
core   0: 0x8000c58e (0x3fed8f83) lb      t6, 1022(s11)
core   0: 3 0x8000c58e (0x3fed8f83) x31 0xffffffbe mem 0x80011805
core   0: 0x8000c592 (0xeb6d8803) lb      a6, -330(s11)
core   0: 3 0x8000c592 (0xeb6d8803) x16 0x00000076 mem 0x800112bd
core   0: 0x8000c596 (0xeb6dc703) lbu     a4, -330(s11)
core   0: 3 0x8000c596 (0xeb6dc703) x14 0x00000076 mem 0x800112bd
core   0: 0x8000c59a (0xeb6d8483) lb      s1, -330(s11)
core   0: 3 0x8000c59a (0xeb6d8483) x 9 0x00000076 mem 0x800112bd
core   0: 0x8000c59e (0x3e0d83a3) sb      zero, 999(s11)
core   0: 3 0x8000c59e (0x3e0d83a3) mem 0x800117ee 0x0
core   0: 0x8000c5a2 (0x3e7dce83) lbu     t4, 999(s11)
core   0: 3 0x8000c5a2 (0x3e7dce83) x29 0x00000000 mem 0x800117ee
core   0: 0x8000c5a6 (0x00008e31) c.xor   a2, a2
core   0: 3 0x8000c5a6 (0x8e31) x12 0x00000000
core   0: 0x8000c5a8 (0xf5bdd303) lhu     t1, -165(s11)
core   0: 3 0x8000c5a8 (0xf5bdd303) x 6 0x00001819 mem 0x80011362
core   0: 0x8000c5ac (0xf56d8da3) sb      s6, -165(s11)
core   0: 3 0x8000c5ac (0xf56d8da3) mem 0x80011362 0xb4
core   0: 0x8000c5b0 (0xd117a193) slti    gp, a5, -751
core   0: 3 0x8000c5b0 (0xd117a193) x 3 0x00000001
core   0: 0x8000c5b4 (0x01f36733) or      a4, t1, t6
core   0: 3 0x8000c5b4 (0x01f36733) x14 0xffffffbf
core   0: 0x8000c5b8 (0x020d98a3) sh      zero, 49(s11)
core   0: 3 0x8000c5b8 (0x020d98a3) mem 0x80011438 0x0000
core   0: 0x8000c5bc (0x031d9203) lh      tp, 49(s11)
core   0: 3 0x8000c5bc (0x031d9203) x 4 0x00000000 mem 0x80011438
core   0: 0x8000c5c0 (0x00005e17) auipc   t3, 0x5
core   0: 3 0x8000c5c0 (0x00005e17) x28 0x800115c0
core   0: 0x8000c5c4 (0xca0e0e13) addi    t3, t3, -864
core   0: 3 0x8000c5c4 (0xca0e0e13) x28 0x80011260
core   0: 0x8000c5c8 (0xfaae5903) lhu     s2, -86(t3)
core   0: 3 0x8000c5c8 (0xfaae5903) x18 0x0000c0c1 mem 0x8001120a
core   0: 0x8000c5cc (0xfaae5603) lhu     a2, -86(t3)
core   0: 3 0x8000c5cc (0xfaae5603) x12 0x0000c0c1 mem 0x8001120a
core   0: 0x8000c5d0 (0xfb2e0523) sb      s2, -86(t3)
core   0: 3 0x8000c5d0 (0xfb2e0523) mem 0x8001120a 0xc1
core   0: 0x8000c5d4 (0xfaae5803) lhu     a6, -86(t3)
core   0: 3 0x8000c5d4 (0xfaae5803) x16 0x0000c0c1 mem 0x8001120a
core   0: 0x8000c5d8 (0xfaae5283) lhu     t0, -86(t3)
core   0: 3 0x8000c5d8 (0xfaae5283) x 5 0x0000c0c1 mem 0x8001120a
core   0: 0x8000c5dc (0xfb2e1523) sh      s2, -86(t3)
core   0: 3 0x8000c5dc (0xfb2e1523) mem 0x8001120a 0xc0c1
core   0: 0x8000c5e0 (0x0cae0ba3) sb      a0, 215(t3)
core   0: 3 0x8000c5e0 (0x0cae0ba3) mem 0x80011337 0x68
core   0: 0x8000c5e4 (0x0d7e4283) lbu     t0, 215(t3)
core   0: 3 0x8000c5e4 (0x0d7e4283) x 5 0x00000068 mem 0x80011337
core   0: 0x8000c5e8 (0x0d7e0903) lb      s2, 215(t3)
core   0: 3 0x8000c5e8 (0x0d7e0903) x18 0x00000068 mem 0x80011337
core   0: 0x8000c5ec (0x0d7e4f83) lbu     t6, 215(t3)
core   0: 3 0x8000c5ec (0x0d7e4f83) x31 0x00000068 mem 0x80011337
core   0: 0x8000c5f0 (0x1616c0b7) lui     ra, 0x1616c
core   0: 3 0x8000c5f0 (0x1616c0b7) x 1 0x1616c000
core   0: 0x8000c5f4 (0x0cde0ba3) sb      a3, 215(t3)
core   0: 3 0x8000c5f4 (0x0cde0ba3) mem 0x80011337 0x38
core   0: 0x8000c5f8 (0x0d7e4703) lbu     a4, 215(t3)
core   0: 3 0x8000c5f8 (0x0d7e4703) x14 0x00000038 mem 0x80011337
core   0: 0x8000c5fc (0x0d7e0283) lb      t0, 215(t3)
core   0: 3 0x8000c5fc (0x0d7e0283) x 5 0x00000038 mem 0x80011337
core   0: 0x8000c600 (0x0306eb33) rem     s6, a3, a6
core   0: 3 0x8000c600 (0x0306eb33) x22 0xffff83bb
core   0: 0x8000c604 (0xfc4e0383) lb      t2, -60(t3)
core   0: 3 0x8000c604 (0xfc4e0383) x 7 0xffffffdf mem 0x80011224
core   0: 0x8000c608 (0xfc4e1783) lh      a5, -60(t3)
core   0: 3 0x8000c608 (0xfc4e1783) x15 0xffffdedf mem 0x80011224
core   0: 0x8000c60c (0xfc4e2703) lw      a4, -60(t3)
core   0: 3 0x8000c60c (0xfc4e2703) x14 0xdcdddedf mem 0x80011224
core   0: 0x8000c610 (0x024aa4b3) mulhsu  s1, s5, tp
core   0: 3 0x8000c610 (0x024aa4b3) x 9 0x00000000
core   0: 0x8000c614 (0x02ac0db3) mul     s11, s8, a0
core   0: 3 0x8000c614 (0x02ac0db3) x27 0x00062340
core   0: 0x8000c618 (0xfc4e2803) lw      a6, -60(t3)
core   0: 3 0x8000c618 (0xfc4e2803) x16 0xdcdddedf mem 0x80011224
core   0: 0x8000c61c (0xfc4e1203) lh      tp, -60(t3)
core   0: 3 0x8000c61c (0xfc4e1203) x 4 0xffffdedf mem 0x80011224
core   0: 0x8000c620 (0xfd8e2223) sw      s8, -60(t3)
core   0: 3 0x8000c620 (0xfd8e2223) mem 0x80011224 0x00000008
core   0: 0x8000c624 (0xfff00493) li      s1, -1
core   0: 3 0x8000c624 (0xfff00493) x 9 0xffffffff
core   0: 0x8000c628 (0x01c81713) slli    a4, a6, 28
core   0: 3 0x8000c628 (0x01c81713) x14 0xf0000000
core   0: 0x8000c62c (0x00f00393) li      t2, 15
core   0: 3 0x8000c62c (0x00f00393) x 7 0x0000000f
core   0: 0x8000c630 (0x000065c1) c.lui   a1, 0x10
core   0: 3 0x8000c630 (0x65c1) x11 0x00010000
core   0: 0x8000c632 (0x00000f9a) c.slli  t6, 6
core   0: 3 0x8000c632 (0x0f9a) x31 0x00001a00
core   0: 0x8000c634 (0x000004a1) c.addi  s1, 8
core   0: 3 0x8000c634 (0x04a1) x 9 0x00000007
core   0: 0x8000c636 (0x40dc57b3) sra     a5, s8, a3
core   0: 3 0x8000c636 (0x40dc57b3) x15 0x00000000
core   0: 0x8000c63a (0xfe748be3) beq     s1, t2, pc - 10
core   0: 3 0x8000c63a (0xfe748be3)
core   0: 0x8000c63e (0x03e28d33) mul     s10, t0, t5
core   0: 3 0x8000c63e (0x03e28d33) x26 0xf32b4b20
core   0: 0x8000c642 (0x00005b17) auipc   s6, 0x5
core   0: 3 0x8000c642 (0x00005b17) x22 0x80011642
core   0: 0x8000c646 (0xf49b0b13) addi    s6, s6, -183
core   0: 3 0x8000c646 (0xf49b0b13) x22 0x8001158b
core   0: 0x8000c64a (0x746b01a3) sb      t1, 1859(s6)
core   0: 3 0x8000c64a (0x746b01a3) mem 0x80011cce 0x19
core   0: 0x8000c64e (0x03b521b3) mulhsu  gp, a0, s11
core   0: 3 0x8000c64e (0x03b521b3) x 3 0xfffcee64
core   0: 0x8000c652 (0x0000100f) fence.i
core   0: 3 0x8000c652 (0x0000100f)
core   0: 0x8000c656 (0x8e28d517) auipc   a0, 0x8e28d
core   0: 3 0x8000c656 (0x8e28d517) x10 0x0e299656
core   0: 0x8000c65a (0x102b04a3) sb      sp, 265(s6)
core   0: 3 0x8000c65a (0x102b04a3) mem 0x80011694 0xe4
core   0: 0x8000c65e (0x01d6e933) or      s2, a3, t4
core   0: 3 0x8000c65e (0x01d6e933) x18 0xfc094c38
core   0: 0x8000c662 (0xc54b4483) lbu     s1, -940(s6)
core   0: 3 0x8000c662 (0xc54b4483) x 9 0x00000094 mem 0x800111df
core   0: 0x8000c666 (0x038174b3) remu    s1, sp, s8
core   0: 3 0x8000c666 (0x038174b3) x 9 0x00000004
core   0: 0x8000c66a (0x00008645) c.srai  a2, 17
core   0: 3 0x8000c66a (0x8645) x12 0x00000000
core   0: 0x8000c66c (0x2d8b0c23) sb      s8, 728(s6)
core   0: 3 0x8000c66c (0x2d8b0c23) mem 0x80011863 0x8
core   0: 0x8000c670 (0x028b4283) lbu     t0, 40(s6)
core   0: 3 0x8000c670 (0x028b4283) x 5 0x00000068 mem 0x800115b3
core   0: 0x8000c674 (0x00008f61) c.and   a4, s0
core   0: 3 0x8000c674 (0x8f61) x14 0x70000000
core   0: 0x8000c676 (0x68bb0083) lb      ra, 1675(s6)
core   0: 3 0x8000c676 (0x68bb0083) x 1 0xffffffcd mem 0x80011c16
core   0: 0x8000c67a (0x0eab4303) lbu     t1, 234(s6)
core   0: 3 0x8000c67a (0x0eab4303) x 6 0x0000002e mem 0x80011675
core   0: 0x8000c67e (0x24bb4283) lbu     t0, 587(s6)
core   0: 3 0x8000c67e (0x24bb4283) x 5 0x0000008d mem 0x800117d6
core   0: 0x8000c682 (0xd99b0123) sb      s9, -638(s6)
core   0: 3 0x8000c682 (0xd99b0123) mem 0x8001130d 0xe
core   0: 0x8000c686 (0xbdab0323) sb      s10, -1082(s6)
core   0: 3 0x8000c686 (0xbdab0323) mem 0x80011151 0x20
core   0: 0x8000c68a (0x7adb5a03) lhu     s4, 1965(s6)
core   0: 3 0x8000c68a (0x7adb5a03) x20 0x0000f2f3 mem 0x80011d38
core   0: 0x8000c68e (0x0a1b5f83) lhu     t6, 161(s6)
core   0: 3 0x8000c68e (0x0a1b5f83) x31 0x0000e6e7 mem 0x8001162c
core   0: 0x8000c692 (0xf25b5b83) lhu     s7, -219(s6)
core   0: 3 0x8000c692 (0xf25b5b83) x23 0x00006a6b mem 0x800114b0
core   0: 0x8000c696 (0xfd3b0623) sb      s3, -52(s6)
core   0: 3 0x8000c696 (0xfd3b0623) mem 0x80011557 0x89
core   0: 0x8000c69a (0x0000823e) c.mv    tp, a5
core   0: 3 0x8000c69a (0x823e) x 4 0x00000000
core   0: 0x8000c69c (0x3f3b0d23) sb      s3, 1018(s6)
core   0: 3 0x8000c69c (0x3f3b0d23) mem 0x80011985 0x89
core   0: 0x8000c6a0 (0x0179d7b3) srl     a5, s3, s7
core   0: 3 0x8000c6a0 (0x0179d7b3) x15 0x0010002d
core   0: 0x8000c6a4 (0x00fa2db3) slt     s11, s4, a5
core   0: 3 0x8000c6a4 (0x00fa2db3) x27 0x00000001
core   0: 0x8000c6a8 (0x745b0303) lb      t1, 1861(s6)
core   0: 3 0x8000c6a8 (0x745b0303) x 6 0xffffff8b mem 0x80011cd0
core   0: 0x8000c6ac (0x415457b3) sra     a5, s0, s5
core   0: 3 0x8000c6ac (0x415457b3) x15 0x070bc700
core   0: 0x8000c6b0 (0x00008c89) c.sub   s1, a0
core   0: 3 0x8000c6b0 (0x8c89) x 9 0xf1d669ae
core   0: 0x8000c6b2 (0xe82b0703) lb      a4, -382(s6)
core   0: 3 0x8000c6b2 (0xe82b0703) x14 0xffffffc6 mem 0x8001140d
core   0: 0x8000c6b6 (0x6734c913) xori    s2, s1, 1651
core   0: 3 0x8000c6b6 (0x6734c913) x18 0xf1d66fdd
core   0: 0x8000c6ba (0x745b5d83) lhu     s11, 1861(s6)
core   0: 3 0x8000c6ba (0x745b5d83) x27 0x00008a8b mem 0x80011cd0
core   0: 0x8000c6be (0x00005117) auipc   sp, 0x5
core   0: 3 0x8000c6be (0x00005117) x 2 0x800116be
core   0: 0x8000c6c2 (0x20210113) addi    sp, sp, 514
core   0: 3 0x8000c6c2 (0x20210113) x 2 0x800118c0
core   0: 0x8000c6c6 (0xf1211083) lh      ra, -238(sp)
core   0: 3 0x8000c6c6 (0xf1211083) x 1 0xffff8889 mem 0x800117d2
core   0: 0x8000c6ca (0x01af1093) slli    ra, t5, 26
core   0: 3 0x8000c6ca (0x01af1093) x 1 0xf0000000
core   0: 0x8000c6ce (0x75a105a3) sb      s10, 1867(sp)
core   0: 3 0x8000c6ce (0x75a105a3) mem 0x8001200b 0x20
core   0: 0x8000c6d2 (0xd5d10f83) lb      t6, -675(sp)
core   0: 3 0x8000c6d2 (0xd5d10f83) x31 0xffffffd6 mem 0x8001161d
core   0: 0x8000c6d6 (0xf44ff093) andi    ra, t6, -188
core   0: 3 0x8000c6d6 (0xf44ff093) x 1 0xffffff44
core   0: 0x8000c6da (0xd9015803) lhu     a6, -624(sp)
core   0: 3 0x8000c6da (0xd9015803) x16 0x00000a0b mem 0x80011650
core   0: 0x8000c6de (0x2b114183) lbu     gp, 689(sp)
core   0: 3 0x8000c6de (0x2b114183) x 3 0x0000002a mem 0x80011b71
core   0: 0x8000c6e2 (0xd0414783) lbu     a5, -764(sp)
core   0: 3 0x8000c6e2 (0xd0414783) x15 0x0000007f mem 0x800115c4
core   0: 0x8000c6e6 (0x65a15503) lhu     a0, 1626(sp)
core   0: 3 0x8000c6e6 (0x65a15503) x10 0x0000d0d1 mem 0x80011f1a
core   0: 0x8000c6ea (0x01f54fb3) xor     t6, a0, t6
core   0: 3 0x8000c6ea (0x01f54fb3) x31 0xffff2f07
core   0: 0x8000c6ee (0x94306c13) ori     s8, zero, -1725
core   0: 3 0x8000c6ee (0x94306c13) x24 0xfffff943
core   0: 0x8000c6f2 (0x00009a1e) c.add   s4, t2
core   0: 3 0x8000c6f2 (0x9a1e) x20 0x0000f302
core   0: 0x8000c6f4 (0x00008d25) c.xor   a0, s1
core   0: 3 0x8000c6f4 (0x8d25) x10 0xf1d6b97f
core   0: 0x8000c6f6 (0x419fd333) sra     t1, t6, s9
core   0: 3 0x8000c6f6 (0x419fd333) x 6 0xfffffffc
core   0: 0x8000c6fa (0x000067c1) c.lui   a5, 0x10
core   0: 3 0x8000c6fa (0x67c1) x15 0x00010000
core   0: 0x8000c6fc (0xa0b10083) lb      ra, -1525(sp)
core   0: 3 0x8000c6fc (0xa0b10083) x 1 0xffffff80 mem 0x800112cb
core   0: 0x8000c700 (0xa5714983) lbu     s3, -1449(sp)
core   0: 3 0x8000c700 (0xa5714983) x19 0x000000cc mem 0x80011317
core   0: 0x8000c704 (0x00008dc1) c.or    a1, s0
core   0: 3 0x8000c704 (0x8dc1) x11 0x70bd7000
core   0: 0x8000c706 (0xae110783) lb      a5, -1311(sp)
core   0: 3 0x8000c706 (0xae110783) x15 0x0000005a mem 0x800113a1
core   0: 0x8000c70a (0x01aad313) srli    t1, s5, 26
core   0: 3 0x8000c70a (0x01aad313) x 6 0x00000020
core   0: 0x8000c70e (0x00008e5d) c.or    a2, a5
core   0: 3 0x8000c70e (0x8e5d) x12 0x0000005a
core   0: 0x8000c710 (0x00009bfd) c.andi  a5, -1
core   0: 3 0x8000c710 (0x9bfd) x15 0x0000005a
core   0: 0x8000c712 (0x3682b313) sltiu   t1, t0, 872
core   0: 3 0x8000c712 (0x3682b313) x 6 0x00000001
core   0: 0x8000c716 (0x01e5feb3) and     t4, a1, t5
core   0: 3 0x8000c716 (0x01e5feb3) x29 0x60a96000
core   0: 0x8000c71a (0xb5b14c83) lbu     s9, -1189(sp)
core   0: 3 0x8000c71a (0xb5b14c83) x25 0x000000d0 mem 0x8001141b
core   0: 0x8000c71e (0x93a15403) lhu     s0, -1734(sp)
core   0: 3 0x8000c71e (0x93a15403) x 8 0x0000b0b1 mem 0x800111fa
core   0: 0x8000c722 (0x2ce11b23) sh      a4, 726(sp)
core   0: 3 0x8000c722 (0x2ce11b23) mem 0x80011b96 0xffc6
core   0: 0x8000c726 (0x5f012603) lw      a2, 1520(sp)
core   0: 3 0x8000c726 (0x5f012603) x12 0x68696a6b mem 0x80011eb0
core   0: 0x8000c72a (0x0000997d) c.andi  a0, -1
core   0: 3 0x8000c72a (0x997d) x10 0xf1d6b97f
core   0: 0x8000c72c (0x03383033) mulhu   zero, a6, s3
core   0: 3 0x8000c72c (0x03383033)
core   0: 0x8000c730 (0x901df393) andi    t2, s11, -1791
core   0: 3 0x8000c730 (0x901df393) x 7 0x00008801
core   0: 0x8000c734 (0x0ff0000f) fence   iorw,iorw
core   0: 3 0x8000c734 (0x0ff0000f)
core   0: 0x8000c738 (0x32f14a03) lbu     s4, 815(sp)
core   0: 3 0x8000c738 (0x32f14a03) x20 0x000000a4 mem 0x80011bef
core   0: 0x8000c73c (0xc1514c83) lbu     s9, -1003(sp)
core   0: 3 0x8000c73c (0xc1514c83) x25 0x0000008e mem 0x800114d5
core   0: 0x8000c740 (0x00008509) c.srai  a0, 2
core   0: 3 0x8000c740 (0x8509) x10 0xfc75ae5f
core   0: 0x8000c742 (0x03c19d33) mulh    s10, gp, t3
core   0: 3 0x8000c742 (0x03c19d33) x26 0xffffffeb
core   0: 0x8000c746 (0x0bb14503) lbu     a0, 187(sp)
core   0: 3 0x8000c746 (0x0bb14503) x10 0x00000030 mem 0x8001197b
core   0: 0x8000c74a (0x00008d71) c.and   a0, a2
core   0: 3 0x8000c74a (0x8d71) x10 0x00000020
core   0: 0x8000c74c (0x008f9193) slli    gp, t6, 8
core   0: 3 0x8000c74c (0x008f9193) x 3 0xff2f0700
core   0: 0x8000c750 (0xdb110b83) lb      s7, -591(sp)
core   0: 3 0x8000c750 (0xdb110b83) x23 0x0000002a mem 0x80011671
core   0: 0x8000c754 (0x00005517) auipc   a0, 0x5
core   0: 3 0x8000c754 (0x00005517) x10 0x80011754
core   0: 0x8000c758 (0x0e550513) addi    a0, a0, 229
core   0: 3 0x8000c758 (0x0e550513) x10 0x80011839
core   0: 0x8000c75c (0x0e550723) sb      t0, 238(a0)
core   0: 3 0x8000c75c (0x0e550723) mem 0x80011927 0x8d
core   0: 0x8000c760 (0xfa654703) lbu     a4, -90(a0)
core   0: 3 0x8000c760 (0xfa654703) x14 0x00000094 mem 0x800117df
core   0: 0x8000c764 (0x00009622) c.add   a2, s0
core   0: 3 0x8000c764 (0x9622) x12 0x686a1b1c
core   0: 0x8000c766 (0x64550823) sb      t0, 1616(a0)
core   0: 3 0x8000c766 (0x64550823) mem 0x80011e89 0x8d
core   0: 0x8000c76a (0x4022d433) sra     s0, t0, sp
core   0: 3 0x8000c76a (0x4022d433) x 8 0x0000008d
core   0: 0x8000c76e (0x28a50603) lb      a2, 650(a0)
core   0: 3 0x8000c76e (0x28a50603) x12 0x00000000 mem 0x80011ac3
core   0: 0x8000c772 (0xe0e50403) lb      s0, -498(a0)
core   0: 3 0x8000c772 (0xe0e50403) x 8 0xfffffffc mem 0x80011647
core   0: 0x8000c776 (0x66254103) lbu     sp, 1634(a0)
core   0: 3 0x8000c776 (0x66254103) x 2 0x00000050 mem 0x80011e9b
core   0: 0x8000c77a (0x25550283) lb      t0, 597(a0)
core   0: 3 0x8000c77a (0x25550283) x 5 0x00000045 mem 0x80011a8e
core   0: 0x8000c77e (0xf4a76613) ori     a2, a4, -182
core   0: 3 0x8000c77e (0xf4a76613) x12 0xffffffde
core   0: 0x8000c782 (0xb7c50283) lb      t0, -1156(a0)
core   0: 3 0x8000c782 (0xb7c50283) x 5 0x0000006e mem 0x800113b5
core   0: 0x8000c786 (0x7ec50283) lb      t0, 2028(a0)
core   0: 3 0x8000c786 (0x7ec50283) x 5 0xffffffde mem 0x80012025
core   0: 0x8000c78a (0x5ad55283) lhu     t0, 1453(a0)
core   0: 3 0x8000c78a (0x5ad55283) x 5 0x00009c9d mem 0x80011de6
core   0: 0x8000c78e (0x99955283) lhu     t0, -1639(a0)
core   0: 3 0x8000c78e (0x99955283) x 5 0x00008889 mem 0x800111d2
core   0: 0x8000c792 (0x96351ea3) sh      gp, -1667(a0)
core   0: 3 0x8000c792 (0x96351ea3) mem 0x800111b6 0x0700
core   0: 0x8000c796 (0x00008765) c.srai  a4, 25
core   0: 3 0x8000c796 (0x8765) x14 0x00000000
core   0: 0x8000c798 (0xd0950103) lb      sp, -759(a0)
core   0: 3 0x8000c798 (0xd0950103) x 2 0xfffffff9 mem 0x80011542
core   0: 0x8000c79c (0xc5b50183) lb      gp, -933(a0)
core   0: 3 0x8000c79c (0xc5b50183) x 3 0x0000004f mem 0x80011494
core   0: 0x8000c7a0 (0x41d55403) lhu     s0, 1053(a0)
core   0: 3 0x8000c7a0 (0x41d55403) x 8 0x00000c0d mem 0x80011c56
core   0: 0x8000c7a4 (0x5b976413) ori     s0, a4, 1465
core   0: 3 0x8000c7a4 (0x5b976413) x 8 0x000005b9
core   0: 0x8000c7a8 (0x66550823) sb      t0, 1648(a0)
core   0: 3 0x8000c7a8 (0x66550823) mem 0x80011ea9 0x89
core   0: 0x8000c7ac (0xd8c50283) lb      t0, -628(a0)
core   0: 3 0x8000c7ac (0xd8c50283) x 5 0x0000007e mem 0x800115c5
core   0: 0x8000c7b0 (0xa05529a3) sw      t0, -1517(a0)
core   0: 3 0x8000c7b0 (0xa05529a3) mem 0x8001124c 0x0000007e
core   0: 0x8000c7b4 (0x67350403) lb      s0, 1651(a0)
core   0: 3 0x8000c7b4 (0x67350403) x 8 0x00000067 mem 0x80011eac
core   0: 0x8000c7b8 (0x000061f1) c.lui   gp, 0x1c
core   0: 3 0x8000c7b8 (0x61f1) x 3 0x0001c000
core   0: 0x8000c7ba (0x66155603) lhu     a2, 1633(a0)
core   0: 3 0x8000c7ba (0x66155603) x12 0x00005051 mem 0x80011e9a
core   0: 0x8000c7be (0x02c171b3) remu    gp, sp, a2
core   0: 3 0x8000c7be (0x02c171b3) x 3 0x00000230
core   0: 0x8000c7c2 (0x60a54603) lbu     a2, 1546(a0)
core   0: 3 0x8000c7c2 (0x60a54603) x12 0x000000f8 mem 0x80011e43
core   0: 0x8000c7c6 (0x1ec50d23) sb      a2, 506(a0)
core   0: 3 0x8000c7c6 (0x1ec50d23) mem 0x80011a33 0xf8
core   0: 0x8000c7ca (0x00001d90) c.addi4spn a2, sp, 752
core   0: 3 0x8000c7ca (0x1d90) x12 0x000002e9
core   0: 0x8000c7cc (0x00e64433) xor     s0, a2, a4
core   0: 3 0x8000c7cc (0x00e64433) x 8 0x000002e9
core   0: 0x8000c7d0 (0x01650103) lb      sp, 22(a0)
core   0: 3 0x8000c7d0 (0x01650103) x 2 0x00000004 mem 0x8001184f
core   0: 0x8000c7d4 (0x00e46133) or      sp, s0, a4
core   0: 3 0x8000c7d4 (0x00e46133) x 2 0x000002e9
core   0: 0x8000c7d8 (0x5e150283) lb      t0, 1505(a0)
core   0: 3 0x8000c7d8 (0x5e150283) x 5 0xffffffd1 mem 0x80011e1a
core   0: 0x8000c7dc (0x9a850c23) sb      s0, -1608(a0)
core   0: 3 0x8000c7dc (0x9a850c23) mem 0x800111f1 0xe9
core   0: 0x8000c7e0 (0x00c2a433) slt     s0, t0, a2
core   0: 3 0x8000c7e0 (0x00c2a433) x 8 0x00000001
core   0: 0x8000c7e4 (0x00150703) lb      a4, 1(a0)
core   0: 3 0x8000c7e4 (0x00150703) x14 0xfffffff1 mem 0x8001183a
core   0: 0x8000c7e8 (0xe2c501a3) sb      a2, -477(a0)
core   0: 3 0x8000c7e8 (0xe2c501a3) mem 0x8001165c 0xe9
core   0: 0x8000c7ec (0x00a00613) li      a2, 10
core   0: 3 0x8000c7ec (0x00a00613) x12 0x0000000a
core   0: 0x8000c7f0 (0xff100c13) li      s8, -15
core   0: 3 0x8000c7f0 (0xff100c13) x24 0xfffffff1
core   0: 0x8000c7f4 (0x00008416) c.mv    s0, t0
core   0: 3 0x8000c7f4 (0x8416) x 8 0xffffffd1
core   0: 0x8000c7f6 (0x00008d6d) c.and   a0, a1
core   0: 3 0x8000c7f6 (0x8d6d) x10 0x00011000
core   0: 0x8000c7f8 (0x00001661) c.addi  a2, -8
core   0: 3 0x8000c7f8 (0x1661) x12 0x00000002
core   0: 0x8000c7fa (0xffc00713) li      a4, -4
core   0: 3 0x8000c7fa (0xffc00713) x14 0xfffffffc
core   0: 0x8000c7fe (0x00200493) li      s1, 2
core   0: 3 0x8000c7fe (0x00200493) x 9 0x00000002
core   0: 0x8000c802 (0x00000bfa) c.slli  s7, 30
core   0: 3 0x8000c802 (0x0bfa) x23 0x80000000
core   0: 0x8000c804 (0x002b4b33) xor     s6, s6, sp
core   0: 3 0x8000c804 (0x002b4b33) x22 0x80011762
core   0: 0x8000c808 (0x00000705) c.addi  a4, 1
core   0: 3 0x8000c808 (0x0705) x14 0xfffffffd
core   0: 0x8000c80a (0xfe970de3) beq     a4, s1, pc - 6
core   0: 3 0x8000c80a (0xfe970de3)
core   0: 0x8000c80e (0xff8654e3) bge     a2, s8, pc - 24
core   0: 3 0x8000c80e (0xff8654e3)
core   0: 0x8000c7f6 (0x00008d6d) c.and   a0, a1
core   0: 3 0x8000c7f6 (0x8d6d) x10 0x00011000
core   0: 0x8000c7f8 (0x00001661) c.addi  a2, -8
core   0: 3 0x8000c7f8 (0x1661) x12 0xfffffffa
core   0: 0x8000c7fa (0xffc00713) li      a4, -4
core   0: 3 0x8000c7fa (0xffc00713) x14 0xfffffffc
core   0: 0x8000c7fe (0x00200493) li      s1, 2
core   0: 3 0x8000c7fe (0x00200493) x 9 0x00000002
core   0: 0x8000c802 (0x00000bfa) c.slli  s7, 30
core   0: 3 0x8000c802 (0x0bfa) x23 0x00000000
core   0: 0x8000c804 (0x002b4b33) xor     s6, s6, sp
core   0: 3 0x8000c804 (0x002b4b33) x22 0x8001158b
core   0: 0x8000c808 (0x00000705) c.addi  a4, 1
core   0: 3 0x8000c808 (0x0705) x14 0xfffffffd
core   0: 0x8000c80a (0xfe970de3) beq     a4, s1, pc - 6
core   0: 3 0x8000c80a (0xfe970de3)
core   0: 0x8000c80e (0xff8654e3) bge     a2, s8, pc - 24
core   0: 3 0x8000c80e (0xff8654e3)
core   0: 0x8000c7f6 (0x00008d6d) c.and   a0, a1
core   0: 3 0x8000c7f6 (0x8d6d) x10 0x00011000
core   0: 0x8000c7f8 (0x00001661) c.addi  a2, -8
core   0: 3 0x8000c7f8 (0x1661) x12 0xfffffff2
core   0: 0x8000c7fa (0xffc00713) li      a4, -4
core   0: 3 0x8000c7fa (0xffc00713) x14 0xfffffffc
core   0: 0x8000c7fe (0x00200493) li      s1, 2
core   0: 3 0x8000c7fe (0x00200493) x 9 0x00000002
core   0: 0x8000c802 (0x00000bfa) c.slli  s7, 30
core   0: 3 0x8000c802 (0x0bfa) x23 0x00000000
core   0: 0x8000c804 (0x002b4b33) xor     s6, s6, sp
core   0: 3 0x8000c804 (0x002b4b33) x22 0x80011762
core   0: 0x8000c808 (0x00000705) c.addi  a4, 1
core   0: 3 0x8000c808 (0x0705) x14 0xfffffffd
core   0: 0x8000c80a (0xfe970de3) beq     a4, s1, pc - 6
core   0: 3 0x8000c80a (0xfe970de3)
core   0: 0x8000c80e (0xff8654e3) bge     a2, s8, pc - 24
core   0: 3 0x8000c80e (0xff8654e3)
core   0: 0x8000c7f6 (0x00008d6d) c.and   a0, a1
core   0: 3 0x8000c7f6 (0x8d6d) x10 0x00011000
core   0: 0x8000c7f8 (0x00001661) c.addi  a2, -8
core   0: 3 0x8000c7f8 (0x1661) x12 0xffffffea
core   0: 0x8000c7fa (0xffc00713) li      a4, -4
core   0: 3 0x8000c7fa (0xffc00713) x14 0xfffffffc
core   0: 0x8000c7fe (0x00200493) li      s1, 2
core   0: 3 0x8000c7fe (0x00200493) x 9 0x00000002
core   0: 0x8000c802 (0x00000bfa) c.slli  s7, 30
core   0: 3 0x8000c802 (0x0bfa) x23 0x00000000
core   0: 0x8000c804 (0x002b4b33) xor     s6, s6, sp
core   0: 3 0x8000c804 (0x002b4b33) x22 0x8001158b
core   0: 0x8000c808 (0x00000705) c.addi  a4, 1
core   0: 3 0x8000c808 (0x0705) x14 0xfffffffd
core   0: 0x8000c80a (0xfe970de3) beq     a4, s1, pc - 6
core   0: 3 0x8000c80a (0xfe970de3)
core   0: 0x8000c80e (0xff8654e3) bge     a2, s8, pc - 24
core   0: 3 0x8000c80e (0xff8654e3)
core   0: 0x8000c812 (0x000007fd) c.addi  a5, 31
core   0: 3 0x8000c812 (0x07fd) x15 0x00000079
core   0: 0x8000c814 (0x41c5d993) srai    s3, a1, 28
core   0: 3 0x8000c814 (0x41c5d993) x19 0x00000007
core   0: 0x8000c818 (0x0000ee1d) c.bnez  a2, pc + 62
core   0: 3 0x8000c818 (0xee1d)
core   0: 0x8000c856 (0x02977e13) andi    t3, a4, 41
core   0: 3 0x8000c856 (0x02977e13) x28 0x00000029
core   0: 0x8000c85a (0x0000078c) c.addi4spn a1, sp, 960
core   0: 3 0x8000c85a (0x078c) x11 0x000006a9
core   0: 0x8000c85c (0x00337d63) bgeu    t1, gp, pc + 26
core   0: 3 0x8000c85c (0x00337d63)
core   0: 0x8000c860 (0x00000509) c.addi  a0, 2
core   0: 3 0x8000c860 (0x0509) x10 0x00011002
core   0: 0x8000c862 (0x00008fa5) c.xor   a5, s1
core   0: 3 0x8000c862 (0x8fa5) x15 0x0000007b
core   0: 0x8000c864 (0x0000cf85) c.beqz  a5, pc + 56
core   0: 3 0x8000c864 (0xcf85)
core   0: 0x8000c866 (0x00006119) c.addi16sp sp, 384
core   0: 3 0x8000c866 (0x6119) x 2 0x00000469
core   0: 0x8000c868 (0x00008911) c.andi  a0, 4
core   0: 3 0x8000c868 (0x8911) x10 0x00000000
core   0: 0x8000c86a (0xc0b55d97) auipc   s11, 0xc0b55
core   0: 3 0x8000c86a (0xc0b55d97) x27 0x40b6186a
core   0: 0x8000c86e (0x5c6efb13) andi    s6, t4, 1478
core   0: 3 0x8000c86e (0x5c6efb13) x22 0x00000000
core   0: 0x8000c872 (0x00001200) c.addi4spn s0, sp, 288
core   0: 3 0x8000c872 (0x1200) x 8 0x00000589
core   0: 0x8000c874 (0x00008efa) c.mv    t4, t5
core   0: 3 0x8000c874 (0x8efa) x29 0xe8e9ea7c
core   0: 0x8000c876 (0x0110ee63) bltu    ra, a7, pc + 28
core   0: 3 0x8000c876 (0x0110ee63)
core   0: 0x8000c87a (0xf5afec93) ori     s9, t6, -166
core   0: 3 0x8000c87a (0xf5afec93) x25 0xffffff5f
core   0: 0x8000c87e (0x00000ed2) c.slli  t4, 20
core   0: 3 0x8000c87e (0x0ed2) x29 0xa7c00000
core   0: 0x8000c880 (0x000090ca) c.add   ra, s2
core   0: 3 0x8000c880 (0x90ca) x 1 0xf1d66f5d
core   0: 0x8000c882 (0x02f2f463) bgeu    t0, a5, pc + 40
core   0: 3 0x8000c882 (0x02f2f463)
core   0: 0x8000c8aa (0x01321463) bne     tp, s3, pc + 8
core   0: 3 0x8000c8aa (0x01321463)
core   0: 0x8000c8b2 (0x40175e13) srai    t3, a4, 1
core   0: 3 0x8000c8b2 (0x40175e13) x28 0xfffffffe
core   0: 0x8000c8b6 (0x02143cb3) mulhu   s9, s0, ra
core   0: 3 0x8000c8b6 (0x02143cb3) x25 0x0000053a
core   0: 0x8000c8ba (0x0228a5b3) mulhsu  a1, a7, sp
core   0: 3 0x8000c8ba (0x0228a5b3) x11 0xfffffdcb
core   0: 0x8000c8be (0x00001004) c.addi4spn s1, sp, 32
core   0: 3 0x8000c8be (0x1004) x 9 0x00000489
core   0: 0x8000c8c0 (0x00000001) c.nop
core   0: 3 0x8000c8c0 (0x0001)
core   0: 0x8000c8c2 (0x9d998593) addi    a1, s3, -1575
core   0: 3 0x8000c8c2 (0x9d998593) x11 0xfffff9e0
core   0: 0x8000c8c6 (0x00008c2d) c.xor   s0, a1
core   0: 3 0x8000c8c6 (0x8c2d) x 8 0xfffffc69
core   0: 0x8000c8c8 (0x1082e193) ori     gp, t0, 264
core   0: 3 0x8000c8c8 (0x1082e193) x 3 0xffffffd9
core   0: 0x8000c8cc (0xdb3b6d13) ori     s10, s6, -589
core   0: 3 0x8000c8cc (0xdb3b6d13) x26 0xfffffdb3
core   0: 0x8000c8d0 (0x00008c05) c.sub   s0, s1
core   0: 3 0x8000c8d0 (0x8c05) x 8 0xfffff7e0
core   0: 0x8000c8d2 (0x00008172) c.mv    sp, t3
core   0: 3 0x8000c8d2 (0x8172) x 2 0xfffffffe
core   0: 0x8000c8d4 (0x00006175) c.addi16sp sp, 368
core   0: 3 0x8000c8d4 (0x6175) x 2 0x0000016e
core   0: 0x8000c8d6 (0x4154d1b3) sra     gp, s1, s5
core   0: 3 0x8000c8d6 (0x4154d1b3) x 3 0x00000048
core   0: 0x8000c8da (0x023f92b3) mulh    t0, t6, gp
core   0: 3 0x8000c8da (0x023f92b3) x 5 0xffffffff
core   0: 0x8000c8de (0x00008925) c.andi  a0, 9
core   0: 3 0x8000c8de (0x8925) x10 0x00000000
core   0: 0x8000c8e0 (0x0257d933) divu    s2, a5, t0
core   0: 3 0x8000c8e0 (0x0257d933) x18 0x00000000
core   0: 0x8000c8e4 (0x03f4cc63) blt     s1, t6, pc + 56
core   0: 3 0x8000c8e4 (0x03f4cc63)
core   0: 0x8000c8e8 (0x0257c063) blt     a5, t0, pc + 32
core   0: 3 0x8000c8e8 (0x0257c063)
core   0: 0x8000c8ec (0x2d01e593) ori     a1, gp, 720
core   0: 3 0x8000c8ec (0x2d01e593) x11 0x000002d8
core   0: 0x8000c8f0 (0x00a910b3) sll     ra, s2, a0
core   0: 3 0x8000c8f0 (0x00a910b3) x 1 0x00000000
core   0: 0x8000c8f4 (0x0000e021) c.bnez  s0, pc + 64
core   0: 3 0x8000c8f4 (0xe021)
core   0: 0x8000c934 (0x0000008e) c.slli  ra, 3
core   0: 3 0x8000c934 (0x008e) x 1 0x00000000
core   0: 0x8000c936 (0x01a47193) andi    gp, s0, 26
core   0: 3 0x8000c936 (0x01a47193) x 3 0x00000000
core   0: 0x8000c93a (0x413fdf33) sra     t5, t6, s3
core   0: 3 0x8000c93a (0x413fdf33) x30 0xfffffe5e
core   0: 0x8000c93e (0x4f27bc17) auipc   s8, 0x4f27b
core   0: 3 0x8000c93e (0x4f27bc17) x24 0xcf28793e
core   0: 0x8000c942 (0x00008471) c.srai  s0, 28
core   0: 3 0x8000c942 (0x8471) x 8 0xffffffff
core   0: 0x8000c944 (0x00006309) c.lui   t1, 0x2
core   0: 3 0x8000c944 (0x6309) x 6 0x00002000
core   0: 0x8000c946 (0x00000001) c.nop
core   0: 3 0x8000c946 (0x0001)
core   0: 0x8000c948 (0x0000100f) fence.i
core   0: 3 0x8000c948 (0x0000100f)
core   0: 0x8000c94c (0xa5acf093) andi    ra, s9, -1446
core   0: 3 0x8000c94c (0xa5acf093) x 1 0x0000001a
core   0: 0x8000c950 (0x00673c33) sltu    s8, a4, t1
core   0: 3 0x8000c950 (0x00673c33) x24 0x00000000
core   0: 0x8000c954 (0x01f0fdb3) and     s11, ra, t6
core   0: 3 0x8000c954 (0x01f0fdb3) x27 0x00000002
core   0: 0x8000c958 (0x023a1bb3) mulh    s7, s4, gp
core   0: 3 0x8000c958 (0x023a1bb3) x23 0x00000000
core   0: 0x8000c95c (0x03717433) remu    s0, sp, s7
core   0: 3 0x8000c95c (0x03717433) x 8 0x0000016e
core   0: 0x8000c960 (0x00008852) c.mv    a6, s4
core   0: 3 0x8000c960 (0x8852) x16 0x000000a4
core   0: 0x8000c962 (0x417c85b3) sub     a1, s9, s7
core   0: 3 0x8000c962 (0x417c85b3) x11 0x0000053a
core   0: 0x8000c966 (0x03a065b3) rem     a1, zero, s10
core   0: 3 0x8000c966 (0x03a065b3) x11 0x00000000
core   0: 0x8000c96a (0x169f7293) andi    t0, t5, 361
core   0: 3 0x8000c96a (0x169f7293) x 5 0x00000048
core   0: 0x8000c96e (0x0000074a) c.slli  a4, 18
core   0: 3 0x8000c96e (0x074a) x14 0xfff40000
core   0: 0x8000c970 (0x004c6663) bltu    s8, tp, pc + 12
core   0: 3 0x8000c970 (0x004c6663)
core   0: 0x8000c974 (0x57e48e93) addi    t4, s1, 1406
core   0: 3 0x8000c974 (0x57e48e93) x29 0x00000a07
core   0: 0x8000c978 (0x029349b3) div     s3, t1, s1
core   0: 3 0x8000c978 (0x029349b3) x19 0x00000007
core   0: 0x8000c97c (0x02b054b3) divu    s1, zero, a1
core   0: 3 0x8000c97c (0x02b054b3) x 9 0xffffffff
core   0: 0x8000c980 (0x000099fd) c.andi  a1, -1
core   0: 3 0x8000c980 (0x99fd) x11 0x00000000
core   0: 0x8000c982 (0x00009b7d) c.andi  a4, -1
core   0: 3 0x8000c982 (0x9b7d) x14 0xfff40000
core   0: 0x8000c984 (0x00004385) c.li    t2, 1
core   0: 3 0x8000c984 (0x4385) x 7 0x00000001
core   0: 0x8000c986 (0x00000001) c.nop
core   0: 3 0x8000c986 (0x0001)
core   0: 0x8000c988 (0x00000001) c.nop
core   0: 3 0x8000c988 (0x0001)
core   0: 0x8000c98a (0x03dffbb3) remu    s7, t6, t4
core   0: 3 0x8000c98a (0x03dffbb3) x23 0x00000784
core   0: 0x8000c98e (0x008cef33) or      t5, s9, s0
core   0: 3 0x8000c98e (0x008cef33) x30 0x0000057e
core   0: 0x8000c992 (0x0000100f) fence.i
core   0: 3 0x8000c992 (0x0000100f)
core   0: 0x8000c996 (0x00f79733) sll     a4, a5, a5
core   0: 3 0x8000c996 (0x00f79733) x14 0xd8000000
core   0: 0x8000c99a (0x0000517d) c.li    sp, -1
core   0: 3 0x8000c99a (0x517d) x 2 0xffffffff
core   0: 0x8000c99c (0x01739c63) bne     t2, s7, pc + 24
core   0: 3 0x8000c99c (0x01739c63)
core   0: 0x8000c9b4 (0x6c884293) xori    t0, a6, 1736
core   0: 3 0x8000c9b4 (0x6c884293) x 5 0x0000066c
core   0: 0x8000c9b8 (0x94887617) auipc   a2, 0x94887
core   0: 3 0x8000c9b8 (0x94887617) x12 0x148939b8
core   0: 0x8000c9bc (0x01012833) slt     a6, sp, a6
core   0: 3 0x8000c9bc (0x01012833) x16 0x00000001
core   0: 0x8000c9c0 (0x4b01c237) lui     tp, 0x4b01c
core   0: 3 0x8000c9c0 (0x4b01c237) x 4 0x4b01c000
core   0: 0x8000c9c4 (0x403cdcb3) sra     s9, s9, gp
core   0: 3 0x8000c9c4 (0x403cdcb3) x25 0x0000053a
core   0: 0x8000c9c8 (0x0000b817) auipc   a6, 0xb
core   0: 3 0x8000c9c8 (0x0000b817) x16 0x800179c8
core   0: 0x8000c9cc (0x20b80813) addi    a6, a6, 523
core   0: 3 0x8000c9cc (0x20b80813) x16 0x80017bd3
core   0: 0x8000c9d0 (0x0297b4b3) mulhu   s1, a5, s1
core   0: 3 0x8000c9d0 (0x0297b4b3) x 9 0x0000007a
core   0: 0x8000c9d4 (0xf2c80f23) sb      a2, -194(a6)
core   0: 3 0x8000c9d4 (0xf2c80f23) mem 0x80017b11 0xb8
core   0: 0x8000c9d8 (0x01b807a3) sb      s11, 15(a6)
core   0: 3 0x8000c9d8 (0x01b807a3) mem 0x80017be2 0x2
core   0: 0x8000c9dc (0x02c46033) rem     zero, s0, a2
core   0: 3 0x8000c9dc (0x02c46033)
core   0: 0x8000c9e0 (0x01984d83) lbu     s11, 25(a6)
core   0: 3 0x8000c9e0 (0x01984d83) x27 0x000000a7 mem 0x80017bec
core   0: 0x8000c9e4 (0x02940db3) mul     s11, s0, s1
core   0: 3 0x8000c9e4 (0x02940db3) x27 0x0000ae6c
core   0: 0x8000c9e8 (0xf8f80623) sb      a5, -116(a6)
core   0: 3 0x8000c9e8 (0xf8f80623) mem 0x80017b5f 0x7b
core   0: 0x8000c9ec (0x0bd85783) lhu     a5, 189(a6)
core   0: 3 0x8000c9ec (0x0bd85783) x15 0x00004a4b mem 0x80017c90
core   0: 0x8000c9f0 (0x00008dee) c.mv    s11, s11
core   0: 3 0x8000c9f0 (0x8dee) x27 0x0000ae6c
core   0: 0x8000c9f2 (0xfea80603) lb      a2, -22(a6)
core   0: 3 0x8000c9f2 (0xfea80603) x12 0x00000076 mem 0x80017bbd
core   0: 0x8000c9f6 (0x00f85403) lhu     s0, 15(a6)
core   0: 3 0x8000c9f6 (0x00f85403) x 8 0x00009802 mem 0x80017be2
core   0: 0x8000c9fa (0x00c48db3) add     s11, s1, a2
core   0: 3 0x8000c9fa (0x00c48db3) x27 0x000000f0
core   0: 0x8000c9fe (0x00008669) c.srai  a2, 26
core   0: 3 0x8000c9fe (0x8669) x12 0x00000000
core   0: 0x8000ca00 (0xf9080403) lb      s0, -112(a6)
core   0: 3 0x8000ca00 (0xf9080403) x 8 0x00000018 mem 0x80017b63
core   0: 0x8000ca04 (0x0b684003) lbu     zero, 182(a6)
core   0: 3 0x8000ca04 (0x0b684003) mem 0x80017c89
core   0: 0x8000ca08 (0x2397ad93) slti    s11, a5, 569
core   0: 3 0x8000ca08 (0x2397ad93) x27 0x00000000
core   0: 0x8000ca0c (0x1b27c493) xori    s1, a5, 434
core   0: 3 0x8000ca0c (0x1b27c493) x 9 0x00004bf9
core   0: 0x8000ca10 (0x00f7fdb3) and     s11, a5, a5
core   0: 3 0x8000ca10 (0x00f7fdb3) x27 0x00004a4b
core   0: 0x8000ca14 (0x0ff0000f) fence   iorw,iorw
core   0: 3 0x8000ca14 (0x0ff0000f)
core   0: 0x8000ca18 (0x03e80003) lb      zero, 62(a6)
core   0: 3 0x8000ca18 (0x03e80003) mem 0x80017c11
core   0: 0x8000ca1c (0x40f78db3) sub     s11, a5, a5
core   0: 3 0x8000ca1c (0x40f78db3) x27 0x00000000
core   0: 0x8000ca20 (0x02806db3) rem     s11, zero, s0
core   0: 3 0x8000ca20 (0x02806db3) x27 0x00000000
core   0: 0x8000ca24 (0x0f981603) lh      a2, 249(a6)
core   0: 3 0x8000ca24 (0x0f981603) x12 0xffff8687 mem 0x80017ccc
core   0: 0x8000ca28 (0x000097b2) c.add   a5, a2
core   0: 3 0x8000ca28 (0x97b2) x15 0xffffd0d2
core   0: 0x8000ca2a (0x000057fd) c.li    a5, -1
core   0: 3 0x8000ca2a (0x57fd) x15 0xffffffff
core   0: 0x8000ca2c (0xf9982483) lw      s1, -103(a6)
core   0: 3 0x8000ca2c (0xf9982483) x 9 0x24252627 mem 0x80017b6c
core   0: 0x8000ca30 (0x02c4cdb3) div     s11, s1, a2
core   0: 3 0x8000ca30 (0x02c4cdb3) x27 0xffffb3d4
core   0: 0x8000ca34 (0x0bc84603) lbu     a2, 188(a6)
core   0: 3 0x8000ca34 (0x0bc84603) x12 0x00000044 mem 0x80017c8f
core   0: 0x8000ca38 (0x008d9633) sll     a2, s11, s0
core   0: 3 0x8000ca38 (0x008d9633) x12 0xd4000000
core   0: 0x8000ca3c (0x40965db3) sra     s11, a2, s1
core   0: 3 0x8000ca3c (0x40965db3) x27 0xffa80000
core   0: 0x8000ca40 (0xfc284483) lbu     s1, -62(a6)
core   0: 3 0x8000ca40 (0xfc284483) x 9 0x0000004e mem 0x80017b95
core   0: 0x8000ca44 (0x034c9a33) mulh    s4, s9, s4
core   0: 3 0x8000ca44 (0x034c9a33) x20 0x00000000
core   0: 0x8000ca48 (0x02bf20b3) mulhsu  ra, t5, a1
core   0: 3 0x8000ca48 (0x02bf20b3) x 1 0x00000000
core   0: 0x8000ca4c (0x01ae32b3) sltu    t0, t3, s10
core   0: 3 0x8000ca4c (0x01ae32b3) x 5 0x00000000
core   0: 0x8000ca50 (0x02323733) mulhu   a4, tp, gp
core   0: 3 0x8000ca50 (0x02323733) x14 0x00000000
core   0: 0x8000ca54 (0x035befb3) rem     t6, s7, s5
core   0: 3 0x8000ca54 (0x035befb3) x31 0x00000784
core   0: 0x8000ca58 (0xf5df2e13) slti    t3, t5, -163
core   0: 3 0x8000ca58 (0xf5df2e13) x28 0x00000000
core   0: 0x8000ca5c (0x00bedd13) srli    s10, t4, 11
core   0: 3 0x8000ca5c (0x00bedd13) x26 0x00000001
core   0: 0x8000ca60 (0x01773a33) sltu    s4, a4, s7
core   0: 3 0x8000ca60 (0x01773a33) x20 0x00000001
core   0: 0x8000ca64 (0x00ca9f93) slli    t6, s5, 12
core   0: 3 0x8000ca64 (0x00ca9f93) x31 0x2ace4000
core   0: 0x8000ca68 (0x01715633) srl     a2, sp, s7
core   0: 3 0x8000ca68 (0x01715633) x12 0x0fffffff
core   0: 0x8000ca6c (0x000087dd) c.srai  a5, 23
core   0: 3 0x8000ca6c (0x87dd) x15 0xffffffff
core   0: 0x8000ca6e (0x01dfb933) sltu    s2, t6, t4
core   0: 3 0x8000ca6e (0x01dfb933) x18 0x00000000
core   0: 0x8000ca72 (0x0080f133) and     sp, ra, s0
core   0: 3 0x8000ca72 (0x0080f133) x 2 0x00000000
core   0: 0x8000ca76 (0x00b2de13) srli    t3, t0, 11
core   0: 3 0x8000ca76 (0x00b2de13) x28 0x00000000
core   0: 0x8000ca7a (0x02fd37b3) mulhu   a5, s10, a5
core   0: 3 0x8000ca7a (0x02fd37b3) x15 0x00000000
core   0: 0x8000ca7e (0x0ff0000f) fence   iorw,iorw
core   0: 3 0x8000ca7e (0x0ff0000f)
core   0: 0x8000ca82 (0x000004ba) c.slli  s1, 14
core   0: 3 0x8000ca82 (0x04ba) x 9 0x00138000
core   0: 0x8000ca84 (0x037c6a33) rem     s4, s8, s7
core   0: 3 0x8000ca84 (0x037c6a33) x20 0x00000000
core   0: 0x8000ca88 (0x029ddeb3) divu    t4, s11, s1
core   0: 3 0x8000ca88 (0x029ddeb3) x29 0x00000d1c
core   0: 0x8000ca8c (0x0129fa63) bgeu    s3, s2, pc + 20
core   0: 3 0x8000ca8c (0x0129fa63)
core   0: 0x8000caa0 (0x02b75533) divu    a0, a4, a1
core   0: 3 0x8000caa0 (0x02b75533) x10 0xffffffff
core   0: 0x8000caa4 (0x02a26863) bltu    tp, a0, pc + 48
core   0: 3 0x8000caa4 (0x02a26863)
core   0: 0x8000cad4 (0x0045cdb3) xor     s11, a1, tp
core   0: 3 0x8000cad4 (0x0045cdb3) x27 0x4b01c000
core   0: 0x8000cad8 (0x02f38a33) mul     s4, t2, a5
core   0: 3 0x8000cad8 (0x02f38a33) x20 0x00000000
core   0: 0x8000cadc (0x0002fc63) bgeu    t0, zero, pc + 24
core   0: 3 0x8000cadc (0x0002fc63)
core   0: 0x8000caf4 (0x02b683b3) mul     t2, a3, a1
core   0: 3 0x8000caf4 (0x02b683b3) x 7 0x00000000
core   0: 0x8000caf8 (0x034d69b3) rem     s3, s10, s4
core   0: 3 0x8000caf8 (0x034d69b3) x19 0x00000001
core   0: 0x8000cafc (0x0093d763) bge     t2, s1, pc + 14
core   0: 3 0x8000cafc (0x0093d763)
core   0: 0x8000cb00 (0x000084f9) c.srai  s1, 30
core   0: 3 0x8000cb00 (0x84f9) x 9 0x00000000
core   0: 0x8000cb02 (0x6d40c597) auipc   a1, 0x6d40c
core   0: 3 0x8000cb02 (0x6d40c597) x11 0xed418b02
core   0: 0x8000cb06 (0x02648263) beq     s1, t1, pc + 36
core   0: 3 0x8000cb06 (0x02648263)
core   0: 0x8000cb0a (0x0000100f) fence.i
core   0: 3 0x8000cb0a (0x0000100f)
core   0: 0x8000cb0e (0x0000717d) c.addi16sp sp, -16
core   0: 3 0x8000cb0e (0x717d) x 2 0xfffffff0
core   0: 0x8000cb10 (0x00000eea) c.slli  t4, 26
core   0: 3 0x8000cb10 (0x0eea) x29 0x70000000
core   0: 0x8000cb12 (0x004fdfb3) srl     t6, t6, tp
core   0: 3 0x8000cb12 (0x004fdfb3) x31 0x2ace4000
core   0: 0x8000cb16 (0x03d79233) mulh    tp, a5, t4
core   0: 3 0x8000cb16 (0x03d79233) x 4 0x00000000
core   0: 0x8000cb1a (0x00008f36) c.mv    t5, a3
core   0: 3 0x8000cb1a (0x8f36) x30 0xfc094c38
core   0: 0x8000cb1c (0x00b49763) bne     s1, a1, pc + 14
core   0: 3 0x8000cb1c (0x00b49763)
core   0: 0x8000cb2a (0x03034233) div     tp, t1, a6
core   0: 3 0x8000cb2a (0x03034233) x 4 0x00000000
core   0: 0x8000cb2e (0x00f58133) add     sp, a1, a5
core   0: 3 0x8000cb2e (0x00f58133) x 2 0xed418b02
core   0: 0x8000cb32 (0x00000001) c.nop
core   0: 3 0x8000cb32 (0x0001)
core   0: 0x8000cb34 (0x01dd6233) or      tp, s10, t4
core   0: 3 0x8000cb34 (0x01dd6233) x 4 0x70000001
core   0: 0x8000cb38 (0x01ce9a13) slli    s4, t4, 28
core   0: 3 0x8000cb38 (0x01ce9a13) x20 0x00000000
core   0: 0x8000cb3c (0x00bf9993) slli    s3, t6, 11
core   0: 3 0x8000cb3c (0x00bf9993) x19 0x72000000
core   0: 0x8000cb40 (0x00008e79) c.and   a2, a4
core   0: 3 0x8000cb40 (0x8e79) x12 0x00000000
core   0: 0x8000cb42 (0x00008cd9) c.or    s1, a4
core   0: 3 0x8000cb42 (0x8cd9) x 9 0x00000000
core   0: 0x8000cb44 (0x00000c7d) c.addi  s8, 31
core   0: 3 0x8000cb44 (0x0c7d) x24 0x0000001f
core   0: 0x8000cb46 (0x0129e533) or      a0, s3, s2
core   0: 3 0x8000cb46 (0x0129e533) x10 0x72000000
core   0: 0x8000cb4a (0x01ff5713) srli    a4, t5, 31
core   0: 3 0x8000cb4a (0x01ff5713) x14 0x00000001
core   0: 0x8000cb4e (0x00008e09) c.sub   a2, a0
core   0: 3 0x8000cb4e (0x8e09) x12 0x8e000000
core   0: 0x8000cb50 (0x00008f25) c.xor   a4, s1
core   0: 3 0x8000cb50 (0x8f25) x14 0x00000001
core   0: 0x8000cb52 (0x000017fd) c.addi  a5, -1
core   0: 3 0x8000cb52 (0x17fd) x15 0xffffffff
core   0: 0x8000cb54 (0x00008f6d) c.and   a4, a1
core   0: 3 0x8000cb54 (0x8f6d) x14 0x00000000
core   0: 0x8000cb56 (0x00008521) c.srai  a0, 8
core   0: 3 0x8000cb56 (0x8521) x10 0x00720000
core   0: 0x8000cb58 (0x02212533) mulhsu  a0, sp, sp
core   0: 3 0x8000cb58 (0x02212533) x10 0xeea0e127
core   0: 0x8000cb5c (0xff23bb13) sltiu   s6, t2, -14
core   0: 3 0x8000cb5c (0xff23bb13) x22 0x00000001
core   0: 0x8000cb60 (0x01289e93) slli    t4, a7, 18
core   0: 3 0x8000cb60 (0x01289e93) x29 0xb8c00000
core   0: 0x8000cb64 (0x031a92b3) mulh    t0, s5, a7
core   0: 3 0x8000cb64 (0x031a92b3) x 5 0x3ffd727c
core   0: 0x8000cb68 (0x000f0463) beqz    t5, pc + 8
core   0: 3 0x8000cb68 (0x000f0463)
core   0: 0x8000cb6c (0x0000717d) c.addi16sp sp, -16
core   0: 3 0x8000cb6c (0x717d) x 2 0xed418af2
core   0: 0x8000cb6e (0x00009542) c.add   a0, a6
core   0: 3 0x8000cb6e (0x9542) x10 0x6ea25cfa
core   0: 0x8000cb70 (0x12479f97) auipc   t6, 0x12479
core   0: 3 0x8000cb70 (0x12479f97) x31 0x92485b70
core   0: 0x8000cb74 (0x032d6fb3) rem     t6, s10, s2
core   0: 3 0x8000cb74 (0x032d6fb3) x31 0x00000001
core   0: 0x8000cb78 (0x00001404) c.addi4spn s1, sp, 544
core   0: 3 0x8000cb78 (0x1404) x 9 0xed418d12
core   0: 0x8000cb7a (0x02624a33) div     s4, tp, t1
core   0: 3 0x8000cb7a (0x02624a33) x20 0x00038000
core   0: 0x8000cb7e (0x81792713) slti    a4, s2, -2025
core   0: 3 0x8000cb7e (0x81792713) x14 0x00000000
core   0: 0x8000cb82 (0x00000001) c.nop
core   0: 3 0x8000cb82 (0x0001)
core   0: 0x8000cb84 (0x00076033) or      zero, a4, zero
core   0: 3 0x8000cb84 (0x00076033)
core   0: 0x8000cb88 (0x031ef763) bgeu    t4, a7, pc + 46
core   0: 3 0x8000cb88 (0x031ef763)
core   0: 0x8000cbb6 (0xb2704293) xori    t0, zero, -1241
core   0: 3 0x8000cbb6 (0xb2704293) x 5 0xfffffb27
core   0: 0x8000cbba (0x035b4a33) div     s4, s6, s5
core   0: 3 0x8000cbba (0x035b4a33) x20 0x00000000
core   0: 0x8000cbbe (0x023e4763) blt     t3, gp, pc + 46
core   0: 3 0x8000cbbe (0x023e4763)
core   0: 0x8000cbc2 (0x016b2a33) slt     s4, s6, s6
core   0: 3 0x8000cbc2 (0x016b2a33) x20 0x00000000
core   0: 0x8000cbc6 (0x00008f55) c.or    a4, a3
core   0: 3 0x8000cbc6 (0x8f55) x14 0xfc094c38
core   0: 0x8000cbc8 (0x03d91733) mulh    a4, s2, t4
core   0: 3 0x8000cbc8 (0x03d91733) x14 0x00000000
core   0: 0x8000cbcc (0x0000c129) c.beqz  a0, pc + 66
core   0: 3 0x8000cbcc (0xc129)
core   0: 0x8000cbce (0x012ca733) slt     a4, s9, s2
core   0: 3 0x8000cbce (0x012ca733) x14 0x00000000
core   0: 0x8000cbd2 (0x1b4ec293) xori    t0, t4, 436
core   0: 3 0x8000cbd2 (0x1b4ec293) x 5 0xb8c001b4
core   0: 0x8000cbd6 (0x00383d93) sltiu   s11, a6, 3
core   0: 3 0x8000cbd6 (0x00383d93) x27 0x00000000
core   0: 0x8000cbda (0x00000001) c.nop
core   0: 3 0x8000cbda (0x0001)
core   0: 0x8000cbdc (0x009eb0b3) sltu    ra, t4, s1
core   0: 3 0x8000cbdc (0x009eb0b3) x 1 0x00000001
core   0: 0x8000cbe0 (0x01b14333) xor     t1, sp, s11
core   0: 3 0x8000cbe0 (0x01b14333) x 6 0xed418af2
core   0: 0x8000cbe4 (0x014c42b3) xor     t0, s8, s4
core   0: 3 0x8000cbe4 (0x014c42b3) x 5 0x0000001f
core   0: 0x8000cbe8 (0x02bd6963) bltu    s10, a1, pc + 50
core   0: 3 0x8000cbe8 (0x02bd6963)
core   0: 0x8000cc1a (0x0000140c) c.addi4spn a1, sp, 544
core   0: 3 0x8000cc1a (0x140c) x11 0xed418d12
core   0: 0x8000cc1c (0x00000001) c.nop
core   0: 3 0x8000cc1c (0x0001)
core   0: 0x8000cc1e (0x02016d63) bltu    sp, zero, pc + 58
core   0: 3 0x8000cc1e (0x02016d63)
core   0: 0x8000cc22 (0x0000e89d) c.bnez  s1, pc + 54
core   0: 3 0x8000cc22 (0xe89d)
core   0: 0x8000cc58 (0x0000e719) c.bnez  a4, pc + 14
core   0: 3 0x8000cc58 (0xe719)
core   0: 0x8000cc5a (0x417c5a33) sra     s4, s8, s7
core   0: 3 0x8000cc5a (0x417c5a33) x20 0x00000001
core   0: 0x8000cc5e (0x014fe5b3) or      a1, t6, s4
core   0: 3 0x8000cc5e (0x014fe5b3) x11 0x00000001
core   0: 0x8000cc62 (0x014c1c63) bne     s8, s4, pc + 24
core   0: 3 0x8000cc62 (0x014c1c63)
core   0: 0x8000cc7a (0x04bde063) bltu    s11, a1, pc + 64
core   0: 3 0x8000cc7a (0x04bde063)
core   0: 0x8000ccba (0x02991233) mulh    tp, s2, s1
core   0: 3 0x8000ccba (0x02991233) x 4 0x00000000
core   0: 0x8000ccbe (0x00042b33) slt     s6, s0, zero
core   0: 3 0x8000ccbe (0x00042b33) x22 0x00000000
core   0: 0x8000ccc2 (0x0000717d) c.addi16sp sp, -16
core   0: 3 0x8000ccc2 (0x717d) x 2 0xed418ae2
core   0: 0x8000ccc4 (0x0000970a) c.add   a4, sp
core   0: 3 0x8000ccc4 (0x970a) x14 0xed418ae2
core   0: 0x8000ccc6 (0x418a80b3) sub     ra, s5, s8
core   0: 3 0x8000ccc6 (0x418a80b3) x 1 0x8002acc5
core   0: 0x8000ccca (0x00000001) c.nop
core   0: 3 0x8000ccca (0x0001)
core   0: 0x8000cccc (0xbee0fa13) andi    s4, ra, -1042
core   0: 3 0x8000cccc (0xbee0fa13) x20 0x8002a8c4
core   0: 0x8000ccd0 (0x1f523b93) sltiu   s7, tp, 501
core   0: 3 0x8000ccd0 (0x1f523b93) x23 0x00000001
core   0: 0x8000ccd4 (0x4189d593) srai    a1, s3, 24
core   0: 3 0x8000ccd4 (0x4189d593) x11 0x00000072
core   0: 0x8000ccd8 (0x00000b85) c.addi  s7, 1
core   0: 3 0x8000ccd8 (0x0b85) x23 0x00000002
core   0: 0x8000ccda (0x0387e363) bltu    a5, s8, pc + 38
core   0: 3 0x8000ccda (0x0387e363)
core   0: 0x8000ccde (0x7e63cf17) auipc   t5, 0x7e63c
core   0: 3 0x8000ccde (0x7e63cf17) x30 0xfe648cde
core   0: 0x8000cce2 (0x0acc7213) andi    tp, s8, 172
core   0: 3 0x8000cce2 (0x0acc7213) x 4 0x0000000c
core   0: 0x8000cce6 (0x01af9fb3) sll     t6, t6, s10
core   0: 3 0x8000cce6 (0x01af9fb3) x31 0x00000002
core   0: 0x8000ccea (0x00008535) c.srai  a0, 13
core   0: 3 0x8000ccea (0x8535) x10 0x00037512
core   0: 0x8000ccec (0x0000823d) c.srli  a2, 15
core   0: 3 0x8000ccec (0x823d) x12 0x00011c00
core   0: 0x8000ccee (0x015ff733) and     a4, t6, s5
core   0: 3 0x8000ccee (0x015ff733) x14 0x00000000
core   0: 0x8000ccf2 (0x0041e0b3) or      ra, gp, tp
core   0: 3 0x8000ccf2 (0x0041e0b3) x 1 0x0000000c
core   0: 0x8000ccf6 (0xa5959537) lui     a0, 0xa5959
core   0: 3 0x8000ccf6 (0xa5959537) x10 0xa5959000
core   0: 0x8000ccfa (0x00008741) c.srai  a4, 16
core   0: 3 0x8000ccfa (0x8741) x14 0x00000000
core   0: 0x8000ccfc (0x03190e63) beq     s2, a7, pc + 60
core   0: 3 0x8000ccfc (0x03190e63)
core   0: 0x8000cd00 (0x40dbd533) sra     a0, s7, a3
core   0: 3 0x8000cd00 (0x40dbd533) x10 0x00000000
core   0: 0x8000cd04 (0x00008cd5) c.or    s1, a3
core   0: 3 0x8000cd04 (0x8cd5) x 9 0xfd49cd3a
core   0: 0x8000cd06 (0x0187ce63) blt     a5, s8, pc + 28
core   0: 3 0x8000cd06 (0x0187ce63)
core   0: 0x8000cd22 (0x019d5213) srli    tp, s10, 25
core   0: 3 0x8000cd22 (0x019d5213) x 4 0x00000000
core   0: 0x8000cd26 (0x00008e4d) c.or    a2, a1
core   0: 3 0x8000cd26 (0x8e4d) x12 0x00011c72
core   0: 0x8000cd28 (0x0054ceb3) xor     t4, s1, t0
core   0: 3 0x8000cd28 (0x0054ceb3) x29 0xfd49cd25
core   0: 0x8000cd2c (0x03b7ecb3) rem     s9, a5, s11
core   0: 3 0x8000cd2c (0x03b7ecb3) x25 0xffffffff
core   0: 0x8000cd30 (0x036f0b33) mul     s6, t5, s6
core   0: 3 0x8000cd30 (0x036f0b33) x22 0x00000000
core   0: 0x8000cd34 (0x41925313) srai    t1, tp, 25
core   0: 3 0x8000cd34 (0x41925313) x 6 0x00000000
core   0: 0x8000cd38 (0xbf2b2737) lui     a4, 0xbf2b2
core   0: 3 0x8000cd38 (0xbf2b2737) x14 0xbf2b2000
core   0: 0x8000cd3c (0x68cf4493) xori    s1, t5, 1676
core   0: 3 0x8000cd3c (0x68cf4493) x 9 0xfe648a52
core   0: 0x8000cd40 (0x000049bd) c.li    s3, 15
core   0: 3 0x8000cd40 (0x49bd) x19 0x0000000f
core   0: 0x8000cd42 (0x0ff0000f) fence   iorw,iorw
core   0: 3 0x8000cd42 (0x0ff0000f)
core   0: 0x8000cd46 (0x00283c33) sltu    s8, a6, sp
core   0: 3 0x8000cd46 (0x00283c33) x24 0x00000001
core   0: 0x8000cd4a (0x0ff0000f) fence   iorw,iorw
core   0: 3 0x8000cd4a (0x0ff0000f)
core   0: 0x8000cd4e (0x39a50937) lui     s2, 0x39a50
core   0: 3 0x8000cd4e (0x39a50937) x18 0x39a50000
core   0: 0x8000cd52 (0x01b95eb3) srl     t4, s2, s11
core   0: 3 0x8000cd52 (0x01b95eb3) x29 0x39a50000
core   0: 0x8000cd56 (0x00000a84) c.addi4spn s1, sp, 336
core   0: 3 0x8000cd56 (0x0a84) x 9 0xed418c32
core   0: 0x8000cd58 (0x0095f7b3) and     a5, a1, s1
core   0: 3 0x8000cd58 (0x0095f7b3) x15 0x00000032
core   0: 0x8000cd5c (0x00008d89) c.sub   a1, a0
core   0: 3 0x8000cd5c (0x8d89) x11 0x00000072
core   0: 0x8000cd5e (0x0235a0b3) mulhsu  ra, a1, gp
core   0: 3 0x8000cd5e (0x0235a0b3) x 1 0x00000000
core   0: 0x8000cd62 (0x47a73393) sltiu   t2, a4, 1146
core   0: 3 0x8000cd62 (0x47a73393) x 7 0x00000000
core   0: 0x8000cd66 (0x9974c493) xori    s1, s1, -1641
core   0: 3 0x8000cd66 (0x9974c493) x 9 0x12be75a5
core   0: 0x8000cd6a (0x0383b2b3) mulhu   t0, t2, s8
core   0: 3 0x8000cd6a (0x0383b2b3) x 5 0x00000000
core   0: 0x8000cd6e (0x0362fa33) remu    s4, t0, s6
core   0: 3 0x8000cd6e (0x0362fa33) x20 0x00000000
core   0: 0x8000cd72 (0x00004ced) c.li    s9, 27
core   0: 3 0x8000cd72 (0x4ced) x25 0x0000001b
core   0: 0x8000cd74 (0x006a1633) sll     a2, s4, t1
core   0: 3 0x8000cd74 (0x006a1633) x12 0x00000000
core   0: 0x8000cd78 (0xe71ec993) xori    s3, t4, -399
core   0: 3 0x8000cd78 (0xe71ec993) x19 0xc65afe71
core   0: 0x8000cd7c (0x2a013513) sltiu   a0, sp, 672
core   0: 3 0x8000cd7c (0x2a013513) x10 0x00000000
core   0: 0x8000cd80 (0x00000001) c.nop
core   0: 3 0x8000cd80 (0x0001)
core   0: 0x8000cd82 (0x00008de5) c.and   a1, s1
core   0: 3 0x8000cd82 (0x8de5) x11 0x00000020
core   0: 0x8000cd84 (0xaa744217) auipc   tp, 0xaa744
core   0: 3 0x8000cd84 (0xaa744217) x 4 0x2a750d84
core   0: 0x8000cd88 (0x00d68733) add     a4, a3, a3
core   0: 3 0x8000cd88 (0x00d68733) x14 0xf8129870
core   0: 0x8000cd8c (0xe9654593) xori    a1, a0, -362
core   0: 3 0x8000cd8c (0xe9654593) x11 0xfffffe96
core   0: 0x8000cd90 (0x03b3c2b3) div     t0, t2, s11
core   0: 3 0x8000cd90 (0x03b3c2b3) x 5 0xffffffff
core   0: 0x8000cd94 (0x0182a133) slt     sp, t0, s8
core   0: 3 0x8000cd94 (0x0182a133) x 2 0x00000001
core   0: 0x8000cd98 (0x00c71d63) bne     a4, a2, pc + 26
core   0: 3 0x8000cd98 (0x00c71d63)
core   0: 0x8000cdb2 (0x0000147d) c.addi  s0, -1
core   0: 3 0x8000cdb2 (0x147d) x 8 0x00000017
core   0: 0x8000cdb4 (0x03a82bb3) mulhsu  s7, a6, s10
core   0: 3 0x8000cdb4 (0x03a82bb3) x23 0xffffffff
core   0: 0x8000cdb8 (0x03c22433) mulhsu  s0, tp, t3
core   0: 3 0x8000cdb8 (0x03c22433) x 8 0x00000000
core   0: 0x8000cdbc (0x00a00413) li      s0, 10
core   0: 3 0x8000cdbc (0x00a00413) x 8 0x0000000a
core   0: 0x8000cdc0 (0x41bf5313) srai    t1, t5, 27
core   0: 3 0x8000cdc0 (0x41bf5313) x 6 0xffffffff
core   0: 0x8000cdc4 (0x03bb4fb3) div     t6, s6, s11
core   0: 3 0x8000cdc4 (0x03bb4fb3) x31 0xffffffff
core   0: 0x8000cdc8 (0x00000001) c.nop
core   0: 3 0x8000cdc8 (0x0001)
core   0: 0x8000cdca (0x00925493) srli    s1, tp, 9
core   0: 3 0x8000cdca (0x00925493) x 9 0x00153a86
core   0: 0x8000cdce (0x00d9de33) srl     t3, s3, a3
core   0: 3 0x8000cdce (0x00d9de33) x28 0x000000c6
core   0: 0x8000cdd2 (0x00a00393) li      t2, 10
core   0: 3 0x8000cdd2 (0x00a00393) x 7 0x0000000a
core   0: 0x8000cdd6 (0x00000001) c.nop
core   0: 3 0x8000cdd6 (0x0001)
core   0: 0x8000cdd8 (0x0000145d) c.addi  s0, -9
core   0: 3 0x8000cdd8 (0x145d) x 8 0x00000001
core   0: 0x8000cdda (0x2ab24813) xori    a6, tp, 683
core   0: 3 0x8000cdda (0x2ab24813) x16 0x2a750f2f
core   0: 0x8000cdde (0x000081d5) c.srli  a1, 21
core   0: 3 0x8000cdde (0x81d5) x11 0x000007ff
core   0: 0x8000cde0 (0x00200b93) li      s7, 2
core   0: 3 0x8000cde0 (0x00200b93) x23 0x00000002
core   0: 0x8000cde4 (0x004dccb3) xor     s9, s11, tp
core   0: 3 0x8000cde4 (0x004dccb3) x25 0x2a750d84
core   0: 0x8000cde8 (0x00008e79) c.and   a2, a4
core   0: 3 0x8000cde8 (0x8e79) x12 0x00000000
core   0: 0x8000cdea (0xff900b13) li      s6, -7
core   0: 3 0x8000cdea (0xff900b13) x22 0xfffffff9
core   0: 0x8000cdee (0x00006871) c.lui   a6, 0x1c
core   0: 3 0x8000cdee (0x6871) x16 0x0001c000
core   0: 0x8000cdf0 (0x00a1b033) sltu    zero, gp, a0
core   0: 3 0x8000cdf0 (0x00a1b033)
core   0: 0x8000cdf4 (0x00000c04) c.addi4spn s1, sp, 528
core   0: 3 0x8000cdf4 (0x0c04) x 9 0x00000211
core   0: 0x8000cdf6 (0x0ff0000f) fence   iorw,iorw
core   0: 3 0x8000cdf6 (0x0ff0000f)
core   0: 0x8000cdfa (0x000047d1) c.li    a5, 20
core   0: 3 0x8000cdfa (0x47d1) x15 0x00000014
core   0: 0x8000cdfc (0x00001bdd) c.addi  s7, -9
core   0: 3 0x8000cdfc (0x1bdd) x23 0xfffffff9
core   0: 0x8000cdfe (0xff6b88e3) beq     s7, s6, pc - 16
core   0: 3 0x8000cdfe (0xff6b88e3)
core   0: 0x8000cdee (0x00006871) c.lui   a6, 0x1c
core   0: 3 0x8000cdee (0x6871) x16 0x0001c000
core   0: 0x8000cdf0 (0x00a1b033) sltu    zero, gp, a0
core   0: 3 0x8000cdf0 (0x00a1b033)
core   0: 0x8000cdf4 (0x00000c04) c.addi4spn s1, sp, 528
core   0: 3 0x8000cdf4 (0x0c04) x 9 0x00000211
core   0: 0x8000cdf6 (0x0ff0000f) fence   iorw,iorw
core   0: 3 0x8000cdf6 (0x0ff0000f)
core   0: 0x8000cdfa (0x000047d1) c.li    a5, 20
core   0: 3 0x8000cdfa (0x47d1) x15 0x00000014
core   0: 0x8000cdfc (0x00001bdd) c.addi  s7, -9
core   0: 3 0x8000cdfc (0x1bdd) x23 0xfffffff0
core   0: 0x8000cdfe (0xff6b88e3) beq     s7, s6, pc - 16
core   0: 3 0x8000cdfe (0xff6b88e3)
core   0: 0x8000ce02 (0x0249d733) divu    a4, s3, tp
core   0: 3 0x8000ce02 (0x0249d733) x14 0x00000004
core   0: 0x8000ce06 (0x00008f65) c.and   a4, s1
core   0: 3 0x8000ce06 (0x8f65) x14 0x00000000
core   0: 0x8000ce08 (0x0003b833) sltu    a6, t2, zero
core   0: 3 0x8000ce08 (0x0003b833) x16 0x00000000
core   0: 0x8000ce0c (0x40868c13) addi    s8, a3, 1032
core   0: 3 0x8000ce0c (0x40868c13) x24 0xfc095040
core   0: 0x8000ce10 (0x01b09f93) slli    t6, ra, 27
core   0: 3 0x8000ce10 (0x01b09f93) x31 0x00000000
core   0: 0x8000ce14 (0x41325293) srai    t0, tp, 19
core   0: 3 0x8000ce14 (0x41325293) x 5 0x0000054e
core   0: 0x8000ce18 (0x000061ad) c.lui   gp, 0xb
core   0: 3 0x8000ce18 (0x61ad) x 3 0x0000b000
core   0: 0x8000ce1a (0x62796c13) ori     s8, s2, 1575
core   0: 3 0x8000ce1a (0x62796c13) x24 0x39a50627
core   0: 0x8000ce1e (0xfa747ce3) bgeu    s0, t2, pc - 72
core   0: 3 0x8000ce1e (0xfa747ce3)
core   0: 0x8000ce22 (0x036bdfb3) divu    t6, s7, s6
core   0: 3 0x8000ce22 (0x036bdfb3) x31 0x00000000
core   0: 0x8000ce26 (0x01fcea33) or      s4, s9, t6
core   0: 3 0x8000ce26 (0x01fcea33) x20 0x2a750d84
core   0: 0x8000ce2a (0x62062913) slti    s2, a2, 1568
core   0: 3 0x8000ce2a (0x62062913) x18 0x00000001
core   0: 0x8000ce2e (0x000080da) c.mv    ra, s6
core   0: 3 0x8000ce2e (0x80da) x 1 0xfffffff9
core   0: 0x8000ce30 (0x020b2d33) mulhsu  s10, s6, zero
core   0: 3 0x8000ce30 (0x020b2d33) x26 0x00000000
core   0: 0x8000ce34 (0x03797e33) remu    t3, s2, s7
core   0: 3 0x8000ce34 (0x03797e33) x28 0x00000001
core   0: 0x8000ce38 (0x00008f05) c.sub   a4, s1
core   0: 3 0x8000ce38 (0x8f05) x14 0xfffffdef
core   0: 0x8000ce3a (0x009f7633) and     a2, t5, s1
core   0: 3 0x8000ce3a (0x009f7633) x12 0x00000010
core   0: 0x8000ce3e (0x40ca5313) srai    t1, s4, 12
core   0: 3 0x8000ce3e (0x40ca5313) x 6 0x0002a750
core   0: 0x8000ce42 (0x0000c981) c.beqz  a1, pc + 16
core   0: 3 0x8000ce42 (0xc981)
core   0: 0x8000ce44 (0x39d04817) auipc   a6, 0x39d04
core   0: 3 0x8000ce44 (0x39d04817) x16 0xb9d10e44
core   0: 0x8000ce48 (0x01451c93) slli    s9, a0, 20
core   0: 3 0x8000ce48 (0x01451c93) x25 0x00000000
core   0: 0x8000ce4c (0x00008fd5) c.or    a5, a3
core   0: 3 0x8000ce4c (0x8fd5) x15 0xfc094c3c
core   0: 0x8000ce4e (0x5b5d8393) addi    t2, s11, 1461
core   0: 3 0x8000ce4e (0x5b5d8393) x 7 0x000005b5
core   0: 0x8000ce52 (0x00aa50b3) srl     ra, s4, a0
core   0: 3 0x8000ce52 (0x00aa50b3) x 1 0x2a750d84
core   0: 0x8000ce56 (0x0ff0000f) fence   iorw,iorw
core   0: 3 0x8000ce56 (0x0ff0000f)
core   0: 0x8000ce5a (0x00008d99) c.sub   a1, a4
core   0: 3 0x8000ce5a (0x8d99) x11 0x00000a10
core   0: 0x8000ce5c (0x00000001) c.nop
core   0: 3 0x8000ce5c (0x0001)
core   0: 0x8000ce5e (0x012a9563) bne     s5, s2, pc + 10
core   0: 3 0x8000ce5e (0x012a9563)
core   0: 0x8000ce68 (0x0205c533) div     a0, a1, zero
core   0: 3 0x8000ce68 (0x0205c533) x10 0xffffffff
core   0: 0x8000ce6c (0x00008a5e) c.mv    s4, s7
core   0: 3 0x8000ce6c (0x8a5e) x20 0xfffffff0
core   0: 0x8000ce6e (0x4acc4337) lui     t1, 0x4acc4
core   0: 3 0x8000ce6e (0x4acc4337) x 6 0x4acc4000
core   0: 0x8000ce72 (0x00009a7d) c.andi  a2, -1
core   0: 3 0x8000ce72 (0x9a7d) x12 0x00000010
core   0: 0x8000ce74 (0x01f09e93) slli    t4, ra, 31
core   0: 3 0x8000ce74 (0x01f09e93) x29 0x00000000
core   0: 0x8000ce78 (0x0399e063) bltu    s3, s9, pc + 32
core   0: 3 0x8000ce78 (0x0399e063)
core   0: 0x8000ce7c (0x01f775b3) and     a1, a4, t6
core   0: 3 0x8000ce7c (0x01f775b3) x11 0x00000000
core   0: 0x8000ce80 (0x402a0eb3) sub     t4, s4, sp
core   0: 3 0x8000ce80 (0x402a0eb3) x29 0xffffffef
core   0: 0x8000ce84 (0x00001c0c) c.addi4spn a1, sp, 560
core   0: 3 0x8000ce84 (0x1c0c) x11 0x00000231
core   0: 0x8000ce86 (0x0307fe63) bgeu    a5, a6, pc + 60
core   0: 3 0x8000ce86 (0x0307fe63)
core   0: 0x8000cec2 (0x01e371b3) and     gp, t1, t5
core   0: 3 0x8000cec2 (0x01e371b3) x 3 0x4a440000
core   0: 0x8000cec6 (0x0000840a) c.mv    s0, sp
core   0: 3 0x8000cec6 (0x840a) x 8 0x00000001
core   0: 0x8000cec8 (0x40620f33) sub     t5, tp, t1
core   0: 3 0x8000cec8 (0x40620f33) x30 0xdfa8cd84
core   0: 0x8000cecc (0x00009d1a) c.add   s10, t1
core   0: 3 0x8000cecc (0x9d1a) x26 0x4acc4000
core   0: 0x8000cece (0x013d7fb3) and     t6, s10, s3
core   0: 3 0x8000cece (0x013d7fb3) x31 0x42484000
core   0: 0x8000ced2 (0x00dc19b3) sll     s3, s8, a3
core   0: 3 0x8000ced2 (0x00dc19b3) x19 0x27000000
core   0: 0x8000ced6 (0x02198663) beq     s3, ra, pc + 44
core   0: 3 0x8000ced6 (0x02198663)
core   0: 0x8000ceda (0x00000001) c.nop
core   0: 3 0x8000ceda (0x0001)
core   0: 0x8000cedc (0x00006ead) c.lui   t4, 0xb
core   0: 3 0x8000cedc (0x6ead) x29 0x0000b000
core   0: 0x8000cede (0x03e15733) divu    a4, sp, t5
core   0: 3 0x8000cede (0x03e15733) x14 0x00000000
core   0: 0x8000cee2 (0x00c40833) add     a6, s0, a2
core   0: 3 0x8000cee2 (0x00c40833) x16 0x00000011
core   0: 0x8000cee6 (0x03478063) beq     a5, s4, pc + 32
core   0: 3 0x8000cee6 (0x03478063)
core   0: 0x8000ceea (0x0000c611) c.beqz  a2, pc + 12
core   0: 3 0x8000ceea (0xc611)
core   0: 0x8000ceec (0x02226d33) rem     s10, tp, sp
core   0: 3 0x8000ceec (0x02226d33) x26 0x00000000
core   0: 0x8000cef0 (0x01685db3) srl     s11, a6, s6
core   0: 3 0x8000cef0 (0x01685db3) x27 0x00000000
core   0: 0x8000cef4 (0x00000001) c.nop
core   0: 3 0x8000cef4 (0x0001)
core   0: 0x8000cef6 (0x6d2e2993) slti    s3, t3, 1746
core   0: 3 0x8000cef6 (0x6d2e2993) x19 0x00000001
core   0: 0x8000cefa (0x1c213b93) sltiu   s7, sp, 450
core   0: 3 0x8000cefa (0x1c213b93) x23 0x00000001
core   0: 0x8000cefe (0x0054d833) srl     a6, s1, t0
core   0: 3 0x8000cefe (0x0054d833) x16 0x00000000
core   0: 0x8000cf02 (0x001af093) andi    ra, s5, 1
core   0: 3 0x8000cf02 (0x001af093) x 1 0x00000000
core   0: 0x8000cf06 (0x00000ed2) c.slli  t4, 20
core   0: 3 0x8000cf06 (0x0ed2) x29 0x00000000
core   0: 0x8000cf08 (0x00008649) c.srai  a2, 18
core   0: 3 0x8000cf08 (0x8649) x12 0x00000000
core   0: 0x8000cf0a (0x013339b3) sltu    s3, t1, s3
core   0: 3 0x8000cf0a (0x013339b3) x19 0x00000000
core   0: 0x8000cf0e (0x000054fd) c.li    s1, -1
core   0: 3 0x8000cf0e (0x54fd) x 9 0xffffffff
core   0: 0x8000cf10 (0x00008205) c.srli  a2, 1
core   0: 3 0x8000cf10 (0x8205) x12 0x00000000
core   0: 0x8000cf12 (0x000081e1) c.srli  a1, 24
core   0: 3 0x8000cf12 (0x81e1) x11 0x00000000
core   0: 0x8000cf14 (0x4168ddb3) sra     s11, a7, s6
core   0: 3 0x8000cf14 (0x4168ddb3) x27 0xffffffc0
core   0: 0x8000cf18 (0x02108fb3) mul     t6, ra, ra
core   0: 3 0x8000cf18 (0x02108fb3) x31 0x00000000
core   0: 0x8000cf1c (0x93d81717) auipc   a4, 0x93d81
core   0: 3 0x8000cf1c (0x93d81717) x14 0x13d8df1c
core   0: 0x8000cf20 (0x000083a1) c.srli  a5, 8
core   0: 3 0x8000cf20 (0x83a1) x15 0x00fc094c
core   0: 0x8000cf22 (0x0189e563) bltu    s3, s8, pc + 10
core   0: 3 0x8000cf22 (0x0189e563)
core   0: 0x8000cf2c (0x000083ba) c.mv    t2, a4
core   0: 3 0x8000cf2c (0x83ba) x 7 0x13d8df1c
core   0: 0x8000cf2e (0x00aa07b3) add     a5, s4, a0
core   0: 3 0x8000cf2e (0x00aa07b3) x15 0xffffffef
core   0: 0x8000cf32 (0x03449763) bne     s1, s4, pc + 46
core   0: 3 0x8000cf32 (0x03449763)
core   0: 0x8000cf60 (0x000089ea) c.mv    s3, s10
core   0: 3 0x8000cf60 (0x89ea) x19 0x00000000
core   0: 0x8000cf62 (0x029cbfb3) mulhu   t6, s9, s1
core   0: 3 0x8000cf62 (0x029cbfb3) x31 0x00000000
core   0: 0x8000cf66 (0xc2e20a13) addi    s4, tp, -978
core   0: 3 0x8000cf66 (0xc2e20a13) x20 0x2a7509b2
core   0: 0x8000cf6a (0x014094b3) sll     s1, ra, s4
core   0: 3 0x8000cf6a (0x014094b3) x 9 0x00000000
core   0: 0x8000cf6e (0x02dc7c33) remu    s8, s8, a3
core   0: 3 0x8000cf6e (0x02dc7c33) x24 0x39a50627
core   0: 0x8000cf72 (0x028c6a33) rem     s4, s8, s0
core   0: 3 0x8000cf72 (0x028c6a33) x20 0x00000000
core   0: 0x8000cf76 (0x01659d93) slli    s11, a1, 22
core   0: 3 0x8000cf76 (0x01659d93) x27 0x00000000
core   0: 0x8000cf7a (0x03fb5f33) divu    t5, s6, t6
core   0: 3 0x8000cf7a (0x03fb5f33) x30 0xffffffff
core   0: 0x8000cf7e (0x000060a1) c.lui   ra, 0x8
core   0: 3 0x8000cf7e (0x60a1) x 1 0x00008000
core   0: 0x8000cf80 (0x8c278493) addi    s1, a5, -1854
core   0: 3 0x8000cf80 (0x8c278493) x 9 0xfffff8b1
core   0: 0x8000cf84 (0x002b9463) bne     s7, sp, pc + 8
core   0: 3 0x8000cf84 (0x002b9463)
core   0: 0x8000cf88 (0x00b5e3b3) or      t2, a1, a1
core   0: 3 0x8000cf88 (0x00b5e3b3) x 7 0x00000000
core   0: 0x8000cf8c (0x01ab1eb3) sll     t4, s6, s10
core   0: 3 0x8000cf8c (0x01ab1eb3) x29 0xfffffff9
core   0: 0x8000cf90 (0x03e35fb3) divu    t6, t1, t5
core   0: 3 0x8000cf90 (0x03e35fb3) x31 0x00000000
core   0: 0x8000cf94 (0x00000116) c.slli  sp, 5
core   0: 3 0x8000cf94 (0x0116) x 2 0x00000020
core   0: 0x8000cf96 (0x393d2cb7) lui     s9, 0x393d2
core   0: 3 0x8000cf96 (0x393d2cb7) x25 0x393d2000
core   0: 0x8000cf9a (0x00006145) c.addi16sp sp, 48
core   0: 3 0x8000cf9a (0x6145) x 2 0x00000050
core   0: 0x8000cf9c (0x03ef4f33) div     t5, t5, t5
core   0: 3 0x8000cf9c (0x03ef4f33) x30 0x00000001
core   0: 0x8000cfa0 (0x000084c5) c.srai  s1, 17
core   0: 3 0x8000cfa0 (0x84c5) x 9 0xffffffff
core   0: 0x8000cfa2 (0x40fa54b3) sra     s1, s4, a5
core   0: 3 0x8000cfa2 (0x40fa54b3) x 9 0x00000000
core   0: 0x8000cfa6 (0xa807fd13) andi    s10, a5, -1408
core   0: 3 0x8000cfa6 (0xa807fd13) x26 0xfffffa80
core   0: 0x8000cfaa (0x00000001) c.nop
core   0: 3 0x8000cfaa (0x0001)
core   0: 0x8000cfac (0x00009a7d) c.andi  a2, -1
core   0: 3 0x8000cfac (0x9a7d) x12 0x00000000
core   0: 0x8000cfae (0x007477b3) and     a5, s0, t2
core   0: 3 0x8000cfae (0x007477b3) x15 0x00000000
core   0: 0x8000cfb2 (0x0327aa33) mulhsu  s4, a5, s2
core   0: 3 0x8000cfb2 (0x0327aa33) x20 0x00000000
core   0: 0x8000cfb6 (0x00008d39) c.xor   a0, a4
core   0: 3 0x8000cfb6 (0x8d39) x10 0xec2720e3
core   0: 0x8000cfb8 (0xce5e9bb7) lui     s7, 0xce5e9
core   0: 3 0x8000cfb8 (0xce5e9bb7) x23 0xce5e9000
core   0: 0x8000cfbc (0x010edd33) srl     s10, t4, a6
core   0: 3 0x8000cfbc (0x010edd33) x26 0xfffffff9
core   0: 0x8000cfc0 (0xd21c3d93) sltiu   s11, s8, -735
core   0: 3 0x8000cfc0 (0xd21c3d93) x27 0x00000001
core   0: 0x8000cfc4 (0x0370f5b3) remu    a1, ra, s7
core   0: 3 0x8000cfc4 (0x0370f5b3) x11 0x00008000
core   0: 0x8000cfc8 (0x0000100f) fence.i
core   0: 3 0x8000cfc8 (0x0000100f)
core   0: 0x8000cfcc (0x017d1093) slli    ra, s10, 23
core   0: 3 0x8000cfcc (0x017d1093) x 1 0xfc800000
core   0: 0x8000cfd0 (0xe076e293) ori     t0, a3, -505
core   0: 3 0x8000cfd0 (0xe076e293) x 5 0xfffffe3f
core   0: 0x8000cfd4 (0x11a5c613) xori    a2, a1, 282
core   0: 3 0x8000cfd4 (0x11a5c613) x12 0x0000811a
core   0: 0x8000cfd8 (0x1c3a6eb7) lui     t4, 0x1c3a6
core   0: 3 0x8000cfd8 (0x1c3a6eb7) x29 0x1c3a6000
core   0: 0x8000cfdc (0xb3fac293) xori    t0, s5, -1217
core   0: 3 0x8000cfdc (0xb3fac293) x 5 0x7ffd57db
core   0: 0x8000cfe0 (0x01e69963) bne     a3, t5, pc + 18
core   0: 3 0x8000cfe0 (0x01e69963)
core   0: 0x8000cff2 (0x0349c563) blt     s3, s4, pc + 42
core   0: 3 0x8000cff2 (0x0349c563)
core   0: 0x8000cff6 (0x00004679) c.li    a2, 30
core   0: 3 0x8000cff6 (0x4679) x12 0x0000001e
core   0: 0x8000cff8 (0x00008c71) c.and   s0, a2
core   0: 3 0x8000cff8 (0x8c71) x 8 0x00000000
core   0: 0x8000cffa (0x008fa4b3) slt     s1, t6, s0
core   0: 3 0x8000cffa (0x008fa4b3) x 9 0x00000000
core   0: 0x8000cffe (0x00009b8a) c.add   s7, sp
core   0: 3 0x8000cffe (0x9b8a) x23 0xce5e9050
core   0: 0x8000d000 (0x0157e763) bltu    a5, s5, pc + 14
core   0: 3 0x8000d000 (0x0157e763)
core   0: 0x8000d00e (0x0104e0b3) or      ra, s1, a6
core   0: 3 0x8000d00e (0x0104e0b3) x 1 0x00000000
core   0: 0x8000d012 (0x00000cc5) c.addi  s9, 17
core   0: 3 0x8000d012 (0x0cc5) x25 0x393d2011
core   0: 0x8000d014 (0x03f41b33) mulh    s6, s0, t6
core   0: 3 0x8000d014 (0x03f41b33) x22 0x00000000
core   0: 0x8000d018 (0x01965913) srli    s2, a2, 25
core   0: 3 0x8000d018 (0x01965913) x18 0x00000000
core   0: 0x8000d01c (0x02257033) remu    zero, a0, sp
core   0: 3 0x8000d01c (0x02257033)
core   0: 0x8000d020 (0x02dccd33) div     s10, s9, a3
core   0: 3 0x8000d020 (0x02dccd33) x26 0xfffffff2
core   0: 0x8000d024 (0xf1b47a13) andi    s4, s0, -229
core   0: 3 0x8000d024 (0xf1b47a13) x20 0x00000000
core   0: 0x8000d028 (0x015bbb33) sltu    s6, s7, s5
core   0: 3 0x8000d028 (0x015bbb33) x22 0x00000000
core   0: 0x8000d02c (0x013840b3) xor     ra, a6, s3
core   0: 3 0x8000d02c (0x013840b3) x 1 0x00000000
core   0: 0x8000d030 (0x000014fd) c.addi  s1, -1
core   0: 3 0x8000d030 (0x14fd) x 9 0xffffffff
core   0: 0x8000d032 (0x0000c0f9) c.beqz  s1, pc + 198
core   0: 3 0x8000d032 (0xc0f9)
core   0: 0x8000d034 (0x00000684) c.addi4spn s1, sp, 832
core   0: 3 0x8000d034 (0x0684) x 9 0x00000390
core   0: 0x8000d036 (0xcc5560b7) lui     ra, 0xcc556
core   0: 3 0x8000d036 (0xcc5560b7) x 1 0xcc556000
core   0: 0x8000d03a (0x00008389) c.srli  a5, 2
core   0: 3 0x8000d03a (0x8389) x15 0x00000000
core   0: 0x8000d03c (0x0000e3f1) c.bnez  a5, pc + 196
core   0: 3 0x8000d03c (0xe3f1)
core   0: 0x8000d03e (0x00005cfd) c.li    s9, -1
core   0: 3 0x8000d03e (0x5cfd) x25 0xffffffff
core   0: 0x8000d040 (0x2d584513) xori    a0, a6, 725
core   0: 3 0x8000d040 (0x2d584513) x10 0x000002d5
core   0: 0x8000d044 (0x00000088) c.addi4spn a0, sp, 64
core   0: 3 0x8000d044 (0x0088) x10 0x00000090
core   0: 0x8000d046 (0x00005a7d) c.li    s4, -1
core   0: 3 0x8000d046 (0x5a7d) x20 0xffffffff
core   0: 0x8000d048 (0x00008249) c.srli  a2, 18
core   0: 3 0x8000d048 (0x8249) x12 0x00000000
core   0: 0x8000d04a (0x027a1433) mulh    s0, s4, t2
core   0: 3 0x8000d04a (0x027a1433) x 8 0x00000000
core   0: 0x8000d04e (0x0000069c) c.addi4spn a5, sp, 832
core   0: 3 0x8000d04e (0x069c) x15 0x00000390
core   0: 0x8000d050 (0x026dedb3) rem     s11, s11, t1
core   0: 3 0x8000d050 (0x026dedb3) x27 0x00000001
core   0: 0x8000d054 (0x000000ed) c.addi  ra, 27
core   0: 3 0x8000d054 (0x00ed) x 1 0xcc55601b
core   0: 0x8000d056 (0x00004117) auipc   sp, 0x4
core   0: 3 0x8000d056 (0x00004117) x 2 0x80011056
core   0: 0x8000d05a (0x3db10113) addi    sp, sp, 987
core   0: 3 0x8000d05a (0x3db10113) x 2 0x80011431
core   0: 0x8000d05e (0xfe414b83) lbu     s7, -28(sp)
core   0: 3 0x8000d05e (0xfe414b83) x23 0x000000ce mem 0x80011415
core   0: 0x8000d062 (0x000013fd) c.addi  t2, -1
core   0: 3 0x8000d062 (0x13fd) x 7 0xffffffff
core   0: 0x8000d064 (0x00000ba6) c.slli  s7, 9
core   0: 3 0x8000d064 (0x0ba6) x23 0x00019c00
core   0: 0x8000d066 (0x00008fe5) c.and   a5, s1
core   0: 3 0x8000d066 (0x8fe5) x15 0x00000390
core   0: 0x8000d068 (0x41865e93) srai    t4, a2, 24
core   0: 3 0x8000d068 (0x41865e93) x29 0x00000000
core   0: 0x8000d06c (0xffa10303) lb      t1, -6(sp)
core   0: 3 0x8000d06c (0xffa10303) x 6 0xffffffe0 mem 0x8001142b
core   0: 0x8000d070 (0x03911603) lh      a2, 57(sp)
core   0: 3 0x8000d070 (0x03911603) x12 0x00002021 mem 0x8001146a
core   0: 0x8000d074 (0x0ff0000f) fence   iorw,iorw
core   0: 3 0x8000d074 (0x0ff0000f)
core   0: 0x8000d078 (0x00000001) c.nop
core   0: 3 0x8000d078 (0x0001)
core   0: 0x8000d07a (0x009e4f33) xor     t5, t3, s1
core   0: 3 0x8000d07a (0x009e4f33) x30 0x00000391
core   0: 0x8000d07e (0xfd4121a3) sw      s4, -61(sp)
core   0: 3 0x8000d07e (0xfd4121a3) mem 0x800113f4 0xffffffff
core   0: 0x8000d082 (0x02cb1533) mulh    a0, s6, a2
core   0: 3 0x8000d082 (0x02cb1533) x10 0x00000000
core   0: 0x8000d086 (0x02312d33) mulhsu  s10, sp, gp
core   0: 3 0x8000d086 (0x02312d33) x26 0xdade501f
core   0: 0x8000d08a (0x00b99633) sll     a2, s3, a1
core   0: 3 0x8000d08a (0x00b99633) x12 0x00000000
core   0: 0x8000d08e (0x00008ce9) c.and   s1, a0
core   0: 3 0x8000d08e (0x8ce9) x 9 0x00000000
core   0: 0x8000d090 (0xfe315c03) lhu     s8, -29(sp)
core   0: 3 0x8000d090 (0xfe315c03) x24 0x0000cecf mem 0x80011414
core   0: 0x8000d094 (0x4047d993) srai    s3, a5, 4
core   0: 3 0x8000d094 (0x4047d993) x19 0x00000039
core   0: 0x8000d098 (0x023ec7b3) div     a5, t4, gp
core   0: 3 0x8000d098 (0x023ec7b3) x15 0x00000000
core   0: 0x8000d09c (0x41a202b3) sub     t0, tp, s10
core   0: 3 0x8000d09c (0x41a202b3) x 5 0x4f96bd65
core   0: 0x8000d0a0 (0x03881eb3) mulh    t4, a6, s8
core   0: 3 0x8000d0a0 (0x03881eb3) x29 0x00000000
core   0: 0x8000d0a4 (0x000043dd) c.li    t2, 23
core   0: 3 0x8000d0a4 (0x43dd) x 7 0x00000017
core   0: 0x8000d0a6 (0x01b10523) sb      s11, 10(sp)
core   0: 3 0x8000d0a6 (0x01b10523) mem 0x8001143b 0x1
core   0: 0x8000d0aa (0x0398f433) remu    s0, a7, s9
core   0: 3 0x8000d0aa (0x0398f433) x 8 0x80026e30
core   0: 0x8000d0ae (0x0181a2b3) slt     t0, gp, s8
core   0: 3 0x8000d0ae (0x0181a2b3) x 5 0x00000000
core   0: 0x8000d0b2 (0x034091b3) mulh    gp, ra, s4
core   0: 3 0x8000d0b2 (0x034091b3) x 3 0x00000000
core   0: 0x8000d0b6 (0x03bb89b3) mul     s3, s7, s11
core   0: 3 0x8000d0b6 (0x03bb89b3) x19 0x00019c00
core   0: 0x8000d0ba (0xfda101a3) sb      s10, -61(sp)
core   0: 3 0x8000d0ba (0xfda101a3) mem 0x800113f4 0x1f
core   0: 0x8000d0be (0x03214b03) lbu     s6, 50(sp)
core   0: 3 0x8000d0be (0x03214b03) x22 0x00000018 mem 0x80011463
core   0: 0x8000d0c2 (0x01d24cb3) xor     s9, tp, t4
core   0: 3 0x8000d0c2 (0x01d24cb3) x25 0x2a750d84
core   0: 0x8000d0c6 (0x939cff13) andi    t5, s9, -1735
core   0: 3 0x8000d0c6 (0x939cff13) x30 0x2a750900
core   0: 0x8000d0ca (0x000090d2) c.add   ra, s4
core   0: 3 0x8000d0ca (0x90d2) x 1 0xcc55601a
core   0: 0x8000d0cc (0xff310083) lb      ra, -13(sp)
core   0: 3 0x8000d0cc (0xff310083) x 1 0xffffffdf mem 0x80011424
core   0: 0x8000d0d0 (0x03a14383) lbu     t2, 58(sp)
core   0: 3 0x8000d0d0 (0x03a14383) x 7 0x00000020 mem 0x8001146b
core   0: 0x8000d0d4 (0xffa10803) lb      a6, -6(sp)
core   0: 3 0x8000d0d4 (0xffa10803) x16 0xffffffe0 mem 0x8001142b
core   0: 0x8000d0d8 (0x036b33b3) mulhu   t2, s6, s6
core   0: 3 0x8000d0d8 (0x036b33b3) x 7 0x00000000
core   0: 0x8000d0dc (0x004129a3) sw      tp, 19(sp)
core   0: 3 0x8000d0dc (0x004129a3) mem 0x80011444 0x2a750d84
core   0: 0x8000d0e0 (0x000098fd) c.andi  s1, -1
core   0: 3 0x8000d0e0 (0x98fd) x 9 0x00000000
core   0: 0x8000d0e2 (0x00008e49) c.or    a2, a0
core   0: 3 0x8000d0e2 (0x8e49) x12 0x00000000
core   0: 0x8000d0e4 (0xfe5114a3) sh      t0, -23(sp)
core   0: 3 0x8000d0e4 (0xfe5114a3) mem 0x8001141a 0x0000
core   0: 0x8000d0e8 (0x0ff0000f) fence   iorw,iorw
core   0: 3 0x8000d0e8 (0x0ff0000f)
core   0: 0x8000d0ec (0x00008b3e) c.mv    s6, a5
core   0: 3 0x8000d0ec (0x8b3e) x22 0x00000000
core   0: 0x8000d0ee (0x736e9437) lui     s0, 0x736e9
core   0: 3 0x8000d0ee (0x736e9437) x 8 0x736e9000
core   0: 0x8000d0f2 (0x4880fd93) andi    s11, ra, 1160
core   0: 3 0x8000d0f2 (0x4880fd93) x27 0x00000488
core   0: 0x8000d0f6 (0x00008d1d) c.sub   a0, a5
core   0: 3 0x8000d0f6 (0x8d1d) x10 0x00000000
core   0: 0x8000d0f8 (0x0ff0000f) fence   iorw,iorw
core   0: 3 0x8000d0f8 (0x0ff0000f)
core   0: 0x8000d0fc (0x840e20b7) lui     ra, 0x840e2
core   0: 3 0x8000d0fc (0x840e20b7) x 1 0x840e2000
core   0: 0x8000d100 (0x03021db3) mulh    s11, tp, a6
core   0: 3 0x8000d100 (0x03021db3) x27 0xfffffffa
core   0: 0x8000d104 (0x016ea9b3) slt     s3, t4, s6
core   0: 3 0x8000d104 (0x016ea9b3) x19 0x00000000
core   0: 0x8000d108 (0x00008c31) c.xor   s0, a2
core   0: 3 0x8000d108 (0x8c31) x 8 0x736e9000
core   0: 0x8000d10a (0x00000c8c) c.addi4spn a1, sp, 592
core   0: 3 0x8000d10a (0x0c8c) x11 0x80011681
core   0: 0x8000d10c (0x41515093) srai    ra, sp, 21
core   0: 3 0x8000d10c (0x41515093) x 1 0xfffffc00
core   0: 0x8000d110 (0xfb830e37) lui     t3, 0xfb830
core   0: 3 0x8000d110 (0xfb830e37) x28 0xfb830000
core   0: 0x8000d114 (0x779b4093) xori    ra, s6, 1913
core   0: 3 0x8000d114 (0x779b4093) x 1 0x00000779
core   0: 0x8000d118 (0xecbb6a13) ori     s4, s6, -309
core   0: 3 0x8000d118 (0xecbb6a13) x20 0xfffffecb
core   0: 0x8000d11c (0x00c56433) or      s0, a0, a2
core   0: 3 0x8000d11c (0x00c56433) x 8 0x00000000
core   0: 0x8000d120 (0x00008dd9) c.or    a1, a4
core   0: 3 0x8000d120 (0x8dd9) x11 0x93d9df9d
core   0: 0x8000d122 (0xca927f93) andi    t6, tp, -855
core   0: 3 0x8000d122 (0xca927f93) x31 0x2a750c80
core   0: 0x8000d126 (0x000f9733) sll     a4, t6, zero
core   0: 3 0x8000d126 (0x000f9733) x14 0x2a750c80
core   0: 0x8000d12a (0x00e94863) blt     s2, a4, pc + 16
core   0: 3 0x8000d12a (0x00e94863)
core   0: 0x8000d13a (0x002f3633) sltu    a2, t5, sp
core   0: 3 0x8000d13a (0x002f3633) x12 0x00000001
core   0: 0x8000d13e (0x03607f33) remu    t5, zero, s6
core   0: 3 0x8000d13e (0x03607f33) x30 0x00000000
core   0: 0x8000d142 (0x00000f88) c.addi4spn a0, sp, 976
core   0: 3 0x8000d142 (0x0f88) x10 0x80011801
core   0: 0x8000d144 (0x00004251) c.li    tp, 20
core   0: 3 0x8000d144 (0x4251) x 4 0x00000014
core   0: 0x8000d146 (0x03c14b63) blt     sp, t3, pc + 54
core   0: 3 0x8000d146 (0x03c14b63)
core   0: 0x8000d17c (0x03ac75b3) remu    a1, s8, s10
core   0: 3 0x8000d17c (0x03ac75b3) x11 0x0000cecf
core   0: 0x8000d180 (0xd2767293) andi    t0, a2, -729
core   0: 3 0x8000d180 (0xd2767293) x 5 0x00000001
core   0: 0x8000d184 (0x00599533) sll     a0, s3, t0
core   0: 3 0x8000d184 (0x00599533) x10 0x00000000
core   0: 0x8000d188 (0x00008f71) c.and   a4, a2
core   0: 3 0x8000d188 (0x8f71) x14 0x00000000
core   0: 0x8000d18a (0x0ff0000f) fence   iorw,iorw
core   0: 3 0x8000d18a (0x0ff0000f)
core   0: 0x8000d18e (0x0000c591) c.beqz  a1, pc + 12
core   0: 3 0x8000d18e (0xc591)
core   0: 0x8000d190 (0x03817a33) remu    s4, sp, s8
core   0: 3 0x8000d190 (0x03817a33) x20 0x00006b34
core   0: 0x8000d194 (0xddf96293) ori     t0, s2, -545
core   0: 3 0x8000d194 (0xddf96293) x 5 0xfffffddf
core   0: 0x8000d198 (0x00008c99) c.sub   s1, a4
core   0: 3 0x8000d198 (0x8c99) x 9 0x00000000
core   0: 0x8000d19a (0x000084a9) c.srai  s1, 10
core   0: 3 0x8000d19a (0x84a9) x 9 0x00000000
core   0: 0x8000d19c (0x00000001) c.nop
core   0: 3 0x8000d19c (0x0001)
core   0: 0x8000d19e (0x0110d863) bge     ra, a7, pc + 16
core   0: 3 0x8000d19e (0x0110d863)
core   0: 0x8000d1ae (0x4167d3b3) sra     t2, a5, s6
core   0: 3 0x8000d1ae (0x4167d3b3) x 7 0x00000000
core   0: 0x8000d1b2 (0x03fbc733) div     a4, s7, t6
core   0: 3 0x8000d1b2 (0x03fbc733) x14 0x00000000
core   0: 0x8000d1b6 (0x01197d63) bgeu    s2, a7, pc + 26
core   0: 3 0x8000d1b6 (0x01197d63)
core   0: 0x8000d1ba (0x03f512b3) mulh    t0, a0, t6
core   0: 3 0x8000d1ba (0x03f512b3) x 5 0x00000000
core   0: 0x8000d1be (0x01e99813) slli    a6, s3, 30
core   0: 3 0x8000d1be (0x01e99813) x16 0x00000000
core   0: 0x8000d1c2 (0x00000001) c.nop
core   0: 3 0x8000d1c2 (0x0001)
core   0: 0x8000d1c4 (0x03059c33) mulh    s8, a1, a6
core   0: 3 0x8000d1c4 (0x03059c33) x24 0x00000000
core   0: 0x8000d1c8 (0x04d27263) bgeu    tp, a3, pc + 68
core   0: 3 0x8000d1c8 (0x04d27263)
core   0: 0x8000d1cc (0x024df9b3) remu    s3, s11, tp
core   0: 3 0x8000d1cc (0x024df9b3) x19 0x0000000a
core   0: 0x8000d1d0 (0x00000001) c.nop
core   0: 3 0x8000d1d0 (0x0001)
core   0: 0x8000d1d2 (0x007e1a33) sll     s4, t3, t2
core   0: 3 0x8000d1d2 (0x007e1a33) x20 0xfb830000
core   0: 0x8000d1d6 (0x01f54833) xor     a6, a0, t6
core   0: 3 0x8000d1d6 (0x01f54833) x16 0x2a750c80
core   0: 0x8000d1da (0x6c04af37) lui     t5, 0x6c04a
core   0: 3 0x8000d1da (0x6c04af37) x30 0x6c04a000
core   0: 0x8000d1de (0x0458d163) bge     a7, t0, pc + 66
core   0: 3 0x8000d1de (0x0458d163)
core   0: 0x8000d1e2 (0x0348d263) bge     a7, s4, pc + 36
core   0: 3 0x8000d1e2 (0x0348d263)
core   0: 0x8000d1e6 (0x03209763) bne     ra, s2, pc + 46
core   0: 3 0x8000d1e6 (0x03209763)
core   0: 0x8000d214 (0x0000e489) c.bnez  s1, pc + 10
core   0: 3 0x8000d214 (0xe489)
core   0: 0x8000d216 (0x020dcc63) bltz    s11, pc + 56
core   0: 3 0x8000d216 (0x020dcc63)
core   0: 0x8000d24e (0xa5268593) addi    a1, a3, -1454
core   0: 3 0x8000d24e (0xa5268593) x11 0xfc09468a
core   0: 0x8000d252 (0x0292bc33) mulhu   s8, t0, s1
core   0: 3 0x8000d252 (0x0292bc33) x24 0x00000000
core   0: 0x8000d256 (0x203a0413) addi    s0, s4, 515
core   0: 3 0x8000d256 (0x203a0413) x 8 0xfb830203
core   0: 0x8000d25a (0x00008661) c.srai  a2, 24
core   0: 3 0x8000d25a (0x8661) x12 0x00000000
core   0: 0x8000d25c (0x00001ffd) c.addi  t6, -1
core   0: 3 0x8000d25c (0x1ffd) x31 0x2a750c7f
core   0: 0x8000d25e (0x403edc93) srai    s9, t4, 3
core   0: 3 0x8000d25e (0x403edc93) x25 0x00000000
core   0: 0x8000d262 (0x00008dcd) c.or    a1, a1
core   0: 3 0x8000d262 (0x8dcd) x11 0xfc09468a
core   0: 0x8000d264 (0x0388f733) remu    a4, a7, s8
core   0: 3 0x8000d264 (0x0388f733) x14 0x80026e30
core   0: 0x8000d268 (0x00e00033) add     zero, zero, a4
core   0: 3 0x8000d268 (0x00e00033)
core   0: 0x8000d26c (0x0000cd81) c.beqz  a1, pc + 24
core   0: 3 0x8000d26c (0xcd81)
core   0: 0x8000d26e (0xc9287917) auipc   s2, 0xc9287
core   0: 3 0x8000d26e (0xc9287917) x18 0x4929426e
core   0: 0x8000d272 (0x00008641) c.srai  a2, 16
core   0: 3 0x8000d272 (0x8641) x12 0x00000000
core   0: 0x8000d274 (0x00a792b3) sll     t0, a5, a0
core   0: 3 0x8000d274 (0x00a792b3) x 5 0x00000000
core   0: 0x8000d278 (0x00239213) slli    tp, t2, 2
core   0: 3 0x8000d278 (0x00239213) x 4 0x00000000
core   0: 0x8000d27c (0x000084ad) c.srai  s1, 11
core   0: 3 0x8000d27c (0x84ad) x 9 0x00000000
core   0: 0x8000d27e (0x025a9833) mulh    a6, s5, t0
core   0: 3 0x8000d27e (0x025a9833) x16 0x00000000
core   0: 0x8000d282 (0x00008d59) c.or    a0, a4
core   0: 3 0x8000d282 (0x8d59) x10 0x80026e30
core   0: 0x8000d284 (0x018aa733) slt     a4, s5, s8
core   0: 3 0x8000d284 (0x018aa733) x14 0x00000001
core   0: 0x8000d288 (0x407e0533) sub     a0, t3, t2
core   0: 3 0x8000d288 (0x407e0533) x10 0xfb830000
core   0: 0x8000d28c (0x000081fd) c.srli  a1, 31
core   0: 3 0x8000d28c (0x81fd) x11 0x00000001
core   0: 0x8000d28e (0x007020b3) slt     ra, zero, t2
core   0: 3 0x8000d28e (0x007020b3) x 1 0x00000000
core   0: 0x8000d292 (0x001eea63) bltu    t4, ra, pc + 20
core   0: 3 0x8000d292 (0x001eea63)
core   0: 0x8000d296 (0x0000872d) c.srai  a4, 11
core   0: 3 0x8000d296 (0x872d) x14 0x00000000
core   0: 0x8000d298 (0x027e7833) remu    a6, t3, t2
core   0: 3 0x8000d298 (0x027e7833) x16 0xfb830000
core   0: 0x8000d29c (0x00c063b3) or      t2, zero, a2
core   0: 3 0x8000d29c (0x00c063b3) x 7 0x00000000
core   0: 0x8000d2a0 (0x0000717d) c.addi16sp sp, -16
core   0: 3 0x8000d2a0 (0x717d) x 2 0x80011421
core   0: 0x8000d2a2 (0x00006175) c.addi16sp sp, 368
core   0: 3 0x8000d2a2 (0x6175) x 2 0x80011591
core   0: 0x8000d2a4 (0x0000830d) c.srli  a4, 3
core   0: 3 0x8000d2a4 (0x830d) x14 0x00000000
core   0: 0x8000d2a6 (0xcfa3b493) sltiu   s1, t2, -774
core   0: 3 0x8000d2a6 (0xcfa3b493) x 9 0x00000001
core   0: 0x8000d2aa (0x0000987a) c.add   a6, t5
core   0: 3 0x8000d2aa (0x987a) x16 0x6787a000
core   0: 0x8000d2ac (0x00009b1a) c.add   s6, t1
core   0: 3 0x8000d2ac (0x9b1a) x22 0xffffffe0
core   0: 0x8000d2ae (0x01204763) blt     zero, s2, pc + 14
core   0: 3 0x8000d2ae (0x01204763)
core   0: 0x8000d2bc (0x0000930e) c.add   t1, gp
core   0: 3 0x8000d2bc (0x930e) x 6 0xffffffe0
core   0: 0x8000d2be (0x0178e4b3) or      s1, a7, s7
core   0: 3 0x8000d2be (0x0178e4b3) x 9 0x8003fe30
core   0: 0x8000d2c2 (0x0000100f) fence.i
core   0: 3 0x8000d2c2 (0x0000100f)
core   0: 0x8000d2c6 (0x9a01ad13) slti    s10, gp, -1632
core   0: 3 0x8000d2c6 (0x9a01ad13) x26 0x00000000
core   0: 0x8000d2ca (0x0000e791) c.bnez  a5, pc + 12
core   0: 3 0x8000d2ca (0xe791)
core   0: 0x8000d2cc (0x01aede33) srl     t3, t4, s10
core   0: 3 0x8000d2cc (0x01aede33) x28 0x00000000
core   0: 0x8000d2d0 (0x5e41b793) sltiu   a5, gp, 1508
core   0: 3 0x8000d2d0 (0x5e41b793) x15 0x00000001
core   0: 0x8000d2d4 (0x0000c891) c.beqz  s1, pc + 20
core   0: 3 0x8000d2d4 (0xc891)
core   0: 0x8000d2d6 (0x0000846d) c.srai  s0, 27
core   0: 3 0x8000d2d6 (0x846d) x 8 0xffffffff
core   0: 0x8000d2d8 (0x40815cb3) sra     s9, sp, s0
core   0: 3 0x8000d2d8 (0x40815cb3) x25 0xffffffff
core   0: 0x8000d2dc (0x40790633) sub     a2, s2, t2
core   0: 3 0x8000d2dc (0x40790633) x12 0x4929426e
core   0: 0x8000d2e0 (0x0244e4b3) rem     s1, s1, tp
core   0: 3 0x8000d2e0 (0x0244e4b3) x 9 0x8003fe30
core   0: 0x8000d2e4 (0x0000978a) c.add   a5, sp
core   0: 3 0x8000d2e4 (0x978a) x15 0x80011592
core   0: 0x8000d2e6 (0x00004455) c.li    s0, 21
core   0: 3 0x8000d2e6 (0x4455) x 8 0x00000015
core   0: 0x8000d2e8 (0x000098fd) c.andi  s1, -1
core   0: 3 0x8000d2e8 (0x98fd) x 9 0x8003fe30
core   0: 0x8000d2ea (0x02e40f63) beq     s0, a4, pc + 62
core   0: 3 0x8000d2ea (0x02e40f63)
core   0: 0x8000d2ee (0x009fee63) bltu    t6, s1, pc + 28
core   0: 3 0x8000d2ee (0x009fee63)
core   0: 0x8000d30a (0x0241fd63) bgeu    gp, tp, pc + 58
core   0: 3 0x8000d30a (0x0241fd63)
core   0: 0x8000d344 (0x00008c7d) c.and   s0, a5
core   0: 3 0x8000d344 (0x8c7d) x 8 0x00000010
core   0: 0x8000d346 (0xf1da8313) addi    t1, s5, -227
core   0: 3 0x8000d346 (0xf1da8313) x 6 0x8002ac01
core   0: 0x8000d34a (0x03046533) rem     a0, s0, a6
core   0: 3 0x8000d34a (0x03046533) x10 0x00000010
core   0: 0x8000d34e (0x00cf7cb3) and     s9, t5, a2
core   0: 3 0x8000d34e (0x00cf7cb3) x25 0x48000000
core   0: 0x8000d352 (0x00d49293) slli    t0, s1, 13
core   0: 3 0x8000d352 (0x00d49293) x 5 0x7fc60000
core   0: 0x8000d356 (0x00000001) c.nop
core   0: 3 0x8000d356 (0x0001)
core   0: 0x8000d358 (0x038849b3) div     s3, a6, s8
core   0: 3 0x8000d358 (0x038849b3) x19 0xffffffff
core   0: 0x8000d35c (0x0000567d) c.li    a2, -1
core   0: 3 0x8000d35c (0x567d) x12 0xffffffff
core   0: 0x8000d35e (0x00008c4d) c.or    s0, a1
core   0: 3 0x8000d35e (0x8c4d) x 8 0x00000011
core   0: 0x8000d360 (0x0ff0000f) fence   iorw,iorw
core   0: 3 0x8000d360 (0x0ff0000f)
core   0: 0x8000d364 (0x9f040b13) addi    s6, s0, -1552
core   0: 3 0x8000d364 (0x9f040b13) x22 0xfffffa01
core   0: 0x8000d368 (0x00ee5bb3) srl     s7, t3, a4
core   0: 3 0x8000d368 (0x00ee5bb3) x23 0x00000000
core   0: 0x8000d36c (0x000085c6) c.mv    a1, a7
core   0: 3 0x8000d36c (0x85c6) x11 0x80026e30
core   0: 0x8000d36e (0x03666a33) rem     s4, a2, s6
core   0: 3 0x8000d36e (0x03666a33) x20 0xffffffff
core   0: 0x8000d372 (0x000094ce) c.add   s1, s3
core   0: 3 0x8000d372 (0x94ce) x 9 0x8003fe2f
core   0: 0x8000d374 (0xa8737593) andi    a1, t1, -1401
core   0: 3 0x8000d374 (0xa8737593) x11 0x8002a801
core   0: 0x8000d378 (0x03749cb3) mulh    s9, s1, s7
core   0: 3 0x8000d378 (0x03749cb3) x25 0x00000000
core   0: 0x8000d37c (0x7ab7ab93) slti    s7, a5, 1963
core   0: 3 0x8000d37c (0x7ab7ab93) x23 0x00000001
core   0: 0x8000d380 (0x0000cf85) c.beqz  a5, pc + 56
core   0: 3 0x8000d380 (0xcf85)
core   0: 0x8000d382 (0x007184b3) add     s1, gp, t2
core   0: 3 0x8000d382 (0x007184b3) x 9 0x00000000
core   0: 0x8000d386 (0x00009df2) c.add   s11, t3
core   0: 3 0x8000d386 (0x9df2) x27 0xfffffffa
core   0: 0x8000d388 (0x00006139) c.addi16sp sp, 448
core   0: 3 0x8000d388 (0x6139) x 2 0x80011751
core   0: 0x8000d38a (0x01505293) srli    t0, zero, 21
core   0: 3 0x8000d38a (0x01505293) x 5 0x00000000
core   0: 0x8000d38e (0x0000859a) c.mv    a1, t1
core   0: 3 0x8000d38e (0x859a) x11 0x8002ac01
core   0: 0x8000d390 (0x00b530b3) sltu    ra, a0, a1
core   0: 3 0x8000d390 (0x00b530b3) x 1 0x00000001
core   0: 0x8000d394 (0x0000621d) c.lui   tp, 0x7
core   0: 3 0x8000d394 (0x621d) x 4 0x00007000
core   0: 0x8000d396 (0xcdc9ac13) slti    s8, s3, -804
core   0: 3 0x8000d396 (0xcdc9ac13) x24 0x00000000
core   0: 0x8000d39a (0x00000001) c.nop
core   0: 3 0x8000d39a (0x0001)
core   0: 0x8000d39c (0x027ef863) bgeu    t4, t2, pc + 48
core   0: 3 0x8000d39c (0x027ef863)
core   0: 0x8000d3cc (0x01a6cd63) blt     a3, s10, pc + 26
core   0: 3 0x8000d3cc (0x01a6cd63)
core   0: 0x8000d3e6 (0x029e4133) div     sp, t3, s1
core   0: 3 0x8000d3e6 (0x029e4133) x 2 0xffffffff
core   0: 0x8000d3ea (0x4013d613) srai    a2, t2, 1
core   0: 3 0x8000d3ea (0x4013d613) x12 0x00000000
core   0: 0x8000d3ee (0xd6c76e93) ori     t4, a4, -660
core   0: 3 0x8000d3ee (0xd6c76e93) x29 0xfffffd6c
core   0: 0x8000d3f2 (0xbd0c8793) addi    a5, s9, -1072
core   0: 3 0x8000d3f2 (0xbd0c8793) x15 0xfffffbd0
core   0: 0x8000d3f6 (0x00001e7d) c.addi  t3, -1
core   0: 3 0x8000d3f6 (0x1e7d) x28 0xffffffff
core   0: 0x8000d3f8 (0x0000100f) fence.i
core   0: 3 0x8000d3f8 (0x0000100f)
core   0: 0x8000d3fc (0x00f8d5b3) srl     a1, a7, a5
core   0: 3 0x8000d3fc (0x00f8d5b3) x11 0x00008002
core   0: 0x8000d400 (0x021c1eb3) mulh    t4, s8, ra
core   0: 3 0x8000d400 (0x021c1eb3) x29 0x00000000
core   0: 0x8000d404 (0x01391b13) slli    s6, s2, 19
core   0: 3 0x8000d404 (0x01391b13) x22 0x13700000
core   0: 0x8000d408 (0x00f6d313) srli    t1, a3, 15
core   0: 3 0x8000d408 (0x00f6d313) x 6 0x0001f812
core   0: 0x8000d40c (0x0000717d) c.addi16sp sp, -16
core   0: 3 0x8000d40c (0x717d) x 2 0xffffffef
core   0: 0x8000d40e (0x02029833) mulh    a6, t0, zero
core   0: 3 0x8000d40e (0x02029833) x16 0x00000000
core   0: 0x8000d412 (0xe4200737) lui     a4, 0xe4200
core   0: 3 0x8000d412 (0xe4200737) x14 0xe4200000
core   0: 0x8000d416 (0x00004c97) auipc   s9, 0x4
core   0: 3 0x8000d416 (0x00004c97) x25 0x80011416
core   0: 0x8000d41a (0x0e1c8c93) addi    s9, s9, 225
core   0: 3 0x8000d41a (0x0e1c8c93) x25 0x800114f7
core   0: 0x8000d41e (0x00005097) auipc   ra, 0x5
core   0: 3 0x8000d41e (0x00005097) x 1 0x8001241e
core   0: 0x8000d422 (0x8f308093) addi    ra, ra, -1805
core   0: 3 0x8000d422 (0x8f308093) x 1 0x80011d11
core   0: 0x8000d426 (0x93c0c483) lbu     s1, -1732(ra)
core   0: 3 0x8000d426 (0x93c0c483) x 9 0x00000006 mem 0x8001164d
core   0: 0x8000d42a (0x8cc08983) lb      s3, -1844(ra)
core   0: 3 0x8000d42a (0x8cc08983) x19 0x0000004c mem 0x800115dd
core   0: 0x8000d42e (0x00004c17) auipc   s8, 0x4
core   0: 3 0x8000d42e (0x00004c17) x24 0x8001142e
core   0: 0x8000d432 (0x1c4c0c13) addi    s8, s8, 452
core   0: 3 0x8000d432 (0x1c4c0c13) x24 0x800115f2
core   0: 0x8000d436 (0x064c8403) lb      s0, 100(s9)
core   0: 3 0x8000d436 (0x064c8403) x 8 0x00000010 mem 0x8001155b
core   0: 0x8000d43a (0xf3c08b03) lb      s6, -196(ra)
core   0: 3 0x8000d43a (0xf3c08b03) x22 0x00000006 mem 0x80011c4d
core   0: 0x8000d43e (0xfecc9ca3) sh      a2, -7(s9)
core   0: 3 0x8000d43e (0xfecc9ca3) mem 0x800114f0 0x0000
core   0: 0x8000d442 (0x237c4203) lbu     tp, 567(s8)
core   0: 3 0x8000d442 (0x237c4203) x 4 0x000000e2 mem 0x80011829
core   0: 0x8000d446 (0x93e0c383) lbu     t2, -1730(ra)
core   0: 3 0x8000d446 (0x93e0c383) x 7 0x00000004 mem 0x8001164f
core   0: 0x8000d44a (0x16c0c703) lbu     a4, 364(ra)
core   0: 3 0x8000d44a (0x16c0c703) x14 0x00000036 mem 0x80011e7d
core   0: 0x8000d44e (0x6e3c0203) lb      tp, 1763(s8)
core   0: 3 0x8000d44e (0x6e3c0203) x 4 0xffffff8e mem 0x80011cd5
core   0: 0x8000d452 (0xe05c0f03) lb      t5, -507(s8)
core   0: 3 0x8000d452 (0xe05c0f03) x30 0xffffffff mem 0x800113f7
core   0: 0x8000d456 (0x0d4c8403) lb      s0, 212(s9)
core   0: 3 0x8000d456 (0x0d4c8403) x 8 0xffffff80 mem 0x800115cb
core   0: 0x8000d45a (0xc9ec1923) sh      t5, -878(s8)
core   0: 3 0x8000d45a (0xc9ec1923) mem 0x80011284 0xffff
core   0: 0x8000d45e (0xd08c1223) sh      s0, -764(s8)
core   0: 3 0x8000d45e (0xd08c1223) mem 0x800112f6 0xff80
core   0: 0x8000d462 (0xd70c1923) sh      a6, -654(s8)
core   0: 3 0x8000d462 (0xd70c1923) mem 0x80011364 0x0000
core   0: 0x8000d466 (0x26008283) lb      t0, 608(ra)
core   0: 3 0x8000d466 (0x26008283) x 5 0x0000002a mem 0x80011f71
core   0: 0x8000d46a (0x0a8c8503) lb      a0, 168(s9)
core   0: 3 0x8000d46a (0x0a8c8503) x10 0x00000054 mem 0x8001159f
core   0: 0x8000d46e (0x363c0203) lb      tp, 867(s8)
core   0: 3 0x8000d46e (0x363c0203) x 4 0x0000000e mem 0x80011955
core   0: 0x8000d472 (0xfffc85a3) sb      t6, -21(s9)
core   0: 3 0x8000d472 (0xfffc85a3) mem 0x800114e2 0x7f
core   0: 0x8000d476 (0x00004f69) c.li    t5, 26
core   0: 3 0x8000d476 (0x4f69) x30 0x0000001a
core   0: 0x8000d478 (0x0340f663) bgeu    ra, s4, pc + 44
core   0: 3 0x8000d478 (0x0340f663)
core   0: 0x8000d47c (0x0033b233) sltu    tp, t2, gp
core   0: 3 0x8000d47c (0x0033b233) x 4 0x00000000
core   0: 0x8000d480 (0x033d57b3) divu    a5, s10, s3
core   0: 3 0x8000d480 (0x033d57b3) x15 0x00000000
core   0: 0x8000d484 (0x007e9293) slli    t0, t4, 7
core   0: 3 0x8000d484 (0x007e9293) x 5 0x00000000
core   0: 0x8000d488 (0x00008e2d) c.xor   a2, a1
core   0: 3 0x8000d488 (0x8e2d) x12 0x00008002
core   0: 0x8000d48a (0x020afd33) remu    s10, s5, zero
core   0: 3 0x8000d48a (0x020afd33) x26 0x8002ace4
core   0: 0x8000d48e (0x00000511) c.addi  a0, 4
core   0: 3 0x8000d48e (0x0511) x10 0x00000058
core   0: 0x8000d490 (0x00009cc6) c.add   s9, a7
core   0: 3 0x8000d490 (0x9cc6) x25 0x00038327
core   0: 0x8000d492 (0x0000858e) c.mv    a1, gp
core   0: 3 0x8000d492 (0x858e) x11 0x00000000
core   0: 0x8000d494 (0x02330433) mul     s0, t1, gp
core   0: 3 0x8000d494 (0x02330433) x 8 0x00000000
core   0: 0x8000d498 (0x03408a63) beq     ra, s4, pc + 52
core   0: 3 0x8000d498 (0x03408a63)
core   0: 0x8000d49c (0x37833213) sltiu   tp, t1, 888
core   0: 3 0x8000d49c (0x37833213) x 4 0x00000000
core   0: 0x8000d4a0 (0x03e47033) remu    zero, s0, t5
core   0: 3 0x8000d4a0 (0x03e47033)
core   0: 0x8000d4a4 (0x010c39b3) sltu    s3, s8, a6
core   0: 3 0x8000d4a4 (0x010c39b3) x19 0x00000000
core   0: 0x8000d4a8 (0x00008b9d) c.andi  a5, 7
core   0: 3 0x8000d4a8 (0x8b9d) x15 0x00000000
core   0: 0x8000d4aa (0x034dda33) divu    s4, s11, s4
core   0: 3 0x8000d4aa (0x034dda33) x20 0x00000000
core   0: 0x8000d4ae (0x00008ca1) c.xor   s1, s0
core   0: 3 0x8000d4ae (0x8ca1) x 9 0x00000006
core   0: 0x8000d4b0 (0x039c7063) bgeu    s8, s9, pc + 32
core   0: 3 0x8000d4b0 (0x039c7063)
core   0: 0x8000d4d0 (0x02d8c3b3) div     t2, a7, a3
core   0: 3 0x8000d4d0 (0x02d8c3b3) x 7 0x00000020
core   0: 0x8000d4d4 (0x00000001) c.nop
core   0: 3 0x8000d4d4 (0x0001)
core   0: 0x8000d4d6 (0x00009c97) auipc   s9, 0x9
core   0: 3 0x8000d4d6 (0x00009c97) x25 0x800164d6
core   0: 0x8000d4da (0x4e2c8c93) addi    s9, s9, 1250
core   0: 3 0x8000d4da (0x4e2c8c93) x25 0x800169b8
core   0: 0x8000d4de (0xfdecd483) lhu     s1, -34(s9)
core   0: 3 0x8000d4de (0xfdecd483) x 9 0x00004c4d mem 0x80016996
core   0: 0x8000d4e2 (0x029152b3) divu    t0, sp, s1
core   0: 3 0x8000d4e2 (0x029152b3) x 5 0x00035aea
core   0: 0x8000d4e6 (0x0000878a) c.mv    a5, sp
core   0: 3 0x8000d4e6 (0x878a) x15 0xffffffef
core   0: 0x8000d4e8 (0x01fc8283) lb      t0, 31(s9)
core   0: 3 0x8000d4e8 (0x01fc8283) x 5 0xffffff8c mem 0x800169d7
core   0: 0x8000d4ec (0x0077e3b3) or      t2, a5, t2
core   0: 3 0x8000d4ec (0x0077e3b3) x 7 0xffffffef
core   0: 0x8000d4f0 (0x02fc8d23) sb      a5, 58(s9)
core   0: 3 0x8000d4f0 (0x02fc8d23) mem 0x800169f2 0xef
core   0: 0x8000d4f4 (0xfe3c8483) lb      s1, -29(s9)
core   0: 3 0x8000d4f4 (0xfe3c8483) x 9 0x00000050 mem 0x8001699b
core   0: 0x8000d4f8 (0xfc5c8aa3) sb      t0, -43(s9)
core   0: 3 0x8000d4f8 (0xfc5c8aa3) mem 0x8001698d 0x8c
core   0: 0x8000d4fc (0x00000001) c.nop
core   0: 3 0x8000d4fc (0x0001)
core   0: 0x8000d4fe (0x40b2d3b3) sra     t2, t0, a1
core   0: 3 0x8000d4fe (0x40b2d3b3) x 7 0xffffff8c
core   0: 0x8000d502 (0x4de5a293) slti    t0, a1, 1246
core   0: 3 0x8000d502 (0x4de5a293) x 5 0x00000001
core   0: 0x8000d506 (0x000005f2) c.slli  a1, 28
core   0: 3 0x8000d506 (0x05f2) x11 0x00000000
core   0: 0x8000d508 (0xfd2cd583) lhu     a1, -46(s9)
core   0: 3 0x8000d508 (0xfd2cd583) x11 0x00004041 mem 0x8001698a
core   0: 0x8000d50c (0x045c9023) sh      t0, 64(s9)
core   0: 3 0x8000d50c (0x045c9023) mem 0x800169f8 0x0001
core   0: 0x8000d510 (0x02b4e133) rem     sp, s1, a1
core   0: 3 0x8000d510 (0x02b4e133) x 2 0x00000050
core   0: 0x8000d514 (0x3d014493) xori    s1, sp, 976
core   0: 3 0x8000d514 (0x3d014493) x 9 0x00000380
core   0: 0x8000d518 (0xe6f4f293) andi    t0, s1, -401
core   0: 3 0x8000d518 (0xe6f4f293) x 5 0x00000200
core   0: 0x8000d51c (0x0ff0000f) fence   iorw,iorw
core   0: 3 0x8000d51c (0x0ff0000f)
core   0: 0x8000d520 (0xfd7cc483) lbu     s1, -41(s9)
core   0: 3 0x8000d520 (0xfd7cc483) x 9 0x00000044 mem 0x8001698f
core   0: 0x8000d524 (0x022135b3) mulhu   a1, sp, sp
core   0: 3 0x8000d524 (0x022135b3) x11 0x00000000
core   0: 0x8000d528 (0x000084d1) c.srai  s1, 20
core   0: 3 0x8000d528 (0x84d1) x 9 0x00000000
core   0: 0x8000d52a (0x0000948a) c.add   s1, sp
core   0: 3 0x8000d52a (0x948a) x 9 0x00000050
core   0: 0x8000d52c (0x029c88a3) sb      s1, 49(s9)
core   0: 3 0x8000d52c (0x029c88a3) mem 0x800169e9 0x50
core   0: 0x8000d530 (0x030c9103) lh      sp, 48(s9)
core   0: 3 0x8000d530 (0x030c9103) x 2 0x000050a3 mem 0x800169e8
core   0: 0x8000d534 (0x023cc103) lbu     sp, 35(s9)
core   0: 3 0x8000d534 (0x023cc103) x 2 0x00000090 mem 0x800169db
core   0: 0x8000d538 (0x00008fbd) c.xor   a5, a5
core   0: 3 0x8000d538 (0x8fbd) x15 0x00000000
core   0: 0x8000d53a (0x00311293) slli    t0, sp, 3
core   0: 3 0x8000d53a (0x00311293) x 5 0x00000480
core   0: 0x8000d53e (0x022c83a3) sb      sp, 39(s9)
core   0: 3 0x8000d53e (0x022c83a3) mem 0x800169df 0x90
core   0: 0x8000d542 (0xff0cc483) lbu     s1, -16(s9)
core   0: 3 0x8000d542 (0xff0cc483) x 9 0x00000063 mem 0x800169a8
core   0: 0x8000d546 (0x011c8283) lb      t0, 17(s9)
core   0: 3 0x8000d546 (0x011c8283) x 5 0xffffff82 mem 0x800169c9
core   0: 0x8000d54a (0x028c8103) lb      sp, 40(s9)
core   0: 3 0x8000d54a (0x028c8103) x 2 0xffffff9b mem 0x800169e0
core   0: 0x8000d54e (0x005c8523) sb      t0, 10(s9)
core   0: 3 0x8000d54e (0x005c8523) mem 0x800169c2 0x82
core   0: 0x8000d552 (0x4112d393) srai    t2, t0, 17
core   0: 3 0x8000d552 (0x4112d393) x 7 0xffffffff
core   0: 0x8000d556 (0xff1cc103) lbu     sp, -15(s9)
core   0: 3 0x8000d556 (0xff1cc103) x 2 0x00000062 mem 0x800169a9
core   0: 0x8000d55a (0xfebc88a3) sb      a1, -15(s9)
core   0: 3 0x8000d55a (0xfebc88a3) mem 0x800169a9 0x0
core   0: 0x8000d55e (0x0024b4b3) sltu    s1, s1, sp
core   0: 3 0x8000d55e (0x0024b4b3) x 9 0x00000000
core   0: 0x8000d562 (0xfc8ca103) lw      sp, -56(s9)
core   0: 3 0x8000d562 (0xfc8ca103) x 2 0x38393a3b mem 0x80016980
core   0: 0x8000d566 (0xf0a4f593) andi    a1, s1, -246
core   0: 3 0x8000d566 (0xf0a4f593) x11 0x00000000
core   0: 0x8000d56a (0x00359113) slli    sp, a1, 3
core   0: 3 0x8000d56a (0x00359113) x 2 0x00000000
core   0: 0x8000d56e (0x0000911e) c.add   sp, t2
core   0: 3 0x8000d56e (0x911e) x 2 0xffffffff
core   0: 0x8000d570 (0x4137d113) srai    sp, a5, 19
core   0: 3 0x8000d570 (0x4137d113) x 2 0x00000000
core   0: 0x8000d574 (0x0ff0000f) fence   iorw,iorw
core   0: 3 0x8000d574 (0x0ff0000f)
core   0: 0x8000d578 (0x01ccc103) lbu     sp, 28(s9)
core   0: 3 0x8000d578 (0x01ccc103) x 2 0x0000008f mem 0x800169d4
core   0: 0x8000d57c (0x032cd483) lhu     s1, 50(s9)
core   0: 3 0x8000d57c (0x032cd483) x 9 0x0000a0a1 mem 0x800169ea
core   0: 0x8000d580 (0x0000cf81) c.beqz  a5, pc + 24
core   0: 3 0x8000d580 (0xcf81)
core   0: 0x8000d598 (0x00006141) c.addi16sp sp, 16
core   0: 3 0x8000d598 (0x6141) x 2 0x0000009f
core   0: 0x8000d59a (0x00009c0e) c.add   s8, gp
core   0: 3 0x8000d59a (0x9c0e) x24 0x800115f2
core   0: 0x8000d59c (0x00006ddd) c.lui   s11, 0x17
core   0: 3 0x8000d59c (0x6ddd) x27 0x00017000
core   0: 0x8000d59e (0x9a5db313) sltiu   t1, s11, -1627
core   0: 3 0x8000d59e (0x9a5db313) x 6 0x00000001
core   0: 0x8000d5a2 (0x00008f89) c.sub   a5, a0
core   0: 3 0x8000d5a2 (0x8f89) x15 0xffffffa8
core   0: 0x8000d5a4 (0x00008e1d) c.sub   a2, a5
core   0: 3 0x8000d5a4 (0x8e1d) x12 0x0000805a
core   0: 0x8000d5a6 (0x8c65e793) ori     a5, a1, -1850
core   0: 3 0x8000d5a6 (0x8c65e793) x15 0xfffff8c6
core   0: 0x8000d5aa (0x00008ded) c.and   a1, a1
core   0: 3 0x8000d5aa (0x8ded) x11 0x00000000
core   0: 0x8000d5ac (0x404bde93) srai    t4, s7, 4
core   0: 3 0x8000d5ac (0x404bde93) x29 0x00000000
core   0: 0x8000d5b0 (0x0000656d) c.lui   a0, 0x1b
core   0: 3 0x8000d5b0 (0x656d) x10 0x0001b000
core   0: 0x8000d5b2 (0x039b8063) beq     s7, s9, pc + 32
core   0: 3 0x8000d5b2 (0x039b8063)
core   0: 0x8000d5b6 (0x023e99b3) mulh    s3, t4, gp
core   0: 3 0x8000d5b6 (0x023e99b3) x19 0x00000000
core   0: 0x8000d5ba (0x01a7d433) srl     s0, a5, s10
core   0: 3 0x8000d5ba (0x01a7d433) x 8 0x0fffff8c
core   0: 0x8000d5be (0x000011fd) c.addi  gp, -1
core   0: 3 0x8000d5be (0x11fd) x 3 0xffffffff
core   0: 0x8000d5c0 (0x00ca23b3) slt     t2, s4, a2
core   0: 3 0x8000d5c0 (0x00ca23b3) x 7 0x00000001
core   0: 0x8000d5c4 (0x00cff1b3) and     gp, t6, a2
core   0: 3 0x8000d5c4 (0x00cff1b3) x 3 0x0000005a
core   0: 0x8000d5c8 (0x00006fa9) c.lui   t6, 0xa
core   0: 3 0x8000d5c8 (0x6fa9) x31 0x0000a000
core   0: 0x8000d5ca (0x000080f5) c.srli  s1, 29
core   0: 3 0x8000d5ca (0x80f5) x 9 0x00000000
core   0: 0x8000d5cc (0x00000001) c.nop
core   0: 3 0x8000d5cc (0x0001)
core   0: 0x8000d5ce (0x04910263) beq     sp, s1, pc + 68
core   0: 3 0x8000d5ce (0x04910263)
core   0: 0x8000d5d2 (0x40c4dbb3) sra     s7, s1, a2
core   0: 3 0x8000d5d2 (0x40c4dbb3) x23 0x00000000
core   0: 0x8000d5d6 (0x002fd863) bge     t6, sp, pc + 16
core   0: 3 0x8000d5d6 (0x002fd863)
core   0: 0x8000d5e6 (0x03df1033) mulh    zero, t5, t4
core   0: 3 0x8000d5e6 (0x03df1033)
core   0: 0x8000d5ea (0x00001a80) c.addi4spn s0, sp, 368
core   0: 3 0x8000d5ea (0x1a80) x 8 0x0000020f
core   0: 0x8000d5ec (0x0342d5b3) divu    a1, t0, s4
core   0: 3 0x8000d5ec (0x0342d5b3) x11 0xffffffff
core   0: 0x8000d5f0 (0x0000e51d) c.bnez  a0, pc + 46
core   0: 3 0x8000d5f0 (0xe51d)
core   0: 0x8000d61e (0x0000717d) c.addi16sp sp, -16
core   0: 3 0x8000d61e (0x717d) x 2 0x0000008f
core   0: 0x8000d620 (0x0000187d) c.addi  a6, -1
core   0: 3 0x8000d620 (0x187d) x16 0xffffffff
core   0: 0x8000d622 (0x005223b3) slt     t2, tp, t0
core   0: 3 0x8000d622 (0x005223b3) x 7 0x00000000
core   0: 0x8000d626 (0x00c302b3) add     t0, t1, a2
core   0: 3 0x8000d626 (0x00c302b3) x 5 0x0000805b
core   0: 0x8000d62a (0x00006b05) c.lui   s6, 0x1
core   0: 3 0x8000d62a (0x6b05) x22 0x00001000
core   0: 0x8000d62c (0x26d6ce93) xori    t4, a3, 621
core   0: 3 0x8000d62c (0x26d6ce93) x29 0xfc094e55
core   0: 0x8000d630 (0x0ee26363) bltu    tp, a4, pc + 230
core   0: 3 0x8000d630 (0x0ee26363)
core   0: 0x8000d716 (0x035c9f63) bne     s9, s5, pc + 62
core   0: 3 0x8000d716 (0x035c9f63)
core   0: 0x8000d754 (0x00001880) c.addi4spn s0, sp, 112
core   0: 3 0x8000d754 (0x1880) x 8 0x000000ff
core   0: 0x8000d756 (0x0354c2b3) div     t0, s1, s5
core   0: 3 0x8000d756 (0x0354c2b3) x 5 0x00000000
core   0: 0x8000d75a (0x00008ca9) c.xor   s1, a0
core   0: 3 0x8000d75a (0x8ca9) x 9 0x0001b000
core   0: 0x8000d75c (0x031d7d63) bgeu    s10, a7, pc + 58
core   0: 3 0x8000d75c (0x031d7d63)
core   0: 0x8000d796 (0x01d714b3) sll     s1, a4, t4
core   0: 3 0x8000d796 (0x01d714b3) x 9 0x06c00000
core   0: 0x8000d79a (0x00004151) c.li    sp, 20
core   0: 3 0x8000d79a (0x4151) x 2 0x00000014
core   0: 0x8000d79c (0x02f0f2b3) remu    t0, ra, a5
core   0: 3 0x8000d79c (0x02f0f2b3) x 5 0x80011d11
core   0: 0x8000d7a0 (0x40578433) sub     s0, a5, t0
core   0: 3 0x8000d7a0 (0x40578433) x 8 0x7ffedbb5
core   0: 0x8000d7a4 (0x00008ded) c.and   a1, a1
core   0: 3 0x8000d7a4 (0x8ded) x11 0xffffffff
core   0: 0x8000d7a6 (0x00000a3a) c.slli  s4, 14
core   0: 3 0x8000d7a6 (0x0a3a) x20 0x00000000
core   0: 0x8000d7a8 (0x0000963e) c.add   a2, a5
core   0: 3 0x8000d7a8 (0x963e) x12 0x00007920
core   0: 0x8000d7aa (0x00008fe1) c.and   a5, s0
core   0: 3 0x8000d7aa (0x8fe1) x15 0x7ffed884
core   0: 0x8000d7ac (0x451a8c93) addi    s9, s5, 1105
core   0: 3 0x8000d7ac (0x451a8c93) x25 0x8002b135
core   0: 0x8000d7b0 (0x00006861) c.lui   a6, 0x18
core   0: 3 0x8000d7b0 (0x6861) x16 0x00018000
core   0: 0x8000d7b2 (0x0000100f) fence.i
core   0: 3 0x8000d7b2 (0x0000100f)
core   0: 0x8000d7b6 (0x00006139) c.addi16sp sp, 448
core   0: 3 0x8000d7b6 (0x6139) x 2 0x000001d4
core   0: 0x8000d7b8 (0x005c59b3) srl     s3, s8, t0
core   0: 3 0x8000d7b8 (0x005c59b3) x19 0x00004000
core   0: 0x8000d7bc (0x018ba733) slt     a4, s7, s8
core   0: 3 0x8000d7bc (0x018ba733) x14 0x00000000
core   0: 0x8000d7c0 (0x0174fe33) and     t3, s1, s7
core   0: 3 0x8000d7c0 (0x0174fe33) x28 0x00000000
core   0: 0x8000d7c4 (0x00008132) c.mv    sp, a2
core   0: 3 0x8000d7c4 (0x8132) x 2 0x00007920
core   0: 0x8000d7c6 (0x00000001) c.nop
core   0: 3 0x8000d7c6 (0x0001)
core   0: 0x8000d7c8 (0x00009cd2) c.add   s9, s4
core   0: 3 0x8000d7c8 (0x9cd2) x25 0x8002b135
core   0: 0x8000d7ca (0x03a06063) bltu    zero, s10, pc + 32
core   0: 3 0x8000d7ca (0x03a06063)
core   0: 0x8000d7ea (0x051d7163) bgeu    s10, a7, pc + 66
core   0: 3 0x8000d7ea (0x051d7163)
core   0: 0x8000d82c (0x03d54933) div     s2, a0, t4
core   0: 3 0x8000d82c (0x03d54933) x18 0x00000000
core   0: 0x8000d830 (0x0000085a) c.slli  a6, 22
core   0: 3 0x8000d830 (0x085a) x16 0x00000000
core   0: 0x8000d832 (0x015b9763) bne     s7, s5, pc + 14
core   0: 3 0x8000d832 (0x015b9763)
core   0: 0x8000d840 (0x02aef933) remu    s2, t4, a0
core   0: 3 0x8000d840 (0x02aef933) x18 0x00016e55
core   0: 0x8000d844 (0x00008a75) c.andi  a2, 29
core   0: 3 0x8000d844 (0x8a75) x12 0x00000000
core   0: 0x8000d846 (0x0000e595) c.bnez  a1, pc + 44
core   0: 3 0x8000d846 (0xe595)
core   0: 0x8000d872 (0xd35fa813) slti    a6, t6, -715
core   0: 3 0x8000d872 (0xd35fa813) x16 0x00000000
core   0: 0x8000d876 (0x0e05e193) ori     gp, a1, 224
core   0: 3 0x8000d876 (0x0e05e193) x 3 0xffffffff
core   0: 0x8000d87a (0xbaa3b213) sltiu   tp, t2, -1110
core   0: 3 0x8000d87a (0xbaa3b213) x 4 0x00000001
core   0: 0x8000d87e (0x000088ed) c.andi  s1, 27
core   0: 3 0x8000d87e (0x88ed) x 9 0x00000000
core   0: 0x8000d880 (0x0000013a) c.slli  sp, 14
core   0: 3 0x8000d880 (0x013a) x 2 0x1e480000
core   0: 0x8000d882 (0x000007cd) c.addi  a5, 19
core   0: 3 0x8000d882 (0x07cd) x15 0x7ffed897
core   0: 0x8000d884 (0x00a95763) bge     s2, a0, pc + 14
core   0: 3 0x8000d884 (0x00a95763)
core   0: 0x8000d888 (0x0000ef1d) c.bnez  a4, pc + 62
core   0: 3 0x8000d888 (0xef1d)
core   0: 0x8000d88a (0xc059de97) auipc   t4, 0xc059d
core   0: 3 0x8000d88a (0xc059de97) x29 0x405aa88a
core   0: 0x8000d88e (0x030052b3) divu    t0, zero, a6
core   0: 3 0x8000d88e (0x030052b3) x 5 0xffffffff
core   0: 0x8000d892 (0x00008a4e) c.mv    s4, s3
core   0: 3 0x8000d892 (0x8a4e) x20 0x00004000
core   0: 0x8000d894 (0x0000100f) fence.i
core   0: 3 0x8000d894 (0x0000100f)
core   0: 0x8000d898 (0x03e49d33) mulh    s10, s1, t5
core   0: 3 0x8000d898 (0x03e49d33) x26 0x00000000
core   0: 0x8000d89c (0x925faa13) slti    s4, t6, -1755
core   0: 3 0x8000d89c (0x925faa13) x20 0x00000000
core   0: 0x8000d8a0 (0x02a18163) beq     gp, a0, pc + 34
core   0: 3 0x8000d8a0 (0x02a18163)
core   0: 0x8000d8a4 (0x0091afb3) slt     t6, gp, s1
core   0: 3 0x8000d8a4 (0x0091afb3) x31 0x00000001
core   0: 0x8000d8a8 (0x01eb45b3) xor     a1, s6, t5
core   0: 3 0x8000d8a8 (0x01eb45b3) x11 0x0000101a
core   0: 0x8000d8ac (0x007054b3) srl     s1, zero, t2
core   0: 3 0x8000d8ac (0x007054b3) x 9 0x00000000
core   0: 0x8000d8b0 (0x021e6db3) rem     s11, t3, ra
core   0: 3 0x8000d8b0 (0x021e6db3) x27 0x00000000
core   0: 0x8000d8b4 (0x00008e45) c.or    a2, s1
core   0: 3 0x8000d8b4 (0x8e45) x12 0x00000000
core   0: 0x8000d8b6 (0x0000471d) c.li    a4, 7
core   0: 3 0x8000d8b6 (0x471d) x14 0x00000007
core   0: 0x8000d8b8 (0x0000034e) c.slli  t1, 19
core   0: 3 0x8000d8b8 (0x034e) x 6 0x00080000
core   0: 0x8000d8ba (0x05a6ce93) xori    t4, a3, 90
core   0: 3 0x8000d8ba (0x05a6ce93) x29 0xfc094c62
core   0: 0x8000d8be (0x40005413) srai    s0, zero, 0
core   0: 3 0x8000d8be (0x40005413) x 8 0x00000000
core   0: 0x8000d8c2 (0x01c09e63) bne     ra, t3, pc + 28
core   0: 3 0x8000d8c2 (0x01c09e63)
core   0: 0x8000d8de (0x017a6633) or      a2, s4, s7
core   0: 3 0x8000d8de (0x017a6633) x12 0x00000000
core   0: 0x8000d8e2 (0x000093de) c.add   t2, s7
core   0: 3 0x8000d8e2 (0x93de) x 7 0x00000000
core   0: 0x8000d8e4 (0xc95cbd93) sltiu   s11, s9, -875
core   0: 3 0x8000d8e4 (0xc95cbd93) x27 0x00000001
core   0: 0x8000d8e8 (0x03109163) bne     ra, a7, pc + 34
core   0: 3 0x8000d8e8 (0x03109163)
core   0: 0x8000d90a (0x03709fb3) mulh    t6, ra, s7
core   0: 3 0x8000d90a (0x03709fb3) x31 0x00000000
core   0: 0x8000d90e (0x01bd5413) srli    s0, s10, 27
core   0: 3 0x8000d90e (0x01bd5413) x 8 0x00000000
core   0: 0x8000d912 (0x02d58263) beq     a1, a3, pc + 36
core   0: 3 0x8000d912 (0x02d58263)
core   0: 0x8000d916 (0x00008e51) c.or    a2, a2
core   0: 3 0x8000d916 (0x8e51) x12 0x00000000
core   0: 0x8000d918 (0xf3d5b817) auipc   a6, 0xf3d5b
core   0: 3 0x8000d918 (0xf3d5b817) x16 0x73d68918
core   0: 0x8000d91c (0x0000167d) c.addi  a2, -1
core   0: 3 0x8000d91c (0x167d) x12 0xffffffff
core   0: 0x8000d91e (0x033da7b3) mulhsu  a5, s11, s3
core   0: 3 0x8000d91e (0x033da7b3) x15 0x00000000
core   0: 0x8000d922 (0x0ff0000f) fence   iorw,iorw
core   0: 3 0x8000d922 (0x0ff0000f)
core   0: 0x8000d926 (0x0264d817) auipc   a6, 0x264d
core   0: 3 0x8000d926 (0x0264d817) x16 0x8265a926
core   0: 0x8000d92a (0x00000001) c.nop
core   0: 3 0x8000d92a (0x0001)
core   0: 0x8000d92c (0x8e360e13) addi    t3, a2, -1821
core   0: 3 0x8000d92c (0x8e360e13) x28 0xfffff8e2
core   0: 0x8000d930 (0x030299b3) mulh    s3, t0, a6
core   0: 3 0x8000d930 (0x030299b3) x19 0x00000000
core   0: 0x8000d934 (0x0000987d) c.andi  s0, -1
core   0: 3 0x8000d934 (0x987d) x 8 0x00000000
core   0: 0x8000d936 (0x00006f11) c.lui   t5, 0x4
core   0: 3 0x8000d936 (0x6f11) x30 0x00004000
core   0: 0x8000d938 (0x02b46d63) bltu    s0, a1, pc + 58
core   0: 3 0x8000d938 (0x02b46d63)
core   0: 0x8000d972 (0xa6227513) andi    a0, tp, -1438
core   0: 3 0x8000d972 (0xa6227513) x10 0x00000000
core   0: 0x8000d976 (0x03db8d33) mul     s10, s7, t4
core   0: 3 0x8000d976 (0x03db8d33) x26 0x00000000
core   0: 0x8000d97a (0x00008cad) c.xor   s1, a1
core   0: 3 0x8000d97a (0x8cad) x 9 0x0000101a
core   0: 0x8000d97c (0x00ceedb3) or      s11, t4, a2
core   0: 3 0x8000d97c (0x00ceedb3) x27 0xffffffff
core   0: 0x8000d980 (0x000087e9) c.srai  a5, 26
core   0: 3 0x8000d980 (0x87e9) x15 0x00000000
core   0: 0x8000d982 (0xeee0b113) sltiu   sp, ra, -274
core   0: 3 0x8000d982 (0xeee0b113) x 2 0x00000001
core   0: 0x8000d986 (0x408a5513) srai    a0, s4, 8
core   0: 3 0x8000d986 (0x408a5513) x10 0x00000000
core   0: 0x8000d98a (0x3fd9cb13) xori    s6, s3, 1021
core   0: 3 0x8000d98a (0x3fd9cb13) x22 0x000003fd
core   0: 0x8000d98e (0x0233a933) mulhsu  s2, t2, gp
core   0: 3 0x8000d98e (0x0233a933) x18 0x00000000
core   0: 0x8000d992 (0x10b3c763) blt     t2, a1, pc + 270
core   0: 3 0x8000d992 (0x10b3c763)
core   0: 0x8000daa0 (0x00008e05) c.sub   a2, s1
core   0: 3 0x8000daa0 (0x8e05) x12 0xffffefe5
core   0: 0x8000daa2 (0x0000844d) c.srai  s0, 19
core   0: 3 0x8000daa2 (0x844d) x 8 0x00000000
core   0: 0x8000daa4 (0x62388993) addi    s3, a7, 1571
core   0: 3 0x8000daa4 (0x62388993) x19 0x80027453
core   0: 0x8000daa8 (0x00008411) c.srai  s0, 4
core   0: 3 0x8000daa8 (0x8411) x 8 0x00000000
core   0: 0x8000daaa (0x00001c7d) c.addi  s8, -1
core   0: 3 0x8000daaa (0x1c7d) x24 0x800115f1
core   0: 0x8000daac (0x00be4e33) xor     t3, t3, a1
core   0: 3 0x8000daac (0x00be4e33) x28 0xffffe8f8
core   0: 0x8000dab0 (0x03ade663) bltu    s11, s10, pc + 44
core   0: 3 0x8000dab0 (0x03ade663)
core   0: 0x8000dab4 (0x4028df13) srai    t5, a7, 2
core   0: 3 0x8000dab4 (0x4028df13) x30 0xe0009b8c
core   0: 0x8000dab8 (0x0000100f) fence.i
core   0: 3 0x8000dab8 (0x0000100f)
core   0: 0x8000dabc (0x00008f11) c.sub   a4, a2
core   0: 3 0x8000dabc (0x8f11) x14 0x00001022
core   0: 0x8000dabe (0x032d2533) mulhsu  a0, s10, s2
core   0: 3 0x8000dabe (0x032d2533) x10 0x00000000
core   0: 0x8000dac2 (0x0000177d) c.addi  a4, -1
core   0: 3 0x8000dac2 (0x177d) x14 0x00001021
core   0: 0x8000dac4 (0x0000ef81) c.bnez  a5, pc + 24
core   0: 3 0x8000dac4 (0xef81)
core   0: 0x8000dac6 (0x01aac2b3) xor     t0, s5, s10
core   0: 3 0x8000dac6 (0x01aac2b3) x 5 0x8002ace4
core   0: 0x8000daca (0x0000717d) c.addi16sp sp, -16
core   0: 3 0x8000daca (0x717d) x 2 0xfffffff1
core   0: 0x8000dacc (0x0000ea01) c.bnez  a2, pc + 16
core   0: 3 0x8000dacc (0xea01)
core   0: 0x8000dadc (0x00a70db3) add     s11, a4, a0
core   0: 3 0x8000dadc (0x00a70db3) x27 0x00001021
core   0: 0x8000dae0 (0x0321dc33) divu    s8, gp, s2
core   0: 3 0x8000dae0 (0x0321dc33) x24 0xffffffff
core   0: 0x8000dae4 (0x01940763) beq     s0, s9, pc + 14
core   0: 3 0x8000dae4 (0x01940763)
core   0: 0x8000dae8 (0x0110fc63) bgeu    ra, a7, pc + 24
core   0: 3 0x8000dae8 (0x0110fc63)
core   0: 0x8000daec (0x0232afb3) mulhsu  t6, t0, gp
core   0: 3 0x8000daec (0x0232afb3) x31 0x8002ace4
core   0: 0x8000daf0 (0x000080ed) c.srli  s1, 27
core   0: 3 0x8000daf0 (0x80ed) x 9 0x00000000
core   0: 0x8000daf2 (0x00000001) c.nop
core   0: 3 0x8000daf2 (0x0001)
core   0: 0x8000daf4 (0x01d671b3) and     gp, a2, t4
core   0: 3 0x8000daf4 (0x01d671b3) x 3 0xfc094c60
core   0: 0x8000daf8 (0x018ff463) bgeu    t6, s8, pc + 8
core   0: 3 0x8000daf8 (0x018ff463)
core   0: 0x8000dafc (0x0d9c6293) ori     t0, s8, 217
core   0: 3 0x8000dafc (0x0d9c6293) x 5 0xffffffff
core   0: 0x8000db00 (0x02b80063) beq     a6, a1, pc + 32
core   0: 3 0x8000db00 (0x02b80063)
core   0: 0x8000db04 (0x03a3cc33) div     s8, t2, s10
core   0: 3 0x8000db04 (0x03a3cc33) x24 0xffffffff
core   0: 0x8000db08 (0x000062e9) c.lui   t0, 0x1a
core   0: 3 0x8000db08 (0x62e9) x 5 0x0001a000
core   0: 0x8000db0a (0x03d43433) mulhu   s0, s0, t4
core   0: 3 0x8000db0a (0x03d43433) x 8 0x00000000
core   0: 0x8000db0e (0x02df8863) beq     t6, a3, pc + 48
core   0: 3 0x8000db0e (0x02df8863)
core   0: 0x8000db12 (0xb0187293) andi    t0, a6, -1279
core   0: 3 0x8000db12 (0xb0187293) x 5 0x8265a900
core   0: 0x8000db16 (0x01579733) sll     a4, a5, s5
core   0: 3 0x8000db16 (0x01579733) x14 0x00000000
core   0: 0x8000db1a (0xa85ff813) andi    a6, t6, -1403
core   0: 3 0x8000db1a (0xa85ff813) x16 0x8002a884
core   0: 0x8000db1e (0x0000c0a9) c.beqz  s1, pc + 66
core   0: 3 0x8000db1e (0xc0a9)
core   0: 0x8000db60 (0x16554737) lui     a4, 0x16554
core   0: 3 0x8000db60 (0x16554737) x14 0x16554000
core   0: 0x8000db64 (0x00009372) c.add   t1, t3
core   0: 3 0x8000db64 (0x9372) x 6 0x0007e8f8
core   0: 0x8000db66 (0xe5013d13) sltiu   s10, sp, -432
core   0: 3 0x8000db66 (0xe5013d13) x26 0x00000000
core   0: 0x8000db6a (0x0000e3a1) c.bnez  a5, pc + 64
core   0: 3 0x8000db6a (0xe3a1)
core   0: 0x8000db6c (0x365b6213) ori     tp, s6, 869
core   0: 3 0x8000db6c (0x365b6213) x 4 0x000003fd
core   0: 0x8000db70 (0x037b63b3) rem     t2, s6, s7
core   0: 3 0x8000db70 (0x037b63b3) x 7 0x000003fd
core   0: 0x8000db74 (0x00a85413) srli    s0, a6, 10
core   0: 3 0x8000db74 (0x00a85413) x 8 0x002000aa
core   0: 0x8000db78 (0x41935813) srai    a6, t1, 25
core   0: 3 0x8000db78 (0x41935813) x16 0x00000000
core   0: 0x8000db7c (0x0000ec15) c.bnez  s0, pc + 60
core   0: 3 0x8000db7c (0xec15)
core   0: 0x8000dbb8 (0x00cbb333) sltu    t1, s7, a2
core   0: 3 0x8000dbb8 (0x00cbb333) x 6 0x00000001
core   0: 0x8000dbbc (0x01aa1863) bne     s4, s10, pc + 16
core   0: 3 0x8000dbbc (0x01aa1863)
core   0: 0x8000dbc0 (0x0088dc63) bge     a7, s0, pc + 24
core   0: 3 0x8000dbc0 (0x0088dc63)
core   0: 0x8000dbc4 (0x03e9de63) bge     s3, t5, pc + 60
core   0: 3 0x8000dbc4 (0x03e9de63)
core   0: 0x8000dbc8 (0x4841a097) auipc   ra, 0x4841a
core   0: 3 0x8000dbc8 (0x4841a097) x 1 0xc8427bc8
core   0: 0x8000dbcc (0x0000081c) c.addi4spn a5, sp, 16
core   0: 3 0x8000dbcc (0x081c) x15 0x00000001
core   0: 0x8000dbce (0x00001f18) c.addi4spn a4, sp, 944
core   0: 3 0x8000dbce (0x1f18) x14 0x000003a1
core   0: 0x8000dbd0 (0x239f8093) addi    ra, t6, 569
core   0: 3 0x8000dbd0 (0x239f8093) x 1 0x8002af1d
core   0: 0x8000dbd4 (0x00f45093) srli    ra, s0, 15
core   0: 3 0x8000dbd4 (0x00f45093) x 1 0x00000040
core   0: 0x8000dbd8 (0x02e81f63) bne     a6, a4, pc + 62
core   0: 3 0x8000dbd8 (0x02e81f63)
core   0: 0x8000dc16 (0x00115d13) srli    s10, sp, 1
core   0: 3 0x8000dc16 (0x00115d13) x26 0x7ffffff8
core   0: 0x8000dc1a (0x0000801d) c.srli  s0, 7
core   0: 3 0x8000dc1a (0x801d) x 8 0x00004001
core   0: 0x8000dc1c (0x4ed81b17) auipc   s6, 0x4ed81
core   0: 3 0x8000dc1c (0x4ed81b17) x22 0xced8ec1c
core   0: 0x8000dc20 (0x00000001) c.nop
core   0: 3 0x8000dc20 (0x0001)
core   0: 0x8000dc22 (0x03f2c533) div     a0, t0, t6
core   0: 3 0x8000dc22 (0x03f2c533) x10 0x00000000
core   0: 0x8000dc26 (0x0353e763) bltu    t2, s5, pc + 46
core   0: 3 0x8000dc26 (0x0353e763)
core   0: 0x8000dc54 (0x01ad4863) blt     s10, s10, pc + 16
core   0: 3 0x8000dc54 (0x01ad4863)
core   0: 0x8000dc58 (0x00b4c863) blt     s1, a1, pc + 16
core   0: 3 0x8000dc58 (0x00b4c863)
core   0: 0x8000dc68 (0x039de233) rem     tp, s11, s9
core   0: 3 0x8000dc68 (0x039de233) x 4 0x00001021
core   0: 0x8000dc6c (0x0334f033) remu    zero, s1, s3
core   0: 3 0x8000dc6c (0x0334f033)
core   0: 0x8000dc70 (0xfadfa493) slti    s1, t6, -83
core   0: 3 0x8000dc70 (0xfadfa493) x 9 0x00000001
core   0: 0x8000dc74 (0x02c21f33) mulh    t5, tp, a2
core   0: 3 0x8000dc74 (0x02c21f33) x30 0xffffffff
core   0: 0x8000dc78 (0x00006149) c.addi16sp sp, 144
core   0: 3 0x8000dc78 (0x6149) x 2 0x00000081
core   0: 0x8000dc7a (0x0000ca15) c.beqz  a2, pc + 52
core   0: 3 0x8000dc7a (0xca15)
core   0: 0x8000dc7c (0x03697963) bgeu    s2, s6, pc + 50
core   0: 3 0x8000dc7c (0x03697963)
core   0: 0x8000dc80 (0x40215f33) sra     t5, sp, sp
core   0: 3 0x8000dc80 (0x40215f33) x30 0x00000040
core   0: 0x8000dc84 (0x00008ff5) c.and   a5, a3
core   0: 3 0x8000dc84 (0x8ff5) x15 0x00000000
core   0: 0x8000dc86 (0x01e88333) add     t1, a7, t5
core   0: 3 0x8000dc86 (0x01e88333) x 6 0x80026e70
core   0: 0x8000dc8a (0xb727c793) xori    a5, a5, -1166
core   0: 3 0x8000dc8a (0xb727c793) x15 0xfffffb72
core   0: 0x8000dc8e (0x00001f10) c.addi4spn a2, sp, 944
core   0: 3 0x8000dc8e (0x1f10) x12 0x00000431
core   0: 0x8000dc90 (0x00001900) c.addi4spn s0, sp, 176
core   0: 3 0x8000dc90 (0x1900) x 8 0x00000131
core   0: 0x8000dc92 (0x01b86133) or      sp, a6, s11
core   0: 3 0x8000dc92 (0x01b86133) x 2 0x00001021
core   0: 0x8000dc96 (0x000095fe) c.add   a1, t6
core   0: 3 0x8000dc96 (0x95fe) x11 0x8002bcfe
core   0: 0x8000dc98 (0x80a40c93) addi    s9, s0, -2038
core   0: 3 0x8000dc98 (0x80a40c93) x25 0xfffff93b
core   0: 0x8000dc9c (0x00000001) c.nop
core   0: 3 0x8000dc9c (0x0001)
core   0: 0x8000dc9e (0x70e30193) addi    gp, t1, 1806
core   0: 3 0x8000dc9e (0x70e30193) x 3 0x8002757e
core   0: 0x8000dca2 (0x029391b3) mulh    gp, t2, s1
core   0: 3 0x8000dca2 (0x029391b3) x 3 0x00000000
core   0: 0x8000dca6 (0x00000590) c.addi4spn a2, sp, 704
core   0: 3 0x8000dca6 (0x0590) x12 0x000012e1
core   0: 0x8000dca8 (0x0144cb33) xor     s6, s1, s4
core   0: 3 0x8000dca8 (0x0144cb33) x22 0x00000001
core   0: 0x8000dcac (0x000087e1) c.srai  a5, 24
core   0: 3 0x8000dcac (0x87e1) x15 0xffffffff
core   0: 0x8000dcae (0x005fef63) bltu    t6, t0, pc + 30
core   0: 3 0x8000dcae (0x005fef63)
core   0: 0x8000dccc (0x0000c405) c.beqz  s0, pc + 40
core   0: 3 0x8000dccc (0xc405)
core   0: 0x8000dcce (0x3378b213) sltiu   tp, a7, 823
core   0: 3 0x8000dcce (0x3378b213) x 4 0x00000000
core   0: 0x8000dcd2 (0x019e5cb3) srl     s9, t3, s9
core   0: 3 0x8000dcd2 (0x019e5cb3) x25 0x0000001f
core   0: 0x8000dcd6 (0x0000587d) c.li    a6, -1
core   0: 3 0x8000dcd6 (0x587d) x16 0xffffffff
core   0: 0x8000dcd8 (0x00adf763) bgeu    s11, a0, pc + 14
core   0: 3 0x8000dcd8 (0x00adf763)
core   0: 0x8000dce6 (0x0000c415) c.beqz  s0, pc + 44
core   0: 3 0x8000dce6 (0xc415)
core   0: 0x8000dce8 (0xb8d23193) sltiu   gp, tp, -1139
core   0: 3 0x8000dce8 (0xb8d23193) x 3 0x00000001
core   0: 0x8000dcec (0x00008f61) c.and   a4, s0
core   0: 3 0x8000dcec (0x8f61) x14 0x00000121
core   0: 0x8000dcee (0x02c75033) divu    zero, a4, a2
core   0: 3 0x8000dcee (0x02c75033)
core   0: 0x8000dcf2 (0x0000c085) c.beqz  s1, pc + 32
core   0: 3 0x8000dcf2 (0xc085)
core   0: 0x8000dcf4 (0x0000100f) fence.i
core   0: 3 0x8000dcf4 (0x0000100f)
core   0: 0x8000dcf8 (0x034ac2b3) div     t0, s5, s4
core   0: 3 0x8000dcf8 (0x034ac2b3) x 5 0xffffffff
core   0: 0x8000dcfc (0x207fac93) slti    s9, t6, 519
core   0: 3 0x8000dcfc (0x207fac93) x25 0x00000001
core   0: 0x8000dd00 (0x038e6933) rem     s2, t3, s8
core   0: 3 0x8000dd00 (0x038e6933) x18 0x00000000
core   0: 0x8000dd04 (0x015ae7b3) or      a5, s5, s5
core   0: 3 0x8000dd04 (0x015ae7b3) x15 0x8002ace4
core   0: 0x8000dd08 (0x03c6cd33) div     s10, a3, t3
core   0: 3 0x8000dd08 (0x03c6cd33) x26 0x00002c0e
core   0: 0x8000dd0c (0x00004189) c.li    gp, 2
core   0: 3 0x8000dd0c (0x4189) x 3 0x00000002
core   0: 0x8000dd0e (0x03647533) remu    a0, s0, s6
core   0: 3 0x8000dd0e (0x03647533) x10 0x00000000
core   0: 0x8000dd12 (0x023b24b3) mulhsu  s1, s6, gp
core   0: 3 0x8000dd12 (0x023b24b3) x 9 0x00000000
core   0: 0x8000dd16 (0x01500b63) beq     zero, s5, pc + 22
core   0: 3 0x8000dd16 (0x01500b63)
core   0: 0x8000dd1a (0x02f37363) bgeu    t1, a5, pc + 38
core   0: 3 0x8000dd1a (0x02f37363)
core   0: 0x8000dd1e (0x0000862d) c.srai  a2, 11
core   0: 3 0x8000dd1e (0x862d) x12 0x00000002
core   0: 0x8000dd20 (0x00001b08) c.addi4spn a0, sp, 432
core   0: 3 0x8000dd20 (0x1b08) x10 0x000011d1
core   0: 0x8000dd22 (0x000080d5) c.srli  s1, 21
core   0: 3 0x8000dd22 (0x80d5) x 9 0x00000000
core   0: 0x8000dd24 (0x014b5a33) srl     s4, s6, s4
core   0: 3 0x8000dd24 (0x014b5a33) x20 0x00000001
core   0: 0x8000dd28 (0x804cee93) ori     t4, s9, -2044
core   0: 3 0x8000dd28 (0x804cee93) x29 0xfffff805
core   0: 0x8000dd2c (0x03db50b3) divu    ra, s6, t4
core   0: 3 0x8000dd2c (0x03db50b3) x 1 0x00000000
core   0: 0x8000dd30 (0x01beca33) xor     s4, t4, s11
core   0: 3 0x8000dd30 (0x01beca33) x20 0xffffe824
core   0: 0x8000dd34 (0x0000100f) fence.i
core   0: 3 0x8000dd34 (0x0000100f)
core   0: 0x8000dd38 (0x05224263) blt     tp, s2, pc + 68
core   0: 3 0x8000dd38 (0x05224263)
core   0: 0x8000dd3c (0x006490b3) sll     ra, s1, t1
core   0: 3 0x8000dd3c (0x006490b3) x 1 0x00000000
core   0: 0x8000dd40 (0x0000084e) c.slli  a6, 19
core   0: 3 0x8000dd40 (0x084e) x16 0xfff80000
core   0: 0x8000dd42 (0x002a1c33) sll     s8, s4, sp
core   0: 3 0x8000dd42 (0x002a1c33) x24 0xffffd048
core   0: 0x8000dd46 (0x0ff0000f) fence   iorw,iorw
core   0: 3 0x8000dd46 (0x0ff0000f)
core   0: 0x8000dd4a (0x02f233b3) mulhu   t2, tp, a5
core   0: 3 0x8000dd4a (0x02f233b3) x 7 0x00000000
core   0: 0x8000dd4e (0x00009f5a) c.add   t5, s6
core   0: 3 0x8000dd4e (0x9f5a) x30 0x00000041
core   0: 0x8000dd50 (0x408c8733) sub     a4, s9, s0
core   0: 3 0x8000dd50 (0x408c8733) x14 0xfffffed0
core   0: 0x8000dd54 (0x00000b62) c.slli  s6, 24
core   0: 3 0x8000dd54 (0x0b62) x22 0x01000000
core   0: 0x8000dd56 (0x01282833) slt     a6, a6, s2
core   0: 3 0x8000dd56 (0x01282833) x16 0x00000001
core   0: 0x8000dd5a (0x0277e2b3) rem     t0, a5, t2
core   0: 3 0x8000dd5a (0x0277e2b3) x 5 0x8002ace4
core   0: 0x8000dd5e (0x01c091b3) sll     gp, ra, t3
core   0: 3 0x8000dd5e (0x01c091b3) x 3 0x00000000
core   0: 0x8000dd62 (0x41aa5093) srai    ra, s4, 26
core   0: 3 0x8000dd62 (0x41aa5093) x 1 0xffffffff
core   0: 0x8000dd66 (0x00008ca9) c.xor   s1, a0
core   0: 3 0x8000dd66 (0x8ca9) x 9 0x000011d1
core   0: 0x8000dd68 (0x41eb5d33) sra     s10, s6, t5
core   0: 3 0x8000dd68 (0x41eb5d33) x26 0x00800000
core   0: 0x8000dd6c (0x02e7f433) remu    s0, a5, a4
core   0: 3 0x8000dd6c (0x02e7f433) x 8 0x8002ace4
core   0: 0x8000dd70 (0x039b4f33) div     t5, s6, s9
core   0: 3 0x8000dd70 (0x039b4f33) x30 0x01000000
core   0: 0x8000dd74 (0x02610c33) mul     s8, sp, t1
core   0: 3 0x8000dd74 (0x02610c33) x24 0xa7373c70
core   0: 0x8000dd78 (0x03526263) bltu    tp, s5, pc + 36
core   0: 3 0x8000dd78 (0x03526263)
core   0: 0x8000dd9c (0x0390b9b3) mulhu   s3, ra, s9
core   0: 3 0x8000dd9c (0x0390b9b3) x19 0x00000000
core   0: 0x8000dda0 (0x0189da13) srli    s4, s3, 24
core   0: 3 0x8000dda0 (0x0189da13) x20 0x00000000
core   0: 0x8000dda4 (0x00001a08) c.addi4spn a0, sp, 304
core   0: 3 0x8000dda4 (0x1a08) x10 0x00001151
core   0: 0x8000dda6 (0x12992017) auipc   zero, 0x12992
core   0: 3 0x8000dda6 (0x12992017)
core   0: 0x8000ddaa (0x01ec4663) blt     s8, t5, pc + 12
core   0: 3 0x8000ddaa (0x01ec4663)
core   0: 0x8000ddb6 (0x335a4b13) xori    s6, s4, 821
core   0: 3 0x8000ddb6 (0x335a4b13) x22 0x00000335
core   0: 0x8000ddba (0x40895b33) sra     s6, s2, s0
core   0: 3 0x8000ddba (0x40895b33) x22 0x00000000
core   0: 0x8000ddbe (0x002c5f63) bge     s8, sp, pc + 30
core   0: 3 0x8000ddbe (0x002c5f63)
core   0: 0x8000ddc2 (0x000017fd) c.addi  a5, -1
core   0: 3 0x8000ddc2 (0x17fd) x15 0x8002ace3
core   0: 0x8000ddc4 (0x0277e2b3) rem     t0, a5, t2
core   0: 3 0x8000ddc4 (0x0277e2b3) x 5 0x8002ace3
core   0: 0x8000ddc8 (0x00008442) c.mv    s0, a6
core   0: 3 0x8000ddc8 (0x8442) x 8 0x00000001
core   0: 0x8000ddca (0x02745cb3) divu    s9, s0, t2
core   0: 3 0x8000ddca (0x02745cb3) x25 0xffffffff
core   0: 0x8000ddce (0x012b42b3) xor     t0, s6, s2
core   0: 3 0x8000ddce (0x012b42b3) x 5 0x00000000
core   0: 0x8000ddd2 (0x030d0863) beq     s10, a6, pc + 48
core   0: 3 0x8000ddd2 (0x030d0863)
core   0: 0x8000ddd6 (0x00008f61) c.and   a4, s0
core   0: 3 0x8000ddd6 (0x8f61) x14 0x00000000
core   0: 0x8000ddd8 (0x00008221) c.srli  a2, 8
core   0: 3 0x8000ddd8 (0x8221) x12 0x00000000
core   0: 0x8000ddda (0x00006d1d) c.lui   s10, 0x7
core   0: 3 0x8000ddda (0x6d1d) x26 0x00007000
core   0: 0x8000dddc (0x40d60eb3) sub     t4, a2, a3
core   0: 3 0x8000dddc (0x40d60eb3) x29 0x03f6b3c8
core   0: 0x8000dde0 (0x1e150993) addi    s3, a0, 481
core   0: 3 0x8000dde0 (0x1e150993) x19 0x00001332
core   0: 0x8000dde4 (0x0141d463) bge     gp, s4, pc + 8
core   0: 3 0x8000dde4 (0x0141d463)
core   0: 0x8000ddec (0x86f00c93) li      s9, -1937
core   0: 3 0x8000ddec (0x86f00c93) x25 0xfffff86f
core   0: 0x8000ddf0 (0x00000a7e) c.slli  s4, 31
core   0: 3 0x8000ddf0 (0x0a7e) x20 0x00000000
core   0: 0x8000ddf2 (0xecb50313) addi    t1, a0, -309
core   0: 3 0x8000ddf2 (0xecb50313) x 6 0x0000101c
core   0: 0x8000ddf6 (0x02c9e133) rem     sp, s3, a2
core   0: 3 0x8000ddf6 (0x02c9e133) x 2 0x00001332
core   0: 0x8000ddfa (0x0000ed85) c.bnez  a1, pc + 56
core   0: 3 0x8000ddfa (0xed85)
core   0: 0x8000de32 (0x27977493) andi    s1, a4, 633
core   0: 3 0x8000de32 (0x27977493) x 9 0x00000000
core   0: 0x8000de36 (0x01170bb3) add     s7, a4, a7
core   0: 3 0x8000de36 (0x01170bb3) x23 0x80026e30
core   0: 0x8000de3a (0x009fabb3) slt     s7, t6, s1
core   0: 3 0x8000de3a (0x009fabb3) x23 0x00000001
core   0: 0x8000de3e (0x02343bb3) mulhu   s7, s0, gp
core   0: 3 0x8000de3e (0x02343bb3) x23 0x00000000
core   0: 0x8000de42 (0x02d431b3) mulhu   gp, s0, a3
core   0: 3 0x8000de42 (0x02d431b3) x 3 0x00000000
core   0: 0x8000de46 (0x02d853b3) divu    t2, a6, a3
core   0: 3 0x8000de46 (0x02d853b3) x 7 0x00000000
core   0: 0x8000de4a (0x0000878d) c.srai  a5, 3
core   0: 3 0x8000de4a (0x878d) x15 0xf000559c
core   0: 0x8000de4c (0x01125813) srli    a6, tp, 17
core   0: 3 0x8000de4c (0x01125813) x16 0x00000000
core   0: 0x8000de50 (0x01813033) sltu    zero, sp, s8
core   0: 3 0x8000de50 (0x01813033)
core   0: 0x8000de54 (0x4417b913) sltiu   s2, a5, 1089
core   0: 3 0x8000de54 (0x4417b913) x18 0x00000000
core   0: 0x8000de58 (0x0000100f) fence.i
core   0: 3 0x8000de58 (0x0000100f)
core   0: 0x8000de5c (0x036a7733) remu    a4, s4, s6
core   0: 3 0x8000de5c (0x036a7733) x14 0x00000000
core   0: 0x8000de60 (0x00008271) c.srli  a2, 28
core   0: 3 0x8000de60 (0x8271) x12 0x00000000
core   0: 0x8000de62 (0x02296c33) rem     s8, s2, sp
core   0: 3 0x8000de62 (0x02296c33) x24 0x00000000
core   0: 0x8000de66 (0x41efad93) slti    s11, t6, 1054
core   0: 3 0x8000de66 (0x41efad93) x27 0x00000001
core   0: 0x8000de6a (0xba1ce213) ori     tp, s9, -1119
core   0: 3 0x8000de6a (0xba1ce213) x 4 0xfffffbef
core   0: 0x8000de6e (0x00000001) c.nop
core   0: 3 0x8000de6e (0x0001)
core   0: 0x8000de70 (0x005b0eb3) add     t4, s6, t0
core   0: 3 0x8000de70 (0x005b0eb3) x29 0x00000000
core   0: 0x8000de74 (0xe676fb93) andi    s7, a3, -409
core   0: 3 0x8000de74 (0xe676fb93) x23 0xfc094c20
core   0: 0x8000de78 (0x0000987d) c.andi  s0, -1
core   0: 3 0x8000de78 (0x987d) x 8 0x00000001
core   0: 0x8000de7a (0xc7c6b293) sltiu   t0, a3, -900
core   0: 3 0x8000de7a (0xc7c6b293) x 5 0x00000001
core   0: 0x8000de7e (0x008f8f63) beq     t6, s0, pc + 30
core   0: 3 0x8000de7e (0x008f8f63)
core   0: 0x8000de82 (0x01bc1793) slli    a5, s8, 27
core   0: 3 0x8000de82 (0x01bc1793) x15 0x00000000
core   0: 0x8000de86 (0x006a4d63) blt     s4, t1, pc + 26
core   0: 3 0x8000de86 (0x006a4d63)
core   0: 0x8000dea0 (0x02ca8063) beq     s5, a2, pc + 32
core   0: 3 0x8000dea0 (0x02ca8063)
core   0: 0x8000dea4 (0x0356e733) rem     a4, a3, s5
core   0: 3 0x8000dea4 (0x0356e733) x14 0xfc094c38
core   0: 0x8000dea8 (0x0ff0000f) fence   iorw,iorw
core   0: 3 0x8000dea8 (0x0ff0000f)
core   0: 0x8000deac (0x00008345) c.srli  a4, 17
core   0: 3 0x8000deac (0x8345) x14 0x00007e04
core   0: 0x8000deae (0x036f07b3) mul     a5, t5, s6
core   0: 3 0x8000deae (0x036f07b3) x15 0x00000000
core   0: 0x8000deb2 (0x00891f13) slli    t5, s2, 8
core   0: 3 0x8000deb2 (0x00891f13) x30 0x00000000
core   0: 0x8000deb6 (0x70717213) andi    tp, sp, 1799
core   0: 3 0x8000deb6 (0x70717213) x 4 0x00000302
core   0: 0x8000deba (0x41fd50b3) sra     ra, s10, t6
core   0: 3 0x8000deba (0x41fd50b3) x 1 0x00000700
core   0: 0x8000debe (0x000011fd) c.addi  gp, -1
core   0: 3 0x8000debe (0x11fd) x 3 0xffffffff
core   0: 0x8000dec0 (0x00c4d733) srl     a4, s1, a2
core   0: 3 0x8000dec0 (0x00c4d733) x14 0x00000000
core   0: 0x8000dec4 (0x0000c711) c.beqz  a4, pc + 12
core   0: 3 0x8000dec4 (0xc711)
core   0: 0x8000ded0 (0x0000614d) c.addi16sp sp, 176
core   0: 3 0x8000ded0 (0x614d) x 2 0x000013e2
core   0: 0x8000ded2 (0x004c1f13) slli    t5, s8, 4
core   0: 3 0x8000ded2 (0x004c1f13) x30 0x00000000
core   0: 0x8000ded6 (0x0208fb33) remu    s6, a7, zero
core   0: 3 0x8000ded6 (0x0208fb33) x22 0x80026e30
core   0: 0x8000deda (0x01fc9bb3) sll     s7, s9, t6
core   0: 3 0x8000deda (0x01fc9bb3) x23 0xffff86f0
core   0: 0x8000dede (0x00cd12b3) sll     t0, s10, a2
core   0: 3 0x8000dede (0x00cd12b3) x 5 0x00007000
core   0: 0x8000dee2 (0x021c8433) mul     s0, s9, ra
core   0: 3 0x8000dee2 (0x021c8433) x 8 0xffcb0900
core   0: 0x8000dee6 (0x02e05033) divu    zero, zero, a4
core   0: 3 0x8000dee6 (0x02e05033)
core   0: 0x8000deea (0x4813be93) sltiu   t4, t2, 1153
core   0: 3 0x8000deea (0x4813be93) x29 0x00000001
core   0: 0x8000deee (0x018e1093) slli    ra, t3, 24
core   0: 3 0x8000deee (0x018e1093) x 1 0xf8000000
core   0: 0x8000def2 (0x03885533) divu    a0, a6, s8
core   0: 3 0x8000def2 (0x03885533) x10 0xffffffff
core   0: 0x8000def6 (0x00000eea) c.slli  t4, 26
core   0: 3 0x8000def6 (0x0eea) x29 0x04000000
core   0: 0x8000def8 (0x0361ac33) mulhsu  s8, gp, s6
core   0: 3 0x8000def8 (0x0361ac33) x24 0xffffffff
core   0: 0x8000defc (0x01491293) slli    t0, s2, 20
core   0: 3 0x8000defc (0x01491293) x 5 0x00000000
core   0: 0x8000df00 (0x021ea1b3) mulhsu  gp, t4, ra
core   0: 3 0x8000df00 (0x021ea1b3) x 3 0x03e00000
core   0: 0x8000df04 (0x03211563) bne     sp, s2, pc + 42
core   0: 3 0x8000df04 (0x03211563)
core   0: 0x8000df2e (0x020c85b3) mul     a1, s9, zero
core   0: 3 0x8000df2e (0x020c85b3) x11 0x00000000
core   0: 0x8000df32 (0x00006d49) c.lui   s10, 0x12
core   0: 3 0x8000df32 (0x6d49) x26 0x00012000
core   0: 0x8000df34 (0x35a02297) auipc   t0, 0x35a02
core   0: 3 0x8000df34 (0x35a02297) x 5 0xb5a0ff34
core   0: 0x8000df38 (0x00000001) c.nop
core   0: 3 0x8000df38 (0x0001)
core   0: 0x8000df3a (0x01732c33) slt     s8, t1, s7
core   0: 3 0x8000df3a (0x01732c33) x24 0x00000000
core   0: 0x8000df3e (0xc837b437) lui     s0, 0xc837b
core   0: 3 0x8000df3e (0xc837b437) x 8 0xc837b000
core   0: 0x8000df42 (0x41b95233) sra     tp, s2, s11
core   0: 3 0x8000df42 (0x41b95233) x 4 0x00000000
core   0: 0x8000df46 (0x00008e55) c.or    a2, a3
core   0: 3 0x8000df46 (0x8e55) x12 0xfc094c38
core   0: 0x8000df48 (0x02eae2b3) rem     t0, s5, a4
core   0: 3 0x8000df48 (0x02eae2b3) x 5 0x8002ace4
core   0: 0x8000df4c (0x020d01b3) mul     gp, s10, zero
core   0: 3 0x8000df4c (0x020d01b3) x 3 0x00000000
core   0: 0x8000df50 (0x00008c45) c.or    s0, s1
core   0: 3 0x8000df50 (0x8c45) x 8 0xc837b000
core   0: 0x8000df52 (0x03f7e2b3) rem     t0, a5, t6
core   0: 3 0x8000df52 (0x03f7e2b3) x 5 0x00000000
core   0: 0x8000df56 (0x02b98a63) beq     s3, a1, pc + 52
core   0: 3 0x8000df56 (0x02b98a63)
core   0: 0x8000df5a (0x03c762b3) rem     t0, a4, t3
core   0: 3 0x8000df5a (0x03c762b3) x 5 0x00000000
core   0: 0x8000df5e (0x00008095) c.srli  s1, 5
core   0: 3 0x8000df5e (0x8095) x 9 0x00000000
core   0: 0x8000df60 (0x00989733) sll     a4, a7, s1
core   0: 3 0x8000df60 (0x00989733) x14 0x80026e30
core   0: 0x8000df64 (0x024257b3) divu    a5, tp, tp
core   0: 3 0x8000df64 (0x024257b3) x15 0xffffffff
core   0: 0x8000df68 (0x4136da13) srai    s4, a3, 19
core   0: 3 0x8000df68 (0x4136da13) x20 0xffffff81
core   0: 0x8000df6c (0x00000f46) c.slli  t5, 17
core   0: 3 0x8000df6c (0x0f46) x30 0x00000000
core   0: 0x8000df6e (0x40c30e33) sub     t3, t1, a2
core   0: 3 0x8000df6e (0x40c30e33) x28 0x03f6c3e4
core   0: 0x8000df72 (0x00eee0b3) or      ra, t4, a4
core   0: 3 0x8000df72 (0x00eee0b3) x 1 0x84026e30
core   0: 0x8000df76 (0x8ac9fd13) andi    s10, s3, -1876
core   0: 3 0x8000df76 (0x8ac9fd13) x26 0x00001020
core   0: 0x8000df7a (0x008175b3) and     a1, sp, s0
core   0: 3 0x8000df7a (0x008175b3) x11 0x00001000
core   0: 0x8000df7e (0x0000100f) fence.i
core   0: 3 0x8000df7e (0x0000100f)
core   0: 0x8000df82 (0x0184d813) srli    a6, s1, 24
core   0: 3 0x8000df82 (0x0184d813) x16 0x00000000
core   0: 0x8000df86 (0x0000100f) fence.i
core   0: 3 0x8000df86 (0x0000100f)
core   0: 0x8000df8a (0x00006119) c.addi16sp sp, 384
core   0: 3 0x8000df8a (0x6119) x 2 0x00001562
core   0: 0x8000df8c (0x00005d7d) c.li    s10, -1
core   0: 3 0x8000df8c (0x5d7d) x26 0xffffffff
core   0: 0x8000df8e (0x015ac563) blt     s5, s5, pc + 10
core   0: 3 0x8000df8e (0x015ac563)
core   0: 0x8000df92 (0x001b99b3) sll     s3, s7, ra
core   0: 3 0x8000df92 (0x001b99b3) x19 0x86f00000
core   0: 0x8000df96 (0x00008435) c.srai  s0, 13
core   0: 3 0x8000df96 (0x8435) x 8 0xfffe41bd
core   0: 0x8000df98 (0x01ee8cb3) add     s9, t4, t5
core   0: 3 0x8000df98 (0x01ee8cb3) x25 0x04000000
core   0: 0x8000df9c (0x000087a6) c.mv    a5, s1
core   0: 3 0x8000df9c (0x87a6) x15 0x00000000
core   0: 0x8000df9e (0x030d8f63) beq     s11, a6, pc + 62
core   0: 3 0x8000df9e (0x030d8f63)
core   0: 0x8000dfa2 (0x00939593) slli    a1, t2, 9
core   0: 3 0x8000dfa2 (0x00939593) x11 0x00000000
core   0: 0x8000dfa6 (0xda105c97) auipc   s9, 0xda105
core   0: 3 0x8000dfa6 (0xda105c97) x25 0x5a112fa6
core   0: 0x8000dfaa (0x00008f2d) c.xor   a4, a1
core   0: 3 0x8000dfaa (0x8f2d) x14 0x80026e30
core   0: 0x8000dfac (0xabaf4493) xori    s1, t5, -1350
core   0: 3 0x8000dfac (0xabaf4493) x 9 0xfffffaba
core   0: 0x8000dfb0 (0x00d8df13) srli    t5, a7, 13
core   0: 3 0x8000dfb0 (0x00d8df13) x30 0x00040013
core   0: 0x8000dfb4 (0x02290d33) mul     s10, s2, sp
core   0: 3 0x8000dfb4 (0x02290d33) x26 0x00000000
core   0: 0x8000dfb8 (0x00430a33) add     s4, t1, tp
core   0: 3 0x8000dfb8 (0x00430a33) x20 0x0000101c
core   0: 0x8000dfbc (0x026dbcb3) mulhu   s9, s11, t1
core   0: 3 0x8000dfbc (0x026dbcb3) x25 0x00000000
core   0: 0x8000dfc0 (0x012fdb93) srli    s7, t6, 18
core   0: 3 0x8000dfc0 (0x012fdb93) x23 0x00002000
core   0: 0x8000dfc4 (0x0257c433) div     s0, a5, t0
core   0: 3 0x8000dfc4 (0x0257c433) x 8 0xffffffff
core   0: 0x8000dfc8 (0x02bb69b3) rem     s3, s6, a1
core   0: 3 0x8000dfc8 (0x02bb69b3) x19 0x80026e30
core   0: 0x8000dfcc (0x0ff0000f) fence   iorw,iorw
core   0: 3 0x8000dfcc (0x0ff0000f)
core   0: 0x8000dfd0 (0x0ff0000f) fence   iorw,iorw
core   0: 3 0x8000dfd0 (0x0ff0000f)
core   0: 0x8000dfd4 (0x00008f21) c.xor   a4, s0
core   0: 3 0x8000dfd4 (0x8f21) x14 0x7ffd91cf
core   0: 0x8000dfd6 (0x01a85db3) srl     s11, a6, s10
core   0: 3 0x8000dfd6 (0x01a85db3) x27 0x00000000
core   0: 0x8000dfda (0x0000898d) c.andi  a1, 3
core   0: 3 0x8000dfda (0x898d) x11 0x00000000
core   0: 0x8000dfdc (0x00000001) c.nop
core   0: 3 0x8000dfdc (0x0001)
core   0: 0x8000dfde (0x00000d55) c.addi  s10, 21
core   0: 3 0x8000dfde (0x0d55) x26 0x00000015
core   0: 0x8000dfe0 (0x00879b63) bne     a5, s0, pc + 22
core   0: 3 0x8000dfe0 (0x00879b63)
core   0: 0x8000dff6 (0x0000c519) c.beqz  a0, pc + 14
core   0: 3 0x8000dff6 (0xc519)
core   0: 0x8000dff8 (0x00000a18) c.addi4spn a4, sp, 272
core   0: 3 0x8000dff8 (0x0a18) x14 0x00001672
core   0: 0x8000dffa (0x000082b2) c.mv    t0, a2
core   0: 3 0x8000dffa (0x82b2) x 5 0xfc094c38
core   0: 0x8000dffc (0x0264b633) mulhu   a2, s1, t1
core   0: 3 0x8000dffc (0x0264b633) x12 0x0000101b
core   0: 0x8000e000 (0xbfc65637) lui     a2, 0xbfc65
core   0: 3 0x8000e000 (0xbfc65637) x12 0xbfc65000
core   0: 0x8000e004 (0x0000661d) c.lui   a2, 0x7
core   0: 3 0x8000e004 (0x661d) x12 0x00007000
core   0: 0x8000e006 (0x02496c63) bltu    s2, tp, pc + 56
core   0: 3 0x8000e006 (0x02496c63)
core   0: 0x8000e00a (0x02cb4b33) div     s6, s6, a2
core   0: 3 0x8000e00a (0x02cb4b33) x22 0xfffedb74
core   0: 0x8000e00e (0x00006165) c.addi16sp sp, 112
core   0: 3 0x8000e00e (0x6165) x 2 0x000015d2
core   0: 0x8000e010 (0x0000100f) fence.i
core   0: 3 0x8000e010 (0x0000100f)
core   0: 0x8000e014 (0x00b2b733) sltu    a4, t0, a1
core   0: 3 0x8000e014 (0x00b2b733) x14 0x00000000
core   0: 0x8000e018 (0x00000001) c.nop
core   0: 3 0x8000e018 (0x0001)
core   0: 0x8000e01a (0x0000e085) c.bnez  s1, pc + 32
core   0: 3 0x8000e01a (0xe085)
core   0: 0x8000e03a (0x4b3f2f13) slti    t5, t5, 1203
core   0: 3 0x8000e03a (0x4b3f2f13) x30 0x00000000
core   0: 0x8000e03e (0x0182d9b3) srl     s3, t0, s8
core   0: 3 0x8000e03e (0x0182d9b3) x19 0xfc094c38
core   0: 0x8000e042 (0x006ae333) or      t1, s5, t1
core   0: 3 0x8000e042 (0x006ae333) x 6 0x8002bcfc
core   0: 0x8000e046 (0x00c89563) bne     a7, a2, pc + 10
core   0: 3 0x8000e046 (0x00c89563)
core   0: 0x8000e050 (0x02571233) mulh    tp, a4, t0
core   0: 3 0x8000e050 (0x02571233) x 4 0x00000000
core   0: 0x8000e054 (0x002ceeb3) or      t4, s9, sp
core   0: 3 0x8000e054 (0x002ceeb3) x29 0x000015d2
core   0: 0x8000e058 (0x0000987d) c.andi  s0, -1
core   0: 3 0x8000e058 (0x987d) x 8 0xffffffff
core   0: 0x8000e05a (0x00000001) c.nop
core   0: 3 0x8000e05a (0x0001)
core   0: 0x8000e05c (0x00008732) c.mv    a4, a2
core   0: 3 0x8000e05c (0x8732) x14 0x00007000
core   0: 0x8000e05e (0x00c21113) slli    sp, tp, 12
core   0: 3 0x8000e05e (0x00c21113) x 2 0x00000000
core   0: 0x8000e062 (0x035b5563) bge     s6, s5, pc + 42
core   0: 3 0x8000e062 (0x035b5563)
core   0: 0x8000e08c (0x0ff0000f) fence   iorw,iorw
core   0: 3 0x8000e08c (0x0ff0000f)
core   0: 0x8000e090 (0x0275edb3) rem     s11, a1, t2
core   0: 3 0x8000e090 (0x0275edb3) x27 0x00000000
core   0: 0x8000e094 (0x00008df5) c.and   a1, a3
core   0: 3 0x8000e094 (0x8df5) x11 0x00000000
core   0: 0x8000e096 (0x41ea8fb3) sub     t6, s5, t5
core   0: 3 0x8000e096 (0x41ea8fb3) x31 0x8002ace4
core   0: 0x8000e09a (0x0000ee05) c.bnez  a2, pc + 56
core   0: 3 0x8000e09a (0xee05)
core   0: 0x8000e0d2 (0x03c47e33) remu    t3, s0, t3
core   0: 3 0x8000e0d2 (0x03c47e33) x28 0x024f06ff
core   0: 0x8000e0d6 (0x0000100f) fence.i
core   0: 3 0x8000e0d6 (0x0000100f)
core   0: 0x8000e0da (0x03e30d63) beq     t1, t5, pc + 58
core   0: 3 0x8000e0da (0x03e30d63)
core   0: 0x8000e0de (0x01949e63) bne     s1, s9, pc + 28
core   0: 3 0x8000e0de (0x01949e63)
core   0: 0x8000e0fa (0x00da9d13) slli    s10, s5, 13
core   0: 3 0x8000e0fa (0x00da9d13) x26 0x559c8000
core   0: 0x8000e0fe (0x0000890e) c.mv    s2, gp
core   0: 3 0x8000e0fe (0x890e) x18 0x00000000
core   0: 0x8000e100 (0x96f13393) sltiu   t2, sp, -1681
core   0: 3 0x8000e100 (0x96f13393) x 7 0x00000001
core   0: 0x8000e104 (0x0ff0000f) fence   iorw,iorw
core   0: 3 0x8000e104 (0x0ff0000f)
core   0: 0x8000e108 (0x02dc9e63) bne     s9, a3, pc + 60
core   0: 3 0x8000e108 (0x02dc9e63)
core   0: 0x8000e144 (0x0000100f) fence.i
core   0: 3 0x8000e144 (0x0000100f)
core   0: 0x8000e148 (0x00000001) c.nop
core   0: 3 0x8000e148 (0x0001)
core   0: 0x8000e14a (0x00b6c4b3) xor     s1, a3, a1
core   0: 3 0x8000e14a (0x00b6c4b3) x 9 0xfc094c38
core   0: 0x8000e14e (0x00000996) c.slli  s3, 5
core   0: 3 0x8000e14e (0x0996) x19 0x81298700
core   0: 0x8000e150 (0x0000100f) fence.i
core   0: 3 0x8000e150 (0x0000100f)
core   0: 0x8000e154 (0x0ff0000f) fence   iorw,iorw
core   0: 3 0x8000e154 (0x0ff0000f)
core   0: 0x8000e158 (0x01913437) lui     s0, 0x1913
core   0: 3 0x8000e158 (0x01913437) x 8 0x01913000
core   0: 0x8000e15c (0x00000b56) c.slli  s6, 21
core   0: 3 0x8000e15c (0x0b56) x22 0x6e800000
core   0: 0x8000e15e (0x0000819e) c.mv    gp, t2
core   0: 3 0x8000e15e (0x819e) x 3 0x00000001
core   0: 0x8000e160 (0x416d02b3) sub     t0, s10, s6
core   0: 3 0x8000e160 (0x416d02b3) x 5 0xe71c8000
core   0: 0x8000e164 (0x00001b7d) c.addi  s6, -1
core   0: 3 0x8000e164 (0x1b7d) x22 0x6e7fffff
core   0: 0x8000e166 (0x00004321) c.li    t1, 8
core   0: 3 0x8000e166 (0x4321) x 6 0x00000008
core   0: 0x8000e168 (0x00008b61) c.andi  a4, 24
core   0: 3 0x8000e168 (0x8b61) x14 0x00000000
core   0: 0x8000e16a (0x00008f3d) c.xor   a4, a5
core   0: 3 0x8000e16a (0x8f3d) x14 0x00000000
core   0: 0x8000e16c (0x00008dc9) c.or    a1, a0
core   0: 3 0x8000e16c (0x8dc9) x11 0xffffffff
core   0: 0x8000e16e (0x00b2ce33) xor     t3, t0, a1
core   0: 3 0x8000e16e (0x00b2ce33) x28 0x18e37fff
core   0: 0x8000e172 (0x00008ee2) c.mv    t4, s8
core   0: 3 0x8000e172 (0x8ee2) x29 0x00000000
core   0: 0x8000e174 (0x00008671) c.srai  a2, 28
core   0: 3 0x8000e174 (0x8671) x12 0x00000000
core   0: 0x8000e176 (0x02875fb3) divu    t6, a4, s0
core   0: 3 0x8000e176 (0x02875fb3) x31 0x00000000
core   0: 0x8000e17a (0x00000519) c.addi  a0, 6
core   0: 3 0x8000e17a (0x0519) x10 0x00000005
core   0: 0x8000e17c (0x00006ccd) c.lui   s9, 0x13
core   0: 3 0x8000e17c (0x6ccd) x25 0x00013000
core   0: 0x8000e17e (0x00fd1513) slli    a0, s10, 15
core   0: 3 0x8000e17e (0x00fd1513) x10 0x40000000
core   0: 0x8000e182 (0x0000e485) c.bnez  s1, pc + 40
core   0: 3 0x8000e182 (0xe485)
core   0: 0x8000e1aa (0x03d1c233) div     tp, gp, t4
core   0: 3 0x8000e1aa (0x03d1c233) x 4 0xffffffff
core   0: 0x8000e1ae (0x0050bdb3) sltu    s11, ra, t0
core   0: 3 0x8000e1ae (0x0050bdb3) x27 0x00000001
core   0: 0x8000e1b2 (0x00000001) c.nop
core   0: 3 0x8000e1b2 (0x0001)
core   0: 0x8000e1b4 (0x00009962) c.add   s2, s8
core   0: 3 0x8000e1b4 (0x9962) x18 0x00000000
core   0: 0x8000e1b6 (0x0eaf5563) bge     t5, a0, pc + 234
core   0: 3 0x8000e1b6 (0x0eaf5563)
core   0: 0x8000e1ba (0x00004317) auipc   t1, 0x4
core   0: 3 0x8000e1ba (0x00004317) x 6 0x800121ba
core   0: 0x8000e1be (0xb3630313) addi    t1, t1, -1226
core   0: 3 0x8000e1be (0xb3630313) x 6 0x80011cf0
core   0: 0x8000e1c2 (0x03ef0033) mul     zero, t5, t5
core   0: 3 0x8000e1c2 (0x03ef0033)
core   0: 0x8000e1c6 (0x40f4db93) srai    s7, s1, 15
core   0: 3 0x8000e1c6 (0x40f4db93) x23 0xfffff812
core   0: 0x8000e1ca (0x0294ca33) div     s4, s1, s1
core   0: 3 0x8000e1ca (0x0294ca33) x20 0x00000001
core   0: 0x8000e1ce (0xff034003) lbu     zero, -16(t1)
core   0: 3 0x8000e1ce (0xff034003) mem 0x80011ce0
core   0: 0x8000e1d2 (0x0b731123) sh      s7, 162(t1)
core   0: 3 0x8000e1d2 (0x0b731123) mem 0x80011d92 0xf812
core   0: 0x8000e1d6 (0x00000a46) c.slli  s4, 17
core   0: 3 0x8000e1d6 (0x0a46) x20 0x00020000
core   0: 0x8000e1d8 (0x06931f23) sh      s1, 126(t1)
core   0: 3 0x8000e1d8 (0x06931f23) mem 0x80011d6e 0x4c38
core   0: 0x8000e1dc (0x08930323) sb      s1, 134(t1)
core   0: 3 0x8000e1dc (0x08930323) mem 0x80011d76 0x38
core   0: 0x8000e1e0 (0x037a34b3) mulhu   s1, s4, s7
core   0: 3 0x8000e1e0 (0x037a34b3) x 9 0x0001ffff
core   0: 0x8000e1e4 (0xf2435703) lhu     a4, -220(t1)
core   0: 3 0x8000e1e4 (0xf2435703) x14 0x0000cecf mem 0x80011c14
core   0: 0x8000e1e8 (0x00008f59) c.or    a4, a4
core   0: 3 0x8000e1e8 (0x8f59) x14 0x0000cecf
core   0: 0x8000e1ea (0x02030ba3) sb      zero, 55(t1)
core   0: 3 0x8000e1ea (0x02030ba3) mem 0x80011d27 0x0
core   0: 0x8000e1ee (0xfbc32483) lw      s1, -68(t1)
core   0: 3 0x8000e1ee (0xfbc32483) x 9 0x64656667 mem 0x80011cac
core   0: 0x8000e1f2 (0x00008b4d) c.andi  a4, 19
core   0: 3 0x8000e1f2 (0x8b4d) x14 0x00000003
core   0: 0x8000e1f4 (0xfb230483) lb      s1, -78(t1)
core   0: 3 0x8000e1f4 (0xfb230483) x 9 0x00000059 mem 0x80011ca2
core   0: 0x8000e1f8 (0xf6032a23) sw      zero, -140(t1)
core   0: 3 0x8000e1f8 (0xf6032a23) mem 0x80011c64 0x00000000
core   0: 0x8000e1fc (0x05b34483) lbu     s1, 91(t1)
core   0: 3 0x8000e1fc (0x05b34483) x 9 0x00000000 mem 0x80011d4b
core   0: 0x8000e200 (0x02900f33) mul     t5, zero, s1
core   0: 3 0x8000e200 (0x02900f33) x30 0x00000000
core   0: 0x8000e204 (0x90485f37) lui     t5, 0x90485
core   0: 3 0x8000e204 (0x90485f37) x30 0x90485000
core   0: 0x8000e208 (0xf4e31a03) lh      s4, -178(t1)
core   0: 3 0x8000e208 (0xf4e31a03) x20 0xfffff4f5 mem 0x80011c3e
core   0: 0x8000e20c (0x07f30003) lb      zero, 127(t1)
core   0: 3 0x8000e20c (0x07f30003) mem 0x80011d6f
core   0: 0x8000e210 (0xdb74a713) slti    a4, s1, -585
core   0: 3 0x8000e210 (0xdb74a713) x14 0x00000000
core   0: 0x8000e214 (0x01601713) slli    a4, zero, 22
core   0: 3 0x8000e214 (0x01601713) x14 0x00000000
core   0: 0x8000e218 (0xf2730003) lb      zero, -217(t1)
core   0: 3 0x8000e218 (0xf2730003) mem 0x80011c17
core   0: 0x8000e21c (0x00008f39) c.xor   a4, a4
core   0: 3 0x8000e21c (0x8f39) x14 0x00000000
core   0: 0x8000e21e (0xfb732823) sw      s7, -80(t1)
core   0: 3 0x8000e21e (0xfb732823) mem 0x80011ca0 0xfffff812
core   0: 0x8000e222 (0x1154ff13) andi    t5, s1, 277
core   0: 3 0x8000e222 (0x1154ff13) x30 0x00000000
core   0: 0x8000e226 (0xf5730483) lb      s1, -169(t1)
core   0: 3 0x8000e226 (0xf5730483) x 9 0xfffffffc mem 0x80011c47
core   0: 0x8000e22a (0x0ae30a23) sb      a4, 180(t1)
core   0: 3 0x8000e22a (0x0ae30a23) mem 0x80011da4 0x0
core   0: 0x8000e22e (0xf4930ca3) sb      s1, -167(t1)
core   0: 3 0x8000e22e (0xf4930ca3) mem 0x80011c49 0xfc
core   0: 0x8000e232 (0x037b9733) mulh    a4, s7, s7
core   0: 3 0x8000e232 (0x037b9733) x14 0x00000000
core   0: 0x8000e236 (0x034764b3) rem     s1, a4, s4
core   0: 3 0x8000e236 (0x034764b3) x 9 0x00000000
core   0: 0x8000e23a (0x00e4f033) and     zero, s1, a4
core   0: 3 0x8000e23a (0x00e4f033)
core   0: 0x8000e23e (0x01434483) lbu     s1, 20(t1)
core   0: 3 0x8000e23e (0x01434483) x 9 0x000000bf mem 0x80011d04
core   0: 0x8000e242 (0xff034483) lbu     s1, -16(t1)
core   0: 3 0x8000e242 (0xff034483) x 9 0x0000009b mem 0x80011ce0
core   0: 0x8000e246 (0x00008b49) c.andi  a4, 18
core   0: 3 0x8000e246 (0x8b49) x14 0x00000000
core   0: 0x8000e248 (0xf7c35003) lhu     zero, -132(t1)
core   0: 3 0x8000e248 (0xf7c35003) mem 0x80011c6c
core   0: 0x8000e24c (0x0000100f) fence.i
core   0: 3 0x8000e24c (0x0000100f)
core   0: 0x8000e250 (0xfd734f03) lbu     t5, -41(t1)
core   0: 3 0x8000e250 (0xfd734f03) x30 0x0000007c mem 0x80011cc7
core   0: 0x8000e254 (0x0c530f03) lb      t5, 197(t1)
core   0: 3 0x8000e254 (0x0c530f03) x30 0x0000006e mem 0x80011db5
core   0: 0x8000e258 (0xbbbbf493) andi    s1, s7, -1093
core   0: 3 0x8000e258 (0xbbbbf493) x 9 0xfffff812
core   0: 0x8000e25c (0xf5930b83) lb      s7, -167(t1)
core   0: 3 0x8000e25c (0xf5930b83) x23 0xfffffffc mem 0x80011c49
core   0: 0x8000e260 (0x000084fa) c.mv    s1, t5
core   0: 3 0x8000e260 (0x84fa) x 9 0x0000006e
core   0: 0x8000e262 (0x01406bb3) or      s7, zero, s4
core   0: 3 0x8000e262 (0x01406bb3) x23 0xfffff4f5
core   0: 0x8000e266 (0xfe730703) lb      a4, -25(t1)
core   0: 3 0x8000e266 (0xfe730703) x14 0xffffff8c mem 0x80011cd7
core   0: 0x8000e26a (0x00ed2f33) slt     t5, s10, a4
core   0: 3 0x8000e26a (0x00ed2f33) x30 0x00000000
core   0: 0x8000e26e (0x00008c01) c.sub   s0, s0
core   0: 3 0x8000e26e (0x8c01) x 8 0x00000000
core   0: 0x8000e270 (0x004b33b3) sltu    t2, s6, tp
core   0: 3 0x8000e270 (0x004b33b3) x 7 0x00000001
core   0: 0x8000e274 (0x02118363) beq     gp, ra, pc + 38
core   0: 3 0x8000e274 (0x02118363)
core   0: 0x8000e278 (0x00004095) c.li    ra, 5
core   0: 3 0x8000e278 (0x4095) x 1 0x00000005
core   0: 0x8000e27a (0x00001b98) c.addi4spn a4, sp, 496
core   0: 3 0x8000e27a (0x1b98) x14 0x000001f0
core   0: 0x8000e27c (0x00000001) c.nop
core   0: 3 0x8000e27c (0x0001)
core   0: 0x8000e27e (0x025f2eb3) mulhsu  t4, t5, t0
core   0: 3 0x8000e27e (0x025f2eb3) x29 0x00000000
core   0: 0x8000e282 (0x00097933) and     s2, s2, zero
core   0: 3 0x8000e282 (0x00097933) x18 0x00000000
core   0: 0x8000e286 (0x0000c911) c.beqz  a0, pc + 20
core   0: 3 0x8000e286 (0xc911)
core   0: 0x8000e288 (0x00f774b3) and     s1, a4, a5
core   0: 3 0x8000e288 (0x00f774b3) x 9 0x00000000
core   0: 0x8000e28c (0x00006ef5) c.lui   t4, 0x1d
core   0: 3 0x8000e28c (0x6ef5) x29 0x0001d000
core   0: 0x8000e28e (0x01e393b3) sll     t2, t2, t5
core   0: 3 0x8000e28e (0x01e393b3) x 7 0x00000001
core   0: 0x8000e292 (0x0000e411) c.bnez  s0, pc + 12
core   0: 3 0x8000e292 (0xe411)
core   0: 0x8000e294 (0xc66de037) lui     zero, 0xc66de
core   0: 3 0x8000e294 (0xc66de037)
core   0: 0x8000e298 (0x00008e05) c.sub   a2, s1
core   0: 3 0x8000e298 (0x8e05) x12 0x00000000
core   0: 0x8000e29a (0x0001dd33) srl     s10, gp, zero
core   0: 3 0x8000e29a (0x0001dd33) x26 0x00000001
core   0: 0x8000e29e (0x00008139) c.srli  a0, 14
core   0: 3 0x8000e29e (0x8139) x10 0x00010000
core   0: 0x8000e2a0 (0x00217b33) and     s6, sp, sp
core   0: 3 0x8000e2a0 (0x00217b33) x22 0x00000000
core   0: 0x8000e2a4 (0x0000c30d) c.beqz  a4, pc + 34
core   0: 3 0x8000e2a4 (0xc30d)
core   0: 0x8000e2a6 (0x5756e413) ori     s0, a3, 1397
core   0: 3 0x8000e2a6 (0x5756e413) x 8 0xfc094d7d
core   0: 0x8000e2aa (0x3ee424b7) lui     s1, 0x3ee42
core   0: 3 0x8000e2aa (0x3ee424b7) x 9 0x3ee42000
core   0: 0x8000e2ae (0x002ed2b3) srl     t0, t4, sp
core   0: 3 0x8000e2ae (0x002ed2b3) x 5 0x0001d000
core   0: 0x8000e2b2 (0x00001d04) c.addi4spn s1, sp, 688
core   0: 3 0x8000e2b2 (0x1d04) x 9 0x000002b0
core   0: 0x8000e2b4 (0x015822b3) slt     t0, a6, s5
core   0: 3 0x8000e2b4 (0x015822b3) x 5 0x00000000
core   0: 0x8000e2b8 (0x0000ccd1) c.beqz  s1, pc + 156
core   0: 3 0x8000e2b8 (0xccd1)
core   0: 0x8000e2ba (0x01b03833) snez    a6, s11
core   0: 3 0x8000e2ba (0x01b03833) x16 0x00000001
core   0: 0x8000e2be (0x000052fd) c.li    t0, -1
core   0: 3 0x8000e2be (0x52fd) x 5 0xffffffff
core   0: 0x8000e2c0 (0x00004255) c.li    tp, 21
core   0: 3 0x8000e2c0 (0x4255) x 4 0x00000015
core   0: 0x8000e2c2 (0x033620b3) mulhsu  ra, a2, s3
core   0: 3 0x8000e2c2 (0x033620b3) x 1 0x00000000
core   0: 0x8000e2c6 (0x00008d11) c.sub   a0, a2
core   0: 3 0x8000e2c6 (0x8d11) x10 0x00010000
core   0: 0x8000e2c8 (0x006f60b3) or      ra, t5, t1
core   0: 3 0x8000e2c8 (0x006f60b3) x 1 0x80011cf0
core   0: 0x8000e2cc (0x00009a7d) c.andi  a2, -1
core   0: 3 0x8000e2cc (0x9a7d) x12 0x00000000
core   0: 0x8000e2ce (0xd8bd5737) lui     a4, 0xd8bd5
core   0: 3 0x8000e2ce (0xd8bd5737) x14 0xd8bd5000
core   0: 0x8000e2d2 (0x290a8f13) addi    t5, s5, 656
core   0: 3 0x8000e2d2 (0x290a8f13) x30 0x8002af74
core   0: 0x8000e2d6 (0x08eef963) bgeu    t4, a4, pc + 146
core   0: 3 0x8000e2d6 (0x08eef963)
core   0: 0x8000e2da (0x00007497) auipc   s1, 0x7
core   0: 3 0x8000e2da (0x00007497) x 9 0x800152da
core   0: 0x8000e2de (0x52d48493) addi    s1, s1, 1325
core   0: 3 0x8000e2de (0x52d48493) x 9 0x80015807
core   0: 0x8000e2e2 (0x02f79eb3) mulh    t4, a5, a5
core   0: 3 0x8000e2e2 (0x02f79eb3) x29 0x00000000
core   0: 0x8000e2e6 (0xae24aca3) sw      sp, -1287(s1)
core   0: 3 0x8000e2e6 (0xae24aca3) mem 0x80015300 0x00000000
core   0: 0x8000e2ea (0x000c5e93) srli    t4, s8, 0
core   0: 3 0x8000e2ea (0x000c5e93) x29 0x00000000
core   0: 0x8000e2ee (0x4e349e83) lh      t4, 1251(s1)
core   0: 3 0x8000e2ee (0x4e349e83) x29 0xffffa0a1 mem 0x80015cea
core   0: 0x8000e2f2 (0xcad49403) lh      s0, -851(s1)
core   0: 3 0x8000e2f2 (0xcad49403) x 8 0x00006e6f mem 0x800154b4
core   0: 0x8000e2f6 (0x018152b3) srl     t0, sp, s8
core   0: 3 0x8000e2f6 (0x018152b3) x 5 0x00000000
core   0: 0x8000e2fa (0x9c5486a3) sb      t0, -1587(s1)
core   0: 3 0x8000e2fa (0x9c5486a3) mem 0x800151d4 0x0
core   0: 0x8000e2fe (0x00eed413) srli    s0, t4, 14
core   0: 3 0x8000e2fe (0x00eed413) x 8 0x0003fffe
core   0: 0x8000e302 (0xa2348283) lb      t0, -1501(s1)
core   0: 3 0x8000e302 (0xa2348283) x 5 0xffffffe1 mem 0x8001522a
core   0: 0x8000e306 (0x2e148283) lb      t0, 737(s1)
core   0: 3 0x8000e306 (0x2e148283) x 5 0xffffffa3 mem 0x80015ae8
core   0: 0x8000e30a (0x01d47133) and     sp, s0, t4
core   0: 3 0x8000e30a (0x01d47133) x 2 0x0003a0a0
core   0: 0x8000e30e (0x00004785) c.li    a5, 1
core   0: 3 0x8000e30e (0x4785) x15 0x00000001
core   0: 0x8000e310 (0x000007a9) c.addi  a5, 10
core   0: 3 0x8000e310 (0x07a9) x15 0x0000000b
core   0: 0x8000e312 (0x05d49fa3) sh      t4, 95(s1)
core   0: 3 0x8000e312 (0x05d49fa3) mem 0x80015866 0xa0a1
core   0: 0x8000e316 (0x8f348783) lb      a5, -1805(s1)
core   0: 3 0x8000e316 (0x8f348783) x15 0xffffffb1 mem 0x800150fa
core   0: 0x8000e31a (0x93d48783) lb      a5, -1731(s1)
core   0: 3 0x8000e31a (0x93d48783) x15 0xffffffff mem 0x80015144
core   0: 0x8000e31e (0x408ed7b3) sra     a5, t4, s0
core   0: 3 0x8000e31e (0x408ed7b3) x15 0xffffffff
core   0: 0x8000e322 (0x11b49103) lh      sp, 283(s1)
core   0: 3 0x8000e322 (0x11b49103) x 2 0xffffd8d9 mem 0x80015922
core   0: 0x8000e326 (0xece4deb7) lui     t4, 0xece4d
core   0: 3 0x8000e326 (0xece4deb7) x29 0xece4d000
core   0: 0x8000e32a (0x13d4a103) lw      sp, 317(s1)
core   0: 3 0x8000e32a (0x13d4a103) x 2 0xfcfdfeff mem 0x80015944
core   0: 0x8000e32e (0x96548723) sb      t0, -1682(s1)
core   0: 3 0x8000e32e (0x96548723) mem 0x80015175 0xa3
core   0: 0x8000e332 (0x8284c783) lbu     a5, -2008(s1)
core   0: 3 0x8000e332 (0x8284c783) x15 0x000000e4 mem 0x8001502f
core   0: 0x8000e336 (0x0000100f) fence.i
core   0: 3 0x8000e336 (0x0000100f)
core   0: 0x8000e33a (0x86f492a3) sh      a5, -1947(s1)
core   0: 3 0x8000e33a (0x86f492a3) mem 0x8001506c 0x00e4
core   0: 0x8000e33e (0x2cc4cc03) lbu     s8, 716(s1)
core   0: 3 0x8000e33e (0x2cc4cc03) x24 0x00000088 mem 0x80015ad3
core   0: 0x8000e342 (0x8b84c103) lbu     sp, -1864(s1)
core   0: 3 0x8000e342 (0x8b84c103) x 2 0x00000074 mem 0x800150bf
core   0: 0x8000e346 (0xee848d23) sb      s0, -262(s1)
core   0: 3 0x8000e346 (0xee848d23) mem 0x80015701 0xfe
core   0: 0x8000e34a (0x030b5663) bge     s6, a6, pc + 44
core   0: 3 0x8000e34a (0x030b5663)
core   0: 0x8000e34e (0x00006671) c.lui   a2, 0x1c
core   0: 3 0x8000e34e (0x6671) x12 0x0001c000
core   0: 0x8000e350 (0x41642797) auipc   a5, 0x41642
core   0: 3 0x8000e350 (0x41642797) x15 0xc1650350
core   0: 0x8000e354 (0x03d4da63) bge     s1, t4, pc + 52
core   0: 3 0x8000e354 (0x03d4da63)
core   0: 0x8000e358 (0x0000937a) c.add   t1, t5
core   0: 3 0x8000e358 (0x937a) x 6 0x0003cc64
core   0: 0x8000e35a (0x02ec9333) mulh    t1, s9, a4
core   0: 3 0x8000e35a (0x02ec9333) x 6 0xffffd160
core   0: 0x8000e35e (0x414a84b3) sub     s1, s5, s4
core   0: 3 0x8000e35e (0x414a84b3) x 9 0x8002b7ef
core   0: 0x8000e362 (0x999fdc97) auipc   s9, 0x999fd
core   0: 3 0x8000e362 (0x999fdc97) x25 0x19a0b362
core   0: 0x8000e366 (0x00008dcd) c.or    a1, a1
core   0: 3 0x8000e366 (0x8dcd) x11 0xffffffff
core   0: 0x8000e368 (0x00006ea9) c.lui   t4, 0xa
core   0: 3 0x8000e368 (0x6ea9) x29 0x0000a000
core   0: 0x8000e36a (0x03a82db3) mulhsu  s11, a6, s10
core   0: 3 0x8000e36a (0x03a82db3) x27 0x00000000
core   0: 0x8000e36e (0x02d49163) bne     s1, a3, pc + 34
core   0: 3 0x8000e36e (0x02d49163)
core   0: 0x8000e390 (0x019c1663) bne     s8, s9, pc + 12
core   0: 3 0x8000e390 (0x019c1663)
core   0: 0x8000e39c (0x02f57863) bgeu    a0, a5, pc + 48
core   0: 3 0x8000e39c (0x02f57863)
core   0: 0x8000e3a0 (0x02ce25b3) mulhsu  a1, t3, a2
core   0: 3 0x8000e3a0 (0x02ce25b3) x11 0x00002b8e
core   0: 0x8000e3a4 (0x039cfcb3) remu    s9, s9, s9
core   0: 3 0x8000e3a4 (0x039cfcb3) x25 0x00000000
core   0: 0x8000e3a8 (0x00000001) c.nop
core   0: 3 0x8000e3a8 (0x0001)
core   0: 0x8000e3aa (0x0250eb63) bltu    ra, t0, pc + 54
core   0: 3 0x8000e3aa (0x0250eb63)
core   0: 0x8000e3e0 (0x0000e085) c.bnez  s1, pc + 32
core   0: 3 0x8000e3e0 (0xe085)
core   0: 0x8000e400 (0x000088f1) c.andi  s1, 28
core   0: 3 0x8000e400 (0x88f1) x 9 0x0000000c
core   0: 0x8000e402 (0x00008521) c.srai  a0, 8
core   0: 3 0x8000e402 (0x8521) x10 0x00000100
core   0: 0x8000e404 (0x03035db3) divu    s11, t1, a6
core   0: 3 0x8000e404 (0x03035db3) x27 0xffffd160
core   0: 0x8000e408 (0x034e5563) bge     t3, s4, pc + 42
core   0: 3 0x8000e408 (0x034e5563)
core   0: 0x8000e432 (0x001bd913) srli    s2, s7, 1
core   0: 3 0x8000e432 (0x001bd913) x18 0x7ffffa7a
core   0: 0x8000e436 (0x01fd9663) bne     s11, t6, pc + 12
core   0: 3 0x8000e436 (0x01fd9663)
core   0: 0x8000e442 (0x41ee8513) addi    a0, t4, 1054
core   0: 3 0x8000e442 (0x41ee8513) x10 0x0000a41e
core   0: 0x8000e446 (0x01ed8c63) beq     s11, t5, pc + 24
core   0: 3 0x8000e446 (0x01ed8c63)
core   0: 0x8000e44a (0x02651533) mulh    a0, a0, t1
core   0: 3 0x8000e44a (0x02651533) x10 0xffffffff
core   0: 0x8000e44e (0x03a7c733) div     a4, a5, s10
core   0: 3 0x8000e44e (0x03a7c733) x14 0xc1650350
core   0: 0x8000e452 (0x0000617d) c.addi16sp sp, 496
core   0: 3 0x8000e452 (0x617d) x 2 0x00000264
core   0: 0x8000e454 (0x41505913) srai    s2, zero, 21
core   0: 3 0x8000e454 (0x41505913) x18 0x00000000
core   0: 0x8000e458 (0x95fc2b37) lui     s6, 0x95fc2
core   0: 3 0x8000e458 (0x95fc2b37) x22 0x95fc2000
core   0: 0x8000e45c (0x000081b1) c.srli  a1, 12
core   0: 3 0x8000e45c (0x81b1) x11 0x00000002
core   0: 0x8000e45e (0x00008539) c.srai  a0, 14
core   0: 3 0x8000e45e (0x8539) x10 0xffffffff
core   0: 0x8000e460 (0x40195593) srai    a1, s2, 1
core   0: 3 0x8000e460 (0x40195593) x11 0x00000000
core   0: 0x8000e464 (0x01a79f13) slli    t5, a5, 26
core   0: 3 0x8000e464 (0x01a79f13) x30 0x40000000
core   0: 0x8000e468 (0x00000190) c.addi4spn a2, sp, 192
core   0: 3 0x8000e468 (0x0190) x12 0x00000324
core   0: 0x8000e46a (0x000087c9) c.srai  a5, 18
core   0: 3 0x8000e46a (0x87c9) x15 0xfffff059
core   0: 0x8000e46c (0x03138e33) mul     t3, t2, a7
core   0: 3 0x8000e46c (0x03138e33) x28 0x80026e30
core   0: 0x8000e470 (0xb0850eb7) lui     t4, 0xb0850
core   0: 3 0x8000e470 (0xb0850eb7) x29 0xb0850000
core   0: 0x8000e474 (0x0ff0000f) fence   iorw,iorw
core   0: 3 0x8000e474 (0x0ff0000f)
core   0: 0x8000e478 (0x0000c3a1) c.beqz  a5, pc + 64
core   0: 3 0x8000e478 (0xc3a1)
core   0: 0x8000e47a (0x03bf1833) mulh    a6, t5, s11
core   0: 3 0x8000e47a (0x03bf1833) x16 0xfffff458
core   0: 0x8000e47e (0x00008f5d) c.or    a4, a5
core   0: 3 0x8000e47e (0x8f5d) x14 0xfffff359
core   0: 0x8000e480 (0x02a44e33) div     t3, s0, a0
core   0: 3 0x8000e480 (0x02a44e33) x28 0xfffc0002
core   0: 0x8000e484 (0x00008179) c.srli  a0, 30
core   0: 3 0x8000e484 (0x8179) x10 0x00000003
core   0: 0x8000e486 (0x36a3bf13) sltiu   t5, t2, 874
core   0: 3 0x8000e486 (0x36a3bf13) x30 0x00000001
core   0: 0x8000e48a (0x00a85b63) bge     a6, a0, pc + 22
core   0: 3 0x8000e48a (0x00a85b63)
core   0: 0x8000e48e (0x50457e13) andi    t3, a0, 1284
core   0: 3 0x8000e48e (0x50457e13) x28 0x00000000
core   0: 0x8000e492 (0x00008379) c.srli  a4, 30
core   0: 3 0x8000e492 (0x8379) x14 0x00000003
core   0: 0x8000e494 (0x0d2a7813) andi    a6, s4, 210
core   0: 3 0x8000e494 (0x0d2a7813) x16 0x000000d0
core   0: 0x8000e498 (0x00008e3d) c.xor   a2, a5
core   0: 3 0x8000e498 (0x8e3d) x12 0xfffff37d
core   0: 0x8000e49a (0xb96da737) lui     a4, 0xb96da
core   0: 3 0x8000e49a (0xb96da737) x14 0xb96da000
core   0: 0x8000e49e (0x00008c41) c.or    s0, s0
core   0: 3 0x8000e49e (0x8c41) x 8 0x0003fffe
core   0: 0x8000e4a0 (0x02d26bb3) rem     s7, tp, a3
core   0: 3 0x8000e4a0 (0x02d26bb3) x23 0x00000015
core   0: 0x8000e4a4 (0x40c2dd33) sra     s10, t0, a2
core   0: 3 0x8000e4a4 (0x40c2dd33) x26 0xffffffff
core   0: 0x8000e4a8 (0x01c3d1b3) srl     gp, t2, t3
core   0: 3 0x8000e4a8 (0x01c3d1b3) x 3 0x00000001
core   0: 0x8000e4ac (0x4005d613) srai    a2, a1, 0
core   0: 3 0x8000e4ac (0x4005d613) x12 0x00000000
core   0: 0x8000e4b0 (0x52083a37) lui     s4, 0x52083
core   0: 3 0x8000e4b0 (0x52083a37) x20 0x52083000
core   0: 0x8000e4b4 (0x00db4d33) xor     s10, s6, a3
core   0: 3 0x8000e4b4 (0x00db4d33) x26 0x69f56c38
core   0: 0x8000e4b8 (0x2fb0f293) andi    t0, ra, 763
core   0: 3 0x8000e4b8 (0x2fb0f293) x 5 0x000000f0
core   0: 0x8000e4bc (0x00008311) c.srli  a4, 4
core   0: 3 0x8000e4bc (0x8311) x14 0x0b96da00
core   0: 0x8000e4be (0x01ecc633) xor     a2, s9, t5
core   0: 3 0x8000e4be (0x01ecc633) x12 0x00000001
core   0: 0x8000e4c2 (0x04ab9063) bne     s7, a0, pc + 64
core   0: 3 0x8000e4c2 (0x04ab9063)
core   0: 0x8000e502 (0x015d8863) beq     s11, s5, pc + 16
core   0: 3 0x8000e502 (0x015d8863)
core   0: 0x8000e506 (0x6c067293) andi    t0, a2, 1728
core   0: 3 0x8000e506 (0x6c067293) x 5 0x00000000
core   0: 0x8000e50a (0x410bdcb3) sra     s9, s7, a6
core   0: 3 0x8000e50a (0x410bdcb3) x25 0x00000000
core   0: 0x8000e50e (0x01599f63) bne     s3, s5, pc + 30
core   0: 3 0x8000e50e (0x01599f63)
core   0: 0x8000e52c (0xc396be93) sltiu   t4, a3, -967
core   0: 3 0x8000e52c (0xc396be93) x29 0x00000001
core   0: 0x8000e530 (0x000084ee) c.mv    s1, s11
core   0: 3 0x8000e530 (0x84ee) x 9 0xffffd160
core   0: 0x8000e532 (0x00001900) c.addi4spn s0, sp, 176
core   0: 3 0x8000e532 (0x1900) x 8 0x00000314
core   0: 0x8000e534 (0x0000717d) c.addi16sp sp, -16
core   0: 3 0x8000e534 (0x717d) x 2 0x00000254
core   0: 0x8000e536 (0x39f6b013) sltiu   zero, a3, 927
core   0: 3 0x8000e536 (0x39f6b013)
core   0: 0x8000e53a (0x01a7d763) bge     a5, s10, pc + 14
core   0: 3 0x8000e53a (0x01a7d763)
core   0: 0x8000e53e (0x01f8d933) srl     s2, a7, t6
core   0: 3 0x8000e53e (0x01f8d933) x18 0x80026e30
core   0: 0x8000e542 (0x00008c91) c.sub   s1, a2
core   0: 3 0x8000e542 (0x8c91) x 9 0xffffd15f
core   0: 0x8000e544 (0x02138963) beq     t2, ra, pc + 50
core   0: 3 0x8000e544 (0x02138963)
core   0: 0x8000e548 (0x019c5533) srl     a0, s8, s9
core   0: 3 0x8000e548 (0x019c5533) x10 0x00000088
core   0: 0x8000e54c (0xa0d8fc13) andi    s8, a7, -1523
core   0: 3 0x8000e54c (0xa0d8fc13) x24 0x80026a00
core   0: 0x8000e550 (0x00008259) c.srli  a2, 22
core   0: 3 0x8000e550 (0x8259) x12 0x00000000
core   0: 0x8000e552 (0x32142cb7) lui     s9, 0x32142
core   0: 3 0x8000e552 (0x32142cb7) x25 0x32142000
core   0: 0x8000e556 (0x01d25433) srl     s0, tp, t4
core   0: 3 0x8000e556 (0x01d25433) x 8 0x0000000a
core   0: 0x8000e55a (0x41215293) srai    t0, sp, 18
core   0: 3 0x8000e55a (0x41215293) x 5 0x00000000
core   0: 0x8000e55e (0x03cf7963) bgeu    t5, t3, pc + 50
core   0: 3 0x8000e55e (0x03cf7963)
core   0: 0x8000e590 (0x034fe563) bltu    t6, s4, pc + 42
core   0: 3 0x8000e590 (0x034fe563)
core   0: 0x8000e5ba (0x403e50b3) sra     ra, t3, gp
core   0: 3 0x8000e5ba (0x403e50b3) x 1 0x00000000
core   0: 0x8000e5be (0x0ff0000f) fence   iorw,iorw
core   0: 3 0x8000e5be (0x0ff0000f)
core   0: 0x8000e5c2 (0x00008c95) c.sub   s1, a3
core   0: 3 0x8000e5c2 (0x8c95) x 9 0x03f68527
core   0: 0x8000e5c4 (0x00008b35) c.andi  a4, 13
core   0: 3 0x8000e5c4 (0x8b35) x14 0x00000000
core   0: 0x8000e5c6 (0x0000100f) fence.i
core   0: 3 0x8000e5c6 (0x0000100f)
core   0: 0x8000e5ca (0x00006109) c.addi16sp sp, 128
core   0: 3 0x8000e5ca (0x6109) x 2 0x000002d4
core   0: 0x8000e5cc (0x0d0a1c63) bne     s4, a6, pc + 216
core   0: 3 0x8000e5cc (0x0d0a1c63)
core   0: 0x8000e6a4 (0x01f723b3) slt     t2, a4, t6
core   0: 3 0x8000e6a4 (0x01f723b3) x 7 0x00000000
core   0: 0x8000e6a8 (0x00008d05) c.sub   a0, s1
core   0: 3 0x8000e6a8 (0x8d05) x10 0xfc097b61
core   0: 0x8000e6aa (0x407ed193) srai    gp, t4, 7
core   0: 3 0x8000e6aa (0x407ed193) x 3 0x00000000
core   0: 0x8000e6ae (0x00006831) c.lui   a6, 0xc
core   0: 3 0x8000e6ae (0x6831) x16 0x0000c000
core   0: 0x8000e6b0 (0x0365c833) div     a6, a1, s6
core   0: 3 0x8000e6b0 (0x0365c833) x16 0x00000000
core   0: 0x8000e6b4 (0x000081c5) c.srli  a1, 17
core   0: 3 0x8000e6b4 (0x81c5) x11 0x00000000
core   0: 0x8000e6b6 (0x41d9dbb3) sra     s7, s3, t4
core   0: 3 0x8000e6b6 (0x41d9dbb3) x23 0xc094c380
core   0: 0x8000e6ba (0x000085b5) c.srai  a1, 13
core   0: 3 0x8000e6ba (0x85b5) x11 0x00000000
core   0: 0x8000e6bc (0x01ef1463) bne     t5, t5, pc + 8
core   0: 3 0x8000e6bc (0x01ef1463)
core   0: 0x8000e6c0 (0x00515613) srli    a2, sp, 5
core   0: 3 0x8000e6c0 (0x00515613) x12 0x00000016
core   0: 0x8000e6c4 (0x0ff0000f) fence   iorw,iorw
core   0: 3 0x8000e6c4 (0x0ff0000f)
core   0: 0x8000e6c8 (0x411f55b3) sra     a1, t5, a7
core   0: 3 0x8000e6c8 (0x411f55b3) x11 0x00000000
core   0: 0x8000e6cc (0x409cd3b3) sra     t2, s9, s1
core   0: 3 0x8000e6cc (0x409cd3b3) x 7 0x00642840
core   0: 0x8000e6d0 (0x00000001) c.nop
core   0: 3 0x8000e6d0 (0x0001)
core   0: 0x8000e6d2 (0x00001cfd) c.addi  s9, -1
core   0: 3 0x8000e6d2 (0x1cfd) x25 0x32141fff
core   0: 0x8000e6d4 (0x039becb3) rem     s9, s7, s9
core   0: 3 0x8000e6d4 (0x039becb3) x25 0xf2a8e37f
core   0: 0x8000e6d8 (0x027a77b3) remu    a5, s4, t2
core   0: 3 0x8000e6d8 (0x027a77b3) x15 0x004353c0
core   0: 0x8000e6dc (0x000081e5) c.srli  a1, 25
core   0: 3 0x8000e6dc (0x81e5) x11 0x00000000
core   0: 0x8000e6de (0x0000100f) fence.i
core   0: 3 0x8000e6de (0x0000100f)
core   0: 0x8000e6e2 (0x409157b3) sra     a5, sp, s1
core   0: 3 0x8000e6e2 (0x409157b3) x15 0x00000005
core   0: 0x8000e6e6 (0x0000610d) c.addi16sp sp, 160
core   0: 3 0x8000e6e6 (0x610d) x 2 0x00000374
core   0: 0x8000e6e8 (0x0000717d) c.addi16sp sp, -16
core   0: 3 0x8000e6e8 (0x717d) x 2 0x00000364
core   0: 0x8000e6ea (0x00008ebe) c.mv    t4, a5
core   0: 3 0x8000e6ea (0x8ebe) x29 0x00000005
core   0: 0x8000e6ec (0x00008dd5) c.or    a1, a3
core   0: 3 0x8000e6ec (0x8dd5) x11 0xfc094c38
core   0: 0x8000e6ee (0x000065f1) c.lui   a1, 0x1c
core   0: 3 0x8000e6ee (0x65f1) x11 0x0001c000
core   0: 0x8000e6f0 (0x0000e605) c.bnez  a2, pc + 40
core   0: 3 0x8000e6f0 (0xe605)
core   0: 0x8000e718 (0x03daee33) rem     t3, s5, t4
core   0: 3 0x8000e718 (0x03daee33) x28 0xffffffff
core   0: 0x8000e71c (0x00e0ec63) bltu    ra, a4, pc + 24
core   0: 3 0x8000e71c (0x00e0ec63)
core   0: 0x8000e720 (0x01ac9293) slli    t0, s9, 26
core   0: 3 0x8000e720 (0x01ac9293) x 5 0xfc000000
core   0: 0x8000e724 (0xa4172d13) slti    s10, a4, -1471
core   0: 3 0x8000e724 (0xa4172d13) x26 0x00000000
core   0: 0x8000e728 (0x0290c063) blt     ra, s1, pc + 32
core   0: 3 0x8000e728 (0x0290c063)
core   0: 0x8000e748 (0x03fdc763) blt     s11, t6, pc + 46
core   0: 3 0x8000e748 (0x03fdc763)
core   0: 0x8000e776 (0x03ec3c33) mulhu   s8, s8, t5
core   0: 3 0x8000e776 (0x03ec3c33) x24 0x00000000
core   0: 0x8000e77a (0x00008761) c.srai  a4, 24
core   0: 3 0x8000e77a (0x8761) x14 0x00000000
core   0: 0x8000e77c (0x402e5b33) sra     s6, t3, sp
core   0: 3 0x8000e77c (0x402e5b33) x22 0xffffffff
core   0: 0x8000e780 (0x01e1f033) and     zero, gp, t5
core   0: 3 0x8000e780 (0x01e1f033)
core   0: 0x8000e784 (0x0150fe63) bgeu    ra, s5, pc + 28
core   0: 3 0x8000e784 (0x0150fe63)
core   0: 0x8000e788 (0x0000879e) c.mv    a5, t2
core   0: 3 0x8000e788 (0x879e) x15 0x00642840
core   0: 0x8000e78a (0x002b4db3) xor     s11, s6, sp
core   0: 3 0x8000e78a (0x002b4db3) x27 0xfffffc9b
core   0: 0x8000e78e (0x0000717d) c.addi16sp sp, -16
core   0: 3 0x8000e78e (0x717d) x 2 0x00000354
core   0: 0x8000e790 (0x049ee263) bltu    t4, s1, pc + 68
core   0: 3 0x8000e790 (0x049ee263)
core   0: 0x8000e7d4 (0x0000ef99) c.bnez  a5, pc + 30
core   0: 3 0x8000e7d4 (0xef99)
core   0: 0x8000e7f2 (0x00fb7c63) bgeu    s6, a5, pc + 24
core   0: 3 0x8000e7f2 (0x00fb7c63)
core   0: 0x8000e80a (0x0206c1b3) div     gp, a3, zero
core   0: 3 0x8000e80a (0x0206c1b3) x 3 0xffffffff
core   0: 0x8000e80e (0x00009bfd) c.andi  a5, -1
core   0: 3 0x8000e80e (0x9bfd) x15 0x00642840
core   0: 0x8000e810 (0x000099fd) c.andi  a1, -1
core   0: 3 0x8000e810 (0x99fd) x11 0x0001c000
core   0: 0x8000e812 (0x01a7c763) blt     a5, s10, pc + 14
core   0: 3 0x8000e812 (0x01a7c763)
core   0: 0x8000e816 (0x02b71cb3) mulh    s9, a4, a1
core   0: 3 0x8000e816 (0x02b71cb3) x25 0x00000000
core   0: 0x8000e81a (0x016fd813) srli    a6, t6, 22
core   0: 3 0x8000e81a (0x016fd813) x16 0x00000000
core   0: 0x8000e81e (0x000087a1) c.srai  a5, 8
core   0: 3 0x8000e81e (0x87a1) x15 0x00006428
core   0: 0x8000e820 (0x00008609) c.srai  a2, 2
core   0: 3 0x8000e820 (0x8609) x12 0x00000005
core   0: 0x8000e822 (0x00000cfa) c.slli  s9, 30
core   0: 3 0x8000e822 (0x0cfa) x25 0x00000000
core   0: 0x8000e824 (0x029c23b3) mulhsu  t2, s8, s1
core   0: 3 0x8000e824 (0x029c23b3) x 7 0x00000000
core   0: 0x8000e828 (0x01387663) bgeu    a6, s3, pc + 12
core   0: 3 0x8000e828 (0x01387663)
core   0: 0x8000e82c (0xc020b393) sltiu   t2, ra, -1022
core   0: 3 0x8000e82c (0xc020b393) x 7 0x00000001
core   0: 0x8000e830 (0x0082ed63) bltu    t0, s0, pc + 26
core   0: 3 0x8000e830 (0x0082ed63)
core   0: 0x8000e834 (0x00f05233) srl     tp, zero, a5
core   0: 3 0x8000e834 (0x00f05233) x 4 0x00000000
core   0: 0x8000e838 (0x00008f85) c.sub   a5, s1
core   0: 3 0x8000e838 (0x8f85) x15 0xfc09df01
core   0: 0x8000e83a (0x00008b3a) c.mv    s6, a4
core   0: 3 0x8000e83a (0x8b3a) x22 0x00000000
core   0: 0x8000e83c (0x00f60763) beq     a2, a5, pc + 14
core   0: 3 0x8000e83c (0x00f60763)
core   0: 0x8000e840 (0x0000717d) c.addi16sp sp, -16
core   0: 3 0x8000e840 (0x717d) x 2 0x00000344
core   0: 0x8000e842 (0xfbd6ff13) andi    t5, a3, -67
core   0: 3 0x8000e842 (0xfbd6ff13) x30 0xfc094c38
core   0: 0x8000e846 (0x03cedd63) bge     t4, t3, pc + 58
core   0: 3 0x8000e846 (0x03cedd63)
core   0: 0x8000e880 (0x02776eb3) rem     t4, a4, t2
core   0: 3 0x8000e880 (0x02776eb3) x29 0x00000000
core   0: 0x8000e884 (0x40d6dd33) sra     s10, a3, a3
core   0: 3 0x8000e884 (0x40d6dd33) x26 0xfffffffc
core   0: 0x8000e888 (0x003e2fb3) slt     t6, t3, gp
core   0: 3 0x8000e888 (0x003e2fb3) x31 0x00000000
core   0: 0x8000e88c (0x00009ef2) c.add   t4, t3
core   0: 3 0x8000e88c (0x9ef2) x29 0xffffffff
core   0: 0x8000e88e (0x0000651d) c.lui   a0, 0x7
core   0: 3 0x8000e88e (0x651d) x10 0x00007000
core   0: 0x8000e890 (0x00335a33) srl     s4, t1, gp
core   0: 3 0x8000e890 (0x00335a33) x20 0x00000001
core   0: 0x8000e894 (0x03d70033) mul     zero, a4, t4
core   0: 3 0x8000e894 (0x03d70033)
core   0: 0x8000e898 (0x00008e29) c.xor   a2, a0
core   0: 3 0x8000e898 (0x8e29) x12 0x00007005
core   0: 0x8000e89a (0x000084a5) c.srai  s1, 9
core   0: 3 0x8000e89a (0x84a5) x 9 0x0001fb42
core   0: 0x8000e89c (0x0000ec19) c.bnez  s0, pc + 30
core   0: 3 0x8000e89c (0xec19)
core   0: 0x8000e8ba (0x410ad633) sra     a2, s5, a6
core   0: 3 0x8000e8ba (0x410ad633) x12 0x8002ace4
core   0: 0x8000e8be (0x023e5e33) divu    t3, t3, gp
core   0: 3 0x8000e8be (0x023e5e33) x28 0x00000001
core   0: 0x8000e8c2 (0xbdb92113) slti    sp, s2, -1061
core   0: 3 0x8000e8c2 (0xbdb92113) x 2 0x00000001
core   0: 0x8000e8c6 (0x410b5633) sra     a2, s6, a6
core   0: 3 0x8000e8c6 (0x410b5633) x12 0x00000000
core   0: 0x8000e8ca (0x031250b3) divu    ra, tp, a7
core   0: 3 0x8000e8ca (0x031250b3) x 1 0x00000000
core   0: 0x8000e8ce (0x01e4ceb3) xor     t4, s1, t5
core   0: 3 0x8000e8ce (0x01e4ceb3) x29 0xfc08b77a
core   0: 0x8000e8d2 (0x00008b19) c.andi  a4, 6
core   0: 3 0x8000e8d2 (0x8b19) x14 0x00000000
core   0: 0x8000e8d4 (0xc1c13493) sltiu   s1, sp, -996
core   0: 3 0x8000e8d4 (0xc1c13493) x 9 0x00000001
core   0: 0x8000e8d8 (0x00000ca2) c.slli  s9, 8
core   0: 3 0x8000e8d8 (0x0ca2) x25 0x00000000
core   0: 0x8000e8da (0x0000c899) c.beqz  s1, pc + 22
core   0: 3 0x8000e8da (0xc899)
core   0: 0x8000e8dc (0x00000001) c.nop
core   0: 3 0x8000e8dc (0x0001)
core   0: 0x8000e8de (0x05e65363) bge     a2, t5, pc + 70
core   0: 3 0x8000e8de (0x05e65363)
core   0: 0x8000e924 (0x000000be) c.slli  ra, 15
core   0: 3 0x8000e924 (0x00be) x 1 0x00000000
core   0: 0x8000e926 (0x00008251) c.srli  a2, 20
core   0: 3 0x8000e926 (0x8251) x12 0x00000000
core   0: 0x8000e928 (0x00878033) add     zero, a5, s0
core   0: 3 0x8000e928 (0x00878033)
core   0: 0x8000e92c (0x0000617d) c.addi16sp sp, 496
core   0: 3 0x8000e92c (0x617d) x 2 0x000001f1
core   0: 0x8000e92e (0x000084f1) c.srai  s1, 28
core   0: 3 0x8000e92e (0x84f1) x 9 0x00000000
core   0: 0x8000e930 (0x00008db5) c.xor   a1, a3
core   0: 3 0x8000e930 (0x8db5) x11 0xfc088c38
core   0: 0x8000e932 (0xa481be13) sltiu   t3, gp, -1464
core   0: 3 0x8000e932 (0xa481be13) x28 0x00000000
core   0: 0x8000e936 (0x00000001) c.nop
core   0: 3 0x8000e936 (0x0001)
core   0: 0x8000e938 (0x023bd563) bge     s7, gp, pc + 42
core   0: 3 0x8000e938 (0x023bd563)
core   0: 0x8000e93c (0x0000e609) c.bnez  a2, pc + 10
core   0: 3 0x8000e93c (0xe609)
core   0: 0x8000e93e (0x015eb1b3) sltu    gp, t4, s5
core   0: 3 0x8000e93e (0x015eb1b3) x 3 0x00000000
core   0: 0x8000e942 (0x406c8733) sub     a4, s9, t1
core   0: 3 0x8000e942 (0x406c8733) x14 0x00002ea0
core   0: 0x8000e946 (0x15af8c13) addi    s8, t6, 346
core   0: 3 0x8000e946 (0x15af8c13) x24 0x0000015a
core   0: 0x8000e94a (0x035a8833) mul     a6, s5, s5
core   0: 3 0x8000e94a (0x035a8833) x16 0x28532b10
core   0: 0x8000e94e (0x02a53333) mulhu   t1, a0, a0
core   0: 3 0x8000e94e (0x02a53333) x 6 0x00000000
core   0: 0x8000e952 (0xfbdb4e93) xori    t4, s6, -67
core   0: 3 0x8000e952 (0xfbdb4e93) x29 0xffffffbd
core   0: 0x8000e956 (0xa4622b93) slti    s7, tp, -1466
core   0: 3 0x8000e956 (0xa4622b93) x23 0x00000000
core   0: 0x8000e95a (0x003fc3b3) xor     t2, t6, gp
core   0: 3 0x8000e95a (0x003fc3b3) x 7 0x00000000
core   0: 0x8000e95e (0x00ed9633) sll     a2, s11, a4
core   0: 3 0x8000e95e (0x00ed9633) x12 0xfffffc9b
core   0: 0x8000e962 (0x0195a793) slti    a5, a1, 25
core   0: 3 0x8000e962 (0x0195a793) x15 0x00000001
core   0: 0x8000e966 (0x00c73e33) sltu    t3, a4, a2
core   0: 3 0x8000e966 (0x00c73e33) x28 0x00000001
core   0: 0x8000e96a (0xea6d0097) auipc   ra, 0xea6d0
core   0: 3 0x8000e96a (0xea6d0097) x 1 0x6a6de96a
core   0: 0x8000e96e (0x447e2713) slti    a4, t3, 1095
core   0: 3 0x8000e96e (0x447e2713) x14 0x00000001
core   0: 0x8000e972 (0x00008f3e) c.mv    t5, a5
core   0: 3 0x8000e972 (0x8f3e) x30 0x00000001
core   0: 0x8000e974 (0x01b3e763) bltu    t2, s11, pc + 14
core   0: 3 0x8000e974 (0x01b3e763)
core   0: 0x8000e982 (0x76c6b993) sltiu   s3, a3, 1900
core   0: 3 0x8000e982 (0x76c6b993) x19 0x00000000
core   0: 0x8000e986 (0x00008cb5) c.xor   s1, a3
core   0: 3 0x8000e986 (0x8cb5) x 9 0xfc094c38
core   0: 0x8000e988 (0x00000c06) c.slli  s8, 1
core   0: 3 0x8000e988 (0x0c06) x24 0x000002b4
core   0: 0x8000e98a (0x00ba7a33) and     s4, s4, a1
core   0: 3 0x8000e98a (0x00ba7a33) x20 0x00000000
core   0: 0x8000e98e (0x03741863) bne     s0, s7, pc + 48
core   0: 3 0x8000e98e (0x03741863)
core   0: 0x8000e9be (0x03764e33) div     t3, a2, s7
core   0: 3 0x8000e9be (0x03764e33) x28 0xffffffff
core   0: 0x8000e9c2 (0x031bc233) div     tp, s7, a7
core   0: 3 0x8000e9c2 (0x031bc233) x 4 0x00000000
core   0: 0x8000e9c6 (0x015dfb33) and     s6, s11, s5
core   0: 3 0x8000e9c6 (0x015dfb33) x22 0x8002ac80
core   0: 0x8000e9ca (0x0000830d) c.srli  a4, 3
core   0: 3 0x8000e9ca (0x830d) x14 0x00000000
core   0: 0x8000e9cc (0x556da793) slti    a5, s11, 1366
core   0: 3 0x8000e9cc (0x556da793) x15 0x00000001
core   0: 0x8000e9d0 (0x4cec9797) auipc   a5, 0x4cec9
core   0: 3 0x8000e9d0 (0x4cec9797) x15 0xcced79d0
core   0: 0x8000e9d4 (0x00a1e933) or      s2, gp, a0
core   0: 3 0x8000e9d4 (0x00a1e933) x18 0x00007000
core   0: 0x8000e9d8 (0x00000e04) c.addi4spn s1, sp, 784
core   0: 3 0x8000e9d8 (0x0e04) x 9 0x00000501
core   0: 0x8000e9da (0x46df7f13) andi    t5, t5, 1133
core   0: 3 0x8000e9da (0x46df7f13) x30 0x00000001
core   0: 0x8000e9de (0x95623993) sltiu   s3, tp, -1706
core   0: 3 0x8000e9de (0x95623993) x19 0x00000001
core   0: 0x8000e9e2 (0x0000717d) c.addi16sp sp, -16
core   0: 3 0x8000e9e2 (0x717d) x 2 0x000001e1
core   0: 0x8000e9e4 (0x00004a15) c.li    s4, 5
core   0: 3 0x8000e9e4 (0x4a15) x20 0x00000005
core   0: 0x8000e9e6 (0x00000001) c.nop
core   0: 3 0x8000e9e6 (0x0001)
core   0: 0x8000e9e8 (0x00000001) c.nop
core   0: 3 0x8000e9e8 (0x0001)
core   0: 0x8000e9ea (0x0000100f) fence.i
core   0: 3 0x8000e9ea (0x0000100f)
core   0: 0x8000e9ee (0x00000001) c.nop
core   0: 3 0x8000e9ee (0x0001)
core   0: 0x8000e9f0 (0x402b5933) sra     s2, s6, sp
core   0: 3 0x8000e9f0 (0x402b5933) x18 0xc0015640
core   0: 0x8000e9f4 (0x000064d9) c.lui   s1, 0x16
core   0: 3 0x8000e9f4 (0x64d9) x 9 0x00016000
core   0: 0x8000e9f6 (0x00006131) c.addi16sp sp, 320
core   0: 3 0x8000e9f6 (0x6131) x 2 0x00000321
core   0: 0x8000e9f8 (0x00000998) c.addi4spn a4, sp, 208
core   0: 3 0x8000e9f8 (0x0998) x14 0x000003f1
core   0: 0x8000e9fa (0x010f0cb3) add     s9, t5, a6
core   0: 3 0x8000e9fa (0x010f0cb3) x25 0x28532b11
core   0: 0x8000e9fe (0xfffbcb13) not     s6, s7
core   0: 3 0x8000e9fe (0xfffbcb13) x22 0xffffffff
core   0: 0x8000ea02 (0x03f20d33) mul     s10, tp, t6
core   0: 3 0x8000ea02 (0x03f20d33) x26 0x00000000
core   0: 0x8000ea06 (0x037502b3) mul     t0, a0, s7
core   0: 3 0x8000ea06 (0x037502b3) x 5 0x00000000
core   0: 0x8000ea0a (0x00000001) c.nop
core   0: 3 0x8000ea0a (0x0001)
core   0: 0x8000ea0c (0x73e58f93) addi    t6, a1, 1854
core   0: 3 0x8000ea0c (0x73e58f93) x31 0xfc089376
core   0: 0x8000ea10 (0x00006bb1) c.lui   s7, 0xc
core   0: 3 0x8000ea10 (0x6bb1) x23 0x0000c000
core   0: 0x8000ea12 (0x01517663) bgeu    sp, s5, pc + 12
core   0: 3 0x8000ea12 (0x01517663)
core   0: 0x8000ea16 (0x0000879e) c.mv    a5, t2
core   0: 3 0x8000ea16 (0x879e) x15 0x00000000
core   0: 0x8000ea18 (0x0ff0000f) fence   iorw,iorw
core   0: 3 0x8000ea18 (0x0ff0000f)
core   0: 0x8000ea1c (0x00008e45) c.or    a2, s1
core   0: 3 0x8000ea1c (0x8e45) x12 0xfffffc9b
core   0: 0x8000ea1e (0x01526f63) bltu    tp, s5, pc + 30
core   0: 3 0x8000ea1e (0x01526f63)
core   0: 0x8000ea3c (0x00004cdd) c.li    s9, 23
core   0: 3 0x8000ea3c (0x4cdd) x25 0x00000017
core   0: 0x8000ea3e (0x002a27b3) slt     a5, s4, sp
core   0: 3 0x8000ea3e (0x002a27b3) x15 0x00000001
core   0: 0x8000ea42 (0x013e5413) srli    s0, t3, 19
core   0: 3 0x8000ea42 (0x013e5413) x 8 0x00001fff
core   0: 0x8000ea46 (0x000054fd) c.li    s1, -1
core   0: 3 0x8000ea46 (0x54fd) x 9 0xffffffff
core   0: 0x8000ea48 (0x02fa1c63) bne     s4, a5, pc + 56
core   0: 3 0x8000ea48 (0x02fa1c63)
core   0: 0x8000ea80 (0x00817e33) and     t3, sp, s0
core   0: 3 0x8000ea80 (0x00817e33) x28 0x00000321
core   0: 0x8000ea84 (0x00001efd) c.addi  t4, -1
core   0: 3 0x8000ea84 (0x1efd) x29 0xffffffbc
core   0: 0x8000ea86 (0x0000e619) c.bnez  a2, pc + 14
core   0: 3 0x8000ea86 (0xe619)
core   0: 0x8000ea94 (0x00008c05) c.sub   s0, s1
core   0: 3 0x8000ea94 (0x8c05) x 8 0x00002000
core   0: 0x8000ea96 (0x00008ffd) c.and   a5, a5
core   0: 3 0x8000ea96 (0x8ffd) x15 0x00000001
core   0: 0x8000ea98 (0x00000001) c.nop
core   0: 3 0x8000ea98 (0x0001)
core   0: 0x8000ea9a (0x03aa2833) mulhsu  a6, s4, s10
core   0: 3 0x8000ea9a (0x03aa2833) x16 0x00000000
core   0: 0x8000ea9e (0x03a0f033) remu    zero, ra, s10
core   0: 3 0x8000ea9e (0x03a0f033)
core   0: 0x8000eaa2 (0x00004ea5) c.li    t4, 9
core   0: 3 0x8000eaa2 (0x4ea5) x29 0x00000009
core   0: 0x8000eaa4 (0x020e0863) beqz    t3, pc + 48
core   0: 3 0x8000eaa4 (0x020e0863)
core   0: 0x8000eaa8 (0x03bf2fb3) mulhsu  t6, t5, s11
core   0: 3 0x8000eaa8 (0x03bf2fb3) x31 0x00000000
core   0: 0x8000eaac (0x00008459) c.srai  s0, 22
core   0: 3 0x8000eaac (0x8459) x 8 0x00000000
core   0: 0x8000eaae (0x00001b00) c.addi4spn s0, sp, 432
core   0: 3 0x8000eaae (0x1b00) x 8 0x000004d1
core   0: 0x8000eab0 (0x02d419b3) mulh    s3, s0, a3
core   0: 3 0x8000eab0 (0x02d419b3) x19 0xffffffec
core   0: 0x8000eab4 (0x00000001) c.nop
core   0: 3 0x8000eab4 (0x0001)
core   0: 0x8000eab6 (0x000061cd) c.lui   gp, 0x13
core   0: 3 0x8000eab6 (0x61cd) x 3 0x00013000
core   0: 0x8000eab8 (0x03f17eb3) remu    t4, sp, t6
core   0: 3 0x8000eab8 (0x03f17eb3) x29 0x00000321
core   0: 0x8000eabc (0x4126de13) srai    t3, a3, 18
core   0: 3 0x8000eabc (0x4126de13) x28 0xffffff02
core   0: 0x8000eac0 (0x02fea5b3) mulhsu  a1, t4, a5
core   0: 3 0x8000eac0 (0x02fea5b3) x11 0x00000000
core   0: 0x8000eac4 (0x00e834b3) sltu    s1, a6, a4
core   0: 3 0x8000eac4 (0x00e834b3) x 9 0x00000001
core   0: 0x8000eac8 (0x24fd7213) andi    tp, s10, 591
core   0: 3 0x8000eac8 (0x24fd7213) x 4 0x00000000
core   0: 0x8000eacc (0x02f172b3) remu    t0, sp, a5
core   0: 3 0x8000eacc (0x02f172b3) x 5 0x00000000
core   0: 0x8000ead0 (0x03b354b3) divu    s1, t1, s11
core   0: 3 0x8000ead0 (0x03b354b3) x 9 0x00000000
core   0: 0x8000ead4 (0x0000cf1d) c.beqz  a4, pc + 62
core   0: 3 0x8000ead4 (0xcf1d)
core   0: 0x8000ead6 (0xd5344013) xori    zero, s0, -685
core   0: 3 0x8000ead6 (0xd5344013)
core   0: 0x8000eada (0x00c140b3) xor     ra, sp, a2
core   0: 3 0x8000eada (0x00c140b3) x 1 0xffffffba
core   0: 0x8000eade (0x02b5a933) mulhsu  s2, a1, a1
core   0: 3 0x8000eade (0x02b5a933) x18 0x00000000
core   0: 0x8000eae2 (0x0000100f) fence.i
core   0: 3 0x8000eae2 (0x0000100f)
core   0: 0x8000eae6 (0x033b4133) div     sp, s6, s3
core   0: 3 0x8000eae6 (0x033b4133) x 2 0x00000000
core   0: 0x8000eaea (0x00006505) c.lui   a0, 0x1
core   0: 3 0x8000eaea (0x6505) x10 0x00001000
core   0: 0x8000eaec (0x0000800d) c.srli  s0, 3
core   0: 3 0x8000eaec (0x800d) x 8 0x0000009a
core   0: 0x8000eaee (0x001b5b33) srl     s6, s6, ra
core   0: 3 0x8000eaee (0x001b5b33) x22 0x0000003f
core   0: 0x8000eaf2 (0x00000001) c.nop
core   0: 3 0x8000eaf2 (0x0001)
core   0: 0x8000eaf4 (0x0dce8213) addi    tp, t4, 220
core   0: 3 0x8000eaf4 (0x0dce8213) x 4 0x000003fd
core   0: 0x8000eaf8 (0x00000001) c.nop
core   0: 3 0x8000eaf8 (0x0001)
core   0: 0x8000eafa (0x00008031) c.srli  s0, 12
core   0: 3 0x8000eafa (0x8031) x 8 0x00000000
core   0: 0x8000eafc (0xe6cc8993) addi    s3, s9, -404
core   0: 3 0x8000eafc (0xe6cc8993) x19 0xfffffe83
core   0: 0x8000eb00 (0x6f037493) andi    s1, t1, 1776
core   0: 3 0x8000eb00 (0x6f037493) x 9 0x00000000
core   0: 0x8000eb04 (0x00008661) c.srai  a2, 24
core   0: 3 0x8000eb04 (0x8661) x12 0xffffffff
core   0: 0x8000eb06 (0x41007313) andi    t1, zero, 1040
core   0: 3 0x8000eb06 (0x41007313) x 6 0x00000000
core   0: 0x8000eb0a (0x03dad1b3) divu    gp, s5, t4
core   0: 3 0x8000eb0a (0x03dad1b3) x 3 0x0028e986
core   0: 0x8000eb0e (0x02166a33) rem     s4, a2, ra
core   0: 3 0x8000eb0e (0x02166a33) x20 0xffffffff
core   0: 0x8000eb12 (0x00000001) c.nop
core   0: 3 0x8000eb12 (0x0001)
core   0: 0x8000eb14 (0x00008475) c.srai  s0, 29
core   0: 3 0x8000eb14 (0x8475) x 8 0x00000000
core   0: 0x8000eb16 (0xd8482b93) slti    s7, a6, -636
core   0: 3 0x8000eb16 (0xd8482b93) x23 0x00000000
core   0: 0x8000eb1a (0x01db97b3) sll     a5, s7, t4
core   0: 3 0x8000eb1a (0x01db97b3) x15 0x00000000
core   0: 0x8000eb1e (0x02794c93) xori    s9, s2, 39
core   0: 3 0x8000eb1e (0x02794c93) x25 0x00000027
core   0: 0x8000eb22 (0x0177cfb3) xor     t6, a5, s7
core   0: 3 0x8000eb22 (0x0177cfb3) x31 0x00000000
core   0: 0x8000eb26 (0x0ff0000f) fence   iorw,iorw
core   0: 3 0x8000eb26 (0x0ff0000f)
core   0: 0x8000eb2a (0x00008d2d) c.xor   a0, a1
core   0: 3 0x8000eb2a (0x8d2d) x10 0x00001000
core   0: 0x8000eb2c (0x0000e319) c.bnez  a4, pc + 6
core   0: 3 0x8000eb2c (0xe319)
core   0: 0x8000eb32 (0x03f7c733) div     a4, a5, t6
core   0: 3 0x8000eb32 (0x03f7c733) x14 0xffffffff
core   0: 0x8000eb36 (0x0357b1b3) mulhu   gp, a5, s5
core   0: 3 0x8000eb36 (0x0357b1b3) x 3 0x00000000
core   0: 0x8000eb3a (0x41db5d13) srai    s10, s6, 29
core   0: 3 0x8000eb3a (0x41db5d13) x26 0x00000000
core   0: 0x8000eb3e (0x03dae3b3) rem     t2, s5, t4
core   0: 3 0x8000eb3e (0x03dae3b3) x 7 0xfffffeb4
core   0: 0x8000eb42 (0x0000807d) c.srli  s0, 31
core   0: 3 0x8000eb42 (0x807d) x 8 0x00000000
core   0: 0x8000eb44 (0x00000001) c.nop
core   0: 3 0x8000eb44 (0x0001)
core   0: 0x8000eb46 (0x0000717d) c.addi16sp sp, -16
core   0: 3 0x8000eb46 (0x717d) x 2 0xfffffff0
core   0: 0x8000eb48 (0x00008241) c.srli  a2, 16
core   0: 3 0x8000eb48 (0x8241) x12 0x0000ffff
core   0: 0x8000eb4a (0x41f35f93) srai    t6, t1, 31
core   0: 3 0x8000eb4a (0x41f35f93) x31 0x00000000
core   0: 0x8000eb4e (0x000007fe) c.slli  a5, 31
core   0: 3 0x8000eb4e (0x07fe) x15 0x00000000
core   0: 0x8000eb50 (0x00d43233) sltu    tp, s0, a3
core   0: 3 0x8000eb50 (0x00d43233) x 4 0x00000001
core   0: 0x8000eb54 (0x0000100f) fence.i
core   0: 3 0x8000eb54 (0x0000100f)
core   0: 0x8000eb58 (0x40b45d93) srai    s11, s0, 11
core   0: 3 0x8000eb58 (0x40b45d93) x27 0x00000000
core   0: 0x8000eb5c (0x00000890) c.addi4spn a2, sp, 80
core   0: 3 0x8000eb5c (0x0890) x12 0x00000040
core   0: 0x8000eb5e (0x03a755b3) divu    a1, a4, s10
core   0: 3 0x8000eb5e (0x03a755b3) x11 0xffffffff
core   0: 0x8000eb62 (0x954462b7) lui     t0, 0x95446
core   0: 3 0x8000eb62 (0x954462b7) x 5 0x95446000
core   0: 0x8000eb66 (0x66eded13) ori     s10, s11, 1646
core   0: 3 0x8000eb66 (0x66eded13) x26 0x0000066e
core   0: 0x8000eb6a (0x02ad0033) mul     zero, s10, a0
core   0: 3 0x8000eb6a (0x02ad0033)
core   0: 0x8000eb6e (0x92adb293) sltiu   t0, s11, -1750
core   0: 3 0x8000eb6e (0x92adb293) x 5 0x00000001
core   0: 0x8000eb72 (0x00008f5d) c.or    a4, a5
core   0: 3 0x8000eb72 (0x8f5d) x14 0xffffffff
core   0: 0x8000eb74 (0x000099fd) c.andi  a1, -1
core   0: 3 0x8000eb74 (0x99fd) x11 0xffffffff
core   0: 0x8000eb76 (0x00001f7d) c.addi  t5, -1
core   0: 3 0x8000eb76 (0x1f7d) x30 0x00000000
core   0: 0x8000eb78 (0x0000932e) c.add   t1, a1
core   0: 3 0x8000eb78 (0x932e) x 6 0xffffffff
core   0: 0x8000eb7a (0x00008d01) c.sub   a0, s0
core   0: 3 0x8000eb7a (0x8d01) x10 0x00001000
core   0: 0x8000eb7c (0x0000100f) fence.i
core   0: 3 0x8000eb7c (0x0000100f)
core   0: 0x8000eb80 (0x0000009c) c.addi4spn a5, sp, 64
core   0: 3 0x8000eb80 (0x009c) x15 0x00000030
core   0: 0x8000eb82 (0xf7560293) addi    t0, a2, -139
core   0: 3 0x8000eb82 (0xf7560293) x 5 0xffffffb5
core   0: 0x8000eb86 (0x00008f3d) c.xor   a4, a5
core   0: 3 0x8000eb86 (0x8f3d) x14 0xffffffcf
core   0: 0x8000eb88 (0x00005cfd) c.li    s9, -1
core   0: 3 0x8000eb88 (0x5cfd) x25 0xffffffff
core   0: 0x8000eb8a (0x0279e763) bltu    s3, t2, pc + 46
core   0: 3 0x8000eb8a (0x0279e763)
core   0: 0x8000ebb8 (0x022695b3) mulh    a1, a3, sp
core   0: 3 0x8000ebb8 (0x022695b3) x11 0x00000000
core   0: 0x8000ebbc (0x00000c98) c.addi4spn a4, sp, 592
core   0: 3 0x8000ebbc (0x0c98) x14 0x00000240
core   0: 0x8000ebbe (0x40aa8833) sub     a6, s5, a0
core   0: 3 0x8000ebbe (0x40aa8833) x16 0x80029ce4
core   0: 0x8000ebc2 (0x011925b3) slt     a1, s2, a7
core   0: 3 0x8000ebc2 (0x011925b3) x11 0x00000000
core   0: 0x8000ebc6 (0x027a15b3) mulh    a1, s4, t2
core   0: 3 0x8000ebc6 (0x027a15b3) x11 0x00000000
core   0: 0x8000ebca (0x01bcc833) xor     a6, s9, s11
core   0: 3 0x8000ebca (0x01bcc833) x16 0xffffffff
core   0: 0x8000ebce (0x0000807d) c.srli  s0, 31
core   0: 3 0x8000ebce (0x807d) x 8 0x00000000
core   0: 0x8000ebd0 (0x0247d833) divu    a6, a5, tp
core   0: 3 0x8000ebd0 (0x0247d833) x16 0x00000030
core   0: 0x8000ebd4 (0x00000001) c.nop
core   0: 3 0x8000ebd4 (0x0001)
core   0: 0x8000ebd6 (0x01360533) add     a0, a2, s3
core   0: 3 0x8000ebd6 (0x01360533) x10 0xfffffec3
core   0: 0x8000ebda (0x00ad31b3) sltu    gp, s10, a0
core   0: 3 0x8000ebda (0x00ad31b3) x 3 0x00000001
core   0: 0x8000ebde (0x0000717d) c.addi16sp sp, -16
core   0: 3 0x8000ebde (0x717d) x 2 0xffffffe0
core   0: 0x8000ebe0 (0x8df3f093) andi    ra, t2, -1825
core   0: 3 0x8000ebe0 (0x8df3f093) x 1 0xfffff894
core   0: 0x8000ebe4 (0x07be2093) slti    ra, t3, 123
core   0: 3 0x8000ebe4 (0x07be2093) x 1 0x00000001
core   0: 0x8000ebe8 (0x0225d063) bge     a1, sp, pc + 32
core   0: 3 0x8000ebe8 (0x0225d063)
core   0: 0x8000ec08 (0x03ded5b3) divu    a1, t4, t4
core   0: 3 0x8000ec08 (0x03ded5b3) x11 0x00000001
core   0: 0x8000ec0c (0x009122b3) slt     t0, sp, s1
core   0: 3 0x8000ec0c (0x009122b3) x 5 0x00000001
core   0: 0x8000ec10 (0x0101cc63) blt     gp, a6, pc + 24
core   0: 3 0x8000ec10 (0x0101cc63)
core   0: 0x8000ec28 (0x006360b3) or      ra, t1, t1
core   0: 3 0x8000ec28 (0x006360b3) x 1 0xffffffff
core   0: 0x8000ec2c (0x010cacb3) slt     s9, s9, a6
core   0: 3 0x8000ec2c (0x010cacb3) x25 0x00000001
core   0: 0x8000ec30 (0x00000001) c.nop
core   0: 3 0x8000ec30 (0x0001)
core   0: 0x8000ec32 (0xe8fdfa13) andi    s4, s11, -369
core   0: 3 0x8000ec32 (0xe8fdfa13) x20 0x00000000
core   0: 0x8000ec36 (0xcf747593) andi    a1, s0, -777
core   0: 3 0x8000ec36 (0xcf747593) x11 0x00000000
core   0: 0x8000ec3a (0x00000b1c) c.addi4spn a5, sp, 400
core   0: 3 0x8000ec3a (0x0b1c) x15 0x00000170
core   0: 0x8000ec3c (0x001b6db3) or      s11, s6, ra
core   0: 3 0x8000ec3c (0x001b6db3) x27 0xffffffff
core   0: 0x8000ec40 (0x41c95493) srai    s1, s2, 28
core   0: 3 0x8000ec40 (0x41c95493) x 9 0x00000000
core   0: 0x8000ec44 (0x01c69c63) bne     a3, t3, pc + 24
core   0: 3 0x8000ec44 (0x01c69c63)
core   0: 0x8000ec5c (0x40030db3) sub     s11, t1, zero
core   0: 3 0x8000ec5c (0x40030db3) x27 0xffffffff
core   0: 0x8000ec60 (0xe68eed93) ori     s11, t4, -408
core   0: 3 0x8000ec60 (0xe68eed93) x27 0xffffff69
core   0: 0x8000ec64 (0x0000e711) c.bnez  a4, pc + 12
core   0: 3 0x8000ec64 (0xe711)
core   0: 0x8000ec70 (0x00d0fcb3) and     s9, ra, a3
core   0: 3 0x8000ec70 (0x00d0fcb3) x25 0xfc094c38
core   0: 0x8000ec74 (0x0ff0000f) fence   iorw,iorw
core   0: 3 0x8000ec74 (0x0ff0000f)
core   0: 0x8000ec78 (0x03cbf033) remu    zero, s7, t3
core   0: 3 0x8000ec78 (0x03cbf033)
core   0: 0x8000ec7c (0x0000e405) c.bnez  s0, pc + 40
core   0: 3 0x8000ec7c (0xe405)
core   0: 0x8000ec7e (0x01e61bb3) sll     s7, a2, t5
core   0: 3 0x8000ec7e (0x01e61bb3) x23 0x00000040
core   0: 0x8000ec82 (0x00001d7d) c.addi  s10, -1
core   0: 3 0x8000ec82 (0x1d7d) x26 0x0000066d
core   0: 0x8000ec84 (0x00000484) c.addi4spn s1, sp, 576
core   0: 3 0x8000ec84 (0x0484) x 9 0x00000220
core   0: 0x8000ec86 (0x12843e97) auipc   t4, 0x12843
core   0: 3 0x8000ec86 (0x12843e97) x29 0x92851c86
core   0: 0x8000ec8a (0x00af9213) slli    tp, t6, 10
core   0: 3 0x8000ec8a (0x00af9213) x 4 0x00000000
core   0: 0x8000ec8e (0x00001580) c.addi4spn s0, sp, 736
core   0: 3 0x8000ec8e (0x1580) x 8 0x000002c0
core   0: 0x8000ec90 (0x132cc313) xori    t1, s9, 306
core   0: 3 0x8000ec90 (0x132cc313) x 6 0xfc094d0a
core   0: 0x8000ec94 (0x00008d75) c.and   a0, a3
core   0: 3 0x8000ec94 (0x8d75) x10 0xfc094c00
core   0: 0x8000ec96 (0x00008cd5) c.or    s1, a3
core   0: 3 0x8000ec96 (0x8cd5) x 9 0xfc094e38
core   0: 0x8000ec98 (0x02c57063) bgeu    a0, a2, pc + 32
core   0: 3 0x8000ec98 (0x02c57063)
core   0: 0x8000ecb8 (0x02f62e33) mulhsu  t3, a2, a5
core   0: 3 0x8000ecb8 (0x02f62e33) x28 0x00000000
core   0: 0x8000ecbc (0x000061d1) c.lui   gp, 0x14
core   0: 3 0x8000ecbc (0x61d1) x 3 0x00014000
core   0: 0x8000ecbe (0x00000b18) c.addi4spn a4, sp, 400
core   0: 3 0x8000ecbe (0x0b18) x14 0x00000170
core   0: 0x8000ecc0 (0xad25f493) andi    s1, a1, -1326
core   0: 3 0x8000ecc0 (0xad25f493) x 9 0x00000000
core   0: 0x8000ecc4 (0xf81c8393) addi    t2, s9, -127
core   0: 3 0x8000ecc4 (0xf81c8393) x 7 0xfc094bb9
core   0: 0x8000ecc8 (0x00004159) c.li    sp, 22
core   0: 3 0x8000ecc8 (0x4159) x 2 0x00000016
core   0: 0x8000ecca (0x0000148c) c.addi4spn a1, sp, 608
core   0: 3 0x8000ecca (0x148c) x11 0x00000276
core   0: 0x8000eccc (0xaba68d37) lui     s10, 0xaba68
core   0: 3 0x8000eccc (0xaba68d37) x26 0xaba68000
core   0: 0x8000ecd0 (0x00b35363) bge     t1, a1, pc + 6
core   0: 3 0x8000ecd0 (0x00b35363)
core   0: 0x8000ecd4 (0x00000001) c.nop
core   0: 3 0x8000ecd4 (0x0001)
core   0: 0x8000ecd6 (0x00009fc6) c.add   t6, a7
core   0: 3 0x8000ecd6 (0x9fc6) x31 0x80026e30
core   0: 0x8000ecd8 (0x0105df93) srli    t6, a1, 16
core   0: 3 0x8000ecd8 (0x0105df93) x31 0x00000000
core   0: 0x8000ecdc (0xd656ff17) auipc   t5, 0xd656f
core   0: 3 0x8000ecdc (0xd656ff17) x30 0x5657dcdc
core   0: 0x8000ece0 (0x0000cce9) c.beqz  s1, pc + 218
core   0: 3 0x8000ece0 (0xcce9)
core   0: 0x8000edba (0x00000001) c.nop
core   0: 3 0x8000edba (0x0001)
core   0: 0x8000edbc (0x00008635) c.srai  a2, 13
core   0: 3 0x8000edbc (0x8635) x12 0x00000000
core   0: 0x8000edbe (0x00008e35) c.xor   a2, a3
core   0: 3 0x8000edbe (0x8e35) x12 0xfc094c38
core   0: 0x8000edc0 (0x01b1d5b3) srl     a1, gp, s11
core   0: 3 0x8000edc0 (0x01b1d5b3) x11 0x000000a0
core   0: 0x8000edc4 (0x01948d33) add     s10, s1, s9
core   0: 3 0x8000edc4 (0x01948d33) x26 0xfc094c38
core   0: 0x8000edc8 (0xcbc46713) ori     a4, s0, -836
core   0: 3 0x8000edc8 (0xcbc46713) x14 0xfffffefc
core   0: 0x8000edcc (0x016fca33) xor     s4, t6, s6
core   0: 3 0x8000edcc (0x016fca33) x20 0x0000003f
core   0: 0x8000edd0 (0x02c35fb3) divu    t6, t1, a2
core   0: 3 0x8000edd0 (0x02c35fb3) x31 0x00000001
core   0: 0x8000edd4 (0x0000100f) fence.i
core   0: 3 0x8000edd4 (0x0000100f)
core   0: 0x8000edd8 (0x0000961e) c.add   a2, t2
core   0: 3 0x8000edd8 (0x961e) x12 0xf81297f1
core   0: 0x8000edda (0x029b23b3) mulhsu  t2, s6, s1
core   0: 3 0x8000edda (0x029b23b3) x 7 0x00000000
core   0: 0x8000edde (0x01dcdc63) bge     s9, t4, pc + 24
core   0: 3 0x8000edde (0x01dcdc63)
core   0: 0x8000edf6 (0x00008dd5) c.or    a1, a3
core   0: 3 0x8000edf6 (0x8dd5) x11 0xfc094cb8
core   0: 0x8000edf8 (0x00000001) c.nop
core   0: 3 0x8000edf8 (0x0001)
core   0: 0x8000edfa (0xbfcf6e93) ori     t4, t5, -1028
core   0: 3 0x8000edfa (0xbfcf6e93) x29 0xfffffffc
core   0: 0x8000edfe (0x00009e3e) c.add   t3, a5
core   0: 3 0x8000edfe (0x9e3e) x28 0x00000170
core   0: 0x8000ee00 (0x048f7063) bgeu    t5, s0, pc + 64
core   0: 3 0x8000ee00 (0x048f7063)
core   0: 0x8000ee40 (0x02378e33) mul     t3, a5, gp
core   0: 3 0x8000ee40 (0x02378e33) x28 0x01cc0000
core   0: 0x8000ee44 (0x8d97a493) slti    s1, a5, -1831
core   0: 3 0x8000ee44 (0x8d97a493) x 9 0x00000000
core   0: 0x8000ee48 (0x00000001) c.nop
core   0: 3 0x8000ee48 (0x0001)
core   0: 0x8000ee4a (0x01dd3cb3) sltu    s9, s10, t4
core   0: 3 0x8000ee4a (0x01dd3cb3) x25 0x00000001
core   0: 0x8000ee4e (0x41648d33) sub     s10, s1, s6
core   0: 3 0x8000ee4e (0x41648d33) x26 0xffffffc1
core   0: 0x8000ee52 (0x406552b3) sra     t0, a0, t1
core   0: 3 0x8000ee52 (0x406552b3) x 5 0xffff0253
core   0: 0x8000ee56 (0x41e15633) sra     a2, sp, t5
core   0: 3 0x8000ee56 (0x41e15633) x12 0x00000000
core   0: 0x8000ee5a (0x02d75917) auipc   s2, 0x2d75
core   0: 3 0x8000ee5a (0x02d75917) x18 0x82d83e5a
core   0: 0x8000ee5e (0xc85ef993) andi    s3, t4, -891
core   0: 3 0x8000ee5e (0xc85ef993) x19 0xfffffc84
core   0: 0x8000ee62 (0x03e3ddb3) divu    s11, t2, t5
core   0: 3 0x8000ee62 (0x03e3ddb3) x27 0x00000000
core   0: 0x8000ee66 (0x010324b3) slt     s1, t1, a6
core   0: 3 0x8000ee66 (0x010324b3) x 9 0x00000001
core   0: 0x8000ee6a (0x0000643d) c.lui   s0, 0xf
core   0: 3 0x8000ee6a (0x643d) x 8 0x0000f000
core   0: 0x8000ee6c (0x00abf733) and     a4, s7, a0
core   0: 3 0x8000ee6c (0x00abf733) x14 0x00000000
core   0: 0x8000ee70 (0x0039ea63) bltu    s3, gp, pc + 20
core   0: 3 0x8000ee70 (0x0039ea63)
core   0: 0x8000ee74 (0x00000518) c.addi4spn a4, sp, 640
core   0: 3 0x8000ee74 (0x0518) x14 0x00000296
core   0: 0x8000ee76 (0x005cc563) blt     s9, t0, pc + 10
core   0: 3 0x8000ee76 (0x005cc563)
core   0: 0x8000ee7a (0x000099ba) c.add   s3, a4
core   0: 3 0x8000ee7a (0x99ba) x19 0xffffff1a
core   0: 0x8000ee7c (0x02cd2633) mulhsu  a2, s10, a2
core   0: 3 0x8000ee7c (0x02cd2633) x12 0x00000000
core   0: 0x8000ee80 (0x00000c0e) c.slli  s8, 3
core   0: 3 0x8000ee80 (0x0c0e) x24 0x000015a0
core   0: 0x8000ee82 (0x00008c31) c.xor   s0, a2
core   0: 3 0x8000ee82 (0x8c31) x 8 0x0000f000
core   0: 0x8000ee84 (0x0ff0000f) fence   iorw,iorw
core   0: 3 0x8000ee84 (0x0ff0000f)
core   0: 0x8000ee88 (0x00008fe1) c.and   a5, s0
core   0: 3 0x8000ee88 (0x8fe1) x15 0x00000000
core   0: 0x8000ee8a (0x63664593) xori    a1, a2, 1590
core   0: 3 0x8000ee8a (0x63664593) x11 0x00000636
core   0: 0x8000ee8e (0x00000001) c.nop
core   0: 3 0x8000ee8e (0x0001)
core   0: 0x8000ee90 (0x01314233) xor     tp, sp, s3
core   0: 3 0x8000ee90 (0x01314233) x 4 0xffffff0c
core   0: 0x8000ee94 (0xdd132813) slti    a6, t1, -559
core   0: 3 0x8000ee94 (0xdd132813) x16 0x00000001
core   0: 0x8000ee98 (0x0017a2b3) slt     t0, a5, ra
core   0: 3 0x8000ee98 (0x0017a2b3) x 5 0x00000000
core   0: 0x8000ee9c (0x034b1863) bne     s6, s4, pc + 48
core   0: 3 0x8000ee9c (0x034b1863)
core   0: 0x8000eea0 (0x0000ef09) c.bnez  a4, pc + 26
core   0: 3 0x8000eea0 (0xef09)
core   0: 0x8000eeba (0x005263b3) or      t2, tp, t0
core   0: 3 0x8000eeba (0x005263b3) x 7 0xffffff0c
core   0: 0x8000eebe (0x00008d71) c.and   a0, a2
core   0: 3 0x8000eebe (0x8d71) x10 0x00000000
core   0: 0x8000eec0 (0x00001d04) c.addi4spn s1, sp, 688
core   0: 3 0x8000eec0 (0x1d04) x 9 0x000002c6
core   0: 0x8000eec2 (0xec746793) ori     a5, s0, -313
core   0: 3 0x8000eec2 (0xec746793) x15 0xfffffec7
core   0: 0x8000eec6 (0x000092e6) c.add   t0, s9
core   0: 3 0x8000eec6 (0x92e6) x 5 0x00000001
core   0: 0x8000eec8 (0x01a8d233) srl     tp, a7, s10
core   0: 3 0x8000eec8 (0x01a8d233) x 4 0x40013718
core   0: 0x8000eecc (0x00000125) c.addi  sp, 9
core   0: 3 0x8000eecc (0x0125) x 2 0x0000001f
core   0: 0x8000eece (0x034b3433) mulhu   s0, s6, s4
core   0: 3 0x8000eece (0x034b3433) x 8 0x00000000
core   0: 0x8000eed2 (0x0000537d) c.li    t1, -1
core   0: 3 0x8000eed2 (0x537d) x 6 0xffffffff
core   0: 0x8000eed4 (0x00eca433) slt     s0, s9, a4
core   0: 3 0x8000eed4 (0x00eca433) x 8 0x00000001
core   0: 0x8000eed8 (0x007b8a33) add     s4, s7, t2
core   0: 3 0x8000eed8 (0x007b8a33) x20 0xffffff4c
core   0: 0x8000eedc (0x3bcce393) ori     t2, s9, 956
core   0: 3 0x8000eedc (0x3bcce393) x 7 0x000003bd
core   0: 0x8000eee0 (0x00001998) c.addi4spn a4, sp, 240
core   0: 3 0x8000eee0 (0x1998) x14 0x0000010f
core   0: 0x8000eee2 (0x00008609) c.srai  a2, 2
core   0: 3 0x8000eee2 (0x8609) x12 0x00000000
core   0: 0x8000eee4 (0x00bbb2b3) sltu    t0, s7, a1
core   0: 3 0x8000eee4 (0x00bbb2b3) x 5 0x00000001
core   0: 0x8000eee8 (0x0000717d) c.addi16sp sp, -16
core   0: 3 0x8000eee8 (0x717d) x 2 0x0000000f
core   0: 0x8000eeea (0x03064633) div     a2, a2, a6
core   0: 3 0x8000eeea (0x03064633) x12 0x00000000
core   0: 0x8000eeee (0x00008b05) c.andi  a4, 1
core   0: 3 0x8000eeee (0x8b05) x14 0x00000001
core   0: 0x8000eef0 (0x048d1363) bne     s10, s0, pc + 70
core   0: 3 0x8000eef0 (0x048d1363)
core   0: 0x8000ef36 (0x0000e3ad) c.bnez  a5, pc + 98
core   0: 3 0x8000ef36 (0xe3ad)
core   0: 0x8000ef98 (0x0147dbb3) srl     s7, a5, s4
core   0: 3 0x8000ef98 (0x0147dbb3) x23 0x000fffff
core   0: 0x8000ef9c (0x00dc9133) sll     sp, s9, a3
core   0: 3 0x8000ef9c (0x00dc9133) x 2 0x01000000
core   0: 0x8000efa0 (0x00001cfd) c.addi  s9, -1
core   0: 3 0x8000efa0 (0x1cfd) x25 0x00000000
core   0: 0x8000efa2 (0x00000c84) c.addi4spn s1, sp, 592
core   0: 3 0x8000efa2 (0x0c84) x 9 0x01000250
core   0: 0x8000efa4 (0x036b9833) mulh    a6, s7, s6
core   0: 3 0x8000efa4 (0x036b9833) x16 0x00000000
core   0: 0x8000efa8 (0x00008e6d) c.and   a2, a1
core   0: 3 0x8000efa8 (0x8e6d) x12 0x00000000
core   0: 0x8000efaa (0x85d2b713) sltiu   a4, t0, -1955
core   0: 3 0x8000efaa (0x85d2b713) x14 0x00000001
core   0: 0x8000efae (0x01435833) srl     a6, t1, s4
core   0: 3 0x8000efae (0x01435833) x16 0x000fffff
core   0: 0x8000efb2 (0x0000c3b5) c.beqz  a5, pc + 100
core   0: 3 0x8000efb2 (0xc3b5)
core   0: 0x8000efb4 (0x00006db5) c.lui   s11, 0xd
core   0: 3 0x8000efb4 (0x6db5) x27 0x0000d000
core   0: 0x8000efb6 (0x025b0bb3) mul     s7, s6, t0
core   0: 3 0x8000efb6 (0x025b0bb3) x23 0x0000003f
core   0: 0x8000efba (0x00004717) auipc   a4, 0x4
core   0: 3 0x8000efba (0x00004717) x14 0x80012fba
core   0: 0x8000efbe (0x38670713) addi    a4, a4, 902
core   0: 3 0x8000efbe (0x38670713) x14 0x80013340
core   0: 0x8000efc2 (0x01b70303) lb      t1, 27(a4)
core   0: 3 0x8000efc2 (0x01b70303) x 6 0x00000010 mem 0x8001335b
core   0: 0x8000efc6 (0x03470183) lb      gp, 52(a4)
core   0: 3 0x8000efc6 (0x03470183) x 3 0x0000002f mem 0x80013374
core   0: 0x8000efca (0x00003817) auipc   a6, 0x3
core   0: 3 0x8000efca (0x00003817) x16 0x80011fca
core   0: 0x8000efce (0x98480813) addi    a6, a6, -1660
core   0: 3 0x8000efce (0x98480813) x16 0x8001194e
core   0: 0x8000efd2 (0x02774503) lbu     a0, 39(a4)
core   0: 3 0x8000efd2 (0x02774503) x10 0x0000001c mem 0x80013367
core   0: 0x8000efd6 (0xfff70ea3) sb      t6, -3(a4)
core   0: 3 0x8000efd6 (0xfff70ea3) mem 0x8001333d 0x1
core   0: 0x8000efda (0xfe284c03) lbu     s8, -30(a6)
core   0: 3 0x8000efda (0xfe284c03) x24 0x000000eb mem 0x80011930
core   0: 0x8000efde (0x02180003) lb      zero, 33(a6)
core   0: 3 0x8000efde (0x02180003) mem 0x8001196f
core   0: 0x8000efe2 (0xfd071b83) lh      s7, -48(a4)
core   0: 3 0x8000efe2 (0xfd071b83) x23 0xffffcacb mem 0x80013310
core   0: 0x8000efe6 (0x00072023) sw      zero, 0(a4)
core   0: 3 0x8000efe6 (0x00072023) mem 0x80013340 0x00000000
core   0: 0x8000efea (0x03580c83) lb      s9, 53(a6)
core   0: 3 0x8000efea (0x03580c83) x25 0x00000038 mem 0x80011983
core   0: 0x8000efee (0xffb74903) lbu     s2, -5(a4)
core   0: 3 0x8000efee (0xffb74903) x18 0x000000f0 mem 0x8001333b
core   0: 0x8000eff2 (0x02f81d23) sh      a5, 58(a6)
core   0: 3 0x8000eff2 (0x02f81d23) mem 0x80011988 0xfec7
core   0: 0x8000eff6 (0xfc474183) lbu     gp, -60(a4)
core   0: 3 0x8000eff6 (0xfc474183) x 3 0x000000bf mem 0x80013304
core   0: 0x8000effa (0x00684083) lbu     ra, 6(a6)
core   0: 3 0x8000effa (0x00684083) x 1 0x0000000f mem 0x80011954
core   0: 0x8000effe (0xff580383) lb      t2, -11(a6)
core   0: 3 0x8000effe (0xff580383) x 7 0xfffffff8 mem 0x80011943
core   0: 0x8000f002 (0xd22bee93) ori     t4, s7, -734
core   0: 3 0x8000f002 (0xd22bee93) x29 0xffffffeb
core   0: 0x8000f006 (0x00009a6a) c.add   s4, s10
core   0: 3 0x8000f006 (0x9a6a) x20 0xffffff0d
core   0: 0x8000f008 (0x00006121) c.addi16sp sp, 64
core   0: 3 0x8000f008 (0x6121) x 2 0x01000040
core   0: 0x8000f00a (0x033eb233) mulhu   tp, t4, s3
core   0: 3 0x8000f00a (0x033eb233) x 4 0xffffff05
core   0: 0x8000f00e (0x0000cb1d) c.beqz  a4, pc + 54
core   0: 3 0x8000f00e (0xcb1d)
core   0: 0x8000f010 (0x010d9113) slli    sp, s11, 16
core   0: 3 0x8000f010 (0x010d9113) x 2 0xd0000000
core   0: 0x8000f014 (0x00008cd6) c.mv    s9, s5
core   0: 3 0x8000f014 (0x8cd6) x25 0x8002ace4
core   0: 0x8000f016 (0x00000001) c.nop
core   0: 3 0x8000f016 (0x0001)
core   0: 0x8000f018 (0x02a87bb3) remu    s7, a6, a0
core   0: 3 0x8000f018 (0x02a87bb3) x23 0x0000000e
core   0: 0x8000f01c (0x00008cd1) c.or    s1, a2
core   0: 3 0x8000f01c (0x8cd1) x 9 0x01000250
core   0: 0x8000f01e (0x00008e1d) c.sub   a2, a5
core   0: 3 0x8000f01e (0x8e1d) x12 0x00000139
core   0: 0x8000f020 (0x00011e33) sll     t3, sp, zero
core   0: 3 0x8000f020 (0x00011e33) x28 0xd0000000
core   0: 0x8000f024 (0x01ff7233) and     tp, t5, t6
core   0: 3 0x8000f024 (0x01ff7233) x 4 0x00000000
core   0: 0x8000f028 (0x00669f93) slli    t6, a3, 6
core   0: 3 0x8000f028 (0x00669f93) x31 0x02530e00
core   0: 0x8000f02c (0x00000001) c.nop
core   0: 3 0x8000f02c (0x0001)
core   0: 0x8000f02e (0x00008122) c.mv    sp, s0
core   0: 3 0x8000f02e (0x8122) x 2 0x00000001
core   0: 0x8000f030 (0x90c63793) sltiu   a5, a2, -1780
core   0: 3 0x8000f030 (0x90c63793) x15 0x00000001
core   0: 0x8000f034 (0xc8f46f13) ori     t5, s0, -881
core   0: 3 0x8000f034 (0xc8f46f13) x30 0xfffffc8f
core   0: 0x8000f038 (0x00000662) c.slli  a2, 24
core   0: 3 0x8000f038 (0x0662) x12 0x39000000
core   0: 0x8000f03a (0x0338e163) bltu    a7, s3, pc + 34
core   0: 3 0x8000f03a (0x0338e163)
core   0: 0x8000f05c (0x409f0a33) sub     s4, t5, s1
core   0: 3 0x8000f05c (0x409f0a33) x20 0xfefffa3f
core   0: 0x8000f060 (0x00008f91) c.sub   a5, a2
core   0: 3 0x8000f060 (0x8f91) x15 0xc7000001
core   0: 0x8000f062 (0x0000101c) c.addi4spn a5, sp, 32
core   0: 3 0x8000f062 (0x101c) x15 0x00000021
core   0: 0x8000f064 (0x0000527d) c.li    tp, -1
core   0: 3 0x8000f064 (0x527d) x 4 0xffffffff
core   0: 0x8000f066 (0x00006c75) c.lui   s8, 0x1d
core   0: 3 0x8000f066 (0x6c75) x24 0x0001d000
core   0: 0x8000f068 (0x54483793) sltiu   a5, a6, 1348
core   0: 3 0x8000f068 (0x54483793) x15 0x00000000
core   0: 0x8000f06c (0x0000100f) fence.i
core   0: 3 0x8000f06c (0x0000100f)
core   0: 0x8000f070 (0x00005bfd) c.li    s7, -1
core   0: 3 0x8000f070 (0x5bfd) x23 0xffffffff
core   0: 0x8000f072 (0x9189fb93) andi    s7, s3, -1768
core   0: 3 0x8000f072 (0x9189fb93) x23 0xfffff918
core   0: 0x8000f076 (0x0386a5b3) mulhsu  a1, a3, s8
core   0: 3 0x8000f076 (0x0386a5b3) x11 0xfffff8d0
core   0: 0x8000f07a (0x00008fdd) c.or    a5, a5
core   0: 3 0x8000f07a (0x8fdd) x15 0x00000000
core   0: 0x8000f07c (0x01317f33) and     t5, sp, s3
core   0: 3 0x8000f07c (0x01317f33) x30 0x00000000
core   0: 0x8000f080 (0x00000e42) c.slli  t3, 16
core   0: 3 0x8000f080 (0x0e42) x28 0x00000000
core   0: 0x8000f082 (0x2f720413) addi    s0, tp, 759
core   0: 3 0x8000f082 (0x2f720413) x 8 0x000002f6
core   0: 0x8000f086 (0x003884b3) add     s1, a7, gp
core   0: 3 0x8000f086 (0x003884b3) x 9 0x80026eef
core   0: 0x8000f08a (0x01cfc5b3) xor     a1, t6, t3
core   0: 3 0x8000f08a (0x01cfc5b3) x11 0x02530e00
core   0: 0x8000f08e (0x024e9b33) mulh    s6, t4, tp
core   0: 3 0x8000f08e (0x024e9b33) x22 0x00000000
core   0: 0x8000f092 (0x02183833) mulhu   a6, a6, ra
core   0: 3 0x8000f092 (0x02183833) x16 0x00000007
core   0: 0x8000f096 (0x40d3dbb3) sra     s7, t2, a3
core   0: 3 0x8000f096 (0x40d3dbb3) x23 0xffffffff
core   0: 0x8000f09a (0x408d5e33) sra     t3, s10, s0
core   0: 3 0x8000f09a (0x408d5e33) x28 0xffffffff
core   0: 0x8000f09e (0x00d40733) add     a4, s0, a3
core   0: 3 0x8000f09e (0x00d40733) x14 0xfc094f2e
core   0: 0x8000f0a2 (0x000000e2) c.slli  ra, 24
core   0: 3 0x8000f0a2 (0x00e2) x 1 0x0f000000
core   0: 0x8000f0a4 (0x0001b233) sltu    tp, gp, zero
core   0: 3 0x8000f0a4 (0x0001b233) x 4 0x00000000
core   0: 0x8000f0a8 (0x0000039c) c.addi4spn a5, sp, 448
core   0: 3 0x8000f0a8 (0x039c) x15 0x000001c1
core   0: 0x8000f0aa (0x0000717d) c.addi16sp sp, -16
core   0: 3 0x8000f0aa (0x717d) x 2 0xfffffff1
core   0: 0x8000f0ac (0x00490633) add     a2, s2, tp
core   0: 3 0x8000f0ac (0x00490633) x12 0x000000f0
core   0: 0x8000f0b0 (0x413e51b3) sra     gp, t3, s3
core   0: 3 0x8000f0b0 (0x413e51b3) x 3 0xffffffff
core   0: 0x8000f0b4 (0x3f572297) auipc   t0, 0x3f572
core   0: 3 0x8000f0b4 (0x3f572297) x 5 0xbf5810b4
core   0: 0x8000f0b8 (0x01a30763) beq     t1, s10, pc + 14
core   0: 3 0x8000f0b8 (0x01a30763)
core   0: 0x8000f0bc (0x0367c5b3) div     a1, a5, s6
core   0: 3 0x8000f0bc (0x0367c5b3) x11 0xffffffff
core   0: 0x8000f0c0 (0x658db597) auipc   a1, 0x658db
core   0: 3 0x8000f0c0 (0x658db597) x11 0xe58ea0c0
core   0: 0x8000f0c4 (0x00000001) c.nop
core   0: 3 0x8000f0c4 (0x0001)
core   0: 0x8000f0c6 (0x000003b6) c.slli  t2, 13
core   0: 3 0x8000f0c6 (0x03b6) x 7 0xffff0000
core   0: 0x8000f0c8 (0x013a5b33) srl     s6, s4, s3
core   0: 3 0x8000f0c8 (0x013a5b33) x22 0x0000003f
core   0: 0x8000f0cc (0x0000880a) c.mv    a6, sp
core   0: 3 0x8000f0cc (0x880a) x16 0xfffffff1
core   0: 0x8000f0ce (0x000062dd) c.lui   t0, 0x17
core   0: 3 0x8000f0ce (0x62dd) x 5 0x00017000
core   0: 0x8000f0d0 (0x00349113) slli    sp, s1, 3
core   0: 3 0x8000f0d0 (0x00349113) x 2 0x00137778
core   0: 0x8000f0d4 (0x00a87763) bgeu    a6, a0, pc + 14
core   0: 3 0x8000f0d4 (0x00a87763)
core   0: 0x8000f0e2 (0x039d63b3) rem     t2, s10, s9
core   0: 3 0x8000f0e2 (0x039d63b3) x 7 0xffffffc1
core   0: 0x8000f0e6 (0xd5423c93) sltiu   s9, tp, -684
core   0: 3 0x8000f0e6 (0xd5423c93) x25 0x00000001
core   0: 0x8000f0ea (0x0000100f) fence.i
core   0: 3 0x8000f0ea (0x0000100f)
core   0: 0x8000f0ee (0x27deec13) ori     s8, t4, 637
core   0: 3 0x8000f0ee (0x27deec13) x24 0xffffffff
core   0: 0x8000f0f2 (0x00744433) xor     s0, s0, t2
core   0: 3 0x8000f0f2 (0x00744433) x 8 0xfffffd37
core   0: 0x8000f0f6 (0x96d6b713) sltiu   a4, a3, -1683
core   0: 3 0x8000f0f6 (0x96d6b713) x14 0x00000001
core   0: 0x8000f0fa (0x024cde63) bge     s9, tp, pc + 60
core   0: 3 0x8000f0fa (0x024cde63)
core   0: 0x8000f136 (0x00006121) c.addi16sp sp, 64
core   0: 3 0x8000f136 (0x6121) x 2 0x001377b8
core   0: 0x8000f138 (0x00008db9) c.xor   a1, a4
core   0: 3 0x8000f138 (0x8db9) x11 0xe58ea0c1
core   0: 0x8000f13a (0x00000001) c.nop
core   0: 3 0x8000f13a (0x0001)
core   0: 0x8000f13c (0x00ee2bb3) slt     s7, t3, a4
core   0: 3 0x8000f13c (0x00ee2bb3) x23 0x00000001
core   0: 0x8000f140 (0x000009c2) c.slli  s3, 16
core   0: 3 0x8000f140 (0x09c2) x19 0xff1a0000
core   0: 0x8000f142 (0x03a11bb3) mulh    s7, sp, s10
core   0: 3 0x8000f142 (0x03a11bb3) x23 0xffffffff
core   0: 0x8000f146 (0x01cc1e93) slli    t4, s8, 28
core   0: 3 0x8000f146 (0x01cc1e93) x29 0xf0000000
core   0: 0x8000f14a (0x00fa4333) xor     t1, s4, a5
core   0: 3 0x8000f14a (0x00fa4333) x 6 0xfefffbfe
core   0: 0x8000f14e (0x009be463) bltu    s7, s1, pc + 8
core   0: 3 0x8000f14e (0x009be463)
core   0: 0x8000f152 (0x00006b09) c.lui   s6, 0x2
core   0: 3 0x8000f152 (0x6b09) x22 0x00002000
core   0: 0x8000f154 (0x000005fd) c.addi  a1, 31
core   0: 3 0x8000f154 (0x05fd) x11 0xe58ea0e0
core   0: 0x8000f156 (0x0371d4b3) divu    s1, gp, s7
core   0: 3 0x8000f156 (0x0371d4b3) x 9 0x00000001
core   0: 0x8000f15a (0x00008c3d) c.xor   s0, a5
core   0: 3 0x8000f15a (0x8c3d) x 8 0xfffffcf6
core   0: 0x8000f15c (0x00006eb5) c.lui   t4, 0xd
core   0: 3 0x8000f15c (0x6eb5) x29 0x0000d000
core   0: 0x8000f15e (0xa3bc3393) sltiu   t2, s8, -1477
core   0: 3 0x8000f15e (0xa3bc3393) x 7 0x00000000
core   0: 0x8000f162 (0x03fc9033) mulh    zero, s9, t6
core   0: 3 0x8000f162 (0x03fc9033)
core   0: 0x8000f166 (0x000099fd) c.andi  a1, -1
core   0: 3 0x8000f166 (0x99fd) x11 0xe58ea0e0
core   0: 0x8000f168 (0x000e9d63) bnez    t4, pc + 26
core   0: 3 0x8000f168 (0x000e9d63)
core   0: 0x8000f182 (0x402bd313) srai    t1, s7, 2
core   0: 3 0x8000f182 (0x402bd313) x 6 0xffffffff
core   0: 0x8000f186 (0x259cd817) auipc   a6, 0x259cd
core   0: 3 0x8000f186 (0x259cd817) x16 0xa59dc186
core   0: 0x8000f18a (0x00006ba5) c.lui   s7, 0x9
core   0: 3 0x8000f18a (0x6ba5) x23 0x00009000
core   0: 0x8000f18c (0x018ac963) blt     s5, s8, pc + 18
core   0: 3 0x8000f18c (0x018ac963)
core   0: 0x8000f19e (0x00008e69) c.and   a2, a0
core   0: 3 0x8000f19e (0x8e69) x12 0x00000010
core   0: 0x8000f1a0 (0x00008c45) c.or    s0, s1
core   0: 3 0x8000f1a0 (0x8c45) x 8 0xfffffcf7
core   0: 0x8000f1a2 (0x000042d9) c.li    t0, 22
core   0: 3 0x8000f1a2 (0x42d9) x 5 0x00000016
core   0: 0x8000f1a4 (0x02461a33) mulh    s4, a2, tp
core   0: 3 0x8000f1a4 (0x02461a33) x20 0x00000000
core   0: 0x8000f1a8 (0x031ca933) mulhsu  s2, s9, a7
core   0: 3 0x8000f1a8 (0x031ca933) x18 0x00000000
core   0: 0x8000f1ac (0x80706313) ori     t1, zero, -2041
core   0: 3 0x8000f1ac (0x80706313) x 6 0xfffff807
core   0: 0x8000f1b0 (0x031bf533) remu    a0, s7, a7
core   0: 3 0x8000f1b0 (0x031bf533) x10 0x00009000
core   0: 0x8000f1b4 (0x0081d793) srli    a5, gp, 8
core   0: 3 0x8000f1b4 (0x0081d793) x15 0x00ffffff
core   0: 0x8000f1b8 (0x00771a13) slli    s4, a4, 7
core   0: 3 0x8000f1b8 (0x00771a13) x20 0x00000080
core   0: 0x8000f1bc (0x022f0963) beq     t5, sp, pc + 50
core   0: 3 0x8000f1bc (0x022f0963)
core   0: 0x8000f1c0 (0x40120bb3) sub     s7, tp, ra
core   0: 3 0x8000f1c0 (0x40120bb3) x23 0xf1000000
core   0: 0x8000f1c4 (0x0094d5b3) srl     a1, s1, s1
core   0: 3 0x8000f1c4 (0x0094d5b3) x11 0x00000000
core   0: 0x8000f1c8 (0x00004cd9) c.li    s9, 22
core   0: 3 0x8000f1c8 (0x4cd9) x25 0x00000016
core   0: 0x8000f1ca (0x00f03db3) snez    s11, a5
core   0: 3 0x8000f1ca (0x00f03db3) x27 0x00000001
core   0: 0x8000f1ce (0x00008f06) c.mv    t5, ra
core   0: 3 0x8000f1ce (0x8f06) x30 0x0f000000
core   0: 0x8000f1d0 (0x00008c81) c.sub   s1, s0
core   0: 3 0x8000f1d0 (0x8c81) x 9 0x0000030a
core   0: 0x8000f1d2 (0x01bbd613) srli    a2, s7, 27
core   0: 3 0x8000f1d2 (0x01bbd613) x12 0x0000001e
core   0: 0x8000f1d6 (0x0073df13) srli    t5, t2, 7
core   0: 3 0x8000f1d6 (0x0073df13) x30 0x00000000
core   0: 0x8000f1da (0xc71f1297) auipc   t0, 0xc71f1
core   0: 3 0x8000f1da (0xc71f1297) x 5 0x472001da
core   0: 0x8000f1de (0x00005a7d) c.li    s4, -1
core   0: 3 0x8000f1de (0x5a7d) x20 0xffffffff
core   0: 0x8000f1e0 (0x02fe49b3) div     s3, t3, a5
core   0: 3 0x8000f1e0 (0x02fe49b3) x19 0x00000000
core   0: 0x8000f1e4 (0x00000001) c.nop
core   0: 3 0x8000f1e4 (0x0001)
core   0: 0x8000f1e6 (0x0000100f) fence.i
core   0: 3 0x8000f1e6 (0x0000100f)
core   0: 0x8000f1ea (0x0000883a) c.mv    a6, a4
core   0: 3 0x8000f1ea (0x883a) x16 0x00000001
core   0: 0x8000f1ec (0x00008129) c.srli  a0, 10
core   0: 3 0x8000f1ec (0x8129) x10 0x00000024
core   0: 0x8000f1ee (0x000007fe) c.slli  a5, 31
core   0: 3 0x8000f1ee (0x07fe) x15 0x80000000
core   0: 0x8000f1f0 (0x00008d59) c.or    a0, a4
core   0: 3 0x8000f1f0 (0x8d59) x10 0x00000025
core   0: 0x8000f1f2 (0x45812e13) slti    t3, sp, 1112
core   0: 3 0x8000f1f2 (0x45812e13) x28 0x00000000
core   0: 0x8000f1f6 (0x0000850d) c.srai  a0, 3
core   0: 3 0x8000f1f6 (0x850d) x10 0x00000004
core   0: 0x8000f1f8 (0x0000c495) c.beqz  s1, pc + 44
core   0: 3 0x8000f1f8 (0xc495)
core   0: 0x8000f1fa (0x0000717d) c.addi16sp sp, -16
core   0: 3 0x8000f1fa (0x717d) x 2 0x001377a8
core   0: 0x8000f1fc (0x02329763) bne     t0, gp, pc + 46
core   0: 3 0x8000f1fc (0x02329763)
core   0: 0x8000f22a (0x00000001) c.nop
core   0: 3 0x8000f22a (0x0001)
core   0: 0x8000f22c (0x000097ea) c.add   a5, s10
core   0: 3 0x8000f22c (0x97ea) x15 0x7fffffc1
core   0: 0x8000f22e (0x00001f84) c.addi4spn s1, sp, 1008
core   0: 3 0x8000f22e (0x1f84) x 9 0x00137b98
core   0: 0x8000f230 (0x000088e1) c.andi  s1, 24
core   0: 3 0x8000f230 (0x88e1) x 9 0x00000018
core   0: 0x8000f232 (0x00f8d313) srli    t1, a7, 15
core   0: 3 0x8000f232 (0x00f8d313) x 6 0x00010004
core   0: 0x8000f236 (0x0ff0000f) fence   iorw,iorw
core   0: 3 0x8000f236 (0x0ff0000f)
core   0: 0x8000f23a (0x0000100f) fence.i
core   0: 3 0x8000f23a (0x0000100f)
core   0: 0x8000f23e (0x0ff0000f) fence   iorw,iorw
core   0: 3 0x8000f23e (0x0ff0000f)
core   0: 0x8000f242 (0x44228597) auipc   a1, 0x44228
core   0: 3 0x8000f242 (0x44228597) x11 0xc4237242
core   0: 0x8000f246 (0x00078b33) add     s6, a5, zero
core   0: 3 0x8000f246 (0x00078b33) x22 0x7fffffc1
core   0: 0x8000f24a (0x00008996) c.mv    s3, t0
core   0: 3 0x8000f24a (0x8996) x19 0x472001da
core   0: 0x8000f24c (0x0179ed63) bltu    s3, s7, pc + 26
core   0: 3 0x8000f24c (0x0179ed63)
core   0: 0x8000f266 (0x039713b3) mulh    t2, a4, s9
core   0: 3 0x8000f266 (0x039713b3) x 7 0x00000000
core   0: 0x8000f26a (0x02475033) divu    zero, a4, tp
core   0: 3 0x8000f26a (0x02475033)
core   0: 0x8000f26e (0x03bccdb3) div     s11, s9, s11
core   0: 3 0x8000f26e (0x03bccdb3) x27 0x00000016
core   0: 0x8000f272 (0x0000100f) fence.i
core   0: 3 0x8000f272 (0x0000100f)
core   0: 0x8000f276 (0x0000957a) c.add   a0, t5
core   0: 3 0x8000f276 (0x957a) x10 0x00000004
core   0: 0x8000f278 (0x41d75db3) sra     s11, a4, t4
core   0: 3 0x8000f278 (0x41d75db3) x27 0x00000001
core   0: 0x8000f27c (0x41d3dc93) srai    s9, t2, 29
core   0: 3 0x8000f27c (0x41d3dc93) x25 0x00000000
core   0: 0x8000f280 (0x0000c995) c.beqz  a1, pc + 52
core   0: 3 0x8000f280 (0xc995)
core   0: 0x8000f282 (0x00008e71) c.and   a2, a2
core   0: 3 0x8000f282 (0x8e71) x12 0x0000001e
core   0: 0x8000f284 (0x00008ffd) c.and   a5, a5
core   0: 3 0x8000f284 (0x8ffd) x15 0x7fffffc1
core   0: 0x8000f286 (0x000081f1) c.srli  a1, 28
core   0: 3 0x8000f286 (0x81f1) x11 0x0000000c
core   0: 0x8000f288 (0x00000001) c.nop
core   0: 3 0x8000f288 (0x0001)
core   0: 0x8000f28a (0x0191ecb3) or      s9, gp, s9
core   0: 3 0x8000f28a (0x0191ecb3) x25 0xffffffff
core   0: 0x8000f28e (0x40e08933) sub     s2, ra, a4
core   0: 3 0x8000f28e (0x40e08933) x18 0x0effffff
core   0: 0x8000f292 (0x0ff0000f) fence   iorw,iorw
core   0: 3 0x8000f292 (0x0ff0000f)
core   0: 0x8000f296 (0x02867db3) remu    s11, a2, s0
core   0: 3 0x8000f296 (0x02867db3) x27 0x0000001e
core   0: 0x8000f29a (0x000087e5) c.srai  a5, 25
core   0: 3 0x8000f29a (0x87e5) x15 0x0000003f
core   0: 0x8000f29c (0x0334ee63) bltu    s1, s3, pc + 60
core   0: 3 0x8000f29c (0x0334ee63)
core   0: 0x8000f2d8 (0x00008d75) c.and   a0, a3
core   0: 3 0x8000f2d8 (0x8d75) x10 0x00000000
core   0: 0x8000f2da (0x017cc9b3) xor     s3, s9, s7
core   0: 3 0x8000f2da (0x017cc9b3) x19 0x0effffff
core   0: 0x8000f2de (0x00000001) c.nop
core   0: 3 0x8000f2de (0x0001)
core   0: 0x8000f2e0 (0x0ff0000f) fence   iorw,iorw
core   0: 3 0x8000f2e0 (0x0ff0000f)
core   0: 0x8000f2e4 (0x028a0363) beq     s4, s0, pc + 38
core   0: 3 0x8000f2e4 (0x028a0363)
core   0: 0x8000f2e8 (0x02544b63) blt     s0, t0, pc + 54
core   0: 3 0x8000f2e8 (0x02544b63)
core   0: 0x8000f31e (0x00008e79) c.and   a2, a4
core   0: 3 0x8000f31e (0x8e79) x12 0x00000000
core   0: 0x8000f320 (0x0000187d) c.addi  a6, -1
core   0: 3 0x8000f320 (0x187d) x16 0x00000000
core   0: 0x8000f322 (0x00009bfd) c.andi  a5, -1
core   0: 3 0x8000f322 (0x9bfd) x15 0x0000003f
core   0: 0x8000f324 (0x00008469) c.srai  s0, 26
core   0: 3 0x8000f324 (0x8469) x 8 0xffffffff
core   0: 0x8000f326 (0x02dcf9b3) remu    s3, s9, a3
core   0: 3 0x8000f326 (0x02dcf9b3) x19 0x03f6b3c7
core   0: 0x8000f32a (0x02eca833) mulhsu  a6, s9, a4
core   0: 3 0x8000f32a (0x02eca833) x16 0xffffffff
core   0: 0x8000f32e (0x00eff433) and     s0, t6, a4
core   0: 3 0x8000f32e (0x00eff433) x 8 0x00000000
core   0: 0x8000f332 (0x02740b63) beq     s0, t2, pc + 54
core   0: 3 0x8000f332 (0x02740b63)
core   0: 0x8000f368 (0x00009436) c.add   s0, a3
core   0: 3 0x8000f368 (0x9436) x 8 0xfc094c38
core   0: 0x8000f36a (0x0ff0000f) fence   iorw,iorw
core   0: 3 0x8000f36a (0x0ff0000f)
core   0: 0x8000f36e (0x00000001) c.nop
core   0: 3 0x8000f36e (0x0001)
core   0: 0x8000f370 (0x00008f72) c.mv    t5, t3
core   0: 3 0x8000f370 (0x8f72) x30 0x00000000
core   0: 0x8000f372 (0x000089c9) c.andi  a1, 18
core   0: 3 0x8000f372 (0x89c9) x11 0x00000000
core   0: 0x8000f374 (0xbeda3b97) auipc   s7, 0xbeda3
core   0: 3 0x8000f374 (0xbeda3b97) x23 0x3edb2374
core   0: 0x8000f378 (0xdc293593) sltiu   a1, s2, -574
core   0: 3 0x8000f378 (0xdc293593) x11 0x00000001
core   0: 0x8000f37c (0x00ce9c63) bne     t4, a2, pc + 24
core   0: 3 0x8000f37c (0x00ce9c63)
core   0: 0x8000f394 (0x000084dd) c.srai  s1, 23
core   0: 3 0x8000f394 (0x84dd) x 9 0x00000000
core   0: 0x8000f396 (0x00000b46) c.slli  s6, 17
core   0: 3 0x8000f396 (0x0b46) x22 0xff820000
core   0: 0x8000f398 (0x00008e25) c.xor   a2, s1
core   0: 3 0x8000f398 (0x8e25) x12 0x00000000
core   0: 0x8000f39a (0x00d34e63) blt     t1, a3, pc + 28
core   0: 3 0x8000f39a (0x00d34e63)
core   0: 0x8000f39e (0x00000001) c.nop
core   0: 3 0x8000f39e (0x0001)
core   0: 0x8000f3a0 (0x0000ed9d) c.bnez  a1, pc + 62
core   0: 3 0x8000f3a0 (0xed9d)
core   0: 0x8000f3de (0x038e7163) bgeu    t3, s8, pc + 34
core   0: 3 0x8000f3de (0x038e7163)
core   0: 0x8000f3e2 (0x4014d833) sra     a6, s1, ra
core   0: 3 0x8000f3e2 (0x4014d833) x16 0x00000000
core   0: 0x8000f3e6 (0x024fed33) rem     s10, t6, tp
core   0: 3 0x8000f3e6 (0x024fed33) x26 0x02530e00
core   0: 0x8000f3ea (0x5eaefd97) auipc   s11, 0x5eaef
core   0: 3 0x8000f3ea (0x5eaefd97) x27 0xdeafe3ea
core   0: 0x8000f3ee (0x000042ad) c.li    t0, 11
core   0: 3 0x8000f3ee (0x42ad) x 5 0x0000000b
core   0: 0x8000f3f0 (0x00b94bb3) xor     s7, s2, a1
core   0: 3 0x8000f3f0 (0x00b94bb3) x23 0x0efffffe
core   0: 0x8000f3f4 (0x00004485) c.li    s1, 1
core   0: 3 0x8000f3f4 (0x4485) x 9 0x00000001
core   0: 0x8000f3f6 (0xa8636d97) auipc   s11, 0xa8636
core   0: 3 0x8000f3f6 (0xa8636d97) x27 0x286453f6
core   0: 0x8000f3fa (0x008c9363) bne     s9, s0, pc + 6
core   0: 3 0x8000f3fa (0x008c9363)
core   0: 0x8000f400 (0x00009bfd) c.andi  a5, -1
core   0: 3 0x8000f400 (0x9bfd) x15 0x0000003f
core   0: 0x8000f402 (0x35962313) slti    t1, a2, 857
core   0: 3 0x8000f402 (0x35962313) x 6 0x00000001
core   0: 0x8000f406 (0x00000001) c.nop
core   0: 3 0x8000f406 (0x0001)
core   0: 0x8000f408 (0xdaa64cb7) lui     s9, 0xdaa64
core   0: 3 0x8000f408 (0xdaa64cb7) x25 0xdaa64000
core   0: 0x8000f40c (0x051bbc13) sltiu   s8, s7, 81
core   0: 3 0x8000f40c (0x051bbc13) x24 0x00000000
core   0: 0x8000f410 (0x002cd4b3) srl     s1, s9, sp
core   0: 3 0x8000f410 (0x002cd4b3) x 9 0x00daa640
core   0: 0x8000f414 (0x0048a083) lw      ra, 4(a7)
core   0: 3 0x8000f414 (0x0048a083) x 1 0x8000012c mem 0x80026e34
core   0: 0x8000f418 (0x00008d0d) c.sub   a0, a1
core   0: 3 0x8000f418 (0x8d0d) x10 0xffffffff
core   0: 0x8000f41a (0x03488893) addi    a7, a7, 52
core   0: 3 0x8000f41a (0x03488893) x17 0x80026e64
core   0: 0x8000f41e (0x03bbb9b3) mulhu   s3, s7, s11
core   0: 3 0x8000f41e (0x03bbb9b3) x19 0x025de0eb
core   0: 0x8000f422 (0x079d4f93) xori    t6, s10, 121
core   0: 3 0x8000f422 (0x079d4f93) x31 0x02530e79
core   0: 0x8000f426 (0x00ea1933) sll     s2, s4, a4
core   0: 3 0x8000f426 (0x00ea1933) x18 0xfffffffe
core   0: 0x8000f42a (0x00008813) mv      a6, ra
core   0: 3 0x8000f42a (0x00008813) x16 0x8000012c
core   0: 0x8000f42e (0x00008802) c.jr    a6
core   0: 3 0x8000f42e (0x8802)
core   0: 0x8000012c (0x004000ef) jal     pc + 0x4
core   0: 3 0x8000012c (0x004000ef) x 1 0x80000130
core   0: 0x80000130 (0x00002021) c.jal   pc + 8
core   0: 3 0x80000130 (0x2021) x 1 0x80000132
core   0: 0x80000138 (0x00002029) c.jal   pc + 10
core   0: 3 0x80000138 (0x2029) x 1 0x8000013a
core   0: 0x80000142 (0x00003fc5) c.jal   pc - 16
core   0: 3 0x80000142 (0x3fc5) x 1 0x80000144
core   0: 0x80000132 (0x0000a029) c.j     pc + 10
core   0: 3 0x80000132 (0xa029)
core   0: 0x8000013c (0x0000a039) c.j     pc + 14
core   0: 3 0x8000013c (0xa039)
core   0: 0x8000014a (0x0000a829) c.j     pc + 26
core   0: 3 0x8000014a (0xa829)
core   0: 0x80000164 (0x0000b7cd) c.j     pc - 30
core   0: 3 0x80000164 (0xb7cd)
core   0: 0x80000146 (0x014001ef) jal     gp, pc + 0x14
core   0: 3 0x80000146 (0x014001ef) x 3 0x8000014a
core   0: 0x8000015a (0x0000bffd) c.j     pc - 2
core   0: 3 0x8000015a (0xbffd)
core   0: 0x80000158 (0x00003fe5) c.jal   pc - 8
core   0: 3 0x80000158 (0x3fe5) x 1 0x8000015a
core   0: 0x80000150 (0xfefff36f) jal     t1, pc - 0x12
core   0: 3 0x80000150 (0xfefff36f) x 6 0x80000154
core   0: 0x8000013e (0x0060036f) jal     t1, pc + 0x6
core   0: 3 0x8000013e (0x0060036f) x 6 0x80000142
core   0: 0x80000144 (0x00003fc5) c.jal   pc - 16
core   0: 3 0x80000144 (0x3fc5) x 1 0x80000146
core   0: 0x80000134 (0x02c002ef) jal     t0, pc + 0x2c
core   0: 3 0x80000134 (0x02c002ef) x 5 0x80000138
core   0: 0x80000160 (0x00003fd5) c.jal   pc - 12
core   0: 3 0x80000160 (0x3fd5) x 1 0x80000162
core   0: 0x80000154 (0xff9ff3ef) jal     t2, pc - 0x8
core   0: 3 0x80000154 (0xff9ff3ef) x 7 0x80000158
core   0: 0x8000014c (0x0000a819) c.j     pc + 22
core   0: 3 0x8000014c (0xa819)
core   0: 0x80000162 (0x00003fe1) c.jal   pc - 40
core   0: 3 0x80000162 (0x3fe1) x 1 0x80000164
core   0: 0x8000013a (0x00002811) c.jal   pc + 20
core   0: 3 0x8000013a (0x2811) x 1 0x8000013c
core   0: 0x8000014e (0x00002039) c.jal   pc + 14
core   0: 3 0x8000014e (0x2039) x 1 0x80000150
core   0: 0x8000015c (0x00a000ef) jal     pc + 0xa
core   0: 3 0x8000015c (0x00a000ef) x 1 0x80000160
core   0: 0x80000166 (0x019f1293) slli    t0, t5, 25
core   0: 3 0x80000166 (0x019f1293) x 5 0x00000000
core   0: 0x8000016a (0x02c000ef) jal     pc + 0x2c
core   0: 3 0x8000016a (0x02c000ef) x 1 0x8000016e
core   0: 0x80000196 (0x00c004ef) jal     s1, pc + 0xc
core   0: 3 0x80000196 (0x00c004ef) x 9 0x8000019a
core   0: 0x800001a2 (0x000037dd) c.jal   pc - 26
core   0: 3 0x800001a2 (0x37dd) x 1 0x800001a4
core   0: 0x80000188 (0xfefff36f) jal     t1, pc - 0x12
core   0: 3 0x80000188 (0xfefff36f) x 6 0x8000018c
core   0: 0x80000176 (0x0340036f) jal     t1, pc + 0x34
core   0: 3 0x80000176 (0x0340036f) x 6 0x8000017a
core   0: 0x800001aa (0x0000bff1) c.j     pc - 36
core   0: 3 0x800001aa (0xbff1)
core   0: 0x80000186 (0x00002039) c.jal   pc + 14
core   0: 3 0x80000186 (0x2039) x 1 0x80000188
core   0: 0x80000194 (0x0000a801) c.j     pc + 16
core   0: 3 0x80000194 (0xa801)
core   0: 0x800001a4 (0x0000bfc1) c.j     pc - 48
core   0: 3 0x800001a4 (0xbfc1)
core   0: 0x80000174 (0x0000a01d) c.j     pc + 38
core   0: 3 0x80000174 (0xa01d)
core   0: 0x8000019a (0xff7ff36f) jal     t1, pc - 0xa
core   0: 3 0x8000019a (0xff7ff36f) x 6 0x8000019e
core   0: 0x80000190 (0x000037c5) c.jal   pc - 32
core   0: 3 0x80000190 (0x37c5) x 1 0x80000192
core   0: 0x80000170 (0x00e000ef) jal     pc + 0xe
core   0: 3 0x80000170 (0x00e000ef) x 1 0x80000174
core   0: 0x8000017e (0x02a0036f) jal     t1, pc + 0x2a
core   0: 3 0x8000017e (0x02a0036f) x 6 0x80000182
core   0: 0x800001a8 (0x00003fdd) c.jal   pc - 10
core   0: 3 0x800001a8 (0x3fdd) x 1 0x800001aa
core   0: 0x8000019e (0x00003fd5) c.jal   pc - 12
core   0: 3 0x8000019e (0x3fd5) x 1 0x800001a0
core   0: 0x80000192 (0x000037ed) c.jal   pc - 22
core   0: 3 0x80000192 (0x37ed) x 1 0x80000194
core   0: 0x8000017c (0x0000a02d) c.j     pc + 42
core   0: 3 0x8000017c (0xa02d)
core   0: 0x800001a6 (0x00003ff1) c.jal   pc - 36
core   0: 3 0x800001a6 (0x3ff1) x 1 0x800001a8
core   0: 0x80000182 (0xfedff0ef) jal     pc - 0x14
core   0: 3 0x80000182 (0xfedff0ef) x 1 0x80000186
core   0: 0x8000016e (0x0000a83d) c.j     pc + 62
core   0: 3 0x8000016e (0xa83d)
core   0: 0x800001ac (0x0000b7f9) c.j     pc - 50
core   0: 3 0x800001ac (0xb7f9)
core   0: 0x8000017a (0x0000201d) c.jal   pc + 38
core   0: 3 0x8000017a (0x201d) x 1 0x8000017c
core   0: 0x800001a0 (0x0000b7f5) c.j     pc - 20
core   0: 3 0x800001a0 (0xb7f5)
core   0: 0x8000018c (0x022000ef) jal     pc + 0x22
core   0: 3 0x8000018c (0x022000ef) x 1 0x80000190
core   0: 0x800001ae (0x023a7f33) remu    t5, s4, gp
core   0: 3 0x800001ae (0x023a7f33) x30 0x7ffffeb5
core   0: 0x800001b2 (0xff900413) li      s0, -7
core   0: 3 0x800001b2 (0xff900413) x 8 0xfffffff9
core   0: 0x800001b6 (0x00500913) li      s2, 5
core   0: 3 0x800001b6 (0x00500913) x18 0x00000005
core   0: 0x800001ba (0x40115033) sra     zero, sp, ra
core   0: 3 0x800001ba (0x40115033)
core   0: 0x800001be (0x72916313) ori     t1, sp, 1833
core   0: 3 0x800001be (0x72916313) x 6 0x001377a9
core   0: 0x800001c2 (0x00000405) c.addi  s0, 1
core   0: 3 0x800001c2 (0x0405) x 8 0xfffffffa
core   0: 0x800001c4 (0xffd00293) li      t0, -3
core   0: 3 0x800001c4 (0xffd00293) x 5 0xfffffffd
core   0: 0x800001c8 (0x00400a13) li      s4, 4
core   0: 3 0x800001c8 (0x00400a13) x20 0x00000004
core   0: 0x800001cc (0x02b6cd33) div     s10, a3, a1
core   0: 3 0x800001cc (0x02b6cd33) x26 0xfc094c38
core   0: 0x800001d0 (0x03973f33) mulhu   t5, a4, s9
core   0: 3 0x800001d0 (0x03973f33) x30 0x00000000
core   0: 0x800001d4 (0x0000029d) c.addi  t0, 7
core   0: 3 0x800001d4 (0x029d) x 5 0x00000004
core   0: 0x800001d6 (0xff42cbe3) blt     t0, s4, pc - 10
core   0: 3 0x800001d6 (0xff42cbe3)
core   0: 0x800001da (0xff2442e3) blt     s0, s2, pc - 28
core   0: 3 0x800001da (0xff2442e3)
core   0: 0x800001be (0x72916313) ori     t1, sp, 1833
core   0: 3 0x800001be (0x72916313) x 6 0x001377a9
core   0: 0x800001c2 (0x00000405) c.addi  s0, 1
core   0: 3 0x800001c2 (0x0405) x 8 0xfffffffb
core   0: 0x800001c4 (0xffd00293) li      t0, -3
core   0: 3 0x800001c4 (0xffd00293) x 5 0xfffffffd
core   0: 0x800001c8 (0x00400a13) li      s4, 4
core   0: 3 0x800001c8 (0x00400a13) x20 0x00000004
core   0: 0x800001cc (0x02b6cd33) div     s10, a3, a1
core   0: 3 0x800001cc (0x02b6cd33) x26 0xfc094c38
core   0: 0x800001d0 (0x03973f33) mulhu   t5, a4, s9
core   0: 3 0x800001d0 (0x03973f33) x30 0x00000000
core   0: 0x800001d4 (0x0000029d) c.addi  t0, 7
core   0: 3 0x800001d4 (0x029d) x 5 0x00000004
core   0: 0x800001d6 (0xff42cbe3) blt     t0, s4, pc - 10
core   0: 3 0x800001d6 (0xff42cbe3)
core   0: 0x800001da (0xff2442e3) blt     s0, s2, pc - 28
core   0: 3 0x800001da (0xff2442e3)
core   0: 0x800001be (0x72916313) ori     t1, sp, 1833
core   0: 3 0x800001be (0x72916313) x 6 0x001377a9
core   0: 0x800001c2 (0x00000405) c.addi  s0, 1
core   0: 3 0x800001c2 (0x0405) x 8 0xfffffffc
core   0: 0x800001c4 (0xffd00293) li      t0, -3
core   0: 3 0x800001c4 (0xffd00293) x 5 0xfffffffd
core   0: 0x800001c8 (0x00400a13) li      s4, 4
core   0: 3 0x800001c8 (0x00400a13) x20 0x00000004
core   0: 0x800001cc (0x02b6cd33) div     s10, a3, a1
core   0: 3 0x800001cc (0x02b6cd33) x26 0xfc094c38
core   0: 0x800001d0 (0x03973f33) mulhu   t5, a4, s9
core   0: 3 0x800001d0 (0x03973f33) x30 0x00000000
core   0: 0x800001d4 (0x0000029d) c.addi  t0, 7
core   0: 3 0x800001d4 (0x029d) x 5 0x00000004
core   0: 0x800001d6 (0xff42cbe3) blt     t0, s4, pc - 10
core   0: 3 0x800001d6 (0xff42cbe3)
core   0: 0x800001da (0xff2442e3) blt     s0, s2, pc - 28
core   0: 3 0x800001da (0xff2442e3)
core   0: 0x800001be (0x72916313) ori     t1, sp, 1833
core   0: 3 0x800001be (0x72916313) x 6 0x001377a9
core   0: 0x800001c2 (0x00000405) c.addi  s0, 1
core   0: 3 0x800001c2 (0x0405) x 8 0xfffffffd
core   0: 0x800001c4 (0xffd00293) li      t0, -3
core   0: 3 0x800001c4 (0xffd00293) x 5 0xfffffffd
core   0: 0x800001c8 (0x00400a13) li      s4, 4
core   0: 3 0x800001c8 (0x00400a13) x20 0x00000004
core   0: 0x800001cc (0x02b6cd33) div     s10, a3, a1
core   0: 3 0x800001cc (0x02b6cd33) x26 0xfc094c38
core   0: 0x800001d0 (0x03973f33) mulhu   t5, a4, s9
core   0: 3 0x800001d0 (0x03973f33) x30 0x00000000
core   0: 0x800001d4 (0x0000029d) c.addi  t0, 7
core   0: 3 0x800001d4 (0x029d) x 5 0x00000004
core   0: 0x800001d6 (0xff42cbe3) blt     t0, s4, pc - 10
core   0: 3 0x800001d6 (0xff42cbe3)
core   0: 0x800001da (0xff2442e3) blt     s0, s2, pc - 28
core   0: 3 0x800001da (0xff2442e3)
core   0: 0x800001be (0x72916313) ori     t1, sp, 1833
core   0: 3 0x800001be (0x72916313) x 6 0x001377a9
core   0: 0x800001c2 (0x00000405) c.addi  s0, 1
core   0: 3 0x800001c2 (0x0405) x 8 0xfffffffe
core   0: 0x800001c4 (0xffd00293) li      t0, -3
core   0: 3 0x800001c4 (0xffd00293) x 5 0xfffffffd
core   0: 0x800001c8 (0x00400a13) li      s4, 4
core   0: 3 0x800001c8 (0x00400a13) x20 0x00000004
core   0: 0x800001cc (0x02b6cd33) div     s10, a3, a1
core   0: 3 0x800001cc (0x02b6cd33) x26 0xfc094c38
core   0: 0x800001d0 (0x03973f33) mulhu   t5, a4, s9
core   0: 3 0x800001d0 (0x03973f33) x30 0x00000000
core   0: 0x800001d4 (0x0000029d) c.addi  t0, 7
core   0: 3 0x800001d4 (0x029d) x 5 0x00000004
core   0: 0x800001d6 (0xff42cbe3) blt     t0, s4, pc - 10
core   0: 3 0x800001d6 (0xff42cbe3)
core   0: 0x800001da (0xff2442e3) blt     s0, s2, pc - 28
core   0: 3 0x800001da (0xff2442e3)
core   0: 0x800001be (0x72916313) ori     t1, sp, 1833
core   0: 3 0x800001be (0x72916313) x 6 0x001377a9
core   0: 0x800001c2 (0x00000405) c.addi  s0, 1
core   0: 3 0x800001c2 (0x0405) x 8 0xffffffff
core   0: 0x800001c4 (0xffd00293) li      t0, -3
core   0: 3 0x800001c4 (0xffd00293) x 5 0xfffffffd
core   0: 0x800001c8 (0x00400a13) li      s4, 4
core   0: 3 0x800001c8 (0x00400a13) x20 0x00000004
core   0: 0x800001cc (0x02b6cd33) div     s10, a3, a1
core   0: 3 0x800001cc (0x02b6cd33) x26 0xfc094c38
core   0: 0x800001d0 (0x03973f33) mulhu   t5, a4, s9
core   0: 3 0x800001d0 (0x03973f33) x30 0x00000000
core   0: 0x800001d4 (0x0000029d) c.addi  t0, 7
core   0: 3 0x800001d4 (0x029d) x 5 0x00000004
core   0: 0x800001d6 (0xff42cbe3) blt     t0, s4, pc - 10
core   0: 3 0x800001d6 (0xff42cbe3)
core   0: 0x800001da (0xff2442e3) blt     s0, s2, pc - 28
core   0: 3 0x800001da (0xff2442e3)
core   0: 0x800001be (0x72916313) ori     t1, sp, 1833
core   0: 3 0x800001be (0x72916313) x 6 0x001377a9
core   0: 0x800001c2 (0x00000405) c.addi  s0, 1
core   0: 3 0x800001c2 (0x0405) x 8 0x00000000
core   0: 0x800001c4 (0xffd00293) li      t0, -3
core   0: 3 0x800001c4 (0xffd00293) x 5 0xfffffffd
core   0: 0x800001c8 (0x00400a13) li      s4, 4
core   0: 3 0x800001c8 (0x00400a13) x20 0x00000004
core   0: 0x800001cc (0x02b6cd33) div     s10, a3, a1
core   0: 3 0x800001cc (0x02b6cd33) x26 0xfc094c38
core   0: 0x800001d0 (0x03973f33) mulhu   t5, a4, s9
core   0: 3 0x800001d0 (0x03973f33) x30 0x00000000
core   0: 0x800001d4 (0x0000029d) c.addi  t0, 7
core   0: 3 0x800001d4 (0x029d) x 5 0x00000004
core   0: 0x800001d6 (0xff42cbe3) blt     t0, s4, pc - 10
core   0: 3 0x800001d6 (0xff42cbe3)
core   0: 0x800001da (0xff2442e3) blt     s0, s2, pc - 28
core   0: 3 0x800001da (0xff2442e3)
core   0: 0x800001be (0x72916313) ori     t1, sp, 1833
core   0: 3 0x800001be (0x72916313) x 6 0x001377a9
core   0: 0x800001c2 (0x00000405) c.addi  s0, 1
core   0: 3 0x800001c2 (0x0405) x 8 0x00000001
core   0: 0x800001c4 (0xffd00293) li      t0, -3
core   0: 3 0x800001c4 (0xffd00293) x 5 0xfffffffd
core   0: 0x800001c8 (0x00400a13) li      s4, 4
core   0: 3 0x800001c8 (0x00400a13) x20 0x00000004
core   0: 0x800001cc (0x02b6cd33) div     s10, a3, a1
core   0: 3 0x800001cc (0x02b6cd33) x26 0xfc094c38
core   0: 0x800001d0 (0x03973f33) mulhu   t5, a4, s9
core   0: 3 0x800001d0 (0x03973f33) x30 0x00000000
core   0: 0x800001d4 (0x0000029d) c.addi  t0, 7
core   0: 3 0x800001d4 (0x029d) x 5 0x00000004
core   0: 0x800001d6 (0xff42cbe3) blt     t0, s4, pc - 10
core   0: 3 0x800001d6 (0xff42cbe3)
core   0: 0x800001da (0xff2442e3) blt     s0, s2, pc - 28
core   0: 3 0x800001da (0xff2442e3)
core   0: 0x800001be (0x72916313) ori     t1, sp, 1833
core   0: 3 0x800001be (0x72916313) x 6 0x001377a9
core   0: 0x800001c2 (0x00000405) c.addi  s0, 1
core   0: 3 0x800001c2 (0x0405) x 8 0x00000002
core   0: 0x800001c4 (0xffd00293) li      t0, -3
core   0: 3 0x800001c4 (0xffd00293) x 5 0xfffffffd
core   0: 0x800001c8 (0x00400a13) li      s4, 4
core   0: 3 0x800001c8 (0x00400a13) x20 0x00000004
core   0: 0x800001cc (0x02b6cd33) div     s10, a3, a1
core   0: 3 0x800001cc (0x02b6cd33) x26 0xfc094c38
core   0: 0x800001d0 (0x03973f33) mulhu   t5, a4, s9
core   0: 3 0x800001d0 (0x03973f33) x30 0x00000000
core   0: 0x800001d4 (0x0000029d) c.addi  t0, 7
core   0: 3 0x800001d4 (0x029d) x 5 0x00000004
core   0: 0x800001d6 (0xff42cbe3) blt     t0, s4, pc - 10
core   0: 3 0x800001d6 (0xff42cbe3)
core   0: 0x800001da (0xff2442e3) blt     s0, s2, pc - 28
core   0: 3 0x800001da (0xff2442e3)
core   0: 0x800001be (0x72916313) ori     t1, sp, 1833
core   0: 3 0x800001be (0x72916313) x 6 0x001377a9
core   0: 0x800001c2 (0x00000405) c.addi  s0, 1
core   0: 3 0x800001c2 (0x0405) x 8 0x00000003
core   0: 0x800001c4 (0xffd00293) li      t0, -3
core   0: 3 0x800001c4 (0xffd00293) x 5 0xfffffffd
core   0: 0x800001c8 (0x00400a13) li      s4, 4
core   0: 3 0x800001c8 (0x00400a13) x20 0x00000004
core   0: 0x800001cc (0x02b6cd33) div     s10, a3, a1
core   0: 3 0x800001cc (0x02b6cd33) x26 0xfc094c38
core   0: 0x800001d0 (0x03973f33) mulhu   t5, a4, s9
core   0: 3 0x800001d0 (0x03973f33) x30 0x00000000
core   0: 0x800001d4 (0x0000029d) c.addi  t0, 7
core   0: 3 0x800001d4 (0x029d) x 5 0x00000004
core   0: 0x800001d6 (0xff42cbe3) blt     t0, s4, pc - 10
core   0: 3 0x800001d6 (0xff42cbe3)
core   0: 0x800001da (0xff2442e3) blt     s0, s2, pc - 28
core   0: 3 0x800001da (0xff2442e3)
core   0: 0x800001be (0x72916313) ori     t1, sp, 1833
core   0: 3 0x800001be (0x72916313) x 6 0x001377a9
core   0: 0x800001c2 (0x00000405) c.addi  s0, 1
core   0: 3 0x800001c2 (0x0405) x 8 0x00000004
core   0: 0x800001c4 (0xffd00293) li      t0, -3
core   0: 3 0x800001c4 (0xffd00293) x 5 0xfffffffd
core   0: 0x800001c8 (0x00400a13) li      s4, 4
core   0: 3 0x800001c8 (0x00400a13) x20 0x00000004
core   0: 0x800001cc (0x02b6cd33) div     s10, a3, a1
core   0: 3 0x800001cc (0x02b6cd33) x26 0xfc094c38
core   0: 0x800001d0 (0x03973f33) mulhu   t5, a4, s9
core   0: 3 0x800001d0 (0x03973f33) x30 0x00000000
core   0: 0x800001d4 (0x0000029d) c.addi  t0, 7
core   0: 3 0x800001d4 (0x029d) x 5 0x00000004
core   0: 0x800001d6 (0xff42cbe3) blt     t0, s4, pc - 10
core   0: 3 0x800001d6 (0xff42cbe3)
core   0: 0x800001da (0xff2442e3) blt     s0, s2, pc - 28
core   0: 3 0x800001da (0xff2442e3)
core   0: 0x800001be (0x72916313) ori     t1, sp, 1833
core   0: 3 0x800001be (0x72916313) x 6 0x001377a9
core   0: 0x800001c2 (0x00000405) c.addi  s0, 1
core   0: 3 0x800001c2 (0x0405) x 8 0x00000005
core   0: 0x800001c4 (0xffd00293) li      t0, -3
core   0: 3 0x800001c4 (0xffd00293) x 5 0xfffffffd
core   0: 0x800001c8 (0x00400a13) li      s4, 4
core   0: 3 0x800001c8 (0x00400a13) x20 0x00000004
core   0: 0x800001cc (0x02b6cd33) div     s10, a3, a1
core   0: 3 0x800001cc (0x02b6cd33) x26 0xfc094c38
core   0: 0x800001d0 (0x03973f33) mulhu   t5, a4, s9
core   0: 3 0x800001d0 (0x03973f33) x30 0x00000000
core   0: 0x800001d4 (0x0000029d) c.addi  t0, 7
core   0: 3 0x800001d4 (0x029d) x 5 0x00000004
core   0: 0x800001d6 (0xff42cbe3) blt     t0, s4, pc - 10
core   0: 3 0x800001d6 (0xff42cbe3)
core   0: 0x800001da (0xff2442e3) blt     s0, s2, pc - 28
core   0: 3 0x800001da (0xff2442e3)
core   0: 0x800001de (0x000099fd) c.andi  a1, -1
core   0: 3 0x800001de (0x99fd) x11 0x00000001
core   0: 0x800001e0 (0x00011297) auipc   t0, 0x11
core   0: 3 0x800001e0 (0x00011297) x 5 0x800111e0
core   0: 0x800001e4 (0xec528293) addi    t0, t0, -315
core   0: 3 0x800001e4 (0xec528293) x 5 0x800110a5
core   0: 0x800001e8 (0x00011f17) auipc   t5, 0x11
core   0: 3 0x800001e8 (0x00011f17) x30 0x800111e8
core   0: 0x800001ec (0x645f0f13) addi    t5, t5, 1605
core   0: 3 0x800001ec (0x645f0f13) x30 0x8001182d
core   0: 0x800001f0 (0x00011497) auipc   s1, 0x11
core   0: 3 0x800001f0 (0x00011497) x 9 0x800111f0
core   0: 0x800001f4 (0x1b048493) addi    s1, s1, 432
core   0: 3 0x800001f4 (0x1b048493) x 9 0x800113a0
core   0: 0x800001f8 (0x00011717) auipc   a4, 0x11
core   0: 3 0x800001f8 (0x00011717) x14 0x800111f8
core   0: 0x800001fc (0xfb070713) addi    a4, a4, -80
core   0: 3 0x800001fc (0xfb070713) x14 0x800111a8
core   0: 0x80000200 (0xffd4c183) lbu     gp, -3(s1)
core   0: 3 0x80000200 (0xffd4c183) x 3 0x00000056 mem 0x8001139d
core   0: 0x80000204 (0x7a870503) lb      a0, 1960(a4)
core   0: 3 0x80000204 (0x7a870503) x10 0x0000000b mem 0x80011950
core   0: 0x80000208 (0x00012997) auipc   s3, 0x12
core   0: 3 0x80000208 (0x00012997) x19 0x80012208
core   0: 0x8000020c (0xa0d98993) addi    s3, s3, -1523
core   0: 3 0x8000020c (0xa0d98993) x19 0x80011c15
core   0: 0x80000210 (0x0099d083) lhu     ra, 9(s3)
core   0: 3 0x80000210 (0x0099d083) x 1 0x0000d4d5 mem 0x80011c1e
core   0: 0x80000214 (0xff44d403) lhu     s0, -12(s1)
core   0: 3 0x80000214 (0xff44d403) x 8 0x00004e4f mem 0x80011394
core   0: 0x80000218 (0x00298423) sb      sp, 8(s3)
core   0: 3 0x80000218 (0x00298423) mem 0x80011c1d 0xa8
core   0: 0x8000021c (0xfd599f83) lh      t6, -43(s3)
core   0: 3 0x8000021c (0xfd599f83) x31 0xffffa0a1 mem 0x80011bea
core   0: 0x80000220 (0xff128ca3) sb      a7, -7(t0)
core   0: 3 0x80000220 (0xff128ca3) mem 0x8001109e 0x64
core   0: 0x80000224 (0x5bd70083) lb      ra, 1469(a4)
core   0: 3 0x80000224 (0x5bd70083) x 1 0x0000001e mem 0x80011765
core   0: 0x80000228 (0x10a700a3) sb      a0, 257(a4)
core   0: 3 0x80000228 (0x10a700a3) mem 0x800112a9 0xb
core   0: 0x8000022c (0x0eef0a03) lb      s4, 238(t5)
core   0: 3 0x8000022c (0x0eef0a03) x20 0xffffffd0 mem 0x8001191b
core   0: 0x80000230 (0x3e874c83) lbu     s9, 1000(a4)
core   0: 3 0x80000230 (0x3e874c83) x25 0x0000004b mem 0x80011590
core   0: 0x80000234 (0x0034c303) lbu     t1, 3(s1)
core   0: 3 0x80000234 (0x0034c303) x 6 0x00000058 mem 0x800113a3
core   0: 0x80000238 (0x00370aa3) sb      gp, 21(a4)
core   0: 3 0x80000238 (0x00370aa3) mem 0x800111bd 0x56
core   0: 0x8000023c (0x0e872083) lw      ra, 232(a4)
core   0: 3 0x8000023c (0x0e872083) x 1 0x48494a4b mem 0x80011290
core   0: 0x80000240 (0xfd2f0623) sb      s2, -52(t5)
core   0: 3 0x80000240 (0xfd2f0623) mem 0x800117f9 0x5
core   0: 0x80000244 (0x37174d83) lbu     s11, 881(a4)
core   0: 3 0x80000244 (0x37174d83) x27 0x000000d2 mem 0x80011519
core   0: 0x80000248 (0x02e98b03) lb      s6, 46(s3)
core   0: 3 0x80000248 (0x02e98b03) x22 0xfffffff8 mem 0x80011c43
core   0: 0x8000024c (0x03d28223) sb      t4, 36(t0)
core   0: 3 0x8000024c (0x03d28223) mem 0x800110c9 0x0
core   0: 0x80000250 (0xf5872203) lw      tp, -168(a4)
core   0: 3 0x80000250 (0xf5872203) x 4 0xb8b9babb mem 0x80011100
core   0: 0x80000254 (0x0c2f0b23) sb      sp, 214(t5)
core   0: 3 0x80000254 (0x0c2f0b23) mem 0x80011903 0xa8
core   0: 0x80000258 (0x00b4cd03) lbu     s10, 11(s1)
core   0: 3 0x80000258 (0x00b4cd03) x26 0x00000060 mem 0x800113ab
core   0: 0x8000025c (0x00e48903) lb      s2, 14(s1)
core   0: 3 0x8000025c (0x00e48903) x18 0x00000065 mem 0x800113ae
core   0: 0x80000260 (0x02199303) lh      t1, 33(s3)
core   0: 3 0x80000260 (0x02199303) x 6 0xffffeced mem 0x80011c36
core   0: 0x80000264 (0xf1df5083) lhu     ra, -227(t5)
core   0: 3 0x80000264 (0xf1df5083) x 1 0x00000001 mem 0x8001174a
core   0: 0x80000268 (0x35270823) sb      s2, 848(a4)
core   0: 3 0x80000268 (0x35270823) mem 0x800114f8 0x65
core   0: 0x8000026c (0xfca28783) lb      a5, -54(t0)
core   0: 3 0x8000026c (0xfca28783) x15 0x00000024 mem 0x8001106f
core   0: 0x80000270 (0x07f70783) lb      a5, 127(a4)
core   0: 3 0x80000270 (0x07f70783) x15 0x00000000 mem 0x80011227
core   0: 0x80000274 (0xffa2c903) lbu     s2, -6(t0)
core   0: 3 0x80000274 (0xffa2c903) x18 0x00000054 mem 0x8001109f
core   0: 0x80000278 (0xfe3f4183) lbu     gp, -29(t5)
core   0: 3 0x80000278 (0xfe3f4183) x 3 0x000000cb mem 0x80011810
core   0: 0x8000027c (0xffc49b23) sh      t3, -10(s1)
core   0: 3 0x8000027c (0xffc49b23) mem 0x80011396 0x0000
core   0: 0x80000280 (0xfcc9c403) lbu     s0, -52(s3)
core   0: 3 0x80000280 (0xfcc9c403) x 8 0x0000009a mem 0x80011be1
core   0: 0x80000284 (0x03a9cd03) lbu     s10, 58(s3)
core   0: 3 0x80000284 (0x03a9cd03) x26 0x00000004 mem 0x80011c4f
core   0: 0x80000288 (0xf21f5d83) lhu     s11, -223(t5)
core   0: 3 0x80000288 (0xf21f5d83) x27 0x00000405 mem 0x8001174e
core   0: 0x8000028c (0xfd028e03) lb      t3, -48(t0)
core   0: 3 0x8000028c (0xfd028e03) x28 0x0000002e mem 0x80011075
core   0: 0x80000290 (0x00012b97) auipc   s7, 0x12
core   0: 3 0x80000290 (0x00012b97) x23 0x80012290
core   0: 0x80000294 (0xbbbb8b93) addi    s7, s7, -1093
core   0: 3 0x80000294 (0xbbbb8b93) x23 0x80011e4b
core   0: 0x80000298 (0xfffb8d83) lb      s11, -1(s7)
core   0: 3 0x80000298 (0xfffb8d83) x27 0x00000001 mem 0x80011e4a
core   0: 0x8000029c (0x4ac86f13) ori     t5, a6, 1196
core   0: 3 0x8000029c (0x4ac86f13) x30 0x800005ac
core   0: 0x800002a0 (0xfffbc483) lbu     s1, -1(s7)
core   0: 3 0x800002a0 (0xfffbc483) x 9 0x00000001 mem 0x80011e4a
core   0: 0x800002a4 (0xff4b9fa3) sh      s4, -1(s7)
core   0: 3 0x800002a4 (0xff4b9fa3) mem 0x80011e4a 0xffd0
core   0: 0x800002a8 (0x00bbcc83) lbu     s9, 11(s7)
core   0: 3 0x800002a8 (0x00bbcc83) x25 0x0000000d mem 0x80011e56
core   0: 0x800002ac (0xffabca03) lbu     s4, -6(s7)
core   0: 3 0x800002ac (0xffabca03) x20 0x000000fe mem 0x80011e45
core   0: 0x800002b0 (0xffabcd03) lbu     s10, -6(s7)
core   0: 3 0x800002b0 (0xffabcd03) x26 0x000000fe mem 0x80011e45
core   0: 0x800002b4 (0xff7b8d23) sb      s7, -6(s7)
core   0: 3 0x800002b4 (0xff7b8d23) mem 0x80011e45 0x4b
core   0: 0x800002b8 (0xffabc603) lbu     a2, -6(s7)
core   0: 3 0x800002b8 (0xffabc603) x12 0x0000004b mem 0x80011e45
core   0: 0x800002bc (0xff8b8d23) sb      s8, -6(s7)
core   0: 3 0x800002bc (0xff8b8d23) mem 0x80011e45 0x0
core   0: 0x800002c0 (0x00000eae) c.slli  t4, 11
core   0: 3 0x800002c0 (0x0eae) x29 0x06800000
core   0: 0x800002c2 (0xffab8183) lb      gp, -6(s7)
core   0: 3 0x800002c2 (0xffab8183) x 3 0x00000000 mem 0x80011e45
core   0: 0x800002c6 (0xffabc183) lbu     gp, -6(s7)
core   0: 3 0x800002c6 (0xffabc183) x 3 0x00000000 mem 0x80011e45
core   0: 0x800002ca (0x006e2833) slt     a6, t3, t1
core   0: 3 0x800002ca (0x006e2833) x16 0x00000000
core   0: 0x800002ce (0x00006e99) c.lui   t4, 0x6
core   0: 3 0x800002ce (0x6e99) x29 0x00006000
core   0: 0x800002d0 (0xffabce83) lbu     t4, -6(s7)
core   0: 3 0x800002d0 (0xffabce83) x29 0x00000000 mem 0x80011e45
core   0: 0x800002d4 (0x00dbda03) lhu     s4, 13(s7)
core   0: 3 0x800002d4 (0x00dbda03) x20 0x00001213 mem 0x80011e58
core   0: 0x800002d8 (0xffbb8a03) lb      s4, -5(s7)
core   0: 3 0x800002d8 (0xffbb8a03) x20 0xfffffffd mem 0x80011e46
core   0: 0x800002dc (0xffbbcf83) lbu     t6, -5(s7)
core   0: 3 0x800002dc (0xffbbcf83) x31 0x000000fd mem 0x80011e46
core   0: 0x800002e0 (0x00008cf5) c.and   s1, a3
core   0: 3 0x800002e0 (0x8cf5) x 9 0x00000000
core   0: 0x800002e2 (0x00008e19) c.sub   a2, a4
core   0: 3 0x800002e2 (0x8e19) x12 0x7ffeeea3
core   0: 0x800002e4 (0x0211bcb3) mulhu   s9, gp, ra
core   0: 3 0x800002e4 (0x0211bcb3) x25 0x00000000
core   0: 0x800002e8 (0xffbb8903) lb      s2, -5(s7)
core   0: 3 0x800002e8 (0xffbb8903) x18 0xfffffffd mem 0x80011e46
core   0: 0x800002ec (0x00012117) auipc   sp, 0x12
core   0: 3 0x800002ec (0x00012117) x 2 0x800122ec
core   0: 0x800002f0 (0xbcc10113) addi    sp, sp, -1076
core   0: 3 0x800002f0 (0xbcc10113) x 2 0x80011eb8
core   0: 0x800002f4 (0xa4914383) lbu     t2, -1463(sp)
core   0: 3 0x800002f4 (0xa4914383) x 7 0x000000ba mem 0x80011901
core   0: 0x800002f8 (0xa47104a3) sb      t2, -1463(sp)
core   0: 3 0x800002f8 (0xa47104a3) mem 0x80011901 0xba
core   0: 0x800002fc (0xa4910603) lb      a2, -1463(sp)
core   0: 3 0x800002fc (0xa4910603) x12 0xffffffba mem 0x80011901
core   0: 0x80000300 (0xa50104a3) sb      a6, -1463(sp)
core   0: 3 0x80000300 (0xa50104a3) mem 0x80011901 0x0
core   0: 0x80000304 (0xa52104a3) sb      s2, -1463(sp)
core   0: 3 0x80000304 (0xa52104a3) mem 0x80011901 0xfd
core   0: 0x80000308 (0xa4910183) lb      gp, -1463(sp)
core   0: 3 0x80000308 (0xa4910183) x 3 0xfffffffd mem 0x80011901
core   0: 0x8000030c (0x0ff0000f) fence   iorw,iorw
core   0: 3 0x8000030c (0x0ff0000f)
core   0: 0x80000310 (0xa4914c83) lbu     s9, -1463(sp)
core   0: 3 0x80000310 (0xa4914c83) x25 0x000000fd mem 0x80011901
core   0: 0x80000314 (0xc0e14403) lbu     s0, -1010(sp)
core   0: 3 0x80000314 (0xc0e14403) x 8 0x0000007d mem 0x80011ac6
core   0: 0x80000318 (0xc0e11203) lh      tp, -1010(sp)
core   0: 3 0x80000318 (0xc0e11203) x 4 0x00007c7d mem 0x80011ac6
core   0: 0x8000031c (0xc0e15283) lhu     t0, -1010(sp)
core   0: 3 0x8000031c (0xc0e15283) x 5 0x00007c7d mem 0x80011ac6
core   0: 0x80000320 (0x0c110583) lb      a1, 193(sp)
core   0: 3 0x80000320 (0x0c110583) x11 0x00000032 mem 0x80011f79
core   0: 0x80000324 (0x0d3100a3) sb      s3, 193(sp)
core   0: 3 0x80000324 (0x0d3100a3) mem 0x80011f79 0x15
core   0: 0x80000328 (0x0c114f83) lbu     t6, 193(sp)
core   0: 3 0x80000328 (0x0c114f83) x31 0x00000015 mem 0x80011f79
core   0: 0x8000032c (0x0c114d83) lbu     s11, 193(sp)
core   0: 3 0x8000032c (0x0c114d83) x27 0x00000015 mem 0x80011f79
core   0: 0x80000330 (0x02b28533) mul     a0, t0, a1
core   0: 3 0x80000330 (0x02b28533) x10 0x0018506a
core   0: 0x80000334 (0x0c114d83) lbu     s11, 193(sp)
core   0: 3 0x80000334 (0x0c114d83) x27 0x00000015 mem 0x80011f79
core   0: 0x80000338 (0x0000100f) fence.i
core   0: 3 0x80000338 (0x0000100f)
core   0: 0x8000033c (0x0c1100a3) sb      ra, 193(sp)
core   0: 3 0x8000033c (0x0c1100a3) mem 0x80011f79 0x1
core   0: 0x80000340 (0x0db100a3) sb      s11, 193(sp)
core   0: 3 0x80000340 (0x0db100a3) mem 0x80011f79 0x15
core   0: 0x80000344 (0x00c41db3) sll     s11, s0, a2
core   0: 3 0x80000344 (0x00c41db3) x27 0xf4000000
core   0: 0x80000348 (0x0c114f03) lbu     t5, 193(sp)
core   0: 3 0x80000348 (0x0c114f03) x30 0x00000015 mem 0x80011f79
core   0: 0x8000034c (0x0db100a3) sb      s11, 193(sp)
core   0: 3 0x8000034c (0x0db100a3) mem 0x80011f79 0x0
core   0: 0x80000350 (0x0c114b83) lbu     s7, 193(sp)
core   0: 3 0x80000350 (0x0c114b83) x23 0x00000000 mem 0x80011f79
core   0: 0x80000354 (0x00011997) auipc   s3, 0x11
core   0: 3 0x80000354 (0x00011997) x19 0x80011354
core   0: 0x80000358 (0x0f198993) addi    s3, s3, 241
core   0: 3 0x80000358 (0x0f198993) x19 0x80011445
core   0: 0x8000035c (0x00008d41) c.or    a0, s0
core   0: 3 0x8000035c (0x8d41) x10 0x0018507f
core   0: 0x8000035e (0x00024733) xor     a4, tp, zero
core   0: 3 0x8000035e (0x00024733) x14 0x00007c7d
core   0: 0x80000362 (0x00008c69) c.and   s0, a0
core   0: 3 0x80000362 (0x8c69) x 8 0x0000007d
core   0: 0x80000364 (0x02498e23) sb      tp, 60(s3)
core   0: 3 0x80000364 (0x02498e23) mem 0x80011481 0x7d
core   0: 0x80000368 (0x03c9c403) lbu     s0, 60(s3)
core   0: 3 0x80000368 (0x03c9c403) x 8 0x0000007d mem 0x80011481
core   0: 0x8000036c (0xfe39af03) lw      t5, -29(s3)
core   0: 3 0x8000036c (0xfe39af03) x30 0xe0e1e2e3 mem 0x80011428
core   0: 0x80000370 (0x02803233) mulhu   tp, zero, s0
core   0: 3 0x80000370 (0x02803233) x 4 0x00000000
core   0: 0x80000374 (0xfd098503) lb      a0, -48(s3)
core   0: 3 0x80000374 (0xfd098503) x10 0xffffffce mem 0x80011415
core   0: 0x80000378 (0x000f4233) xor     tp, t5, zero
core   0: 3 0x80000378 (0x000f4233) x 4 0xe0e1e2e3
core   0: 0x8000037c (0x0029cf03) lbu     t5, 2(s3)
core   0: 3 0x8000037c (0x0029cf03) x30 0x0000002a mem 0x80011447
core   0: 0x80000380 (0x00009222) c.add   tp, s0
core   0: 3 0x80000380 (0x9222) x 4 0xe0e1e360
core   0: 0x80000382 (0x01ef5033) srl     zero, t5, t5
core   0: 3 0x80000382 (0x01ef5033)
core   0: 0x80000386 (0x02047533) remu    a0, s0, zero
core   0: 3 0x80000386 (0x02047533) x10 0x0000007d
core   0: 0x8000038a (0xfed9c203) lbu     tp, -19(s3)
core   0: 3 0x8000038a (0xfed9c203) x 4 0x000000e9 mem 0x80011432
core   0: 0x8000038e (0x00a9cf03) lbu     t5, 10(s3)
core   0: 3 0x8000038e (0x00a9cf03) x30 0x00000004 mem 0x8001144f
core   0: 0x80000392 (0x00008751) c.srai  a4, 20
core   0: 3 0x80000392 (0x8751) x14 0x00000000
core   0: 0x80000394 (0xfea9a7a3) sw      a0, -17(s3)
core   0: 3 0x80000394 (0xfea9a7a3) mem 0x80011434 0x0000007d
core   0: 0x80000398 (0x00872533) slt     a0, a4, s0
core   0: 3 0x80000398 (0x00872533) x10 0x00000001
core   0: 0x8000039c (0x02c98203) lb      tp, 44(s3)
core   0: 3 0x8000039c (0x02c98203) x 4 0x0000002a mem 0x80011471
core   0: 0x800003a0 (0x02007433) remu    s0, zero, zero
core   0: 3 0x800003a0 (0x02007433) x 8 0x00000000
core   0: 0x800003a4 (0x0000100f) fence.i
core   0: 3 0x800003a4 (0x0000100f)
core   0: 0x800003a8 (0x02807233) remu    tp, zero, s0
core   0: 3 0x800003a8 (0x02807233) x 4 0x00000000
core   0: 0x800003ac (0x01ef1033) sll     zero, t5, t5
core   0: 3 0x800003ac (0x01ef1033)
core   0: 0x800003b0 (0x57870513) addi    a0, a4, 1400
core   0: 3 0x800003b0 (0x57870513) x10 0x00000578
core   0: 0x800003b4 (0xfc498723) sb      tp, -50(s3)
core   0: 3 0x800003b4 (0xfc498723) mem 0x80011413 0x0
core   0: 0x800003b8 (0x00018117) auipc   sp, 0x18
core   0: 3 0x800003b8 (0x00018117) x 2 0x800183b8
core   0: 0x800003bc (0x1a310113) addi    sp, sp, 419
core   0: 3 0x800003bc (0x1a310113) x 2 0x8001855b
core   0: 0x800003c0 (0x0000832d) c.srli  a4, 11
core   0: 3 0x800003c0 (0x832d) x14 0x00000000
core   0: 0x800003c2 (0x007819b3) sll     s3, a6, t2
core   0: 3 0x800003c2 (0x007819b3) x19 0x00000000
core   0: 0x800003c6 (0x69310723) sb      s3, 1678(sp)
core   0: 3 0x800003c6 (0x69310723) mem 0x80018be9 0x0
core   0: 0x800003ca (0x00008d5e) c.mv    s10, s7
core   0: 3 0x800003ca (0x8d5e) x26 0x00000000
core   0: 0x800003cc (0x64111483) lh      s1, 1601(sp)
core   0: 3 0x800003cc (0x64111483) x 9 0x00005657 mem 0x80018b9c
core   0: 0x800003d0 (0x49314203) lbu     tp, 1171(sp)
core   0: 3 0x800003d0 (0x49314203) x 4 0x000000a5 mem 0x800189ee
core   0: 0x800003d4 (0x7de10e83) lb      t4, 2014(sp)
core   0: 3 0x800003d4 (0x7de10e83) x29 0xfffffff2 mem 0x80018d39
core   0: 0x800003d8 (0x13311703) lh      a4, 307(sp)
core   0: 3 0x800003d8 (0x13311703) x14 0x00004445 mem 0x8001868e
core   0: 0x800003dc (0x0259a0b3) mulhsu  ra, s3, t0
core   0: 3 0x800003dc (0x0259a0b3) x 1 0x00000000
core   0: 0x800003e0 (0x8be115a3) sh      t5, -1877(sp)
core   0: 3 0x800003e0 (0x8be115a3) mem 0x80017e06 0x0004
core   0: 0x800003e4 (0x04cdc813) xori    a6, s11, 76
core   0: 3 0x800003e4 (0x04cdc813) x16 0xf400004c
core   0: 0x800003e8 (0x0000177d) c.addi  a4, -1
core   0: 3 0x800003e8 (0x177d) x14 0x00004444
core   0: 0x800003ea (0xa2e10403) lb      s0, -1490(sp)
core   0: 3 0x800003ea (0xa2e10403) x 8 0x00000042 mem 0x80017f89
core   0: 0x800003ee (0xa5511983) lh      s3, -1451(sp)
core   0: 3 0x800003ee (0xa5511983) x19 0x00006a6b mem 0x80017fb0
core   0: 0x800003f2 (0xb8810f03) lb      t5, -1144(sp)
core   0: 3 0x800003f2 (0xb8810f03) x30 0xffffff98 mem 0x800180e3
core   0: 0x800003f6 (0x25e10e03) lb      t3, 606(sp)
core   0: 3 0x800003f6 (0x25e10e03) x28 0x00000072 mem 0x800187b9
core   0: 0x800003fa (0x00009992) c.add   s3, tp
core   0: 3 0x800003fa (0x9992) x19 0x00006b10
core   0: 0x800003fc (0x31710023) sb      s7, 768(sp)
core   0: 3 0x800003fc (0x31710023) mem 0x8001885b 0x0
core   0: 0x80000400 (0x5a114183) lbu     gp, 1441(sp)
core   0: 3 0x80000400 (0x5a114183) x 3 0x000000b7 mem 0x80018afc
core   0: 0x80000404 (0x00004605) c.li    a2, 1
core   0: 3 0x80000404 (0x4605) x12 0x00000001
core   0: 0x80000406 (0x9f310e93) addi    t4, sp, -1549
core   0: 3 0x80000406 (0x9f310e93) x29 0x80017f4e
core   0: 0x8000040a (0xef610e83) lb      t4, -266(sp)
core   0: 3 0x8000040a (0xef610e83) x29 0x0000000a mem 0x80018451
core   0: 0x8000040e (0x7b6e7513) andi    a0, t3, 1974
core   0: 3 0x8000040e (0x7b6e7513) x10 0x00000032
core   0: 0x80000412 (0xead12483) lw      s1, -339(sp)
core   0: 3 0x80000412 (0xead12483) x 9 0xc0c1c2c3 mem 0x80018408
core   0: 0x80000416 (0x006000ef) jal     pc + 0x6
core   0: 3 0x80000416 (0x006000ef) x 1 0x8000041a
core   0: 0x8000041c (0x0000a029) c.j     pc + 10
core   0: 3 0x8000041c (0xa029)
core   0: 0x80000426 (0x006000ef) jal     pc + 0x6
core   0: 3 0x80000426 (0x006000ef) x 1 0x8000042a
core   0: 0x8000042c (0x00003fcd) c.jal   pc - 14
core   0: 3 0x8000042c (0x3fcd) x 1 0x8000042e
core   0: 0x8000041e (0xffdff0ef) jal     pc - 0x4
core   0: 3 0x8000041e (0xffdff0ef) x 1 0x80000422
core   0: 0x8000041a (0x00002015) c.jal   pc + 36
core   0: 3 0x8000041a (0x2015) x 1 0x8000041c
core   0: 0x8000043e (0x0000bfcd) c.j     pc - 14
core   0: 3 0x8000043e (0xbfcd)
core   0: 0x80000430 (0x0000bfd5) c.j     pc - 12
core   0: 3 0x80000430 (0xbfd5)
core   0: 0x80000424 (0x00003ffd) c.jal   pc - 2
core   0: 3 0x80000424 (0x3ffd) x 1 0x80000426
core   0: 0x80000422 (0x00002811) c.jal   pc + 20
core   0: 3 0x80000422 (0x2811) x 1 0x80000424
core   0: 0x80000436 (0x00003fd5) c.jal   pc - 12
core   0: 3 0x80000436 (0x3fd5) x 1 0x80000438
core   0: 0x8000042a (0x0000a039) c.j     pc + 14
core   0: 3 0x8000042a (0xa039)
core   0: 0x80000438 (0x00003fed) c.jal   pc - 6
core   0: 3 0x80000438 (0x3fed) x 1 0x8000043a
core   0: 0x80000432 (0xffdff36f) jal     t1, pc - 0x4
core   0: 3 0x80000432 (0xffdff36f) x 6 0x80000436
core   0: 0x8000042e (0x00002039) c.jal   pc + 14
core   0: 3 0x8000042e (0x2039) x 1 0x80000430
core   0: 0x8000043c (0x0000bffd) c.j     pc - 2
core   0: 3 0x8000043c (0xbffd)
core   0: 0x8000043a (0x00002019) c.jal   pc + 6
core   0: 3 0x8000043a (0x2019) x 1 0x8000043c
core   0: 0x80000440 (0x00008d55) c.or    a0, a3
core   0: 3 0x80000440 (0x8d55) x10 0xfc094c3a
core   0: 0x80000442 (0x00011d17) auipc   s10, 0x11
core   0: 3 0x80000442 (0x00011d17) x26 0x80011442
core   0: 0x80000446 (0x024d0d13) addi    s10, s10, 36
core   0: 3 0x80000446 (0x024d0d13) x26 0x80011466
core   0: 0x8000044a (0x0001c097) auipc   ra, 0x1c
core   0: 3 0x8000044a (0x0001c097) x 1 0x8001c44a
core   0: 0x8000044e (0x57308093) addi    ra, ra, 1395
core   0: 3 0x8000044e (0x57308093) x 1 0x8001c9bd
core   0: 0x80000452 (0xffa088a3) sb      s10, -15(ra)
core   0: 3 0x80000452 (0xffa088a3) mem 0x8001c9ae 0x66
core   0: 0x80000456 (0xf2dd4483) lbu     s1, -211(s10)
core   0: 3 0x80000456 (0xf2dd4483) x 9 0x00000048 mem 0x80011393
core   0: 0x8000045a (0x0030a283) lw      t0, 3(ra)
core   0: 3 0x8000045a (0x0030a283) x 5 0x78797a7b mem 0x8001c9c0
core   0: 0x8000045e (0xf5ad0a03) lb      s4, -166(s10)
core   0: 3 0x8000045e (0xf5ad0a03) x20 0x0000007b mem 0x800113c0
core   0: 0x80000462 (0xff908923) sb      s9, -14(ra)
core   0: 3 0x80000462 (0xff908923) mem 0x8001c9af 0xfd
core   0: 0x80000466 (0x036d1c23) sh      s6, 56(s10)
core   0: 3 0x80000466 (0x036d1c23) mem 0x8001149e 0xfff8
core   0: 0x8000046a (0xf51d0023) sb      a7, -192(s10)
core   0: 3 0x8000046a (0xf51d0023) mem 0x800113a6 0x64
core   0: 0x8000046e (0xffed5b83) lhu     s7, -2(s10)
core   0: 3 0x8000046e (0xffed5b83) x23 0x00001e1f mem 0x80011464
core   0: 0x80000472 (0x00c08b03) lb      s6, 12(ra)
core   0: 3 0x80000472 (0x00c08b03) x22 0xffffff82 mem 0x8001c9c9
core   0: 0x80000476 (0x0000ce03) lbu     t3, 0(ra)
core   0: 3 0x80000476 (0x0000ce03) x28 0x00000076 mem 0x8001c9bd
core   0: 0x8000047a (0x0edd4b03) lbu     s6, 237(s10)
core   0: 3 0x8000047a (0x0edd4b03) x22 0x00000008 mem 0x80011553
core   0: 0x8000047e (0x00b0a283) lw      t0, 11(ra)
core   0: 3 0x8000047e (0x00b0a283) x 5 0x80818283 mem 0x8001c9c8
core   0: 0x80000482 (0x00011597) auipc   a1, 0x11
core   0: 3 0x80000482 (0x00011597) x11 0x80011482
core   0: 0x80000486 (0xd4358593) addi    a1, a1, -701
core   0: 3 0x80000486 (0xd4358593) x11 0x800111c5
core   0: 0x8000048a (0x018b6733) or      a4, s6, s8
core   0: 3 0x8000048a (0x018b6733) x14 0x00000008
core   0: 0x8000048e (0xff758023) sb      s7, -32(a1)
core   0: 3 0x8000048e (0xff758023) mem 0x800111a5 0x1f
core   0: 0x80000492 (0x0000045a) c.slli  s0, 22
core   0: 3 0x80000492 (0x045a) x 8 0x10800000
core   0: 0x80000494 (0x00601f13) slli    t5, zero, 6
core   0: 3 0x80000494 (0x00601f13) x30 0x00000000
core   0: 0x80000498 (0x01158403) lb      s0, 17(a1)
core   0: 3 0x80000498 (0x01158403) x 8 0xffffff8d mem 0x800111d6
core   0: 0x8000049c (0x00b58923) sb      a1, 18(a1)
core   0: 3 0x8000049c (0x00b58923) mem 0x800111d7 0xc5
core   0: 0x800004a0 (0x02158123) sb      ra, 34(a1)
core   0: 3 0x800004a0 (0x02158123) mem 0x800111e7 0xbd
core   0: 0x800004a4 (0xff959c03) lh      s8, -7(a1)
core   0: 3 0x800004a4 (0xff959c03) x24 0x00007475 mem 0x800111be
core   0: 0x800004a8 (0x98bd4713) xori    a4, s10, -1653
core   0: 3 0x800004a8 (0x98bd4713) x14 0x7ffeeded
core   0: 0x800004ac (0x00008e1d) c.sub   a2, a5
core   0: 3 0x800004ac (0x8e1d) x12 0x00000001
core   0: 0x800004ae (0x40b20cb3) sub     s9, tp, a1
core   0: 3 0x800004ae (0x40b20cb3) x25 0x7ffeeee0
core   0: 0x800004b2 (0x00008fed) c.and   a5, a1
core   0: 3 0x800004b2 (0x8fed) x15 0x00000000
core   0: 0x800004b4 (0x0125c383) lbu     t2, 18(a1)
core   0: 3 0x800004b4 (0x0125c383) x 7 0x000000c5 mem 0x800111d7
core   0: 0x800004b8 (0x00ed9013) slli    zero, s11, 14
core   0: 3 0x800004b8 (0x00ed9013)
core   0: 0x800004bc (0x00008fe5) c.and   a5, s1
core   0: 3 0x800004bc (0x8fe5) x15 0x00000000
core   0: 0x800004be (0xfc25cf83) lbu     t6, -62(a1)
core   0: 3 0x800004be (0xfc25cf83) x31 0x0000003c mem 0x80011187
core   0: 0x800004c2 (0x01a5c283) lbu     t0, 26(a1)
core   0: 3 0x800004c2 (0x01a5c283) x 5 0x00000094 mem 0x800111df
core   0: 0x800004c6 (0x00e5c003) lbu     zero, 14(a1)
core   0: 3 0x800004c6 (0x00e5c003) mem 0x800111d3
core   0: 0x800004ca (0x00004419) c.li    s0, 6
core   0: 3 0x800004ca (0x4419) x 8 0x00000006
core   0: 0x800004cc (0x02b5a403) lw      s0, 43(a1)
core   0: 3 0x800004cc (0x02b5a403) x 8 0xa8a9e9ab mem 0x800111f0
core   0: 0x800004d0 (0x02958703) lb      a4, 41(a1)
core   0: 3 0x800004d0 (0x02958703) x14 0xffffffa5 mem 0x800111ee
core   0: 0x800004d4 (0xfc858003) lb      zero, -56(a1)
core   0: 3 0x800004d4 (0xfc858003) mem 0x8001118d
core   0: 0x800004d8 (0x005c42b3) xor     t0, s8, t0
core   0: 3 0x800004d8 (0x005c42b3) x 5 0x000074e1
core   0: 0x800004dc (0x00259fa3) sh      sp, 31(a1)
core   0: 3 0x800004dc (0x00259fa3) mem 0x800111e4 0x855b
core   0: 0x800004e0 (0x00836233) or      tp, t1, s0
core   0: 3 0x800004e0 (0x00836233) x 4 0xa8a9edbf
core   0: 0x800004e4 (0xfdd58383) lb      t2, -35(a1)
core   0: 3 0x800004e4 (0xfdd58383) x 7 0x00000059 mem 0x800111a2
core   0: 0x800004e8 (0x8f2b9c97) auipc   s9, 0x8f2b9
core   0: 3 0x800004e8 (0x8f2b9c97) x25 0x0f2b94e8
core   0: 0x800004ec (0x0273e7b3) rem     a5, t2, t2
core   0: 3 0x800004ec (0x0273e7b3) x15 0x00000000
core   0: 0x800004f0 (0x01580bb3) add     s7, a6, s5
core   0: 3 0x800004f0 (0x01580bb3) x23 0x7402ad30
core   0: 0x800004f4 (0x01b5d983) lhu     s3, 27(a1)
core   0: 3 0x800004f4 (0x01b5d983) x19 0x00009a9b mem 0x800111e0
core   0: 0x800004f8 (0x000000e9) c.addi  ra, 26
core   0: 3 0x800004f8 (0x00e9) x 1 0x8001c9d7
core   0: 0x800004fa (0x35d5bb93) sltiu   s7, a1, 861
core   0: 3 0x800004fa (0x35d5bb93) x23 0x00000000
core   0: 0x800004fe (0xfed596a3) sh      a3, -19(a1)
core   0: 3 0x800004fe (0xfed596a3) mem 0x800111b2 0x4c38
core   0: 0x80000502 (0x00958403) lb      s0, 9(a1)
core   0: 3 0x80000502 (0x00958403) x 8 0xffffff85 mem 0x800111ce
core   0: 0x80000506 (0x00e56eb3) or      t4, a0, a4
core   0: 3 0x80000506 (0x00e56eb3) x29 0xffffffbf
core   0: 0x8000050a (0x00008136) c.mv    sp, a3
core   0: 3 0x8000050a (0x8136) x 2 0xfc094c38
core   0: 0x8000050c (0x01d58803) lb      a6, 29(a1)
core   0: 3 0x8000050c (0x01d58803) x16 0xffffff99 mem 0x800111e2
core   0: 0x80000510 (0x03358d03) lb      s10, 51(a1)
core   0: 3 0x80000510 (0x03358d03) x26 0xffffffb3 mem 0x800111f8
core   0: 0x80000514 (0x02ed8733) mul     a4, s11, a4
core   0: 3 0x80000514 (0x02ed8733) x14 0x44000000
core   0: 0x80000518 (0x0405ce03) lbu     t3, 64(a1)
core   0: 3 0x80000518 (0x0405ce03) x28 0x000000be mem 0x80011205
core   0: 0x8000051c (0xfd758d03) lb      s10, -41(a1)
core   0: 3 0x8000051c (0xfd758d03) x26 0x00000057 mem 0x8001119c
core   0: 0x80000520 (0x00008451) c.srai  s0, 20
core   0: 3 0x80000520 (0x8451) x 8 0xffffffff
core   0: 0x80000522 (0x06fb0f37) lui     t5, 0x6fb0
core   0: 3 0x80000522 (0x06fb0f37) x30 0x06fb0000
core   0: 0x80000526 (0x00006165) c.addi16sp sp, 112
core   0: 3 0x80000526 (0x6165) x 2 0xfc094ca8
core   0: 0x80000528 (0x01e6a4b3) slt     s1, a3, t5
core   0: 3 0x80000528 (0x01e6a4b3) x 9 0x00000001
core   0: 0x8000052c (0x02858b23) sb      s0, 54(a1)
core   0: 3 0x8000052c (0x02858b23) mem 0x800111fb 0xff
core   0: 0x80000530 (0x00009416) c.add   s0, t0
core   0: 3 0x80000530 (0x9416) x 8 0x000074e0
core   0: 0x80000532 (0x02d054b3) divu    s1, zero, a3
core   0: 3 0x80000532 (0x02d054b3) x 9 0x00000000
core   0: 0x80000536 (0x00008cb5) c.xor   s1, a3
core   0: 3 0x80000536 (0x8cb5) x 9 0xfc094c38
core   0: 0x80000538 (0x85b00913) li      s2, -1957
core   0: 3 0x80000538 (0x85b00913) x18 0xfffff85b
core   0: 0x8000053c (0xffa5c283) lbu     t0, -6(a1)
core   0: 3 0x8000053c (0xffa5c283) x 5 0x00000074 mem 0x800111bf
core   0: 0x80000540 (0xfcc58b83) lb      s7, -52(a1)
core   0: 3 0x80000540 (0xfcc58b83) x23 0x0000004a mem 0x80011191
core   0: 0x80000544 (0xfed58523) sb      a3, -22(a1)
core   0: 3 0x80000544 (0xfed58523) mem 0x800111af 0x38
core   0: 0x80000548 (0x00011a17) auipc   s4, 0x11
core   0: 3 0x80000548 (0x00011a17) x20 0x80011548
core   0: 0x8000054c (0xf0ea0a13) addi    s4, s4, -242
core   0: 3 0x8000054c (0xf0ea0a13) x20 0x80011456
core   0: 0x80000550 (0x007407b3) add     a5, s0, t2
core   0: 3 0x80000550 (0x007407b3) x15 0x00007539
core   0: 0x80000554 (0x34ea4103) lbu     sp, 846(s4)
core   0: 3 0x80000554 (0x34ea4103) x 2 0x0000005f mem 0x800117a4
core   0: 0x80000558 (0xfe9a0483) lb      s1, -23(s4)
core   0: 3 0x80000558 (0xfe9a0483) x 9 0xfffffff4 mem 0x8001143f
core   0: 0x8000055c (0xfe9a0f83) lb      t6, -23(s4)
core   0: 3 0x8000055c (0xfe9a0f83) x31 0xfffffff4 mem 0x8001143f
core   0: 0x80000560 (0x00394b33) xor     s6, s2, gp
core   0: 3 0x80000560 (0x00394b33) x22 0xfffff8ec
core   0: 0x80000564 (0xfe9a0003) lb      zero, -23(s4)
core   0: 3 0x80000564 (0xfe9a0003) mem 0x8001143f
core   0: 0x80000568 (0xff6a04a3) sb      s6, -23(s4)
core   0: 3 0x80000568 (0xff6a04a3) mem 0x8001143f 0xec
core   0: 0x8000056c (0xfeca04a3) sb      a2, -23(s4)
core   0: 3 0x8000056c (0xfeca04a3) mem 0x8001143f 0x1
core   0: 0x80000570 (0xfe9a0b03) lb      s6, -23(s4)
core   0: 3 0x80000570 (0xfe9a0b03) x22 0x00000001 mem 0x8001143f
core   0: 0x80000574 (0xd3ca4b83) lbu     s7, -708(s4)
core   0: 3 0x80000574 (0xd3ca4b83) x23 0x00000049 mem 0x80011192
core   0: 0x80000578 (0x00000001) c.nop
core   0: 3 0x80000578 (0x0001)
core   0: 0x8000057a (0x0ff0000f) fence   iorw,iorw
core   0: 3 0x8000057a (0x0ff0000f)
core   0: 0x8000057e (0x01db37b3) sltu    a5, s6, t4
core   0: 3 0x8000057e (0x01db37b3) x15 0x00000001
core   0: 0x80000582 (0x0094b133) sltu    sp, s1, s1
core   0: 3 0x80000582 (0x0094b133) x 2 0x00000000
core   0: 0x80000586 (0xd23a1e23) sh      gp, -708(s4)
core   0: 3 0x80000586 (0xd23a1e23) mem 0x80011192 0x00b7
core   0: 0x8000058a (0xd27a1e23) sh      t2, -708(s4)
core   0: 3 0x8000058a (0xd27a1e23) mem 0x80011192 0x0059
core   0: 0x8000058e (0x12fa01a3) sb      a5, 291(s4)
core   0: 3 0x8000058e (0x12fa01a3) mem 0x80011579 0x1
core   0: 0x80000592 (0x00011417) auipc   s0, 0x11
core   0: 3 0x80000592 (0x00011417) x 8 0x80011592
core   0: 0x80000596 (0xebd40413) addi    s0, s0, -323
core   0: 3 0x80000596 (0xebd40413) x 8 0x8001144f
core   0: 0x8000059a (0xfe040e23) sb      zero, -4(s0)
core   0: 3 0x8000059a (0xfe040e23) mem 0x8001144b 0x0
core   0: 0x8000059e (0x00015197) auipc   gp, 0x15
core   0: 3 0x8000059e (0x00015197) x 3 0x8001559e
core   0: 0x800005a2 (0xedd18193) addi    gp, gp, -291
core   0: 3 0x800005a2 (0xedd18193) x 3 0x8001547b
core   0: 0x800005a6 (0xffd40fa3) sb      t4, -1(s0)
core   0: 3 0x800005a6 (0xffd40fa3) mem 0x8001144e 0xbf
core   0: 0x800005aa (0xfe71cc03) lbu     s8, -25(gp)
core   0: 3 0x800005aa (0xfe71cc03) x24 0x00000019 mem 0x80015462
core   0: 0x800005ae (0xffa1c803) lbu     a6, -6(gp)
core   0: 3 0x800005ae (0xffa1c803) x16 0x0000002e mem 0x80015475
core   0: 0x800005b2 (0x0241c603) lbu     a2, 36(gp)
core   0: 3 0x800005b2 (0x0241c603) x12 0x00000054 mem 0x8001549f
core   0: 0x800005b6 (0x00040b83) lb      s7, 0(s0)
core   0: 3 0x800005b6 (0x00040b83) x23 0x00000004 mem 0x8001144f
core   0: 0x800005ba (0x00119e83) lh      t4, 1(gp)
core   0: 3 0x800005ba (0x00119e83) x29 0x00003637 mem 0x8001547c
core   0: 0x800005be (0xff3408a3) sb      s3, -15(s0)
core   0: 3 0x800005be (0xff3408a3) mem 0x80011440 0x9b
core   0: 0x800005c2 (0xfd21c583) lbu     a1, -46(gp)
core   0: 3 0x800005c2 (0xfd21c583) x11 0x00000006 mem 0x8001544d
core   0: 0x800005c6 (0xff240b03) lb      s6, -14(s0)
core   0: 3 0x800005c6 (0xff240b03) x22 0xfffffffa mem 0x80011441
core   0: 0x800005ca (0xfe140c23) sb      ra, -8(s0)
core   0: 3 0x800005ca (0xfe140c23) mem 0x80011447 0xd7
core   0: 0x800005ce (0xfe01c383) lbu     t2, -32(gp)
core   0: 3 0x800005ce (0xfe01c383) x 7 0x00000010 mem 0x8001545b
core   0: 0x800005d2 (0x00944c83) lbu     s9, 9(s0)
core   0: 3 0x800005d2 (0x00944c83) x25 0x00000013 mem 0x80011458
core   0: 0x800005d6 (0xffb1d703) lhu     a4, -5(gp)
core   0: 3 0x800005d6 (0xffb1d703) x14 0x00002c2d mem 0x80015476
core   0: 0x800005da (0x01e404a3) sb      t5, 9(s0)
core   0: 3 0x800005da (0x01e404a3) mem 0x80011458 0x0
core   0: 0x800005de (0xfe840823) sb      s0, -16(s0)
core   0: 3 0x800005de (0xfe840823) mem 0x8001143f 0x4f
core   0: 0x800005e2 (0x00f41b03) lh      s6, 15(s0)
core   0: 3 0x800005e2 (0x00f41b03) x22 0x00001415 mem 0x8001145e
core   0: 0x800005e6 (0xfdb1c603) lbu     a2, -37(gp)
core   0: 3 0x800005e6 (0xfdb1c603) x12 0x0000000d mem 0x80015456
core   0: 0x800005ea (0x00011117) auipc   sp, 0x11
core   0: 3 0x800005ea (0x00011117) x 2 0x800115ea
core   0: 0x800005ee (0xd3110113) addi    sp, sp, -719
core   0: 3 0x800005ee (0xd3110113) x 2 0x8001131b
core   0: 0x800005f2 (0x62515a03) lhu     s4, 1573(sp)
core   0: 3 0x800005f2 (0x62515a03) x20 0x0000fafb mem 0x80011940
core   0: 0x800005f6 (0x0094f433) and     s0, s1, s1
core   0: 3 0x800005f6 (0x0094f433) x 8 0xfffffff4
core   0: 0x800005fa (0x16d11a03) lh      s4, 365(sp)
core   0: 3 0x800005fa (0x16d11a03) x20 0x00004243 mem 0x80011488
core   0: 0x800005fe (0x0000987d) c.andi  s0, -1
core   0: 3 0x800005fe (0x987d) x 8 0xfffffff4
core   0: 0x80000600 (0xf23117a3) sh      gp, -209(sp)
core   0: 3 0x80000600 (0xf23117a3) mem 0x8001124a 0x547b
core   0: 0x80000604 (0x03e4aa33) mulhsu  s4, s1, t5
core   0: 3 0x80000604 (0x03e4aa33) x20 0xffffffff
core   0: 0x80000608 (0x068105a3) sb      s0, 107(sp)
core   0: 3 0x80000608 (0x068105a3) mem 0x80011386 0xf4
core   0: 0x8000060c (0x23410b23) sb      s4, 566(sp)
core   0: 3 0x8000060c (0x23410b23) mem 0x80011551 0xff
core   0: 0x80000610 (0x39512403) lw      s0, 917(sp)
core   0: 3 0x80000610 (0x39512403) x 8 0x68696a6b mem 0x800116b0
core   0: 0x80000614 (0x00000f71) c.addi  t5, 28
core   0: 3 0x80000614 (0x0f71) x30 0x06fb001c
core   0: 0x80000616 (0x003f13b3) sll     t2, t5, gp
core   0: 3 0x80000616 (0x003f13b3) x 7 0xe0000000
core   0: 0x8000061a (0x00000001) c.nop
core   0: 3 0x8000061a (0x0001)
core   0: 0x8000061c (0x36614f03) lbu     t5, 870(sp)
core   0: 3 0x8000061c (0x36614f03) x30 0x0000003a mem 0x80011681
core   0: 0x80000620 (0x00ff1a13) slli    s4, t5, 15
core   0: 3 0x80000620 (0x00ff1a13) x20 0x001d0000
core   0: 0x80000624 (0x5a314a03) lbu     s4, 1443(sp)
core   0: 3 0x80000624 (0x5a314a03) x20 0x00000075 mem 0x800118be
core   0: 0x80000628 (0x37e105a3) sb      t5, 875(sp)
core   0: 3 0x80000628 (0x37e105a3) mem 0x80011686 0x3a
core   0: 0x8000062c (0x186f6a13) ori     s4, t5, 390
core   0: 3 0x8000062c (0x186f6a13) x20 0x000001be
core   0: 0x80000630 (0x0000947a) c.add   s0, t5
core   0: 3 0x80000630 (0x947a) x 8 0x68696aa5
core   0: 0x80000632 (0x2cf15383) lhu     t2, 719(sp)
core   0: 3 0x80000632 (0x2cf15383) x 7 0x00000000 mem 0x800115ea
core   0: 0x80000636 (0x007f7f33) and     t5, t5, t2
core   0: 3 0x80000636 (0x007f7f33) x30 0x00000000
core   0: 0x8000063a (0x0f210383) lb      t2, 242(sp)
core   0: 3 0x8000063a (0x0f210383) x 7 0xffffffc6 mem 0x8001140d
core   0: 0x8000063e (0x00000001) c.nop
core   0: 3 0x8000063e (0x0001)
core   0: 0x80000640 (0x21914383) lbu     t2, 537(sp)
core   0: 3 0x80000640 (0x21914383) x 7 0x000000ef mem 0x80011534
core   0: 0x80000644 (0xe9512383) lw      t2, -363(sp)
core   0: 3 0x80000644 (0xe9512383) x 7 0x4c386a6b mem 0x800111b0
core   0: 0x80000648 (0x5e311a03) lh      s4, 1507(sp)
core   0: 3 0x80000648 (0x5e311a03) x20 0xffffb4b5 mem 0x800118fe
core   0: 0x8000064c (0x8df18a13) addi    s4, gp, -1825
core   0: 3 0x8000064c (0x8df18a13) x20 0x80014d5a
core   0: 0x80000650 (0xfc7114a3) sh      t2, -55(sp)
core   0: 3 0x80000650 (0xfc7114a3) mem 0x800112e4 0x6a6b
core   0: 0x80000654 (0x000054fd) c.li    s1, -1
core   0: 3 0x80000654 (0x54fd) x 9 0xffffffff
core   0: 0x80000656 (0x00747a33) and     s4, s0, t2
core   0: 3 0x80000656 (0x00747a33) x20 0x48286a21
core   0: 0x8000065a (0x00008c65) c.and   s0, s1
core   0: 3 0x8000065a (0x8c65) x 8 0x68696aa5
core   0: 0x8000065c (0x27a10483) lb      s1, 634(sp)
core   0: 3 0x8000065c (0x27a10483) x 9 0x0000004e mem 0x80011595
core   0: 0x80000660 (0x00011c17) auipc   s8, 0x11
core   0: 3 0x80000660 (0x00011c17) x24 0x80011660
core   0: 0x80000664 (0xd65c0c13) addi    s8, s8, -667
core   0: 3 0x80000664 (0xd65c0c13) x24 0x800113c5
core   0: 0x80000668 (0xfdbc4183) lbu     gp, -37(s8)
core   0: 3 0x80000668 (0xfdbc4183) x 3 0x0000005b mem 0x800113a0
core   0: 0x8000066c (0x027b0333) mul     t1, s6, t2
core   0: 3 0x8000066c (0x027b0333) x 6 0xa8f116c7
core   0: 0x80000670 (0x19022813) slti    a6, tp, 400
core   0: 3 0x80000670 (0x19022813) x16 0x00000001
core   0: 0x80000674 (0x02ec4e03) lbu     t3, 46(s8)
core   0: 3 0x80000674 (0x02ec4e03) x28 0x000000a8 mem 0x800113f3
core   0: 0x80000678 (0xfebc25a3) sw      a1, -21(s8)
core   0: 3 0x80000678 (0xfebc25a3) mem 0x800113b0 0x00000006
core   0: 0x8000067c (0xfe1c18a3) sh      ra, -15(s8)
core   0: 3 0x8000067c (0xfe1c18a3) mem 0x800113b6 0xc9d7
core   0: 0x80000680 (0x00000559) c.addi  a0, 22
core   0: 3 0x80000680 (0x0559) x10 0xfc094c50
core   0: 0x80000682 (0x01f89993) slli    s3, a7, 31
core   0: 3 0x80000682 (0x01f89993) x19 0x00000000
core   0: 0x80000686 (0x01c17533) and     a0, sp, t3
core   0: 3 0x80000686 (0x01c17533) x10 0x00000008
core   0: 0x8000068a (0x02cc0d83) lb      s11, 44(s8)
core   0: 3 0x8000068a (0x02cc0d83) x27 0xffffffaa mem 0x800113f1
core   0: 0x8000068e (0xfe5c5e83) lhu     t4, -27(s8)
core   0: 3 0x8000068e (0xfe5c5e83) x29 0x00006061 mem 0x800113aa
core   0: 0x80000692 (0xfecc0123) sb      a2, -30(s8)
core   0: 3 0x80000692 (0xfecc0123) mem 0x800113a7 0xd
core   0: 0x80000696 (0x017c1ba3) sh      s7, 23(s8)
core   0: 3 0x80000696 (0x017c1ba3) mem 0x800113dc 0x0004
core   0: 0x8000069a (0xfc5c4b03) lbu     s6, -59(s8)
core   0: 3 0x8000069a (0xfc5c4b03) x22 0x00000041 mem 0x8001138a
core   0: 0x8000069e (0x03bc1203) lh      tp, 59(s8)
core   0: 3 0x8000069e (0x03bc1203) x 4 0xffffbabb mem 0x80011400
core   0: 0x800006a2 (0x02aef0b3) remu    ra, t4, a0
core   0: 3 0x800006a2 (0x02aef0b3) x 1 0x00000001
core   0: 0x800006a6 (0x039ccd33) div     s10, s9, s9
core   0: 3 0x800006a6 (0x039ccd33) x26 0x00000001
core   0: 0x800006aa (0x03dc16a3) sh      t4, 45(s8)
core   0: 3 0x800006aa (0x03dc16a3) mem 0x800113f2 0x6061
core   0: 0x800006ae (0xfefc1c83) lh      s9, -17(s8)
core   0: 3 0x800006ae (0xfefc1c83) x25 0x00006e6f mem 0x800113b4
core   0: 0x800006b2 (0x00008d6d) c.and   a0, a1
core   0: 3 0x800006b2 (0x8d6d) x10 0x00000000
core   0: 0x800006b4 (0x02af55b3) divu    a1, t5, a0
core   0: 3 0x800006b4 (0x02af55b3) x11 0xffffffff
core   0: 0x800006b8 (0xfc7c2283) lw      t0, -57(s8)
core   0: 3 0x800006b8 (0xfc7c2283) x 5 0x44454647 mem 0x8001138c
core   0: 0x800006bc (0x036c0303) lb      t1, 54(s8)
core   0: 3 0x800006bc (0x036c0303) x 6 0xffffffb0 mem 0x800113fb
core   0: 0x800006c0 (0x02bc15a3) sh      a1, 43(s8)
core   0: 3 0x800006c0 (0x02bc15a3) mem 0x800113f0 0xffff
core   0: 0x800006c4 (0x852a3413) sltiu   s0, s4, -1966
core   0: 3 0x800006c4 (0x852a3413) x 8 0x00000001
core   0: 0x800006c8 (0xff8c0083) lb      ra, -8(s8)
core   0: 3 0x800006c8 (0xff8c0083) x 1 0x00000076 mem 0x800113bd
core   0: 0x800006cc (0x035c53b3) divu    t2, s8, s5
core   0: 3 0x800006cc (0x035c53b3) x 7 0x00000000
core   0: 0x800006d0 (0x000d4d33) xor     s10, s10, zero
core   0: 3 0x800006d0 (0x000d4d33) x26 0x00000001
core   0: 0x800006d4 (0x02137bb3) remu    s7, t1, ra
core   0: 3 0x800006d4 (0x02137bb3) x23 0x0000001e
core   0: 0x800006d8 (0x000015fd) c.addi  a1, -1
core   0: 3 0x800006d8 (0x15fd) x11 0xfffffffe
core   0: 0x800006da (0xfcec4083) lbu     ra, -50(s8)
core   0: 3 0x800006da (0xfcec4083) x 1 0x00000048 mem 0x80011393
core   0: 0x800006de (0x414ed193) srai    gp, t4, 20
core   0: 3 0x800006de (0x414ed193) x 3 0x00000000
core   0: 0x800006e2 (0x004c0d03) lb      s10, 4(s8)
core   0: 3 0x800006e2 (0x004c0d03) x26 0xffffff82 mem 0x800113c9
core   0: 0x800006e6 (0x0000717d) c.addi16sp sp, -16
core   0: 3 0x800006e6 (0x717d) x 2 0x8001130b
core   0: 0x800006e8 (0x02a562b3) rem     t0, a0, a0
core   0: 3 0x800006e8 (0x02a562b3) x 5 0x00000000
core   0: 0x800006ec (0x03cc4183) lbu     gp, 60(s8)
core   0: 3 0x800006ec (0x03cc4183) x 3 0x000000ba mem 0x80011401
core   0: 0x800006f0 (0x0000835e) c.mv    t1, s7
core   0: 3 0x800006f0 (0x835e) x 6 0x0000001e
core   0: 0x800006f2 (0xff0c4483) lbu     s1, -16(s8)
core   0: 3 0x800006f2 (0xff0c4483) x 9 0x0000006e mem 0x800113b5
core   0: 0x800006f6 (0x0055feb3) and     t4, a1, t0
core   0: 3 0x800006f6 (0x0055feb3) x29 0x00000000
core   0: 0x800006fa (0x029b4bb3) div     s7, s6, s1
core   0: 3 0x800006fa (0x029b4bb3) x23 0x00000000
core   0: 0x800006fe (0x023ac833) div     a6, s5, gp
core   0: 3 0x800006fe (0x023ac833) x16 0xff4fd7a4
core   0: 0x80000702 (0x71efd937) lui     s2, 0x71efd
core   0: 3 0x80000702 (0x71efd937) x18 0x71efd000
core   0: 0x80000706 (0x000097a6) c.add   a5, s1
core   0: 3 0x80000706 (0x97a6) x15 0x0000006f
core   0: 0x80000708 (0x01ac00a3) sb      s10, 1(s8)
core   0: 3 0x80000708 (0x01ac00a3) mem 0x800113c6 0x82
core   0: 0x8000070c (0x41a78733) sub     a4, a5, s10
core   0: 3 0x8000070c (0x41a78733) x14 0x000000ed
core   0: 0x80000710 (0x00ac0c83) lb      s9, 10(s8)
core   0: 3 0x80000710 (0x00ac0c83) x25 0xffffff84 mem 0x800113cf
core   0: 0x80000714 (0x038f0533) mul     a0, t5, s8
core   0: 3 0x80000714 (0x038f0533) x10 0x00000000
core   0: 0x80000718 (0x037c4a03) lbu     s4, 55(s8)
core   0: 3 0x80000718 (0x037c4a03) x20 0x000000b7 mem 0x800113fc
core   0: 0x8000071c (0xff0c0183) lb      gp, -16(s8)
core   0: 3 0x8000071c (0xff0c0183) x 3 0x0000006e mem 0x800113b5
core   0: 0x80000720 (0xfe4c4e03) lbu     t3, -28(s8)
core   0: 3 0x80000720 (0xfe4c4e03) x28 0x00000062 mem 0x800113a9
core   0: 0x80000724 (0x009c5583) lhu     a1, 9(s8)
core   0: 3 0x80000724 (0x009c5583) x11 0x00008485 mem 0x800113ce
core   0: 0x80000728 (0xfddc1203) lh      tp, -35(s8)
core   0: 3 0x80000728 (0xfddc1203) x 4 0x00005859 mem 0x800113a2
core   0: 0x8000072c (0x00011c97) auipc   s9, 0x11
core   0: 3 0x8000072c (0x00011c97) x25 0x8001172c
core   0: 0x80000730 (0xba6c8c93) addi    s9, s9, -1114
core   0: 3 0x80000730 (0xba6c8c93) x25 0x800112d2
core   0: 0x80000734 (0x053ccf83) lbu     t6, 83(s9)
core   0: 3 0x80000734 (0x053ccf83) x31 0x000000de mem 0x80011325
core   0: 0x80000738 (0x02a1ab33) mulhsu  s6, gp, a0
core   0: 3 0x80000738 (0x02a1ab33) x22 0x00000000
core   0: 0x8000073c (0x0e1c83a3) sb      ra, 231(s9)
core   0: 3 0x8000073c (0x0e1c83a3) mem 0x800113b9 0x48
core   0: 0x80000740 (0x000cdb03) lhu     s6, 0(s9)
core   0: 3 0x80000740 (0x000cdb03) x22 0x00008889 mem 0x800112d2
core   0: 0x80000744 (0x000004aa) c.slli  s1, 10
core   0: 3 0x80000744 (0x04aa) x 9 0x0001b800
core   0: 0x80000746 (0x000061c1) c.lui   gp, 0x10
core   0: 3 0x80000746 (0x61c1) x 3 0x00010000
core   0: 0x80000748 (0x00008b7e) c.mv    s6, t6
core   0: 3 0x80000748 (0x8b7e) x22 0x000000de
core   0: 0x8000074a (0xb7352513) slti    a0, a0, -1165
core   0: 3 0x8000074a (0xb7352513) x10 0x00000000
core   0: 0x8000074e (0x00008c89) c.sub   s1, a0
core   0: 3 0x8000074e (0x8c89) x 9 0x0001b800
core   0: 0x80000750 (0x67014b17) auipc   s6, 0x67014
core   0: 3 0x80000750 (0x67014b17) x22 0xe7014750
core   0: 0x80000754 (0x00000b42) c.slli  s6, 16
core   0: 3 0x80000754 (0x0b42) x22 0x47500000
core   0: 0x80000756 (0x001501b3) add     gp, a0, ra
core   0: 3 0x80000756 (0x001501b3) x 3 0x00000048
core   0: 0x8000075a (0x00000001) c.nop
core   0: 3 0x8000075a (0x0001)
core   0: 0x8000075c (0x041c8aa3) sb      ra, 85(s9)
core   0: 3 0x8000075c (0x041c8aa3) mem 0x80011327 0x48
core   0: 0x80000760 (0x0d0cc083) lbu     ra, 208(s9)
core   0: 3 0x80000760 (0x0d0cc083) x 1 0x00000059 mem 0x800113a2
core   0: 0x80000764 (0xf6ac8fa3) sb      a0, -129(s9)
core   0: 3 0x80000764 (0xf6ac8fa3) mem 0x80011251 0x0
core   0: 0x80000768 (0xd6eb5f97) auipc   t6, 0xd6eb5
core   0: 3 0x80000768 (0xd6eb5f97) x31 0x56eb5768
core   0: 0x8000076c (0xf89fff93) andi    t6, t6, -119
core   0: 3 0x8000076c (0xf89fff93) x31 0x56eb5708
core   0: 0x80000770 (0x0364dfb3) divu    t6, s1, s6
core   0: 3 0x80000770 (0x0364dfb3) x31 0x00000000
core   0: 0x80000774 (0xf23c8b23) sb      gp, -202(s9)
core   0: 3 0x80000774 (0xf23c8b23) mem 0x80011208 0x48
core   0: 0x80000778 (0x001fc0b3) xor     ra, t6, ra
core   0: 3 0x80000778 (0x001fc0b3) x 1 0x00000059
core   0: 0x8000077c (0x0000100f) fence.i
core   0: 3 0x8000077c (0x0000100f)
core   0: 0x80000780 (0x6ebfb513) sltiu   a0, t6, 1771
core   0: 3 0x80000780 (0x6ebfb513) x10 0x00000001
core   0: 0x80000784 (0xf36c9023) sh      s6, -224(s9)
core   0: 3 0x80000784 (0xf36c9023) mem 0x800111f2 0x0000
core   0: 0x80000788 (0x00008cc5) c.or    s1, s1
core   0: 3 0x80000788 (0x8cc5) x 9 0x0001b800
core   0: 0x8000078a (0x03652533) mulhsu  a0, a0, s6
core   0: 3 0x8000078a (0x03652533) x10 0x00000000
core   0: 0x8000078e (0x41155193) srai    gp, a0, 17
core   0: 3 0x8000078e (0x41155193) x 3 0x00000000
core   0: 0x80000792 (0x05dccf83) lbu     t6, 93(s9)
core   0: 3 0x80000792 (0x05dccf83) x31 0x000000e4 mem 0x8001132f
core   0: 0x80000796 (0xf98c9b03) lh      s6, -104(s9)
core   0: 3 0x80000796 (0xf98c9b03) x22 0x00002021 mem 0x8001126a
core   0: 0x8000079a (0x01a000ef) jal     pc + 0x1a
core   0: 3 0x8000079a (0x01a000ef) x 1 0x8000079e
core   0: 0x800007b4 (0xff9ff0ef) jal     pc - 0x8
core   0: 3 0x800007b4 (0xff9ff0ef) x 1 0x800007b8
core   0: 0x800007ac (0x0300066f) jal     a2, pc + 0x30
core   0: 3 0x800007ac (0x0300066f) x12 0x800007b0
core   0: 0x800007dc (0x0000b7c9) c.j     pc - 62
core   0: 3 0x800007dc (0xb7c9)
core   0: 0x8000079e (0x0000a02d) c.j     pc + 42
core   0: 3 0x8000079e (0xa02d)
core   0: 0x800007c8 (0x0000b7e5) c.j     pc - 24
core   0: 3 0x800007c8 (0xb7e5)
core   0: 0x800007b0 (0xff5ff36f) jal     t1, pc - 0xc
core   0: 3 0x800007b0 (0xff5ff36f) x 6 0x800007b4
core   0: 0x800007a4 (0x00003ffd) c.jal   pc - 2
core   0: 3 0x800007a4 (0x3ffd) x 1 0x800007a6
core   0: 0x800007a2 (0x00002819) c.jal   pc + 22
core   0: 3 0x800007a2 (0x2819) x 1 0x800007a4
core   0: 0x800007b8 (0x0000a009) c.j     pc + 2
core   0: 3 0x800007b8 (0xa009)
core   0: 0x800007ba (0x024000ef) jal     pc + 0x24
core   0: 3 0x800007ba (0x024000ef) x 1 0x800007be
core   0: 0x800007de (0x0000b7dd) c.j     pc - 26
core   0: 3 0x800007de (0xb7dd)
core   0: 0x800007c4 (0xfddff0ef) jal     pc - 0x24
core   0: 3 0x800007c4 (0xfddff0ef) x 1 0x800007c8
core   0: 0x800007a0 (0x0000203d) c.jal   pc + 46
core   0: 3 0x800007a0 (0x203d) x 1 0x800007a2
core   0: 0x800007ce (0x0000bff5) c.j     pc - 4
core   0: 3 0x800007ce (0xbff5)
core   0: 0x800007ca (0x00002029) c.jal   pc + 10
core   0: 3 0x800007ca (0x2029) x 1 0x800007cc
core   0: 0x800007d4 (0x0040036f) jal     t1, pc + 0x4
core   0: 3 0x800007d4 (0x0040036f) x 6 0x800007d8
core   0: 0x800007d8 (0xff5ffcef) jal     s9, pc - 0xc
core   0: 3 0x800007d8 (0xff5ffcef) x25 0x800007dc
core   0: 0x800007cc (0x0000bfe9) c.j     pc - 38
core   0: 3 0x800007cc (0xbfe9)
core   0: 0x800007a6 (0x0000a829) c.j     pc + 26
core   0: 3 0x800007a6 (0xa829)
core   0: 0x800007c0 (0x010000ef) jal     pc + 0x10
core   0: 3 0x800007c0 (0x010000ef) x 1 0x800007c4
core   0: 0x800007d0 (0xfd9ff0ef) jal     pc - 0x28
core   0: 3 0x800007d0 (0xfd9ff0ef) x 1 0x800007d4
core   0: 0x800007a8 (0x0160036f) jal     t1, pc + 0x16
core   0: 3 0x800007a8 (0x0160036f) x 6 0x800007ac
core   0: 0x800007be (0x0000200d) c.jal   pc + 34
core   0: 3 0x800007be (0x200d) x 1 0x800007c0
core   0: 0x800007e0 (0xc77759b7) lui     s3, 0xc7775
core   0: 3 0x800007e0 (0xc77759b7) x19 0xc7775000
core   0: 0x800007e4 (0x016000ef) jal     pc + 0x16
core   0: 3 0x800007e4 (0x016000ef) x 1 0x800007e8
core   0: 0x800007fa (0x0000a025) c.j     pc + 40
core   0: 3 0x800007fa (0xa025)
core   0: 0x80000822 (0xfe1ff2ef) jal     t0, pc - 0x20
core   0: 3 0x80000822 (0xfe1ff2ef) x 5 0x80000826
core   0: 0x80000802 (0x00e000ef) jal     pc + 0xe
core   0: 3 0x80000802 (0x00e000ef) x 1 0x80000806
core   0: 0x80000810 (0xffdff0ef) jal     pc - 0x4
core   0: 3 0x80000810 (0xffdff0ef) x 1 0x80000814
core   0: 0x8000080c (0xfedff0ef) jal     pc - 0x14
core   0: 3 0x8000080c (0xfedff0ef) x 1 0x80000810
core   0: 0x800007f8 (0x0000bfdd) c.j     pc - 10
core   0: 3 0x800007f8 (0xbfdd)
core   0: 0x800007ee (0x03e003ef) jal     t2, pc + 0x3e
core   0: 3 0x800007ee (0x03e003ef) x 7 0x800007f2
core   0: 0x8000082c (0x0000bfd5) c.j     pc - 12
core   0: 3 0x8000082c (0xbfd5)
core   0: 0x80000820 (0x000037dd) c.jal   pc - 26
core   0: 3 0x80000820 (0x37dd) x 1 0x80000822
core   0: 0x80000806 (0x0000200d) c.jal   pc + 34
core   0: 3 0x80000806 (0x200d) x 1 0x80000808
core   0: 0x80000828 (0x00003ffd) c.jal   pc - 2
core   0: 3 0x80000828 (0x3ffd) x 1 0x8000082a
core   0: 0x80000826 (0x0000b7fd) c.j     pc - 18
core   0: 3 0x80000826 (0xb7fd)
core   0: 0x80000814 (0x0000bfdd) c.j     pc - 10
core   0: 3 0x80000814 (0xbfdd)
core   0: 0x8000080a (0x00003fdd) c.jal   pc - 10
core   0: 3 0x8000080a (0x3fdd) x 1 0x8000080c
core   0: 0x80000800 (0x000037e5) c.jal   pc - 24
core   0: 3 0x80000800 (0x37e5) x 1 0x80000802
core   0: 0x800007e8 (0x0000a811) c.j     pc + 20
core   0: 3 0x800007e8 (0xa811)
core   0: 0x800007fc (0x01a000ef) jal     pc + 0x1a
core   0: 3 0x800007fc (0x01a000ef) x 1 0x80000800
core   0: 0x80000816 (0x00002019) c.jal   pc + 6
core   0: 3 0x80000816 (0x2019) x 1 0x80000818
core   0: 0x8000081c (0x0000b7f5) c.j     pc - 20
core   0: 3 0x8000081c (0xb7f5)
core   0: 0x80000808 (0x00002809) c.jal   pc + 18
core   0: 3 0x80000808 (0x2809) x 1 0x8000080a
core   0: 0x8000081a (0x0000bffd) c.j     pc - 2
core   0: 3 0x8000081a (0xbffd)
core   0: 0x80000818 (0x00002821) c.jal   pc + 24
core   0: 3 0x80000818 (0x2821) x 1 0x8000081a
core   0: 0x80000830 (0x000037d1) c.jal   pc - 60
core   0: 3 0x80000830 (0x37d1) x 1 0x80000832
core   0: 0x800007f4 (0x02a000ef) jal     pc + 0x2a
core   0: 3 0x800007f4 (0x02a000ef) x 1 0x800007f8
core   0: 0x8000081e (0x0000bfd1) c.j     pc - 44
core   0: 3 0x8000081e (0xbfd1)
core   0: 0x800007f2 (0x0000bfe5) c.j     pc - 8
core   0: 3 0x800007f2 (0xbfe5)
core   0: 0x800007ea (0x040000ef) jal     pc + 0x40
core   0: 3 0x800007ea (0x040000ef) x 1 0x800007ee
core   0: 0x8000082a (0x0000a011) c.j     pc + 4
core   0: 3 0x8000082a (0xa011)
core   0: 0x8000082e (0x00002011) c.jal   pc + 4
core   0: 3 0x8000082e (0x2011) x 1 0x80000830
core   0: 0x80000832 (0x01827933) and     s2, tp, s8
core   0: 3 0x80000832 (0x01827933) x18 0x00001041
core   0: 0x80000836 (0x00013217) auipc   tp, 0x13
core   0: 3 0x80000836 (0x00013217) x 4 0x80013836
core   0: 0x8000083a (0xd2620213) addi    tp, tp, -730
core   0: 3 0x8000083a (0xd2620213) x 4 0x8001355c
core   0: 0x8000083e (0x00018c97) auipc   s9, 0x18
core   0: 3 0x8000083e (0x00018c97) x25 0x8001883e
core   0: 0x80000842 (0xda6c8c93) addi    s9, s9, -602
core   0: 3 0x80000842 (0xda6c8c93) x25 0x800185e4
core   0: 0x80000846 (0x00225503) lhu     a0, 2(tp)
core   0: 3 0x80000846 (0x00225503) x10 0x00001415 mem 0x8001355e
core   0: 0x8000084a (0xffccd603) lhu     a2, -4(s9)
core   0: 3 0x8000084a (0xffccd603) x12 0x00009a9b mem 0x800185e0
core   0: 0x8000084e (0x00124d03) lbu     s10, 1(tp)
core   0: 3 0x8000084e (0x00124d03) x26 0x00000016 mem 0x8001355d
core   0: 0x80000852 (0x005c8283) lb      t0, 5(s9)
core   0: 3 0x80000852 (0x005c8283) x 5 0xffffffa2 mem 0x800185e9
core   0: 0x80000856 (0x00524083) lbu     ra, 5(tp)
core   0: 3 0x80000856 (0x00524083) x 1 0x0000001a mem 0x80013561
core   0: 0x8000085a (0xff320ca3) sb      s3, -7(tp)
core   0: 3 0x8000085a (0xff320ca3) mem 0x80013555 0x0
core   0: 0x8000085e (0x00f20903) lb      s2, 15(tp)
core   0: 3 0x8000085e (0x00f20903) x18 0x00000020 mem 0x8001356b
core   0: 0x80000862 (0x008c86a3) sb      s0, 13(s9)
core   0: 3 0x80000862 (0x008c86a3) mem 0x800185f1 0x1
core   0: 0x80000866 (0x00120323) sb      ra, 6(tp)
core   0: 3 0x80000866 (0x00120323) mem 0x80013562 0x1a
core   0: 0x8000086a (0x009cca03) lbu     s4, 9(s9)
core   0: 3 0x8000086a (0x009cca03) x20 0x000000a6 mem 0x800185ed
core   0: 0x8000086e (0xff2cd483) lhu     s1, -14(s9)
core   0: 3 0x8000086e (0xff2cd483) x 9 0x00008c8d mem 0x800185d6
core   0: 0x80000872 (0x00014e97) auipc   t4, 0x14
core   0: 3 0x80000872 (0x00014e97) x29 0x80014872
core   0: 0x80000876 (0xb4ee8e93) addi    t4, t4, -1202
core   0: 3 0x80000876 (0xb4ee8e93) x29 0x800143c0
core   0: 0x8000087a (0x0001bf17) auipc   t5, 0x1b
core   0: 3 0x8000087a (0x0001bf17) x30 0x8001b87a
core   0: 0x8000087e (0x571f0f13) addi    t5, t5, 1393
core   0: 3 0x8000087e (0x571f0f13) x30 0x8001bdeb
core   0: 0x80000882 (0x00019617) auipc   a2, 0x19
core   0: 3 0x80000882 (0x00019617) x12 0x80019882
core   0: 0x80000886 (0x04e60613) addi    a2, a2, 78
core   0: 3 0x80000886 (0x04e60613) x12 0x800198d0
core   0: 0x8000088a (0x00020597) auipc   a1, 0x20
core   0: 3 0x8000088a (0x00020597) x11 0x8002088a
core   0: 0x8000088e (0xa4158593) addi    a1, a1, -1471
core   0: 3 0x8000088e (0xa4158593) x11 0x800202cb
core   0: 0x80000892 (0xfe4e9623) sh      tp, -20(t4)
core   0: 3 0x80000892 (0xfe4e9623) mem 0x800143ac 0x355c
core   0: 0x80000896 (0x00018217) auipc   tp, 0x18
core   0: 3 0x80000896 (0x00018217) x 4 0x80018896
core   0: 0x8000089a (0x25a20213) addi    tp, tp, 602
core   0: 3 0x8000089a (0x25a20213) x 4 0x80018af0
core   0: 0x8000089e (0x0e358923) sb      gp, 242(a1)
core   0: 3 0x8000089e (0x0e358923) mem 0x800203bd 0x0
core   0: 0x800008a2 (0x00d60903) lb      s2, 13(a2)
core   0: 3 0x800008a2 (0x00d60903) x18 0xffffff96 mem 0x800198dd
core   0: 0x800008a6 (0xff1f4c03) lbu     s8, -15(t5)
core   0: 3 0x800008a6 (0xff1f4c03) x24 0x00000097 mem 0x8001bddc
core   0: 0x800008aa (0xfee61b23) sh      a4, -10(a2)
core   0: 3 0x800008aa (0xfee61b23) mem 0x800198c6 0x00ed
core   0: 0x800008ae (0x00ae8303) lb      t1, 10(t4)
core   0: 3 0x800008ae (0x00ae8303) x 6 0xffffff81 mem 0x800143ca
core   0: 0x800008b2 (0x90120da3) sb      ra, -1765(tp)
core   0: 3 0x800008b2 (0x90120da3) mem 0x8001840b 0x1a
core   0: 0x800008b6 (0xfdce87a3) sb      t3, -49(t4)
core   0: 3 0x800008b6 (0xfdce87a3) mem 0x8001438f 0x62
core   0: 0x800008ba (0xad825703) lhu     a4, -1320(tp)
core   0: 3 0x800008ba (0xad825703) x14 0x00008283 mem 0x800185c8
core   0: 0x800008be (0xab320083) lb      ra, -1357(tp)
core   0: 3 0x800008be (0xab320083) x 1 0x00000058 mem 0x800185a3
core   0: 0x800008c2 (0xf4158403) lb      s0, -191(a1)
core   0: 3 0x800008c2 (0xf4158403) x 8 0xffffffc7 mem 0x8002020c
core   0: 0x800008c6 (0x025f01a3) sb      t0, 35(t5)
core   0: 3 0x800008c6 (0x025f01a3) mem 0x8001be0e 0xa2
core   0: 0x800008ca (0xf3058383) lb      t2, -208(a1)
core   0: 3 0x800008ca (0xf3058383) x 7 0xffffffb0 mem 0x800201fb
core   0: 0x800008ce (0xfdcf4983) lbu     s3, -36(t5)
core   0: 3 0x800008ce (0xfdcf4983) x19 0x0000007c mem 0x8001bdc7
core   0: 0x800008d2 (0xfedecd83) lbu     s11, -19(t4)
core   0: 3 0x800008d2 (0xfedecd83) x27 0x00000035 mem 0x800143ad
core   0: 0x800008d6 (0xfcfe88a3) sb      a5, -47(t4)
core   0: 3 0x800008d6 (0xfcfe88a3) mem 0x80014391 0x6f
core   0: 0x800008da (0x1af24d83) lbu     s11, 431(tp)
core   0: 3 0x800008da (0x1af24d83) x27 0x00000054 mem 0x80018c9f
core   0: 0x800008de (0xb5821383) lh      t2, -1192(tp)
core   0: 3 0x800008de (0xb5821383) x 7 0x00000203 mem 0x80018648
core   0: 0x800008e2 (0x00561123) sh      t0, 2(a2)
core   0: 3 0x800008e2 (0x00561123) mem 0x800198d2 0xffa2
core   0: 0x800008e6 (0x00760283) lb      t0, 7(a2)
core   0: 3 0x800008e6 (0x00760283) x 5 0xffffff8c mem 0x800198d7
core   0: 0x800008ea (0x0c758e23) sb      t2, 220(a1)
core   0: 3 0x800008ea (0x0c758e23) mem 0x800203a7 0x3
core   0: 0x800008ee (0x025f5b03) lhu     s6, 37(t5)
core   0: 3 0x800008ee (0x025f5b03) x22 0x0000cacb mem 0x8001be10
core   0: 0x800008f2 (0x009f0323) sb      s1, 6(t5)
core   0: 3 0x800008f2 (0x009f0323) mem 0x8001bdf1 0x8d
core   0: 0x800008f6 (0x5d5208a3) sb      s5, 1489(tp)
core   0: 3 0x800008f6 (0x5d5208a3) mem 0x800190c1 0xe4
core   0: 0x800008fa (0x0000c248) c.sw    a0, 4(a2)
core   0: 3 0x800008fa (0xc248) mem 0x800198d4 0x00001415
core   0: 0x800008fc (0xea621983) lh      s3, -346(tp)
core   0: 3 0x800008fc (0xea621983) x19 0x00004c4d mem 0x80018996
core   0: 0x80000900 (0xfc0e89a3) sb      zero, -45(t4)
core   0: 3 0x80000900 (0xfc0e89a3) mem 0x80014393 0x0
core   0: 0x80000904 (0x00ef11a3) sh      a4, 3(t5)
core   0: 3 0x80000904 (0x00ef11a3) mem 0x8001bdee 0x8283
core   0: 0x80000908 (0xfedec483) lbu     s1, -19(t4)
core   0: 3 0x80000908 (0xfedec483) x 9 0x00000035 mem 0x800143ad
core   0: 0x8000090c (0xe9225383) lhu     t2, -366(tp)
core   0: 3 0x8000090c (0xe9225383) x 7 0x00003839 mem 0x80018982
core   0: 0x80000910 (0xf8f59983) lh      s3, -113(a1)
core   0: 3 0x80000910 (0xf8f59983) x19 0x00001011 mem 0x8002025a
core   0: 0x80000914 (0x004eac03) lw      s8, 4(t4)
core   0: 3 0x80000914 (0x004eac03) x24 0x7c7d7e7f mem 0x800143c4
core   0: 0x80000918 (0xf2558e23) sb      t0, -196(a1)
core   0: 3 0x80000918 (0xf2558e23) mem 0x80020207 0x8c
core   0: 0x8000091c (0x06158423) sb      ra, 104(a1)
core   0: 3 0x8000091c (0x06158423) mem 0x80020333 0x58
core   0: 0x80000920 (0xfe1f2103) lw      sp, -31(t5)
core   0: 3 0x80000920 (0xfe1f2103) x 2 0x84858687 mem 0x8001bdcc
core   0: 0x80000924 (0xfcef0e23) sb      a4, -36(t5)
core   0: 3 0x80000924 (0xfcef0e23) mem 0x8001bdc7 0x83
core   0: 0x80000928 (0x05458783) lb      a5, 84(a1)
core   0: 3 0x80000928 (0x05458783) x15 0xffffffd4 mem 0x8002031f
core   0: 0x8000092c (0x01bf5703) lhu     a4, 27(t5)
core   0: 3 0x8000092c (0x01bf5703) x14 0x0000bcbd mem 0x8001be06
core   0: 0x80000930 (0xfad59483) lh      s1, -83(a1)
core   0: 3 0x80000930 (0xfad59483) x 9 0x00003233 mem 0x80020278
core   0: 0x80000934 (0xc5a20703) lb      a4, -934(tp)
core   0: 3 0x80000934 (0xc5a20703) x14 0x00000001 mem 0x8001874a
core   0: 0x80000938 (0x038f0ba3) sb      s8, 55(t5)
core   0: 3 0x80000938 (0x038f0ba3) mem 0x8001be22 0x7f
core   0: 0x8000093c (0x00011117) auipc   sp, 0x11
core   0: 3 0x8000093c (0x00011117) x 2 0x8001193c
core   0: 0x80000940 (0xa4310113) addi    sp, sp, -1469
core   0: 3 0x80000940 (0xa4310113) x 2 0x8001137f
core   0: 0x80000944 (0x00315e83) lhu     t4, 3(sp)
core   0: 3 0x80000944 (0x00315e83) x29 0x00003839 mem 0x80011382
core   0: 0x80000948 (0x0ff0000f) fence   iorw,iorw
core   0: 3 0x80000948 (0x0ff0000f)
core   0: 0x8000094c (0x00008f51) c.or    a4, a2
core   0: 3 0x8000094c (0x8f51) x14 0x800198d1
core   0: 0x8000094e (0xff014703) lbu     a4, -16(sp)
core   0: 3 0x8000094e (0xff014703) x14 0x00000024 mem 0x8001136f
core   0: 0x80000952 (0x00410403) lb      s0, 4(sp)
core   0: 3 0x80000952 (0x00410403) x 8 0x00000038 mem 0x80011383
core   0: 0x80000956 (0xd7db4493) xori    s1, s6, -643
core   0: 3 0x80000956 (0xd7db4493) x 9 0xffff37b6
core   0: 0x8000095a (0xff715283) lhu     t0, -9(sp)
core   0: 3 0x8000095a (0xff715283) x 5 0x00002c2d mem 0x80011376
core   0: 0x8000095e (0x41eb3793) sltiu   a5, s6, 1054
core   0: 3 0x8000095e (0x41eb3793) x15 0x00000000
core   0: 0x80000962 (0x201eae13) slti    t3, t4, 513
core   0: 3 0x80000962 (0x201eae13) x28 0x00000000
core   0: 0x80000966 (0x03705bb3) divu    s7, zero, s7
core   0: 3 0x80000966 (0x03705bb3) x23 0xffffffff
core   0: 0x8000096a (0x039df2b3) remu    t0, s11, s9
core   0: 3 0x8000096a (0x039df2b3) x 5 0x00000054
core   0: 0x8000096e (0x00006d5d) c.lui   s10, 0x17
core   0: 3 0x8000096e (0x6d5d) x26 0x00017000
core   0: 0x80000970 (0x1e9fc193) xori    gp, t6, 489
core   0: 3 0x80000970 (0x1e9fc193) x 3 0x0000010d
core   0: 0x80000974 (0x03f84733) div     a4, a6, t6
core   0: 3 0x80000974 (0x03f84733) x14 0xffff3a36
core   0: 0x80000978 (0xfe8119a3) sh      s0, -13(sp)
core   0: 3 0x80000978 (0xfe8119a3) mem 0x80011372 0x0038
core   0: 0x8000097c (0x00008ced) c.and   s1, a1
core   0: 3 0x8000097c (0x8ced) x 9 0x80020282
core   0: 0x8000097e (0x40885d13) srai    s10, a6, 8
core   0: 3 0x8000097e (0x40885d13) x26 0xffff4fd7
core   0: 0x80000982 (0x01082eb3) slt     t4, a6, a6
core   0: 3 0x80000982 (0x01082eb3) x29 0x00000000
core   0: 0x80000986 (0x00a10723) sb      a0, 14(sp)
core   0: 3 0x80000986 (0x00a10723) mem 0x8001138d 0x15
core   0: 0x8000098a (0xff112583) lw      a1, -15(sp)
core   0: 3 0x8000098a (0xff112583) x11 0x00382a2b mem 0x80011370
core   0: 0x8000098e (0x00000001) c.nop
core   0: 3 0x8000098e (0x0001)
core   0: 0x80000990 (0x41095e33) sra     t3, s2, a6
core   0: 3 0x80000990 (0x41095e33) x28 0xfffffff9
core   0: 0x80000994 (0x013f1b13) slli    s6, t5, 19
core   0: 3 0x80000994 (0x013f1b13) x22 0xef580000
core   0: 0x80000998 (0x00810f83) lb      t6, 8(sp)
core   0: 3 0x80000998 (0x00810f83) x31 0x0000003c mem 0x80011387
core   0: 0x8000099c (0x40778033) sub     zero, a5, t2
core   0: 3 0x8000099c (0x40778033)
core   0: 0x800009a0 (0x00d11583) lh      a1, 13(sp)
core   0: 3 0x800009a0 (0x00d11583) x11 0x00001547 mem 0x8001138c
core   0: 0x800009a4 (0x40bb0eb3) sub     t4, s6, a1
core   0: 3 0x800009a4 (0x40bb0eb3) x29 0xef57eab9
core   0: 0x800009a8 (0x00008c3d) c.xor   s0, a5
core   0: 3 0x800009a8 (0x8c3d) x 8 0x00000038
core   0: 0x800009aa (0x00000001) c.nop
core   0: 3 0x800009aa (0x0001)
core   0: 0x800009ac (0xfec119a3) sh      a2, -13(sp)
core   0: 3 0x800009ac (0xfec119a3) mem 0x80011372 0x98d0
core   0: 0x800009b0 (0x00012417) auipc   s0, 0x12
core   0: 3 0x800009b0 (0x00012417) x 8 0x800129b0
core   0: 0x800009b4 (0x6e040413) addi    s0, s0, 1760
core   0: 3 0x800009b4 (0x6e040413) x 8 0x80013090
core   0: 0x800009b8 (0xff540703) lb      a4, -11(s0)
core   0: 3 0x800009b8 (0xff540703) x14 0x0000003e mem 0x80013085
core   0: 0x800009bc (0x00011397) auipc   t2, 0x11
core   0: 3 0x800009bc (0x00011397) x 7 0x800119bc
core   0: 0x800009c0 (0x83438393) addi    t2, t2, -1996
core   0: 3 0x800009c0 (0x83438393) x 7 0x800111f0
core   0: 0x800009c4 (0x00005008) c.lw    a0, 32(s0)
core   0: 3 0x800009c4 (0x5008) x10 0x68696a6b mem 0x800130b0
core   0: 0x800009c6 (0x1313c803) lbu     a6, 305(t2)
core   0: 3 0x800009c6 (0x1313c803) x16 0x000000da mem 0x80011321
core   0: 0x800009ca (0x3433ca03) lbu     s4, 835(t2)
core   0: 3 0x800009ca (0x3433ca03) x20 0x000000e8 mem 0x80011533
core   0: 0x800009ce (0xfc641c83) lh      s9, -58(s0)
core   0: 3 0x800009ce (0xfc641c83) x25 0x00000c0d mem 0x80013056
core   0: 0x800009d2 (0xff5406a3) sb      s5, -19(s0)
core   0: 3 0x800009d2 (0xff5406a3) mem 0x8001307d 0xe4
core   0: 0x800009d6 (0x2dc3cf83) lbu     t6, 732(t2)
core   0: 3 0x800009d6 (0x2dc3cf83) x31 0x00000087 mem 0x800114cc
core   0: 0x800009da (0x0000403c) c.lw    a5, 64(s0)
core   0: 3 0x800009da (0x403c) x15 0x88898a8b mem 0x800130d0
core   0: 0x800009dc (0x022404a3) sb      sp, 41(s0)
core   0: 3 0x800009dc (0x022404a3) mem 0x800130b9 0x7f
core   0: 0x800009e0 (0x02144f03) lbu     t5, 33(s0)
core   0: 3 0x800009e0 (0x02144f03) x30 0x0000006a mem 0x800130b1
core   0: 0x800009e4 (0x49739e23) sh      s7, 1180(t2)
core   0: 3 0x800009e4 (0x49739e23) mem 0x8001168c 0xffff
core   0: 0x800009e8 (0x66d38d03) lb      s10, 1645(t2)
core   0: 3 0x800009e8 (0x66d38d03) x26 0x00000016 mem 0x8001185d
core   0: 0x800009ec (0xfe040583) lb      a1, -32(s0)
core   0: 3 0x800009ec (0xfe040583) x11 0x0000002b mem 0x80013070
core   0: 0x800009f0 (0x43b38a03) lb      s4, 1083(t2)
core   0: 3 0x800009f0 (0x43b38a03) x20 0xffffffe0 mem 0x8001162b
core   0: 0x800009f4 (0x00011097) auipc   ra, 0x11
core   0: 3 0x800009f4 (0x00011097) x 1 0x800119f4
core   0: 0x800009f8 (0x3ca08093) addi    ra, ra, 970
core   0: 3 0x800009f8 (0x3ca08093) x 1 0x80011dbe
core   0: 0x800009fc (0xf1a09183) lh      gp, -230(ra)
core   0: 3 0x800009fc (0xf1a09183) x 3 0xffff9293 mem 0x80011cd8
core   0: 0x80000a00 (0xf3f08283) lb      t0, -193(ra)
core   0: 3 0x80000a00 (0xf3f08283) x 5 0xffffffb6 mem 0x80011cfd
core   0: 0x80000a04 (0x00fed733) srl     a4, t4, a5
core   0: 3 0x80000a04 (0x00fed733) x14 0x001deafd
core   0: 0x80000a08 (0x0e80ce83) lbu     t4, 232(ra)
core   0: 3 0x80000a08 (0x0e80ce83) x29 0x0000005d mem 0x80011ea6
core   0: 0x80000a0c (0x04f09e23) sh      a5, 92(ra)
core   0: 3 0x80000a0c (0x04f09e23) mem 0x80011e1a 0x8a8b
core   0: 0x80000a10 (0x0330c783) lbu     a5, 51(ra)
core   0: 3 0x80000a10 (0x0330c783) x15 0x000000aa mem 0x80011df1
core   0: 0x80000a14 (0x025ec7b3) div     a5, t4, t0
core   0: 3 0x80000a14 (0x025ec7b3) x15 0xffffffff
core   0: 0x80000a18 (0x0ff0000f) fence   iorw,iorw
core   0: 3 0x80000a18 (0x0ff0000f)
core   0: 0x80000a1c (0xed3ea193) slti    gp, t4, -301
core   0: 3 0x80000a1c (0xed3ea193) x 3 0x00000000
core   0: 0x80000a20 (0xf820c283) lbu     t0, -126(ra)
core   0: 3 0x80000a20 (0xf820c283) x 5 0x000000fb mem 0x80011d40
core   0: 0x80000a24 (0x00b08703) lb      a4, 11(ra)
core   0: 3 0x80000a24 (0x00b08703) x14 0xffffff82 mem 0x80011dc9
core   0: 0x80000a28 (0xf0f08ba3) sb      a5, -233(ra)
core   0: 3 0x80000a28 (0xf0f08ba3) mem 0x80011cd5 0xff
core   0: 0x80000a2c (0x41de8eb3) sub     t4, t4, t4
core   0: 3 0x80000a2c (0x41de8eb3) x29 0x00000000
core   0: 0x80000a30 (0xf2108703) lb      a4, -223(ra)
core   0: 3 0x80000a30 (0xf2108703) x14 0xffffff94 mem 0x80011cdf
core   0: 0x80000a34 (0xf4f08983) lb      s3, -177(ra)
core   0: 3 0x80000a34 (0xf4f08983) x19 0xffffffc6 mem 0x80011d0d
core   0: 0x80000a38 (0xfc50ce83) lbu     t4, -59(ra)
core   0: 3 0x80000a38 (0xfc50ce83) x29 0x00000038 mem 0x80011d83
core   0: 0x80000a3c (0x06108283) lb      t0, 97(ra)
core   0: 3 0x80000a3c (0x06108283) x 5 0xffffffff mem 0x80011e1f
core   0: 0x80000a40 (0x00e082a3) sb      a4, 5(ra)
core   0: 3 0x80000a40 (0x00e082a3) mem 0x80011dc3 0x94
core   0: 0x80000a44 (0xbd7eb993) sltiu   s3, t4, -1065
core   0: 3 0x80000a44 (0xbd7eb993) x19 0x00000001
core   0: 0x80000a48 (0x00e09e23) sh      a4, 28(ra)
core   0: 3 0x80000a48 (0x00e09e23) mem 0x80011dda 0xff94
core   0: 0x80000a4c (0xf7208703) lb      a4, -142(ra)
core   0: 3 0x80000a4c (0xf7208703) x14 0xffffffeb mem 0x80011d30
core   0: 0x80000a50 (0xb292e193) ori     gp, t0, -1239
core   0: 3 0x80000a50 (0xb292e193) x 3 0xffffffff
core   0: 0x80000a54 (0x00008ffd) c.and   a5, a5
core   0: 3 0x80000a54 (0x8ffd) x15 0xffffffff
core   0: 0x80000a56 (0x013e8733) add     a4, t4, s3
core   0: 3 0x80000a56 (0x013e8733) x14 0x00000039
core   0: 0x80000a5a (0x00009b7d) c.andi  a4, -1
core   0: 3 0x80000a5a (0x9b7d) x14 0x00000039
core   0: 0x80000a5c (0xf4d0ce83) lbu     t4, -179(ra)
core   0: 3 0x80000a5c (0xf4d0ce83) x29 0x000000c0 mem 0x80011d0b
core   0: 0x80000a60 (0x0000872d) c.srai  a4, 11
core   0: 3 0x80000a60 (0x872d) x14 0x00000000
core   0: 0x80000a62 (0xf6b0c703) lbu     a4, -149(ra)
core   0: 3 0x80000a62 (0xf6b0c703) x14 0x000000e2 mem 0x80011d29
core   0: 0x80000a66 (0xf7908e83) lb      t4, -135(ra)
core   0: 3 0x80000a66 (0xf7908e83) x29 0xffffffec mem 0x80011d37
core   0: 0x80000a6a (0x0d90c703) lbu     a4, 217(ra)
core   0: 3 0x80000a6a (0x0d90c703) x14 0x0000004c mem 0x80011e97
core   0: 0x80000a6e (0xff2ec713) xori    a4, t4, -14
core   0: 3 0x80000a6e (0xff2ec713) x14 0x0000001e
core   0: 0x80000a72 (0xfe00d183) lhu     gp, -32(ra)
core   0: 3 0x80000a72 (0xfe00d183) x 3 0x00005455 mem 0x80011d9e
core   0: 0x80000a76 (0x469ec793) xori    a5, t4, 1129
core   0: 3 0x80000a76 (0x469ec793) x15 0xfffffb85
core   0: 0x80000a7a (0x02f2eeb3) rem     t4, t0, a5
core   0: 3 0x80000a7a (0x02f2eeb3) x29 0xffffffff
core   0: 0x80000a7e (0x0c809183) lh      gp, 200(ra)
core   0: 3 0x80000a7e (0x0c809183) x 3 0x00003c3d mem 0x80011e86
core   0: 0x80000a82 (0xa809c713) xori    a4, s3, -1408
core   0: 3 0x80000a82 (0xa809c713) x14 0xfffffa81
core   0: 0x80000a86 (0x0e208283) lb      t0, 226(ra)
core   0: 3 0x80000a86 (0x0e208283) x 5 0x0000005b mem 0x80011ea0
core   0: 0x80000a8a (0xf820ce83) lbu     t4, -126(ra)
core   0: 3 0x80000a8a (0xf820ce83) x29 0x000000fb mem 0x80011d40
core   0: 0x80000a8e (0xf250ce83) lbu     t4, -219(ra)
core   0: 3 0x80000a8e (0xf250ce83) x29 0x00000098 mem 0x80011ce3
core   0: 0x80000a92 (0xfe5085a3) sb      t0, -21(ra)
core   0: 3 0x80000a92 (0xfe5085a3) mem 0x80011da9 0x5b
core   0: 0x80000a96 (0x00009776) c.add   a4, t4
core   0: 3 0x80000a96 (0x9776) x14 0xfffffb19
core   0: 0x80000a98 (0x6c870993) addi    s3, a4, 1736
core   0: 3 0x80000a98 (0x6c870993) x19 0x000001e1
core   0: 0x80000a9c (0x0ff0000f) fence   iorw,iorw
core   0: 3 0x80000a9c (0x0ff0000f)
core   0: 0x80000aa0 (0x0e708983) lb      s3, 231(ra)
core   0: 3 0x80000aa0 (0x0e708983) x19 0x0000005e mem 0x80011ea5
core   0: 0x80000aa4 (0x003eaeb3) slt     t4, t4, gp
core   0: 3 0x80000aa4 (0x003eaeb3) x29 0x00000001
core   0: 0x80000aa8 (0x0000100f) fence.i
core   0: 3 0x80000aa8 (0x0000100f)
core   0: 0x80000aac (0x03deb2b3) mulhu   t0, t4, t4
core   0: 3 0x80000aac (0x03deb2b3) x 5 0x00000000
core   0: 0x80000ab0 (0xf8809703) lh      a4, -120(ra)
core   0: 3 0x80000ab0 (0xf8809703) x14 0xfffffcfd mem 0x80011d46
core   0: 0x80000ab4 (0x04408783) lb      a5, 68(ra)
core   0: 3 0x80000ab4 (0x04408783) x15 0xffffffb8 mem 0x80011e02
core   0: 0x80000ab8 (0x0001bc97) auipc   s9, 0x1b
core   0: 3 0x80000ab8 (0x0001bc97) x25 0x8001bab8
core   0: 0x80000abc (0x96fc8c93) addi    s9, s9, -1681
core   0: 3 0x80000abc (0x96fc8c93) x25 0x8001b427
core   0: 0x80000ac0 (0x40c70a33) sub     s4, a4, a2
core   0: 3 0x80000ac0 (0x40c70a33) x20 0x7ffe642d
core   0: 0x80000ac4 (0x00008775) c.srai  a4, 29
core   0: 3 0x80000ac4 (0x8775) x14 0xffffffff
core   0: 0x80000ac6 (0x028cc0b3) div     ra, s9, s0
core   0: 3 0x80000ac6 (0x028cc0b3) x 1 0x00000000
core   0: 0x80000aca (0x00008dad) c.xor   a1, a1
core   0: 3 0x80000aca (0x8dad) x11 0x00000000
core   0: 0x80000acc (0x03b37c33) remu    s8, t1, s11
core   0: 3 0x80000acc (0x03b37c33) x24 0x0000002d
core   0: 0x80000ad0 (0x0285be33) mulhu   t3, a1, s0
core   0: 3 0x80000ad0 (0x0285be33) x28 0x00000000
core   0: 0x80000ad4 (0x416e8db3) sub     s11, t4, s6
core   0: 3 0x80000ad4 (0x416e8db3) x27 0x10a80001
core   0: 0x80000ad8 (0x026634b3) mulhu   s1, a2, t1
core   0: 3 0x80000ad8 (0x026634b3) x 9 0x80019890
core   0: 0x80000adc (0x00000001) c.nop
core   0: 3 0x80000adc (0x0001)
core   0: 0x80000ade (0xfebc8b23) sb      a1, -10(s9)
core   0: 3 0x80000ade (0xfebc8b23) mem 0x8001b41d 0x0
core   0: 0x80000ae2 (0x000092ca) c.add   t0, s2
core   0: 3 0x80000ae2 (0x92ca) x 5 0xffffff96
core   0: 0x80000ae4 (0xffccce83) lbu     t4, -4(s9)
core   0: 3 0x80000ae4 (0xffccce83) x29 0x000000d8 mem 0x8001b423
core   0: 0x80000ae8 (0xba8d6313) ori     t1, s10, -1112
core   0: 3 0x80000ae8 (0xba8d6313) x 6 0xfffffbbe
core   0: 0x80000aec (0x002cce03) lbu     t3, 2(s9)
core   0: 3 0x80000aec (0x002cce03) x28 0x000000e2 mem 0x8001b429
core   0: 0x80000af0 (0x00df8b33) add     s6, t6, a3
core   0: 3 0x80000af0 (0x00df8b33) x22 0xfc094cbf
core   0: 0x80000af4 (0x89193113) sltiu   sp, s2, -1903
core   0: 3 0x80000af4 (0x89193113) x 2 0x00000000
core   0: 0x80000af8 (0x0217ceb3) div     t4, a5, ra
core   0: 3 0x80000af8 (0x0217ceb3) x29 0xffffffff
core   0: 0x80000afc (0x01da4833) xor     a6, s4, t4
core   0: 3 0x80000afc (0x01da4833) x16 0x80019bd2
core   0: 0x80000b00 (0x00ccca03) lbu     s4, 12(s9)
core   0: 3 0x80000b00 (0x00ccca03) x20 0x000000e8 mem 0x8001b433
core   0: 0x80000b04 (0xffbc9d03) lh      s10, -5(s9)
core   0: 3 0x80000b04 (0xffbc9d03) x26 0xffffd8d9 mem 0x8001b422
core   0: 0x80000b08 (0x653a8eb7) lui     t4, 0x653a8
core   0: 3 0x80000b08 (0x653a8eb7) x29 0x653a8000
core   0: 0x80000b0c (0x016c84a3) sb      s6, 9(s9)
core   0: 3 0x80000b0c (0x016c84a3) mem 0x8001b430 0xbf
core   0: 0x80000b10 (0x00b14933) xor     s2, sp, a1
core   0: 3 0x80000b10 (0x00b14933) x18 0x00000000
core   0: 0x80000b14 (0x0296a333) mulhsu  t1, a3, s1
core   0: 3 0x80000b14 (0x0296a333) x 6 0xfe049fc8
core   0: 0x80000b18 (0xfe9c8da3) sb      s1, -5(s9)
core   0: 3 0x80000b18 (0xfe9c8da3) mem 0x8001b422 0x90
core   0: 0x80000b1c (0x00000c90) c.addi4spn a2, sp, 592
core   0: 3 0x80000b1c (0x0c90) x12 0x00000250
core   0: 0x80000b1e (0xffbc8a23) sb      s11, -12(s9)
core   0: 3 0x80000b1e (0xffbc8a23) mem 0x8001b41b 0x1
core   0: 0x80000b22 (0xfefcaca3) sw      a5, -7(s9)
core   0: 3 0x80000b22 (0xfefcaca3) mem 0x8001b420 0xffffffb8
core   0: 0x80000b26 (0xfe6c89a3) sb      t1, -13(s9)
core   0: 3 0x80000b26 (0xfe6c89a3) mem 0x8001b41a 0xc8
core   0: 0x80000b2a (0x003cc703) lbu     a4, 3(s9)
core   0: 3 0x80000b2a (0x003cc703) x14 0x000000e1 mem 0x8001b42a
core   0: 0x80000b2e (0x00ccc103) lbu     sp, 12(s9)
core   0: 3 0x80000b2e (0x00ccc103) x 2 0x000000e8 mem 0x8001b433
core   0: 0x80000b32 (0x003c8e83) lb      t4, 3(s9)
core   0: 3 0x80000b32 (0x003c8e83) x29 0xffffffe1 mem 0x8001b42a
core   0: 0x80000b36 (0x008c8e83) lb      t4, 8(s9)
core   0: 3 0x80000b36 (0x008c8e83) x29 0xffffffe4 mem 0x8001b42f
core   0: 0x80000b3a (0xe4efa913) slti    s2, t6, -434
core   0: 3 0x80000b3a (0xe4efa913) x18 0x00000000
core   0: 0x80000b3e (0x006cc503) lbu     a0, 6(s9)
core   0: 3 0x80000b3e (0x006cc503) x10 0x000000e6 mem 0x8001b42d
core   0: 0x80000b42 (0x00ef0eb3) add     t4, t5, a4
core   0: 3 0x80000b42 (0x00ef0eb3) x29 0x0000014b
core   0: 0x80000b46 (0x41a5d3b3) sra     t2, a1, s10
core   0: 3 0x80000b46 (0x41a5d3b3) x 7 0x00000000
core   0: 0x80000b4a (0x02ae8bb3) mul     s7, t4, a0
core   0: 3 0x80000b4a (0x02ae8bb3) x23 0x00012962
core   0: 0x80000b4e (0x016830b3) sltu    ra, a6, s6
core   0: 3 0x80000b4e (0x016830b3) x 1 0x00000001
core   0: 0x80000b52 (0x00afb3b3) sltu    t2, t6, a0
core   0: 3 0x80000b52 (0x00afb3b3) x 7 0x00000001
core   0: 0x80000b56 (0x00ac8c03) lb      s8, 10(s9)
core   0: 3 0x80000b56 (0x00ac8c03) x24 0xffffffea mem 0x8001b431
core   0: 0x80000b5a (0x00010197) auipc   gp, 0x10
core   0: 3 0x80000b5a (0x00010197) x 3 0x80010b5a
core   0: 0x80000b5e (0x75218193) addi    gp, gp, 1874
core   0: 3 0x80000b5e (0x75218193) x 3 0x800112ac
core   0: 0x80000b62 (0x00001708) c.addi4spn a0, sp, 928
core   0: 3 0x80000b62 (0x1708) x10 0x00000488
core   0: 0x80000b64 (0x02518f23) sb      t0, 62(gp)
core   0: 3 0x80000b64 (0x02518f23) mem 0x800112ea 0x96
core   0: 0x80000b68 (0x03e1d483) lhu     s1, 62(gp)
core   0: 3 0x80000b68 (0x03e1d483) x 9 0x0000a096 mem 0x800112ea
core   0: 0x80000b6c (0x03e1c303) lbu     t1, 62(gp)
core   0: 3 0x80000b6c (0x03e1c303) x 6 0x00000096 mem 0x800112ea
core   0: 0x80000b70 (0xfd41a103) lw      sp, -44(gp)
core   0: 3 0x80000b70 (0xfd41a103) x 2 0x3839003b mem 0x80011280
core   0: 0x80000b74 (0xfcd1c483) lbu     s1, -51(gp)
core   0: 3 0x80000b74 (0xfcd1c483) x 9 0x00000032 mem 0x80011279
core   0: 0x80000b78 (0x00006a65) c.lui   s4, 0x19
core   0: 3 0x80000b78 (0x6a65) x20 0x00019000
core   0: 0x80000b7a (0x035182a3) sb      s5, 37(gp)
core   0: 3 0x80000b7a (0x035182a3) mem 0x800112d1 0xe4
core   0: 0x80000b7e (0x4164df93) srai    t6, s1, 22
core   0: 3 0x80000b7e (0x4164df93) x31 0x00000000
core   0: 0x80000b82 (0x034187a3) sb      s4, 47(gp)
core   0: 3 0x80000b82 (0x034187a3) mem 0x800112db 0x0
core   0: 0x80000b86 (0x03a18223) sb      s10, 36(gp)
core   0: 3 0x80000b86 (0x03a18223) mem 0x800112d0 0xd9
core   0: 0x80000b8a (0x02f1cd03) lbu     s10, 47(gp)
core   0: 3 0x80000b8a (0x02f1cd03) x26 0x00000000 mem 0x800112db
core   0: 0x80000b8e (0xfec19d83) lh      s11, -20(gp)
core   0: 3 0x80000b8e (0xfec19d83) x27 0x00005253 mem 0x80011298
core   0: 0x80000b92 (0xff71ce03) lbu     t3, -9(gp)
core   0: 3 0x80000b92 (0xff71ce03) x28 0x00000058 mem 0x800112a3
core   0: 0x80000b96 (0x02f1ce83) lbu     t4, 47(gp)
core   0: 3 0x80000b96 (0x02f1ce83) x29 0x00000000 mem 0x800112db
core   0: 0x80000b9a (0x01c1c083) lbu     ra, 28(gp)
core   0: 3 0x80000b9a (0x01c1c083) x 1 0x00000083 mem 0x800112c8
core   0: 0x80000b9e (0x01c1ae83) lw      t4, 28(gp)
core   0: 3 0x80000b9e (0x01c1ae83) x29 0x80818283 mem 0x800112c8
core   0: 0x80000ba2 (0x0281ae03) lw      t3, 40(gp)
core   0: 3 0x80000ba2 (0x0281ae03) x28 0x8c8d8e8f mem 0x800112d4
core   0: 0x80000ba6 (0x02819b83) lh      s7, 40(gp)
core   0: 3 0x80000ba6 (0x02819b83) x23 0xffff8e8f mem 0x800112d4
core   0: 0x80000baa (0xfc218783) lb      a5, -62(gp)
core   0: 3 0x80000baa (0xfc218783) x15 0x00000025 mem 0x8001126e
core   0: 0x80000bae (0xffb1c603) lbu     a2, -5(gp)
core   0: 3 0x80000bae (0xffb1c603) x12 0x0000005c mem 0x800112a7
core   0: 0x80000bb2 (0x00600713) li      a4, 6
core   0: 3 0x80000bb2 (0x00600713) x14 0x00000006
core   0: 0x80000bb6 (0x6ff82a37) lui     s4, 0x6ff82
core   0: 3 0x80000bb6 (0x6ff82a37) x20 0x6ff82000
core   0: 0x80000bba (0x00600313) li      t1, 6
core   0: 3 0x80000bba (0x00600313) x 6 0x00000006
core   0: 0x80000bbe (0x6c184213) xori    tp, a6, 1729
core   0: 3 0x80000bbe (0x6c184213) x 4 0x80019d13
core   0: 0x80000bc2 (0x0000176d) c.addi  a4, -5
core   0: 3 0x80000bc2 (0x176d) x14 0x00000001
core   0: 0x80000bc4 (0x015b1b93) slli    s7, s6, 21
core   0: 3 0x80000bc4 (0x015b1b93) x23 0x97e00000
core   0: 0x80000bc8 (0x005f64b3) or      s1, t5, t0
core   0: 3 0x80000bc8 (0x005f64b3) x 9 0xfffffffe
core   0: 0x80000bcc (0x00700d13) li      s10, 7
core   0: 3 0x80000bcc (0x00700d13) x26 0x00000007
core   0: 0x80000bd0 (0x00000001) c.nop
core   0: 3 0x80000bd0 (0x0001)
core   0: 0x80000bd2 (0xf0c6cb93) xori    s7, a3, -244
core   0: 3 0x80000bd2 (0xf0c6cb93) x23 0x03f6b334
core   0: 0x80000bd6 (0x03c4a533) mulhsu  a0, s1, t3
core   0: 3 0x80000bd6 (0x03c4a533) x10 0xfffffffe
core   0: 0x80000bda (0x00400413) li      s0, 4
core   0: 3 0x80000bda (0x00400413) x 8 0x00000004
core   0: 0x80000bde (0x0273af33) mulhsu  t5, t2, t2
core   0: 3 0x80000bde (0x0273af33) x30 0x00000000
core   0: 0x80000be2 (0x0075b1b3) sltu    gp, a1, t2
core   0: 3 0x80000be2 (0x0075b1b3) x 3 0x00000001
core   0: 0x80000be6 (0x000099fd) c.andi  a1, -1
core   0: 3 0x80000be6 (0x99fd) x11 0x00000000
core   0: 0x80000be8 (0x0000717d) c.addi16sp sp, -16
core   0: 3 0x80000be8 (0x717d) x 2 0x3839002b
core   0: 0x80000bea (0x00001d75) c.addi  s10, -3
core   0: 3 0x80000bea (0x1d75) x26 0x00000004
core   0: 0x80000bec (0x0108db93) srli    s7, a7, 16
core   0: 3 0x80000bec (0x0108db93) x23 0x00008002
core   0: 0x80000bf0 (0x4d1b4293) xori    t0, s6, 1233
core   0: 3 0x80000bf0 (0x4d1b4293) x 5 0xfc09486e
core   0: 0x80000bf4 (0x40e95293) srai    t0, s2, 14
core   0: 3 0x80000bf4 (0x40e95293) x 5 0x00000000
core   0: 0x80000bf8 (0xfe8d73e3) bgeu    s10, s0, pc - 26
core   0: 3 0x80000bf8 (0xfe8d73e3)
core   0: 0x80000bde (0x0273af33) mulhsu  t5, t2, t2
core   0: 3 0x80000bde (0x0273af33) x30 0x00000000
core   0: 0x80000be2 (0x0075b1b3) sltu    gp, a1, t2
core   0: 3 0x80000be2 (0x0075b1b3) x 3 0x00000001
core   0: 0x80000be6 (0x000099fd) c.andi  a1, -1
core   0: 3 0x80000be6 (0x99fd) x11 0x00000000
core   0: 0x80000be8 (0x0000717d) c.addi16sp sp, -16
core   0: 3 0x80000be8 (0x717d) x 2 0x3839001b
core   0: 0x80000bea (0x00001d75) c.addi  s10, -3
core   0: 3 0x80000bea (0x1d75) x26 0x00000001
core   0: 0x80000bec (0x0108db93) srli    s7, a7, 16
core   0: 3 0x80000bec (0x0108db93) x23 0x00008002
core   0: 0x80000bf0 (0x4d1b4293) xori    t0, s6, 1233
core   0: 3 0x80000bf0 (0x4d1b4293) x 5 0xfc09486e
core   0: 0x80000bf4 (0x40e95293) srai    t0, s2, 14
core   0: 3 0x80000bf4 (0x40e95293) x 5 0x00000000
core   0: 0x80000bf8 (0xfe8d73e3) bgeu    s10, s0, pc - 26
core   0: 3 0x80000bf8 (0xfe8d73e3)
core   0: 0x80000bfc (0x40305e13) srai    t3, zero, 3
core   0: 3 0x80000bfc (0x40305e13) x28 0x00000000
core   0: 0x80000c00 (0x026f74b3) remu    s1, t5, t1
core   0: 3 0x80000c00 (0x026f74b3) x 9 0x00000000
core   0: 0x80000c04 (0xfa677de3) bgeu    a4, t1, pc - 70
core   0: 3 0x80000c04 (0xfa677de3)
core   0: 0x80000c08 (0x02ee8e33) mul     t3, t4, a4
core   0: 3 0x80000c08 (0x02ee8e33) x28 0x80818283
core   0: 0x80000c0c (0x0001b117) auipc   sp, 0x1b
core   0: 3 0x80000c0c (0x0001b117) x 2 0x8001bc0c
core   0: 0x80000c10 (0x25a10113) addi    sp, sp, 602
core   0: 3 0x80000c10 (0x25a10113) x 2 0x8001be66
core   0: 0x80000c14 (0x0000100f) fence.i
core   0: 3 0x80000c14 (0x0000100f)
core   0: 0x80000c18 (0x03d10403) lb      s0, 61(sp)
core   0: 3 0x80000c18 (0x03d10403) x 8 0x00000058 mem 0x8001bea3
core   0: 0x80000c1c (0x03d10383) lb      t2, 61(sp)
core   0: 3 0x80000c1c (0x03d10383) x 7 0x00000058 mem 0x8001bea3
core   0: 0x80000c20 (0x03d10a03) lb      s4, 61(sp)
core   0: 3 0x80000c20 (0x03d10a03) x20 0x00000058 mem 0x8001bea3
core   0: 0x80000c24 (0x01610aa3) sb      s6, 21(sp)
core   0: 3 0x80000c24 (0x01610aa3) mem 0x8001be7b 0xbf
core   0: 0x80000c28 (0x01610aa3) sb      s6, 21(sp)
core   0: 3 0x80000c28 (0x01610aa3) mem 0x8001be7b 0xbf
core   0: 0x80000c2c (0xff411e83) lh      t4, -12(sp)
core   0: 3 0x80000c2c (0xff411e83) x29 0x00001011 mem 0x8001be5a
core   0: 0x80000c30 (0x00008835) c.andi  s0, 13
core   0: 3 0x80000c30 (0x8835) x 8 0x00000008
core   0: 0x80000c32 (0x03710f83) lb      t6, 55(sp)
core   0: 3 0x80000c32 (0x03710f83) x31 0x00000056 mem 0x8001be9d
core   0: 0x80000c36 (0x03410ba3) sb      s4, 55(sp)
core   0: 3 0x80000c36 (0x03410ba3) mem 0x8001be9d 0x58
core   0: 0x80000c3a (0x03710403) lb      s0, 55(sp)
core   0: 3 0x80000c3a (0x03710403) x 8 0x00000058 mem 0x8001be9d
core   0: 0x80000c3e (0x03b10ba3) sb      s11, 55(sp)
core   0: 3 0x80000c3e (0x03b10ba3) mem 0x8001be9d 0x53
core   0: 0x80000c42 (0x02210ba3) sb      sp, 55(sp)
core   0: 3 0x80000c42 (0x02210ba3) mem 0x8001be9d 0x66
core   0: 0x80000c46 (0x03310ba3) sb      s3, 55(sp)
core   0: 3 0x80000c46 (0x03310ba3) mem 0x8001be9d 0x5e
core   0: 0x80000c4a (0x03710203) lb      tp, 55(sp)
core   0: 3 0x80000c4a (0x03710203) x 4 0x0000005e mem 0x8001be9d
core   0: 0x80000c4e (0x41835333) sra     t1, t1, s8
core   0: 3 0x80000c4e (0x41835333) x 6 0x00000000
core   0: 0x80000c52 (0x02c10ba3) sb      a2, 55(sp)
core   0: 3 0x80000c52 (0x02c10ba3) mem 0x8001be9d 0x5c
core   0: 0x80000c56 (0x03710903) lb      s2, 55(sp)
core   0: 3 0x80000c56 (0x03710903) x18 0x0000005c mem 0x8001be9d
core   0: 0x80000c5a (0x00212d23) sw      sp, 26(sp)
core   0: 3 0x80000c5a (0x00212d23) mem 0x8001be80 0x8001be66
core   0: 0x80000c5e (0x01a12b83) lw      s7, 26(sp)
core   0: 3 0x80000c5e (0x01a12b83) x23 0x8001be66 mem 0x8001be80
core   0: 0x80000c62 (0x01a11e83) lh      t4, 26(sp)
core   0: 3 0x80000c62 (0x01a11e83) x29 0xffffbe66 mem 0x8001be80
core   0: 0x80000c66 (0x02911123) sh      s1, 34(sp)
core   0: 3 0x80000c66 (0x02911123) mem 0x8001be88 0x0000
core   0: 0x80000c6a (0x02210383) lb      t2, 34(sp)
core   0: 3 0x80000c6a (0x02210383) x 7 0x00000000 mem 0x8001be88
core   0: 0x80000c6e (0x00010797) auipc   a5, 0x10
core   0: 3 0x80000c6e (0x00010797) x15 0x80010c6e
core   0: 0x80000c72 (0x53778793) addi    a5, a5, 1335
core   0: 3 0x80000c72 (0x53778793) x15 0x800111a5
core   0: 0x80000c76 (0xf4978723) sb      s1, -178(a5)
core   0: 3 0x80000c76 (0xf4978723) mem 0x800110f3 0x0
core   0: 0x80000c7a (0x0617d003) lhu     zero, 97(a5)
core   0: 3 0x80000c7a (0x0617d003) mem 0x80011206
core   0: 0x80000c7e (0x0001d197) auipc   gp, 0x1d
core   0: 3 0x80000c7e (0x0001d197) x 3 0x8001dc7e
core   0: 0x80000c82 (0x53318193) addi    gp, gp, 1331
core   0: 3 0x80000c82 (0x53318193) x 3 0x8001e1b1
core   0: 0x80000c86 (0x00418123) sb      tp, 2(gp)
core   0: 3 0x80000c86 (0x00418123) mem 0x8001e1b3 0x5e
core   0: 0x80000c8a (0x32478523) sb      tp, 810(a5)
core   0: 3 0x80000c8a (0x32478523) mem 0x800114cf 0x5e
core   0: 0x80000c8e (0x00018383) lb      t2, 0(gp)
core   0: 3 0x80000c8e (0x00018383) x 7 0x0000006a mem 0x8001e1b1
core   0: 0x80000c92 (0xebd78a23) sb      t4, -332(a5)
core   0: 3 0x80000c92 (0xebd78a23) mem 0x80011059 0x66
core   0: 0x80000c96 (0xfe119fa3) sh      ra, -1(gp)
core   0: 3 0x80000c96 (0xfe119fa3) mem 0x8001e1b0 0x0083
core   0: 0x80000c9a (0x46179aa3) sh      ra, 1141(a5)
core   0: 3 0x80000c9a (0x46179aa3) mem 0x8001161a 0x0083
core   0: 0x80000c9e (0x13e78ea3) sb      t5, 317(a5)
core   0: 3 0x80000c9e (0x13e78ea3) mem 0x800112e2 0x0
core   0: 0x80000ca2 (0xfff1c903) lbu     s2, -1(gp)
core   0: 3 0x80000ca2 (0xfff1c903) x18 0x00000083 mem 0x8001e1b0
core   0: 0x80000ca6 (0xfd27ada3) sw      s2, -37(a5)
core   0: 3 0x80000ca6 (0xfd27ada3) mem 0x80011180 0x00000083
core   0: 0x80000caa (0x0091a3a3) sw      s1, 7(gp)
core   0: 3 0x80000caa (0x0091a3a3) mem 0x8001e1b8 0x00000000
core   0: 0x80000cae (0x0eb7c383) lbu     t2, 235(a5)
core   0: 3 0x80000cae (0x0eb7c383) x 7 0x0000004b mem 0x80011290
core   0: 0x80000cb2 (0x000196a3) sh      zero, 13(gp)
core   0: 3 0x80000cb2 (0x000196a3) mem 0x8001e1be 0x0000
core   0: 0x80000cb6 (0xffd19803) lh      a6, -3(gp)
core   0: 3 0x80000cb6 (0xffd19803) x16 0x00006465 mem 0x8001e1ae
core   0: 0x80000cba (0x00014e17) auipc   t3, 0x14
core   0: 3 0x80000cba (0x00014e17) x28 0x80014cba
core   0: 0x80000cbe (0x632e0e13) addi    t3, t3, 1586
core   0: 3 0x80000cbe (0x632e0e13) x28 0x800152ec
core   0: 0x80000cc2 (0x8a4e0a03) lb      s4, -1884(t3)
core   0: 3 0x80000cc2 (0x8a4e0a03) x20 0x0000004b mem 0x80014b90
core   0: 0x80000cc6 (0x8aae0223) sb      a0, -1884(t3)
core   0: 3 0x80000cc6 (0x8aae0223) mem 0x80014b90 0xfe
core   0: 0x80000cca (0xf93e4183) lbu     gp, -109(t3)
core   0: 3 0x80000cca (0xf93e4183) x 3 0x00000034 mem 0x8001527f
core   0: 0x80000cce (0x00008f59) c.or    a4, a4
core   0: 3 0x80000cce (0x8f59) x14 0x00000001
core   0: 0x80000cd0 (0x19ae4f03) lbu     t5, 410(t3)
core   0: 3 0x80000cd0 (0x19ae4f03) x30 0x0000003d mem 0x80015486
core   0: 0x80000cd4 (0x1e9e0903) lb      s2, 489(t3)
core   0: 3 0x80000cd4 (0x1e9e0903) x18 0xffffff8e mem 0x800154d5
core   0: 0x80000cd8 (0x47ae0b23) sb      s10, 1142(t3)
core   0: 3 0x80000cd8 (0x47ae0b23) mem 0x80015762 0x1
core   0: 0x80000cdc (0xa3be4803) lbu     a6, -1477(t3)
core   0: 3 0x80000cdc (0xa3be4803) x16 0x000000dc mem 0x80014d27
core   0: 0x80000ce0 (0xa3be0f83) lb      t6, -1477(t3)
core   0: 3 0x80000ce0 (0xa3be0f83) x31 0xffffffdc mem 0x80014d27
core   0: 0x80000ce4 (0xa3be4c03) lbu     s8, -1477(t3)
core   0: 3 0x80000ce4 (0xa3be4c03) x24 0x000000dc mem 0x80014d27
core   0: 0x80000ce8 (0xfd7e0a03) lb      s4, -41(t3)
core   0: 3 0x80000ce8 (0xfd7e0a03) x20 0x00000078 mem 0x800152c3
core   0: 0x80000cec (0x428e4c03) lbu     s8, 1064(t3)
core   0: 3 0x80000cec (0x428e4c03) x24 0x000000cf mem 0x80015714
core   0: 0x80000cf0 (0x00200413) li      s0, 2
core   0: 3 0x80000cf0 (0x00200413) x 8 0x00000002
core   0: 0x80000cf4 (0xff600993) li      s3, -10
core   0: 3 0x80000cf4 (0xff600993) x19 0xfffffff6
core   0: 0x80000cf8 (0x00000252) c.slli  tp, 20
core   0: 3 0x80000cf8 (0x0252) x 4 0x05e00000
core   0: 0x80000cfa (0x03ed0633) mul     a2, s10, t5
core   0: 3 0x80000cfa (0x03ed0633) x12 0x0000003d
core   0: 0x80000cfe (0x000083f6) c.mv    t2, t4
core   0: 3 0x80000cfe (0x83f6) x 7 0xffffbe66
core   0: 0x80000d00 (0x00000001) c.nop
core   0: 3 0x80000d00 (0x0001)
core   0: 0x80000d02 (0x00001475) c.addi  s0, -3
core   0: 3 0x80000d02 (0x1475) x 8 0xffffffff
core   0: 0x80000d04 (0xff600713) li      a4, -10
core   0: 3 0x80000d04 (0xff600713) x14 0xfffffff6
core   0: 0x80000d08 (0xd990ec13) ori     s8, ra, -615
core   0: 3 0x80000d08 (0xd990ec13) x24 0xfffffd9b
core   0: 0x80000d0c (0xff700a13) li      s4, -9
core   0: 3 0x80000d0c (0xff700a13) x20 0xfffffff7
core   0: 0x80000d10 (0x013b1b93) slli    s7, s6, 19
core   0: 3 0x80000d10 (0x013b1b93) x23 0x65f80000
core   0: 0x80000d14 (0x038c7233) remu    tp, s8, s8
core   0: 3 0x80000d14 (0x038c7233) x 4 0x00000000
core   0: 0x80000d18 (0x00008b06) c.mv    s6, ra
core   0: 3 0x80000d18 (0x8b06) x22 0x00000083
core   0: 0x80000d1a (0x00005bfd) c.li    s7, -1
core   0: 3 0x80000d1a (0x5bfd) x23 0xffffffff
core   0: 0x80000d1c (0x0000070d) c.addi  a4, 3
core   0: 3 0x80000d1c (0x070d) x14 0xfffffff9
core   0: 0x80000d1e (0x00740633) add     a2, s0, t2
core   0: 3 0x80000d1e (0x00740633) x12 0xffffbe65
core   0: 0x80000d22 (0xff4749e3) blt     a4, s4, pc - 14
core   0: 3 0x80000d22 (0xff4749e3)
core   0: 0x80000d26 (0x038e0bb3) mul     s7, t3, s8
core   0: 3 0x80000d26 (0x038e0bb3) x23 0x7cd470e4
core   0: 0x80000d2a (0x00000001) c.nop
core   0: 3 0x80000d2a (0x0001)
core   0: 0x80000d2c (0x000098fd) c.andi  s1, -1
core   0: 3 0x80000d2c (0x98fd) x 9 0x00000000
core   0: 0x80000d2e (0x0000811d) c.srli  a0, 7
core   0: 3 0x80000d2e (0x811d) x10 0x01ffffff
core   0: 0x80000d30 (0xfd3405e3) beq     s0, s3, pc - 54
core   0: 3 0x80000d30 (0xfd3405e3)
core   0: 0x80000d34 (0xdded0f37) lui     t5, 0xdded0
core   0: 3 0x80000d34 (0xdded0f37) x30 0xdded0000
core   0: 0x80000d38 (0x00018117) auipc   sp, 0x18
core   0: 3 0x80000d38 (0x00018117) x 2 0x80018d38
core   0: 0x80000d3c (0xa2210113) addi    sp, sp, -1502
core   0: 3 0x80000d3c (0xa2210113) x 2 0x8001875a
core   0: 0x80000d40 (0x00008e7d) c.and   a2, a5
core   0: 3 0x80000d40 (0x8e7d) x12 0x80011025
core   0: 0x80000d42 (0x00008792) c.mv    a5, tp
core   0: 3 0x80000d42 (0x8792) x15 0x00000000
core   0: 0x80000d44 (0xf2314b83) lbu     s7, -221(sp)
core   0: 3 0x80000d44 (0xf2314b83) x23 0x00000036 mem 0x8001867d
core   0: 0x80000d48 (0x000009ae) c.slli  s3, 11
core   0: 3 0x80000d48 (0x09ae) x19 0xffffb000
core   0: 0x80000d4a (0x0e111123) sh      ra, 226(sp)
core   0: 3 0x80000d4a (0x0e111123) mem 0x8001883c 0x0083
core   0: 0x80000d4e (0x006d2db3) slt     s11, s10, t1
core   0: 3 0x80000d4e (0x006d2db3) x27 0x00000000
core   0: 0x80000d52 (0x0e610383) lb      t2, 230(sp)
core   0: 3 0x80000d52 (0x0e610383) x 7 0xfffffffb mem 0x80018840
core   0: 0x80000d56 (0x00008caa) c.mv    s9, a0
core   0: 3 0x80000d56 (0x8caa) x25 0x01ffffff
core   0: 0x80000d58 (0x02253233) mulhu   tp, a0, sp
core   0: 3 0x80000d58 (0x02253233) x 4 0x0100030e
core   0: 0x80000d5c (0x0ff0000f) fence   iorw,iorw
core   0: 3 0x80000d5c (0x0ff0000f)
core   0: 0x80000d60 (0xf7a11e83) lh      t4, -134(sp)
core   0: 3 0x80000d60 (0xf7a11e83) x29 0xffff8e8f mem 0x800186d4
core   0: 0x80000d64 (0x0ab10603) lb      a2, 171(sp)
core   0: 3 0x80000d64 (0x0ab10603) x12 0xffffffbe mem 0x80018805
core   0: 0x80000d68 (0xf2c10aa3) sb      a2, -203(sp)
core   0: 3 0x80000d68 (0xf2c10aa3) mem 0x8001868f 0xbe
core   0: 0x80000d6c (0x05f10283) lb      t0, 95(sp)
core   0: 3 0x80000d6c (0x05f10283) x 5 0x00000072 mem 0x800187b9
core   0: 0x80000d70 (0x06110603) lb      a2, 97(sp)
core   0: 3 0x80000d70 (0x06110603) x12 0x00000070 mem 0x800187bb
core   0: 0x80000d74 (0x00008789) c.srai  a5, 2
core   0: 3 0x80000d74 (0x8789) x15 0x00000000
core   0: 0x80000d76 (0x00b2fb33) and     s6, t0, a1
core   0: 3 0x80000d76 (0x00b2fb33) x22 0x00000000
core   0: 0x80000d7a (0x0ca11a03) lh      s4, 202(sp)
core   0: 3 0x80000d7a (0x0ca11a03) x20 0xffffdedf mem 0x80018824
core   0: 0x80000d7e (0x02124bb3) div     s7, tp, ra
core   0: 3 0x80000d7e (0x02124bb3) x23 0x0001f44c
core   0: 0x80000d82 (0x409b5933) sra     s2, s6, s1
core   0: 3 0x80000d82 (0x409b5933) x18 0x00000000
core   0: 0x80000d86 (0x08e15f03) lhu     t5, 142(sp)
core   0: 3 0x80000d86 (0x08e15f03) x30 0x0000a2a3 mem 0x800187e8
core   0: 0x80000d8a (0x00000746) c.slli  a4, 17
core   0: 3 0x80000d8a (0x0746) x14 0xfff20000
core   0: 0x80000d8c (0xfa710c03) lb      s8, -89(sp)
core   0: 3 0x80000d8c (0xfa710c03) x24 0xffffffba mem 0x80018701
core   0: 0x80000d90 (0x0d914083) lbu     ra, 217(sp)
core   0: 3 0x80000d90 (0x0d914083) x 1 0x000000e8 mem 0x80018833
core   0: 0x80000d94 (0xf6a10e23) sb      a0, -132(sp)
core   0: 3 0x80000d94 (0xf6a10e23) mem 0x800186d6 0xff
core   0: 0x80000d98 (0xf5f10c83) lb      s9, -161(sp)
core   0: 3 0x80000d98 (0xf5f10c83) x25 0x00000072 mem 0x800186b9
core   0: 0x80000d9c (0xff415c83) lhu     s9, -12(sp)
core   0: 3 0x80000d9c (0xff415c83) x25 0x00000405 mem 0x8001874e
core   0: 0x80000da0 (0x00011e17) auipc   t3, 0x11
core   0: 3 0x80000da0 (0x00011e17) x28 0x80011da0
core   0: 0x80000da4 (0x8c9e0e13) addi    t3, t3, -1847
core   0: 3 0x80000da4 (0x8c9e0e13) x28 0x80011669
core   0: 0x80000da8 (0x021e1c03) lh      s8, 33(t3)
core   0: 3 0x80000da8 (0x021e1c03) x24 0x00004041 mem 0x8001168a
core   0: 0x80000dac (0x00011417) auipc   s0, 0x11
core   0: 3 0x80000dac (0x00011417) x 8 0x80011dac
core   0: 0x80000db0 (0x1dd40413) addi    s0, s0, 477
core   0: 3 0x80000db0 (0x1dd40413) x 8 0x80011f89
core   0: 0x80000db4 (0xfd1429a3) sw      a7, -45(s0)
core   0: 3 0x80000db4 (0xfd1429a3) mem 0x80011f5c 0x80026e64
core   0: 0x80000db8 (0x038e0e23) sb      s8, 60(t3)
core   0: 3 0x80000db8 (0x038e0e23) mem 0x800116a5 0x41
core   0: 0x80000dbc (0x03340523) sb      s3, 42(s0)
core   0: 3 0x80000dbc (0x03340523) mem 0x80011fb3 0x0
core   0: 0x80000dc0 (0x00010097) auipc   ra, 0x10
core   0: 3 0x80000dc0 (0x00010097) x 1 0x80010dc0
core   0: 0x80000dc4 (0x5b008093) addi    ra, ra, 1456
core   0: 3 0x80000dc4 (0x5b008093) x 1 0x80011370
core   0: 0x80000dc8 (0x55d08a03) lb      s4, 1373(ra)
core   0: 3 0x80000dc8 (0x55d08a03) x20 0xffffff86 mem 0x800118cd
core   0: 0x80000dcc (0xfc6e0283) lb      t0, -58(t3)
core   0: 3 0x80000dcc (0xfc6e0283) x 5 0xffffffe4 mem 0x8001162f
core   0: 0x80000dd0 (0x00011797) auipc   a5, 0x11
core   0: 3 0x80000dd0 (0x00011797) x15 0x80011dd0
core   0: 0x80000dd4 (0xd1978793) addi    a5, a5, -743
core   0: 3 0x80000dd4 (0xd1978793) x15 0x80011ae9
core   0: 0x80000dd8 (0x70d08283) lb      t0, 1805(ra)
core   0: 3 0x80000dd8 (0x70d08283) x 5 0xffffff91 mem 0x80011a7d
core   0: 0x80000ddc (0x00011117) auipc   sp, 0x11
core   0: 3 0x80000ddc (0x00011117) x 2 0x80011ddc
core   0: 0x80000de0 (0xa1310113) addi    sp, sp, -1517
core   0: 3 0x80000de0 (0xa1310113) x 2 0x800117ef
core   0: 0x80000de4 (0xfc410323) sb      tp, -58(sp)
core   0: 3 0x80000de4 (0xfc410323) mem 0x800117b5 0xe
core   0: 0x80000de8 (0x0610c583) lbu     a1, 97(ra)
core   0: 3 0x80000de8 (0x0610c583) x11 0x0000008a mem 0x800113d1
core   0: 0x80000dec (0xfeb79583) lh      a1, -21(a5)
core   0: 3 0x80000dec (0xfeb79583) x11 0xffff8e8f mem 0x80011ad4
core   0: 0x80000df0 (0xfef10703) lb      a4, -17(sp)
core   0: 3 0x80000df0 (0xfef10703) x14 0xffffff95 mem 0x800117de
core   0: 0x80000df4 (0x012e0c23) sb      s2, 24(t3)
core   0: 3 0x80000df4 (0x012e0c23) mem 0x80011681 0x0
core   0: 0x80000df8 (0xf560cf83) lbu     t6, -170(ra)
core   0: 3 0x80000df8 (0xf560cf83) x31 0x0000007d mem 0x800112c6
core   0: 0x80000dfc (0x01de1283) lh      t0, 29(t3)
core   0: 3 0x80000dfc (0x01de1283) x 5 0x00003c3a mem 0x80011686
core   0: 0x80000e00 (0xf1708583) lb      a1, -233(ra)
core   0: 3 0x80000e00 (0xf1708583) x11 0x0000003c mem 0x80011287
core   0: 0x80000e04 (0xdee0d603) lhu     a2, -530(ra)
core   0: 3 0x80000e04 (0xdee0d603) x12 0x00001415 mem 0x8001115e
core   0: 0x80000e08 (0x03979c83) lh      s9, 57(a5)
core   0: 3 0x80000e08 (0x03979c83) x25 0xffffd8d9 mem 0x80011b22
core   0: 0x80000e0c (0xf0540b23) sb      t0, -234(s0)
core   0: 3 0x80000e0c (0xf0540b23) mem 0x80011e9f 0x3a
core   0: 0x80000e10 (0x16e08603) lb      a2, 366(ra)
core   0: 3 0x80000e10 (0x16e08603) x12 0xffffff95 mem 0x800114de
core   0: 0x80000e14 (0x03714303) lbu     t1, 55(sp)
core   0: 3 0x80000e14 (0x03714303) x 6 0x000000dd mem 0x80011826
core   0: 0x80000e18 (0xf0d45183) lhu     gp, -243(s0)
core   0: 3 0x80000e18 (0xf0d45183) x 3 0x00004c4d mem 0x80011e96
core   0: 0x80000e1c (0xfd314503) lbu     a0, -45(sp)
core   0: 3 0x80000e1c (0xfd314503) x10 0x00000079 mem 0x800117c2
core   0: 0x80000e20 (0x02e14603) lbu     a2, 46(sp)
core   0: 3 0x80000e20 (0x02e14603) x12 0x000000d6 mem 0x8001181d
core   0: 0x80000e24 (0xfe6e4483) lbu     s1, -26(t3)
core   0: 3 0x80000e24 (0xfe6e4483) x 9 0x00000004 mem 0x8001164f
core   0: 0x80000e28 (0xff911503) lh      a0, -7(sp)
core   0: 3 0x80000e28 (0xff911503) x10 0xffffa2a3 mem 0x800117e8
core   0: 0x80000e2c (0xfd210303) lb      t1, -46(sp)
core   0: 3 0x80000e2c (0xfd210303) x 6 0x0000007a mem 0x800117c1
core   0: 0x80000e30 (0x02540ba3) sb      t0, 55(s0)
core   0: 3 0x80000e30 (0x02540ba3) mem 0x80011fc0 0x3a
core   0: 0x80000e34 (0xfe2e0e23) sb      sp, -4(t3)
core   0: 3 0x80000e34 (0xfe2e0e23) mem 0x80011665 0xef
core   0: 0x80000e38 (0xfd278183) lb      gp, -46(a5)
core   0: 3 0x80000e38 (0xfd278183) x 3 0x00000070 mem 0x80011abb
core   0: 0x80000e3c (0xff440d03) lb      s10, -12(s0)
core   0: 3 0x80000e3c (0xff440d03) x26 0x00000036 mem 0x80011f7d
core   0: 0x80000e40 (0xff810603) lb      a2, -8(sp)
core   0: 3 0x80000e40 (0xff810603) x12 0xffffff9c mem 0x800117e7
core   0: 0x80000e44 (0xfe940a23) sb      s1, -12(s0)
core   0: 3 0x80000e44 (0xfe940a23) mem 0x80011f7d 0x4
core   0: 0x80000e48 (0x03010a23) sb      a6, 52(sp)
core   0: 3 0x80000e48 (0x03010a23) mem 0x80011823 0xdc
core   0: 0x80000e4c (0xfca14703) lbu     a4, -54(sp)
core   0: 3 0x80000e4c (0xfca14703) x14 0x00000072 mem 0x800117b9
core   0: 0x80000e50 (0xff37af83) lw      t6, -13(a5)
core   0: 3 0x80000e50 (0xff37af83) x31 0x94959697 mem 0x80011adc
core   0: 0x80000e54 (0xfde78da3) sb      t5, -37(a5)
core   0: 3 0x80000e54 (0xfde78da3) mem 0x80011ac4 0xa3
core   0: 0x80000e58 (0x00012417) auipc   s0, 0x12
core   0: 3 0x80000e58 (0x00012417) x 8 0x80012e58
core   0: 0x80000e5c (0x36640413) addi    s0, s0, 870
core   0: 3 0x80000e5c (0x36640413) x 8 0x800131be
core   0: 0x80000e60 (0x2fa42383) lw      t2, 762(s0)
core   0: 3 0x80000e60 (0x2fa42383) x 7 0x70717273 mem 0x800134b8
core   0: 0x80000e64 (0xefc41603) lh      a2, -260(s0)
core   0: 3 0x80000e64 (0xefc41603) x12 0x00007071 mem 0x800130ba
core   0: 0x80000e68 (0x02a54a33) div     s4, a0, a0
core   0: 3 0x80000e68 (0x02a54a33) x20 0x00000001
core   0: 0x80000e6c (0x72344c03) lbu     s8, 1827(s0)
core   0: 3 0x80000e6c (0x72344c03) x24 0x0000009a mem 0x800138e1
core   0: 0x80000e70 (0x0000997d) c.andi  a0, -1
core   0: 3 0x80000e70 (0x997d) x10 0xffffa2a3
core   0: 0x80000e72 (0xa4740223) sb      t2, -1468(s0)
core   0: 3 0x80000e72 (0xa4740223) mem 0x80012c02 0x73
core   0: 0x80000e76 (0x9a544c03) lbu     s8, -1627(s0)
core   0: 3 0x80000e76 (0x9a544c03) x24 0x00000018 mem 0x80012b63
core   0: 0x80000e7a (0xd7c40a03) lb      s4, -644(s0)
core   0: 3 0x80000e7a (0xd7c40a03) x20 0xfffffff1 mem 0x80012f3a
core   0: 0x80000e7e (0x0000997d) c.andi  a0, -1
core   0: 3 0x80000e7e (0x997d) x10 0xffffa2a3
core   0: 0x80000e80 (0x48740aa3) sb      t2, 1173(s0)
core   0: 3 0x80000e80 (0x48740aa3) mem 0x80013653 0x73
core   0: 0x80000e84 (0x00008e39) c.xor   a2, a4
core   0: 3 0x80000e84 (0x8e39) x12 0x00007003
core   0: 0x80000e86 (0x74e42b23) sw      a4, 1878(s0)
core   0: 3 0x80000e86 (0x74e42b23) mem 0x80013914 0x00000072
core   0: 0x80000e8a (0xc1440023) sb      s4, -1024(s0)
core   0: 3 0x80000e8a (0xc1440023) mem 0x80012dbe 0xf1
core   0: 0x80000e8e (0x00008a52) c.mv    s4, s4
core   0: 3 0x80000e8e (0x8a52) x20 0xfffffff1
core   0: 0x80000e90 (0xcb642c03) lw      s8, -842(s0)
core   0: 3 0x80000e90 (0xcb642c03) x24 0x2c2d2e2f mem 0x80012e74
core   0: 0x80000e94 (0x6ed44383) lbu     t2, 1773(s0)
core   0: 3 0x80000e94 (0x6ed44383) x 7 0x00000060 mem 0x800138ab
core   0: 0x80000e98 (0xe113f613) andi    a2, t2, -495
core   0: 3 0x80000e98 (0xe113f613) x12 0x00000000
core   0: 0x80000e9c (0x26241a03) lh      s4, 610(s0)
core   0: 3 0x80000e9c (0x26241a03) x20 0xffffdadb mem 0x80013420
core   0: 0x80000ea0 (0x2b441d23) sh      s4, 698(s0)
core   0: 3 0x80000ea0 (0x2b441d23) mem 0x80013478 0xdadb
core   0: 0x80000ea4 (0x31844503) lbu     a0, 792(s0)
core   0: 3 0x80000ea4 (0x31844503) x10 0x00000000 mem 0x800134d6
core   0: 0x80000ea8 (0xa8e48c37) lui     s8, 0xa8e48
core   0: 3 0x80000ea8 (0xa8e48c37) x24 0xa8e48000
core   0: 0x80000eac (0x30144c03) lbu     s8, 769(s0)
core   0: 3 0x80000eac (0x30144c03) x24 0x00000074 mem 0x800134bf
core   0: 0x80000eb0 (0x0000872d) c.srai  a4, 11
core   0: 3 0x80000eb0 (0x872d) x14 0x00000000
core   0: 0x80000eb2 (0x00a74a33) xor     s4, a4, a0
core   0: 3 0x80000eb2 (0x00a74a33) x20 0x00000000
core   0: 0x80000eb6 (0x47840fa3) sb      s8, 1151(s0)
core   0: 3 0x80000eb6 (0x47840fa3) mem 0x8001363d 0x74
core   0: 0x80000eba (0x0ff0000f) fence   iorw,iorw
core   0: 3 0x80000eba (0x0ff0000f)
core   0: 0x80000ebe (0xd2c40c03) lb      s8, -724(s0)
core   0: 3 0x80000ebe (0xd2c40c03) x24 0xffffffa1 mem 0x80012eea
core   0: 0x80000ec2 (0xe1845503) lhu     a0, -488(s0)
core   0: 3 0x80000ec2 (0xe1845503) x10 0x00008c8d mem 0x80012fd6
core   0: 0x80000ec6 (0x6e803c37) lui     s8, 0x6e803
core   0: 3 0x80000ec6 (0x6e803c37) x24 0x6e803000
core   0: 0x80000eca (0x02c64533) div     a0, a2, a2
core   0: 3 0x80000eca (0x02c64533) x10 0xffffffff
core   0: 0x80000ece (0x00008769) c.srai  a4, 26
core   0: 3 0x80000ece (0x8769) x14 0x00000000
core   0: 0x80000ed0 (0xcea44703) lbu     a4, -790(s0)
core   0: 3 0x80000ed0 (0xcea44703) x14 0x00000063 mem 0x80012ea8
core   0: 0x80000ed4 (0x6ac41a23) sh      a2, 1716(s0)
core   0: 3 0x80000ed4 (0x6ac41a23) mem 0x80013872 0x0000
core   0: 0x80000ed8 (0xbaa41423) sh      a0, -1112(s0)
core   0: 3 0x80000ed8 (0xbaa41423) mem 0x80012d66 0xffff
core   0: 0x80000edc (0xb32c2393) slti    t2, s8, -1230
core   0: 3 0x80000edc (0xb32c2393) x 7 0x00000000
core   0: 0x80000ee0 (0xefd44383) lbu     t2, -259(s0)
core   0: 3 0x80000ee0 (0xefd44383) x 7 0x00000070 mem 0x800130bb
core   0: 0x80000ee4 (0x3f544a03) lbu     s4, 1013(s0)
core   0: 3 0x80000ee4 (0x3f544a03) x20 0x00000068 mem 0x800135b3
core   0: 0x80000ee8 (0xaa7409a3) sb      t2, -1357(s0)
core   0: 3 0x80000ee8 (0xaa7409a3) mem 0x80012c71 0x70
core   0: 0x80000eec (0x83840ea3) sb      s8, -1987(s0)
core   0: 3 0x80000eec (0x83840ea3) mem 0x800129fb 0x0
core   0: 0x80000ef0 (0x018513b3) sll     t2, a0, s8
core   0: 3 0x80000ef0 (0x018513b3) x 7 0xffffffff
core   0: 0x80000ef4 (0x00006a2d) c.lui   s4, 0xb
core   0: 3 0x80000ef4 (0x6a2d) x20 0x0000b000
core   0: 0x80000ef6 (0x00ea3533) sltu    a0, s4, a4
core   0: 3 0x80000ef6 (0x00ea3533) x10 0x00000000
core   0: 0x80000efa (0x45944603) lbu     a2, 1113(s0)
core   0: 3 0x80000efa (0x45944603) x12 0x000000cc mem 0x80013617
core   0: 0x80000efe (0xf8a42c03) lw      s8, -118(s0)
core   0: 3 0x80000efe (0xf8a42c03) x24 0x00010203 mem 0x80013148
core   0: 0x80000f02 (0x42e407a3) sb      a4, 1071(s0)
core   0: 3 0x80000f02 (0x42e407a3) mem 0x800135ed 0x63
core   0: 0x80000f06 (0x018000ef) jal     pc + 0x18
core   0: 3 0x80000f06 (0x018000ef) x 1 0x80000f0a
core   0: 0x80000f1e (0x000037f5) c.jal   pc - 20
core   0: 3 0x80000f1e (0x37f5) x 1 0x80000f20
core   0: 0x80000f0a (0x0000a815) c.j     pc + 52
core   0: 3 0x80000f0a (0xa815)
core   0: 0x80000f3e (0x0000bfdd) c.j     pc - 10
core   0: 3 0x80000f3e (0xbfdd)
core   0: 0x80000f34 (0x0000b7f5) c.j     pc - 20
core   0: 3 0x80000f34 (0xb7f5)
core   0: 0x80000f20 (0x0000b7fd) c.j     pc - 18
core   0: 3 0x80000f20 (0xb7fd)
core   0: 0x80000f0e (0x00002035) c.jal   pc + 44
core   0: 3 0x80000f0e (0x2035) x 1 0x80000f10
core   0: 0x80000f3a (0xfebff0ef) jal     pc - 0x16
core   0: 3 0x80000f3a (0xfebff0ef) x 1 0x80000f3e
core   0: 0x80000f24 (0xff7ff36f) jal     t1, pc - 0xa
core   0: 3 0x80000f24 (0xff7ff36f) x 6 0x80000f28
core   0: 0x80000f1a (0x00003fdd) c.jal   pc - 10
core   0: 3 0x80000f1a (0x3fdd) x 1 0x80000f1c
core   0: 0x80000f10 (0x0080036f) jal     t1, pc + 0x8
core   0: 3 0x80000f10 (0x0080036f) x 6 0x80000f14
core   0: 0x80000f18 (0x0000a811) c.j     pc + 20
core   0: 3 0x80000f18 (0xa811)
core   0: 0x80000f2c (0x00002811) c.jal   pc + 20
core   0: 3 0x80000f2c (0x2811) x 1 0x80000f2e
core   0: 0x80000f40 (0x000037fd) c.jal   pc - 18
core   0: 3 0x80000f40 (0x37fd) x 1 0x80000f42
core   0: 0x80000f2e (0x00003fed) c.jal   pc - 6
core   0: 3 0x80000f2e (0x3fed) x 1 0x80000f30
core   0: 0x80000f28 (0xfedff36f) jal     t1, pc - 0x14
core   0: 3 0x80000f28 (0xfedff36f) x 6 0x80000f2c
core   0: 0x80000f14 (0x0080036f) jal     t1, pc + 0x8
core   0: 3 0x80000f14 (0x0080036f) x 6 0x80000f18
core   0: 0x80000f1c (0x00003fc5) c.jal   pc - 16
core   0: 3 0x80000f1c (0x3fc5) x 1 0x80000f1e
core   0: 0x80000f0c (0x0000202d) c.jal   pc + 42
core   0: 3 0x80000f0c (0x202d) x 1 0x80000f0e
core   0: 0x80000f36 (0x00003fed) c.jal   pc - 6
core   0: 3 0x80000f36 (0x3fed) x 1 0x80000f38
core   0: 0x80000f30 (0xff3ff4ef) jal     s1, pc - 0xe
core   0: 3 0x80000f30 (0xff3ff4ef) x 9 0x80000f34
core   0: 0x80000f22 (0x00002819) c.jal   pc + 22
core   0: 3 0x80000f22 (0x2819) x 1 0x80000f24
core   0: 0x80000f38 (0x0000a029) c.j     pc + 10
core   0: 3 0x80000f38 (0xa029)
core   0: 0x80000f42 (0x033a3233) mulhu   tp, s4, s3
core   0: 3 0x80000f42 (0x033a3233) x 4 0x0000afff
core   0: 0x80000f46 (0x00010097) auipc   ra, 0x10
core   0: 3 0x80000f46 (0x00010097) x 1 0x80010f46
core   0: 0x80000f4a (0x28208093) addi    ra, ra, 642
core   0: 3 0x80000f4a (0x28208093) x 1 0x800111c8
core   0: 0x80000f4e (0xffd088a3) sb      t4, -15(ra)
core   0: 3 0x80000f4e (0xffd088a3) mem 0x800111b9 0x8f
core   0: 0x80000f52 (0x00000001) c.nop
core   0: 3 0x80000f52 (0x0001)
core   0: 0x80000f54 (0x018f9813) slli    a6, t6, 24
core   0: 3 0x80000f54 (0x018f9813) x16 0x97000000
core   0: 0x80000f58 (0xff10c803) lbu     a6, -15(ra)
core   0: 3 0x80000f58 (0xff10c803) x16 0x0000008f mem 0x800111b9
core   0: 0x80000f5c (0x00b4d293) srli    t0, s1, 11
core   0: 3 0x80000f5c (0x00b4d293) x 5 0x00100001
core   0: 0x80000f60 (0x00008c8d) c.sub   s1, a1
core   0: 3 0x80000f60 (0x8c8d) x 9 0x80000ef8
core   0: 0x80000f62 (0x41df82b3) sub     t0, t6, t4
core   0: 3 0x80000f62 (0x41df82b3) x 5 0x94960808
core   0: 0x80000f66 (0x000098fd) c.andi  s1, -1
core   0: 3 0x80000f66 (0x98fd) x 9 0x80000ef8
core   0: 0x80000f68 (0x00008fc2) c.mv    t6, a6
core   0: 3 0x80000f68 (0x8fc2) x31 0x0000008f
core   0: 0x80000f6a (0x01d0a423) sw      t4, 8(ra)
core   0: 3 0x80000f6a (0x01d0a423) mem 0x800111d0 0xffff8e8f
core   0: 0x80000f6e (0x00009803) lh      a6, 0(ra)
core   0: 3 0x80000f6e (0x00009803) x16 0xffff8283 mem 0x800111c8
core   0: 0x80000f72 (0x00b0c283) lbu     t0, 11(ra)
core   0: 3 0x80000f72 (0x00b0c283) x 5 0x000000ff mem 0x800111d3
core   0: 0x80000f76 (0x03dfe833) rem     a6, t6, t4
core   0: 3 0x80000f76 (0x03dfe833) x16 0x0000008f
core   0: 0x80000f7a (0x0000187d) c.addi  a6, -1
core   0: 3 0x80000f7a (0x187d) x16 0x0000008e
core   0: 0x80000f7c (0x0090a623) sw      s1, 12(ra)
core   0: 3 0x80000f7c (0x0090a623) mem 0x800111d4 0x80000ef8
core   0: 0x80000f80 (0x00508583) lb      a1, 5(ra)
core   0: 3 0x80000f80 (0x00508583) x11 0xffffff86 mem 0x800111cd
core   0: 0x80000f84 (0xff30c483) lbu     s1, -13(ra)
core   0: 3 0x80000f84 (0xff30c483) x 9 0x00000070 mem 0x800111bb
core   0: 0x80000f88 (0xff30c803) lbu     a6, -13(ra)
core   0: 3 0x80000f88 (0xff30c803) x16 0x00000070 mem 0x800111bb
core   0: 0x80000f8c (0x0040cf83) lbu     t6, 4(ra)
core   0: 3 0x80000f8c (0x0040cf83) x31 0x00000087 mem 0x800111cc
core   0: 0x80000f90 (0xfe909f23) sh      s1, -2(ra)
core   0: 3 0x80000f90 (0xfe909f23) mem 0x800111c6 0x0070
core   0: 0x80000f94 (0xfe508ca3) sb      t0, -7(ra)
core   0: 3 0x80000f94 (0xfe508ca3) mem 0x800111c1 0xff
core   0: 0x80000f98 (0xff008fa3) sb      a6, -1(ra)
core   0: 3 0x80000f98 (0xff008fa3) mem 0x800111c7 0x70
core   0: 0x80000f9c (0xff108f83) lb      t6, -15(ra)
core   0: 3 0x80000f9c (0xff108f83) x31 0xffffff8f mem 0x800111b9
core   0: 0x80000fa0 (0x009085a3) sb      s1, 11(ra)
core   0: 3 0x80000fa0 (0x009085a3) mem 0x800111d3 0x70
core   0: 0x80000fa4 (0x000045dd) c.li    a1, 23
core   0: 3 0x80000fa4 (0x45dd) x11 0x00000017
core   0: 0x80000fa6 (0x00000e89) c.addi  t4, 2
core   0: 3 0x80000fa6 (0x0e89) x29 0xffff8e91
core   0: 0x80000fa8 (0xff009e83) lh      t4, -16(ra)
core   0: 3 0x80000fa8 (0xff009e83) x29 0xffff8f73 mem 0x800111b8
core   0: 0x80000fac (0x00006fe5) c.lui   t6, 0x19
core   0: 3 0x80000fac (0x6fe5) x31 0x00019000
core   0: 0x80000fae (0x00708f83) lb      t6, 7(ra)
core   0: 3 0x80000fae (0x00708f83) x31 0xffffff84 mem 0x800111cf
core   0: 0x80000fb2 (0xaaa86593) ori     a1, a6, -1366
core   0: 3 0x80000fb2 (0xaaa86593) x11 0xfffffafa
core   0: 0x80000fb6 (0xfff089a3) sb      t6, -13(ra)
core   0: 3 0x80000fb6 (0xfff089a3) mem 0x800111bb 0x84
core   0: 0x80000fba (0x0ff0000f) fence   iorw,iorw
core   0: 3 0x80000fba (0x0ff0000f)
core   0: 0x80000fbe (0x00d08803) lb      a6, 13(ra)
core   0: 3 0x80000fbe (0x00d08803) x16 0x0000000e mem 0x800111d5
core   0: 0x80000fc2 (0x00009876) c.add   a6, t4
core   0: 3 0x80000fc2 (0x9876) x16 0xffff8f81
core   0: 0x80000fc4 (0x0305c2b3) div     t0, a1, a6
core   0: 3 0x80000fc4 (0x0305c2b3) x 5 0x00000000
core   0: 0x80000fc8 (0x00008ef6) c.mv    t4, t4
core   0: 3 0x80000fc8 (0x8ef6) x29 0xffff8f73
core   0: 0x80000fca (0x0105c4b3) xor     s1, a1, a6
core   0: 3 0x80000fca (0x0105c4b3) x 9 0x0000757b
core   0: 0x80000fce (0x00508e83) lb      t4, 5(ra)
core   0: 3 0x80000fce (0x00508e83) x29 0xffffff86 mem 0x800111cd
core   0: 0x80000fd2 (0x01008323) sb      a6, 6(ra)
core   0: 3 0x80000fd2 (0x01008323) mem 0x800111ce 0x81
core   0: 0x80000fd6 (0x014000ef) jal     pc + 0x14
core   0: 3 0x80000fd6 (0x014000ef) x 1 0x80000fda
core   0: 0x80000fea (0xff1ff0ef) jal     pc - 0x10
core   0: 3 0x80000fea (0xff1ff0ef) x 1 0x80000fee
core   0: 0x80000fda (0x00002009) c.jal   pc + 2
core   0: 3 0x80000fda (0x2009) x 1 0x80000fdc
core   0: 0x80000fdc (0x00002019) c.jal   pc + 6
core   0: 3 0x80000fdc (0x2019) x 1 0x80000fde
core   0: 0x80000fe2 (0x00c000ef) jal     pc + 0xc
core   0: 3 0x80000fe2 (0x00c000ef) x 1 0x80000fe6
core   0: 0x80000fee (0x00003fed) c.jal   pc - 6
core   0: 3 0x80000fee (0x3fed) x 1 0x80000ff0
core   0: 0x80000fe8 (0x0000bfe5) c.j     pc - 8
core   0: 3 0x80000fe8 (0xbfe5)
core   0: 0x80000fe0 (0x00002801) c.jal   pc + 16
core   0: 3 0x80000fe0 (0x2801) x 1 0x80000fe2
core   0: 0x80000ff0 (0x00003fdd) c.jal   pc - 10
core   0: 3 0x80000ff0 (0x3fdd) x 1 0x80000ff2
core   0: 0x80000fe6 (0x00003fe5) c.jal   pc - 8
core   0: 3 0x80000fe6 (0x3fe5) x 1 0x80000fe8
core   0: 0x80000fde (0x00002811) c.jal   pc + 20
core   0: 3 0x80000fde (0x2811) x 1 0x80000fe0
core   0: 0x80000ff2 (0xb181f793) andi    a5, gp, -1256
core   0: 3 0x80000ff2 (0xb181f793) x15 0x00000010
core   0: 0x80000ff6 (0x00011817) auipc   a6, 0x11
core   0: 3 0x80000ff6 (0x00011817) x16 0x80011ff6
core   0: 0x80000ffa (0x8a280813) addi    a6, a6, -1886
core   0: 3 0x80000ffa (0x8a280813) x16 0x80011898
core   0: 0x80000ffe (0x00180ca3) sb      ra, 25(a6)
core   0: 3 0x80000ffe (0x00180ca3) mem 0x800118b1 0xe0
core   0: 0x80001002 (0x028709b3) mul     s3, a4, s0
core   0: 3 0x80001002 (0x028709b3) x19 0x80763c7a
core   0: 0x80001006 (0x411c5993) srai    s3, s8, 17
core   0: 3 0x80001006 (0x411c5993) x19 0x00000000
core   0: 0x8000100a (0x03dc30b3) mulhu   ra, s8, t4
core   0: 3 0x8000100a (0x03dc30b3) x 1 0x00010202
core   0: 0x8000100e (0xfe285983) lhu     s3, -30(a6)
core   0: 3 0x8000100e (0xfe285983) x19 0x00000000 mem 0x8001187a
core   0: 0x80001012 (0x01a81e83) lh      t4, 26(a6)
core   0: 3 0x80001012 (0x01a81e83) x29 0x00006869 mem 0x800118b2
core   0: 0x80001016 (0xb2dc0e93) addi    t4, s8, -1235
core   0: 3 0x80001016 (0xb2dc0e93) x29 0x0000fd30
core   0: 0x8000101a (0xff885983) lhu     s3, -8(a6)
core   0: 3 0x8000101a (0xff885983) x19 0x00004a4b mem 0x80011890
core   0: 0x8000101e (0x03840c33) mul     s8, s0, s8
core   0: 3 0x8000101e (0x03840c33) x24 0xb425113a
core   0: 0x80001022 (0x03d71733) mulh    a4, a4, t4
core   0: 3 0x80001022 (0x03d71733) x14 0x00000000
core   0: 0x80001026 (0xfc880983) lb      s3, -56(a6)
core   0: 3 0x80001026 (0xfc880983) x19 0x0000001b mem 0x80011860
core   0: 0x8000102a (0x00e75eb3) srl     t4, a4, a4
core   0: 3 0x8000102a (0x00e75eb3) x29 0x00000000
core   0: 0x8000102e (0x0000608d) c.lui   ra, 0x3
core   0: 3 0x8000102e (0x608d) x 1 0x00003000
core   0: 0x80001030 (0x00008f79) c.and   a4, a4
core   0: 3 0x80001030 (0x8f79) x14 0x00000000
core   0: 0x80001032 (0x008779b3) and     s3, a4, s0
core   0: 3 0x80001032 (0x008779b3) x19 0x00000000
core   0: 0x80001036 (0x03d809a3) sb      t4, 51(a6)
core   0: 3 0x80001036 (0x03d809a3) mem 0x800118cb 0x0
core   0: 0x8000103a (0xfd684e83) lbu     t4, -42(a6)
core   0: 3 0x8000103a (0xfd684e83) x29 0x00000025 mem 0x8001186e
core   0: 0x8000103e (0x00000001) c.nop
core   0: 3 0x8000103e (0x0001)
core   0: 0x80001040 (0x03ded733) divu    a4, t4, t4
core   0: 3 0x80001040 (0x03ded733) x14 0x00000001
core   0: 0x80001044 (0xfd3806a3) sb      s3, -51(a6)
core   0: 3 0x80001044 (0xfd3806a3) mem 0x80011865 0x0
core   0: 0x80001048 (0x038ef9b3) remu    s3, t4, s8
core   0: 3 0x80001048 (0x038ef9b3) x19 0x00000025
core   0: 0x8000104c (0x03f80983) lb      s3, 63(a6)
core   0: 3 0x8000104c (0x03f80983) x19 0xffffff8c mem 0x800118d7
core   0: 0x80001050 (0x29774093) xori    ra, a4, 663
core   0: 3 0x80001050 (0x29774093) x 1 0x00000296
core   0: 0x80001054 (0x03870eb3) mul     t4, a4, s8
core   0: 3 0x80001054 (0x03870eb3) x29 0xb425113a
core   0: 0x80001058 (0x00e77433) and     s0, a4, a4
core   0: 3 0x80001058 (0x00e77433) x 8 0x00000001
core   0: 0x8000105c (0x00ec3eb3) sltu    t4, s8, a4
core   0: 3 0x8000105c (0x00ec3eb3) x29 0x00000000
core   0: 0x80001060 (0xe9a74e93) xori    t4, a4, -358
core   0: 3 0x80001060 (0xe9a74e93) x29 0xfffffe9b
core   0: 0x80001064 (0x01b84703) lbu     a4, 27(a6)
core   0: 3 0x80001064 (0x01b84703) x14 0x00000068 mem 0x800118b3
core   0: 0x80001068 (0x00011117) auipc   sp, 0x11
core   0: 3 0x80001068 (0x00011117) x 2 0x80012068
core   0: 0x8000106c (0xb4a10113) addi    sp, sp, -1206
core   0: 3 0x8000106c (0xb4a10113) x 2 0x80011bb2
core   0: 0x80001070 (0xffa12d03) lw      s10, -6(sp)
core   0: 3 0x80001070 (0xffa12d03) x26 0x64656667 mem 0x80011bac
core   0: 0x80001074 (0x033751b3) divu    gp, a4, s3
core   0: 3 0x80001074 (0x033751b3) x 3 0x00000000
core   0: 0x80001078 (0xfff14383) lbu     t2, -1(sp)
core   0: 3 0x80001078 (0xfff14383) x 7 0x0000006a mem 0x80011bb1
core   0: 0x8000107c (0x00008c31) c.xor   s0, a2
core   0: 3 0x8000107c (0x8c31) x 8 0x000000cd
core   0: 0x8000107e (0x025e1033) mulh    zero, t3, t0
core   0: 3 0x8000107e (0x025e1033)
core   0: 0x80001082 (0x01e103a3) sb      t5, 7(sp)
core   0: 3 0x80001082 (0x01e103a3) mem 0x80011bb9 0xa3
core   0: 0x80001086 (0x00910d03) lb      s10, 9(sp)
core   0: 3 0x80001086 (0x00910d03) x26 0x00000070 mem 0x80011bbb
core   0: 0x8000108a (0xffe11f23) sh      t5, -2(sp)
core   0: 3 0x8000108a (0xffe11f23) mem 0x80011bb0 0xa2a3
core   0: 0x8000108e (0xff510503) lb      a0, -11(sp)
core   0: 3 0x8000108e (0xff510503) x10 0x0000005c mem 0x80011ba7
core   0: 0x80001092 (0xff211283) lh      t0, -14(sp)
core   0: 3 0x80001092 (0xff211283) x 5 0x00005e5f mem 0x80011ba4
core   0: 0x80001096 (0x00110d83) lb      s11, 1(sp)
core   0: 3 0x80001096 (0x00110d83) x27 0x00000068 mem 0x80011bb3
core   0: 0x8000109a (0x000000e6) c.slli  ra, 25
core   0: 3 0x8000109a (0x00e6) x 1 0x2c000000
core   0: 0x8000109c (0x00014003) lbu     zero, 0(sp)
core   0: 3 0x8000109c (0x00014003) mem 0x80011bb2
core   0: 0x800010a0 (0x103f6f17) auipc   t5, 0x103f6
core   0: 3 0x800010a0 (0x103f6f17) x30 0x903f70a0
core   0: 0x800010a4 (0x00714083) lbu     ra, 7(sp)
core   0: 3 0x800010a4 (0x00714083) x 1 0x000000a3 mem 0x80011bb9
core   0: 0x800010a8 (0x00814203) lbu     tp, 8(sp)
core   0: 3 0x800010a8 (0x00814203) x 4 0x00000071 mem 0x80011bba
core   0: 0x800010ac (0xff610da3) sb      s6, -5(sp)
core   0: 3 0x800010ac (0xff610da3) mem 0x80011bad 0x0
core   0: 0x800010b0 (0x00008d0a) c.mv    s10, sp
core   0: 3 0x800010b0 (0x8d0a) x26 0x80011bb2
core   0: 0x800010b2 (0xff811e83) lh      t4, -8(sp)
core   0: 3 0x800010b2 (0xff811e83) x29 0x00006061 mem 0x80011baa
core   0: 0x800010b6 (0xffb14c03) lbu     s8, -5(sp)
core   0: 3 0x800010b6 (0xffb14c03) x24 0x00000000 mem 0x80011bad
core   0: 0x800010ba (0x00000e66) c.slli  t3, 25
core   0: 3 0x800010ba (0x0e66) x28 0xd2000000
core   0: 0x800010bc (0x01f106a3) sb      t6, 13(sp)
core   0: 3 0x800010bc (0x01f106a3) mem 0x80011bbf 0x84
core   0: 0x800010c0 (0xff910783) lb      a5, -7(sp)
core   0: 3 0x800010c0 (0xff910783) x15 0x00000060 mem 0x80011bab
core   0: 0x800010c4 (0x01810623) sb      s8, 12(sp)
core   0: 3 0x800010c4 (0x01810623) mem 0x80011bbe 0x0
core   0: 0x800010c8 (0xff415783) lhu     a5, -12(sp)
core   0: 3 0x800010c8 (0xff415783) x15 0x00005c5d mem 0x80011ba6
core   0: 0x800010cc (0x00000001) c.nop
core   0: 3 0x800010cc (0x0001)
core   0: 0x800010ce (0x00415283) lhu     t0, 4(sp)
core   0: 3 0x800010ce (0x00415283) x 5 0x00006c6d mem 0x80011bb6
core   0: 0x800010d2 (0xff514203) lbu     tp, -11(sp)
core   0: 3 0x800010d2 (0xff514203) x 4 0x0000005c mem 0x80011ba7
core   0: 0x800010d6 (0x0ff0000f) fence   iorw,iorw
core   0: 3 0x800010d6 (0x0ff0000f)
core   0: 0x800010da (0x41c75e33) sra     t3, a4, t3
core   0: 3 0x800010da (0x41c75e33) x28 0x00000068
core   0: 0x800010de (0x031c52b3) divu    t0, s8, a7
core   0: 3 0x800010de (0x031c52b3) x 5 0x00000000
core   0: 0x800010e2 (0x00014403) lbu     s0, 0(sp)
core   0: 3 0x800010e2 (0x00014403) x 8 0x00000069 mem 0x80011bb2
core   0: 0x800010e6 (0xff114303) lbu     t1, -15(sp)
core   0: 3 0x800010e6 (0xff114303) x 6 0x00000058 mem 0x80011ba3
core   0: 0x800010ea (0x01d101a3) sb      t4, 3(sp)
core   0: 3 0x800010ea (0x01d101a3) mem 0x80011bb5 0x61
core   0: 0x800010ee (0xff215c83) lhu     s9, -14(sp)
core   0: 3 0x800010ee (0xff215c83) x25 0x00005e5f mem 0x80011ba4
core   0: 0x800010f2 (0x02676933) rem     s2, a4, t1
core   0: 3 0x800010f2 (0x02676933) x18 0x00000010
core   0: 0x800010f6 (0x00310903) lb      s2, 3(sp)
core   0: 3 0x800010f6 (0x00310903) x18 0x00000061 mem 0x80011bb5
core   0: 0x800010fa (0xff414283) lbu     t0, -12(sp)
core   0: 3 0x800010fa (0xff414283) x 5 0x0000005d mem 0x80011ba6
core   0: 0x800010fe (0x00004d61) c.li    s10, 24
core   0: 3 0x800010fe (0x4d61) x26 0x00000018
core   0: 0x80001100 (0x8f53ef13) ori     t5, t2, -1803
core   0: 3 0x80001100 (0x8f53ef13) x30 0xfffff8ff
core   0: 0x80001104 (0xffa10aa3) sb      s10, -11(sp)
core   0: 3 0x80001104 (0xffa10aa3) mem 0x80011ba7 0x18
core   0: 0x80001108 (0x038c2bb3) mulhsu  s7, s8, s8
core   0: 3 0x80001108 (0x038c2bb3) x23 0x00000000
core   0: 0x8000110c (0xff014403) lbu     s0, -16(sp)
core   0: 3 0x8000110c (0xff014403) x 8 0x00000059 mem 0x80011ba2
core   0: 0x80001110 (0x018000ef) jal     pc + 0x18
core   0: 3 0x80001110 (0x018000ef) x 1 0x80001114
core   0: 0x80001128 (0x00002009) c.jal   pc + 2
core   0: 3 0x80001128 (0x2009) x 1 0x8000112a
core   0: 0x8000112a (0xff9ffeef) jal     t4, pc - 0x8
core   0: 3 0x8000112a (0xff9ffeef) x29 0x8000112e
core   0: 0x80001122 (0x00003ff5) c.jal   pc - 4
core   0: 3 0x80001122 (0x3ff5) x 1 0x80001124
core   0: 0x8000111e (0x0000a009) c.j     pc + 2
core   0: 3 0x8000111e (0xa009)
core   0: 0x80001120 (0x0000a011) c.j     pc + 4
core   0: 3 0x80001120 (0xa011)
core   0: 0x80001124 (0x00002009) c.jal   pc + 2
core   0: 3 0x80001124 (0x2009) x 1 0x80001126
core   0: 0x80001126 (0x0000bfdd) c.j     pc - 10
core   0: 3 0x80001126 (0xbfdd)
core   0: 0x8000111c (0x00003fed) c.jal   pc - 6
core   0: 3 0x8000111c (0x3fed) x 1 0x8000111e
core   0: 0x80001116 (0xfffff7ef) jal     a5, pc - 0x2
core   0: 3 0x80001116 (0xfffff7ef) x15 0x8000111a
core   0: 0x80001114 (0x00002829) c.jal   pc + 26
core   0: 3 0x80001114 (0x2829) x 1 0x80001116
core   0: 0x8000112e (0xfedff0ef) jal     pc - 0x14
core   0: 3 0x8000112e (0xfedff0ef) x 1 0x80001132
core   0: 0x8000111a (0x00002821) c.jal   pc + 24
core   0: 3 0x8000111a (0x2821) x 1 0x8000111c
core   0: 0x80001132 (0x00c79c13) slli    s8, a5, 12
core   0: 3 0x80001132 (0x00c79c13) x24 0x0111a000
core   0: 0x80001136 (0x00014117) auipc   sp, 0x14
core   0: 3 0x80001136 (0x00014117) x 2 0x80015136
core   0: 0x8000113a (0xdd610113) addi    sp, sp, -554
core   0: 3 0x8000113a (0xdd610113) x 2 0x80014f0c
core   0: 0x8000113e (0x03110903) lb      s2, 49(sp)
core   0: 3 0x8000113e (0x03110903) x18 0xfffffff6 mem 0x80014f3d
core   0: 0x80001142 (0x0bf10523) sb      t6, 170(sp)
core   0: 3 0x80001142 (0x0bf10523) mem 0x80014fb6 0x84
core   0: 0x80001146 (0x01ef3f33) sltu    t5, t5, t5
core   0: 3 0x80001146 (0x01ef3f33) x30 0x00000000
core   0: 0x8000114a (0x411fdf13) srai    t5, t6, 17
core   0: 3 0x8000114a (0x411fdf13) x30 0xffffffff
core   0: 0x8000114e (0x00008ca5) c.xor   s1, s1
core   0: 3 0x8000114e (0x8ca5) x 9 0x00000000
core   0: 0x80001150 (0x00d10383) lb      t2, 13(sp)
core   0: 3 0x80001150 (0x00d10383) x 7 0xffffffd2 mem 0x80014f19
core   0: 0x80001154 (0x0ff0000f) fence   iorw,iorw
core   0: 3 0x80001154 (0x0ff0000f)
core   0: 0x80001158 (0x00001efd) c.addi  t4, -1
core   0: 3 0x80001158 (0x1efd) x29 0x8000112d
core   0: 0x8000115a (0x03df5eb3) divu    t4, t5, t4
core   0: 3 0x8000115a (0x03df5eb3) x29 0x00000001
core   0: 0x8000115e (0x00000001) c.nop
core   0: 3 0x8000115e (0x0001)
core   0: 0x80001160 (0x0293d3b3) divu    t2, t2, s1
core   0: 3 0x80001160 (0x0293d3b3) x 7 0xffffffff
core   0: 0x80001164 (0xfc710f03) lb      t5, -57(sp)
core   0: 3 0x80001164 (0xfc710f03) x30 0xffffff88 mem 0x80014ed3
core   0: 0x80001168 (0x41df5fb3) sra     t6, t5, t4
core   0: 3 0x80001168 (0x41df5fb3) x31 0xffffffc4
core   0: 0x8000116c (0x00000001) c.nop
core   0: 3 0x8000116c (0x0001)
core   0: 0x8000116e (0x0e610e83) lb      t4, 230(sp)
core   0: 3 0x8000116e (0x0e610e83) x29 0xffffffa9 mem 0x80014ff2
core   0: 0x80001172 (0x03f3d3b3) divu    t2, t2, t6
core   0: 3 0x80001172 (0x03f3d3b3) x 7 0x00000001
core   0: 0x80001176 (0x0124b933) sltu    s2, s1, s2
core   0: 3 0x80001176 (0x0124b933) x18 0x00000001
core   0: 0x8000117a (0x00000001) c.nop
core   0: 3 0x8000117a (0x0001)
core   0: 0x8000117c (0x000063c5) c.lui   t2, 0x11
core   0: 3 0x8000117c (0x63c5) x 7 0x00011000
core   0: 0x8000117e (0x0093b4b3) sltu    s1, t2, s1
core   0: 3 0x8000117e (0x0093b4b3) x 9 0x00000000
core   0: 0x80001182 (0x00000001) c.nop
core   0: 3 0x80001182 (0x0001)
core   0: 0x80001184 (0x007eb933) sltu    s2, t4, t2
core   0: 3 0x80001184 (0x007eb933) x18 0x00000000
core   0: 0x80001188 (0x0ad10903) lb      s2, 173(sp)
core   0: 3 0x80001188 (0x0ad10903) x18 0x00000072 mem 0x80014fb9
core   0: 0x8000118c (0x00008c85) c.sub   s1, s1
core   0: 3 0x8000118c (0x8c85) x 9 0x00000000
core   0: 0x8000118e (0x00008ce5) c.and   s1, s1
core   0: 3 0x8000118e (0x8ce5) x 9 0x00000000
core   0: 0x80001190 (0x000063dd) c.lui   t2, 0x17
core   0: 3 0x80001190 (0x63dd) x 7 0x00017000
core   0: 0x80001192 (0xfbf10903) lb      s2, -65(sp)
core   0: 3 0x80001192 (0xfbf10903) x18 0xffffff80 mem 0x80014ecb
core   0: 0x80001196 (0x0000197d) c.addi  s2, -1
core   0: 3 0x80001196 (0x197d) x18 0xffffff7f
core   0: 0x80001198 (0x000003d6) c.slli  t2, 21
core   0: 3 0x80001198 (0x03d6) x 7 0x00000000
core   0: 0x8000119a (0x027fe933) rem     s2, t6, t2
core   0: 3 0x8000119a (0x027fe933) x18 0xffffffc4
core   0: 0x8000119e (0x00008ca5) c.xor   s1, s1
core   0: 3 0x8000119e (0x8ca5) x 9 0x00000000
core   0: 0x800011a0 (0xf8710903) lb      s2, -121(sp)
core   0: 3 0x800011a0 (0xf8710903) x18 0x00000048 mem 0x80014e93
core   0: 0x800011a4 (0xf8a14903) lbu     s2, -118(sp)
core   0: 3 0x800011a4 (0xf8a14903) x18 0x0000004d mem 0x80014e96
core   0: 0x800011a8 (0x40195f93) srai    t6, s2, 1
core   0: 3 0x800011a8 (0x40195f93) x31 0x00000026
core   0: 0x800011ac (0x08e14903) lbu     s2, 142(sp)
core   0: 3 0x800011ac (0x08e14903) x18 0x00000051 mem 0x80014f9a
core   0: 0x800011b0 (0x0e911323) sh      s1, 230(sp)
core   0: 3 0x800011b0 (0x0e911323) mem 0x80014ff2 0x0000
core   0: 0x800011b4 (0xf6b10f03) lb      t5, -149(sp)
core   0: 3 0x800011b4 (0xf6b10f03) x30 0x0000002c mem 0x80014e77
core   0: 0x800011b8 (0x22b4c393) xori    t2, s1, 555
core   0: 3 0x800011b8 (0x22b4c393) x 7 0x0000022b
core   0: 0x800011bc (0x0000839e) c.mv    t2, t2
core   0: 3 0x800011bc (0x839e) x 7 0x0000022b
core   0: 0x800011be (0x14ceff13) andi    t5, t4, 332
core   0: 3 0x800011be (0x14ceff13) x30 0x00000108
core   0: 0x800011c2 (0xfe711c23) sh      t2, -8(sp)
core   0: 3 0x800011c2 (0xfe711c23) mem 0x80014f04 0x022b
core   0: 0x800011c6 (0x03f4af33) mulhsu  t5, s1, t6
core   0: 3 0x800011c6 (0x03f4af33) x30 0x00000000
core   0: 0x800011ca (0xf5b14f83) lbu     t6, -165(sp)
core   0: 3 0x800011ca (0xf5b14f83) x31 0x0000001c mem 0x80014e67
core   0: 0x800011ce (0xff514483) lbu     s1, -11(sp)
core   0: 3 0x800011ce (0xff514483) x 9 0x000000ba mem 0x80014f01
core   0: 0x800011d2 (0x0074cfb3) xor     t6, s1, t2
core   0: 3 0x800011d2 (0x0074cfb3) x31 0x00000291
core   0: 0x800011d6 (0x00b10f83) lb      t6, 11(sp)
core   0: 3 0x800011d6 (0x00b10f83) x31 0xffffffcc mem 0x80014f17
core   0: 0x800011da (0x00010b97) auipc   s7, 0x10
core   0: 3 0x800011da (0x00010b97) x23 0x800111da
core   0: 0x800011de (0xeadb8b93) addi    s7, s7, -339
core   0: 3 0x800011de (0xeadb8b93) x23 0x80011087
core   0: 0x800011e2 (0x00008d7d) c.and   a0, a5
core   0: 3 0x800011e2 (0x8d7d) x10 0x00000018
core   0: 0x800011e4 (0x0000939e) c.add   t2, t2
core   0: 3 0x800011e4 (0x939e) x 7 0x00000456
core   0: 0x800011e6 (0x0073a7b3) slt     a5, t2, t2
core   0: 3 0x800011e6 (0x0073a7b3) x15 0x00000000
core   0: 0x800011ea (0x40a50e33) sub     t3, a0, a0
core   0: 3 0x800011ea (0x40a50e33) x28 0x00000000
core   0: 0x800011ee (0x491aa217) auipc   tp, 0x491aa
core   0: 3 0x800011ee (0x491aa217) x 4 0xc91ab1ee
core   0: 0x800011f2 (0x02a39233) mulh    tp, t2, a0
core   0: 3 0x800011f2 (0x02a39233) x 4 0x00000000
core   0: 0x800011f6 (0x77ab8383) lb      t2, 1914(s7)
core   0: 3 0x800011f6 (0x77ab8383) x 7 0xffffffba mem 0x80011801
core   0: 0x800011fa (0x0ff0000f) fence   iorw,iorw
core   0: 3 0x800011fa (0x0ff0000f)
core   0: 0x800011fe (0x00000001) c.nop
core   0: 3 0x800011fe (0x0001)
core   0: 0x80001200 (0x00008ffd) c.and   a5, a5
core   0: 3 0x80001200 (0x8ffd) x15 0x00000000
core   0: 0x80001202 (0x0000813d) c.srli  a0, 15
core   0: 3 0x80001202 (0x813d) x10 0x00000000
core   0: 0x80001204 (0x03c52533) mulhsu  a0, a0, t3
core   0: 3 0x80001204 (0x03c52533) x10 0x00000000
core   0: 0x80001208 (0x0eab91a3) sh      a0, 227(s7)
core   0: 3 0x80001208 (0x0eab91a3) mem 0x8001116a 0x0000
core   0: 0x8000120c (0x7fcb8023) sb      t3, 2016(s7)
core   0: 3 0x8000120c (0x7fcb8023) mem 0x80011867 0x0
core   0: 0x80001210 (0x6a7b88a3) sb      t2, 1713(s7)
core   0: 3 0x80001210 (0x6a7b88a3) mem 0x80011738 0xba
core   0: 0x80001214 (0x0043e7b3) or      a5, t2, tp
core   0: 3 0x80001214 (0x0043e7b3) x15 0xffffffba
core   0: 0x80001218 (0x724b8c23) sb      tp, 1848(s7)
core   0: 3 0x80001218 (0x724b8c23) mem 0x800117bf 0x0
core   0: 0x8000121c (0x00008e2a) c.mv    t3, a0
core   0: 3 0x8000121c (0x8e2a) x28 0x00000000
core   0: 0x8000121e (0x41f25513) srai    a0, tp, 31
core   0: 3 0x8000121e (0x41f25513) x10 0x00000000
core   0: 0x80001222 (0x0363f3b3) remu    t2, t2, s6
core   0: 3 0x80001222 (0x0363f3b3) x 7 0xffffffba
core   0: 0x80001226 (0x00ae4533) xor     a0, t3, a0
core   0: 3 0x80001226 (0x00ae4533) x10 0x00000000
core   0: 0x8000122a (0x424b8503) lb      a0, 1060(s7)
core   0: 3 0x8000122a (0x424b8503) x10 0x00000060 mem 0x800114ab
core   0: 0x8000122e (0x40ae57b3) sra     a5, t3, a0
core   0: 3 0x8000122e (0x40ae57b3) x15 0x00000000
core   0: 0x80001232 (0x00008d49) c.or    a0, a0
core   0: 3 0x80001232 (0x8d49) x10 0x00000060
core   0: 0x80001234 (0x3bcb82a3) sb      t3, 933(s7)
core   0: 3 0x80001234 (0x3bcb82a3) mem 0x8001142c 0x0
core   0: 0x80001238 (0x3440d397) auipc   t2, 0x3440d
core   0: 3 0x80001238 (0x3440d397) x 7 0xb440e238
core   0: 0x8000123c (0x307b8d23) sb      t2, 794(s7)
core   0: 3 0x8000123c (0x307b8d23) mem 0x800113a1 0x38
core   0: 0x80001240 (0x023bc503) lbu     a0, 35(s7)
core   0: 3 0x80001240 (0x023bc503) x10 0x00000061 mem 0x800110aa
core   0: 0x80001244 (0x00ab13b3) sll     t2, s6, a0
core   0: 3 0x80001244 (0x00ab13b3) x 7 0x00000000
core   0: 0x80001248 (0x1dcb8da3) sb      t3, 475(s7)
core   0: 3 0x80001248 (0x1dcb8da3) mem 0x80011262 0x0
core   0: 0x8000124c (0x6fdb9e03) lh      t3, 1789(s7)
core   0: 3 0x8000124c (0x6fdb9e03) x28 0x00003e3f mem 0x80011784
core   0: 0x80001250 (0x4a7b8503) lb      a0, 1191(s7)
core   0: 3 0x80001250 (0x4a7b8503) x10 0xffffffe5 mem 0x8001152e
core   0: 0x80001254 (0x000003ae) c.slli  t2, 11
core   0: 3 0x80001254 (0x03ae) x 7 0x00000000
core   0: 0x80001256 (0x764b8503) lb      a0, 1892(s7)
core   0: 3 0x80001256 (0x764b8503) x10 0xffffffa0 mem 0x800117eb
core   0: 0x8000125a (0x5c7b9383) lh      t2, 1479(s7)
core   0: 3 0x8000125a (0x5c7b9383) x 7 0x00000405 mem 0x8001164e
core   0: 0x8000125e (0xdc3e6393) ori     t2, t3, -573
core   0: 3 0x8000125e (0xdc3e6393) x 7 0xffffffff
core   0: 0x80001262 (0x0e4bc503) lbu     a0, 228(s7)
core   0: 3 0x80001262 (0x0e4bc503) x10 0x00000000 mem 0x8001116b
core   0: 0x80001266 (0x577bde03) lhu     t3, 1399(s7)
core   0: 3 0x80001266 (0x577bde03) x28 0x0000b4b5 mem 0x800115fe
core   0: 0x8000126a (0x4e926b37) lui     s6, 0x4e926
core   0: 3 0x8000126a (0x4e926b37) x22 0x4e926000
core   0: 0x8000126e (0x5c1b7393) andi    t2, s6, 1473
core   0: 3 0x8000126e (0x5c1b7393) x 7 0x00000000
core   0: 0x80001272 (0x03ce73b3) remu    t2, t3, t3
core   0: 3 0x80001272 (0x03ce73b3) x 7 0x00000000
core   0: 0x80001276 (0x024b9da3) sh      tp, 59(s7)
core   0: 3 0x80001276 (0x024b9da3) mem 0x800110c2 0x0000
core   0: 0x8000127a (0x4bcb8d23) sb      t3, 1210(s7)
core   0: 3 0x8000127a (0x4bcb8d23) mem 0x80011541 0xb5
core   0: 0x8000127e (0x4a7b8b03) lb      s6, 1191(s7)
core   0: 3 0x8000127e (0x4a7b8b03) x22 0xffffffe5 mem 0x8001152e
core   0: 0x80001282 (0x00010817) auipc   a6, 0x10
core   0: 3 0x80001282 (0x00010817) x16 0x80011282
core   0: 0x80001286 (0xfaf80813) addi    a6, a6, -81
core   0: 3 0x80001286 (0xfaf80813) x16 0x80011231
core   0: 0x8000128a (0xf8b85283) lhu     t0, -117(a6)
core   0: 3 0x8000128a (0xf8b85283) x 5 0x00005677 mem 0x800111bc
core   0: 0x8000128e (0x0001ae97) auipc   t4, 0x1a
core   0: 3 0x8000128e (0x0001ae97) x29 0x8001b28e
core   0: 0x80001292 (0xdd8e8e93) addi    t4, t4, -552
core   0: 3 0x80001292 (0xdd8e8e93) x29 0x8001b066
core   0: 0x80001296 (0x00de8083) lb      ra, 13(t4)
core   0: 3 0x80001296 (0x00de8083) x 1 0x00000028 mem 0x8001b073
core   0: 0x8000129a (0x0f084303) lbu     t1, 240(a6)
core   0: 3 0x8000129a (0x0f084303) x 6 0x000000da mem 0x80011321
core   0: 0x8000129e (0x001e8483) lb      s1, 1(t4)
core   0: 3 0x8000129e (0x001e8483) x 9 0x0000001c mem 0x8001b067
core   0: 0x800012a2 (0xfb084c03) lbu     s8, -80(a6)
core   0: 3 0x800012a2 (0xfb084c03) x24 0x0000009a mem 0x800111e1
core   0: 0x800012a6 (0x00cedc83) lhu     s9, 12(t4)
core   0: 3 0x800012a6 (0x00cedc83) x25 0x00002829 mem 0x8001b072
core   0: 0x800012aa (0x08380923) sb      gp, 146(a6)
core   0: 3 0x800012aa (0x08380923) mem 0x800112c3 0x0
core   0: 0x800012ae (0x010e8283) lb      t0, 16(t4)
core   0: 3 0x800012ae (0x010e8283) x 5 0x0000002d mem 0x8001b076
core   0: 0x800012b2 (0xff2ecf83) lbu     t6, -14(t4)
core   0: 3 0x800012b2 (0xff2ecf83) x31 0x00000013 mem 0x8001b058
core   0: 0x800012b6 (0xffce89a3) sb      t3, -13(t4)
core   0: 3 0x800012b6 (0xffce89a3) mem 0x8001b059 0xb5
core   0: 0x800012ba (0x008e8223) sb      s0, 4(t4)
core   0: 3 0x800012ba (0x008e8223) mem 0x8001b06a 0x59
core   0: 0x800012be (0x08e80323) sb      a4, 134(a6)
core   0: 3 0x800012be (0x08e80323) mem 0x800112b7 0x68
core   0: 0x800012c2 (0x005e8b83) lb      s7, 5(t4)
core   0: 3 0x800012c2 (0x005e8b83) x23 0x00000020 mem 0x8001b06b
core   0: 0x800012c6 (0xf7e80ba3) sb      t5, -137(a6)
core   0: 3 0x800012c6 (0xf7e80ba3) mem 0x800111a8 0x0
core   0: 0x800012ca (0x0001e397) auipc   t2, 0x1e
core   0: 3 0x800012ca (0x0001e397) x 7 0x8001f2ca
core   0: 0x800012ce (0x6d838393) addi    t2, t2, 1752
core   0: 3 0x800012ce (0x6d838393) x 7 0x8001f9a2
core   0: 0x800012d2 (0xfeb3c283) lbu     t0, -21(t2)
core   0: 3 0x800012d2 (0xfeb3c283) x 5 0x00000046 mem 0x8001f98d
core   0: 0x800012d6 (0xfeb38183) lb      gp, -21(t2)
core   0: 3 0x800012d6 (0xfeb38183) x 3 0x00000046 mem 0x8001f98d
core   0: 0x800012da (0xfeb38103) lb      sp, -21(t2)
core   0: 3 0x800012da (0xfeb38103) x 2 0x00000046 mem 0x8001f98d
core   0: 0x800012de (0xfec3cc03) lbu     s8, -20(t2)
core   0: 3 0x800012de (0xfec3cc03) x24 0x00000045 mem 0x8001f98e
core   0: 0x800012e2 (0xfeb39623) sh      a1, -20(t2)
core   0: 3 0x800012e2 (0xfeb39623) mem 0x8001f98e 0xfafa
core   0: 0x800012e6 (0xdd63b797) auipc   a5, 0xdd63b
core   0: 3 0x800012e6 (0xdd63b797) x15 0x5d63c2e6
core   0: 0x800012ea (0x03b385a3) sb      s11, 43(t2)
core   0: 3 0x800012ea (0x03b385a3) mem 0x8001f9cd 0x68
core   0: 0x800012ee (0x020385a3) sb      zero, 43(t2)
core   0: 3 0x800012ee (0x020385a3) mem 0x8001f9cd 0x0
core   0: 0x800012f2 (0x02b38c83) lb      s9, 43(t2)
core   0: 3 0x800012f2 (0x02b38c83) x25 0x00000000 mem 0x8001f9cd
core   0: 0x800012f6 (0x00008e21) c.xor   a2, s0
core   0: 3 0x800012f6 (0x8e21) x12 0x00000095
core   0: 0x800012f8 (0xfec38e83) lb      t4, -20(t2)
core   0: 3 0x800012f8 (0xfec38e83) x29 0xfffffffa mem 0x8001f98e
core   0: 0x800012fc (0xfec38603) lb      a2, -20(t2)
core   0: 3 0x800012fc (0xfec38603) x12 0xfffffffa mem 0x8001f98e
core   0: 0x80001300 (0x0000819d) c.srli  a1, 7
core   0: 3 0x80001300 (0x819d) x11 0x01fffff5
core   0: 0x80001302 (0xfec3c083) lbu     ra, -20(t2)
core   0: 3 0x80001302 (0xfec3c083) x 1 0x000000fa mem 0x8001f98e
core   0: 0x80001306 (0xffc3dc03) lhu     s8, -4(t2)
core   0: 3 0x80001306 (0xffc3dc03) x24 0x00005455 mem 0x8001f99e
core   0: 0x8000130a (0x00138023) sb      ra, 0(t2)
core   0: 3 0x8000130a (0x00138023) mem 0x8001f9a2 0xfa
core   0: 0x8000130e (0x01f39023) sh      t6, 0(t2)
core   0: 3 0x8000130e (0x01f39023) mem 0x8001f9a2 0x0013
core   0: 0x80001312 (0x00f3c483) lbu     s1, 15(t2)
core   0: 3 0x80001312 (0x00f3c483) x 9 0x0000006a mem 0x8001f9b1
core   0: 0x80001316 (0x020cde33) divu    t3, s9, zero
core   0: 3 0x80001316 (0x020cde33) x28 0xffffffff
core   0: 0x8000131a (0xfec38c83) lb      s9, -20(t2)
core   0: 3 0x8000131a (0xfec38c83) x25 0xfffffffa mem 0x8001f98e
core   0: 0x8000131e (0x00c000ef) jal     pc + 0xc
core   0: 3 0x8000131e (0x00c000ef) x 1 0x80001322
core   0: 0x8000132a (0x00a000ef) jal     pc + 0xa
core   0: 3 0x8000132a (0x00a000ef) x 1 0x8000132e
core   0: 0x80001334 (0x00002009) c.jal   pc + 2
core   0: 3 0x80001334 (0x2009) x 1 0x80001336
core   0: 0x80001336 (0x0000a809) c.j     pc + 18
core   0: 3 0x80001336 (0xa809)
core   0: 0x80001348 (0x0000bfc5) c.j     pc - 16
core   0: 3 0x80001348 (0xbfc5)
core   0: 0x80001338 (0x000037fd) c.jal   pc - 18
core   0: 3 0x80001338 (0x37fd) x 1 0x8000133a
core   0: 0x80001326 (0x00002009) c.jal   pc + 2
core   0: 3 0x80001326 (0x2009) x 1 0x80001328
core   0: 0x80001328 (0x00002809) c.jal   pc + 18
core   0: 3 0x80001328 (0x2809) x 1 0x8000132a
core   0: 0x8000133a (0x00002009) c.jal   pc + 2
core   0: 3 0x8000133a (0x2009) x 1 0x8000133c
core   0: 0x8000133c (0x00003fcd) c.jal   pc - 14
core   0: 3 0x8000133c (0x3fcd) x 1 0x8000133e
core   0: 0x8000132e (0x00002801) c.jal   pc + 16
core   0: 3 0x8000132e (0x2801) x 1 0x80001330
core   0: 0x8000133e (0x00002019) c.jal   pc + 6
core   0: 3 0x8000133e (0x2019) x 1 0x80001340
core   0: 0x80001344 (0xfdfffb6f) jal     s6, pc - 0x22
core   0: 3 0x80001344 (0xfdfffb6f) x22 0x80001348
core   0: 0x80001322 (0x00e000ef) jal     pc + 0xe
core   0: 3 0x80001322 (0x00e000ef) x 1 0x80001326
core   0: 0x80001330 (0x0000a801) c.j     pc + 16
core   0: 3 0x80001330 (0xa801)
core   0: 0x80001340 (0xff3ff0ef) jal     pc - 0xe
core   0: 3 0x80001340 (0xff3ff0ef) x 1 0x80001344
core   0: 0x80001332 (0x0000a821) c.j     pc + 24
core   0: 3 0x80001332 (0xa821)
core   0: 0x8000134a (0x41ab5f93) srai    t6, s6, 26
core   0: 3 0x8000134a (0x41ab5f93) x31 0xffffffe0
core   0: 0x8000134e (0xffa00613) li      a2, -6
core   0: 3 0x8000134e (0xffa00613) x12 0xfffffffa
core   0: 0x80001352 (0x00d00313) li      t1, 13
core   0: 3 0x80001352 (0x00d00313) x 6 0x0000000d
core   0: 0x80001356 (0x00000f18) c.addi4spn a4, sp, 912
core   0: 3 0x80001356 (0x0f18) x14 0x000003d6
core   0: 0x80001358 (0x0000100f) fence.i
core   0: 3 0x80001358 (0x0000100f)
core   0: 0x8000135c (0x0000061d) c.addi  a2, 7
core   0: 3 0x8000135c (0x061d) x12 0x00000001
core   0: 0x8000135e (0xffd00793) li      a5, -3
core   0: 3 0x8000135e (0xffd00793) x15 0xfffffffd
core   0: 0x80001362 (0x00000001) c.nop
core   0: 3 0x80001362 (0x0001)
core   0: 0x80001364 (0x00000001) c.nop
core   0: 3 0x80001364 (0x0001)
core   0: 0x80001366 (0x00004979) c.li    s2, 30
core   0: 3 0x80001366 (0x4979) x18 0x0000001e
core   0: 0x80001368 (0x010ad593) srli    a1, s5, 16
core   0: 3 0x80001368 (0x010ad593) x11 0x00008002
core   0: 0x8000136c (0xa02dac93) slti    s9, s11, -1534
core   0: 3 0x8000136c (0xa02dac93) x25 0x00000000
core   0: 0x80001370 (0x00000785) c.addi  a5, 1
core   0: 3 0x80001370 (0x0785) x15 0xfffffffe
core   0: 0x80001372 (0x0000fbf5) c.bnez  a5, pc - 12
core   0: 3 0x80001372 (0xfbf5)
core   0: 0x80001366 (0x00004979) c.li    s2, 30
core   0: 3 0x80001366 (0x4979) x18 0x0000001e
core   0: 0x80001368 (0x010ad593) srli    a1, s5, 16
core   0: 3 0x80001368 (0x010ad593) x11 0x00008002
core   0: 0x8000136c (0xa02dac93) slti    s9, s11, -1534
core   0: 3 0x8000136c (0xa02dac93) x25 0x00000000
core   0: 0x80001370 (0x00000785) c.addi  a5, 1
core   0: 3 0x80001370 (0x0785) x15 0xffffffff
core   0: 0x80001372 (0x0000fbf5) c.bnez  a5, pc - 12
core   0: 3 0x80001372 (0xfbf5)
core   0: 0x80001366 (0x00004979) c.li    s2, 30
core   0: 3 0x80001366 (0x4979) x18 0x0000001e
core   0: 0x80001368 (0x010ad593) srli    a1, s5, 16
core   0: 3 0x80001368 (0x010ad593) x11 0x00008002
core   0: 0x8000136c (0xa02dac93) slti    s9, s11, -1534
core   0: 3 0x8000136c (0xa02dac93) x25 0x00000000
core   0: 0x80001370 (0x00000785) c.addi  a5, 1
core   0: 3 0x80001370 (0x0785) x15 0x00000000
core   0: 0x80001372 (0x0000fbf5) c.bnez  a5, pc - 12
core   0: 3 0x80001372 (0xfbf5)
core   0: 0x80001374 (0xfe6641e3) blt     a2, t1, pc - 30
core   0: 3 0x80001374 (0xfe6641e3)
core   0: 0x80001356 (0x00000f18) c.addi4spn a4, sp, 912
core   0: 3 0x80001356 (0x0f18) x14 0x000003d6
core   0: 0x80001358 (0x0000100f) fence.i
core   0: 3 0x80001358 (0x0000100f)
core   0: 0x8000135c (0x0000061d) c.addi  a2, 7
core   0: 3 0x8000135c (0x061d) x12 0x00000008
core   0: 0x8000135e (0xffd00793) li      a5, -3
core   0: 3 0x8000135e (0xffd00793) x15 0xfffffffd
core   0: 0x80001362 (0x00000001) c.nop
core   0: 3 0x80001362 (0x0001)
core   0: 0x80001364 (0x00000001) c.nop
core   0: 3 0x80001364 (0x0001)
core   0: 0x80001366 (0x00004979) c.li    s2, 30
core   0: 3 0x80001366 (0x4979) x18 0x0000001e
core   0: 0x80001368 (0x010ad593) srli    a1, s5, 16
core   0: 3 0x80001368 (0x010ad593) x11 0x00008002
core   0: 0x8000136c (0xa02dac93) slti    s9, s11, -1534
core   0: 3 0x8000136c (0xa02dac93) x25 0x00000000
core   0: 0x80001370 (0x00000785) c.addi  a5, 1
core   0: 3 0x80001370 (0x0785) x15 0xfffffffe
core   0: 0x80001372 (0x0000fbf5) c.bnez  a5, pc - 12
core   0: 3 0x80001372 (0xfbf5)
core   0: 0x80001366 (0x00004979) c.li    s2, 30
core   0: 3 0x80001366 (0x4979) x18 0x0000001e
core   0: 0x80001368 (0x010ad593) srli    a1, s5, 16
core   0: 3 0x80001368 (0x010ad593) x11 0x00008002
core   0: 0x8000136c (0xa02dac93) slti    s9, s11, -1534
core   0: 3 0x8000136c (0xa02dac93) x25 0x00000000
core   0: 0x80001370 (0x00000785) c.addi  a5, 1
core   0: 3 0x80001370 (0x0785) x15 0xffffffff
core   0: 0x80001372 (0x0000fbf5) c.bnez  a5, pc - 12
core   0: 3 0x80001372 (0xfbf5)
core   0: 0x80001366 (0x00004979) c.li    s2, 30
core   0: 3 0x80001366 (0x4979) x18 0x0000001e
core   0: 0x80001368 (0x010ad593) srli    a1, s5, 16
core   0: 3 0x80001368 (0x010ad593) x11 0x00008002
core   0: 0x8000136c (0xa02dac93) slti    s9, s11, -1534
core   0: 3 0x8000136c (0xa02dac93) x25 0x00000000
core   0: 0x80001370 (0x00000785) c.addi  a5, 1
core   0: 3 0x80001370 (0x0785) x15 0x00000000
core   0: 0x80001372 (0x0000fbf5) c.bnez  a5, pc - 12
core   0: 3 0x80001372 (0xfbf5)
core   0: 0x80001374 (0xfe6641e3) blt     a2, t1, pc - 30
core   0: 3 0x80001374 (0xfe6641e3)
core   0: 0x80001356 (0x00000f18) c.addi4spn a4, sp, 912
core   0: 3 0x80001356 (0x0f18) x14 0x000003d6
core   0: 0x80001358 (0x0000100f) fence.i
core   0: 3 0x80001358 (0x0000100f)
core   0: 0x8000135c (0x0000061d) c.addi  a2, 7
core   0: 3 0x8000135c (0x061d) x12 0x0000000f
core   0: 0x8000135e (0xffd00793) li      a5, -3
core   0: 3 0x8000135e (0xffd00793) x15 0xfffffffd
core   0: 0x80001362 (0x00000001) c.nop
core   0: 3 0x80001362 (0x0001)
core   0: 0x80001364 (0x00000001) c.nop
core   0: 3 0x80001364 (0x0001)
core   0: 0x80001366 (0x00004979) c.li    s2, 30
core   0: 3 0x80001366 (0x4979) x18 0x0000001e
core   0: 0x80001368 (0x010ad593) srli    a1, s5, 16
core   0: 3 0x80001368 (0x010ad593) x11 0x00008002
core   0: 0x8000136c (0xa02dac93) slti    s9, s11, -1534
core   0: 3 0x8000136c (0xa02dac93) x25 0x00000000
core   0: 0x80001370 (0x00000785) c.addi  a5, 1
core   0: 3 0x80001370 (0x0785) x15 0xfffffffe
core   0: 0x80001372 (0x0000fbf5) c.bnez  a5, pc - 12
core   0: 3 0x80001372 (0xfbf5)
core   0: 0x80001366 (0x00004979) c.li    s2, 30
core   0: 3 0x80001366 (0x4979) x18 0x0000001e
core   0: 0x80001368 (0x010ad593) srli    a1, s5, 16
core   0: 3 0x80001368 (0x010ad593) x11 0x00008002
core   0: 0x8000136c (0xa02dac93) slti    s9, s11, -1534
core   0: 3 0x8000136c (0xa02dac93) x25 0x00000000
core   0: 0x80001370 (0x00000785) c.addi  a5, 1
core   0: 3 0x80001370 (0x0785) x15 0xffffffff
core   0: 0x80001372 (0x0000fbf5) c.bnez  a5, pc - 12
core   0: 3 0x80001372 (0xfbf5)
core   0: 0x80001366 (0x00004979) c.li    s2, 30
core   0: 3 0x80001366 (0x4979) x18 0x0000001e
core   0: 0x80001368 (0x010ad593) srli    a1, s5, 16
core   0: 3 0x80001368 (0x010ad593) x11 0x00008002
core   0: 0x8000136c (0xa02dac93) slti    s9, s11, -1534
core   0: 3 0x8000136c (0xa02dac93) x25 0x00000000
core   0: 0x80001370 (0x00000785) c.addi  a5, 1
core   0: 3 0x80001370 (0x0785) x15 0x00000000
core   0: 0x80001372 (0x0000fbf5) c.bnez  a5, pc - 12
core   0: 3 0x80001372 (0xfbf5)
core   0: 0x80001374 (0xfe6641e3) blt     a2, t1, pc - 30
core   0: 3 0x80001374 (0xfe6641e3)
core   0: 0x80001378 (0x0096dc13) srli    s8, a3, 9
core   0: 3 0x80001378 (0x0096dc13) x24 0x007e04a6
core   0: 0x8000137c (0x016000ef) jal     pc + 0x16
core   0: 3 0x8000137c (0x016000ef) x 1 0x80001380
core   0: 0x80001392 (0x0100036f) jal     t1, pc + 0x10
core   0: 3 0x80001392 (0x0100036f) x 6 0x80001396
core   0: 0x800013a2 (0x010000ef) jal     pc + 0x10
core   0: 3 0x800013a2 (0x010000ef) x 1 0x800013a6
core   0: 0x800013b2 (0x00002019) c.jal   pc + 6
core   0: 3 0x800013b2 (0x2019) x 1 0x800013b4
core   0: 0x800013b8 (0x000037e1) c.jal   pc - 56
core   0: 3 0x800013b8 (0x37e1) x 1 0x800013ba
core   0: 0x80001380 (0x016000ef) jal     pc + 0x16
core   0: 3 0x80001380 (0x016000ef) x 1 0x80001384
core   0: 0x80001396 (0x02000b6f) jal     s6, pc + 0x20
core   0: 3 0x80001396 (0x02000b6f) x22 0x8000139a
core   0: 0x800013b6 (0x00002801) c.jal   pc + 16
core   0: 3 0x800013b6 (0x2801) x 1 0x800013b8
core   0: 0x800013c6 (0xfe5ff36f) jal     t1, pc - 0x1c
core   0: 3 0x800013c6 (0xfe5ff36f) x 6 0x800013ca
core   0: 0x800013aa (0x00003fc5) c.jal   pc - 16
core   0: 3 0x800013aa (0x3fc5) x 1 0x800013ac
core   0: 0x8000139a (0x00003fdd) c.jal   pc - 10
core   0: 3 0x8000139a (0x3fdd) x 1 0x8000139c
core   0: 0x80001390 (0x00003ff5) c.jal   pc - 4
core   0: 3 0x80001390 (0x3ff5) x 1 0x80001392
core   0: 0x8000138c (0x032000ef) jal     pc + 0x32
core   0: 3 0x8000138c (0x032000ef) x 1 0x80001390
core   0: 0x800013be (0xffdff0ef) jal     pc - 0x4
core   0: 3 0x800013be (0xffdff0ef) x 1 0x800013c2
core   0: 0x800013ba (0x008000ef) jal     pc + 0x8
core   0: 3 0x800013ba (0x008000ef) x 1 0x800013be
core   0: 0x800013c2 (0x00002009) c.jal   pc + 2
core   0: 3 0x800013c2 (0x2009) x 1 0x800013c4
core   0: 0x800013c4 (0x00003fc5) c.jal   pc - 16
core   0: 3 0x800013c4 (0x3fc5) x 1 0x800013c6
core   0: 0x800013b4 (0x00003fed) c.jal   pc - 6
core   0: 3 0x800013b4 (0x3fed) x 1 0x800013b6
core   0: 0x800013ae (0xff1ffeef) jal     t4, pc - 0x10
core   0: 3 0x800013ae (0xff1ffeef) x29 0x800013b2
core   0: 0x8000139e (0xfedffdef) jal     s11, pc - 0x14
core   0: 3 0x8000139e (0xfedffdef) x27 0x800013a2
core   0: 0x8000138a (0x0000bffd) c.j     pc - 2
core   0: 3 0x8000138a (0xbffd)
core   0: 0x80001388 (0x00003ff5) c.jal   pc - 4
core   0: 3 0x80001388 (0x3ff5) x 1 0x8000138a
core   0: 0x80001384 (0x022000ef) jal     pc + 0x22
core   0: 3 0x80001384 (0x022000ef) x 1 0x80001388
core   0: 0x800013a6 (0x006000ef) jal     pc + 0x6
core   0: 3 0x800013a6 (0x006000ef) x 1 0x800013aa
core   0: 0x800013ac (0x0000bfc5) c.j     pc - 16
core   0: 3 0x800013ac (0xbfc5)
core   0: 0x8000139c (0x0000a03d) c.j     pc + 46
core   0: 3 0x8000139c (0xa03d)
core   0: 0x800013ca (0x00f4feb3) and     t4, s1, a5
core   0: 3 0x800013ca (0x00f4feb3) x29 0x00000000
core   0: 0x800013ce (0x00010717) auipc   a4, 0x10
core   0: 3 0x800013ce (0x00010717) x14 0x800113ce
core   0: 0x800013d2 (0xcbf70713) addi    a4, a4, -833
core   0: 3 0x800013d2 (0xcbf70713) x14 0x8001108d
core   0: 0x800013d6 (0x0ec712a3) sh      a2, 229(a4)
core   0: 3 0x800013d6 (0x0ec712a3) mem 0x80011172 0x000f
core   0: 0x800013da (0x03f00933) mul     s2, zero, t6
core   0: 3 0x800013da (0x03f00933) x18 0x00000000
core   0: 0x800013de (0x0f5702a3) sb      s5, 229(a4)
core   0: 3 0x800013de (0x0f5702a3) mem 0x80011172 0xe4
core   0: 0x800013e2 (0xfbb70103) lb      sp, -69(a4)
core   0: 3 0x800013e2 (0xfbb70103) x 2 0x00000003 mem 0x80011048
core   0: 0x800013e6 (0xfbb74c03) lbu     s8, -69(a4)
core   0: 3 0x800013e6 (0xfbb74c03) x24 0x00000003 mem 0x80011048
core   0: 0x800013ea (0x0dc70283) lb      t0, 220(a4)
core   0: 3 0x800013ea (0x0dc70283) x 5 0x00000022 mem 0x80011169
core   0: 0x800013ee (0x0dc70103) lb      sp, 220(a4)
core   0: 3 0x800013ee (0x0dc70103) x 2 0x00000022 mem 0x80011169
core   0: 0x800013f2 (0xfe474803) lbu     a6, -28(a4)
core   0: 3 0x800013f2 (0xfe474803) x16 0x0000002a mem 0x80011071
core   0: 0x800013f6 (0x01dbacb3) slt     s9, s7, t4
core   0: 3 0x800013f6 (0x01dbacb3) x25 0x00000000
core   0: 0x800013fa (0xfe474603) lbu     a2, -28(a4)
core   0: 3 0x800013fa (0xfe474603) x12 0x0000002a mem 0x80011071
core   0: 0x800013fe (0x00ced613) srli    a2, t4, 12
core   0: 3 0x800013fe (0x00ced613) x12 0x00000000
core   0: 0x80001402 (0x05b72b03) lw      s6, 91(a4)
core   0: 3 0x80001402 (0x05b72b03) x22 0xa0a1a2a3 mem 0x800110e8
core   0: 0x80001406 (0x05b72483) lw      s1, 91(a4)
core   0: 3 0x80001406 (0x05b72483) x 9 0xa0a1a2a3 mem 0x800110e8
core   0: 0x8000140a (0x000053fd) c.li    t2, -1
core   0: 3 0x8000140a (0x53fd) x 7 0xffffffff
core   0: 0x8000140c (0xfad70ea3) sb      a3, -67(a4)
core   0: 3 0x8000140c (0xfad70ea3) mem 0x8001104a 0x38
core   0: 0x80001410 (0x43bda013) slti    zero, s11, 1083
core   0: 3 0x80001410 (0x43bda013)
core   0: 0x80001414 (0x00008fd5) c.or    a5, a3
core   0: 3 0x80001414 (0x8fd5) x15 0xfc094c38
core   0: 0x80001416 (0x02937033) remu    zero, t1, s1
core   0: 3 0x80001416 (0x02937033)
core   0: 0x8000141a (0xfbd74b03) lbu     s6, -67(a4)
core   0: 3 0x8000141a (0xfbd74b03) x22 0x00000038 mem 0x8001104a
core   0: 0x8000141e (0x00a00713) li      a4, 10
core   0: 3 0x8000141e (0x00a00713) x14 0x0000000a
core   0: 0x80001422 (0x4137dcb3) sra     s9, a5, s3
core   0: 3 0x80001422 (0x4137dcb3) x25 0xffffc094
core   0: 0x80001426 (0x00004e21) c.li    t3, 8
core   0: 3 0x80001426 (0x4e21) x28 0x00000008
core   0: 0x80001428 (0x023734b3) mulhu   s1, a4, gp
core   0: 3 0x80001428 (0x023734b3) x 9 0x00000000
core   0: 0x8000142c (0x000083ed) c.srli  a5, 27
core   0: 3 0x8000142c (0x83ed) x15 0x0000001f
core   0: 0x8000142e (0x00000001) c.nop
core   0: 3 0x8000142e (0x0001)
core   0: 0x80001430 (0x00d0b4b3) sltu    s1, ra, a3
core   0: 3 0x80001430 (0x00d0b4b3) x 9 0x00000001
core   0: 0x80001434 (0x0000177d) c.addi  a4, -1
core   0: 3 0x80001434 (0x177d) x14 0x00000009
core   0: 0x80001436 (0x02c8a1b3) mulhsu  gp, a7, a2
core   0: 3 0x80001436 (0x02c8a1b3) x 3 0x00000000
core   0: 0x8000143a (0x0244b533) mulhu   a0, s1, tp
core   0: 3 0x8000143a (0x0244b533) x10 0x00000000
core   0: 0x8000143e (0x0000db6d) c.beqz  a4, pc - 14
core   0: 3 0x8000143e (0xdb6d)
core   0: 0x80001440 (0x0000100f) fence.i
core   0: 3 0x80001440 (0x0000100f)
core   0: 0x80001444 (0x0001ec17) auipc   s8, 0x1e
core   0: 3 0x80001444 (0x0001ec17) x24 0x8001f444
core   0: 0x80001448 (0x7a4c0c13) addi    s8, s8, 1956
core   0: 3 0x80001448 (0x7a4c0c13) x24 0x8001fbe8
core   0: 0x8000144c (0x00010597) auipc   a1, 0x10
core   0: 3 0x8000144c (0x00010597) x11 0x8001144c
core   0: 0x80001450 (0xd9958593) addi    a1, a1, -615
core   0: 3 0x80001450 (0xd9958593) x11 0x800111e5
core   0: 0x80001454 (0x037c0603) lb      a2, 55(s8)
core   0: 3 0x80001454 (0x037c0603) x12 0xffffffd4 mem 0x8001fc1f
core   0: 0x80001458 (0xf52c1803) lh      a6, -174(s8)
core   0: 3 0x80001458 (0xf52c1803) x16 0xfffff0f1 mem 0x8001fb3a
core   0: 0x8000145c (0xf5b59ba3) sh      s11, -169(a1)
core   0: 3 0x8000145c (0xf5b59ba3) mem 0x8001113c 0x13a2
core   0: 0x80001460 (0x0415c183) lbu     gp, 65(a1)
core   0: 3 0x80001460 (0x0415c183) x 3 0x00000000 mem 0x80011226
core   0: 0x80001464 (0xf20c2483) lw      s1, -224(s8)
core   0: 3 0x80001464 (0xf20c2483) x 9 0xc0c1c2c3 mem 0x8001fb08
core   0: 0x80001468 (0xf0058f03) lb      t5, -256(a1)
core   0: 3 0x80001468 (0xf0058f03) x30 0xffffff9e mem 0x800110e5
core   0: 0x8000146c (0x03dc0d03) lb      s10, 61(s8)
core   0: 3 0x8000146c (0x03dc0d03) x26 0xffffffde mem 0x8001fc25
core   0: 0x80001470 (0xfc1c0803) lb      a6, -63(s8)
core   0: 3 0x80001470 (0xfc1c0803) x16 0x00000062 mem 0x8001fba9
core   0: 0x80001474 (0x04fc0183) lb      gp, 79(s8)
core   0: 3 0x80001474 (0x04fc0183) x 3 0xffffffec mem 0x8001fc37
core   0: 0x80001478 (0xf9658023) sb      s6, -128(a1)
core   0: 3 0x80001478 (0xf9658023) mem 0x80011165 0x38
core   0: 0x8000147c (0xf13c1723) sh      s3, -242(s8)
core   0: 3 0x8000147c (0xf13c1723) mem 0x8001faf6 0xff8c
core   0: 0x80001480 (0x09c5cb83) lbu     s7, 156(a1)
core   0: 3 0x80001480 (0x09c5cb83) x23 0x00000000 mem 0x80011281
core   0: 0x80001484 (0x08358f23) sb      gp, 158(a1)
core   0: 3 0x80001484 (0x08358f23) mem 0x80011283 0xec
core   0: 0x80001488 (0xff2c0103) lb      sp, -14(s8)
core   0: 3 0x80001488 (0xff2c0103) x 2 0xffffff91 mem 0x8001fbda
core   0: 0x8000148c (0x066c1123) sh      t1, 98(s8)
core   0: 3 0x8000148c (0x066c1123) mem 0x8001fc4a 0x13ca
core   0: 0x80001490 (0x0c2c0183) lb      gp, 194(s8)
core   0: 3 0x80001490 (0x0c2c0183) x 3 0x00000061 mem 0x8001fcaa
core   0: 0x80001494 (0x08758923) sb      t2, 146(a1)
core   0: 3 0x80001494 (0x08758923) mem 0x80011277 0xff
core   0: 0x80001498 (0x00010e17) auipc   t3, 0x10
core   0: 3 0x80001498 (0x00010e17) x28 0x80011498
core   0: 0x8000149c (0x566e0e13) addi    t3, t3, 1382
core   0: 3 0x8000149c (0x566e0e13) x28 0x800119fe
core   0: 0x800014a0 (0x00010617) auipc   a2, 0x10
core   0: 3 0x800014a0 (0x00010617) x12 0x800114a0
core   0: 0x800014a4 (0xf8d60613) addi    a2, a2, -115
core   0: 3 0x800014a4 (0xf8d60613) x12 0x8001142d
core   0: 0x800014a8 (0x00010717) auipc   a4, 0x10
core   0: 3 0x800014a8 (0x00010717) x14 0x800114a8
core   0: 0x800014ac (0x73e70713) addi    a4, a4, 1854
core   0: 3 0x800014ac (0x73e70713) x14 0x80011be6
core   0: 0x800014b0 (0x00010597) auipc   a1, 0x10
core   0: 3 0x800014b0 (0x00010597) x11 0x800114b0
core   0: 0x800014b4 (0xefd58593) addi    a1, a1, -259
core   0: 3 0x800014b4 (0xefd58593) x11 0x800113ad
core   0: 0x800014b8 (0xfcc75f03) lhu     t5, -52(a4)
core   0: 3 0x800014b8 (0xfcc75f03) x30 0x00006869 mem 0x80011bb2
core   0: 0x800014bc (0x05961d83) lh      s11, 89(a2)
core   0: 3 0x800014bc (0x05961d83) x27 0x00003c3d mem 0x80011486
core   0: 0x800014c0 (0x02570003) lb      zero, 37(a4)
core   0: 3 0x800014c0 (0x02570003) mem 0x80011c0b
core   0: 0x800014c4 (0x0c75c903) lbu     s2, 199(a1)
core   0: 3 0x800014c4 (0x0c75c903) x18 0x0000002f mem 0x80011474
core   0: 0x800014c8 (0x00010417) auipc   s0, 0x10
core   0: 3 0x800014c8 (0x00010417) x 8 0x800114c8
core   0: 0x800014cc (0xd1440413) addi    s0, s0, -748
core   0: 3 0x800014cc (0xd1440413) x 8 0x800111dc
core   0: 0x800014d0 (0x09f40483) lb      s1, 159(s0)
core   0: 3 0x800014d0 (0x09f40483) x 9 0x00000030 mem 0x8001127b
core   0: 0x800014d4 (0x00970283) lb      t0, 9(a4)
core   0: 3 0x800014d4 (0x00970283) x 5 0xffffffa4 mem 0x80011bef
core   0: 0x800014d8 (0x05060503) lb      a0, 80(a2)
core   0: 3 0x800014d8 (0x05060503) x10 0x00000036 mem 0x8001147d
core   0: 0x800014dc (0xf5a400a3) sb      s10, -191(s0)
core   0: 3 0x800014dc (0xf5a400a3) mem 0x8001111d 0xde
core   0: 0x800014e0 (0xf3ee5e83) lhu     t4, -194(t3)
core   0: 3 0x800014e0 (0xf3ee5e83) x29 0x0000f6f7 mem 0x8001193c
core   0: 0x800014e4 (0xfc958a03) lb      s4, -55(a1)
core   0: 3 0x800014e4 (0xfc958a03) x20 0x0000002d mem 0x80011376
core   0: 0x800014e8 (0xf9544e83) lbu     t4, -107(s0)
core   0: 3 0x800014e8 (0xf9544e83) x29 0x0000002a mem 0x80011171
core   0: 0x800014ec (0x07c58003) lb      zero, 124(a1)
core   0: 3 0x800014ec (0x07c58003) mem 0x80011429
core   0: 0x800014f0 (0xfce5a1a3) sw      a4, -61(a1)
core   0: 3 0x800014f0 (0xfce5a1a3) mem 0x80011370 0x80011be6
core   0: 0x800014f4 (0x01170e23) sb      a7, 28(a4)
core   0: 3 0x800014f4 (0x01170e23) mem 0x80011c02 0x64
core   0: 0x800014f8 (0xf3c64283) lbu     t0, -196(a2)
core   0: 3 0x800014f8 (0xf3c64283) x 5 0x00000022 mem 0x80011369
core   0: 0x800014fc (0xf5660c83) lb      s9, -170(a2)
core   0: 3 0x800014fc (0xf5660c83) x25 0x00000038 mem 0x80011383
core   0: 0x80001500 (0x02a74f03) lbu     t5, 42(a4)
core   0: 3 0x80001500 (0x02a74f03) x30 0x000000cb mem 0x80011c10
core   0: 0x80001504 (0x02864203) lbu     tp, 40(a2)
core   0: 3 0x80001504 (0x02864203) x 4 0x0000000e mem 0x80011455
core   0: 0x80001508 (0xf9758823) sb      s7, -112(a1)
core   0: 3 0x80001508 (0xf9758823) mem 0x8001133d 0x0
core   0: 0x8000150c (0x0c844783) lbu     a5, 200(s0)
core   0: 3 0x8000150c (0x0c844783) x15 0x0000005f mem 0x800112a4
core   0: 0x80001510 (0x0ed40f23) sb      a3, 254(s0)
core   0: 3 0x80001510 (0x0ed40f23) mem 0x800112da 0x38
core   0: 0x80001514 (0x03458283) lb      t0, 52(a1)
core   0: 3 0x80001514 (0x03458283) x 5 0xffffff9a mem 0x800113e1
core   0: 0x80001518 (0x02e44903) lbu     s2, 46(s0)
core   0: 3 0x80001518 (0x02e44903) x18 0x000000c1 mem 0x8001120a
core   0: 0x8000151c (0xf18e5783) lhu     a5, -232(t3)
core   0: 3 0x8000151c (0xf18e5783) x15 0x0000cccd mem 0x80011916
core   0: 0x80001520 (0xfde60903) lb      s2, -34(a2)
core   0: 3 0x80001520 (0xfde60903) x18 0xffffffc0 mem 0x8001140b
core   0: 0x80001524 (0xf8960ea3) sb      s1, -99(a2)
core   0: 3 0x80001524 (0xf8960ea3) mem 0x800113ca 0x30
core   0: 0x80001528 (0x00b70a03) lb      s4, 11(a4)
core   0: 3 0x80001528 (0x00b70a03) x20 0xffffffaa mem 0x80011bf1
core   0: 0x8000152c (0xfcce0a03) lb      s4, -52(t3)
core   0: 3 0x8000152c (0xfcce0a03) x20 0xffffff81 mem 0x800119ca
core   0: 0x80001530 (0x01675d03) lhu     s10, 22(a4)
core   0: 3 0x80001530 (0x01675d03) x26 0x0000b6b7 mem 0x80011bfc
core   0: 0x80001534 (0xfd040383) lb      t2, -48(s0)
core   0: 3 0x80001534 (0xfd040383) x 7 0x00000067 mem 0x800111ac
core   0: 0x80001538 (0xf7762f03) lw      t5, -137(a2)
core   0: 3 0x80001538 (0xf7762f03) x30 0x0d645e5f mem 0x800113a4
core   0: 0x8000153c (0xfad58e83) lb      t4, -83(a1)
core   0: 3 0x8000153c (0xfad58e83) x29 0x00000011 mem 0x8001135a
core   0: 0x80001540 (0x0cee0f23) sb      a4, 222(t3)
core   0: 3 0x80001540 (0x0cee0f23) mem 0x80011adc 0xe6
core   0: 0x80001544 (0x0685c283) lbu     t0, 104(a1)
core   0: 3 0x80001544 (0x0685c283) x 5 0x000000ce mem 0x80011415
core   0: 0x80001548 (0xfca70803) lb      a6, -54(a4)
core   0: 3 0x80001548 (0xfca70803) x16 0xffffffa3 mem 0x80011bb0
core   0: 0x8000154c (0xfdc71c03) lh      s8, -36(a4)
core   0: 3 0x8000154c (0xfdc71c03) x24 0x00007879 mem 0x80011bc2
core   0: 0x80001550 (0xf98e5283) lhu     t0, -104(t3)
core   0: 3 0x80001550 (0xf98e5283) x 5 0x00004c4d mem 0x80011996
core   0: 0x80001554 (0x0b042283) lw      t0, 176(s0)
core   0: 3 0x80001554 (0x0b042283) x 5 0x44454647 mem 0x8001128c
core   0: 0x80001558 (0x07e64083) lbu     ra, 126(a2)
core   0: 3 0x80001558 (0x07e64083) x 1 0x00000060 mem 0x800114ab
core   0: 0x8000155c (0xff874303) lbu     t1, -8(a4)
core   0: 3 0x8000155c (0xff874303) x 6 0x00000095 mem 0x80011bde
core   0: 0x80001560 (0x08e45803) lhu     a6, 142(s0)
core   0: 3 0x80001560 (0x08e45803) x16 0x00002021 mem 0x8001126a
core   0: 0x80001564 (0xff600593) li      a1, -10
core   0: 3 0x80001564 (0xff600593) x11 0xfffffff6
core   0: 0x80001568 (0x0ff0000f) fence   iorw,iorw
core   0: 3 0x80001568 (0x0ff0000f)
core   0: 0x8000156c (0x00009bee) c.add   s7, s11
core   0: 3 0x8000156c (0x9bee) x23 0x00003c3d
core   0: 0x8000156e (0x00000001) c.nop
core   0: 3 0x8000156e (0x0001)
core   0: 0x80001570 (0x037be933) rem     s2, s7, s7
core   0: 3 0x80001570 (0x037be933) x18 0x00000000
core   0: 0x80001574 (0x00008105) c.srli  a0, 1
core   0: 3 0x80001574 (0x8105) x10 0x0000001b
core   0: 0x80001576 (0x00008e39) c.xor   a2, a4
core   0: 3 0x80001576 (0x8e39) x12 0x00000fcb
core   0: 0x80001578 (0x00008e61) c.and   a2, s0
core   0: 3 0x80001578 (0x8e61) x12 0x000001c8
core   0: 0x8000157a (0x4146df33) sra     t5, a3, s4
core   0: 3 0x8000157a (0x4146df33) x30 0xfe04a61c
core   0: 0x8000157e (0x008c0333) add     t1, s8, s0
core   0: 3 0x8000157e (0x008c0333) x 6 0x80018a55
core   0: 0x80001582 (0x02fcf233) remu    tp, s9, a5
core   0: 3 0x80001582 (0x02fcf233) x 4 0x00000038
core   0: 0x80001586 (0x00008f79) c.and   a4, a4
core   0: 3 0x80001586 (0x8f79) x14 0x80011be6
core   0: 0x80001588 (0x0196b033) sltu    zero, a3, s9
core   0: 3 0x80001588 (0x0196b033)
core   0: 0x8000158c (0x00800b13) li      s6, 8
core   0: 3 0x8000158c (0x00800b13) x22 0x00000008
core   0: 0x80001590 (0x00000001) c.nop
core   0: 3 0x80001590 (0x0001)
core   0: 0x80001592 (0x0313dc33) divu    s8, t2, a7
core   0: 3 0x80001592 (0x0313dc33) x24 0x00000000
core   0: 0x80001596 (0x02d48cb3) mul     s9, s1, a3
core   0: 3 0x80001596 (0x02d48cb3) x25 0x41be4a80
core   0: 0x8000159a (0x015b1213) slli    tp, s6, 21
core   0: 3 0x8000159a (0x015b1213) x 4 0x01000000
core   0: 0x8000159e (0x00008895) c.andi  s1, 5
core   0: 3 0x8000159e (0x8895) x 9 0x00000000
core   0: 0x800015a0 (0x03111233) mulh    tp, sp, a7
core   0: 3 0x800015a0 (0x03111233) x 4 0x00000037
core   0: 0x800015a4 (0x41620533) sub     a0, tp, s6
core   0: 3 0x800015a4 (0x41620533) x10 0x0000002f
core   0: 0x800015a8 (0x03497bb3) remu    s7, s2, s4
core   0: 3 0x800015a8 (0x03497bb3) x23 0x00000000
core   0: 0x800015ac (0x00000001) c.nop
core   0: 3 0x800015ac (0x0001)
core   0: 0x800015ae (0x000005a5) c.addi  a1, 9
core   0: 3 0x800015ae (0x05a5) x11 0xffffffff
core   0: 0x800015b0 (0x0000547d) c.li    s0, -1
core   0: 3 0x800015b0 (0x547d) x 8 0xffffffff
core   0: 0x800015b2 (0x0000187d) c.addi  a6, -1
core   0: 3 0x800015b2 (0x187d) x16 0x00002020
core   0: 0x800015b4 (0xff6588e3) beq     a1, s6, pc - 16
core   0: 3 0x800015b4 (0xff6588e3)
core   0: 0x800015b8 (0xfcc7b413) sltiu   s0, a5, -52
core   0: 3 0x800015b8 (0xfcc7b413) x 8 0x00000001
core   0: 0x800015bc (0x00010997) auipc   s3, 0x10
core   0: 3 0x800015bc (0x00010997) x19 0x800115bc
core   0: 0x800015c0 (0x20398993) addi    s3, s3, 515
core   0: 3 0x800015c0 (0x20398993) x19 0x800117bf
core   0: 0x800015c4 (0x00017e17) auipc   t3, 0x17
core   0: 3 0x800015c4 (0x00017e17) x28 0x800185c4
core   0: 0x800015c8 (0xd32e0e13) addi    t3, t3, -718
core   0: 3 0x800015c8 (0xd32e0e13) x28 0x800182f6
core   0: 0x800015cc (0xf989ca03) lbu     s4, -104(s3)
core   0: 3 0x800015cc (0xf989ca03) x20 0x0000000c mem 0x80011757
core   0: 0x800015d0 (0xf9d982a3) sb      t4, -123(s3)
core   0: 3 0x800015d0 (0xf9d982a3) mem 0x80011744 0x11
core   0: 0x800015d4 (0xfc6e1083) lh      ra, -58(t3)
core   0: 3 0x800015d4 (0xfc6e1083) x 1 0x00007677 mem 0x800182bc
core   0: 0x800015d8 (0x0a998a03) lb      s4, 169(s3)
core   0: 3 0x800015d8 (0x0a998a03) x20 0x00000023 mem 0x80011868
core   0: 0x800015dc (0x010e1183) lh      gp, 16(t3)
core   0: 3 0x800015dc (0x010e1183) x 3 0xffffbcbd mem 0x80018306
core   0: 0x800015e0 (0xfc4e5f03) lhu     t5, -60(t3)
core   0: 3 0x800015e0 (0xfc4e5f03) x30 0x00007071 mem 0x800182ba
core   0: 0x800015e4 (0xfe09aca3) sw      zero, -7(s3)
core   0: 3 0x800015e4 (0xfe09aca3) mem 0x800117b8 0x00000000
core   0: 0x800015e8 (0xf8a9cd03) lbu     s10, -118(s3)
core   0: 3 0x800015e8 (0xf8a9cd03) x26 0x00000002 mem 0x80011749
core   0: 0x800015ec (0x016e2503) lw      a0, 22(t3)
core   0: 3 0x800015ec (0x016e2503) x10 0xc4c5c6c7 mem 0x8001830c
core   0: 0x800015f0 (0xfc5e0b83) lb      s7, -59(t3)
core   0: 3 0x800015f0 (0xfc5e0b83) x23 0x00000070 mem 0x800182bb
core   0: 0x800015f4 (0x0e798483) lb      s1, 231(s3)
core   0: 3 0x800015f4 (0x0e798483) x 9 0x0000005d mem 0x800118a6
core   0: 0x800015f8 (0xf9798523) sb      s7, -118(s3)
core   0: 3 0x800015f8 (0xf9798523) mem 0x80011749 0x70
core   0: 0x800015fc (0x08b99aa3) sh      a1, 149(s3)
core   0: 3 0x800015fc (0x08b99aa3) mem 0x80011854 0xffff
core   0: 0x80001600 (0x002e2f23) sw      sp, 30(t3)
core   0: 3 0x80001600 (0x002e2f23) mem 0x80018314 0xffffff91
core   0: 0x80001604 (0xf5b9c383) lbu     t2, -165(s3)
core   0: 3 0x80001604 (0xf5b9c383) x 7 0x000000d1 mem 0x8001171a
core   0: 0x80001608 (0x00010117) auipc   sp, 0x10
core   0: 3 0x80001608 (0x00010117) x 2 0x80011608
core   0: 0x8000160c (0x1b710113) addi    sp, sp, 439
core   0: 3 0x8000160c (0x1b710113) x 2 0x800117bf
core   0: 0x80001610 (0xda242e93) slti    t4, s0, -606
core   0: 3 0x80001610 (0xda242e93) x29 0x00000000
core   0: 0x80001614 (0x007bd993) srli    s3, s7, 7
core   0: 3 0x80001614 (0x007bd993) x19 0x00000000
core   0: 0x80001618 (0x00000001) c.nop
core   0: 3 0x80001618 (0x0001)
core   0: 0x8000161a (0x020389b3) mul     s3, t2, zero
core   0: 3 0x8000161a (0x020389b3) x19 0x00000000
core   0: 0x8000161e (0x02f109a3) sb      a5, 51(sp)
core   0: 3 0x8000161e (0x02f109a3) mem 0x800117f2 0xcd
core   0: 0x80001622 (0x00008eee) c.mv    t4, s11
core   0: 3 0x80001622 (0x8eee) x29 0x00003c3d
core   0: 0x80001624 (0x81d2b193) sltiu   gp, t0, -2019
core   0: 3 0x80001624 (0x81d2b193) x 3 0x00000001
core   0: 0x80001628 (0xfdc10d83) lb      s11, -36(sp)
core   0: 3 0x80001628 (0xfdc10d83) x27 0x00000050 mem 0x8001179b
core   0: 0x8000162c (0xfd614e83) lbu     t4, -42(sp)
core   0: 3 0x8000162c (0xfd614e83) x29 0x0000004e mem 0x80011795
core   0: 0x80001630 (0xfdb100a3) sb      s11, -63(sp)
core   0: 3 0x80001630 (0xfdb100a3) mem 0x80011780 0x50
core   0: 0x80001634 (0xfd610fa3) sb      s6, -33(sp)
core   0: 3 0x80001634 (0xfd610fa3) mem 0x8001179e 0x8
core   0: 0x80001638 (0x927ac797) auipc   a5, 0x927ac
core   0: 3 0x80001638 (0x927ac797) x15 0x127ad638
core   0: 0x8000163c (0x024d6333) rem     t1, s10, tp
core   0: 3 0x8000163c (0x024d6333) x 6 0x00000002
core   0: 0x80001640 (0x01dec833) xor     a6, t4, t4
core   0: 3 0x80001640 (0x01dec833) x16 0x00000000
core   0: 0x80001644 (0x00110623) sb      ra, 12(sp)
core   0: 3 0x80001644 (0x00110623) mem 0x800117cb 0x77
core   0: 0x80001648 (0x00004c3d) c.li    s8, 15
core   0: 3 0x80001648 (0x4c3d) x24 0x0000000f
core   0: 0x8000164a (0x0351dc33) divu    s8, gp, s5
core   0: 3 0x8000164a (0x0351dc33) x24 0x00000000
core   0: 0x8000164e (0x030b4933) div     s2, s6, a6
core   0: 3 0x8000164e (0x030b4933) x18 0xffffffff
core   0: 0x80001652 (0x02f14283) lbu     t0, 47(sp)
core   0: 3 0x80001652 (0x02f14283) x 5 0x00000000 mem 0x800117ee
core   0: 0x80001656 (0x0030b033) sltu    zero, ra, gp
core   0: 3 0x80001656 (0x0030b033)
core   0: 0x8000165a (0x00a10e23) sb      a0, 28(sp)
core   0: 3 0x8000165a (0x00a10e23) mem 0x800117db 0xc7
core   0: 0x8000165e (0x037adfb3) divu    t6, s5, s7
core   0: 3 0x8000165e (0x037adfb3) x31 0x01249866
core   0: 0x80001662 (0x00000001) c.nop
core   0: 3 0x80001662 (0x0001)
core   0: 0x80001664 (0x00868db3) add     s11, a3, s0
core   0: 3 0x80001664 (0x00868db3) x27 0xfc094c39
core   0: 0x80001668 (0x416dd833) sra     a6, s11, s6
core   0: 3 0x80001668 (0x416dd833) x16 0xfffc094c
core   0: 0x8000166c (0x02010183) lb      gp, 32(sp)
core   0: 3 0x8000166c (0x02010183) x 3 0xffffff94 mem 0x800117df
core   0: 0x80001670 (0x00008e61) c.and   a2, s0
core   0: 3 0x80001670 (0x8e61) x12 0x00000000
core   0: 0x80001672 (0x000098fd) c.andi  s1, -1
core   0: 3 0x80001672 (0x98fd) x 9 0x0000005d
core   0: 0x80001674 (0x01e10ea3) sb      t5, 29(sp)
core   0: 3 0x80001674 (0x01e10ea3) mem 0x800117dc 0x71
core   0: 0x80001678 (0x00008c31) c.xor   s0, a2
core   0: 3 0x80001678 (0x8c31) x 8 0x00000001
core   0: 0x8000167a (0x01e070b3) and     ra, zero, t5
core   0: 3 0x8000167a (0x01e070b3) x 1 0x00000000
core   0: 0x8000167e (0x03df3eb3) mulhu   t4, t5, t4
core   0: 3 0x8000167e (0x03df3eb3) x29 0x00000000
core   0: 0x80001682 (0xff010b83) lb      s7, -16(sp)
core   0: 3 0x80001682 (0xff010b83) x23 0x00000064 mem 0x800117af
core   0: 0x80001686 (0x0279d733) divu    a4, s3, t2
core   0: 3 0x80001686 (0x0279d733) x14 0x00000000
core   0: 0x8000168a (0x41b30bb3) sub     s7, t1, s11
core   0: 3 0x8000168a (0x41b30bb3) x23 0x03f6b3c9
core   0: 0x8000168e (0x02210583) lb      a1, 34(sp)
core   0: 3 0x8000168e (0x02210583) x11 0xffffff9a mem 0x800117e1
core   0: 0x80001692 (0xfe7122a3) sw      t2, -27(sp)
core   0: 3 0x80001692 (0xfe7122a3) mem 0x800117a4 0x000000d1
core   0: 0x80001696 (0xfef10183) lb      gp, -17(sp)
core   0: 3 0x80001696 (0xfef10183) x 3 0x00000065 mem 0x800117ae
core   0: 0x8000169a (0xfeb15703) lhu     a4, -21(sp)
core   0: 3 0x8000169a (0xfeb15703) x14 0x00006061 mem 0x800117aa
core   0: 0x8000169e (0x02e14b83) lbu     s7, 46(sp)
core   0: 3 0x8000169e (0x02e14b83) x23 0x000000a6 mem 0x800117ed
core   0: 0x800016a2 (0x01055d93) srli    s11, a0, 16
core   0: 3 0x800016a2 (0x01055d93) x27 0x0000c4c5
core   0: 0x800016a6 (0xfe210d03) lb      s10, -30(sp)
core   0: 3 0x800016a6 (0xfe210d03) x26 0x0000005a mem 0x800117a1
core   0: 0x800016aa (0xff8117a3) sh      s8, -17(sp)
core   0: 3 0x800016aa (0xff8117a3) mem 0x800117ae 0x0000
core   0: 0x800016ae (0x01e14383) lbu     t2, 30(sp)
core   0: 3 0x800016ae (0x01e14383) x 7 0x00000096 mem 0x800117dd
core   0: 0x800016b2 (0x02911c03) lh      s8, 41(sp)
core   0: 3 0x800016b2 (0x02911c03) x24 0xffffa2a3 mem 0x800117e8
core   0: 0x800016b6 (0xfe810e03) lb      t3, -24(sp)
core   0: 3 0x800016b6 (0xfe810e03) x28 0x00000000 mem 0x800117a7
core   0: 0x800016ba (0x01d11b83) lh      s7, 29(sp)
core   0: 3 0x800016ba (0x01d11b83) x23 0xffff9671 mem 0x800117dc
core   0: 0x800016be (0x000002be) c.slli  t0, 15
core   0: 3 0x800016be (0x02be) x 5 0x00000000
core   0: 0x800016c0 (0xfd610003) lb      zero, -42(sp)
core   0: 3 0x800016c0 (0xfd610003) mem 0x80011795
core   0: 0x800016c4 (0x00013117) auipc   sp, 0x13
core   0: 3 0x800016c4 (0x00013117) x 2 0x800146c4
core   0: 0x800016c8 (0x28910113) addi    sp, sp, 649
core   0: 3 0x800016c8 (0x28910113) x 2 0x8001494d
core   0: 0x800016cc (0xfda14183) lbu     gp, -38(sp)
core   0: 3 0x800016cc (0xfda14183) x 3 0x000000dc mem 0x80014927
core   0: 0x800016d0 (0x00000001) c.nop
core   0: 3 0x800016d0 (0x0001)
core   0: 0x800016d2 (0x0251bdb3) mulhu   s11, gp, t0
core   0: 3 0x800016d2 (0x0251bdb3) x27 0x00000000
core   0: 0x800016d6 (0xfd510423) sb      s5, -56(sp)
core   0: 3 0x800016d6 (0xfd510423) mem 0x80014915 0xe4
core   0: 0x800016da (0xff811ea3) sh      s8, -3(sp)
core   0: 3 0x800016da (0xff811ea3) mem 0x8001494a 0xa2a3
core   0: 0x800016de (0x02c14403) lbu     s0, 44(sp)
core   0: 3 0x800016de (0x02c14403) x 8 0x00000032 mem 0x80014979
core   0: 0x800016e2 (0x56012713) slti    a4, sp, 1376
core   0: 3 0x800016e2 (0x56012713) x14 0x00000001
core   0: 0x800016e6 (0x00b123a3) sw      a1, 7(sp)
core   0: 3 0x800016e6 (0x00b123a3) mem 0x80014954 0xffffff9a
core   0: 0x800016ea (0xfd910803) lb      a6, -39(sp)
core   0: 3 0x800016ea (0xfd910803) x16 0xffffffdd mem 0x80014926
core   0: 0x800016ee (0x0000093e) c.slli  s2, 15
core   0: 3 0x800016ee (0x093e) x18 0xffff8000
core   0: 0x800016f0 (0x00004c0d) c.li    s8, 3
core   0: 3 0x800016f0 (0x4c0d) x24 0x00000003
core   0: 0x800016f2 (0xfea10983) lb      s3, -22(sp)
core   0: 3 0x800016f2 (0xfea10983) x19 0xffffffec mem 0x80014937
core   0: 0x800016f6 (0xfda14903) lbu     s2, -38(sp)
core   0: 3 0x800016f6 (0xfda14903) x18 0x000000dc mem 0x80014927
core   0: 0x800016fa (0x036361b3) rem     gp, t1, s6
core   0: 3 0x800016fa (0x036361b3) x 3 0x00000002
core   0: 0x800016fe (0x41c10a33) sub     s4, sp, t3
core   0: 3 0x800016fe (0x41c10a33) x20 0x8001494d
core   0: 0x80001702 (0x41a75c33) sra     s8, a4, s10
core   0: 3 0x80001702 (0x41a75c33) x24 0x00000000
core   0: 0x80001706 (0xff210503) lb      a0, -14(sp)
core   0: 3 0x80001706 (0xff210503) x10 0xfffffff4 mem 0x8001493f
core   0: 0x8000170a (0x00008575) c.srai  a0, 29
core   0: 3 0x8000170a (0x8575) x10 0xffffffff
core   0: 0x8000170c (0x00008f21) c.xor   a4, s0
core   0: 3 0x8000170c (0x8f21) x14 0x00000033
core   0: 0x8000170e (0x01872cb3) slt     s9, a4, s8
core   0: 3 0x8000170e (0x01872cb3) x25 0x00000000
core   0: 0x80001712 (0xf35bec13) ori     s8, s7, -203
core   0: 3 0x80001712 (0xf35bec13) x24 0xffffff75
core   0: 0x80001716 (0x000047a9) c.li    a5, 10
core   0: 3 0x80001716 (0x47a9) x15 0x0000000a
core   0: 0x80001718 (0xffd15003) lhu     zero, -3(sp)
core   0: 3 0x80001718 (0xffd15003) mem 0x8001494a
core   0: 0x8000171c (0xfdd10b23) sb      t4, -42(sp)
core   0: 3 0x8000171c (0xfdd10b23) mem 0x80014923 0x0
core   0: 0x80001720 (0x00008e61) c.and   a2, s0
core   0: 3 0x80001720 (0x8e61) x12 0x00000000
core   0: 0x80001722 (0x00a831b3) sltu    gp, a6, a0
core   0: 3 0x80001722 (0x00a831b3) x 3 0x00000001
core   0: 0x80001726 (0x00000001) c.nop
core   0: 3 0x80001726 (0x0001)
core   0: 0x80001728 (0xfe414503) lbu     a0, -28(sp)
core   0: 3 0x80001728 (0xfe414503) x10 0x000000ea mem 0x80014931
core   0: 0x8000172c (0x00008ca5) c.xor   s1, s1
core   0: 3 0x8000172c (0x8ca5) x 9 0x00000000
core   0: 0x8000172e (0x0ff0000f) fence   iorw,iorw
core   0: 3 0x8000172e (0x0ff0000f)
core   0: 0x80001732 (0x00610483) lb      s1, 6(sp)
core   0: 3 0x80001732 (0x00610483) x 9 0x00000008 mem 0x80014953
core   0: 0x80001736 (0x000099fd) c.andi  a1, -1
core   0: 3 0x80001736 (0x99fd) x11 0xffffff9a
core   0: 0x80001738 (0x57c98e93) addi    t4, s3, 1404
core   0: 3 0x80001738 (0x57c98e93) x29 0x00000568
core   0: 0x8000173c (0x029100a3) sb      s1, 33(sp)
core   0: 3 0x8000173c (0x029100a3) mem 0x8001496e 0x8
core   0: 0x80001740 (0x01e43633) sltu    a2, s0, t5
core   0: 3 0x80001740 (0x01e43633) x12 0x00000001
core   0: 0x80001744 (0x038dafb3) mulhsu  t6, s11, s8
core   0: 3 0x80001744 (0x038dafb3) x31 0x00000000
core   0: 0x80001748 (0xfde10183) lb      gp, -34(sp)
core   0: 3 0x80001748 (0xfde10183) x 3 0xffffffe0 mem 0x8001492b
core   0: 0x8000174c (0x01410703) lb      a4, 20(sp)
core   0: 3 0x8000174c (0x01410703) x14 0x0000001a mem 0x80014961
core   0: 0x80001750 (0x034229b3) mulhsu  s3, tp, s4
core   0: 3 0x80001750 (0x034229b3) x19 0x0000001b
core   0: 0x80001754 (0xffe10e83) lb      t4, -2(sp)
core   0: 3 0x80001754 (0xffe10e83) x29 0xffffffa2 mem 0x8001494b
core   0: 0x80001758 (0x0cb4be13) sltiu   t3, s1, 203
core   0: 3 0x80001758 (0x0cb4be13) x28 0x00000001
core   0: 0x8000175c (0x03315c83) lhu     s9, 51(sp)
core   0: 3 0x8000175c (0x03315c83) x25 0x00003a3b mem 0x80014980
core   0: 0x80001760 (0x00e14283) lbu     t0, 14(sp)
core   0: 3 0x80001760 (0x00e14283) x 5 0x00000010 mem 0x8001495b
core   0: 0x80001764 (0x0001ec97) auipc   s9, 0x1e
core   0: 3 0x80001764 (0x0001ec97) x25 0x8001f764
core   0: 0x80001768 (0x029c8c93) addi    s9, s9, 41
core   0: 3 0x80001768 (0x029c8c93) x25 0x8001f78d
core   0: 0x8000176c (0xffdc88a3) sb      t4, -15(s9)
core   0: 3 0x8000176c (0xffdc88a3) mem 0x8001f77e 0xa2
core   0: 0x80001770 (0x00016717) auipc   a4, 0x16
core   0: 3 0x80001770 (0x00016717) x14 0x80017770
core   0: 0x80001774 (0xc4870713) addi    a4, a4, -952
core   0: 3 0x80001774 (0xc4870713) x14 0x800173b8
core   0: 0x80001778 (0xff274983) lbu     s3, -14(a4)
core   0: 3 0x80001778 (0xff274983) x19 0x00000061 mem 0x800173aa
core   0: 0x8000177c (0x00013f17) auipc   t5, 0x13
core   0: 3 0x8000177c (0x00013f17) x30 0x8001477c
core   0: 0x80001780 (0x75bf0f13) addi    t5, t5, 1883
core   0: 3 0x80001780 (0x75bf0f13) x30 0x80014ed7
core   0: 0x80001784 (0x00c71e83) lh      t4, 12(a4)
core   0: 3 0x80001784 (0x00c71e83) x29 0x00007e7f mem 0x800173c4
core   0: 0x80001788 (0x00014817) auipc   a6, 0x14
core   0: 3 0x80001788 (0x00014817) x16 0x80015788
core   0: 0x8000178c (0x41a80813) addi    a6, a6, 1050
core   0: 3 0x8000178c (0x41a80813) x16 0x80015ba2
core   0: 0x80001790 (0x002c8c03) lb      s8, 2(s9)
core   0: 3 0x80001790 (0x002c8c03) x24 0x00000044 mem 0x8001f78f
core   0: 0x80001794 (0x035f4b83) lbu     s7, 53(t5)
core   0: 3 0x80001794 (0x035f4b83) x23 0x000000c7 mem 0x80014f0c
core   0: 0x80001798 (0xfff71923) sh      t6, -14(a4)
core   0: 3 0x80001798 (0xfff71923) mem 0x800173aa 0x0000
core   0: 0x8000179c (0xffacc183) lbu     gp, -6(s9)
core   0: 3 0x8000179c (0xffacc183) x 3 0x0000003c mem 0x8001f787
core   0: 0x800017a0 (0x00dc9b03) lh      s6, 13(s9)
core   0: 3 0x800017a0 (0x00dc9b03) x22 0x00005051 mem 0x8001f79a
core   0: 0x800017a4 (0x001f0da3) sb      ra, 27(t5)
core   0: 3 0x800017a4 (0x001f0da3) mem 0x80014ef2 0x0
core   0: 0x800017a8 (0x01780323) sb      s7, 6(a6)
core   0: 3 0x800017a8 (0x01780323) mem 0x80015ba8 0xc7
core   0: 0x800017ac (0xffd70083) lb      ra, -3(a4)
core   0: 3 0x800017ac (0xffd70083) x 1 0x0000006e mem 0x800173b5
core   0: 0x800017b0 (0x009c9e03) lh      t3, 9(s9)
core   0: 3 0x800017b0 (0x009c9e03) x28 0x00004c4d mem 0x8001f796
core   0: 0x800017b4 (0x010c82a3) sb      a6, 5(s9)
core   0: 3 0x800017b4 (0x010c82a3) mem 0x8001f792 0xa2
core   0: 0x800017b8 (0x00c84b03) lbu     s6, 12(a6)
core   0: 3 0x800017b8 (0x00c84b03) x22 0x00000065 mem 0x80015bae
core   0: 0x800017bc (0x002f0f23) sb      sp, 30(t5)
core   0: 3 0x800017bc (0x002f0f23) mem 0x80014ef5 0x4d
core   0: 0x800017c0 (0x010c8003) lb      zero, 16(s9)
core   0: 3 0x800017c0 (0x010c8003) mem 0x8001f79d
core   0: 0x800017c4 (0xff675c03) lhu     s8, -10(a4)
core   0: 3 0x800017c4 (0xff675c03) x24 0x00006465 mem 0x800173ae
core   0: 0x800017c8 (0x00ecc003) lbu     zero, 14(s9)
core   0: 3 0x800017c8 (0x00ecc003) mem 0x8001f79b
core   0: 0x800017cc (0xfe6f06a3) sb      t1, -19(t5)
core   0: 3 0x800017cc (0xfe6f06a3) mem 0x80014ec4 0x2
core   0: 0x800017d0 (0xfe1708a3) sb      ra, -15(a4)
core   0: 3 0x800017d0 (0xfe1708a3) mem 0x800173a9 0x6e
core   0: 0x800017d4 (0x00970323) sb      s1, 6(a4)
core   0: 3 0x800017d4 (0x00970323) mem 0x800173be 0x8
core   0: 0x800017d8 (0x00481a03) lh      s4, 4(a6)
core   0: 3 0x800017d8 (0x00481a03) x20 0x00005c5d mem 0x80015ba6
core   0: 0x800017dc (0xffccc183) lbu     gp, -4(s9)
core   0: 3 0x800017dc (0xffccc183) x 3 0x00000042 mem 0x8001f789
core   0: 0x800017e0 (0x00d74183) lbu     gp, 13(a4)
core   0: 3 0x800017e0 (0x00d74183) x 3 0x0000007e mem 0x800173c5
core   0: 0x800017e4 (0x00580423) sb      t0, 8(a6)
core   0: 3 0x800017e4 (0x00580423) mem 0x80015baa 0x10
core   0: 0x800017e8 (0xff5c9b03) lh      s6, -11(s9)
core   0: 3 0x800017e8 (0xff5c9b03) x22 0x00003839 mem 0x8001f782
core   0: 0x800017ec (0xff580283) lb      t0, -11(a6)
core   0: 3 0x800017ec (0xff580283) x 5 0x0000004c mem 0x80015b97
core   0: 0x800017f0 (0x006f0c03) lb      s8, 6(t5)
core   0: 3 0x800017f0 (0x006f0c03) x24 0xffffff96 mem 0x80014edd
core   0: 0x800017f4 (0x019f2b03) lw      s6, 25(t5)
core   0: 3 0x800017f4 (0x019f2b03) x22 0xa800aaab mem 0x80014ef0
core   0: 0x800017f8 (0x00010297) auipc   t0, 0x10
core   0: 3 0x800017f8 (0x00010297) x 5 0x800117f8
core   0: 0x800017fc (0xaa828293) addi    t0, t0, -1368
core   0: 3 0x800017fc (0xaa828293) x 5 0x800112a0
core   0: 0x80001800 (0x00010c17) auipc   s8, 0x10
core   0: 3 0x80001800 (0x00010c17) x24 0x80011800
core   0: 0x80001804 (0x9bfc0c13) addi    s8, s8, -1601
core   0: 3 0x80001804 (0x9bfc0c13) x24 0x800111bf
core   0: 0x80001808 (0x00010f97) auipc   t6, 0x10
core   0: 3 0x80001808 (0x00010f97) x31 0x80011808
core   0: 0x8000180c (0x774f8f93) addi    t6, t6, 1908
core   0: 3 0x8000180c (0x774f8f93) x31 0x80011f7c
core   0: 0x80001810 (0xfc728103) lb      sp, -57(t0)
core   0: 3 0x80001810 (0xfc728103) x 2 0x0000001c mem 0x80011267
core   0: 0x80001814 (0xfef2ce83) lbu     t4, -17(t0)
core   0: 3 0x80001814 (0xfef2ce83) x29 0x00000044 mem 0x8001128f
core   0: 0x80001818 (0x060c4403) lbu     s0, 96(s8)
core   0: 3 0x80001818 (0x060c4403) x 8 0x000000d4 mem 0x8001121f
core   0: 0x8000181c (0xff228383) lb      t2, -14(t0)
core   0: 3 0x8000181c (0xff228383) x 7 0x00000049 mem 0x80011292
core   0: 0x80001820 (0x09cc4303) lbu     t1, 156(s8)
core   0: 3 0x80001820 (0x09cc4303) x 6 0x00000010 mem 0x8001125b
core   0: 0x80001824 (0xfc628e83) lb      t4, -58(t0)
core   0: 3 0x80001824 (0xfc628e83) x29 0x0000001d mem 0x80011266
core   0: 0x80001828 (0x1e8c09a3) sb      s0, 499(s8)
core   0: 3 0x80001828 (0x1e8c09a3) mem 0x800113b2 0xd4
core   0: 0x8000182c (0x00ef9803) lh      a6, 14(t6)
core   0: 3 0x8000182c (0x00ef9803) x16 0x00004041 mem 0x80011f8a
core   0: 0x80001830 (0x79ec0823) sb      t5, 1936(s8)
core   0: 3 0x80001830 (0x79ec0823) mem 0x8001194f 0xd7
core   0: 0x80001834 (0xff5f8a23) sb      s5, -12(t6)
core   0: 3 0x80001834 (0xff5f8a23) mem 0x80011f70 0xe4
core   0: 0x80001838 (0x151c1203) lh      tp, 337(s8)
core   0: 3 0x80001838 (0x151c1203) x 4 0xffffcacb mem 0x80011310
core   0: 0x8000183c (0x7b2c0323) sb      s2, 1958(s8)
core   0: 3 0x8000183c (0x7b2c0323) mem 0x80011965 0xdc
core   0: 0x80001840 (0xfe92c003) lbu     zero, -23(t0)
core   0: 3 0x80001840 (0xfe92c003) mem 0x80011289
core   0: 0x80001844 (0x5b7c5503) lhu     a0, 1463(s8)
core   0: 3 0x80001844 (0x5b7c5503) x10 0x00002c2d mem 0x80011776
core   0: 0x80001848 (0x002f8123) sb      sp, 2(t6)
core   0: 3 0x80001848 (0x002f8123) mem 0x80011f7e 0x1c
core   0: 0x8000184c (0xfe52c983) lbu     s3, -27(t0)
core   0: 3 0x8000184c (0xfe52c983) x19 0x000000ff mem 0x80011285
core   0: 0x80001850 (0x218c0983) lb      s3, 536(s8)
core   0: 3 0x80001850 (0x218c0983) x19 0xffffff8c mem 0x800113d7
core   0: 0x80001854 (0x009f8083) lb      ra, 9(t6)
core   0: 3 0x80001854 (0x009f8083) x 1 0x0000003e mem 0x80011f85
core   0: 0x80001858 (0xfef28c23) sb      a5, -8(t0)
core   0: 3 0x80001858 (0xfef28c23) mem 0x80011298 0xa
core   0: 0x8000185c (0x00ef8203) lb      tp, 14(t6)
core   0: 3 0x8000185c (0x00ef8203) x 4 0x00000041 mem 0x80011f8a
core   0: 0x80001860 (0x03328ca3) sb      s3, 57(t0)
core   0: 3 0x80001860 (0x03328ca3) mem 0x800112d9 0x8c
core   0: 0x80001864 (0x638c03a3) sb      s8, 1575(s8)
core   0: 3 0x80001864 (0x638c03a3) mem 0x800117e6 0xbf
core   0: 0x80001868 (0x088c22a3) sw      s0, 133(s8)
core   0: 3 0x80001868 (0x088c22a3) mem 0x80011244 0x000000d4
core   0: 0x8000186c (0xfe0f8ca3) sb      zero, -7(t6)
core   0: 3 0x8000186c (0xfe0f8ca3) mem 0x80011f75 0x0
core   0: 0x80001870 (0x00019817) auipc   a6, 0x19
core   0: 3 0x80001870 (0x00019817) x16 0x8001a870
core   0: 0x80001874 (0xef080813) addi    a6, a6, -272
core   0: 3 0x80001874 (0xef080813) x16 0x8001a760
core   0: 0x80001878 (0x0000fe97) auipc   t4, 0xf
core   0: 3 0x80001878 (0x0000fe97) x29 0x80010878
core   0: 0x8000187c (0x7fde8e93) addi    t4, t4, 2045
core   0: 3 0x8000187c (0x7fde8e93) x29 0x80011075
core   0: 0x80001880 (0x1f8ec203) lbu     tp, 504(t4)
core   0: 3 0x80001880 (0x1f8ec203) x 4 0x00000026 mem 0x8001126d
core   0: 0x80001884 (0x00680323) sb      t1, 6(a6)
core   0: 3 0x80001884 (0x00680323) mem 0x8001a766 0x10
core   0: 0x80001888 (0xff885703) lhu     a4, -8(a6)
core   0: 3 0x80001888 (0xff885703) x14 0x00001213 mem 0x8001a758
core   0: 0x8000188c (0x644e8d83) lb      s11, 1604(t4)
core   0: 3 0x8000188c (0x644e8d83) x27 0x00000072 mem 0x800116b9
core   0: 0x80001890 (0x2b0ec283) lbu     t0, 688(t4)
core   0: 3 0x80001890 (0x2b0ec283) x 5 0x000000de mem 0x80011325
core   0: 0x80001894 (0x00784b83) lbu     s7, 7(a6)
core   0: 3 0x80001894 (0x00784b83) x23 0x0000001c mem 0x8001a767
core   0: 0x80001898 (0xff881e03) lh      t3, -8(a6)
core   0: 3 0x80001898 (0xff881e03) x28 0x00001213 mem 0x8001a758
core   0: 0x8000189c (0x00e81b83) lh      s7, 14(a6)
core   0: 3 0x8000189c (0x00e81b83) x23 0x00002425 mem 0x8001a76e
core   0: 0x800018a0 (0x248ec003) lbu     zero, 584(t4)
core   0: 3 0x800018a0 (0x248ec003) mem 0x800112bd
core   0: 0x800018a4 (0x01680523) sb      s6, 10(a6)
core   0: 3 0x800018a4 (0x01680523) mem 0x8001a76a 0xab
core   0: 0x800018a8 (0x4d5e9183) lh      gp, 1237(t4)
core   0: 3 0x800018a8 (0x4d5e9183) x 3 0x00000001 mem 0x8001154a
core   0: 0x800018ac (0xff481183) lh      gp, -12(a6)
core   0: 3 0x800018ac (0xff481183) x 3 0x00000e0f mem 0x8001a754
core   0: 0x800018b0 (0x167ea183) lw      gp, 359(t4)
core   0: 3 0x800018b0 (0x167ea183) x 3 0x94959697 mem 0x800111dc
core   0: 0x800018b4 (0xffd80203) lb      tp, -3(a6)
core   0: 3 0x800018b4 (0xffd80203) x 4 0x00000016 mem 0x8001a75d
core   0: 0x800018b8 (0x590ec183) lbu     gp, 1424(t4)
core   0: 3 0x800018b8 (0x590ec183) x 3 0x000000be mem 0x80011605
core   0: 0x800018bc (0x00c85b83) lhu     s7, 12(a6)
core   0: 3 0x800018bc (0x00c85b83) x23 0x00002627 mem 0x8001a76c
core   0: 0x800018c0 (0x359e8323) sb      s9, 838(t4)
core   0: 3 0x800018c0 (0x359e8323) mem 0x800113bb 0x8d
core   0: 0x800018c4 (0xfe080aa3) sb      zero, -11(a6)
core   0: 3 0x800018c4 (0xfe080aa3) mem 0x8001a755 0x0
core   0: 0x800018c8 (0xff800413) li      s0, -8
core   0: 3 0x800018c8 (0xff800413) x 8 0xfffffff8
core   0: 0x800018cc (0xafe3f513) andi    a0, t2, -1282
core   0: 3 0x800018cc (0xafe3f513) x10 0x00000048
core   0: 0x800018d0 (0x00e26a33) or      s4, tp, a4
core   0: 3 0x800018d0 (0x00e26a33) x20 0x00001217
core   0: 0x800018d4 (0x00008bf9) c.andi  a5, 30
core   0: 3 0x800018d4 (0x8bf9) x15 0x0000000a
core   0: 0x800018d6 (0x02ae24b3) mulhsu  s1, t3, a0
core   0: 3 0x800018d6 (0x02ae24b3) x 9 0x00000000
core   0: 0x800018da (0x00008d05) c.sub   a0, s1
core   0: 3 0x800018da (0x8d05) x10 0x00000048
core   0: 0x800018dc (0xf414cb93) xori    s7, s1, -191
core   0: 3 0x800018dc (0xf414cb93) x23 0xffffff41
core   0: 0x800018e0 (0x03c7c7b3) div     a5, a5, t3
core   0: 3 0x800018e0 (0x03c7c7b3) x15 0x00000000
core   0: 0x800018e4 (0x030e44b3) div     s1, t3, a6
core   0: 3 0x800018e4 (0x030e44b3) x 9 0x00000000
core   0: 0x800018e8 (0x00000001) c.nop
core   0: 3 0x800018e8 (0x0001)
core   0: 0x800018ea (0x410d5993) srai    s3, s10, 16
core   0: 3 0x800018ea (0x410d5993) x19 0x00000000
core   0: 0x800018ee (0x0034e2b3) or      t0, s1, gp
core   0: 3 0x800018ee (0x0034e2b3) x 5 0x000000be
core   0: 0x800018f2 (0x014ed633) srl     a2, t4, s4
core   0: 3 0x800018f2 (0x014ed633) x12 0x00000100
core   0: 0x800018f6 (0x40e5df33) sra     t5, a1, a4
core   0: 3 0x800018f6 (0x40e5df33) x30 0xffffffff
core   0: 0x800018fa (0x40c850b3) sra     ra, a6, a2
core   0: 3 0x800018fa (0x40c850b3) x 1 0x8001a760
core   0: 0x800018fe (0x000080b5) c.srli  s1, 13
core   0: 3 0x800018fe (0x80b5) x 9 0x00000000
core   0: 0x80001900 (0x00006139) c.addi16sp sp, 448
core   0: 3 0x80001900 (0x6139) x 2 0x000001dc
core   0: 0x80001902 (0x40e78db3) sub     s11, a5, a4
core   0: 3 0x80001902 (0x40e78db3) x27 0xffffeded
core   0: 0x80001906 (0x00000001) c.nop
core   0: 3 0x80001906 (0x0001)
core   0: 0x80001908 (0xdfbd8997) auipc   s3, 0xdfbd8
core   0: 3 0x80001908 (0xdfbd8997) x19 0x5fbd9908
core   0: 0x8000190c (0x00000256) c.slli  tp, 21
core   0: 3 0x8000190c (0x0256) x 4 0x02c00000
core   0: 0x8000190e (0x37e0ed93) ori     s11, ra, 894
core   0: 3 0x8000190e (0x37e0ed93) x27 0x8001a77e
core   0: 0x80001912 (0x01bc9e93) slli    t4, s9, 27
core   0: 3 0x80001912 (0x01bc9e93) x29 0x68000000
core   0: 0x80001916 (0x01fd1eb3) sll     t4, s10, t6
core   0: 3 0x80001916 (0x01fd1eb3) x29 0xa0000000
core   0: 0x8000191a (0x00000001) c.nop
core   0: 3 0x8000191a (0x0001)
core   0: 0x8000191c (0x00000411) c.addi  s0, 4
core   0: 3 0x8000191c (0x0411) x 8 0xfffffffc
core   0: 0x8000191e (0x00006159) c.addi16sp sp, 400
core   0: 3 0x8000191e (0x6159) x 2 0x0000036c
core   0: 0x80001920 (0x0000d479) c.beqz  s0, pc - 50
core   0: 3 0x80001920 (0xd479)
core   0: 0x80001922 (0x000099ca) c.add   s3, s2
core   0: 3 0x80001922 (0x99ca) x19 0x5fbd99e4
core   0: 0x80001924 (0x00018217) auipc   tp, 0x18
core   0: 3 0x80001924 (0x00018217) x 4 0x80019924
core   0: 0x80001928 (0xddc20213) addi    tp, tp, -548
core   0: 3 0x80001928 (0xddc20213) x 4 0x80019700
core   0: 0x8000192c (0x0046e633) or      a2, a3, tp
core   0: 3 0x8000192c (0x0046e633) x12 0xfc09df38
core   0: 0x80001930 (0x0186e633) or      a2, a3, s8
core   0: 3 0x80001930 (0x0186e633) x12 0xfc095dbf
core   0: 0x80001934 (0x00624803) lbu     a6, 6(tp)
core   0: 3 0x80001934 (0x00624803) x16 0x000000bd mem 0x80019706
core   0: 0x80001938 (0xff320ba3) sb      s3, -9(tp)
core   0: 3 0x80001938 (0xff320ba3) mem 0x800196f7 0xe4
core   0: 0x8000193c (0x00c20483) lb      s1, 12(tp)
core   0: 3 0x8000193c (0x00c20483) x 9 0xffffffc7 mem 0x8001970c
core   0: 0x80001940 (0x00f21623) sh      a5, 12(tp)
core   0: 3 0x80001940 (0x00f21623) mem 0x8001970c 0x0000
core   0: 0x80001944 (0x00721623) sh      t2, 12(tp)
core   0: 3 0x80001944 (0x00721623) mem 0x8001970c 0x0049
core   0: 0x80001948 (0x01521623) sh      s5, 12(tp)
core   0: 3 0x80001948 (0x01521623) mem 0x8001970c 0xace4
core   0: 0x8000194c (0x00008f7d) c.and   a4, a5
core   0: 3 0x8000194c (0x8f7d) x14 0x00000000
core   0: 0x8000194e (0xffa20c03) lb      s8, -6(tp)
core   0: 3 0x8000194e (0xffa20c03) x24 0xffffffb1 mem 0x800196fa
core   0: 0x80001952 (0xffa21983) lh      s3, -6(tp)
core   0: 3 0x80001952 (0xffa21983) x19 0xffffb0b1 mem 0x800196fa
core   0: 0x80001956 (0xffb21d23) sh      s11, -6(tp)
core   0: 3 0x80001956 (0xffb21d23) mem 0x800196fa 0xa77e
core   0: 0x8000195a (0x419e0eb3) sub     t4, t3, s9
core   0: 3 0x8000195a (0x419e0eb3) x29 0x7ffe1a86
core   0: 0x8000195e (0xffa21e83) lh      t4, -6(tp)
core   0: 3 0x8000195e (0xffa21e83) x29 0xffffa77e mem 0x800196fa
core   0: 0x80001962 (0x00624803) lbu     a6, 6(tp)
core   0: 3 0x80001962 (0x00624803) x16 0x000000bd mem 0x80019706
core   0: 0x80001966 (0x41225733) sra     a4, tp, s2
core   0: 3 0x80001966 (0x41225733) x14 0xfffffff8
core   0: 0x8000196a (0x01621123) sh      s6, 2(tp)
core   0: 3 0x8000196a (0x01621123) mem 0x80019702 0xaaab
core   0: 0x8000196e (0x00008cb5) c.xor   s1, a3
core   0: 3 0x8000196e (0x8cb5) x 9 0x03f6b3ff
core   0: 0x80001970 (0x035dacb3) mulhsu  s9, s11, s5
core   0: 3 0x80001970 (0x035dacb3) x25 0xbfff7d51
core   0: 0x80001974 (0x8ecbce93) xori    t4, s7, -1812
core   0: 3 0x80001974 (0x8ecbce93) x29 0x000007ad
core   0: 0x80001978 (0x01a7b033) sltu    zero, a5, s10
core   0: 3 0x80001978 (0x01a7b033)
core   0: 0x8000197c (0x00008f99) c.sub   a5, a4
core   0: 3 0x8000197c (0x8f99) x15 0x00000008
core   0: 0x8000197e (0x00000e96) c.slli  t4, 5
core   0: 3 0x8000197e (0x0e96) x29 0x0000f5a0
core   0: 0x80001980 (0x00000001) c.nop
core   0: 3 0x80001980 (0x0001)
core   0: 0x80001982 (0x6186f613) andi    a2, a3, 1560
core   0: 3 0x80001982 (0x6186f613) x12 0x00000418
core   0: 0x80001986 (0x2ad50713) addi    a4, a0, 685
core   0: 3 0x80001986 (0x2ad50713) x14 0x000002f5
core   0: 0x8000198a (0x0a5e8b93) addi    s7, t4, 165
core   0: 3 0x8000198a (0x0a5e8b93) x23 0x0000f645
core   0: 0x8000198e (0x00006471) c.lui   s0, 0x1c
core   0: 3 0x8000198e (0x6471) x 8 0x0001c000
core   0: 0x80001990 (0x007d9663) bne     s11, t2, pc + 12
core   0: 3 0x80001990 (0x007d9663)
core   0: 0x8000199c (0x01c8ca33) xor     s4, a7, t3
core   0: 3 0x8000199c (0x01c8ca33) x20 0x80027c77
core   0: 0x800019a0 (0x00006d69) c.lui   s10, 0x1a
core   0: 3 0x800019a0 (0x6d69) x26 0x0001a000
core   0: 0x800019a2 (0x00cd3c33) sltu    s8, s10, a2
core   0: 3 0x800019a2 (0x00cd3c33) x24 0x00000000
core   0: 0x800019a6 (0x021493b3) mulh    t2, s1, ra
core   0: 3 0x800019a6 (0x021493b3) x 7 0xfe04ac8e
core   0: 0x800019aa (0x9b89bd93) sltiu   s11, s3, -1608
core   0: 3 0x800019aa (0x9b89bd93) x27 0x00000001
core   0: 0x800019ae (0x0000857d) c.srai  a0, 31
core   0: 3 0x800019ae (0x857d) x10 0x00000000
core   0: 0x800019b0 (0x00009e62) c.add   t3, s8
core   0: 3 0x800019b0 (0x9e62) x28 0x00001213
core   0: 0x800019b2 (0x01c71f93) slli    t6, a4, 28
core   0: 3 0x800019b2 (0x01c71f93) x31 0x50000000
core   0: 0x800019b6 (0x40edd993) srai    s3, s11, 14
core   0: 3 0x800019b6 (0x40edd993) x19 0x00000000
core   0: 0x800019ba (0x037ef663) bgeu    t4, s7, pc + 44
core   0: 3 0x800019ba (0x037ef663)
core   0: 0x800019be (0x3bb07c97) auipc   s9, 0x3bb07
core   0: 3 0x800019be (0x3bb07c97) x25 0xbbb089be
core   0: 0x800019c2 (0x40595b93) srai    s7, s2, 5
core   0: 3 0x800019c2 (0x40595b93) x23 0x00000006
core   0: 0x800019c6 (0x00008e29) c.xor   a2, a0
core   0: 3 0x800019c6 (0x8e29) x12 0x00000418
core   0: 0x800019c8 (0x011f5b93) srli    s7, t5, 17
core   0: 3 0x800019c8 (0x011f5b93) x23 0x00007fff
core   0: 0x800019cc (0x0488d163) bge     a7, s0, pc + 66
core   0: 3 0x800019cc (0x0488d163)
core   0: 0x800019d0 (0x0000016a) c.slli  sp, 26
core   0: 3 0x800019d0 (0x016a) x 2 0xb0000000
core   0: 0x800019d2 (0x00008fe1) c.and   a5, s0
core   0: 3 0x800019d2 (0x8fe1) x15 0x00000000
core   0: 0x800019d4 (0x01376c63) bltu    a4, s3, pc + 24
core   0: 3 0x800019d4 (0x01376c63)
core   0: 0x800019d8 (0x031d7f63) bgeu    s10, a7, pc + 62
core   0: 3 0x800019d8 (0x031d7f63)
core   0: 0x800019dc (0x0060e133) or      sp, ra, t1
core   0: 3 0x800019dc (0x0060e133) x 2 0x8001a770
core   0: 0x800019e0 (0x037f6fb3) rem     t6, t5, s7
core   0: 3 0x800019e0 (0x037f6fb3) x31 0xffffffff
core   0: 0x800019e4 (0x00000001) c.nop
core   0: 3 0x800019e4 (0x0001)
core   0: 0x800019e6 (0x03438433) mul     s0, t2, s4
core   0: 3 0x800019e6 (0x03438433) x 8 0xb0dcfe02
core   0: 0x800019ea (0x00008fa9) c.xor   a5, a0
core   0: 3 0x800019ea (0x8fa9) x15 0x00000000
core   0: 0x800019ec (0x01483e33) sltu    t3, a6, s4
core   0: 3 0x800019ec (0x01483e33) x28 0x00000001
core   0: 0x800019f0 (0x00008fcd) c.or    a5, a1
core   0: 3 0x800019f0 (0x8fcd) x15 0xffffff9a
core   0: 0x800019f2 (0x023f4333) div     t1, t5, gp
core   0: 3 0x800019f2 (0x023f4333) x 6 0x00000000
core   0: 0x800019f6 (0x00008e35) c.xor   a2, a3
core   0: 3 0x800019f6 (0x8e35) x12 0xfc094820
core   0: 0x800019f8 (0x0000100f) fence.i
core   0: 3 0x800019f8 (0x0000100f)
core   0: 0x800019fc (0x01ae8533) add     a0, t4, s10
core   0: 3 0x800019fc (0x01ae8533) x10 0x000295a0
core   0: 0x80001a00 (0x03594c63) blt     s2, s5, pc + 56
core   0: 3 0x80001a00 (0x03594c63)
core   0: 0x80001a04 (0x01201f33) sll     t5, zero, s2
core   0: 3 0x80001a04 (0x01201f33) x30 0x00000000
core   0: 0x80001a08 (0x0112ceb3) xor     t4, t0, a7
core   0: 3 0x80001a08 (0x0112ceb3) x29 0x80026eda
core   0: 0x80001a0c (0x00008fd1) c.or    a5, a2
core   0: 3 0x80001a0c (0x8fd1) x15 0xffffffba
core   0: 0x80001a0e (0x0000cb01) c.beqz  a4, pc + 16
core   0: 3 0x80001a0e (0xcb01)
core   0: 0x80001a10 (0xc9566113) ori     sp, a2, -875
core   0: 3 0x80001a10 (0xc9566113) x 2 0xfffffcb5
core   0: 0x80001a14 (0x00000080) c.addi4spn s0, sp, 64
core   0: 3 0x80001a14 (0x0080) x 8 0xfffffcf5
core   0: 0x80001a16 (0x405653b3) sra     t2, a2, t0
core   0: 3 0x80001a16 (0x405653b3) x 7 0xffffffff
core   0: 0x80001a1a (0xe3dc4413) xori    s0, s8, -451
core   0: 3 0x80001a1a (0xe3dc4413) x 8 0xfffffe3d
core   0: 0x80001a1e (0x00000001) c.nop
core   0: 3 0x80001a1e (0x0001)
core   0: 0x80001a20 (0x0000100f) fence.i
core   0: 3 0x80001a20 (0x0000100f)
core   0: 0x80001a24 (0x00006179) c.addi16sp sp, 464
core   0: 3 0x80001a24 (0x6179) x 2 0xfffffe85
core   0: 0x80001a26 (0x035310b3) mulh    ra, t1, s5
core   0: 3 0x80001a26 (0x035310b3) x 1 0x00000000
core   0: 0x80001a2a (0x00008796) c.mv    a5, t0
core   0: 3 0x80001a2a (0x8796) x15 0x000000be
core   0: 0x80001a2c (0x01b173b3) and     t2, sp, s11
core   0: 3 0x80001a2c (0x01b173b3) x 7 0x00000001
core   0: 0x80001a30 (0x40e4dfb3) sra     t6, s1, a4
core   0: 3 0x80001a30 (0x40e4dfb3) x31 0x0000001f
core   0: 0x80001a34 (0x4018d593) srai    a1, a7, 1
core   0: 3 0x80001a34 (0x4018d593) x11 0xc0013732
core   0: 0x80001a38 (0x00008489) c.srai  s1, 2
core   0: 3 0x80001a38 (0x8489) x 9 0x00fdacff
core   0: 0x80001a3a (0x0024e233) or      tp, s1, sp
core   0: 3 0x80001a3a (0x0024e233) x 4 0xfffffeff
core   0: 0x80001a3e (0x00374433) xor     s0, a4, gp
core   0: 3 0x80001a3e (0x00374433) x 8 0x0000024b
core   0: 0x80001a42 (0x02d2b033) mulhu   zero, t0, a3
core   0: 3 0x80001a42 (0x02d2b033)
core   0: 0x80001a46 (0x00c28733) add     a4, t0, a2
core   0: 3 0x80001a46 (0x00c28733) x14 0xfc0948de
core   0: 0x80001a4a (0x3fd9bd93) sltiu   s11, s3, 1021
core   0: 3 0x80001a4a (0x3fd9bd93) x27 0x00000001
core   0: 0x80001a4e (0x00006e89) c.lui   t4, 0x2
core   0: 3 0x80001a4e (0x6e89) x29 0x00002000
core   0: 0x80001a50 (0x00008c55) c.or    s0, a3
core   0: 3 0x80001a50 (0x8c55) x 8 0xfc094e7b
core   0: 0x80001a52 (0x00008865) c.andi  s0, 25
core   0: 3 0x80001a52 (0x8865) x 8 0x00000019
core   0: 0x80001a54 (0x01147033) and     zero, s0, a7
core   0: 3 0x80001a54 (0x01147033)
core   0: 0x80001a58 (0x00000800) c.addi4spn s0, sp, 16
core   0: 3 0x80001a58 (0x0800) x 8 0xfffffe95
core   0: 0x80001a5a (0x0000cf89) c.beqz  a5, pc + 26
core   0: 3 0x80001a5a (0xcf89)
core   0: 0x80001a5c (0x00001a08) c.addi4spn a0, sp, 304
core   0: 3 0x80001a5c (0x1a08) x10 0xffffffb5
core   0: 0x80001a5e (0x00000001) c.nop
core   0: 3 0x80001a5e (0x0001)
core   0: 0x80001a60 (0x00008d15) c.sub   a0, a3
core   0: 3 0x80001a60 (0x8d15) x10 0x03f6b37d
core   0: 0x80001a62 (0x00004d55) c.li    s10, 21
core   0: 3 0x80001a62 (0x4d55) x26 0x00000015
core   0: 0x80001a64 (0x00269593) slli    a1, a3, 2
core   0: 3 0x80001a64 (0x00269593) x11 0xf02530e0
core   0: 0x80001a68 (0x0000955a) c.add   a0, s6
core   0: 3 0x80001a68 (0x955a) x10 0xabf75e28
core   0: 0x80001a6a (0x00a19f33) sll     t5, gp, a0
core   0: 3 0x80001a6a (0x00a19f33) x30 0x0000be00
core   0: 0x80001a6e (0x00008e19) c.sub   a2, a4
core   0: 3 0x80001a6e (0x8e19) x12 0xffffff42
core   0: 0x80001a70 (0x028ff863) bgeu    t6, s0, pc + 48
core   0: 3 0x80001a70 (0x028ff863)
core   0: 0x80001a74 (0x2e2155b7) lui     a1, 0x2e215
core   0: 3 0x80001a74 (0x2e2155b7) x11 0x2e215000
core   0: 0x80001a78 (0x00000001) c.nop
core   0: 3 0x80001a78 (0x0001)
core   0: 0x80001a7a (0x000084e9) c.srai  s1, 26
core   0: 3 0x80001a7a (0x84e9) x 9 0x00000000
core   0: 0x80001a7c (0x18c87713) andi    a4, a6, 396
core   0: 3 0x80001a7c (0x18c87713) x14 0x0000008c
core   0: 0x80001a80 (0x012d6a63) bltu    s10, s2, pc + 20
core   0: 3 0x80001a80 (0x012d6a63)
core   0: 0x80001a94 (0x0260af33) mulhsu  t5, ra, t1
core   0: 3 0x80001a94 (0x0260af33) x30 0x00000000
core   0: 0x80001a98 (0x01a85413) srli    s0, a6, 26
core   0: 3 0x80001a98 (0x01a85413) x 8 0x00000000
core   0: 0x80001a9c (0x02e70b63) beq     a4, a4, pc + 54
core   0: 3 0x80001a9c (0x02e70b63)
core   0: 0x80001ad2 (0x00008c31) c.xor   s0, a2
core   0: 3 0x80001ad2 (0x8c31) x 8 0xffffff42
core   0: 0x80001ad4 (0x0104a833) slt     a6, s1, a6
core   0: 3 0x80001ad4 (0x0104a833) x16 0x00000001
core   0: 0x80001ad8 (0x0111aa33) slt     s4, gp, a7
core   0: 3 0x80001ad8 (0x0111aa33) x20 0x00000000
core   0: 0x80001adc (0x01855d33) srl     s10, a0, s8
core   0: 3 0x80001adc (0x01855d33) x26 0xabf75e28
core   0: 0x80001ae0 (0x8419b213) sltiu   tp, s3, -1983
core   0: 3 0x80001ae0 (0x8419b213) x 4 0x00000001
core   0: 0x80001ae4 (0x032251b3) divu    gp, tp, s2
core   0: 3 0x80001ae4 (0x032251b3) x 3 0x00000000
core   0: 0x80001ae8 (0x028fbd33) mulhu   s10, t6, s0
core   0: 3 0x80001ae8 (0x028fbd33) x26 0x0000001e
core   0: 0x80001aec (0x0000567d) c.li    a2, -1
core   0: 3 0x80001aec (0x567d) x12 0xffffffff
core   0: 0x80001aee (0x00001918) c.addi4spn a4, sp, 176
core   0: 3 0x80001aee (0x1918) x14 0xffffff35
core   0: 0x80001af0 (0x0000597d) c.li    s2, -1
core   0: 3 0x80001af0 (0x597d) x18 0xffffffff
core   0: 0x80001af2 (0xefd2e917) auipc   s2, 0xefd2e
core   0: 3 0x80001af2 (0xefd2e917) x18 0x6fd2faf2
core   0: 0x80001af6 (0x03ab2db3) mulhsu  s11, s6, s10
core   0: 3 0x80001af6 (0x03ab2db3) x27 0xfffffff5
core   0: 0x80001afa (0x00008fe1) c.and   a5, s0
core   0: 3 0x80001afa (0x8fe1) x15 0x00000002
core   0: 0x80001afc (0x00009b16) c.add   s6, t0
core   0: 3 0x80001afc (0x9b16) x22 0xa800ab69
core   0: 0x80001afe (0x02e45a63) bge     s0, a4, pc + 52
core   0: 3 0x80001afe (0x02e45a63)
core   0: 0x80001b32 (0x02816a63) bltu    sp, s0, pc + 52
core   0: 3 0x80001b32 (0x02816a63)
core   0: 0x80001b66 (0x02566a63) bltu    a2, t0, pc + 52
core   0: 3 0x80001b66 (0x02566a63)
core   0: 0x80001b6a (0x00008436) c.mv    s0, a3
core   0: 3 0x80001b6a (0x8436) x 8 0xfc094c38
core   0: 0x80001b6c (0x000bf4b3) and     s1, s7, zero
core   0: 3 0x80001b6c (0x000bf4b3) x 9 0x00000000
core   0: 0x80001b70 (0x03331233) mulh    tp, t1, s3
core   0: 3 0x80001b70 (0x03331233) x 4 0x00000000
core   0: 0x80001b74 (0x28974d13) xori    s10, a4, 649
core   0: 3 0x80001b74 (0x28974d13) x26 0xfffffdbc
core   0: 0x80001b78 (0x01727433) and     s0, tp, s7
core   0: 3 0x80001b78 (0x01727433) x 8 0x00000000
core   0: 0x80001b7c (0x0164d093) srli    ra, s1, 22
core   0: 3 0x80001b7c (0x0164d093) x 1 0x00000000
core   0: 0x80001b80 (0x40cb5033) sra     zero, s6, a2
core   0: 3 0x80001b80 (0x40cb5033)
core   0: 0x80001b84 (0xf7a94c17) auipc   s8, 0xf7a94
core   0: 3 0x80001b84 (0xf7a94c17) x24 0x77a95b84
core   0: 0x80001b88 (0x4199d013) srai    zero, s3, 25
core   0: 3 0x80001b88 (0x4199d013)
core   0: 0x80001b8c (0x01abd733) srl     a4, s7, s10
core   0: 3 0x80001b8c (0x01abd733) x14 0x00000000
core   0: 0x80001b90 (0x031e5033) divu    zero, t3, a7
core   0: 3 0x80001b90 (0x031e5033)
core   0: 0x80001b94 (0x0000167d) c.addi  a2, -1
core   0: 3 0x80001b94 (0x167d) x12 0xfffffffe
core   0: 0x80001b96 (0x00000001) c.nop
core   0: 3 0x80001b96 (0x0001)
core   0: 0x80001b98 (0x0000e81d) c.bnez  s0, pc + 54
core   0: 3 0x80001b98 (0xe81d)
core   0: 0x80001b9a (0x0000100f) fence.i
core   0: 3 0x80001b9a (0x0000100f)
core   0: 0x80001b9e (0x0ff0000f) fence   iorw,iorw
core   0: 3 0x80001b9e (0x0ff0000f)
core   0: 0x80001ba2 (0x0ff0000f) fence   iorw,iorw
core   0: 3 0x80001ba2 (0x0ff0000f)
core   0: 0x80001ba6 (0x00329593) slli    a1, t0, 3
core   0: 3 0x80001ba6 (0x00329593) x11 0x000005f0
core   0: 0x80001baa (0x00008fa5) c.xor   a5, s1
core   0: 3 0x80001baa (0x8fa5) x15 0x00000002
core   0: 0x80001bac (0x40a20c33) sub     s8, tp, a0
core   0: 3 0x80001bac (0x40a20c33) x24 0x5408a1d8
core   0: 0x80001bb0 (0x0000ed19) c.bnez  a0, pc + 30
core   0: 3 0x80001bb0 (0xed19)
core   0: 0x80001bce (0x00006921) c.lui   s2, 0x8
core   0: 3 0x80001bce (0x6921) x18 0x00008000
core   0: 0x80001bd0 (0xe63e8713) addi    a4, t4, -413
core   0: 3 0x80001bd0 (0xe63e8713) x14 0x00001e63
core   0: 0x80001bd4 (0x00008a29) c.andi  a2, 10
core   0: 3 0x80001bd4 (0x8a29) x12 0x0000000a
core   0: 0x80001bd6 (0x00008c5d) c.or    s0, a5
core   0: 3 0x80001bd6 (0x8c5d) x 8 0x00000002
core   0: 0x80001bd8 (0x0000885a) c.mv    a6, s6
core   0: 3 0x80001bd8 (0x885a) x16 0xa800ab69
core   0: 0x80001bda (0x0233b9b3) mulhu   s3, t2, gp
core   0: 3 0x80001bda (0x0233b9b3) x19 0x00000000
core   0: 0x80001bde (0x40ff8133) sub     sp, t6, a5
core   0: 3 0x80001bde (0x40ff8133) x 2 0x0000001d
core   0: 0x80001be2 (0x0000cf99) c.beqz  a5, pc + 30
core   0: 3 0x80001be2 (0xcf99)
core   0: 0x80001be4 (0x334b4b17) auipc   s6, 0x334b4
core   0: 3 0x80001be4 (0x334b4b17) x22 0xb34b5be4
core   0: 0x80001be8 (0x039fb5b3) mulhu   a1, t6, s9
core   0: 3 0x80001be8 (0x039fb5b3) x11 0x00000016
core   0: 0x80001bec (0x0213c1b3) div     gp, t2, ra
core   0: 3 0x80001bec (0x0213c1b3) x 3 0xffffffff
core   0: 0x80001bf0 (0x00006fa1) c.lui   t6, 0x8
core   0: 3 0x80001bf0 (0x6fa1) x31 0x00008000
core   0: 0x80001bf2 (0x03ae4a33) div     s4, t3, s10
core   0: 3 0x80001bf2 (0x03ae4a33) x20 0x00000000
core   0: 0x80001bf6 (0x0336d4b3) divu    s1, a3, s3
core   0: 3 0x80001bf6 (0x0336d4b3) x 9 0xffffffff
core   0: 0x80001bfa (0x00004865) c.li    a6, 25
core   0: 3 0x80001bfa (0x4865) x16 0x00000019
core   0: 0x80001bfc (0x1c755737) lui     a4, 0x1c755
core   0: 3 0x80001bfc (0x1c755737) x14 0x1c755000
core   0: 0x80001c00 (0x00000d5a) c.slli  s10, 22
core   0: 3 0x80001c00 (0x0d5a) x26 0x6f000000
core   0: 0x80001c02 (0x00000001) c.nop
core   0: 3 0x80001c02 (0x0001)
core   0: 0x80001c04 (0x021fbc33) mulhu   s8, t6, ra
core   0: 3 0x80001c04 (0x021fbc33) x24 0x00000000
core   0: 0x80001c08 (0x00008785) c.srai  a5, 1
core   0: 3 0x80001c08 (0x8785) x15 0x00000001
core   0: 0x80001c0a (0x02630bb3) mul     s7, t1, t1
core   0: 3 0x80001c0a (0x02630bb3) x23 0x00000000
core   0: 0x80001c0e (0x02b63fb3) mulhu   t6, a2, a1
core   0: 3 0x80001c0e (0x02b63fb3) x31 0x00000000
core   0: 0x80001c12 (0x98146717) auipc   a4, 0x98146
core   0: 3 0x80001c12 (0x98146717) x14 0x18147c12
core   0: 0x80001c16 (0x00000fdd) c.addi  t6, 23
core   0: 3 0x80001c16 (0x0fdd) x31 0x00000017
core   0: 0x80001c18 (0x0324b9b3) mulhu   s3, s1, s2
core   0: 3 0x80001c18 (0x0324b9b3) x19 0x00007fff
core   0: 0x80001c1c (0x00009a7d) c.andi  a2, -1
core   0: 3 0x80001c1c (0x9a7d) x12 0x0000000a
core   0: 0x80001c1e (0x0251abb3) mulhsu  s7, gp, t0
core   0: 3 0x80001c1e (0x0251abb3) x23 0xffffffff
core   0: 0x80001c22 (0x00cc1093) slli    ra, s8, 12
core   0: 3 0x80001c22 (0x00cc1093) x 1 0x00000000
core   0: 0x80001c26 (0x0253f833) remu    a6, t2, t0
core   0: 3 0x80001c26 (0x0253f833) x16 0x00000001
core   0: 0x80001c2a (0x00008b81) c.andi  a5, 0
core   0: 3 0x80001c2a (0x8b81) x15 0x00000000
core   0: 0x80001c2c (0x02c97933) remu    s2, s2, a2
core   0: 3 0x80001c2c (0x02c97933) x18 0x00000008
core   0: 0x80001c30 (0x3f47ec13) ori     s8, a5, 1012
core   0: 3 0x80001c30 (0x3f47ec13) x24 0x000003f4
core   0: 0x80001c34 (0x00005a7d) c.li    s4, -1
core   0: 3 0x80001c34 (0x5a7d) x20 0xffffffff
core   0: 0x80001c36 (0x211e4713) xori    a4, t3, 529
core   0: 3 0x80001c36 (0x211e4713) x14 0x00000210
core   0: 0x80001c3a (0x00ccb633) sltu    a2, s9, a2
core   0: 3 0x80001c3a (0x00ccb633) x12 0x00000000
core   0: 0x80001c3e (0x00009a7d) c.andi  a2, -1
core   0: 3 0x80001c3e (0x9a7d) x12 0x00000000
core   0: 0x80001c40 (0x0000c395) c.beqz  a5, pc + 36
core   0: 3 0x80001c40 (0xc395)
core   0: 0x80001c64 (0x02489c33) mulh    s8, a7, tp
core   0: 3 0x80001c64 (0x02489c33) x24 0x00000000
core   0: 0x80001c68 (0x00de5e93) srli    t4, t3, 13
core   0: 3 0x80001c68 (0x00de5e93) x29 0x00000000
core   0: 0x80001c6c (0xd9576293) ori     t0, a4, -619
core   0: 3 0x80001c6c (0xd9576293) x 5 0xffffff95
core   0: 0x80001c70 (0x41970f33) sub     t5, a4, s9
core   0: 3 0x80001c70 (0x41970f33) x30 0x444f7852
core   0: 0x80001c74 (0x0154b133) sltu    sp, s1, s5
core   0: 3 0x80001c74 (0x0154b133) x 2 0x00000000
core   0: 0x80001c78 (0x00000001) c.nop
core   0: 3 0x80001c78 (0x0001)
core   0: 0x80001c7a (0x0353fe63) bgeu    t2, s5, pc + 60
core   0: 3 0x80001c7a (0x0353fe63)
core   0: 0x80001c7e (0x034730b3) mulhu   ra, a4, s4
core   0: 3 0x80001c7e (0x034730b3) x 1 0x0000020f
core   0: 0x80001c82 (0x00000a04) c.addi4spn s1, sp, 272
core   0: 3 0x80001c82 (0x0a04) x 9 0x00000110
core   0: 0x80001c84 (0x000042b5) c.li    t0, 13
core   0: 3 0x80001c84 (0x42b5) x 5 0x0000000d
core   0: 0x80001c86 (0x0166c733) xor     a4, a3, s6
core   0: 3 0x80001c86 (0x0166c733) x14 0x4f4217dc
core   0: 0x80001c8a (0x0341cf63) blt     gp, s4, pc + 62
core   0: 3 0x80001c8a (0x0341cf63)
core   0: 0x80001c8e (0x00008031) c.srli  s0, 12
core   0: 3 0x80001c8e (0x8031) x 8 0x00000000
core   0: 0x80001c90 (0x03cbecb3) rem     s9, s7, t3
core   0: 3 0x80001c90 (0x03cbecb3) x25 0x00000000
core   0: 0x80001c94 (0x2f772613) slti    a2, a4, 759
core   0: 3 0x80001c94 (0x2f772613) x12 0x00000000
core   0: 0x80001c98 (0x01de83b3) add     t2, t4, t4
core   0: 3 0x80001c98 (0x01de83b3) x 7 0x00000000
core   0: 0x80001c9c (0x00008df9) c.and   a1, a4
core   0: 3 0x80001c9c (0x8df9) x11 0x00000014
core   0: 0x80001c9e (0x005dab93) slti    s7, s11, 5
core   0: 3 0x80001c9e (0x005dab93) x23 0x00000001
core   0: 0x80001ca2 (0x02e76863) bltu    a4, a4, pc + 48
core   0: 3 0x80001ca2 (0x02e76863)
core   0: 0x80001ca6 (0x03acebb3) rem     s7, s9, s10
core   0: 3 0x80001ca6 (0x03acebb3) x23 0x00000000
core   0: 0x80001caa (0x031f0333) mul     t1, t5, a7
core   0: 3 0x80001caa (0x031f0333) x 6 0xc5623c08
core   0: 0x80001cae (0x0000967e) c.add   a2, t6
core   0: 3 0x80001cae (0x967e) x12 0x00000017
core   0: 0x80001cb0 (0x0295cd33) div     s10, a1, s1
core   0: 3 0x80001cb0 (0x0295cd33) x26 0x00000000
core   0: 0x80001cb4 (0x000053fd) c.li    t2, -1
core   0: 3 0x80001cb4 (0x53fd) x 7 0xffffffff
core   0: 0x80001cb6 (0x41cf0bb3) sub     s7, t5, t3
core   0: 3 0x80001cb6 (0x41cf0bb3) x23 0x444f7851
core   0: 0x80001cba (0x03f7d063) bge     a5, t6, pc + 32
core   0: 3 0x80001cba (0x03f7d063)
core   0: 0x80001cbe (0x00000001) c.nop
core   0: 3 0x80001cbe (0x0001)
core   0: 0x80001cc0 (0x15059eb7) lui     t4, 0x15059
core   0: 3 0x80001cc0 (0x15059eb7) x29 0x15059000
core   0: 0x80001cc4 (0x1a40cd97) auipc   s11, 0x1a40c
core   0: 3 0x80001cc4 (0x1a40cd97) x27 0x9a40dcc4
core   0: 0x80001cc8 (0x0000e099) c.bnez  s1, pc + 6
core   0: 3 0x80001cc8 (0xe099)
core   0: 0x80001cce (0x01a122b3) slt     t0, sp, s10
core   0: 3 0x80001cce (0x01a122b3) x 5 0x00000000
core   0: 0x80001cd2 (0x0527c163) blt     a5, s2, pc + 66
core   0: 3 0x80001cd2 (0x0527c163)
core   0: 0x80001d14 (0x02bc13b3) mulh    t2, s8, a1
core   0: 3 0x80001d14 (0x02bc13b3) x 7 0x00000000
core   0: 0x80001d18 (0x00000001) c.nop
core   0: 3 0x80001d18 (0x0001)
core   0: 0x80001d1a (0x00008fe1) c.and   a5, s0
core   0: 3 0x80001d1a (0x8fe1) x15 0x00000000
core   0: 0x80001d1c (0x0000837d) c.srli  a4, 31
core   0: 3 0x80001d1c (0x837d) x14 0x00000000
core   0: 0x80001d1e (0x0000c885) c.beqz  s1, pc + 48
core   0: 3 0x80001d1e (0xc885)
core   0: 0x80001d20 (0xe3852113) slti    sp, a0, -456
core   0: 3 0x80001d20 (0xe3852113) x 2 0x00000001
core   0: 0x80001d24 (0x3c6c7b13) andi    s6, s8, 966
core   0: 3 0x80001d24 (0x3c6c7b13) x22 0x00000000
core   0: 0x80001d28 (0x01f71913) slli    s2, a4, 31
core   0: 3 0x80001d28 (0x01f71913) x18 0x00000000
core   0: 0x80001d2c (0x9b9c8b93) addi    s7, s9, -1607
core   0: 3 0x80001d2c (0x9b9c8b93) x23 0xfffff9b9
core   0: 0x80001d30 (0x00008fc1) c.or    a5, s0
core   0: 3 0x80001d30 (0x8fc1) x15 0x00000000
core   0: 0x80001d32 (0x0363a9b3) mulhsu  s3, t2, s6
core   0: 3 0x80001d32 (0x0363a9b3) x19 0x00000000
core   0: 0x80001d36 (0x0ff0000f) fence   iorw,iorw
core   0: 3 0x80001d36 (0x0ff0000f)
core   0: 0x80001d3a (0x0000997d) c.andi  a0, -1
core   0: 3 0x80001d3a (0x997d) x10 0xabf75e28
core   0: 0x80001d3c (0x565cf513) andi    a0, s9, 1381
core   0: 3 0x80001d3c (0x565cf513) x10 0x00000000
core   0: 0x80001d40 (0x00569333) sll     t1, a3, t0
core   0: 3 0x80001d40 (0x00569333) x 6 0xfc094c38
core   0: 0x80001d44 (0x0306fa63) bgeu    a3, a6, pc + 52
core   0: 3 0x80001d44 (0x0306fa63)
core   0: 0x80001d78 (0x10622d13) slti    s10, tp, 262
core   0: 3 0x80001d78 (0x10622d13) x26 0x00000001
core   0: 0x80001d7c (0x00001300) c.addi4spn s0, sp, 416
core   0: 3 0x80001d7c (0x1300) x 8 0x000001a1
core   0: 0x80001d7e (0x0000157d) c.addi  a0, -1
core   0: 3 0x80001d7e (0x157d) x10 0xffffffff
core   0: 0x80001d80 (0x5bad8217) auipc   tp, 0x5bad8
core   0: 3 0x80001d80 (0x5bad8217) x 4 0xdbad9d80
core   0: 0x80001d84 (0xbf826e93) ori     t4, tp, -1032
core   0: 3 0x80001d84 (0xbf826e93) x29 0xfffffff8
core   0: 0x80001d88 (0x032a01b3) mul     gp, s4, s2
core   0: 3 0x80001d88 (0x032a01b3) x 3 0x00000000
core   0: 0x80001d8c (0x015d8133) add     sp, s11, s5
core   0: 3 0x80001d8c (0x015d8133) x 2 0x1a4389a8
core   0: 0x80001d90 (0x00000001) c.nop
core   0: 3 0x80001d90 (0x0001)
core   0: 0x80001d92 (0x0ff0000f) fence   iorw,iorw
core   0: 3 0x80001d92 (0x0ff0000f)
core   0: 0x80001d96 (0x0300deb3) divu    t4, ra, a6
core   0: 3 0x80001d96 (0x0300deb3) x29 0x0000020f
core   0: 0x80001d9a (0x0000eb01) c.bnez  a4, pc + 16
core   0: 3 0x80001d9a (0xeb01)
core   0: 0x80001d9c (0x000cfb63) bgeu    s9, zero, pc + 22
core   0: 3 0x80001d9c (0x000cfb63)
core   0: 0x80001db2 (0xebeb0813) addi    a6, s6, -322
core   0: 3 0x80001db2 (0xebeb0813) x16 0xfffffebe
core   0: 0x80001db6 (0x91943613) sltiu   a2, s0, -1767
core   0: 3 0x80001db6 (0x91943613) x12 0x00000001
core   0: 0x80001dba (0xaac34c93) xori    s9, t1, -1364
core   0: 3 0x80001dba (0xaac34c93) x25 0x03f6b694
core   0: 0x80001dbe (0xe486e237) lui     tp, 0xe486e
core   0: 3 0x80001dbe (0xe486e237) x 4 0xe486e000
core   0: 0x80001dc2 (0x00001b84) c.addi4spn s1, sp, 496
core   0: 3 0x80001dc2 (0x1b84) x 9 0x1a438b98
core   0: 0x80001dc4 (0x0ff0000f) fence   iorw,iorw
core   0: 3 0x80001dc4 (0x0ff0000f)
core   0: 0x80001dc8 (0x033e5eb3) divu    t4, t3, s3
core   0: 3 0x80001dc8 (0x033e5eb3) x29 0xffffffff
core   0: 0x80001dcc (0x022d4a63) blt     s10, sp, pc + 52
core   0: 3 0x80001dcc (0x022d4a63)
core   0: 0x80001e00 (0x033f3c33) mulhu   s8, t5, s3
core   0: 3 0x80001e00 (0x033f3c33) x24 0x00000000
core   0: 0x80001e04 (0x64ffbc13) sltiu   s8, t6, 1615
core   0: 3 0x80001e04 (0x64ffbc13) x24 0x00000001
core   0: 0x80001e08 (0x0000c399) c.beqz  a5, pc + 6
core   0: 3 0x80001e08 (0xc399)
core   0: 0x80001e0e (0x0ff0000f) fence   iorw,iorw
core   0: 3 0x80001e0e (0x0ff0000f)
core   0: 0x80001e12 (0x0257c333) div     t1, a5, t0
core   0: 3 0x80001e12 (0x0257c333) x 6 0xffffffff
core   0: 0x80001e16 (0x032af1b3) remu    gp, s5, s2
core   0: 3 0x80001e16 (0x032af1b3) x 3 0x8002ace4
core   0: 0x80001e1a (0x00d01b13) slli    s6, zero, 13
core   0: 3 0x80001e1a (0x00d01b13) x22 0x00000000
core   0: 0x80001e1e (0x03fb2733) mulhsu  a4, s6, t6
core   0: 3 0x80001e1e (0x03fb2733) x14 0x00000000
core   0: 0x80001e22 (0x02e96c63) bltu    s2, a4, pc + 56
core   0: 3 0x80001e22 (0x02e96c63)
core   0: 0x80001e26 (0x00008562) c.mv    a0, s8
core   0: 3 0x80001e26 (0x8562) x10 0x00000001
core   0: 0x80001e28 (0x3e108293) addi    t0, ra, 993
core   0: 3 0x80001e28 (0x3e108293) x 5 0x000005f0
core   0: 0x80001e2c (0x41d0d3b3) sra     t2, ra, t4
core   0: 3 0x80001e2c (0x41d0d3b3) x 7 0x00000000
core   0: 0x80001e30 (0x0000ea05) c.bnez  a2, pc + 48
core   0: 3 0x80001e30 (0xea05)
core   0: 0x80001e60 (0x02792b33) mulhsu  s6, s2, t2
core   0: 3 0x80001e60 (0x02792b33) x22 0x00000000
core   0: 0x80001e64 (0x0206f7b3) remu    a5, a3, zero
core   0: 3 0x80001e64 (0x0206f7b3) x15 0xfc094c38
core   0: 0x80001e68 (0x92bbf297) auipc   t0, 0x92bbf
core   0: 3 0x80001e68 (0x92bbf297) x 5 0x12bc0e68
core   0: 0x80001e6c (0x007c1bb3) sll     s7, s8, t2
core   0: 3 0x80001e6c (0x007c1bb3) x23 0x00000001
core   0: 0x80001e70 (0x02abd033) divu    zero, s7, a0
core   0: 3 0x80001e70 (0x02abd033)
core   0: 0x80001e74 (0x00001f7d) c.addi  t5, -1
core   0: 3 0x80001e74 (0x1f7d) x30 0x444f7851
core   0: 0x80001e76 (0x016fd533) srl     a0, t6, s6
core   0: 3 0x80001e76 (0x016fd533) x10 0x00000017
core   0: 0x80001e7a (0x40225093) srai    ra, tp, 2
core   0: 3 0x80001e7a (0x40225093) x 1 0xf921b800
core   0: 0x80001e7e (0x0000ed81) c.bnez  a1, pc + 24
core   0: 3 0x80001e7e (0xed81)
core   0: 0x80001e96 (0x0261d563) bge     gp, t1, pc + 42
core   0: 3 0x80001e96 (0x0261d563)
core   0: 0x80001e9a (0x00008cd1) c.or    s1, a2
core   0: 3 0x80001e9a (0x8cd1) x 9 0x1a438b99
core   0: 0x80001e9c (0x00000001) c.nop
core   0: 3 0x80001e9c (0x0001)
core   0: 0x80001e9e (0x02ac69b3) rem     s3, s8, a0
core   0: 3 0x80001e9e (0x02ac69b3) x19 0x00000001
core   0: 0x80001ea2 (0x00008f99) c.sub   a5, a4
core   0: 3 0x80001ea2 (0x8f99) x15 0xfc094c38
core   0: 0x80001ea4 (0x00006671) c.lui   a2, 0x1c
core   0: 3 0x80001ea4 (0x6671) x12 0x0001c000
core   0: 0x80001ea6 (0xa9a770b7) lui     ra, 0xa9a77
core   0: 3 0x80001ea6 (0xa9a770b7) x 1 0xa9a77000
core   0: 0x80001eaa (0xe0f02913) slti    s2, zero, -497
core   0: 3 0x80001eaa (0xe0f02913) x18 0x00000000
core   0: 0x80001eae (0x01070c33) add     s8, a4, a6
core   0: 3 0x80001eae (0x01070c33) x24 0xfffffebe
core   0: 0x80001eb2 (0x00008ce5) c.and   s1, s1
core   0: 3 0x80001eb2 (0x8ce5) x 9 0x1a438b99
core   0: 0x80001eb4 (0x0000800d) c.srli  s0, 3
core   0: 3 0x80001eb4 (0x800d) x 8 0x00000034
core   0: 0x80001eb6 (0x00000c8c) c.addi4spn a1, sp, 592
core   0: 3 0x80001eb6 (0x0c8c) x11 0x1a438bf8
core   0: 0x80001eb8 (0x03804c33) div     s8, zero, s8
core   0: 3 0x80001eb8 (0x03804c33) x24 0x00000000
core   0: 0x80001ebc (0x0000100f) fence.i
core   0: 3 0x80001ebc (0x0000100f)
core   0: 0x80001ec0 (0x000d9933) sll     s2, s11, zero
core   0: 3 0x80001ec0 (0x000d9933) x18 0x9a40dcc4
core   0: 0x80001ec4 (0x01e95393) srli    t2, s2, 30
core   0: 3 0x80001ec4 (0x01e95393) x 7 0x00000002
core   0: 0x80001ec8 (0x0000c899) c.beqz  s1, pc + 22
core   0: 3 0x80001ec8 (0xc899)
core   0: 0x80001eca (0x0000100f) fence.i
core   0: 3 0x80001eca (0x0000100f)
core   0: 0x80001ece (0x01efe7b3) or      a5, t6, t5
core   0: 3 0x80001ece (0x01efe7b3) x15 0x444f7857
core   0: 0x80001ed2 (0x028da433) mulhsu  s0, s11, s0
core   0: 3 0x80001ed2 (0x028da433) x 8 0xffffffeb
core   0: 0x80001ed6 (0x03b84a63) blt     a6, s11, pc + 52
core   0: 3 0x80001ed6 (0x03b84a63)
core   0: 0x80001eda (0x0000c885) c.beqz  s1, pc + 48
core   0: 3 0x80001eda (0xc885)
core   0: 0x80001edc (0x0000cc09) c.beqz  s0, pc + 26
core   0: 3 0x80001edc (0xcc09)
core   0: 0x80001ede (0x0ff0000f) fence   iorw,iorw
core   0: 3 0x80001ede (0x0ff0000f)
core   0: 0x80001ee2 (0xede1fd13) andi    s10, gp, -290
core   0: 3 0x80001ee2 (0xede1fd13) x26 0x8002acc4
core   0: 0x80001ee6 (0x02906133) rem     sp, zero, s1
core   0: 3 0x80001ee6 (0x02906133) x 2 0x00000000
core   0: 0x80001eea (0x01668133) add     sp, a3, s6
core   0: 3 0x80001eea (0x01668133) x 2 0xfc094c38
core   0: 0x80001eee (0x00008091) c.srli  s1, 4
core   0: 3 0x80001eee (0x8091) x 9 0x01a438b9
core   0: 0x80001ef0 (0x000082c2) c.mv    t0, a6
core   0: 3 0x80001ef0 (0x82c2) x 5 0xfffffebe
core   0: 0x80001ef2 (0x000098fd) c.andi  s1, -1
core   0: 3 0x80001ef2 (0x98fd) x 9 0x01a438b9
core   0: 0x80001ef4 (0x0000614d) c.addi16sp sp, 176
core   0: 3 0x80001ef4 (0x614d) x 2 0xfc094ce8
core   0: 0x80001ef6 (0x0000137d) c.addi  t1, -1
core   0: 3 0x80001ef6 (0x137d) x 6 0xfffffffe
core   0: 0x80001ef8 (0x00008c39) c.xor   s0, a4
core   0: 3 0x80001ef8 (0x8c39) x 8 0xffffffeb
core   0: 0x80001efa (0x01705213) srli    tp, zero, 23
core   0: 3 0x80001efa (0x01705213) x 4 0x00000000
core   0: 0x80001efe (0x16083013) sltiu   zero, a6, 352
core   0: 3 0x80001efe (0x16083013)
core   0: 0x80001f02 (0x000019fd) c.addi  s3, -1
core   0: 3 0x80001f02 (0x19fd) x19 0x00000000
core   0: 0x80001f04 (0x00008e71) c.and   a2, a2
core   0: 3 0x80001f04 (0x8e71) x12 0x0001c000
core   0: 0x80001f06 (0x006d8f33) add     t5, s11, t1
core   0: 3 0x80001f06 (0x006d8f33) x30 0x9a40dcc2
core   0: 0x80001f0a (0x01084e33) xor     t3, a6, a6
core   0: 3 0x80001f0a (0x01084e33) x28 0x00000000
core   0: 0x80001f0e (0x0000100f) fence.i
core   0: 3 0x80001f0e (0x0000100f)
core   0: 0x80001f12 (0x00044d13) xori    s10, s0, 0
core   0: 3 0x80001f12 (0x00044d13) x26 0xffffffeb
core   0: 0x80001f16 (0x0000e185) c.bnez  a1, pc + 32
core   0: 3 0x80001f16 (0xe185)
core   0: 0x80001f36 (0x0000100f) fence.i
core   0: 3 0x80001f36 (0x0000100f)
core   0: 0x80001f3a (0x0000835a) c.mv    t1, s6
core   0: 3 0x80001f3a (0x835a) x 6 0x00000000
core   0: 0x80001f3c (0x00008fe5) c.and   a5, s1
core   0: 3 0x80001f3c (0x8fe5) x15 0x00043811
core   0: 0x80001f3e (0x0ff0000f) fence   iorw,iorw
core   0: 3 0x80001f3e (0x0ff0000f)
core   0: 0x80001f42 (0x00006179) c.addi16sp sp, 464
core   0: 3 0x80001f42 (0x6179) x 2 0xfc094eb8
core   0: 0x80001f44 (0xc4ab7813) andi    a6, s6, -950
core   0: 3 0x80001f44 (0xc4ab7813) x16 0x00000000
core   0: 0x80001f48 (0x02496d63) bltu    s2, tp, pc + 58
core   0: 3 0x80001f48 (0x02496d63)
core   0: 0x80001f4c (0x00009862) c.add   a6, s8
core   0: 3 0x80001f4c (0x9862) x16 0x00000000
core   0: 0x80001f4e (0x05439163) bne     t2, s4, pc + 66
core   0: 3 0x80001f4e (0x05439163)
core   0: 0x80001f90 (0x02f5e2b3) rem     t0, a1, a5
core   0: 3 0x80001f90 (0x02f5e2b3) x 5 0x0002aa2f
core   0: 0x80001f94 (0x0227a733) mulhsu  a4, a5, sp
core   0: 3 0x80001f94 (0x0227a733) x14 0x00042758
core   0: 0x80001f98 (0xa1708f37) lui     t5, 0xa1708
core   0: 3 0x80001f98 (0xa1708f37) x30 0xa1708000
core   0: 0x80001f9c (0x00009e8a) c.add   t4, sp
core   0: 3 0x80001f9c (0x9e8a) x29 0xfc094eb7
core   0: 0x80001f9e (0x03df5963) bge     t5, t4, pc + 50
core   0: 3 0x80001f9e (0x03df5963)
core   0: 0x80001fa2 (0x0000864a) c.mv    a2, s2
core   0: 3 0x80001fa2 (0x864a) x12 0x9a40dcc4
core   0: 0x80001fa4 (0x016fde13) srli    t3, t6, 22
core   0: 3 0x80001fa4 (0x016fde13) x28 0x00000000
core   0: 0x80001fa8 (0x00000001) c.nop
core   0: 3 0x80001fa8 (0x0001)
core   0: 0x80001faa (0x01deea63) bltu    t4, t4, pc + 20
core   0: 3 0x80001faa (0x01deea63)
core   0: 0x80001fae (0x01d333b3) sltu    t2, t1, t4
core   0: 3 0x80001fae (0x01d333b3) x 7 0x00000001
core   0: 0x80001fb2 (0x025255b3) divu    a1, tp, t0
core   0: 3 0x80001fb2 (0x025255b3) x11 0x00000000
core   0: 0x80001fb6 (0x0000824d) c.srli  a2, 19
core   0: 3 0x80001fb6 (0x824d) x12 0x00001348
core   0: 0x80001fb8 (0x036e22b3) mulhsu  t0, t3, s6
core   0: 3 0x80001fb8 (0x036e22b3) x 5 0x00000000
core   0: 0x80001fbc (0x00000001) c.nop
core   0: 3 0x80001fbc (0x0001)
core   0: 0x80001fbe (0x00f79cb3) sll     s9, a5, a5
core   0: 3 0x80001fbe (0x00f79cb3) x25 0x70220000
core   0: 0x80001fc2 (0x014afa63) bgeu    s5, s4, pc + 20
core   0: 3 0x80001fc2 (0x014afa63)
core   0: 0x80001fc6 (0x01839733) sll     a4, t2, s8
core   0: 3 0x80001fc6 (0x01839733) x14 0x00000001
core   0: 0x80001fca (0x423b4093) xori    ra, s6, 1059
core   0: 3 0x80001fca (0x423b4093) x 1 0x00000423
core   0: 0x80001fce (0x00006cd1) c.lui   s9, 0x14
core   0: 3 0x80001fce (0x6cd1) x25 0x00014000
core   0: 0x80001fd0 (0x000084cd) c.srai  s1, 19
core   0: 3 0x80001fd0 (0x84cd) x 9 0x00000034
core   0: 0x80001fd2 (0x07020963) beq     tp, a6, pc + 114
core   0: 3 0x80001fd2 (0x07020963)
core   0: 0x80002044 (0x0000cf11) c.beqz  a4, pc + 28
core   0: 3 0x80002044 (0xcf11)
core   0: 0x80002046 (0x00008c05) c.sub   s0, s1
core   0: 3 0x80002046 (0x8c05) x 8 0xffffffb7
core   0: 0x80002048 (0x00009a16) c.add   s4, t0
core   0: 3 0x80002048 (0x9a16) x20 0xffffffff
core   0: 0x8000204a (0x04198363) beq     s3, ra, pc + 70
core   0: 3 0x8000204a (0x04198363)
core   0: 0x8000204e (0x0210f7b3) remu    a5, ra, ra
core   0: 3 0x8000204e (0x0210f7b3) x15 0x00000000
core   0: 0x80002052 (0x012835b3) sltu    a1, a6, s2
core   0: 3 0x80002052 (0x012835b3) x11 0x00000001
core   0: 0x80002056 (0x0345ac33) mulhsu  s8, a1, s4
core   0: 3 0x80002056 (0x0345ac33) x24 0x00000000
core   0: 0x8000205a (0x00008ca9) c.xor   s1, a0
core   0: 3 0x8000205a (0x8ca9) x 9 0x00000023
core   0: 0x8000205c (0x03228a63) beq     t0, s2, pc + 52
core   0: 3 0x8000205c (0x03228a63)
core   0: 0x80002060 (0x1a2d19b7) lui     s3, 0x1a2d1
core   0: 3 0x80002060 (0x1a2d19b7) x19 0x1a2d1000
core   0: 0x80002064 (0x40fedb93) srai    s7, t4, 15
core   0: 3 0x80002064 (0x40fedb93) x23 0xfffff812
core   0: 0x80002068 (0x0000873d) c.srai  a4, 15
core   0: 3 0x80002068 (0x873d) x14 0x00000000
core   0: 0x8000206a (0x0013a1b3) slt     gp, t2, ra
core   0: 3 0x8000206a (0x0013a1b3) x 3 0x00000001
core   0: 0x8000206e (0x01a68663) beq     a3, s10, pc + 12
core   0: 3 0x8000206e (0x01a68663)
core   0: 0x80002072 (0x02aa1eb3) mulh    t4, s4, a0
core   0: 3 0x80002072 (0x02aa1eb3) x29 0xffffffff
core   0: 0x80002076 (0x0ff0000f) fence   iorw,iorw
core   0: 3 0x80002076 (0x0ff0000f)
core   0: 0x8000207a (0x03ece263) bltu    s9, t5, pc + 36
core   0: 3 0x8000207a (0x03ece263)
core   0: 0x8000209e (0x00d57b33) and     s6, a0, a3
core   0: 3 0x8000209e (0x00d57b33) x22 0x00000010
core   0: 0x800020a2 (0x00009dd6) c.add   s11, s5
core   0: 3 0x800020a2 (0x9dd6) x27 0x1a4389a8
core   0: 0x800020a4 (0x00008931) c.andi  a0, 12
core   0: 3 0x800020a4 (0x8931) x10 0x00000004
core   0: 0x800020a6 (0x00a99c13) slli    s8, s3, 10
core   0: 3 0x800020a6 (0x00a99c13) x24 0xb4400000
core   0: 0x800020aa (0x0000c09d) c.beqz  s1, pc + 38
core   0: 3 0x800020aa (0xc09d)
core   0: 0x800020ac (0x03ee89b3) mul     s3, t4, t5
core   0: 3 0x800020ac (0x03ee89b3) x19 0x5e8f8000
core   0: 0x800020b0 (0x000080d2) c.mv    ra, s4
core   0: 3 0x800020b0 (0x80d2) x 1 0xffffffff
core   0: 0x800020b2 (0x00008e59) c.or    a2, a4
core   0: 3 0x800020b2 (0x8e59) x12 0x00001348
core   0: 0x800020b4 (0x0145da13) srli    s4, a1, 20
core   0: 3 0x800020b4 (0x0145da13) x20 0x00000000
core   0: 0x800020b8 (0x412e0333) sub     t1, t3, s2
core   0: 3 0x800020b8 (0x412e0333) x 6 0x65bf233c
core   0: 0x800020bc (0x023f8863) beq     t6, gp, pc + 48
core   0: 3 0x800020bc (0x023f8863)
core   0: 0x800020c0 (0x00008e11) c.sub   a2, a2
core   0: 3 0x800020c0 (0x8e11) x12 0x00000000
core   0: 0x800020c2 (0x00000a75) c.addi  s4, 29
core   0: 3 0x800020c2 (0x0a75) x20 0x0000001d
core   0: 0x800020c4 (0x01f6e1b3) or      gp, a3, t6
core   0: 3 0x800020c4 (0x01f6e1b3) x 3 0xfc094c3f
core   0: 0x800020c8 (0x002704b3) add     s1, a4, sp
core   0: 3 0x800020c8 (0x002704b3) x 9 0xfc094eb8
core   0: 0x800020cc (0x031cd933) divu    s2, s9, a7
core   0: 3 0x800020cc (0x031cd933) x18 0x00000000
core   0: 0x800020d0 (0x40df5413) srai    s0, t5, 13
core   0: 3 0x800020d0 (0x40df5413) x 8 0xfffd0b84
core   0: 0x800020d4 (0x015fd113) srli    sp, t6, 21
core   0: 3 0x800020d4 (0x015fd113) x 2 0x00000000
core   0: 0x800020d8 (0x00008089) c.srli  s1, 2
core   0: 3 0x800020d8 (0x8089) x 9 0x3f0253ae
core   0: 0x800020da (0x0040fa33) and     s4, ra, tp
core   0: 3 0x800020da (0x0040fa33) x20 0x00000000
core   0: 0x800020de (0x00000001) c.nop
core   0: 3 0x800020de (0x0001)
core   0: 0x800020e0 (0x05ef6713) ori     a4, t5, 94
core   0: 3 0x800020e0 (0x05ef6713) x14 0xa170805e
core   0: 0x800020e4 (0x0271b133) mulhu   sp, gp, t2
core   0: 3 0x800020e4 (0x0271b133) x 2 0x00000000
core   0: 0x800020e8 (0x95cbae13) slti    t3, s7, -1700
core   0: 3 0x800020e8 (0x95cbae13) x28 0x00000001
core   0: 0x800020ec (0x00000001) c.nop
core   0: 3 0x800020ec (0x0001)
core   0: 0x800020ee (0x42bb6a17) auipc   s4, 0x42bb6
core   0: 3 0x800020ee (0x42bb6a17) x20 0xc2bb80ee
core   0: 0x800020f2 (0x5e31f993) andi    s3, gp, 1507
core   0: 3 0x800020f2 (0x5e31f993) x19 0x00000423
core   0: 0x800020f6 (0x00000b99) c.addi  s7, 6
core   0: 3 0x800020f6 (0x0b99) x23 0xfffff818
core   0: 0x800020f8 (0x0000089c) c.addi4spn a5, sp, 80
core   0: 3 0x800020f8 (0x089c) x15 0x00000050
core   0: 0x800020fa (0x5e5fab93) slti    s7, t6, 1509
core   0: 3 0x800020fa (0x5e5fab93) x23 0x00000001
core   0: 0x800020fe (0x016552b3) srl     t0, a0, s6
core   0: 3 0x800020fe (0x016552b3) x 5 0x00000000
core   0: 0x80002102 (0x0355e9b3) rem     s3, a1, s5
core   0: 3 0x80002102 (0x0355e9b3) x19 0x00000001
core   0: 0x80002106 (0x6063fa13) andi    s4, t2, 1542
core   0: 3 0x80002106 (0x6063fa13) x20 0x00000000
core   0: 0x8000210a (0x01580e63) beq     a6, s5, pc + 28
core   0: 3 0x8000210a (0x01580e63)
core   0: 0x8000210e (0x00008e09) c.sub   a2, a0
core   0: 3 0x8000210e (0x8e09) x12 0xfffffffc
core   0: 0x80002110 (0x00000001) c.nop
core   0: 3 0x80002110 (0x0001)
core   0: 0x80002112 (0x403eda13) srai    s4, t4, 3
core   0: 3 0x80002112 (0x403eda13) x20 0xffffffff
core   0: 0x80002116 (0x03792633) mulhsu  a2, s2, s7
core   0: 3 0x80002116 (0x03792633) x12 0x00000000
core   0: 0x8000211a (0x000003ad) c.addi  t2, 11
core   0: 3 0x8000211a (0x03ad) x 7 0x0000000c
core   0: 0x8000211c (0x0000e995) c.bnez  a1, pc + 52
core   0: 3 0x8000211c (0xe995)
core   0: 0x80002150 (0x40255933) sra     s2, a0, sp
core   0: 3 0x80002150 (0x40255933) x18 0x00000004
core   0: 0x80002154 (0x030e5233) divu    tp, t3, a6
core   0: 3 0x80002154 (0x030e5233) x 4 0xffffffff
core   0: 0x80002158 (0x02762db3) mulhsu  s11, a2, t2
core   0: 3 0x80002158 (0x02762db3) x27 0x00000000
core   0: 0x8000215c (0x012c0b63) beq     s8, s2, pc + 22
core   0: 3 0x8000215c (0x012c0b63)
core   0: 0x80002160 (0x00006105) c.addi16sp sp, 32
core   0: 3 0x80002160 (0x6105) x 2 0x00000020
core   0: 0x80002162 (0x016131b3) sltu    gp, sp, s6
core   0: 3 0x80002162 (0x016131b3) x 3 0x00000000
core   0: 0x80002166 (0x00008de1) c.and   a1, s0
core   0: 3 0x80002166 (0x8de1) x11 0x00000000
core   0: 0x80002168 (0x000019fd) c.addi  s3, -1
core   0: 3 0x80002168 (0x19fd) x19 0x00000000
core   0: 0x8000216a (0x03c1ca33) div     s4, gp, t3
core   0: 3 0x8000216a (0x03c1ca33) x20 0x00000000
core   0: 0x8000216e (0x3c04bf97) auipc   t6, 0x3c04b
core   0: 3 0x8000216e (0x3c04bf97) x31 0xbc04d16e
core   0: 0x80002172 (0x6cd48c93) addi    s9, s1, 1741
core   0: 3 0x80002172 (0x6cd48c93) x25 0x3f025a7b
core   0: 0x80002176 (0x03b0cc63) blt     ra, s11, pc + 56
core   0: 3 0x80002176 (0x03b0cc63)
core   0: 0x800021ae (0x00008a5d) c.andi  a2, 23
core   0: 3 0x800021ae (0x8a5d) x12 0x00000000
core   0: 0x800021b0 (0x00008641) c.srai  a2, 16
core   0: 3 0x800021b0 (0x8641) x12 0x00000000
core   0: 0x800021b2 (0x096fcc13) xori    s8, t6, 150
core   0: 3 0x800021b2 (0x096fcc13) x24 0xbc04d1f8
core   0: 0x800021b6 (0xb1bdf713) andi    a4, s11, -1253
core   0: 3 0x800021b6 (0xb1bdf713) x14 0x00000000
core   0: 0x800021ba (0x0144c663) blt     s1, s4, pc + 12
core   0: 3 0x800021ba (0x0144c663)
core   0: 0x800021be (0x020ce863) bltu    s9, zero, pc + 48
core   0: 3 0x800021be (0x020ce863)
core   0: 0x800021c2 (0x41be5033) sra     zero, t3, s11
core   0: 3 0x800021c2 (0x41be5033)
core   0: 0x800021c6 (0x01d2ff33) and     t5, t0, t4
core   0: 3 0x800021c6 (0x01d2ff33) x30 0x00000000
core   0: 0x800021ca (0xf1042a13) slti    s4, s0, -240
core   0: 3 0x800021ca (0xf1042a13) x20 0x00000001
core   0: 0x800021ce (0x0000c211) c.beqz  a2, pc + 4
core   0: 3 0x800021ce (0xc211)
core   0: 0x800021d2 (0x02dd1c33) mulh    s8, s10, a3
core   0: 3 0x800021d2 (0x02dd1c33) x24 0x00000000
core   0: 0x800021d6 (0x0090d713) srli    a4, ra, 9
core   0: 3 0x800021d6 (0x0090d713) x14 0x007fffff
core   0: 0x800021da (0x019c1e63) bne     s8, s9, pc + 28
core   0: 3 0x800021da (0x019c1e63)
core   0: 0x800021f6 (0x02480093) addi    ra, a6, 36
core   0: 3 0x800021f6 (0x02480093) x 1 0x00000024
core   0: 0x800021fa (0x00008c1a) c.mv    s8, t1
core   0: 3 0x800021fa (0x8c1a) x24 0x65bf233c
core   0: 0x800021fc (0xa2fef213) andi    tp, t4, -1489
core   0: 3 0x800021fc (0xa2fef213) x 4 0xfffffa2f
core   0: 0x80002200 (0x00000001) c.nop
core   0: 3 0x80002200 (0x0001)
core   0: 0x80002202 (0x00fa7fb3) and     t6, s4, a5
core   0: 3 0x80002202 (0x00fa7fb3) x31 0x00000000
core   0: 0x80002206 (0x00009a7d) c.andi  a2, -1
core   0: 3 0x80002206 (0x9a7d) x12 0x00000000
core   0: 0x80002208 (0x02440fb3) mul     t6, s0, tp
core   0: 3 0x80002208 (0x02440fb3) x31 0x1130053c
core   0: 0x8000220c (0x03c75063) bge     a4, t3, pc + 32
core   0: 3 0x8000220c (0x03c75063)
core   0: 0x8000222c (0x0374b3b3) mulhu   t2, s1, s7
core   0: 3 0x8000222c (0x0374b3b3) x 7 0x00000000
core   0: 0x80002230 (0x0ff0000f) fence   iorw,iorw
core   0: 3 0x80002230 (0x0ff0000f)
core   0: 0x80002234 (0x40a7df33) sra     t5, a5, a0
core   0: 3 0x80002234 (0x40a7df33) x30 0x00000005
core   0: 0x80002238 (0x403d59b3) sra     s3, s10, gp
core   0: 3 0x80002238 (0x403d59b3) x19 0xffffffeb
core   0: 0x8000223c (0x03885733) divu    a4, a6, s8
core   0: 3 0x8000223c (0x03885733) x14 0x00000000
core   0: 0x80002240 (0x000061bd) c.lui   gp, 0xf
core   0: 3 0x80002240 (0x61bd) x 3 0x0000f000
core   0: 0x80002242 (0x41438e33) sub     t3, t2, s4
core   0: 3 0x80002242 (0x41438e33) x28 0xffffffff
core   0: 0x80002246 (0x0000c485) c.beqz  s1, pc + 40
core   0: 3 0x80002246 (0xc485)
core   0: 0x80002248 (0x00e85963) bge     a6, a4, pc + 18
core   0: 3 0x80002248 (0x00e85963)
core   0: 0x8000225a (0x00006859) c.lui   a6, 0x16
core   0: 3 0x8000225a (0x6859) x16 0x00016000
core   0: 0x8000225c (0x0001e433) or      s0, gp, zero
core   0: 3 0x8000225c (0x0001e433) x 8 0x0000f000
core   0: 0x80002260 (0x87fb6213) ori     tp, s6, -1921
core   0: 3 0x80002260 (0x87fb6213) x 4 0xfffff87f
core   0: 0x80002264 (0x00009df6) c.add   s11, t4
core   0: 3 0x80002264 (0x9df6) x27 0xffffffff
core   0: 0x80002266 (0x01645293) srli    t0, s0, 22
core   0: 3 0x80002266 (0x01645293) x 5 0x00000000
core   0: 0x8000226a (0x00000001) c.nop
core   0: 3 0x8000226a (0x0001)
core   0: 0x8000226c (0x00008441) c.srai  s0, 16
core   0: 3 0x8000226c (0x8441) x 8 0x00000000
core   0: 0x8000226e (0x03f8c663) blt     a7, t6, pc + 44
core   0: 3 0x8000226e (0x03f8c663)
core   0: 0x8000229a (0x00006249) c.lui   tp, 0x12
core   0: 3 0x8000229a (0x6249) x 4 0x00012000
core   0: 0x8000229c (0x4035df93) srai    t6, a1, 3
core   0: 3 0x8000229c (0x4035df93) x31 0x00000000
core   0: 0x800022a0 (0x03cb4063) blt     s6, t3, pc + 32
core   0: 3 0x800022a0 (0x03cb4063)
core   0: 0x800022a4 (0x0000100f) fence.i
core   0: 3 0x800022a4 (0x0000100f)
core   0: 0x800022a8 (0x00001290) c.addi4spn a2, sp, 352
core   0: 3 0x800022a8 (0x1290) x12 0x00000180
core   0: 0x800022aa (0x0005b733) sltu    a4, a1, zero
core   0: 3 0x800022aa (0x0005b733) x14 0x00000000
core   0: 0x800022ae (0x01731e93) slli    t4, t1, 23
core   0: 3 0x800022ae (0x01731e93) x29 0x9e000000
core   0: 0x800022b2 (0x0232a933) mulhsu  s2, t0, gp
core   0: 3 0x800022b2 (0x0232a933) x18 0x00000000
core   0: 0x800022b6 (0x006b1c33) sll     s8, s6, t1
core   0: 3 0x800022b6 (0x006b1c33) x24 0x00000000
core   0: 0x800022ba (0x00008856) c.mv    a6, s5
core   0: 3 0x800022ba (0x8856) x16 0x8002ace4
core   0: 0x800022bc (0x001c9c63) bne     s9, ra, pc + 24
core   0: 3 0x800022bc (0x001c9c63)
core   0: 0x800022d4 (0x00008db9) c.xor   a1, a4
core   0: 3 0x800022d4 (0x8db9) x11 0x00000000
core   0: 0x800022d6 (0x03e225b3) mulhsu  a1, tp, t5
core   0: 3 0x800022d6 (0x03e225b3) x11 0x00000000
core   0: 0x800022da (0x41db80b3) sub     ra, s7, t4
core   0: 3 0x800022da (0x41db80b3) x 1 0x62000001
core   0: 0x800022de (0x00008e55) c.or    a2, a3
core   0: 3 0x800022de (0x8e55) x12 0xfc094db8
core   0: 0x800022e0 (0xa9917d13) andi    s10, sp, -1383
core   0: 3 0x800022e0 (0xa9917d13) x26 0x00000000
core   0: 0x800022e4 (0x0000100f) fence.i
core   0: 3 0x800022e4 (0x0000100f)
core   0: 0x800022e8 (0x3f0a4013) xori    zero, s4, 1008
core   0: 3 0x800022e8 (0x3f0a4013)
core   0: 0x800022ec (0xad69fa13) andi    s4, s3, -1322
core   0: 3 0x800022ec (0xad69fa13) x20 0xfffffac2
core   0: 0x800022f0 (0x019cce33) xor     t3, s9, s9
core   0: 3 0x800022f0 (0x019cce33) x28 0x00000000
core   0: 0x800022f4 (0x00001000) c.addi4spn s0, sp, 32
core   0: 3 0x800022f4 (0x1000) x 8 0x00000040
core   0: 0x800022f6 (0x005a0d63) beq     s4, t0, pc + 26
core   0: 3 0x800022f6 (0x005a0d63)
core   0: 0x800022fa (0x000002f6) c.slli  t0, 29
core   0: 3 0x800022fa (0x02f6) x 5 0x00000000
core   0: 0x800022fc (0x00000001) c.nop
core   0: 3 0x800022fc (0x0001)
core   0: 0x800022fe (0x00008fc9) c.or    a5, a0
core   0: 3 0x800022fe (0x8fc9) x15 0x00000054
core   0: 0x80002300 (0x00000c15) c.addi  s8, 5
core   0: 3 0x80002300 (0x0c15) x24 0x00000005
core   0: 0x80002302 (0x01447e37) lui     t3, 0x1447
core   0: 3 0x80002302 (0x01447e37) x28 0x01447000
core   0: 0x80002306 (0x00008f89) c.sub   a5, a0
core   0: 3 0x80002306 (0x8f89) x15 0x00000050
core   0: 0x80002308 (0x02b5d363) bge     a1, a1, pc + 38
core   0: 3 0x80002308 (0x02b5d363)
core   0: 0x8000232e (0x00000001) c.nop
core   0: 3 0x8000232e (0x0001)
core   0: 0x80002330 (0x30df2193) slti    gp, t5, 781
core   0: 3 0x80002330 (0x30df2193) x 3 0x00000001
core   0: 0x80002334 (0x377a3793) sltiu   a5, s4, 887
core   0: 3 0x80002334 (0x377a3793) x15 0x00000000
core   0: 0x80002338 (0x25bc9f97) auipc   t6, 0x25bc9
core   0: 3 0x80002338 (0x25bc9f97) x31 0xa5bcb338
core   0: 0x8000233c (0x624e4913) xori    s2, t3, 1572
core   0: 3 0x8000233c (0x624e4913) x18 0x01447624
core   0: 0x80002340 (0x00f542b3) xor     t0, a0, a5
core   0: 3 0x80002340 (0x00f542b3) x 5 0x00000004
core   0: 0x80002344 (0x0000eb15) c.bnez  a4, pc + 52
core   0: 3 0x80002344 (0xeb15)
core   0: 0x80002346 (0x6fd43013) sltiu   zero, s0, 1789
core   0: 3 0x80002346 (0x6fd43013)
core   0: 0x8000234a (0x41d85133) sra     sp, a6, t4
core   0: 3 0x8000234a (0x41d85133) x 2 0x8002ace4
core   0: 0x8000234e (0x039c0063) beq     s8, s9, pc + 32
core   0: 3 0x8000234e (0x039c0063)
core   0: 0x80002352 (0x03684633) div     a2, a6, s6
core   0: 3 0x80002352 (0x03684633) x12 0xf8002acf
core   0: 0x80002356 (0x02b51133) mulh    sp, a0, a1
core   0: 3 0x80002356 (0x02b51133) x 2 0x00000000
core   0: 0x8000235a (0x00000412) c.slli  s0, 4
core   0: 3 0x8000235a (0x0412) x 8 0x00000400
core   0: 0x8000235c (0x000c8663) beqz    s9, pc + 12
core   0: 3 0x8000235c (0x000c8663)
core   0: 0x80002360 (0x40b4d0b3) sra     ra, s1, a1
core   0: 3 0x80002360 (0x40b4d0b3) x 1 0x3f0253ae
core   0: 0x80002364 (0x41f7dcb3) sra     s9, a5, t6
core   0: 3 0x80002364 (0x41f7dcb3) x25 0x00000000
core   0: 0x80002368 (0x00008d21) c.xor   a0, s0
core   0: 3 0x80002368 (0x8d21) x10 0x00000404
core   0: 0x8000236a (0x00a79b13) slli    s6, a5, 10
core   0: 3 0x8000236a (0x00a79b13) x22 0x00000000
core   0: 0x8000236e (0x00d2e9b3) or      s3, t0, a3
core   0: 3 0x8000236e (0x00d2e9b3) x19 0xfc094c3c
core   0: 0x80002372 (0x00008df9) c.and   a1, a4
core   0: 3 0x80002372 (0x8df9) x11 0x00000000
core   0: 0x80002374 (0x01899d63) bne     s3, s8, pc + 26
core   0: 3 0x80002374 (0x01899d63)
core   0: 0x8000238e (0x004e6233) or      tp, t3, tp
core   0: 3 0x8000238e (0x004e6233) x 4 0x01457000
core   0: 0x80002392 (0x007bb7b3) sltu    a5, s7, t2
core   0: 3 0x80002392 (0x007bb7b3) x15 0x00000000
core   0: 0x80002396 (0x000087e9) c.srai  a5, 26
core   0: 3 0x80002396 (0x87e9) x15 0x00000000
core   0: 0x80002398 (0x0266c563) blt     a3, t1, pc + 42
core   0: 3 0x80002398 (0x0266c563)
core   0: 0x800023c2 (0x038174b3) remu    s1, sp, s8
core   0: 3 0x800023c2 (0x038174b3) x 9 0x00000000
core   0: 0x800023c6 (0x000017fd) c.addi  a5, -1
core   0: 3 0x800023c6 (0x17fd) x15 0xffffffff
core   0: 0x800023c8 (0x01234d63) blt     t1, s2, pc + 26
core   0: 3 0x800023c8 (0x01234d63)
core   0: 0x800023cc (0x02e623b3) mulhsu  t2, a2, a4
core   0: 3 0x800023cc (0x02e623b3) x 7 0x00000000
core   0: 0x800023d0 (0x6f22e293) ori     t0, t0, 1778
core   0: 3 0x800023d0 (0x6f22e293) x 5 0x000006f6
core   0: 0x800023d4 (0x00004379) c.li    t1, 30
core   0: 3 0x800023d4 (0x4379) x 6 0x0000001e
core   0: 0x800023d6 (0x01d36e33) or      t3, t1, t4
core   0: 3 0x800023d6 (0x01d36e33) x28 0x9e00001e
core   0: 0x800023da (0x41755213) srai    tp, a0, 23
core   0: 3 0x800023da (0x41755213) x 4 0x00000000
core   0: 0x800023de (0x006a0663) beq     s4, t1, pc + 12
core   0: 3 0x800023de (0x006a0663)
core   0: 0x800023e2 (0xeab9b993) sltiu   s3, s3, -341
core   0: 3 0x800023e2 (0xeab9b993) x19 0x00000001
core   0: 0x800023e6 (0x03eb2d33) mulhsu  s10, s6, t5
core   0: 3 0x800023e6 (0x03eb2d33) x26 0x00000000
core   0: 0x800023ea (0x0000100f) fence.i
core   0: 3 0x800023ea (0x0000100f)
core   0: 0x800023ee (0x000007d6) c.slli  a5, 21
core   0: 3 0x800023ee (0x07d6) x15 0xffe00000
core   0: 0x800023f0 (0x0ff0000f) fence   iorw,iorw
core   0: 3 0x800023f0 (0x0ff0000f)
core   0: 0x800023f4 (0x0000100f) fence.i
core   0: 3 0x800023f4 (0x0000100f)
core   0: 0x800023f8 (0x02ad7c33) remu    s8, s10, a0
core   0: 3 0x800023f8 (0x02ad7c33) x24 0x00000000
core   0: 0x800023fc (0x0000c785) c.beqz  a5, pc + 40
core   0: 3 0x800023fc (0xc785)
core   0: 0x800023fe (0x00713eb3) sltu    t4, sp, t2
core   0: 3 0x800023fe (0x00713eb3) x29 0x00000000
core   0: 0x80002402 (0x0ffa4293) xori    t0, s4, 255
core   0: 3 0x80002402 (0x0ffa4293) x 5 0xfffffa3d
core   0: 0x80002406 (0x022a93b3) mulh    t2, s5, sp
core   0: 3 0x80002406 (0x022a93b3) x 7 0x00000000
core   0: 0x8000240a (0x02c08733) mul     a4, ra, a2
core   0: 3 0x8000240a (0x02c08733) x14 0xe49c35b2
core   0: 0x8000240e (0x032610b3) mulh    ra, a2, s2
core   0: 3 0x8000240e (0x032610b3) x 1 0xfff5dc85
core   0: 0x80002412 (0x00e78333) add     t1, a5, a4
core   0: 3 0x80002412 (0x00e78333) x 6 0xe47c35b2
core   0: 0x80002416 (0x00c2c963) blt     t0, a2, pc + 18
core   0: 3 0x80002416 (0x00c2c963)
core   0: 0x8000241a (0x03457863) bgeu    a0, s4, pc + 48
core   0: 3 0x8000241a (0x03457863)
core   0: 0x8000241e (0x00008de1) c.and   a1, s0
core   0: 3 0x8000241e (0x8de1) x11 0x00000000
core   0: 0x80002420 (0x000060bd) c.lui   ra, 0xf
core   0: 3 0x80002420 (0x60bd) x 1 0x0000f000
core   0: 0x80002422 (0x00008f65) c.and   a4, s1
core   0: 3 0x80002422 (0x8f65) x14 0x00000000
core   0: 0x80002424 (0x41de5193) srai    gp, t3, 29
core   0: 3 0x80002424 (0x41de5193) x 3 0xfffffffc
core   0: 0x80002428 (0x00005ffd) c.li    t6, -1
core   0: 3 0x80002428 (0x5ffd) x31 0xffffffff
core   0: 0x8000242a (0x00009212) c.add   tp, tp
core   0: 3 0x8000242a (0x9212) x 4 0x00000000
core   0: 0x8000242c (0x03255eb3) divu    t4, a0, s2
core   0: 3 0x8000242c (0x03255eb3) x29 0x00000000
core   0: 0x80002430 (0x031147b3) div     a5, sp, a7
core   0: 3 0x80002430 (0x031147b3) x15 0x00000000
core   0: 0x80002434 (0x00000001) c.nop
core   0: 3 0x80002434 (0x0001)
core   0: 0x80002436 (0x027bdeb3) divu    t4, s7, t2
core   0: 3 0x80002436 (0x027bdeb3) x29 0xffffffff
core   0: 0x8000243a (0x039ea4b3) mulhsu  s1, t4, s9
core   0: 3 0x8000243a (0x039ea4b3) x 9 0x00000000
core   0: 0x8000243e (0x038a0563) beq     s4, s8, pc + 42
core   0: 3 0x8000243e (0x038a0563)
core   0: 0x80002442 (0xa4296d93) ori     s11, s2, -1470
core   0: 3 0x80002442 (0xa4296d93) x27 0xfffffe66
core   0: 0x80002446 (0x010ca633) slt     a2, s9, a6
core   0: 3 0x80002446 (0x010ca633) x12 0x00000000
core   0: 0x8000244a (0x027f43b3) div     t2, t5, t2
core   0: 3 0x8000244a (0x027f43b3) x 7 0xffffffff
core   0: 0x8000244e (0x02cdfeb3) remu    t4, s11, a2
core   0: 3 0x8000244e (0x02cdfeb3) x29 0xfffffe66
core   0: 0x80002452 (0x00000d15) c.addi  s10, 5
core   0: 3 0x80002452 (0x0d15) x26 0x00000005
core   0: 0x80002454 (0x02b40d63) beq     s0, a1, pc + 58
core   0: 3 0x80002454 (0x02b40d63)
core   0: 0x80002458 (0x004fc1b3) xor     gp, t6, tp
core   0: 3 0x80002458 (0x004fc1b3) x 3 0xffffffff
core   0: 0x8000245c (0x04586063) bltu    a6, t0, pc + 64
core   0: 3 0x8000245c (0x04586063)
core   0: 0x8000249c (0x00005cfd) c.li    s9, -1
core   0: 3 0x8000249c (0x5cfd) x25 0xffffffff
core   0: 0x8000249e (0x029f8a63) beq     t6, s1, pc + 52
core   0: 3 0x8000249e (0x029f8a63)
core   0: 0x800024a2 (0xc5ae2113) slti    sp, t3, -934
core   0: 3 0x800024a2 (0xc5ae2113) x 2 0x00000001
core   0: 0x800024a6 (0x0315bbb3) mulhu   s7, a1, a7
core   0: 3 0x800024a6 (0x0315bbb3) x23 0x00000000
core   0: 0x800024aa (0x03bca3b3) mulhsu  t2, s9, s11
core   0: 3 0x800024aa (0x03bca3b3) x 7 0xffffffff
core   0: 0x800024ae (0x01e54b63) blt     a0, t5, pc + 22
core   0: 3 0x800024ae (0x01e54b63)
core   0: 0x800024b2 (0x015af963) bgeu    s5, s5, pc + 18
core   0: 3 0x800024b2 (0x015af963)
core   0: 0x800024c4 (0x02881663) bne     a6, s0, pc + 44
core   0: 3 0x800024c4 (0x02881663)
core   0: 0x800024f0 (0x000081d1) c.srli  a1, 20
core   0: 3 0x800024f0 (0x81d1) x11 0x00000000
core   0: 0x800024f2 (0x0000081a) c.slli  a6, 6
core   0: 3 0x800024f2 (0x081a) x16 0x00ab3900
core   0: 0x800024f4 (0x00aa4b33) xor     s6, s4, a0
core   0: 3 0x800024f4 (0x00aa4b33) x22 0xfffffec6
core   0: 0x800024f8 (0x000098fd) c.andi  s1, -1
core   0: 3 0x800024f8 (0x98fd) x 9 0x00000000
core   0: 0x800024fa (0x00008b4d) c.andi  a4, 19
core   0: 3 0x800024fa (0x8b4d) x14 0x00000000
core   0: 0x800024fc (0x01565833) srl     a6, a2, s5
core   0: 3 0x800024fc (0x01565833) x16 0x00000000
core   0: 0x80002500 (0x00433a33) sltu    s4, t1, tp
core   0: 3 0x80002500 (0x00433a33) x20 0x00000000
core   0: 0x80002504 (0x0000e40d) c.bnez  s0, pc + 42
core   0: 3 0x80002504 (0xe40d)
core   0: 0x8000252e (0x00008cb6) c.mv    s9, a3
core   0: 3 0x8000252e (0x8cb6) x25 0xfc094c38
core   0: 0x80002530 (0x03b64933) div     s2, a2, s11
core   0: 3 0x80002530 (0x03b64933) x18 0x00000000
core   0: 0x80002534 (0x02d35db3) divu    s11, t1, a3
core   0: 3 0x80002534 (0x02d35db3) x27 0x00000000
core   0: 0x80002538 (0x02598d33) mul     s10, s3, t0
core   0: 3 0x80002538 (0x02598d33) x26 0xfffffa3d
core   0: 0x8000253c (0x4188d593) srai    a1, a7, 24
core   0: 3 0x8000253c (0x4188d593) x11 0xffffff80
core   0: 0x80002540 (0x008e89b3) add     s3, t4, s0
core   0: 3 0x80002540 (0x008e89b3) x19 0x00000266
core   0: 0x80002544 (0x6d750793) addi    a5, a0, 1751
core   0: 3 0x80002544 (0x6d750793) x15 0x00000adb
core   0: 0x80002548 (0x00008ff5) c.and   a5, a3
core   0: 3 0x80002548 (0x8ff5) x15 0x00000818
core   0: 0x8000254a (0x00008079) c.srli  s0, 30
core   0: 3 0x8000254a (0x8079) x 8 0x00000000
core   0: 0x8000254c (0x00006d11) c.lui   s10, 0x4
core   0: 3 0x8000254c (0x6d11) x26 0x00004000
core   0: 0x8000254e (0x00269733) sll     a4, a3, sp
core   0: 3 0x8000254e (0x00269733) x14 0xf8129870
core   0: 0x80002552 (0x0000c0a1) c.beqz  s1, pc + 64
core   0: 3 0x80002552 (0xc0a1)
core   0: 0x80002592 (0x023a1763) bne     s4, gp, pc + 46
core   0: 3 0x80002592 (0x023a1763)
core   0: 0x800025c0 (0x0000100f) fence.i
core   0: 3 0x800025c0 (0x0000100f)
core   0: 0x800025c4 (0x00006561) c.lui   a0, 0x18
core   0: 3 0x800025c4 (0x6561) x10 0x00018000
core   0: 0x800025c6 (0x00006115) c.addi16sp sp, 288
core   0: 3 0x800025c6 (0x6115) x 2 0x00000121
core   0: 0x800025c8 (0x00008d89) c.sub   a1, a0
core   0: 3 0x800025c8 (0x8d89) x11 0xfffe7f80
core   0: 0x800025ca (0x009b0363) beq     s6, s1, pc + 6
core   0: 3 0x800025ca (0x009b0363)
core   0: 0x800025ce (0x000093c6) c.add   t2, a7
core   0: 3 0x800025ce (0x93c6) x 7 0x80026e63
core   0: 0x800025d0 (0x014ec433) xor     s0, t4, s4
core   0: 3 0x800025d0 (0x014ec433) x 8 0xfffffe66
core   0: 0x800025d4 (0x00008715) c.srai  a4, 5
core   0: 3 0x800025d4 (0x8715) x14 0xffc094c3
core   0: 0x800025d6 (0x00009812) c.add   a6, tp
core   0: 3 0x800025d6 (0x9812) x16 0x00000000
core   0: 0x800025d8 (0x0000984e) c.add   a6, s3
core   0: 3 0x800025d8 (0x984e) x16 0x00000266
core   0: 0x800025da (0x00000001) c.nop
core   0: 3 0x800025da (0x0001)
core   0: 0x800025dc (0x01e25113) srli    sp, tp, 30
core   0: 3 0x800025dc (0x01e25113) x 2 0x00000000
core   0: 0x800025e0 (0x0000e261) c.bnez  a2, pc + 192
core   0: 3 0x800025e0 (0xe261)
core   0: 0x800025e2 (0x03e5c1b3) div     gp, a1, t5
core   0: 3 0x800025e2 (0x03e5c1b3) x 3 0xffffb31a
core   0: 0x800025e6 (0x0000076d) c.addi  a4, 27
core   0: 3 0x800025e6 (0x076d) x14 0xffc094de
core   0: 0x800025e8 (0x00006f45) c.lui   t5, 0x11
core   0: 3 0x800025e8 (0x6f45) x30 0x00011000
core   0: 0x800025ea (0x03c87233) remu    tp, a6, t3
core   0: 3 0x800025ea (0x03c87233) x 4 0x00000266
core   0: 0x800025ee (0x015e3e33) sltu    t3, t3, s5
core   0: 3 0x800025ee (0x015e3e33) x28 0x00000000
core   0: 0x800025f2 (0x004a9cb3) sll     s9, s5, tp
core   0: 3 0x800025f2 (0x004a9cb3) x25 0x00ab3900
core   0: 0x800025f6 (0x0000e8f1) c.bnez  s1, pc + 212
core   0: 3 0x800025f6 (0xe8f1)
core   0: 0x800025f8 (0x40870bb3) sub     s7, a4, s0
core   0: 3 0x800025f8 (0x40870bb3) x23 0xffc09678
core   0: 0x800025fc (0x00010917) auipc   s2, 0x10
core   0: 3 0x800025fc (0x00010917) x18 0x800125fc
core   0: 0x80002600 (0x9c590913) addi    s2, s2, -1595
core   0: 3 0x80002600 (0x9c590913) x18 0x80011fc1
core   0: 0x80002604 (0x0000ff17) auipc   t5, 0xf
core   0: 3 0x80002604 (0x0000ff17) x30 0x80011604
core   0: 0x80002608 (0x0daf0f13) addi    t5, t5, 218
core   0: 3 0x80002608 (0x0daf0f13) x30 0x800116de
core   0: 0x8000260c (0x0000f797) auipc   a5, 0xf
core   0: 3 0x8000260c (0x0000f797) x15 0x8001160c
core   0: 0x80002610 (0x6c378793) addi    a5, a5, 1731
core   0: 3 0x80002610 (0x6c378793) x15 0x80011ccf
core   0: 0x80002614 (0x0000f317) auipc   t1, 0xf
core   0: 3 0x80002614 (0x0000f317) x 6 0x80011614
core   0: 0x80002618 (0x4e830313) addi    t1, t1, 1256
core   0: 3 0x80002618 (0x4e830313) x 6 0x80011afc
core   0: 0x8000261c (0x03a7c703) lbu     a4, 58(a5)
core   0: 3 0x8000261c (0x03a7c703) x14 0x000000c2 mem 0x80011d09
core   0: 0x80002620 (0xfa191403) lh      s0, -95(s2)
core   0: 3 0x80002620 (0xfa191403) x 8 0x00001819 mem 0x80011f62
core   0: 0x80002624 (0x06994a03) lbu     s4, 105(s2)
core   0: 3 0x80002624 (0x06994a03) x20 0x000000e1 mem 0x8001202a
core   0: 0x80002628 (0xff278203) lb      tp, -14(a5)
core   0: 3 0x80002628 (0xff278203) x 4 0x0000007a mem 0x80011cc1
core   0: 0x8000262c (0xf15f01a3) sb      s5, -253(t5)
core   0: 3 0x8000262c (0xf15f01a3) mem 0x800115e1 0xe4
core   0: 0x80002630 (0xf4bf0c23) sb      a1, -168(t5)
core   0: 3 0x80002630 (0xf4bf0c23) mem 0x80011636 0x80
core   0: 0x80002634 (0xef834d83) lbu     s11, -264(t1)
core   0: 3 0x80002634 (0xef834d83) x27 0x000000af mem 0x800119f4
core   0: 0x80002638 (0x02f78923) sb      a5, 50(a5)
core   0: 3 0x80002638 (0x02f78923) mem 0x80011d01 0xcf
core   0: 0x8000263c (0xfeb798a3) sh      a1, -15(a5)
core   0: 3 0x8000263c (0xfeb798a3) mem 0x80011cc0 0x7f80
core   0: 0x80002640 (0xc18307a3) sb      s8, -1009(t1)
core   0: 3 0x80002640 (0xc18307a3) mem 0x8001170b 0x0
core   0: 0x80002644 (0x09bf2723) sw      s11, 142(t5)
core   0: 3 0x80002644 (0x09bf2723) mem 0x8001176c 0x000000af
core   0: 0x80002648 (0x03678323) sb      s6, 38(a5)
core   0: 3 0x80002648 (0x03678323) mem 0x80011cf5 0xc6
core   0: 0x8000264c (0xf6395c83) lhu     s9, -157(s2)
core   0: 3 0x8000264c (0xf6395c83) x25 0x0000dedf mem 0x80011f24
core   0: 0x80002650 (0xfa590023) sb      t0, -96(s2)
core   0: 3 0x80002650 (0xfa590023) mem 0x80011f61 0x3d
core   0: 0x80002654 (0x00f78703) lb      a4, 15(a5)
core   0: 3 0x80002654 (0x00f78703) x14 0xffffff95 mem 0x80011cde
core   0: 0x80002658 (0x061f0b03) lb      s6, 97(t5)
core   0: 3 0x80002658 (0x061f0b03) x22 0xfffffff4 mem 0x8001173f
core   0: 0x8000265c (0x0ae34503) lbu     a0, 174(t1)
core   0: 3 0x8000265c (0x0ae34503) x10 0x00000061 mem 0x80011baa
core   0: 0x80002660 (0xf88f0983) lb      s3, -120(t5)
core   0: 3 0x80002660 (0xf88f0983) x19 0x0000001d mem 0x80011666
core   0: 0x80002664 (0x41334f83) lbu     t6, 1043(t1)
core   0: 3 0x80002664 (0x41334f83) x31 0x000000c4 mem 0x80011f0f
core   0: 0x80002668 (0x0d3f0d83) lb      s11, 211(t5)
core   0: 3 0x80002668 (0x0d3f0d83) x27 0x0000006a mem 0x800117b1
core   0: 0x8000266c (0xfe47c803) lbu     a6, -28(a5)
core   0: 3 0x8000266c (0xfe47c803) x16 0x00000068 mem 0x80011cb3
core   0: 0x80002670 (0x0abf0183) lb      gp, 171(t5)
core   0: 3 0x80002670 (0x0abf0183) x 3 0x00000042 mem 0x80011789
core   0: 0x80002674 (0xf1290d03) lb      s10, -238(s2)
core   0: 3 0x80002674 (0xf1290d03) x26 0xffffff88 mem 0x80011ed3
core   0: 0x80002678 (0xb5534983) lbu     s3, -1195(t1)
core   0: 3 0x80002678 (0xb5534983) x19 0x0000000a mem 0x80011651
core   0: 0x8000267c (0x094f0483) lb      s1, 148(t5)
core   0: 3 0x8000267c (0x094f0483) x 9 0x00000029 mem 0x80011772
core   0: 0x80002680 (0xff378583) lb      a1, -13(a5)
core   0: 3 0x80002680 (0xff378583) x11 0x00000079 mem 0x80011cc2
core   0: 0x80002684 (0x05d34e03) lbu     t3, 93(t1)
core   0: 3 0x80002684 (0x05d34e03) x28 0x00000012 mem 0x80011b59
core   0: 0x80002688 (0xffc78383) lb      t2, -4(a5)
core   0: 3 0x80002688 (0xffc78383) x 7 0xffffff80 mem 0x80011ccb
core   0: 0x8000268c (0xffe94603) lbu     a2, -2(s2)
core   0: 3 0x8000268c (0xffe94603) x12 0x00000074 mem 0x80011fbf
core   0: 0x80002690 (0x03e780a3) sb      t5, 33(a5)
core   0: 3 0x80002690 (0x03e780a3) mem 0x80011cf0 0xde
core   0: 0x80002694 (0xfed94083) lbu     ra, -19(s2)
core   0: 3 0x80002694 (0xfed94083) x 1 0x00000065 mem 0x80011fae
core   0: 0x80002698 (0x07cf0ca3) sb      t3, 121(t5)
core   0: 3 0x80002698 (0x07cf0ca3) mem 0x80011757 0x12
core   0: 0x8000269c (0x43e35c83) lhu     s9, 1086(t1)
core   0: 3 0x8000269c (0x43e35c83) x25 0x0000f0f1 mem 0x80011f3a
core   0: 0x800026a0 (0x029df7b3) remu    a5, s11, s1
core   0: 3 0x800026a0 (0x029df7b3) x15 0x00000018
core   0: 0x800026a4 (0x000097a2) c.add   a5, s0
core   0: 3 0x800026a4 (0x97a2) x15 0x00001831
core   0: 0x800026a6 (0x000084e9) c.srai  s1, 26
core   0: 3 0x800026a6 (0x84e9) x 9 0x00000000
core   0: 0x800026a8 (0x013ffcb3) and     s9, t6, s3
core   0: 3 0x800026a8 (0x013ffcb3) x25 0x00000000
core   0: 0x800026ac (0x00fb3a33) sltu    s4, s6, a5
core   0: 3 0x800026ac (0x00fb3a33) x20 0x00000000
core   0: 0x800026b0 (0x00000001) c.nop
core   0: 3 0x800026b0 (0x0001)
core   0: 0x800026b2 (0x0ff0000f) fence   iorw,iorw
core   0: 3 0x800026b2 (0x0ff0000f)
core   0: 0x800026b6 (0x00dab733) sltu    a4, s5, a3
core   0: 3 0x800026b6 (0x00dab733) x14 0x00000001
core   0: 0x800026ba (0x408c51b3) sra     gp, s8, s0
core   0: 3 0x800026ba (0x408c51b3) x 3 0x00000000
core   0: 0x800026be (0x0ff0000f) fence   iorw,iorw
core   0: 3 0x800026be (0x0ff0000f)
core   0: 0x800026c2 (0x7fd78913) addi    s2, a5, 2045
core   0: 3 0x800026c2 (0x7fd78913) x18 0x0000202e
core   0: 0x800026c6 (0x00008f25) c.xor   a4, s1
core   0: 3 0x800026c6 (0x8f25) x14 0x00000001
core   0: 0x800026c8 (0x00000001) c.nop
core   0: 3 0x800026c8 (0x0001)
core   0: 0x800026ca (0x02ac25b3) mulhsu  a1, s8, a0
core   0: 3 0x800026ca (0x02ac25b3) x11 0x00000000
core   0: 0x800026ce (0x02114133) div     sp, sp, ra
core   0: 3 0x800026ce (0x02114133) x 2 0x00000000
core   0: 0x800026d2 (0x0ff0000f) fence   iorw,iorw
core   0: 3 0x800026d2 (0x0ff0000f)
core   0: 0x800026d6 (0x00000ddd) c.addi  s11, 23
core   0: 3 0x800026d6 (0x0ddd) x27 0x00000081
core   0: 0x800026d8 (0x0094e933) or      s2, s1, s1
core   0: 3 0x800026d8 (0x0094e933) x18 0x00000000
core   0: 0x800026dc (0x005ca633) slt     a2, s9, t0
core   0: 3 0x800026dc (0x005ca633) x12 0x00000000
core   0: 0x800026e0 (0x000040cd) c.li    ra, 19
core   0: 3 0x800026e0 (0x40cd) x 1 0x00000013
core   0: 0x800026e2 (0x00001690) c.addi4spn a2, sp, 864
core   0: 3 0x800026e2 (0x1690) x12 0x00000360
core   0: 0x800026e4 (0x4016ddb3) sra     s11, a3, ra
core   0: 3 0x800026e4 (0x4016ddb3) x27 0xffffff81
core   0: 0x800026e8 (0x0018ff33) and     t5, a7, ra
core   0: 3 0x800026e8 (0x0018ff33) x30 0x00000000
core   0: 0x800026ec (0x53cefc13) andi    s8, t4, 1340
core   0: 3 0x800026ec (0x53cefc13) x24 0x00000424
core   0: 0x800026f0 (0x0203ef33) rem     t5, t2, zero
core   0: 3 0x800026f0 (0x0203ef33) x30 0xffffff80
core   0: 0x800026f4 (0x0244c133) div     sp, s1, tp
core   0: 3 0x800026f4 (0x0244c133) x 2 0x00000000
core   0: 0x800026f8 (0x00b8f333) and     t1, a7, a1
core   0: 3 0x800026f8 (0x00b8f333) x 6 0x00000000
core   0: 0x800026fc (0x01b71613) slli    a2, a4, 27
core   0: 3 0x800026fc (0x01b71613) x12 0x08000000
core   0: 0x80002700 (0x00008c59) c.or    s0, a4
core   0: 3 0x80002700 (0x8c59) x 8 0x00001819
core   0: 0x80002702 (0x03f81a63) bne     a6, t6, pc + 52
core   0: 3 0x80002702 (0x03f81a63)
core   0: 0x80002736 (0x05201463) bne     zero, s2, pc + 72
core   0: 3 0x80002736 (0x05201463)
core   0: 0x8000273a (0x006dc833) xor     a6, s11, t1
core   0: 3 0x8000273a (0x006dc833) x16 0xffffff81
core   0: 0x8000273e (0x02db3233) mulhu   tp, s6, a3
core   0: 3 0x8000273e (0x02db3233) x 4 0xfc094c2c
core   0: 0x80002742 (0x00000308) c.addi4spn a0, sp, 384
core   0: 3 0x80002742 (0x0308) x10 0x00000180
core   0: 0x80002744 (0x0ff0000f) fence   iorw,iorw
core   0: 3 0x80002744 (0x0ff0000f)
core   0: 0x80002748 (0x038fcf33) div     t5, t6, s8
core   0: 3 0x80002748 (0x038fcf33) x30 0x00000000
core   0: 0x8000274c (0x00008a49) c.andi  a2, 18
core   0: 3 0x8000274c (0x8a49) x12 0x00000000
core   0: 0x8000274e (0x02297a63) bgeu    s2, sp, pc + 52
core   0: 3 0x8000274e (0x02297a63)
core   0: 0x80002782 (0x00008dd6) c.mv    s11, s5
core   0: 3 0x80002782 (0x8dd6) x27 0x8002ace4
core   0: 0x80002784 (0x00687f33) and     t5, a6, t1
core   0: 3 0x80002784 (0x00687f33) x30 0x00000000
core   0: 0x80002788 (0x0176d213) srli    tp, a3, 23
core   0: 3 0x80002788 (0x0176d213) x 4 0x000001f8
core   0: 0x8000278c (0x00009eda) c.add   t4, s6
core   0: 3 0x8000278c (0x9eda) x29 0xfffffe5a
core   0: 0x8000278e (0x00008d45) c.or    a0, s1
core   0: 3 0x8000278e (0x8d45) x10 0x00000180
core   0: 0x80002790 (0x017914b3) sll     s1, s2, s7
core   0: 3 0x80002790 (0x017914b3) x 9 0x00000000
core   0: 0x80002794 (0x00001a63) bnez    zero, pc + 20
core   0: 3 0x80002794 (0x00001a63)
core   0: 0x80002798 (0x0ff0000f) fence   iorw,iorw
core   0: 3 0x80002798 (0x0ff0000f)
core   0: 0x8000279c (0x415c5313) srai    t1, s8, 21
core   0: 3 0x8000279c (0x415c5313) x 6 0x00000000
core   0: 0x800027a0 (0x000041fd) c.li    gp, 31
core   0: 3 0x800027a0 (0x41fd) x 3 0x0000001f
core   0: 0x800027a2 (0x01b9aeb3) slt     t4, s3, s11
core   0: 3 0x800027a2 (0x01b9aeb3) x29 0x00000000
core   0: 0x800027a6 (0x00000518) c.addi4spn a4, sp, 640
core   0: 3 0x800027a6 (0x0518) x14 0x00000280
core   0: 0x800027a8 (0x039acf33) div     t5, s5, s9
core   0: 3 0x800027a8 (0x039acf33) x30 0xffffffff
core   0: 0x800027ac (0x00008a1e) c.mv    s4, t2
core   0: 3 0x800027ac (0x8a1e) x20 0xffffff80
core   0: 0x800027ae (0x00008cf5) c.and   s1, a3
core   0: 3 0x800027ae (0x8cf5) x 9 0x00000000
core   0: 0x800027b0 (0x00008279) c.srli  a2, 30
core   0: 3 0x800027b0 (0x8279) x12 0x00000000
core   0: 0x800027b2 (0x00a10bb3) add     s7, sp, a0
core   0: 3 0x800027b2 (0x00a10bb3) x23 0x00000180
core   0: 0x800027b6 (0x00005efd) c.li    t4, -1
core   0: 3 0x800027b6 (0x5efd) x29 0xffffffff
core   0: 0x800027b8 (0x00008941) c.andi  a0, 16
core   0: 3 0x800027b8 (0x8941) x10 0x00000000
core   0: 0x800027ba (0x0ff0000f) fence   iorw,iorw
core   0: 3 0x800027ba (0x0ff0000f)
core   0: 0x800027be (0x00008d95) c.sub   a1, a3
core   0: 3 0x800027be (0x8d95) x11 0x03f6b3c8
core   0: 0x800027c0 (0x01f94563) blt     s2, t6, pc + 10
core   0: 3 0x800027c0 (0x01f94563)
core   0: 0x800027ca (0x00008cf5) c.and   s1, a3
core   0: 3 0x800027ca (0x8cf5) x 9 0x00000000
core   0: 0x800027cc (0x00001908) c.addi4spn a0, sp, 176
core   0: 3 0x800027cc (0x1908) x10 0x000000b0
core   0: 0x800027ce (0x0160fe33) and     t3, ra, s6
core   0: 3 0x800027ce (0x0160fe33) x28 0x00000010
core   0: 0x800027d2 (0xce0ab713) sltiu   a4, s5, -800
core   0: 3 0x800027d2 (0xce0ab713) x14 0x00000001
core   0: 0x800027d6 (0x015c7e63) bgeu    s8, s5, pc + 28
core   0: 3 0x800027d6 (0x015c7e63)
core   0: 0x800027da (0x00eb97b3) sll     a5, s7, a4
core   0: 3 0x800027da (0x00eb97b3) x15 0x00000300
core   0: 0x800027de (0x00000001) c.nop
core   0: 3 0x800027de (0x0001)
core   0: 0x800027e0 (0x047c1163) bne     s8, t2, pc + 66
core   0: 3 0x800027e0 (0x047c1163)
core   0: 0x80002822 (0x02c57663) bgeu    a0, a2, pc + 44
core   0: 3 0x80002822 (0x02c57663)
core   0: 0x8000284e (0x00008f9d) c.sub   a5, a5
core   0: 3 0x8000284e (0x8f9d) x15 0x00000000
core   0: 0x80002850 (0x00008c39) c.xor   s0, a4
core   0: 3 0x80002850 (0x8c39) x 8 0x00001818
core   0: 0x80002852 (0x03a74833) div     a6, a4, s10
core   0: 3 0x80002852 (0x03a74833) x16 0x00000000
core   0: 0x80002856 (0x03fbfdb3) remu    s11, s7, t6
core   0: 3 0x80002856 (0x03fbfdb3) x27 0x000000bc
core   0: 0x8000285a (0x0000100f) fence.i
core   0: 3 0x8000285a (0x0000100f)
core   0: 0x8000285e (0x03821433) mulh    s0, tp, s8
core   0: 3 0x8000285e (0x03821433) x 8 0x00000000
core   0: 0x80002862 (0x0000cb11) c.beqz  a4, pc + 20
core   0: 3 0x80002862 (0xcb11)
core   0: 0x80002864 (0x0000100f) fence.i
core   0: 3 0x80002864 (0x0000100f)
core   0: 0x80002868 (0x0000ed81) c.bnez  a1, pc + 24
core   0: 3 0x80002868 (0xed81)
core   0: 0x80002880 (0x05f07163) bgeu    zero, t6, pc + 66
core   0: 3 0x80002880 (0x05f07163)
core   0: 0x80002884 (0x015602b3) add     t0, a2, s5
core   0: 3 0x80002884 (0x015602b3) x 5 0x8002ace4
core   0: 0x80002888 (0x0ff0000f) fence   iorw,iorw
core   0: 3 0x80002888 (0x0ff0000f)
core   0: 0x8000288c (0x0537d063) bge     a5, s3, pc + 64
core   0: 3 0x8000288c (0x0537d063)
core   0: 0x80002890 (0x8c103993) sltiu   s3, zero, -1855
core   0: 3 0x80002890 (0x8c103993) x19 0x00000001
core   0: 0x80002894 (0x66f1f993) andi    s3, gp, 1647
core   0: 3 0x80002894 (0x66f1f993) x19 0x0000000f
core   0: 0x80002898 (0x00000e0a) c.slli  t3, 2
core   0: 3 0x80002898 (0x0e0a) x28 0x00000040
core   0: 0x8000289a (0x017c1e33) sll     t3, s8, s7
core   0: 3 0x8000289a (0x017c1e33) x28 0x00000424
core   0: 0x8000289e (0x00000001) c.nop
core   0: 3 0x8000289e (0x0001)
core   0: 0x800028a0 (0x01a3b4b3) sltu    s1, t2, s10
core   0: 3 0x800028a0 (0x01a3b4b3) x 9 0x00000001
core   0: 0x800028a4 (0x00d4bd33) sltu    s10, s1, a3
core   0: 3 0x800028a4 (0x00d4bd33) x26 0x00000001
core   0: 0x800028a8 (0x01586fb3) or      t6, a6, s5
core   0: 3 0x800028a8 (0x01586fb3) x31 0x8002ace4
core   0: 0x800028ac (0x41c80e33) sub     t3, a6, t3
core   0: 3 0x800028ac (0x41c80e33) x28 0xfffffbdc
core   0: 0x800028b0 (0x9e0bbe13) sltiu   t3, s7, -1568
core   0: 3 0x800028b0 (0x9e0bbe13) x28 0x00000001
core   0: 0x800028b4 (0xd8c78497) auipc   s1, 0xd8c78
core   0: 3 0x800028b4 (0xd8c78497) x 9 0x58c7a8b4
core   0: 0x800028b8 (0x0398acb3) mulhsu  s9, a7, s9
core   0: 3 0x800028b8 (0x0398acb3) x25 0x00000000
core   0: 0x800028bc (0x00000a5e) c.slli  s4, 23
core   0: 3 0x800028bc (0x0a5e) x20 0xc0000000
core   0: 0x800028be (0x00971833) sll     a6, a4, s1
core   0: 3 0x800028be (0x00971833) x16 0x00100000
core   0: 0x800028c2 (0x5642b213) sltiu   tp, t0, 1380
core   0: 3 0x800028c2 (0x5642b213) x 4 0x00000000
core   0: 0x800028c6 (0x00008f01) c.sub   a4, s0
core   0: 3 0x800028c6 (0x8f01) x14 0x00000001
core   0: 0x800028c8 (0x7f63ce93) xori    t4, t2, 2038
core   0: 3 0x800028c8 (0x7f63ce93) x29 0xfffff876
core   0: 0x800028cc (0x88f73717) auipc   a4, 0x88f73
core   0: 3 0x800028cc (0x88f73717) x14 0x08f758cc
core   0: 0x800028d0 (0x0000100f) fence.i
core   0: 3 0x800028d0 (0x0000100f)
core   0: 0x800028d4 (0x01d46cb3) or      s9, s0, t4
core   0: 3 0x800028d4 (0x01d46cb3) x25 0xfffff876
core   0: 0x800028d8 (0x00008e41) c.or    a2, s0
core   0: 3 0x800028d8 (0x8e41) x12 0x00000000
core   0: 0x800028da (0x03b92c33) mulhsu  s8, s2, s11
core   0: 3 0x800028da (0x03b92c33) x24 0x00000000
core   0: 0x800028de (0x028c6f33) rem     t5, s8, s0
core   0: 3 0x800028de (0x028c6f33) x30 0x00000000
core   0: 0x800028e2 (0x00008471) c.srai  s0, 28
core   0: 3 0x800028e2 (0x8471) x 8 0x00000000
core   0: 0x800028e4 (0x022a5a63) bge     s4, sp, pc + 52
core   0: 3 0x800028e4 (0x022a5a63)
core   0: 0x800028e8 (0x020e8c33) mul     s8, t4, zero
core   0: 3 0x800028e8 (0x020e8c33) x24 0x00000000
core   0: 0x800028ec (0x00008955) c.andi  a0, 21
core   0: 3 0x800028ec (0x8955) x10 0x00000010
core   0: 0x800028ee (0x4e430b17) auipc   s6, 0x4e430
core   0: 3 0x800028ee (0x4e430b17) x22 0xce4328ee
core   0: 0x800028f2 (0x0000839d) c.srli  a5, 7
core   0: 3 0x800028f2 (0x839d) x15 0x00000000
core   0: 0x800028f4 (0x0000810d) c.srli  a0, 3
core   0: 3 0x800028f4 (0x810d) x10 0x00000002
core   0: 0x800028f6 (0x0195b5b3) sltu    a1, a1, s9
core   0: 3 0x800028f6 (0x0195b5b3) x11 0x00000001
core   0: 0x800028fa (0x335a3613) sltiu   a2, s4, 821
core   0: 3 0x800028fa (0x335a3613) x12 0x00000000
core   0: 0x800028fe (0x510ab013) sltiu   zero, s5, 1296
core   0: 3 0x800028fe (0x510ab013)
core   0: 0x80002902 (0x01071463) bne     a4, a6, pc + 8
core   0: 3 0x80002902 (0x01071463)
core   0: 0x8000290a (0x018f09b3) add     s3, t5, s8
core   0: 3 0x8000290a (0x018f09b3) x19 0x00000000
core   0: 0x8000290e (0x4178d913) srai    s2, a7, 23
core   0: 3 0x8000290e (0x4178d913) x18 0xffffff00
core   0: 0x80002912 (0x00008d89) c.sub   a1, a0
core   0: 3 0x80002912 (0x8d89) x11 0xffffffff
core   0: 0x80002914 (0x00008609) c.srai  a2, 2
core   0: 3 0x80002914 (0x8609) x12 0x00000000
core   0: 0x80002916 (0x00008e51) c.or    a2, a2
core   0: 3 0x80002916 (0x8e51) x12 0x00000000
core   0: 0x80002918 (0x02acf2b3) remu    t0, s9, a0
core   0: 3 0x80002918 (0x02acf2b3) x 5 0x00000000
core   0: 0x8000291c (0x00ade2b3) or      t0, s11, a0
core   0: 3 0x8000291c (0x00ade2b3) x 5 0x000000be
core   0: 0x80002920 (0x00008cd9) c.or    s1, a4
core   0: 3 0x80002920 (0x8cd9) x 9 0x58f7f8fc
core   0: 0x80002922 (0x02885333) divu    t1, a6, s0
core   0: 3 0x80002922 (0x02885333) x 6 0xffffffff
core   0: 0x80002926 (0x02007fb3) remu    t6, zero, zero
core   0: 3 0x80002926 (0x02007fb3) x31 0x00000000
core   0: 0x8000292a (0x2ebf5917) auipc   s2, 0x2ebf5
core   0: 3 0x8000292a (0x2ebf5917) x18 0xaebf792a
core   0: 0x8000292e (0x01c79e93) slli    t4, a5, 28
core   0: 3 0x8000292e (0x01c79e93) x29 0x00000000
core   0: 0x80002932 (0x03f39233) mulh    tp, t2, t6
core   0: 3 0x80002932 (0x03f39233) x 4 0x00000000
core   0: 0x80002936 (0x03a65333) divu    t1, a2, s10
core   0: 3 0x80002936 (0x03a65333) x 6 0x00000000
core   0: 0x8000293a (0x000055fd) c.li    a1, -1
core   0: 3 0x8000293a (0x55fd) x11 0xffffffff
core   0: 0x8000293c (0x01ef6533) or      a0, t5, t5
core   0: 3 0x8000293c (0x01ef6533) x10 0x00000000
core   0: 0x80002940 (0x006b4d63) blt     s6, t1, pc + 26
core   0: 3 0x80002940 (0x006b4d63)
core   0: 0x8000295a (0x0ff0000f) fence   iorw,iorw
core   0: 3 0x8000295a (0x0ff0000f)
core   0: 0x8000295e (0x01e3e233) or      tp, t2, t5
core   0: 3 0x8000295e (0x01e3e233) x 4 0xffffff80
core   0: 0x80002962 (0x000067e1) c.lui   a5, 0x18
core   0: 3 0x80002962 (0x67e1) x15 0x00018000
core   0: 0x80002964 (0x412d5993) srai    s3, s10, 18
core   0: 3 0x80002964 (0x412d5993) x19 0x00000000
core   0: 0x80002968 (0x00008d15) c.sub   a0, a3
core   0: 3 0x80002968 (0x8d15) x10 0x03f6b3c8
core   0: 0x8000296a (0x00693533) sltu    a0, s2, t1
core   0: 3 0x8000296a (0x00693533) x10 0x00000000
core   0: 0x8000296e (0x022fad33) mulhsu  s10, t6, sp
core   0: 3 0x8000296e (0x022fad33) x26 0x00000000
core   0: 0x80002972 (0x0001ae97) auipc   t4, 0x1a
core   0: 3 0x80002972 (0x0001ae97) x29 0x8001c972
core   0: 0x80002976 (0x0b5e8e93) addi    t4, t4, 181
core   0: 3 0x80002976 (0x0b5e8e93) x29 0x8001ca27
core   0: 0x8000297a (0x233ecc83) lbu     s9, 563(t4)
core   0: 3 0x8000297a (0x233ecc83) x25 0x00000011 mem 0x8001cc5a
core   0: 0x8000297e (0x0eaec403) lbu     s0, 234(t4)
core   0: 3 0x8000297e (0x0eaec403) x 8 0x000000ca mem 0x8001cb11
core   0: 0x80002982 (0x499ea2a3) sw      s9, 1157(t4)
core   0: 3 0x80002982 (0x499ea2a3) mem 0x8001ceac 0x00000011
core   0: 0x80002986 (0xecaec003) lbu     zero, -310(t4)
core   0: 3 0x80002986 (0xecaec003) mem 0x8001c8f1
core   0: 0x8000298a (0x0000fb97) auipc   s7, 0xf
core   0: 3 0x8000298a (0x0000fb97) x23 0x8001198a
core   0: 0x8000298e (0x39eb8b93) addi    s7, s7, 926
core   0: 3 0x8000298e (0x39eb8b93) x23 0x80011d28
core   0: 0x80002992 (0x039b8983) lb      s3, 57(s7)
core   0: 3 0x80002992 (0x039b8983) x19 0x0000001a mem 0x80011d61
core   0: 0x80002996 (0x033b8703) lb      a4, 51(s7)
core   0: 3 0x80002996 (0x033b8703) x14 0x00000010 mem 0x80011d5b
core   0: 0x8000299a (0x44de8e23) sb      a3, 1116(t4)
core   0: 3 0x8000299a (0x44de8e23) mem 0x8001ce83 0x38
core   0: 0x8000299e (0xa89b8603) lb      a2, -1399(s7)
core   0: 3 0x8000299e (0xa89b8603) x12 0x0000006a mem 0x800117b1
core   0: 0x800029a2 (0x38fe8e23) sb      a5, 924(t4)
core   0: 3 0x800029a2 (0x38fe8e23) mem 0x8001cdc3 0x0
core   0: 0x800029a6 (0x76ce8103) lb      sp, 1900(t4)
core   0: 3 0x800029a6 (0x76ce8103) x 2 0x00000048 mem 0x8001d193
core   0: 0x800029aa (0x13ebc283) lbu     t0, 318(s7)
core   0: 3 0x800029aa (0x13ebc283) x 5 0x0000001d mem 0x80011e66
core   0: 0x800029ae (0x079b8aa3) sb      s9, 117(s7)
core   0: 3 0x800029ae (0x079b8aa3) mem 0x80011d9d 0x11
core   0: 0x800029b2 (0x805e99a3) sh      t0, -2029(t4)
core   0: 3 0x800029b2 (0x805e99a3) mem 0x8001c23a 0x001d
core   0: 0x800029b6 (0x7a5e8d83) lb      s11, 1957(t4)
core   0: 3 0x800029b6 (0x7a5e8d83) x27 0xffffff87 mem 0x8001d1cc
core   0: 0x800029ba (0xfd1bc183) lbu     gp, -47(s7)
core   0: 3 0x800029ba (0xfd1bc183) x 3 0x000000b2 mem 0x80011cf9
core   0: 0x800029be (0xf95e8d23) sb      s5, -102(t4)
core   0: 3 0x800029be (0xf95e8d23) mem 0x8001c9c1 0xe4
core   0: 0x800029c2 (0x000091d2) c.add   gp, s4
core   0: 3 0x800029c2 (0x91d2) x 3 0xc00000b2
core   0: 0x800029c4 (0x0000922a) c.add   tp, a0
core   0: 3 0x800029c4 (0x922a) x 4 0xffffff80
core   0: 0x800029c6 (0x03114133) div     sp, sp, a7
core   0: 3 0x800029c6 (0x03114133) x 2 0x00000000
core   0: 0x800029ca (0x094d6813) ori     a6, s10, 148
core   0: 3 0x800029ca (0x094d6813) x16 0x00000094
core   0: 0x800029ce (0x00006c1d) c.lui   s8, 0x7
core   0: 3 0x800029ce (0x6c1d) x24 0x00007000
core   0: 0x800029d0 (0xb4bc9597) auipc   a1, 0xb4bc9
core   0: 3 0x800029d0 (0xb4bc9597) x11 0x34bcb9d0
core   0: 0x800029d4 (0x00000304) c.addi4spn s1, sp, 384
core   0: 3 0x800029d4 (0x0304) x 9 0x00000180
core   0: 0x800029d6 (0x000001ca) c.slli  gp, 18
core   0: 3 0x800029d6 (0x01ca) x 3 0x02c80000
core   0: 0x800029d8 (0x677d0293) addi    t0, s10, 1655
core   0: 3 0x800029d8 (0x677d0293) x 5 0x00000677
core   0: 0x800029dc (0x030acc63) blt     s5, a6, pc + 56
core   0: 3 0x800029dc (0x030acc63)
core   0: 0x80002a14 (0x00008d4d) c.or    a0, a1
core   0: 3 0x80002a14 (0x8d4d) x10 0x34bcb9d0
core   0: 0x80002a16 (0x02c32b33) mulhsu  s6, t1, a2
core   0: 3 0x80002a16 (0x02c32b33) x22 0x00000000
core   0: 0x80002a1a (0x00009a7d) c.andi  a2, -1
core   0: 3 0x80002a1a (0x9a7d) x12 0x0000006a
core   0: 0x80002a1c (0x01a3e033) or      zero, t2, s10
core   0: 3 0x80002a1c (0x01a3e033)
core   0: 0x80002a20 (0x00008286) c.mv    t0, ra
core   0: 3 0x80002a20 (0x8286) x 5 0x00000013
core   0: 0x80002a22 (0x026ee4b3) rem     s1, t4, t1
core   0: 3 0x80002a22 (0x026ee4b3) x 9 0x8001ca27
core   0: 0x80002a26 (0x41e5d9b3) sra     s3, a1, t5
core   0: 3 0x80002a26 (0x41e5d9b3) x19 0x34bcb9d0
core   0: 0x80002a2a (0x0000100f) fence.i
core   0: 3 0x80002a2a (0x0000100f)
core   0: 0x80002a2e (0x00008c2d) c.xor   s0, a1
core   0: 3 0x80002a2e (0x8c2d) x 8 0x34bcb91a
core   0: 0x80002a30 (0x018f94b3) sll     s1, t6, s8
core   0: 3 0x80002a30 (0x018f94b3) x 9 0x00000000
core   0: 0x80002a34 (0x00008cf5) c.and   s1, a3
core   0: 3 0x80002a34 (0x8cf5) x 9 0x00000000
core   0: 0x80002a36 (0x05672a13) slti    s4, a4, 86
core   0: 3 0x80002a36 (0x05672a13) x20 0x00000001
core   0: 0x80002a3a (0x40815eb3) sra     t4, sp, s0
core   0: 3 0x80002a3a (0x40815eb3) x29 0x00000000
core   0: 0x80002a3e (0xfa9d2f93) slti    t6, s10, -87
core   0: 3 0x80002a3e (0xfa9d2f93) x31 0x00000000
core   0: 0x80002a42 (0x00b19b13) slli    s6, gp, 11
core   0: 3 0x80002a42 (0x00b19b13) x22 0x40000000
core   0: 0x80002a46 (0x2806b113) sltiu   sp, a3, 640
core   0: 3 0x80002a46 (0x2806b113) x 2 0x00000000
core   0: 0x80002a4a (0x000042c1) c.li    t0, 16
core   0: 3 0x80002a4a (0x42c1) x 5 0x00000010
core   0: 0x80002a4c (0x00bd60b3) or      ra, s10, a1
core   0: 3 0x80002a4c (0x00bd60b3) x 1 0x34bcb9d0
core   0: 0x80002a50 (0x000050fd) c.li    ra, -1
core   0: 3 0x80002a50 (0x50fd) x 1 0xffffffff
core   0: 0x80002a52 (0x0000c601) c.beqz  a2, pc + 8
core   0: 3 0x80002a52 (0xc601)
core   0: 0x80002a54 (0x0000614d) c.addi16sp sp, 176
core   0: 3 0x80002a54 (0x614d) x 2 0x000000b0
core   0: 0x80002a56 (0x00f71e63) bne     a4, a5, pc + 28
core   0: 3 0x80002a56 (0x00f71e63)
core   0: 0x80002a72 (0x137e57b7) lui     a5, 0x137e5
core   0: 3 0x80002a72 (0x137e57b7) x15 0x137e5000
core   0: 0x80002a76 (0x01c77c63) bgeu    a4, t3, pc + 24
core   0: 3 0x80002a76 (0x01c77c63)
core   0: 0x80002a8e (0x0067e4b3) or      s1, a5, t1
core   0: 3 0x80002a8e (0x0067e4b3) x 9 0x137e5000
core   0: 0x80002a92 (0x0000878d) c.srai  a5, 3
core   0: 3 0x80002a92 (0x878d) x15 0x026fca00
core   0: 0x80002a94 (0x01e2f1b3) and     gp, t0, t5
core   0: 3 0x80002a94 (0x01e2f1b3) x 3 0x00000000
core   0: 0x80002a98 (0xd5682113) slti    sp, a6, -682
core   0: 3 0x80002a98 (0xd5682113) x 2 0x00000000
core   0: 0x80002a9c (0x41a88eb3) sub     t4, a7, s10
core   0: 3 0x80002a9c (0x41a88eb3) x29 0x80026e64
core   0: 0x80002aa0 (0xe7fc4e13) xori    t3, s8, -385
core   0: 3 0x80002aa0 (0xe7fc4e13) x28 0xffff8e7f
core   0: 0x80002aa4 (0x40a18533) sub     a0, gp, a0
core   0: 3 0x80002aa4 (0x40a18533) x10 0xcb434630
core   0: 0x80002aa8 (0x00000001) c.nop
core   0: 3 0x80002aa8 (0x0001)
core   0: 0x80002aaa (0x40636313) ori     t1, t1, 1030
core   0: 3 0x80002aaa (0x40636313) x 6 0x00000406
core   0: 0x80002aae (0x032f0033) mul     zero, t5, s2
core   0: 3 0x80002aae (0x032f0033)
core   0: 0x80002ab2 (0x00000c62) c.slli  s8, 24
core   0: 3 0x80002ab2 (0x0c62) x24 0x00000000
core   0: 0x80002ab4 (0x00b97b63) bgeu    s2, a1, pc + 22
core   0: 3 0x80002ab4 (0x00b97b63)
core   0: 0x80002aca (0x0164d7b3) srl     a5, s1, s6
core   0: 3 0x80002aca (0x0164d7b3) x15 0x137e5000
core   0: 0x80002ace (0x00000001) c.nop
core   0: 3 0x80002ace (0x0001)
core   0: 0x80002ad0 (0x0169e563) bltu    s3, s6, pc + 10
core   0: 3 0x80002ad0 (0x0169e563)
core   0: 0x80002ada (0x00d312b3) sll     t0, t1, a3
core   0: 3 0x80002ada (0x00d312b3) x 5 0x06000000
core   0: 0x80002ade (0x56636513) ori     a0, t1, 1382
core   0: 3 0x80002ade (0x56636513) x10 0x00000566
core   0: 0x80002ae2 (0x8ed8ae93) slti    t4, a7, -1811
core   0: 3 0x80002ae2 (0x8ed8ae93) x29 0x00000001
core   0: 0x80002ae6 (0x00008e39) c.xor   a2, a4
core   0: 3 0x80002ae6 (0x8e39) x12 0x0000007a
core   0: 0x80002ae8 (0x00dbeeb3) or      t4, s7, a3
core   0: 3 0x80002ae8 (0x00dbeeb3) x29 0xfc095d38
core   0: 0x80002aec (0x03d603b3) mul     t2, a2, t4
core   0: 3 0x80002aec (0x03d603b3) x 7 0x1c766cb0
core   0: 0x80002af0 (0x41a95293) srai    t0, s2, 26
core   0: 3 0x80002af0 (0x41a95293) x 5 0xffffffeb
core   0: 0x80002af4 (0x12abcbb7) lui     s7, 0x12abc
core   0: 3 0x80002af4 (0x12abcbb7) x23 0x12abc000
core   0: 0x80002af8 (0x00008f1d) c.sub   a4, a5
core   0: 3 0x80002af8 (0x8f1d) x14 0xec81b010
core   0: 0x80002afa (0x95d89837) lui     a6, 0x95d89
core   0: 3 0x80002afa (0x95d89837) x16 0x95d89000
core   0: 0x80002afe (0x0000527d) c.li    tp, -1
core   0: 3 0x80002afe (0x527d) x 4 0xffffffff
core   0: 0x80002b00 (0x02dd5833) divu    a6, s10, a3
core   0: 3 0x80002b00 (0x02dd5833) x16 0x00000000
core   0: 0x80002b04 (0x396e0813) addi    a6, t3, 918
core   0: 3 0x80002b04 (0x396e0813) x16 0xffff9215
core   0: 0x80002b08 (0x68058f93) addi    t6, a1, 1664
core   0: 3 0x80002b08 (0x68058f93) x31 0x34bcc050
core   0: 0x80002b0c (0x001e3bb3) sltu    s7, t3, ra
core   0: 3 0x80002b0c (0x001e3bb3) x23 0x00000001
core   0: 0x80002b10 (0x004975b3) and     a1, s2, tp
core   0: 3 0x80002b10 (0x004975b3) x11 0xaebf792a
core   0: 0x80002b14 (0x000093ea) c.add   t2, s10
core   0: 3 0x80002b14 (0x93ea) x 7 0x1c766cb0
core   0: 0x80002b16 (0x7b8e5537) lui     a0, 0x7b8e5
core   0: 3 0x80002b16 (0x7b8e5537) x10 0x7b8e5000
core   0: 0x80002b1a (0x00000001) c.nop
core   0: 3 0x80002b1a (0x0001)
core   0: 0x80002b1c (0x0188bdb3) sltu    s11, a7, s8
core   0: 3 0x80002b1c (0x0188bdb3) x27 0x00000000
core   0: 0x80002b20 (0x0106e433) or      s0, a3, a6
core   0: 3 0x80002b20 (0x0106e433) x 8 0xffffde3d
core   0: 0x80002b24 (0xa2b27813) andi    a6, tp, -1493
core   0: 3 0x80002b24 (0xa2b27813) x16 0xfffffa2b
core   0: 0x80002b28 (0x02d59633) mulh    a2, a1, a3
core   0: 3 0x80002b28 (0x02d59633) x12 0x01420ea5
core   0: 0x80002b2c (0x00008d9d) c.sub   a1, a5
core   0: 3 0x80002b2c (0x8d9d) x11 0x9b41292a
core   0: 0x80002b2e (0xf3b8e113) ori     sp, a7, -197
core   0: 3 0x80002b2e (0xf3b8e113) x 2 0xffffff7f
core   0: 0x80002b32 (0x00000001) c.nop
core   0: 3 0x80002b32 (0x0001)
core   0: 0x80002b34 (0x41c203b3) sub     t2, tp, t3
core   0: 3 0x80002b34 (0x41c203b3) x 7 0x00007180
core   0: 0x80002b38 (0x20964e93) xori    t4, a2, 521
core   0: 3 0x80002b38 (0x20964e93) x29 0x01420cac
core   0: 0x80002b3c (0x00008669) c.srai  a2, 26
core   0: 3 0x80002b3c (0x8669) x12 0x00000000
core   0: 0x80002b3e (0x00009d36) c.add   s10, a3
core   0: 3 0x80002b3e (0x9d36) x26 0xfc094c38
core   0: 0x80002b40 (0x00f39fb3) sll     t6, t2, a5
core   0: 3 0x80002b40 (0x00f39fb3) x31 0x00007180
core   0: 0x80002b44 (0x0265b2b3) mulhu   t0, a1, t1
core   0: 3 0x80002b44 (0x0265b2b3) x 5 0x00000270
core   0: 0x80002b48 (0x00008de2) c.mv    s11, s8
core   0: 3 0x80002b48 (0x8de2) x27 0x00000000
core   0: 0x80002b4a (0x00008a11) c.andi  a2, 4
core   0: 3 0x80002b4a (0x8a11) x12 0x00000000
core   0: 0x80002b4c (0x01406933) or      s2, zero, s4
core   0: 3 0x80002b4c (0x01406933) x18 0x00000001
core   0: 0x80002b50 (0x00005b7d) c.li    s6, -1
core   0: 3 0x80002b50 (0x5b7d) x22 0xffffffff
core   0: 0x80002b52 (0x0362bfb3) mulhu   t6, t0, s6
core   0: 3 0x80002b52 (0x0362bfb3) x31 0x0000026f
core   0: 0x80002b56 (0x04a3d063) bge     t2, a0, pc + 64
core   0: 3 0x80002b56 (0x04a3d063)
core   0: 0x80002b5a (0x000050fd) c.li    ra, -1
core   0: 3 0x80002b5a (0x50fd) x 1 0xffffffff
core   0: 0x80002b5c (0x00367233) and     tp, a2, gp
core   0: 3 0x80002b5c (0x00367233) x 4 0x00000000
core   0: 0x80002b60 (0x02ae6963) bltu    t3, a0, pc + 50
core   0: 3 0x80002b60 (0x02ae6963)
core   0: 0x80002b64 (0x01ef9b33) sll     s6, t6, t5
core   0: 3 0x80002b64 (0x01ef9b33) x22 0x0000026f
core   0: 0x80002b68 (0x0000100f) fence.i
core   0: 3 0x80002b68 (0x0000100f)
core   0: 0x80002b6c (0x00ed4cb3) xor     s9, s10, a4
core   0: 3 0x80002b6c (0x00ed4cb3) x25 0x1088fc28
core   0: 0x80002b70 (0x012b81b3) add     gp, s7, s2
core   0: 3 0x80002b70 (0x012b81b3) x 3 0x00000002
core   0: 0x80002b74 (0x0000eb91) c.bnez  a5, pc + 20
core   0: 3 0x80002b74 (0xeb91)
core   0: 0x80002b88 (0x00008dd5) c.or    a1, a3
core   0: 3 0x80002b88 (0x8dd5) x11 0xff496d3a
core   0: 0x80002b8a (0x01a19093) slli    ra, gp, 26
core   0: 3 0x80002b8a (0x01a19093) x 1 0x08000000
core   0: 0x80002b8e (0x0283dc33) divu    s8, t2, s0
core   0: 3 0x80002b8e (0x0283dc33) x24 0x00000000
core   0: 0x80002b92 (0x0ff0000f) fence   iorw,iorw
core   0: 3 0x80002b92 (0x0ff0000f)
core   0: 0x80002b96 (0x06726e13) ori     t3, tp, 103
core   0: 3 0x80002b96 (0x06726e13) x28 0x00000067
core   0: 0x80002b9a (0x00b2f533) and     a0, t0, a1
core   0: 3 0x80002b9a (0x00b2f533) x10 0x00000030
core   0: 0x80002b9e (0x00bc0f63) beq     s8, a1, pc + 30
core   0: 3 0x80002b9e (0x00bc0f63)
core   0: 0x80002ba2 (0xe550c817) auipc   a6, 0xe550c
core   0: 3 0x80002ba2 (0xe550c817) x16 0x6550eba2
core   0: 0x80002ba6 (0x2e52a093) slti    ra, t0, 741
core   0: 3 0x80002ba6 (0x2e52a093) x 1 0x00000001
core   0: 0x80002baa (0x03597a33) remu    s4, s2, s5
core   0: 3 0x80002baa (0x03597a33) x20 0x00000001
core   0: 0x80002bae (0x0000885a) c.mv    a6, s6
core   0: 3 0x80002bae (0x885a) x16 0x0000026f
core   0: 0x80002bb0 (0x41e6d493) srai    s1, a3, 30
core   0: 3 0x80002bb0 (0x41e6d493) x 9 0xffffffff
core   0: 0x80002bb4 (0x00001dfd) c.addi  s11, -1
core   0: 3 0x80002bb4 (0x1dfd) x27 0xffffffff
core   0: 0x80002bb6 (0x00009262) c.add   tp, s8
core   0: 3 0x80002bb6 (0x9262) x 4 0x00000000
core   0: 0x80002bb8 (0x0000071c) c.addi4spn a5, sp, 896
core   0: 3 0x80002bb8 (0x071c) x15 0x000002ff
core   0: 0x80002bba (0x0000987d) c.andi  s0, -1
core   0: 3 0x80002bba (0x987d) x 8 0xffffde3d
core   0: 0x80002bbc (0x038f17b3) mulh    a5, t5, s8
core   0: 3 0x80002bbc (0x038f17b3) x15 0x00000000
core   0: 0x80002bc0 (0x0000597d) c.li    s2, -1
core   0: 3 0x80002bc0 (0x597d) x18 0xffffffff
core   0: 0x80002bc2 (0x00000001) c.nop
core   0: 3 0x80002bc2 (0x0001)
core   0: 0x80002bc4 (0x01058a33) add     s4, a1, a6
core   0: 3 0x80002bc4 (0x01058a33) x20 0xff496fa9
core   0: 0x80002bc8 (0x03e107b3) mul     a5, sp, t5
core   0: 3 0x80002bc8 (0x03e107b3) x15 0x00000000
core   0: 0x80002bcc (0x0098fc33) and     s8, a7, s1
core   0: 3 0x80002bcc (0x0098fc33) x24 0x80026e64
core   0: 0x80002bd0 (0x00008d91) c.sub   a1, a2
core   0: 3 0x80002bd0 (0x8d91) x11 0xff496d3a
core   0: 0x80002bd2 (0x006e8863) beq     t4, t1, pc + 16
core   0: 3 0x80002bd2 (0x006e8863)
core   0: 0x80002bd6 (0x00862733) slt     a4, a2, s0
core   0: 3 0x80002bd6 (0x00862733) x14 0x00000000
core   0: 0x80002bda (0x02c89cb3) mulh    s9, a7, a2
core   0: 3 0x80002bda (0x02c89cb3) x25 0x00000000
core   0: 0x80002bde (0x00000001) c.nop
core   0: 3 0x80002bde (0x0001)
core   0: 0x80002be0 (0x00008621) c.srai  a2, 8
core   0: 3 0x80002be0 (0x8621) x12 0x00000000
core   0: 0x80002be2 (0x0000ec91) c.bnez  s1, pc + 28
core   0: 3 0x80002be2 (0xec91)
core   0: 0x80002bfe (0x00006129) c.addi16sp sp, 192
core   0: 3 0x80002bfe (0x6129) x 2 0x0000003f
core   0: 0x80002c00 (0xd1b1e193) ori     gp, gp, -741
core   0: 3 0x80002c00 (0xd1b1e193) x 3 0xfffffd1b
core   0: 0x80002c04 (0x01cd40b3) xor     ra, s10, t3
core   0: 3 0x80002c04 (0x01cd40b3) x 1 0xfc094c5f
core   0: 0x80002c08 (0x88f5ec93) ori     s9, a1, -1905
core   0: 3 0x80002c08 (0x88f5ec93) x25 0xfffffdbf
core   0: 0x80002c0c (0xb08f6993) ori     s3, t5, -1272
core   0: 3 0x80002c0c (0xb08f6993) x19 0xfffffb08
core   0: 0x80002c10 (0x83b19597) auipc   a1, 0x83b19
core   0: 3 0x80002c10 (0x83b19597) x11 0x03b1bc10
core   0: 0x80002c14 (0x02198933) mul     s2, s3, ra
core   0: 3 0x80002c14 (0x02198933) x18 0xb1cc87f8
core   0: 0x80002c18 (0x03e7c4b3) div     s1, a5, t5
core   0: 3 0x80002c18 (0x03e7c4b3) x 9 0xffffffff
core   0: 0x80002c1c (0x03285363) bge     a6, s2, pc + 38
core   0: 3 0x80002c1c (0x03285363)
core   0: 0x80002c42 (0x00008cc2) c.mv    s9, a6
core   0: 3 0x80002c42 (0x8cc2) x25 0x0000026f
core   0: 0x80002c44 (0x00008fc1) c.or    a5, s0
core   0: 3 0x80002c44 (0x8fc1) x15 0xffffde3d
core   0: 0x80002c46 (0x01987bb3) and     s7, a6, s9
core   0: 3 0x80002c46 (0x01987bb3) x23 0x0000026f
core   0: 0x80002c4a (0x000088bd) c.andi  s1, 15
core   0: 3 0x80002c4a (0x88bd) x 9 0x0000000f
core   0: 0x80002c4c (0x00a25033) srl     zero, tp, a0
core   0: 3 0x80002c4c (0x00a25033)
core   0: 0x80002c50 (0x00008c6e) c.mv    s8, s11
core   0: 3 0x80002c50 (0x8c6e) x24 0xffffffff
core   0: 0x80002c52 (0x41cb59b3) sra     s3, s6, t3
core   0: 3 0x80002c52 (0x41cb59b3) x19 0x00000004
core   0: 0x80002c56 (0x00000c72) c.slli  s8, 28
core   0: 3 0x80002c56 (0x0c72) x24 0xf0000000
core   0: 0x80002c58 (0x039a0a63) beq     s4, s9, pc + 52
core   0: 3 0x80002c58 (0x039a0a63)
core   0: 0x80002c5c (0x000098fd) c.andi  s1, -1
core   0: 3 0x80002c5c (0x98fd) x 9 0x0000000f
core   0: 0x80002c5e (0x00008b7e) c.mv    s6, t6
core   0: 3 0x80002c5e (0x8b7e) x22 0x0000026f
core   0: 0x80002c60 (0x01de5c93) srli    s9, t3, 29
core   0: 3 0x80002c60 (0x01de5c93) x25 0x00000000
core   0: 0x80002c64 (0x0100ceb3) xor     t4, ra, a6
core   0: 3 0x80002c64 (0x0100ceb3) x29 0xfc094e30
core   0: 0x80002c68 (0x0392edb3) rem     s11, t0, s9
core   0: 3 0x80002c68 (0x0392edb3) x27 0x00000270
core   0: 0x80002c6c (0x7067a793) slti    a5, a5, 1798
core   0: 3 0x80002c6c (0x7067a793) x15 0x00000001
core   0: 0x80002c70 (0x00001a0c) c.addi4spn a1, sp, 304
core   0: 3 0x80002c70 (0x1a0c) x11 0x0000016f
core   0: 0x80002c72 (0x027fe933) rem     s2, t6, t2
core   0: 3 0x80002c72 (0x027fe933) x18 0x0000026f
core   0: 0x80002c76 (0x988b6637) lui     a2, 0x988b6
core   0: 3 0x80002c76 (0x988b6637) x12 0x988b6000
core   0: 0x80002c7a (0x013182b3) add     t0, gp, s3
core   0: 3 0x80002c7a (0x013182b3) x 5 0xfffffd1f
core   0: 0x80002c7e (0x035b40b3) div     ra, s6, s5
core   0: 3 0x80002c7e (0x035b40b3) x 1 0x00000000
core   0: 0x80002c82 (0x0049dbb3) srl     s7, s3, tp
core   0: 3 0x80002c82 (0x0049dbb3) x23 0x00000004
core   0: 0x80002c86 (0x0ff0000f) fence   iorw,iorw
core   0: 3 0x80002c86 (0x0ff0000f)
core   0: 0x80002c8a (0x0000644d) c.lui   s0, 0x13
core   0: 3 0x80002c8a (0x644d) x 8 0x00013000
core   0: 0x80002c8c (0x000009dd) c.addi  s3, 23
core   0: 3 0x80002c8c (0x09dd) x19 0x0000001b
core   0: 0x80002c8e (0x014ce033) or      zero, s9, s4
core   0: 3 0x80002c8e (0x014ce033)
core   0: 0x80002c92 (0xfdbbce13) xori    t3, s7, -37
core   0: 3 0x80002c92 (0xfdbbce13) x28 0xffffffdf
core   0: 0x80002c96 (0x012201b3) add     gp, tp, s2
core   0: 3 0x80002c96 (0x012201b3) x 3 0x0000026f
core   0: 0x80002c9a (0x0175e4b3) or      s1, a1, s7
core   0: 3 0x80002c9a (0x0175e4b3) x 9 0x0000016f
core   0: 0x80002c9e (0x95923f13) sltiu   t5, tp, -1703
core   0: 3 0x80002c9e (0x95923f13) x30 0x00000001
core   0: 0x80002ca2 (0x00008d25) c.xor   a0, s1
core   0: 3 0x80002ca2 (0x8d25) x10 0x0000015f
core   0: 0x80002ca4 (0x00001c7d) c.addi  s8, -1
core   0: 3 0x80002ca4 (0x1c7d) x24 0xefffffff
core   0: 0x80002ca6 (0x00000b8d) c.addi  s7, 3
core   0: 3 0x80002ca6 (0x0b8d) x23 0x00000007
core   0: 0x80002ca8 (0x031f3e33) mulhu   t3, t5, a7
core   0: 3 0x80002ca8 (0x031f3e33) x28 0x00000000
core   0: 0x80002cac (0x02bd99b3) mulh    s3, s11, a1
core   0: 3 0x80002cac (0x02bd99b3) x19 0x00000000
core   0: 0x80002cb0 (0xff6e3513) sltiu   a0, t3, -10
core   0: 3 0x80002cb0 (0xff6e3513) x10 0x00000001
core   0: 0x80002cb4 (0x030ac9b3) div     s3, s5, a6
core   0: 3 0x80002cb4 (0x030ac9b3) x19 0xffcb683e
core   0: 0x80002cb8 (0x011f1993) slli    s3, t5, 17
core   0: 3 0x80002cb8 (0x011f1993) x19 0x00020000
core   0: 0x80002cbc (0x0000997d) c.andi  a0, -1
core   0: 3 0x80002cbc (0x997d) x10 0x00000001
core   0: 0x80002cbe (0x0000100f) fence.i
core   0: 3 0x80002cbe (0x0000100f)
core   0: 0x80002cc2 (0x022ecf33) div     t5, t4, sp
core   0: 3 0x80002cc2 (0x022ecf33) x30 0xffefe4cc
core   0: 0x80002cc6 (0x00008405) c.srai  s0, 1
core   0: 3 0x80002cc6 (0x8405) x 8 0x00009800
core   0: 0x80002cc8 (0x00839b63) bne     t2, s0, pc + 22
core   0: 3 0x80002cc8 (0x00839b63)
core   0: 0x80002cde (0x02a42a33) mulhsu  s4, s0, a0
core   0: 3 0x80002cde (0x02a42a33) x20 0x00000000
core   0: 0x80002ce2 (0x02c80433) mul     s0, a6, a2
core   0: 3 0x80002ce2 (0x02c80433) x 8 0x3b2ea000
core   0: 0x80002ce6 (0x43ea7113) andi    sp, s4, 1086
core   0: 3 0x80002ce6 (0x43ea7113) x 2 0x00000000
core   0: 0x80002cea (0x0000443d) c.li    s0, 15
core   0: 3 0x80002cea (0x443d) x 8 0x0000000f
core   0: 0x80002cec (0x00c25013) srli    zero, tp, 12
core   0: 3 0x80002cec (0x00c25013)
core   0: 0x80002cf0 (0xfced2013) slti    zero, s10, -50
core   0: 3 0x80002cf0 (0xfced2013)
core   0: 0x80002cf4 (0x000069bd) c.lui   s3, 0xf
core   0: 3 0x80002cf4 (0x69bd) x19 0x0000f000
core   0: 0x80002cf6 (0x008311b3) sll     gp, t1, s0
core   0: 3 0x80002cf6 (0x008311b3) x 3 0x02030000
core   0: 0x80002cfa (0x00008d51) c.or    a0, a2
core   0: 3 0x80002cfa (0x8d51) x10 0x988b6001
core   0: 0x80002cfc (0x02bab1b3) mulhu   gp, s5, a1
core   0: 3 0x80002cfc (0x02bab1b3) x 3 0x000000b7
core   0: 0x80002d00 (0x0000cb1d) c.beqz  a4, pc + 54
core   0: 3 0x80002d00 (0xcb1d)
core   0: 0x80002d36 (0x01605913) srli    s2, zero, 22
core   0: 3 0x80002d36 (0x01605913) x18 0x00000000
core   0: 0x80002d3a (0x03c48c33) mul     s8, s1, t3
core   0: 3 0x80002d3a (0x03c48c33) x24 0x00000000
core   0: 0x80002d3e (0x0000100f) fence.i
core   0: 3 0x80002d3e (0x0000100f)
core   0: 0x80002d42 (0x036d91b3) mulh    gp, s11, s6
core   0: 3 0x80002d42 (0x036d91b3) x 3 0x00000000
core   0: 0x80002d46 (0x0000cd0d) c.beqz  a0, pc + 58
core   0: 3 0x80002d46 (0xcd0d)
core   0: 0x80002d48 (0x00584cb3) xor     s9, a6, t0
core   0: 3 0x80002d48 (0x00584cb3) x25 0xffffff70
core   0: 0x80002d4c (0x01c2df93) srli    t6, t0, 28
core   0: 3 0x80002d4c (0x01c2df93) x31 0x0000000f
core   0: 0x80002d50 (0x00006211) c.lui   tp, 0x4
core   0: 3 0x80002d50 (0x6211) x 4 0x00004000
core   0: 0x80002d52 (0x0ff0000f) fence   iorw,iorw
core   0: 3 0x80002d52 (0x0ff0000f)
core   0: 0x80002d56 (0xdbbc4213) xori    tp, s8, -581
core   0: 3 0x80002d56 (0xdbbc4213) x 4 0xfffffdbb
core   0: 0x80002d5a (0x00330133) add     sp, t1, gp
core   0: 3 0x80002d5a (0x00330133) x 2 0x00000406
core   0: 0x80002d5e (0x00565133) srl     sp, a2, t0
core   0: 3 0x80002d5e (0x00565133) x 2 0x00000001
core   0: 0x80002d62 (0x416c5413) srai    s0, s8, 22
core   0: 3 0x80002d62 (0x416c5413) x 8 0x00000000
core   0: 0x80002d66 (0x00000001) c.nop
core   0: 3 0x80002d66 (0x0001)
core   0: 0x80002d68 (0x0000e20d) c.bnez  a2, pc + 34
core   0: 3 0x80002d68 (0xe20d)
core   0: 0x80002d8a (0x771b6d93) ori     s11, s6, 1905
core   0: 3 0x80002d8a (0x771b6d93) x27 0x0000077f
core   0: 0x80002d8e (0x041b6563) bltu    s6, ra, pc + 74
core   0: 3 0x80002d8e (0x041b6563)
core   0: 0x80002d92 (0x00004879) c.li    a6, 30
core   0: 3 0x80002d92 (0x4879) x16 0x0000001e
core   0: 0x80002d94 (0x01b09433) sll     s0, ra, s11
core   0: 3 0x80002d94 (0x01b09433) x 8 0x00000000
core   0: 0x80002d98 (0xb188a993) slti    s3, a7, -1256
core   0: 3 0x80002d98 (0xb188a993) x19 0x00000001
core   0: 0x80002d9c (0x00f58e63) beq     a1, a5, pc + 28
core   0: 3 0x80002d9c (0x00f58e63)
core   0: 0x80002da0 (0x020e9533) mulh    a0, t4, zero
core   0: 3 0x80002da0 (0x020e9533) x10 0x00000000
core   0: 0x80002da4 (0x41545713) srai    a4, s0, 21
core   0: 3 0x80002da4 (0x41545713) x14 0x00000000
core   0: 0x80002da8 (0x40918a33) sub     s4, gp, s1
core   0: 3 0x80002da8 (0x40918a33) x20 0xfffffe91
core   0: 0x80002dac (0x9f1a8013) addi    zero, s5, -1551
core   0: 3 0x80002dac (0x9f1a8013)
core   0: 0x80002db0 (0x010de233) or      tp, s11, a6
core   0: 3 0x80002db0 (0x010de233) x 4 0x0000077f
core   0: 0x80002db4 (0x03e2a1b3) mulhsu  gp, t0, t5
core   0: 3 0x80002db4 (0x03e2a1b3) x 3 0xfffffd1f
core   0: 0x80002db8 (0x40c25493) srai    s1, tp, 12
core   0: 3 0x80002db8 (0x40c25493) x 9 0x00000000
core   0: 0x80002dbc (0x980e6313) ori     t1, t3, -1664
core   0: 3 0x80002dbc (0x980e6313) x 6 0xfffff980
core   0: 0x80002dc0 (0x42c8b793) sltiu   a5, a7, 1068
core   0: 3 0x80002dc0 (0x42c8b793) x15 0x00000000
core   0: 0x80002dc4 (0x0015e7b3) or      a5, a1, ra
core   0: 3 0x80002dc4 (0x0015e7b3) x15 0x0000016f
core   0: 0x80002dc8 (0x00008dd9) c.or    a1, a4
core   0: 3 0x80002dc8 (0x8dd9) x11 0x0000016f
core   0: 0x80002dca (0x000001b2) c.slli  gp, 12
core   0: 3 0x80002dca (0x01b2) x 3 0xffd1f000
core   0: 0x80002dcc (0x00951c33) sll     s8, a0, s1
core   0: 3 0x80002dcc (0x00951c33) x24 0x00000000
core   0: 0x80002dd0 (0x008f9e13) slli    t3, t6, 8
core   0: 3 0x80002dd0 (0x008f9e13) x28 0x00000f00
core   0: 0x80002dd4 (0x00849e13) slli    t3, s1, 8
core   0: 3 0x80002dd4 (0x00849e13) x28 0x00000000
core   0: 0x80002dd8 (0x039b7863) bgeu    s6, s9, pc + 48
core   0: 3 0x80002dd8 (0x039b7863)
core   0: 0x80002ddc (0x0000ef11) c.bnez  a4, pc + 28
core   0: 3 0x80002ddc (0xef11)
core   0: 0x80002dde (0x00fa5993) srli    s3, s4, 15
core   0: 3 0x80002dde (0x00fa5993) x19 0x0001ffff
core   0: 0x80002de2 (0x00008a52) c.mv    s4, s4
core   0: 3 0x80002de2 (0x8a52) x20 0xfffffe91
core   0: 0x80002de4 (0x01ff42b3) xor     t0, t5, t6
core   0: 3 0x80002de4 (0x01ff42b3) x 5 0xffefe4c3
core   0: 0x80002de8 (0x0000100f) fence.i
core   0: 3 0x80002de8 (0x0000100f)
core   0: 0x80002dec (0x00000001) c.nop
core   0: 3 0x80002dec (0x0001)
core   0: 0x80002dee (0x005674b3) and     s1, a2, t0
core   0: 3 0x80002dee (0x005674b3) x 9 0x988b6000
core   0: 0x80002df2 (0x0000021e) c.slli  tp, 7
core   0: 3 0x80002df2 (0x021e) x 4 0x0003bf80
core   0: 0x80002df4 (0x01731f33) sll     t5, t1, s7
core   0: 3 0x80002df4 (0x01731f33) x30 0xfffcc000
core   0: 0x80002df8 (0x00f39bb3) sll     s7, t2, a5
core   0: 3 0x80002df8 (0x00f39bb3) x23 0x38c00000
core   0: 0x80002dfc (0x00000e4a) c.slli  t3, 18
core   0: 3 0x80002dfc (0x0e4a) x28 0x00000000
core   0: 0x80002dfe (0x01a90f63) beq     s2, s10, pc + 30
core   0: 3 0x80002dfe (0x01a90f63)
core   0: 0x80002e02 (0x0000717d) c.addi16sp sp, -16
core   0: 3 0x80002e02 (0x717d) x 2 0xfffffff1
core   0: 0x80002e04 (0x419f5f93) srai    t6, t5, 25
core   0: 3 0x80002e04 (0x419f5f93) x31 0xffffffff
core   0: 0x80002e08 (0x91424a13) xori    s4, tp, -1772
core   0: 3 0x80002e08 (0x91424a13) x20 0xfffc4694
core   0: 0x80002e0c (0x00009dca) c.add   s11, s2
core   0: 3 0x80002e0c (0x9dca) x27 0x0000077f
core   0: 0x80002e0e (0x0000eb9d) c.bnez  a5, pc + 54
core   0: 3 0x80002e0e (0xeb9d)
core   0: 0x80002e44 (0x007d9093) slli    ra, s11, 7
core   0: 3 0x80002e44 (0x007d9093) x 1 0x0003bf80
core   0: 0x80002e48 (0x00008d85) c.sub   a1, s1
core   0: 3 0x80002e48 (0x8d85) x11 0x6774a16f
core   0: 0x80002e4a (0x0000832e) c.mv    t1, a1
core   0: 3 0x80002e4a (0x832e) x 6 0x6774a16f
core   0: 0x80002e4c (0x00008e09) c.sub   a2, a0
core   0: 3 0x80002e4c (0x8e09) x12 0x988b6000
core   0: 0x80002e4e (0xf8a54b97) auipc   s7, 0xf8a54
core   0: 3 0x80002e4e (0xf8a54b97) x23 0x78a56e4e
core   0: 0x80002e52 (0x05de1017) auipc   zero, 0x5de1
core   0: 3 0x80002e52 (0x05de1017)
core   0: 0x80002e56 (0x02665a63) bge     a2, t1, pc + 52
core   0: 3 0x80002e56 (0x02665a63)
core   0: 0x80002e5a (0x03767033) remu    zero, a2, s7
core   0: 3 0x80002e5a (0x03767033)
core   0: 0x80002e5e (0x00008d09) c.sub   a0, a0
core   0: 3 0x80002e5e (0x8d09) x10 0x00000000
core   0: 0x80002e60 (0x0050b5b3) sltu    a1, ra, t0
core   0: 3 0x80002e60 (0x0050b5b3) x11 0x00000001
core   0: 0x80002e64 (0x00008336) c.mv    t1, a3
core   0: 3 0x80002e64 (0x8336) x 6 0xfc094c38
core   0: 0x80002e66 (0x010a9563) bne     s5, a6, pc + 10
core   0: 3 0x80002e66 (0x010a9563)
core   0: 0x80002e70 (0x81f28097) auipc   ra, 0x81f28
core   0: 3 0x80002e70 (0x81f28097) x 1 0x01f2ae70
core   0: 0x80002e74 (0x00000811) c.addi  a6, 4
core   0: 3 0x80002e74 (0x0811) x16 0x00000022
core   0: 0x80002e76 (0x006a1d93) slli    s11, s4, 6
core   0: 3 0x80002e76 (0x006a1d93) x27 0xff11a500
core   0: 0x80002e7a (0x009ac333) xor     t1, s5, s1
core   0: 3 0x80002e7a (0x009ac333) x 6 0x1889cce4
core   0: 0x80002e7e (0x0063d813) srli    a6, t2, 6
core   0: 3 0x80002e7e (0x0063d813) x16 0x000001c6
core   0: 0x80002e82 (0x002ae833) or      a6, s5, sp
core   0: 3 0x80002e82 (0x002ae833) x16 0xfffffff5
core   0: 0x80002e86 (0x0336f9b3) remu    s3, a3, s3
core   0: 3 0x80002e86 (0x0336f9b3) x19 0x0001ca3c
core   0: 0x80002e8a (0x00fd0463) beq     s10, a5, pc + 8
core   0: 3 0x80002e8a (0x00fd0463)
core   0: 0x80002e8e (0x03271733) mulh    a4, a4, s2
core   0: 3 0x80002e8e (0x03271733) x14 0x00000000
core   0: 0x80002e92 (0x02776cb3) rem     s9, a4, t2
core   0: 3 0x80002e92 (0x02776cb3) x25 0x00000000
core   0: 0x80002e96 (0x0154cc63) blt     s1, s5, pc + 24
core   0: 3 0x80002e96 (0x0154cc63)
core   0: 0x80002e9a (0x00005ffd) c.li    t6, -1
core   0: 3 0x80002e9a (0x5ffd) x31 0xffffffff
core   0: 0x80002e9c (0x02677233) remu    tp, a4, t1
core   0: 3 0x80002e9c (0x02677233) x 4 0x00000000
core   0: 0x80002ea0 (0x00008fbd) c.xor   a5, a5
core   0: 3 0x80002ea0 (0x8fbd) x15 0x00000000
core   0: 0x80002ea2 (0x0000100f) fence.i
core   0: 3 0x80002ea2 (0x0000100f)
core   0: 0x80002ea6 (0x0000100f) fence.i
core   0: 3 0x80002ea6 (0x0000100f)
core   0: 0x80002eaa (0x021e5563) bge     t3, ra, pc + 42
core   0: 3 0x80002eaa (0x021e5563)
core   0: 0x80002eae (0x02707663) bgeu    zero, t2, pc + 44
core   0: 3 0x80002eae (0x02707663)
core   0: 0x80002eb2 (0x02c339b3) mulhu   s3, t1, a2
core   0: 3 0x80002eb2 (0x02c339b3) x19 0x0e9f2dad
core   0: 0x80002eb6 (0x03b47763) bgeu    s0, s11, pc + 46
core   0: 3 0x80002eb6 (0x03b47763)
core   0: 0x80002eba (0x03d50a33) mul     s4, a0, t4
core   0: 3 0x80002eba (0x03d50a33) x20 0x00000000
core   0: 0x80002ebe (0x0000c989) c.beqz  a1, pc + 18
core   0: 3 0x80002ebe (0xc989)
core   0: 0x80002ec0 (0x00000d99) c.addi  s11, 6
core   0: 3 0x80002ec0 (0x0d99) x27 0xff11a506
core   0: 0x80002ec2 (0x035653b3) divu    t2, a2, s5
core   0: 3 0x80002ec2 (0x035653b3) x 7 0x00000001
core   0: 0x80002ec6 (0xba9afc93) andi    s9, s5, -1111
core   0: 3 0x80002ec6 (0xba9afc93) x25 0x8002a8a0
core   0: 0x80002eca (0x038cf663) bgeu    s9, s8, pc + 44
core   0: 3 0x80002eca (0x038cf663)
core   0: 0x80002ef6 (0x0379f963) bgeu    s3, s7, pc + 50
core   0: 3 0x80002ef6 (0x0379f963)
core   0: 0x80002efa (0x0000cb0d) c.beqz  a4, pc + 50
core   0: 3 0x80002efa (0xcb0d)
core   0: 0x80002f2c (0x01406eb3) or      t4, zero, s4
core   0: 3 0x80002f2c (0x01406eb3) x29 0x00000000
core   0: 0x80002f30 (0x02601763) bne     zero, t1, pc + 46
core   0: 3 0x80002f30 (0x02601763)
core   0: 0x80002f5e (0x0000c79d) c.beqz  a5, pc + 46
core   0: 3 0x80002f5e (0xc79d)
core   0: 0x80002f8c (0x02148633) mul     a2, s1, ra
core   0: 3 0x80002f8c (0x02148633) x12 0x383a0000
core   0: 0x80002f90 (0x0001af97) auipc   t6, 0x1a
core   0: 3 0x80002f90 (0x0001af97) x31 0x8001cf90
core   0: 0x80002f94 (0xe31f8f93) addi    t6, t6, -463
core   0: 3 0x80002f94 (0xe31f8f93) x31 0x8001cdc1
core   0: 0x80002f98 (0xf74f8103) lb      sp, -140(t6)
core   0: 3 0x80002f98 (0xf74f8103) x 2 0xffffffee mem 0x8001cd35
core   0: 0x80002f9c (0xf74fca03) lbu     s4, -140(t6)
core   0: 3 0x80002f9c (0xf74fca03) x20 0x000000ee mem 0x8001cd35
core   0: 0x80002fa0 (0x03ef8303) lb      t1, 62(t6)
core   0: 3 0x80002fa0 (0x03ef8303) x 6 0xffffffb4 mem 0x8001cdff
core   0: 0x80002fa4 (0xfe4f8283) lb      t0, -28(t6)
core   0: 3 0x80002fa4 (0xfe4f8283) x 5 0x0000005e mem 0x8001cda5
core   0: 0x80002fa8 (0x0dffaf03) lw      t5, 223(t6)
core   0: 3 0x80002fa8 (0x0dffaf03) x30 0x58595a5b mem 0x8001cea0
core   0: 0x80002fac (0x0dffa783) lw      a5, 223(t6)
core   0: 3 0x80002fac (0x0dffa783) x15 0x58595a5b mem 0x8001cea0
core   0: 0x80002fb0 (0x00005b7d) c.li    s6, -1
core   0: 3 0x80002fb0 (0x5b7d) x22 0xffffffff
core   0: 0x80002fb2 (0xfb6fcf03) lbu     t5, -74(t6)
core   0: 3 0x80002fb2 (0xfb6fcf03) x30 0x0000002c mem 0x8001cd77
core   0: 0x80002fb6 (0xfb6fcd03) lbu     s10, -74(t6)
core   0: 3 0x80002fb6 (0xfb6fcd03) x26 0x0000002c mem 0x8001cd77
core   0: 0x80002fba (0xf84f8f23) sb      tp, -98(t6)
core   0: 3 0x80002fba (0xf84f8f23) mem 0x8001cd5f 0x0
core   0: 0x80002fbe (0x073fa283) lw      t0, 115(t6)
core   0: 3 0x80002fbe (0x073fa283) x 5 0xecedeeef mem 0x8001ce34
core   0: 0x80002fc2 (0x03df9903) lh      s2, 61(t6)
core   0: 3 0x80002fc2 (0x03df9903) x18 0xffffb4b5 mem 0x8001cdfe
core   0: 0x80002fc6 (0x03df9ea3) sh      t4, 61(t6)
core   0: 3 0x80002fc6 (0x03df9ea3) mem 0x8001cdfe 0x0000
core   0: 0x80002fca (0x00ae27b3) slt     a5, t3, a0
core   0: 3 0x80002fca (0x00ae27b3) x15 0x00000000
core   0: 0x80002fce (0x03df8983) lb      s3, 61(t6)
core   0: 3 0x80002fce (0x03df8983) x19 0x00000000 mem 0x8001cdfe
core   0: 0x80002fd2 (0x03df8003) lb      zero, 61(t6)
core   0: 3 0x80002fd2 (0x03df8003) mem 0x8001cdfe
core   0: 0x80002fd6 (0x03dfce83) lbu     t4, 61(t6)
core   0: 3 0x80002fd6 (0x03dfce83) x29 0x00000000 mem 0x8001cdfe
core   0: 0x80002fda (0x03df9d83) lh      s11, 61(t6)
core   0: 3 0x80002fda (0x03df9d83) x27 0x00000000 mem 0x8001cdfe
core   0: 0x80002fde (0x00006f69) c.lui   t5, 0x1a
core   0: 3 0x80002fde (0x6f69) x30 0x0001a000
core   0: 0x80002fe0 (0xf4df8e83) lb      t4, -179(t6)
core   0: 3 0x80002fe0 (0xf4df8e83) x29 0xffffffc5 mem 0x8001cd0e
core   0: 0x80002fe4 (0x00004669) c.li    a2, 26
core   0: 3 0x80002fe4 (0x4669) x12 0x0000001a
core   0: 0x80002fe6 (0x03ff9603) lh      a2, 63(t6)
core   0: 3 0x80002fe6 (0x03ff9603) x12 0xffffbabb mem 0x8001ce00
core   0: 0x80002fea (0x0245f933) remu    s2, a1, tp
core   0: 3 0x80002fea (0x0245f933) x18 0x00000001
core   0: 0x80002fee (0x03ff8403) lb      s0, 63(t6)
core   0: 3 0x80002fee (0x03ff8403) x 8 0xffffffbb mem 0x8001ce00
core   0: 0x80002ff2 (0x0ff0000f) fence   iorw,iorw
core   0: 3 0x80002ff2 (0x0ff0000f)
core   0: 0x80002ff6 (0x03efafa3) sw      t5, 63(t6)
core   0: 3 0x80002ff6 (0x03efafa3) mem 0x8001ce00 0x0001a000
core   0: 0x80002ffa (0x00008392) c.mv    t2, tp
core   0: 3 0x80002ffa (0x8392) x 7 0x00000000
core   0: 0x80002ffc (0x02db3533) mulhu   a0, s6, a3
core   0: 3 0x80002ffc (0x02db3533) x10 0xfc094c37
core   0: 0x80003000 (0x40ecdb13) srai    s6, s9, 14
core   0: 3 0x80003000 (0x40ecdb13) x22 0xfffe000a
core   0: 0x80003004 (0x1dcccb93) xori    s7, s9, 476
core   0: 3 0x80003004 (0x1dcccb93) x23 0x8002a97c
core   0: 0x80003008 (0x0165fbb3) and     s7, a1, s6
core   0: 3 0x80003008 (0x0165fbb3) x23 0x00000000
core   0: 0x8000300c (0x03c577b3) remu    a5, a0, t3
core   0: 3 0x8000300c (0x03c577b3) x15 0xfc094c37
core   0: 0x80003010 (0x000050fd) c.li    ra, -1
core   0: 3 0x80003010 (0x50fd) x 1 0xffffffff
core   0: 0x80003012 (0x025e4333) div     t1, t3, t0
core   0: 3 0x80003012 (0x025e4333) x 6 0x00000000
core   0: 0x80003016 (0x00008cf9) c.and   s1, a4
core   0: 3 0x80003016 (0x8cf9) x 9 0x00000000
core   0: 0x80003018 (0x00010197) auipc   gp, 0x10
core   0: 3 0x80003018 (0x00010197) x 3 0x80013018
core   0: 0x8000301c (0xc4618193) addi    gp, gp, -954
core   0: 3 0x8000301c (0xc4618193) x 3 0x80012c5e
core   0: 0x80003020 (0xff018803) lb      a6, -16(gp)
core   0: 3 0x80003020 (0xff018803) x16 0x00000005 mem 0x80012c4e
core   0: 0x80003024 (0x00013617) auipc   a2, 0x13
core   0: 3 0x80003024 (0x00013617) x12 0x80016024
core   0: 0x80003028 (0x24e60613) addi    a2, a2, 590
core   0: 3 0x80003028 (0x24e60613) x12 0x80016272
core   0: 0x8000302c (0x00014c97) auipc   s9, 0x14
core   0: 3 0x8000302c (0x00014c97) x25 0x8001702c
core   0: 0x80003030 (0x44ec8c93) addi    s9, s9, 1102
core   0: 3 0x80003030 (0x44ec8c93) x25 0x8001747a
core   0: 0x80003034 (0x002ca203) lw      tp, 2(s9)
core   0: 3 0x80003034 (0x002ca203) x 4 0x34353637 mem 0x8001747c
core   0: 0x80003038 (0xff91cd03) lbu     s10, -7(gp)
core   0: 3 0x80003038 (0xff91cd03) x26 0x0000000c mem 0x80012c57
core   0: 0x8000303c (0xfe060aa3) sb      zero, -11(a2)
core   0: 3 0x8000303c (0xfe060aa3) mem 0x80016267 0x0
core   0: 0x80003040 (0xff662103) lw      sp, -10(a2)
core   0: 3 0x80003040 (0xff662103) x 2 0x20212223 mem 0x80016268
core   0: 0x80003044 (0xff8c81a3) sb      s8, -29(s9)
core   0: 3 0x80003044 (0xff8c81a3) mem 0x8001745d 0x0
core   0: 0x80003048 (0x00918d03) lb      s10, 9(gp)
core   0: 3 0x80003048 (0x00918d03) x26 0x0000001c mem 0x80012c67
core   0: 0x8000304c (0xfdfc8383) lb      t2, -33(s9)
core   0: 3 0x8000304c (0xfdfc8383) x 7 0x00000012 mem 0x80017459
core   0: 0x80003050 (0xfceca483) lw      s1, -50(s9)
core   0: 3 0x80003050 (0xfceca483) x 9 0x00010203 mem 0x80017448
core   0: 0x80003054 (0xff119c23) sh      a7, -8(gp)
core   0: 3 0x80003054 (0xff119c23) mem 0x80012c56 0x6e64
core   0: 0x80003058 (0xfed18ca3) sb      a3, -7(gp)
core   0: 3 0x80003058 (0xfed18ca3) mem 0x80012c57 0x38
core   0: 0x8000305c (0x016c9083) lh      ra, 22(s9)
core   0: 3 0x8000305c (0x016c9083) x 1 0x00004a4b mem 0x80017490
core   0: 0x80003060 (0x00b1c283) lbu     t0, 11(gp)
core   0: 3 0x80003060 (0x00b1c283) x 5 0x00000022 mem 0x80012c69
core   0: 0x80003064 (0x00e60d03) lb      s10, 14(a2)
core   0: 3 0x80003064 (0x00e60d03) x26 0x0000003b mem 0x80016280
core   0: 0x80003068 (0x00f18c03) lb      s8, 15(gp)
core   0: 3 0x80003068 (0x00f18c03) x24 0x00000026 mem 0x80012c6d
core   0: 0x8000306c (0x03bc8f83) lb      t6, 59(s9)
core   0: 3 0x8000306c (0x03bc8f83) x31 0x0000006e mem 0x800174b5
core   0: 0x80003070 (0x00a61f83) lh      t6, 10(a2)
core   0: 3 0x80003070 (0x00a61f83) x31 0x00003637 mem 0x8001627c
core   0: 0x80003074 (0xfe0c9083) lh      ra, -32(s9)
core   0: 3 0x80003074 (0xfe0c9083) x 1 0x00001011 mem 0x8001745a
core   0: 0x80003078 (0xfe860da3) sb      s0, -5(a2)
core   0: 3 0x80003078 (0xfe860da3) mem 0x8001626d 0xbb
core   0: 0x8000307c (0xff7cc583) lbu     a1, -9(s9)
core   0: 3 0x8000307c (0xff7cc583) x11 0x0000002a mem 0x80017471
core   0: 0x80003080 (0x025c8283) lb      t0, 37(s9)
core   0: 3 0x80003080 (0x025c8283) x 5 0x00000054 mem 0x8001749f
core   0: 0x80003084 (0x018dc233) xor     tp, s11, s8
core   0: 3 0x80003084 (0x018dc233) x 4 0x00000026
core   0: 0x80003088 (0x3986c593) xori    a1, a3, 920
core   0: 3 0x80003088 (0x3986c593) x11 0xfc094fa0
core   0: 0x8000308c (0x008d1663) bne     s10, s0, pc + 12
core   0: 3 0x8000308c (0x008d1663)
core   0: 0x80003098 (0x00009146) c.add   sp, a7
core   0: 3 0x80003098 (0x9146) x 2 0xa0239087
core   0: 0x8000309a (0x011411b3) sll     gp, s0, a7
core   0: 3 0x8000309a (0x011411b3) x 3 0xfffffbb0
core   0: 0x8000309e (0x017ac433) xor     s0, s5, s7
core   0: 3 0x8000309e (0x017ac433) x 8 0x8002ace4
core   0: 0x800030a2 (0x03157cb3) remu    s9, a0, a7
core   0: 3 0x800030a2 (0x03157cb3) x25 0x7c06ddd3
core   0: 0x800030a6 (0x00008c5d) c.or    s0, a5
core   0: 3 0x800030a6 (0x8c5d) x 8 0xfc0becf7
core   0: 0x800030a8 (0x00009e06) c.add   t3, ra
core   0: 3 0x800030a8 (0x9e06) x28 0x00001011
core   0: 0x800030aa (0x03620363) beq     tp, s6, pc + 38
core   0: 3 0x800030aa (0x03620363)
core   0: 0x800030ae (0x01d0c1b3) xor     gp, ra, t4
core   0: 3 0x800030ae (0x01d0c1b3) x 3 0xffffefd4
core   0: 0x800030b2 (0x0ff0000f) fence   iorw,iorw
core   0: 3 0x800030b2 (0x0ff0000f)
core   0: 0x800030b6 (0x00008f89) c.sub   a5, a0
core   0: 3 0x800030b6 (0x8f89) x15 0x00000000
core   0: 0x800030b8 (0x000098fd) c.andi  s1, -1
core   0: 3 0x800030b8 (0x98fd) x 9 0x00010203
core   0: 0x800030ba (0x00008f5d) c.or    a4, a5
core   0: 3 0x800030ba (0x8f5d) x14 0x00000000
core   0: 0x800030bc (0x314c3f93) sltiu   t6, s8, 788
core   0: 3 0x800030bc (0x314c3f93) x31 0x00000001
core   0: 0x800030c0 (0x0225fb33) remu    s6, a1, sp
core   0: 3 0x800030c0 (0x0225fb33) x22 0x5be5bf19
core   0: 0x800030c4 (0x0102ccb3) xor     s9, t0, a6
core   0: 3 0x800030c4 (0x0102ccb3) x25 0x00000051
core   0: 0x800030c8 (0x00c6fa63) bgeu    a3, a2, pc + 20
core   0: 3 0x800030c8 (0x00c6fa63)
core   0: 0x800030dc (0x038d9633) mulh    a2, s11, s8
core   0: 3 0x800030dc (0x038d9633) x12 0x00000000
core   0: 0x800030e0 (0x412ffd93) andi    s11, t6, 1042
core   0: 3 0x800030e0 (0x412ffd93) x27 0x00000000
core   0: 0x800030e4 (0x00008f41) c.or    a4, s0
core   0: 3 0x800030e4 (0x8f41) x14 0xfc0becf7
core   0: 0x800030e6 (0x0304a2b3) mulhsu  t0, s1, a6
core   0: 3 0x800030e6 (0x0304a2b3) x 5 0x00000000
core   0: 0x800030ea (0x52f00713) li      a4, 1327
core   0: 3 0x800030ea (0x52f00713) x14 0x0000052f
core   0: 0x800030ee (0x00000001) c.nop
core   0: 3 0x800030ee (0x0001)
core   0: 0x800030f0 (0x00008f51) c.or    a4, a2
core   0: 3 0x800030f0 (0x8f51) x14 0x0000052f
core   0: 0x800030f2 (0x4175dbb3) sra     s7, a1, s7
core   0: 3 0x800030f2 (0x4175dbb3) x23 0xfc094fa0
core   0: 0x800030f6 (0x00008d85) c.sub   a1, s1
core   0: 3 0x800030f6 (0x8d85) x11 0xfc084d9d
core   0: 0x800030f8 (0x0000c399) c.beqz  a5, pc + 6
core   0: 3 0x800030f8 (0xc399)
core   0: 0x800030fe (0x00000001) c.nop
core   0: 3 0x800030fe (0x0001)
core   0: 0x80003100 (0x01da53b3) srl     t2, s4, t4
core   0: 3 0x80003100 (0x01da53b3) x 7 0x00000007
core   0: 0x80003104 (0x00008e01) c.sub   a2, s0
core   0: 3 0x80003104 (0x8e01) x12 0x03f41309
core   0: 0x80003106 (0x03bf9e63) bne     t6, s11, pc + 60
core   0: 3 0x80003106 (0x03bf9e63)
core   0: 0x80003142 (0x41fedc13) srai    s8, t4, 31
core   0: 3 0x80003142 (0x41fedc13) x24 0xffffffff
core   0: 0x80003146 (0x00008fad) c.xor   a5, a1
core   0: 3 0x80003146 (0x8fad) x15 0xfc084d9d
core   0: 0x80003148 (0x00000105) c.addi  sp, 1
core   0: 3 0x80003148 (0x0105) x 2 0xa0239088
core   0: 0x8000314a (0x03680763) beq     a6, s6, pc + 46
core   0: 3 0x8000314a (0x03680763)
core   0: 0x8000314e (0xf6b20093) addi    ra, tp, -149
core   0: 3 0x8000314e (0xf6b20093) x 1 0xffffff91
core   0: 0x80003152 (0x00000001) c.nop
core   0: 3 0x80003152 (0x0001)
core   0: 0x80003154 (0x014d8f63) beq     s11, s4, pc + 30
core   0: 3 0x80003154 (0x014d8f63)
core   0: 0x80003158 (0x00008525) c.srai  a0, 9
core   0: 3 0x80003158 (0x8525) x10 0xfffe04a6
core   0: 0x8000315a (0x00008f19) c.sub   a4, a4
core   0: 3 0x8000315a (0x8f19) x14 0x00000000
core   0: 0x8000315c (0x014ad813) srli    a6, s5, 20
core   0: 3 0x8000315c (0x014ad813) x16 0x00000800
core   0: 0x80003160 (0x00008d55) c.or    a0, a3
core   0: 3 0x80003160 (0x8d55) x10 0xffff4cbe
core   0: 0x80003162 (0x40a7d013) srai    zero, a5, 10
core   0: 3 0x80003162 (0x40a7d013)
core   0: 0x80003166 (0x3a5ea937) lui     s2, 0x3a5ea
core   0: 3 0x80003166 (0x3a5ea937) x18 0x3a5ea000
core   0: 0x8000316a (0x002d10b3) sll     ra, s10, sp
core   0: 3 0x8000316a (0x002d10b3) x 1 0x00003b00
core   0: 0x8000316e (0x0281deb3) divu    t4, gp, s0
core   0: 3 0x8000316e (0x0281deb3) x29 0x00000001
core   0: 0x80003172 (0x015be863) bltu    s7, s5, pc + 16
core   0: 3 0x80003172 (0x015be863)
core   0: 0x80003176 (0x00005bfd) c.li    s7, -1
core   0: 3 0x80003176 (0x5bfd) x23 0xffffffff
core   0: 0x80003178 (0x00000d4a) c.slli  s10, 18
core   0: 3 0x80003178 (0x0d4a) x26 0x00ec0000
core   0: 0x8000317a (0x00001e7d) c.addi  t3, -1
core   0: 3 0x8000317a (0x1e7d) x28 0x00001010
core   0: 0x8000317c (0x03be6033) rem     zero, t3, s11
core   0: 3 0x8000317c (0x03be6033)
core   0: 0x80003180 (0x00008d7d) c.and   a0, a5
core   0: 3 0x80003180 (0x8d7d) x10 0xfc084c9c
core   0: 0x80003182 (0x01365a63) bge     a2, s3, pc + 20
core   0: 3 0x80003182 (0x01365a63)
core   0: 0x80003196 (0x03c454b3) divu    s1, s0, t3
core   0: 3 0x80003196 (0x03c454b3) x 9 0x000fb10d
core   0: 0x8000319a (0x03308d63) beq     ra, s3, pc + 58
core   0: 3 0x8000319a (0x03308d63)
core   0: 0x8000319e (0x3052e193) ori     gp, t0, 773
core   0: 3 0x8000319e (0x3052e193) x 3 0x00000305
core   0: 0x800031a2 (0x0ff0000f) fence   iorw,iorw
core   0: 3 0x800031a2 (0x0ff0000f)
core   0: 0x800031a6 (0x03c4d3b3) divu    t2, s1, t3
core   0: 3 0x800031a6 (0x03c4d3b3) x 7 0x000000fa
core   0: 0x800031aa (0x4fe63e13) sltiu   t3, a2, 1278
core   0: 3 0x800031aa (0x4fe63e13) x28 0x00000000
core   0: 0x800031ae (0x4b85b393) sltiu   t2, a1, 1208
core   0: 3 0x800031ae (0x4b85b393) x 7 0x00000000
core   0: 0x800031b2 (0x00499333) sll     t1, s3, tp
core   0: 3 0x800031b2 (0x00499333) x 6 0x00000000
core   0: 0x800031b6 (0x0344cf33) div     t5, s1, s4
core   0: 3 0x800031b6 (0x0344cf33) x30 0x000010e0
core   0: 0x800031ba (0x0fc0c563) blt     ra, t3, pc + 234
core   0: 3 0x800031ba (0x0fc0c563)
core   0: 0x800031be (0x00005f7d) c.li    t5, -1
core   0: 3 0x800031be (0x5f7d) x30 0xffffffff
core   0: 0x800031c0 (0x016b6a33) or      s4, s6, s6
core   0: 3 0x800031c0 (0x016b6a33) x20 0x5be5bf19
core   0: 0x800031c4 (0x01baadb3) slt     s11, s5, s11
core   0: 3 0x800031c4 (0x01baadb3) x27 0x00000001
core   0: 0x800031c8 (0x00b01c13) slli    s8, zero, 11
core   0: 3 0x800031c8 (0x00b01c13) x24 0x00000000
core   0: 0x800031cc (0x03062db3) mulhsu  s11, a2, a6
core   0: 3 0x800031cc (0x03062db3) x27 0x0000001f
core   0: 0x800031d0 (0x01c195b3) sll     a1, gp, t3
core   0: 3 0x800031d0 (0x01c195b3) x11 0x00000305
core   0: 0x800031d4 (0x01f8a3b3) slt     t2, a7, t6
core   0: 3 0x800031d4 (0x01f8a3b3) x 7 0x00000001
core   0: 0x800031d8 (0x4059d1b3) sra     gp, s3, t0
core   0: 3 0x800031d8 (0x4059d1b3) x 3 0x00000000
core   0: 0x800031dc (0x00008cf2) c.mv    s9, t3
core   0: 3 0x800031dc (0x8cf2) x25 0x00000000
core   0: 0x800031de (0x0000f117) auipc   sp, 0xf
core   0: 3 0x800031de (0x0000f117) x 2 0x800121de
core   0: 0x800031e2 (0x1a510113) addi    sp, sp, 421
core   0: 3 0x800031e2 (0x1a510113) x 2 0x80012383
core   0: 0x800031e6 (0xffe14583) lbu     a1, -2(sp)
core   0: 3 0x800031e6 (0xffe14583) x11 0x0000003a mem 0x80012381
core   0: 0x800031ea (0xffb15a03) lhu     s4, -5(sp)
core   0: 3 0x800031ea (0xffb15a03) x20 0x00003435 mem 0x8001237e
core   0: 0x800031ee (0x00314003) lbu     zero, 3(sp)
core   0: 3 0x800031ee (0x00314003) mem 0x80012386
core   0: 0x800031f2 (0x0128b0b3) sltu    ra, a7, s2
core   0: 3 0x800031f2 (0x0128b0b3) x 1 0x00000000
core   0: 0x800031f6 (0x00111c83) lh      s9, 1(sp)
core   0: 3 0x800031f6 (0x00111c83) x25 0x00003e3f mem 0x80012384
core   0: 0x800031fa (0x031dd7b3) divu    a5, s11, a7
core   0: 3 0x800031fa (0x031dd7b3) x15 0x00000000
core   0: 0x800031fe (0x00008c39) c.xor   s0, a4
core   0: 3 0x800031fe (0x8c39) x 8 0xfc0becf7
core   0: 0x80003200 (0x0ff0000f) fence   iorw,iorw
core   0: 3 0x80003200 (0x0ff0000f)
core   0: 0x80003204 (0x00a14403) lbu     s0, 10(sp)
core   0: 3 0x80003204 (0x00a14403) x 8 0x00000046 mem 0x8001238d
core   0: 0x80003208 (0x00009bfd) c.andi  a5, -1
core   0: 3 0x80003208 (0x9bfd) x15 0x00000000
core   0: 0x8000320a (0x00014f83) lbu     t6, 0(sp)
core   0: 3 0x8000320a (0x00014f83) x31 0x00000038 mem 0x80012383
core   0: 0x8000320e (0xff214c03) lbu     s8, -14(sp)
core   0: 3 0x8000320e (0xff214c03) x24 0x0000002e mem 0x80012375
core   0: 0x80003212 (0x000085f1) c.srai  a1, 28
core   0: 3 0x80003212 (0x85f1) x11 0x00000000
core   0: 0x80003214 (0xff410503) lb      a0, -12(sp)
core   0: 3 0x80003214 (0xff410503) x10 0x0000002c mem 0x80012377
core   0: 0x80003218 (0x011b5513) srli    a0, s6, 17
core   0: 3 0x80003218 (0x011b5513) x10 0x00002df2
core   0: 0x8000321c (0x00008c25) c.xor   s0, s1
core   0: 3 0x8000321c (0x8c25) x 8 0x000fb14b
core   0: 0x8000321e (0x00000001) c.nop
core   0: 3 0x8000321e (0x0001)
core   0: 0x80003220 (0x0000100f) fence.i
core   0: 3 0x80003220 (0x0000100f)
core   0: 0x80003224 (0x00008d6d) c.and   a0, a1
core   0: 3 0x80003224 (0x8d6d) x10 0x00000000
core   0: 0x80003226 (0x00f10223) sb      a5, 4(sp)
core   0: 3 0x80003226 (0x00f10223) mem 0x80012387 0x0
core   0: 0x8000322a (0x00008231) c.srli  a2, 12
core   0: 3 0x8000322a (0x8231) x12 0x00003f41
core   0: 0x8000322c (0x01c10123) sb      t3, 2(sp)
core   0: 3 0x8000322c (0x01c10123) mem 0x80012385 0x0
core   0: 0x80003230 (0x00000001) c.nop
core   0: 3 0x80003230 (0x0001)
core   0: 0x80003232 (0xfe1128a3) sw      ra, -15(sp)
core   0: 3 0x80003232 (0xfe1128a3) mem 0x80012374 0x00000000
core   0: 0x80003236 (0x40b8d833) sra     a6, a7, a1
core   0: 3 0x80003236 (0x40b8d833) x16 0x80026e64
core   0: 0x8000323a (0xcc1ec713) xori    a4, t4, -831
core   0: 3 0x8000323a (0xcc1ec713) x14 0xfffffcc0
core   0: 0x8000323e (0x00810783) lb      a5, 8(sp)
core   0: 3 0x8000323e (0x00810783) x15 0x00000040 mem 0x8001238b
core   0: 0x80003242 (0x00110123) sb      ra, 2(sp)
core   0: 3 0x80003242 (0x00110123) mem 0x80012385 0x0
core   0: 0x80003246 (0x00e14083) lbu     ra, 14(sp)
core   0: 3 0x80003246 (0x00e14083) x 1 0x0000004a mem 0x80012391
core   0: 0x8000324a (0x00214983) lbu     s3, 2(sp)
core   0: 3 0x8000324a (0x00214983) x19 0x00000000 mem 0x80012385
core   0: 0x8000324e (0xff314203) lbu     tp, -13(sp)
core   0: 3 0x8000324e (0xff314203) x 4 0x00000000 mem 0x80012376
core   0: 0x80003252 (0x00008c55) c.or    s0, a3
core   0: 3 0x80003252 (0x8c55) x 8 0xfc0ffd7b
core   0: 0x80003254 (0x00000001) c.nop
core   0: 3 0x80003254 (0x0001)
core   0: 0x80003256 (0xfff10aa3) sb      t6, -11(sp)
core   0: 3 0x80003256 (0xfff10aa3) mem 0x80012378 0x38
core   0: 0x8000325a (0x00f15c03) lhu     s8, 15(sp)
core   0: 3 0x8000325a (0x00f15c03) x24 0x00004849 mem 0x80012392
core   0: 0x8000325e (0x037e4fb3) div     t6, t3, s7
core   0: 3 0x8000325e (0x037e4fb3) x31 0x00000000
core   0: 0x80003262 (0x0325b533) mulhu   a0, a1, s2
core   0: 3 0x80003262 (0x0325b533) x10 0x00000000
core   0: 0x80003266 (0x01310423) sb      s3, 8(sp)
core   0: 3 0x80003266 (0x01310423) mem 0x8001238b 0x0
core   0: 0x8000326a (0x0331ce33) div     t3, gp, s3
core   0: 3 0x8000326a (0x0331ce33) x28 0xffffffff
core   0: 0x8000326e (0x01ff22b3) slt     t0, t5, t6
core   0: 3 0x8000326e (0x01ff22b3) x 5 0x00000001
core   0: 0x80003272 (0x00210903) lb      s2, 2(sp)
core   0: 3 0x80003272 (0x00210903) x18 0x00000000 mem 0x80012385
core   0: 0x80003276 (0xff914e83) lbu     t4, -7(sp)
core   0: 3 0x80003276 (0xff914e83) x29 0x00000037 mem 0x8001237c
core   0: 0x8000327a (0x00014983) lbu     s3, 0(sp)
core   0: 3 0x8000327a (0x00014983) x19 0x00000038 mem 0x80012383
core   0: 0x8000327e (0xffa14b83) lbu     s7, -6(sp)
core   0: 3 0x8000327e (0xffa14b83) x23 0x00000036 mem 0x8001237d
core   0: 0x80003282 (0x00c10183) lb      gp, 12(sp)
core   0: 3 0x80003282 (0x00c10183) x 3 0x00000044 mem 0x8001238f
core   0: 0x80003286 (0x00d12d83) lw      s11, 13(sp)
core   0: 3 0x80003286 (0x00d12d83) x27 0x48494a4b mem 0x80012390
core   0: 0x8000328a (0x00315c83) lhu     s9, 3(sp)
core   0: 3 0x8000328a (0x00315c83) x25 0x0000003d mem 0x80012386
core   0: 0x8000328e (0x00008f6d) c.and   a4, a1
core   0: 3 0x8000328e (0x8f6d) x14 0x00000000
core   0: 0x80003290 (0x02107a63) bgeu    zero, ra, pc + 52
core   0: 3 0x80003290 (0x02107a63)
core   0: 0x80003294 (0x00001b08) c.addi4spn a0, sp, 432
core   0: 3 0x80003294 (0x1b08) x10 0x80012533
core   0: 0x80003296 (0x5289f813) andi    a6, s3, 1320
core   0: 3 0x80003296 (0x5289f813) x16 0x00000028
core   0: 0x8000329a (0x000087d2) c.mv    a5, s4
core   0: 3 0x8000329a (0x87d2) x15 0x00003435
core   0: 0x8000329c (0x00001cfd) c.addi  s9, -1
core   0: 3 0x8000329c (0x1cfd) x25 0x0000003c
core   0: 0x8000329e (0x00008ca5) c.xor   s1, s1
core   0: 3 0x8000329e (0x8ca5) x 9 0x00000000
core   0: 0x800032a0 (0x000060ad) c.lui   ra, 0xb
core   0: 3 0x800032a0 (0x60ad) x 1 0x0000b000
core   0: 0x800032a2 (0x00008215) c.srli  a2, 5
core   0: 3 0x800032a2 (0x8215) x12 0x000001fa
core   0: 0x800032a4 (0x41c000b3) sub     ra, zero, t3
core   0: 3 0x800032a4 (0x41c000b3) x 1 0x00000001
core   0: 0x800032a8 (0x01ab3933) sltu    s2, s6, s10
core   0: 3 0x800032a8 (0x01ab3933) x18 0x00000000
core   0: 0x800032ac (0x4116df33) sra     t5, a3, a7
core   0: 3 0x800032ac (0x4116df33) x30 0xffc094c3
core   0: 0x800032b0 (0x0000c39d) c.beqz  a5, pc + 38
core   0: 3 0x800032b0 (0xc39d)
core   0: 0x800032b2 (0x00008f3a) c.mv    t5, a4
core   0: 3 0x800032b2 (0x8f3a) x30 0x00000000
core   0: 0x800032b4 (0x000089a5) c.andi  a1, 9
core   0: 3 0x800032b4 (0x89a5) x11 0x00000000
core   0: 0x800032b6 (0x024e7063) bgeu    t3, tp, pc + 32
core   0: 3 0x800032b6 (0x024e7063)
core   0: 0x800032d6 (0x00996fb3) or      t6, s2, s1
core   0: 3 0x800032d6 (0x00996fb3) x31 0x00000000
core   0: 0x800032da (0x00008511) c.srai  a0, 4
core   0: 3 0x800032da (0x8511) x10 0xf8001253
core   0: 0x800032dc (0x017fcd63) blt     t6, s7, pc + 26
core   0: 3 0x800032dc (0x017fcd63)
core   0: 0x800032f6 (0x41255713) srai    a4, a0, 18
core   0: 3 0x800032f6 (0x41255713) x14 0xfffffe00
core   0: 0x800032fa (0x03c37e33) remu    t3, t1, t3
core   0: 3 0x800032fa (0x03c37e33) x28 0x00000000
core   0: 0x800032fe (0x0000827a) c.mv    tp, t5
core   0: 3 0x800032fe (0x827a) x 4 0x00000000
core   0: 0x80003300 (0x00008d01) c.sub   a0, s0
core   0: 3 0x80003300 (0x8d01) x10 0xfbf014d8
core   0: 0x80003302 (0x03136e63) bltu    t1, a7, pc + 60
core   0: 3 0x80003302 (0x03136e63)
core   0: 0x8000333e (0x0000835e) c.mv    t1, s7
core   0: 3 0x8000333e (0x835e) x 6 0x00000036
core   0: 0x80003340 (0x00008d19) c.sub   a0, a4
core   0: 3 0x80003340 (0x8d19) x10 0xfbf016d8
core   0: 0x80003342 (0x012b5733) srl     a4, s6, s2
core   0: 3 0x80003342 (0x012b5733) x14 0x5be5bf19
core   0: 0x80003346 (0x00008f8d) c.sub   a5, a1
core   0: 3 0x80003346 (0x8f8d) x15 0x00003435
core   0: 0x80003348 (0x00008d75) c.and   a0, a3
core   0: 3 0x80003348 (0x8d75) x10 0xf8000418
core   0: 0x8000334a (0x0000100f) fence.i
core   0: 3 0x8000334a (0x0000100f)
core   0: 0x8000334e (0x0ff0000f) fence   iorw,iorw
core   0: 3 0x8000334e (0x0ff0000f)
core   0: 0x80003352 (0xe28fc593) xori    a1, t6, -472
core   0: 3 0x80003352 (0xe28fc593) x11 0xfffffe28
core   0: 0x80003356 (0xb4864497) auipc   s1, 0xb4864
core   0: 3 0x80003356 (0xb4864497) x 9 0x34867356
core   0: 0x8000335a (0x00009ffa) c.add   t6, t5
core   0: 3 0x8000335a (0x9ffa) x31 0x00000000
core   0: 0x8000335c (0x0da91263) bne     s2, s10, pc + 196
core   0: 3 0x8000335c (0x0da91263)
core   0: 0x80003420 (0x02f6d663) bge     a3, a5, pc + 44
core   0: 3 0x80003420 (0x02f6d663)
core   0: 0x80003424 (0x00008ff5) c.and   a5, a3
core   0: 3 0x80003424 (0x8ff5) x15 0x00000430
core   0: 0x80003426 (0x02de1c33) mulh    s8, t3, a3
core   0: 3 0x80003426 (0x02de1c33) x24 0x00000000
core   0: 0x8000342a (0x0000717d) c.addi16sp sp, -16
core   0: 3 0x8000342a (0x717d) x 2 0x80012373
core   0: 0x8000342c (0x0000c785) c.beqz  a5, pc + 40
core   0: 3 0x8000342c (0xc785)
core   0: 0x8000342e (0x0ff0000f) fence   iorw,iorw
core   0: 3 0x8000342e (0x0ff0000f)
core   0: 0x80003432 (0x00008e7d) c.and   a2, a5
core   0: 3 0x80003432 (0x8e7d) x12 0x00000030
core   0: 0x80003434 (0x00008469) c.srai  s0, 26
core   0: 3 0x80003434 (0x8469) x 8 0xffffffff
core   0: 0x80003436 (0x00008e2d) c.xor   a2, a1
core   0: 3 0x80003436 (0x8e2d) x12 0xfffffe18
core   0: 0x80003438 (0xdcd79fb7) lui     t6, 0xdcd79
core   0: 3 0x80003438 (0xdcd79fb7) x31 0xdcd79000
core   0: 0x8000343c (0x41405b93) srai    s7, zero, 20
core   0: 3 0x8000343c (0x41405b93) x23 0x00000000
core   0: 0x80003440 (0x00008dbd) c.xor   a1, a5
core   0: 3 0x80003440 (0x8dbd) x11 0xfffffa18
core   0: 0x80003442 (0x01d50cb3) add     s9, a0, t4
core   0: 3 0x80003442 (0x01d50cb3) x25 0xf800044f
core   0: 0x80003446 (0x0000eb9d) c.bnez  a5, pc + 54
core   0: 3 0x80003446 (0xeb9d)
core   0: 0x8000347c (0x011a7d33) and     s10, s4, a7
core   0: 3 0x8000347c (0x011a7d33) x26 0x00002424
core   0: 0x80003480 (0xf81bbf13) sltiu   t5, s7, -127
core   0: 3 0x80003480 (0xf81bbf13) x30 0x00000001
core   0: 0x80003484 (0x00008a7d) c.andi  a2, 31
core   0: 3 0x80003484 (0x8a7d) x12 0x00000018
core   0: 0x80003486 (0x00008e21) c.xor   a2, s0
core   0: 3 0x80003486 (0x8e21) x12 0xffffffe7
core   0: 0x80003488 (0x03db4b33) div     s6, s6, t4
core   0: 3 0x80003488 (0x03db4b33) x22 0x01abbda8
core   0: 0x8000348c (0x407edbb3) sra     s7, t4, t2
core   0: 3 0x8000348c (0x407edbb3) x23 0x0000001b
core   0: 0x80003490 (0x0260f763) bgeu    ra, t1, pc + 46
core   0: 3 0x80003490 (0x0260f763)
core   0: 0x80003494 (0x00000001) c.nop
core   0: 3 0x80003494 (0x0001)
core   0: 0x80003496 (0x00005cfd) c.li    s9, -1
core   0: 3 0x80003496 (0x5cfd) x25 0xffffffff
core   0: 0x80003498 (0x002f7863) bgeu    t5, sp, pc + 16
core   0: 3 0x80003498 (0x002f7863)
core   0: 0x8000349c (0x00005c7d) c.li    s8, -1
core   0: 3 0x8000349c (0x5c7d) x24 0xffffffff
core   0: 0x8000349e (0x1d622113) slti    sp, tp, 470
core   0: 3 0x8000349e (0x1d622113) x 2 0x00000001
core   0: 0x800034a2 (0x0198bf33) sltu    t5, a7, s9
core   0: 3 0x800034a2 (0x0198bf33) x30 0x00000001
core   0: 0x800034a6 (0x00008c85) c.sub   s1, s1
core   0: 3 0x800034a6 (0x8c85) x 9 0x00000000
core   0: 0x800034a8 (0x02b9a7b3) mulhsu  a5, s3, a1
core   0: 3 0x800034a8 (0x02b9a7b3) x15 0x00000037
core   0: 0x800034ac (0x4086d813) srai    a6, a3, 8
core   0: 3 0x800034ac (0x4086d813) x16 0xfffc094c
core   0: 0x800034b0 (0x0000c89d) c.beqz  s1, pc + 54
core   0: 3 0x800034b0 (0xc89d)
core   0: 0x800034e6 (0xb47e3817) auipc   a6, 0xb47e3
core   0: 3 0x800034e6 (0xb47e3817) x16 0x347e64e6
core   0: 0x800034ea (0x40378f33) sub     t5, a5, gp
core   0: 3 0x800034ea (0x40378f33) x30 0xfffffff3
core   0: 0x800034ee (0x026c3033) mulhu   zero, s8, t1
core   0: 3 0x800034ee (0x026c3033)
core   0: 0x800034f2 (0x01f351b3) srl     gp, t1, t6
core   0: 3 0x800034f2 (0x01f351b3) x 3 0x00000036
core   0: 0x800034f6 (0x00008e69) c.and   a2, a0
core   0: 3 0x800034f6 (0x8e69) x12 0xf8000400
core   0: 0x800034f8 (0x54508b17) auipc   s6, 0x54508
core   0: 3 0x800034f8 (0x54508b17) x22 0xd450b4f8
core   0: 0x800034fc (0x00008d9d) c.sub   a1, a5
core   0: 3 0x800034fc (0x8d9d) x11 0xfffff9e1
core   0: 0x800034fe (0x116bd1b7) lui     gp, 0x116bd
core   0: 3 0x800034fe (0x116bd1b7) x 3 0x116bd000
core   0: 0x80003502 (0x0000e021) c.bnez  s0, pc + 64
core   0: 3 0x80003502 (0xe021)
core   0: 0x80003542 (0x00000001) c.nop
core   0: 3 0x80003542 (0x0001)
core   0: 0x80003544 (0xb8f80513) addi    a0, a6, -1137
core   0: 3 0x80003544 (0xb8f80513) x10 0x347e6075
core   0: 0x80003548 (0x00006cf1) c.lui   s9, 0x1c
core   0: 3 0x80003548 (0x6cf1) x25 0x0001c000
core   0: 0x8000354a (0x02778433) mul     s0, a5, t2
core   0: 3 0x8000354a (0x02778433) x 8 0x00000037
core   0: 0x8000354e (0x00008e7d) c.and   a2, a5
core   0: 3 0x8000354e (0x8e7d) x12 0x00000000
core   0: 0x80003550 (0x04086363) bltu    a6, zero, pc + 70
core   0: 3 0x80003550 (0x04086363)
core   0: 0x80003554 (0x0073f663) bgeu    t2, t2, pc + 12
core   0: 3 0x80003554 (0x0073f663)
core   0: 0x80003560 (0x013f5833) srl     a6, t5, s3
core   0: 3 0x80003560 (0x013f5833) x16 0x000000ff
core   0: 0x80003564 (0x00009622) c.add   a2, s0
core   0: 3 0x80003564 (0x9622) x12 0x00000037
core   0: 0x80003566 (0x0232b2b3) mulhu   t0, t0, gp
core   0: 3 0x80003566 (0x0232b2b3) x 5 0x00000000
core   0: 0x8000356a (0x00f76433) or      s0, a4, a5
core   0: 3 0x8000356a (0x00f76433) x 8 0x5be5bf3f
core   0: 0x8000356e (0x41f754b3) sra     s1, a4, t6
core   0: 3 0x8000356e (0x41f754b3) x 9 0x5be5bf19
core   0: 0x80003572 (0x02bd8fb3) mul     t6, s11, a1
core   0: 3 0x80003572 (0x02bd8fb3) x31 0x87623eeb
core   0: 0x80003576 (0x000080c2) c.mv    ra, a6
core   0: 3 0x80003576 (0x80c2) x 1 0x000000ff
core   0: 0x80003578 (0x00003c97) auipc   s9, 0x3
core   0: 3 0x80003578 (0x00003c97) x25 0x80006578
core   0: 0x8000357c (0x096c8c93) addi    s9, s9, 150
core   0: 3 0x8000357c (0x096c8c93) x25 0x8000660e
core   0: 0x80003580 (0x003e5193) srli    gp, t3, 3
core   0: 3 0x80003580 (0x003e5193) x 3 0x00000000
core   0: 0x80003584 (0x00008bce) c.mv    s7, s3
core   0: 3 0x80003584 (0x8bce) x23 0x00000038
core   0: 0x80003586 (0x036c8c93) addi    s9, s9, 54
core   0: 3 0x80003586 (0x036c8c93) x25 0x80006644
core   0: 0x8000358a (0x03b4c733) div     a4, s1, s11
core   0: 3 0x8000358a (0x03b4c733) x14 0x00000001
core   0: 0x8000358e (0xfcac80e7) jalr    ra, s9, -54
core   0: 3 0x8000358e (0xfcac80e7) x 1 0x80003592
core   0: 0x8000660e (0x00006b0d) c.lui   s6, 0x3
core   0: 3 0x8000660e (0x6b0d) x22 0x00003000
core   0: 0x80006610 (0x000018d1) c.addi  a7, -12
core   0: 3 0x80006610 (0x18d1) x17 0x80026e58
core   0: 0x80006612 (0x002d24b3) slt     s1, s10, sp
core   0: 3 0x80006612 (0x002d24b3) x 9 0x00000000
core   0: 0x80006616 (0x0018a223) sw      ra, 4(a7)
core   0: 3 0x80006616 (0x0018a223) mem 0x80026e5c 0x80003592
core   0: 0x8000661a (0x01d91e93) slli    t4, s2, 29
core   0: 3 0x8000661a (0x01d91e93) x29 0x00000000
core   0: 0x8000661e (0x00018997) auipc   s3, 0x18
core   0: 3 0x8000661e (0x00018997) x19 0x8001e61e
core   0: 0x80006622 (0x33298993) addi    s3, s3, 818
core   0: 3 0x80006622 (0x33298993) x19 0x8001e950
core   0: 0x80006626 (0xfdb9cb83) lbu     s7, -37(s3)
core   0: 3 0x80006626 (0xfdb9cb83) x23 0x000000e0 mem 0x8001e92b
core   0: 0x8000662a (0x00016517) auipc   a0, 0x16
core   0: 3 0x8000662a (0x00016517) x10 0x8001c62a
core   0: 0x8000662e (0x60150513) addi    a0, a0, 1537
core   0: 3 0x8000662e (0x60150513) x10 0x8001cc2b
core   0: 0x80006632 (0x00013397) auipc   t2, 0x13
core   0: 3 0x80006632 (0x00013397) x 7 0x80019632
core   0: 0x80006636 (0x24538393) addi    t2, t2, 581
core   0: 3 0x80006636 (0x24538393) x 7 0x80019877
core   0: 0x8000663a (0x00838803) lb      a6, 8(t2)
core   0: 3 0x8000663a (0x00838803) x16 0x00000034 mem 0x8001987f
core   0: 0x8000663e (0x0cf50c03) lb      s8, 207(a0)
core   0: 3 0x8000663e (0x0cf50c03) x24 0xffffffb1 mem 0x8001ccfa
core   0: 0x80006642 (0xfec39da3) sh      a2, -5(t2)
core   0: 3 0x80006642 (0xfec39da3) mem 0x80019872 0x0037
core   0: 0x80006646 (0x02838083) lb      ra, 40(t2)
core   0: 3 0x80006646 (0x02838083) x 1 0x00000054 mem 0x8001989f
core   0: 0x8000664a (0x00015d17) auipc   s10, 0x15
core   0: 3 0x8000664a (0x00015d17) x26 0x8001b64a
core   0: 0x8000664e (0xcd8d0d13) addi    s10, s10, -808
core   0: 3 0x8000664e (0xcd8d0d13) x26 0x8001b322
core   0: 0x80006652 (0xfb355583) lhu     a1, -77(a0)
core   0: 3 0x80006652 (0xfb355583) x11 0x00009495 mem 0x8001cbde
core   0: 0x80006656 (0xfc5d0803) lb      a6, -59(s10)
core   0: 3 0x80006656 (0xfc5d0803) x16 0xffffff9c mem 0x8001b2e7
core   0: 0x8000665a (0xfd03c903) lbu     s2, -48(t2)
core   0: 3 0x8000665a (0xfd03c903) x18 0x000000fc mem 0x80019847
core   0: 0x8000665e (0x03438b23) sb      s4, 54(t2)
core   0: 3 0x8000665e (0x03438b23) mem 0x800198ad 0x35
core   0: 0x80006662 (0xfc198523) sb      ra, -54(s3)
core   0: 3 0x80006662 (0xfc198523) mem 0x8001e91a 0x54
core   0: 0x80006666 (0xfc738223) sb      t2, -60(t2)
core   0: 3 0x80006666 (0xfc738223) mem 0x8001983b 0x77
core   0: 0x8000666a (0xfd2d0b83) lb      s7, -46(s10)
core   0: 3 0x8000666a (0xfd2d0b83) x23 0xffffffaf mem 0x8001b2f4
core   0: 0x8000666e (0xfca9cf03) lbu     t5, -54(s3)
core   0: 3 0x8000666e (0xfca9cf03) x30 0x00000054 mem 0x8001e91a
core   0: 0x80006672 (0xfced0903) lb      s2, -50(s10)
core   0: 3 0x80006672 (0xfced0903) x18 0xffffffab mem 0x8001b2f0
core   0: 0x80006676 (0xf8e54c83) lbu     s9, -114(a0)
core   0: 3 0x80006676 (0xf8e54c83) x25 0x00000072 mem 0x8001cbb9
core   0: 0x8000667a (0xff09a803) lw      a6, -16(s3)
core   0: 3 0x8000667a (0xff09a803) x16 0xf8f9fafb mem 0x8001e940
core   0: 0x8000667e (0x03750123) sb      s7, 34(a0)
core   0: 3 0x8000667e (0x03750123) mem 0x8001cc4d 0xaf
core   0: 0x80006682 (0x03d9cb83) lbu     s7, 61(s3)
core   0: 3 0x80006682 (0x03d9cb83) x23 0x00000046 mem 0x8001e98d
core   0: 0x80006686 (0xfe0d1403) lh      s0, -32(s10)
core   0: 3 0x80006686 (0xfe0d1403) x 8 0xffffb8b9 mem 0x8001b302
core   0: 0x8000668a (0x02638703) lb      a4, 38(t2)
core   0: 3 0x8000668a (0x02638703) x14 0x00000056 mem 0x8001989d
core   0: 0x8000668e (0x03139183) lh      gp, 49(t2)
core   0: 3 0x8000668e (0x03139183) x 3 0x00006263 mem 0x800198a8
core   0: 0x80006692 (0x02698ea3) sb      t1, 61(s3)
core   0: 3 0x80006692 (0x02698ea3) mem 0x8001e98d 0x36
core   0: 0x80006696 (0x01bd0da3) sb      s11, 27(s10)
core   0: 3 0x80006696 (0x01bd0da3) mem 0x8001b33d 0x4b
core   0: 0x8000669a (0x03c3c303) lbu     t1, 60(t2)
core   0: 3 0x8000669a (0x03c3c303) x 6 0x00000068 mem 0x800198b3
core   0: 0x8000669e (0xf3c515a3) sh      t3, -213(a0)
core   0: 3 0x8000669e (0xf3c515a3) mem 0x8001cb56 0x0000
core   0: 0x800066a2 (0xff698fa3) sb      s6, -1(s3)
core   0: 3 0x800066a2 (0xff698fa3) mem 0x8001e94f 0x0
core   0: 0x800066a6 (0x02054003) lbu     zero, 32(a0)
core   0: 3 0x800066a6 (0x02054003) mem 0x8001cc4b
core   0: 0x800066aa (0xfca9ce03) lbu     t3, -54(s3)
core   0: 3 0x800066aa (0xfca9ce03) x28 0x00000054 mem 0x8001e91a
core   0: 0x800066ae (0x089515a3) sh      s1, 139(a0)
core   0: 3 0x800066ae (0x089515a3) mem 0x8001ccb6 0x0000
core   0: 0x800066b2 (0xff700613) li      a2, -9
core   0: 3 0x800066b2 (0xff700613) x12 0xfffffff7
core   0: 0x800066b6 (0x00008b6d) c.andi  a4, 27
core   0: 3 0x800066b6 (0x8b6d) x14 0x00000012
core   0: 0x800066b8 (0x40238733) sub     a4, t2, sp
core   0: 3 0x800066b8 (0x40238733) x14 0x80019876
core   0: 0x800066bc (0x00000ff2) c.slli  t6, 28
core   0: 3 0x800066bc (0x0ff2) x31 0xb0000000
core   0: 0x800066be (0x00acc5b3) xor     a1, s9, a0
core   0: 3 0x800066be (0x00acc5b3) x11 0x8001cc59
core   0: 0x800066c2 (0x00000001) c.nop
core   0: 3 0x800066c2 (0x0001)
core   0: 0x800066c4 (0xab24a5b7) lui     a1, 0xab24a
core   0: 3 0x800066c4 (0xab24a5b7) x11 0xab24a000
core   0: 0x800066c8 (0x016752b3) srl     t0, a4, s6
core   0: 3 0x800066c8 (0x016752b3) x 5 0x80019876
core   0: 0x800066cc (0x00008c01) c.sub   s0, s0
core   0: 3 0x800066cc (0x8c01) x 8 0x00000000
core   0: 0x800066ce (0x0ff0000f) fence   iorw,iorw
core   0: 3 0x800066ce (0x0ff0000f)
core   0: 0x800066d2 (0x00008dd5) c.or    a1, a3
core   0: 3 0x800066d2 (0x8dd5) x11 0xff2dec38
core   0: 0x800066d4 (0x407c5b33) sra     s6, s8, t2
core   0: 3 0x800066d4 (0x407c5b33) x22 0xffffffff
core   0: 0x800066d8 (0x00000625) c.addi  a2, 9
core   0: 3 0x800066d8 (0x0625) x12 0x00000000
core   0: 0x800066da (0x1fc56c93) ori     s9, a0, 508
core   0: 3 0x800066da (0x1fc56c93) x25 0x8001cdff
core   0: 0x800066de (0x9931e293) ori     t0, gp, -1645
core   0: 3 0x800066de (0x9931e293) x 5 0xfffffbf3
core   0: 0x800066e2 (0x0ff0000f) fence   iorw,iorw
core   0: 3 0x800066e2 (0x0ff0000f)
core   0: 0x800066e6 (0x002ca9b3) slt     s3, s9, sp
core   0: 3 0x800066e6 (0x002ca9b3) x19 0x00000001
core   0: 0x800066ea (0x03bd9233) mulh    tp, s11, s11
core   0: 3 0x800066ea (0x03bd9233) x 4 0x14694ec5
core   0: 0x800066ee (0x00000d1c) c.addi4spn a5, sp, 656
core   0: 3 0x800066ee (0x0d1c) x15 0x00000291
core   0: 0x800066f0 (0x0000de71) c.beqz  a2, pc - 36
core   0: 3 0x800066f0 (0xde71)
core   0: 0x800066cc (0x00008c01) c.sub   s0, s0
core   0: 3 0x800066cc (0x8c01) x 8 0x00000000
core   0: 0x800066ce (0x0ff0000f) fence   iorw,iorw
core   0: 3 0x800066ce (0x0ff0000f)
core   0: 0x800066d2 (0x00008dd5) c.or    a1, a3
core   0: 3 0x800066d2 (0x8dd5) x11 0xff2dec38
core   0: 0x800066d4 (0x407c5b33) sra     s6, s8, t2
core   0: 3 0x800066d4 (0x407c5b33) x22 0xffffffff
core   0: 0x800066d8 (0x00000625) c.addi  a2, 9
core   0: 3 0x800066d8 (0x0625) x12 0x00000009
core   0: 0x800066da (0x1fc56c93) ori     s9, a0, 508
core   0: 3 0x800066da (0x1fc56c93) x25 0x8001cdff
core   0: 0x800066de (0x9931e293) ori     t0, gp, -1645
core   0: 3 0x800066de (0x9931e293) x 5 0xfffffbf3
core   0: 0x800066e2 (0x0ff0000f) fence   iorw,iorw
core   0: 3 0x800066e2 (0x0ff0000f)
core   0: 0x800066e6 (0x002ca9b3) slt     s3, s9, sp
core   0: 3 0x800066e6 (0x002ca9b3) x19 0x00000001
core   0: 0x800066ea (0x03bd9233) mulh    tp, s11, s11
core   0: 3 0x800066ea (0x03bd9233) x 4 0x14694ec5
core   0: 0x800066ee (0x00000d1c) c.addi4spn a5, sp, 656
core   0: 3 0x800066ee (0x0d1c) x15 0x00000291
core   0: 0x800066f0 (0x0000de71) c.beqz  a2, pc - 36
core   0: 3 0x800066f0 (0xde71)
core   0: 0x800066f2 (0x85b9be93) sltiu   t4, s3, -1957
core   0: 3 0x800066f2 (0x85b9be93) x29 0x00000001
core   0: 0x800066f6 (0x00400413) li      s0, 4
core   0: 3 0x800066f6 (0x00400413) x 8 0x00000004
core   0: 0x800066fa (0xfb72e813) ori     a6, t0, -73
core   0: 3 0x800066fa (0xfb72e813) x16 0xfffffff7
core   0: 0x800066fe (0x0ff0000f) fence   iorw,iorw
core   0: 3 0x800066fe (0x0ff0000f)
core   0: 0x80006702 (0xfed00593) li      a1, -19
core   0: 3 0x80006702 (0xfed00593) x11 0xffffffed
core   0: 0x80006706 (0x0ff0000f) fence   iorw,iorw
core   0: 3 0x80006706 (0x0ff0000f)
core   0: 0x8000670a (0x0000832e) c.mv    t1, a1
core   0: 3 0x8000670a (0x832e) x 6 0xffffffed
core   0: 0x8000670c (0x00001461) c.addi  s0, -8
core   0: 3 0x8000670c (0x1461) x 8 0xfffffffc
core   0: 0x8000670e (0xe5f2c497) auipc   s1, 0xe5f2c
core   0: 3 0x8000670e (0xe5f2c497) x 9 0x65f3270e
core   0: 0x80006712 (0x00008fed) c.and   a5, a1
core   0: 3 0x80006712 (0x8fed) x15 0x00000281
core   0: 0x80006714 (0xfff00613) li      a2, -1
core   0: 3 0x80006714 (0xfff00613) x12 0xffffffff
core   0: 0x80006718 (0x41d2de33) sra     t3, t0, t4
core   0: 3 0x80006718 (0x41d2de33) x28 0xfffffdf9
core   0: 0x8000671c (0x00000001) c.nop
core   0: 3 0x8000671c (0x0001)
core   0: 0x8000671e (0x4180d733) sra     a4, ra, s8
core   0: 3 0x8000671e (0x4180d733) x14 0x00000000
core   0: 0x80006722 (0x0000527d) c.li    tp, -1
core   0: 3 0x80006722 (0x527d) x 4 0xffffffff
core   0: 0x80006724 (0x01475113) srli    sp, a4, 20
core   0: 3 0x80006724 (0x01475113) x 2 0x00000000
core   0: 0x80006728 (0xc5f24d13) xori    s10, tp, -929
core   0: 3 0x80006728 (0xc5f24d13) x26 0x000003a0
core   0: 0x8000672c (0xdb234113) xori    sp, t1, -590
core   0: 3 0x8000672c (0xdb234113) x 2 0x0000025f
core   0: 0x80006730 (0x00000605) c.addi  a2, 1
core   0: 3 0x80006730 (0x0605) x12 0x00000000
core   0: 0x80006732 (0x00009bfd) c.andi  a5, -1
core   0: 3 0x80006732 (0x9bfd) x15 0x00000281
core   0: 0x80006734 (0x0000f67d) c.bnez  a2, pc - 18
core   0: 3 0x80006734 (0xf67d)
core   0: 0x80006736 (0x0000981a) c.add   a6, t1
core   0: 3 0x80006736 (0x981a) x16 0xffffffe4
core   0: 0x80006738 (0xfcb459e3) bge     s0, a1, pc - 46
core   0: 3 0x80006738 (0xfcb459e3)
core   0: 0x8000670a (0x0000832e) c.mv    t1, a1
core   0: 3 0x8000670a (0x832e) x 6 0xffffffed
core   0: 0x8000670c (0x00001461) c.addi  s0, -8
core   0: 3 0x8000670c (0x1461) x 8 0xfffffff4
core   0: 0x8000670e (0xe5f2c497) auipc   s1, 0xe5f2c
core   0: 3 0x8000670e (0xe5f2c497) x 9 0x65f3270e
core   0: 0x80006712 (0x00008fed) c.and   a5, a1
core   0: 3 0x80006712 (0x8fed) x15 0x00000281
core   0: 0x80006714 (0xfff00613) li      a2, -1
core   0: 3 0x80006714 (0xfff00613) x12 0xffffffff
core   0: 0x80006718 (0x41d2de33) sra     t3, t0, t4
core   0: 3 0x80006718 (0x41d2de33) x28 0xfffffdf9
core   0: 0x8000671c (0x00000001) c.nop
core   0: 3 0x8000671c (0x0001)
core   0: 0x8000671e (0x4180d733) sra     a4, ra, s8
core   0: 3 0x8000671e (0x4180d733) x14 0x00000000
core   0: 0x80006722 (0x0000527d) c.li    tp, -1
core   0: 3 0x80006722 (0x527d) x 4 0xffffffff
core   0: 0x80006724 (0x01475113) srli    sp, a4, 20
core   0: 3 0x80006724 (0x01475113) x 2 0x00000000
core   0: 0x80006728 (0xc5f24d13) xori    s10, tp, -929
core   0: 3 0x80006728 (0xc5f24d13) x26 0x000003a0
core   0: 0x8000672c (0xdb234113) xori    sp, t1, -590
core   0: 3 0x8000672c (0xdb234113) x 2 0x0000025f
core   0: 0x80006730 (0x00000605) c.addi  a2, 1
core   0: 3 0x80006730 (0x0605) x12 0x00000000
core   0: 0x80006732 (0x00009bfd) c.andi  a5, -1
core   0: 3 0x80006732 (0x9bfd) x15 0x00000281
core   0: 0x80006734 (0x0000f67d) c.bnez  a2, pc - 18
core   0: 3 0x80006734 (0xf67d)
core   0: 0x80006736 (0x0000981a) c.add   a6, t1
core   0: 3 0x80006736 (0x981a) x16 0xffffffd1
core   0: 0x80006738 (0xfcb459e3) bge     s0, a1, pc - 46
core   0: 3 0x80006738 (0xfcb459e3)
core   0: 0x8000670a (0x0000832e) c.mv    t1, a1
core   0: 3 0x8000670a (0x832e) x 6 0xffffffed
core   0: 0x8000670c (0x00001461) c.addi  s0, -8
core   0: 3 0x8000670c (0x1461) x 8 0xffffffec
core   0: 0x8000670e (0xe5f2c497) auipc   s1, 0xe5f2c
core   0: 3 0x8000670e (0xe5f2c497) x 9 0x65f3270e
core   0: 0x80006712 (0x00008fed) c.and   a5, a1
core   0: 3 0x80006712 (0x8fed) x15 0x00000281
core   0: 0x80006714 (0xfff00613) li      a2, -1
core   0: 3 0x80006714 (0xfff00613) x12 0xffffffff
core   0: 0x80006718 (0x41d2de33) sra     t3, t0, t4
core   0: 3 0x80006718 (0x41d2de33) x28 0xfffffdf9
core   0: 0x8000671c (0x00000001) c.nop
core   0: 3 0x8000671c (0x0001)
core   0: 0x8000671e (0x4180d733) sra     a4, ra, s8
core   0: 3 0x8000671e (0x4180d733) x14 0x00000000
core   0: 0x80006722 (0x0000527d) c.li    tp, -1
core   0: 3 0x80006722 (0x527d) x 4 0xffffffff
core   0: 0x80006724 (0x01475113) srli    sp, a4, 20
core   0: 3 0x80006724 (0x01475113) x 2 0x00000000
core   0: 0x80006728 (0xc5f24d13) xori    s10, tp, -929
core   0: 3 0x80006728 (0xc5f24d13) x26 0x000003a0
core   0: 0x8000672c (0xdb234113) xori    sp, t1, -590
core   0: 3 0x8000672c (0xdb234113) x 2 0x0000025f
core   0: 0x80006730 (0x00000605) c.addi  a2, 1
core   0: 3 0x80006730 (0x0605) x12 0x00000000
core   0: 0x80006732 (0x00009bfd) c.andi  a5, -1
core   0: 3 0x80006732 (0x9bfd) x15 0x00000281
core   0: 0x80006734 (0x0000f67d) c.bnez  a2, pc - 18
core   0: 3 0x80006734 (0xf67d)
core   0: 0x80006736 (0x0000981a) c.add   a6, t1
core   0: 3 0x80006736 (0x981a) x16 0xffffffbe
core   0: 0x80006738 (0xfcb459e3) bge     s0, a1, pc - 46
core   0: 3 0x80006738 (0xfcb459e3)
core   0: 0x8000673c (0x00006cb1) c.lui   s9, 0xc
core   0: 3 0x8000673c (0x6cb1) x25 0x0000c000
core   0: 0x8000673e (0x0000fd17) auipc   s10, 0xf
core   0: 3 0x8000673e (0x0000fd17) x26 0x8001573e
core   0: 0x80006742 (0x2dcd0d13) addi    s10, s10, 732
core   0: 3 0x80006742 (0x2dcd0d13) x26 0x80015a1a
core   0: 0x80006746 (0x0000b497) auipc   s1, 0xb
core   0: 3 0x80006746 (0x0000b497) x 9 0x80011746
core   0: 0x8000674a (0x7ba48493) addi    s1, s1, 1978
core   0: 3 0x8000674a (0x7ba48493) x 9 0x80011f00
core   0: 0x8000674e (0xe7848083) lb      ra, -392(s1)
core   0: 3 0x8000674e (0xe7848083) x 1 0x00000033 mem 0x80011d78
core   0: 0x80006752 (0x005d4d83) lbu     s11, 5(s10)
core   0: 3 0x80006752 (0x005d4d83) x27 0x000000d4 mem 0x80015a1f
core   0: 0x80006756 (0xd134c783) lbu     a5, -749(s1)
core   0: 3 0x80006756 (0xd134c783) x15 0x000000c8 mem 0x80011c13
core   0: 0x8000675a (0x014d01a3) sb      s4, 3(s10)
core   0: 3 0x8000675a (0x014d01a3) mem 0x80015a1d 0x35
core   0: 0x8000675e (0x04348da3) sb      gp, 91(s1)
core   0: 3 0x8000675e (0x04348da3) mem 0x80011f5b 0x63
core   0: 0x80006762 (0xfe5d0ea3) sb      t0, -3(s10)
core   0: 3 0x80006762 (0xfe5d0ea3) mem 0x80015a17 0xf3
core   0: 0x80006766 (0xfe1d09a3) sb      ra, -13(s10)
core   0: 3 0x80006766 (0xfe1d09a3) mem 0x80015a0d 0x33
core   0: 0x8000676a (0x003d4383) lbu     t2, 3(s10)
core   0: 3 0x8000676a (0x003d4383) x 7 0x00000035 mem 0x80015a1d
core   0: 0x8000676e (0xab948823) sb      s9, -1360(s1)
core   0: 3 0x8000676e (0xab948823) mem 0x800119b0 0x0
core   0: 0x80006772 (0x8b44ae83) lw      t4, -1868(s1)
core   0: 3 0x80006772 (0x8b44ae83) x29 0x6c6d0e6f mem 0x800117b4
core   0: 0x80006776 (0xffcd5a03) lhu     s4, -4(s10)
core   0: 3 0x80006776 (0xffcd5a03) x20 0x0000f3cd mem 0x80015a16
core   0: 0x8000677a (0x00cd1783) lh      a5, 12(s10)
core   0: 3 0x8000677a (0x00cd1783) x15 0xffffdcdd mem 0x80015a26
core   0: 0x8000677e (0xf3b4c103) lbu     sp, -197(s1)
core   0: 3 0x8000677e (0xf3b4c103) x 2 0x000000f0 mem 0x80011e3b
core   0: 0x80006782 (0xffbd4583) lbu     a1, -5(s10)
core   0: 3 0x80006782 (0xffbd4583) x11 0x000000ce mem 0x80015a15
core   0: 0x80006786 (0xff2d0ca3) sb      s2, -7(s10)
core   0: 3 0x80006786 (0xff2d0ca3) mem 0x80015a13 0xab
core   0: 0x8000678a (0xf5249b03) lh      s6, -174(s1)
core   0: 3 0x8000678a (0xf5249b03) x22 0x00000809 mem 0x80011e52
core   0: 0x8000678e (0xff5d4983) lbu     s3, -11(s10)
core   0: 3 0x8000678e (0xff5d4983) x19 0x000000c4 mem 0x80015a0f
core   0: 0x80006792 (0xbeb4c083) lbu     ra, -1045(s1)
core   0: 3 0x80006792 (0xbeb4c083) x 1 0x000000a0 mem 0x80011aeb
core   0: 0x80006796 (0x02a000ef) jal     pc + 0x2a
core   0: 3 0x80006796 (0x02a000ef) x 1 0x8000679a
core   0: 0x800067c0 (0x0000bfcd) c.j     pc - 14
core   0: 3 0x800067c0 (0xbfcd)
core   0: 0x800067b2 (0x00003fd5) c.jal   pc - 12
core   0: 3 0x800067b2 (0x3fd5) x 1 0x800067b4
core   0: 0x800067a6 (0xff5ff3ef) jal     t2, pc - 0xc
core   0: 3 0x800067a6 (0xff5ff3ef) x 7 0x800067aa
core   0: 0x8000679a (0x0000a819) c.j     pc + 22
core   0: 3 0x8000679a (0xa819)
core   0: 0x800067b0 (0x000037fd) c.jal   pc - 18
core   0: 3 0x800067b0 (0x37fd) x 1 0x800067b2
core   0: 0x8000679e (0x0000a02d) c.j     pc + 42
core   0: 3 0x8000679e (0xa02d)
core   0: 0x800067c8 (0x0000bfd5) c.j     pc - 12
core   0: 3 0x800067c8 (0xbfd5)
core   0: 0x800067bc (0x008001ef) jal     gp, pc + 0x8
core   0: 3 0x800067bc (0x008001ef) x 3 0x800067c0
core   0: 0x800067c4 (0xfd9ff26f) jal     tp, pc - 0x28
core   0: 3 0x800067c4 (0xfd9ff26f) x 4 0x800067c8
core   0: 0x8000679c (0x00002821) c.jal   pc + 24
core   0: 3 0x8000679c (0x2821) x 1 0x8000679e
core   0: 0x800067b4 (0x00002011) c.jal   pc + 4
core   0: 3 0x800067b4 (0x2011) x 1 0x800067b6
core   0: 0x800067b8 (0x0120036f) jal     t1, pc + 0x12
core   0: 3 0x800067b8 (0x0120036f) x 6 0x800067bc
core   0: 0x800067ca (0x0000b7f5) c.j     pc - 20
core   0: 3 0x800067ca (0xb7f5)
core   0: 0x800067b6 (0x000037f5) c.jal   pc - 20
core   0: 3 0x800067b6 (0x37f5) x 1 0x800067b8
core   0: 0x800067a2 (0x00002029) c.jal   pc + 10
core   0: 3 0x800067a2 (0x2029) x 1 0x800067a4
core   0: 0x800067ac (0x016000ef) jal     pc + 0x16
core   0: 3 0x800067ac (0x016000ef) x 1 0x800067b0
core   0: 0x800067c2 (0x0000bff9) c.j     pc - 34
core   0: 3 0x800067c2 (0xbff9)
core   0: 0x800067a0 (0x0000a029) c.j     pc + 10
core   0: 3 0x800067a0 (0xa029)
core   0: 0x800067aa (0x00003fed) c.jal   pc - 6
core   0: 3 0x800067aa (0x3fed) x 1 0x800067ac
core   0: 0x800067a4 (0x00002025) c.jal   pc + 40
core   0: 3 0x800067a4 (0x2025) x 1 0x800067a6
core   0: 0x800067cc (0x0305e333) rem     t1, a1, a6
core   0: 3 0x800067cc (0x0305e333) x 6 0x00000008
core   0: 0x800067d0 (0x00010f17) auipc   t5, 0x10
core   0: 3 0x800067d0 (0x00010f17) x30 0x800167d0
core   0: 0x800067d4 (0x20ff0f13) addi    t5, t5, 527
core   0: 3 0x800067d4 (0x20ff0f13) x30 0x800169df
core   0: 0x800067d8 (0x40f45fb3) sra     t6, s0, a5
core   0: 3 0x800067d8 (0x40f45fb3) x31 0xffffffff
core   0: 0x800067dc (0xfd1f1403) lh      s0, -47(t5)
core   0: 3 0x800067dc (0xfd1f1403) x 8 0x00006a6b mem 0x800169b0
core   0: 0x800067e0 (0x03afcd33) div     s10, t6, s10
core   0: 3 0x800067e0 (0x03afcd33) x26 0x00000000
core   0: 0x800067e4 (0x01ff07a3) sb      t6, 15(t5)
core   0: 3 0x800067e4 (0x01ff07a3) mem 0x800169ee 0xff
core   0: 0x800067e8 (0x027f5403) lhu     s0, 39(t5)
core   0: 3 0x800067e8 (0x027f5403) x 8 0x0000bcbd mem 0x80016a06
core   0: 0x800067ec (0x00ef4d03) lbu     s10, 14(t5)
core   0: 3 0x800067ec (0x00ef4d03) x26 0x000000a6 mem 0x800169ed
core   0: 0x800067f0 (0x008457b3) srl     a5, s0, s0
core   0: 3 0x800067f0 (0x008457b3) x15 0x00000000
core   0: 0x800067f4 (0x01af11a3) sh      s10, 3(t5)
core   0: 3 0x800067f4 (0x01af11a3) mem 0x800169e2 0x00a6
core   0: 0x800067f8 (0x000057fd) c.li    a5, -1
core   0: 3 0x800067f8 (0x57fd) x15 0xffffffff
core   0: 0x800067fa (0x24850513) addi    a0, a0, 584
core   0: 3 0x800067fa (0x24850513) x10 0x8001ce73
core   0: 0x800067fe (0xffbf4783) lbu     a5, -5(t5)
core   0: 3 0x800067fe (0xffbf4783) x15 0x00000091 mem 0x800169da
core   0: 0x80006802 (0x00008c1d) c.sub   s0, a5
core   0: 3 0x80006802 (0x8c1d) x 8 0x0000bc2c
core   0: 0x80006804 (0x03df0403) lb      s0, 61(t5)
core   0: 3 0x80006804 (0x03df0403) x 8 0xffffffd7 mem 0x80016a1c
core   0: 0x80006808 (0xfcff0f23) sb      a5, -34(t5)
core   0: 3 0x80006808 (0xfcff0f23) mem 0x800169bd 0x91
core   0: 0x8000680c (0x01d41513) slli    a0, s0, 29
core   0: 3 0x8000680c (0x01d41513) x10 0xe0000000
core   0: 0x80006810 (0xfdaf22a3) sw      s10, -59(t5)
core   0: 3 0x80006810 (0xfdaf22a3) mem 0x800169a4 0x000000a6
core   0: 0x80006814 (0xfdbf0623) sb      s11, -52(t5)
core   0: 3 0x80006814 (0xfdbf0623) mem 0x800169ab 0xd4
core   0: 0x80006818 (0x00008c61) c.and   s0, s0
core   0: 3 0x80006818 (0x8c61) x 8 0xffffffd7
core   0: 0x8000681a (0x020f0783) lb      a5, 32(t5)
core   0: 3 0x8000681a (0x020f0783) x15 0xffffffb4 mem 0x800169ff
core   0: 0x8000681e (0x537d0d93) addi    s11, s10, 1335
core   0: 3 0x8000681e (0x537d0d93) x27 0x000005dd
core   0: 0x80006822 (0xff4f0783) lb      a5, -12(t5)
core   0: 3 0x80006822 (0xff4f0783) x15 0xffffff88 mem 0x800169d3
core   0: 0x80006826 (0x037f4d83) lbu     s11, 55(t5)
core   0: 3 0x80006826 (0x037f4d83) x27 0x000000cd mem 0x80016a16
core   0: 0x8000682a (0x01f537b3) sltu    a5, a0, t6
core   0: 3 0x8000682a (0x01f537b3) x15 0x00000001
core   0: 0x8000682e (0x0000987d) c.andi  s0, -1
core   0: 3 0x8000682e (0x987d) x 8 0xffffffd7
core   0: 0x80006830 (0xff1f4f83) lbu     t6, -15(t5)
core   0: 3 0x80006830 (0xff1f4f83) x31 0x0000008b mem 0x800169d0
core   0: 0x80006834 (0x03a7f433) remu    s0, a5, s10
core   0: 3 0x80006834 (0x03a7f433) x 8 0x00000001
core   0: 0x80006838 (0x40fd8433) sub     s0, s11, a5
core   0: 3 0x80006838 (0x40fd8433) x 8 0x000000cc
core   0: 0x8000683c (0x570fb413) sltiu   s0, t6, 1392
core   0: 3 0x8000683c (0x570fb413) x 8 0x00000001
core   0: 0x80006840 (0x00000fc9) c.addi  t6, 18
core   0: 3 0x80006840 (0x0fc9) x31 0x0000009d
core   0: 0x80006842 (0x00000001) c.nop
core   0: 3 0x80006842 (0x0001)
core   0: 0x80006844 (0x00af22a3) sw      a0, 5(t5)
core   0: 3 0x80006844 (0x00af22a3) mem 0x800169e4 0xe0000000
core   0: 0x80006848 (0x2bb40413) addi    s0, s0, 699
core   0: 3 0x80006848 (0x2bb40413) x 8 0x000002bc
core   0: 0x8000684c (0xfdaf0d03) lb      s10, -38(t5)
core   0: 3 0x8000684c (0xfdaf0d03) x26 0x00000072 mem 0x800169b9
core   0: 0x80006850 (0x03ff0523) sb      t6, 42(t5)
core   0: 3 0x80006850 (0x03ff0523) mem 0x80016a09 0x9d
core   0: 0x80006854 (0x02af2ea3) sw      a0, 61(t5)
core   0: 3 0x80006854 (0x02af2ea3) mem 0x80016a1c 0xe0000000
core   0: 0x80006858 (0x00ad7d33) and     s10, s10, a0
core   0: 3 0x80006858 (0x00ad7d33) x26 0x00000000
core   0: 0x8000685c (0xfd0f4403) lbu     s0, -48(t5)
core   0: 3 0x8000685c (0xfd0f4403) x 8 0x00000064 mem 0x800169af
core   0: 0x80006860 (0x02af8fb3) mul     t6, t6, a0
core   0: 3 0x80006860 (0x02af8fb3) x31 0x60000000
core   0: 0x80006864 (0x410fdd93) srai    s11, t6, 16
core   0: 3 0x80006864 (0x410fdd93) x27 0x00006000
core   0: 0x80006868 (0xb9bda413) slti    s0, s11, -1125
core   0: 3 0x80006868 (0xb9bda413) x 8 0x00000000
core   0: 0x8000686c (0x00adc433) xor     s0, s11, a0
core   0: 3 0x8000686c (0x00adc433) x 8 0xe0006000
core   0: 0x80006870 (0x41f40533) sub     a0, s0, t6
core   0: 3 0x80006870 (0x41f40533) x10 0x80006000
core   0: 0x80006874 (0x016f4d83) lbu     s11, 22(t5)
core   0: 3 0x80006874 (0x016f4d83) x27 0x000000ae mem 0x800169f5
core   0: 0x80006878 (0xfe8f0423) sb      s0, -24(t5)
core   0: 3 0x80006878 (0xfe8f0423) mem 0x800169c7 0x0
core   0: 0x8000687c (0x00200c93) li      s9, 2
core   0: 3 0x8000687c (0x00200c93) x25 0x00000002
core   0: 0x80006880 (0x00200413) li      s0, 2
core   0: 3 0x80006880 (0x00200413) x 8 0x00000002
core   0: 0x80006884 (0x00008de1) c.and   a1, s0
core   0: 3 0x80006884 (0x8de1) x11 0x00000002
core   0: 0x80006886 (0x03085a33) divu    s4, a6, a6
core   0: 3 0x80006886 (0x03085a33) x20 0x00000001
core   0: 0x8000688a (0x00001cfd) c.addi  s9, -1
core   0: 3 0x8000688a (0x1cfd) x25 0x00000001
core   0: 0x8000688c (0x00008d15) c.sub   a0, a3
core   0: 3 0x8000688c (0x8d15) x10 0x83f713c8
core   0: 0x8000688e (0x025cceb3) div     t4, s9, t0
core   0: 3 0x8000688e (0x025cceb3) x29 0x00000000
core   0: 0x80006892 (0x00800d13) li      s10, 8
core   0: 3 0x80006892 (0x00800d13) x26 0x00000008
core   0: 0x80006896 (0x00800713) li      a4, 8
core   0: 3 0x80006896 (0x00800713) x14 0x00000008
core   0: 0x8000689a (0x00008dcd) c.or    a1, a1
core   0: 3 0x8000689a (0x8dcd) x11 0x00000002
core   0: 0x8000689c (0x01993fb3) sltu    t6, s2, s9
core   0: 3 0x8000689c (0x01993fb3) x31 0x00000000
core   0: 0x800068a0 (0x00001d61) c.addi  s10, -8
core   0: 3 0x800068a0 (0x1d61) x26 0x00000000
core   0: 0x800068a2 (0x0250c233) div     tp, ra, t0
core   0: 3 0x800068a2 (0x0250c233) x 4 0x001f9934
core   0: 0x800068a6 (0xfeed5be3) bge     s10, a4, pc - 10
core   0: 3 0x800068a6 (0xfeed5be3)
core   0: 0x800068aa (0xfc8cfde3) bgeu    s9, s0, pc - 38
core   0: 3 0x800068aa (0xfc8cfde3)
core   0: 0x800068ae (0x01d1ca33) xor     s4, gp, t4
core   0: 3 0x800068ae (0x01d1ca33) x20 0x800067c0
core   0: 0x800068b2 (0x00015117) auipc   sp, 0x15
core   0: 3 0x800068b2 (0x00015117) x 2 0x8001b8b2
core   0: 0x800068b6 (0xc6210113) addi    sp, sp, -926
core   0: 3 0x800068b6 (0xc6210113) x 2 0x8001b514
core   0: 0x800068ba (0x08b10983) lb      s3, 139(sp)
core   0: 3 0x800068ba (0x08b10983) x19 0x00000054 mem 0x8001b59f
core   0: 0x800068be (0x098105a3) sb      s8, 139(sp)
core   0: 3 0x800068be (0x098105a3) mem 0x8001b59f 0xb1
core   0: 0x800068c2 (0x08b14403) lbu     s0, 139(sp)
core   0: 3 0x800068c2 (0x08b14403) x 8 0x000000b1 mem 0x8001b59f
core   0: 0x800068c6 (0x08e105a3) sb      a4, 139(sp)
core   0: 3 0x800068c6 (0x08e105a3) mem 0x8001b59f 0x8
core   0: 0x800068ca (0x08b14a03) lbu     s4, 139(sp)
core   0: 3 0x800068ca (0x08b14a03) x20 0x00000008 mem 0x8001b59f
core   0: 0x800068ce (0x08b14303) lbu     t1, 139(sp)
core   0: 3 0x800068ce (0x08b14303) x 6 0x00000008 mem 0x8001b59f
core   0: 0x800068d2 (0x081105a3) sb      ra, 139(sp)
core   0: 3 0x800068d2 (0x081105a3) mem 0x8001b59f 0xa6
core   0: 0x800068d6 (0x09f105a3) sb      t6, 139(sp)
core   0: 3 0x800068d6 (0x09f105a3) mem 0x8001b59f 0x0
core   0: 0x800068da (0x08b10503) lb      a0, 139(sp)
core   0: 3 0x800068da (0x08b10503) x10 0x00000000 mem 0x8001b59f
core   0: 0x800068de (0x41a85333) sra     t1, a6, s10
core   0: 3 0x800068de (0x41a85333) x 6 0xffffffbe
core   0: 0x800068e2 (0x0ff0000f) fence   iorw,iorw
core   0: 3 0x800068e2 (0x0ff0000f)
core   0: 0x800068e6 (0x091105a3) sb      a7, 139(sp)
core   0: 3 0x800068e6 (0x091105a3) mem 0x8001b59f 0x58
core   0: 0x800068ea (0x08b10d83) lb      s11, 139(sp)
core   0: 3 0x800068ea (0x08b10d83) x27 0x00000058 mem 0x8001b59f
core   0: 0x800068ee (0x08b10e83) lb      t4, 139(sp)
core   0: 3 0x800068ee (0x08b10e83) x29 0x00000058 mem 0x8001b59f
core   0: 0x800068f2 (0x08f105a3) sb      a5, 139(sp)
core   0: 3 0x800068f2 (0x08f105a3) mem 0x8001b59f 0x1
core   0: 0x800068f6 (0x08b14383) lbu     t2, 139(sp)
core   0: 3 0x800068f6 (0x08b14383) x 7 0x00000001 mem 0x8001b59f
core   0: 0x800068fa (0xf8610fa3) sb      t1, -97(sp)
core   0: 3 0x800068fa (0xf8610fa3) mem 0x8001b4b3 0xbe
core   0: 0x800068fe (0x02418eb3) mul     t4, gp, tp
core   0: 3 0x800068fe (0x02418eb3) x29 0xce56d300
core   0: 0x80006902 (0xf8910fa3) sb      s1, -97(sp)
core   0: 3 0x80006902 (0xf8910fa3) mem 0x8001b4b3 0x0
core   0: 0x80006906 (0xf8f10fa3) sb      a5, -97(sp)
core   0: 3 0x80006906 (0xf8f10fa3) mem 0x8001b4b3 0x1
core   0: 0x8000690a (0xf9f14803) lbu     a6, -97(sp)
core   0: 3 0x8000690a (0xf9f14803) x16 0x00000001 mem 0x8001b4b3
core   0: 0x8000690e (0xf8d10fa3) sb      a3, -97(sp)
core   0: 3 0x8000690e (0xf8d10fa3) mem 0x8001b4b3 0x38
core   0: 0x80006912 (0xf8810fa3) sb      s0, -97(sp)
core   0: 3 0x80006912 (0xf8810fa3) mem 0x8001b4b3 0xb1
core   0: 0x80006916 (0x0000bd17) auipc   s10, 0xb
core   0: 3 0x80006916 (0x0000bd17) x26 0x80011916
core   0: 0x8000691a (0x661d0d13) addi    s10, s10, 1633
core   0: 3 0x8000691a (0x661d0d13) x26 0x80011f77
core   0: 0x8000691e (0xcadd0303) lb      t1, -851(s10)
core   0: 3 0x8000691e (0xcadd0303) x 6 0xffffffdf mem 0x80011c24
core   0: 0x80006922 (0xb22d0f83) lb      t6, -1246(s10)
core   0: 3 0x80006922 (0xb22d0f83) x31 0x00000052 mem 0x80011a99
core   0: 0x80006926 (0x00008fbd) c.xor   a5, a5
core   0: 3 0x80006926 (0x8fbd) x15 0x00000000
core   0: 0x80006928 (0x800d0123) sb      zero, -2046(s10)
core   0: 3 0x80006928 (0x800d0123) mem 0x80011779 0x0
core   0: 0x8000692c (0x017ed013) srli    zero, t4, 23
core   0: 3 0x8000692c (0x017ed013)
core   0: 0x80006930 (0x02382bb3) mulhsu  s7, a6, gp
core   0: 3 0x80006930 (0x02382bb3) x23 0x00000000
core   0: 0x80006934 (0xd88d0723) sb      s0, -626(s10)
core   0: 3 0x80006934 (0xd88d0723) mem 0x80011d05 0xb1
core   0: 0x80006938 (0xa022ae93) slti    t4, t0, -1534
core   0: 3 0x80006938 (0xa022ae93) x29 0x00000000
core   0: 0x8000693c (0x9cdd5983) lhu     s3, -1587(s10)
core   0: 3 0x8000693c (0x9cdd5983) x19 0x0000feff mem 0x80011944
core   0: 0x80006940 (0x991d0123) sb      a7, -1662(s10)
core   0: 3 0x80006940 (0x991d0123) mem 0x800118f9 0x58
core   0: 0x80006944 (0xde3d0f03) lb      t5, -541(s10)
core   0: 3 0x80006944 (0xde3d0f03) x30 0x00000011 mem 0x80011d5a
core   0: 0x80006948 (0x0027aeb3) slt     t4, a5, sp
core   0: 3 0x80006948 (0x0027aeb3) x29 0x00000000
core   0: 0x8000694c (0x0000100f) fence.i
core   0: 3 0x8000694c (0x0000100f)
core   0: 0x80006950 (0x0000947a) c.add   s0, t5
core   0: 3 0x80006950 (0x947a) x 8 0x000000c2
core   0: 0x80006952 (0x959da493) slti    s1, s11, -1703
core   0: 3 0x80006952 (0x959da493) x 9 0x00000000
core   0: 0x80006956 (0xea0d0ca3) sb      zero, -327(s10)
core   0: 3 0x80006956 (0xea0d0ca3) mem 0x80011e30 0x0
core   0: 0x8000695a (0x0000872d) c.srai  a4, 11
core   0: 3 0x8000695a (0x872d) x14 0x00000000
core   0: 0x8000695c (0x1bae0793) addi    a5, t3, 442
core   0: 3 0x8000695c (0x1bae0793) x15 0xffffffb3
core   0: 0x80006960 (0xb58d0823) sb      s8, -1200(s10)
core   0: 3 0x80006960 (0xb58d0823) mem 0x80011ac7 0xb1
core   0: 0x80006964 (0x02edec33) rem     s8, s11, a4
core   0: 3 0x80006964 (0x02edec33) x24 0x00000058
core   0: 0x80006968 (0x034f91b3) mulh    gp, t6, s4
core   0: 3 0x80006968 (0x034f91b3) x 3 0x00000000
core   0: 0x8000696c (0xd97d0983) lb      s3, -617(s10)
core   0: 3 0x8000696c (0xd97d0983) x19 0xffffffc5 mem 0x80011d0e
core   0: 0x80006970 (0xd46d4c03) lbu     s8, -698(s10)
core   0: 3 0x80006970 (0xd46d4c03) x24 0x00000076 mem 0x80011cbd
core   0: 0x80006974 (0x00db27b3) slt     a5, s6, a3
core   0: 3 0x80006974 (0x00db27b3) x15 0x00000000
core   0: 0x80006978 (0x0a3d07a3) sb      gp, 175(s10)
core   0: 3 0x80006978 (0x0a3d07a3) mem 0x80012026 0x0
core   0: 0x8000697c (0xa5ad4483) lbu     s1, -1446(s10)
core   0: 3 0x8000697c (0xa5ad4483) x 9 0x0000008a mem 0x800119d1
core   0: 0x80006980 (0xc373a137) lui     sp, 0xc373a
core   0: 3 0x80006980 (0xc373a137) x 2 0xc373a000
core   0: 0x80006984 (0x81fd1703) lh      a4, -2017(s10)
core   0: 3 0x80006984 (0x81fd1703) x14 0x00004c4d mem 0x80011796
core   0: 0x80006988 (0x00008d91) c.sub   a1, a2
core   0: 3 0x80006988 (0x8d91) x11 0x00000002
core   0: 0x8000698a (0xcb1d2283) lw      t0, -847(s10)
core   0: 3 0x8000698a (0xcb1d2283) x 5 0x2817e2e3 mem 0x80011c28
core   0: 0x8000698e (0xa6dd1903) lh      s2, -1427(s10)
core   0: 3 0x8000698e (0xa6dd1903) x18 0xffff9e9f mem 0x800119e4
core   0: 0x80006992 (0x8b4ed997) auipc   s3, 0x8b4ed
core   0: 3 0x80006992 (0x8b4ed997) x19 0x0b4f3992
core   0: 0x80006996 (0xa09d5503) lhu     a0, -1527(s10)
core   0: 3 0x80006996 (0xa09d5503) x10 0x00003a3b mem 0x80011980
core   0: 0x8000699a (0x01cc2f33) slt     t5, s8, t3
core   0: 3 0x8000699a (0x01cc2f33) x30 0x00000000
core   0: 0x8000699e (0xd5bd1203) lh      tp, -677(s10)
core   0: 3 0x8000699e (0xd5bd1203) x 4 0xffff8889 mem 0x80011cd2
core   0: 0x800069a2 (0xd13d5003) lhu     zero, -749(s10)
core   0: 3 0x800069a2 (0xd13d5003) mem 0x80011c8a
core   0: 0x800069a6 (0x01d0e933) or      s2, ra, t4
core   0: 3 0x800069a6 (0x01d0e933) x18 0x800067a6
core   0: 0x800069aa (0x00606313) ori     t1, zero, 6
core   0: 3 0x800069aa (0x00606313) x 6 0x00000006
core   0: 0x800069ae (0xa44d0083) lb      ra, -1468(s10)
core   0: 3 0x800069ae (0xa44d0083) x 1 0x00000070 mem 0x800119bb
core   0: 0x800069b2 (0xd03d1c03) lh      s8, -765(s10)
core   0: 3 0x800069b2 (0xd03d1c03) x24 0x00003031 mem 0x80011c7a
core   0: 0x800069b6 (0xf2dd0b23) sb      a3, -202(s10)
core   0: 3 0x800069b6 (0xf2dd0b23) mem 0x80011ead 0x38
core   0: 0x800069ba (0x97ad4783) lbu     a5, -1670(s10)
core   0: 3 0x800069ba (0x97ad4783) x15 0x000000a8 mem 0x800118f1
core   0: 0x800069be (0xad012e93) slti    t4, sp, -1328
core   0: 3 0x800069be (0xad012e93) x29 0x00000001
core   0: 0x800069c2 (0x002f3f33) sltu    t5, t5, sp
core   0: 3 0x800069c2 (0x002f3f33) x30 0x00000001
core   0: 0x800069c6 (0xf82d0003) lb      zero, -126(s10)
core   0: 3 0x800069c6 (0xf82d0003) mem 0x80011ef9
core   0: 0x800069ca (0xe3dd0e23) sb      t4, -452(s10)
core   0: 3 0x800069ca (0xe3dd0e23) mem 0x80011db3 0x1
core   0: 0x800069ce (0xd2a73eb7) lui     t4, 0xd2a73
core   0: 3 0x800069ce (0xd2a73eb7) x29 0xd2a73000
core   0: 0x800069d2 (0xce2d0b23) sb      sp, -778(s10)
core   0: 3 0x800069d2 (0xce2d0b23) mem 0x80011c6d 0x0
core   0: 0x800069d6 (0x00000001) c.nop
core   0: 3 0x800069d6 (0x0001)
core   0: 0x800069d8 (0x00000001) c.nop
core   0: 3 0x800069d8 (0x0001)
core   0: 0x800069da (0xb6cd4103) lbu     sp, -1172(s10)
core   0: 3 0x800069da (0xb6cd4103) x 2 0x00000098 mem 0x80011ae3
core   0: 0x800069de (0x00014d17) auipc   s10, 0x14
core   0: 3 0x800069de (0x00014d17) x26 0x8001a9de
core   0: 0x800069e2 (0xc77d0d13) addi    s10, s10, -905
core   0: 3 0x800069e2 (0xc77d0d13) x26 0x8001a655
core   0: 0x800069e6 (0xff2d4583) lbu     a1, -14(s10)
core   0: 3 0x800069e6 (0xff2d4583) x11 0x000000fc mem 0x8001a647
core   0: 0x800069ea (0xfe4d0923) sb      tp, -14(s10)
core   0: 3 0x800069ea (0xfe4d0923) mem 0x8001a647 0x89
core   0: 0x800069ee (0x40d08bb3) sub     s7, ra, a3
core   0: 3 0x800069ee (0x40d08bb3) x23 0x03f6b438
core   0: 0x800069f2 (0xff0d0923) sb      a6, -14(s10)
core   0: 3 0x800069f2 (0xff0d0923) mem 0x8001a647 0x1
core   0: 0x800069f6 (0xff9d0923) sb      s9, -14(s10)
core   0: 3 0x800069f6 (0xff9d0923) mem 0x8001a647 0x1
core   0: 0x800069fa (0x005d0123) sb      t0, 2(s10)
core   0: 3 0x800069fa (0x005d0123) mem 0x8001a657 0xe3
core   0: 0x800069fe (0x002d4f83) lbu     t6, 2(s10)
core   0: 3 0x800069fe (0x002d4f83) x31 0x000000e3 mem 0x8001a657
core   0: 0x80006a02 (0xcf320e93) addi    t4, tp, -781
core   0: 3 0x80006a02 (0xcf320e93) x29 0xffff857c
core   0: 0x80006a06 (0x000007e2) c.slli  a5, 24
core   0: 3 0x80006a06 (0x07e2) x15 0xa8000000
core   0: 0x80006a08 (0x002d0603) lb      a2, 2(s10)
core   0: 3 0x80006a08 (0x002d0603) x12 0xffffffe3 mem 0x8001a657
core   0: 0x80006a0c (0x002d0083) lb      ra, 2(s10)
core   0: 3 0x80006a0c (0x002d0083) x 1 0xffffffe3 mem 0x8001a657
core   0: 0x80006a10 (0x00039393) slli    t2, t2, 0
core   0: 3 0x80006a10 (0x00039393) x 7 0x00000001
core   0: 0x80006a14 (0xfefd2da3) sw      a5, -5(s10)
core   0: 3 0x80006a14 (0xfefd2da3) mem 0x8001a650 0xa8000000
core   0: 0x80006a18 (0x007d1303) lh      t1, 7(s10)
core   0: 3 0x80006a18 (0x007d1303) x 6 0x00001617 mem 0x8001a65c
core   0: 0x80006a1c (0x000091d2) c.add   gp, s4
core   0: 3 0x80006a1c (0x91d2) x 3 0x00000008
core   0: 0x80006a1e (0x007d1b83) lh      s7, 7(s10)
core   0: 3 0x80006a1e (0x007d1b83) x23 0x00001617 mem 0x8001a65c
core   0: 0x80006a22 (0xfedd1aa3) sh      a3, -11(s10)
core   0: 3 0x80006a22 (0xfedd1aa3) mem 0x8001a64a 0x4c38
core   0: 0x80006a26 (0xff4d0aa3) sb      s4, -11(s10)
core   0: 3 0x80006a26 (0xff4d0aa3) mem 0x8001a64a 0x8
core   0: 0x80006a2a (0xff4d0403) lb      s0, -12(s10)
core   0: 3 0x80006a2a (0xff4d0403) x 8 0x00000002 mem 0x8001a649
core   0: 0x80006a2e (0xff4d4203) lbu     tp, -12(s10)
core   0: 3 0x80006a2e (0xff4d4203) x 4 0x00000002 mem 0x8001a649
core   0: 0x80006a32 (0xff6d0583) lb      a1, -10(s10)
core   0: 3 0x80006a32 (0xff6d0583) x11 0x0000004c mem 0x8001a64b
core   0: 0x80006a36 (0xff8d4983) lbu     s3, -8(s10)
core   0: 3 0x80006a36 (0xff8d4983) x19 0x00000006 mem 0x8001a64d
core   0: 0x80006a3a (0x00cd4c83) lbu     s9, 12(s10)
core   0: 3 0x80006a3a (0x00cd4c83) x25 0x0000001a mem 0x8001a661
core   0: 0x80006a3e (0x01204db3) xor     s11, zero, s2
core   0: 3 0x80006a3e (0x01204db3) x27 0x800067a6
core   0: 0x80006a42 (0x96473b93) sltiu   s7, a4, -1692
core   0: 3 0x80006a42 (0x96473b93) x23 0x00000001
core   0: 0x80006a46 (0x017d0623) sb      s7, 12(s10)
core   0: 3 0x80006a46 (0x017d0623) mem 0x8001a661 0x1
core   0: 0x80006a4a (0x00015597) auipc   a1, 0x15
core   0: 3 0x80006a4a (0x00015597) x11 0x8001ba4a
core   0: 0x80006a4e (0x71058593) addi    a1, a1, 1808
core   0: 3 0x80006a4e (0x71058593) x11 0x8001c15a
core   0: 0x80006a52 (0xff75c303) lbu     t1, -9(a1)
core   0: 3 0x80006a52 (0xff75c303) x 6 0x0000000a mem 0x8001c151
core   0: 0x80006a56 (0x02837333) remu    t1, t1, s0
core   0: 3 0x80006a56 (0x02837333) x 6 0x00000000
core   0: 0x80006a5a (0xffb5cb03) lbu     s6, -5(a1)
core   0: 3 0x80006a5a (0xffb5cb03) x22 0x0000000e mem 0x8001c155
core   0: 0x80006a5e (0x006585a3) sb      t1, 11(a1)
core   0: 3 0x80006a5e (0x006585a3) mem 0x8001c165 0x0
core   0: 0x80006a62 (0x00008c01) c.sub   s0, s0
core   0: 3 0x80006a62 (0x8c01) x 8 0x00000000
core   0: 0x80006a64 (0xff65db83) lhu     s7, -10(a1)
core   0: 3 0x80006a64 (0xff65db83) x23 0x00000a0b mem 0x8001c150
core   0: 0x80006a68 (0x40635c33) sra     s8, t1, t1
core   0: 3 0x80006a68 (0x40635c33) x24 0x00000000
core   0: 0x80006a6c (0xff158303) lb      t1, -15(a1)
core   0: 3 0x80006a6c (0xff158303) x 6 0x00000000 mem 0x8001c14b
core   0: 0x80006a70 (0xff35ce83) lbu     t4, -13(a1)
core   0: 3 0x80006a70 (0xff35ce83) x29 0x00000006 mem 0x8001c14d
core   0: 0x80006a74 (0xfe858aa3) sb      s0, -11(a1)
core   0: 3 0x80006a74 (0xfe858aa3) mem 0x8001c14f 0x0
core   0: 0x80006a78 (0x00158c03) lb      s8, 1(a1)
core   0: 3 0x80006a78 (0x00158c03) x24 0x00000010 mem 0x8001c15b
core   0: 0x80006a7c (0x58337313) andi    t1, t1, 1411
core   0: 3 0x80006a7c (0x58337313) x 6 0x00000000
core   0: 0x80006a80 (0x41d35433) sra     s0, t1, t4
core   0: 3 0x80006a80 (0x41d35433) x 8 0x00000000
core   0: 0x80006a84 (0x00008c01) c.sub   s0, s0
core   0: 3 0x80006a84 (0x8c01) x 8 0x00000000
core   0: 0x80006a86 (0x41db0333) sub     t1, s6, t4
core   0: 3 0x80006a86 (0x41db0333) x 6 0x00000008
core   0: 0x80006a8a (0x00846eb3) or      t4, s0, s0
core   0: 3 0x80006a8a (0x00846eb3) x29 0x00000000
core   0: 0x80006a8e (0x0055ce83) lbu     t4, 5(a1)
core   0: 3 0x80006a8e (0x0055ce83) x29 0x00000014 mem 0x8001c15f
core   0: 0x80006a92 (0xfe858fa3) sb      s0, -1(a1)
core   0: 3 0x80006a92 (0xfe858fa3) mem 0x8001c159 0x0
core   0: 0x80006a96 (0x03d31bb3) mulh    s7, t1, t4
core   0: 3 0x80006a96 (0x03d31bb3) x23 0x00000000
core   0: 0x80006a9a (0xff45dc03) lhu     s8, -12(a1)
core   0: 3 0x80006a9a (0xff45dc03) x24 0x00000005 mem 0x8001c14e
core   0: 0x80006a9e (0x00000001) c.nop
core   0: 3 0x80006a9e (0x0001)
core   0: 0x80006aa0 (0x4c229c17) auipc   s8, 0x4c229
core   0: 3 0x80006aa0 (0x4c229c17) x24 0xcc22faa0
core   0: 0x80006aa4 (0x41bed413) srai    s0, t4, 27
core   0: 3 0x80006aa4 (0x41bed413) x 8 0x00000000
core   0: 0x80006aa8 (0xff85af23) sw      s8, -2(a1)
core   0: 3 0x80006aa8 (0xff85af23) mem 0x8001c158 0xcc22faa0
core   0: 0x80006aac (0x00008069) c.srli  s0, 26
core   0: 3 0x80006aac (0x8069) x 8 0x00000000
core   0: 0x80006aae (0xff958e83) lb      t4, -7(a1)
core   0: 3 0x80006aae (0xff958e83) x29 0x00000008 mem 0x8001c153
core   0: 0x80006ab2 (0x00008811) c.andi  s0, 4
core   0: 3 0x80006ab2 (0x8811) x 8 0x00000000
core   0: 0x80006ab4 (0x00658223) sb      t1, 4(a1)
core   0: 3 0x80006ab4 (0x00658223) mem 0x8001c15e 0x8
core   0: 0x80006ab8 (0xff158c03) lb      s8, -15(a1)
core   0: 3 0x80006ab8 (0xff158c03) x24 0x00000000 mem 0x8001c14b
core   0: 0x80006abc (0x00000001) c.nop
core   0: 3 0x80006abc (0x0001)
core   0: 0x80006abe (0xff758403) lb      s0, -9(a1)
core   0: 3 0x80006abe (0xff758403) x 8 0x0000000a mem 0x8001c151
core   0: 0x80006ac2 (0x0f32c337) lui     t1, 0xf32c
core   0: 3 0x80006ac2 (0x0f32c337) x 6 0x0f32c000
core   0: 0x80006ac6 (0x01859423) sh      s8, 8(a1)
core   0: 3 0x80006ac6 (0x01859423) mem 0x8001c162 0x0000
core   0: 0x80006aca (0x0000032e) c.slli  t1, 11
core   0: 3 0x80006aca (0x032e) x 6 0x96000000
core   0: 0x80006acc (0x0085c303) lbu     t1, 8(a1)
core   0: 3 0x80006acc (0x0085c303) x 6 0x00000000 mem 0x8001c162
core   0: 0x80006ad0 (0x00000001) c.nop
core   0: 3 0x80006ad0 (0x0001)
core   0: 0x80006ad2 (0x017584a3) sb      s7, 9(a1)
core   0: 3 0x80006ad2 (0x017584a3) mem 0x8001c163 0x0
core   0: 0x80006ad6 (0x0095c303) lbu     t1, 9(a1)
core   0: 3 0x80006ad6 (0x0095c303) x 6 0x00000000 mem 0x8001c163
core   0: 0x80006ada (0x00659223) sh      t1, 4(a1)
core   0: 3 0x80006ada (0x00659223) mem 0x8001c15e 0x0000
core   0: 0x80006ade (0xff05d303) lhu     t1, -16(a1)
core   0: 3 0x80006ade (0xff05d303) x 6 0x00000001 mem 0x8001c14a
core   0: 0x80006ae2 (0x00f5cb83) lbu     s7, 15(a1)
core   0: 3 0x80006ae2 (0x00f5cb83) x23 0x00000022 mem 0x8001c169
core   0: 0x80006ae6 (0x0085cc03) lbu     s8, 8(a1)
core   0: 3 0x80006ae6 (0x0085cc03) x24 0x00000000 mem 0x8001c162
core   0: 0x80006aea (0xff95c403) lbu     s0, -7(a1)
core   0: 3 0x80006aea (0xff95c403) x 8 0x00000008 mem 0x8001c153
core   0: 0x80006aee (0x00012117) auipc   sp, 0x12
core   0: 3 0x80006aee (0x00012117) x 2 0x80018aee
core   0: 0x80006af2 (0xda210113) addi    sp, sp, -606
core   0: 3 0x80006af2 (0xda210113) x 2 0x80018890
core   0: 0x80006af6 (0x00001efd) c.addi  t4, -1
core   0: 3 0x80006af6 (0x1efd) x29 0x00000007
core   0: 0x80006af8 (0x000089f9) c.andi  a1, 30
core   0: 3 0x80006af8 (0x89f9) x11 0x0000001a
core   0: 0x80006afa (0x09410aa3) sb      s4, 149(sp)
core   0: 3 0x80006afa (0x09410aa3) mem 0x80018925 0x8
core   0: 0x80006afe (0x01089c93) slli    s9, a7, 16
core   0: 3 0x80006afe (0x01089c93) x25 0x6e580000
core   0: 0x80006b02 (0xf1e14603) lbu     a2, -226(sp)
core   0: 3 0x80006b02 (0xf1e14603) x12 0x00000065 mem 0x800187ae
core   0: 0x80006b06 (0xf6210b83) lb      s7, -158(sp)
core   0: 3 0x80006b06 (0xf6210b83) x23 0xffffffa9 mem 0x800187f2
core   0: 0x80006b0a (0x0000d806) c.swsp  ra, 48(sp)
core   0: 3 0x80006b0a (0xd806) mem 0x800188c0 0xffffffe3
core   0: 0x80006b0c (0xfdd14583) lbu     a1, -35(sp)
core   0: 3 0x80006b0c (0xfdd14583) x11 0x00000026 mem 0x8001886d
core   0: 0x80006b10 (0x000005ca) c.slli  a1, 18
core   0: 3 0x80006b10 (0x05ca) x11 0x00980000
core   0: 0x80006b12 (0xf0310783) lb      a5, -253(sp)
core   0: 3 0x80006b12 (0xf0310783) x15 0x00000048 mem 0x80018793
core   0: 0x80006b16 (0xe795bf13) sltiu   t5, a1, -391
core   0: 3 0x80006b16 (0xe795bf13) x30 0x00000001
core   0: 0x80006b1a (0x09615b83) lhu     s7, 150(sp)
core   0: 3 0x80006b1a (0x09615b83) x23 0x0000dcdd mem 0x80018926
core   0: 0x80006b1e (0x03c11323) sh      t3, 38(sp)
core   0: 3 0x80006b1e (0x03c11323) mem 0x800188b6 0xfdf9
core   0: 0x80006b22 (0x0af14283) lbu     t0, 175(sp)
core   0: 3 0x80006b22 (0x0af14283) x 5 0x000000f4 mem 0x8001893f
core   0: 0x80006b26 (0x08714503) lbu     a0, 135(sp)
core   0: 3 0x80006b26 (0x08714503) x10 0x000000cc mem 0x80018917
core   0: 0x80006b2a (0xff010b83) lb      s7, -16(sp)
core   0: 3 0x80006b2a (0xff010b83) x23 0x0000003b mem 0x80018880
core   0: 0x80006b2e (0x00000001) c.nop
core   0: 3 0x80006b2e (0x0001)
core   0: 0x80006b30 (0x000050b6) c.lwsp  ra, 108(sp)
core   0: 3 0x80006b30 (0x50b6) x 1 0xb4b5b6b7 mem 0x800188fc
core   0: 0x80006b32 (0x0000883a) c.mv    a6, a4
core   0: 3 0x80006b32 (0x883a) x16 0x00004c4d
core   0: 0x80006b34 (0x01c105a3) sb      t3, 11(sp)
core   0: 3 0x80006b34 (0x01c105a3) mem 0x8001889b 0xf9
core   0: 0x80006b38 (0x00008e29) c.xor   a2, a0
core   0: 3 0x80006b38 (0x8e29) x12 0x000000a9
core   0: 0x80006b3a (0x0000909a) c.add   ra, t1
core   0: 3 0x80006b3a (0x909a) x 1 0xb4b5b6b8
core   0: 0x80006b3c (0x01514303) lbu     t1, 21(sp)
core   0: 3 0x80006b3c (0x01514303) x 6 0x0000005e mem 0x800188a5
core   0: 0x80006b40 (0x01d14e03) lbu     t3, 29(sp)
core   0: 3 0x80006b40 (0x01d14e03) x28 0x00000066 mem 0x800188ad
core   0: 0x80006b44 (0x03e7dd33) divu    s10, a5, t5
core   0: 3 0x80006b44 (0x03e7dd33) x26 0x00000048
core   0: 0x80006b48 (0x0000100f) fence.i
core   0: 3 0x80006b48 (0x0000100f)
core   0: 0x80006b4c (0x08210023) sb      sp, 128(sp)
core   0: 3 0x80006b4c (0x08210023) mem 0x80018910 0x90
core   0: 0x80006b50 (0x05211483) lh      s1, 82(sp)
core   0: 3 0x80006b50 (0x05211483) x 9 0xffff9899 mem 0x800188e2
core   0: 0x80006b54 (0x00d38e33) add     t3, t2, a3
core   0: 3 0x80006b54 (0x00d38e33) x28 0xfc094c39
core   0: 0x80006b58 (0xf2f10083) lb      ra, -209(sp)
core   0: 3 0x80006b58 (0xf2f10083) x 1 0x00000074 mem 0x800187bf
core   0: 0x80006b5c (0x0000b117) auipc   sp, 0xb
core   0: 3 0x80006b5c (0x0000b117) x 2 0x80011b5c
core   0: 0x80006b60 (0x87c10113) addi    sp, sp, -1924
core   0: 3 0x80006b60 (0x87c10113) x 2 0x800113d8
core   0: 0x80006b64 (0x039106a3) sb      s9, 45(sp)
core   0: 3 0x80006b64 (0x039106a3) mem 0x80011405 0x0
core   0: 0x80006b68 (0x02d10303) lb      t1, 45(sp)
core   0: 3 0x80006b68 (0x02d10303) x 6 0x00000000 mem 0x80011405
core   0: 0x80006b6c (0x02d10b83) lb      s7, 45(sp)
core   0: 3 0x80006b6c (0x02d10b83) x23 0x00000000 mem 0x80011405
core   0: 0x80006b70 (0x00008fed) c.and   a5, a1
core   0: 3 0x80006b70 (0x8fed) x15 0x00000000
core   0: 0x80006b72 (0x02b106a3) sb      a1, 45(sp)
core   0: 3 0x80006b72 (0x02b106a3) mem 0x80011405 0x0
core   0: 0x80006b76 (0x02d14e83) lbu     t4, 45(sp)
core   0: 3 0x80006b76 (0x02d14e83) x29 0x00000000 mem 0x80011405
core   0: 0x80006b7a (0x028106a3) sb      s0, 45(sp)
core   0: 3 0x80006b7a (0x028106a3) mem 0x80011405 0x8
core   0: 0x80006b7e (0x02d10b83) lb      s7, 45(sp)
core   0: 3 0x80006b7e (0x02d10b83) x23 0x00000008 mem 0x80011405
core   0: 0x80006b82 (0x020106a3) sb      zero, 45(sp)
core   0: 3 0x80006b82 (0x020106a3) mem 0x80011405 0x0
core   0: 0x80006b86 (0x02d10283) lb      t0, 45(sp)
core   0: 3 0x80006b86 (0x02d10283) x 5 0x00000000 mem 0x80011405
core   0: 0x80006b8a (0x02d14903) lbu     s2, 45(sp)
core   0: 3 0x80006b8a (0x02d14903) x18 0x00000000 mem 0x80011405
core   0: 0x80006b8e (0x02a106a3) sb      a0, 45(sp)
core   0: 3 0x80006b8e (0x02a106a3) mem 0x80011405 0xcc
core   0: 0x80006b92 (0x02d10403) lb      s0, 45(sp)
core   0: 3 0x80006b92 (0x02d10403) x 8 0xffffffcc mem 0x80011405
core   0: 0x80006b96 (0x02d10183) lb      gp, 45(sp)
core   0: 3 0x80006b96 (0x02d10183) x 3 0xffffffcc mem 0x80011405
core   0: 0x80006b9a (0x02d14083) lbu     ra, 45(sp)
core   0: 3 0x80006b9a (0x02d14083) x 1 0x000000cc mem 0x80011405
core   0: 0x80006b9e (0x028106a3) sb      s0, 45(sp)
core   0: 3 0x80006b9e (0x028106a3) mem 0x80011405 0xcc
core   0: 0x80006ba2 (0x036106a3) sb      s6, 45(sp)
core   0: 3 0x80006ba2 (0x036106a3) mem 0x80011405 0xe
core   0: 0x80006ba6 (0x0000b917) auipc   s2, 0xb
core   0: 3 0x80006ba6 (0x0000b917) x18 0x80011ba6
core   0: 0x80006baa (0x88c90913) addi    s2, s2, -1908
core   0: 3 0x80006baa (0x88c90913) x18 0x80011432
core   0: 0x80006bae (0x000007fe) c.slli  a5, 31
core   0: 3 0x80006bae (0x07fe) x15 0x00000000
core   0: 0x80006bb0 (0x02f9a433) mulhsu  s0, s3, a5
core   0: 3 0x80006bb0 (0x02f9a433) x 8 0x00000000
core   0: 0x80006bb4 (0xca5900a3) sb      t0, -863(s2)
core   0: 3 0x80006bb4 (0xca5900a3) mem 0x800110d3 0x0
core   0: 0x80006bb8 (0x0052e2b3) or      t0, t0, t0
core   0: 3 0x80006bb8 (0x0052e2b3) x 5 0x00000000
core   0: 0x80006bbc (0x5f391823) sh      s3, 1520(s2)
core   0: 3 0x80006bbc (0x5f391823) mem 0x80011a22 0x0006
core   0: 0x80006bc0 (0x0287a9b3) mulhsu  s3, a5, s0
core   0: 3 0x80006bc0 (0x0287a9b3) x19 0x00000000
core   0: 0x80006bc4 (0xf1c94983) lbu     s3, -228(s2)
core   0: 3 0x80006bc4 (0xf1c94983) x19 0x00000005 mem 0x8001134e
core   0: 0x80006bc8 (0xda590d03) lb      s10, -603(s2)
core   0: 3 0x80006bc8 (0xda590d03) x26 0xffffff80 mem 0x800111d7
core   0: 0x80006bcc (0x74590283) lb      t0, 1861(s2)
core   0: 3 0x80006bcc (0x74590283) x 5 0x0000002c mem 0x80011b77
core   0: 0x80006bd0 (0x000083b5) c.srli  a5, 13
core   0: 3 0x80006bd0 (0x83b5) x15 0x00000000
core   0: 0x80006bd2 (0x40c2dd13) srai    s10, t0, 12
core   0: 3 0x80006bd2 (0x40c2dd13) x26 0x00000000
core   0: 0x80006bd6 (0x000419b3) sll     s3, s0, zero
core   0: 3 0x80006bd6 (0x000419b3) x19 0x00000000
core   0: 0x80006bda (0x45a90983) lb      s3, 1114(s2)
core   0: 3 0x80006bda (0x45a90983) x19 0x00000047 mem 0x8001188c
core   0: 0x80006bde (0x000087a1) c.srai  a5, 8
core   0: 3 0x80006bde (0x87a1) x15 0x00000000
core   0: 0x80006be0 (0xc9f90983) lb      s3, -865(s2)
core   0: 3 0x80006be0 (0xc9f90983) x19 0xffffff8a mem 0x800110d1
core   0: 0x80006be4 (0x3fa92983) lw      s3, 1018(s2)
core   0: 3 0x80006be4 (0x3fa92983) x19 0xe4e5e6e7 mem 0x8001182c
core   0: 0x80006be8 (0x00000001) c.nop
core   0: 3 0x80006be8 (0x0001)
core   0: 0x80006bea (0x69f94983) lbu     s3, 1695(s2)
core   0: 3 0x80006bea (0x69f94983) x19 0x0000008a mem 0x80011ad1
core   0: 0x80006bee (0x9592b7b7) lui     a5, 0x9592b
core   0: 3 0x80006bee (0x9592b7b7) x15 0x9592b000
core   0: 0x80006bf2 (0x000087d1) c.srai  a5, 20
core   0: 3 0x80006bf2 (0x87d1) x15 0xfffff959
core   0: 0x80006bf4 (0x65aa6d17) auipc   s10, 0x65aa6
core   0: 3 0x80006bf4 (0x65aa6d17) x26 0xe5aacbf4
core   0: 0x80006bf8 (0xc4694d03) lbu     s10, -954(s2)
core   0: 3 0x80006bf8 (0xc4694d03) x26 0x00000033 mem 0x80011078
core   0: 0x80006bfc (0xf2892d23) sw      s0, -198(s2)
core   0: 3 0x80006bfc (0xf2892d23) mem 0x8001136c 0x00000000
core   0: 0x80006c00 (0xe3394403) lbu     s0, -461(s2)
core   0: 3 0x80006c00 (0xe3394403) x 8 0x0000001e mem 0x80011265
core   0: 0x80006c04 (0xf93904a3) sb      s3, -119(s2)
core   0: 3 0x80006c04 (0xf93904a3) mem 0x800113bb 0x8a
core   0: 0x80006c08 (0x00f78d33) add     s10, a5, a5
core   0: 3 0x80006c08 (0x00f78d33) x26 0xfffff2b2
core   0: 0x80006c0c (0x0000987d) c.andi  s0, -1
core   0: 3 0x80006c0c (0x987d) x 8 0x0000001e
core   0: 0x80006c0e (0xf6494283) lbu     t0, -156(s2)
core   0: 3 0x80006c0e (0xf6494283) x 5 0x00000000 mem 0x80011396
core   0: 0x80006c12 (0x40ed5293) srai    t0, s10, 14
core   0: 3 0x80006c12 (0x40ed5293) x 5 0xffffffff
core   0: 0x80006c16 (0x0000100f) fence.i
core   0: 3 0x80006c16 (0x0000100f)
core   0: 0x80006c1a (0x000052fd) c.li    t0, -1
core   0: 3 0x80006c1a (0x52fd) x 5 0xffffffff
core   0: 0x80006c1c (0x4e892523) sw      s0, 1258(s2)
core   0: 3 0x80006c1c (0x4e892523) mem 0x8001191c 0x0000001e
core   0: 0x80006c20 (0x0c0903a3) sb      zero, 199(s2)
core   0: 3 0x80006c20 (0x0c0903a3) mem 0x800114f9 0x0
core   0: 0x80006c24 (0x015779b7) lui     s3, 0x1577
core   0: 3 0x80006c24 (0x015779b7) x19 0x01577000
core   0: 0x80006c28 (0x5f6e8797) auipc   a5, 0x5f6e8
core   0: 3 0x80006c28 (0x5f6e8797) x15 0xdf6eec28
core   0: 0x80006c2c (0x2af90783) lb      a5, 687(s2)
core   0: 3 0x80006c2c (0x2af90783) x15 0xffffff9a mem 0x800116e1
core   0: 0x80006c30 (0x000017fd) c.addi  a5, -1
core   0: 3 0x80006c30 (0x17fd) x15 0xffffff99
core   0: 0x80006c32 (0x33495403) lhu     s0, 820(s2)
core   0: 3 0x80006c32 (0x33495403) x 8 0x00001c1d mem 0x80011766
core   0: 0x80006c36 (0x028007b3) mul     a5, zero, s0
core   0: 3 0x80006c36 (0x028007b3) x15 0x00000000
core   0: 0x80006c3a (0x70994d03) lbu     s10, 1801(s2)
core   0: 3 0x80006c3a (0x70994d03) x26 0x000000f0 mem 0x80011b3b
core   0: 0x80006c3e (0x00f442b3) xor     t0, s0, a5
core   0: 3 0x80006c3e (0x00f442b3) x 5 0x00001c1d
core   0: 0x80006c42 (0x08094983) lbu     s3, 128(s2)
core   0: 3 0x80006c42 (0x08094983) x19 0x00000069 mem 0x800114b2
core   0: 0x80006c46 (0x013007b3) add     a5, zero, s3
core   0: 3 0x80006c46 (0x013007b3) x15 0x00000069
core   0: 0x80006c4a (0x14590a23) sb      t0, 340(s2)
core   0: 3 0x80006c4a (0x14590a23) mem 0x80011586 0x1d
core   0: 0x80006c4e (0x0000b297) auipc   t0, 0xb
core   0: 3 0x80006c4e (0x0000b297) x 5 0x80011c4e
core   0: 0x80006c52 (0x86328293) addi    t0, t0, -1949
core   0: 3 0x80006c52 (0x86328293) x 5 0x800114b1
core   0: 0x80006c56 (0x1b5288a3) sb      s5, 433(t0)
core   0: 3 0x80006c56 (0x1b5288a3) mem 0x80011662 0xe4
core   0: 0x80006c5a (0x0001a117) auipc   sp, 0x1a
core   0: 3 0x80006c5a (0x0001a117) x 2 0x80020c5a
core   0: 0x80006c5e (0xad010113) addi    sp, sp, -1328
core   0: 3 0x80006c5e (0xad010113) x 2 0x8002072a
core   0: 0x80006c62 (0x29014d83) lbu     s11, 656(sp)
core   0: 3 0x80006c62 (0x29014d83) x27 0x00000071 mem 0x800209ba
core   0: 0x80006c66 (0xc4b10803) lb      a6, -949(sp)
core   0: 3 0x80006c66 (0xc4b10803) x16 0x0000002e mem 0x80020375
core   0: 0x80006c6a (0x105106a3) sb      t0, 269(sp)
core   0: 3 0x80006c6a (0x105106a3) mem 0x80020837 0xb1
core   0: 0x80006c6e (0xfdd14983) lbu     s3, -35(sp)
core   0: 3 0x80006c6e (0xfdd14983) x19 0x000000bc mem 0x80020707
core   0: 0x80006c72 (0xb6611703) lh      a4, -1178(sp)
core   0: 3 0x80006c72 (0xb6611703) x14 0x00004a4b mem 0x80020290
core   0: 0x80006c76 (0x1cc294a3) sh      a2, 457(t0)
core   0: 3 0x80006c76 (0x1cc294a3) mem 0x8001167a 0x00a9
core   0: 0x80006c7a (0xff714903) lbu     s2, -9(sp)
core   0: 3 0x80006c7a (0xff714903) x18 0x000000da mem 0x80020721
core   0: 0x80006c7e (0x267291a3) sh      t2, 611(t0)
core   0: 3 0x80006c7e (0x267291a3) mem 0x80011714 0x0001
core   0: 0x80006c82 (0x0f228e23) sb      s2, 252(t0)
core   0: 3 0x80006c82 (0x0f228e23) mem 0x800115ad 0xda
core   0: 0x80006c86 (0xefe15983) lhu     s3, -258(sp)
core   0: 3 0x80006c86 (0xefe15983) x19 0x0000e2e3 mem 0x80020628
core   0: 0x80006c8a (0xbdd104a3) sb      t4, -1079(sp)
core   0: 3 0x80006c8a (0xbdd104a3) mem 0x800202f3 0x0
core   0: 0x80006c8e (0x7c328f03) lb      t5, 1987(t0)
core   0: 3 0x80006c8e (0x7c328f03) x30 0x0000002f mem 0x80011c74
core   0: 0x80006c92 (0x5cf14a03) lbu     s4, 1487(sp)
core   0: 3 0x80006c92 (0x5cf14a03) x20 0x000000b2 mem 0x80020cf9
core   0: 0x80006c96 (0x0000e117) auipc   sp, 0xe
core   0: 3 0x80006c96 (0x0000e117) x 2 0x80014c96
core   0: 0x80006c9a (0xdbd10113) addi    sp, sp, -579
core   0: 3 0x80006c9a (0xdbd10113) x 2 0x80014a53
core   0: 0x80006c9e (0x0000c097) auipc   ra, 0xc
core   0: 3 0x80006c9e (0x0000c097) x 1 0x80012c9e
core   0: 0x80006ca2 (0xd3e08093) addi    ra, ra, -706
core   0: 3 0x80006ca2 (0xd3e08093) x 1 0x800129dc
core   0: 0x80006ca6 (0xf2315483) lhu     s1, -221(sp)
core   0: 3 0x80006ca6 (0xf2315483) x 9 0x00002c2d mem 0x80014976
core   0: 0x80006caa (0xf9315e83) lhu     t4, -109(sp)
core   0: 3 0x80006caa (0xf9315e83) x29 0x00009c9d mem 0x800149e6
core   0: 0x80006cae (0xf27082a3) sb      t2, -219(ra)
core   0: 3 0x80006cae (0xf27082a3) mem 0x80012901 0x1
core   0: 0x80006cb2 (0x0560d283) lhu     t0, 86(ra)
core   0: 3 0x80006cb2 (0x0560d283) x 5 0x0000e8e9 mem 0x80012a32
core   0: 0x80006cb6 (0x0ec10d23) sb      a2, 250(sp)
core   0: 3 0x80006cb6 (0x0ec10d23) mem 0x80014b4d 0xa9
core   0: 0x80006cba (0x08110283) lb      t0, 129(sp)
core   0: 3 0x80006cba (0x08110283) x 5 0xffffff8f mem 0x80014ad4
core   0: 0x80006cbe (0x00e09303) lh      t1, 14(ra)
core   0: 3 0x80006cbe (0x00e09303) x 6 0xffffa0a1 mem 0x800129ea
core   0: 0x80006cc2 (0x0df15603) lhu     a2, 223(sp)
core   0: 3 0x80006cc2 (0x0df15603) x12 0x0000e8e9 mem 0x80014b32
core   0: 0x80006cc6 (0xf260da03) lhu     s4, -218(ra)
core   0: 3 0x80006cc6 (0xf260da03) x20 0x0000b8b9 mem 0x80012902
core   0: 0x80006cca (0xf3d0c583) lbu     a1, -195(ra)
core   0: 3 0x80006cca (0xf3d0c583) x11 0x000000d2 mem 0x80012919
core   0: 0x80006cce (0xff6111a3) sh      s6, -29(sp)
core   0: 3 0x80006cce (0xff6111a3) mem 0x80014a36 0x000e
core   0: 0x80006cd2 (0x02c08ba3) sb      a2, 55(ra)
core   0: 3 0x80006cd2 (0x02c08ba3) mem 0x80012a13 0xe9
core   0: 0x80006cd6 (0xfe511b83) lh      s7, -27(sp)
core   0: 3 0x80006cd6 (0xfe511b83) x23 0xfffff2f3 mem 0x80014a38
core   0: 0x80006cda (0xf2508d03) lb      s10, -219(ra)
core   0: 3 0x80006cda (0xf2508d03) x26 0x00000001 mem 0x80012901
core   0: 0x80006cde (0x0000c297) auipc   t0, 0xc
core   0: 3 0x80006cde (0x0000c297) x 5 0x80012cde
core   0: 0x80006ce2 (0x45128293) addi    t0, t0, 1105
core   0: 3 0x80006ce2 (0x45128293) x 5 0x8001312f
core   0: 0x80006ce6 (0x00000625) c.addi  a2, 9
core   0: 3 0x80006ce6 (0x0625) x12 0x0000e8f2
core   0: 0x80006ce8 (0xec37c493) xori    s1, a5, -317
core   0: 3 0x80006ce8 (0xec37c493) x 9 0xfffffeaa
core   0: 0x80006cec (0x0721f393) andi    t2, gp, 114
core   0: 3 0x80006cec (0x0721f393) x 7 0x00000040
core   0: 0x80006cf0 (0x00001504) c.addi4spn s1, sp, 672
core   0: 3 0x80006cf0 (0x1504) x 9 0x80014cf3
core   0: 0x80006cf2 (0x00021493) slli    s1, tp, 0
core   0: 3 0x80006cf2 (0x00021493) x 9 0x00000002
core   0: 0x80006cf6 (0x00000135) c.addi  sp, 13
core   0: 3 0x80006cf6 (0x0135) x 2 0x80014a60
core   0: 0x80006cf8 (0xfe42c603) lbu     a2, -28(t0)
core   0: 3 0x80006cf8 (0xfe42c603) x12 0x000000c8 mem 0x80013113
core   0: 0x80006cfc (0x007a3433) sltu    s0, s4, t2
core   0: 3 0x80006cfc (0x007a3433) x 8 0x00000000
core   0: 0x80006d00 (0xfc528ca3) sb      t0, -39(t0)
core   0: 3 0x80006d00 (0xfc528ca3) mem 0x80013108 0x2f
core   0: 0x80006d04 (0x00008989) c.andi  a1, 2
core   0: 3 0x80006d04 (0x8989) x11 0x00000002
core   0: 0x80006d06 (0x0282ce83) lbu     t4, 40(t0)
core   0: 3 0x80006d06 (0x0282ce83) x29 0x0000000c mem 0x80013157
core   0: 0x80006d0a (0x03729383) lh      t2, 55(t0)
core   0: 3 0x80006d0a (0x03729383) x 7 0x00001c1d mem 0x80013166
core   0: 0x80006d0e (0xae6cd097) auipc   ra, 0xae6cd
core   0: 3 0x80006d0e (0xae6cd097) x 1 0x2e6d3d0e
core   0: 0x80006d12 (0x00008d39) c.xor   a0, a4
core   0: 3 0x80006d12 (0x8d39) x10 0x00004a87
core   0: 0x80006d14 (0x40715c93) srai    s9, sp, 7
core   0: 3 0x80006d14 (0x40715c93) x25 0xff000294
core   0: 0x80006d18 (0x0152c183) lbu     gp, 21(t0)
core   0: 3 0x80006d18 (0x0152c183) x 3 0x000000ff mem 0x80013144
core   0: 0x80006d1c (0xfc028ba3) sb      zero, -41(t0)
core   0: 3 0x80006d1c (0xfc028ba3) mem 0x80013106 0x0
core   0: 0x80006d20 (0x015ad933) srl     s2, s5, s5
core   0: 3 0x80006d20 (0x015ad933) x18 0x08002ace
core   0: 0x80006d24 (0xfee28a03) lb      s4, -18(t0)
core   0: 3 0x80006d24 (0xfee28a03) x20 0xffffffd6 mem 0x8001311d
core   0: 0x80006d28 (0x4133d3b3) sra     t2, t2, s3
core   0: 3 0x80006d28 (0x4133d3b3) x 7 0x00000383
core   0: 0x80006d2c (0xfc02c083) lbu     ra, -64(t0)
core   0: 3 0x80006d2c (0xfc02c083) x 1 0x000000a4 mem 0x800130ef
core   0: 0x80006d30 (0x03028b83) lb      s7, 48(t0)
core   0: 3 0x80006d30 (0x03028b83) x23 0x00000014 mem 0x8001315f
core   0: 0x80006d34 (0x0100d093) srli    ra, ra, 16
core   0: 3 0x80006d34 (0x0100d093) x 1 0x00000000
core   0: 0x80006d38 (0xfdf2cf83) lbu     t6, -33(t0)
core   0: 3 0x80006d38 (0xfdf2cf83) x31 0x000000c5 mem 0x8001310e
core   0: 0x80006d3c (0xfd728103) lb      sp, -41(t0)
core   0: 3 0x80006d3c (0xfd728103) x 2 0x00000000 mem 0x80013106
core   0: 0x80006d40 (0x02c28e03) lb      t3, 44(t0)
core   0: 3 0x80006d40 (0x02c28e03) x28 0x00000000 mem 0x8001315b
core   0: 0x80006d44 (0xffc28d23) sb      t3, -6(t0)
core   0: 3 0x80006d44 (0xffc28d23) mem 0x80013129 0x0
core   0: 0x80006d48 (0x000064b9) c.lui   s1, 0xe
core   0: 3 0x80006d48 (0x64b9) x 9 0x0000e000
core   0: 0x80006d4a (0xfe9298a3) sh      s1, -15(t0)
core   0: 3 0x80006d4a (0xfe9298a3) mem 0x80013120 0xe000
core   0: 0x80006d4e (0x0ff0000f) fence   iorw,iorw
core   0: 3 0x80006d4e (0x0ff0000f)
core   0: 0x80006d52 (0x02905cb3) divu    s9, zero, s1
core   0: 3 0x80006d52 (0x02905cb3) x25 0x00000000
core   0: 0x80006d56 (0x03a0c1b3) div     gp, ra, s10
core   0: 3 0x80006d56 (0x03a0c1b3) x 3 0x00000000
core   0: 0x80006d5a (0x0392dd83) lhu     s11, 57(t0)
core   0: 3 0x80006d5a (0x0392dd83) x27 0x00002223 mem 0x80013168
core   0: 0x80006d5e (0x00011617) auipc   a2, 0x11
core   0: 3 0x80006d5e (0x00011617) x12 0x80017d5e
core   0: 0x80006d62 (0x14060613) addi    a2, a2, 320
core   0: 3 0x80006d62 (0x14060613) x12 0x80017e9e
core   0: 0x80006d66 (0x007600a3) sb      t2, 1(a2)
core   0: 3 0x80006d66 (0x007600a3) mem 0x80017e9f 0x83
core   0: 0x80006d6a (0x00f600a3) sb      a5, 1(a2)
core   0: 3 0x80006d6a (0x00f600a3) mem 0x80017e9f 0x69
core   0: 0x80006d6e (0x00164d83) lbu     s11, 1(a2)
core   0: 3 0x80006d6e (0x00164d83) x27 0x00000069 mem 0x80017e9f
core   0: 0x80006d72 (0x00164903) lbu     s2, 1(a2)
core   0: 3 0x80006d72 (0x00164903) x18 0x00000069 mem 0x80017e9f
core   0: 0x80006d76 (0x00164383) lbu     t2, 1(a2)
core   0: 3 0x80006d76 (0x00164383) x 7 0x00000069 mem 0x80017e9f
core   0: 0x80006d7a (0x01a600a3) sb      s10, 1(a2)
core   0: 3 0x80006d7a (0x01a600a3) mem 0x80017e9f 0x1
core   0: 0x80006d7e (0x9a190a13) addi    s4, s2, -1631
core   0: 3 0x80006d7e (0x9a190a13) x20 0xfffffa0a
core   0: 0x80006d82 (0x002600a3) sb      sp, 1(a2)
core   0: 3 0x80006d82 (0x002600a3) mem 0x80017e9f 0x0
core   0: 0x80006d86 (0x00164383) lbu     t2, 1(a2)
core   0: 3 0x80006d86 (0x00164383) x 7 0x00000000 mem 0x80017e9f
core   0: 0x80006d8a (0x00164b83) lbu     s7, 1(a2)
core   0: 3 0x80006d8a (0x00164b83) x23 0x00000000 mem 0x80017e9f
core   0: 0x80006d8e (0x00164583) lbu     a1, 1(a2)
core   0: 3 0x80006d8e (0x00164583) x11 0x00000000 mem 0x80017e9f
core   0: 0x80006d92 (0x00160003) lb      zero, 1(a2)
core   0: 3 0x80006d92 (0x00160003) mem 0x80017e9f
core   0: 0x80006d96 (0x00164383) lbu     t2, 1(a2)
core   0: 3 0x80006d96 (0x00164383) x 7 0x00000000 mem 0x80017e9f
core   0: 0x80006d9a (0x0000ca17) auipc   s4, 0xc
core   0: 3 0x80006d9a (0x0000ca17) x20 0x80012d9a
core   0: 0x80006d9e (0x98ba0a13) addi    s4, s4, -1653
core   0: 3 0x80006d9e (0x98ba0a13) x20 0x80012725
core   0: 0x80006da2 (0x00019497) auipc   s1, 0x19
core   0: 3 0x80006da2 (0x00019497) x 9 0x8001fda2
core   0: 0x80006da6 (0x47048493) addi    s1, s1, 1136
core   0: 3 0x80006da6 (0x47048493) x 9 0x80020212
core   0: 0x80006daa (0xf4fa5f03) lhu     t5, -177(s4)
core   0: 3 0x80006daa (0xf4fa5f03) x30 0x00002e2f mem 0x80012674
core   0: 0x80006dae (0x00019d97) auipc   s11, 0x19
core   0: 3 0x80006dae (0x00019d97) x27 0x8001fdae
core   0: 0x80006db2 (0x29fd8d93) addi    s11, s11, 671
core   0: 3 0x80006db2 (0x29fd8d93) x27 0x8002004d
core   0: 0x80006db6 (0xf2848aa3) sb      s0, -203(s1)
core   0: 3 0x80006db6 (0xf2848aa3) mem 0x80020147 0x0
core   0: 0x80006dba (0x00017c97) auipc   s9, 0x17
core   0: 3 0x80006dba (0x00017c97) x25 0x8001ddba
core   0: 0x80006dbe (0x989c8c93) addi    s9, s9, -1655
core   0: 3 0x80006dbe (0x989c8c93) x25 0x8001d743
core   0: 0x80006dc2 (0x06ca0803) lb      a6, 108(s4)
core   0: 3 0x80006dc2 (0x06ca0803) x16 0x0000004a mem 0x80012791
core   0: 0x80006dc6 (0x00fcd103) lhu     sp, 15(s9)
core   0: 3 0x80006dc6 (0x00fcd103) x 2 0x00000809 mem 0x8001d752
core   0: 0x80006dca (0x002cc583) lbu     a1, 2(s9)
core   0: 3 0x80006dca (0x002cc583) x11 0x000000fe mem 0x8001d745
core   0: 0x80006dce (0x03048f23) sb      a6, 62(s1)
core   0: 3 0x80006dce (0x03048f23) mem 0x80020250 0x4a
core   0: 0x80006dd2 (0xffbcd203) lhu     tp, -5(s9)
core   0: 3 0x80006dd2 (0xffbcd203) x 4 0x0000f4f5 mem 0x8001d73e
core   0: 0x80006dd6 (0xff1dd303) lhu     t1, -15(s11)
core   0: 3 0x80006dd6 (0xff1dd303) x 6 0x0000f4f5 mem 0x8002003e
core   0: 0x80006dda (0xfb64a183) lw      gp, -74(s1)
core   0: 3 0x80006dda (0xfb64a183) x 3 0x80818283 mem 0x800201c8
core   0: 0x80006dde (0xff7a4203) lbu     tp, -9(s4)
core   0: 3 0x80006dde (0xff7a4203) x 4 0x000000d7 mem 0x8001271c
core   0: 0x80006de2 (0xfd14c583) lbu     a1, -47(s1)
core   0: 3 0x80006de2 (0xfd14c583) x11 0x00000098 mem 0x800201e3
core   0: 0x80006de6 (0xff1c9783) lh      a5, -15(s9)
core   0: 3 0x80006de6 (0xff1c9783) x15 0xffffeeef mem 0x8001d734
core   0: 0x80006dea (0x09048583) lb      a1, 144(s1)
core   0: 3 0x80006dea (0x09048583) x11 0x00000059 mem 0x800202a2
core   0: 0x80006dee (0x041a4f03) lbu     t5, 65(s4)
core   0: 3 0x80006dee (0x041a4f03) x30 0x0000001d mem 0x80012766
core   0: 0x80006df2 (0x002c8e83) lb      t4, 2(s9)
core   0: 3 0x80006df2 (0x002c8e83) x29 0xfffffffe mem 0x8001d745
core   0: 0x80006df6 (0xffad8403) lb      s0, -6(s11)
core   0: 3 0x80006df6 (0xffad8403) x 8 0xfffffffc mem 0x80020047
core   0: 0x80006dfa (0x0394c703) lbu     a4, 57(s1)
core   0: 3 0x80006dfa (0x0394c703) x14 0x00000000 mem 0x8002024b
core   0: 0x80006dfe (0x008dc383) lbu     t2, 8(s11)
core   0: 3 0x80006dfe (0x008dc383) x 7 0x0000000e mem 0x80020055
core   0: 0x80006e02 (0x00d4c403) lbu     s0, 13(s1)
core   0: 3 0x80006e02 (0x00d4c403) x 8 0x000000d4 mem 0x8002021f
core   0: 0x80006e06 (0xffdcd003) lhu     zero, -3(s9)
core   0: 3 0x80006e06 (0xffdcd003) mem 0x8001d740
core   0: 0x80006e0a (0x006d96a3) sh      t1, 13(s11)
core   0: 3 0x80006e0a (0x006d96a3) mem 0x8002005a 0xf4f5
core   0: 0x80006e0e (0x00ec8f03) lb      t5, 14(s9)
core   0: 3 0x80006e0e (0x00ec8f03) x30 0x0000000a mem 0x8001d751
core   0: 0x80006e12 (0xf0fa2083) lw      ra, -241(s4)
core   0: 3 0x80006e12 (0xf0fa2083) x 1 0xecedeeef mem 0x80012634
core   0: 0x80006e16 (0x075a0803) lb      a6, 117(s4)
core   0: 3 0x80006e16 (0x075a0803) x16 0x00000051 mem 0x8001279a
core   0: 0x80006e1a (0xffdddc03) lhu     s8, -3(s11)
core   0: 3 0x80006e1a (0xffdddc03) x24 0x00000001 mem 0x8002004a
core   0: 0x80006e1e (0xf10a0e83) lb      t4, -240(s4)
core   0: 3 0x80006e1e (0xf10a0e83) x29 0xffffffee mem 0x80012635
core   0: 0x80006e22 (0x0f148983) lb      s3, 241(s1)
core   0: 3 0x80006e22 (0x0f148983) x19 0xffffffb8 mem 0x80020303
core   0: 0x80006e26 (0xff3da703) lw      a4, -13(s11)
core   0: 3 0x80006e26 (0xff3da703) x14 0xf8f9fafb mem 0x80020040
core   0: 0x80006e2a (0xffecc403) lbu     s0, -2(s9)
core   0: 3 0x80006e2a (0xffecc403) x 8 0x000000fa mem 0x8001d741
core   0: 0x80006e2e (0xf70a0823) sb      a6, -144(s4)
core   0: 3 0x80006e2e (0xf70a0823) mem 0x80012695 0x51
core   0: 0x80006e32 (0x0bf48903) lb      s2, 191(s1)
core   0: 3 0x80006e32 (0x0bf48903) x18 0xffffff8a mem 0x800202d1
core   0: 0x80006e36 (0x092a0983) lb      s3, 146(s4)
core   0: 3 0x80006e36 (0x092a0983) x19 0x0000006c mem 0x800127b7
core   0: 0x80006e3a (0xf5a4cb83) lbu     s7, -166(s1)
core   0: 3 0x80006e3a (0xf5a4cb83) x23 0x00000027 mem 0x8002016c
core   0: 0x80006e3e (0xff7c8823) sb      s7, -16(s9)
core   0: 3 0x80006e3e (0xff7c8823) mem 0x8001d733 0x27
core   0: 0x80006e42 (0x014ca0a3) sw      s4, 1(s9)
core   0: 3 0x80006e42 (0x014ca0a3) mem 0x8001d744 0x80012725
core   0: 0x80006e46 (0x037a2383) lw      t2, 55(s4)
core   0: 3 0x80006e46 (0x037a2383) x 7 0x14151617 mem 0x8001275c
core   0: 0x80006e4a (0x0000a497) auipc   s1, 0xa
core   0: 3 0x80006e4a (0x0000a497) x 9 0x80010e4a
core   0: 0x80006e4e (0x30448493) addi    s1, s1, 772
core   0: 3 0x80006e4e (0x30448493) x 9 0x8001114e
core   0: 0x80006e52 (0x0000a197) auipc   gp, 0xa
core   0: 3 0x80006e52 (0x0000a197) x 3 0x80010e52
core   0: 0x80006e56 (0x58e18193) addi    gp, gp, 1422
core   0: 3 0x80006e56 (0x58e18193) x 3 0x800113e0
core   0: 0x80006e5a (0x0000a297) auipc   t0, 0xa
core   0: 3 0x80006e5a (0x0000a297) x 5 0x80010e5a
core   0: 0x80006e5e (0x69e28293) addi    t0, t0, 1694
core   0: 3 0x80006e5e (0x69e28293) x 5 0x800114f8
core   0: 0x80006e62 (0xfdb28583) lb      a1, -37(t0)
core   0: 3 0x80006e62 (0xfdb28583) x11 0xffffff88 mem 0x800114d3
core   0: 0x80006e66 (0x0000b717) auipc   a4, 0xb
core   0: 3 0x80006e66 (0x0000b717) x14 0x80011e66
core   0: 0x80006e6a (0xb0570713) addi    a4, a4, -1275
core   0: 3 0x80006e6a (0xb0570713) x14 0x8001196b
core   0: 0x80006e6e (0x01419c83) lh      s9, 20(gp)
core   0: 3 0x80006e6e (0x01419c83) x25 0xffffff1f mem 0x800113f4
core   0: 0x80006e72 (0xf9f49823) sh      t6, -112(s1)
core   0: 3 0x80006e72 (0xf9f49823) mem 0x800110de 0x00c5
core   0: 0x80006e76 (0xffd72003) lw      zero, -3(a4)
core   0: 3 0x80006e76 (0xffd72003) mem 0x80011968
core   0: 0x80006e7a (0xfe128e03) lb      t3, -31(t0)
core   0: 3 0x80006e7a (0xfe128e03) x28 0xffffff92 mem 0x800114d9
core   0: 0x80006e7e (0xff219b23) sh      s2, -10(gp)
core   0: 3 0x80006e7e (0xff219b23) mem 0x800113d6 0xff8a
core   0: 0x80006e82 (0x0b7486a3) sb      s7, 173(s1)
core   0: 3 0x80006e82 (0x0b7486a3) mem 0x800111fb 0x27
core   0: 0x80006e86 (0x0000a517) auipc   a0, 0xa
core   0: 3 0x80006e86 (0x0000a517) x10 0x80010e86
core   0: 0x80006e8a (0x20350513) addi    a0, a0, 515
core   0: 3 0x80006e8a (0x20350513) x10 0x80011089
core   0: 0x80006e8e (0x036285a3) sb      s6, 43(t0)
core   0: 3 0x80006e8e (0x036285a3) mem 0x80011523 0xe
core   0: 0x80006e92 (0xffe4d103) lhu     sp, -2(s1)
core   0: 3 0x80006e92 (0xffe4d103) x 2 0x0000ff07 mem 0x8001114c
core   0: 0x80006e96 (0x02e29083) lh      ra, 46(t0)
core   0: 3 0x80006e96 (0x02e29083) x 1 0x00000cdd mem 0x80011526
core   0: 0x80006e9a (0xff270583) lb      a1, -14(a4)
core   0: 3 0x80006e9a (0xff270583) x11 0x00000016 mem 0x8001195d
core   0: 0x80006e9e (0xfe01d603) lhu     a2, -32(gp)
core   0: 3 0x80006e9e (0xfe01d603) x12 0x00007a7b mem 0x800113c0
core   0: 0x80006ea2 (0xfef28f23) sb      a5, -2(t0)
core   0: 3 0x80006ea2 (0xfef28f23) mem 0x800114f6 0xef
core   0: 0x80006ea6 (0xffc50e83) lb      t4, -4(a0)
core   0: 3 0x80006ea6 (0xffc50e83) x29 0x0000003e mem 0x80011085
core   0: 0x80006eaa (0x01229403) lh      s0, 18(t0)
core   0: 3 0x80006eaa (0x01229403) x 8 0xffffc0c1 mem 0x8001150a
core   0: 0x80006eae (0xfed52da3) sw      a3, -5(a0)
core   0: 3 0x80006eae (0xfed52da3) mem 0x80011084 0xfc094c38
core   0: 0x80006eb2 (0x03348e03) lb      t3, 51(s1)
core   0: 3 0x80006eb2 (0x03348e03) x28 0x00000000 mem 0x80011181
core   0: 0x80006eb6 (0xff62dd83) lhu     s11, -10(t0)
core   0: 3 0x80006eb6 (0xff62dd83) x27 0x0000a4a5 mem 0x800114ee
core   0: 0x80006eba (0x01b70723) sb      s11, 14(a4)
core   0: 3 0x80006eba (0x01b70723) mem 0x80011979 0xa5
core   0: 0x80006ebe (0xfdf1cb83) lbu     s7, -33(gp)
core   0: 3 0x80006ebe (0xfdf1cb83) x23 0x00000074 mem 0x800113bf
core   0: 0x80006ec2 (0x01a18523) sb      s10, 10(gp)
core   0: 3 0x80006ec2 (0x01a18523) mem 0x800113ea 0x1
core   0: 0x80006ec6 (0x04028203) lb      tp, 64(t0)
core   0: 3 0x80006ec6 (0x04028203) x 4 0xfffffff3 mem 0x80011538
core   0: 0x80006eca (0x07648f83) lb      t6, 118(s1)
core   0: 3 0x80006eca (0x07648f83) x31 0x0000007f mem 0x800111c4
core   0: 0x80006ece (0x012720a3) sw      s2, 1(a4)
core   0: 3 0x80006ece (0x012720a3) mem 0x8001196c 0xffffff8a
core   0: 0x80006ed2 (0x00850783) lb      a5, 8(a0)
core   0: 3 0x80006ed2 (0x00850783) x15 0x0000004a mem 0x80011091
core   0: 0x80006ed6 (0xfd518083) lb      ra, -43(gp)
core   0: 3 0x80006ed6 (0xfd518083) x 1 0x0000006e mem 0x800113b5
core   0: 0x80006eda (0x03828fa3) sb      s8, 63(t0)
core   0: 3 0x80006eda (0x03828fa3) mem 0x80011537 0x1
core   0: 0x80006ede (0x0d84db03) lhu     s6, 216(s1)
core   0: 3 0x80006ede (0x0d84db03) x22 0x00000000 mem 0x80011226
core   0: 0x80006ee2 (0x0df48103) lb      sp, 223(s1)
core   0: 3 0x80006ee2 (0x0df48103) x 2 0xffffffe6 mem 0x8001122d
core   0: 0x80006ee6 (0x0201ad03) lw      s10, 32(gp)
core   0: 3 0x80006ee6 (0x0201ad03) x26 0xb8b9babb mem 0x80011400
core   0: 0x80006eea (0x0302a983) lw      s3, 48(t0)
core   0: 3 0x80006eea (0x0302a983) x19 0x10e1e2e3 mem 0x80011528
core   0: 0x80006eee (0x00c50083) lb      ra, 12(a0)
core   0: 3 0x80006eee (0x00c50083) x 1 0x0000004e mem 0x80011095
core   0: 0x80006ef2 (0xfd718383) lb      t2, -41(gp)
core   0: 3 0x80006ef2 (0xfd718383) x 7 0xffffffc9 mem 0x800113b7
core   0: 0x80006ef6 (0x01c70423) sb      t3, 8(a4)
core   0: 3 0x80006ef6 (0x01c70423) mem 0x80011973 0x0
core   0: 0x80006efa (0x00a516a3) sh      a0, 13(a0)
core   0: 3 0x80006efa (0x00a516a3) mem 0x80011096 0x1089
core   0: 0x80006efe (0xf9748403) lb      s0, -105(s1)
core   0: 3 0x80006efe (0xf9748403) x 8 0xffffff9e mem 0x800110e5
core   0: 0x80006f02 (0x00016f97) auipc   t6, 0x16
core   0: 3 0x80006f02 (0x00016f97) x31 0x8001cf02
core   0: 0x80006f06 (0xe05f8f93) addi    t6, t6, -507
core   0: 3 0x80006f06 (0xe05f8f93) x31 0x8001cd07
core   0: 0x80006f0a (0xfb5faf03) lw      t5, -75(t6)
core   0: 3 0x80006f0a (0xfb5faf03) x30 0x74757677 mem 0x8001ccbc
core   0: 0x80006f0e (0xfb8faaa3) sw      s8, -75(t6)
core   0: 3 0x80006f0e (0xfb8faaa3) mem 0x8001ccbc 0x00000001
core   0: 0x80006f12 (0xfb5f9303) lh      t1, -75(t6)
core   0: 3 0x80006f12 (0xfb5f9303) x 6 0x00000001 mem 0x8001ccbc
core   0: 0x80006f16 (0x00b0b2b3) sltu    t0, ra, a1
core   0: 3 0x80006f16 (0x00b0b2b3) x 5 0x00000000
core   0: 0x80006f1a (0xfb5f9403) lh      s0, -75(t6)
core   0: 3 0x80006f1a (0xfb5f9403) x 8 0x00000001 mem 0x8001ccbc
core   0: 0x80006f1e (0xf0ef8b03) lb      s6, -242(t6)
core   0: 3 0x80006f1e (0xf0ef8b03) x22 0xffffffce mem 0x8001cc15
core   0: 0x80006f22 (0xf04f8723) sb      tp, -242(t6)
core   0: 3 0x80006f22 (0xf04f8723) mem 0x8001cc15 0xf3
core   0: 0x80006f26 (0xfa4f96a3) sh      tp, -83(t6)
core   0: 3 0x80006f26 (0xfa4f96a3) mem 0x8001ccb4 0xfff3
core   0: 0x80006f2a (0x0ff0000f) fence   iorw,iorw
core   0: 3 0x80006f2a (0x0ff0000f)
core   0: 0x80006f2e (0x070f8c23) sb      a6, 120(t6)
core   0: 3 0x80006f2e (0x070f8c23) mem 0x8001cd7f 0x51
core   0: 0x80006f32 (0x07cf8c23) sb      t3, 120(t6)
core   0: 3 0x80006f32 (0x07cf8c23) mem 0x8001cd7f 0x0
core   0: 0x80006f36 (0x00000001) c.nop
core   0: 3 0x80006f36 (0x0001)
core   0: 0x80006f38 (0x078f8903) lb      s2, 120(t6)
core   0: 3 0x80006f38 (0x078f8903) x18 0x00000000 mem 0x8001cd7f
core   0: 0x80006f3c (0x078fc283) lbu     t0, 120(t6)
core   0: 3 0x80006f3c (0x078fc283) x 5 0x00000000 mem 0x8001cd7f
core   0: 0x80006f40 (0x078fc983) lbu     s3, 120(t6)
core   0: 3 0x80006f40 (0x078fc983) x19 0x00000000 mem 0x8001cd7f
core   0: 0x80006f44 (0x0000ac97) auipc   s9, 0xa
core   0: 3 0x80006f44 (0x0000ac97) x25 0x80010f44
core   0: 0x80006f48 (0x493c8c93) addi    s9, s9, 1171
core   0: 3 0x80006f48 (0x493c8c93) x25 0x800113d7
core   0: 0x80006f4c (0x0000b817) auipc   a6, 0xb
core   0: 3 0x80006f4c (0x0000b817) x16 0x80011f4c
core   0: 0x80006f50 (0xaa580813) addi    a6, a6, -1371
core   0: 3 0x80006f50 (0xaa580813) x16 0x800119f1
core   0: 0x80006f54 (0xd1bca0a3) sw      s11, -767(s9)
core   0: 3 0x80006f54 (0xd1bca0a3) mem 0x800110d8 0x0000a4a5
core   0: 0x80006f58 (0xeacc8f23) sb      a2, -322(s9)
core   0: 3 0x80006f58 (0xeacc8f23) mem 0x80011295 0x7b
core   0: 0x80006f5c (0xf6d85483) lhu     s1, -147(a6)
core   0: 3 0x80006f5c (0xf6d85483) x 9 0x00001415 mem 0x8001195e
core   0: 0x80006f60 (0x50dc9e83) lh      t4, 1293(s9)
core   0: 3 0x80006f60 (0x50dc9e83) x29 0xffff9e9f mem 0x800118e4
core   0: 0x80006f64 (0x470c9ca3) sh      a6, 1145(s9)
core   0: 3 0x80006f64 (0x470c9ca3) mem 0x80011850 0x19f1
core   0: 0x80006f68 (0x0000a197) auipc   gp, 0xa
core   0: 3 0x80006f68 (0x0000a197) x 3 0x80010f68
core   0: 0x80006f6c (0x64f18193) addi    gp, gp, 1615
core   0: 3 0x80006f6c (0x64f18193) x 3 0x800115b7
core   0: 0x80006f70 (0x1f6c8a23) sb      s6, 500(s9)
core   0: 3 0x80006f70 (0x1f6c8a23) mem 0x800115cb 0xce
core   0: 0x80006f74 (0xfea18d83) lb      s11, -22(gp)
core   0: 3 0x80006f74 (0xfea18d83) x27 0x0000005a mem 0x800115a1
core   0: 0x80006f78 (0xf1680a23) sb      s6, -236(a6)
core   0: 3 0x80006f78 (0xf1680a23) mem 0x80011905 0xce
core   0: 0x80006f7c (0x1ed1dd83) lhu     s11, 493(gp)
core   0: 3 0x80006f7c (0x1ed1dd83) x27 0x000000d1 mem 0x800117a4
core   0: 0x80006f80 (0x408c8603) lb      a2, 1032(s9)
core   0: 3 0x80006f80 (0x408c8603) x12 0xffffff94 mem 0x800117df
core   0: 0x80006f84 (0x6cb196a3) sh      a1, 1741(gp)
core   0: 3 0x80006f84 (0x6cb196a3) mem 0x80011c84 0x0016
core   0: 0x80006f88 (0x07480c03) lb      s8, 116(a6)
core   0: 3 0x80006f88 (0x07480c03) x24 0x0000001e mem 0x80011a65
core   0: 0x80006f8c (0xe731c203) lbu     tp, -397(gp)
core   0: 3 0x80006f8c (0xe731c203) x 4 0x000000e1 mem 0x8001142a
core   0: 0x80006f90 (0xcd71de83) lhu     t4, -809(gp)
core   0: 3 0x80006f90 (0xcd71de83) x29 0x00004445 mem 0x8001128e
core   0: 0x80006f94 (0x5b21aea3) sw      s2, 1469(gp)
core   0: 3 0x80006f94 (0x5b21aea3) mem 0x80011b74 0x00000000
core   0: 0x80006f98 (0xf4580623) sb      t0, -180(a6)
core   0: 3 0x80006f98 (0xf4580623) mem 0x8001193d 0x0
core   0: 0x80006f9c (0x36e1c083) lbu     ra, 878(gp)
core   0: 3 0x80006f9c (0x36e1c083) x 1 0x000000de mem 0x80011925
core   0: 0x80006fa0 (0x497c8c03) lb      s8, 1175(s9)
core   0: 3 0x80006fa0 (0x497c8c03) x24 0x00000025 mem 0x8001186e
core   0: 0x80006fa4 (0xdefc8823) sb      a5, -528(s9)
core   0: 3 0x80006fa4 (0xdefc8823) mem 0x800111c7 0x4a
core   0: 0x80006fa8 (0x01c84483) lbu     s1, 28(a6)
core   0: 3 0x80006fa8 (0x01c84483) x 9 0x000000c6 mem 0x80011a0d
core   0: 0x80006fac (0x0d018203) lb      tp, 208(gp)
core   0: 3 0x80006fac (0x0d018203) x 4 0x0000003c mem 0x80011687
core   0: 0x80006fb0 (0x01c000ef) jal     pc + 0x1c
core   0: 3 0x80006fb0 (0x01c000ef) x 1 0x80006fb4
core   0: 0x80006fcc (0x00002039) c.jal   pc + 14
core   0: 3 0x80006fcc (0x2039) x 1 0x80006fce
core   0: 0x80006fda (0xfebff36f) jal     t1, pc - 0x16
core   0: 3 0x80006fda (0xfebff36f) x 6 0x80006fde
core   0: 0x80006fc4 (0x00002009) c.jal   pc + 2
core   0: 3 0x80006fc4 (0x2009) x 1 0x80006fc6
core   0: 0x80006fc6 (0x000037fd) c.jal   pc - 18
core   0: 3 0x80006fc6 (0x37fd) x 1 0x80006fc8
core   0: 0x80006fb4 (0x0000a035) c.j     pc + 44
core   0: 3 0x80006fb4 (0xa035)
core   0: 0x80006fe0 (0xfdbff0ef) jal     pc - 0x26
core   0: 3 0x80006fe0 (0xfdbff0ef) x 1 0x80006fe4
core   0: 0x80006fba (0x01c0016f) jal     sp, pc + 0x1c
core   0: 3 0x80006fba (0x01c0016f) x 2 0x80006fbe
core   0: 0x80006fd6 (0x000037f5) c.jal   pc - 20
core   0: 3 0x80006fd6 (0x37f5) x 1 0x80006fd8
core   0: 0x80006fc2 (0x00002015) c.jal   pc + 36
core   0: 3 0x80006fc2 (0x2015) x 1 0x80006fc4
core   0: 0x80006fe6 (0x0000a809) c.j     pc + 18
core   0: 3 0x80006fe6 (0xa809)
core   0: 0x80006ff8 (0x00002019) c.jal   pc + 6
core   0: 3 0x80006ff8 (0x2019) x 1 0x80006ffa
core   0: 0x80006ffe (0x0000b7f5) c.j     pc - 20
core   0: 3 0x80006ffe (0xb7f5)
core   0: 0x80006fea (0x0100036f) jal     t1, pc + 0x10
core   0: 3 0x80006fea (0x0100036f) x 6 0x80006fee
core   0: 0x80006ffa (0x0000bff9) c.j     pc - 34
core   0: 3 0x80006ffa (0xbff9)
core   0: 0x80006fd8 (0x00003fc5) c.jal   pc - 16
core   0: 3 0x80006fd8 (0x3fc5) x 1 0x80006fda
core   0: 0x80006fc8 (0x00002029) c.jal   pc + 10
core   0: 3 0x80006fc8 (0x2029) x 1 0x80006fca
core   0: 0x80006fd2 (0xffdff26f) jal     tp, pc - 0x4
core   0: 3 0x80006fd2 (0xffdff26f) x 4 0x80006fd6
core   0: 0x80006fce (0x01000d6f) jal     s10, pc + 0x10
core   0: 3 0x80006fce (0x01000d6f) x26 0x80006fd2
core   0: 0x80006fde (0x000037f5) c.jal   pc - 20
core   0: 3 0x80006fde (0x37f5) x 1 0x80006fe0
core   0: 0x80006fca (0x0000a035) c.j     pc + 44
core   0: 3 0x80006fca (0xa035)
core   0: 0x80006ff6 (0x0000a019) c.j     pc + 6
core   0: 3 0x80006ff6 (0xa019)
core   0: 0x80006ffc (0x0000b7e5) c.j     pc - 24
core   0: 3 0x80006ffc (0xb7e5)
core   0: 0x80006fe4 (0x00003fe9) c.jal   pc - 38
core   0: 3 0x80006fe4 (0x3fe9) x 1 0x80006fe6
core   0: 0x80006fbe (0xff9ff0ef) jal     pc - 0x8
core   0: 3 0x80006fbe (0xff9ff0ef) x 1 0x80006fc2
core   0: 0x80006fb6 (0x0320026f) jal     tp, pc + 0x32
core   0: 3 0x80006fb6 (0x0320026f) x 4 0x80006fba
core   0: 0x80006fe8 (0x0000a019) c.j     pc + 6
core   0: 3 0x80006fe8 (0xa019)
core   0: 0x80006fee (0x0000a011) c.j     pc + 4
core   0: 3 0x80006fee (0xa011)
core   0: 0x80006ff2 (0xfffff1ef) jal     gp, pc - 0x2
core   0: 3 0x80006ff2 (0xfffff1ef) x 3 0x80006ff6
core   0: 0x80006ff0 (0x0000a801) c.j     pc + 16
core   0: 3 0x80006ff0 (0xa801)
core   0: 0x80007000 (0x006d0bb3) add     s7, s10, t1
core   0: 3 0x80007000 (0x006d0bb3) x23 0x0000dfc0
core   0: 0x80007004 (0x00e000ef) jal     pc + 0xe
core   0: 3 0x80007004 (0x00e000ef) x 1 0x80007008
core   0: 0x80007012 (0xff9ff0ef) jal     pc - 0x8
core   0: 3 0x80007012 (0xff9ff0ef) x 1 0x80007016
core   0: 0x8000700a (0x02e0036f) jal     t1, pc + 0x2e
core   0: 3 0x8000700a (0x02e0036f) x 6 0x8000700e
core   0: 0x80007038 (0xfe1ff36f) jal     t1, pc - 0x20
core   0: 3 0x80007038 (0xfe1ff36f) x 6 0x8000703c
core   0: 0x80007018 (0x0000a035) c.j     pc + 44
core   0: 3 0x80007018 (0xa035)
core   0: 0x80007044 (0x000037d1) c.jal   pc - 60
core   0: 3 0x80007044 (0x37d1) x 1 0x80007046
core   0: 0x80007008 (0x0000a811) c.j     pc + 20
core   0: 3 0x80007008 (0xa811)
core   0: 0x8000701c (0x0000a829) c.j     pc + 26
core   0: 3 0x8000701c (0xa829)
core   0: 0x80007036 (0x00003fed) c.jal   pc - 6
core   0: 3 0x80007036 (0x3fed) x 1 0x80007038
core   0: 0x80007030 (0xff3ff0ef) jal     pc - 0xe
core   0: 3 0x80007030 (0xff3ff0ef) x 1 0x80007034
core   0: 0x80007022 (0x0000b7f5) c.j     pc - 20
core   0: 3 0x80007022 (0xb7f5)
core   0: 0x8000700e (0x0000a801) c.j     pc + 16
core   0: 3 0x8000700e (0xa801)
core   0: 0x8000701e (0x00002819) c.jal   pc + 22
core   0: 3 0x8000701e (0x2819) x 1 0x80007020
core   0: 0x80007034 (0x000037dd) c.jal   pc - 26
core   0: 3 0x80007034 (0x37dd) x 1 0x80007036
core   0: 0x8000701a (0x00002035) c.jal   pc + 44
core   0: 3 0x8000701a (0x2035) x 1 0x8000701c
core   0: 0x80007046 (0xfdbff36f) jal     t1, pc - 0x26
core   0: 3 0x80007046 (0xfdbff36f) x 6 0x8000704a
core   0: 0x80007020 (0x0000a021) c.j     pc + 8
core   0: 3 0x80007020 (0xa021)
core   0: 0x80007028 (0x01800e6f) jal     t3, pc + 0x18
core   0: 3 0x80007028 (0x01800e6f) x28 0x8000702c
core   0: 0x80007040 (0xfe5ff0ef) jal     pc - 0x1c
core   0: 3 0x80007040 (0xfe5ff0ef) x 1 0x80007044
core   0: 0x80007024 (0xfedff0ef) jal     pc - 0x14
core   0: 3 0x80007024 (0xfedff0ef) x 1 0x80007028
core   0: 0x80007010 (0x00002035) c.jal   pc + 44
core   0: 3 0x80007010 (0x2035) x 1 0x80007012
core   0: 0x8000703c (0xfdbff16f) jal     sp, pc - 0x26
core   0: 3 0x8000703c (0xfdbff16f) x 2 0x80007040
core   0: 0x80007016 (0x00002819) c.jal   pc + 22
core   0: 3 0x80007016 (0x2819) x 1 0x80007018
core   0: 0x8000702c (0x01e002ef) jal     t0, pc + 0x1e
core   0: 3 0x8000702c (0x01e002ef) x 5 0x80007030
core   0: 0x8000704a (0x00c10fb3) add     t6, sp, a2
core   0: 3 0x8000704a (0x00c10fb3) x31 0x80006fd4
core   0: 0x8000704e (0x030000ef) jal     pc + 0x30
core   0: 3 0x8000704e (0x030000ef) x 1 0x80007052
core   0: 0x8000707e (0x000037dd) c.jal   pc - 26
core   0: 3 0x8000707e (0x37dd) x 1 0x80007080
core   0: 0x80007064 (0x00002031) c.jal   pc + 12
core   0: 3 0x80007064 (0x2031) x 1 0x80007066
core   0: 0x80007070 (0xfedff0ef) jal     pc - 0x14
core   0: 3 0x80007070 (0xfedff0ef) x 1 0x80007074
core   0: 0x8000705c (0x00002029) c.jal   pc + 10
core   0: 3 0x8000705c (0x2029) x 1 0x8000705e
core   0: 0x80007066 (0x0000a809) c.j     pc + 18
core   0: 3 0x80007066 (0xa809)
core   0: 0x80007078 (0x00003ff5) c.jal   pc - 4
core   0: 3 0x80007078 (0x3ff5) x 1 0x8000707a
core   0: 0x80007074 (0x000037dd) c.jal   pc - 26
core   0: 3 0x80007074 (0x37dd) x 1 0x80007076
core   0: 0x8000705a (0x0000a01d) c.j     pc + 38
core   0: 3 0x8000705a (0xa01d)
core   0: 0x80007080 (0x0000bfed) c.j     pc - 6
core   0: 3 0x80007080 (0xbfed)
core   0: 0x8000707a (0xff3ff0ef) jal     pc - 0xe
core   0: 3 0x8000707a (0xff3ff0ef) x 1 0x8000707e
core   0: 0x8000706c (0xfedff36f) jal     t1, pc - 0x14
core   0: 3 0x8000706c (0xfedff36f) x 6 0x80007070
core   0: 0x80007058 (0x00002839) c.jal   pc + 30
core   0: 3 0x80007058 (0x2839) x 1 0x8000705a
core   0: 0x80007076 (0x0000b7c5) c.j     pc - 32
core   0: 3 0x80007076 (0xb7c5)
core   0: 0x80007056 (0x00002809) c.jal   pc + 18
core   0: 3 0x80007056 (0x2809) x 1 0x80007058
core   0: 0x80007068 (0xff7ff36f) jal     t1, pc - 0xa
core   0: 3 0x80007068 (0xff7ff36f) x 6 0x8000706c
core   0: 0x8000705e (0x00400eef) jal     t4, pc + 0x4
core   0: 3 0x8000705e (0x00400eef) x29 0x80007062
core   0: 0x80007062 (0x00003fc5) c.jal   pc - 16
core   0: 3 0x80007062 (0x3fc5) x 1 0x80007064
core   0: 0x80007052 (0x030000ef) jal     pc + 0x30
core   0: 3 0x80007052 (0x030000ef) x 1 0x80007056
core   0: 0x80007082 (0x00008f8d) c.sub   a5, a1
core   0: 3 0x80007082 (0x8f8d) x15 0x00000034
core   0: 0x80007084 (0xfff00713) li      a4, -1
core   0: 3 0x80007084 (0xfff00713) x14 0xffffffff
core   0: 0x80007088 (0x000042d9) c.li    t0, 22
core   0: 3 0x80007088 (0x42d9) x 5 0x00000016
core   0: 0x8000708a (0x0000187d) c.addi  a6, -1
core   0: 3 0x8000708a (0x187d) x16 0x800119f0
core   0: 0x8000708c (0xf04aab93) slti    s7, s5, -252
core   0: 3 0x8000708c (0xf04aab93) x23 0x00000001
core   0: 0x80007090 (0x0000078a) c.slli  a5, 2
core   0: 3 0x80007090 (0x078a) x15 0x000000d0
core   0: 0x80007092 (0x00008c0d) c.sub   s0, a1
core   0: 3 0x80007092 (0x8c0d) x 8 0xffffffeb
core   0: 0x80007094 (0x000080e9) c.srli  s1, 26
core   0: 3 0x80007094 (0x80e9) x 9 0x00000000
core   0: 0x80007096 (0x009087b3) add     a5, ra, s1
core   0: 3 0x80007096 (0x009087b3) x15 0x80007056
core   0: 0x8000709a (0x03b9ac33) mulhsu  s8, s3, s11
core   0: 3 0x8000709a (0x03b9ac33) x24 0x00000000
core   0: 0x8000709e (0x00100093) li      ra, 1
core   0: 3 0x8000709e (0x00100093) x 1 0x00000001
core   0: 0x800070a2 (0x6112da37) lui     s4, 0x6112d
core   0: 3 0x800070a2 (0x6112da37) x20 0x6112d000
core   0: 0x800070a6 (0x0000956e) c.add   a0, s11
core   0: 3 0x800070a6 (0x956e) x10 0x8001115a
core   0: 0x800070a8 (0x00008d1d) c.sub   a0, a5
core   0: 3 0x800070a8 (0x8d1d) x10 0x0000a104
core   0: 0x800070aa (0x40fb5c33) sra     s8, s6, a5
core   0: 3 0x800070aa (0x40fb5c33) x24 0xffffffff
core   0: 0x800070ae (0x00000725) c.addi  a4, 9
core   0: 3 0x800070ae (0x0725) x14 0x00000008
core   0: 0x800070b0 (0x000009b9) c.addi  s3, 14
core   0: 3 0x800070b0 (0x09b9) x19 0x0000000e
core   0: 0x800070b2 (0x000062e1) c.lui   t0, 0x18
core   0: 3 0x800070b2 (0x62e1) x 5 0x00018000
core   0: 0x800070b4 (0x00500f13) li      t5, 5
core   0: 3 0x800070b4 (0x00500f13) x30 0x00000005
core   0: 0x800070b8 (0x00e51033) sll     zero, a0, a4
core   0: 3 0x800070b8 (0x00e51033)
core   0: 0x800070bc (0x00d00913) li      s2, 13
core   0: 3 0x800070bc (0x00d00913) x18 0x0000000d
core   0: 0x800070c0 (0x011822b3) slt     t0, a6, a7
core   0: 3 0x800070c0 (0x011822b3) x 5 0x00000001
core   0: 0x800070c4 (0x022d5333) divu    t1, s10, sp
core   0: 3 0x800070c4 (0x022d5333) x 6 0x00000000
core   0: 0x800070c8 (0xddaf0213) addi    tp, t5, -550
core   0: 3 0x800070c8 (0xddaf0213) x 4 0xfffffddf
core   0: 0x800070cc (0x0326bd33) mulhu   s10, a3, s2
core   0: 3 0x800070cc (0x0326bd33) x26 0x0000000c
core   0: 0x800070d0 (0x00009b4a) c.add   s6, s2
core   0: 3 0x800070d0 (0x9b4a) x22 0xffffffdb
core   0: 0x800070d2 (0x00000f05) c.addi  t5, 1
core   0: 3 0x800070d2 (0x0f05) x30 0x00000006
core   0: 0x800070d4 (0x0ff0000f) fence   iorw,iorw
core   0: 3 0x800070d4 (0x0ff0000f)
core   0: 0x800070d8 (0xff2f14e3) bne     t5, s2, pc - 24
core   0: 3 0x800070d8 (0xff2f14e3)
core   0: 0x800070c0 (0x011822b3) slt     t0, a6, a7
core   0: 3 0x800070c0 (0x011822b3) x 5 0x00000001
core   0: 0x800070c4 (0x022d5333) divu    t1, s10, sp
core   0: 3 0x800070c4 (0x022d5333) x 6 0x00000000
core   0: 0x800070c8 (0xddaf0213) addi    tp, t5, -550
core   0: 3 0x800070c8 (0xddaf0213) x 4 0xfffffde0
core   0: 0x800070cc (0x0326bd33) mulhu   s10, a3, s2
core   0: 3 0x800070cc (0x0326bd33) x26 0x0000000c
core   0: 0x800070d0 (0x00009b4a) c.add   s6, s2
core   0: 3 0x800070d0 (0x9b4a) x22 0xffffffe8
core   0: 0x800070d2 (0x00000f05) c.addi  t5, 1
core   0: 3 0x800070d2 (0x0f05) x30 0x00000007
core   0: 0x800070d4 (0x0ff0000f) fence   iorw,iorw
core   0: 3 0x800070d4 (0x0ff0000f)
core   0: 0x800070d8 (0xff2f14e3) bne     t5, s2, pc - 24
core   0: 3 0x800070d8 (0xff2f14e3)
core   0: 0x800070c0 (0x011822b3) slt     t0, a6, a7
core   0: 3 0x800070c0 (0x011822b3) x 5 0x00000001
core   0: 0x800070c4 (0x022d5333) divu    t1, s10, sp
core   0: 3 0x800070c4 (0x022d5333) x 6 0x00000000
core   0: 0x800070c8 (0xddaf0213) addi    tp, t5, -550
core   0: 3 0x800070c8 (0xddaf0213) x 4 0xfffffde1
core   0: 0x800070cc (0x0326bd33) mulhu   s10, a3, s2
core   0: 3 0x800070cc (0x0326bd33) x26 0x0000000c
core   0: 0x800070d0 (0x00009b4a) c.add   s6, s2
core   0: 3 0x800070d0 (0x9b4a) x22 0xfffffff5
core   0: 0x800070d2 (0x00000f05) c.addi  t5, 1
core   0: 3 0x800070d2 (0x0f05) x30 0x00000008
core   0: 0x800070d4 (0x0ff0000f) fence   iorw,iorw
core   0: 3 0x800070d4 (0x0ff0000f)
core   0: 0x800070d8 (0xff2f14e3) bne     t5, s2, pc - 24
core   0: 3 0x800070d8 (0xff2f14e3)
core   0: 0x800070c0 (0x011822b3) slt     t0, a6, a7
core   0: 3 0x800070c0 (0x011822b3) x 5 0x00000001
core   0: 0x800070c4 (0x022d5333) divu    t1, s10, sp
core   0: 3 0x800070c4 (0x022d5333) x 6 0x00000000
core   0: 0x800070c8 (0xddaf0213) addi    tp, t5, -550
core   0: 3 0x800070c8 (0xddaf0213) x 4 0xfffffde2
core   0: 0x800070cc (0x0326bd33) mulhu   s10, a3, s2
core   0: 3 0x800070cc (0x0326bd33) x26 0x0000000c
core   0: 0x800070d0 (0x00009b4a) c.add   s6, s2
core   0: 3 0x800070d0 (0x9b4a) x22 0x00000002
core   0: 0x800070d2 (0x00000f05) c.addi  t5, 1
core   0: 3 0x800070d2 (0x0f05) x30 0x00000009
core   0: 0x800070d4 (0x0ff0000f) fence   iorw,iorw
core   0: 3 0x800070d4 (0x0ff0000f)
core   0: 0x800070d8 (0xff2f14e3) bne     t5, s2, pc - 24
core   0: 3 0x800070d8 (0xff2f14e3)
core   0: 0x800070c0 (0x011822b3) slt     t0, a6, a7
core   0: 3 0x800070c0 (0x011822b3) x 5 0x00000001
core   0: 0x800070c4 (0x022d5333) divu    t1, s10, sp
core   0: 3 0x800070c4 (0x022d5333) x 6 0x00000000
core   0: 0x800070c8 (0xddaf0213) addi    tp, t5, -550
core   0: 3 0x800070c8 (0xddaf0213) x 4 0xfffffde3
core   0: 0x800070cc (0x0326bd33) mulhu   s10, a3, s2
core   0: 3 0x800070cc (0x0326bd33) x26 0x0000000c
core   0: 0x800070d0 (0x00009b4a) c.add   s6, s2
core   0: 3 0x800070d0 (0x9b4a) x22 0x0000000f
core   0: 0x800070d2 (0x00000f05) c.addi  t5, 1
core   0: 3 0x800070d2 (0x0f05) x30 0x0000000a
core   0: 0x800070d4 (0x0ff0000f) fence   iorw,iorw
core   0: 3 0x800070d4 (0x0ff0000f)
core   0: 0x800070d8 (0xff2f14e3) bne     t5, s2, pc - 24
core   0: 3 0x800070d8 (0xff2f14e3)
core   0: 0x800070c0 (0x011822b3) slt     t0, a6, a7
core   0: 3 0x800070c0 (0x011822b3) x 5 0x00000001
core   0: 0x800070c4 (0x022d5333) divu    t1, s10, sp
core   0: 3 0x800070c4 (0x022d5333) x 6 0x00000000
core   0: 0x800070c8 (0xddaf0213) addi    tp, t5, -550
core   0: 3 0x800070c8 (0xddaf0213) x 4 0xfffffde4
core   0: 0x800070cc (0x0326bd33) mulhu   s10, a3, s2
core   0: 3 0x800070cc (0x0326bd33) x26 0x0000000c
core   0: 0x800070d0 (0x00009b4a) c.add   s6, s2
core   0: 3 0x800070d0 (0x9b4a) x22 0x0000001c
core   0: 0x800070d2 (0x00000f05) c.addi  t5, 1
core   0: 3 0x800070d2 (0x0f05) x30 0x0000000b
core   0: 0x800070d4 (0x0ff0000f) fence   iorw,iorw
core   0: 3 0x800070d4 (0x0ff0000f)
core   0: 0x800070d8 (0xff2f14e3) bne     t5, s2, pc - 24
core   0: 3 0x800070d8 (0xff2f14e3)
core   0: 0x800070c0 (0x011822b3) slt     t0, a6, a7
core   0: 3 0x800070c0 (0x011822b3) x 5 0x00000001
core   0: 0x800070c4 (0x022d5333) divu    t1, s10, sp
core   0: 3 0x800070c4 (0x022d5333) x 6 0x00000000
core   0: 0x800070c8 (0xddaf0213) addi    tp, t5, -550
core   0: 3 0x800070c8 (0xddaf0213) x 4 0xfffffde5
core   0: 0x800070cc (0x0326bd33) mulhu   s10, a3, s2
core   0: 3 0x800070cc (0x0326bd33) x26 0x0000000c
core   0: 0x800070d0 (0x00009b4a) c.add   s6, s2
core   0: 3 0x800070d0 (0x9b4a) x22 0x00000029
core   0: 0x800070d2 (0x00000f05) c.addi  t5, 1
core   0: 3 0x800070d2 (0x0f05) x30 0x0000000c
core   0: 0x800070d4 (0x0ff0000f) fence   iorw,iorw
core   0: 3 0x800070d4 (0x0ff0000f)
core   0: 0x800070d8 (0xff2f14e3) bne     t5, s2, pc - 24
core   0: 3 0x800070d8 (0xff2f14e3)
core   0: 0x800070c0 (0x011822b3) slt     t0, a6, a7
core   0: 3 0x800070c0 (0x011822b3) x 5 0x00000001
core   0: 0x800070c4 (0x022d5333) divu    t1, s10, sp
core   0: 3 0x800070c4 (0x022d5333) x 6 0x00000000
core   0: 0x800070c8 (0xddaf0213) addi    tp, t5, -550
core   0: 3 0x800070c8 (0xddaf0213) x 4 0xfffffde6
core   0: 0x800070cc (0x0326bd33) mulhu   s10, a3, s2
core   0: 3 0x800070cc (0x0326bd33) x26 0x0000000c
core   0: 0x800070d0 (0x00009b4a) c.add   s6, s2
core   0: 3 0x800070d0 (0x9b4a) x22 0x00000036
core   0: 0x800070d2 (0x00000f05) c.addi  t5, 1
core   0: 3 0x800070d2 (0x0f05) x30 0x0000000d
core   0: 0x800070d4 (0x0ff0000f) fence   iorw,iorw
core   0: 3 0x800070d4 (0x0ff0000f)
core   0: 0x800070d8 (0xff2f14e3) bne     t5, s2, pc - 24
core   0: 3 0x800070d8 (0xff2f14e3)
core   0: 0x800070dc (0x00008fd9) c.or    a5, a4
core   0: 3 0x800070dc (0x8fd9) x15 0x8000705e
core   0: 0x800070de (0x0000987d) c.andi  s0, -1
core   0: 3 0x800070de (0x987d) x 8 0xffffffeb
core   0: 0x800070e0 (0x000087ed) c.srai  a5, 27
core   0: 3 0x800070e0 (0x87ed) x15 0xfffffff0
core   0: 0x800070e2 (0x0025b233) sltu    tp, a1, sp
core   0: 3 0x800070e2 (0x0025b233) x 4 0x00000001
core   0: 0x800070e6 (0x00006d55) c.lui   s10, 0x15
core   0: 3 0x800070e6 (0x6d55) x26 0x00015000
core   0: 0x800070e8 (0xfa176fe3) bltu    a4, ra, pc - 66
core   0: 3 0x800070e8 (0xfa176fe3)
core   0: 0x800070ec (0x00008269) c.srli  a2, 26
core   0: 3 0x800070ec (0x8269) x12 0x0000003f
core   0: 0x800070ee (0x0000b817) auipc   a6, 0xb
core   0: 3 0x800070ee (0x0000b817) x16 0x800120ee
core   0: 0x800070f2 (0xa8380813) addi    a6, a6, -1405
core   0: 3 0x800070f2 (0xa8380813) x16 0x80011b71
core   0: 0x800070f6 (0x0000a917) auipc   s2, 0xa
core   0: 3 0x800070f6 (0x0000a917) x18 0x800110f6
core   0: 0x800070fa (0x10390913) addi    s2, s2, 259
core   0: 3 0x800070fa (0x10390913) x18 0x800111f9
core   0: 0x800070fe (0x02891ba3) sh      s0, 55(s2)
core   0: 3 0x800070fe (0x02891ba3) mem 0x80011230 0xffeb
core   0: 0x80007102 (0x0000b097) auipc   ra, 0xb
core   0: 3 0x80007102 (0x0000b097) x 1 0x80012102
core   0: 0x80007106 (0xc4908093) addi    ra, ra, -951
core   0: 3 0x80007106 (0xc4908093) x 1 0x80011d4b
core   0: 0x8000710a (0xfe195703) lhu     a4, -31(s2)
core   0: 3 0x8000710a (0xfe195703) x14 0x00009091 mem 0x800111da
core   0: 0x8000710e (0x03392c83) lw      s9, 51(s2)
core   0: 3 0x8000710e (0x03392c83) x25 0xe4e5e6e7 mem 0x8001122c
core   0: 0x80007112 (0x02284203) lbu     tp, 34(a6)
core   0: 3 0x80007112 (0x02284203) x 4 0x00000048 mem 0x80011b93
core   0: 0x80007116 (0x008095a3) sh      s0, 11(ra)
core   0: 3 0x80007116 (0x008095a3) mem 0x80011d56 0xffeb
core   0: 0x8000711a (0x01181c83) lh      s9, 17(a6)
core   0: 3 0x8000711a (0x01181c83) x25 0x00003839 mem 0x80011b82
core   0: 0x8000711e (0x01b92e03) lw      t3, 27(s2)
core   0: 3 0x8000711e (0x01b92e03) x28 0xcccdcecf mem 0x80011214
core   0: 0x80007122 (0x0080ce83) lbu     t4, 8(ra)
core   0: 3 0x80007122 (0x0080ce83) x29 0x00000008 mem 0x80011d53
core   0: 0x80007126 (0x00090e03) lb      t3, 0(s2)
core   0: 3 0x80007126 (0x00090e03) x28 0xffffffb2 mem 0x800111f9
core   0: 0x8000712a (0xfc995d83) lhu     s11, -55(s2)
core   0: 3 0x8000712a (0xfc995d83) x27 0x00007879 mem 0x800111c2
core   0: 0x8000712e (0x01e84003) lbu     zero, 30(a6)
core   0: 3 0x8000712e (0x01e84003) mem 0x80011b8f
core   0: 0x80007132 (0xffb92c83) lw      s9, -5(s2)
core   0: 3 0x80007132 (0xffb92c83) x25 0xacadaeaf mem 0x800111f4
core   0: 0x80007136 (0x04080a03) lb      s4, 64(a6)
core   0: 3 0x80007136 (0x04080a03) x20 0xffffffa2 mem 0x80011bb1
core   0: 0x8000713a (0xff981183) lh      gp, -7(a6)
core   0: 3 0x8000713a (0xff981183) x 3 0x00002021 mem 0x80011b6a
core   0: 0x8000713e (0x01008f03) lb      t5, 16(ra)
core   0: 3 0x8000713e (0x01008f03) x30 0x00000010 mem 0x80011d5b
core   0: 0x80007142 (0x01594c83) lbu     s9, 21(s2)
core   0: 3 0x80007142 (0x01594c83) x25 0x000000c5 mem 0x8001120e
core   0: 0x80007146 (0xff284483) lbu     s1, -14(a6)
core   0: 3 0x80007146 (0xff284483) x 9 0x00000018 mem 0x80011b63
core   0: 0x8000714a (0xffe0c183) lbu     gp, -2(ra)
core   0: 3 0x8000714a (0xffe0c183) x 3 0x00000002 mem 0x80011d49
core   0: 0x8000714e (0x00c94d03) lbu     s10, 12(s2)
core   0: 3 0x8000714e (0x00c94d03) x26 0x000000be mem 0x80011205
core   0: 0x80007152 (0xff408483) lb      s1, -12(ra)
core   0: 3 0x80007152 (0xff408483) x 9 0xfffffff4 mem 0x80011d3f
core   0: 0x80007156 (0x02390d03) lb      s10, 35(s2)
core   0: 3 0x80007156 (0x02390d03) x26 0xffffffab mem 0x8001121c
core   0: 0x8000715a (0xffe09da3) sh      t5, -5(ra)
core   0: 3 0x8000715a (0xffe09da3) mem 0x80011d46 0x0010
core   0: 0x8000715e (0x0000f617) auipc   a2, 0xf
core   0: 3 0x8000715e (0x0000f617) x12 0x8001615e
core   0: 0x80007162 (0x12e60613) addi    a2, a2, 302
core   0: 3 0x80007162 (0x12e60613) x12 0x8001628c
core   0: 0x80007166 (0x0000a397) auipc   t2, 0xa
core   0: 3 0x80007166 (0x0000a397) x 7 0x80011166
core   0: 0x8000716a (0x4ea38393) addi    t2, t2, 1258
core   0: 3 0x8000716a (0x4ea38393) x 7 0x80011650
core   0: 0x8000716e (0x02038f83) lb      t6, 32(t2)
core   0: 3 0x8000716e (0x02038f83) x31 0x00000050 mem 0x80011670
core   0: 0x80007172 (0xff160c03) lb      s8, -15(a2)
core   0: 3 0x80007172 (0xff160c03) x24 0x00000036 mem 0x8001627d
core   0: 0x80007176 (0xffb3ae23) sw      s11, -4(t2)
core   0: 3 0x80007176 (0xffb3ae23) mem 0x8001164c 0x00007879
core   0: 0x8000717a (0x00760e83) lb      t4, 7(a2)
core   0: 3 0x8000717a (0x00760e83) x29 0x00000048 mem 0x80016293
core   0: 0x8000717e (0x0253aa23) sw      t0, 52(t2)
core   0: 3 0x8000717e (0x0253aa23) mem 0x80011684 0x00000001
core   0: 0x80007182 (0x00f60f03) lb      t5, 15(a2)
core   0: 3 0x80007182 (0x00f60f03) x30 0x00000050 mem 0x8001629b
core   0: 0x80007186 (0xffe65303) lhu     t1, -2(a2)
core   0: 3 0x80007186 (0xffe65303) x 6 0x00004041 mem 0x8001628a
core   0: 0x8000718a (0xff462d83) lw      s11, -12(a2)
core   0: 3 0x8000718a (0xff462d83) x27 0x38393a3b mem 0x80016280
core   0: 0x8000718e (0x02439f83) lh      t6, 36(t2)
core   0: 3 0x8000718e (0x02439f83) x31 0x00002e2f mem 0x80011674
core   0: 0x80007192 (0xff460083) lb      ra, -12(a2)
core   0: 3 0x80007192 (0xff460083) x 1 0x0000003b mem 0x80016280
core   0: 0x80007196 (0xfe638983) lb      s3, -26(t2)
core   0: 3 0x80007196 (0xfe638983) x19 0xffffff80 mem 0x80011636
core   0: 0x8000719a (0xff264a03) lbu     s4, -14(a2)
core   0: 3 0x8000719a (0xff264a03) x20 0x00000035 mem 0x8001627e
core   0: 0x8000719e (0xfea61a23) sh      a0, -12(a2)
core   0: 3 0x8000719e (0xfea61a23) mem 0x80016280 0xa104
core   0: 0x800071a2 (0x03e38983) lb      s3, 62(t2)
core   0: 3 0x800071a2 (0x03e38983) x19 0x00000045 mem 0x8001168e
core   0: 0x800071a6 (0xfdc386a3) sb      t3, -51(t2)
core   0: 3 0x800071a6 (0xfdc386a3) mem 0x8001161d 0xb2
core   0: 0x800071aa (0xff665303) lhu     t1, -10(a2)
core   0: 3 0x800071aa (0xff665303) x 6 0x00003839 mem 0x80016282
core   0: 0x800071ae (0x0000bc17) auipc   s8, 0xb
core   0: 3 0x800071ae (0x0000bc17) x24 0x800121ae
core   0: 0x800071b2 (0xe51c0c13) addi    s8, s8, -431
core   0: 3 0x800071b2 (0xe51c0c13) x24 0x80011fff
core   0: 0x800071b6 (0x0000ec97) auipc   s9, 0xe
core   0: 3 0x800071b6 (0x0000ec97) x25 0x800151b6
core   0: 0x800071ba (0xca3c8c93) addi    s9, s9, -861
core   0: 3 0x800071ba (0xca3c8c93) x25 0x80014e59
core   0: 0x800071be (0x01ec0623) sb      t5, 12(s8)
core   0: 3 0x800071be (0x01ec0623) mem 0x8001200b 0x50
core   0: 0x800071c2 (0xffac8a03) lb      s4, -6(s9)
core   0: 3 0x800071c2 (0xffac8a03) x20 0x00000008 mem 0x80014e53
core   0: 0x800071c6 (0x015c0523) sb      s5, 10(s8)
core   0: 3 0x800071c6 (0x015c0523) mem 0x80012009 0xe4
core   0: 0x800071ca (0x004c8003) lb      zero, 4(s9)
core   0: 3 0x800071ca (0x004c8003) mem 0x80014e5d
core   0: 0x800071ce (0x000c4283) lbu     t0, 0(s8)
core   0: 3 0x800071ce (0x000c4283) x 5 0x000000b4 mem 0x80011fff
core   0: 0x800071d2 (0xffac0603) lb      a2, -6(s8)
core   0: 3 0x800071d2 (0xffac0603) x12 0xffffffb2 mem 0x80011ff9
core   0: 0x800071d6 (0x008c0d03) lb      s10, 8(s8)
core   0: 3 0x800071d6 (0x008c0d03) x26 0xffffffbc mem 0x80012007
core   0: 0x800071da (0x01dc94a3) sh      t4, 9(s9)
core   0: 3 0x800071da (0x01dc94a3) mem 0x80014e62 0x0048
core   0: 0x800071de (0xff5c0da3) sb      s5, -5(s8)
core   0: 3 0x800071de (0xff5c0da3) mem 0x80011ffa 0xe4
core   0: 0x800071e2 (0x007c1b03) lh      s6, 7(s8)
core   0: 3 0x800071e2 (0x007c1b03) x22 0xffffbcbd mem 0x80012006
core   0: 0x800071e6 (0xff0c8383) lb      t2, -16(s9)
core   0: 3 0x800071e6 (0xff0c8383) x 7 0x00000002 mem 0x80014e49
core   0: 0x800071ea (0x004c4483) lbu     s1, 4(s8)
core   0: 3 0x800071ea (0x004c4483) x 9 0x000000b8 mem 0x80012003
core   0: 0x800071ee (0x00ecc803) lbu     a6, 14(s9)
core   0: 3 0x800071ee (0x00ecc803) x16 0x0000001c mem 0x80014e67
core   0: 0x800071f2 (0x0000af17) auipc   t5, 0xa
core   0: 3 0x800071f2 (0x0000af17) x30 0x800111f2
core   0: 0x800071f6 (0xf71f0f13) addi    t5, t5, -143
core   0: 3 0x800071f6 (0xf71f0f13) x30 0x80011163
core   0: 0x800071fa (0xffff4603) lbu     a2, -1(t5)
core   0: 3 0x800071fa (0xffff4603) x12 0x00000019 mem 0x80011162
core   0: 0x800071fe (0x009f15a3) sh      s1, 11(t5)
core   0: 3 0x800071fe (0x009f15a3) mem 0x8001116e 0x00b8
core   0: 0x80007202 (0x00cf0323) sb      a2, 6(t5)
core   0: 3 0x80007202 (0x00cf0323) mem 0x80011169 0x19
core   0: 0x80007206 (0xfd3f4783) lbu     a5, -45(t5)
core   0: 3 0x80007206 (0xfd3f4783) x15 0x000000ed mem 0x80011136
core   0: 0x8000720a (0x040f0c83) lb      s9, 64(t5)
core   0: 3 0x8000720a (0x040f0c83) x25 0x00000058 mem 0x800111a3
core   0: 0x8000720e (0x00bf0083) lb      ra, 11(t5)
core   0: 3 0x8000720e (0x00bf0083) x 1 0xffffffb8 mem 0x8001116e
core   0: 0x80007212 (0xffef0c83) lb      s9, -2(t5)
core   0: 3 0x80007212 (0xffef0c83) x25 0x0000001a mem 0x80011161
core   0: 0x80007216 (0xfd9f11a3) sh      s9, -61(t5)
core   0: 3 0x80007216 (0xfd9f11a3) mem 0x80011126 0x001a
core   0: 0x8000721a (0x02af0483) lb      s1, 42(t5)
core   0: 3 0x8000721a (0x02af0483) x 9 0x00000046 mem 0x8001118d
core   0: 0x8000721e (0x02ff1483) lh      s1, 47(t5)
core   0: 3 0x8000721e (0x02ff1483) x 9 0x00000059 mem 0x80011192
core   0: 0x80007222 (0xff7f4083) lbu     ra, -9(t5)
core   0: 3 0x80007222 (0xff7f4083) x 1 0x00000011 mem 0x8001115a
core   0: 0x80007226 (0x00006635) c.lui   a2, 0xd
core   0: 3 0x80007226 (0x6635) x12 0x0000d000
core   0: 0x80007228 (0x039db4b3) mulhu   s1, s11, s9
core   0: 3 0x80007228 (0x039db4b3) x 9 0x00000005
core   0: 0x8000722c (0x10b7c097) auipc   ra, 0x10b7c
core   0: 3 0x8000722c (0x10b7c097) x 1 0x90b8322c
core   0: 0x80007230 (0x00008629) c.srai  a2, 10
core   0: 3 0x80007230 (0x8629) x12 0x00000034
core   0: 0x80007232 (0x001f12a3) sh      ra, 5(t5)
core   0: 3 0x80007232 (0x001f12a3) mem 0x80011168 0x322c
core   0: 0x80007236 (0x00fce633) or      a2, s9, a5
core   0: 3 0x80007236 (0x00fce633) x12 0x000000ff
core   0: 0x8000723a (0x02cda7b3) mulhsu  a5, s11, a2
core   0: 3 0x8000723a (0x02cda7b3) x15 0x00000038
core   0: 0x8000723e (0x03bf01a3) sb      s11, 35(t5)
core   0: 3 0x8000723e (0x03bf01a3) mem 0x80011186 0x3b
core   0: 0x80007242 (0x009637b3) sltu    a5, a2, s1
core   0: 3 0x80007242 (0x009637b3) x15 0x00000000
core   0: 0x80007246 (0x00000001) c.nop
core   0: 3 0x80007246 (0x0001)
core   0: 0x80007248 (0x008f0d83) lb      s11, 8(t5)
core   0: 3 0x80007248 (0x008f0d83) x27 0x00000000 mem 0x8001116b
core   0: 0x8000724c (0x019084b3) add     s1, ra, s9
core   0: 3 0x8000724c (0x019084b3) x 9 0x90b83246
core   0: 0x80007250 (0x01ef0c83) lb      s9, 30(t5)
core   0: 3 0x80007250 (0x01ef0c83) x25 0x00000000 mem 0x80011181
core   0: 0x80007254 (0x01bdadb3) slt     s11, s11, s11
core   0: 3 0x80007254 (0x01bdadb3) x27 0x00000000
core   0: 0x80007258 (0x00008cee) c.mv    s9, s11
core   0: 3 0x80007258 (0x8cee) x25 0x00000000
core   0: 0x8000725a (0xfc5f0783) lb      a5, -59(t5)
core   0: 3 0x8000725a (0xfc5f0783) x15 0xffffffe3 mem 0x80011128
core   0: 0x8000725e (0x00010517) auipc   a0, 0x10
core   0: 3 0x8000725e (0x00010517) x10 0x8001725e
core   0: 0x80007262 (0xcd250513) addi    a0, a0, -814
core   0: 3 0x80007262 (0xcd250513) x10 0x80016f30
core   0: 0x80007266 (0x000099fd) c.andi  a1, -1
core   0: 3 0x80007266 (0x99fd) x11 0x00000016
core   0: 0x80007268 (0x02f51a23) sh      a5, 52(a0)
core   0: 3 0x80007268 (0x02f51a23) mem 0x80016f64 0xffe3
core   0: 0x8000726c (0x00008795) c.srai  a5, 5
core   0: 3 0x8000726c (0x8795) x15 0xffffffff
core   0: 0x8000726e (0x02b02233) mulhsu  tp, zero, a1
core   0: 3 0x8000726e (0x02b02233) x 4 0x00000000
core   0: 0x80007272 (0xff750203) lb      tp, -9(a0)
core   0: 3 0x80007272 (0xff750203) x 4 0xffffffdc mem 0x80016f27
core   0: 0x80007276 (0x0000100f) fence.i
core   0: 3 0x80007276 (0x0000100f)
core   0: 0x8000727a (0xfca55e03) lhu     t3, -54(a0)
core   0: 3 0x8000727a (0xfca55e03) x28 0x0000b0b1 mem 0x80016efa
core   0: 0x8000727e (0x0045d5b3) srl     a1, a1, tp
core   0: 3 0x8000727e (0x0045d5b3) x11 0x00000000
core   0: 0x80007282 (0x02450a23) sb      tp, 52(a0)
core   0: 3 0x80007282 (0x02450a23) mem 0x80016f64 0xdc
core   0: 0x80007286 (0x00000001) c.nop
core   0: 3 0x80007286 (0x0001)
core   0: 0x80007288 (0xff350e03) lb      t3, -13(a0)
core   0: 3 0x80007288 (0xff350e03) x28 0xffffffd8 mem 0x80016f23
core   0: 0x8000728c (0x00009f3e) c.add   t5, a5
core   0: 3 0x8000728c (0x9f3e) x30 0x80011162
core   0: 0x8000728e (0x00f50423) sb      a5, 8(a0)
core   0: 3 0x8000728e (0x00f50423) mem 0x80016f38 0xff
core   0: 0x80007292 (0x00251583) lh      a1, 2(a0)
core   0: 3 0x80007292 (0x00251583) x11 0xffffe8e9 mem 0x80016f32
core   0: 0x80007296 (0x00e55583) lhu     a1, 14(a0)
core   0: 3 0x80007296 (0x00e55583) x11 0x0000f4f5 mem 0x80016f3e
core   0: 0x8000729a (0x000005b2) c.slli  a1, 12
core   0: 3 0x8000729a (0x05b2) x11 0x0f4f5000
core   0: 0x8000729c (0x05b5b013) sltiu   zero, a1, 91
core   0: 3 0x8000729c (0x05b5b013)
core   0: 0x800072a0 (0x00a59793) slli    a5, a1, 10
core   0: 3 0x800072a0 (0x00a59793) x15 0x3d400000
core   0: 0x800072a4 (0x03e50723) sb      t5, 46(a0)
core   0: 3 0x800072a4 (0x03e50723) mem 0x80016f5e 0x62
core   0: 0x800072a8 (0x000081bd) c.srli  a1, 15
core   0: 3 0x800072a8 (0x81bd) x11 0x00001e9e
core   0: 0x800072aa (0x0000100f) fence.i
core   0: 3 0x800072aa (0x0000100f)
core   0: 0x800072ae (0x01759213) slli    tp, a1, 23
core   0: 3 0x800072ae (0x01759213) x 4 0x4f000000
core   0: 0x800072b2 (0x000e3233) sltu    tp, t3, zero
core   0: 3 0x800072b2 (0x000e3233) x 4 0x00000000
core   0: 0x800072b6 (0x0245ff33) remu    t5, a1, tp
core   0: 3 0x800072b6 (0x0245ff33) x30 0x00001e9e
core   0: 0x800072ba (0x01e7a5b3) slt     a1, a5, t5
core   0: 3 0x800072ba (0x01e7a5b3) x11 0x00000000
core   0: 0x800072be (0xff452e03) lw      t3, -12(a0)
core   0: 3 0x800072be (0xff452e03) x28 0xdcdddedf mem 0x80016f24
core   0: 0x800072c2 (0x01e007b3) add     a5, zero, t5
core   0: 3 0x800072c2 (0x01e007b3) x15 0x00001e9e
core   0: 0x800072c6 (0x02bf75b3) remu    a1, t5, a1
core   0: 3 0x800072c6 (0x02bf75b3) x11 0x00001e9e
core   0: 0x800072ca (0x00f24f33) xor     t5, tp, a5
core   0: 3 0x800072ca (0x00f24f33) x30 0x00001e9e
core   0: 0x800072ce (0x01cf6033) or      zero, t5, t3
core   0: 3 0x800072ce (0x01cf6033)
core   0: 0x800072d2 (0x00004f79) c.li    t5, 30
core   0: 3 0x800072d2 (0x4f79) x30 0x0000001e
core   0: 0x800072d4 (0x000e1033) sll     zero, t3, zero
core   0: 3 0x800072d4 (0x000e1033)
core   0: 0x800072d8 (0x020506a3) sb      zero, 45(a0)
core   0: 3 0x800072d8 (0x020506a3) mem 0x80016f5d 0x0
core   0: 0x800072dc (0x03254583) lbu     a1, 50(a0)
core   0: 3 0x800072dc (0x03254583) x11 0x00000019 mem 0x80016f62
core   0: 0x800072e0 (0x00654783) lbu     a5, 6(a0)
core   0: 3 0x800072e0 (0x00654783) x15 0x000000ed mem 0x80016f36
core   0: 0x800072e4 (0xfcf508a3) sb      a5, -47(a0)
core   0: 3 0x800072e4 (0xfcf508a3) mem 0x80016f01 0xed
core   0: 0x800072e8 (0x000087fa) c.mv    a5, t5
core   0: 3 0x800072e8 (0x87fa) x15 0x0000001e
core   0: 0x800072ea (0x02550203) lb      tp, 37(a0)
core   0: 3 0x800072ea (0x02550203) x 4 0x0000000e mem 0x80016f55
core   0: 0x800072ee (0x000045dd) c.li    a1, 23
core   0: 3 0x800072ee (0x45dd) x11 0x00000017
core   0: 0x800072f0 (0x0000c91c) c.sw    a5, 16(a0)
core   0: 3 0x800072f0 (0xc91c) mem 0x80016f40 0x0000001e
core   0: 0x800072f2 (0xfe050ea3) sb      zero, -3(a0)
core   0: 3 0x800072f2 (0xfe050ea3) mem 0x80016f2d 0x0
core   0: 0x800072f6 (0xfcb506a3) sb      a1, -51(a0)
core   0: 3 0x800072f6 (0xfcb506a3) mem 0x80016efd 0x17
core   0: 0x800072fa (0x01c5bf33) sltu    t5, a1, t3
core   0: 3 0x800072fa (0x01c5bf33) x30 0x00000001
core   0: 0x800072fe (0x01e51583) lh      a1, 30(a0)
core   0: 3 0x800072fe (0x01e51583) x11 0x00000405 mem 0x80016f4e
core   0: 0x80007302 (0x000081b5) c.srli  a1, 13
core   0: 3 0x80007302 (0x81b5) x11 0x00000000
core   0: 0x80007304 (0x02b502a3) sb      a1, 37(a0)
core   0: 3 0x80007304 (0x02b502a3) mem 0x80016f55 0x0
core   0: 0x80007308 (0x02954583) lbu     a1, 41(a0)
core   0: 3 0x80007308 (0x02954583) x11 0x00000012 mem 0x80016f59
core   0: 0x8000730c (0xfd655f03) lhu     t5, -42(a0)
core   0: 3 0x8000730c (0xfd655f03) x30 0x0000bcbd mem 0x80016f06
core   0: 0x80007310 (0x03a51f03) lh      t5, 58(a0)
core   0: 3 0x80007310 (0x03a51f03) x30 0x00002021 mem 0x80016f6a
core   0: 0x80007314 (0x01851783) lh      a5, 24(a0)
core   0: 3 0x80007314 (0x01851783) x15 0x00000203 mem 0x80016f48
core   0: 0x80007318 (0x000e05b3) add     a1, t3, zero
core   0: 3 0x80007318 (0x000e05b3) x11 0xdcdddedf
core   0: 0x8000731c (0x1765af13) slti    t5, a1, 374
core   0: 3 0x8000731c (0x1765af13) x30 0x00000001
core   0: 0x80007320 (0x00a55f03) lhu     t5, 10(a0)
core   0: 3 0x80007320 (0x00a55f03) x30 0x0000f0f1 mem 0x80016f3a
core   0: 0x80007324 (0x00008395) c.srli  a5, 5
core   0: 3 0x80007324 (0x8395) x15 0x00000010
core   0: 0x80007326 (0x000501a3) sb      zero, 3(a0)
core   0: 3 0x80007326 (0x000501a3) mem 0x80016f33 0x0
core   0: 0x8000732a (0x01455003) lhu     zero, 20(a0)
core   0: 3 0x8000732a (0x01455003) mem 0x80016f44
core   0: 0x8000732e (0xfc251e03) lh      t3, -62(a0)
core   0: 3 0x8000732e (0xfc251e03) x28 0xffffa8a9 mem 0x80016ef2
core   0: 0x80007332 (0x004000ef) jal     pc + 0x4
core   0: 3 0x80007332 (0x004000ef) x 1 0x80007336
core   0: 0x80007336 (0x02c0016f) jal     sp, pc + 0x2c
core   0: 3 0x80007336 (0x02c0016f) x 2 0x8000733a
core   0: 0x80007362 (0xffbfffef) jal     t6, pc - 0x6
core   0: 3 0x80007362 (0xffbfffef) x31 0x80007366
core   0: 0x8000735c (0xff1ff2ef) jal     t0, pc - 0x10
core   0: 3 0x8000735c (0xff1ff2ef) x 5 0x80007360
core   0: 0x8000734c (0x00003fcd) c.jal   pc - 14
core   0: 3 0x8000734c (0x3fcd) x 1 0x8000734e
core   0: 0x8000733e (0x00002831) c.jal   pc + 28
core   0: 3 0x8000733e (0x2831) x 1 0x80007340
core   0: 0x8000735a (0x0000bfc5) c.j     pc - 16
core   0: 3 0x8000735a (0xbfc5)
core   0: 0x8000734a (0x0000a021) c.j     pc + 8
core   0: 3 0x8000734a (0xa021)
core   0: 0x80007352 (0xff3ff26f) jal     tp, pc - 0xe
core   0: 3 0x80007352 (0xff3ff26f) x 4 0x80007356
core   0: 0x80007344 (0x00a000ef) jal     pc + 0xa
core   0: 3 0x80007344 (0x00a000ef) x 1 0x80007348
core   0: 0x8000734e (0xfefff0ef) jal     pc - 0x12
core   0: 3 0x8000734e (0xfefff0ef) x 1 0x80007352
core   0: 0x8000733c (0x0000a015) c.j     pc + 36
core   0: 3 0x8000733c (0xa015)
core   0: 0x80007360 (0x0000b7e5) c.j     pc - 24
core   0: 3 0x80007360 (0xb7e5)
core   0: 0x80007348 (0x0000bfe5) c.j     pc - 8
core   0: 3 0x80007348 (0xbfe5)
core   0: 0x80007340 (0xffbff0ef) jal     pc - 0x6
core   0: 3 0x80007340 (0xffbff0ef) x 1 0x80007344
core   0: 0x8000733a (0x00002831) c.jal   pc + 28
core   0: 3 0x8000733a (0x2831) x 1 0x8000733c
core   0: 0x80007356 (0x0100036f) jal     t1, pc + 0x10
core   0: 3 0x80007356 (0x0100036f) x 6 0x8000735a
core   0: 0x80007366 (0x00008c25) c.xor   s0, s1
core   0: 3 0x80007366 (0x8c25) x 8 0x6f47cdad
core   0: 0x80007368 (0x00e000ef) jal     pc + 0xe
core   0: 3 0x80007368 (0x00e000ef) x 1 0x8000736c
core   0: 0x80007376 (0x00002021) c.jal   pc + 8
core   0: 3 0x80007376 (0x2021) x 1 0x80007378
core   0: 0x8000737e (0x0000bfcd) c.j     pc - 14
core   0: 3 0x8000737e (0xbfcd)
core   0: 0x80007370 (0x0080036f) jal     t1, pc + 0x8
core   0: 3 0x80007370 (0x0080036f) x 6 0x80007374
core   0: 0x80007378 (0x00003fd5) c.jal   pc - 12
core   0: 3 0x80007378 (0x3fd5) x 1 0x8000737a
core   0: 0x8000736c (0x010000ef) jal     pc + 0x10
core   0: 3 0x8000736c (0x010000ef) x 1 0x80007370
core   0: 0x8000737c (0x00002021) c.jal   pc + 8
core   0: 3 0x8000737c (0x2021) x 1 0x8000737e
core   0: 0x80007384 (0x00003fc5) c.jal   pc - 16
core   0: 3 0x80007384 (0x3fc5) x 1 0x80007386
core   0: 0x80007374 (0x00002031) c.jal   pc + 12
core   0: 3 0x80007374 (0x2031) x 1 0x80007376
core   0: 0x80007380 (0xffbff2ef) jal     t0, pc - 0x6
core   0: 3 0x80007380 (0xffbff2ef) x 5 0x80007384
core   0: 0x8000737a (0x00002031) c.jal   pc + 12
core   0: 3 0x8000737a (0x2031) x 1 0x8000737c
core   0: 0x80007386 (0x00000001) c.nop
core   0: 3 0x80007386 (0x0001)
core   0: 0x80007388 (0x0000ac97) auipc   s9, 0xa
core   0: 3 0x80007388 (0x0000ac97) x25 0x80011388
core   0: 0x8000738c (0x489c8c93) addi    s9, s9, 1161
core   0: 3 0x8000738c (0x489c8c93) x25 0x80011811
core   0: 0x80007390 (0xcc9c8223) sb      s1, -828(s9)
core   0: 3 0x80007390 (0xcc9c8223) mem 0x800114d5 0x46
core   0: 0x80007394 (0x1bbc8b23) sb      s11, 438(s9)
core   0: 3 0x80007394 (0x1bbc8b23) mem 0x800119c7 0x0
core   0: 0x80007398 (0x0000f917) auipc   s2, 0xf
core   0: 3 0x80007398 (0x0000f917) x18 0x80016398
core   0: 0x8000739c (0x4e590913) addi    s2, s2, 1253
core   0: 3 0x8000739c (0x4e590913) x18 0x8001687d
core   0: 0x800073a0 (0x35190983) lb      s3, 849(s2)
core   0: 3 0x800073a0 (0x35190983) x19 0xffffff85 mem 0x80016bce
core   0: 0x800073a4 (0x8cec8123) sb      a4, -1854(s9)
core   0: 3 0x800073a4 (0x8cec8123) mem 0x800110d3 0x91
core   0: 0x800073a8 (0x463c8a23) sb      gp, 1140(s9)
core   0: 3 0x800073a8 (0x463c8a23) mem 0x80011c85 0x2
core   0: 0x800073ac (0x9e490483) lb      s1, -1564(s2)
core   0: 3 0x800073ac (0x9e490483) x 9 0x0000001a mem 0x80016261
core   0: 0x800073b0 (0x10fcac03) lw      s8, 271(s9)
core   0: 3 0x800073b0 (0x10fcac03) x24 0xd8d9dadb mem 0x80011920
core   0: 0x800073b4 (0xff491aa3) sh      s4, -11(s2)
core   0: 3 0x800073b4 (0xff491aa3) mem 0x80016872 0x0008
core   0: 0x800073b8 (0xdb9ca1a3) sw      s9, -605(s9)
core   0: 3 0x800073b8 (0xdb9ca1a3) mem 0x800115b4 0x80011811
core   0: 0x800073bc (0x170cce83) lbu     t4, 368(s9)
core   0: 3 0x800073bc (0x170cce83) x29 0x0000003a mem 0x80011981
core   0: 0x800073c0 (0xfdccc383) lbu     t2, -36(s9)
core   0: 3 0x800073c0 (0xfdccc383) x 7 0x000000a6 mem 0x800117ed
core   0: 0x800073c4 (0x521903a3) sb      ra, 1319(s2)
core   0: 3 0x800073c4 (0x521903a3) mem 0x80016da4 0x7c
core   0: 0x800073c8 (0xe2c900a3) sb      a2, -479(s2)
core   0: 3 0x800073c8 (0xe2c900a3) mem 0x8001669e 0xff
core   0: 0x800073cc (0xced95d83) lhu     s11, -787(s2)
core   0: 3 0x800073cc (0xced95d83) x27 0x00002021 mem 0x8001656a
core   0: 0x800073d0 (0x001cc803) lbu     a6, 1(s9)
core   0: 3 0x800073d0 (0x001cc803) x16 0x000000c9 mem 0x80011812
core   0: 0x800073d4 (0x701c8aa3) sb      ra, 1813(s9)
core   0: 3 0x800073d4 (0x701c8aa3) mem 0x80011f26 0x7c
core   0: 0x800073d8 (0x652910a3) sh      s2, 1601(s2)
core   0: 3 0x800073d8 (0x652910a3) mem 0x80016ebe 0x687d
core   0: 0x800073dc (0x0000a117) auipc   sp, 0xa
core   0: 3 0x800073dc (0x0000a117) x 2 0x800113dc
core   0: 0x800073e0 (0x7da10113) addi    sp, sp, 2010
core   0: 3 0x800073e0 (0x7da10113) x 2 0x80011bb6
core   0: 0x800073e4 (0x08a100a3) sb      a0, 129(sp)
core   0: 3 0x800073e4 (0x08a100a3) mem 0x80011c37 0x30
core   0: 0x800073e8 (0x01bcc7b3) xor     a5, s9, s11
core   0: 3 0x800073e8 (0x01bcc7b3) x15 0x80013830
core   0: 0x800073ec (0xf4a12f83) lw      t6, -182(sp)
core   0: 3 0x800073ec (0xf4a12f83) x31 0xb8b9babb mem 0x80011b00
core   0: 0x800073f0 (0x005d40b3) xor     ra, s10, t0
core   0: 3 0x800073f0 (0x005d40b3) x 1 0x7fff8c38
core   0: 0x800073f4 (0xfe711c23) sh      t2, -8(sp)
core   0: 3 0x800073f4 (0xfe711c23) mem 0x80011bae 0x00a6
core   0: 0x800073f8 (0x035e5cb3) divu    s9, t3, s5
core   0: 3 0x800073f8 (0x035e5cb3) x25 0x00000001
core   0: 0x800073fc (0x007ed333) srl     t1, t4, t2
core   0: 3 0x800073fc (0x007ed333) x 6 0x00000000
core   0: 0x80007400 (0x036c5bb3) divu    s7, s8, s6
core   0: 3 0x80007400 (0x036c5bb3) x23 0x00000000
core   0: 0x80007404 (0x00008069) c.srli  s0, 26
core   0: 3 0x80007404 (0x8069) x 8 0x0000001b
core   0: 0x80007406 (0xfbd14c03) lbu     s8, -67(sp)
core   0: 3 0x80007406 (0xfbd14c03) x24 0x00000028 mem 0x80011b73
core   0: 0x8000740a (0x01789233) sll     tp, a7, s7
core   0: 3 0x8000740a (0x01789233) x 4 0x80026e58
core   0: 0x8000740e (0x00008ca5) c.xor   s1, s1
core   0: 3 0x8000740e (0x8ca5) x 9 0x00000000
core   0: 0x80007410 (0x00000386) c.slli  t2, 1
core   0: 3 0x80007410 (0x0386) x 7 0x0000014c
core   0: 0x80007412 (0x00b6dc13) srli    s8, a3, 11
core   0: 3 0x80007412 (0x00b6dc13) x24 0x001f8129
core   0: 0x80007416 (0xfca15903) lhu     s2, -54(sp)
core   0: 3 0x80007416 (0xfca15903) x18 0x00003a3b mem 0x80011b80
core   0: 0x8000741a (0x04611c03) lh      s8, 70(sp)
core   0: 3 0x8000741a (0x04611c03) x24 0xffffb6b7 mem 0x80011bfc
core   0: 0x8000741e (0x000082a6) c.mv    t0, s1
core   0: 3 0x8000741e (0x82a6) x 5 0x00000000
core   0: 0x80007420 (0x00008cd1) c.or    s1, a2
core   0: 3 0x80007420 (0x8cd1) x 9 0x000000ff
core   0: 0x80007422 (0x7ef072b7) lui     t0, 0x7ef07
core   0: 3 0x80007422 (0x7ef072b7) x 5 0x7ef07000
core   0: 0x80007426 (0xf4011f83) lh      t6, -192(sp)
core   0: 3 0x80007426 (0xf4011f83) x31 0xffffacad mem 0x80011af6
core   0: 0x8000742a (0x04614283) lbu     t0, 70(sp)
core   0: 3 0x8000742a (0x04614283) x 5 0x000000b7 mem 0x80011bfc
core   0: 0x8000742e (0xff311823) sh      s3, -16(sp)
core   0: 3 0x8000742e (0xff311823) mem 0x80011ba6 0xff85
core   0: 0x80007432 (0xd5a7fc13) andi    s8, a5, -678
core   0: 3 0x80007432 (0xd5a7fc13) x24 0x80013810
core   0: 0x80007436 (0x03a12503) lw      a0, 58(sp)
core   0: 3 0x80007436 (0x03a12503) x10 0xa8a9aaab mem 0x80011bf0
core   0: 0x8000743a (0xd0ba8413) addi    s0, s5, -757
core   0: 3 0x8000743a (0xd0ba8413) x 8 0x8002a9ef
core   0: 0x8000743e (0x00008d91) c.sub   a1, a2
core   0: 3 0x8000743e (0x8d91) x11 0xdcdddde0
core   0: 0x80007440 (0xff0cf013) andi    zero, s9, -16
core   0: 3 0x80007440 (0xff0cf013)
core   0: 0x80007444 (0x96960d13) addi    s10, a2, -1687
core   0: 3 0x80007444 (0x96960d13) x26 0xfffffa68
core   0: 0x80007448 (0x00000836) c.slli  a6, 13
core   0: 3 0x80007448 (0x0836) x16 0x00192000
core   0: 0x8000744a (0x41e28033) sub     zero, t0, t5
core   0: 3 0x8000744a (0x41e28033)
core   0: 0x8000744e (0xf9310b03) lb      s6, -109(sp)
core   0: 3 0x8000744e (0xf9310b03) x22 0x00000002 mem 0x80011b49
core   0: 0x80007452 (0xf3710c23) sb      s7, -200(sp)
core   0: 3 0x80007452 (0xf3710c23) mem 0x80011aee 0x0
core   0: 0x80007456 (0x02bbd033) divu    zero, s7, a1
core   0: 3 0x80007456 (0x02bbd033)
core   0: 0x8000745a (0x00008f45) c.or    a4, s1
core   0: 3 0x8000745a (0x8f45) x14 0x000090ff
core   0: 0x8000745c (0xf4d14a03) lbu     s4, -179(sp)
core   0: 3 0x8000745c (0xf4d14a03) x20 0x000000b8 mem 0x80011b03
core   0: 0x80007460 (0xf0c15183) lhu     gp, -244(sp)
core   0: 3 0x80007460 (0xf0c15183) x 3 0x00000000 mem 0x80011ac2
core   0: 0x80007464 (0x0a2108a3) sb      sp, 177(sp)
core   0: 3 0x80007464 (0x0a2108a3) mem 0x80011c67 0xb6
core   0: 0x80007468 (0x00008fb1) c.xor   a5, a2
core   0: 3 0x80007468 (0x8fb1) x15 0x800138cf
core   0: 0x8000746a (0x0c2103a3) sb      sp, 199(sp)
core   0: 3 0x8000746a (0x0c2103a3) mem 0x80011c7d 0xb6
core   0: 0x8000746e (0x411d01b3) sub     gp, s10, a7
core   0: 3 0x8000746e (0x411d01b3) x 3 0x7ffd8c10
core   0: 0x80007472 (0x0e6102a3) sb      t1, 229(sp)
core   0: 3 0x80007472 (0x0e6102a3) mem 0x80011c9b 0x0
core   0: 0x80007476 (0xf3758c93) addi    s9, a1, -201
core   0: 3 0x80007476 (0xf3758c93) x25 0xdcdddd17
core   0: 0x8000747a (0x0a610923) sb      t1, 178(sp)
core   0: 3 0x8000747a (0x0a610923) mem 0x80011c68 0x0
core   0: 0x8000747e (0x00008d49) c.or    a0, a0
core   0: 3 0x8000747e (0x8d49) x10 0xa8a9aaab
core   0: 0x80007480 (0x03360cb3) mul     s9, a2, s3
core   0: 3 0x80007480 (0x03360cb3) x25 0xffff857b
core   0: 0x80007484 (0xf38105a3) sb      s8, -213(sp)
core   0: 3 0x80007484 (0xf38105a3) mem 0x80011ae1 0x10
core   0: 0x80007488 (0x00008f49) c.or    a4, a0
core   0: 3 0x80007488 (0x8f49) x14 0xa8a9baff
core   0: 0x8000748a (0xf58105a3) sb      s8, -181(sp)
core   0: 3 0x8000748a (0xf58105a3) mem 0x80011b01 0x10
core   0: 0x8000748e (0x0001b117) auipc   sp, 0x1b
core   0: 3 0x8000748e (0x0001b117) x 2 0x8002248e
core   0: 0x80007492 (0x9f710113) addi    sp, sp, -1545
core   0: 3 0x80007492 (0x9f710113) x 2 0x80021e85
core   0: 0x80007496 (0x01ce54b3) srl     s1, t3, t3
core   0: 3 0x80007496 (0x01ce54b3) x 9 0x007fffd4
core   0: 0x8000749a (0x01c114a3) sh      t3, 9(sp)
core   0: 3 0x8000749a (0x01c114a3) mem 0x80021e8e 0xa8a9
core   0: 0x8000749e (0xfe911fa3) sh      s1, -1(sp)
core   0: 3 0x8000749e (0xfe911fa3) mem 0x80021e84 0xffd4
core   0: 0x800074a2 (0x00000001) c.nop
core   0: 3 0x800074a2 (0x0001)
core   0: 0x800074a4 (0x01242e33) slt     t3, s0, s2
core   0: 3 0x800074a4 (0x01242e33) x28 0x00000001
core   0: 0x800074a8 (0x00a14803) lbu     a6, 10(sp)
core   0: 3 0x800074a8 (0x00a14803) x16 0x000000a8 mem 0x80021e8f
core   0: 0x800074ac (0x00008471) c.srai  s0, 28
core   0: 3 0x800074ac (0x8471) x 8 0xfffffff8
core   0: 0x800074ae (0x01c115a3) sh      t3, 11(sp)
core   0: 3 0x800074ae (0x01c115a3) mem 0x80021e90 0x0001
core   0: 0x800074b2 (0xa8be7413) andi    s0, t3, -1397
core   0: 3 0x800074b2 (0xa8be7413) x 8 0x00000001
core   0: 0x800074b6 (0x1c10a497) auipc   s1, 0x1c10a
core   0: 3 0x800074b6 (0x1c10a497) x 9 0x9c1114b6
core   0: 0x800074ba (0x0094d833) srl     a6, s1, s1
core   0: 3 0x800074ba (0x0094d833) x16 0x00000270
core   0: 0x800074be (0x4ae77497) auipc   s1, 0x4ae77
core   0: 3 0x800074be (0x4ae77497) x 9 0xcae7e4be
core   0: 0x800074c2 (0x010101a3) sb      a6, 3(sp)
core   0: 3 0x800074c2 (0x010101a3) mem 0x80021e88 0x70
core   0: 0x800074c6 (0x01c125a3) sw      t3, 11(sp)
core   0: 3 0x800074c6 (0x01c125a3) mem 0x80021e90 0x00000001
core   0: 0x800074ca (0x293e7913) andi    s2, t3, 659
core   0: 3 0x800074ca (0x293e7913) x18 0x00000001
core   0: 0x800074ce (0x00008569) c.srai  a0, 26
core   0: 3 0x800074ce (0x8569) x10 0xffffffea
core   0: 0x800074d0 (0x0000157d) c.addi  a0, -1
core   0: 3 0x800074d0 (0x157d) x10 0xffffffe9
core   0: 0x800074d2 (0x2f396513) ori     a0, s2, 755
core   0: 3 0x800074d2 (0x2f396513) x10 0x000002f3
core   0: 0x800074d6 (0xff210da3) sb      s2, -5(sp)
core   0: 3 0x800074d6 (0xff210da3) mem 0x80021e80 0x1
core   0: 0x800074da (0x00c10503) lb      a0, 12(sp)
core   0: 3 0x800074da (0x00c10503) x10 0x00000000 mem 0x80021e91
core   0: 0x800074de (0x01210123) sb      s2, 2(sp)
core   0: 3 0x800074de (0x01210123) mem 0x80021e87 0x1
core   0: 0x800074e2 (0x00008971) c.andi  a0, 28
core   0: 3 0x800074e2 (0x8971) x10 0x00000000
core   0: 0x800074e4 (0x00e14e03) lbu     t3, 14(sp)
core   0: 3 0x800074e4 (0x00e14e03) x28 0x00000000 mem 0x80021e93
core   0: 0x800074e8 (0x6b792413) slti    s0, s2, 1719
core   0: 3 0x800074e8 (0x6b792413) x 8 0x00000001
core   0: 0x800074ec (0x00951e33) sll     t3, a0, s1
core   0: 3 0x800074ec (0x00951e33) x28 0x00000000
core   0: 0x800074f0 (0x40e45493) srai    s1, s0, 14
core   0: 3 0x800074f0 (0x40e45493) x 9 0x00000000
core   0: 0x800074f4 (0xffd11483) lh      s1, -3(sp)
core   0: 3 0x800074f4 (0xffd11483) x 9 0x00003839 mem 0x80021e82
core   0: 0x800074f8 (0x00015597) auipc   a1, 0x15
core   0: 3 0x800074f8 (0x00015597) x11 0x8001c4f8
core   0: 0x800074fc (0x78f58593) addi    a1, a1, 1935
core   0: 3 0x800074fc (0x78f58593) x11 0x8001cc87
core   0: 0x80007500 (0x7085c083) lbu     ra, 1800(a1)
core   0: 3 0x80007500 (0x7085c083) x 1 0x00000044 mem 0x8001d38f
core   0: 0x80007504 (0x00009b7d) c.andi  a4, -1
core   0: 3 0x80007504 (0x9b7d) x14 0xa8a9baff
core   0: 0x80007506 (0x7cc58923) sb      a2, 2002(a1)
core   0: 3 0x80007506 (0x7cc58923) mem 0x8001d459 0xff
core   0: 0x8000750a (0xfa158823) sb      ra, -80(a1)
core   0: 3 0x8000750a (0xfa158823) mem 0x8001cc37 0x44
core   0: 0x8000750e (0x54158923) sb      ra, 1362(a1)
core   0: 3 0x8000750e (0x54158923) mem 0x8001d1d9 0x44
core   0: 0x80007512 (0x50e58da3) sb      a4, 1307(a1)
core   0: 3 0x80007512 (0x50e58da3) mem 0x8001d1a2 0xff
core   0: 0x80007516 (0x71b59d83) lh      s11, 1819(a1)
core   0: 3 0x80007516 (0x71b59d83) x27 0x00005859 mem 0x8001d3a2
core   0: 0x8000751a (0x8f45cd83) lbu     s11, -1804(a1)
core   0: 3 0x8000751a (0x8f45cd83) x27 0x00000030 mem 0x8001c57b
core   0: 0x8000751e (0xf795c803) lbu     a6, -135(a1)
core   0: 3 0x8000751e (0xf795c803) x16 0x000000bb mem 0x8001cc00
core   0: 0x80007522 (0x20480413) addi    s0, a6, 516
core   0: 3 0x80007522 (0x20480413) x 8 0x000002bf
core   0: 0x80007526 (0x00006dd5) c.lui   s11, 0x15
core   0: 3 0x80007526 (0x6dd5) x27 0x00015000
core   0: 0x80007528 (0x68158e23) sb      ra, 1692(a1)
core   0: 3 0x80007528 (0x68158e23) mem 0x8001d323 0x44
core   0: 0x8000752c (0x00006605) c.lui   a2, 0x1
core   0: 3 0x8000752c (0x6605) x12 0x00001000
core   0: 0x8000752e (0xc4a5c403) lbu     s0, -950(a1)
core   0: 3 0x8000752e (0xc4a5c403) x 8 0x0000008a mem 0x8001c8d1
core   0: 0x80007532 (0x0000987d) c.andi  s0, -1
core   0: 3 0x80007532 (0x987d) x 8 0x0000008a
core   0: 0x80007534 (0xab15c703) lbu     a4, -1359(a1)
core   0: 3 0x80007534 (0xab15c703) x14 0x000000f3 mem 0x8001c738
core   0: 0x80007538 (0x3555d803) lhu     a6, 853(a1)
core   0: 3 0x80007538 (0x3555d803) x16 0x00009697 mem 0x8001cfdc
core   0: 0x8000753c (0x89c58403) lb      s0, -1892(a1)
core   0: 3 0x8000753c (0x89c58403) x 8 0xffffffd8 mem 0x8001c523
core   0: 0x80007540 (0x00008c19) c.sub   s0, a4
core   0: 3 0x80007540 (0x8c19) x 8 0xfffffee5
core   0: 0x80007542 (0xe3b58423) sb      s11, -472(a1)
core   0: 3 0x80007542 (0xe3b58423) mem 0x8001caaf 0x0
core   0: 0x80007546 (0xd775c703) lbu     a4, -649(a1)
core   0: 3 0x80007546 (0xd775c703) x14 0x000000b5 mem 0x8001c9fe
core   0: 0x8000754a (0xb4158523) sb      ra, -1206(a1)
core   0: 3 0x8000754a (0xb4158523) mem 0x8001c7d1 0x44
core   0: 0x8000754e (0x0de58083) lb      ra, 222(a1)
core   0: 3 0x8000754e (0x0de58083) x 1 0x0000001e mem 0x8001cd65
core   0: 0x80007552 (0x2af5dd83) lhu     s11, 687(a1)
core   0: 3 0x80007552 (0x2af5dd83) x27 0x0000eced mem 0x8001cf36
core   0: 0x80007556 (0x41b80733) sub     a4, a6, s11
core   0: 3 0x80007556 (0x41b80733) x14 0xffffa9aa
core   0: 0x8000755a (0x97a5c603) lbu     a2, -1670(a1)
core   0: 3 0x8000755a (0x97a5c603) x12 0x000000ba mem 0x8001c601
core   0: 0x8000755e (0x00004801) c.li    a6, 0
core   0: 3 0x8000755e (0x4801) x16 0x00000000
core   0: 0x80007560 (0x8a359d83) lh      s11, -1885(a1)
core   0: 3 0x80007560 (0x8a359d83) x27 0xffffe0e1 mem 0x8001c52a
core   0: 0x80007564 (0x00e0b733) sltu    a4, ra, a4
core   0: 3 0x80007564 (0x00e0b733) x14 0x00000001
core   0: 0x80007568 (0x01bdf0b3) and     ra, s11, s11
core   0: 3 0x80007568 (0x01bdf0b3) x 1 0xffffe0e1
core   0: 0x8000756c (0x03b75733) divu    a4, a4, s11
core   0: 3 0x8000756c (0x03b75733) x14 0x00000000
core   0: 0x80007570 (0x07b58ba3) sb      s11, 119(a1)
core   0: 3 0x80007570 (0x07b58ba3) mem 0x8001ccfe 0xe1
core   0: 0x80007574 (0xc9d5d803) lhu     a6, -867(a1)
core   0: 3 0x80007574 (0xc9d5d803) x16 0x0000dedf mem 0x8001c924
core   0: 0x80007578 (0xdfc58803) lb      a6, -516(a1)
core   0: 3 0x80007578 (0xdfc58803) x16 0x00000038 mem 0x8001ca83
core   0: 0x8000757c (0x75858703) lb      a4, 1880(a1)
core   0: 3 0x8000757c (0x75858703) x14 0xffffff94 mem 0x8001d3df
core   0: 0x80007580 (0x0000e717) auipc   a4, 0xe
core   0: 3 0x80007580 (0x0000e717) x14 0x80015580
core   0: 0x80007584 (0x8a970713) addi    a4, a4, -1879
core   0: 3 0x80007584 (0x8a970713) x14 0x80014e29
core   0: 0x80007588 (0x0000c217) auipc   tp, 0xc
core   0: 3 0x80007588 (0x0000c217) x 4 0x80013588
core   0: 0x8000758c (0x97b20213) addi    tp, tp, -1669
core   0: 3 0x8000758c (0x97b20213) x 4 0x80012f03
core   0: 0x80007590 (0xf2375383) lhu     t2, -221(a4)
core   0: 3 0x80007590 (0xf2375383) x 7 0x00000607 mem 0x80014d4c
core   0: 0x80007594 (0xfde70423) sb      t5, -56(a4)
core   0: 3 0x80007594 (0xfde70423) mem 0x80014df1 0xf1
core   0: 0x80007598 (0x01d20223) sb      t4, 4(tp)
core   0: 3 0x80007598 (0x01d20223) mem 0x80012f07 0x3a
core   0: 0x8000759c (0xf8274b83) lbu     s7, -126(a4)
core   0: 3 0x8000759c (0xf8274b83) x23 0x00000060 mem 0x80014dab
core   0: 0x800075a0 (0xfe371ea3) sh      gp, -3(a4)
core   0: 3 0x800075a0 (0xfe371ea3) mem 0x80014e26 0x8c10
core   0: 0x800075a4 (0x003213a3) sh      gp, 7(tp)
core   0: 3 0x800075a4 (0x003213a3) mem 0x80012f0a 0x8c10
core   0: 0x800075a8 (0x0000d617) auipc   a2, 0xd
core   0: 3 0x800075a8 (0x0000d617) x12 0x800145a8
core   0: 0x800075ac (0x02260613) addi    a2, a2, 34
core   0: 3 0x800075ac (0x02260613) x12 0x800145ca
core   0: 0x800075b0 (0xff624303) lbu     t1, -10(tp)
core   0: 3 0x800075b0 (0xff624303) x 6 0x000000b2 mem 0x80012ef9
core   0: 0x800075b4 (0x05070803) lb      a6, 80(a4)
core   0: 3 0x800075b4 (0x05070803) x16 0x00000032 mem 0x80014e79
core   0: 0x800075b8 (0x4d465b83) lhu     s7, 1236(a2)
core   0: 3 0x800075b8 (0x4d465b83) x23 0x00005455 mem 0x80014a9e
core   0: 0x800075bc (0x4e661783) lh      a5, 1254(a2)
core   0: 3 0x800075bc (0x4e661783) x15 0x00006a6b mem 0x80014ab0
core   0: 0x800075c0 (0x7aa62a03) lw      s4, 1962(a2)
core   0: 3 0x800075c0 (0x7aa62a03) x20 0x2c2d2e2f mem 0x80014d74
core   0: 0x800075c4 (0xff824e03) lbu     t3, -8(tp)
core   0: 3 0x800075c4 (0xff824e03) x28 0x000000b0 mem 0x80012efb
core   0: 0x800075c8 (0xab860ba3) sb      s8, -1353(a2)
core   0: 3 0x800075c8 (0xab860ba3) mem 0x80014081 0x10
core   0: 0x800075cc (0x02575d83) lhu     s11, 37(a4)
core   0: 3 0x800075cc (0x02575d83) x27 0x00000405 mem 0x80014e4e
core   0: 0x800075d0 (0x0bd71e83) lh      t4, 189(a4)
core   0: 3 0x800075d0 (0x0bd71e83) x29 0xffff9c9d mem 0x80014ee6
core   0: 0x800075d4 (0xf6070f03) lb      t5, -160(a4)
core   0: 3 0x800075d4 (0xf6070f03) x30 0x00000042 mem 0x80014d89
core   0: 0x800075d8 (0xbfb604a3) sb      s11, -1047(a2)
core   0: 3 0x800075d8 (0xbfb604a3) mem 0x800141b3 0x5
core   0: 0x800075dc (0x65764503) lbu     a0, 1623(a2)
core   0: 3 0x800075dc (0x65764503) x10 0x000000da mem 0x80014c21
core   0: 0x800075e0 (0xf9e70e03) lb      t3, -98(a4)
core   0: 3 0x800075e0 (0xf9e70e03) x28 0x0000007c mem 0x80014dc7
core   0: 0x800075e4 (0xffd22803) lw      a6, -3(tp)
core   0: 3 0x800075e4 (0xffd22803) x16 0xb8b9babb mem 0x80012f00
core   0: 0x800075e8 (0xff122483) lw      s1, -15(tp)
core   0: 3 0x800075e8 (0xff122483) x 9 0xacadaeaf mem 0x80012ef4
core   0: 0x800075ec (0x00670923) sb      t1, 18(a4)
core   0: 3 0x800075ec (0x00670923) mem 0x80014e3b 0xb2
core   0: 0x800075f0 (0x5f760103) lb      sp, 1527(a2)
core   0: 3 0x800075f0 (0x5f760103) x 2 0x0000007a mem 0x80014bc1
core   0: 0x800075f4 (0x00700413) li      s0, 7
core   0: 3 0x800075f4 (0x00700413) x 8 0x00000007
core   0: 0x800075f8 (0x00006125) c.addi16sp sp, 96
core   0: 3 0x800075f8 (0x6125) x 2 0x000000da
core   0: 0x800075fa (0x019cb633) sltu    a2, s9, s9
core   0: 3 0x800075fa (0x019cb633) x12 0x00000000
core   0: 0x800075fe (0x00700b93) li      s7, 7
core   0: 3 0x800075fe (0x00700b93) x23 0x00000007
core   0: 0x80007602 (0x01411fb3) sll     t6, sp, s4
core   0: 3 0x80007602 (0x01411fb3) x31 0x006d0000
core   0: 0x80007606 (0x02186133) rem     sp, a6, ra
core   0: 3 0x80007606 (0x02186133) x 2 0xffffedef
core   0: 0x8000760a (0x00001479) c.addi  s0, -2
core   0: 3 0x8000760a (0x1479) x 8 0x00000005
core   0: 0x8000760c (0xff745de3) bge     s0, s7, pc - 6
core   0: 3 0x8000760c (0xff745de3)
core   0: 0x80007610 (0x00000df2) c.slli  s11, 28
core   0: 3 0x80007610 (0x0df2) x27 0x50000000
core   0: 0x80007612 (0x0000a117) auipc   sp, 0xa
core   0: 3 0x80007612 (0x0000a117) x 2 0x80011612
core   0: 0x80007616 (0x35510113) addi    sp, sp, 853
core   0: 3 0x80007616 (0x35510113) x 2 0x80011967
core   0: 0x8000761a (0xff115283) lhu     t0, -15(sp)
core   0: 3 0x8000761a (0xff115283) x 5 0x00001213 mem 0x80011958
core   0: 0x8000761e (0xff115e83) lhu     t4, -15(sp)
core   0: 3 0x8000761e (0xff115e83) x29 0x00001213 mem 0x80011958
core   0: 0x80007622 (0x000010fd) c.addi  ra, -1
core   0: 3 0x80007622 (0x10fd) x 1 0xffffe0e0
core   0: 0x80007624 (0xff115483) lhu     s1, -15(sp)
core   0: 3 0x80007624 (0xff115483) x 9 0x00001213 mem 0x80011958
core   0: 0x80007628 (0xff114983) lbu     s3, -15(sp)
core   0: 3 0x80007628 (0xff114983) x19 0x00000013 mem 0x80011958
core   0: 0x8000762c (0xff7118a3) sh      s7, -15(sp)
core   0: 3 0x8000762c (0xff7118a3) mem 0x80011958 0x0007
core   0: 0x80007630 (0xff111203) lh      tp, -15(sp)
core   0: 3 0x80007630 (0xff111203) x 4 0x00000007 mem 0x80011958
core   0: 0x80007634 (0x591afc13) andi    s8, s5, 1425
core   0: 3 0x80007634 (0x591afc13) x24 0x00000480
core   0: 0x80007638 (0xff112483) lw      s1, -15(sp)
core   0: 3 0x80007638 (0xff112483) x 9 0x10110007 mem 0x80011958
core   0: 0x8000763c (0xff115903) lhu     s2, -15(sp)
core   0: 3 0x8000763c (0xff115903) x18 0x00000007 mem 0x80011958
core   0: 0x80007640 (0xff112183) lw      gp, -15(sp)
core   0: 3 0x80007640 (0xff112183) x 3 0x10110007 mem 0x80011958
core   0: 0x80007644 (0xff110983) lb      s3, -15(sp)
core   0: 3 0x80007644 (0xff110983) x19 0x00000007 mem 0x80011958
core   0: 0x80007648 (0xff112803) lw      a6, -15(sp)
core   0: 3 0x80007648 (0xff112803) x16 0x10110007 mem 0x80011958
core   0: 0x8000764c (0x018000ef) jal     pc + 0x18
core   0: 3 0x8000764c (0x018000ef) x 1 0x80007650
core   0: 0x80007664 (0x00003fd5) c.jal   pc - 12
core   0: 3 0x80007664 (0x3fd5) x 1 0x80007666
core   0: 0x80007658 (0x00003ffd) c.jal   pc - 2
core   0: 3 0x80007658 (0x3ffd) x 1 0x8000765a
core   0: 0x80007656 (0x0000a809) c.j     pc + 18
core   0: 3 0x80007656 (0xa809)
core   0: 0x80007668 (0xfebff0ef) jal     pc - 0x16
core   0: 3 0x80007668 (0xfebff0ef) x 1 0x8000766c
core   0: 0x80007652 (0x00002831) c.jal   pc + 28
core   0: 3 0x80007652 (0x2831) x 1 0x80007654
core   0: 0x8000766e (0xff9ff0ef) jal     pc - 0x8
core   0: 3 0x8000766e (0xff9ff0ef) x 1 0x80007672
core   0: 0x80007666 (0x00003fd5) c.jal   pc - 12
core   0: 3 0x80007666 (0x3fd5) x 1 0x80007668
core   0: 0x8000765a (0x0200016f) jal     sp, pc + 0x20
core   0: 3 0x8000765a (0x0200016f) x 2 0x8000765e
core   0: 0x8000767a (0x0000bff5) c.j     pc - 4
core   0: 3 0x8000767a (0xbff5)
core   0: 0x80007676 (0xff7ff5ef) jal     a1, pc - 0xa
core   0: 3 0x80007676 (0xff7ff5ef) x11 0x8000767a
core   0: 0x8000766c (0x00003fcd) c.jal   pc - 14
core   0: 3 0x8000766c (0x3fcd) x 1 0x8000766e
core   0: 0x8000765e (0x0000bfdd) c.j     pc - 10
core   0: 3 0x8000765e (0xbfdd)
core   0: 0x80007654 (0x0000bff5) c.j     pc - 4
core   0: 3 0x80007654 (0xbff5)
core   0: 0x80007650 (0x0000200d) c.jal   pc + 34
core   0: 3 0x80007650 (0x200d) x 1 0x80007652
core   0: 0x80007672 (0xfefff36f) jal     t1, pc - 0x12
core   0: 3 0x80007672 (0xfefff36f) x 6 0x80007676
core   0: 0x80007660 (0x01c001ef) jal     gp, pc + 0x1c
core   0: 3 0x80007660 (0x01c001ef) x 3 0x80007664
core   0: 0x8000767c (0x0174ecb3) or      s9, s1, s7
core   0: 3 0x8000767c (0x0174ecb3) x25 0x10110007
core   0: 0x80007680 (0x00017717) auipc   a4, 0x17
core   0: 3 0x80007680 (0x00017717) x14 0x8001e680
core   0: 0x80007684 (0x67e70713) addi    a4, a4, 1662
core   0: 3 0x80007684 (0x67e70713) x14 0x8001ecfe
core   0: 0x80007688 (0x000083f9) c.srli  a5, 30
core   0: 3 0x80007688 (0x83f9) x15 0x00000000
core   0: 0x8000768a (0x03470b83) lb      s7, 52(a4)
core   0: 3 0x8000768a (0x03470b83) x23 0xffffffe9 mem 0x8001ed32
core   0: 0x8000768e (0x02971a23) sh      s1, 52(a4)
core   0: 3 0x8000768e (0x02971a23) mem 0x8001ed32 0x0007
core   0: 0x80007692 (0x038f47b3) div     a5, t5, s8
core   0: 3 0x80007692 (0x038f47b3) x15 0x00000000
core   0: 0x80007696 (0x03474503) lbu     a0, 52(a4)
core   0: 3 0x80007696 (0x03474503) x10 0x00000007 mem 0x8001ed32
core   0: 0x8000769a (0x03471803) lh      a6, 52(a4)
core   0: 3 0x8000769a (0x03471803) x16 0x00000007 mem 0x8001ed32
core   0: 0x8000769e (0x00059993) slli    s3, a1, 0
core   0: 3 0x8000769e (0x00059993) x19 0x8000767a
core   0: 0x800076a2 (0x0224d1b3) divu    gp, s1, sp
core   0: 3 0x800076a2 (0x0224d1b3) x 3 0x00000000
core   0: 0x800076a6 (0xf1b71c23) sh      s11, -232(a4)
core   0: 3 0x800076a6 (0xf1b71c23) mem 0x8001ec16 0x0000
core   0: 0x800076aa (0xf1170c23) sb      a7, -232(a4)
core   0: 3 0x800076aa (0xf1170c23) mem 0x8001ec16 0x58
core   0: 0x800076ae (0x03770c83) lb      s9, 55(a4)
core   0: 3 0x800076ae (0x03770c83) x25 0xffffffee mem 0x8001ed35
core   0: 0x800076b2 (0x0000851e) c.mv    a0, t2
core   0: 3 0x800076b2 (0x851e) x10 0x00000607
core   0: 0x800076b4 (0xcd1ef0b7) lui     ra, 0xcd1ef
core   0: 3 0x800076b4 (0xcd1ef0b7) x 1 0xcd1ef000
core   0: 0x800076b8 (0x03774003) lbu     zero, 55(a4)
core   0: 3 0x800076b8 (0x03774003) mem 0x8001ed35
core   0: 0x800076bc (0x02070ba3) sb      zero, 55(a4)
core   0: 3 0x800076bc (0x02070ba3) mem 0x8001ed35 0x0
core   0: 0x800076c0 (0x02270ba3) sb      sp, 55(a4)
core   0: 3 0x800076c0 (0x02270ba3) mem 0x8001ed35 0x5e
core   0: 0x800076c4 (0xf3671723) sh      s6, -210(a4)
core   0: 3 0x800076c4 (0xf3671723) mem 0x8001ec2c 0x0002
core   0: 0x800076c8 (0x00d580b3) add     ra, a1, a3
core   0: 3 0x800076c8 (0x00d580b3) x 1 0x7c09c2b2
core   0: 0x800076cc (0xf2e72083) lw      ra, -210(a4)
core   0: 3 0x800076cc (0xf2e72083) x 1 0xe4e50002 mem 0x8001ec2c
core   0: 0x800076d0 (0xf2c71723) sh      a2, -210(a4)
core   0: 3 0x800076d0 (0xf2c71723) mem 0x8001ec2c 0x0000
core   0: 0x800076d4 (0xf2e75f83) lhu     t6, -210(a4)
core   0: 3 0x800076d4 (0xf2e75f83) x31 0x00000000 mem 0x8001ec2c
core   0: 0x800076d8 (0xf2e70c83) lb      s9, -210(a4)
core   0: 3 0x800076d8 (0xf2e70c83) x25 0x00000000 mem 0x8001ec2c
core   0: 0x800076dc (0xf2170723) sb      ra, -210(a4)
core   0: 3 0x800076dc (0xf2170723) mem 0x8001ec2c 0x2
core   0: 0x800076e0 (0xf2e74483) lbu     s1, -210(a4)
core   0: 3 0x800076e0 (0xf2e74483) x 9 0x00000002 mem 0x8001ec2c
core   0: 0x800076e4 (0x00010597) auipc   a1, 0x10
core   0: 3 0x800076e4 (0x00010597) x11 0x800176e4
core   0: 0x800076e8 (0x95c58593) addi    a1, a1, -1700
core   0: 3 0x800076e8 (0x95c58593) x11 0x80017040
core   0: 0x800076ec (0x03c0eb33) rem     s6, ra, t3
core   0: 3 0x800076ec (0x03c0eb33) x22 0xffffffce
core   0: 0x800076f0 (0x0ff0000f) fence   iorw,iorw
core   0: 3 0x800076f0 (0x0ff0000f)
core   0: 0x800076f4 (0x00008b0a) c.mv    s6, sp
core   0: 3 0x800076f4 (0x8b0a) x22 0x8000765e
core   0: 0x800076f6 (0x02cdee33) rem     t3, s11, a2
core   0: 3 0x800076f6 (0x02cdee33) x28 0x50000000
core   0: 0x800076fa (0x172e3613) sltiu   a2, t3, 370
core   0: 3 0x800076fa (0x172e3613) x12 0x00000000
core   0: 0x800076fe (0xf4f58e03) lb      t3, -177(a1)
core   0: 3 0x800076fe (0xf4f58e03) x28 0x00000044 mem 0x80016f8f
core   0: 0x80007702 (0x0030db13) srli    s6, ra, 3
core   0: 3 0x80007702 (0x0030db13) x22 0x1c9ca000
core   0: 0x80007706 (0xfaa59d83) lh      s11, -86(a1)
core   0: 3 0x80007706 (0xfaa59d83) x27 0xffffa0a1 mem 0x80016fea
core   0: 0x8000770a (0x0565c603) lbu     a2, 86(a1)
core   0: 3 0x8000770a (0x0565c603) x12 0x0000004d mem 0x80017096
core   0: 0x8000770e (0x22adee13) ori     t3, s11, 554
core   0: 3 0x8000770e (0x22adee13) x28 0xffffa2ab
core   0: 0x80007712 (0x005b5e13) srli    t3, s6, 5
core   0: 3 0x80007712 (0x005b5e13) x28 0x00e4e500
core   0: 0x80007716 (0x00058e03) lb      t3, 0(a1)
core   0: 3 0x80007716 (0x00058e03) x28 0xfffffffb mem 0x80017040
core   0: 0x8000771a (0x04f5c603) lbu     a2, 79(a1)
core   0: 3 0x8000771a (0x04f5c603) x12 0x00000044 mem 0x8001708f
core   0: 0x8000771e (0x0fc58ea3) sb      t3, 253(a1)
core   0: 3 0x8000771e (0x0fc58ea3) mem 0x8001713d 0xfb
core   0: 0x80007722 (0x02258d23) sb      sp, 58(a1)
core   0: 3 0x80007722 (0x02258d23) mem 0x8001707a 0x5e
core   0: 0x80007726 (0x000060ed) c.lui   ra, 0x1b
core   0: 3 0x80007726 (0x60ed) x 1 0x0001b000
core   0: 0x80007728 (0x05b58ba3) sb      s11, 87(a1)
core   0: 3 0x80007728 (0x05b58ba3) mem 0x80017097 0xa1
core   0: 0x8000772c (0xf76588a3) sb      s6, -143(a1)
core   0: 3 0x8000772c (0xf76588a3) mem 0x80016fb1 0x0
core   0: 0x80007730 (0x022dfdb3) remu    s11, s11, sp
core   0: 3 0x80007730 (0x022dfdb3) x27 0x7fff2a43
core   0: 0x80007734 (0x00008e11) c.sub   a2, a2
core   0: 3 0x80007734 (0x8e11) x12 0x00000000
core   0: 0x80007736 (0x00000001) c.nop
core   0: 3 0x80007736 (0x0001)
core   0: 0x80007738 (0x00000b46) c.slli  s6, 17
core   0: 3 0x80007738 (0x0b46) x22 0x40000000
core   0: 0x8000773a (0x00000626) c.slli  a2, 9
core   0: 3 0x8000773a (0x0626) x12 0x00000000
core   0: 0x8000773c (0x03cdc633) div     a2, s11, t3
core   0: 3 0x8000773c (0x03cdc633) x12 0xe6669126
core   0: 0x80007740 (0x0000864d) c.srai  a2, 19
core   0: 3 0x80007740 (0x864d) x12 0xfffffccc
core   0: 0x80007742 (0x0100b093) sltiu   ra, ra, 16
core   0: 3 0x80007742 (0x0100b093) x 1 0x00000000
core   0: 0x80007746 (0x00006b61) c.lui   s6, 0x18
core   0: 3 0x80007746 (0x6b61) x22 0x00018000
core   0: 0x80007748 (0x016dedb3) or      s11, s11, s6
core   0: 3 0x80007748 (0x016dedb3) x27 0x7fffaa43
core   0: 0x8000774c (0xf3158083) lb      ra, -207(a1)
core   0: 3 0x8000774c (0xf3158083) x 1 0x0000002a mem 0x80016f71
core   0: 0x80007750 (0x03c110b3) mulh    ra, sp, t3
core   0: 3 0x80007750 (0x03c110b3) x 1 0x00000002
core   0: 0x80007754 (0xb5f70b37) lui     s6, 0xb5f70
core   0: 3 0x80007754 (0xb5f70b37) x22 0xb5f70000
core   0: 0x80007758 (0x0000100f) fence.i
core   0: 3 0x80007758 (0x0000100f)
core   0: 0x8000775c (0x0ec58ea3) sb      a2, 253(a1)
core   0: 3 0x8000775c (0x0ec58ea3) mem 0x8001713d 0xcc
core   0: 0x80007760 (0xffd5cd83) lbu     s11, -3(a1)
core   0: 3 0x80007760 (0xffd5cd83) x27 0x000000f6 mem 0x8001703d
core   0: 0x80007764 (0x0000a497) auipc   s1, 0xa
core   0: 3 0x80007764 (0x0000a497) x 9 0x80011764
core   0: 0x80007768 (0x79348493) addi    s1, s1, 1939
core   0: 3 0x80007768 (0x79348493) x 9 0x80011ef7
core   0: 0x8000776c (0xff14dd83) lhu     s11, -15(s1)
core   0: 3 0x8000776c (0xff14dd83) x27 0x0000a2a3 mem 0x80011ee8
core   0: 0x80007770 (0x02c845b3) div     a1, a6, a2
core   0: 3 0x80007770 (0x02c845b3) x11 0x00000000
core   0: 0x80007774 (0xd8b6a213) slti    tp, a3, -629
core   0: 3 0x80007774 (0xd8b6a213) x 4 0x00000001
core   0: 0x80007778 (0x02a40bb3) mul     s7, s0, a0
core   0: 3 0x80007778 (0x02a40bb3) x23 0x00001e23
core   0: 0x8000777c (0x02b8e433) rem     s0, a7, a1
core   0: 3 0x8000777c (0x02b8e433) x 8 0x80026e58
core   0: 0x80007780 (0xfc748783) lb      a5, -57(s1)
core   0: 3 0x80007780 (0xfc748783) x15 0x00000075 mem 0x80011ebe
core   0: 0x80007784 (0x43d82993) slti    s3, a6, 1085
core   0: 3 0x80007784 (0x43d82993) x19 0x00000001
core   0: 0x80007788 (0xff248123) sb      s2, -30(s1)
core   0: 3 0x80007788 (0xff248123) mem 0x80011ed9 0x7
core   0: 0x8000778c (0x01a04733) xor     a4, zero, s10
core   0: 3 0x8000778c (0x01a04733) x14 0xfffffa68
core   0: 0x80007790 (0xfd74c403) lbu     s0, -41(s1)
core   0: 3 0x80007790 (0xfd74c403) x 8 0x00000085 mem 0x80011ece
core   0: 0x80007794 (0xfc648723) sb      t1, -50(s1)
core   0: 3 0x80007794 (0xfc648723) mem 0x80011ec5 0x76
core   0: 0x80007798 (0x0000717d) c.addi16sp sp, -16
core   0: 3 0x80007798 (0x717d) x 2 0x8000764e
core   0: 0x8000779a (0x01949903) lh      s2, 25(s1)
core   0: 3 0x8000779a (0x01949903) x18 0xffffcacb mem 0x80011f10
core   0: 0x8000779e (0xfe748d23) sb      t2, -6(s1)
core   0: 3 0x8000779e (0xfe748d23) mem 0x80011ef1 0x7
core   0: 0x800077a2 (0x02849ba3) sh      s0, 55(s1)
core   0: 3 0x800077a2 (0x02849ba3) mem 0x80011f2e 0x0085
core   0: 0x800077a6 (0x01e48583) lb      a1, 30(s1)
core   0: 3 0x800077a6 (0x01e48583) x11 0xffffffce mem 0x80011f15
core   0: 0x800077aa (0x02348f23) sb      gp, 62(s1)
core   0: 3 0x800077aa (0x02348f23) mem 0x80011f35 0x0
core   0: 0x800077ae (0x286b8213) addi    tp, s7, 646
core   0: 3 0x800077ae (0x286b8213) x 4 0x000020a9
core   0: 0x800077b2 (0xfcc4c183) lbu     gp, -52(s1)
core   0: 3 0x800077b2 (0xfcc4c183) x 3 0x00000078 mem 0x80011ec3
core   0: 0x800077b6 (0x00009832) c.add   a6, a2
core   0: 3 0x800077b6 (0x9832) x16 0xfffffcd3
core   0: 0x800077b8 (0x00000001) c.nop
core   0: 3 0x800077b8 (0x0001)
core   0: 0x800077ba (0x03407bb3) remu    s7, zero, s4
core   0: 3 0x800077ba (0x03407bb3) x23 0x00000000
core   0: 0x800077be (0xfee48ba3) sb      a4, -9(s1)
core   0: 3 0x800077be (0xfee48ba3) mem 0x80011eee 0x68
core   0: 0x800077c2 (0x00009fee) c.add   t6, s11
core   0: 3 0x800077c2 (0x9fee) x31 0x0000a2a3
core   0: 0x800077c4 (0x00000001) c.nop
core   0: 3 0x800077c4 (0x0001)
core   0: 0x800077c6 (0x02a48423) sb      a0, 40(s1)
core   0: 3 0x800077c6 (0x02a48423) mem 0x80011f1f 0x7
core   0: 0x800077ca (0xfcc48103) lb      sp, -52(s1)
core   0: 3 0x800077ca (0xfcc48103) x 2 0x00000078 mem 0x80011ec3
core   0: 0x800077ce (0xfe8491a3) sh      s0, -29(s1)
core   0: 3 0x800077ce (0xfe8491a3) mem 0x80011eda 0x0085
core   0: 0x800077d2 (0x0000717d) c.addi16sp sp, -16
core   0: 3 0x800077d2 (0x717d) x 2 0x00000068
core   0: 0x800077d4 (0x02f48a23) sb      a5, 52(s1)
core   0: 3 0x800077d4 (0x02f48a23) mem 0x80011f2b 0x75
core   0: 0x800077d8 (0x034cf2b3) remu    t0, s9, s4
core   0: 3 0x800077d8 (0x034cf2b3) x 5 0x00000000
core   0: 0x800077dc (0x02f49083) lh      ra, 47(s1)
core   0: 3 0x800077dc (0x02f49083) x 1 0xffffdc7c mem 0x80011f26
core   0: 0x800077e0 (0x00004cf1) c.li    s9, 28
core   0: 3 0x800077e0 (0x4cf1) x25 0x0000001c
core   0: 0x800077e2 (0xfff48523) sb      t6, -22(s1)
core   0: 3 0x800077e2 (0xfff48523) mem 0x80011ee1 0xa3
core   0: 0x800077e6 (0x03948023) sb      s9, 32(s1)
core   0: 3 0x800077e6 (0x03948023) mem 0x80011f17 0x1c
core   0: 0x800077ea (0xfd14cc83) lbu     s9, -47(s1)
core   0: 3 0x800077ea (0xfd14cc83) x25 0x00000083 mem 0x80011ec8
core   0: 0x800077ee (0x0084c603) lbu     a2, 8(s1)
core   0: 3 0x800077ee (0x0084c603) x12 0x000000b4 mem 0x80011eff
core   0: 0x800077f2 (0xff648c83) lb      s9, -10(s1)
core   0: 3 0x800077f2 (0xff648c83) x25 0xffffffa6 mem 0x80011eed
core   0: 0x800077f6 (0x027d5333) divu    t1, s10, t2
core   0: 3 0x800077f6 (0x027d5333) x 6 0x002a791c
core   0: 0x800077fa (0x00c4cd83) lbu     s11, 12(s1)
core   0: 3 0x800077fa (0x00c4cd83) x27 0x000000b8 mem 0x80011f03
core   0: 0x800077fe (0x0000ad97) auipc   s11, 0xa
core   0: 3 0x800077fe (0x0000ad97) x27 0x800117fe
core   0: 0x80007802 (0x2e4d8d93) addi    s11, s11, 740
core   0: 3 0x80007802 (0x2e4d8d93) x27 0x80011ae2
core   0: 0x80007806 (0x0001ae97) auipc   t4, 0x1a
core   0: 3 0x80007806 (0x0001ae97) x29 0x80021806
core   0: 0x8000780a (0xb34e8e93) addi    t4, t4, -1228
core   0: 3 0x8000780a (0xb34e8e93) x29 0x8002133a
core   0: 0x8000780e (0xfe7d9e23) sh      t2, -4(s11)
core   0: 3 0x8000780e (0xfe7d9e23) mem 0x80011ade 0x0607
core   0: 0x80007812 (0x036eaf23) sw      s6, 62(t4)
core   0: 3 0x80007812 (0x036eaf23) mem 0x80021378 0xb5f70000
core   0: 0x80007816 (0xff3dc783) lbu     a5, -13(s11)
core   0: 3 0x80007816 (0xff3dc783) x15 0x0000008e mem 0x80011ad5
core   0: 0x8000781a (0x03de9a23) sh      t4, 52(t4)
core   0: 3 0x8000781a (0x03de9a23) mem 0x8002136e 0x133a
core   0: 0x8000781e (0x00fe9a23) sh      a5, 20(t4)
core   0: 3 0x8000781e (0x00fe9a23) mem 0x8002134e 0x008e
core   0: 0x80007822 (0xfe3d89a3) sb      gp, -13(s11)
core   0: 3 0x80007822 (0xfe3d89a3) mem 0x80011ad5 0x78
core   0: 0x80007826 (0x018e8583) lb      a1, 24(t4)
core   0: 3 0x80007826 (0x018e8583) x11 0x00000009 mem 0x80021352
core   0: 0x8000782a (0x01ed9423) sh      t5, 8(s11)
core   0: 3 0x8000782a (0x01ed9423) mem 0x80011aea 0x0042
core   0: 0x8000782e (0x002dcc03) lbu     s8, 2(s11)
core   0: 3 0x8000782e (0x002dcc03) x24 0x0000009f mem 0x80011ae4
core   0: 0x80007832 (0xfd7e8703) lb      a4, -41(t4)
core   0: 3 0x80007832 (0xfd7e8703) x14 0xffffffca mem 0x80021311
core   0: 0x80007836 (0x002d8423) sb      sp, 8(s11)
core   0: 3 0x80007836 (0x002d8423) mem 0x80011aea 0x68
core   0: 0x8000783a (0xfe7e8b03) lb      s6, -25(t4)
core   0: 3 0x8000783a (0xfe7e8b03) x22 0xffffffda mem 0x80021321
core   0: 0x8000783e (0xff7d8ba3) sb      s7, -9(s11)
core   0: 3 0x8000783e (0xff7d8ba3) mem 0x80011ad9 0x0
core   0: 0x80007842 (0xff5ecf83) lbu     t6, -11(t4)
core   0: 3 0x80007842 (0xff5ecf83) x31 0x000000e4 mem 0x8002132f
core   0: 0x80007846 (0x008d9423) sh      s0, 8(s11)
core   0: 3 0x80007846 (0x008d9423) mem 0x80011aea 0x0085
core   0: 0x8000784a (0x02fecf03) lbu     t5, 47(t4)
core   0: 3 0x8000784a (0x02fecf03) x30 0x00000022 mem 0x80021369
core   0: 0x8000784e (0x018d87a3) sb      s8, 15(s11)
core   0: 3 0x8000784e (0x018d87a3) mem 0x80011af1 0x9f
core   0: 0x80007852 (0x02ae8823) sb      a0, 48(t4)
core   0: 3 0x80007852 (0x02ae8823) mem 0x8002136a 0x7
core   0: 0x80007856 (0x015eab23) sw      s5, 22(t4)
core   0: 3 0x80007856 (0x015eab23) mem 0x80021350 0x8002ace4
core   0: 0x8000785a (0x0000a117) auipc   sp, 0xa
core   0: 3 0x8000785a (0x0000a117) x 2 0x8001185a
core   0: 0x8000785e (0x41d10113) addi    sp, sp, 1053
core   0: 3 0x8000785e (0x41d10113) x 2 0x80011c77
core   0: 0x80007862 (0x001f11b3) sll     gp, t5, ra
core   0: 3 0x80007862 (0x001f11b3) x 3 0x20000000
core   0: 0x80007866 (0x0ac113a3) sh      a2, 167(sp)
core   0: 3 0x80007866 (0x0ac113a3) mem 0x80011d1e 0x00b4
core   0: 0x8000786a (0xfde11fa3) sh      t5, -33(sp)
core   0: 3 0x8000786a (0xfde11fa3) mem 0x80011c56 0x0022
core   0: 0x8000786e (0x02214603) lbu     a2, 34(sp)
core   0: 3 0x8000786e (0x02214603) x12 0x00000052 mem 0x80011c99
core   0: 0x80007872 (0x04b14f03) lbu     t5, 75(sp)
core   0: 3 0x80007872 (0x04b14f03) x30 0x00000079 mem 0x80011cc2
core   0: 0x80007876 (0xf6814f03) lbu     t5, -152(sp)
core   0: 3 0x80007876 (0xf6814f03) x30 0x00000094 mem 0x80011bdf
core   0: 0x8000787a (0xf8410e23) sb      tp, -100(sp)
core   0: 3 0x8000787a (0xf8410e23) mem 0x80011c13 0xa9
core   0: 0x8000787e (0x0fe10723) sb      t5, 238(sp)
core   0: 3 0x8000787e (0x0fe10723) mem 0x80011d65 0x94
core   0: 0x80007882 (0xf3214f03) lbu     t5, -206(sp)
core   0: 3 0x80007882 (0xf3214f03) x30 0x00000062 mem 0x80011ba9
core   0: 0x80007886 (0x0f410f03) lb      t5, 244(sp)
core   0: 3 0x80007886 (0x0f410f03) x30 0x00000020 mem 0x80011d6b
core   0: 0x8000788a (0x0dd15f03) lhu     t5, 221(sp)
core   0: 3 0x8000788a (0x0dd15f03) x30 0x00000e0f mem 0x80011d54
core   0: 0x8000788e (0x0000928e) c.add   t0, gp
core   0: 3 0x8000788e (0x928e) x 5 0x20000000
core   0: 0x80007890 (0x9f52b193) sltiu   gp, t0, -1547
core   0: 3 0x80007890 (0x9f52b193) x 3 0x00000001
core   0: 0x80007894 (0xf0c10e23) sb      a2, -228(sp)
core   0: 3 0x80007894 (0xf0c10e23) mem 0x80011b93 0x52
core   0: 0x80007898 (0x000001d2) c.slli  gp, 20
core   0: 3 0x80007898 (0x01d2) x 3 0x00100000
core   0: 0x8000789a (0x03ef4613) xori    a2, t5, 62
core   0: 3 0x8000789a (0x03ef4613) x12 0x00000e31
core   0: 0x8000789e (0x09c10203) lb      tp, 156(sp)
core   0: 3 0x8000789e (0x09c10203) x 4 0xffffffc8 mem 0x80011d13
core   0: 0x800078a2 (0xf4414183) lbu     gp, -188(sp)
core   0: 3 0x800078a2 (0xf4414183) x 3 0x00000070 mem 0x80011bbb
core   0: 0x800078a6 (0x04310c23) sb      gp, 88(sp)
core   0: 3 0x800078a6 (0x04310c23) mem 0x80011ccf 0x70
core   0: 0x800078aa (0x0e814283) lbu     t0, 232(sp)
core   0: 3 0x800078aa (0x0e814283) x 5 0x00000014 mem 0x80011d5f
core   0: 0x800078ae (0x00008241) c.srli  a2, 16
core   0: 3 0x800078ae (0x8241) x12 0x00000000
core   0: 0x800078b0 (0xfda10083) lb      ra, -38(sp)
core   0: 3 0x800078b0 (0xfda10083) x 1 0x0000000a mem 0x80011c51
core   0: 0x800078b4 (0xf4410183) lb      gp, -188(sp)
core   0: 3 0x800078b4 (0xf4410183) x 3 0x00000070 mem 0x80011bbb
core   0: 0x800078b8 (0x08310423) sb      gp, 136(sp)
core   0: 3 0x800078b8 (0x08310423) mem 0x80011cff 0x70
core   0: 0x800078bc (0x10310023) sb      gp, 256(sp)
core   0: 3 0x800078bc (0x10310023) mem 0x80011d77 0x70
core   0: 0x800078c0 (0x00161233) sll     tp, a2, ra
core   0: 3 0x800078c0 (0x00161233) x 4 0x00000000
core   0: 0x800078c4 (0x02c29233) mulh    tp, t0, a2
core   0: 3 0x800078c4 (0x02c29233) x 4 0x00000000
core   0: 0x800078c8 (0xa3b60193) addi    gp, a2, -1477
core   0: 3 0x800078c8 (0xa3b60193) x 3 0xfffffa3b
core   0: 0x800078cc (0xf2f10f03) lb      t5, -209(sp)
core   0: 3 0x800078cc (0xf2f10f03) x30 0xffffff85 mem 0x80011ba6
core   0: 0x800078d0 (0x00c10523) sb      a2, 10(sp)
core   0: 3 0x800078d0 (0x00c10523) mem 0x80011c81 0x0
core   0: 0x800078d4 (0xfd515183) lhu     gp, -43(sp)
core   0: 3 0x800078d4 (0xfd515183) x 3 0x00000607 mem 0x80011c4c
core   0: 0x800078d8 (0x02c21633) mulh    a2, tp, a2
core   0: 3 0x800078d8 (0x02c21633) x12 0x00000000
core   0: 0x800078dc (0xf7b10f03) lb      t5, -133(sp)
core   0: 3 0x800078dc (0xf7b10f03) x30 0xffffffa9 mem 0x80011bf2
core   0: 0x800078e0 (0xf8315f03) lhu     t5, -125(sp)
core   0: 3 0x800078e0 (0xf8315f03) x30 0x0000b0b1 mem 0x80011bfa
core   0: 0x800078e4 (0x09112083) lw      ra, 145(sp)
core   0: 3 0x800078e4 (0x09112083) x 1 0xc0c1c2c3 mem 0x80011d08
core   0: 0x800078e8 (0xf5315603) lhu     a2, -173(sp)
core   0: 3 0x800078e8 (0xf5315603) x12 0x0000ffd1 mem 0x80011bca
core   0: 0x800078ec (0xfc111283) lh      t0, -63(sp)
core   0: 3 0x800078ec (0xfc111283) x 5 0xfffff2f3 mem 0x80011c38
core   0: 0x800078f0 (0x07e10423) sb      t5, 104(sp)
core   0: 3 0x800078f0 (0x07e10423) mem 0x80011cdf 0xb1
core   0: 0x800078f4 (0x00008e31) c.xor   a2, a2
core   0: 3 0x800078f4 (0x8e31) x12 0x00000000
core   0: 0x800078f6 (0x0032d1b3) srl     gp, t0, gp
core   0: 3 0x800078f6 (0x0032d1b3) x 3 0x01ffffe5
core   0: 0x800078fa (0x0a1120a3) sw      ra, 161(sp)
core   0: 3 0x800078fa (0x0a1120a3) mem 0x80011d18 0xc0c1c2c3
core   0: 0x800078fe (0xff900793) li      a5, -7
core   0: 3 0x800078fe (0xff900793) x15 0xfffffff9
core   0: 0x80007902 (0x01dd2d33) slt     s10, s10, t4
core   0: 3 0x80007902 (0x01dd2d33) x26 0x00000000
core   0: 0x80007906 (0x00f00c13) li      s8, 15
core   0: 3 0x80007906 (0x00f00c13) x24 0x0000000f
core   0: 0x8000790a (0x00000f5d) c.addi  t5, 23
core   0: 3 0x8000790a (0x0f5d) x30 0x0000b0c8
core   0: 0x8000790c (0x00008e71) c.and   a2, a2
core   0: 3 0x8000790c (0x8e71) x12 0x00000000
core   0: 0x8000790e (0x47bfeb93) ori     s7, t6, 1147
core   0: 3 0x8000790e (0x47bfeb93) x23 0x000004ff
core   0: 0x80007912 (0x000007a5) c.addi  a5, 9
core   0: 3 0x80007912 (0x07a5) x15 0x00000002
core   0: 0x80007914 (0x022de833) rem     a6, s11, sp
core   0: 3 0x80007914 (0x022de833) x16 0xfffffe6b
core   0: 0x80007918 (0x07bc7293) andi    t0, s8, 123
core   0: 3 0x80007918 (0x07bc7293) x 5 0x0000000b
core   0: 0x8000791c (0xd3d7a393) slti    t2, a5, -707
core   0: 3 0x8000791c (0xd3d7a393) x 7 0x00000000
core   0: 0x80007920 (0x00009b7d) c.andi  a4, -1
core   0: 3 0x80007920 (0x9b7d) x14 0xffffffca
core   0: 0x80007922 (0x41dbd733) sra     a4, s7, t4
core   0: 3 0x80007922 (0x41dbd733) x14 0x00000000
core   0: 0x80007926 (0x00000001) c.nop
core   0: 3 0x80007926 (0x0001)
core   0: 0x80007928 (0x4096dd33) sra     s10, a3, s1
core   0: 3 0x80007928 (0x4096dd33) x26 0xfffffff8
core   0: 0x8000792c (0xebc4d517) auipc   a0, 0xebc4d
core   0: 3 0x8000792c (0xebc4d517) x10 0x6bc5492c
core   0: 0x80007930 (0xfd87cee3) blt     a5, s8, pc - 36
core   0: 3 0x80007930 (0xfd87cee3)
core   0: 0x8000790c (0x00008e71) c.and   a2, a2
core   0: 3 0x8000790c (0x8e71) x12 0x00000000
core   0: 0x8000790e (0x47bfeb93) ori     s7, t6, 1147
core   0: 3 0x8000790e (0x47bfeb93) x23 0x000004ff
core   0: 0x80007912 (0x000007a5) c.addi  a5, 9
core   0: 3 0x80007912 (0x07a5) x15 0x0000000b
core   0: 0x80007914 (0x022de833) rem     a6, s11, sp
core   0: 3 0x80007914 (0x022de833) x16 0xfffffe6b
core   0: 0x80007918 (0x07bc7293) andi    t0, s8, 123
core   0: 3 0x80007918 (0x07bc7293) x 5 0x0000000b
core   0: 0x8000791c (0xd3d7a393) slti    t2, a5, -707
core   0: 3 0x8000791c (0xd3d7a393) x 7 0x00000000
core   0: 0x80007920 (0x00009b7d) c.andi  a4, -1
core   0: 3 0x80007920 (0x9b7d) x14 0x00000000
core   0: 0x80007922 (0x41dbd733) sra     a4, s7, t4
core   0: 3 0x80007922 (0x41dbd733) x14 0x00000000
core   0: 0x80007926 (0x00000001) c.nop
core   0: 3 0x80007926 (0x0001)
core   0: 0x80007928 (0x4096dd33) sra     s10, a3, s1
core   0: 3 0x80007928 (0x4096dd33) x26 0xfffffff8
core   0: 0x8000792c (0xebc4d517) auipc   a0, 0xebc4d
core   0: 3 0x8000792c (0xebc4d517) x10 0x6bc5492c
core   0: 0x80007930 (0xfd87cee3) blt     a5, s8, pc - 36
core   0: 3 0x80007930 (0xfd87cee3)
core   0: 0x8000790c (0x00008e71) c.and   a2, a2
core   0: 3 0x8000790c (0x8e71) x12 0x00000000
core   0: 0x8000790e (0x47bfeb93) ori     s7, t6, 1147
core   0: 3 0x8000790e (0x47bfeb93) x23 0x000004ff
core   0: 0x80007912 (0x000007a5) c.addi  a5, 9
core   0: 3 0x80007912 (0x07a5) x15 0x00000014
core   0: 0x80007914 (0x022de833) rem     a6, s11, sp
core   0: 3 0x80007914 (0x022de833) x16 0xfffffe6b
core   0: 0x80007918 (0x07bc7293) andi    t0, s8, 123
core   0: 3 0x80007918 (0x07bc7293) x 5 0x0000000b
core   0: 0x8000791c (0xd3d7a393) slti    t2, a5, -707
core   0: 3 0x8000791c (0xd3d7a393) x 7 0x00000000
core   0: 0x80007920 (0x00009b7d) c.andi  a4, -1
core   0: 3 0x80007920 (0x9b7d) x14 0x00000000
core   0: 0x80007922 (0x41dbd733) sra     a4, s7, t4
core   0: 3 0x80007922 (0x41dbd733) x14 0x00000000
core   0: 0x80007926 (0x00000001) c.nop
core   0: 3 0x80007926 (0x0001)
core   0: 0x80007928 (0x4096dd33) sra     s10, a3, s1
core   0: 3 0x80007928 (0x4096dd33) x26 0xfffffff8
core   0: 0x8000792c (0xebc4d517) auipc   a0, 0xebc4d
core   0: 3 0x8000792c (0xebc4d517) x10 0x6bc5492c
core   0: 0x80007930 (0xfd87cee3) blt     a5, s8, pc - 36
core   0: 3 0x80007930 (0xfd87cee3)
core   0: 0x80007934 (0x000002d6) c.slli  t0, 21
core   0: 3 0x80007934 (0x02d6) x 5 0x01600000
core   0: 0x80007936 (0xff700713) li      a4, -9
core   0: 3 0x80007936 (0xff700713) x14 0xfffffff7
core   0: 0x8000793a (0x0000537d) c.li    t1, -1
core   0: 3 0x8000793a (0x537d) x 6 0xffffffff
core   0: 0x8000793c (0x0019da13) srli    s4, s3, 1
core   0: 3 0x8000793c (0x0019da13) x20 0x00000000
core   0: 0x80007940 (0x00c28433) add     s0, t0, a2
core   0: 3 0x80007940 (0x00c28433) x 8 0x01600000
core   0: 0x80007944 (0x6e854513) xori    a0, a0, 1768
core   0: 3 0x80007944 (0x6e854513) x10 0x6bc54fc4
core   0: 0x80007948 (0x032641b3) div     gp, a2, s2
core   0: 3 0x80007948 (0x032641b3) x 3 0x00000000
core   0: 0x8000794c (0xd4044e13) xori    t3, s0, -704
core   0: 3 0x8000794c (0xd4044e13) x28 0xfe9ffd40
core   0: 0x80007950 (0x00000001) c.nop
core   0: 3 0x80007950 (0x0001)
core   0: 0x80007952 (0xaf473413) sltiu   s0, a4, -1292
core   0: 3 0x80007952 (0xaf473413) x 8 0x00000000
core   0: 0x80007956 (0x00009e12) c.add   t3, tp
core   0: 3 0x80007956 (0x9e12) x28 0xfe9ffd40
core   0: 0x80007958 (0x00000705) c.addi  a4, 1
core   0: 3 0x80007958 (0x0705) x14 0xfffffff8
core   0: 0x8000795a (0x726e8413) addi    s0, t4, 1830
core   0: 3 0x8000795a (0x726e8413) x 8 0x80021a60
core   0: 0x8000795e (0x00000001) c.nop
core   0: 3 0x8000795e (0x0001)
core   0: 0x80007960 (0x03415c33) divu    s8, sp, s4
core   0: 3 0x80007960 (0x03415c33) x24 0xffffffff
core   0: 0x80007964 (0x00876233) or      tp, a4, s0
core   0: 3 0x80007964 (0x00876233) x 4 0xfffffff8
core   0: 0x80007968 (0x0000f77d) c.bnez  a4, pc - 18
core   0: 3 0x80007968 (0xf77d)
core   0: 0x80007956 (0x00009e12) c.add   t3, tp
core   0: 3 0x80007956 (0x9e12) x28 0xfe9ffd38
core   0: 0x80007958 (0x00000705) c.addi  a4, 1
core   0: 3 0x80007958 (0x0705) x14 0xfffffff9
core   0: 0x8000795a (0x726e8413) addi    s0, t4, 1830
core   0: 3 0x8000795a (0x726e8413) x 8 0x80021a60
core   0: 0x8000795e (0x00000001) c.nop
core   0: 3 0x8000795e (0x0001)
core   0: 0x80007960 (0x03415c33) divu    s8, sp, s4
core   0: 3 0x80007960 (0x03415c33) x24 0xffffffff
core   0: 0x80007964 (0x00876233) or      tp, a4, s0
core   0: 3 0x80007964 (0x00876233) x 4 0xfffffff9
core   0: 0x80007968 (0x0000f77d) c.bnez  a4, pc - 18
core   0: 3 0x80007968 (0xf77d)
core   0: 0x80007956 (0x00009e12) c.add   t3, tp
core   0: 3 0x80007956 (0x9e12) x28 0xfe9ffd31
core   0: 0x80007958 (0x00000705) c.addi  a4, 1
core   0: 3 0x80007958 (0x0705) x14 0xfffffffa
core   0: 0x8000795a (0x726e8413) addi    s0, t4, 1830
core   0: 3 0x8000795a (0x726e8413) x 8 0x80021a60
core   0: 0x8000795e (0x00000001) c.nop
core   0: 3 0x8000795e (0x0001)
core   0: 0x80007960 (0x03415c33) divu    s8, sp, s4
core   0: 3 0x80007960 (0x03415c33) x24 0xffffffff
core   0: 0x80007964 (0x00876233) or      tp, a4, s0
core   0: 3 0x80007964 (0x00876233) x 4 0xfffffffa
core   0: 0x80007968 (0x0000f77d) c.bnez  a4, pc - 18
core   0: 3 0x80007968 (0xf77d)
core   0: 0x80007956 (0x00009e12) c.add   t3, tp
core   0: 3 0x80007956 (0x9e12) x28 0xfe9ffd2b
core   0: 0x80007958 (0x00000705) c.addi  a4, 1
core   0: 3 0x80007958 (0x0705) x14 0xfffffffb
core   0: 0x8000795a (0x726e8413) addi    s0, t4, 1830
core   0: 3 0x8000795a (0x726e8413) x 8 0x80021a60
core   0: 0x8000795e (0x00000001) c.nop
core   0: 3 0x8000795e (0x0001)
core   0: 0x80007960 (0x03415c33) divu    s8, sp, s4
core   0: 3 0x80007960 (0x03415c33) x24 0xffffffff
core   0: 0x80007964 (0x00876233) or      tp, a4, s0
core   0: 3 0x80007964 (0x00876233) x 4 0xfffffffb
core   0: 0x80007968 (0x0000f77d) c.bnez  a4, pc - 18
core   0: 3 0x80007968 (0xf77d)
core   0: 0x80007956 (0x00009e12) c.add   t3, tp
core   0: 3 0x80007956 (0x9e12) x28 0xfe9ffd26
core   0: 0x80007958 (0x00000705) c.addi  a4, 1
core   0: 3 0x80007958 (0x0705) x14 0xfffffffc
core   0: 0x8000795a (0x726e8413) addi    s0, t4, 1830
core   0: 3 0x8000795a (0x726e8413) x 8 0x80021a60
core   0: 0x8000795e (0x00000001) c.nop
core   0: 3 0x8000795e (0x0001)
core   0: 0x80007960 (0x03415c33) divu    s8, sp, s4
core   0: 3 0x80007960 (0x03415c33) x24 0xffffffff
core   0: 0x80007964 (0x00876233) or      tp, a4, s0
core   0: 3 0x80007964 (0x00876233) x 4 0xfffffffc
core   0: 0x80007968 (0x0000f77d) c.bnez  a4, pc - 18
core   0: 3 0x80007968 (0xf77d)
core   0: 0x80007956 (0x00009e12) c.add   t3, tp
core   0: 3 0x80007956 (0x9e12) x28 0xfe9ffd22
core   0: 0x80007958 (0x00000705) c.addi  a4, 1
core   0: 3 0x80007958 (0x0705) x14 0xfffffffd
core   0: 0x8000795a (0x726e8413) addi    s0, t4, 1830
core   0: 3 0x8000795a (0x726e8413) x 8 0x80021a60
core   0: 0x8000795e (0x00000001) c.nop
core   0: 3 0x8000795e (0x0001)
core   0: 0x80007960 (0x03415c33) divu    s8, sp, s4
core   0: 3 0x80007960 (0x03415c33) x24 0xffffffff
core   0: 0x80007964 (0x00876233) or      tp, a4, s0
core   0: 3 0x80007964 (0x00876233) x 4 0xfffffffd
core   0: 0x80007968 (0x0000f77d) c.bnez  a4, pc - 18
core   0: 3 0x80007968 (0xf77d)
core   0: 0x80007956 (0x00009e12) c.add   t3, tp
core   0: 3 0x80007956 (0x9e12) x28 0xfe9ffd1f
core   0: 0x80007958 (0x00000705) c.addi  a4, 1
core   0: 3 0x80007958 (0x0705) x14 0xfffffffe
core   0: 0x8000795a (0x726e8413) addi    s0, t4, 1830
core   0: 3 0x8000795a (0x726e8413) x 8 0x80021a60
core   0: 0x8000795e (0x00000001) c.nop
core   0: 3 0x8000795e (0x0001)
core   0: 0x80007960 (0x03415c33) divu    s8, sp, s4
core   0: 3 0x80007960 (0x03415c33) x24 0xffffffff
core   0: 0x80007964 (0x00876233) or      tp, a4, s0
core   0: 3 0x80007964 (0x00876233) x 4 0xfffffffe
core   0: 0x80007968 (0x0000f77d) c.bnez  a4, pc - 18
core   0: 3 0x80007968 (0xf77d)
core   0: 0x80007956 (0x00009e12) c.add   t3, tp
core   0: 3 0x80007956 (0x9e12) x28 0xfe9ffd1d
core   0: 0x80007958 (0x00000705) c.addi  a4, 1
core   0: 3 0x80007958 (0x0705) x14 0xffffffff
core   0: 0x8000795a (0x726e8413) addi    s0, t4, 1830
core   0: 3 0x8000795a (0x726e8413) x 8 0x80021a60
core   0: 0x8000795e (0x00000001) c.nop
core   0: 3 0x8000795e (0x0001)
core   0: 0x80007960 (0x03415c33) divu    s8, sp, s4
core   0: 3 0x80007960 (0x03415c33) x24 0xffffffff
core   0: 0x80007964 (0x00876233) or      tp, a4, s0
core   0: 3 0x80007964 (0x00876233) x 4 0xffffffff
core   0: 0x80007968 (0x0000f77d) c.bnez  a4, pc - 18
core   0: 3 0x80007968 (0xf77d)
core   0: 0x80007956 (0x00009e12) c.add   t3, tp
core   0: 3 0x80007956 (0x9e12) x28 0xfe9ffd1c
core   0: 0x80007958 (0x00000705) c.addi  a4, 1
core   0: 3 0x80007958 (0x0705) x14 0x00000000
core   0: 0x8000795a (0x726e8413) addi    s0, t4, 1830
core   0: 3 0x8000795a (0x726e8413) x 8 0x80021a60
core   0: 0x8000795e (0x00000001) c.nop
core   0: 3 0x8000795e (0x0001)
core   0: 0x80007960 (0x03415c33) divu    s8, sp, s4
core   0: 3 0x80007960 (0x03415c33) x24 0xffffffff
core   0: 0x80007964 (0x00876233) or      tp, a4, s0
core   0: 3 0x80007964 (0x00876233) x 4 0x80021a60
core   0: 0x80007968 (0x0000f77d) c.bnez  a4, pc - 18
core   0: 3 0x80007968 (0xf77d)
core   0: 0x8000796a (0x00008a51) c.andi  a2, 20
core   0: 3 0x8000796a (0x8a51) x12 0x00000000
core   0: 0x8000796c (0x0000a917) auipc   s2, 0xa
core   0: 3 0x8000796c (0x0000a917) x18 0x8001196c
core   0: 0x80007970 (0xecb90913) addi    s2, s2, -309
core   0: 3 0x80007970 (0xecb90913) x18 0x80011837
core   0: 0x80007974 (0x06894803) lbu     a6, 104(s2)
core   0: 3 0x80007974 (0x06894803) x16 0x00000054 mem 0x8001189f
core   0: 0x80007978 (0x06894803) lbu     a6, 104(s2)
core   0: 3 0x80007978 (0x06894803) x16 0x00000054 mem 0x8001189f
core   0: 0x8000797c (0x00001518) c.addi4spn a4, sp, 672
core   0: 3 0x8000797c (0x1518) x14 0x80011f17
core   0: 0x8000797e (0x03794103) lbu     sp, 55(s2)
core   0: 3 0x8000797e (0x03794103) x 2 0x00000025 mem 0x8001186e
core   0: 0x80007982 (0x03794983) lbu     s3, 55(s2)
core   0: 3 0x80007982 (0x03794983) x19 0x00000025 mem 0x8001186e
core   0: 0x80007986 (0x40478eb3) sub     t4, a5, tp
core   0: 3 0x80007986 (0x40478eb3) x29 0x7ffde5b4
core   0: 0x8000798a (0x03791783) lh      a5, 55(s2)
core   0: 3 0x8000798a (0x03791783) x15 0x00002425 mem 0x8001186e
core   0: 0x8000798e (0x03794283) lbu     t0, 55(s2)
core   0: 3 0x8000798e (0x03794283) x 5 0x00000025 mem 0x8001186e
core   0: 0x80007992 (0x403edc33) sra     s8, t4, gp
core   0: 3 0x80007992 (0x403edc33) x24 0x7ffde5b4
core   0: 0x80007996 (0x0000100f) fence.i
core   0: 3 0x80007996 (0x0000100f)
core   0: 0x8000799a (0x02f91ba3) sh      a5, 55(s2)
core   0: 3 0x8000799a (0x02f91ba3) mem 0x8001186e 0x2425
core   0: 0x8000799e (0x02c91ba3) sh      a2, 55(s2)
core   0: 3 0x8000799e (0x02c91ba3) mem 0x8001186e 0x0000
core   0: 0x800079a2 (0x000087a1) c.srai  a5, 8
core   0: 3 0x800079a2 (0x87a1) x15 0x00000024
core   0: 0x800079a4 (0x02a90ba3) sb      a0, 55(s2)
core   0: 3 0x800079a4 (0x02a90ba3) mem 0x8001186e 0xc4
core   0: 0x800079a8 (0x0000437d) c.li    t1, 31
core   0: 3 0x800079a8 (0x437d) x 6 0x0000001f
core   0: 0x800079aa (0x00008e35) c.xor   a2, a3
core   0: 3 0x800079aa (0x8e35) x12 0xfc094c38
core   0: 0x800079ac (0x03794d03) lbu     s10, 55(s2)
core   0: 3 0x800079ac (0x03794d03) x26 0x000000c4 mem 0x8001186e
core   0: 0x800079b0 (0x03791703) lh      a4, 55(s2)
core   0: 3 0x800079b0 (0x03791703) x14 0x000000c4 mem 0x8001186e
core   0: 0x800079b4 (0x03795e03) lhu     t3, 55(s2)
core   0: 3 0x800079b4 (0x03795e03) x28 0x000000c4 mem 0x8001186e
core   0: 0x800079b8 (0x02790ba3) sb      t2, 55(s2)
core   0: 3 0x800079b8 (0x02790ba3) mem 0x8001186e 0x0
core   0: 0x800079bc (0x03c90ba3) sb      t3, 55(s2)
core   0: 3 0x800079bc (0x03c90ba3) mem 0x8001186e 0xc4
core   0: 0x800079c0 (0x02a91ba3) sh      a0, 55(s2)
core   0: 3 0x800079c0 (0x02a91ba3) mem 0x8001186e 0x4fc4
core   0: 0x800079c4 (0x0001a417) auipc   s0, 0x1a
core   0: 3 0x800079c4 (0x0001a417) x 8 0x800219c4
core   0: 0x800079c8 (0x91140413) addi    s0, s0, -1775
core   0: 3 0x800079c8 (0x91140413) x 8 0x800212d5
core   0: 0x800079cc (0x00011617) auipc   a2, 0x11
core   0: 3 0x800079cc (0x00011617) x12 0x800189cc
core   0: 0x800079d0 (0xd5460613) addi    a2, a2, -684
core   0: 3 0x800079d0 (0xd5460613) x12 0x80018720
core   0: 0x800079d4 (0xffc44503) lbu     a0, -4(s0)
core   0: 3 0x800079d4 (0xffc44503) x10 0x0000008a mem 0x800212d1
core   0: 0x800079d8 (0x00015497) auipc   s1, 0x15
core   0: 3 0x800079d8 (0x00015497) x 9 0x8001c9d8
core   0: 0x800079dc (0x9ff48493) addi    s1, s1, -1537
core   0: 3 0x800079dc (0x9ff48493) x 9 0x8001c3d7
core   0: 0x800079e0 (0x03d49f83) lh      t6, 61(s1)
core   0: 3 0x800079e0 (0x03d49f83) x31 0xffffcecf mem 0x8001c414
core   0: 0x800079e4 (0x01c62c83) lw      s9, 28(a2)
core   0: 3 0x800079e4 (0x01c62c83) x25 0xf4f5f6f7 mem 0x8001873c
core   0: 0x800079e8 (0xff840f03) lb      t5, -8(s0)
core   0: 3 0x800079e8 (0xff840f03) x30 0xffffff86 mem 0x800212cd
core   0: 0x800079ec (0x01648da3) sb      s6, 27(s1)
core   0: 3 0x800079ec (0x01648da3) mem 0x8001c3f2 0xda
core   0: 0x800079f0 (0x00244703) lbu     a4, 2(s0)
core   0: 3 0x800079f0 (0x00244703) x14 0x0000008c mem 0x800212d7
core   0: 0x800079f4 (0x00945c83) lhu     s9, 9(s0)
core   0: 3 0x800079f4 (0x00945c83) x25 0x00009495 mem 0x800212de
core   0: 0x800079f8 (0x0294de83) lhu     t4, 41(s1)
core   0: 3 0x800079f8 (0x0294de83) x29 0x0000babb mem 0x8001c400
core   0: 0x800079fc (0x02b60c83) lb      s9, 43(a2)
core   0: 3 0x800079fc (0x02b60c83) x25 0x00000000 mem 0x8001874b
core   0: 0x80007a00 (0x00840903) lb      s2, 8(s0)
core   0: 3 0x80007a00 (0x00840903) x18 0xffffff96 mem 0x800212dd
core   0: 0x80007a04 (0x02a64983) lbu     s3, 42(a2)
core   0: 3 0x80007a04 (0x02a64983) x19 0x00000001 mem 0x8001874a
core   0: 0x80007a08 (0xff04cc83) lbu     s9, -16(s1)
core   0: 3 0x80007a08 (0xff04cc83) x25 0x0000007c mem 0x8001c3c7
core   0: 0x80007a0c (0xfc7604a3) sb      t2, -55(a2)
core   0: 3 0x80007a0c (0xfc7604a3) mem 0x800186e9 0x0
core   0: 0x80007a10 (0xffb40b23) sb      s11, -10(s0)
core   0: 3 0x80007a10 (0xffb40b23) mem 0x800212cb 0xe2
core   0: 0x80007a14 (0x0124cb83) lbu     s7, 18(s1)
core   0: 3 0x80007a14 (0x0124cb83) x23 0x000000a2 mem 0x8001c3e9
core   0: 0x80007a18 (0xfe960ea3) sb      s1, -3(a2)
core   0: 3 0x80007a18 (0xfe960ea3) mem 0x8001871d 0xd7
core   0: 0x80007a1c (0xfc848d83) lb      s11, -56(s1)
core   0: 3 0x80007a1c (0xfc848d83) x27 0x00000054 mem 0x8001c39f
core   0: 0x80007a20 (0x00444203) lbu     tp, 4(s0)
core   0: 3 0x80007a20 (0x00444203) x 4 0x00000092 mem 0x800212d9
core   0: 0x80007a24 (0x00b44e83) lbu     t4, 11(s0)
core   0: 3 0x80007a24 (0x00b44e83) x29 0x0000009b mem 0x800212e0
core   0: 0x80007a28 (0x01a000ef) jal     pc + 0x1a
core   0: 3 0x80007a28 (0x01a000ef) x 1 0x80007a2c
core   0: 0x80007a42 (0x0000bfcd) c.j     pc - 14
core   0: 3 0x80007a42 (0xbfcd)
core   0: 0x80007a34 (0x00002009) c.jal   pc + 2
core   0: 3 0x80007a34 (0x2009) x 1 0x80007a36
core   0: 0x80007a36 (0x00003fed) c.jal   pc - 6
core   0: 3 0x80007a36 (0x3fed) x 1 0x80007a38
core   0: 0x80007a30 (0x0000a811) c.j     pc + 20
core   0: 3 0x80007a30 (0xa811)
core   0: 0x80007a44 (0xff5ff66f) jal     a2, pc - 0xc
core   0: 3 0x80007a44 (0xff5ff66f) x12 0x80007a48
core   0: 0x80007a38 (0x0000bfdd) c.j     pc - 10
core   0: 3 0x80007a38 (0xbfdd)
core   0: 0x80007a2e (0x00003ffd) c.jal   pc - 2
core   0: 3 0x80007a2e (0x3ffd) x 1 0x80007a30
core   0: 0x80007a2c (0x00002039) c.jal   pc + 14
core   0: 3 0x80007a2c (0x2039) x 1 0x80007a2e
core   0: 0x80007a3a (0x00002019) c.jal   pc + 6
core   0: 3 0x80007a3a (0x2019) x 1 0x80007a3c
core   0: 0x80007a40 (0x0000a021) c.j     pc + 8
core   0: 3 0x80007a40 (0xa021)
core   0: 0x80007a48 (0x0000bfd5) c.j     pc - 12
core   0: 3 0x80007a48 (0xbfd5)
core   0: 0x80007a3c (0xff7ff0ef) jal     pc - 0xa
core   0: 3 0x80007a3c (0xff7ff0ef) x 1 0x80007a40
core   0: 0x80007a32 (0x0000a821) c.j     pc + 24
core   0: 3 0x80007a32 (0xa821)
core   0: 0x80007a4a (0x02b4feb3) remu    t4, s1, a1
core   0: 3 0x80007a4a (0x02b4feb3) x29 0x00000005
core   0: 0x80007a4e (0x00009e17) auipc   t3, 0x9
core   0: 3 0x80007a4e (0x00009e17) x28 0x80010a4e
core   0: 0x80007a52 (0x6f7e0e13) addi    t3, t3, 1783
core   0: 3 0x80007a52 (0x6f7e0e13) x28 0x80011145
core   0: 0x80007a56 (0x00017d97) auipc   s11, 0x17
core   0: 3 0x80007a56 (0x00017d97) x27 0x8001ea56
core   0: 0x80007a5a (0xf1ad8d93) addi    s11, s11, -230
core   0: 3 0x80007a5a (0xf1ad8d93) x27 0x8001e970
core   0: 0x80007a5e (0xfd6e4703) lbu     a4, -42(t3)
core   0: 3 0x80007a5e (0xfd6e4703) x14 0x000000d0 mem 0x8001111b
core   0: 0x80007a62 (0x03fe1783) lh      a5, 63(t3)
core   0: 3 0x80007a62 (0x03fe1783) x15 0x00003e3f mem 0x80011184
core   0: 0x80007a66 (0xfc2e4b83) lbu     s7, -62(t3)
core   0: 3 0x80007a66 (0xfc2e4b83) x23 0x000000bc mem 0x80011107
core   0: 0x80007a6a (0x00cdac03) lw      s8, 12(s11)
core   0: 3 0x80007a6a (0x00cdac03) x24 0x34353637 mem 0x8001e97c
core   0: 0x80007a6e (0xf93dc803) lbu     a6, -109(s11)
core   0: 3 0x80007a6e (0xf93dc803) x16 0x000000b8 mem 0x8001e903
core   0: 0x80007a72 (0xfe0e0023) sb      zero, -32(t3)
core   0: 3 0x80007a72 (0xfe0e0023) mem 0x80011125 0x0
core   0: 0x80007a76 (0xfa5d8b23) sb      t0, -74(s11)
core   0: 3 0x80007a76 (0xfa5d8b23) mem 0x8001e926 0x25
core   0: 0x80007a7a (0x019e4583) lbu     a1, 25(t3)
core   0: 3 0x80007a7a (0x019e4583) x11 0x00000015 mem 0x8001115e
core   0: 0x80007a7e (0x050d8ea3) sb      a6, 93(s11)
core   0: 3 0x80007a7e (0x050d8ea3) mem 0x8001e9cd 0xb8
core   0: 0x80007a82 (0xfd1e4f83) lbu     t6, -47(t3)
core   0: 3 0x80007a82 (0xfd1e4f83) x31 0x000000cd mem 0x80011116
core   0: 0x80007a86 (0x013e1203) lh      tp, 19(t3)
core   0: 3 0x80007a86 (0x013e1203) x 4 0x00001213 mem 0x80011158
core   0: 0x80007a8a (0xfb3d84a3) sb      s3, -87(s11)
core   0: 3 0x80007a8a (0xfb3d84a3) mem 0x8001e919 0x1
core   0: 0x80007a8e (0x02ee4203) lbu     tp, 46(t3)
core   0: 3 0x80007a8e (0x02ee4203) x 4 0x00000000 mem 0x80011173
core   0: 0x80007a92 (0xfe1e12a3) sh      ra, -27(t3)
core   0: 3 0x80007a92 (0xfe1e12a3) mem 0x8001112a 0x7a40
core   0: 0x80007a96 (0x00011717) auipc   a4, 0x11
core   0: 3 0x80007a96 (0x00011717) x14 0x80018a96
core   0: 0x80007a9a (0x1c570713) addi    a4, a4, 453
core   0: 3 0x80007a9a (0x1c570713) x14 0x80018c5b
core   0: 0x80007a9e (0x0000bd17) auipc   s10, 0xb
core   0: 3 0x80007a9e (0x0000bd17) x26 0x80012a9e
core   0: 0x80007aa2 (0xfe4d0d13) addi    s10, s10, -28
core   0: 3 0x80007aa2 (0xfe4d0d13) x26 0x80012a82
core   0: 0x80007aa6 (0x00011e17) auipc   t3, 0x11
core   0: 3 0x80007aa6 (0x00011e17) x28 0x80018aa6
core   0: 0x80007aaa (0xb12e0e13) addi    t3, t3, -1262
core   0: 3 0x80007aaa (0xb12e0e13) x28 0x800185b8
core   0: 0x80007aae (0x007e0f83) lb      t6, 7(t3)
core   0: 3 0x80007aae (0x007e0f83) x31 0x00000074 mem 0x800185bf
core   0: 0x80007ab2 (0x01570083) lb      ra, 21(a4)
core   0: 3 0x80007ab2 (0x01570083) x 1 0x0000002b mem 0x80018c70
core   0: 0x80007ab6 (0xf8674a03) lbu     s4, -122(a4)
core   0: 3 0x80007ab6 (0xf8674a03) x20 0x0000009a mem 0x80018be1
core   0: 0x80007aba (0x00017b97) auipc   s7, 0x17
core   0: 3 0x80007aba (0x00017b97) x23 0x8001eaba
core   0: 0x80007abe (0x0beb8b93) addi    s7, s7, 190
core   0: 3 0x80007abe (0x0beb8b93) x23 0x8001eb78
core   0: 0x80007ac2 (0xf3770323) sb      s7, -218(a4)
core   0: 3 0x80007ac2 (0xf3770323) mem 0x80018b81 0x78
core   0: 0x80007ac6 (0x088e1983) lh      s3, 136(t3)
core   0: 3 0x80007ac6 (0x088e1983) x19 0xfffffafb mem 0x80018640
core   0: 0x80007aca (0x07f70283) lb      t0, 127(a4)
core   0: 3 0x80007aca (0x07f70283) x 5 0xffffff91 mem 0x80018cda
core   0: 0x80007ace (0x006bc203) lbu     tp, 6(s7)
core   0: 3 0x80007ace (0x006bc203) x 4 0x00000035 mem 0x8001eb7e
core   0: 0x80007ad2 (0xf7dd2f23) sw      t4, -130(s10)
core   0: 3 0x80007ad2 (0xf7dd2f23) mem 0x80012a00 0x00000005
core   0: 0x80007ad6 (0x00019617) auipc   a2, 0x19
core   0: 3 0x80007ad6 (0x00019617) x12 0x80020ad6
core   0: 0x80007ada (0x3c260613) addi    a2, a2, 962
core   0: 3 0x80007ada (0x3c260613) x12 0x80020e98
core   0: 0x80007ade (0xf79e4203) lbu     tp, -135(t3)
core   0: 3 0x80007ade (0xf79e4203) x 4 0x000000ea mem 0x80018531
core   0: 0x80007ae2 (0x00261e83) lh      t4, 2(a2)
core   0: 3 0x80007ae2 (0x00261e83) x29 0x00005051 mem 0x80020e9a
core   0: 0x80007ae6 (0xf87e0283) lb      t0, -121(t3)
core   0: 3 0x80007ae6 (0xf87e0283) x 5 0xfffffff4 mem 0x8001853f
core   0: 0x80007aea (0x01ed1f83) lh      t6, 30(s10)
core   0: 3 0x80007aea (0x01ed1f83) x31 0x00005a5b mem 0x80012aa0
core   0: 0x80007aee (0x017604a3) sb      s7, 9(a2)
core   0: 3 0x80007aee (0x017604a3) mem 0x80020ea1 0x78
core   0: 0x80007af2 (0x0bfe1123) sh      t6, 162(t3)
core   0: 3 0x80007af2 (0x0bfe1123) mem 0x8001865a 0x5a5b
core   0: 0x80007af6 (0xff061223) sh      a6, -28(a2)
core   0: 3 0x80007af6 (0xff061223) mem 0x80020e7c 0x00b8
core   0: 0x80007afa (0xffae1f03) lh      t5, -6(t3)
core   0: 3 0x80007afa (0xffae1f03) x30 0x00006869 mem 0x800185b2
core   0: 0x80007afe (0xffcba503) lw      a0, -4(s7)
core   0: 3 0x80007afe (0xffcba503) x10 0x2c2d2e2f mem 0x8001eb74
core   0: 0x80007b02 (0x03371b03) lh      s6, 51(a4)
core   0: 3 0x80007b02 (0x03371b03) x22 0x00004445 mem 0x80018c8e
core   0: 0x80007b06 (0xfe360f03) lb      t5, -29(a2)
core   0: 3 0x80007b06 (0xfe360f03) x30 0x00000030 mem 0x80020e7b
core   0: 0x80007b0a (0xfc862103) lw      sp, -56(a2)
core   0: 3 0x80007b0a (0xfc862103) x 2 0x18191a1b mem 0x80020e60
core   0: 0x80007b0e (0xff0bdb03) lhu     s6, -16(s7)
core   0: 3 0x80007b0e (0xff0bdb03) x22 0x00002223 mem 0x8001eb68
core   0: 0x80007b12 (0xf29d4903) lbu     s2, -215(s10)
core   0: 3 0x80007b12 (0xf29d4903) x18 0x00000060 mem 0x800129ab
core   0: 0x80007b16 (0xfc660aa3) sb      t1, -43(a2)
core   0: 3 0x80007b16 (0xfc660aa3) mem 0x80020e6d 0x1f
core   0: 0x80007b1a (0x09274203) lbu     tp, 146(a4)
core   0: 3 0x80007b1a (0x09274203) x 4 0x000000a6 mem 0x80018ced
core   0: 0x80007b1e (0x00b64383) lbu     t2, 11(a2)
core   0: 3 0x80007b1e (0x00b64383) x 7 0x00000058 mem 0x80020ea3
core   0: 0x80007b22 (0xf32e05a3) sb      s2, -213(t3)
core   0: 3 0x80007b22 (0xf32e05a3) mem 0x800184e3 0x60
core   0: 0x80007b26 (0x005bc283) lbu     t0, 5(s7)
core   0: 3 0x80007b26 (0x005bc283) x 5 0x00000036 mem 0x8001eb7d
core   0: 0x80007b2a (0x03b718a3) sh      s11, 49(a4)
core   0: 3 0x80007b2a (0x03b718a3) mem 0x80018c8c 0xe970
core   0: 0x80007b2e (0x03e64f83) lbu     t6, 62(a2)
core   0: 3 0x80007b2e (0x03e64f83) x31 0x0000008d mem 0x80020ed6
core   0: 0x80007b32 (0xff1bce83) lbu     t4, -15(s7)
core   0: 3 0x80007b32 (0xff1bce83) x29 0x00000022 mem 0x8001eb69
core   0: 0x80007b36 (0xff7bcf83) lbu     t6, -9(s7)
core   0: 3 0x80007b36 (0xff7bcf83) x31 0x00000024 mem 0x8001eb6f
core   0: 0x80007b3a (0xff1b8ca3) sb      a7, -7(s7)
core   0: 3 0x80007b3a (0xff1b8ca3) mem 0x8001eb71 0x58
core   0: 0x80007b3e (0x080d5083) lhu     ra, 128(s10)
core   0: 3 0x80007b3e (0x080d5083) x 1 0x0000b8b9 mem 0x80012b02
core   0: 0x80007b42 (0xfd6d5983) lhu     s3, -42(s10)
core   0: 3 0x80007b42 (0xfd6d5983) x19 0x00001213 mem 0x80012a58
core   0: 0x80007b46 (0x02461f23) sh      tp, 62(a2)
core   0: 3 0x80007b46 (0x02461f23) mem 0x80020ed6 0x00a6
core   0: 0x80007b4a (0x05ed03a3) sb      t5, 71(s10)
core   0: 3 0x80007b4a (0x05ed03a3) mem 0x80012ac9 0x30
core   0: 0x80007b4e (0xfe3b9b23) sh      gp, -10(s7)
core   0: 3 0x80007b4e (0xfe3b9b23) mem 0x8001eb6e 0x0000
core   0: 0x80007b52 (0xf82e5983) lhu     s3, -126(t3)
core   0: 3 0x80007b52 (0xf82e5983) x19 0x0000f0f1 mem 0x8001853a
core   0: 0x80007b56 (0xf5c70d23) sb      t3, -166(a4)
core   0: 3 0x80007b56 (0xf5c70d23) mem 0x80018bb5 0xb8
core   0: 0x80007b5a (0xfdd60ba3) sb      t4, -41(a2)
core   0: 3 0x80007b5a (0xfdd60ba3) mem 0x80020e6f 0x22
core   0: 0x80007b5e (0x0000a117) auipc   sp, 0xa
core   0: 3 0x80007b5e (0x0000a117) x 2 0x80011b5e
core   0: 0x80007b62 (0x03010113) addi    sp, sp, 48
core   0: 3 0x80007b62 (0x03010113) x 2 0x80011b8e
core   0: 0x80007b66 (0xf5a77493) andi    s1, a4, -166
core   0: 3 0x80007b66 (0xf5a77493) x 9 0x80018c5a
core   0: 0x80007b6a (0x0a8107a3) sb      s0, 175(sp)
core   0: 3 0x80007b6a (0x0a8107a3) mem 0x80011c3d 0xd5
core   0: 0x80007b6e (0x70792497) auipc   s1, 0x70792
core   0: 3 0x80007b6e (0x70792497) x 9 0xf0799b6e
core   0: 0x80007b72 (0x0c714483) lbu     s1, 199(sp)
core   0: 3 0x80007b72 (0x0c714483) x 9 0x0000000e mem 0x80011c55
core   0: 0x80007b76 (0x0264ae33) mulhsu  t3, s1, t1
core   0: 3 0x80007b76 (0x0264ae33) x28 0x00000000
core   0: 0x80007b7a (0x006e6733) or      a4, t3, t1
core   0: 3 0x80007b7a (0x006e6733) x14 0x0000001f
core   0: 0x80007b7e (0x00008039) c.srli  s0, 14
core   0: 3 0x80007b7e (0x8039) x 8 0x00020008
core   0: 0x80007b80 (0xf5c100a3) sb      t3, -191(sp)
core   0: 3 0x80007b80 (0xf5c100a3) mem 0x80011acf 0x0
core   0: 0x80007b84 (0x07714e03) lbu     t3, 119(sp)
core   0: 3 0x80007b84 (0x07714e03) x28 0x00000000 mem 0x80011c05
core   0: 0x80007b88 (0x40c48e33) sub     t3, s1, a2
core   0: 3 0x80007b88 (0x40c48e33) x28 0x7ffdf176
core   0: 0x80007b8c (0x0000537d) c.li    t1, -1
core   0: 3 0x80007b8c (0x537d) x 6 0xffffffff
core   0: 0x80007b8e (0x03011e03) lh      t3, 48(sp)
core   0: 3 0x80007b8e (0x03011e03) x28 0xffff8400 mem 0x80011bbe
core   0: 0x80007b92 (0x0dc11483) lh      s1, 220(sp)
core   0: 3 0x80007b92 (0x0dc11483) x 9 0x00002021 mem 0x80011c6a
core   0: 0x80007b96 (0xf8810523) sb      s0, -118(sp)
core   0: 3 0x80007b96 (0xf8810523) mem 0x80011b18 0x8
core   0: 0x80007b9a (0xf9d10e03) lb      t3, -99(sp)
core   0: 3 0x80007b9a (0xf9d10e03) x28 0xffffffe0 mem 0x80011b2b
core   0: 0x80007b9e (0x0fd10e03) lb      t3, 253(sp)
core   0: 3 0x80007b9e (0x0fd10e03) x28 0x00000040 mem 0x80011c8b
core   0: 0x80007ba2 (0x03c724b3) mulhsu  s1, a4, t3
core   0: 3 0x80007ba2 (0x03c724b3) x 9 0x00000000
core   0: 0x80007ba6 (0x0dc14e03) lbu     t3, 220(sp)
core   0: 3 0x80007ba6 (0x0dc14e03) x28 0x00000021 mem 0x80011c6a
core   0: 0x80007baa (0x0000034e) c.slli  t1, 19
core   0: 3 0x80007baa (0x034e) x 6 0xfff80000
core   0: 0x80007bac (0x06c10ea3) sb      a2, 125(sp)
core   0: 3 0x80007bac (0x06c10ea3) mem 0x80011c0b 0x98
core   0: 0x80007bb0 (0x02e10aa3) sb      a4, 53(sp)
core   0: 3 0x80007bb0 (0x02e10aa3) mem 0x80011bc3 0x1f
core   0: 0x80007bb4 (0xf3011603) lh      a2, -208(sp)
core   0: 3 0x80007bb4 (0xf3011603) x12 0x00007475 mem 0x80011abe
core   0: 0x80007bb8 (0xf3814403) lbu     s0, -200(sp)
core   0: 3 0x80007bb8 (0xf3814403) x 8 0x0000007d mem 0x80011ac6
core   0: 0x80007bbc (0x0ed10403) lb      s0, 237(sp)
core   0: 3 0x80007bbc (0x0ed10403) x 8 0x00000030 mem 0x80011c7b
core   0: 0x80007bc0 (0x04910023) sb      s1, 64(sp)
core   0: 3 0x80007bc0 (0x04910023) mem 0x80011bce 0x0
core   0: 0x80007bc4 (0x00000001) c.nop
core   0: 3 0x80007bc4 (0x0001)
core   0: 0x80007bc6 (0xfab14403) lbu     s0, -85(sp)
core   0: 3 0x80007bc6 (0xfab14403) x 8 0x000000f2 mem 0x80011b39
core   0: 0x80007bca (0x03c444b3) div     s1, s0, t3
core   0: 3 0x80007bca (0x03c444b3) x 9 0x00000007
core   0: 0x80007bce (0x0fc10ba3) sb      t3, 247(sp)
core   0: 3 0x80007bce (0x0fc10ba3) mem 0x80011c85 0x21
core   0: 0x80007bd2 (0xfb415703) lhu     a4, -76(sp)
core   0: 3 0x80007bd2 (0xfb415703) x14 0x0000f8f9 mem 0x80011b42
core   0: 0x80007bd6 (0xf6a11e03) lh      t3, -150(sp)
core   0: 3 0x80007bd6 (0xf6a11e03) x28 0xffffb2b3 mem 0x80011af8
core   0: 0x80007bda (0x0000ab97) auipc   s7, 0xa
core   0: 3 0x80007bda (0x0000ab97) x23 0x80011bda
core   0: 0x80007bde (0xb24b8b93) addi    s7, s7, -1244
core   0: 3 0x80007bde (0xb24b8b93) x23 0x800116fe
core   0: 0x80007be2 (0x015b8783) lb      a5, 21(s7)
core   0: 3 0x80007be2 (0x015b8783) x15 0xffffffc8 mem 0x80011713
core   0: 0x80007be6 (0xfe6bae03) lw      t3, -26(s7)
core   0: 3 0x80007be6 (0xfe6bae03) x28 0x9c9d9e9f mem 0x800116e4
core   0: 0x80007bea (0xfd0b8603) lb      a2, -48(s7)
core   0: 3 0x80007bea (0xfd0b8603) x12 0xffffff85 mem 0x800116ce
core   0: 0x80007bee (0xfd0bdf83) lhu     t6, -48(s7)
core   0: 3 0x80007bee (0xfd0bdf83) x31 0x00008485 mem 0x800116ce
core   0: 0x80007bf2 (0xfd0bc403) lbu     s0, -48(s7)
core   0: 3 0x80007bf2 (0xfd0bc403) x 8 0x00000085 mem 0x800116ce
core   0: 0x80007bf6 (0xfd3b9823) sh      s3, -48(s7)
core   0: 3 0x80007bf6 (0xfd3b9823) mem 0x800116ce 0xf0f1
core   0: 0x80007bfa (0x03369033) mulh    zero, a3, s3
core   0: 3 0x80007bfa (0x03369033)
core   0: 0x80007bfe (0xfd0bd583) lhu     a1, -48(s7)
core   0: 3 0x80007bfe (0xfd0bd583) x11 0x0000f0f1 mem 0x800116ce
core   0: 0x80007c02 (0x000094c2) c.add   s1, a6
core   0: 3 0x80007c02 (0x94c2) x 9 0x000000bf
core   0: 0x80007c04 (0xfd0b8803) lb      a6, -48(s7)
core   0: 3 0x80007c04 (0xfd0b8803) x16 0xfffffff1 mem 0x800116ce
core   0: 0x80007c08 (0xfd7b9823) sh      s7, -48(s7)
core   0: 3 0x80007c08 (0xfd7b9823) mem 0x800116ce 0x16fe
core   0: 0x80007c0c (0xfd0b8183) lb      gp, -48(s7)
core   0: 3 0x80007c0c (0xfd0b8183) x 3 0xfffffffe mem 0x800116ce
core   0: 0x80007c10 (0xfd0b9d83) lh      s11, -48(s7)
core   0: 3 0x80007c10 (0xfd0b9d83) x27 0x000016fe mem 0x800116ce
core   0: 0x80007c14 (0x00a00493) li      s1, 10
core   0: 3 0x80007c14 (0x00a00493) x 9 0x0000000a
core   0: 0x80007c18 (0x00008c65) c.and   s0, s1
core   0: 3 0x80007c18 (0x8c65) x 8 0x00000000
core   0: 0x80007c1a (0x032fceb3) div     t4, t6, s2
core   0: 3 0x80007c1a (0x032fceb3) x29 0x00000161
core   0: 0x80007c1e (0x00a00793) li      a5, 10
core   0: 3 0x80007c1e (0x00a00793) x15 0x0000000a
core   0: 0x80007c22 (0x0000100f) fence.i
core   0: 3 0x80007c22 (0x0000100f)
core   0: 0x80007c26 (0x031650b3) divu    ra, a2, a7
core   0: 3 0x80007c26 (0x031650b3) x 1 0x00000001
core   0: 0x80007c2a (0x03e09933) mulh    s2, ra, t5
core   0: 3 0x80007c2a (0x03e09933) x18 0x00000000
core   0: 0x80007c2e (0x00008585) c.srai  a1, 1
core   0: 3 0x80007c2e (0x8585) x11 0x00007878
core   0: 0x80007c30 (0x31738c37) lui     s8, 0x31738
core   0: 3 0x80007c30 (0x31738c37) x24 0x31738000
core   0: 0x80007c34 (0x000014e9) c.addi  s1, -6
core   0: 3 0x80007c34 (0x14e9) x 9 0x00000004
core   0: 0x80007c36 (0xffe00513) li      a0, -2
core   0: 3 0x80007c36 (0xffe00513) x10 0xfffffffe
core   0: 0x80007c3a (0xa3182e13) slti    t3, a6, -1487
core   0: 3 0x80007c3a (0xa3182e13) x28 0x00000000
core   0: 0x80007c3e (0x00000001) c.nop
core   0: 3 0x80007c3e (0x0001)
core   0: 0x80007c40 (0x0000629d) c.lui   t0, 0x7
core   0: 3 0x80007c40 (0x629d) x 5 0x00007000
core   0: 0x80007c42 (0x00006911) c.lui   s2, 0x4
core   0: 3 0x80007c42 (0x6911) x18 0x00004000
core   0: 0x80007c44 (0x2d99ba13) sltiu   s4, s3, 729
core   0: 3 0x80007c44 (0x2d99ba13) x20 0x00000000
core   0: 0x80007c48 (0xd738fe13) andi    t3, a7, -653
core   0: 3 0x80007c48 (0xd738fe13) x28 0x80026c50
core   0: 0x80007c4c (0x00000509) c.addi  a0, 2
core   0: 3 0x80007c4c (0x0509) x10 0x00000000
core   0: 0x80007c4e (0x0000d96d) c.beqz  a0, pc - 14
core   0: 3 0x80007c4e (0xd96d)
core   0: 0x80007c40 (0x0000629d) c.lui   t0, 0x7
core   0: 3 0x80007c40 (0x629d) x 5 0x00007000
core   0: 0x80007c42 (0x00006911) c.lui   s2, 0x4
core   0: 3 0x80007c42 (0x6911) x18 0x00004000
core   0: 0x80007c44 (0x2d99ba13) sltiu   s4, s3, 729
core   0: 3 0x80007c44 (0x2d99ba13) x20 0x00000000
core   0: 0x80007c48 (0xd738fe13) andi    t3, a7, -653
core   0: 3 0x80007c48 (0xd738fe13) x28 0x80026c50
core   0: 0x80007c4c (0x00000509) c.addi  a0, 2
core   0: 3 0x80007c4c (0x0509) x10 0x00000002
core   0: 0x80007c4e (0x0000d96d) c.beqz  a0, pc - 14
core   0: 3 0x80007c4e (0xd96d)
core   0: 0x80007c50 (0x000002ca) c.slli  t0, 18
core   0: 3 0x80007c50 (0x02ca) x 5 0xc0000000
core   0: 0x80007c52 (0x49f34b93) xori    s7, t1, 1183
core   0: 3 0x80007c52 (0x49f34b93) x23 0xfff8049f
core   0: 0x80007c56 (0x00000001) c.nop
core   0: 3 0x80007c56 (0x0001)
core   0: 0x80007c58 (0x413ad813) srai    a6, s5, 19
core   0: 3 0x80007c58 (0x413ad813) x16 0xfffff000
core   0: 0x80007c5c (0x4565b713) sltiu   a4, a1, 1110
core   0: 3 0x80007c5c (0x4565b713) x14 0x00000000
core   0: 0x80007c60 (0x00c38eb3) add     t4, t2, a2
core   0: 3 0x80007c60 (0x00c38eb3) x29 0xffffffdd
core   0: 0x80007c64 (0x0000617d) c.addi16sp sp, 496
core   0: 3 0x80007c64 (0x617d) x 2 0x80011d7e
core   0: 0x80007c66 (0x40e882b3) sub     t0, a7, a4
core   0: 3 0x80007c66 (0x40e882b3) x 5 0x80026e58
core   0: 0x80007c6a (0x00000001) c.nop
core   0: 3 0x80007c6a (0x0001)
core   0: 0x80007c6c (0xfcf4f2e3) bgeu    s1, a5, pc - 60
core   0: 3 0x80007c6c (0xfcf4f2e3)
core   0: 0x80007c70 (0x0000100f) fence.i
core   0: 3 0x80007c70 (0x0000100f)
core   0: 0x80007c74 (0x00400513) li      a0, 4
core   0: 3 0x80007c74 (0x00400513) x10 0x00000004
core   0: 0x80007c78 (0x023e07b3) mul     a5, t3, gp
core   0: 3 0x80007c78 (0x023e07b3) x15 0xfffb2760
core   0: 0x80007c7c (0x00008c8e) c.mv    s9, gp
core   0: 3 0x80007c7c (0x8c8e) x25 0xfffffffe
core   0: 0x80007c7e (0x0387d2b3) divu    t0, a5, s8
core   0: 3 0x80007c7e (0x0387d2b3) x 5 0x00000005
core   0: 0x80007c82 (0x00000001) c.nop
core   0: 3 0x80007c82 (0x0001)
core   0: 0x80007c84 (0x02ab5833) divu    a6, s6, a0
core   0: 3 0x80007c84 (0x02ab5833) x16 0x00000888
core   0: 0x80007c88 (0x000055fd) c.li    a1, -1
core   0: 3 0x80007c88 (0x55fd) x11 0xffffffff
core   0: 0x80007c8a (0x000099fd) c.andi  a1, -1
core   0: 3 0x80007c8a (0x99fd) x11 0xffffffff
core   0: 0x80007c8c (0x00000001) c.nop
core   0: 3 0x80007c8c (0x0001)
core   0: 0x80007c8e (0x00001579) c.addi  a0, -2
core   0: 3 0x80007c8e (0x1579) x10 0x00000002
core   0: 0x80007c90 (0x01447233) and     tp, s0, s4
core   0: 3 0x80007c90 (0x01447233) x 4 0x00000000
core   0: 0x80007c94 (0x0000949a) c.add   s1, t1
core   0: 3 0x80007c94 (0x949a) x 9 0xfff80004
core   0: 0x80007c96 (0x0000d57d) c.beqz  a0, pc - 18
core   0: 3 0x80007c96 (0xd57d)
core   0: 0x80007c98 (0x01d105b3) add     a1, sp, t4
core   0: 3 0x80007c98 (0x01d105b3) x11 0x80011d5b
core   0: 0x80007c9c (0x00009d17) auipc   s10, 0x9
core   0: 3 0x80007c9c (0x00009d17) x26 0x80010c9c
core   0: 0x80007ca0 (0x74dd0d13) addi    s10, s10, 1869
core   0: 3 0x80007ca0 (0x74dd0d13) x26 0x800113e9
core   0: 0x80007ca4 (0x0069ea33) or      s4, s3, t1
core   0: 3 0x80007ca4 (0x0069ea33) x20 0xfff8f0f1
core   0: 0x80007ca8 (0x01ed4e83) lbu     t4, 30(s10)
core   0: 3 0x80007ca8 (0x01ed4e83) x29 0x0000007d mem 0x80011407
core   0: 0x80007cac (0xffed4183) lbu     gp, -2(s10)
core   0: 3 0x80007cac (0xffed4183) x 3 0x0000009c mem 0x800113e7
core   0: 0x80007cb0 (0xfcdd0a23) sb      a3, -44(s10)
core   0: 3 0x80007cb0 (0xfcdd0a23) mem 0x800113bd 0x38
core   0: 0x80007cb4 (0x00008f9d) c.sub   a5, a5
core   0: 3 0x80007cb4 (0x8f9d) x15 0x00000000
core   0: 0x80007cb6 (0x00886233) or      tp, a6, s0
core   0: 3 0x80007cb6 (0x00886233) x 4 0x00000888
core   0: 0x80007cba (0x2a0b4193) xori    gp, s6, 672
core   0: 3 0x80007cba (0x2a0b4193) x 3 0x00002083
core   0: 0x80007cbe (0x05bee493) ori     s1, t4, 91
core   0: 3 0x80007cbe (0x05bee493) x 9 0x0000007f
core   0: 0x80007cc2 (0x00ad0723) sb      a0, 14(s10)
core   0: 3 0x80007cc2 (0x00ad0723) mem 0x800113f7 0x2
core   0: 0x80007cc6 (0x00000f65) c.addi  t5, 25
core   0: 3 0x80007cc6 (0x0f65) x30 0x00000049
core   0: 0x80007cc8 (0x000004de) c.slli  s1, 23
core   0: 3 0x80007cc8 (0x04de) x 9 0x3f800000
core   0: 0x80007cca (0x015d0383) lb      t2, 21(s10)
core   0: 3 0x80007cca (0x015d0383) x 7 0xffffffb5 mem 0x800113fe
core   0: 0x80007cce (0xfd8d0383) lb      t2, -40(s10)
core   0: 3 0x80007cce (0xfd8d0383) x 7 0x0000007a mem 0x800113c1
core   0: 0x80007cd2 (0x013d0123) sb      s3, 2(s10)
core   0: 3 0x80007cd2 (0x013d0123) mem 0x800113eb 0xf1
core   0: 0x80007cd6 (0x0000110c) c.addi4spn a1, sp, 160
core   0: 3 0x80007cd6 (0x110c) x11 0x80011e1e
core   0: 0x80007cd8 (0xfc8d4003) lbu     zero, -56(s10)
core   0: 3 0x80007cd8 (0xfc8d4003) mem 0x800113b1
core   0: 0x80007cdc (0x004d16a3) sh      tp, 13(s10)
core   0: 3 0x80007cdc (0x004d16a3) mem 0x800113f6 0x0888
core   0: 0x80007ce0 (0x00008e25) c.xor   a2, s1
core   0: 3 0x80007ce0 (0x8e25) x12 0xc07fff85
core   0: 0x80007ce2 (0x014d1ba3) sh      s4, 23(s10)
core   0: 3 0x80007ce2 (0x014d1ba3) mem 0x80011400 0xf0f1
core   0: 0x80007ce6 (0x000d0083) lb      ra, 0(s10)
core   0: 3 0x80007ce6 (0x000d0083) x 1 0xffffffa2 mem 0x800113e9
core   0: 0x80007cea (0xff6d4483) lbu     s1, -10(s10)
core   0: 3 0x80007cea (0xff6d4483) x 9 0x00000094 mem 0x800113df
core   0: 0x80007cee (0x41488133) sub     sp, a7, s4
core   0: 3 0x80007cee (0x41488133) x 2 0x80097d67
core   0: 0x80007cf2 (0xfe4d0383) lb      t2, -28(s10)
core   0: 3 0x80007cf2 (0xfe4d0383) x 7 0xffffff86 mem 0x800113cd
core   0: 0x80007cf6 (0x0000049e) c.slli  s1, 7
core   0: 3 0x80007cf6 (0x049e) x 9 0x00004a00
core   0: 0x80007cf8 (0xfd8d4483) lbu     s1, -40(s10)
core   0: 3 0x80007cf8 (0xfd8d4483) x 9 0x0000007a mem 0x800113c1
core   0: 0x80007cfc (0x00af07b3) add     a5, t5, a0
core   0: 3 0x80007cfc (0x00af07b3) x15 0x0000004b
core   0: 0x80007d00 (0xaf2c7a13) andi    s4, s8, -1294
core   0: 3 0x80007d00 (0xaf2c7a13) x20 0x31738000
core   0: 0x80007d04 (0x013a7db3) and     s11, s4, s3
core   0: 3 0x80007d04 (0x013a7db3) x27 0x00008000
core   0: 0x80007d08 (0xff0d17a3) sh      a6, -17(s10)
core   0: 3 0x80007d08 (0xff0d17a3) mem 0x800113d8 0x0888
core   0: 0x80007d0c (0x03773933) mulhu   s2, a4, s7
core   0: 3 0x80007d0c (0x03773933) x18 0x00000000
core   0: 0x80007d10 (0x03784eb3) div     t4, a6, s7
core   0: 3 0x80007d10 (0x03784eb3) x29 0x00000000
core   0: 0x80007d14 (0x034f4fb3) div     t6, t5, s4
core   0: 3 0x80007d14 (0x034f4fb3) x31 0x00000000
core   0: 0x80007d18 (0x00008cdd) c.or    s1, a5
core   0: 3 0x80007d18 (0x8cdd) x 9 0x0000007b
core   0: 0x80007d1a (0x00008de1) c.and   a1, s0
core   0: 3 0x80007d1a (0x8de1) x11 0x00000000
core   0: 0x80007d1c (0x000081c5) c.srli  a1, 17
core   0: 3 0x80007d1c (0x81c5) x11 0x00000000
core   0: 0x80007d1e (0xfcdd0c03) lb      s8, -51(s10)
core   0: 3 0x80007d1e (0xfcdd0c03) x24 0xffffffd7 mem 0x800113b6
core   0: 0x80007d22 (0x00fd25a3) sw      a5, 11(s10)
core   0: 3 0x80007d22 (0x00fd25a3) mem 0x800113f4 0x0000004b
core   0: 0x80007d26 (0x01ed0303) lb      t1, 30(s10)
core   0: 3 0x80007d26 (0x01ed0303) x 6 0x0000007d mem 0x80011407
core   0: 0x80007d2a (0xfefd1183) lh      gp, -17(s10)
core   0: 3 0x80007d2a (0xfefd1183) x 3 0x00000888 mem 0x800113d8
core   0: 0x80007d2e (0x029d4083) lbu     ra, 41(s10)
core   0: 3 0x80007d2e (0x029d4083) x 1 0x000000c9 mem 0x80011412
core   0: 0x80007d32 (0x0000717d) c.addi16sp sp, -16
core   0: 3 0x80007d32 (0x717d) x 2 0x80097d57
core   0: 0x80007d34 (0x000083ea) c.mv    t2, s10
core   0: 3 0x80007d34 (0x83ea) x 7 0x800113e9
core   0: 0x80007d36 (0x015d1b03) lh      s6, 21(s10)
core   0: 3 0x80007d36 (0x015d1b03) x22 0xffffb4b5 mem 0x800113fe
core   0: 0x80007d3a (0x00008c1d) c.sub   s0, a5
core   0: 3 0x80007d3a (0x8c1d) x 8 0xffffffb5
core   0: 0x80007d3c (0x00000188) c.addi4spn a0, sp, 192
core   0: 3 0x80007d3c (0x0188) x10 0x80097e17
core   0: 0x80007d3e (0x88dd8e17) auipc   t3, 0x88dd8
core   0: 3 0x80007d3e (0x88dd8e17) x28 0x08ddfd3e
core   0: 0x80007d42 (0x00008fb1) c.xor   a5, a2
core   0: 3 0x80007d42 (0x8fb1) x15 0xc07fffce
core   0: 0x80007d44 (0xfefd23a3) sw      a5, -25(s10)
core   0: 3 0x80007d44 (0xfefd23a3) mem 0x800113d0 0xc07fffce
core   0: 0x80007d48 (0x01948033) add     zero, s1, s9
core   0: 3 0x80007d48 (0x01948033)
core   0: 0x80007d4c (0xff4d0203) lb      tp, -12(s10)
core   0: 3 0x80007d4c (0xff4d0203) x 4 0x00000000 mem 0x800113dd
core   0: 0x80007d50 (0x00008912) c.mv    s2, tp
core   0: 3 0x80007d50 (0x8912) x18 0x00000000
core   0: 0x80007d52 (0x029124b3) mulhsu  s1, sp, s1
core   0: 3 0x80007d52 (0x029124b3) x 9 0xffffffc2
core   0: 0x80007d56 (0x403fdc33) sra     s8, t6, gp
core   0: 3 0x80007d56 (0x403fdc33) x24 0x00000000
core   0: 0x80007d5a (0x02cd4783) lbu     a5, 44(s10)
core   0: 3 0x80007d5a (0x02cd4783) x15 0x000000ce mem 0x80011415
core   0: 0x80007d5e (0x0000a297) auipc   t0, 0xa
core   0: 3 0x80007d5e (0x0000a297) x 5 0x80011d5e
core   0: 0x80007d62 (0xca728293) addi    t0, t0, -857
core   0: 3 0x80007d62 (0xca728293) x 5 0x80011a05
core   0: 0x80007d66 (0x0000ff97) auipc   t6, 0xf
core   0: 3 0x80007d66 (0x0000ff97) x31 0x80016d66
core   0: 0x80007d6a (0xb66f8f93) addi    t6, t6, -1178
core   0: 3 0x80007d6a (0xb66f8f93) x31 0x800168cc
core   0: 0x80007d6e (0x4742c003) lbu     zero, 1140(t0)
core   0: 3 0x80007d6e (0x4742c003) mem 0x80011e79
core   0: 0x80007d72 (0x3ef2d483) lhu     s1, 1007(t0)
core   0: 3 0x80007d72 (0x3ef2d483) x 9 0x0000aeaf mem 0x80011df4
core   0: 0x80007d76 (0x002fd503) lhu     a0, 2(t6)
core   0: 3 0x80007d76 (0x002fd503) x10 0x00008485 mem 0x800168ce
core   0: 0x80007d7a (0xf9328803) lb      a6, -109(t0)
core   0: 3 0x80007d7a (0xf9328803) x16 0x00000053 mem 0x80011998
core   0: 0x80007d7e (0x006f8383) lb      t2, 6(t6)
core   0: 3 0x80007d7e (0x006f8383) x 7 0xffffff89 mem 0x800168d2
core   0: 0x80007d82 (0x009fcb03) lbu     s6, 9(t6)
core   0: 3 0x80007d82 (0x009fcb03) x22 0x0000008e mem 0x800168d5
core   0: 0x80007d86 (0xec02a1a3) sw      zero, -317(t0)
core   0: 3 0x80007d86 (0xec02a1a3) mem 0x800118c8 0x00000000
core   0: 0x80007d8a (0xf6c2c483) lbu     s1, -148(t0)
core   0: 3 0x80007d8a (0xf6c2c483) x 9 0x0000002a mem 0x80011971
core   0: 0x80007d8e (0x00cf9083) lh      ra, 12(t6)
core   0: 3 0x80007d8e (0x00cf9083) x 1 0xffff9293 mem 0x800168d8
core   0: 0x80007d92 (0xaed29803) lh      a6, -1299(t0)
core   0: 3 0x80007d92 (0xaed29803) x16 0xffffa8a9 mem 0x800114f2
core   0: 0x80007d96 (0xff8f9403) lh      s0, -8(t6)
core   0: 3 0x80007d96 (0xff8f9403) x 8 0x00007e7f mem 0x800168c4
core   0: 0x80007d9a (0x0ac2a1a3) sw      a2, 163(t0)
core   0: 3 0x80007d9a (0x0ac2a1a3) mem 0x80011aa8 0xc07fff85
core   0: 0x80007d9e (0x0cc2c103) lbu     sp, 204(t0)
core   0: 3 0x80007d9e (0x0cc2c103) x 2 0x0000008a mem 0x80011ad1
core   0: 0x80007da2 (0x007fcb03) lbu     s6, 7(t6)
core   0: 3 0x80007da2 (0x007fcb03) x22 0x00000088 mem 0x800168d3
core   0: 0x80007da6 (0x0ff2c603) lbu     a2, 255(t0)
core   0: 3 0x80007da6 (0x0ff2c603) x12 0x000000bf mem 0x80011b04
core   0: 0x80007daa (0xff6fda03) lhu     s4, -10(t6)
core   0: 3 0x80007daa (0xff6fda03) x20 0x00007879 mem 0x800168c2
core   0: 0x80007dae (0x2cb28123) sb      a1, 706(t0)
core   0: 3 0x80007dae (0x2cb28123) mem 0x80011cc7 0x0
core   0: 0x80007db2 (0x002f81a3) sb      sp, 3(t6)
core   0: 3 0x80007db2 (0x002f81a3) mem 0x800168cf 0x8a
core   0: 0x80007db6 (0x024000ef) jal     pc + 0x24
core   0: 3 0x80007db6 (0x024000ef) x 1 0x80007dba
core   0: 0x80007dda (0x0000b7e5) c.j     pc - 24
core   0: 3 0x80007dda (0xb7e5)
core   0: 0x80007dc2 (0x01a000ef) jal     pc + 0x1a
core   0: 3 0x80007dc2 (0x01a000ef) x 1 0x80007dc6
core   0: 0x80007ddc (0xff3ff0ef) jal     pc - 0xe
core   0: 3 0x80007ddc (0xff3ff0ef) x 1 0x80007de0
core   0: 0x80007dce (0x006000ef) jal     pc + 0x6
core   0: 3 0x80007dce (0x006000ef) x 1 0x80007dd2
core   0: 0x80007dd4 (0x00003fdd) c.jal   pc - 10
core   0: 3 0x80007dd4 (0x3fdd) x 1 0x80007dd6
core   0: 0x80007dca (0x00002031) c.jal   pc + 12
core   0: 3 0x80007dca (0x2031) x 1 0x80007dcc
core   0: 0x80007dd6 (0x0000a811) c.j     pc + 20
core   0: 3 0x80007dd6 (0xa811)
core   0: 0x80007dea (0x0000bfc1) c.j     pc - 48
core   0: 3 0x80007dea (0xbfc1)
core   0: 0x80007dba (0x0000203d) c.jal   pc + 46
core   0: 3 0x80007dba (0x203d) x 1 0x80007dbc
core   0: 0x80007de8 (0x00003fd1) c.jal   pc - 44
core   0: 3 0x80007de8 (0x3fd1) x 1 0x80007dea
core   0: 0x80007dbc (0x00002015) c.jal   pc + 36
core   0: 3 0x80007dbc (0x2015) x 1 0x80007dbe
core   0: 0x80007de0 (0xfedff9ef) jal     s3, pc - 0x14
core   0: 3 0x80007de0 (0xfedff9ef) x19 0x80007de4
core   0: 0x80007dcc (0x0000bfd5) c.j     pc - 12
core   0: 3 0x80007dcc (0xbfd5)
core   0: 0x80007dc0 (0x00002821) c.jal   pc + 24
core   0: 3 0x80007dc0 (0x2821) x 1 0x80007dc2
core   0: 0x80007dd8 (0x0000a031) c.j     pc + 12
core   0: 3 0x80007dd8 (0xa031)
core   0: 0x80007de4 (0xfe3ff0ef) jal     pc - 0x1e
core   0: 3 0x80007de4 (0xfe3ff0ef) x 1 0x80007de8
core   0: 0x80007dc6 (0x00c00c6f) jal     s8, pc + 0xc
core   0: 3 0x80007dc6 (0x00c00c6f) x24 0x80007dca
core   0: 0x80007dd2 (0x0000b7f5) c.j     pc - 20
core   0: 3 0x80007dd2 (0xb7f5)
core   0: 0x80007dbe (0x0000203d) c.jal   pc + 46
core   0: 3 0x80007dbe (0x203d) x 1 0x80007dc0
core   0: 0x80007dec (0x00009a7d) c.andi  a2, -1
core   0: 3 0x80007dec (0x9a7d) x12 0x000000bf
core   0: 0x80007dee (0x006000ef) jal     pc + 0x6
core   0: 3 0x80007dee (0x006000ef) x 1 0x80007df2
core   0: 0x80007df4 (0x00002009) c.jal   pc + 2
core   0: 3 0x80007df4 (0x2009) x 1 0x80007df6
core   0: 0x80007df6 (0x00a000ef) jal     pc + 0xa
core   0: 3 0x80007df6 (0x00a000ef) x 1 0x80007dfa
core   0: 0x80007e00 (0x00e000ef) jal     pc + 0xe
core   0: 3 0x80007e00 (0x00e000ef) x 1 0x80007e04
core   0: 0x80007e0e (0x0320096f) jal     s2, pc + 0x32
core   0: 3 0x80007e0e (0x0320096f) x18 0x80007e12
core   0: 0x80007e40 (0x000037d1) c.jal   pc - 60
core   0: 3 0x80007e40 (0x37d1) x 1 0x80007e42
core   0: 0x80007e04 (0x00002019) c.jal   pc + 6
core   0: 3 0x80007e04 (0x2019) x 1 0x80007e06
core   0: 0x80007e0a (0xff3ff36f) jal     t1, pc - 0xe
core   0: 3 0x80007e0a (0xff3ff36f) x 6 0x80007e0e
core   0: 0x80007dfc (0x0000a015) c.j     pc + 36
core   0: 3 0x80007dfc (0xa015)
core   0: 0x80007e20 (0x0000bfe5) c.j     pc - 8
core   0: 3 0x80007e20 (0xbfe5)
core   0: 0x80007e18 (0x00002039) c.jal   pc + 14
core   0: 3 0x80007e18 (0x2039) x 1 0x80007e1a
core   0: 0x80007e26 (0xfefff36f) jal     t1, pc - 0x12
core   0: 3 0x80007e26 (0xfefff36f) x 6 0x80007e2a
core   0: 0x80007e14 (0x0000202d) c.jal   pc + 42
core   0: 3 0x80007e14 (0x202d) x 1 0x80007e16
core   0: 0x80007e3e (0x00003fed) c.jal   pc - 6
core   0: 3 0x80007e3e (0x3fed) x 1 0x80007e40
core   0: 0x80007e38 (0x00003fdd) c.jal   pc - 10
core   0: 3 0x80007e38 (0x3fdd) x 1 0x80007e3a
core   0: 0x80007e2e (0x00003ffd) c.jal   pc - 2
core   0: 3 0x80007e2e (0x3ffd) x 1 0x80007e30
core   0: 0x80007e2c (0x00003ffd) c.jal   pc - 2
core   0: 3 0x80007e2c (0x3ffd) x 1 0x80007e2e
core   0: 0x80007e2a (0x0000b7e5) c.j     pc - 24
core   0: 3 0x80007e2a (0xb7e5)
core   0: 0x80007e12 (0x00002029) c.jal   pc + 10
core   0: 3 0x80007e12 (0x2029) x 1 0x80007e14
core   0: 0x80007e1c (0xfdfff0ef) jal     pc - 0x22
core   0: 3 0x80007e1c (0xfdfff0ef) x 1 0x80007e20
core   0: 0x80007dfa (0x0000a089) c.j     pc + 66
core   0: 3 0x80007dfa (0xa089)
core   0: 0x80007e3c (0x00003fd5) c.jal   pc - 12
core   0: 3 0x80007e3c (0x3fd5) x 1 0x80007e3e
core   0: 0x80007e30 (0xff3ff3ef) jal     t2, pc - 0xe
core   0: 3 0x80007e30 (0xff3ff3ef) x 7 0x80007e34
core   0: 0x80007e22 (0xff9ff0ef) jal     pc - 0x8
core   0: 3 0x80007e22 (0xff9ff0ef) x 1 0x80007e26
core   0: 0x80007e1a (0x00002005) c.jal   pc + 32
core   0: 3 0x80007e1a (0x2005) x 1 0x80007e1c
core   0: 0x80007e3a (0x00003fed) c.jal   pc - 6
core   0: 3 0x80007e3a (0x3fed) x 1 0x80007e3c
core   0: 0x80007e34 (0xfd3ff36f) jal     t1, pc - 0x2e
core   0: 3 0x80007e34 (0xfd3ff36f) x 6 0x80007e38
core   0: 0x80007e06 (0xff9ff0ef) jal     pc - 0x8
core   0: 3 0x80007e06 (0xff9ff0ef) x 1 0x80007e0a
core   0: 0x80007dfe (0x0000a821) c.j     pc + 24
core   0: 3 0x80007dfe (0xa821)
core   0: 0x80007e16 (0x0000bff1) c.j     pc - 36
core   0: 3 0x80007e16 (0xbff1)
core   0: 0x80007df2 (0x00002881) c.jal   pc + 80
core   0: 3 0x80007df2 (0x2881) x 1 0x80007df4
core   0: 0x80007e42 (0x0ff0000f) fence   iorw,iorw
core   0: 3 0x80007e42 (0x0ff0000f)
core   0: 0x80007e46 (0x0001a417) auipc   s0, 0x1a
core   0: 3 0x80007e46 (0x0001a417) x 8 0x80021e46
core   0: 0x80007e4a (0x12d40413) addi    s0, s0, 301
core   0: 3 0x80007e4a (0x12d40413) x 8 0x80021f73
core   0: 0x80007e4e (0x05040423) sb      a6, 72(s0)
core   0: 3 0x80007e4e (0x05040423) mem 0x80021fbb 0xa9
core   0: 0x80007e52 (0x00009497) auipc   s1, 0x9
core   0: 3 0x80007e52 (0x00009497) x 9 0x80010e52
core   0: 0x80007e56 (0x4eb48493) addi    s1, s1, 1259
core   0: 3 0x80007e56 (0x4eb48493) x 9 0x8001133d
core   0: 0x80007e5a (0xffe407a3) sb      t5, -17(s0)
core   0: 3 0x80007e5a (0xffe407a3) mem 0x80021f62 0x49
core   0: 0x80007e5e (0x764485a3) sb      tp, 1899(s1)
core   0: 3 0x80007e5e (0x764485a3) mem 0x80011aa8 0x0
core   0: 0x80007e62 (0xf0244983) lbu     s3, -254(s0)
core   0: 3 0x80007e62 (0xf0244983) x19 0x0000002e mem 0x80021e75
core   0: 0x80007e66 (0xf364cf03) lbu     t5, -202(s1)
core   0: 3 0x80007e66 (0xf364cf03) x30 0x00000028 mem 0x80011273
core   0: 0x80007e6a (0xf8d40383) lb      t2, -115(s0)
core   0: 3 0x80007e6a (0xf8d40383) x 7 0xffffffbb mem 0x80021f00
core   0: 0x80007e6e (0x726490a3) sh      t1, 1825(s1)
core   0: 3 0x80007e6e (0x726490a3) mem 0x80011a5e 0x7e38
core   0: 0x80007e72 (0x2724cc83) lbu     s9, 626(s1)
core   0: 3 0x80007e72 (0x2724cc83) x25 0x00000064 mem 0x800115af
core   0: 0x80007e76 (0x01240503) lb      a0, 18(s0)
core   0: 3 0x80007e76 (0x01240503) x10 0x0000003e mem 0x80021f85
core   0: 0x80007e7a (0x0bc40f23) sb      t3, 190(s0)
core   0: 3 0x80007e7a (0x0bc40f23) mem 0x80022031 0x3e
core   0: 0x80007e7e (0xf1340923) sb      s3, -238(s0)
core   0: 3 0x80007e7e (0xf1340923) mem 0x80021e85 0x2e
core   0: 0x80007e82 (0xd7a4c583) lbu     a1, -646(s1)
core   0: 3 0x80007e82 (0xd7a4c583) x11 0x0000006c mem 0x800110b7
core   0: 0x80007e86 (0xfd044503) lbu     a0, -48(s0)
core   0: 3 0x80007e86 (0xfd044503) x10 0x000000f8 mem 0x80021f43
core   0: 0x80007e8a (0xfab45803) lhu     a6, -85(s0)
core   0: 3 0x80007e8a (0xfab45803) x16 0x0000d4d5 mem 0x80021f1e
core   0: 0x80007e8e (0x2e24ada3) sw      sp, 763(s1)
core   0: 3 0x80007e8e (0x2e24ada3) mem 0x80011638 0x0000008a
core   0: 0x80007e92 (0xf9240283) lb      t0, -110(s0)
core   0: 3 0x80007e92 (0xf9240283) x 5 0xffffffbe mem 0x80021f05
core   0: 0x80007e96 (0xfa148103) lb      sp, -95(s1)
core   0: 3 0x80007e96 (0xfa148103) x 2 0xffffff95 mem 0x800112de
core   0: 0x80007e9a (0x71f49603) lh      a2, 1823(s1)
core   0: 3 0x80007e9a (0x71f49603) x12 0x00001617 mem 0x80011a5c
core   0: 0x80007e9e (0xffd00713) li      a4, -3
core   0: 3 0x80007e9e (0xffd00713) x14 0xfffffffd
core   0: 0x80007ea2 (0x01400513) li      a0, 20
core   0: 3 0x80007ea2 (0x01400513) x10 0x00000014
core   0: 0x80007ea6 (0x03edffb3) remu    t6, s11, t5
core   0: 3 0x80007ea6 (0x03edffb3) x31 0x00000008
core   0: 0x80007eaa (0x00006131) c.addi16sp sp, 320
core   0: 3 0x80007eaa (0x6131) x 2 0x000000d5
core   0: 0x80007eac (0x00000729) c.addi  a4, 10
core   0: 3 0x80007eac (0x0729) x14 0x00000007
core   0: 0x80007eae (0x00000d52) c.slli  s10, 20
core   0: 3 0x80007eae (0x0d52) x26 0x3e900000
core   0: 0x80007eb0 (0xfea74be3) blt     a4, a0, pc - 10
core   0: 3 0x80007eb0 (0xfea74be3)
core   0: 0x80007ea6 (0x03edffb3) remu    t6, s11, t5
core   0: 3 0x80007ea6 (0x03edffb3) x31 0x00000008
core   0: 0x80007eaa (0x00006131) c.addi16sp sp, 320
core   0: 3 0x80007eaa (0x6131) x 2 0x00000215
core   0: 0x80007eac (0x00000729) c.addi  a4, 10
core   0: 3 0x80007eac (0x0729) x14 0x00000011
core   0: 0x80007eae (0x00000d52) c.slli  s10, 20
core   0: 3 0x80007eae (0x0d52) x26 0x00000000
core   0: 0x80007eb0 (0xfea74be3) blt     a4, a0, pc - 10
core   0: 3 0x80007eb0 (0xfea74be3)
core   0: 0x80007ea6 (0x03edffb3) remu    t6, s11, t5
core   0: 3 0x80007ea6 (0x03edffb3) x31 0x00000008
core   0: 0x80007eaa (0x00006131) c.addi16sp sp, 320
core   0: 3 0x80007eaa (0x6131) x 2 0x00000355
core   0: 0x80007eac (0x00000729) c.addi  a4, 10
core   0: 3 0x80007eac (0x0729) x14 0x0000001b
core   0: 0x80007eae (0x00000d52) c.slli  s10, 20
core   0: 3 0x80007eae (0x0d52) x26 0x00000000
core   0: 0x80007eb0 (0xfea74be3) blt     a4, a0, pc - 10
core   0: 3 0x80007eb0 (0xfea74be3)
core   0: 0x80007eb4 (0x00000001) c.nop
core   0: 3 0x80007eb4 (0x0001)
core   0: 0x80007eb6 (0x00010597) auipc   a1, 0x10
core   0: 3 0x80007eb6 (0x00010597) x11 0x80017eb6
core   0: 0x80007eba (0x76558593) addi    a1, a1, 1893
core   0: 3 0x80007eba (0x76558593) x11 0x8001861b
core   0: 0x80007ebe (0x0000a297) auipc   t0, 0xa
core   0: 3 0x80007ebe (0x0000a297) x 5 0x80011ebe
core   0: 0x80007ec2 (0xea028293) addi    t0, t0, -352
core   0: 3 0x80007ec2 (0xea028293) x 5 0x80011d5e
core   0: 0x80007ec6 (0x00e2df83) lhu     t6, 14(t0)
core   0: 3 0x80007ec6 (0x00e2df83) x31 0x00002627 mem 0x80011d6c
core   0: 0x80007eca (0xff128123) sb      a7, -30(t0)
core   0: 3 0x80007eca (0xff128123) mem 0x80011d40 0x58
core   0: 0x80007ece (0xfe958aa3) sb      s1, -11(a1)
core   0: 3 0x80007ece (0xfe958aa3) mem 0x80018610 0x3d
core   0: 0x80007ed2 (0x05f59e03) lh      t3, 95(a1)
core   0: 3 0x80007ed2 (0x05f59e03) x28 0x00003031 mem 0x8001867a
core   0: 0x80007ed6 (0x02628aa3) sb      t1, 53(t0)
core   0: 3 0x80007ed6 (0x02628aa3) mem 0x80011d93 0x38
core   0: 0x80007eda (0x0fa5c203) lbu     tp, 250(a1)
core   0: 3 0x80007eda (0x0fa5c203) x 4 0x000000ce mem 0x80018715
core   0: 0x80007ede (0xfde5c403) lbu     s0, -34(a1)
core   0: 3 0x80007ede (0xfde5c403) x 8 0x000000b2 mem 0x800185f9
core   0: 0x80007ee2 (0xffa29083) lh      ra, -6(t0)
core   0: 3 0x80007ee2 (0xffa29083) x 1 0x00001213 mem 0x80011d58
core   0: 0x80007ee6 (0xf785cb83) lbu     s7, -136(a1)
core   0: 3 0x80007ee6 (0xf785cb83) x23 0x00000048 mem 0x80018593
core   0: 0x80007eea (0x01528203) lb      tp, 21(t0)
core   0: 3 0x80007eea (0x01528203) x 4 0x00000028 mem 0x80011d73
core   0: 0x80007eee (0x01b28783) lb      a5, 27(t0)
core   0: 3 0x80007eee (0x01b28783) x15 0x00000032 mem 0x80011d79
core   0: 0x80007ef2 (0xfd5288a3) sb      s5, -47(t0)
core   0: 3 0x80007ef2 (0xfd5288a3) mem 0x80011d2f 0xe4
core   0: 0x80007ef6 (0x0a858623) sb      s0, 172(a1)
core   0: 3 0x80007ef6 (0x0a858623) mem 0x800186c7 0xb2
core   0: 0x80007efa (0xfff28e83) lb      t4, -1(t0)
core   0: 3 0x80007efa (0xfff28e83) x29 0x00000016 mem 0x80011d5d
core   0: 0x80007efe (0x00a28603) lb      a2, 10(t0)
core   0: 3 0x80007efe (0x00a28603) x12 0x00000023 mem 0x80011d68
core   0: 0x80007f02 (0x00009d17) auipc   s10, 0x9
core   0: 3 0x80007f02 (0x00009d17) x26 0x80010f02
core   0: 0x80007f06 (0x3c1d0d13) addi    s10, s10, 961
core   0: 3 0x80007f06 (0x3c1d0d13) x26 0x800112c3
core   0: 0x80007f0a (0x00bd5403) lhu     s0, 11(s10)
core   0: 3 0x80007f0a (0x00bd5403) x 8 0x00008485 mem 0x800112ce
core   0: 0x80007f0e (0x003d0023) sb      gp, 0(s10)
core   0: 3 0x80007f0e (0x003d0023) mem 0x800112c3 0x88
core   0: 0x80007f12 (0x0000a597) auipc   a1, 0xa
core   0: 3 0x80007f12 (0x0000a597) x11 0x80011f12
core   0: 0x80007f16 (0xc5058593) addi    a1, a1, -944
core   0: 3 0x80007f16 (0xc5058593) x11 0x80011b62
core   0: 0x80007f1a (0x006d4c83) lbu     s9, 6(s10)
core   0: 3 0x80007f1a (0x006d4c83) x25 0x00000082 mem 0x800112c9
core   0: 0x80007f1e (0xffa5c383) lbu     t2, -6(a1)
core   0: 3 0x80007f1e (0xffa5c383) x 7 0x00000017 mem 0x80011b5c
core   0: 0x80007f22 (0x006d0503) lb      a0, 6(s10)
core   0: 3 0x80007f22 (0x006d0503) x10 0xffffff82 mem 0x800112c9
core   0: 0x80007f26 (0x00a5de83) lhu     t4, 10(a1)
core   0: 3 0x80007f26 (0x00a5de83) x29 0x00002627 mem 0x80011b6c
core   0: 0x80007f2a (0xfd859083) lh      ra, -40(a1)
core   0: 3 0x80007f2a (0xfd859083) x 1 0xfffff0f1 mem 0x80011b3a
core   0: 0x80007f2e (0xff0d0003) lb      zero, -16(s10)
core   0: 3 0x80007f2e (0xff0d0003) mem 0x800112b3
core   0: 0x80007f32 (0xfc258423) sb      sp, -56(a1)
core   0: 3 0x80007f32 (0xfc258423) mem 0x80011b2a 0x55
core   0: 0x80007f36 (0xff2d0483) lb      s1, -14(s10)
core   0: 3 0x80007f36 (0xff2d0483) x 9 0x0000006e mem 0x800112b5
core   0: 0x80007f3a (0x038580a3) sb      s8, 33(a1)
core   0: 3 0x80007f3a (0x038580a3) mem 0x80011b83 0xca
core   0: 0x80007f3e (0x00009f17) auipc   t5, 0x9
core   0: 3 0x80007f3e (0x00009f17) x30 0x80010f3e
core   0: 0x80007f42 (0x17cf0f13) addi    t5, t5, 380
core   0: 3 0x80007f42 (0x17cf0f13) x30 0x800110ba
core   0: 0x80007f46 (0x013f04a3) sb      s3, 9(t5)
core   0: 3 0x80007f46 (0x013f04a3) mem 0x800110c3 0x2e
core   0: 0x80007f4a (0xffcf1a03) lh      s4, -4(t5)
core   0: 3 0x80007f4a (0xffcf1a03) x20 0x00006c6d mem 0x800110b6
core   0: 0x80007f4e (0xffaf2983) lw      s3, -6(t5)
core   0: 3 0x80007f4e (0xffaf2983) x19 0x6c6d6e6f mem 0x800110b4
core   0: 0x80007f52 (0x00000001) c.nop
core   0: 3 0x80007f52 (0x0001)
core   0: 0x80007f54 (0x00df0223) sb      a3, 4(t5)
core   0: 3 0x80007f54 (0x00df0223) mem 0x800110be 0x38
core   0: 0x80007f58 (0x03a2ee33) rem     t3, t0, s10
core   0: 3 0x80007f58 (0x03a2ee33) x28 0x80011d5e
core   0: 0x80007f5c (0x005f4d83) lbu     s11, 5(t5)
core   0: 3 0x80007f5c (0x005f4d83) x27 0x00000074 mem 0x800110bf
core   0: 0x80007f60 (0x02b343b3) div     t2, t1, a1
core   0: 3 0x80007f60 (0x02b343b3) x 7 0x00000001
core   0: 0x80007f64 (0x005f4403) lbu     s0, 5(t5)
core   0: 3 0x80007f64 (0x005f4403) x 8 0x00000074 mem 0x800110bf
core   0: 0x80007f68 (0xffbf0f23) sb      s11, -2(t5)
core   0: 3 0x80007f68 (0xffbf0f23) mem 0x800110b8 0x74
core   0: 0x80007f6c (0x008fd333) srl     t1, t6, s0
core   0: 3 0x80007f6c (0x008fd333) x 6 0x00000000
core   0: 0x80007f70 (0x01235793) srli    a5, t1, 18
core   0: 3 0x80007f70 (0x01235793) x15 0x00000000
core   0: 0x80007f74 (0x00001800) c.addi4spn s0, sp, 48
core   0: 3 0x80007f74 (0x1800) x 8 0x00000385
core   0: 0x80007f76 (0xfeff0ca3) sb      a5, -7(t5)
core   0: 3 0x80007f76 (0xfeff0ca3) mem 0x800110b3 0x0
core   0: 0x80007f7a (0x00ef4903) lbu     s2, 14(t5)
core   0: 3 0x80007f7a (0x00ef4903) x18 0x00000083 mem 0x800110c8
core   0: 0x80007f7e (0x00ee7f93) andi    t6, t3, 14
core   0: 3 0x80007f7e (0x00ee7f93) x31 0x0000000e
core   0: 0x80007f82 (0x015f04a3) sb      s5, 9(t5)
core   0: 3 0x80007f82 (0x015f04a3) mem 0x800110c3 0xe4
core   0: 0x80007f86 (0x0000100f) fence.i
core   0: 3 0x80007f86 (0x0000100f)
core   0: 0x80007f8a (0x00519e93) slli    t4, gp, 5
core   0: 3 0x80007f8a (0x00519e93) x29 0x00011100
core   0: 0x80007f8e (0xff1f0103) lb      sp, -15(t5)
core   0: 3 0x80007f8e (0xff1f0103) x 2 0x00000060 mem 0x800110ab
core   0: 0x80007f92 (0xfe9f0da3) sb      s1, -5(t5)
core   0: 3 0x80007f92 (0xfe9f0da3) mem 0x800110b5 0x6e
core   0: 0x80007f96 (0xfe0f0ba3) sb      zero, -9(t5)
core   0: 3 0x80007f96 (0xfe0f0ba3) mem 0x800110b1 0x0
core   0: 0x80007f9a (0x003f0f83) lb      t6, 3(t5)
core   0: 3 0x80007f9a (0x003f0f83) x31 0x00000076 mem 0x800110bd
core   0: 0x80007f9e (0x019f2523) sw      s9, 10(t5)
core   0: 3 0x80007f9e (0x019f2523) mem 0x800110c4 0x00000082
core   0: 0x80007fa2 (0x000f1e83) lh      t4, 0(t5)
core   0: 3 0x80007fa2 (0x000f1e83) x29 0x00007071 mem 0x800110ba
core   0: 0x80007fa6 (0x00cf0623) sb      a2, 12(t5)
core   0: 3 0x80007fa6 (0x00cf0623) mem 0x800110c6 0x23
core   0: 0x80007faa (0xff7f4583) lbu     a1, -9(t5)
core   0: 3 0x80007faa (0xff7f4583) x11 0x00000000 mem 0x800110b1
core   0: 0x80007fae (0xffbf4783) lbu     a5, -5(t5)
core   0: 3 0x80007fae (0xffbf4783) x15 0x0000006e mem 0x800110b5
core   0: 0x80007fb2 (0x01b7cc33) xor     s8, a5, s11
core   0: 3 0x80007fb2 (0x01b7cc33) x24 0x0000001a
core   0: 0x80007fb6 (0xfeef2923) sw      a4, -14(t5)
core   0: 3 0x80007fb6 (0xfeef2923) mem 0x800110ac 0x0000001b
core   0: 0x80007fba (0xff3f4383) lbu     t2, -13(t5)
core   0: 3 0x80007fba (0xff3f4383) x 7 0x00000000 mem 0x800110ad
core   0: 0x80007fbe (0x00008d0d) c.sub   a0, a1
core   0: 3 0x80007fbe (0x8d0d) x10 0xffffff82
core   0: 0x80007fc0 (0x004f1603) lh      a2, 4(t5)
core   0: 3 0x80007fc0 (0x004f1603) x12 0x00007438 mem 0x800110be
core   0: 0x80007fc4 (0x008e6633) or      a2, t3, s0
core   0: 3 0x80007fc4 (0x008e6633) x12 0x80011fdf
core   0: 0x80007fc8 (0x40d953b3) sra     t2, s2, a3
core   0: 3 0x80007fc8 (0x40d953b3) x 7 0x00000000
core   0: 0x80007fcc (0x004f4703) lbu     a4, 4(t5)
core   0: 3 0x80007fcc (0x004f4703) x14 0x00000038 mem 0x800110be
core   0: 0x80007fd0 (0x00009117) auipc   sp, 0x9
core   0: 3 0x80007fd0 (0x00009117) x 2 0x80010fd0
core   0: 0x80007fd4 (0x10a10113) addi    sp, sp, 266
core   0: 3 0x80007fd4 (0x10a10113) x 2 0x800110da
core   0: 0x80007fd8 (0x03e36533) rem     a0, t1, t5
core   0: 3 0x80007fd8 (0x03e36533) x10 0x00000000
core   0: 0x80007fdc (0xfcb10f83) lb      t6, -53(sp)
core   0: 3 0x80007fdc (0xfcb10f83) x31 0x0000005e mem 0x800110a5
core   0: 0x80007fe0 (0xff710223) sb      s7, -28(sp)
core   0: 3 0x80007fe0 (0xff710223) mem 0x800110be 0x48
core   0: 0x80007fe4 (0x019019b3) sll     s3, zero, s9
core   0: 3 0x80007fe4 (0x019019b3) x19 0x00000000
core   0: 0x80007fe8 (0x01411c03) lh      s8, 20(sp)
core   0: 3 0x80007fe8 (0x01411c03) x24 0xffffa4a5 mem 0x800110ee
core   0: 0x80007fec (0x01a11923) sh      s10, 18(sp)
core   0: 3 0x80007fec (0x01a11923) mem 0x800110ec 0x12c3
core   0: 0x80007ff0 (0x01e15703) lhu     a4, 30(sp)
core   0: 3 0x80007ff0 (0x01e15703) x14 0x000000a3 mem 0x800110f8
core   0: 0x80007ff4 (0xff810723) sb      s8, -18(sp)
core   0: 3 0x80007ff4 (0xff810723) mem 0x800110c8 0xa5
core   0: 0x80007ff8 (0x00008de1) c.and   a1, s0
core   0: 3 0x80007ff8 (0x8de1) x11 0x00000000
core   0: 0x80007ffa (0x0155a3b3) slt     t2, a1, s5
core   0: 3 0x80007ffa (0x0155a3b3) x 7 0x00000000
core   0: 0x80007ffe (0xfcc10183) lb      gp, -52(sp)
core   0: 3 0x80007ffe (0xfcc10183) x 3 0x0000005d mem 0x800110a6
core   0: 0x80008002 (0x000080f9) c.srli  s1, 30
core   0: 3 0x80008002 (0x80f9) x 9 0x00000000
core   0: 0x80008004 (0x03f14b03) lbu     s6, 63(sp)
core   0: 3 0x80008004 (0x03f14b03) x22 0x000000d2 mem 0x80011119
core   0: 0x80008008 (0x41bcd593) srai    a1, s9, 27
core   0: 3 0x80008008 (0x41bcd593) x11 0x00000000
core   0: 0x8000800c (0x00e12003) lw      zero, 14(sp)
core   0: 3 0x8000800c (0x00e12003) mem 0x800110e8
core   0: 0x80008010 (0xfd415d03) lhu     s10, -44(sp)
core   0: 3 0x80008010 (0xfd415d03) x26 0x00000000 mem 0x800110ae
core   0: 0x80008014 (0xff811783) lh      a5, -8(sp)
core   0: 3 0x80008014 (0xff811783) x15 0xffff9189 mem 0x800110d2
core   0: 0x80008018 (0x00710a03) lb      s4, 7(sp)
core   0: 3 0x80008018 (0x00710a03) x20 0xffffff9a mem 0x800110e1
core   0: 0x8000801c (0x004104a3) sb      tp, 9(sp)
core   0: 3 0x8000801c (0x004104a3) mem 0x800110e3 0x28
core   0: 0x80008020 (0x01e9d233) srl     tp, s3, t5
core   0: 3 0x80008020 (0x01e9d233) x 4 0x00000000
core   0: 0x80008024 (0x03a15903) lhu     s2, 58(sp)
core   0: 3 0x80008024 (0x03a15903) x18 0x0000cecf mem 0x80011114
core   0: 0x80008028 (0x00000001) c.nop
core   0: 3 0x80008028 (0x0001)
core   0: 0x8000802a (0xef865e17) auipc   t3, 0xef865
core   0: 3 0x8000802a (0xef865e17) x28 0x6f86d02a
core   0: 0x8000802e (0x00b91633) sll     a2, s2, a1
core   0: 3 0x8000802e (0x00b91633) x12 0x0000cecf
core   0: 0x80008032 (0x00006905) c.lui   s2, 0x1
core   0: 3 0x80008032 (0x6905) x18 0x00001000
core   0: 0x80008034 (0x03811403) lh      s0, 56(sp)
core   0: 3 0x80008034 (0x03811403) x 8 0xffffc8c9 mem 0x80011112
core   0: 0x80008038 (0x00008789) c.srai  a5, 2
core   0: 3 0x80008038 (0x8789) x15 0xffffe462
core   0: 0x8000803a (0xfd910ea3) sb      s9, -35(sp)
core   0: 3 0x8000803a (0xfd910ea3) mem 0x800110b7 0x82
core   0: 0x8000803e (0x03914983) lbu     s3, 57(sp)
core   0: 3 0x8000803e (0x03914983) x19 0x000000c8 mem 0x80011113
core   0: 0x80008042 (0x00c11f83) lh      t6, 12(sp)
core   0: 3 0x80008042 (0x00c11f83) x31 0xffff9c9d mem 0x800110e6
core   0: 0x80008046 (0x00b14083) lbu     ra, 11(sp)
core   0: 3 0x80008046 (0x00b14083) x 1 0x0000009e mem 0x800110e5
core   0: 0x8000804a (0x01f14283) lbu     t0, 31(sp)
core   0: 3 0x8000804a (0x01f14283) x 5 0x00000000 mem 0x800110f9
core   0: 0x8000804e (0xfe80ff13) andi    t5, ra, -24
core   0: 3 0x8000804e (0xfe80ff13) x30 0x00000088
core   0: 0x80008052 (0xa0d36c93) ori     s9, t1, -1523
core   0: 3 0x80008052 (0xa0d36c93) x25 0xfffffa0d
core   0: 0x80008056 (0x00008f1d) c.sub   a4, a5
core   0: 3 0x80008056 (0x8f1d) x14 0x00001c41
core   0: 0x80008058 (0x01b108a3) sb      s11, 17(sp)
core   0: 3 0x80008058 (0x01b108a3) mem 0x800110eb 0x74
core   0: 0x8000805c (0x00008e6d) c.and   a2, a1
core   0: 3 0x8000805c (0x8e6d) x12 0x00000000
core   0: 0x8000805e (0xfe110523) sb      ra, -22(sp)
core   0: 3 0x8000805e (0xfe110523) mem 0x800110c4 0x9e
core   0: 0x80008062 (0x0251c2b3) div     t0, gp, t0
core   0: 3 0x80008062 (0x0251c2b3) x 5 0xffffffff
core   0: 0x80008066 (0x3b0fb7b7) lui     a5, 0x3b0fb
core   0: 3 0x80008066 (0x3b0fb7b7) x15 0x3b0fb000
core   0: 0x8000806a (0x02110803) lb      a6, 33(sp)
core   0: 3 0x8000806a (0x02110803) x16 0x00000000 mem 0x800110fb
core   0: 0x8000806e (0x00006c79) c.lui   s8, 0x1e
core   0: 3 0x8000806e (0x6c79) x24 0x0001e000
core   0: 0x80008070 (0x40318c33) sub     s8, gp, gp
core   0: 3 0x80008070 (0x40318c33) x24 0x00000000
core   0: 0x80008074 (0x00008b5a) c.mv    s6, s6
core   0: 3 0x80008074 (0x8b5a) x22 0x000000d2
core   0: 0x80008076 (0x29b4bb93) sltiu   s7, s1, 667
core   0: 3 0x80008076 (0x29b4bb93) x23 0x00000001
core   0: 0x8000807a (0x03f14503) lbu     a0, 63(sp)
core   0: 3 0x8000807a (0x03f14503) x10 0x000000d2 mem 0x80011119
core   0: 0x8000807e (0x372a6f93) ori     t6, s4, 882
core   0: 3 0x8000807e (0x372a6f93) x31 0xfffffffa
core   0: 0x80008082 (0x0249d633) divu    a2, s3, tp
core   0: 3 0x80008082 (0x0249d633) x12 0xffffffff
core   0: 0x80008086 (0x176b54b7) lui     s1, 0x176b5
core   0: 3 0x80008086 (0x176b54b7) x 9 0x176b5000
core   0: 0x8000808a (0x03a454b3) divu    s1, s0, s10
core   0: 3 0x8000808a (0x03a454b3) x 9 0xffffffff
core   0: 0x8000808e (0x4112d413) srai    s0, t0, 17
core   0: 3 0x8000808e (0x4112d413) x 8 0xffffffff
core   0: 0x80008092 (0xfff10983) lb      s3, -1(sp)
core   0: 3 0x80008092 (0xfff10983) x19 0xffffffa4 mem 0x800110d9
core   0: 0x80008096 (0x03b14a03) lbu     s4, 59(sp)
core   0: 3 0x80008096 (0x03b14a03) x20 0x000000ce mem 0x80011115
core   0: 0x8000809a (0x0000810d) c.srli  a0, 3
core   0: 3 0x8000809a (0x810d) x10 0x0000001a
core   0: 0x8000809c (0x00000001) c.nop
core   0: 3 0x8000809c (0x0001)
core   0: 0x8000809e (0xff011423) sh      a6, -24(sp)
core   0: 3 0x8000809e (0xff011423) mem 0x800110c2 0x0000
core   0: 0x800080a2 (0x00009197) auipc   gp, 0x9
core   0: 3 0x800080a2 (0x00009197) x 3 0x800110a2
core   0: 0x800080a6 (0x19f18193) addi    gp, gp, 415
core   0: 3 0x800080a6 (0x19f18193) x 3 0x80011241
core   0: 0x800080aa (0xf0a18903) lb      s2, -246(gp)
core   0: 3 0x800080aa (0xf0a18903) x18 0x00000000 mem 0x8001114b
core   0: 0x800080ae (0x0051c003) lbu     zero, 5(gp)
core   0: 3 0x800080ae (0x0051c003) mem 0x80011246
core   0: 0x800080b2 (0x00019f97) auipc   t6, 0x19
core   0: 3 0x800080b2 (0x00019f97) x31 0x800210b2
core   0: 0x800080b6 (0xf87f8f93) addi    t6, t6, -121
core   0: 3 0x800080b6 (0xf87f8f93) x31 0x80021039
core   0: 0x800080ba (0x035187a3) sb      s5, 47(gp)
core   0: 3 0x800080ba (0x035187a3) mem 0x80011270 0xe4
core   0: 0x800080be (0xfd31ad83) lw      s11, -45(gp)
core   0: 3 0x800080be (0xfd31ad83) x27 0xcccdcecf mem 0x80011214
core   0: 0x800080c2 (0x1001cd83) lbu     s11, 256(gp)
core   0: 3 0x800080c2 (0x1001cd83) x27 0x000000fa mem 0x80011341
core   0: 0x800080c6 (0xff2f8b83) lb      s7, -14(t6)
core   0: 3 0x800080c6 (0xff2f8b83) x23 0xffffffe0 mem 0x8002102b
core   0: 0x800080ca (0x04e1c083) lbu     ra, 78(gp)
core   0: 3 0x800080ca (0x04e1c083) x 1 0x00000044 mem 0x8001128f
core   0: 0x800080ce (0x03c18e03) lb      t3, 60(gp)
core   0: 3 0x800080ce (0x03c18e03) x28 0x00000036 mem 0x8001127d
core   0: 0x800080d2 (0xff0fcc83) lbu     s9, -16(t6)
core   0: 3 0x800080d2 (0xff0fcc83) x25 0x000000e2 mem 0x80021029
core   0: 0x800080d6 (0xffffd103) lhu     sp, -1(t6)
core   0: 3 0x800080d6 (0xffffd103) x 2 0x0000f2f3 mem 0x80021038
core   0: 0x800080da (0x001f8623) sb      ra, 12(t6)
core   0: 3 0x800080da (0x001f8623) mem 0x80021045 0x44
core   0: 0x800080de (0x00ffa483) lw      s1, 15(t6)
core   0: 3 0x800080de (0x00ffa483) x 9 0x00010203 mem 0x80021048
core   0: 0x800080e2 (0x00009d17) auipc   s10, 0x9
core   0: 3 0x800080e2 (0x00009d17) x26 0x800110e2
core   0: 0x800080e6 (0x559d0d13) addi    s10, s10, 1369
core   0: 3 0x800080e6 (0x559d0d13) x26 0x8001163b
core   0: 0x800080ea (0x0000af17) auipc   t5, 0xa
core   0: 3 0x800080ea (0x0000af17) x30 0x800120ea
core   0: 0x800080ee (0x800f0f13) addi    t5, t5, -2048
core   0: 3 0x800080ee (0x800f0f13) x30 0x800118ea
core   0: 0x800080f2 (0xf1bf0c03) lb      s8, -229(t5)
core   0: 3 0x800080f2 (0xf1bf0c03) x24 0xffffffbe mem 0x80011805
core   0: 0x800080f6 (0x0000a117) auipc   sp, 0xa
core   0: 3 0x800080f6 (0x0000a117) x 2 0x800120f6
core   0: 0x800080fa (0xc0e10113) addi    sp, sp, -1010
core   0: 3 0x800080fa (0xc0e10113) x 2 0x80011d04
core   0: 0x800080fe (0x00009997) auipc   s3, 0x9
core   0: 3 0x800080fe (0x00009997) x19 0x800110fe
core   0: 0x80008102 (0x17c98993) addi    s3, s3, 380
core   0: 3 0x80008102 (0x17c98993) x19 0x8001127a
core   0: 0x80008106 (0xf3611503) lh      a0, -202(sp)
core   0: 3 0x80008106 (0xf3611503) x10 0x0000005e mem 0x80011c3a
core   0: 0x8000810a (0xfcb9ce03) lbu     t3, -53(s3)
core   0: 3 0x8000810a (0xfcb9ce03) x28 0x00000000 mem 0x80011245
core   0: 0x8000810e (0x0000d632) c.swsp  a2, 44(sp)
core   0: 3 0x8000810e (0xd632) mem 0x80011d30 0xffffffff
core   0: 0x80008110 (0x0e2981a3) sb      sp, 227(s3)
core   0: 3 0x80008110 (0x0e2981a3) mem 0x8001135d 0x4
core   0: 0x80008114 (0x08098483) lb      s1, 128(s3)
core   0: 3 0x80008114 (0x08098483) x 9 0xffffffb1 mem 0x800112fa
core   0: 0x80008118 (0xfe3f4503) lbu     a0, -29(t5)
core   0: 3 0x80008118 (0xfe3f4503) x10 0x00000086 mem 0x800118cd
core   0: 0x8000811c (0x650d16a3) sh      a6, 1613(s10)
core   0: 3 0x8000811c (0x650d16a3) mem 0x80011c88 0x0000
core   0: 0x80008120 (0x097f4c03) lbu     s8, 151(t5)
core   0: 3 0x80008120 (0x097f4c03) x24 0x0000003a mem 0x80011981
core   0: 0x80008124 (0xf56f4783) lbu     a5, -170(t5)
core   0: 3 0x80008124 (0xf56f4783) x15 0x000000fb mem 0x80011840
core   0: 0x80008128 (0x147d0c23) sb      t2, 344(s10)
core   0: 3 0x80008128 (0x147d0c23) mem 0x80011793 0x0
core   0: 0x8000812c (0xf6010b23) sb      zero, -138(sp)
core   0: 3 0x8000812c (0xf6010b23) mem 0x80011c7a 0x0
core   0: 0x80008130 (0x0819c903) lbu     s2, 129(s3)
core   0: 3 0x80008130 (0x0819c903) x18 0x000000b0 mem 0x800112fb
core   0: 0x80008134 (0xa7ad4583) lbu     a1, -1414(s10)
core   0: 3 0x80008134 (0xa7ad4583) x11 0x0000006e mem 0x800110b5
core   0: 0x80008138 (0xf84f0203) lb      tp, -124(t5)
core   0: 3 0x80008138 (0xf84f0203) x 4 0xffffffc4 mem 0x8001186e
core   0: 0x8000813c (0xfa1f0903) lb      s2, -95(t5)
core   0: 3 0x8000813c (0xfa1f0903) x18 0x00000040 mem 0x8001188b
core   0: 0x80008140 (0x0d011283) lh      t0, 208(sp)
core   0: 3 0x80008140 (0x0d011283) x 5 0xffff8e8f mem 0x80011dd4
core   0: 0x80008144 (0xf3c98fa3) sb      t3, -193(s3)
core   0: 3 0x80008144 (0xf3c98fa3) mem 0x800111b9 0x0
core   0: 0x80008148 (0xfd4f0603) lb      a2, -44(t5)
core   0: 3 0x80008148 (0xfd4f0603) x12 0x00000075 mem 0x800118be
core   0: 0x8000814c (0xacdd4c83) lbu     s9, -1331(s10)
core   0: 3 0x8000814c (0xacdd4c83) x25 0x000000c3 mem 0x80011108
core   0: 0x80008150 (0xf0098623) sb      zero, -244(s3)
core   0: 3 0x80008150 (0xf0098623) mem 0x80011186 0x0
core   0: 0x80008154 (0xad6d4283) lbu     t0, -1322(s10)
core   0: 3 0x80008154 (0xad6d4283) x 5 0x000000ca mem 0x80011111
core   0: 0x80008158 (0xf49f0f23) sb      s1, -162(t5)
core   0: 3 0x80008158 (0xf49f0f23) mem 0x80011848 0xb1
core   0: 0x8000815c (0x09c9d503) lhu     a0, 156(s3)
core   0: 3 0x8000815c (0x09c9d503) x10 0x0000cccd mem 0x80011316
core   0: 0x80008160 (0xf0ef0923) sb      a4, -238(t5)
core   0: 3 0x80008160 (0xf0ef0923) mem 0x800117fc 0x41
core   0: 0x80008164 (0x05314583) lbu     a1, 83(sp)
core   0: 3 0x80008164 (0x05314583) x11 0x000000ff mem 0x80011d57
core   0: 0x80008168 (0x00016117) auipc   sp, 0x16
core   0: 3 0x80008168 (0x00016117) x 2 0x8001e168
core   0: 0x8000816c (0x31910113) addi    sp, sp, 793
core   0: 3 0x8000816c (0x31910113) x 2 0x8001e481
core   0: 0x80008170 (0x7cd11303) lh      t1, 1997(sp)
core   0: 3 0x80008170 (0x7cd11303) x 6 0x00000405 mem 0x8001ec4e
core   0: 0x80008174 (0x53b14383) lbu     t2, 1339(sp)
core   0: 3 0x80008174 (0x53b14383) x 7 0x00000077 mem 0x8001e9bc
core   0: 0x80008178 (0x1b910903) lb      s2, 441(sp)
core   0: 3 0x80008178 (0x1b910903) x18 0xfffffff1 mem 0x8001e63a
core   0: 0x8000817c (0x8c714383) lbu     t2, -1849(sp)
core   0: 3 0x8000817c (0x8c714383) x 7 0x00000003 mem 0x8001dd48
core   0: 0x80008180 (0x6c311383) lh      t2, 1731(sp)
core   0: 3 0x80008180 (0x6c311383) x 7 0xfffffeff mem 0x8001eb44
core   0: 0x80008184 (0x15d14383) lbu     t2, 349(sp)
core   0: 3 0x80008184 (0x15d14383) x 7 0x00000095 mem 0x8001e5de
core   0: 0x80008188 (0x66b12ba3) sw      a1, 1655(sp)
core   0: 3 0x80008188 (0x66b12ba3) mem 0x8001eaf8 0x000000ff
core   0: 0x8000818c (0xf06111a3) sh      t1, -253(sp)
core   0: 3 0x8000818c (0xf06111a3) mem 0x8001e384 0x0405
core   0: 0x80008190 (0xb52125a3) sw      s2, -1205(sp)
core   0: 3 0x80008190 (0xb52125a3) mem 0x8001dfcc 0xfffffff1
core   0: 0x80008194 (0x4fc14503) lbu     a0, 1276(sp)
core   0: 3 0x80008194 (0x4fc14503) x10 0x00000036 mem 0x8001e97d
core   0: 0x80008198 (0x00008d49) c.or    a0, a0
core   0: 3 0x80008198 (0x8d49) x10 0x00000036
core   0: 0x8000819a (0xd32110a3) sh      s2, -735(sp)
core   0: 3 0x8000819a (0xd32110a3) mem 0x8001e1a2 0xfff1
core   0: 0x8000819e (0x0000597d) c.li    s2, -1
core   0: 3 0x8000819e (0x597d) x18 0xffffffff
core   0: 0x800081a0 (0x85315583) lhu     a1, -1965(sp)
core   0: 3 0x800081a0 (0x85315583) x11 0x00008e8f mem 0x8001dcd4
core   0: 0x800081a4 (0x03356333) rem     t1, a0, s3
core   0: 3 0x800081a4 (0x03356333) x 6 0x00000036
core   0: 0x800081a8 (0x64a38313) addi    t1, t2, 1610
core   0: 3 0x800081a8 (0x64a38313) x 6 0x000006df
core   0: 0x800081ac (0x00000001) c.nop
core   0: 3 0x800081ac (0x0001)
core   0: 0x800081ae (0x9a511583) lh      a1, -1627(sp)
core   0: 3 0x800081ae (0x9a511583) x11 0xffffdcdd mem 0x8001de26
core   0: 0x800081b2 (0x9f69a513) slti    a0, s3, -1546
core   0: 3 0x800081b2 (0x9f69a513) x10 0x00000001
core   0: 0x800081b6 (0xb1a54913) xori    s2, a0, -1254
core   0: 3 0x800081b6 (0xb1a54913) x18 0xfffffb1b
core   0: 0x800081ba (0x8f210c23) sb      s2, -1800(sp)
core   0: 3 0x800081ba (0x8f210c23) mem 0x8001dd79 0x1b
core   0: 0x800081be (0xd2a10f23) sb      a0, -706(sp)
core   0: 3 0x800081be (0xd2a10f23) mem 0x8001e1bf 0x1
core   0: 0x800081c2 (0x7e7119a3) sh      t2, 2035(sp)
core   0: 3 0x800081c2 (0x7e7119a3) mem 0x8001ec74 0x0095
core   0: 0x800081c6 (0xeaf5e313) ori     t1, a1, -337
core   0: 3 0x800081c6 (0xeaf5e313) x 6 0xfffffeff
core   0: 0x800081ca (0xcae14503) lbu     a0, -850(sp)
core   0: 3 0x800081ca (0xcae14503) x10 0x000000e4 mem 0x8001e12f
core   0: 0x800081ce (0x40a983b3) sub     t2, s3, a0
core   0: 3 0x800081ce (0x40a983b3) x 7 0x80011196
core   0: 0x800081d2 (0xb4715383) lhu     t2, -1209(sp)
core   0: 3 0x800081d2 (0xb4715383) x 7 0x00008283 mem 0x8001dfc8
core   0: 0x800081d6 (0x19410503) lb      a0, 404(sp)
core   0: 3 0x800081d6 (0x19410503) x10 0xffffffce mem 0x8001e615
core   0: 0x800081da (0xdc115983) lhu     s3, -575(sp)
core   0: 3 0x800081da (0xdc115983) x19 0x0000f8f9 mem 0x8001e242
core   0: 0x800081de (0x00008d0d) c.sub   a0, a1
core   0: 3 0x800081de (0x8d0d) x10 0x000022f1
core   0: 0x800081e0 (0x33111503) lh      a0, 817(sp)
core   0: 3 0x800081e0 (0x33111503) x10 0x00006869 mem 0x8001e7b2
core   0: 0x800081e4 (0x7b014583) lbu     a1, 1968(sp)
core   0: 3 0x800081e4 (0x7b014583) x11 0x000000ea mem 0x8001ec31
core   0: 0x800081e8 (0x02a5b533) mulhu   a0, a1, a0
core   0: 3 0x800081e8 (0x02a5b533) x10 0x00000000
core   0: 0x800081ec (0x00008929) c.andi  a0, 10
core   0: 3 0x800081ec (0x8929) x10 0x00000000
core   0: 0x800081ee (0x00008d29) c.xor   a0, a0
core   0: 3 0x800081ee (0x8d29) x10 0x00000000
core   0: 0x800081f0 (0x00004349) c.li    t1, 18
core   0: 3 0x800081f0 (0x4349) x 6 0x00000012
core   0: 0x800081f2 (0xf92127a3) sw      s2, -113(sp)
core   0: 3 0x800081f2 (0xf92127a3) mem 0x8001e410 0xfffffb1b
core   0: 0x800081f6 (0x014000ef) jal     pc + 0x14
core   0: 3 0x800081f6 (0x014000ef) x 1 0x800081fa
core   0: 0x8000820a (0x00002829) c.jal   pc + 26
core   0: 3 0x8000820a (0x2829) x 1 0x8000820c
core   0: 0x80008224 (0x0000b7f5) c.j     pc - 20
core   0: 3 0x80008224 (0xb7f5)
core   0: 0x80008210 (0x0000bfc5) c.j     pc - 16
core   0: 3 0x80008210 (0xbfc5)
core   0: 0x80008200 (0x0000a805) c.j     pc + 48
core   0: 3 0x80008200 (0xa805)
core   0: 0x80008230 (0xff3ff0ef) jal     pc - 0xe
core   0: 3 0x80008230 (0xff3ff0ef) x 1 0x80008234
core   0: 0x80008222 (0x0000bfc5) c.j     pc - 16
core   0: 3 0x80008222 (0xbfc5)
core   0: 0x80008212 (0x0000a019) c.j     pc + 6
core   0: 3 0x80008212 (0xa019)
core   0: 0x80008218 (0x000037fd) c.jal   pc - 18
core   0: 3 0x80008218 (0x37fd) x 1 0x8000821a
core   0: 0x80008206 (0x020000ef) jal     pc + 0x20
core   0: 3 0x80008206 (0x020000ef) x 1 0x8000820a
core   0: 0x80008226 (0xfd5ff0ef) jal     pc - 0x2c
core   0: 3 0x80008226 (0xfd5ff0ef) x 1 0x8000822a
core   0: 0x800081fa (0x00002005) c.jal   pc + 32
core   0: 3 0x800081fa (0x2005) x 1 0x800081fc
core   0: 0x8000821a (0x0100056f) jal     a0, pc + 0x10
core   0: 3 0x8000821a (0x0100056f) x10 0x8000821e
core   0: 0x8000822a (0xfe3ff0ef) jal     pc - 0x1e
core   0: 3 0x8000822a (0xfe3ff0ef) x 1 0x8000822e
core   0: 0x8000820c (0xff9ff0ef) jal     pc - 0x8
core   0: 3 0x8000820c (0xff9ff0ef) x 1 0x80008210
core   0: 0x80008204 (0x0000a829) c.j     pc + 26
core   0: 3 0x80008204 (0xa829)
core   0: 0x8000821e (0x0100016f) jal     sp, pc + 0x10
core   0: 3 0x8000821e (0x0100016f) x 2 0x80008222
core   0: 0x8000822e (0x000037dd) c.jal   pc - 26
core   0: 3 0x8000822e (0x37dd) x 1 0x80008230
core   0: 0x80008214 (0xfe9ff0ef) jal     pc - 0x18
core   0: 3 0x80008214 (0xfe9ff0ef) x 1 0x80008218
core   0: 0x800081fc (0x006000ef) jal     pc + 0x6
core   0: 3 0x800081fc (0x006000ef) x 1 0x80008200
core   0: 0x80008202 (0x0000a80d) c.j     pc + 50
core   0: 3 0x80008202 (0xa80d)
core   0: 0x80008234 (0x018c3733) sltu    a4, s8, s8
core   0: 3 0x80008234 (0x018c3733) x14 0x00000000
core   0: 0x80008238 (0x0000be97) auipc   t4, 0xb
core   0: 3 0x80008238 (0x0000be97) x29 0x80013238
core   0: 0x8000823c (0x963e8e93) addi    t4, t4, -1693
core   0: 3 0x8000823c (0x963e8e93) x29 0x80012b9b
core   0: 0x80008240 (0x0000a097) auipc   ra, 0xa
core   0: 3 0x80008240 (0x0000a097) x 1 0x80012240
core   0: 0x80008244 (0x94b08093) addi    ra, ra, -1717
core   0: 3 0x80008244 (0x94b08093) x 1 0x80011b8b
core   0: 0x80008248 (0x0820c903) lbu     s2, 130(ra)
core   0: 3 0x80008248 (0x0820c903) x18 0x000000c6 mem 0x80011c0d
core   0: 0x8000824c (0xc17edf03) lhu     t5, -1001(t4)
core   0: 3 0x8000824c (0xc17edf03) x30 0x00006869 mem 0x800127b2
core   0: 0x80008250 (0x051097a3) sh      a7, 79(ra)
core   0: 3 0x80008250 (0x051097a3) mem 0x80011bda 0x6e58
core   0: 0x80008254 (0x01f08703) lb      a4, 31(ra)
core   0: 3 0x80008254 (0x01f08703) x14 0x00000061 mem 0x80011baa
core   0: 0x80008258 (0x9fdec183) lbu     gp, -1539(t4)
core   0: 3 0x80008258 (0x9fdec183) x 3 0x00000053 mem 0x80012598
core   0: 0x8000825c (0xf7e084a3) sb      t5, -151(ra)
core   0: 3 0x8000825c (0xf7e084a3) mem 0x80011af4 0x69
core   0: 0x80008260 (0x013e8483) lb      s1, 19(t4)
core   0: 3 0x80008260 (0x013e8483) x 9 0x00000065 mem 0x80012bae
core   0: 0x80008264 (0x431ed603) lhu     a2, 1073(t4)
core   0: 3 0x80008264 (0x431ed603) x12 0x00008687 mem 0x80012fcc
core   0: 0x80008268 (0x7cee8423) sb      a4, 1992(t4)
core   0: 3 0x80008268 (0x7cee8423) mem 0x80013363 0x61
core   0: 0x8000826c (0x0fd0a983) lw      s3, 253(ra)
core   0: 3 0x8000826c (0x0fd0a983) x19 0x40410000 mem 0x80011c88
core   0: 0x80008270 (0x167e8723) sb      t2, 366(t4)
core   0: 3 0x80008270 (0x167e8723) mem 0x80012d09 0x83
core   0: 0x80008274 (0x00016517) auipc   a0, 0x16
core   0: 3 0x80008274 (0x00016517) x10 0x8001e274
core   0: 0x80008278 (0xdab50513) addi    a0, a0, -597
core   0: 3 0x80008278 (0xdab50513) x10 0x8001e01f
core   0: 0x8000827c (0xf3050ba3) sb      a6, -201(a0)
core   0: 3 0x8000827c (0xf3050ba3) mem 0x8001df56 0x0
core   0: 0x80008280 (0x000064ad) c.lui   s1, 0xb
core   0: 3 0x80008280 (0x64ad) x 9 0x0000b000
core   0: 0x80008282 (0xfc854183) lbu     gp, -56(a0)
core   0: 3 0x80008282 (0xfc854183) x 3 0x0000009c mem 0x8001dfe7
core   0: 0x80008286 (0x0000066d) c.addi  a2, 27
core   0: 3 0x80008286 (0x066d) x12 0x000086a2
core   0: 0x80008288 (0x09f50a23) sb      t6, 148(a0)
core   0: 3 0x80008288 (0x09f50a23) mem 0x8001e0b3 0x39
core   0: 0x8000828c (0x09e50483) lb      s1, 158(a0)
core   0: 3 0x8000828c (0x09e50483) x 9 0x00000076 mem 0x8001e0bd
core   0: 0x80008290 (0x0c050e83) lb      t4, 192(a0)
core   0: 3 0x80008290 (0x0c050e83) x29 0xffffff94 mem 0x8001e0df
core   0: 0x80008294 (0xf78512a3) sh      s8, -155(a0)
core   0: 3 0x80008294 (0xf78512a3) mem 0x8001df84 0x003a
core   0: 0x80008298 (0xf5d51a03) lh      s4, -163(a0)
core   0: 3 0x80008298 (0xf5d51a03) x20 0x00003637 mem 0x8001df7c
core   0: 0x8000829c (0x0eb55f83) lhu     t6, 235(a0)
core   0: 3 0x8000829c (0x0eb55f83) x31 0x0000c0c1 mem 0x8001e10a
core   0: 0x800082a0 (0x00000001) c.nop
core   0: 3 0x800082a0 (0x0001)
core   0: 0x800082a2 (0x08450c23) sb      tp, 152(a0)
core   0: 3 0x800082a2 (0x08450c23) mem 0x8001e0b7 0xc4
core   0: 0x800082a6 (0x00000a10) c.addi4spn a2, sp, 272
core   0: 3 0x800082a6 (0x0a10) x12 0x80008332
core   0: 0x800082a8 (0x01354483) lbu     s1, 19(a0)
core   0: 3 0x800082a8 (0x01354483) x 9 0x000000e9 mem 0x8001e032
core   0: 0x800082ac (0x02a51da3) sh      a0, 59(a0)
core   0: 3 0x800082ac (0x02a51da3) mem 0x8001e05a 0xe01f
core   0: 0x800082b0 (0x005162b3) or      t0, sp, t0
core   0: 3 0x800082b0 (0x005162b3) x 5 0x800082ea
core   0: 0x800082b4 (0xf4b51f03) lh      t5, -181(a0)
core   0: 3 0x800082b4 (0xf4b51f03) x30 0x00002021 mem 0x8001df6a
core   0: 0x800082b8 (0x854d7413) andi    s0, s10, -1964
core   0: 3 0x800082b8 (0x854d7413) x 8 0x80011010
core   0: 0x800082bc (0xfee50ba3) sb      a4, -9(a0)
core   0: 3 0x800082bc (0xfee50ba3) mem 0x8001e016 0x61
core   0: 0x800082c0 (0xf2252ea3) sw      sp, -195(a0)
core   0: 3 0x800082c0 (0xf2252ea3) mem 0x8001df5c 0x80008222
core   0: 0x800082c4 (0x07554483) lbu     s1, 117(a0)
core   0: 3 0x800082c4 (0x07554483) x 9 0x0000004f mem 0x8001e094
core   0: 0x800082c8 (0x002e9093) slli    ra, t4, 2
core   0: 3 0x800082c8 (0x002e9093) x 1 0xfffffe50
core   0: 0x800082cc (0x34d6e913) ori     s2, a3, 845
core   0: 3 0x800082cc (0x34d6e913) x18 0xfc094f7d
core   0: 0x800082d0 (0x00008fbd) c.xor   a5, a5
core   0: 3 0x800082d0 (0x8fbd) x15 0x00000000
core   0: 0x800082d2 (0xf9f51583) lh      a1, -97(a0)
core   0: 3 0x800082d2 (0xf9f51583) x11 0x00007475 mem 0x8001dfbe
core   0: 0x800082d6 (0x000080a5) c.srli  s1, 9
core   0: 3 0x800082d6 (0x80a5) x 9 0x00000000
core   0: 0x800082d8 (0x01a16233) or      tp, sp, s10
core   0: 3 0x800082d8 (0x01a16233) x 4 0x8001963b
core   0: 0x800082dc (0x07e50003) lb      zero, 126(a0)
core   0: 3 0x800082dc (0x07e50003) mem 0x8001e09d
core   0: 0x800082e0 (0x0000919a) c.add   gp, t1
core   0: 3 0x800082e0 (0x919a) x 3 0x000000ae
core   0: 0x800082e2 (0x00ea6433) or      s0, s4, a4
core   0: 3 0x800082e2 (0x00ea6433) x 8 0x00003677
core   0: 0x800082e6 (0x0ad50d23) sb      a3, 186(a0)
core   0: 3 0x800082e6 (0x0ad50d23) mem 0x8001e0d9 0x38
core   0: 0x800082ea (0x0ee50623) sb      a4, 236(a0)
core   0: 3 0x800082ea (0x0ee50623) mem 0x8001e10b 0x61
core   0: 0x800082ee (0xf2554f83) lbu     t6, -219(a0)
core   0: 3 0x800082ee (0xf2554f83) x31 0x000000ff mem 0x8001df44
core   0: 0x800082f2 (0x0e1517a3) sh      ra, 239(a0)
core   0: 3 0x800082f2 (0x0e1517a3) mem 0x8001e10e 0xfe50
core   0: 0x800082f6 (0x02c39333) mulh    t1, t2, a2
core   0: 3 0x800082f6 (0x02c39333) x 6 0xffffbebe
core   0: 0x800082fa (0x02b54803) lbu     a6, 43(a0)
core   0: 3 0x800082fa (0x02b54803) x16 0x00000001 mem 0x8001e04a
core   0: 0x800082fe (0xf4550e23) sb      t0, -164(a0)
core   0: 3 0x800082fe (0xf4550e23) mem 0x8001df7b 0xea
core   0: 0x80008302 (0x00008732) c.mv    a4, a2
core   0: 3 0x80008302 (0x8732) x14 0x80008332
core   0: 0x80008304 (0xf9054603) lbu     a2, -112(a0)
core   0: 3 0x80008304 (0xf9054603) x12 0x00000064 mem 0x8001dfaf
core   0: 0x80008308 (0x02b0a933) mulhsu  s2, ra, a1
core   0: 3 0x80008308 (0x02b0a933) x18 0xffffffff
core   0: 0x8000830c (0x01850d03) lb      s10, 24(a0)
core   0: 3 0x8000830c (0x01850d03) x26 0xffffffec mem 0x8001e037
core   0: 0x80008310 (0x01dac633) xor     a2, s5, t4
core   0: 3 0x80008310 (0x01dac633) x12 0x7ffd5370
core   0: 0x80008314 (0xfa354203) lbu     tp, -93(a0)
core   0: 3 0x80008314 (0xfa354203) x 4 0x00000079 mem 0x8001dfc2
core   0: 0x80008318 (0x0c554c83) lbu     s9, 197(a0)
core   0: 3 0x80008318 (0x0c554c83) x25 0x0000009f mem 0x8001e0e4
core   0: 0x8000831c (0xf02501a3) sb      sp, -253(a0)
core   0: 3 0x8000831c (0xf02501a3) mem 0x8001df22 0x22
core   0: 0x80008320 (0xa8fc4593) xori    a1, s8, -1393
core   0: 3 0x80008320 (0xa8fc4593) x11 0xfffffab5
core   0: 0x80008324 (0x000087b5) c.srai  a5, 13
core   0: 3 0x80008324 (0x87b5) x15 0x00000000
core   0: 0x80008326 (0x038394b3) mulh    s1, t2, s8
core   0: 3 0x80008326 (0x038394b3) x 9 0x00000000
core   0: 0x8000832a (0x00008d95) c.sub   a1, a3
core   0: 3 0x8000832a (0x8d95) x11 0x03f6ae7d
core   0: 0x8000832c (0x02af2c33) mulhsu  s8, t5, a0
core   0: 3 0x8000832c (0x02af2c33) x24 0x00001010
core   0: 0x80008330 (0x07454a03) lbu     s4, 116(a0)
core   0: 3 0x80008330 (0x07454a03) x20 0x00000048 mem 0x8001e093
core   0: 0x80008334 (0x004000ef) jal     pc + 0x4
core   0: 3 0x80008334 (0x004000ef) x 1 0x80008338
core   0: 0x80008338 (0x0000a809) c.j     pc + 18
core   0: 3 0x80008338 (0xa809)
core   0: 0x8000834a (0x0000bfed) c.j     pc - 6
core   0: 3 0x8000834a (0xbfed)
core   0: 0x80008344 (0x0000a839) c.j     pc + 30
core   0: 3 0x80008344 (0xa839)
core   0: 0x80008362 (0x0000b7fd) c.j     pc - 18
core   0: 3 0x80008362 (0xb7fd)
core   0: 0x80008350 (0x020000ef) jal     pc + 0x20
core   0: 3 0x80008350 (0x020000ef) x 1 0x80008354
core   0: 0x80008370 (0x00003ff1) c.jal   pc - 36
core   0: 3 0x80008370 (0x3ff1) x 1 0x80008372
core   0: 0x8000834c (0xfefff1ef) jal     gp, pc - 0x12
core   0: 3 0x8000834c (0xfefff1ef) x 3 0x80008350
core   0: 0x8000833a (0x0000202d) c.jal   pc + 42
core   0: 3 0x8000833a (0x202d) x 1 0x8000833c
core   0: 0x80008364 (0x000037cd) c.jal   pc - 30
core   0: 3 0x80008364 (0x37cd) x 1 0x80008366
core   0: 0x80008346 (0x01200eef) jal     t4, pc + 0x12
core   0: 3 0x80008346 (0x01200eef) x29 0x8000834a
core   0: 0x80008358 (0x00002015) c.jal   pc + 36
core   0: 3 0x80008358 (0x2015) x 1 0x8000835a
core   0: 0x8000837c (0x00003ff9) c.jal   pc - 34
core   0: 3 0x8000837c (0x3ff9) x 1 0x8000837e
core   0: 0x8000835a (0x0000a009) c.j     pc + 2
core   0: 3 0x8000835a (0xa009)
core   0: 0x8000835c (0x0100036f) jal     t1, pc + 0x10
core   0: 3 0x8000835c (0x0100036f) x 6 0x80008360
core   0: 0x8000836c (0x00002029) c.jal   pc + 10
core   0: 3 0x8000836c (0x2029) x 1 0x8000836e
core   0: 0x80008376 (0x0000a021) c.j     pc + 8
core   0: 3 0x80008376 (0xa021)
core   0: 0x8000837e (0xfedff36f) jal     t1, pc - 0x14
core   0: 3 0x8000837e (0xfedff36f) x 6 0x80008382
core   0: 0x8000836a (0x0000bfe1) c.j     pc - 40
core   0: 3 0x8000836a (0xbfe1)
core   0: 0x80008342 (0x0000a80d) c.j     pc + 50
core   0: 3 0x80008342 (0xa80d)
core   0: 0x80008374 (0x000037e9) c.jal   pc - 54
core   0: 3 0x80008374 (0x37e9) x 1 0x80008376
core   0: 0x8000833e (0x028000ef) jal     pc + 0x28
core   0: 3 0x8000833e (0x028000ef) x 1 0x80008342
core   0: 0x80008366 (0x0000a809) c.j     pc + 18
core   0: 3 0x80008366 (0xa809)
core   0: 0x80008378 (0x00003fed) c.jal   pc - 6
core   0: 3 0x80008378 (0x3fed) x 1 0x8000837a
core   0: 0x80008372 (0x00002021) c.jal   pc + 8
core   0: 3 0x80008372 (0x2021) x 1 0x80008374
core   0: 0x8000837a (0x00003fe9) c.jal   pc - 38
core   0: 3 0x8000837a (0x3fe9) x 1 0x8000837c
core   0: 0x80008354 (0x01a000ef) jal     pc + 0x1a
core   0: 3 0x80008354 (0x01a000ef) x 1 0x80008358
core   0: 0x8000836e (0x000037f9) c.jal   pc - 50
core   0: 3 0x8000836e (0x37f9) x 1 0x80008370
core   0: 0x8000833c (0x0000a015) c.j     pc + 36
core   0: 3 0x8000833c (0xa015)
core   0: 0x80008360 (0x0000a021) c.j     pc + 8
core   0: 3 0x80008360 (0xa021)
core   0: 0x80008368 (0x00002829) c.jal   pc + 26
core   0: 3 0x80008368 (0x2829) x 1 0x8000836a
core   0: 0x80008382 (0x00651db3) sll     s11, a0, t1
core   0: 3 0x80008382 (0x00651db3) x27 0x0007807c
core   0: 0x80008386 (0x00379233) sll     tp, a5, gp
core   0: 3 0x80008386 (0x00379233) x 4 0x00000000
core   0: 0x8000838a (0x000002fe) c.slli  t0, 31
core   0: 3 0x8000838a (0x02fe) x 5 0x00000000
core   0: 0x8000838c (0x00008fcd) c.or    a5, a1
core   0: 3 0x8000838c (0x8fcd) x15 0x03f6ae7d
core   0: 0x8000838e (0x01249c33) sll     s8, s1, s2
core   0: 3 0x8000838e (0x01249c33) x24 0x00000000
core   0: 0x80008392 (0x00008715) c.srai  a4, 5
core   0: 3 0x80008392 (0x8715) x14 0xfc000419
core   0: 0x80008394 (0x01e0b7b3) sltu    a5, ra, t5
core   0: 3 0x80008394 (0x01e0b7b3) x15 0x00000000
core   0: 0x80008398 (0x2fb992b7) lui     t0, 0x2fb99
core   0: 3 0x80008398 (0x2fb992b7) x 5 0x2fb99000
core   0: 0x8000839c (0x000a1a63) bnez    s4, pc + 20
core   0: 3 0x8000839c (0x000a1a63)
core   0: 0x800083b0 (0x00000001) c.nop
core   0: 3 0x800083b0 (0x0001)
core   0: 0x800083b2 (0x010a0db3) add     s11, s4, a6
core   0: 3 0x800083b2 (0x010a0db3) x27 0x00000049
core   0: 0x800083b6 (0x03dda7b3) mulhsu  a5, s11, t4
core   0: 3 0x800083b6 (0x03dda7b3) x15 0x00000024
core   0: 0x800083ba (0x0ff0000f) fence   iorw,iorw
core   0: 3 0x800083ba (0x0ff0000f)
core   0: 0x800083be (0x7deea937) lui     s2, 0x7deea
core   0: 3 0x800083be (0x7deea937) x18 0x7deea000
core   0: 0x800083c2 (0x00f782b3) add     t0, a5, a5
core   0: 3 0x800083c2 (0x00f782b3) x 5 0x00000048
core   0: 0x800083c6 (0x01d12d33) slt     s10, sp, t4
core   0: 3 0x800083c6 (0x01d12d33) x26 0x00000001
core   0: 0x800083ca (0x00001c04) c.addi4spn s1, sp, 560
core   0: 3 0x800083ca (0x1c04) x 9 0x80008452
core   0: 0x800083cc (0x0166df63) bge     a3, s6, pc + 30
core   0: 3 0x800083cc (0x0166df63)
core   0: 0x800083d0 (0x56f0a093) slti    ra, ra, 1391
core   0: 3 0x800083d0 (0x56f0a093) x 1 0x00000001
core   0: 0x800083d4 (0x00008e25) c.xor   a2, s1
core   0: 3 0x800083d4 (0x8e25) x12 0xfffdd722
core   0: 0x800083d6 (0x0000cc05) c.beqz  s0, pc + 56
core   0: 3 0x800083d6 (0xcc05)
core   0: 0x800083d8 (0x00009c1e) c.add   s8, t2
core   0: 3 0x800083d8 (0x9c1e) x24 0x00008283
core   0: 0x800083da (0x00000900) c.addi4spn s0, sp, 144
core   0: 3 0x800083da (0x0900) x 8 0x800082b2
core   0: 0x800083dc (0x00630033) add     zero, t1, t1
core   0: 3 0x800083dc (0x00630033)
core   0: 0x800083e0 (0x00008bf5) c.andi  a5, 29
core   0: 3 0x800083e0 (0x8bf5) x15 0x00000004
core   0: 0x800083e2 (0x00008586) c.mv    a1, ra
core   0: 3 0x800083e2 (0x8586) x11 0x00000001
core   0: 0x800083e4 (0x03f8cd63) blt     a7, t6, pc + 58
core   0: 3 0x800083e4 (0x03f8cd63)
core   0: 0x8000841e (0x87de8d93) addi    s11, t4, -1923
core   0: 3 0x8000841e (0x87de8d93) x27 0x80007bc7
core   0: 0x80008422 (0x01ee1493) slli    s1, t3, 30
core   0: 3 0x80008422 (0x01ee1493) x 9 0x00000000
core   0: 0x80008426 (0x02f897b3) mulh    a5, a7, a5
core   0: 3 0x80008426 (0x02f897b3) x15 0xfffffffe
core   0: 0x8000842a (0x00006109) c.addi16sp sp, 128
core   0: 3 0x8000842a (0x6109) x 2 0x800082a2
core   0: 0x8000842c (0x035c2733) mulhsu  a4, s8, s5
core   0: 3 0x8000842c (0x035c2733) x14 0x00004142
core   0: 0x80008430 (0x000081b1) c.srli  a1, 12
core   0: 3 0x80008430 (0x81b1) x11 0x00000000
core   0: 0x80008432 (0x00006eb5) c.lui   t4, 0xd
core   0: 3 0x80008432 (0x6eb5) x29 0x0000d000
core   0: 0x80008434 (0x00008085) c.srli  s1, 1
core   0: 3 0x80008434 (0x8085) x 9 0x00000000
core   0: 0x80008436 (0x40b20bb3) sub     s7, tp, a1
core   0: 3 0x80008436 (0x40b20bb3) x23 0x00000000
core   0: 0x8000843a (0x02d4f063) bgeu    s1, a3, pc + 32
core   0: 3 0x8000843a (0x02d4f063)
core   0: 0x8000843e (0x00392eb3) slt     t4, s2, gp
core   0: 3 0x8000843e (0x00392eb3) x29 0x00000000
core   0: 0x80008442 (0x01ee6a63) bltu    t3, t5, pc + 20
core   0: 3 0x80008442 (0x01ee6a63)
core   0: 0x80008456 (0x01b2a933) slt     s2, t0, s11
core   0: 3 0x80008456 (0x01b2a933) x18 0x00000000
core   0: 0x8000845a (0x0000537d) c.li    t1, -1
core   0: 3 0x8000845a (0x537d) x 6 0xffffffff
core   0: 0x8000845c (0xe8da2213) slti    tp, s4, -371
core   0: 3 0x8000845c (0xe8da2213) x 4 0x00000000
core   0: 0x80008460 (0x0000e389) c.bnez  a5, pc + 2
core   0: 3 0x80008460 (0xe389)
core   0: 0x80008462 (0x00008fed) c.and   a5, a1
core   0: 3 0x80008462 (0x8fed) x15 0x00000000
core   0: 0x80008464 (0x00000001) c.nop
core   0: 3 0x80008464 (0x0001)
core   0: 0x80008466 (0x006ff4b3) and     s1, t6, t1
core   0: 3 0x80008466 (0x006ff4b3) x 9 0x000000ff
core   0: 0x8000846a (0x0285b533) mulhu   a0, a1, s0
core   0: 3 0x8000846a (0x0285b533) x10 0x00000000
core   0: 0x8000846e (0x0000587d) c.li    a6, -1
core   0: 3 0x8000846e (0x587d) x16 0xffffffff
core   0: 0x80008470 (0xe1335637) lui     a2, 0xe1335
core   0: 3 0x80008470 (0xe1335637) x12 0xe1335000
core   0: 0x80008474 (0x0102d193) srli    gp, t0, 16
core   0: 3 0x80008474 (0x0102d193) x 3 0x00000000
core   0: 0x80008478 (0x00008e2d) c.xor   a2, a1
core   0: 3 0x80008478 (0x8e2d) x12 0xe1335000
core   0: 0x8000847a (0x00000001) c.nop
core   0: 3 0x8000847a (0x0001)
core   0: 0x8000847c (0x006c6863) bltu    s8, t1, pc + 16
core   0: 3 0x8000847c (0x006c6863)
core   0: 0x8000848c (0x01ae5e93) srli    t4, t3, 26
core   0: 3 0x8000848c (0x01ae5e93) x29 0x00000000
core   0: 0x80008490 (0x028d0c63) beq     s10, s0, pc + 56
core   0: 3 0x80008490 (0x028d0c63)
core   0: 0x80008494 (0x00b0b233) sltu    tp, ra, a1
core   0: 3 0x80008494 (0x00b0b233) x 4 0x00000000
core   0: 0x80008498 (0x03bb6bb3) rem     s7, s6, s11
core   0: 3 0x80008498 (0x03bb6bb3) x23 0x000000d2
core   0: 0x8000849c (0x000003ee) c.slli  t2, 27
core   0: 3 0x8000849c (0x03ee) x 7 0x18000000
core   0: 0x8000849e (0x8f773f17) auipc   t5, 0x8f773
core   0: 3 0x8000849e (0x8f773f17) x30 0x0f77b49e
core   0: 0x800084a2 (0x85f9bb93) sltiu   s7, s3, -1953
core   0: 3 0x800084a2 (0x85f9bb93) x23 0x00000001
core   0: 0x800084a6 (0x02b51a63) bne     a0, a1, pc + 52
core   0: 3 0x800084a6 (0x02b51a63)
core   0: 0x800084aa (0x004b2233) slt     tp, s6, tp
core   0: 3 0x800084aa (0x004b2233) x 4 0x00000000
core   0: 0x800084ae (0x617882b7) lui     t0, 0x61788
core   0: 3 0x800084ae (0x617882b7) x 5 0x61788000
core   0: 0x800084b2 (0x037b0b33) mul     s6, s6, s7
core   0: 3 0x800084b2 (0x037b0b33) x22 0x000000d2
core   0: 0x800084b6 (0x004d5763) bge     s10, tp, pc + 14
core   0: 3 0x800084b6 (0x004d5763)
core   0: 0x800084c4 (0x0000e485) c.bnez  s1, pc + 40
core   0: 3 0x800084c4 (0xe485)
core   0: 0x800084ec (0x0055d663) bge     a1, t0, pc + 12
core   0: 3 0x800084ec (0x0055d663)
core   0: 0x800084f0 (0x41c55933) sra     s2, a0, t3
core   0: 3 0x800084f0 (0x41c55933) x18 0x00000000
core   0: 0x800084f4 (0x03c59d63) bne     a1, t3, pc + 58
core   0: 3 0x800084f4 (0x03c59d63)
core   0: 0x800084f8 (0x415f5313) srai    t1, t5, 21
core   0: 3 0x800084f8 (0x415f5313) x 6 0x0000007b
core   0: 0x800084fc (0x02085cb3) divu    s9, a6, zero
core   0: 3 0x800084fc (0x02085cb3) x25 0xffffffff
core   0: 0x80008500 (0x02201733) mulh    a4, zero, sp
core   0: 3 0x80008500 (0x02201733) x14 0x00000000
core   0: 0x80008504 (0x73672b13) slti    s6, a4, 1846
core   0: 3 0x80008504 (0x73672b13) x22 0x00000001
core   0: 0x80008508 (0x41b65d33) sra     s10, a2, s11
core   0: 3 0x80008508 (0x41b65d33) x26 0xffc266a0
core   0: 0x8000850c (0x010c1f33) sll     t5, s8, a6
core   0: 3 0x8000850c (0x010c1f33) x30 0x80000000
core   0: 0x80008510 (0x022ca9b3) mulhsu  s3, s9, sp
core   0: 3 0x80008510 (0x022ca9b3) x19 0xffffffff
core   0: 0x80008514 (0x865ac313) xori    t1, s5, -1947
core   0: 3 0x80008514 (0x865ac313) x 6 0x7ffd5481
core   0: 0x80008518 (0x00000cf2) c.slli  s9, 28
core   0: 3 0x80008518 (0x0cf2) x25 0xf0000000
core   0: 0x8000851a (0x01a24e63) blt     tp, s10, pc + 28
core   0: 3 0x8000851a (0x01a24e63)
core   0: 0x8000851e (0x03a4e563) bltu    s1, s10, pc + 42
core   0: 3 0x8000851e (0x03a4e563)
core   0: 0x80008548 (0x629d0213) addi    tp, s10, 1577
core   0: 3 0x80008548 (0x629d0213) x 4 0xffc26cc9
core   0: 0x8000854c (0x41c48e33) sub     t3, s1, t3
core   0: 3 0x8000854c (0x41c48e33) x28 0x000000ff
core   0: 0x80008550 (0x0203c033) div     zero, t2, zero
core   0: 3 0x80008550 (0x0203c033)
core   0: 0x80008554 (0x00000001) c.nop
core   0: 3 0x80008554 (0x0001)
core   0: 0x80008556 (0x01c84933) xor     s2, a6, t3
core   0: 3 0x80008556 (0x01c84933) x18 0xffffff00
core   0: 0x8000855a (0x038070b3) remu    ra, zero, s8
core   0: 3 0x8000855a (0x038070b3) x 1 0x00000000
core   0: 0x8000855e (0x00000001) c.nop
core   0: 3 0x8000855e (0x0001)
core   0: 0x80008560 (0x0000100f) fence.i
core   0: 3 0x80008560 (0x0000100f)
core   0: 0x80008564 (0x03d89b33) mulh    s6, a7, t4
core   0: 3 0x80008564 (0x03d89b33) x22 0x00000000
core   0: 0x80008568 (0x023cd533) divu    a0, s9, gp
core   0: 3 0x80008568 (0x023cd533) x10 0xffffffff
core   0: 0x8000856c (0x0000717d) c.addi16sp sp, -16
core   0: 3 0x8000856c (0x717d) x 2 0x80008292
core   0: 0x8000856e (0x0000c515) c.beqz  a0, pc + 44
core   0: 3 0x8000856e (0xc515)
core   0: 0x80008570 (0x000088b5) c.andi  s1, 13
core   0: 3 0x80008570 (0x88b5) x 9 0x0000000d
core   0: 0x80008572 (0xd4fc7c93) andi    s9, s8, -689
core   0: 3 0x80008572 (0xd4fc7c93) x25 0x00008003
core   0: 0x80008576 (0x01dfd863) bge     t6, t4, pc + 16
core   0: 3 0x80008576 (0x01dfd863)
core   0: 0x80008586 (0x00008e0e) c.mv    t3, gp
core   0: 3 0x80008586 (0x8e0e) x28 0x00000000
core   0: 0x80008588 (0x0000ed01) c.bnez  a0, pc + 24
core   0: 3 0x80008588 (0xed01)
core   0: 0x800085a0 (0x7e229e97) auipc   t4, 0x7e229
core   0: 3 0x800085a0 (0x7e229e97) x29 0xfe2315a0
core   0: 0x800085a4 (0x00008d91) c.sub   a1, a2
core   0: 3 0x800085a4 (0x8d91) x11 0x1eccb000
core   0: 0x800085a6 (0x00008e01) c.sub   a2, s0
core   0: 3 0x800085a6 (0x8e01) x12 0x6132cd4e
core   0: 0x800085a8 (0xacff0717) auipc   a4, 0xacff0
core   0: 3 0x800085a8 (0xacff0717) x14 0x2cff85a8
core   0: 0x800085ac (0x03b600b3) mul     ra, a2, s11
core   0: 3 0x800085ac (0x03b600b3) x 1 0xf72211a2
core   0: 0x800085b0 (0x00008cd1) c.or    s1, a2
core   0: 3 0x800085b0 (0x8cd1) x 9 0x6132cd4f
core   0: 0x800085b2 (0x000084e1) c.srai  s1, 24
core   0: 3 0x800085b2 (0x84e1) x 9 0x00000061
core   0: 0x800085b4 (0x0ff0000f) fence   iorw,iorw
core   0: 3 0x800085b4 (0x0ff0000f)
core   0: 0x800085b8 (0x000081d5) c.srli  a1, 21
core   0: 3 0x800085b8 (0x81d5) x11 0x000000f6
core   0: 0x800085ba (0x00add4b3) srl     s1, s11, a0
core   0: 3 0x800085ba (0x00add4b3) x 9 0x00000001
core   0: 0x800085be (0x03327133) remu    sp, tp, s3
core   0: 3 0x800085be (0x03327133) x 2 0xffc26cc9
core   0: 0x800085c2 (0x025a3a33) mulhu   s4, s4, t0
core   0: 3 0x800085c2 (0x025a3a33) x20 0x0000001b
core   0: 0x800085c6 (0x00008959) c.andi  a0, 22
core   0: 3 0x800085c6 (0x8959) x10 0x00000016
core   0: 0x800085c8 (0x00008c01) c.sub   s0, s0
core   0: 3 0x800085c8 (0x8c01) x 8 0x00000000
core   0: 0x800085ca (0x0ff0000f) fence   iorw,iorw
core   0: 3 0x800085ca (0x0ff0000f)
core   0: 0x800085ce (0x006fb1b3) sltu    gp, t6, t1
core   0: 3 0x800085ce (0x006fb1b3) x 3 0x00000001
core   0: 0x800085d2 (0x03ad9c33) mulh    s8, s11, s10
core   0: 3 0x800085d2 (0x03ad9c33) x24 0x001ecc92
core   0: 0x800085d6 (0x014afdb3) and     s11, s5, s4
core   0: 3 0x800085d6 (0x014afdb3) x27 0x00000000
core   0: 0x800085da (0x01883fb3) sltu    t6, a6, s8
core   0: 3 0x800085da (0x01883fb3) x31 0x00000000
core   0: 0x800085de (0x000084e9) c.srai  s1, 26
core   0: 3 0x800085de (0x84e9) x 9 0x00000000
core   0: 0x800085e0 (0x00fe57b3) srl     a5, t3, a5
core   0: 3 0x800085e0 (0x00fe57b3) x15 0x00000000
core   0: 0x800085e4 (0x0029c633) xor     a2, s3, sp
core   0: 3 0x800085e4 (0x0029c633) x12 0x003d9336
core   0: 0x800085e8 (0x039a0eb3) mul     t4, s4, s9
core   0: 3 0x800085e8 (0x039a0eb3) x29 0x000d8051
core   0: 0x800085ec (0x58592613) slti    a2, s2, 1413
core   0: 3 0x800085ec (0x58592613) x12 0x00000001
core   0: 0x800085f0 (0x0ff0000f) fence   iorw,iorw
core   0: 3 0x800085f0 (0x0ff0000f)
core   0: 0x800085f4 (0x02d82933) mulhsu  s2, a6, a3
core   0: 3 0x800085f4 (0x02d82933) x18 0xffffffff
core   0: 0x800085f8 (0xd6962113) slti    sp, a2, -663
core   0: 3 0x800085f8 (0xd6962113) x 2 0x00000000
core   0: 0x800085fc (0x01ad7db3) and     s11, s10, s10
core   0: 3 0x800085fc (0x01ad7db3) x27 0xffc266a0
core   0: 0x80008600 (0x0279ee33) rem     t3, s3, t2
core   0: 3 0x80008600 (0x0279ee33) x28 0xffffffff
core   0: 0x80008604 (0x0049f2b3) and     t0, s3, tp
core   0: 3 0x80008604 (0x0049f2b3) x 5 0xffc26cc9
core   0: 0x80008608 (0x010574b3) and     s1, a0, a6
core   0: 3 0x80008608 (0x010574b3) x 9 0x00000016
core   0: 0x8000860c (0x01231513) slli    a0, t1, 18
core   0: 3 0x8000860c (0x01231513) x10 0x52040000
core   0: 0x80008610 (0x00415613) srli    a2, sp, 4
core   0: 3 0x80008610 (0x00415613) x12 0x00000000
core   0: 0x80008614 (0x00000001) c.nop
core   0: 3 0x80008614 (0x0001)
core   0: 0x80008616 (0x3544b913) sltiu   s2, s1, 852
core   0: 3 0x80008616 (0x3544b913) x18 0x00000001
core   0: 0x8000861a (0x03d409b3) mul     s3, s0, t4
core   0: 3 0x8000861a (0x03d409b3) x19 0x00000000
core   0: 0x8000861e (0x03f452b3) divu    t0, s0, t6
core   0: 3 0x8000861e (0x03f452b3) x 5 0xffffffff
core   0: 0x80008622 (0x0ff0000f) fence   iorw,iorw
core   0: 3 0x80008622 (0x0ff0000f)
core   0: 0x80008626 (0x00d35613) srli    a2, t1, 13
core   0: 3 0x80008626 (0x00d35613) x12 0x0003ffea
core   0: 0x8000862a (0x00000001) c.nop
core   0: 3 0x8000862a (0x0001)
core   0: 0x8000862c (0x00789a33) sll     s4, a7, t2
core   0: 3 0x8000862c (0x00789a33) x20 0x80026e58
core   0: 0x80008630 (0x00008cbd) c.xor   s1, a5
core   0: 3 0x80008630 (0x8cbd) x 9 0x00000016
core   0: 0x80008632 (0x000083b6) c.mv    t2, a3
core   0: 3 0x80008632 (0x83b6) x 7 0xfc094c38
core   0: 0x80008634 (0x0137a333) slt     t1, a5, s3
core   0: 3 0x80008634 (0x0137a333) x 6 0x00000000
core   0: 0x80008638 (0x0000080d) c.addi  a6, 3
core   0: 3 0x80008638 (0x080d) x16 0x00000002
core   0: 0x8000863a (0x01d5c9b3) xor     s3, a1, t4
core   0: 3 0x8000863a (0x01d5c9b3) x19 0x000d80a7
core   0: 0x8000863e (0x00008415) c.srai  s0, 5
core   0: 3 0x8000863e (0x8415) x 8 0x00000000
core   0: 0x80008640 (0xb46b8b13) addi    s6, s7, -1210
core   0: 3 0x80008640 (0xb46b8b13) x22 0xfffffb47
core   0: 0x80008644 (0x02e2b0b3) mulhu   ra, t0, a4
core   0: 3 0x80008644 (0x02e2b0b3) x 1 0x2cff85a7
core   0: 0x80008648 (0x0373cf63) blt     t2, s7, pc + 62
core   0: 3 0x80008648 (0x0373cf63)
core   0: 0x80008686 (0x00009b7d) c.andi  a4, -1
core   0: 3 0x80008686 (0x9b7d) x14 0x2cff85a8
core   0: 0x80008688 (0x03ceea63) bltu    t4, t3, pc + 52
core   0: 3 0x80008688 (0x03ceea63)
core   0: 0x800086bc (0x030f3233) mulhu   tp, t5, a6
core   0: 3 0x800086bc (0x030f3233) x 4 0x00000001
core   0: 0x800086c0 (0x00006241) c.lui   tp, 0x10
core   0: 3 0x800086c0 (0x6241) x 4 0x00010000
core   0: 0x800086c2 (0x00009a7d) c.andi  a2, -1
core   0: 3 0x800086c2 (0x9a7d) x12 0x0003ffea
core   0: 0x800086c4 (0x00006cb1) c.lui   s9, 0xc
core   0: 3 0x800086c4 (0x6cb1) x25 0x0000c000
core   0: 0x800086c6 (0x00008be9) c.andi  a5, 26
core   0: 3 0x800086c6 (0x8be9) x15 0x00000000
core   0: 0x800086c8 (0x01ad2333) slt     t1, s10, s10
core   0: 3 0x800086c8 (0x01ad2333) x 6 0x00000000
core   0: 0x800086cc (0xade54813) xori    a6, a0, -1314
core   0: 3 0x800086cc (0xade54813) x16 0xadfbfade
core   0: 0x800086d0 (0x00b6f4b3) and     s1, a3, a1
core   0: 3 0x800086d0 (0x00b6f4b3) x 9 0x00000030
core   0: 0x800086d4 (0x01052033) slt     zero, a0, a6
core   0: 3 0x800086d4 (0x01052033)
core   0: 0x800086d8 (0xb70c3613) sltiu   a2, s8, -1168
core   0: 3 0x800086d8 (0xb70c3613) x12 0x00000001
core   0: 0x800086dc (0x3c8ac537) lui     a0, 0x3c8ac
core   0: 3 0x800086dc (0x3c8ac537) x10 0x3c8ac000
core   0: 0x800086e0 (0x0fe0f163) bgeu    ra, t5, pc + 226
core   0: 3 0x800086e0 (0x0fe0f163)
core   0: 0x800086e4 (0x00005a7d) c.li    s4, -1
core   0: 3 0x800086e4 (0x5a7d) x20 0xffffffff
core   0: 0x800086e6 (0x414c57b3) sra     a5, s8, s4
core   0: 3 0x800086e6 (0x414c57b3) x15 0x00000000
core   0: 0x800086ea (0x00017117) auipc   sp, 0x17
core   0: 3 0x800086ea (0x00017117) x 2 0x8001f6ea
core   0: 0x800086ee (0xfa010113) addi    sp, sp, -96
core   0: 3 0x800086ee (0xfa010113) x 2 0x8001f68a
core   0: 0x800086f2 (0xffe11e03) lh      t3, -2(sp)
core   0: 3 0x800086f2 (0xffe11e03) x28 0x00004243 mem 0x8001f688
core   0: 0x800086f6 (0x017c1db3) sll     s11, s8, s7
core   0: 3 0x800086f6 (0x017c1db3) x27 0x003d9924
core   0: 0x800086fa (0xfc010ba3) sb      zero, -41(sp)
core   0: 3 0x800086fa (0xfc010ba3) mem 0x8001f661 0x0
core   0: 0x800086fe (0x00008c79) c.and   s0, a4
core   0: 3 0x800086fe (0x8c79) x 8 0x00000000
core   0: 0x80008700 (0x000057fd) c.li    a5, -1
core   0: 3 0x80008700 (0x57fd) x15 0xffffffff
core   0: 0x80008702 (0xfed10583) lb      a1, -19(sp)
core   0: 3 0x80008702 (0xfed10583) x11 0x0000002c mem 0x8001f677
core   0: 0x80008706 (0xfe214983) lbu     s3, -30(sp)
core   0: 3 0x80008706 (0xfe214983) x19 0x00000027 mem 0x8001f66c
core   0: 0x8000870a (0x01510983) lb      s3, 21(sp)
core   0: 3 0x8000870a (0x01510983) x19 0x00000054 mem 0x8001f69f
core   0: 0x8000870e (0xffe14903) lbu     s2, -2(sp)
core   0: 3 0x8000870e (0xffe14903) x18 0x00000043 mem 0x8001f688
core   0: 0x80008712 (0x0000097e) c.slli  s2, 31
core   0: 3 0x80008712 (0x097e) x18 0x80000000
core   0: 0x80008714 (0x40278833) sub     a6, a5, sp
core   0: 3 0x80008714 (0x40278833) x16 0x7ffe0975
core   0: 0x80008718 (0x000005ca) c.slli  a1, 18
core   0: 3 0x80008718 (0x05ca) x11 0x00b00000
core   0: 0x8000871a (0xfdc10aa3) sb      t3, -43(sp)
core   0: 3 0x8000871a (0xfdc10aa3) mem 0x8001f65f 0x43
core   0: 0x8000871e (0x03f10d23) sb      t6, 58(sp)
core   0: 3 0x8000871e (0x03f10d23) mem 0x8001f6c4 0x0
core   0: 0x80008722 (0x00000001) c.nop
core   0: 3 0x80008722 (0x0001)
core   0: 0x80008724 (0x02582cb3) mulhsu  s9, a6, t0
core   0: 3 0x80008724 (0x02582cb3) x25 0x7ffe0974
core   0: 0x80008728 (0x02519eb3) mulh    t4, gp, t0
core   0: 3 0x80008728 (0x02519eb3) x29 0xffffffff
core   0: 0x8000872c (0x04410023) sb      tp, 64(sp)
core   0: 3 0x8000872c (0x04410023) mem 0x8001f6ca 0x0
core   0: 0x80008730 (0x01e10f83) lb      t6, 30(sp)
core   0: 3 0x80008730 (0x01e10f83) x31 0x00000063 mem 0x8001f6a8
core   0: 0x80008734 (0x03d10523) sb      t4, 42(sp)
core   0: 3 0x80008734 (0x03d10523) mem 0x8001f6b4 0xff
core   0: 0x80008738 (0x00000001) c.nop
core   0: 3 0x80008738 (0x0001)
core   0: 0x8000873a (0xfd210203) lb      tp, -46(sp)
core   0: 3 0x8000873a (0xfd210203) x 4 0x00000017 mem 0x8001f65c
core   0: 0x8000873e (0x00009b7d) c.andi  a4, -1
core   0: 3 0x8000873e (0x9b7d) x14 0x2cff85a8
core   0: 0x80008740 (0x410f59b3) sra     s3, t5, a6
core   0: 3 0x80008740 (0x410f59b3) x19 0xfffffc00
core   0: 0x80008744 (0x00008cb1) c.xor   s1, a2
core   0: 3 0x80008744 (0x8cb1) x 9 0x00000031
core   0: 0x80008746 (0xff710483) lb      s1, -9(sp)
core   0: 3 0x80008746 (0xff710483) x 9 0x0000003a mem 0x8001f681
core   0: 0x8000874a (0x41f60a33) sub     s4, a2, t6
core   0: 3 0x8000874a (0x41f60a33) x20 0xffffff9e
core   0: 0x8000874e (0x01310a23) sb      s3, 20(sp)
core   0: 3 0x8000874e (0x01310a23) mem 0x8001f69e 0x0
core   0: 0x80008752 (0x03510d83) lb      s11, 53(sp)
core   0: 3 0x80008752 (0x03510d83) x27 0x00000074 mem 0x8001f6bf
core   0: 0x80008756 (0xfe114d03) lbu     s10, -31(sp)
core   0: 3 0x80008756 (0xfe114d03) x26 0x00000020 mem 0x8001f66b
core   0: 0x8000875a (0x019107a3) sb      s9, 15(sp)
core   0: 3 0x8000875a (0x019107a3) mem 0x8001f699 0x74
core   0: 0x8000875e (0x0000084d) c.addi  a6, 19
core   0: 3 0x8000875e (0x084d) x16 0x7ffe0988
core   0: 0x80008760 (0x0000100f) fence.i
core   0: 3 0x80008760 (0x0000100f)
core   0: 0x80008764 (0x005ed093) srli    ra, t4, 5
core   0: 3 0x80008764 (0x005ed093) x 1 0x07ffffff
core   0: 0x80008768 (0x00d101a3) sb      a3, 3(sp)
core   0: 3 0x80008768 (0x00d101a3) mem 0x8001f68d 0x38
core   0: 0x8000876c (0x03c11403) lh      s0, 60(sp)
core   0: 3 0x8000876c (0x03c11403) x 8 0x00007c7d mem 0x8001f6c6
core   0: 0x80008770 (0x00009676) c.add   a2, t4
core   0: 3 0x80008770 (0x9676) x12 0x00000000
core   0: 0x80008772 (0x00000001) c.nop
core   0: 3 0x80008772 (0x0001)
core   0: 0x80008774 (0xfea10ba3) sb      a0, -9(sp)
core   0: 3 0x80008774 (0xfea10ba3) mem 0x8001f681 0x0
core   0: 0x80008778 (0x01e15183) lhu     gp, 30(sp)
core   0: 3 0x80008778 (0x01e15183) x 3 0x00006263 mem 0x8001f6a8
core   0: 0x8000877c (0x7a4e3e93) sltiu   t4, t3, 1956
core   0: 3 0x8000877c (0x7a4e3e93) x29 0x00000000
core   0: 0x80008780 (0x000095a2) c.add   a1, s0
core   0: 3 0x80008780 (0x95a2) x11 0x00b07c7d
core   0: 0x80008782 (0x0ff0000f) fence   iorw,iorw
core   0: 3 0x80008782 (0x0ff0000f)
core   0: 0x80008786 (0x01911c23) sh      s9, 24(sp)
core   0: 3 0x80008786 (0x01911c23) mem 0x8001f6a2 0x0974
core   0: 0x8000878a (0x0000931a) c.add   t1, t1
core   0: 3 0x8000878a (0x931a) x 6 0x00000000
core   0: 0x8000878c (0xff611283) lh      t0, -10(sp)
core   0: 3 0x8000878c (0xff611283) x 5 0x0000003b mem 0x8001f680
core   0: 0x80008790 (0x00008c15) c.sub   s0, a3
core   0: 3 0x80008790 (0x8c15) x 8 0x03f73045
core   0: 0x80008792 (0x02a101a3) sb      a0, 35(sp)
core   0: 3 0x80008792 (0x02a101a3) mem 0x8001f6ad 0x0
core   0: 0x80008796 (0x00008f95) c.sub   a5, a3
core   0: 3 0x80008796 (0x8f95) x15 0x03f6b3c7
core   0: 0x80008798 (0x01010b23) sb      a6, 22(sp)
core   0: 3 0x80008798 (0x01010b23) mem 0x8001f6a0 0x88
core   0: 0x8000879c (0x00008625) c.srai  a2, 9
core   0: 3 0x8000879c (0x8625) x12 0x00000000
core   0: 0x8000879e (0x03611403) lh      s0, 54(sp)
core   0: 3 0x8000879e (0x03611403) x 8 0x00007a7b mem 0x8001f6c0
core   0: 0x800087a2 (0x03415783) lhu     a5, 52(sp)
core   0: 3 0x800087a2 (0x03415783) x15 0x00007475 mem 0x8001f6be
core   0: 0x800087a6 (0xfdc15783) lhu     a5, -36(sp)
core   0: 3 0x800087a6 (0xfdc15783) x15 0x00001c1d mem 0x8001f666
core   0: 0x800087aa (0x4abc2817) auipc   a6, 0x4abc2
core   0: 3 0x800087aa (0x4abc2817) x16 0xcabca7aa
core   0: 0x800087ae (0x01c237b3) sltu    a5, tp, t3
core   0: 3 0x800087ae (0x01c237b3) x15 0x00000001
core   0: 0x800087b2 (0x00008f2d) c.xor   a4, a1
core   0: 3 0x800087b2 (0x8f2d) x14 0x2c4ff9d5
core   0: 0x800087b4 (0xfde11003) lh      zero, -34(sp)
core   0: 3 0x800087b4 (0xfde11003) mem 0x8001f668
core   0: 0x800087b8 (0x03611283) lh      t0, 54(sp)
core   0: 3 0x800087b8 (0x03611283) x 5 0x00007a7b mem 0x8001f6c0
core   0: 0x800087bc (0x00000001) c.nop
core   0: 3 0x800087bc (0x0001)
core   0: 0x800087be (0x0e28c263) blt     a7, sp, pc + 228
core   0: 3 0x800087be (0x0e28c263)
core   0: 0x800087c2 (0x00008d09) c.sub   a0, a0
core   0: 3 0x800087c2 (0x8d09) x10 0x00000000
core   0: 0x800087c4 (0x41dd0fb3) sub     t6, s10, t4
core   0: 3 0x800087c4 (0x41dd0fb3) x31 0x00000020
core   0: 0x800087c8 (0x41830c33) sub     s8, t1, s8
core   0: 3 0x800087c8 (0x41830c33) x24 0xffe1336e
core   0: 0x800087cc (0x1544cc13) xori    s8, s1, 340
core   0: 3 0x800087cc (0x1544cc13) x24 0x0000016e
core   0: 0x800087d0 (0x943aff93) andi    t6, s5, -1725
core   0: 3 0x800087d0 (0x943aff93) x31 0x8002a840
core   0: 0x800087d4 (0x00000800) c.addi4spn s0, sp, 16
core   0: 3 0x800087d4 (0x0800) x 8 0x8001f69a
core   0: 0x800087d6 (0x26237c93) andi    s9, t1, 610
core   0: 3 0x800087d6 (0x26237c93) x25 0x00000000
core   0: 0x800087da (0x6d528d13) addi    s10, t0, 1749
core   0: 3 0x800087da (0x6d528d13) x26 0x00008150
core   0: 0x800087de (0x01e511b3) sll     gp, a0, t5
core   0: 3 0x800087de (0x01e511b3) x 3 0x00000000
core   0: 0x800087e2 (0x022afcb3) remu    s9, s5, sp
core   0: 3 0x800087e2 (0x022afcb3) x25 0x0000b65a
core   0: 0x800087e6 (0x0ff0000f) fence   iorw,iorw
core   0: 3 0x800087e6 (0x0ff0000f)
core   0: 0x800087ea (0xa02d6393) ori     t2, s10, -1534
core   0: 3 0x800087ea (0xa02d6393) x 7 0xfffffb52
core   0: 0x800087ee (0x017ae833) or      a6, s5, s7
core   0: 3 0x800087ee (0x017ae833) x16 0x8002ace5
core   0: 0x800087f2 (0x00009f97) auipc   t6, 0x9
core   0: 3 0x800087f2 (0x00009f97) x31 0x800117f2
core   0: 0x800087f6 (0x36ef8f93) addi    t6, t6, 878
core   0: 3 0x800087f6 (0x36ef8f93) x31 0x80011b60
core   0: 0x800087fa (0x00009297) auipc   t0, 0x9
core   0: 3 0x800087fa (0x00009297) x 5 0x800117fa
core   0: 0x800087fe (0xaeb28293) addi    t0, t0, -1301
core   0: 3 0x800087fe (0xaeb28293) x 5 0x800112e5
core   0: 0x80008802 (0x00009c17) auipc   s8, 0x9
core   0: 3 0x80008802 (0x00009c17) x24 0x80011802
core   0: 0x80008806 (0x89dc0c13) addi    s8, s8, -1891
core   0: 3 0x80008806 (0x89dc0c13) x24 0x8001109f
core   0: 0x8000880a (0x00009d97) auipc   s11, 0x9
core   0: 3 0x8000880a (0x00009d97) x27 0x8001180a
core   0: 0x8000880e (0x845d8d93) addi    s11, s11, -1979
core   0: 3 0x8000880e (0x845d8d93) x27 0x8001104f
core   0: 0x80008812 (0x013d8223) sb      s3, 4(s11)
core   0: 3 0x80008812 (0x013d8223) mem 0x80011053 0x0
core   0: 0x80008816 (0x147c18a3) sh      t2, 337(s8)
core   0: 3 0x80008816 (0x147c18a3) mem 0x800111f0 0xfb52
core   0: 0x8000881a (0x0ffd8483) lb      s1, 255(s11)
core   0: 3 0x8000881a (0x0ffd8483) x 9 0x00000005 mem 0x8001114e
core   0: 0x8000881e (0xff929c83) lh      s9, -7(t0)
core   0: 3 0x8000881e (0xff929c83) x25 0xffff9495 mem 0x800112de
core   0: 0x80008822 (0x0aed8983) lb      s3, 174(s11)
core   0: 3 0x80008822 (0x0aed8983) x19 0xffffffb6 mem 0x800110fd
core   0: 0x80008826 (0x0012cd03) lbu     s10, 1(t0)
core   0: 3 0x80008826 (0x0012cd03) x26 0x0000009d mem 0x800112e6
core   0: 0x8000882a (0x017f8723) sb      s7, 14(t6)
core   0: 3 0x8000882a (0x017f8723) mem 0x80011b6e 0x1
core   0: 0x8000882e (0x0f7ddf03) lhu     t5, 247(s11)
core   0: 3 0x8000882e (0x0f7ddf03) x30 0x0000fcfd mem 0x80011146
core   0: 0x80008832 (0x016c1da3) sh      s6, 27(s8)
core   0: 3 0x80008832 (0x016c1da3) mem 0x800110ba 0xfb47
core   0: 0x80008836 (0x130c4483) lbu     s1, 304(s8)
core   0: 3 0x80008836 (0x130c4483) x 9 0x00000084 mem 0x800111cf
core   0: 0x8000883a (0x01ff8423) sb      t6, 8(t6)
core   0: 3 0x8000883a (0x01ff8423) mem 0x80011b68 0x60
core   0: 0x8000883e (0x166c4803) lbu     a6, 358(s8)
core   0: 3 0x8000883e (0x166c4803) x16 0x000000be mem 0x80011205
core   0: 0x80008842 (0xffa28383) lb      t2, -6(t0)
core   0: 3 0x80008842 (0xffa28383) x 7 0xffffff94 mem 0x800112df
core   0: 0x80008846 (0x02bc4203) lbu     tp, 43(s8)
core   0: 3 0x80008846 (0x02bc4203) x 4 0x00000081 mem 0x800110ca
core   0: 0x8000884a (0xff8fcd03) lbu     s10, -8(t6)
core   0: 3 0x8000884a (0xff8fcd03) x26 0x00000013 mem 0x80011b58
core   0: 0x8000884e (0x033daca3) sw      s3, 57(s11)
core   0: 3 0x8000884e (0x033daca3) mem 0x80011088 0xffffffb6
core   0: 0x80008852 (0x038c0003) lb      zero, 56(s8)
core   0: 3 0x80008852 (0x038c0003) mem 0x800110d7
core   0: 0x80008856 (0x007f8583) lb      a1, 7(t6)
core   0: 3 0x80008856 (0x007f8583) x11 0x0000001c mem 0x80011b67
core   0: 0x8000885a (0xfff28a23) sb      t6, -12(t0)
core   0: 3 0x8000885a (0xfff28a23) mem 0x800112d9 0x60
core   0: 0x8000885e (0xff928fa3) sb      s9, -1(t0)
core   0: 3 0x8000885e (0xff928fa3) mem 0x800112e4 0x95
core   0: 0x80008862 (0xfeff9b23) sh      a5, -10(t6)
core   0: 3 0x80008862 (0xfeff9b23) mem 0x80011b56 0x0001
core   0: 0x80008866 (0x093dde83) lhu     t4, 147(s11)
core   0: 3 0x80008866 (0x093dde83) x29 0x00002899 mem 0x800110e2
core   0: 0x8000886a (0x0bddc383) lbu     t2, 189(s11)
core   0: 3 0x8000886a (0x0bddc383) x 7 0x000000c7 mem 0x8001110c
core   0: 0x8000886e (0x0e9d97a3) sh      s1, 239(s11)
core   0: 3 0x8000886e (0x0e9d97a3) mem 0x8001113e 0x0084
core   0: 0x80008872 (0xff228e03) lb      t3, -14(t0)
core   0: 3 0x80008872 (0xff228e03) x28 0xffffff8c mem 0x800112d7
core   0: 0x80008876 (0x08dd8083) lb      ra, 141(s11)
core   0: 3 0x80008876 (0x08dd8083) x 1 0xffffff97 mem 0x800110dc
core   0: 0x8000887a (0xffbfcd03) lbu     s10, -5(t6)
core   0: 3 0x8000887a (0xffbfcd03) x26 0x00000010 mem 0x80011b5b
core   0: 0x8000887e (0x426c03a3) sb      t1, 1063(s8)
core   0: 3 0x8000887e (0x426c03a3) mem 0x800114c6 0x0
core   0: 0x80008882 (0xffff9d23) sh      t6, -6(t6)
core   0: 3 0x80008882 (0xffff9d23) mem 0x80011b5a 0x1b60
core   0: 0x80008886 (0x670c0d03) lb      s10, 1648(s8)
core   0: 3 0x80008886 (0x670c0d03) x26 0xffffffc4 mem 0x8001170f
core   0: 0x8000888a (0x000f9c83) lh      s9, 0(t6)
core   0: 3 0x8000888a (0x000f9c83) x25 0x00001a1b mem 0x80011b60
core   0: 0x8000888e (0x010fdb03) lhu     s6, 16(t6)
core   0: 3 0x8000888e (0x010fdb03) x22 0x00002a2b mem 0x80011b70
core   0: 0x80008892 (0x0a1dd383) lhu     t2, 161(s11)
core   0: 3 0x80008892 (0x0a1dd383) x 7 0x0000aaab mem 0x800110f0
core   0: 0x80008896 (0xff5f8ca3) sb      s5, -7(t6)
core   0: 3 0x80008896 (0xff5f8ca3) mem 0x80011b59 0xe4
core   0: 0x8000889a (0x7c4c0203) lb      tp, 1988(s8)
core   0: 3 0x8000889a (0x7c4c0203) x 4 0x00000008 mem 0x80011863
core   0: 0x8000889e (0x4d7c0083) lb      ra, 1239(s8)
core   0: 3 0x8000889e (0x4d7c0083) x 1 0x0000002d mem 0x80011576
core   0: 0x800088a2 (0x01775e63) bge     a4, s7, pc + 28
core   0: 3 0x800088a2 (0x01775e63)
core   0: 0x800088be (0x0000909a) c.add   ra, t1
core   0: 3 0x800088be (0x909a) x 1 0x0000002d
core   0: 0x800088c0 (0x030f4f63) blt     t5, a6, pc + 62
core   0: 3 0x800088c0 (0x030f4f63)
core   0: 0x800088c4 (0x400e0033) sub     zero, t3, zero
core   0: 3 0x800088c4 (0x400e0033)
core   0: 0x800088c8 (0x031bbb33) mulhu   s6, s7, a7
core   0: 3 0x800088c8 (0x031bbb33) x22 0x00000000
core   0: 0x800088cc (0x007152b3) srl     t0, sp, t2
core   0: 3 0x800088cc (0x007152b3) x 5 0x0010003e
core   0: 0x800088d0 (0x00008f19) c.sub   a4, a4
core   0: 3 0x800088d0 (0x8f19) x14 0x00000000
core   0: 0x800088d2 (0x0000577d) c.li    a4, -1
core   0: 3 0x800088d2 (0x577d) x14 0xffffffff
core   0: 0x800088d4 (0x0ff0000f) fence   iorw,iorw
core   0: 3 0x800088d4 (0x0ff0000f)
core   0: 0x800088d8 (0xa84f2597) auipc   a1, 0xa84f2
core   0: 3 0x800088d8 (0xa84f2597) x11 0x284fa8d8
core   0: 0x800088dc (0x22eb6813) ori     a6, s6, 558
core   0: 3 0x800088dc (0x22eb6813) x16 0x0000022e
core   0: 0x800088e0 (0x41d68833) sub     a6, a3, t4
core   0: 3 0x800088e0 (0x41d68833) x16 0xfc09239f
core   0: 0x800088e4 (0x0144ff33) and     t5, s1, s4
core   0: 3 0x800088e4 (0x0144ff33) x30 0x00000084
core   0: 0x800088e8 (0x01186b33) or      s6, a6, a7
core   0: 3 0x800088e8 (0x01186b33) x22 0xfc0b6fdf
core   0: 0x800088ec (0x00000001) c.nop
core   0: 3 0x800088ec (0x0001)
core   0: 0x800088ee (0x03cef4b3) remu    s1, t4, t3
core   0: 3 0x800088ee (0x03cef4b3) x 9 0x00002899
core   0: 0x800088f2 (0x000003ba) c.slli  t2, 14
core   0: 3 0x800088f2 (0x03ba) x 7 0x2aaac000
core   0: 0x800088f4 (0x00008ff9) c.and   a5, a4
core   0: 3 0x800088f4 (0x8ff9) x15 0x00000001
core   0: 0x800088f6 (0x0000c019) c.beqz  s0, pc + 6
core   0: 3 0x800088f6 (0xc019)
core   0: 0x800088f8 (0x90576613) ori     a2, a4, -1787
core   0: 3 0x800088f8 (0x90576613) x12 0xffffffff
core   0: 0x800088fc (0x0000128c) c.addi4spn a1, sp, 352
core   0: 3 0x800088fc (0x128c) x11 0x8001f7ea
core   0: 0x800088fe (0x02d17533) remu    a0, sp, a3
core   0: 3 0x800088fe (0x02d17533) x10 0x8001f68a
core   0: 0x80008902 (0x0ae40e13) addi    t3, s0, 174
core   0: 3 0x80008902 (0x0ae40e13) x28 0x8001f748
core   0: 0x80008906 (0x024bce33) div     t3, s7, tp
core   0: 3 0x80008906 (0x024bce33) x28 0x00000000
core   0: 0x8000890a (0x00008d05) c.sub   a0, s1
core   0: 3 0x8000890a (0x8d05) x10 0x8001cdf1
core   0: 0x8000890c (0x00f173b3) and     t2, sp, a5
core   0: 3 0x8000890c (0x00f173b3) x 7 0x00000000
core   0: 0x80008910 (0x02f3eeb3) rem     t4, t2, a5
core   0: 3 0x80008910 (0x02f3eeb3) x29 0x00000000
core   0: 0x80008914 (0x00000001) c.nop
core   0: 3 0x80008914 (0x0001)
core   0: 0x80008916 (0x0000187d) c.addi  a6, -1
core   0: 3 0x80008916 (0x187d) x16 0xfc09239e
core   0: 0x80008918 (0x41075333) sra     t1, a4, a6
core   0: 3 0x80008918 (0x41075333) x 6 0xffffffff
core   0: 0x8000891c (0x0000850d) c.srai  a0, 3
core   0: 3 0x8000891c (0x850d) x10 0xf00039be
core   0: 0x8000891e (0x03464eb3) div     t4, a2, s4
core   0: 3 0x8000891e (0x03464eb3) x29 0x00000000
core   0: 0x80008922 (0x00008df5) c.and   a1, a3
core   0: 3 0x80008922 (0x8df5) x11 0x80014428
core   0: 0x80008924 (0x026673b3) remu    t2, a2, t1
core   0: 3 0x80008924 (0x026673b3) x 7 0x00000000
core   0: 0x80008928 (0x002c4d33) xor     s10, s8, sp
core   0: 3 0x80008928 (0x002c4d33) x26 0x0000e615
core   0: 0x8000892c (0x00008cd5) c.or    s1, a3
core   0: 3 0x8000892c (0x8cd5) x 9 0xfc096cb9
core   0: 0x8000892e (0x00000001) c.nop
core   0: 3 0x8000892e (0x0001)
core   0: 0x80008930 (0x00008422) c.mv    s0, s0
core   0: 3 0x80008930 (0x8422) x 8 0x8001f69a
core   0: 0x80008932 (0x419e8eb3) sub     t4, t4, s9
core   0: 3 0x80008932 (0x419e8eb3) x29 0xffffe5e5
core   0: 0x80008936 (0x00000655) c.addi  a2, 21
core   0: 3 0x80008936 (0x0655) x12 0x00000014
core   0: 0x80008938 (0x01b25d33) srl     s10, tp, s11
core   0: 3 0x80008938 (0x01b25d33) x26 0x00000000
core   0: 0x8000893c (0x00000001) c.nop
core   0: 3 0x8000893c (0x0001)
core   0: 0x8000893e (0x000004e6) c.slli  s1, 25
core   0: 3 0x8000893e (0x04e6) x 9 0x72000000
core   0: 0x80008940 (0x00006dad) c.lui   s11, 0xb
core   0: 3 0x80008940 (0x6dad) x27 0x0000b000
core   0: 0x80008942 (0x00d97563) bgeu    s2, a3, pc + 10
core   0: 3 0x80008942 (0x00d97563)
core   0: 0x80008946 (0x00008f99) c.sub   a5, a4
core   0: 3 0x80008946 (0x8f99) x15 0x00000002
core   0: 0x80008948 (0x00000001) c.nop
core   0: 3 0x80008948 (0x0001)
core   0: 0x8000894a (0x00004425) c.li    s0, 9
core   0: 3 0x8000894a (0x4425) x 8 0x00000009
core   0: 0x8000894c (0x02348363) beq     s1, gp, pc + 38
core   0: 3 0x8000894c (0x02348363)
core   0: 0x80008950 (0x02280a33) mul     s4, a6, sp
core   0: 3 0x80008950 (0x02280a33) x20 0xc8c5072c
core   0: 0x80008954 (0x00008fc5) c.or    a5, s1
core   0: 3 0x80008954 (0x8fc5) x15 0x72000002
core   0: 0x80008956 (0x3ff9ab13) slti    s6, s3, 1023
core   0: 3 0x80008956 (0x3ff9ab13) x22 0x00000001
core   0: 0x8000895a (0x00000001) c.nop
core   0: 3 0x8000895a (0x0001)
core   0: 0x8000895c (0x009cbf33) sltu    t5, s9, s1
core   0: 3 0x8000895c (0x009cbf33) x30 0x00000001
core   0: 0x80008960 (0x000084b1) c.srai  s1, 12
core   0: 3 0x80008960 (0x84b1) x 9 0x00072000
core   0: 0x80008962 (0x000085d5) c.srai  a1, 21
core   0: 3 0x80008962 (0x85d5) x11 0xfffffc00
core   0: 0x80008964 (0x0000e619) c.bnez  a2, pc + 14
core   0: 3 0x80008964 (0xe619)
core   0: 0x80008972 (0x000083ae) c.mv    t2, a1
core   0: 3 0x80008972 (0x83ae) x 7 0xfffffc00
core   0: 0x80008974 (0x40a4d3b3) sra     t2, s1, a0
core   0: 3 0x80008974 (0x40a4d3b3) x 7 0x00000000
core   0: 0x80008978 (0x030d1f33) mulh    t5, s10, a6
core   0: 3 0x80008978 (0x030d1f33) x30 0x00000000
core   0: 0x8000897c (0x00009e22) c.add   t3, s0
core   0: 3 0x8000897c (0x9e22) x28 0x00000009
core   0: 0x8000897e (0x00008679) c.srai  a2, 30
core   0: 3 0x8000897e (0x8679) x12 0x00000000
core   0: 0x80008980 (0x40a2d593) srai    a1, t0, 10
core   0: 3 0x80008980 (0x40a2d593) x11 0x00000400
core   0: 0x80008984 (0x4d4aef93) ori     t6, s5, 1236
core   0: 3 0x80008984 (0x4d4aef93) x31 0x8002acf4
core   0: 0x80008988 (0x01b28d33) add     s10, t0, s11
core   0: 3 0x80008988 (0x01b28d33) x26 0x0010b03e
core   0: 0x8000898c (0x0261b433) mulhu   s0, gp, t1
core   0: 3 0x8000898c (0x0261b433) x 8 0x00000000
core   0: 0x80008990 (0x02039133) mulh    sp, t2, zero
core   0: 3 0x80008990 (0x02039133) x 2 0x00000000
core   0: 0x80008994 (0x038c8a33) mul     s4, s9, s8
core   0: 3 0x80008994 (0x038c8a33) x20 0x9bcce6c5
core   0: 0x80008998 (0x000081d5) c.srli  a1, 21
core   0: 3 0x80008998 (0x81d5) x11 0x00000000
core   0: 0x8000899a (0x00c80cb3) add     s9, a6, a2
core   0: 3 0x8000899a (0x00c80cb3) x25 0xfc09239e
core   0: 0x8000899e (0x03ee9eb3) mulh    t4, t4, t5
core   0: 3 0x8000899e (0x03ee9eb3) x29 0x00000000
core   0: 0x800089a2 (0x0017d763) bge     a5, ra, pc + 14
core   0: 3 0x800089a2 (0x0017d763)
core   0: 0x800089b0 (0x00006121) c.addi16sp sp, 64
core   0: 3 0x800089b0 (0x6121) x 2 0x00000040
core   0: 0x800089b2 (0x0394af33) mulhsu  t5, s1, s9
core   0: 3 0x800089b2 (0x0394af33) x30 0x000703c1
core   0: 0x800089b6 (0x836f8593) addi    a1, t6, -1994
core   0: 3 0x800089b6 (0x836f8593) x11 0x8002a52a
core   0: 0x800089ba (0x00bed513) srli    a0, t4, 11
core   0: 3 0x800089ba (0x00bed513) x10 0x00000000
core   0: 0x800089be (0x0110e263) bltu    ra, a7, pc + 4
core   0: 3 0x800089be (0x0110e263)
core   0: 0x800089c2 (0x01c945b3) xor     a1, s2, t3
core   0: 3 0x800089c2 (0x01c945b3) x11 0x80000009
core   0: 0x800089c6 (0x02d57b33) remu    s6, a0, a3
core   0: 3 0x800089c6 (0x02d57b33) x22 0x00000000
core   0: 0x800089ca (0x05b6fb63) bgeu    a3, s11, pc + 86
core   0: 3 0x800089ca (0x05b6fb63)
core   0: 0x80008a20 (0x0000cd01) c.beqz  a0, pc + 24
core   0: 3 0x80008a20 (0xcd01)
core   0: 0x80008a38 (0x00000284) c.addi4spn s1, sp, 320
core   0: 3 0x80008a38 (0x0284) x 9 0x00000180
core   0: 0x80008a3a (0x073b1063) bne     s6, s3, pc + 96
core   0: 3 0x80008a3a (0x073b1063)
core   0: 0x80008a9a (0x6f0fbc13) sltiu   s8, t6, 1776
core   0: 3 0x80008a9a (0x6f0fbc13) x24 0x00000000
core   0: 0x80008a9e (0x03b664b3) rem     s1, a2, s11
core   0: 3 0x80008a9e (0x03b664b3) x 9 0x00000000
core   0: 0x80008aa2 (0x41cb52b3) sra     t0, s6, t3
core   0: 3 0x80008aa2 (0x41cb52b3) x 5 0x00000000
core   0: 0x80008aa6 (0x00ce7a63) bgeu    t3, a2, pc + 20
core   0: 3 0x80008aa6 (0x00ce7a63)
core   0: 0x80008aba (0x651a2137) lui     sp, 0x651a2
core   0: 3 0x80008aba (0x651a2137) x 2 0x651a2000
core   0: 0x80008abe (0x0000eb89) c.bnez  a5, pc + 18
core   0: 3 0x80008abe (0xeb89)
core   0: 0x80008ad0 (0x00000001) c.nop
core   0: 3 0x80008ad0 (0x0001)
core   0: 0x80008ad2 (0x02a17133) remu    sp, sp, a0
core   0: 3 0x80008ad2 (0x02a17133) x 2 0x651a2000
core   0: 0x80008ad6 (0xea84cd37) lui     s10, 0xea84c
core   0: 3 0x80008ad6 (0xea84cd37) x26 0xea84c000
core   0: 0x80008ada (0x02653d93) sltiu   s11, a0, 38
core   0: 3 0x80008ada (0x02653d93) x27 0x00000001
core   0: 0x80008ade (0x020c30b3) mulhu   ra, s8, zero
core   0: 3 0x80008ade (0x020c30b3) x 1 0x00000000
core   0: 0x80008ae2 (0x0000934a) c.add   t1, s2
core   0: 3 0x80008ae2 (0x934a) x 6 0x7fffffff
core   0: 0x80008ae4 (0x03f1f363) bgeu    gp, t6, pc + 38
core   0: 3 0x80008ae4 (0x03f1f363)
core   0: 0x80008ae8 (0x36c33513) sltiu   a0, t1, 876
core   0: 3 0x80008ae8 (0x36c33513) x10 0x00000000
core   0: 0x80008aec (0x0000850d) c.srai  a0, 3
core   0: 3 0x80008aec (0x850d) x10 0x00000000
core   0: 0x80008aee (0x03570963) beq     a4, s5, pc + 50
core   0: 3 0x80008aee (0x03570963)
core   0: 0x80008af2 (0x03618fb3) mul     t6, gp, s6
core   0: 3 0x80008af2 (0x03618fb3) x31 0x00000000
core   0: 0x80008af6 (0x00008c41) c.or    s0, s0
core   0: 3 0x80008af6 (0x8c41) x 8 0x00000000
core   0: 0x80008af8 (0x00004e11) c.li    t3, 4
core   0: 3 0x80008af8 (0x4e11) x28 0x00000004
core   0: 0x80008afa (0x03d43cb3) mulhu   s9, s0, t4
core   0: 3 0x80008afa (0x03d43cb3) x25 0x00000000
core   0: 0x80008afe (0x00cfc233) xor     tp, t6, a2
core   0: 3 0x80008afe (0x00cfc233) x 4 0x00000000
core   0: 0x80008b02 (0x0274ed63) bltu    s1, t2, pc + 58
core   0: 3 0x80008b02 (0x0274ed63)
core   0: 0x80008b06 (0x03968bb3) mul     s7, a3, s9
core   0: 3 0x80008b06 (0x03968bb3) x23 0x00000000
core   0: 0x80008b0a (0x0ff0000f) fence   iorw,iorw
core   0: 3 0x80008b0a (0x0ff0000f)
core   0: 0x80008b0e (0x00008836) c.mv    a6, a3
core   0: 3 0x80008b0e (0x8836) x16 0xfc094c38
core   0: 0x80008b10 (0xb7c5fe97) auipc   t4, 0xb7c5f
core   0: 3 0x80008b10 (0xb7c5fe97) x29 0x37c67b10
core   0: 0x80008b14 (0x0000cd1d) c.beqz  a0, pc + 62
core   0: 3 0x80008b14 (0xcd1d)
core   0: 0x80008b52 (0x00006b2d) c.lui   s6, 0xb
core   0: 3 0x80008b52 (0x6b2d) x22 0x0000b000
core   0: 0x80008b54 (0x00009b7d) c.andi  a4, -1
core   0: 3 0x80008b54 (0x9b7d) x14 0xffffffff
core   0: 0x80008b56 (0x0000cf01) c.beqz  a4, pc + 24
core   0: 3 0x80008b56 (0xcf01)
core   0: 0x80008b58 (0x00b55b63) bge     a0, a1, pc + 22
core   0: 3 0x80008b58 (0x00b55b63)
core   0: 0x80008b6e (0x00000001) c.nop
core   0: 3 0x80008b6e (0x0001)
core   0: 0x80008b70 (0x03da5b63) bge     s4, t4, pc + 54
core   0: 3 0x80008b70 (0x03da5b63)
core   0: 0x80008b74 (0x03ca5563) bge     s4, t3, pc + 42
core   0: 3 0x80008b74 (0x03ca5563)
core   0: 0x80008b78 (0x00008c65) c.and   s0, s1
core   0: 3 0x80008b78 (0x8c65) x 8 0x00000000
core   0: 0x80008b7a (0x0000717d) c.addi16sp sp, -16
core   0: 3 0x80008b7a (0x717d) x 2 0x651a1ff0
core   0: 0x80008b7c (0x023db433) mulhu   s0, s11, gp
core   0: 3 0x80008b7c (0x023db433) x 8 0x00000000
core   0: 0x80008b80 (0x409f04b3) sub     s1, t5, s1
core   0: 3 0x80008b80 (0x409f04b3) x 9 0x000703c1
core   0: 0x80008b84 (0xe1587593) andi    a1, a6, -491
core   0: 3 0x80008b84 (0xe1587593) x11 0xfc094c10
core   0: 0x80008b88 (0x2bc13f13) sltiu   t5, sp, 700
core   0: 3 0x80008b88 (0x2bc13f13) x30 0x00000000
core   0: 0x80008b8c (0x00c12c33) slt     s8, sp, a2
core   0: 3 0x80008b8c (0x00c12c33) x24 0x00000000
core   0: 0x80008b90 (0x02500f63) beq     zero, t0, pc + 62
core   0: 3 0x80008b90 (0x02500f63)
core   0: 0x80008bce (0x41f40f33) sub     t5, s0, t6
core   0: 3 0x80008bce (0x41f40f33) x30 0x00000000
core   0: 0x80008bd2 (0x14878313) addi    t1, a5, 328
core   0: 3 0x80008bd2 (0x14878313) x 6 0x7200014a
core   0: 0x80008bd6 (0x0185ba33) sltu    s4, a1, s8
core   0: 3 0x80008bd6 (0x0185ba33) x20 0x00000000
core   0: 0x80008bda (0x009dacb3) slt     s9, s11, s1
core   0: 3 0x80008bda (0x009dacb3) x25 0x00000001
core   0: 0x80008bde (0x00000001) c.nop
core   0: 3 0x80008bde (0x0001)
core   0: 0x80008be0 (0x00c96363) bltu    s2, a2, pc + 6
core   0: 3 0x80008be0 (0x00c96363)
core   0: 0x80008be4 (0x00000001) c.nop
core   0: 3 0x80008be4 (0x0001)
core   0: 0x80008be6 (0x0370ea63) bltu    ra, s7, pc + 52
core   0: 3 0x80008be6 (0x0370ea63)
core   0: 0x80008bea (0x051b1263) bne     s6, a7, pc + 68
core   0: 3 0x80008bea (0x051b1263)
core   0: 0x80008c2e (0x97aac413) xori    s0, s5, -1670
core   0: 3 0x80008c2e (0x97aac413) x 8 0x7ffd559e
core   0: 0x80008c32 (0x00009b7d) c.andi  a4, -1
core   0: 3 0x80008c32 (0x9b7d) x14 0xffffffff
core   0: 0x80008c34 (0x00000932) c.slli  s2, 12
core   0: 3 0x80008c34 (0x0932) x18 0x00000000
core   0: 0x80008c36 (0x00000001) c.nop
core   0: 3 0x80008c36 (0x0001)
core   0: 0x80008c38 (0x00008c65) c.and   s0, s1
core   0: 3 0x80008c38 (0x8c65) x 8 0x00050180
core   0: 0x80008c3a (0x0360eb33) rem     s6, ra, s6
core   0: 3 0x80008c3a (0x0360eb33) x22 0x00000000
core   0: 0x80008c3e (0x0000100f) fence.i
core   0: 3 0x80008c3e (0x0000100f)
core   0: 0x80008c42 (0x00008d91) c.sub   a1, a2
core   0: 3 0x80008c42 (0x8d91) x11 0xfc094c10
core   0: 0x80008c44 (0x030da433) mulhsu  s0, s11, a6
core   0: 3 0x80008c44 (0x030da433) x 8 0x00000000
core   0: 0x80008c48 (0x0000977e) c.add   a4, t6
core   0: 3 0x80008c48 (0x977e) x14 0xffffffff
core   0: 0x80008c4a (0x0000100f) fence.i
core   0: 3 0x80008c4a (0x0000100f)
core   0: 0x80008c4e (0x0006ab33) slt     s6, a3, zero
core   0: 3 0x80008c4e (0x0006ab33) x22 0x00000001
core   0: 0x80008c52 (0x03cadb33) divu    s6, s5, t3
core   0: 3 0x80008c52 (0x03cadb33) x22 0x2000ab39
core   0: 0x80008c56 (0x00008dd1) c.or    a1, a2
core   0: 3 0x80008c56 (0x8dd1) x11 0xfc094c10
core   0: 0x80008c58 (0x400e5993) srai    s3, t3, 0
core   0: 3 0x80008c58 (0x400e5993) x19 0x00000004
core   0: 0x80008c5c (0x038af933) remu    s2, s5, s8
core   0: 3 0x80008c5c (0x038af933) x18 0x8002ace4
core   0: 0x80008c60 (0x022f8cb3) mul     s9, t6, sp
core   0: 3 0x80008c60 (0x022f8cb3) x25 0x00000000
core   0: 0x80008c64 (0x0000100f) fence.i
core   0: 3 0x80008c64 (0x0000100f)
core   0: 0x80008c68 (0x01f79d33) sll     s10, a5, t6
core   0: 3 0x80008c68 (0x01f79d33) x26 0x72000002
core   0: 0x80008c6c (0x00006bfd) c.lui   s7, 0x1f
core   0: 3 0x80008c6c (0x6bfd) x23 0x0001f000
core   0: 0x80008c6e (0x00008f45) c.or    a4, s1
core   0: 3 0x80008c6e (0x8f45) x14 0xffffffff
core   0: 0x80008c70 (0x0000cf9d) c.beqz  a5, pc + 62
core   0: 3 0x80008c70 (0xcf9d)
core   0: 0x80008c72 (0x01314493) xori    s1, sp, 19
core   0: 3 0x80008c72 (0x01314493) x 9 0x651a1fe3
core   0: 0x80008c76 (0x001ac3b3) xor     t2, s5, ra
core   0: 3 0x80008c76 (0x001ac3b3) x 7 0x8002ace4
core   0: 0x80008c7a (0x02eb27b3) mulhsu  a5, s6, a4
core   0: 3 0x80008c7a (0x02eb27b3) x15 0x2000ab38
core   0: 0x80008c7e (0x0000100f) fence.i
core   0: 3 0x80008c7e (0x0000100f)
core   0: 0x80008c82 (0x000067e5) c.lui   a5, 0x19
core   0: 3 0x80008c82 (0x67e5) x15 0x00019000
core   0: 0x80008c84 (0x00977f63) bgeu    a4, s1, pc + 30
core   0: 3 0x80008c84 (0x00977f63)
core   0: 0x80008ca2 (0x012b9013) slli    zero, s7, 18
core   0: 3 0x80008ca2 (0x012b9013)
core   0: 0x80008ca6 (0x00008759) c.srai  a4, 22
core   0: 3 0x80008ca6 (0x8759) x14 0xffffffff
core   0: 0x80008ca8 (0x0000717d) c.addi16sp sp, -16
core   0: 3 0x80008ca8 (0x717d) x 2 0x651a1fe0
core   0: 0x80008caa (0xb5e17117) auipc   sp, 0xb5e17
core   0: 3 0x80008caa (0xb5e17117) x 2 0x35e1fcaa
core   0: 0x80008cae (0x01960763) beq     a2, s9, pc + 14
core   0: 3 0x80008cae (0x01960763)
core   0: 0x80008cbc (0x0555f213) andi    tp, a1, 85
core   0: 3 0x80008cbc (0x0555f213) x 4 0x00000010
core   0: 0x80008cc0 (0x011d0833) add     a6, s10, a7
core   0: 3 0x80008cc0 (0x011d0833) x16 0xf2026e5a
core   0: 0x80008cc4 (0x0000177d) c.addi  a4, -1
core   0: 3 0x80008cc4 (0x177d) x14 0xfffffffe
core   0: 0x80008cc6 (0x0000855d) c.srai  a0, 23
core   0: 3 0x80008cc6 (0x855d) x10 0x00000000
core   0: 0x80008cc8 (0x04fb0263) beq     s6, a5, pc + 68
core   0: 3 0x80008cc8 (0x04fb0263)
core   0: 0x80008ccc (0x5efa7617) auipc   a2, 0x5efa7
core   0: 3 0x80008ccc (0x5efa7617) x12 0xdefafccc
core   0: 0x80008cd0 (0x035437b3) mulhu   a5, s0, s5
core   0: 3 0x80008cd0 (0x035437b3) x15 0x00000000
core   0: 0x80008cd4 (0x00000001) c.nop
core   0: 3 0x80008cd4 (0x0001)
core   0: 0x80008cd6 (0x000085b1) c.srai  a1, 12
core   0: 3 0x80008cd6 (0x85b1) x11 0xffffc094
core   0: 0x80008cd8 (0x01dd9a63) bne     s11, t4, pc + 20
core   0: 3 0x80008cd8 (0x01dd9a63)
core   0: 0x80008cec (0x011061b3) or      gp, zero, a7
core   0: 3 0x80008cec (0x011061b3) x 3 0x80026e58
core   0: 0x80008cf0 (0x40775613) srai    a2, a4, 7
core   0: 3 0x80008cf0 (0x40775613) x12 0xffffffff
core   0: 0x80008cf4 (0x0000100f) fence.i
core   0: 3 0x80008cf4 (0x0000100f)
core   0: 0x80008cf8 (0x00896f63) bltu    s2, s0, pc + 30
core   0: 3 0x80008cf8 (0x00896f63)
core   0: 0x80008cfc (0x0256b1b3) mulhu   gp, a3, t0
core   0: 3 0x80008cfc (0x0256b1b3) x 3 0x00000000
core   0: 0x80008d00 (0x0119fdb3) and     s11, s3, a7
core   0: 3 0x80008d00 (0x0119fdb3) x27 0x00000000
core   0: 0x80008d04 (0x0223f633) remu    a2, t2, sp
core   0: 3 0x80008d04 (0x0223f633) x12 0x143eb390
core   0: 0x80008d08 (0xac45dfb7) lui     t6, 0xac45d
core   0: 3 0x80008d08 (0xac45dfb7) x31 0xac45d000
core   0: 0x80008d0c (0x0000471d) c.li    a4, 7
core   0: 3 0x80008d0c (0x471d) x14 0x00000007
core   0: 0x80008d0e (0x00bdbf33) sltu    t5, s11, a1
core   0: 3 0x80008d0e (0x00bdbf33) x30 0x00000001
core   0: 0x80008d12 (0xf1a66413) ori     s0, a2, -230
core   0: 3 0x80008d12 (0xf1a66413) x 8 0xffffff9a
core   0: 0x80008d16 (0x00008789) c.srai  a5, 2
core   0: 3 0x80008d16 (0x8789) x15 0x00000000
core   0: 0x80008d18 (0x00661433) sll     s0, a2, t1
core   0: 3 0x80008d18 (0x00661433) x 8 0xface4000
core   0: 0x80008d1c (0x11af8993) addi    s3, t6, 282
core   0: 3 0x80008d1c (0x11af8993) x19 0xac45d11a
core   0: 0x80008d20 (0x00004bf9) c.li    s7, 30
core   0: 3 0x80008d20 (0x4bf9) x23 0x0000001e
core   0: 0x80008d22 (0x03337533) remu    a0, t1, s3
core   0: 3 0x80008d22 (0x03337533) x10 0x7200014a
core   0: 0x80008d26 (0x03f24b63) blt     tp, t6, pc + 54
core   0: 3 0x80008d26 (0x03f24b63)
core   0: 0x80008d2a (0x03876563) bltu    a4, s8, pc + 42
core   0: 3 0x80008d2a (0x03876563)
core   0: 0x80008d2e (0x00618763) beq     gp, t1, pc + 14
core   0: 3 0x80008d2e (0x00618763)
core   0: 0x80008d32 (0x00ef9093) slli    ra, t6, 14
core   0: 3 0x80008d32 (0x00ef9093) x 1 0x74000000
core   0: 0x80008d36 (0x00008c95) c.sub   s1, a3
core   0: 3 0x80008d36 (0x8c95) x 9 0x6910d3ab
core   0: 0x80008d38 (0xe374dc97) auipc   s9, 0xe374d
core   0: 3 0x80008d38 (0xe374dc97) x25 0x63755d38
core   0: 0x80008d3c (0x037b39b3) mulhu   s3, s6, s7
core   0: 3 0x80008d3c (0x037b39b3) x19 0x00000003
core   0: 0x80008d40 (0x022f11b3) mulh    gp, t5, sp
core   0: 3 0x80008d40 (0x022f11b3) x 3 0x00000000
core   0: 0x80008d44 (0x1f8b3193) sltiu   gp, s6, 504
core   0: 3 0x80008d44 (0x1f8b3193) x 3 0x00000000
core   0: 0x80008d48 (0x01966033) or      zero, a2, s9
core   0: 3 0x80008d48 (0x01966033)
core   0: 0x80008d4c (0x1eeaf593) andi    a1, s5, 494
core   0: 3 0x80008d4c (0x1eeaf593) x11 0x000000e4
core   0: 0x80008d50 (0x01467663) bgeu    a2, s4, pc + 12
core   0: 3 0x80008d50 (0x01467663)
core   0: 0x80008d5c (0x0000855a) c.mv    a0, s6
core   0: 3 0x80008d5c (0x855a) x10 0x2000ab39
core   0: 0x80008d5e (0x02d56763) bltu    a0, a3, pc + 46
core   0: 3 0x80008d5e (0x02d56763)
core   0: 0x80008d8c (0x0049e0b3) or      ra, s3, tp
core   0: 3 0x80008d8c (0x0049e0b3) x 1 0x00000013
core   0: 0x80008d90 (0x00006bc9) c.lui   s7, 0x12
core   0: 3 0x80008d90 (0x6bc9) x23 0x00012000
core   0: 0x80008d92 (0x000001a9) c.addi  gp, 10
core   0: 3 0x80008d92 (0x01a9) x 3 0x0000000a
core   0: 0x80008d94 (0x01f4ecb3) or      s9, s1, t6
core   0: 3 0x80008d94 (0x01f4ecb3) x25 0xed55d3ab
core   0: 0x80008d98 (0x000080ee) c.mv    ra, s11
core   0: 3 0x80008d98 (0x80ee) x 1 0x00000000
core   0: 0x80008d9a (0x0000717d) c.addi16sp sp, -16
core   0: 3 0x80008d9a (0x717d) x 2 0x35e1fc9a
core   0: 0x80008d9c (0x4150d493) srai    s1, ra, 21
core   0: 3 0x80008d9c (0x4150d493) x 9 0x00000000
core   0: 0x80008da0 (0x0000875a) c.mv    a4, s6
core   0: 3 0x80008da0 (0x875a) x14 0x2000ab39
core   0: 0x80008da2 (0x01272a33) slt     s4, a4, s2
core   0: 3 0x80008da2 (0x01272a33) x20 0x00000000
core   0: 0x80008da6 (0x02d2e333) rem     t1, t0, a3
core   0: 3 0x80008da6 (0x02d2e333) x 6 0x00000000
core   0: 0x80008daa (0x02c7b0b3) mulhu   ra, a5, a2
core   0: 3 0x80008daa (0x02c7b0b3) x 1 0x00000000
core   0: 0x80008dae (0x000001fa) c.slli  gp, 30
core   0: 3 0x80008dae (0x01fa) x 3 0x80000000
core   0: 0x80008db0 (0x00000001) c.nop
core   0: 3 0x80008db0 (0x0001)
core   0: 0x80008db2 (0x4d513717) auipc   a4, 0x4d513
core   0: 3 0x80008db2 (0x4d513717) x14 0xcd51bdb2
core   0: 0x80008db6 (0x40a75e13) srai    t3, a4, 10
core   0: 3 0x80008db6 (0x40a75e13) x28 0xfff3546f
core   0: 0x80008dba (0x0366fdb3) remu    s11, a3, s6
core   0: 3 0x80008dba (0x0366fdb3) x27 0x1c049da9
core   0: 0x80008dbe (0x00008dc5) c.or    a1, s1
core   0: 3 0x80008dbe (0x8dc5) x11 0x000000e4
core   0: 0x80008dc0 (0x0000100f) fence.i
core   0: 3 0x80008dc0 (0x0000100f)
core   0: 0x80008dc4 (0x00008675) c.srai  a2, 29
core   0: 3 0x80008dc4 (0x8675) x12 0x00000000
core   0: 0x80008dc6 (0x3c0e2713) slti    a4, t3, 960
core   0: 3 0x80008dc6 (0x3c0e2713) x14 0x00000001
core   0: 0x80008dca (0x41dfd2b3) sra     t0, t6, t4
core   0: 3 0x80008dca (0x41dfd2b3) x 5 0xffffac45
core   0: 0x80008dce (0x6d14e713) ori     a4, s1, 1745
core   0: 3 0x80008dce (0x6d14e713) x14 0x000006d1
core   0: 0x80008dd2 (0x03c09533) mulh    a0, ra, t3
core   0: 3 0x80008dd2 (0x03c09533) x10 0x00000000
core   0: 0x80008dd6 (0x027307b3) mul     a5, t1, t2
core   0: 3 0x80008dd6 (0x027307b3) x15 0x00000000
core   0: 0x80008dda (0x409b8e33) sub     t3, s7, s1
core   0: 3 0x80008dda (0x409b8e33) x28 0x00012000
core   0: 0x80008dde (0x02a85db3) divu    s11, a6, a0
core   0: 3 0x80008dde (0x02a85db3) x27 0xffffffff
core   0: 0x80008de2 (0x405d5013) srai    zero, s10, 5
core   0: 3 0x80008de2 (0x405d5013)
core   0: 0x80008de6 (0x034dd133) divu    sp, s11, s4
core   0: 3 0x80008de6 (0x034dd133) x 2 0xffffffff
core   0: 0x80008dea (0x03554d33) div     s10, a0, s5
core   0: 3 0x80008dea (0x03554d33) x26 0x00000000
core   0: 0x80008dee (0x02086333) rem     t1, a6, zero
core   0: 3 0x80008dee (0x02086333) x 6 0xf2026e5a
core   0: 0x80008df2 (0x03f04f33) div     t5, zero, t6
core   0: 3 0x80008df2 (0x03f04f33) x30 0x00000000
core   0: 0x80008df6 (0x00006b09) c.lui   s6, 0x2
core   0: 3 0x80008df6 (0x6b09) x22 0x00002000
core   0: 0x80008df8 (0x0e8fab13) slti    s6, t6, 232
core   0: 3 0x80008df8 (0x0e8fab13) x22 0x00000001
core   0: 0x80008dfc (0x01896563) bltu    s2, s8, pc + 10
core   0: 3 0x80008dfc (0x01896563)
core   0: 0x80008e00 (0x0055c963) blt     a1, t0, pc + 18
core   0: 3 0x80008e00 (0x0055c963)
core   0: 0x80008e04 (0x00000001) c.nop
core   0: 3 0x80008e04 (0x0001)
core   0: 0x80008e06 (0x02f2feb3) remu    t4, t0, a5
core   0: 3 0x80008e06 (0x02f2feb3) x29 0xffffac45
core   0: 0x80008e0a (0xdc148b93) addi    s7, s1, -575
core   0: 3 0x80008e0a (0xdc148b93) x23 0xfffffdc1
core   0: 0x80008e0e (0x6725b813) sltiu   a6, a1, 1650
core   0: 3 0x80008e0e (0x6725b813) x16 0x00000001
core   0: 0x80008e12 (0x00008c01) c.sub   s0, s0
core   0: 3 0x80008e12 (0x8c01) x 8 0x00000000
core   0: 0x80008e14 (0x0000c88d) c.beqz  s1, pc + 50
core   0: 3 0x80008e14 (0xc88d)
core   0: 0x80008e46 (0x020242b3) div     t0, tp, zero
core   0: 3 0x80008e46 (0x020242b3) x 5 0xffffffff
core   0: 0x80008e4a (0x8c82bbb7) lui     s7, 0x8c82b
core   0: 3 0x80008e4a (0x8c82bbb7) x23 0x8c82b000
core   0: 0x80008e4e (0x40878e33) sub     t3, a5, s0
core   0: 3 0x80008e4e (0x40878e33) x28 0x00000000
core   0: 0x80008e52 (0x00583c33) sltu    s8, a6, t0
core   0: 3 0x80008e52 (0x00583c33) x24 0x00000001
core   0: 0x80008e56 (0x00008c89) c.sub   s1, a0
core   0: 3 0x80008e56 (0x8c89) x 9 0x00000000
core   0: 0x80008e58 (0x03677363) bgeu    a4, s6, pc + 38
core   0: 3 0x80008e58 (0x03677363)
core   0: 0x80008e7e (0x00422433) slt     s0, tp, tp
core   0: 3 0x80008e7e (0x00422433) x 8 0x00000000
core   0: 0x80008e82 (0x40845c33) sra     s8, s0, s0
core   0: 3 0x80008e82 (0x40845c33) x24 0x00000000
core   0: 0x80008e86 (0x024e9a63) bne     t4, tp, pc + 52
core   0: 3 0x80008e86 (0x024e9a63)
core   0: 0x80008eba (0x00e04f33) xor     t5, zero, a4
core   0: 3 0x80008eba (0x00e04f33) x30 0x000006d1
core   0: 0x80008ebe (0x00681033) sll     zero, a6, t1
core   0: 3 0x80008ebe (0x00681033)
core   0: 0x80008ec2 (0x00feffb3) and     t6, t4, a5
core   0: 3 0x80008ec2 (0x00feffb3) x31 0x00000000
core   0: 0x80008ec6 (0x00000001) c.nop
core   0: 3 0x80008ec6 (0x0001)
core   0: 0x80008ec8 (0x00000001) c.nop
core   0: 3 0x80008ec8 (0x0001)
core   0: 0x80008eca (0x01bc1613) slli    a2, s8, 27
core   0: 3 0x80008eca (0x01bc1613) x12 0x00000000
core   0: 0x80008ece (0x0285c463) blt     a1, s0, pc + 40
core   0: 3 0x80008ece (0x0285c463)
core   0: 0x80008ed2 (0x02711f33) mulh    t5, sp, t2
core   0: 3 0x80008ed2 (0x02711f33) x30 0x00000000
core   0: 0x80008ed6 (0x03a5f533) remu    a0, a1, s10
core   0: 3 0x80008ed6 (0x03a5f533) x10 0x000000e4
core   0: 0x80008eda (0x0000197d) c.addi  s2, -1
core   0: 3 0x80008eda (0x197d) x18 0x8002ace3
core   0: 0x80008edc (0x00008c19) c.sub   s0, a4
core   0: 3 0x80008edc (0x8c19) x 8 0xfffff92f
core   0: 0x80008ede (0x0126d213) srli    tp, a3, 18
core   0: 3 0x80008ede (0x0126d213) x 4 0x00003f02
core   0: 0x80008ee2 (0x0372bb33) mulhu   s6, t0, s7
core   0: 3 0x80008ee2 (0x0372bb33) x22 0x8c82afff
core   0: 0x80008ee6 (0x00000e96) c.slli  t4, 5
core   0: 3 0x80008ee6 (0x0e96) x29 0xfff588a0
core   0: 0x80008ee8 (0x02cec9b3) div     s3, t4, a2
core   0: 3 0x80008ee8 (0x02cec9b3) x19 0xffffffff
core   0: 0x80008eec (0x0000717d) c.addi16sp sp, -16
core   0: 3 0x80008eec (0x717d) x 2 0xffffffef
core   0: 0x80008eee (0x01626963) bltu    tp, s6, pc + 18
core   0: 3 0x80008eee (0x01626963)
core   0: 0x80008f00 (0x01f98963) beq     s3, t6, pc + 18
core   0: 3 0x80008f00 (0x01f98963)
core   0: 0x80008f04 (0xc922b493) sltiu   s1, t0, -878
core   0: 3 0x80008f04 (0xc922b493) x 9 0x00000000
core   0: 0x80008f08 (0x00000001) c.nop
core   0: 3 0x80008f08 (0x0001)
core   0: 0x80008f0a (0x00d1fe63) bgeu    gp, a3, pc + 28
core   0: 3 0x80008f0a (0x00d1fe63)
core   0: 0x80008f0e (0x00016cb3) or      s9, sp, zero
core   0: 3 0x80008f0e (0x00016cb3) x25 0xffffffef
core   0: 0x80008f12 (0x419b0d33) sub     s10, s6, s9
core   0: 3 0x80008f12 (0x419b0d33) x26 0x8c82b010
core   0: 0x80008f16 (0x00000001) c.nop
core   0: 3 0x80008f16 (0x0001)
core   0: 0x80008f18 (0x005765b3) or      a1, a4, t0
core   0: 3 0x80008f18 (0x005765b3) x11 0xffffffff
core   0: 0x80008f1c (0x00006269) c.lui   tp, 0x1a
core   0: 3 0x80008f1c (0x6269) x 4 0x0001a000
core   0: 0x80008f1e (0x797aa213) slti    tp, s5, 1943
core   0: 3 0x80008f1e (0x797aa213) x 4 0x00000001
core   0: 0x80008f22 (0x01444733) xor     a4, s0, s4
core   0: 3 0x80008f22 (0x01444733) x14 0xfffff92f
core   0: 0x80008f26 (0x037b6963) bltu    s6, s7, pc + 50
core   0: 3 0x80008f26 (0x037b6963)
core   0: 0x80008f58 (0x0093db63) bge     t2, s1, pc + 22
core   0: 3 0x80008f58 (0x0093db63)
core   0: 0x80008f5c (0x01ab0d63) beq     s6, s10, pc + 26
core   0: 3 0x80008f5c (0x01ab0d63)
core   0: 0x80008f60 (0x021e1533) mulh    a0, t3, ra
core   0: 3 0x80008f60 (0x021e1533) x10 0x00000000
core   0: 0x80008f64 (0x02325cb3) divu    s9, tp, gp
core   0: 3 0x80008f64 (0x02325cb3) x25 0x00000000
core   0: 0x80008f68 (0x00001a80) c.addi4spn s0, sp, 368
core   0: 3 0x80008f68 (0x1a80) x 8 0x0000015f
core   0: 0x80008f6a (0x2ae0a913) slti    s2, ra, 686
core   0: 3 0x80008f6a (0x2ae0a913) x18 0x00000001
core   0: 0x80008f6e (0x00001bfd) c.addi  s7, -1
core   0: 3 0x80008f6e (0x1bfd) x23 0x8c82afff
core   0: 0x80008f70 (0x0000824d) c.srli  a2, 19
core   0: 3 0x80008f70 (0x824d) x12 0x00000000
core   0: 0x80008f72 (0x457877b7) lui     a5, 0x45787
core   0: 3 0x80008f72 (0x457877b7) x15 0x45787000
core   0: 0x80008f76 (0x02bc7633) remu    a2, s8, a1
core   0: 3 0x80008f76 (0x02bc7633) x12 0x00000000
core   0: 0x80008f7a (0x0286ec63) bltu    a3, s0, pc + 56
core   0: 3 0x80008f7a (0x0286ec63)
core   0: 0x80008f7e (0x0000717d) c.addi16sp sp, -16
core   0: 3 0x80008f7e (0x717d) x 2 0xffffffdf
core   0: 0x80008f80 (0x020c5d63) bgez    s8, pc + 58
core   0: 3 0x80008f80 (0x020c5d63)
core   0: 0x80008fba (0x00006791) c.lui   a5, 0x4
core   0: 3 0x80008fba (0x6791) x15 0x00004000
core   0: 0x80008fbc (0x00008e41) c.or    a2, s0
core   0: 3 0x80008fbc (0x8e41) x12 0x0000015f
core   0: 0x80008fbe (0x00006165) c.addi16sp sp, 112
core   0: 3 0x80008fbe (0x6165) x 2 0x0000004f
core   0: 0x80008fc0 (0x00006a51) c.lui   s4, 0x14
core   0: 3 0x80008fc0 (0x6a51) x20 0x00014000
core   0: 0x80008fc2 (0x04517363) bgeu    sp, t0, pc + 70
core   0: 3 0x80008fc2 (0x04517363)
core   0: 0x80008fc6 (0x9ee22293) slti    t0, tp, -1554
core   0: 3 0x80008fc6 (0x9ee22293) x 5 0x00000000
core   0: 0x80008fca (0x0ff0000f) fence   iorw,iorw
core   0: 3 0x80008fca (0x0ff0000f)
core   0: 0x80008fce (0x00009946) c.add   s2, a7
core   0: 3 0x80008fce (0x9946) x18 0x80026e59
core   0: 0x80008fd0 (0x4d268f97) auipc   t6, 0x4d268
core   0: 3 0x80008fd0 (0x4d268f97) x31 0xcd270fd0
core   0: 0x80008fd4 (0x013fb533) sltu    a0, t6, s3
core   0: 3 0x80008fd4 (0x013fb533) x10 0x00000001
core   0: 0x80008fd8 (0x6637bcb7) lui     s9, 0x6637b
core   0: 3 0x80008fd8 (0x6637bcb7) x25 0x6637b000
core   0: 0x80008fdc (0x03ecd217) auipc   tp, 0x3ecd
core   0: 3 0x80008fdc (0x03ecd217) x 4 0x83ed5fdc
core   0: 0x80008fe0 (0x93383413) sltiu   s0, a6, -1741
core   0: 3 0x80008fe0 (0x93383413) x 8 0x00000001
core   0: 0x80008fe4 (0x5241fe93) andi    t4, gp, 1316
core   0: 3 0x80008fe4 (0x5241fe93) x29 0x00000000
core   0: 0x80008fe8 (0x003c0b33) add     s6, s8, gp
core   0: 3 0x80008fe8 (0x003c0b33) x22 0x80000000
core   0: 0x80008fec (0x011970b3) and     ra, s2, a7
core   0: 3 0x80008fec (0x011970b3) x 1 0x80026e58
core   0: 0x80008ff0 (0x096a6363) bltu    s4, s6, pc + 134
core   0: 3 0x80008ff0 (0x096a6363)
core   0: 0x80009076 (0x034de833) rem     a6, s11, s4
core   0: 3 0x80009076 (0x034de833) x16 0xffffffff
core   0: 0x8000907a (0x0193ffb3) and     t6, t2, s9
core   0: 3 0x8000907a (0x0193ffb3) x31 0x0002a000
core   0: 0x8000907e (0x003d1e93) slli    t4, s10, 3
core   0: 3 0x8000907e (0x003d1e93) x29 0x64158080
core   0: 0x80009082 (0x0b2cef63) bltu    s9, s2, pc + 190
core   0: 3 0x80009082 (0x0b2cef63)
core   0: 0x80009140 (0xae244813) xori    a6, s0, -1310
core   0: 3 0x80009140 (0xae244813) x16 0xfffffae3
core   0: 0x80009144 (0x023bea63) bltu    s7, gp, pc + 52
core   0: 3 0x80009144 (0x023bea63)
core   0: 0x80009148 (0x00008cc5) c.or    s1, s1
core   0: 3 0x80009148 (0x8cc5) x 9 0x00000000
core   0: 0x8000914a (0x71b66313) ori     t1, a2, 1819
core   0: 3 0x8000914a (0x71b66313) x 6 0x0000075f
core   0: 0x8000914e (0x014a4a33) xor     s4, s4, s4
core   0: 3 0x8000914e (0x014a4a33) x20 0x00000000
core   0: 0x80009152 (0x000081d2) c.mv    gp, s4
core   0: 3 0x80009152 (0x81d2) x 3 0x00000000
core   0: 0x80009154 (0x01f9a5b3) slt     a1, s3, t6
core   0: 3 0x80009154 (0x01f9a5b3) x11 0x00000001
core   0: 0x80009158 (0x004447b3) xor     a5, s0, tp
core   0: 3 0x80009158 (0x004447b3) x15 0x83ed5fdd
core   0: 0x8000915c (0x0000825a) c.mv    tp, s6
core   0: 3 0x8000915c (0x825a) x 4 0x80000000
core   0: 0x8000915e (0x0126deb3) srl     t4, a3, s2
core   0: 3 0x8000915e (0x0126deb3) x29 0x0000007e
core   0: 0x80009162 (0x8d208037) lui     zero, 0x8d208
core   0: 3 0x80009162 (0x8d208037)
core   0: 0x80009166 (0x00008e61) c.and   a2, s0
core   0: 3 0x80009166 (0x8e61) x12 0x00000001
core   0: 0x80009168 (0xc753e297) auipc   t0, 0xc753e
core   0: 3 0x80009168 (0xc753e297) x 5 0x47547168
core   0: 0x8000916c (0x029ca633) mulhsu  a2, s9, s1
core   0: 3 0x8000916c (0x029ca633) x12 0x00000000
core   0: 0x80009170 (0x5d6dba17) auipc   s4, 0x5d6db
core   0: 3 0x80009170 (0x5d6dba17) x20 0xdd6e4170
core   0: 0x80009174 (0x01767533) and     a0, a2, s7
core   0: 3 0x80009174 (0x01767533) x10 0x00000000
core   0: 0x80009178 (0x543dcfb7) lui     t6, 0x543dc
core   0: 3 0x80009178 (0x543dcfb7) x31 0x543dc000
core   0: 0x8000917c (0x1fac3813) sltiu   a6, s8, 506
core   0: 3 0x8000917c (0x1fac3813) x16 0x00000001
core   0: 0x80009180 (0x0041db93) srli    s7, gp, 4
core   0: 3 0x80009180 (0x0041db93) x23 0x00000000
core   0: 0x80009184 (0x031c7663) bgeu    s8, a7, pc + 44
core   0: 3 0x80009184 (0x031c7663)
core   0: 0x80009188 (0x00000001) c.nop
core   0: 3 0x80009188 (0x0001)
core   0: 0x8000918a (0x0ff0000f) fence   iorw,iorw
core   0: 3 0x8000918a (0x0ff0000f)
core   0: 0x8000918e (0x024df3b3) remu    t2, s11, tp
core   0: 3 0x8000918e (0x024df3b3) x 7 0x7fffffff
core   0: 0x80009192 (0x00006111) c.addi16sp sp, 256
core   0: 3 0x80009192 (0x6111) x 2 0x0000014f
core   0: 0x80009194 (0xc26f0413) addi    s0, t5, -986
core   0: 3 0x80009194 (0xc26f0413) x 8 0xfffffc26
core   0: 0x80009198 (0x672d4413) xori    s0, s10, 1650
core   0: 3 0x80009198 (0x672d4413) x 8 0x8c82b662
core   0: 0x8000919c (0x010cceb3) xor     t4, s9, a6
core   0: 3 0x8000919c (0x010cceb3) x29 0x6637b001
core   0: 0x800091a0 (0x00000001) c.nop
core   0: 3 0x800091a0 (0x0001)
core   0: 0x800091a2 (0x01bedc13) srli    s8, t4, 27
core   0: 3 0x800091a2 (0x01bedc13) x24 0x0000000c
core   0: 0x800091a6 (0x025c4963) blt     s8, t0, pc + 50
core   0: 3 0x800091a6 (0x025c4963)
core   0: 0x800091d8 (0x00008d41) c.or    a0, s0
core   0: 3 0x800091d8 (0x8d41) x10 0x8c82b662
core   0: 0x800091da (0x864c6717) auipc   a4, 0x864c6
core   0: 3 0x800091da (0x864c6717) x14 0x064cf1da
core   0: 0x800091de (0x00001f08) c.addi4spn a0, sp, 944
core   0: 3 0x800091de (0x1f08) x10 0x000004ff
core   0: 0x800091e0 (0x41955a13) srai    s4, a0, 25
core   0: 3 0x800091e0 (0x41955a13) x20 0x00000000
core   0: 0x800091e4 (0x00008fd1) c.or    a5, a2
core   0: 3 0x800091e4 (0x8fd1) x15 0x83ed5fdd
core   0: 0x800091e6 (0x00008241) c.srli  a2, 16
core   0: 3 0x800091e6 (0x8241) x12 0x00000000
core   0: 0x800091e8 (0x01701cb3) sll     s9, zero, s7
core   0: 3 0x800091e8 (0x01701cb3) x25 0x00000000
core   0: 0x800091ec (0x51c22e13) slti    t3, tp, 1308
core   0: 3 0x800091ec (0x51c22e13) x28 0x00000001
core   0: 0x800091f0 (0x4082d413) srai    s0, t0, 8
core   0: 3 0x800091f0 (0x4082d413) x 8 0x00475471
core   0: 0x800091f4 (0x029833b3) mulhu   t2, a6, s1
core   0: 3 0x800091f4 (0x029833b3) x 7 0x00000000
core   0: 0x800091f8 (0x00008fad) c.xor   a5, a1
core   0: 3 0x800091f8 (0x8fad) x15 0x83ed5fdc
core   0: 0x800091fa (0xd05fc037) lui     zero, 0xd05fc
core   0: 3 0x800091fa (0xd05fc037)
core   0: 0x800091fe (0x00ea1b33) sll     s6, s4, a4
core   0: 3 0x800091fe (0x00ea1b33) x22 0x00000000
core   0: 0x80009202 (0x0000809d) c.srli  s1, 7
core   0: 3 0x80009202 (0x809d) x 9 0x00000000
core   0: 0x80009204 (0x00008c9d) c.sub   s1, a5
core   0: 3 0x80009204 (0x8c9d) x 9 0x7c12a024
core   0: 0x80009206 (0x0000026a) c.slli  tp, 26
core   0: 3 0x80009206 (0x026a) x 4 0x00000000
core   0: 0x80009208 (0x01c5d763) bge     a1, t3, pc + 14
core   0: 3 0x80009208 (0x01c5d763)
core   0: 0x80009216 (0xb1e50193) addi    gp, a0, -1250
core   0: 3 0x80009216 (0xb1e50193) x 3 0x0000001d
core   0: 0x8000921a (0x00151733) sll     a4, a0, ra
core   0: 3 0x8000921a (0x00151733) x14 0xff000000
core   0: 0x8000921e (0x03de50b3) divu    ra, t3, t4
core   0: 3 0x8000921e (0x03de50b3) x 1 0x00000000
core   0: 0x80009222 (0x00000c95) c.addi  s9, 5
core   0: 3 0x80009222 (0x0c95) x25 0x00000005
core   0: 0x80009224 (0x0189bcb3) sltu    s9, s3, s8
core   0: 3 0x80009224 (0x0189bcb3) x25 0x00000000
core   0: 0x80009228 (0x00009846) c.add   a6, a7
core   0: 3 0x80009228 (0x9846) x16 0x80026e59
core   0: 0x8000922a (0x00313bb3) sltu    s7, sp, gp
core   0: 3 0x8000922a (0x00313bb3) x23 0x00000000
core   0: 0x8000922e (0x018430b3) sltu    ra, s0, s8
core   0: 3 0x8000922e (0x018430b3) x 1 0x00000000
core   0: 0x80009232 (0x41c15b93) srai    s7, sp, 28
core   0: 3 0x80009232 (0x41c15b93) x23 0x00000000
core   0: 0x80009236 (0x00008255) c.srli  a2, 21
core   0: 3 0x80009236 (0x8255) x12 0x00000000
core   0: 0x80009238 (0xf4eafe93) andi    t4, s5, -178
core   0: 3 0x80009238 (0xf4eafe93) x29 0x8002ac44
core   0: 0x8000923c (0x2fa862b7) lui     t0, 0x2fa86
core   0: 3 0x8000923c (0x2fa862b7) x 5 0x2fa86000
core   0: 0x80009240 (0x00c5d913) srli    s2, a1, 12
core   0: 3 0x80009240 (0x00c5d913) x18 0x00000000
core   0: 0x80009244 (0x00000001) c.nop
core   0: 3 0x80009244 (0x0001)
core   0: 0x80009246 (0x02977763) bgeu    a4, s1, pc + 46
core   0: 3 0x80009246 (0x02977763)
core   0: 0x80009274 (0x0000717d) c.addi16sp sp, -16
core   0: 3 0x80009274 (0x717d) x 2 0x0000013f
core   0: 0x80009276 (0x0000100f) fence.i
core   0: 3 0x80009276 (0x0000100f)
core   0: 0x8000927a (0x419a5113) srai    sp, s4, 25
core   0: 3 0x8000927a (0x419a5113) x 2 0x00000000
core   0: 0x8000927e (0x00008dc6) c.mv    s11, a7
core   0: 3 0x8000927e (0x8dc6) x27 0x80026e58
core   0: 0x80009280 (0x00e2dbb3) srl     s7, t0, a4
core   0: 3 0x80009280 (0x00e2dbb3) x23 0x2fa86000
core   0: 0x80009284 (0x00008f0d) c.sub   a4, a1
core   0: 3 0x80009284 (0x8f0d) x14 0xfeffffff
core   0: 0x80009286 (0x0000c09d) c.beqz  s1, pc + 38
core   0: 3 0x80009286 (0xc09d)
core   0: 0x80009288 (0x00008f8d) c.sub   a5, a1
core   0: 3 0x80009288 (0x8f8d) x15 0x83ed5fdb
core   0: 0x8000928a (0x00008ff9) c.and   a5, a4
core   0: 3 0x8000928a (0x8ff9) x15 0x82ed5fdb
core   0: 0x8000928c (0x00008d91) c.sub   a1, a2
core   0: 3 0x8000928c (0x8d91) x11 0x00000001
core   0: 0x8000928e (0x00008c05) c.sub   s0, s1
core   0: 3 0x8000928e (0x8c05) x 8 0x8434b44d
core   0: 0x80009290 (0x000084a5) c.srai  s1, 9
core   0: 3 0x80009290 (0x84a5) x 9 0x003e0950
core   0: 0x80009292 (0x00009bfd) c.andi  a5, -1
core   0: 3 0x80009292 (0x9bfd) x15 0x82ed5fdb
core   0: 0x80009294 (0x00ebde63) bge     s7, a4, pc + 28
core   0: 3 0x80009294 (0x00ebde63)
core   0: 0x800092b0 (0x00009bee) c.add   s7, s11
core   0: 3 0x800092b0 (0x9bee) x23 0xafaace58
core   0: 0x800092b2 (0x031cfeb3) remu    t4, s9, a7
core   0: 3 0x800092b2 (0x031cfeb3) x29 0x00000000
core   0: 0x800092b6 (0x0000c399) c.beqz  a5, pc + 6
core   0: 3 0x800092b6 (0xc399)
core   0: 0x800092b8 (0x40400233) sub     tp, zero, tp
core   0: 3 0x800092b8 (0x40400233) x 4 0x00000000
core   0: 0x800092bc (0x0000100f) fence.i
core   0: 3 0x800092bc (0x0000100f)
core   0: 0x800092c0 (0x30017413) andi    s0, sp, 768
core   0: 3 0x800092c0 (0x30017413) x 8 0x00000000
core   0: 0x800092c4 (0x00009842) c.add   a6, a6
core   0: 3 0x800092c4 (0x9842) x16 0x0004dcb2
core   0: 0x800092c6 (0x01a40963) beq     s0, s10, pc + 18
core   0: 3 0x800092c6 (0x01a40963)
core   0: 0x800092ca (0xb680f913) andi    s2, ra, -1176
core   0: 3 0x800092ca (0xb680f913) x18 0x00000000
core   0: 0x800092ce (0x00008d5d) c.or    a0, a5
core   0: 3 0x800092ce (0x8d5d) x10 0x82ed5fff
core   0: 0x800092d0 (0x003d6fb3) or      t6, s10, gp
core   0: 3 0x800092d0 (0x003d6fb3) x31 0x8c82b01d
core   0: 0x800092d4 (0x019a5113) srli    sp, s4, 25
core   0: 3 0x800092d4 (0x019a5113) x 2 0x00000000
core   0: 0x800092d8 (0x013a3633) sltu    a2, s4, s3
core   0: 3 0x800092d8 (0x013a3633) x12 0x00000001
core   0: 0x800092dc (0x02a94d33) div     s10, s2, a0
core   0: 3 0x800092dc (0x02a94d33) x26 0x00000000
core   0: 0x800092e0 (0x007a8533) add     a0, s5, t2
core   0: 3 0x800092e0 (0x007a8533) x10 0x8002ace4
core   0: 0x800092e4 (0x000064f1) c.lui   s1, 0x1c
core   0: 3 0x800092e4 (0x64f1) x 9 0x0001c000
core   0: 0x800092e6 (0x000bda13) srli    s4, s7, 0
core   0: 3 0x800092e6 (0x000bda13) x20 0xafaace58
core   0: 0x800092ea (0x03491e63) bne     s2, s4, pc + 60
core   0: 3 0x800092ea (0x03491e63)
core   0: 0x80009326 (0x0ff0000f) fence   iorw,iorw
core   0: 3 0x80009326 (0x0ff0000f)
core   0: 0x8000932a (0x000007e1) c.addi  a5, 24
core   0: 3 0x8000932a (0x07e1) x15 0x82ed5ff3
core   0: 0x8000932c (0x00008d29) c.xor   a0, a0
core   0: 3 0x8000932c (0x8d29) x10 0x00000000
core   0: 0x8000932e (0x7c93af93) slti    t6, t2, 1993
core   0: 3 0x8000932e (0x7c93af93) x31 0x00000001
core   0: 0x80009332 (0x00000276) c.slli  tp, 29
core   0: 3 0x80009332 (0x0276) x 4 0x00000000
core   0: 0x80009334 (0x00006eb5) c.lui   t4, 0xd
core   0: 3 0x80009334 (0x6eb5) x29 0x0000d000
core   0: 0x80009336 (0x000012fd) c.addi  t0, -1
core   0: 3 0x80009336 (0x12fd) x 5 0x2fa85fff
core   0: 0x80009338 (0x000000de) c.slli  ra, 23
core   0: 3 0x80009338 (0x00de) x 1 0x00000000
core   0: 0x8000933a (0x000092fa) c.add   t0, t5
core   0: 3 0x8000933a (0x92fa) x 5 0x2fa85fff
core   0: 0x8000933c (0x0000987d) c.andi  s0, -1
core   0: 3 0x8000933c (0x987d) x 8 0x00000000
core   0: 0x8000933e (0x01549d63) bne     s1, s5, pc + 26
core   0: 3 0x8000933e (0x01549d63)
core   0: 0x80009358 (0x00000001) c.nop
core   0: 3 0x80009358 (0x0001)
core   0: 0x8000935a (0x0000100f) fence.i
core   0: 3 0x8000935a (0x0000100f)
core   0: 0x8000935e (0x1bc9a937) lui     s2, 0x1bc9a
core   0: 3 0x8000935e (0x1bc9a937) x18 0x1bc9a000
core   0: 0x80009362 (0x0000e99d) c.bnez  a1, pc + 54
core   0: 3 0x80009362 (0xe99d)
core   0: 0x80009398 (0x033a1d63) bne     s4, s3, pc + 58
core   0: 3 0x80009398 (0x033a1d63)
core   0: 0x800093d2 (0x00000162) c.slli  sp, 24
core   0: 3 0x800093d2 (0x0162) x 2 0x00000000
core   0: 0x800093d4 (0x01466133) or      sp, a2, s4
core   0: 3 0x800093d4 (0x01466133) x 2 0xafaace59
core   0: 0x800093d8 (0x4748bdb7) lui     s11, 0x4748b
core   0: 3 0x800093d8 (0x4748bdb7) x27 0x4748b000
core   0: 0x800093dc (0x00ce75b3) and     a1, t3, a2
core   0: 3 0x800093dc (0x00ce75b3) x11 0x00000001
core   0: 0x800093e0 (0x0000e20d) c.bnez  a2, pc + 34
core   0: 3 0x800093e0 (0xe20d)
core   0: 0x80009402 (0x00008a2a) c.mv    s4, a0
core   0: 3 0x80009402 (0x8a2a) x20 0x00000000
core   0: 0x80009404 (0x000093de) c.add   t2, s7
core   0: 3 0x80009404 (0x93de) x 7 0xafaace58
core   0: 0x80009406 (0x3931e413) ori     s0, gp, 915
core   0: 3 0x80009406 (0x3931e413) x 8 0x0000039f
core   0: 0x8000940a (0x035fce63) blt     t6, s5, pc + 60
core   0: 3 0x8000940a (0x035fce63)
core   0: 0x8000940e (0xccc36e93) ori     t4, t1, -820
core   0: 3 0x8000940e (0xccc36e93) x29 0xffffffdf
core   0: 0x80009412 (0x000088d1) c.andi  s1, 20
core   0: 3 0x80009412 (0x88d1) x 9 0x00000000
core   0: 0x80009414 (0x0000717d) c.addi16sp sp, -16
core   0: 3 0x80009414 (0x717d) x 2 0xafaace49
core   0: 0x80009416 (0x0227e863) bltu    a5, sp, pc + 48
core   0: 3 0x80009416 (0x0227e863)
core   0: 0x80009446 (0x0ff0000f) fence   iorw,iorw
core   0: 3 0x80009446 (0x0ff0000f)
core   0: 0x8000944a (0x000098fd) c.andi  s1, -1
core   0: 3 0x8000944a (0x98fd) x 9 0x00000000
core   0: 0x8000944c (0x007909b3) add     s3, s2, t2
core   0: 3 0x8000944c (0x007909b3) x19 0xcb746e58
core   0: 0x80009450 (0x02fd6233) rem     tp, s10, a5
core   0: 3 0x80009450 (0x02fd6233) x 4 0x00000000
core   0: 0x80009454 (0x4052d9b3) sra     s3, t0, t0
core   0: 3 0x80009454 (0x4052d9b3) x19 0x00000000
core   0: 0x80009458 (0x00db6663) bltu    s6, a3, pc + 12
core   0: 3 0x80009458 (0x00db6663)
core   0: 0x80009464 (0x00008621) c.srai  a2, 8
core   0: 3 0x80009464 (0x8621) x12 0x00000000
core   0: 0x80009466 (0x000082fa) c.mv    t0, t5
core   0: 3 0x80009466 (0x82fa) x 5 0x00000000
core   0: 0x80009468 (0x00000001) c.nop
core   0: 3 0x80009468 (0x0001)
core   0: 0x8000946a (0x0336b233) mulhu   tp, a3, s3
core   0: 3 0x8000946a (0x0336b233) x 4 0x00000000
core   0: 0x8000946e (0x0160dc33) srl     s8, ra, s6
core   0: 3 0x8000946e (0x0160dc33) x24 0x00000000
core   0: 0x80009472 (0x0000100f) fence.i
core   0: 3 0x80009472 (0x0000100f)
core   0: 0x80009476 (0x411c89b3) sub     s3, s9, a7
core   0: 3 0x80009476 (0x411c89b3) x19 0x7ffd91a8
core   0: 0x8000947a (0x8e9f7593) andi    a1, t5, -1815
core   0: 3 0x8000947a (0x8e9f7593) x11 0x00000000
core   0: 0x8000947e (0x0129e963) bltu    s3, s2, pc + 18
core   0: 3 0x8000947e (0x0129e963)
core   0: 0x80009482 (0x404f5933) sra     s2, t5, tp
core   0: 3 0x80009482 (0x404f5933) x18 0x00000000
core   0: 0x80009486 (0x1c240113) addi    sp, s0, 450
core   0: 3 0x80009486 (0x1c240113) x 2 0x00000561
core   0: 0x8000948a (0x00000ebe) c.slli  t4, 15
core   0: 3 0x8000948a (0x0ebe) x29 0xffef8000
core   0: 0x8000948c (0x039e5f63) bge     t3, s9, pc + 62
core   0: 3 0x8000948c (0x039e5f63)
core   0: 0x800094ca (0x026ca4b3) mulhsu  s1, s9, t1
core   0: 3 0x800094ca (0x026ca4b3) x 9 0x00000000
core   0: 0x800094ce (0x0000808e) c.mv    ra, gp
core   0: 3 0x800094ce (0x808e) x 1 0x0000001d
core   0: 0x800094d0 (0x37db6413) ori     s0, s6, 893
core   0: 3 0x800094d0 (0x37db6413) x 8 0x0000037d
core   0: 0x800094d4 (0x00008cb9) c.xor   s1, a4
core   0: 3 0x800094d4 (0x8cb9) x 9 0xfeffffff
core   0: 0x800094d6 (0x00000c90) c.addi4spn a2, sp, 592
core   0: 3 0x800094d6 (0x0c90) x12 0x000007b1
core   0: 0x800094d8 (0x025367b3) rem     a5, t1, t0
core   0: 3 0x800094d8 (0x025367b3) x15 0x0000075f
core   0: 0x800094dc (0x0000946a) c.add   s0, s10
core   0: 3 0x800094dc (0x946a) x 8 0x0000037d
core   0: 0x800094de (0x0ff0000f) fence   iorw,iorw
core   0: 3 0x800094de (0x0ff0000f)
core   0: 0x800094e2 (0x402b5e93) srai    t4, s6, 2
core   0: 3 0x800094e2 (0x402b5e93) x29 0x00000000
core   0: 0x800094e6 (0x68adfc13) andi    s8, s11, 1674
core   0: 3 0x800094e6 (0x68adfc13) x24 0x00000000
core   0: 0x800094ea (0x0ff0000f) fence   iorw,iorw
core   0: 3 0x800094ea (0x0ff0000f)
core   0: 0x800094ee (0x00008c71) c.and   s0, a2
core   0: 3 0x800094ee (0x8c71) x 8 0x00000331
core   0: 0x800094f0 (0x01fa34b3) sltu    s1, s4, t6
core   0: 3 0x800094f0 (0x01fa34b3) x 9 0x00000001
core   0: 0x800094f4 (0x02145b63) bge     s0, ra, pc + 54
core   0: 3 0x800094f4 (0x02145b63)
core   0: 0x8000952a (0x0067ba33) sltu    s4, a5, t1
core   0: 3 0x8000952a (0x0067ba33) x20 0x00000000
core   0: 0x8000952e (0xfe6a3193) sltiu   gp, s4, -26
core   0: 3 0x8000952e (0xfe6a3193) x 3 0x00000001
core   0: 0x80009532 (0x00008655) c.srai  a2, 21
core   0: 3 0x80009532 (0x8655) x12 0x00000000
core   0: 0x80009534 (0xa1408813) addi    a6, ra, -1516
core   0: 3 0x80009534 (0xa1408813) x16 0xfffffa31
core   0: 0x80009538 (0x0301e833) rem     a6, gp, a6
core   0: 3 0x80009538 (0x0301e833) x16 0x00000001
core   0: 0x8000953c (0x05214163) blt     sp, s2, pc + 66
core   0: 3 0x8000953c (0x05214163)
core   0: 0x80009540 (0x000097c6) c.add   a5, a7
core   0: 3 0x80009540 (0x97c6) x15 0x800275b7
core   0: 0x80009542 (0x02491033) mulh    zero, s2, tp
core   0: 3 0x80009542 (0x02491033)
core   0: 0x80009546 (0x0000100f) fence.i
core   0: 3 0x80009546 (0x0000100f)
core   0: 0x8000954a (0x00008f01) c.sub   a4, s0
core   0: 3 0x8000954a (0x8f01) x14 0xfefffcce
core   0: 0x8000954c (0x009c0763) beq     s8, s1, pc + 14
core   0: 3 0x8000954c (0x009c0763)
core   0: 0x80009550 (0x0000c389) c.beqz  a5, pc + 2
core   0: 3 0x80009550 (0xc389)
core   0: 0x80009552 (0x010c4033) xor     zero, s8, a6
core   0: 3 0x80009552 (0x010c4033)
core   0: 0x80009556 (0x6debec13) ori     s8, s7, 1758
core   0: 3 0x80009556 (0x6debec13) x24 0xafaacede
core   0: 0x8000955a (0x000098fd) c.andi  s1, -1
core   0: 3 0x8000955a (0x98fd) x 9 0x00000001
core   0: 0x8000955c (0x6c270a37) lui     s4, 0x6c270
core   0: 3 0x8000955c (0x6c270a37) x20 0x6c270000
core   0: 0x80009560 (0x40cf0533) sub     a0, t5, a2
core   0: 3 0x80009560 (0x40cf0533) x10 0x00000000
core   0: 0x80009564 (0x0000100f) fence.i
core   0: 3 0x80009564 (0x0000100f)
core   0: 0x80009568 (0x031c87b3) mul     a5, s9, a7
core   0: 3 0x80009568 (0x031c87b3) x15 0x00000000
core   0: 0x8000956c (0x01875e13) srli    t3, a4, 24
core   0: 3 0x8000956c (0x01875e13) x28 0x000000fe
core   0: 0x80009570 (0x02715d33) divu    s10, sp, t2
core   0: 3 0x80009570 (0x02715d33) x26 0x00000000
core   0: 0x80009574 (0x0ff0000f) fence   iorw,iorw
core   0: 3 0x80009574 (0x0ff0000f)
core   0: 0x80009578 (0x02287a63) bgeu    a6, sp, pc + 52
core   0: 3 0x80009578 (0x02287a63)
core   0: 0x8000957c (0x00008ff9) c.and   a5, a4
core   0: 3 0x8000957c (0x8ff9) x15 0x00000000
core   0: 0x8000957e (0x0ff0000f) fence   iorw,iorw
core   0: 3 0x8000957e (0x0ff0000f)
core   0: 0x80009582 (0x00008d15) c.sub   a0, a3
core   0: 3 0x80009582 (0x8d15) x10 0x03f6b3c8
core   0: 0x80009584 (0x000080b1) c.srli  s1, 12
core   0: 3 0x80009584 (0x80b1) x 9 0x00000000
core   0: 0x80009586 (0x0000197d) c.addi  s2, -1
core   0: 3 0x80009586 (0x197d) x18 0xffffffff
core   0: 0x80009588 (0x31844613) xori    a2, s0, 792
core   0: 3 0x80009588 (0x31844613) x12 0x00000029
core   0: 0x8000958c (0x04d15563) bge     sp, a3, pc + 74
core   0: 3 0x8000958c (0x04d15563)
core   0: 0x800095d6 (0x000003f2) c.slli  t2, 28
core   0: 3 0x800095d6 (0x03f2) x 7 0x80000000
core   0: 0x800095d8 (0x0136b2b3) sltu    t0, a3, s3
core   0: 3 0x800095d8 (0x0136b2b3) x 5 0x00000000
core   0: 0x800095dc (0x03f39b33) mulh    s6, t2, t6
core   0: 3 0x800095dc (0x03f39b33) x22 0xffffffff
core   0: 0x800095e0 (0x00000c39) c.addi  s8, 14
core   0: 3 0x800095e0 (0x0c39) x24 0xafaaceec
core   0: 0x800095e2 (0x01c41093) slli    ra, s0, 28
core   0: 3 0x800095e2 (0x01c41093) x 1 0x10000000
core   0: 0x800095e6 (0x0159b7b3) sltu    a5, s3, s5
core   0: 3 0x800095e6 (0x0159b7b3) x15 0x00000001
core   0: 0x800095ea (0x4173dbb3) sra     s7, t2, s7
core   0: 3 0x800095ea (0x4173dbb3) x23 0xffffff80
core   0: 0x800095ee (0x00000001) c.nop
core   0: 3 0x800095ee (0x0001)
core   0: 0x800095f0 (0x019ca533) slt     a0, s9, s9
core   0: 3 0x800095f0 (0x019ca533) x10 0x00000000
core   0: 0x800095f4 (0x00000606) c.slli  a2, 1
core   0: 3 0x800095f4 (0x0606) x12 0x00000052
core   0: 0x800095f6 (0x0000ecf9) c.bnez  s1, pc + 222
core   0: 3 0x800095f6 (0xecf9)
core   0: 0x800095f8 (0x00006175) c.addi16sp sp, 368
core   0: 3 0x800095f8 (0x6175) x 2 0x000006d1
core   0: 0x800095fa (0x00009b7d) c.andi  a4, -1
core   0: 3 0x800095fa (0x9b7d) x14 0xfefffcce
core   0: 0x800095fc (0x00008fe5) c.and   a5, s1
core   0: 3 0x800095fc (0x8fe5) x15 0x00000000
core   0: 0x800095fe (0x01c4e833) or      a6, s1, t3
core   0: 3 0x800095fe (0x01c4e833) x16 0x000000fe
core   0: 0x80009602 (0x3e2da5b7) lui     a1, 0x3e2da
core   0: 3 0x80009602 (0x3e2da5b7) x11 0x3e2da000
core   0: 0x80009606 (0x034f49b3) div     s3, t5, s4
core   0: 3 0x80009606 (0x034f49b3) x19 0x00000000
core   0: 0x8000960a (0x0c596f63) bltu    s2, t0, pc + 222
core   0: 3 0x8000960a (0x0c596f63)
core   0: 0x8000960e (0x03122e33) mulhsu  t3, tp, a7
core   0: 3 0x8000960e (0x03122e33) x28 0x00000000
core   0: 0x80009612 (0x419d5733) sra     a4, s10, s9
core   0: 3 0x80009612 (0x419d5733) x14 0x00000000
core   0: 0x80009616 (0x0c647163) bgeu    s0, t1, pc + 194
core   0: 3 0x80009616 (0x0c647163)
core   0: 0x8000961a (0x00001e7d) c.addi  t3, -1
core   0: 3 0x8000961a (0x1e7d) x28 0xffffffff
core   0: 0x8000961c (0x01b482b3) add     t0, s1, s11
core   0: 3 0x8000961c (0x01b482b3) x 5 0x4748b000
core   0: 0x80009620 (0x0bea6f63) bltu    s4, t5, pc + 190
core   0: 3 0x80009620 (0x0bea6f63)
core   0: 0x80009624 (0x00012a17) auipc   s4, 0x12
core   0: 3 0x80009624 (0x00012a17) x20 0x8001b624
core   0: 0x80009628 (0xe88a0a13) addi    s4, s4, -376
core   0: 3 0x80009628 (0xe88a0a13) x20 0x8001b4ac
core   0: 0x8000962c (0xfc8a03a3) sb      s0, -57(s4)
core   0: 3 0x8000962c (0xfc8a03a3) mem 0x8001b473 0x31
core   0: 0x80009630 (0x007d1293) slli    t0, s10, 7
core   0: 3 0x80009630 (0x007d1293) x 5 0x00000000
core   0: 0x80009634 (0x01d65f93) srli    t6, a2, 29
core   0: 3 0x80009634 (0x01d65f93) x31 0x00000000
core   0: 0x80009638 (0x0000846d) c.srai  s0, 27
core   0: 3 0x80009638 (0x846d) x 8 0x00000000
core   0: 0x8000963a (0xfeca08a3) sb      a2, -15(s4)
core   0: 3 0x8000963a (0xfeca08a3) mem 0x8001b49d 0x52
core   0: 0x8000963e (0x024fc2b3) div     t0, t6, tp
core   0: 3 0x8000963e (0x024fc2b3) x 5 0xffffffff
core   0: 0x80009642 (0x028fe2b3) rem     t0, t6, s0
core   0: 3 0x80009642 (0x028fe2b3) x 5 0x00000000
core   0: 0x80009646 (0xff2a0283) lb      t0, -14(s4)
core   0: 3 0x80009646 (0xff2a0283) x 5 0x00000055 mem 0x8001b49e
core   0: 0x8000964a (0x01ad32b3) sltu    t0, s10, s10
core   0: 3 0x8000964a (0x01ad32b3) x 5 0x00000000
core   0: 0x8000964e (0x00008c51) c.or    s0, a2
core   0: 3 0x8000964e (0x8c51) x 8 0x00000052
core   0: 0x80009650 (0xfd7a4203) lbu     tp, -41(s4)
core   0: 3 0x80009650 (0xfd7a4203) x 4 0x00000038 mem 0x8001b483
core   0: 0x80009654 (0x024642b3) div     t0, a2, tp
core   0: 3 0x80009654 (0x024642b3) x 5 0x00000001
core   0: 0x80009658 (0x951b9d37) lui     s10, 0x951b9
core   0: 3 0x80009658 (0x951b9d37) x26 0x951b9000
core   0: 0x8000965c (0x00cd12b3) sll     t0, s10, a2
core   0: 3 0x8000965c (0x00cd12b3) x 5 0x40000000
core   0: 0x80009660 (0x008d5433) srl     s0, s10, s0
core   0: 3 0x80009660 (0x008d5433) x 8 0x00002546
core   0: 0x80009664 (0xff6a1d03) lh      s10, -10(s4)
core   0: 3 0x80009664 (0xff6a1d03) x26 0x00005859 mem 0x8001b4a2
core   0: 0x80009668 (0x031a0f83) lb      t6, 49(s4)
core   0: 3 0x80009668 (0x031a0f83) x31 0xffffff96 mem 0x8001b4dd
core   0: 0x8000966c (0x41a40d33) sub     s10, s0, s10
core   0: 3 0x8000966c (0x41a40d33) x26 0xffffcced
core   0: 0x80009670 (0xfffa0e23) sb      t6, -4(s4)
core   0: 3 0x80009670 (0xfffa0e23) mem 0x8001b4a8 0x96
core   0: 0x80009674 (0x00ca1f23) sh      a2, 30(s4)
core   0: 3 0x80009674 (0x00ca1f23) mem 0x8001b4ca 0x0052
core   0: 0x80009678 (0x00009216) c.add   tp, t0
core   0: 3 0x80009678 (0x9216) x 4 0x40000038
core   0: 0x8000967a (0x00000262) c.slli  tp, 24
core   0: 3 0x8000967a (0x0262) x 4 0x38000000
core   0: 0x8000967c (0x00c452b3) srl     t0, s0, a2
core   0: 3 0x8000967c (0x00c452b3) x 5 0x00000000
core   0: 0x80009680 (0x02ca03a3) sb      a2, 39(s4)
core   0: 3 0x80009680 (0x02ca03a3) mem 0x8001b4d3 0x52
core   0: 0x80009684 (0x032a5f83) lhu     t6, 50(s4)
core   0: 3 0x80009684 (0x032a5f83) x31 0x00009495 mem 0x8001b4de
core   0: 0x80009688 (0x02445633) divu    a2, s0, tp
core   0: 3 0x80009688 (0x02445633) x12 0x00000000
core   0: 0x8000968c (0x00001d7d) c.addi  s10, -1
core   0: 3 0x8000968c (0x1d7d) x26 0xffffccec
core   0: 0x8000968e (0x01fa0ca3) sb      t6, 25(s4)
core   0: 3 0x8000968e (0x01fa0ca3) mem 0x8001b4c5 0x95
core   0: 0x80009692 (0xfd2a4283) lbu     t0, -46(s4)
core   0: 3 0x80009692 (0xfd2a4283) x 5 0x00000035 mem 0x8001b47e
core   0: 0x80009696 (0x034a2203) lw      tp, 52(s4)
core   0: 3 0x80009696 (0x034a2203) x 4 0x98999a9b mem 0x8001b4e0
core   0: 0x8000969a (0xfeca2d03) lw      s10, -20(s4)
core   0: 3 0x8000969a (0xfeca2d03) x26 0x50515253 mem 0x8001b498
core   0: 0x8000969e (0x0000646d) c.lui   s0, 0x1b
core   0: 3 0x8000969e (0x646d) x 8 0x0001b000
core   0: 0x800096a0 (0x01ffc433) xor     s0, t6, t6
core   0: 3 0x800096a0 (0x01ffc433) x 8 0x00000000
core   0: 0x800096a4 (0x0372b613) sltiu   a2, t0, 55
core   0: 3 0x800096a4 (0x0372b613) x12 0x00000001
core   0: 0x800096a8 (0x008f92b3) sll     t0, t6, s0
core   0: 3 0x800096a8 (0x008f92b3) x 5 0x00009495
core   0: 0x800096ac (0xc6d28d13) addi    s10, t0, -915
core   0: 3 0x800096ac (0xc6d28d13) x26 0x00009102
core   0: 0x800096b0 (0xffaa0603) lb      a2, -6(s4)
core   0: 3 0x800096b0 (0xffaa0603) x12 0x0000005d mem 0x8001b4a6
core   0: 0x800096b4 (0x40c452b3) sra     t0, s0, a2
core   0: 3 0x800096b4 (0x40c452b3) x 5 0x00000000
core   0: 0x800096b8 (0x013a4203) lbu     tp, 19(s4)
core   0: 3 0x800096b8 (0x013a4203) x 4 0x00000074 mem 0x8001b4bf
core   0: 0x800096bc (0x004a2223) sw      tp, 4(s4)
core   0: 3 0x800096bc (0x004a2223) mem 0x8001b4b0 0x00000074
core   0: 0x800096c0 (0x004fa433) slt     s0, t6, tp
core   0: 3 0x800096c0 (0x004fa433) x 8 0x00000000
core   0: 0x800096c4 (0xa7ba2237) lui     tp, 0xa7ba2
core   0: 3 0x800096c4 (0xa7ba2237) x 4 0xa7ba2000
core   0: 0x800096c8 (0x40425d33) sra     s10, tp, tp
core   0: 3 0x800096c8 (0x40425d33) x26 0xa7ba2000
core   0: 0x800096cc (0x02ea4f83) lbu     t6, 46(s4)
core   0: 3 0x800096cc (0x02ea4f83) x31 0x00000091 mem 0x8001b4da
core   0: 0x800096d0 (0xfc9a4603) lbu     a2, -55(s4)
core   0: 3 0x800096d0 (0xfc9a4603) x12 0x0000002e mem 0x8001b475
core   0: 0x800096d4 (0x00008f72) c.mv    t5, t3
core   0: 3 0x800096d4 (0x8f72) x30 0xffffffff
core   0: 0x800096d6 (0x00009fd2) c.add   t6, s4
core   0: 3 0x800096d6 (0x9fd2) x31 0x8001b53d
core   0: 0x800096d8 (0xc1a84993) xori    s3, a6, -998
core   0: 3 0x800096d8 (0xc1a84993) x19 0xfffffce4
core   0: 0x800096dc (0x00008de1) c.and   a1, s0
core   0: 3 0x800096dc (0x8de1) x11 0x00000000
core   0: 0x800096de (0x000005be) c.slli  a1, 15
core   0: 3 0x800096de (0x05be) x11 0x00000000
core   0: 0x800096e0 (0x0ff0000f) fence   iorw,iorw
core   0: 3 0x800096e0 (0x0ff0000f)
core   0: 0x800096e4 (0x25fe0517) auipc   a0, 0x25fe0
core   0: 3 0x800096e4 (0x25fe0517) x10 0xa5fe96e4
core   0: 0x800096e8 (0x000082f6) c.mv    t0, t4
core   0: 3 0x800096e8 (0x82f6) x 5 0x00000000
core   0: 0x800096ea (0x02c893b3) mulh    t2, a7, a2
core   0: 3 0x800096ea (0x02c893b3) x 7 0xffffffe9
core   0: 0x800096ee (0x00008cf1) c.and   s1, a2
core   0: 3 0x800096ee (0x8cf1) x 9 0x00000000
core   0: 0x800096f0 (0x0000ea1d) c.bnez  a2, pc + 54
core   0: 3 0x800096f0 (0xea1d)
core   0: 0x80009726 (0x004c4c33) xor     s8, s8, tp
core   0: 3 0x80009726 (0x004c4c33) x24 0x0810eeec
core   0: 0x8000972a (0x03dba433) mulhsu  s0, s7, t4
core   0: 3 0x8000972a (0x03dba433) x 8 0x00000000
core   0: 0x8000972e (0x00f79233) sll     tp, a5, a5
core   0: 3 0x8000972e (0x00f79233) x 4 0x00000000
core   0: 0x80009732 (0x5262f313) andi    t1, t0, 1318
core   0: 3 0x80009732 (0x5262f313) x 6 0x00000000
core   0: 0x80009736 (0x01daa5b3) slt     a1, s5, t4
core   0: 3 0x80009736 (0x01daa5b3) x11 0x00000001
core   0: 0x8000973a (0x02c7a833) mulhsu  a6, a5, a2
core   0: 3 0x8000973a (0x02c7a833) x16 0x00000000
core   0: 0x8000973e (0x29b0f213) andi    tp, ra, 667
core   0: 3 0x8000973e (0x29b0f213) x 4 0x00000000
core   0: 0x80009742 (0x00008d45) c.or    a0, s1
core   0: 3 0x80009742 (0x8d45) x10 0xa5fe96e4
core   0: 0x80009744 (0xfea3c413) xori    s0, t2, -22
core   0: 3 0x80009744 (0xfea3c413) x 8 0x00000003
core   0: 0x80009748 (0x00008ca1) c.xor   s1, s0
core   0: 3 0x80009748 (0x8ca1) x 9 0x00000003
core   0: 0x8000974a (0x00006205) c.lui   tp, 0x1
core   0: 3 0x8000974a (0x6205) x 4 0x00001000
core   0: 0x8000974c (0x00000001) c.nop
core   0: 3 0x8000974c (0x0001)
core   0: 0x8000974e (0x02cbf063) bgeu    s7, a2, pc + 32
core   0: 3 0x8000974e (0x02cbf063)
core   0: 0x8000976e (0x2ef06013) ori     zero, zero, 751
core   0: 3 0x8000976e (0x2ef06013)
core   0: 0x80009772 (0x41178333) sub     t1, a5, a7
core   0: 3 0x80009772 (0x41178333) x 6 0x7ffd91a8
core   0: 0x80009776 (0x001c19b3) sll     s3, s8, ra
core   0: 3 0x80009776 (0x001c19b3) x19 0x0810eeec
core   0: 0x8000977a (0xdc508f37) lui     t5, 0xdc508
core   0: 3 0x8000977a (0xdc508f37) x30 0xdc508000
core   0: 0x8000977e (0x0000ca19) c.beqz  a2, pc + 22
core   0: 3 0x8000977e (0xca19)
core   0: 0x80009780 (0x0302f963) bgeu    t0, a6, pc + 50
core   0: 3 0x80009780 (0x0302f963)
core   0: 0x800097b2 (0x024ccdb3) div     s11, s9, tp
core   0: 3 0x800097b2 (0x024ccdb3) x27 0x00000000
core   0: 0x800097b6 (0x00008631) c.srai  a2, 12
core   0: 3 0x800097b6 (0x8631) x12 0x00000000
core   0: 0x800097b8 (0x0000100f) fence.i
core   0: 3 0x800097b8 (0x0000100f)
core   0: 0x800097bc (0x035b5d63) bge     s6, s5, pc + 58
core   0: 3 0x800097bc (0x035b5d63)
core   0: 0x800097f6 (0x02ae7eb3) remu    t4, t3, a0
core   0: 3 0x800097f6 (0x02ae7eb3) x29 0x5a01691b
core   0: 0x800097fa (0x01c19213) slli    tp, gp, 28
core   0: 3 0x800097fa (0x01c19213) x 4 0x10000000
core   0: 0x800097fe (0x8f34cd93) xori    s11, s1, -1805
core   0: 3 0x800097fe (0x8f34cd93) x27 0xfffff8f0
core   0: 0x80009802 (0x01d1f433) and     s0, gp, t4
core   0: 3 0x80009802 (0x01d1f433) x 8 0x00000001
core   0: 0x80009806 (0x0028bdb3) sltu    s11, a7, sp
core   0: 3 0x80009806 (0x0028bdb3) x27 0x00000000
core   0: 0x8000980a (0x0000e40d) c.bnez  s0, pc + 42
core   0: 3 0x8000980a (0xe40d)
core   0: 0x80009834 (0x03777363) bgeu    a4, s7, pc + 38
core   0: 3 0x80009834 (0x03777363)
core   0: 0x80009838 (0x00008e71) c.and   a2, a2
core   0: 3 0x80009838 (0x8e71) x12 0x00000000
core   0: 0x8000983a (0x00000001) c.nop
core   0: 3 0x8000983a (0x0001)
core   0: 0x8000983c (0x0283ecb3) rem     s9, t2, s0
core   0: 3 0x8000983c (0x0283ecb3) x25 0x00000000
core   0: 0x80009840 (0xb88bf813) andi    a6, s7, -1144
core   0: 3 0x80009840 (0xb88bf813) x16 0xfffffb80
core   0: 0x80009844 (0x00d56e33) or      t3, a0, a3
core   0: 3 0x80009844 (0x00d56e33) x28 0xfdffdefc
core   0: 0x80009848 (0x00006ca9) c.lui   s9, 0xa
core   0: 3 0x80009848 (0x6ca9) x25 0x0000a000
core   0: 0x8000984a (0x0000c229) c.beqz  a2, pc + 66
core   0: 3 0x8000984a (0xc229)
core   0: 0x8000988c (0x01ccfe63) bgeu    s9, t3, pc + 28
core   0: 3 0x8000988c (0x01ccfe63)
core   0: 0x80009890 (0x000085e9) c.srai  a1, 26
core   0: 3 0x80009890 (0x85e9) x11 0x00000000
core   0: 0x80009892 (0x49bc7113) andi    sp, s8, 1179
core   0: 3 0x80009892 (0x49bc7113) x 2 0x00000488
core   0: 0x80009896 (0x40ae5133) sra     sp, t3, a0
core   0: 3 0x80009896 (0x40ae5133) x 2 0xffdffdef
core   0: 0x8000989a (0x6ac62213) slti    tp, a2, 1708
core   0: 3 0x8000989a (0x6ac62213) x 4 0x00000001
core   0: 0x8000989e (0x0163d733) srl     a4, t2, s6
core   0: 3 0x8000989e (0x0163d733) x14 0x00000001
core   0: 0x800098a2 (0x00b59fb3) sll     t6, a1, a1
core   0: 3 0x800098a2 (0x00b59fb3) x31 0x00000000
core   0: 0x800098a6 (0x0000616d) c.addi16sp sp, 240
core   0: 3 0x800098a6 (0x616d) x 2 0xffdffedf
core   0: 0x800098a8 (0x00537433) and     s0, t1, t0
core   0: 3 0x800098a8 (0x00537433) x 8 0x00000000
core   0: 0x800098ac (0x00008495) c.srai  s1, 5
core   0: 3 0x800098ac (0x8495) x 9 0x00000000
core   0: 0x800098ae (0x00009512) c.add   a0, tp
core   0: 3 0x800098ae (0x9512) x10 0xa5fe96e5
core   0: 0x800098b0 (0x0000066a) c.slli  a2, 26
core   0: 3 0x800098b0 (0x066a) x12 0x00000000
core   0: 0x800098b2 (0x00008259) c.srli  a2, 22
core   0: 3 0x800098b2 (0x8259) x12 0x00000000
core   0: 0x800098b4 (0x00008e49) c.or    a2, a0
core   0: 3 0x800098b4 (0x8e49) x12 0xa5fe96e5
core   0: 0x800098b6 (0x407cd933) sra     s2, s9, t2
core   0: 3 0x800098b6 (0x407cd933) x18 0x00000050
core   0: 0x800098ba (0x02f0b133) mulhu   sp, ra, a5
core   0: 3 0x800098ba (0x02f0b133) x 2 0x00000000
core   0: 0x800098be (0x36bbdbb7) lui     s7, 0x36bbd
core   0: 3 0x800098be (0x36bbdbb7) x23 0x36bbd000
core   0: 0x800098c2 (0x00001d7d) c.addi  s10, -1
core   0: 3 0x800098c2 (0x1d7d) x26 0xa7ba1fff
core   0: 0x800098c4 (0x00000001) c.nop
core   0: 3 0x800098c4 (0x0001)
core   0: 0x800098c6 (0x40ed03b3) sub     t2, s10, a4
core   0: 3 0x800098c6 (0x40ed03b3) x 7 0xa7ba1ffe
core   0: 0x800098ca (0xa5a10293) addi    t0, sp, -1446
core   0: 3 0x800098ca (0xa5a10293) x 5 0xfffffa5a
core   0: 0x800098ce (0x01b80633) add     a2, a6, s11
core   0: 3 0x800098ce (0x01b80633) x12 0xfffffb80
core   0: 0x800098d2 (0x0ff0000f) fence   iorw,iorw
core   0: 3 0x800098d2 (0x0ff0000f)
core   0: 0x800098d6 (0x00001b98) c.addi4spn a4, sp, 496
core   0: 3 0x800098d6 (0x1b98) x14 0x000001f0
core   0: 0x800098d8 (0x03b1f033) remu    zero, gp, s11
core   0: 3 0x800098d8 (0x03b1f033)
core   0: 0x800098dc (0x01c41233) sll     tp, s0, t3
core   0: 3 0x800098dc (0x01c41233) x 4 0x00000000
core   0: 0x800098e0 (0x0ff0000f) fence   iorw,iorw
core   0: 3 0x800098e0 (0x0ff0000f)
core   0: 0x800098e4 (0x0000c809) c.beqz  s0, pc + 18
core   0: 3 0x800098e4 (0xc809)
core   0: 0x800098f6 (0x03ba64b3) rem     s1, s4, s11
core   0: 3 0x800098f6 (0x03ba64b3) x 9 0x8001b4ac
core   0: 0x800098fa (0x000083b2) c.mv    t2, a2
core   0: 3 0x800098fa (0x83b2) x 7 0xfffffb80
core   0: 0x800098fc (0x00009096) c.add   ra, t0
core   0: 3 0x800098fc (0x9096) x 1 0x0ffffa5a
core   0: 0x800098fe (0x03640433) mul     s0, s0, s6
core   0: 3 0x800098fe (0x03640433) x 8 0x00000000
core   0: 0x80009902 (0x0000e885) c.bnez  s1, pc + 48
core   0: 3 0x80009902 (0xe885)
core   0: 0x80009932 (0x00eaca33) xor     s4, s5, a4
core   0: 3 0x80009932 (0x00eaca33) x20 0x8002ad14
core   0: 0x80009936 (0x03b7f7b3) remu    a5, a5, s11
core   0: 3 0x80009936 (0x03b7f7b3) x15 0x00000000
core   0: 0x8000993a (0x00008572) c.mv    a0, t3
core   0: 3 0x8000993a (0x8572) x10 0xfdffdefc
core   0: 0x8000993c (0x01d7ee33) or      t3, a5, t4
core   0: 3 0x8000993c (0x01d7ee33) x28 0x5a01691b
core   0: 0x80009940 (0x00008225) c.srli  a2, 9
core   0: 3 0x80009940 (0x8225) x12 0x007ffffd
core   0: 0x80009942 (0x00000001) c.nop
core   0: 3 0x80009942 (0x0001)
core   0: 0x80009944 (0x40da54b3) sra     s1, s4, a3
core   0: 3 0x80009944 (0x40da54b3) x 9 0xffffff80
core   0: 0x80009948 (0x031e6b33) rem     s6, t3, a7
core   0: 3 0x80009948 (0x031e6b33) x22 0x5a01691b
core   0: 0x8000994c (0x00ee1e93) slli    t4, t3, 14
core   0: 3 0x8000994c (0x00ee1e93) x29 0x5a46c000
core   0: 0x80009950 (0x0007d033) srl     zero, a5, zero
core   0: 3 0x80009950 (0x0007d033)
core   0: 0x80009954 (0x031fc1b3) div     gp, t6, a7
core   0: 3 0x80009954 (0x031fc1b3) x 3 0x00000000
core   0: 0x80009958 (0x00009636) c.add   a2, a3
core   0: 3 0x80009958 (0x9636) x12 0xfc894c35
core   0: 0x8000995a (0x000083d5) c.srli  a5, 21
core   0: 3 0x8000995a (0x83d5) x15 0x00000000
core   0: 0x8000995c (0x00877333) and     t1, a4, s0
core   0: 3 0x8000995c (0x00877333) x 6 0x00000000
core   0: 0x80009960 (0x0000187d) c.addi  a6, -1
core   0: 3 0x80009960 (0x187d) x16 0xfffffb7f
core   0: 0x80009962 (0x030352b3) divu    t0, t1, a6
core   0: 3 0x80009962 (0x030352b3) x 5 0x00000000
core   0: 0x80009966 (0x029b3e33) mulhu   t3, s6, s1
core   0: 3 0x80009966 (0x029b3e33) x28 0x5a0168ed
core   0: 0x8000996a (0x03902033) mulhsu  zero, zero, s9
core   0: 3 0x8000996a (0x03902033)
core   0: 0x8000996e (0x036d9663) bne     s11, s6, pc + 44
core   0: 3 0x8000996e (0x036d9663)
core   0: 0x8000999a (0x00006139) c.addi16sp sp, 448
core   0: 3 0x8000999a (0x6139) x 2 0x000001c0
core   0: 0x8000999c (0x0000830d) c.srli  a4, 3
core   0: 3 0x8000999c (0x830d) x14 0x0000003e
core   0: 0x8000999e (0x41938533) sub     a0, t2, s9
core   0: 3 0x8000999e (0x41938533) x10 0xffff5b80
core   0: 0x800099a2 (0x000094ce) c.add   s1, s3
core   0: 3 0x800099a2 (0x94ce) x 9 0x0810ee6c
core   0: 0x800099a4 (0x01c11b33) sll     s6, sp, t3
core   0: 3 0x800099a4 (0x01c11b33) x22 0x00380000
core   0: 0x800099a8 (0x41445c33) sra     s8, s0, s4
core   0: 3 0x800099a8 (0x41445c33) x24 0x00000000
core   0: 0x800099ac (0x0000100f) fence.i
core   0: 3 0x800099ac (0x0000100f)
core   0: 0x800099b0 (0x57202913) slti    s2, zero, 1394
core   0: 3 0x800099b0 (0x57202913) x18 0x00000001
core   0: 0x800099b4 (0x038c1733) mulh    a4, s8, s8
core   0: 3 0x800099b4 (0x038c1733) x14 0x00000000
core   0: 0x800099b8 (0x00008bb6) c.mv    s7, a3
core   0: 3 0x800099b8 (0x8bb6) x23 0xfc094c38
core   0: 0x800099ba (0x02c910b3) mulh    ra, s2, a2
core   0: 3 0x800099ba (0x02c910b3) x 1 0xffffffff
core   0: 0x800099be (0x02435963) bge     t1, tp, pc + 50
core   0: 3 0x800099be (0x02435963)
core   0: 0x800099f0 (0x03011033) mulh    zero, sp, a6
core   0: 3 0x800099f0 (0x03011033)
core   0: 0x800099f4 (0x00415bb3) srl     s7, sp, tp
core   0: 3 0x800099f4 (0x00415bb3) x23 0x000001c0
core   0: 0x800099f8 (0x01f36193) ori     gp, t1, 31
core   0: 3 0x800099f8 (0x01f36193) x 3 0x0000001f
core   0: 0x800099fc (0x00006169) c.addi16sp sp, 208
core   0: 3 0x800099fc (0x6169) x 2 0x00000290
core   0: 0x800099fe (0x0ff0000f) fence   iorw,iorw
core   0: 3 0x800099fe (0x0ff0000f)
core   0: 0x80009a02 (0x05d44063) blt     s0, t4, pc + 64
core   0: 3 0x80009a02 (0x05d44063)
core   0: 0x80009a42 (0x6ac9b993) sltiu   s3, s3, 1708
core   0: 3 0x80009a42 (0x6ac9b993) x19 0x00000000
core   0: 0x80009a46 (0x020cb633) mulhu   a2, s9, zero
core   0: 3 0x80009a46 (0x020cb633) x12 0x00000000
core   0: 0x80009a4a (0x010de533) or      a0, s11, a6
core   0: 3 0x80009a4a (0x010de533) x10 0xfffffb7f
core   0: 0x80009a4e (0x6e6cf313) andi    t1, s9, 1766
core   0: 3 0x80009a4e (0x6e6cf313) x 6 0x00000000
core   0: 0x80009a52 (0x026dc3b3) div     t2, s11, t1
core   0: 3 0x80009a52 (0x026dc3b3) x 7 0xffffffff
core   0: 0x80009a56 (0x0000100f) fence.i
core   0: 3 0x80009a56 (0x0000100f)
core   0: 0x80009a5a (0x03055a63) bge     a0, a6, pc + 52
core   0: 3 0x80009a5a (0x03055a63)
core   0: 0x80009a8e (0x0351e7b3) rem     a5, gp, s5
core   0: 3 0x80009a8e (0x0351e7b3) x15 0x0000001f
core   0: 0x80009a92 (0x00000100) c.addi4spn s0, sp, 128
core   0: 3 0x80009a92 (0x0100) x 8 0x00000310
core   0: 0x80009a94 (0x0000e601) c.bnez  a2, pc + 8
core   0: 3 0x80009a94 (0xe601)
core   0: 0x80009a96 (0xaf026f13) ori     t5, tp, -1296
core   0: 3 0x80009a96 (0xaf026f13) x30 0xfffffaf0
core   0: 0x80009a9a (0x00006ba9) c.lui   s7, 0xa
core   0: 3 0x80009a9a (0x6ba9) x23 0x0000a000
core   0: 0x80009a9c (0x413bd393) srai    t2, s7, 19
core   0: 3 0x80009a9c (0x413bd393) x 7 0x00000000
core   0: 0x80009aa0 (0x03bf1033) mulh    zero, t5, s11
core   0: 3 0x80009aa0 (0x03bf1033)
core   0: 0x80009aa4 (0x00000512) c.slli  a0, 4
core   0: 3 0x80009aa4 (0x0512) x10 0xffffb7f0
core   0: 0x80009aa6 (0x175dac17) auipc   s8, 0x175da
core   0: 3 0x80009aa6 (0x175dac17) x24 0x975e3aa6
core   0: 0x80009aaa (0x00006379) c.lui   t1, 0x1e
core   0: 3 0x80009aaa (0x6379) x 6 0x0001e000
core   0: 0x80009aac (0x00008749) c.srai  a4, 18
core   0: 3 0x80009aac (0x8749) x14 0x00000000
core   0: 0x80009aae (0x03726163) bltu    tp, s7, pc + 34
core   0: 3 0x80009aae (0x03726163)
core   0: 0x80009ad0 (0x000005da) c.slli  a1, 22
core   0: 3 0x80009ad0 (0x05da) x11 0x00000000
core   0: 0x80009ad2 (0x0000e089) c.bnez  s1, pc + 2
core   0: 3 0x80009ad2 (0xe089)
core   0: 0x80009ad4 (0x02138563) beq     t2, ra, pc + 42
core   0: 3 0x80009ad4 (0x02138563)
core   0: 0x80009ad8 (0x014dec33) or      s8, s11, s4
core   0: 3 0x80009ad8 (0x014dec33) x24 0x8002ad14
core   0: 0x80009adc (0x0000ed81) c.bnez  a1, pc + 24
core   0: 3 0x80009adc (0xed81)
core   0: 0x80009ade (0x00008fd5) c.or    a5, a3
core   0: 3 0x80009ade (0x8fd5) x15 0xfc094c3f
core   0: 0x80009ae0 (0x00b652b3) srl     t0, a2, a1
core   0: 3 0x80009ae0 (0x00b652b3) x 5 0x00000000
core   0: 0x80009ae4 (0x0000cd9d) c.beqz  a1, pc + 62
core   0: 3 0x80009ae4 (0xcd9d)
core   0: 0x80009b22 (0x0308d563) bge     a7, a6, pc + 42
core   0: 3 0x80009b22 (0x0308d563)
core   0: 0x80009b26 (0x00008e65) c.and   a2, s1
core   0: 3 0x80009b26 (0x8e65) x12 0x00000000
core   0: 0x80009b28 (0x00009156) c.add   sp, s5
core   0: 3 0x80009b28 (0x9156) x 2 0x8002af74
core   0: 0x80009b2a (0xdbfb7793) andi    a5, s6, -577
core   0: 3 0x80009b2a (0xdbfb7793) x15 0x00380000
core   0: 0x80009b2e (0x00000ba2) c.slli  s7, 8
core   0: 3 0x80009b2e (0x0ba2) x23 0x00a00000
core   0: 0x80009b30 (0x020a1c33) mulh    s8, s4, zero
core   0: 3 0x80009b30 (0x020a1c33) x24 0x00000000
core   0: 0x80009b34 (0x019d3c33) sltu    s8, s10, s9
core   0: 3 0x80009b34 (0x019d3c33) x24 0x00000000
core   0: 0x80009b38 (0x0000187d) c.addi  a6, -1
core   0: 3 0x80009b38 (0x187d) x16 0xfffffb7e
core   0: 0x80009b3a (0x03d2c2b3) div     t0, t0, t4
core   0: 3 0x80009b3a (0x03d2c2b3) x 5 0x00000000
core   0: 0x80009b3e (0x000061f1) c.lui   gp, 0x1c
core   0: 3 0x80009b3e (0x61f1) x 3 0x0001c000
core   0: 0x80009b40 (0x00008b1a) c.mv    s6, t1
core   0: 3 0x80009b40 (0x8b1a) x22 0x0001e000
core   0: 0x80009b42 (0x000f2c33) slt     s8, t5, zero
core   0: 3 0x80009b42 (0x000f2c33) x24 0x00000001
core   0: 0x80009b46 (0x00363033) sltu    zero, a2, gp
core   0: 3 0x80009b46 (0x00363033)
core   0: 0x80009b4a (0x0000717d) c.addi16sp sp, -16
core   0: 3 0x80009b4a (0x717d) x 2 0x8002af64
core   0: 0x80009b4c (0x01a2d833) srl     a6, t0, s10
core   0: 3 0x80009b4c (0x01a2d833) x16 0x00000000
core   0: 0x80009b50 (0x019ade93) srli    t4, s5, 25
core   0: 3 0x80009b50 (0x019ade93) x29 0x00000040
core   0: 0x80009b54 (0x2915e537) lui     a0, 0x2915e
core   0: 3 0x80009b54 (0x2915e537) x10 0x2915e000
core   0: 0x80009b58 (0x03b05fb3) divu    t6, zero, s11
core   0: 3 0x80009b58 (0x03b05fb3) x31 0xffffffff
core   0: 0x80009b5c (0x03d45e63) bge     s0, t4, pc + 60
core   0: 3 0x80009b5c (0x03d45e63)
core   0: 0x80009b98 (0x00d5db63) bge     a1, a3, pc + 22
core   0: 3 0x80009b98 (0x00d5db63)
core   0: 0x80009bae (0x0ff0000f) fence   iorw,iorw
core   0: 3 0x80009bae (0x0ff0000f)
core   0: 0x80009bb2 (0x6db95397) auipc   t2, 0x6db95
core   0: 3 0x80009bb2 (0x6db95397) x 7 0xedb9ebb2
core   0: 0x80009bb6 (0x00008fad) c.xor   a5, a1
core   0: 3 0x80009bb6 (0x8fad) x15 0x00380000
core   0: 0x80009bb8 (0x387c3993) sltiu   s3, s8, 903
core   0: 3 0x80009bb8 (0x387c3993) x19 0x00000001
core   0: 0x80009bbc (0x01c6fbb3) and     s7, a3, t3
core   0: 3 0x80009bbc (0x01c6fbb3) x23 0x58014828
core   0: 0x80009bc0 (0x01afb5b3) sltu    a1, t6, s10
core   0: 3 0x80009bc0 (0x01afb5b3) x11 0x00000000
core   0: 0x80009bc4 (0x00008d51) c.or    a0, a2
core   0: 3 0x80009bc4 (0x8d51) x10 0x2915e000
core   0: 0x80009bc6 (0x00000001) c.nop
core   0: 3 0x80009bc6 (0x0001)
core   0: 0x80009bc8 (0x0208c333) div     t1, a7, zero
core   0: 3 0x80009bc8 (0x0208c333) x 6 0xffffffff
core   0: 0x80009bcc (0x015f5c63) bge     t5, s5, pc + 24
core   0: 3 0x80009bcc (0x015f5c63)
core   0: 0x80009be4 (0x00008605) c.srai  a2, 1
core   0: 3 0x80009be4 (0x8605) x12 0x00000000
core   0: 0x80009be6 (0x00fb7733) and     a4, s6, a5
core   0: 3 0x80009be6 (0x00fb7733) x14 0x00000000
core   0: 0x80009bea (0x00006269) c.lui   tp, 0x1a
core   0: 3 0x80009bea (0x6269) x 4 0x0001a000
core   0: 0x80009bec (0x0142c963) blt     t0, s4, pc + 18
core   0: 3 0x80009bec (0x0142c963)
core   0: 0x80009bf0 (0x002ac433) xor     s0, s5, sp
core   0: 3 0x80009bf0 (0x002ac433) x 8 0x00000380
core   0: 0x80009bf4 (0xc3bafb13) andi    s6, s5, -965
core   0: 3 0x80009bf4 (0xc3bafb13) x22 0x8002ac20
core   0: 0x80009bf8 (0x02509fb3) mulh    t6, ra, t0
core   0: 3 0x80009bf8 (0x02509fb3) x31 0x00000000
core   0: 0x80009bfc (0x00006121) c.addi16sp sp, 64
core   0: 3 0x80009bfc (0x6121) x 2 0x8002afa4
core   0: 0x80009bfe (0x7be38013) addi    zero, t2, 1982
core   0: 3 0x80009bfe (0x7be38013)
core   0: 0x80009c02 (0x000010fd) c.addi  ra, -1
core   0: 3 0x80009c02 (0x10fd) x 1 0xfffffffe
core   0: 0x80009c04 (0x0276eeb3) rem     t4, a3, t2
core   0: 3 0x80009c04 (0x0276eeb3) x29 0xfc094c38
core   0: 0x80009c08 (0x00000631) c.addi  a2, 12
core   0: 3 0x80009c08 (0x0631) x12 0x0000000c
core   0: 0x80009c0a (0x01e3cc33) xor     s8, t2, t5
core   0: 3 0x80009c0a (0x01e3cc33) x24 0x12461142
core   0: 0x80009c0e (0x0061dbb3) srl     s7, gp, t1
core   0: 3 0x80009c0e (0x0061dbb3) x23 0x00000000
core   0: 0x80009c12 (0x0029f033) and     zero, s3, sp
core   0: 3 0x80009c12 (0x0029f033)
core   0: 0x80009c16 (0x03df37b3) mulhu   a5, t5, t4
core   0: 3 0x80009c16 (0x03df37b3) x15 0xfc09473c
core   0: 0x80009c1a (0x01ea1f93) slli    t6, s4, 30
core   0: 3 0x80009c1a (0x01ea1f93) x31 0x00000000
core   0: 0x80009c1e (0xdc010e37) lui     t3, 0xdc010
core   0: 3 0x80009c1e (0xdc010e37) x28 0xdc010000
core   0: 0x80009c22 (0x0000c611) c.beqz  a2, pc + 12
core   0: 3 0x80009c22 (0xc611)
core   0: 0x80009c24 (0x00008241) c.srli  a2, 16
core   0: 3 0x80009c24 (0x8241) x12 0x00000000
core   0: 0x80009c26 (0x019fd793) srli    a5, t6, 25
core   0: 3 0x80009c26 (0x019fd793) x15 0x00000000
core   0: 0x80009c2a (0x008cd093) srli    ra, s9, 8
core   0: 3 0x80009c2a (0x008cd093) x 1 0x000000a0
core   0: 0x80009c2e (0x00006ea9) c.lui   t4, 0xa
core   0: 3 0x80009c2e (0x6ea9) x29 0x0000a000
core   0: 0x80009c30 (0x0000c619) c.beqz  a2, pc + 14
core   0: 3 0x80009c30 (0xc619)
core   0: 0x80009c3e (0x0000717d) c.addi16sp sp, -16
core   0: 3 0x80009c3e (0x717d) x 2 0x8002af94
core   0: 0x80009c40 (0x0000100f) fence.i
core   0: 3 0x80009c40 (0x0000100f)
core   0: 0x80009c44 (0x035ba433) mulhsu  s0, s7, s5
core   0: 3 0x80009c44 (0x035ba433) x 8 0x00000000
core   0: 0x80009c48 (0xa02dcb93) xori    s7, s11, -1534
core   0: 3 0x80009c48 (0xa02dcb93) x23 0xfffffa02
core   0: 0x80009c4c (0x41ad5d93) srai    s11, s10, 26
core   0: 3 0x80009c4c (0x41ad5d93) x27 0xffffffe9
core   0: 0x80009c50 (0x00e78d63) beq     a5, a4, pc + 26
core   0: 3 0x80009c50 (0x00e78d63)
core   0: 0x80009c6a (0x0000ca05) c.beqz  a2, pc + 48
core   0: 3 0x80009c6a (0xca05)
core   0: 0x80009c9a (0x01b3fcb3) and     s9, t2, s11
core   0: 3 0x80009c9a (0x01b3fcb3) x25 0xedb9eba0
core   0: 0x80009c9e (0x02dd6863) bltu    s10, a3, pc + 48
core   0: 3 0x80009c9e (0x02dd6863)
core   0: 0x80009cce (0x00000001) c.nop
core   0: 3 0x80009cce (0x0001)
core   0: 0x80009cd0 (0x000099e2) c.add   s3, s8
core   0: 3 0x80009cd0 (0x99e2) x19 0x12461143
core   0: 0x80009cd2 (0x016cba33) sltu    s4, s9, s6
core   0: 3 0x80009cd2 (0x016cba33) x20 0x00000000
core   0: 0x80009cd6 (0x03c86c63) bltu    a6, t3, pc + 56
core   0: 3 0x80009cd6 (0x03c86c63)
core   0: 0x80009d0e (0x01036c33) or      s8, t1, a6
core   0: 3 0x80009d0e (0x01036c33) x24 0xffffffff
core   0: 0x80009d12 (0x02c8d463) bge     a7, a2, pc + 40
core   0: 3 0x80009d12 (0x02c8d463)
core   0: 0x80009d16 (0x41698833) sub     a6, s3, s6
core   0: 3 0x80009d16 (0x41698833) x16 0x92436523
core   0: 0x80009d1a (0x0ff0000f) fence   iorw,iorw
core   0: 3 0x80009d1a (0x0ff0000f)
core   0: 0x80009d1e (0x01261333) sll     t1, a2, s2
core   0: 3 0x80009d1e (0x01261333) x 6 0x00000000
core   0: 0x80009d22 (0x0050fb33) and     s6, ra, t0
core   0: 3 0x80009d22 (0x0050fb33) x22 0x00000000
core   0: 0x80009d26 (0x0000e321) c.bnez  a4, pc + 64
core   0: 3 0x80009d26 (0xe321)
core   0: 0x80009d28 (0x02712db3) mulhsu  s11, sp, t2
core   0: 3 0x80009d28 (0x02712db3) x27 0x892588a6
core   0: 0x80009d2c (0x03949733) mulh    a4, s1, s9
core   0: 3 0x80009d2c (0x03949733) x14 0xff6c99f6
core   0: 0x80009d30 (0x0154d2b3) srl     t0, s1, s5
core   0: 3 0x80009d30 (0x0154d2b3) x 5 0x00810ee6
core   0: 0x80009d34 (0x00008d3d) c.xor   a0, a5
core   0: 3 0x80009d34 (0x8d3d) x10 0x2915e000
core   0: 0x80009d36 (0x84aba113) slti    sp, s7, -1974
core   0: 3 0x80009d36 (0x84aba113) x 2 0x00000000
core   0: 0x80009d3a (0x9b29bf93) sltiu   t6, s3, -1614
core   0: 3 0x80009d3a (0x9b29bf93) x31 0x00000001
core   0: 0x80009d3e (0x02b6c1b3) div     gp, a3, a1
core   0: 3 0x80009d3e (0x02b6c1b3) x 3 0xffffffff
core   0: 0x80009d42 (0x00008a59) c.andi  a2, 22
core   0: 3 0x80009d42 (0x8a59) x12 0x00000000
core   0: 0x80009d44 (0x03d33133) mulhu   sp, t1, t4
core   0: 3 0x80009d44 (0x03d33133) x 2 0x00000000
core   0: 0x80009d48 (0x00005c7d) c.li    s8, -1
core   0: 3 0x80009d48 (0x5c7d) x24 0xffffffff
core   0: 0x80009d4a (0x02528233) mul     tp, t0, t0
core   0: 3 0x80009d4a (0x02528233) x 4 0x04a9f6a4
core   0: 0x80009d4e (0xe4d9abb7) lui     s7, 0xe4d9a
core   0: 3 0x80009d4e (0xe4d9abb7) x23 0xe4d9a000
core   0: 0x80009d52 (0x0fcd7f13) andi    t5, s10, 252
core   0: 3 0x80009d52 (0x0fcd7f13) x30 0x000000fc
core   0: 0x80009d56 (0x41765d13) srai    s10, a2, 23
core   0: 3 0x80009d56 (0x41765d13) x26 0x00000000
core   0: 0x80009d5a (0x00008c39) c.xor   s0, a4
core   0: 3 0x80009d5a (0x8c39) x 8 0xff6c99f6
core   0: 0x80009d5c (0x02fbd363) bge     s7, a5, pc + 38
core   0: 3 0x80009d5c (0x02fbd363)
core   0: 0x80009d60 (0x00001784) c.addi4spn s1, sp, 992
core   0: 3 0x80009d60 (0x1784) x 9 0x000003e0
core   0: 0x80009d62 (0x0389e3b3) rem     t2, s3, s8
core   0: 3 0x80009d62 (0x0389e3b3) x 7 0x00000000
core   0: 0x80009d66 (0x023df563) bgeu    s11, gp, pc + 42
core   0: 3 0x80009d66 (0x023df563)
core   0: 0x80009d6a (0x00008de9) c.and   a1, a0
core   0: 3 0x80009d6a (0x8de9) x11 0x00000000
core   0: 0x80009d6c (0x004a5663) bge     s4, tp, pc + 12
core   0: 3 0x80009d6c (0x004a5663)
core   0: 0x80009d70 (0x00008075) c.srli  s0, 29
core   0: 3 0x80009d70 (0x8075) x 8 0x00000007
core   0: 0x80009d72 (0x827fc813) xori    a6, t6, -2009
core   0: 3 0x80009d72 (0x827fc813) x16 0xfffff826
core   0: 0x80009d76 (0x00005d7d) c.li    s10, -1
core   0: 3 0x80009d76 (0x5d7d) x26 0xffffffff
core   0: 0x80009d78 (0x01f2e863) bltu    t0, t6, pc + 16
core   0: 3 0x80009d78 (0x01f2e863)
core   0: 0x80009d7c (0x0000987e) c.add   a6, t6
core   0: 3 0x80009d7c (0x987e) x16 0xfffff827
core   0: 0x80009d7e (0x02ef9a63) bne     t6, a4, pc + 52
core   0: 3 0x80009d7e (0x02ef9a63)
core   0: 0x80009db2 (0x011ae433) or      s0, s5, a7
core   0: 3 0x80009db2 (0x011ae433) x 8 0x8002eefc
core   0: 0x80009db6 (0x0d397913) andi    s2, s2, 211
core   0: 3 0x80009db6 (0x0d397913) x18 0x00000001
core   0: 0x80009dba (0x6d456813) ori     a6, a0, 1748
core   0: 3 0x80009dba (0x6d456813) x16 0x2915e6d4
core   0: 0x80009dbe (0x00008c91) c.sub   s1, a2
core   0: 3 0x80009dbe (0x8c91) x 9 0x000003e0
core   0: 0x80009dc0 (0x03c96f63) bltu    s2, t3, pc + 62
core   0: 3 0x80009dc0 (0x03c96f63)
core   0: 0x80009dfe (0x0392e233) rem     tp, t0, s9
core   0: 3 0x80009dfe (0x0392e233) x 4 0x00810ee6
core   0: 0x80009e02 (0x37d42337) lui     t1, 0x37d42
core   0: 3 0x80009e02 (0x37d42337) x 6 0x37d42000
core   0: 0x80009e06 (0x0000717d) c.addi16sp sp, -16
core   0: 3 0x80009e06 (0x717d) x 2 0xfffffff0
core   0: 0x80009e08 (0x0156a2b3) slt     t0, a3, s5
core   0: 3 0x80009e08 (0x0156a2b3) x 5 0x00000000
core   0: 0x80009e0c (0x014d1813) slli    a6, s10, 20
core   0: 3 0x80009e0c (0x014d1813) x16 0xfff00000
core   0: 0x80009e10 (0x0000095e) c.slli  s2, 23
core   0: 3 0x80009e10 (0x095e) x18 0x00800000
core   0: 0x80009e12 (0x0286cd33) div     s10, a3, s0
core   0: 3 0x80009e12 (0x0286cd33) x26 0x00000000
core   0: 0x80009e16 (0x01b5ed63) bltu    a1, s11, pc + 26
core   0: 3 0x80009e16 (0x01b5ed63)
core   0: 0x80009e30 (0x00786633) or      a2, a6, t2
core   0: 3 0x80009e30 (0x00786633) x12 0xfff00000
core   0: 0x80009e34 (0xc9acca13) xori    s4, s9, -870
core   0: 3 0x80009e34 (0xc9acca13) x20 0x1246173a
core   0: 0x80009e38 (0x00000001) c.nop
core   0: 3 0x80009e38 (0x0001)
core   0: 0x80009e3a (0x00000001) c.nop
core   0: 3 0x80009e3a (0x0001)
core   0: 0x80009e3c (0x0000197d) c.addi  s2, -1
core   0: 3 0x80009e3c (0x197d) x18 0x007fffff
core   0: 0x80009e3e (0x00008f75) c.and   a4, a3
core   0: 3 0x80009e3e (0x8f75) x14 0xfc080830
core   0: 0x80009e40 (0x00008311) c.srli  a4, 4
core   0: 3 0x80009e40 (0x8311) x14 0x0fc08083
core   0: 0x80009e42 (0x405fd533) sra     a0, t6, t0
core   0: 3 0x80009e42 (0x405fd533) x10 0x00000001
core   0: 0x80009e46 (0x00001b7d) c.addi  s6, -1
core   0: 3 0x80009e46 (0x1b7d) x22 0xffffffff
core   0: 0x80009e48 (0x0000c709) c.beqz  a4, pc + 10
core   0: 3 0x80009e48 (0xc709)
core   0: 0x80009e4a (0x0114d2b3) srl     t0, s1, a7
core   0: 3 0x80009e4a (0x0114d2b3) x 5 0x00000000
core   0: 0x80009e4e (0x002a5a63) bge     s4, sp, pc + 20
core   0: 3 0x80009e4e (0x002a5a63)
core   0: 0x80009e62 (0x00ee5eb3) srl     t4, t3, a4
core   0: 3 0x80009e62 (0x00ee5eb3) x29 0x1b802000
core   0: 0x80009e66 (0x0095e863) bltu    a1, s1, pc + 16
core   0: 3 0x80009e66 (0x0095e863)
core   0: 0x80009e76 (0x01cdefb3) or      t6, s11, t3
core   0: 3 0x80009e76 (0x01cdefb3) x31 0xdd2588a6
core   0: 0x80009e7a (0x0000100f) fence.i
core   0: 3 0x80009e7a (0x0000100f)
core   0: 0x80009e7e (0x50a3c993) xori    s3, t2, 1290
core   0: 3 0x80009e7e (0x50a3c993) x19 0x0000050a
core   0: 0x80009e82 (0x3ad27397) auipc   t2, 0x3ad27
core   0: 3 0x80009e82 (0x3ad27397) x 7 0xbad30e82
core   0: 0x80009e86 (0x4181d793) srai    a5, gp, 24
core   0: 3 0x80009e86 (0x4181d793) x15 0xffffffff
core   0: 0x80009e8a (0x4020d913) srai    s2, ra, 2
core   0: 3 0x80009e8a (0x4020d913) x18 0x00000028
core   0: 0x80009e8e (0x019d5293) srli    t0, s10, 25
core   0: 3 0x80009e8e (0x019d5293) x 5 0x00000000
core   0: 0x80009e92 (0x00549593) slli    a1, s1, 5
core   0: 3 0x80009e92 (0x00549593) x11 0x00007c00
core   0: 0x80009e96 (0xaff9be93) sltiu   t4, s3, -1281
core   0: 3 0x80009e96 (0xaff9be93) x29 0x00000001
core   0: 0x80009e9a (0x000067a1) c.lui   a5, 0x8
core   0: 3 0x80009e9a (0x67a1) x15 0x00008000
core   0: 0x80009e9c (0x03007533) remu    a0, zero, a6
core   0: 3 0x80009e9c (0x03007533) x10 0x00000000
core   0: 0x80009ea0 (0x020c4033) div     zero, s8, zero
core   0: 3 0x80009ea0 (0x020c4033)
core   0: 0x80009ea4 (0x00ddd713) srli    a4, s11, 13
core   0: 3 0x80009ea4 (0x00ddd713) x14 0x0004492c
core   0: 0x80009ea8 (0x00008e75) c.and   a2, a3
core   0: 3 0x80009ea8 (0x8e75) x12 0xfc000000
core   0: 0x80009eaa (0x0000127d) c.addi  tp, -1
core   0: 3 0x80009eaa (0x127d) x 4 0x00810ee5
core   0: 0x80009eac (0x02d7c7b3) div     a5, a5, a3
core   0: 3 0x80009eac (0x02d7c7b3) x15 0x00000000
core   0: 0x80009eb0 (0x02b152b3) divu    t0, sp, a1
core   0: 3 0x80009eb0 (0x02b152b3) x 5 0x00021084
core   0: 0x80009eb4 (0x29312993) slti    s3, sp, 659
core   0: 3 0x80009eb4 (0x29312993) x19 0x00000001
core   0: 0x80009eb8 (0x023a4533) div     a0, s4, gp
core   0: 3 0x80009eb8 (0x023a4533) x10 0xedb9e8c6
core   0: 0x80009ebc (0x4048d733) sra     a4, a7, tp
core   0: 3 0x80009ebc (0x4048d733) x14 0xfc001372
core   0: 0x80009ec0 (0x00008e21) c.xor   a2, s0
core   0: 3 0x80009ec0 (0x8e21) x12 0x7c02eefc
core   0: 0x80009ec2 (0x0000c91d) c.beqz  a0, pc + 54
core   0: 3 0x80009ec2 (0xc91d)
core   0: 0x80009ec4 (0x02669763) bne     a3, t1, pc + 46
core   0: 3 0x80009ec4 (0x02669763)
core   0: 0x80009ef2 (0x00008fc9) c.or    a5, a0
core   0: 3 0x80009ef2 (0x8fc9) x15 0xedb9e8c6
core   0: 0x80009ef4 (0x4beb7a13) andi    s4, s6, 1214
core   0: 3 0x80009ef4 (0x4beb7a13) x20 0x000004be
core   0: 0x80009ef8 (0x00000f10) c.addi4spn a2, sp, 912
core   0: 3 0x80009ef8 (0x0f10) x12 0x00000380
core   0: 0x80009efa (0x21d23713) sltiu   a4, tp, 541
core   0: 3 0x80009efa (0x21d23713) x14 0x00000000
core   0: 0x80009efe (0x022622b3) mulhsu  t0, a2, sp
core   0: 3 0x80009efe (0x022622b3) x 5 0x0000037f
core   0: 0x80009f02 (0x039d19b3) mulh    s3, s10, s9
core   0: 3 0x80009f02 (0x039d19b3) x19 0x00000000
core   0: 0x80009f06 (0x006dc963) blt     s11, t1, pc + 18
core   0: 3 0x80009f06 (0x006dc963)
core   0: 0x80009f18 (0x00a95233) srl     tp, s2, a0
core   0: 3 0x80009f18 (0x00a95233) x 4 0x00000000
core   0: 0x80009f1c (0x0000100f) fence.i
core   0: 3 0x80009f1c (0x0000100f)
core   0: 0x80009f20 (0x000061d1) c.lui   gp, 0x14
core   0: 3 0x80009f20 (0x61d1) x 3 0x00014000
core   0: 0x80009f22 (0x00416833) or      a6, sp, tp
core   0: 3 0x80009f22 (0x00416833) x16 0xfffffff0
core   0: 0x80009f26 (0x0000997d) c.andi  a0, -1
core   0: 3 0x80009f26 (0x997d) x10 0xedb9e8c6
core   0: 0x80009f28 (0x6087c413) xori    s0, a5, 1544
core   0: 3 0x80009f28 (0x6087c413) x 8 0xedb9eece
core   0: 0x80009f2c (0x031dc663) blt     s11, a7, pc + 44
core   0: 3 0x80009f2c (0x031dc663)
core   0: 0x80009f30 (0x01c01b93) slli    s7, zero, 28
core   0: 3 0x80009f30 (0x01c01b93) x23 0x00000000
core   0: 0x80009f34 (0x13890813) addi    a6, s2, 312
core   0: 3 0x80009f34 (0x13890813) x16 0x00000160
core   0: 0x80009f38 (0x00001cfd) c.addi  s9, -1
core   0: 3 0x80009f38 (0x1cfd) x25 0xedb9eb9f
core   0: 0x80009f3a (0x0000680d) c.lui   a6, 0x3
core   0: 3 0x80009f3a (0x680d) x16 0x00003000
core   0: 0x80009f3c (0xf95c1797) auipc   a5, 0xf95c1
core   0: 3 0x80009f3c (0xf95c1797) x15 0x795caf3c
core   0: 0x80009f40 (0x037fc463) blt     t6, s7, pc + 40
core   0: 3 0x80009f40 (0x037fc463)
core   0: 0x80009f68 (0x03f11e63) bne     sp, t6, pc + 60
core   0: 3 0x80009f68 (0x03f11e63)
core   0: 0x80009fa4 (0x007a5db3) srl     s11, s4, t2
core   0: 3 0x80009fa4 (0x007a5db3) x27 0x0000012f
core   0: 0x80009fa8 (0x00008fc5) c.or    a5, s1
core   0: 3 0x80009fa8 (0x8fc5) x15 0x795caffc
core   0: 0x80009faa (0x0314acb3) mulhsu  s9, s1, a7
core   0: 3 0x80009faa (0x0314acb3) x25 0x000001f0
core   0: 0x80009fae (0x03f2e7b3) rem     a5, t0, t6
core   0: 3 0x80009fae (0x03f2e7b3) x15 0x0000037f
core   0: 0x80009fb2 (0x0000557d) c.li    a0, -1
core   0: 3 0x80009fb2 (0x557d) x10 0xffffffff
core   0: 0x80009fb4 (0x00000d9c) c.addi4spn a5, sp, 720
core   0: 3 0x80009fb4 (0x0d9c) x15 0x000002c0
core   0: 0x80009fb6 (0x00009786) c.add   a5, ra
core   0: 3 0x80009fb6 (0x9786) x15 0x00000360
core   0: 0x80009fb8 (0x01c4eb63) bltu    s1, t3, pc + 22
core   0: 3 0x80009fb8 (0x01c4eb63)
core   0: 0x80009fce (0x0000e981) c.bnez  a1, pc + 16
core   0: 3 0x80009fce (0xe981)
core   0: 0x80009fde (0x0000c805) c.beqz  s0, pc + 48
core   0: 3 0x80009fde (0xc805)
core   0: 0x80009fe0 (0x01e0c7b3) xor     a5, ra, t5
core   0: 3 0x80009fe0 (0x01e0c7b3) x15 0x0000005c
core   0: 0x80009fe4 (0x000080b9) c.srli  s1, 14
core   0: 3 0x80009fe4 (0x80b9) x 9 0x00000000
core   0: 0x80009fe6 (0x001511b3) sll     gp, a0, ra
core   0: 3 0x80009fe6 (0x001511b3) x 3 0xffffffff
core   0: 0x80009fea (0x02830cb3) mul     s9, t1, s0
core   0: 3 0x80009fea (0x02830cb3) x25 0x4271c000
core   0: 0x80009fee (0x039a7db3) remu    s11, s4, s9
core   0: 3 0x80009fee (0x039a7db3) x27 0x000004be
core   0: 0x80009ff2 (0x00008cbd) c.xor   s1, a5
core   0: 3 0x80009ff2 (0x8cbd) x 9 0x0000005c
core   0: 0x80009ff4 (0x023e5eb3) divu    t4, t3, gp
core   0: 3 0x80009ff4 (0x023e5eb3) x29 0x00000000
core   0: 0x80009ff8 (0xe8553313) sltiu   t1, a0, -379
core   0: 3 0x80009ff8 (0xe8553313) x 6 0x00000000
core   0: 0x80009ffc (0x019fd433) srl     s0, t6, s9
core   0: 3 0x80009ffc (0x019fd433) x 8 0xdd2588a6
core   0: 0x8000a000 (0x03d63933) mulhu   s2, a2, t4
core   0: 3 0x8000a000 (0x03d63933) x18 0x00000000
core   0: 0x8000a004 (0x009f6863) bltu    t5, s1, pc + 16
core   0: 3 0x8000a004 (0x009f6863)
core   0: 0x8000a008 (0x029e1933) mulh    s2, t3, s1
core   0: 3 0x8000a008 (0x029e1933) x18 0xfffffff3
core   0: 0x8000a00c (0x00008cc9) c.or    s1, a0
core   0: 3 0x8000a00c (0x8cc9) x 9 0xffffffff
core   0: 0x8000a00e (0x0000c611) c.beqz  a2, pc + 12
core   0: 3 0x8000a00e (0xc611)
core   0: 0x8000a010 (0x01707733) and     a4, zero, s7
core   0: 3 0x8000a010 (0x01707733) x14 0x00000000
core   0: 0x8000a014 (0x025a8cb3) mul     s9, s5, t0
core   0: 3 0x8000a014 (0x025a8cb3) x25 0x895a711c
core   0: 0x8000a018 (0x0000803d) c.srli  s0, 15
core   0: 3 0x8000a018 (0x803d) x 8 0x0001ba4b
core   0: 0x8000a01a (0x00b1c7b3) xor     a5, gp, a1
core   0: 3 0x8000a01a (0x00b1c7b3) x15 0xffff83ff
core   0: 0x8000a01e (0x7a782d13) slti    s10, a6, 1959
core   0: 3 0x8000a01e (0x7a782d13) x26 0x00000000
core   0: 0x8000a022 (0x09170113) addi    sp, a4, 145
core   0: 3 0x8000a022 (0x09170113) x 2 0x00000091
core   0: 0x8000a026 (0x03b31333) mulh    t1, t1, s11
core   0: 3 0x8000a026 (0x03b31333) x 6 0x00000000
core   0: 0x8000a02a (0x7c19a993) slti    s3, s3, 1985
core   0: 3 0x8000a02a (0x7c19a993) x19 0x00000001
core   0: 0x8000a02e (0x9844a193) slti    gp, s1, -1660
core   0: 3 0x8000a02e (0x9844a193) x 3 0x00000000
core   0: 0x8000a032 (0x00006111) c.addi16sp sp, 256
core   0: 3 0x8000a032 (0x6111) x 2 0x00000191
core   0: 0x8000a034 (0xfc9fff13) andi    t5, t6, -55
core   0: 3 0x8000a034 (0xfc9fff13) x30 0xdd258880
core   0: 0x8000a038 (0x0355f463) bgeu    a1, s5, pc + 40
core   0: 3 0x8000a038 (0x0355f463)
core   0: 0x8000a03c (0x221e6293) ori     t0, t3, 545
core   0: 3 0x8000a03c (0x221e6293) x 5 0xdc010221
core   0: 0x8000a040 (0x00008d01) c.sub   a0, s0
core   0: 3 0x8000a040 (0x8d01) x10 0xfffe45b4
core   0: 0x8000a042 (0x2183b413) sltiu   s0, t2, 536
core   0: 3 0x8000a042 (0x2183b413) x 8 0x00000000
core   0: 0x8000a046 (0x0319d633) divu    a2, s3, a7
core   0: 3 0x8000a046 (0x0319d633) x12 0x00000000
core   0: 0x8000a04a (0x0045e463) bltu    a1, tp, pc + 8
core   0: 3 0x8000a04a (0x0045e463)
core   0: 0x8000a04e (0x00e4fd33) and     s10, s1, a4
core   0: 3 0x8000a04e (0x00e4fd33) x26 0x00000000
core   0: 0x8000a052 (0x01426563) bltu    tp, s4, pc + 10
core   0: 3 0x8000a052 (0x01426563)
core   0: 0x8000a05c (0x03a5c0b3) div     ra, a1, s10
core   0: 3 0x8000a05c (0x03a5c0b3) x 1 0xffffffff
core   0: 0x8000a060 (0x0105d263) bge     a1, a6, pc + 4
core   0: 3 0x8000a060 (0x0105d263)
core   0: 0x8000a064 (0x01047933) and     s2, s0, a6
core   0: 3 0x8000a064 (0x01047933) x18 0x00000000
core   0: 0x8000a068 (0x00009a46) c.add   s4, a7
core   0: 3 0x8000a068 (0x9a46) x20 0x80027316
core   0: 0x8000a06a (0x9a43b037) lui     zero, 0x9a43b
core   0: 3 0x8000a06a (0x9a43b037)
core   0: 0x8000a06e (0x04134063) blt     t1, ra, pc + 64
core   0: 3 0x8000a06e (0x04134063)
core   0: 0x8000a072 (0x0244f963) bgeu    s1, tp, pc + 50
core   0: 3 0x8000a072 (0x0244f963)
core   0: 0x8000a0a4 (0x02f77c33) remu    s8, a4, a5
core   0: 3 0x8000a0a4 (0x02f77c33) x24 0x00000000
core   0: 0x8000a0a8 (0x00000001) c.nop
core   0: 3 0x8000a0a8 (0x0001)
core   0: 0x8000a0aa (0x034e0a63) beq     t3, s4, pc + 52
core   0: 3 0x8000a0aa (0x034e0a63)
core   0: 0x8000a0ae (0x0000427d) c.li    tp, 31
core   0: 3 0x8000a0ae (0x427d) x 4 0x0000001f
core   0: 0x8000a0b0 (0x03e7f963) bgeu    a5, t5, pc + 50
core   0: 3 0x8000a0b0 (0x03e7f963)
core   0: 0x8000a0e2 (0x40530033) sub     zero, t1, t0
core   0: 3 0x8000a0e2 (0x40530033)
core   0: 0x8000a0e6 (0x00e5da63) bge     a1, a4, pc + 20
core   0: 3 0x8000a0e6 (0x00e5da63)
core   0: 0x8000a0fa (0xac658613) addi    a2, a1, -1338
core   0: 3 0x8000a0fa (0xac658613) x12 0x000076c6
core   0: 0x8000a0fe (0x00000001) c.nop
core   0: 3 0x8000a0fe (0x0001)
core   0: 0x8000a100 (0x000095ae) c.add   a1, a1
core   0: 3 0x8000a100 (0x95ae) x11 0x0000f800
core   0: 0x8000a102 (0x093f7217) auipc   tp, 0x93f7
core   0: 3 0x8000a102 (0x093f7217) x 4 0x89401102
core   0: 0x8000a106 (0x0040fb63) bgeu    ra, tp, pc + 22
core   0: 3 0x8000a106 (0x0040fb63)
core   0: 0x8000a11c (0x41b4d233) sra     tp, s1, s11
core   0: 3 0x8000a11c (0x41b4d233) x 4 0xffffffff
core   0: 0x8000a120 (0x036a8563) beq     s5, s6, pc + 42
core   0: 3 0x8000a120 (0x036a8563)
core   0: 0x8000a124 (0xf9d7b193) sltiu   gp, a5, -99
core   0: 3 0x8000a124 (0xf9d7b193) x 3 0x00000001
core   0: 0x8000a128 (0x029fb233) mulhu   tp, t6, s1
core   0: 3 0x8000a128 (0x029fb233) x 4 0xdd2588a5
core   0: 0x8000a12c (0x00860763) beq     a2, s0, pc + 14
core   0: 3 0x8000a12c (0x00860763)
core   0: 0x8000a130 (0x0000100f) fence.i
core   0: 3 0x8000a130 (0x0000100f)
core   0: 0x8000a134 (0x00008ce1) c.and   s1, s0
core   0: 3 0x8000a134 (0x8ce1) x 9 0x00000000
core   0: 0x8000a136 (0x00008cd9) c.or    s1, a4
core   0: 3 0x8000a136 (0x8cd9) x 9 0x00000000
core   0: 0x8000a138 (0x00008fdd) c.or    a5, a5
core   0: 3 0x8000a138 (0x8fdd) x15 0xffff83ff
core   0: 0x8000a13a (0x6daab913) sltiu   s2, s5, 1754
core   0: 3 0x8000a13a (0x6daab913) x18 0x00000000
core   0: 0x8000a13e (0x02e2f463) bgeu    t0, a4, pc + 40
core   0: 3 0x8000a13e (0x02e2f463)
core   0: 0x8000a166 (0x00000dfe) c.slli  s11, 31
core   0: 3 0x8000a166 (0x0dfe) x27 0x00000000
core   0: 0x8000a168 (0x0000e495) c.bnez  s1, pc + 44
core   0: 3 0x8000a168 (0xe495)
core   0: 0x8000a16a (0x022be763) bltu    s7, sp, pc + 46
core   0: 3 0x8000a16a (0x022be763)
core   0: 0x8000a198 (0x620d3793) sltiu   a5, s10, 1568
core   0: 3 0x8000a198 (0x620d3793) x15 0x00000001
core   0: 0x8000a19c (0x000094ca) c.add   s1, s2
core   0: 3 0x8000a19c (0x94ca) x 9 0x00000000
core   0: 0x8000a19e (0x0be4ba13) sltiu   s4, s1, 190
core   0: 3 0x8000a19e (0x0be4ba13) x20 0x00000001
core   0: 0x8000a1a2 (0x40995913) srai    s2, s2, 9
core   0: 3 0x8000a1a2 (0x40995913) x18 0x00000000
core   0: 0x8000a1a6 (0x0087ddb3) srl     s11, a5, s0
core   0: 3 0x8000a1a6 (0x0087ddb3) x27 0x00000001
core   0: 0x8000a1aa (0x0222b2b3) mulhu   t0, t0, sp
core   0: 3 0x8000a1aa (0x0222b2b3) x 5 0x00000158
core   0: 0x8000a1ae (0x00008e01) c.sub   a2, s0
core   0: 3 0x8000a1ae (0x8e01) x12 0x000076c6
core   0: 0x8000a1b0 (0xd5340937) lui     s2, 0xd5340
core   0: 3 0x8000a1b0 (0xd5340937) x18 0xd5340000
core   0: 0x8000a1b4 (0x05f10363) beq     sp, t6, pc + 70
core   0: 3 0x8000a1b4 (0x05f10363)
core   0: 0x8000a1b8 (0x01eb9e33) sll     t3, s7, t5
core   0: 3 0x8000a1b8 (0x01eb9e33) x28 0x00000000
core   0: 0x8000a1bc (0x00008d91) c.sub   a1, a2
core   0: 3 0x8000a1bc (0x8d91) x11 0x0000813a
core   0: 0x8000a1be (0x02cff9b3) remu    s3, t6, a2
core   0: 3 0x8000a1be (0x02cff9b3) x19 0x00005c42
core   0: 0x8000a1c2 (0x02eb4cb7) lui     s9, 0x2eb4
core   0: 3 0x8000a1c2 (0x02eb4cb7) x25 0x02eb4000
core   0: 0x8000a1c6 (0x00001333) sll     t1, zero, zero
core   0: 3 0x8000a1c6 (0x00001333) x 6 0x00000000
core   0: 0x8000a1ca (0x41240b33) sub     s6, s0, s2
core   0: 3 0x8000a1ca (0x41240b33) x22 0x2acc0000
core   0: 0x8000a1ce (0x89460297) auipc   t0, 0x89460
core   0: 3 0x8000a1ce (0x89460297) x 5 0x0946a1ce
core   0: 0x8000a1d2 (0x41435733) sra     a4, t1, s4
core   0: 3 0x8000a1d2 (0x41435733) x14 0x00000000
core   0: 0x8000a1d6 (0x16742437) lui     s0, 0x16742
core   0: 3 0x8000a1d6 (0x16742437) x 8 0x16742000
core   0: 0x8000a1da (0x038e74b3) remu    s1, t3, s8
core   0: 3 0x8000a1da (0x038e74b3) x 9 0x00000000
core   0: 0x8000a1de (0x0000037e) c.slli  t1, 31
core   0: 3 0x8000a1de (0x037e) x 6 0x00000000
core   0: 0x8000a1e0 (0x00008669) c.srai  a2, 26
core   0: 3 0x8000a1e0 (0x8669) x12 0x00000000
core   0: 0x8000a1e2 (0x3eef9b37) lui     s6, 0x3eef9
core   0: 3 0x8000a1e2 (0x3eef9b37) x22 0x3eef9000
core   0: 0x8000a1e6 (0x41e45f93) srai    t6, s0, 30
core   0: 3 0x8000a1e6 (0x41e45f93) x31 0x00000000
core   0: 0x8000a1ea (0x511df913) andi    s2, s11, 1297
core   0: 3 0x8000a1ea (0x511df913) x18 0x00000001
core   0: 0x8000a1ee (0x0315fbb3) remu    s7, a1, a7
core   0: 3 0x8000a1ee (0x0315fbb3) x23 0x0000813a
core   0: 0x8000a1f2 (0x01a9f433) and     s0, s3, s10
core   0: 3 0x8000a1f2 (0x01a9f433) x 8 0x00000000
core   0: 0x8000a1f6 (0x028794b3) mulh    s1, a5, s0
core   0: 3 0x8000a1f6 (0x028794b3) x 9 0x00000000
core   0: 0x8000a1fa (0x01898663) beq     s3, s8, pc + 12
core   0: 3 0x8000a1fa (0x01898663)
core   0: 0x8000a1fe (0x05ed1163) bne     s10, t5, pc + 66
core   0: 3 0x8000a1fe (0x05ed1163)
core   0: 0x8000a240 (0x02328bb3) mul     s7, t0, gp
core   0: 3 0x8000a240 (0x02328bb3) x23 0x0946a1ce
core   0: 0x8000a244 (0xc279b297) auipc   t0, 0xc279b
core   0: 3 0x8000a244 (0xc279b297) x 5 0x427a5244
core   0: 0x8000a248 (0x0214e333) rem     t1, s1, ra
core   0: 3 0x8000a248 (0x0214e333) x 6 0x00000000
core   0: 0x8000a24c (0x00008cad) c.xor   s1, a1
core   0: 3 0x8000a24c (0x8cad) x 9 0x0000813a
core   0: 0x8000a24e (0x034e31b3) mulhu   gp, t3, s4
core   0: 3 0x8000a24e (0x034e31b3) x 3 0x00000000
core   0: 0x8000a252 (0x40ecd733) sra     a4, s9, a4
core   0: 3 0x8000a252 (0x40ecd733) x14 0x02eb4000
core   0: 0x8000a256 (0x0ff0000f) fence   iorw,iorw
core   0: 3 0x8000a256 (0x0ff0000f)
core   0: 0x8000a25a (0x0ff0000f) fence   iorw,iorw
core   0: 3 0x8000a25a (0x0ff0000f)
core   0: 0x8000a25e (0x0129b7b3) sltu    a5, s3, s2
core   0: 3 0x8000a25e (0x0129b7b3) x15 0x00000000
core   0: 0x8000a262 (0x00008a66) c.mv    s4, s9
core   0: 3 0x8000a262 (0x8a66) x20 0x02eb4000
core   0: 0x8000a264 (0x0000717d) c.addi16sp sp, -16
core   0: 3 0x8000a264 (0x717d) x 2 0x00000181
core   0: 0x8000a266 (0x0000100f) fence.i
core   0: 3 0x8000a266 (0x0000100f)
core   0: 0x8000a26a (0x0ff0000f) fence   iorw,iorw
core   0: 3 0x8000a26a (0x0ff0000f)
core   0: 0x8000a26e (0x00008fdd) c.or    a5, a5
core   0: 3 0x8000a26e (0x8fdd) x15 0x00000000
core   0: 0x8000a270 (0x06a49d63) bne     s1, a0, pc + 122
core   0: 3 0x8000a270 (0x06a49d63)
core   0: 0x8000a2ea (0x04431163) bne     t1, tp, pc + 66
core   0: 3 0x8000a2ea (0x04431163)
core   0: 0x8000a32c (0x41c6d333) sra     t1, a3, t3
core   0: 3 0x8000a32c (0x41c6d333) x 6 0xfc094c38
core   0: 0x8000a330 (0x430f8f93) addi    t6, t6, 1072
core   0: 3 0x8000a330 (0x430f8f93) x31 0x00000430
core   0: 0x8000a334 (0x0000817d) c.srli  a0, 31
core   0: 3 0x8000a334 (0x817d) x10 0x00000001
core   0: 0x8000a336 (0x79a98f93) addi    t6, s3, 1946
core   0: 3 0x8000a336 (0x79a98f93) x31 0x000063dc
core   0: 0x8000a33a (0x03ed4263) blt     s10, t5, pc + 36
core   0: 3 0x8000a33a (0x03ed4263)
core   0: 0x8000a33e (0x02f4e9b3) rem     s3, s1, a5
core   0: 3 0x8000a33e (0x02f4e9b3) x19 0x0000813a
core   0: 0x8000a342 (0x0000c411) c.beqz  s0, pc + 12
core   0: 3 0x8000a342 (0xc411)
core   0: 0x8000a34e (0x00001f7d) c.addi  t5, -1
core   0: 3 0x8000a34e (0x1f7d) x30 0xdd25887f
core   0: 0x8000a350 (0x00000001) c.nop
core   0: 3 0x8000a350 (0x0001)
core   0: 0x8000a352 (0x00008fa5) c.xor   a5, s1
core   0: 3 0x8000a352 (0x8fa5) x15 0x0000813a
core   0: 0x8000a354 (0x00008f7d) c.and   a4, a5
core   0: 3 0x8000a354 (0x8f7d) x14 0x00000000
core   0: 0x8000a356 (0x00006bf5) c.lui   s7, 0x1d
core   0: 3 0x8000a356 (0x6bf5) x23 0x0001d000
core   0: 0x8000a358 (0x000083c1) c.srli  a5, 16
core   0: 3 0x8000a358 (0x83c1) x15 0x00000000
core   0: 0x8000a35a (0xa23cce93) xori    t4, s9, -1501
core   0: 3 0x8000a35a (0xa23cce93) x29 0xfd14ba23
core   0: 0x8000a35e (0x00000001) c.nop
core   0: 3 0x8000a35e (0x0001)
core   0: 0x8000a360 (0x01411f63) bne     sp, s4, pc + 30
core   0: 3 0x8000a360 (0x01411f63)
core   0: 0x8000a37e (0x033a7933) remu    s2, s4, s3
core   0: 3 0x8000a37e (0x033a7933) x18 0x000028b0
core   0: 0x8000a382 (0x025223b3) mulhsu  t2, tp, t0
core   0: 3 0x8000a382 (0x025223b3) x 7 0xf6f305ea
core   0: 0x8000a386 (0x02c86a33) rem     s4, a6, a2
core   0: 3 0x8000a386 (0x02c86a33) x20 0x00003000
core   0: 0x8000a38a (0x00008c51) c.or    s0, a2
core   0: 3 0x8000a38a (0x8c51) x 8 0x00000000
core   0: 0x8000a38c (0x00905493) srli    s1, zero, 9
core   0: 3 0x8000a38c (0x00905493) x 9 0x00000000
core   0: 0x8000a390 (0x00016117) auipc   sp, 0x16
core   0: 3 0x8000a390 (0x00016117) x 2 0x80020390
core   0: 0x8000a394 (0x10a10113) addi    sp, sp, 266
core   0: 3 0x8000a394 (0x10a10113) x 2 0x8002049a
core   0: 0x8000a398 (0xff714d83) lbu     s11, -9(sp)
core   0: 3 0x8000a398 (0xff714d83) x27 0x0000004a mem 0x80020491
core   0: 0x8000a39c (0x00011783) lh      a5, 0(sp)
core   0: 3 0x8000a39c (0x00011783) x15 0x00005051 mem 0x8002049a
core   0: 0x8000a3a0 (0x00014283) lbu     t0, 0(sp)
core   0: 3 0x8000a3a0 (0x00014283) x 5 0x00000051 mem 0x8002049a
core   0: 0x8000a3a4 (0x01811823) sh      s8, 16(sp)
core   0: 3 0x8000a3a4 (0x01811823) mem 0x800204aa 0x0000
core   0: 0x8000a3a8 (0x01014c83) lbu     s9, 16(sp)
core   0: 3 0x8000a3a8 (0x01014c83) x25 0x00000000 mem 0x800204aa
core   0: 0x8000a3ac (0x01b10823) sb      s11, 16(sp)
core   0: 3 0x8000a3ac (0x01b10823) mem 0x800204aa 0x4a
core   0: 0x8000a3b0 (0x01014f83) lbu     t6, 16(sp)
core   0: 3 0x8000a3b0 (0x01014f83) x31 0x0000004a mem 0x800204aa
core   0: 0x8000a3b4 (0x020625b3) mulhsu  a1, a2, zero
core   0: 3 0x8000a3b4 (0x020625b3) x11 0x00000000
core   0: 0x8000a3b8 (0x41595913) srai    s2, s2, 21
core   0: 3 0x8000a3b8 (0x41595913) x18 0x00000000
core   0: 0x8000a3bc (0x01015783) lhu     a5, 16(sp)
core   0: 3 0x8000a3bc (0x01015783) x15 0x0000004a mem 0x800204aa
core   0: 0x8000a3c0 (0x01014e03) lbu     t3, 16(sp)
core   0: 3 0x8000a3c0 (0x01014e03) x28 0x0000004a mem 0x800204aa
core   0: 0x8000a3c4 (0x01010783) lb      a5, 16(sp)
core   0: 3 0x8000a3c4 (0x01010783) x15 0x0000004a mem 0x800204aa
core   0: 0x8000a3c8 (0x01410823) sb      s4, 16(sp)
core   0: 3 0x8000a3c8 (0x01410823) mem 0x800204aa 0x0
core   0: 0x8000a3cc (0x01014b83) lbu     s7, 16(sp)
core   0: 3 0x8000a3cc (0x01014b83) x23 0x00000000 mem 0x800204aa
core   0: 0x8000a3d0 (0xff910403) lb      s0, -7(sp)
core   0: 3 0x8000a3d0 (0xff910403) x 8 0x00000048 mem 0x80020493
core   0: 0x8000a3d4 (0x000080ea) c.mv    ra, s10
core   0: 3 0x8000a3d4 (0x80ea) x 1 0x00000000
core   0: 0x8000a3d6 (0x01014b83) lbu     s7, 16(sp)
core   0: 3 0x8000a3d6 (0x01014b83) x23 0x00000000 mem 0x800204aa
core   0: 0x8000a3da (0x01015183) lhu     gp, 16(sp)
core   0: 3 0x8000a3da (0x01015183) x 3 0x00000000 mem 0x800204aa
core   0: 0x8000a3de (0x03e91033) mulh    zero, s2, t5
core   0: 3 0x8000a3de (0x03e91033)
core   0: 0x8000a3e2 (0x0000029e) c.slli  t0, 7
core   0: 3 0x8000a3e2 (0x029e) x 5 0x00002880
core   0: 0x8000a3e4 (0x00006b41) c.lui   s6, 0x10
core   0: 3 0x8000a3e4 (0x6b41) x22 0x00010000
core   0: 0x8000a3e6 (0x747ec993) xori    s3, t4, 1863
core   0: 3 0x8000a3e6 (0x747ec993) x19 0xfd14bd64
core   0: 0x8000a3ea (0x111ac763) blt     s5, a7, pc + 270
core   0: 3 0x8000a3ea (0x111ac763)
core   0: 0x8000a3ee (0x005acd63) blt     s5, t0, pc + 26
core   0: 3 0x8000a3ee (0x005acd63)
core   0: 0x8000a408 (0x00008491) c.srai  s1, 4
core   0: 3 0x8000a408 (0x8491) x 9 0x00000000
core   0: 0x8000a40a (0x000080ea) c.mv    ra, s10
core   0: 3 0x8000a40a (0x80ea) x 1 0x00000000
core   0: 0x8000a40c (0x0e0fc763) bltz    t6, pc + 238
core   0: 3 0x8000a40c (0x0e0fc763)
core   0: 0x8000a410 (0x00ad0fb3) add     t6, s10, a0
core   0: 3 0x8000a410 (0x00ad0fb3) x31 0x00000001
core   0: 0x8000a414 (0x11a07363) bgeu    zero, s10, pc + 262
core   0: 3 0x8000a414 (0x11a07363)
core   0: 0x8000a51a (0x01351293) slli    t0, a0, 19
core   0: 3 0x8000a51a (0x01351293) x 5 0x00080000
core   0: 0x8000a51e (0x00000799) c.addi  a5, 6
core   0: 3 0x8000a51e (0x0799) x15 0x00000050
core   0: 0x8000a520 (0x34020213) addi    tp, tp, 832
core   0: 3 0x8000a520 (0x34020213) x 4 0xdd258be5
core   0: 0x8000a524 (0x0274ee63) bltu    s1, t2, pc + 60
core   0: 3 0x8000a524 (0x0274ee63)
core   0: 0x8000a560 (0x40595793) srai    a5, s2, 5
core   0: 3 0x8000a560 (0x40595793) x15 0x00000000
core   0: 0x8000a564 (0x00008c51) c.or    s0, a2
core   0: 3 0x8000a564 (0x8c51) x 8 0x00000048
core   0: 0x8000a566 (0x00008e6d) c.and   a2, a1
core   0: 3 0x8000a566 (0x8e6d) x12 0x00000000
core   0: 0x8000a568 (0x019e2833) slt     a6, t3, s9
core   0: 3 0x8000a568 (0x019e2833) x16 0x00000000
core   0: 0x8000a56c (0x00005dfd) c.li    s11, -1
core   0: 3 0x8000a56c (0x5dfd) x27 0xffffffff
core   0: 0x8000a56e (0x00006111) c.addi16sp sp, 256
core   0: 3 0x8000a56e (0x6111) x 2 0x8002059a
core   0: 0x8000a570 (0x000084b5) c.srai  s1, 13
core   0: 3 0x8000a570 (0x84b5) x 9 0x00000000
core   0: 0x8000a572 (0x0ff0000f) fence   iorw,iorw
core   0: 3 0x8000a572 (0x0ff0000f)
core   0: 0x8000a576 (0x0000100f) fence.i
core   0: 3 0x8000a576 (0x0000100f)
core   0: 0x8000a57a (0x00008091) c.srli  s1, 4
core   0: 3 0x8000a57a (0x8091) x 9 0x00000000
core   0: 0x8000a57c (0x00006105) c.addi16sp sp, 32
core   0: 3 0x8000a57c (0x6105) x 2 0x800205ba
core   0: 0x8000a57e (0x0324f7b3) remu    a5, s1, s2
core   0: 3 0x8000a57e (0x0324f7b3) x15 0x00000000
core   0: 0x8000a582 (0xe9ab7113) andi    sp, s6, -358
core   0: 3 0x8000a582 (0xe9ab7113) x 2 0x00010000
core   0: 0x8000a586 (0xce850793) addi    a5, a0, -792
core   0: 3 0x8000a586 (0xce850793) x15 0xfffffce9
core   0: 0x8000a58a (0x0000983a) c.add   a6, a4
core   0: 3 0x8000a58a (0x983a) x16 0x00000000
core   0: 0x8000a58c (0x000089c6) c.mv    s3, a7
core   0: 3 0x8000a58c (0x89c6) x19 0x80026e58
core   0: 0x8000a58e (0x000084c5) c.srai  s1, 17
core   0: 3 0x8000a58e (0x84c5) x 9 0x00000000
core   0: 0x8000a590 (0x00008f85) c.sub   a5, s1
core   0: 3 0x8000a590 (0x8f85) x15 0xfffffce9
core   0: 0x8000a592 (0x0445d363) bge     a1, tp, pc + 70
core   0: 3 0x8000a592 (0x0445d363)
core   0: 0x8000a5d8 (0x00008506) c.mv    a0, ra
core   0: 3 0x8000a5d8 (0x8506) x10 0x00000000
core   0: 0x8000a5da (0x4013d7b3) sra     a5, t2, ra
core   0: 3 0x8000a5da (0x4013d7b3) x15 0xf6f305ea
core   0: 0x8000a5de (0x0ff0000f) fence   iorw,iorw
core   0: 3 0x8000a5de (0x0ff0000f)
core   0: 0x8000a5e2 (0x40b7d093) srai    ra, a5, 11
core   0: 3 0x8000a5e2 (0x40b7d093) x 1 0xfffede60
core   0: 0x8000a5e6 (0x02c8b7b3) mulhu   a5, a7, a2
core   0: 3 0x8000a5e6 (0x02c8b7b3) x15 0x00000000
core   0: 0x8000a5ea (0x0363d7b3) divu    a5, t2, s6
core   0: 3 0x8000a5ea (0x0363d7b3) x15 0x0000f6f3
core   0: 0x8000a5ee (0x0000027a) c.slli  tp, 30
core   0: 3 0x8000a5ee (0x027a) x 4 0x40000000
core   0: 0x8000a5f0 (0x00f0d393) srli    t2, ra, 15
core   0: 3 0x8000a5f0 (0x00f0d393) x 7 0x0001fffd
core   0: 0x8000a5f4 (0x0000993a) c.add   s2, a4
core   0: 3 0x8000a5f4 (0x993a) x18 0x00000000
core   0: 0x8000a5f6 (0x00000156) c.slli  sp, 21
core   0: 3 0x8000a5f6 (0x0156) x 2 0x00000000
core   0: 0x8000a5f8 (0x01fb6cb3) or      s9, s6, t6
core   0: 3 0x8000a5f8 (0x01fb6cb3) x25 0x00010001
core   0: 0x8000a5fc (0x0000c099) c.beqz  s1, pc + 6
core   0: 3 0x8000a5fc (0xc099)
core   0: 0x8000a602 (0x028b0763) beq     s6, s0, pc + 46
core   0: 3 0x8000a602 (0x028b0763)
core   0: 0x8000a606 (0x02857a33) remu    s4, a0, s0
core   0: 3 0x8000a606 (0x02857a33) x20 0x00000000
core   0: 0x8000a60a (0x0145ebb3) or      s7, a1, s4
core   0: 3 0x8000a60a (0x0145ebb3) x23 0x00000000
core   0: 0x8000a60e (0x033a0633) mul     a2, s4, s3
core   0: 3 0x8000a60e (0x033a0633) x12 0x00000000
core   0: 0x8000a612 (0x41277797) auipc   a5, 0x41277
core   0: 3 0x8000a612 (0x41277797) x15 0xc1281612
core   0: 0x8000a616 (0xb9bcc493) xori    s1, s9, -1125
core   0: 3 0x8000a616 (0xb9bcc493) x 9 0xfffefb9a
core   0: 0x8000a61a (0x00008146) c.mv    sp, a7
core   0: 3 0x8000a61a (0x8146) x 2 0x80026e58
core   0: 0x8000a61c (0x00000001) c.nop
core   0: 3 0x8000a61c (0x0001)
core   0: 0x8000a61e (0x00310c33) add     s8, sp, gp
core   0: 3 0x8000a61e (0x00310c33) x24 0x80026e58
core   0: 0x8000a622 (0x0000e599) c.bnez  a1, pc + 14
core   0: 3 0x8000a622 (0xe599)
core   0: 0x8000a624 (0x03b26863) bltu    tp, s11, pc + 48
core   0: 3 0x8000a624 (0x03b26863)
core   0: 0x8000a654 (0x03a83393) sltiu   t2, a6, 58
core   0: 3 0x8000a654 (0x03a83393) x 7 0x00000001
core   0: 0x8000a658 (0xb0417293) andi    t0, sp, -1276
core   0: 3 0x8000a658 (0xb0417293) x 5 0x80026a00
core   0: 0x8000a65c (0x02282533) mulhsu  a0, a6, sp
core   0: 3 0x8000a65c (0x02282533) x10 0x00000000
core   0: 0x8000a660 (0x00378f33) add     t5, a5, gp
core   0: 3 0x8000a660 (0x00378f33) x30 0xc1281612
core   0: 0x8000a664 (0x000003bd) c.addi  t2, 15
core   0: 3 0x8000a664 (0x03bd) x 7 0x00000010
core   0: 0x8000a666 (0x0287f7b3) remu    a5, a5, s0
core   0: 3 0x8000a666 (0x0287f7b3) x15 0x00000042
core   0: 0x8000a66a (0x3ef7b193) sltiu   gp, a5, 1007
core   0: 3 0x8000a66a (0x3ef7b193) x 3 0x00000001
core   0: 0x8000a66e (0x5713f813) andi    a6, t2, 1393
core   0: 3 0x8000a66e (0x5713f813) x16 0x00000010
core   0: 0x8000a672 (0x025a5363) bge     s4, t0, pc + 38
core   0: 3 0x8000a672 (0x025a5363)
core   0: 0x8000a698 (0x00905513) srli    a0, zero, 9
core   0: 3 0x8000a698 (0x00905513) x10 0x00000000
core   0: 0x8000a69c (0x02f9b633) mulhu   a2, s3, a5
core   0: 3 0x8000a69c (0x02f9b633) x12 0x00000021
core   0: 0x8000a6a0 (0x000014fd) c.addi  s1, -1
core   0: 3 0x8000a6a0 (0x14fd) x 9 0xfffefb99
core   0: 0x8000a6a2 (0x0000858d) c.srai  a1, 3
core   0: 3 0x8000a6a2 (0x858d) x11 0x00000000
core   0: 0x8000a6a4 (0x0ff0000f) fence   iorw,iorw
core   0: 3 0x8000a6a4 (0x0ff0000f)
core   0: 0x8000a6a8 (0x1e3ff597) auipc   a1, 0x1e3ff
core   0: 3 0x8000a6a8 (0x1e3ff597) x11 0x9e4096a8
core   0: 0x8000a6ac (0x0000848d) c.srai  s1, 3
core   0: 3 0x8000a6ac (0x848d) x 9 0xffffdf73
core   0: 0x8000a6ae (0x01aa4b33) xor     s6, s4, s10
core   0: 3 0x8000a6ae (0x01aa4b33) x22 0x00000000
core   0: 0x8000a6b2 (0x00008f7d) c.and   a4, a5
core   0: 3 0x8000a6b2 (0x8f7d) x14 0x00000000
core   0: 0x8000a6b4 (0xb9c0a113) slti    sp, ra, -1124
core   0: 3 0x8000a6b4 (0xb9c0a113) x 2 0x00000001
core   0: 0x8000a6b8 (0x00562833) slt     a6, a2, t0
core   0: 3 0x8000a6b8 (0x00562833) x16 0x00000000
core   0: 0x8000a6bc (0x36e82837) lui     a6, 0x36e82
core   0: 3 0x8000a6bc (0x36e82837) x16 0x36e82000
core   0: 0x8000a6c0 (0x021d4733) div     a4, s10, ra
core   0: 3 0x8000a6c0 (0x021d4733) x14 0x00000000
core   0: 0x8000a6c4 (0x13c52213) slti    tp, a0, 316
core   0: 3 0x8000a6c4 (0x13c52213) x 4 0x00000001
core   0: 0x8000a6c8 (0x000067f9) c.lui   a5, 0x1e
core   0: 3 0x8000a6c8 (0x67f9) x15 0x0001e000
core   0: 0x8000a6ca (0x00008d8d) c.sub   a1, a1
core   0: 3 0x8000a6ca (0x8d8d) x11 0x00000000
core   0: 0x8000a6cc (0x00f3da33) srl     s4, t2, a5
core   0: 3 0x8000a6cc (0x00f3da33) x20 0x00000010
core   0: 0x8000a6d0 (0x036692b3) mulh    t0, a3, s6
core   0: 3 0x8000a6d0 (0x036692b3) x 5 0x00000000
core   0: 0x8000a6d4 (0x03aa9db3) mulh    s11, s5, s10
core   0: 3 0x8000a6d4 (0x03aa9db3) x27 0x00000000
core   0: 0x8000a6d8 (0x02e454b3) divu    s1, s0, a4
core   0: 3 0x8000a6d8 (0x02e454b3) x 9 0xffffffff
core   0: 0x8000a6dc (0xf3830d93) addi    s11, t1, -200
core   0: 3 0x8000a6dc (0xf3830d93) x27 0xfc094b70
core   0: 0x8000a6e0 (0x03c8dcb3) divu    s9, a7, t3
core   0: 3 0x8000a6e0 (0x03c8dcb3) x25 0x01bad7fa
core   0: 0x8000a6e4 (0x0000100f) fence.i
core   0: 3 0x8000a6e4 (0x0000100f)
core   0: 0x8000a6e8 (0x0278c533) div     a0, a7, t2
core   0: 3 0x8000a6e8 (0x0278c533) x10 0xf80026e6
core   0: 0x8000a6ec (0x00000d04) c.addi4spn s1, sp, 656
core   0: 3 0x8000a6ec (0x0d04) x 9 0x00000291
core   0: 0x8000a6ee (0x000094ea) c.add   s1, s10
core   0: 3 0x8000a6ee (0x94ea) x 9 0x00000291
core   0: 0x8000a6f0 (0x00b54263) blt     a0, a1, pc + 4
core   0: 3 0x8000a6f0 (0x00b54263)
core   0: 0x8000a6f4 (0x01293733) sltu    a4, s2, s2
core   0: 3 0x8000a6f4 (0x01293733) x14 0x00000000
core   0: 0x8000a6f8 (0x0000567d) c.li    a2, -1
core   0: 3 0x8000a6f8 (0x567d) x12 0xffffffff
core   0: 0x8000a6fa (0x03b96663) bltu    s2, s11, pc + 44
core   0: 3 0x8000a6fa (0x03b96663)
core   0: 0x8000a726 (0x02be5633) divu    a2, t3, a1
core   0: 3 0x8000a726 (0x02be5633) x12 0xffffffff
core   0: 0x8000a72a (0x00641533) sll     a0, s0, t1
core   0: 3 0x8000a72a (0x00641533) x10 0x48000000
core   0: 0x8000a72e (0x010985b3) add     a1, s3, a6
core   0: 3 0x8000a72e (0x010985b3) x11 0xb6ea8e58
core   0: 0x8000a732 (0xdce0bf93) sltiu   t6, ra, -562
core   0: 3 0x8000a732 (0xdce0bf93) x31 0x00000001
core   0: 0x8000a736 (0x7b9a3137) lui     sp, 0x7b9a3
core   0: 3 0x8000a736 (0x7b9a3137) x 2 0x7b9a3000
core   0: 0x8000a73a (0x000085c1) c.srai  a1, 16
core   0: 3 0x8000a73a (0x85c1) x11 0xffffb6ea
core   0: 0x8000a73c (0x40d65093) srai    ra, a2, 13
core   0: 3 0x8000a73c (0x40d65093) x 1 0xffffffff
core   0: 0x8000a740 (0x00837e93) andi    t4, t1, 8
core   0: 3 0x8000a740 (0x00837e93) x29 0x00000008
core   0: 0x8000a744 (0x000060bd) c.lui   ra, 0xf
core   0: 3 0x8000a744 (0x60bd) x 1 0x0000f000
core   0: 0x8000a746 (0x00001310) c.addi4spn a2, sp, 416
core   0: 3 0x8000a746 (0x1310) x12 0x7b9a31a0
core   0: 0x8000a748 (0x02f49563) bne     s1, a5, pc + 42
core   0: 3 0x8000a748 (0x02f49563)
core   0: 0x8000a772 (0x00006eb5) c.lui   t4, 0xd
core   0: 3 0x8000a772 (0x6eb5) x29 0x0000d000
core   0: 0x8000a774 (0x406cdeb3) sra     t4, s9, t1
core   0: 3 0x8000a774 (0x406cdeb3) x29 0x00000001
core   0: 0x8000a778 (0x02db3eb3) mulhu   t4, s6, a3
core   0: 3 0x8000a778 (0x02db3eb3) x29 0x00000000
core   0: 0x8000a77c (0x00008025) c.srli  s0, 9
core   0: 3 0x8000a77c (0x8025) x 8 0x00000000
core   0: 0x8000a77e (0x00009213) slli    tp, ra, 0
core   0: 3 0x8000a77e (0x00009213) x 4 0x0000f000
core   0: 0x8000a782 (0x0011d793) srli    a5, gp, 1
core   0: 3 0x8000a782 (0x0011d793) x15 0x00000000
core   0: 0x8000a786 (0x0174d963) bge     s1, s7, pc + 18
core   0: 3 0x8000a786 (0x0174d963)
core   0: 0x8000a798 (0x00ac4763) blt     s8, a0, pc + 14
core   0: 3 0x8000a798 (0x00ac4763)
core   0: 0x8000a7a6 (0x0000e39d) c.bnez  a5, pc + 38
core   0: 3 0x8000a7a6 (0xe39d)
core   0: 0x8000a7a8 (0x40fcdc33) sra     s8, s9, a5
core   0: 3 0x8000a7a8 (0x40fcdc33) x24 0x01bad7fa
core   0: 0x8000a7ac (0x03601d63) bne     zero, s6, pc + 58
core   0: 3 0x8000a7ac (0x03601d63)
core   0: 0x8000a7b0 (0x023750b3) divu    ra, a4, gp
core   0: 3 0x8000a7b0 (0x023750b3) x 1 0x00000000
core   0: 0x8000a7b4 (0x00000001) c.nop
core   0: 3 0x8000a7b4 (0x0001)
core   0: 0x8000a7b6 (0x01ea5d33) srl     s10, s4, t5
core   0: 3 0x8000a7b6 (0x01ea5d33) x26 0x00000000
core   0: 0x8000a7ba (0x00000001) c.nop
core   0: 3 0x8000a7ba (0x0001)
core   0: 0x8000a7bc (0x00f86fb3) or      t6, a6, a5
core   0: 3 0x8000a7bc (0x00f86fb3) x31 0x36e82000
core   0: 0x8000a7c0 (0x0261de33) divu    t3, gp, t1
core   0: 3 0x8000a7c0 (0x0261de33) x28 0x00000000
core   0: 0x8000a7c4 (0x038c3eb3) mulhu   t4, s8, s8
core   0: 3 0x8000a7c4 (0x038c3eb3) x29 0x0002fe0e
core   0: 0x8000a7c8 (0x021ee933) rem     s2, t4, ra
core   0: 3 0x8000a7c8 (0x021ee933) x18 0x0002fe0e
core   0: 0x8000a7cc (0x02225763) bge     tp, sp, pc + 46
core   0: 3 0x8000a7cc (0x02225763)
core   0: 0x8000a7d0 (0x00008435) c.srai  s0, 13
core   0: 3 0x8000a7d0 (0x8435) x 8 0x00000000
core   0: 0x8000a7d2 (0x00000001) c.nop
core   0: 3 0x8000a7d2 (0x0001)
core   0: 0x8000a7d4 (0x00c47863) bgeu    s0, a2, pc + 16
core   0: 3 0x8000a7d4 (0x00c47863)
core   0: 0x8000a7d8 (0x00008e5d) c.or    a2, a5
core   0: 3 0x8000a7d8 (0x8e5d) x12 0x7b9a31a0
core   0: 0x8000a7da (0x01ace033) or      zero, s9, s10
core   0: 3 0x8000a7da (0x01ace033)
core   0: 0x8000a7de (0x2d5fac93) slti    s9, t6, 725
core   0: 3 0x8000a7de (0x2d5fac93) x25 0x00000000
core   0: 0x8000a7e2 (0x00009a42) c.add   s4, a6
core   0: 3 0x8000a7e2 (0x9a42) x20 0x36e82010
core   0: 0x8000a7e4 (0x0000c611) c.beqz  a2, pc + 12
core   0: 3 0x8000a7e4 (0xc611)
core   0: 0x8000a7e6 (0x01f70e63) beq     a4, t6, pc + 28
core   0: 3 0x8000a7e6 (0x01f70e63)
core   0: 0x8000a7ea (0x00008d5d) c.or    a0, a5
core   0: 3 0x8000a7ea (0x8d5d) x10 0x48000000
core   0: 0x8000a7ec (0x018413b3) sll     t2, s0, s8
core   0: 3 0x8000a7ec (0x018413b3) x 7 0x00000000
core   0: 0x8000a7f0 (0x0386aa33) mulhsu  s4, a3, s8
core   0: 3 0x8000a7f0 (0x0386aa33) x20 0xfff924b5
core   0: 0x8000a7f4 (0x00009332) c.add   t1, a2
core   0: 3 0x8000a7f4 (0x9332) x 6 0x77a37dd8
core   0: 0x8000a7f6 (0x56d6b013) sltiu   zero, a3, 1389
core   0: 3 0x8000a7f6 (0x56d6b013)
core   0: 0x8000a7fa (0x40755193) srai    gp, a0, 7
core   0: 3 0x8000a7fa (0x40755193) x 3 0x00900000
core   0: 0x8000a7fe (0x01665863) bge     a2, s6, pc + 16
core   0: 3 0x8000a7fe (0x01665863)
core   0: 0x8000a80e (0x00008d95) c.sub   a1, a3
core   0: 3 0x8000a80e (0x8d95) x11 0x03f66ab2
core   0: 0x8000a810 (0x02649133) mulh    sp, s1, t1
core   0: 3 0x8000a810 (0x02649133) x 2 0x00000133
core   0: 0x8000a814 (0xa37b3917) auipc   s2, 0xa37b3
core   0: 3 0x8000a814 (0xa37b3917) x18 0x237bd814
core   0: 0x8000a818 (0x00000001) c.nop
core   0: 3 0x8000a818 (0x0001)
core   0: 0x8000a81a (0x01083fb3) sltu    t6, a6, a6
core   0: 3 0x8000a81a (0x01083fb3) x31 0x00000000
core   0: 0x8000a81e (0x000084e9) c.srai  s1, 26
core   0: 3 0x8000a81e (0x84e9) x 9 0x00000000
core   0: 0x8000a820 (0x00008409) c.srai  s0, 2
core   0: 3 0x8000a820 (0x8409) x 8 0x00000000
core   0: 0x8000a822 (0x07970113) addi    sp, a4, 121
core   0: 3 0x8000a822 (0x07970113) x 2 0x00000079
core   0: 0x8000a826 (0x190dee93) ori     t4, s11, 400
core   0: 3 0x8000a826 (0x190dee93) x29 0xfc094bf0
core   0: 0x8000a82a (0x00008cbd) c.xor   s1, a5
core   0: 3 0x8000a82a (0x8cbd) x 9 0x00000000
core   0: 0x8000a82c (0xf39eed93) ori     s11, t4, -199
core   0: 3 0x8000a82c (0xf39eed93) x27 0xfffffff9
core   0: 0x8000a830 (0x01b62db3) slt     s11, a2, s11
core   0: 3 0x8000a830 (0x01b62db3) x27 0x00000000
core   0: 0x8000a834 (0x000009fa) c.slli  s3, 30
core   0: 3 0x8000a834 (0x09fa) x19 0x00000000
core   0: 0x8000a836 (0x4978fb93) andi    s7, a7, 1175
core   0: 3 0x8000a836 (0x4978fb93) x23 0x00000410
core   0: 0x8000a83a (0x00008551) c.srai  a0, 20
core   0: 3 0x8000a83a (0x8551) x10 0x00000480
core   0: 0x8000a83c (0x008a8e33) add     t3, s5, s0
core   0: 3 0x8000a83c (0x008a8e33) x28 0x8002ace4
core   0: 0x8000a840 (0x4a180297) auipc   t0, 0x4a180
core   0: 3 0x8000a840 (0x4a180297) x 5 0xca18a840
core   0: 0x8000a844 (0x01b16bb3) or      s7, sp, s11
core   0: 3 0x8000a844 (0x01b16bb3) x23 0x00000079
core   0: 0x8000a848 (0x00000d56) c.slli  s10, 21
core   0: 3 0x8000a848 (0x0d56) x26 0x00000000
core   0: 0x8000a84a (0x000080da) c.mv    ra, s6
core   0: 3 0x8000a84a (0x80da) x 1 0x00000000
core   0: 0x8000a84c (0x01229863) bne     t0, s2, pc + 16
core   0: 3 0x8000a84c (0x01229863)
core   0: 0x8000a85c (0x00000001) c.nop
core   0: 3 0x8000a85c (0x0001)
core   0: 0x8000a85e (0x00005a7d) c.li    s4, -1
core   0: 3 0x8000a85e (0x5a7d) x20 0xffffffff
core   0: 0x8000a860 (0xb44b2413) slti    s0, s6, -1212
core   0: 3 0x8000a860 (0xb44b2413) x 8 0x00000000
core   0: 0x8000a864 (0x01d51b13) slli    s6, a0, 29
core   0: 3 0x8000a864 (0x01d51b13) x22 0x00000000
core   0: 0x8000a868 (0x0000863d) c.srai  a2, 15
core   0: 3 0x8000a868 (0x863d) x12 0x0000f734
core   0: 0x8000a86a (0x012ce463) bltu    s9, s2, pc + 8
core   0: 3 0x8000a86a (0x012ce463)
core   0: 0x8000a872 (0x03cf8a63) beq     t6, t3, pc + 52
core   0: 3 0x8000a872 (0x03cf8a63)
core   0: 0x8000a876 (0x03cba9b3) mulhsu  s3, s7, t3
core   0: 3 0x8000a876 (0x03cba9b3) x19 0x0000003c
core   0: 0x8000a87a (0x7839b293) sltiu   t0, s3, 1923
core   0: 3 0x8000a87a (0x7839b293) x 5 0x00000001
core   0: 0x8000a87e (0x019c5e63) bge     s8, s9, pc + 28
core   0: 3 0x8000a87e (0x019c5e63)
core   0: 0x8000a89a (0x00000001) c.nop
core   0: 3 0x8000a89a (0x0001)
core   0: 0x8000a89c (0x00008b89) c.andi  a5, 2
core   0: 3 0x8000a89c (0x8b89) x15 0x00000000
core   0: 0x8000a89e (0x030ee4b3) rem     s1, t4, a6
core   0: 3 0x8000a89e (0x030ee4b3) x 9 0xfc094bf0
core   0: 0x8000a8a2 (0x00b59193) slli    gp, a1, 11
core   0: 3 0x8000a8a2 (0x00b59193) x 3 0xb3559000
core   0: 0x8000a8a6 (0x40580eb3) sub     t4, a6, t0
core   0: 3 0x8000a8a6 (0x40580eb3) x29 0x36e81fff
core   0: 0x8000a8aa (0x00008cf6) c.mv    s9, t4
core   0: 3 0x8000a8aa (0x8cf6) x25 0x36e81fff
core   0: 0x8000a8ac (0x00c78663) beq     a5, a2, pc + 12
core   0: 3 0x8000a8ac (0x00c78663)
core   0: 0x8000a8b0 (0x401389b3) sub     s3, t2, ra
core   0: 3 0x8000a8b0 (0x401389b3) x19 0x00000000
core   0: 0x8000a8b4 (0x14b9cc93) xori    s9, s3, 331
core   0: 3 0x8000a8b4 (0x14b9cc93) x25 0x0000014b
core   0: 0x8000a8b8 (0x16c2bc93) sltiu   s9, t0, 364
core   0: 3 0x8000a8b8 (0x16c2bc93) x25 0x00000001
core   0: 0x8000a8bc (0x02bb1fb3) mulh    t6, s6, a1
core   0: 3 0x8000a8bc (0x02bb1fb3) x31 0x00000000
core   0: 0x8000a8c0 (0x0000c499) c.beqz  s1, pc + 14
core   0: 3 0x8000a8c0 (0xc499)
core   0: 0x8000a8c2 (0x01728e33) add     t3, t0, s7
core   0: 3 0x8000a8c2 (0x01728e33) x28 0x0000007a
core   0: 0x8000a8c6 (0x033b2fb3) mulhsu  t6, s6, s3
core   0: 3 0x8000a8c6 (0x033b2fb3) x31 0x00000000
core   0: 0x8000a8ca (0x0308f863) bgeu    a7, a6, pc + 48
core   0: 3 0x8000a8ca (0x0308f863)
core   0: 0x8000a8fa (0x45ad2c13) slti    s8, s10, 1114
core   0: 3 0x8000a8fa (0x45ad2c13) x24 0x00000001
core   0: 0x8000a8fe (0x033a2eb3) mulhsu  t4, s4, s3
core   0: 3 0x8000a8fe (0x033a2eb3) x29 0x00000000
core   0: 0x8000a902 (0x68000413) li      s0, 1664
core   0: 3 0x8000a902 (0x68000413) x 8 0x00000680
core   0: 0x8000a906 (0x0171feb3) and     t4, gp, s7
core   0: 3 0x8000a906 (0x0171feb3) x29 0x00000000
core   0: 0x8000a90a (0xc9353717) auipc   a4, 0xc9353
core   0: 3 0x8000a90a (0xc9353717) x14 0x4935d90a
core   0: 0x8000a90e (0x0067f263) bgeu    a5, t1, pc + 4
core   0: 3 0x8000a90e (0x0067f263)
core   0: 0x8000a912 (0x0ff0000f) fence   iorw,iorw
core   0: 3 0x8000a912 (0x0ff0000f)
core   0: 0x8000a916 (0xdfb4b493) sltiu   s1, s1, -517
core   0: 3 0x8000a916 (0xdfb4b493) x 9 0x00000001
core   0: 0x8000a91a (0x0000ec81) c.bnez  s1, pc + 24
core   0: 3 0x8000a91a (0xec81)
core   0: 0x8000a932 (0x0ff0000f) fence   iorw,iorw
core   0: 3 0x8000a932 (0x0ff0000f)
core   0: 0x8000a936 (0x02fd30b3) mulhu   ra, s10, a5
core   0: 3 0x8000a936 (0x02fd30b3) x 1 0x00000000
core   0: 0x8000a93a (0x00be6b33) or      s6, t3, a1
core   0: 3 0x8000a93a (0x00be6b33) x22 0x03f66afa
core   0: 0x8000a93e (0x00004125) c.li    sp, 9
core   0: 3 0x8000a93e (0x4125) x 2 0x00000009
core   0: 0x8000a940 (0x00000dee) c.slli  s11, 27
core   0: 3 0x8000a940 (0x0dee) x27 0x00000000
core   0: 0x8000a942 (0xc2980193) addi    gp, a6, -983
core   0: 3 0x8000a942 (0xc2980193) x 3 0x36e81c29
core   0: 0x8000a946 (0x0000cd91) c.beqz  a1, pc + 28
core   0: 3 0x8000a946 (0xcd91)
core   0: 0x8000a948 (0x008d1bb3) sll     s7, s10, s0
core   0: 3 0x8000a948 (0x008d1bb3) x23 0x00000000
core   0: 0x8000a94c (0x000099fd) c.andi  a1, -1
core   0: 3 0x8000a94c (0x99fd) x11 0x03f66ab2
core   0: 0x8000a94e (0xf2b9b513) sltiu   a0, s3, -213
core   0: 3 0x8000a94e (0xf2b9b513) x10 0x00000001
core   0: 0x8000a952 (0x00006cf1) c.lui   s9, 0x1c
core   0: 3 0x8000a952 (0x6cf1) x25 0x0001c000
core   0: 0x8000a954 (0x03806763) bltu    zero, s8, pc + 46
core   0: 3 0x8000a954 (0x03806763)
core   0: 0x8000a982 (0x00008c25) c.xor   s0, s1
core   0: 3 0x8000a982 (0x8c25) x 8 0x00000681
core   0: 0x8000a984 (0x0000717d) c.addi16sp sp, -16
core   0: 3 0x8000a984 (0x717d) x 2 0xfffffff9
core   0: 0x8000a986 (0x010375b3) and     a1, t1, a6
core   0: 3 0x8000a986 (0x010375b3) x11 0x36a02000
core   0: 0x8000a98a (0x00008de1) c.and   a1, s0
core   0: 3 0x8000a98a (0x8de1) x11 0x00000000
core   0: 0x8000a98c (0x04e9e063) bltu    s3, a4, pc + 64
core   0: 3 0x8000a98c (0x04e9e063)
core   0: 0x8000a9cc (0x4979fb13) andi    s6, s3, 1175
core   0: 3 0x8000a9cc (0x4979fb13) x22 0x00000000
core   0: 0x8000a9d0 (0x0000ce05) c.beqz  a2, pc + 56
core   0: 3 0x8000a9d0 (0xce05)
core   0: 0x8000a9d2 (0x0ff0000f) fence   iorw,iorw
core   0: 3 0x8000a9d2 (0x0ff0000f)
core   0: 0x8000a9d6 (0x00b18263) beq     gp, a1, pc + 4
core   0: 3 0x8000a9d6 (0x00b18263)
core   0: 0x8000a9da (0x41fb5333) sra     t1, s6, t6
core   0: 3 0x8000a9da (0x41fb5333) x 6 0x00000000
core   0: 0x8000a9de (0x00008205) c.srli  a2, 1
core   0: 3 0x8000a9de (0x8205) x12 0x00007b9a
core   0: 0x8000a9e0 (0x64b20613) addi    a2, tp, 1611
core   0: 3 0x8000a9e0 (0x64b20613) x12 0x0000f64b
core   0: 0x8000a9e4 (0x40155e93) srai    t4, a0, 1
core   0: 3 0x8000a9e4 (0x40155e93) x29 0x00000000
core   0: 0x8000a9e8 (0x010cd133) srl     sp, s9, a6
core   0: 3 0x8000a9e8 (0x010cd133) x 2 0x0001c000
core   0: 0x8000a9ec (0x0000c785) c.beqz  a5, pc + 40
core   0: 3 0x8000a9ec (0xc785)
core   0: 0x8000aa14 (0x58570d13) addi    s10, a4, 1413
core   0: 3 0x8000aa14 (0x58570d13) x26 0x4935de8f
core   0: 0x8000aa18 (0x23c76093) ori     ra, a4, 572
core   0: 3 0x8000aa18 (0x23c76093) x 1 0x4935db3e
core   0: 0x8000aa1c (0x0df770b7) lui     ra, 0xdf77
core   0: 3 0x8000aa1c (0x0df770b7) x 1 0x0df77000
core   0: 0x8000aa20 (0x00d63933) sltu    s2, a2, a3
core   0: 3 0x8000aa20 (0x00d63933) x18 0x00000001
core   0: 0x8000aa24 (0x00004251) c.li    tp, 20
core   0: 3 0x8000aa24 (0x4251) x 4 0x00000014
core   0: 0x8000aa26 (0x1a610c17) auipc   s8, 0x1a610
core   0: 3 0x8000aa26 (0x1a610c17) x24 0x9a61aa26
core   0: 0x8000aa2a (0x0107fc33) and     s8, a5, a6
core   0: 3 0x8000aa2a (0x0107fc33) x24 0x00000000
core   0: 0x8000aa2e (0x000067fd) c.lui   a5, 0x1f
core   0: 3 0x8000aa2e (0x67fd) x15 0x0001f000
core   0: 0x8000aa30 (0x02fb7fb3) remu    t6, s6, a5
core   0: 3 0x8000aa30 (0x02fb7fb3) x31 0x00000000
core   0: 0x8000aa34 (0xc259f993) andi    s3, s3, -987
core   0: 3 0x8000aa34 (0xc259f993) x19 0x00000000
core   0: 0x8000aa38 (0x00000001) c.nop
core   0: 3 0x8000aa38 (0x0001)
core   0: 0x8000aa3a (0x4e292d97) auipc   s11, 0x4e292
core   0: 3 0x8000aa3a (0x4e292d97) x27 0xce29ca3a
core   0: 0x8000aa3e (0xbdb5ed93) ori     s11, a1, -1061
core   0: 3 0x8000aa3e (0xbdb5ed93) x27 0xfffffbdb
core   0: 0x8000aa42 (0x023a64b3) rem     s1, s4, gp
core   0: 3 0x8000aa42 (0x023a64b3) x 9 0xffffffff
core   0: 0x8000aa46 (0x018999b3) sll     s3, s3, s8
core   0: 3 0x8000aa46 (0x018999b3) x19 0x00000000
core   0: 0x8000aa4a (0x00008d39) c.xor   a0, a4
core   0: 3 0x8000aa4a (0x8d39) x10 0x4935d90b
core   0: 0x8000aa4c (0x6a25b2b7) lui     t0, 0x6a25b
core   0: 3 0x8000aa4c (0x6a25b2b7) x 5 0x6a25b000
core   0: 0x8000aa50 (0x0000c78d) c.beqz  a5, pc + 42
core   0: 3 0x8000aa50 (0xc78d)
core   0: 0x8000aa52 (0xa2cb6c13) ori     s8, s6, -1492
core   0: 3 0x8000aa52 (0xa2cb6c13) x24 0xfffffa2c
core   0: 0x8000aa56 (0x00008715) c.srai  a4, 5
core   0: 3 0x8000aa56 (0x8715) x14 0x0249aec8
core   0: 0x8000aa58 (0x00000108) c.addi4spn a0, sp, 128
core   0: 3 0x8000aa58 (0x0108) x10 0x0001c080
core   0: 0x8000aa5a (0x025f4b63) blt     t5, t0, pc + 54
core   0: 3 0x8000aa5a (0x025f4b63)
core   0: 0x8000aa90 (0x00004539) c.li    a0, 14
core   0: 3 0x8000aa90 (0x4539) x10 0x0000000e
core   0: 0x8000aa92 (0x000084d1) c.srai  s1, 20
core   0: 3 0x8000aa92 (0x84d1) x 9 0xffffffff
core   0: 0x8000aa94 (0x013ded33) or      s10, s11, s3
core   0: 3 0x8000aa94 (0x013ded33) x26 0xfffffbdb
core   0: 0x8000aa98 (0x0000100f) fence.i
core   0: 3 0x8000aa98 (0x0000100f)
core   0: 0x8000aa9c (0xc0887b93) andi    s7, a6, -1016
core   0: 3 0x8000aa9c (0xc0887b93) x23 0x36e82000
core   0: 0x8000aaa0 (0x00000318) c.addi4spn a4, sp, 384
core   0: 3 0x8000aaa0 (0x0318) x14 0x0001c180
core   0: 0x8000aaa2 (0x0000e205) c.bnez  a2, pc + 32
core   0: 3 0x8000aaa2 (0xe205)
core   0: 0x8000aac2 (0x02b2c1b3) div     gp, t0, a1
core   0: 3 0x8000aac2 (0x02b2c1b3) x 3 0xffffffff
core   0: 0x8000aac6 (0x01291db3) sll     s11, s2, s2
core   0: 3 0x8000aac6 (0x01291db3) x27 0x00000002
core   0: 0x8000aaca (0x01a97e33) and     t3, s2, s10
core   0: 3 0x8000aaca (0x01a97e33) x28 0x00000001
core   0: 0x8000aace (0x01354763) blt     a0, s3, pc + 14
core   0: 3 0x8000aace (0x01354763)
core   0: 0x8000aad2 (0x00008ccd) c.or    s1, a1
core   0: 3 0x8000aad2 (0x8ccd) x 9 0xffffffff
core   0: 0x8000aad4 (0x02691eb3) mulh    t4, s2, t1
core   0: 3 0x8000aad4 (0x02691eb3) x29 0x00000000
core   0: 0x8000aad8 (0x003147b3) xor     a5, sp, gp
core   0: 3 0x8000aad8 (0x003147b3) x15 0xfffe3fff
core   0: 0x8000aadc (0x00008f19) c.sub   a4, a4
core   0: 3 0x8000aadc (0x8f19) x14 0x00000000
core   0: 0x8000aade (0x000088b1) c.andi  s1, 12
core   0: 3 0x8000aade (0x88b1) x 9 0x0000000c
core   0: 0x8000aae0 (0x55008313) addi    t1, ra, 1360
core   0: 3 0x8000aae0 (0x55008313) x 6 0x0df77550
core   0: 0x8000aae4 (0x00006e99) c.lui   t4, 0x6
core   0: 3 0x8000aae4 (0x6e99) x29 0x00006000
core   0: 0x8000aae6 (0x00000001) c.nop
core   0: 3 0x8000aae6 (0x0001)
core   0: 0x8000aae8 (0x358eb513) sltiu   a0, t4, 856
core   0: 3 0x8000aae8 (0x358eb513) x10 0x00000000
core   0: 0x8000aaec (0x0000cd8d) c.beqz  a1, pc + 58
core   0: 3 0x8000aaec (0xcd8d)
core   0: 0x8000ab26 (0x0043b833) sltu    a6, t2, tp
core   0: 3 0x8000ab26 (0x0043b833) x16 0x00000001
core   0: 0x8000ab2a (0x00008541) c.srai  a0, 16
core   0: 3 0x8000ab2a (0x8541) x10 0x00000000
core   0: 0x8000ab2c (0x019ab533) sltu    a0, s5, s9
core   0: 3 0x8000ab2c (0x019ab533) x10 0x00000000
core   0: 0x8000ab30 (0x5ef4c713) xori    a4, s1, 1519
core   0: 3 0x8000ab30 (0x5ef4c713) x14 0x000005e3
core   0: 0x8000ab34 (0xa6e54193) xori    gp, a0, -1426
core   0: 3 0x8000ab34 (0xa6e54193) x 3 0xfffffa6e
core   0: 0x8000ab38 (0x01186d33) or      s10, a6, a7
core   0: 3 0x8000ab38 (0x01186d33) x26 0x80026e59
core   0: 0x8000ab3c (0x41798bb3) sub     s7, s3, s7
core   0: 3 0x8000ab3c (0x41798bb3) x23 0xc917e000
core   0: 0x8000ab40 (0x00c459b3) srl     s3, s0, a2
core   0: 3 0x8000ab40 (0x00c459b3) x19 0x00000000
core   0: 0x8000ab44 (0x021373b3) remu    t2, t1, ra
core   0: 3 0x8000ab44 (0x021373b3) x 7 0x00000550
core   0: 0x8000ab48 (0x55b68a13) addi    s4, a3, 1371
core   0: 3 0x8000ab48 (0x55b68a13) x20 0xfc095193
core   0: 0x8000ab4c (0x00004c61) c.li    s8, 24
core   0: 3 0x8000ab4c (0x4c61) x24 0x00000018
core   0: 0x8000ab4e (0x00228a33) add     s4, t0, sp
core   0: 3 0x8000ab4e (0x00228a33) x20 0x6a277000
core   0: 0x8000ab52 (0x01368fb3) add     t6, a3, s3
core   0: 3 0x8000ab52 (0x01368fb3) x31 0xfc094c38
core   0: 0x8000ab56 (0x00008e49) c.or    a2, a0
core   0: 3 0x8000ab56 (0x8e49) x12 0x0000f64b
core   0: 0x8000ab58 (0x02f965b3) rem     a1, s2, a5
core   0: 3 0x8000ab58 (0x02f965b3) x11 0x00000001
core   0: 0x8000ab5c (0x028b1233) mulh    tp, s6, s0
core   0: 3 0x8000ab5c (0x028b1233) x 4 0x00000000
core   0: 0x8000ab60 (0x00008c91) c.sub   s1, a2
core   0: 3 0x8000ab60 (0x8c91) x 9 0xffff09c1
core   0: 0x8000ab62 (0x01227363) bgeu    tp, s2, pc + 6
core   0: 3 0x8000ab62 (0x01227363)
core   0: 0x8000ab66 (0x00008e6d) c.and   a2, a1
core   0: 3 0x8000ab66 (0x8e6d) x12 0x00000001
core   0: 0x8000ab68 (0x01089863) bne     a7, a6, pc + 16
core   0: 3 0x8000ab68 (0x01089863)
core   0: 0x8000ab78 (0x032ad333) divu    t1, s5, s2
core   0: 3 0x8000ab78 (0x032ad333) x 6 0x8002ace4
core   0: 0x8000ab7c (0x0000861d) c.srai  a2, 7
core   0: 3 0x8000ab7c (0x861d) x12 0x00000000
core   0: 0x8000ab7e (0x59992c93) slti    s9, s2, 1433
core   0: 3 0x8000ab7e (0x59992c93) x25 0x00000001
core   0: 0x8000ab82 (0x00009956) c.add   s2, s5
core   0: 3 0x8000ab82 (0x9956) x18 0x8002ace5
core   0: 0x8000ab84 (0xc2024593) xori    a1, tp, -992
core   0: 3 0x8000ab84 (0xc2024593) x11 0xfffffc20
core   0: 0x8000ab88 (0x0000ca05) c.beqz  a2, pc + 48
core   0: 3 0x8000ab88 (0xca05)
core   0: 0x8000abb8 (0x0000cd81) c.beqz  a1, pc + 24
core   0: 3 0x8000abb8 (0xcd81)
core   0: 0x8000abba (0x8dada037) lui     zero, 0x8dada
core   0: 3 0x8000abba (0x8dada037)
core   0: 0x8000abbe (0x000089f5) c.andi  a1, 29
core   0: 3 0x8000abbe (0x89f5) x11 0x00000000
core   0: 0x8000abc0 (0x02dae463) bltu    s5, a3, pc + 40
core   0: 3 0x8000abc0 (0x02dae463)
core   0: 0x8000abe8 (0x03fc4233) div     tp, s8, t6
core   0: 3 0x8000abe8 (0x03fc4233) x 4 0x00000000
core   0: 0x8000abec (0x08550397) auipc   t2, 0x8550
core   0: 3 0x8000abec (0x08550397) x 7 0x8855abec
core   0: 0x8000abf0 (0xcf44a013) slti    zero, s1, -780
core   0: 3 0x8000abf0 (0xcf44a013)
core   0: 0x8000abf4 (0x000084d5) c.srai  s1, 21
core   0: 3 0x8000abf4 (0x84d5) x 9 0xffffffff
core   0: 0x8000abf6 (0x00a27963) bgeu    tp, a0, pc + 18
core   0: 3 0x8000abf6 (0x00a27963)
core   0: 0x8000ac08 (0x00dfa9b3) slt     s3, t6, a3
core   0: 3 0x8000ac08 (0x00dfa9b3) x19 0x00000000
core   0: 0x8000ac0c (0x00001598) c.addi4spn a4, sp, 736
core   0: 3 0x8000ac0c (0x1598) x14 0x0001c2e0
core   0: 0x8000ac0e (0x015d03b3) add     t2, s10, s5
core   0: 3 0x8000ac0e (0x015d03b3) x 7 0x00051b3d
core   0: 0x8000ac12 (0x40025533) sra     a0, tp, zero
core   0: 3 0x8000ac12 (0x40025533) x10 0x00000000
core   0: 0x8000ac16 (0x00b00d33) add     s10, zero, a1
core   0: 3 0x8000ac16 (0x00b00d33) x26 0x00000000
core   0: 0x8000ac1a (0x005d4833) xor     a6, s10, t0
core   0: 3 0x8000ac1a (0x005d4833) x16 0x6a25b000
core   0: 0x8000ac1e (0x00009b06) c.add   s6, ra
core   0: 3 0x8000ac1e (0x9b06) x22 0x0df77000
core   0: 0x8000ac20 (0x00000b49) c.addi  s6, 18
core   0: 3 0x8000ac20 (0x0b49) x22 0x0df77012
core   0: 0x8000ac22 (0x41ea5b13) srai    s6, s4, 30
core   0: 3 0x8000ac22 (0x41ea5b13) x22 0x00000001
core   0: 0x8000ac26 (0x3abe6a13) ori     s4, t3, 939
core   0: 3 0x8000ac26 (0x3abe6a13) x20 0x000003ab
core   0: 0x8000ac2a (0x00008dd1) c.or    a1, a2
core   0: 3 0x8000ac2a (0x8dd1) x11 0x00000000
core   0: 0x8000ac2c (0x00000001) c.nop
core   0: 3 0x8000ac2c (0x0001)
core   0: 0x8000ac2e (0x00939963) bne     t2, s1, pc + 18
core   0: 3 0x8000ac2e (0x00939963)
core   0: 0x8000ac40 (0x0000100f) fence.i
core   0: 3 0x8000ac40 (0x0000100f)
core   0: 0x8000ac44 (0x0254f9b3) remu    s3, s1, t0
core   0: 3 0x8000ac44 (0x0254f9b3) x19 0x2bb49fff
core   0: 0x8000ac48 (0x02b3dd63) bge     t2, a1, pc + 58
core   0: 3 0x8000ac48 (0x02b3dd63)
core   0: 0x8000ac82 (0x00001cfd) c.addi  s9, -1
core   0: 3 0x8000ac82 (0x1cfd) x25 0x00000000
core   0: 0x8000ac84 (0x0206f633) remu    a2, a3, zero
core   0: 3 0x8000ac84 (0x0206f633) x12 0xfc094c38
core   0: 0x8000ac88 (0x000094fa) c.add   s1, t5
core   0: 3 0x8000ac88 (0x94fa) x 9 0xc1281611
core   0: 0x8000ac8a (0x009f8463) beq     t6, s1, pc + 8
core   0: 3 0x8000ac8a (0x009f8463)
core   0: 0x8000ac8e (0x003bbdb3) sltu    s11, s7, gp
core   0: 3 0x8000ac8e (0x003bbdb3) x27 0x00000001
core   0: 0x8000ac92 (0x0954c963) blt     s1, s5, pc + 146
core   0: 3 0x8000ac92 (0x0954c963)
core   0: 0x8000ac96 (0xd40e6e93) ori     t4, t3, -704
core   0: 3 0x8000ac96 (0xd40e6e93) x29 0xfffffd41
core   0: 0x8000ac9a (0x1e594117) auipc   sp, 0x1e594
core   0: 3 0x8000ac9a (0x1e594117) x 2 0x9e59ec9a
core   0: 0x8000ac9e (0x00008e31) c.xor   a2, a2
core   0: 3 0x8000ac9e (0x8e31) x12 0x00000000
core   0: 0x8000aca0 (0x00155e13) srli    t3, a0, 1
core   0: 3 0x8000aca0 (0x00155e13) x28 0x00000000
core   0: 0x8000aca4 (0x00014b97) auipc   s7, 0x14
core   0: 3 0x8000aca4 (0x00014b97) x23 0x8001eca4
core   0: 0x8000aca8 (0x21cb8b93) addi    s7, s7, 540
core   0: 3 0x8000aca8 (0x21cb8b93) x23 0x8001eec0
core   0: 0x8000acac (0x008b84a3) sb      s0, 9(s7)
core   0: 3 0x8000acac (0x008b84a3) mem 0x8001eec9 0x81
core   0: 0x8000acb0 (0x007b8723) sb      t2, 14(s7)
core   0: 3 0x8000acb0 (0x007b8723) mem 0x8001eece 0x3d
core   0: 0x8000acb4 (0x000083ce) c.mv    t2, s3
core   0: 3 0x8000acb4 (0x83ce) x 7 0x2bb49fff
core   0: 0x8000acb6 (0x001bc403) lbu     s0, 1(s7)
core   0: 3 0x8000acb6 (0x001bc403) x 8 0x0000007a mem 0x8001eec1
core   0: 0x8000acba (0x001b8803) lb      a6, 1(s7)
core   0: 3 0x8000acba (0x001b8803) x16 0x0000007a mem 0x8001eec1
core   0: 0x8000acbe (0x00000531) c.addi  a0, 12
core   0: 3 0x8000acbe (0x0531) x10 0x0000000c
core   0: 0x8000acc0 (0x005bc483) lbu     s1, 5(s7)
core   0: 3 0x8000acc0 (0x005bc483) x 9 0x0000007e mem 0x8001eec5
core   0: 0x8000acc4 (0xff3bc383) lbu     t2, -13(s7)
core   0: 3 0x8000acc4 (0xff3bc383) x 7 0x00000068 mem 0x8001eeb3
core   0: 0x8000acc8 (0x007bc983) lbu     s3, 7(s7)
core   0: 3 0x8000acc8 (0x007bc983) x19 0x0000007c mem 0x8001eec7
core   0: 0x8000accc (0x01e510b3) sll     ra, a0, t5
core   0: 3 0x8000accc (0x01e510b3) x 1 0x00300000
core   0: 0x8000acd0 (0x00cb9103) lh      sp, 12(s7)
core   0: 3 0x8000acd0 (0x00cb9103) x 2 0xffff8687 mem 0x8001eecc
core   0: 0x8000acd4 (0x01aba623) sw      s10, 12(s7)
core   0: 3 0x8000acd4 (0x01aba623) mem 0x8001eecc 0x00000000
core   0: 0x8000acd8 (0x003b8303) lb      t1, 3(s7)
core   0: 3 0x8000acd8 (0x003b8303) x 6 0x00000078 mem 0x8001eec3
core   0: 0x8000acdc (0x003b8203) lb      tp, 3(s7)
core   0: 3 0x8000acdc (0x003b8203) x 4 0x00000078 mem 0x8001eec3
core   0: 0x8000ace0 (0x00abde83) lhu     t4, 10(s7)
core   0: 3 0x8000ace0 (0x00abde83) x29 0x00008081 mem 0x8001eeca
core   0: 0x8000ace4 (0x008b9723) sh      s0, 14(s7)
core   0: 3 0x8000ace4 (0x008b9723) mem 0x8001eece 0x007a
core   0: 0x8000ace8 (0x009bc103) lbu     sp, 9(s7)
core   0: 3 0x8000ace8 (0x009bc103) x 2 0x00000081 mem 0x8001eec9
core   0: 0x8000acec (0x002bc903) lbu     s2, 2(s7)
core   0: 3 0x8000acec (0x002bc903) x18 0x00000079 mem 0x8001eec2
core   0: 0x8000acf0 (0x00afdfb3) srl     t6, t6, a0
core   0: 3 0x8000acf0 (0x00afdfb3) x31 0x000fc094
core   0: 0x8000acf4 (0xff2b8b23) sb      s2, -10(s7)
core   0: 3 0x8000acf4 (0xff2b8b23) mem 0x8001eeb6 0x79
core   0: 0x8000acf8 (0x030a5fb3) divu    t6, s4, a6
core   0: 3 0x8000acf8 (0x030a5fb3) x31 0x00000007
core   0: 0x8000acfc (0xf9e58593) addi    a1, a1, -98
core   0: 3 0x8000acfc (0xf9e58593) x11 0xffffff9e
core   0: 0x8000ad00 (0xff4baf03) lw      t5, -12(s7)
core   0: 3 0x8000ad00 (0xff4baf03) x30 0x6c796e6f mem 0x8001eeb4
core   0: 0x8000ad04 (0x00000001) c.nop
core   0: 3 0x8000ad04 (0x0001)
core   0: 0x8000ad06 (0xfe9baa23) sw      s1, -12(s7)
core   0: 3 0x8000ad06 (0xfe9baa23) mem 0x8001eeb4 0x0000007e
core   0: 0x8000ad0a (0xff2b8583) lb      a1, -14(s7)
core   0: 3 0x8000ad0a (0xff2b8583) x11 0x00000069 mem 0x8001eeb2
core   0: 0x8000ad0e (0x0000c11d) c.beqz  a0, pc + 38
core   0: 3 0x8000ad0e (0xc11d)
core   0: 0x8000ad10 (0x8138ae93) slti    t4, a7, -2029
core   0: 3 0x8000ad10 (0x8138ae93) x29 0x00000001
core   0: 0x8000ad14 (0x0286ed33) rem     s10, a3, s0
core   0: 3 0x8000ad14 (0x0286ed33) x26 0xfffffff4
core   0: 0x8000ad18 (0x02a9ad33) mulhsu  s10, s3, a0
core   0: 3 0x8000ad18 (0x02a9ad33) x26 0x00000000
core   0: 0x8000ad1c (0x03abf733) remu    a4, s7, s10
core   0: 3 0x8000ad1c (0x03abf733) x14 0x8001eec0
core   0: 0x8000ad20 (0x032ccb33) div     s6, s9, s2
core   0: 3 0x8000ad20 (0x032ccb33) x22 0x00000000
core   0: 0x8000ad24 (0x01aebbb3) sltu    s7, t4, s10
core   0: 3 0x8000ad24 (0x01aebbb3) x23 0x00000000
core   0: 0x8000ad28 (0x01b0bcb3) sltu    s9, ra, s11
core   0: 3 0x8000ad28 (0x01b0bcb3) x25 0x00000000
core   0: 0x8000ad2c (0x00001308) c.addi4spn a0, sp, 416
core   0: 3 0x8000ad2c (0x1308) x10 0x00000221
core   0: 0x8000ad2e (0x00008fb1) c.xor   a5, a2
core   0: 3 0x8000ad2e (0x8fb1) x15 0xfffe3fff
core   0: 0x8000ad30 (0x033fa5b3) mulhsu  a1, t6, s3
core   0: 3 0x8000ad30 (0x033fa5b3) x11 0x00000000
core   0: 0x8000ad34 (0x03b775b3) remu    a1, a4, s11
core   0: 3 0x8000ad34 (0x03b775b3) x11 0x00000000
core   0: 0x8000ad38 (0x01c64263) blt     a2, t3, pc + 4
core   0: 3 0x8000ad38 (0x01c64263)
core   0: 0x8000ad3c (0xf59c6f13) ori     t5, s8, -167
core   0: 3 0x8000ad3c (0xf59c6f13) x30 0xffffff59
core   0: 0x8000ad40 (0x00000001) c.nop
core   0: 3 0x8000ad40 (0x0001)
core   0: 0x8000ad42 (0x0347a9b3) mulhsu  s3, a5, s4
core   0: 3 0x8000ad42 (0x0347a9b3) x19 0xffffffff
core   0: 0x8000ad46 (0x0000c799) c.beqz  a5, pc + 14
core   0: 3 0x8000ad46 (0xc799)
core   0: 0x8000ad48 (0x0000e605) c.bnez  a2, pc + 40
core   0: 3 0x8000ad48 (0xe605)
core   0: 0x8000ad4a (0x2daa5937) lui     s2, 0x2daa5
core   0: 3 0x8000ad4a (0x2daa5937) x18 0x2daa5000
core   0: 0x8000ad4e (0x004e0633) add     a2, t3, tp
core   0: 3 0x8000ad4e (0x004e0633) x12 0x00000078
core   0: 0x8000ad52 (0x000051fd) c.li    gp, -1
core   0: 3 0x8000ad52 (0x51fd) x 3 0xffffffff
core   0: 0x8000ad54 (0x0304cc63) blt     s1, a6, pc + 56
core   0: 3 0x8000ad54 (0x0304cc63)
core   0: 0x8000ad58 (0xbf34a213) slti    tp, s1, -1037
core   0: 3 0x8000ad58 (0xbf34a213) x 4 0x00000000
core   0: 0x8000ad5c (0x000019fd) c.addi  s3, -1
core   0: 3 0x8000ad5c (0x19fd) x19 0xfffffffe
core   0: 0x8000ad5e (0xcd604a13) xori    s4, zero, -810
core   0: 3 0x8000ad5e (0xcd604a13) x20 0xfffffcd6
core   0: 0x8000ad62 (0x000081e9) c.srli  a1, 26
core   0: 3 0x8000ad62 (0x81e9) x11 0x00000000
core   0: 0x8000ad64 (0x00008b5e) c.mv    s6, s7
core   0: 3 0x8000ad64 (0x8b5e) x22 0x00000000
core   0: 0x8000ad66 (0x00008125) c.srli  a0, 9
core   0: 3 0x8000ad66 (0x8125) x10 0x00000001
core   0: 0x8000ad68 (0x01013a33) sltu    s4, sp, a6
core   0: 3 0x8000ad68 (0x01013a33) x20 0x00000000
core   0: 0x8000ad6c (0x40e86d93) ori     s11, a6, 1038
core   0: 3 0x8000ad6c (0x40e86d93) x27 0x0000047e
core   0: 0x8000ad70 (0xf8ea6b13) ori     s6, s4, -114
core   0: 3 0x8000ad70 (0xf8ea6b13) x22 0xffffff8e
core   0: 0x8000ad74 (0x000069b5) c.lui   s3, 0xd
core   0: 3 0x8000ad74 (0x69b5) x19 0x0000d000
core   0: 0x8000ad76 (0x0000ec8d) c.bnez  s1, pc + 58
core   0: 3 0x8000ad76 (0xec8d)
core   0: 0x8000adb0 (0x01b68bb3) add     s7, a3, s11
core   0: 3 0x8000adb0 (0x01b68bb3) x23 0xfc0950b6
core   0: 0x8000adb4 (0x0044be33) sltu    t3, s1, tp
core   0: 3 0x8000adb4 (0x0044be33) x28 0x00000000
core   0: 0x8000adb8 (0x006c8b33) add     s6, s9, t1
core   0: 3 0x8000adb8 (0x006c8b33) x22 0x00000078
core   0: 0x8000adbc (0x03ddff33) remu    t5, s11, t4
core   0: 3 0x8000adbc (0x03ddff33) x30 0x00000000
core   0: 0x8000adc0 (0x01c5d2b3) srl     t0, a1, t3
core   0: 3 0x8000adc0 (0x01c5d2b3) x 5 0x00000000
core   0: 0x8000adc4 (0x00008ffd) c.and   a5, a5
core   0: 3 0x8000adc4 (0x8ffd) x15 0xfffe3fff
core   0: 0x8000adc6 (0x00008bad) c.andi  a5, 11
core   0: 3 0x8000adc6 (0x8bad) x15 0x0000000b
core   0: 0x8000adc8 (0x00cccc63) blt     s9, a2, pc + 24
core   0: 3 0x8000adc8 (0x00cccc63)
core   0: 0x8000ade0 (0x028a0733) mul     a4, s4, s0
core   0: 3 0x8000ade0 (0x028a0733) x14 0x00000000
core   0: 0x8000ade4 (0x00008fa1) c.xor   a5, s0
core   0: 3 0x8000ade4 (0x8fa1) x15 0x00000071
core   0: 0x8000ade6 (0x02e899b3) mulh    s3, a7, a4
core   0: 3 0x8000ade6 (0x02e899b3) x19 0x00000000
core   0: 0x8000adea (0x000012fd) c.addi  t0, -1
core   0: 3 0x8000adea (0x12fd) x 5 0xffffffff
core   0: 0x8000adec (0x000a4a63) bltz    s4, pc + 20
core   0: 3 0x8000adec (0x000a4a63)
core   0: 0x8000adf0 (0x02d01bb3) mulh    s7, zero, a3
core   0: 3 0x8000adf0 (0x02d01bb3) x23 0x00000000
core   0: 0x8000adf4 (0x0341f763) bgeu    gp, s4, pc + 46
core   0: 3 0x8000adf4 (0x0341f763)
core   0: 0x8000ae22 (0x41fe0a33) sub     s4, t3, t6
core   0: 3 0x8000ae22 (0x41fe0a33) x20 0xfffffff9
core   0: 0x8000ae26 (0x000089a9) c.andi  a1, 10
core   0: 3 0x8000ae26 (0x89a9) x11 0x00000000
core   0: 0x8000ae28 (0x000091fa) c.add   gp, t5
core   0: 3 0x8000ae28 (0x91fa) x 3 0xffffffff
core   0: 0x8000ae2a (0x00009a7d) c.andi  a2, -1
core   0: 3 0x8000ae2a (0x9a7d) x12 0x00000078
core   0: 0x8000ae2c (0x036bd1b3) divu    gp, s7, s6
core   0: 3 0x8000ae2c (0x036bd1b3) x 3 0x00000000
core   0: 0x8000ae30 (0x022f5c33) divu    s8, t5, sp
core   0: 3 0x8000ae30 (0x022f5c33) x24 0x00000000
core   0: 0x8000ae34 (0x01e7a533) slt     a0, a5, t5
core   0: 3 0x8000ae34 (0x01e7a533) x10 0x00000000
core   0: 0x8000ae38 (0x003f1f93) slli    t6, t5, 3
core   0: 3 0x8000ae38 (0x003f1f93) x31 0x00000000
core   0: 0x8000ae3c (0x00000188) c.addi4spn a0, sp, 192
core   0: 3 0x8000ae3c (0x0188) x10 0x00000141
core   0: 0x8000ae3e (0x00000e04) c.addi4spn s1, sp, 784
core   0: 3 0x8000ae3e (0x0e04) x 9 0x00000391
core   0: 0x8000ae40 (0x00008e75) c.and   a2, a3
core   0: 3 0x8000ae40 (0x8e75) x12 0x00000038
core   0: 0x8000ae42 (0x34132b13) slti    s6, t1, 833
core   0: 3 0x8000ae42 (0x34132b13) x22 0x00000001
core   0: 0x8000ae46 (0x0031ecb3) or      s9, gp, gp
core   0: 3 0x8000ae46 (0x0031ecb3) x25 0x00000000
core   0: 0x8000ae4a (0x00008f55) c.or    a4, a3
core   0: 3 0x8000ae4a (0x8f55) x14 0xfc094c38
core   0: 0x8000ae4c (0x007be563) bltu    s7, t2, pc + 10
core   0: 3 0x8000ae4c (0x007be563)
core   0: 0x8000ae56 (0x02612133) mulhsu  sp, sp, t1
core   0: 3 0x8000ae56 (0x02612133) x 2 0x00000000
core   0: 0x8000ae5a (0x0000029c) c.addi4spn a5, sp, 320
core   0: 3 0x8000ae5a (0x029c) x15 0x00000140
core   0: 0x8000ae5c (0x0000cf05) c.beqz  a4, pc + 56
core   0: 3 0x8000ae5c (0xcf05)
core   0: 0x8000ae5e (0x01e752b3) srl     t0, a4, t5
core   0: 3 0x8000ae5e (0x01e752b3) x 5 0xfc094c38
core   0: 0x8000ae62 (0xaef72993) slti    s3, a4, -1297
core   0: 3 0x8000ae62 (0xaef72993) x19 0x00000001
core   0: 0x8000ae66 (0x408c54b3) sra     s1, s8, s0
core   0: 3 0x8000ae66 (0x408c54b3) x 9 0x00000000
core   0: 0x8000ae6a (0x0000717d) c.addi16sp sp, -16
core   0: 3 0x8000ae6a (0x717d) x 2 0xfffffff0
core   0: 0x8000ae6c (0x00008b8d) c.andi  a5, 3
core   0: 3 0x8000ae6c (0x8b8d) x15 0x00000000
core   0: 0x8000ae6e (0x02316a63) bltu    sp, gp, pc + 52
core   0: 3 0x8000ae6e (0x02316a63)
core   0: 0x8000ae72 (0x02d2a9b3) mulhsu  s3, t0, a3
core   0: 3 0x8000ae72 (0x02d2a9b3) x19 0xfc19022c
core   0: 0x8000ae76 (0x01d90db3) add     s11, s2, t4
core   0: 3 0x8000ae76 (0x01d90db3) x27 0x2daa5001
core   0: 0x8000ae7a (0x0000080e) c.slli  a6, 3
core   0: 3 0x8000ae7a (0x080e) x16 0x000003d0
core   0: 0x8000ae7c (0x02289663) bne     a7, sp, pc + 44
core   0: 3 0x8000ae7c (0x02289663)
core   0: 0x8000aea8 (0x0241ed33) rem     s10, gp, tp
core   0: 3 0x8000aea8 (0x0241ed33) x26 0x00000000
core   0: 0x8000aeac (0x00adb5b3) sltu    a1, s11, a0
core   0: 3 0x8000aeac (0x00adb5b3) x11 0x00000000
core   0: 0x8000aeb0 (0x00008d91) c.sub   a1, a2
core   0: 3 0x8000aeb0 (0x8d91) x11 0xffffffc8
core   0: 0x8000aeb2 (0x00000001) c.nop
core   0: 3 0x8000aeb2 (0x0001)
core   0: 0x8000aeb4 (0x000095a2) c.add   a1, s0
core   0: 3 0x8000aeb4 (0x95a2) x11 0x00000042
core   0: 0x8000aeb6 (0x022a0963) beq     s4, sp, pc + 50
core   0: 3 0x8000aeb6 (0x022a0963)
core   0: 0x8000aeba (0x017f29b3) slt     s3, t5, s7
core   0: 3 0x8000aeba (0x017f29b3) x19 0x00000000
core   0: 0x8000aebe (0x02d2e0b3) rem     ra, t0, a3
core   0: 3 0x8000aebe (0x02d2e0b3) x 1 0x00000000
core   0: 0x8000aec2 (0xea348f97) auipc   t6, 0xea348
core   0: 3 0x8000aec2 (0xea348f97) x31 0x6a352ec2
core   0: 0x8000aec6 (0x00008505) c.srai  a0, 1
core   0: 3 0x8000aec6 (0x8505) x10 0x000000a0
core   0: 0x8000aec8 (0x03f82d33) mulhsu  s10, a6, t6
core   0: 3 0x8000aec8 (0x03f82d33) x26 0x00000194
core   0: 0x8000aecc (0x01de1393) slli    t2, t3, 29
core   0: 3 0x8000aecc (0x01de1393) x 7 0x00000000
core   0: 0x8000aed0 (0xe1c0e913) ori     s2, ra, -484
core   0: 3 0x8000aed0 (0xe1c0e913) x18 0xfffffe1c
core   0: 0x8000aed4 (0x00008ca1) c.xor   s1, s0
core   0: 3 0x8000aed4 (0x8ca1) x 9 0x0000007a
core   0: 0x8000aed6 (0x00008f05) c.sub   a4, s1
core   0: 3 0x8000aed6 (0x8f05) x14 0xfc094bbe
core   0: 0x8000aed8 (0x0328a9b3) mulhsu  s3, a7, s2
core   0: 3 0x8000aed8 (0x0328a9b3) x19 0x80026f49
core   0: 0x8000aedc (0x0719f437) lui     s0, 0x719f
core   0: 3 0x8000aedc (0x0719f437) x 8 0x0719f000
core   0: 0x8000aee0 (0x00000001) c.nop
core   0: 3 0x8000aee0 (0x0001)
core   0: 0x8000aee2 (0x000098fd) c.andi  s1, -1
core   0: 3 0x8000aee2 (0x98fd) x 9 0x0000007a
core   0: 0x8000aee4 (0x03cf82b3) mul     t0, t6, t3
core   0: 3 0x8000aee4 (0x03cf82b3) x 5 0x00000000
core   0: 0x8000aee8 (0x02b792b3) mulh    t0, a5, a1
core   0: 3 0x8000aee8 (0x02b792b3) x 5 0x00000000
core   0: 0x8000aeec (0x0198abb3) slt     s7, a7, s9
core   0: 3 0x8000aeec (0x0198abb3) x23 0x00000001
core   0: 0x8000aef0 (0x00000e6a) c.slli  t3, 26
core   0: 3 0x8000aef0 (0x0e6a) x28 0x00000000
core   0: 0x8000aef2 (0x75652f93) slti    t6, a0, 1878
core   0: 3 0x8000aef2 (0x75652f93) x31 0x00000001
core   0: 0x8000aef6 (0x02955f33) divu    t5, a0, s1
core   0: 3 0x8000aef6 (0x02955f33) x30 0x00000001
core   0: 0x8000aefa (0x000044b9) c.li    s1, 14
core   0: 3 0x8000aefa (0x44b9) x 9 0x0000000e
core   0: 0x8000aefc (0x0000c60d) c.beqz  a2, pc + 42
core   0: 3 0x8000aefc (0xc60d)
core   0: 0x8000aefe (0x01701a13) slli    s4, zero, 23
core   0: 3 0x8000aefe (0x01701a13) x20 0x00000000
core   0: 0x8000af02 (0x0000e811) c.bnez  s0, pc + 20
core   0: 3 0x8000af02 (0xe811)
core   0: 0x8000af16 (0x00008855) c.andi  s0, 21
core   0: 3 0x8000af16 (0x8855) x 8 0x00000000
core   0: 0x8000af18 (0x00008cf9) c.and   s1, a4
core   0: 3 0x8000af18 (0x8cf9) x 9 0x0000000e
core   0: 0x8000af1a (0x000081b1) c.srli  a1, 12
core   0: 3 0x8000af1a (0x81b1) x11 0x00000000
core   0: 0x8000af1c (0x00000001) c.nop
core   0: 3 0x8000af1c (0x0001)
core   0: 0x8000af1e (0x01641a33) sll     s4, s0, s6
core   0: 3 0x8000af1e (0x01641a33) x20 0x00000000
core   0: 0x8000af22 (0x1f257993) andi    s3, a0, 498
core   0: 3 0x8000af22 (0x1f257993) x19 0x000000a0
core   0: 0x8000af26 (0x000004fa) c.slli  s1, 30
core   0: 3 0x8000af26 (0x04fa) x 9 0x80000000
core   0: 0x8000af28 (0x00008429) c.srai  s0, 10
core   0: 3 0x8000af28 (0x8429) x 8 0x00000000
core   0: 0x8000af2a (0x00009a7d) c.andi  a2, -1
core   0: 3 0x8000af2a (0x9a7d) x12 0x00000038
core   0: 0x8000af2c (0x027f1933) mulh    s2, t5, t2
core   0: 3 0x8000af2c (0x027f1933) x18 0x00000000
core   0: 0x8000af30 (0x008521b3) slt     gp, a0, s0
core   0: 3 0x8000af30 (0x008521b3) x 3 0x00000000
core   0: 0x8000af34 (0x00008d31) c.xor   a0, a2
core   0: 3 0x8000af34 (0x8d31) x10 0x00000098
core   0: 0x8000af36 (0x000064e9) c.lui   s1, 0x1a
core   0: 3 0x8000af36 (0x64e9) x 9 0x0001a000
core   0: 0x8000af38 (0x00008e49) c.or    a2, a0
core   0: 3 0x8000af38 (0x8e49) x12 0x000000b8
core   0: 0x8000af3a (0x01dad133) srl     sp, s5, t4
core   0: 3 0x8000af3a (0x01dad133) x 2 0x40015672
core   0: 0x8000af3e (0x011ef7b3) and     a5, t4, a7
core   0: 3 0x8000af3e (0x011ef7b3) x15 0x00000000
core   0: 0x8000af42 (0x0000c889) c.beqz  s1, pc + 18
core   0: 3 0x8000af42 (0xc889)
core   0: 0x8000af44 (0x00bfd913) srli    s2, t6, 11
core   0: 3 0x8000af44 (0x00bfd913) x18 0x00000000
core   0: 0x8000af48 (0x949ec397) auipc   t2, 0x949ec
core   0: 3 0x8000af48 (0x949ec397) x 7 0x149f6f48
core   0: 0x8000af4c (0x0ff0000f) fence   iorw,iorw
core   0: 3 0x8000af4c (0x0ff0000f)
core   0: 0x8000af50 (0x73a10913) addi    s2, sp, 1850
core   0: 3 0x8000af50 (0x73a10913) x18 0x40015dac
core   0: 0x8000af54 (0x032ed7b3) divu    a5, t4, s2
core   0: 3 0x8000af54 (0x032ed7b3) x15 0x00000000
core   0: 0x8000af58 (0x01a04833) xor     a6, zero, s10
core   0: 3 0x8000af58 (0x01a04833) x16 0x00000194
core   0: 0x8000af5c (0x00000001) c.nop
core   0: 3 0x8000af5c (0x0001)
core   0: 0x8000af5e (0x00000001) c.nop
core   0: 3 0x8000af5e (0x0001)
core   0: 0x8000af60 (0x0227d2b3) divu    t0, a5, sp
core   0: 3 0x8000af60 (0x0227d2b3) x 5 0x00000000
core   0: 0x8000af64 (0x0ff0000f) fence   iorw,iorw
core   0: 3 0x8000af64 (0x0ff0000f)
core   0: 0x8000af68 (0x00006609) c.lui   a2, 0x2
core   0: 3 0x8000af68 (0x6609) x12 0x00002000
core   0: 0x8000af6a (0xb5ecb493) sltiu   s1, s9, -1186
core   0: 3 0x8000af6a (0xb5ecb493) x 9 0x00000001
core   0: 0x8000af6e (0x0383aeb3) mulhsu  t4, t2, s8
core   0: 3 0x8000af6e (0x0383aeb3) x29 0x00000000
core   0: 0x8000af72 (0x6556c993) xori    s3, a3, 1621
core   0: 3 0x8000af72 (0x6556c993) x19 0xfc094a6d
core   0: 0x8000af76 (0xbffdce97) auipc   t4, 0xbffdc
core   0: 3 0x8000af76 (0xbffdce97) x29 0x3ffe6f76
core   0: 0x8000af7a (0x00008c3d) c.xor   s0, a5
core   0: 3 0x8000af7a (0x8c3d) x 8 0x00000000
core   0: 0x8000af7c (0x03c17133) remu    sp, sp, t3
core   0: 3 0x8000af7c (0x03c17133) x 2 0x40015672
core   0: 0x8000af80 (0x537b0a13) addi    s4, s6, 1335
core   0: 3 0x8000af80 (0x537b0a13) x20 0x00000538
core   0: 0x8000af84 (0x0048a083) lw      ra, 4(a7)
core   0: 3 0x8000af84 (0x0048a083) x 1 0x80003592 mem 0x80026e5c
core   0: 0x8000af88 (0x00009a72) c.add   s4, t3
core   0: 3 0x8000af88 (0x9a72) x20 0x00000538
core   0: 0x8000af8a (0x01eda333) slt     t1, s11, t5
core   0: 3 0x8000af8a (0x01eda333) x 6 0x00000000
core   0: 0x8000af8e (0x000008b1) c.addi  a7, 12
core   0: 3 0x8000af8e (0x08b1) x17 0x80026e64
core   0: 0x8000af90 (0x00008f49) c.or    a4, a0
core   0: 3 0x8000af90 (0x8f49) x14 0xfc094bbe
core   0: 0x8000af92 (0x00875433) srl     s0, a4, s0
core   0: 3 0x8000af92 (0x00875433) x 8 0xfc094bbe
core   0: 0x8000af96 (0x03410833) mul     a6, sp, s4
core   0: 3 0x8000af96 (0x03410833) x16 0x06fb22f0
core   0: 0x8000af9a (0x00000001) c.nop
core   0: 3 0x8000af9a (0x0001)
core   0: 0x8000af9c (0x00008c13) mv      s8, ra
core   0: 3 0x8000af9c (0x00008c13) x24 0x80003592
core   0: 0x8000afa0 (0x00009c02) c.jalr  s8
core   0: 3 0x8000afa0 (0x9c02) x 1 0x8000afa2
core   0: 0x80003592 (0x00008769) c.srai  a4, 26
core   0: 3 0x80003592 (0x8769) x14 0xffffffff
core   0: 0x80003594 (0x0000527d) c.li    tp, -1
core   0: 3 0x80003594 (0x527d) x 4 0xffffffff
core   0: 0x80003596 (0x000001a6) c.slli  gp, 9
core   0: 3 0x80003596 (0x01a6) x 3 0x00000000
core   0: 0x80003598 (0x00006155) c.addi16sp sp, 304
core   0: 3 0x80003598 (0x6155) x 2 0x400157a2
core   0: 0x8000359a (0x00009e8e) c.add   t4, gp
core   0: 3 0x8000359a (0x9e8e) x29 0x3ffe6f76
core   0: 0x8000359c (0x0000100f) fence.i
core   0: 3 0x8000359c (0x0000100f)
core   0: 0x800035a0 (0x0000cd01) c.beqz  a0, pc + 24
core   0: 3 0x800035a0 (0xcd01)
core   0: 0x800035a2 (0x0316ff33) remu    t5, a3, a7
core   0: 3 0x800035a2 (0x0316ff33) x30 0x7c06ddd4
core   0: 0x800035a6 (0x00008f8d) c.sub   a5, a1
core   0: 3 0x800035a6 (0x8f8d) x15 0x00000000
core   0: 0x800035a8 (0x0000100f) fence.i
core   0: 3 0x800035a8 (0x0000100f)
core   0: 0x800035ac (0x02e0dfb3) divu    t6, ra, a4
core   0: 3 0x800035ac (0x02e0dfb3) x31 0x00000000
core   0: 0x800035b0 (0x41ff0e33) sub     t3, t5, t6
core   0: 3 0x800035b0 (0x41ff0e33) x28 0x7c06ddd4
core   0: 0x800035b4 (0x03c4c363) blt     s1, t3, pc + 38
core   0: 3 0x800035b4 (0x03c4c363)
core   0: 0x800035da (0x00005c7d) c.li    s8, -1
core   0: 3 0x800035da (0x5c7d) x24 0xffffffff
core   0: 0x800035dc (0x28c43393) sltiu   t2, s0, 652
core   0: 3 0x800035dc (0x28c43393) x 7 0x00000000
core   0: 0x800035e0 (0x038b8233) mul     tp, s7, s8
core   0: 3 0x800035e0 (0x038b8233) x 4 0xffffffff
core   0: 0x800035e4 (0x0293b5b3) mulhu   a1, t2, s1
core   0: 3 0x800035e4 (0x0293b5b3) x11 0x00000000
core   0: 0x800035e8 (0x0000ee11) c.bnez  a2, pc + 28
core   0: 3 0x800035e8 (0xee11)
core   0: 0x80003604 (0x0000608d) c.lui   ra, 0x3
core   0: 3 0x80003604 (0x608d) x 1 0x00003000
core   0: 0x80003606 (0x0000527d) c.li    tp, -1
core   0: 3 0x80003606 (0x527d) x 4 0xffffffff
core   0: 0x80003608 (0x037b1863) bne     s6, s7, pc + 48
core   0: 3 0x80003608 (0x037b1863)
core   0: 0x8000360c (0x00008872) c.mv    a6, t3
core   0: 3 0x8000360c (0x8872) x16 0x7c06ddd4
core   0: 0x8000360e (0x0ff0000f) fence   iorw,iorw
core   0: 3 0x8000360e (0x0ff0000f)
core   0: 0x80003612 (0x00b92eb3) slt     t4, s2, a1
core   0: 3 0x80003612 (0x00b92eb3) x29 0x00000000
core   0: 0x80003616 (0x00008cdd) c.or    s1, a5
core   0: 3 0x80003616 (0x8cdd) x 9 0x00000001
core   0: 0x80003618 (0x41d4d133) sra     sp, s1, t4
core   0: 3 0x80003618 (0x41d4d133) x 2 0x00000001
core   0: 0x8000361c (0x000017fd) c.addi  a5, -1
core   0: 3 0x8000361c (0x17fd) x15 0xffffffff
core   0: 0x8000361e (0x415bd313) srai    t1, s7, 21
core   0: 3 0x8000361e (0x415bd313) x 6 0x00000000
core   0: 0x80003622 (0x00000d4e) c.slli  s10, 19
core   0: 3 0x80003622 (0x0d4e) x26 0x0ca00000
core   0: 0x80003624 (0x00000e3e) c.slli  t3, 15
core   0: 3 0x80003624 (0x0e3e) x28 0x6eea0000
core   0: 0x80003626 (0xe1ad7f13) andi    t5, s10, -486
core   0: 3 0x80003626 (0xe1ad7f13) x30 0x0ca00000
core   0: 0x8000362a (0x40ea5993) srai    s3, s4, 14
core   0: 3 0x8000362a (0x40ea5993) x19 0x00000000
core   0: 0x8000362e (0x0ff0000f) fence   iorw,iorw
core   0: 3 0x8000362e (0x0ff0000f)
core   0: 0x80003632 (0x02c3ba33) mulhu   s4, t2, a2
core   0: 3 0x80003632 (0x02c3ba33) x20 0x00000000
core   0: 0x80003636 (0x0000974a) c.add   a4, s2
core   0: 3 0x80003636 (0x974a) x14 0x40015dab
core   0: 0x80003638 (0x40a4d1b3) sra     gp, s1, a0
core   0: 3 0x80003638 (0x40a4d1b3) x 3 0x00000000
core   0: 0x8000363c (0x32f32b13) slti    s6, t1, 815
core   0: 3 0x8000363c (0x32f32b13) x22 0x00000001
core   0: 0x80003640 (0x0398c663) blt     a7, s9, pc + 44
core   0: 3 0x80003640 (0x0398c663)
core   0: 0x8000366c (0x00008561) c.srai  a0, 24
core   0: 3 0x8000366c (0x8561) x10 0x00000000
core   0: 0x8000366e (0x014f9393) slli    t2, t6, 20
core   0: 3 0x8000366e (0x014f9393) x 7 0x00000000
core   0: 0x80003672 (0x0ff0000f) fence   iorw,iorw
core   0: 3 0x80003672 (0x0ff0000f)
core   0: 0x80003676 (0x3a9e2193) slti    gp, t3, 937
core   0: 3 0x80003676 (0x3a9e2193) x 3 0x00000000
core   0: 0x8000367a (0x0000961a) c.add   a2, t1
core   0: 3 0x8000367a (0x961a) x12 0x00002000
core   0: 0x8000367c (0x013d5213) srli    tp, s10, 19
core   0: 3 0x8000367c (0x013d5213) x 4 0x00000194
core   0: 0x80003680 (0x89694013) xori    zero, s2, -1898
core   0: 3 0x80003680 (0x89694013)
core   0: 0x80003684 (0x0108d593) srli    a1, a7, 16
core   0: 3 0x80003684 (0x0108d593) x11 0x00008002
core   0: 0x80003688 (0x019c5433) srl     s0, s8, s9
core   0: 3 0x80003688 (0x019c5433) x 8 0xffffffff
core   0: 0x8000368c (0x00468c33) add     s8, a3, tp
core   0: 3 0x8000368c (0x00468c33) x24 0xfc094dcc
core   0: 0x80003690 (0x03137863) bgeu    t1, a7, pc + 48
core   0: 3 0x80003690 (0x03137863)
core   0: 0x80003694 (0x0001b1b3) sltu    gp, gp, zero
core   0: 3 0x80003694 (0x0001b1b3) x 3 0x00000000
core   0: 0x80003698 (0x00008271) c.srli  a2, 28
core   0: 3 0x80003698 (0x8271) x12 0x00000000
core   0: 0x8000369a (0x00008761) c.srai  a4, 24
core   0: 3 0x8000369a (0x8761) x14 0x00000040
core   0: 0x8000369c (0x00001b8c) c.addi4spn a1, sp, 496
core   0: 3 0x8000369c (0x1b8c) x11 0x000001f1
core   0: 0x8000369e (0x00008719) c.srai  a4, 6
core   0: 3 0x8000369e (0x8719) x14 0x00000001
core   0: 0x800036a0 (0x0000171c) c.addi4spn a5, sp, 928
core   0: 3 0x800036a0 (0x171c) x15 0x000003a1
core   0: 0x800036a2 (0x02d7b433) mulhu   s0, a5, a3
core   0: 3 0x800036a2 (0x02d7b433) x 8 0x00000392
core   0: 0x800036a6 (0x035c40b3) div     ra, s8, s5
core   0: 3 0x800036a6 (0x035c40b3) x 1 0x00000000
core   0: 0x800036aa (0x17320037) lui     zero, 0x17320
core   0: 3 0x800036aa (0x17320037)
core   0: 0x800036ae (0x0000611d) c.addi16sp sp, 416
core   0: 3 0x800036ae (0x611d) x 2 0x000001a1
core   0: 0x800036b0 (0x0049cb63) blt     s3, tp, pc + 22
core   0: 3 0x800036b0 (0x0049cb63)
core   0: 0x800036c6 (0x00008e11) c.sub   a2, a2
core   0: 3 0x800036c6 (0x8e11) x12 0x00000000
core   0: 0x800036c8 (0x00000a7a) c.slli  s4, 30
core   0: 3 0x800036c8 (0x0a7a) x20 0x00000000
core   0: 0x800036ca (0x40468933) sub     s2, a3, tp
core   0: 3 0x800036ca (0x40468933) x18 0xfc094aa4
core   0: 0x800036ce (0x007aeb63) bltu    s5, t2, pc + 22
core   0: 3 0x800036ce (0x007aeb63)
core   0: 0x800036d2 (0x02062cb3) mulhsu  s9, a2, zero
core   0: 3 0x800036d2 (0x02062cb3) x25 0x00000000
core   0: 0x800036d6 (0x00004e55) c.li    t3, 21
core   0: 3 0x800036d6 (0x4e55) x28 0x00000015
core   0: 0x800036d8 (0x5c052eb7) lui     t4, 0x5c052
core   0: 3 0x800036d8 (0x5c052eb7) x29 0x5c052000
core   0: 0x800036dc (0x03a59963) bne     a1, s10, pc + 50
core   0: 3 0x800036dc (0x03a59963)
core   0: 0x8000370e (0x0384c7b3) div     a5, s1, s8
core   0: 3 0x8000370e (0x0384c7b3) x15 0x00000000
core   0: 0x80003712 (0x000083d5) c.srli  a5, 21
core   0: 3 0x80003712 (0x83d5) x15 0x00000000
core   0: 0x80003714 (0xcda95197) auipc   gp, 0xcda95
core   0: 3 0x80003714 (0xcda95197) x 3 0x4da98714
core   0: 0x80003718 (0x026f6c33) rem     s8, t5, t1
core   0: 3 0x80003718 (0x026f6c33) x24 0x0ca00000
core   0: 0x8000371c (0x031474b3) remu    s1, s0, a7
core   0: 3 0x8000371c (0x031474b3) x 9 0x00000392
core   0: 0x80003720 (0x013a1933) sll     s2, s4, s3
core   0: 3 0x80003720 (0x013a1933) x18 0x00000000
core   0: 0x80003724 (0x00008f1a) c.mv    t5, t1
core   0: 3 0x80003724 (0x8f1a) x30 0x00000000
core   0: 0x80003726 (0x41245113) srai    sp, s0, 18
core   0: 3 0x80003726 (0x41245113) x 2 0x00000000
core   0: 0x8000372a (0x00360e33) add     t3, a2, gp
core   0: 3 0x8000372a (0x00360e33) x28 0x4da98714
core   0: 0x8000372e (0x01298c63) beq     s3, s2, pc + 24
core   0: 3 0x8000372e (0x01298c63)
core   0: 0x80003746 (0x006e6033) or      zero, t3, t1
core   0: 3 0x80003746 (0x006e6033)
core   0: 0x8000374a (0x0287d1b3) divu    gp, a5, s0
core   0: 3 0x8000374a (0x0287d1b3) x 3 0x00000000
core   0: 0x8000374e (0x0393cc33) div     s8, t2, s9
core   0: 3 0x8000374e (0x0393cc33) x24 0xffffffff
core   0: 0x80003752 (0x40d15b93) srai    s7, sp, 13
core   0: 3 0x80003752 (0x40d15b93) x23 0x00000000
core   0: 0x80003756 (0x41a80333) sub     t1, a6, s10
core   0: 3 0x80003756 (0x41a80333) x 6 0x6f66ddd4
core   0: 0x8000375a (0x00008899) c.andi  s1, 6
core   0: 3 0x8000375a (0x8899) x 9 0x00000002
core   0: 0x8000375c (0x00008e79) c.and   a2, a4
core   0: 3 0x8000375c (0x8e79) x12 0x00000000
core   0: 0x8000375e (0x02fe7d33) remu    s10, t3, a5
core   0: 3 0x8000375e (0x02fe7d33) x26 0x4da98714
core   0: 0x80003762 (0x01311833) sll     a6, sp, s3
core   0: 3 0x80003762 (0x01311833) x16 0x00000000
core   0: 0x80003766 (0x00000d39) c.addi  s10, 14
core   0: 3 0x80003766 (0x0d39) x26 0x4da98722
core   0: 0x80003768 (0x0000100f) fence.i
core   0: 3 0x80003768 (0x0000100f)
core   0: 0x8000376c (0x010b3133) sltu    sp, s6, a6
core   0: 3 0x8000376c (0x010b3133) x 2 0x00000000
core   0: 0x80003770 (0x54a6e493) ori     s1, a3, 1354
core   0: 3 0x80003770 (0x54a6e493) x 9 0xfc094d7a
core   0: 0x80003774 (0x03961eb3) mulh    t4, a2, s9
core   0: 3 0x80003774 (0x03961eb3) x29 0x00000000
core   0: 0x80003778 (0x0000e097) auipc   ra, 0xe
core   0: 3 0x80003778 (0x0000e097) x 1 0x80011778
core   0: 0x8000377c (0x06908093) addi    ra, ra, 105
core   0: 3 0x8000377c (0x06908093) x 1 0x800117e1
core   0: 0x80003780 (0xff008323) sb      a6, -26(ra)
core   0: 3 0x80003780 (0xff008323) mem 0x800117c7 0x0
core   0: 0x80003784 (0x00c09ea3) sh      a2, 29(ra)
core   0: 3 0x80003784 (0x00c09ea3) mem 0x800117fe 0x0000
core   0: 0x80003788 (0x0001ad17) auipc   s10, 0x1a
core   0: 3 0x80003788 (0x0001ad17) x26 0x8001d788
core   0: 0x8000378c (0x255d0d13) addi    s10, s10, 597
core   0: 3 0x8000378c (0x255d0d13) x26 0x8001d9dd
core   0: 0x80003790 (0xff408783) lb      a5, -12(ra)
core   0: 3 0x80003790 (0xff408783) x15 0xffffff8e mem 0x800117d5
core   0: 0x80003794 (0xffcd4f83) lbu     t6, -4(s10)
core   0: 3 0x80003794 (0xffcd4f83) x31 0x00000092 mem 0x8001d9d9
core   0: 0x80003798 (0xfe208f23) sb      sp, -2(ra)
core   0: 3 0x80003798 (0xfe208f23) mem 0x800117df 0x0
core   0: 0x8000379c (0xfced4e83) lbu     t4, -50(s10)
core   0: 3 0x8000379c (0xfced4e83) x29 0x00000060 mem 0x8001d9ab
core   0: 0x800037a0 (0x00d09283) lh      t0, 13(ra)
core   0: 3 0x800037a0 (0x00d09283) x 5 0xffffa400 mem 0x800117ee
core   0: 0x800037a4 (0x000d4003) lbu     zero, 0(s10)
core   0: 3 0x800037a4 (0x000d4003) mem 0x8001d9dd
core   0: 0x800037a8 (0xf1bd01a3) sb      s11, -253(s10)
core   0: 3 0x800037a8 (0xf1bd01a3) mem 0x8001d8e0 0x1
core   0: 0x800037ac (0xff90a5a3) sw      s9, -21(ra)
core   0: 3 0x800037ac (0xff90a5a3) mem 0x800117cc 0x00000000
core   0: 0x800037b0 (0xff508a03) lb      s4, -11(ra)
core   0: 3 0x800037b0 (0xff508a03) x20 0xffffff8d mem 0x800117d6
core   0: 0x800037b4 (0xf87d1aa3) sh      t2, -107(s10)
core   0: 3 0x800037b4 (0xf87d1aa3) mem 0x8001d972 0x0000
core   0: 0x800037b8 (0x02309d83) lh      s11, 35(ra)
core   0: 3 0x800037b8 (0x02309d83) x27 0xffffbebf mem 0x80011804
core   0: 0x800037bc (0xff808503) lb      a0, -8(ra)
core   0: 3 0x800037bc (0xff808503) x10 0xffffff92 mem 0x800117d9
core   0: 0x800037c0 (0xfe108f03) lb      t5, -31(ra)
core   0: 3 0x800037c0 (0xfe108f03) x30 0x00000079 mem 0x800117c2
core   0: 0x800037c4 (0x0a8d0023) sb      s0, 160(s10)
core   0: 3 0x800037c4 (0x0a8d0023) mem 0x8001da7d 0x92
core   0: 0x800037c8 (0x0000480d) c.li    a6, 3
core   0: 3 0x800037c8 (0x480d) x16 0x00000003
core   0: 0x800037ca (0x0000e1ed) c.bnez  a1, pc + 226
core   0: 3 0x800037ca (0xe1ed)
core   0: 0x800038ac (0x018fdcb3) srl     s9, t6, s8
core   0: 3 0x800038ac (0x018fdcb3) x25 0x00000000
core   0: 0x800038b0 (0x00000001) c.nop
core   0: 3 0x800038b0 (0x0001)
core   0: 0x800038b2 (0x02916bb3) rem     s7, sp, s1
core   0: 3 0x800038b2 (0x02916bb3) x23 0x00000000
core   0: 0x800038b6 (0x0ff0000f) fence   iorw,iorw
core   0: 3 0x800038b6 (0x0ff0000f)
core   0: 0x800038ba (0x00000680) c.addi4spn s0, sp, 832
core   0: 3 0x800038ba (0x0680) x 8 0x00000340
core   0: 0x800038bc (0x01b85233) srl     tp, a6, s11
core   0: 3 0x800038bc (0x01b85233) x 4 0x00000000
core   0: 0x800038c0 (0x0000861d) c.srai  a2, 7
core   0: 3 0x800038c0 (0x861d) x12 0x00000000
core   0: 0x800038c2 (0x00000001) c.nop
core   0: 3 0x800038c2 (0x0001)
core   0: 0x800038c4 (0x000084f5) c.srai  s1, 29
core   0: 3 0x800038c4 (0x84f5) x 9 0xffffffff
core   0: 0x800038c6 (0x90e4cc13) xori    s8, s1, -1778
core   0: 3 0x800038c6 (0x90e4cc13) x24 0x000006f1
core   0: 0x800038ca (0x005cab33) slt     s6, s9, t0
core   0: 3 0x800038ca (0x005cab33) x22 0x00000000
core   0: 0x800038ce (0x00008dc5) c.or    a1, s1
core   0: 3 0x800038ce (0x8dc5) x11 0xffffffff
core   0: 0x800038d0 (0x011c11b3) sll     gp, s8, a7
core   0: 3 0x800038d0 (0x011c11b3) x 3 0x00006f10
core   0: 0x800038d4 (0x01351733) sll     a4, a0, s3
core   0: 3 0x800038d4 (0x01351733) x14 0xffffff92
core   0: 0x800038d8 (0x40318f33) sub     t5, gp, gp
core   0: 3 0x800038d8 (0x40318f33) x30 0x00000000
core   0: 0x800038dc (0x0000100f) fence.i
core   0: 3 0x800038dc (0x0000100f)
core   0: 0x800038e0 (0x00b7de13) srli    t3, a5, 11
core   0: 3 0x800038e0 (0x00b7de13) x28 0x001fffff
core   0: 0x800038e4 (0x0000100f) fence.i
core   0: 3 0x800038e4 (0x0000100f)
core   0: 0x800038e8 (0x00ae9313) slli    t1, t4, 10
core   0: 3 0x800038e8 (0x00ae9313) x 6 0x00018000
core   0: 0x800038ec (0x01cb1913) slli    s2, s6, 28
core   0: 3 0x800038ec (0x01cb1913) x18 0x00000000
core   0: 0x800038f0 (0x00000b16) c.slli  s6, 5
core   0: 3 0x800038f0 (0x0b16) x22 0x00000000
core   0: 0x800038f2 (0x00000001) c.nop
core   0: 3 0x800038f2 (0x0001)
core   0: 0x800038f4 (0x000085d5) c.srai  a1, 21
core   0: 3 0x800038f4 (0x85d5) x11 0xffffffff
core   0: 0x800038f6 (0x41c75933) sra     s2, a4, t3
core   0: 3 0x800038f6 (0x41c75933) x18 0xffffffff
core   0: 0x800038fa (0x000087a5) c.srai  a5, 9
core   0: 3 0x800038fa (0x87a5) x15 0xffffffff
core   0: 0x800038fc (0x0000e789) c.bnez  a5, pc + 10
core   0: 3 0x800038fc (0xe789)
core   0: 0x80003906 (0x0000100f) fence.i
core   0: 3 0x80003906 (0x0000100f)
core   0: 0x8000390a (0x3a36f337) lui     t1, 0x3a36f
core   0: 3 0x8000390a (0x3a36f337) x 6 0x3a36f000
core   0: 0x8000390e (0x0012f833) and     a6, t0, ra
core   0: 3 0x8000390e (0x0012f833) x16 0x80010400
core   0: 0x80003912 (0x00009bfd) c.andi  a5, -1
core   0: 3 0x80003912 (0x9bfd) x15 0xffffffff
core   0: 0x80003914 (0x6eb2e297) auipc   t0, 0x6eb2e
core   0: 3 0x80003914 (0x6eb2e297) x 5 0xeeb31914
core   0: 0x80003918 (0x016c7f63) bgeu    s8, s6, pc + 30
core   0: 3 0x80003918 (0x016c7f63)
core   0: 0x80003936 (0x00008d99) c.sub   a1, a4
core   0: 3 0x80003936 (0x8d99) x11 0x0000006d
core   0: 0x80003938 (0x00008499) c.srai  s1, 6
core   0: 3 0x80003938 (0x8499) x 9 0xffffffff
core   0: 0x8000393a (0x02d4c033) div     zero, s1, a3
core   0: 3 0x8000393a (0x02d4c033)
core   0: 0x8000393e (0xffd00293) li      t0, -3
core   0: 3 0x8000393e (0xffd00293) x 5 0xfffffffd
core   0: 0x80003942 (0xb915e993) ori     s3, a1, -1135
core   0: 3 0x80003942 (0xb915e993) x19 0xfffffbfd
core   0: 0x80003946 (0x013c5bb3) srl     s7, s8, s3
core   0: 3 0x80003946 (0x013c5bb3) x23 0x00000000
core   0: 0x8000394a (0xa67fe393) ori     t2, t6, -1433
core   0: 3 0x8000394a (0xa67fe393) x 7 0xfffffaf7
core   0: 0x8000394e (0x00900613) li      a2, 9
core   0: 3 0x8000394e (0x00900613) x12 0x00000009
core   0: 0x80003952 (0x0000883e) c.mv    a6, a5
core   0: 3 0x80003952 (0x883e) x16 0xffffffff
core   0: 0x80003954 (0x00000001) c.nop
core   0: 3 0x80003954 (0x0001)
core   0: 0x80003956 (0x01281393) slli    t2, a6, 18
core   0: 3 0x80003956 (0x01281393) x 7 0xfffc0000
core   0: 0x8000395a (0x00000285) c.addi  t0, 1
core   0: 3 0x8000395a (0x0285) x 5 0xfffffffe
core   0: 0x8000395c (0x406c0fb3) sub     t6, s8, t1
core   0: 3 0x8000395c (0x406c0fb3) x31 0xc5c916f1
core   0: 0x80003960 (0x19148993) addi    s3, s1, 401
core   0: 3 0x80003960 (0x19148993) x19 0x00000190
core   0: 0x80003964 (0xfec298e3) bne     t0, a2, pc - 16
core   0: 3 0x80003964 (0xfec298e3)
core   0: 0x80003954 (0x00000001) c.nop
core   0: 3 0x80003954 (0x0001)
core   0: 0x80003956 (0x01281393) slli    t2, a6, 18
core   0: 3 0x80003956 (0x01281393) x 7 0xfffc0000
core   0: 0x8000395a (0x00000285) c.addi  t0, 1
core   0: 3 0x8000395a (0x0285) x 5 0xffffffff
core   0: 0x8000395c (0x406c0fb3) sub     t6, s8, t1
core   0: 3 0x8000395c (0x406c0fb3) x31 0xc5c916f1
core   0: 0x80003960 (0x19148993) addi    s3, s1, 401
core   0: 3 0x80003960 (0x19148993) x19 0x00000190
core   0: 0x80003964 (0xfec298e3) bne     t0, a2, pc - 16
core   0: 3 0x80003964 (0xfec298e3)
core   0: 0x80003954 (0x00000001) c.nop
core   0: 3 0x80003954 (0x0001)
core   0: 0x80003956 (0x01281393) slli    t2, a6, 18
core   0: 3 0x80003956 (0x01281393) x 7 0xfffc0000
core   0: 0x8000395a (0x00000285) c.addi  t0, 1
core   0: 3 0x8000395a (0x0285) x 5 0x00000000
core   0: 0x8000395c (0x406c0fb3) sub     t6, s8, t1
core   0: 3 0x8000395c (0x406c0fb3) x31 0xc5c916f1
core   0: 0x80003960 (0x19148993) addi    s3, s1, 401
core   0: 3 0x80003960 (0x19148993) x19 0x00000190
core   0: 0x80003964 (0xfec298e3) bne     t0, a2, pc - 16
core   0: 3 0x80003964 (0xfec298e3)
core   0: 0x80003954 (0x00000001) c.nop
core   0: 3 0x80003954 (0x0001)
core   0: 0x80003956 (0x01281393) slli    t2, a6, 18
core   0: 3 0x80003956 (0x01281393) x 7 0xfffc0000
core   0: 0x8000395a (0x00000285) c.addi  t0, 1
core   0: 3 0x8000395a (0x0285) x 5 0x00000001
core   0: 0x8000395c (0x406c0fb3) sub     t6, s8, t1
core   0: 3 0x8000395c (0x406c0fb3) x31 0xc5c916f1
core   0: 0x80003960 (0x19148993) addi    s3, s1, 401
core   0: 3 0x80003960 (0x19148993) x19 0x00000190
core   0: 0x80003964 (0xfec298e3) bne     t0, a2, pc - 16
core   0: 3 0x80003964 (0xfec298e3)
core   0: 0x80003954 (0x00000001) c.nop
core   0: 3 0x80003954 (0x0001)
core   0: 0x80003956 (0x01281393) slli    t2, a6, 18
core   0: 3 0x80003956 (0x01281393) x 7 0xfffc0000
core   0: 0x8000395a (0x00000285) c.addi  t0, 1
core   0: 3 0x8000395a (0x0285) x 5 0x00000002
core   0: 0x8000395c (0x406c0fb3) sub     t6, s8, t1
core   0: 3 0x8000395c (0x406c0fb3) x31 0xc5c916f1
core   0: 0x80003960 (0x19148993) addi    s3, s1, 401
core   0: 3 0x80003960 (0x19148993) x19 0x00000190
core   0: 0x80003964 (0xfec298e3) bne     t0, a2, pc - 16
core   0: 3 0x80003964 (0xfec298e3)
core   0: 0x80003954 (0x00000001) c.nop
core   0: 3 0x80003954 (0x0001)
core   0: 0x80003956 (0x01281393) slli    t2, a6, 18
core   0: 3 0x80003956 (0x01281393) x 7 0xfffc0000
core   0: 0x8000395a (0x00000285) c.addi  t0, 1
core   0: 3 0x8000395a (0x0285) x 5 0x00000003
core   0: 0x8000395c (0x406c0fb3) sub     t6, s8, t1
core   0: 3 0x8000395c (0x406c0fb3) x31 0xc5c916f1
core   0: 0x80003960 (0x19148993) addi    s3, s1, 401
core   0: 3 0x80003960 (0x19148993) x19 0x00000190
core   0: 0x80003964 (0xfec298e3) bne     t0, a2, pc - 16
core   0: 3 0x80003964 (0xfec298e3)
core   0: 0x80003954 (0x00000001) c.nop
core   0: 3 0x80003954 (0x0001)
core   0: 0x80003956 (0x01281393) slli    t2, a6, 18
core   0: 3 0x80003956 (0x01281393) x 7 0xfffc0000
core   0: 0x8000395a (0x00000285) c.addi  t0, 1
core   0: 3 0x8000395a (0x0285) x 5 0x00000004
core   0: 0x8000395c (0x406c0fb3) sub     t6, s8, t1
core   0: 3 0x8000395c (0x406c0fb3) x31 0xc5c916f1
core   0: 0x80003960 (0x19148993) addi    s3, s1, 401
core   0: 3 0x80003960 (0x19148993) x19 0x00000190
core   0: 0x80003964 (0xfec298e3) bne     t0, a2, pc - 16
core   0: 3 0x80003964 (0xfec298e3)
core   0: 0x80003954 (0x00000001) c.nop
core   0: 3 0x80003954 (0x0001)
core   0: 0x80003956 (0x01281393) slli    t2, a6, 18
core   0: 3 0x80003956 (0x01281393) x 7 0xfffc0000
core   0: 0x8000395a (0x00000285) c.addi  t0, 1
core   0: 3 0x8000395a (0x0285) x 5 0x00000005
core   0: 0x8000395c (0x406c0fb3) sub     t6, s8, t1
core   0: 3 0x8000395c (0x406c0fb3) x31 0xc5c916f1
core   0: 0x80003960 (0x19148993) addi    s3, s1, 401
core   0: 3 0x80003960 (0x19148993) x19 0x00000190
core   0: 0x80003964 (0xfec298e3) bne     t0, a2, pc - 16
core   0: 3 0x80003964 (0xfec298e3)
core   0: 0x80003954 (0x00000001) c.nop
core   0: 3 0x80003954 (0x0001)
core   0: 0x80003956 (0x01281393) slli    t2, a6, 18
core   0: 3 0x80003956 (0x01281393) x 7 0xfffc0000
core   0: 0x8000395a (0x00000285) c.addi  t0, 1
core   0: 3 0x8000395a (0x0285) x 5 0x00000006
core   0: 0x8000395c (0x406c0fb3) sub     t6, s8, t1
core   0: 3 0x8000395c (0x406c0fb3) x31 0xc5c916f1
core   0: 0x80003960 (0x19148993) addi    s3, s1, 401
core   0: 3 0x80003960 (0x19148993) x19 0x00000190
core   0: 0x80003964 (0xfec298e3) bne     t0, a2, pc - 16
core   0: 3 0x80003964 (0xfec298e3)
core   0: 0x80003954 (0x00000001) c.nop
core   0: 3 0x80003954 (0x0001)
core   0: 0x80003956 (0x01281393) slli    t2, a6, 18
core   0: 3 0x80003956 (0x01281393) x 7 0xfffc0000
core   0: 0x8000395a (0x00000285) c.addi  t0, 1
core   0: 3 0x8000395a (0x0285) x 5 0x00000007
core   0: 0x8000395c (0x406c0fb3) sub     t6, s8, t1
core   0: 3 0x8000395c (0x406c0fb3) x31 0xc5c916f1
core   0: 0x80003960 (0x19148993) addi    s3, s1, 401
core   0: 3 0x80003960 (0x19148993) x19 0x00000190
core   0: 0x80003964 (0xfec298e3) bne     t0, a2, pc - 16
core   0: 3 0x80003964 (0xfec298e3)
core   0: 0x80003954 (0x00000001) c.nop
core   0: 3 0x80003954 (0x0001)
core   0: 0x80003956 (0x01281393) slli    t2, a6, 18
core   0: 3 0x80003956 (0x01281393) x 7 0xfffc0000
core   0: 0x8000395a (0x00000285) c.addi  t0, 1
core   0: 3 0x8000395a (0x0285) x 5 0x00000008
core   0: 0x8000395c (0x406c0fb3) sub     t6, s8, t1
core   0: 3 0x8000395c (0x406c0fb3) x31 0xc5c916f1
core   0: 0x80003960 (0x19148993) addi    s3, s1, 401
core   0: 3 0x80003960 (0x19148993) x19 0x00000190
core   0: 0x80003964 (0xfec298e3) bne     t0, a2, pc - 16
core   0: 3 0x80003964 (0xfec298e3)
core   0: 0x80003954 (0x00000001) c.nop
core   0: 3 0x80003954 (0x0001)
core   0: 0x80003956 (0x01281393) slli    t2, a6, 18
core   0: 3 0x80003956 (0x01281393) x 7 0xfffc0000
core   0: 0x8000395a (0x00000285) c.addi  t0, 1
core   0: 3 0x8000395a (0x0285) x 5 0x00000009
core   0: 0x8000395c (0x406c0fb3) sub     t6, s8, t1
core   0: 3 0x8000395c (0x406c0fb3) x31 0xc5c916f1
core   0: 0x80003960 (0x19148993) addi    s3, s1, 401
core   0: 3 0x80003960 (0x19148993) x19 0x00000190
core   0: 0x80003964 (0xfec298e3) bne     t0, a2, pc - 16
core   0: 3 0x80003964 (0xfec298e3)
core   0: 0x80003968 (0x40ba8833) sub     a6, s5, a1
core   0: 3 0x80003968 (0x40ba8833) x16 0x8002ac77
core   0: 0x8000396c (0x006fda13) srli    s4, t6, 6
core   0: 3 0x8000396c (0x006fda13) x20 0x0317245b
core   0: 0x80003970 (0x02139a63) bne     t2, ra, pc + 52
core   0: 3 0x80003970 (0x02139a63)
core   0: 0x800039a4 (0x0000c70d) c.beqz  a4, pc + 42
core   0: 3 0x800039a4 (0xc70d)
core   0: 0x800039a6 (0x40790a33) sub     s4, s2, t2
core   0: 3 0x800039a6 (0x40790a33) x20 0x0003ffff
core   0: 0x800039aa (0x00317833) and     a6, sp, gp
core   0: 3 0x800039aa (0x00317833) x16 0x00000000
core   0: 0x800039ae (0x01899a63) bne     s3, s8, pc + 20
core   0: 3 0x800039ae (0x01899a63)
core   0: 0x800039c2 (0x00521cb3) sll     s9, tp, t0
core   0: 3 0x800039c2 (0x00521cb3) x25 0x00000000
core   0: 0x800039c6 (0x0000100f) fence.i
core   0: 3 0x800039c6 (0x0000100f)
core   0: 0x800039ca (0x00fd7563) bgeu    s10, a5, pc + 10
core   0: 3 0x800039ca (0x00fd7563)
core   0: 0x800039ce (0x00920333) add     t1, tp, s1
core   0: 3 0x800039ce (0x00920333) x 6 0xffffffff
core   0: 0x800039d2 (0x0000e21d) c.bnez  a2, pc + 38
core   0: 3 0x800039d2 (0xe21d)
core   0: 0x800039f8 (0x16fced17) auipc   s10, 0x16fce
core   0: 3 0x800039f8 (0x16fced17) x26 0x96fd19f8
core   0: 0x800039fc (0xbb832d13) slti    s10, t1, -1096
core   0: 3 0x800039fc (0xbb832d13) x26 0x00000000
core   0: 0x80003a00 (0xf78abcb7) lui     s9, 0xf78ab
core   0: 3 0x80003a00 (0xf78abcb7) x25 0xf78ab000
core   0: 0x80003a04 (0x00c27133) and     sp, tp, a2
core   0: 3 0x80003a04 (0x00c27133) x 2 0x00000000
core   0: 0x80003a08 (0x00008cc1) c.or    s1, s0
core   0: 3 0x80003a08 (0x8cc1) x 9 0xffffffff
core   0: 0x80003a0a (0x00000001) c.nop
core   0: 3 0x80003a0a (0x0001)
core   0: 0x80003a0c (0x0000717d) c.addi16sp sp, -16
core   0: 3 0x80003a0c (0x717d) x 2 0xfffffff0
core   0: 0x80003a0e (0x00008c99) c.sub   s1, a4
core   0: 3 0x80003a0e (0x8c99) x 9 0x0000006d
core   0: 0x80003a10 (0x02768763) beq     a3, t2, pc + 46
core   0: 3 0x80003a10 (0x02768763)
core   0: 0x80003a14 (0x00008f05) c.sub   a4, s1
core   0: 3 0x80003a14 (0x8f05) x14 0xffffff25
core   0: 0x80003a16 (0x0000075d) c.addi  a4, 23
core   0: 3 0x80003a16 (0x075d) x14 0xffffff3c
core   0: 0x80003a18 (0x0000100f) fence.i
core   0: 3 0x80003a18 (0x0000100f)
core   0: 0x80003a1c (0x000080de) c.mv    ra, s7
core   0: 3 0x80003a1c (0x80de) x 1 0x00000000
core   0: 0x80003a1e (0x034d7e63) bgeu    s10, s4, pc + 60
core   0: 3 0x80003a1e (0x034d7e63)
core   0: 0x80003a22 (0x00008ff9) c.and   a5, a4
core   0: 3 0x80003a22 (0x8ff9) x15 0xffffff3c
core   0: 0x80003a24 (0x00006109) c.addi16sp sp, 128
core   0: 3 0x80003a24 (0x6109) x 2 0x00000070
core   0: 0x80003a26 (0x032acb33) div     s6, s5, s2
core   0: 3 0x80003a26 (0x032acb33) x22 0x7ffd531c
core   0: 0x80003a2a (0x8b74fb93) andi    s7, s1, -1865
core   0: 3 0x80003a2a (0x8b74fb93) x23 0x00000025
core   0: 0x80003a2e (0x0000e119) c.bnez  a0, pc + 6
core   0: 3 0x80003a2e (0xe119)
core   0: 0x80003a34 (0x0000100f) fence.i
core   0: 3 0x80003a34 (0x0000100f)
core   0: 0x80003a38 (0x000085c9) c.srai  a1, 18
core   0: 3 0x80003a38 (0x85c9) x11 0x00000000
core   0: 0x80003a3a (0x0128ba33) sltu    s4, a7, s2
core   0: 3 0x80003a3a (0x0128ba33) x20 0x00000001
core   0: 0x80003a3e (0x02f6e633) rem     a2, a3, a5
core   0: 3 0x80003a3e (0x02f6e633) x12 0xffffffc4
core   0: 0x80003a42 (0x03ece233) rem     tp, s9, t5
core   0: 3 0x80003a42 (0x03ece233) x 4 0xf78ab000
core   0: 0x80003a46 (0x03730763) beq     t1, s7, pc + 46
core   0: 3 0x80003a46 (0x03730763)
core   0: 0x80003a4a (0x0000e901) c.bnez  a0, pc + 16
core   0: 3 0x80003a4a (0xe901)
core   0: 0x80003a5a (0x89c62793) slti    a5, a2, -1892
core   0: 3 0x80003a5a (0x89c62793) x15 0x00000000
core   0: 0x80003a5e (0x00008d65) c.and   a0, s1
core   0: 3 0x80003a5e (0x8d65) x10 0x00000000
core   0: 0x80003a60 (0x41a0de33) sra     t3, ra, s10
core   0: 3 0x80003a60 (0x41a0de33) x28 0x00000000
core   0: 0x80003a64 (0x00000d10) c.addi4spn a2, sp, 656
core   0: 3 0x80003a64 (0x0d10) x12 0x00000300
core   0: 0x80003a66 (0x0000070c) c.addi4spn a1, sp, 896
core   0: 3 0x80003a66 (0x070c) x11 0x000003f0
core   0: 0x80003a68 (0x029ee2b3) rem     t0, t4, s1
core   0: 3 0x80003a68 (0x029ee2b3) x 5 0x00000060
core   0: 0x80003a6c (0x0ff0000f) fence   iorw,iorw
core   0: 3 0x80003a6c (0x0ff0000f)
core   0: 0x80003a70 (0x02ad6233) rem     tp, s10, a0
core   0: 3 0x80003a70 (0x02ad6233) x 4 0x00000000
core   0: 0x80003a74 (0x03de4e33) div     t3, t3, t4
core   0: 3 0x80003a74 (0x03de4e33) x28 0x00000000
core   0: 0x80003a78 (0x03b25db3) divu    s11, tp, s11
core   0: 3 0x80003a78 (0x03b25db3) x27 0x00000000
core   0: 0x80003a7c (0x0ff0000f) fence   iorw,iorw
core   0: 3 0x80003a7c (0x0ff0000f)
core   0: 0x80003a80 (0x00941c13) slli    s8, s0, 9
core   0: 3 0x80003a80 (0x00941c13) x24 0x00068000
core   0: 0x80003a84 (0x004d70b3) and     ra, s10, tp
core   0: 3 0x80003a84 (0x004d70b3) x 1 0x00000000
core   0: 0x80003a88 (0x03122033) mulhsu  zero, tp, a7
core   0: 3 0x80003a88 (0x03122033)
core   0: 0x80003a8c (0x00009d8a) c.add   s11, sp
core   0: 3 0x80003a8c (0x9d8a) x27 0x00000070
core   0: 0x80003a8e (0x021722b3) mulhsu  t0, a4, ra
core   0: 3 0x80003a8e (0x021722b3) x 5 0x00000000
core   0: 0x80003a92 (0x027c1e63) bne     s8, t2, pc + 60
core   0: 3 0x80003a92 (0x027c1e63)
core   0: 0x80003ace (0x00008801) c.andi  s0, 0
core   0: 3 0x80003ace (0x8801) x 8 0x00000000
core   0: 0x80003ad0 (0x00008646) c.mv    a2, a7
core   0: 3 0x80003ad0 (0x8646) x12 0x80026e64
core   0: 0x80003ad2 (0x00000001) c.nop
core   0: 3 0x80003ad2 (0x0001)
core   0: 0x80003ad4 (0x00009f4e) c.add   t5, s3
core   0: 3 0x80003ad4 (0x9f4e) x30 0x00000190
core   0: 0x80003ad6 (0x01e63d33) sltu    s10, a2, t5
core   0: 3 0x80003ad6 (0x01e63d33) x26 0x00000000
core   0: 0x80003ada (0xa76e8713) addi    a4, t4, -1418
core   0: 3 0x80003ada (0xa76e8713) x14 0xfffffad6
core   0: 0x80003ade (0x00000001) c.nop
core   0: 3 0x80003ade (0x0001)
core   0: 0x80003ae0 (0xe7222813) slti    a6, tp, -398
core   0: 3 0x80003ae0 (0xe7222813) x16 0x00000000
core   0: 0x80003ae4 (0x006b1e93) slli    t4, s6, 6
core   0: 3 0x80003ae4 (0x006b1e93) x29 0xff54c700
core   0: 0x80003ae8 (0x003f0b33) add     s6, t5, gp
core   0: 3 0x80003ae8 (0x003f0b33) x22 0x000070a0
core   0: 0x80003aec (0x00008f19) c.sub   a4, a4
core   0: 3 0x80003aec (0x8f19) x14 0x00000000
core   0: 0x80003aee (0x01f8da13) srli    s4, a7, 31
core   0: 3 0x80003aee (0x01f8da13) x20 0x00000001
core   0: 0x80003af2 (0x04a30063) beq     t1, a0, pc + 64
core   0: 3 0x80003af2 (0x04a30063)
core   0: 0x80003af6 (0x407a80b3) sub     ra, s5, t2
core   0: 3 0x80003af6 (0x407a80b3) x 1 0x8006ace4
core   0: 0x80003afa (0x41e05f93) srai    t6, zero, 30
core   0: 3 0x80003afa (0x41e05f93) x31 0x00000000
core   0: 0x80003afe (0x835b3413) sltiu   s0, s6, -1995
core   0: 3 0x80003afe (0x835b3413) x 8 0x00000001
core   0: 0x80003b02 (0x4050a913) slti    s2, ra, 1029
core   0: 3 0x80003b02 (0x4050a913) x18 0x00000001
core   0: 0x80003b06 (0x0000100f) fence.i
core   0: 3 0x80003b06 (0x0000100f)
core   0: 0x80003b0a (0x00006bd5) c.lui   s7, 0x15
core   0: 3 0x80003b0a (0x6bd5) x23 0x00015000
core   0: 0x80003b0c (0x0000100f) fence.i
core   0: 3 0x80003b0c (0x0000100f)
core   0: 0x80003b10 (0x017a0c63) beq     s4, s7, pc + 24
core   0: 3 0x80003b10 (0x017a0c63)
core   0: 0x80003b14 (0x039e3eb3) mulhu   t4, t3, s9
core   0: 3 0x80003b14 (0x039e3eb3) x29 0x00000000
core   0: 0x80003b18 (0x000080bd) c.srli  s1, 15
core   0: 3 0x80003b18 (0x80bd) x 9 0x00000000
core   0: 0x80003b1a (0x12f1c313) xori    t1, gp, 303
core   0: 3 0x80003b1a (0x12f1c313) x 6 0x00006e3f
core   0: 0x80003b1e (0x00009546) c.add   a0, a7
core   0: 3 0x80003b1e (0x9546) x10 0x80026e64
core   0: 0x80003b20 (0x010f9e93) slli    t4, t6, 16
core   0: 3 0x80003b20 (0x010f9e93) x29 0x00000000
core   0: 0x80003b24 (0x00748233) add     tp, s1, t2
core   0: 3 0x80003b24 (0x00748233) x 4 0xfffc0000
core   0: 0x80003b28 (0x01895113) srli    sp, s2, 24
core   0: 3 0x80003b28 (0x01895113) x 2 0x00000000
core   0: 0x80003b2c (0x03c6c763) blt     a3, t3, pc + 46
core   0: 3 0x80003b2c (0x03c6c763)
core   0: 0x80003b5a (0x000042ed) c.li    t0, 27
core   0: 3 0x80003b5a (0x42ed) x 5 0x0000001b
core   0: 0x80003b5c (0x03548b33) mul     s6, s1, s5
core   0: 3 0x80003b5c (0x03548b33) x22 0x00000000
core   0: 0x80003b60 (0x0ff0000f) fence   iorw,iorw
core   0: 3 0x80003b60 (0x0ff0000f)
core   0: 0x80003b64 (0x40625d13) srai    s10, tp, 6
core   0: 3 0x80003b64 (0x40625d13) x26 0xfffff000
core   0: 0x80003b68 (0x00000001) c.nop
core   0: 3 0x80003b68 (0x0001)
core   0: 0x80003b6a (0x4134d593) srai    a1, s1, 19
core   0: 3 0x80003b6a (0x4134d593) x11 0x00000000
core   0: 0x80003b6e (0x40cdd613) srai    a2, s11, 12
core   0: 3 0x80003b6e (0x40cdd613) x12 0x00000000
core   0: 0x80003b72 (0x01d89593) slli    a1, a7, 29
core   0: 3 0x80003b72 (0x01d89593) x11 0x80000000
core   0: 0x80003b76 (0x00008eee) c.mv    t4, s11
core   0: 3 0x80003b76 (0x8eee) x29 0x00000070
core   0: 0x80003b78 (0xa0c2a713) slti    a4, t0, -1524
core   0: 3 0x80003b78 (0xa0c2a713) x14 0x00000000
core   0: 0x80003b7c (0x006d9313) slli    t1, s11, 6
core   0: 3 0x80003b7c (0x006d9313) x 6 0x00001c00
core   0: 0x80003b80 (0x324ab937) lui     s2, 0x324ab
core   0: 3 0x80003b80 (0x324ab937) x18 0x324ab000
core   0: 0x80003b84 (0x00008bc9) c.andi  a5, 18
core   0: 3 0x80003b84 (0x8bc9) x15 0x00000000
core   0: 0x80003b86 (0x01751b13) slli    s6, a0, 23
core   0: 3 0x80003b86 (0x01751b13) x22 0x32000000
core   0: 0x80003b8a (0x08258063) beq     a1, sp, pc + 128
core   0: 3 0x80003b8a (0x08258063)
core   0: 0x80003b8e (0x2e4b0f97) auipc   t6, 0x2e4b0
core   0: 3 0x80003b8e (0x2e4b0f97) x31 0xae4b3b8e
core   0: 0x80003b92 (0x00a00593) li      a1, 10
core   0: 3 0x80003b92 (0x00a00593) x11 0x0000000a
core   0: 0x80003b96 (0xc6de6313) ori     t1, t3, -915
core   0: 3 0x80003b96 (0xc6de6313) x 6 0xfffffc6d
core   0: 0x80003b9a (0xffb00f13) li      t5, -5
core   0: 3 0x80003b9a (0xffb00f13) x30 0xfffffffb
core   0: 0x80003b9e (0x40d25c13) srai    s8, tp, 13
core   0: 3 0x80003b9e (0x40d25c13) x24 0xffffffe0
core   0: 0x80003ba2 (0x02a37d33) remu    s10, t1, a0
core   0: 3 0x80003ba2 (0x02a37d33) x26 0x7ffd8e09
core   0: 0x80003ba6 (0x0000085d) c.addi  a6, 23
core   0: 3 0x80003ba6 (0x085d) x16 0x00000017
core   0: 0x80003ba8 (0x01941eb3) sll     t4, s0, s9
core   0: 3 0x80003ba8 (0x01941eb3) x29 0x00000001
core   0: 0x80003bac (0x000015fd) c.addi  a1, -1
core   0: 3 0x80003bac (0x15fd) x11 0x00000009
core   0: 0x80003bae (0xffc00493) li      s1, -4
core   0: 3 0x80003bae (0xffc00493) x 9 0xfffffffc
core   0: 0x80003bb2 (0x00c2c0b3) xor     ra, t0, a2
core   0: 3 0x80003bb2 (0x00c2c0b3) x 1 0x0000001b
core   0: 0x80003bb6 (0x01300c93) li      s9, 19
core   0: 3 0x80003bb6 (0x01300c93) x25 0x00000013
core   0: 0x80003bba (0x02a66633) rem     a2, a2, a0
core   0: 3 0x80003bba (0x02a66633) x12 0x00000000
core   0: 0x80003bbe (0x000004a9) c.addi  s1, 10
core   0: 3 0x80003bbe (0x04a9) x 9 0x00000006
core   0: 0x80003bc0 (0x03a82d33) mulhsu  s10, a6, s10
core   0: 3 0x80003bc0 (0x03a82d33) x26 0x0000000b
core   0: 0x80003bc4 (0xff94ebe3) bltu    s1, s9, pc - 10
core   0: 3 0x80003bc4 (0xff94ebe3)
core   0: 0x80003bba (0x02a66633) rem     a2, a2, a0
core   0: 3 0x80003bba (0x02a66633) x12 0x00000000
core   0: 0x80003bbe (0x000004a9) c.addi  s1, 10
core   0: 3 0x80003bbe (0x04a9) x 9 0x00000010
core   0: 0x80003bc0 (0x03a82d33) mulhsu  s10, a6, s10
core   0: 3 0x80003bc0 (0x03a82d33) x26 0x00000000
core   0: 0x80003bc4 (0xff94ebe3) bltu    s1, s9, pc - 10
core   0: 3 0x80003bc4 (0xff94ebe3)
core   0: 0x80003bba (0x02a66633) rem     a2, a2, a0
core   0: 3 0x80003bba (0x02a66633) x12 0x00000000
core   0: 0x80003bbe (0x000004a9) c.addi  s1, 10
core   0: 3 0x80003bbe (0x04a9) x 9 0x0000001a
core   0: 0x80003bc0 (0x03a82d33) mulhsu  s10, a6, s10
core   0: 3 0x80003bc0 (0x03a82d33) x26 0x00000000
core   0: 0x80003bc4 (0xff94ebe3) bltu    s1, s9, pc - 10
core   0: 3 0x80003bc4 (0xff94ebe3)
core   0: 0x80003bc8 (0x023cedb3) rem     s11, s9, gp
core   0: 3 0x80003bc8 (0x023cedb3) x27 0x00000013
core   0: 0x80003bcc (0x03762eb3) mulhsu  t4, a2, s7
core   0: 3 0x80003bcc (0x03762eb3) x29 0x00000000
core   0: 0x80003bd0 (0x41975733) sra     a4, a4, s9
core   0: 3 0x80003bd0 (0x41975733) x14 0x00000000
core   0: 0x80003bd4 (0xfde587e3) beq     a1, t5, pc - 50
core   0: 3 0x80003bd4 (0xfde587e3)
core   0: 0x80003bd8 (0x00008b9d) c.andi  a5, 7
core   0: 3 0x80003bd8 (0x8b9d) x15 0x00000000
core   0: 0x80003bda (0x01ec6333) or      t1, s8, t5
core   0: 3 0x80003bda (0x01ec6333) x 6 0xfffffffb
core   0: 0x80003bde (0x000007ad) c.addi  a5, 11
core   0: 3 0x80003bde (0x07ad) x15 0x0000000b
core   0: 0x80003be0 (0x00008f46) c.mv    t5, a7
core   0: 3 0x80003be0 (0x8f46) x30 0x80026e64
core   0: 0x80003be2 (0x000092ea) c.add   t0, s10
core   0: 3 0x80003be2 (0x92ea) x 5 0x0000001b
core   0: 0x80003be4 (0x03336b33) rem     s6, t1, s3
core   0: 3 0x80003be4 (0x03336b33) x22 0xfffffffb
core   0: 0x80003be8 (0x00f1cf63) blt     gp, a5, pc + 30
core   0: 3 0x80003be8 (0x00f1cf63)
core   0: 0x80003bec (0x00000001) c.nop
core   0: 3 0x80003bec (0x0001)
core   0: 0x80003bee (0x00008bdd) c.andi  a5, 23
core   0: 3 0x80003bee (0x8bdd) x15 0x00000003
core   0: 0x80003bf0 (0x00437b63) bgeu    t1, tp, pc + 22
core   0: 3 0x80003bf0 (0x00437b63)
core   0: 0x80003c06 (0x003769b3) or      s3, a4, gp
core   0: 3 0x80003c06 (0x003769b3) x19 0x00006f10
core   0: 0x80003c0a (0x01e84bb3) xor     s7, a6, t5
core   0: 3 0x80003c0a (0x01e84bb3) x23 0x80026e73
core   0: 0x80003c0e (0x00008e29) c.xor   a2, a0
core   0: 3 0x80003c0e (0x8e29) x12 0x80026e64
core   0: 0x80003c10 (0x00008269) c.srli  a2, 26
core   0: 3 0x80003c10 (0x8269) x12 0x00000020
core   0: 0x80003c12 (0x00221033) sll     zero, tp, sp
core   0: 3 0x80003c12 (0x00221033)
core   0: 0x80003c16 (0x0000cc89) c.beqz  s1, pc + 26
core   0: 3 0x80003c16 (0xcc89)
core   0: 0x80003c18 (0x0000027e) c.slli  tp, 31
core   0: 3 0x80003c18 (0x027e) x 4 0x00000000
core   0: 0x80003c1a (0x00000001) c.nop
core   0: 3 0x80003c1a (0x0001)
core   0: 0x80003c1c (0x01655f33) srl     t5, a0, s6
core   0: 3 0x80003c1c (0x01655f33) x30 0x00000010
core   0: 0x80003c20 (0x023f1533) mulh    a0, t5, gp
core   0: 3 0x80003c20 (0x023f1533) x10 0x00000000
core   0: 0x80003c24 (0x00e1b2b3) sltu    t0, gp, a4
core   0: 3 0x80003c24 (0x00e1b2b3) x 5 0x00000000
core   0: 0x80003c28 (0x03181133) mulh    sp, a6, a7
core   0: 3 0x80003c28 (0x03181133) x 2 0xfffffff4
core   0: 0x80003c2c (0x01f55db3) srl     s11, a0, t6
core   0: 3 0x80003c2c (0x01f55db3) x27 0x00000000
core   0: 0x80003c30 (0x00008b19) c.andi  a4, 6
core   0: 3 0x80003c30 (0x8b19) x14 0x00000000
core   0: 0x80003c32 (0x408e5193) srai    gp, t3, 8
core   0: 3 0x80003c32 (0x408e5193) x 3 0x00000000
core   0: 0x80003c36 (0x00008f09) c.sub   a4, a0
core   0: 3 0x80003c36 (0x8f09) x14 0x00000000
core   0: 0x80003c38 (0x0000ea15) c.bnez  a2, pc + 52
core   0: 3 0x80003c38 (0xea15)
core   0: 0x80003c6c (0x7374bc37) lui     s8, 0x7374b
core   0: 3 0x80003c6c (0x7374bc37) x24 0x7374b000
core   0: 0x80003c70 (0x000084f1) c.srai  s1, 28
core   0: 3 0x80003c70 (0x84f1) x 9 0x00000000
core   0: 0x80003c72 (0x0000997d) c.andi  a0, -1
core   0: 3 0x80003c72 (0x997d) x10 0x00000000
core   0: 0x80003c74 (0x00004a69) c.li    s4, 26
core   0: 3 0x80003c74 (0x4a69) x20 0x0000001a
core   0: 0x80003c76 (0x0209b5b3) mulhu   a1, s3, zero
core   0: 3 0x80003c76 (0x0209b5b3) x11 0x00000000
core   0: 0x80003c7a (0xc302a213) slti    tp, t0, -976
core   0: 3 0x80003c7a (0xc302a213) x 4 0x00000000
core   0: 0x80003c7e (0x0112dd33) srl     s10, t0, a7
core   0: 3 0x80003c7e (0x0112dd33) x26 0x00000000
core   0: 0x80003c82 (0x01cdca33) xor     s4, s11, t3
core   0: 3 0x80003c82 (0x01cdca33) x20 0x00000000
core   0: 0x80003c86 (0x0050da13) srli    s4, ra, 5
core   0: 3 0x80003c86 (0x0050da13) x20 0x00000000
core   0: 0x80003c8a (0x00006535) c.lui   a0, 0xd
core   0: 3 0x80003c8a (0x6535) x10 0x0000d000
core   0: 0x80003c8c (0x024afc33) remu    s8, s5, tp
core   0: 3 0x80003c8c (0x024afc33) x24 0x8002ace4
core   0: 0x80003c90 (0x00008e59) c.or    a2, a4
core   0: 3 0x80003c90 (0x8e59) x12 0x00000020
core   0: 0x80003c92 (0x03ec4633) div     a2, s8, t5
core   0: 3 0x80003c92 (0x03ec4633) x12 0xf8002acf
core   0: 0x80003c96 (0x006840b3) xor     ra, a6, t1
core   0: 3 0x80003c96 (0x006840b3) x 1 0xffffffec
core   0: 0x80003c9a (0x40eadf33) sra     t5, s5, a4
core   0: 3 0x80003c9a (0x40eadf33) x30 0x8002ace4
core   0: 0x80003c9e (0x0000100f) fence.i
core   0: 3 0x80003c9e (0x0000100f)
core   0: 0x80003ca2 (0x0000717d) c.addi16sp sp, -16
core   0: 3 0x80003ca2 (0x717d) x 2 0xffffffe4
core   0: 0x80003ca4 (0x0011fa33) and     s4, gp, ra
core   0: 3 0x80003ca4 (0x0011fa33) x20 0x00000000
core   0: 0x80003ca8 (0x00008ee6) c.mv    t4, s9
core   0: 3 0x80003ca8 (0x8ee6) x29 0x00000013
core   0: 0x80003caa (0x02d57eb3) remu    t4, a0, a3
core   0: 3 0x80003caa (0x02d57eb3) x29 0x0000d000
core   0: 0x80003cae (0x00008f09) c.sub   a4, a0
core   0: 3 0x80003cae (0x8f09) x14 0xffff3000
core   0: 0x80003cb0 (0x0000187d) c.addi  a6, -1
core   0: 3 0x80003cb0 (0x187d) x16 0x00000016
core   0: 0x80003cb2 (0x00000784) c.addi4spn s1, sp, 960
core   0: 3 0x80003cb2 (0x0784) x 9 0x000003a4
core   0: 0x80003cb4 (0x0111b4b3) sltu    s1, gp, a7
core   0: 3 0x80003cb4 (0x0111b4b3) x 9 0x00000001
core   0: 0x80003cb8 (0x03c6bbb3) mulhu   s7, a3, t3
core   0: 3 0x80003cb8 (0x03c6bbb3) x23 0x00000000
core   0: 0x80003cbc (0x00598eb3) add     t4, s3, t0
core   0: 3 0x80003cbc (0x00598eb3) x29 0x00006f10
core   0: 0x80003cc0 (0x0ff0000f) fence   iorw,iorw
core   0: 3 0x80003cc0 (0x0ff0000f)
core   0: 0x80003cc4 (0x0000100f) fence.i
core   0: 3 0x80003cc4 (0x0000100f)
core   0: 0x80003cc8 (0x0000487d) c.li    a6, 31
core   0: 3 0x80003cc8 (0x487d) x16 0x0000001f
core   0: 0x80003cca (0x00008e4d) c.or    a2, a1
core   0: 3 0x80003cca (0x8e4d) x12 0xf8002acf
core   0: 0x80003ccc (0x028183b3) mul     t2, gp, s0
core   0: 3 0x80003ccc (0x028183b3) x 7 0x00000000
core   0: 0x80003cd0 (0x00008cad) c.xor   s1, a1
core   0: 3 0x80003cd0 (0x8cad) x 9 0x00000001
core   0: 0x80003cd2 (0x03347eb3) remu    t4, s0, s3
core   0: 3 0x80003cd2 (0x03347eb3) x29 0x00000001
core   0: 0x80003cd6 (0xdee02393) slti    t2, zero, -530
core   0: 3 0x80003cd6 (0xdee02393) x 7 0x00000000
core   0: 0x80003cda (0x00008611) c.srai  a2, 4
core   0: 3 0x80003cda (0x8611) x12 0xff8002ac
core   0: 0x80003cdc (0x0076de33) srl     t3, a3, t2
core   0: 3 0x80003cdc (0x0076de33) x28 0xfc094c38
core   0: 0x80003ce0 (0x00008c85) c.sub   s1, s1
core   0: 3 0x80003ce0 (0x8c85) x 9 0x00000000
core   0: 0x80003ce2 (0x00009d92) c.add   s11, tp
core   0: 3 0x80003ce2 (0x9d92) x27 0x00000000
core   0: 0x80003ce4 (0x00f727b3) slt     a5, a4, a5
core   0: 3 0x80003ce4 (0x00f727b3) x15 0x00000001
core   0: 0x80003ce8 (0x037eff33) remu    t5, t4, s7
core   0: 3 0x80003ce8 (0x037eff33) x30 0x00000001
core   0: 0x80003cec (0x00008bd1) c.andi  a5, 20
core   0: 3 0x80003cec (0x8bd1) x15 0x00000000
core   0: 0x80003cee (0x019e32b3) sltu    t0, t3, s9
core   0: 3 0x80003cee (0x019e32b3) x 5 0x00000000
core   0: 0x80003cf2 (0x00000001) c.nop
core   0: 3 0x80003cf2 (0x0001)
core   0: 0x80003cf4 (0x008642b3) xor     t0, a2, s0
core   0: 3 0x80003cf4 (0x008642b3) x 5 0xff8002ad
core   0: 0x80003cf8 (0x00000001) c.nop
core   0: 3 0x80003cf8 (0x0001)
core   0: 0x80003cfa (0x03c74bb3) div     s7, a4, t3
core   0: 3 0x80003cfa (0x03c74bb3) x23 0x00000000
core   0: 0x80003cfe (0x03584563) blt     a6, s5, pc + 42
core   0: 3 0x80003cfe (0x03584563)
core   0: 0x80003d02 (0x03f49433) mulh    s0, s1, t6
core   0: 3 0x80003d02 (0x03f49433) x 8 0x00000000
core   0: 0x80003d06 (0x29814393) xori    t2, sp, 664
core   0: 3 0x80003d06 (0x29814393) x 7 0xfffffd7c
core   0: 0x80003d0a (0x00008da1) c.xor   a1, s0
core   0: 3 0x80003d0a (0x8da1) x11 0x00000000
core   0: 0x80003d0c (0x00008fbd) c.xor   a5, a5
core   0: 3 0x80003d0c (0x8fbd) x15 0x00000000
core   0: 0x80003d0e (0x05b0e063) bltu    ra, s11, pc + 64
core   0: 3 0x80003d0e (0x05b0e063)
core   0: 0x80003d12 (0x03c5d7b3) divu    a5, a1, t3
core   0: 3 0x80003d12 (0x03c5d7b3) x15 0x00000000
core   0: 0x80003d16 (0x0000100f) fence.i
core   0: 3 0x80003d16 (0x0000100f)
core   0: 0x80003d1a (0xb6990713) addi    a4, s2, -1175
core   0: 3 0x80003d1a (0xb6990713) x14 0x324aab69
core   0: 0x80003d1e (0x00008f3d) c.xor   a4, a5
core   0: 3 0x80003d1e (0x8f3d) x14 0x324aab69
core   0: 0x80003d20 (0x03c169b3) rem     s3, sp, t3
core   0: 3 0x80003d20 (0x03c169b3) x19 0xffffffe4
core   0: 0x80003d24 (0x02d01d33) mulh    s10, zero, a3
core   0: 3 0x80003d24 (0x02d01d33) x26 0x00000000
core   0: 0x80003d28 (0x0000cb95) c.beqz  a5, pc + 52
core   0: 3 0x80003d28 (0xcb95)
core   0: 0x80003d5c (0x01044133) xor     sp, s0, a6
core   0: 3 0x80003d5c (0x01044133) x 2 0x0000001f
core   0: 0x80003d60 (0x00009a7d) c.andi  a2, -1
core   0: 3 0x80003d60 (0x9a7d) x12 0xff8002ac
core   0: 0x80003d62 (0x30f9b013) sltiu   zero, s3, 783
core   0: 3 0x80003d62 (0x30f9b013)
core   0: 0x80003d66 (0x00001998) c.addi4spn a4, sp, 240
core   0: 3 0x80003d66 (0x1998) x14 0x0000010f
core   0: 0x80003d68 (0x000080f6) c.mv    ra, t4
core   0: 3 0x80003d68 (0x80f6) x 1 0x00000001
core   0: 0x80003d6a (0x404a5393) srai    t2, s4, 4
core   0: 3 0x80003d6a (0x404a5393) x 7 0x00000000
core   0: 0x80003d6e (0x0f937b13) andi    s6, t1, 249
core   0: 3 0x80003d6e (0x0f937b13) x22 0x000000f9
core   0: 0x80003d72 (0x00008dd9) c.or    a1, a4
core   0: 3 0x80003d72 (0x8dd9) x11 0x0000010f
core   0: 0x80003d74 (0x0033fd33) and     s10, t2, gp
core   0: 3 0x80003d74 (0x0033fd33) x26 0x00000000
core   0: 0x80003d78 (0x00b47cb3) and     s9, s0, a1
core   0: 3 0x80003d78 (0x00b47cb3) x25 0x00000000
core   0: 0x80003d7c (0x000042a5) c.li    t0, 9
core   0: 3 0x80003d7c (0x42a5) x 5 0x00000009
core   0: 0x80003d7e (0x00000001) c.nop
core   0: 3 0x80003d7e (0x0001)
core   0: 0x80003d80 (0x00008fe1) c.and   a5, s0
core   0: 3 0x80003d80 (0x8fe1) x15 0x00000000
core   0: 0x80003d82 (0x0000961a) c.add   a2, t1
core   0: 3 0x80003d82 (0x961a) x12 0xff8002a7
core   0: 0x80003d84 (0x00000a72) c.slli  s4, 28
core   0: 3 0x80003d84 (0x0a72) x20 0x00000000
core   0: 0x80003d86 (0x02637063) bgeu    t1, t1, pc + 32
core   0: 3 0x80003d86 (0x02637063)
core   0: 0x80003da6 (0x0072d1b3) srl     gp, t0, t2
core   0: 3 0x80003da6 (0x0072d1b3) x 3 0x00000009
core   0: 0x80003daa (0x038fdc63) bge     t6, s8, pc + 56
core   0: 3 0x80003daa (0x038fdc63)
core   0: 0x80003de2 (0x021d4c33) div     s8, s10, ra
core   0: 3 0x80003de2 (0x021d4c33) x24 0x00000000
core   0: 0x80003de6 (0x0000100f) fence.i
core   0: 3 0x80003de6 (0x0000100f)
core   0: 0x80003dea (0x02101e33) mulh    t3, zero, ra
core   0: 3 0x80003dea (0x02101e33) x28 0x00000000
core   0: 0x80003dee (0x0000eb85) c.bnez  a5, pc + 48
core   0: 3 0x80003dee (0xeb85)
core   0: 0x80003df0 (0x40585533) sra     a0, a6, t0
core   0: 3 0x80003df0 (0x40585533) x10 0x00000000
core   0: 0x80003df4 (0x01370f33) add     t5, a4, s3
core   0: 3 0x80003df4 (0x01370f33) x30 0x000000f3
core   0: 0x80003df8 (0x03058e33) mul     t3, a1, a6
core   0: 3 0x80003df8 (0x03058e33) x28 0x000020d1
core   0: 0x80003dfc (0x00008e05) c.sub   a2, s1
core   0: 3 0x80003dfc (0x8e05) x12 0xff8002a7
core   0: 0x80003dfe (0x00008669) c.srai  a2, 26
core   0: 3 0x80003dfe (0x8669) x12 0xffffffff
core   0: 0x80003e00 (0x53dc75b7) lui     a1, 0x53dc7
core   0: 3 0x80003e00 (0x53dc75b7) x11 0x53dc7000
core   0: 0x80003e04 (0x007204b3) add     s1, tp, t2
core   0: 3 0x80003e04 (0x007204b3) x 9 0x00000000
core   0: 0x80003e08 (0x02dc6633) rem     a2, s8, a3
core   0: 3 0x80003e08 (0x02dc6633) x12 0x00000000
core   0: 0x80003e0c (0x00008fb9) c.xor   a5, a4
core   0: 3 0x80003e0c (0x8fb9) x15 0x0000010f
core   0: 0x80003e0e (0x821e94b7) lui     s1, 0x821e9
core   0: 3 0x80003e0e (0x821e94b7) x 9 0x821e9000
core   0: 0x80003e12 (0x010f6eb3) or      t4, t5, a6
core   0: 3 0x80003e12 (0x010f6eb3) x29 0x000000ff
core   0: 0x80003e16 (0x02f653b3) divu    t2, a2, a5
core   0: 3 0x80003e16 (0x02f653b3) x 7 0x00000000
core   0: 0x80003e1a (0x00008d2d) c.xor   a0, a1
core   0: 3 0x80003e1a (0x8d2d) x10 0x53dc7000
core   0: 0x80003e1c (0x0000ca19) c.beqz  a2, pc + 22
core   0: 3 0x80003e1c (0xca19)
core   0: 0x80003e32 (0x014e93b3) sll     t2, t4, s4
core   0: 3 0x80003e32 (0x014e93b3) x 7 0x000000ff
core   0: 0x80003e36 (0x0247a5b3) mulhsu  a1, a5, tp
core   0: 3 0x80003e36 (0x0247a5b3) x11 0x00000000
core   0: 0x80003e3a (0xca66b993) sltiu   s3, a3, -858
core   0: 3 0x80003e3a (0xca66b993) x19 0x00000001
core   0: 0x80003e3e (0x02dbb033) mulhu   zero, s7, a3
core   0: 3 0x80003e3e (0x02dbb033)
core   0: 0x80003e42 (0x02983a33) mulhu   s4, a6, s1
core   0: 3 0x80003e42 (0x02983a33) x20 0x0000000f
core   0: 0x80003e46 (0x00008e3d) c.xor   a2, a5
core   0: 3 0x80003e46 (0x8e3d) x12 0x0000010f
core   0: 0x80003e48 (0x00008019) c.srli  s0, 6
core   0: 3 0x80003e48 (0x8019) x 8 0x00000000
core   0: 0x80003e4a (0x00000001) c.nop
core   0: 3 0x80003e4a (0x0001)
core   0: 0x80003e4c (0x00008f71) c.and   a4, a2
core   0: 3 0x80003e4c (0x8f71) x14 0x0000010f
core   0: 0x80003e4e (0x351cc797) auipc   a5, 0x351cc
core   0: 3 0x80003e4e (0x351cc797) x15 0xb51cfe4e
core   0: 0x80003e52 (0x56ae6993) ori     s3, t3, 1386
core   0: 3 0x80003e52 (0x56ae6993) x19 0x000025fb
core   0: 0x80003e56 (0x4644b537) lui     a0, 0x4644b
core   0: 3 0x80003e56 (0x4644b537) x10 0x4644b000
core   0: 0x80003e5a (0x00000b1c) c.addi4spn a5, sp, 400
core   0: 3 0x80003e5a (0x0b1c) x15 0x000001af
core   0: 0x80003e5c (0x01285533) srl     a0, a6, s2
core   0: 3 0x80003e5c (0x01285533) x10 0x0000001f
core   0: 0x80003e60 (0x0095b533) sltu    a0, a1, s1
core   0: 3 0x80003e60 (0x0095b533) x10 0x00000001
core   0: 0x80003e64 (0x00008575) c.srai  a0, 29
core   0: 3 0x80003e64 (0x8575) x10 0x00000000
core   0: 0x80003e66 (0xf6702d93) slti    s11, zero, -153
core   0: 3 0x80003e66 (0xf6702d93) x27 0x00000000
core   0: 0x80003e6a (0x00cf9f13) slli    t5, t6, 12
core   0: 3 0x80003e6a (0x00cf9f13) x30 0xb3b8e000
core   0: 0x80003e6e (0x000084bd) c.srai  s1, 15
core   0: 3 0x80003e6e (0x84bd) x 9 0xffff043d
core   0: 0x80003e70 (0x412609b3) sub     s3, a2, s2
core   0: 3 0x80003e70 (0x412609b3) x19 0xcdb5510f
core   0: 0x80003e74 (0x01ceee63) bltu    t4, t3, pc + 28
core   0: 3 0x80003e74 (0x01ceee63)
core   0: 0x80003e90 (0x00000318) c.addi4spn a4, sp, 384
core   0: 3 0x80003e90 (0x0318) x14 0x0000019f
core   0: 0x80003e92 (0x00129633) sll     a2, t0, ra
core   0: 3 0x80003e92 (0x00129633) x12 0x00000012
core   0: 0x80003e96 (0x00006129) c.addi16sp sp, 192
core   0: 3 0x80003e96 (0x6129) x 2 0x000000df
core   0: 0x80003e98 (0x00c47663) bgeu    s0, a2, pc + 12
core   0: 3 0x80003e98 (0x00c47663)
core   0: 0x80003e9c (0x03c92733) mulhsu  a4, s2, t3
core   0: 3 0x80003e9c (0x03c92733) x14 0x00000672
core   0: 0x80003ea0 (0x4004dd93) srai    s11, s1, 0
core   0: 3 0x80003ea0 (0x4004dd93) x27 0xffff043d
core   0: 0x80003ea4 (0x02feebb3) rem     s7, t4, a5
core   0: 3 0x80003ea4 (0x02feebb3) x23 0x000000ff
core   0: 0x80003ea8 (0x01e0e633) or      a2, ra, t5
core   0: 3 0x80003ea8 (0x01e0e633) x12 0xb3b8e001
core   0: 0x80003eac (0x02110cb3) mul     s9, sp, ra
core   0: 3 0x80003eac (0x02110cb3) x25 0x000000df
core   0: 0x80003eb0 (0x011dd613) srli    a2, s11, 17
core   0: 3 0x80003eb0 (0x011dd613) x12 0x00007fff
core   0: 0x80003eb4 (0x00752e33) slt     t3, a0, t2
core   0: 3 0x80003eb4 (0x00752e33) x28 0x00000001
core   0: 0x80003eb8 (0x0000717d) c.addi16sp sp, -16
core   0: 3 0x80003eb8 (0x717d) x 2 0x000000cf
core   0: 0x80003eba (0x12ffa493) slti    s1, t6, 303
core   0: 3 0x80003eba (0x12ffa493) x 9 0x00000001
core   0: 0x80003ebe (0x00000001) c.nop
core   0: 3 0x80003ebe (0x0001)
core   0: 0x80003ec0 (0x35b13293) sltiu   t0, sp, 859
core   0: 3 0x80003ec0 (0x35b13293) x 5 0x00000001
core   0: 0x80003ec4 (0x4063df93) srai    t6, t2, 6
core   0: 3 0x80003ec4 (0x4063df93) x31 0x00000003
core   0: 0x80003ec8 (0x41935fb3) sra     t6, t1, s9
core   0: 3 0x80003ec8 (0x41935fb3) x31 0xffffffff
core   0: 0x80003ecc (0x01017e33) and     t3, sp, a6
core   0: 3 0x80003ecc (0x01017e33) x28 0x0000000f
core   0: 0x80003ed0 (0x01ec9593) slli    a1, s9, 30
core   0: 3 0x80003ed0 (0x01ec9593) x11 0xc0000000
core   0: 0x80003ed4 (0x6e6b5437) lui     s0, 0x6e6b5
core   0: 3 0x80003ed4 (0x6e6b5437) x 8 0x6e6b5000
core   0: 0x80003ed8 (0x0000717d) c.addi16sp sp, -16
core   0: 3 0x80003ed8 (0x717d) x 2 0x000000bf
core   0: 0x80003eda (0x405d5cb3) sra     s9, s10, t0
core   0: 3 0x80003eda (0x405d5cb3) x25 0x00000000
core   0: 0x80003ede (0x000002f6) c.slli  t0, 29
core   0: 3 0x80003ede (0x02f6) x 5 0x20000000
core   0: 0x80003ee0 (0x021f6eb3) rem     t4, t5, ra
core   0: 3 0x80003ee0 (0x021f6eb3) x29 0x00000000
core   0: 0x80003ee4 (0x417ed713) srai    a4, t4, 23
core   0: 3 0x80003ee4 (0x417ed713) x14 0x00000000
core   0: 0x80003ee8 (0x0000717d) c.addi16sp sp, -16
core   0: 3 0x80003ee8 (0x717d) x 2 0x000000af
core   0: 0x80003eea (0x00000cce) c.slli  s9, 19
core   0: 3 0x80003eea (0x0cce) x25 0x00000000
core   0: 0x80003eec (0x0246c663) blt     a3, tp, pc + 44
core   0: 3 0x80003eec (0x0246c663)
core   0: 0x80003f18 (0x000088d9) c.andi  s1, 22
core   0: 3 0x80003f18 (0x88d9) x 9 0x00000000
core   0: 0x80003f1a (0x000010fd) c.addi  ra, -1
core   0: 3 0x80003f1a (0x10fd) x 1 0x00000000
core   0: 0x80003f1c (0x00008011) c.srli  s0, 4
core   0: 3 0x80003f1c (0x8011) x 8 0x06e6b500
core   0: 0x80003f1e (0x000051fd) c.li    gp, -1
core   0: 3 0x80003f1e (0x51fd) x 3 0xffffffff
core   0: 0x80003f20 (0x023a7663) bgeu    s4, gp, pc + 44
core   0: 3 0x80003f20 (0x023a7663)
core   0: 0x80003f24 (0x0000717d) c.addi16sp sp, -16
core   0: 3 0x80003f24 (0x717d) x 2 0x0000009f
core   0: 0x80003f26 (0x0000100f) fence.i
core   0: 3 0x80003f26 (0x0000100f)
core   0: 0x80003f2a (0x00004ec1) c.li    t4, 16
core   0: 3 0x80003f2a (0x4ec1) x29 0x00000010
core   0: 0x80003f2c (0x01edc763) blt     s11, t5, pc + 14
core   0: 3 0x80003f2c (0x01edc763)
core   0: 0x80003f30 (0x000052fd) c.li    t0, -1
core   0: 3 0x80003f30 (0x52fd) x 5 0xffffffff
core   0: 0x80003f32 (0x000063b5) c.lui   t2, 0xd
core   0: 3 0x80003f32 (0x63b5) x 7 0x0000d000
core   0: 0x80003f34 (0x000084c5) c.srai  s1, 17
core   0: 3 0x80003f34 (0x84c5) x 9 0x00000000
core   0: 0x80003f36 (0x9b0f0413) addi    s0, t5, -1616
core   0: 3 0x80003f36 (0x9b0f0413) x 8 0xb3b8d9b0
core   0: 0x80003f3a (0x00458963) beq     a1, tp, pc + 18
core   0: 3 0x80003f3a (0x00458963)
core   0: 0x80003f3e (0x00008c65) c.and   s0, s1
core   0: 3 0x80003f3e (0x8c65) x 8 0x00000000
core   0: 0x80003f40 (0x018bd593) srli    a1, s7, 24
core   0: 3 0x80003f40 (0x018bd593) x11 0x00000000
core   0: 0x80003f44 (0x0000100f) fence.i
core   0: 3 0x80003f44 (0x0000100f)
core   0: 0x80003f48 (0x4096d093) srai    ra, a3, 9
core   0: 3 0x80003f48 (0x4096d093) x 1 0xfffe04a6
core   0: 0x80003f4c (0x00008669) c.srai  a2, 26
core   0: 3 0x80003f4c (0x8669) x12 0x00000000
core   0: 0x80003f4e (0x00000697) auipc   a3, 0x0
core   0: 3 0x80003f4e (0x00000697) x13 0x80003f4e
core   0: 0x80003f52 (0x00c68693) addi    a3, a3, 12
core   0: 3 0x80003f52 (0x00c68693) x13 0x80003f5a
core   0: 0x80003f56 (0x00068067) jr      a3
core   0: 3 0x80003f56 (0x00068067)
core   0: 0x80003f5a (0x00004185) c.li    gp, 1
core   0: 3 0x80003f5a (0x4185) x 3 0x00000001
core   0: 0x80003f5c (0x00000073) ecall
core   0: exception trap_machine_ecall, epc 0x80003f5c
core   0: >>>>  mtvec_handler
core   0: 0x8000fe30 (0x0400006f) j       pc + 0x40
core   0: 3 0x8000fe30 (0x0400006f)
core   0: 0x8000fe70 (0x00001af1) c.addi  s5, -4
core   0: 3 0x8000fe70 (0x1af1) x21 0x8002ace0
core   0: 0x8000fe72 (0x011aa023) sw      a7, 0(s5)
core   0: 3 0x8000fe72 (0x011aa023) mem 0x8002ace0 0x80026e64
core   0: 0x8000fe76 (0x000a88b3) add     a7, s5, zero
core   0: 3 0x8000fe76 (0x000a88b3) x17 0x8002ace0
core   0: 0x8000fe7a (0xf8088893) addi    a7, a7, -128
core   0: 3 0x8000fe7a (0xf8088893) x17 0x8002ac60
core   0: 0x8000fe7e (0x0018a223) sw      ra, 4(a7)
core   0: 3 0x8000fe7e (0x0018a223) mem 0x8002ac64 0xfffe04a6
core   0: 0x8000fe82 (0x0028a423) sw      sp, 8(a7)
core   0: 3 0x8000fe82 (0x0028a423) mem 0x8002ac68 0x0000009f
core   0: 0x8000fe86 (0x0038a623) sw      gp, 12(a7)
core   0: 3 0x8000fe86 (0x0038a623) mem 0x8002ac6c 0x00000001
core   0: 0x8000fe8a (0x0048a823) sw      tp, 16(a7)
core   0: 3 0x8000fe8a (0x0048a823) mem 0x8002ac70 0x00000000
core   0: 0x8000fe8e (0x0058aa23) sw      t0, 20(a7)
core   0: 3 0x8000fe8e (0x0058aa23) mem 0x8002ac74 0xffffffff
core   0: 0x8000fe92 (0x0068ac23) sw      t1, 24(a7)
core   0: 3 0x8000fe92 (0x0068ac23) mem 0x8002ac78 0xfffffffb
core   0: 0x8000fe96 (0x0078ae23) sw      t2, 28(a7)
core   0: 3 0x8000fe96 (0x0078ae23) mem 0x8002ac7c 0x0000d000
core   0: 0x8000fe9a (0x0288a023) sw      s0, 32(a7)
core   0: 3 0x8000fe9a (0x0288a023) mem 0x8002ac80 0x00000000
core   0: 0x8000fe9e (0x0298a223) sw      s1, 36(a7)
core   0: 3 0x8000fe9e (0x0298a223) mem 0x8002ac84 0x00000000
core   0: 0x8000fea2 (0x02a8a423) sw      a0, 40(a7)
core   0: 3 0x8000fea2 (0x02a8a423) mem 0x8002ac88 0x00000000
core   0: 0x8000fea6 (0x02b8a623) sw      a1, 44(a7)
core   0: 3 0x8000fea6 (0x02b8a623) mem 0x8002ac8c 0x00000000
core   0: 0x8000feaa (0x02c8a823) sw      a2, 48(a7)
core   0: 3 0x8000feaa (0x02c8a823) mem 0x8002ac90 0x00000000
core   0: 0x8000feae (0x02d8aa23) sw      a3, 52(a7)
core   0: 3 0x8000feae (0x02d8aa23) mem 0x8002ac94 0x80003f5a
core   0: 0x8000feb2 (0x02e8ac23) sw      a4, 56(a7)
core   0: 3 0x8000feb2 (0x02e8ac23) mem 0x8002ac98 0x00000000
core   0: 0x8000feb6 (0x02f8ae23) sw      a5, 60(a7)
core   0: 3 0x8000feb6 (0x02f8ae23) mem 0x8002ac9c 0x000001af
core   0: 0x8000feba (0x0508a023) sw      a6, 64(a7)
core   0: 3 0x8000feba (0x0508a023) mem 0x8002aca0 0x0000001f
core   0: 0x8000febe (0x0518a223) sw      a7, 68(a7)
core   0: 3 0x8000febe (0x0518a223) mem 0x8002aca4 0x8002ac60
core   0: 0x8000fec2 (0x0528a423) sw      s2, 72(a7)
core   0: 3 0x8000fec2 (0x0528a423) mem 0x8002aca8 0x324ab000
core   0: 0x8000fec6 (0x0538a623) sw      s3, 76(a7)
core   0: 3 0x8000fec6 (0x0538a623) mem 0x8002acac 0xcdb5510f
core   0: 0x8000feca (0x0548a823) sw      s4, 80(a7)
core   0: 3 0x8000feca (0x0548a823) mem 0x8002acb0 0x0000000f
core   0: 0x8000fece (0x0558aa23) sw      s5, 84(a7)
core   0: 3 0x8000fece (0x0558aa23) mem 0x8002acb4 0x8002ace0
core   0: 0x8000fed2 (0x0568ac23) sw      s6, 88(a7)
core   0: 3 0x8000fed2 (0x0568ac23) mem 0x8002acb8 0x000000f9
core   0: 0x8000fed6 (0x0578ae23) sw      s7, 92(a7)
core   0: 3 0x8000fed6 (0x0578ae23) mem 0x8002acbc 0x000000ff
core   0: 0x8000feda (0x0788a023) sw      s8, 96(a7)
core   0: 3 0x8000feda (0x0788a023) mem 0x8002acc0 0x00000000
core   0: 0x8000fede (0x0798a223) sw      s9, 100(a7)
core   0: 3 0x8000fede (0x0798a223) mem 0x8002acc4 0x00000000
core   0: 0x8000fee2 (0x07a8a423) sw      s10, 104(a7)
core   0: 3 0x8000fee2 (0x07a8a423) mem 0x8002acc8 0x00000000
core   0: 0x8000fee6 (0x07b8a623) sw      s11, 108(a7)
core   0: 3 0x8000fee6 (0x07b8a623) mem 0x8002accc 0xffff043d
core   0: 0x8000feea (0x07c8a823) sw      t3, 112(a7)
core   0: 3 0x8000feea (0x07c8a823) mem 0x8002acd0 0x0000000f
core   0: 0x8000feee (0x07d8aa23) sw      t4, 116(a7)
core   0: 3 0x8000feee (0x07d8aa23) mem 0x8002acd4 0x00000010
core   0: 0x8000fef2 (0x07e8ac23) sw      t5, 120(a7)
core   0: 3 0x8000fef2 (0x07e8ac23) mem 0x8002acd8 0xb3b8e000
core   0: 0x8000fef6 (0x07f8ae23) sw      t6, 124(a7)
core   0: 3 0x8000fef6 (0x07f8ae23) mem 0x8002acdc 0xffffffff
core   0: 0x8000fefa (0x00088ab3) add     s5, a7, zero
core   0: 3 0x8000fefa (0x00088ab3) x21 0x8002ac60
core   0: 0x8000fefe (0x341022f3) csrr    t0, mepc
core   0: 3 0x8000fefe (0x341022f3) x 5 0x80003f5c
core   0: 0x8000ff02 (0x342022f3) csrr    t0, mcause
core   0: 3 0x8000ff02 (0x342022f3) x 5 0x0000000b
core   0: 0x8000ff06 (0x00004a0d) c.li    s4, 3
core   0: 3 0x8000ff06 (0x4a0d) x20 0x00000003
core   0: 0x8000ff08 (0x29428d63) beq     t0, s4, pc + 666
core   0: 3 0x8000ff08 (0x29428d63)
core   0: 0x8000ff0c (0x00004a21) c.li    s4, 8
core   0: 3 0x8000ff0c (0x4a21) x20 0x00000008
core   0: 0x8000ff0e (0x05428563) beq     t0, s4, pc + 74
core   0: 3 0x8000ff0e (0x05428563)
core   0: 0x8000ff12 (0x00004a25) c.li    s4, 9
core   0: 3 0x8000ff12 (0x4a25) x20 0x00000009
core   0: 0x8000ff14 (0x05428263) beq     t0, s4, pc + 68
core   0: 3 0x8000ff14 (0x05428263)
core   0: 0x8000ff18 (0x00004a2d) c.li    s4, 11
core   0: 3 0x8000ff18 (0x4a2d) x20 0x0000000b
core   0: 0x8000ff1a (0x03428f63) beq     t0, s4, pc + 62
core   0: 3 0x8000ff1a (0x03428f63)
core   0: 0x8000ff58 (0xffff0297) auipc   t0, 0xffff0
core   0: 3 0x8000ff58 (0xffff0297) x 5 0x7fffff58
core   0: 0x8000ff5c (0x0a828293) addi    t0, t0, 168
core   0: 3 0x8000ff5c (0x0a828293) x 5 0x80000000
core   0: 0x8000ff60 (0x0002a023) sw      zero, 0(t0)
core   0: 3 0x8000ff60 (0x0002a023) mem 0x80000000 0x00000000
core   0: 0x8000ff64 (0x0012a223) sw      ra, 4(t0)
core   0: 3 0x8000ff64 (0x0012a223) mem 0x80000004 0xfffe04a6
core   0: 0x8000ff68 (0x0022a423) sw      sp, 8(t0)
core   0: 3 0x8000ff68 (0x0022a423) mem 0x80000008 0x0000009f
core   0: 0x8000ff6c (0x0032a623) sw      gp, 12(t0)
core   0: 3 0x8000ff6c (0x0032a623) mem 0x8000000c 0x00000001
core   0: 0x8000ff70 (0x0042a823) sw      tp, 16(t0)
core   0: 3 0x8000ff70 (0x0042a823) mem 0x80000010 0x00000000
core   0: 0x8000ff74 (0x0052aa23) sw      t0, 20(t0)
core   0: 3 0x8000ff74 (0x0052aa23) mem 0x80000014 0x80000000
core   0: 0x8000ff78 (0x0062ac23) sw      t1, 24(t0)
core   0: 3 0x8000ff78 (0x0062ac23) mem 0x80000018 0xfffffffb
core   0: 0x8000ff7c (0x0072ae23) sw      t2, 28(t0)
core   0: 3 0x8000ff7c (0x0072ae23) mem 0x8000001c 0x0000d000
core   0: 0x8000ff80 (0x0282a023) sw      s0, 32(t0)
core   0: 3 0x8000ff80 (0x0282a023) mem 0x80000020 0x00000000
core   0: 0x8000ff84 (0x0292a223) sw      s1, 36(t0)
core   0: 3 0x8000ff84 (0x0292a223) mem 0x80000024 0x00000000
core   0: 0x8000ff88 (0x02a2a423) sw      a0, 40(t0)
core   0: 3 0x8000ff88 (0x02a2a423) mem 0x80000028 0x00000000
core   0: 0x8000ff8c (0x02b2a623) sw      a1, 44(t0)
core   0: 3 0x8000ff8c (0x02b2a623) mem 0x8000002c 0x00000000
core   0: 0x8000ff90 (0x02c2a823) sw      a2, 48(t0)
core   0: 3 0x8000ff90 (0x02c2a823) mem 0x80000030 0x00000000
core   0: 0x8000ff94 (0x02d2aa23) sw      a3, 52(t0)
core   0: 3 0x8000ff94 (0x02d2aa23) mem 0x80000034 0x80003f5a
core   0: 0x8000ff98 (0x02e2ac23) sw      a4, 56(t0)
core   0: 3 0x8000ff98 (0x02e2ac23) mem 0x80000038 0x00000000
core   0: 0x8000ff9c (0x02f2ae23) sw      a5, 60(t0)
core   0: 3 0x8000ff9c (0x02f2ae23) mem 0x8000003c 0x000001af
core   0: 0x8000ffa0 (0x0502a023) sw      a6, 64(t0)
core   0: 3 0x8000ffa0 (0x0502a023) mem 0x80000040 0x0000001f
core   0: 0x8000ffa4 (0x0512a223) sw      a7, 68(t0)
core   0: 3 0x8000ffa4 (0x0512a223) mem 0x80000044 0x8002ac60
core   0: 0x8000ffa8 (0x0522a423) sw      s2, 72(t0)
core   0: 3 0x8000ffa8 (0x0522a423) mem 0x80000048 0x324ab000
core   0: 0x8000ffac (0x0532a623) sw      s3, 76(t0)
core   0: 3 0x8000ffac (0x0532a623) mem 0x8000004c 0xcdb5510f
core   0: 0x8000ffb0 (0x0542a823) sw      s4, 80(t0)
core   0: 3 0x8000ffb0 (0x0542a823) mem 0x80000050 0x0000000b
core   0: 0x8000ffb4 (0x0552aa23) sw      s5, 84(t0)
core   0: 3 0x8000ffb4 (0x0552aa23) mem 0x80000054 0x8002ac60
core   0: 0x8000ffb8 (0x0562ac23) sw      s6, 88(t0)
core   0: 3 0x8000ffb8 (0x0562ac23) mem 0x80000058 0x000000f9
core   0: 0x8000ffbc (0x0572ae23) sw      s7, 92(t0)
core   0: 3 0x8000ffbc (0x0572ae23) mem 0x8000005c 0x000000ff
core   0: 0x8000ffc0 (0x0782a023) sw      s8, 96(t0)
core   0: 3 0x8000ffc0 (0x0782a023) mem 0x80000060 0x00000000
core   0: 0x8000ffc4 (0x0792a223) sw      s9, 100(t0)
core   0: 3 0x8000ffc4 (0x0792a223) mem 0x80000064 0x00000000
core   0: 0x8000ffc8 (0x07a2a423) sw      s10, 104(t0)
core   0: 3 0x8000ffc8 (0x07a2a423) mem 0x80000068 0x00000000
core   0: 0x8000ffcc (0x07b2a623) sw      s11, 108(t0)
core   0: 3 0x8000ffcc (0x07b2a623) mem 0x8000006c 0xffff043d
core   0: 0x8000ffd0 (0x07c2a823) sw      t3, 112(t0)
core   0: 3 0x8000ffd0 (0x07c2a823) mem 0x80000070 0x0000000f
core   0: 0x8000ffd4 (0x07d2aa23) sw      t4, 116(t0)
core   0: 3 0x8000ffd4 (0x07d2aa23) mem 0x80000074 0x00000010
core   0: 0x8000ffd8 (0x07e2ac23) sw      t5, 120(t0)
core   0: 3 0x8000ffd8 (0x07e2ac23) mem 0x80000078 0xb3b8e000
core   0: 0x8000ffdc (0x07f2ae23) sw      t6, 124(t0)
core   0: 3 0x8000ffdc (0x07f2ae23) mem 0x8000007c 0xffffffff
core   0: 0x8000ffe0 (0xfffff697) auipc   a3, 0xfffff
core   0: 3 0x8000ffe0 (0xfffff697) x13 0x8000efe0
core   0: 0x8000ffe4 (0x45068693) addi    a3, a3, 1104
core   0: 3 0x8000ffe4 (0x45068693) x13 0x8000f430
core   0: 0x8000ffe8 (0x00068067) jr      a3
core   0: 3 0x8000ffe8 (0x00068067)
core   0: 0x8000f430 (0x00002f17) auipc   t5, 0x2
core   0: 3 0x8000f430 (0x00002f17) x30 0x80011430
core   0: 0x8000f434 (0xbc3f2823) sw      gp, -1072(t5)
core   0: 3 0x8000f434 (0xbc3f2823) mem 0x80011000 0x00000001
core   0: 0x8000f438 (0x0000bfe5) c.j     pc - 8
core   0: 3 0x8000f438 (0xbfe5)
core   0: 0x8000f430 (0x00002f17) auipc   t5, 0x2
core   0: 3 0x8000f430 (0x00002f17) x30 0x80011430
core   0: 0x8000f434 (0xbc3f2823) sw      gp, -1072(t5)
core   0: 3 0x8000f434 (0xbc3f2823) mem 0x80011000 0x00000001
core   0: 0x8000f438 (0x0000bfe5) c.j     pc - 8
core   0: 3 0x8000f438 (0xbfe5)
core   0: 0x8000f430 (0x00002f17) auipc   t5, 0x2
core   0: 3 0x8000f430 (0x00002f17) x30 0x80011430
core   0: 0x8000f434 (0xbc3f2823) sw      gp, -1072(t5)
core   0: 3 0x8000f434 (0xbc3f2823) mem 0x80011000 0x00000001
core   0: 0x8000f438 (0x0000bfe5) c.j     pc - 8
core   0: 3 0x8000f438 (0xbfe5)
core   0: 0x8000f430 (0x00002f17) auipc   t5, 0x2
core   0: 3 0x8000f430 (0x00002f17) x30 0x80011430
core   0: 0x8000f434 (0xbc3f2823) sw      gp, -1072(t5)
core   0: 3 0x8000f434 (0xbc3f2823) mem 0x80011000 0x00000001
core   0: 0x8000f438 (0x0000bfe5) c.j     pc - 8
core   0: 3 0x8000f438 (0xbfe5)
core   0: 0x8000f430 (0x00002f17) auipc   t5, 0x2
core   0: 3 0x8000f430 (0x00002f17) x30 0x80011430
core   0: 0x8000f434 (0xbc3f2823) sw      gp, -1072(t5)
core   0: 3 0x8000f434 (0xbc3f2823) mem 0x80011000 0x00000001
core   0: 0x8000f438 (0x0000bfe5) c.j     pc - 8
core   0: 3 0x8000f438 (0xbfe5)
core   0: 0x8000f430 (0x00002f17) auipc   t5, 0x2
core   0: 3 0x8000f430 (0x00002f17) x30 0x80011430
core   0: 0x8000f434 (0xbc3f2823) sw      gp, -1072(t5)
core   0: 3 0x8000f434 (0xbc3f2823) mem 0x80011000 0x00000001
core   0: 0x8000f438 (0x0000bfe5) c.j     pc - 8
core   0: 3 0x8000f438 (0xbfe5)
core   0: 0x8000f430 (0x00002f17) auipc   t5, 0x2
core   0: 3 0x8000f430 (0x00002f17) x30 0x80011430
core   0: 0x8000f434 (0xbc3f2823) sw      gp, -1072(t5)
core   0: 3 0x8000f434 (0xbc3f2823) mem 0x80011000 0x00000001
core   0: 0x8000f438 (0x0000bfe5) c.j     pc - 8
core   0: 3 0x8000f438 (0xbfe5)
core   0: 0x8000f430 (0x00002f17) auipc   t5, 0x2
core   0: 3 0x8000f430 (0x00002f17) x30 0x80011430
core   0: 0x8000f434 (0xbc3f2823) sw      gp, -1072(t5)
core   0: 3 0x8000f434 (0xbc3f2823) mem 0x80011000 0x00000001
core   0: 0x8000f438 (0x0000bfe5) c.j     pc - 8
core   0: 3 0x8000f438 (0xbfe5)
core   0: 0x8000f430 (0x00002f17) auipc   t5, 0x2
core   0: 3 0x8000f430 (0x00002f17) x30 0x80011430
core   0: 0x8000f434 (0xbc3f2823) sw      gp, -1072(t5)
core   0: 3 0x8000f434 (0xbc3f2823) mem 0x80011000 0x00000001
core   0: 0x8000f438 (0x0000bfe5) c.j     pc - 8
core   0: 3 0x8000f438 (0xbfe5)
core   0: 0x8000f430 (0x00002f17) auipc   t5, 0x2
core   0: 3 0x8000f430 (0x00002f17) x30 0x80011430
core   0: 0x8000f434 (0xbc3f2823) sw      gp, -1072(t5)
core   0: 3 0x8000f434 (0xbc3f2823) mem 0x80011000 0x00000001
core   0: 0x8000f438 (0x0000bfe5) c.j     pc - 8
core   0: 3 0x8000f438 (0xbfe5)
core   0: 0x8000f430 (0x00002f17) auipc   t5, 0x2
core   0: 3 0x8000f430 (0x00002f17) x30 0x80011430
core   0: 0x8000f434 (0xbc3f2823) sw      gp, -1072(t5)
core   0: 3 0x8000f434 (0xbc3f2823) mem 0x80011000 0x00000001
core   0: 0x8000f438 (0x0000bfe5) c.j     pc - 8
core   0: 3 0x8000f438 (0xbfe5)
core   0: 0x8000f430 (0x00002f17) auipc   t5, 0x2
core   0: 3 0x8000f430 (0x00002f17) x30 0x80011430
core   0: 0x8000f434 (0xbc3f2823) sw      gp, -1072(t5)
core   0: 3 0x8000f434 (0xbc3f2823) mem 0x80011000 0x00000001
core   0: 0x8000f438 (0x0000bfe5) c.j     pc - 8
core   0: 3 0x8000f438 (0xbfe5)
core   0: 0x8000f430 (0x00002f17) auipc   t5, 0x2
core   0: 3 0x8000f430 (0x00002f17) x30 0x80011430
core   0: 0x8000f434 (0xbc3f2823) sw      gp, -1072(t5)
core   0: 3 0x8000f434 (0xbc3f2823) mem 0x80011000 0x00000001
core   0: 0x8000f438 (0x0000bfe5) c.j     pc - 8
core   0: 3 0x8000f438 (0xbfe5)
core   0: 0x8000f430 (0x00002f17) auipc   t5, 0x2
core   0: 3 0x8000f430 (0x00002f17) x30 0x80011430
core   0: 0x8000f434 (0xbc3f2823) sw      gp, -1072(t5)
core   0: 3 0x8000f434 (0xbc3f2823) mem 0x80011000 0x00000001
core   0: 0x8000f438 (0x0000bfe5) c.j     pc - 8
core   0: 3 0x8000f438 (0xbfe5)
core   0: 0x8000f430 (0x00002f17) auipc   t5, 0x2
core   0: 3 0x8000f430 (0x00002f17) x30 0x80011430
core   0: 0x8000f434 (0xbc3f2823) sw      gp, -1072(t5)
core   0: 3 0x8000f434 (0xbc3f2823) mem 0x80011000 0x00000001
core   0: 0x8000f438 (0x0000bfe5) c.j     pc - 8
core   0: 3 0x8000f438 (0xbfe5)
core   0: 0x8000f430 (0x00002f17) auipc   t5, 0x2
core   0: 3 0x8000f430 (0x00002f17) x30 0x80011430
core   0: 0x8000f434 (0xbc3f2823) sw      gp, -1072(t5)
core   0: 3 0x8000f434 (0xbc3f2823) mem 0x80011000 0x00000001
core   0: 0x8000f438 (0x0000bfe5) c.j     pc - 8
core   0: 3 0x8000f438 (0xbfe5)
core   0: 0x8000f430 (0x00002f17) auipc   t5, 0x2
core   0: 3 0x8000f430 (0x00002f17) x30 0x80011430
core   0: 0x8000f434 (0xbc3f2823) sw      gp, -1072(t5)
core   0: 3 0x8000f434 (0xbc3f2823) mem 0x80011000 0x00000001
core   0: 0x8000f438 (0x0000bfe5) c.j     pc - 8
core   0: 3 0x8000f438 (0xbfe5)
core   0: 0x8000f430 (0x00002f17) auipc   t5, 0x2
core   0: 3 0x8000f430 (0x00002f17) x30 0x80011430
core   0: 0x8000f434 (0xbc3f2823) sw      gp, -1072(t5)
core   0: 3 0x8000f434 (0xbc3f2823) mem 0x80011000 0x00000001
core   0: 0x8000f438 (0x0000bfe5) c.j     pc - 8
core   0: 3 0x8000f438 (0xbfe5)
core   0: 0x8000f430 (0x00002f17) auipc   t5, 0x2
core   0: 3 0x8000f430 (0x00002f17) x30 0x80011430
core   0: 0x8000f434 (0xbc3f2823) sw      gp, -1072(t5)
core   0: 3 0x8000f434 (0xbc3f2823) mem 0x80011000 0x00000001
core   0: 0x8000f438 (0x0000bfe5) c.j     pc - 8
core   0: 3 0x8000f438 (0xbfe5)
core   0: 0x8000f430 (0x00002f17) auipc   t5, 0x2
core   0: 3 0x8000f430 (0x00002f17) x30 0x80011430
core   0: 0x8000f434 (0xbc3f2823) sw      gp, -1072(t5)
core   0: 3 0x8000f434 (0xbc3f2823) mem 0x80011000 0x00000001
core   0: 0x8000f438 (0x0000bfe5) c.j     pc - 8
core   0: 3 0x8000f438 (0xbfe5)
core   0: 0x8000f430 (0x00002f17) auipc   t5, 0x2
core   0: 3 0x8000f430 (0x00002f17) x30 0x80011430
core   0: 0x8000f434 (0xbc3f2823) sw      gp, -1072(t5)
core   0: 3 0x8000f434 (0xbc3f2823) mem 0x80011000 0x00000001
core   0: 0x8000f438 (0x0000bfe5) c.j     pc - 8
core   0: 3 0x8000f438 (0xbfe5)
core   0: 0x8000f430 (0x00002f17) auipc   t5, 0x2
core   0: 3 0x8000f430 (0x00002f17) x30 0x80011430
core   0: 0x8000f434 (0xbc3f2823) sw      gp, -1072(t5)
core   0: 3 0x8000f434 (0xbc3f2823) mem 0x80011000 0x00000001
core   0: 0x8000f438 (0x0000bfe5) c.j     pc - 8
core   0: 3 0x8000f438 (0xbfe5)
core   0: 0x8000f430 (0x00002f17) auipc   t5, 0x2
core   0: 3 0x8000f430 (0x00002f17) x30 0x80011430
core   0: 0x8000f434 (0xbc3f2823) sw      gp, -1072(t5)
core   0: 3 0x8000f434 (0xbc3f2823) mem 0x80011000 0x00000001
core   0: 0x8000f438 (0x0000bfe5) c.j     pc - 8
core   0: 3 0x8000f438 (0xbfe5)
core   0: 0x8000f430 (0x00002f17) auipc   t5, 0x2
core   0: 3 0x8000f430 (0x00002f17) x30 0x80011430
core   0: 0x8000f434 (0xbc3f2823) sw      gp, -1072(t5)
core   0: 3 0x8000f434 (0xbc3f2823) mem 0x80011000 0x00000001
core   0: 0x8000f438 (0x0000bfe5) c.j     pc - 8
core   0: 3 0x8000f438 (0xbfe5)
core   0: 0x8000f430 (0x00002f17) auipc   t5, 0x2
core   0: 3 0x8000f430 (0x00002f17) x30 0x80011430
core   0: 0x8000f434 (0xbc3f2823) sw      gp, -1072(t5)
core   0: 3 0x8000f434 (0xbc3f2823) mem 0x80011000 0x00000001
core   0: 0x8000f438 (0x0000bfe5) c.j     pc - 8
core   0: 3 0x8000f438 (0xbfe5)
core   0: 0x8000f430 (0x00002f17) auipc   t5, 0x2
core   0: 3 0x8000f430 (0x00002f17) x30 0x80011430
core   0: 0x8000f434 (0xbc3f2823) sw      gp, -1072(t5)
core   0: 3 0x8000f434 (0xbc3f2823) mem 0x80011000 0x00000001
core   0: 0x8000f438 (0x0000bfe5) c.j     pc - 8
core   0: 3 0x8000f438 (0xbfe5)
core   0: 0x8000f430 (0x00002f17) auipc   t5, 0x2
core   0: 3 0x8000f430 (0x00002f17) x30 0x80011430
core   0: 0x8000f434 (0xbc3f2823) sw      gp, -1072(t5)
core   0: 3 0x8000f434 (0xbc3f2823) mem 0x80011000 0x00000001
core   0: 0x8000f438 (0x0000bfe5) c.j     pc - 8
core   0: 3 0x8000f438 (0xbfe5)
core   0: 0x8000f430 (0x00002f17) auipc   t5, 0x2
core   0: 3 0x8000f430 (0x00002f17) x30 0x80011430
core   0: 0x8000f434 (0xbc3f2823) sw      gp, -1072(t5)
core   0: 3 0x8000f434 (0xbc3f2823) mem 0x80011000 0x00000001
core   0: 0x8000f438 (0x0000bfe5) c.j     pc - 8
core   0: 3 0x8000f438 (0xbfe5)
core   0: 0x8000f430 (0x00002f17) auipc   t5, 0x2
core   0: 3 0x8000f430 (0x00002f17) x30 0x80011430
core   0: 0x8000f434 (0xbc3f2823) sw      gp, -1072(t5)
core   0: 3 0x8000f434 (0xbc3f2823) mem 0x80011000 0x00000001
core   0: 0x8000f438 (0x0000bfe5) c.j     pc - 8
core   0: 3 0x8000f438 (0xbfe5)
core   0: 0x8000f430 (0x00002f17) auipc   t5, 0x2
core   0: 3 0x8000f430 (0x00002f17) x30 0x80011430
core   0: 0x8000f434 (0xbc3f2823) sw      gp, -1072(t5)
core   0: 3 0x8000f434 (0xbc3f2823) mem 0x80011000 0x00000001
core   0: 0x8000f438 (0x0000bfe5) c.j     pc - 8
core   0: 3 0x8000f438 (0xbfe5)
core   0: 0x8000f430 (0x00002f17) auipc   t5, 0x2
core   0: 3 0x8000f430 (0x00002f17) x30 0x80011430
core   0: 0x8000f434 (0xbc3f2823) sw      gp, -1072(t5)
core   0: 3 0x8000f434 (0xbc3f2823) mem 0x80011000 0x00000001
core   0: 0x8000f438 (0x0000bfe5) c.j     pc - 8
core   0: 3 0x8000f438 (0xbfe5)
core   0: 0x8000f430 (0x00002f17) auipc   t5, 0x2
core   0: 3 0x8000f430 (0x00002f17) x30 0x80011430
core   0: 0x8000f434 (0xbc3f2823) sw      gp, -1072(t5)
core   0: 3 0x8000f434 (0xbc3f2823) mem 0x80011000 0x00000001
core   0: 0x8000f438 (0x0000bfe5) c.j     pc - 8
core   0: 3 0x8000f438 (0xbfe5)
core   0: 0x8000f430 (0x00002f17) auipc   t5, 0x2
core   0: 3 0x8000f430 (0x00002f17) x30 0x80011430
core   0: 0x8000f434 (0xbc3f2823) sw      gp, -1072(t5)
core   0: 3 0x8000f434 (0xbc3f2823) mem 0x80011000 0x00000001
core   0: 0x8000f438 (0x0000bfe5) c.j     pc - 8
core   0: 3 0x8000f438 (0xbfe5)
core   0: 0x8000f430 (0x00002f17) auipc   t5, 0x2
core   0: 3 0x8000f430 (0x00002f17) x30 0x80011430
core   0: 0x8000f434 (0xbc3f2823) sw      gp, -1072(t5)
core   0: 3 0x8000f434 (0xbc3f2823) mem 0x80011000 0x00000001
core   0: 0x8000f438 (0x0000bfe5) c.j     pc - 8
core   0: 3 0x8000f438 (0xbfe5)
core   0: 0x8000f430 (0x00002f17) auipc   t5, 0x2
core   0: 3 0x8000f430 (0x00002f17) x30 0x80011430
core   0: 0x8000f434 (0xbc3f2823) sw      gp, -1072(t5)
core   0: 3 0x8000f434 (0xbc3f2823) mem 0x80011000 0x00000001
core   0: 0x8000f438 (0x0000bfe5) c.j     pc - 8
core   0: 3 0x8000f438 (0xbfe5)
core   0: 0x8000f430 (0x00002f17) auipc   t5, 0x2
core   0: 3 0x8000f430 (0x00002f17) x30 0x80011430
core   0: 0x8000f434 (0xbc3f2823) sw      gp, -1072(t5)
core   0: 3 0x8000f434 (0xbc3f2823) mem 0x80011000 0x00000001
core   0: 0x8000f438 (0x0000bfe5) c.j     pc - 8
core   0: 3 0x8000f438 (0xbfe5)
core   0: 0x8000f430 (0x00002f17) auipc   t5, 0x2
core   0: 3 0x8000f430 (0x00002f17) x30 0x80011430
core   0: 0x8000f434 (0xbc3f2823) sw      gp, -1072(t5)
core   0: 3 0x8000f434 (0xbc3f2823) mem 0x80011000 0x00000001
core   0: 0x8000f438 (0x0000bfe5) c.j     pc - 8
core   0: 3 0x8000f438 (0xbfe5)
core   0: 0x8000f430 (0x00002f17) auipc   t5, 0x2
core   0: 3 0x8000f430 (0x00002f17) x30 0x80011430
core   0: 0x8000f434 (0xbc3f2823) sw      gp, -1072(t5)
core   0: 3 0x8000f434 (0xbc3f2823) mem 0x80011000 0x00000001
core   0: 0x8000f438 (0x0000bfe5) c.j     pc - 8
core   0: 3 0x8000f438 (0xbfe5)
core   0: 0x8000f430 (0x00002f17) auipc   t5, 0x2
core   0: 3 0x8000f430 (0x00002f17) x30 0x80011430
core   0: 0x8000f434 (0xbc3f2823) sw      gp, -1072(t5)
core   0: 3 0x8000f434 (0xbc3f2823) mem 0x80011000 0x00000001
core   0: 0x8000f438 (0x0000bfe5) c.j     pc - 8
core   0: 3 0x8000f438 (0xbfe5)
core   0: 0x8000f430 (0x00002f17) auipc   t5, 0x2
core   0: 3 0x8000f430 (0x00002f17) x30 0x80011430
core   0: 0x8000f434 (0xbc3f2823) sw      gp, -1072(t5)
core   0: 3 0x8000f434 (0xbc3f2823) mem 0x80011000 0x00000001
core   0: 0x8000f438 (0x0000bfe5) c.j     pc - 8
core   0: 3 0x8000f438 (0xbfe5)
core   0: 0x8000f430 (0x00002f17) auipc   t5, 0x2
core   0: 3 0x8000f430 (0x00002f17) x30 0x80011430
core   0: 0x8000f434 (0xbc3f2823) sw      gp, -1072(t5)
core   0: 3 0x8000f434 (0xbc3f2823) mem 0x80011000 0x00000001
core   0: 0x8000f438 (0x0000bfe5) c.j     pc - 8
core   0: 3 0x8000f438 (0xbfe5)
core   0: 0x8000f430 (0x00002f17) auipc   t5, 0x2
core   0: 3 0x8000f430 (0x00002f17) x30 0x80011430
core   0: 0x8000f434 (0xbc3f2823) sw      gp, -1072(t5)
core   0: 3 0x8000f434 (0xbc3f2823) mem 0x80011000 0x00000001
core   0: 0x8000f438 (0x0000bfe5) c.j     pc - 8
core   0: 3 0x8000f438 (0xbfe5)
core   0: 0x8000f430 (0x00002f17) auipc   t5, 0x2
core   0: 3 0x8000f430 (0x00002f17) x30 0x80011430
core   0: 0x8000f434 (0xbc3f2823) sw      gp, -1072(t5)
core   0: 3 0x8000f434 (0xbc3f2823) mem 0x80011000 0x00000001
core   0: 0x8000f438 (0x0000bfe5) c.j     pc - 8
core   0: 3 0x8000f438 (0xbfe5)
core   0: 0x8000f430 (0x00002f17) auipc   t5, 0x2
core   0: 3 0x8000f430 (0x00002f17) x30 0x80011430
core   0: 0x8000f434 (0xbc3f2823) sw      gp, -1072(t5)
core   0: 3 0x8000f434 (0xbc3f2823) mem 0x80011000 0x00000001
core   0: 0x8000f438 (0x0000bfe5) c.j     pc - 8
core   0: 3 0x8000f438 (0xbfe5)
core   0: 0x8000f430 (0x00002f17) auipc   t5, 0x2
core   0: 3 0x8000f430 (0x00002f17) x30 0x80011430
core   0: 0x8000f434 (0xbc3f2823) sw      gp, -1072(t5)
core   0: 3 0x8000f434 (0xbc3f2823) mem 0x80011000 0x00000001
core   0: 0x8000f438 (0x0000bfe5) c.j     pc - 8
core   0: 3 0x8000f438 (0xbfe5)
core   0: 0x8000f430 (0x00002f17) auipc   t5, 0x2
core   0: 3 0x8000f430 (0x00002f17) x30 0x80011430
core   0: 0x8000f434 (0xbc3f2823) sw      gp, -1072(t5)
core   0: 3 0x8000f434 (0xbc3f2823) mem 0x80011000 0x00000001
core   0: 0x8000f438 (0x0000bfe5) c.j     pc - 8
core   0: 3 0x8000f438 (0xbfe5)
core   0: 0x8000f430 (0x00002f17) auipc   t5, 0x2
core   0: 3 0x8000f430 (0x00002f17) x30 0x80011430
core   0: 0x8000f434 (0xbc3f2823) sw      gp, -1072(t5)
core   0: 3 0x8000f434 (0xbc3f2823) mem 0x80011000 0x00000001
core   0: 0x8000f438 (0x0000bfe5) c.j     pc - 8
core   0: 3 0x8000f438 (0xbfe5)
core   0: 0x8000f430 (0x00002f17) auipc   t5, 0x2
core   0: 3 0x8000f430 (0x00002f17) x30 0x80011430
core   0: 0x8000f434 (0xbc3f2823) sw      gp, -1072(t5)
core   0: 3 0x8000f434 (0xbc3f2823) mem 0x80011000 0x00000001
core   0: 0x8000f438 (0x0000bfe5) c.j     pc - 8
core   0: 3 0x8000f438 (0xbfe5)
core   0: 0x8000f430 (0x00002f17) auipc   t5, 0x2
core   0: 3 0x8000f430 (0x00002f17) x30 0x80011430
core   0: 0x8000f434 (0xbc3f2823) sw      gp, -1072(t5)
core   0: 3 0x8000f434 (0xbc3f2823) mem 0x80011000 0x00000001
core   0: 0x8000f438 (0x0000bfe5) c.j     pc - 8
core   0: 3 0x8000f438 (0xbfe5)
core   0: 0x8000f430 (0x00002f17) auipc   t5, 0x2
core   0: 3 0x8000f430 (0x00002f17) x30 0x80011430
core   0: 0x8000f434 (0xbc3f2823) sw      gp, -1072(t5)
core   0: 3 0x8000f434 (0xbc3f2823) mem 0x80011000 0x00000001
core   0: 0x8000f438 (0x0000bfe5) c.j     pc - 8
core   0: 3 0x8000f438 (0xbfe5)
core   0: 0x8000f430 (0x00002f17) auipc   t5, 0x2
core   0: 3 0x8000f430 (0x00002f17) x30 0x80011430
core   0: 0x8000f434 (0xbc3f2823) sw      gp, -1072(t5)
core   0: 3 0x8000f434 (0xbc3f2823) mem 0x80011000 0x00000001
core   0: 0x8000f438 (0x0000bfe5) c.j     pc - 8
core   0: 3 0x8000f438 (0xbfe5)
core   0: 0x8000f430 (0x00002f17) auipc   t5, 0x2
core   0: 3 0x8000f430 (0x00002f17) x30 0x80011430
core   0: 0x8000f434 (0xbc3f2823) sw      gp, -1072(t5)
core   0: 3 0x8000f434 (0xbc3f2823) mem 0x80011000 0x00000001
core   0: 0x8000f438 (0x0000bfe5) c.j     pc - 8
core   0: 3 0x8000f438 (0xbfe5)
core   0: 0x8000f430 (0x00002f17) auipc   t5, 0x2
core   0: 3 0x8000f430 (0x00002f17) x30 0x80011430
core   0: 0x8000f434 (0xbc3f2823) sw      gp, -1072(t5)
core   0: 3 0x8000f434 (0xbc3f2823) mem 0x80011000 0x00000001
core   0: 0x8000f438 (0x0000bfe5) c.j     pc - 8
core   0: 3 0x8000f438 (0xbfe5)
core   0: 0x8000f430 (0x00002f17) auipc   t5, 0x2
core   0: 3 0x8000f430 (0x00002f17) x30 0x80011430
core   0: 0x8000f434 (0xbc3f2823) sw      gp, -1072(t5)
core   0: 3 0x8000f434 (0xbc3f2823) mem 0x80011000 0x00000001
core   0: 0x8000f438 (0x0000bfe5) c.j     pc - 8
core   0: 3 0x8000f438 (0xbfe5)
core   0: 0x8000f430 (0x00002f17) auipc   t5, 0x2
core   0: 3 0x8000f430 (0x00002f17) x30 0x80011430
core   0: 0x8000f434 (0xbc3f2823) sw      gp, -1072(t5)
core   0: 3 0x8000f434 (0xbc3f2823) mem 0x80011000 0x00000001
core   0: 0x8000f438 (0x0000bfe5) c.j     pc - 8
core   0: 3 0x8000f438 (0xbfe5)
core   0: 0x8000f430 (0x00002f17) auipc   t5, 0x2
core   0: 3 0x8000f430 (0x00002f17) x30 0x80011430
core   0: 0x8000f434 (0xbc3f2823) sw      gp, -1072(t5)
core   0: 3 0x8000f434 (0xbc3f2823) mem 0x80011000 0x00000001
core   0: 0x8000f438 (0x0000bfe5) c.j     pc - 8
core   0: 3 0x8000f438 (0xbfe5)
core   0: 0x8000f430 (0x00002f17) auipc   t5, 0x2
core   0: 3 0x8000f430 (0x00002f17) x30 0x80011430
core   0: 0x8000f434 (0xbc3f2823) sw      gp, -1072(t5)
core   0: 3 0x8000f434 (0xbc3f2823) mem 0x80011000 0x00000001
core   0: 0x8000f438 (0x0000bfe5) c.j     pc - 8
core   0: 3 0x8000f438 (0xbfe5)
core   0: 0x8000f430 (0x00002f17) auipc   t5, 0x2
core   0: 3 0x8000f430 (0x00002f17) x30 0x80011430
core   0: 0x8000f434 (0xbc3f2823) sw      gp, -1072(t5)
core   0: 3 0x8000f434 (0xbc3f2823) mem 0x80011000 0x00000001
core   0: 0x8000f438 (0x0000bfe5) c.j     pc - 8
core   0: 3 0x8000f438 (0xbfe5)
core   0: 0x8000f430 (0x00002f17) auipc   t5, 0x2
core   0: 3 0x8000f430 (0x00002f17) x30 0x80011430
core   0: 0x8000f434 (0xbc3f2823) sw      gp, -1072(t5)
core   0: 3 0x8000f434 (0xbc3f2823) mem 0x80011000 0x00000001
core   0: 0x8000f438 (0x0000bfe5) c.j     pc - 8
core   0: 3 0x8000f438 (0xbfe5)
core   0: 0x8000f430 (0x00002f17) auipc   t5, 0x2
core   0: 3 0x8000f430 (0x00002f17) x30 0x80011430
core   0: 0x8000f434 (0xbc3f2823) sw      gp, -1072(t5)
core   0: 3 0x8000f434 (0xbc3f2823) mem 0x80011000 0x00000001
core   0: 0x8000f438 (0x0000bfe5) c.j     pc - 8
core   0: 3 0x8000f438 (0xbfe5)
core   0: 0x8000f430 (0x00002f17) auipc   t5, 0x2
core   0: 3 0x8000f430 (0x00002f17) x30 0x80011430
core   0: 0x8000f434 (0xbc3f2823) sw      gp, -1072(t5)
core   0: 3 0x8000f434 (0xbc3f2823) mem 0x80011000 0x00000001
core   0: 0x8000f438 (0x0000bfe5) c.j     pc - 8
core   0: 3 0x8000f438 (0xbfe5)
core   0: 0x8000f430 (0x00002f17) auipc   t5, 0x2
core   0: 3 0x8000f430 (0x00002f17) x30 0x80011430
core   0: 0x8000f434 (0xbc3f2823) sw      gp, -1072(t5)
core   0: 3 0x8000f434 (0xbc3f2823) mem 0x80011000 0x00000001
core   0: 0x8000f438 (0x0000bfe5) c.j     pc - 8
core   0: 3 0x8000f438 (0xbfe5)
core   0: 0x8000f430 (0x00002f17) auipc   t5, 0x2
core   0: 3 0x8000f430 (0x00002f17) x30 0x80011430
core   0: 0x8000f434 (0xbc3f2823) sw      gp, -1072(t5)
core   0: 3 0x8000f434 (0xbc3f2823) mem 0x80011000 0x00000001
core   0: 0x8000f438 (0x0000bfe5) c.j     pc - 8
core   0: 3 0x8000f438 (0xbfe5)
core   0: 0x8000f430 (0x00002f17) auipc   t5, 0x2
core   0: 3 0x8000f430 (0x00002f17) x30 0x80011430
core   0: 0x8000f434 (0xbc3f2823) sw      gp, -1072(t5)
core   0: 3 0x8000f434 (0xbc3f2823) mem 0x80011000 0x00000001
core   0: 0x8000f438 (0x0000bfe5) c.j     pc - 8
core   0: 3 0x8000f438 (0xbfe5)
core   0: 0x8000f430 (0x00002f17) auipc   t5, 0x2
core   0: 3 0x8000f430 (0x00002f17) x30 0x80011430
core   0: 0x8000f434 (0xbc3f2823) sw      gp, -1072(t5)
core   0: 3 0x8000f434 (0xbc3f2823) mem 0x80011000 0x00000001
core   0: 0x8000f438 (0x0000bfe5) c.j     pc - 8
core   0: 3 0x8000f438 (0xbfe5)
core   0: 0x8000f430 (0x00002f17) auipc   t5, 0x2
core   0: 3 0x8000f430 (0x00002f17) x30 0x80011430
core   0: 0x8000f434 (0xbc3f2823) sw      gp, -1072(t5)
core   0: 3 0x8000f434 (0xbc3f2823) mem 0x80011000 0x00000001
core   0: 0x8000f438 (0x0000bfe5) c.j     pc - 8
core   0: 3 0x8000f438 (0xbfe5)
core   0: 0x8000f430 (0x00002f17) auipc   t5, 0x2
core   0: 3 0x8000f430 (0x00002f17) x30 0x80011430
core   0: 0x8000f434 (0xbc3f2823) sw      gp, -1072(t5)
core   0: 3 0x8000f434 (0xbc3f2823) mem 0x80011000 0x00000001
core   0: 0x8000f438 (0x0000bfe5) c.j     pc - 8
core   0: 3 0x8000f438 (0xbfe5)
core   0: 0x8000f430 (0x00002f17) auipc   t5, 0x2
core   0: 3 0x8000f430 (0x00002f17) x30 0x80011430
core   0: 0x8000f434 (0xbc3f2823) sw      gp, -1072(t5)
core   0: 3 0x8000f434 (0xbc3f2823) mem 0x80011000 0x00000001
core   0: 0x8000f438 (0x0000bfe5) c.j     pc - 8
core   0: 3 0x8000f438 (0xbfe5)
core   0: 0x8000f430 (0x00002f17) auipc   t5, 0x2
core   0: 3 0x8000f430 (0x00002f17) x30 0x80011430
core   0: 0x8000f434 (0xbc3f2823) sw      gp, -1072(t5)
core   0: 3 0x8000f434 (0xbc3f2823) mem 0x80011000 0x00000001
core   0: 0x8000f438 (0x0000bfe5) c.j     pc - 8
core   0: 3 0x8000f438 (0xbfe5)
core   0: 0x8000f430 (0x00002f17) auipc   t5, 0x2
core   0: 3 0x8000f430 (0x00002f17) x30 0x80011430
core   0: 0x8000f434 (0xbc3f2823) sw      gp, -1072(t5)
core   0: 3 0x8000f434 (0xbc3f2823) mem 0x80011000 0x00000001
core   0: 0x8000f438 (0x0000bfe5) c.j     pc - 8
core   0: 3 0x8000f438 (0xbfe5)
core   0: 0x8000f430 (0x00002f17) auipc   t5, 0x2
core   0: 3 0x8000f430 (0x00002f17) x30 0x80011430
core   0: 0x8000f434 (0xbc3f2823) sw      gp, -1072(t5)
core   0: 3 0x8000f434 (0xbc3f2823) mem 0x80011000 0x00000001
core   0: 0x8000f438 (0x0000bfe5) c.j     pc - 8
core   0: 3 0x8000f438 (0xbfe5)
core   0: 0x8000f430 (0x00002f17) auipc   t5, 0x2
core   0: 3 0x8000f430 (0x00002f17) x30 0x80011430
core   0: 0x8000f434 (0xbc3f2823) sw      gp, -1072(t5)
core   0: 3 0x8000f434 (0xbc3f2823) mem 0x80011000 0x00000001
core   0: 0x8000f438 (0x0000bfe5) c.j     pc - 8
core   0: 3 0x8000f438 (0xbfe5)
core   0: 0x8000f430 (0x00002f17) auipc   t5, 0x2
core   0: 3 0x8000f430 (0x00002f17) x30 0x80011430
core   0: 0x8000f434 (0xbc3f2823) sw      gp, -1072(t5)
core   0: 3 0x8000f434 (0xbc3f2823) mem 0x80011000 0x00000001
core   0: 0x8000f438 (0x0000bfe5) c.j     pc - 8
core   0: 3 0x8000f438 (0xbfe5)
core   0: 0x8000f430 (0x00002f17) auipc   t5, 0x2
core   0: 3 0x8000f430 (0x00002f17) x30 0x80011430
core   0: 0x8000f434 (0xbc3f2823) sw      gp, -1072(t5)
core   0: 3 0x8000f434 (0xbc3f2823) mem 0x80011000 0x00000001
core   0: 0x8000f438 (0x0000bfe5) c.j     pc - 8
core   0: 3 0x8000f438 (0xbfe5)
core   0: 0x8000f430 (0x00002f17) auipc   t5, 0x2
core   0: 3 0x8000f430 (0x00002f17) x30 0x80011430
core   0: 0x8000f434 (0xbc3f2823) sw      gp, -1072(t5)
core   0: 3 0x8000f434 (0xbc3f2823) mem 0x80011000 0x00000001
core   0: 0x8000f438 (0x0000bfe5) c.j     pc - 8
core   0: 3 0x8000f438 (0xbfe5)
core   0: 0x8000f430 (0x00002f17) auipc   t5, 0x2
core   0: 3 0x8000f430 (0x00002f17) x30 0x80011430
core   0: 0x8000f434 (0xbc3f2823) sw      gp, -1072(t5)
core   0: 3 0x8000f434 (0xbc3f2823) mem 0x80011000 0x00000001
core   0: 0x8000f438 (0x0000bfe5) c.j     pc - 8
core   0: 3 0x8000f438 (0xbfe5)
core   0: 0x8000f430 (0x00002f17) auipc   t5, 0x2
core   0: 3 0x8000f430 (0x00002f17) x30 0x80011430
core   0: 0x8000f434 (0xbc3f2823) sw      gp, -1072(t5)
core   0: 3 0x8000f434 (0xbc3f2823) mem 0x80011000 0x00000001
core   0: 0x8000f438 (0x0000bfe5) c.j     pc - 8
core   0: 3 0x8000f438 (0xbfe5)
core   0: 0x8000f430 (0x00002f17) auipc   t5, 0x2
core   0: 3 0x8000f430 (0x00002f17) x30 0x80011430
core   0: 0x8000f434 (0xbc3f2823) sw      gp, -1072(t5)
core   0: 3 0x8000f434 (0xbc3f2823) mem 0x80011000 0x00000001
core   0: 0x8000f438 (0x0000bfe5) c.j     pc - 8
core   0: 3 0x8000f438 (0xbfe5)
core   0: 0x8000f430 (0x00002f17) auipc   t5, 0x2
core   0: 3 0x8000f430 (0x00002f17) x30 0x80011430
core   0: 0x8000f434 (0xbc3f2823) sw      gp, -1072(t5)
core   0: 3 0x8000f434 (0xbc3f2823) mem 0x80011000 0x00000001
core   0: 0x8000f438 (0x0000bfe5) c.j     pc - 8
core   0: 3 0x8000f438 (0xbfe5)
core   0: 0x8000f430 (0x00002f17) auipc   t5, 0x2
core   0: 3 0x8000f430 (0x00002f17) x30 0x80011430
core   0: 0x8000f434 (0xbc3f2823) sw      gp, -1072(t5)
core   0: 3 0x8000f434 (0xbc3f2823) mem 0x80011000 0x00000001
core   0: 0x8000f438 (0x0000bfe5) c.j     pc - 8
core   0: 3 0x8000f438 (0xbfe5)
core   0: 0x8000f430 (0x00002f17) auipc   t5, 0x2
core   0: 3 0x8000f430 (0x00002f17) x30 0x80011430
core   0: 0x8000f434 (0xbc3f2823) sw      gp, -1072(t5)
core   0: 3 0x8000f434 (0xbc3f2823) mem 0x80011000 0x00000001
core   0: 0x8000f438 (0x0000bfe5) c.j     pc - 8
core   0: 3 0x8000f438 (0xbfe5)
core   0: 0x8000f430 (0x00002f17) auipc   t5, 0x2
core   0: 3 0x8000f430 (0x00002f17) x30 0x80011430
core   0: 0x8000f434 (0xbc3f2823) sw      gp, -1072(t5)
core   0: 3 0x8000f434 (0xbc3f2823) mem 0x80011000 0x00000001
core   0: 0x8000f438 (0x0000bfe5) c.j     pc - 8
core   0: 3 0x8000f438 (0xbfe5)
core   0: 0x8000f430 (0x00002f17) auipc   t5, 0x2
core   0: 3 0x8000f430 (0x00002f17) x30 0x80011430
core   0: 0x8000f434 (0xbc3f2823) sw      gp, -1072(t5)
core   0: 3 0x8000f434 (0xbc3f2823) mem 0x80011000 0x00000001
core   0: 0x8000f438 (0x0000bfe5) c.j     pc - 8
core   0: 3 0x8000f438 (0xbfe5)
core   0: 0x8000f430 (0x00002f17) auipc   t5, 0x2
core   0: 3 0x8000f430 (0x00002f17) x30 0x80011430
core   0: 0x8000f434 (0xbc3f2823) sw      gp, -1072(t5)
core   0: 3 0x8000f434 (0xbc3f2823) mem 0x80011000 0x00000001
core   0: 0x8000f438 (0x0000bfe5) c.j     pc - 8
core   0: 3 0x8000f438 (0xbfe5)
core   0: 0x8000f430 (0x00002f17) auipc   t5, 0x2
core   0: 3 0x8000f430 (0x00002f17) x30 0x80011430
core   0: 0x8000f434 (0xbc3f2823) sw      gp, -1072(t5)
core   0: 3 0x8000f434 (0xbc3f2823) mem 0x80011000 0x00000001
core   0: 0x8000f438 (0x0000bfe5) c.j     pc - 8
core   0: 3 0x8000f438 (0xbfe5)
core   0: 0x8000f430 (0x00002f17) auipc   t5, 0x2
core   0: 3 0x8000f430 (0x00002f17) x30 0x80011430
core   0: 0x8000f434 (0xbc3f2823) sw      gp, -1072(t5)
core   0: 3 0x8000f434 (0xbc3f2823) mem 0x80011000 0x00000001
core   0: 0x8000f438 (0x0000bfe5) c.j     pc - 8
core   0: 3 0x8000f438 (0xbfe5)
core   0: 0x8000f430 (0x00002f17) auipc   t5, 0x2
core   0: 3 0x8000f430 (0x00002f17) x30 0x80011430
core   0: 0x8000f434 (0xbc3f2823) sw      gp, -1072(t5)
core   0: 3 0x8000f434 (0xbc3f2823) mem 0x80011000 0x00000001
core   0: 0x8000f438 (0x0000bfe5) c.j     pc - 8
core   0: 3 0x8000f438 (0xbfe5)
core   0: 0x8000f430 (0x00002f17) auipc   t5, 0x2
core   0: 3 0x8000f430 (0x00002f17) x30 0x80011430
core   0: 0x8000f434 (0xbc3f2823) sw      gp, -1072(t5)
core   0: 3 0x8000f434 (0xbc3f2823) mem 0x80011000 0x00000001
core   0: 0x8000f438 (0x0000bfe5) c.j     pc - 8
core   0: 3 0x8000f438 (0xbfe5)
core   0: 0x8000f430 (0x00002f17) auipc   t5, 0x2
core   0: 3 0x8000f430 (0x00002f17) x30 0x80011430
core   0: 0x8000f434 (0xbc3f2823) sw      gp, -1072(t5)
core   0: 3 0x8000f434 (0xbc3f2823) mem 0x80011000 0x00000001
core   0: 0x8000f438 (0x0000bfe5) c.j     pc - 8
core   0: 3 0x8000f438 (0xbfe5)
core   0: 0x8000f430 (0x00002f17) auipc   t5, 0x2
core   0: 3 0x8000f430 (0x00002f17) x30 0x80011430
core   0: 0x8000f434 (0xbc3f2823) sw      gp, -1072(t5)
core   0: 3 0x8000f434 (0xbc3f2823) mem 0x80011000 0x00000001
core   0: 0x8000f438 (0x0000bfe5) c.j     pc - 8
core   0: 3 0x8000f438 (0xbfe5)
core   0: 0x8000f430 (0x00002f17) auipc   t5, 0x2
core   0: 3 0x8000f430 (0x00002f17) x30 0x80011430
core   0: 0x8000f434 (0xbc3f2823) sw      gp, -1072(t5)
core   0: 3 0x8000f434 (0xbc3f2823) mem 0x80011000 0x00000001
core   0: 0x8000f438 (0x0000bfe5) c.j     pc - 8
core   0: 3 0x8000f438 (0xbfe5)
core   0: 0x8000f430 (0x00002f17) auipc   t5, 0x2
core   0: 3 0x8000f430 (0x00002f17) x30 0x80011430
core   0: 0x8000f434 (0xbc3f2823) sw      gp, -1072(t5)
core   0: 3 0x8000f434 (0xbc3f2823) mem 0x80011000 0x00000001
core   0: 0x8000f438 (0x0000bfe5) c.j     pc - 8
core   0: 3 0x8000f438 (0xbfe5)
core   0: 0x8000f430 (0x00002f17) auipc   t5, 0x2
core   0: 3 0x8000f430 (0x00002f17) x30 0x80011430
core   0: 0x8000f434 (0xbc3f2823) sw      gp, -1072(t5)
core   0: 3 0x8000f434 (0xbc3f2823) mem 0x80011000 0x00000001
core   0: 0x8000f438 (0x0000bfe5) c.j     pc - 8
core   0: 3 0x8000f438 (0xbfe5)
core   0: 0x8000f430 (0x00002f17) auipc   t5, 0x2
core   0: 3 0x8000f430 (0x00002f17) x30 0x80011430
core   0: 0x8000f434 (0xbc3f2823) sw      gp, -1072(t5)
core   0: 3 0x8000f434 (0xbc3f2823) mem 0x80011000 0x00000001
core   0: 0x8000f438 (0x0000bfe5) c.j     pc - 8
core   0: 3 0x8000f438 (0xbfe5)
core   0: 0x8000f430 (0x00002f17) auipc   t5, 0x2
core   0: 3 0x8000f430 (0x00002f17) x30 0x80011430
core   0: 0x8000f434 (0xbc3f2823) sw      gp, -1072(t5)
core   0: 3 0x8000f434 (0xbc3f2823) mem 0x80011000 0x00000001
core   0: 0x8000f438 (0x0000bfe5) c.j     pc - 8
core   0: 3 0x8000f438 (0xbfe5)
core   0: 0x8000f430 (0x00002f17) auipc   t5, 0x2
core   0: 3 0x8000f430 (0x00002f17) x30 0x80011430
core   0: 0x8000f434 (0xbc3f2823) sw      gp, -1072(t5)
core   0: 3 0x8000f434 (0xbc3f2823) mem 0x80011000 0x00000001
core   0: 0x8000f438 (0x0000bfe5) c.j     pc - 8
core   0: 3 0x8000f438 (0xbfe5)
core   0: 0x8000f430 (0x00002f17) auipc   t5, 0x2
core   0: 3 0x8000f430 (0x00002f17) x30 0x80011430
core   0: 0x8000f434 (0xbc3f2823) sw      gp, -1072(t5)
core   0: 3 0x8000f434 (0xbc3f2823) mem 0x80011000 0x00000001
core   0: 0x8000f438 (0x0000bfe5) c.j     pc - 8
core   0: 3 0x8000f438 (0xbfe5)
core   0: 0x8000f430 (0x00002f17) auipc   t5, 0x2
core   0: 3 0x8000f430 (0x00002f17) x30 0x80011430
core   0: 0x8000f434 (0xbc3f2823) sw      gp, -1072(t5)
core   0: 3 0x8000f434 (0xbc3f2823) mem 0x80011000 0x00000001
core   0: 0x8000f438 (0x0000bfe5) c.j     pc - 8
core   0: 3 0x8000f438 (0xbfe5)
core   0: 0x8000f430 (0x00002f17) auipc   t5, 0x2
core   0: 3 0x8000f430 (0x00002f17) x30 0x80011430
core   0: 0x8000f434 (0xbc3f2823) sw      gp, -1072(t5)
core   0: 3 0x8000f434 (0xbc3f2823) mem 0x80011000 0x00000001
core   0: 0x8000f438 (0x0000bfe5) c.j     pc - 8
core   0: 3 0x8000f438 (0xbfe5)
core   0: 0x8000f430 (0x00002f17) auipc   t5, 0x2
core   0: 3 0x8000f430 (0x00002f17) x30 0x80011430
core   0: 0x8000f434 (0xbc3f2823) sw      gp, -1072(t5)
core   0: 3 0x8000f434 (0xbc3f2823) mem 0x80011000 0x00000001
core   0: 0x8000f438 (0x0000bfe5) c.j     pc - 8
core   0: 3 0x8000f438 (0xbfe5)
core   0: 0x8000f430 (0x00002f17) auipc   t5, 0x2
core   0: 3 0x8000f430 (0x00002f17) x30 0x80011430
core   0: 0x8000f434 (0xbc3f2823) sw      gp, -1072(t5)
core   0: 3 0x8000f434 (0xbc3f2823) mem 0x80011000 0x00000001
core   0: 0x8000f438 (0x0000bfe5) c.j     pc - 8
core   0: 3 0x8000f438 (0xbfe5)
core   0: 0x8000f430 (0x00002f17) auipc   t5, 0x2
core   0: 3 0x8000f430 (0x00002f17) x30 0x80011430
core   0: 0x8000f434 (0xbc3f2823) sw      gp, -1072(t5)
core   0: 3 0x8000f434 (0xbc3f2823) mem 0x80011000 0x00000001
core   0: 0x8000f438 (0x0000bfe5) c.j     pc - 8
core   0: 3 0x8000f438 (0xbfe5)
core   0: 0x8000f430 (0x00002f17) auipc   t5, 0x2
core   0: 3 0x8000f430 (0x00002f17) x30 0x80011430
core   0: 0x8000f434 (0xbc3f2823) sw      gp, -1072(t5)
core   0: 3 0x8000f434 (0xbc3f2823) mem 0x80011000 0x00000001
core   0: 0x8000f438 (0x0000bfe5) c.j     pc - 8
core   0: 3 0x8000f438 (0xbfe5)
core   0: 0x8000f430 (0x00002f17) auipc   t5, 0x2
core   0: 3 0x8000f430 (0x00002f17) x30 0x80011430
core   0: 0x8000f434 (0xbc3f2823) sw      gp, -1072(t5)
core   0: 3 0x8000f434 (0xbc3f2823) mem 0x80011000 0x00000001
core   0: 0x8000f438 (0x0000bfe5) c.j     pc - 8
core   0: 3 0x8000f438 (0xbfe5)
core   0: 0x8000f430 (0x00002f17) auipc   t5, 0x2
core   0: 3 0x8000f430 (0x00002f17) x30 0x80011430
core   0: 0x8000f434 (0xbc3f2823) sw      gp, -1072(t5)
core   0: 3 0x8000f434 (0xbc3f2823) mem 0x80011000 0x00000001
core   0: 0x8000f438 (0x0000bfe5) c.j     pc - 8
core   0: 3 0x8000f438 (0xbfe5)
core   0: 0x8000f430 (0x00002f17) auipc   t5, 0x2
core   0: 3 0x8000f430 (0x00002f17) x30 0x80011430
core   0: 0x8000f434 (0xbc3f2823) sw      gp, -1072(t5)
core   0: 3 0x8000f434 (0xbc3f2823) mem 0x80011000 0x00000001
core   0: 0x8000f438 (0x0000bfe5) c.j     pc - 8
core   0: 3 0x8000f438 (0xbfe5)
core   0: 0x8000f430 (0x00002f17) auipc   t5, 0x2
core   0: 3 0x8000f430 (0x00002f17) x30 0x80011430
core   0: 0x8000f434 (0xbc3f2823) sw      gp, -1072(t5)
core   0: 3 0x8000f434 (0xbc3f2823) mem 0x80011000 0x00000001
core   0: 0x8000f438 (0x0000bfe5) c.j     pc - 8
core   0: 3 0x8000f438 (0xbfe5)
core   0: 0x8000f430 (0x00002f17) auipc   t5, 0x2
core   0: 3 0x8000f430 (0x00002f17) x30 0x80011430
core   0: 0x8000f434 (0xbc3f2823) sw      gp, -1072(t5)
core   0: 3 0x8000f434 (0xbc3f2823) mem 0x80011000 0x00000001
core   0: 0x8000f438 (0x0000bfe5) c.j     pc - 8
core   0: 3 0x8000f438 (0xbfe5)
core   0: 0x8000f430 (0x00002f17) auipc   t5, 0x2
core   0: 3 0x8000f430 (0x00002f17) x30 0x80011430
core   0: 0x8000f434 (0xbc3f2823) sw      gp, -1072(t5)
core   0: 3 0x8000f434 (0xbc3f2823) mem 0x80011000 0x00000001
core   0: 0x8000f438 (0x0000bfe5) c.j     pc - 8
core   0: 3 0x8000f438 (0xbfe5)
core   0: 0x8000f430 (0x00002f17) auipc   t5, 0x2
core   0: 3 0x8000f430 (0x00002f17) x30 0x80011430
core   0: 0x8000f434 (0xbc3f2823) sw      gp, -1072(t5)
core   0: 3 0x8000f434 (0xbc3f2823) mem 0x80011000 0x00000001
core   0: 0x8000f438 (0x0000bfe5) c.j     pc - 8
core   0: 3 0x8000f438 (0xbfe5)
core   0: 0x8000f430 (0x00002f17) auipc   t5, 0x2
core   0: 3 0x8000f430 (0x00002f17) x30 0x80011430
core   0: 0x8000f434 (0xbc3f2823) sw      gp, -1072(t5)
core   0: 3 0x8000f434 (0xbc3f2823) mem 0x80011000 0x00000001
core   0: 0x8000f438 (0x0000bfe5) c.j     pc - 8
core   0: 3 0x8000f438 (0xbfe5)
core   0: 0x8000f430 (0x00002f17) auipc   t5, 0x2
core   0: 3 0x8000f430 (0x00002f17) x30 0x80011430
core   0: 0x8000f434 (0xbc3f2823) sw      gp, -1072(t5)
core   0: 3 0x8000f434 (0xbc3f2823) mem 0x80011000 0x00000001
core   0: 0x8000f438 (0x0000bfe5) c.j     pc - 8
core   0: 3 0x8000f438 (0xbfe5)
core   0: 0x8000f430 (0x00002f17) auipc   t5, 0x2
core   0: 3 0x8000f430 (0x00002f17) x30 0x80011430
core   0: 0x8000f434 (0xbc3f2823) sw      gp, -1072(t5)
core   0: 3 0x8000f434 (0xbc3f2823) mem 0x80011000 0x00000001
core   0: 0x8000f438 (0x0000bfe5) c.j     pc - 8
core   0: 3 0x8000f438 (0xbfe5)
core   0: 0x8000f430 (0x00002f17) auipc   t5, 0x2
core   0: 3 0x8000f430 (0x00002f17) x30 0x80011430
core   0: 0x8000f434 (0xbc3f2823) sw      gp, -1072(t5)
core   0: 3 0x8000f434 (0xbc3f2823) mem 0x80011000 0x00000001
core   0: 0x8000f438 (0x0000bfe5) c.j     pc - 8
core   0: 3 0x8000f438 (0xbfe5)
core   0: 0x8000f430 (0x00002f17) auipc   t5, 0x2
core   0: 3 0x8000f430 (0x00002f17) x30 0x80011430
core   0: 0x8000f434 (0xbc3f2823) sw      gp, -1072(t5)
core   0: 3 0x8000f434 (0xbc3f2823) mem 0x80011000 0x00000001
core   0: 0x8000f438 (0x0000bfe5) c.j     pc - 8
core   0: 3 0x8000f438 (0xbfe5)
core   0: 0x8000f430 (0x00002f17) auipc   t5, 0x2
core   0: 3 0x8000f430 (0x00002f17) x30 0x80011430
core   0: 0x8000f434 (0xbc3f2823) sw      gp, -1072(t5)
core   0: 3 0x8000f434 (0xbc3f2823) mem 0x80011000 0x00000001
core   0: 0x8000f438 (0x0000bfe5) c.j     pc - 8
core   0: 3 0x8000f438 (0xbfe5)
core   0: 0x8000f430 (0x00002f17) auipc   t5, 0x2
core   0: 3 0x8000f430 (0x00002f17) x30 0x80011430
core   0: 0x8000f434 (0xbc3f2823) sw      gp, -1072(t5)
core   0: 3 0x8000f434 (0xbc3f2823) mem 0x80011000 0x00000001
core   0: 0x8000f438 (0x0000bfe5) c.j     pc - 8
core   0: 3 0x8000f438 (0xbfe5)
core   0: 0x8000f430 (0x00002f17) auipc   t5, 0x2
core   0: 3 0x8000f430 (0x00002f17) x30 0x80011430
core   0: 0x8000f434 (0xbc3f2823) sw      gp, -1072(t5)
core   0: 3 0x8000f434 (0xbc3f2823) mem 0x80011000 0x00000001
core   0: 0x8000f438 (0x0000bfe5) c.j     pc - 8
core   0: 3 0x8000f438 (0xbfe5)
core   0: 0x8000f430 (0x00002f17) auipc   t5, 0x2
core   0: 3 0x8000f430 (0x00002f17) x30 0x80011430
core   0: 0x8000f434 (0xbc3f2823) sw      gp, -1072(t5)
core   0: 3 0x8000f434 (0xbc3f2823) mem 0x80011000 0x00000001
core   0: 0x8000f438 (0x0000bfe5) c.j     pc - 8
core   0: 3 0x8000f438 (0xbfe5)
core   0: 0x8000f430 (0x00002f17) auipc   t5, 0x2
core   0: 3 0x8000f430 (0x00002f17) x30 0x80011430
core   0: 0x8000f434 (0xbc3f2823) sw      gp, -1072(t5)
core   0: 3 0x8000f434 (0xbc3f2823) mem 0x80011000 0x00000001
core   0: 0x8000f438 (0x0000bfe5) c.j     pc - 8
core   0: 3 0x8000f438 (0xbfe5)
core   0: 0x8000f430 (0x00002f17) auipc   t5, 0x2
core   0: 3 0x8000f430 (0x00002f17) x30 0x80011430
core   0: 0x8000f434 (0xbc3f2823) sw      gp, -1072(t5)
core   0: 3 0x8000f434 (0xbc3f2823) mem 0x80011000 0x00000001
core   0: 0x8000f438 (0x0000bfe5) c.j     pc - 8
core   0: 3 0x8000f438 (0xbfe5)
core   0: 0x8000f430 (0x00002f17) auipc   t5, 0x2
core   0: 3 0x8000f430 (0x00002f17) x30 0x80011430
core   0: 0x8000f434 (0xbc3f2823) sw      gp, -1072(t5)
core   0: 3 0x8000f434 (0xbc3f2823) mem 0x80011000 0x00000001
core   0: 0x8000f438 (0x0000bfe5) c.j     pc - 8
core   0: 3 0x8000f438 (0xbfe5)
core   0: 0x8000f430 (0x00002f17) auipc   t5, 0x2
core   0: 3 0x8000f430 (0x00002f17) x30 0x80011430
core   0: 0x8000f434 (0xbc3f2823) sw      gp, -1072(t5)
core   0: 3 0x8000f434 (0xbc3f2823) mem 0x80011000 0x00000001
core   0: 0x8000f438 (0x0000bfe5) c.j     pc - 8
core   0: 3 0x8000f438 (0xbfe5)
core   0: 0x8000f430 (0x00002f17) auipc   t5, 0x2
core   0: 3 0x8000f430 (0x00002f17) x30 0x80011430
core   0: 0x8000f434 (0xbc3f2823) sw      gp, -1072(t5)
core   0: 3 0x8000f434 (0xbc3f2823) mem 0x80011000 0x00000001
core   0: 0x8000f438 (0x0000bfe5) c.j     pc - 8
core   0: 3 0x8000f438 (0xbfe5)
core   0: 0x8000f430 (0x00002f17) auipc   t5, 0x2
core   0: 3 0x8000f430 (0x00002f17) x30 0x80011430
core   0: 0x8000f434 (0xbc3f2823) sw      gp, -1072(t5)
core   0: 3 0x8000f434 (0xbc3f2823) mem 0x80011000 0x00000001
core   0: 0x8000f438 (0x0000bfe5) c.j     pc - 8
core   0: 3 0x8000f438 (0xbfe5)
core   0: 0x8000f430 (0x00002f17) auipc   t5, 0x2
core   0: 3 0x8000f430 (0x00002f17) x30 0x80011430
core   0: 0x8000f434 (0xbc3f2823) sw      gp, -1072(t5)
core   0: 3 0x8000f434 (0xbc3f2823) mem 0x80011000 0x00000001
core   0: 0x8000f438 (0x0000bfe5) c.j     pc - 8
core   0: 3 0x8000f438 (0xbfe5)
core   0: 0x8000f430 (0x00002f17) auipc   t5, 0x2
core   0: 3 0x8000f430 (0x00002f17) x30 0x80011430
core   0: 0x8000f434 (0xbc3f2823) sw      gp, -1072(t5)
core   0: 3 0x8000f434 (0xbc3f2823) mem 0x80011000 0x00000001
core   0: 0x8000f438 (0x0000bfe5) c.j     pc - 8
core   0: 3 0x8000f438 (0xbfe5)
core   0: 0x8000f430 (0x00002f17) auipc   t5, 0x2
core   0: 3 0x8000f430 (0x00002f17) x30 0x80011430
core   0: 0x8000f434 (0xbc3f2823) sw      gp, -1072(t5)
core   0: 3 0x8000f434 (0xbc3f2823) mem 0x80011000 0x00000001
core   0: 0x8000f438 (0x0000bfe5) c.j     pc - 8
core   0: 3 0x8000f438 (0xbfe5)
core   0: 0x8000f430 (0x00002f17) auipc   t5, 0x2
core   0: 3 0x8000f430 (0x00002f17) x30 0x80011430
core   0: 0x8000f434 (0xbc3f2823) sw      gp, -1072(t5)
core   0: 3 0x8000f434 (0xbc3f2823) mem 0x80011000 0x00000001
core   0: 0x8000f438 (0x0000bfe5) c.j     pc - 8
core   0: 3 0x8000f438 (0xbfe5)
core   0: 0x8000f430 (0x00002f17) auipc   t5, 0x2
core   0: 3 0x8000f430 (0x00002f17) x30 0x80011430
core   0: 0x8000f434 (0xbc3f2823) sw      gp, -1072(t5)
core   0: 3 0x8000f434 (0xbc3f2823) mem 0x80011000 0x00000001
core   0: 0x8000f438 (0x0000bfe5) c.j     pc - 8
core   0: 3 0x8000f438 (0xbfe5)
core   0: 0x8000f430 (0x00002f17) auipc   t5, 0x2
core   0: 3 0x8000f430 (0x00002f17) x30 0x80011430
core   0: 0x8000f434 (0xbc3f2823) sw      gp, -1072(t5)
core   0: 3 0x8000f434 (0xbc3f2823) mem 0x80011000 0x00000001
core   0: 0x8000f438 (0x0000bfe5) c.j     pc - 8
core   0: 3 0x8000f438 (0xbfe5)
core   0: 0x8000f430 (0x00002f17) auipc   t5, 0x2
core   0: 3 0x8000f430 (0x00002f17) x30 0x80011430
core   0: 0x8000f434 (0xbc3f2823) sw      gp, -1072(t5)
core   0: 3 0x8000f434 (0xbc3f2823) mem 0x80011000 0x00000001
core   0: 0x8000f438 (0x0000bfe5) c.j     pc - 8
core   0: 3 0x8000f438 (0xbfe5)
core   0: 0x8000f430 (0x00002f17) auipc   t5, 0x2
core   0: 3 0x8000f430 (0x00002f17) x30 0x80011430
core   0: 0x8000f434 (0xbc3f2823) sw      gp, -1072(t5)
core   0: 3 0x8000f434 (0xbc3f2823) mem 0x80011000 0x00000001
core   0: 0x8000f438 (0x0000bfe5) c.j     pc - 8
core   0: 3 0x8000f438 (0xbfe5)
core   0: 0x8000f430 (0x00002f17) auipc   t5, 0x2
core   0: 3 0x8000f430 (0x00002f17) x30 0x80011430
core   0: 0x8000f434 (0xbc3f2823) sw      gp, -1072(t5)
core   0: 3 0x8000f434 (0xbc3f2823) mem 0x80011000 0x00000001
core   0: 0x8000f438 (0x0000bfe5) c.j     pc - 8
core   0: 3 0x8000f438 (0xbfe5)
core   0: 0x8000f430 (0x00002f17) auipc   t5, 0x2
core   0: 3 0x8000f430 (0x00002f17) x30 0x80011430
core   0: 0x8000f434 (0xbc3f2823) sw      gp, -1072(t5)
core   0: 3 0x8000f434 (0xbc3f2823) mem 0x80011000 0x00000001
core   0: 0x8000f438 (0x0000bfe5) c.j     pc - 8
core   0: 3 0x8000f438 (0xbfe5)
core   0: 0x8000f430 (0x00002f17) auipc   t5, 0x2
core   0: 3 0x8000f430 (0x00002f17) x30 0x80011430
core   0: 0x8000f434 (0xbc3f2823) sw      gp, -1072(t5)
core   0: 3 0x8000f434 (0xbc3f2823) mem 0x80011000 0x00000001
core   0: 0x8000f438 (0x0000bfe5) c.j     pc - 8
core   0: 3 0x8000f438 (0xbfe5)
core   0: 0x8000f430 (0x00002f17) auipc   t5, 0x2
core   0: 3 0x8000f430 (0x00002f17) x30 0x80011430
core   0: 0x8000f434 (0xbc3f2823) sw      gp, -1072(t5)
core   0: 3 0x8000f434 (0xbc3f2823) mem 0x80011000 0x00000001
core   0: 0x8000f438 (0x0000bfe5) c.j     pc - 8
core   0: 3 0x8000f438 (0xbfe5)
core   0: 0x8000f430 (0x00002f17) auipc   t5, 0x2
core   0: 3 0x8000f430 (0x00002f17) x30 0x80011430
core   0: 0x8000f434 (0xbc3f2823) sw      gp, -1072(t5)
core   0: 3 0x8000f434 (0xbc3f2823) mem 0x80011000 0x00000001
core   0: 0x8000f438 (0x0000bfe5) c.j     pc - 8
core   0: 3 0x8000f438 (0xbfe5)
core   0: 0x8000f430 (0x00002f17) auipc   t5, 0x2
core   0: 3 0x8000f430 (0x00002f17) x30 0x80011430
core   0: 0x8000f434 (0xbc3f2823) sw      gp, -1072(t5)
core   0: 3 0x8000f434 (0xbc3f2823) mem 0x80011000 0x00000001
core   0: 0x8000f438 (0x0000bfe5) c.j     pc - 8
core   0: 3 0x8000f438 (0xbfe5)
core   0: 0x8000f430 (0x00002f17) auipc   t5, 0x2
core   0: 3 0x8000f430 (0x00002f17) x30 0x80011430
core   0: 0x8000f434 (0xbc3f2823) sw      gp, -1072(t5)
core   0: 3 0x8000f434 (0xbc3f2823) mem 0x80011000 0x00000001
core   0: 0x8000f438 (0x0000bfe5) c.j     pc - 8
core   0: 3 0x8000f438 (0xbfe5)
core   0: 0x8000f430 (0x00002f17) auipc   t5, 0x2
core   0: 3 0x8000f430 (0x00002f17) x30 0x80011430
core   0: 0x8000f434 (0xbc3f2823) sw      gp, -1072(t5)
core   0: 3 0x8000f434 (0xbc3f2823) mem 0x80011000 0x00000001
core   0: 0x8000f438 (0x0000bfe5) c.j     pc - 8
core   0: 3 0x8000f438 (0xbfe5)
core   0: 0x8000f430 (0x00002f17) auipc   t5, 0x2
core   0: 3 0x8000f430 (0x00002f17) x30 0x80011430
core   0: 0x8000f434 (0xbc3f2823) sw      gp, -1072(t5)
core   0: 3 0x8000f434 (0xbc3f2823) mem 0x80011000 0x00000001
core   0: 0x8000f438 (0x0000bfe5) c.j     pc - 8
core   0: 3 0x8000f438 (0xbfe5)
core   0: 0x8000f430 (0x00002f17) auipc   t5, 0x2
core   0: 3 0x8000f430 (0x00002f17) x30 0x80011430
core   0: 0x8000f434 (0xbc3f2823) sw      gp, -1072(t5)
core   0: 3 0x8000f434 (0xbc3f2823) mem 0x80011000 0x00000001
core   0: 0x8000f438 (0x0000bfe5) c.j     pc - 8
core   0: 3 0x8000f438 (0xbfe5)
core   0: 0x8000f430 (0x00002f17) auipc   t5, 0x2
core   0: 3 0x8000f430 (0x00002f17) x30 0x80011430
core   0: 0x8000f434 (0xbc3f2823) sw      gp, -1072(t5)
core   0: 3 0x8000f434 (0xbc3f2823) mem 0x80011000 0x00000001
core   0: 0x8000f438 (0x0000bfe5) c.j     pc - 8
core   0: 3 0x8000f438 (0xbfe5)
core   0: 0x8000f430 (0x00002f17) auipc   t5, 0x2
core   0: 3 0x8000f430 (0x00002f17) x30 0x80011430
core   0: 0x8000f434 (0xbc3f2823) sw      gp, -1072(t5)
core   0: 3 0x8000f434 (0xbc3f2823) mem 0x80011000 0x00000001
core   0: 0x8000f438 (0x0000bfe5) c.j     pc - 8
core   0: 3 0x8000f438 (0xbfe5)
core   0: 0x8000f430 (0x00002f17) auipc   t5, 0x2
core   0: 3 0x8000f430 (0x00002f17) x30 0x80011430
core   0: 0x8000f434 (0xbc3f2823) sw      gp, -1072(t5)
core   0: 3 0x8000f434 (0xbc3f2823) mem 0x80011000 0x00000001
core   0: 0x8000f438 (0x0000bfe5) c.j     pc - 8
core   0: 3 0x8000f438 (0xbfe5)
core   0: 0x8000f430 (0x00002f17) auipc   t5, 0x2
core   0: 3 0x8000f430 (0x00002f17) x30 0x80011430
core   0: 0x8000f434 (0xbc3f2823) sw      gp, -1072(t5)
core   0: 3 0x8000f434 (0xbc3f2823) mem 0x80011000 0x00000001
core   0: 0x8000f438 (0x0000bfe5) c.j     pc - 8
core   0: 3 0x8000f438 (0xbfe5)
core   0: 0x8000f430 (0x00002f17) auipc   t5, 0x2
core   0: 3 0x8000f430 (0x00002f17) x30 0x80011430
core   0: 0x8000f434 (0xbc3f2823) sw      gp, -1072(t5)
core   0: 3 0x8000f434 (0xbc3f2823) mem 0x80011000 0x00000001
core   0: 0x8000f438 (0x0000bfe5) c.j     pc - 8
core   0: 3 0x8000f438 (0xbfe5)
core   0: 0x8000f430 (0x00002f17) auipc   t5, 0x2
core   0: 3 0x8000f430 (0x00002f17) x30 0x80011430
core   0: 0x8000f434 (0xbc3f2823) sw      gp, -1072(t5)
core   0: 3 0x8000f434 (0xbc3f2823) mem 0x80011000 0x00000001
core   0: 0x8000f438 (0x0000bfe5) c.j     pc - 8
core   0: 3 0x8000f438 (0xbfe5)
core   0: 0x8000f430 (0x00002f17) auipc   t5, 0x2
core   0: 3 0x8000f430 (0x00002f17) x30 0x80011430
core   0: 0x8000f434 (0xbc3f2823) sw      gp, -1072(t5)
core   0: 3 0x8000f434 (0xbc3f2823) mem 0x80011000 0x00000001
core   0: 0x8000f438 (0x0000bfe5) c.j     pc - 8
core   0: 3 0x8000f438 (0xbfe5)
core   0: 0x8000f430 (0x00002f17) auipc   t5, 0x2
core   0: 3 0x8000f430 (0x00002f17) x30 0x80011430
core   0: 0x8000f434 (0xbc3f2823) sw      gp, -1072(t5)
core   0: 3 0x8000f434 (0xbc3f2823) mem 0x80011000 0x00000001
core   0: 0x8000f438 (0x0000bfe5) c.j     pc - 8
core   0: 3 0x8000f438 (0xbfe5)
core   0: 0x8000f430 (0x00002f17) auipc   t5, 0x2
core   0: 3 0x8000f430 (0x00002f17) x30 0x80011430
core   0: 0x8000f434 (0xbc3f2823) sw      gp, -1072(t5)
core   0: 3 0x8000f434 (0xbc3f2823) mem 0x80011000 0x00000001
core   0: 0x8000f438 (0x0000bfe5) c.j     pc - 8
core   0: 3 0x8000f438 (0xbfe5)
core   0: 0x8000f430 (0x00002f17) auipc   t5, 0x2
core   0: 3 0x8000f430 (0x00002f17) x30 0x80011430
core   0: 0x8000f434 (0xbc3f2823) sw      gp, -1072(t5)
core   0: 3 0x8000f434 (0xbc3f2823) mem 0x80011000 0x00000001
core   0: 0x8000f438 (0x0000bfe5) c.j     pc - 8
core   0: 3 0x8000f438 (0xbfe5)
core   0: 0x8000f430 (0x00002f17) auipc   t5, 0x2
core   0: 3 0x8000f430 (0x00002f17) x30 0x80011430
core   0: 0x8000f434 (0xbc3f2823) sw      gp, -1072(t5)
core   0: 3 0x8000f434 (0xbc3f2823) mem 0x80011000 0x00000001
core   0: 0x8000f438 (0x0000bfe5) c.j     pc - 8
core   0: 3 0x8000f438 (0xbfe5)
core   0: 0x8000f430 (0x00002f17) auipc   t5, 0x2
core   0: 3 0x8000f430 (0x00002f17) x30 0x80011430
core   0: 0x8000f434 (0xbc3f2823) sw      gp, -1072(t5)
core   0: 3 0x8000f434 (0xbc3f2823) mem 0x80011000 0x00000001
core   0: 0x8000f438 (0x0000bfe5) c.j     pc - 8
core   0: 3 0x8000f438 (0xbfe5)
core   0: 0x8000f430 (0x00002f17) auipc   t5, 0x2
core   0: 3 0x8000f430 (0x00002f17) x30 0x80011430
core   0: 0x8000f434 (0xbc3f2823) sw      gp, -1072(t5)
core   0: 3 0x8000f434 (0xbc3f2823) mem 0x80011000 0x00000001
core   0: 0x8000f438 (0x0000bfe5) c.j     pc - 8
core   0: 3 0x8000f438 (0xbfe5)
core   0: 0x8000f430 (0x00002f17) auipc   t5, 0x2
core   0: 3 0x8000f430 (0x00002f17) x30 0x80011430
core   0: 0x8000f434 (0xbc3f2823) sw      gp, -1072(t5)
core   0: 3 0x8000f434 (0xbc3f2823) mem 0x80011000 0x00000001
core   0: 0x8000f438 (0x0000bfe5) c.j     pc - 8
core   0: 3 0x8000f438 (0xbfe5)
core   0: 0x8000f430 (0x00002f17) auipc   t5, 0x2
core   0: 3 0x8000f430 (0x00002f17) x30 0x80011430
core   0: 0x8000f434 (0xbc3f2823) sw      gp, -1072(t5)
core   0: 3 0x8000f434 (0xbc3f2823) mem 0x80011000 0x00000001
core   0: 0x8000f438 (0x0000bfe5) c.j     pc - 8
core   0: 3 0x8000f438 (0xbfe5)
core   0: 0x8000f430 (0x00002f17) auipc   t5, 0x2
core   0: 3 0x8000f430 (0x00002f17) x30 0x80011430
core   0: 0x8000f434 (0xbc3f2823) sw      gp, -1072(t5)
core   0: 3 0x8000f434 (0xbc3f2823) mem 0x80011000 0x00000001
core   0: 0x8000f438 (0x0000bfe5) c.j     pc - 8
core   0: 3 0x8000f438 (0xbfe5)
core   0: 0x8000f430 (0x00002f17) auipc   t5, 0x2
core   0: 3 0x8000f430 (0x00002f17) x30 0x80011430
core   0: 0x8000f434 (0xbc3f2823) sw      gp, -1072(t5)
core   0: 3 0x8000f434 (0xbc3f2823) mem 0x80011000 0x00000001
core   0: 0x8000f438 (0x0000bfe5) c.j     pc - 8
core   0: 3 0x8000f438 (0xbfe5)
core   0: 0x8000f430 (0x00002f17) auipc   t5, 0x2
core   0: 3 0x8000f430 (0x00002f17) x30 0x80011430
core   0: 0x8000f434 (0xbc3f2823) sw      gp, -1072(t5)
core   0: 3 0x8000f434 (0xbc3f2823) mem 0x80011000 0x00000001
core   0: 0x8000f438 (0x0000bfe5) c.j     pc - 8
core   0: 3 0x8000f438 (0xbfe5)
core   0: 0x8000f430 (0x00002f17) auipc   t5, 0x2
core   0: 3 0x8000f430 (0x00002f17) x30 0x80011430
core   0: 0x8000f434 (0xbc3f2823) sw      gp, -1072(t5)
core   0: 3 0x8000f434 (0xbc3f2823) mem 0x80011000 0x00000001
core   0: 0x8000f438 (0x0000bfe5) c.j     pc - 8
core   0: 3 0x8000f438 (0xbfe5)
core   0: 0x8000f430 (0x00002f17) auipc   t5, 0x2
core   0: 3 0x8000f430 (0x00002f17) x30 0x80011430
core   0: 0x8000f434 (0xbc3f2823) sw      gp, -1072(t5)
core   0: 3 0x8000f434 (0xbc3f2823) mem 0x80011000 0x00000001
core   0: 0x8000f438 (0x0000bfe5) c.j     pc - 8
core   0: 3 0x8000f438 (0xbfe5)
core   0: 0x8000f430 (0x00002f17) auipc   t5, 0x2
core   0: 3 0x8000f430 (0x00002f17) x30 0x80011430
core   0: 0x8000f434 (0xbc3f2823) sw      gp, -1072(t5)
core   0: 3 0x8000f434 (0xbc3f2823) mem 0x80011000 0x00000001
core   0: 0x8000f438 (0x0000bfe5) c.j     pc - 8
core   0: 3 0x8000f438 (0xbfe5)
core   0: 0x8000f430 (0x00002f17) auipc   t5, 0x2
core   0: 3 0x8000f430 (0x00002f17) x30 0x80011430
core   0: 0x8000f434 (0xbc3f2823) sw      gp, -1072(t5)
core   0: 3 0x8000f434 (0xbc3f2823) mem 0x80011000 0x00000001
core   0: 0x8000f438 (0x0000bfe5) c.j     pc - 8
core   0: 3 0x8000f438 (0xbfe5)
core   0: 0x8000f430 (0x00002f17) auipc   t5, 0x2
core   0: 3 0x8000f430 (0x00002f17) x30 0x80011430
core   0: 0x8000f434 (0xbc3f2823) sw      gp, -1072(t5)
core   0: 3 0x8000f434 (0xbc3f2823) mem 0x80011000 0x00000001
core   0: 0x8000f438 (0x0000bfe5) c.j     pc - 8
core   0: 3 0x8000f438 (0xbfe5)
core   0: 0x8000f430 (0x00002f17) auipc   t5, 0x2
core   0: 3 0x8000f430 (0x00002f17) x30 0x80011430
core   0: 0x8000f434 (0xbc3f2823) sw      gp, -1072(t5)
core   0: 3 0x8000f434 (0xbc3f2823) mem 0x80011000 0x00000001
core   0: 0x8000f438 (0x0000bfe5) c.j     pc - 8
core   0: 3 0x8000f438 (0xbfe5)
core   0: 0x8000f430 (0x00002f17) auipc   t5, 0x2
core   0: 3 0x8000f430 (0x00002f17) x30 0x80011430
core   0: 0x8000f434 (0xbc3f2823) sw      gp, -1072(t5)
core   0: 3 0x8000f434 (0xbc3f2823) mem 0x80011000 0x00000001
core   0: 0x8000f438 (0x0000bfe5) c.j     pc - 8
core   0: 3 0x8000f438 (0xbfe5)
core   0: 0x8000f430 (0x00002f17) auipc   t5, 0x2
core   0: 3 0x8000f430 (0x00002f17) x30 0x80011430
core   0: 0x8000f434 (0xbc3f2823) sw      gp, -1072(t5)
core   0: 3 0x8000f434 (0xbc3f2823) mem 0x80011000 0x00000001
core   0: 0x8000f438 (0x0000bfe5) c.j     pc - 8
core   0: 3 0x8000f438 (0xbfe5)
core   0: 0x8000f430 (0x00002f17) auipc   t5, 0x2
core   0: 3 0x8000f430 (0x00002f17) x30 0x80011430
core   0: 0x8000f434 (0xbc3f2823) sw      gp, -1072(t5)
core   0: 3 0x8000f434 (0xbc3f2823) mem 0x80011000 0x00000001
core   0: 0x8000f438 (0x0000bfe5) c.j     pc - 8
core   0: 3 0x8000f438 (0xbfe5)
core   0: 0x8000f430 (0x00002f17) auipc   t5, 0x2
core   0: 3 0x8000f430 (0x00002f17) x30 0x80011430
core   0: 0x8000f434 (0xbc3f2823) sw      gp, -1072(t5)
core   0: 3 0x8000f434 (0xbc3f2823) mem 0x80011000 0x00000001
core   0: 0x8000f438 (0x0000bfe5) c.j     pc - 8
core   0: 3 0x8000f438 (0xbfe5)
core   0: 0x8000f430 (0x00002f17) auipc   t5, 0x2
core   0: 3 0x8000f430 (0x00002f17) x30 0x80011430
core   0: 0x8000f434 (0xbc3f2823) sw      gp, -1072(t5)
core   0: 3 0x8000f434 (0xbc3f2823) mem 0x80011000 0x00000001
core   0: 0x8000f438 (0x0000bfe5) c.j     pc - 8
core   0: 3 0x8000f438 (0xbfe5)
core   0: 0x8000f430 (0x00002f17) auipc   t5, 0x2
core   0: 3 0x8000f430 (0x00002f17) x30 0x80011430
core   0: 0x8000f434 (0xbc3f2823) sw      gp, -1072(t5)
core   0: 3 0x8000f434 (0xbc3f2823) mem 0x80011000 0x00000001
core   0: 0x8000f438 (0x0000bfe5) c.j     pc - 8
core   0: 3 0x8000f438 (0xbfe5)
core   0: 0x8000f430 (0x00002f17) auipc   t5, 0x2
core   0: 3 0x8000f430 (0x00002f17) x30 0x80011430
core   0: 0x8000f434 (0xbc3f2823) sw      gp, -1072(t5)
core   0: 3 0x8000f434 (0xbc3f2823) mem 0x80011000 0x00000001
core   0: 0x8000f438 (0x0000bfe5) c.j     pc - 8
core   0: 3 0x8000f438 (0xbfe5)
core   0: 0x8000f430 (0x00002f17) auipc   t5, 0x2
core   0: 3 0x8000f430 (0x00002f17) x30 0x80011430
core   0: 0x8000f434 (0xbc3f2823) sw      gp, -1072(t5)
core   0: 3 0x8000f434 (0xbc3f2823) mem 0x80011000 0x00000001
core   0: 0x8000f438 (0x0000bfe5) c.j     pc - 8
core   0: 3 0x8000f438 (0xbfe5)
core   0: 0x8000f430 (0x00002f17) auipc   t5, 0x2
core   0: 3 0x8000f430 (0x00002f17) x30 0x80011430
core   0: 0x8000f434 (0xbc3f2823) sw      gp, -1072(t5)
core   0: 3 0x8000f434 (0xbc3f2823) mem 0x80011000 0x00000001
core   0: 0x8000f438 (0x0000bfe5) c.j     pc - 8
core   0: 3 0x8000f438 (0xbfe5)
core   0: 0x8000f430 (0x00002f17) auipc   t5, 0x2
core   0: 3 0x8000f430 (0x00002f17) x30 0x80011430
core   0: 0x8000f434 (0xbc3f2823) sw      gp, -1072(t5)
core   0: 3 0x8000f434 (0xbc3f2823) mem 0x80011000 0x00000001
core   0: 0x8000f438 (0x0000bfe5) c.j     pc - 8
core   0: 3 0x8000f438 (0xbfe5)
core   0: 0x8000f430 (0x00002f17) auipc   t5, 0x2
core   0: 3 0x8000f430 (0x00002f17) x30 0x80011430
core   0: 0x8000f434 (0xbc3f2823) sw      gp, -1072(t5)
core   0: 3 0x8000f434 (0xbc3f2823) mem 0x80011000 0x00000001
core   0: 0x8000f438 (0x0000bfe5) c.j     pc - 8
core   0: 3 0x8000f438 (0xbfe5)
core   0: 0x8000f430 (0x00002f17) auipc   t5, 0x2
core   0: 3 0x8000f430 (0x00002f17) x30 0x80011430
core   0: 0x8000f434 (0xbc3f2823) sw      gp, -1072(t5)
core   0: 3 0x8000f434 (0xbc3f2823) mem 0x80011000 0x00000001
core   0: 0x8000f438 (0x0000bfe5) c.j     pc - 8
core   0: 3 0x8000f438 (0xbfe5)
core   0: 0x8000f430 (0x00002f17) auipc   t5, 0x2
core   0: 3 0x8000f430 (0x00002f17) x30 0x80011430
core   0: 0x8000f434 (0xbc3f2823) sw      gp, -1072(t5)
core   0: 3 0x8000f434 (0xbc3f2823) mem 0x80011000 0x00000001
core   0: 0x8000f438 (0x0000bfe5) c.j     pc - 8
core   0: 3 0x8000f438 (0xbfe5)
core   0: 0x8000f430 (0x00002f17) auipc   t5, 0x2
core   0: 3 0x8000f430 (0x00002f17) x30 0x80011430
core   0: 0x8000f434 (0xbc3f2823) sw      gp, -1072(t5)
core   0: 3 0x8000f434 (0xbc3f2823) mem 0x80011000 0x00000001
core   0: 0x8000f438 (0x0000bfe5) c.j     pc - 8
core   0: 3 0x8000f438 (0xbfe5)
core   0: 0x8000f430 (0x00002f17) auipc   t5, 0x2
core   0: 3 0x8000f430 (0x00002f17) x30 0x80011430
core   0: 0x8000f434 (0xbc3f2823) sw      gp, -1072(t5)
core   0: 3 0x8000f434 (0xbc3f2823) mem 0x80011000 0x00000001
core   0: 0x8000f438 (0x0000bfe5) c.j     pc - 8
core   0: 3 0x8000f438 (0xbfe5)
core   0: 0x8000f430 (0x00002f17) auipc   t5, 0x2
core   0: 3 0x8000f430 (0x00002f17) x30 0x80011430
core   0: 0x8000f434 (0xbc3f2823) sw      gp, -1072(t5)
core   0: 3 0x8000f434 (0xbc3f2823) mem 0x80011000 0x00000001
core   0: 0x8000f438 (0x0000bfe5) c.j     pc - 8
core   0: 3 0x8000f438 (0xbfe5)
core   0: 0x8000f430 (0x00002f17) auipc   t5, 0x2
core   0: 3 0x8000f430 (0x00002f17) x30 0x80011430
core   0: 0x8000f434 (0xbc3f2823) sw      gp, -1072(t5)
core   0: 3 0x8000f434 (0xbc3f2823) mem 0x80011000 0x00000001
core   0: 0x8000f438 (0x0000bfe5) c.j     pc - 8
core   0: 3 0x8000f438 (0xbfe5)
core   0: 0x8000f430 (0x00002f17) auipc   t5, 0x2
core   0: 3 0x8000f430 (0x00002f17) x30 0x80011430
core   0: 0x8000f434 (0xbc3f2823) sw      gp, -1072(t5)
core   0: 3 0x8000f434 (0xbc3f2823) mem 0x80011000 0x00000001
core   0: 0x8000f438 (0x0000bfe5) c.j     pc - 8
core   0: 3 0x8000f438 (0xbfe5)
core   0: 0x8000f430 (0x00002f17) auipc   t5, 0x2
core   0: 3 0x8000f430 (0x00002f17) x30 0x80011430
core   0: 0x8000f434 (0xbc3f2823) sw      gp, -1072(t5)
core   0: 3 0x8000f434 (0xbc3f2823) mem 0x80011000 0x00000001
core   0: 0x8000f438 (0x0000bfe5) c.j     pc - 8
core   0: 3 0x8000f438 (0xbfe5)
core   0: 0x8000f430 (0x00002f17) auipc   t5, 0x2
core   0: 3 0x8000f430 (0x00002f17) x30 0x80011430
core   0: 0x8000f434 (0xbc3f2823) sw      gp, -1072(t5)
core   0: 3 0x8000f434 (0xbc3f2823) mem 0x80011000 0x00000001
core   0: 0x8000f438 (0x0000bfe5) c.j     pc - 8
core   0: 3 0x8000f438 (0xbfe5)
core   0: 0x8000f430 (0x00002f17) auipc   t5, 0x2
core   0: 3 0x8000f430 (0x00002f17) x30 0x80011430
core   0: 0x8000f434 (0xbc3f2823) sw      gp, -1072(t5)
core   0: 3 0x8000f434 (0xbc3f2823) mem 0x80011000 0x00000001
core   0: 0x8000f438 (0x0000bfe5) c.j     pc - 8
core   0: 3 0x8000f438 (0xbfe5)
core   0: 0x8000f430 (0x00002f17) auipc   t5, 0x2
core   0: 3 0x8000f430 (0x00002f17) x30 0x80011430
core   0: 0x8000f434 (0xbc3f2823) sw      gp, -1072(t5)
core   0: 3 0x8000f434 (0xbc3f2823) mem 0x80011000 0x00000001
core   0: 0x8000f438 (0x0000bfe5) c.j     pc - 8
core   0: 3 0x8000f438 (0xbfe5)
core   0: 0x8000f430 (0x00002f17) auipc   t5, 0x2
core   0: 3 0x8000f430 (0x00002f17) x30 0x80011430
core   0: 0x8000f434 (0xbc3f2823) sw      gp, -1072(t5)
core   0: 3 0x8000f434 (0xbc3f2823) mem 0x80011000 0x00000001
core   0: 0x8000f438 (0x0000bfe5) c.j     pc - 8
core   0: 3 0x8000f438 (0xbfe5)
core   0: 0x8000f430 (0x00002f17) auipc   t5, 0x2
core   0: 3 0x8000f430 (0x00002f17) x30 0x80011430
core   0: 0x8000f434 (0xbc3f2823) sw      gp, -1072(t5)
core   0: 3 0x8000f434 (0xbc3f2823) mem 0x80011000 0x00000001
core   0: 0x8000f438 (0x0000bfe5) c.j     pc - 8
core   0: 3 0x8000f438 (0xbfe5)
core   0: 0x8000f430 (0x00002f17) auipc   t5, 0x2
core   0: 3 0x8000f430 (0x00002f17) x30 0x80011430
core   0: 0x8000f434 (0xbc3f2823) sw      gp, -1072(t5)
core   0: 3 0x8000f434 (0xbc3f2823) mem 0x80011000 0x00000001
core   0: 0x8000f438 (0x0000bfe5) c.j     pc - 8
core   0: 3 0x8000f438 (0xbfe5)
core   0: 0x8000f430 (0x00002f17) auipc   t5, 0x2
core   0: 3 0x8000f430 (0x00002f17) x30 0x80011430
core   0: 0x8000f434 (0xbc3f2823) sw      gp, -1072(t5)
core   0: 3 0x8000f434 (0xbc3f2823) mem 0x80011000 0x00000001
core   0: 0x8000f438 (0x0000bfe5) c.j     pc - 8
core   0: 3 0x8000f438 (0xbfe5)
core   0: 0x8000f430 (0x00002f17) auipc   t5, 0x2
core   0: 3 0x8000f430 (0x00002f17) x30 0x80011430
core   0: 0x8000f434 (0xbc3f2823) sw      gp, -1072(t5)
core   0: 3 0x8000f434 (0xbc3f2823) mem 0x80011000 0x00000001
core   0: 0x8000f438 (0x0000bfe5) c.j     pc - 8
core   0: 3 0x8000f438 (0xbfe5)
core   0: 0x8000f430 (0x00002f17) auipc   t5, 0x2
core   0: 3 0x8000f430 (0x00002f17) x30 0x80011430
core   0: 0x8000f434 (0xbc3f2823) sw      gp, -1072(t5)
core   0: 3 0x8000f434 (0xbc3f2823) mem 0x80011000 0x00000001
core   0: 0x8000f438 (0x0000bfe5) c.j     pc - 8
core   0: 3 0x8000f438 (0xbfe5)
core   0: 0x8000f430 (0x00002f17) auipc   t5, 0x2
core   0: 3 0x8000f430 (0x00002f17) x30 0x80011430
core   0: 0x8000f434 (0xbc3f2823) sw      gp, -1072(t5)
core   0: 3 0x8000f434 (0xbc3f2823) mem 0x80011000 0x00000001
core   0: 0x8000f438 (0x0000bfe5) c.j     pc - 8
core   0: 3 0x8000f438 (0xbfe5)
core   0: 0x8000f430 (0x00002f17) auipc   t5, 0x2
core   0: 3 0x8000f430 (0x00002f17) x30 0x80011430
core   0: 0x8000f434 (0xbc3f2823) sw      gp, -1072(t5)
core   0: 3 0x8000f434 (0xbc3f2823) mem 0x80011000 0x00000001
core   0: 0x8000f438 (0x0000bfe5) c.j     pc - 8
core   0: 3 0x8000f438 (0xbfe5)
core   0: 0x8000f430 (0x00002f17) auipc   t5, 0x2
core   0: 3 0x8000f430 (0x00002f17) x30 0x80011430
core   0: 0x8000f434 (0xbc3f2823) sw      gp, -1072(t5)
core   0: 3 0x8000f434 (0xbc3f2823) mem 0x80011000 0x00000001
core   0: 0x8000f438 (0x0000bfe5) c.j     pc - 8
core   0: 3 0x8000f438 (0xbfe5)
core   0: 0x8000f430 (0x00002f17) auipc   t5, 0x2
core   0: 3 0x8000f430 (0x00002f17) x30 0x80011430
core   0: 0x8000f434 (0xbc3f2823) sw      gp, -1072(t5)
core   0: 3 0x8000f434 (0xbc3f2823) mem 0x80011000 0x00000001
core   0: 0x8000f438 (0x0000bfe5) c.j     pc - 8
core   0: 3 0x8000f438 (0xbfe5)
core   0: 0x8000f430 (0x00002f17) auipc   t5, 0x2
core   0: 3 0x8000f430 (0x00002f17) x30 0x80011430
core   0: 0x8000f434 (0xbc3f2823) sw      gp, -1072(t5)
core   0: 3 0x8000f434 (0xbc3f2823) mem 0x80011000 0x00000001
core   0: 0x8000f438 (0x0000bfe5) c.j     pc - 8
core   0: 3 0x8000f438 (0xbfe5)
core   0: 0x8000f430 (0x00002f17) auipc   t5, 0x2
core   0: 3 0x8000f430 (0x00002f17) x30 0x80011430
core   0: 0x8000f434 (0xbc3f2823) sw      gp, -1072(t5)
core   0: 3 0x8000f434 (0xbc3f2823) mem 0x80011000 0x00000001
core   0: 0x8000f438 (0x0000bfe5) c.j     pc - 8
core   0: 3 0x8000f438 (0xbfe5)
core   0: 0x8000f430 (0x00002f17) auipc   t5, 0x2
core   0: 3 0x8000f430 (0x00002f17) x30 0x80011430
core   0: 0x8000f434 (0xbc3f2823) sw      gp, -1072(t5)
core   0: 3 0x8000f434 (0xbc3f2823) mem 0x80011000 0x00000001
core   0: 0x8000f438 (0x0000bfe5) c.j     pc - 8
core   0: 3 0x8000f438 (0xbfe5)
core   0: 0x8000f430 (0x00002f17) auipc   t5, 0x2
core   0: 3 0x8000f430 (0x00002f17) x30 0x80011430
core   0: 0x8000f434 (0xbc3f2823) sw      gp, -1072(t5)
core   0: 3 0x8000f434 (0xbc3f2823) mem 0x80011000 0x00000001
core   0: 0x8000f438 (0x0000bfe5) c.j     pc - 8
core   0: 3 0x8000f438 (0xbfe5)
core   0: 0x8000f430 (0x00002f17) auipc   t5, 0x2
core   0: 3 0x8000f430 (0x00002f17) x30 0x80011430
core   0: 0x8000f434 (0xbc3f2823) sw      gp, -1072(t5)
core   0: 3 0x8000f434 (0xbc3f2823) mem 0x80011000 0x00000001
core   0: 0x8000f438 (0x0000bfe5) c.j     pc - 8
core   0: 3 0x8000f438 (0xbfe5)
core   0: 0x8000f430 (0x00002f17) auipc   t5, 0x2
core   0: 3 0x8000f430 (0x00002f17) x30 0x80011430
core   0: 0x8000f434 (0xbc3f2823) sw      gp, -1072(t5)
core   0: 3 0x8000f434 (0xbc3f2823) mem 0x80011000 0x00000001
core   0: 0x8000f438 (0x0000bfe5) c.j     pc - 8
core   0: 3 0x8000f438 (0xbfe5)
core   0: 0x8000f430 (0x00002f17) auipc   t5, 0x2
core   0: 3 0x8000f430 (0x00002f17) x30 0x80011430
core   0: 0x8000f434 (0xbc3f2823) sw      gp, -1072(t5)
core   0: 3 0x8000f434 (0xbc3f2823) mem 0x80011000 0x00000001
core   0: 0x8000f438 (0x0000bfe5) c.j     pc - 8
core   0: 3 0x8000f438 (0xbfe5)
core   0: 0x8000f430 (0x00002f17) auipc   t5, 0x2
core   0: 3 0x8000f430 (0x00002f17) x30 0x80011430
core   0: 0x8000f434 (0xbc3f2823) sw      gp, -1072(t5)
core   0: 3 0x8000f434 (0xbc3f2823) mem 0x80011000 0x00000001
core   0: 0x8000f438 (0x0000bfe5) c.j     pc - 8
core   0: 3 0x8000f438 (0xbfe5)
core   0: 0x8000f430 (0x00002f17) auipc   t5, 0x2
core   0: 3 0x8000f430 (0x00002f17) x30 0x80011430
core   0: 0x8000f434 (0xbc3f2823) sw      gp, -1072(t5)
core   0: 3 0x8000f434 (0xbc3f2823) mem 0x80011000 0x00000001
core   0: 0x8000f438 (0x0000bfe5) c.j     pc - 8
core   0: 3 0x8000f438 (0xbfe5)
core   0: 0x8000f430 (0x00002f17) auipc   t5, 0x2
core   0: 3 0x8000f430 (0x00002f17) x30 0x80011430
core   0: 0x8000f434 (0xbc3f2823) sw      gp, -1072(t5)
core   0: 3 0x8000f434 (0xbc3f2823) mem 0x80011000 0x00000001
core   0: 0x8000f438 (0x0000bfe5) c.j     pc - 8
core   0: 3 0x8000f438 (0xbfe5)
core   0: 0x8000f430 (0x00002f17) auipc   t5, 0x2
core   0: 3 0x8000f430 (0x00002f17) x30 0x80011430
core   0: 0x8000f434 (0xbc3f2823) sw      gp, -1072(t5)
core   0: 3 0x8000f434 (0xbc3f2823) mem 0x80011000 0x00000001
core   0: 0x8000f438 (0x0000bfe5) c.j     pc - 8
core   0: 3 0x8000f438 (0xbfe5)
core   0: 0x8000f430 (0x00002f17) auipc   t5, 0x2
core   0: 3 0x8000f430 (0x00002f17) x30 0x80011430
core   0: 0x8000f434 (0xbc3f2823) sw      gp, -1072(t5)
core   0: 3 0x8000f434 (0xbc3f2823) mem 0x80011000 0x00000001
core   0: 0x8000f438 (0x0000bfe5) c.j     pc - 8
core   0: 3 0x8000f438 (0xbfe5)
core   0: 0x8000f430 (0x00002f17) auipc   t5, 0x2
core   0: 3 0x8000f430 (0x00002f17) x30 0x80011430
core   0: 0x8000f434 (0xbc3f2823) sw      gp, -1072(t5)
core   0: 3 0x8000f434 (0xbc3f2823) mem 0x80011000 0x00000001
core   0: 0x8000f438 (0x0000bfe5) c.j     pc - 8
core   0: 3 0x8000f438 (0xbfe5)
core   0: 0x8000f430 (0x00002f17) auipc   t5, 0x2
core   0: 3 0x8000f430 (0x00002f17) x30 0x80011430
core   0: 0x8000f434 (0xbc3f2823) sw      gp, -1072(t5)
core   0: 3 0x8000f434 (0xbc3f2823) mem 0x80011000 0x00000001
core   0: 0x8000f438 (0x0000bfe5) c.j     pc - 8
core   0: 3 0x8000f438 (0xbfe5)
core   0: 0x8000f430 (0x00002f17) auipc   t5, 0x2
core   0: 3 0x8000f430 (0x00002f17) x30 0x80011430
core   0: 0x8000f434 (0xbc3f2823) sw      gp, -1072(t5)
core   0: 3 0x8000f434 (0xbc3f2823) mem 0x80011000 0x00000001
core   0: 0x8000f438 (0x0000bfe5) c.j     pc - 8
core   0: 3 0x8000f438 (0xbfe5)
core   0: 0x8000f430 (0x00002f17) auipc   t5, 0x2
core   0: 3 0x8000f430 (0x00002f17) x30 0x80011430
core   0: 0x8000f434 (0xbc3f2823) sw      gp, -1072(t5)
core   0: 3 0x8000f434 (0xbc3f2823) mem 0x80011000 0x00000001
core   0: 0x8000f438 (0x0000bfe5) c.j     pc - 8
core   0: 3 0x8000f438 (0xbfe5)
core   0: 0x8000f430 (0x00002f17) auipc   t5, 0x2
core   0: 3 0x8000f430 (0x00002f17) x30 0x80011430
core   0: 0x8000f434 (0xbc3f2823) sw      gp, -1072(t5)
core   0: 3 0x8000f434 (0xbc3f2823) mem 0x80011000 0x00000001
core   0: 0x8000f438 (0x0000bfe5) c.j     pc - 8
core   0: 3 0x8000f438 (0xbfe5)
core   0: 0x8000f430 (0x00002f17) auipc   t5, 0x2
core   0: 3 0x8000f430 (0x00002f17) x30 0x80011430
core   0: 0x8000f434 (0xbc3f2823) sw      gp, -1072(t5)
core   0: 3 0x8000f434 (0xbc3f2823) mem 0x80011000 0x00000001
core   0: 0x8000f438 (0x0000bfe5) c.j     pc - 8
core   0: 3 0x8000f438 (0xbfe5)
core   0: 0x8000f430 (0x00002f17) auipc   t5, 0x2
core   0: 3 0x8000f430 (0x00002f17) x30 0x80011430
core   0: 0x8000f434 (0xbc3f2823) sw      gp, -1072(t5)
core   0: 3 0x8000f434 (0xbc3f2823) mem 0x80011000 0x00000001
core   0: 0x8000f438 (0x0000bfe5) c.j     pc - 8
core   0: 3 0x8000f438 (0xbfe5)
core   0: 0x8000f430 (0x00002f17) auipc   t5, 0x2
core   0: 3 0x8000f430 (0x00002f17) x30 0x80011430
core   0: 0x8000f434 (0xbc3f2823) sw      gp, -1072(t5)
core   0: 3 0x8000f434 (0xbc3f2823) mem 0x80011000 0x00000001
core   0: 0x8000f438 (0x0000bfe5) c.j     pc - 8
core   0: 3 0x8000f438 (0xbfe5)
core   0: 0x8000f430 (0x00002f17) auipc   t5, 0x2
core   0: 3 0x8000f430 (0x00002f17) x30 0x80011430
core   0: 0x8000f434 (0xbc3f2823) sw      gp, -1072(t5)
core   0: 3 0x8000f434 (0xbc3f2823) mem 0x80011000 0x00000001
core   0: 0x8000f438 (0x0000bfe5) c.j     pc - 8
core   0: 3 0x8000f438 (0xbfe5)
core   0: 0x8000f430 (0x00002f17) auipc   t5, 0x2
core   0: 3 0x8000f430 (0x00002f17) x30 0x80011430
core   0: 0x8000f434 (0xbc3f2823) sw      gp, -1072(t5)
core   0: 3 0x8000f434 (0xbc3f2823) mem 0x80011000 0x00000001
core   0: 0x8000f438 (0x0000bfe5) c.j     pc - 8
core   0: 3 0x8000f438 (0xbfe5)
core   0: 0x8000f430 (0x00002f17) auipc   t5, 0x2
core   0: 3 0x8000f430 (0x00002f17) x30 0x80011430
core   0: 0x8000f434 (0xbc3f2823) sw      gp, -1072(t5)
core   0: 3 0x8000f434 (0xbc3f2823) mem 0x80011000 0x00000001
core   0: 0x8000f438 (0x0000bfe5) c.j     pc - 8
core   0: 3 0x8000f438 (0xbfe5)
core   0: 0x8000f430 (0x00002f17) auipc   t5, 0x2
core   0: 3 0x8000f430 (0x00002f17) x30 0x80011430
core   0: 0x8000f434 (0xbc3f2823) sw      gp, -1072(t5)
core   0: 3 0x8000f434 (0xbc3f2823) mem 0x80011000 0x00000001
core   0: 0x8000f438 (0x0000bfe5) c.j     pc - 8
core   0: 3 0x8000f438 (0xbfe5)
core   0: 0x8000f430 (0x00002f17) auipc   t5, 0x2
core   0: 3 0x8000f430 (0x00002f17) x30 0x80011430
core   0: 0x8000f434 (0xbc3f2823) sw      gp, -1072(t5)
core   0: 3 0x8000f434 (0xbc3f2823) mem 0x80011000 0x00000001
core   0: 0x8000f438 (0x0000bfe5) c.j     pc - 8
core   0: 3 0x8000f438 (0xbfe5)
core   0: 0x8000f430 (0x00002f17) auipc   t5, 0x2
core   0: 3 0x8000f430 (0x00002f17) x30 0x80011430
core   0: 0x8000f434 (0xbc3f2823) sw      gp, -1072(t5)
core   0: 3 0x8000f434 (0xbc3f2823) mem 0x80011000 0x00000001
core   0: 0x8000f438 (0x0000bfe5) c.j     pc - 8
core   0: 3 0x8000f438 (0xbfe5)
core   0: 0x8000f430 (0x00002f17) auipc   t5, 0x2
core   0: 3 0x8000f430 (0x00002f17) x30 0x80011430
core   0: 0x8000f434 (0xbc3f2823) sw      gp, -1072(t5)
core   0: 3 0x8000f434 (0xbc3f2823) mem 0x80011000 0x00000001
core   0: 0x8000f438 (0x0000bfe5) c.j     pc - 8
core   0: 3 0x8000f438 (0xbfe5)
core   0: 0x8000f430 (0x00002f17) auipc   t5, 0x2
core   0: 3 0x8000f430 (0x00002f17) x30 0x80011430
core   0: 0x8000f434 (0xbc3f2823) sw      gp, -1072(t5)
core   0: 3 0x8000f434 (0xbc3f2823) mem 0x80011000 0x00000001
core   0: 0x8000f438 (0x0000bfe5) c.j     pc - 8
core   0: 3 0x8000f438 (0xbfe5)
core   0: 0x8000f430 (0x00002f17) auipc   t5, 0x2
core   0: 3 0x8000f430 (0x00002f17) x30 0x80011430
core   0: 0x8000f434 (0xbc3f2823) sw      gp, -1072(t5)
core   0: 3 0x8000f434 (0xbc3f2823) mem 0x80011000 0x00000001
core   0: 0x8000f438 (0x0000bfe5) c.j     pc - 8
core   0: 3 0x8000f438 (0xbfe5)
core   0: 0x8000f430 (0x00002f17) auipc   t5, 0x2
core   0: 3 0x8000f430 (0x00002f17) x30 0x80011430
core   0: 0x8000f434 (0xbc3f2823) sw      gp, -1072(t5)
core   0: 3 0x8000f434 (0xbc3f2823) mem 0x80011000 0x00000001
core   0: 0x8000f438 (0x0000bfe5) c.j     pc - 8
core   0: 3 0x8000f438 (0xbfe5)
core   0: 0x8000f430 (0x00002f17) auipc   t5, 0x2
core   0: 3 0x8000f430 (0x00002f17) x30 0x80011430
core   0: 0x8000f434 (0xbc3f2823) sw      gp, -1072(t5)
core   0: 3 0x8000f434 (0xbc3f2823) mem 0x80011000 0x00000001
core   0: 0x8000f438 (0x0000bfe5) c.j     pc - 8
core   0: 3 0x8000f438 (0xbfe5)
core   0: 0x8000f430 (0x00002f17) auipc   t5, 0x2
core   0: 3 0x8000f430 (0x00002f17) x30 0x80011430
core   0: 0x8000f434 (0xbc3f2823) sw      gp, -1072(t5)
core   0: 3 0x8000f434 (0xbc3f2823) mem 0x80011000 0x00000001
core   0: 0x8000f438 (0x0000bfe5) c.j     pc - 8
core   0: 3 0x8000f438 (0xbfe5)
core   0: 0x8000f430 (0x00002f17) auipc   t5, 0x2
core   0: 3 0x8000f430 (0x00002f17) x30 0x80011430
core   0: 0x8000f434 (0xbc3f2823) sw      gp, -1072(t5)
core   0: 3 0x8000f434 (0xbc3f2823) mem 0x80011000 0x00000001
core   0: 0x8000f438 (0x0000bfe5) c.j     pc - 8
core   0: 3 0x8000f438 (0xbfe5)
core   0: 0x8000f430 (0x00002f17) auipc   t5, 0x2
core   0: 3 0x8000f430 (0x00002f17) x30 0x80011430
core   0: 0x8000f434 (0xbc3f2823) sw      gp, -1072(t5)
core   0: 3 0x8000f434 (0xbc3f2823) mem 0x80011000 0x00000001
core   0: 0x8000f438 (0x0000bfe5) c.j     pc - 8
core   0: 3 0x8000f438 (0xbfe5)
core   0: 0x8000f430 (0x00002f17) auipc   t5, 0x2
core   0: 3 0x8000f430 (0x00002f17) x30 0x80011430
core   0: 0x8000f434 (0xbc3f2823) sw      gp, -1072(t5)
core   0: 3 0x8000f434 (0xbc3f2823) mem 0x80011000 0x00000001
core   0: 0x8000f438 (0x0000bfe5) c.j     pc - 8
core   0: 3 0x8000f438 (0xbfe5)
core   0: 0x8000f430 (0x00002f17) auipc   t5, 0x2
core   0: 3 0x8000f430 (0x00002f17) x30 0x80011430
core   0: 0x8000f434 (0xbc3f2823) sw      gp, -1072(t5)
core   0: 3 0x8000f434 (0xbc3f2823) mem 0x80011000 0x00000001
core   0: 0x8000f438 (0x0000bfe5) c.j     pc - 8
core   0: 3 0x8000f438 (0xbfe5)
core   0: 0x8000f430 (0x00002f17) auipc   t5, 0x2
core   0: 3 0x8000f430 (0x00002f17) x30 0x80011430
core   0: 0x8000f434 (0xbc3f2823) sw      gp, -1072(t5)
core   0: 3 0x8000f434 (0xbc3f2823) mem 0x80011000 0x00000001
core   0: 0x8000f438 (0x0000bfe5) c.j     pc - 8
core   0: 3 0x8000f438 (0xbfe5)
core   0: 0x8000f430 (0x00002f17) auipc   t5, 0x2
core   0: 3 0x8000f430 (0x00002f17) x30 0x80011430
core   0: 0x8000f434 (0xbc3f2823) sw      gp, -1072(t5)
core   0: 3 0x8000f434 (0xbc3f2823) mem 0x80011000 0x00000001
core   0: 0x8000f438 (0x0000bfe5) c.j     pc - 8
core   0: 3 0x8000f438 (0xbfe5)
core   0: 0x8000f430 (0x00002f17) auipc   t5, 0x2
core   0: 3 0x8000f430 (0x00002f17) x30 0x80011430
core   0: 0x8000f434 (0xbc3f2823) sw      gp, -1072(t5)
core   0: 3 0x8000f434 (0xbc3f2823) mem 0x80011000 0x00000001
core   0: 0x8000f438 (0x0000bfe5) c.j     pc - 8
core   0: 3 0x8000f438 (0xbfe5)
core   0: 0x8000f430 (0x00002f17) auipc   t5, 0x2
core   0: 3 0x8000f430 (0x00002f17) x30 0x80011430
core   0: 0x8000f434 (0xbc3f2823) sw      gp, -1072(t5)
core   0: 3 0x8000f434 (0xbc3f2823) mem 0x80011000 0x00000001
core   0: 0x8000f438 (0x0000bfe5) c.j     pc - 8
core   0: 3 0x8000f438 (0xbfe5)
core   0: 0x8000f430 (0x00002f17) auipc   t5, 0x2
core   0: 3 0x8000f430 (0x00002f17) x30 0x80011430
core   0: 0x8000f434 (0xbc3f2823) sw      gp, -1072(t5)
core   0: 3 0x8000f434 (0xbc3f2823) mem 0x80011000 0x00000001
core   0: 0x8000f438 (0x0000bfe5) c.j     pc - 8
core   0: 3 0x8000f438 (0xbfe5)
core   0: 0x8000f430 (0x00002f17) auipc   t5, 0x2
core   0: 3 0x8000f430 (0x00002f17) x30 0x80011430
core   0: 0x8000f434 (0xbc3f2823) sw      gp, -1072(t5)
core   0: 3 0x8000f434 (0xbc3f2823) mem 0x80011000 0x00000001
core   0: 0x8000f438 (0x0000bfe5) c.j     pc - 8
core   0: 3 0x8000f438 (0xbfe5)
core   0: 0x8000f430 (0x00002f17) auipc   t5, 0x2
core   0: 3 0x8000f430 (0x00002f17) x30 0x80011430
core   0: 0x8000f434 (0xbc3f2823) sw      gp, -1072(t5)
core   0: 3 0x8000f434 (0xbc3f2823) mem 0x80011000 0x00000001
core   0: 0x8000f438 (0x0000bfe5) c.j     pc - 8
core   0: 3 0x8000f438 (0xbfe5)
core   0: 0x8000f430 (0x00002f17) auipc   t5, 0x2
core   0: 3 0x8000f430 (0x00002f17) x30 0x80011430
core   0: 0x8000f434 (0xbc3f2823) sw      gp, -1072(t5)
core   0: 3 0x8000f434 (0xbc3f2823) mem 0x80011000 0x00000001
core   0: 0x8000f438 (0x0000bfe5) c.j     pc - 8
core   0: 3 0x8000f438 (0xbfe5)
core   0: 0x8000f430 (0x00002f17) auipc   t5, 0x2
core   0: 3 0x8000f430 (0x00002f17) x30 0x80011430
core   0: 0x8000f434 (0xbc3f2823) sw      gp, -1072(t5)
core   0: 3 0x8000f434 (0xbc3f2823) mem 0x80011000 0x00000001
core   0: 0x8000f438 (0x0000bfe5) c.j     pc - 8
core   0: 3 0x8000f438 (0xbfe5)
core   0: 0x8000f430 (0x00002f17) auipc   t5, 0x2
core   0: 3 0x8000f430 (0x00002f17) x30 0x80011430
core   0: 0x8000f434 (0xbc3f2823) sw      gp, -1072(t5)
core   0: 3 0x8000f434 (0xbc3f2823) mem 0x80011000 0x00000001
core   0: 0x8000f438 (0x0000bfe5) c.j     pc - 8
core   0: 3 0x8000f438 (0xbfe5)
core   0: 0x8000f430 (0x00002f17) auipc   t5, 0x2
core   0: 3 0x8000f430 (0x00002f17) x30 0x80011430
core   0: 0x8000f434 (0xbc3f2823) sw      gp, -1072(t5)
core   0: 3 0x8000f434 (0xbc3f2823) mem 0x80011000 0x00000001
core   0: 0x8000f438 (0x0000bfe5) c.j     pc - 8
core   0: 3 0x8000f438 (0xbfe5)
core   0: 0x8000f430 (0x00002f17) auipc   t5, 0x2
core   0: 3 0x8000f430 (0x00002f17) x30 0x80011430
core   0: 0x8000f434 (0xbc3f2823) sw      gp, -1072(t5)
core   0: 3 0x8000f434 (0xbc3f2823) mem 0x80011000 0x00000001
core   0: 0x8000f438 (0x0000bfe5) c.j     pc - 8
core   0: 3 0x8000f438 (0xbfe5)
core   0: 0x8000f430 (0x00002f17) auipc   t5, 0x2
core   0: 3 0x8000f430 (0x00002f17) x30 0x80011430
core   0: 0x8000f434 (0xbc3f2823) sw      gp, -1072(t5)
core   0: 3 0x8000f434 (0xbc3f2823) mem 0x80011000 0x00000001
core   0: 0x8000f438 (0x0000bfe5) c.j     pc - 8
core   0: 3 0x8000f438 (0xbfe5)
core   0: 0x8000f430 (0x00002f17) auipc   t5, 0x2
core   0: 3 0x8000f430 (0x00002f17) x30 0x80011430
core   0: 0x8000f434 (0xbc3f2823) sw      gp, -1072(t5)
core   0: 3 0x8000f434 (0xbc3f2823) mem 0x80011000 0x00000001
core   0: 0x8000f438 (0x0000bfe5) c.j     pc - 8
core   0: 3 0x8000f438 (0xbfe5)
core   0: 0x8000f430 (0x00002f17) auipc   t5, 0x2
core   0: 3 0x8000f430 (0x00002f17) x30 0x80011430
core   0: 0x8000f434 (0xbc3f2823) sw      gp, -1072(t5)
core   0: 3 0x8000f434 (0xbc3f2823) mem 0x80011000 0x00000001
core   0: 0x8000f438 (0x0000bfe5) c.j     pc - 8
core   0: 3 0x8000f438 (0xbfe5)
core   0: 0x8000f430 (0x00002f17) auipc   t5, 0x2
core   0: 3 0x8000f430 (0x00002f17) x30 0x80011430
core   0: 0x8000f434 (0xbc3f2823) sw      gp, -1072(t5)
core   0: 3 0x8000f434 (0xbc3f2823) mem 0x80011000 0x00000001
core   0: 0x8000f438 (0x0000bfe5) c.j     pc - 8
core   0: 3 0x8000f438 (0xbfe5)
core   0: 0x8000f430 (0x00002f17) auipc   t5, 0x2
core   0: 3 0x8000f430 (0x00002f17) x30 0x80011430
core   0: 0x8000f434 (0xbc3f2823) sw      gp, -1072(t5)
core   0: 3 0x8000f434 (0xbc3f2823) mem 0x80011000 0x00000001
core   0: 0x8000f438 (0x0000bfe5) c.j     pc - 8
core   0: 3 0x8000f438 (0xbfe5)
core   0: 0x8000f430 (0x00002f17) auipc   t5, 0x2
core   0: 3 0x8000f430 (0x00002f17) x30 0x80011430
core   0: 0x8000f434 (0xbc3f2823) sw      gp, -1072(t5)
core   0: 3 0x8000f434 (0xbc3f2823) mem 0x80011000 0x00000001
core   0: 0x8000f438 (0x0000bfe5) c.j     pc - 8
core   0: 3 0x8000f438 (0xbfe5)
core   0: 0x8000f430 (0x00002f17) auipc   t5, 0x2
core   0: 3 0x8000f430 (0x00002f17) x30 0x80011430
core   0: 0x8000f434 (0xbc3f2823) sw      gp, -1072(t5)
core   0: 3 0x8000f434 (0xbc3f2823) mem 0x80011000 0x00000001
core   0: 0x8000f438 (0x0000bfe5) c.j     pc - 8
core   0: 3 0x8000f438 (0xbfe5)
core   0: 0x8000f430 (0x00002f17) auipc   t5, 0x2
core   0: 3 0x8000f430 (0x00002f17) x30 0x80011430
core   0: 0x8000f434 (0xbc3f2823) sw      gp, -1072(t5)
core   0: 3 0x8000f434 (0xbc3f2823) mem 0x80011000 0x00000001
core   0: 0x8000f438 (0x0000bfe5) c.j     pc - 8
core   0: 3 0x8000f438 (0xbfe5)
core   0: 0x8000f430 (0x00002f17) auipc   t5, 0x2
core   0: 3 0x8000f430 (0x00002f17) x30 0x80011430
core   0: 0x8000f434 (0xbc3f2823) sw      gp, -1072(t5)
core   0: 3 0x8000f434 (0xbc3f2823) mem 0x80011000 0x00000001
core   0: 0x8000f438 (0x0000bfe5) c.j     pc - 8
core   0: 3 0x8000f438 (0xbfe5)
core   0: 0x8000f430 (0x00002f17) auipc   t5, 0x2
core   0: 3 0x8000f430 (0x00002f17) x30 0x80011430
core   0: 0x8000f434 (0xbc3f2823) sw      gp, -1072(t5)
core   0: 3 0x8000f434 (0xbc3f2823) mem 0x80011000 0x00000001
core   0: 0x8000f438 (0x0000bfe5) c.j     pc - 8
core   0: 3 0x8000f438 (0xbfe5)
core   0: 0x8000f430 (0x00002f17) auipc   t5, 0x2
core   0: 3 0x8000f430 (0x00002f17) x30 0x80011430
core   0: 0x8000f434 (0xbc3f2823) sw      gp, -1072(t5)
core   0: 3 0x8000f434 (0xbc3f2823) mem 0x80011000 0x00000001
core   0: 0x8000f438 (0x0000bfe5) c.j     pc - 8
core   0: 3 0x8000f438 (0xbfe5)
core   0: 0x8000f430 (0x00002f17) auipc   t5, 0x2
core   0: 3 0x8000f430 (0x00002f17) x30 0x80011430
core   0: 0x8000f434 (0xbc3f2823) sw      gp, -1072(t5)
core   0: 3 0x8000f434 (0xbc3f2823) mem 0x80011000 0x00000001
core   0: 0x8000f438 (0x0000bfe5) c.j     pc - 8
core   0: 3 0x8000f438 (0xbfe5)
core   0: 0x8000f430 (0x00002f17) auipc   t5, 0x2
core   0: 3 0x8000f430 (0x00002f17) x30 0x80011430
core   0: 0x8000f434 (0xbc3f2823) sw      gp, -1072(t5)
core   0: 3 0x8000f434 (0xbc3f2823) mem 0x80011000 0x00000001
core   0: 0x8000f438 (0x0000bfe5) c.j     pc - 8
core   0: 3 0x8000f438 (0xbfe5)
core   0: 0x8000f430 (0x00002f17) auipc   t5, 0x2
core   0: 3 0x8000f430 (0x00002f17) x30 0x80011430
core   0: 0x8000f434 (0xbc3f2823) sw      gp, -1072(t5)
core   0: 3 0x8000f434 (0xbc3f2823) mem 0x80011000 0x00000001
core   0: 0x8000f438 (0x0000bfe5) c.j     pc - 8
core   0: 3 0x8000f438 (0xbfe5)
core   0: 0x8000f430 (0x00002f17) auipc   t5, 0x2
core   0: 3 0x8000f430 (0x00002f17) x30 0x80011430
core   0: 0x8000f434 (0xbc3f2823) sw      gp, -1072(t5)
core   0: 3 0x8000f434 (0xbc3f2823) mem 0x80011000 0x00000001
core   0: 0x8000f438 (0x0000bfe5) c.j     pc - 8
core   0: 3 0x8000f438 (0xbfe5)
core   0: 0x8000f430 (0x00002f17) auipc   t5, 0x2
core   0: 3 0x8000f430 (0x00002f17) x30 0x80011430
core   0: 0x8000f434 (0xbc3f2823) sw      gp, -1072(t5)
core   0: 3 0x8000f434 (0xbc3f2823) mem 0x80011000 0x00000001
core   0: 0x8000f438 (0x0000bfe5) c.j     pc - 8
core   0: 3 0x8000f438 (0xbfe5)
core   0: 0x8000f430 (0x00002f17) auipc   t5, 0x2
core   0: 3 0x8000f430 (0x00002f17) x30 0x80011430
core   0: 0x8000f434 (0xbc3f2823) sw      gp, -1072(t5)
core   0: 3 0x8000f434 (0xbc3f2823) mem 0x80011000 0x00000001
core   0: 0x8000f438 (0x0000bfe5) c.j     pc - 8
core   0: 3 0x8000f438 (0xbfe5)
core   0: 0x8000f430 (0x00002f17) auipc   t5, 0x2
core   0: 3 0x8000f430 (0x00002f17) x30 0x80011430
core   0: 0x8000f434 (0xbc3f2823) sw      gp, -1072(t5)
core   0: 3 0x8000f434 (0xbc3f2823) mem 0x80011000 0x00000001
core   0: 0x8000f438 (0x0000bfe5) c.j     pc - 8
core   0: 3 0x8000f438 (0xbfe5)
core   0: 0x8000f430 (0x00002f17) auipc   t5, 0x2
core   0: 3 0x8000f430 (0x00002f17) x30 0x80011430
core   0: 0x8000f434 (0xbc3f2823) sw      gp, -1072(t5)
core   0: 3 0x8000f434 (0xbc3f2823) mem 0x80011000 0x00000001
core   0: 0x8000f438 (0x0000bfe5) c.j     pc - 8
core   0: 3 0x8000f438 (0xbfe5)
core   0: 0x8000f430 (0x00002f17) auipc   t5, 0x2
core   0: 3 0x8000f430 (0x00002f17) x30 0x80011430
core   0: 0x8000f434 (0xbc3f2823) sw      gp, -1072(t5)
core   0: 3 0x8000f434 (0xbc3f2823) mem 0x80011000 0x00000001
core   0: 0x8000f438 (0x0000bfe5) c.j     pc - 8
core   0: 3 0x8000f438 (0xbfe5)
core   0: 0x8000f430 (0x00002f17) auipc   t5, 0x2
core   0: 3 0x8000f430 (0x00002f17) x30 0x80011430
core   0: 0x8000f434 (0xbc3f2823) sw      gp, -1072(t5)
core   0: 3 0x8000f434 (0xbc3f2823) mem 0x80011000 0x00000001
core   0: 0x8000f438 (0x0000bfe5) c.j     pc - 8
core   0: 3 0x8000f438 (0xbfe5)
core   0: 0x8000f430 (0x00002f17) auipc   t5, 0x2
core   0: 3 0x8000f430 (0x00002f17) x30 0x80011430
core   0: 0x8000f434 (0xbc3f2823) sw      gp, -1072(t5)
core   0: 3 0x8000f434 (0xbc3f2823) mem 0x80011000 0x00000001
core   0: 0x8000f438 (0x0000bfe5) c.j     pc - 8
core   0: 3 0x8000f438 (0xbfe5)
core   0: 0x8000f430 (0x00002f17) auipc   t5, 0x2
core   0: 3 0x8000f430 (0x00002f17) x30 0x80011430
core   0: 0x8000f434 (0xbc3f2823) sw      gp, -1072(t5)
core   0: 3 0x8000f434 (0xbc3f2823) mem 0x80011000 0x00000001
core   0: 0x8000f438 (0x0000bfe5) c.j     pc - 8
core   0: 3 0x8000f438 (0xbfe5)
core   0: 0x8000f430 (0x00002f17) auipc   t5, 0x2
core   0: 3 0x8000f430 (0x00002f17) x30 0x80011430
core   0: 0x8000f434 (0xbc3f2823) sw      gp, -1072(t5)
core   0: 3 0x8000f434 (0xbc3f2823) mem 0x80011000 0x00000001
core   0: 0x8000f438 (0x0000bfe5) c.j     pc - 8
core   0: 3 0x8000f438 (0xbfe5)
core   0: 0x8000f430 (0x00002f17) auipc   t5, 0x2
core   0: 3 0x8000f430 (0x00002f17) x30 0x80011430
core   0: 0x8000f434 (0xbc3f2823) sw      gp, -1072(t5)
core   0: 3 0x8000f434 (0xbc3f2823) mem 0x80011000 0x00000001
core   0: 0x8000f438 (0x0000bfe5) c.j     pc - 8
core   0: 3 0x8000f438 (0xbfe5)
core   0: 0x8000f430 (0x00002f17) auipc   t5, 0x2
core   0: 3 0x8000f430 (0x00002f17) x30 0x80011430
core   0: 0x8000f434 (0xbc3f2823) sw      gp, -1072(t5)
core   0: 3 0x8000f434 (0xbc3f2823) mem 0x80011000 0x00000001
core   0: 0x8000f438 (0x0000bfe5) c.j     pc - 8
core   0: 3 0x8000f438 (0xbfe5)
core   0: 0x8000f430 (0x00002f17) auipc   t5, 0x2
core   0: 3 0x8000f430 (0x00002f17) x30 0x80011430
core   0: 0x8000f434 (0xbc3f2823) sw      gp, -1072(t5)
core   0: 3 0x8000f434 (0xbc3f2823) mem 0x80011000 0x00000001
core   0: 0x8000f438 (0x0000bfe5) c.j     pc - 8
core   0: 3 0x8000f438 (0xbfe5)
core   0: 0x8000f430 (0x00002f17) auipc   t5, 0x2
core   0: 3 0x8000f430 (0x00002f17) x30 0x80011430
core   0: 0x8000f434 (0xbc3f2823) sw      gp, -1072(t5)
core   0: 3 0x8000f434 (0xbc3f2823) mem 0x80011000 0x00000001
core   0: 0x8000f438 (0x0000bfe5) c.j     pc - 8
core   0: 3 0x8000f438 (0xbfe5)
core   0: 0x8000f430 (0x00002f17) auipc   t5, 0x2
core   0: 3 0x8000f430 (0x00002f17) x30 0x80011430
core   0: 0x8000f434 (0xbc3f2823) sw      gp, -1072(t5)
core   0: 3 0x8000f434 (0xbc3f2823) mem 0x80011000 0x00000001
core   0: 0x8000f438 (0x0000bfe5) c.j     pc - 8
core   0: 3 0x8000f438 (0xbfe5)
core   0: 0x8000f430 (0x00002f17) auipc   t5, 0x2
core   0: 3 0x8000f430 (0x00002f17) x30 0x80011430
core   0: 0x8000f434 (0xbc3f2823) sw      gp, -1072(t5)
core   0: 3 0x8000f434 (0xbc3f2823) mem 0x80011000 0x00000001
core   0: 0x8000f438 (0x0000bfe5) c.j     pc - 8
core   0: 3 0x8000f438 (0xbfe5)
core   0: 0x8000f430 (0x00002f17) auipc   t5, 0x2
core   0: 3 0x8000f430 (0x00002f17) x30 0x80011430
core   0: 0x8000f434 (0xbc3f2823) sw      gp, -1072(t5)
core   0: 3 0x8000f434 (0xbc3f2823) mem 0x80011000 0x00000001
core   0: 0x8000f438 (0x0000bfe5) c.j     pc - 8
core   0: 3 0x8000f438 (0xbfe5)
core   0: 0x8000f430 (0x00002f17) auipc   t5, 0x2
core   0: 3 0x8000f430 (0x00002f17) x30 0x80011430
core   0: 0x8000f434 (0xbc3f2823) sw      gp, -1072(t5)
core   0: 3 0x8000f434 (0xbc3f2823) mem 0x80011000 0x00000001
core   0: 0x8000f438 (0x0000bfe5) c.j     pc - 8
core   0: 3 0x8000f438 (0xbfe5)
core   0: 0x8000f430 (0x00002f17) auipc   t5, 0x2
core   0: 3 0x8000f430 (0x00002f17) x30 0x80011430
core   0: 0x8000f434 (0xbc3f2823) sw      gp, -1072(t5)
core   0: 3 0x8000f434 (0xbc3f2823) mem 0x80011000 0x00000001
core   0: 0x8000f438 (0x0000bfe5) c.j     pc - 8
core   0: 3 0x8000f438 (0xbfe5)
core   0: 0x8000f430 (0x00002f17) auipc   t5, 0x2
core   0: 3 0x8000f430 (0x00002f17) x30 0x80011430
core   0: 0x8000f434 (0xbc3f2823) sw      gp, -1072(t5)
core   0: 3 0x8000f434 (0xbc3f2823) mem 0x80011000 0x00000001
core   0: 0x8000f438 (0x0000bfe5) c.j     pc - 8
core   0: 3 0x8000f438 (0xbfe5)
core   0: 0x8000f430 (0x00002f17) auipc   t5, 0x2
core   0: 3 0x8000f430 (0x00002f17) x30 0x80011430
core   0: 0x8000f434 (0xbc3f2823) sw      gp, -1072(t5)
core   0: 3 0x8000f434 (0xbc3f2823) mem 0x80011000 0x00000001
core   0: 0x8000f438 (0x0000bfe5) c.j     pc - 8
core   0: 3 0x8000f438 (0xbfe5)
core   0: 0x8000f430 (0x00002f17) auipc   t5, 0x2
core   0: 3 0x8000f430 (0x00002f17) x30 0x80011430
core   0: 0x8000f434 (0xbc3f2823) sw      gp, -1072(t5)
core   0: 3 0x8000f434 (0xbc3f2823) mem 0x80011000 0x00000001
core   0: 0x8000f438 (0x0000bfe5) c.j     pc - 8
core   0: 3 0x8000f438 (0xbfe5)
core   0: 0x8000f430 (0x00002f17) auipc   t5, 0x2
core   0: 3 0x8000f430 (0x00002f17) x30 0x80011430
core   0: 0x8000f434 (0xbc3f2823) sw      gp, -1072(t5)
core   0: 3 0x8000f434 (0xbc3f2823) mem 0x80011000 0x00000001
core   0: 0x8000f438 (0x0000bfe5) c.j     pc - 8
core   0: 3 0x8000f438 (0xbfe5)
core   0: 0x8000f430 (0x00002f17) auipc   t5, 0x2
core   0: 3 0x8000f430 (0x00002f17) x30 0x80011430
core   0: 0x8000f434 (0xbc3f2823) sw      gp, -1072(t5)
core   0: 3 0x8000f434 (0xbc3f2823) mem 0x80011000 0x00000001
core   0: 0x8000f438 (0x0000bfe5) c.j     pc - 8
core   0: 3 0x8000f438 (0xbfe5)
core   0: 0x8000f430 (0x00002f17) auipc   t5, 0x2
core   0: 3 0x8000f430 (0x00002f17) x30 0x80011430
core   0: 0x8000f434 (0xbc3f2823) sw      gp, -1072(t5)
core   0: 3 0x8000f434 (0xbc3f2823) mem 0x80011000 0x00000001
core   0: 0x8000f438 (0x0000bfe5) c.j     pc - 8
core   0: 3 0x8000f438 (0xbfe5)
core   0: 0x8000f430 (0x00002f17) auipc   t5, 0x2
core   0: 3 0x8000f430 (0x00002f17) x30 0x80011430
core   0: 0x8000f434 (0xbc3f2823) sw      gp, -1072(t5)
core   0: 3 0x8000f434 (0xbc3f2823) mem 0x80011000 0x00000001
core   0: 0x8000f438 (0x0000bfe5) c.j     pc - 8
core   0: 3 0x8000f438 (0xbfe5)
core   0: 0x8000f430 (0x00002f17) auipc   t5, 0x2
core   0: 3 0x8000f430 (0x00002f17) x30 0x80011430
core   0: 0x8000f434 (0xbc3f2823) sw      gp, -1072(t5)
core   0: 3 0x8000f434 (0xbc3f2823) mem 0x80011000 0x00000001
core   0: 0x8000f438 (0x0000bfe5) c.j     pc - 8
core   0: 3 0x8000f438 (0xbfe5)
core   0: 0x8000f430 (0x00002f17) auipc   t5, 0x2
core   0: 3 0x8000f430 (0x00002f17) x30 0x80011430
core   0: 0x8000f434 (0xbc3f2823) sw      gp, -1072(t5)
core   0: 3 0x8000f434 (0xbc3f2823) mem 0x80011000 0x00000001
core   0: 0x8000f438 (0x0000bfe5) c.j     pc - 8
core   0: 3 0x8000f438 (0xbfe5)
core   0: 0x8000f430 (0x00002f17) auipc   t5, 0x2
core   0: 3 0x8000f430 (0x00002f17) x30 0x80011430
core   0: 0x8000f434 (0xbc3f2823) sw      gp, -1072(t5)
core   0: 3 0x8000f434 (0xbc3f2823) mem 0x80011000 0x00000001
core   0: 0x8000f438 (0x0000bfe5) c.j     pc - 8
core   0: 3 0x8000f438 (0xbfe5)
core   0: 0x8000f430 (0x00002f17) auipc   t5, 0x2
core   0: 3 0x8000f430 (0x00002f17) x30 0x80011430
core   0: 0x8000f434 (0xbc3f2823) sw      gp, -1072(t5)
core   0: 3 0x8000f434 (0xbc3f2823) mem 0x80011000 0x00000001
core   0: 0x8000f438 (0x0000bfe5) c.j     pc - 8
core   0: 3 0x8000f438 (0xbfe5)
core   0: 0x8000f430 (0x00002f17) auipc   t5, 0x2
core   0: 3 0x8000f430 (0x00002f17) x30 0x80011430
core   0: 0x8000f434 (0xbc3f2823) sw      gp, -1072(t5)
core   0: 3 0x8000f434 (0xbc3f2823) mem 0x80011000 0x00000001
core   0: 0x8000f438 (0x0000bfe5) c.j     pc - 8
core   0: 3 0x8000f438 (0xbfe5)
core   0: 0x8000f430 (0x00002f17) auipc   t5, 0x2
core   0: 3 0x8000f430 (0x00002f17) x30 0x80011430
core   0: 0x8000f434 (0xbc3f2823) sw      gp, -1072(t5)
core   0: 3 0x8000f434 (0xbc3f2823) mem 0x80011000 0x00000001
core   0: 0x8000f438 (0x0000bfe5) c.j     pc - 8
core   0: 3 0x8000f438 (0xbfe5)
core   0: 0x8000f430 (0x00002f17) auipc   t5, 0x2
core   0: 3 0x8000f430 (0x00002f17) x30 0x80011430
core   0: 0x8000f434 (0xbc3f2823) sw      gp, -1072(t5)
core   0: 3 0x8000f434 (0xbc3f2823) mem 0x80011000 0x00000001
core   0: 0x8000f438 (0x0000bfe5) c.j     pc - 8
core   0: 3 0x8000f438 (0xbfe5)
core   0: 0x8000f430 (0x00002f17) auipc   t5, 0x2
core   0: 3 0x8000f430 (0x00002f17) x30 0x80011430
core   0: 0x8000f434 (0xbc3f2823) sw      gp, -1072(t5)
core   0: 3 0x8000f434 (0xbc3f2823) mem 0x80011000 0x00000001
core   0: 0x8000f438 (0x0000bfe5) c.j     pc - 8
core   0: 3 0x8000f438 (0xbfe5)
core   0: 0x8000f430 (0x00002f17) auipc   t5, 0x2
core   0: 3 0x8000f430 (0x00002f17) x30 0x80011430
core   0: 0x8000f434 (0xbc3f2823) sw      gp, -1072(t5)
core   0: 3 0x8000f434 (0xbc3f2823) mem 0x80011000 0x00000001
core   0: 0x8000f438 (0x0000bfe5) c.j     pc - 8
core   0: 3 0x8000f438 (0xbfe5)
core   0: 0x8000f430 (0x00002f17) auipc   t5, 0x2
core   0: 3 0x8000f430 (0x00002f17) x30 0x80011430
core   0: 0x8000f434 (0xbc3f2823) sw      gp, -1072(t5)
core   0: 3 0x8000f434 (0xbc3f2823) mem 0x80011000 0x00000001
core   0: 0x8000f438 (0x0000bfe5) c.j     pc - 8
core   0: 3 0x8000f438 (0xbfe5)
core   0: 0x8000f430 (0x00002f17) auipc   t5, 0x2
core   0: 3 0x8000f430 (0x00002f17) x30 0x80011430
core   0: 0x8000f434 (0xbc3f2823) sw      gp, -1072(t5)
core   0: 3 0x8000f434 (0xbc3f2823) mem 0x80011000 0x00000001
core   0: 0x8000f438 (0x0000bfe5) c.j     pc - 8
core   0: 3 0x8000f438 (0xbfe5)
core   0: 0x8000f430 (0x00002f17) auipc   t5, 0x2
core   0: 3 0x8000f430 (0x00002f17) x30 0x80011430
core   0: 0x8000f434 (0xbc3f2823) sw      gp, -1072(t5)
core   0: 3 0x8000f434 (0xbc3f2823) mem 0x80011000 0x00000001
core   0: 0x8000f438 (0x0000bfe5) c.j     pc - 8
core   0: 3 0x8000f438 (0xbfe5)
core   0: 0x8000f430 (0x00002f17) auipc   t5, 0x2
core   0: 3 0x8000f430 (0x00002f17) x30 0x80011430
core   0: 0x8000f434 (0xbc3f2823) sw      gp, -1072(t5)
core   0: 3 0x8000f434 (0xbc3f2823) mem 0x80011000 0x00000001
core   0: 0x8000f438 (0x0000bfe5) c.j     pc - 8
core   0: 3 0x8000f438 (0xbfe5)
core   0: 0x8000f430 (0x00002f17) auipc   t5, 0x2
core   0: 3 0x8000f430 (0x00002f17) x30 0x80011430
core   0: 0x8000f434 (0xbc3f2823) sw      gp, -1072(t5)
core   0: 3 0x8000f434 (0xbc3f2823) mem 0x80011000 0x00000001
core   0: 0x8000f438 (0x0000bfe5) c.j     pc - 8
core   0: 3 0x8000f438 (0xbfe5)
core   0: 0x8000f430 (0x00002f17) auipc   t5, 0x2
core   0: 3 0x8000f430 (0x00002f17) x30 0x80011430
core   0: 0x8000f434 (0xbc3f2823) sw      gp, -1072(t5)
core   0: 3 0x8000f434 (0xbc3f2823) mem 0x80011000 0x00000001
core   0: 0x8000f438 (0x0000bfe5) c.j     pc - 8
core   0: 3 0x8000f438 (0xbfe5)
core   0: 0x8000f430 (0x00002f17) auipc   t5, 0x2
core   0: 3 0x8000f430 (0x00002f17) x30 0x80011430
core   0: 0x8000f434 (0xbc3f2823) sw      gp, -1072(t5)
core   0: 3 0x8000f434 (0xbc3f2823) mem 0x80011000 0x00000001
core   0: 0x8000f438 (0x0000bfe5) c.j     pc - 8
core   0: 3 0x8000f438 (0xbfe5)
core   0: 0x8000f430 (0x00002f17) auipc   t5, 0x2
core   0: 3 0x8000f430 (0x00002f17) x30 0x80011430
core   0: 0x8000f434 (0xbc3f2823) sw      gp, -1072(t5)
core   0: 3 0x8000f434 (0xbc3f2823) mem 0x80011000 0x00000001
core   0: 0x8000f438 (0x0000bfe5) c.j     pc - 8
core   0: 3 0x8000f438 (0xbfe5)
core   0: 0x8000f430 (0x00002f17) auipc   t5, 0x2
core   0: 3 0x8000f430 (0x00002f17) x30 0x80011430
core   0: 0x8000f434 (0xbc3f2823) sw      gp, -1072(t5)
core   0: 3 0x8000f434 (0xbc3f2823) mem 0x80011000 0x00000001
core   0: 0x8000f438 (0x0000bfe5) c.j     pc - 8
core   0: 3 0x8000f438 (0xbfe5)
core   0: 0x8000f430 (0x00002f17) auipc   t5, 0x2
core   0: 3 0x8000f430 (0x00002f17) x30 0x80011430
core   0: 0x8000f434 (0xbc3f2823) sw      gp, -1072(t5)
core   0: 3 0x8000f434 (0xbc3f2823) mem 0x80011000 0x00000001
core   0: 0x8000f438 (0x0000bfe5) c.j     pc - 8
core   0: 3 0x8000f438 (0xbfe5)
core   0: 0x8000f430 (0x00002f17) auipc   t5, 0x2
core   0: 3 0x8000f430 (0x00002f17) x30 0x80011430
core   0: 0x8000f434 (0xbc3f2823) sw      gp, -1072(t5)
core   0: 3 0x8000f434 (0xbc3f2823) mem 0x80011000 0x00000001
core   0: 0x8000f438 (0x0000bfe5) c.j     pc - 8
core   0: 3 0x8000f438 (0xbfe5)
core   0: 0x8000f430 (0x00002f17) auipc   t5, 0x2
core   0: 3 0x8000f430 (0x00002f17) x30 0x80011430
core   0: 0x8000f434 (0xbc3f2823) sw      gp, -1072(t5)
core   0: 3 0x8000f434 (0xbc3f2823) mem 0x80011000 0x00000001
core   0: 0x8000f438 (0x0000bfe5) c.j     pc - 8
core   0: 3 0x8000f438 (0xbfe5)
core   0: 0x8000f430 (0x00002f17) auipc   t5, 0x2
core   0: 3 0x8000f430 (0x00002f17) x30 0x80011430
core   0: 0x8000f434 (0xbc3f2823) sw      gp, -1072(t5)
core   0: 3 0x8000f434 (0xbc3f2823) mem 0x80011000 0x00000001
core   0: 0x8000f438 (0x0000bfe5) c.j     pc - 8
core   0: 3 0x8000f438 (0xbfe5)
core   0: 0x8000f430 (0x00002f17) auipc   t5, 0x2
core   0: 3 0x8000f430 (0x00002f17) x30 0x80011430
core   0: 0x8000f434 (0xbc3f2823) sw      gp, -1072(t5)
core   0: 3 0x8000f434 (0xbc3f2823) mem 0x80011000 0x00000001
core   0: 0x8000f438 (0x0000bfe5) c.j     pc - 8
core   0: 3 0x8000f438 (0xbfe5)
core   0: 0x8000f430 (0x00002f17) auipc   t5, 0x2
core   0: 3 0x8000f430 (0x00002f17) x30 0x80011430
core   0: 0x8000f434 (0xbc3f2823) sw      gp, -1072(t5)
core   0: 3 0x8000f434 (0xbc3f2823) mem 0x80011000 0x00000001
core   0: 0x8000f438 (0x0000bfe5) c.j     pc - 8
core   0: 3 0x8000f438 (0xbfe5)
core   0: 0x8000f430 (0x00002f17) auipc   t5, 0x2
core   0: 3 0x8000f430 (0x00002f17) x30 0x80011430
core   0: 0x8000f434 (0xbc3f2823) sw      gp, -1072(t5)
core   0: 3 0x8000f434 (0xbc3f2823) mem 0x80011000 0x00000001
core   0: 0x8000f438 (0x0000bfe5) c.j     pc - 8
core   0: 3 0x8000f438 (0xbfe5)
core   0: 0x8000f430 (0x00002f17) auipc   t5, 0x2
core   0: 3 0x8000f430 (0x00002f17) x30 0x80011430
core   0: 0x8000f434 (0xbc3f2823) sw      gp, -1072(t5)
core   0: 3 0x8000f434 (0xbc3f2823) mem 0x80011000 0x00000001
core   0: 0x8000f438 (0x0000bfe5) c.j     pc - 8
core   0: 3 0x8000f438 (0xbfe5)
core   0: 0x8000f430 (0x00002f17) auipc   t5, 0x2
core   0: 3 0x8000f430 (0x00002f17) x30 0x80011430
core   0: 0x8000f434 (0xbc3f2823) sw      gp, -1072(t5)
core   0: 3 0x8000f434 (0xbc3f2823) mem 0x80011000 0x00000001
core   0: 0x8000f438 (0x0000bfe5) c.j     pc - 8
core   0: 3 0x8000f438 (0xbfe5)
core   0: 0x8000f430 (0x00002f17) auipc   t5, 0x2
core   0: 3 0x8000f430 (0x00002f17) x30 0x80011430
core   0: 0x8000f434 (0xbc3f2823) sw      gp, -1072(t5)
core   0: 3 0x8000f434 (0xbc3f2823) mem 0x80011000 0x00000001
core   0: 0x8000f438 (0x0000bfe5) c.j     pc - 8
core   0: 3 0x8000f438 (0xbfe5)
core   0: 0x8000f430 (0x00002f17) auipc   t5, 0x2
core   0: 3 0x8000f430 (0x00002f17) x30 0x80011430
core   0: 0x8000f434 (0xbc3f2823) sw      gp, -1072(t5)
core   0: 3 0x8000f434 (0xbc3f2823) mem 0x80011000 0x00000001
core   0: 0x8000f438 (0x0000bfe5) c.j     pc - 8
core   0: 3 0x8000f438 (0xbfe5)
core   0: 0x8000f430 (0x00002f17) auipc   t5, 0x2
core   0: 3 0x8000f430 (0x00002f17) x30 0x80011430
core   0: 0x8000f434 (0xbc3f2823) sw      gp, -1072(t5)
core   0: 3 0x8000f434 (0xbc3f2823) mem 0x80011000 0x00000001
core   0: 0x8000f438 (0x0000bfe5) c.j     pc - 8
core   0: 3 0x8000f438 (0xbfe5)
core   0: 0x8000f430 (0x00002f17) auipc   t5, 0x2
core   0: 3 0x8000f430 (0x00002f17) x30 0x80011430
core   0: 0x8000f434 (0xbc3f2823) sw      gp, -1072(t5)
core   0: 3 0x8000f434 (0xbc3f2823) mem 0x80011000 0x00000001
core   0: 0x8000f438 (0x0000bfe5) c.j     pc - 8
core   0: 3 0x8000f438 (0xbfe5)
core   0: 0x8000f430 (0x00002f17) auipc   t5, 0x2
core   0: 3 0x8000f430 (0x00002f17) x30 0x80011430
core   0: 0x8000f434 (0xbc3f2823) sw      gp, -1072(t5)
core   0: 3 0x8000f434 (0xbc3f2823) mem 0x80011000 0x00000001
core   0: 0x8000f438 (0x0000bfe5) c.j     pc - 8
core   0: 3 0x8000f438 (0xbfe5)
core   0: 0x8000f430 (0x00002f17) auipc   t5, 0x2
core   0: 3 0x8000f430 (0x00002f17) x30 0x80011430
core   0: 0x8000f434 (0xbc3f2823) sw      gp, -1072(t5)
core   0: 3 0x8000f434 (0xbc3f2823) mem 0x80011000 0x00000001
core   0: 0x8000f438 (0x0000bfe5) c.j     pc - 8
core   0: 3 0x8000f438 (0xbfe5)
core   0: 0x8000f430 (0x00002f17) auipc   t5, 0x2
core   0: 3 0x8000f430 (0x00002f17) x30 0x80011430
core   0: 0x8000f434 (0xbc3f2823) sw      gp, -1072(t5)
core   0: 3 0x8000f434 (0xbc3f2823) mem 0x80011000 0x00000001
core   0: 0x8000f438 (0x0000bfe5) c.j     pc - 8
core   0: 3 0x8000f438 (0xbfe5)
core   0: 0x8000f430 (0x00002f17) auipc   t5, 0x2
core   0: 3 0x8000f430 (0x00002f17) x30 0x80011430
core   0: 0x8000f434 (0xbc3f2823) sw      gp, -1072(t5)
core   0: 3 0x8000f434 (0xbc3f2823) mem 0x80011000 0x00000001
core   0: 0x8000f438 (0x0000bfe5) c.j     pc - 8
core   0: 3 0x8000f438 (0xbfe5)
core   0: 0x8000f430 (0x00002f17) auipc   t5, 0x2
core   0: 3 0x8000f430 (0x00002f17) x30 0x80011430
core   0: 0x8000f434 (0xbc3f2823) sw      gp, -1072(t5)
core   0: 3 0x8000f434 (0xbc3f2823) mem 0x80011000 0x00000001
core   0: 0x8000f438 (0x0000bfe5) c.j     pc - 8
core   0: 3 0x8000f438 (0xbfe5)
core   0: 0x8000f430 (0x00002f17) auipc   t5, 0x2
core   0: 3 0x8000f430 (0x00002f17) x30 0x80011430
core   0: 0x8000f434 (0xbc3f2823) sw      gp, -1072(t5)
core   0: 3 0x8000f434 (0xbc3f2823) mem 0x80011000 0x00000001
core   0: 0x8000f438 (0x0000bfe5) c.j     pc - 8
core   0: 3 0x8000f438 (0xbfe5)
core   0: 0x8000f430 (0x00002f17) auipc   t5, 0x2
core   0: 3 0x8000f430 (0x00002f17) x30 0x80011430
core   0: 0x8000f434 (0xbc3f2823) sw      gp, -1072(t5)
core   0: 3 0x8000f434 (0xbc3f2823) mem 0x80011000 0x00000001
core   0: 0x8000f438 (0x0000bfe5) c.j     pc - 8
core   0: 3 0x8000f438 (0xbfe5)
core   0: 0x8000f430 (0x00002f17) auipc   t5, 0x2
core   0: 3 0x8000f430 (0x00002f17) x30 0x80011430
core   0: 0x8000f434 (0xbc3f2823) sw      gp, -1072(t5)
core   0: 3 0x8000f434 (0xbc3f2823) mem 0x80011000 0x00000001
core   0: 0x8000f438 (0x0000bfe5) c.j     pc - 8
core   0: 3 0x8000f438 (0xbfe5)
core   0: 0x8000f430 (0x00002f17) auipc   t5, 0x2
core   0: 3 0x8000f430 (0x00002f17) x30 0x80011430
core   0: 0x8000f434 (0xbc3f2823) sw      gp, -1072(t5)
core   0: 3 0x8000f434 (0xbc3f2823) mem 0x80011000 0x00000001
core   0: 0x8000f438 (0x0000bfe5) c.j     pc - 8
core   0: 3 0x8000f438 (0xbfe5)
core   0: 0x8000f430 (0x00002f17) auipc   t5, 0x2
core   0: 3 0x8000f430 (0x00002f17) x30 0x80011430
core   0: 0x8000f434 (0xbc3f2823) sw      gp, -1072(t5)
core   0: 3 0x8000f434 (0xbc3f2823) mem 0x80011000 0x00000001
core   0: 0x8000f438 (0x0000bfe5) c.j     pc - 8
core   0: 3 0x8000f438 (0xbfe5)
core   0: 0x8000f430 (0x00002f17) auipc   t5, 0x2
core   0: 3 0x8000f430 (0x00002f17) x30 0x80011430
core   0: 0x8000f434 (0xbc3f2823) sw      gp, -1072(t5)
core   0: 3 0x8000f434 (0xbc3f2823) mem 0x80011000 0x00000001
core   0: 0x8000f438 (0x0000bfe5) c.j     pc - 8
core   0: 3 0x8000f438 (0xbfe5)
core   0: 0x8000f430 (0x00002f17) auipc   t5, 0x2
core   0: 3 0x8000f430 (0x00002f17) x30 0x80011430
core   0: 0x8000f434 (0xbc3f2823) sw      gp, -1072(t5)
core   0: 3 0x8000f434 (0xbc3f2823) mem 0x80011000 0x00000001
core   0: 0x8000f438 (0x0000bfe5) c.j     pc - 8
core   0: 3 0x8000f438 (0xbfe5)
core   0: 0x8000f430 (0x00002f17) auipc   t5, 0x2
core   0: 3 0x8000f430 (0x00002f17) x30 0x80011430
core   0: 0x8000f434 (0xbc3f2823) sw      gp, -1072(t5)
core   0: 3 0x8000f434 (0xbc3f2823) mem 0x80011000 0x00000001
core   0: 0x8000f438 (0x0000bfe5) c.j     pc - 8
core   0: 3 0x8000f438 (0xbfe5)
core   0: 0x8000f430 (0x00002f17) auipc   t5, 0x2
core   0: 3 0x8000f430 (0x00002f17) x30 0x80011430
core   0: 0x8000f434 (0xbc3f2823) sw      gp, -1072(t5)
core   0: 3 0x8000f434 (0xbc3f2823) mem 0x80011000 0x00000001
core   0: 0x8000f438 (0x0000bfe5) c.j     pc - 8
core   0: 3 0x8000f438 (0xbfe5)
core   0: 0x8000f430 (0x00002f17) auipc   t5, 0x2
core   0: 3 0x8000f430 (0x00002f17) x30 0x80011430
core   0: 0x8000f434 (0xbc3f2823) sw      gp, -1072(t5)
core   0: 3 0x8000f434 (0xbc3f2823) mem 0x80011000 0x00000001
core   0: 0x8000f438 (0x0000bfe5) c.j     pc - 8
core   0: 3 0x8000f438 (0xbfe5)
core   0: 0x8000f430 (0x00002f17) auipc   t5, 0x2
core   0: 3 0x8000f430 (0x00002f17) x30 0x80011430
core   0: 0x8000f434 (0xbc3f2823) sw      gp, -1072(t5)
core   0: 3 0x8000f434 (0xbc3f2823) mem 0x80011000 0x00000001
core   0: 0x8000f438 (0x0000bfe5) c.j     pc - 8
core   0: 3 0x8000f438 (0xbfe5)
core   0: 0x8000f430 (0x00002f17) auipc   t5, 0x2
core   0: 3 0x8000f430 (0x00002f17) x30 0x80011430
core   0: 0x8000f434 (0xbc3f2823) sw      gp, -1072(t5)
core   0: 3 0x8000f434 (0xbc3f2823) mem 0x80011000 0x00000001
core   0: 0x8000f438 (0x0000bfe5) c.j     pc - 8
core   0: 3 0x8000f438 (0xbfe5)
core   0: 0x8000f430 (0x00002f17) auipc   t5, 0x2
core   0: 3 0x8000f430 (0x00002f17) x30 0x80011430
core   0: 0x8000f434 (0xbc3f2823) sw      gp, -1072(t5)
core   0: 3 0x8000f434 (0xbc3f2823) mem 0x80011000 0x00000001
core   0: 0x8000f438 (0x0000bfe5) c.j     pc - 8
core   0: 3 0x8000f438 (0xbfe5)
core   0: 0x8000f430 (0x00002f17) auipc   t5, 0x2
core   0: 3 0x8000f430 (0x00002f17) x30 0x80011430
core   0: 0x8000f434 (0xbc3f2823) sw      gp, -1072(t5)
core   0: 3 0x8000f434 (0xbc3f2823) mem 0x80011000 0x00000001
core   0: 0x8000f438 (0x0000bfe5) c.j     pc - 8
core   0: 3 0x8000f438 (0xbfe5)
core   0: 0x8000f430 (0x00002f17) auipc   t5, 0x2
core   0: 3 0x8000f430 (0x00002f17) x30 0x80011430
core   0: 0x8000f434 (0xbc3f2823) sw      gp, -1072(t5)
core   0: 3 0x8000f434 (0xbc3f2823) mem 0x80011000 0x00000001
core   0: 0x8000f438 (0x0000bfe5) c.j     pc - 8
core   0: 3 0x8000f438 (0xbfe5)
core   0: 0x8000f430 (0x00002f17) auipc   t5, 0x2
core   0: 3 0x8000f430 (0x00002f17) x30 0x80011430
core   0: 0x8000f434 (0xbc3f2823) sw      gp, -1072(t5)
core   0: 3 0x8000f434 (0xbc3f2823) mem 0x80011000 0x00000001
core   0: 0x8000f438 (0x0000bfe5) c.j     pc - 8
core   0: 3 0x8000f438 (0xbfe5)
core   0: 0x8000f430 (0x00002f17) auipc   t5, 0x2
core   0: 3 0x8000f430 (0x00002f17) x30 0x80011430
core   0: 0x8000f434 (0xbc3f2823) sw      gp, -1072(t5)
core   0: 3 0x8000f434 (0xbc3f2823) mem 0x80011000 0x00000001
core   0: 0x8000f438 (0x0000bfe5) c.j     pc - 8
core   0: 3 0x8000f438 (0xbfe5)
core   0: 0x8000f430 (0x00002f17) auipc   t5, 0x2
core   0: 3 0x8000f430 (0x00002f17) x30 0x80011430
core   0: 0x8000f434 (0xbc3f2823) sw      gp, -1072(t5)
core   0: 3 0x8000f434 (0xbc3f2823) mem 0x80011000 0x00000001
core   0: 0x8000f438 (0x0000bfe5) c.j     pc - 8
core   0: 3 0x8000f438 (0xbfe5)
core   0: 0x8000f430 (0x00002f17) auipc   t5, 0x2
core   0: 3 0x8000f430 (0x00002f17) x30 0x80011430
core   0: 0x8000f434 (0xbc3f2823) sw      gp, -1072(t5)
core   0: 3 0x8000f434 (0xbc3f2823) mem 0x80011000 0x00000001
core   0: 0x8000f438 (0x0000bfe5) c.j     pc - 8
core   0: 3 0x8000f438 (0xbfe5)
core   0: 0x8000f430 (0x00002f17) auipc   t5, 0x2
core   0: 3 0x8000f430 (0x00002f17) x30 0x80011430
core   0: 0x8000f434 (0xbc3f2823) sw      gp, -1072(t5)
core   0: 3 0x8000f434 (0xbc3f2823) mem 0x80011000 0x00000001
core   0: 0x8000f438 (0x0000bfe5) c.j     pc - 8
core   0: 3 0x8000f438 (0xbfe5)
core   0: 0x8000f430 (0x00002f17) auipc   t5, 0x2
core   0: 3 0x8000f430 (0x00002f17) x30 0x80011430
core   0: 0x8000f434 (0xbc3f2823) sw      gp, -1072(t5)
core   0: 3 0x8000f434 (0xbc3f2823) mem 0x80011000 0x00000001
core   0: 0x8000f438 (0x0000bfe5) c.j     pc - 8
core   0: 3 0x8000f438 (0xbfe5)
core   0: 0x8000f430 (0x00002f17) auipc   t5, 0x2
core   0: 3 0x8000f430 (0x00002f17) x30 0x80011430
core   0: 0x8000f434 (0xbc3f2823) sw      gp, -1072(t5)
core   0: 3 0x8000f434 (0xbc3f2823) mem 0x80011000 0x00000001
core   0: 0x8000f438 (0x0000bfe5) c.j     pc - 8
core   0: 3 0x8000f438 (0xbfe5)
core   0: 0x8000f430 (0x00002f17) auipc   t5, 0x2
core   0: 3 0x8000f430 (0x00002f17) x30 0x80011430
core   0: 0x8000f434 (0xbc3f2823) sw      gp, -1072(t5)
core   0: 3 0x8000f434 (0xbc3f2823) mem 0x80011000 0x00000001
core   0: 0x8000f438 (0x0000bfe5) c.j     pc - 8
core   0: 3 0x8000f438 (0xbfe5)
core   0: 0x8000f430 (0x00002f17) auipc   t5, 0x2
core   0: 3 0x8000f430 (0x00002f17) x30 0x80011430
core   0: 0x8000f434 (0xbc3f2823) sw      gp, -1072(t5)
core   0: 3 0x8000f434 (0xbc3f2823) mem 0x80011000 0x00000001
core   0: 0x8000f438 (0x0000bfe5) c.j     pc - 8
core   0: 3 0x8000f438 (0xbfe5)
core   0: 0x8000f430 (0x00002f17) auipc   t5, 0x2
core   0: 3 0x8000f430 (0x00002f17) x30 0x80011430
core   0: 0x8000f434 (0xbc3f2823) sw      gp, -1072(t5)
core   0: 3 0x8000f434 (0xbc3f2823) mem 0x80011000 0x00000001
core   0: 0x8000f438 (0x0000bfe5) c.j     pc - 8
core   0: 3 0x8000f438 (0xbfe5)
core   0: 0x8000f430 (0x00002f17) auipc   t5, 0x2
core   0: 3 0x8000f430 (0x00002f17) x30 0x80011430
core   0: 0x8000f434 (0xbc3f2823) sw      gp, -1072(t5)
core   0: 3 0x8000f434 (0xbc3f2823) mem 0x80011000 0x00000001
core   0: 0x8000f438 (0x0000bfe5) c.j     pc - 8
core   0: 3 0x8000f438 (0xbfe5)
core   0: 0x8000f430 (0x00002f17) auipc   t5, 0x2
core   0: 3 0x8000f430 (0x00002f17) x30 0x80011430
core   0: 0x8000f434 (0xbc3f2823) sw      gp, -1072(t5)
core   0: 3 0x8000f434 (0xbc3f2823) mem 0x80011000 0x00000001
core   0: 0x8000f438 (0x0000bfe5) c.j     pc - 8
core   0: 3 0x8000f438 (0xbfe5)
core   0: 0x8000f430 (0x00002f17) auipc   t5, 0x2
core   0: 3 0x8000f430 (0x00002f17) x30 0x80011430
core   0: 0x8000f434 (0xbc3f2823) sw      gp, -1072(t5)
core   0: 3 0x8000f434 (0xbc3f2823) mem 0x80011000 0x00000001
core   0: 0x8000f438 (0x0000bfe5) c.j     pc - 8
core   0: 3 0x8000f438 (0xbfe5)
core   0: 0x8000f430 (0x00002f17) auipc   t5, 0x2
core   0: 3 0x8000f430 (0x00002f17) x30 0x80011430
core   0: 0x8000f434 (0xbc3f2823) sw      gp, -1072(t5)
core   0: 3 0x8000f434 (0xbc3f2823) mem 0x80011000 0x00000001
core   0: 0x8000f438 (0x0000bfe5) c.j     pc - 8
core   0: 3 0x8000f438 (0xbfe5)
core   0: 0x8000f430 (0x00002f17) auipc   t5, 0x2
core   0: 3 0x8000f430 (0x00002f17) x30 0x80011430
core   0: 0x8000f434 (0xbc3f2823) sw      gp, -1072(t5)
core   0: 3 0x8000f434 (0xbc3f2823) mem 0x80011000 0x00000001
core   0: 0x8000f438 (0x0000bfe5) c.j     pc - 8
core   0: 3 0x8000f438 (0xbfe5)
core   0: 0x8000f430 (0x00002f17) auipc   t5, 0x2
core   0: 3 0x8000f430 (0x00002f17) x30 0x80011430
core   0: 0x8000f434 (0xbc3f2823) sw      gp, -1072(t5)
core   0: 3 0x8000f434 (0xbc3f2823) mem 0x80011000 0x00000001
core   0: 0x8000f438 (0x0000bfe5) c.j     pc - 8
core   0: 3 0x8000f438 (0xbfe5)
core   0: 0x8000f430 (0x00002f17) auipc   t5, 0x2
core   0: 3 0x8000f430 (0x00002f17) x30 0x80011430
core   0: 0x8000f434 (0xbc3f2823) sw      gp, -1072(t5)
core   0: 3 0x8000f434 (0xbc3f2823) mem 0x80011000 0x00000001
core   0: 0x8000f438 (0x0000bfe5) c.j     pc - 8
core   0: 3 0x8000f438 (0xbfe5)
core   0: 0x8000f430 (0x00002f17) auipc   t5, 0x2
core   0: 3 0x8000f430 (0x00002f17) x30 0x80011430
core   0: 0x8000f434 (0xbc3f2823) sw      gp, -1072(t5)
core   0: 3 0x8000f434 (0xbc3f2823) mem 0x80011000 0x00000001
core   0: 0x8000f438 (0x0000bfe5) c.j     pc - 8
core   0: 3 0x8000f438 (0xbfe5)
core   0: 0x8000f430 (0x00002f17) auipc   t5, 0x2
core   0: 3 0x8000f430 (0x00002f17) x30 0x80011430
core   0: 0x8000f434 (0xbc3f2823) sw      gp, -1072(t5)
core   0: 3 0x8000f434 (0xbc3f2823) mem 0x80011000 0x00000001
core   0: 0x8000f438 (0x0000bfe5) c.j     pc - 8
core   0: 3 0x8000f438 (0xbfe5)
core   0: 0x8000f430 (0x00002f17) auipc   t5, 0x2
core   0: 3 0x8000f430 (0x00002f17) x30 0x80011430
core   0: 0x8000f434 (0xbc3f2823) sw      gp, -1072(t5)
core   0: 3 0x8000f434 (0xbc3f2823) mem 0x80011000 0x00000001
core   0: 0x8000f438 (0x0000bfe5) c.j     pc - 8
core   0: 3 0x8000f438 (0xbfe5)
core   0: 0x8000f430 (0x00002f17) auipc   t5, 0x2
core   0: 3 0x8000f430 (0x00002f17) x30 0x80011430
core   0: 0x8000f434 (0xbc3f2823) sw      gp, -1072(t5)
core   0: 3 0x8000f434 (0xbc3f2823) mem 0x80011000 0x00000001
core   0: 0x8000f438 (0x0000bfe5) c.j     pc - 8
core   0: 3 0x8000f438 (0xbfe5)
core   0: 0x8000f430 (0x00002f17) auipc   t5, 0x2
core   0: 3 0x8000f430 (0x00002f17) x30 0x80011430
core   0: 0x8000f434 (0xbc3f2823) sw      gp, -1072(t5)
core   0: 3 0x8000f434 (0xbc3f2823) mem 0x80011000 0x00000001
core   0: 0x8000f438 (0x0000bfe5) c.j     pc - 8
core   0: 3 0x8000f438 (0xbfe5)
core   0: 0x8000f430 (0x00002f17) auipc   t5, 0x2
core   0: 3 0x8000f430 (0x00002f17) x30 0x80011430
core   0: 0x8000f434 (0xbc3f2823) sw      gp, -1072(t5)
core   0: 3 0x8000f434 (0xbc3f2823) mem 0x80011000 0x00000001
core   0: 0x8000f438 (0x0000bfe5) c.j     pc - 8
core   0: 3 0x8000f438 (0xbfe5)
core   0: 0x8000f430 (0x00002f17) auipc   t5, 0x2
core   0: 3 0x8000f430 (0x00002f17) x30 0x80011430
core   0: 0x8000f434 (0xbc3f2823) sw      gp, -1072(t5)
core   0: 3 0x8000f434 (0xbc3f2823) mem 0x80011000 0x00000001
core   0: 0x8000f438 (0x0000bfe5) c.j     pc - 8
core   0: 3 0x8000f438 (0xbfe5)
core   0: 0x8000f430 (0x00002f17) auipc   t5, 0x2
core   0: 3 0x8000f430 (0x00002f17) x30 0x80011430
core   0: 0x8000f434 (0xbc3f2823) sw      gp, -1072(t5)
core   0: 3 0x8000f434 (0xbc3f2823) mem 0x80011000 0x00000001
core   0: 0x8000f438 (0x0000bfe5) c.j     pc - 8
core   0: 3 0x8000f438 (0xbfe5)
core   0: 0x8000f430 (0x00002f17) auipc   t5, 0x2
core   0: 3 0x8000f430 (0x00002f17) x30 0x80011430
core   0: 0x8000f434 (0xbc3f2823) sw      gp, -1072(t5)
core   0: 3 0x8000f434 (0xbc3f2823) mem 0x80011000 0x00000001
core   0: 0x8000f438 (0x0000bfe5) c.j     pc - 8
core   0: 3 0x8000f438 (0xbfe5)
core   0: 0x8000f430 (0x00002f17) auipc   t5, 0x2
core   0: 3 0x8000f430 (0x00002f17) x30 0x80011430
core   0: 0x8000f434 (0xbc3f2823) sw      gp, -1072(t5)
core   0: 3 0x8000f434 (0xbc3f2823) mem 0x80011000 0x00000001
core   0: 0x8000f438 (0x0000bfe5) c.j     pc - 8
core   0: 3 0x8000f438 (0xbfe5)
core   0: 0x8000f430 (0x00002f17) auipc   t5, 0x2
core   0: 3 0x8000f430 (0x00002f17) x30 0x80011430
core   0: 0x8000f434 (0xbc3f2823) sw      gp, -1072(t5)
core   0: 3 0x8000f434 (0xbc3f2823) mem 0x80011000 0x00000001
core   0: 0x8000f438 (0x0000bfe5) c.j     pc - 8
core   0: 3 0x8000f438 (0xbfe5)
core   0: 0x8000f430 (0x00002f17) auipc   t5, 0x2
core   0: 3 0x8000f430 (0x00002f17) x30 0x80011430
core   0: 0x8000f434 (0xbc3f2823) sw      gp, -1072(t5)
core   0: 3 0x8000f434 (0xbc3f2823) mem 0x80011000 0x00000001
core   0: 0x8000f438 (0x0000bfe5) c.j     pc - 8
core   0: 3 0x8000f438 (0xbfe5)
core   0: 0x8000f430 (0x00002f17) auipc   t5, 0x2
core   0: 3 0x8000f430 (0x00002f17) x30 0x80011430
core   0: 0x8000f434 (0xbc3f2823) sw      gp, -1072(t5)
core   0: 3 0x8000f434 (0xbc3f2823) mem 0x80011000 0x00000001
core   0: 0x8000f438 (0x0000bfe5) c.j     pc - 8
core   0: 3 0x8000f438 (0xbfe5)
core   0: 0x8000f430 (0x00002f17) auipc   t5, 0x2
core   0: 3 0x8000f430 (0x00002f17) x30 0x80011430
core   0: 0x8000f434 (0xbc3f2823) sw      gp, -1072(t5)
core   0: 3 0x8000f434 (0xbc3f2823) mem 0x80011000 0x00000001
core   0: 0x8000f438 (0x0000bfe5) c.j     pc - 8
core   0: 3 0x8000f438 (0xbfe5)
core   0: 0x8000f430 (0x00002f17) auipc   t5, 0x2
core   0: 3 0x8000f430 (0x00002f17) x30 0x80011430
core   0: 0x8000f434 (0xbc3f2823) sw      gp, -1072(t5)
core   0: 3 0x8000f434 (0xbc3f2823) mem 0x80011000 0x00000001
core   0: 0x8000f438 (0x0000bfe5) c.j     pc - 8
core   0: 3 0x8000f438 (0xbfe5)
core   0: 0x8000f430 (0x00002f17) auipc   t5, 0x2
core   0: 3 0x8000f430 (0x00002f17) x30 0x80011430
core   0: 0x8000f434 (0xbc3f2823) sw      gp, -1072(t5)
core   0: 3 0x8000f434 (0xbc3f2823) mem 0x80011000 0x00000001
core   0: 0x8000f438 (0x0000bfe5) c.j     pc - 8
core   0: 3 0x8000f438 (0xbfe5)
core   0: 0x8000f430 (0x00002f17) auipc   t5, 0x2
core   0: 3 0x8000f430 (0x00002f17) x30 0x80011430
core   0: 0x8000f434 (0xbc3f2823) sw      gp, -1072(t5)
core   0: 3 0x8000f434 (0xbc3f2823) mem 0x80011000 0x00000001
core   0: 0x8000f438 (0x0000bfe5) c.j     pc - 8
core   0: 3 0x8000f438 (0xbfe5)
core   0: 0x8000f430 (0x00002f17) auipc   t5, 0x2
core   0: 3 0x8000f430 (0x00002f17) x30 0x80011430
core   0: 0x8000f434 (0xbc3f2823) sw      gp, -1072(t5)
core   0: 3 0x8000f434 (0xbc3f2823) mem 0x80011000 0x00000001
core   0: 0x8000f438 (0x0000bfe5) c.j     pc - 8
core   0: 3 0x8000f438 (0xbfe5)
core   0: 0x8000f430 (0x00002f17) auipc   t5, 0x2
core   0: 3 0x8000f430 (0x00002f17) x30 0x80011430
core   0: 0x8000f434 (0xbc3f2823) sw      gp, -1072(t5)
core   0: 3 0x8000f434 (0xbc3f2823) mem 0x80011000 0x00000001
core   0: 0x8000f438 (0x0000bfe5) c.j     pc - 8
core   0: 3 0x8000f438 (0xbfe5)
core   0: 0x8000f430 (0x00002f17) auipc   t5, 0x2
core   0: 3 0x8000f430 (0x00002f17) x30 0x80011430
core   0: 0x8000f434 (0xbc3f2823) sw      gp, -1072(t5)
core   0: 3 0x8000f434 (0xbc3f2823) mem 0x80011000 0x00000001
core   0: 0x8000f438 (0x0000bfe5) c.j     pc - 8
core   0: 3 0x8000f438 (0xbfe5)
core   0: 0x8000f430 (0x00002f17) auipc   t5, 0x2
core   0: 3 0x8000f430 (0x00002f17) x30 0x80011430
core   0: 0x8000f434 (0xbc3f2823) sw      gp, -1072(t5)
core   0: 3 0x8000f434 (0xbc3f2823) mem 0x80011000 0x00000001
core   0: 0x8000f438 (0x0000bfe5) c.j     pc - 8
core   0: 3 0x8000f438 (0xbfe5)
core   0: 0x8000f430 (0x00002f17) auipc   t5, 0x2
core   0: 3 0x8000f430 (0x00002f17) x30 0x80011430
core   0: 0x8000f434 (0xbc3f2823) sw      gp, -1072(t5)
core   0: 3 0x8000f434 (0xbc3f2823) mem 0x80011000 0x00000001
core   0: 0x8000f438 (0x0000bfe5) c.j     pc - 8
core   0: 3 0x8000f438 (0xbfe5)
core   0: 0x8000f430 (0x00002f17) auipc   t5, 0x2
core   0: 3 0x8000f430 (0x00002f17) x30 0x80011430
core   0: 0x8000f434 (0xbc3f2823) sw      gp, -1072(t5)
core   0: 3 0x8000f434 (0xbc3f2823) mem 0x80011000 0x00000001
core   0: 0x8000f438 (0x0000bfe5) c.j     pc - 8
core   0: 3 0x8000f438 (0xbfe5)
core   0: 0x8000f430 (0x00002f17) auipc   t5, 0x2
core   0: 3 0x8000f430 (0x00002f17) x30 0x80011430
core   0: 0x8000f434 (0xbc3f2823) sw      gp, -1072(t5)
core   0: 3 0x8000f434 (0xbc3f2823) mem 0x80011000 0x00000001
core   0: 0x8000f438 (0x0000bfe5) c.j     pc - 8
core   0: 3 0x8000f438 (0xbfe5)
core   0: 0x8000f430 (0x00002f17) auipc   t5, 0x2
core   0: 3 0x8000f430 (0x00002f17) x30 0x80011430
core   0: 0x8000f434 (0xbc3f2823) sw      gp, -1072(t5)
core   0: 3 0x8000f434 (0xbc3f2823) mem 0x80011000 0x00000001
core   0: 0x8000f438 (0x0000bfe5) c.j     pc - 8
core   0: 3 0x8000f438 (0xbfe5)
core   0: 0x8000f430 (0x00002f17) auipc   t5, 0x2
core   0: 3 0x8000f430 (0x00002f17) x30 0x80011430
core   0: 0x8000f434 (0xbc3f2823) sw      gp, -1072(t5)
core   0: 3 0x8000f434 (0xbc3f2823) mem 0x80011000 0x00000001
core   0: 0x8000f438 (0x0000bfe5) c.j     pc - 8
core   0: 3 0x8000f438 (0xbfe5)
core   0: 0x8000f430 (0x00002f17) auipc   t5, 0x2
core   0: 3 0x8000f430 (0x00002f17) x30 0x80011430
core   0: 0x8000f434 (0xbc3f2823) sw      gp, -1072(t5)
core   0: 3 0x8000f434 (0xbc3f2823) mem 0x80011000 0x00000001
core   0: 0x8000f438 (0x0000bfe5) c.j     pc - 8
core   0: 3 0x8000f438 (0xbfe5)
core   0: 0x8000f430 (0x00002f17) auipc   t5, 0x2
core   0: 3 0x8000f430 (0x00002f17) x30 0x80011430
core   0: 0x8000f434 (0xbc3f2823) sw      gp, -1072(t5)
core   0: 3 0x8000f434 (0xbc3f2823) mem 0x80011000 0x00000001
core   0: 0x8000f438 (0x0000bfe5) c.j     pc - 8
core   0: 3 0x8000f438 (0xbfe5)
core   0: 0x8000f430 (0x00002f17) auipc   t5, 0x2
core   0: 3 0x8000f430 (0x00002f17) x30 0x80011430
core   0: 0x8000f434 (0xbc3f2823) sw      gp, -1072(t5)
core   0: 3 0x8000f434 (0xbc3f2823) mem 0x80011000 0x00000001
core   0: 0x8000f438 (0x0000bfe5) c.j     pc - 8
core   0: 3 0x8000f438 (0xbfe5)
core   0: 0x8000f430 (0x00002f17) auipc   t5, 0x2
core   0: 3 0x8000f430 (0x00002f17) x30 0x80011430
core   0: 0x8000f434 (0xbc3f2823) sw      gp, -1072(t5)
core   0: 3 0x8000f434 (0xbc3f2823) mem 0x80011000 0x00000001
core   0: 0x8000f438 (0x0000bfe5) c.j     pc - 8
core   0: 3 0x8000f438 (0xbfe5)
core   0: 0x8000f430 (0x00002f17) auipc   t5, 0x2
core   0: 3 0x8000f430 (0x00002f17) x30 0x80011430
core   0: 0x8000f434 (0xbc3f2823) sw      gp, -1072(t5)
core   0: 3 0x8000f434 (0xbc3f2823) mem 0x80011000 0x00000001
core   0: 0x8000f438 (0x0000bfe5) c.j     pc - 8
core   0: 3 0x8000f438 (0xbfe5)
core   0: 0x8000f430 (0x00002f17) auipc   t5, 0x2
core   0: 3 0x8000f430 (0x00002f17) x30 0x80011430
core   0: 0x8000f434 (0xbc3f2823) sw      gp, -1072(t5)
core   0: 3 0x8000f434 (0xbc3f2823) mem 0x80011000 0x00000001
core   0: 0x8000f438 (0x0000bfe5) c.j     pc - 8
core   0: 3 0x8000f438 (0xbfe5)
core   0: 0x8000f430 (0x00002f17) auipc   t5, 0x2
core   0: 3 0x8000f430 (0x00002f17) x30 0x80011430
core   0: 0x8000f434 (0xbc3f2823) sw      gp, -1072(t5)
core   0: 3 0x8000f434 (0xbc3f2823) mem 0x80011000 0x00000001
core   0: 0x8000f438 (0x0000bfe5) c.j     pc - 8
core   0: 3 0x8000f438 (0xbfe5)
core   0: 0x8000f430 (0x00002f17) auipc   t5, 0x2
core   0: 3 0x8000f430 (0x00002f17) x30 0x80011430
core   0: 0x8000f434 (0xbc3f2823) sw      gp, -1072(t5)
core   0: 3 0x8000f434 (0xbc3f2823) mem 0x80011000 0x00000001
core   0: 0x8000f438 (0x0000bfe5) c.j     pc - 8
core   0: 3 0x8000f438 (0xbfe5)
core   0: 0x8000f430 (0x00002f17) auipc   t5, 0x2
core   0: 3 0x8000f430 (0x00002f17) x30 0x80011430
core   0: 0x8000f434 (0xbc3f2823) sw      gp, -1072(t5)
core   0: 3 0x8000f434 (0xbc3f2823) mem 0x80011000 0x00000001
core   0: 0x8000f438 (0x0000bfe5) c.j     pc - 8
core   0: 3 0x8000f438 (0xbfe5)
core   0: 0x8000f430 (0x00002f17) auipc   t5, 0x2
core   0: 3 0x8000f430 (0x00002f17) x30 0x80011430
core   0: 0x8000f434 (0xbc3f2823) sw      gp, -1072(t5)
core   0: 3 0x8000f434 (0xbc3f2823) mem 0x80011000 0x00000001
core   0: 0x8000f438 (0x0000bfe5) c.j     pc - 8
core   0: 3 0x8000f438 (0xbfe5)
core   0: 0x8000f430 (0x00002f17) auipc   t5, 0x2
core   0: 3 0x8000f430 (0x00002f17) x30 0x80011430
core   0: 0x8000f434 (0xbc3f2823) sw      gp, -1072(t5)
core   0: 3 0x8000f434 (0xbc3f2823) mem 0x80011000 0x00000001
core   0: 0x8000f438 (0x0000bfe5) c.j     pc - 8
core   0: 3 0x8000f438 (0xbfe5)
core   0: 0x8000f430 (0x00002f17) auipc   t5, 0x2
core   0: 3 0x8000f430 (0x00002f17) x30 0x80011430
core   0: 0x8000f434 (0xbc3f2823) sw      gp, -1072(t5)
core   0: 3 0x8000f434 (0xbc3f2823) mem 0x80011000 0x00000001
core   0: 0x8000f438 (0x0000bfe5) c.j     pc - 8
core   0: 3 0x8000f438 (0xbfe5)
core   0: 0x8000f430 (0x00002f17) auipc   t5, 0x2
core   0: 3 0x8000f430 (0x00002f17) x30 0x80011430
core   0: 0x8000f434 (0xbc3f2823) sw      gp, -1072(t5)
core   0: 3 0x8000f434 (0xbc3f2823) mem 0x80011000 0x00000001
core   0: 0x8000f438 (0x0000bfe5) c.j     pc - 8
core   0: 3 0x8000f438 (0xbfe5)
core   0: 0x8000f430 (0x00002f17) auipc   t5, 0x2
core   0: 3 0x8000f430 (0x00002f17) x30 0x80011430
core   0: 0x8000f434 (0xbc3f2823) sw      gp, -1072(t5)
core   0: 3 0x8000f434 (0xbc3f2823) mem 0x80011000 0x00000001
core   0: 0x8000f438 (0x0000bfe5) c.j     pc - 8
core   0: 3 0x8000f438 (0xbfe5)
core   0: 0x8000f430 (0x00002f17) auipc   t5, 0x2
core   0: 3 0x8000f430 (0x00002f17) x30 0x80011430
core   0: 0x8000f434 (0xbc3f2823) sw      gp, -1072(t5)
core   0: 3 0x8000f434 (0xbc3f2823) mem 0x80011000 0x00000001
core   0: 0x8000f438 (0x0000bfe5) c.j     pc - 8
core   0: 3 0x8000f438 (0xbfe5)
core   0: 0x8000f430 (0x00002f17) auipc   t5, 0x2
core   0: 3 0x8000f430 (0x00002f17) x30 0x80011430
core   0: 0x8000f434 (0xbc3f2823) sw      gp, -1072(t5)
core   0: 3 0x8000f434 (0xbc3f2823) mem 0x80011000 0x00000001
core   0: 0x8000f438 (0x0000bfe5) c.j     pc - 8
core   0: 3 0x8000f438 (0xbfe5)
core   0: 0x8000f430 (0x00002f17) auipc   t5, 0x2
core   0: 3 0x8000f430 (0x00002f17) x30 0x80011430
core   0: 0x8000f434 (0xbc3f2823) sw      gp, -1072(t5)
core   0: 3 0x8000f434 (0xbc3f2823) mem 0x80011000 0x00000001
core   0: 0x8000f438 (0x0000bfe5) c.j     pc - 8
core   0: 3 0x8000f438 (0xbfe5)
core   0: 0x8000f430 (0x00002f17) auipc   t5, 0x2
core   0: 3 0x8000f430 (0x00002f17) x30 0x80011430
core   0: 0x8000f434 (0xbc3f2823) sw      gp, -1072(t5)
core   0: 3 0x8000f434 (0xbc3f2823) mem 0x80011000 0x00000001
core   0: 0x8000f438 (0x0000bfe5) c.j     pc - 8
core   0: 3 0x8000f438 (0xbfe5)
core   0: 0x8000f430 (0x00002f17) auipc   t5, 0x2
core   0: 3 0x8000f430 (0x00002f17) x30 0x80011430
core   0: 0x8000f434 (0xbc3f2823) sw      gp, -1072(t5)
core   0: 3 0x8000f434 (0xbc3f2823) mem 0x80011000 0x00000001
core   0: 0x8000f438 (0x0000bfe5) c.j     pc - 8
core   0: 3 0x8000f438 (0xbfe5)
core   0: 0x8000f430 (0x00002f17) auipc   t5, 0x2
core   0: 3 0x8000f430 (0x00002f17) x30 0x80011430
core   0: 0x8000f434 (0xbc3f2823) sw      gp, -1072(t5)
core   0: 3 0x8000f434 (0xbc3f2823) mem 0x80011000 0x00000001
core   0: 0x8000f438 (0x0000bfe5) c.j     pc - 8
core   0: 3 0x8000f438 (0xbfe5)
core   0: 0x8000f430 (0x00002f17) auipc   t5, 0x2
core   0: 3 0x8000f430 (0x00002f17) x30 0x80011430
core   0: 0x8000f434 (0xbc3f2823) sw      gp, -1072(t5)
core   0: 3 0x8000f434 (0xbc3f2823) mem 0x80011000 0x00000001
core   0: 0x8000f438 (0x0000bfe5) c.j     pc - 8
core   0: 3 0x8000f438 (0xbfe5)
core   0: 0x8000f430 (0x00002f17) auipc   t5, 0x2
core   0: 3 0x8000f430 (0x00002f17) x30 0x80011430
core   0: 0x8000f434 (0xbc3f2823) sw      gp, -1072(t5)
core   0: 3 0x8000f434 (0xbc3f2823) mem 0x80011000 0x00000001
core   0: 0x8000f438 (0x0000bfe5) c.j     pc - 8
core   0: 3 0x8000f438 (0xbfe5)
core   0: 0x8000f430 (0x00002f17) auipc   t5, 0x2
core   0: 3 0x8000f430 (0x00002f17) x30 0x80011430
core   0: 0x8000f434 (0xbc3f2823) sw      gp, -1072(t5)
core   0: 3 0x8000f434 (0xbc3f2823) mem 0x80011000 0x00000001
core   0: 0x8000f438 (0x0000bfe5) c.j     pc - 8
core   0: 3 0x8000f438 (0xbfe5)
core   0: 0x8000f430 (0x00002f17) auipc   t5, 0x2
core   0: 3 0x8000f430 (0x00002f17) x30 0x80011430
core   0: 0x8000f434 (0xbc3f2823) sw      gp, -1072(t5)
core   0: 3 0x8000f434 (0xbc3f2823) mem 0x80011000 0x00000001
core   0: 0x8000f438 (0x0000bfe5) c.j     pc - 8
core   0: 3 0x8000f438 (0xbfe5)
core   0: 0x8000f430 (0x00002f17) auipc   t5, 0x2
core   0: 3 0x8000f430 (0x00002f17) x30 0x80011430
core   0: 0x8000f434 (0xbc3f2823) sw      gp, -1072(t5)
core   0: 3 0x8000f434 (0xbc3f2823) mem 0x80011000 0x00000001
core   0: 0x8000f438 (0x0000bfe5) c.j     pc - 8
core   0: 3 0x8000f438 (0xbfe5)
core   0: 0x8000f430 (0x00002f17) auipc   t5, 0x2
core   0: 3 0x8000f430 (0x00002f17) x30 0x80011430
core   0: 0x8000f434 (0xbc3f2823) sw      gp, -1072(t5)
core   0: 3 0x8000f434 (0xbc3f2823) mem 0x80011000 0x00000001
core   0: 0x8000f438 (0x0000bfe5) c.j     pc - 8
core   0: 3 0x8000f438 (0xbfe5)
core   0: 0x8000f430 (0x00002f17) auipc   t5, 0x2
core   0: 3 0x8000f430 (0x00002f17) x30 0x80011430
core   0: 0x8000f434 (0xbc3f2823) sw      gp, -1072(t5)
core   0: 3 0x8000f434 (0xbc3f2823) mem 0x80011000 0x00000001
core   0: 0x8000f438 (0x0000bfe5) c.j     pc - 8
core   0: 3 0x8000f438 (0xbfe5)
core   0: 0x8000f430 (0x00002f17) auipc   t5, 0x2
core   0: 3 0x8000f430 (0x00002f17) x30 0x80011430
core   0: 0x8000f434 (0xbc3f2823) sw      gp, -1072(t5)
core   0: 3 0x8000f434 (0xbc3f2823) mem 0x80011000 0x00000001
core   0: 0x8000f438 (0x0000bfe5) c.j     pc - 8
core   0: 3 0x8000f438 (0xbfe5)
core   0: 0x8000f430 (0x00002f17) auipc   t5, 0x2
core   0: 3 0x8000f430 (0x00002f17) x30 0x80011430
core   0: 0x8000f434 (0xbc3f2823) sw      gp, -1072(t5)
core   0: 3 0x8000f434 (0xbc3f2823) mem 0x80011000 0x00000001
core   0: 0x8000f438 (0x0000bfe5) c.j     pc - 8
core   0: 3 0x8000f438 (0xbfe5)
core   0: 0x8000f430 (0x00002f17) auipc   t5, 0x2
core   0: 3 0x8000f430 (0x00002f17) x30 0x80011430
core   0: 0x8000f434 (0xbc3f2823) sw      gp, -1072(t5)
core   0: 3 0x8000f434 (0xbc3f2823) mem 0x80011000 0x00000001
core   0: 0x8000f438 (0x0000bfe5) c.j     pc - 8
core   0: 3 0x8000f438 (0xbfe5)
core   0: 0x8000f430 (0x00002f17) auipc   t5, 0x2
core   0: 3 0x8000f430 (0x00002f17) x30 0x80011430
core   0: 0x8000f434 (0xbc3f2823) sw      gp, -1072(t5)
core   0: 3 0x8000f434 (0xbc3f2823) mem 0x80011000 0x00000001
core   0: 0x8000f438 (0x0000bfe5) c.j     pc - 8
core   0: 3 0x8000f438 (0xbfe5)
core   0: 0x8000f430 (0x00002f17) auipc   t5, 0x2
core   0: 3 0x8000f430 (0x00002f17) x30 0x80011430
core   0: 0x8000f434 (0xbc3f2823) sw      gp, -1072(t5)
core   0: 3 0x8000f434 (0xbc3f2823) mem 0x80011000 0x00000001
core   0: 0x8000f438 (0x0000bfe5) c.j     pc - 8
core   0: 3 0x8000f438 (0xbfe5)
core   0: 0x8000f430 (0x00002f17) auipc   t5, 0x2
core   0: 3 0x8000f430 (0x00002f17) x30 0x80011430
core   0: 0x8000f434 (0xbc3f2823) sw      gp, -1072(t5)
core   0: 3 0x8000f434 (0xbc3f2823) mem 0x80011000 0x00000001
core   0: 0x8000f438 (0x0000bfe5) c.j     pc - 8
core   0: 3 0x8000f438 (0xbfe5)
core   0: 0x8000f430 (0x00002f17) auipc   t5, 0x2
core   0: 3 0x8000f430 (0x00002f17) x30 0x80011430
core   0: 0x8000f434 (0xbc3f2823) sw      gp, -1072(t5)
core   0: 3 0x8000f434 (0xbc3f2823) mem 0x80011000 0x00000001
core   0: 0x8000f438 (0x0000bfe5) c.j     pc - 8
core   0: 3 0x8000f438 (0xbfe5)
core   0: 0x8000f430 (0x00002f17) auipc   t5, 0x2
core   0: 3 0x8000f430 (0x00002f17) x30 0x80011430
core   0: 0x8000f434 (0xbc3f2823) sw      gp, -1072(t5)
core   0: 3 0x8000f434 (0xbc3f2823) mem 0x80011000 0x00000001
core   0: 0x8000f438 (0x0000bfe5) c.j     pc - 8
core   0: 3 0x8000f438 (0xbfe5)
core   0: 0x8000f430 (0x00002f17) auipc   t5, 0x2
core   0: 3 0x8000f430 (0x00002f17) x30 0x80011430
core   0: 0x8000f434 (0xbc3f2823) sw      gp, -1072(t5)
core   0: 3 0x8000f434 (0xbc3f2823) mem 0x80011000 0x00000001
core   0: 0x8000f438 (0x0000bfe5) c.j     pc - 8
core   0: 3 0x8000f438 (0xbfe5)
core   0: 0x8000f430 (0x00002f17) auipc   t5, 0x2
core   0: 3 0x8000f430 (0x00002f17) x30 0x80011430
core   0: 0x8000f434 (0xbc3f2823) sw      gp, -1072(t5)
core   0: 3 0x8000f434 (0xbc3f2823) mem 0x80011000 0x00000001
core   0: 0x8000f438 (0x0000bfe5) c.j     pc - 8
core   0: 3 0x8000f438 (0xbfe5)
core   0: 0x8000f430 (0x00002f17) auipc   t5, 0x2
core   0: 3 0x8000f430 (0x00002f17) x30 0x80011430
core   0: 0x8000f434 (0xbc3f2823) sw      gp, -1072(t5)
core   0: 3 0x8000f434 (0xbc3f2823) mem 0x80011000 0x00000001
core   0: 0x8000f438 (0x0000bfe5) c.j     pc - 8
core   0: 3 0x8000f438 (0xbfe5)
core   0: 0x8000f430 (0x00002f17) auipc   t5, 0x2
core   0: 3 0x8000f430 (0x00002f17) x30 0x80011430
core   0: 0x8000f434 (0xbc3f2823) sw      gp, -1072(t5)
core   0: 3 0x8000f434 (0xbc3f2823) mem 0x80011000 0x00000001
core   0: 0x8000f438 (0x0000bfe5) c.j     pc - 8
core   0: 3 0x8000f438 (0xbfe5)
core   0: 0x8000f430 (0x00002f17) auipc   t5, 0x2
core   0: 3 0x8000f430 (0x00002f17) x30 0x80011430
core   0: 0x8000f434 (0xbc3f2823) sw      gp, -1072(t5)
core   0: 3 0x8000f434 (0xbc3f2823) mem 0x80011000 0x00000001
core   0: 0x8000f438 (0x0000bfe5) c.j     pc - 8
core   0: 3 0x8000f438 (0xbfe5)
core   0: 0x8000f430 (0x00002f17) auipc   t5, 0x2
core   0: 3 0x8000f430 (0x00002f17) x30 0x80011430
core   0: 0x8000f434 (0xbc3f2823) sw      gp, -1072(t5)
core   0: 3 0x8000f434 (0xbc3f2823) mem 0x80011000 0x00000001
core   0: 0x8000f438 (0x0000bfe5) c.j     pc - 8
core   0: 3 0x8000f438 (0xbfe5)
core   0: 0x8000f430 (0x00002f17) auipc   t5, 0x2
core   0: 3 0x8000f430 (0x00002f17) x30 0x80011430
core   0: 0x8000f434 (0xbc3f2823) sw      gp, -1072(t5)
core   0: 3 0x8000f434 (0xbc3f2823) mem 0x80011000 0x00000001
core   0: 0x8000f438 (0x0000bfe5) c.j     pc - 8
core   0: 3 0x8000f438 (0xbfe5)
core   0: 0x8000f430 (0x00002f17) auipc   t5, 0x2
core   0: 3 0x8000f430 (0x00002f17) x30 0x80011430
core   0: 0x8000f434 (0xbc3f2823) sw      gp, -1072(t5)
core   0: 3 0x8000f434 (0xbc3f2823) mem 0x80011000 0x00000001
core   0: 0x8000f438 (0x0000bfe5) c.j     pc - 8
core   0: 3 0x8000f438 (0xbfe5)
core   0: 0x8000f430 (0x00002f17) auipc   t5, 0x2
core   0: 3 0x8000f430 (0x00002f17) x30 0x80011430
core   0: 0x8000f434 (0xbc3f2823) sw      gp, -1072(t5)
core   0: 3 0x8000f434 (0xbc3f2823) mem 0x80011000 0x00000001
core   0: 0x8000f438 (0x0000bfe5) c.j     pc - 8
core   0: 3 0x8000f438 (0xbfe5)
core   0: 0x8000f430 (0x00002f17) auipc   t5, 0x2
core   0: 3 0x8000f430 (0x00002f17) x30 0x80011430
core   0: 0x8000f434 (0xbc3f2823) sw      gp, -1072(t5)
core   0: 3 0x8000f434 (0xbc3f2823) mem 0x80011000 0x00000001
core   0: 0x8000f438 (0x0000bfe5) c.j     pc - 8
core   0: 3 0x8000f438 (0xbfe5)
core   0: 0x8000f430 (0x00002f17) auipc   t5, 0x2
core   0: 3 0x8000f430 (0x00002f17) x30 0x80011430
core   0: 0x8000f434 (0xbc3f2823) sw      gp, -1072(t5)
core   0: 3 0x8000f434 (0xbc3f2823) mem 0x80011000 0x00000001
core   0: 0x8000f438 (0x0000bfe5) c.j     pc - 8
core   0: 3 0x8000f438 (0xbfe5)
core   0: 0x8000f430 (0x00002f17) auipc   t5, 0x2
core   0: 3 0x8000f430 (0x00002f17) x30 0x80011430
core   0: 0x8000f434 (0xbc3f2823) sw      gp, -1072(t5)
core   0: 3 0x8000f434 (0xbc3f2823) mem 0x80011000 0x00000001
core   0: 0x8000f438 (0x0000bfe5) c.j     pc - 8
core   0: 3 0x8000f438 (0xbfe5)
core   0: 0x8000f430 (0x00002f17) auipc   t5, 0x2
core   0: 3 0x8000f430 (0x00002f17) x30 0x80011430
core   0: 0x8000f434 (0xbc3f2823) sw      gp, -1072(t5)
core   0: 3 0x8000f434 (0xbc3f2823) mem 0x80011000 0x00000001
core   0: 0x8000f438 (0x0000bfe5) c.j     pc - 8
core   0: 3 0x8000f438 (0xbfe5)
core   0: 0x8000f430 (0x00002f17) auipc   t5, 0x2
core   0: 3 0x8000f430 (0x00002f17) x30 0x80011430
core   0: 0x8000f434 (0xbc3f2823) sw      gp, -1072(t5)
core   0: 3 0x8000f434 (0xbc3f2823) mem 0x80011000 0x00000001
core   0: 0x8000f438 (0x0000bfe5) c.j     pc - 8
core   0: 3 0x8000f438 (0xbfe5)
core   0: 0x8000f430 (0x00002f17) auipc   t5, 0x2
core   0: 3 0x8000f430 (0x00002f17) x30 0x80011430
core   0: 0x8000f434 (0xbc3f2823) sw      gp, -1072(t5)
core   0: 3 0x8000f434 (0xbc3f2823) mem 0x80011000 0x00000001
core   0: 0x8000f438 (0x0000bfe5) c.j     pc - 8
core   0: 3 0x8000f438 (0xbfe5)
core   0: 0x8000f430 (0x00002f17) auipc   t5, 0x2
core   0: 3 0x8000f430 (0x00002f17) x30 0x80011430
core   0: 0x8000f434 (0xbc3f2823) sw      gp, -1072(t5)
core   0: 3 0x8000f434 (0xbc3f2823) mem 0x80011000 0x00000001
core   0: 0x8000f438 (0x0000bfe5) c.j     pc - 8
core   0: 3 0x8000f438 (0xbfe5)
core   0: 0x8000f430 (0x00002f17) auipc   t5, 0x2
core   0: 3 0x8000f430 (0x00002f17) x30 0x80011430
core   0: 0x8000f434 (0xbc3f2823) sw      gp, -1072(t5)
core   0: 3 0x8000f434 (0xbc3f2823) mem 0x80011000 0x00000001
core   0: 0x8000f438 (0x0000bfe5) c.j     pc - 8
core   0: 3 0x8000f438 (0xbfe5)
core   0: 0x8000f430 (0x00002f17) auipc   t5, 0x2
core   0: 3 0x8000f430 (0x00002f17) x30 0x80011430
core   0: 0x8000f434 (0xbc3f2823) sw      gp, -1072(t5)
core   0: 3 0x8000f434 (0xbc3f2823) mem 0x80011000 0x00000001
core   0: 0x8000f438 (0x0000bfe5) c.j     pc - 8
core   0: 3 0x8000f438 (0xbfe5)
core   0: 0x8000f430 (0x00002f17) auipc   t5, 0x2
core   0: 3 0x8000f430 (0x00002f17) x30 0x80011430
core   0: 0x8000f434 (0xbc3f2823) sw      gp, -1072(t5)
core   0: 3 0x8000f434 (0xbc3f2823) mem 0x80011000 0x00000001
core   0: 0x8000f438 (0x0000bfe5) c.j     pc - 8
core   0: 3 0x8000f438 (0xbfe5)
core   0: 0x8000f430 (0x00002f17) auipc   t5, 0x2
core   0: 3 0x8000f430 (0x00002f17) x30 0x80011430
core   0: 0x8000f434 (0xbc3f2823) sw      gp, -1072(t5)
core   0: 3 0x8000f434 (0xbc3f2823) mem 0x80011000 0x00000001
core   0: 0x8000f438 (0x0000bfe5) c.j     pc - 8
core   0: 3 0x8000f438 (0xbfe5)
core   0: 0x8000f430 (0x00002f17) auipc   t5, 0x2
core   0: 3 0x8000f430 (0x00002f17) x30 0x80011430
core   0: 0x8000f434 (0xbc3f2823) sw      gp, -1072(t5)
core   0: 3 0x8000f434 (0xbc3f2823) mem 0x80011000 0x00000001
core   0: 0x8000f438 (0x0000bfe5) c.j     pc - 8
core   0: 3 0x8000f438 (0xbfe5)
core   0: 0x8000f430 (0x00002f17) auipc   t5, 0x2
core   0: 3 0x8000f430 (0x00002f17) x30 0x80011430
core   0: 0x8000f434 (0xbc3f2823) sw      gp, -1072(t5)
core   0: 3 0x8000f434 (0xbc3f2823) mem 0x80011000 0x00000001
core   0: 0x8000f438 (0x0000bfe5) c.j     pc - 8
core   0: 3 0x8000f438 (0xbfe5)
core   0: 0x8000f430 (0x00002f17) auipc   t5, 0x2
core   0: 3 0x8000f430 (0x00002f17) x30 0x80011430
core   0: 0x8000f434 (0xbc3f2823) sw      gp, -1072(t5)
core   0: 3 0x8000f434 (0xbc3f2823) mem 0x80011000 0x00000001
core   0: 0x8000f438 (0x0000bfe5) c.j     pc - 8
core   0: 3 0x8000f438 (0xbfe5)
core   0: 0x8000f430 (0x00002f17) auipc   t5, 0x2
core   0: 3 0x8000f430 (0x00002f17) x30 0x80011430
core   0: 0x8000f434 (0xbc3f2823) sw      gp, -1072(t5)
core   0: 3 0x8000f434 (0xbc3f2823) mem 0x80011000 0x00000001
core   0: 0x8000f438 (0x0000bfe5) c.j     pc - 8
core   0: 3 0x8000f438 (0xbfe5)
core   0: 0x8000f430 (0x00002f17) auipc   t5, 0x2
core   0: 3 0x8000f430 (0x00002f17) x30 0x80011430
core   0: 0x8000f434 (0xbc3f2823) sw      gp, -1072(t5)
core   0: 3 0x8000f434 (0xbc3f2823) mem 0x80011000 0x00000001
core   0: 0x8000f438 (0x0000bfe5) c.j     pc - 8
core   0: 3 0x8000f438 (0xbfe5)
core   0: 0x8000f430 (0x00002f17) auipc   t5, 0x2
core   0: 3 0x8000f430 (0x00002f17) x30 0x80011430
core   0: 0x8000f434 (0xbc3f2823) sw      gp, -1072(t5)
core   0: 3 0x8000f434 (0xbc3f2823) mem 0x80011000 0x00000001
core   0: 0x8000f438 (0x0000bfe5) c.j     pc - 8
core   0: 3 0x8000f438 (0xbfe5)
core   0: 0x8000f430 (0x00002f17) auipc   t5, 0x2
core   0: 3 0x8000f430 (0x00002f17) x30 0x80011430
core   0: 0x8000f434 (0xbc3f2823) sw      gp, -1072(t5)
core   0: 3 0x8000f434 (0xbc3f2823) mem 0x80011000 0x00000001
core   0: 0x8000f438 (0x0000bfe5) c.j     pc - 8
core   0: 3 0x8000f438 (0xbfe5)
core   0: 0x8000f430 (0x00002f17) auipc   t5, 0x2
core   0: 3 0x8000f430 (0x00002f17) x30 0x80011430
core   0: 0x8000f434 (0xbc3f2823) sw      gp, -1072(t5)
core   0: 3 0x8000f434 (0xbc3f2823) mem 0x80011000 0x00000001
core   0: 0x8000f438 (0x0000bfe5) c.j     pc - 8
core   0: 3 0x8000f438 (0xbfe5)
core   0: 0x8000f430 (0x00002f17) auipc   t5, 0x2
core   0: 3 0x8000f430 (0x00002f17) x30 0x80011430
core   0: 0x8000f434 (0xbc3f2823) sw      gp, -1072(t5)
core   0: 3 0x8000f434 (0xbc3f2823) mem 0x80011000 0x00000001
core   0: 0x8000f438 (0x0000bfe5) c.j     pc - 8
core   0: 3 0x8000f438 (0xbfe5)
core   0: 0x8000f430 (0x00002f17) auipc   t5, 0x2
core   0: 3 0x8000f430 (0x00002f17) x30 0x80011430
core   0: 0x8000f434 (0xbc3f2823) sw      gp, -1072(t5)
core   0: 3 0x8000f434 (0xbc3f2823) mem 0x80011000 0x00000001
core   0: 0x8000f438 (0x0000bfe5) c.j     pc - 8
core   0: 3 0x8000f438 (0xbfe5)
core   0: 0x8000f430 (0x00002f17) auipc   t5, 0x2
core   0: 3 0x8000f430 (0x00002f17) x30 0x80011430
core   0: 0x8000f434 (0xbc3f2823) sw      gp, -1072(t5)
core   0: 3 0x8000f434 (0xbc3f2823) mem 0x80011000 0x00000001
core   0: 0x8000f438 (0x0000bfe5) c.j     pc - 8
core   0: 3 0x8000f438 (0xbfe5)
core   0: 0x8000f430 (0x00002f17) auipc   t5, 0x2
core   0: 3 0x8000f430 (0x00002f17) x30 0x80011430
core   0: 0x8000f434 (0xbc3f2823) sw      gp, -1072(t5)
core   0: 3 0x8000f434 (0xbc3f2823) mem 0x80011000 0x00000001
core   0: 0x8000f438 (0x0000bfe5) c.j     pc - 8
core   0: 3 0x8000f438 (0xbfe5)
core   0: 0x8000f430 (0x00002f17) auipc   t5, 0x2
core   0: 3 0x8000f430 (0x00002f17) x30 0x80011430
core   0: 0x8000f434 (0xbc3f2823) sw      gp, -1072(t5)
core   0: 3 0x8000f434 (0xbc3f2823) mem 0x80011000 0x00000001
core   0: 0x8000f438 (0x0000bfe5) c.j     pc - 8
core   0: 3 0x8000f438 (0xbfe5)
core   0: 0x8000f430 (0x00002f17) auipc   t5, 0x2
core   0: 3 0x8000f430 (0x00002f17) x30 0x80011430
core   0: 0x8000f434 (0xbc3f2823) sw      gp, -1072(t5)
core   0: 3 0x8000f434 (0xbc3f2823) mem 0x80011000 0x00000001
core   0: 0x8000f438 (0x0000bfe5) c.j     pc - 8
core   0: 3 0x8000f438 (0xbfe5)
core   0: 0x8000f430 (0x00002f17) auipc   t5, 0x2
core   0: 3 0x8000f430 (0x00002f17) x30 0x80011430
core   0: 0x8000f434 (0xbc3f2823) sw      gp, -1072(t5)
core   0: 3 0x8000f434 (0xbc3f2823) mem 0x80011000 0x00000001
core   0: 0x8000f438 (0x0000bfe5) c.j     pc - 8
core   0: 3 0x8000f438 (0xbfe5)
core   0: 0x8000f430 (0x00002f17) auipc   t5, 0x2
core   0: 3 0x8000f430 (0x00002f17) x30 0x80011430
core   0: 0x8000f434 (0xbc3f2823) sw      gp, -1072(t5)
core   0: 3 0x8000f434 (0xbc3f2823) mem 0x80011000 0x00000001
core   0: 0x8000f438 (0x0000bfe5) c.j     pc - 8
core   0: 3 0x8000f438 (0xbfe5)
core   0: 0x8000f430 (0x00002f17) auipc   t5, 0x2
core   0: 3 0x8000f430 (0x00002f17) x30 0x80011430
core   0: 0x8000f434 (0xbc3f2823) sw      gp, -1072(t5)
core   0: 3 0x8000f434 (0xbc3f2823) mem 0x80011000 0x00000001
core   0: 0x8000f438 (0x0000bfe5) c.j     pc - 8
core   0: 3 0x8000f438 (0xbfe5)
core   0: 0x8000f430 (0x00002f17) auipc   t5, 0x2
core   0: 3 0x8000f430 (0x00002f17) x30 0x80011430
core   0: 0x8000f434 (0xbc3f2823) sw      gp, -1072(t5)
core   0: 3 0x8000f434 (0xbc3f2823) mem 0x80011000 0x00000001
core   0: 0x8000f438 (0x0000bfe5) c.j     pc - 8
core   0: 3 0x8000f438 (0xbfe5)
core   0: 0x8000f430 (0x00002f17) auipc   t5, 0x2
core   0: 3 0x8000f430 (0x00002f17) x30 0x80011430
core   0: 0x8000f434 (0xbc3f2823) sw      gp, -1072(t5)
core   0: 3 0x8000f434 (0xbc3f2823) mem 0x80011000 0x00000001
core   0: 0x8000f438 (0x0000bfe5) c.j     pc - 8
core   0: 3 0x8000f438 (0xbfe5)
core   0: 0x8000f430 (0x00002f17) auipc   t5, 0x2
core   0: 3 0x8000f430 (0x00002f17) x30 0x80011430
core   0: 0x8000f434 (0xbc3f2823) sw      gp, -1072(t5)
core   0: 3 0x8000f434 (0xbc3f2823) mem 0x80011000 0x00000001
core   0: 0x8000f438 (0x0000bfe5) c.j     pc - 8
core   0: 3 0x8000f438 (0xbfe5)
core   0: 0x8000f430 (0x00002f17) auipc   t5, 0x2
core   0: 3 0x8000f430 (0x00002f17) x30 0x80011430
core   0: 0x8000f434 (0xbc3f2823) sw      gp, -1072(t5)
core   0: 3 0x8000f434 (0xbc3f2823) mem 0x80011000 0x00000001
core   0: 0x8000f438 (0x0000bfe5) c.j     pc - 8
core   0: 3 0x8000f438 (0xbfe5)
core   0: 0x8000f430 (0x00002f17) auipc   t5, 0x2
core   0: 3 0x8000f430 (0x00002f17) x30 0x80011430
core   0: 0x8000f434 (0xbc3f2823) sw      gp, -1072(t5)
core   0: 3 0x8000f434 (0xbc3f2823) mem 0x80011000 0x00000001
core   0: 0x8000f438 (0x0000bfe5) c.j     pc - 8
core   0: 3 0x8000f438 (0xbfe5)
core   0: 0x8000f430 (0x00002f17) auipc   t5, 0x2
core   0: 3 0x8000f430 (0x00002f17) x30 0x80011430
core   0: 0x8000f434 (0xbc3f2823) sw      gp, -1072(t5)
core   0: 3 0x8000f434 (0xbc3f2823) mem 0x80011000 0x00000001
core   0: 0x8000f438 (0x0000bfe5) c.j     pc - 8
core   0: 3 0x8000f438 (0xbfe5)
core   0: 0x8000f430 (0x00002f17) auipc   t5, 0x2
core   0: 3 0x8000f430 (0x00002f17) x30 0x80011430
core   0: 0x8000f434 (0xbc3f2823) sw      gp, -1072(t5)
core   0: 3 0x8000f434 (0xbc3f2823) mem 0x80011000 0x00000001
core   0: 0x8000f438 (0x0000bfe5) c.j     pc - 8
core   0: 3 0x8000f438 (0xbfe5)
core   0: 0x8000f430 (0x00002f17) auipc   t5, 0x2
core   0: 3 0x8000f430 (0x00002f17) x30 0x80011430
core   0: 0x8000f434 (0xbc3f2823) sw      gp, -1072(t5)
core   0: 3 0x8000f434 (0xbc3f2823) mem 0x80011000 0x00000001
core   0: 0x8000f438 (0x0000bfe5) c.j     pc - 8
core   0: 3 0x8000f438 (0xbfe5)
core   0: 0x8000f430 (0x00002f17) auipc   t5, 0x2
core   0: 3 0x8000f430 (0x00002f17) x30 0x80011430
core   0: 0x8000f434 (0xbc3f2823) sw      gp, -1072(t5)
core   0: 3 0x8000f434 (0xbc3f2823) mem 0x80011000 0x00000001
core   0: 0x8000f438 (0x0000bfe5) c.j     pc - 8
core   0: 3 0x8000f438 (0xbfe5)
core   0: 0x8000f430 (0x00002f17) auipc   t5, 0x2
core   0: 3 0x8000f430 (0x00002f17) x30 0x80011430
core   0: 0x8000f434 (0xbc3f2823) sw      gp, -1072(t5)
core   0: 3 0x8000f434 (0xbc3f2823) mem 0x80011000 0x00000001
core   0: 0x8000f438 (0x0000bfe5) c.j     pc - 8
core   0: 3 0x8000f438 (0xbfe5)
core   0: 0x8000f430 (0x00002f17) auipc   t5, 0x2
core   0: 3 0x8000f430 (0x00002f17) x30 0x80011430
core   0: 0x8000f434 (0xbc3f2823) sw      gp, -1072(t5)
core   0: 3 0x8000f434 (0xbc3f2823) mem 0x80011000 0x00000001
core   0: 0x8000f438 (0x0000bfe5) c.j     pc - 8
core   0: 3 0x8000f438 (0xbfe5)
core   0: 0x8000f430 (0x00002f17) auipc   t5, 0x2
core   0: 3 0x8000f430 (0x00002f17) x30 0x80011430
core   0: 0x8000f434 (0xbc3f2823) sw      gp, -1072(t5)
core   0: 3 0x8000f434 (0xbc3f2823) mem 0x80011000 0x00000001
core   0: 0x8000f438 (0x0000bfe5) c.j     pc - 8
core   0: 3 0x8000f438 (0xbfe5)
core   0: 0x8000f430 (0x00002f17) auipc   t5, 0x2
core   0: 3 0x8000f430 (0x00002f17) x30 0x80011430
core   0: 0x8000f434 (0xbc3f2823) sw      gp, -1072(t5)
core   0: 3 0x8000f434 (0xbc3f2823) mem 0x80011000 0x00000001
core   0: 0x8000f438 (0x0000bfe5) c.j     pc - 8
core   0: 3 0x8000f438 (0xbfe5)
core   0: 0x8000f430 (0x00002f17) auipc   t5, 0x2
core   0: 3 0x8000f430 (0x00002f17) x30 0x80011430
core   0: 0x8000f434 (0xbc3f2823) sw      gp, -1072(t5)
core   0: 3 0x8000f434 (0xbc3f2823) mem 0x80011000 0x00000001
core   0: 0x8000f438 (0x0000bfe5) c.j     pc - 8
core   0: 3 0x8000f438 (0xbfe5)
core   0: 0x8000f430 (0x00002f17) auipc   t5, 0x2
core   0: 3 0x8000f430 (0x00002f17) x30 0x80011430
core   0: 0x8000f434 (0xbc3f2823) sw      gp, -1072(t5)
core   0: 3 0x8000f434 (0xbc3f2823) mem 0x80011000 0x00000001
core   0: 0x8000f438 (0x0000bfe5) c.j     pc - 8
core   0: 3 0x8000f438 (0xbfe5)
core   0: 0x8000f430 (0x00002f17) auipc   t5, 0x2
core   0: 3 0x8000f430 (0x00002f17) x30 0x80011430
core   0: 0x8000f434 (0xbc3f2823) sw      gp, -1072(t5)
core   0: 3 0x8000f434 (0xbc3f2823) mem 0x80011000 0x00000001
core   0: 0x8000f438 (0x0000bfe5) c.j     pc - 8
core   0: 3 0x8000f438 (0xbfe5)
core   0: 0x8000f430 (0x00002f17) auipc   t5, 0x2
core   0: 3 0x8000f430 (0x00002f17) x30 0x80011430
core   0: 0x8000f434 (0xbc3f2823) sw      gp, -1072(t5)
core   0: 3 0x8000f434 (0xbc3f2823) mem 0x80011000 0x00000001
core   0: 0x8000f438 (0x0000bfe5) c.j     pc - 8
core   0: 3 0x8000f438 (0xbfe5)
core   0: 0x8000f430 (0x00002f17) auipc   t5, 0x2
core   0: 3 0x8000f430 (0x00002f17) x30 0x80011430
core   0: 0x8000f434 (0xbc3f2823) sw      gp, -1072(t5)
core   0: 3 0x8000f434 (0xbc3f2823) mem 0x80011000 0x00000001
core   0: 0x8000f438 (0x0000bfe5) c.j     pc - 8
core   0: 3 0x8000f438 (0xbfe5)
core   0: 0x8000f430 (0x00002f17) auipc   t5, 0x2
core   0: 3 0x8000f430 (0x00002f17) x30 0x80011430
core   0: 0x8000f434 (0xbc3f2823) sw      gp, -1072(t5)
core   0: 3 0x8000f434 (0xbc3f2823) mem 0x80011000 0x00000001
core   0: 0x8000f438 (0x0000bfe5) c.j     pc - 8
core   0: 3 0x8000f438 (0xbfe5)
core   0: 0x8000f430 (0x00002f17) auipc   t5, 0x2
core   0: 3 0x8000f430 (0x00002f17) x30 0x80011430
core   0: 0x8000f434 (0xbc3f2823) sw      gp, -1072(t5)
core   0: 3 0x8000f434 (0xbc3f2823) mem 0x80011000 0x00000001
core   0: 0x8000f438 (0x0000bfe5) c.j     pc - 8
core   0: 3 0x8000f438 (0xbfe5)
core   0: 0x8000f430 (0x00002f17) auipc   t5, 0x2
core   0: 3 0x8000f430 (0x00002f17) x30 0x80011430
core   0: 0x8000f434 (0xbc3f2823) sw      gp, -1072(t5)
core   0: 3 0x8000f434 (0xbc3f2823) mem 0x80011000 0x00000001
core   0: 0x8000f438 (0x0000bfe5) c.j     pc - 8
core   0: 3 0x8000f438 (0xbfe5)
core   0: 0x8000f430 (0x00002f17) auipc   t5, 0x2
core   0: 3 0x8000f430 (0x00002f17) x30 0x80011430
core   0: 0x8000f434 (0xbc3f2823) sw      gp, -1072(t5)
core   0: 3 0x8000f434 (0xbc3f2823) mem 0x80011000 0x00000001
core   0: 0x8000f438 (0x0000bfe5) c.j     pc - 8
core   0: 3 0x8000f438 (0xbfe5)
core   0: 0x8000f430 (0x00002f17) auipc   t5, 0x2
core   0: 3 0x8000f430 (0x00002f17) x30 0x80011430
core   0: 0x8000f434 (0xbc3f2823) sw      gp, -1072(t5)
core   0: 3 0x8000f434 (0xbc3f2823) mem 0x80011000 0x00000001
core   0: 0x8000f438 (0x0000bfe5) c.j     pc - 8
core   0: 3 0x8000f438 (0xbfe5)
core   0: 0x8000f430 (0x00002f17) auipc   t5, 0x2
core   0: 3 0x8000f430 (0x00002f17) x30 0x80011430
core   0: 0x8000f434 (0xbc3f2823) sw      gp, -1072(t5)
core   0: 3 0x8000f434 (0xbc3f2823) mem 0x80011000 0x00000001
core   0: 0x8000f438 (0x0000bfe5) c.j     pc - 8
core   0: 3 0x8000f438 (0xbfe5)
core   0: 0x8000f430 (0x00002f17) auipc   t5, 0x2
core   0: 3 0x8000f430 (0x00002f17) x30 0x80011430
core   0: 0x8000f434 (0xbc3f2823) sw      gp, -1072(t5)
core   0: 3 0x8000f434 (0xbc3f2823) mem 0x80011000 0x00000001
core   0: 0x8000f438 (0x0000bfe5) c.j     pc - 8
core   0: 3 0x8000f438 (0xbfe5)
core   0: 0x8000f430 (0x00002f17) auipc   t5, 0x2
core   0: 3 0x8000f430 (0x00002f17) x30 0x80011430
core   0: 0x8000f434 (0xbc3f2823) sw      gp, -1072(t5)
core   0: 3 0x8000f434 (0xbc3f2823) mem 0x80011000 0x00000001
core   0: 0x8000f438 (0x0000bfe5) c.j     pc - 8
core   0: 3 0x8000f438 (0xbfe5)
core   0: 0x8000f430 (0x00002f17) auipc   t5, 0x2
core   0: 3 0x8000f430 (0x00002f17) x30 0x80011430
core   0: 0x8000f434 (0xbc3f2823) sw      gp, -1072(t5)
core   0: 3 0x8000f434 (0xbc3f2823) mem 0x80011000 0x00000001
core   0: 0x8000f438 (0x0000bfe5) c.j     pc - 8
core   0: 3 0x8000f438 (0xbfe5)
core   0: 0x8000f430 (0x00002f17) auipc   t5, 0x2
core   0: 3 0x8000f430 (0x00002f17) x30 0x80011430
core   0: 0x8000f434 (0xbc3f2823) sw      gp, -1072(t5)
core   0: 3 0x8000f434 (0xbc3f2823) mem 0x80011000 0x00000001
core   0: 0x8000f438 (0x0000bfe5) c.j     pc - 8
core   0: 3 0x8000f438 (0xbfe5)
core   0: 0x8000f430 (0x00002f17) auipc   t5, 0x2
core   0: 3 0x8000f430 (0x00002f17) x30 0x80011430
core   0: 0x8000f434 (0xbc3f2823) sw      gp, -1072(t5)
core   0: 3 0x8000f434 (0xbc3f2823) mem 0x80011000 0x00000001
core   0: 0x8000f438 (0x0000bfe5) c.j     pc - 8
core   0: 3 0x8000f438 (0xbfe5)
core   0: 0x8000f430 (0x00002f17) auipc   t5, 0x2
core   0: 3 0x8000f430 (0x00002f17) x30 0x80011430
core   0: 0x8000f434 (0xbc3f2823) sw      gp, -1072(t5)
core   0: 3 0x8000f434 (0xbc3f2823) mem 0x80011000 0x00000001
core   0: 0x8000f438 (0x0000bfe5) c.j     pc - 8
core   0: 3 0x8000f438 (0xbfe5)
core   0: 0x8000f430 (0x00002f17) auipc   t5, 0x2
core   0: 3 0x8000f430 (0x00002f17) x30 0x80011430
core   0: 0x8000f434 (0xbc3f2823) sw      gp, -1072(t5)
core   0: 3 0x8000f434 (0xbc3f2823) mem 0x80011000 0x00000001
core   0: 0x8000f438 (0x0000bfe5) c.j     pc - 8
core   0: 3 0x8000f438 (0xbfe5)
core   0: 0x8000f430 (0x00002f17) auipc   t5, 0x2
core   0: 3 0x8000f430 (0x00002f17) x30 0x80011430
core   0: 0x8000f434 (0xbc3f2823) sw      gp, -1072(t5)
core   0: 3 0x8000f434 (0xbc3f2823) mem 0x80011000 0x00000001
core   0: 0x8000f438 (0x0000bfe5) c.j     pc - 8
core   0: 3 0x8000f438 (0xbfe5)
core   0: 0x8000f430 (0x00002f17) auipc   t5, 0x2
core   0: 3 0x8000f430 (0x00002f17) x30 0x80011430
core   0: 0x8000f434 (0xbc3f2823) sw      gp, -1072(t5)
core   0: 3 0x8000f434 (0xbc3f2823) mem 0x80011000 0x00000001
core   0: 0x8000f438 (0x0000bfe5) c.j     pc - 8
core   0: 3 0x8000f438 (0xbfe5)
core   0: 0x8000f430 (0x00002f17) auipc   t5, 0x2
core   0: 3 0x8000f430 (0x00002f17) x30 0x80011430
core   0: 0x8000f434 (0xbc3f2823) sw      gp, -1072(t5)
core   0: 3 0x8000f434 (0xbc3f2823) mem 0x80011000 0x00000001
core   0: 0x8000f438 (0x0000bfe5) c.j     pc - 8
core   0: 3 0x8000f438 (0xbfe5)
core   0: 0x8000f430 (0x00002f17) auipc   t5, 0x2
core   0: 3 0x8000f430 (0x00002f17) x30 0x80011430
core   0: 0x8000f434 (0xbc3f2823) sw      gp, -1072(t5)
core   0: 3 0x8000f434 (0xbc3f2823) mem 0x80011000 0x00000001
core   0: 0x8000f438 (0x0000bfe5) c.j     pc - 8
core   0: 3 0x8000f438 (0xbfe5)
core   0: 0x8000f430 (0x00002f17) auipc   t5, 0x2
core   0: 3 0x8000f430 (0x00002f17) x30 0x80011430
core   0: 0x8000f434 (0xbc3f2823) sw      gp, -1072(t5)
core   0: 3 0x8000f434 (0xbc3f2823) mem 0x80011000 0x00000001
core   0: 0x8000f438 (0x0000bfe5) c.j     pc - 8
core   0: 3 0x8000f438 (0xbfe5)
core   0: 0x8000f430 (0x00002f17) auipc   t5, 0x2
core   0: 3 0x8000f430 (0x00002f17) x30 0x80011430
core   0: 0x8000f434 (0xbc3f2823) sw      gp, -1072(t5)
core   0: 3 0x8000f434 (0xbc3f2823) mem 0x80011000 0x00000001
core   0: 0x8000f438 (0x0000bfe5) c.j     pc - 8
core   0: 3 0x8000f438 (0xbfe5)
core   0: 0x8000f430 (0x00002f17) auipc   t5, 0x2
core   0: 3 0x8000f430 (0x00002f17) x30 0x80011430
core   0: 0x8000f434 (0xbc3f2823) sw      gp, -1072(t5)
core   0: 3 0x8000f434 (0xbc3f2823) mem 0x80011000 0x00000001
core   0: 0x8000f438 (0x0000bfe5) c.j     pc - 8
core   0: 3 0x8000f438 (0xbfe5)
core   0: 0x8000f430 (0x00002f17) auipc   t5, 0x2
core   0: 3 0x8000f430 (0x00002f17) x30 0x80011430
core   0: 0x8000f434 (0xbc3f2823) sw      gp, -1072(t5)
core   0: 3 0x8000f434 (0xbc3f2823) mem 0x80011000 0x00000001
core   0: 0x8000f438 (0x0000bfe5) c.j     pc - 8
core   0: 3 0x8000f438 (0xbfe5)
core   0: 0x8000f430 (0x00002f17) auipc   t5, 0x2
core   0: 3 0x8000f430 (0x00002f17) x30 0x80011430
core   0: 0x8000f434 (0xbc3f2823) sw      gp, -1072(t5)
core   0: 3 0x8000f434 (0xbc3f2823) mem 0x80011000 0x00000001
core   0: 0x8000f438 (0x0000bfe5) c.j     pc - 8
core   0: 3 0x8000f438 (0xbfe5)
core   0: 0x8000f430 (0x00002f17) auipc   t5, 0x2
core   0: 3 0x8000f430 (0x00002f17) x30 0x80011430
core   0: 0x8000f434 (0xbc3f2823) sw      gp, -1072(t5)
core   0: 3 0x8000f434 (0xbc3f2823) mem 0x80011000 0x00000001
core   0: 0x8000f438 (0x0000bfe5) c.j     pc - 8
core   0: 3 0x8000f438 (0xbfe5)
core   0: 0x8000f430 (0x00002f17) auipc   t5, 0x2
core   0: 3 0x8000f430 (0x00002f17) x30 0x80011430
core   0: 0x8000f434 (0xbc3f2823) sw      gp, -1072(t5)
core   0: 3 0x8000f434 (0xbc3f2823) mem 0x80011000 0x00000001
core   0: 0x8000f438 (0x0000bfe5) c.j     pc - 8
core   0: 3 0x8000f438 (0xbfe5)
core   0: 0x8000f430 (0x00002f17) auipc   t5, 0x2
core   0: 3 0x8000f430 (0x00002f17) x30 0x80011430
core   0: 0x8000f434 (0xbc3f2823) sw      gp, -1072(t5)
core   0: 3 0x8000f434 (0xbc3f2823) mem 0x80011000 0x00000001
core   0: 0x8000f438 (0x0000bfe5) c.j     pc - 8
core   0: 3 0x8000f438 (0xbfe5)
core   0: 0x8000f430 (0x00002f17) auipc   t5, 0x2
core   0: 3 0x8000f430 (0x00002f17) x30 0x80011430
core   0: 0x8000f434 (0xbc3f2823) sw      gp, -1072(t5)
core   0: 3 0x8000f434 (0xbc3f2823) mem 0x80011000 0x00000001
core   0: 0x8000f438 (0x0000bfe5) c.j     pc - 8
core   0: 3 0x8000f438 (0xbfe5)
core   0: 0x8000f430 (0x00002f17) auipc   t5, 0x2
core   0: 3 0x8000f430 (0x00002f17) x30 0x80011430
core   0: 0x8000f434 (0xbc3f2823) sw      gp, -1072(t5)
core   0: 3 0x8000f434 (0xbc3f2823) mem 0x80011000 0x00000001
core   0: 0x8000f438 (0x0000bfe5) c.j     pc - 8
core   0: 3 0x8000f438 (0xbfe5)
core   0: 0x8000f430 (0x00002f17) auipc   t5, 0x2
core   0: 3 0x8000f430 (0x00002f17) x30 0x80011430
core   0: 0x8000f434 (0xbc3f2823) sw      gp, -1072(t5)
core   0: 3 0x8000f434 (0xbc3f2823) mem 0x80011000 0x00000001
core   0: 0x8000f438 (0x0000bfe5) c.j     pc - 8
core   0: 3 0x8000f438 (0xbfe5)
core   0: 0x8000f430 (0x00002f17) auipc   t5, 0x2
core   0: 3 0x8000f430 (0x00002f17) x30 0x80011430
core   0: 0x8000f434 (0xbc3f2823) sw      gp, -1072(t5)
core   0: 3 0x8000f434 (0xbc3f2823) mem 0x80011000 0x00000001
core   0: 0x8000f438 (0x0000bfe5) c.j     pc - 8
core   0: 3 0x8000f438 (0xbfe5)
core   0: 0x8000f430 (0x00002f17) auipc   t5, 0x2
core   0: 3 0x8000f430 (0x00002f17) x30 0x80011430
core   0: 0x8000f434 (0xbc3f2823) sw      gp, -1072(t5)
core   0: 3 0x8000f434 (0xbc3f2823) mem 0x80011000 0x00000001
core   0: 0x8000f438 (0x0000bfe5) c.j     pc - 8
core   0: 3 0x8000f438 (0xbfe5)
core   0: 0x8000f430 (0x00002f17) auipc   t5, 0x2
core   0: 3 0x8000f430 (0x00002f17) x30 0x80011430
core   0: 0x8000f434 (0xbc3f2823) sw      gp, -1072(t5)
core   0: 3 0x8000f434 (0xbc3f2823) mem 0x80011000 0x00000001
core   0: 0x8000f438 (0x0000bfe5) c.j     pc - 8
core   0: 3 0x8000f438 (0xbfe5)
core   0: 0x8000f430 (0x00002f17) auipc   t5, 0x2
core   0: 3 0x8000f430 (0x00002f17) x30 0x80011430
core   0: 0x8000f434 (0xbc3f2823) sw      gp, -1072(t5)
core   0: 3 0x8000f434 (0xbc3f2823) mem 0x80011000 0x00000001
core   0: 0x8000f438 (0x0000bfe5) c.j     pc - 8
core   0: 3 0x8000f438 (0xbfe5)
core   0: 0x8000f430 (0x00002f17) auipc   t5, 0x2
core   0: 3 0x8000f430 (0x00002f17) x30 0x80011430
core   0: 0x8000f434 (0xbc3f2823) sw      gp, -1072(t5)
core   0: 3 0x8000f434 (0xbc3f2823) mem 0x80011000 0x00000001
core   0: 0x8000f438 (0x0000bfe5) c.j     pc - 8
core   0: 3 0x8000f438 (0xbfe5)
core   0: 0x8000f430 (0x00002f17) auipc   t5, 0x2
core   0: 3 0x8000f430 (0x00002f17) x30 0x80011430
core   0: 0x8000f434 (0xbc3f2823) sw      gp, -1072(t5)
core   0: 3 0x8000f434 (0xbc3f2823) mem 0x80011000 0x00000001
core   0: 0x8000f438 (0x0000bfe5) c.j     pc - 8
core   0: 3 0x8000f438 (0xbfe5)
core   0: 0x8000f430 (0x00002f17) auipc   t5, 0x2
core   0: 3 0x8000f430 (0x00002f17) x30 0x80011430
core   0: 0x8000f434 (0xbc3f2823) sw      gp, -1072(t5)
core   0: 3 0x8000f434 (0xbc3f2823) mem 0x80011000 0x00000001
core   0: 0x8000f438 (0x0000bfe5) c.j     pc - 8
core   0: 3 0x8000f438 (0xbfe5)
core   0: 0x8000f430 (0x00002f17) auipc   t5, 0x2
core   0: 3 0x8000f430 (0x00002f17) x30 0x80011430
core   0: 0x8000f434 (0xbc3f2823) sw      gp, -1072(t5)
core   0: 3 0x8000f434 (0xbc3f2823) mem 0x80011000 0x00000001
core   0: 0x8000f438 (0x0000bfe5) c.j     pc - 8
core   0: 3 0x8000f438 (0xbfe5)
core   0: 0x8000f430 (0x00002f17) auipc   t5, 0x2
core   0: 3 0x8000f430 (0x00002f17) x30 0x80011430
core   0: 0x8000f434 (0xbc3f2823) sw      gp, -1072(t5)
core   0: 3 0x8000f434 (0xbc3f2823) mem 0x80011000 0x00000001
core   0: 0x8000f438 (0x0000bfe5) c.j     pc - 8
core   0: 3 0x8000f438 (0xbfe5)
core   0: 0x8000f430 (0x00002f17) auipc   t5, 0x2
core   0: 3 0x8000f430 (0x00002f17) x30 0x80011430
core   0: 0x8000f434 (0xbc3f2823) sw      gp, -1072(t5)
core   0: 3 0x8000f434 (0xbc3f2823) mem 0x80011000 0x00000001
core   0: 0x8000f438 (0x0000bfe5) c.j     pc - 8
core   0: 3 0x8000f438 (0xbfe5)
core   0: 0x8000f430 (0x00002f17) auipc   t5, 0x2
core   0: 3 0x8000f430 (0x00002f17) x30 0x80011430
core   0: 0x8000f434 (0xbc3f2823) sw      gp, -1072(t5)
core   0: 3 0x8000f434 (0xbc3f2823) mem 0x80011000 0x00000001
core   0: 0x8000f438 (0x0000bfe5) c.j     pc - 8
core   0: 3 0x8000f438 (0xbfe5)
core   0: 0x8000f430 (0x00002f17) auipc   t5, 0x2
core   0: 3 0x8000f430 (0x00002f17) x30 0x80011430
core   0: 0x8000f434 (0xbc3f2823) sw      gp, -1072(t5)
core   0: 3 0x8000f434 (0xbc3f2823) mem 0x80011000 0x00000001
core   0: 0x8000f438 (0x0000bfe5) c.j     pc - 8
core   0: 3 0x8000f438 (0xbfe5)
core   0: 0x8000f430 (0x00002f17) auipc   t5, 0x2
core   0: 3 0x8000f430 (0x00002f17) x30 0x80011430
core   0: 0x8000f434 (0xbc3f2823) sw      gp, -1072(t5)
core   0: 3 0x8000f434 (0xbc3f2823) mem 0x80011000 0x00000001
core   0: 0x8000f438 (0x0000bfe5) c.j     pc - 8
core   0: 3 0x8000f438 (0xbfe5)
core   0: 0x8000f430 (0x00002f17) auipc   t5, 0x2
core   0: 3 0x8000f430 (0x00002f17) x30 0x80011430
core   0: 0x8000f434 (0xbc3f2823) sw      gp, -1072(t5)
core   0: 3 0x8000f434 (0xbc3f2823) mem 0x80011000 0x00000001
core   0: 0x8000f438 (0x0000bfe5) c.j     pc - 8
core   0: 3 0x8000f438 (0xbfe5)
core   0: 0x8000f430 (0x00002f17) auipc   t5, 0x2
core   0: 3 0x8000f430 (0x00002f17) x30 0x80011430
core   0: 0x8000f434 (0xbc3f2823) sw      gp, -1072(t5)
core   0: 3 0x8000f434 (0xbc3f2823) mem 0x80011000 0x00000001
core   0: 0x8000f438 (0x0000bfe5) c.j     pc - 8
core   0: 3 0x8000f438 (0xbfe5)
core   0: 0x8000f430 (0x00002f17) auipc   t5, 0x2
core   0: 3 0x8000f430 (0x00002f17) x30 0x80011430
core   0: 0x8000f434 (0xbc3f2823) sw      gp, -1072(t5)
core   0: 3 0x8000f434 (0xbc3f2823) mem 0x80011000 0x00000001
core   0: 0x8000f438 (0x0000bfe5) c.j     pc - 8
core   0: 3 0x8000f438 (0xbfe5)
core   0: 0x8000f430 (0x00002f17) auipc   t5, 0x2
core   0: 3 0x8000f430 (0x00002f17) x30 0x80011430
core   0: 0x8000f434 (0xbc3f2823) sw      gp, -1072(t5)
core   0: 3 0x8000f434 (0xbc3f2823) mem 0x80011000 0x00000001
core   0: 0x8000f438 (0x0000bfe5) c.j     pc - 8
core   0: 3 0x8000f438 (0xbfe5)
core   0: 0x8000f430 (0x00002f17) auipc   t5, 0x2
core   0: 3 0x8000f430 (0x00002f17) x30 0x80011430
core   0: 0x8000f434 (0xbc3f2823) sw      gp, -1072(t5)
core   0: 3 0x8000f434 (0xbc3f2823) mem 0x80011000 0x00000001
core   0: 0x8000f438 (0x0000bfe5) c.j     pc - 8
core   0: 3 0x8000f438 (0xbfe5)
core   0: 0x8000f430 (0x00002f17) auipc   t5, 0x2
core   0: 3 0x8000f430 (0x00002f17) x30 0x80011430
core   0: 0x8000f434 (0xbc3f2823) sw      gp, -1072(t5)
core   0: 3 0x8000f434 (0xbc3f2823) mem 0x80011000 0x00000001
core   0: 0x8000f438 (0x0000bfe5) c.j     pc - 8
core   0: 3 0x8000f438 (0xbfe5)
core   0: 0x8000f430 (0x00002f17) auipc   t5, 0x2
core   0: 3 0x8000f430 (0x00002f17) x30 0x80011430
core   0: 0x8000f434 (0xbc3f2823) sw      gp, -1072(t5)
core   0: 3 0x8000f434 (0xbc3f2823) mem 0x80011000 0x00000001
core   0: 0x8000f438 (0x0000bfe5) c.j     pc - 8
core   0: 3 0x8000f438 (0xbfe5)
core   0: 0x8000f430 (0x00002f17) auipc   t5, 0x2
core   0: 3 0x8000f430 (0x00002f17) x30 0x80011430
core   0: 0x8000f434 (0xbc3f2823) sw      gp, -1072(t5)
core   0: 3 0x8000f434 (0xbc3f2823) mem 0x80011000 0x00000001
core   0: 0x8000f438 (0x0000bfe5) c.j     pc - 8
core   0: 3 0x8000f438 (0xbfe5)
core   0: 0x8000f430 (0x00002f17) auipc   t5, 0x2
core   0: 3 0x8000f430 (0x00002f17) x30 0x80011430
core   0: 0x8000f434 (0xbc3f2823) sw      gp, -1072(t5)
core   0: 3 0x8000f434 (0xbc3f2823) mem 0x80011000 0x00000001
core   0: 0x8000f438 (0x0000bfe5) c.j     pc - 8
core   0: 3 0x8000f438 (0xbfe5)
core   0: 0x8000f430 (0x00002f17) auipc   t5, 0x2
core   0: 3 0x8000f430 (0x00002f17) x30 0x80011430
core   0: 0x8000f434 (0xbc3f2823) sw      gp, -1072(t5)
core   0: 3 0x8000f434 (0xbc3f2823) mem 0x80011000 0x00000001
core   0: 0x8000f438 (0x0000bfe5) c.j     pc - 8
core   0: 3 0x8000f438 (0xbfe5)
core   0: 0x8000f430 (0x00002f17) auipc   t5, 0x2
core   0: 3 0x8000f430 (0x00002f17) x30 0x80011430
core   0: 0x8000f434 (0xbc3f2823) sw      gp, -1072(t5)
core   0: 3 0x8000f434 (0xbc3f2823) mem 0x80011000 0x00000001
core   0: 0x8000f438 (0x0000bfe5) c.j     pc - 8
core   0: 3 0x8000f438 (0xbfe5)
core   0: 0x8000f430 (0x00002f17) auipc   t5, 0x2
core   0: 3 0x8000f430 (0x00002f17) x30 0x80011430
core   0: 0x8000f434 (0xbc3f2823) sw      gp, -1072(t5)
core   0: 3 0x8000f434 (0xbc3f2823) mem 0x80011000 0x00000001
core   0: 0x8000f438 (0x0000bfe5) c.j     pc - 8
core   0: 3 0x8000f438 (0xbfe5)
core   0: 0x8000f430 (0x00002f17) auipc   t5, 0x2
core   0: 3 0x8000f430 (0x00002f17) x30 0x80011430
core   0: 0x8000f434 (0xbc3f2823) sw      gp, -1072(t5)
core   0: 3 0x8000f434 (0xbc3f2823) mem 0x80011000 0x00000001
core   0: 0x8000f438 (0x0000bfe5) c.j     pc - 8
core   0: 3 0x8000f438 (0xbfe5)
core   0: 0x8000f430 (0x00002f17) auipc   t5, 0x2
core   0: 3 0x8000f430 (0x00002f17) x30 0x80011430
core   0: 0x8000f434 (0xbc3f2823) sw      gp, -1072(t5)
core   0: 3 0x8000f434 (0xbc3f2823) mem 0x80011000 0x00000001
core   0: 0x8000f438 (0x0000bfe5) c.j     pc - 8
core   0: 3 0x8000f438 (0xbfe5)
core   0: 0x8000f430 (0x00002f17) auipc   t5, 0x2
core   0: 3 0x8000f430 (0x00002f17) x30 0x80011430
core   0: 0x8000f434 (0xbc3f2823) sw      gp, -1072(t5)
core   0: 3 0x8000f434 (0xbc3f2823) mem 0x80011000 0x00000001
core   0: 0x8000f438 (0x0000bfe5) c.j     pc - 8
core   0: 3 0x8000f438 (0xbfe5)
core   0: 0x8000f430 (0x00002f17) auipc   t5, 0x2
core   0: 3 0x8000f430 (0x00002f17) x30 0x80011430
core   0: 0x8000f434 (0xbc3f2823) sw      gp, -1072(t5)
core   0: 3 0x8000f434 (0xbc3f2823) mem 0x80011000 0x00000001
core   0: 0x8000f438 (0x0000bfe5) c.j     pc - 8
core   0: 3 0x8000f438 (0xbfe5)
core   0: 0x8000f430 (0x00002f17) auipc   t5, 0x2
core   0: 3 0x8000f430 (0x00002f17) x30 0x80011430
core   0: 0x8000f434 (0xbc3f2823) sw      gp, -1072(t5)
core   0: 3 0x8000f434 (0xbc3f2823) mem 0x80011000 0x00000001
core   0: 0x8000f438 (0x0000bfe5) c.j     pc - 8
core   0: 3 0x8000f438 (0xbfe5)
core   0: 0x8000f430 (0x00002f17) auipc   t5, 0x2
core   0: 3 0x8000f430 (0x00002f17) x30 0x80011430
core   0: 0x8000f434 (0xbc3f2823) sw      gp, -1072(t5)
core   0: 3 0x8000f434 (0xbc3f2823) mem 0x80011000 0x00000001
core   0: 0x8000f438 (0x0000bfe5) c.j     pc - 8
core   0: 3 0x8000f438 (0xbfe5)
core   0: 0x8000f430 (0x00002f17) auipc   t5, 0x2
core   0: 3 0x8000f430 (0x00002f17) x30 0x80011430
core   0: 0x8000f434 (0xbc3f2823) sw      gp, -1072(t5)
core   0: 3 0x8000f434 (0xbc3f2823) mem 0x80011000 0x00000001
core   0: 0x8000f438 (0x0000bfe5) c.j     pc - 8
core   0: 3 0x8000f438 (0xbfe5)
core   0: 0x8000f430 (0x00002f17) auipc   t5, 0x2
core   0: 3 0x8000f430 (0x00002f17) x30 0x80011430
core   0: 0x8000f434 (0xbc3f2823) sw      gp, -1072(t5)
core   0: 3 0x8000f434 (0xbc3f2823) mem 0x80011000 0x00000001
core   0: 0x8000f438 (0x0000bfe5) c.j     pc - 8
core   0: 3 0x8000f438 (0xbfe5)
core   0: 0x8000f430 (0x00002f17) auipc   t5, 0x2
core   0: 3 0x8000f430 (0x00002f17) x30 0x80011430
core   0: 0x8000f434 (0xbc3f2823) sw      gp, -1072(t5)
core   0: 3 0x8000f434 (0xbc3f2823) mem 0x80011000 0x00000001
core   0: 0x8000f438 (0x0000bfe5) c.j     pc - 8
core   0: 3 0x8000f438 (0xbfe5)
core   0: 0x8000f430 (0x00002f17) auipc   t5, 0x2
core   0: 3 0x8000f430 (0x00002f17) x30 0x80011430
core   0: 0x8000f434 (0xbc3f2823) sw      gp, -1072(t5)
core   0: 3 0x8000f434 (0xbc3f2823) mem 0x80011000 0x00000001
core   0: 0x8000f438 (0x0000bfe5) c.j     pc - 8
core   0: 3 0x8000f438 (0xbfe5)
core   0: 0x8000f430 (0x00002f17) auipc   t5, 0x2
core   0: 3 0x8000f430 (0x00002f17) x30 0x80011430
core   0: 0x8000f434 (0xbc3f2823) sw      gp, -1072(t5)
core   0: 3 0x8000f434 (0xbc3f2823) mem 0x80011000 0x00000001
core   0: 0x8000f438 (0x0000bfe5) c.j     pc - 8
core   0: 3 0x8000f438 (0xbfe5)
core   0: 0x8000f430 (0x00002f17) auipc   t5, 0x2
core   0: 3 0x8000f430 (0x00002f17) x30 0x80011430
core   0: 0x8000f434 (0xbc3f2823) sw      gp, -1072(t5)
core   0: 3 0x8000f434 (0xbc3f2823) mem 0x80011000 0x00000001
core   0: 0x8000f438 (0x0000bfe5) c.j     pc - 8
core   0: 3 0x8000f438 (0xbfe5)
core   0: 0x8000f430 (0x00002f17) auipc   t5, 0x2
core   0: 3 0x8000f430 (0x00002f17) x30 0x80011430
core   0: 0x8000f434 (0xbc3f2823) sw      gp, -1072(t5)
core   0: 3 0x8000f434 (0xbc3f2823) mem 0x80011000 0x00000001
core   0: 0x8000f438 (0x0000bfe5) c.j     pc - 8
core   0: 3 0x8000f438 (0xbfe5)
core   0: 0x8000f430 (0x00002f17) auipc   t5, 0x2
core   0: 3 0x8000f430 (0x00002f17) x30 0x80011430
core   0: 0x8000f434 (0xbc3f2823) sw      gp, -1072(t5)
core   0: 3 0x8000f434 (0xbc3f2823) mem 0x80011000 0x00000001
core   0: 0x8000f438 (0x0000bfe5) c.j     pc - 8
core   0: 3 0x8000f438 (0xbfe5)
core   0: 0x8000f430 (0x00002f17) auipc   t5, 0x2
core   0: 3 0x8000f430 (0x00002f17) x30 0x80011430
core   0: 0x8000f434 (0xbc3f2823) sw      gp, -1072(t5)
core   0: 3 0x8000f434 (0xbc3f2823) mem 0x80011000 0x00000001
core   0: 0x8000f438 (0x0000bfe5) c.j     pc - 8
core   0: 3 0x8000f438 (0xbfe5)
core   0: 0x8000f430 (0x00002f17) auipc   t5, 0x2
core   0: 3 0x8000f430 (0x00002f17) x30 0x80011430
core   0: 0x8000f434 (0xbc3f2823) sw      gp, -1072(t5)
core   0: 3 0x8000f434 (0xbc3f2823) mem 0x80011000 0x00000001
core   0: 0x8000f438 (0x0000bfe5) c.j     pc - 8
core   0: 3 0x8000f438 (0xbfe5)
core   0: 0x8000f430 (0x00002f17) auipc   t5, 0x2
core   0: 3 0x8000f430 (0x00002f17) x30 0x80011430
core   0: 0x8000f434 (0xbc3f2823) sw      gp, -1072(t5)
core   0: 3 0x8000f434 (0xbc3f2823) mem 0x80011000 0x00000001
core   0: 0x8000f438 (0x0000bfe5) c.j     pc - 8
core   0: 3 0x8000f438 (0xbfe5)
core   0: 0x8000f430 (0x00002f17) auipc   t5, 0x2
core   0: 3 0x8000f430 (0x00002f17) x30 0x80011430
core   0: 0x8000f434 (0xbc3f2823) sw      gp, -1072(t5)
core   0: 3 0x8000f434 (0xbc3f2823) mem 0x80011000 0x00000001
core   0: 0x8000f438 (0x0000bfe5) c.j     pc - 8
core   0: 3 0x8000f438 (0xbfe5)
core   0: 0x8000f430 (0x00002f17) auipc   t5, 0x2
core   0: 3 0x8000f430 (0x00002f17) x30 0x80011430
core   0: 0x8000f434 (0xbc3f2823) sw      gp, -1072(t5)
core   0: 3 0x8000f434 (0xbc3f2823) mem 0x80011000 0x00000001
core   0: 0x8000f438 (0x0000bfe5) c.j     pc - 8
core   0: 3 0x8000f438 (0xbfe5)
core   0: 0x8000f430 (0x00002f17) auipc   t5, 0x2
core   0: 3 0x8000f430 (0x00002f17) x30 0x80011430
core   0: 0x8000f434 (0xbc3f2823) sw      gp, -1072(t5)
core   0: 3 0x8000f434 (0xbc3f2823) mem 0x80011000 0x00000001
core   0: 0x8000f438 (0x0000bfe5) c.j     pc - 8
core   0: 3 0x8000f438 (0xbfe5)
core   0: 0x8000f430 (0x00002f17) auipc   t5, 0x2
core   0: 3 0x8000f430 (0x00002f17) x30 0x80011430
core   0: 0x8000f434 (0xbc3f2823) sw      gp, -1072(t5)
core   0: 3 0x8000f434 (0xbc3f2823) mem 0x80011000 0x00000001
core   0: 0x8000f438 (0x0000bfe5) c.j     pc - 8
core   0: 3 0x8000f438 (0xbfe5)
core   0: 0x8000f430 (0x00002f17) auipc   t5, 0x2
core   0: 3 0x8000f430 (0x00002f17) x30 0x80011430
core   0: 0x8000f434 (0xbc3f2823) sw      gp, -1072(t5)
core   0: 3 0x8000f434 (0xbc3f2823) mem 0x80011000 0x00000001
core   0: 0x8000f438 (0x0000bfe5) c.j     pc - 8
core   0: 3 0x8000f438 (0xbfe5)
core   0: 0x8000f430 (0x00002f17) auipc   t5, 0x2
core   0: 3 0x8000f430 (0x00002f17) x30 0x80011430
core   0: 0x8000f434 (0xbc3f2823) sw      gp, -1072(t5)
core   0: 3 0x8000f434 (0xbc3f2823) mem 0x80011000 0x00000001
core   0: 0x8000f438 (0x0000bfe5) c.j     pc - 8
core   0: 3 0x8000f438 (0xbfe5)
core   0: 0x8000f430 (0x00002f17) auipc   t5, 0x2
core   0: 3 0x8000f430 (0x00002f17) x30 0x80011430
core   0: 0x8000f434 (0xbc3f2823) sw      gp, -1072(t5)
core   0: 3 0x8000f434 (0xbc3f2823) mem 0x80011000 0x00000001
core   0: 0x8000f438 (0x0000bfe5) c.j     pc - 8
core   0: 3 0x8000f438 (0xbfe5)
core   0: 0x8000f430 (0x00002f17) auipc   t5, 0x2
core   0: 3 0x8000f430 (0x00002f17) x30 0x80011430
core   0: 0x8000f434 (0xbc3f2823) sw      gp, -1072(t5)
core   0: 3 0x8000f434 (0xbc3f2823) mem 0x80011000 0x00000001
core   0: 0x8000f438 (0x0000bfe5) c.j     pc - 8
core   0: 3 0x8000f438 (0xbfe5)
core   0: 0x8000f430 (0x00002f17) auipc   t5, 0x2
core   0: 3 0x8000f430 (0x00002f17) x30 0x80011430
core   0: 0x8000f434 (0xbc3f2823) sw      gp, -1072(t5)
core   0: 3 0x8000f434 (0xbc3f2823) mem 0x80011000 0x00000001
core   0: 0x8000f438 (0x0000bfe5) c.j     pc - 8
core   0: 3 0x8000f438 (0xbfe5)
core   0: 0x8000f430 (0x00002f17) auipc   t5, 0x2
core   0: 3 0x8000f430 (0x00002f17) x30 0x80011430
core   0: 0x8000f434 (0xbc3f2823) sw      gp, -1072(t5)
core   0: 3 0x8000f434 (0xbc3f2823) mem 0x80011000 0x00000001
core   0: 0x8000f438 (0x0000bfe5) c.j     pc - 8
core   0: 3 0x8000f438 (0xbfe5)
core   0: 0x8000f430 (0x00002f17) auipc   t5, 0x2
core   0: 3 0x8000f430 (0x00002f17) x30 0x80011430
core   0: 0x8000f434 (0xbc3f2823) sw      gp, -1072(t5)
core   0: 3 0x8000f434 (0xbc3f2823) mem 0x80011000 0x00000001
core   0: 0x8000f438 (0x0000bfe5) c.j     pc - 8
core   0: 3 0x8000f438 (0xbfe5)
core   0: 0x8000f430 (0x00002f17) auipc   t5, 0x2
core   0: 3 0x8000f430 (0x00002f17) x30 0x80011430
core   0: 0x8000f434 (0xbc3f2823) sw      gp, -1072(t5)
core   0: 3 0x8000f434 (0xbc3f2823) mem 0x80011000 0x00000001
core   0: 0x8000f438 (0x0000bfe5) c.j     pc - 8
core   0: 3 0x8000f438 (0xbfe5)
core   0: 0x8000f430 (0x00002f17) auipc   t5, 0x2
core   0: 3 0x8000f430 (0x00002f17) x30 0x80011430
core   0: 0x8000f434 (0xbc3f2823) sw      gp, -1072(t5)
core   0: 3 0x8000f434 (0xbc3f2823) mem 0x80011000 0x00000001
core   0: 0x8000f438 (0x0000bfe5) c.j     pc - 8
core   0: 3 0x8000f438 (0xbfe5)
core   0: 0x8000f430 (0x00002f17) auipc   t5, 0x2
core   0: 3 0x8000f430 (0x00002f17) x30 0x80011430
core   0: 0x8000f434 (0xbc3f2823) sw      gp, -1072(t5)
core   0: 3 0x8000f434 (0xbc3f2823) mem 0x80011000 0x00000001
core   0: 0x8000f438 (0x0000bfe5) c.j     pc - 8
core   0: 3 0x8000f438 (0xbfe5)
core   0: 0x8000f430 (0x00002f17) auipc   t5, 0x2
core   0: 3 0x8000f430 (0x00002f17) x30 0x80011430
core   0: 0x8000f434 (0xbc3f2823) sw      gp, -1072(t5)
core   0: 3 0x8000f434 (0xbc3f2823) mem 0x80011000 0x00000001
core   0: 0x8000f438 (0x0000bfe5) c.j     pc - 8
core   0: 3 0x8000f438 (0xbfe5)
core   0: 0x8000f430 (0x00002f17) auipc   t5, 0x2
core   0: 3 0x8000f430 (0x00002f17) x30 0x80011430
core   0: 0x8000f434 (0xbc3f2823) sw      gp, -1072(t5)
core   0: 3 0x8000f434 (0xbc3f2823) mem 0x80011000 0x00000001
core   0: 0x8000f438 (0x0000bfe5) c.j     pc - 8
core   0: 3 0x8000f438 (0xbfe5)
core   0: 0x8000f430 (0x00002f17) auipc   t5, 0x2
core   0: 3 0x8000f430 (0x00002f17) x30 0x80011430
core   0: 0x8000f434 (0xbc3f2823) sw      gp, -1072(t5)
core   0: 3 0x8000f434 (0xbc3f2823) mem 0x80011000 0x00000001
core   0: 0x8000f438 (0x0000bfe5) c.j     pc - 8
core   0: 3 0x8000f438 (0xbfe5)
core   0: 0x8000f430 (0x00002f17) auipc   t5, 0x2
core   0: 3 0x8000f430 (0x00002f17) x30 0x80011430
core   0: 0x8000f434 (0xbc3f2823) sw      gp, -1072(t5)
core   0: 3 0x8000f434 (0xbc3f2823) mem 0x80011000 0x00000001
core   0: 0x8000f438 (0x0000bfe5) c.j     pc - 8
core   0: 3 0x8000f438 (0xbfe5)
core   0: 0x8000f430 (0x00002f17) auipc   t5, 0x2
core   0: 3 0x8000f430 (0x00002f17) x30 0x80011430
core   0: 0x8000f434 (0xbc3f2823) sw      gp, -1072(t5)
core   0: 3 0x8000f434 (0xbc3f2823) mem 0x80011000 0x00000001
core   0: 0x8000f438 (0x0000bfe5) c.j     pc - 8
core   0: 3 0x8000f438 (0xbfe5)
core   0: 0x8000f430 (0x00002f17) auipc   t5, 0x2
core   0: 3 0x8000f430 (0x00002f17) x30 0x80011430
core   0: 0x8000f434 (0xbc3f2823) sw      gp, -1072(t5)
core   0: 3 0x8000f434 (0xbc3f2823) mem 0x80011000 0x00000001
core   0: 0x8000f438 (0x0000bfe5) c.j     pc - 8
core   0: 3 0x8000f438 (0xbfe5)
core   0: 0x8000f430 (0x00002f17) auipc   t5, 0x2
core   0: 3 0x8000f430 (0x00002f17) x30 0x80011430
core   0: 0x8000f434 (0xbc3f2823) sw      gp, -1072(t5)
core   0: 3 0x8000f434 (0xbc3f2823) mem 0x80011000 0x00000001
core   0: 0x8000f438 (0x0000bfe5) c.j     pc - 8
core   0: 3 0x8000f438 (0xbfe5)
core   0: 0x8000f430 (0x00002f17) auipc   t5, 0x2
core   0: 3 0x8000f430 (0x00002f17) x30 0x80011430
core   0: 0x8000f434 (0xbc3f2823) sw      gp, -1072(t5)
core   0: 3 0x8000f434 (0xbc3f2823) mem 0x80011000 0x00000001
core   0: 0x8000f438 (0x0000bfe5) c.j     pc - 8
core   0: 3 0x8000f438 (0xbfe5)
core   0: 0x8000f430 (0x00002f17) auipc   t5, 0x2
core   0: 3 0x8000f430 (0x00002f17) x30 0x80011430
core   0: 0x8000f434 (0xbc3f2823) sw      gp, -1072(t5)
core   0: 3 0x8000f434 (0xbc3f2823) mem 0x80011000 0x00000001
core   0: 0x8000f438 (0x0000bfe5) c.j     pc - 8
core   0: 3 0x8000f438 (0xbfe5)
core   0: 0x8000f430 (0x00002f17) auipc   t5, 0x2
core   0: 3 0x8000f430 (0x00002f17) x30 0x80011430
core   0: 0x8000f434 (0xbc3f2823) sw      gp, -1072(t5)
core   0: 3 0x8000f434 (0xbc3f2823) mem 0x80011000 0x00000001
core   0: 0x8000f438 (0x0000bfe5) c.j     pc - 8
core   0: 3 0x8000f438 (0xbfe5)
core   0: 0x8000f430 (0x00002f17) auipc   t5, 0x2
core   0: 3 0x8000f430 (0x00002f17) x30 0x80011430
core   0: 0x8000f434 (0xbc3f2823) sw      gp, -1072(t5)
core   0: 3 0x8000f434 (0xbc3f2823) mem 0x80011000 0x00000001
core   0: 0x8000f438 (0x0000bfe5) c.j     pc - 8
core   0: 3 0x8000f438 (0xbfe5)
core   0: 0x8000f430 (0x00002f17) auipc   t5, 0x2
core   0: 3 0x8000f430 (0x00002f17) x30 0x80011430
core   0: 0x8000f434 (0xbc3f2823) sw      gp, -1072(t5)
core   0: 3 0x8000f434 (0xbc3f2823) mem 0x80011000 0x00000001
core   0: 0x8000f438 (0x0000bfe5) c.j     pc - 8
core   0: 3 0x8000f438 (0xbfe5)
core   0: 0x8000f430 (0x00002f17) auipc   t5, 0x2
core   0: 3 0x8000f430 (0x00002f17) x30 0x80011430
core   0: 0x8000f434 (0xbc3f2823) sw      gp, -1072(t5)
core   0: 3 0x8000f434 (0xbc3f2823) mem 0x80011000 0x00000001
core   0: 0x8000f438 (0x0000bfe5) c.j     pc - 8
core   0: 3 0x8000f438 (0xbfe5)
core   0: 0x8000f430 (0x00002f17) auipc   t5, 0x2
core   0: 3 0x8000f430 (0x00002f17) x30 0x80011430
core   0: 0x8000f434 (0xbc3f2823) sw      gp, -1072(t5)
core   0: 3 0x8000f434 (0xbc3f2823) mem 0x80011000 0x00000001
core   0: 0x8000f438 (0x0000bfe5) c.j     pc - 8
core   0: 3 0x8000f438 (0xbfe5)
core   0: 0x8000f430 (0x00002f17) auipc   t5, 0x2
core   0: 3 0x8000f430 (0x00002f17) x30 0x80011430
core   0: 0x8000f434 (0xbc3f2823) sw      gp, -1072(t5)
core   0: 3 0x8000f434 (0xbc3f2823) mem 0x80011000 0x00000001
core   0: 0x8000f438 (0x0000bfe5) c.j     pc - 8
core   0: 3 0x8000f438 (0xbfe5)
core   0: 0x8000f430 (0x00002f17) auipc   t5, 0x2
core   0: 3 0x8000f430 (0x00002f17) x30 0x80011430
core   0: 0x8000f434 (0xbc3f2823) sw      gp, -1072(t5)
core   0: 3 0x8000f434 (0xbc3f2823) mem 0x80011000 0x00000001
core   0: 0x8000f438 (0x0000bfe5) c.j     pc - 8
core   0: 3 0x8000f438 (0xbfe5)
core   0: 0x8000f430 (0x00002f17) auipc   t5, 0x2
core   0: 3 0x8000f430 (0x00002f17) x30 0x80011430
core   0: 0x8000f434 (0xbc3f2823) sw      gp, -1072(t5)
core   0: 3 0x8000f434 (0xbc3f2823) mem 0x80011000 0x00000001
core   0: 0x8000f438 (0x0000bfe5) c.j     pc - 8
core   0: 3 0x8000f438 (0xbfe5)
core   0: 0x8000f430 (0x00002f17) auipc   t5, 0x2
core   0: 3 0x8000f430 (0x00002f17) x30 0x80011430
core   0: 0x8000f434 (0xbc3f2823) sw      gp, -1072(t5)
core   0: 3 0x8000f434 (0xbc3f2823) mem 0x80011000 0x00000001
core   0: 0x8000f438 (0x0000bfe5) c.j     pc - 8
core   0: 3 0x8000f438 (0xbfe5)
core   0: 0x8000f430 (0x00002f17) auipc   t5, 0x2
core   0: 3 0x8000f430 (0x00002f17) x30 0x80011430
core   0: 0x8000f434 (0xbc3f2823) sw      gp, -1072(t5)
core   0: 3 0x8000f434 (0xbc3f2823) mem 0x80011000 0x00000001
core   0: 0x8000f438 (0x0000bfe5) c.j     pc - 8
core   0: 3 0x8000f438 (0xbfe5)
core   0: 0x8000f430 (0x00002f17) auipc   t5, 0x2
core   0: 3 0x8000f430 (0x00002f17) x30 0x80011430
core   0: 0x8000f434 (0xbc3f2823) sw      gp, -1072(t5)
core   0: 3 0x8000f434 (0xbc3f2823) mem 0x80011000 0x00000001
core   0: 0x8000f438 (0x0000bfe5) c.j     pc - 8
core   0: 3 0x8000f438 (0xbfe5)
core   0: 0x8000f430 (0x00002f17) auipc   t5, 0x2
core   0: 3 0x8000f430 (0x00002f17) x30 0x80011430
core   0: 0x8000f434 (0xbc3f2823) sw      gp, -1072(t5)
core   0: 3 0x8000f434 (0xbc3f2823) mem 0x80011000 0x00000001
core   0: 0x8000f438 (0x0000bfe5) c.j     pc - 8
core   0: 3 0x8000f438 (0xbfe5)
core   0: 0x8000f430 (0x00002f17) auipc   t5, 0x2
core   0: 3 0x8000f430 (0x00002f17) x30 0x80011430
core   0: 0x8000f434 (0xbc3f2823) sw      gp, -1072(t5)
core   0: 3 0x8000f434 (0xbc3f2823) mem 0x80011000 0x00000001
core   0: 0x8000f438 (0x0000bfe5) c.j     pc - 8
core   0: 3 0x8000f438 (0xbfe5)
core   0: 0x8000f430 (0x00002f17) auipc   t5, 0x2
core   0: 3 0x8000f430 (0x00002f17) x30 0x80011430
core   0: 0x8000f434 (0xbc3f2823) sw      gp, -1072(t5)
core   0: 3 0x8000f434 (0xbc3f2823) mem 0x80011000 0x00000001
core   0: 0x8000f438 (0x0000bfe5) c.j     pc - 8
core   0: 3 0x8000f438 (0xbfe5)
core   0: 0x8000f430 (0x00002f17) auipc   t5, 0x2
core   0: 3 0x8000f430 (0x00002f17) x30 0x80011430
core   0: 0x8000f434 (0xbc3f2823) sw      gp, -1072(t5)
core   0: 3 0x8000f434 (0xbc3f2823) mem 0x80011000 0x00000001
core   0: 0x8000f438 (0x0000bfe5) c.j     pc - 8
core   0: 3 0x8000f438 (0xbfe5)
core   0: 0x8000f430 (0x00002f17) auipc   t5, 0x2
core   0: 3 0x8000f430 (0x00002f17) x30 0x80011430
core   0: 0x8000f434 (0xbc3f2823) sw      gp, -1072(t5)
core   0: 3 0x8000f434 (0xbc3f2823) mem 0x80011000 0x00000001
core   0: 0x8000f438 (0x0000bfe5) c.j     pc - 8
core   0: 3 0x8000f438 (0xbfe5)
core   0: 0x8000f430 (0x00002f17) auipc   t5, 0x2
core   0: 3 0x8000f430 (0x00002f17) x30 0x80011430
core   0: 0x8000f434 (0xbc3f2823) sw      gp, -1072(t5)
core   0: 3 0x8000f434 (0xbc3f2823) mem 0x80011000 0x00000001
core   0: 0x8000f438 (0x0000bfe5) c.j     pc - 8
core   0: 3 0x8000f438 (0xbfe5)
core   0: 0x8000f430 (0x00002f17) auipc   t5, 0x2
core   0: 3 0x8000f430 (0x00002f17) x30 0x80011430
core   0: 0x8000f434 (0xbc3f2823) sw      gp, -1072(t5)
core   0: 3 0x8000f434 (0xbc3f2823) mem 0x80011000 0x00000001
core   0: 0x8000f438 (0x0000bfe5) c.j     pc - 8
core   0: 3 0x8000f438 (0xbfe5)
core   0: 0x8000f430 (0x00002f17) auipc   t5, 0x2
core   0: 3 0x8000f430 (0x00002f17) x30 0x80011430
core   0: 0x8000f434 (0xbc3f2823) sw      gp, -1072(t5)
core   0: 3 0x8000f434 (0xbc3f2823) mem 0x80011000 0x00000001
core   0: 0x8000f438 (0x0000bfe5) c.j     pc - 8
core   0: 3 0x8000f438 (0xbfe5)
core   0: 0x8000f430 (0x00002f17) auipc   t5, 0x2
core   0: 3 0x8000f430 (0x00002f17) x30 0x80011430
core   0: 0x8000f434 (0xbc3f2823) sw      gp, -1072(t5)
core   0: 3 0x8000f434 (0xbc3f2823) mem 0x80011000 0x00000001
core   0: 0x8000f438 (0x0000bfe5) c.j     pc - 8
core   0: 3 0x8000f438 (0xbfe5)
core   0: 0x8000f430 (0x00002f17) auipc   t5, 0x2
core   0: 3 0x8000f430 (0x00002f17) x30 0x80011430
core   0: 0x8000f434 (0xbc3f2823) sw      gp, -1072(t5)
core   0: 3 0x8000f434 (0xbc3f2823) mem 0x80011000 0x00000001
core   0: 0x8000f438 (0x0000bfe5) c.j     pc - 8
core   0: 3 0x8000f438 (0xbfe5)
core   0: 0x8000f430 (0x00002f17) auipc   t5, 0x2
core   0: 3 0x8000f430 (0x00002f17) x30 0x80011430
core   0: 0x8000f434 (0xbc3f2823) sw      gp, -1072(t5)
core   0: 3 0x8000f434 (0xbc3f2823) mem 0x80011000 0x00000001
core   0: 0x8000f438 (0x0000bfe5) c.j     pc - 8
core   0: 3 0x8000f438 (0xbfe5)
core   0: 0x8000f430 (0x00002f17) auipc   t5, 0x2
core   0: 3 0x8000f430 (0x00002f17) x30 0x80011430
core   0: 0x8000f434 (0xbc3f2823) sw      gp, -1072(t5)
core   0: 3 0x8000f434 (0xbc3f2823) mem 0x80011000 0x00000001
core   0: 0x8000f438 (0x0000bfe5) c.j     pc - 8
core   0: 3 0x8000f438 (0xbfe5)
core   0: 0x8000f430 (0x00002f17) auipc   t5, 0x2
core   0: 3 0x8000f430 (0x00002f17) x30 0x80011430
core   0: 0x8000f434 (0xbc3f2823) sw      gp, -1072(t5)
core   0: 3 0x8000f434 (0xbc3f2823) mem 0x80011000 0x00000001
core   0: 0x8000f438 (0x0000bfe5) c.j     pc - 8
core   0: 3 0x8000f438 (0xbfe5)
core   0: 0x8000f430 (0x00002f17) auipc   t5, 0x2
core   0: 3 0x8000f430 (0x00002f17) x30 0x80011430
core   0: 0x8000f434 (0xbc3f2823) sw      gp, -1072(t5)
core   0: 3 0x8000f434 (0xbc3f2823) mem 0x80011000 0x00000001
core   0: 0x8000f438 (0x0000bfe5) c.j     pc - 8
core   0: 3 0x8000f438 (0xbfe5)
core   0: 0x8000f430 (0x00002f17) auipc   t5, 0x2
core   0: 3 0x8000f430 (0x00002f17) x30 0x80011430
core   0: 0x8000f434 (0xbc3f2823) sw      gp, -1072(t5)
core   0: 3 0x8000f434 (0xbc3f2823) mem 0x80011000 0x00000001
core   0: 0x8000f438 (0x0000bfe5) c.j     pc - 8
core   0: 3 0x8000f438 (0xbfe5)
core   0: 0x8000f430 (0x00002f17) auipc   t5, 0x2
core   0: 3 0x8000f430 (0x00002f17) x30 0x80011430
core   0: 0x8000f434 (0xbc3f2823) sw      gp, -1072(t5)
core   0: 3 0x8000f434 (0xbc3f2823) mem 0x80011000 0x00000001
core   0: 0x8000f438 (0x0000bfe5) c.j     pc - 8
core   0: 3 0x8000f438 (0xbfe5)
core   0: 0x8000f430 (0x00002f17) auipc   t5, 0x2
core   0: 3 0x8000f430 (0x00002f17) x30 0x80011430
core   0: 0x8000f434 (0xbc3f2823) sw      gp, -1072(t5)
core   0: 3 0x8000f434 (0xbc3f2823) mem 0x80011000 0x00000001
core   0: 0x8000f438 (0x0000bfe5) c.j     pc - 8
core   0: 3 0x8000f438 (0xbfe5)
core   0: 0x8000f430 (0x00002f17) auipc   t5, 0x2
core   0: 3 0x8000f430 (0x00002f17) x30 0x80011430
core   0: 0x8000f434 (0xbc3f2823) sw      gp, -1072(t5)
core   0: 3 0x8000f434 (0xbc3f2823) mem 0x80011000 0x00000001
core   0: 0x8000f438 (0x0000bfe5) c.j     pc - 8
core   0: 3 0x8000f438 (0xbfe5)
core   0: 0x8000f430 (0x00002f17) auipc   t5, 0x2
core   0: 3 0x8000f430 (0x00002f17) x30 0x80011430
core   0: 0x8000f434 (0xbc3f2823) sw      gp, -1072(t5)
core   0: 3 0x8000f434 (0xbc3f2823) mem 0x80011000 0x00000001
core   0: 0x8000f438 (0x0000bfe5) c.j     pc - 8
core   0: 3 0x8000f438 (0xbfe5)
core   0: 0x8000f430 (0x00002f17) auipc   t5, 0x2
core   0: 3 0x8000f430 (0x00002f17) x30 0x80011430
core   0: 0x8000f434 (0xbc3f2823) sw      gp, -1072(t5)
core   0: 3 0x8000f434 (0xbc3f2823) mem 0x80011000 0x00000001
core   0: 0x8000f438 (0x0000bfe5) c.j     pc - 8
core   0: 3 0x8000f438 (0xbfe5)
core   0: 0x8000f430 (0x00002f17) auipc   t5, 0x2
core   0: 3 0x8000f430 (0x00002f17) x30 0x80011430
core   0: 0x8000f434 (0xbc3f2823) sw      gp, -1072(t5)
core   0: 3 0x8000f434 (0xbc3f2823) mem 0x80011000 0x00000001
core   0: 0x8000f438 (0x0000bfe5) c.j     pc - 8
core   0: 3 0x8000f438 (0xbfe5)
core   0: 0x8000f430 (0x00002f17) auipc   t5, 0x2
core   0: 3 0x8000f430 (0x00002f17) x30 0x80011430
core   0: 0x8000f434 (0xbc3f2823) sw      gp, -1072(t5)
core   0: 3 0x8000f434 (0xbc3f2823) mem 0x80011000 0x00000001
core   0: 0x8000f438 (0x0000bfe5) c.j     pc - 8
core   0: 3 0x8000f438 (0xbfe5)
core   0: 0x8000f430 (0x00002f17) auipc   t5, 0x2
core   0: 3 0x8000f430 (0x00002f17) x30 0x80011430
core   0: 0x8000f434 (0xbc3f2823) sw      gp, -1072(t5)
core   0: 3 0x8000f434 (0xbc3f2823) mem 0x80011000 0x00000001
core   0: 0x8000f438 (0x0000bfe5) c.j     pc - 8
core   0: 3 0x8000f438 (0xbfe5)
core   0: 0x8000f430 (0x00002f17) auipc   t5, 0x2
core   0: 3 0x8000f430 (0x00002f17) x30 0x80011430
core   0: 0x8000f434 (0xbc3f2823) sw      gp, -1072(t5)
core   0: 3 0x8000f434 (0xbc3f2823) mem 0x80011000 0x00000001
core   0: 0x8000f438 (0x0000bfe5) c.j     pc - 8
core   0: 3 0x8000f438 (0xbfe5)
core   0: 0x8000f430 (0x00002f17) auipc   t5, 0x2
core   0: 3 0x8000f430 (0x00002f17) x30 0x80011430
core   0: 0x8000f434 (0xbc3f2823) sw      gp, -1072(t5)
core   0: 3 0x8000f434 (0xbc3f2823) mem 0x80011000 0x00000001
core   0: 0x8000f438 (0x0000bfe5) c.j     pc - 8
core   0: 3 0x8000f438 (0xbfe5)
core   0: 0x8000f430 (0x00002f17) auipc   t5, 0x2
core   0: 3 0x8000f430 (0x00002f17) x30 0x80011430
core   0: 0x8000f434 (0xbc3f2823) sw      gp, -1072(t5)
core   0: 3 0x8000f434 (0xbc3f2823) mem 0x80011000 0x00000001
core   0: 0x8000f438 (0x0000bfe5) c.j     pc - 8
core   0: 3 0x8000f438 (0xbfe5)
core   0: 0x8000f430 (0x00002f17) auipc   t5, 0x2
core   0: 3 0x8000f430 (0x00002f17) x30 0x80011430
core   0: 0x8000f434 (0xbc3f2823) sw      gp, -1072(t5)
core   0: 3 0x8000f434 (0xbc3f2823) mem 0x80011000 0x00000001
core   0: 0x8000f438 (0x0000bfe5) c.j     pc - 8
core   0: 3 0x8000f438 (0xbfe5)
core   0: 0x8000f430 (0x00002f17) auipc   t5, 0x2
core   0: 3 0x8000f430 (0x00002f17) x30 0x80011430
core   0: 0x8000f434 (0xbc3f2823) sw      gp, -1072(t5)
core   0: 3 0x8000f434 (0xbc3f2823) mem 0x80011000 0x00000001
core   0: 0x8000f438 (0x0000bfe5) c.j     pc - 8
core   0: 3 0x8000f438 (0xbfe5)
core   0: 0x8000f430 (0x00002f17) auipc   t5, 0x2
core   0: 3 0x8000f430 (0x00002f17) x30 0x80011430
core   0: 0x8000f434 (0xbc3f2823) sw      gp, -1072(t5)
core   0: 3 0x8000f434 (0xbc3f2823) mem 0x80011000 0x00000001
core   0: 0x8000f438 (0x0000bfe5) c.j     pc - 8
core   0: 3 0x8000f438 (0xbfe5)
core   0: 0x8000f430 (0x00002f17) auipc   t5, 0x2
core   0: 3 0x8000f430 (0x00002f17) x30 0x80011430
core   0: 0x8000f434 (0xbc3f2823) sw      gp, -1072(t5)
core   0: 3 0x8000f434 (0xbc3f2823) mem 0x80011000 0x00000001
core   0: 0x8000f438 (0x0000bfe5) c.j     pc - 8
core   0: 3 0x8000f438 (0xbfe5)
core   0: 0x8000f430 (0x00002f17) auipc   t5, 0x2
core   0: 3 0x8000f430 (0x00002f17) x30 0x80011430
core   0: 0x8000f434 (0xbc3f2823) sw      gp, -1072(t5)
core   0: 3 0x8000f434 (0xbc3f2823) mem 0x80011000 0x00000001
core   0: 0x8000f438 (0x0000bfe5) c.j     pc - 8
core   0: 3 0x8000f438 (0xbfe5)
core   0: 0x8000f430 (0x00002f17) auipc   t5, 0x2
core   0: 3 0x8000f430 (0x00002f17) x30 0x80011430
core   0: 0x8000f434 (0xbc3f2823) sw      gp, -1072(t5)
core   0: 3 0x8000f434 (0xbc3f2823) mem 0x80011000 0x00000001
core   0: 0x8000f438 (0x0000bfe5) c.j     pc - 8
core   0: 3 0x8000f438 (0xbfe5)
core   0: 0x8000f430 (0x00002f17) auipc   t5, 0x2
core   0: 3 0x8000f430 (0x00002f17) x30 0x80011430
core   0: 0x8000f434 (0xbc3f2823) sw      gp, -1072(t5)
core   0: 3 0x8000f434 (0xbc3f2823) mem 0x80011000 0x00000001
core   0: 0x8000f438 (0x0000bfe5) c.j     pc - 8
core   0: 3 0x8000f438 (0xbfe5)
core   0: 0x8000f430 (0x00002f17) auipc   t5, 0x2
core   0: 3 0x8000f430 (0x00002f17) x30 0x80011430
core   0: 0x8000f434 (0xbc3f2823) sw      gp, -1072(t5)
core   0: 3 0x8000f434 (0xbc3f2823) mem 0x80011000 0x00000001
core   0: 0x8000f438 (0x0000bfe5) c.j     pc - 8
core   0: 3 0x8000f438 (0xbfe5)
core   0: 0x8000f430 (0x00002f17) auipc   t5, 0x2
core   0: 3 0x8000f430 (0x00002f17) x30 0x80011430
core   0: 0x8000f434 (0xbc3f2823) sw      gp, -1072(t5)
core   0: 3 0x8000f434 (0xbc3f2823) mem 0x80011000 0x00000001
core   0: 0x8000f438 (0x0000bfe5) c.j     pc - 8
core   0: 3 0x8000f438 (0xbfe5)
core   0: 0x8000f430 (0x00002f17) auipc   t5, 0x2
core   0: 3 0x8000f430 (0x00002f17) x30 0x80011430
core   0: 0x8000f434 (0xbc3f2823) sw      gp, -1072(t5)
core   0: 3 0x8000f434 (0xbc3f2823) mem 0x80011000 0x00000001
core   0: 0x8000f438 (0x0000bfe5) c.j     pc - 8
core   0: 3 0x8000f438 (0xbfe5)
core   0: 0x8000f430 (0x00002f17) auipc   t5, 0x2
core   0: 3 0x8000f430 (0x00002f17) x30 0x80011430
core   0: 0x8000f434 (0xbc3f2823) sw      gp, -1072(t5)
core   0: 3 0x8000f434 (0xbc3f2823) mem 0x80011000 0x00000001
core   0: 0x8000f438 (0x0000bfe5) c.j     pc - 8
core   0: 3 0x8000f438 (0xbfe5)
core   0: 0x8000f430 (0x00002f17) auipc   t5, 0x2
core   0: 3 0x8000f430 (0x00002f17) x30 0x80011430
core   0: 0x8000f434 (0xbc3f2823) sw      gp, -1072(t5)
core   0: 3 0x8000f434 (0xbc3f2823) mem 0x80011000 0x00000001
core   0: 0x8000f438 (0x0000bfe5) c.j     pc - 8
core   0: 3 0x8000f438 (0xbfe5)
core   0: 0x8000f430 (0x00002f17) auipc   t5, 0x2
core   0: 3 0x8000f430 (0x00002f17) x30 0x80011430
core   0: 0x8000f434 (0xbc3f2823) sw      gp, -1072(t5)
core   0: 3 0x8000f434 (0xbc3f2823) mem 0x80011000 0x00000001
core   0: 0x8000f438 (0x0000bfe5) c.j     pc - 8
core   0: 3 0x8000f438 (0xbfe5)
core   0: 0x8000f430 (0x00002f17) auipc   t5, 0x2
core   0: 3 0x8000f430 (0x00002f17) x30 0x80011430
core   0: 0x8000f434 (0xbc3f2823) sw      gp, -1072(t5)
core   0: 3 0x8000f434 (0xbc3f2823) mem 0x80011000 0x00000001
core   0: 0x8000f438 (0x0000bfe5) c.j     pc - 8
core   0: 3 0x8000f438 (0xbfe5)
core   0: 0x8000f430 (0x00002f17) auipc   t5, 0x2
core   0: 3 0x8000f430 (0x00002f17) x30 0x80011430
core   0: 0x8000f434 (0xbc3f2823) sw      gp, -1072(t5)
core   0: 3 0x8000f434 (0xbc3f2823) mem 0x80011000 0x00000001
core   0: 0x8000f438 (0x0000bfe5) c.j     pc - 8
core   0: 3 0x8000f438 (0xbfe5)
core   0: 0x8000f430 (0x00002f17) auipc   t5, 0x2
core   0: 3 0x8000f430 (0x00002f17) x30 0x80011430
core   0: 0x8000f434 (0xbc3f2823) sw      gp, -1072(t5)
core   0: 3 0x8000f434 (0xbc3f2823) mem 0x80011000 0x00000001
core   0: 0x8000f438 (0x0000bfe5) c.j     pc - 8
core   0: 3 0x8000f438 (0xbfe5)
core   0: 0x8000f430 (0x00002f17) auipc   t5, 0x2
core   0: 3 0x8000f430 (0x00002f17) x30 0x80011430
core   0: 0x8000f434 (0xbc3f2823) sw      gp, -1072(t5)
core   0: 3 0x8000f434 (0xbc3f2823) mem 0x80011000 0x00000001
core   0: 0x8000f438 (0x0000bfe5) c.j     pc - 8
core   0: 3 0x8000f438 (0xbfe5)
core   0: 0x8000f430 (0x00002f17) auipc   t5, 0x2
core   0: 3 0x8000f430 (0x00002f17) x30 0x80011430
core   0: 0x8000f434 (0xbc3f2823) sw      gp, -1072(t5)
core   0: 3 0x8000f434 (0xbc3f2823) mem 0x80011000 0x00000001
core   0: 0x8000f438 (0x0000bfe5) c.j     pc - 8
core   0: 3 0x8000f438 (0xbfe5)
core   0: 0x8000f430 (0x00002f17) auipc   t5, 0x2
core   0: 3 0x8000f430 (0x00002f17) x30 0x80011430
core   0: 0x8000f434 (0xbc3f2823) sw      gp, -1072(t5)
core   0: 3 0x8000f434 (0xbc3f2823) mem 0x80011000 0x00000001
core   0: 0x8000f438 (0x0000bfe5) c.j     pc - 8
core   0: 3 0x8000f438 (0xbfe5)
core   0: 0x8000f430 (0x00002f17) auipc   t5, 0x2
core   0: 3 0x8000f430 (0x00002f17) x30 0x80011430
core   0: 0x8000f434 (0xbc3f2823) sw      gp, -1072(t5)
core   0: 3 0x8000f434 (0xbc3f2823) mem 0x80011000 0x00000001
core   0: 0x8000f438 (0x0000bfe5) c.j     pc - 8
core   0: 3 0x8000f438 (0xbfe5)
core   0: 0x8000f430 (0x00002f17) auipc   t5, 0x2
core   0: 3 0x8000f430 (0x00002f17) x30 0x80011430
core   0: 0x8000f434 (0xbc3f2823) sw      gp, -1072(t5)
core   0: 3 0x8000f434 (0xbc3f2823) mem 0x80011000 0x00000001
core   0: 0x8000f438 (0x0000bfe5) c.j     pc - 8
core   0: 3 0x8000f438 (0xbfe5)
core   0: 0x8000f430 (0x00002f17) auipc   t5, 0x2
core   0: 3 0x8000f430 (0x00002f17) x30 0x80011430
core   0: 0x8000f434 (0xbc3f2823) sw      gp, -1072(t5)
core   0: 3 0x8000f434 (0xbc3f2823) mem 0x80011000 0x00000001
core   0: 0x8000f438 (0x0000bfe5) c.j     pc - 8
core   0: 3 0x8000f438 (0xbfe5)
core   0: 0x8000f430 (0x00002f17) auipc   t5, 0x2
core   0: 3 0x8000f430 (0x00002f17) x30 0x80011430
core   0: 0x8000f434 (0xbc3f2823) sw      gp, -1072(t5)
core   0: 3 0x8000f434 (0xbc3f2823) mem 0x80011000 0x00000001
core   0: 0x8000f438 (0x0000bfe5) c.j     pc - 8
core   0: 3 0x8000f438 (0xbfe5)
core   0: 0x8000f430 (0x00002f17) auipc   t5, 0x2
core   0: 3 0x8000f430 (0x00002f17) x30 0x80011430
core   0: 0x8000f434 (0xbc3f2823) sw      gp, -1072(t5)
core   0: 3 0x8000f434 (0xbc3f2823) mem 0x80011000 0x00000001
core   0: 0x8000f438 (0x0000bfe5) c.j     pc - 8
core   0: 3 0x8000f438 (0xbfe5)
core   0: 0x8000f430 (0x00002f17) auipc   t5, 0x2
core   0: 3 0x8000f430 (0x00002f17) x30 0x80011430
core   0: 0x8000f434 (0xbc3f2823) sw      gp, -1072(t5)
core   0: 3 0x8000f434 (0xbc3f2823) mem 0x80011000 0x00000001
core   0: 0x8000f438 (0x0000bfe5) c.j     pc - 8
core   0: 3 0x8000f438 (0xbfe5)
core   0: 0x8000f430 (0x00002f17) auipc   t5, 0x2
core   0: 3 0x8000f430 (0x00002f17) x30 0x80011430
core   0: 0x8000f434 (0xbc3f2823) sw      gp, -1072(t5)
core   0: 3 0x8000f434 (0xbc3f2823) mem 0x80011000 0x00000001
core   0: 0x8000f438 (0x0000bfe5) c.j     pc - 8
core   0: 3 0x8000f438 (0xbfe5)
core   0: 0x8000f430 (0x00002f17) auipc   t5, 0x2
core   0: 3 0x8000f430 (0x00002f17) x30 0x80011430
core   0: 0x8000f434 (0xbc3f2823) sw      gp, -1072(t5)
core   0: 3 0x8000f434 (0xbc3f2823) mem 0x80011000 0x00000001
core   0: 0x8000f438 (0x0000bfe5) c.j     pc - 8
core   0: 3 0x8000f438 (0xbfe5)
core   0: 0x8000f430 (0x00002f17) auipc   t5, 0x2
core   0: 3 0x8000f430 (0x00002f17) x30 0x80011430
core   0: 0x8000f434 (0xbc3f2823) sw      gp, -1072(t5)
core   0: 3 0x8000f434 (0xbc3f2823) mem 0x80011000 0x00000001
core   0: 0x8000f438 (0x0000bfe5) c.j     pc - 8
core   0: 3 0x8000f438 (0xbfe5)
core   0: 0x8000f430 (0x00002f17) auipc   t5, 0x2
core   0: 3 0x8000f430 (0x00002f17) x30 0x80011430
core   0: 0x8000f434 (0xbc3f2823) sw      gp, -1072(t5)
core   0: 3 0x8000f434 (0xbc3f2823) mem 0x80011000 0x00000001
core   0: 0x8000f438 (0x0000bfe5) c.j     pc - 8
core   0: 3 0x8000f438 (0xbfe5)
core   0: 0x8000f430 (0x00002f17) auipc   t5, 0x2
core   0: 3 0x8000f430 (0x00002f17) x30 0x80011430
core   0: 0x8000f434 (0xbc3f2823) sw      gp, -1072(t5)
core   0: 3 0x8000f434 (0xbc3f2823) mem 0x80011000 0x00000001
core   0: 0x8000f438 (0x0000bfe5) c.j     pc - 8
core   0: 3 0x8000f438 (0xbfe5)
core   0: 0x8000f430 (0x00002f17) auipc   t5, 0x2
core   0: 3 0x8000f430 (0x00002f17) x30 0x80011430
core   0: 0x8000f434 (0xbc3f2823) sw      gp, -1072(t5)
core   0: 3 0x8000f434 (0xbc3f2823) mem 0x80011000 0x00000001
core   0: 0x8000f438 (0x0000bfe5) c.j     pc - 8
core   0: 3 0x8000f438 (0xbfe5)
core   0: 0x8000f430 (0x00002f17) auipc   t5, 0x2
core   0: 3 0x8000f430 (0x00002f17) x30 0x80011430
core   0: 0x8000f434 (0xbc3f2823) sw      gp, -1072(t5)
core   0: 3 0x8000f434 (0xbc3f2823) mem 0x80011000 0x00000001
core   0: 0x8000f438 (0x0000bfe5) c.j     pc - 8
core   0: 3 0x8000f438 (0xbfe5)
core   0: 0x8000f430 (0x00002f17) auipc   t5, 0x2
core   0: 3 0x8000f430 (0x00002f17) x30 0x80011430
core   0: 0x8000f434 (0xbc3f2823) sw      gp, -1072(t5)
core   0: 3 0x8000f434 (0xbc3f2823) mem 0x80011000 0x00000001
core   0: 0x8000f438 (0x0000bfe5) c.j     pc - 8
core   0: 3 0x8000f438 (0xbfe5)
core   0: 0x8000f430 (0x00002f17) auipc   t5, 0x2
core   0: 3 0x8000f430 (0x00002f17) x30 0x80011430
core   0: 0x8000f434 (0xbc3f2823) sw      gp, -1072(t5)
core   0: 3 0x8000f434 (0xbc3f2823) mem 0x80011000 0x00000001
core   0: 0x8000f438 (0x0000bfe5) c.j     pc - 8
core   0: 3 0x8000f438 (0xbfe5)
core   0: 0x8000f430 (0x00002f17) auipc   t5, 0x2
core   0: 3 0x8000f430 (0x00002f17) x30 0x80011430
core   0: 0x8000f434 (0xbc3f2823) sw      gp, -1072(t5)
core   0: 3 0x8000f434 (0xbc3f2823) mem 0x80011000 0x00000001
core   0: 0x8000f438 (0x0000bfe5) c.j     pc - 8
core   0: 3 0x8000f438 (0xbfe5)
core   0: 0x8000f430 (0x00002f17) auipc   t5, 0x2
core   0: 3 0x8000f430 (0x00002f17) x30 0x80011430
core   0: 0x8000f434 (0xbc3f2823) sw      gp, -1072(t5)
core   0: 3 0x8000f434 (0xbc3f2823) mem 0x80011000 0x00000001
core   0: 0x8000f438 (0x0000bfe5) c.j     pc - 8
core   0: 3 0x8000f438 (0xbfe5)
core   0: 0x8000f430 (0x00002f17) auipc   t5, 0x2
core   0: 3 0x8000f430 (0x00002f17) x30 0x80011430
core   0: 0x8000f434 (0xbc3f2823) sw      gp, -1072(t5)
core   0: 3 0x8000f434 (0xbc3f2823) mem 0x80011000 0x00000001
core   0: 0x8000f438 (0x0000bfe5) c.j     pc - 8
core   0: 3 0x8000f438 (0xbfe5)
core   0: 0x8000f430 (0x00002f17) auipc   t5, 0x2
core   0: 3 0x8000f430 (0x00002f17) x30 0x80011430
core   0: 0x8000f434 (0xbc3f2823) sw      gp, -1072(t5)
core   0: 3 0x8000f434 (0xbc3f2823) mem 0x80011000 0x00000001
core   0: 0x8000f438 (0x0000bfe5) c.j     pc - 8
core   0: 3 0x8000f438 (0xbfe5)
core   0: 0x8000f430 (0x00002f17) auipc   t5, 0x2
core   0: 3 0x8000f430 (0x00002f17) x30 0x80011430
core   0: 0x8000f434 (0xbc3f2823) sw      gp, -1072(t5)
core   0: 3 0x8000f434 (0xbc3f2823) mem 0x80011000 0x00000001
core   0: 0x8000f438 (0x0000bfe5) c.j     pc - 8
core   0: 3 0x8000f438 (0xbfe5)
core   0: 0x8000f430 (0x00002f17) auipc   t5, 0x2
core   0: 3 0x8000f430 (0x00002f17) x30 0x80011430
core   0: 0x8000f434 (0xbc3f2823) sw      gp, -1072(t5)
core   0: 3 0x8000f434 (0xbc3f2823) mem 0x80011000 0x00000001
core   0: 0x8000f438 (0x0000bfe5) c.j     pc - 8
core   0: 3 0x8000f438 (0xbfe5)
core   0: 0x8000f430 (0x00002f17) auipc   t5, 0x2
core   0: 3 0x8000f430 (0x00002f17) x30 0x80011430
core   0: 0x8000f434 (0xbc3f2823) sw      gp, -1072(t5)
core   0: 3 0x8000f434 (0xbc3f2823) mem 0x80011000 0x00000001
core   0: 0x8000f438 (0x0000bfe5) c.j     pc - 8
core   0: 3 0x8000f438 (0xbfe5)
core   0: 0x8000f430 (0x00002f17) auipc   t5, 0x2
core   0: 3 0x8000f430 (0x00002f17) x30 0x80011430
core   0: 0x8000f434 (0xbc3f2823) sw      gp, -1072(t5)
core   0: 3 0x8000f434 (0xbc3f2823) mem 0x80011000 0x00000001
core   0: 0x8000f438 (0x0000bfe5) c.j     pc - 8
core   0: 3 0x8000f438 (0xbfe5)
core   0: 0x8000f430 (0x00002f17) auipc   t5, 0x2
core   0: 3 0x8000f430 (0x00002f17) x30 0x80011430
core   0: 0x8000f434 (0xbc3f2823) sw      gp, -1072(t5)
core   0: 3 0x8000f434 (0xbc3f2823) mem 0x80011000 0x00000001
core   0: 0x8000f438 (0x0000bfe5) c.j     pc - 8
core   0: 3 0x8000f438 (0xbfe5)
core   0: 0x8000f430 (0x00002f17) auipc   t5, 0x2
core   0: 3 0x8000f430 (0x00002f17) x30 0x80011430
core   0: 0x8000f434 (0xbc3f2823) sw      gp, -1072(t5)
core   0: 3 0x8000f434 (0xbc3f2823) mem 0x80011000 0x00000001
core   0: 0x8000f438 (0x0000bfe5) c.j     pc - 8
core   0: 3 0x8000f438 (0xbfe5)
core   0: 0x8000f430 (0x00002f17) auipc   t5, 0x2
core   0: 3 0x8000f430 (0x00002f17) x30 0x80011430
core   0: 0x8000f434 (0xbc3f2823) sw      gp, -1072(t5)
core   0: 3 0x8000f434 (0xbc3f2823) mem 0x80011000 0x00000001
core   0: 0x8000f438 (0x0000bfe5) c.j     pc - 8
core   0: 3 0x8000f438 (0xbfe5)
core   0: 0x8000f430 (0x00002f17) auipc   t5, 0x2
core   0: 3 0x8000f430 (0x00002f17) x30 0x80011430
core   0: 0x8000f434 (0xbc3f2823) sw      gp, -1072(t5)
core   0: 3 0x8000f434 (0xbc3f2823) mem 0x80011000 0x00000001
core   0: 0x8000f438 (0x0000bfe5) c.j     pc - 8
core   0: 3 0x8000f438 (0xbfe5)
core   0: 0x8000f430 (0x00002f17) auipc   t5, 0x2
core   0: 3 0x8000f430 (0x00002f17) x30 0x80011430
core   0: 0x8000f434 (0xbc3f2823) sw      gp, -1072(t5)
core   0: 3 0x8000f434 (0xbc3f2823) mem 0x80011000 0x00000001
core   0: 0x8000f438 (0x0000bfe5) c.j     pc - 8
core   0: 3 0x8000f438 (0xbfe5)
core   0: 0x8000f430 (0x00002f17) auipc   t5, 0x2
core   0: 3 0x8000f430 (0x00002f17) x30 0x80011430
core   0: 0x8000f434 (0xbc3f2823) sw      gp, -1072(t5)
core   0: 3 0x8000f434 (0xbc3f2823) mem 0x80011000 0x00000001
core   0: 0x8000f438 (0x0000bfe5) c.j     pc - 8
core   0: 3 0x8000f438 (0xbfe5)
core   0: 0x8000f430 (0x00002f17) auipc   t5, 0x2
core   0: 3 0x8000f430 (0x00002f17) x30 0x80011430
core   0: 0x8000f434 (0xbc3f2823) sw      gp, -1072(t5)
core   0: 3 0x8000f434 (0xbc3f2823) mem 0x80011000 0x00000001
core   0: 0x8000f438 (0x0000bfe5) c.j     pc - 8
core   0: 3 0x8000f438 (0xbfe5)
core   0: 0x8000f430 (0x00002f17) auipc   t5, 0x2
core   0: 3 0x8000f430 (0x00002f17) x30 0x80011430
core   0: 0x8000f434 (0xbc3f2823) sw      gp, -1072(t5)
core   0: 3 0x8000f434 (0xbc3f2823) mem 0x80011000 0x00000001
core   0: 0x8000f438 (0x0000bfe5) c.j     pc - 8
core   0: 3 0x8000f438 (0xbfe5)
core   0: 0x8000f430 (0x00002f17) auipc   t5, 0x2
core   0: 3 0x8000f430 (0x00002f17) x30 0x80011430
core   0: 0x8000f434 (0xbc3f2823) sw      gp, -1072(t5)
core   0: 3 0x8000f434 (0xbc3f2823) mem 0x80011000 0x00000001
core   0: 0x8000f438 (0x0000bfe5) c.j     pc - 8
core   0: 3 0x8000f438 (0xbfe5)
core   0: 0x8000f430 (0x00002f17) auipc   t5, 0x2
core   0: 3 0x8000f430 (0x00002f17) x30 0x80011430
core   0: 0x8000f434 (0xbc3f2823) sw      gp, -1072(t5)
core   0: 3 0x8000f434 (0xbc3f2823) mem 0x80011000 0x00000001
core   0: 0x8000f438 (0x0000bfe5) c.j     pc - 8
core   0: 3 0x8000f438 (0xbfe5)
core   0: 0x8000f430 (0x00002f17) auipc   t5, 0x2
core   0: 3 0x8000f430 (0x00002f17) x30 0x80011430
core   0: 0x8000f434 (0xbc3f2823) sw      gp, -1072(t5)
core   0: 3 0x8000f434 (0xbc3f2823) mem 0x80011000 0x00000001
core   0: 0x8000f438 (0x0000bfe5) c.j     pc - 8
core   0: 3 0x8000f438 (0xbfe5)
core   0: 0x8000f430 (0x00002f17) auipc   t5, 0x2
core   0: 3 0x8000f430 (0x00002f17) x30 0x80011430
core   0: 0x8000f434 (0xbc3f2823) sw      gp, -1072(t5)
core   0: 3 0x8000f434 (0xbc3f2823) mem 0x80011000 0x00000001
core   0: 0x8000f438 (0x0000bfe5) c.j     pc - 8
core   0: 3 0x8000f438 (0xbfe5)
core   0: 0x8000f430 (0x00002f17) auipc   t5, 0x2
core   0: 3 0x8000f430 (0x00002f17) x30 0x80011430
core   0: 0x8000f434 (0xbc3f2823) sw      gp, -1072(t5)
core   0: 3 0x8000f434 (0xbc3f2823) mem 0x80011000 0x00000001
core   0: 0x8000f438 (0x0000bfe5) c.j     pc - 8
core   0: 3 0x8000f438 (0xbfe5)
core   0: 0x8000f430 (0x00002f17) auipc   t5, 0x2
core   0: 3 0x8000f430 (0x00002f17) x30 0x80011430
core   0: 0x8000f434 (0xbc3f2823) sw      gp, -1072(t5)
core   0: 3 0x8000f434 (0xbc3f2823) mem 0x80011000 0x00000001
core   0: 0x8000f438 (0x0000bfe5) c.j     pc - 8
core   0: 3 0x8000f438 (0xbfe5)
core   0: 0x8000f430 (0x00002f17) auipc   t5, 0x2
core   0: 3 0x8000f430 (0x00002f17) x30 0x80011430
core   0: 0x8000f434 (0xbc3f2823) sw      gp, -1072(t5)
core   0: 3 0x8000f434 (0xbc3f2823) mem 0x80011000 0x00000001
core   0: 0x8000f438 (0x0000bfe5) c.j     pc - 8
core   0: 3 0x8000f438 (0xbfe5)
core   0: 0x8000f430 (0x00002f17) auipc   t5, 0x2
core   0: 3 0x8000f430 (0x00002f17) x30 0x80011430
core   0: 0x8000f434 (0xbc3f2823) sw      gp, -1072(t5)
core   0: 3 0x8000f434 (0xbc3f2823) mem 0x80011000 0x00000001
core   0: 0x8000f438 (0x0000bfe5) c.j     pc - 8
core   0: 3 0x8000f438 (0xbfe5)
core   0: 0x8000f430 (0x00002f17) auipc   t5, 0x2
core   0: 3 0x8000f430 (0x00002f17) x30 0x80011430
core   0: 0x8000f434 (0xbc3f2823) sw      gp, -1072(t5)
core   0: 3 0x8000f434 (0xbc3f2823) mem 0x80011000 0x00000001
core   0: 0x8000f438 (0x0000bfe5) c.j     pc - 8
core   0: 3 0x8000f438 (0xbfe5)
core   0: 0x8000f430 (0x00002f17) auipc   t5, 0x2
core   0: 3 0x8000f430 (0x00002f17) x30 0x80011430
core   0: 0x8000f434 (0xbc3f2823) sw      gp, -1072(t5)
core   0: 3 0x8000f434 (0xbc3f2823) mem 0x80011000 0x00000001
core   0: 0x8000f438 (0x0000bfe5) c.j     pc - 8
core   0: 3 0x8000f438 (0xbfe5)
core   0: 0x8000f430 (0x00002f17) auipc   t5, 0x2
core   0: 3 0x8000f430 (0x00002f17) x30 0x80011430
core   0: 0x8000f434 (0xbc3f2823) sw      gp, -1072(t5)
core   0: 3 0x8000f434 (0xbc3f2823) mem 0x80011000 0x00000001
core   0: 0x8000f438 (0x0000bfe5) c.j     pc - 8
core   0: 3 0x8000f438 (0xbfe5)
core   0: 0x8000f430 (0x00002f17) auipc   t5, 0x2
core   0: 3 0x8000f430 (0x00002f17) x30 0x80011430
core   0: 0x8000f434 (0xbc3f2823) sw      gp, -1072(t5)
core   0: 3 0x8000f434 (0xbc3f2823) mem 0x80011000 0x00000001
core   0: 0x8000f438 (0x0000bfe5) c.j     pc - 8
core   0: 3 0x8000f438 (0xbfe5)
core   0: 0x8000f430 (0x00002f17) auipc   t5, 0x2
core   0: 3 0x8000f430 (0x00002f17) x30 0x80011430
core   0: 0x8000f434 (0xbc3f2823) sw      gp, -1072(t5)
core   0: 3 0x8000f434 (0xbc3f2823) mem 0x80011000 0x00000001
core   0: 0x8000f438 (0x0000bfe5) c.j     pc - 8
core   0: 3 0x8000f438 (0xbfe5)
core   0: 0x8000f430 (0x00002f17) auipc   t5, 0x2
core   0: 3 0x8000f430 (0x00002f17) x30 0x80011430
core   0: 0x8000f434 (0xbc3f2823) sw      gp, -1072(t5)
core   0: 3 0x8000f434 (0xbc3f2823) mem 0x80011000 0x00000001
core   0: 0x8000f438 (0x0000bfe5) c.j     pc - 8
core   0: 3 0x8000f438 (0xbfe5)
core   0: 0x8000f430 (0x00002f17) auipc   t5, 0x2
core   0: 3 0x8000f430 (0x00002f17) x30 0x80011430
core   0: 0x8000f434 (0xbc3f2823) sw      gp, -1072(t5)
core   0: 3 0x8000f434 (0xbc3f2823) mem 0x80011000 0x00000001
core   0: 0x8000f438 (0x0000bfe5) c.j     pc - 8
core   0: 3 0x8000f438 (0xbfe5)
core   0: 0x8000f430 (0x00002f17) auipc   t5, 0x2
core   0: 3 0x8000f430 (0x00002f17) x30 0x80011430
core   0: 0x8000f434 (0xbc3f2823) sw      gp, -1072(t5)
core   0: 3 0x8000f434 (0xbc3f2823) mem 0x80011000 0x00000001
core   0: 0x8000f438 (0x0000bfe5) c.j     pc - 8
core   0: 3 0x8000f438 (0xbfe5)
core   0: 0x8000f430 (0x00002f17) auipc   t5, 0x2
core   0: 3 0x8000f430 (0x00002f17) x30 0x80011430
core   0: 0x8000f434 (0xbc3f2823) sw      gp, -1072(t5)
core   0: 3 0x8000f434 (0xbc3f2823) mem 0x80011000 0x00000001
core   0: 0x8000f438 (0x0000bfe5) c.j     pc - 8
core   0: 3 0x8000f438 (0xbfe5)
core   0: 0x8000f430 (0x00002f17) auipc   t5, 0x2
core   0: 3 0x8000f430 (0x00002f17) x30 0x80011430
core   0: 0x8000f434 (0xbc3f2823) sw      gp, -1072(t5)
core   0: 3 0x8000f434 (0xbc3f2823) mem 0x80011000 0x00000001
core   0: 0x8000f438 (0x0000bfe5) c.j     pc - 8
core   0: 3 0x8000f438 (0xbfe5)
core   0: 0x8000f430 (0x00002f17) auipc   t5, 0x2
core   0: 3 0x8000f430 (0x00002f17) x30 0x80011430
core   0: 0x8000f434 (0xbc3f2823) sw      gp, -1072(t5)
core   0: 3 0x8000f434 (0xbc3f2823) mem 0x80011000 0x00000001
core   0: 0x8000f438 (0x0000bfe5) c.j     pc - 8
core   0: 3 0x8000f438 (0xbfe5)
core   0: 0x8000f430 (0x00002f17) auipc   t5, 0x2
core   0: 3 0x8000f430 (0x00002f17) x30 0x80011430
core   0: 0x8000f434 (0xbc3f2823) sw      gp, -1072(t5)
core   0: 3 0x8000f434 (0xbc3f2823) mem 0x80011000 0x00000001
core   0: 0x8000f438 (0x0000bfe5) c.j     pc - 8
core   0: 3 0x8000f438 (0xbfe5)
core   0: 0x8000f430 (0x00002f17) auipc   t5, 0x2
core   0: 3 0x8000f430 (0x00002f17) x30 0x80011430
core   0: 0x8000f434 (0xbc3f2823) sw      gp, -1072(t5)
core   0: 3 0x8000f434 (0xbc3f2823) mem 0x80011000 0x00000001
core   0: 0x8000f438 (0x0000bfe5) c.j     pc - 8
core   0: 3 0x8000f438 (0xbfe5)
core   0: 0x8000f430 (0x00002f17) auipc   t5, 0x2
core   0: 3 0x8000f430 (0x00002f17) x30 0x80011430
core   0: 0x8000f434 (0xbc3f2823) sw      gp, -1072(t5)
core   0: 3 0x8000f434 (0xbc3f2823) mem 0x80011000 0x00000001
core   0: 0x8000f438 (0x0000bfe5) c.j     pc - 8
core   0: 3 0x8000f438 (0xbfe5)
core   0: 0x8000f430 (0x00002f17) auipc   t5, 0x2
core   0: 3 0x8000f430 (0x00002f17) x30 0x80011430
core   0: 0x8000f434 (0xbc3f2823) sw      gp, -1072(t5)
core   0: 3 0x8000f434 (0xbc3f2823) mem 0x80011000 0x00000001
core   0: 0x8000f438 (0x0000bfe5) c.j     pc - 8
core   0: 3 0x8000f438 (0xbfe5)
core   0: 0x8000f430 (0x00002f17) auipc   t5, 0x2
core   0: 3 0x8000f430 (0x00002f17) x30 0x80011430
core   0: 0x8000f434 (0xbc3f2823) sw      gp, -1072(t5)
core   0: 3 0x8000f434 (0xbc3f2823) mem 0x80011000 0x00000001
core   0: 0x8000f438 (0x0000bfe5) c.j     pc - 8
core   0: 3 0x8000f438 (0xbfe5)
core   0: 0x8000f430 (0x00002f17) auipc   t5, 0x2
core   0: 3 0x8000f430 (0x00002f17) x30 0x80011430
core   0: 0x8000f434 (0xbc3f2823) sw      gp, -1072(t5)
core   0: 3 0x8000f434 (0xbc3f2823) mem 0x80011000 0x00000001
core   0: 0x8000f438 (0x0000bfe5) c.j     pc - 8
core   0: 3 0x8000f438 (0xbfe5)
core   0: 0x8000f430 (0x00002f17) auipc   t5, 0x2
core   0: 3 0x8000f430 (0x00002f17) x30 0x80011430
core   0: 0x8000f434 (0xbc3f2823) sw      gp, -1072(t5)
core   0: 3 0x8000f434 (0xbc3f2823) mem 0x80011000 0x00000001
core   0: 0x8000f438 (0x0000bfe5) c.j     pc - 8
core   0: 3 0x8000f438 (0xbfe5)
core   0: 0x8000f430 (0x00002f17) auipc   t5, 0x2
core   0: 3 0x8000f430 (0x00002f17) x30 0x80011430
core   0: 0x8000f434 (0xbc3f2823) sw      gp, -1072(t5)
core   0: 3 0x8000f434 (0xbc3f2823) mem 0x80011000 0x00000001
core   0: 0x8000f438 (0x0000bfe5) c.j     pc - 8
core   0: 3 0x8000f438 (0xbfe5)
core   0: 0x8000f430 (0x00002f17) auipc   t5, 0x2
core   0: 3 0x8000f430 (0x00002f17) x30 0x80011430
core   0: 0x8000f434 (0xbc3f2823) sw      gp, -1072(t5)
core   0: 3 0x8000f434 (0xbc3f2823) mem 0x80011000 0x00000001
core   0: 0x8000f438 (0x0000bfe5) c.j     pc - 8
core   0: 3 0x8000f438 (0xbfe5)
core   0: 0x8000f430 (0x00002f17) auipc   t5, 0x2
core   0: 3 0x8000f430 (0x00002f17) x30 0x80011430
core   0: 0x8000f434 (0xbc3f2823) sw      gp, -1072(t5)
core   0: 3 0x8000f434 (0xbc3f2823) mem 0x80011000 0x00000001
core   0: 0x8000f438 (0x0000bfe5) c.j     pc - 8
core   0: 3 0x8000f438 (0xbfe5)
core   0: 0x8000f430 (0x00002f17) auipc   t5, 0x2
core   0: 3 0x8000f430 (0x00002f17) x30 0x80011430
core   0: 0x8000f434 (0xbc3f2823) sw      gp, -1072(t5)
core   0: 3 0x8000f434 (0xbc3f2823) mem 0x80011000 0x00000001
core   0: 0x8000f438 (0x0000bfe5) c.j     pc - 8
core   0: 3 0x8000f438 (0xbfe5)
core   0: 0x8000f430 (0x00002f17) auipc   t5, 0x2
core   0: 3 0x8000f430 (0x00002f17) x30 0x80011430
core   0: 0x8000f434 (0xbc3f2823) sw      gp, -1072(t5)
core   0: 3 0x8000f434 (0xbc3f2823) mem 0x80011000 0x00000001
core   0: 0x8000f438 (0x0000bfe5) c.j     pc - 8
core   0: 3 0x8000f438 (0xbfe5)
core   0: 0x8000f430 (0x00002f17) auipc   t5, 0x2
core   0: 3 0x8000f430 (0x00002f17) x30 0x80011430
core   0: 0x8000f434 (0xbc3f2823) sw      gp, -1072(t5)
core   0: 3 0x8000f434 (0xbc3f2823) mem 0x80011000 0x00000001
core   0: 0x8000f438 (0x0000bfe5) c.j     pc - 8
core   0: 3 0x8000f438 (0xbfe5)
core   0: 0x8000f430 (0x00002f17) auipc   t5, 0x2
core   0: 3 0x8000f430 (0x00002f17) x30 0x80011430
core   0: 0x8000f434 (0xbc3f2823) sw      gp, -1072(t5)
core   0: 3 0x8000f434 (0xbc3f2823) mem 0x80011000 0x00000001
core   0: 0x8000f438 (0x0000bfe5) c.j     pc - 8
core   0: 3 0x8000f438 (0xbfe5)
core   0: 0x8000f430 (0x00002f17) auipc   t5, 0x2
core   0: 3 0x8000f430 (0x00002f17) x30 0x80011430
core   0: 0x8000f434 (0xbc3f2823) sw      gp, -1072(t5)
core   0: 3 0x8000f434 (0xbc3f2823) mem 0x80011000 0x00000001
core   0: 0x8000f438 (0x0000bfe5) c.j     pc - 8
core   0: 3 0x8000f438 (0xbfe5)
core   0: 0x8000f430 (0x00002f17) auipc   t5, 0x2
core   0: 3 0x8000f430 (0x00002f17) x30 0x80011430
core   0: 0x8000f434 (0xbc3f2823) sw      gp, -1072(t5)
core   0: 3 0x8000f434 (0xbc3f2823) mem 0x80011000 0x00000001
core   0: 0x8000f438 (0x0000bfe5) c.j     pc - 8
core   0: 3 0x8000f438 (0xbfe5)
core   0: 0x8000f430 (0x00002f17) auipc   t5, 0x2
core   0: 3 0x8000f430 (0x00002f17) x30 0x80011430
core   0: 0x8000f434 (0xbc3f2823) sw      gp, -1072(t5)
core   0: 3 0x8000f434 (0xbc3f2823) mem 0x80011000 0x00000001
core   0: 0x8000f438 (0x0000bfe5) c.j     pc - 8
core   0: 3 0x8000f438 (0xbfe5)
core   0: 0x8000f430 (0x00002f17) auipc   t5, 0x2
core   0: 3 0x8000f430 (0x00002f17) x30 0x80011430
core   0: 0x8000f434 (0xbc3f2823) sw      gp, -1072(t5)
core   0: 3 0x8000f434 (0xbc3f2823) mem 0x80011000 0x00000001
core   0: 0x8000f438 (0x0000bfe5) c.j     pc - 8
core   0: 3 0x8000f438 (0xbfe5)
core   0: 0x8000f430 (0x00002f17) auipc   t5, 0x2
core   0: 3 0x8000f430 (0x00002f17) x30 0x80011430
core   0: 0x8000f434 (0xbc3f2823) sw      gp, -1072(t5)
core   0: 3 0x8000f434 (0xbc3f2823) mem 0x80011000 0x00000001
core   0: 0x8000f438 (0x0000bfe5) c.j     pc - 8
core   0: 3 0x8000f438 (0xbfe5)
core   0: 0x8000f430 (0x00002f17) auipc   t5, 0x2
core   0: 3 0x8000f430 (0x00002f17) x30 0x80011430
core   0: 0x8000f434 (0xbc3f2823) sw      gp, -1072(t5)
core   0: 3 0x8000f434 (0xbc3f2823) mem 0x80011000 0x00000001
core   0: 0x8000f438 (0x0000bfe5) c.j     pc - 8
core   0: 3 0x8000f438 (0xbfe5)
core   0: 0x8000f430 (0x00002f17) auipc   t5, 0x2
core   0: 3 0x8000f430 (0x00002f17) x30 0x80011430
core   0: 0x8000f434 (0xbc3f2823) sw      gp, -1072(t5)
core   0: 3 0x8000f434 (0xbc3f2823) mem 0x80011000 0x00000001
core   0: 0x8000f438 (0x0000bfe5) c.j     pc - 8
core   0: 3 0x8000f438 (0xbfe5)
core   0: 0x8000f430 (0x00002f17) auipc   t5, 0x2
core   0: 3 0x8000f430 (0x00002f17) x30 0x80011430
core   0: 0x8000f434 (0xbc3f2823) sw      gp, -1072(t5)
core   0: 3 0x8000f434 (0xbc3f2823) mem 0x80011000 0x00000001
core   0: 0x8000f438 (0x0000bfe5) c.j     pc - 8
core   0: 3 0x8000f438 (0xbfe5)
core   0: 0x8000f430 (0x00002f17) auipc   t5, 0x2
core   0: 3 0x8000f430 (0x00002f17) x30 0x80011430
core   0: 0x8000f434 (0xbc3f2823) sw      gp, -1072(t5)
core   0: 3 0x8000f434 (0xbc3f2823) mem 0x80011000 0x00000001
core   0: 0x8000f438 (0x0000bfe5) c.j     pc - 8
core   0: 3 0x8000f438 (0xbfe5)
core   0: 0x8000f430 (0x00002f17) auipc   t5, 0x2
core   0: 3 0x8000f430 (0x00002f17) x30 0x80011430
core   0: 0x8000f434 (0xbc3f2823) sw      gp, -1072(t5)
core   0: 3 0x8000f434 (0xbc3f2823) mem 0x80011000 0x00000001
core   0: 0x8000f438 (0x0000bfe5) c.j     pc - 8
core   0: 3 0x8000f438 (0xbfe5)
core   0: 0x8000f430 (0x00002f17) auipc   t5, 0x2
core   0: 3 0x8000f430 (0x00002f17) x30 0x80011430
core   0: 0x8000f434 (0xbc3f2823) sw      gp, -1072(t5)
core   0: 3 0x8000f434 (0xbc3f2823) mem 0x80011000 0x00000001
core   0: 0x8000f438 (0x0000bfe5) c.j     pc - 8
core   0: 3 0x8000f438 (0xbfe5)
core   0: 0x8000f430 (0x00002f17) auipc   t5, 0x2
core   0: 3 0x8000f430 (0x00002f17) x30 0x80011430
core   0: 0x8000f434 (0xbc3f2823) sw      gp, -1072(t5)
core   0: 3 0x8000f434 (0xbc3f2823) mem 0x80011000 0x00000001
core   0: 0x8000f438 (0x0000bfe5) c.j     pc - 8
core   0: 3 0x8000f438 (0xbfe5)
core   0: 0x8000f430 (0x00002f17) auipc   t5, 0x2
core   0: 3 0x8000f430 (0x00002f17) x30 0x80011430
core   0: 0x8000f434 (0xbc3f2823) sw      gp, -1072(t5)
core   0: 3 0x8000f434 (0xbc3f2823) mem 0x80011000 0x00000001
core   0: 0x8000f438 (0x0000bfe5) c.j     pc - 8
core   0: 3 0x8000f438 (0xbfe5)
core   0: 0x8000f430 (0x00002f17) auipc   t5, 0x2
core   0: 3 0x8000f430 (0x00002f17) x30 0x80011430
core   0: 0x8000f434 (0xbc3f2823) sw      gp, -1072(t5)
core   0: 3 0x8000f434 (0xbc3f2823) mem 0x80011000 0x00000001
core   0: 0x8000f438 (0x0000bfe5) c.j     pc - 8
core   0: 3 0x8000f438 (0xbfe5)
core   0: 0x8000f430 (0x00002f17) auipc   t5, 0x2
core   0: 3 0x8000f430 (0x00002f17) x30 0x80011430
core   0: 0x8000f434 (0xbc3f2823) sw      gp, -1072(t5)
core   0: 3 0x8000f434 (0xbc3f2823) mem 0x80011000 0x00000001
core   0: 0x8000f438 (0x0000bfe5) c.j     pc - 8
core   0: 3 0x8000f438 (0xbfe5)
core   0: 0x8000f430 (0x00002f17) auipc   t5, 0x2
core   0: 3 0x8000f430 (0x00002f17) x30 0x80011430
core   0: 0x8000f434 (0xbc3f2823) sw      gp, -1072(t5)
core   0: 3 0x8000f434 (0xbc3f2823) mem 0x80011000 0x00000001
core   0: 0x8000f438 (0x0000bfe5) c.j     pc - 8
core   0: 3 0x8000f438 (0xbfe5)
core   0: 0x8000f430 (0x00002f17) auipc   t5, 0x2
core   0: 3 0x8000f430 (0x00002f17) x30 0x80011430
core   0: 0x8000f434 (0xbc3f2823) sw      gp, -1072(t5)
core   0: 3 0x8000f434 (0xbc3f2823) mem 0x80011000 0x00000001
core   0: 0x8000f438 (0x0000bfe5) c.j     pc - 8
core   0: 3 0x8000f438 (0xbfe5)
core   0: 0x8000f430 (0x00002f17) auipc   t5, 0x2
core   0: 3 0x8000f430 (0x00002f17) x30 0x80011430
core   0: 0x8000f434 (0xbc3f2823) sw      gp, -1072(t5)
core   0: 3 0x8000f434 (0xbc3f2823) mem 0x80011000 0x00000001
core   0: 0x8000f438 (0x0000bfe5) c.j     pc - 8
core   0: 3 0x8000f438 (0xbfe5)
core   0: 0x8000f430 (0x00002f17) auipc   t5, 0x2
core   0: 3 0x8000f430 (0x00002f17) x30 0x80011430
core   0: 0x8000f434 (0xbc3f2823) sw      gp, -1072(t5)
core   0: 3 0x8000f434 (0xbc3f2823) mem 0x80011000 0x00000001
core   0: 0x8000f438 (0x0000bfe5) c.j     pc - 8
core   0: 3 0x8000f438 (0xbfe5)
core   0: 0x8000f430 (0x00002f17) auipc   t5, 0x2
core   0: 3 0x8000f430 (0x00002f17) x30 0x80011430
core   0: 0x8000f434 (0xbc3f2823) sw      gp, -1072(t5)
core   0: 3 0x8000f434 (0xbc3f2823) mem 0x80011000 0x00000001
core   0: 0x8000f438 (0x0000bfe5) c.j     pc - 8
core   0: 3 0x8000f438 (0xbfe5)
core   0: 0x8000f430 (0x00002f17) auipc   t5, 0x2
core   0: 3 0x8000f430 (0x00002f17) x30 0x80011430
core   0: 0x8000f434 (0xbc3f2823) sw      gp, -1072(t5)
core   0: 3 0x8000f434 (0xbc3f2823) mem 0x80011000 0x00000001
core   0: 0x8000f438 (0x0000bfe5) c.j     pc - 8
core   0: 3 0x8000f438 (0xbfe5)
core   0: 0x8000f430 (0x00002f17) auipc   t5, 0x2
core   0: 3 0x8000f430 (0x00002f17) x30 0x80011430
core   0: 0x8000f434 (0xbc3f2823) sw      gp, -1072(t5)
core   0: 3 0x8000f434 (0xbc3f2823) mem 0x80011000 0x00000001
core   0: 0x8000f438 (0x0000bfe5) c.j     pc - 8
core   0: 3 0x8000f438 (0xbfe5)
core   0: 0x8000f430 (0x00002f17) auipc   t5, 0x2
core   0: 3 0x8000f430 (0x00002f17) x30 0x80011430
core   0: 0x8000f434 (0xbc3f2823) sw      gp, -1072(t5)
core   0: 3 0x8000f434 (0xbc3f2823) mem 0x80011000 0x00000001
core   0: 0x8000f438 (0x0000bfe5) c.j     pc - 8
core   0: 3 0x8000f438 (0xbfe5)
core   0: 0x8000f430 (0x00002f17) auipc   t5, 0x2
core   0: 3 0x8000f430 (0x00002f17) x30 0x80011430
core   0: 0x8000f434 (0xbc3f2823) sw      gp, -1072(t5)
core   0: 3 0x8000f434 (0xbc3f2823) mem 0x80011000 0x00000001
core   0: 0x8000f438 (0x0000bfe5) c.j     pc - 8
core   0: 3 0x8000f438 (0xbfe5)
core   0: 0x8000f430 (0x00002f17) auipc   t5, 0x2
core   0: 3 0x8000f430 (0x00002f17) x30 0x80011430
core   0: 0x8000f434 (0xbc3f2823) sw      gp, -1072(t5)
core   0: 3 0x8000f434 (0xbc3f2823) mem 0x80011000 0x00000001
core   0: 0x8000f438 (0x0000bfe5) c.j     pc - 8
core   0: 3 0x8000f438 (0xbfe5)
core   0: 0x8000f430 (0x00002f17) auipc   t5, 0x2
core   0: 3 0x8000f430 (0x00002f17) x30 0x80011430
core   0: 0x8000f434 (0xbc3f2823) sw      gp, -1072(t5)
core   0: 3 0x8000f434 (0xbc3f2823) mem 0x80011000 0x00000001
core   0: 0x8000f438 (0x0000bfe5) c.j     pc - 8
core   0: 3 0x8000f438 (0xbfe5)
core   0: 0x8000f430 (0x00002f17) auipc   t5, 0x2
core   0: 3 0x8000f430 (0x00002f17) x30 0x80011430
core   0: 0x8000f434 (0xbc3f2823) sw      gp, -1072(t5)
core   0: 3 0x8000f434 (0xbc3f2823) mem 0x80011000 0x00000001
core   0: 0x8000f438 (0x0000bfe5) c.j     pc - 8
core   0: 3 0x8000f438 (0xbfe5)
core   0: 0x8000f430 (0x00002f17) auipc   t5, 0x2
core   0: 3 0x8000f430 (0x00002f17) x30 0x80011430
core   0: 0x8000f434 (0xbc3f2823) sw      gp, -1072(t5)
core   0: 3 0x8000f434 (0xbc3f2823) mem 0x80011000 0x00000001
core   0: 0x8000f438 (0x0000bfe5) c.j     pc - 8
core   0: 3 0x8000f438 (0xbfe5)
core   0: 0x8000f430 (0x00002f17) auipc   t5, 0x2
core   0: 3 0x8000f430 (0x00002f17) x30 0x80011430
core   0: 0x8000f434 (0xbc3f2823) sw      gp, -1072(t5)
core   0: 3 0x8000f434 (0xbc3f2823) mem 0x80011000 0x00000001
core   0: 0x8000f438 (0x0000bfe5) c.j     pc - 8
core   0: 3 0x8000f438 (0xbfe5)
core   0: 0x8000f430 (0x00002f17) auipc   t5, 0x2
core   0: 3 0x8000f430 (0x00002f17) x30 0x80011430
core   0: 0x8000f434 (0xbc3f2823) sw      gp, -1072(t5)
core   0: 3 0x8000f434 (0xbc3f2823) mem 0x80011000 0x00000001
core   0: 0x8000f438 (0x0000bfe5) c.j     pc - 8
core   0: 3 0x8000f438 (0xbfe5)
core   0: 0x8000f430 (0x00002f17) auipc   t5, 0x2
core   0: 3 0x8000f430 (0x00002f17) x30 0x80011430
core   0: 0x8000f434 (0xbc3f2823) sw      gp, -1072(t5)
core   0: 3 0x8000f434 (0xbc3f2823) mem 0x80011000 0x00000001
core   0: 0x8000f438 (0x0000bfe5) c.j     pc - 8
core   0: 3 0x8000f438 (0xbfe5)
core   0: 0x8000f430 (0x00002f17) auipc   t5, 0x2
core   0: 3 0x8000f430 (0x00002f17) x30 0x80011430
core   0: 0x8000f434 (0xbc3f2823) sw      gp, -1072(t5)
core   0: 3 0x8000f434 (0xbc3f2823) mem 0x80011000 0x00000001
core   0: 0x8000f438 (0x0000bfe5) c.j     pc - 8
core   0: 3 0x8000f438 (0xbfe5)
core   0: 0x8000f430 (0x00002f17) auipc   t5, 0x2
core   0: 3 0x8000f430 (0x00002f17) x30 0x80011430
core   0: 0x8000f434 (0xbc3f2823) sw      gp, -1072(t5)
core   0: 3 0x8000f434 (0xbc3f2823) mem 0x80011000 0x00000001
core   0: 0x8000f438 (0x0000bfe5) c.j     pc - 8
core   0: 3 0x8000f438 (0xbfe5)
core   0: 0x8000f430 (0x00002f17) auipc   t5, 0x2
core   0: 3 0x8000f430 (0x00002f17) x30 0x80011430
core   0: 0x8000f434 (0xbc3f2823) sw      gp, -1072(t5)
core   0: 3 0x8000f434 (0xbc3f2823) mem 0x80011000 0x00000001
core   0: 0x8000f438 (0x0000bfe5) c.j     pc - 8
core   0: 3 0x8000f438 (0xbfe5)
core   0: 0x8000f430 (0x00002f17) auipc   t5, 0x2
core   0: 3 0x8000f430 (0x00002f17) x30 0x80011430
core   0: 0x8000f434 (0xbc3f2823) sw      gp, -1072(t5)
core   0: 3 0x8000f434 (0xbc3f2823) mem 0x80011000 0x00000001
core   0: 0x8000f438 (0x0000bfe5) c.j     pc - 8
core   0: 3 0x8000f438 (0xbfe5)
core   0: 0x8000f430 (0x00002f17) auipc   t5, 0x2
core   0: 3 0x8000f430 (0x00002f17) x30 0x80011430
core   0: 0x8000f434 (0xbc3f2823) sw      gp, -1072(t5)
core   0: 3 0x8000f434 (0xbc3f2823) mem 0x80011000 0x00000001
core   0: 0x8000f438 (0x0000bfe5) c.j     pc - 8
core   0: 3 0x8000f438 (0xbfe5)
core   0: 0x8000f430 (0x00002f17) auipc   t5, 0x2
core   0: 3 0x8000f430 (0x00002f17) x30 0x80011430
core   0: 0x8000f434 (0xbc3f2823) sw      gp, -1072(t5)
core   0: 3 0x8000f434 (0xbc3f2823) mem 0x80011000 0x00000001
core   0: 0x8000f438 (0x0000bfe5) c.j     pc - 8
core   0: 3 0x8000f438 (0xbfe5)
core   0: 0x8000f430 (0x00002f17) auipc   t5, 0x2
core   0: 3 0x8000f430 (0x00002f17) x30 0x80011430
core   0: 0x8000f434 (0xbc3f2823) sw      gp, -1072(t5)
core   0: 3 0x8000f434 (0xbc3f2823) mem 0x80011000 0x00000001
core   0: 0x8000f438 (0x0000bfe5) c.j     pc - 8
core   0: 3 0x8000f438 (0xbfe5)
core   0: 0x8000f430 (0x00002f17) auipc   t5, 0x2
core   0: 3 0x8000f430 (0x00002f17) x30 0x80011430
core   0: 0x8000f434 (0xbc3f2823) sw      gp, -1072(t5)
core   0: 3 0x8000f434 (0xbc3f2823) mem 0x80011000 0x00000001
core   0: 0x8000f438 (0x0000bfe5) c.j     pc - 8
core   0: 3 0x8000f438 (0xbfe5)
core   0: 0x8000f430 (0x00002f17) auipc   t5, 0x2
core   0: 3 0x8000f430 (0x00002f17) x30 0x80011430
core   0: 0x8000f434 (0xbc3f2823) sw      gp, -1072(t5)
core   0: 3 0x8000f434 (0xbc3f2823) mem 0x80011000 0x00000001
core   0: 0x8000f438 (0x0000bfe5) c.j     pc - 8
core   0: 3 0x8000f438 (0xbfe5)
core   0: 0x8000f430 (0x00002f17) auipc   t5, 0x2
core   0: 3 0x8000f430 (0x00002f17) x30 0x80011430
core   0: 0x8000f434 (0xbc3f2823) sw      gp, -1072(t5)
core   0: 3 0x8000f434 (0xbc3f2823) mem 0x80011000 0x00000001
core   0: 0x8000f438 (0x0000bfe5) c.j     pc - 8
core   0: 3 0x8000f438 (0xbfe5)
core   0: 0x8000f430 (0x00002f17) auipc   t5, 0x2
core   0: 3 0x8000f430 (0x00002f17) x30 0x80011430
core   0: 0x8000f434 (0xbc3f2823) sw      gp, -1072(t5)
core   0: 3 0x8000f434 (0xbc3f2823) mem 0x80011000 0x00000001
core   0: 0x8000f438 (0x0000bfe5) c.j     pc - 8
core   0: 3 0x8000f438 (0xbfe5)
core   0: 0x8000f430 (0x00002f17) auipc   t5, 0x2
core   0: 3 0x8000f430 (0x00002f17) x30 0x80011430
core   0: 0x8000f434 (0xbc3f2823) sw      gp, -1072(t5)
core   0: 3 0x8000f434 (0xbc3f2823) mem 0x80011000 0x00000001
core   0: 0x8000f438 (0x0000bfe5) c.j     pc - 8
core   0: 3 0x8000f438 (0xbfe5)
core   0: 0x8000f430 (0x00002f17) auipc   t5, 0x2
core   0: 3 0x8000f430 (0x00002f17) x30 0x80011430
core   0: 0x8000f434 (0xbc3f2823) sw      gp, -1072(t5)
core   0: 3 0x8000f434 (0xbc3f2823) mem 0x80011000 0x00000001
core   0: 0x8000f438 (0x0000bfe5) c.j     pc - 8
core   0: 3 0x8000f438 (0xbfe5)
core   0: 0x8000f430 (0x00002f17) auipc   t5, 0x2
core   0: 3 0x8000f430 (0x00002f17) x30 0x80011430
core   0: 0x8000f434 (0xbc3f2823) sw      gp, -1072(t5)
core   0: 3 0x8000f434 (0xbc3f2823) mem 0x80011000 0x00000001
core   0: 0x8000f438 (0x0000bfe5) c.j     pc - 8
core   0: 3 0x8000f438 (0xbfe5)
core   0: 0x8000f430 (0x00002f17) auipc   t5, 0x2
core   0: 3 0x8000f430 (0x00002f17) x30 0x80011430
core   0: 0x8000f434 (0xbc3f2823) sw      gp, -1072(t5)
core   0: 3 0x8000f434 (0xbc3f2823) mem 0x80011000 0x00000001
core   0: 0x8000f438 (0x0000bfe5) c.j     pc - 8
core   0: 3 0x8000f438 (0xbfe5)
core   0: 0x8000f430 (0x00002f17) auipc   t5, 0x2
core   0: 3 0x8000f430 (0x00002f17) x30 0x80011430
core   0: 0x8000f434 (0xbc3f2823) sw      gp, -1072(t5)
core   0: 3 0x8000f434 (0xbc3f2823) mem 0x80011000 0x00000001
core   0: 0x8000f438 (0x0000bfe5) c.j     pc - 8
core   0: 3 0x8000f438 (0xbfe5)
core   0: 0x8000f430 (0x00002f17) auipc   t5, 0x2
core   0: 3 0x8000f430 (0x00002f17) x30 0x80011430
core   0: 0x8000f434 (0xbc3f2823) sw      gp, -1072(t5)
core   0: 3 0x8000f434 (0xbc3f2823) mem 0x80011000 0x00000001
core   0: 0x8000f438 (0x0000bfe5) c.j     pc - 8
core   0: 3 0x8000f438 (0xbfe5)
core   0: 0x8000f430 (0x00002f17) auipc   t5, 0x2
core   0: 3 0x8000f430 (0x00002f17) x30 0x80011430
core   0: 0x8000f434 (0xbc3f2823) sw      gp, -1072(t5)
core   0: 3 0x8000f434 (0xbc3f2823) mem 0x80011000 0x00000001
core   0: 0x8000f438 (0x0000bfe5) c.j     pc - 8
core   0: 3 0x8000f438 (0xbfe5)
core   0: 0x8000f430 (0x00002f17) auipc   t5, 0x2
core   0: 3 0x8000f430 (0x00002f17) x30 0x80011430
core   0: 0x8000f434 (0xbc3f2823) sw      gp, -1072(t5)
core   0: 3 0x8000f434 (0xbc3f2823) mem 0x80011000 0x00000001
core   0: 0x8000f438 (0x0000bfe5) c.j     pc - 8
core   0: 3 0x8000f438 (0xbfe5)
core   0: 0x8000f430 (0x00002f17) auipc   t5, 0x2
core   0: 3 0x8000f430 (0x00002f17) x30 0x80011430
core   0: 0x8000f434 (0xbc3f2823) sw      gp, -1072(t5)
core   0: 3 0x8000f434 (0xbc3f2823) mem 0x80011000 0x00000001
core   0: 0x8000f438 (0x0000bfe5) c.j     pc - 8
core   0: 3 0x8000f438 (0xbfe5)
core   0: 0x8000f430 (0x00002f17) auipc   t5, 0x2
core   0: 3 0x8000f430 (0x00002f17) x30 0x80011430
core   0: 0x8000f434 (0xbc3f2823) sw      gp, -1072(t5)
core   0: 3 0x8000f434 (0xbc3f2823) mem 0x80011000 0x00000001
core   0: 0x8000f438 (0x0000bfe5) c.j     pc - 8
core   0: 3 0x8000f438 (0xbfe5)
core   0: 0x8000f430 (0x00002f17) auipc   t5, 0x2
core   0: 3 0x8000f430 (0x00002f17) x30 0x80011430
core   0: 0x8000f434 (0xbc3f2823) sw      gp, -1072(t5)
core   0: 3 0x8000f434 (0xbc3f2823) mem 0x80011000 0x00000001
core   0: 0x8000f438 (0x0000bfe5) c.j     pc - 8
core   0: 3 0x8000f438 (0xbfe5)
core   0: 0x8000f430 (0x00002f17) auipc   t5, 0x2
core   0: 3 0x8000f430 (0x00002f17) x30 0x80011430
core   0: 0x8000f434 (0xbc3f2823) sw      gp, -1072(t5)
core   0: 3 0x8000f434 (0xbc3f2823) mem 0x80011000 0x00000001
core   0: 0x8000f438 (0x0000bfe5) c.j     pc - 8
core   0: 3 0x8000f438 (0xbfe5)
core   0: 0x8000f430 (0x00002f17) auipc   t5, 0x2
core   0: 3 0x8000f430 (0x00002f17) x30 0x80011430
core   0: 0x8000f434 (0xbc3f2823) sw      gp, -1072(t5)
core   0: 3 0x8000f434 (0xbc3f2823) mem 0x80011000 0x00000001
core   0: 0x8000f438 (0x0000bfe5) c.j     pc - 8
core   0: 3 0x8000f438 (0xbfe5)
core   0: 0x8000f430 (0x00002f17) auipc   t5, 0x2
core   0: 3 0x8000f430 (0x00002f17) x30 0x80011430
core   0: 0x8000f434 (0xbc3f2823) sw      gp, -1072(t5)
core   0: 3 0x8000f434 (0xbc3f2823) mem 0x80011000 0x00000001
core   0: 0x8000f438 (0x0000bfe5) c.j     pc - 8
core   0: 3 0x8000f438 (0xbfe5)
core   0: 0x8000f430 (0x00002f17) auipc   t5, 0x2
core   0: 3 0x8000f430 (0x00002f17) x30 0x80011430
core   0: 0x8000f434 (0xbc3f2823) sw      gp, -1072(t5)
core   0: 3 0x8000f434 (0xbc3f2823) mem 0x80011000 0x00000001
core   0: 0x8000f438 (0x0000bfe5) c.j     pc - 8
core   0: 3 0x8000f438 (0xbfe5)
core   0: 0x8000f430 (0x00002f17) auipc   t5, 0x2
core   0: 3 0x8000f430 (0x00002f17) x30 0x80011430
core   0: 0x8000f434 (0xbc3f2823) sw      gp, -1072(t5)
core   0: 3 0x8000f434 (0xbc3f2823) mem 0x80011000 0x00000001
core   0: 0x8000f438 (0x0000bfe5) c.j     pc - 8
core   0: 3 0x8000f438 (0xbfe5)
core   0: 0x8000f430 (0x00002f17) auipc   t5, 0x2
core   0: 3 0x8000f430 (0x00002f17) x30 0x80011430
core   0: 0x8000f434 (0xbc3f2823) sw      gp, -1072(t5)
core   0: 3 0x8000f434 (0xbc3f2823) mem 0x80011000 0x00000001
core   0: 0x8000f438 (0x0000bfe5) c.j     pc - 8
core   0: 3 0x8000f438 (0xbfe5)
core   0: 0x8000f430 (0x00002f17) auipc   t5, 0x2
core   0: 3 0x8000f430 (0x00002f17) x30 0x80011430
core   0: 0x8000f434 (0xbc3f2823) sw      gp, -1072(t5)
core   0: 3 0x8000f434 (0xbc3f2823) mem 0x80011000 0x00000001
core   0: 0x8000f438 (0x0000bfe5) c.j     pc - 8
core   0: 3 0x8000f438 (0xbfe5)
core   0: 0x8000f430 (0x00002f17) auipc   t5, 0x2
core   0: 3 0x8000f430 (0x00002f17) x30 0x80011430
core   0: 0x8000f434 (0xbc3f2823) sw      gp, -1072(t5)
core   0: 3 0x8000f434 (0xbc3f2823) mem 0x80011000 0x00000001
core   0: 0x8000f438 (0x0000bfe5) c.j     pc - 8
core   0: 3 0x8000f438 (0xbfe5)
core   0: 0x8000f430 (0x00002f17) auipc   t5, 0x2
core   0: 3 0x8000f430 (0x00002f17) x30 0x80011430
core   0: 0x8000f434 (0xbc3f2823) sw      gp, -1072(t5)
core   0: 3 0x8000f434 (0xbc3f2823) mem 0x80011000 0x00000001
core   0: 0x8000f438 (0x0000bfe5) c.j     pc - 8
core   0: 3 0x8000f438 (0xbfe5)
core   0: 0x8000f430 (0x00002f17) auipc   t5, 0x2
core   0: 3 0x8000f430 (0x00002f17) x30 0x80011430
core   0: 0x8000f434 (0xbc3f2823) sw      gp, -1072(t5)
core   0: 3 0x8000f434 (0xbc3f2823) mem 0x80011000 0x00000001
core   0: 0x8000f438 (0x0000bfe5) c.j     pc - 8
core   0: 3 0x8000f438 (0xbfe5)
core   0: 0x8000f430 (0x00002f17) auipc   t5, 0x2
core   0: 3 0x8000f430 (0x00002f17) x30 0x80011430
core   0: 0x8000f434 (0xbc3f2823) sw      gp, -1072(t5)
core   0: 3 0x8000f434 (0xbc3f2823) mem 0x80011000 0x00000001
core   0: 0x8000f438 (0x0000bfe5) c.j     pc - 8
core   0: 3 0x8000f438 (0xbfe5)
core   0: 0x8000f430 (0x00002f17) auipc   t5, 0x2
core   0: 3 0x8000f430 (0x00002f17) x30 0x80011430
core   0: 0x8000f434 (0xbc3f2823) sw      gp, -1072(t5)
core   0: 3 0x8000f434 (0xbc3f2823) mem 0x80011000 0x00000001
core   0: 0x8000f438 (0x0000bfe5) c.j     pc - 8
core   0: 3 0x8000f438 (0xbfe5)
core   0: 0x8000f430 (0x00002f17) auipc   t5, 0x2
core   0: 3 0x8000f430 (0x00002f17) x30 0x80011430
core   0: 0x8000f434 (0xbc3f2823) sw      gp, -1072(t5)
core   0: 3 0x8000f434 (0xbc3f2823) mem 0x80011000 0x00000001
core   0: 0x8000f438 (0x0000bfe5) c.j     pc - 8
core   0: 3 0x8000f438 (0xbfe5)
core   0: 0x8000f430 (0x00002f17) auipc   t5, 0x2
core   0: 3 0x8000f430 (0x00002f17) x30 0x80011430
core   0: 0x8000f434 (0xbc3f2823) sw      gp, -1072(t5)
core   0: 3 0x8000f434 (0xbc3f2823) mem 0x80011000 0x00000001
core   0: 0x8000f438 (0x0000bfe5) c.j     pc - 8
core   0: 3 0x8000f438 (0xbfe5)
core   0: 0x8000f430 (0x00002f17) auipc   t5, 0x2
core   0: 3 0x8000f430 (0x00002f17) x30 0x80011430
core   0: 0x8000f434 (0xbc3f2823) sw      gp, -1072(t5)
core   0: 3 0x8000f434 (0xbc3f2823) mem 0x80011000 0x00000001
core   0: 0x8000f438 (0x0000bfe5) c.j     pc - 8
core   0: 3 0x8000f438 (0xbfe5)
core   0: 0x8000f430 (0x00002f17) auipc   t5, 0x2
core   0: 3 0x8000f430 (0x00002f17) x30 0x80011430
core   0: 0x8000f434 (0xbc3f2823) sw      gp, -1072(t5)
core   0: 3 0x8000f434 (0xbc3f2823) mem 0x80011000 0x00000001
core   0: 0x8000f438 (0x0000bfe5) c.j     pc - 8
core   0: 3 0x8000f438 (0xbfe5)
core   0: 0x8000f430 (0x00002f17) auipc   t5, 0x2
core   0: 3 0x8000f430 (0x00002f17) x30 0x80011430
core   0: 0x8000f434 (0xbc3f2823) sw      gp, -1072(t5)
core   0: 3 0x8000f434 (0xbc3f2823) mem 0x80011000 0x00000001
core   0: 0x8000f438 (0x0000bfe5) c.j     pc - 8
core   0: 3 0x8000f438 (0xbfe5)
core   0: 0x8000f430 (0x00002f17) auipc   t5, 0x2
core   0: 3 0x8000f430 (0x00002f17) x30 0x80011430
core   0: 0x8000f434 (0xbc3f2823) sw      gp, -1072(t5)
core   0: 3 0x8000f434 (0xbc3f2823) mem 0x80011000 0x00000001
core   0: 0x8000f438 (0x0000bfe5) c.j     pc - 8
core   0: 3 0x8000f438 (0xbfe5)
core   0: 0x8000f430 (0x00002f17) auipc   t5, 0x2
core   0: 3 0x8000f430 (0x00002f17) x30 0x80011430
core   0: 0x8000f434 (0xbc3f2823) sw      gp, -1072(t5)
core   0: 3 0x8000f434 (0xbc3f2823) mem 0x80011000 0x00000001
core   0: 0x8000f438 (0x0000bfe5) c.j     pc - 8
core   0: 3 0x8000f438 (0xbfe5)
core   0: 0x8000f430 (0x00002f17) auipc   t5, 0x2
core   0: 3 0x8000f430 (0x00002f17) x30 0x80011430
core   0: 0x8000f434 (0xbc3f2823) sw      gp, -1072(t5)
core   0: 3 0x8000f434 (0xbc3f2823) mem 0x80011000 0x00000001
core   0: 0x8000f438 (0x0000bfe5) c.j     pc - 8
core   0: 3 0x8000f438 (0xbfe5)
core   0: 0x8000f430 (0x00002f17) auipc   t5, 0x2
core   0: 3 0x8000f430 (0x00002f17) x30 0x80011430
core   0: 0x8000f434 (0xbc3f2823) sw      gp, -1072(t5)
core   0: 3 0x8000f434 (0xbc3f2823) mem 0x80011000 0x00000001
core   0: 0x8000f438 (0x0000bfe5) c.j     pc - 8
core   0: 3 0x8000f438 (0xbfe5)
core   0: 0x8000f430 (0x00002f17) auipc   t5, 0x2
core   0: 3 0x8000f430 (0x00002f17) x30 0x80011430
core   0: 0x8000f434 (0xbc3f2823) sw      gp, -1072(t5)
core   0: 3 0x8000f434 (0xbc3f2823) mem 0x80011000 0x00000001
core   0: 0x8000f438 (0x0000bfe5) c.j     pc - 8
core   0: 3 0x8000f438 (0xbfe5)
core   0: 0x8000f430 (0x00002f17) auipc   t5, 0x2
core   0: 3 0x8000f430 (0x00002f17) x30 0x80011430
core   0: 0x8000f434 (0xbc3f2823) sw      gp, -1072(t5)
core   0: 3 0x8000f434 (0xbc3f2823) mem 0x80011000 0x00000001
core   0: 0x8000f438 (0x0000bfe5) c.j     pc - 8
core   0: 3 0x8000f438 (0xbfe5)
core   0: 0x8000f430 (0x00002f17) auipc   t5, 0x2
core   0: 3 0x8000f430 (0x00002f17) x30 0x80011430
core   0: 0x8000f434 (0xbc3f2823) sw      gp, -1072(t5)
core   0: 3 0x8000f434 (0xbc3f2823) mem 0x80011000 0x00000001
core   0: 0x8000f438 (0x0000bfe5) c.j     pc - 8
core   0: 3 0x8000f438 (0xbfe5)
core   0: 0x8000f430 (0x00002f17) auipc   t5, 0x2
core   0: 3 0x8000f430 (0x00002f17) x30 0x80011430
core   0: 0x8000f434 (0xbc3f2823) sw      gp, -1072(t5)
core   0: 3 0x8000f434 (0xbc3f2823) mem 0x80011000 0x00000001
core   0: 0x8000f438 (0x0000bfe5) c.j     pc - 8
core   0: 3 0x8000f438 (0xbfe5)
core   0: 0x8000f430 (0x00002f17) auipc   t5, 0x2
core   0: 3 0x8000f430 (0x00002f17) x30 0x80011430
core   0: 0x8000f434 (0xbc3f2823) sw      gp, -1072(t5)
core   0: 3 0x8000f434 (0xbc3f2823) mem 0x80011000 0x00000001
core   0: 0x8000f438 (0x0000bfe5) c.j     pc - 8
core   0: 3 0x8000f438 (0xbfe5)
core   0: 0x8000f430 (0x00002f17) auipc   t5, 0x2
core   0: 3 0x8000f430 (0x00002f17) x30 0x80011430
core   0: 0x8000f434 (0xbc3f2823) sw      gp, -1072(t5)
core   0: 3 0x8000f434 (0xbc3f2823) mem 0x80011000 0x00000001
core   0: 0x8000f438 (0x0000bfe5) c.j     pc - 8
core   0: 3 0x8000f438 (0xbfe5)
core   0: 0x8000f430 (0x00002f17) auipc   t5, 0x2
core   0: 3 0x8000f430 (0x00002f17) x30 0x80011430
core   0: 0x8000f434 (0xbc3f2823) sw      gp, -1072(t5)
core   0: 3 0x8000f434 (0xbc3f2823) mem 0x80011000 0x00000001
core   0: 0x8000f438 (0x0000bfe5) c.j     pc - 8
core   0: 3 0x8000f438 (0xbfe5)
core   0: 0x8000f430 (0x00002f17) auipc   t5, 0x2
core   0: 3 0x8000f430 (0x00002f17) x30 0x80011430
core   0: 0x8000f434 (0xbc3f2823) sw      gp, -1072(t5)
core   0: 3 0x8000f434 (0xbc3f2823) mem 0x80011000 0x00000001
core   0: 0x8000f438 (0x0000bfe5) c.j     pc - 8
core   0: 3 0x8000f438 (0xbfe5)
core   0: 0x8000f430 (0x00002f17) auipc   t5, 0x2
core   0: 3 0x8000f430 (0x00002f17) x30 0x80011430
core   0: 0x8000f434 (0xbc3f2823) sw      gp, -1072(t5)
core   0: 3 0x8000f434 (0xbc3f2823) mem 0x80011000 0x00000001
core   0: 0x8000f438 (0x0000bfe5) c.j     pc - 8
core   0: 3 0x8000f438 (0xbfe5)
core   0: 0x8000f430 (0x00002f17) auipc   t5, 0x2
core   0: 3 0x8000f430 (0x00002f17) x30 0x80011430
core   0: 0x8000f434 (0xbc3f2823) sw      gp, -1072(t5)
core   0: 3 0x8000f434 (0xbc3f2823) mem 0x80011000 0x00000001
core   0: 0x8000f438 (0x0000bfe5) c.j     pc - 8
core   0: 3 0x8000f438 (0xbfe5)
core   0: 0x8000f430 (0x00002f17) auipc   t5, 0x2
core   0: 3 0x8000f430 (0x00002f17) x30 0x80011430
core   0: 0x8000f434 (0xbc3f2823) sw      gp, -1072(t5)
core   0: 3 0x8000f434 (0xbc3f2823) mem 0x80011000 0x00000001
core   0: 0x8000f438 (0x0000bfe5) c.j     pc - 8
core   0: 3 0x8000f438 (0xbfe5)
core   0: 0x8000f430 (0x00002f17) auipc   t5, 0x2
core   0: 3 0x8000f430 (0x00002f17) x30 0x80011430
core   0: 0x8000f434 (0xbc3f2823) sw      gp, -1072(t5)
core   0: 3 0x8000f434 (0xbc3f2823) mem 0x80011000 0x00000001
core   0: 0x8000f438 (0x0000bfe5) c.j     pc - 8
core   0: 3 0x8000f438 (0xbfe5)
core   0: 0x8000f430 (0x00002f17) auipc   t5, 0x2
core   0: 3 0x8000f430 (0x00002f17) x30 0x80011430
core   0: 0x8000f434 (0xbc3f2823) sw      gp, -1072(t5)
core   0: 3 0x8000f434 (0xbc3f2823) mem 0x80011000 0x00000001
core   0: 0x8000f438 (0x0000bfe5) c.j     pc - 8
core   0: 3 0x8000f438 (0xbfe5)
core   0: 0x8000f430 (0x00002f17) auipc   t5, 0x2
core   0: 3 0x8000f430 (0x00002f17) x30 0x80011430
core   0: 0x8000f434 (0xbc3f2823) sw      gp, -1072(t5)
core   0: 3 0x8000f434 (0xbc3f2823) mem 0x80011000 0x00000001
core   0: 0x8000f438 (0x0000bfe5) c.j     pc - 8
core   0: 3 0x8000f438 (0xbfe5)
core   0: 0x8000f430 (0x00002f17) auipc   t5, 0x2
core   0: 3 0x8000f430 (0x00002f17) x30 0x80011430
core   0: 0x8000f434 (0xbc3f2823) sw      gp, -1072(t5)
core   0: 3 0x8000f434 (0xbc3f2823) mem 0x80011000 0x00000001
core   0: 0x8000f438 (0x0000bfe5) c.j     pc - 8
core   0: 3 0x8000f438 (0xbfe5)
core   0: 0x8000f430 (0x00002f17) auipc   t5, 0x2
core   0: 3 0x8000f430 (0x00002f17) x30 0x80011430
core   0: 0x8000f434 (0xbc3f2823) sw      gp, -1072(t5)
core   0: 3 0x8000f434 (0xbc3f2823) mem 0x80011000 0x00000001
core   0: 0x8000f438 (0x0000bfe5) c.j     pc - 8
core   0: 3 0x8000f438 (0xbfe5)
core   0: 0x8000f430 (0x00002f17) auipc   t5, 0x2
core   0: 3 0x8000f430 (0x00002f17) x30 0x80011430
core   0: 0x8000f434 (0xbc3f2823) sw      gp, -1072(t5)
core   0: 3 0x8000f434 (0xbc3f2823) mem 0x80011000 0x00000001
core   0: 0x8000f438 (0x0000bfe5) c.j     pc - 8
core   0: 3 0x8000f438 (0xbfe5)
core   0: 0x8000f430 (0x00002f17) auipc   t5, 0x2
core   0: 3 0x8000f430 (0x00002f17) x30 0x80011430
core   0: 0x8000f434 (0xbc3f2823) sw      gp, -1072(t5)
core   0: 3 0x8000f434 (0xbc3f2823) mem 0x80011000 0x00000001
core   0: 0x8000f438 (0x0000bfe5) c.j     pc - 8
core   0: 3 0x8000f438 (0xbfe5)
core   0: 0x8000f430 (0x00002f17) auipc   t5, 0x2
core   0: 3 0x8000f430 (0x00002f17) x30 0x80011430
core   0: 0x8000f434 (0xbc3f2823) sw      gp, -1072(t5)
core   0: 3 0x8000f434 (0xbc3f2823) mem 0x80011000 0x00000001
core   0: 0x8000f438 (0x0000bfe5) c.j     pc - 8
core   0: 3 0x8000f438 (0xbfe5)
core   0: 0x8000f430 (0x00002f17) auipc   t5, 0x2
core   0: 3 0x8000f430 (0x00002f17) x30 0x80011430
core   0: 0x8000f434 (0xbc3f2823) sw      gp, -1072(t5)
core   0: 3 0x8000f434 (0xbc3f2823) mem 0x80011000 0x00000001
core   0: 0x8000f438 (0x0000bfe5) c.j     pc - 8
core   0: 3 0x8000f438 (0xbfe5)
core   0: 0x8000f430 (0x00002f17) auipc   t5, 0x2
core   0: 3 0x8000f430 (0x00002f17) x30 0x80011430
core   0: 0x8000f434 (0xbc3f2823) sw      gp, -1072(t5)
core   0: 3 0x8000f434 (0xbc3f2823) mem 0x80011000 0x00000001
core   0: 0x8000f438 (0x0000bfe5) c.j     pc - 8
core   0: 3 0x8000f438 (0xbfe5)
core   0: 0x8000f430 (0x00002f17) auipc   t5, 0x2
core   0: 3 0x8000f430 (0x00002f17) x30 0x80011430
core   0: 0x8000f434 (0xbc3f2823) sw      gp, -1072(t5)
core   0: 3 0x8000f434 (0xbc3f2823) mem 0x80011000 0x00000001
core   0: 0x8000f438 (0x0000bfe5) c.j     pc - 8
core   0: 3 0x8000f438 (0xbfe5)
core   0: 0x8000f430 (0x00002f17) auipc   t5, 0x2
core   0: 3 0x8000f430 (0x00002f17) x30 0x80011430
core   0: 0x8000f434 (0xbc3f2823) sw      gp, -1072(t5)
core   0: 3 0x8000f434 (0xbc3f2823) mem 0x80011000 0x00000001
core   0: 0x8000f438 (0x0000bfe5) c.j     pc - 8
core   0: 3 0x8000f438 (0xbfe5)
core   0: 0x8000f430 (0x00002f17) auipc   t5, 0x2
core   0: 3 0x8000f430 (0x00002f17) x30 0x80011430
core   0: 0x8000f434 (0xbc3f2823) sw      gp, -1072(t5)
core   0: 3 0x8000f434 (0xbc3f2823) mem 0x80011000 0x00000001
core   0: 0x8000f438 (0x0000bfe5) c.j     pc - 8
core   0: 3 0x8000f438 (0xbfe5)
core   0: 0x8000f430 (0x00002f17) auipc   t5, 0x2
core   0: 3 0x8000f430 (0x00002f17) x30 0x80011430
core   0: 0x8000f434 (0xbc3f2823) sw      gp, -1072(t5)
core   0: 3 0x8000f434 (0xbc3f2823) mem 0x80011000 0x00000001
core   0: 0x8000f438 (0x0000bfe5) c.j     pc - 8
core   0: 3 0x8000f438 (0xbfe5)
core   0: 0x8000f430 (0x00002f17) auipc   t5, 0x2
core   0: 3 0x8000f430 (0x00002f17) x30 0x80011430
core   0: 0x8000f434 (0xbc3f2823) sw      gp, -1072(t5)
core   0: 3 0x8000f434 (0xbc3f2823) mem 0x80011000 0x00000001
core   0: 0x8000f438 (0x0000bfe5) c.j     pc - 8
core   0: 3 0x8000f438 (0xbfe5)
core   0: 0x8000f430 (0x00002f17) auipc   t5, 0x2
core   0: 3 0x8000f430 (0x00002f17) x30 0x80011430
core   0: 0x8000f434 (0xbc3f2823) sw      gp, -1072(t5)
core   0: 3 0x8000f434 (0xbc3f2823) mem 0x80011000 0x00000001
core   0: 0x8000f438 (0x0000bfe5) c.j     pc - 8
core   0: 3 0x8000f438 (0xbfe5)
core   0: 0x8000f430 (0x00002f17) auipc   t5, 0x2
core   0: 3 0x8000f430 (0x00002f17) x30 0x80011430
core   0: 0x8000f434 (0xbc3f2823) sw      gp, -1072(t5)
core   0: 3 0x8000f434 (0xbc3f2823) mem 0x80011000 0x00000001
core   0: 0x8000f438 (0x0000bfe5) c.j     pc - 8
core   0: 3 0x8000f438 (0xbfe5)
core   0: 0x8000f430 (0x00002f17) auipc   t5, 0x2
core   0: 3 0x8000f430 (0x00002f17) x30 0x80011430
core   0: 0x8000f434 (0xbc3f2823) sw      gp, -1072(t5)
core   0: 3 0x8000f434 (0xbc3f2823) mem 0x80011000 0x00000001
core   0: 0x8000f438 (0x0000bfe5) c.j     pc - 8
core   0: 3 0x8000f438 (0xbfe5)
core   0: 0x8000f430 (0x00002f17) auipc   t5, 0x2
core   0: 3 0x8000f430 (0x00002f17) x30 0x80011430
core   0: 0x8000f434 (0xbc3f2823) sw      gp, -1072(t5)
core   0: 3 0x8000f434 (0xbc3f2823) mem 0x80011000 0x00000001
core   0: 0x8000f438 (0x0000bfe5) c.j     pc - 8
core   0: 3 0x8000f438 (0xbfe5)
core   0: 0x8000f430 (0x00002f17) auipc   t5, 0x2
core   0: 3 0x8000f430 (0x00002f17) x30 0x80011430
core   0: 0x8000f434 (0xbc3f2823) sw      gp, -1072(t5)
core   0: 3 0x8000f434 (0xbc3f2823) mem 0x80011000 0x00000001
core   0: 0x8000f438 (0x0000bfe5) c.j     pc - 8
core   0: 3 0x8000f438 (0xbfe5)
core   0: 0x8000f430 (0x00002f17) auipc   t5, 0x2
core   0: 3 0x8000f430 (0x00002f17) x30 0x80011430
core   0: 0x8000f434 (0xbc3f2823) sw      gp, -1072(t5)
core   0: 3 0x8000f434 (0xbc3f2823) mem 0x80011000 0x00000001
core   0: 0x8000f438 (0x0000bfe5) c.j     pc - 8
core   0: 3 0x8000f438 (0xbfe5)
core   0: 0x8000f430 (0x00002f17) auipc   t5, 0x2
core   0: 3 0x8000f430 (0x00002f17) x30 0x80011430
core   0: 0x8000f434 (0xbc3f2823) sw      gp, -1072(t5)
core   0: 3 0x8000f434 (0xbc3f2823) mem 0x80011000 0x00000001
core   0: 0x8000f438 (0x0000bfe5) c.j     pc - 8
core   0: 3 0x8000f438 (0xbfe5)
core   0: 0x8000f430 (0x00002f17) auipc   t5, 0x2
core   0: 3 0x8000f430 (0x00002f17) x30 0x80011430
core   0: 0x8000f434 (0xbc3f2823) sw      gp, -1072(t5)
core   0: 3 0x8000f434 (0xbc3f2823) mem 0x80011000 0x00000001
core   0: 0x8000f438 (0x0000bfe5) c.j     pc - 8
core   0: 3 0x8000f438 (0xbfe5)
core   0: 0x8000f430 (0x00002f17) auipc   t5, 0x2
core   0: 3 0x8000f430 (0x00002f17) x30 0x80011430
core   0: 0x8000f434 (0xbc3f2823) sw      gp, -1072(t5)
core   0: 3 0x8000f434 (0xbc3f2823) mem 0x80011000 0x00000001
core   0: 0x8000f438 (0x0000bfe5) c.j     pc - 8
core   0: 3 0x8000f438 (0xbfe5)
core   0: 0x8000f430 (0x00002f17) auipc   t5, 0x2
core   0: 3 0x8000f430 (0x00002f17) x30 0x80011430
core   0: 0x8000f434 (0xbc3f2823) sw      gp, -1072(t5)
core   0: 3 0x8000f434 (0xbc3f2823) mem 0x80011000 0x00000001
core   0: 0x8000f438 (0x0000bfe5) c.j     pc - 8
core   0: 3 0x8000f438 (0xbfe5)
core   0: 0x8000f430 (0x00002f17) auipc   t5, 0x2
core   0: 3 0x8000f430 (0x00002f17) x30 0x80011430
core   0: 0x8000f434 (0xbc3f2823) sw      gp, -1072(t5)
core   0: 3 0x8000f434 (0xbc3f2823) mem 0x80011000 0x00000001
core   0: 0x8000f438 (0x0000bfe5) c.j     pc - 8
core   0: 3 0x8000f438 (0xbfe5)
core   0: 0x8000f430 (0x00002f17) auipc   t5, 0x2
core   0: 3 0x8000f430 (0x00002f17) x30 0x80011430
core   0: 0x8000f434 (0xbc3f2823) sw      gp, -1072(t5)
core   0: 3 0x8000f434 (0xbc3f2823) mem 0x80011000 0x00000001
core   0: 0x8000f438 (0x0000bfe5) c.j     pc - 8
core   0: 3 0x8000f438 (0xbfe5)
core   0: 0x8000f430 (0x00002f17) auipc   t5, 0x2
core   0: 3 0x8000f430 (0x00002f17) x30 0x80011430
core   0: 0x8000f434 (0xbc3f2823) sw      gp, -1072(t5)
core   0: 3 0x8000f434 (0xbc3f2823) mem 0x80011000 0x00000001
core   0: 0x8000f438 (0x0000bfe5) c.j     pc - 8
core   0: 3 0x8000f438 (0xbfe5)
core   0: 0x8000f430 (0x00002f17) auipc   t5, 0x2
core   0: 3 0x8000f430 (0x00002f17) x30 0x80011430
core   0: 0x8000f434 (0xbc3f2823) sw      gp, -1072(t5)
core   0: 3 0x8000f434 (0xbc3f2823) mem 0x80011000 0x00000001
core   0: 0x8000f438 (0x0000bfe5) c.j     pc - 8
core   0: 3 0x8000f438 (0xbfe5)
core   0: 0x8000f430 (0x00002f17) auipc   t5, 0x2
core   0: 3 0x8000f430 (0x00002f17) x30 0x80011430
core   0: 0x8000f434 (0xbc3f2823) sw      gp, -1072(t5)
core   0: 3 0x8000f434 (0xbc3f2823) mem 0x80011000 0x00000001
core   0: 0x8000f438 (0x0000bfe5) c.j     pc - 8
core   0: 3 0x8000f438 (0xbfe5)
core   0: 0x8000f430 (0x00002f17) auipc   t5, 0x2
core   0: 3 0x8000f430 (0x00002f17) x30 0x80011430
core   0: 0x8000f434 (0xbc3f2823) sw      gp, -1072(t5)
core   0: 3 0x8000f434 (0xbc3f2823) mem 0x80011000 0x00000001
core   0: 0x8000f438 (0x0000bfe5) c.j     pc - 8
core   0: 3 0x8000f438 (0xbfe5)
core   0: 0x8000f430 (0x00002f17) auipc   t5, 0x2
core   0: 3 0x8000f430 (0x00002f17) x30 0x80011430
core   0: 0x8000f434 (0xbc3f2823) sw      gp, -1072(t5)
core   0: 3 0x8000f434 (0xbc3f2823) mem 0x80011000 0x00000001
core   0: 0x8000f438 (0x0000bfe5) c.j     pc - 8
core   0: 3 0x8000f438 (0xbfe5)
core   0: 0x8000f430 (0x00002f17) auipc   t5, 0x2
core   0: 3 0x8000f430 (0x00002f17) x30 0x80011430
core   0: 0x8000f434 (0xbc3f2823) sw      gp, -1072(t5)
core   0: 3 0x8000f434 (0xbc3f2823) mem 0x80011000 0x00000001
core   0: 0x8000f438 (0x0000bfe5) c.j     pc - 8
core   0: 3 0x8000f438 (0xbfe5)
core   0: 0x8000f430 (0x00002f17) auipc   t5, 0x2
core   0: 3 0x8000f430 (0x00002f17) x30 0x80011430
core   0: 0x8000f434 (0xbc3f2823) sw      gp, -1072(t5)
core   0: 3 0x8000f434 (0xbc3f2823) mem 0x80011000 0x00000001
core   0: 0x8000f438 (0x0000bfe5) c.j     pc - 8
core   0: 3 0x8000f438 (0xbfe5)
core   0: 0x8000f430 (0x00002f17) auipc   t5, 0x2
core   0: 3 0x8000f430 (0x00002f17) x30 0x80011430
core   0: 0x8000f434 (0xbc3f2823) sw      gp, -1072(t5)
core   0: 3 0x8000f434 (0xbc3f2823) mem 0x80011000 0x00000001
core   0: 0x8000f438 (0x0000bfe5) c.j     pc - 8
core   0: 3 0x8000f438 (0xbfe5)
core   0: 0x8000f430 (0x00002f17) auipc   t5, 0x2
core   0: 3 0x8000f430 (0x00002f17) x30 0x80011430
core   0: 0x8000f434 (0xbc3f2823) sw      gp, -1072(t5)
core   0: 3 0x8000f434 (0xbc3f2823) mem 0x80011000 0x00000001
core   0: 0x8000f438 (0x0000bfe5) c.j     pc - 8
core   0: 3 0x8000f438 (0xbfe5)
core   0: 0x8000f430 (0x00002f17) auipc   t5, 0x2
core   0: 3 0x8000f430 (0x00002f17) x30 0x80011430
core   0: 0x8000f434 (0xbc3f2823) sw      gp, -1072(t5)
core   0: 3 0x8000f434 (0xbc3f2823) mem 0x80011000 0x00000001
core   0: 0x8000f438 (0x0000bfe5) c.j     pc - 8
core   0: 3 0x8000f438 (0xbfe5)
core   0: 0x8000f430 (0x00002f17) auipc   t5, 0x2
core   0: 3 0x8000f430 (0x00002f17) x30 0x80011430
core   0: 0x8000f434 (0xbc3f2823) sw      gp, -1072(t5)
core   0: 3 0x8000f434 (0xbc3f2823) mem 0x80011000 0x00000001
core   0: 0x8000f438 (0x0000bfe5) c.j     pc - 8
core   0: 3 0x8000f438 (0xbfe5)
core   0: 0x8000f430 (0x00002f17) auipc   t5, 0x2
core   0: 3 0x8000f430 (0x00002f17) x30 0x80011430
core   0: 0x8000f434 (0xbc3f2823) sw      gp, -1072(t5)
core   0: 3 0x8000f434 (0xbc3f2823) mem 0x80011000 0x00000001
core   0: 0x8000f438 (0x0000bfe5) c.j     pc - 8
core   0: 3 0x8000f438 (0xbfe5)
core   0: 0x8000f430 (0x00002f17) auipc   t5, 0x2
core   0: 3 0x8000f430 (0x00002f17) x30 0x80011430
core   0: 0x8000f434 (0xbc3f2823) sw      gp, -1072(t5)
core   0: 3 0x8000f434 (0xbc3f2823) mem 0x80011000 0x00000001
core   0: 0x8000f438 (0x0000bfe5) c.j     pc - 8
core   0: 3 0x8000f438 (0xbfe5)
core   0: 0x8000f430 (0x00002f17) auipc   t5, 0x2
core   0: 3 0x8000f430 (0x00002f17) x30 0x80011430
core   0: 0x8000f434 (0xbc3f2823) sw      gp, -1072(t5)
core   0: 3 0x8000f434 (0xbc3f2823) mem 0x80011000 0x00000001
core   0: 0x8000f438 (0x0000bfe5) c.j     pc - 8
core   0: 3 0x8000f438 (0xbfe5)
core   0: 0x8000f430 (0x00002f17) auipc   t5, 0x2
core   0: 3 0x8000f430 (0x00002f17) x30 0x80011430
core   0: 0x8000f434 (0xbc3f2823) sw      gp, -1072(t5)
core   0: 3 0x8000f434 (0xbc3f2823) mem 0x80011000 0x00000001
core   0: 0x8000f438 (0x0000bfe5) c.j     pc - 8
core   0: 3 0x8000f438 (0xbfe5)
core   0: 0x8000f430 (0x00002f17) auipc   t5, 0x2
core   0: 3 0x8000f430 (0x00002f17) x30 0x80011430
core   0: 0x8000f434 (0xbc3f2823) sw      gp, -1072(t5)
core   0: 3 0x8000f434 (0xbc3f2823) mem 0x80011000 0x00000001
core   0: 0x8000f438 (0x0000bfe5) c.j     pc - 8
core   0: 3 0x8000f438 (0xbfe5)
core   0: 0x8000f430 (0x00002f17) auipc   t5, 0x2
core   0: 3 0x8000f430 (0x00002f17) x30 0x80011430
core   0: 0x8000f434 (0xbc3f2823) sw      gp, -1072(t5)
core   0: 3 0x8000f434 (0xbc3f2823) mem 0x80011000 0x00000001
core   0: 0x8000f438 (0x0000bfe5) c.j     pc - 8
core   0: 3 0x8000f438 (0xbfe5)
core   0: 0x8000f430 (0x00002f17) auipc   t5, 0x2
core   0: 3 0x8000f430 (0x00002f17) x30 0x80011430
core   0: 0x8000f434 (0xbc3f2823) sw      gp, -1072(t5)
core   0: 3 0x8000f434 (0xbc3f2823) mem 0x80011000 0x00000001
core   0: 0x8000f438 (0x0000bfe5) c.j     pc - 8
core   0: 3 0x8000f438 (0xbfe5)
core   0: 0x8000f430 (0x00002f17) auipc   t5, 0x2
core   0: 3 0x8000f430 (0x00002f17) x30 0x80011430
core   0: 0x8000f434 (0xbc3f2823) sw      gp, -1072(t5)
core   0: 3 0x8000f434 (0xbc3f2823) mem 0x80011000 0x00000001
core   0: 0x8000f438 (0x0000bfe5) c.j     pc - 8
core   0: 3 0x8000f438 (0xbfe5)
core   0: 0x8000f430 (0x00002f17) auipc   t5, 0x2
core   0: 3 0x8000f430 (0x00002f17) x30 0x80011430
core   0: 0x8000f434 (0xbc3f2823) sw      gp, -1072(t5)
core   0: 3 0x8000f434 (0xbc3f2823) mem 0x80011000 0x00000001
core   0: 0x8000f438 (0x0000bfe5) c.j     pc - 8
core   0: 3 0x8000f438 (0xbfe5)
core   0: 0x8000f430 (0x00002f17) auipc   t5, 0x2
core   0: 3 0x8000f430 (0x00002f17) x30 0x80011430
core   0: 0x8000f434 (0xbc3f2823) sw      gp, -1072(t5)
core   0: 3 0x8000f434 (0xbc3f2823) mem 0x80011000 0x00000001
core   0: 0x8000f438 (0x0000bfe5) c.j     pc - 8
core   0: 3 0x8000f438 (0xbfe5)
core   0: 0x8000f430 (0x00002f17) auipc   t5, 0x2
core   0: 3 0x8000f430 (0x00002f17) x30 0x80011430
core   0: 0x8000f434 (0xbc3f2823) sw      gp, -1072(t5)
core   0: 3 0x8000f434 (0xbc3f2823) mem 0x80011000 0x00000001
core   0: 0x8000f438 (0x0000bfe5) c.j     pc - 8
core   0: 3 0x8000f438 (0xbfe5)
core   0: 0x8000f430 (0x00002f17) auipc   t5, 0x2
core   0: 3 0x8000f430 (0x00002f17) x30 0x80011430
core   0: 0x8000f434 (0xbc3f2823) sw      gp, -1072(t5)
core   0: 3 0x8000f434 (0xbc3f2823) mem 0x80011000 0x00000001
core   0: 0x8000f438 (0x0000bfe5) c.j     pc - 8
core   0: 3 0x8000f438 (0xbfe5)
core   0: 0x8000f430 (0x00002f17) auipc   t5, 0x2
core   0: 3 0x8000f430 (0x00002f17) x30 0x80011430
core   0: 0x8000f434 (0xbc3f2823) sw      gp, -1072(t5)
core   0: 3 0x8000f434 (0xbc3f2823) mem 0x80011000 0x00000001
core   0: 0x8000f438 (0x0000bfe5) c.j     pc - 8
core   0: 3 0x8000f438 (0xbfe5)
core   0: 0x8000f430 (0x00002f17) auipc   t5, 0x2
core   0: 3 0x8000f430 (0x00002f17) x30 0x80011430
core   0: 0x8000f434 (0xbc3f2823) sw      gp, -1072(t5)
core   0: 3 0x8000f434 (0xbc3f2823) mem 0x80011000 0x00000001
core   0: 0x8000f438 (0x0000bfe5) c.j     pc - 8
core   0: 3 0x8000f438 (0xbfe5)
core   0: 0x8000f430 (0x00002f17) auipc   t5, 0x2
core   0: 3 0x8000f430 (0x00002f17) x30 0x80011430
core   0: 0x8000f434 (0xbc3f2823) sw      gp, -1072(t5)
core   0: 3 0x8000f434 (0xbc3f2823) mem 0x80011000 0x00000001
core   0: 0x8000f438 (0x0000bfe5) c.j     pc - 8
core   0: 3 0x8000f438 (0xbfe5)
core   0: 0x8000f430 (0x00002f17) auipc   t5, 0x2
core   0: 3 0x8000f430 (0x00002f17) x30 0x80011430
core   0: 0x8000f434 (0xbc3f2823) sw      gp, -1072(t5)
core   0: 3 0x8000f434 (0xbc3f2823) mem 0x80011000 0x00000001
core   0: 0x8000f438 (0x0000bfe5) c.j     pc - 8
core   0: 3 0x8000f438 (0xbfe5)
core   0: 0x8000f430 (0x00002f17) auipc   t5, 0x2
core   0: 3 0x8000f430 (0x00002f17) x30 0x80011430
core   0: 0x8000f434 (0xbc3f2823) sw      gp, -1072(t5)
core   0: 3 0x8000f434 (0xbc3f2823) mem 0x80011000 0x00000001
core   0: 0x8000f438 (0x0000bfe5) c.j     pc - 8
core   0: 3 0x8000f438 (0xbfe5)
core   0: 0x8000f430 (0x00002f17) auipc   t5, 0x2
core   0: 3 0x8000f430 (0x00002f17) x30 0x80011430
core   0: 0x8000f434 (0xbc3f2823) sw      gp, -1072(t5)
core   0: 3 0x8000f434 (0xbc3f2823) mem 0x80011000 0x00000001
core   0: 0x8000f438 (0x0000bfe5) c.j     pc - 8
core   0: 3 0x8000f438 (0xbfe5)
core   0: 0x8000f430 (0x00002f17) auipc   t5, 0x2
core   0: 3 0x8000f430 (0x00002f17) x30 0x80011430
core   0: 0x8000f434 (0xbc3f2823) sw      gp, -1072(t5)
core   0: 3 0x8000f434 (0xbc3f2823) mem 0x80011000 0x00000001
core   0: 0x8000f438 (0x0000bfe5) c.j     pc - 8
core   0: 3 0x8000f438 (0xbfe5)
core   0: 0x8000f430 (0x00002f17) auipc   t5, 0x2
core   0: 3 0x8000f430 (0x00002f17) x30 0x80011430
core   0: 0x8000f434 (0xbc3f2823) sw      gp, -1072(t5)
core   0: 3 0x8000f434 (0xbc3f2823) mem 0x80011000 0x00000001
core   0: 0x8000f438 (0x0000bfe5) c.j     pc - 8
core   0: 3 0x8000f438 (0xbfe5)
core   0: 0x8000f430 (0x00002f17) auipc   t5, 0x2
core   0: 3 0x8000f430 (0x00002f17) x30 0x80011430
core   0: 0x8000f434 (0xbc3f2823) sw      gp, -1072(t5)
core   0: 3 0x8000f434 (0xbc3f2823) mem 0x80011000 0x00000001
core   0: 0x8000f438 (0x0000bfe5) c.j     pc - 8
core   0: 3 0x8000f438 (0xbfe5)
core   0: 0x8000f430 (0x00002f17) auipc   t5, 0x2
core   0: 3 0x8000f430 (0x00002f17) x30 0x80011430
core   0: 0x8000f434 (0xbc3f2823) sw      gp, -1072(t5)
core   0: 3 0x8000f434 (0xbc3f2823) mem 0x80011000 0x00000001
core   0: 0x8000f438 (0x0000bfe5) c.j     pc - 8
core   0: 3 0x8000f438 (0xbfe5)
core   0: 0x8000f430 (0x00002f17) auipc   t5, 0x2
core   0: 3 0x8000f430 (0x00002f17) x30 0x80011430
core   0: 0x8000f434 (0xbc3f2823) sw      gp, -1072(t5)
core   0: 3 0x8000f434 (0xbc3f2823) mem 0x80011000 0x00000001
core   0: 0x8000f438 (0x0000bfe5) c.j     pc - 8
core   0: 3 0x8000f438 (0xbfe5)
core   0: 0x8000f430 (0x00002f17) auipc   t5, 0x2
core   0: 3 0x8000f430 (0x00002f17) x30 0x80011430
core   0: 0x8000f434 (0xbc3f2823) sw      gp, -1072(t5)
core   0: 3 0x8000f434 (0xbc3f2823) mem 0x80011000 0x00000001
core   0: 0x8000f438 (0x0000bfe5) c.j     pc - 8
core   0: 3 0x8000f438 (0xbfe5)
core   0: 0x8000f430 (0x00002f17) auipc   t5, 0x2
core   0: 3 0x8000f430 (0x00002f17) x30 0x80011430
core   0: 0x8000f434 (0xbc3f2823) sw      gp, -1072(t5)
core   0: 3 0x8000f434 (0xbc3f2823) mem 0x80011000 0x00000001
core   0: 0x8000f438 (0x0000bfe5) c.j     pc - 8
core   0: 3 0x8000f438 (0xbfe5)
core   0: 0x8000f430 (0x00002f17) auipc   t5, 0x2
core   0: 3 0x8000f430 (0x00002f17) x30 0x80011430
core   0: 0x8000f434 (0xbc3f2823) sw      gp, -1072(t5)
core   0: 3 0x8000f434 (0xbc3f2823) mem 0x80011000 0x00000001
core   0: 0x8000f438 (0x0000bfe5) c.j     pc - 8
core   0: 3 0x8000f438 (0xbfe5)
core   0: 0x8000f430 (0x00002f17) auipc   t5, 0x2
core   0: 3 0x8000f430 (0x00002f17) x30 0x80011430
core   0: 0x8000f434 (0xbc3f2823) sw      gp, -1072(t5)
core   0: 3 0x8000f434 (0xbc3f2823) mem 0x80011000 0x00000001
core   0: 0x8000f438 (0x0000bfe5) c.j     pc - 8
core   0: 3 0x8000f438 (0xbfe5)
core   0: 0x8000f430 (0x00002f17) auipc   t5, 0x2
core   0: 3 0x8000f430 (0x00002f17) x30 0x80011430
core   0: 0x8000f434 (0xbc3f2823) sw      gp, -1072(t5)
core   0: 3 0x8000f434 (0xbc3f2823) mem 0x80011000 0x00000001
core   0: 0x8000f438 (0x0000bfe5) c.j     pc - 8
core   0: 3 0x8000f438 (0xbfe5)
core   0: 0x8000f430 (0x00002f17) auipc   t5, 0x2
core   0: 3 0x8000f430 (0x00002f17) x30 0x80011430
core   0: 0x8000f434 (0xbc3f2823) sw      gp, -1072(t5)
core   0: 3 0x8000f434 (0xbc3f2823) mem 0x80011000 0x00000001
core   0: 0x8000f438 (0x0000bfe5) c.j     pc - 8
core   0: 3 0x8000f438 (0xbfe5)
core   0: 0x8000f430 (0x00002f17) auipc   t5, 0x2
core   0: 3 0x8000f430 (0x00002f17) x30 0x80011430
core   0: 0x8000f434 (0xbc3f2823) sw      gp, -1072(t5)
core   0: 3 0x8000f434 (0xbc3f2823) mem 0x80011000 0x00000001
core   0: 0x8000f438 (0x0000bfe5) c.j     pc - 8
core   0: 3 0x8000f438 (0xbfe5)
core   0: 0x8000f430 (0x00002f17) auipc   t5, 0x2
core   0: 3 0x8000f430 (0x00002f17) x30 0x80011430
core   0: 0x8000f434 (0xbc3f2823) sw      gp, -1072(t5)
core   0: 3 0x8000f434 (0xbc3f2823) mem 0x80011000 0x00000001
core   0: 0x8000f438 (0x0000bfe5) c.j     pc - 8
core   0: 3 0x8000f438 (0xbfe5)
core   0: 0x8000f430 (0x00002f17) auipc   t5, 0x2
core   0: 3 0x8000f430 (0x00002f17) x30 0x80011430
core   0: 0x8000f434 (0xbc3f2823) sw      gp, -1072(t5)
core   0: 3 0x8000f434 (0xbc3f2823) mem 0x80011000 0x00000001
core   0: 0x8000f438 (0x0000bfe5) c.j     pc - 8
core   0: 3 0x8000f438 (0xbfe5)
core   0: 0x8000f430 (0x00002f17) auipc   t5, 0x2
core   0: 3 0x8000f430 (0x00002f17) x30 0x80011430
core   0: 0x8000f434 (0xbc3f2823) sw      gp, -1072(t5)
core   0: 3 0x8000f434 (0xbc3f2823) mem 0x80011000 0x00000001
core   0: 0x8000f438 (0x0000bfe5) c.j     pc - 8
core   0: 3 0x8000f438 (0xbfe5)
core   0: 0x8000f430 (0x00002f17) auipc   t5, 0x2
core   0: 3 0x8000f430 (0x00002f17) x30 0x80011430
core   0: 0x8000f434 (0xbc3f2823) sw      gp, -1072(t5)
core   0: 3 0x8000f434 (0xbc3f2823) mem 0x80011000 0x00000001
core   0: 0x8000f438 (0x0000bfe5) c.j     pc - 8
core   0: 3 0x8000f438 (0xbfe5)
core   0: 0x8000f430 (0x00002f17) auipc   t5, 0x2
core   0: 3 0x8000f430 (0x00002f17) x30 0x80011430
core   0: 0x8000f434 (0xbc3f2823) sw      gp, -1072(t5)
core   0: 3 0x8000f434 (0xbc3f2823) mem 0x80011000 0x00000001
core   0: 0x8000f438 (0x0000bfe5) c.j     pc - 8
core   0: 3 0x8000f438 (0xbfe5)
core   0: 0x8000f430 (0x00002f17) auipc   t5, 0x2
core   0: 3 0x8000f430 (0x00002f17) x30 0x80011430
core   0: 0x8000f434 (0xbc3f2823) sw      gp, -1072(t5)
core   0: 3 0x8000f434 (0xbc3f2823) mem 0x80011000 0x00000001
core   0: 0x8000f438 (0x0000bfe5) c.j     pc - 8
core   0: 3 0x8000f438 (0xbfe5)
core   0: 0x8000f430 (0x00002f17) auipc   t5, 0x2
core   0: 3 0x8000f430 (0x00002f17) x30 0x80011430
core   0: 0x8000f434 (0xbc3f2823) sw      gp, -1072(t5)
core   0: 3 0x8000f434 (0xbc3f2823) mem 0x80011000 0x00000001
core   0: 0x8000f438 (0x0000bfe5) c.j     pc - 8
core   0: 3 0x8000f438 (0xbfe5)
core   0: 0x8000f430 (0x00002f17) auipc   t5, 0x2
core   0: 3 0x8000f430 (0x00002f17) x30 0x80011430
core   0: 0x8000f434 (0xbc3f2823) sw      gp, -1072(t5)
core   0: 3 0x8000f434 (0xbc3f2823) mem 0x80011000 0x00000001
core   0: 0x8000f438 (0x0000bfe5) c.j     pc - 8
core   0: 3 0x8000f438 (0xbfe5)
core   0: 0x8000f430 (0x00002f17) auipc   t5, 0x2
core   0: 3 0x8000f430 (0x00002f17) x30 0x80011430
core   0: 0x8000f434 (0xbc3f2823) sw      gp, -1072(t5)
core   0: 3 0x8000f434 (0xbc3f2823) mem 0x80011000 0x00000001
core   0: 0x8000f438 (0x0000bfe5) c.j     pc - 8
core   0: 3 0x8000f438 (0xbfe5)
core   0: 0x8000f430 (0x00002f17) auipc   t5, 0x2
core   0: 3 0x8000f430 (0x00002f17) x30 0x80011430
core   0: 0x8000f434 (0xbc3f2823) sw      gp, -1072(t5)
core   0: 3 0x8000f434 (0xbc3f2823) mem 0x80011000 0x00000001
core   0: 0x8000f438 (0x0000bfe5) c.j     pc - 8
core   0: 3 0x8000f438 (0xbfe5)
core   0: 0x8000f430 (0x00002f17) auipc   t5, 0x2
core   0: 3 0x8000f430 (0x00002f17) x30 0x80011430
core   0: 0x8000f434 (0xbc3f2823) sw      gp, -1072(t5)
core   0: 3 0x8000f434 (0xbc3f2823) mem 0x80011000 0x00000001
core   0: 0x8000f438 (0x0000bfe5) c.j     pc - 8
core   0: 3 0x8000f438 (0xbfe5)
core   0: 0x8000f430 (0x00002f17) auipc   t5, 0x2
core   0: 3 0x8000f430 (0x00002f17) x30 0x80011430
core   0: 0x8000f434 (0xbc3f2823) sw      gp, -1072(t5)
core   0: 3 0x8000f434 (0xbc3f2823) mem 0x80011000 0x00000001
core   0: 0x8000f438 (0x0000bfe5) c.j     pc - 8
core   0: 3 0x8000f438 (0xbfe5)
core   0: 0x8000f430 (0x00002f17) auipc   t5, 0x2
core   0: 3 0x8000f430 (0x00002f17) x30 0x80011430
core   0: 0x8000f434 (0xbc3f2823) sw      gp, -1072(t5)
core   0: 3 0x8000f434 (0xbc3f2823) mem 0x80011000 0x00000001
core   0: 0x8000f438 (0x0000bfe5) c.j     pc - 8
core   0: 3 0x8000f438 (0xbfe5)
core   0: 0x8000f430 (0x00002f17) auipc   t5, 0x2
core   0: 3 0x8000f430 (0x00002f17) x30 0x80011430
core   0: 0x8000f434 (0xbc3f2823) sw      gp, -1072(t5)
core   0: 3 0x8000f434 (0xbc3f2823) mem 0x80011000 0x00000001
core   0: 0x8000f438 (0x0000bfe5) c.j     pc - 8
core   0: 3 0x8000f438 (0xbfe5)
core   0: 0x8000f430 (0x00002f17) auipc   t5, 0x2
core   0: 3 0x8000f430 (0x00002f17) x30 0x80011430
core   0: 0x8000f434 (0xbc3f2823) sw      gp, -1072(t5)
core   0: 3 0x8000f434 (0xbc3f2823) mem 0x80011000 0x00000001
core   0: 0x8000f438 (0x0000bfe5) c.j     pc - 8
core   0: 3 0x8000f438 (0xbfe5)
core   0: 0x8000f430 (0x00002f17) auipc   t5, 0x2
core   0: 3 0x8000f430 (0x00002f17) x30 0x80011430
core   0: 0x8000f434 (0xbc3f2823) sw      gp, -1072(t5)
core   0: 3 0x8000f434 (0xbc3f2823) mem 0x80011000 0x00000001
core   0: 0x8000f438 (0x0000bfe5) c.j     pc - 8
core   0: 3 0x8000f438 (0xbfe5)
core   0: 0x8000f430 (0x00002f17) auipc   t5, 0x2
core   0: 3 0x8000f430 (0x00002f17) x30 0x80011430
core   0: 0x8000f434 (0xbc3f2823) sw      gp, -1072(t5)
core   0: 3 0x8000f434 (0xbc3f2823) mem 0x80011000 0x00000001
core   0: 0x8000f438 (0x0000bfe5) c.j     pc - 8
core   0: 3 0x8000f438 (0xbfe5)
core   0: 0x8000f430 (0x00002f17) auipc   t5, 0x2
core   0: 3 0x8000f430 (0x00002f17) x30 0x80011430
core   0: 0x8000f434 (0xbc3f2823) sw      gp, -1072(t5)
core   0: 3 0x8000f434 (0xbc3f2823) mem 0x80011000 0x00000001
core   0: 0x8000f438 (0x0000bfe5) c.j     pc - 8
core   0: 3 0x8000f438 (0xbfe5)
core   0: 0x8000f430 (0x00002f17) auipc   t5, 0x2
core   0: 3 0x8000f430 (0x00002f17) x30 0x80011430
core   0: 0x8000f434 (0xbc3f2823) sw      gp, -1072(t5)
core   0: 3 0x8000f434 (0xbc3f2823) mem 0x80011000 0x00000001
core   0: 0x8000f438 (0x0000bfe5) c.j     pc - 8
core   0: 3 0x8000f438 (0xbfe5)
core   0: 0x8000f430 (0x00002f17) auipc   t5, 0x2
core   0: 3 0x8000f430 (0x00002f17) x30 0x80011430
core   0: 0x8000f434 (0xbc3f2823) sw      gp, -1072(t5)
core   0: 3 0x8000f434 (0xbc3f2823) mem 0x80011000 0x00000001
core   0: 0x8000f438 (0x0000bfe5) c.j     pc - 8
core   0: 3 0x8000f438 (0xbfe5)
core   0: 0x8000f430 (0x00002f17) auipc   t5, 0x2
core   0: 3 0x8000f430 (0x00002f17) x30 0x80011430
core   0: 0x8000f434 (0xbc3f2823) sw      gp, -1072(t5)
core   0: 3 0x8000f434 (0xbc3f2823) mem 0x80011000 0x00000001
core   0: 0x8000f438 (0x0000bfe5) c.j     pc - 8
core   0: 3 0x8000f438 (0xbfe5)
core   0: 0x8000f430 (0x00002f17) auipc   t5, 0x2
core   0: 3 0x8000f430 (0x00002f17) x30 0x80011430
core   0: 0x8000f434 (0xbc3f2823) sw      gp, -1072(t5)
core   0: 3 0x8000f434 (0xbc3f2823) mem 0x80011000 0x00000001
core   0: 0x8000f438 (0x0000bfe5) c.j     pc - 8
core   0: 3 0x8000f438 (0xbfe5)
core   0: 0x8000f430 (0x00002f17) auipc   t5, 0x2
core   0: 3 0x8000f430 (0x00002f17) x30 0x80011430
core   0: 0x8000f434 (0xbc3f2823) sw      gp, -1072(t5)
core   0: 3 0x8000f434 (0xbc3f2823) mem 0x80011000 0x00000001
core   0: 0x8000f438 (0x0000bfe5) c.j     pc - 8
core   0: 3 0x8000f438 (0xbfe5)
core   0: 0x8000f430 (0x00002f17) auipc   t5, 0x2
core   0: 3 0x8000f430 (0x00002f17) x30 0x80011430
core   0: 0x8000f434 (0xbc3f2823) sw      gp, -1072(t5)
core   0: 3 0x8000f434 (0xbc3f2823) mem 0x80011000 0x00000001
core   0: 0x8000f438 (0x0000bfe5) c.j     pc - 8
core   0: 3 0x8000f438 (0xbfe5)
core   0: 0x8000f430 (0x00002f17) auipc   t5, 0x2
core   0: 3 0x8000f430 (0x00002f17) x30 0x80011430
core   0: 0x8000f434 (0xbc3f2823) sw      gp, -1072(t5)
core   0: 3 0x8000f434 (0xbc3f2823) mem 0x80011000 0x00000001
core   0: 0x8000f438 (0x0000bfe5) c.j     pc - 8
core   0: 3 0x8000f438 (0xbfe5)
core   0: 0x8000f430 (0x00002f17) auipc   t5, 0x2
core   0: 3 0x8000f430 (0x00002f17) x30 0x80011430
core   0: 0x8000f434 (0xbc3f2823) sw      gp, -1072(t5)
core   0: 3 0x8000f434 (0xbc3f2823) mem 0x80011000 0x00000001
core   0: 0x8000f438 (0x0000bfe5) c.j     pc - 8
core   0: 3 0x8000f438 (0xbfe5)
core   0: 0x8000f430 (0x00002f17) auipc   t5, 0x2
core   0: 3 0x8000f430 (0x00002f17) x30 0x80011430
core   0: 0x8000f434 (0xbc3f2823) sw      gp, -1072(t5)
core   0: 3 0x8000f434 (0xbc3f2823) mem 0x80011000 0x00000001
core   0: 0x8000f438 (0x0000bfe5) c.j     pc - 8
core   0: 3 0x8000f438 (0xbfe5)
core   0: 0x8000f430 (0x00002f17) auipc   t5, 0x2
core   0: 3 0x8000f430 (0x00002f17) x30 0x80011430
core   0: 0x8000f434 (0xbc3f2823) sw      gp, -1072(t5)
core   0: 3 0x8000f434 (0xbc3f2823) mem 0x80011000 0x00000001
core   0: 0x8000f438 (0x0000bfe5) c.j     pc - 8
core   0: 3 0x8000f438 (0xbfe5)
core   0: 0x8000f430 (0x00002f17) auipc   t5, 0x2
core   0: 3 0x8000f430 (0x00002f17) x30 0x80011430
core   0: 0x8000f434 (0xbc3f2823) sw      gp, -1072(t5)
core   0: 3 0x8000f434 (0xbc3f2823) mem 0x80011000 0x00000001
core   0: 0x8000f438 (0x0000bfe5) c.j     pc - 8
core   0: 3 0x8000f438 (0xbfe5)
core   0: 0x8000f430 (0x00002f17) auipc   t5, 0x2
core   0: 3 0x8000f430 (0x00002f17) x30 0x80011430
core   0: 0x8000f434 (0xbc3f2823) sw      gp, -1072(t5)
core   0: 3 0x8000f434 (0xbc3f2823) mem 0x80011000 0x00000001
core   0: 0x8000f438 (0x0000bfe5) c.j     pc - 8
core   0: 3 0x8000f438 (0xbfe5)
core   0: 0x8000f430 (0x00002f17) auipc   t5, 0x2
core   0: 3 0x8000f430 (0x00002f17) x30 0x80011430
core   0: 0x8000f434 (0xbc3f2823) sw      gp, -1072(t5)
core   0: 3 0x8000f434 (0xbc3f2823) mem 0x80011000 0x00000001
core   0: 0x8000f438 (0x0000bfe5) c.j     pc - 8
core   0: 3 0x8000f438 (0xbfe5)
core   0: 0x8000f430 (0x00002f17) auipc   t5, 0x2
core   0: 3 0x8000f430 (0x00002f17) x30 0x80011430
core   0: 0x8000f434 (0xbc3f2823) sw      gp, -1072(t5)
core   0: 3 0x8000f434 (0xbc3f2823) mem 0x80011000 0x00000001
core   0: 0x8000f438 (0x0000bfe5) c.j     pc - 8
core   0: 3 0x8000f438 (0xbfe5)
core   0: 0x8000f430 (0x00002f17) auipc   t5, 0x2
core   0: 3 0x8000f430 (0x00002f17) x30 0x80011430
core   0: 0x8000f434 (0xbc3f2823) sw      gp, -1072(t5)
core   0: 3 0x8000f434 (0xbc3f2823) mem 0x80011000 0x00000001
core   0: 0x8000f438 (0x0000bfe5) c.j     pc - 8
core   0: 3 0x8000f438 (0xbfe5)
core   0: 0x8000f430 (0x00002f17) auipc   t5, 0x2
core   0: 3 0x8000f430 (0x00002f17) x30 0x80011430
core   0: 0x8000f434 (0xbc3f2823) sw      gp, -1072(t5)
core   0: 3 0x8000f434 (0xbc3f2823) mem 0x80011000 0x00000001
core   0: 0x8000f438 (0x0000bfe5) c.j     pc - 8
core   0: 3 0x8000f438 (0xbfe5)
core   0: 0x8000f430 (0x00002f17) auipc   t5, 0x2
core   0: 3 0x8000f430 (0x00002f17) x30 0x80011430
core   0: 0x8000f434 (0xbc3f2823) sw      gp, -1072(t5)
core   0: 3 0x8000f434 (0xbc3f2823) mem 0x80011000 0x00000001
core   0: 0x8000f438 (0x0000bfe5) c.j     pc - 8
core   0: 3 0x8000f438 (0xbfe5)
core   0: 0x8000f430 (0x00002f17) auipc   t5, 0x2
core   0: 3 0x8000f430 (0x00002f17) x30 0x80011430
core   0: 0x8000f434 (0xbc3f2823) sw      gp, -1072(t5)
core   0: 3 0x8000f434 (0xbc3f2823) mem 0x80011000 0x00000001
core   0: 0x8000f438 (0x0000bfe5) c.j     pc - 8
core   0: 3 0x8000f438 (0xbfe5)
core   0: 0x8000f430 (0x00002f17) auipc   t5, 0x2
core   0: 3 0x8000f430 (0x00002f17) x30 0x80011430
core   0: 0x8000f434 (0xbc3f2823) sw      gp, -1072(t5)
core   0: 3 0x8000f434 (0xbc3f2823) mem 0x80011000 0x00000001
core   0: 0x8000f438 (0x0000bfe5) c.j     pc - 8
core   0: 3 0x8000f438 (0xbfe5)
core   0: 0x8000f430 (0x00002f17) auipc   t5, 0x2
core   0: 3 0x8000f430 (0x00002f17) x30 0x80011430
core   0: 0x8000f434 (0xbc3f2823) sw      gp, -1072(t5)
core   0: 3 0x8000f434 (0xbc3f2823) mem 0x80011000 0x00000001
core   0: 0x8000f438 (0x0000bfe5) c.j     pc - 8
core   0: 3 0x8000f438 (0xbfe5)
core   0: 0x8000f430 (0x00002f17) auipc   t5, 0x2
core   0: 3 0x8000f430 (0x00002f17) x30 0x80011430
core   0: 0x8000f434 (0xbc3f2823) sw      gp, -1072(t5)
core   0: 3 0x8000f434 (0xbc3f2823) mem 0x80011000 0x00000001
core   0: 0x8000f438 (0x0000bfe5) c.j     pc - 8
core   0: 3 0x8000f438 (0xbfe5)
core   0: 0x8000f430 (0x00002f17) auipc   t5, 0x2
core   0: 3 0x8000f430 (0x00002f17) x30 0x80011430
core   0: 0x8000f434 (0xbc3f2823) sw      gp, -1072(t5)
core   0: 3 0x8000f434 (0xbc3f2823) mem 0x80011000 0x00000001
core   0: 0x8000f438 (0x0000bfe5) c.j     pc - 8
core   0: 3 0x8000f438 (0xbfe5)
core   0: 0x8000f430 (0x00002f17) auipc   t5, 0x2
core   0: 3 0x8000f430 (0x00002f17) x30 0x80011430
core   0: 0x8000f434 (0xbc3f2823) sw      gp, -1072(t5)
core   0: 3 0x8000f434 (0xbc3f2823) mem 0x80011000 0x00000001
core   0: 0x8000f438 (0x0000bfe5) c.j     pc - 8
core   0: 3 0x8000f438 (0xbfe5)
core   0: 0x8000f430 (0x00002f17) auipc   t5, 0x2
core   0: 3 0x8000f430 (0x00002f17) x30 0x80011430
core   0: 0x8000f434 (0xbc3f2823) sw      gp, -1072(t5)
core   0: 3 0x8000f434 (0xbc3f2823) mem 0x80011000 0x00000001
core   0: 0x8000f438 (0x0000bfe5) c.j     pc - 8
core   0: 3 0x8000f438 (0xbfe5)
core   0: 0x8000f430 (0x00002f17) auipc   t5, 0x2
core   0: 3 0x8000f430 (0x00002f17) x30 0x80011430
core   0: 0x8000f434 (0xbc3f2823) sw      gp, -1072(t5)
core   0: 3 0x8000f434 (0xbc3f2823) mem 0x80011000 0x00000001
core   0: 0x8000f438 (0x0000bfe5) c.j     pc - 8
core   0: 3 0x8000f438 (0xbfe5)
core   0: 0x8000f430 (0x00002f17) auipc   t5, 0x2
core   0: 3 0x8000f430 (0x00002f17) x30 0x80011430
core   0: 0x8000f434 (0xbc3f2823) sw      gp, -1072(t5)
core   0: 3 0x8000f434 (0xbc3f2823) mem 0x80011000 0x00000001
core   0: 0x8000f438 (0x0000bfe5) c.j     pc - 8
core   0: 3 0x8000f438 (0xbfe5)
core   0: 0x8000f430 (0x00002f17) auipc   t5, 0x2
core   0: 3 0x8000f430 (0x00002f17) x30 0x80011430
core   0: 0x8000f434 (0xbc3f2823) sw      gp, -1072(t5)
core   0: 3 0x8000f434 (0xbc3f2823) mem 0x80011000 0x00000001
core   0: 0x8000f438 (0x0000bfe5) c.j     pc - 8
core   0: 3 0x8000f438 (0xbfe5)
core   0: 0x8000f430 (0x00002f17) auipc   t5, 0x2
core   0: 3 0x8000f430 (0x00002f17) x30 0x80011430
core   0: 0x8000f434 (0xbc3f2823) sw      gp, -1072(t5)
core   0: 3 0x8000f434 (0xbc3f2823) mem 0x80011000 0x00000001
core   0: 0x8000f438 (0x0000bfe5) c.j     pc - 8
core   0: 3 0x8000f438 (0xbfe5)
core   0: 0x8000f430 (0x00002f17) auipc   t5, 0x2
core   0: 3 0x8000f430 (0x00002f17) x30 0x80011430
core   0: 0x8000f434 (0xbc3f2823) sw      gp, -1072(t5)
core   0: 3 0x8000f434 (0xbc3f2823) mem 0x80011000 0x00000001
core   0: 0x8000f438 (0x0000bfe5) c.j     pc - 8
core   0: 3 0x8000f438 (0xbfe5)
core   0: 0x8000f430 (0x00002f17) auipc   t5, 0x2
core   0: 3 0x8000f430 (0x00002f17) x30 0x80011430
core   0: 0x8000f434 (0xbc3f2823) sw      gp, -1072(t5)
core   0: 3 0x8000f434 (0xbc3f2823) mem 0x80011000 0x00000001
core   0: 0x8000f438 (0x0000bfe5) c.j     pc - 8
core   0: 3 0x8000f438 (0xbfe5)
core   0: 0x8000f430 (0x00002f17) auipc   t5, 0x2
core   0: 3 0x8000f430 (0x00002f17) x30 0x80011430
core   0: 0x8000f434 (0xbc3f2823) sw      gp, -1072(t5)
core   0: 3 0x8000f434 (0xbc3f2823) mem 0x80011000 0x00000001
core   0: 0x8000f438 (0x0000bfe5) c.j     pc - 8
core   0: 3 0x8000f438 (0xbfe5)
core   0: 0x8000f430 (0x00002f17) auipc   t5, 0x2
core   0: 3 0x8000f430 (0x00002f17) x30 0x80011430
core   0: 0x8000f434 (0xbc3f2823) sw      gp, -1072(t5)
core   0: 3 0x8000f434 (0xbc3f2823) mem 0x80011000 0x00000001
core   0: 0x8000f438 (0x0000bfe5) c.j     pc - 8
core   0: 3 0x8000f438 (0xbfe5)
core   0: 0x8000f430 (0x00002f17) auipc   t5, 0x2
core   0: 3 0x8000f430 (0x00002f17) x30 0x80011430
core   0: 0x8000f434 (0xbc3f2823) sw      gp, -1072(t5)
core   0: 3 0x8000f434 (0xbc3f2823) mem 0x80011000 0x00000001
core   0: 0x8000f438 (0x0000bfe5) c.j     pc - 8
core   0: 3 0x8000f438 (0xbfe5)
core   0: 0x8000f430 (0x00002f17) auipc   t5, 0x2
core   0: 3 0x8000f430 (0x00002f17) x30 0x80011430
core   0: 0x8000f434 (0xbc3f2823) sw      gp, -1072(t5)
core   0: 3 0x8000f434 (0xbc3f2823) mem 0x80011000 0x00000001
core   0: 0x8000f438 (0x0000bfe5) c.j     pc - 8
core   0: 3 0x8000f438 (0xbfe5)
core   0: 0x8000f430 (0x00002f17) auipc   t5, 0x2
core   0: 3 0x8000f430 (0x00002f17) x30 0x80011430
core   0: 0x8000f434 (0xbc3f2823) sw      gp, -1072(t5)
core   0: 3 0x8000f434 (0xbc3f2823) mem 0x80011000 0x00000001
core   0: 0x8000f438 (0x0000bfe5) c.j     pc - 8
core   0: 3 0x8000f438 (0xbfe5)
core   0: 0x8000f430 (0x00002f17) auipc   t5, 0x2
core   0: 3 0x8000f430 (0x00002f17) x30 0x80011430
core   0: 0x8000f434 (0xbc3f2823) sw      gp, -1072(t5)
core   0: 3 0x8000f434 (0xbc3f2823) mem 0x80011000 0x00000001
core   0: 0x8000f438 (0x0000bfe5) c.j     pc - 8
core   0: 3 0x8000f438 (0xbfe5)
core   0: 0x8000f430 (0x00002f17) auipc   t5, 0x2
core   0: 3 0x8000f430 (0x00002f17) x30 0x80011430
core   0: 0x8000f434 (0xbc3f2823) sw      gp, -1072(t5)
core   0: 3 0x8000f434 (0xbc3f2823) mem 0x80011000 0x00000001
core   0: 0x8000f438 (0x0000bfe5) c.j     pc - 8
core   0: 3 0x8000f438 (0xbfe5)
core   0: 0x8000f430 (0x00002f17) auipc   t5, 0x2
core   0: 3 0x8000f430 (0x00002f17) x30 0x80011430
core   0: 0x8000f434 (0xbc3f2823) sw      gp, -1072(t5)
core   0: 3 0x8000f434 (0xbc3f2823) mem 0x80011000 0x00000001
core   0: 0x8000f438 (0x0000bfe5) c.j     pc - 8
core   0: 3 0x8000f438 (0xbfe5)
core   0: 0x8000f430 (0x00002f17) auipc   t5, 0x2
core   0: 3 0x8000f430 (0x00002f17) x30 0x80011430
core   0: 0x8000f434 (0xbc3f2823) sw      gp, -1072(t5)
core   0: 3 0x8000f434 (0xbc3f2823) mem 0x80011000 0x00000001
core   0: 0x8000f438 (0x0000bfe5) c.j     pc - 8
core   0: 3 0x8000f438 (0xbfe5)
core   0: 0x8000f430 (0x00002f17) auipc   t5, 0x2
core   0: 3 0x8000f430 (0x00002f17) x30 0x80011430
core   0: 0x8000f434 (0xbc3f2823) sw      gp, -1072(t5)
core   0: 3 0x8000f434 (0xbc3f2823) mem 0x80011000 0x00000001
core   0: 0x8000f438 (0x0000bfe5) c.j     pc - 8
core   0: 3 0x8000f438 (0xbfe5)
core   0: 0x8000f430 (0x00002f17) auipc   t5, 0x2
core   0: 3 0x8000f430 (0x00002f17) x30 0x80011430
core   0: 0x8000f434 (0xbc3f2823) sw      gp, -1072(t5)
core   0: 3 0x8000f434 (0xbc3f2823) mem 0x80011000 0x00000001
core   0: 0x8000f438 (0x0000bfe5) c.j     pc - 8
core   0: 3 0x8000f438 (0xbfe5)
core   0: 0x8000f430 (0x00002f17) auipc   t5, 0x2
core   0: 3 0x8000f430 (0x00002f17) x30 0x80011430
core   0: 0x8000f434 (0xbc3f2823) sw      gp, -1072(t5)
core   0: 3 0x8000f434 (0xbc3f2823) mem 0x80011000 0x00000001
core   0: 0x8000f438 (0x0000bfe5) c.j     pc - 8
core   0: 3 0x8000f438 (0xbfe5)
core   0: 0x8000f430 (0x00002f17) auipc   t5, 0x2
core   0: 3 0x8000f430 (0x00002f17) x30 0x80011430
core   0: 0x8000f434 (0xbc3f2823) sw      gp, -1072(t5)
core   0: 3 0x8000f434 (0xbc3f2823) mem 0x80011000 0x00000001
core   0: 0x8000f438 (0x0000bfe5) c.j     pc - 8
core   0: 3 0x8000f438 (0xbfe5)
core   0: 0x8000f430 (0x00002f17) auipc   t5, 0x2
core   0: 3 0x8000f430 (0x00002f17) x30 0x80011430
core   0: 0x8000f434 (0xbc3f2823) sw      gp, -1072(t5)
core   0: 3 0x8000f434 (0xbc3f2823) mem 0x80011000 0x00000001
core   0: 0x8000f438 (0x0000bfe5) c.j     pc - 8
core   0: 3 0x8000f438 (0xbfe5)
core   0: 0x8000f430 (0x00002f17) auipc   t5, 0x2
core   0: 3 0x8000f430 (0x00002f17) x30 0x80011430
core   0: 0x8000f434 (0xbc3f2823) sw      gp, -1072(t5)
core   0: 3 0x8000f434 (0xbc3f2823) mem 0x80011000 0x00000001
core   0: 0x8000f438 (0x0000bfe5) c.j     pc - 8
core   0: 3 0x8000f438 (0xbfe5)
core   0: 0x8000f430 (0x00002f17) auipc   t5, 0x2
core   0: 3 0x8000f430 (0x00002f17) x30 0x80011430
core   0: 0x8000f434 (0xbc3f2823) sw      gp, -1072(t5)
core   0: 3 0x8000f434 (0xbc3f2823) mem 0x80011000 0x00000001
core   0: 0x8000f438 (0x0000bfe5) c.j     pc - 8
core   0: 3 0x8000f438 (0xbfe5)
core   0: 0x8000f430 (0x00002f17) auipc   t5, 0x2
core   0: 3 0x8000f430 (0x00002f17) x30 0x80011430
core   0: 0x8000f434 (0xbc3f2823) sw      gp, -1072(t5)
core   0: 3 0x8000f434 (0xbc3f2823) mem 0x80011000 0x00000001
core   0: 0x8000f438 (0x0000bfe5) c.j     pc - 8
core   0: 3 0x8000f438 (0xbfe5)
core   0: 0x8000f430 (0x00002f17) auipc   t5, 0x2
core   0: 3 0x8000f430 (0x00002f17) x30 0x80011430
core   0: 0x8000f434 (0xbc3f2823) sw      gp, -1072(t5)
core   0: 3 0x8000f434 (0xbc3f2823) mem 0x80011000 0x00000001
core   0: 0x8000f438 (0x0000bfe5) c.j     pc - 8
core   0: 3 0x8000f438 (0xbfe5)
core   0: 0x8000f430 (0x00002f17) auipc   t5, 0x2
core   0: 3 0x8000f430 (0x00002f17) x30 0x80011430
core   0: 0x8000f434 (0xbc3f2823) sw      gp, -1072(t5)
core   0: 3 0x8000f434 (0xbc3f2823) mem 0x80011000 0x00000001
core   0: 0x8000f438 (0x0000bfe5) c.j     pc - 8
core   0: 3 0x8000f438 (0xbfe5)
core   0: 0x8000f430 (0x00002f17) auipc   t5, 0x2
core   0: 3 0x8000f430 (0x00002f17) x30 0x80011430
core   0: 0x8000f434 (0xbc3f2823) sw      gp, -1072(t5)
core   0: 3 0x8000f434 (0xbc3f2823) mem 0x80011000 0x00000001
core   0: 0x8000f438 (0x0000bfe5) c.j     pc - 8
core   0: 3 0x8000f438 (0xbfe5)
core   0: 0x8000f430 (0x00002f17) auipc   t5, 0x2
core   0: 3 0x8000f430 (0x00002f17) x30 0x80011430
core   0: 0x8000f434 (0xbc3f2823) sw      gp, -1072(t5)
core   0: 3 0x8000f434 (0xbc3f2823) mem 0x80011000 0x00000001
core   0: 0x8000f438 (0x0000bfe5) c.j     pc - 8
core   0: 3 0x8000f438 (0xbfe5)
core   0: 0x8000f430 (0x00002f17) auipc   t5, 0x2
core   0: 3 0x8000f430 (0x00002f17) x30 0x80011430
core   0: 0x8000f434 (0xbc3f2823) sw      gp, -1072(t5)
core   0: 3 0x8000f434 (0xbc3f2823) mem 0x80011000 0x00000001
core   0: 0x8000f438 (0x0000bfe5) c.j     pc - 8
core   0: 3 0x8000f438 (0xbfe5)
core   0: 0x8000f430 (0x00002f17) auipc   t5, 0x2
core   0: 3 0x8000f430 (0x00002f17) x30 0x80011430
core   0: 0x8000f434 (0xbc3f2823) sw      gp, -1072(t5)
core   0: 3 0x8000f434 (0xbc3f2823) mem 0x80011000 0x00000001
core   0: 0x8000f438 (0x0000bfe5) c.j     pc - 8
core   0: 3 0x8000f438 (0xbfe5)
core   0: 0x8000f430 (0x00002f17) auipc   t5, 0x2
core   0: 3 0x8000f430 (0x00002f17) x30 0x80011430
core   0: 0x8000f434 (0xbc3f2823) sw      gp, -1072(t5)
core   0: 3 0x8000f434 (0xbc3f2823) mem 0x80011000 0x00000001
core   0: 0x8000f438 (0x0000bfe5) c.j     pc - 8
core   0: 3 0x8000f438 (0xbfe5)
core   0: 0x8000f430 (0x00002f17) auipc   t5, 0x2
core   0: 3 0x8000f430 (0x00002f17) x30 0x80011430
core   0: 0x8000f434 (0xbc3f2823) sw      gp, -1072(t5)
core   0: 3 0x8000f434 (0xbc3f2823) mem 0x80011000 0x00000001
core   0: 0x8000f438 (0x0000bfe5) c.j     pc - 8
core   0: 3 0x8000f438 (0xbfe5)
core   0: 0x8000f430 (0x00002f17) auipc   t5, 0x2
core   0: 3 0x8000f430 (0x00002f17) x30 0x80011430
core   0: 0x8000f434 (0xbc3f2823) sw      gp, -1072(t5)
core   0: 3 0x8000f434 (0xbc3f2823) mem 0x80011000 0x00000001
core   0: 0x8000f438 (0x0000bfe5) c.j     pc - 8
core   0: 3 0x8000f438 (0xbfe5)
core   0: 0x8000f430 (0x00002f17) auipc   t5, 0x2
core   0: 3 0x8000f430 (0x00002f17) x30 0x80011430
core   0: 0x8000f434 (0xbc3f2823) sw      gp, -1072(t5)
core   0: 3 0x8000f434 (0xbc3f2823) mem 0x80011000 0x00000001
core   0: 0x8000f438 (0x0000bfe5) c.j     pc - 8
core   0: 3 0x8000f438 (0xbfe5)
core   0: 0x8000f430 (0x00002f17) auipc   t5, 0x2
core   0: 3 0x8000f430 (0x00002f17) x30 0x80011430
core   0: 0x8000f434 (0xbc3f2823) sw      gp, -1072(t5)
core   0: 3 0x8000f434 (0xbc3f2823) mem 0x80011000 0x00000001
core   0: 0x8000f438 (0x0000bfe5) c.j     pc - 8
core   0: 3 0x8000f438 (0xbfe5)
core   0: 0x8000f430 (0x00002f17) auipc   t5, 0x2
core   0: 3 0x8000f430 (0x00002f17) x30 0x80011430
core   0: 0x8000f434 (0xbc3f2823) sw      gp, -1072(t5)
core   0: 3 0x8000f434 (0xbc3f2823) mem 0x80011000 0x00000001
core   0: 0x8000f438 (0x0000bfe5) c.j     pc - 8
core   0: 3 0x8000f438 (0xbfe5)
core   0: 0x8000f430 (0x00002f17) auipc   t5, 0x2
core   0: 3 0x8000f430 (0x00002f17) x30 0x80011430
core   0: 0x8000f434 (0xbc3f2823) sw      gp, -1072(t5)
core   0: 3 0x8000f434 (0xbc3f2823) mem 0x80011000 0x00000001
core   0: 0x8000f438 (0x0000bfe5) c.j     pc - 8
core   0: 3 0x8000f438 (0xbfe5)
core   0: 0x8000f430 (0x00002f17) auipc   t5, 0x2
core   0: 3 0x8000f430 (0x00002f17) x30 0x80011430
core   0: 0x8000f434 (0xbc3f2823) sw      gp, -1072(t5)
core   0: 3 0x8000f434 (0xbc3f2823) mem 0x80011000 0x00000001
core   0: 0x8000f438 (0x0000bfe5) c.j     pc - 8
core   0: 3 0x8000f438 (0xbfe5)
core   0: 0x8000f430 (0x00002f17) auipc   t5, 0x2
core   0: 3 0x8000f430 (0x00002f17) x30 0x80011430
core   0: 0x8000f434 (0xbc3f2823) sw      gp, -1072(t5)
core   0: 3 0x8000f434 (0xbc3f2823) mem 0x80011000 0x00000001
core   0: 0x8000f438 (0x0000bfe5) c.j     pc - 8
core   0: 3 0x8000f438 (0xbfe5)
core   0: 0x8000f430 (0x00002f17) auipc   t5, 0x2
core   0: 3 0x8000f430 (0x00002f17) x30 0x80011430
core   0: 0x8000f434 (0xbc3f2823) sw      gp, -1072(t5)
core   0: 3 0x8000f434 (0xbc3f2823) mem 0x80011000 0x00000001
core   0: 0x8000f438 (0x0000bfe5) c.j     pc - 8
core   0: 3 0x8000f438 (0xbfe5)
core   0: 0x8000f430 (0x00002f17) auipc   t5, 0x2
core   0: 3 0x8000f430 (0x00002f17) x30 0x80011430
core   0: 0x8000f434 (0xbc3f2823) sw      gp, -1072(t5)
core   0: 3 0x8000f434 (0xbc3f2823) mem 0x80011000 0x00000001
core   0: 0x8000f438 (0x0000bfe5) c.j     pc - 8
core   0: 3 0x8000f438 (0xbfe5)
core   0: 0x8000f430 (0x00002f17) auipc   t5, 0x2
core   0: 3 0x8000f430 (0x00002f17) x30 0x80011430
core   0: 0x8000f434 (0xbc3f2823) sw      gp, -1072(t5)
core   0: 3 0x8000f434 (0xbc3f2823) mem 0x80011000 0x00000001
core   0: 0x8000f438 (0x0000bfe5) c.j     pc - 8
core   0: 3 0x8000f438 (0xbfe5)
core   0: 0x8000f430 (0x00002f17) auipc   t5, 0x2
core   0: 3 0x8000f430 (0x00002f17) x30 0x80011430
core   0: 0x8000f434 (0xbc3f2823) sw      gp, -1072(t5)
core   0: 3 0x8000f434 (0xbc3f2823) mem 0x80011000 0x00000001
core   0: 0x8000f438 (0x0000bfe5) c.j     pc - 8
core   0: 3 0x8000f438 (0xbfe5)
core   0: 0x8000f430 (0x00002f17) auipc   t5, 0x2
core   0: 3 0x8000f430 (0x00002f17) x30 0x80011430
core   0: 0x8000f434 (0xbc3f2823) sw      gp, -1072(t5)
core   0: 3 0x8000f434 (0xbc3f2823) mem 0x80011000 0x00000001
core   0: 0x8000f438 (0x0000bfe5) c.j     pc - 8
core   0: 3 0x8000f438 (0xbfe5)
core   0: 0x8000f430 (0x00002f17) auipc   t5, 0x2
core   0: 3 0x8000f430 (0x00002f17) x30 0x80011430
core   0: 0x8000f434 (0xbc3f2823) sw      gp, -1072(t5)
core   0: 3 0x8000f434 (0xbc3f2823) mem 0x80011000 0x00000001
core   0: 0x8000f438 (0x0000bfe5) c.j     pc - 8
core   0: 3 0x8000f438 (0xbfe5)
core   0: 0x8000f430 (0x00002f17) auipc   t5, 0x2
core   0: 3 0x8000f430 (0x00002f17) x30 0x80011430
core   0: 0x8000f434 (0xbc3f2823) sw      gp, -1072(t5)
core   0: 3 0x8000f434 (0xbc3f2823) mem 0x80011000 0x00000001
core   0: 0x8000f438 (0x0000bfe5) c.j     pc - 8
core   0: 3 0x8000f438 (0xbfe5)
core   0: 0x8000f430 (0x00002f17) auipc   t5, 0x2
core   0: 3 0x8000f430 (0x00002f17) x30 0x80011430
core   0: 0x8000f434 (0xbc3f2823) sw      gp, -1072(t5)
core   0: 3 0x8000f434 (0xbc3f2823) mem 0x80011000 0x00000001
core   0: 0x8000f438 (0x0000bfe5) c.j     pc - 8
core   0: 3 0x8000f438 (0xbfe5)
core   0: 0x8000f430 (0x00002f17) auipc   t5, 0x2
core   0: 3 0x8000f430 (0x00002f17) x30 0x80011430
core   0: 0x8000f434 (0xbc3f2823) sw      gp, -1072(t5)
core   0: 3 0x8000f434 (0xbc3f2823) mem 0x80011000 0x00000001
core   0: 0x8000f438 (0x0000bfe5) c.j     pc - 8
core   0: 3 0x8000f438 (0xbfe5)
core   0: 0x8000f430 (0x00002f17) auipc   t5, 0x2
core   0: 3 0x8000f430 (0x00002f17) x30 0x80011430
core   0: 0x8000f434 (0xbc3f2823) sw      gp, -1072(t5)
core   0: 3 0x8000f434 (0xbc3f2823) mem 0x80011000 0x00000001
core   0: 0x8000f438 (0x0000bfe5) c.j     pc - 8
core   0: 3 0x8000f438 (0xbfe5)
core   0: 0x8000f430 (0x00002f17) auipc   t5, 0x2
core   0: 3 0x8000f430 (0x00002f17) x30 0x80011430
core   0: 0x8000f434 (0xbc3f2823) sw      gp, -1072(t5)
core   0: 3 0x8000f434 (0xbc3f2823) mem 0x80011000 0x00000001
core   0: 0x8000f438 (0x0000bfe5) c.j     pc - 8
core   0: 3 0x8000f438 (0xbfe5)
core   0: 0x8000f430 (0x00002f17) auipc   t5, 0x2
core   0: 3 0x8000f430 (0x00002f17) x30 0x80011430
core   0: 0x8000f434 (0xbc3f2823) sw      gp, -1072(t5)
core   0: 3 0x8000f434 (0xbc3f2823) mem 0x80011000 0x00000001
core   0: 0x8000f438 (0x0000bfe5) c.j     pc - 8
core   0: 3 0x8000f438 (0xbfe5)
core   0: 0x8000f430 (0x00002f17) auipc   t5, 0x2
core   0: 3 0x8000f430 (0x00002f17) x30 0x80011430
core   0: 0x8000f434 (0xbc3f2823) sw      gp, -1072(t5)
core   0: 3 0x8000f434 (0xbc3f2823) mem 0x80011000 0x00000001
core   0: 0x8000f438 (0x0000bfe5) c.j     pc - 8
core   0: 3 0x8000f438 (0xbfe5)
core   0: 0x8000f430 (0x00002f17) auipc   t5, 0x2
core   0: 3 0x8000f430 (0x00002f17) x30 0x80011430
core   0: 0x8000f434 (0xbc3f2823) sw      gp, -1072(t5)
core   0: 3 0x8000f434 (0xbc3f2823) mem 0x80011000 0x00000001
core   0: 0x8000f438 (0x0000bfe5) c.j     pc - 8
core   0: 3 0x8000f438 (0xbfe5)
core   0: 0x8000f430 (0x00002f17) auipc   t5, 0x2
core   0: 3 0x8000f430 (0x00002f17) x30 0x80011430
core   0: 0x8000f434 (0xbc3f2823) sw      gp, -1072(t5)
core   0: 3 0x8000f434 (0xbc3f2823) mem 0x80011000 0x00000001
core   0: 0x8000f438 (0x0000bfe5) c.j     pc - 8
core   0: 3 0x8000f438 (0xbfe5)
core   0: 0x8000f430 (0x00002f17) auipc   t5, 0x2
core   0: 3 0x8000f430 (0x00002f17) x30 0x80011430
core   0: 0x8000f434 (0xbc3f2823) sw      gp, -1072(t5)
core   0: 3 0x8000f434 (0xbc3f2823) mem 0x80011000 0x00000001
core   0: 0x8000f438 (0x0000bfe5) c.j     pc - 8
core   0: 3 0x8000f438 (0xbfe5)
core   0: 0x8000f430 (0x00002f17) auipc   t5, 0x2
core   0: 3 0x8000f430 (0x00002f17) x30 0x80011430
core   0: 0x8000f434 (0xbc3f2823) sw      gp, -1072(t5)
core   0: 3 0x8000f434 (0xbc3f2823) mem 0x80011000 0x00000001
core   0: 0x8000f438 (0x0000bfe5) c.j     pc - 8
core   0: 3 0x8000f438 (0xbfe5)
core   0: 0x8000f430 (0x00002f17) auipc   t5, 0x2
core   0: 3 0x8000f430 (0x00002f17) x30 0x80011430
core   0: 0x8000f434 (0xbc3f2823) sw      gp, -1072(t5)
core   0: 3 0x8000f434 (0xbc3f2823) mem 0x80011000 0x00000001
core   0: 0x8000f438 (0x0000bfe5) c.j     pc - 8
core   0: 3 0x8000f438 (0xbfe5)
core   0: 0x8000f430 (0x00002f17) auipc   t5, 0x2
core   0: 3 0x8000f430 (0x00002f17) x30 0x80011430
core   0: 0x8000f434 (0xbc3f2823) sw      gp, -1072(t5)
core   0: 3 0x8000f434 (0xbc3f2823) mem 0x80011000 0x00000001
core   0: 0x8000f438 (0x0000bfe5) c.j     pc - 8
core   0: 3 0x8000f438 (0xbfe5)
core   0: 0x8000f430 (0x00002f17) auipc   t5, 0x2
core   0: 3 0x8000f430 (0x00002f17) x30 0x80011430
core   0: 0x8000f434 (0xbc3f2823) sw      gp, -1072(t5)
core   0: 3 0x8000f434 (0xbc3f2823) mem 0x80011000 0x00000001
core   0: 0x8000f438 (0x0000bfe5) c.j     pc - 8
core   0: 3 0x8000f438 (0xbfe5)
core   0: 0x8000f430 (0x00002f17) auipc   t5, 0x2
core   0: 3 0x8000f430 (0x00002f17) x30 0x80011430
core   0: 0x8000f434 (0xbc3f2823) sw      gp, -1072(t5)
core   0: 3 0x8000f434 (0xbc3f2823) mem 0x80011000 0x00000001
core   0: 0x8000f438 (0x0000bfe5) c.j     pc - 8
core   0: 3 0x8000f438 (0xbfe5)
core   0: 0x8000f430 (0x00002f17) auipc   t5, 0x2
core   0: 3 0x8000f430 (0x00002f17) x30 0x80011430
core   0: 0x8000f434 (0xbc3f2823) sw      gp, -1072(t5)
core   0: 3 0x8000f434 (0xbc3f2823) mem 0x80011000 0x00000001
core   0: 0x8000f438 (0x0000bfe5) c.j     pc - 8
core   0: 3 0x8000f438 (0xbfe5)
core   0: 0x8000f430 (0x00002f17) auipc   t5, 0x2
core   0: 3 0x8000f430 (0x00002f17) x30 0x80011430
core   0: 0x8000f434 (0xbc3f2823) sw      gp, -1072(t5)
core   0: 3 0x8000f434 (0xbc3f2823) mem 0x80011000 0x00000001
core   0: 0x8000f438 (0x0000bfe5) c.j     pc - 8
core   0: 3 0x8000f438 (0xbfe5)
core   0: 0x8000f430 (0x00002f17) auipc   t5, 0x2
core   0: 3 0x8000f430 (0x00002f17) x30 0x80011430
core   0: 0x8000f434 (0xbc3f2823) sw      gp, -1072(t5)
core   0: 3 0x8000f434 (0xbc3f2823) mem 0x80011000 0x00000001
core   0: 0x8000f438 (0x0000bfe5) c.j     pc - 8
core   0: 3 0x8000f438 (0xbfe5)
core   0: 0x8000f430 (0x00002f17) auipc   t5, 0x2
core   0: 3 0x8000f430 (0x00002f17) x30 0x80011430
core   0: 0x8000f434 (0xbc3f2823) sw      gp, -1072(t5)
core   0: 3 0x8000f434 (0xbc3f2823) mem 0x80011000 0x00000001
core   0: 0x8000f438 (0x0000bfe5) c.j     pc - 8
core   0: 3 0x8000f438 (0xbfe5)
core   0: 0x8000f430 (0x00002f17) auipc   t5, 0x2
core   0: 3 0x8000f430 (0x00002f17) x30 0x80011430
core   0: 0x8000f434 (0xbc3f2823) sw      gp, -1072(t5)
core   0: 3 0x8000f434 (0xbc3f2823) mem 0x80011000 0x00000001
core   0: 0x8000f438 (0x0000bfe5) c.j     pc - 8
core   0: 3 0x8000f438 (0xbfe5)
core   0: 0x8000f430 (0x00002f17) auipc   t5, 0x2
core   0: 3 0x8000f430 (0x00002f17) x30 0x80011430
core   0: 0x8000f434 (0xbc3f2823) sw      gp, -1072(t5)
core   0: 3 0x8000f434 (0xbc3f2823) mem 0x80011000 0x00000001
core   0: 0x8000f438 (0x0000bfe5) c.j     pc - 8
core   0: 3 0x8000f438 (0xbfe5)
core   0: 0x8000f430 (0x00002f17) auipc   t5, 0x2
core   0: 3 0x8000f430 (0x00002f17) x30 0x80011430
core   0: 0x8000f434 (0xbc3f2823) sw      gp, -1072(t5)
core   0: 3 0x8000f434 (0xbc3f2823) mem 0x80011000 0x00000001
core   0: 0x8000f438 (0x0000bfe5) c.j     pc - 8
core   0: 3 0x8000f438 (0xbfe5)
core   0: 0x8000f430 (0x00002f17) auipc   t5, 0x2
core   0: 3 0x8000f430 (0x00002f17) x30 0x80011430
core   0: 0x8000f434 (0xbc3f2823) sw      gp, -1072(t5)
core   0: 3 0x8000f434 (0xbc3f2823) mem 0x80011000 0x00000001
core   0: 0x8000f438 (0x0000bfe5) c.j     pc - 8
core   0: 3 0x8000f438 (0xbfe5)
core   0: 0x8000f430 (0x00002f17) auipc   t5, 0x2
core   0: 3 0x8000f430 (0x00002f17) x30 0x80011430
core   0: 0x8000f434 (0xbc3f2823) sw      gp, -1072(t5)
core   0: 3 0x8000f434 (0xbc3f2823) mem 0x80011000 0x00000001
core   0: 0x8000f438 (0x0000bfe5) c.j     pc - 8
core   0: 3 0x8000f438 (0xbfe5)
core   0: 0x8000f430 (0x00002f17) auipc   t5, 0x2
core   0: 3 0x8000f430 (0x00002f17) x30 0x80011430
core   0: 0x8000f434 (0xbc3f2823) sw      gp, -1072(t5)
core   0: 3 0x8000f434 (0xbc3f2823) mem 0x80011000 0x00000001
core   0: 0x8000f438 (0x0000bfe5) c.j     pc - 8
core   0: 3 0x8000f438 (0xbfe5)
core   0: 0x8000f430 (0x00002f17) auipc   t5, 0x2
core   0: 3 0x8000f430 (0x00002f17) x30 0x80011430
core   0: 0x8000f434 (0xbc3f2823) sw      gp, -1072(t5)
core   0: 3 0x8000f434 (0xbc3f2823) mem 0x80011000 0x00000001
core   0: 0x8000f438 (0x0000bfe5) c.j     pc - 8
core   0: 3 0x8000f438 (0xbfe5)
core   0: 0x8000f430 (0x00002f17) auipc   t5, 0x2
core   0: 3 0x8000f430 (0x00002f17) x30 0x80011430
core   0: 0x8000f434 (0xbc3f2823) sw      gp, -1072(t5)
core   0: 3 0x8000f434 (0xbc3f2823) mem 0x80011000 0x00000001
core   0: 0x8000f438 (0x0000bfe5) c.j     pc - 8
core   0: 3 0x8000f438 (0xbfe5)
core   0: 0x8000f430 (0x00002f17) auipc   t5, 0x2
core   0: 3 0x8000f430 (0x00002f17) x30 0x80011430
core   0: 0x8000f434 (0xbc3f2823) sw      gp, -1072(t5)
core   0: 3 0x8000f434 (0xbc3f2823) mem 0x80011000 0x00000001
core   0: 0x8000f438 (0x0000bfe5) c.j     pc - 8
core   0: 3 0x8000f438 (0xbfe5)
core   0: 0x8000f430 (0x00002f17) auipc   t5, 0x2
core   0: 3 0x8000f430 (0x00002f17) x30 0x80011430
core   0: 0x8000f434 (0xbc3f2823) sw      gp, -1072(t5)
core   0: 3 0x8000f434 (0xbc3f2823) mem 0x80011000 0x00000001
core   0: 0x8000f438 (0x0000bfe5) c.j     pc - 8
core   0: 3 0x8000f438 (0xbfe5)
core   0: 0x8000f430 (0x00002f17) auipc   t5, 0x2
core   0: 3 0x8000f430 (0x00002f17) x30 0x80011430
core   0: 0x8000f434 (0xbc3f2823) sw      gp, -1072(t5)
core   0: 3 0x8000f434 (0xbc3f2823) mem 0x80011000 0x00000001
core   0: 0x8000f438 (0x0000bfe5) c.j     pc - 8
core   0: 3 0x8000f438 (0xbfe5)
core   0: 0x8000f430 (0x00002f17) auipc   t5, 0x2
core   0: 3 0x8000f430 (0x00002f17) x30 0x80011430
core   0: 0x8000f434 (0xbc3f2823) sw      gp, -1072(t5)
core   0: 3 0x8000f434 (0xbc3f2823) mem 0x80011000 0x00000001
core   0: 0x8000f438 (0x0000bfe5) c.j     pc - 8
core   0: 3 0x8000f438 (0xbfe5)
core   0: 0x8000f430 (0x00002f17) auipc   t5, 0x2
core   0: 3 0x8000f430 (0x00002f17) x30 0x80011430
core   0: 0x8000f434 (0xbc3f2823) sw      gp, -1072(t5)
core   0: 3 0x8000f434 (0xbc3f2823) mem 0x80011000 0x00000001
core   0: 0x8000f438 (0x0000bfe5) c.j     pc - 8
core   0: 3 0x8000f438 (0xbfe5)
core   0: 0x8000f430 (0x00002f17) auipc   t5, 0x2
core   0: 3 0x8000f430 (0x00002f17) x30 0x80011430
core   0: 0x8000f434 (0xbc3f2823) sw      gp, -1072(t5)
core   0: 3 0x8000f434 (0xbc3f2823) mem 0x80011000 0x00000001
core   0: 0x8000f438 (0x0000bfe5) c.j     pc - 8
core   0: 3 0x8000f438 (0xbfe5)
core   0: 0x8000f430 (0x00002f17) auipc   t5, 0x2
core   0: 3 0x8000f430 (0x00002f17) x30 0x80011430
core   0: 0x8000f434 (0xbc3f2823) sw      gp, -1072(t5)
core   0: 3 0x8000f434 (0xbc3f2823) mem 0x80011000 0x00000001
core   0: 0x8000f438 (0x0000bfe5) c.j     pc - 8
core   0: 3 0x8000f438 (0xbfe5)
core   0: 0x8000f430 (0x00002f17) auipc   t5, 0x2
core   0: 3 0x8000f430 (0x00002f17) x30 0x80011430
core   0: 0x8000f434 (0xbc3f2823) sw      gp, -1072(t5)
core   0: 3 0x8000f434 (0xbc3f2823) mem 0x80011000 0x00000001
core   0: 0x8000f438 (0x0000bfe5) c.j     pc - 8
core   0: 3 0x8000f438 (0xbfe5)
core   0: 0x8000f430 (0x00002f17) auipc   t5, 0x2
core   0: 3 0x8000f430 (0x00002f17) x30 0x80011430
core   0: 0x8000f434 (0xbc3f2823) sw      gp, -1072(t5)
core   0: 3 0x8000f434 (0xbc3f2823) mem 0x80011000 0x00000001
core   0: 0x8000f438 (0x0000bfe5) c.j     pc - 8
core   0: 3 0x8000f438 (0xbfe5)
core   0: 0x8000f430 (0x00002f17) auipc   t5, 0x2
core   0: 3 0x8000f430 (0x00002f17) x30 0x80011430
core   0: 0x8000f434 (0xbc3f2823) sw      gp, -1072(t5)
core   0: 3 0x8000f434 (0xbc3f2823) mem 0x80011000 0x00000001
core   0: 0x8000f438 (0x0000bfe5) c.j     pc - 8
core   0: 3 0x8000f438 (0xbfe5)
core   0: 0x8000f430 (0x00002f17) auipc   t5, 0x2
core   0: 3 0x8000f430 (0x00002f17) x30 0x80011430
core   0: 0x8000f434 (0xbc3f2823) sw      gp, -1072(t5)
core   0: 3 0x8000f434 (0xbc3f2823) mem 0x80011000 0x00000001
core   0: 0x8000f438 (0x0000bfe5) c.j     pc - 8
core   0: 3 0x8000f438 (0xbfe5)
core   0: 0x8000f430 (0x00002f17) auipc   t5, 0x2
core   0: 3 0x8000f430 (0x00002f17) x30 0x80011430
core   0: 0x8000f434 (0xbc3f2823) sw      gp, -1072(t5)
core   0: 3 0x8000f434 (0xbc3f2823) mem 0x80011000 0x00000001
core   0: 0x8000f438 (0x0000bfe5) c.j     pc - 8
core   0: 3 0x8000f438 (0xbfe5)
core   0: 0x8000f430 (0x00002f17) auipc   t5, 0x2
core   0: 3 0x8000f430 (0x00002f17) x30 0x80011430
core   0: 0x8000f434 (0xbc3f2823) sw      gp, -1072(t5)
core   0: 3 0x8000f434 (0xbc3f2823) mem 0x80011000 0x00000001
core   0: 0x8000f438 (0x0000bfe5) c.j     pc - 8
core   0: 3 0x8000f438 (0xbfe5)
core   0: 0x8000f430 (0x00002f17) auipc   t5, 0x2
core   0: 3 0x8000f430 (0x00002f17) x30 0x80011430
core   0: 0x8000f434 (0xbc3f2823) sw      gp, -1072(t5)
core   0: 3 0x8000f434 (0xbc3f2823) mem 0x80011000 0x00000001
core   0: 0x8000f438 (0x0000bfe5) c.j     pc - 8
core   0: 3 0x8000f438 (0xbfe5)
core   0: 0x8000f430 (0x00002f17) auipc   t5, 0x2
core   0: 3 0x8000f430 (0x00002f17) x30 0x80011430
core   0: 0x8000f434 (0xbc3f2823) sw      gp, -1072(t5)
core   0: 3 0x8000f434 (0xbc3f2823) mem 0x80011000 0x00000001
core   0: 0x8000f438 (0x0000bfe5) c.j     pc - 8
core   0: 3 0x8000f438 (0xbfe5)
core   0: 0x8000f430 (0x00002f17) auipc   t5, 0x2
core   0: 3 0x8000f430 (0x00002f17) x30 0x80011430
core   0: 0x8000f434 (0xbc3f2823) sw      gp, -1072(t5)
core   0: 3 0x8000f434 (0xbc3f2823) mem 0x80011000 0x00000001
core   0: 0x8000f438 (0x0000bfe5) c.j     pc - 8
core   0: 3 0x8000f438 (0xbfe5)
core   0: 0x8000f430 (0x00002f17) auipc   t5, 0x2
core   0: 3 0x8000f430 (0x00002f17) x30 0x80011430
core   0: 0x8000f434 (0xbc3f2823) sw      gp, -1072(t5)
core   0: 3 0x8000f434 (0xbc3f2823) mem 0x80011000 0x00000001
core   0: 0x8000f438 (0x0000bfe5) c.j     pc - 8
core   0: 3 0x8000f438 (0xbfe5)
core   0: 0x8000f430 (0x00002f17) auipc   t5, 0x2
core   0: 3 0x8000f430 (0x00002f17) x30 0x80011430
core   0: 0x8000f434 (0xbc3f2823) sw      gp, -1072(t5)
core   0: 3 0x8000f434 (0xbc3f2823) mem 0x80011000 0x00000001
core   0: 0x8000f438 (0x0000bfe5) c.j     pc - 8
core   0: 3 0x8000f438 (0xbfe5)
core   0: 0x8000f430 (0x00002f17) auipc   t5, 0x2
core   0: 3 0x8000f430 (0x00002f17) x30 0x80011430
core   0: 0x8000f434 (0xbc3f2823) sw      gp, -1072(t5)
core   0: 3 0x8000f434 (0xbc3f2823) mem 0x80011000 0x00000001
core   0: 0x8000f438 (0x0000bfe5) c.j     pc - 8
core   0: 3 0x8000f438 (0xbfe5)
core   0: 0x8000f430 (0x00002f17) auipc   t5, 0x2
core   0: 3 0x8000f430 (0x00002f17) x30 0x80011430
core   0: 0x8000f434 (0xbc3f2823) sw      gp, -1072(t5)
core   0: 3 0x8000f434 (0xbc3f2823) mem 0x80011000 0x00000001
core   0: 0x8000f438 (0x0000bfe5) c.j     pc - 8
core   0: 3 0x8000f438 (0xbfe5)
core   0: 0x8000f430 (0x00002f17) auipc   t5, 0x2
core   0: 3 0x8000f430 (0x00002f17) x30 0x80011430
core   0: 0x8000f434 (0xbc3f2823) sw      gp, -1072(t5)
core   0: 3 0x8000f434 (0xbc3f2823) mem 0x80011000 0x00000001
core   0: 0x8000f438 (0x0000bfe5) c.j     pc - 8
core   0: 3 0x8000f438 (0xbfe5)
core   0: 0x8000f430 (0x00002f17) auipc   t5, 0x2
core   0: 3 0x8000f430 (0x00002f17) x30 0x80011430
core   0: 0x8000f434 (0xbc3f2823) sw      gp, -1072(t5)
core   0: 3 0x8000f434 (0xbc3f2823) mem 0x80011000 0x00000001
core   0: 0x8000f438 (0x0000bfe5) c.j     pc - 8
core   0: 3 0x8000f438 (0xbfe5)
core   0: 0x8000f430 (0x00002f17) auipc   t5, 0x2
core   0: 3 0x8000f430 (0x00002f17) x30 0x80011430
core   0: 0x8000f434 (0xbc3f2823) sw      gp, -1072(t5)
core   0: 3 0x8000f434 (0xbc3f2823) mem 0x80011000 0x00000001
core   0: 0x8000f438 (0x0000bfe5) c.j     pc - 8
core   0: 3 0x8000f438 (0xbfe5)
core   0: 0x8000f430 (0x00002f17) auipc   t5, 0x2
core   0: 3 0x8000f430 (0x00002f17) x30 0x80011430
core   0: 0x8000f434 (0xbc3f2823) sw      gp, -1072(t5)
core   0: 3 0x8000f434 (0xbc3f2823) mem 0x80011000 0x00000001
core   0: 0x8000f438 (0x0000bfe5) c.j     pc - 8
core   0: 3 0x8000f438 (0xbfe5)
core   0: 0x8000f430 (0x00002f17) auipc   t5, 0x2
core   0: 3 0x8000f430 (0x00002f17) x30 0x80011430
core   0: 0x8000f434 (0xbc3f2823) sw      gp, -1072(t5)
core   0: 3 0x8000f434 (0xbc3f2823) mem 0x80011000 0x00000001
core   0: 0x8000f438 (0x0000bfe5) c.j     pc - 8
core   0: 3 0x8000f438 (0xbfe5)
core   0: 0x8000f430 (0x00002f17) auipc   t5, 0x2
core   0: 3 0x8000f430 (0x00002f17) x30 0x80011430
core   0: 0x8000f434 (0xbc3f2823) sw      gp, -1072(t5)
core   0: 3 0x8000f434 (0xbc3f2823) mem 0x80011000 0x00000001
core   0: 0x8000f438 (0x0000bfe5) c.j     pc - 8
core   0: 3 0x8000f438 (0xbfe5)
core   0: 0x8000f430 (0x00002f17) auipc   t5, 0x2
core   0: 3 0x8000f430 (0x00002f17) x30 0x80011430
core   0: 0x8000f434 (0xbc3f2823) sw      gp, -1072(t5)
core   0: 3 0x8000f434 (0xbc3f2823) mem 0x80011000 0x00000001
core   0: 0x8000f438 (0x0000bfe5) c.j     pc - 8
core   0: 3 0x8000f438 (0xbfe5)
core   0: 0x8000f430 (0x00002f17) auipc   t5, 0x2
core   0: 3 0x8000f430 (0x00002f17) x30 0x80011430
core   0: 0x8000f434 (0xbc3f2823) sw      gp, -1072(t5)
core   0: 3 0x8000f434 (0xbc3f2823) mem 0x80011000 0x00000001
core   0: 0x8000f438 (0x0000bfe5) c.j     pc - 8
core   0: 3 0x8000f438 (0xbfe5)
core   0: 0x8000f430 (0x00002f17) auipc   t5, 0x2
core   0: 3 0x8000f430 (0x00002f17) x30 0x80011430
core   0: 0x8000f434 (0xbc3f2823) sw      gp, -1072(t5)
core   0: 3 0x8000f434 (0xbc3f2823) mem 0x80011000 0x00000001
core   0: 0x8000f438 (0x0000bfe5) c.j     pc - 8
core   0: 3 0x8000f438 (0xbfe5)
core   0: 0x8000f430 (0x00002f17) auipc   t5, 0x2
core   0: 3 0x8000f430 (0x00002f17) x30 0x80011430
core   0: 0x8000f434 (0xbc3f2823) sw      gp, -1072(t5)
core   0: 3 0x8000f434 (0xbc3f2823) mem 0x80011000 0x00000001
core   0: 0x8000f438 (0x0000bfe5) c.j     pc - 8
core   0: 3 0x8000f438 (0xbfe5)
core   0: 0x8000f430 (0x00002f17) auipc   t5, 0x2
core   0: 3 0x8000f430 (0x00002f17) x30 0x80011430
core   0: 0x8000f434 (0xbc3f2823) sw      gp, -1072(t5)
core   0: 3 0x8000f434 (0xbc3f2823) mem 0x80011000 0x00000001
core   0: 0x8000f438 (0x0000bfe5) c.j     pc - 8
core   0: 3 0x8000f438 (0xbfe5)
core   0: 0x8000f430 (0x00002f17) auipc   t5, 0x2
core   0: 3 0x8000f430 (0x00002f17) x30 0x80011430
core   0: 0x8000f434 (0xbc3f2823) sw      gp, -1072(t5)
core   0: 3 0x8000f434 (0xbc3f2823) mem 0x80011000 0x00000001
core   0: 0x8000f438 (0x0000bfe5) c.j     pc - 8
core   0: 3 0x8000f438 (0xbfe5)
core   0: 0x8000f430 (0x00002f17) auipc   t5, 0x2
core   0: 3 0x8000f430 (0x00002f17) x30 0x80011430
core   0: 0x8000f434 (0xbc3f2823) sw      gp, -1072(t5)
core   0: 3 0x8000f434 (0xbc3f2823) mem 0x80011000 0x00000001
core   0: 0x8000f438 (0x0000bfe5) c.j     pc - 8
core   0: 3 0x8000f438 (0xbfe5)
core   0: 0x8000f430 (0x00002f17) auipc   t5, 0x2
core   0: 3 0x8000f430 (0x00002f17) x30 0x80011430
core   0: 0x8000f434 (0xbc3f2823) sw      gp, -1072(t5)
core   0: 3 0x8000f434 (0xbc3f2823) mem 0x80011000 0x00000001
core   0: 0x8000f438 (0x0000bfe5) c.j     pc - 8
core   0: 3 0x8000f438 (0xbfe5)
core   0: 0x8000f430 (0x00002f17) auipc   t5, 0x2
core   0: 3 0x8000f430 (0x00002f17) x30 0x80011430
core   0: 0x8000f434 (0xbc3f2823) sw      gp, -1072(t5)
core   0: 3 0x8000f434 (0xbc3f2823) mem 0x80011000 0x00000001
core   0: 0x8000f438 (0x0000bfe5) c.j     pc - 8
core   0: 3 0x8000f438 (0xbfe5)
core   0: 0x8000f430 (0x00002f17) auipc   t5, 0x2
core   0: 3 0x8000f430 (0x00002f17) x30 0x80011430
core   0: 0x8000f434 (0xbc3f2823) sw      gp, -1072(t5)
core   0: 3 0x8000f434 (0xbc3f2823) mem 0x80011000 0x00000001
core   0: 0x8000f438 (0x0000bfe5) c.j     pc - 8
core   0: 3 0x8000f438 (0xbfe5)
core   0: 0x8000f430 (0x00002f17) auipc   t5, 0x2
core   0: 3 0x8000f430 (0x00002f17) x30 0x80011430
core   0: 0x8000f434 (0xbc3f2823) sw      gp, -1072(t5)
core   0: 3 0x8000f434 (0xbc3f2823) mem 0x80011000 0x00000001
core   0: 0x8000f438 (0x0000bfe5) c.j     pc - 8
core   0: 3 0x8000f438 (0xbfe5)
core   0: 0x8000f430 (0x00002f17) auipc   t5, 0x2
core   0: 3 0x8000f430 (0x00002f17) x30 0x80011430
core   0: 0x8000f434 (0xbc3f2823) sw      gp, -1072(t5)
core   0: 3 0x8000f434 (0xbc3f2823) mem 0x80011000 0x00000001
core   0: 0x8000f438 (0x0000bfe5) c.j     pc - 8
core   0: 3 0x8000f438 (0xbfe5)
core   0: 0x8000f430 (0x00002f17) auipc   t5, 0x2
core   0: 3 0x8000f430 (0x00002f17) x30 0x80011430
core   0: 0x8000f434 (0xbc3f2823) sw      gp, -1072(t5)
core   0: 3 0x8000f434 (0xbc3f2823) mem 0x80011000 0x00000001
core   0: 0x8000f438 (0x0000bfe5) c.j     pc - 8
core   0: 3 0x8000f438 (0xbfe5)
core   0: 0x8000f430 (0x00002f17) auipc   t5, 0x2
core   0: 3 0x8000f430 (0x00002f17) x30 0x80011430
core   0: 0x8000f434 (0xbc3f2823) sw      gp, -1072(t5)
core   0: 3 0x8000f434 (0xbc3f2823) mem 0x80011000 0x00000001
core   0: 0x8000f438 (0x0000bfe5) c.j     pc - 8
core   0: 3 0x8000f438 (0xbfe5)
core   0: 0x8000f430 (0x00002f17) auipc   t5, 0x2
core   0: 3 0x8000f430 (0x00002f17) x30 0x80011430
core   0: 0x8000f434 (0xbc3f2823) sw      gp, -1072(t5)
core   0: 3 0x8000f434 (0xbc3f2823) mem 0x80011000 0x00000001
core   0: 0x8000f438 (0x0000bfe5) c.j     pc - 8
core   0: 3 0x8000f438 (0xbfe5)
core   0: 0x8000f430 (0x00002f17) auipc   t5, 0x2
core   0: 3 0x8000f430 (0x00002f17) x30 0x80011430
core   0: 0x8000f434 (0xbc3f2823) sw      gp, -1072(t5)
core   0: 3 0x8000f434 (0xbc3f2823) mem 0x80011000 0x00000001
core   0: 0x8000f438 (0x0000bfe5) c.j     pc - 8
core   0: 3 0x8000f438 (0xbfe5)
core   0: 0x8000f430 (0x00002f17) auipc   t5, 0x2
core   0: 3 0x8000f430 (0x00002f17) x30 0x80011430
core   0: 0x8000f434 (0xbc3f2823) sw      gp, -1072(t5)
core   0: 3 0x8000f434 (0xbc3f2823) mem 0x80011000 0x00000001
core   0: 0x8000f438 (0x0000bfe5) c.j     pc - 8
core   0: 3 0x8000f438 (0xbfe5)
core   0: 0x8000f430 (0x00002f17) auipc   t5, 0x2
core   0: 3 0x8000f430 (0x00002f17) x30 0x80011430
core   0: 0x8000f434 (0xbc3f2823) sw      gp, -1072(t5)
core   0: 3 0x8000f434 (0xbc3f2823) mem 0x80011000 0x00000001
core   0: 0x8000f438 (0x0000bfe5) c.j     pc - 8
core   0: 3 0x8000f438 (0xbfe5)
core   0: 0x8000f430 (0x00002f17) auipc   t5, 0x2
core   0: 3 0x8000f430 (0x00002f17) x30 0x80011430
core   0: 0x8000f434 (0xbc3f2823) sw      gp, -1072(t5)
core   0: 3 0x8000f434 (0xbc3f2823) mem 0x80011000 0x00000001
core   0: 0x8000f438 (0x0000bfe5) c.j     pc - 8
core   0: 3 0x8000f438 (0xbfe5)
core   0: 0x8000f430 (0x00002f17) auipc   t5, 0x2
core   0: 3 0x8000f430 (0x00002f17) x30 0x80011430
core   0: 0x8000f434 (0xbc3f2823) sw      gp, -1072(t5)
core   0: 3 0x8000f434 (0xbc3f2823) mem 0x80011000 0x00000001
core   0: 0x8000f438 (0x0000bfe5) c.j     pc - 8
core   0: 3 0x8000f438 (0xbfe5)
core   0: 0x8000f430 (0x00002f17) auipc   t5, 0x2
core   0: 3 0x8000f430 (0x00002f17) x30 0x80011430
core   0: 0x8000f434 (0xbc3f2823) sw      gp, -1072(t5)
core   0: 3 0x8000f434 (0xbc3f2823) mem 0x80011000 0x00000001
core   0: 0x8000f438 (0x0000bfe5) c.j     pc - 8
core   0: 3 0x8000f438 (0xbfe5)
core   0: 0x8000f430 (0x00002f17) auipc   t5, 0x2
core   0: 3 0x8000f430 (0x00002f17) x30 0x80011430
core   0: 0x8000f434 (0xbc3f2823) sw      gp, -1072(t5)
core   0: 3 0x8000f434 (0xbc3f2823) mem 0x80011000 0x00000001
core   0: 0x8000f438 (0x0000bfe5) c.j     pc - 8
core   0: 3 0x8000f438 (0xbfe5)
core   0: 0x8000f430 (0x00002f17) auipc   t5, 0x2
core   0: 3 0x8000f430 (0x00002f17) x30 0x80011430
core   0: 0x8000f434 (0xbc3f2823) sw      gp, -1072(t5)
core   0: 3 0x8000f434 (0xbc3f2823) mem 0x80011000 0x00000001
core   0: 0x8000f438 (0x0000bfe5) c.j     pc - 8
core   0: 3 0x8000f438 (0xbfe5)
core   0: 0x8000f430 (0x00002f17) auipc   t5, 0x2
core   0: 3 0x8000f430 (0x00002f17) x30 0x80011430
core   0: 0x8000f434 (0xbc3f2823) sw      gp, -1072(t5)
core   0: 3 0x8000f434 (0xbc3f2823) mem 0x80011000 0x00000001
core   0: 0x8000f438 (0x0000bfe5) c.j     pc - 8
core   0: 3 0x8000f438 (0xbfe5)
core   0: 0x8000f430 (0x00002f17) auipc   t5, 0x2
core   0: 3 0x8000f430 (0x00002f17) x30 0x80011430
core   0: 0x8000f434 (0xbc3f2823) sw      gp, -1072(t5)
core   0: 3 0x8000f434 (0xbc3f2823) mem 0x80011000 0x00000001
core   0: 0x8000f438 (0x0000bfe5) c.j     pc - 8
core   0: 3 0x8000f438 (0xbfe5)
core   0: 0x8000f430 (0x00002f17) auipc   t5, 0x2
core   0: 3 0x8000f430 (0x00002f17) x30 0x80011430
core   0: 0x8000f434 (0xbc3f2823) sw      gp, -1072(t5)
core   0: 3 0x8000f434 (0xbc3f2823) mem 0x80011000 0x00000001
core   0: 0x8000f438 (0x0000bfe5) c.j     pc - 8
core   0: 3 0x8000f438 (0xbfe5)
core   0: 0x8000f430 (0x00002f17) auipc   t5, 0x2
core   0: 3 0x8000f430 (0x00002f17) x30 0x80011430
core   0: 0x8000f434 (0xbc3f2823) sw      gp, -1072(t5)
core   0: 3 0x8000f434 (0xbc3f2823) mem 0x80011000 0x00000001
core   0: 0x8000f438 (0x0000bfe5) c.j     pc - 8
core   0: 3 0x8000f438 (0xbfe5)
core   0: 0x8000f430 (0x00002f17) auipc   t5, 0x2
core   0: 3 0x8000f430 (0x00002f17) x30 0x80011430
core   0: 0x8000f434 (0xbc3f2823) sw      gp, -1072(t5)
core   0: 3 0x8000f434 (0xbc3f2823) mem 0x80011000 0x00000001
core   0: 0x8000f438 (0x0000bfe5) c.j     pc - 8
core   0: 3 0x8000f438 (0xbfe5)
core   0: 0x8000f430 (0x00002f17) auipc   t5, 0x2
core   0: 3 0x8000f430 (0x00002f17) x30 0x80011430
core   0: 0x8000f434 (0xbc3f2823) sw      gp, -1072(t5)
core   0: 3 0x8000f434 (0xbc3f2823) mem 0x80011000 0x00000001
core   0: 0x8000f438 (0x0000bfe5) c.j     pc - 8
core   0: 3 0x8000f438 (0xbfe5)
core   0: 0x8000f430 (0x00002f17) auipc   t5, 0x2
core   0: 3 0x8000f430 (0x00002f17) x30 0x80011430
core   0: 0x8000f434 (0xbc3f2823) sw      gp, -1072(t5)
core   0: 3 0x8000f434 (0xbc3f2823) mem 0x80011000 0x00000001
core   0: 0x8000f438 (0x0000bfe5) c.j     pc - 8
core   0: 3 0x8000f438 (0xbfe5)
core   0: 0x8000f430 (0x00002f17) auipc   t5, 0x2
core   0: 3 0x8000f430 (0x00002f17) x30 0x80011430
core   0: 0x8000f434 (0xbc3f2823) sw      gp, -1072(t5)
core   0: 3 0x8000f434 (0xbc3f2823) mem 0x80011000 0x00000001
core   0: 0x8000f438 (0x0000bfe5) c.j     pc - 8
core   0: 3 0x8000f438 (0xbfe5)
core   0: 0x8000f430 (0x00002f17) auipc   t5, 0x2
core   0: 3 0x8000f430 (0x00002f17) x30 0x80011430
core   0: 0x8000f434 (0xbc3f2823) sw      gp, -1072(t5)
core   0: 3 0x8000f434 (0xbc3f2823) mem 0x80011000 0x00000001
core   0: 0x8000f438 (0x0000bfe5) c.j     pc - 8
core   0: 3 0x8000f438 (0xbfe5)
core   0: 0x8000f430 (0x00002f17) auipc   t5, 0x2
core   0: 3 0x8000f430 (0x00002f17) x30 0x80011430
core   0: 0x8000f434 (0xbc3f2823) sw      gp, -1072(t5)
core   0: 3 0x8000f434 (0xbc3f2823) mem 0x80011000 0x00000001
core   0: 0x8000f438 (0x0000bfe5) c.j     pc - 8
core   0: 3 0x8000f438 (0xbfe5)
core   0: 0x8000f430 (0x00002f17) auipc   t5, 0x2
core   0: 3 0x8000f430 (0x00002f17) x30 0x80011430
core   0: 0x8000f434 (0xbc3f2823) sw      gp, -1072(t5)
core   0: 3 0x8000f434 (0xbc3f2823) mem 0x80011000 0x00000001
core   0: 0x8000f438 (0x0000bfe5) c.j     pc - 8
core   0: 3 0x8000f438 (0xbfe5)
core   0: 0x8000f430 (0x00002f17) auipc   t5, 0x2
core   0: 3 0x8000f430 (0x00002f17) x30 0x80011430
core   0: 0x8000f434 (0xbc3f2823) sw      gp, -1072(t5)
core   0: 3 0x8000f434 (0xbc3f2823) mem 0x80011000 0x00000001
core   0: 0x8000f438 (0x0000bfe5) c.j     pc - 8
core   0: 3 0x8000f438 (0xbfe5)
core   0: 0x8000f430 (0x00002f17) auipc   t5, 0x2
core   0: 3 0x8000f430 (0x00002f17) x30 0x80011430
core   0: 0x8000f434 (0xbc3f2823) sw      gp, -1072(t5)
core   0: 3 0x8000f434 (0xbc3f2823) mem 0x80011000 0x00000001
core   0: 0x8000f438 (0x0000bfe5) c.j     pc - 8
core   0: 3 0x8000f438 (0xbfe5)
core   0: 0x8000f430 (0x00002f17) auipc   t5, 0x2
core   0: 3 0x8000f430 (0x00002f17) x30 0x80011430
core   0: 0x8000f434 (0xbc3f2823) sw      gp, -1072(t5)
core   0: 3 0x8000f434 (0xbc3f2823) mem 0x80011000 0x00000001
core   0: 0x8000f438 (0x0000bfe5) c.j     pc - 8
core   0: 3 0x8000f438 (0xbfe5)
core   0: 0x8000f430 (0x00002f17) auipc   t5, 0x2
core   0: 3 0x8000f430 (0x00002f17) x30 0x80011430
core   0: 0x8000f434 (0xbc3f2823) sw      gp, -1072(t5)
core   0: 3 0x8000f434 (0xbc3f2823) mem 0x80011000 0x00000001
core   0: 0x8000f438 (0x0000bfe5) c.j     pc - 8
core   0: 3 0x8000f438 (0xbfe5)
core   0: 0x8000f430 (0x00002f17) auipc   t5, 0x2
core   0: 3 0x8000f430 (0x00002f17) x30 0x80011430
core   0: 0x8000f434 (0xbc3f2823) sw      gp, -1072(t5)
core   0: 3 0x8000f434 (0xbc3f2823) mem 0x80011000 0x00000001
core   0: 0x8000f438 (0x0000bfe5) c.j     pc - 8
core   0: 3 0x8000f438 (0xbfe5)
core   0: 0x8000f430 (0x00002f17) auipc   t5, 0x2
core   0: 3 0x8000f430 (0x00002f17) x30 0x80011430
core   0: 0x8000f434 (0xbc3f2823) sw      gp, -1072(t5)
core   0: 3 0x8000f434 (0xbc3f2823) mem 0x80011000 0x00000001
core   0: 0x8000f438 (0x0000bfe5) c.j     pc - 8
core   0: 3 0x8000f438 (0xbfe5)
core   0: 0x8000f430 (0x00002f17) auipc   t5, 0x2
core   0: 3 0x8000f430 (0x00002f17) x30 0x80011430
core   0: 0x8000f434 (0xbc3f2823) sw      gp, -1072(t5)
core   0: 3 0x8000f434 (0xbc3f2823) mem 0x80011000 0x00000001
core   0: 0x8000f438 (0x0000bfe5) c.j     pc - 8
core   0: 3 0x8000f438 (0xbfe5)
core   0: 0x8000f430 (0x00002f17) auipc   t5, 0x2
core   0: 3 0x8000f430 (0x00002f17) x30 0x80011430
core   0: 0x8000f434 (0xbc3f2823) sw      gp, -1072(t5)
core   0: 3 0x8000f434 (0xbc3f2823) mem 0x80011000 0x00000001
core   0: 0x8000f438 (0x0000bfe5) c.j     pc - 8
core   0: 3 0x8000f438 (0xbfe5)
core   0: 0x8000f430 (0x00002f17) auipc   t5, 0x2
core   0: 3 0x8000f430 (0x00002f17) x30 0x80011430
core   0: 0x8000f434 (0xbc3f2823) sw      gp, -1072(t5)
core   0: 3 0x8000f434 (0xbc3f2823) mem 0x80011000 0x00000001
core   0: 0x8000f438 (0x0000bfe5) c.j     pc - 8
core   0: 3 0x8000f438 (0xbfe5)
core   0: 0x8000f430 (0x00002f17) auipc   t5, 0x2
core   0: 3 0x8000f430 (0x00002f17) x30 0x80011430
core   0: 0x8000f434 (0xbc3f2823) sw      gp, -1072(t5)
core   0: 3 0x8000f434 (0xbc3f2823) mem 0x80011000 0x00000001
core   0: 0x8000f438 (0x0000bfe5) c.j     pc - 8
core   0: 3 0x8000f438 (0xbfe5)
core   0: 0x8000f430 (0x00002f17) auipc   t5, 0x2
core   0: 3 0x8000f430 (0x00002f17) x30 0x80011430
core   0: 0x8000f434 (0xbc3f2823) sw      gp, -1072(t5)
core   0: 3 0x8000f434 (0xbc3f2823) mem 0x80011000 0x00000001
core   0: 0x8000f438 (0x0000bfe5) c.j     pc - 8
core   0: 3 0x8000f438 (0xbfe5)
core   0: 0x8000f430 (0x00002f17) auipc   t5, 0x2
core   0: 3 0x8000f430 (0x00002f17) x30 0x80011430
core   0: 0x8000f434 (0xbc3f2823) sw      gp, -1072(t5)
core   0: 3 0x8000f434 (0xbc3f2823) mem 0x80011000 0x00000001
core   0: 0x8000f438 (0x0000bfe5) c.j     pc - 8
core   0: 3 0x8000f438 (0xbfe5)
core   0: 0x8000f430 (0x00002f17) auipc   t5, 0x2
core   0: 3 0x8000f430 (0x00002f17) x30 0x80011430
core   0: 0x8000f434 (0xbc3f2823) sw      gp, -1072(t5)
core   0: 3 0x8000f434 (0xbc3f2823) mem 0x80011000 0x00000001
core   0: 0x8000f438 (0x0000bfe5) c.j     pc - 8
core   0: 3 0x8000f438 (0xbfe5)
core   0: 0x8000f430 (0x00002f17) auipc   t5, 0x2
core   0: 3 0x8000f430 (0x00002f17) x30 0x80011430
core   0: 0x8000f434 (0xbc3f2823) sw      gp, -1072(t5)
core   0: 3 0x8000f434 (0xbc3f2823) mem 0x80011000 0x00000001
core   0: 0x8000f438 (0x0000bfe5) c.j     pc - 8
core   0: 3 0x8000f438 (0xbfe5)
core   0: 0x8000f430 (0x00002f17) auipc   t5, 0x2
core   0: 3 0x8000f430 (0x00002f17) x30 0x80011430
core   0: 0x8000f434 (0xbc3f2823) sw      gp, -1072(t5)
core   0: 3 0x8000f434 (0xbc3f2823) mem 0x80011000 0x00000001
core   0: 0x8000f438 (0x0000bfe5) c.j     pc - 8
core   0: 3 0x8000f438 (0xbfe5)
core   0: 0x8000f430 (0x00002f17) auipc   t5, 0x2
core   0: 3 0x8000f430 (0x00002f17) x30 0x80011430
core   0: 0x8000f434 (0xbc3f2823) sw      gp, -1072(t5)
core   0: 3 0x8000f434 (0xbc3f2823) mem 0x80011000 0x00000001
core   0: 0x8000f438 (0x0000bfe5) c.j     pc - 8
core   0: 3 0x8000f438 (0xbfe5)
core   0: 0x8000f430 (0x00002f17) auipc   t5, 0x2
core   0: 3 0x8000f430 (0x00002f17) x30 0x80011430
core   0: 0x8000f434 (0xbc3f2823) sw      gp, -1072(t5)
core   0: 3 0x8000f434 (0xbc3f2823) mem 0x80011000 0x00000001
core   0: 0x8000f438 (0x0000bfe5) c.j     pc - 8
core   0: 3 0x8000f438 (0xbfe5)
core   0: 0x8000f430 (0x00002f17) auipc   t5, 0x2
core   0: 3 0x8000f430 (0x00002f17) x30 0x80011430
core   0: 0x8000f434 (0xbc3f2823) sw      gp, -1072(t5)
core   0: 3 0x8000f434 (0xbc3f2823) mem 0x80011000 0x00000001
core   0: 0x8000f438 (0x0000bfe5) c.j     pc - 8
core   0: 3 0x8000f438 (0xbfe5)
core   0: 0x8000f430 (0x00002f17) auipc   t5, 0x2
core   0: 3 0x8000f430 (0x00002f17) x30 0x80011430
core   0: 0x8000f434 (0xbc3f2823) sw      gp, -1072(t5)
core   0: 3 0x8000f434 (0xbc3f2823) mem 0x80011000 0x00000001
core   0: 0x8000f438 (0x0000bfe5) c.j     pc - 8
core   0: 3 0x8000f438 (0xbfe5)
core   0: 0x8000f430 (0x00002f17) auipc   t5, 0x2
core   0: 3 0x8000f430 (0x00002f17) x30 0x80011430
core   0: 0x8000f434 (0xbc3f2823) sw      gp, -1072(t5)
core   0: 3 0x8000f434 (0xbc3f2823) mem 0x80011000 0x00000001
core   0: 0x8000f438 (0x0000bfe5) c.j     pc - 8
core   0: 3 0x8000f438 (0xbfe5)
core   0: 0x8000f430 (0x00002f17) auipc   t5, 0x2
core   0: 3 0x8000f430 (0x00002f17) x30 0x80011430
core   0: 0x8000f434 (0xbc3f2823) sw      gp, -1072(t5)
core   0: 3 0x8000f434 (0xbc3f2823) mem 0x80011000 0x00000001
core   0: 0x8000f438 (0x0000bfe5) c.j     pc - 8
core   0: 3 0x8000f438 (0xbfe5)
core   0: 0x8000f430 (0x00002f17) auipc   t5, 0x2
core   0: 3 0x8000f430 (0x00002f17) x30 0x80011430
core   0: 0x8000f434 (0xbc3f2823) sw      gp, -1072(t5)
core   0: 3 0x8000f434 (0xbc3f2823) mem 0x80011000 0x00000001
core   0: 0x8000f438 (0x0000bfe5) c.j     pc - 8
core   0: 3 0x8000f438 (0xbfe5)
core   0: 0x8000f430 (0x00002f17) auipc   t5, 0x2
core   0: 3 0x8000f430 (0x00002f17) x30 0x80011430
core   0: 0x8000f434 (0xbc3f2823) sw      gp, -1072(t5)
core   0: 3 0x8000f434 (0xbc3f2823) mem 0x80011000 0x00000001
core   0: 0x8000f438 (0x0000bfe5) c.j     pc - 8
core   0: 3 0x8000f438 (0xbfe5)
core   0: 0x8000f430 (0x00002f17) auipc   t5, 0x2
core   0: 3 0x8000f430 (0x00002f17) x30 0x80011430
core   0: 0x8000f434 (0xbc3f2823) sw      gp, -1072(t5)
core   0: 3 0x8000f434 (0xbc3f2823) mem 0x80011000 0x00000001
core   0: 0x8000f438 (0x0000bfe5) c.j     pc - 8
core   0: 3 0x8000f438 (0xbfe5)
core   0: 0x8000f430 (0x00002f17) auipc   t5, 0x2
core   0: 3 0x8000f430 (0x00002f17) x30 0x80011430
core   0: 0x8000f434 (0xbc3f2823) sw      gp, -1072(t5)
core   0: 3 0x8000f434 (0xbc3f2823) mem 0x80011000 0x00000001
core   0: 0x8000f438 (0x0000bfe5) c.j     pc - 8
core   0: 3 0x8000f438 (0xbfe5)
core   0: 0x8000f430 (0x00002f17) auipc   t5, 0x2
core   0: 3 0x8000f430 (0x00002f17) x30 0x80011430
core   0: 0x8000f434 (0xbc3f2823) sw      gp, -1072(t5)
core   0: 3 0x8000f434 (0xbc3f2823) mem 0x80011000 0x00000001
core   0: 0x8000f438 (0x0000bfe5) c.j     pc - 8
core   0: 3 0x8000f438 (0xbfe5)
core   0: 0x8000f430 (0x00002f17) auipc   t5, 0x2
core   0: 3 0x8000f430 (0x00002f17) x30 0x80011430
core   0: 0x8000f434 (0xbc3f2823) sw      gp, -1072(t5)
core   0: 3 0x8000f434 (0xbc3f2823) mem 0x80011000 0x00000001
core   0: 0x8000f438 (0x0000bfe5) c.j     pc - 8
core   0: 3 0x8000f438 (0xbfe5)
core   0: 0x8000f430 (0x00002f17) auipc   t5, 0x2
core   0: 3 0x8000f430 (0x00002f17) x30 0x80011430
core   0: 0x8000f434 (0xbc3f2823) sw      gp, -1072(t5)
core   0: 3 0x8000f434 (0xbc3f2823) mem 0x80011000 0x00000001
core   0: 0x8000f438 (0x0000bfe5) c.j     pc - 8
core   0: 3 0x8000f438 (0xbfe5)
core   0: 0x8000f430 (0x00002f17) auipc   t5, 0x2
core   0: 3 0x8000f430 (0x00002f17) x30 0x80011430
core   0: 0x8000f434 (0xbc3f2823) sw      gp, -1072(t5)
core   0: 3 0x8000f434 (0xbc3f2823) mem 0x80011000 0x00000001
core   0: 0x8000f438 (0x0000bfe5) c.j     pc - 8
core   0: 3 0x8000f438 (0xbfe5)
core   0: 0x8000f430 (0x00002f17) auipc   t5, 0x2
core   0: 3 0x8000f430 (0x00002f17) x30 0x80011430
core   0: 0x8000f434 (0xbc3f2823) sw      gp, -1072(t5)
core   0: 3 0x8000f434 (0xbc3f2823) mem 0x80011000 0x00000001
core   0: 0x8000f438 (0x0000bfe5) c.j     pc - 8
core   0: 3 0x8000f438 (0xbfe5)
core   0: 0x8000f430 (0x00002f17) auipc   t5, 0x2
core   0: 3 0x8000f430 (0x00002f17) x30 0x80011430
core   0: 0x8000f434 (0xbc3f2823) sw      gp, -1072(t5)
core   0: 3 0x8000f434 (0xbc3f2823) mem 0x80011000 0x00000001
core   0: 0x8000f438 (0x0000bfe5) c.j     pc - 8
core   0: 3 0x8000f438 (0xbfe5)
core   0: 0x8000f430 (0x00002f17) auipc   t5, 0x2
core   0: 3 0x8000f430 (0x00002f17) x30 0x80011430
core   0: 0x8000f434 (0xbc3f2823) sw      gp, -1072(t5)
core   0: 3 0x8000f434 (0xbc3f2823) mem 0x80011000 0x00000001
core   0: 0x8000f438 (0x0000bfe5) c.j     pc - 8
core   0: 3 0x8000f438 (0xbfe5)
core   0: 0x8000f430 (0x00002f17) auipc   t5, 0x2
core   0: 3 0x8000f430 (0x00002f17) x30 0x80011430
core   0: 0x8000f434 (0xbc3f2823) sw      gp, -1072(t5)
core   0: 3 0x8000f434 (0xbc3f2823) mem 0x80011000 0x00000001
core   0: 0x8000f438 (0x0000bfe5) c.j     pc - 8
core   0: 3 0x8000f438 (0xbfe5)
core   0: 0x8000f430 (0x00002f17) auipc   t5, 0x2
core   0: 3 0x8000f430 (0x00002f17) x30 0x80011430
core   0: 0x8000f434 (0xbc3f2823) sw      gp, -1072(t5)
core   0: 3 0x8000f434 (0xbc3f2823) mem 0x80011000 0x00000001
core   0: 0x8000f438 (0x0000bfe5) c.j     pc - 8
core   0: 3 0x8000f438 (0xbfe5)
core   0: 0x8000f430 (0x00002f17) auipc   t5, 0x2
core   0: 3 0x8000f430 (0x00002f17) x30 0x80011430
core   0: 0x8000f434 (0xbc3f2823) sw      gp, -1072(t5)
core   0: 3 0x8000f434 (0xbc3f2823) mem 0x80011000 0x00000001
core   0: 0x8000f438 (0x0000bfe5) c.j     pc - 8
core   0: 3 0x8000f438 (0xbfe5)
core   0: 0x8000f430 (0x00002f17) auipc   t5, 0x2
core   0: 3 0x8000f430 (0x00002f17) x30 0x80011430
core   0: 0x8000f434 (0xbc3f2823) sw      gp, -1072(t5)
core   0: 3 0x8000f434 (0xbc3f2823) mem 0x80011000 0x00000001
core   0: 0x8000f438 (0x0000bfe5) c.j     pc - 8
core   0: 3 0x8000f438 (0xbfe5)
core   0: 0x8000f430 (0x00002f17) auipc   t5, 0x2
core   0: 3 0x8000f430 (0x00002f17) x30 0x80011430
core   0: 0x8000f434 (0xbc3f2823) sw      gp, -1072(t5)
core   0: 3 0x8000f434 (0xbc3f2823) mem 0x80011000 0x00000001
core   0: 0x8000f438 (0x0000bfe5) c.j     pc - 8
core   0: 3 0x8000f438 (0xbfe5)
core   0: 0x8000f430 (0x00002f17) auipc   t5, 0x2
core   0: 3 0x8000f430 (0x00002f17) x30 0x80011430
core   0: 0x8000f434 (0xbc3f2823) sw      gp, -1072(t5)
core   0: 3 0x8000f434 (0xbc3f2823) mem 0x80011000 0x00000001
core   0: 0x8000f438 (0x0000bfe5) c.j     pc - 8
core   0: 3 0x8000f438 (0xbfe5)
core   0: 0x8000f430 (0x00002f17) auipc   t5, 0x2
core   0: 3 0x8000f430 (0x00002f17) x30 0x80011430
core   0: 0x8000f434 (0xbc3f2823) sw      gp, -1072(t5)
core   0: 3 0x8000f434 (0xbc3f2823) mem 0x80011000 0x00000001
core   0: 0x8000f438 (0x0000bfe5) c.j     pc - 8
core   0: 3 0x8000f438 (0xbfe5)
core   0: 0x8000f430 (0x00002f17) auipc   t5, 0x2
core   0: 3 0x8000f430 (0x00002f17) x30 0x80011430
core   0: 0x8000f434 (0xbc3f2823) sw      gp, -1072(t5)
core   0: 3 0x8000f434 (0xbc3f2823) mem 0x80011000 0x00000001
core   0: 0x8000f438 (0x0000bfe5) c.j     pc - 8
core   0: 3 0x8000f438 (0xbfe5)
core   0: 0x8000f430 (0x00002f17) auipc   t5, 0x2
core   0: 3 0x8000f430 (0x00002f17) x30 0x80011430
core   0: 0x8000f434 (0xbc3f2823) sw      gp, -1072(t5)
core   0: 3 0x8000f434 (0xbc3f2823) mem 0x80011000 0x00000001
core   0: 0x8000f438 (0x0000bfe5) c.j     pc - 8
core   0: 3 0x8000f438 (0xbfe5)
core   0: 0x8000f430 (0x00002f17) auipc   t5, 0x2
core   0: 3 0x8000f430 (0x00002f17) x30 0x80011430
core   0: 0x8000f434 (0xbc3f2823) sw      gp, -1072(t5)
core   0: 3 0x8000f434 (0xbc3f2823) mem 0x80011000 0x00000001
core   0: 0x8000f438 (0x0000bfe5) c.j     pc - 8
core   0: 3 0x8000f438 (0xbfe5)
core   0: 0x8000f430 (0x00002f17) auipc   t5, 0x2
core   0: 3 0x8000f430 (0x00002f17) x30 0x80011430
core   0: 0x8000f434 (0xbc3f2823) sw      gp, -1072(t5)
core   0: 3 0x8000f434 (0xbc3f2823) mem 0x80011000 0x00000001
core   0: 0x8000f438 (0x0000bfe5) c.j     pc - 8
core   0: 3 0x8000f438 (0xbfe5)
core   0: 0x8000f430 (0x00002f17) auipc   t5, 0x2
core   0: 3 0x8000f430 (0x00002f17) x30 0x80011430
core   0: 0x8000f434 (0xbc3f2823) sw      gp, -1072(t5)
core   0: 3 0x8000f434 (0xbc3f2823) mem 0x80011000 0x00000001
core   0: 0x8000f438 (0x0000bfe5) c.j     pc - 8
core   0: 3 0x8000f438 (0xbfe5)
core   0: 0x8000f430 (0x00002f17) auipc   t5, 0x2
core   0: 3 0x8000f430 (0x00002f17) x30 0x80011430
core   0: 0x8000f434 (0xbc3f2823) sw      gp, -1072(t5)
core   0: 3 0x8000f434 (0xbc3f2823) mem 0x80011000 0x00000001
core   0: 0x8000f438 (0x0000bfe5) c.j     pc - 8
core   0: 3 0x8000f438 (0xbfe5)
core   0: 0x8000f430 (0x00002f17) auipc   t5, 0x2
core   0: 3 0x8000f430 (0x00002f17) x30 0x80011430
core   0: 0x8000f434 (0xbc3f2823) sw      gp, -1072(t5)
core   0: 3 0x8000f434 (0xbc3f2823) mem 0x80011000 0x00000001
core   0: 0x8000f438 (0x0000bfe5) c.j     pc - 8
core   0: 3 0x8000f438 (0xbfe5)
core   0: 0x8000f430 (0x00002f17) auipc   t5, 0x2
core   0: 3 0x8000f430 (0x00002f17) x30 0x80011430
core   0: 0x8000f434 (0xbc3f2823) sw      gp, -1072(t5)
core   0: 3 0x8000f434 (0xbc3f2823) mem 0x80011000 0x00000001
core   0: 0x8000f438 (0x0000bfe5) c.j     pc - 8
core   0: 3 0x8000f438 (0xbfe5)
core   0: 0x8000f430 (0x00002f17) auipc   t5, 0x2
core   0: 3 0x8000f430 (0x00002f17) x30 0x80011430
core   0: 0x8000f434 (0xbc3f2823) sw      gp, -1072(t5)
core   0: 3 0x8000f434 (0xbc3f2823) mem 0x80011000 0x00000001
core   0: 0x8000f438 (0x0000bfe5) c.j     pc - 8
core   0: 3 0x8000f438 (0xbfe5)
core   0: 0x8000f430 (0x00002f17) auipc   t5, 0x2
core   0: 3 0x8000f430 (0x00002f17) x30 0x80011430
core   0: 0x8000f434 (0xbc3f2823) sw      gp, -1072(t5)
core   0: 3 0x8000f434 (0xbc3f2823) mem 0x80011000 0x00000001
core   0: 0x8000f438 (0x0000bfe5) c.j     pc - 8
core   0: 3 0x8000f438 (0xbfe5)
core   0: 0x8000f430 (0x00002f17) auipc   t5, 0x2
core   0: 3 0x8000f430 (0x00002f17) x30 0x80011430
core   0: 0x8000f434 (0xbc3f2823) sw      gp, -1072(t5)
core   0: 3 0x8000f434 (0xbc3f2823) mem 0x80011000 0x00000001
core   0: 0x8000f438 (0x0000bfe5) c.j     pc - 8
core   0: 3 0x8000f438 (0xbfe5)
core   0: 0x8000f430 (0x00002f17) auipc   t5, 0x2
core   0: 3 0x8000f430 (0x00002f17) x30 0x80011430
core   0: 0x8000f434 (0xbc3f2823) sw      gp, -1072(t5)
core   0: 3 0x8000f434 (0xbc3f2823) mem 0x80011000 0x00000001
core   0: 0x8000f438 (0x0000bfe5) c.j     pc - 8
core   0: 3 0x8000f438 (0xbfe5)
core   0: 0x8000f430 (0x00002f17) auipc   t5, 0x2
core   0: 3 0x8000f430 (0x00002f17) x30 0x80011430
core   0: 0x8000f434 (0xbc3f2823) sw      gp, -1072(t5)
core   0: 3 0x8000f434 (0xbc3f2823) mem 0x80011000 0x00000001
core   0: 0x8000f438 (0x0000bfe5) c.j     pc - 8
core   0: 3 0x8000f438 (0xbfe5)
core   0: 0x8000f430 (0x00002f17) auipc   t5, 0x2
core   0: 3 0x8000f430 (0x00002f17) x30 0x80011430
core   0: 0x8000f434 (0xbc3f2823) sw      gp, -1072(t5)
core   0: 3 0x8000f434 (0xbc3f2823) mem 0x80011000 0x00000001
core   0: 0x8000f438 (0x0000bfe5) c.j     pc - 8
core   0: 3 0x8000f438 (0xbfe5)
core   0: 0x8000f430 (0x00002f17) auipc   t5, 0x2
core   0: 3 0x8000f430 (0x00002f17) x30 0x80011430
core   0: 0x8000f434 (0xbc3f2823) sw      gp, -1072(t5)
core   0: 3 0x8000f434 (0xbc3f2823) mem 0x80011000 0x00000001
core   0: 0x8000f438 (0x0000bfe5) c.j     pc - 8
core   0: 3 0x8000f438 (0xbfe5)
core   0: 0x8000f430 (0x00002f17) auipc   t5, 0x2
core   0: 3 0x8000f430 (0x00002f17) x30 0x80011430
core   0: 0x8000f434 (0xbc3f2823) sw      gp, -1072(t5)
core   0: 3 0x8000f434 (0xbc3f2823) mem 0x80011000 0x00000001
core   0: 0x8000f438 (0x0000bfe5) c.j     pc - 8
core   0: 3 0x8000f438 (0xbfe5)
core   0: 0x8000f430 (0x00002f17) auipc   t5, 0x2
core   0: 3 0x8000f430 (0x00002f17) x30 0x80011430
core   0: 0x8000f434 (0xbc3f2823) sw      gp, -1072(t5)
core   0: 3 0x8000f434 (0xbc3f2823) mem 0x80011000 0x00000001
core   0: 0x8000f438 (0x0000bfe5) c.j     pc - 8
core   0: 3 0x8000f438 (0xbfe5)
core   0: 0x8000f430 (0x00002f17) auipc   t5, 0x2
core   0: 3 0x8000f430 (0x00002f17) x30 0x80011430
core   0: 0x8000f434 (0xbc3f2823) sw      gp, -1072(t5)
core   0: 3 0x8000f434 (0xbc3f2823) mem 0x80011000 0x00000001
core   0: 0x8000f438 (0x0000bfe5) c.j     pc - 8
core   0: 3 0x8000f438 (0xbfe5)
core   0: 0x8000f430 (0x00002f17) auipc   t5, 0x2
core   0: 3 0x8000f430 (0x00002f17) x30 0x80011430
core   0: 0x8000f434 (0xbc3f2823) sw      gp, -1072(t5)
core   0: 3 0x8000f434 (0xbc3f2823) mem 0x80011000 0x00000001
core   0: 0x8000f438 (0x0000bfe5) c.j     pc - 8
core   0: 3 0x8000f438 (0xbfe5)
core   0: 0x8000f430 (0x00002f17) auipc   t5, 0x2
core   0: 3 0x8000f430 (0x00002f17) x30 0x80011430
core   0: 0x8000f434 (0xbc3f2823) sw      gp, -1072(t5)
core   0: 3 0x8000f434 (0xbc3f2823) mem 0x80011000 0x00000001
core   0: 0x8000f438 (0x0000bfe5) c.j     pc - 8
core   0: 3 0x8000f438 (0xbfe5)
core   0: 0x8000f430 (0x00002f17) auipc   t5, 0x2
core   0: 3 0x8000f430 (0x00002f17) x30 0x80011430
core   0: 0x8000f434 (0xbc3f2823) sw      gp, -1072(t5)
core   0: 3 0x8000f434 (0xbc3f2823) mem 0x80011000 0x00000001
core   0: 0x8000f438 (0x0000bfe5) c.j     pc - 8
core   0: 3 0x8000f438 (0xbfe5)
core   0: 0x8000f430 (0x00002f17) auipc   t5, 0x2
core   0: 3 0x8000f430 (0x00002f17) x30 0x80011430
core   0: 0x8000f434 (0xbc3f2823) sw      gp, -1072(t5)
core   0: 3 0x8000f434 (0xbc3f2823) mem 0x80011000 0x00000001
core   0: 0x8000f438 (0x0000bfe5) c.j     pc - 8
core   0: 3 0x8000f438 (0xbfe5)
core   0: 0x8000f430 (0x00002f17) auipc   t5, 0x2
core   0: 3 0x8000f430 (0x00002f17) x30 0x80011430
core   0: 0x8000f434 (0xbc3f2823) sw      gp, -1072(t5)
core   0: 3 0x8000f434 (0xbc3f2823) mem 0x80011000 0x00000001
core   0: 0x8000f438 (0x0000bfe5) c.j     pc - 8
core   0: 3 0x8000f438 (0xbfe5)
core   0: 0x8000f430 (0x00002f17) auipc   t5, 0x2
core   0: 3 0x8000f430 (0x00002f17) x30 0x80011430
core   0: 0x8000f434 (0xbc3f2823) sw      gp, -1072(t5)
core   0: 3 0x8000f434 (0xbc3f2823) mem 0x80011000 0x00000001
core   0: 0x8000f438 (0x0000bfe5) c.j     pc - 8
core   0: 3 0x8000f438 (0xbfe5)
core   0: 0x8000f430 (0x00002f17) auipc   t5, 0x2
core   0: 3 0x8000f430 (0x00002f17) x30 0x80011430
core   0: 0x8000f434 (0xbc3f2823) sw      gp, -1072(t5)
core   0: 3 0x8000f434 (0xbc3f2823) mem 0x80011000 0x00000001
core   0: 0x8000f438 (0x0000bfe5) c.j     pc - 8
core   0: 3 0x8000f438 (0xbfe5)
core   0: 0x8000f430 (0x00002f17) auipc   t5, 0x2
core   0: 3 0x8000f430 (0x00002f17) x30 0x80011430
core   0: 0x8000f434 (0xbc3f2823) sw      gp, -1072(t5)
core   0: 3 0x8000f434 (0xbc3f2823) mem 0x80011000 0x00000001
core   0: 0x8000f438 (0x0000bfe5) c.j     pc - 8
core   0: 3 0x8000f438 (0xbfe5)
core   0: 0x8000f430 (0x00002f17) auipc   t5, 0x2
core   0: 3 0x8000f430 (0x00002f17) x30 0x80011430
core   0: 0x8000f434 (0xbc3f2823) sw      gp, -1072(t5)
core   0: 3 0x8000f434 (0xbc3f2823) mem 0x80011000 0x00000001
core   0: 0x8000f438 (0x0000bfe5) c.j     pc - 8
core   0: 3 0x8000f438 (0xbfe5)
core   0: 0x8000f430 (0x00002f17) auipc   t5, 0x2
core   0: 3 0x8000f430 (0x00002f17) x30 0x80011430
core   0: 0x8000f434 (0xbc3f2823) sw      gp, -1072(t5)
core   0: 3 0x8000f434 (0xbc3f2823) mem 0x80011000 0x00000001
core   0: 0x8000f438 (0x0000bfe5) c.j     pc - 8
core   0: 3 0x8000f438 (0xbfe5)
core   0: 0x8000f430 (0x00002f17) auipc   t5, 0x2
core   0: 3 0x8000f430 (0x00002f17) x30 0x80011430
core   0: 0x8000f434 (0xbc3f2823) sw      gp, -1072(t5)
core   0: 3 0x8000f434 (0xbc3f2823) mem 0x80011000 0x00000001
core   0: 0x8000f438 (0x0000bfe5) c.j     pc - 8
core   0: 3 0x8000f438 (0xbfe5)
core   0: 0x8000f430 (0x00002f17) auipc   t5, 0x2
core   0: 3 0x8000f430 (0x00002f17) x30 0x80011430
core   0: 0x8000f434 (0xbc3f2823) sw      gp, -1072(t5)
core   0: 3 0x8000f434 (0xbc3f2823) mem 0x80011000 0x00000001
core   0: 0x8000f438 (0x0000bfe5) c.j     pc - 8
core   0: 3 0x8000f438 (0xbfe5)
core   0: 0x8000f430 (0x00002f17) auipc   t5, 0x2
core   0: 3 0x8000f430 (0x00002f17) x30 0x80011430
core   0: 0x8000f434 (0xbc3f2823) sw      gp, -1072(t5)
core   0: 3 0x8000f434 (0xbc3f2823) mem 0x80011000 0x00000001
core   0: 0x8000f438 (0x0000bfe5) c.j     pc - 8
core   0: 3 0x8000f438 (0xbfe5)
core   0: 0x8000f430 (0x00002f17) auipc   t5, 0x2
core   0: 3 0x8000f430 (0x00002f17) x30 0x80011430
core   0: 0x8000f434 (0xbc3f2823) sw      gp, -1072(t5)
core   0: 3 0x8000f434 (0xbc3f2823) mem 0x80011000 0x00000001
core   0: 0x8000f438 (0x0000bfe5) c.j     pc - 8
core   0: 3 0x8000f438 (0xbfe5)
core   0: 0x8000f430 (0x00002f17) auipc   t5, 0x2
core   0: 3 0x8000f430 (0x00002f17) x30 0x80011430
core   0: 0x8000f434 (0xbc3f2823) sw      gp, -1072(t5)
core   0: 3 0x8000f434 (0xbc3f2823) mem 0x80011000 0x00000001
core   0: 0x8000f438 (0x0000bfe5) c.j     pc - 8
core   0: 3 0x8000f438 (0xbfe5)
core   0: 0x8000f430 (0x00002f17) auipc   t5, 0x2
core   0: 3 0x8000f430 (0x00002f17) x30 0x80011430
core   0: 0x8000f434 (0xbc3f2823) sw      gp, -1072(t5)
core   0: 3 0x8000f434 (0xbc3f2823) mem 0x80011000 0x00000001
core   0: 0x8000f438 (0x0000bfe5) c.j     pc - 8
core   0: 3 0x8000f438 (0xbfe5)
core   0: 0x8000f430 (0x00002f17) auipc   t5, 0x2
core   0: 3 0x8000f430 (0x00002f17) x30 0x80011430
core   0: 0x8000f434 (0xbc3f2823) sw      gp, -1072(t5)
core   0: 3 0x8000f434 (0xbc3f2823) mem 0x80011000 0x00000001
core   0: 0x8000f438 (0x0000bfe5) c.j     pc - 8
core   0: 3 0x8000f438 (0xbfe5)
core   0: 0x8000f430 (0x00002f17) auipc   t5, 0x2
core   0: 3 0x8000f430 (0x00002f17) x30 0x80011430
core   0: 0x8000f434 (0xbc3f2823) sw      gp, -1072(t5)
core   0: 3 0x8000f434 (0xbc3f2823) mem 0x80011000 0x00000001
core   0: 0x8000f438 (0x0000bfe5) c.j     pc - 8
core   0: 3 0x8000f438 (0xbfe5)
core   0: 0x8000f430 (0x00002f17) auipc   t5, 0x2
core   0: 3 0x8000f430 (0x00002f17) x30 0x80011430
core   0: 0x8000f434 (0xbc3f2823) sw      gp, -1072(t5)
core   0: 3 0x8000f434 (0xbc3f2823) mem 0x80011000 0x00000001
core   0: 0x8000f438 (0x0000bfe5) c.j     pc - 8
core   0: 3 0x8000f438 (0xbfe5)
core   0: 0x8000f430 (0x00002f17) auipc   t5, 0x2
core   0: 3 0x8000f430 (0x00002f17) x30 0x80011430
core   0: 0x8000f434 (0xbc3f2823) sw      gp, -1072(t5)
core   0: 3 0x8000f434 (0xbc3f2823) mem 0x80011000 0x00000001
core   0: 0x8000f438 (0x0000bfe5) c.j     pc - 8
core   0: 3 0x8000f438 (0xbfe5)
core   0: 0x8000f430 (0x00002f17) auipc   t5, 0x2
core   0: 3 0x8000f430 (0x00002f17) x30 0x80011430
core   0: 0x8000f434 (0xbc3f2823) sw      gp, -1072(t5)
core   0: 3 0x8000f434 (0xbc3f2823) mem 0x80011000 0x00000001
core   0: 0x8000f438 (0x0000bfe5) c.j     pc - 8
core   0: 3 0x8000f438 (0xbfe5)
core   0: 0x8000f430 (0x00002f17) auipc   t5, 0x2
core   0: 3 0x8000f430 (0x00002f17) x30 0x80011430
core   0: 0x8000f434 (0xbc3f2823) sw      gp, -1072(t5)
core   0: 3 0x8000f434 (0xbc3f2823) mem 0x80011000 0x00000001
core   0: 0x8000f438 (0x0000bfe5) c.j     pc - 8
core   0: 3 0x8000f438 (0xbfe5)
core   0: 0x8000f430 (0x00002f17) auipc   t5, 0x2
core   0: 3 0x8000f430 (0x00002f17) x30 0x80011430
core   0: 0x8000f434 (0xbc3f2823) sw      gp, -1072(t5)
core   0: 3 0x8000f434 (0xbc3f2823) mem 0x80011000 0x00000001
core   0: 0x8000f438 (0x0000bfe5) c.j     pc - 8
core   0: 3 0x8000f438 (0xbfe5)
core   0: 0x8000f430 (0x00002f17) auipc   t5, 0x2
core   0: 3 0x8000f430 (0x00002f17) x30 0x80011430
core   0: 0x8000f434 (0xbc3f2823) sw      gp, -1072(t5)
core   0: 3 0x8000f434 (0xbc3f2823) mem 0x80011000 0x00000001
core   0: 0x8000f438 (0x0000bfe5) c.j     pc - 8
core   0: 3 0x8000f438 (0xbfe5)
core   0: 0x8000f430 (0x00002f17) auipc   t5, 0x2
core   0: 3 0x8000f430 (0x00002f17) x30 0x80011430
core   0: 0x8000f434 (0xbc3f2823) sw      gp, -1072(t5)
core   0: 3 0x8000f434 (0xbc3f2823) mem 0x80011000 0x00000001
core   0: 0x8000f438 (0x0000bfe5) c.j     pc - 8
core   0: 3 0x8000f438 (0xbfe5)
core   0: 0x8000f430 (0x00002f17) auipc   t5, 0x2
core   0: 3 0x8000f430 (0x00002f17) x30 0x80011430
core   0: 0x8000f434 (0xbc3f2823) sw      gp, -1072(t5)
core   0: 3 0x8000f434 (0xbc3f2823) mem 0x80011000 0x00000001
core   0: 0x8000f438 (0x0000bfe5) c.j     pc - 8
core   0: 3 0x8000f438 (0xbfe5)
core   0: 0x8000f430 (0x00002f17) auipc   t5, 0x2
core   0: 3 0x8000f430 (0x00002f17) x30 0x80011430
core   0: 0x8000f434 (0xbc3f2823) sw      gp, -1072(t5)
core   0: 3 0x8000f434 (0xbc3f2823) mem 0x80011000 0x00000001
core   0: 0x8000f438 (0x0000bfe5) c.j     pc - 8
core   0: 3 0x8000f438 (0xbfe5)
core   0: 0x8000f430 (0x00002f17) auipc   t5, 0x2
core   0: 3 0x8000f430 (0x00002f17) x30 0x80011430
core   0: 0x8000f434 (0xbc3f2823) sw      gp, -1072(t5)
core   0: 3 0x8000f434 (0xbc3f2823) mem 0x80011000 0x00000001
core   0: 0x8000f438 (0x0000bfe5) c.j     pc - 8
core   0: 3 0x8000f438 (0xbfe5)
core   0: 0x8000f430 (0x00002f17) auipc   t5, 0x2
core   0: 3 0x8000f430 (0x00002f17) x30 0x80011430
core   0: 0x8000f434 (0xbc3f2823) sw      gp, -1072(t5)
core   0: 3 0x8000f434 (0xbc3f2823) mem 0x80011000 0x00000001
core   0: 0x8000f438 (0x0000bfe5) c.j     pc - 8
core   0: 3 0x8000f438 (0xbfe5)
core   0: 0x8000f430 (0x00002f17) auipc   t5, 0x2
core   0: 3 0x8000f430 (0x00002f17) x30 0x80011430
core   0: 0x8000f434 (0xbc3f2823) sw      gp, -1072(t5)
core   0: 3 0x8000f434 (0xbc3f2823) mem 0x80011000 0x00000001
core   0: 0x8000f438 (0x0000bfe5) c.j     pc - 8
core   0: 3 0x8000f438 (0xbfe5)
core   0: 0x8000f430 (0x00002f17) auipc   t5, 0x2
core   0: 3 0x8000f430 (0x00002f17) x30 0x80011430
core   0: 0x8000f434 (0xbc3f2823) sw      gp, -1072(t5)
core   0: 3 0x8000f434 (0xbc3f2823) mem 0x80011000 0x00000001
core   0: 0x8000f438 (0x0000bfe5) c.j     pc - 8
core   0: 3 0x8000f438 (0xbfe5)
core   0: 0x8000f430 (0x00002f17) auipc   t5, 0x2
core   0: 3 0x8000f430 (0x00002f17) x30 0x80011430
core   0: 0x8000f434 (0xbc3f2823) sw      gp, -1072(t5)
core   0: 3 0x8000f434 (0xbc3f2823) mem 0x80011000 0x00000001
core   0: 0x8000f438 (0x0000bfe5) c.j     pc - 8
core   0: 3 0x8000f438 (0xbfe5)
core   0: 0x8000f430 (0x00002f17) auipc   t5, 0x2
core   0: 3 0x8000f430 (0x00002f17) x30 0x80011430
core   0: 0x8000f434 (0xbc3f2823) sw      gp, -1072(t5)
core   0: 3 0x8000f434 (0xbc3f2823) mem 0x80011000 0x00000001
core   0: 0x8000f438 (0x0000bfe5) c.j     pc - 8
core   0: 3 0x8000f438 (0xbfe5)
core   0: 0x8000f430 (0x00002f17) auipc   t5, 0x2
core   0: 3 0x8000f430 (0x00002f17) x30 0x80011430
core   0: 0x8000f434 (0xbc3f2823) sw      gp, -1072(t5)
core   0: 3 0x8000f434 (0xbc3f2823) mem 0x80011000 0x00000001
core   0: 0x8000f438 (0x0000bfe5) c.j     pc - 8
core   0: 3 0x8000f438 (0xbfe5)
core   0: 0x8000f430 (0x00002f17) auipc   t5, 0x2
core   0: 3 0x8000f430 (0x00002f17) x30 0x80011430
core   0: 0x8000f434 (0xbc3f2823) sw      gp, -1072(t5)
core   0: 3 0x8000f434 (0xbc3f2823) mem 0x80011000 0x00000001
core   0: 0x8000f438 (0x0000bfe5) c.j     pc - 8
core   0: 3 0x8000f438 (0xbfe5)
core   0: 0x8000f430 (0x00002f17) auipc   t5, 0x2
core   0: 3 0x8000f430 (0x00002f17) x30 0x80011430
core   0: 0x8000f434 (0xbc3f2823) sw      gp, -1072(t5)
core   0: 3 0x8000f434 (0xbc3f2823) mem 0x80011000 0x00000001
core   0: 0x8000f438 (0x0000bfe5) c.j     pc - 8
core   0: 3 0x8000f438 (0xbfe5)
core   0: 0x8000f430 (0x00002f17) auipc   t5, 0x2
core   0: 3 0x8000f430 (0x00002f17) x30 0x80011430
core   0: 0x8000f434 (0xbc3f2823) sw      gp, -1072(t5)
core   0: 3 0x8000f434 (0xbc3f2823) mem 0x80011000 0x00000001
core   0: 0x8000f438 (0x0000bfe5) c.j     pc - 8
core   0: 3 0x8000f438 (0xbfe5)
core   0: 0x8000f430 (0x00002f17) auipc   t5, 0x2
core   0: 3 0x8000f430 (0x00002f17) x30 0x80011430
core   0: 0x8000f434 (0xbc3f2823) sw      gp, -1072(t5)
core   0: 3 0x8000f434 (0xbc3f2823) mem 0x80011000 0x00000001
core   0: 0x8000f438 (0x0000bfe5) c.j     pc - 8
core   0: 3 0x8000f438 (0xbfe5)
core   0: 0x8000f430 (0x00002f17) auipc   t5, 0x2
core   0: 3 0x8000f430 (0x00002f17) x30 0x80011430
core   0: 0x8000f434 (0xbc3f2823) sw      gp, -1072(t5)
core   0: 3 0x8000f434 (0xbc3f2823) mem 0x80011000 0x00000001
core   0: 0x8000f438 (0x0000bfe5) c.j     pc - 8
core   0: 3 0x8000f438 (0xbfe5)
core   0: 0x8000f430 (0x00002f17) auipc   t5, 0x2
core   0: 3 0x8000f430 (0x00002f17) x30 0x80011430
core   0: 0x8000f434 (0xbc3f2823) sw      gp, -1072(t5)
core   0: 3 0x8000f434 (0xbc3f2823) mem 0x80011000 0x00000001
core   0: 0x8000f438 (0x0000bfe5) c.j     pc - 8
core   0: 3 0x8000f438 (0xbfe5)
core   0: 0x8000f430 (0x00002f17) auipc   t5, 0x2
core   0: 3 0x8000f430 (0x00002f17) x30 0x80011430
core   0: 0x8000f434 (0xbc3f2823) sw      gp, -1072(t5)
core   0: 3 0x8000f434 (0xbc3f2823) mem 0x80011000 0x00000001
core   0: 0x8000f438 (0x0000bfe5) c.j     pc - 8
core   0: 3 0x8000f438 (0xbfe5)
core   0: 0x8000f430 (0x00002f17) auipc   t5, 0x2
core   0: 3 0x8000f430 (0x00002f17) x30 0x80011430
core   0: 0x8000f434 (0xbc3f2823) sw      gp, -1072(t5)
core   0: 3 0x8000f434 (0xbc3f2823) mem 0x80011000 0x00000001
core   0: 0x8000f438 (0x0000bfe5) c.j     pc - 8
core   0: 3 0x8000f438 (0xbfe5)
core   0: 0x8000f430 (0x00002f17) auipc   t5, 0x2
core   0: 3 0x8000f430 (0x00002f17) x30 0x80011430
core   0: 0x8000f434 (0xbc3f2823) sw      gp, -1072(t5)
core   0: 3 0x8000f434 (0xbc3f2823) mem 0x80011000 0x00000001
core   0: 0x8000f438 (0x0000bfe5) c.j     pc - 8
core   0: 3 0x8000f438 (0xbfe5)
core   0: 0x8000f430 (0x00002f17) auipc   t5, 0x2
core   0: 3 0x8000f430 (0x00002f17) x30 0x80011430
core   0: 0x8000f434 (0xbc3f2823) sw      gp, -1072(t5)
core   0: 3 0x8000f434 (0xbc3f2823) mem 0x80011000 0x00000001
core   0: 0x8000f438 (0x0000bfe5) c.j     pc - 8
core   0: 3 0x8000f438 (0xbfe5)
core   0: 0x8000f430 (0x00002f17) auipc   t5, 0x2
core   0: 3 0x8000f430 (0x00002f17) x30 0x80011430
core   0: 0x8000f434 (0xbc3f2823) sw      gp, -1072(t5)
core   0: 3 0x8000f434 (0xbc3f2823) mem 0x80011000 0x00000001
core   0: 0x8000f438 (0x0000bfe5) c.j     pc - 8
core   0: 3 0x8000f438 (0xbfe5)
core   0: 0x8000f430 (0x00002f17) auipc   t5, 0x2
core   0: 3 0x8000f430 (0x00002f17) x30 0x80011430
core   0: 0x8000f434 (0xbc3f2823) sw      gp, -1072(t5)
core   0: 3 0x8000f434 (0xbc3f2823) mem 0x80011000 0x00000001
core   0: 0x8000f438 (0x0000bfe5) c.j     pc - 8
core   0: 3 0x8000f438 (0xbfe5)
core   0: 0x8000f430 (0x00002f17) auipc   t5, 0x2
core   0: 3 0x8000f430 (0x00002f17) x30 0x80011430
core   0: 0x8000f434 (0xbc3f2823) sw      gp, -1072(t5)
core   0: 3 0x8000f434 (0xbc3f2823) mem 0x80011000 0x00000001
core   0: 0x8000f438 (0x0000bfe5) c.j     pc - 8
core   0: 3 0x8000f438 (0xbfe5)
core   0: 0x8000f430 (0x00002f17) auipc   t5, 0x2
core   0: 3 0x8000f430 (0x00002f17) x30 0x80011430
core   0: 0x8000f434 (0xbc3f2823) sw      gp, -1072(t5)
core   0: 3 0x8000f434 (0xbc3f2823) mem 0x80011000 0x00000001
core   0: 0x8000f438 (0x0000bfe5) c.j     pc - 8
core   0: 3 0x8000f438 (0xbfe5)
core   0: 0x8000f430 (0x00002f17) auipc   t5, 0x2
core   0: 3 0x8000f430 (0x00002f17) x30 0x80011430
core   0: 0x8000f434 (0xbc3f2823) sw      gp, -1072(t5)
core   0: 3 0x8000f434 (0xbc3f2823) mem 0x80011000 0x00000001
core   0: 0x8000f438 (0x0000bfe5) c.j     pc - 8
core   0: 3 0x8000f438 (0xbfe5)
core   0: 0x8000f430 (0x00002f17) auipc   t5, 0x2
core   0: 3 0x8000f430 (0x00002f17) x30 0x80011430
core   0: 0x8000f434 (0xbc3f2823) sw      gp, -1072(t5)
core   0: 3 0x8000f434 (0xbc3f2823) mem 0x80011000 0x00000001
core   0: 0x8000f438 (0x0000bfe5) c.j     pc - 8
core   0: 3 0x8000f438 (0xbfe5)
core   0: 0x8000f430 (0x00002f17) auipc   t5, 0x2
core   0: 3 0x8000f430 (0x00002f17) x30 0x80011430
core   0: 0x8000f434 (0xbc3f2823) sw      gp, -1072(t5)
core   0: 3 0x8000f434 (0xbc3f2823) mem 0x80011000 0x00000001
core   0: 0x8000f438 (0x0000bfe5) c.j     pc - 8
core   0: 3 0x8000f438 (0xbfe5)
core   0: 0x8000f430 (0x00002f17) auipc   t5, 0x2
core   0: 3 0x8000f430 (0x00002f17) x30 0x80011430
core   0: 0x8000f434 (0xbc3f2823) sw      gp, -1072(t5)
core   0: 3 0x8000f434 (0xbc3f2823) mem 0x80011000 0x00000001
core   0: 0x8000f438 (0x0000bfe5) c.j     pc - 8
core   0: 3 0x8000f438 (0xbfe5)
core   0: 0x8000f430 (0x00002f17) auipc   t5, 0x2
core   0: 3 0x8000f430 (0x00002f17) x30 0x80011430
core   0: 0x8000f434 (0xbc3f2823) sw      gp, -1072(t5)
core   0: 3 0x8000f434 (0xbc3f2823) mem 0x80011000 0x00000001
core   0: 0x8000f438 (0x0000bfe5) c.j     pc - 8
core   0: 3 0x8000f438 (0xbfe5)
core   0: 0x8000f430 (0x00002f17) auipc   t5, 0x2
core   0: 3 0x8000f430 (0x00002f17) x30 0x80011430
core   0: 0x8000f434 (0xbc3f2823) sw      gp, -1072(t5)
core   0: 3 0x8000f434 (0xbc3f2823) mem 0x80011000 0x00000001
core   0: 0x8000f438 (0x0000bfe5) c.j     pc - 8
core   0: 3 0x8000f438 (0xbfe5)
core   0: 0x8000f430 (0x00002f17) auipc   t5, 0x2
core   0: 3 0x8000f430 (0x00002f17) x30 0x80011430
core   0: 0x8000f434 (0xbc3f2823) sw      gp, -1072(t5)
core   0: 3 0x8000f434 (0xbc3f2823) mem 0x80011000 0x00000001
core   0: 0x8000f438 (0x0000bfe5) c.j     pc - 8
core   0: 3 0x8000f438 (0xbfe5)
core   0: 0x8000f430 (0x00002f17) auipc   t5, 0x2
core   0: 3 0x8000f430 (0x00002f17) x30 0x80011430
core   0: 0x8000f434 (0xbc3f2823) sw      gp, -1072(t5)
core   0: 3 0x8000f434 (0xbc3f2823) mem 0x80011000 0x00000001
core   0: 0x8000f438 (0x0000bfe5) c.j     pc - 8
core   0: 3 0x8000f438 (0xbfe5)
core   0: 0x8000f430 (0x00002f17) auipc   t5, 0x2
core   0: 3 0x8000f430 (0x00002f17) x30 0x80011430
core   0: 0x8000f434 (0xbc3f2823) sw      gp, -1072(t5)
core   0: 3 0x8000f434 (0xbc3f2823) mem 0x80011000 0x00000001
core   0: 0x8000f438 (0x0000bfe5) c.j     pc - 8
core   0: 3 0x8000f438 (0xbfe5)
core   0: 0x8000f430 (0x00002f17) auipc   t5, 0x2
core   0: 3 0x8000f430 (0x00002f17) x30 0x80011430
core   0: 0x8000f434 (0xbc3f2823) sw      gp, -1072(t5)
core   0: 3 0x8000f434 (0xbc3f2823) mem 0x80011000 0x00000001
core   0: 0x8000f438 (0x0000bfe5) c.j     pc - 8
core   0: 3 0x8000f438 (0xbfe5)
core   0: 0x8000f430 (0x00002f17) auipc   t5, 0x2
core   0: 3 0x8000f430 (0x00002f17) x30 0x80011430
core   0: 0x8000f434 (0xbc3f2823) sw      gp, -1072(t5)
core   0: 3 0x8000f434 (0xbc3f2823) mem 0x80011000 0x00000001
core   0: 0x8000f438 (0x0000bfe5) c.j     pc - 8
core   0: 3 0x8000f438 (0xbfe5)
core   0: 0x8000f430 (0x00002f17) auipc   t5, 0x2
core   0: 3 0x8000f430 (0x00002f17) x30 0x80011430
core   0: 0x8000f434 (0xbc3f2823) sw      gp, -1072(t5)
core   0: 3 0x8000f434 (0xbc3f2823) mem 0x80011000 0x00000001
core   0: 0x8000f438 (0x0000bfe5) c.j     pc - 8
core   0: 3 0x8000f438 (0xbfe5)
core   0: 0x8000f430 (0x00002f17) auipc   t5, 0x2
core   0: 3 0x8000f430 (0x00002f17) x30 0x80011430
core   0: 0x8000f434 (0xbc3f2823) sw      gp, -1072(t5)
core   0: 3 0x8000f434 (0xbc3f2823) mem 0x80011000 0x00000001
core   0: 0x8000f438 (0x0000bfe5) c.j     pc - 8
core   0: 3 0x8000f438 (0xbfe5)
core   0: 0x8000f430 (0x00002f17) auipc   t5, 0x2
core   0: 3 0x8000f430 (0x00002f17) x30 0x80011430
core   0: 0x8000f434 (0xbc3f2823) sw      gp, -1072(t5)
core   0: 3 0x8000f434 (0xbc3f2823) mem 0x80011000 0x00000001
core   0: 0x8000f438 (0x0000bfe5) c.j     pc - 8
core   0: 3 0x8000f438 (0xbfe5)
core   0: 0x8000f430 (0x00002f17) auipc   t5, 0x2
core   0: 3 0x8000f430 (0x00002f17) x30 0x80011430
core   0: 0x8000f434 (0xbc3f2823) sw      gp, -1072(t5)
core   0: 3 0x8000f434 (0xbc3f2823) mem 0x80011000 0x00000001
core   0: 0x8000f438 (0x0000bfe5) c.j     pc - 8
core   0: 3 0x8000f438 (0xbfe5)
core   0: 0x8000f430 (0x00002f17) auipc   t5, 0x2
core   0: 3 0x8000f430 (0x00002f17) x30 0x80011430
core   0: 0x8000f434 (0xbc3f2823) sw      gp, -1072(t5)
core   0: 3 0x8000f434 (0xbc3f2823) mem 0x80011000 0x00000001
core   0: 0x8000f438 (0x0000bfe5) c.j     pc - 8
core   0: 3 0x8000f438 (0xbfe5)
core   0: 0x8000f430 (0x00002f17) auipc   t5, 0x2
core   0: 3 0x8000f430 (0x00002f17) x30 0x80011430
core   0: 0x8000f434 (0xbc3f2823) sw      gp, -1072(t5)
core   0: 3 0x8000f434 (0xbc3f2823) mem 0x80011000 0x00000001
core   0: 0x8000f438 (0x0000bfe5) c.j     pc - 8
core   0: 3 0x8000f438 (0xbfe5)
core   0: 0x8000f430 (0x00002f17) auipc   t5, 0x2
core   0: 3 0x8000f430 (0x00002f17) x30 0x80011430
core   0: 0x8000f434 (0xbc3f2823) sw      gp, -1072(t5)
core   0: 3 0x8000f434 (0xbc3f2823) mem 0x80011000 0x00000001
core   0: 0x8000f438 (0x0000bfe5) c.j     pc - 8
core   0: 3 0x8000f438 (0xbfe5)
core   0: 0x8000f430 (0x00002f17) auipc   t5, 0x2
core   0: 3 0x8000f430 (0x00002f17) x30 0x80011430
core   0: 0x8000f434 (0xbc3f2823) sw      gp, -1072(t5)
core   0: 3 0x8000f434 (0xbc3f2823) mem 0x80011000 0x00000001
core   0: 0x8000f438 (0x0000bfe5) c.j     pc - 8
core   0: 3 0x8000f438 (0xbfe5)
core   0: 0x8000f430 (0x00002f17) auipc   t5, 0x2
core   0: 3 0x8000f430 (0x00002f17) x30 0x80011430
core   0: 0x8000f434 (0xbc3f2823) sw      gp, -1072(t5)
core   0: 3 0x8000f434 (0xbc3f2823) mem 0x80011000 0x00000001
core   0: 0x8000f438 (0x0000bfe5) c.j     pc - 8
core   0: 3 0x8000f438 (0xbfe5)
core   0: 0x8000f430 (0x00002f17) auipc   t5, 0x2
core   0: 3 0x8000f430 (0x00002f17) x30 0x80011430
core   0: 0x8000f434 (0xbc3f2823) sw      gp, -1072(t5)
core   0: 3 0x8000f434 (0xbc3f2823) mem 0x80011000 0x00000001
core   0: 0x8000f438 (0x0000bfe5) c.j     pc - 8
core   0: 3 0x8000f438 (0xbfe5)
core   0: 0x8000f430 (0x00002f17) auipc   t5, 0x2
core   0: 3 0x8000f430 (0x00002f17) x30 0x80011430
core   0: 0x8000f434 (0xbc3f2823) sw      gp, -1072(t5)
core   0: 3 0x8000f434 (0xbc3f2823) mem 0x80011000 0x00000001
core   0: 0x8000f438 (0x0000bfe5) c.j     pc - 8
core   0: 3 0x8000f438 (0xbfe5)
core   0: 0x8000f430 (0x00002f17) auipc   t5, 0x2
core   0: 3 0x8000f430 (0x00002f17) x30 0x80011430
core   0: 0x8000f434 (0xbc3f2823) sw      gp, -1072(t5)
core   0: 3 0x8000f434 (0xbc3f2823) mem 0x80011000 0x00000001
core   0: 0x8000f438 (0x0000bfe5) c.j     pc - 8
core   0: 3 0x8000f438 (0xbfe5)
core   0: 0x8000f430 (0x00002f17) auipc   t5, 0x2
core   0: 3 0x8000f430 (0x00002f17) x30 0x80011430
core   0: 0x8000f434 (0xbc3f2823) sw      gp, -1072(t5)
core   0: 3 0x8000f434 (0xbc3f2823) mem 0x80011000 0x00000001
core   0: 0x8000f438 (0x0000bfe5) c.j     pc - 8
core   0: 3 0x8000f438 (0xbfe5)
core   0: 0x8000f430 (0x00002f17) auipc   t5, 0x2
core   0: 3 0x8000f430 (0x00002f17) x30 0x80011430
core   0: 0x8000f434 (0xbc3f2823) sw      gp, -1072(t5)
core   0: 3 0x8000f434 (0xbc3f2823) mem 0x80011000 0x00000001
core   0: 0x8000f438 (0x0000bfe5) c.j     pc - 8
core   0: 3 0x8000f438 (0xbfe5)
core   0: 0x8000f430 (0x00002f17) auipc   t5, 0x2
core   0: 3 0x8000f430 (0x00002f17) x30 0x80011430
core   0: 0x8000f434 (0xbc3f2823) sw      gp, -1072(t5)
core   0: 3 0x8000f434 (0xbc3f2823) mem 0x80011000 0x00000001
core   0: 0x8000f438 (0x0000bfe5) c.j     pc - 8
core   0: 3 0x8000f438 (0xbfe5)
core   0: 0x8000f430 (0x00002f17) auipc   t5, 0x2
core   0: 3 0x8000f430 (0x00002f17) x30 0x80011430
core   0: 0x8000f434 (0xbc3f2823) sw      gp, -1072(t5)
core   0: 3 0x8000f434 (0xbc3f2823) mem 0x80011000 0x00000001
core   0: 0x8000f438 (0x0000bfe5) c.j     pc - 8
core   0: 3 0x8000f438 (0xbfe5)
core   0: 0x8000f430 (0x00002f17) auipc   t5, 0x2
core   0: 3 0x8000f430 (0x00002f17) x30 0x80011430
core   0: 0x8000f434 (0xbc3f2823) sw      gp, -1072(t5)
core   0: 3 0x8000f434 (0xbc3f2823) mem 0x80011000 0x00000001
core   0: 0x8000f438 (0x0000bfe5) c.j     pc - 8
core   0: 3 0x8000f438 (0xbfe5)
core   0: 0x8000f430 (0x00002f17) auipc   t5, 0x2
core   0: 3 0x8000f430 (0x00002f17) x30 0x80011430
core   0: 0x8000f434 (0xbc3f2823) sw      gp, -1072(t5)
core   0: 3 0x8000f434 (0xbc3f2823) mem 0x80011000 0x00000001
core   0: 0x8000f438 (0x0000bfe5) c.j     pc - 8
core   0: 3 0x8000f438 (0xbfe5)
core   0: 0x8000f430 (0x00002f17) auipc   t5, 0x2
core   0: 3 0x8000f430 (0x00002f17) x30 0x80011430
core   0: 0x8000f434 (0xbc3f2823) sw      gp, -1072(t5)
core   0: 3 0x8000f434 (0xbc3f2823) mem 0x80011000 0x00000001
core   0: 0x8000f438 (0x0000bfe5) c.j     pc - 8
core   0: 3 0x8000f438 (0xbfe5)
core   0: 0x8000f430 (0x00002f17) auipc   t5, 0x2
core   0: 3 0x8000f430 (0x00002f17) x30 0x80011430
core   0: 0x8000f434 (0xbc3f2823) sw      gp, -1072(t5)
core   0: 3 0x8000f434 (0xbc3f2823) mem 0x80011000 0x00000001
core   0: 0x8000f438 (0x0000bfe5) c.j     pc - 8
core   0: 3 0x8000f438 (0xbfe5)
core   0: 0x8000f430 (0x00002f17) auipc   t5, 0x2
core   0: 3 0x8000f430 (0x00002f17) x30 0x80011430
core   0: 0x8000f434 (0xbc3f2823) sw      gp, -1072(t5)
core   0: 3 0x8000f434 (0xbc3f2823) mem 0x80011000 0x00000001
core   0: 0x8000f438 (0x0000bfe5) c.j     pc - 8
core   0: 3 0x8000f438 (0xbfe5)
core   0: 0x8000f430 (0x00002f17) auipc   t5, 0x2
core   0: 3 0x8000f430 (0x00002f17) x30 0x80011430
core   0: 0x8000f434 (0xbc3f2823) sw      gp, -1072(t5)
core   0: 3 0x8000f434 (0xbc3f2823) mem 0x80011000 0x00000001
core   0: 0x8000f438 (0x0000bfe5) c.j     pc - 8
core   0: 3 0x8000f438 (0xbfe5)
core   0: 0x8000f430 (0x00002f17) auipc   t5, 0x2
core   0: 3 0x8000f430 (0x00002f17) x30 0x80011430
core   0: 0x8000f434 (0xbc3f2823) sw      gp, -1072(t5)
core   0: 3 0x8000f434 (0xbc3f2823) mem 0x80011000 0x00000001
core   0: 0x8000f438 (0x0000bfe5) c.j     pc - 8
core   0: 3 0x8000f438 (0xbfe5)
core   0: 0x8000f430 (0x00002f17) auipc   t5, 0x2
core   0: 3 0x8000f430 (0x00002f17) x30 0x80011430
core   0: 0x8000f434 (0xbc3f2823) sw      gp, -1072(t5)
core   0: 3 0x8000f434 (0xbc3f2823) mem 0x80011000 0x00000001
core   0: 0x8000f438 (0x0000bfe5) c.j     pc - 8
core   0: 3 0x8000f438 (0xbfe5)
core   0: 0x8000f430 (0x00002f17) auipc   t5, 0x2
core   0: 3 0x8000f430 (0x00002f17) x30 0x80011430
core   0: 0x8000f434 (0xbc3f2823) sw      gp, -1072(t5)
core   0: 3 0x8000f434 (0xbc3f2823) mem 0x80011000 0x00000001
core   0: 0x8000f438 (0x0000bfe5) c.j     pc - 8
core   0: 3 0x8000f438 (0xbfe5)
core   0: 0x8000f430 (0x00002f17) auipc   t5, 0x2
core   0: 3 0x8000f430 (0x00002f17) x30 0x80011430
core   0: 0x8000f434 (0xbc3f2823) sw      gp, -1072(t5)
core   0: 3 0x8000f434 (0xbc3f2823) mem 0x80011000 0x00000001
core   0: 0x8000f438 (0x0000bfe5) c.j     pc - 8
core   0: 3 0x8000f438 (0xbfe5)
core   0: 0x8000f430 (0x00002f17) auipc   t5, 0x2
core   0: 3 0x8000f430 (0x00002f17) x30 0x80011430
core   0: 0x8000f434 (0xbc3f2823) sw      gp, -1072(t5)
core   0: 3 0x8000f434 (0xbc3f2823) mem 0x80011000 0x00000001
core   0: 0x8000f438 (0x0000bfe5) c.j     pc - 8
core   0: 3 0x8000f438 (0xbfe5)
core   0: 0x8000f430 (0x00002f17) auipc   t5, 0x2
core   0: 3 0x8000f430 (0x00002f17) x30 0x80011430
core   0: 0x8000f434 (0xbc3f2823) sw      gp, -1072(t5)
core   0: 3 0x8000f434 (0xbc3f2823) mem 0x80011000 0x00000001
core   0: 0x8000f438 (0x0000bfe5) c.j     pc - 8
core   0: 3 0x8000f438 (0xbfe5)
core   0: 0x8000f430 (0x00002f17) auipc   t5, 0x2
core   0: 3 0x8000f430 (0x00002f17) x30 0x80011430
core   0: 0x8000f434 (0xbc3f2823) sw      gp, -1072(t5)
core   0: 3 0x8000f434 (0xbc3f2823) mem 0x80011000 0x00000001
core   0: 0x8000f438 (0x0000bfe5) c.j     pc - 8
core   0: 3 0x8000f438 (0xbfe5)
core   0: 0x8000f430 (0x00002f17) auipc   t5, 0x2
core   0: 3 0x8000f430 (0x00002f17) x30 0x80011430
core   0: 0x8000f434 (0xbc3f2823) sw      gp, -1072(t5)
core   0: 3 0x8000f434 (0xbc3f2823) mem 0x80011000 0x00000001
core   0: 0x8000f438 (0x0000bfe5) c.j     pc - 8
core   0: 3 0x8000f438 (0xbfe5)
core   0: 0x8000f430 (0x00002f17) auipc   t5, 0x2
core   0: 3 0x8000f430 (0x00002f17) x30 0x80011430
core   0: 0x8000f434 (0xbc3f2823) sw      gp, -1072(t5)
core   0: 3 0x8000f434 (0xbc3f2823) mem 0x80011000 0x00000001
core   0: 0x8000f438 (0x0000bfe5) c.j     pc - 8
core   0: 3 0x8000f438 (0xbfe5)
core   0: 0x8000f430 (0x00002f17) auipc   t5, 0x2
core   0: 3 0x8000f430 (0x00002f17) x30 0x80011430
core   0: 0x8000f434 (0xbc3f2823) sw      gp, -1072(t5)
core   0: 3 0x8000f434 (0xbc3f2823) mem 0x80011000 0x00000001
core   0: 0x8000f438 (0x0000bfe5) c.j     pc - 8
core   0: 3 0x8000f438 (0xbfe5)
core   0: 0x8000f430 (0x00002f17) auipc   t5, 0x2
core   0: 3 0x8000f430 (0x00002f17) x30 0x80011430
core   0: 0x8000f434 (0xbc3f2823) sw      gp, -1072(t5)
core   0: 3 0x8000f434 (0xbc3f2823) mem 0x80011000 0x00000001
core   0: 0x8000f438 (0x0000bfe5) c.j     pc - 8
core   0: 3 0x8000f438 (0xbfe5)
core   0: 0x8000f430 (0x00002f17) auipc   t5, 0x2
core   0: 3 0x8000f430 (0x00002f17) x30 0x80011430
core   0: 0x8000f434 (0xbc3f2823) sw      gp, -1072(t5)
core   0: 3 0x8000f434 (0xbc3f2823) mem 0x80011000 0x00000001
core   0: 0x8000f438 (0x0000bfe5) c.j     pc - 8
core   0: 3 0x8000f438 (0xbfe5)
core   0: 0x8000f430 (0x00002f17) auipc   t5, 0x2
core   0: 3 0x8000f430 (0x00002f17) x30 0x80011430
core   0: 0x8000f434 (0xbc3f2823) sw      gp, -1072(t5)
core   0: 3 0x8000f434 (0xbc3f2823) mem 0x80011000 0x00000001
core   0: 0x8000f438 (0x0000bfe5) c.j     pc - 8
core   0: 3 0x8000f438 (0xbfe5)
core   0: 0x8000f430 (0x00002f17) auipc   t5, 0x2
core   0: 3 0x8000f430 (0x00002f17) x30 0x80011430
core   0: 0x8000f434 (0xbc3f2823) sw      gp, -1072(t5)
core   0: 3 0x8000f434 (0xbc3f2823) mem 0x80011000 0x00000001
core   0: 0x8000f438 (0x0000bfe5) c.j     pc - 8
core   0: 3 0x8000f438 (0xbfe5)
core   0: 0x8000f430 (0x00002f17) auipc   t5, 0x2
core   0: 3 0x8000f430 (0x00002f17) x30 0x80011430
core   0: 0x8000f434 (0xbc3f2823) sw      gp, -1072(t5)
core   0: 3 0x8000f434 (0xbc3f2823) mem 0x80011000 0x00000001
core   0: 0x8000f438 (0x0000bfe5) c.j     pc - 8
core   0: 3 0x8000f438 (0xbfe5)
core   0: 0x8000f430 (0x00002f17) auipc   t5, 0x2
core   0: 3 0x8000f430 (0x00002f17) x30 0x80011430
core   0: 0x8000f434 (0xbc3f2823) sw      gp, -1072(t5)
core   0: 3 0x8000f434 (0xbc3f2823) mem 0x80011000 0x00000001
core   0: 0x8000f438 (0x0000bfe5) c.j     pc - 8
core   0: 3 0x8000f438 (0xbfe5)
core   0: 0x8000f430 (0x00002f17) auipc   t5, 0x2
core   0: 3 0x8000f430 (0x00002f17) x30 0x80011430
core   0: 0x8000f434 (0xbc3f2823) sw      gp, -1072(t5)
core   0: 3 0x8000f434 (0xbc3f2823) mem 0x80011000 0x00000001
core   0: 0x8000f438 (0x0000bfe5) c.j     pc - 8
core   0: 3 0x8000f438 (0xbfe5)
core   0: 0x8000f430 (0x00002f17) auipc   t5, 0x2
core   0: 3 0x8000f430 (0x00002f17) x30 0x80011430
core   0: 0x8000f434 (0xbc3f2823) sw      gp, -1072(t5)
core   0: 3 0x8000f434 (0xbc3f2823) mem 0x80011000 0x00000001
core   0: 0x8000f438 (0x0000bfe5) c.j     pc - 8
core   0: 3 0x8000f438 (0xbfe5)
core   0: 0x8000f430 (0x00002f17) auipc   t5, 0x2
core   0: 3 0x8000f430 (0x00002f17) x30 0x80011430
core   0: 0x8000f434 (0xbc3f2823) sw      gp, -1072(t5)
core   0: 3 0x8000f434 (0xbc3f2823) mem 0x80011000 0x00000001
core   0: 0x8000f438 (0x0000bfe5) c.j     pc - 8
core   0: 3 0x8000f438 (0xbfe5)
core   0: 0x8000f430 (0x00002f17) auipc   t5, 0x2
core   0: 3 0x8000f430 (0x00002f17) x30 0x80011430
core   0: 0x8000f434 (0xbc3f2823) sw      gp, -1072(t5)
core   0: 3 0x8000f434 (0xbc3f2823) mem 0x80011000 0x00000001
core   0: 0x8000f438 (0x0000bfe5) c.j     pc - 8
core   0: 3 0x8000f438 (0xbfe5)
core   0: 0x8000f430 (0x00002f17) auipc   t5, 0x2
core   0: 3 0x8000f430 (0x00002f17) x30 0x80011430
core   0: 0x8000f434 (0xbc3f2823) sw      gp, -1072(t5)
core   0: 3 0x8000f434 (0xbc3f2823) mem 0x80011000 0x00000001
core   0: 0x8000f438 (0x0000bfe5) c.j     pc - 8
core   0: 3 0x8000f438 (0xbfe5)
core   0: 0x8000f430 (0x00002f17) auipc   t5, 0x2
core   0: 3 0x8000f430 (0x00002f17) x30 0x80011430
core   0: 0x8000f434 (0xbc3f2823) sw      gp, -1072(t5)
core   0: 3 0x8000f434 (0xbc3f2823) mem 0x80011000 0x00000001
core   0: 0x8000f438 (0x0000bfe5) c.j     pc - 8
core   0: 3 0x8000f438 (0xbfe5)
core   0: 0x8000f430 (0x00002f17) auipc   t5, 0x2
core   0: 3 0x8000f430 (0x00002f17) x30 0x80011430
core   0: 0x8000f434 (0xbc3f2823) sw      gp, -1072(t5)
core   0: 3 0x8000f434 (0xbc3f2823) mem 0x80011000 0x00000001
core   0: 0x8000f438 (0x0000bfe5) c.j     pc - 8
core   0: 3 0x8000f438 (0xbfe5)
core   0: 0x8000f430 (0x00002f17) auipc   t5, 0x2
core   0: 3 0x8000f430 (0x00002f17) x30 0x80011430
core   0: 0x8000f434 (0xbc3f2823) sw      gp, -1072(t5)
core   0: 3 0x8000f434 (0xbc3f2823) mem 0x80011000 0x00000001
core   0: 0x8000f438 (0x0000bfe5) c.j     pc - 8
core   0: 3 0x8000f438 (0xbfe5)
core   0: 0x8000f430 (0x00002f17) auipc   t5, 0x2
core   0: 3 0x8000f430 (0x00002f17) x30 0x80011430
core   0: 0x8000f434 (0xbc3f2823) sw      gp, -1072(t5)
core   0: 3 0x8000f434 (0xbc3f2823) mem 0x80011000 0x00000001
core   0: 0x8000f438 (0x0000bfe5) c.j     pc - 8
core   0: 3 0x8000f438 (0xbfe5)
core   0: 0x8000f430 (0x00002f17) auipc   t5, 0x2
core   0: 3 0x8000f430 (0x00002f17) x30 0x80011430
core   0: 0x8000f434 (0xbc3f2823) sw      gp, -1072(t5)
core   0: 3 0x8000f434 (0xbc3f2823) mem 0x80011000 0x00000001
core   0: 0x8000f438 (0x0000bfe5) c.j     pc - 8
core   0: 3 0x8000f438 (0xbfe5)
core   0: 0x8000f430 (0x00002f17) auipc   t5, 0x2
core   0: 3 0x8000f430 (0x00002f17) x30 0x80011430
core   0: 0x8000f434 (0xbc3f2823) sw      gp, -1072(t5)
core   0: 3 0x8000f434 (0xbc3f2823) mem 0x80011000 0x00000001
core   0: 0x8000f438 (0x0000bfe5) c.j     pc - 8
core   0: 3 0x8000f438 (0xbfe5)
core   0: 0x8000f430 (0x00002f17) auipc   t5, 0x2
core   0: 3 0x8000f430 (0x00002f17) x30 0x80011430
core   0: 0x8000f434 (0xbc3f2823) sw      gp, -1072(t5)
core   0: 3 0x8000f434 (0xbc3f2823) mem 0x80011000 0x00000001
core   0: 0x8000f438 (0x0000bfe5) c.j     pc - 8
core   0: 3 0x8000f438 (0xbfe5)
core   0: 0x8000f430 (0x00002f17) auipc   t5, 0x2
core   0: 3 0x8000f430 (0x00002f17) x30 0x80011430
core   0: 0x8000f434 (0xbc3f2823) sw      gp, -1072(t5)
core   0: 3 0x8000f434 (0xbc3f2823) mem 0x80011000 0x00000001
core   0: 0x8000f438 (0x0000bfe5) c.j     pc - 8
core   0: 3 0x8000f438 (0xbfe5)
core   0: 0x8000f430 (0x00002f17) auipc   t5, 0x2
core   0: 3 0x8000f430 (0x00002f17) x30 0x80011430
core   0: 0x8000f434 (0xbc3f2823) sw      gp, -1072(t5)
core   0: 3 0x8000f434 (0xbc3f2823) mem 0x80011000 0x00000001
core   0: 0x8000f438 (0x0000bfe5) c.j     pc - 8
core   0: 3 0x8000f438 (0xbfe5)
core   0: 0x8000f430 (0x00002f17) auipc   t5, 0x2
core   0: 3 0x8000f430 (0x00002f17) x30 0x80011430
core   0: 0x8000f434 (0xbc3f2823) sw      gp, -1072(t5)
core   0: 3 0x8000f434 (0xbc3f2823) mem 0x80011000 0x00000001
core   0: 0x8000f438 (0x0000bfe5) c.j     pc - 8
core   0: 3 0x8000f438 (0xbfe5)
core   0: 0x8000f430 (0x00002f17) auipc   t5, 0x2
core   0: 3 0x8000f430 (0x00002f17) x30 0x80011430
core   0: 0x8000f434 (0xbc3f2823) sw      gp, -1072(t5)
core   0: 3 0x8000f434 (0xbc3f2823) mem 0x80011000 0x00000001
core   0: 0x8000f438 (0x0000bfe5) c.j     pc - 8
core   0: 3 0x8000f438 (0xbfe5)
core   0: 0x8000f430 (0x00002f17) auipc   t5, 0x2
core   0: 3 0x8000f430 (0x00002f17) x30 0x80011430
core   0: 0x8000f434 (0xbc3f2823) sw      gp, -1072(t5)
core   0: 3 0x8000f434 (0xbc3f2823) mem 0x80011000 0x00000001
core   0: 0x8000f438 (0x0000bfe5) c.j     pc - 8
core   0: 3 0x8000f438 (0xbfe5)
core   0: 0x8000f430 (0x00002f17) auipc   t5, 0x2
core   0: 3 0x8000f430 (0x00002f17) x30 0x80011430
core   0: 0x8000f434 (0xbc3f2823) sw      gp, -1072(t5)
core   0: 3 0x8000f434 (0xbc3f2823) mem 0x80011000 0x00000001
core   0: 0x8000f438 (0x0000bfe5) c.j     pc - 8
core   0: 3 0x8000f438 (0xbfe5)
core   0: 0x8000f430 (0x00002f17) auipc   t5, 0x2
core   0: 3 0x8000f430 (0x00002f17) x30 0x80011430
core   0: 0x8000f434 (0xbc3f2823) sw      gp, -1072(t5)
core   0: 3 0x8000f434 (0xbc3f2823) mem 0x80011000 0x00000001
core   0: 0x8000f438 (0x0000bfe5) c.j     pc - 8
core   0: 3 0x8000f438 (0xbfe5)
core   0: 0x8000f430 (0x00002f17) auipc   t5, 0x2
core   0: 3 0x8000f430 (0x00002f17) x30 0x80011430
core   0: 0x8000f434 (0xbc3f2823) sw      gp, -1072(t5)
core   0: 3 0x8000f434 (0xbc3f2823) mem 0x80011000 0x00000001
core   0: 0x8000f438 (0x0000bfe5) c.j     pc - 8
core   0: 3 0x8000f438 (0xbfe5)
core   0: 0x8000f430 (0x00002f17) auipc   t5, 0x2
core   0: 3 0x8000f430 (0x00002f17) x30 0x80011430
core   0: 0x8000f434 (0xbc3f2823) sw      gp, -1072(t5)
core   0: 3 0x8000f434 (0xbc3f2823) mem 0x80011000 0x00000001
core   0: 0x8000f438 (0x0000bfe5) c.j     pc - 8
core   0: 3 0x8000f438 (0xbfe5)
core   0: 0x8000f430 (0x00002f17) auipc   t5, 0x2
core   0: 3 0x8000f430 (0x00002f17) x30 0x80011430
core   0: 0x8000f434 (0xbc3f2823) sw      gp, -1072(t5)
core   0: 3 0x8000f434 (0xbc3f2823) mem 0x80011000 0x00000001
core   0: 0x8000f438 (0x0000bfe5) c.j     pc - 8
core   0: 3 0x8000f438 (0xbfe5)
core   0: 0x8000f430 (0x00002f17) auipc   t5, 0x2
core   0: 3 0x8000f430 (0x00002f17) x30 0x80011430
core   0: 0x8000f434 (0xbc3f2823) sw      gp, -1072(t5)
core   0: 3 0x8000f434 (0xbc3f2823) mem 0x80011000 0x00000001
core   0: 0x8000f438 (0x0000bfe5) c.j     pc - 8
core   0: 3 0x8000f438 (0xbfe5)
core   0: 0x8000f430 (0x00002f17) auipc   t5, 0x2
core   0: 3 0x8000f430 (0x00002f17) x30 0x80011430
core   0: 0x8000f434 (0xbc3f2823) sw      gp, -1072(t5)
core   0: 3 0x8000f434 (0xbc3f2823) mem 0x80011000 0x00000001
core   0: 0x8000f438 (0x0000bfe5) c.j     pc - 8
core   0: 3 0x8000f438 (0xbfe5)
core   0: 0x8000f430 (0x00002f17) auipc   t5, 0x2
core   0: 3 0x8000f430 (0x00002f17) x30 0x80011430
core   0: 0x8000f434 (0xbc3f2823) sw      gp, -1072(t5)
core   0: 3 0x8000f434 (0xbc3f2823) mem 0x80011000 0x00000001
core   0: 0x8000f438 (0x0000bfe5) c.j     pc - 8
core   0: 3 0x8000f438 (0xbfe5)
core   0: 0x8000f430 (0x00002f17) auipc   t5, 0x2
core   0: 3 0x8000f430 (0x00002f17) x30 0x80011430
core   0: 0x8000f434 (0xbc3f2823) sw      gp, -1072(t5)
core   0: 3 0x8000f434 (0xbc3f2823) mem 0x80011000 0x00000001
core   0: 0x8000f438 (0x0000bfe5) c.j     pc - 8
core   0: 3 0x8000f438 (0xbfe5)
core   0: 0x8000f430 (0x00002f17) auipc   t5, 0x2
core   0: 3 0x8000f430 (0x00002f17) x30 0x80011430
core   0: 0x8000f434 (0xbc3f2823) sw      gp, -1072(t5)
core   0: 3 0x8000f434 (0xbc3f2823) mem 0x80011000 0x00000001
core   0: 0x8000f438 (0x0000bfe5) c.j     pc - 8
core   0: 3 0x8000f438 (0xbfe5)
core   0: 0x8000f430 (0x00002f17) auipc   t5, 0x2
core   0: 3 0x8000f430 (0x00002f17) x30 0x80011430
core   0: 0x8000f434 (0xbc3f2823) sw      gp, -1072(t5)
core   0: 3 0x8000f434 (0xbc3f2823) mem 0x80011000 0x00000001
core   0: 0x8000f438 (0x0000bfe5) c.j     pc - 8
core   0: 3 0x8000f438 (0xbfe5)
core   0: 0x8000f430 (0x00002f17) auipc   t5, 0x2
core   0: 3 0x8000f430 (0x00002f17) x30 0x80011430
core   0: 0x8000f434 (0xbc3f2823) sw      gp, -1072(t5)
core   0: 3 0x8000f434 (0xbc3f2823) mem 0x80011000 0x00000001
core   0: 0x8000f438 (0x0000bfe5) c.j     pc - 8
core   0: 3 0x8000f438 (0xbfe5)
core   0: 0x8000f430 (0x00002f17) auipc   t5, 0x2
core   0: 3 0x8000f430 (0x00002f17) x30 0x80011430
core   0: 0x8000f434 (0xbc3f2823) sw      gp, -1072(t5)
core   0: 3 0x8000f434 (0xbc3f2823) mem 0x80011000 0x00000001
core   0: 0x8000f438 (0x0000bfe5) c.j     pc - 8
core   0: 3 0x8000f438 (0xbfe5)
core   0: 0x8000f430 (0x00002f17) auipc   t5, 0x2
core   0: 3 0x8000f430 (0x00002f17) x30 0x80011430
core   0: 0x8000f434 (0xbc3f2823) sw      gp, -1072(t5)
core   0: 3 0x8000f434 (0xbc3f2823) mem 0x80011000 0x00000001
core   0: 0x8000f438 (0x0000bfe5) c.j     pc - 8
core   0: 3 0x8000f438 (0xbfe5)
core   0: 0x8000f430 (0x00002f17) auipc   t5, 0x2
core   0: 3 0x8000f430 (0x00002f17) x30 0x80011430
core   0: 0x8000f434 (0xbc3f2823) sw      gp, -1072(t5)
core   0: 3 0x8000f434 (0xbc3f2823) mem 0x80011000 0x00000001
core   0: 0x8000f438 (0x0000bfe5) c.j     pc - 8
core   0: 3 0x8000f438 (0xbfe5)
core   0: 0x8000f430 (0x00002f17) auipc   t5, 0x2
core   0: 3 0x8000f430 (0x00002f17) x30 0x80011430
core   0: 0x8000f434 (0xbc3f2823) sw      gp, -1072(t5)
core   0: 3 0x8000f434 (0xbc3f2823) mem 0x80011000 0x00000001
core   0: 0x8000f438 (0x0000bfe5) c.j     pc - 8
core   0: 3 0x8000f438 (0xbfe5)
core   0: 0x8000f430 (0x00002f17) auipc   t5, 0x2
core   0: 3 0x8000f430 (0x00002f17) x30 0x80011430
core   0: 0x8000f434 (0xbc3f2823) sw      gp, -1072(t5)
core   0: 3 0x8000f434 (0xbc3f2823) mem 0x80011000 0x00000001
core   0: 0x8000f438 (0x0000bfe5) c.j     pc - 8
core   0: 3 0x8000f438 (0xbfe5)
core   0: 0x8000f430 (0x00002f17) auipc   t5, 0x2
core   0: 3 0x8000f430 (0x00002f17) x30 0x80011430
core   0: 0x8000f434 (0xbc3f2823) sw      gp, -1072(t5)
core   0: 3 0x8000f434 (0xbc3f2823) mem 0x80011000 0x00000001
core   0: 0x8000f438 (0x0000bfe5) c.j     pc - 8
core   0: 3 0x8000f438 (0xbfe5)
core   0: 0x8000f430 (0x00002f17) auipc   t5, 0x2
core   0: 3 0x8000f430 (0x00002f17) x30 0x80011430
core   0: 0x8000f434 (0xbc3f2823) sw      gp, -1072(t5)
core   0: 3 0x8000f434 (0xbc3f2823) mem 0x80011000 0x00000001
core   0: 0x8000f438 (0x0000bfe5) c.j     pc - 8
core   0: 3 0x8000f438 (0xbfe5)
core   0: 0x8000f430 (0x00002f17) auipc   t5, 0x2
core   0: 3 0x8000f430 (0x00002f17) x30 0x80011430
core   0: 0x8000f434 (0xbc3f2823) sw      gp, -1072(t5)
core   0: 3 0x8000f434 (0xbc3f2823) mem 0x80011000 0x00000001
core   0: 0x8000f438 (0x0000bfe5) c.j     pc - 8
core   0: 3 0x8000f438 (0xbfe5)
core   0: 0x8000f430 (0x00002f17) auipc   t5, 0x2
core   0: 3 0x8000f430 (0x00002f17) x30 0x80011430
core   0: 0x8000f434 (0xbc3f2823) sw      gp, -1072(t5)
core   0: 3 0x8000f434 (0xbc3f2823) mem 0x80011000 0x00000001
core   0: 0x8000f438 (0x0000bfe5) c.j     pc - 8
core   0: 3 0x8000f438 (0xbfe5)
core   0: 0x8000f430 (0x00002f17) auipc   t5, 0x2
core   0: 3 0x8000f430 (0x00002f17) x30 0x80011430
core   0: 0x8000f434 (0xbc3f2823) sw      gp, -1072(t5)
core   0: 3 0x8000f434 (0xbc3f2823) mem 0x80011000 0x00000001
core   0: 0x8000f438 (0x0000bfe5) c.j     pc - 8
core   0: 3 0x8000f438 (0xbfe5)
core   0: 0x8000f430 (0x00002f17) auipc   t5, 0x2
core   0: 3 0x8000f430 (0x00002f17) x30 0x80011430
core   0: 0x8000f434 (0xbc3f2823) sw      gp, -1072(t5)
core   0: 3 0x8000f434 (0xbc3f2823) mem 0x80011000 0x00000001
core   0: 0x8000f438 (0x0000bfe5) c.j     pc - 8
core   0: 3 0x8000f438 (0xbfe5)
core   0: 0x8000f430 (0x00002f17) auipc   t5, 0x2
core   0: 3 0x8000f430 (0x00002f17) x30 0x80011430
core   0: 0x8000f434 (0xbc3f2823) sw      gp, -1072(t5)
core   0: 3 0x8000f434 (0xbc3f2823) mem 0x80011000 0x00000001
core   0: 0x8000f438 (0x0000bfe5) c.j     pc - 8
core   0: 3 0x8000f438 (0xbfe5)
core   0: 0x8000f430 (0x00002f17) auipc   t5, 0x2
core   0: 3 0x8000f430 (0x00002f17) x30 0x80011430
core   0: 0x8000f434 (0xbc3f2823) sw      gp, -1072(t5)
core   0: 3 0x8000f434 (0xbc3f2823) mem 0x80011000 0x00000001
core   0: 0x8000f438 (0x0000bfe5) c.j     pc - 8
core   0: 3 0x8000f438 (0xbfe5)
core   0: 0x8000f430 (0x00002f17) auipc   t5, 0x2
core   0: 3 0x8000f430 (0x00002f17) x30 0x80011430
core   0: 0x8000f434 (0xbc3f2823) sw      gp, -1072(t5)
core   0: 3 0x8000f434 (0xbc3f2823) mem 0x80011000 0x00000001
core   0: 0x8000f438 (0x0000bfe5) c.j     pc - 8
core   0: 3 0x8000f438 (0xbfe5)
core   0: 0x8000f430 (0x00002f17) auipc   t5, 0x2
core   0: 3 0x8000f430 (0x00002f17) x30 0x80011430
core   0: 0x8000f434 (0xbc3f2823) sw      gp, -1072(t5)
core   0: 3 0x8000f434 (0xbc3f2823) mem 0x80011000 0x00000001
core   0: 0x8000f438 (0x0000bfe5) c.j     pc - 8
core   0: 3 0x8000f438 (0xbfe5)
core   0: 0x8000f430 (0x00002f17) auipc   t5, 0x2
core   0: 3 0x8000f430 (0x00002f17) x30 0x80011430
core   0: 0x8000f434 (0xbc3f2823) sw      gp, -1072(t5)
core   0: 3 0x8000f434 (0xbc3f2823) mem 0x80011000 0x00000001
core   0: 0x8000f438 (0x0000bfe5) c.j     pc - 8
core   0: 3 0x8000f438 (0xbfe5)
core   0: 0x8000f430 (0x00002f17) auipc   t5, 0x2
core   0: 3 0x8000f430 (0x00002f17) x30 0x80011430
core   0: 0x8000f434 (0xbc3f2823) sw      gp, -1072(t5)
core   0: 3 0x8000f434 (0xbc3f2823) mem 0x80011000 0x00000001
core   0: 0x8000f438 (0x0000bfe5) c.j     pc - 8
core   0: 3 0x8000f438 (0xbfe5)
core   0: 0x8000f430 (0x00002f17) auipc   t5, 0x2
core   0: 3 0x8000f430 (0x00002f17) x30 0x80011430
core   0: 0x8000f434 (0xbc3f2823) sw      gp, -1072(t5)
core   0: 3 0x8000f434 (0xbc3f2823) mem 0x80011000 0x00000001
core   0: 0x8000f438 (0x0000bfe5) c.j     pc - 8
core   0: 3 0x8000f438 (0xbfe5)
core   0: 0x8000f430 (0x00002f17) auipc   t5, 0x2
core   0: 3 0x8000f430 (0x00002f17) x30 0x80011430
core   0: 0x8000f434 (0xbc3f2823) sw      gp, -1072(t5)
core   0: 3 0x8000f434 (0xbc3f2823) mem 0x80011000 0x00000001
core   0: 0x8000f438 (0x0000bfe5) c.j     pc - 8
core   0: 3 0x8000f438 (0xbfe5)
core   0: 0x8000f430 (0x00002f17) auipc   t5, 0x2
core   0: 3 0x8000f430 (0x00002f17) x30 0x80011430
core   0: 0x8000f434 (0xbc3f2823) sw      gp, -1072(t5)
core   0: 3 0x8000f434 (0xbc3f2823) mem 0x80011000 0x00000001
core   0: 0x8000f438 (0x0000bfe5) c.j     pc - 8
core   0: 3 0x8000f438 (0xbfe5)
core   0: 0x8000f430 (0x00002f17) auipc   t5, 0x2
core   0: 3 0x8000f430 (0x00002f17) x30 0x80011430
core   0: 0x8000f434 (0xbc3f2823) sw      gp, -1072(t5)
core   0: 3 0x8000f434 (0xbc3f2823) mem 0x80011000 0x00000001
core   0: 0x8000f438 (0x0000bfe5) c.j     pc - 8
core   0: 3 0x8000f438 (0xbfe5)
core   0: 0x8000f430 (0x00002f17) auipc   t5, 0x2
core   0: 3 0x8000f430 (0x00002f17) x30 0x80011430
core   0: 0x8000f434 (0xbc3f2823) sw      gp, -1072(t5)
core   0: 3 0x8000f434 (0xbc3f2823) mem 0x80011000 0x00000001
core   0: 0x8000f438 (0x0000bfe5) c.j     pc - 8
core   0: 3 0x8000f438 (0xbfe5)
core   0: 0x8000f430 (0x00002f17) auipc   t5, 0x2
core   0: 3 0x8000f430 (0x00002f17) x30 0x80011430
core   0: 0x8000f434 (0xbc3f2823) sw      gp, -1072(t5)
core   0: 3 0x8000f434 (0xbc3f2823) mem 0x80011000 0x00000001
core   0: 0x8000f438 (0x0000bfe5) c.j     pc - 8
core   0: 3 0x8000f438 (0xbfe5)
core   0: 0x8000f430 (0x00002f17) auipc   t5, 0x2
core   0: 3 0x8000f430 (0x00002f17) x30 0x80011430
core   0: 0x8000f434 (0xbc3f2823) sw      gp, -1072(t5)
core   0: 3 0x8000f434 (0xbc3f2823) mem 0x80011000 0x00000001
core   0: 0x8000f438 (0x0000bfe5) c.j     pc - 8
core   0: 3 0x8000f438 (0xbfe5)
core   0: 0x8000f430 (0x00002f17) auipc   t5, 0x2
core   0: 3 0x8000f430 (0x00002f17) x30 0x80011430
core   0: 0x8000f434 (0xbc3f2823) sw      gp, -1072(t5)
core   0: 3 0x8000f434 (0xbc3f2823) mem 0x80011000 0x00000001
core   0: 0x8000f438 (0x0000bfe5) c.j     pc - 8
core   0: 3 0x8000f438 (0xbfe5)
core   0: 0x8000f430 (0x00002f17) auipc   t5, 0x2
core   0: 3 0x8000f430 (0x00002f17) x30 0x80011430
core   0: 0x8000f434 (0xbc3f2823) sw      gp, -1072(t5)
core   0: 3 0x8000f434 (0xbc3f2823) mem 0x80011000 0x00000001
core   0: 0x8000f438 (0x0000bfe5) c.j     pc - 8
core   0: 3 0x8000f438 (0xbfe5)
core   0: 0x8000f430 (0x00002f17) auipc   t5, 0x2
core   0: 3 0x8000f430 (0x00002f17) x30 0x80011430
core   0: 0x8000f434 (0xbc3f2823) sw      gp, -1072(t5)
core   0: 3 0x8000f434 (0xbc3f2823) mem 0x80011000 0x00000001
core   0: 0x8000f438 (0x0000bfe5) c.j     pc - 8
core   0: 3 0x8000f438 (0xbfe5)
core   0: 0x8000f430 (0x00002f17) auipc   t5, 0x2
core   0: 3 0x8000f430 (0x00002f17) x30 0x80011430
core   0: 0x8000f434 (0xbc3f2823) sw      gp, -1072(t5)
core   0: 3 0x8000f434 (0xbc3f2823) mem 0x80011000 0x00000001
core   0: 0x8000f438 (0x0000bfe5) c.j     pc - 8
core   0: 3 0x8000f438 (0xbfe5)
core   0: 0x8000f430 (0x00002f17) auipc   t5, 0x2
core   0: 3 0x8000f430 (0x00002f17) x30 0x80011430
core   0: 0x8000f434 (0xbc3f2823) sw      gp, -1072(t5)
core   0: 3 0x8000f434 (0xbc3f2823) mem 0x80011000 0x00000001
core   0: 0x8000f438 (0x0000bfe5) c.j     pc - 8
core   0: 3 0x8000f438 (0xbfe5)
core   0: 0x8000f430 (0x00002f17) auipc   t5, 0x2
core   0: 3 0x8000f430 (0x00002f17) x30 0x80011430
core   0: 0x8000f434 (0xbc3f2823) sw      gp, -1072(t5)
core   0: 3 0x8000f434 (0xbc3f2823) mem 0x80011000 0x00000001
core   0: 0x8000f438 (0x0000bfe5) c.j     pc - 8
core   0: 3 0x8000f438 (0xbfe5)
core   0: 0x8000f430 (0x00002f17) auipc   t5, 0x2
core   0: 3 0x8000f430 (0x00002f17) x30 0x80011430
core   0: 0x8000f434 (0xbc3f2823) sw      gp, -1072(t5)
core   0: 3 0x8000f434 (0xbc3f2823) mem 0x80011000 0x00000001
core   0: 0x8000f438 (0x0000bfe5) c.j     pc - 8
core   0: 3 0x8000f438 (0xbfe5)
core   0: 0x8000f430 (0x00002f17) auipc   t5, 0x2
core   0: 3 0x8000f430 (0x00002f17) x30 0x80011430
core   0: 0x8000f434 (0xbc3f2823) sw      gp, -1072(t5)
core   0: 3 0x8000f434 (0xbc3f2823) mem 0x80011000 0x00000001
core   0: 0x8000f438 (0x0000bfe5) c.j     pc - 8
core   0: 3 0x8000f438 (0xbfe5)
core   0: 0x8000f430 (0x00002f17) auipc   t5, 0x2
core   0: 3 0x8000f430 (0x00002f17) x30 0x80011430
core   0: 0x8000f434 (0xbc3f2823) sw      gp, -1072(t5)
core   0: 3 0x8000f434 (0xbc3f2823) mem 0x80011000 0x00000001
core   0: 0x8000f438 (0x0000bfe5) c.j     pc - 8
core   0: 3 0x8000f438 (0xbfe5)
core   0: 0x8000f430 (0x00002f17) auipc   t5, 0x2
core   0: 3 0x8000f430 (0x00002f17) x30 0x80011430
core   0: 0x8000f434 (0xbc3f2823) sw      gp, -1072(t5)
core   0: 3 0x8000f434 (0xbc3f2823) mem 0x80011000 0x00000001
core   0: 0x8000f438 (0x0000bfe5) c.j     pc - 8
core   0: 3 0x8000f438 (0xbfe5)
core   0: 0x8000f430 (0x00002f17) auipc   t5, 0x2
core   0: 3 0x8000f430 (0x00002f17) x30 0x80011430
core   0: 0x8000f434 (0xbc3f2823) sw      gp, -1072(t5)
core   0: 3 0x8000f434 (0xbc3f2823) mem 0x80011000 0x00000001
core   0: 0x8000f438 (0x0000bfe5) c.j     pc - 8
core   0: 3 0x8000f438 (0xbfe5)
core   0: 0x8000f430 (0x00002f17) auipc   t5, 0x2
core   0: 3 0x8000f430 (0x00002f17) x30 0x80011430
core   0: 0x8000f434 (0xbc3f2823) sw      gp, -1072(t5)
core   0: 3 0x8000f434 (0xbc3f2823) mem 0x80011000 0x00000001
core   0: 0x8000f438 (0x0000bfe5) c.j     pc - 8
core   0: 3 0x8000f438 (0xbfe5)
core   0: 0x8000f430 (0x00002f17) auipc   t5, 0x2
core   0: 3 0x8000f430 (0x00002f17) x30 0x80011430
core   0: 0x8000f434 (0xbc3f2823) sw      gp, -1072(t5)
core   0: 3 0x8000f434 (0xbc3f2823) mem 0x80011000 0x00000001
core   0: 0x8000f438 (0x0000bfe5) c.j     pc - 8
core   0: 3 0x8000f438 (0xbfe5)
core   0: 0x8000f430 (0x00002f17) auipc   t5, 0x2
core   0: 3 0x8000f430 (0x00002f17) x30 0x80011430
core   0: 0x8000f434 (0xbc3f2823) sw      gp, -1072(t5)
core   0: 3 0x8000f434 (0xbc3f2823) mem 0x80011000 0x00000001
core   0: 0x8000f438 (0x0000bfe5) c.j     pc - 8
core   0: 3 0x8000f438 (0xbfe5)
core   0: 0x8000f430 (0x00002f17) auipc   t5, 0x2
core   0: 3 0x8000f430 (0x00002f17) x30 0x80011430
core   0: 0x8000f434 (0xbc3f2823) sw      gp, -1072(t5)
core   0: 3 0x8000f434 (0xbc3f2823) mem 0x80011000 0x00000001
core   0: 0x8000f438 (0x0000bfe5) c.j     pc - 8
core   0: 3 0x8000f438 (0xbfe5)
core   0: 0x8000f430 (0x00002f17) auipc   t5, 0x2
core   0: 3 0x8000f430 (0x00002f17) x30 0x80011430
core   0: 0x8000f434 (0xbc3f2823) sw      gp, -1072(t5)
core   0: 3 0x8000f434 (0xbc3f2823) mem 0x80011000 0x00000001
core   0: 0x8000f438 (0x0000bfe5) c.j     pc - 8
core   0: 3 0x8000f438 (0xbfe5)
core   0: 0x8000f430 (0x00002f17) auipc   t5, 0x2
core   0: 3 0x8000f430 (0x00002f17) x30 0x80011430
core   0: 0x8000f434 (0xbc3f2823) sw      gp, -1072(t5)
core   0: 3 0x8000f434 (0xbc3f2823) mem 0x80011000 0x00000001
core   0: 0x8000f438 (0x0000bfe5) c.j     pc - 8
core   0: 3 0x8000f438 (0xbfe5)
core   0: 0x8000f430 (0x00002f17) auipc   t5, 0x2
core   0: 3 0x8000f430 (0x00002f17) x30 0x80011430
core   0: 0x8000f434 (0xbc3f2823) sw      gp, -1072(t5)
core   0: 3 0x8000f434 (0xbc3f2823) mem 0x80011000 0x00000001
core   0: 0x8000f438 (0x0000bfe5) c.j     pc - 8
core   0: 3 0x8000f438 (0xbfe5)
core   0: 0x8000f430 (0x00002f17) auipc   t5, 0x2
core   0: 3 0x8000f430 (0x00002f17) x30 0x80011430
core   0: 0x8000f434 (0xbc3f2823) sw      gp, -1072(t5)
core   0: 3 0x8000f434 (0xbc3f2823) mem 0x80011000 0x00000001
core   0: 0x8000f438 (0x0000bfe5) c.j     pc - 8
core   0: 3 0x8000f438 (0xbfe5)
core   0: 0x8000f430 (0x00002f17) auipc   t5, 0x2
core   0: 3 0x8000f430 (0x00002f17) x30 0x80011430
core   0: 0x8000f434 (0xbc3f2823) sw      gp, -1072(t5)
core   0: 3 0x8000f434 (0xbc3f2823) mem 0x80011000 0x00000001
core   0: 0x8000f438 (0x0000bfe5) c.j     pc - 8
core   0: 3 0x8000f438 (0xbfe5)
core   0: 0x8000f430 (0x00002f17) auipc   t5, 0x2
core   0: 3 0x8000f430 (0x00002f17) x30 0x80011430
core   0: 0x8000f434 (0xbc3f2823) sw      gp, -1072(t5)
core   0: 3 0x8000f434 (0xbc3f2823) mem 0x80011000 0x00000001
core   0: 0x8000f438 (0x0000bfe5) c.j     pc - 8
core   0: 3 0x8000f438 (0xbfe5)
core   0: 0x8000f430 (0x00002f17) auipc   t5, 0x2
core   0: 3 0x8000f430 (0x00002f17) x30 0x80011430
core   0: 0x8000f434 (0xbc3f2823) sw      gp, -1072(t5)
core   0: 3 0x8000f434 (0xbc3f2823) mem 0x80011000 0x00000001
core   0: 0x8000f438 (0x0000bfe5) c.j     pc - 8
core   0: 3 0x8000f438 (0xbfe5)
core   0: 0x8000f430 (0x00002f17) auipc   t5, 0x2
core   0: 3 0x8000f430 (0x00002f17) x30 0x80011430
core   0: 0x8000f434 (0xbc3f2823) sw      gp, -1072(t5)
core   0: 3 0x8000f434 (0xbc3f2823) mem 0x80011000 0x00000001
core   0: 0x8000f438 (0x0000bfe5) c.j     pc - 8
core   0: 3 0x8000f438 (0xbfe5)
core   0: 0x8000f430 (0x00002f17) auipc   t5, 0x2
core   0: 3 0x8000f430 (0x00002f17) x30 0x80011430
core   0: 0x8000f434 (0xbc3f2823) sw      gp, -1072(t5)
core   0: 3 0x8000f434 (0xbc3f2823) mem 0x80011000 0x00000001
core   0: 0x8000f438 (0x0000bfe5) c.j     pc - 8
core   0: 3 0x8000f438 (0xbfe5)
core   0: 0x8000f430 (0x00002f17) auipc   t5, 0x2
core   0: 3 0x8000f430 (0x00002f17) x30 0x80011430
core   0: 0x8000f434 (0xbc3f2823) sw      gp, -1072(t5)
core   0: 3 0x8000f434 (0xbc3f2823) mem 0x80011000 0x00000001
core   0: 0x8000f438 (0x0000bfe5) c.j     pc - 8
core   0: 3 0x8000f438 (0xbfe5)
core   0: 0x8000f430 (0x00002f17) auipc   t5, 0x2
core   0: 3 0x8000f430 (0x00002f17) x30 0x80011430
core   0: 0x8000f434 (0xbc3f2823) sw      gp, -1072(t5)
core   0: 3 0x8000f434 (0xbc3f2823) mem 0x80011000 0x00000001
core   0: 0x8000f438 (0x0000bfe5) c.j     pc - 8
core   0: 3 0x8000f438 (0xbfe5)
core   0: 0x8000f430 (0x00002f17) auipc   t5, 0x2
core   0: 3 0x8000f430 (0x00002f17) x30 0x80011430
core   0: 0x8000f434 (0xbc3f2823) sw      gp, -1072(t5)
core   0: 3 0x8000f434 (0xbc3f2823) mem 0x80011000 0x00000001
core   0: 0x8000f438 (0x0000bfe5) c.j     pc - 8
core   0: 3 0x8000f438 (0xbfe5)
core   0: 0x8000f430 (0x00002f17) auipc   t5, 0x2
core   0: 3 0x8000f430 (0x00002f17) x30 0x80011430
core   0: 0x8000f434 (0xbc3f2823) sw      gp, -1072(t5)
core   0: 3 0x8000f434 (0xbc3f2823) mem 0x80011000 0x00000001
core   0: 0x8000f438 (0x0000bfe5) c.j     pc - 8
core   0: 3 0x8000f438 (0xbfe5)
core   0: 0x8000f430 (0x00002f17) auipc   t5, 0x2
core   0: 3 0x8000f430 (0x00002f17) x30 0x80011430
core   0: 0x8000f434 (0xbc3f2823) sw      gp, -1072(t5)
core   0: 3 0x8000f434 (0xbc3f2823) mem 0x80011000 0x00000001
core   0: 0x8000f438 (0x0000bfe5) c.j     pc - 8
core   0: 3 0x8000f438 (0xbfe5)
core   0: 0x8000f430 (0x00002f17) auipc   t5, 0x2
core   0: 3 0x8000f430 (0x00002f17) x30 0x80011430
core   0: 0x8000f434 (0xbc3f2823) sw      gp, -1072(t5)
core   0: 3 0x8000f434 (0xbc3f2823) mem 0x80011000 0x00000001
core   0: 0x8000f438 (0x0000bfe5) c.j     pc - 8
core   0: 3 0x8000f438 (0xbfe5)
core   0: 0x8000f430 (0x00002f17) auipc   t5, 0x2
core   0: 3 0x8000f430 (0x00002f17) x30 0x80011430
core   0: 0x8000f434 (0xbc3f2823) sw      gp, -1072(t5)
core   0: 3 0x8000f434 (0xbc3f2823) mem 0x80011000 0x00000001
core   0: 0x8000f438 (0x0000bfe5) c.j     pc - 8
core   0: 3 0x8000f438 (0xbfe5)
core   0: 0x8000f430 (0x00002f17) auipc   t5, 0x2
core   0: 3 0x8000f430 (0x00002f17) x30 0x80011430
core   0: 0x8000f434 (0xbc3f2823) sw      gp, -1072(t5)
core   0: 3 0x8000f434 (0xbc3f2823) mem 0x80011000 0x00000001
core   0: 0x8000f438 (0x0000bfe5) c.j     pc - 8
core   0: 3 0x8000f438 (0xbfe5)
core   0: 0x8000f430 (0x00002f17) auipc   t5, 0x2
core   0: 3 0x8000f430 (0x00002f17) x30 0x80011430
core   0: 0x8000f434 (0xbc3f2823) sw      gp, -1072(t5)
core   0: 3 0x8000f434 (0xbc3f2823) mem 0x80011000 0x00000001
core   0: 0x8000f438 (0x0000bfe5) c.j     pc - 8
core   0: 3 0x8000f438 (0xbfe5)
core   0: 0x8000f430 (0x00002f17) auipc   t5, 0x2
core   0: 3 0x8000f430 (0x00002f17) x30 0x80011430
core   0: 0x8000f434 (0xbc3f2823) sw      gp, -1072(t5)
core   0: 3 0x8000f434 (0xbc3f2823) mem 0x80011000 0x00000001
core   0: 0x8000f438 (0x0000bfe5) c.j     pc - 8
core   0: 3 0x8000f438 (0xbfe5)
core   0: 0x8000f430 (0x00002f17) auipc   t5, 0x2
core   0: 3 0x8000f430 (0x00002f17) x30 0x80011430
core   0: 0x8000f434 (0xbc3f2823) sw      gp, -1072(t5)
core   0: 3 0x8000f434 (0xbc3f2823) mem 0x80011000 0x00000001
core   0: 0x8000f438 (0x0000bfe5) c.j     pc - 8
core   0: 3 0x8000f438 (0xbfe5)
core   0: 0x8000f430 (0x00002f17) auipc   t5, 0x2
core   0: 3 0x8000f430 (0x00002f17) x30 0x80011430
core   0: 0x8000f434 (0xbc3f2823) sw      gp, -1072(t5)
core   0: 3 0x8000f434 (0xbc3f2823) mem 0x80011000 0x00000001
core   0: 0x8000f438 (0x0000bfe5) c.j     pc - 8
core   0: 3 0x8000f438 (0xbfe5)
core   0: 0x8000f430 (0x00002f17) auipc   t5, 0x2
core   0: 3 0x8000f430 (0x00002f17) x30 0x80011430
core   0: 0x8000f434 (0xbc3f2823) sw      gp, -1072(t5)
core   0: 3 0x8000f434 (0xbc3f2823) mem 0x80011000 0x00000001
core   0: 0x8000f438 (0x0000bfe5) c.j     pc - 8
core   0: 3 0x8000f438 (0xbfe5)
core   0: 0x8000f430 (0x00002f17) auipc   t5, 0x2
core   0: 3 0x8000f430 (0x00002f17) x30 0x80011430
core   0: 0x8000f434 (0xbc3f2823) sw      gp, -1072(t5)
core   0: 3 0x8000f434 (0xbc3f2823) mem 0x80011000 0x00000001
core   0: 0x8000f438 (0x0000bfe5) c.j     pc - 8
core   0: 3 0x8000f438 (0xbfe5)
core   0: 0x8000f430 (0x00002f17) auipc   t5, 0x2
core   0: 3 0x8000f430 (0x00002f17) x30 0x80011430
core   0: 0x8000f434 (0xbc3f2823) sw      gp, -1072(t5)
core   0: 3 0x8000f434 (0xbc3f2823) mem 0x80011000 0x00000001
core   0: 0x8000f438 (0x0000bfe5) c.j     pc - 8
core   0: 3 0x8000f438 (0xbfe5)
core   0: 0x8000f430 (0x00002f17) auipc   t5, 0x2
core   0: 3 0x8000f430 (0x00002f17) x30 0x80011430
core   0: 0x8000f434 (0xbc3f2823) sw      gp, -1072(t5)
core   0: 3 0x8000f434 (0xbc3f2823) mem 0x80011000 0x00000001
core   0: 0x8000f438 (0x0000bfe5) c.j     pc - 8
core   0: 3 0x8000f438 (0xbfe5)
core   0: 0x8000f430 (0x00002f17) auipc   t5, 0x2
core   0: 3 0x8000f430 (0x00002f17) x30 0x80011430
core   0: 0x8000f434 (0xbc3f2823) sw      gp, -1072(t5)
core   0: 3 0x8000f434 (0xbc3f2823) mem 0x80011000 0x00000001
core   0: 0x8000f438 (0x0000bfe5) c.j     pc - 8
core   0: 3 0x8000f438 (0xbfe5)
core   0: 0x8000f430 (0x00002f17) auipc   t5, 0x2
core   0: 3 0x8000f430 (0x00002f17) x30 0x80011430
core   0: 0x8000f434 (0xbc3f2823) sw      gp, -1072(t5)
core   0: 3 0x8000f434 (0xbc3f2823) mem 0x80011000 0x00000001
core   0: 0x8000f438 (0x0000bfe5) c.j     pc - 8
core   0: 3 0x8000f438 (0xbfe5)
core   0: 0x8000f430 (0x00002f17) auipc   t5, 0x2
core   0: 3 0x8000f430 (0x00002f17) x30 0x80011430
core   0: 0x8000f434 (0xbc3f2823) sw      gp, -1072(t5)
core   0: 3 0x8000f434 (0xbc3f2823) mem 0x80011000 0x00000001
core   0: 0x8000f438 (0x0000bfe5) c.j     pc - 8
core   0: 3 0x8000f438 (0xbfe5)
core   0: 0x8000f430 (0x00002f17) auipc   t5, 0x2
core   0: 3 0x8000f430 (0x00002f17) x30 0x80011430
core   0: 0x8000f434 (0xbc3f2823) sw      gp, -1072(t5)
core   0: 3 0x8000f434 (0xbc3f2823) mem 0x80011000 0x00000001
core   0: 0x8000f438 (0x0000bfe5) c.j     pc - 8
core   0: 3 0x8000f438 (0xbfe5)
core   0: 0x8000f430 (0x00002f17) auipc   t5, 0x2
core   0: 3 0x8000f430 (0x00002f17) x30 0x80011430
core   0: 0x8000f434 (0xbc3f2823) sw      gp, -1072(t5)
core   0: 3 0x8000f434 (0xbc3f2823) mem 0x80011000 0x00000001
core   0: 0x8000f438 (0x0000bfe5) c.j     pc - 8
core   0: 3 0x8000f438 (0xbfe5)
core   0: 0x8000f430 (0x00002f17) auipc   t5, 0x2
core   0: 3 0x8000f430 (0x00002f17) x30 0x80011430
core   0: 0x8000f434 (0xbc3f2823) sw      gp, -1072(t5)
core   0: 3 0x8000f434 (0xbc3f2823) mem 0x80011000 0x00000001
core   0: 0x8000f438 (0x0000bfe5) c.j     pc - 8
core   0: 3 0x8000f438 (0xbfe5)
core   0: 0x8000f430 (0x00002f17) auipc   t5, 0x2
core   0: 3 0x8000f430 (0x00002f17) x30 0x80011430
core   0: 0x8000f434 (0xbc3f2823) sw      gp, -1072(t5)
core   0: 3 0x8000f434 (0xbc3f2823) mem 0x80011000 0x00000001
core   0: 0x8000f438 (0x0000bfe5) c.j     pc - 8
core   0: 3 0x8000f438 (0xbfe5)
core   0: 0x8000f430 (0x00002f17) auipc   t5, 0x2
core   0: 3 0x8000f430 (0x00002f17) x30 0x80011430
core   0: 0x8000f434 (0xbc3f2823) sw      gp, -1072(t5)
core   0: 3 0x8000f434 (0xbc3f2823) mem 0x80011000 0x00000001
core   0: 0x8000f438 (0x0000bfe5) c.j     pc - 8
core   0: 3 0x8000f438 (0xbfe5)
core   0: 0x8000f430 (0x00002f17) auipc   t5, 0x2
core   0: 3 0x8000f430 (0x00002f17) x30 0x80011430
core   0: 0x8000f434 (0xbc3f2823) sw      gp, -1072(t5)
core   0: 3 0x8000f434 (0xbc3f2823) mem 0x80011000 0x00000001
core   0: 0x8000f438 (0x0000bfe5) c.j     pc - 8
core   0: 3 0x8000f438 (0xbfe5)
core   0: 0x8000f430 (0x00002f17) auipc   t5, 0x2
core   0: 3 0x8000f430 (0x00002f17) x30 0x80011430
core   0: 0x8000f434 (0xbc3f2823) sw      gp, -1072(t5)
core   0: 3 0x8000f434 (0xbc3f2823) mem 0x80011000 0x00000001
core   0: 0x8000f438 (0x0000bfe5) c.j     pc - 8
core   0: 3 0x8000f438 (0xbfe5)
core   0: 0x8000f430 (0x00002f17) auipc   t5, 0x2
core   0: 3 0x8000f430 (0x00002f17) x30 0x80011430
core   0: 0x8000f434 (0xbc3f2823) sw      gp, -1072(t5)
core   0: 3 0x8000f434 (0xbc3f2823) mem 0x80011000 0x00000001
core   0: 0x8000f438 (0x0000bfe5) c.j     pc - 8
core   0: 3 0x8000f438 (0xbfe5)
core   0: 0x8000f430 (0x00002f17) auipc   t5, 0x2
core   0: 3 0x8000f430 (0x00002f17) x30 0x80011430
core   0: 0x8000f434 (0xbc3f2823) sw      gp, -1072(t5)
core   0: 3 0x8000f434 (0xbc3f2823) mem 0x80011000 0x00000001
core   0: 0x8000f438 (0x0000bfe5) c.j     pc - 8
core   0: 3 0x8000f438 (0xbfe5)
core   0: 0x8000f430 (0x00002f17) auipc   t5, 0x2
core   0: 3 0x8000f430 (0x00002f17) x30 0x80011430
core   0: 0x8000f434 (0xbc3f2823) sw      gp, -1072(t5)
core   0: 3 0x8000f434 (0xbc3f2823) mem 0x80011000 0x00000001
core   0: 0x8000f438 (0x0000bfe5) c.j     pc - 8
core   0: 3 0x8000f438 (0xbfe5)
core   0: 0x8000f430 (0x00002f17) auipc   t5, 0x2
core   0: 3 0x8000f430 (0x00002f17) x30 0x80011430
core   0: 0x8000f434 (0xbc3f2823) sw      gp, -1072(t5)
core   0: 3 0x8000f434 (0xbc3f2823) mem 0x80011000 0x00000001
core   0: 0x8000f438 (0x0000bfe5) c.j     pc - 8
core   0: 3 0x8000f438 (0xbfe5)
core   0: 0x8000f430 (0x00002f17) auipc   t5, 0x2
core   0: 3 0x8000f430 (0x00002f17) x30 0x80011430
core   0: 0x8000f434 (0xbc3f2823) sw      gp, -1072(t5)
core   0: 3 0x8000f434 (0xbc3f2823) mem 0x80011000 0x00000001
core   0: 0x8000f438 (0x0000bfe5) c.j     pc - 8
core   0: 3 0x8000f438 (0xbfe5)
core   0: 0x8000f430 (0x00002f17) auipc   t5, 0x2
core   0: 3 0x8000f430 (0x00002f17) x30 0x80011430
core   0: 0x8000f434 (0xbc3f2823) sw      gp, -1072(t5)
core   0: 3 0x8000f434 (0xbc3f2823) mem 0x80011000 0x00000001
core   0: 0x8000f438 (0x0000bfe5) c.j     pc - 8
core   0: 3 0x8000f438 (0xbfe5)
core   0: 0x8000f430 (0x00002f17) auipc   t5, 0x2
core   0: 3 0x8000f430 (0x00002f17) x30 0x80011430
core   0: 0x8000f434 (0xbc3f2823) sw      gp, -1072(t5)
core   0: 3 0x8000f434 (0xbc3f2823) mem 0x80011000 0x00000001
core   0: 0x8000f438 (0x0000bfe5) c.j     pc - 8
core   0: 3 0x8000f438 (0xbfe5)
core   0: 0x8000f430 (0x00002f17) auipc   t5, 0x2
core   0: 3 0x8000f430 (0x00002f17) x30 0x80011430
core   0: 0x8000f434 (0xbc3f2823) sw      gp, -1072(t5)
core   0: 3 0x8000f434 (0xbc3f2823) mem 0x80011000 0x00000001
core   0: 0x8000f438 (0x0000bfe5) c.j     pc - 8
core   0: 3 0x8000f438 (0xbfe5)
core   0: 0x8000f430 (0x00002f17) auipc   t5, 0x2
core   0: 3 0x8000f430 (0x00002f17) x30 0x80011430
core   0: 0x8000f434 (0xbc3f2823) sw      gp, -1072(t5)
core   0: 3 0x8000f434 (0xbc3f2823) mem 0x80011000 0x00000001
core   0: 0x8000f438 (0x0000bfe5) c.j     pc - 8
core   0: 3 0x8000f438 (0xbfe5)
core   0: 0x8000f430 (0x00002f17) auipc   t5, 0x2
core   0: 3 0x8000f430 (0x00002f17) x30 0x80011430
core   0: 0x8000f434 (0xbc3f2823) sw      gp, -1072(t5)
core   0: 3 0x8000f434 (0xbc3f2823) mem 0x80011000 0x00000001
core   0: 0x8000f438 (0x0000bfe5) c.j     pc - 8
core   0: 3 0x8000f438 (0xbfe5)
core   0: 0x8000f430 (0x00002f17) auipc   t5, 0x2
core   0: 3 0x8000f430 (0x00002f17) x30 0x80011430
core   0: 0x8000f434 (0xbc3f2823) sw      gp, -1072(t5)
core   0: 3 0x8000f434 (0xbc3f2823) mem 0x80011000 0x00000001
core   0: 0x8000f438 (0x0000bfe5) c.j     pc - 8
core   0: 3 0x8000f438 (0xbfe5)
core   0: 0x8000f430 (0x00002f17) auipc   t5, 0x2
core   0: 3 0x8000f430 (0x00002f17) x30 0x80011430
core   0: 0x8000f434 (0xbc3f2823) sw      gp, -1072(t5)
core   0: 3 0x8000f434 (0xbc3f2823) mem 0x80011000 0x00000001
core   0: 0x8000f438 (0x0000bfe5) c.j     pc - 8
core   0: 3 0x8000f438 (0xbfe5)
core   0: 0x8000f430 (0x00002f17) auipc   t5, 0x2
core   0: 3 0x8000f430 (0x00002f17) x30 0x80011430
core   0: 0x8000f434 (0xbc3f2823) sw      gp, -1072(t5)
core   0: 3 0x8000f434 (0xbc3f2823) mem 0x80011000 0x00000001
core   0: 0x8000f438 (0x0000bfe5) c.j     pc - 8
core   0: 3 0x8000f438 (0xbfe5)
core   0: 0x8000f430 (0x00002f17) auipc   t5, 0x2
core   0: 3 0x8000f430 (0x00002f17) x30 0x80011430
core   0: 0x8000f434 (0xbc3f2823) sw      gp, -1072(t5)
core   0: 3 0x8000f434 (0xbc3f2823) mem 0x80011000 0x00000001
core   0: 0x8000f438 (0x0000bfe5) c.j     pc - 8
core   0: 3 0x8000f438 (0xbfe5)
core   0: 0x8000f430 (0x00002f17) auipc   t5, 0x2
core   0: 3 0x8000f430 (0x00002f17) x30 0x80011430
core   0: 0x8000f434 (0xbc3f2823) sw      gp, -1072(t5)
core   0: 3 0x8000f434 (0xbc3f2823) mem 0x80011000 0x00000001
core   0: 0x8000f438 (0x0000bfe5) c.j     pc - 8
core   0: 3 0x8000f438 (0xbfe5)
core   0: 0x8000f430 (0x00002f17) auipc   t5, 0x2
core   0: 3 0x8000f430 (0x00002f17) x30 0x80011430
core   0: 0x8000f434 (0xbc3f2823) sw      gp, -1072(t5)
core   0: 3 0x8000f434 (0xbc3f2823) mem 0x80011000 0x00000001
core   0: 0x8000f438 (0x0000bfe5) c.j     pc - 8
core   0: 3 0x8000f438 (0xbfe5)
core   0: 0x8000f430 (0x00002f17) auipc   t5, 0x2
core   0: 3 0x8000f430 (0x00002f17) x30 0x80011430
core   0: 0x8000f434 (0xbc3f2823) sw      gp, -1072(t5)
core   0: 3 0x8000f434 (0xbc3f2823) mem 0x80011000 0x00000001
core   0: 0x8000f438 (0x0000bfe5) c.j     pc - 8
core   0: 3 0x8000f438 (0xbfe5)
core   0: 0x8000f430 (0x00002f17) auipc   t5, 0x2
core   0: 3 0x8000f430 (0x00002f17) x30 0x80011430
core   0: 0x8000f434 (0xbc3f2823) sw      gp, -1072(t5)
core   0: 3 0x8000f434 (0xbc3f2823) mem 0x80011000 0x00000001
core   0: 0x8000f438 (0x0000bfe5) c.j     pc - 8
core   0: 3 0x8000f438 (0xbfe5)
core   0: 0x8000f430 (0x00002f17) auipc   t5, 0x2
core   0: 3 0x8000f430 (0x00002f17) x30 0x80011430
core   0: 0x8000f434 (0xbc3f2823) sw      gp, -1072(t5)
core   0: 3 0x8000f434 (0xbc3f2823) mem 0x80011000 0x00000001
core   0: 0x8000f438 (0x0000bfe5) c.j     pc - 8
core   0: 3 0x8000f438 (0xbfe5)
core   0: 0x8000f430 (0x00002f17) auipc   t5, 0x2
core   0: 3 0x8000f430 (0x00002f17) x30 0x80011430
core   0: 0x8000f434 (0xbc3f2823) sw      gp, -1072(t5)
core   0: 3 0x8000f434 (0xbc3f2823) mem 0x80011000 0x00000001
core   0: 0x8000f438 (0x0000bfe5) c.j     pc - 8
core   0: 3 0x8000f438 (0xbfe5)
core   0: 0x8000f430 (0x00002f17) auipc   t5, 0x2
core   0: 3 0x8000f430 (0x00002f17) x30 0x80011430
core   0: 0x8000f434 (0xbc3f2823) sw      gp, -1072(t5)
core   0: 3 0x8000f434 (0xbc3f2823) mem 0x80011000 0x00000001
core   0: 0x8000f438 (0x0000bfe5) c.j     pc - 8
core   0: 3 0x8000f438 (0xbfe5)
core   0: 0x8000f430 (0x00002f17) auipc   t5, 0x2
core   0: 3 0x8000f430 (0x00002f17) x30 0x80011430
core   0: 0x8000f434 (0xbc3f2823) sw      gp, -1072(t5)
core   0: 3 0x8000f434 (0xbc3f2823) mem 0x80011000 0x00000001
core   0: 0x8000f438 (0x0000bfe5) c.j     pc - 8
core   0: 3 0x8000f438 (0xbfe5)
core   0: 0x8000f430 (0x00002f17) auipc   t5, 0x2
core   0: 3 0x8000f430 (0x00002f17) x30 0x80011430
core   0: 0x8000f434 (0xbc3f2823) sw      gp, -1072(t5)
core   0: 3 0x8000f434 (0xbc3f2823) mem 0x80011000 0x00000001
core   0: 0x8000f438 (0x0000bfe5) c.j     pc - 8
core   0: 3 0x8000f438 (0xbfe5)
core   0: 0x8000f430 (0x00002f17) auipc   t5, 0x2
core   0: 3 0x8000f430 (0x00002f17) x30 0x80011430
core   0: 0x8000f434 (0xbc3f2823) sw      gp, -1072(t5)
core   0: 3 0x8000f434 (0xbc3f2823) mem 0x80011000 0x00000001
core   0: 0x8000f438 (0x0000bfe5) c.j     pc - 8
core   0: 3 0x8000f438 (0xbfe5)
core   0: 0x8000f430 (0x00002f17) auipc   t5, 0x2
core   0: 3 0x8000f430 (0x00002f17) x30 0x80011430
core   0: 0x8000f434 (0xbc3f2823) sw      gp, -1072(t5)
core   0: 3 0x8000f434 (0xbc3f2823) mem 0x80011000 0x00000001
core   0: 0x8000f438 (0x0000bfe5) c.j     pc - 8
core   0: 3 0x8000f438 (0xbfe5)
core   0: 0x8000f430 (0x00002f17) auipc   t5, 0x2
core   0: 3 0x8000f430 (0x00002f17) x30 0x80011430
core   0: 0x8000f434 (0xbc3f2823) sw      gp, -1072(t5)
core   0: 3 0x8000f434 (0xbc3f2823) mem 0x80011000 0x00000001
core   0: 0x8000f438 (0x0000bfe5) c.j     pc - 8
core   0: 3 0x8000f438 (0xbfe5)
core   0: 0x8000f430 (0x00002f17) auipc   t5, 0x2
core   0: 3 0x8000f430 (0x00002f17) x30 0x80011430
core   0: 0x8000f434 (0xbc3f2823) sw      gp, -1072(t5)
core   0: 3 0x8000f434 (0xbc3f2823) mem 0x80011000 0x00000001
core   0: 0x8000f438 (0x0000bfe5) c.j     pc - 8
core   0: 3 0x8000f438 (0xbfe5)
core   0: 0x8000f430 (0x00002f17) auipc   t5, 0x2
core   0: 3 0x8000f430 (0x00002f17) x30 0x80011430
core   0: 0x8000f434 (0xbc3f2823) sw      gp, -1072(t5)
core   0: 3 0x8000f434 (0xbc3f2823) mem 0x80011000 0x00000001
core   0: 0x8000f438 (0x0000bfe5) c.j     pc - 8
core   0: 3 0x8000f438 (0xbfe5)
core   0: 0x8000f430 (0x00002f17) auipc   t5, 0x2
core   0: 3 0x8000f430 (0x00002f17) x30 0x80011430
core   0: 0x8000f434 (0xbc3f2823) sw      gp, -1072(t5)
core   0: 3 0x8000f434 (0xbc3f2823) mem 0x80011000 0x00000001
core   0: 0x8000f438 (0x0000bfe5) c.j     pc - 8
core   0: 3 0x8000f438 (0xbfe5)
core   0: 0x8000f430 (0x00002f17) auipc   t5, 0x2
core   0: 3 0x8000f430 (0x00002f17) x30 0x80011430
core   0: 0x8000f434 (0xbc3f2823) sw      gp, -1072(t5)
core   0: 3 0x8000f434 (0xbc3f2823) mem 0x80011000 0x00000001
core   0: 0x8000f438 (0x0000bfe5) c.j     pc - 8
core   0: 3 0x8000f438 (0xbfe5)
core   0: 0x8000f430 (0x00002f17) auipc   t5, 0x2
core   0: 3 0x8000f430 (0x00002f17) x30 0x80011430
core   0: 0x8000f434 (0xbc3f2823) sw      gp, -1072(t5)
core   0: 3 0x8000f434 (0xbc3f2823) mem 0x80011000 0x00000001
core   0: 0x8000f438 (0x0000bfe5) c.j     pc - 8
core   0: 3 0x8000f438 (0xbfe5)
core   0: 0x8000f430 (0x00002f17) auipc   t5, 0x2
core   0: 3 0x8000f430 (0x00002f17) x30 0x80011430
core   0: 0x8000f434 (0xbc3f2823) sw      gp, -1072(t5)
core   0: 3 0x8000f434 (0xbc3f2823) mem 0x80011000 0x00000001
core   0: 0x8000f438 (0x0000bfe5) c.j     pc - 8
core   0: 3 0x8000f438 (0xbfe5)
core   0: 0x8000f430 (0x00002f17) auipc   t5, 0x2
core   0: 3 0x8000f430 (0x00002f17) x30 0x80011430
core   0: 0x8000f434 (0xbc3f2823) sw      gp, -1072(t5)
core   0: 3 0x8000f434 (0xbc3f2823) mem 0x80011000 0x00000001
core   0: 0x8000f438 (0x0000bfe5) c.j     pc - 8
core   0: 3 0x8000f438 (0xbfe5)
core   0: 0x8000f430 (0x00002f17) auipc   t5, 0x2
core   0: 3 0x8000f430 (0x00002f17) x30 0x80011430
core   0: 0x8000f434 (0xbc3f2823) sw      gp, -1072(t5)
core   0: 3 0x8000f434 (0xbc3f2823) mem 0x80011000 0x00000001
core   0: 0x8000f438 (0x0000bfe5) c.j     pc - 8
core   0: 3 0x8000f438 (0xbfe5)
core   0: 0x8000f430 (0x00002f17) auipc   t5, 0x2
core   0: 3 0x8000f430 (0x00002f17) x30 0x80011430
core   0: 0x8000f434 (0xbc3f2823) sw      gp, -1072(t5)
core   0: 3 0x8000f434 (0xbc3f2823) mem 0x80011000 0x00000001
core   0: 0x8000f438 (0x0000bfe5) c.j     pc - 8
core   0: 3 0x8000f438 (0xbfe5)
core   0: 0x8000f430 (0x00002f17) auipc   t5, 0x2
core   0: 3 0x8000f430 (0x00002f17) x30 0x80011430
core   0: 0x8000f434 (0xbc3f2823) sw      gp, -1072(t5)
core   0: 3 0x8000f434 (0xbc3f2823) mem 0x80011000 0x00000001
core   0: 0x8000f438 (0x0000bfe5) c.j     pc - 8
core   0: 3 0x8000f438 (0xbfe5)
core   0: 0x8000f430 (0x00002f17) auipc   t5, 0x2
core   0: 3 0x8000f430 (0x00002f17) x30 0x80011430
core   0: 0x8000f434 (0xbc3f2823) sw      gp, -1072(t5)
core   0: 3 0x8000f434 (0xbc3f2823) mem 0x80011000 0x00000001
core   0: 0x8000f438 (0x0000bfe5) c.j     pc - 8
core   0: 3 0x8000f438 (0xbfe5)
core   0: 0x8000f430 (0x00002f17) auipc   t5, 0x2
core   0: 3 0x8000f430 (0x00002f17) x30 0x80011430
core   0: 0x8000f434 (0xbc3f2823) sw      gp, -1072(t5)
core   0: 3 0x8000f434 (0xbc3f2823) mem 0x80011000 0x00000001
core   0: 0x8000f438 (0x0000bfe5) c.j     pc - 8
core   0: 3 0x8000f438 (0xbfe5)
core   0: 0x8000f430 (0x00002f17) auipc   t5, 0x2
core   0: 3 0x8000f430 (0x00002f17) x30 0x80011430
core   0: 0x8000f434 (0xbc3f2823) sw      gp, -1072(t5)
core   0: 3 0x8000f434 (0xbc3f2823) mem 0x80011000 0x00000001
core   0: 0x8000f438 (0x0000bfe5) c.j     pc - 8
core   0: 3 0x8000f438 (0xbfe5)
core   0: 0x8000f430 (0x00002f17) auipc   t5, 0x2
core   0: 3 0x8000f430 (0x00002f17) x30 0x80011430
core   0: 0x8000f434 (0xbc3f2823) sw      gp, -1072(t5)
core   0: 3 0x8000f434 (0xbc3f2823) mem 0x80011000 0x00000001
core   0: 0x8000f438 (0x0000bfe5) c.j     pc - 8
core   0: 3 0x8000f438 (0xbfe5)
core   0: 0x8000f430 (0x00002f17) auipc   t5, 0x2
core   0: 3 0x8000f430 (0x00002f17) x30 0x80011430
core   0: 0x8000f434 (0xbc3f2823) sw      gp, -1072(t5)
core   0: 3 0x8000f434 (0xbc3f2823) mem 0x80011000 0x00000001
core   0: 0x8000f438 (0x0000bfe5) c.j     pc - 8
core   0: 3 0x8000f438 (0xbfe5)
core   0: 0x8000f430 (0x00002f17) auipc   t5, 0x2
core   0: 3 0x8000f430 (0x00002f17) x30 0x80011430
core   0: 0x8000f434 (0xbc3f2823) sw      gp, -1072(t5)
core   0: 3 0x8000f434 (0xbc3f2823) mem 0x80011000 0x00000001
core   0: 0x8000f438 (0x0000bfe5) c.j     pc - 8
core   0: 3 0x8000f438 (0xbfe5)
core   0: 0x8000f430 (0x00002f17) auipc   t5, 0x2
core   0: 3 0x8000f430 (0x00002f17) x30 0x80011430
core   0: 0x8000f434 (0xbc3f2823) sw      gp, -1072(t5)
core   0: 3 0x8000f434 (0xbc3f2823) mem 0x80011000 0x00000001
core   0: 0x8000f438 (0x0000bfe5) c.j     pc - 8
core   0: 3 0x8000f438 (0xbfe5)
core   0: 0x8000f430 (0x00002f17) auipc   t5, 0x2
core   0: 3 0x8000f430 (0x00002f17) x30 0x80011430
core   0: 0x8000f434 (0xbc3f2823) sw      gp, -1072(t5)
core   0: 3 0x8000f434 (0xbc3f2823) mem 0x80011000 0x00000001
core   0: 0x8000f438 (0x0000bfe5) c.j     pc - 8
core   0: 3 0x8000f438 (0xbfe5)
core   0: 0x8000f430 (0x00002f17) auipc   t5, 0x2
core   0: 3 0x8000f430 (0x00002f17) x30 0x80011430
core   0: 0x8000f434 (0xbc3f2823) sw      gp, -1072(t5)
core   0: 3 0x8000f434 (0xbc3f2823) mem 0x80011000 0x00000001
core   0: 0x8000f438 (0x0000bfe5) c.j     pc - 8
core   0: 3 0x8000f438 (0xbfe5)
core   0: 0x8000f430 (0x00002f17) auipc   t5, 0x2
core   0: 3 0x8000f430 (0x00002f17) x30 0x80011430
core   0: 0x8000f434 (0xbc3f2823) sw      gp, -1072(t5)
core   0: 3 0x8000f434 (0xbc3f2823) mem 0x80011000 0x00000001
core   0: 0x8000f438 (0x0000bfe5) c.j     pc - 8
core   0: 3 0x8000f438 (0xbfe5)
core   0: 0x8000f430 (0x00002f17) auipc   t5, 0x2
core   0: 3 0x8000f430 (0x00002f17) x30 0x80011430
core   0: 0x8000f434 (0xbc3f2823) sw      gp, -1072(t5)
core   0: 3 0x8000f434 (0xbc3f2823) mem 0x80011000 0x00000001
core   0: 0x8000f438 (0x0000bfe5) c.j     pc - 8
core   0: 3 0x8000f438 (0xbfe5)
core   0: 0x8000f430 (0x00002f17) auipc   t5, 0x2
core   0: 3 0x8000f430 (0x00002f17) x30 0x80011430
core   0: 0x8000f434 (0xbc3f2823) sw      gp, -1072(t5)
core   0: 3 0x8000f434 (0xbc3f2823) mem 0x80011000 0x00000001
core   0: 0x8000f438 (0x0000bfe5) c.j     pc - 8
core   0: 3 0x8000f438 (0xbfe5)
core   0: 0x8000f430 (0x00002f17) auipc   t5, 0x2
core   0: 3 0x8000f430 (0x00002f17) x30 0x80011430
core   0: 0x8000f434 (0xbc3f2823) sw      gp, -1072(t5)
core   0: 3 0x8000f434 (0xbc3f2823) mem 0x80011000 0x00000001
core   0: 0x8000f438 (0x0000bfe5) c.j     pc - 8
core   0: 3 0x8000f438 (0xbfe5)
core   0: 0x8000f430 (0x00002f17) auipc   t5, 0x2
core   0: 3 0x8000f430 (0x00002f17) x30 0x80011430
core   0: 0x8000f434 (0xbc3f2823) sw      gp, -1072(t5)
core   0: 3 0x8000f434 (0xbc3f2823) mem 0x80011000 0x00000001
core   0: 0x8000f438 (0x0000bfe5) c.j     pc - 8
core   0: 3 0x8000f438 (0xbfe5)
core   0: 0x8000f430 (0x00002f17) auipc   t5, 0x2
core   0: 3 0x8000f430 (0x00002f17) x30 0x80011430
core   0: 0x8000f434 (0xbc3f2823) sw      gp, -1072(t5)
core   0: 3 0x8000f434 (0xbc3f2823) mem 0x80011000 0x00000001
core   0: 0x8000f438 (0x0000bfe5) c.j     pc - 8
core   0: 3 0x8000f438 (0xbfe5)
core   0: 0x8000f430 (0x00002f17) auipc   t5, 0x2
core   0: 3 0x8000f430 (0x00002f17) x30 0x80011430
core   0: 0x8000f434 (0xbc3f2823) sw      gp, -1072(t5)
core   0: 3 0x8000f434 (0xbc3f2823) mem 0x80011000 0x00000001
core   0: 0x8000f438 (0x0000bfe5) c.j     pc - 8
core   0: 3 0x8000f438 (0xbfe5)
core   0: 0x8000f430 (0x00002f17) auipc   t5, 0x2
core   0: 3 0x8000f430 (0x00002f17) x30 0x80011430
core   0: 0x8000f434 (0xbc3f2823) sw      gp, -1072(t5)
core   0: 3 0x8000f434 (0xbc3f2823) mem 0x80011000 0x00000001
core   0: 0x8000f438 (0x0000bfe5) c.j     pc - 8
core   0: 3 0x8000f438 (0xbfe5)
core   0: 0x8000f430 (0x00002f17) auipc   t5, 0x2
core   0: 3 0x8000f430 (0x00002f17) x30 0x80011430
core   0: 0x8000f434 (0xbc3f2823) sw      gp, -1072(t5)
core   0: 3 0x8000f434 (0xbc3f2823) mem 0x80011000 0x00000001
core   0: 0x8000f438 (0x0000bfe5) c.j     pc - 8
core   0: 3 0x8000f438 (0xbfe5)
core   0: 0x8000f430 (0x00002f17) auipc   t5, 0x2
core   0: 3 0x8000f430 (0x00002f17) x30 0x80011430
core   0: 0x8000f434 (0xbc3f2823) sw      gp, -1072(t5)
core   0: 3 0x8000f434 (0xbc3f2823) mem 0x80011000 0x00000001
core   0: 0x8000f438 (0x0000bfe5) c.j     pc - 8
core   0: 3 0x8000f438 (0xbfe5)
core   0: 0x8000f430 (0x00002f17) auipc   t5, 0x2
core   0: 3 0x8000f430 (0x00002f17) x30 0x80011430
core   0: 0x8000f434 (0xbc3f2823) sw      gp, -1072(t5)
core   0: 3 0x8000f434 (0xbc3f2823) mem 0x80011000 0x00000001
core   0: 0x8000f438 (0x0000bfe5) c.j     pc - 8
core   0: 3 0x8000f438 (0xbfe5)
core   0: 0x8000f430 (0x00002f17) auipc   t5, 0x2
core   0: 3 0x8000f430 (0x00002f17) x30 0x80011430
core   0: 0x8000f434 (0xbc3f2823) sw      gp, -1072(t5)
core   0: 3 0x8000f434 (0xbc3f2823) mem 0x80011000 0x00000001
core   0: 0x8000f438 (0x0000bfe5) c.j     pc - 8
core   0: 3 0x8000f438 (0xbfe5)
core   0: 0x8000f430 (0x00002f17) auipc   t5, 0x2
core   0: 3 0x8000f430 (0x00002f17) x30 0x80011430
core   0: 0x8000f434 (0xbc3f2823) sw      gp, -1072(t5)
core   0: 3 0x8000f434 (0xbc3f2823) mem 0x80011000 0x00000001
core   0: 0x8000f438 (0x0000bfe5) c.j     pc - 8
core   0: 3 0x8000f438 (0xbfe5)
core   0: 0x8000f430 (0x00002f17) auipc   t5, 0x2
core   0: 3 0x8000f430 (0x00002f17) x30 0x80011430
core   0: 0x8000f434 (0xbc3f2823) sw      gp, -1072(t5)
core   0: 3 0x8000f434 (0xbc3f2823) mem 0x80011000 0x00000001
core   0: 0x8000f438 (0x0000bfe5) c.j     pc - 8
core   0: 3 0x8000f438 (0xbfe5)
core   0: 0x8000f430 (0x00002f17) auipc   t5, 0x2
core   0: 3 0x8000f430 (0x00002f17) x30 0x80011430
core   0: 0x8000f434 (0xbc3f2823) sw      gp, -1072(t5)
core   0: 3 0x8000f434 (0xbc3f2823) mem 0x80011000 0x00000001
core   0: 0x8000f438 (0x0000bfe5) c.j     pc - 8
core   0: 3 0x8000f438 (0xbfe5)
core   0: 0x8000f430 (0x00002f17) auipc   t5, 0x2
core   0: 3 0x8000f430 (0x00002f17) x30 0x80011430
core   0: 0x8000f434 (0xbc3f2823) sw      gp, -1072(t5)
core   0: 3 0x8000f434 (0xbc3f2823) mem 0x80011000 0x00000001
core   0: 0x8000f438 (0x0000bfe5) c.j     pc - 8
core   0: 3 0x8000f438 (0xbfe5)
core   0: 0x8000f430 (0x00002f17) auipc   t5, 0x2
core   0: 3 0x8000f430 (0x00002f17) x30 0x80011430
core   0: 0x8000f434 (0xbc3f2823) sw      gp, -1072(t5)
core   0: 3 0x8000f434 (0xbc3f2823) mem 0x80011000 0x00000001
core   0: 0x8000f438 (0x0000bfe5) c.j     pc - 8
core   0: 3 0x8000f438 (0xbfe5)
core   0: 0x8000f430 (0x00002f17) auipc   t5, 0x2
core   0: 3 0x8000f430 (0x00002f17) x30 0x80011430
core   0: 0x8000f434 (0xbc3f2823) sw      gp, -1072(t5)
core   0: 3 0x8000f434 (0xbc3f2823) mem 0x80011000 0x00000001
core   0: 0x8000f438 (0x0000bfe5) c.j     pc - 8
core   0: 3 0x8000f438 (0xbfe5)
core   0: 0x8000f430 (0x00002f17) auipc   t5, 0x2
core   0: 3 0x8000f430 (0x00002f17) x30 0x80011430
core   0: 0x8000f434 (0xbc3f2823) sw      gp, -1072(t5)
core   0: 3 0x8000f434 (0xbc3f2823) mem 0x80011000 0x00000001
core   0: 0x8000f438 (0x0000bfe5) c.j     pc - 8
core   0: 3 0x8000f438 (0xbfe5)
core   0: 0x8000f430 (0x00002f17) auipc   t5, 0x2
core   0: 3 0x8000f430 (0x00002f17) x30 0x80011430
core   0: 0x8000f434 (0xbc3f2823) sw      gp, -1072(t5)
core   0: 3 0x8000f434 (0xbc3f2823) mem 0x80011000 0x00000001
core   0: 0x8000f438 (0x0000bfe5) c.j     pc - 8
core   0: 3 0x8000f438 (0xbfe5)
core   0: 0x8000f430 (0x00002f17) auipc   t5, 0x2
core   0: 3 0x8000f430 (0x00002f17) x30 0x80011430
core   0: 0x8000f434 (0xbc3f2823) sw      gp, -1072(t5)
core   0: 3 0x8000f434 (0xbc3f2823) mem 0x80011000 0x00000001
core   0: 0x8000f438 (0x0000bfe5) c.j     pc - 8
core   0: 3 0x8000f438 (0xbfe5)
core   0: 0x8000f430 (0x00002f17) auipc   t5, 0x2
core   0: 3 0x8000f430 (0x00002f17) x30 0x80011430
core   0: 0x8000f434 (0xbc3f2823) sw      gp, -1072(t5)
core   0: 3 0x8000f434 (0xbc3f2823) mem 0x80011000 0x00000001
core   0: 0x8000f438 (0x0000bfe5) c.j     pc - 8
core   0: 3 0x8000f438 (0xbfe5)
core   0: 0x8000f430 (0x00002f17) auipc   t5, 0x2
core   0: 3 0x8000f430 (0x00002f17) x30 0x80011430
core   0: 0x8000f434 (0xbc3f2823) sw      gp, -1072(t5)
core   0: 3 0x8000f434 (0xbc3f2823) mem 0x80011000 0x00000001
core   0: 0x8000f438 (0x0000bfe5) c.j     pc - 8
core   0: 3 0x8000f438 (0xbfe5)
core   0: 0x8000f430 (0x00002f17) auipc   t5, 0x2
core   0: 3 0x8000f430 (0x00002f17) x30 0x80011430
core   0: 0x8000f434 (0xbc3f2823) sw      gp, -1072(t5)
core   0: 3 0x8000f434 (0xbc3f2823) mem 0x80011000 0x00000001
core   0: 0x8000f438 (0x0000bfe5) c.j     pc - 8
core   0: 3 0x8000f438 (0xbfe5)
core   0: 0x8000f430 (0x00002f17) auipc   t5, 0x2
core   0: 3 0x8000f430 (0x00002f17) x30 0x80011430
core   0: 0x8000f434 (0xbc3f2823) sw      gp, -1072(t5)
core   0: 3 0x8000f434 (0xbc3f2823) mem 0x80011000 0x00000001
core   0: 0x8000f438 (0x0000bfe5) c.j     pc - 8
core   0: 3 0x8000f438 (0xbfe5)
core   0: 0x8000f430 (0x00002f17) auipc   t5, 0x2
core   0: 3 0x8000f430 (0x00002f17) x30 0x80011430
core   0: 0x8000f434 (0xbc3f2823) sw      gp, -1072(t5)
core   0: 3 0x8000f434 (0xbc3f2823) mem 0x80011000 0x00000001
core   0: 0x8000f438 (0x0000bfe5) c.j     pc - 8
core   0: 3 0x8000f438 (0xbfe5)
core   0: 0x8000f430 (0x00002f17) auipc   t5, 0x2
core   0: 3 0x8000f430 (0x00002f17) x30 0x80011430
core   0: 0x8000f434 (0xbc3f2823) sw      gp, -1072(t5)
core   0: 3 0x8000f434 (0xbc3f2823) mem 0x80011000 0x00000001
core   0: 0x8000f438 (0x0000bfe5) c.j     pc - 8
core   0: 3 0x8000f438 (0xbfe5)
core   0: 0x8000f430 (0x00002f17) auipc   t5, 0x2
core   0: 3 0x8000f430 (0x00002f17) x30 0x80011430
core   0: 0x8000f434 (0xbc3f2823) sw      gp, -1072(t5)
core   0: 3 0x8000f434 (0xbc3f2823) mem 0x80011000 0x00000001
core   0: 0x8000f438 (0x0000bfe5) c.j     pc - 8
core   0: 3 0x8000f438 (0xbfe5)
core   0: 0x8000f430 (0x00002f17) auipc   t5, 0x2
core   0: 3 0x8000f430 (0x00002f17) x30 0x80011430
core   0: 0x8000f434 (0xbc3f2823) sw      gp, -1072(t5)
core   0: 3 0x8000f434 (0xbc3f2823) mem 0x80011000 0x00000001
core   0: 0x8000f438 (0x0000bfe5) c.j     pc - 8
core   0: 3 0x8000f438 (0xbfe5)
core   0: 0x8000f430 (0x00002f17) auipc   t5, 0x2
core   0: 3 0x8000f430 (0x00002f17) x30 0x80011430
core   0: 0x8000f434 (0xbc3f2823) sw      gp, -1072(t5)
core   0: 3 0x8000f434 (0xbc3f2823) mem 0x80011000 0x00000001
core   0: 0x8000f438 (0x0000bfe5) c.j     pc - 8
core   0: 3 0x8000f438 (0xbfe5)
core   0: 0x8000f430 (0x00002f17) auipc   t5, 0x2
core   0: 3 0x8000f430 (0x00002f17) x30 0x80011430
core   0: 0x8000f434 (0xbc3f2823) sw      gp, -1072(t5)
core   0: 3 0x8000f434 (0xbc3f2823) mem 0x80011000 0x00000001
core   0: 0x8000f438 (0x0000bfe5) c.j     pc - 8
core   0: 3 0x8000f438 (0xbfe5)
core   0: 0x8000f430 (0x00002f17) auipc   t5, 0x2
core   0: 3 0x8000f430 (0x00002f17) x30 0x80011430
core   0: 0x8000f434 (0xbc3f2823) sw      gp, -1072(t5)
core   0: 3 0x8000f434 (0xbc3f2823) mem 0x80011000 0x00000001
core   0: 0x8000f438 (0x0000bfe5) c.j     pc - 8
core   0: 3 0x8000f438 (0xbfe5)
core   0: 0x8000f430 (0x00002f17) auipc   t5, 0x2
core   0: 3 0x8000f430 (0x00002f17) x30 0x80011430
core   0: 0x8000f434 (0xbc3f2823) sw      gp, -1072(t5)
core   0: 3 0x8000f434 (0xbc3f2823) mem 0x80011000 0x00000001
core   0: 0x8000f438 (0x0000bfe5) c.j     pc - 8
core   0: 3 0x8000f438 (0xbfe5)
core   0: 0x8000f430 (0x00002f17) auipc   t5, 0x2
core   0: 3 0x8000f430 (0x00002f17) x30 0x80011430
core   0: 0x8000f434 (0xbc3f2823) sw      gp, -1072(t5)
core   0: 3 0x8000f434 (0xbc3f2823) mem 0x80011000 0x00000001
core   0: 0x8000f438 (0x0000bfe5) c.j     pc - 8
core   0: 3 0x8000f438 (0xbfe5)
core   0: 0x8000f430 (0x00002f17) auipc   t5, 0x2
core   0: 3 0x8000f430 (0x00002f17) x30 0x80011430
core   0: 0x8000f434 (0xbc3f2823) sw      gp, -1072(t5)
core   0: 3 0x8000f434 (0xbc3f2823) mem 0x80011000 0x00000001
core   0: 0x8000f438 (0x0000bfe5) c.j     pc - 8
core   0: 3 0x8000f438 (0xbfe5)
core   0: 0x8000f430 (0x00002f17) auipc   t5, 0x2
core   0: 3 0x8000f430 (0x00002f17) x30 0x80011430
core   0: 0x8000f434 (0xbc3f2823) sw      gp, -1072(t5)
core   0: 3 0x8000f434 (0xbc3f2823) mem 0x80011000 0x00000001
core   0: 0x8000f438 (0x0000bfe5) c.j     pc - 8
core   0: 3 0x8000f438 (0xbfe5)
core   0: 0x8000f430 (0x00002f17) auipc   t5, 0x2
core   0: 3 0x8000f430 (0x00002f17) x30 0x80011430
core   0: 0x8000f434 (0xbc3f2823) sw      gp, -1072(t5)
core   0: 3 0x8000f434 (0xbc3f2823) mem 0x80011000 0x00000001
core   0: 0x8000f438 (0x0000bfe5) c.j     pc - 8
core   0: 3 0x8000f438 (0xbfe5)
core   0: 0x8000f430 (0x00002f17) auipc   t5, 0x2
core   0: 3 0x8000f430 (0x00002f17) x30 0x80011430
core   0: 0x8000f434 (0xbc3f2823) sw      gp, -1072(t5)
core   0: 3 0x8000f434 (0xbc3f2823) mem 0x80011000 0x00000001
core   0: 0x8000f438 (0x0000bfe5) c.j     pc - 8
core   0: 3 0x8000f438 (0xbfe5)
core   0: 0x8000f430 (0x00002f17) auipc   t5, 0x2
core   0: 3 0x8000f430 (0x00002f17) x30 0x80011430
core   0: 0x8000f434 (0xbc3f2823) sw      gp, -1072(t5)
core   0: 3 0x8000f434 (0xbc3f2823) mem 0x80011000 0x00000001
core   0: 0x8000f438 (0x0000bfe5) c.j     pc - 8
core   0: 3 0x8000f438 (0xbfe5)
core   0: 0x8000f430 (0x00002f17) auipc   t5, 0x2
core   0: 3 0x8000f430 (0x00002f17) x30 0x80011430
core   0: 0x8000f434 (0xbc3f2823) sw      gp, -1072(t5)
core   0: 3 0x8000f434 (0xbc3f2823) mem 0x80011000 0x00000001
core   0: 0x8000f438 (0x0000bfe5) c.j     pc - 8
core   0: 3 0x8000f438 (0xbfe5)
core   0: 0x8000f430 (0x00002f17) auipc   t5, 0x2
core   0: 3 0x8000f430 (0x00002f17) x30 0x80011430
core   0: 0x8000f434 (0xbc3f2823) sw      gp, -1072(t5)
core   0: 3 0x8000f434 (0xbc3f2823) mem 0x80011000 0x00000001
core   0: 0x8000f438 (0x0000bfe5) c.j     pc - 8
core   0: 3 0x8000f438 (0xbfe5)
core   0: 0x8000f430 (0x00002f17) auipc   t5, 0x2
core   0: 3 0x8000f430 (0x00002f17) x30 0x80011430
core   0: 0x8000f434 (0xbc3f2823) sw      gp, -1072(t5)
core   0: 3 0x8000f434 (0xbc3f2823) mem 0x80011000 0x00000001
core   0: 0x8000f438 (0x0000bfe5) c.j     pc - 8
core   0: 3 0x8000f438 (0xbfe5)
core   0: 0x8000f430 (0x00002f17) auipc   t5, 0x2
core   0: 3 0x8000f430 (0x00002f17) x30 0x80011430
core   0: 0x8000f434 (0xbc3f2823) sw      gp, -1072(t5)
core   0: 3 0x8000f434 (0xbc3f2823) mem 0x80011000 0x00000001
core   0: 0x8000f438 (0x0000bfe5) c.j     pc - 8
core   0: 3 0x8000f438 (0xbfe5)
core   0: 0x8000f430 (0x00002f17) auipc   t5, 0x2
core   0: 3 0x8000f430 (0x00002f17) x30 0x80011430
core   0: 0x8000f434 (0xbc3f2823) sw      gp, -1072(t5)
core   0: 3 0x8000f434 (0xbc3f2823) mem 0x80011000 0x00000001
core   0: 0x8000f438 (0x0000bfe5) c.j     pc - 8
core   0: 3 0x8000f438 (0xbfe5)
core   0: 0x8000f430 (0x00002f17) auipc   t5, 0x2
core   0: 3 0x8000f430 (0x00002f17) x30 0x80011430
core   0: 0x8000f434 (0xbc3f2823) sw      gp, -1072(t5)
core   0: 3 0x8000f434 (0xbc3f2823) mem 0x80011000 0x00000001
core   0: 0x8000f438 (0x0000bfe5) c.j     pc - 8
core   0: 3 0x8000f438 (0xbfe5)
core   0: 0x8000f430 (0x00002f17) auipc   t5, 0x2
core   0: 3 0x8000f430 (0x00002f17) x30 0x80011430
core   0: 0x8000f434 (0xbc3f2823) sw      gp, -1072(t5)
core   0: 3 0x8000f434 (0xbc3f2823) mem 0x80011000 0x00000001
core   0: 0x8000f438 (0x0000bfe5) c.j     pc - 8
core   0: 3 0x8000f438 (0xbfe5)
core   0: 0x8000f430 (0x00002f17) auipc   t5, 0x2
core   0: 3 0x8000f430 (0x00002f17) x30 0x80011430
core   0: 0x8000f434 (0xbc3f2823) sw      gp, -1072(t5)
core   0: 3 0x8000f434 (0xbc3f2823) mem 0x80011000 0x00000001
core   0: 0x8000f438 (0x0000bfe5) c.j     pc - 8
core   0: 3 0x8000f438 (0xbfe5)
core   0: 0x8000f430 (0x00002f17) auipc   t5, 0x2
core   0: 3 0x8000f430 (0x00002f17) x30 0x80011430
core   0: 0x8000f434 (0xbc3f2823) sw      gp, -1072(t5)
core   0: 3 0x8000f434 (0xbc3f2823) mem 0x80011000 0x00000001
core   0: 0x8000f438 (0x0000bfe5) c.j     pc - 8
core   0: 3 0x8000f438 (0xbfe5)
core   0: 0x8000f430 (0x00002f17) auipc   t5, 0x2
core   0: 3 0x8000f430 (0x00002f17) x30 0x80011430
core   0: 0x8000f434 (0xbc3f2823) sw      gp, -1072(t5)
core   0: 3 0x8000f434 (0xbc3f2823) mem 0x80011000 0x00000001
core   0: 0x8000f438 (0x0000bfe5) c.j     pc - 8
core   0: 3 0x8000f438 (0xbfe5)
core   0: 0x8000f430 (0x00002f17) auipc   t5, 0x2
core   0: 3 0x8000f430 (0x00002f17) x30 0x80011430
core   0: 0x8000f434 (0xbc3f2823) sw      gp, -1072(t5)
core   0: 3 0x8000f434 (0xbc3f2823) mem 0x80011000 0x00000001
core   0: 0x8000f438 (0x0000bfe5) c.j     pc - 8
core   0: 3 0x8000f438 (0xbfe5)
core   0: 0x8000f430 (0x00002f17) auipc   t5, 0x2
core   0: 3 0x8000f430 (0x00002f17) x30 0x80011430
core   0: 0x8000f434 (0xbc3f2823) sw      gp, -1072(t5)
core   0: 3 0x8000f434 (0xbc3f2823) mem 0x80011000 0x00000001
core   0: 0x8000f438 (0x0000bfe5) c.j     pc - 8
core   0: 3 0x8000f438 (0xbfe5)
core   0: 0x8000f430 (0x00002f17) auipc   t5, 0x2
core   0: 3 0x8000f430 (0x00002f17) x30 0x80011430
core   0: 0x8000f434 (0xbc3f2823) sw      gp, -1072(t5)
core   0: 3 0x8000f434 (0xbc3f2823) mem 0x80011000 0x00000001
core   0: 0x8000f438 (0x0000bfe5) c.j     pc - 8
core   0: 3 0x8000f438 (0xbfe5)
core   0: 0x8000f430 (0x00002f17) auipc   t5, 0x2
core   0: 3 0x8000f430 (0x00002f17) x30 0x80011430
core   0: 0x8000f434 (0xbc3f2823) sw      gp, -1072(t5)
core   0: 3 0x8000f434 (0xbc3f2823) mem 0x80011000 0x00000001
core   0: 0x8000f438 (0x0000bfe5) c.j     pc - 8
core   0: 3 0x8000f438 (0xbfe5)
core   0: 0x8000f430 (0x00002f17) auipc   t5, 0x2
core   0: 3 0x8000f430 (0x00002f17) x30 0x80011430
core   0: 0x8000f434 (0xbc3f2823) sw      gp, -1072(t5)
core   0: 3 0x8000f434 (0xbc3f2823) mem 0x80011000 0x00000001
core   0: 0x8000f438 (0x0000bfe5) c.j     pc - 8
core   0: 3 0x8000f438 (0xbfe5)
core   0: 0x8000f430 (0x00002f17) auipc   t5, 0x2
core   0: 3 0x8000f430 (0x00002f17) x30 0x80011430
core   0: 0x8000f434 (0xbc3f2823) sw      gp, -1072(t5)
core   0: 3 0x8000f434 (0xbc3f2823) mem 0x80011000 0x00000001
core   0: 0x8000f438 (0x0000bfe5) c.j     pc - 8
core   0: 3 0x8000f438 (0xbfe5)
core   0: 0x8000f430 (0x00002f17) auipc   t5, 0x2
core   0: 3 0x8000f430 (0x00002f17) x30 0x80011430
core   0: 0x8000f434 (0xbc3f2823) sw      gp, -1072(t5)
core   0: 3 0x8000f434 (0xbc3f2823) mem 0x80011000 0x00000001
core   0: 0x8000f438 (0x0000bfe5) c.j     pc - 8
core   0: 3 0x8000f438 (0xbfe5)
core   0: 0x8000f430 (0x00002f17) auipc   t5, 0x2
core   0: 3 0x8000f430 (0x00002f17) x30 0x80011430
core   0: 0x8000f434 (0xbc3f2823) sw      gp, -1072(t5)
core   0: 3 0x8000f434 (0xbc3f2823) mem 0x80011000 0x00000001
core   0: 0x8000f438 (0x0000bfe5) c.j     pc - 8
core   0: 3 0x8000f438 (0xbfe5)
core   0: 0x8000f430 (0x00002f17) auipc   t5, 0x2
core   0: 3 0x8000f430 (0x00002f17) x30 0x80011430
core   0: 0x8000f434 (0xbc3f2823) sw      gp, -1072(t5)
core   0: 3 0x8000f434 (0xbc3f2823) mem 0x80011000 0x00000001
core   0: 0x8000f438 (0x0000bfe5) c.j     pc - 8
core   0: 3 0x8000f438 (0xbfe5)
core   0: 0x8000f430 (0x00002f17) auipc   t5, 0x2
core   0: 3 0x8000f430 (0x00002f17) x30 0x80011430
core   0: 0x8000f434 (0xbc3f2823) sw      gp, -1072(t5)
core   0: 3 0x8000f434 (0xbc3f2823) mem 0x80011000 0x00000001
core   0: 0x8000f438 (0x0000bfe5) c.j     pc - 8
core   0: 3 0x8000f438 (0xbfe5)
core   0: 0x8000f430 (0x00002f17) auipc   t5, 0x2
core   0: 3 0x8000f430 (0x00002f17) x30 0x80011430
core   0: 0x8000f434 (0xbc3f2823) sw      gp, -1072(t5)
core   0: 3 0x8000f434 (0xbc3f2823) mem 0x80011000 0x00000001
core   0: 0x8000f438 (0x0000bfe5) c.j     pc - 8
core   0: 3 0x8000f438 (0xbfe5)
core   0: 0x8000f430 (0x00002f17) auipc   t5, 0x2
core   0: 3 0x8000f430 (0x00002f17) x30 0x80011430
core   0: 0x8000f434 (0xbc3f2823) sw      gp, -1072(t5)
core   0: 3 0x8000f434 (0xbc3f2823) mem 0x80011000 0x00000001
core   0: 0x8000f438 (0x0000bfe5) c.j     pc - 8
core   0: 3 0x8000f438 (0xbfe5)
core   0: 0x8000f430 (0x00002f17) auipc   t5, 0x2
core   0: 3 0x8000f430 (0x00002f17) x30 0x80011430
core   0: 0x8000f434 (0xbc3f2823) sw      gp, -1072(t5)
core   0: 3 0x8000f434 (0xbc3f2823) mem 0x80011000 0x00000001
core   0: 0x8000f438 (0x0000bfe5) c.j     pc - 8
core   0: 3 0x8000f438 (0xbfe5)
core   0: 0x8000f430 (0x00002f17) auipc   t5, 0x2
core   0: 3 0x8000f430 (0x00002f17) x30 0x80011430
core   0: 0x8000f434 (0xbc3f2823) sw      gp, -1072(t5)
core   0: 3 0x8000f434 (0xbc3f2823) mem 0x80011000 0x00000001
core   0: 0x8000f438 (0x0000bfe5) c.j     pc - 8
core   0: 3 0x8000f438 (0xbfe5)
core   0: 0x8000f430 (0x00002f17) auipc   t5, 0x2
core   0: 3 0x8000f430 (0x00002f17) x30 0x80011430
core   0: 0x8000f434 (0xbc3f2823) sw      gp, -1072(t5)
core   0: 3 0x8000f434 (0xbc3f2823) mem 0x80011000 0x00000001
core   0: 0x8000f438 (0x0000bfe5) c.j     pc - 8
core   0: 3 0x8000f438 (0xbfe5)
core   0: 0x8000f430 (0x00002f17) auipc   t5, 0x2
core   0: 3 0x8000f430 (0x00002f17) x30 0x80011430
core   0: 0x8000f434 (0xbc3f2823) sw      gp, -1072(t5)
core   0: 3 0x8000f434 (0xbc3f2823) mem 0x80011000 0x00000001
core   0: 0x8000f438 (0x0000bfe5) c.j     pc - 8
core   0: 3 0x8000f438 (0xbfe5)
core   0: 0x8000f430 (0x00002f17) auipc   t5, 0x2
core   0: 3 0x8000f430 (0x00002f17) x30 0x80011430
core   0: 0x8000f434 (0xbc3f2823) sw      gp, -1072(t5)
core   0: 3 0x8000f434 (0xbc3f2823) mem 0x80011000 0x00000001
core   0: 0x8000f438 (0x0000bfe5) c.j     pc - 8
core   0: 3 0x8000f438 (0xbfe5)
core   0: 0x8000f430 (0x00002f17) auipc   t5, 0x2
core   0: 3 0x8000f430 (0x00002f17) x30 0x80011430
core   0: 0x8000f434 (0xbc3f2823) sw      gp, -1072(t5)
core   0: 3 0x8000f434 (0xbc3f2823) mem 0x80011000 0x00000001
core   0: 0x8000f438 (0x0000bfe5) c.j     pc - 8
core   0: 3 0x8000f438 (0xbfe5)
core   0: 0x8000f430 (0x00002f17) auipc   t5, 0x2
core   0: 3 0x8000f430 (0x00002f17) x30 0x80011430
core   0: 0x8000f434 (0xbc3f2823) sw      gp, -1072(t5)
core   0: 3 0x8000f434 (0xbc3f2823) mem 0x80011000 0x00000001
core   0: 0x8000f438 (0x0000bfe5) c.j     pc - 8
core   0: 3 0x8000f438 (0xbfe5)
core   0: 0x8000f430 (0x00002f17) auipc   t5, 0x2
core   0: 3 0x8000f430 (0x00002f17) x30 0x80011430
core   0: 0x8000f434 (0xbc3f2823) sw      gp, -1072(t5)
core   0: 3 0x8000f434 (0xbc3f2823) mem 0x80011000 0x00000001
core   0: 0x8000f438 (0x0000bfe5) c.j     pc - 8
core   0: 3 0x8000f438 (0xbfe5)
core   0: 0x8000f430 (0x00002f17) auipc   t5, 0x2
core   0: 3 0x8000f430 (0x00002f17) x30 0x80011430
core   0: 0x8000f434 (0xbc3f2823) sw      gp, -1072(t5)
core   0: 3 0x8000f434 (0xbc3f2823) mem 0x80011000 0x00000001
core   0: 0x8000f438 (0x0000bfe5) c.j     pc - 8
core   0: 3 0x8000f438 (0xbfe5)
core   0: 0x8000f430 (0x00002f17) auipc   t5, 0x2
core   0: 3 0x8000f430 (0x00002f17) x30 0x80011430
core   0: 0x8000f434 (0xbc3f2823) sw      gp, -1072(t5)
core   0: 3 0x8000f434 (0xbc3f2823) mem 0x80011000 0x00000001
core   0: 0x8000f438 (0x0000bfe5) c.j     pc - 8
core   0: 3 0x8000f438 (0xbfe5)
core   0: 0x8000f430 (0x00002f17) auipc   t5, 0x2
core   0: 3 0x8000f430 (0x00002f17) x30 0x80011430
core   0: 0x8000f434 (0xbc3f2823) sw      gp, -1072(t5)
core   0: 3 0x8000f434 (0xbc3f2823) mem 0x80011000 0x00000001
core   0: 0x8000f438 (0x0000bfe5) c.j     pc - 8
core   0: 3 0x8000f438 (0xbfe5)
core   0: 0x8000f430 (0x00002f17) auipc   t5, 0x2
core   0: 3 0x8000f430 (0x00002f17) x30 0x80011430
core   0: 0x8000f434 (0xbc3f2823) sw      gp, -1072(t5)
core   0: 3 0x8000f434 (0xbc3f2823) mem 0x80011000 0x00000001
core   0: 0x8000f438 (0x0000bfe5) c.j     pc - 8
core   0: 3 0x8000f438 (0xbfe5)
core   0: 0x8000f430 (0x00002f17) auipc   t5, 0x2
core   0: 3 0x8000f430 (0x00002f17) x30 0x80011430
core   0: 0x8000f434 (0xbc3f2823) sw      gp, -1072(t5)
core   0: 3 0x8000f434 (0xbc3f2823) mem 0x80011000 0x00000001
core   0: 0x8000f438 (0x0000bfe5) c.j     pc - 8
core   0: 3 0x8000f438 (0xbfe5)
core   0: 0x8000f430 (0x00002f17) auipc   t5, 0x2
core   0: 3 0x8000f430 (0x00002f17) x30 0x80011430
core   0: 0x8000f434 (0xbc3f2823) sw      gp, -1072(t5)
core   0: 3 0x8000f434 (0xbc3f2823) mem 0x80011000 0x00000001
core   0: 0x8000f438 (0x0000bfe5) c.j     pc - 8
core   0: 3 0x8000f438 (0xbfe5)
core   0: 0x8000f430 (0x00002f17) auipc   t5, 0x2
core   0: 3 0x8000f430 (0x00002f17) x30 0x80011430
core   0: 0x8000f434 (0xbc3f2823) sw      gp, -1072(t5)
core   0: 3 0x8000f434 (0xbc3f2823) mem 0x80011000 0x00000001
core   0: 0x8000f438 (0x0000bfe5) c.j     pc - 8
core   0: 3 0x8000f438 (0xbfe5)
core   0: 0x8000f430 (0x00002f17) auipc   t5, 0x2
core   0: 3 0x8000f430 (0x00002f17) x30 0x80011430
core   0: 0x8000f434 (0xbc3f2823) sw      gp, -1072(t5)
core   0: 3 0x8000f434 (0xbc3f2823) mem 0x80011000 0x00000001
core   0: 0x8000f438 (0x0000bfe5) c.j     pc - 8
core   0: 3 0x8000f438 (0xbfe5)
core   0: 0x8000f430 (0x00002f17) auipc   t5, 0x2
core   0: 3 0x8000f430 (0x00002f17) x30 0x80011430
core   0: 0x8000f434 (0xbc3f2823) sw      gp, -1072(t5)
core   0: 3 0x8000f434 (0xbc3f2823) mem 0x80011000 0x00000001
core   0: 0x8000f438 (0x0000bfe5) c.j     pc - 8
core   0: 3 0x8000f438 (0xbfe5)
core   0: 0x8000f430 (0x00002f17) auipc   t5, 0x2
core   0: 3 0x8000f430 (0x00002f17) x30 0x80011430
core   0: 0x8000f434 (0xbc3f2823) sw      gp, -1072(t5)
core   0: 3 0x8000f434 (0xbc3f2823) mem 0x80011000 0x00000001
core   0: 0x8000f438 (0x0000bfe5) c.j     pc - 8
core   0: 3 0x8000f438 (0xbfe5)
core   0: 0x8000f430 (0x00002f17) auipc   t5, 0x2
core   0: 3 0x8000f430 (0x00002f17) x30 0x80011430
core   0: 0x8000f434 (0xbc3f2823) sw      gp, -1072(t5)
core   0: 3 0x8000f434 (0xbc3f2823) mem 0x80011000 0x00000001
core   0: 0x8000f438 (0x0000bfe5) c.j     pc - 8
core   0: 3 0x8000f438 (0xbfe5)
core   0: 0x8000f430 (0x00002f17) auipc   t5, 0x2
core   0: 3 0x8000f430 (0x00002f17) x30 0x80011430
core   0: 0x8000f434 (0xbc3f2823) sw      gp, -1072(t5)
core   0: 3 0x8000f434 (0xbc3f2823) mem 0x80011000 0x00000001
core   0: 0x8000f438 (0x0000bfe5) c.j     pc - 8
core   0: 3 0x8000f438 (0xbfe5)
core   0: 0x8000f430 (0x00002f17) auipc   t5, 0x2
core   0: 3 0x8000f430 (0x00002f17) x30 0x80011430
core   0: 0x8000f434 (0xbc3f2823) sw      gp, -1072(t5)
core   0: 3 0x8000f434 (0xbc3f2823) mem 0x80011000 0x00000001
core   0: 0x8000f438 (0x0000bfe5) c.j     pc - 8
core   0: 3 0x8000f438 (0xbfe5)
core   0: 0x8000f430 (0x00002f17) auipc   t5, 0x2
core   0: 3 0x8000f430 (0x00002f17) x30 0x80011430
core   0: 0x8000f434 (0xbc3f2823) sw      gp, -1072(t5)
core   0: 3 0x8000f434 (0xbc3f2823) mem 0x80011000 0x00000001
core   0: 0x8000f438 (0x0000bfe5) c.j     pc - 8
core   0: 3 0x8000f438 (0xbfe5)
core   0: 0x8000f430 (0x00002f17) auipc   t5, 0x2
core   0: 3 0x8000f430 (0x00002f17) x30 0x80011430
core   0: 0x8000f434 (0xbc3f2823) sw      gp, -1072(t5)
core   0: 3 0x8000f434 (0xbc3f2823) mem 0x80011000 0x00000001
core   0: 0x8000f438 (0x0000bfe5) c.j     pc - 8
core   0: 3 0x8000f438 (0xbfe5)
core   0: 0x8000f430 (0x00002f17) auipc   t5, 0x2
core   0: 3 0x8000f430 (0x00002f17) x30 0x80011430
core   0: 0x8000f434 (0xbc3f2823) sw      gp, -1072(t5)
core   0: 3 0x8000f434 (0xbc3f2823) mem 0x80011000 0x00000001
core   0: 0x8000f438 (0x0000bfe5) c.j     pc - 8
core   0: 3 0x8000f438 (0xbfe5)
core   0: 0x8000f430 (0x00002f17) auipc   t5, 0x2
core   0: 3 0x8000f430 (0x00002f17) x30 0x80011430
core   0: 0x8000f434 (0xbc3f2823) sw      gp, -1072(t5)
core   0: 3 0x8000f434 (0xbc3f2823) mem 0x80011000 0x00000001
core   0: 0x8000f438 (0x0000bfe5) c.j     pc - 8
core   0: 3 0x8000f438 (0xbfe5)
core   0: 0x8000f430 (0x00002f17) auipc   t5, 0x2
core   0: 3 0x8000f430 (0x00002f17) x30 0x80011430
core   0: 0x8000f434 (0xbc3f2823) sw      gp, -1072(t5)
core   0: 3 0x8000f434 (0xbc3f2823) mem 0x80011000 0x00000001
core   0: 0x8000f438 (0x0000bfe5) c.j     pc - 8
core   0: 3 0x8000f438 (0xbfe5)
core   0: 0x8000f430 (0x00002f17) auipc   t5, 0x2
core   0: 3 0x8000f430 (0x00002f17) x30 0x80011430
core   0: 0x8000f434 (0xbc3f2823) sw      gp, -1072(t5)
core   0: 3 0x8000f434 (0xbc3f2823) mem 0x80011000 0x00000001
core   0: 0x8000f438 (0x0000bfe5) c.j     pc - 8
core   0: 3 0x8000f438 (0xbfe5)
core   0: 0x8000f430 (0x00002f17) auipc   t5, 0x2
core   0: 3 0x8000f430 (0x00002f17) x30 0x80011430
core   0: 0x8000f434 (0xbc3f2823) sw      gp, -1072(t5)
core   0: 3 0x8000f434 (0xbc3f2823) mem 0x80011000 0x00000001
core   0: 0x8000f438 (0x0000bfe5) c.j     pc - 8
core   0: 3 0x8000f438 (0xbfe5)
core   0: 0x8000f430 (0x00002f17) auipc   t5, 0x2
core   0: 3 0x8000f430 (0x00002f17) x30 0x80011430
core   0: 0x8000f434 (0xbc3f2823) sw      gp, -1072(t5)
core   0: 3 0x8000f434 (0xbc3f2823) mem 0x80011000 0x00000001
core   0: 0x8000f438 (0x0000bfe5) c.j     pc - 8
core   0: 3 0x8000f438 (0xbfe5)
core   0: 0x8000f430 (0x00002f17) auipc   t5, 0x2
core   0: 3 0x8000f430 (0x00002f17) x30 0x80011430
core   0: 0x8000f434 (0xbc3f2823) sw      gp, -1072(t5)
core   0: 3 0x8000f434 (0xbc3f2823) mem 0x80011000 0x00000001
core   0: 0x8000f438 (0x0000bfe5) c.j     pc - 8
core   0: 3 0x8000f438 (0xbfe5)
core   0: 0x8000f430 (0x00002f17) auipc   t5, 0x2
core   0: 3 0x8000f430 (0x00002f17) x30 0x80011430
core   0: 0x8000f434 (0xbc3f2823) sw      gp, -1072(t5)
core   0: 3 0x8000f434 (0xbc3f2823) mem 0x80011000 0x00000001
core   0: 0x8000f438 (0x0000bfe5) c.j     pc - 8
core   0: 3 0x8000f438 (0xbfe5)
core   0: 0x8000f430 (0x00002f17) auipc   t5, 0x2
core   0: 3 0x8000f430 (0x00002f17) x30 0x80011430
core   0: 0x8000f434 (0xbc3f2823) sw      gp, -1072(t5)
core   0: 3 0x8000f434 (0xbc3f2823) mem 0x80011000 0x00000001
core   0: 0x8000f438 (0x0000bfe5) c.j     pc - 8
core   0: 3 0x8000f438 (0xbfe5)
core   0: 0x8000f430 (0x00002f17) auipc   t5, 0x2
core   0: 3 0x8000f430 (0x00002f17) x30 0x80011430
core   0: 0x8000f434 (0xbc3f2823) sw      gp, -1072(t5)
core   0: 3 0x8000f434 (0xbc3f2823) mem 0x80011000 0x00000001
core   0: 0x8000f438 (0x0000bfe5) c.j     pc - 8
core   0: 3 0x8000f438 (0xbfe5)
core   0: 0x8000f430 (0x00002f17) auipc   t5, 0x2
core   0: 3 0x8000f430 (0x00002f17) x30 0x80011430
core   0: 0x8000f434 (0xbc3f2823) sw      gp, -1072(t5)
core   0: 3 0x8000f434 (0xbc3f2823) mem 0x80011000 0x00000001
core   0: 0x8000f438 (0x0000bfe5) c.j     pc - 8
core   0: 3 0x8000f438 (0xbfe5)
core   0: 0x8000f430 (0x00002f17) auipc   t5, 0x2
core   0: 3 0x8000f430 (0x00002f17) x30 0x80011430
core   0: 0x8000f434 (0xbc3f2823) sw      gp, -1072(t5)
core   0: 3 0x8000f434 (0xbc3f2823) mem 0x80011000 0x00000001
core   0: 0x8000f438 (0x0000bfe5) c.j     pc - 8
core   0: 3 0x8000f438 (0xbfe5)
core   0: 0x8000f430 (0x00002f17) auipc   t5, 0x2
core   0: 3 0x8000f430 (0x00002f17) x30 0x80011430
core   0: 0x8000f434 (0xbc3f2823) sw      gp, -1072(t5)
core   0: 3 0x8000f434 (0xbc3f2823) mem 0x80011000 0x00000001
core   0: 0x8000f438 (0x0000bfe5) c.j     pc - 8
core   0: 3 0x8000f438 (0xbfe5)
core   0: 0x8000f430 (0x00002f17) auipc   t5, 0x2
core   0: 3 0x8000f430 (0x00002f17) x30 0x80011430
core   0: 0x8000f434 (0xbc3f2823) sw      gp, -1072(t5)
core   0: 3 0x8000f434 (0xbc3f2823) mem 0x80011000 0x00000001
core   0: 0x8000f438 (0x0000bfe5) c.j     pc - 8
core   0: 3 0x8000f438 (0xbfe5)
core   0: 0x8000f430 (0x00002f17) auipc   t5, 0x2
core   0: 3 0x8000f430 (0x00002f17) x30 0x80011430
core   0: 0x8000f434 (0xbc3f2823) sw      gp, -1072(t5)
core   0: 3 0x8000f434 (0xbc3f2823) mem 0x80011000 0x00000001
core   0: 0x8000f438 (0x0000bfe5) c.j     pc - 8
core   0: 3 0x8000f438 (0xbfe5)
core   0: 0x8000f430 (0x00002f17) auipc   t5, 0x2
core   0: 3 0x8000f430 (0x00002f17) x30 0x80011430
core   0: 0x8000f434 (0xbc3f2823) sw      gp, -1072(t5)
core   0: 3 0x8000f434 (0xbc3f2823) mem 0x80011000 0x00000001
core   0: 0x8000f438 (0x0000bfe5) c.j     pc - 8
core   0: 3 0x8000f438 (0xbfe5)
core   0: 0x8000f430 (0x00002f17) auipc   t5, 0x2
core   0: 3 0x8000f430 (0x00002f17) x30 0x80011430
core   0: 0x8000f434 (0xbc3f2823) sw      gp, -1072(t5)
core   0: 3 0x8000f434 (0xbc3f2823) mem 0x80011000 0x00000001
core   0: 0x8000f438 (0x0000bfe5) c.j     pc - 8
core   0: 3 0x8000f438 (0xbfe5)
core   0: 0x8000f430 (0x00002f17) auipc   t5, 0x2
core   0: 3 0x8000f430 (0x00002f17) x30 0x80011430
core   0: 0x8000f434 (0xbc3f2823) sw      gp, -1072(t5)
core   0: 3 0x8000f434 (0xbc3f2823) mem 0x80011000 0x00000001
core   0: 0x8000f438 (0x0000bfe5) c.j     pc - 8
core   0: 3 0x8000f438 (0xbfe5)
core   0: 0x8000f430 (0x00002f17) auipc   t5, 0x2
core   0: 3 0x8000f430 (0x00002f17) x30 0x80011430
core   0: 0x8000f434 (0xbc3f2823) sw      gp, -1072(t5)
core   0: 3 0x8000f434 (0xbc3f2823) mem 0x80011000 0x00000001
core   0: 0x8000f438 (0x0000bfe5) c.j     pc - 8
core   0: 3 0x8000f438 (0xbfe5)
core   0: 0x8000f430 (0x00002f17) auipc   t5, 0x2
core   0: 3 0x8000f430 (0x00002f17) x30 0x80011430
core   0: 0x8000f434 (0xbc3f2823) sw      gp, -1072(t5)
core   0: 3 0x8000f434 (0xbc3f2823) mem 0x80011000 0x00000001
core   0: 0x8000f438 (0x0000bfe5) c.j     pc - 8
core   0: 3 0x8000f438 (0xbfe5)
core   0: 0x8000f430 (0x00002f17) auipc   t5, 0x2
core   0: 3 0x8000f430 (0x00002f17) x30 0x80011430
core   0: 0x8000f434 (0xbc3f2823) sw      gp, -1072(t5)
core   0: 3 0x8000f434 (0xbc3f2823) mem 0x80011000 0x00000001
core   0: 0x8000f438 (0x0000bfe5) c.j     pc - 8
core   0: 3 0x8000f438 (0xbfe5)
core   0: 0x8000f430 (0x00002f17) auipc   t5, 0x2
core   0: 3 0x8000f430 (0x00002f17) x30 0x80011430
core   0: 0x8000f434 (0xbc3f2823) sw      gp, -1072(t5)
core   0: 3 0x8000f434 (0xbc3f2823) mem 0x80011000 0x00000001
core   0: 0x8000f438 (0x0000bfe5) c.j     pc - 8
core   0: 3 0x8000f438 (0xbfe5)
core   0: 0x8000f430 (0x00002f17) auipc   t5, 0x2
core   0: 3 0x8000f430 (0x00002f17) x30 0x80011430
core   0: 0x8000f434 (0xbc3f2823) sw      gp, -1072(t5)
core   0: 3 0x8000f434 (0xbc3f2823) mem 0x80011000 0x00000001
core   0: 0x8000f438 (0x0000bfe5) c.j     pc - 8
core   0: 3 0x8000f438 (0xbfe5)
core   0: 0x8000f430 (0x00002f17) auipc   t5, 0x2
core   0: 3 0x8000f430 (0x00002f17) x30 0x80011430
core   0: 0x8000f434 (0xbc3f2823) sw      gp, -1072(t5)
core   0: 3 0x8000f434 (0xbc3f2823) mem 0x80011000 0x00000001
core   0: 0x8000f438 (0x0000bfe5) c.j     pc - 8
core   0: 3 0x8000f438 (0xbfe5)
core   0: 0x8000f430 (0x00002f17) auipc   t5, 0x2
core   0: 3 0x8000f430 (0x00002f17) x30 0x80011430
core   0: 0x8000f434 (0xbc3f2823) sw      gp, -1072(t5)
core   0: 3 0x8000f434 (0xbc3f2823) mem 0x80011000 0x00000001
core   0: 0x8000f438 (0x0000bfe5) c.j     pc - 8
core   0: 3 0x8000f438 (0xbfe5)
core   0: 0x8000f430 (0x00002f17) auipc   t5, 0x2
core   0: 3 0x8000f430 (0x00002f17) x30 0x80011430
core   0: 0x8000f434 (0xbc3f2823) sw      gp, -1072(t5)
core   0: 3 0x8000f434 (0xbc3f2823) mem 0x80011000 0x00000001
core   0: 0x8000f438 (0x0000bfe5) c.j     pc - 8
core   0: 3 0x8000f438 (0xbfe5)
core   0: 0x8000f430 (0x00002f17) auipc   t5, 0x2
core   0: 3 0x8000f430 (0x00002f17) x30 0x80011430
core   0: 0x8000f434 (0xbc3f2823) sw      gp, -1072(t5)
core   0: 3 0x8000f434 (0xbc3f2823) mem 0x80011000 0x00000001
core   0: 0x8000f438 (0x0000bfe5) c.j     pc - 8
core   0: 3 0x8000f438 (0xbfe5)
core   0: 0x8000f430 (0x00002f17) auipc   t5, 0x2
core   0: 3 0x8000f430 (0x00002f17) x30 0x80011430
core   0: 0x8000f434 (0xbc3f2823) sw      gp, -1072(t5)
core   0: 3 0x8000f434 (0xbc3f2823) mem 0x80011000 0x00000001
core   0: 0x8000f438 (0x0000bfe5) c.j     pc - 8
core   0: 3 0x8000f438 (0xbfe5)
core   0: 0x8000f430 (0x00002f17) auipc   t5, 0x2
core   0: 3 0x8000f430 (0x00002f17) x30 0x80011430
core   0: 0x8000f434 (0xbc3f2823) sw      gp, -1072(t5)
core   0: 3 0x8000f434 (0xbc3f2823) mem 0x80011000 0x00000001
core   0: 0x8000f438 (0x0000bfe5) c.j     pc - 8
core   0: 3 0x8000f438 (0xbfe5)
core   0: 0x8000f430 (0x00002f17) auipc   t5, 0x2
core   0: 3 0x8000f430 (0x00002f17) x30 0x80011430
core   0: 0x8000f434 (0xbc3f2823) sw      gp, -1072(t5)
core   0: 3 0x8000f434 (0xbc3f2823) mem 0x80011000 0x00000001
core   0: 0x8000f438 (0x0000bfe5) c.j     pc - 8
core   0: 3 0x8000f438 (0xbfe5)
core   0: 0x8000f430 (0x00002f17) auipc   t5, 0x2
core   0: 3 0x8000f430 (0x00002f17) x30 0x80011430
core   0: 0x8000f434 (0xbc3f2823) sw      gp, -1072(t5)
core   0: 3 0x8000f434 (0xbc3f2823) mem 0x80011000 0x00000001
core   0: 0x8000f438 (0x0000bfe5) c.j     pc - 8
core   0: 3 0x8000f438 (0xbfe5)
core   0: 0x8000f430 (0x00002f17) auipc   t5, 0x2
core   0: 3 0x8000f430 (0x00002f17) x30 0x80011430
core   0: 0x8000f434 (0xbc3f2823) sw      gp, -1072(t5)
core   0: 3 0x8000f434 (0xbc3f2823) mem 0x80011000 0x00000001
core   0: 0x8000f438 (0x0000bfe5) c.j     pc - 8
core   0: 3 0x8000f438 (0xbfe5)
core   0: 0x8000f430 (0x00002f17) auipc   t5, 0x2
core   0: 3 0x8000f430 (0x00002f17) x30 0x80011430
core   0: 0x8000f434 (0xbc3f2823) sw      gp, -1072(t5)
core   0: 3 0x8000f434 (0xbc3f2823) mem 0x80011000 0x00000001
core   0: 0x8000f438 (0x0000bfe5) c.j     pc - 8
core   0: 3 0x8000f438 (0xbfe5)
core   0: 0x8000f430 (0x00002f17) auipc   t5, 0x2
core   0: 3 0x8000f430 (0x00002f17) x30 0x80011430
core   0: 0x8000f434 (0xbc3f2823) sw      gp, -1072(t5)
core   0: 3 0x8000f434 (0xbc3f2823) mem 0x80011000 0x00000001
core   0: 0x8000f438 (0x0000bfe5) c.j     pc - 8
core   0: 3 0x8000f438 (0xbfe5)
core   0: 0x8000f430 (0x00002f17) auipc   t5, 0x2
core   0: 3 0x8000f430 (0x00002f17) x30 0x80011430
core   0: 0x8000f434 (0xbc3f2823) sw      gp, -1072(t5)
core   0: 3 0x8000f434 (0xbc3f2823) mem 0x80011000 0x00000001
core   0: 0x8000f438 (0x0000bfe5) c.j     pc - 8
core   0: 3 0x8000f438 (0xbfe5)
core   0: 0x8000f430 (0x00002f17) auipc   t5, 0x2
core   0: 3 0x8000f430 (0x00002f17) x30 0x80011430
core   0: 0x8000f434 (0xbc3f2823) sw      gp, -1072(t5)
core   0: 3 0x8000f434 (0xbc3f2823) mem 0x80011000 0x00000001
core   0: 0x8000f438 (0x0000bfe5) c.j     pc - 8
core   0: 3 0x8000f438 (0xbfe5)
core   0: 0x8000f430 (0x00002f17) auipc   t5, 0x2
core   0: 3 0x8000f430 (0x00002f17) x30 0x80011430
core   0: 0x8000f434 (0xbc3f2823) sw      gp, -1072(t5)
core   0: 3 0x8000f434 (0xbc3f2823) mem 0x80011000 0x00000001
core   0: 0x8000f438 (0x0000bfe5) c.j     pc - 8
core   0: 3 0x8000f438 (0xbfe5)
core   0: 0x8000f430 (0x00002f17) auipc   t5, 0x2
core   0: 3 0x8000f430 (0x00002f17) x30 0x80011430
core   0: 0x8000f434 (0xbc3f2823) sw      gp, -1072(t5)
core   0: 3 0x8000f434 (0xbc3f2823) mem 0x80011000 0x00000001
core   0: 0x8000f438 (0x0000bfe5) c.j     pc - 8
core   0: 3 0x8000f438 (0xbfe5)
core   0: 0x8000f430 (0x00002f17) auipc   t5, 0x2
core   0: 3 0x8000f430 (0x00002f17) x30 0x80011430
core   0: 0x8000f434 (0xbc3f2823) sw      gp, -1072(t5)
core   0: 3 0x8000f434 (0xbc3f2823) mem 0x80011000 0x00000001
core   0: 0x8000f438 (0x0000bfe5) c.j     pc - 8
core   0: 3 0x8000f438 (0xbfe5)
core   0: 0x8000f430 (0x00002f17) auipc   t5, 0x2
core   0: 3 0x8000f430 (0x00002f17) x30 0x80011430
core   0: 0x8000f434 (0xbc3f2823) sw      gp, -1072(t5)
core   0: 3 0x8000f434 (0xbc3f2823) mem 0x80011000 0x00000001
core   0: 0x8000f438 (0x0000bfe5) c.j     pc - 8
core   0: 3 0x8000f438 (0xbfe5)
core   0: 0x8000f430 (0x00002f17) auipc   t5, 0x2
core   0: 3 0x8000f430 (0x00002f17) x30 0x80011430
core   0: 0x8000f434 (0xbc3f2823) sw      gp, -1072(t5)
core   0: 3 0x8000f434 (0xbc3f2823) mem 0x80011000 0x00000001
core   0: 0x8000f438 (0x0000bfe5) c.j     pc - 8
core   0: 3 0x8000f438 (0xbfe5)
core   0: 0x8000f430 (0x00002f17) auipc   t5, 0x2
core   0: 3 0x8000f430 (0x00002f17) x30 0x80011430
core   0: 0x8000f434 (0xbc3f2823) sw      gp, -1072(t5)
core   0: 3 0x8000f434 (0xbc3f2823) mem 0x80011000 0x00000001
core   0: 0x8000f438 (0x0000bfe5) c.j     pc - 8
core   0: 3 0x8000f438 (0xbfe5)
core   0: 0x8000f430 (0x00002f17) auipc   t5, 0x2
core   0: 3 0x8000f430 (0x00002f17) x30 0x80011430
core   0: 0x8000f434 (0xbc3f2823) sw      gp, -1072(t5)
core   0: 3 0x8000f434 (0xbc3f2823) mem 0x80011000 0x00000001
core   0: 0x8000f438 (0x0000bfe5) c.j     pc - 8
core   0: 3 0x8000f438 (0xbfe5)
core   0: 0x8000f430 (0x00002f17) auipc   t5, 0x2
core   0: 3 0x8000f430 (0x00002f17) x30 0x80011430
core   0: 0x8000f434 (0xbc3f2823) sw      gp, -1072(t5)
core   0: 3 0x8000f434 (0xbc3f2823) mem 0x80011000 0x00000001
core   0: 0x8000f438 (0x0000bfe5) c.j     pc - 8
core   0: 3 0x8000f438 (0xbfe5)
core   0: 0x8000f430 (0x00002f17) auipc   t5, 0x2
core   0: 3 0x8000f430 (0x00002f17) x30 0x80011430
core   0: 0x8000f434 (0xbc3f2823) sw      gp, -1072(t5)
core   0: 3 0x8000f434 (0xbc3f2823) mem 0x80011000 0x00000001
core   0: 0x8000f438 (0x0000bfe5) c.j     pc - 8
core   0: 3 0x8000f438 (0xbfe5)
core   0: 0x8000f430 (0x00002f17) auipc   t5, 0x2
core   0: 3 0x8000f430 (0x00002f17) x30 0x80011430
core   0: 0x8000f434 (0xbc3f2823) sw      gp, -1072(t5)
core   0: 3 0x8000f434 (0xbc3f2823) mem 0x80011000 0x00000001
core   0: 0x8000f438 (0x0000bfe5) c.j     pc - 8
core   0: 3 0x8000f438 (0xbfe5)
core   0: 0x8000f430 (0x00002f17) auipc   t5, 0x2
core   0: 3 0x8000f430 (0x00002f17) x30 0x80011430
core   0: 0x8000f434 (0xbc3f2823) sw      gp, -1072(t5)
core   0: 3 0x8000f434 (0xbc3f2823) mem 0x80011000 0x00000001
core   0: 0x8000f438 (0x0000bfe5) c.j     pc - 8
core   0: 3 0x8000f438 (0xbfe5)
core   0: 0x8000f430 (0x00002f17) auipc   t5, 0x2
core   0: 3 0x8000f430 (0x00002f17) x30 0x80011430
core   0: 0x8000f434 (0xbc3f2823) sw      gp, -1072(t5)
core   0: 3 0x8000f434 (0xbc3f2823) mem 0x80011000 0x00000001
core   0: 0x8000f438 (0x0000bfe5) c.j     pc - 8
core   0: 3 0x8000f438 (0xbfe5)
core   0: 0x8000f430 (0x00002f17) auipc   t5, 0x2
core   0: 3 0x8000f430 (0x00002f17) x30 0x80011430
core   0: 0x8000f434 (0xbc3f2823) sw      gp, -1072(t5)
core   0: 3 0x8000f434 (0xbc3f2823) mem 0x80011000 0x00000001
core   0: 0x8000f438 (0x0000bfe5) c.j     pc - 8
core   0: 3 0x8000f438 (0xbfe5)
core   0: 0x8000f430 (0x00002f17) auipc   t5, 0x2
core   0: 3 0x8000f430 (0x00002f17) x30 0x80011430
core   0: 0x8000f434 (0xbc3f2823) sw      gp, -1072(t5)
core   0: 3 0x8000f434 (0xbc3f2823) mem 0x80011000 0x00000001
core   0: 0x8000f438 (0x0000bfe5) c.j     pc - 8
core   0: 3 0x8000f438 (0xbfe5)
core   0: 0x8000f430 (0x00002f17) auipc   t5, 0x2
core   0: 3 0x8000f430 (0x00002f17) x30 0x80011430
core   0: 0x8000f434 (0xbc3f2823) sw      gp, -1072(t5)
core   0: 3 0x8000f434 (0xbc3f2823) mem 0x80011000 0x00000001
core   0: 0x8000f438 (0x0000bfe5) c.j     pc - 8
core   0: 3 0x8000f438 (0xbfe5)
core   0: 0x8000f430 (0x00002f17) auipc   t5, 0x2
core   0: 3 0x8000f430 (0x00002f17) x30 0x80011430
core   0: 0x8000f434 (0xbc3f2823) sw      gp, -1072(t5)
core   0: 3 0x8000f434 (0xbc3f2823) mem 0x80011000 0x00000001
core   0: 0x8000f438 (0x0000bfe5) c.j     pc - 8
core   0: 3 0x8000f438 (0xbfe5)
core   0: 0x8000f430 (0x00002f17) auipc   t5, 0x2
core   0: 3 0x8000f430 (0x00002f17) x30 0x80011430
core   0: 0x8000f434 (0xbc3f2823) sw      gp, -1072(t5)
core   0: 3 0x8000f434 (0xbc3f2823) mem 0x80011000 0x00000001
core   0: 0x8000f438 (0x0000bfe5) c.j     pc - 8
core   0: 3 0x8000f438 (0xbfe5)
core   0: 0x8000f430 (0x00002f17) auipc   t5, 0x2
core   0: 3 0x8000f430 (0x00002f17) x30 0x80011430
core   0: 0x8000f434 (0xbc3f2823) sw      gp, -1072(t5)
core   0: 3 0x8000f434 (0xbc3f2823) mem 0x80011000 0x00000001
core   0: 0x8000f438 (0x0000bfe5) c.j     pc - 8
core   0: 3 0x8000f438 (0xbfe5)
core   0: 0x8000f430 (0x00002f17) auipc   t5, 0x2
core   0: 3 0x8000f430 (0x00002f17) x30 0x80011430
core   0: 0x8000f434 (0xbc3f2823) sw      gp, -1072(t5)
core   0: 3 0x8000f434 (0xbc3f2823) mem 0x80011000 0x00000001
core   0: 0x8000f438 (0x0000bfe5) c.j     pc - 8
core   0: 3 0x8000f438 (0xbfe5)
core   0: 0x8000f430 (0x00002f17) auipc   t5, 0x2
core   0: 3 0x8000f430 (0x00002f17) x30 0x80011430
core   0: 0x8000f434 (0xbc3f2823) sw      gp, -1072(t5)
core   0: 3 0x8000f434 (0xbc3f2823) mem 0x80011000 0x00000001
core   0: 0x8000f438 (0x0000bfe5) c.j     pc - 8
core   0: 3 0x8000f438 (0xbfe5)
core   0: 0x8000f430 (0x00002f17) auipc   t5, 0x2
core   0: 3 0x8000f430 (0x00002f17) x30 0x80011430
core   0: 0x8000f434 (0xbc3f2823) sw      gp, -1072(t5)
core   0: 3 0x8000f434 (0xbc3f2823) mem 0x80011000 0x00000001
core   0: 0x8000f438 (0x0000bfe5) c.j     pc - 8
core   0: 3 0x8000f438 (0xbfe5)
core   0: 0x8000f430 (0x00002f17) auipc   t5, 0x2
core   0: 3 0x8000f430 (0x00002f17) x30 0x80011430
core   0: 0x8000f434 (0xbc3f2823) sw      gp, -1072(t5)
core   0: 3 0x8000f434 (0xbc3f2823) mem 0x80011000 0x00000001
core   0: 0x8000f438 (0x0000bfe5) c.j     pc - 8
core   0: 3 0x8000f438 (0xbfe5)
core   0: 0x8000f430 (0x00002f17) auipc   t5, 0x2
core   0: 3 0x8000f430 (0x00002f17) x30 0x80011430
core   0: 0x8000f434 (0xbc3f2823) sw      gp, -1072(t5)
core   0: 3 0x8000f434 (0xbc3f2823) mem 0x80011000 0x00000001
core   0: 0x8000f438 (0x0000bfe5) c.j     pc - 8
core   0: 3 0x8000f438 (0xbfe5)
core   0: 0x8000f430 (0x00002f17) auipc   t5, 0x2
core   0: 3 0x8000f430 (0x00002f17) x30 0x80011430
core   0: 0x8000f434 (0xbc3f2823) sw      gp, -1072(t5)
core   0: 3 0x8000f434 (0xbc3f2823) mem 0x80011000 0x00000001
core   0: 0x8000f438 (0x0000bfe5) c.j     pc - 8
core   0: 3 0x8000f438 (0xbfe5)
core   0: 0x8000f430 (0x00002f17) auipc   t5, 0x2
core   0: 3 0x8000f430 (0x00002f17) x30 0x80011430
core   0: 0x8000f434 (0xbc3f2823) sw      gp, -1072(t5)
core   0: 3 0x8000f434 (0xbc3f2823) mem 0x80011000 0x00000001
core   0: 0x8000f438 (0x0000bfe5) c.j     pc - 8
core   0: 3 0x8000f438 (0xbfe5)
core   0: 0x8000f430 (0x00002f17) auipc   t5, 0x2
core   0: 3 0x8000f430 (0x00002f17) x30 0x80011430
core   0: 0x8000f434 (0xbc3f2823) sw      gp, -1072(t5)
core   0: 3 0x8000f434 (0xbc3f2823) mem 0x80011000 0x00000001
core   0: 0x8000f438 (0x0000bfe5) c.j     pc - 8
core   0: 3 0x8000f438 (0xbfe5)
core   0: 0x8000f430 (0x00002f17) auipc   t5, 0x2
core   0: 3 0x8000f430 (0x00002f17) x30 0x80011430
core   0: 0x8000f434 (0xbc3f2823) sw      gp, -1072(t5)
core   0: 3 0x8000f434 (0xbc3f2823) mem 0x80011000 0x00000001
core   0: 0x8000f438 (0x0000bfe5) c.j     pc - 8
core   0: 3 0x8000f438 (0xbfe5)
core   0: 0x8000f430 (0x00002f17) auipc   t5, 0x2
core   0: 3 0x8000f430 (0x00002f17) x30 0x80011430
core   0: 0x8000f434 (0xbc3f2823) sw      gp, -1072(t5)
core   0: 3 0x8000f434 (0xbc3f2823) mem 0x80011000 0x00000001
core   0: 0x8000f438 (0x0000bfe5) c.j     pc - 8
core   0: 3 0x8000f438 (0xbfe5)
core   0: 0x8000f430 (0x00002f17) auipc   t5, 0x2
core   0: 3 0x8000f430 (0x00002f17) x30 0x80011430
core   0: 0x8000f434 (0xbc3f2823) sw      gp, -1072(t5)
core   0: 3 0x8000f434 (0xbc3f2823) mem 0x80011000 0x00000001
core   0: 0x8000f438 (0x0000bfe5) c.j     pc - 8
core   0: 3 0x8000f438 (0xbfe5)
core   0: 0x8000f430 (0x00002f17) auipc   t5, 0x2
core   0: 3 0x8000f430 (0x00002f17) x30 0x80011430
core   0: 0x8000f434 (0xbc3f2823) sw      gp, -1072(t5)
core   0: 3 0x8000f434 (0xbc3f2823) mem 0x80011000 0x00000001
core   0: 0x8000f438 (0x0000bfe5) c.j     pc - 8
core   0: 3 0x8000f438 (0xbfe5)
core   0: 0x8000f430 (0x00002f17) auipc   t5, 0x2
core   0: 3 0x8000f430 (0x00002f17) x30 0x80011430
core   0: 0x8000f434 (0xbc3f2823) sw      gp, -1072(t5)
core   0: 3 0x8000f434 (0xbc3f2823) mem 0x80011000 0x00000001
core   0: 0x8000f438 (0x0000bfe5) c.j     pc - 8
core   0: 3 0x8000f438 (0xbfe5)
core   0: 0x8000f430 (0x00002f17) auipc   t5, 0x2
core   0: 3 0x8000f430 (0x00002f17) x30 0x80011430
core   0: 0x8000f434 (0xbc3f2823) sw      gp, -1072(t5)
core   0: 3 0x8000f434 (0xbc3f2823) mem 0x80011000 0x00000001
core   0: 0x8000f438 (0x0000bfe5) c.j     pc - 8
core   0: 3 0x8000f438 (0xbfe5)
core   0: 0x8000f430 (0x00002f17) auipc   t5, 0x2
core   0: 3 0x8000f430 (0x00002f17) x30 0x80011430
core   0: 0x8000f434 (0xbc3f2823) sw      gp, -1072(t5)
core   0: 3 0x8000f434 (0xbc3f2823) mem 0x80011000 0x00000001
core   0: 0x8000f438 (0x0000bfe5) c.j     pc - 8
core   0: 3 0x8000f438 (0xbfe5)
core   0: 0x8000f430 (0x00002f17) auipc   t5, 0x2
core   0: 3 0x8000f430 (0x00002f17) x30 0x80011430
core   0: 0x8000f434 (0xbc3f2823) sw      gp, -1072(t5)
core   0: 3 0x8000f434 (0xbc3f2823) mem 0x80011000 0x00000001
core   0: 0x8000f438 (0x0000bfe5) c.j     pc - 8
core   0: 3 0x8000f438 (0xbfe5)
core   0: 0x8000f430 (0x00002f17) auipc   t5, 0x2
core   0: 3 0x8000f430 (0x00002f17) x30 0x80011430
core   0: 0x8000f434 (0xbc3f2823) sw      gp, -1072(t5)
core   0: 3 0x8000f434 (0xbc3f2823) mem 0x80011000 0x00000001
core   0: 0x8000f438 (0x0000bfe5) c.j     pc - 8
core   0: 3 0x8000f438 (0xbfe5)
core   0: 0x8000f430 (0x00002f17) auipc   t5, 0x2
core   0: 3 0x8000f430 (0x00002f17) x30 0x80011430
core   0: 0x8000f434 (0xbc3f2823) sw      gp, -1072(t5)
core   0: 3 0x8000f434 (0xbc3f2823) mem 0x80011000 0x00000001
core   0: 0x8000f438 (0x0000bfe5) c.j     pc - 8
core   0: 3 0x8000f438 (0xbfe5)
core   0: 0x8000f430 (0x00002f17) auipc   t5, 0x2
core   0: 3 0x8000f430 (0x00002f17) x30 0x80011430
core   0: 0x8000f434 (0xbc3f2823) sw      gp, -1072(t5)
core   0: 3 0x8000f434 (0xbc3f2823) mem 0x80011000 0x00000001
core   0: 0x8000f438 (0x0000bfe5) c.j     pc - 8
core   0: 3 0x8000f438 (0xbfe5)
core   0: 0x8000f430 (0x00002f17) auipc   t5, 0x2
core   0: 3 0x8000f430 (0x00002f17) x30 0x80011430
core   0: 0x8000f434 (0xbc3f2823) sw      gp, -1072(t5)
core   0: 3 0x8000f434 (0xbc3f2823) mem 0x80011000 0x00000001
core   0: 0x8000f438 (0x0000bfe5) c.j     pc - 8
core   0: 3 0x8000f438 (0xbfe5)
core   0: 0x8000f430 (0x00002f17) auipc   t5, 0x2
core   0: 3 0x8000f430 (0x00002f17) x30 0x80011430
core   0: 0x8000f434 (0xbc3f2823) sw      gp, -1072(t5)
core   0: 3 0x8000f434 (0xbc3f2823) mem 0x80011000 0x00000001
core   0: 0x8000f438 (0x0000bfe5) c.j     pc - 8
core   0: 3 0x8000f438 (0xbfe5)
core   0: 0x8000f430 (0x00002f17) auipc   t5, 0x2
core   0: 3 0x8000f430 (0x00002f17) x30 0x80011430
core   0: 0x8000f434 (0xbc3f2823) sw      gp, -1072(t5)
core   0: 3 0x8000f434 (0xbc3f2823) mem 0x80011000 0x00000001
core   0: 0x8000f438 (0x0000bfe5) c.j     pc - 8
core   0: 3 0x8000f438 (0xbfe5)
core   0: 0x8000f430 (0x00002f17) auipc   t5, 0x2
core   0: 3 0x8000f430 (0x00002f17) x30 0x80011430
core   0: 0x8000f434 (0xbc3f2823) sw      gp, -1072(t5)
core   0: 3 0x8000f434 (0xbc3f2823) mem 0x80011000 0x00000001
core   0: 0x8000f438 (0x0000bfe5) c.j     pc - 8
core   0: 3 0x8000f438 (0xbfe5)
core   0: 0x8000f430 (0x00002f17) auipc   t5, 0x2
core   0: 3 0x8000f430 (0x00002f17) x30 0x80011430
core   0: 0x8000f434 (0xbc3f2823) sw      gp, -1072(t5)
core   0: 3 0x8000f434 (0xbc3f2823) mem 0x80011000 0x00000001
core   0: 0x8000f438 (0x0000bfe5) c.j     pc - 8
core   0: 3 0x8000f438 (0xbfe5)
core   0: 0x8000f430 (0x00002f17) auipc   t5, 0x2
core   0: 3 0x8000f430 (0x00002f17) x30 0x80011430
core   0: 0x8000f434 (0xbc3f2823) sw      gp, -1072(t5)
core   0: 3 0x8000f434 (0xbc3f2823) mem 0x80011000 0x00000001
core   0: 0x8000f438 (0x0000bfe5) c.j     pc - 8
core   0: 3 0x8000f438 (0xbfe5)
core   0: 0x8000f430 (0x00002f17) auipc   t5, 0x2
core   0: 3 0x8000f430 (0x00002f17) x30 0x80011430
core   0: 0x8000f434 (0xbc3f2823) sw      gp, -1072(t5)
core   0: 3 0x8000f434 (0xbc3f2823) mem 0x80011000 0x00000001
core   0: 0x8000f438 (0x0000bfe5) c.j     pc - 8
core   0: 3 0x8000f438 (0xbfe5)
core   0: 0x8000f430 (0x00002f17) auipc   t5, 0x2
core   0: 3 0x8000f430 (0x00002f17) x30 0x80011430
core   0: 0x8000f434 (0xbc3f2823) sw      gp, -1072(t5)
core   0: 3 0x8000f434 (0xbc3f2823) mem 0x80011000 0x00000001
core   0: 0x8000f438 (0x0000bfe5) c.j     pc - 8
core   0: 3 0x8000f438 (0xbfe5)
core   0: 0x8000f430 (0x00002f17) auipc   t5, 0x2
core   0: 3 0x8000f430 (0x00002f17) x30 0x80011430
core   0: 0x8000f434 (0xbc3f2823) sw      gp, -1072(t5)
core   0: 3 0x8000f434 (0xbc3f2823) mem 0x80011000 0x00000001
core   0: 0x8000f438 (0x0000bfe5) c.j     pc - 8
core   0: 3 0x8000f438 (0xbfe5)
core   0: 0x8000f430 (0x00002f17) auipc   t5, 0x2
core   0: 3 0x8000f430 (0x00002f17) x30 0x80011430
core   0: 0x8000f434 (0xbc3f2823) sw      gp, -1072(t5)
core   0: 3 0x8000f434 (0xbc3f2823) mem 0x80011000 0x00000001
core   0: 0x8000f438 (0x0000bfe5) c.j     pc - 8
core   0: 3 0x8000f438 (0xbfe5)
core   0: 0x8000f430 (0x00002f17) auipc   t5, 0x2
core   0: 3 0x8000f430 (0x00002f17) x30 0x80011430
core   0: 0x8000f434 (0xbc3f2823) sw      gp, -1072(t5)
core   0: 3 0x8000f434 (0xbc3f2823) mem 0x80011000 0x00000001
core   0: 0x8000f438 (0x0000bfe5) c.j     pc - 8
core   0: 3 0x8000f438 (0xbfe5)
core   0: 0x8000f430 (0x00002f17) auipc   t5, 0x2
core   0: 3 0x8000f430 (0x00002f17) x30 0x80011430
core   0: 0x8000f434 (0xbc3f2823) sw      gp, -1072(t5)
core   0: 3 0x8000f434 (0xbc3f2823) mem 0x80011000 0x00000001
core   0: 0x8000f438 (0x0000bfe5) c.j     pc - 8
core   0: 3 0x8000f438 (0xbfe5)
core   0: 0x8000f430 (0x00002f17) auipc   t5, 0x2
core   0: 3 0x8000f430 (0x00002f17) x30 0x80011430
core   0: 0x8000f434 (0xbc3f2823) sw      gp, -1072(t5)
core   0: 3 0x8000f434 (0xbc3f2823) mem 0x80011000 0x00000001
core   0: 0x8000f438 (0x0000bfe5) c.j     pc - 8
core   0: 3 0x8000f438 (0xbfe5)
core   0: 0x8000f430 (0x00002f17) auipc   t5, 0x2
core   0: 3 0x8000f430 (0x00002f17) x30 0x80011430
core   0: 0x8000f434 (0xbc3f2823) sw      gp, -1072(t5)
core   0: 3 0x8000f434 (0xbc3f2823) mem 0x80011000 0x00000001
core   0: 0x8000f438 (0x0000bfe5) c.j     pc - 8
core   0: 3 0x8000f438 (0xbfe5)
core   0: 0x8000f430 (0x00002f17) auipc   t5, 0x2
core   0: 3 0x8000f430 (0x00002f17) x30 0x80011430
core   0: 0x8000f434 (0xbc3f2823) sw      gp, -1072(t5)
core   0: 3 0x8000f434 (0xbc3f2823) mem 0x80011000 0x00000001
core   0: 0x8000f438 (0x0000bfe5) c.j     pc - 8
core   0: 3 0x8000f438 (0xbfe5)
core   0: 0x8000f430 (0x00002f17) auipc   t5, 0x2
core   0: 3 0x8000f430 (0x00002f17) x30 0x80011430
core   0: 0x8000f434 (0xbc3f2823) sw      gp, -1072(t5)
core   0: 3 0x8000f434 (0xbc3f2823) mem 0x80011000 0x00000001
core   0: 0x8000f438 (0x0000bfe5) c.j     pc - 8
core   0: 3 0x8000f438 (0xbfe5)
core   0: 0x8000f430 (0x00002f17) auipc   t5, 0x2
core   0: 3 0x8000f430 (0x00002f17) x30 0x80011430
core   0: 0x8000f434 (0xbc3f2823) sw      gp, -1072(t5)
core   0: 3 0x8000f434 (0xbc3f2823) mem 0x80011000 0x00000001
core   0: 0x8000f438 (0x0000bfe5) c.j     pc - 8
core   0: 3 0x8000f438 (0xbfe5)
core   0: 0x8000f430 (0x00002f17) auipc   t5, 0x2
core   0: 3 0x8000f430 (0x00002f17) x30 0x80011430
core   0: 0x8000f434 (0xbc3f2823) sw      gp, -1072(t5)
core   0: 3 0x8000f434 (0xbc3f2823) mem 0x80011000 0x00000001
core   0: 0x8000f438 (0x0000bfe5) c.j     pc - 8
core   0: 3 0x8000f438 (0xbfe5)
core   0: 0x8000f430 (0x00002f17) auipc   t5, 0x2
core   0: 3 0x8000f430 (0x00002f17) x30 0x80011430
core   0: 0x8000f434 (0xbc3f2823) sw      gp, -1072(t5)
core   0: 3 0x8000f434 (0xbc3f2823) mem 0x80011000 0x00000001
core   0: 0x8000f438 (0x0000bfe5) c.j     pc - 8
core   0: 3 0x8000f438 (0xbfe5)
core   0: 0x8000f430 (0x00002f17) auipc   t5, 0x2
core   0: 3 0x8000f430 (0x00002f17) x30 0x80011430
core   0: 0x8000f434 (0xbc3f2823) sw      gp, -1072(t5)
core   0: 3 0x8000f434 (0xbc3f2823) mem 0x80011000 0x00000001
core   0: 0x8000f438 (0x0000bfe5) c.j     pc - 8
core   0: 3 0x8000f438 (0xbfe5)
core   0: 0x8000f430 (0x00002f17) auipc   t5, 0x2
core   0: 3 0x8000f430 (0x00002f17) x30 0x80011430
core   0: 0x8000f434 (0xbc3f2823) sw      gp, -1072(t5)
core   0: 3 0x8000f434 (0xbc3f2823) mem 0x80011000 0x00000001
core   0: 0x8000f438 (0x0000bfe5) c.j     pc - 8
core   0: 3 0x8000f438 (0xbfe5)
core   0: 0x8000f430 (0x00002f17) auipc   t5, 0x2
core   0: 3 0x8000f430 (0x00002f17) x30 0x80011430
core   0: 0x8000f434 (0xbc3f2823) sw      gp, -1072(t5)
core   0: 3 0x8000f434 (0xbc3f2823) mem 0x80011000 0x00000001
core   0: 0x8000f438 (0x0000bfe5) c.j     pc - 8
core   0: 3 0x8000f438 (0xbfe5)
core   0: 0x8000f430 (0x00002f17) auipc   t5, 0x2
core   0: 3 0x8000f430 (0x00002f17) x30 0x80011430
core   0: 0x8000f434 (0xbc3f2823) sw      gp, -1072(t5)
core   0: 3 0x8000f434 (0xbc3f2823) mem 0x80011000 0x00000001
core   0: 0x8000f438 (0x0000bfe5) c.j     pc - 8
core   0: 3 0x8000f438 (0xbfe5)
core   0: 0x8000f430 (0x00002f17) auipc   t5, 0x2
core   0: 3 0x8000f430 (0x00002f17) x30 0x80011430
core   0: 0x8000f434 (0xbc3f2823) sw      gp, -1072(t5)
core   0: 3 0x8000f434 (0xbc3f2823) mem 0x80011000 0x00000001
core   0: 0x8000f438 (0x0000bfe5) c.j     pc - 8
core   0: 3 0x8000f438 (0xbfe5)
core   0: 0x8000f430 (0x00002f17) auipc   t5, 0x2
core   0: 3 0x8000f430 (0x00002f17) x30 0x80011430
core   0: 0x8000f434 (0xbc3f2823) sw      gp, -1072(t5)
core   0: 3 0x8000f434 (0xbc3f2823) mem 0x80011000 0x00000001
core   0: 0x8000f438 (0x0000bfe5) c.j     pc - 8
core   0: 3 0x8000f438 (0xbfe5)
core   0: 0x8000f430 (0x00002f17) auipc   t5, 0x2
core   0: 3 0x8000f430 (0x00002f17) x30 0x80011430
core   0: 0x8000f434 (0xbc3f2823) sw      gp, -1072(t5)
core   0: 3 0x8000f434 (0xbc3f2823) mem 0x80011000 0x00000001
core   0: 0x8000f438 (0x0000bfe5) c.j     pc - 8
core   0: 3 0x8000f438 (0xbfe5)
core   0: 0x8000f430 (0x00002f17) auipc   t5, 0x2
core   0: 3 0x8000f430 (0x00002f17) x30 0x80011430
core   0: 0x8000f434 (0xbc3f2823) sw      gp, -1072(t5)
core   0: 3 0x8000f434 (0xbc3f2823) mem 0x80011000 0x00000001
core   0: 0x8000f438 (0x0000bfe5) c.j     pc - 8
core   0: 3 0x8000f438 (0xbfe5)
core   0: 0x8000f430 (0x00002f17) auipc   t5, 0x2
core   0: 3 0x8000f430 (0x00002f17) x30 0x80011430
core   0: 0x8000f434 (0xbc3f2823) sw      gp, -1072(t5)
core   0: 3 0x8000f434 (0xbc3f2823) mem 0x80011000 0x00000001
core   0: 0x8000f438 (0x0000bfe5) c.j     pc - 8
core   0: 3 0x8000f438 (0xbfe5)
core   0: 0x8000f430 (0x00002f17) auipc   t5, 0x2
core   0: 3 0x8000f430 (0x00002f17) x30 0x80011430
core   0: 0x8000f434 (0xbc3f2823) sw      gp, -1072(t5)
core   0: 3 0x8000f434 (0xbc3f2823) mem 0x80011000 0x00000001
core   0: 0x8000f438 (0x0000bfe5) c.j     pc - 8
core   0: 3 0x8000f438 (0xbfe5)
core   0: 0x8000f430 (0x00002f17) auipc   t5, 0x2
core   0: 3 0x8000f430 (0x00002f17) x30 0x80011430
core   0: 0x8000f434 (0xbc3f2823) sw      gp, -1072(t5)
core   0: 3 0x8000f434 (0xbc3f2823) mem 0x80011000 0x00000001
core   0: 0x8000f438 (0x0000bfe5) c.j     pc - 8
core   0: 3 0x8000f438 (0xbfe5)
core   0: 0x8000f430 (0x00002f17) auipc   t5, 0x2
core   0: 3 0x8000f430 (0x00002f17) x30 0x80011430
core   0: 0x8000f434 (0xbc3f2823) sw      gp, -1072(t5)
core   0: 3 0x8000f434 (0xbc3f2823) mem 0x80011000 0x00000001
core   0: 0x8000f438 (0x0000bfe5) c.j     pc - 8
core   0: 3 0x8000f438 (0xbfe5)
core   0: 0x8000f430 (0x00002f17) auipc   t5, 0x2
core   0: 3 0x8000f430 (0x00002f17) x30 0x80011430
core   0: 0x8000f434 (0xbc3f2823) sw      gp, -1072(t5)
core   0: 3 0x8000f434 (0xbc3f2823) mem 0x80011000 0x00000001
core   0: 0x8000f438 (0x0000bfe5) c.j     pc - 8
core   0: 3 0x8000f438 (0xbfe5)
core   0: 0x8000f430 (0x00002f17) auipc   t5, 0x2
core   0: 3 0x8000f430 (0x00002f17) x30 0x80011430
core   0: 0x8000f434 (0xbc3f2823) sw      gp, -1072(t5)
core   0: 3 0x8000f434 (0xbc3f2823) mem 0x80011000 0x00000001
core   0: 0x8000f438 (0x0000bfe5) c.j     pc - 8
core   0: 3 0x8000f438 (0xbfe5)
core   0: 0x8000f430 (0x00002f17) auipc   t5, 0x2
core   0: 3 0x8000f430 (0x00002f17) x30 0x80011430
core   0: 0x8000f434 (0xbc3f2823) sw      gp, -1072(t5)
core   0: 3 0x8000f434 (0xbc3f2823) mem 0x80011000 0x00000001
core   0: 0x8000f438 (0x0000bfe5) c.j     pc - 8
core   0: 3 0x8000f438 (0xbfe5)
core   0: 0x8000f430 (0x00002f17) auipc   t5, 0x2
core   0: 3 0x8000f430 (0x00002f17) x30 0x80011430
core   0: 0x8000f434 (0xbc3f2823) sw      gp, -1072(t5)
core   0: 3 0x8000f434 (0xbc3f2823) mem 0x80011000 0x00000001
core   0: 0x8000f438 (0x0000bfe5) c.j     pc - 8
core   0: 3 0x8000f438 (0xbfe5)
core   0: 0x8000f430 (0x00002f17) auipc   t5, 0x2
core   0: 3 0x8000f430 (0x00002f17) x30 0x80011430
core   0: 0x8000f434 (0xbc3f2823) sw      gp, -1072(t5)
core   0: 3 0x8000f434 (0xbc3f2823) mem 0x80011000 0x00000001
core   0: 0x8000f438 (0x0000bfe5) c.j     pc - 8
core   0: 3 0x8000f438 (0xbfe5)
core   0: 0x8000f430 (0x00002f17) auipc   t5, 0x2
core   0: 3 0x8000f430 (0x00002f17) x30 0x80011430
core   0: 0x8000f434 (0xbc3f2823) sw      gp, -1072(t5)
core   0: 3 0x8000f434 (0xbc3f2823) mem 0x80011000 0x00000001
core   0: 0x8000f438 (0x0000bfe5) c.j     pc - 8
core   0: 3 0x8000f438 (0xbfe5)
core   0: 0x8000f430 (0x00002f17) auipc   t5, 0x2
core   0: 3 0x8000f430 (0x00002f17) x30 0x80011430
core   0: 0x8000f434 (0xbc3f2823) sw      gp, -1072(t5)
core   0: 3 0x8000f434 (0xbc3f2823) mem 0x80011000 0x00000001
core   0: 0x8000f438 (0x0000bfe5) c.j     pc - 8
core   0: 3 0x8000f438 (0xbfe5)
core   0: 0x8000f430 (0x00002f17) auipc   t5, 0x2
core   0: 3 0x8000f430 (0x00002f17) x30 0x80011430
core   0: 0x8000f434 (0xbc3f2823) sw      gp, -1072(t5)
core   0: 3 0x8000f434 (0xbc3f2823) mem 0x80011000 0x00000001
core   0: 0x8000f438 (0x0000bfe5) c.j     pc - 8
core   0: 3 0x8000f438 (0xbfe5)
core   0: 0x8000f430 (0x00002f17) auipc   t5, 0x2
core   0: 3 0x8000f430 (0x00002f17) x30 0x80011430
core   0: 0x8000f434 (0xbc3f2823) sw      gp, -1072(t5)
core   0: 3 0x8000f434 (0xbc3f2823) mem 0x80011000 0x00000001
core   0: 0x8000f438 (0x0000bfe5) c.j     pc - 8
core   0: 3 0x8000f438 (0xbfe5)
core   0: 0x8000f430 (0x00002f17) auipc   t5, 0x2
core   0: 3 0x8000f430 (0x00002f17) x30 0x80011430
core   0: 0x8000f434 (0xbc3f2823) sw      gp, -1072(t5)
core   0: 3 0x8000f434 (0xbc3f2823) mem 0x80011000 0x00000001
core   0: 0x8000f438 (0x0000bfe5) c.j     pc - 8
core   0: 3 0x8000f438 (0xbfe5)
core   0: 0x8000f430 (0x00002f17) auipc   t5, 0x2
core   0: 3 0x8000f430 (0x00002f17) x30 0x80011430
core   0: 0x8000f434 (0xbc3f2823) sw      gp, -1072(t5)
core   0: 3 0x8000f434 (0xbc3f2823) mem 0x80011000 0x00000001
core   0: 0x8000f438 (0x0000bfe5) c.j     pc - 8
core   0: 3 0x8000f438 (0xbfe5)
core   0: 0x8000f430 (0x00002f17) auipc   t5, 0x2
core   0: 3 0x8000f430 (0x00002f17) x30 0x80011430
core   0: 0x8000f434 (0xbc3f2823) sw      gp, -1072(t5)
core   0: 3 0x8000f434 (0xbc3f2823) mem 0x80011000 0x00000001
core   0: 0x8000f438 (0x0000bfe5) c.j     pc - 8
core   0: 3 0x8000f438 (0xbfe5)
core   0: 0x8000f430 (0x00002f17) auipc   t5, 0x2
core   0: 3 0x8000f430 (0x00002f17) x30 0x80011430
core   0: 0x8000f434 (0xbc3f2823) sw      gp, -1072(t5)
core   0: 3 0x8000f434 (0xbc3f2823) mem 0x80011000 0x00000001
core   0: 0x8000f438 (0x0000bfe5) c.j     pc - 8
core   0: 3 0x8000f438 (0xbfe5)
core   0: 0x8000f430 (0x00002f17) auipc   t5, 0x2
core   0: 3 0x8000f430 (0x00002f17) x30 0x80011430
core   0: 0x8000f434 (0xbc3f2823) sw      gp, -1072(t5)
core   0: 3 0x8000f434 (0xbc3f2823) mem 0x80011000 0x00000001
core   0: 0x8000f438 (0x0000bfe5) c.j     pc - 8
core   0: 3 0x8000f438 (0xbfe5)
core   0: 0x8000f430 (0x00002f17) auipc   t5, 0x2
core   0: 3 0x8000f430 (0x00002f17) x30 0x80011430
core   0: 0x8000f434 (0xbc3f2823) sw      gp, -1072(t5)
core   0: 3 0x8000f434 (0xbc3f2823) mem 0x80011000 0x00000001
core   0: 0x8000f438 (0x0000bfe5) c.j     pc - 8
core   0: 3 0x8000f438 (0xbfe5)
core   0: 0x8000f430 (0x00002f17) auipc   t5, 0x2
core   0: 3 0x8000f430 (0x00002f17) x30 0x80011430
core   0: 0x8000f434 (0xbc3f2823) sw      gp, -1072(t5)
core   0: 3 0x8000f434 (0xbc3f2823) mem 0x80011000 0x00000001
core   0: 0x8000f438 (0x0000bfe5) c.j     pc - 8
core   0: 3 0x8000f438 (0xbfe5)
core   0: 0x8000f430 (0x00002f17) auipc   t5, 0x2
core   0: 3 0x8000f430 (0x00002f17) x30 0x80011430
core   0: 0x8000f434 (0xbc3f2823) sw      gp, -1072(t5)
core   0: 3 0x8000f434 (0xbc3f2823) mem 0x80011000 0x00000001
core   0: 0x8000f438 (0x0000bfe5) c.j     pc - 8
core   0: 3 0x8000f438 (0xbfe5)
core   0: 0x8000f430 (0x00002f17) auipc   t5, 0x2
core   0: 3 0x8000f430 (0x00002f17) x30 0x80011430
core   0: 0x8000f434 (0xbc3f2823) sw      gp, -1072(t5)
core   0: 3 0x8000f434 (0xbc3f2823) mem 0x80011000 0x00000001
core   0: 0x8000f438 (0x0000bfe5) c.j     pc - 8
core   0: 3 0x8000f438 (0xbfe5)
core   0: 0x8000f430 (0x00002f17) auipc   t5, 0x2
core   0: 3 0x8000f430 (0x00002f17) x30 0x80011430
core   0: 0x8000f434 (0xbc3f2823) sw      gp, -1072(t5)
core   0: 3 0x8000f434 (0xbc3f2823) mem 0x80011000 0x00000001
core   0: 0x8000f438 (0x0000bfe5) c.j     pc - 8
core   0: 3 0x8000f438 (0xbfe5)
core   0: 0x8000f430 (0x00002f17) auipc   t5, 0x2
core   0: 3 0x8000f430 (0x00002f17) x30 0x80011430
core   0: 0x8000f434 (0xbc3f2823) sw      gp, -1072(t5)
core   0: 3 0x8000f434 (0xbc3f2823) mem 0x80011000 0x00000001
core   0: 0x8000f438 (0x0000bfe5) c.j     pc - 8
core   0: 3 0x8000f438 (0xbfe5)
core   0: 0x8000f430 (0x00002f17) auipc   t5, 0x2
core   0: 3 0x8000f430 (0x00002f17) x30 0x80011430
core   0: 0x8000f434 (0xbc3f2823) sw      gp, -1072(t5)
core   0: 3 0x8000f434 (0xbc3f2823) mem 0x80011000 0x00000001
core   0: 0x8000f438 (0x0000bfe5) c.j     pc - 8
core   0: 3 0x8000f438 (0xbfe5)
core   0: 0x8000f430 (0x00002f17) auipc   t5, 0x2
core   0: 3 0x8000f430 (0x00002f17) x30 0x80011430
core   0: 0x8000f434 (0xbc3f2823) sw      gp, -1072(t5)
core   0: 3 0x8000f434 (0xbc3f2823) mem 0x80011000 0x00000001
core   0: 0x8000f438 (0x0000bfe5) c.j     pc - 8
core   0: 3 0x8000f438 (0xbfe5)
core   0: 0x8000f430 (0x00002f17) auipc   t5, 0x2
core   0: 3 0x8000f430 (0x00002f17) x30 0x80011430
core   0: 0x8000f434 (0xbc3f2823) sw      gp, -1072(t5)
core   0: 3 0x8000f434 (0xbc3f2823) mem 0x80011000 0x00000001
core   0: 0x8000f438 (0x0000bfe5) c.j     pc - 8
core   0: 3 0x8000f438 (0xbfe5)
core   0: 0x8000f430 (0x00002f17) auipc   t5, 0x2
core   0: 3 0x8000f430 (0x00002f17) x30 0x80011430
core   0: 0x8000f434 (0xbc3f2823) sw      gp, -1072(t5)
core   0: 3 0x8000f434 (0xbc3f2823) mem 0x80011000 0x00000001
core   0: 0x8000f438 (0x0000bfe5) c.j     pc - 8
core   0: 3 0x8000f438 (0xbfe5)
core   0: 0x8000f430 (0x00002f17) auipc   t5, 0x2
core   0: 3 0x8000f430 (0x00002f17) x30 0x80011430
core   0: 0x8000f434 (0xbc3f2823) sw      gp, -1072(t5)
core   0: 3 0x8000f434 (0xbc3f2823) mem 0x80011000 0x00000001
core   0: 0x8000f438 (0x0000bfe5) c.j     pc - 8
core   0: 3 0x8000f438 (0xbfe5)
core   0: 0x8000f430 (0x00002f17) auipc   t5, 0x2
core   0: 3 0x8000f430 (0x00002f17) x30 0x80011430
core   0: 0x8000f434 (0xbc3f2823) sw      gp, -1072(t5)
core   0: 3 0x8000f434 (0xbc3f2823) mem 0x80011000 0x00000001
core   0: 0x8000f438 (0x0000bfe5) c.j     pc - 8
core   0: 3 0x8000f438 (0xbfe5)
core   0: 0x8000f430 (0x00002f17) auipc   t5, 0x2
core   0: 3 0x8000f430 (0x00002f17) x30 0x80011430
core   0: 0x8000f434 (0xbc3f2823) sw      gp, -1072(t5)
core   0: 3 0x8000f434 (0xbc3f2823) mem 0x80011000 0x00000001
core   0: 0x8000f438 (0x0000bfe5) c.j     pc - 8
core   0: 3 0x8000f438 (0xbfe5)
core   0: 0x8000f430 (0x00002f17) auipc   t5, 0x2
core   0: 3 0x8000f430 (0x00002f17) x30 0x80011430
core   0: 0x8000f434 (0xbc3f2823) sw      gp, -1072(t5)
core   0: 3 0x8000f434 (0xbc3f2823) mem 0x80011000 0x00000001
core   0: 0x8000f438 (0x0000bfe5) c.j     pc - 8
core   0: 3 0x8000f438 (0xbfe5)
core   0: 0x8000f430 (0x00002f17) auipc   t5, 0x2
core   0: 3 0x8000f430 (0x00002f17) x30 0x80011430
core   0: 0x8000f434 (0xbc3f2823) sw      gp, -1072(t5)
core   0: 3 0x8000f434 (0xbc3f2823) mem 0x80011000 0x00000001
core   0: 0x8000f438 (0x0000bfe5) c.j     pc - 8
core   0: 3 0x8000f438 (0xbfe5)
core   0: 0x8000f430 (0x00002f17) auipc   t5, 0x2
core   0: 3 0x8000f430 (0x00002f17) x30 0x80011430
core   0: 0x8000f434 (0xbc3f2823) sw      gp, -1072(t5)
core   0: 3 0x8000f434 (0xbc3f2823) mem 0x80011000 0x00000001
core   0: 0x8000f438 (0x0000bfe5) c.j     pc - 8
core   0: 3 0x8000f438 (0xbfe5)
core   0: 0x8000f430 (0x00002f17) auipc   t5, 0x2
core   0: 3 0x8000f430 (0x00002f17) x30 0x80011430
core   0: 0x8000f434 (0xbc3f2823) sw      gp, -1072(t5)
core   0: 3 0x8000f434 (0xbc3f2823) mem 0x80011000 0x00000001
core   0: 0x8000f438 (0x0000bfe5) c.j     pc - 8
core   0: 3 0x8000f438 (0xbfe5)
core   0: 0x8000f430 (0x00002f17) auipc   t5, 0x2
core   0: 3 0x8000f430 (0x00002f17) x30 0x80011430
core   0: 0x8000f434 (0xbc3f2823) sw      gp, -1072(t5)
core   0: 3 0x8000f434 (0xbc3f2823) mem 0x80011000 0x00000001
core   0: 0x8000f438 (0x0000bfe5) c.j     pc - 8
core   0: 3 0x8000f438 (0xbfe5)
core   0: 0x8000f430 (0x00002f17) auipc   t5, 0x2
core   0: 3 0x8000f430 (0x00002f17) x30 0x80011430
core   0: 0x8000f434 (0xbc3f2823) sw      gp, -1072(t5)
core   0: 3 0x8000f434 (0xbc3f2823) mem 0x80011000 0x00000001
core   0: 0x8000f438 (0x0000bfe5) c.j     pc - 8
core   0: 3 0x8000f438 (0xbfe5)
core   0: 0x8000f430 (0x00002f17) auipc   t5, 0x2
core   0: 3 0x8000f430 (0x00002f17) x30 0x80011430
core   0: 0x8000f434 (0xbc3f2823) sw      gp, -1072(t5)
core   0: 3 0x8000f434 (0xbc3f2823) mem 0x80011000 0x00000001
core   0: 0x8000f438 (0x0000bfe5) c.j     pc - 8
core   0: 3 0x8000f438 (0xbfe5)
core   0: 0x8000f430 (0x00002f17) auipc   t5, 0x2
core   0: 3 0x8000f430 (0x00002f17) x30 0x80011430
core   0: 0x8000f434 (0xbc3f2823) sw      gp, -1072(t5)
core   0: 3 0x8000f434 (0xbc3f2823) mem 0x80011000 0x00000001
core   0: 0x8000f438 (0x0000bfe5) c.j     pc - 8
core   0: 3 0x8000f438 (0xbfe5)
core   0: 0x8000f430 (0x00002f17) auipc   t5, 0x2
core   0: 3 0x8000f430 (0x00002f17) x30 0x80011430
core   0: 0x8000f434 (0xbc3f2823) sw      gp, -1072(t5)
core   0: 3 0x8000f434 (0xbc3f2823) mem 0x80011000 0x00000001
core   0: 0x8000f438 (0x0000bfe5) c.j     pc - 8
core   0: 3 0x8000f438 (0xbfe5)
core   0: 0x8000f430 (0x00002f17) auipc   t5, 0x2
core   0: 3 0x8000f430 (0x00002f17) x30 0x80011430
core   0: 0x8000f434 (0xbc3f2823) sw      gp, -1072(t5)
core   0: 3 0x8000f434 (0xbc3f2823) mem 0x80011000 0x00000001
core   0: 0x8000f438 (0x0000bfe5) c.j     pc - 8
core   0: 3 0x8000f438 (0xbfe5)
core   0: 0x8000f430 (0x00002f17) auipc   t5, 0x2
core   0: 3 0x8000f430 (0x00002f17) x30 0x80011430
core   0: 0x8000f434 (0xbc3f2823) sw      gp, -1072(t5)
core   0: 3 0x8000f434 (0xbc3f2823) mem 0x80011000 0x00000001
core   0: 0x8000f438 (0x0000bfe5) c.j     pc - 8
core   0: 3 0x8000f438 (0xbfe5)
core   0: 0x8000f430 (0x00002f17) auipc   t5, 0x2
core   0: 3 0x8000f430 (0x00002f17) x30 0x80011430
core   0: 0x8000f434 (0xbc3f2823) sw      gp, -1072(t5)
core   0: 3 0x8000f434 (0xbc3f2823) mem 0x80011000 0x00000001
core   0: 0x8000f438 (0x0000bfe5) c.j     pc - 8
core   0: 3 0x8000f438 (0xbfe5)
core   0: 0x8000f430 (0x00002f17) auipc   t5, 0x2
core   0: 3 0x8000f430 (0x00002f17) x30 0x80011430
core   0: 0x8000f434 (0xbc3f2823) sw      gp, -1072(t5)
core   0: 3 0x8000f434 (0xbc3f2823) mem 0x80011000 0x00000001
core   0: 0x8000f438 (0x0000bfe5) c.j     pc - 8
core   0: 3 0x8000f438 (0xbfe5)
core   0: 0x8000f430 (0x00002f17) auipc   t5, 0x2
core   0: 3 0x8000f430 (0x00002f17) x30 0x80011430
core   0: 0x8000f434 (0xbc3f2823) sw      gp, -1072(t5)
core   0: 3 0x8000f434 (0xbc3f2823) mem 0x80011000 0x00000001
core   0: 0x8000f438 (0x0000bfe5) c.j     pc - 8
core   0: 3 0x8000f438 (0xbfe5)
core   0: 0x8000f430 (0x00002f17) auipc   t5, 0x2
core   0: 3 0x8000f430 (0x00002f17) x30 0x80011430
core   0: 0x8000f434 (0xbc3f2823) sw      gp, -1072(t5)
core   0: 3 0x8000f434 (0xbc3f2823) mem 0x80011000 0x00000001
core   0: 0x8000f438 (0x0000bfe5) c.j     pc - 8
core   0: 3 0x8000f438 (0xbfe5)
core   0: 0x8000f430 (0x00002f17) auipc   t5, 0x2
core   0: 3 0x8000f430 (0x00002f17) x30 0x80011430
core   0: 0x8000f434 (0xbc3f2823) sw      gp, -1072(t5)
core   0: 3 0x8000f434 (0xbc3f2823) mem 0x80011000 0x00000001
core   0: 0x8000f438 (0x0000bfe5) c.j     pc - 8
core   0: 3 0x8000f438 (0xbfe5)
core   0: 0x8000f430 (0x00002f17) auipc   t5, 0x2
core   0: 3 0x8000f430 (0x00002f17) x30 0x80011430
core   0: 0x8000f434 (0xbc3f2823) sw      gp, -1072(t5)
core   0: 3 0x8000f434 (0xbc3f2823) mem 0x80011000 0x00000001
core   0: 0x8000f438 (0x0000bfe5) c.j     pc - 8
core   0: 3 0x8000f438 (0xbfe5)
core   0: 0x8000f430 (0x00002f17) auipc   t5, 0x2
core   0: 3 0x8000f430 (0x00002f17) x30 0x80011430
core   0: 0x8000f434 (0xbc3f2823) sw      gp, -1072(t5)
core   0: 3 0x8000f434 (0xbc3f2823) mem 0x80011000 0x00000001
core   0: 0x8000f438 (0x0000bfe5) c.j     pc - 8
core   0: 3 0x8000f438 (0xbfe5)
core   0: 0x8000f430 (0x00002f17) auipc   t5, 0x2
core   0: 3 0x8000f430 (0x00002f17) x30 0x80011430
core   0: 0x8000f434 (0xbc3f2823) sw      gp, -1072(t5)
core   0: 3 0x8000f434 (0xbc3f2823) mem 0x80011000 0x00000001
core   0: 0x8000f438 (0x0000bfe5) c.j     pc - 8
core   0: 3 0x8000f438 (0xbfe5)
core   0: 0x8000f430 (0x00002f17) auipc   t5, 0x2
core   0: 3 0x8000f430 (0x00002f17) x30 0x80011430
core   0: 0x8000f434 (0xbc3f2823) sw      gp, -1072(t5)
core   0: 3 0x8000f434 (0xbc3f2823) mem 0x80011000 0x00000001
core   0: 0x8000f438 (0x0000bfe5) c.j     pc - 8
core   0: 3 0x8000f438 (0xbfe5)
core   0: 0x8000f430 (0x00002f17) auipc   t5, 0x2
core   0: 3 0x8000f430 (0x00002f17) x30 0x80011430
core   0: 0x8000f434 (0xbc3f2823) sw      gp, -1072(t5)
core   0: 3 0x8000f434 (0xbc3f2823) mem 0x80011000 0x00000001
core   0: 0x8000f438 (0x0000bfe5) c.j     pc - 8
core   0: 3 0x8000f438 (0xbfe5)
core   0: 0x8000f430 (0x00002f17) auipc   t5, 0x2
core   0: 3 0x8000f430 (0x00002f17) x30 0x80011430
core   0: 0x8000f434 (0xbc3f2823) sw      gp, -1072(t5)
core   0: 3 0x8000f434 (0xbc3f2823) mem 0x80011000 0x00000001
core   0: 0x8000f438 (0x0000bfe5) c.j     pc - 8
core   0: 3 0x8000f438 (0xbfe5)
core   0: 0x8000f430 (0x00002f17) auipc   t5, 0x2
core   0: 3 0x8000f430 (0x00002f17) x30 0x80011430
core   0: 0x8000f434 (0xbc3f2823) sw      gp, -1072(t5)
core   0: 3 0x8000f434 (0xbc3f2823) mem 0x80011000 0x00000001
core   0: 0x8000f438 (0x0000bfe5) c.j     pc - 8
core   0: 3 0x8000f438 (0xbfe5)
core   0: 0x8000f430 (0x00002f17) auipc   t5, 0x2
core   0: 3 0x8000f430 (0x00002f17) x30 0x80011430
core   0: 0x8000f434 (0xbc3f2823) sw      gp, -1072(t5)
core   0: 3 0x8000f434 (0xbc3f2823) mem 0x80011000 0x00000001
core   0: 0x8000f438 (0x0000bfe5) c.j     pc - 8
core   0: 3 0x8000f438 (0xbfe5)
core   0: 0x8000f430 (0x00002f17) auipc   t5, 0x2
core   0: 3 0x8000f430 (0x00002f17) x30 0x80011430
core   0: 0x8000f434 (0xbc3f2823) sw      gp, -1072(t5)
core   0: 3 0x8000f434 (0xbc3f2823) mem 0x80011000 0x00000001
core   0: 0x8000f438 (0x0000bfe5) c.j     pc - 8
core   0: 3 0x8000f438 (0xbfe5)
core   0: 0x8000f430 (0x00002f17) auipc   t5, 0x2
core   0: 3 0x8000f430 (0x00002f17) x30 0x80011430
core   0: 0x8000f434 (0xbc3f2823) sw      gp, -1072(t5)
core   0: 3 0x8000f434 (0xbc3f2823) mem 0x80011000 0x00000001
core   0: 0x8000f438 (0x0000bfe5) c.j     pc - 8
core   0: 3 0x8000f438 (0xbfe5)
core   0: 0x8000f430 (0x00002f17) auipc   t5, 0x2
core   0: 3 0x8000f430 (0x00002f17) x30 0x80011430
core   0: 0x8000f434 (0xbc3f2823) sw      gp, -1072(t5)
core   0: 3 0x8000f434 (0xbc3f2823) mem 0x80011000 0x00000001
core   0: 0x8000f438 (0x0000bfe5) c.j     pc - 8
core   0: 3 0x8000f438 (0xbfe5)
core   0: 0x8000f430 (0x00002f17) auipc   t5, 0x2
core   0: 3 0x8000f430 (0x00002f17) x30 0x80011430
core   0: 0x8000f434 (0xbc3f2823) sw      gp, -1072(t5)
core   0: 3 0x8000f434 (0xbc3f2823) mem 0x80011000 0x00000001
core   0: 0x8000f438 (0x0000bfe5) c.j     pc - 8
core   0: 3 0x8000f438 (0xbfe5)
core   0: 0x8000f430 (0x00002f17) auipc   t5, 0x2
core   0: 3 0x8000f430 (0x00002f17) x30 0x80011430
core   0: 0x8000f434 (0xbc3f2823) sw      gp, -1072(t5)
core   0: 3 0x8000f434 (0xbc3f2823) mem 0x80011000 0x00000001
core   0: 0x8000f438 (0x0000bfe5) c.j     pc - 8
core   0: 3 0x8000f438 (0xbfe5)
core   0: 0x8000f430 (0x00002f17) auipc   t5, 0x2
core   0: 3 0x8000f430 (0x00002f17) x30 0x80011430
core   0: 0x8000f434 (0xbc3f2823) sw      gp, -1072(t5)
core   0: 3 0x8000f434 (0xbc3f2823) mem 0x80011000 0x00000001
core   0: 0x8000f438 (0x0000bfe5) c.j     pc - 8
core   0: 3 0x8000f438 (0xbfe5)
core   0: 0x8000f430 (0x00002f17) auipc   t5, 0x2
core   0: 3 0x8000f430 (0x00002f17) x30 0x80011430
core   0: 0x8000f434 (0xbc3f2823) sw      gp, -1072(t5)
core   0: 3 0x8000f434 (0xbc3f2823) mem 0x80011000 0x00000001
core   0: 0x8000f438 (0x0000bfe5) c.j     pc - 8
core   0: 3 0x8000f438 (0xbfe5)
core   0: 0x8000f430 (0x00002f17) auipc   t5, 0x2
core   0: 3 0x8000f430 (0x00002f17) x30 0x80011430
core   0: 0x8000f434 (0xbc3f2823) sw      gp, -1072(t5)
core   0: 3 0x8000f434 (0xbc3f2823) mem 0x80011000 0x00000001
core   0: 0x8000f438 (0x0000bfe5) c.j     pc - 8
core   0: 3 0x8000f438 (0xbfe5)
core   0: 0x8000f430 (0x00002f17) auipc   t5, 0x2
core   0: 3 0x8000f430 (0x00002f17) x30 0x80011430
core   0: 0x8000f434 (0xbc3f2823) sw      gp, -1072(t5)
core   0: 3 0x8000f434 (0xbc3f2823) mem 0x80011000 0x00000001
core   0: 0x8000f438 (0x0000bfe5) c.j     pc - 8
core   0: 3 0x8000f438 (0xbfe5)
core   0: 0x8000f430 (0x00002f17) auipc   t5, 0x2
core   0: 3 0x8000f430 (0x00002f17) x30 0x80011430
core   0: 0x8000f434 (0xbc3f2823) sw      gp, -1072(t5)
core   0: 3 0x8000f434 (0xbc3f2823) mem 0x80011000 0x00000001
core   0: 0x8000f438 (0x0000bfe5) c.j     pc - 8
core   0: 3 0x8000f438 (0xbfe5)
core   0: 0x8000f430 (0x00002f17) auipc   t5, 0x2
core   0: 3 0x8000f430 (0x00002f17) x30 0x80011430
core   0: 0x8000f434 (0xbc3f2823) sw      gp, -1072(t5)
core   0: 3 0x8000f434 (0xbc3f2823) mem 0x80011000 0x00000001
core   0: 0x8000f438 (0x0000bfe5) c.j     pc - 8
core   0: 3 0x8000f438 (0xbfe5)
core   0: 0x8000f430 (0x00002f17) auipc   t5, 0x2
core   0: 3 0x8000f430 (0x00002f17) x30 0x80011430
core   0: 0x8000f434 (0xbc3f2823) sw      gp, -1072(t5)
core   0: 3 0x8000f434 (0xbc3f2823) mem 0x80011000 0x00000001
core   0: 0x8000f438 (0x0000bfe5) c.j     pc - 8
core   0: 3 0x8000f438 (0xbfe5)
core   0: 0x8000f430 (0x00002f17) auipc   t5, 0x2
core   0: 3 0x8000f430 (0x00002f17) x30 0x80011430
core   0: 0x8000f434 (0xbc3f2823) sw      gp, -1072(t5)
core   0: 3 0x8000f434 (0xbc3f2823) mem 0x80011000 0x00000001
core   0: 0x8000f438 (0x0000bfe5) c.j     pc - 8
core   0: 3 0x8000f438 (0xbfe5)
core   0: 0x8000f430 (0x00002f17) auipc   t5, 0x2
core   0: 3 0x8000f430 (0x00002f17) x30 0x80011430
core   0: 0x8000f434 (0xbc3f2823) sw      gp, -1072(t5)
core   0: 3 0x8000f434 (0xbc3f2823) mem 0x80011000 0x00000001
core   0: 0x8000f438 (0x0000bfe5) c.j     pc - 8
core   0: 3 0x8000f438 (0xbfe5)
core   0: 0x8000f430 (0x00002f17) auipc   t5, 0x2
core   0: 3 0x8000f430 (0x00002f17) x30 0x80011430
core   0: 0x8000f434 (0xbc3f2823) sw      gp, -1072(t5)
core   0: 3 0x8000f434 (0xbc3f2823) mem 0x80011000 0x00000001
core   0: 0x8000f438 (0x0000bfe5) c.j     pc - 8
core   0: 3 0x8000f438 (0xbfe5)
core   0: 0x8000f430 (0x00002f17) auipc   t5, 0x2
core   0: 3 0x8000f430 (0x00002f17) x30 0x80011430
core   0: 0x8000f434 (0xbc3f2823) sw      gp, -1072(t5)
core   0: 3 0x8000f434 (0xbc3f2823) mem 0x80011000 0x00000001
core   0: 0x8000f438 (0x0000bfe5) c.j     pc - 8
core   0: 3 0x8000f438 (0xbfe5)
core   0: 0x8000f430 (0x00002f17) auipc   t5, 0x2
core   0: 3 0x8000f430 (0x00002f17) x30 0x80011430
core   0: 0x8000f434 (0xbc3f2823) sw      gp, -1072(t5)
core   0: 3 0x8000f434 (0xbc3f2823) mem 0x80011000 0x00000001
core   0: 0x8000f438 (0x0000bfe5) c.j     pc - 8
core   0: 3 0x8000f438 (0xbfe5)
core   0: 0x8000f430 (0x00002f17) auipc   t5, 0x2
core   0: 3 0x8000f430 (0x00002f17) x30 0x80011430
core   0: 0x8000f434 (0xbc3f2823) sw      gp, -1072(t5)
core   0: 3 0x8000f434 (0xbc3f2823) mem 0x80011000 0x00000001
core   0: 0x8000f438 (0x0000bfe5) c.j     pc - 8
core   0: 3 0x8000f438 (0xbfe5)
core   0: 0x8000f430 (0x00002f17) auipc   t5, 0x2
core   0: 3 0x8000f430 (0x00002f17) x30 0x80011430
core   0: 0x8000f434 (0xbc3f2823) sw      gp, -1072(t5)
core   0: 3 0x8000f434 (0xbc3f2823) mem 0x80011000 0x00000001
core   0: 0x8000f438 (0x0000bfe5) c.j     pc - 8
core   0: 3 0x8000f438 (0xbfe5)
core   0: 0x8000f430 (0x00002f17) auipc   t5, 0x2
core   0: 3 0x8000f430 (0x00002f17) x30 0x80011430
core   0: 0x8000f434 (0xbc3f2823) sw      gp, -1072(t5)
core   0: 3 0x8000f434 (0xbc3f2823) mem 0x80011000 0x00000001
core   0: 0x8000f438 (0x0000bfe5) c.j     pc - 8
core   0: 3 0x8000f438 (0xbfe5)
core   0: 0x8000f430 (0x00002f17) auipc   t5, 0x2
core   0: 3 0x8000f430 (0x00002f17) x30 0x80011430
core   0: 0x8000f434 (0xbc3f2823) sw      gp, -1072(t5)
core   0: 3 0x8000f434 (0xbc3f2823) mem 0x80011000 0x00000001
core   0: 0x8000f438 (0x0000bfe5) c.j     pc - 8
core   0: 3 0x8000f438 (0xbfe5)
core   0: 0x8000f430 (0x00002f17) auipc   t5, 0x2
core   0: 3 0x8000f430 (0x00002f17) x30 0x80011430
core   0: 0x8000f434 (0xbc3f2823) sw      gp, -1072(t5)
core   0: 3 0x8000f434 (0xbc3f2823) mem 0x80011000 0x00000001
core   0: 0x8000f438 (0x0000bfe5) c.j     pc - 8
core   0: 3 0x8000f438 (0xbfe5)
core   0: 0x8000f430 (0x00002f17) auipc   t5, 0x2
core   0: 3 0x8000f430 (0x00002f17) x30 0x80011430
core   0: 0x8000f434 (0xbc3f2823) sw      gp, -1072(t5)
core   0: 3 0x8000f434 (0xbc3f2823) mem 0x80011000 0x00000001
core   0: 0x8000f438 (0x0000bfe5) c.j     pc - 8
core   0: 3 0x8000f438 (0xbfe5)
core   0: 0x8000f430 (0x00002f17) auipc   t5, 0x2
core   0: 3 0x8000f430 (0x00002f17) x30 0x80011430
core   0: 0x8000f434 (0xbc3f2823) sw      gp, -1072(t5)
core   0: 3 0x8000f434 (0xbc3f2823) mem 0x80011000 0x00000001
core   0: 0x8000f438 (0x0000bfe5) c.j     pc - 8
core   0: 3 0x8000f438 (0xbfe5)
core   0: 0x8000f430 (0x00002f17) auipc   t5, 0x2
core   0: 3 0x8000f430 (0x00002f17) x30 0x80011430
core   0: 0x8000f434 (0xbc3f2823) sw      gp, -1072(t5)
core   0: 3 0x8000f434 (0xbc3f2823) mem 0x80011000 0x00000001
core   0: 0x8000f438 (0x0000bfe5) c.j     pc - 8
core   0: 3 0x8000f438 (0xbfe5)
core   0: 0x8000f430 (0x00002f17) auipc   t5, 0x2
core   0: 3 0x8000f430 (0x00002f17) x30 0x80011430
core   0: 0x8000f434 (0xbc3f2823) sw      gp, -1072(t5)
core   0: 3 0x8000f434 (0xbc3f2823) mem 0x80011000 0x00000001
core   0: 0x8000f438 (0x0000bfe5) c.j     pc - 8
core   0: 3 0x8000f438 (0xbfe5)
core   0: 0x8000f430 (0x00002f17) auipc   t5, 0x2
core   0: 3 0x8000f430 (0x00002f17) x30 0x80011430
core   0: 0x8000f434 (0xbc3f2823) sw      gp, -1072(t5)
core   0: 3 0x8000f434 (0xbc3f2823) mem 0x80011000 0x00000001
core   0: 0x8000f438 (0x0000bfe5) c.j     pc - 8
core   0: 3 0x8000f438 (0xbfe5)
core   0: 0x8000f430 (0x00002f17) auipc   t5, 0x2
core   0: 3 0x8000f430 (0x00002f17) x30 0x80011430
core   0: 0x8000f434 (0xbc3f2823) sw      gp, -1072(t5)
core   0: 3 0x8000f434 (0xbc3f2823) mem 0x80011000 0x00000001
core   0: 0x8000f438 (0x0000bfe5) c.j     pc - 8
core   0: 3 0x8000f438 (0xbfe5)
core   0: 0x8000f430 (0x00002f17) auipc   t5, 0x2
core   0: 3 0x8000f430 (0x00002f17) x30 0x80011430
core   0: 0x8000f434 (0xbc3f2823) sw      gp, -1072(t5)
core   0: 3 0x8000f434 (0xbc3f2823) mem 0x80011000 0x00000001
core   0: 0x8000f438 (0x0000bfe5) c.j     pc - 8
core   0: 3 0x8000f438 (0xbfe5)
core   0: 0x8000f430 (0x00002f17) auipc   t5, 0x2
core   0: 3 0x8000f430 (0x00002f17) x30 0x80011430
core   0: 0x8000f434 (0xbc3f2823) sw      gp, -1072(t5)
core   0: 3 0x8000f434 (0xbc3f2823) mem 0x80011000 0x00000001
core   0: 0x8000f438 (0x0000bfe5) c.j     pc - 8
core   0: 3 0x8000f438 (0xbfe5)
core   0: 0x8000f430 (0x00002f17) auipc   t5, 0x2
core   0: 3 0x8000f430 (0x00002f17) x30 0x80011430
core   0: 0x8000f434 (0xbc3f2823) sw      gp, -1072(t5)
core   0: 3 0x8000f434 (0xbc3f2823) mem 0x80011000 0x00000001
core   0: 0x8000f438 (0x0000bfe5) c.j     pc - 8
core   0: 3 0x8000f438 (0xbfe5)
core   0: 0x8000f430 (0x00002f17) auipc   t5, 0x2
core   0: 3 0x8000f430 (0x00002f17) x30 0x80011430
core   0: 0x8000f434 (0xbc3f2823) sw      gp, -1072(t5)
core   0: 3 0x8000f434 (0xbc3f2823) mem 0x80011000 0x00000001
core   0: 0x8000f438 (0x0000bfe5) c.j     pc - 8
core   0: 3 0x8000f438 (0xbfe5)
core   0: 0x8000f430 (0x00002f17) auipc   t5, 0x2
core   0: 3 0x8000f430 (0x00002f17) x30 0x80011430
core   0: 0x8000f434 (0xbc3f2823) sw      gp, -1072(t5)
core   0: 3 0x8000f434 (0xbc3f2823) mem 0x80011000 0x00000001
core   0: 0x8000f438 (0x0000bfe5) c.j     pc - 8
core   0: 3 0x8000f438 (0xbfe5)
core   0: 0x8000f430 (0x00002f17) auipc   t5, 0x2
core   0: 3 0x8000f430 (0x00002f17) x30 0x80011430
core   0: 0x8000f434 (0xbc3f2823) sw      gp, -1072(t5)
core   0: 3 0x8000f434 (0xbc3f2823) mem 0x80011000 0x00000001
core   0: 0x8000f438 (0x0000bfe5) c.j     pc - 8
core   0: 3 0x8000f438 (0xbfe5)
core   0: 0x8000f430 (0x00002f17) auipc   t5, 0x2
core   0: 3 0x8000f430 (0x00002f17) x30 0x80011430
core   0: 0x8000f434 (0xbc3f2823) sw      gp, -1072(t5)
core   0: 3 0x8000f434 (0xbc3f2823) mem 0x80011000 0x00000001
core   0: 0x8000f438 (0x0000bfe5) c.j     pc - 8
core   0: 3 0x8000f438 (0xbfe5)
core   0: 0x8000f430 (0x00002f17) auipc   t5, 0x2
core   0: 3 0x8000f430 (0x00002f17) x30 0x80011430
core   0: 0x8000f434 (0xbc3f2823) sw      gp, -1072(t5)
core   0: 3 0x8000f434 (0xbc3f2823) mem 0x80011000 0x00000001
core   0: 0x8000f438 (0x0000bfe5) c.j     pc - 8
core   0: 3 0x8000f438 (0xbfe5)
core   0: 0x8000f430 (0x00002f17) auipc   t5, 0x2
core   0: 3 0x8000f430 (0x00002f17) x30 0x80011430
core   0: 0x8000f434 (0xbc3f2823) sw      gp, -1072(t5)
core   0: 3 0x8000f434 (0xbc3f2823) mem 0x80011000 0x00000001
core   0: 0x8000f438 (0x0000bfe5) c.j     pc - 8
core   0: 3 0x8000f438 (0xbfe5)
core   0: 0x8000f430 (0x00002f17) auipc   t5, 0x2
core   0: 3 0x8000f430 (0x00002f17) x30 0x80011430
core   0: 0x8000f434 (0xbc3f2823) sw      gp, -1072(t5)
core   0: 3 0x8000f434 (0xbc3f2823) mem 0x80011000 0x00000001
core   0: 0x8000f438 (0x0000bfe5) c.j     pc - 8
core   0: 3 0x8000f438 (0xbfe5)
core   0: 0x8000f430 (0x00002f17) auipc   t5, 0x2
core   0: 3 0x8000f430 (0x00002f17) x30 0x80011430
core   0: 0x8000f434 (0xbc3f2823) sw      gp, -1072(t5)
core   0: 3 0x8000f434 (0xbc3f2823) mem 0x80011000 0x00000001
core   0: 0x8000f438 (0x0000bfe5) c.j     pc - 8
core   0: 3 0x8000f438 (0xbfe5)
core   0: 0x8000f430 (0x00002f17) auipc   t5, 0x2
core   0: 3 0x8000f430 (0x00002f17) x30 0x80011430
core   0: 0x8000f434 (0xbc3f2823) sw      gp, -1072(t5)
core   0: 3 0x8000f434 (0xbc3f2823) mem 0x80011000 0x00000001
core   0: 0x8000f438 (0x0000bfe5) c.j     pc - 8
core   0: 3 0x8000f438 (0xbfe5)
core   0: 0x8000f430 (0x00002f17) auipc   t5, 0x2
core   0: 3 0x8000f430 (0x00002f17) x30 0x80011430
core   0: 0x8000f434 (0xbc3f2823) sw      gp, -1072(t5)
core   0: 3 0x8000f434 (0xbc3f2823) mem 0x80011000 0x00000001
core   0: 0x8000f438 (0x0000bfe5) c.j     pc - 8
core   0: 3 0x8000f438 (0xbfe5)
core   0: 0x8000f430 (0x00002f17) auipc   t5, 0x2
core   0: 3 0x8000f430 (0x00002f17) x30 0x80011430
core   0: 0x8000f434 (0xbc3f2823) sw      gp, -1072(t5)
core   0: 3 0x8000f434 (0xbc3f2823) mem 0x80011000 0x00000001
core   0: 0x8000f438 (0x0000bfe5) c.j     pc - 8
core   0: 3 0x8000f438 (0xbfe5)
core   0: 0x8000f430 (0x00002f17) auipc   t5, 0x2
core   0: 3 0x8000f430 (0x00002f17) x30 0x80011430
core   0: 0x8000f434 (0xbc3f2823) sw      gp, -1072(t5)
core   0: 3 0x8000f434 (0xbc3f2823) mem 0x80011000 0x00000001
core   0: 0x8000f438 (0x0000bfe5) c.j     pc - 8
core   0: 3 0x8000f438 (0xbfe5)
core   0: 0x8000f430 (0x00002f17) auipc   t5, 0x2
core   0: 3 0x8000f430 (0x00002f17) x30 0x80011430
core   0: 0x8000f434 (0xbc3f2823) sw      gp, -1072(t5)
core   0: 3 0x8000f434 (0xbc3f2823) mem 0x80011000 0x00000001
core   0: 0x8000f438 (0x0000bfe5) c.j     pc - 8
core   0: 3 0x8000f438 (0xbfe5)
core   0: 0x8000f430 (0x00002f17) auipc   t5, 0x2
core   0: 3 0x8000f430 (0x00002f17) x30 0x80011430
core   0: 0x8000f434 (0xbc3f2823) sw      gp, -1072(t5)
core   0: 3 0x8000f434 (0xbc3f2823) mem 0x80011000 0x00000001
core   0: 0x8000f438 (0x0000bfe5) c.j     pc - 8
core   0: 3 0x8000f438 (0xbfe5)
core   0: 0x8000f430 (0x00002f17) auipc   t5, 0x2
core   0: 3 0x8000f430 (0x00002f17) x30 0x80011430
core   0: 0x8000f434 (0xbc3f2823) sw      gp, -1072(t5)
core   0: 3 0x8000f434 (0xbc3f2823) mem 0x80011000 0x00000001
core   0: 0x8000f438 (0x0000bfe5) c.j     pc - 8
core   0: 3 0x8000f438 (0xbfe5)
core   0: 0x8000f430 (0x00002f17) auipc   t5, 0x2
core   0: 3 0x8000f430 (0x00002f17) x30 0x80011430
core   0: 0x8000f434 (0xbc3f2823) sw      gp, -1072(t5)
core   0: 3 0x8000f434 (0xbc3f2823) mem 0x80011000 0x00000001
core   0: 0x8000f438 (0x0000bfe5) c.j     pc - 8
core   0: 3 0x8000f438 (0xbfe5)
core   0: 0x8000f430 (0x00002f17) auipc   t5, 0x2
core   0: 3 0x8000f430 (0x00002f17) x30 0x80011430
core   0: 0x8000f434 (0xbc3f2823) sw      gp, -1072(t5)
core   0: 3 0x8000f434 (0xbc3f2823) mem 0x80011000 0x00000001
core   0: 0x8000f438 (0x0000bfe5) c.j     pc - 8
core   0: 3 0x8000f438 (0xbfe5)
core   0: 0x8000f430 (0x00002f17) auipc   t5, 0x2
core   0: 3 0x8000f430 (0x00002f17) x30 0x80011430
core   0: 0x8000f434 (0xbc3f2823) sw      gp, -1072(t5)
core   0: 3 0x8000f434 (0xbc3f2823) mem 0x80011000 0x00000001
core   0: 0x8000f438 (0x0000bfe5) c.j     pc - 8
core   0: 3 0x8000f438 (0xbfe5)
core   0: 0x8000f430 (0x00002f17) auipc   t5, 0x2
core   0: 3 0x8000f430 (0x00002f17) x30 0x80011430
core   0: 0x8000f434 (0xbc3f2823) sw      gp, -1072(t5)
core   0: 3 0x8000f434 (0xbc3f2823) mem 0x80011000 0x00000001
core   0: 0x8000f438 (0x0000bfe5) c.j     pc - 8
core   0: 3 0x8000f438 (0xbfe5)
core   0: 0x8000f430 (0x00002f17) auipc   t5, 0x2
core   0: 3 0x8000f430 (0x00002f17) x30 0x80011430
core   0: 0x8000f434 (0xbc3f2823) sw      gp, -1072(t5)
core   0: 3 0x8000f434 (0xbc3f2823) mem 0x80011000 0x00000001
core   0: 0x8000f438 (0x0000bfe5) c.j     pc - 8
core   0: 3 0x8000f438 (0xbfe5)
core   0: 0x8000f430 (0x00002f17) auipc   t5, 0x2
core   0: 3 0x8000f430 (0x00002f17) x30 0x80011430
core   0: 0x8000f434 (0xbc3f2823) sw      gp, -1072(t5)
core   0: 3 0x8000f434 (0xbc3f2823) mem 0x80011000 0x00000001
core   0: 0x8000f438 (0x0000bfe5) c.j     pc - 8
core   0: 3 0x8000f438 (0xbfe5)
core   0: 0x8000f430 (0x00002f17) auipc   t5, 0x2
core   0: 3 0x8000f430 (0x00002f17) x30 0x80011430
core   0: 0x8000f434 (0xbc3f2823) sw      gp, -1072(t5)
core   0: 3 0x8000f434 (0xbc3f2823) mem 0x80011000 0x00000001
core   0: 0x8000f438 (0x0000bfe5) c.j     pc - 8
core   0: 3 0x8000f438 (0xbfe5)
core   0: 0x8000f430 (0x00002f17) auipc   t5, 0x2
core   0: 3 0x8000f430 (0x00002f17) x30 0x80011430
core   0: 0x8000f434 (0xbc3f2823) sw      gp, -1072(t5)
core   0: 3 0x8000f434 (0xbc3f2823) mem 0x80011000 0x00000001
core   0: 0x8000f438 (0x0000bfe5) c.j     pc - 8
core   0: 3 0x8000f438 (0xbfe5)
core   0: 0x8000f430 (0x00002f17) auipc   t5, 0x2
core   0: 3 0x8000f430 (0x00002f17) x30 0x80011430
core   0: 0x8000f434 (0xbc3f2823) sw      gp, -1072(t5)
core   0: 3 0x8000f434 (0xbc3f2823) mem 0x80011000 0x00000001
core   0: 0x8000f438 (0x0000bfe5) c.j     pc - 8
core   0: 3 0x8000f438 (0xbfe5)
core   0: 0x8000f430 (0x00002f17) auipc   t5, 0x2
core   0: 3 0x8000f430 (0x00002f17) x30 0x80011430
core   0: 0x8000f434 (0xbc3f2823) sw      gp, -1072(t5)
core   0: 3 0x8000f434 (0xbc3f2823) mem 0x80011000 0x00000001
core   0: 0x8000f438 (0x0000bfe5) c.j     pc - 8
core   0: 3 0x8000f438 (0xbfe5)
core   0: 0x8000f430 (0x00002f17) auipc   t5, 0x2
core   0: 3 0x8000f430 (0x00002f17) x30 0x80011430
core   0: 0x8000f434 (0xbc3f2823) sw      gp, -1072(t5)
core   0: 3 0x8000f434 (0xbc3f2823) mem 0x80011000 0x00000001
core   0: 0x8000f438 (0x0000bfe5) c.j     pc - 8
core   0: 3 0x8000f438 (0xbfe5)
core   0: 0x8000f430 (0x00002f17) auipc   t5, 0x2
core   0: 3 0x8000f430 (0x00002f17) x30 0x80011430
core   0: 0x8000f434 (0xbc3f2823) sw      gp, -1072(t5)
core   0: 3 0x8000f434 (0xbc3f2823) mem 0x80011000 0x00000001
core   0: 0x8000f438 (0x0000bfe5) c.j     pc - 8
core   0: 3 0x8000f438 (0xbfe5)
core   0: 0x8000f430 (0x00002f17) auipc   t5, 0x2
core   0: 3 0x8000f430 (0x00002f17) x30 0x80011430
core   0: 0x8000f434 (0xbc3f2823) sw      gp, -1072(t5)
core   0: 3 0x8000f434 (0xbc3f2823) mem 0x80011000 0x00000001
core   0: 0x8000f438 (0x0000bfe5) c.j     pc - 8
core   0: 3 0x8000f438 (0xbfe5)
core   0: 0x8000f430 (0x00002f17) auipc   t5, 0x2
core   0: 3 0x8000f430 (0x00002f17) x30 0x80011430
core   0: 0x8000f434 (0xbc3f2823) sw      gp, -1072(t5)
core   0: 3 0x8000f434 (0xbc3f2823) mem 0x80011000 0x00000001
core   0: 0x8000f438 (0x0000bfe5) c.j     pc - 8
core   0: 3 0x8000f438 (0xbfe5)
core   0: 0x8000f430 (0x00002f17) auipc   t5, 0x2
core   0: 3 0x8000f430 (0x00002f17) x30 0x80011430
core   0: 0x8000f434 (0xbc3f2823) sw      gp, -1072(t5)
core   0: 3 0x8000f434 (0xbc3f2823) mem 0x80011000 0x00000001
core   0: 0x8000f438 (0x0000bfe5) c.j     pc - 8
core   0: 3 0x8000f438 (0xbfe5)
core   0: 0x8000f430 (0x00002f17) auipc   t5, 0x2
core   0: 3 0x8000f430 (0x00002f17) x30 0x80011430
core   0: 0x8000f434 (0xbc3f2823) sw      gp, -1072(t5)
core   0: 3 0x8000f434 (0xbc3f2823) mem 0x80011000 0x00000001
core   0: 0x8000f438 (0x0000bfe5) c.j     pc - 8
core   0: 3 0x8000f438 (0xbfe5)
core   0: 0x8000f430 (0x00002f17) auipc   t5, 0x2
core   0: 3 0x8000f430 (0x00002f17) x30 0x80011430
core   0: 0x8000f434 (0xbc3f2823) sw      gp, -1072(t5)
core   0: 3 0x8000f434 (0xbc3f2823) mem 0x80011000 0x00000001
core   0: 0x8000f438 (0x0000bfe5) c.j     pc - 8
core   0: 3 0x8000f438 (0xbfe5)
core   0: 0x8000f430 (0x00002f17) auipc   t5, 0x2
core   0: 3 0x8000f430 (0x00002f17) x30 0x80011430
core   0: 0x8000f434 (0xbc3f2823) sw      gp, -1072(t5)
core   0: 3 0x8000f434 (0xbc3f2823) mem 0x80011000 0x00000001
core   0: 0x8000f438 (0x0000bfe5) c.j     pc - 8
core   0: 3 0x8000f438 (0xbfe5)
core   0: 0x8000f430 (0x00002f17) auipc   t5, 0x2
core   0: 3 0x8000f430 (0x00002f17) x30 0x80011430
core   0: 0x8000f434 (0xbc3f2823) sw      gp, -1072(t5)
core   0: 3 0x8000f434 (0xbc3f2823) mem 0x80011000 0x00000001
core   0: 0x8000f438 (0x0000bfe5) c.j     pc - 8
core   0: 3 0x8000f438 (0xbfe5)
core   0: 0x8000f430 (0x00002f17) auipc   t5, 0x2
core   0: 3 0x8000f430 (0x00002f17) x30 0x80011430
core   0: 0x8000f434 (0xbc3f2823) sw      gp, -1072(t5)
core   0: 3 0x8000f434 (0xbc3f2823) mem 0x80011000 0x00000001
core   0: 0x8000f438 (0x0000bfe5) c.j     pc - 8
core   0: 3 0x8000f438 (0xbfe5)
core   0: 0x8000f430 (0x00002f17) auipc   t5, 0x2
core   0: 3 0x8000f430 (0x00002f17) x30 0x80011430
core   0: 0x8000f434 (0xbc3f2823) sw      gp, -1072(t5)
core   0: 3 0x8000f434 (0xbc3f2823) mem 0x80011000 0x00000001
core   0: 0x8000f438 (0x0000bfe5) c.j     pc - 8
core   0: 3 0x8000f438 (0xbfe5)
core   0: 0x8000f430 (0x00002f17) auipc   t5, 0x2
core   0: 3 0x8000f430 (0x00002f17) x30 0x80011430
core   0: 0x8000f434 (0xbc3f2823) sw      gp, -1072(t5)
core   0: 3 0x8000f434 (0xbc3f2823) mem 0x80011000 0x00000001
core   0: 0x8000f438 (0x0000bfe5) c.j     pc - 8
core   0: 3 0x8000f438 (0xbfe5)
core   0: 0x8000f430 (0x00002f17) auipc   t5, 0x2
core   0: 3 0x8000f430 (0x00002f17) x30 0x80011430
core   0: 0x8000f434 (0xbc3f2823) sw      gp, -1072(t5)
core   0: 3 0x8000f434 (0xbc3f2823) mem 0x80011000 0x00000001
core   0: 0x8000f438 (0x0000bfe5) c.j     pc - 8
core   0: 3 0x8000f438 (0xbfe5)
core   0: 0x8000f430 (0x00002f17) auipc   t5, 0x2
core   0: 3 0x8000f430 (0x00002f17) x30 0x80011430
core   0: 0x8000f434 (0xbc3f2823) sw      gp, -1072(t5)
core   0: 3 0x8000f434 (0xbc3f2823) mem 0x80011000 0x00000001
core   0: 0x8000f438 (0x0000bfe5) c.j     pc - 8
core   0: 3 0x8000f438 (0xbfe5)
core   0: 0x8000f430 (0x00002f17) auipc   t5, 0x2
core   0: 3 0x8000f430 (0x00002f17) x30 0x80011430
core   0: 0x8000f434 (0xbc3f2823) sw      gp, -1072(t5)
core   0: 3 0x8000f434 (0xbc3f2823) mem 0x80011000 0x00000001
core   0: 0x8000f438 (0x0000bfe5) c.j     pc - 8
core   0: 3 0x8000f438 (0xbfe5)
core   0: 0x8000f430 (0x00002f17) auipc   t5, 0x2
core   0: 3 0x8000f430 (0x00002f17) x30 0x80011430
core   0: 0x8000f434 (0xbc3f2823) sw      gp, -1072(t5)
core   0: 3 0x8000f434 (0xbc3f2823) mem 0x80011000 0x00000001
core   0: 0x8000f438 (0x0000bfe5) c.j     pc - 8
core   0: 3 0x8000f438 (0xbfe5)
core   0: 0x8000f430 (0x00002f17) auipc   t5, 0x2
core   0: 3 0x8000f430 (0x00002f17) x30 0x80011430
core   0: 0x8000f434 (0xbc3f2823) sw      gp, -1072(t5)
core   0: 3 0x8000f434 (0xbc3f2823) mem 0x80011000 0x00000001
core   0: 0x8000f438 (0x0000bfe5) c.j     pc - 8
core   0: 3 0x8000f438 (0xbfe5)
core   0: 0x8000f430 (0x00002f17) auipc   t5, 0x2
core   0: 3 0x8000f430 (0x00002f17) x30 0x80011430
core   0: 0x8000f434 (0xbc3f2823) sw      gp, -1072(t5)
core   0: 3 0x8000f434 (0xbc3f2823) mem 0x80011000 0x00000001
core   0: 0x8000f438 (0x0000bfe5) c.j     pc - 8
core   0: 3 0x8000f438 (0xbfe5)
core   0: 0x8000f430 (0x00002f17) auipc   t5, 0x2
core   0: 3 0x8000f430 (0x00002f17) x30 0x80011430
core   0: 0x8000f434 (0xbc3f2823) sw      gp, -1072(t5)
core   0: 3 0x8000f434 (0xbc3f2823) mem 0x80011000 0x00000001
core   0: 0x8000f438 (0x0000bfe5) c.j     pc - 8
core   0: 3 0x8000f438 (0xbfe5)
core   0: 0x8000f430 (0x00002f17) auipc   t5, 0x2
core   0: 3 0x8000f430 (0x00002f17) x30 0x80011430
core   0: 0x8000f434 (0xbc3f2823) sw      gp, -1072(t5)
core   0: 3 0x8000f434 (0xbc3f2823) mem 0x80011000 0x00000001
core   0: 0x8000f438 (0x0000bfe5) c.j     pc - 8
core   0: 3 0x8000f438 (0xbfe5)
core   0: 0x8000f430 (0x00002f17) auipc   t5, 0x2
core   0: 3 0x8000f430 (0x00002f17) x30 0x80011430
core   0: 0x8000f434 (0xbc3f2823) sw      gp, -1072(t5)
core   0: 3 0x8000f434 (0xbc3f2823) mem 0x80011000 0x00000001
core   0: 0x8000f438 (0x0000bfe5) c.j     pc - 8
core   0: 3 0x8000f438 (0xbfe5)
core   0: 0x8000f430 (0x00002f17) auipc   t5, 0x2
core   0: 3 0x8000f430 (0x00002f17) x30 0x80011430
core   0: 0x8000f434 (0xbc3f2823) sw      gp, -1072(t5)
core   0: 3 0x8000f434 (0xbc3f2823) mem 0x80011000 0x00000001
core   0: 0x8000f438 (0x0000bfe5) c.j     pc - 8
core   0: 3 0x8000f438 (0xbfe5)
core   0: 0x8000f430 (0x00002f17) auipc   t5, 0x2
core   0: 3 0x8000f430 (0x00002f17) x30 0x80011430
core   0: 0x8000f434 (0xbc3f2823) sw      gp, -1072(t5)
core   0: 3 0x8000f434 (0xbc3f2823) mem 0x80011000 0x00000001
core   0: 0x8000f438 (0x0000bfe5) c.j     pc - 8
core   0: 3 0x8000f438 (0xbfe5)
core   0: 0x8000f430 (0x00002f17) auipc   t5, 0x2
core   0: 3 0x8000f430 (0x00002f17) x30 0x80011430
core   0: 0x8000f434 (0xbc3f2823) sw      gp, -1072(t5)
core   0: 3 0x8000f434 (0xbc3f2823) mem 0x80011000 0x00000001
core   0: 0x8000f438 (0x0000bfe5) c.j     pc - 8
core   0: 3 0x8000f438 (0xbfe5)
core   0: 0x8000f430 (0x00002f17) auipc   t5, 0x2
core   0: 3 0x8000f430 (0x00002f17) x30 0x80011430
core   0: 0x8000f434 (0xbc3f2823) sw      gp, -1072(t5)
core   0: 3 0x8000f434 (0xbc3f2823) mem 0x80011000 0x00000001
core   0: 0x8000f438 (0x0000bfe5) c.j     pc - 8
core   0: 3 0x8000f438 (0xbfe5)
core   0: 0x8000f430 (0x00002f17) auipc   t5, 0x2
core   0: 3 0x8000f430 (0x00002f17) x30 0x80011430
core   0: 0x8000f434 (0xbc3f2823) sw      gp, -1072(t5)
core   0: 3 0x8000f434 (0xbc3f2823) mem 0x80011000 0x00000001
core   0: 0x8000f438 (0x0000bfe5) c.j     pc - 8
core   0: 3 0x8000f438 (0xbfe5)
core   0: 0x8000f430 (0x00002f17) auipc   t5, 0x2
core   0: 3 0x8000f430 (0x00002f17) x30 0x80011430
core   0: 0x8000f434 (0xbc3f2823) sw      gp, -1072(t5)
core   0: 3 0x8000f434 (0xbc3f2823) mem 0x80011000 0x00000001
core   0: 0x8000f438 (0x0000bfe5) c.j     pc - 8
core   0: 3 0x8000f438 (0xbfe5)
core   0: 0x8000f430 (0x00002f17) auipc   t5, 0x2
core   0: 3 0x8000f430 (0x00002f17) x30 0x80011430
core   0: 0x8000f434 (0xbc3f2823) sw      gp, -1072(t5)
core   0: 3 0x8000f434 (0xbc3f2823) mem 0x80011000 0x00000001
core   0: 0x8000f438 (0x0000bfe5) c.j     pc - 8
core   0: 3 0x8000f438 (0xbfe5)
core   0: 0x8000f430 (0x00002f17) auipc   t5, 0x2
core   0: 3 0x8000f430 (0x00002f17) x30 0x80011430
core   0: 0x8000f434 (0xbc3f2823) sw      gp, -1072(t5)
core   0: 3 0x8000f434 (0xbc3f2823) mem 0x80011000 0x00000001
core   0: 0x8000f438 (0x0000bfe5) c.j     pc - 8
core   0: 3 0x8000f438 (0xbfe5)
core   0: 0x8000f430 (0x00002f17) auipc   t5, 0x2
core   0: 3 0x8000f430 (0x00002f17) x30 0x80011430
core   0: 0x8000f434 (0xbc3f2823) sw      gp, -1072(t5)
core   0: 3 0x8000f434 (0xbc3f2823) mem 0x80011000 0x00000001
core   0: 0x8000f438 (0x0000bfe5) c.j     pc - 8
core   0: 3 0x8000f438 (0xbfe5)
core   0: 0x8000f430 (0x00002f17) auipc   t5, 0x2
core   0: 3 0x8000f430 (0x00002f17) x30 0x80011430
core   0: 0x8000f434 (0xbc3f2823) sw      gp, -1072(t5)
core   0: 3 0x8000f434 (0xbc3f2823) mem 0x80011000 0x00000001
core   0: 0x8000f438 (0x0000bfe5) c.j     pc - 8
core   0: 3 0x8000f438 (0xbfe5)
core   0: 0x8000f430 (0x00002f17) auipc   t5, 0x2
core   0: 3 0x8000f430 (0x00002f17) x30 0x80011430
core   0: 0x8000f434 (0xbc3f2823) sw      gp, -1072(t5)
core   0: 3 0x8000f434 (0xbc3f2823) mem 0x80011000 0x00000001
